Makefile:14: must set CVA6_REPO_DIR to point at the root of CVA6 sources and CVA6_TB_DIR to point here -- doing it for you...
LD_LIBRARY_PATH="$(realpath ../../tools/spike/lib):$LD_LIBRARY_PATH" \
	/home/server/RISCV/cva6/tools/spike/bin/spike --steps=2000000  --log-commits --isa=rv64gc_zba_zbb_zbs_zbc_zicsr_zifencei --priv=msu -l /home/server/RISCV/cva6/verif/sim/out/seed_1215/directed_asm_tests/new_seeds_1215_.o
[SPIKE] Max simulation steps: 2000000
[SPIKE] Proc 0 | ISA: rv64gc_zba_zbb_zbs_zbc_zicsr_zifencei PRIV: msu
[SPIKE] Initializing memories...
core   0: 0x0000000000010000 (0x00100413) li      s0, 1
core   0: 3 0x0000000000010000 (0x00100413) x8  0x0000000000000001
core   0: 0x0000000000010004 (0x01f41413) slli    s0, s0, 31
core   0: 3 0x0000000000010004 (0x01f41413) x8  0x0000000080000000
core   0: 0x0000000000010008 (0xf1402573) csrrs   a0, mhartid, zero
core   0: 3 0x0000000000010008 (0xf1402573) x10 0x0000000000000000
core   0: 0x000000000001000c (0x00000597) auipc   a1, 0x0
core   0: 3 0x000000000001000c (0x00000597) x11 0x000000000001000c
core   0: 0x0000000000010010 (0x07458593) addi    a1, a1, 116
core   0: 3 0x0000000000010010 (0x07458593) x11 0x0000000000010080
core   0: 0x0000000000010014 (0x00040067) jr      s0
core   0: 3 0x0000000000010014 (0x00040067)
core   0: >>>>  _start
core   0: 0x0000000080000000 (0x00004081) c.li    ra, 0
core   0: 3 0x0000000080000000 (0x4081) x1  0x0000000000000000
core   0: 0x0000000080000002 (0x00004101) c.li    sp, 0
core   0: 3 0x0000000080000002 (0x4101) x2  0x0000000000000000
core   0: 0x0000000080000004 (0x00004181) c.li    gp, 0
core   0: 3 0x0000000080000004 (0x4181) x3  0x0000000000000000
core   0: 0x0000000080000006 (0x00004201) c.li    tp, 0
core   0: 3 0x0000000080000006 (0x4201) x4  0x0000000000000000
core   0: 0x0000000080000008 (0x00004281) c.li    t0, 0
core   0: 3 0x0000000080000008 (0x4281) x5  0x0000000000000000
core   0: 0x000000008000000a (0x00004301) c.li    t1, 0
core   0: 3 0x000000008000000a (0x4301) x6  0x0000000000000000
core   0: 0x000000008000000c (0x00004381) c.li    t2, 0
core   0: 3 0x000000008000000c (0x4381) x7  0x0000000000000000
core   0: 0x000000008000000e (0x00004401) c.li    s0, 0
core   0: 3 0x000000008000000e (0x4401) x8  0x0000000000000000
core   0: 0x0000000080000010 (0x00004481) c.li    s1, 0
core   0: 3 0x0000000080000010 (0x4481) x9  0x0000000000000000
core   0: 0x0000000080000012 (0x00004501) c.li    a0, 0
core   0: 3 0x0000000080000012 (0x4501) x10 0x0000000000000000
core   0: 0x0000000080000014 (0x00004581) c.li    a1, 0
core   0: 3 0x0000000080000014 (0x4581) x11 0x0000000000000000
core   0: 0x0000000080000016 (0x00004601) c.li    a2, 0
core   0: 3 0x0000000080000016 (0x4601) x12 0x0000000000000000
core   0: 0x0000000080000018 (0x00004681) c.li    a3, 0
core   0: 3 0x0000000080000018 (0x4681) x13 0x0000000000000000
core   0: 0x000000008000001a (0x00004701) c.li    a4, 0
core   0: 3 0x000000008000001a (0x4701) x14 0x0000000000000000
core   0: 0x000000008000001c (0x00004781) c.li    a5, 0
core   0: 3 0x000000008000001c (0x4781) x15 0x0000000000000000
core   0: 0x000000008000001e (0x00004801) c.li    a6, 0
core   0: 3 0x000000008000001e (0x4801) x16 0x0000000000000000
core   0: 0x0000000080000020 (0x00004881) c.li    a7, 0
core   0: 3 0x0000000080000020 (0x4881) x17 0x0000000000000000
core   0: 0x0000000080000022 (0x00004901) c.li    s2, 0
core   0: 3 0x0000000080000022 (0x4901) x18 0x0000000000000000
core   0: 0x0000000080000024 (0x00004981) c.li    s3, 0
core   0: 3 0x0000000080000024 (0x4981) x19 0x0000000000000000
core   0: 0x0000000080000026 (0x00004a01) c.li    s4, 0
core   0: 3 0x0000000080000026 (0x4a01) x20 0x0000000000000000
core   0: 0x0000000080000028 (0x00004a81) c.li    s5, 0
core   0: 3 0x0000000080000028 (0x4a81) x21 0x0000000000000000
core   0: 0x000000008000002a (0x00004b01) c.li    s6, 0
core   0: 3 0x000000008000002a (0x4b01) x22 0x0000000000000000
core   0: 0x000000008000002c (0x00004b81) c.li    s7, 0
core   0: 3 0x000000008000002c (0x4b81) x23 0x0000000000000000
core   0: 0x000000008000002e (0x00004c01) c.li    s8, 0
core   0: 3 0x000000008000002e (0x4c01) x24 0x0000000000000000
core   0: 0x0000000080000030 (0x00004c81) c.li    s9, 0
core   0: 3 0x0000000080000030 (0x4c81) x25 0x0000000000000000
core   0: 0x0000000080000032 (0x00004d01) c.li    s10, 0
core   0: 3 0x0000000080000032 (0x4d01) x26 0x0000000000000000
core   0: 0x0000000080000034 (0x00004d81) c.li    s11, 0
core   0: 3 0x0000000080000034 (0x4d81) x27 0x0000000000000000
core   0: 0x0000000080000036 (0x00004e01) c.li    t3, 0
core   0: 3 0x0000000080000036 (0x4e01) x28 0x0000000000000000
core   0: 0x0000000080000038 (0x00004e81) c.li    t4, 0
core   0: 3 0x0000000080000038 (0x4e81) x29 0x0000000000000000
core   0: 0x000000008000003a (0x00004f01) c.li    t5, 0
core   0: 3 0x000000008000003a (0x4f01) x30 0x0000000000000000
core   0: 0x000000008000003c (0x00004f81) c.li    t6, 0
core   0: 3 0x000000008000003c (0x4f81) x31 0x0000000000000000
core   0: 0x000000008000003e (0x000062f9) c.lui   t0, 0x1e
core   0: 3 0x000000008000003e (0x62f9) x5  0x000000000001e000
core   0: 0x0000000080000040 (0x3002a073) csrrs   zero, mstatus, t0
core   0: 3 0x0000000080000040 (0x3002a073) c768_mstatus 0x8000000a00006000
core   0: 0x0000000080000044 (0x00004285) c.li    t0, 1
core   0: 3 0x0000000080000044 (0x4285) x5  0x0000000000000001
core   0: 0x0000000080000046 (0x000002fe) c.slli  t0, 31
core   0: 3 0x0000000080000046 (0x02fe) x5  0x0000000080000000
core   0: 0x0000000080000048 (0x0002d863) bge     t0, zero, pc + 16
core   0: 3 0x0000000080000048 (0x0002d863)
core   0: 0x0000000080000058 (0x00000297) auipc   t0, 0x0
core   0: 3 0x0000000080000058 (0x00000297) x5  0x0000000080000058
core   0: 0x000000008000005c (0x09028293) addi    t0, t0, 144
core   0: 3 0x000000008000005c (0x09028293) x5  0x00000000800000e8
core   0: 0x0000000080000060 (0x30529073) csrrw   zero, mtvec, t0
core   0: 3 0x0000000080000060 (0x30529073) c773_mtvec 0x00000000800000e8
core   0: 0x0000000080000064 (0x00301073) csrrw   zero, fcsr, zero
core   0: 3 0x0000000080000064 (0x00301073) c1_fflags 0x0000000000000000 c2_frm 0x0000000000000000
core   0: 0x0000000080000068 (0xf0000053) fmv.w.x ft0, zero
core   0: 3 0x0000000080000068 (0xf0000053) f0  0xffffffff00000000
core   0: 0x000000008000006c (0xf00000d3) fmv.w.x ft1, zero
core   0: 3 0x000000008000006c (0xf00000d3) f1  0xffffffff00000000
core   0: 0x0000000080000070 (0xf0000153) fmv.w.x ft2, zero
core   0: 3 0x0000000080000070 (0xf0000153) f2  0xffffffff00000000
core   0: 0x0000000080000074 (0xf00001d3) fmv.w.x ft3, zero
core   0: 3 0x0000000080000074 (0xf00001d3) f3  0xffffffff00000000
core   0: 0x0000000080000078 (0xf0000253) fmv.w.x ft4, zero
core   0: 3 0x0000000080000078 (0xf0000253) f4  0xffffffff00000000
core   0: 0x000000008000007c (0xf00002d3) fmv.w.x ft5, zero
core   0: 3 0x000000008000007c (0xf00002d3) f5  0xffffffff00000000
core   0: 0x0000000080000080 (0xf0000353) fmv.w.x ft6, zero
core   0: 3 0x0000000080000080 (0xf0000353) f6  0xffffffff00000000
core   0: 0x0000000080000084 (0xf00003d3) fmv.w.x ft7, zero
core   0: 3 0x0000000080000084 (0xf00003d3) f7  0xffffffff00000000
core   0: 0x0000000080000088 (0xf0000453) fmv.w.x fs0, zero
core   0: 3 0x0000000080000088 (0xf0000453) f8  0xffffffff00000000
core   0: 0x000000008000008c (0xf00004d3) fmv.w.x fs1, zero
core   0: 3 0x000000008000008c (0xf00004d3) f9  0xffffffff00000000
core   0: 0x0000000080000090 (0xf0000553) fmv.w.x fa0, zero
core   0: 3 0x0000000080000090 (0xf0000553) f10 0xffffffff00000000
core   0: 0x0000000080000094 (0xf00005d3) fmv.w.x fa1, zero
core   0: 3 0x0000000080000094 (0xf00005d3) f11 0xffffffff00000000
core   0: 0x0000000080000098 (0xf0000653) fmv.w.x fa2, zero
core   0: 3 0x0000000080000098 (0xf0000653) f12 0xffffffff00000000
core   0: 0x000000008000009c (0xf00006d3) fmv.w.x fa3, zero
core   0: 3 0x000000008000009c (0xf00006d3) f13 0xffffffff00000000
core   0: 0x00000000800000a0 (0xf0000753) fmv.w.x fa4, zero
core   0: 3 0x00000000800000a0 (0xf0000753) f14 0xffffffff00000000
core   0: 0x00000000800000a4 (0xf00007d3) fmv.w.x fa5, zero
core   0: 3 0x00000000800000a4 (0xf00007d3) f15 0xffffffff00000000
core   0: 0x00000000800000a8 (0xf0000853) fmv.w.x fa6, zero
core   0: 3 0x00000000800000a8 (0xf0000853) f16 0xffffffff00000000
core   0: 0x00000000800000ac (0xf00008d3) fmv.w.x fa7, zero
core   0: 3 0x00000000800000ac (0xf00008d3) f17 0xffffffff00000000
core   0: 0x00000000800000b0 (0xf0000953) fmv.w.x fs2, zero
core   0: 3 0x00000000800000b0 (0xf0000953) f18 0xffffffff00000000
core   0: 0x00000000800000b4 (0xf00009d3) fmv.w.x fs3, zero
core   0: 3 0x00000000800000b4 (0xf00009d3) f19 0xffffffff00000000
core   0: 0x00000000800000b8 (0xf0000a53) fmv.w.x fs4, zero
core   0: 3 0x00000000800000b8 (0xf0000a53) f20 0xffffffff00000000
core   0: 0x00000000800000bc (0xf0000ad3) fmv.w.x fs5, zero
core   0: 3 0x00000000800000bc (0xf0000ad3) f21 0xffffffff00000000
core   0: 0x00000000800000c0 (0xf0000b53) fmv.w.x fs6, zero
core   0: 3 0x00000000800000c0 (0xf0000b53) f22 0xffffffff00000000
core   0: 0x00000000800000c4 (0xf0000bd3) fmv.w.x fs7, zero
core   0: 3 0x00000000800000c4 (0xf0000bd3) f23 0xffffffff00000000
core   0: 0x00000000800000c8 (0xf0000c53) fmv.w.x fs8, zero
core   0: 3 0x00000000800000c8 (0xf0000c53) f24 0xffffffff00000000
core   0: 0x00000000800000cc (0xf0000cd3) fmv.w.x fs9, zero
core   0: 3 0x00000000800000cc (0xf0000cd3) f25 0xffffffff00000000
core   0: 0x00000000800000d0 (0xf0000d53) fmv.w.x fs10, zero
core   0: 3 0x00000000800000d0 (0xf0000d53) f26 0xffffffff00000000
core   0: 0x00000000800000d4 (0xf0000dd3) fmv.w.x fs11, zero
core   0: 3 0x00000000800000d4 (0xf0000dd3) f27 0xffffffff00000000
core   0: 0x00000000800000d8 (0xf0000e53) fmv.w.x ft8, zero
core   0: 3 0x00000000800000d8 (0xf0000e53) f28 0xffffffff00000000
core   0: 0x00000000800000dc (0xf0000ed3) fmv.w.x ft9, zero
core   0: 3 0x00000000800000dc (0xf0000ed3) f29 0xffffffff00000000
core   0: 0x00000000800000e0 (0xf0000f53) fmv.w.x ft10, zero
core   0: 3 0x00000000800000e0 (0xf0000f53) f30 0xffffffff00000000
core   0: 0x00000000800000e4 (0xf0000fd3) fmv.w.x ft11, zero
core   0: 3 0x00000000800000e4 (0xf0000fd3) f31 0xffffffff00000000
core   0: 0x00000000800000e8 (0x00000297) auipc   t0, 0x0
core   0: 3 0x00000000800000e8 (0x00000297) x5  0x00000000800000e8
core   0: 0x00000000800000ec (0x03c28293) addi    t0, t0, 60
core   0: 3 0x00000000800000ec (0x03c28293) x5  0x0000000080000124
core   0: 0x00000000800000f0 (0x30529073) csrrw   zero, mtvec, t0
core   0: 3 0x00000000800000f0 (0x30529073) c773_mtvec 0x0000000080000124
core   0: 0x00000000800000f4 (0x00012197) auipc   gp, 0x12
core   0: 3 0x00000000800000f4 (0x00012197) x3  0x00000000800120f4
core   0: 0x00000000800000f8 (0x73418193) addi    gp, gp, 1844
core   0: 3 0x00000000800000f8 (0x73418193) x3  0x0000000080012828
core   0: 0x00000000800000fc (0x00012217) auipc   tp, 0x12
core   0: 3 0x00000000800000fc (0x00012217) x4  0x00000000800120fc
core   0: 0x0000000080000100 (0xf8320213) addi    tp, tp, -125
core   0: 3 0x0000000080000100 (0xf8320213) x4  0x000000008001207f
core   0: 0x0000000080000104 (0xfc027213) andi    tp, tp, -64
core   0: 3 0x0000000080000104 (0xfc027213) x4  0x0000000080012040
core   0: 0x0000000080000108 (0xf1402573) csrrs   a0, mhartid, zero
core   0: 3 0x0000000080000108 (0xf1402573) x10 0x0000000000000000
core   0: 0x000000008000010c (0x00004585) c.li    a1, 1
core   0: 3 0x000000008000010c (0x4585) x11 0x0000000000000001
core   0: 0x000000008000010e (0x00b57063) bgeu    a0, a1, pc + 0
core   0: 3 0x000000008000010e (0x00b57063)
core   0: 0x0000000080000112 (0x00150113) addi    sp, a0, 1
core   0: 3 0x0000000080000112 (0x00150113) x2  0x0000000000000001
core   0: 0x0000000080000116 (0x00000146) c.slli  sp, 17
core   0: 3 0x0000000080000116 (0x0146) x2  0x0000000000020000
core   0: 0x0000000080000118 (0x00009112) c.add   sp, tp
core   0: 3 0x0000000080000118 (0x9112) x2  0x0000000080032040
core   0: 0x000000008000011a (0x01151613) slli    a2, a0, 17
core   0: 3 0x000000008000011a (0x01151613) x12 0x0000000000000000
core   0: 0x000000008000011e (0x00009232) c.add   tp, a2
core   0: 3 0x000000008000011e (0x9232) x4  0x0000000080012040
core   0: 0x0000000080000120 (0x3f40f06f) j       pc + 0xf3f4
core   0: 3 0x0000000080000120 (0x3f40f06f)
core   0: >>>>  _init
core   0: 0x000000008000f514 (0x00007171) c.addi16sp sp, -176
core   0: 3 0x000000008000f514 (0x7171) x2  0x0000000080031f90
core   0: 0x000000008000f516 (0x0000f506) c.sdsp  ra, 168(sp)
core   0: 3 0x000000008000f516 (0xf506) mem 0x0000000080032038 0x0000000000000000
core   0: 0x000000008000f518 (0x0000f122) c.sdsp  s0, 160(sp)
core   0: 3 0x000000008000f518 (0xf122) mem 0x0000000080032030 0x0000000000000000
core   0: 0x000000008000f51a (0x0000ed26) c.sdsp  s1, 152(sp)
core   0: 3 0x000000008000f51a (0xed26) mem 0x0000000080032028 0x0000000000000000
core   0: 0x000000008000f51c (0x00001900) c.addi4spn s0, sp, 176
core   0: 3 0x000000008000f51c (0x1900) x8  0x0000000080032040
core   0: 0x000000008000f51e (0x000087aa) c.mv    a5, a0
core   0: 3 0x000000008000f51e (0x87aa) x15 0x0000000000000000
core   0: 0x000000008000f520 (0x0000872e) c.mv    a4, a1
core   0: 3 0x000000008000f520 (0x872e) x14 0x0000000000000001
core   0: 0x000000008000f522 (0xf4f42e23) sw      a5, -164(s0)
core   0: 3 0x000000008000f522 (0xf4f42e23) mem 0x0000000080031f9c 0x00000000
core   0: 0x000000008000f526 (0x000087ba) c.mv    a5, a4
core   0: 3 0x000000008000f526 (0x87ba) x15 0x0000000000000001
core   0: 0x000000008000f528 (0xf4f42c23) sw      a5, -168(s0)
core   0: 3 0x000000008000f528 (0xf4f42c23) mem 0x0000000080031f98 0x00000001
core   0: 0x000000008000f52c (0xfe040793) addi    a5, s0, -32
core   0: 3 0x000000008000f52c (0xfe040793) x15 0x0000000080032020
core   0: 0x000000008000f530 (0xf4f43823) sd      a5, -176(s0)
core   0: 3 0x000000008000f530 (0xf4f43823) mem 0x0000000080031f90 0x0000000080032020
core   0: 0x000000008000f534 (0xf5043783) ld      a5, -176(s0)
core   0: 3 0x000000008000f534 (0xf5043783) x15 0x0000000080032020 mem 0x0000000080031f90
core   0: 0x000000008000f538 (0xf8078793) addi    a5, a5, -128
core   0: 3 0x000000008000f538 (0xf8078793) x15 0x0000000080031fa0
core   0: 0x000000008000f53c (0x03f78793) addi    a5, a5, 63
core   0: 3 0x000000008000f53c (0x03f78793) x15 0x0000000080031fdf
core   0: 0x000000008000f540 (0x00008399) c.srli  a5, 6
core   0: 3 0x000000008000f540 (0x8399) x15 0x0000000002000c7f
core   0: 0x000000008000f542 (0x00679493) slli    s1, a5, 6
core   0: 3 0x000000008000f542 (0x00679493) x9  0x0000000080031fc0
core   0: 0x000000008000f546 (0xf65ff0ef) jal     pc - 0x9c
core   0: 3 0x000000008000f546 (0xf65ff0ef) x1  0x000000008000f54a
core   0: >>>>  init_tls
core   0: 0x000000008000f4aa (0x00001101) c.addi  sp, -32
core   0: 3 0x000000008000f4aa (0x1101) x2  0x0000000080031f70
core   0: 0x000000008000f4ac (0x0000ec06) c.sdsp  ra, 24(sp)
core   0: 3 0x000000008000f4ac (0xec06) mem 0x0000000080031f88 0x000000008000f54a
core   0: 0x000000008000f4ae (0x0000e822) c.sdsp  s0, 16(sp)
core   0: 3 0x000000008000f4ae (0xe822) mem 0x0000000080031f80 0x0000000080032040
core   0: 0x000000008000f4b0 (0x00001000) c.addi4spn s0, sp, 32
core   0: 3 0x000000008000f4b0 (0x1000) x8  0x0000000080031f90
core   0: 0x000000008000f4b2 (0x00003717) auipc   a4, 0x3
core   0: 3 0x000000008000f4b2 (0x00003717) x14 0x00000000800124b2
core   0: 0x000000008000f4b6 (0xb7670713) addi    a4, a4, -1162
core   0: 3 0x000000008000f4b6 (0xb7670713) x14 0x0000000080012028
core   0: 0x000000008000f4ba (0x00003797) auipc   a5, 0x3
core   0: 3 0x000000008000f4ba (0x00003797) x15 0x00000000800124ba
core   0: 0x000000008000f4be (0xb6e78793) addi    a5, a5, -1170
core   0: 3 0x000000008000f4be (0xb6e78793) x15 0x0000000080012028
core   0: 0x000000008000f4c2 (0x40f707b3) sub     a5, a4, a5
core   0: 3 0x000000008000f4c2 (0x40f707b3) x15 0x0000000000000000
core   0: 0x000000008000f4c6 (0xfef43423) sd      a5, -24(s0)
core   0: 3 0x000000008000f4c6 (0xfef43423) mem 0x0000000080031f78 0x0000000000000000
core   0: 0x000000008000f4ca (0x00008792) c.mv    a5, tp
core   0: 3 0x000000008000f4ca (0x8792) x15 0x0000000080012040
core   0: 0x000000008000f4cc (0xfe843603) ld      a2, -24(s0)
core   0: 3 0x000000008000f4cc (0xfe843603) x12 0x0000000000000000 mem 0x0000000080031f78
core   0: 0x000000008000f4d0 (0x00003597) auipc   a1, 0x3
core   0: 3 0x000000008000f4d0 (0x00003597) x11 0x00000000800124d0
core   0: 0x000000008000f4d4 (0xb5858593) addi    a1, a1, -1192
core   0: 3 0x000000008000f4d4 (0xb5858593) x11 0x0000000080012028
core   0: 0x000000008000f4d8 (0x0000853e) c.mv    a0, a5
core   0: 3 0x000000008000f4d8 (0x853e) x10 0x0000000080012040
core   0: 0x000000008000f4da (0x0f9000ef) jal     pc + 0x8f8
core   0: 3 0x000000008000f4da (0x0f9000ef) x1  0x000000008000f4de
core   0: >>>>  memcpy
core   0: 0x000000008000fdd2 (0x0000715d) c.addi16sp sp, -80
core   0: 3 0x000000008000fdd2 (0x715d) x2  0x0000000080031f20
core   0: 0x000000008000fdd4 (0x0000e4a2) c.sdsp  s0, 72(sp)
core   0: 3 0x000000008000fdd4 (0xe4a2) mem 0x0000000080031f68 0x0000000080031f90
core   0: 0x000000008000fdd6 (0x00000880) c.addi4spn s0, sp, 80
core   0: 3 0x000000008000fdd6 (0x0880) x8  0x0000000080031f70
core   0: 0x000000008000fdd8 (0xfca43423) sd      a0, -56(s0)
core   0: 3 0x000000008000fdd8 (0xfca43423) mem 0x0000000080031f38 0x0000000080012040
core   0: 0x000000008000fddc (0xfcb43023) sd      a1, -64(s0)
core   0: 3 0x000000008000fddc (0xfcb43023) mem 0x0000000080031f30 0x0000000080012028
core   0: 0x000000008000fde0 (0xfac43c23) sd      a2, -72(s0)
core   0: 3 0x000000008000fde0 (0xfac43c23) mem 0x0000000080031f28 0x0000000000000000
core   0: 0x000000008000fde4 (0xfc843703) ld      a4, -56(s0)
core   0: 3 0x000000008000fde4 (0xfc843703) x14 0x0000000080012040 mem 0x0000000080031f38
core   0: 0x000000008000fde8 (0xfc043783) ld      a5, -64(s0)
core   0: 3 0x000000008000fde8 (0xfc043783) x15 0x0000000080012028 mem 0x0000000080031f30
core   0: 0x000000008000fdec (0x00008f5d) c.or    a4, a5
core   0: 3 0x000000008000fdec (0x8f5d) x14 0x0000000080012068
core   0: 0x000000008000fdee (0xfb843783) ld      a5, -72(s0)
core   0: 3 0x000000008000fdee (0xfb843783) x15 0x0000000000000000 mem 0x0000000080031f28
core   0: 0x000000008000fdf2 (0x00008fd9) c.or    a5, a4
core   0: 3 0x000000008000fdf2 (0x8fd9) x15 0x0000000080012068
core   0: 0x000000008000fdf4 (0x00008b9d) c.andi  a5, 7
core   0: 3 0x000000008000fdf4 (0x8b9d) x15 0x0000000000000000
core   0: 0x000000008000fdf6 (0x0000e3b1) c.bnez  a5, pc + 68
core   0: 3 0x000000008000fdf6 (0xe3b1)
core   0: 0x000000008000fdf8 (0xfc043783) ld      a5, -64(s0)
core   0: 3 0x000000008000fdf8 (0xfc043783) x15 0x0000000080012028 mem 0x0000000080031f30
core   0: 0x000000008000fdfc (0xfef43423) sd      a5, -24(s0)
core   0: 3 0x000000008000fdfc (0xfef43423) mem 0x0000000080031f58 0x0000000080012028
core   0: 0x000000008000fe00 (0xfc843783) ld      a5, -56(s0)
core   0: 3 0x000000008000fe00 (0xfc843783) x15 0x0000000080012040 mem 0x0000000080031f38
core   0: 0x000000008000fe04 (0xfef43023) sd      a5, -32(s0)
core   0: 3 0x000000008000fe04 (0xfef43023) mem 0x0000000080031f50 0x0000000080012040
core   0: 0x000000008000fe08 (0x0000a839) c.j     pc + 30
core   0: 3 0x000000008000fe08 (0xa839)
core   0: 0x000000008000fe26 (0xfc843703) ld      a4, -56(s0)
core   0: 3 0x000000008000fe26 (0xfc843703) x14 0x0000000080012040 mem 0x0000000080031f38
core   0: 0x000000008000fe2a (0xfb843783) ld      a5, -72(s0)
core   0: 3 0x000000008000fe2a (0xfb843783) x15 0x0000000000000000 mem 0x0000000080031f28
core   0: 0x000000008000fe2e (0x000097ba) c.add   a5, a4
core   0: 3 0x000000008000fe2e (0x97ba) x15 0x0000000080012040
core   0: 0x000000008000fe30 (0xfe043703) ld      a4, -32(s0)
core   0: 3 0x000000008000fe30 (0xfe043703) x14 0x0000000080012040 mem 0x0000000080031f50
core   0: 0x000000008000fe34 (0xfcf76be3) bltu    a4, a5, pc - 42
core   0: 3 0x000000008000fe34 (0xfcf76be3)
core   0: 0x000000008000fe38 (0x0000a099) c.j     pc + 70
core   0: 3 0x000000008000fe38 (0xa099)
core   0: 0x000000008000fe7e (0xfc843783) ld      a5, -56(s0)
core   0: 3 0x000000008000fe7e (0xfc843783) x15 0x0000000080012040 mem 0x0000000080031f38
core   0: 0x000000008000fe82 (0x0000853e) c.mv    a0, a5
core   0: 3 0x000000008000fe82 (0x853e) x10 0x0000000080012040
core   0: 0x000000008000fe84 (0x00006426) c.ldsp  s0, 72(sp)
core   0: 3 0x000000008000fe84 (0x6426) x8  0x0000000080031f90 mem 0x0000000080031f68
core   0: 0x000000008000fe86 (0x00006161) c.addi16sp sp, 80
core   0: 3 0x000000008000fe86 (0x6161) x2  0x0000000080031f70
core   0: 0x000000008000fe88 (0x00008082) ret
core   0: 3 0x000000008000fe88 (0x8082)
core   0: 0x000000008000f4de (0x00003717) auipc   a4, 0x3
core   0: 3 0x000000008000f4de (0x00003717) x14 0x00000000800124de
core   0: 0x000000008000f4e2 (0xbe670713) addi    a4, a4, -1050
core   0: 3 0x000000008000f4e2 (0xbe670713) x14 0x00000000800120c4
core   0: 0x000000008000f4e6 (0x00003797) auipc   a5, 0x3
core   0: 3 0x000000008000f4e6 (0x00003797) x15 0x00000000800124e6
core   0: 0x000000008000f4ea (0xb4278793) addi    a5, a5, -1214
core   0: 3 0x000000008000f4ea (0xb4278793) x15 0x0000000080012028
core   0: 0x000000008000f4ee (0x40f707b3) sub     a5, a4, a5
core   0: 3 0x000000008000f4ee (0x40f707b3) x15 0x000000000000009c
core   0: 0x000000008000f4f2 (0xfef43023) sd      a5, -32(s0)
core   0: 3 0x000000008000f4f2 (0xfef43023) mem 0x0000000080031f70 0x000000000000009c
core   0: 0x000000008000f4f6 (0x00008712) c.mv    a4, tp
core   0: 3 0x000000008000f4f6 (0x8712) x14 0x0000000080012040
core   0: 0x000000008000f4f8 (0xfe843783) ld      a5, -24(s0)
core   0: 3 0x000000008000f4f8 (0xfe843783) x15 0x0000000000000000 mem 0x0000000080031f78
core   0: 0x000000008000f4fc (0x000097ba) c.add   a5, a4
core   0: 3 0x000000008000f4fc (0x97ba) x15 0x0000000080012040
core   0: 0x000000008000f4fe (0xfe043603) ld      a2, -32(s0)
core   0: 3 0x000000008000f4fe (0xfe043603) x12 0x000000000000009c mem 0x0000000080031f70
core   0: 0x000000008000f502 (0x00004581) c.li    a1, 0
core   0: 3 0x000000008000f502 (0x4581) x11 0x0000000000000000
core   0: 0x000000008000f504 (0x0000853e) c.mv    a0, a5
core   0: 3 0x000000008000f504 (0x853e) x10 0x0000000080012040
core   0: 0x000000008000f506 (0x185000ef) jal     pc + 0x984
core   0: 3 0x000000008000f506 (0x185000ef) x1  0x000000008000f50a
core   0: >>>>  memset
core   0: 0x000000008000fe8a (0x0000715d) c.addi16sp sp, -80
core   0: 3 0x000000008000fe8a (0x715d) x2  0x0000000080031f20
core   0: 0x000000008000fe8c (0x0000e4a2) c.sdsp  s0, 72(sp)
core   0: 3 0x000000008000fe8c (0xe4a2) mem 0x0000000080031f68 0x0000000080031f90
core   0: 0x000000008000fe8e (0x00000880) c.addi4spn s0, sp, 80
core   0: 3 0x000000008000fe8e (0x0880) x8  0x0000000080031f70
core   0: 0x000000008000fe90 (0xfca43423) sd      a0, -56(s0)
core   0: 3 0x000000008000fe90 (0xfca43423) mem 0x0000000080031f38 0x0000000080012040
core   0: 0x000000008000fe94 (0x000087ae) c.mv    a5, a1
core   0: 3 0x000000008000fe94 (0x87ae) x15 0x0000000000000000
core   0: 0x000000008000fe96 (0xfac43c23) sd      a2, -72(s0)
core   0: 3 0x000000008000fe96 (0xfac43c23) mem 0x0000000080031f28 0x000000000000009c
core   0: 0x000000008000fe9a (0xfcf42223) sw      a5, -60(s0)
core   0: 3 0x000000008000fe9a (0xfcf42223) mem 0x0000000080031f34 0x00000000
core   0: 0x000000008000fe9e (0xfc843703) ld      a4, -56(s0)
core   0: 3 0x000000008000fe9e (0xfc843703) x14 0x0000000080012040 mem 0x0000000080031f38
core   0: 0x000000008000fea2 (0xfb843783) ld      a5, -72(s0)
core   0: 3 0x000000008000fea2 (0xfb843783) x15 0x000000000000009c mem 0x0000000080031f28
core   0: 0x000000008000fea6 (0x00008fd9) c.or    a5, a4
core   0: 3 0x000000008000fea6 (0x8fd9) x15 0x00000000800120dc
core   0: 0x000000008000fea8 (0x00008b9d) c.andi  a5, 7
core   0: 3 0x000000008000fea8 (0x8b9d) x15 0x0000000000000004
core   0: 0x000000008000feaa (0x0000e7bd) c.bnez  a5, pc + 110
core   0: 3 0x000000008000feaa (0xe7bd)
core   0: 0x000000008000ff18 (0xfc843783) ld      a5, -56(s0)
core   0: 3 0x000000008000ff18 (0xfc843783) x15 0x0000000080012040 mem 0x0000000080031f38
core   0: 0x000000008000ff1c (0xfef43023) sd      a5, -32(s0)
core   0: 3 0x000000008000ff1c (0xfef43023) mem 0x0000000080031f50 0x0000000080012040
core   0: 0x000000008000ff20 (0x0000a829) c.j     pc + 26
core   0: 3 0x000000008000ff20 (0xa829)
core   0: 0x000000008000ff3a (0xfc843703) ld      a4, -56(s0)
core   0: 3 0x000000008000ff3a (0xfc843703) x14 0x0000000080012040 mem 0x0000000080031f38
core   0: 0x000000008000ff3e (0xfb843783) ld      a5, -72(s0)
core   0: 3 0x000000008000ff3e (0xfb843783) x15 0x000000000000009c mem 0x0000000080031f28
core   0: 0x000000008000ff42 (0x000097ba) c.add   a5, a4
core   0: 3 0x000000008000ff42 (0x97ba) x15 0x00000000800120dc
core   0: 0x000000008000ff44 (0xfe043703) ld      a4, -32(s0)
core   0: 3 0x000000008000ff44 (0xfe043703) x14 0x0000000080012040 mem 0x0000000080031f50
core   0: 0x000000008000ff48 (0xfcf76de3) bltu    a4, a5, pc - 38
core   0: 3 0x000000008000ff48 (0xfcf76de3)
core   0: 0x000000008000ff22 (0xfe043783) ld      a5, -32(s0)
core   0: 3 0x000000008000ff22 (0xfe043783) x15 0x0000000080012040 mem 0x0000000080031f50
core   0: 0x000000008000ff26 (0x00178713) addi    a4, a5, 1
core   0: 3 0x000000008000ff26 (0x00178713) x14 0x0000000080012041
core   0: 0x000000008000ff2a (0xfee43023) sd      a4, -32(s0)
core   0: 3 0x000000008000ff2a (0xfee43023) mem 0x0000000080031f50 0x0000000080012041
core   0: 0x000000008000ff2e (0xfc442703) lw      a4, -60(s0)
core   0: 3 0x000000008000ff2e (0xfc442703) x14 0x0000000000000000 mem 0x0000000080031f34
core   0: 0x000000008000ff32 (0x0ff77713) andi    a4, a4, 255
core   0: 3 0x000000008000ff32 (0x0ff77713) x14 0x0000000000000000
core   0: 0x000000008000ff36 (0x00e78023) sb      a4, 0(a5)
core   0: 3 0x000000008000ff36 (0x00e78023) mem 0x0000000080012040 0x00
core   0: 0x000000008000ff3a (0xfc843703) ld      a4, -56(s0)
core   0: 3 0x000000008000ff3a (0xfc843703) x14 0x0000000080012040 mem 0x0000000080031f38
core   0: 0x000000008000ff3e (0xfb843783) ld      a5, -72(s0)
core   0: 3 0x000000008000ff3e (0xfb843783) x15 0x000000000000009c mem 0x0000000080031f28
core   0: 0x000000008000ff42 (0x000097ba) c.add   a5, a4
core   0: 3 0x000000008000ff42 (0x97ba) x15 0x00000000800120dc
core   0: 0x000000008000ff44 (0xfe043703) ld      a4, -32(s0)
core   0: 3 0x000000008000ff44 (0xfe043703) x14 0x0000000080012041 mem 0x0000000080031f50
core   0: 0x000000008000ff48 (0xfcf76de3) bltu    a4, a5, pc - 38
core   0: 3 0x000000008000ff48 (0xfcf76de3)
core   0: 0x000000008000ff22 (0xfe043783) ld      a5, -32(s0)
core   0: 3 0x000000008000ff22 (0xfe043783) x15 0x0000000080012041 mem 0x0000000080031f50
core   0: 0x000000008000ff26 (0x00178713) addi    a4, a5, 1
core   0: 3 0x000000008000ff26 (0x00178713) x14 0x0000000080012042
core   0: 0x000000008000ff2a (0xfee43023) sd      a4, -32(s0)
core   0: 3 0x000000008000ff2a (0xfee43023) mem 0x0000000080031f50 0x0000000080012042
core   0: 0x000000008000ff2e (0xfc442703) lw      a4, -60(s0)
core   0: 3 0x000000008000ff2e (0xfc442703) x14 0x0000000000000000 mem 0x0000000080031f34
core   0: 0x000000008000ff32 (0x0ff77713) andi    a4, a4, 255
core   0: 3 0x000000008000ff32 (0x0ff77713) x14 0x0000000000000000
core   0: 0x000000008000ff36 (0x00e78023) sb      a4, 0(a5)
core   0: 3 0x000000008000ff36 (0x00e78023) mem 0x0000000080012041 0x00
core   0: 0x000000008000ff3a (0xfc843703) ld      a4, -56(s0)
core   0: 3 0x000000008000ff3a (0xfc843703) x14 0x0000000080012040 mem 0x0000000080031f38
core   0: 0x000000008000ff3e (0xfb843783) ld      a5, -72(s0)
core   0: 3 0x000000008000ff3e (0xfb843783) x15 0x000000000000009c mem 0x0000000080031f28
core   0: 0x000000008000ff42 (0x000097ba) c.add   a5, a4
core   0: 3 0x000000008000ff42 (0x97ba) x15 0x00000000800120dc
core   0: 0x000000008000ff44 (0xfe043703) ld      a4, -32(s0)
core   0: 3 0x000000008000ff44 (0xfe043703) x14 0x0000000080012042 mem 0x0000000080031f50
core   0: 0x000000008000ff48 (0xfcf76de3) bltu    a4, a5, pc - 38
core   0: 3 0x000000008000ff48 (0xfcf76de3)
core   0: 0x000000008000ff22 (0xfe043783) ld      a5, -32(s0)
core   0: 3 0x000000008000ff22 (0xfe043783) x15 0x0000000080012042 mem 0x0000000080031f50
core   0: 0x000000008000ff26 (0x00178713) addi    a4, a5, 1
core   0: 3 0x000000008000ff26 (0x00178713) x14 0x0000000080012043
core   0: 0x000000008000ff2a (0xfee43023) sd      a4, -32(s0)
core   0: 3 0x000000008000ff2a (0xfee43023) mem 0x0000000080031f50 0x0000000080012043
core   0: 0x000000008000ff2e (0xfc442703) lw      a4, -60(s0)
core   0: 3 0x000000008000ff2e (0xfc442703) x14 0x0000000000000000 mem 0x0000000080031f34
core   0: 0x000000008000ff32 (0x0ff77713) andi    a4, a4, 255
core   0: 3 0x000000008000ff32 (0x0ff77713) x14 0x0000000000000000
core   0: 0x000000008000ff36 (0x00e78023) sb      a4, 0(a5)
core   0: 3 0x000000008000ff36 (0x00e78023) mem 0x0000000080012042 0x00
core   0: 0x000000008000ff3a (0xfc843703) ld      a4, -56(s0)
core   0: 3 0x000000008000ff3a (0xfc843703) x14 0x0000000080012040 mem 0x0000000080031f38
core   0: 0x000000008000ff3e (0xfb843783) ld      a5, -72(s0)
core   0: 3 0x000000008000ff3e (0xfb843783) x15 0x000000000000009c mem 0x0000000080031f28
core   0: 0x000000008000ff42 (0x000097ba) c.add   a5, a4
core   0: 3 0x000000008000ff42 (0x97ba) x15 0x00000000800120dc
core   0: 0x000000008000ff44 (0xfe043703) ld      a4, -32(s0)
core   0: 3 0x000000008000ff44 (0xfe043703) x14 0x0000000080012043 mem 0x0000000080031f50
core   0: 0x000000008000ff48 (0xfcf76de3) bltu    a4, a5, pc - 38
core   0: 3 0x000000008000ff48 (0xfcf76de3)
core   0: 0x000000008000ff22 (0xfe043783) ld      a5, -32(s0)
core   0: 3 0x000000008000ff22 (0xfe043783) x15 0x0000000080012043 mem 0x0000000080031f50
core   0: 0x000000008000ff26 (0x00178713) addi    a4, a5, 1
core   0: 3 0x000000008000ff26 (0x00178713) x14 0x0000000080012044
core   0: 0x000000008000ff2a (0xfee43023) sd      a4, -32(s0)
core   0: 3 0x000000008000ff2a (0xfee43023) mem 0x0000000080031f50 0x0000000080012044
core   0: 0x000000008000ff2e (0xfc442703) lw      a4, -60(s0)
core   0: 3 0x000000008000ff2e (0xfc442703) x14 0x0000000000000000 mem 0x0000000080031f34
core   0: 0x000000008000ff32 (0x0ff77713) andi    a4, a4, 255
core   0: 3 0x000000008000ff32 (0x0ff77713) x14 0x0000000000000000
core   0: 0x000000008000ff36 (0x00e78023) sb      a4, 0(a5)
core   0: 3 0x000000008000ff36 (0x00e78023) mem 0x0000000080012043 0x00
core   0: 0x000000008000ff3a (0xfc843703) ld      a4, -56(s0)
core   0: 3 0x000000008000ff3a (0xfc843703) x14 0x0000000080012040 mem 0x0000000080031f38
core   0: 0x000000008000ff3e (0xfb843783) ld      a5, -72(s0)
core   0: 3 0x000000008000ff3e (0xfb843783) x15 0x000000000000009c mem 0x0000000080031f28
core   0: 0x000000008000ff42 (0x000097ba) c.add   a5, a4
core   0: 3 0x000000008000ff42 (0x97ba) x15 0x00000000800120dc
core   0: 0x000000008000ff44 (0xfe043703) ld      a4, -32(s0)
core   0: 3 0x000000008000ff44 (0xfe043703) x14 0x0000000080012044 mem 0x0000000080031f50
core   0: 0x000000008000ff48 (0xfcf76de3) bltu    a4, a5, pc - 38
core   0: 3 0x000000008000ff48 (0xfcf76de3)
core   0: 0x000000008000ff22 (0xfe043783) ld      a5, -32(s0)
core   0: 3 0x000000008000ff22 (0xfe043783) x15 0x0000000080012044 mem 0x0000000080031f50
core   0: 0x000000008000ff26 (0x00178713) addi    a4, a5, 1
core   0: 3 0x000000008000ff26 (0x00178713) x14 0x0000000080012045
core   0: 0x000000008000ff2a (0xfee43023) sd      a4, -32(s0)
core   0: 3 0x000000008000ff2a (0xfee43023) mem 0x0000000080031f50 0x0000000080012045
core   0: 0x000000008000ff2e (0xfc442703) lw      a4, -60(s0)
core   0: 3 0x000000008000ff2e (0xfc442703) x14 0x0000000000000000 mem 0x0000000080031f34
core   0: 0x000000008000ff32 (0x0ff77713) andi    a4, a4, 255
core   0: 3 0x000000008000ff32 (0x0ff77713) x14 0x0000000000000000
core   0: 0x000000008000ff36 (0x00e78023) sb      a4, 0(a5)
core   0: 3 0x000000008000ff36 (0x00e78023) mem 0x0000000080012044 0x00
core   0: 0x000000008000ff3a (0xfc843703) ld      a4, -56(s0)
core   0: 3 0x000000008000ff3a (0xfc843703) x14 0x0000000080012040 mem 0x0000000080031f38
core   0: 0x000000008000ff3e (0xfb843783) ld      a5, -72(s0)
core   0: 3 0x000000008000ff3e (0xfb843783) x15 0x000000000000009c mem 0x0000000080031f28
core   0: 0x000000008000ff42 (0x000097ba) c.add   a5, a4
core   0: 3 0x000000008000ff42 (0x97ba) x15 0x00000000800120dc
core   0: 0x000000008000ff44 (0xfe043703) ld      a4, -32(s0)
core   0: 3 0x000000008000ff44 (0xfe043703) x14 0x0000000080012045 mem 0x0000000080031f50
core   0: 0x000000008000ff48 (0xfcf76de3) bltu    a4, a5, pc - 38
core   0: 3 0x000000008000ff48 (0xfcf76de3)
core   0: 0x000000008000ff22 (0xfe043783) ld      a5, -32(s0)
core   0: 3 0x000000008000ff22 (0xfe043783) x15 0x0000000080012045 mem 0x0000000080031f50
core   0: 0x000000008000ff26 (0x00178713) addi    a4, a5, 1
core   0: 3 0x000000008000ff26 (0x00178713) x14 0x0000000080012046
core   0: 0x000000008000ff2a (0xfee43023) sd      a4, -32(s0)
core   0: 3 0x000000008000ff2a (0xfee43023) mem 0x0000000080031f50 0x0000000080012046
core   0: 0x000000008000ff2e (0xfc442703) lw      a4, -60(s0)
core   0: 3 0x000000008000ff2e (0xfc442703) x14 0x0000000000000000 mem 0x0000000080031f34
core   0: 0x000000008000ff32 (0x0ff77713) andi    a4, a4, 255
core   0: 3 0x000000008000ff32 (0x0ff77713) x14 0x0000000000000000
core   0: 0x000000008000ff36 (0x00e78023) sb      a4, 0(a5)
core   0: 3 0x000000008000ff36 (0x00e78023) mem 0x0000000080012045 0x00
core   0: 0x000000008000ff3a (0xfc843703) ld      a4, -56(s0)
core   0: 3 0x000000008000ff3a (0xfc843703) x14 0x0000000080012040 mem 0x0000000080031f38
core   0: 0x000000008000ff3e (0xfb843783) ld      a5, -72(s0)
core   0: 3 0x000000008000ff3e (0xfb843783) x15 0x000000000000009c mem 0x0000000080031f28
core   0: 0x000000008000ff42 (0x000097ba) c.add   a5, a4
core   0: 3 0x000000008000ff42 (0x97ba) x15 0x00000000800120dc
core   0: 0x000000008000ff44 (0xfe043703) ld      a4, -32(s0)
core   0: 3 0x000000008000ff44 (0xfe043703) x14 0x0000000080012046 mem 0x0000000080031f50
core   0: 0x000000008000ff48 (0xfcf76de3) bltu    a4, a5, pc - 38
core   0: 3 0x000000008000ff48 (0xfcf76de3)
core   0: 0x000000008000ff22 (0xfe043783) ld      a5, -32(s0)
core   0: 3 0x000000008000ff22 (0xfe043783) x15 0x0000000080012046 mem 0x0000000080031f50
core   0: 0x000000008000ff26 (0x00178713) addi    a4, a5, 1
core   0: 3 0x000000008000ff26 (0x00178713) x14 0x0000000080012047
core   0: 0x000000008000ff2a (0xfee43023) sd      a4, -32(s0)
core   0: 3 0x000000008000ff2a (0xfee43023) mem 0x0000000080031f50 0x0000000080012047
core   0: 0x000000008000ff2e (0xfc442703) lw      a4, -60(s0)
core   0: 3 0x000000008000ff2e (0xfc442703) x14 0x0000000000000000 mem 0x0000000080031f34
core   0: 0x000000008000ff32 (0x0ff77713) andi    a4, a4, 255
core   0: 3 0x000000008000ff32 (0x0ff77713) x14 0x0000000000000000
core   0: 0x000000008000ff36 (0x00e78023) sb      a4, 0(a5)
core   0: 3 0x000000008000ff36 (0x00e78023) mem 0x0000000080012046 0x00
core   0: 0x000000008000ff3a (0xfc843703) ld      a4, -56(s0)
core   0: 3 0x000000008000ff3a (0xfc843703) x14 0x0000000080012040 mem 0x0000000080031f38
core   0: 0x000000008000ff3e (0xfb843783) ld      a5, -72(s0)
core   0: 3 0x000000008000ff3e (0xfb843783) x15 0x000000000000009c mem 0x0000000080031f28
core   0: 0x000000008000ff42 (0x000097ba) c.add   a5, a4
core   0: 3 0x000000008000ff42 (0x97ba) x15 0x00000000800120dc
core   0: 0x000000008000ff44 (0xfe043703) ld      a4, -32(s0)
core   0: 3 0x000000008000ff44 (0xfe043703) x14 0x0000000080012047 mem 0x0000000080031f50
core   0: 0x000000008000ff48 (0xfcf76de3) bltu    a4, a5, pc - 38
core   0: 3 0x000000008000ff48 (0xfcf76de3)
core   0: 0x000000008000ff22 (0xfe043783) ld      a5, -32(s0)
core   0: 3 0x000000008000ff22 (0xfe043783) x15 0x0000000080012047 mem 0x0000000080031f50
core   0: 0x000000008000ff26 (0x00178713) addi    a4, a5, 1
core   0: 3 0x000000008000ff26 (0x00178713) x14 0x0000000080012048
core   0: 0x000000008000ff2a (0xfee43023) sd      a4, -32(s0)
core   0: 3 0x000000008000ff2a (0xfee43023) mem 0x0000000080031f50 0x0000000080012048
core   0: 0x000000008000ff2e (0xfc442703) lw      a4, -60(s0)
core   0: 3 0x000000008000ff2e (0xfc442703) x14 0x0000000000000000 mem 0x0000000080031f34
core   0: 0x000000008000ff32 (0x0ff77713) andi    a4, a4, 255
core   0: 3 0x000000008000ff32 (0x0ff77713) x14 0x0000000000000000
core   0: 0x000000008000ff36 (0x00e78023) sb      a4, 0(a5)
core   0: 3 0x000000008000ff36 (0x00e78023) mem 0x0000000080012047 0x00
core   0: 0x000000008000ff3a (0xfc843703) ld      a4, -56(s0)
core   0: 3 0x000000008000ff3a (0xfc843703) x14 0x0000000080012040 mem 0x0000000080031f38
core   0: 0x000000008000ff3e (0xfb843783) ld      a5, -72(s0)
core   0: 3 0x000000008000ff3e (0xfb843783) x15 0x000000000000009c mem 0x0000000080031f28
core   0: 0x000000008000ff42 (0x000097ba) c.add   a5, a4
core   0: 3 0x000000008000ff42 (0x97ba) x15 0x00000000800120dc
core   0: 0x000000008000ff44 (0xfe043703) ld      a4, -32(s0)
core   0: 3 0x000000008000ff44 (0xfe043703) x14 0x0000000080012048 mem 0x0000000080031f50
core   0: 0x000000008000ff48 (0xfcf76de3) bltu    a4, a5, pc - 38
core   0: 3 0x000000008000ff48 (0xfcf76de3)
core   0: 0x000000008000ff22 (0xfe043783) ld      a5, -32(s0)
core   0: 3 0x000000008000ff22 (0xfe043783) x15 0x0000000080012048 mem 0x0000000080031f50
core   0: 0x000000008000ff26 (0x00178713) addi    a4, a5, 1
core   0: 3 0x000000008000ff26 (0x00178713) x14 0x0000000080012049
core   0: 0x000000008000ff2a (0xfee43023) sd      a4, -32(s0)
core   0: 3 0x000000008000ff2a (0xfee43023) mem 0x0000000080031f50 0x0000000080012049
core   0: 0x000000008000ff2e (0xfc442703) lw      a4, -60(s0)
core   0: 3 0x000000008000ff2e (0xfc442703) x14 0x0000000000000000 mem 0x0000000080031f34
core   0: 0x000000008000ff32 (0x0ff77713) andi    a4, a4, 255
core   0: 3 0x000000008000ff32 (0x0ff77713) x14 0x0000000000000000
core   0: 0x000000008000ff36 (0x00e78023) sb      a4, 0(a5)
core   0: 3 0x000000008000ff36 (0x00e78023) mem 0x0000000080012048 0x00
core   0: 0x000000008000ff3a (0xfc843703) ld      a4, -56(s0)
core   0: 3 0x000000008000ff3a (0xfc843703) x14 0x0000000080012040 mem 0x0000000080031f38
core   0: 0x000000008000ff3e (0xfb843783) ld      a5, -72(s0)
core   0: 3 0x000000008000ff3e (0xfb843783) x15 0x000000000000009c mem 0x0000000080031f28
core   0: 0x000000008000ff42 (0x000097ba) c.add   a5, a4
core   0: 3 0x000000008000ff42 (0x97ba) x15 0x00000000800120dc
core   0: 0x000000008000ff44 (0xfe043703) ld      a4, -32(s0)
core   0: 3 0x000000008000ff44 (0xfe043703) x14 0x0000000080012049 mem 0x0000000080031f50
core   0: 0x000000008000ff48 (0xfcf76de3) bltu    a4, a5, pc - 38
core   0: 3 0x000000008000ff48 (0xfcf76de3)
core   0: 0x000000008000ff22 (0xfe043783) ld      a5, -32(s0)
core   0: 3 0x000000008000ff22 (0xfe043783) x15 0x0000000080012049 mem 0x0000000080031f50
core   0: 0x000000008000ff26 (0x00178713) addi    a4, a5, 1
core   0: 3 0x000000008000ff26 (0x00178713) x14 0x000000008001204a
core   0: 0x000000008000ff2a (0xfee43023) sd      a4, -32(s0)
core   0: 3 0x000000008000ff2a (0xfee43023) mem 0x0000000080031f50 0x000000008001204a
core   0: 0x000000008000ff2e (0xfc442703) lw      a4, -60(s0)
core   0: 3 0x000000008000ff2e (0xfc442703) x14 0x0000000000000000 mem 0x0000000080031f34
core   0: 0x000000008000ff32 (0x0ff77713) andi    a4, a4, 255
core   0: 3 0x000000008000ff32 (0x0ff77713) x14 0x0000000000000000
core   0: 0x000000008000ff36 (0x00e78023) sb      a4, 0(a5)
core   0: 3 0x000000008000ff36 (0x00e78023) mem 0x0000000080012049 0x00
core   0: 0x000000008000ff3a (0xfc843703) ld      a4, -56(s0)
core   0: 3 0x000000008000ff3a (0xfc843703) x14 0x0000000080012040 mem 0x0000000080031f38
core   0: 0x000000008000ff3e (0xfb843783) ld      a5, -72(s0)
core   0: 3 0x000000008000ff3e (0xfb843783) x15 0x000000000000009c mem 0x0000000080031f28
core   0: 0x000000008000ff42 (0x000097ba) c.add   a5, a4
core   0: 3 0x000000008000ff42 (0x97ba) x15 0x00000000800120dc
core   0: 0x000000008000ff44 (0xfe043703) ld      a4, -32(s0)
core   0: 3 0x000000008000ff44 (0xfe043703) x14 0x000000008001204a mem 0x0000000080031f50
core   0: 0x000000008000ff48 (0xfcf76de3) bltu    a4, a5, pc - 38
core   0: 3 0x000000008000ff48 (0xfcf76de3)
core   0: 0x000000008000ff22 (0xfe043783) ld      a5, -32(s0)
core   0: 3 0x000000008000ff22 (0xfe043783) x15 0x000000008001204a mem 0x0000000080031f50
core   0: 0x000000008000ff26 (0x00178713) addi    a4, a5, 1
core   0: 3 0x000000008000ff26 (0x00178713) x14 0x000000008001204b
core   0: 0x000000008000ff2a (0xfee43023) sd      a4, -32(s0)
core   0: 3 0x000000008000ff2a (0xfee43023) mem 0x0000000080031f50 0x000000008001204b
core   0: 0x000000008000ff2e (0xfc442703) lw      a4, -60(s0)
core   0: 3 0x000000008000ff2e (0xfc442703) x14 0x0000000000000000 mem 0x0000000080031f34
core   0: 0x000000008000ff32 (0x0ff77713) andi    a4, a4, 255
core   0: 3 0x000000008000ff32 (0x0ff77713) x14 0x0000000000000000
core   0: 0x000000008000ff36 (0x00e78023) sb      a4, 0(a5)
core   0: 3 0x000000008000ff36 (0x00e78023) mem 0x000000008001204a 0x00
core   0: 0x000000008000ff3a (0xfc843703) ld      a4, -56(s0)
core   0: 3 0x000000008000ff3a (0xfc843703) x14 0x0000000080012040 mem 0x0000000080031f38
core   0: 0x000000008000ff3e (0xfb843783) ld      a5, -72(s0)
core   0: 3 0x000000008000ff3e (0xfb843783) x15 0x000000000000009c mem 0x0000000080031f28
core   0: 0x000000008000ff42 (0x000097ba) c.add   a5, a4
core   0: 3 0x000000008000ff42 (0x97ba) x15 0x00000000800120dc
core   0: 0x000000008000ff44 (0xfe043703) ld      a4, -32(s0)
core   0: 3 0x000000008000ff44 (0xfe043703) x14 0x000000008001204b mem 0x0000000080031f50
core   0: 0x000000008000ff48 (0xfcf76de3) bltu    a4, a5, pc - 38
core   0: 3 0x000000008000ff48 (0xfcf76de3)
core   0: 0x000000008000ff22 (0xfe043783) ld      a5, -32(s0)
core   0: 3 0x000000008000ff22 (0xfe043783) x15 0x000000008001204b mem 0x0000000080031f50
core   0: 0x000000008000ff26 (0x00178713) addi    a4, a5, 1
core   0: 3 0x000000008000ff26 (0x00178713) x14 0x000000008001204c
core   0: 0x000000008000ff2a (0xfee43023) sd      a4, -32(s0)
core   0: 3 0x000000008000ff2a (0xfee43023) mem 0x0000000080031f50 0x000000008001204c
core   0: 0x000000008000ff2e (0xfc442703) lw      a4, -60(s0)
core   0: 3 0x000000008000ff2e (0xfc442703) x14 0x0000000000000000 mem 0x0000000080031f34
core   0: 0x000000008000ff32 (0x0ff77713) andi    a4, a4, 255
core   0: 3 0x000000008000ff32 (0x0ff77713) x14 0x0000000000000000
core   0: 0x000000008000ff36 (0x00e78023) sb      a4, 0(a5)
core   0: 3 0x000000008000ff36 (0x00e78023) mem 0x000000008001204b 0x00
core   0: 0x000000008000ff3a (0xfc843703) ld      a4, -56(s0)
core   0: 3 0x000000008000ff3a (0xfc843703) x14 0x0000000080012040 mem 0x0000000080031f38
core   0: 0x000000008000ff3e (0xfb843783) ld      a5, -72(s0)
core   0: 3 0x000000008000ff3e (0xfb843783) x15 0x000000000000009c mem 0x0000000080031f28
core   0: 0x000000008000ff42 (0x000097ba) c.add   a5, a4
core   0: 3 0x000000008000ff42 (0x97ba) x15 0x00000000800120dc
core   0: 0x000000008000ff44 (0xfe043703) ld      a4, -32(s0)
core   0: 3 0x000000008000ff44 (0xfe043703) x14 0x000000008001204c mem 0x0000000080031f50
core   0: 0x000000008000ff48 (0xfcf76de3) bltu    a4, a5, pc - 38
core   0: 3 0x000000008000ff48 (0xfcf76de3)
core   0: 0x000000008000ff22 (0xfe043783) ld      a5, -32(s0)
core   0: 3 0x000000008000ff22 (0xfe043783) x15 0x000000008001204c mem 0x0000000080031f50
core   0: 0x000000008000ff26 (0x00178713) addi    a4, a5, 1
core   0: 3 0x000000008000ff26 (0x00178713) x14 0x000000008001204d
core   0: 0x000000008000ff2a (0xfee43023) sd      a4, -32(s0)
core   0: 3 0x000000008000ff2a (0xfee43023) mem 0x0000000080031f50 0x000000008001204d
core   0: 0x000000008000ff2e (0xfc442703) lw      a4, -60(s0)
core   0: 3 0x000000008000ff2e (0xfc442703) x14 0x0000000000000000 mem 0x0000000080031f34
core   0: 0x000000008000ff32 (0x0ff77713) andi    a4, a4, 255
core   0: 3 0x000000008000ff32 (0x0ff77713) x14 0x0000000000000000
core   0: 0x000000008000ff36 (0x00e78023) sb      a4, 0(a5)
core   0: 3 0x000000008000ff36 (0x00e78023) mem 0x000000008001204c 0x00
core   0: 0x000000008000ff3a (0xfc843703) ld      a4, -56(s0)
core   0: 3 0x000000008000ff3a (0xfc843703) x14 0x0000000080012040 mem 0x0000000080031f38
core   0: 0x000000008000ff3e (0xfb843783) ld      a5, -72(s0)
core   0: 3 0x000000008000ff3e (0xfb843783) x15 0x000000000000009c mem 0x0000000080031f28
core   0: 0x000000008000ff42 (0x000097ba) c.add   a5, a4
core   0: 3 0x000000008000ff42 (0x97ba) x15 0x00000000800120dc
core   0: 0x000000008000ff44 (0xfe043703) ld      a4, -32(s0)
core   0: 3 0x000000008000ff44 (0xfe043703) x14 0x000000008001204d mem 0x0000000080031f50
core   0: 0x000000008000ff48 (0xfcf76de3) bltu    a4, a5, pc - 38
core   0: 3 0x000000008000ff48 (0xfcf76de3)
core   0: 0x000000008000ff22 (0xfe043783) ld      a5, -32(s0)
core   0: 3 0x000000008000ff22 (0xfe043783) x15 0x000000008001204d mem 0x0000000080031f50
core   0: 0x000000008000ff26 (0x00178713) addi    a4, a5, 1
core   0: 3 0x000000008000ff26 (0x00178713) x14 0x000000008001204e
core   0: 0x000000008000ff2a (0xfee43023) sd      a4, -32(s0)
core   0: 3 0x000000008000ff2a (0xfee43023) mem 0x0000000080031f50 0x000000008001204e
core   0: 0x000000008000ff2e (0xfc442703) lw      a4, -60(s0)
core   0: 3 0x000000008000ff2e (0xfc442703) x14 0x0000000000000000 mem 0x0000000080031f34
core   0: 0x000000008000ff32 (0x0ff77713) andi    a4, a4, 255
core   0: 3 0x000000008000ff32 (0x0ff77713) x14 0x0000000000000000
core   0: 0x000000008000ff36 (0x00e78023) sb      a4, 0(a5)
core   0: 3 0x000000008000ff36 (0x00e78023) mem 0x000000008001204d 0x00
core   0: 0x000000008000ff3a (0xfc843703) ld      a4, -56(s0)
core   0: 3 0x000000008000ff3a (0xfc843703) x14 0x0000000080012040 mem 0x0000000080031f38
core   0: 0x000000008000ff3e (0xfb843783) ld      a5, -72(s0)
core   0: 3 0x000000008000ff3e (0xfb843783) x15 0x000000000000009c mem 0x0000000080031f28
core   0: 0x000000008000ff42 (0x000097ba) c.add   a5, a4
core   0: 3 0x000000008000ff42 (0x97ba) x15 0x00000000800120dc
core   0: 0x000000008000ff44 (0xfe043703) ld      a4, -32(s0)
core   0: 3 0x000000008000ff44 (0xfe043703) x14 0x000000008001204e mem 0x0000000080031f50
core   0: 0x000000008000ff48 (0xfcf76de3) bltu    a4, a5, pc - 38
core   0: 3 0x000000008000ff48 (0xfcf76de3)
core   0: 0x000000008000ff22 (0xfe043783) ld      a5, -32(s0)
core   0: 3 0x000000008000ff22 (0xfe043783) x15 0x000000008001204e mem 0x0000000080031f50
core   0: 0x000000008000ff26 (0x00178713) addi    a4, a5, 1
core   0: 3 0x000000008000ff26 (0x00178713) x14 0x000000008001204f
core   0: 0x000000008000ff2a (0xfee43023) sd      a4, -32(s0)
core   0: 3 0x000000008000ff2a (0xfee43023) mem 0x0000000080031f50 0x000000008001204f
core   0: 0x000000008000ff2e (0xfc442703) lw      a4, -60(s0)
core   0: 3 0x000000008000ff2e (0xfc442703) x14 0x0000000000000000 mem 0x0000000080031f34
core   0: 0x000000008000ff32 (0x0ff77713) andi    a4, a4, 255
core   0: 3 0x000000008000ff32 (0x0ff77713) x14 0x0000000000000000
core   0: 0x000000008000ff36 (0x00e78023) sb      a4, 0(a5)
core   0: 3 0x000000008000ff36 (0x00e78023) mem 0x000000008001204e 0x00
core   0: 0x000000008000ff3a (0xfc843703) ld      a4, -56(s0)
core   0: 3 0x000000008000ff3a (0xfc843703) x14 0x0000000080012040 mem 0x0000000080031f38
core   0: 0x000000008000ff3e (0xfb843783) ld      a5, -72(s0)
core   0: 3 0x000000008000ff3e (0xfb843783) x15 0x000000000000009c mem 0x0000000080031f28
core   0: 0x000000008000ff42 (0x000097ba) c.add   a5, a4
core   0: 3 0x000000008000ff42 (0x97ba) x15 0x00000000800120dc
core   0: 0x000000008000ff44 (0xfe043703) ld      a4, -32(s0)
core   0: 3 0x000000008000ff44 (0xfe043703) x14 0x000000008001204f mem 0x0000000080031f50
core   0: 0x000000008000ff48 (0xfcf76de3) bltu    a4, a5, pc - 38
core   0: 3 0x000000008000ff48 (0xfcf76de3)
core   0: 0x000000008000ff22 (0xfe043783) ld      a5, -32(s0)
core   0: 3 0x000000008000ff22 (0xfe043783) x15 0x000000008001204f mem 0x0000000080031f50
core   0: 0x000000008000ff26 (0x00178713) addi    a4, a5, 1
core   0: 3 0x000000008000ff26 (0x00178713) x14 0x0000000080012050
core   0: 0x000000008000ff2a (0xfee43023) sd      a4, -32(s0)
core   0: 3 0x000000008000ff2a (0xfee43023) mem 0x0000000080031f50 0x0000000080012050
core   0: 0x000000008000ff2e (0xfc442703) lw      a4, -60(s0)
core   0: 3 0x000000008000ff2e (0xfc442703) x14 0x0000000000000000 mem 0x0000000080031f34
core   0: 0x000000008000ff32 (0x0ff77713) andi    a4, a4, 255
core   0: 3 0x000000008000ff32 (0x0ff77713) x14 0x0000000000000000
core   0: 0x000000008000ff36 (0x00e78023) sb      a4, 0(a5)
core   0: 3 0x000000008000ff36 (0x00e78023) mem 0x000000008001204f 0x00
core   0: 0x000000008000ff3a (0xfc843703) ld      a4, -56(s0)
core   0: 3 0x000000008000ff3a (0xfc843703) x14 0x0000000080012040 mem 0x0000000080031f38
core   0: 0x000000008000ff3e (0xfb843783) ld      a5, -72(s0)
core   0: 3 0x000000008000ff3e (0xfb843783) x15 0x000000000000009c mem 0x0000000080031f28
core   0: 0x000000008000ff42 (0x000097ba) c.add   a5, a4
core   0: 3 0x000000008000ff42 (0x97ba) x15 0x00000000800120dc
core   0: 0x000000008000ff44 (0xfe043703) ld      a4, -32(s0)
core   0: 3 0x000000008000ff44 (0xfe043703) x14 0x0000000080012050 mem 0x0000000080031f50
core   0: 0x000000008000ff48 (0xfcf76de3) bltu    a4, a5, pc - 38
core   0: 3 0x000000008000ff48 (0xfcf76de3)
core   0: 0x000000008000ff22 (0xfe043783) ld      a5, -32(s0)
core   0: 3 0x000000008000ff22 (0xfe043783) x15 0x0000000080012050 mem 0x0000000080031f50
core   0: 0x000000008000ff26 (0x00178713) addi    a4, a5, 1
core   0: 3 0x000000008000ff26 (0x00178713) x14 0x0000000080012051
core   0: 0x000000008000ff2a (0xfee43023) sd      a4, -32(s0)
core   0: 3 0x000000008000ff2a (0xfee43023) mem 0x0000000080031f50 0x0000000080012051
core   0: 0x000000008000ff2e (0xfc442703) lw      a4, -60(s0)
core   0: 3 0x000000008000ff2e (0xfc442703) x14 0x0000000000000000 mem 0x0000000080031f34
core   0: 0x000000008000ff32 (0x0ff77713) andi    a4, a4, 255
core   0: 3 0x000000008000ff32 (0x0ff77713) x14 0x0000000000000000
core   0: 0x000000008000ff36 (0x00e78023) sb      a4, 0(a5)
core   0: 3 0x000000008000ff36 (0x00e78023) mem 0x0000000080012050 0x00
core   0: 0x000000008000ff3a (0xfc843703) ld      a4, -56(s0)
core   0: 3 0x000000008000ff3a (0xfc843703) x14 0x0000000080012040 mem 0x0000000080031f38
core   0: 0x000000008000ff3e (0xfb843783) ld      a5, -72(s0)
core   0: 3 0x000000008000ff3e (0xfb843783) x15 0x000000000000009c mem 0x0000000080031f28
core   0: 0x000000008000ff42 (0x000097ba) c.add   a5, a4
core   0: 3 0x000000008000ff42 (0x97ba) x15 0x00000000800120dc
core   0: 0x000000008000ff44 (0xfe043703) ld      a4, -32(s0)
core   0: 3 0x000000008000ff44 (0xfe043703) x14 0x0000000080012051 mem 0x0000000080031f50
core   0: 0x000000008000ff48 (0xfcf76de3) bltu    a4, a5, pc - 38
core   0: 3 0x000000008000ff48 (0xfcf76de3)
core   0: 0x000000008000ff22 (0xfe043783) ld      a5, -32(s0)
core   0: 3 0x000000008000ff22 (0xfe043783) x15 0x0000000080012051 mem 0x0000000080031f50
core   0: 0x000000008000ff26 (0x00178713) addi    a4, a5, 1
core   0: 3 0x000000008000ff26 (0x00178713) x14 0x0000000080012052
core   0: 0x000000008000ff2a (0xfee43023) sd      a4, -32(s0)
core   0: 3 0x000000008000ff2a (0xfee43023) mem 0x0000000080031f50 0x0000000080012052
core   0: 0x000000008000ff2e (0xfc442703) lw      a4, -60(s0)
core   0: 3 0x000000008000ff2e (0xfc442703) x14 0x0000000000000000 mem 0x0000000080031f34
core   0: 0x000000008000ff32 (0x0ff77713) andi    a4, a4, 255
core   0: 3 0x000000008000ff32 (0x0ff77713) x14 0x0000000000000000
core   0: 0x000000008000ff36 (0x00e78023) sb      a4, 0(a5)
core   0: 3 0x000000008000ff36 (0x00e78023) mem 0x0000000080012051 0x00
core   0: 0x000000008000ff3a (0xfc843703) ld      a4, -56(s0)
core   0: 3 0x000000008000ff3a (0xfc843703) x14 0x0000000080012040 mem 0x0000000080031f38
core   0: 0x000000008000ff3e (0xfb843783) ld      a5, -72(s0)
core   0: 3 0x000000008000ff3e (0xfb843783) x15 0x000000000000009c mem 0x0000000080031f28
core   0: 0x000000008000ff42 (0x000097ba) c.add   a5, a4
core   0: 3 0x000000008000ff42 (0x97ba) x15 0x00000000800120dc
core   0: 0x000000008000ff44 (0xfe043703) ld      a4, -32(s0)
core   0: 3 0x000000008000ff44 (0xfe043703) x14 0x0000000080012052 mem 0x0000000080031f50
core   0: 0x000000008000ff48 (0xfcf76de3) bltu    a4, a5, pc - 38
core   0: 3 0x000000008000ff48 (0xfcf76de3)
core   0: 0x000000008000ff22 (0xfe043783) ld      a5, -32(s0)
core   0: 3 0x000000008000ff22 (0xfe043783) x15 0x0000000080012052 mem 0x0000000080031f50
core   0: 0x000000008000ff26 (0x00178713) addi    a4, a5, 1
core   0: 3 0x000000008000ff26 (0x00178713) x14 0x0000000080012053
core   0: 0x000000008000ff2a (0xfee43023) sd      a4, -32(s0)
core   0: 3 0x000000008000ff2a (0xfee43023) mem 0x0000000080031f50 0x0000000080012053
core   0: 0x000000008000ff2e (0xfc442703) lw      a4, -60(s0)
core   0: 3 0x000000008000ff2e (0xfc442703) x14 0x0000000000000000 mem 0x0000000080031f34
core   0: 0x000000008000ff32 (0x0ff77713) andi    a4, a4, 255
core   0: 3 0x000000008000ff32 (0x0ff77713) x14 0x0000000000000000
core   0: 0x000000008000ff36 (0x00e78023) sb      a4, 0(a5)
core   0: 3 0x000000008000ff36 (0x00e78023) mem 0x0000000080012052 0x00
core   0: 0x000000008000ff3a (0xfc843703) ld      a4, -56(s0)
core   0: 3 0x000000008000ff3a (0xfc843703) x14 0x0000000080012040 mem 0x0000000080031f38
core   0: 0x000000008000ff3e (0xfb843783) ld      a5, -72(s0)
core   0: 3 0x000000008000ff3e (0xfb843783) x15 0x000000000000009c mem 0x0000000080031f28
core   0: 0x000000008000ff42 (0x000097ba) c.add   a5, a4
core   0: 3 0x000000008000ff42 (0x97ba) x15 0x00000000800120dc
core   0: 0x000000008000ff44 (0xfe043703) ld      a4, -32(s0)
core   0: 3 0x000000008000ff44 (0xfe043703) x14 0x0000000080012053 mem 0x0000000080031f50
core   0: 0x000000008000ff48 (0xfcf76de3) bltu    a4, a5, pc - 38
core   0: 3 0x000000008000ff48 (0xfcf76de3)
core   0: 0x000000008000ff22 (0xfe043783) ld      a5, -32(s0)
core   0: 3 0x000000008000ff22 (0xfe043783) x15 0x0000000080012053 mem 0x0000000080031f50
core   0: 0x000000008000ff26 (0x00178713) addi    a4, a5, 1
core   0: 3 0x000000008000ff26 (0x00178713) x14 0x0000000080012054
core   0: 0x000000008000ff2a (0xfee43023) sd      a4, -32(s0)
core   0: 3 0x000000008000ff2a (0xfee43023) mem 0x0000000080031f50 0x0000000080012054
core   0: 0x000000008000ff2e (0xfc442703) lw      a4, -60(s0)
core   0: 3 0x000000008000ff2e (0xfc442703) x14 0x0000000000000000 mem 0x0000000080031f34
core   0: 0x000000008000ff32 (0x0ff77713) andi    a4, a4, 255
core   0: 3 0x000000008000ff32 (0x0ff77713) x14 0x0000000000000000
core   0: 0x000000008000ff36 (0x00e78023) sb      a4, 0(a5)
core   0: 3 0x000000008000ff36 (0x00e78023) mem 0x0000000080012053 0x00
core   0: 0x000000008000ff3a (0xfc843703) ld      a4, -56(s0)
core   0: 3 0x000000008000ff3a (0xfc843703) x14 0x0000000080012040 mem 0x0000000080031f38
core   0: 0x000000008000ff3e (0xfb843783) ld      a5, -72(s0)
core   0: 3 0x000000008000ff3e (0xfb843783) x15 0x000000000000009c mem 0x0000000080031f28
core   0: 0x000000008000ff42 (0x000097ba) c.add   a5, a4
core   0: 3 0x000000008000ff42 (0x97ba) x15 0x00000000800120dc
core   0: 0x000000008000ff44 (0xfe043703) ld      a4, -32(s0)
core   0: 3 0x000000008000ff44 (0xfe043703) x14 0x0000000080012054 mem 0x0000000080031f50
core   0: 0x000000008000ff48 (0xfcf76de3) bltu    a4, a5, pc - 38
core   0: 3 0x000000008000ff48 (0xfcf76de3)
core   0: 0x000000008000ff22 (0xfe043783) ld      a5, -32(s0)
core   0: 3 0x000000008000ff22 (0xfe043783) x15 0x0000000080012054 mem 0x0000000080031f50
core   0: 0x000000008000ff26 (0x00178713) addi    a4, a5, 1
core   0: 3 0x000000008000ff26 (0x00178713) x14 0x0000000080012055
core   0: 0x000000008000ff2a (0xfee43023) sd      a4, -32(s0)
core   0: 3 0x000000008000ff2a (0xfee43023) mem 0x0000000080031f50 0x0000000080012055
core   0: 0x000000008000ff2e (0xfc442703) lw      a4, -60(s0)
core   0: 3 0x000000008000ff2e (0xfc442703) x14 0x0000000000000000 mem 0x0000000080031f34
core   0: 0x000000008000ff32 (0x0ff77713) andi    a4, a4, 255
core   0: 3 0x000000008000ff32 (0x0ff77713) x14 0x0000000000000000
core   0: 0x000000008000ff36 (0x00e78023) sb      a4, 0(a5)
core   0: 3 0x000000008000ff36 (0x00e78023) mem 0x0000000080012054 0x00
core   0: 0x000000008000ff3a (0xfc843703) ld      a4, -56(s0)
core   0: 3 0x000000008000ff3a (0xfc843703) x14 0x0000000080012040 mem 0x0000000080031f38
core   0: 0x000000008000ff3e (0xfb843783) ld      a5, -72(s0)
core   0: 3 0x000000008000ff3e (0xfb843783) x15 0x000000000000009c mem 0x0000000080031f28
core   0: 0x000000008000ff42 (0x000097ba) c.add   a5, a4
core   0: 3 0x000000008000ff42 (0x97ba) x15 0x00000000800120dc
core   0: 0x000000008000ff44 (0xfe043703) ld      a4, -32(s0)
core   0: 3 0x000000008000ff44 (0xfe043703) x14 0x0000000080012055 mem 0x0000000080031f50
core   0: 0x000000008000ff48 (0xfcf76de3) bltu    a4, a5, pc - 38
core   0: 3 0x000000008000ff48 (0xfcf76de3)
core   0: 0x000000008000ff22 (0xfe043783) ld      a5, -32(s0)
core   0: 3 0x000000008000ff22 (0xfe043783) x15 0x0000000080012055 mem 0x0000000080031f50
core   0: 0x000000008000ff26 (0x00178713) addi    a4, a5, 1
core   0: 3 0x000000008000ff26 (0x00178713) x14 0x0000000080012056
core   0: 0x000000008000ff2a (0xfee43023) sd      a4, -32(s0)
core   0: 3 0x000000008000ff2a (0xfee43023) mem 0x0000000080031f50 0x0000000080012056
core   0: 0x000000008000ff2e (0xfc442703) lw      a4, -60(s0)
core   0: 3 0x000000008000ff2e (0xfc442703) x14 0x0000000000000000 mem 0x0000000080031f34
core   0: 0x000000008000ff32 (0x0ff77713) andi    a4, a4, 255
core   0: 3 0x000000008000ff32 (0x0ff77713) x14 0x0000000000000000
core   0: 0x000000008000ff36 (0x00e78023) sb      a4, 0(a5)
core   0: 3 0x000000008000ff36 (0x00e78023) mem 0x0000000080012055 0x00
core   0: 0x000000008000ff3a (0xfc843703) ld      a4, -56(s0)
core   0: 3 0x000000008000ff3a (0xfc843703) x14 0x0000000080012040 mem 0x0000000080031f38
core   0: 0x000000008000ff3e (0xfb843783) ld      a5, -72(s0)
core   0: 3 0x000000008000ff3e (0xfb843783) x15 0x000000000000009c mem 0x0000000080031f28
core   0: 0x000000008000ff42 (0x000097ba) c.add   a5, a4
core   0: 3 0x000000008000ff42 (0x97ba) x15 0x00000000800120dc
core   0: 0x000000008000ff44 (0xfe043703) ld      a4, -32(s0)
core   0: 3 0x000000008000ff44 (0xfe043703) x14 0x0000000080012056 mem 0x0000000080031f50
core   0: 0x000000008000ff48 (0xfcf76de3) bltu    a4, a5, pc - 38
core   0: 3 0x000000008000ff48 (0xfcf76de3)
core   0: 0x000000008000ff22 (0xfe043783) ld      a5, -32(s0)
core   0: 3 0x000000008000ff22 (0xfe043783) x15 0x0000000080012056 mem 0x0000000080031f50
core   0: 0x000000008000ff26 (0x00178713) addi    a4, a5, 1
core   0: 3 0x000000008000ff26 (0x00178713) x14 0x0000000080012057
core   0: 0x000000008000ff2a (0xfee43023) sd      a4, -32(s0)
core   0: 3 0x000000008000ff2a (0xfee43023) mem 0x0000000080031f50 0x0000000080012057
core   0: 0x000000008000ff2e (0xfc442703) lw      a4, -60(s0)
core   0: 3 0x000000008000ff2e (0xfc442703) x14 0x0000000000000000 mem 0x0000000080031f34
core   0: 0x000000008000ff32 (0x0ff77713) andi    a4, a4, 255
core   0: 3 0x000000008000ff32 (0x0ff77713) x14 0x0000000000000000
core   0: 0x000000008000ff36 (0x00e78023) sb      a4, 0(a5)
core   0: 3 0x000000008000ff36 (0x00e78023) mem 0x0000000080012056 0x00
core   0: 0x000000008000ff3a (0xfc843703) ld      a4, -56(s0)
core   0: 3 0x000000008000ff3a (0xfc843703) x14 0x0000000080012040 mem 0x0000000080031f38
core   0: 0x000000008000ff3e (0xfb843783) ld      a5, -72(s0)
core   0: 3 0x000000008000ff3e (0xfb843783) x15 0x000000000000009c mem 0x0000000080031f28
core   0: 0x000000008000ff42 (0x000097ba) c.add   a5, a4
core   0: 3 0x000000008000ff42 (0x97ba) x15 0x00000000800120dc
core   0: 0x000000008000ff44 (0xfe043703) ld      a4, -32(s0)
core   0: 3 0x000000008000ff44 (0xfe043703) x14 0x0000000080012057 mem 0x0000000080031f50
core   0: 0x000000008000ff48 (0xfcf76de3) bltu    a4, a5, pc - 38
core   0: 3 0x000000008000ff48 (0xfcf76de3)
core   0: 0x000000008000ff22 (0xfe043783) ld      a5, -32(s0)
core   0: 3 0x000000008000ff22 (0xfe043783) x15 0x0000000080012057 mem 0x0000000080031f50
core   0: 0x000000008000ff26 (0x00178713) addi    a4, a5, 1
core   0: 3 0x000000008000ff26 (0x00178713) x14 0x0000000080012058
core   0: 0x000000008000ff2a (0xfee43023) sd      a4, -32(s0)
core   0: 3 0x000000008000ff2a (0xfee43023) mem 0x0000000080031f50 0x0000000080012058
core   0: 0x000000008000ff2e (0xfc442703) lw      a4, -60(s0)
core   0: 3 0x000000008000ff2e (0xfc442703) x14 0x0000000000000000 mem 0x0000000080031f34
core   0: 0x000000008000ff32 (0x0ff77713) andi    a4, a4, 255
core   0: 3 0x000000008000ff32 (0x0ff77713) x14 0x0000000000000000
core   0: 0x000000008000ff36 (0x00e78023) sb      a4, 0(a5)
core   0: 3 0x000000008000ff36 (0x00e78023) mem 0x0000000080012057 0x00
core   0: 0x000000008000ff3a (0xfc843703) ld      a4, -56(s0)
core   0: 3 0x000000008000ff3a (0xfc843703) x14 0x0000000080012040 mem 0x0000000080031f38
core   0: 0x000000008000ff3e (0xfb843783) ld      a5, -72(s0)
core   0: 3 0x000000008000ff3e (0xfb843783) x15 0x000000000000009c mem 0x0000000080031f28
core   0: 0x000000008000ff42 (0x000097ba) c.add   a5, a4
core   0: 3 0x000000008000ff42 (0x97ba) x15 0x00000000800120dc
core   0: 0x000000008000ff44 (0xfe043703) ld      a4, -32(s0)
core   0: 3 0x000000008000ff44 (0xfe043703) x14 0x0000000080012058 mem 0x0000000080031f50
core   0: 0x000000008000ff48 (0xfcf76de3) bltu    a4, a5, pc - 38
core   0: 3 0x000000008000ff48 (0xfcf76de3)
core   0: 0x000000008000ff22 (0xfe043783) ld      a5, -32(s0)
core   0: 3 0x000000008000ff22 (0xfe043783) x15 0x0000000080012058 mem 0x0000000080031f50
core   0: 0x000000008000ff26 (0x00178713) addi    a4, a5, 1
core   0: 3 0x000000008000ff26 (0x00178713) x14 0x0000000080012059
core   0: 0x000000008000ff2a (0xfee43023) sd      a4, -32(s0)
core   0: 3 0x000000008000ff2a (0xfee43023) mem 0x0000000080031f50 0x0000000080012059
core   0: 0x000000008000ff2e (0xfc442703) lw      a4, -60(s0)
core   0: 3 0x000000008000ff2e (0xfc442703) x14 0x0000000000000000 mem 0x0000000080031f34
core   0: 0x000000008000ff32 (0x0ff77713) andi    a4, a4, 255
core   0: 3 0x000000008000ff32 (0x0ff77713) x14 0x0000000000000000
core   0: 0x000000008000ff36 (0x00e78023) sb      a4, 0(a5)
core   0: 3 0x000000008000ff36 (0x00e78023) mem 0x0000000080012058 0x00
core   0: 0x000000008000ff3a (0xfc843703) ld      a4, -56(s0)
core   0: 3 0x000000008000ff3a (0xfc843703) x14 0x0000000080012040 mem 0x0000000080031f38
core   0: 0x000000008000ff3e (0xfb843783) ld      a5, -72(s0)
core   0: 3 0x000000008000ff3e (0xfb843783) x15 0x000000000000009c mem 0x0000000080031f28
core   0: 0x000000008000ff42 (0x000097ba) c.add   a5, a4
core   0: 3 0x000000008000ff42 (0x97ba) x15 0x00000000800120dc
core   0: 0x000000008000ff44 (0xfe043703) ld      a4, -32(s0)
core   0: 3 0x000000008000ff44 (0xfe043703) x14 0x0000000080012059 mem 0x0000000080031f50
core   0: 0x000000008000ff48 (0xfcf76de3) bltu    a4, a5, pc - 38
core   0: 3 0x000000008000ff48 (0xfcf76de3)
core   0: 0x000000008000ff22 (0xfe043783) ld      a5, -32(s0)
core   0: 3 0x000000008000ff22 (0xfe043783) x15 0x0000000080012059 mem 0x0000000080031f50
core   0: 0x000000008000ff26 (0x00178713) addi    a4, a5, 1
core   0: 3 0x000000008000ff26 (0x00178713) x14 0x000000008001205a
core   0: 0x000000008000ff2a (0xfee43023) sd      a4, -32(s0)
core   0: 3 0x000000008000ff2a (0xfee43023) mem 0x0000000080031f50 0x000000008001205a
core   0: 0x000000008000ff2e (0xfc442703) lw      a4, -60(s0)
core   0: 3 0x000000008000ff2e (0xfc442703) x14 0x0000000000000000 mem 0x0000000080031f34
core   0: 0x000000008000ff32 (0x0ff77713) andi    a4, a4, 255
core   0: 3 0x000000008000ff32 (0x0ff77713) x14 0x0000000000000000
core   0: 0x000000008000ff36 (0x00e78023) sb      a4, 0(a5)
core   0: 3 0x000000008000ff36 (0x00e78023) mem 0x0000000080012059 0x00
core   0: 0x000000008000ff3a (0xfc843703) ld      a4, -56(s0)
core   0: 3 0x000000008000ff3a (0xfc843703) x14 0x0000000080012040 mem 0x0000000080031f38
core   0: 0x000000008000ff3e (0xfb843783) ld      a5, -72(s0)
core   0: 3 0x000000008000ff3e (0xfb843783) x15 0x000000000000009c mem 0x0000000080031f28
core   0: 0x000000008000ff42 (0x000097ba) c.add   a5, a4
core   0: 3 0x000000008000ff42 (0x97ba) x15 0x00000000800120dc
core   0: 0x000000008000ff44 (0xfe043703) ld      a4, -32(s0)
core   0: 3 0x000000008000ff44 (0xfe043703) x14 0x000000008001205a mem 0x0000000080031f50
core   0: 0x000000008000ff48 (0xfcf76de3) bltu    a4, a5, pc - 38
core   0: 3 0x000000008000ff48 (0xfcf76de3)
core   0: 0x000000008000ff22 (0xfe043783) ld      a5, -32(s0)
core   0: 3 0x000000008000ff22 (0xfe043783) x15 0x000000008001205a mem 0x0000000080031f50
core   0: 0x000000008000ff26 (0x00178713) addi    a4, a5, 1
core   0: 3 0x000000008000ff26 (0x00178713) x14 0x000000008001205b
core   0: 0x000000008000ff2a (0xfee43023) sd      a4, -32(s0)
core   0: 3 0x000000008000ff2a (0xfee43023) mem 0x0000000080031f50 0x000000008001205b
core   0: 0x000000008000ff2e (0xfc442703) lw      a4, -60(s0)
core   0: 3 0x000000008000ff2e (0xfc442703) x14 0x0000000000000000 mem 0x0000000080031f34
core   0: 0x000000008000ff32 (0x0ff77713) andi    a4, a4, 255
core   0: 3 0x000000008000ff32 (0x0ff77713) x14 0x0000000000000000
core   0: 0x000000008000ff36 (0x00e78023) sb      a4, 0(a5)
core   0: 3 0x000000008000ff36 (0x00e78023) mem 0x000000008001205a 0x00
core   0: 0x000000008000ff3a (0xfc843703) ld      a4, -56(s0)
core   0: 3 0x000000008000ff3a (0xfc843703) x14 0x0000000080012040 mem 0x0000000080031f38
core   0: 0x000000008000ff3e (0xfb843783) ld      a5, -72(s0)
core   0: 3 0x000000008000ff3e (0xfb843783) x15 0x000000000000009c mem 0x0000000080031f28
core   0: 0x000000008000ff42 (0x000097ba) c.add   a5, a4
core   0: 3 0x000000008000ff42 (0x97ba) x15 0x00000000800120dc
core   0: 0x000000008000ff44 (0xfe043703) ld      a4, -32(s0)
core   0: 3 0x000000008000ff44 (0xfe043703) x14 0x000000008001205b mem 0x0000000080031f50
core   0: 0x000000008000ff48 (0xfcf76de3) bltu    a4, a5, pc - 38
core   0: 3 0x000000008000ff48 (0xfcf76de3)
core   0: 0x000000008000ff22 (0xfe043783) ld      a5, -32(s0)
core   0: 3 0x000000008000ff22 (0xfe043783) x15 0x000000008001205b mem 0x0000000080031f50
core   0: 0x000000008000ff26 (0x00178713) addi    a4, a5, 1
core   0: 3 0x000000008000ff26 (0x00178713) x14 0x000000008001205c
core   0: 0x000000008000ff2a (0xfee43023) sd      a4, -32(s0)
core   0: 3 0x000000008000ff2a (0xfee43023) mem 0x0000000080031f50 0x000000008001205c
core   0: 0x000000008000ff2e (0xfc442703) lw      a4, -60(s0)
core   0: 3 0x000000008000ff2e (0xfc442703) x14 0x0000000000000000 mem 0x0000000080031f34
core   0: 0x000000008000ff32 (0x0ff77713) andi    a4, a4, 255
core   0: 3 0x000000008000ff32 (0x0ff77713) x14 0x0000000000000000
core   0: 0x000000008000ff36 (0x00e78023) sb      a4, 0(a5)
core   0: 3 0x000000008000ff36 (0x00e78023) mem 0x000000008001205b 0x00
core   0: 0x000000008000ff3a (0xfc843703) ld      a4, -56(s0)
core   0: 3 0x000000008000ff3a (0xfc843703) x14 0x0000000080012040 mem 0x0000000080031f38
core   0: 0x000000008000ff3e (0xfb843783) ld      a5, -72(s0)
core   0: 3 0x000000008000ff3e (0xfb843783) x15 0x000000000000009c mem 0x0000000080031f28
core   0: 0x000000008000ff42 (0x000097ba) c.add   a5, a4
core   0: 3 0x000000008000ff42 (0x97ba) x15 0x00000000800120dc
core   0: 0x000000008000ff44 (0xfe043703) ld      a4, -32(s0)
core   0: 3 0x000000008000ff44 (0xfe043703) x14 0x000000008001205c mem 0x0000000080031f50
core   0: 0x000000008000ff48 (0xfcf76de3) bltu    a4, a5, pc - 38
core   0: 3 0x000000008000ff48 (0xfcf76de3)
core   0: 0x000000008000ff22 (0xfe043783) ld      a5, -32(s0)
core   0: 3 0x000000008000ff22 (0xfe043783) x15 0x000000008001205c mem 0x0000000080031f50
core   0: 0x000000008000ff26 (0x00178713) addi    a4, a5, 1
core   0: 3 0x000000008000ff26 (0x00178713) x14 0x000000008001205d
core   0: 0x000000008000ff2a (0xfee43023) sd      a4, -32(s0)
core   0: 3 0x000000008000ff2a (0xfee43023) mem 0x0000000080031f50 0x000000008001205d
core   0: 0x000000008000ff2e (0xfc442703) lw      a4, -60(s0)
core   0: 3 0x000000008000ff2e (0xfc442703) x14 0x0000000000000000 mem 0x0000000080031f34
core   0: 0x000000008000ff32 (0x0ff77713) andi    a4, a4, 255
core   0: 3 0x000000008000ff32 (0x0ff77713) x14 0x0000000000000000
core   0: 0x000000008000ff36 (0x00e78023) sb      a4, 0(a5)
core   0: 3 0x000000008000ff36 (0x00e78023) mem 0x000000008001205c 0x00
core   0: 0x000000008000ff3a (0xfc843703) ld      a4, -56(s0)
core   0: 3 0x000000008000ff3a (0xfc843703) x14 0x0000000080012040 mem 0x0000000080031f38
core   0: 0x000000008000ff3e (0xfb843783) ld      a5, -72(s0)
core   0: 3 0x000000008000ff3e (0xfb843783) x15 0x000000000000009c mem 0x0000000080031f28
core   0: 0x000000008000ff42 (0x000097ba) c.add   a5, a4
core   0: 3 0x000000008000ff42 (0x97ba) x15 0x00000000800120dc
core   0: 0x000000008000ff44 (0xfe043703) ld      a4, -32(s0)
core   0: 3 0x000000008000ff44 (0xfe043703) x14 0x000000008001205d mem 0x0000000080031f50
core   0: 0x000000008000ff48 (0xfcf76de3) bltu    a4, a5, pc - 38
core   0: 3 0x000000008000ff48 (0xfcf76de3)
core   0: 0x000000008000ff22 (0xfe043783) ld      a5, -32(s0)
core   0: 3 0x000000008000ff22 (0xfe043783) x15 0x000000008001205d mem 0x0000000080031f50
core   0: 0x000000008000ff26 (0x00178713) addi    a4, a5, 1
core   0: 3 0x000000008000ff26 (0x00178713) x14 0x000000008001205e
core   0: 0x000000008000ff2a (0xfee43023) sd      a4, -32(s0)
core   0: 3 0x000000008000ff2a (0xfee43023) mem 0x0000000080031f50 0x000000008001205e
core   0: 0x000000008000ff2e (0xfc442703) lw      a4, -60(s0)
core   0: 3 0x000000008000ff2e (0xfc442703) x14 0x0000000000000000 mem 0x0000000080031f34
core   0: 0x000000008000ff32 (0x0ff77713) andi    a4, a4, 255
core   0: 3 0x000000008000ff32 (0x0ff77713) x14 0x0000000000000000
core   0: 0x000000008000ff36 (0x00e78023) sb      a4, 0(a5)
core   0: 3 0x000000008000ff36 (0x00e78023) mem 0x000000008001205d 0x00
core   0: 0x000000008000ff3a (0xfc843703) ld      a4, -56(s0)
core   0: 3 0x000000008000ff3a (0xfc843703) x14 0x0000000080012040 mem 0x0000000080031f38
core   0: 0x000000008000ff3e (0xfb843783) ld      a5, -72(s0)
core   0: 3 0x000000008000ff3e (0xfb843783) x15 0x000000000000009c mem 0x0000000080031f28
core   0: 0x000000008000ff42 (0x000097ba) c.add   a5, a4
core   0: 3 0x000000008000ff42 (0x97ba) x15 0x00000000800120dc
core   0: 0x000000008000ff44 (0xfe043703) ld      a4, -32(s0)
core   0: 3 0x000000008000ff44 (0xfe043703) x14 0x000000008001205e mem 0x0000000080031f50
core   0: 0x000000008000ff48 (0xfcf76de3) bltu    a4, a5, pc - 38
core   0: 3 0x000000008000ff48 (0xfcf76de3)
core   0: 0x000000008000ff22 (0xfe043783) ld      a5, -32(s0)
core   0: 3 0x000000008000ff22 (0xfe043783) x15 0x000000008001205e mem 0x0000000080031f50
core   0: 0x000000008000ff26 (0x00178713) addi    a4, a5, 1
core   0: 3 0x000000008000ff26 (0x00178713) x14 0x000000008001205f
core   0: 0x000000008000ff2a (0xfee43023) sd      a4, -32(s0)
core   0: 3 0x000000008000ff2a (0xfee43023) mem 0x0000000080031f50 0x000000008001205f
core   0: 0x000000008000ff2e (0xfc442703) lw      a4, -60(s0)
core   0: 3 0x000000008000ff2e (0xfc442703) x14 0x0000000000000000 mem 0x0000000080031f34
core   0: 0x000000008000ff32 (0x0ff77713) andi    a4, a4, 255
core   0: 3 0x000000008000ff32 (0x0ff77713) x14 0x0000000000000000
core   0: 0x000000008000ff36 (0x00e78023) sb      a4, 0(a5)
core   0: 3 0x000000008000ff36 (0x00e78023) mem 0x000000008001205e 0x00
core   0: 0x000000008000ff3a (0xfc843703) ld      a4, -56(s0)
core   0: 3 0x000000008000ff3a (0xfc843703) x14 0x0000000080012040 mem 0x0000000080031f38
core   0: 0x000000008000ff3e (0xfb843783) ld      a5, -72(s0)
core   0: 3 0x000000008000ff3e (0xfb843783) x15 0x000000000000009c mem 0x0000000080031f28
core   0: 0x000000008000ff42 (0x000097ba) c.add   a5, a4
core   0: 3 0x000000008000ff42 (0x97ba) x15 0x00000000800120dc
core   0: 0x000000008000ff44 (0xfe043703) ld      a4, -32(s0)
core   0: 3 0x000000008000ff44 (0xfe043703) x14 0x000000008001205f mem 0x0000000080031f50
core   0: 0x000000008000ff48 (0xfcf76de3) bltu    a4, a5, pc - 38
core   0: 3 0x000000008000ff48 (0xfcf76de3)
core   0: 0x000000008000ff22 (0xfe043783) ld      a5, -32(s0)
core   0: 3 0x000000008000ff22 (0xfe043783) x15 0x000000008001205f mem 0x0000000080031f50
core   0: 0x000000008000ff26 (0x00178713) addi    a4, a5, 1
core   0: 3 0x000000008000ff26 (0x00178713) x14 0x0000000080012060
core   0: 0x000000008000ff2a (0xfee43023) sd      a4, -32(s0)
core   0: 3 0x000000008000ff2a (0xfee43023) mem 0x0000000080031f50 0x0000000080012060
core   0: 0x000000008000ff2e (0xfc442703) lw      a4, -60(s0)
core   0: 3 0x000000008000ff2e (0xfc442703) x14 0x0000000000000000 mem 0x0000000080031f34
core   0: 0x000000008000ff32 (0x0ff77713) andi    a4, a4, 255
core   0: 3 0x000000008000ff32 (0x0ff77713) x14 0x0000000000000000
core   0: 0x000000008000ff36 (0x00e78023) sb      a4, 0(a5)
core   0: 3 0x000000008000ff36 (0x00e78023) mem 0x000000008001205f 0x00
core   0: 0x000000008000ff3a (0xfc843703) ld      a4, -56(s0)
core   0: 3 0x000000008000ff3a (0xfc843703) x14 0x0000000080012040 mem 0x0000000080031f38
core   0: 0x000000008000ff3e (0xfb843783) ld      a5, -72(s0)
core   0: 3 0x000000008000ff3e (0xfb843783) x15 0x000000000000009c mem 0x0000000080031f28
core   0: 0x000000008000ff42 (0x000097ba) c.add   a5, a4
core   0: 3 0x000000008000ff42 (0x97ba) x15 0x00000000800120dc
core   0: 0x000000008000ff44 (0xfe043703) ld      a4, -32(s0)
core   0: 3 0x000000008000ff44 (0xfe043703) x14 0x0000000080012060 mem 0x0000000080031f50
core   0: 0x000000008000ff48 (0xfcf76de3) bltu    a4, a5, pc - 38
core   0: 3 0x000000008000ff48 (0xfcf76de3)
core   0: 0x000000008000ff22 (0xfe043783) ld      a5, -32(s0)
core   0: 3 0x000000008000ff22 (0xfe043783) x15 0x0000000080012060 mem 0x0000000080031f50
core   0: 0x000000008000ff26 (0x00178713) addi    a4, a5, 1
core   0: 3 0x000000008000ff26 (0x00178713) x14 0x0000000080012061
core   0: 0x000000008000ff2a (0xfee43023) sd      a4, -32(s0)
core   0: 3 0x000000008000ff2a (0xfee43023) mem 0x0000000080031f50 0x0000000080012061
core   0: 0x000000008000ff2e (0xfc442703) lw      a4, -60(s0)
core   0: 3 0x000000008000ff2e (0xfc442703) x14 0x0000000000000000 mem 0x0000000080031f34
core   0: 0x000000008000ff32 (0x0ff77713) andi    a4, a4, 255
core   0: 3 0x000000008000ff32 (0x0ff77713) x14 0x0000000000000000
core   0: 0x000000008000ff36 (0x00e78023) sb      a4, 0(a5)
core   0: 3 0x000000008000ff36 (0x00e78023) mem 0x0000000080012060 0x00
core   0: 0x000000008000ff3a (0xfc843703) ld      a4, -56(s0)
core   0: 3 0x000000008000ff3a (0xfc843703) x14 0x0000000080012040 mem 0x0000000080031f38
core   0: 0x000000008000ff3e (0xfb843783) ld      a5, -72(s0)
core   0: 3 0x000000008000ff3e (0xfb843783) x15 0x000000000000009c mem 0x0000000080031f28
core   0: 0x000000008000ff42 (0x000097ba) c.add   a5, a4
core   0: 3 0x000000008000ff42 (0x97ba) x15 0x00000000800120dc
core   0: 0x000000008000ff44 (0xfe043703) ld      a4, -32(s0)
core   0: 3 0x000000008000ff44 (0xfe043703) x14 0x0000000080012061 mem 0x0000000080031f50
core   0: 0x000000008000ff48 (0xfcf76de3) bltu    a4, a5, pc - 38
core   0: 3 0x000000008000ff48 (0xfcf76de3)
core   0: 0x000000008000ff22 (0xfe043783) ld      a5, -32(s0)
core   0: 3 0x000000008000ff22 (0xfe043783) x15 0x0000000080012061 mem 0x0000000080031f50
core   0: 0x000000008000ff26 (0x00178713) addi    a4, a5, 1
core   0: 3 0x000000008000ff26 (0x00178713) x14 0x0000000080012062
core   0: 0x000000008000ff2a (0xfee43023) sd      a4, -32(s0)
core   0: 3 0x000000008000ff2a (0xfee43023) mem 0x0000000080031f50 0x0000000080012062
core   0: 0x000000008000ff2e (0xfc442703) lw      a4, -60(s0)
core   0: 3 0x000000008000ff2e (0xfc442703) x14 0x0000000000000000 mem 0x0000000080031f34
core   0: 0x000000008000ff32 (0x0ff77713) andi    a4, a4, 255
core   0: 3 0x000000008000ff32 (0x0ff77713) x14 0x0000000000000000
core   0: 0x000000008000ff36 (0x00e78023) sb      a4, 0(a5)
core   0: 3 0x000000008000ff36 (0x00e78023) mem 0x0000000080012061 0x00
core   0: 0x000000008000ff3a (0xfc843703) ld      a4, -56(s0)
core   0: 3 0x000000008000ff3a (0xfc843703) x14 0x0000000080012040 mem 0x0000000080031f38
core   0: 0x000000008000ff3e (0xfb843783) ld      a5, -72(s0)
core   0: 3 0x000000008000ff3e (0xfb843783) x15 0x000000000000009c mem 0x0000000080031f28
core   0: 0x000000008000ff42 (0x000097ba) c.add   a5, a4
core   0: 3 0x000000008000ff42 (0x97ba) x15 0x00000000800120dc
core   0: 0x000000008000ff44 (0xfe043703) ld      a4, -32(s0)
core   0: 3 0x000000008000ff44 (0xfe043703) x14 0x0000000080012062 mem 0x0000000080031f50
core   0: 0x000000008000ff48 (0xfcf76de3) bltu    a4, a5, pc - 38
core   0: 3 0x000000008000ff48 (0xfcf76de3)
core   0: 0x000000008000ff22 (0xfe043783) ld      a5, -32(s0)
core   0: 3 0x000000008000ff22 (0xfe043783) x15 0x0000000080012062 mem 0x0000000080031f50
core   0: 0x000000008000ff26 (0x00178713) addi    a4, a5, 1
core   0: 3 0x000000008000ff26 (0x00178713) x14 0x0000000080012063
core   0: 0x000000008000ff2a (0xfee43023) sd      a4, -32(s0)
core   0: 3 0x000000008000ff2a (0xfee43023) mem 0x0000000080031f50 0x0000000080012063
core   0: 0x000000008000ff2e (0xfc442703) lw      a4, -60(s0)
core   0: 3 0x000000008000ff2e (0xfc442703) x14 0x0000000000000000 mem 0x0000000080031f34
core   0: 0x000000008000ff32 (0x0ff77713) andi    a4, a4, 255
core   0: 3 0x000000008000ff32 (0x0ff77713) x14 0x0000000000000000
core   0: 0x000000008000ff36 (0x00e78023) sb      a4, 0(a5)
core   0: 3 0x000000008000ff36 (0x00e78023) mem 0x0000000080012062 0x00
core   0: 0x000000008000ff3a (0xfc843703) ld      a4, -56(s0)
core   0: 3 0x000000008000ff3a (0xfc843703) x14 0x0000000080012040 mem 0x0000000080031f38
core   0: 0x000000008000ff3e (0xfb843783) ld      a5, -72(s0)
core   0: 3 0x000000008000ff3e (0xfb843783) x15 0x000000000000009c mem 0x0000000080031f28
core   0: 0x000000008000ff42 (0x000097ba) c.add   a5, a4
core   0: 3 0x000000008000ff42 (0x97ba) x15 0x00000000800120dc
core   0: 0x000000008000ff44 (0xfe043703) ld      a4, -32(s0)
core   0: 3 0x000000008000ff44 (0xfe043703) x14 0x0000000080012063 mem 0x0000000080031f50
core   0: 0x000000008000ff48 (0xfcf76de3) bltu    a4, a5, pc - 38
core   0: 3 0x000000008000ff48 (0xfcf76de3)
core   0: 0x000000008000ff22 (0xfe043783) ld      a5, -32(s0)
core   0: 3 0x000000008000ff22 (0xfe043783) x15 0x0000000080012063 mem 0x0000000080031f50
core   0: 0x000000008000ff26 (0x00178713) addi    a4, a5, 1
core   0: 3 0x000000008000ff26 (0x00178713) x14 0x0000000080012064
core   0: 0x000000008000ff2a (0xfee43023) sd      a4, -32(s0)
core   0: 3 0x000000008000ff2a (0xfee43023) mem 0x0000000080031f50 0x0000000080012064
core   0: 0x000000008000ff2e (0xfc442703) lw      a4, -60(s0)
core   0: 3 0x000000008000ff2e (0xfc442703) x14 0x0000000000000000 mem 0x0000000080031f34
core   0: 0x000000008000ff32 (0x0ff77713) andi    a4, a4, 255
core   0: 3 0x000000008000ff32 (0x0ff77713) x14 0x0000000000000000
core   0: 0x000000008000ff36 (0x00e78023) sb      a4, 0(a5)
core   0: 3 0x000000008000ff36 (0x00e78023) mem 0x0000000080012063 0x00
core   0: 0x000000008000ff3a (0xfc843703) ld      a4, -56(s0)
core   0: 3 0x000000008000ff3a (0xfc843703) x14 0x0000000080012040 mem 0x0000000080031f38
core   0: 0x000000008000ff3e (0xfb843783) ld      a5, -72(s0)
core   0: 3 0x000000008000ff3e (0xfb843783) x15 0x000000000000009c mem 0x0000000080031f28
core   0: 0x000000008000ff42 (0x000097ba) c.add   a5, a4
core   0: 3 0x000000008000ff42 (0x97ba) x15 0x00000000800120dc
core   0: 0x000000008000ff44 (0xfe043703) ld      a4, -32(s0)
core   0: 3 0x000000008000ff44 (0xfe043703) x14 0x0000000080012064 mem 0x0000000080031f50
core   0: 0x000000008000ff48 (0xfcf76de3) bltu    a4, a5, pc - 38
core   0: 3 0x000000008000ff48 (0xfcf76de3)
core   0: 0x000000008000ff22 (0xfe043783) ld      a5, -32(s0)
core   0: 3 0x000000008000ff22 (0xfe043783) x15 0x0000000080012064 mem 0x0000000080031f50
core   0: 0x000000008000ff26 (0x00178713) addi    a4, a5, 1
core   0: 3 0x000000008000ff26 (0x00178713) x14 0x0000000080012065
core   0: 0x000000008000ff2a (0xfee43023) sd      a4, -32(s0)
core   0: 3 0x000000008000ff2a (0xfee43023) mem 0x0000000080031f50 0x0000000080012065
core   0: 0x000000008000ff2e (0xfc442703) lw      a4, -60(s0)
core   0: 3 0x000000008000ff2e (0xfc442703) x14 0x0000000000000000 mem 0x0000000080031f34
core   0: 0x000000008000ff32 (0x0ff77713) andi    a4, a4, 255
core   0: 3 0x000000008000ff32 (0x0ff77713) x14 0x0000000000000000
core   0: 0x000000008000ff36 (0x00e78023) sb      a4, 0(a5)
core   0: 3 0x000000008000ff36 (0x00e78023) mem 0x0000000080012064 0x00
core   0: 0x000000008000ff3a (0xfc843703) ld      a4, -56(s0)
core   0: 3 0x000000008000ff3a (0xfc843703) x14 0x0000000080012040 mem 0x0000000080031f38
core   0: 0x000000008000ff3e (0xfb843783) ld      a5, -72(s0)
core   0: 3 0x000000008000ff3e (0xfb843783) x15 0x000000000000009c mem 0x0000000080031f28
core   0: 0x000000008000ff42 (0x000097ba) c.add   a5, a4
core   0: 3 0x000000008000ff42 (0x97ba) x15 0x00000000800120dc
core   0: 0x000000008000ff44 (0xfe043703) ld      a4, -32(s0)
core   0: 3 0x000000008000ff44 (0xfe043703) x14 0x0000000080012065 mem 0x0000000080031f50
core   0: 0x000000008000ff48 (0xfcf76de3) bltu    a4, a5, pc - 38
core   0: 3 0x000000008000ff48 (0xfcf76de3)
core   0: 0x000000008000ff22 (0xfe043783) ld      a5, -32(s0)
core   0: 3 0x000000008000ff22 (0xfe043783) x15 0x0000000080012065 mem 0x0000000080031f50
core   0: 0x000000008000ff26 (0x00178713) addi    a4, a5, 1
core   0: 3 0x000000008000ff26 (0x00178713) x14 0x0000000080012066
core   0: 0x000000008000ff2a (0xfee43023) sd      a4, -32(s0)
core   0: 3 0x000000008000ff2a (0xfee43023) mem 0x0000000080031f50 0x0000000080012066
core   0: 0x000000008000ff2e (0xfc442703) lw      a4, -60(s0)
core   0: 3 0x000000008000ff2e (0xfc442703) x14 0x0000000000000000 mem 0x0000000080031f34
core   0: 0x000000008000ff32 (0x0ff77713) andi    a4, a4, 255
core   0: 3 0x000000008000ff32 (0x0ff77713) x14 0x0000000000000000
core   0: 0x000000008000ff36 (0x00e78023) sb      a4, 0(a5)
core   0: 3 0x000000008000ff36 (0x00e78023) mem 0x0000000080012065 0x00
core   0: 0x000000008000ff3a (0xfc843703) ld      a4, -56(s0)
core   0: 3 0x000000008000ff3a (0xfc843703) x14 0x0000000080012040 mem 0x0000000080031f38
core   0: 0x000000008000ff3e (0xfb843783) ld      a5, -72(s0)
core   0: 3 0x000000008000ff3e (0xfb843783) x15 0x000000000000009c mem 0x0000000080031f28
core   0: 0x000000008000ff42 (0x000097ba) c.add   a5, a4
core   0: 3 0x000000008000ff42 (0x97ba) x15 0x00000000800120dc
core   0: 0x000000008000ff44 (0xfe043703) ld      a4, -32(s0)
core   0: 3 0x000000008000ff44 (0xfe043703) x14 0x0000000080012066 mem 0x0000000080031f50
core   0: 0x000000008000ff48 (0xfcf76de3) bltu    a4, a5, pc - 38
core   0: 3 0x000000008000ff48 (0xfcf76de3)
core   0: 0x000000008000ff22 (0xfe043783) ld      a5, -32(s0)
core   0: 3 0x000000008000ff22 (0xfe043783) x15 0x0000000080012066 mem 0x0000000080031f50
core   0: 0x000000008000ff26 (0x00178713) addi    a4, a5, 1
core   0: 3 0x000000008000ff26 (0x00178713) x14 0x0000000080012067
core   0: 0x000000008000ff2a (0xfee43023) sd      a4, -32(s0)
core   0: 3 0x000000008000ff2a (0xfee43023) mem 0x0000000080031f50 0x0000000080012067
core   0: 0x000000008000ff2e (0xfc442703) lw      a4, -60(s0)
core   0: 3 0x000000008000ff2e (0xfc442703) x14 0x0000000000000000 mem 0x0000000080031f34
core   0: 0x000000008000ff32 (0x0ff77713) andi    a4, a4, 255
core   0: 3 0x000000008000ff32 (0x0ff77713) x14 0x0000000000000000
core   0: 0x000000008000ff36 (0x00e78023) sb      a4, 0(a5)
core   0: 3 0x000000008000ff36 (0x00e78023) mem 0x0000000080012066 0x00
core   0: 0x000000008000ff3a (0xfc843703) ld      a4, -56(s0)
core   0: 3 0x000000008000ff3a (0xfc843703) x14 0x0000000080012040 mem 0x0000000080031f38
core   0: 0x000000008000ff3e (0xfb843783) ld      a5, -72(s0)
core   0: 3 0x000000008000ff3e (0xfb843783) x15 0x000000000000009c mem 0x0000000080031f28
core   0: 0x000000008000ff42 (0x000097ba) c.add   a5, a4
core   0: 3 0x000000008000ff42 (0x97ba) x15 0x00000000800120dc
core   0: 0x000000008000ff44 (0xfe043703) ld      a4, -32(s0)
core   0: 3 0x000000008000ff44 (0xfe043703) x14 0x0000000080012067 mem 0x0000000080031f50
core   0: 0x000000008000ff48 (0xfcf76de3) bltu    a4, a5, pc - 38
core   0: 3 0x000000008000ff48 (0xfcf76de3)
core   0: 0x000000008000ff22 (0xfe043783) ld      a5, -32(s0)
core   0: 3 0x000000008000ff22 (0xfe043783) x15 0x0000000080012067 mem 0x0000000080031f50
core   0: 0x000000008000ff26 (0x00178713) addi    a4, a5, 1
core   0: 3 0x000000008000ff26 (0x00178713) x14 0x0000000080012068
core   0: 0x000000008000ff2a (0xfee43023) sd      a4, -32(s0)
core   0: 3 0x000000008000ff2a (0xfee43023) mem 0x0000000080031f50 0x0000000080012068
core   0: 0x000000008000ff2e (0xfc442703) lw      a4, -60(s0)
core   0: 3 0x000000008000ff2e (0xfc442703) x14 0x0000000000000000 mem 0x0000000080031f34
core   0: 0x000000008000ff32 (0x0ff77713) andi    a4, a4, 255
core   0: 3 0x000000008000ff32 (0x0ff77713) x14 0x0000000000000000
core   0: 0x000000008000ff36 (0x00e78023) sb      a4, 0(a5)
core   0: 3 0x000000008000ff36 (0x00e78023) mem 0x0000000080012067 0x00
core   0: 0x000000008000ff3a (0xfc843703) ld      a4, -56(s0)
core   0: 3 0x000000008000ff3a (0xfc843703) x14 0x0000000080012040 mem 0x0000000080031f38
core   0: 0x000000008000ff3e (0xfb843783) ld      a5, -72(s0)
core   0: 3 0x000000008000ff3e (0xfb843783) x15 0x000000000000009c mem 0x0000000080031f28
core   0: 0x000000008000ff42 (0x000097ba) c.add   a5, a4
core   0: 3 0x000000008000ff42 (0x97ba) x15 0x00000000800120dc
core   0: 0x000000008000ff44 (0xfe043703) ld      a4, -32(s0)
core   0: 3 0x000000008000ff44 (0xfe043703) x14 0x0000000080012068 mem 0x0000000080031f50
core   0: 0x000000008000ff48 (0xfcf76de3) bltu    a4, a5, pc - 38
core   0: 3 0x000000008000ff48 (0xfcf76de3)
core   0: 0x000000008000ff22 (0xfe043783) ld      a5, -32(s0)
core   0: 3 0x000000008000ff22 (0xfe043783) x15 0x0000000080012068 mem 0x0000000080031f50
core   0: 0x000000008000ff26 (0x00178713) addi    a4, a5, 1
core   0: 3 0x000000008000ff26 (0x00178713) x14 0x0000000080012069
core   0: 0x000000008000ff2a (0xfee43023) sd      a4, -32(s0)
core   0: 3 0x000000008000ff2a (0xfee43023) mem 0x0000000080031f50 0x0000000080012069
core   0: 0x000000008000ff2e (0xfc442703) lw      a4, -60(s0)
core   0: 3 0x000000008000ff2e (0xfc442703) x14 0x0000000000000000 mem 0x0000000080031f34
core   0: 0x000000008000ff32 (0x0ff77713) andi    a4, a4, 255
core   0: 3 0x000000008000ff32 (0x0ff77713) x14 0x0000000000000000
core   0: 0x000000008000ff36 (0x00e78023) sb      a4, 0(a5)
core   0: 3 0x000000008000ff36 (0x00e78023) mem 0x0000000080012068 0x00
core   0: 0x000000008000ff3a (0xfc843703) ld      a4, -56(s0)
core   0: 3 0x000000008000ff3a (0xfc843703) x14 0x0000000080012040 mem 0x0000000080031f38
core   0: 0x000000008000ff3e (0xfb843783) ld      a5, -72(s0)
core   0: 3 0x000000008000ff3e (0xfb843783) x15 0x000000000000009c mem 0x0000000080031f28
core   0: 0x000000008000ff42 (0x000097ba) c.add   a5, a4
core   0: 3 0x000000008000ff42 (0x97ba) x15 0x00000000800120dc
core   0: 0x000000008000ff44 (0xfe043703) ld      a4, -32(s0)
core   0: 3 0x000000008000ff44 (0xfe043703) x14 0x0000000080012069 mem 0x0000000080031f50
core   0: 0x000000008000ff48 (0xfcf76de3) bltu    a4, a5, pc - 38
core   0: 3 0x000000008000ff48 (0xfcf76de3)
core   0: 0x000000008000ff22 (0xfe043783) ld      a5, -32(s0)
core   0: 3 0x000000008000ff22 (0xfe043783) x15 0x0000000080012069 mem 0x0000000080031f50
core   0: 0x000000008000ff26 (0x00178713) addi    a4, a5, 1
core   0: 3 0x000000008000ff26 (0x00178713) x14 0x000000008001206a
core   0: 0x000000008000ff2a (0xfee43023) sd      a4, -32(s0)
core   0: 3 0x000000008000ff2a (0xfee43023) mem 0x0000000080031f50 0x000000008001206a
core   0: 0x000000008000ff2e (0xfc442703) lw      a4, -60(s0)
core   0: 3 0x000000008000ff2e (0xfc442703) x14 0x0000000000000000 mem 0x0000000080031f34
core   0: 0x000000008000ff32 (0x0ff77713) andi    a4, a4, 255
core   0: 3 0x000000008000ff32 (0x0ff77713) x14 0x0000000000000000
core   0: 0x000000008000ff36 (0x00e78023) sb      a4, 0(a5)
core   0: 3 0x000000008000ff36 (0x00e78023) mem 0x0000000080012069 0x00
core   0: 0x000000008000ff3a (0xfc843703) ld      a4, -56(s0)
core   0: 3 0x000000008000ff3a (0xfc843703) x14 0x0000000080012040 mem 0x0000000080031f38
core   0: 0x000000008000ff3e (0xfb843783) ld      a5, -72(s0)
core   0: 3 0x000000008000ff3e (0xfb843783) x15 0x000000000000009c mem 0x0000000080031f28
core   0: 0x000000008000ff42 (0x000097ba) c.add   a5, a4
core   0: 3 0x000000008000ff42 (0x97ba) x15 0x00000000800120dc
core   0: 0x000000008000ff44 (0xfe043703) ld      a4, -32(s0)
core   0: 3 0x000000008000ff44 (0xfe043703) x14 0x000000008001206a mem 0x0000000080031f50
core   0: 0x000000008000ff48 (0xfcf76de3) bltu    a4, a5, pc - 38
core   0: 3 0x000000008000ff48 (0xfcf76de3)
core   0: 0x000000008000ff22 (0xfe043783) ld      a5, -32(s0)
core   0: 3 0x000000008000ff22 (0xfe043783) x15 0x000000008001206a mem 0x0000000080031f50
core   0: 0x000000008000ff26 (0x00178713) addi    a4, a5, 1
core   0: 3 0x000000008000ff26 (0x00178713) x14 0x000000008001206b
core   0: 0x000000008000ff2a (0xfee43023) sd      a4, -32(s0)
core   0: 3 0x000000008000ff2a (0xfee43023) mem 0x0000000080031f50 0x000000008001206b
core   0: 0x000000008000ff2e (0xfc442703) lw      a4, -60(s0)
core   0: 3 0x000000008000ff2e (0xfc442703) x14 0x0000000000000000 mem 0x0000000080031f34
core   0: 0x000000008000ff32 (0x0ff77713) andi    a4, a4, 255
core   0: 3 0x000000008000ff32 (0x0ff77713) x14 0x0000000000000000
core   0: 0x000000008000ff36 (0x00e78023) sb      a4, 0(a5)
core   0: 3 0x000000008000ff36 (0x00e78023) mem 0x000000008001206a 0x00
core   0: 0x000000008000ff3a (0xfc843703) ld      a4, -56(s0)
core   0: 3 0x000000008000ff3a (0xfc843703) x14 0x0000000080012040 mem 0x0000000080031f38
core   0: 0x000000008000ff3e (0xfb843783) ld      a5, -72(s0)
core   0: 3 0x000000008000ff3e (0xfb843783) x15 0x000000000000009c mem 0x0000000080031f28
core   0: 0x000000008000ff42 (0x000097ba) c.add   a5, a4
core   0: 3 0x000000008000ff42 (0x97ba) x15 0x00000000800120dc
core   0: 0x000000008000ff44 (0xfe043703) ld      a4, -32(s0)
core   0: 3 0x000000008000ff44 (0xfe043703) x14 0x000000008001206b mem 0x0000000080031f50
core   0: 0x000000008000ff48 (0xfcf76de3) bltu    a4, a5, pc - 38
core   0: 3 0x000000008000ff48 (0xfcf76de3)
core   0: 0x000000008000ff22 (0xfe043783) ld      a5, -32(s0)
core   0: 3 0x000000008000ff22 (0xfe043783) x15 0x000000008001206b mem 0x0000000080031f50
core   0: 0x000000008000ff26 (0x00178713) addi    a4, a5, 1
core   0: 3 0x000000008000ff26 (0x00178713) x14 0x000000008001206c
core   0: 0x000000008000ff2a (0xfee43023) sd      a4, -32(s0)
core   0: 3 0x000000008000ff2a (0xfee43023) mem 0x0000000080031f50 0x000000008001206c
core   0: 0x000000008000ff2e (0xfc442703) lw      a4, -60(s0)
core   0: 3 0x000000008000ff2e (0xfc442703) x14 0x0000000000000000 mem 0x0000000080031f34
core   0: 0x000000008000ff32 (0x0ff77713) andi    a4, a4, 255
core   0: 3 0x000000008000ff32 (0x0ff77713) x14 0x0000000000000000
core   0: 0x000000008000ff36 (0x00e78023) sb      a4, 0(a5)
core   0: 3 0x000000008000ff36 (0x00e78023) mem 0x000000008001206b 0x00
core   0: 0x000000008000ff3a (0xfc843703) ld      a4, -56(s0)
core   0: 3 0x000000008000ff3a (0xfc843703) x14 0x0000000080012040 mem 0x0000000080031f38
core   0: 0x000000008000ff3e (0xfb843783) ld      a5, -72(s0)
core   0: 3 0x000000008000ff3e (0xfb843783) x15 0x000000000000009c mem 0x0000000080031f28
core   0: 0x000000008000ff42 (0x000097ba) c.add   a5, a4
core   0: 3 0x000000008000ff42 (0x97ba) x15 0x00000000800120dc
core   0: 0x000000008000ff44 (0xfe043703) ld      a4, -32(s0)
core   0: 3 0x000000008000ff44 (0xfe043703) x14 0x000000008001206c mem 0x0000000080031f50
core   0: 0x000000008000ff48 (0xfcf76de3) bltu    a4, a5, pc - 38
core   0: 3 0x000000008000ff48 (0xfcf76de3)
core   0: 0x000000008000ff22 (0xfe043783) ld      a5, -32(s0)
core   0: 3 0x000000008000ff22 (0xfe043783) x15 0x000000008001206c mem 0x0000000080031f50
core   0: 0x000000008000ff26 (0x00178713) addi    a4, a5, 1
core   0: 3 0x000000008000ff26 (0x00178713) x14 0x000000008001206d
core   0: 0x000000008000ff2a (0xfee43023) sd      a4, -32(s0)
core   0: 3 0x000000008000ff2a (0xfee43023) mem 0x0000000080031f50 0x000000008001206d
core   0: 0x000000008000ff2e (0xfc442703) lw      a4, -60(s0)
core   0: 3 0x000000008000ff2e (0xfc442703) x14 0x0000000000000000 mem 0x0000000080031f34
core   0: 0x000000008000ff32 (0x0ff77713) andi    a4, a4, 255
core   0: 3 0x000000008000ff32 (0x0ff77713) x14 0x0000000000000000
core   0: 0x000000008000ff36 (0x00e78023) sb      a4, 0(a5)
core   0: 3 0x000000008000ff36 (0x00e78023) mem 0x000000008001206c 0x00
core   0: 0x000000008000ff3a (0xfc843703) ld      a4, -56(s0)
core   0: 3 0x000000008000ff3a (0xfc843703) x14 0x0000000080012040 mem 0x0000000080031f38
core   0: 0x000000008000ff3e (0xfb843783) ld      a5, -72(s0)
core   0: 3 0x000000008000ff3e (0xfb843783) x15 0x000000000000009c mem 0x0000000080031f28
core   0: 0x000000008000ff42 (0x000097ba) c.add   a5, a4
core   0: 3 0x000000008000ff42 (0x97ba) x15 0x00000000800120dc
core   0: 0x000000008000ff44 (0xfe043703) ld      a4, -32(s0)
core   0: 3 0x000000008000ff44 (0xfe043703) x14 0x000000008001206d mem 0x0000000080031f50
core   0: 0x000000008000ff48 (0xfcf76de3) bltu    a4, a5, pc - 38
core   0: 3 0x000000008000ff48 (0xfcf76de3)
core   0: 0x000000008000ff22 (0xfe043783) ld      a5, -32(s0)
core   0: 3 0x000000008000ff22 (0xfe043783) x15 0x000000008001206d mem 0x0000000080031f50
core   0: 0x000000008000ff26 (0x00178713) addi    a4, a5, 1
core   0: 3 0x000000008000ff26 (0x00178713) x14 0x000000008001206e
core   0: 0x000000008000ff2a (0xfee43023) sd      a4, -32(s0)
core   0: 3 0x000000008000ff2a (0xfee43023) mem 0x0000000080031f50 0x000000008001206e
core   0: 0x000000008000ff2e (0xfc442703) lw      a4, -60(s0)
core   0: 3 0x000000008000ff2e (0xfc442703) x14 0x0000000000000000 mem 0x0000000080031f34
core   0: 0x000000008000ff32 (0x0ff77713) andi    a4, a4, 255
core   0: 3 0x000000008000ff32 (0x0ff77713) x14 0x0000000000000000
core   0: 0x000000008000ff36 (0x00e78023) sb      a4, 0(a5)
core   0: 3 0x000000008000ff36 (0x00e78023) mem 0x000000008001206d 0x00
core   0: 0x000000008000ff3a (0xfc843703) ld      a4, -56(s0)
core   0: 3 0x000000008000ff3a (0xfc843703) x14 0x0000000080012040 mem 0x0000000080031f38
core   0: 0x000000008000ff3e (0xfb843783) ld      a5, -72(s0)
core   0: 3 0x000000008000ff3e (0xfb843783) x15 0x000000000000009c mem 0x0000000080031f28
core   0: 0x000000008000ff42 (0x000097ba) c.add   a5, a4
core   0: 3 0x000000008000ff42 (0x97ba) x15 0x00000000800120dc
core   0: 0x000000008000ff44 (0xfe043703) ld      a4, -32(s0)
core   0: 3 0x000000008000ff44 (0xfe043703) x14 0x000000008001206e mem 0x0000000080031f50
core   0: 0x000000008000ff48 (0xfcf76de3) bltu    a4, a5, pc - 38
core   0: 3 0x000000008000ff48 (0xfcf76de3)
core   0: 0x000000008000ff22 (0xfe043783) ld      a5, -32(s0)
core   0: 3 0x000000008000ff22 (0xfe043783) x15 0x000000008001206e mem 0x0000000080031f50
core   0: 0x000000008000ff26 (0x00178713) addi    a4, a5, 1
core   0: 3 0x000000008000ff26 (0x00178713) x14 0x000000008001206f
core   0: 0x000000008000ff2a (0xfee43023) sd      a4, -32(s0)
core   0: 3 0x000000008000ff2a (0xfee43023) mem 0x0000000080031f50 0x000000008001206f
core   0: 0x000000008000ff2e (0xfc442703) lw      a4, -60(s0)
core   0: 3 0x000000008000ff2e (0xfc442703) x14 0x0000000000000000 mem 0x0000000080031f34
core   0: 0x000000008000ff32 (0x0ff77713) andi    a4, a4, 255
core   0: 3 0x000000008000ff32 (0x0ff77713) x14 0x0000000000000000
core   0: 0x000000008000ff36 (0x00e78023) sb      a4, 0(a5)
core   0: 3 0x000000008000ff36 (0x00e78023) mem 0x000000008001206e 0x00
core   0: 0x000000008000ff3a (0xfc843703) ld      a4, -56(s0)
core   0: 3 0x000000008000ff3a (0xfc843703) x14 0x0000000080012040 mem 0x0000000080031f38
core   0: 0x000000008000ff3e (0xfb843783) ld      a5, -72(s0)
core   0: 3 0x000000008000ff3e (0xfb843783) x15 0x000000000000009c mem 0x0000000080031f28
core   0: 0x000000008000ff42 (0x000097ba) c.add   a5, a4
core   0: 3 0x000000008000ff42 (0x97ba) x15 0x00000000800120dc
core   0: 0x000000008000ff44 (0xfe043703) ld      a4, -32(s0)
core   0: 3 0x000000008000ff44 (0xfe043703) x14 0x000000008001206f mem 0x0000000080031f50
core   0: 0x000000008000ff48 (0xfcf76de3) bltu    a4, a5, pc - 38
core   0: 3 0x000000008000ff48 (0xfcf76de3)
core   0: 0x000000008000ff22 (0xfe043783) ld      a5, -32(s0)
core   0: 3 0x000000008000ff22 (0xfe043783) x15 0x000000008001206f mem 0x0000000080031f50
core   0: 0x000000008000ff26 (0x00178713) addi    a4, a5, 1
core   0: 3 0x000000008000ff26 (0x00178713) x14 0x0000000080012070
core   0: 0x000000008000ff2a (0xfee43023) sd      a4, -32(s0)
core   0: 3 0x000000008000ff2a (0xfee43023) mem 0x0000000080031f50 0x0000000080012070
core   0: 0x000000008000ff2e (0xfc442703) lw      a4, -60(s0)
core   0: 3 0x000000008000ff2e (0xfc442703) x14 0x0000000000000000 mem 0x0000000080031f34
core   0: 0x000000008000ff32 (0x0ff77713) andi    a4, a4, 255
core   0: 3 0x000000008000ff32 (0x0ff77713) x14 0x0000000000000000
core   0: 0x000000008000ff36 (0x00e78023) sb      a4, 0(a5)
core   0: 3 0x000000008000ff36 (0x00e78023) mem 0x000000008001206f 0x00
core   0: 0x000000008000ff3a (0xfc843703) ld      a4, -56(s0)
core   0: 3 0x000000008000ff3a (0xfc843703) x14 0x0000000080012040 mem 0x0000000080031f38
core   0: 0x000000008000ff3e (0xfb843783) ld      a5, -72(s0)
core   0: 3 0x000000008000ff3e (0xfb843783) x15 0x000000000000009c mem 0x0000000080031f28
core   0: 0x000000008000ff42 (0x000097ba) c.add   a5, a4
core   0: 3 0x000000008000ff42 (0x97ba) x15 0x00000000800120dc
core   0: 0x000000008000ff44 (0xfe043703) ld      a4, -32(s0)
core   0: 3 0x000000008000ff44 (0xfe043703) x14 0x0000000080012070 mem 0x0000000080031f50
core   0: 0x000000008000ff48 (0xfcf76de3) bltu    a4, a5, pc - 38
core   0: 3 0x000000008000ff48 (0xfcf76de3)
core   0: 0x000000008000ff22 (0xfe043783) ld      a5, -32(s0)
core   0: 3 0x000000008000ff22 (0xfe043783) x15 0x0000000080012070 mem 0x0000000080031f50
core   0: 0x000000008000ff26 (0x00178713) addi    a4, a5, 1
core   0: 3 0x000000008000ff26 (0x00178713) x14 0x0000000080012071
core   0: 0x000000008000ff2a (0xfee43023) sd      a4, -32(s0)
core   0: 3 0x000000008000ff2a (0xfee43023) mem 0x0000000080031f50 0x0000000080012071
core   0: 0x000000008000ff2e (0xfc442703) lw      a4, -60(s0)
core   0: 3 0x000000008000ff2e (0xfc442703) x14 0x0000000000000000 mem 0x0000000080031f34
core   0: 0x000000008000ff32 (0x0ff77713) andi    a4, a4, 255
core   0: 3 0x000000008000ff32 (0x0ff77713) x14 0x0000000000000000
core   0: 0x000000008000ff36 (0x00e78023) sb      a4, 0(a5)
core   0: 3 0x000000008000ff36 (0x00e78023) mem 0x0000000080012070 0x00
core   0: 0x000000008000ff3a (0xfc843703) ld      a4, -56(s0)
core   0: 3 0x000000008000ff3a (0xfc843703) x14 0x0000000080012040 mem 0x0000000080031f38
core   0: 0x000000008000ff3e (0xfb843783) ld      a5, -72(s0)
core   0: 3 0x000000008000ff3e (0xfb843783) x15 0x000000000000009c mem 0x0000000080031f28
core   0: 0x000000008000ff42 (0x000097ba) c.add   a5, a4
core   0: 3 0x000000008000ff42 (0x97ba) x15 0x00000000800120dc
core   0: 0x000000008000ff44 (0xfe043703) ld      a4, -32(s0)
core   0: 3 0x000000008000ff44 (0xfe043703) x14 0x0000000080012071 mem 0x0000000080031f50
core   0: 0x000000008000ff48 (0xfcf76de3) bltu    a4, a5, pc - 38
core   0: 3 0x000000008000ff48 (0xfcf76de3)
core   0: 0x000000008000ff22 (0xfe043783) ld      a5, -32(s0)
core   0: 3 0x000000008000ff22 (0xfe043783) x15 0x0000000080012071 mem 0x0000000080031f50
core   0: 0x000000008000ff26 (0x00178713) addi    a4, a5, 1
core   0: 3 0x000000008000ff26 (0x00178713) x14 0x0000000080012072
core   0: 0x000000008000ff2a (0xfee43023) sd      a4, -32(s0)
core   0: 3 0x000000008000ff2a (0xfee43023) mem 0x0000000080031f50 0x0000000080012072
core   0: 0x000000008000ff2e (0xfc442703) lw      a4, -60(s0)
core   0: 3 0x000000008000ff2e (0xfc442703) x14 0x0000000000000000 mem 0x0000000080031f34
core   0: 0x000000008000ff32 (0x0ff77713) andi    a4, a4, 255
core   0: 3 0x000000008000ff32 (0x0ff77713) x14 0x0000000000000000
core   0: 0x000000008000ff36 (0x00e78023) sb      a4, 0(a5)
core   0: 3 0x000000008000ff36 (0x00e78023) mem 0x0000000080012071 0x00
core   0: 0x000000008000ff3a (0xfc843703) ld      a4, -56(s0)
core   0: 3 0x000000008000ff3a (0xfc843703) x14 0x0000000080012040 mem 0x0000000080031f38
core   0: 0x000000008000ff3e (0xfb843783) ld      a5, -72(s0)
core   0: 3 0x000000008000ff3e (0xfb843783) x15 0x000000000000009c mem 0x0000000080031f28
core   0: 0x000000008000ff42 (0x000097ba) c.add   a5, a4
core   0: 3 0x000000008000ff42 (0x97ba) x15 0x00000000800120dc
core   0: 0x000000008000ff44 (0xfe043703) ld      a4, -32(s0)
core   0: 3 0x000000008000ff44 (0xfe043703) x14 0x0000000080012072 mem 0x0000000080031f50
core   0: 0x000000008000ff48 (0xfcf76de3) bltu    a4, a5, pc - 38
core   0: 3 0x000000008000ff48 (0xfcf76de3)
core   0: 0x000000008000ff22 (0xfe043783) ld      a5, -32(s0)
core   0: 3 0x000000008000ff22 (0xfe043783) x15 0x0000000080012072 mem 0x0000000080031f50
core   0: 0x000000008000ff26 (0x00178713) addi    a4, a5, 1
core   0: 3 0x000000008000ff26 (0x00178713) x14 0x0000000080012073
core   0: 0x000000008000ff2a (0xfee43023) sd      a4, -32(s0)
core   0: 3 0x000000008000ff2a (0xfee43023) mem 0x0000000080031f50 0x0000000080012073
core   0: 0x000000008000ff2e (0xfc442703) lw      a4, -60(s0)
core   0: 3 0x000000008000ff2e (0xfc442703) x14 0x0000000000000000 mem 0x0000000080031f34
core   0: 0x000000008000ff32 (0x0ff77713) andi    a4, a4, 255
core   0: 3 0x000000008000ff32 (0x0ff77713) x14 0x0000000000000000
core   0: 0x000000008000ff36 (0x00e78023) sb      a4, 0(a5)
core   0: 3 0x000000008000ff36 (0x00e78023) mem 0x0000000080012072 0x00
core   0: 0x000000008000ff3a (0xfc843703) ld      a4, -56(s0)
core   0: 3 0x000000008000ff3a (0xfc843703) x14 0x0000000080012040 mem 0x0000000080031f38
core   0: 0x000000008000ff3e (0xfb843783) ld      a5, -72(s0)
core   0: 3 0x000000008000ff3e (0xfb843783) x15 0x000000000000009c mem 0x0000000080031f28
core   0: 0x000000008000ff42 (0x000097ba) c.add   a5, a4
core   0: 3 0x000000008000ff42 (0x97ba) x15 0x00000000800120dc
core   0: 0x000000008000ff44 (0xfe043703) ld      a4, -32(s0)
core   0: 3 0x000000008000ff44 (0xfe043703) x14 0x0000000080012073 mem 0x0000000080031f50
core   0: 0x000000008000ff48 (0xfcf76de3) bltu    a4, a5, pc - 38
core   0: 3 0x000000008000ff48 (0xfcf76de3)
core   0: 0x000000008000ff22 (0xfe043783) ld      a5, -32(s0)
core   0: 3 0x000000008000ff22 (0xfe043783) x15 0x0000000080012073 mem 0x0000000080031f50
core   0: 0x000000008000ff26 (0x00178713) addi    a4, a5, 1
core   0: 3 0x000000008000ff26 (0x00178713) x14 0x0000000080012074
core   0: 0x000000008000ff2a (0xfee43023) sd      a4, -32(s0)
core   0: 3 0x000000008000ff2a (0xfee43023) mem 0x0000000080031f50 0x0000000080012074
core   0: 0x000000008000ff2e (0xfc442703) lw      a4, -60(s0)
core   0: 3 0x000000008000ff2e (0xfc442703) x14 0x0000000000000000 mem 0x0000000080031f34
core   0: 0x000000008000ff32 (0x0ff77713) andi    a4, a4, 255
core   0: 3 0x000000008000ff32 (0x0ff77713) x14 0x0000000000000000
core   0: 0x000000008000ff36 (0x00e78023) sb      a4, 0(a5)
core   0: 3 0x000000008000ff36 (0x00e78023) mem 0x0000000080012073 0x00
core   0: 0x000000008000ff3a (0xfc843703) ld      a4, -56(s0)
core   0: 3 0x000000008000ff3a (0xfc843703) x14 0x0000000080012040 mem 0x0000000080031f38
core   0: 0x000000008000ff3e (0xfb843783) ld      a5, -72(s0)
core   0: 3 0x000000008000ff3e (0xfb843783) x15 0x000000000000009c mem 0x0000000080031f28
core   0: 0x000000008000ff42 (0x000097ba) c.add   a5, a4
core   0: 3 0x000000008000ff42 (0x97ba) x15 0x00000000800120dc
core   0: 0x000000008000ff44 (0xfe043703) ld      a4, -32(s0)
core   0: 3 0x000000008000ff44 (0xfe043703) x14 0x0000000080012074 mem 0x0000000080031f50
core   0: 0x000000008000ff48 (0xfcf76de3) bltu    a4, a5, pc - 38
core   0: 3 0x000000008000ff48 (0xfcf76de3)
core   0: 0x000000008000ff22 (0xfe043783) ld      a5, -32(s0)
core   0: 3 0x000000008000ff22 (0xfe043783) x15 0x0000000080012074 mem 0x0000000080031f50
core   0: 0x000000008000ff26 (0x00178713) addi    a4, a5, 1
core   0: 3 0x000000008000ff26 (0x00178713) x14 0x0000000080012075
core   0: 0x000000008000ff2a (0xfee43023) sd      a4, -32(s0)
core   0: 3 0x000000008000ff2a (0xfee43023) mem 0x0000000080031f50 0x0000000080012075
core   0: 0x000000008000ff2e (0xfc442703) lw      a4, -60(s0)
core   0: 3 0x000000008000ff2e (0xfc442703) x14 0x0000000000000000 mem 0x0000000080031f34
core   0: 0x000000008000ff32 (0x0ff77713) andi    a4, a4, 255
core   0: 3 0x000000008000ff32 (0x0ff77713) x14 0x0000000000000000
core   0: 0x000000008000ff36 (0x00e78023) sb      a4, 0(a5)
core   0: 3 0x000000008000ff36 (0x00e78023) mem 0x0000000080012074 0x00
core   0: 0x000000008000ff3a (0xfc843703) ld      a4, -56(s0)
core   0: 3 0x000000008000ff3a (0xfc843703) x14 0x0000000080012040 mem 0x0000000080031f38
core   0: 0x000000008000ff3e (0xfb843783) ld      a5, -72(s0)
core   0: 3 0x000000008000ff3e (0xfb843783) x15 0x000000000000009c mem 0x0000000080031f28
core   0: 0x000000008000ff42 (0x000097ba) c.add   a5, a4
core   0: 3 0x000000008000ff42 (0x97ba) x15 0x00000000800120dc
core   0: 0x000000008000ff44 (0xfe043703) ld      a4, -32(s0)
core   0: 3 0x000000008000ff44 (0xfe043703) x14 0x0000000080012075 mem 0x0000000080031f50
core   0: 0x000000008000ff48 (0xfcf76de3) bltu    a4, a5, pc - 38
core   0: 3 0x000000008000ff48 (0xfcf76de3)
core   0: 0x000000008000ff22 (0xfe043783) ld      a5, -32(s0)
core   0: 3 0x000000008000ff22 (0xfe043783) x15 0x0000000080012075 mem 0x0000000080031f50
core   0: 0x000000008000ff26 (0x00178713) addi    a4, a5, 1
core   0: 3 0x000000008000ff26 (0x00178713) x14 0x0000000080012076
core   0: 0x000000008000ff2a (0xfee43023) sd      a4, -32(s0)
core   0: 3 0x000000008000ff2a (0xfee43023) mem 0x0000000080031f50 0x0000000080012076
core   0: 0x000000008000ff2e (0xfc442703) lw      a4, -60(s0)
core   0: 3 0x000000008000ff2e (0xfc442703) x14 0x0000000000000000 mem 0x0000000080031f34
core   0: 0x000000008000ff32 (0x0ff77713) andi    a4, a4, 255
core   0: 3 0x000000008000ff32 (0x0ff77713) x14 0x0000000000000000
core   0: 0x000000008000ff36 (0x00e78023) sb      a4, 0(a5)
core   0: 3 0x000000008000ff36 (0x00e78023) mem 0x0000000080012075 0x00
core   0: 0x000000008000ff3a (0xfc843703) ld      a4, -56(s0)
core   0: 3 0x000000008000ff3a (0xfc843703) x14 0x0000000080012040 mem 0x0000000080031f38
core   0: 0x000000008000ff3e (0xfb843783) ld      a5, -72(s0)
core   0: 3 0x000000008000ff3e (0xfb843783) x15 0x000000000000009c mem 0x0000000080031f28
core   0: 0x000000008000ff42 (0x000097ba) c.add   a5, a4
core   0: 3 0x000000008000ff42 (0x97ba) x15 0x00000000800120dc
core   0: 0x000000008000ff44 (0xfe043703) ld      a4, -32(s0)
core   0: 3 0x000000008000ff44 (0xfe043703) x14 0x0000000080012076 mem 0x0000000080031f50
core   0: 0x000000008000ff48 (0xfcf76de3) bltu    a4, a5, pc - 38
core   0: 3 0x000000008000ff48 (0xfcf76de3)
core   0: 0x000000008000ff22 (0xfe043783) ld      a5, -32(s0)
core   0: 3 0x000000008000ff22 (0xfe043783) x15 0x0000000080012076 mem 0x0000000080031f50
core   0: 0x000000008000ff26 (0x00178713) addi    a4, a5, 1
core   0: 3 0x000000008000ff26 (0x00178713) x14 0x0000000080012077
core   0: 0x000000008000ff2a (0xfee43023) sd      a4, -32(s0)
core   0: 3 0x000000008000ff2a (0xfee43023) mem 0x0000000080031f50 0x0000000080012077
core   0: 0x000000008000ff2e (0xfc442703) lw      a4, -60(s0)
core   0: 3 0x000000008000ff2e (0xfc442703) x14 0x0000000000000000 mem 0x0000000080031f34
core   0: 0x000000008000ff32 (0x0ff77713) andi    a4, a4, 255
core   0: 3 0x000000008000ff32 (0x0ff77713) x14 0x0000000000000000
core   0: 0x000000008000ff36 (0x00e78023) sb      a4, 0(a5)
core   0: 3 0x000000008000ff36 (0x00e78023) mem 0x0000000080012076 0x00
core   0: 0x000000008000ff3a (0xfc843703) ld      a4, -56(s0)
core   0: 3 0x000000008000ff3a (0xfc843703) x14 0x0000000080012040 mem 0x0000000080031f38
core   0: 0x000000008000ff3e (0xfb843783) ld      a5, -72(s0)
core   0: 3 0x000000008000ff3e (0xfb843783) x15 0x000000000000009c mem 0x0000000080031f28
core   0: 0x000000008000ff42 (0x000097ba) c.add   a5, a4
core   0: 3 0x000000008000ff42 (0x97ba) x15 0x00000000800120dc
core   0: 0x000000008000ff44 (0xfe043703) ld      a4, -32(s0)
core   0: 3 0x000000008000ff44 (0xfe043703) x14 0x0000000080012077 mem 0x0000000080031f50
core   0: 0x000000008000ff48 (0xfcf76de3) bltu    a4, a5, pc - 38
core   0: 3 0x000000008000ff48 (0xfcf76de3)
core   0: 0x000000008000ff22 (0xfe043783) ld      a5, -32(s0)
core   0: 3 0x000000008000ff22 (0xfe043783) x15 0x0000000080012077 mem 0x0000000080031f50
core   0: 0x000000008000ff26 (0x00178713) addi    a4, a5, 1
core   0: 3 0x000000008000ff26 (0x00178713) x14 0x0000000080012078
core   0: 0x000000008000ff2a (0xfee43023) sd      a4, -32(s0)
core   0: 3 0x000000008000ff2a (0xfee43023) mem 0x0000000080031f50 0x0000000080012078
core   0: 0x000000008000ff2e (0xfc442703) lw      a4, -60(s0)
core   0: 3 0x000000008000ff2e (0xfc442703) x14 0x0000000000000000 mem 0x0000000080031f34
core   0: 0x000000008000ff32 (0x0ff77713) andi    a4, a4, 255
core   0: 3 0x000000008000ff32 (0x0ff77713) x14 0x0000000000000000
core   0: 0x000000008000ff36 (0x00e78023) sb      a4, 0(a5)
core   0: 3 0x000000008000ff36 (0x00e78023) mem 0x0000000080012077 0x00
core   0: 0x000000008000ff3a (0xfc843703) ld      a4, -56(s0)
core   0: 3 0x000000008000ff3a (0xfc843703) x14 0x0000000080012040 mem 0x0000000080031f38
core   0: 0x000000008000ff3e (0xfb843783) ld      a5, -72(s0)
core   0: 3 0x000000008000ff3e (0xfb843783) x15 0x000000000000009c mem 0x0000000080031f28
core   0: 0x000000008000ff42 (0x000097ba) c.add   a5, a4
core   0: 3 0x000000008000ff42 (0x97ba) x15 0x00000000800120dc
core   0: 0x000000008000ff44 (0xfe043703) ld      a4, -32(s0)
core   0: 3 0x000000008000ff44 (0xfe043703) x14 0x0000000080012078 mem 0x0000000080031f50
core   0: 0x000000008000ff48 (0xfcf76de3) bltu    a4, a5, pc - 38
core   0: 3 0x000000008000ff48 (0xfcf76de3)
core   0: 0x000000008000ff22 (0xfe043783) ld      a5, -32(s0)
core   0: 3 0x000000008000ff22 (0xfe043783) x15 0x0000000080012078 mem 0x0000000080031f50
core   0: 0x000000008000ff26 (0x00178713) addi    a4, a5, 1
core   0: 3 0x000000008000ff26 (0x00178713) x14 0x0000000080012079
core   0: 0x000000008000ff2a (0xfee43023) sd      a4, -32(s0)
core   0: 3 0x000000008000ff2a (0xfee43023) mem 0x0000000080031f50 0x0000000080012079
core   0: 0x000000008000ff2e (0xfc442703) lw      a4, -60(s0)
core   0: 3 0x000000008000ff2e (0xfc442703) x14 0x0000000000000000 mem 0x0000000080031f34
core   0: 0x000000008000ff32 (0x0ff77713) andi    a4, a4, 255
core   0: 3 0x000000008000ff32 (0x0ff77713) x14 0x0000000000000000
core   0: 0x000000008000ff36 (0x00e78023) sb      a4, 0(a5)
core   0: 3 0x000000008000ff36 (0x00e78023) mem 0x0000000080012078 0x00
core   0: 0x000000008000ff3a (0xfc843703) ld      a4, -56(s0)
core   0: 3 0x000000008000ff3a (0xfc843703) x14 0x0000000080012040 mem 0x0000000080031f38
core   0: 0x000000008000ff3e (0xfb843783) ld      a5, -72(s0)
core   0: 3 0x000000008000ff3e (0xfb843783) x15 0x000000000000009c mem 0x0000000080031f28
core   0: 0x000000008000ff42 (0x000097ba) c.add   a5, a4
core   0: 3 0x000000008000ff42 (0x97ba) x15 0x00000000800120dc
core   0: 0x000000008000ff44 (0xfe043703) ld      a4, -32(s0)
core   0: 3 0x000000008000ff44 (0xfe043703) x14 0x0000000080012079 mem 0x0000000080031f50
core   0: 0x000000008000ff48 (0xfcf76de3) bltu    a4, a5, pc - 38
core   0: 3 0x000000008000ff48 (0xfcf76de3)
core   0: 0x000000008000ff22 (0xfe043783) ld      a5, -32(s0)
core   0: 3 0x000000008000ff22 (0xfe043783) x15 0x0000000080012079 mem 0x0000000080031f50
core   0: 0x000000008000ff26 (0x00178713) addi    a4, a5, 1
core   0: 3 0x000000008000ff26 (0x00178713) x14 0x000000008001207a
core   0: 0x000000008000ff2a (0xfee43023) sd      a4, -32(s0)
core   0: 3 0x000000008000ff2a (0xfee43023) mem 0x0000000080031f50 0x000000008001207a
core   0: 0x000000008000ff2e (0xfc442703) lw      a4, -60(s0)
core   0: 3 0x000000008000ff2e (0xfc442703) x14 0x0000000000000000 mem 0x0000000080031f34
core   0: 0x000000008000ff32 (0x0ff77713) andi    a4, a4, 255
core   0: 3 0x000000008000ff32 (0x0ff77713) x14 0x0000000000000000
core   0: 0x000000008000ff36 (0x00e78023) sb      a4, 0(a5)
core   0: 3 0x000000008000ff36 (0x00e78023) mem 0x0000000080012079 0x00
core   0: 0x000000008000ff3a (0xfc843703) ld      a4, -56(s0)
core   0: 3 0x000000008000ff3a (0xfc843703) x14 0x0000000080012040 mem 0x0000000080031f38
core   0: 0x000000008000ff3e (0xfb843783) ld      a5, -72(s0)
core   0: 3 0x000000008000ff3e (0xfb843783) x15 0x000000000000009c mem 0x0000000080031f28
core   0: 0x000000008000ff42 (0x000097ba) c.add   a5, a4
core   0: 3 0x000000008000ff42 (0x97ba) x15 0x00000000800120dc
core   0: 0x000000008000ff44 (0xfe043703) ld      a4, -32(s0)
core   0: 3 0x000000008000ff44 (0xfe043703) x14 0x000000008001207a mem 0x0000000080031f50
core   0: 0x000000008000ff48 (0xfcf76de3) bltu    a4, a5, pc - 38
core   0: 3 0x000000008000ff48 (0xfcf76de3)
core   0: 0x000000008000ff22 (0xfe043783) ld      a5, -32(s0)
core   0: 3 0x000000008000ff22 (0xfe043783) x15 0x000000008001207a mem 0x0000000080031f50
core   0: 0x000000008000ff26 (0x00178713) addi    a4, a5, 1
core   0: 3 0x000000008000ff26 (0x00178713) x14 0x000000008001207b
core   0: 0x000000008000ff2a (0xfee43023) sd      a4, -32(s0)
core   0: 3 0x000000008000ff2a (0xfee43023) mem 0x0000000080031f50 0x000000008001207b
core   0: 0x000000008000ff2e (0xfc442703) lw      a4, -60(s0)
core   0: 3 0x000000008000ff2e (0xfc442703) x14 0x0000000000000000 mem 0x0000000080031f34
core   0: 0x000000008000ff32 (0x0ff77713) andi    a4, a4, 255
core   0: 3 0x000000008000ff32 (0x0ff77713) x14 0x0000000000000000
core   0: 0x000000008000ff36 (0x00e78023) sb      a4, 0(a5)
core   0: 3 0x000000008000ff36 (0x00e78023) mem 0x000000008001207a 0x00
core   0: 0x000000008000ff3a (0xfc843703) ld      a4, -56(s0)
core   0: 3 0x000000008000ff3a (0xfc843703) x14 0x0000000080012040 mem 0x0000000080031f38
core   0: 0x000000008000ff3e (0xfb843783) ld      a5, -72(s0)
core   0: 3 0x000000008000ff3e (0xfb843783) x15 0x000000000000009c mem 0x0000000080031f28
core   0: 0x000000008000ff42 (0x000097ba) c.add   a5, a4
core   0: 3 0x000000008000ff42 (0x97ba) x15 0x00000000800120dc
core   0: 0x000000008000ff44 (0xfe043703) ld      a4, -32(s0)
core   0: 3 0x000000008000ff44 (0xfe043703) x14 0x000000008001207b mem 0x0000000080031f50
core   0: 0x000000008000ff48 (0xfcf76de3) bltu    a4, a5, pc - 38
core   0: 3 0x000000008000ff48 (0xfcf76de3)
core   0: 0x000000008000ff22 (0xfe043783) ld      a5, -32(s0)
core   0: 3 0x000000008000ff22 (0xfe043783) x15 0x000000008001207b mem 0x0000000080031f50
core   0: 0x000000008000ff26 (0x00178713) addi    a4, a5, 1
core   0: 3 0x000000008000ff26 (0x00178713) x14 0x000000008001207c
core   0: 0x000000008000ff2a (0xfee43023) sd      a4, -32(s0)
core   0: 3 0x000000008000ff2a (0xfee43023) mem 0x0000000080031f50 0x000000008001207c
core   0: 0x000000008000ff2e (0xfc442703) lw      a4, -60(s0)
core   0: 3 0x000000008000ff2e (0xfc442703) x14 0x0000000000000000 mem 0x0000000080031f34
core   0: 0x000000008000ff32 (0x0ff77713) andi    a4, a4, 255
core   0: 3 0x000000008000ff32 (0x0ff77713) x14 0x0000000000000000
core   0: 0x000000008000ff36 (0x00e78023) sb      a4, 0(a5)
core   0: 3 0x000000008000ff36 (0x00e78023) mem 0x000000008001207b 0x00
core   0: 0x000000008000ff3a (0xfc843703) ld      a4, -56(s0)
core   0: 3 0x000000008000ff3a (0xfc843703) x14 0x0000000080012040 mem 0x0000000080031f38
core   0: 0x000000008000ff3e (0xfb843783) ld      a5, -72(s0)
core   0: 3 0x000000008000ff3e (0xfb843783) x15 0x000000000000009c mem 0x0000000080031f28
core   0: 0x000000008000ff42 (0x000097ba) c.add   a5, a4
core   0: 3 0x000000008000ff42 (0x97ba) x15 0x00000000800120dc
core   0: 0x000000008000ff44 (0xfe043703) ld      a4, -32(s0)
core   0: 3 0x000000008000ff44 (0xfe043703) x14 0x000000008001207c mem 0x0000000080031f50
core   0: 0x000000008000ff48 (0xfcf76de3) bltu    a4, a5, pc - 38
core   0: 3 0x000000008000ff48 (0xfcf76de3)
core   0: 0x000000008000ff22 (0xfe043783) ld      a5, -32(s0)
core   0: 3 0x000000008000ff22 (0xfe043783) x15 0x000000008001207c mem 0x0000000080031f50
core   0: 0x000000008000ff26 (0x00178713) addi    a4, a5, 1
core   0: 3 0x000000008000ff26 (0x00178713) x14 0x000000008001207d
core   0: 0x000000008000ff2a (0xfee43023) sd      a4, -32(s0)
core   0: 3 0x000000008000ff2a (0xfee43023) mem 0x0000000080031f50 0x000000008001207d
core   0: 0x000000008000ff2e (0xfc442703) lw      a4, -60(s0)
core   0: 3 0x000000008000ff2e (0xfc442703) x14 0x0000000000000000 mem 0x0000000080031f34
core   0: 0x000000008000ff32 (0x0ff77713) andi    a4, a4, 255
core   0: 3 0x000000008000ff32 (0x0ff77713) x14 0x0000000000000000
core   0: 0x000000008000ff36 (0x00e78023) sb      a4, 0(a5)
core   0: 3 0x000000008000ff36 (0x00e78023) mem 0x000000008001207c 0x00
core   0: 0x000000008000ff3a (0xfc843703) ld      a4, -56(s0)
core   0: 3 0x000000008000ff3a (0xfc843703) x14 0x0000000080012040 mem 0x0000000080031f38
core   0: 0x000000008000ff3e (0xfb843783) ld      a5, -72(s0)
core   0: 3 0x000000008000ff3e (0xfb843783) x15 0x000000000000009c mem 0x0000000080031f28
core   0: 0x000000008000ff42 (0x000097ba) c.add   a5, a4
core   0: 3 0x000000008000ff42 (0x97ba) x15 0x00000000800120dc
core   0: 0x000000008000ff44 (0xfe043703) ld      a4, -32(s0)
core   0: 3 0x000000008000ff44 (0xfe043703) x14 0x000000008001207d mem 0x0000000080031f50
core   0: 0x000000008000ff48 (0xfcf76de3) bltu    a4, a5, pc - 38
core   0: 3 0x000000008000ff48 (0xfcf76de3)
core   0: 0x000000008000ff22 (0xfe043783) ld      a5, -32(s0)
core   0: 3 0x000000008000ff22 (0xfe043783) x15 0x000000008001207d mem 0x0000000080031f50
core   0: 0x000000008000ff26 (0x00178713) addi    a4, a5, 1
core   0: 3 0x000000008000ff26 (0x00178713) x14 0x000000008001207e
core   0: 0x000000008000ff2a (0xfee43023) sd      a4, -32(s0)
core   0: 3 0x000000008000ff2a (0xfee43023) mem 0x0000000080031f50 0x000000008001207e
core   0: 0x000000008000ff2e (0xfc442703) lw      a4, -60(s0)
core   0: 3 0x000000008000ff2e (0xfc442703) x14 0x0000000000000000 mem 0x0000000080031f34
core   0: 0x000000008000ff32 (0x0ff77713) andi    a4, a4, 255
core   0: 3 0x000000008000ff32 (0x0ff77713) x14 0x0000000000000000
core   0: 0x000000008000ff36 (0x00e78023) sb      a4, 0(a5)
core   0: 3 0x000000008000ff36 (0x00e78023) mem 0x000000008001207d 0x00
core   0: 0x000000008000ff3a (0xfc843703) ld      a4, -56(s0)
core   0: 3 0x000000008000ff3a (0xfc843703) x14 0x0000000080012040 mem 0x0000000080031f38
core   0: 0x000000008000ff3e (0xfb843783) ld      a5, -72(s0)
core   0: 3 0x000000008000ff3e (0xfb843783) x15 0x000000000000009c mem 0x0000000080031f28
core   0: 0x000000008000ff42 (0x000097ba) c.add   a5, a4
core   0: 3 0x000000008000ff42 (0x97ba) x15 0x00000000800120dc
core   0: 0x000000008000ff44 (0xfe043703) ld      a4, -32(s0)
core   0: 3 0x000000008000ff44 (0xfe043703) x14 0x000000008001207e mem 0x0000000080031f50
core   0: 0x000000008000ff48 (0xfcf76de3) bltu    a4, a5, pc - 38
core   0: 3 0x000000008000ff48 (0xfcf76de3)
core   0: 0x000000008000ff22 (0xfe043783) ld      a5, -32(s0)
core   0: 3 0x000000008000ff22 (0xfe043783) x15 0x000000008001207e mem 0x0000000080031f50
core   0: 0x000000008000ff26 (0x00178713) addi    a4, a5, 1
core   0: 3 0x000000008000ff26 (0x00178713) x14 0x000000008001207f
core   0: 0x000000008000ff2a (0xfee43023) sd      a4, -32(s0)
core   0: 3 0x000000008000ff2a (0xfee43023) mem 0x0000000080031f50 0x000000008001207f
core   0: 0x000000008000ff2e (0xfc442703) lw      a4, -60(s0)
core   0: 3 0x000000008000ff2e (0xfc442703) x14 0x0000000000000000 mem 0x0000000080031f34
core   0: 0x000000008000ff32 (0x0ff77713) andi    a4, a4, 255
core   0: 3 0x000000008000ff32 (0x0ff77713) x14 0x0000000000000000
core   0: 0x000000008000ff36 (0x00e78023) sb      a4, 0(a5)
core   0: 3 0x000000008000ff36 (0x00e78023) mem 0x000000008001207e 0x00
core   0: 0x000000008000ff3a (0xfc843703) ld      a4, -56(s0)
core   0: 3 0x000000008000ff3a (0xfc843703) x14 0x0000000080012040 mem 0x0000000080031f38
core   0: 0x000000008000ff3e (0xfb843783) ld      a5, -72(s0)
core   0: 3 0x000000008000ff3e (0xfb843783) x15 0x000000000000009c mem 0x0000000080031f28
core   0: 0x000000008000ff42 (0x000097ba) c.add   a5, a4
core   0: 3 0x000000008000ff42 (0x97ba) x15 0x00000000800120dc
core   0: 0x000000008000ff44 (0xfe043703) ld      a4, -32(s0)
core   0: 3 0x000000008000ff44 (0xfe043703) x14 0x000000008001207f mem 0x0000000080031f50
core   0: 0x000000008000ff48 (0xfcf76de3) bltu    a4, a5, pc - 38
core   0: 3 0x000000008000ff48 (0xfcf76de3)
core   0: 0x000000008000ff22 (0xfe043783) ld      a5, -32(s0)
core   0: 3 0x000000008000ff22 (0xfe043783) x15 0x000000008001207f mem 0x0000000080031f50
core   0: 0x000000008000ff26 (0x00178713) addi    a4, a5, 1
core   0: 3 0x000000008000ff26 (0x00178713) x14 0x0000000080012080
core   0: 0x000000008000ff2a (0xfee43023) sd      a4, -32(s0)
core   0: 3 0x000000008000ff2a (0xfee43023) mem 0x0000000080031f50 0x0000000080012080
core   0: 0x000000008000ff2e (0xfc442703) lw      a4, -60(s0)
core   0: 3 0x000000008000ff2e (0xfc442703) x14 0x0000000000000000 mem 0x0000000080031f34
core   0: 0x000000008000ff32 (0x0ff77713) andi    a4, a4, 255
core   0: 3 0x000000008000ff32 (0x0ff77713) x14 0x0000000000000000
core   0: 0x000000008000ff36 (0x00e78023) sb      a4, 0(a5)
core   0: 3 0x000000008000ff36 (0x00e78023) mem 0x000000008001207f 0x00
core   0: 0x000000008000ff3a (0xfc843703) ld      a4, -56(s0)
core   0: 3 0x000000008000ff3a (0xfc843703) x14 0x0000000080012040 mem 0x0000000080031f38
core   0: 0x000000008000ff3e (0xfb843783) ld      a5, -72(s0)
core   0: 3 0x000000008000ff3e (0xfb843783) x15 0x000000000000009c mem 0x0000000080031f28
core   0: 0x000000008000ff42 (0x000097ba) c.add   a5, a4
core   0: 3 0x000000008000ff42 (0x97ba) x15 0x00000000800120dc
core   0: 0x000000008000ff44 (0xfe043703) ld      a4, -32(s0)
core   0: 3 0x000000008000ff44 (0xfe043703) x14 0x0000000080012080 mem 0x0000000080031f50
core   0: 0x000000008000ff48 (0xfcf76de3) bltu    a4, a5, pc - 38
core   0: 3 0x000000008000ff48 (0xfcf76de3)
core   0: 0x000000008000ff22 (0xfe043783) ld      a5, -32(s0)
core   0: 3 0x000000008000ff22 (0xfe043783) x15 0x0000000080012080 mem 0x0000000080031f50
core   0: 0x000000008000ff26 (0x00178713) addi    a4, a5, 1
core   0: 3 0x000000008000ff26 (0x00178713) x14 0x0000000080012081
core   0: 0x000000008000ff2a (0xfee43023) sd      a4, -32(s0)
core   0: 3 0x000000008000ff2a (0xfee43023) mem 0x0000000080031f50 0x0000000080012081
core   0: 0x000000008000ff2e (0xfc442703) lw      a4, -60(s0)
core   0: 3 0x000000008000ff2e (0xfc442703) x14 0x0000000000000000 mem 0x0000000080031f34
core   0: 0x000000008000ff32 (0x0ff77713) andi    a4, a4, 255
core   0: 3 0x000000008000ff32 (0x0ff77713) x14 0x0000000000000000
core   0: 0x000000008000ff36 (0x00e78023) sb      a4, 0(a5)
core   0: 3 0x000000008000ff36 (0x00e78023) mem 0x0000000080012080 0x00
core   0: 0x000000008000ff3a (0xfc843703) ld      a4, -56(s0)
core   0: 3 0x000000008000ff3a (0xfc843703) x14 0x0000000080012040 mem 0x0000000080031f38
core   0: 0x000000008000ff3e (0xfb843783) ld      a5, -72(s0)
core   0: 3 0x000000008000ff3e (0xfb843783) x15 0x000000000000009c mem 0x0000000080031f28
core   0: 0x000000008000ff42 (0x000097ba) c.add   a5, a4
core   0: 3 0x000000008000ff42 (0x97ba) x15 0x00000000800120dc
core   0: 0x000000008000ff44 (0xfe043703) ld      a4, -32(s0)
core   0: 3 0x000000008000ff44 (0xfe043703) x14 0x0000000080012081 mem 0x0000000080031f50
core   0: 0x000000008000ff48 (0xfcf76de3) bltu    a4, a5, pc - 38
core   0: 3 0x000000008000ff48 (0xfcf76de3)
core   0: 0x000000008000ff22 (0xfe043783) ld      a5, -32(s0)
core   0: 3 0x000000008000ff22 (0xfe043783) x15 0x0000000080012081 mem 0x0000000080031f50
core   0: 0x000000008000ff26 (0x00178713) addi    a4, a5, 1
core   0: 3 0x000000008000ff26 (0x00178713) x14 0x0000000080012082
core   0: 0x000000008000ff2a (0xfee43023) sd      a4, -32(s0)
core   0: 3 0x000000008000ff2a (0xfee43023) mem 0x0000000080031f50 0x0000000080012082
core   0: 0x000000008000ff2e (0xfc442703) lw      a4, -60(s0)
core   0: 3 0x000000008000ff2e (0xfc442703) x14 0x0000000000000000 mem 0x0000000080031f34
core   0: 0x000000008000ff32 (0x0ff77713) andi    a4, a4, 255
core   0: 3 0x000000008000ff32 (0x0ff77713) x14 0x0000000000000000
core   0: 0x000000008000ff36 (0x00e78023) sb      a4, 0(a5)
core   0: 3 0x000000008000ff36 (0x00e78023) mem 0x0000000080012081 0x00
core   0: 0x000000008000ff3a (0xfc843703) ld      a4, -56(s0)
core   0: 3 0x000000008000ff3a (0xfc843703) x14 0x0000000080012040 mem 0x0000000080031f38
core   0: 0x000000008000ff3e (0xfb843783) ld      a5, -72(s0)
core   0: 3 0x000000008000ff3e (0xfb843783) x15 0x000000000000009c mem 0x0000000080031f28
core   0: 0x000000008000ff42 (0x000097ba) c.add   a5, a4
core   0: 3 0x000000008000ff42 (0x97ba) x15 0x00000000800120dc
core   0: 0x000000008000ff44 (0xfe043703) ld      a4, -32(s0)
core   0: 3 0x000000008000ff44 (0xfe043703) x14 0x0000000080012082 mem 0x0000000080031f50
core   0: 0x000000008000ff48 (0xfcf76de3) bltu    a4, a5, pc - 38
core   0: 3 0x000000008000ff48 (0xfcf76de3)
core   0: 0x000000008000ff22 (0xfe043783) ld      a5, -32(s0)
core   0: 3 0x000000008000ff22 (0xfe043783) x15 0x0000000080012082 mem 0x0000000080031f50
core   0: 0x000000008000ff26 (0x00178713) addi    a4, a5, 1
core   0: 3 0x000000008000ff26 (0x00178713) x14 0x0000000080012083
core   0: 0x000000008000ff2a (0xfee43023) sd      a4, -32(s0)
core   0: 3 0x000000008000ff2a (0xfee43023) mem 0x0000000080031f50 0x0000000080012083
core   0: 0x000000008000ff2e (0xfc442703) lw      a4, -60(s0)
core   0: 3 0x000000008000ff2e (0xfc442703) x14 0x0000000000000000 mem 0x0000000080031f34
core   0: 0x000000008000ff32 (0x0ff77713) andi    a4, a4, 255
core   0: 3 0x000000008000ff32 (0x0ff77713) x14 0x0000000000000000
core   0: 0x000000008000ff36 (0x00e78023) sb      a4, 0(a5)
core   0: 3 0x000000008000ff36 (0x00e78023) mem 0x0000000080012082 0x00
core   0: 0x000000008000ff3a (0xfc843703) ld      a4, -56(s0)
core   0: 3 0x000000008000ff3a (0xfc843703) x14 0x0000000080012040 mem 0x0000000080031f38
core   0: 0x000000008000ff3e (0xfb843783) ld      a5, -72(s0)
core   0: 3 0x000000008000ff3e (0xfb843783) x15 0x000000000000009c mem 0x0000000080031f28
core   0: 0x000000008000ff42 (0x000097ba) c.add   a5, a4
core   0: 3 0x000000008000ff42 (0x97ba) x15 0x00000000800120dc
core   0: 0x000000008000ff44 (0xfe043703) ld      a4, -32(s0)
core   0: 3 0x000000008000ff44 (0xfe043703) x14 0x0000000080012083 mem 0x0000000080031f50
core   0: 0x000000008000ff48 (0xfcf76de3) bltu    a4, a5, pc - 38
core   0: 3 0x000000008000ff48 (0xfcf76de3)
core   0: 0x000000008000ff22 (0xfe043783) ld      a5, -32(s0)
core   0: 3 0x000000008000ff22 (0xfe043783) x15 0x0000000080012083 mem 0x0000000080031f50
core   0: 0x000000008000ff26 (0x00178713) addi    a4, a5, 1
core   0: 3 0x000000008000ff26 (0x00178713) x14 0x0000000080012084
core   0: 0x000000008000ff2a (0xfee43023) sd      a4, -32(s0)
core   0: 3 0x000000008000ff2a (0xfee43023) mem 0x0000000080031f50 0x0000000080012084
core   0: 0x000000008000ff2e (0xfc442703) lw      a4, -60(s0)
core   0: 3 0x000000008000ff2e (0xfc442703) x14 0x0000000000000000 mem 0x0000000080031f34
core   0: 0x000000008000ff32 (0x0ff77713) andi    a4, a4, 255
core   0: 3 0x000000008000ff32 (0x0ff77713) x14 0x0000000000000000
core   0: 0x000000008000ff36 (0x00e78023) sb      a4, 0(a5)
core   0: 3 0x000000008000ff36 (0x00e78023) mem 0x0000000080012083 0x00
core   0: 0x000000008000ff3a (0xfc843703) ld      a4, -56(s0)
core   0: 3 0x000000008000ff3a (0xfc843703) x14 0x0000000080012040 mem 0x0000000080031f38
core   0: 0x000000008000ff3e (0xfb843783) ld      a5, -72(s0)
core   0: 3 0x000000008000ff3e (0xfb843783) x15 0x000000000000009c mem 0x0000000080031f28
core   0: 0x000000008000ff42 (0x000097ba) c.add   a5, a4
core   0: 3 0x000000008000ff42 (0x97ba) x15 0x00000000800120dc
core   0: 0x000000008000ff44 (0xfe043703) ld      a4, -32(s0)
core   0: 3 0x000000008000ff44 (0xfe043703) x14 0x0000000080012084 mem 0x0000000080031f50
core   0: 0x000000008000ff48 (0xfcf76de3) bltu    a4, a5, pc - 38
core   0: 3 0x000000008000ff48 (0xfcf76de3)
core   0: 0x000000008000ff22 (0xfe043783) ld      a5, -32(s0)
core   0: 3 0x000000008000ff22 (0xfe043783) x15 0x0000000080012084 mem 0x0000000080031f50
core   0: 0x000000008000ff26 (0x00178713) addi    a4, a5, 1
core   0: 3 0x000000008000ff26 (0x00178713) x14 0x0000000080012085
core   0: 0x000000008000ff2a (0xfee43023) sd      a4, -32(s0)
core   0: 3 0x000000008000ff2a (0xfee43023) mem 0x0000000080031f50 0x0000000080012085
core   0: 0x000000008000ff2e (0xfc442703) lw      a4, -60(s0)
core   0: 3 0x000000008000ff2e (0xfc442703) x14 0x0000000000000000 mem 0x0000000080031f34
core   0: 0x000000008000ff32 (0x0ff77713) andi    a4, a4, 255
core   0: 3 0x000000008000ff32 (0x0ff77713) x14 0x0000000000000000
core   0: 0x000000008000ff36 (0x00e78023) sb      a4, 0(a5)
core   0: 3 0x000000008000ff36 (0x00e78023) mem 0x0000000080012084 0x00
core   0: 0x000000008000ff3a (0xfc843703) ld      a4, -56(s0)
core   0: 3 0x000000008000ff3a (0xfc843703) x14 0x0000000080012040 mem 0x0000000080031f38
core   0: 0x000000008000ff3e (0xfb843783) ld      a5, -72(s0)
core   0: 3 0x000000008000ff3e (0xfb843783) x15 0x000000000000009c mem 0x0000000080031f28
core   0: 0x000000008000ff42 (0x000097ba) c.add   a5, a4
core   0: 3 0x000000008000ff42 (0x97ba) x15 0x00000000800120dc
core   0: 0x000000008000ff44 (0xfe043703) ld      a4, -32(s0)
core   0: 3 0x000000008000ff44 (0xfe043703) x14 0x0000000080012085 mem 0x0000000080031f50
core   0: 0x000000008000ff48 (0xfcf76de3) bltu    a4, a5, pc - 38
core   0: 3 0x000000008000ff48 (0xfcf76de3)
core   0: 0x000000008000ff22 (0xfe043783) ld      a5, -32(s0)
core   0: 3 0x000000008000ff22 (0xfe043783) x15 0x0000000080012085 mem 0x0000000080031f50
core   0: 0x000000008000ff26 (0x00178713) addi    a4, a5, 1
core   0: 3 0x000000008000ff26 (0x00178713) x14 0x0000000080012086
core   0: 0x000000008000ff2a (0xfee43023) sd      a4, -32(s0)
core   0: 3 0x000000008000ff2a (0xfee43023) mem 0x0000000080031f50 0x0000000080012086
core   0: 0x000000008000ff2e (0xfc442703) lw      a4, -60(s0)
core   0: 3 0x000000008000ff2e (0xfc442703) x14 0x0000000000000000 mem 0x0000000080031f34
core   0: 0x000000008000ff32 (0x0ff77713) andi    a4, a4, 255
core   0: 3 0x000000008000ff32 (0x0ff77713) x14 0x0000000000000000
core   0: 0x000000008000ff36 (0x00e78023) sb      a4, 0(a5)
core   0: 3 0x000000008000ff36 (0x00e78023) mem 0x0000000080012085 0x00
core   0: 0x000000008000ff3a (0xfc843703) ld      a4, -56(s0)
core   0: 3 0x000000008000ff3a (0xfc843703) x14 0x0000000080012040 mem 0x0000000080031f38
core   0: 0x000000008000ff3e (0xfb843783) ld      a5, -72(s0)
core   0: 3 0x000000008000ff3e (0xfb843783) x15 0x000000000000009c mem 0x0000000080031f28
core   0: 0x000000008000ff42 (0x000097ba) c.add   a5, a4
core   0: 3 0x000000008000ff42 (0x97ba) x15 0x00000000800120dc
core   0: 0x000000008000ff44 (0xfe043703) ld      a4, -32(s0)
core   0: 3 0x000000008000ff44 (0xfe043703) x14 0x0000000080012086 mem 0x0000000080031f50
core   0: 0x000000008000ff48 (0xfcf76de3) bltu    a4, a5, pc - 38
core   0: 3 0x000000008000ff48 (0xfcf76de3)
core   0: 0x000000008000ff22 (0xfe043783) ld      a5, -32(s0)
core   0: 3 0x000000008000ff22 (0xfe043783) x15 0x0000000080012086 mem 0x0000000080031f50
core   0: 0x000000008000ff26 (0x00178713) addi    a4, a5, 1
core   0: 3 0x000000008000ff26 (0x00178713) x14 0x0000000080012087
core   0: 0x000000008000ff2a (0xfee43023) sd      a4, -32(s0)
core   0: 3 0x000000008000ff2a (0xfee43023) mem 0x0000000080031f50 0x0000000080012087
core   0: 0x000000008000ff2e (0xfc442703) lw      a4, -60(s0)
core   0: 3 0x000000008000ff2e (0xfc442703) x14 0x0000000000000000 mem 0x0000000080031f34
core   0: 0x000000008000ff32 (0x0ff77713) andi    a4, a4, 255
core   0: 3 0x000000008000ff32 (0x0ff77713) x14 0x0000000000000000
core   0: 0x000000008000ff36 (0x00e78023) sb      a4, 0(a5)
core   0: 3 0x000000008000ff36 (0x00e78023) mem 0x0000000080012086 0x00
core   0: 0x000000008000ff3a (0xfc843703) ld      a4, -56(s0)
core   0: 3 0x000000008000ff3a (0xfc843703) x14 0x0000000080012040 mem 0x0000000080031f38
core   0: 0x000000008000ff3e (0xfb843783) ld      a5, -72(s0)
core   0: 3 0x000000008000ff3e (0xfb843783) x15 0x000000000000009c mem 0x0000000080031f28
core   0: 0x000000008000ff42 (0x000097ba) c.add   a5, a4
core   0: 3 0x000000008000ff42 (0x97ba) x15 0x00000000800120dc
core   0: 0x000000008000ff44 (0xfe043703) ld      a4, -32(s0)
core   0: 3 0x000000008000ff44 (0xfe043703) x14 0x0000000080012087 mem 0x0000000080031f50
core   0: 0x000000008000ff48 (0xfcf76de3) bltu    a4, a5, pc - 38
core   0: 3 0x000000008000ff48 (0xfcf76de3)
core   0: 0x000000008000ff22 (0xfe043783) ld      a5, -32(s0)
core   0: 3 0x000000008000ff22 (0xfe043783) x15 0x0000000080012087 mem 0x0000000080031f50
core   0: 0x000000008000ff26 (0x00178713) addi    a4, a5, 1
core   0: 3 0x000000008000ff26 (0x00178713) x14 0x0000000080012088
core   0: 0x000000008000ff2a (0xfee43023) sd      a4, -32(s0)
core   0: 3 0x000000008000ff2a (0xfee43023) mem 0x0000000080031f50 0x0000000080012088
core   0: 0x000000008000ff2e (0xfc442703) lw      a4, -60(s0)
core   0: 3 0x000000008000ff2e (0xfc442703) x14 0x0000000000000000 mem 0x0000000080031f34
core   0: 0x000000008000ff32 (0x0ff77713) andi    a4, a4, 255
core   0: 3 0x000000008000ff32 (0x0ff77713) x14 0x0000000000000000
core   0: 0x000000008000ff36 (0x00e78023) sb      a4, 0(a5)
core   0: 3 0x000000008000ff36 (0x00e78023) mem 0x0000000080012087 0x00
core   0: 0x000000008000ff3a (0xfc843703) ld      a4, -56(s0)
core   0: 3 0x000000008000ff3a (0xfc843703) x14 0x0000000080012040 mem 0x0000000080031f38
core   0: 0x000000008000ff3e (0xfb843783) ld      a5, -72(s0)
core   0: 3 0x000000008000ff3e (0xfb843783) x15 0x000000000000009c mem 0x0000000080031f28
core   0: 0x000000008000ff42 (0x000097ba) c.add   a5, a4
core   0: 3 0x000000008000ff42 (0x97ba) x15 0x00000000800120dc
core   0: 0x000000008000ff44 (0xfe043703) ld      a4, -32(s0)
core   0: 3 0x000000008000ff44 (0xfe043703) x14 0x0000000080012088 mem 0x0000000080031f50
core   0: 0x000000008000ff48 (0xfcf76de3) bltu    a4, a5, pc - 38
core   0: 3 0x000000008000ff48 (0xfcf76de3)
core   0: 0x000000008000ff22 (0xfe043783) ld      a5, -32(s0)
core   0: 3 0x000000008000ff22 (0xfe043783) x15 0x0000000080012088 mem 0x0000000080031f50
core   0: 0x000000008000ff26 (0x00178713) addi    a4, a5, 1
core   0: 3 0x000000008000ff26 (0x00178713) x14 0x0000000080012089
core   0: 0x000000008000ff2a (0xfee43023) sd      a4, -32(s0)
core   0: 3 0x000000008000ff2a (0xfee43023) mem 0x0000000080031f50 0x0000000080012089
core   0: 0x000000008000ff2e (0xfc442703) lw      a4, -60(s0)
core   0: 3 0x000000008000ff2e (0xfc442703) x14 0x0000000000000000 mem 0x0000000080031f34
core   0: 0x000000008000ff32 (0x0ff77713) andi    a4, a4, 255
core   0: 3 0x000000008000ff32 (0x0ff77713) x14 0x0000000000000000
core   0: 0x000000008000ff36 (0x00e78023) sb      a4, 0(a5)
core   0: 3 0x000000008000ff36 (0x00e78023) mem 0x0000000080012088 0x00
core   0: 0x000000008000ff3a (0xfc843703) ld      a4, -56(s0)
core   0: 3 0x000000008000ff3a (0xfc843703) x14 0x0000000080012040 mem 0x0000000080031f38
core   0: 0x000000008000ff3e (0xfb843783) ld      a5, -72(s0)
core   0: 3 0x000000008000ff3e (0xfb843783) x15 0x000000000000009c mem 0x0000000080031f28
core   0: 0x000000008000ff42 (0x000097ba) c.add   a5, a4
core   0: 3 0x000000008000ff42 (0x97ba) x15 0x00000000800120dc
core   0: 0x000000008000ff44 (0xfe043703) ld      a4, -32(s0)
core   0: 3 0x000000008000ff44 (0xfe043703) x14 0x0000000080012089 mem 0x0000000080031f50
core   0: 0x000000008000ff48 (0xfcf76de3) bltu    a4, a5, pc - 38
core   0: 3 0x000000008000ff48 (0xfcf76de3)
core   0: 0x000000008000ff22 (0xfe043783) ld      a5, -32(s0)
core   0: 3 0x000000008000ff22 (0xfe043783) x15 0x0000000080012089 mem 0x0000000080031f50
core   0: 0x000000008000ff26 (0x00178713) addi    a4, a5, 1
core   0: 3 0x000000008000ff26 (0x00178713) x14 0x000000008001208a
core   0: 0x000000008000ff2a (0xfee43023) sd      a4, -32(s0)
core   0: 3 0x000000008000ff2a (0xfee43023) mem 0x0000000080031f50 0x000000008001208a
core   0: 0x000000008000ff2e (0xfc442703) lw      a4, -60(s0)
core   0: 3 0x000000008000ff2e (0xfc442703) x14 0x0000000000000000 mem 0x0000000080031f34
core   0: 0x000000008000ff32 (0x0ff77713) andi    a4, a4, 255
core   0: 3 0x000000008000ff32 (0x0ff77713) x14 0x0000000000000000
core   0: 0x000000008000ff36 (0x00e78023) sb      a4, 0(a5)
core   0: 3 0x000000008000ff36 (0x00e78023) mem 0x0000000080012089 0x00
core   0: 0x000000008000ff3a (0xfc843703) ld      a4, -56(s0)
core   0: 3 0x000000008000ff3a (0xfc843703) x14 0x0000000080012040 mem 0x0000000080031f38
core   0: 0x000000008000ff3e (0xfb843783) ld      a5, -72(s0)
core   0: 3 0x000000008000ff3e (0xfb843783) x15 0x000000000000009c mem 0x0000000080031f28
core   0: 0x000000008000ff42 (0x000097ba) c.add   a5, a4
core   0: 3 0x000000008000ff42 (0x97ba) x15 0x00000000800120dc
core   0: 0x000000008000ff44 (0xfe043703) ld      a4, -32(s0)
core   0: 3 0x000000008000ff44 (0xfe043703) x14 0x000000008001208a mem 0x0000000080031f50
core   0: 0x000000008000ff48 (0xfcf76de3) bltu    a4, a5, pc - 38
core   0: 3 0x000000008000ff48 (0xfcf76de3)
core   0: 0x000000008000ff22 (0xfe043783) ld      a5, -32(s0)
core   0: 3 0x000000008000ff22 (0xfe043783) x15 0x000000008001208a mem 0x0000000080031f50
core   0: 0x000000008000ff26 (0x00178713) addi    a4, a5, 1
core   0: 3 0x000000008000ff26 (0x00178713) x14 0x000000008001208b
core   0: 0x000000008000ff2a (0xfee43023) sd      a4, -32(s0)
core   0: 3 0x000000008000ff2a (0xfee43023) mem 0x0000000080031f50 0x000000008001208b
core   0: 0x000000008000ff2e (0xfc442703) lw      a4, -60(s0)
core   0: 3 0x000000008000ff2e (0xfc442703) x14 0x0000000000000000 mem 0x0000000080031f34
core   0: 0x000000008000ff32 (0x0ff77713) andi    a4, a4, 255
core   0: 3 0x000000008000ff32 (0x0ff77713) x14 0x0000000000000000
core   0: 0x000000008000ff36 (0x00e78023) sb      a4, 0(a5)
core   0: 3 0x000000008000ff36 (0x00e78023) mem 0x000000008001208a 0x00
core   0: 0x000000008000ff3a (0xfc843703) ld      a4, -56(s0)
core   0: 3 0x000000008000ff3a (0xfc843703) x14 0x0000000080012040 mem 0x0000000080031f38
core   0: 0x000000008000ff3e (0xfb843783) ld      a5, -72(s0)
core   0: 3 0x000000008000ff3e (0xfb843783) x15 0x000000000000009c mem 0x0000000080031f28
core   0: 0x000000008000ff42 (0x000097ba) c.add   a5, a4
core   0: 3 0x000000008000ff42 (0x97ba) x15 0x00000000800120dc
core   0: 0x000000008000ff44 (0xfe043703) ld      a4, -32(s0)
core   0: 3 0x000000008000ff44 (0xfe043703) x14 0x000000008001208b mem 0x0000000080031f50
core   0: 0x000000008000ff48 (0xfcf76de3) bltu    a4, a5, pc - 38
core   0: 3 0x000000008000ff48 (0xfcf76de3)
core   0: 0x000000008000ff22 (0xfe043783) ld      a5, -32(s0)
core   0: 3 0x000000008000ff22 (0xfe043783) x15 0x000000008001208b mem 0x0000000080031f50
core   0: 0x000000008000ff26 (0x00178713) addi    a4, a5, 1
core   0: 3 0x000000008000ff26 (0x00178713) x14 0x000000008001208c
core   0: 0x000000008000ff2a (0xfee43023) sd      a4, -32(s0)
core   0: 3 0x000000008000ff2a (0xfee43023) mem 0x0000000080031f50 0x000000008001208c
core   0: 0x000000008000ff2e (0xfc442703) lw      a4, -60(s0)
core   0: 3 0x000000008000ff2e (0xfc442703) x14 0x0000000000000000 mem 0x0000000080031f34
core   0: 0x000000008000ff32 (0x0ff77713) andi    a4, a4, 255
core   0: 3 0x000000008000ff32 (0x0ff77713) x14 0x0000000000000000
core   0: 0x000000008000ff36 (0x00e78023) sb      a4, 0(a5)
core   0: 3 0x000000008000ff36 (0x00e78023) mem 0x000000008001208b 0x00
core   0: 0x000000008000ff3a (0xfc843703) ld      a4, -56(s0)
core   0: 3 0x000000008000ff3a (0xfc843703) x14 0x0000000080012040 mem 0x0000000080031f38
core   0: 0x000000008000ff3e (0xfb843783) ld      a5, -72(s0)
core   0: 3 0x000000008000ff3e (0xfb843783) x15 0x000000000000009c mem 0x0000000080031f28
core   0: 0x000000008000ff42 (0x000097ba) c.add   a5, a4
core   0: 3 0x000000008000ff42 (0x97ba) x15 0x00000000800120dc
core   0: 0x000000008000ff44 (0xfe043703) ld      a4, -32(s0)
core   0: 3 0x000000008000ff44 (0xfe043703) x14 0x000000008001208c mem 0x0000000080031f50
core   0: 0x000000008000ff48 (0xfcf76de3) bltu    a4, a5, pc - 38
core   0: 3 0x000000008000ff48 (0xfcf76de3)
core   0: 0x000000008000ff22 (0xfe043783) ld      a5, -32(s0)
core   0: 3 0x000000008000ff22 (0xfe043783) x15 0x000000008001208c mem 0x0000000080031f50
core   0: 0x000000008000ff26 (0x00178713) addi    a4, a5, 1
core   0: 3 0x000000008000ff26 (0x00178713) x14 0x000000008001208d
core   0: 0x000000008000ff2a (0xfee43023) sd      a4, -32(s0)
core   0: 3 0x000000008000ff2a (0xfee43023) mem 0x0000000080031f50 0x000000008001208d
core   0: 0x000000008000ff2e (0xfc442703) lw      a4, -60(s0)
core   0: 3 0x000000008000ff2e (0xfc442703) x14 0x0000000000000000 mem 0x0000000080031f34
core   0: 0x000000008000ff32 (0x0ff77713) andi    a4, a4, 255
core   0: 3 0x000000008000ff32 (0x0ff77713) x14 0x0000000000000000
core   0: 0x000000008000ff36 (0x00e78023) sb      a4, 0(a5)
core   0: 3 0x000000008000ff36 (0x00e78023) mem 0x000000008001208c 0x00
core   0: 0x000000008000ff3a (0xfc843703) ld      a4, -56(s0)
core   0: 3 0x000000008000ff3a (0xfc843703) x14 0x0000000080012040 mem 0x0000000080031f38
core   0: 0x000000008000ff3e (0xfb843783) ld      a5, -72(s0)
core   0: 3 0x000000008000ff3e (0xfb843783) x15 0x000000000000009c mem 0x0000000080031f28
core   0: 0x000000008000ff42 (0x000097ba) c.add   a5, a4
core   0: 3 0x000000008000ff42 (0x97ba) x15 0x00000000800120dc
core   0: 0x000000008000ff44 (0xfe043703) ld      a4, -32(s0)
core   0: 3 0x000000008000ff44 (0xfe043703) x14 0x000000008001208d mem 0x0000000080031f50
core   0: 0x000000008000ff48 (0xfcf76de3) bltu    a4, a5, pc - 38
core   0: 3 0x000000008000ff48 (0xfcf76de3)
core   0: 0x000000008000ff22 (0xfe043783) ld      a5, -32(s0)
core   0: 3 0x000000008000ff22 (0xfe043783) x15 0x000000008001208d mem 0x0000000080031f50
core   0: 0x000000008000ff26 (0x00178713) addi    a4, a5, 1
core   0: 3 0x000000008000ff26 (0x00178713) x14 0x000000008001208e
core   0: 0x000000008000ff2a (0xfee43023) sd      a4, -32(s0)
core   0: 3 0x000000008000ff2a (0xfee43023) mem 0x0000000080031f50 0x000000008001208e
core   0: 0x000000008000ff2e (0xfc442703) lw      a4, -60(s0)
core   0: 3 0x000000008000ff2e (0xfc442703) x14 0x0000000000000000 mem 0x0000000080031f34
core   0: 0x000000008000ff32 (0x0ff77713) andi    a4, a4, 255
core   0: 3 0x000000008000ff32 (0x0ff77713) x14 0x0000000000000000
core   0: 0x000000008000ff36 (0x00e78023) sb      a4, 0(a5)
core   0: 3 0x000000008000ff36 (0x00e78023) mem 0x000000008001208d 0x00
core   0: 0x000000008000ff3a (0xfc843703) ld      a4, -56(s0)
core   0: 3 0x000000008000ff3a (0xfc843703) x14 0x0000000080012040 mem 0x0000000080031f38
core   0: 0x000000008000ff3e (0xfb843783) ld      a5, -72(s0)
core   0: 3 0x000000008000ff3e (0xfb843783) x15 0x000000000000009c mem 0x0000000080031f28
core   0: 0x000000008000ff42 (0x000097ba) c.add   a5, a4
core   0: 3 0x000000008000ff42 (0x97ba) x15 0x00000000800120dc
core   0: 0x000000008000ff44 (0xfe043703) ld      a4, -32(s0)
core   0: 3 0x000000008000ff44 (0xfe043703) x14 0x000000008001208e mem 0x0000000080031f50
core   0: 0x000000008000ff48 (0xfcf76de3) bltu    a4, a5, pc - 38
core   0: 3 0x000000008000ff48 (0xfcf76de3)
core   0: 0x000000008000ff22 (0xfe043783) ld      a5, -32(s0)
core   0: 3 0x000000008000ff22 (0xfe043783) x15 0x000000008001208e mem 0x0000000080031f50
core   0: 0x000000008000ff26 (0x00178713) addi    a4, a5, 1
core   0: 3 0x000000008000ff26 (0x00178713) x14 0x000000008001208f
core   0: 0x000000008000ff2a (0xfee43023) sd      a4, -32(s0)
core   0: 3 0x000000008000ff2a (0xfee43023) mem 0x0000000080031f50 0x000000008001208f
core   0: 0x000000008000ff2e (0xfc442703) lw      a4, -60(s0)
core   0: 3 0x000000008000ff2e (0xfc442703) x14 0x0000000000000000 mem 0x0000000080031f34
core   0: 0x000000008000ff32 (0x0ff77713) andi    a4, a4, 255
core   0: 3 0x000000008000ff32 (0x0ff77713) x14 0x0000000000000000
core   0: 0x000000008000ff36 (0x00e78023) sb      a4, 0(a5)
core   0: 3 0x000000008000ff36 (0x00e78023) mem 0x000000008001208e 0x00
core   0: 0x000000008000ff3a (0xfc843703) ld      a4, -56(s0)
core   0: 3 0x000000008000ff3a (0xfc843703) x14 0x0000000080012040 mem 0x0000000080031f38
core   0: 0x000000008000ff3e (0xfb843783) ld      a5, -72(s0)
core   0: 3 0x000000008000ff3e (0xfb843783) x15 0x000000000000009c mem 0x0000000080031f28
core   0: 0x000000008000ff42 (0x000097ba) c.add   a5, a4
core   0: 3 0x000000008000ff42 (0x97ba) x15 0x00000000800120dc
core   0: 0x000000008000ff44 (0xfe043703) ld      a4, -32(s0)
core   0: 3 0x000000008000ff44 (0xfe043703) x14 0x000000008001208f mem 0x0000000080031f50
core   0: 0x000000008000ff48 (0xfcf76de3) bltu    a4, a5, pc - 38
core   0: 3 0x000000008000ff48 (0xfcf76de3)
core   0: 0x000000008000ff22 (0xfe043783) ld      a5, -32(s0)
core   0: 3 0x000000008000ff22 (0xfe043783) x15 0x000000008001208f mem 0x0000000080031f50
core   0: 0x000000008000ff26 (0x00178713) addi    a4, a5, 1
core   0: 3 0x000000008000ff26 (0x00178713) x14 0x0000000080012090
core   0: 0x000000008000ff2a (0xfee43023) sd      a4, -32(s0)
core   0: 3 0x000000008000ff2a (0xfee43023) mem 0x0000000080031f50 0x0000000080012090
core   0: 0x000000008000ff2e (0xfc442703) lw      a4, -60(s0)
core   0: 3 0x000000008000ff2e (0xfc442703) x14 0x0000000000000000 mem 0x0000000080031f34
core   0: 0x000000008000ff32 (0x0ff77713) andi    a4, a4, 255
core   0: 3 0x000000008000ff32 (0x0ff77713) x14 0x0000000000000000
core   0: 0x000000008000ff36 (0x00e78023) sb      a4, 0(a5)
core   0: 3 0x000000008000ff36 (0x00e78023) mem 0x000000008001208f 0x00
core   0: 0x000000008000ff3a (0xfc843703) ld      a4, -56(s0)
core   0: 3 0x000000008000ff3a (0xfc843703) x14 0x0000000080012040 mem 0x0000000080031f38
core   0: 0x000000008000ff3e (0xfb843783) ld      a5, -72(s0)
core   0: 3 0x000000008000ff3e (0xfb843783) x15 0x000000000000009c mem 0x0000000080031f28
core   0: 0x000000008000ff42 (0x000097ba) c.add   a5, a4
core   0: 3 0x000000008000ff42 (0x97ba) x15 0x00000000800120dc
core   0: 0x000000008000ff44 (0xfe043703) ld      a4, -32(s0)
core   0: 3 0x000000008000ff44 (0xfe043703) x14 0x0000000080012090 mem 0x0000000080031f50
core   0: 0x000000008000ff48 (0xfcf76de3) bltu    a4, a5, pc - 38
core   0: 3 0x000000008000ff48 (0xfcf76de3)
core   0: 0x000000008000ff22 (0xfe043783) ld      a5, -32(s0)
core   0: 3 0x000000008000ff22 (0xfe043783) x15 0x0000000080012090 mem 0x0000000080031f50
core   0: 0x000000008000ff26 (0x00178713) addi    a4, a5, 1
core   0: 3 0x000000008000ff26 (0x00178713) x14 0x0000000080012091
core   0: 0x000000008000ff2a (0xfee43023) sd      a4, -32(s0)
core   0: 3 0x000000008000ff2a (0xfee43023) mem 0x0000000080031f50 0x0000000080012091
core   0: 0x000000008000ff2e (0xfc442703) lw      a4, -60(s0)
core   0: 3 0x000000008000ff2e (0xfc442703) x14 0x0000000000000000 mem 0x0000000080031f34
core   0: 0x000000008000ff32 (0x0ff77713) andi    a4, a4, 255
core   0: 3 0x000000008000ff32 (0x0ff77713) x14 0x0000000000000000
core   0: 0x000000008000ff36 (0x00e78023) sb      a4, 0(a5)
core   0: 3 0x000000008000ff36 (0x00e78023) mem 0x0000000080012090 0x00
core   0: 0x000000008000ff3a (0xfc843703) ld      a4, -56(s0)
core   0: 3 0x000000008000ff3a (0xfc843703) x14 0x0000000080012040 mem 0x0000000080031f38
core   0: 0x000000008000ff3e (0xfb843783) ld      a5, -72(s0)
core   0: 3 0x000000008000ff3e (0xfb843783) x15 0x000000000000009c mem 0x0000000080031f28
core   0: 0x000000008000ff42 (0x000097ba) c.add   a5, a4
core   0: 3 0x000000008000ff42 (0x97ba) x15 0x00000000800120dc
core   0: 0x000000008000ff44 (0xfe043703) ld      a4, -32(s0)
core   0: 3 0x000000008000ff44 (0xfe043703) x14 0x0000000080012091 mem 0x0000000080031f50
core   0: 0x000000008000ff48 (0xfcf76de3) bltu    a4, a5, pc - 38
core   0: 3 0x000000008000ff48 (0xfcf76de3)
core   0: 0x000000008000ff22 (0xfe043783) ld      a5, -32(s0)
core   0: 3 0x000000008000ff22 (0xfe043783) x15 0x0000000080012091 mem 0x0000000080031f50
core   0: 0x000000008000ff26 (0x00178713) addi    a4, a5, 1
core   0: 3 0x000000008000ff26 (0x00178713) x14 0x0000000080012092
core   0: 0x000000008000ff2a (0xfee43023) sd      a4, -32(s0)
core   0: 3 0x000000008000ff2a (0xfee43023) mem 0x0000000080031f50 0x0000000080012092
core   0: 0x000000008000ff2e (0xfc442703) lw      a4, -60(s0)
core   0: 3 0x000000008000ff2e (0xfc442703) x14 0x0000000000000000 mem 0x0000000080031f34
core   0: 0x000000008000ff32 (0x0ff77713) andi    a4, a4, 255
core   0: 3 0x000000008000ff32 (0x0ff77713) x14 0x0000000000000000
core   0: 0x000000008000ff36 (0x00e78023) sb      a4, 0(a5)
core   0: 3 0x000000008000ff36 (0x00e78023) mem 0x0000000080012091 0x00
core   0: 0x000000008000ff3a (0xfc843703) ld      a4, -56(s0)
core   0: 3 0x000000008000ff3a (0xfc843703) x14 0x0000000080012040 mem 0x0000000080031f38
core   0: 0x000000008000ff3e (0xfb843783) ld      a5, -72(s0)
core   0: 3 0x000000008000ff3e (0xfb843783) x15 0x000000000000009c mem 0x0000000080031f28
core   0: 0x000000008000ff42 (0x000097ba) c.add   a5, a4
core   0: 3 0x000000008000ff42 (0x97ba) x15 0x00000000800120dc
core   0: 0x000000008000ff44 (0xfe043703) ld      a4, -32(s0)
core   0: 3 0x000000008000ff44 (0xfe043703) x14 0x0000000080012092 mem 0x0000000080031f50
core   0: 0x000000008000ff48 (0xfcf76de3) bltu    a4, a5, pc - 38
core   0: 3 0x000000008000ff48 (0xfcf76de3)
core   0: 0x000000008000ff22 (0xfe043783) ld      a5, -32(s0)
core   0: 3 0x000000008000ff22 (0xfe043783) x15 0x0000000080012092 mem 0x0000000080031f50
core   0: 0x000000008000ff26 (0x00178713) addi    a4, a5, 1
core   0: 3 0x000000008000ff26 (0x00178713) x14 0x0000000080012093
core   0: 0x000000008000ff2a (0xfee43023) sd      a4, -32(s0)
core   0: 3 0x000000008000ff2a (0xfee43023) mem 0x0000000080031f50 0x0000000080012093
core   0: 0x000000008000ff2e (0xfc442703) lw      a4, -60(s0)
core   0: 3 0x000000008000ff2e (0xfc442703) x14 0x0000000000000000 mem 0x0000000080031f34
core   0: 0x000000008000ff32 (0x0ff77713) andi    a4, a4, 255
core   0: 3 0x000000008000ff32 (0x0ff77713) x14 0x0000000000000000
core   0: 0x000000008000ff36 (0x00e78023) sb      a4, 0(a5)
core   0: 3 0x000000008000ff36 (0x00e78023) mem 0x0000000080012092 0x00
core   0: 0x000000008000ff3a (0xfc843703) ld      a4, -56(s0)
core   0: 3 0x000000008000ff3a (0xfc843703) x14 0x0000000080012040 mem 0x0000000080031f38
core   0: 0x000000008000ff3e (0xfb843783) ld      a5, -72(s0)
core   0: 3 0x000000008000ff3e (0xfb843783) x15 0x000000000000009c mem 0x0000000080031f28
core   0: 0x000000008000ff42 (0x000097ba) c.add   a5, a4
core   0: 3 0x000000008000ff42 (0x97ba) x15 0x00000000800120dc
core   0: 0x000000008000ff44 (0xfe043703) ld      a4, -32(s0)
core   0: 3 0x000000008000ff44 (0xfe043703) x14 0x0000000080012093 mem 0x0000000080031f50
core   0: 0x000000008000ff48 (0xfcf76de3) bltu    a4, a5, pc - 38
core   0: 3 0x000000008000ff48 (0xfcf76de3)
core   0: 0x000000008000ff22 (0xfe043783) ld      a5, -32(s0)
core   0: 3 0x000000008000ff22 (0xfe043783) x15 0x0000000080012093 mem 0x0000000080031f50
core   0: 0x000000008000ff26 (0x00178713) addi    a4, a5, 1
core   0: 3 0x000000008000ff26 (0x00178713) x14 0x0000000080012094
core   0: 0x000000008000ff2a (0xfee43023) sd      a4, -32(s0)
core   0: 3 0x000000008000ff2a (0xfee43023) mem 0x0000000080031f50 0x0000000080012094
core   0: 0x000000008000ff2e (0xfc442703) lw      a4, -60(s0)
core   0: 3 0x000000008000ff2e (0xfc442703) x14 0x0000000000000000 mem 0x0000000080031f34
core   0: 0x000000008000ff32 (0x0ff77713) andi    a4, a4, 255
core   0: 3 0x000000008000ff32 (0x0ff77713) x14 0x0000000000000000
core   0: 0x000000008000ff36 (0x00e78023) sb      a4, 0(a5)
core   0: 3 0x000000008000ff36 (0x00e78023) mem 0x0000000080012093 0x00
core   0: 0x000000008000ff3a (0xfc843703) ld      a4, -56(s0)
core   0: 3 0x000000008000ff3a (0xfc843703) x14 0x0000000080012040 mem 0x0000000080031f38
core   0: 0x000000008000ff3e (0xfb843783) ld      a5, -72(s0)
core   0: 3 0x000000008000ff3e (0xfb843783) x15 0x000000000000009c mem 0x0000000080031f28
core   0: 0x000000008000ff42 (0x000097ba) c.add   a5, a4
core   0: 3 0x000000008000ff42 (0x97ba) x15 0x00000000800120dc
core   0: 0x000000008000ff44 (0xfe043703) ld      a4, -32(s0)
core   0: 3 0x000000008000ff44 (0xfe043703) x14 0x0000000080012094 mem 0x0000000080031f50
core   0: 0x000000008000ff48 (0xfcf76de3) bltu    a4, a5, pc - 38
core   0: 3 0x000000008000ff48 (0xfcf76de3)
core   0: 0x000000008000ff22 (0xfe043783) ld      a5, -32(s0)
core   0: 3 0x000000008000ff22 (0xfe043783) x15 0x0000000080012094 mem 0x0000000080031f50
core   0: 0x000000008000ff26 (0x00178713) addi    a4, a5, 1
core   0: 3 0x000000008000ff26 (0x00178713) x14 0x0000000080012095
core   0: 0x000000008000ff2a (0xfee43023) sd      a4, -32(s0)
core   0: 3 0x000000008000ff2a (0xfee43023) mem 0x0000000080031f50 0x0000000080012095
core   0: 0x000000008000ff2e (0xfc442703) lw      a4, -60(s0)
core   0: 3 0x000000008000ff2e (0xfc442703) x14 0x0000000000000000 mem 0x0000000080031f34
core   0: 0x000000008000ff32 (0x0ff77713) andi    a4, a4, 255
core   0: 3 0x000000008000ff32 (0x0ff77713) x14 0x0000000000000000
core   0: 0x000000008000ff36 (0x00e78023) sb      a4, 0(a5)
core   0: 3 0x000000008000ff36 (0x00e78023) mem 0x0000000080012094 0x00
core   0: 0x000000008000ff3a (0xfc843703) ld      a4, -56(s0)
core   0: 3 0x000000008000ff3a (0xfc843703) x14 0x0000000080012040 mem 0x0000000080031f38
core   0: 0x000000008000ff3e (0xfb843783) ld      a5, -72(s0)
core   0: 3 0x000000008000ff3e (0xfb843783) x15 0x000000000000009c mem 0x0000000080031f28
core   0: 0x000000008000ff42 (0x000097ba) c.add   a5, a4
core   0: 3 0x000000008000ff42 (0x97ba) x15 0x00000000800120dc
core   0: 0x000000008000ff44 (0xfe043703) ld      a4, -32(s0)
core   0: 3 0x000000008000ff44 (0xfe043703) x14 0x0000000080012095 mem 0x0000000080031f50
core   0: 0x000000008000ff48 (0xfcf76de3) bltu    a4, a5, pc - 38
core   0: 3 0x000000008000ff48 (0xfcf76de3)
core   0: 0x000000008000ff22 (0xfe043783) ld      a5, -32(s0)
core   0: 3 0x000000008000ff22 (0xfe043783) x15 0x0000000080012095 mem 0x0000000080031f50
core   0: 0x000000008000ff26 (0x00178713) addi    a4, a5, 1
core   0: 3 0x000000008000ff26 (0x00178713) x14 0x0000000080012096
core   0: 0x000000008000ff2a (0xfee43023) sd      a4, -32(s0)
core   0: 3 0x000000008000ff2a (0xfee43023) mem 0x0000000080031f50 0x0000000080012096
core   0: 0x000000008000ff2e (0xfc442703) lw      a4, -60(s0)
core   0: 3 0x000000008000ff2e (0xfc442703) x14 0x0000000000000000 mem 0x0000000080031f34
core   0: 0x000000008000ff32 (0x0ff77713) andi    a4, a4, 255
core   0: 3 0x000000008000ff32 (0x0ff77713) x14 0x0000000000000000
core   0: 0x000000008000ff36 (0x00e78023) sb      a4, 0(a5)
core   0: 3 0x000000008000ff36 (0x00e78023) mem 0x0000000080012095 0x00
core   0: 0x000000008000ff3a (0xfc843703) ld      a4, -56(s0)
core   0: 3 0x000000008000ff3a (0xfc843703) x14 0x0000000080012040 mem 0x0000000080031f38
core   0: 0x000000008000ff3e (0xfb843783) ld      a5, -72(s0)
core   0: 3 0x000000008000ff3e (0xfb843783) x15 0x000000000000009c mem 0x0000000080031f28
core   0: 0x000000008000ff42 (0x000097ba) c.add   a5, a4
core   0: 3 0x000000008000ff42 (0x97ba) x15 0x00000000800120dc
core   0: 0x000000008000ff44 (0xfe043703) ld      a4, -32(s0)
core   0: 3 0x000000008000ff44 (0xfe043703) x14 0x0000000080012096 mem 0x0000000080031f50
core   0: 0x000000008000ff48 (0xfcf76de3) bltu    a4, a5, pc - 38
core   0: 3 0x000000008000ff48 (0xfcf76de3)
core   0: 0x000000008000ff22 (0xfe043783) ld      a5, -32(s0)
core   0: 3 0x000000008000ff22 (0xfe043783) x15 0x0000000080012096 mem 0x0000000080031f50
core   0: 0x000000008000ff26 (0x00178713) addi    a4, a5, 1
core   0: 3 0x000000008000ff26 (0x00178713) x14 0x0000000080012097
core   0: 0x000000008000ff2a (0xfee43023) sd      a4, -32(s0)
core   0: 3 0x000000008000ff2a (0xfee43023) mem 0x0000000080031f50 0x0000000080012097
core   0: 0x000000008000ff2e (0xfc442703) lw      a4, -60(s0)
core   0: 3 0x000000008000ff2e (0xfc442703) x14 0x0000000000000000 mem 0x0000000080031f34
core   0: 0x000000008000ff32 (0x0ff77713) andi    a4, a4, 255
core   0: 3 0x000000008000ff32 (0x0ff77713) x14 0x0000000000000000
core   0: 0x000000008000ff36 (0x00e78023) sb      a4, 0(a5)
core   0: 3 0x000000008000ff36 (0x00e78023) mem 0x0000000080012096 0x00
core   0: 0x000000008000ff3a (0xfc843703) ld      a4, -56(s0)
core   0: 3 0x000000008000ff3a (0xfc843703) x14 0x0000000080012040 mem 0x0000000080031f38
core   0: 0x000000008000ff3e (0xfb843783) ld      a5, -72(s0)
core   0: 3 0x000000008000ff3e (0xfb843783) x15 0x000000000000009c mem 0x0000000080031f28
core   0: 0x000000008000ff42 (0x000097ba) c.add   a5, a4
core   0: 3 0x000000008000ff42 (0x97ba) x15 0x00000000800120dc
core   0: 0x000000008000ff44 (0xfe043703) ld      a4, -32(s0)
core   0: 3 0x000000008000ff44 (0xfe043703) x14 0x0000000080012097 mem 0x0000000080031f50
core   0: 0x000000008000ff48 (0xfcf76de3) bltu    a4, a5, pc - 38
core   0: 3 0x000000008000ff48 (0xfcf76de3)
core   0: 0x000000008000ff22 (0xfe043783) ld      a5, -32(s0)
core   0: 3 0x000000008000ff22 (0xfe043783) x15 0x0000000080012097 mem 0x0000000080031f50
core   0: 0x000000008000ff26 (0x00178713) addi    a4, a5, 1
core   0: 3 0x000000008000ff26 (0x00178713) x14 0x0000000080012098
core   0: 0x000000008000ff2a (0xfee43023) sd      a4, -32(s0)
core   0: 3 0x000000008000ff2a (0xfee43023) mem 0x0000000080031f50 0x0000000080012098
core   0: 0x000000008000ff2e (0xfc442703) lw      a4, -60(s0)
core   0: 3 0x000000008000ff2e (0xfc442703) x14 0x0000000000000000 mem 0x0000000080031f34
core   0: 0x000000008000ff32 (0x0ff77713) andi    a4, a4, 255
core   0: 3 0x000000008000ff32 (0x0ff77713) x14 0x0000000000000000
core   0: 0x000000008000ff36 (0x00e78023) sb      a4, 0(a5)
core   0: 3 0x000000008000ff36 (0x00e78023) mem 0x0000000080012097 0x00
core   0: 0x000000008000ff3a (0xfc843703) ld      a4, -56(s0)
core   0: 3 0x000000008000ff3a (0xfc843703) x14 0x0000000080012040 mem 0x0000000080031f38
core   0: 0x000000008000ff3e (0xfb843783) ld      a5, -72(s0)
core   0: 3 0x000000008000ff3e (0xfb843783) x15 0x000000000000009c mem 0x0000000080031f28
core   0: 0x000000008000ff42 (0x000097ba) c.add   a5, a4
core   0: 3 0x000000008000ff42 (0x97ba) x15 0x00000000800120dc
core   0: 0x000000008000ff44 (0xfe043703) ld      a4, -32(s0)
core   0: 3 0x000000008000ff44 (0xfe043703) x14 0x0000000080012098 mem 0x0000000080031f50
core   0: 0x000000008000ff48 (0xfcf76de3) bltu    a4, a5, pc - 38
core   0: 3 0x000000008000ff48 (0xfcf76de3)
core   0: 0x000000008000ff22 (0xfe043783) ld      a5, -32(s0)
core   0: 3 0x000000008000ff22 (0xfe043783) x15 0x0000000080012098 mem 0x0000000080031f50
core   0: 0x000000008000ff26 (0x00178713) addi    a4, a5, 1
core   0: 3 0x000000008000ff26 (0x00178713) x14 0x0000000080012099
core   0: 0x000000008000ff2a (0xfee43023) sd      a4, -32(s0)
core   0: 3 0x000000008000ff2a (0xfee43023) mem 0x0000000080031f50 0x0000000080012099
core   0: 0x000000008000ff2e (0xfc442703) lw      a4, -60(s0)
core   0: 3 0x000000008000ff2e (0xfc442703) x14 0x0000000000000000 mem 0x0000000080031f34
core   0: 0x000000008000ff32 (0x0ff77713) andi    a4, a4, 255
core   0: 3 0x000000008000ff32 (0x0ff77713) x14 0x0000000000000000
core   0: 0x000000008000ff36 (0x00e78023) sb      a4, 0(a5)
core   0: 3 0x000000008000ff36 (0x00e78023) mem 0x0000000080012098 0x00
core   0: 0x000000008000ff3a (0xfc843703) ld      a4, -56(s0)
core   0: 3 0x000000008000ff3a (0xfc843703) x14 0x0000000080012040 mem 0x0000000080031f38
core   0: 0x000000008000ff3e (0xfb843783) ld      a5, -72(s0)
core   0: 3 0x000000008000ff3e (0xfb843783) x15 0x000000000000009c mem 0x0000000080031f28
core   0: 0x000000008000ff42 (0x000097ba) c.add   a5, a4
core   0: 3 0x000000008000ff42 (0x97ba) x15 0x00000000800120dc
core   0: 0x000000008000ff44 (0xfe043703) ld      a4, -32(s0)
core   0: 3 0x000000008000ff44 (0xfe043703) x14 0x0000000080012099 mem 0x0000000080031f50
core   0: 0x000000008000ff48 (0xfcf76de3) bltu    a4, a5, pc - 38
core   0: 3 0x000000008000ff48 (0xfcf76de3)
core   0: 0x000000008000ff22 (0xfe043783) ld      a5, -32(s0)
core   0: 3 0x000000008000ff22 (0xfe043783) x15 0x0000000080012099 mem 0x0000000080031f50
core   0: 0x000000008000ff26 (0x00178713) addi    a4, a5, 1
core   0: 3 0x000000008000ff26 (0x00178713) x14 0x000000008001209a
core   0: 0x000000008000ff2a (0xfee43023) sd      a4, -32(s0)
core   0: 3 0x000000008000ff2a (0xfee43023) mem 0x0000000080031f50 0x000000008001209a
core   0: 0x000000008000ff2e (0xfc442703) lw      a4, -60(s0)
core   0: 3 0x000000008000ff2e (0xfc442703) x14 0x0000000000000000 mem 0x0000000080031f34
core   0: 0x000000008000ff32 (0x0ff77713) andi    a4, a4, 255
core   0: 3 0x000000008000ff32 (0x0ff77713) x14 0x0000000000000000
core   0: 0x000000008000ff36 (0x00e78023) sb      a4, 0(a5)
core   0: 3 0x000000008000ff36 (0x00e78023) mem 0x0000000080012099 0x00
core   0: 0x000000008000ff3a (0xfc843703) ld      a4, -56(s0)
core   0: 3 0x000000008000ff3a (0xfc843703) x14 0x0000000080012040 mem 0x0000000080031f38
core   0: 0x000000008000ff3e (0xfb843783) ld      a5, -72(s0)
core   0: 3 0x000000008000ff3e (0xfb843783) x15 0x000000000000009c mem 0x0000000080031f28
core   0: 0x000000008000ff42 (0x000097ba) c.add   a5, a4
core   0: 3 0x000000008000ff42 (0x97ba) x15 0x00000000800120dc
core   0: 0x000000008000ff44 (0xfe043703) ld      a4, -32(s0)
core   0: 3 0x000000008000ff44 (0xfe043703) x14 0x000000008001209a mem 0x0000000080031f50
core   0: 0x000000008000ff48 (0xfcf76de3) bltu    a4, a5, pc - 38
core   0: 3 0x000000008000ff48 (0xfcf76de3)
core   0: 0x000000008000ff22 (0xfe043783) ld      a5, -32(s0)
core   0: 3 0x000000008000ff22 (0xfe043783) x15 0x000000008001209a mem 0x0000000080031f50
core   0: 0x000000008000ff26 (0x00178713) addi    a4, a5, 1
core   0: 3 0x000000008000ff26 (0x00178713) x14 0x000000008001209b
core   0: 0x000000008000ff2a (0xfee43023) sd      a4, -32(s0)
core   0: 3 0x000000008000ff2a (0xfee43023) mem 0x0000000080031f50 0x000000008001209b
core   0: 0x000000008000ff2e (0xfc442703) lw      a4, -60(s0)
core   0: 3 0x000000008000ff2e (0xfc442703) x14 0x0000000000000000 mem 0x0000000080031f34
core   0: 0x000000008000ff32 (0x0ff77713) andi    a4, a4, 255
core   0: 3 0x000000008000ff32 (0x0ff77713) x14 0x0000000000000000
core   0: 0x000000008000ff36 (0x00e78023) sb      a4, 0(a5)
core   0: 3 0x000000008000ff36 (0x00e78023) mem 0x000000008001209a 0x00
core   0: 0x000000008000ff3a (0xfc843703) ld      a4, -56(s0)
core   0: 3 0x000000008000ff3a (0xfc843703) x14 0x0000000080012040 mem 0x0000000080031f38
core   0: 0x000000008000ff3e (0xfb843783) ld      a5, -72(s0)
core   0: 3 0x000000008000ff3e (0xfb843783) x15 0x000000000000009c mem 0x0000000080031f28
core   0: 0x000000008000ff42 (0x000097ba) c.add   a5, a4
core   0: 3 0x000000008000ff42 (0x97ba) x15 0x00000000800120dc
core   0: 0x000000008000ff44 (0xfe043703) ld      a4, -32(s0)
core   0: 3 0x000000008000ff44 (0xfe043703) x14 0x000000008001209b mem 0x0000000080031f50
core   0: 0x000000008000ff48 (0xfcf76de3) bltu    a4, a5, pc - 38
core   0: 3 0x000000008000ff48 (0xfcf76de3)
core   0: 0x000000008000ff22 (0xfe043783) ld      a5, -32(s0)
core   0: 3 0x000000008000ff22 (0xfe043783) x15 0x000000008001209b mem 0x0000000080031f50
core   0: 0x000000008000ff26 (0x00178713) addi    a4, a5, 1
core   0: 3 0x000000008000ff26 (0x00178713) x14 0x000000008001209c
core   0: 0x000000008000ff2a (0xfee43023) sd      a4, -32(s0)
core   0: 3 0x000000008000ff2a (0xfee43023) mem 0x0000000080031f50 0x000000008001209c
core   0: 0x000000008000ff2e (0xfc442703) lw      a4, -60(s0)
core   0: 3 0x000000008000ff2e (0xfc442703) x14 0x0000000000000000 mem 0x0000000080031f34
core   0: 0x000000008000ff32 (0x0ff77713) andi    a4, a4, 255
core   0: 3 0x000000008000ff32 (0x0ff77713) x14 0x0000000000000000
core   0: 0x000000008000ff36 (0x00e78023) sb      a4, 0(a5)
core   0: 3 0x000000008000ff36 (0x00e78023) mem 0x000000008001209b 0x00
core   0: 0x000000008000ff3a (0xfc843703) ld      a4, -56(s0)
core   0: 3 0x000000008000ff3a (0xfc843703) x14 0x0000000080012040 mem 0x0000000080031f38
core   0: 0x000000008000ff3e (0xfb843783) ld      a5, -72(s0)
core   0: 3 0x000000008000ff3e (0xfb843783) x15 0x000000000000009c mem 0x0000000080031f28
core   0: 0x000000008000ff42 (0x000097ba) c.add   a5, a4
core   0: 3 0x000000008000ff42 (0x97ba) x15 0x00000000800120dc
core   0: 0x000000008000ff44 (0xfe043703) ld      a4, -32(s0)
core   0: 3 0x000000008000ff44 (0xfe043703) x14 0x000000008001209c mem 0x0000000080031f50
core   0: 0x000000008000ff48 (0xfcf76de3) bltu    a4, a5, pc - 38
core   0: 3 0x000000008000ff48 (0xfcf76de3)
core   0: 0x000000008000ff22 (0xfe043783) ld      a5, -32(s0)
core   0: 3 0x000000008000ff22 (0xfe043783) x15 0x000000008001209c mem 0x0000000080031f50
core   0: 0x000000008000ff26 (0x00178713) addi    a4, a5, 1
core   0: 3 0x000000008000ff26 (0x00178713) x14 0x000000008001209d
core   0: 0x000000008000ff2a (0xfee43023) sd      a4, -32(s0)
core   0: 3 0x000000008000ff2a (0xfee43023) mem 0x0000000080031f50 0x000000008001209d
core   0: 0x000000008000ff2e (0xfc442703) lw      a4, -60(s0)
core   0: 3 0x000000008000ff2e (0xfc442703) x14 0x0000000000000000 mem 0x0000000080031f34
core   0: 0x000000008000ff32 (0x0ff77713) andi    a4, a4, 255
core   0: 3 0x000000008000ff32 (0x0ff77713) x14 0x0000000000000000
core   0: 0x000000008000ff36 (0x00e78023) sb      a4, 0(a5)
core   0: 3 0x000000008000ff36 (0x00e78023) mem 0x000000008001209c 0x00
core   0: 0x000000008000ff3a (0xfc843703) ld      a4, -56(s0)
core   0: 3 0x000000008000ff3a (0xfc843703) x14 0x0000000080012040 mem 0x0000000080031f38
core   0: 0x000000008000ff3e (0xfb843783) ld      a5, -72(s0)
core   0: 3 0x000000008000ff3e (0xfb843783) x15 0x000000000000009c mem 0x0000000080031f28
core   0: 0x000000008000ff42 (0x000097ba) c.add   a5, a4
core   0: 3 0x000000008000ff42 (0x97ba) x15 0x00000000800120dc
core   0: 0x000000008000ff44 (0xfe043703) ld      a4, -32(s0)
core   0: 3 0x000000008000ff44 (0xfe043703) x14 0x000000008001209d mem 0x0000000080031f50
core   0: 0x000000008000ff48 (0xfcf76de3) bltu    a4, a5, pc - 38
core   0: 3 0x000000008000ff48 (0xfcf76de3)
core   0: 0x000000008000ff22 (0xfe043783) ld      a5, -32(s0)
core   0: 3 0x000000008000ff22 (0xfe043783) x15 0x000000008001209d mem 0x0000000080031f50
core   0: 0x000000008000ff26 (0x00178713) addi    a4, a5, 1
core   0: 3 0x000000008000ff26 (0x00178713) x14 0x000000008001209e
core   0: 0x000000008000ff2a (0xfee43023) sd      a4, -32(s0)
core   0: 3 0x000000008000ff2a (0xfee43023) mem 0x0000000080031f50 0x000000008001209e
core   0: 0x000000008000ff2e (0xfc442703) lw      a4, -60(s0)
core   0: 3 0x000000008000ff2e (0xfc442703) x14 0x0000000000000000 mem 0x0000000080031f34
core   0: 0x000000008000ff32 (0x0ff77713) andi    a4, a4, 255
core   0: 3 0x000000008000ff32 (0x0ff77713) x14 0x0000000000000000
core   0: 0x000000008000ff36 (0x00e78023) sb      a4, 0(a5)
core   0: 3 0x000000008000ff36 (0x00e78023) mem 0x000000008001209d 0x00
core   0: 0x000000008000ff3a (0xfc843703) ld      a4, -56(s0)
core   0: 3 0x000000008000ff3a (0xfc843703) x14 0x0000000080012040 mem 0x0000000080031f38
core   0: 0x000000008000ff3e (0xfb843783) ld      a5, -72(s0)
core   0: 3 0x000000008000ff3e (0xfb843783) x15 0x000000000000009c mem 0x0000000080031f28
core   0: 0x000000008000ff42 (0x000097ba) c.add   a5, a4
core   0: 3 0x000000008000ff42 (0x97ba) x15 0x00000000800120dc
core   0: 0x000000008000ff44 (0xfe043703) ld      a4, -32(s0)
core   0: 3 0x000000008000ff44 (0xfe043703) x14 0x000000008001209e mem 0x0000000080031f50
core   0: 0x000000008000ff48 (0xfcf76de3) bltu    a4, a5, pc - 38
core   0: 3 0x000000008000ff48 (0xfcf76de3)
core   0: 0x000000008000ff22 (0xfe043783) ld      a5, -32(s0)
core   0: 3 0x000000008000ff22 (0xfe043783) x15 0x000000008001209e mem 0x0000000080031f50
core   0: 0x000000008000ff26 (0x00178713) addi    a4, a5, 1
core   0: 3 0x000000008000ff26 (0x00178713) x14 0x000000008001209f
core   0: 0x000000008000ff2a (0xfee43023) sd      a4, -32(s0)
core   0: 3 0x000000008000ff2a (0xfee43023) mem 0x0000000080031f50 0x000000008001209f
core   0: 0x000000008000ff2e (0xfc442703) lw      a4, -60(s0)
core   0: 3 0x000000008000ff2e (0xfc442703) x14 0x0000000000000000 mem 0x0000000080031f34
core   0: 0x000000008000ff32 (0x0ff77713) andi    a4, a4, 255
core   0: 3 0x000000008000ff32 (0x0ff77713) x14 0x0000000000000000
core   0: 0x000000008000ff36 (0x00e78023) sb      a4, 0(a5)
core   0: 3 0x000000008000ff36 (0x00e78023) mem 0x000000008001209e 0x00
core   0: 0x000000008000ff3a (0xfc843703) ld      a4, -56(s0)
core   0: 3 0x000000008000ff3a (0xfc843703) x14 0x0000000080012040 mem 0x0000000080031f38
core   0: 0x000000008000ff3e (0xfb843783) ld      a5, -72(s0)
core   0: 3 0x000000008000ff3e (0xfb843783) x15 0x000000000000009c mem 0x0000000080031f28
core   0: 0x000000008000ff42 (0x000097ba) c.add   a5, a4
core   0: 3 0x000000008000ff42 (0x97ba) x15 0x00000000800120dc
core   0: 0x000000008000ff44 (0xfe043703) ld      a4, -32(s0)
core   0: 3 0x000000008000ff44 (0xfe043703) x14 0x000000008001209f mem 0x0000000080031f50
core   0: 0x000000008000ff48 (0xfcf76de3) bltu    a4, a5, pc - 38
core   0: 3 0x000000008000ff48 (0xfcf76de3)
core   0: 0x000000008000ff22 (0xfe043783) ld      a5, -32(s0)
core   0: 3 0x000000008000ff22 (0xfe043783) x15 0x000000008001209f mem 0x0000000080031f50
core   0: 0x000000008000ff26 (0x00178713) addi    a4, a5, 1
core   0: 3 0x000000008000ff26 (0x00178713) x14 0x00000000800120a0
core   0: 0x000000008000ff2a (0xfee43023) sd      a4, -32(s0)
core   0: 3 0x000000008000ff2a (0xfee43023) mem 0x0000000080031f50 0x00000000800120a0
core   0: 0x000000008000ff2e (0xfc442703) lw      a4, -60(s0)
core   0: 3 0x000000008000ff2e (0xfc442703) x14 0x0000000000000000 mem 0x0000000080031f34
core   0: 0x000000008000ff32 (0x0ff77713) andi    a4, a4, 255
core   0: 3 0x000000008000ff32 (0x0ff77713) x14 0x0000000000000000
core   0: 0x000000008000ff36 (0x00e78023) sb      a4, 0(a5)
core   0: 3 0x000000008000ff36 (0x00e78023) mem 0x000000008001209f 0x00
core   0: 0x000000008000ff3a (0xfc843703) ld      a4, -56(s0)
core   0: 3 0x000000008000ff3a (0xfc843703) x14 0x0000000080012040 mem 0x0000000080031f38
core   0: 0x000000008000ff3e (0xfb843783) ld      a5, -72(s0)
core   0: 3 0x000000008000ff3e (0xfb843783) x15 0x000000000000009c mem 0x0000000080031f28
core   0: 0x000000008000ff42 (0x000097ba) c.add   a5, a4
core   0: 3 0x000000008000ff42 (0x97ba) x15 0x00000000800120dc
core   0: 0x000000008000ff44 (0xfe043703) ld      a4, -32(s0)
core   0: 3 0x000000008000ff44 (0xfe043703) x14 0x00000000800120a0 mem 0x0000000080031f50
core   0: 0x000000008000ff48 (0xfcf76de3) bltu    a4, a5, pc - 38
core   0: 3 0x000000008000ff48 (0xfcf76de3)
core   0: 0x000000008000ff22 (0xfe043783) ld      a5, -32(s0)
core   0: 3 0x000000008000ff22 (0xfe043783) x15 0x00000000800120a0 mem 0x0000000080031f50
core   0: 0x000000008000ff26 (0x00178713) addi    a4, a5, 1
core   0: 3 0x000000008000ff26 (0x00178713) x14 0x00000000800120a1
core   0: 0x000000008000ff2a (0xfee43023) sd      a4, -32(s0)
core   0: 3 0x000000008000ff2a (0xfee43023) mem 0x0000000080031f50 0x00000000800120a1
core   0: 0x000000008000ff2e (0xfc442703) lw      a4, -60(s0)
core   0: 3 0x000000008000ff2e (0xfc442703) x14 0x0000000000000000 mem 0x0000000080031f34
core   0: 0x000000008000ff32 (0x0ff77713) andi    a4, a4, 255
core   0: 3 0x000000008000ff32 (0x0ff77713) x14 0x0000000000000000
core   0: 0x000000008000ff36 (0x00e78023) sb      a4, 0(a5)
core   0: 3 0x000000008000ff36 (0x00e78023) mem 0x00000000800120a0 0x00
core   0: 0x000000008000ff3a (0xfc843703) ld      a4, -56(s0)
core   0: 3 0x000000008000ff3a (0xfc843703) x14 0x0000000080012040 mem 0x0000000080031f38
core   0: 0x000000008000ff3e (0xfb843783) ld      a5, -72(s0)
core   0: 3 0x000000008000ff3e (0xfb843783) x15 0x000000000000009c mem 0x0000000080031f28
core   0: 0x000000008000ff42 (0x000097ba) c.add   a5, a4
core   0: 3 0x000000008000ff42 (0x97ba) x15 0x00000000800120dc
core   0: 0x000000008000ff44 (0xfe043703) ld      a4, -32(s0)
core   0: 3 0x000000008000ff44 (0xfe043703) x14 0x00000000800120a1 mem 0x0000000080031f50
core   0: 0x000000008000ff48 (0xfcf76de3) bltu    a4, a5, pc - 38
core   0: 3 0x000000008000ff48 (0xfcf76de3)
core   0: 0x000000008000ff22 (0xfe043783) ld      a5, -32(s0)
core   0: 3 0x000000008000ff22 (0xfe043783) x15 0x00000000800120a1 mem 0x0000000080031f50
core   0: 0x000000008000ff26 (0x00178713) addi    a4, a5, 1
core   0: 3 0x000000008000ff26 (0x00178713) x14 0x00000000800120a2
core   0: 0x000000008000ff2a (0xfee43023) sd      a4, -32(s0)
core   0: 3 0x000000008000ff2a (0xfee43023) mem 0x0000000080031f50 0x00000000800120a2
core   0: 0x000000008000ff2e (0xfc442703) lw      a4, -60(s0)
core   0: 3 0x000000008000ff2e (0xfc442703) x14 0x0000000000000000 mem 0x0000000080031f34
core   0: 0x000000008000ff32 (0x0ff77713) andi    a4, a4, 255
core   0: 3 0x000000008000ff32 (0x0ff77713) x14 0x0000000000000000
core   0: 0x000000008000ff36 (0x00e78023) sb      a4, 0(a5)
core   0: 3 0x000000008000ff36 (0x00e78023) mem 0x00000000800120a1 0x00
core   0: 0x000000008000ff3a (0xfc843703) ld      a4, -56(s0)
core   0: 3 0x000000008000ff3a (0xfc843703) x14 0x0000000080012040 mem 0x0000000080031f38
core   0: 0x000000008000ff3e (0xfb843783) ld      a5, -72(s0)
core   0: 3 0x000000008000ff3e (0xfb843783) x15 0x000000000000009c mem 0x0000000080031f28
core   0: 0x000000008000ff42 (0x000097ba) c.add   a5, a4
core   0: 3 0x000000008000ff42 (0x97ba) x15 0x00000000800120dc
core   0: 0x000000008000ff44 (0xfe043703) ld      a4, -32(s0)
core   0: 3 0x000000008000ff44 (0xfe043703) x14 0x00000000800120a2 mem 0x0000000080031f50
core   0: 0x000000008000ff48 (0xfcf76de3) bltu    a4, a5, pc - 38
core   0: 3 0x000000008000ff48 (0xfcf76de3)
core   0: 0x000000008000ff22 (0xfe043783) ld      a5, -32(s0)
core   0: 3 0x000000008000ff22 (0xfe043783) x15 0x00000000800120a2 mem 0x0000000080031f50
core   0: 0x000000008000ff26 (0x00178713) addi    a4, a5, 1
core   0: 3 0x000000008000ff26 (0x00178713) x14 0x00000000800120a3
core   0: 0x000000008000ff2a (0xfee43023) sd      a4, -32(s0)
core   0: 3 0x000000008000ff2a (0xfee43023) mem 0x0000000080031f50 0x00000000800120a3
core   0: 0x000000008000ff2e (0xfc442703) lw      a4, -60(s0)
core   0: 3 0x000000008000ff2e (0xfc442703) x14 0x0000000000000000 mem 0x0000000080031f34
core   0: 0x000000008000ff32 (0x0ff77713) andi    a4, a4, 255
core   0: 3 0x000000008000ff32 (0x0ff77713) x14 0x0000000000000000
core   0: 0x000000008000ff36 (0x00e78023) sb      a4, 0(a5)
core   0: 3 0x000000008000ff36 (0x00e78023) mem 0x00000000800120a2 0x00
core   0: 0x000000008000ff3a (0xfc843703) ld      a4, -56(s0)
core   0: 3 0x000000008000ff3a (0xfc843703) x14 0x0000000080012040 mem 0x0000000080031f38
core   0: 0x000000008000ff3e (0xfb843783) ld      a5, -72(s0)
core   0: 3 0x000000008000ff3e (0xfb843783) x15 0x000000000000009c mem 0x0000000080031f28
core   0: 0x000000008000ff42 (0x000097ba) c.add   a5, a4
core   0: 3 0x000000008000ff42 (0x97ba) x15 0x00000000800120dc
core   0: 0x000000008000ff44 (0xfe043703) ld      a4, -32(s0)
core   0: 3 0x000000008000ff44 (0xfe043703) x14 0x00000000800120a3 mem 0x0000000080031f50
core   0: 0x000000008000ff48 (0xfcf76de3) bltu    a4, a5, pc - 38
core   0: 3 0x000000008000ff48 (0xfcf76de3)
core   0: 0x000000008000ff22 (0xfe043783) ld      a5, -32(s0)
core   0: 3 0x000000008000ff22 (0xfe043783) x15 0x00000000800120a3 mem 0x0000000080031f50
core   0: 0x000000008000ff26 (0x00178713) addi    a4, a5, 1
core   0: 3 0x000000008000ff26 (0x00178713) x14 0x00000000800120a4
core   0: 0x000000008000ff2a (0xfee43023) sd      a4, -32(s0)
core   0: 3 0x000000008000ff2a (0xfee43023) mem 0x0000000080031f50 0x00000000800120a4
core   0: 0x000000008000ff2e (0xfc442703) lw      a4, -60(s0)
core   0: 3 0x000000008000ff2e (0xfc442703) x14 0x0000000000000000 mem 0x0000000080031f34
core   0: 0x000000008000ff32 (0x0ff77713) andi    a4, a4, 255
core   0: 3 0x000000008000ff32 (0x0ff77713) x14 0x0000000000000000
core   0: 0x000000008000ff36 (0x00e78023) sb      a4, 0(a5)
core   0: 3 0x000000008000ff36 (0x00e78023) mem 0x00000000800120a3 0x00
core   0: 0x000000008000ff3a (0xfc843703) ld      a4, -56(s0)
core   0: 3 0x000000008000ff3a (0xfc843703) x14 0x0000000080012040 mem 0x0000000080031f38
core   0: 0x000000008000ff3e (0xfb843783) ld      a5, -72(s0)
core   0: 3 0x000000008000ff3e (0xfb843783) x15 0x000000000000009c mem 0x0000000080031f28
core   0: 0x000000008000ff42 (0x000097ba) c.add   a5, a4
core   0: 3 0x000000008000ff42 (0x97ba) x15 0x00000000800120dc
core   0: 0x000000008000ff44 (0xfe043703) ld      a4, -32(s0)
core   0: 3 0x000000008000ff44 (0xfe043703) x14 0x00000000800120a4 mem 0x0000000080031f50
core   0: 0x000000008000ff48 (0xfcf76de3) bltu    a4, a5, pc - 38
core   0: 3 0x000000008000ff48 (0xfcf76de3)
core   0: 0x000000008000ff22 (0xfe043783) ld      a5, -32(s0)
core   0: 3 0x000000008000ff22 (0xfe043783) x15 0x00000000800120a4 mem 0x0000000080031f50
core   0: 0x000000008000ff26 (0x00178713) addi    a4, a5, 1
core   0: 3 0x000000008000ff26 (0x00178713) x14 0x00000000800120a5
core   0: 0x000000008000ff2a (0xfee43023) sd      a4, -32(s0)
core   0: 3 0x000000008000ff2a (0xfee43023) mem 0x0000000080031f50 0x00000000800120a5
core   0: 0x000000008000ff2e (0xfc442703) lw      a4, -60(s0)
core   0: 3 0x000000008000ff2e (0xfc442703) x14 0x0000000000000000 mem 0x0000000080031f34
core   0: 0x000000008000ff32 (0x0ff77713) andi    a4, a4, 255
core   0: 3 0x000000008000ff32 (0x0ff77713) x14 0x0000000000000000
core   0: 0x000000008000ff36 (0x00e78023) sb      a4, 0(a5)
core   0: 3 0x000000008000ff36 (0x00e78023) mem 0x00000000800120a4 0x00
core   0: 0x000000008000ff3a (0xfc843703) ld      a4, -56(s0)
core   0: 3 0x000000008000ff3a (0xfc843703) x14 0x0000000080012040 mem 0x0000000080031f38
core   0: 0x000000008000ff3e (0xfb843783) ld      a5, -72(s0)
core   0: 3 0x000000008000ff3e (0xfb843783) x15 0x000000000000009c mem 0x0000000080031f28
core   0: 0x000000008000ff42 (0x000097ba) c.add   a5, a4
core   0: 3 0x000000008000ff42 (0x97ba) x15 0x00000000800120dc
core   0: 0x000000008000ff44 (0xfe043703) ld      a4, -32(s0)
core   0: 3 0x000000008000ff44 (0xfe043703) x14 0x00000000800120a5 mem 0x0000000080031f50
core   0: 0x000000008000ff48 (0xfcf76de3) bltu    a4, a5, pc - 38
core   0: 3 0x000000008000ff48 (0xfcf76de3)
core   0: 0x000000008000ff22 (0xfe043783) ld      a5, -32(s0)
core   0: 3 0x000000008000ff22 (0xfe043783) x15 0x00000000800120a5 mem 0x0000000080031f50
core   0: 0x000000008000ff26 (0x00178713) addi    a4, a5, 1
core   0: 3 0x000000008000ff26 (0x00178713) x14 0x00000000800120a6
core   0: 0x000000008000ff2a (0xfee43023) sd      a4, -32(s0)
core   0: 3 0x000000008000ff2a (0xfee43023) mem 0x0000000080031f50 0x00000000800120a6
core   0: 0x000000008000ff2e (0xfc442703) lw      a4, -60(s0)
core   0: 3 0x000000008000ff2e (0xfc442703) x14 0x0000000000000000 mem 0x0000000080031f34
core   0: 0x000000008000ff32 (0x0ff77713) andi    a4, a4, 255
core   0: 3 0x000000008000ff32 (0x0ff77713) x14 0x0000000000000000
core   0: 0x000000008000ff36 (0x00e78023) sb      a4, 0(a5)
core   0: 3 0x000000008000ff36 (0x00e78023) mem 0x00000000800120a5 0x00
core   0: 0x000000008000ff3a (0xfc843703) ld      a4, -56(s0)
core   0: 3 0x000000008000ff3a (0xfc843703) x14 0x0000000080012040 mem 0x0000000080031f38
core   0: 0x000000008000ff3e (0xfb843783) ld      a5, -72(s0)
core   0: 3 0x000000008000ff3e (0xfb843783) x15 0x000000000000009c mem 0x0000000080031f28
core   0: 0x000000008000ff42 (0x000097ba) c.add   a5, a4
core   0: 3 0x000000008000ff42 (0x97ba) x15 0x00000000800120dc
core   0: 0x000000008000ff44 (0xfe043703) ld      a4, -32(s0)
core   0: 3 0x000000008000ff44 (0xfe043703) x14 0x00000000800120a6 mem 0x0000000080031f50
core   0: 0x000000008000ff48 (0xfcf76de3) bltu    a4, a5, pc - 38
core   0: 3 0x000000008000ff48 (0xfcf76de3)
core   0: 0x000000008000ff22 (0xfe043783) ld      a5, -32(s0)
core   0: 3 0x000000008000ff22 (0xfe043783) x15 0x00000000800120a6 mem 0x0000000080031f50
core   0: 0x000000008000ff26 (0x00178713) addi    a4, a5, 1
core   0: 3 0x000000008000ff26 (0x00178713) x14 0x00000000800120a7
core   0: 0x000000008000ff2a (0xfee43023) sd      a4, -32(s0)
core   0: 3 0x000000008000ff2a (0xfee43023) mem 0x0000000080031f50 0x00000000800120a7
core   0: 0x000000008000ff2e (0xfc442703) lw      a4, -60(s0)
core   0: 3 0x000000008000ff2e (0xfc442703) x14 0x0000000000000000 mem 0x0000000080031f34
core   0: 0x000000008000ff32 (0x0ff77713) andi    a4, a4, 255
core   0: 3 0x000000008000ff32 (0x0ff77713) x14 0x0000000000000000
core   0: 0x000000008000ff36 (0x00e78023) sb      a4, 0(a5)
core   0: 3 0x000000008000ff36 (0x00e78023) mem 0x00000000800120a6 0x00
core   0: 0x000000008000ff3a (0xfc843703) ld      a4, -56(s0)
core   0: 3 0x000000008000ff3a (0xfc843703) x14 0x0000000080012040 mem 0x0000000080031f38
core   0: 0x000000008000ff3e (0xfb843783) ld      a5, -72(s0)
core   0: 3 0x000000008000ff3e (0xfb843783) x15 0x000000000000009c mem 0x0000000080031f28
core   0: 0x000000008000ff42 (0x000097ba) c.add   a5, a4
core   0: 3 0x000000008000ff42 (0x97ba) x15 0x00000000800120dc
core   0: 0x000000008000ff44 (0xfe043703) ld      a4, -32(s0)
core   0: 3 0x000000008000ff44 (0xfe043703) x14 0x00000000800120a7 mem 0x0000000080031f50
core   0: 0x000000008000ff48 (0xfcf76de3) bltu    a4, a5, pc - 38
core   0: 3 0x000000008000ff48 (0xfcf76de3)
core   0: 0x000000008000ff22 (0xfe043783) ld      a5, -32(s0)
core   0: 3 0x000000008000ff22 (0xfe043783) x15 0x00000000800120a7 mem 0x0000000080031f50
core   0: 0x000000008000ff26 (0x00178713) addi    a4, a5, 1
core   0: 3 0x000000008000ff26 (0x00178713) x14 0x00000000800120a8
core   0: 0x000000008000ff2a (0xfee43023) sd      a4, -32(s0)
core   0: 3 0x000000008000ff2a (0xfee43023) mem 0x0000000080031f50 0x00000000800120a8
core   0: 0x000000008000ff2e (0xfc442703) lw      a4, -60(s0)
core   0: 3 0x000000008000ff2e (0xfc442703) x14 0x0000000000000000 mem 0x0000000080031f34
core   0: 0x000000008000ff32 (0x0ff77713) andi    a4, a4, 255
core   0: 3 0x000000008000ff32 (0x0ff77713) x14 0x0000000000000000
core   0: 0x000000008000ff36 (0x00e78023) sb      a4, 0(a5)
core   0: 3 0x000000008000ff36 (0x00e78023) mem 0x00000000800120a7 0x00
core   0: 0x000000008000ff3a (0xfc843703) ld      a4, -56(s0)
core   0: 3 0x000000008000ff3a (0xfc843703) x14 0x0000000080012040 mem 0x0000000080031f38
core   0: 0x000000008000ff3e (0xfb843783) ld      a5, -72(s0)
core   0: 3 0x000000008000ff3e (0xfb843783) x15 0x000000000000009c mem 0x0000000080031f28
core   0: 0x000000008000ff42 (0x000097ba) c.add   a5, a4
core   0: 3 0x000000008000ff42 (0x97ba) x15 0x00000000800120dc
core   0: 0x000000008000ff44 (0xfe043703) ld      a4, -32(s0)
core   0: 3 0x000000008000ff44 (0xfe043703) x14 0x00000000800120a8 mem 0x0000000080031f50
core   0: 0x000000008000ff48 (0xfcf76de3) bltu    a4, a5, pc - 38
core   0: 3 0x000000008000ff48 (0xfcf76de3)
core   0: 0x000000008000ff22 (0xfe043783) ld      a5, -32(s0)
core   0: 3 0x000000008000ff22 (0xfe043783) x15 0x00000000800120a8 mem 0x0000000080031f50
core   0: 0x000000008000ff26 (0x00178713) addi    a4, a5, 1
core   0: 3 0x000000008000ff26 (0x00178713) x14 0x00000000800120a9
core   0: 0x000000008000ff2a (0xfee43023) sd      a4, -32(s0)
core   0: 3 0x000000008000ff2a (0xfee43023) mem 0x0000000080031f50 0x00000000800120a9
core   0: 0x000000008000ff2e (0xfc442703) lw      a4, -60(s0)
core   0: 3 0x000000008000ff2e (0xfc442703) x14 0x0000000000000000 mem 0x0000000080031f34
core   0: 0x000000008000ff32 (0x0ff77713) andi    a4, a4, 255
core   0: 3 0x000000008000ff32 (0x0ff77713) x14 0x0000000000000000
core   0: 0x000000008000ff36 (0x00e78023) sb      a4, 0(a5)
core   0: 3 0x000000008000ff36 (0x00e78023) mem 0x00000000800120a8 0x00
core   0: 0x000000008000ff3a (0xfc843703) ld      a4, -56(s0)
core   0: 3 0x000000008000ff3a (0xfc843703) x14 0x0000000080012040 mem 0x0000000080031f38
core   0: 0x000000008000ff3e (0xfb843783) ld      a5, -72(s0)
core   0: 3 0x000000008000ff3e (0xfb843783) x15 0x000000000000009c mem 0x0000000080031f28
core   0: 0x000000008000ff42 (0x000097ba) c.add   a5, a4
core   0: 3 0x000000008000ff42 (0x97ba) x15 0x00000000800120dc
core   0: 0x000000008000ff44 (0xfe043703) ld      a4, -32(s0)
core   0: 3 0x000000008000ff44 (0xfe043703) x14 0x00000000800120a9 mem 0x0000000080031f50
core   0: 0x000000008000ff48 (0xfcf76de3) bltu    a4, a5, pc - 38
core   0: 3 0x000000008000ff48 (0xfcf76de3)
core   0: 0x000000008000ff22 (0xfe043783) ld      a5, -32(s0)
core   0: 3 0x000000008000ff22 (0xfe043783) x15 0x00000000800120a9 mem 0x0000000080031f50
core   0: 0x000000008000ff26 (0x00178713) addi    a4, a5, 1
core   0: 3 0x000000008000ff26 (0x00178713) x14 0x00000000800120aa
core   0: 0x000000008000ff2a (0xfee43023) sd      a4, -32(s0)
core   0: 3 0x000000008000ff2a (0xfee43023) mem 0x0000000080031f50 0x00000000800120aa
core   0: 0x000000008000ff2e (0xfc442703) lw      a4, -60(s0)
core   0: 3 0x000000008000ff2e (0xfc442703) x14 0x0000000000000000 mem 0x0000000080031f34
core   0: 0x000000008000ff32 (0x0ff77713) andi    a4, a4, 255
core   0: 3 0x000000008000ff32 (0x0ff77713) x14 0x0000000000000000
core   0: 0x000000008000ff36 (0x00e78023) sb      a4, 0(a5)
core   0: 3 0x000000008000ff36 (0x00e78023) mem 0x00000000800120a9 0x00
core   0: 0x000000008000ff3a (0xfc843703) ld      a4, -56(s0)
core   0: 3 0x000000008000ff3a (0xfc843703) x14 0x0000000080012040 mem 0x0000000080031f38
core   0: 0x000000008000ff3e (0xfb843783) ld      a5, -72(s0)
core   0: 3 0x000000008000ff3e (0xfb843783) x15 0x000000000000009c mem 0x0000000080031f28
core   0: 0x000000008000ff42 (0x000097ba) c.add   a5, a4
core   0: 3 0x000000008000ff42 (0x97ba) x15 0x00000000800120dc
core   0: 0x000000008000ff44 (0xfe043703) ld      a4, -32(s0)
core   0: 3 0x000000008000ff44 (0xfe043703) x14 0x00000000800120aa mem 0x0000000080031f50
core   0: 0x000000008000ff48 (0xfcf76de3) bltu    a4, a5, pc - 38
core   0: 3 0x000000008000ff48 (0xfcf76de3)
core   0: 0x000000008000ff22 (0xfe043783) ld      a5, -32(s0)
core   0: 3 0x000000008000ff22 (0xfe043783) x15 0x00000000800120aa mem 0x0000000080031f50
core   0: 0x000000008000ff26 (0x00178713) addi    a4, a5, 1
core   0: 3 0x000000008000ff26 (0x00178713) x14 0x00000000800120ab
core   0: 0x000000008000ff2a (0xfee43023) sd      a4, -32(s0)
core   0: 3 0x000000008000ff2a (0xfee43023) mem 0x0000000080031f50 0x00000000800120ab
core   0: 0x000000008000ff2e (0xfc442703) lw      a4, -60(s0)
core   0: 3 0x000000008000ff2e (0xfc442703) x14 0x0000000000000000 mem 0x0000000080031f34
core   0: 0x000000008000ff32 (0x0ff77713) andi    a4, a4, 255
core   0: 3 0x000000008000ff32 (0x0ff77713) x14 0x0000000000000000
core   0: 0x000000008000ff36 (0x00e78023) sb      a4, 0(a5)
core   0: 3 0x000000008000ff36 (0x00e78023) mem 0x00000000800120aa 0x00
core   0: 0x000000008000ff3a (0xfc843703) ld      a4, -56(s0)
core   0: 3 0x000000008000ff3a (0xfc843703) x14 0x0000000080012040 mem 0x0000000080031f38
core   0: 0x000000008000ff3e (0xfb843783) ld      a5, -72(s0)
core   0: 3 0x000000008000ff3e (0xfb843783) x15 0x000000000000009c mem 0x0000000080031f28
core   0: 0x000000008000ff42 (0x000097ba) c.add   a5, a4
core   0: 3 0x000000008000ff42 (0x97ba) x15 0x00000000800120dc
core   0: 0x000000008000ff44 (0xfe043703) ld      a4, -32(s0)
core   0: 3 0x000000008000ff44 (0xfe043703) x14 0x00000000800120ab mem 0x0000000080031f50
core   0: 0x000000008000ff48 (0xfcf76de3) bltu    a4, a5, pc - 38
core   0: 3 0x000000008000ff48 (0xfcf76de3)
core   0: 0x000000008000ff22 (0xfe043783) ld      a5, -32(s0)
core   0: 3 0x000000008000ff22 (0xfe043783) x15 0x00000000800120ab mem 0x0000000080031f50
core   0: 0x000000008000ff26 (0x00178713) addi    a4, a5, 1
core   0: 3 0x000000008000ff26 (0x00178713) x14 0x00000000800120ac
core   0: 0x000000008000ff2a (0xfee43023) sd      a4, -32(s0)
core   0: 3 0x000000008000ff2a (0xfee43023) mem 0x0000000080031f50 0x00000000800120ac
core   0: 0x000000008000ff2e (0xfc442703) lw      a4, -60(s0)
core   0: 3 0x000000008000ff2e (0xfc442703) x14 0x0000000000000000 mem 0x0000000080031f34
core   0: 0x000000008000ff32 (0x0ff77713) andi    a4, a4, 255
core   0: 3 0x000000008000ff32 (0x0ff77713) x14 0x0000000000000000
core   0: 0x000000008000ff36 (0x00e78023) sb      a4, 0(a5)
core   0: 3 0x000000008000ff36 (0x00e78023) mem 0x00000000800120ab 0x00
core   0: 0x000000008000ff3a (0xfc843703) ld      a4, -56(s0)
core   0: 3 0x000000008000ff3a (0xfc843703) x14 0x0000000080012040 mem 0x0000000080031f38
core   0: 0x000000008000ff3e (0xfb843783) ld      a5, -72(s0)
core   0: 3 0x000000008000ff3e (0xfb843783) x15 0x000000000000009c mem 0x0000000080031f28
core   0: 0x000000008000ff42 (0x000097ba) c.add   a5, a4
core   0: 3 0x000000008000ff42 (0x97ba) x15 0x00000000800120dc
core   0: 0x000000008000ff44 (0xfe043703) ld      a4, -32(s0)
core   0: 3 0x000000008000ff44 (0xfe043703) x14 0x00000000800120ac mem 0x0000000080031f50
core   0: 0x000000008000ff48 (0xfcf76de3) bltu    a4, a5, pc - 38
core   0: 3 0x000000008000ff48 (0xfcf76de3)
core   0: 0x000000008000ff22 (0xfe043783) ld      a5, -32(s0)
core   0: 3 0x000000008000ff22 (0xfe043783) x15 0x00000000800120ac mem 0x0000000080031f50
core   0: 0x000000008000ff26 (0x00178713) addi    a4, a5, 1
core   0: 3 0x000000008000ff26 (0x00178713) x14 0x00000000800120ad
core   0: 0x000000008000ff2a (0xfee43023) sd      a4, -32(s0)
core   0: 3 0x000000008000ff2a (0xfee43023) mem 0x0000000080031f50 0x00000000800120ad
core   0: 0x000000008000ff2e (0xfc442703) lw      a4, -60(s0)
core   0: 3 0x000000008000ff2e (0xfc442703) x14 0x0000000000000000 mem 0x0000000080031f34
core   0: 0x000000008000ff32 (0x0ff77713) andi    a4, a4, 255
core   0: 3 0x000000008000ff32 (0x0ff77713) x14 0x0000000000000000
core   0: 0x000000008000ff36 (0x00e78023) sb      a4, 0(a5)
core   0: 3 0x000000008000ff36 (0x00e78023) mem 0x00000000800120ac 0x00
core   0: 0x000000008000ff3a (0xfc843703) ld      a4, -56(s0)
core   0: 3 0x000000008000ff3a (0xfc843703) x14 0x0000000080012040 mem 0x0000000080031f38
core   0: 0x000000008000ff3e (0xfb843783) ld      a5, -72(s0)
core   0: 3 0x000000008000ff3e (0xfb843783) x15 0x000000000000009c mem 0x0000000080031f28
core   0: 0x000000008000ff42 (0x000097ba) c.add   a5, a4
core   0: 3 0x000000008000ff42 (0x97ba) x15 0x00000000800120dc
core   0: 0x000000008000ff44 (0xfe043703) ld      a4, -32(s0)
core   0: 3 0x000000008000ff44 (0xfe043703) x14 0x00000000800120ad mem 0x0000000080031f50
core   0: 0x000000008000ff48 (0xfcf76de3) bltu    a4, a5, pc - 38
core   0: 3 0x000000008000ff48 (0xfcf76de3)
core   0: 0x000000008000ff22 (0xfe043783) ld      a5, -32(s0)
core   0: 3 0x000000008000ff22 (0xfe043783) x15 0x00000000800120ad mem 0x0000000080031f50
core   0: 0x000000008000ff26 (0x00178713) addi    a4, a5, 1
core   0: 3 0x000000008000ff26 (0x00178713) x14 0x00000000800120ae
core   0: 0x000000008000ff2a (0xfee43023) sd      a4, -32(s0)
core   0: 3 0x000000008000ff2a (0xfee43023) mem 0x0000000080031f50 0x00000000800120ae
core   0: 0x000000008000ff2e (0xfc442703) lw      a4, -60(s0)
core   0: 3 0x000000008000ff2e (0xfc442703) x14 0x0000000000000000 mem 0x0000000080031f34
core   0: 0x000000008000ff32 (0x0ff77713) andi    a4, a4, 255
core   0: 3 0x000000008000ff32 (0x0ff77713) x14 0x0000000000000000
core   0: 0x000000008000ff36 (0x00e78023) sb      a4, 0(a5)
core   0: 3 0x000000008000ff36 (0x00e78023) mem 0x00000000800120ad 0x00
core   0: 0x000000008000ff3a (0xfc843703) ld      a4, -56(s0)
core   0: 3 0x000000008000ff3a (0xfc843703) x14 0x0000000080012040 mem 0x0000000080031f38
core   0: 0x000000008000ff3e (0xfb843783) ld      a5, -72(s0)
core   0: 3 0x000000008000ff3e (0xfb843783) x15 0x000000000000009c mem 0x0000000080031f28
core   0: 0x000000008000ff42 (0x000097ba) c.add   a5, a4
core   0: 3 0x000000008000ff42 (0x97ba) x15 0x00000000800120dc
core   0: 0x000000008000ff44 (0xfe043703) ld      a4, -32(s0)
core   0: 3 0x000000008000ff44 (0xfe043703) x14 0x00000000800120ae mem 0x0000000080031f50
core   0: 0x000000008000ff48 (0xfcf76de3) bltu    a4, a5, pc - 38
core   0: 3 0x000000008000ff48 (0xfcf76de3)
core   0: 0x000000008000ff22 (0xfe043783) ld      a5, -32(s0)
core   0: 3 0x000000008000ff22 (0xfe043783) x15 0x00000000800120ae mem 0x0000000080031f50
core   0: 0x000000008000ff26 (0x00178713) addi    a4, a5, 1
core   0: 3 0x000000008000ff26 (0x00178713) x14 0x00000000800120af
core   0: 0x000000008000ff2a (0xfee43023) sd      a4, -32(s0)
core   0: 3 0x000000008000ff2a (0xfee43023) mem 0x0000000080031f50 0x00000000800120af
core   0: 0x000000008000ff2e (0xfc442703) lw      a4, -60(s0)
core   0: 3 0x000000008000ff2e (0xfc442703) x14 0x0000000000000000 mem 0x0000000080031f34
core   0: 0x000000008000ff32 (0x0ff77713) andi    a4, a4, 255
core   0: 3 0x000000008000ff32 (0x0ff77713) x14 0x0000000000000000
core   0: 0x000000008000ff36 (0x00e78023) sb      a4, 0(a5)
core   0: 3 0x000000008000ff36 (0x00e78023) mem 0x00000000800120ae 0x00
core   0: 0x000000008000ff3a (0xfc843703) ld      a4, -56(s0)
core   0: 3 0x000000008000ff3a (0xfc843703) x14 0x0000000080012040 mem 0x0000000080031f38
core   0: 0x000000008000ff3e (0xfb843783) ld      a5, -72(s0)
core   0: 3 0x000000008000ff3e (0xfb843783) x15 0x000000000000009c mem 0x0000000080031f28
core   0: 0x000000008000ff42 (0x000097ba) c.add   a5, a4
core   0: 3 0x000000008000ff42 (0x97ba) x15 0x00000000800120dc
core   0: 0x000000008000ff44 (0xfe043703) ld      a4, -32(s0)
core   0: 3 0x000000008000ff44 (0xfe043703) x14 0x00000000800120af mem 0x0000000080031f50
core   0: 0x000000008000ff48 (0xfcf76de3) bltu    a4, a5, pc - 38
core   0: 3 0x000000008000ff48 (0xfcf76de3)
core   0: 0x000000008000ff22 (0xfe043783) ld      a5, -32(s0)
core   0: 3 0x000000008000ff22 (0xfe043783) x15 0x00000000800120af mem 0x0000000080031f50
core   0: 0x000000008000ff26 (0x00178713) addi    a4, a5, 1
core   0: 3 0x000000008000ff26 (0x00178713) x14 0x00000000800120b0
core   0: 0x000000008000ff2a (0xfee43023) sd      a4, -32(s0)
core   0: 3 0x000000008000ff2a (0xfee43023) mem 0x0000000080031f50 0x00000000800120b0
core   0: 0x000000008000ff2e (0xfc442703) lw      a4, -60(s0)
core   0: 3 0x000000008000ff2e (0xfc442703) x14 0x0000000000000000 mem 0x0000000080031f34
core   0: 0x000000008000ff32 (0x0ff77713) andi    a4, a4, 255
core   0: 3 0x000000008000ff32 (0x0ff77713) x14 0x0000000000000000
core   0: 0x000000008000ff36 (0x00e78023) sb      a4, 0(a5)
core   0: 3 0x000000008000ff36 (0x00e78023) mem 0x00000000800120af 0x00
core   0: 0x000000008000ff3a (0xfc843703) ld      a4, -56(s0)
core   0: 3 0x000000008000ff3a (0xfc843703) x14 0x0000000080012040 mem 0x0000000080031f38
core   0: 0x000000008000ff3e (0xfb843783) ld      a5, -72(s0)
core   0: 3 0x000000008000ff3e (0xfb843783) x15 0x000000000000009c mem 0x0000000080031f28
core   0: 0x000000008000ff42 (0x000097ba) c.add   a5, a4
core   0: 3 0x000000008000ff42 (0x97ba) x15 0x00000000800120dc
core   0: 0x000000008000ff44 (0xfe043703) ld      a4, -32(s0)
core   0: 3 0x000000008000ff44 (0xfe043703) x14 0x00000000800120b0 mem 0x0000000080031f50
core   0: 0x000000008000ff48 (0xfcf76de3) bltu    a4, a5, pc - 38
core   0: 3 0x000000008000ff48 (0xfcf76de3)
core   0: 0x000000008000ff22 (0xfe043783) ld      a5, -32(s0)
core   0: 3 0x000000008000ff22 (0xfe043783) x15 0x00000000800120b0 mem 0x0000000080031f50
core   0: 0x000000008000ff26 (0x00178713) addi    a4, a5, 1
core   0: 3 0x000000008000ff26 (0x00178713) x14 0x00000000800120b1
core   0: 0x000000008000ff2a (0xfee43023) sd      a4, -32(s0)
core   0: 3 0x000000008000ff2a (0xfee43023) mem 0x0000000080031f50 0x00000000800120b1
core   0: 0x000000008000ff2e (0xfc442703) lw      a4, -60(s0)
core   0: 3 0x000000008000ff2e (0xfc442703) x14 0x0000000000000000 mem 0x0000000080031f34
core   0: 0x000000008000ff32 (0x0ff77713) andi    a4, a4, 255
core   0: 3 0x000000008000ff32 (0x0ff77713) x14 0x0000000000000000
core   0: 0x000000008000ff36 (0x00e78023) sb      a4, 0(a5)
core   0: 3 0x000000008000ff36 (0x00e78023) mem 0x00000000800120b0 0x00
core   0: 0x000000008000ff3a (0xfc843703) ld      a4, -56(s0)
core   0: 3 0x000000008000ff3a (0xfc843703) x14 0x0000000080012040 mem 0x0000000080031f38
core   0: 0x000000008000ff3e (0xfb843783) ld      a5, -72(s0)
core   0: 3 0x000000008000ff3e (0xfb843783) x15 0x000000000000009c mem 0x0000000080031f28
core   0: 0x000000008000ff42 (0x000097ba) c.add   a5, a4
core   0: 3 0x000000008000ff42 (0x97ba) x15 0x00000000800120dc
core   0: 0x000000008000ff44 (0xfe043703) ld      a4, -32(s0)
core   0: 3 0x000000008000ff44 (0xfe043703) x14 0x00000000800120b1 mem 0x0000000080031f50
core   0: 0x000000008000ff48 (0xfcf76de3) bltu    a4, a5, pc - 38
core   0: 3 0x000000008000ff48 (0xfcf76de3)
core   0: 0x000000008000ff22 (0xfe043783) ld      a5, -32(s0)
core   0: 3 0x000000008000ff22 (0xfe043783) x15 0x00000000800120b1 mem 0x0000000080031f50
core   0: 0x000000008000ff26 (0x00178713) addi    a4, a5, 1
core   0: 3 0x000000008000ff26 (0x00178713) x14 0x00000000800120b2
core   0: 0x000000008000ff2a (0xfee43023) sd      a4, -32(s0)
core   0: 3 0x000000008000ff2a (0xfee43023) mem 0x0000000080031f50 0x00000000800120b2
core   0: 0x000000008000ff2e (0xfc442703) lw      a4, -60(s0)
core   0: 3 0x000000008000ff2e (0xfc442703) x14 0x0000000000000000 mem 0x0000000080031f34
core   0: 0x000000008000ff32 (0x0ff77713) andi    a4, a4, 255
core   0: 3 0x000000008000ff32 (0x0ff77713) x14 0x0000000000000000
core   0: 0x000000008000ff36 (0x00e78023) sb      a4, 0(a5)
core   0: 3 0x000000008000ff36 (0x00e78023) mem 0x00000000800120b1 0x00
core   0: 0x000000008000ff3a (0xfc843703) ld      a4, -56(s0)
core   0: 3 0x000000008000ff3a (0xfc843703) x14 0x0000000080012040 mem 0x0000000080031f38
core   0: 0x000000008000ff3e (0xfb843783) ld      a5, -72(s0)
core   0: 3 0x000000008000ff3e (0xfb843783) x15 0x000000000000009c mem 0x0000000080031f28
core   0: 0x000000008000ff42 (0x000097ba) c.add   a5, a4
core   0: 3 0x000000008000ff42 (0x97ba) x15 0x00000000800120dc
core   0: 0x000000008000ff44 (0xfe043703) ld      a4, -32(s0)
core   0: 3 0x000000008000ff44 (0xfe043703) x14 0x00000000800120b2 mem 0x0000000080031f50
core   0: 0x000000008000ff48 (0xfcf76de3) bltu    a4, a5, pc - 38
core   0: 3 0x000000008000ff48 (0xfcf76de3)
core   0: 0x000000008000ff22 (0xfe043783) ld      a5, -32(s0)
core   0: 3 0x000000008000ff22 (0xfe043783) x15 0x00000000800120b2 mem 0x0000000080031f50
core   0: 0x000000008000ff26 (0x00178713) addi    a4, a5, 1
core   0: 3 0x000000008000ff26 (0x00178713) x14 0x00000000800120b3
core   0: 0x000000008000ff2a (0xfee43023) sd      a4, -32(s0)
core   0: 3 0x000000008000ff2a (0xfee43023) mem 0x0000000080031f50 0x00000000800120b3
core   0: 0x000000008000ff2e (0xfc442703) lw      a4, -60(s0)
core   0: 3 0x000000008000ff2e (0xfc442703) x14 0x0000000000000000 mem 0x0000000080031f34
core   0: 0x000000008000ff32 (0x0ff77713) andi    a4, a4, 255
core   0: 3 0x000000008000ff32 (0x0ff77713) x14 0x0000000000000000
core   0: 0x000000008000ff36 (0x00e78023) sb      a4, 0(a5)
core   0: 3 0x000000008000ff36 (0x00e78023) mem 0x00000000800120b2 0x00
core   0: 0x000000008000ff3a (0xfc843703) ld      a4, -56(s0)
core   0: 3 0x000000008000ff3a (0xfc843703) x14 0x0000000080012040 mem 0x0000000080031f38
core   0: 0x000000008000ff3e (0xfb843783) ld      a5, -72(s0)
core   0: 3 0x000000008000ff3e (0xfb843783) x15 0x000000000000009c mem 0x0000000080031f28
core   0: 0x000000008000ff42 (0x000097ba) c.add   a5, a4
core   0: 3 0x000000008000ff42 (0x97ba) x15 0x00000000800120dc
core   0: 0x000000008000ff44 (0xfe043703) ld      a4, -32(s0)
core   0: 3 0x000000008000ff44 (0xfe043703) x14 0x00000000800120b3 mem 0x0000000080031f50
core   0: 0x000000008000ff48 (0xfcf76de3) bltu    a4, a5, pc - 38
core   0: 3 0x000000008000ff48 (0xfcf76de3)
core   0: 0x000000008000ff22 (0xfe043783) ld      a5, -32(s0)
core   0: 3 0x000000008000ff22 (0xfe043783) x15 0x00000000800120b3 mem 0x0000000080031f50
core   0: 0x000000008000ff26 (0x00178713) addi    a4, a5, 1
core   0: 3 0x000000008000ff26 (0x00178713) x14 0x00000000800120b4
core   0: 0x000000008000ff2a (0xfee43023) sd      a4, -32(s0)
core   0: 3 0x000000008000ff2a (0xfee43023) mem 0x0000000080031f50 0x00000000800120b4
core   0: 0x000000008000ff2e (0xfc442703) lw      a4, -60(s0)
core   0: 3 0x000000008000ff2e (0xfc442703) x14 0x0000000000000000 mem 0x0000000080031f34
core   0: 0x000000008000ff32 (0x0ff77713) andi    a4, a4, 255
core   0: 3 0x000000008000ff32 (0x0ff77713) x14 0x0000000000000000
core   0: 0x000000008000ff36 (0x00e78023) sb      a4, 0(a5)
core   0: 3 0x000000008000ff36 (0x00e78023) mem 0x00000000800120b3 0x00
core   0: 0x000000008000ff3a (0xfc843703) ld      a4, -56(s0)
core   0: 3 0x000000008000ff3a (0xfc843703) x14 0x0000000080012040 mem 0x0000000080031f38
core   0: 0x000000008000ff3e (0xfb843783) ld      a5, -72(s0)
core   0: 3 0x000000008000ff3e (0xfb843783) x15 0x000000000000009c mem 0x0000000080031f28
core   0: 0x000000008000ff42 (0x000097ba) c.add   a5, a4
core   0: 3 0x000000008000ff42 (0x97ba) x15 0x00000000800120dc
core   0: 0x000000008000ff44 (0xfe043703) ld      a4, -32(s0)
core   0: 3 0x000000008000ff44 (0xfe043703) x14 0x00000000800120b4 mem 0x0000000080031f50
core   0: 0x000000008000ff48 (0xfcf76de3) bltu    a4, a5, pc - 38
core   0: 3 0x000000008000ff48 (0xfcf76de3)
core   0: 0x000000008000ff22 (0xfe043783) ld      a5, -32(s0)
core   0: 3 0x000000008000ff22 (0xfe043783) x15 0x00000000800120b4 mem 0x0000000080031f50
core   0: 0x000000008000ff26 (0x00178713) addi    a4, a5, 1
core   0: 3 0x000000008000ff26 (0x00178713) x14 0x00000000800120b5
core   0: 0x000000008000ff2a (0xfee43023) sd      a4, -32(s0)
core   0: 3 0x000000008000ff2a (0xfee43023) mem 0x0000000080031f50 0x00000000800120b5
core   0: 0x000000008000ff2e (0xfc442703) lw      a4, -60(s0)
core   0: 3 0x000000008000ff2e (0xfc442703) x14 0x0000000000000000 mem 0x0000000080031f34
core   0: 0x000000008000ff32 (0x0ff77713) andi    a4, a4, 255
core   0: 3 0x000000008000ff32 (0x0ff77713) x14 0x0000000000000000
core   0: 0x000000008000ff36 (0x00e78023) sb      a4, 0(a5)
core   0: 3 0x000000008000ff36 (0x00e78023) mem 0x00000000800120b4 0x00
core   0: 0x000000008000ff3a (0xfc843703) ld      a4, -56(s0)
core   0: 3 0x000000008000ff3a (0xfc843703) x14 0x0000000080012040 mem 0x0000000080031f38
core   0: 0x000000008000ff3e (0xfb843783) ld      a5, -72(s0)
core   0: 3 0x000000008000ff3e (0xfb843783) x15 0x000000000000009c mem 0x0000000080031f28
core   0: 0x000000008000ff42 (0x000097ba) c.add   a5, a4
core   0: 3 0x000000008000ff42 (0x97ba) x15 0x00000000800120dc
core   0: 0x000000008000ff44 (0xfe043703) ld      a4, -32(s0)
core   0: 3 0x000000008000ff44 (0xfe043703) x14 0x00000000800120b5 mem 0x0000000080031f50
core   0: 0x000000008000ff48 (0xfcf76de3) bltu    a4, a5, pc - 38
core   0: 3 0x000000008000ff48 (0xfcf76de3)
core   0: 0x000000008000ff22 (0xfe043783) ld      a5, -32(s0)
core   0: 3 0x000000008000ff22 (0xfe043783) x15 0x00000000800120b5 mem 0x0000000080031f50
core   0: 0x000000008000ff26 (0x00178713) addi    a4, a5, 1
core   0: 3 0x000000008000ff26 (0x00178713) x14 0x00000000800120b6
core   0: 0x000000008000ff2a (0xfee43023) sd      a4, -32(s0)
core   0: 3 0x000000008000ff2a (0xfee43023) mem 0x0000000080031f50 0x00000000800120b6
core   0: 0x000000008000ff2e (0xfc442703) lw      a4, -60(s0)
core   0: 3 0x000000008000ff2e (0xfc442703) x14 0x0000000000000000 mem 0x0000000080031f34
core   0: 0x000000008000ff32 (0x0ff77713) andi    a4, a4, 255
core   0: 3 0x000000008000ff32 (0x0ff77713) x14 0x0000000000000000
core   0: 0x000000008000ff36 (0x00e78023) sb      a4, 0(a5)
core   0: 3 0x000000008000ff36 (0x00e78023) mem 0x00000000800120b5 0x00
core   0: 0x000000008000ff3a (0xfc843703) ld      a4, -56(s0)
core   0: 3 0x000000008000ff3a (0xfc843703) x14 0x0000000080012040 mem 0x0000000080031f38
core   0: 0x000000008000ff3e (0xfb843783) ld      a5, -72(s0)
core   0: 3 0x000000008000ff3e (0xfb843783) x15 0x000000000000009c mem 0x0000000080031f28
core   0: 0x000000008000ff42 (0x000097ba) c.add   a5, a4
core   0: 3 0x000000008000ff42 (0x97ba) x15 0x00000000800120dc
core   0: 0x000000008000ff44 (0xfe043703) ld      a4, -32(s0)
core   0: 3 0x000000008000ff44 (0xfe043703) x14 0x00000000800120b6 mem 0x0000000080031f50
core   0: 0x000000008000ff48 (0xfcf76de3) bltu    a4, a5, pc - 38
core   0: 3 0x000000008000ff48 (0xfcf76de3)
core   0: 0x000000008000ff22 (0xfe043783) ld      a5, -32(s0)
core   0: 3 0x000000008000ff22 (0xfe043783) x15 0x00000000800120b6 mem 0x0000000080031f50
core   0: 0x000000008000ff26 (0x00178713) addi    a4, a5, 1
core   0: 3 0x000000008000ff26 (0x00178713) x14 0x00000000800120b7
core   0: 0x000000008000ff2a (0xfee43023) sd      a4, -32(s0)
core   0: 3 0x000000008000ff2a (0xfee43023) mem 0x0000000080031f50 0x00000000800120b7
core   0: 0x000000008000ff2e (0xfc442703) lw      a4, -60(s0)
core   0: 3 0x000000008000ff2e (0xfc442703) x14 0x0000000000000000 mem 0x0000000080031f34
core   0: 0x000000008000ff32 (0x0ff77713) andi    a4, a4, 255
core   0: 3 0x000000008000ff32 (0x0ff77713) x14 0x0000000000000000
core   0: 0x000000008000ff36 (0x00e78023) sb      a4, 0(a5)
core   0: 3 0x000000008000ff36 (0x00e78023) mem 0x00000000800120b6 0x00
core   0: 0x000000008000ff3a (0xfc843703) ld      a4, -56(s0)
core   0: 3 0x000000008000ff3a (0xfc843703) x14 0x0000000080012040 mem 0x0000000080031f38
core   0: 0x000000008000ff3e (0xfb843783) ld      a5, -72(s0)
core   0: 3 0x000000008000ff3e (0xfb843783) x15 0x000000000000009c mem 0x0000000080031f28
core   0: 0x000000008000ff42 (0x000097ba) c.add   a5, a4
core   0: 3 0x000000008000ff42 (0x97ba) x15 0x00000000800120dc
core   0: 0x000000008000ff44 (0xfe043703) ld      a4, -32(s0)
core   0: 3 0x000000008000ff44 (0xfe043703) x14 0x00000000800120b7 mem 0x0000000080031f50
core   0: 0x000000008000ff48 (0xfcf76de3) bltu    a4, a5, pc - 38
core   0: 3 0x000000008000ff48 (0xfcf76de3)
core   0: 0x000000008000ff22 (0xfe043783) ld      a5, -32(s0)
core   0: 3 0x000000008000ff22 (0xfe043783) x15 0x00000000800120b7 mem 0x0000000080031f50
core   0: 0x000000008000ff26 (0x00178713) addi    a4, a5, 1
core   0: 3 0x000000008000ff26 (0x00178713) x14 0x00000000800120b8
core   0: 0x000000008000ff2a (0xfee43023) sd      a4, -32(s0)
core   0: 3 0x000000008000ff2a (0xfee43023) mem 0x0000000080031f50 0x00000000800120b8
core   0: 0x000000008000ff2e (0xfc442703) lw      a4, -60(s0)
core   0: 3 0x000000008000ff2e (0xfc442703) x14 0x0000000000000000 mem 0x0000000080031f34
core   0: 0x000000008000ff32 (0x0ff77713) andi    a4, a4, 255
core   0: 3 0x000000008000ff32 (0x0ff77713) x14 0x0000000000000000
core   0: 0x000000008000ff36 (0x00e78023) sb      a4, 0(a5)
core   0: 3 0x000000008000ff36 (0x00e78023) mem 0x00000000800120b7 0x00
core   0: 0x000000008000ff3a (0xfc843703) ld      a4, -56(s0)
core   0: 3 0x000000008000ff3a (0xfc843703) x14 0x0000000080012040 mem 0x0000000080031f38
core   0: 0x000000008000ff3e (0xfb843783) ld      a5, -72(s0)
core   0: 3 0x000000008000ff3e (0xfb843783) x15 0x000000000000009c mem 0x0000000080031f28
core   0: 0x000000008000ff42 (0x000097ba) c.add   a5, a4
core   0: 3 0x000000008000ff42 (0x97ba) x15 0x00000000800120dc
core   0: 0x000000008000ff44 (0xfe043703) ld      a4, -32(s0)
core   0: 3 0x000000008000ff44 (0xfe043703) x14 0x00000000800120b8 mem 0x0000000080031f50
core   0: 0x000000008000ff48 (0xfcf76de3) bltu    a4, a5, pc - 38
core   0: 3 0x000000008000ff48 (0xfcf76de3)
core   0: 0x000000008000ff22 (0xfe043783) ld      a5, -32(s0)
core   0: 3 0x000000008000ff22 (0xfe043783) x15 0x00000000800120b8 mem 0x0000000080031f50
core   0: 0x000000008000ff26 (0x00178713) addi    a4, a5, 1
core   0: 3 0x000000008000ff26 (0x00178713) x14 0x00000000800120b9
core   0: 0x000000008000ff2a (0xfee43023) sd      a4, -32(s0)
core   0: 3 0x000000008000ff2a (0xfee43023) mem 0x0000000080031f50 0x00000000800120b9
core   0: 0x000000008000ff2e (0xfc442703) lw      a4, -60(s0)
core   0: 3 0x000000008000ff2e (0xfc442703) x14 0x0000000000000000 mem 0x0000000080031f34
core   0: 0x000000008000ff32 (0x0ff77713) andi    a4, a4, 255
core   0: 3 0x000000008000ff32 (0x0ff77713) x14 0x0000000000000000
core   0: 0x000000008000ff36 (0x00e78023) sb      a4, 0(a5)
core   0: 3 0x000000008000ff36 (0x00e78023) mem 0x00000000800120b8 0x00
core   0: 0x000000008000ff3a (0xfc843703) ld      a4, -56(s0)
core   0: 3 0x000000008000ff3a (0xfc843703) x14 0x0000000080012040 mem 0x0000000080031f38
core   0: 0x000000008000ff3e (0xfb843783) ld      a5, -72(s0)
core   0: 3 0x000000008000ff3e (0xfb843783) x15 0x000000000000009c mem 0x0000000080031f28
core   0: 0x000000008000ff42 (0x000097ba) c.add   a5, a4
core   0: 3 0x000000008000ff42 (0x97ba) x15 0x00000000800120dc
core   0: 0x000000008000ff44 (0xfe043703) ld      a4, -32(s0)
core   0: 3 0x000000008000ff44 (0xfe043703) x14 0x00000000800120b9 mem 0x0000000080031f50
core   0: 0x000000008000ff48 (0xfcf76de3) bltu    a4, a5, pc - 38
core   0: 3 0x000000008000ff48 (0xfcf76de3)
core   0: 0x000000008000ff22 (0xfe043783) ld      a5, -32(s0)
core   0: 3 0x000000008000ff22 (0xfe043783) x15 0x00000000800120b9 mem 0x0000000080031f50
core   0: 0x000000008000ff26 (0x00178713) addi    a4, a5, 1
core   0: 3 0x000000008000ff26 (0x00178713) x14 0x00000000800120ba
core   0: 0x000000008000ff2a (0xfee43023) sd      a4, -32(s0)
core   0: 3 0x000000008000ff2a (0xfee43023) mem 0x0000000080031f50 0x00000000800120ba
core   0: 0x000000008000ff2e (0xfc442703) lw      a4, -60(s0)
core   0: 3 0x000000008000ff2e (0xfc442703) x14 0x0000000000000000 mem 0x0000000080031f34
core   0: 0x000000008000ff32 (0x0ff77713) andi    a4, a4, 255
core   0: 3 0x000000008000ff32 (0x0ff77713) x14 0x0000000000000000
core   0: 0x000000008000ff36 (0x00e78023) sb      a4, 0(a5)
core   0: 3 0x000000008000ff36 (0x00e78023) mem 0x00000000800120b9 0x00
core   0: 0x000000008000ff3a (0xfc843703) ld      a4, -56(s0)
core   0: 3 0x000000008000ff3a (0xfc843703) x14 0x0000000080012040 mem 0x0000000080031f38
core   0: 0x000000008000ff3e (0xfb843783) ld      a5, -72(s0)
core   0: 3 0x000000008000ff3e (0xfb843783) x15 0x000000000000009c mem 0x0000000080031f28
core   0: 0x000000008000ff42 (0x000097ba) c.add   a5, a4
core   0: 3 0x000000008000ff42 (0x97ba) x15 0x00000000800120dc
core   0: 0x000000008000ff44 (0xfe043703) ld      a4, -32(s0)
core   0: 3 0x000000008000ff44 (0xfe043703) x14 0x00000000800120ba mem 0x0000000080031f50
core   0: 0x000000008000ff48 (0xfcf76de3) bltu    a4, a5, pc - 38
core   0: 3 0x000000008000ff48 (0xfcf76de3)
core   0: 0x000000008000ff22 (0xfe043783) ld      a5, -32(s0)
core   0: 3 0x000000008000ff22 (0xfe043783) x15 0x00000000800120ba mem 0x0000000080031f50
core   0: 0x000000008000ff26 (0x00178713) addi    a4, a5, 1
core   0: 3 0x000000008000ff26 (0x00178713) x14 0x00000000800120bb
core   0: 0x000000008000ff2a (0xfee43023) sd      a4, -32(s0)
core   0: 3 0x000000008000ff2a (0xfee43023) mem 0x0000000080031f50 0x00000000800120bb
core   0: 0x000000008000ff2e (0xfc442703) lw      a4, -60(s0)
core   0: 3 0x000000008000ff2e (0xfc442703) x14 0x0000000000000000 mem 0x0000000080031f34
core   0: 0x000000008000ff32 (0x0ff77713) andi    a4, a4, 255
core   0: 3 0x000000008000ff32 (0x0ff77713) x14 0x0000000000000000
core   0: 0x000000008000ff36 (0x00e78023) sb      a4, 0(a5)
core   0: 3 0x000000008000ff36 (0x00e78023) mem 0x00000000800120ba 0x00
core   0: 0x000000008000ff3a (0xfc843703) ld      a4, -56(s0)
core   0: 3 0x000000008000ff3a (0xfc843703) x14 0x0000000080012040 mem 0x0000000080031f38
core   0: 0x000000008000ff3e (0xfb843783) ld      a5, -72(s0)
core   0: 3 0x000000008000ff3e (0xfb843783) x15 0x000000000000009c mem 0x0000000080031f28
core   0: 0x000000008000ff42 (0x000097ba) c.add   a5, a4
core   0: 3 0x000000008000ff42 (0x97ba) x15 0x00000000800120dc
core   0: 0x000000008000ff44 (0xfe043703) ld      a4, -32(s0)
core   0: 3 0x000000008000ff44 (0xfe043703) x14 0x00000000800120bb mem 0x0000000080031f50
core   0: 0x000000008000ff48 (0xfcf76de3) bltu    a4, a5, pc - 38
core   0: 3 0x000000008000ff48 (0xfcf76de3)
core   0: 0x000000008000ff22 (0xfe043783) ld      a5, -32(s0)
core   0: 3 0x000000008000ff22 (0xfe043783) x15 0x00000000800120bb mem 0x0000000080031f50
core   0: 0x000000008000ff26 (0x00178713) addi    a4, a5, 1
core   0: 3 0x000000008000ff26 (0x00178713) x14 0x00000000800120bc
core   0: 0x000000008000ff2a (0xfee43023) sd      a4, -32(s0)
core   0: 3 0x000000008000ff2a (0xfee43023) mem 0x0000000080031f50 0x00000000800120bc
core   0: 0x000000008000ff2e (0xfc442703) lw      a4, -60(s0)
core   0: 3 0x000000008000ff2e (0xfc442703) x14 0x0000000000000000 mem 0x0000000080031f34
core   0: 0x000000008000ff32 (0x0ff77713) andi    a4, a4, 255
core   0: 3 0x000000008000ff32 (0x0ff77713) x14 0x0000000000000000
core   0: 0x000000008000ff36 (0x00e78023) sb      a4, 0(a5)
core   0: 3 0x000000008000ff36 (0x00e78023) mem 0x00000000800120bb 0x00
core   0: 0x000000008000ff3a (0xfc843703) ld      a4, -56(s0)
core   0: 3 0x000000008000ff3a (0xfc843703) x14 0x0000000080012040 mem 0x0000000080031f38
core   0: 0x000000008000ff3e (0xfb843783) ld      a5, -72(s0)
core   0: 3 0x000000008000ff3e (0xfb843783) x15 0x000000000000009c mem 0x0000000080031f28
core   0: 0x000000008000ff42 (0x000097ba) c.add   a5, a4
core   0: 3 0x000000008000ff42 (0x97ba) x15 0x00000000800120dc
core   0: 0x000000008000ff44 (0xfe043703) ld      a4, -32(s0)
core   0: 3 0x000000008000ff44 (0xfe043703) x14 0x00000000800120bc mem 0x0000000080031f50
core   0: 0x000000008000ff48 (0xfcf76de3) bltu    a4, a5, pc - 38
core   0: 3 0x000000008000ff48 (0xfcf76de3)
core   0: 0x000000008000ff22 (0xfe043783) ld      a5, -32(s0)
core   0: 3 0x000000008000ff22 (0xfe043783) x15 0x00000000800120bc mem 0x0000000080031f50
core   0: 0x000000008000ff26 (0x00178713) addi    a4, a5, 1
core   0: 3 0x000000008000ff26 (0x00178713) x14 0x00000000800120bd
core   0: 0x000000008000ff2a (0xfee43023) sd      a4, -32(s0)
core   0: 3 0x000000008000ff2a (0xfee43023) mem 0x0000000080031f50 0x00000000800120bd
core   0: 0x000000008000ff2e (0xfc442703) lw      a4, -60(s0)
core   0: 3 0x000000008000ff2e (0xfc442703) x14 0x0000000000000000 mem 0x0000000080031f34
core   0: 0x000000008000ff32 (0x0ff77713) andi    a4, a4, 255
core   0: 3 0x000000008000ff32 (0x0ff77713) x14 0x0000000000000000
core   0: 0x000000008000ff36 (0x00e78023) sb      a4, 0(a5)
core   0: 3 0x000000008000ff36 (0x00e78023) mem 0x00000000800120bc 0x00
core   0: 0x000000008000ff3a (0xfc843703) ld      a4, -56(s0)
core   0: 3 0x000000008000ff3a (0xfc843703) x14 0x0000000080012040 mem 0x0000000080031f38
core   0: 0x000000008000ff3e (0xfb843783) ld      a5, -72(s0)
core   0: 3 0x000000008000ff3e (0xfb843783) x15 0x000000000000009c mem 0x0000000080031f28
core   0: 0x000000008000ff42 (0x000097ba) c.add   a5, a4
core   0: 3 0x000000008000ff42 (0x97ba) x15 0x00000000800120dc
core   0: 0x000000008000ff44 (0xfe043703) ld      a4, -32(s0)
core   0: 3 0x000000008000ff44 (0xfe043703) x14 0x00000000800120bd mem 0x0000000080031f50
core   0: 0x000000008000ff48 (0xfcf76de3) bltu    a4, a5, pc - 38
core   0: 3 0x000000008000ff48 (0xfcf76de3)
core   0: 0x000000008000ff22 (0xfe043783) ld      a5, -32(s0)
core   0: 3 0x000000008000ff22 (0xfe043783) x15 0x00000000800120bd mem 0x0000000080031f50
core   0: 0x000000008000ff26 (0x00178713) addi    a4, a5, 1
core   0: 3 0x000000008000ff26 (0x00178713) x14 0x00000000800120be
core   0: 0x000000008000ff2a (0xfee43023) sd      a4, -32(s0)
core   0: 3 0x000000008000ff2a (0xfee43023) mem 0x0000000080031f50 0x00000000800120be
core   0: 0x000000008000ff2e (0xfc442703) lw      a4, -60(s0)
core   0: 3 0x000000008000ff2e (0xfc442703) x14 0x0000000000000000 mem 0x0000000080031f34
core   0: 0x000000008000ff32 (0x0ff77713) andi    a4, a4, 255
core   0: 3 0x000000008000ff32 (0x0ff77713) x14 0x0000000000000000
core   0: 0x000000008000ff36 (0x00e78023) sb      a4, 0(a5)
core   0: 3 0x000000008000ff36 (0x00e78023) mem 0x00000000800120bd 0x00
core   0: 0x000000008000ff3a (0xfc843703) ld      a4, -56(s0)
core   0: 3 0x000000008000ff3a (0xfc843703) x14 0x0000000080012040 mem 0x0000000080031f38
core   0: 0x000000008000ff3e (0xfb843783) ld      a5, -72(s0)
core   0: 3 0x000000008000ff3e (0xfb843783) x15 0x000000000000009c mem 0x0000000080031f28
core   0: 0x000000008000ff42 (0x000097ba) c.add   a5, a4
core   0: 3 0x000000008000ff42 (0x97ba) x15 0x00000000800120dc
core   0: 0x000000008000ff44 (0xfe043703) ld      a4, -32(s0)
core   0: 3 0x000000008000ff44 (0xfe043703) x14 0x00000000800120be mem 0x0000000080031f50
core   0: 0x000000008000ff48 (0xfcf76de3) bltu    a4, a5, pc - 38
core   0: 3 0x000000008000ff48 (0xfcf76de3)
core   0: 0x000000008000ff22 (0xfe043783) ld      a5, -32(s0)
core   0: 3 0x000000008000ff22 (0xfe043783) x15 0x00000000800120be mem 0x0000000080031f50
core   0: 0x000000008000ff26 (0x00178713) addi    a4, a5, 1
core   0: 3 0x000000008000ff26 (0x00178713) x14 0x00000000800120bf
core   0: 0x000000008000ff2a (0xfee43023) sd      a4, -32(s0)
core   0: 3 0x000000008000ff2a (0xfee43023) mem 0x0000000080031f50 0x00000000800120bf
core   0: 0x000000008000ff2e (0xfc442703) lw      a4, -60(s0)
core   0: 3 0x000000008000ff2e (0xfc442703) x14 0x0000000000000000 mem 0x0000000080031f34
core   0: 0x000000008000ff32 (0x0ff77713) andi    a4, a4, 255
core   0: 3 0x000000008000ff32 (0x0ff77713) x14 0x0000000000000000
core   0: 0x000000008000ff36 (0x00e78023) sb      a4, 0(a5)
core   0: 3 0x000000008000ff36 (0x00e78023) mem 0x00000000800120be 0x00
core   0: 0x000000008000ff3a (0xfc843703) ld      a4, -56(s0)
core   0: 3 0x000000008000ff3a (0xfc843703) x14 0x0000000080012040 mem 0x0000000080031f38
core   0: 0x000000008000ff3e (0xfb843783) ld      a5, -72(s0)
core   0: 3 0x000000008000ff3e (0xfb843783) x15 0x000000000000009c mem 0x0000000080031f28
core   0: 0x000000008000ff42 (0x000097ba) c.add   a5, a4
core   0: 3 0x000000008000ff42 (0x97ba) x15 0x00000000800120dc
core   0: 0x000000008000ff44 (0xfe043703) ld      a4, -32(s0)
core   0: 3 0x000000008000ff44 (0xfe043703) x14 0x00000000800120bf mem 0x0000000080031f50
core   0: 0x000000008000ff48 (0xfcf76de3) bltu    a4, a5, pc - 38
core   0: 3 0x000000008000ff48 (0xfcf76de3)
core   0: 0x000000008000ff22 (0xfe043783) ld      a5, -32(s0)
core   0: 3 0x000000008000ff22 (0xfe043783) x15 0x00000000800120bf mem 0x0000000080031f50
core   0: 0x000000008000ff26 (0x00178713) addi    a4, a5, 1
core   0: 3 0x000000008000ff26 (0x00178713) x14 0x00000000800120c0
core   0: 0x000000008000ff2a (0xfee43023) sd      a4, -32(s0)
core   0: 3 0x000000008000ff2a (0xfee43023) mem 0x0000000080031f50 0x00000000800120c0
core   0: 0x000000008000ff2e (0xfc442703) lw      a4, -60(s0)
core   0: 3 0x000000008000ff2e (0xfc442703) x14 0x0000000000000000 mem 0x0000000080031f34
core   0: 0x000000008000ff32 (0x0ff77713) andi    a4, a4, 255
core   0: 3 0x000000008000ff32 (0x0ff77713) x14 0x0000000000000000
core   0: 0x000000008000ff36 (0x00e78023) sb      a4, 0(a5)
core   0: 3 0x000000008000ff36 (0x00e78023) mem 0x00000000800120bf 0x00
core   0: 0x000000008000ff3a (0xfc843703) ld      a4, -56(s0)
core   0: 3 0x000000008000ff3a (0xfc843703) x14 0x0000000080012040 mem 0x0000000080031f38
core   0: 0x000000008000ff3e (0xfb843783) ld      a5, -72(s0)
core   0: 3 0x000000008000ff3e (0xfb843783) x15 0x000000000000009c mem 0x0000000080031f28
core   0: 0x000000008000ff42 (0x000097ba) c.add   a5, a4
core   0: 3 0x000000008000ff42 (0x97ba) x15 0x00000000800120dc
core   0: 0x000000008000ff44 (0xfe043703) ld      a4, -32(s0)
core   0: 3 0x000000008000ff44 (0xfe043703) x14 0x00000000800120c0 mem 0x0000000080031f50
core   0: 0x000000008000ff48 (0xfcf76de3) bltu    a4, a5, pc - 38
core   0: 3 0x000000008000ff48 (0xfcf76de3)
core   0: 0x000000008000ff22 (0xfe043783) ld      a5, -32(s0)
core   0: 3 0x000000008000ff22 (0xfe043783) x15 0x00000000800120c0 mem 0x0000000080031f50
core   0: 0x000000008000ff26 (0x00178713) addi    a4, a5, 1
core   0: 3 0x000000008000ff26 (0x00178713) x14 0x00000000800120c1
core   0: 0x000000008000ff2a (0xfee43023) sd      a4, -32(s0)
core   0: 3 0x000000008000ff2a (0xfee43023) mem 0x0000000080031f50 0x00000000800120c1
core   0: 0x000000008000ff2e (0xfc442703) lw      a4, -60(s0)
core   0: 3 0x000000008000ff2e (0xfc442703) x14 0x0000000000000000 mem 0x0000000080031f34
core   0: 0x000000008000ff32 (0x0ff77713) andi    a4, a4, 255
core   0: 3 0x000000008000ff32 (0x0ff77713) x14 0x0000000000000000
core   0: 0x000000008000ff36 (0x00e78023) sb      a4, 0(a5)
core   0: 3 0x000000008000ff36 (0x00e78023) mem 0x00000000800120c0 0x00
core   0: 0x000000008000ff3a (0xfc843703) ld      a4, -56(s0)
core   0: 3 0x000000008000ff3a (0xfc843703) x14 0x0000000080012040 mem 0x0000000080031f38
core   0: 0x000000008000ff3e (0xfb843783) ld      a5, -72(s0)
core   0: 3 0x000000008000ff3e (0xfb843783) x15 0x000000000000009c mem 0x0000000080031f28
core   0: 0x000000008000ff42 (0x000097ba) c.add   a5, a4
core   0: 3 0x000000008000ff42 (0x97ba) x15 0x00000000800120dc
core   0: 0x000000008000ff44 (0xfe043703) ld      a4, -32(s0)
core   0: 3 0x000000008000ff44 (0xfe043703) x14 0x00000000800120c1 mem 0x0000000080031f50
core   0: 0x000000008000ff48 (0xfcf76de3) bltu    a4, a5, pc - 38
core   0: 3 0x000000008000ff48 (0xfcf76de3)
core   0: 0x000000008000ff22 (0xfe043783) ld      a5, -32(s0)
core   0: 3 0x000000008000ff22 (0xfe043783) x15 0x00000000800120c1 mem 0x0000000080031f50
core   0: 0x000000008000ff26 (0x00178713) addi    a4, a5, 1
core   0: 3 0x000000008000ff26 (0x00178713) x14 0x00000000800120c2
core   0: 0x000000008000ff2a (0xfee43023) sd      a4, -32(s0)
core   0: 3 0x000000008000ff2a (0xfee43023) mem 0x0000000080031f50 0x00000000800120c2
core   0: 0x000000008000ff2e (0xfc442703) lw      a4, -60(s0)
core   0: 3 0x000000008000ff2e (0xfc442703) x14 0x0000000000000000 mem 0x0000000080031f34
core   0: 0x000000008000ff32 (0x0ff77713) andi    a4, a4, 255
core   0: 3 0x000000008000ff32 (0x0ff77713) x14 0x0000000000000000
core   0: 0x000000008000ff36 (0x00e78023) sb      a4, 0(a5)
core   0: 3 0x000000008000ff36 (0x00e78023) mem 0x00000000800120c1 0x00
core   0: 0x000000008000ff3a (0xfc843703) ld      a4, -56(s0)
core   0: 3 0x000000008000ff3a (0xfc843703) x14 0x0000000080012040 mem 0x0000000080031f38
core   0: 0x000000008000ff3e (0xfb843783) ld      a5, -72(s0)
core   0: 3 0x000000008000ff3e (0xfb843783) x15 0x000000000000009c mem 0x0000000080031f28
core   0: 0x000000008000ff42 (0x000097ba) c.add   a5, a4
core   0: 3 0x000000008000ff42 (0x97ba) x15 0x00000000800120dc
core   0: 0x000000008000ff44 (0xfe043703) ld      a4, -32(s0)
core   0: 3 0x000000008000ff44 (0xfe043703) x14 0x00000000800120c2 mem 0x0000000080031f50
core   0: 0x000000008000ff48 (0xfcf76de3) bltu    a4, a5, pc - 38
core   0: 3 0x000000008000ff48 (0xfcf76de3)
core   0: 0x000000008000ff22 (0xfe043783) ld      a5, -32(s0)
core   0: 3 0x000000008000ff22 (0xfe043783) x15 0x00000000800120c2 mem 0x0000000080031f50
core   0: 0x000000008000ff26 (0x00178713) addi    a4, a5, 1
core   0: 3 0x000000008000ff26 (0x00178713) x14 0x00000000800120c3
core   0: 0x000000008000ff2a (0xfee43023) sd      a4, -32(s0)
core   0: 3 0x000000008000ff2a (0xfee43023) mem 0x0000000080031f50 0x00000000800120c3
core   0: 0x000000008000ff2e (0xfc442703) lw      a4, -60(s0)
core   0: 3 0x000000008000ff2e (0xfc442703) x14 0x0000000000000000 mem 0x0000000080031f34
core   0: 0x000000008000ff32 (0x0ff77713) andi    a4, a4, 255
core   0: 3 0x000000008000ff32 (0x0ff77713) x14 0x0000000000000000
core   0: 0x000000008000ff36 (0x00e78023) sb      a4, 0(a5)
core   0: 3 0x000000008000ff36 (0x00e78023) mem 0x00000000800120c2 0x00
core   0: 0x000000008000ff3a (0xfc843703) ld      a4, -56(s0)
core   0: 3 0x000000008000ff3a (0xfc843703) x14 0x0000000080012040 mem 0x0000000080031f38
core   0: 0x000000008000ff3e (0xfb843783) ld      a5, -72(s0)
core   0: 3 0x000000008000ff3e (0xfb843783) x15 0x000000000000009c mem 0x0000000080031f28
core   0: 0x000000008000ff42 (0x000097ba) c.add   a5, a4
core   0: 3 0x000000008000ff42 (0x97ba) x15 0x00000000800120dc
core   0: 0x000000008000ff44 (0xfe043703) ld      a4, -32(s0)
core   0: 3 0x000000008000ff44 (0xfe043703) x14 0x00000000800120c3 mem 0x0000000080031f50
core   0: 0x000000008000ff48 (0xfcf76de3) bltu    a4, a5, pc - 38
core   0: 3 0x000000008000ff48 (0xfcf76de3)
core   0: 0x000000008000ff22 (0xfe043783) ld      a5, -32(s0)
core   0: 3 0x000000008000ff22 (0xfe043783) x15 0x00000000800120c3 mem 0x0000000080031f50
core   0: 0x000000008000ff26 (0x00178713) addi    a4, a5, 1
core   0: 3 0x000000008000ff26 (0x00178713) x14 0x00000000800120c4
core   0: 0x000000008000ff2a (0xfee43023) sd      a4, -32(s0)
core   0: 3 0x000000008000ff2a (0xfee43023) mem 0x0000000080031f50 0x00000000800120c4
core   0: 0x000000008000ff2e (0xfc442703) lw      a4, -60(s0)
core   0: 3 0x000000008000ff2e (0xfc442703) x14 0x0000000000000000 mem 0x0000000080031f34
core   0: 0x000000008000ff32 (0x0ff77713) andi    a4, a4, 255
core   0: 3 0x000000008000ff32 (0x0ff77713) x14 0x0000000000000000
core   0: 0x000000008000ff36 (0x00e78023) sb      a4, 0(a5)
core   0: 3 0x000000008000ff36 (0x00e78023) mem 0x00000000800120c3 0x00
core   0: 0x000000008000ff3a (0xfc843703) ld      a4, -56(s0)
core   0: 3 0x000000008000ff3a (0xfc843703) x14 0x0000000080012040 mem 0x0000000080031f38
core   0: 0x000000008000ff3e (0xfb843783) ld      a5, -72(s0)
core   0: 3 0x000000008000ff3e (0xfb843783) x15 0x000000000000009c mem 0x0000000080031f28
core   0: 0x000000008000ff42 (0x000097ba) c.add   a5, a4
core   0: 3 0x000000008000ff42 (0x97ba) x15 0x00000000800120dc
core   0: 0x000000008000ff44 (0xfe043703) ld      a4, -32(s0)
core   0: 3 0x000000008000ff44 (0xfe043703) x14 0x00000000800120c4 mem 0x0000000080031f50
core   0: 0x000000008000ff48 (0xfcf76de3) bltu    a4, a5, pc - 38
core   0: 3 0x000000008000ff48 (0xfcf76de3)
core   0: 0x000000008000ff22 (0xfe043783) ld      a5, -32(s0)
core   0: 3 0x000000008000ff22 (0xfe043783) x15 0x00000000800120c4 mem 0x0000000080031f50
core   0: 0x000000008000ff26 (0x00178713) addi    a4, a5, 1
core   0: 3 0x000000008000ff26 (0x00178713) x14 0x00000000800120c5
core   0: 0x000000008000ff2a (0xfee43023) sd      a4, -32(s0)
core   0: 3 0x000000008000ff2a (0xfee43023) mem 0x0000000080031f50 0x00000000800120c5
core   0: 0x000000008000ff2e (0xfc442703) lw      a4, -60(s0)
core   0: 3 0x000000008000ff2e (0xfc442703) x14 0x0000000000000000 mem 0x0000000080031f34
core   0: 0x000000008000ff32 (0x0ff77713) andi    a4, a4, 255
core   0: 3 0x000000008000ff32 (0x0ff77713) x14 0x0000000000000000
core   0: 0x000000008000ff36 (0x00e78023) sb      a4, 0(a5)
core   0: 3 0x000000008000ff36 (0x00e78023) mem 0x00000000800120c4 0x00
core   0: 0x000000008000ff3a (0xfc843703) ld      a4, -56(s0)
core   0: 3 0x000000008000ff3a (0xfc843703) x14 0x0000000080012040 mem 0x0000000080031f38
core   0: 0x000000008000ff3e (0xfb843783) ld      a5, -72(s0)
core   0: 3 0x000000008000ff3e (0xfb843783) x15 0x000000000000009c mem 0x0000000080031f28
core   0: 0x000000008000ff42 (0x000097ba) c.add   a5, a4
core   0: 3 0x000000008000ff42 (0x97ba) x15 0x00000000800120dc
core   0: 0x000000008000ff44 (0xfe043703) ld      a4, -32(s0)
core   0: 3 0x000000008000ff44 (0xfe043703) x14 0x00000000800120c5 mem 0x0000000080031f50
core   0: 0x000000008000ff48 (0xfcf76de3) bltu    a4, a5, pc - 38
core   0: 3 0x000000008000ff48 (0xfcf76de3)
core   0: 0x000000008000ff22 (0xfe043783) ld      a5, -32(s0)
core   0: 3 0x000000008000ff22 (0xfe043783) x15 0x00000000800120c5 mem 0x0000000080031f50
core   0: 0x000000008000ff26 (0x00178713) addi    a4, a5, 1
core   0: 3 0x000000008000ff26 (0x00178713) x14 0x00000000800120c6
core   0: 0x000000008000ff2a (0xfee43023) sd      a4, -32(s0)
core   0: 3 0x000000008000ff2a (0xfee43023) mem 0x0000000080031f50 0x00000000800120c6
core   0: 0x000000008000ff2e (0xfc442703) lw      a4, -60(s0)
core   0: 3 0x000000008000ff2e (0xfc442703) x14 0x0000000000000000 mem 0x0000000080031f34
core   0: 0x000000008000ff32 (0x0ff77713) andi    a4, a4, 255
core   0: 3 0x000000008000ff32 (0x0ff77713) x14 0x0000000000000000
core   0: 0x000000008000ff36 (0x00e78023) sb      a4, 0(a5)
core   0: 3 0x000000008000ff36 (0x00e78023) mem 0x00000000800120c5 0x00
core   0: 0x000000008000ff3a (0xfc843703) ld      a4, -56(s0)
core   0: 3 0x000000008000ff3a (0xfc843703) x14 0x0000000080012040 mem 0x0000000080031f38
core   0: 0x000000008000ff3e (0xfb843783) ld      a5, -72(s0)
core   0: 3 0x000000008000ff3e (0xfb843783) x15 0x000000000000009c mem 0x0000000080031f28
core   0: 0x000000008000ff42 (0x000097ba) c.add   a5, a4
core   0: 3 0x000000008000ff42 (0x97ba) x15 0x00000000800120dc
core   0: 0x000000008000ff44 (0xfe043703) ld      a4, -32(s0)
core   0: 3 0x000000008000ff44 (0xfe043703) x14 0x00000000800120c6 mem 0x0000000080031f50
core   0: 0x000000008000ff48 (0xfcf76de3) bltu    a4, a5, pc - 38
core   0: 3 0x000000008000ff48 (0xfcf76de3)
core   0: 0x000000008000ff22 (0xfe043783) ld      a5, -32(s0)
core   0: 3 0x000000008000ff22 (0xfe043783) x15 0x00000000800120c6 mem 0x0000000080031f50
core   0: 0x000000008000ff26 (0x00178713) addi    a4, a5, 1
core   0: 3 0x000000008000ff26 (0x00178713) x14 0x00000000800120c7
core   0: 0x000000008000ff2a (0xfee43023) sd      a4, -32(s0)
core   0: 3 0x000000008000ff2a (0xfee43023) mem 0x0000000080031f50 0x00000000800120c7
core   0: 0x000000008000ff2e (0xfc442703) lw      a4, -60(s0)
core   0: 3 0x000000008000ff2e (0xfc442703) x14 0x0000000000000000 mem 0x0000000080031f34
core   0: 0x000000008000ff32 (0x0ff77713) andi    a4, a4, 255
core   0: 3 0x000000008000ff32 (0x0ff77713) x14 0x0000000000000000
core   0: 0x000000008000ff36 (0x00e78023) sb      a4, 0(a5)
core   0: 3 0x000000008000ff36 (0x00e78023) mem 0x00000000800120c6 0x00
core   0: 0x000000008000ff3a (0xfc843703) ld      a4, -56(s0)
core   0: 3 0x000000008000ff3a (0xfc843703) x14 0x0000000080012040 mem 0x0000000080031f38
core   0: 0x000000008000ff3e (0xfb843783) ld      a5, -72(s0)
core   0: 3 0x000000008000ff3e (0xfb843783) x15 0x000000000000009c mem 0x0000000080031f28
core   0: 0x000000008000ff42 (0x000097ba) c.add   a5, a4
core   0: 3 0x000000008000ff42 (0x97ba) x15 0x00000000800120dc
core   0: 0x000000008000ff44 (0xfe043703) ld      a4, -32(s0)
core   0: 3 0x000000008000ff44 (0xfe043703) x14 0x00000000800120c7 mem 0x0000000080031f50
core   0: 0x000000008000ff48 (0xfcf76de3) bltu    a4, a5, pc - 38
core   0: 3 0x000000008000ff48 (0xfcf76de3)
core   0: 0x000000008000ff22 (0xfe043783) ld      a5, -32(s0)
core   0: 3 0x000000008000ff22 (0xfe043783) x15 0x00000000800120c7 mem 0x0000000080031f50
core   0: 0x000000008000ff26 (0x00178713) addi    a4, a5, 1
core   0: 3 0x000000008000ff26 (0x00178713) x14 0x00000000800120c8
core   0: 0x000000008000ff2a (0xfee43023) sd      a4, -32(s0)
core   0: 3 0x000000008000ff2a (0xfee43023) mem 0x0000000080031f50 0x00000000800120c8
core   0: 0x000000008000ff2e (0xfc442703) lw      a4, -60(s0)
core   0: 3 0x000000008000ff2e (0xfc442703) x14 0x0000000000000000 mem 0x0000000080031f34
core   0: 0x000000008000ff32 (0x0ff77713) andi    a4, a4, 255
core   0: 3 0x000000008000ff32 (0x0ff77713) x14 0x0000000000000000
core   0: 0x000000008000ff36 (0x00e78023) sb      a4, 0(a5)
core   0: 3 0x000000008000ff36 (0x00e78023) mem 0x00000000800120c7 0x00
core   0: 0x000000008000ff3a (0xfc843703) ld      a4, -56(s0)
core   0: 3 0x000000008000ff3a (0xfc843703) x14 0x0000000080012040 mem 0x0000000080031f38
core   0: 0x000000008000ff3e (0xfb843783) ld      a5, -72(s0)
core   0: 3 0x000000008000ff3e (0xfb843783) x15 0x000000000000009c mem 0x0000000080031f28
core   0: 0x000000008000ff42 (0x000097ba) c.add   a5, a4
core   0: 3 0x000000008000ff42 (0x97ba) x15 0x00000000800120dc
core   0: 0x000000008000ff44 (0xfe043703) ld      a4, -32(s0)
core   0: 3 0x000000008000ff44 (0xfe043703) x14 0x00000000800120c8 mem 0x0000000080031f50
core   0: 0x000000008000ff48 (0xfcf76de3) bltu    a4, a5, pc - 38
core   0: 3 0x000000008000ff48 (0xfcf76de3)
core   0: 0x000000008000ff22 (0xfe043783) ld      a5, -32(s0)
core   0: 3 0x000000008000ff22 (0xfe043783) x15 0x00000000800120c8 mem 0x0000000080031f50
core   0: 0x000000008000ff26 (0x00178713) addi    a4, a5, 1
core   0: 3 0x000000008000ff26 (0x00178713) x14 0x00000000800120c9
core   0: 0x000000008000ff2a (0xfee43023) sd      a4, -32(s0)
core   0: 3 0x000000008000ff2a (0xfee43023) mem 0x0000000080031f50 0x00000000800120c9
core   0: 0x000000008000ff2e (0xfc442703) lw      a4, -60(s0)
core   0: 3 0x000000008000ff2e (0xfc442703) x14 0x0000000000000000 mem 0x0000000080031f34
core   0: 0x000000008000ff32 (0x0ff77713) andi    a4, a4, 255
core   0: 3 0x000000008000ff32 (0x0ff77713) x14 0x0000000000000000
core   0: 0x000000008000ff36 (0x00e78023) sb      a4, 0(a5)
core   0: 3 0x000000008000ff36 (0x00e78023) mem 0x00000000800120c8 0x00
core   0: 0x000000008000ff3a (0xfc843703) ld      a4, -56(s0)
core   0: 3 0x000000008000ff3a (0xfc843703) x14 0x0000000080012040 mem 0x0000000080031f38
core   0: 0x000000008000ff3e (0xfb843783) ld      a5, -72(s0)
core   0: 3 0x000000008000ff3e (0xfb843783) x15 0x000000000000009c mem 0x0000000080031f28
core   0: 0x000000008000ff42 (0x000097ba) c.add   a5, a4
core   0: 3 0x000000008000ff42 (0x97ba) x15 0x00000000800120dc
core   0: 0x000000008000ff44 (0xfe043703) ld      a4, -32(s0)
core   0: 3 0x000000008000ff44 (0xfe043703) x14 0x00000000800120c9 mem 0x0000000080031f50
core   0: 0x000000008000ff48 (0xfcf76de3) bltu    a4, a5, pc - 38
core   0: 3 0x000000008000ff48 (0xfcf76de3)
core   0: 0x000000008000ff22 (0xfe043783) ld      a5, -32(s0)
core   0: 3 0x000000008000ff22 (0xfe043783) x15 0x00000000800120c9 mem 0x0000000080031f50
core   0: 0x000000008000ff26 (0x00178713) addi    a4, a5, 1
core   0: 3 0x000000008000ff26 (0x00178713) x14 0x00000000800120ca
core   0: 0x000000008000ff2a (0xfee43023) sd      a4, -32(s0)
core   0: 3 0x000000008000ff2a (0xfee43023) mem 0x0000000080031f50 0x00000000800120ca
core   0: 0x000000008000ff2e (0xfc442703) lw      a4, -60(s0)
core   0: 3 0x000000008000ff2e (0xfc442703) x14 0x0000000000000000 mem 0x0000000080031f34
core   0: 0x000000008000ff32 (0x0ff77713) andi    a4, a4, 255
core   0: 3 0x000000008000ff32 (0x0ff77713) x14 0x0000000000000000
core   0: 0x000000008000ff36 (0x00e78023) sb      a4, 0(a5)
core   0: 3 0x000000008000ff36 (0x00e78023) mem 0x00000000800120c9 0x00
core   0: 0x000000008000ff3a (0xfc843703) ld      a4, -56(s0)
core   0: 3 0x000000008000ff3a (0xfc843703) x14 0x0000000080012040 mem 0x0000000080031f38
core   0: 0x000000008000ff3e (0xfb843783) ld      a5, -72(s0)
core   0: 3 0x000000008000ff3e (0xfb843783) x15 0x000000000000009c mem 0x0000000080031f28
core   0: 0x000000008000ff42 (0x000097ba) c.add   a5, a4
core   0: 3 0x000000008000ff42 (0x97ba) x15 0x00000000800120dc
core   0: 0x000000008000ff44 (0xfe043703) ld      a4, -32(s0)
core   0: 3 0x000000008000ff44 (0xfe043703) x14 0x00000000800120ca mem 0x0000000080031f50
core   0: 0x000000008000ff48 (0xfcf76de3) bltu    a4, a5, pc - 38
core   0: 3 0x000000008000ff48 (0xfcf76de3)
core   0: 0x000000008000ff22 (0xfe043783) ld      a5, -32(s0)
core   0: 3 0x000000008000ff22 (0xfe043783) x15 0x00000000800120ca mem 0x0000000080031f50
core   0: 0x000000008000ff26 (0x00178713) addi    a4, a5, 1
core   0: 3 0x000000008000ff26 (0x00178713) x14 0x00000000800120cb
core   0: 0x000000008000ff2a (0xfee43023) sd      a4, -32(s0)
core   0: 3 0x000000008000ff2a (0xfee43023) mem 0x0000000080031f50 0x00000000800120cb
core   0: 0x000000008000ff2e (0xfc442703) lw      a4, -60(s0)
core   0: 3 0x000000008000ff2e (0xfc442703) x14 0x0000000000000000 mem 0x0000000080031f34
core   0: 0x000000008000ff32 (0x0ff77713) andi    a4, a4, 255
core   0: 3 0x000000008000ff32 (0x0ff77713) x14 0x0000000000000000
core   0: 0x000000008000ff36 (0x00e78023) sb      a4, 0(a5)
core   0: 3 0x000000008000ff36 (0x00e78023) mem 0x00000000800120ca 0x00
core   0: 0x000000008000ff3a (0xfc843703) ld      a4, -56(s0)
core   0: 3 0x000000008000ff3a (0xfc843703) x14 0x0000000080012040 mem 0x0000000080031f38
core   0: 0x000000008000ff3e (0xfb843783) ld      a5, -72(s0)
core   0: 3 0x000000008000ff3e (0xfb843783) x15 0x000000000000009c mem 0x0000000080031f28
core   0: 0x000000008000ff42 (0x000097ba) c.add   a5, a4
core   0: 3 0x000000008000ff42 (0x97ba) x15 0x00000000800120dc
core   0: 0x000000008000ff44 (0xfe043703) ld      a4, -32(s0)
core   0: 3 0x000000008000ff44 (0xfe043703) x14 0x00000000800120cb mem 0x0000000080031f50
core   0: 0x000000008000ff48 (0xfcf76de3) bltu    a4, a5, pc - 38
core   0: 3 0x000000008000ff48 (0xfcf76de3)
core   0: 0x000000008000ff22 (0xfe043783) ld      a5, -32(s0)
core   0: 3 0x000000008000ff22 (0xfe043783) x15 0x00000000800120cb mem 0x0000000080031f50
core   0: 0x000000008000ff26 (0x00178713) addi    a4, a5, 1
core   0: 3 0x000000008000ff26 (0x00178713) x14 0x00000000800120cc
core   0: 0x000000008000ff2a (0xfee43023) sd      a4, -32(s0)
core   0: 3 0x000000008000ff2a (0xfee43023) mem 0x0000000080031f50 0x00000000800120cc
core   0: 0x000000008000ff2e (0xfc442703) lw      a4, -60(s0)
core   0: 3 0x000000008000ff2e (0xfc442703) x14 0x0000000000000000 mem 0x0000000080031f34
core   0: 0x000000008000ff32 (0x0ff77713) andi    a4, a4, 255
core   0: 3 0x000000008000ff32 (0x0ff77713) x14 0x0000000000000000
core   0: 0x000000008000ff36 (0x00e78023) sb      a4, 0(a5)
core   0: 3 0x000000008000ff36 (0x00e78023) mem 0x00000000800120cb 0x00
core   0: 0x000000008000ff3a (0xfc843703) ld      a4, -56(s0)
core   0: 3 0x000000008000ff3a (0xfc843703) x14 0x0000000080012040 mem 0x0000000080031f38
core   0: 0x000000008000ff3e (0xfb843783) ld      a5, -72(s0)
core   0: 3 0x000000008000ff3e (0xfb843783) x15 0x000000000000009c mem 0x0000000080031f28
core   0: 0x000000008000ff42 (0x000097ba) c.add   a5, a4
core   0: 3 0x000000008000ff42 (0x97ba) x15 0x00000000800120dc
core   0: 0x000000008000ff44 (0xfe043703) ld      a4, -32(s0)
core   0: 3 0x000000008000ff44 (0xfe043703) x14 0x00000000800120cc mem 0x0000000080031f50
core   0: 0x000000008000ff48 (0xfcf76de3) bltu    a4, a5, pc - 38
core   0: 3 0x000000008000ff48 (0xfcf76de3)
core   0: 0x000000008000ff22 (0xfe043783) ld      a5, -32(s0)
core   0: 3 0x000000008000ff22 (0xfe043783) x15 0x00000000800120cc mem 0x0000000080031f50
core   0: 0x000000008000ff26 (0x00178713) addi    a4, a5, 1
core   0: 3 0x000000008000ff26 (0x00178713) x14 0x00000000800120cd
core   0: 0x000000008000ff2a (0xfee43023) sd      a4, -32(s0)
core   0: 3 0x000000008000ff2a (0xfee43023) mem 0x0000000080031f50 0x00000000800120cd
core   0: 0x000000008000ff2e (0xfc442703) lw      a4, -60(s0)
core   0: 3 0x000000008000ff2e (0xfc442703) x14 0x0000000000000000 mem 0x0000000080031f34
core   0: 0x000000008000ff32 (0x0ff77713) andi    a4, a4, 255
core   0: 3 0x000000008000ff32 (0x0ff77713) x14 0x0000000000000000
core   0: 0x000000008000ff36 (0x00e78023) sb      a4, 0(a5)
core   0: 3 0x000000008000ff36 (0x00e78023) mem 0x00000000800120cc 0x00
core   0: 0x000000008000ff3a (0xfc843703) ld      a4, -56(s0)
core   0: 3 0x000000008000ff3a (0xfc843703) x14 0x0000000080012040 mem 0x0000000080031f38
core   0: 0x000000008000ff3e (0xfb843783) ld      a5, -72(s0)
core   0: 3 0x000000008000ff3e (0xfb843783) x15 0x000000000000009c mem 0x0000000080031f28
core   0: 0x000000008000ff42 (0x000097ba) c.add   a5, a4
core   0: 3 0x000000008000ff42 (0x97ba) x15 0x00000000800120dc
core   0: 0x000000008000ff44 (0xfe043703) ld      a4, -32(s0)
core   0: 3 0x000000008000ff44 (0xfe043703) x14 0x00000000800120cd mem 0x0000000080031f50
core   0: 0x000000008000ff48 (0xfcf76de3) bltu    a4, a5, pc - 38
core   0: 3 0x000000008000ff48 (0xfcf76de3)
core   0: 0x000000008000ff22 (0xfe043783) ld      a5, -32(s0)
core   0: 3 0x000000008000ff22 (0xfe043783) x15 0x00000000800120cd mem 0x0000000080031f50
core   0: 0x000000008000ff26 (0x00178713) addi    a4, a5, 1
core   0: 3 0x000000008000ff26 (0x00178713) x14 0x00000000800120ce
core   0: 0x000000008000ff2a (0xfee43023) sd      a4, -32(s0)
core   0: 3 0x000000008000ff2a (0xfee43023) mem 0x0000000080031f50 0x00000000800120ce
core   0: 0x000000008000ff2e (0xfc442703) lw      a4, -60(s0)
core   0: 3 0x000000008000ff2e (0xfc442703) x14 0x0000000000000000 mem 0x0000000080031f34
core   0: 0x000000008000ff32 (0x0ff77713) andi    a4, a4, 255
core   0: 3 0x000000008000ff32 (0x0ff77713) x14 0x0000000000000000
core   0: 0x000000008000ff36 (0x00e78023) sb      a4, 0(a5)
core   0: 3 0x000000008000ff36 (0x00e78023) mem 0x00000000800120cd 0x00
core   0: 0x000000008000ff3a (0xfc843703) ld      a4, -56(s0)
core   0: 3 0x000000008000ff3a (0xfc843703) x14 0x0000000080012040 mem 0x0000000080031f38
core   0: 0x000000008000ff3e (0xfb843783) ld      a5, -72(s0)
core   0: 3 0x000000008000ff3e (0xfb843783) x15 0x000000000000009c mem 0x0000000080031f28
core   0: 0x000000008000ff42 (0x000097ba) c.add   a5, a4
core   0: 3 0x000000008000ff42 (0x97ba) x15 0x00000000800120dc
core   0: 0x000000008000ff44 (0xfe043703) ld      a4, -32(s0)
core   0: 3 0x000000008000ff44 (0xfe043703) x14 0x00000000800120ce mem 0x0000000080031f50
core   0: 0x000000008000ff48 (0xfcf76de3) bltu    a4, a5, pc - 38
core   0: 3 0x000000008000ff48 (0xfcf76de3)
core   0: 0x000000008000ff22 (0xfe043783) ld      a5, -32(s0)
core   0: 3 0x000000008000ff22 (0xfe043783) x15 0x00000000800120ce mem 0x0000000080031f50
core   0: 0x000000008000ff26 (0x00178713) addi    a4, a5, 1
core   0: 3 0x000000008000ff26 (0x00178713) x14 0x00000000800120cf
core   0: 0x000000008000ff2a (0xfee43023) sd      a4, -32(s0)
core   0: 3 0x000000008000ff2a (0xfee43023) mem 0x0000000080031f50 0x00000000800120cf
core   0: 0x000000008000ff2e (0xfc442703) lw      a4, -60(s0)
core   0: 3 0x000000008000ff2e (0xfc442703) x14 0x0000000000000000 mem 0x0000000080031f34
core   0: 0x000000008000ff32 (0x0ff77713) andi    a4, a4, 255
core   0: 3 0x000000008000ff32 (0x0ff77713) x14 0x0000000000000000
core   0: 0x000000008000ff36 (0x00e78023) sb      a4, 0(a5)
core   0: 3 0x000000008000ff36 (0x00e78023) mem 0x00000000800120ce 0x00
core   0: 0x000000008000ff3a (0xfc843703) ld      a4, -56(s0)
core   0: 3 0x000000008000ff3a (0xfc843703) x14 0x0000000080012040 mem 0x0000000080031f38
core   0: 0x000000008000ff3e (0xfb843783) ld      a5, -72(s0)
core   0: 3 0x000000008000ff3e (0xfb843783) x15 0x000000000000009c mem 0x0000000080031f28
core   0: 0x000000008000ff42 (0x000097ba) c.add   a5, a4
core   0: 3 0x000000008000ff42 (0x97ba) x15 0x00000000800120dc
core   0: 0x000000008000ff44 (0xfe043703) ld      a4, -32(s0)
core   0: 3 0x000000008000ff44 (0xfe043703) x14 0x00000000800120cf mem 0x0000000080031f50
core   0: 0x000000008000ff48 (0xfcf76de3) bltu    a4, a5, pc - 38
core   0: 3 0x000000008000ff48 (0xfcf76de3)
core   0: 0x000000008000ff22 (0xfe043783) ld      a5, -32(s0)
core   0: 3 0x000000008000ff22 (0xfe043783) x15 0x00000000800120cf mem 0x0000000080031f50
core   0: 0x000000008000ff26 (0x00178713) addi    a4, a5, 1
core   0: 3 0x000000008000ff26 (0x00178713) x14 0x00000000800120d0
core   0: 0x000000008000ff2a (0xfee43023) sd      a4, -32(s0)
core   0: 3 0x000000008000ff2a (0xfee43023) mem 0x0000000080031f50 0x00000000800120d0
core   0: 0x000000008000ff2e (0xfc442703) lw      a4, -60(s0)
core   0: 3 0x000000008000ff2e (0xfc442703) x14 0x0000000000000000 mem 0x0000000080031f34
core   0: 0x000000008000ff32 (0x0ff77713) andi    a4, a4, 255
core   0: 3 0x000000008000ff32 (0x0ff77713) x14 0x0000000000000000
core   0: 0x000000008000ff36 (0x00e78023) sb      a4, 0(a5)
core   0: 3 0x000000008000ff36 (0x00e78023) mem 0x00000000800120cf 0x00
core   0: 0x000000008000ff3a (0xfc843703) ld      a4, -56(s0)
core   0: 3 0x000000008000ff3a (0xfc843703) x14 0x0000000080012040 mem 0x0000000080031f38
core   0: 0x000000008000ff3e (0xfb843783) ld      a5, -72(s0)
core   0: 3 0x000000008000ff3e (0xfb843783) x15 0x000000000000009c mem 0x0000000080031f28
core   0: 0x000000008000ff42 (0x000097ba) c.add   a5, a4
core   0: 3 0x000000008000ff42 (0x97ba) x15 0x00000000800120dc
core   0: 0x000000008000ff44 (0xfe043703) ld      a4, -32(s0)
core   0: 3 0x000000008000ff44 (0xfe043703) x14 0x00000000800120d0 mem 0x0000000080031f50
core   0: 0x000000008000ff48 (0xfcf76de3) bltu    a4, a5, pc - 38
core   0: 3 0x000000008000ff48 (0xfcf76de3)
core   0: 0x000000008000ff22 (0xfe043783) ld      a5, -32(s0)
core   0: 3 0x000000008000ff22 (0xfe043783) x15 0x00000000800120d0 mem 0x0000000080031f50
core   0: 0x000000008000ff26 (0x00178713) addi    a4, a5, 1
core   0: 3 0x000000008000ff26 (0x00178713) x14 0x00000000800120d1
core   0: 0x000000008000ff2a (0xfee43023) sd      a4, -32(s0)
core   0: 3 0x000000008000ff2a (0xfee43023) mem 0x0000000080031f50 0x00000000800120d1
core   0: 0x000000008000ff2e (0xfc442703) lw      a4, -60(s0)
core   0: 3 0x000000008000ff2e (0xfc442703) x14 0x0000000000000000 mem 0x0000000080031f34
core   0: 0x000000008000ff32 (0x0ff77713) andi    a4, a4, 255
core   0: 3 0x000000008000ff32 (0x0ff77713) x14 0x0000000000000000
core   0: 0x000000008000ff36 (0x00e78023) sb      a4, 0(a5)
core   0: 3 0x000000008000ff36 (0x00e78023) mem 0x00000000800120d0 0x00
core   0: 0x000000008000ff3a (0xfc843703) ld      a4, -56(s0)
core   0: 3 0x000000008000ff3a (0xfc843703) x14 0x0000000080012040 mem 0x0000000080031f38
core   0: 0x000000008000ff3e (0xfb843783) ld      a5, -72(s0)
core   0: 3 0x000000008000ff3e (0xfb843783) x15 0x000000000000009c mem 0x0000000080031f28
core   0: 0x000000008000ff42 (0x000097ba) c.add   a5, a4
core   0: 3 0x000000008000ff42 (0x97ba) x15 0x00000000800120dc
core   0: 0x000000008000ff44 (0xfe043703) ld      a4, -32(s0)
core   0: 3 0x000000008000ff44 (0xfe043703) x14 0x00000000800120d1 mem 0x0000000080031f50
core   0: 0x000000008000ff48 (0xfcf76de3) bltu    a4, a5, pc - 38
core   0: 3 0x000000008000ff48 (0xfcf76de3)
core   0: 0x000000008000ff22 (0xfe043783) ld      a5, -32(s0)
core   0: 3 0x000000008000ff22 (0xfe043783) x15 0x00000000800120d1 mem 0x0000000080031f50
core   0: 0x000000008000ff26 (0x00178713) addi    a4, a5, 1
core   0: 3 0x000000008000ff26 (0x00178713) x14 0x00000000800120d2
core   0: 0x000000008000ff2a (0xfee43023) sd      a4, -32(s0)
core   0: 3 0x000000008000ff2a (0xfee43023) mem 0x0000000080031f50 0x00000000800120d2
core   0: 0x000000008000ff2e (0xfc442703) lw      a4, -60(s0)
core   0: 3 0x000000008000ff2e (0xfc442703) x14 0x0000000000000000 mem 0x0000000080031f34
core   0: 0x000000008000ff32 (0x0ff77713) andi    a4, a4, 255
core   0: 3 0x000000008000ff32 (0x0ff77713) x14 0x0000000000000000
core   0: 0x000000008000ff36 (0x00e78023) sb      a4, 0(a5)
core   0: 3 0x000000008000ff36 (0x00e78023) mem 0x00000000800120d1 0x00
core   0: 0x000000008000ff3a (0xfc843703) ld      a4, -56(s0)
core   0: 3 0x000000008000ff3a (0xfc843703) x14 0x0000000080012040 mem 0x0000000080031f38
core   0: 0x000000008000ff3e (0xfb843783) ld      a5, -72(s0)
core   0: 3 0x000000008000ff3e (0xfb843783) x15 0x000000000000009c mem 0x0000000080031f28
core   0: 0x000000008000ff42 (0x000097ba) c.add   a5, a4
core   0: 3 0x000000008000ff42 (0x97ba) x15 0x00000000800120dc
core   0: 0x000000008000ff44 (0xfe043703) ld      a4, -32(s0)
core   0: 3 0x000000008000ff44 (0xfe043703) x14 0x00000000800120d2 mem 0x0000000080031f50
core   0: 0x000000008000ff48 (0xfcf76de3) bltu    a4, a5, pc - 38
core   0: 3 0x000000008000ff48 (0xfcf76de3)
core   0: 0x000000008000ff22 (0xfe043783) ld      a5, -32(s0)
core   0: 3 0x000000008000ff22 (0xfe043783) x15 0x00000000800120d2 mem 0x0000000080031f50
core   0: 0x000000008000ff26 (0x00178713) addi    a4, a5, 1
core   0: 3 0x000000008000ff26 (0x00178713) x14 0x00000000800120d3
core   0: 0x000000008000ff2a (0xfee43023) sd      a4, -32(s0)
core   0: 3 0x000000008000ff2a (0xfee43023) mem 0x0000000080031f50 0x00000000800120d3
core   0: 0x000000008000ff2e (0xfc442703) lw      a4, -60(s0)
core   0: 3 0x000000008000ff2e (0xfc442703) x14 0x0000000000000000 mem 0x0000000080031f34
core   0: 0x000000008000ff32 (0x0ff77713) andi    a4, a4, 255
core   0: 3 0x000000008000ff32 (0x0ff77713) x14 0x0000000000000000
core   0: 0x000000008000ff36 (0x00e78023) sb      a4, 0(a5)
core   0: 3 0x000000008000ff36 (0x00e78023) mem 0x00000000800120d2 0x00
core   0: 0x000000008000ff3a (0xfc843703) ld      a4, -56(s0)
core   0: 3 0x000000008000ff3a (0xfc843703) x14 0x0000000080012040 mem 0x0000000080031f38
core   0: 0x000000008000ff3e (0xfb843783) ld      a5, -72(s0)
core   0: 3 0x000000008000ff3e (0xfb843783) x15 0x000000000000009c mem 0x0000000080031f28
core   0: 0x000000008000ff42 (0x000097ba) c.add   a5, a4
core   0: 3 0x000000008000ff42 (0x97ba) x15 0x00000000800120dc
core   0: 0x000000008000ff44 (0xfe043703) ld      a4, -32(s0)
core   0: 3 0x000000008000ff44 (0xfe043703) x14 0x00000000800120d3 mem 0x0000000080031f50
core   0: 0x000000008000ff48 (0xfcf76de3) bltu    a4, a5, pc - 38
core   0: 3 0x000000008000ff48 (0xfcf76de3)
core   0: 0x000000008000ff22 (0xfe043783) ld      a5, -32(s0)
core   0: 3 0x000000008000ff22 (0xfe043783) x15 0x00000000800120d3 mem 0x0000000080031f50
core   0: 0x000000008000ff26 (0x00178713) addi    a4, a5, 1
core   0: 3 0x000000008000ff26 (0x00178713) x14 0x00000000800120d4
core   0: 0x000000008000ff2a (0xfee43023) sd      a4, -32(s0)
core   0: 3 0x000000008000ff2a (0xfee43023) mem 0x0000000080031f50 0x00000000800120d4
core   0: 0x000000008000ff2e (0xfc442703) lw      a4, -60(s0)
core   0: 3 0x000000008000ff2e (0xfc442703) x14 0x0000000000000000 mem 0x0000000080031f34
core   0: 0x000000008000ff32 (0x0ff77713) andi    a4, a4, 255
core   0: 3 0x000000008000ff32 (0x0ff77713) x14 0x0000000000000000
core   0: 0x000000008000ff36 (0x00e78023) sb      a4, 0(a5)
core   0: 3 0x000000008000ff36 (0x00e78023) mem 0x00000000800120d3 0x00
core   0: 0x000000008000ff3a (0xfc843703) ld      a4, -56(s0)
core   0: 3 0x000000008000ff3a (0xfc843703) x14 0x0000000080012040 mem 0x0000000080031f38
core   0: 0x000000008000ff3e (0xfb843783) ld      a5, -72(s0)
core   0: 3 0x000000008000ff3e (0xfb843783) x15 0x000000000000009c mem 0x0000000080031f28
core   0: 0x000000008000ff42 (0x000097ba) c.add   a5, a4
core   0: 3 0x000000008000ff42 (0x97ba) x15 0x00000000800120dc
core   0: 0x000000008000ff44 (0xfe043703) ld      a4, -32(s0)
core   0: 3 0x000000008000ff44 (0xfe043703) x14 0x00000000800120d4 mem 0x0000000080031f50
core   0: 0x000000008000ff48 (0xfcf76de3) bltu    a4, a5, pc - 38
core   0: 3 0x000000008000ff48 (0xfcf76de3)
core   0: 0x000000008000ff22 (0xfe043783) ld      a5, -32(s0)
core   0: 3 0x000000008000ff22 (0xfe043783) x15 0x00000000800120d4 mem 0x0000000080031f50
core   0: 0x000000008000ff26 (0x00178713) addi    a4, a5, 1
core   0: 3 0x000000008000ff26 (0x00178713) x14 0x00000000800120d5
core   0: 0x000000008000ff2a (0xfee43023) sd      a4, -32(s0)
core   0: 3 0x000000008000ff2a (0xfee43023) mem 0x0000000080031f50 0x00000000800120d5
core   0: 0x000000008000ff2e (0xfc442703) lw      a4, -60(s0)
core   0: 3 0x000000008000ff2e (0xfc442703) x14 0x0000000000000000 mem 0x0000000080031f34
core   0: 0x000000008000ff32 (0x0ff77713) andi    a4, a4, 255
core   0: 3 0x000000008000ff32 (0x0ff77713) x14 0x0000000000000000
core   0: 0x000000008000ff36 (0x00e78023) sb      a4, 0(a5)
core   0: 3 0x000000008000ff36 (0x00e78023) mem 0x00000000800120d4 0x00
core   0: 0x000000008000ff3a (0xfc843703) ld      a4, -56(s0)
core   0: 3 0x000000008000ff3a (0xfc843703) x14 0x0000000080012040 mem 0x0000000080031f38
core   0: 0x000000008000ff3e (0xfb843783) ld      a5, -72(s0)
core   0: 3 0x000000008000ff3e (0xfb843783) x15 0x000000000000009c mem 0x0000000080031f28
core   0: 0x000000008000ff42 (0x000097ba) c.add   a5, a4
core   0: 3 0x000000008000ff42 (0x97ba) x15 0x00000000800120dc
core   0: 0x000000008000ff44 (0xfe043703) ld      a4, -32(s0)
core   0: 3 0x000000008000ff44 (0xfe043703) x14 0x00000000800120d5 mem 0x0000000080031f50
core   0: 0x000000008000ff48 (0xfcf76de3) bltu    a4, a5, pc - 38
core   0: 3 0x000000008000ff48 (0xfcf76de3)
core   0: 0x000000008000ff22 (0xfe043783) ld      a5, -32(s0)
core   0: 3 0x000000008000ff22 (0xfe043783) x15 0x00000000800120d5 mem 0x0000000080031f50
core   0: 0x000000008000ff26 (0x00178713) addi    a4, a5, 1
core   0: 3 0x000000008000ff26 (0x00178713) x14 0x00000000800120d6
core   0: 0x000000008000ff2a (0xfee43023) sd      a4, -32(s0)
core   0: 3 0x000000008000ff2a (0xfee43023) mem 0x0000000080031f50 0x00000000800120d6
core   0: 0x000000008000ff2e (0xfc442703) lw      a4, -60(s0)
core   0: 3 0x000000008000ff2e (0xfc442703) x14 0x0000000000000000 mem 0x0000000080031f34
core   0: 0x000000008000ff32 (0x0ff77713) andi    a4, a4, 255
core   0: 3 0x000000008000ff32 (0x0ff77713) x14 0x0000000000000000
core   0: 0x000000008000ff36 (0x00e78023) sb      a4, 0(a5)
core   0: 3 0x000000008000ff36 (0x00e78023) mem 0x00000000800120d5 0x00
core   0: 0x000000008000ff3a (0xfc843703) ld      a4, -56(s0)
core   0: 3 0x000000008000ff3a (0xfc843703) x14 0x0000000080012040 mem 0x0000000080031f38
core   0: 0x000000008000ff3e (0xfb843783) ld      a5, -72(s0)
core   0: 3 0x000000008000ff3e (0xfb843783) x15 0x000000000000009c mem 0x0000000080031f28
core   0: 0x000000008000ff42 (0x000097ba) c.add   a5, a4
core   0: 3 0x000000008000ff42 (0x97ba) x15 0x00000000800120dc
core   0: 0x000000008000ff44 (0xfe043703) ld      a4, -32(s0)
core   0: 3 0x000000008000ff44 (0xfe043703) x14 0x00000000800120d6 mem 0x0000000080031f50
core   0: 0x000000008000ff48 (0xfcf76de3) bltu    a4, a5, pc - 38
core   0: 3 0x000000008000ff48 (0xfcf76de3)
core   0: 0x000000008000ff22 (0xfe043783) ld      a5, -32(s0)
core   0: 3 0x000000008000ff22 (0xfe043783) x15 0x00000000800120d6 mem 0x0000000080031f50
core   0: 0x000000008000ff26 (0x00178713) addi    a4, a5, 1
core   0: 3 0x000000008000ff26 (0x00178713) x14 0x00000000800120d7
core   0: 0x000000008000ff2a (0xfee43023) sd      a4, -32(s0)
core   0: 3 0x000000008000ff2a (0xfee43023) mem 0x0000000080031f50 0x00000000800120d7
core   0: 0x000000008000ff2e (0xfc442703) lw      a4, -60(s0)
core   0: 3 0x000000008000ff2e (0xfc442703) x14 0x0000000000000000 mem 0x0000000080031f34
core   0: 0x000000008000ff32 (0x0ff77713) andi    a4, a4, 255
core   0: 3 0x000000008000ff32 (0x0ff77713) x14 0x0000000000000000
core   0: 0x000000008000ff36 (0x00e78023) sb      a4, 0(a5)
core   0: 3 0x000000008000ff36 (0x00e78023) mem 0x00000000800120d6 0x00
core   0: 0x000000008000ff3a (0xfc843703) ld      a4, -56(s0)
core   0: 3 0x000000008000ff3a (0xfc843703) x14 0x0000000080012040 mem 0x0000000080031f38
core   0: 0x000000008000ff3e (0xfb843783) ld      a5, -72(s0)
core   0: 3 0x000000008000ff3e (0xfb843783) x15 0x000000000000009c mem 0x0000000080031f28
core   0: 0x000000008000ff42 (0x000097ba) c.add   a5, a4
core   0: 3 0x000000008000ff42 (0x97ba) x15 0x00000000800120dc
core   0: 0x000000008000ff44 (0xfe043703) ld      a4, -32(s0)
core   0: 3 0x000000008000ff44 (0xfe043703) x14 0x00000000800120d7 mem 0x0000000080031f50
core   0: 0x000000008000ff48 (0xfcf76de3) bltu    a4, a5, pc - 38
core   0: 3 0x000000008000ff48 (0xfcf76de3)
core   0: 0x000000008000ff22 (0xfe043783) ld      a5, -32(s0)
core   0: 3 0x000000008000ff22 (0xfe043783) x15 0x00000000800120d7 mem 0x0000000080031f50
core   0: 0x000000008000ff26 (0x00178713) addi    a4, a5, 1
core   0: 3 0x000000008000ff26 (0x00178713) x14 0x00000000800120d8
core   0: 0x000000008000ff2a (0xfee43023) sd      a4, -32(s0)
core   0: 3 0x000000008000ff2a (0xfee43023) mem 0x0000000080031f50 0x00000000800120d8
core   0: 0x000000008000ff2e (0xfc442703) lw      a4, -60(s0)
core   0: 3 0x000000008000ff2e (0xfc442703) x14 0x0000000000000000 mem 0x0000000080031f34
core   0: 0x000000008000ff32 (0x0ff77713) andi    a4, a4, 255
core   0: 3 0x000000008000ff32 (0x0ff77713) x14 0x0000000000000000
core   0: 0x000000008000ff36 (0x00e78023) sb      a4, 0(a5)
core   0: 3 0x000000008000ff36 (0x00e78023) mem 0x00000000800120d7 0x00
core   0: 0x000000008000ff3a (0xfc843703) ld      a4, -56(s0)
core   0: 3 0x000000008000ff3a (0xfc843703) x14 0x0000000080012040 mem 0x0000000080031f38
core   0: 0x000000008000ff3e (0xfb843783) ld      a5, -72(s0)
core   0: 3 0x000000008000ff3e (0xfb843783) x15 0x000000000000009c mem 0x0000000080031f28
core   0: 0x000000008000ff42 (0x000097ba) c.add   a5, a4
core   0: 3 0x000000008000ff42 (0x97ba) x15 0x00000000800120dc
core   0: 0x000000008000ff44 (0xfe043703) ld      a4, -32(s0)
core   0: 3 0x000000008000ff44 (0xfe043703) x14 0x00000000800120d8 mem 0x0000000080031f50
core   0: 0x000000008000ff48 (0xfcf76de3) bltu    a4, a5, pc - 38
core   0: 3 0x000000008000ff48 (0xfcf76de3)
core   0: 0x000000008000ff22 (0xfe043783) ld      a5, -32(s0)
core   0: 3 0x000000008000ff22 (0xfe043783) x15 0x00000000800120d8 mem 0x0000000080031f50
core   0: 0x000000008000ff26 (0x00178713) addi    a4, a5, 1
core   0: 3 0x000000008000ff26 (0x00178713) x14 0x00000000800120d9
core   0: 0x000000008000ff2a (0xfee43023) sd      a4, -32(s0)
core   0: 3 0x000000008000ff2a (0xfee43023) mem 0x0000000080031f50 0x00000000800120d9
core   0: 0x000000008000ff2e (0xfc442703) lw      a4, -60(s0)
core   0: 3 0x000000008000ff2e (0xfc442703) x14 0x0000000000000000 mem 0x0000000080031f34
core   0: 0x000000008000ff32 (0x0ff77713) andi    a4, a4, 255
core   0: 3 0x000000008000ff32 (0x0ff77713) x14 0x0000000000000000
core   0: 0x000000008000ff36 (0x00e78023) sb      a4, 0(a5)
core   0: 3 0x000000008000ff36 (0x00e78023) mem 0x00000000800120d8 0x00
core   0: 0x000000008000ff3a (0xfc843703) ld      a4, -56(s0)
core   0: 3 0x000000008000ff3a (0xfc843703) x14 0x0000000080012040 mem 0x0000000080031f38
core   0: 0x000000008000ff3e (0xfb843783) ld      a5, -72(s0)
core   0: 3 0x000000008000ff3e (0xfb843783) x15 0x000000000000009c mem 0x0000000080031f28
core   0: 0x000000008000ff42 (0x000097ba) c.add   a5, a4
core   0: 3 0x000000008000ff42 (0x97ba) x15 0x00000000800120dc
core   0: 0x000000008000ff44 (0xfe043703) ld      a4, -32(s0)
core   0: 3 0x000000008000ff44 (0xfe043703) x14 0x00000000800120d9 mem 0x0000000080031f50
core   0: 0x000000008000ff48 (0xfcf76de3) bltu    a4, a5, pc - 38
core   0: 3 0x000000008000ff48 (0xfcf76de3)
core   0: 0x000000008000ff22 (0xfe043783) ld      a5, -32(s0)
core   0: 3 0x000000008000ff22 (0xfe043783) x15 0x00000000800120d9 mem 0x0000000080031f50
core   0: 0x000000008000ff26 (0x00178713) addi    a4, a5, 1
core   0: 3 0x000000008000ff26 (0x00178713) x14 0x00000000800120da
core   0: 0x000000008000ff2a (0xfee43023) sd      a4, -32(s0)
core   0: 3 0x000000008000ff2a (0xfee43023) mem 0x0000000080031f50 0x00000000800120da
core   0: 0x000000008000ff2e (0xfc442703) lw      a4, -60(s0)
core   0: 3 0x000000008000ff2e (0xfc442703) x14 0x0000000000000000 mem 0x0000000080031f34
core   0: 0x000000008000ff32 (0x0ff77713) andi    a4, a4, 255
core   0: 3 0x000000008000ff32 (0x0ff77713) x14 0x0000000000000000
core   0: 0x000000008000ff36 (0x00e78023) sb      a4, 0(a5)
core   0: 3 0x000000008000ff36 (0x00e78023) mem 0x00000000800120d9 0x00
core   0: 0x000000008000ff3a (0xfc843703) ld      a4, -56(s0)
core   0: 3 0x000000008000ff3a (0xfc843703) x14 0x0000000080012040 mem 0x0000000080031f38
core   0: 0x000000008000ff3e (0xfb843783) ld      a5, -72(s0)
core   0: 3 0x000000008000ff3e (0xfb843783) x15 0x000000000000009c mem 0x0000000080031f28
core   0: 0x000000008000ff42 (0x000097ba) c.add   a5, a4
core   0: 3 0x000000008000ff42 (0x97ba) x15 0x00000000800120dc
core   0: 0x000000008000ff44 (0xfe043703) ld      a4, -32(s0)
core   0: 3 0x000000008000ff44 (0xfe043703) x14 0x00000000800120da mem 0x0000000080031f50
core   0: 0x000000008000ff48 (0xfcf76de3) bltu    a4, a5, pc - 38
core   0: 3 0x000000008000ff48 (0xfcf76de3)
core   0: 0x000000008000ff22 (0xfe043783) ld      a5, -32(s0)
core   0: 3 0x000000008000ff22 (0xfe043783) x15 0x00000000800120da mem 0x0000000080031f50
core   0: 0x000000008000ff26 (0x00178713) addi    a4, a5, 1
core   0: 3 0x000000008000ff26 (0x00178713) x14 0x00000000800120db
core   0: 0x000000008000ff2a (0xfee43023) sd      a4, -32(s0)
core   0: 3 0x000000008000ff2a (0xfee43023) mem 0x0000000080031f50 0x00000000800120db
core   0: 0x000000008000ff2e (0xfc442703) lw      a4, -60(s0)
core   0: 3 0x000000008000ff2e (0xfc442703) x14 0x0000000000000000 mem 0x0000000080031f34
core   0: 0x000000008000ff32 (0x0ff77713) andi    a4, a4, 255
core   0: 3 0x000000008000ff32 (0x0ff77713) x14 0x0000000000000000
core   0: 0x000000008000ff36 (0x00e78023) sb      a4, 0(a5)
core   0: 3 0x000000008000ff36 (0x00e78023) mem 0x00000000800120da 0x00
core   0: 0x000000008000ff3a (0xfc843703) ld      a4, -56(s0)
core   0: 3 0x000000008000ff3a (0xfc843703) x14 0x0000000080012040 mem 0x0000000080031f38
core   0: 0x000000008000ff3e (0xfb843783) ld      a5, -72(s0)
core   0: 3 0x000000008000ff3e (0xfb843783) x15 0x000000000000009c mem 0x0000000080031f28
core   0: 0x000000008000ff42 (0x000097ba) c.add   a5, a4
core   0: 3 0x000000008000ff42 (0x97ba) x15 0x00000000800120dc
core   0: 0x000000008000ff44 (0xfe043703) ld      a4, -32(s0)
core   0: 3 0x000000008000ff44 (0xfe043703) x14 0x00000000800120db mem 0x0000000080031f50
core   0: 0x000000008000ff48 (0xfcf76de3) bltu    a4, a5, pc - 38
core   0: 3 0x000000008000ff48 (0xfcf76de3)
core   0: 0x000000008000ff22 (0xfe043783) ld      a5, -32(s0)
core   0: 3 0x000000008000ff22 (0xfe043783) x15 0x00000000800120db mem 0x0000000080031f50
core   0: 0x000000008000ff26 (0x00178713) addi    a4, a5, 1
core   0: 3 0x000000008000ff26 (0x00178713) x14 0x00000000800120dc
core   0: 0x000000008000ff2a (0xfee43023) sd      a4, -32(s0)
core   0: 3 0x000000008000ff2a (0xfee43023) mem 0x0000000080031f50 0x00000000800120dc
core   0: 0x000000008000ff2e (0xfc442703) lw      a4, -60(s0)
core   0: 3 0x000000008000ff2e (0xfc442703) x14 0x0000000000000000 mem 0x0000000080031f34
core   0: 0x000000008000ff32 (0x0ff77713) andi    a4, a4, 255
core   0: 3 0x000000008000ff32 (0x0ff77713) x14 0x0000000000000000
core   0: 0x000000008000ff36 (0x00e78023) sb      a4, 0(a5)
core   0: 3 0x000000008000ff36 (0x00e78023) mem 0x00000000800120db 0x00
core   0: 0x000000008000ff3a (0xfc843703) ld      a4, -56(s0)
core   0: 3 0x000000008000ff3a (0xfc843703) x14 0x0000000080012040 mem 0x0000000080031f38
core   0: 0x000000008000ff3e (0xfb843783) ld      a5, -72(s0)
core   0: 3 0x000000008000ff3e (0xfb843783) x15 0x000000000000009c mem 0x0000000080031f28
core   0: 0x000000008000ff42 (0x000097ba) c.add   a5, a4
core   0: 3 0x000000008000ff42 (0x97ba) x15 0x00000000800120dc
core   0: 0x000000008000ff44 (0xfe043703) ld      a4, -32(s0)
core   0: 3 0x000000008000ff44 (0xfe043703) x14 0x00000000800120dc mem 0x0000000080031f50
core   0: 0x000000008000ff48 (0xfcf76de3) bltu    a4, a5, pc - 38
core   0: 3 0x000000008000ff48 (0xfcf76de3)
core   0: 0x000000008000ff4c (0xfc843783) ld      a5, -56(s0)
core   0: 3 0x000000008000ff4c (0xfc843783) x15 0x0000000080012040 mem 0x0000000080031f38
core   0: 0x000000008000ff50 (0x0000853e) c.mv    a0, a5
core   0: 3 0x000000008000ff50 (0x853e) x10 0x0000000080012040
core   0: 0x000000008000ff52 (0x00006426) c.ldsp  s0, 72(sp)
core   0: 3 0x000000008000ff52 (0x6426) x8  0x0000000080031f90 mem 0x0000000080031f68
core   0: 0x000000008000ff54 (0x00006161) c.addi16sp sp, 80
core   0: 3 0x000000008000ff54 (0x6161) x2  0x0000000080031f70
core   0: 0x000000008000ff56 (0x00008082) ret
core   0: 3 0x000000008000ff56 (0x8082)
core   0: 0x000000008000f50a (0x00000001) c.nop
core   0: 3 0x000000008000f50a (0x0001)
core   0: 0x000000008000f50c (0x000060e2) c.ldsp  ra, 24(sp)
core   0: 3 0x000000008000f50c (0x60e2) x1  0x000000008000f54a mem 0x0000000080031f88
core   0: 0x000000008000f50e (0x00006442) c.ldsp  s0, 16(sp)
core   0: 3 0x000000008000f50e (0x6442) x8  0x0000000080032040 mem 0x0000000080031f80
core   0: 0x000000008000f510 (0x00006105) c.addi16sp sp, 32
core   0: 3 0x000000008000f510 (0x6105) x2  0x0000000080031f90
core   0: 0x000000008000f512 (0x00008082) ret
core   0: 3 0x000000008000f512 (0x8082)
core   0: 0x000000008000f54a (0xf5842703) lw      a4, -168(s0)
core   0: 3 0x000000008000f54a (0xf5842703) x14 0x0000000000000001 mem 0x0000000080031f98
core   0: 0x000000008000f54e (0xf5c42783) lw      a5, -164(s0)
core   0: 3 0x000000008000f54e (0xf5c42783) x15 0x0000000000000000 mem 0x0000000080031f9c
core   0: 0x000000008000f552 (0x000085ba) c.mv    a1, a4
core   0: 3 0x000000008000f552 (0x85ba) x11 0x0000000000000001
core   0: 0x000000008000f554 (0x0000853e) c.mv    a0, a5
core   0: 3 0x000000008000f554 (0x853e) x10 0x0000000000000000
core   0: 0x000000008000f556 (0xf03ff0ef) jal     pc - 0xfe
core   0: 3 0x000000008000f556 (0xf03ff0ef) x1  0x000000008000f55a
core   0: >>>>  thread_entry
core   0: 0x000000008000f458 (0x00001101) c.addi  sp, -32
core   0: 3 0x000000008000f458 (0x1101) x2  0x0000000080031f70
core   0: 0x000000008000f45a (0x0000ec22) c.sdsp  s0, 24(sp)
core   0: 3 0x000000008000f45a (0xec22) mem 0x0000000080031f88 0x0000000080032040
core   0: 0x000000008000f45c (0x00001000) c.addi4spn s0, sp, 32
core   0: 3 0x000000008000f45c (0x1000) x8  0x0000000080031f90
core   0: 0x000000008000f45e (0x000087aa) c.mv    a5, a0
core   0: 3 0x000000008000f45e (0x87aa) x15 0x0000000000000000
core   0: 0x000000008000f460 (0x0000872e) c.mv    a4, a1
core   0: 3 0x000000008000f460 (0x872e) x14 0x0000000000000001
core   0: 0x000000008000f462 (0xfef42623) sw      a5, -20(s0)
core   0: 3 0x000000008000f462 (0xfef42623) mem 0x0000000080031f7c 0x00000000
core   0: 0x000000008000f466 (0x000087ba) c.mv    a5, a4
core   0: 3 0x000000008000f466 (0x87ba) x15 0x0000000000000001
core   0: 0x000000008000f468 (0xfef42423) sw      a5, -24(s0)
core   0: 3 0x000000008000f468 (0xfef42423) mem 0x0000000080031f78 0x00000001
core   0: 0x000000008000f46c (0x00000001) c.nop
core   0: 3 0x000000008000f46c (0x0001)
core   0: 0x000000008000f46e (0xfec42783) lw      a5, -20(s0)
core   0: 3 0x000000008000f46e (0xfec42783) x15 0x0000000000000000 mem 0x0000000080031f7c
core   0: 0x000000008000f472 (0x00002781) c.addiw a5, 0
core   0: 3 0x000000008000f472 (0x2781) x15 0x0000000000000000
core   0: 0x000000008000f474 (0x0000ffed) c.bnez  a5, pc - 6
core   0: 3 0x000000008000f474 (0xffed)
core   0: 0x000000008000f476 (0x00000001) c.nop
core   0: 3 0x000000008000f476 (0x0001)
core   0: 0x000000008000f478 (0x00000001) c.nop
core   0: 3 0x000000008000f478 (0x0001)
core   0: 0x000000008000f47a (0x00006462) c.ldsp  s0, 24(sp)
core   0: 3 0x000000008000f47a (0x6462) x8  0x0000000080032040 mem 0x0000000080031f88
core   0: 0x000000008000f47c (0x00006105) c.addi16sp sp, 32
core   0: 3 0x000000008000f47c (0x6105) x2  0x0000000080031f90
core   0: 0x000000008000f47e (0x00008082) ret
core   0: 3 0x000000008000f47e (0x8082)
core   0: 0x000000008000f55a (0x00004581) c.li    a1, 0
core   0: 3 0x000000008000f55a (0x4581) x11 0x0000000000000000
core   0: 0x000000008000f55c (0x00004501) c.li    a0, 0
core   0: 3 0x000000008000f55c (0x4501) x10 0x0000000000000000
core   0: 0x000000008000f55e (0xaa3f20ef) jal     pc - 0xd55e
core   0: 3 0x000000008000f55e (0xaa3f20ef) x1  0x000000008000f562
core   0: >>>>  main
core   0: 0x0000000080002000 (0x00000001) c.nop
core   0: 3 0x0000000080002000 (0x0001)
core   0: >>>>  trap_vec_init
core   0: 0x0000000080002002 (0x00002797) auipc   a5, 0x2
core   0: 3 0x0000000080002002 (0x00002797) x15 0x0000000080004002
core   0: 0x0000000080002006 (0xffe78793) addi    a5, a5, -2
core   0: 3 0x0000000080002006 (0xffe78793) x15 0x0000000080004000
core   0: 0x000000008000200a (0x30579073) csrrw   zero, mtvec, a5
core   0: 3 0x000000008000200a (0x30579073) c773_mtvec 0x0000000080004000
core   0: >>>>  pmp_setup
core   0: 0x000000008000200e (0x00002c17) auipc   s8, 0x2
core   0: 3 0x000000008000200e (0x00002c17) x24 0x000000008000400e
core   0: 0x0000000080002012 (0x022c0c13) addi    s8, s8, 34
core   0: 3 0x0000000080002012 (0x022c0c13) x24 0x0000000080004030
core   0: 0x0000000080002016 (0x00004781) c.li    a5, 0
core   0: 3 0x0000000080002016 (0x4781) x15 0x0000000000000000
core   0: 0x0000000080002018 (0x00009c3e) c.add   s8, a5
core   0: 3 0x0000000080002018 (0x9c3e) x24 0x0000000080004030
core   0: 0x000000008000201a (0x3b0c1073) csrrw   zero, pmpaddr0, s8
core   0: 3 0x000000008000201a (0x3b0c1073) c944_pmpaddr0 0x0000000080004030
core   0: 0x000000008000201e (0x00004c3d) c.li    s8, 15
core   0: 3 0x000000008000201e (0x4c3d) x24 0x000000000000000f
core   0: 0x0000000080002020 (0x3a0c1073) csrrw   zero, pmpcfg0, s8
core   0: 3 0x0000000080002020 (0x3a0c1073) c928_pmpcfg0 0x000000000000000f
core   0: 0x0000000080002024 (0x12000073) sfence.vma zero, zero
core   0: 3 0x0000000080002024 (0x12000073)
core   0: >>>>  mepc_setup
core   0: 0x0000000080002028 (0x00002797) auipc   a5, 0x2
core   0: 3 0x0000000080002028 (0x00002797) x15 0x0000000080004028
core   0: 0x000000008000202c (0x00878793) addi    a5, a5, 8
core   0: 3 0x000000008000202c (0x00878793) x15 0x0000000080004030
core   0: 0x0000000080002030 (0x34179073) csrrw   zero, mepc, a5
core   0: 3 0x0000000080002030 (0x34179073) c833_mepc 0x0000000080004030
core   0: >>>>  custom_csr_setup
core   0: 0x0000000080002034 (0x00100f9b) addiw   t6, zero, 1
core   0: 3 0x0000000080002034 (0x00100f9b) x31 0x0000000000000001
core   0: 0x0000000080002038 (0x00000ffe) c.slli  t6, 31
core   0: 3 0x0000000080002038 (0x0ffe) x31 0x0000000080000000
core   0: 0x000000008000203a (0x00000001) c.nop
core   0: 3 0x000000008000203a (0x0001)
core   0: >>>>  init_s_mode
core   0: 0x000000008000203c (0xfff0079b) addiw   a5, zero, -1
core   0: 3 0x000000008000203c (0xfff0079b) x15 0xffffffffffffffff
core   0: 0x0000000080002040 (0x000017fe) c.slli  a5, 63
core   0: 3 0x0000000080002040 (0x17fe) x15 0x8000000000000000
core   0: 0x0000000080002042 (0x18079073) csrrw   zero, satp, a5
core   0: 3 0x0000000080002042 (0x18079073) c384_satp 0x8000000000000000
core   0: 0x0000000080002046 (0x0000f797) auipc   a5, 0xf
core   0: 3 0x0000000080002046 (0x0000f797) x15 0x0000000080011046
core   0: 0x000000008000204a (0xfba78793) addi    a5, a5, -70
core   0: 3 0x000000008000204a (0xfba78793) x15 0x0000000080011000
core   0: 0x000000008000204e (0x000083b1) c.srli  a5, 12
core   0: 3 0x000000008000204e (0x83b1) x15 0x0000000000080011
core   0: 0x0000000080002050 (0x0010061b) addiw   a2, zero, 1
core   0: 3 0x0000000080002050 (0x0010061b) x12 0x0000000000000001
core   0: 0x0000000080002054 (0x00001632) c.slli  a2, 44
core   0: 3 0x0000000080002054 (0x1632) x12 0x0000100000000000
core   0: 0x0000000080002056 (0x0000167d) c.addi  a2, -1
core   0: 3 0x0000000080002056 (0x167d) x12 0x00000fffffffffff
core   0: 0x0000000080002058 (0x00008ff1) c.and   a5, a2
core   0: 3 0x0000000080002058 (0x8ff1) x15 0x0000000000080011
core   0: 0x000000008000205a (0x1807a073) csrrs   zero, satp, a5
core   0: 3 0x000000008000205a (0x1807a073) c384_satp 0x8000000000080011
core   0: 0x000000008000205e (0x00a005b7) lui     a1, 0xa00
core   0: 3 0x000000008000205e (0x00a005b7) x11 0x0000000000a00000
core   0: 0x0000000080002062 (0x10b5859b) addiw   a1, a1, 267
core   0: 3 0x0000000080002062 (0x10b5859b) x11 0x0000000000a0010b
core   0: 0x0000000080002066 (0x000005b2) c.slli  a1, 12
core   0: 3 0x0000000080002066 (0x05b2) x11 0x0000000a0010b000
core   0: 0x0000000080002068 (0xa0058593) addi    a1, a1, -1536
core   0: 3 0x0000000080002068 (0xa0058593) x11 0x0000000a0010aa00
core   0: 0x000000008000206c (0x30059073) csrrw   zero, mstatus, a1
core   0: 3 0x000000008000206c (0x30059073) c768_mstatus 0x0000000a00102800
core   0: 0x0000000080002070 (0x30459073) csrrw   zero, mie, a1
core   0: 3 0x0000000080002070 (0x30459073) c772_mie 0x0000000000000a00
core   0: 0x0000000080002074 (0x00a005b7) lui     a1, 0xa00
core   0: 3 0x0000000080002074 (0x00a005b7) x11 0x0000000000a00000
core   0: 0x0000000080002078 (0x10b5859b) addiw   a1, a1, 267
core   0: 3 0x0000000080002078 (0x10b5859b) x11 0x0000000000a0010b
core   0: 0x000000008000207c (0x000005b2) c.slli  a1, 12
core   0: 3 0x000000008000207c (0x05b2) x11 0x0000000a0010b000
core   0: 0x000000008000207e (0xa0058593) addi    a1, a1, -1536
core   0: 3 0x000000008000207e (0xa0058593) x11 0x0000000a0010aa00
core   0: 0x0000000080002082 (0x10059073) csrrw   zero, sstatus, a1
core   0: 3 0x0000000080002082 (0x10059073) c768_mstatus 0x0000000a00102800
core   0: 0x0000000080002086 (0x10459073) csrrw   zero, sie, a1
core   0: 3 0x0000000080002086 (0x10459073) c772_mie 0x0000000000000a00
core   0: 0x000000008000208a (0x30200073) mret
core   0: 3 0x000000008000208a (0x30200073) c768_mstatus 0x0000000a00102080
core   0: >>>>  main_g
core   0: 0x0000000080004030 (0x03821a13) slli    s4, tp, 56
core   0: 1 0x0000000080004030 (0x03821a13) x20 0x4000000000000000
core   0: 0x0000000080004034 (0x0114c237) lui     tp, 0x114c
core   0: 1 0x0000000080004034 (0x0114c237) x4  0x000000000114c000
core   0: 0x0000000080004038 (0x5192021b) addiw   tp, tp, 1305
core   0: 1 0x0000000080004038 (0x5192021b) x4  0x000000000114c519
core   0: 0x000000008000403c (0x00000236) c.slli  tp, 13
core   0: 1 0x000000008000403c (0x0236) x4  0x0000002298a32000
core   0: 0x000000008000403e (0xeb320213) addi    tp, tp, -333
core   0: 1 0x000000008000403e (0xeb320213) x4  0x0000002298a31eb3
core   0: 0x0000000080004042 (0x2297a253) fsgnjx.d ft4, fa5, fs1
core   0: 1 0x0000000080004042 (0x2297a253) c768_mstatus 0x8000000a00106080 f4  0x7fffffff00000000
core   0: 0x0000000080004046 (0x01ce44b3) xor     s1, t3, t3
core   0: 1 0x0000000080004046 (0x01ce44b3) x9  0x0000000000000000
core   0: 0x000000008000404a (0xf1406df3) csrrsi  s11, mhartid, 0
core   0: exception trap_illegal_instruction, epc 0x000000008000404a
core   0:           tval 0x00000000f1406df3
core   0: >>>>  $xrv64i2p1_m2p0_a2p1_f2p2_d2p2_zicsr2p0_zifencei2p0_zmmul1p0_zba1p0_zbb1p0_zbc1p0_zbs1p0
core   0: 0x0000000080004000 (0x0080006f) j       pc + 0x8
core   0: 3 0x0000000080004000 (0x0080006f)
core   0: >>>>  mmode_exception_handler
core   0: 0x0000000080004008 (0x00002c17) auipc   s8, 0x2
core   0: 3 0x0000000080004008 (0x00002c17) x24 0x0000000080006008
core   0: 0x000000008000400c (0x030c0c13) addi    s8, s8, 48
core   0: 3 0x000000008000400c (0x030c0c13) x24 0x0000000080006038
core   0: 0x0000000080004010 (0x000c00e7) jalr    s8
core   0: 3 0x0000000080004010 (0x000c00e7) x1  0x0000000080004014
core   0: >>>>  any_handler
core   0: 0x0000000080006038 (0x341027f3) csrrs   a5, mepc, zero
core   0: 3 0x0000000080006038 (0x341027f3) x15 0x000000008000404a
core   0: 0x000000008000603c (0x34202773) csrrs   a4, mcause, zero
core   0: 3 0x000000008000603c (0x34202773) x14 0x0000000000000002
core   0: 0x0000000080006040 (0x142026f3) csrrs   a3, scause, zero
core   0: 3 0x0000000080006040 (0x142026f3) x13 0x0000000000000000
core   0: 0x0000000080006044 (0x30402673) csrrs   a2, mie, zero
core   0: 3 0x0000000080006044 (0x30402673) x12 0x0000000000000a00
core   0: 0x0000000080006048 (0x344025f3) csrrs   a1, mip, zero
core   0: 3 0x0000000080006048 (0x344025f3) x11 0x0000000000000080
core   0: 0x000000008000604c (0x343025f3) csrrs   a1, mtval, zero
core   0: 3 0x000000008000604c (0x343025f3) x11 0x00000000f1406df3
core   0: 0x0000000080006050 (0x14302573) csrrs   a0, stval, zero
core   0: 3 0x0000000080006050 (0x14302573) x10 0x0000000000000000
core   0: 0x0000000080006054 (0xb02024f3) csrrs   s1, minstret, zero
core   0: 3 0x0000000080006054 (0xb02024f3) x9  0x00000000000007d2
core   0: 0x0000000080006058 (0x0000a811) c.j     pc + 20
core   0: 3 0x0000000080006058 (0xa811)
core   0: >>>>  mepc_4
core   0: 0x000000008000606c (0x00000791) c.addi  a5, 4
core   0: 3 0x000000008000606c (0x0791) x15 0x000000008000404e
core   0: 0x000000008000606e (0x34179073) csrrw   zero, mepc, a5
core   0: 3 0x000000008000606e (0x34179073) c833_mepc 0x000000008000404e
core   0: 0x0000000080006072 (0x30200073) mret
core   0: 3 0x0000000080006072 (0x30200073) c768_mstatus 0x8000000a00106080
core   0: 0x000000008000404e (0xc239f053) fcvt.lu.d zero, fs3
core   0: 1 0x000000008000404e (0xc239f053) c1_fflags 0x0000000000000010
core   0: 0x0000000080004052 (0x03022a33) mulhsu  s4, tp, a6
core   0: 1 0x0000000080004052 (0x03022a33) x20 0x0000000000000000
core   0: 0x0000000080004056 (0x419a0533) sub     a0, s4, s9
core   0: 1 0x0000000080004056 (0x419a0533) x10 0x0000000000000000
core   0: 0x000000008000405a (0xffb9f2b7) lui     t0, 0xffb9f
core   0: 1 0x000000008000405a (0xffb9f2b7) x5  0xffffffffffb9f000
core   0: 0x000000008000405e (0x0e32829b) addiw   t0, t0, 227
core   0: 1 0x000000008000405e (0x0e32829b) x5  0xffffffffffb9f0e3
core   0: 0x0000000080004062 (0x000002b6) c.slli  t0, 13
core   0: 1 0x0000000080004062 (0x02b6) x5  0xfffffff73e1c6000
core   0: 0x0000000080004064 (0x96828293) addi    t0, t0, -1688
core   0: 1 0x0000000080004064 (0x96828293) x5  0xfffffff73e1c5968
core   0: 0x0000000080004068 (0xc22571d3) fcvt.l.d gp, fa0
core   0: 1 0x0000000080004068 (0xc22571d3) c1_fflags 0x0000000000000010 x3  0x7fffffffffffffff
core   0: 0x000000008000406c (0x4020dd13) srai    s10, ra, 2
core   0: 1 0x000000008000406c (0x4020dd13) x26 0x0000000020001005
core   0: 0x0000000080004070 (0x03bde8bb) remw    a7, s11, s11
core   0: 1 0x0000000080004070 (0x03bde8bb) x17 0x0000000000000000
core   0: 0x0000000080004074 (0x40205eb3) sra     t4, zero, sp
core   0: 1 0x0000000080004074 (0x40205eb3) x29 0x0000000000000000
core   0: 0x0000000080004078 (0x002024f3) csrrs   s1, frm, zero
core   0: 1 0x0000000080004078 (0x002024f3) x9  0x0000000000000000
core   0: 0x000000008000407c (0xd03bf953) fcvt.s.lu fs2, s7
core   0: 1 0x000000008000407c (0xd03bf953) f18 0xffffffff00000000
core   0: 0x0000000080004080 (0x40de0ab3) sub     s5, t3, a3
core   0: 1 0x0000000080004080 (0x40de0ab3) x21 0x0000000000000000
core   0: 0x0000000080004084 (0x2396a353) fsgnjx.d ft6, fa3, fs9
core   0: 1 0x0000000080004084 (0x2396a353) f6  0x7fffffff00000000
core   0: 0x0000000080004088 (0x00009326) c.add   t1, s1
core   0: 1 0x0000000080004088 (0x9326) x6  0x0000000000000000
core   0: 0x000000008000408a (0x0010f213) andi    tp, ra, 1
core   0: 1 0x000000008000408a (0x0010f213) x4  0x0000000000000000
core   0: 0x000000008000408e (0xfa0a29b7) lui     s3, 0xfa0a2
core   0: 1 0x000000008000408e (0xfa0a29b7) x19 0xfffffffffa0a2000
core   0: 0x0000000080004092 (0x0459899b) addiw   s3, s3, 69
core   0: 1 0x0000000080004092 (0x0459899b) x19 0xfffffffffa0a2045
core   0: 0x0000000080004096 (0x000009b2) c.slli  s3, 12
core   0: 1 0x0000000080004096 (0x09b2) x19 0xffffffa0a2045000
core   0: 0x0000000080004098 (0x06998993) addi    s3, s3, 105
core   0: 1 0x0000000080004098 (0x06998993) x19 0xffffffa0a2045069
core   0: 0x000000008000409c (0xa39b8ed3) fle.d   t4, fs7, fs9
core   0: 1 0x000000008000409c (0xa39b8ed3) c1_fflags 0x0000000000000010 x29 0x0000000000000000
core   0: 0x00000000800040a0 (0x40280bb3) sub     s7, a6, sp
core   0: 1 0x00000000800040a0 (0x40280bb3) x23 0xffffffff7ffce070
core   0: 0x00000000800040a4 (0xcb8cf847) fmsub.d fa6, fs9, fs8, fs9
core   0: 1 0x00000000800040a4 (0xcb8cf847) f16 0x7ff8000000000000
core   0: 0x00000000800040a8 (0x035aa7b3) mulhsu  a5, s5, s5
core   0: 1 0x00000000800040a8 (0x035aa7b3) x15 0x0000000000000000
core   0: 0x00000000800040ac (0x0a4d79d3) fsub.d  fs3, fs10, ft4
core   0: 1 0x00000000800040ac (0x0a4d79d3) f19 0x7ff8000000000000
core   0: 0x00000000800040b0 (0x0b467ed3) fsub.d  ft9, fa2, fs4
core   0: 1 0x00000000800040b0 (0x0b467ed3) f29 0x7ff8000000000000
core   0: 0x00000000800040b4 (0xa35208d3) fle.d   a7, ft4, fs5
core   0: 1 0x00000000800040b4 (0xa35208d3) c1_fflags 0x0000000000000010 x17 0x0000000000000000
core   0: 0x00000000800040b8 (0x33a37dcf) fnmadd.d fs11, ft6, fs10, ft6
core   0: 1 0x00000000800040b8 (0x33a37dcf) f27 0x7ff8000000000000
core   0: 0x00000000800040bc (0x50e59c97) auipc   s9, 0x50e59
core   0: 1 0x00000000800040bc (0x50e59c97) x25 0x00000000d0e5d0bc
core   0: 0x00000000800040c0 (0xdbefff47) fmsub.d ft10, ft11, ft10, fs11
core   0: 1 0x00000000800040c0 (0xdbefff47) f30 0x7ff8000000000000
core   0: 0x00000000800040c4 (0x00009732) c.add   a4, a2
core   0: 1 0x00000000800040c4 (0x9732) x14 0x0000000000000a02
core   0: 0x00000000800040c6 (0x00139573) csrrw   a0, fflags, t2
core   0: 1 0x00000000800040c6 (0x00139573) x10 0x0000000000000010 c1_fflags 0x0000000000000000
core   0: 0x00000000800040ca (0x02a51633) mulh    a2, a0, a0
core   0: 1 0x00000000800040ca (0x02a51633) x12 0x0000000000000000
core   0: 0x00000000800040ce (0x019cd33b) srlw    t1, s9, s9
core   0: 1 0x00000000800040ce (0x019cd33b) x6  0x000000000000000d
core   0: 0x00000000800040d2 (0xa3be2a53) feq.d   s4, ft8, fs11
core   0: 1 0x00000000800040d2 (0xa3be2a53) x20 0x0000000000000000
core   0: 0x00000000800040d6 (0x2a3411d3) fmax.d  ft3, fs0, ft3
core   0: 1 0x00000000800040d6 (0x2a3411d3) f3  0x7ff8000000000000
core   0: 0x00000000800040da (0x000e951b) slliw   a0, t4, 0
core   0: 1 0x00000000800040da (0x000e951b) x10 0x0000000000000000
core   0: 0x00000000800040de (0x0a9cfc17) auipc   s8, 0xa9cf
core   0: 1 0x00000000800040de (0x0a9cfc17) x24 0x000000008a9d30de
core   0: 0x00000000800040e2 (0x03850633) mul     a2, a0, s8
core   0: 1 0x00000000800040e2 (0x03850633) x12 0x0000000000000000
core   0: 0x00000000800040e6 (0x03851db3) mulh    s11, a0, s8
core   0: 1 0x00000000800040e6 (0x03851db3) x27 0x0000000000000000
core   0: 0x00000000800040ea (0x02441993) slli    s3, s0, 36
core   0: 1 0x00000000800040ea (0x02441993) x19 0x0032040000000000
core   0: 0x00000000800040ee (0x022b2933) mulhsu  s2, s6, sp
core   0: 1 0x00000000800040ee (0x022b2933) x18 0x0000000000000000
core   0: 0x00000000800040f2 (0xd2010cd3) fcvt.d.w fs9, sp
core   0: 1 0x00000000800040f2 (0xd2010cd3) f25 0xc1dfff381c000000
core   0: 0x00000000800040f6 (0x41f0d89b) sraiw   a7, ra, 31
core   0: 1 0x00000000800040f6 (0x41f0d89b) x17 0xffffffffffffffff
core   0: 0x00000000800040fa (0x0229553b) divuw   a0, s2, sp
core   0: 1 0x00000000800040fa (0x0229553b) x10 0x0000000000000000
core   0: 0x00000000800040fe (0x4bf97fc3) fmadd.d ft11, fs2, ft11, fs1
core   0: 1 0x00000000800040fe (0x4bf97fc3) f31 0x7ff8000000000000
core   0: 0x0000000080004102 (0x4019f8d3) fcvt.s.d fa7, fs3
core   0: 1 0x0000000080004102 (0x4019f8d3) f17 0xffffffff7fc00000
core   0: 0x0000000080004106 (0x0189d8bb) srlw    a7, s3, s8
core   0: 1 0x0000000080004106 (0x0189d8bb) x17 0x0000000000000000
core   0: 0x000000008000410a (0x0136d33b) srlw    t1, a3, s3
core   0: 1 0x000000008000410a (0x0136d33b) x6  0x0000000000000000
core   0: 0x000000008000410e (0xa31f8653) fle.d   a2, ft11, fa7
core   0: 1 0x000000008000410e (0xa31f8653) c1_fflags 0x0000000000000010 x12 0x0000000000000000
core   0: 0x0000000080004112 (0x0397e73b) remw    a4, a5, s9
core   0: 1 0x0000000080004112 (0x0397e73b) x14 0x0000000000000000
core   0: 0x0000000080004116 (0x037677d3) fadd.d  fa5, fa2, fs7
core   0: 1 0x0000000080004116 (0x037677d3) f15 0x7ff8000000000000
core   0: 0x000000008000411a (0x0358403b) divw    zero, a6, s5
core   0: 1 0x000000008000411a (0x0358403b)
core   0: 0x000000008000411e (0x0148509b) srliw   ra, a6, 20
core   0: 1 0x000000008000411e (0x0148509b) x1  0x0000000000000000
core   0: 0x0000000080004122 (0xba202337) lui     t1, 0xba202
core   0: 1 0x0000000080004122 (0xba202337) x6  0xffffffffba202000
core   0: 0x0000000080004126 (0x002a9abb) sllw    s5, s5, sp
core   0: 1 0x0000000080004126 (0x002a9abb) x21 0x0000000000000000
core   0: 0x000000008000412a (0x01541433) sll     s0, s0, s5
core   0: 1 0x000000008000412a (0x01541433) x8  0x0000000080032040
core   0: 0x000000008000412e (0x221095d3) fsgnjn.d fa1, ft1, ft1
core   0: 1 0x000000008000412e (0x221095d3) f11 0x7fffffff00000000
core   0: 0x0000000080004132 (0xd20a82d3) fcvt.d.w ft5, s5
core   0: 1 0x0000000080004132 (0xd20a82d3) f5  0x0000000000000000
core   0: 0x0000000080004136 (0x2b20f8cf) fnmadd.d fa7, ft1, fs2, ft5
core   0: 1 0x0000000080004136 (0x2b20f8cf) f17 0x7ff8000000000000
core   0: 0x000000008000413a (0x001a1a73) csrrw   s4, fflags, s4
core   0: 1 0x000000008000413a (0x001a1a73) x20 0x0000000000000010 c1_fflags 0x0000000000000000
core   0: 0x000000008000413e (0x00202ef3) csrrs   t4, frm, zero
core   0: 1 0x000000008000413e (0x00202ef3) x29 0x0000000000000000
core   0: 0x0000000080004142 (0xf072829b) addiw   t0, t0, -249
core   0: 1 0x0000000080004142 (0xf072829b) x5  0x000000003e1c586f
core   0: 0x0000000080004146 (0x00102973) csrrs   s2, fflags, zero
core   0: 1 0x0000000080004146 (0x00102973) x18 0x0000000000000000
core   0: 0x000000008000414a (0x03b8c8b3) div     a7, a7, s11
core   0: 1 0x000000008000414a (0x03b8c8b3) x17 0xffffffffffffffff
core   0: 0x000000008000414e (0x963b7813) andi    a6, s6, -1693
core   0: 1 0x000000008000414e (0x963b7813) x16 0x0000000000000000
core   0: 0x0000000080004152 (0x000000b3) add     ra, zero, zero
core   0: 1 0x0000000080004152 (0x000000b3) x1  0x0000000000000000
core   0: 0x0000000080004156 (0x40a750b3) sra     ra, a4, a0
core   0: 1 0x0000000080004156 (0x40a750b3) x1  0x0000000000000000
core   0: 0x000000008000415a (0xc22c7153) fcvt.l.d sp, fs8
core   0: 1 0x000000008000415a (0xc22c7153) c1_fflags 0x0000000000000010 x2  0x7fffffffffffffff
core   0: 0x000000008000415e (0x40f4d9b3) sra     s3, s1, a5
core   0: 1 0x000000008000415e (0x40f4d9b3) x19 0x0000000000000000
core   0: 0x0000000080004162 (0x001290f3) csrrw   ra, fflags, t0
core   0: 1 0x0000000080004162 (0x001290f3) x1  0x0000000000000010 c1_fflags 0x000000000000000f
core   0: 0x0000000080004166 (0x0210edbb) remw    s11, ra, ra
core   0: 1 0x0000000080004166 (0x0210edbb) x27 0x0000000000000000
core   0: 0x000000008000416a (0x0000159b) slliw   a1, zero, 0
core   0: 1 0x000000008000416a (0x0000159b) x11 0x0000000000000000
core   0: 0x000000008000416e (0xc0c27617) auipc   a2, 0xc0c27
core   0: 1 0x000000008000416e (0xc0c27617) x12 0x0000000040c2b16e
core   0: 0x0000000080004172 (0x420e8ed3) fcvt.d.s ft9, ft9
core   0: 1 0x0000000080004172 (0x420e8ed3) f29 0x7ff8000000000000
core   0: 0x0000000080004176 (0xc200fad3) fcvt.w.d s5, ft1
core   0: 1 0x0000000080004176 (0xc200fad3) c1_fflags 0x000000000000001f x21 0x000000007fffffff
core   0: 0x000000008000417a (0xc0207453) fcvt.l.s s0, ft0
core   0: 1 0x000000008000417a (0xc0207453) x8  0x0000000000000000
core   0: 0x000000008000417e (0x2a000053) fmin.d  ft0, ft0, ft0
core   0: 1 0x000000008000417e (0x2a000053) f0  0x7ff8000000000000
core   0: 0x0000000080004182 (0x039849b3) div     s3, a6, s9
core   0: 1 0x0000000080004182 (0x039849b3) x19 0x0000000000000000
core   0: 0x0000000080004186 (0x02517abb) remuw   s5, sp, t0
core   0: 1 0x0000000080004186 (0x02517abb) x21 0x00000000078e9e43
core   0: 0x000000008000418a (0x41c65e33) sra     t3, a2, t3
core   0: 1 0x000000008000418a (0x41c65e33) x28 0x0000000040c2b16e
core   0: 0x000000008000418e (0x11fc0d1b) addiw   s10, s8, 287
core   0: 1 0x000000008000418e (0x11fc0d1b) x26 0xffffffff8a9d31fd
core   0: 0x0000000080004192 (0xd237fc53) fcvt.d.lu fs8, a5
core   0: 1 0x0000000080004192 (0xd237fc53) f24 0x0000000000000000
core   0: 0x0000000080004196 (0x239013d3) fsgnjn.d ft7, ft0, fs9
core   0: 1 0x0000000080004196 (0x239013d3) f7  0x7ff8000000000000
core   0: 0x000000008000419a (0x12bbfbd3) fmul.d  fs7, fs7, fa1
core   0: 1 0x000000008000419a (0x12bbfbd3) f23 0x7ff8000000000000
core   0: 0x000000008000419e (0x2aee0a1b) addiw   s4, t3, 686
core   0: 1 0x000000008000419e (0x2aee0a1b) x20 0x0000000040c2b41c
core   0: 0x00000000800041a2 (0x40be98b7) lui     a7, 0x40be9
core   0: 1 0x00000000800041a2 (0x40be98b7) x17 0x0000000040be9000
core   0: 0x00000000800041a6 (0x2a9d8953) fmin.d  fs2, fs11, fs1
core   0: 1 0x00000000800041a6 (0x2a9d8953) f18 0x7ff8000000000000
core   0: 0x00000000800041aa (0xc03d74d3) fcvt.lu.s s1, fs10
core   0: 1 0x00000000800041aa (0xc03d74d3) x9  0x0000000000000000
core   0: 0x00000000800041ae (0x401f7f53) fcvt.s.d ft10, ft10
core   0: 1 0x00000000800041ae (0x401f7f53) f30 0xffffffff7fc00000
core   0: 0x00000000800041b2 (0x02e4e5bb) remw    a1, s1, a4
core   0: 1 0x00000000800041b2 (0x02e4e5bb) x11 0x0000000000000000
core   0: 0x00000000800041b6 (0x032ad933) divu    s2, s5, s2
core   0: 1 0x00000000800041b6 (0x032ad933) x18 0xffffffffffffffff
core   0: 0x00000000800041ba (0x1b297853) fdiv.d  fa6, fs2, fs2
core   0: 1 0x00000000800041ba (0x1b297853) f16 0x7ff8000000000000
core   0: 0x00000000800041be (0x01525dbb) srlw    s11, tp, s5
core   0: 1 0x00000000800041be (0x01525dbb) x27 0x0000000000000000
core   0: 0x00000000800041c2 (0x00bede93) srli    t4, t4, 11
core   0: 1 0x00000000800041c2 (0x00bede93) x29 0x0000000000000000
core   0: 0x00000000800041c6 (0x747a6093) ori     ra, s4, 1863
core   0: 1 0x00000000800041c6 (0x747a6093) x1  0x0000000040c2b75f
core   0: 0x00000000800041ca (0xbbbc764f) fnmadd.d fa2, fs8, fs11, fs7
core   0: 1 0x00000000800041ca (0xbbbc764f) f12 0x7ff8000000000000
core   0: 0x00000000800041ce (0x03881013) slli    zero, a6, 56
core   0: 1 0x00000000800041ce (0x03881013)
core   0: 0x00000000800041d2 (0x01598dbb) addw    s11, s3, s5
core   0: 1 0x00000000800041d2 (0x01598dbb) x27 0x00000000078e9e43
core   0: 0x00000000800041d6 (0x41b00bbb) subw    s7, zero, s11
core   0: 1 0x00000000800041d6 (0x41b00bbb) x23 0xfffffffff87161bd
core   0: 0x00000000800041da (0x0339deb3) divu    t4, s3, s3
core   0: 1 0x00000000800041da (0x0339deb3) x29 0xffffffffffffffff
core   0: 0x00000000800041de (0x005b16b3) sll     a3, s6, t0
core   0: 1 0x00000000800041de (0x005b16b3) x13 0x0000000000000000
core   0: 0x00000000800041e2 (0x00241273) csrrw   tp, frm, s0
core   0: 1 0x00000000800041e2 (0x00241273) x4  0x0000000000000000 c2_frm 0x0000000000000000
core   0: 0x00000000800041e6 (0x4004541b) sraiw   s0, s0, 0
core   0: 1 0x00000000800041e6 (0x4004541b) x8  0x0000000000000000
core   0: 0x00000000800041ea (0x026f7353) fadd.d  ft6, ft10, ft6
core   0: 1 0x00000000800041ea (0x026f7353) f6  0x7ff8000000000000
core   0: 0x00000000800041ee (0x0366863b) mulw    a2, a3, s6
core   0: 1 0x00000000800041ee (0x0366863b) x12 0x0000000000000000
core   0: 0x00000000800041f2 (0x13bdfdc7) fmsub.d fs11, fs11, fs11, ft2
core   0: 1 0x00000000800041f2 (0x13bdfdc7) f27 0x7ff8000000000000
core   0: 0x00000000800041f6 (0x0c32cc93) xori    s9, t0, 195
core   0: 1 0x00000000800041f6 (0x0c32cc93) x25 0x000000003e1c58ac
core   0: 0x00000000800041fa (0x22230253) fsgnj.d ft4, ft6, ft2
core   0: 1 0x00000000800041fa (0x22230253) f4  0xfff8000000000000
core   0: 0x00000000800041fe (0x410cd0bb) sraw    ra, s9, a6
core   0: 1 0x00000000800041fe (0x410cd0bb) x1  0x000000003e1c58ac
core   0: 0x0000000080004202 (0x02d6a033) mulhsu  zero, a3, a3
core   0: 1 0x0000000080004202 (0x02d6a033)
core   0: 0x0000000080004206 (0xd0207cd3) fcvt.s.l fs9, zero
core   0: 1 0x0000000080004206 (0xd0207cd3) f25 0xffffffff00000000
core   0: 0x000000008000420a (0x4de97a37) lui     s4, 0x4de97
core   0: 1 0x000000008000420a (0x4de97a37) x20 0x000000004de97000
core   0: 0x000000008000420e (0x419edabb) sraw    s5, t4, s9
core   0: 1 0x000000008000420e (0x419edabb) x21 0xffffffffffffffff
core   0: 0x0000000080004212 (0x0391f1b3) remu    gp, gp, s9
core   0: 1 0x0000000080004212 (0x0391f1b3) x3  0x000000003e109f23
core   0: 0x0000000080004216 (0x01b85c93) srli    s9, a6, 27
core   0: 1 0x0000000080004216 (0x01b85c93) x25 0x0000000000000000
core   0: 0x000000008000421a (0x039eaab3) mulhsu  s5, t4, s9
core   0: 1 0x000000008000421a (0x039eaab3) x21 0x0000000000000000
core   0: 0x000000008000421e (0x37668693) addi    a3, a3, 886
core   0: 1 0x000000008000421e (0x37668693) x13 0x0000000000000376
core   0: 0x0000000080004222 (0xc0299473) csrrw   s0, instret, s3
core   0: exception trap_illegal_instruction, epc 0x0000000080004222
core   0:           tval 0x00000000c0299473
core   0: >>>>  $xrv64i2p1_m2p0_a2p1_f2p2_d2p2_zicsr2p0_zifencei2p0_zmmul1p0_zba1p0_zbb1p0_zbc1p0_zbs1p0
core   0: 0x0000000080004000 (0x0080006f) j       pc + 0x8
core   0: 3 0x0000000080004000 (0x0080006f)
core   0: >>>>  mmode_exception_handler
core   0: 0x0000000080004008 (0x00002c17) auipc   s8, 0x2
core   0: 3 0x0000000080004008 (0x00002c17) x24 0x0000000080006008
core   0: 0x000000008000400c (0x030c0c13) addi    s8, s8, 48
core   0: 3 0x000000008000400c (0x030c0c13) x24 0x0000000080006038
core   0: 0x0000000080004010 (0x000c00e7) jalr    s8
core   0: 3 0x0000000080004010 (0x000c00e7) x1  0x0000000080004014
core   0: >>>>  any_handler
core   0: 0x0000000080006038 (0x341027f3) csrrs   a5, mepc, zero
core   0: 3 0x0000000080006038 (0x341027f3) x15 0x0000000080004222
core   0: 0x000000008000603c (0x34202773) csrrs   a4, mcause, zero
core   0: 3 0x000000008000603c (0x34202773) x14 0x0000000000000002
core   0: 0x0000000080006040 (0x142026f3) csrrs   a3, scause, zero
core   0: 3 0x0000000080006040 (0x142026f3) x13 0x0000000000000000
core   0: 0x0000000080006044 (0x30402673) csrrs   a2, mie, zero
core   0: 3 0x0000000080006044 (0x30402673) x12 0x0000000000000a00
core   0: 0x0000000080006048 (0x344025f3) csrrs   a1, mip, zero
core   0: 3 0x0000000080006048 (0x344025f3) x11 0x0000000000000080
core   0: 0x000000008000604c (0x343025f3) csrrs   a1, mtval, zero
core   0: 3 0x000000008000604c (0x343025f3) x11 0x00000000c0299473
core   0: 0x0000000080006050 (0x14302573) csrrs   a0, stval, zero
core   0: 3 0x0000000080006050 (0x14302573) x10 0x0000000000000000
core   0: 0x0000000080006054 (0xb02024f3) csrrs   s1, minstret, zero
core   0: 3 0x0000000080006054 (0xb02024f3) x9  0x0000000000000859
core   0: 0x0000000080006058 (0x0000a811) c.j     pc + 20
core   0: 3 0x0000000080006058 (0xa811)
core   0: >>>>  mepc_4
core   0: 0x000000008000606c (0x00000791) c.addi  a5, 4
core   0: 3 0x000000008000606c (0x0791) x15 0x0000000080004226
core   0: 0x000000008000606e (0x34179073) csrrw   zero, mepc, a5
core   0: 3 0x000000008000606e (0x34179073) c833_mepc 0x0000000080004226
core   0: 0x0000000080006072 (0x30200073) mret
core   0: 3 0x0000000080006072 (0x30200073) c768_mstatus 0x8000000a00106080
core   0: 0x0000000080004226 (0x23fc9553) fsgnjn.d fa0, fs9, ft11
core   0: 1 0x0000000080004226 (0x23fc9553) f10 0xffffffff00000000
core   0: 0x000000008000422a (0x00202bf3) csrrs   s7, frm, zero
core   0: 1 0x000000008000422a (0x00202bf3) x23 0x0000000000000000
core   0: 0x000000008000422e (0x417b8ebb) subw    t4, s7, s7
core   0: 1 0x000000008000422e (0x417b8ebb) x29 0x0000000000000000
core   0: 0x0000000080004232 (0x7b5af24b) fnmsub.d ft4, fs5, fs5, fa5
core   0: 1 0x0000000080004232 (0x7b5af24b) f4  0x7ff8000000000000
core   0: 0x0000000080004236 (0x00000001) c.nop
core   0: 1 0x0000000080004236 (0x0001)
core   0: 0x0000000080004238 (0x0274e633) rem     a2, s1, t2
core   0: 1 0x0000000080004238 (0x0274e633) x12 0x0000000000000859
core   0: 0x000000008000423c (0x0314f2b3) remu    t0, s1, a7
core   0: 1 0x000000008000423c (0x0314f2b3) x5  0x0000000000000859
core   0: 0x0000000080004240 (0x0164d49b) srliw   s1, s1, 22
core   0: 1 0x0000000080004240 (0x0164d49b) x9  0x0000000000000000
core   0: 0x0000000080004244 (0xd032f4d3) fcvt.s.lu fs1, t0
core   0: 1 0x0000000080004244 (0xd032f4d3) f9  0xffffffff45059000
core   0: 0x0000000080004248 (0x01891d9b) slliw   s11, s2, 24
core   0: 1 0x0000000080004248 (0x01891d9b) x27 0xffffffffff000000
core   0: 0x000000008000424c (0x0b9a7853) fsub.d  fa6, fs4, fs9
core   0: 1 0x000000008000424c (0x0b9a7853) f16 0x7ff8000000000000
core   0: 0x0000000080004250 (0x00102bf3) csrrs   s7, fflags, zero
core   0: 1 0x0000000080004250 (0x00102bf3) x23 0x000000000000001f
core   0: 0x0000000080004254 (0x00b101b3) add     gp, sp, a1
core   0: 1 0x0000000080004254 (0x00b101b3) x3  0x80000000c0299472
core   0: 0x0000000080004258 (0x2b970953) fmin.d  fs2, fa4, fs9
core   0: 1 0x0000000080004258 (0x2b970953) f18 0x7ff8000000000000
core   0: 0x000000008000425c (0xa3180753) fle.d   a4, fa6, fa7
core   0: 1 0x000000008000425c (0xa3180753) c1_fflags 0x000000000000001f x14 0x0000000000000000
core   0: 0x0000000080004260 (0x4b31ba97) auipc   s5, 0x4b31b
core   0: 1 0x0000000080004260 (0x4b31ba97) x21 0x00000000cb31f260
core   0: 0x0000000080004264 (0x001b1373) csrrw   t1, fflags, s6
core   0: 1 0x0000000080004264 (0x001b1373) x6  0x000000000000001f c1_fflags 0x0000000000000000
core   0: 0x0000000080004268 (0x239910d3) fsgnjn.d ft1, fs2, fs9
core   0: 1 0x0000000080004268 (0x239910d3) f1  0x7ff8000000000000
core   0: 0x000000008000426c (0x4009551b) sraiw   a0, s2, 0
core   0: 1 0x000000008000426c (0x4009551b) x10 0xffffffffffffffff
core   0: 0x0000000080004270 (0x00a557b3) srl     a5, a0, a0
core   0: 1 0x0000000080004270 (0x00a557b3) x15 0x0000000000000001
core   0: 0x0000000080004274 (0x8001849b) addiw   s1, gp, -2048
core   0: 1 0x0000000080004274 (0x8001849b) x9  0xffffffffc0298c72
core   0: 0x0000000080004278 (0xf1105d73) csrrwi  s10, mvendorid, 0
core   0: exception trap_illegal_instruction, epc 0x0000000080004278
core   0:           tval 0x00000000f1105d73
core   0: >>>>  $xrv64i2p1_m2p0_a2p1_f2p2_d2p2_zicsr2p0_zifencei2p0_zmmul1p0_zba1p0_zbb1p0_zbc1p0_zbs1p0
core   0: 0x0000000080004000 (0x0080006f) j       pc + 0x8
core   0: 3 0x0000000080004000 (0x0080006f)
core   0: >>>>  mmode_exception_handler
core   0: 0x0000000080004008 (0x00002c17) auipc   s8, 0x2
core   0: 3 0x0000000080004008 (0x00002c17) x24 0x0000000080006008
core   0: 0x000000008000400c (0x030c0c13) addi    s8, s8, 48
core   0: 3 0x000000008000400c (0x030c0c13) x24 0x0000000080006038
core   0: 0x0000000080004010 (0x000c00e7) jalr    s8
core   0: 3 0x0000000080004010 (0x000c00e7) x1  0x0000000080004014
core   0: >>>>  any_handler
core   0: 0x0000000080006038 (0x341027f3) csrrs   a5, mepc, zero
core   0: 3 0x0000000080006038 (0x341027f3) x15 0x0000000080004278
core   0: 0x000000008000603c (0x34202773) csrrs   a4, mcause, zero
core   0: 3 0x000000008000603c (0x34202773) x14 0x0000000000000002
core   0: 0x0000000080006040 (0x142026f3) csrrs   a3, scause, zero
core   0: 3 0x0000000080006040 (0x142026f3) x13 0x0000000000000000
core   0: 0x0000000080006044 (0x30402673) csrrs   a2, mie, zero
core   0: 3 0x0000000080006044 (0x30402673) x12 0x0000000000000a00
core   0: 0x0000000080006048 (0x344025f3) csrrs   a1, mip, zero
core   0: 3 0x0000000080006048 (0x344025f3) x11 0x0000000000000080
core   0: 0x000000008000604c (0x343025f3) csrrs   a1, mtval, zero
core   0: 3 0x000000008000604c (0x343025f3) x11 0x00000000f1105d73
core   0: 0x0000000080006050 (0x14302573) csrrs   a0, stval, zero
core   0: 3 0x0000000080006050 (0x14302573) x10 0x0000000000000000
core   0: 0x0000000080006054 (0xb02024f3) csrrs   s1, minstret, zero
core   0: 3 0x0000000080006054 (0xb02024f3) x9  0x000000000000087e
core   0: 0x0000000080006058 (0x0000a811) c.j     pc + 20
core   0: 3 0x0000000080006058 (0xa811)
core   0: >>>>  mepc_4
core   0: 0x000000008000606c (0x00000791) c.addi  a5, 4
core   0: 3 0x000000008000606c (0x0791) x15 0x000000008000427c
core   0: 0x000000008000606e (0x34179073) csrrw   zero, mepc, a5
core   0: 3 0x000000008000606e (0x34179073) c833_mepc 0x000000008000427c
core   0: 0x0000000080006072 (0x30200073) mret
core   0: 3 0x0000000080006072 (0x30200073) c768_mstatus 0x8000000a00106080
core   0: 0x000000008000427c (0xc22ef0d3) fcvt.l.d ra, ft9
core   0: 1 0x000000008000427c (0xc22ef0d3) c1_fflags 0x0000000000000010 x1  0x7fffffffffffffff
core   0: 0x0000000080004280 (0x0145ca33) xor     s4, a1, s4
core   0: 1 0x0000000080004280 (0x0145ca33) x20 0x00000000bcf92d73
core   0: 0x0000000080004284 (0x027613b3) mulh    t2, a2, t2
core   0: 1 0x0000000080004284 (0x027613b3) x7  0x0000000000000000
core   0: 0x0000000080004288 (0x9b52f8c7) fmsub.d fa7, ft5, fs5, fs3
core   0: 1 0x0000000080004288 (0x9b52f8c7) f17 0x7ff8000000000000
core   0: 0x000000008000428c (0x01638cbb) addw    s9, t2, s6
core   0: 1 0x000000008000428c (0x01638cbb) x25 0x0000000000000000
core   0: 0x0000000080004290 (0xc038f853) fcvt.lu.s a6, fa7
core   0: 1 0x0000000080004290 (0xc038f853) c1_fflags 0x0000000000000010 x16 0xffffffffffffffff
core   0: 0x0000000080004294 (0x0008ee93) ori     t4, a7, 0
core   0: 1 0x0000000080004294 (0x0008ee93) x29 0x0000000040be9000
core   0: 0x0000000080004298 (0x2b3f8753) fmin.d  fa4, ft11, fs3
core   0: 1 0x0000000080004298 (0x2b3f8753) f14 0x7ff8000000000000
core   0: 0x000000008000429c (0xc20ff0d3) fcvt.w.d ra, ft11
core   0: 1 0x000000008000429c (0xc20ff0d3) c1_fflags 0x0000000000000010 x1  0x000000007fffffff
core   0: 0x00000000800042a0 (0x5a04fa53) fsqrt.d fs4, fs1
core   0: 1 0x00000000800042a0 (0x5a04fa53) f20 0x7ff8000000000000
core   0: 0x00000000800042a4 (0x01102133) slt     sp, zero, a7
core   0: 1 0x00000000800042a4 (0x01102133) x2  0x0000000000000001
core   0: 0x00000000800042a8 (0x12e0fb53) fmul.d  fs6, ft1, fa4
core   0: 1 0x00000000800042a8 (0x12e0fb53) f22 0x7ff8000000000000
core   0: 0x00000000800042ac (0x4088d43b) sraw    s0, a7, s0
core   0: 1 0x00000000800042ac (0x4088d43b) x8  0x0000000040be9000
core   0: 0x00000000800042b0 (0x41c35033) sra     zero, t1, t3
core   0: 1 0x00000000800042b0 (0x41c35033)
core   0: 0x00000000800042b4 (0x01a31d33) sll     s10, t1, s10
core   0: 1 0x00000000800042b4 (0x01a31d33) x26 0xe000000000000000
core   0: 0x00000000800042b8 (0x1a837d13) andi    s10, t1, 424
core   0: 1 0x00000000800042b8 (0x1a837d13) x26 0x0000000000000008
core   0: 0x00000000800042bc (0x1195e993) ori     s3, a1, 281
core   0: 1 0x00000000800042bc (0x1195e993) x19 0x00000000f1105d7b
core   0: 0x00000000800042c0 (0xf2010e53) fmv.d.x ft8, sp
core   0: 1 0x00000000800042c0 (0xf2010e53) f28 0x0000000000000001
core   0: 0x00000000800042c4 (0x40107dd3) fcvt.s.d fs11, ft0
core   0: 1 0x00000000800042c4 (0x40107dd3) f27 0xffffffff7fc00000
core   0: 0x00000000800042c8 (0x0049013b) addw    sp, s2, tp
core   0: 1 0x00000000800042c8 (0x0049013b) x2  0xffffffffffffffff
core   0: 0x00000000800042cc (0x0aedf0d3) fsub.d  ft1, fs11, fa4
core   0: 1 0x00000000800042cc (0x0aedf0d3) f1  0x7ff8000000000000
core   0: 0x00000000800042d0 (0x01ec5113) srli    sp, s8, 30
core   0: 1 0x00000000800042d0 (0x01ec5113) x2  0x0000000000000002
core   0: 0x00000000800042d4 (0x3ad50593) addi    a1, a0, 941
core   0: 1 0x00000000800042d4 (0x3ad50593) x11 0x00000000000003ad
core   0: 0x00000000800042d8 (0xeca580b7) lui     ra, 0xeca58
core   0: 1 0x00000000800042d8 (0xeca580b7) x1  0xffffffffeca58000
core   0: 0x00000000800042dc (0xd225f7d3) fcvt.d.l fa5, a1
core   0: 1 0x00000000800042dc (0xd225f7d3) f15 0x408d680000000000
core   0: 0x00000000800042e0 (0x021cc9bb) divw    s3, s9, ra
core   0: 1 0x00000000800042e0 (0x021cc9bb) x19 0x0000000000000000
core   0: 0x00000000800042e4 (0xdabdf4cf) fnmadd.d fs1, fs11, fa1, fs11
core   0: 1 0x00000000800042e4 (0xdabdf4cf) f9  0x7ff8000000000000
core   0: 0x00000000800042e8 (0xa3858553) fle.d   a0, fa1, fs8
core   0: 1 0x00000000800042e8 (0xa3858553) c1_fflags 0x0000000000000010 x10 0x0000000000000000
core   0: 0x00000000800042ec (0x00e99693) slli    a3, s3, 14
core   0: 1 0x00000000800042ec (0x00e99693) x13 0x0000000000000000
core   0: 0x00000000800042f0 (0x0016901b) slliw   zero, a3, 1
core   0: 1 0x00000000800042f0 (0x0016901b)
core   0: 0x00000000800042f4 (0x00000001) c.nop
core   0: 1 0x00000000800042f4 (0x0001)
core   0: 0x00000000800042f6 (0x016a5993) srli    s3, s4, 22
core   0: 1 0x00000000800042f6 (0x016a5993) x19 0x00000000000002f3
core   0: 0x00000000800042fa (0x0ff0000f) fence   iorw,iorw
core   0: 1 0x00000000800042fa (0x0ff0000f)
core   0: 0x00000000800042fe (0x420c86d3) fcvt.d.s fa3, fs9
core   0: 1 0x00000000800042fe (0x420c86d3) f13 0x0000000000000000
core   0: 0x0000000080004302 (0x00009ee6) c.add   t4, s9
core   0: 1 0x0000000080004302 (0x9ee6) x29 0x0000000040be9000
core   0: 0x0000000080004304 (0x03e87553) fadd.d  fa0, fa6, ft10
core   0: 1 0x0000000080004304 (0x03e87553) f10 0x7ff8000000000000
core   0: 0x0000000080004308 (0x00898dbb) addw    s11, s3, s0
core   0: 1 0x0000000080004308 (0x00898dbb) x27 0x0000000040be92f3
core   0: 0x000000008000430c (0x22c526d3) fsgnjx.d fa3, fa0, fa2
core   0: 1 0x000000008000430c (0x22c526d3) f13 0x7ff8000000000000
core   0: 0x0000000080004310 (0x02b809bb) mulw    s3, a6, a1
core   0: 1 0x0000000080004310 (0x02b809bb) x19 0xfffffffffffffc53
core   0: 0x0000000080004314 (0x5a017053) fsqrt.d ft0, ft2
core   0: 1 0x0000000080004314 (0x5a017053) f0  0x7ff8000000000000
core   0: 0x0000000080004318 (0x00b75e3b) srlw    t3, a4, a1
core   0: 1 0x0000000080004318 (0x00b75e3b) x28 0x0000000000000000
core   0: 0x000000008000431c (0xfa0b7043) fmadd.d ft0, fs6, ft0, ft11
core   0: 1 0x000000008000431c (0xfa0b7043) f0  0x7ff8000000000000
core   0: 0x0000000080004320 (0x0137f6b3) and     a3, a5, s3
core   0: 1 0x0000000080004320 (0x0137f6b3) x13 0x0000000080004050
core   0: 0x0000000080004324 (0x036a0b3b) mulw    s6, s4, s6
core   0: 1 0x0000000080004324 (0x036a0b3b) x22 0x0000000000000000
core   0: 0x0000000080004328 (0xd2257553) fcvt.d.l fa0, a0
core   0: 1 0x0000000080004328 (0xd2257553) f10 0x0000000000000000
core   0: 0x000000008000432c (0x00d9969b) slliw   a3, s3, 13
core   0: 1 0x000000008000432c (0x00d9969b) x13 0xffffffffff8a6000
core   0: 0x0000000080004330 (0xd21680d3) fcvt.d.wu ft1, a3
core   0: 1 0x0000000080004330 (0xd21680d3) f1  0x41eff14c00000000
core   0: 0x0000000080004334 (0xd21083d3) fcvt.d.wu ft7, ra
core   0: 1 0x0000000080004334 (0xd21083d3) f7  0x41ed94b000000000
core   0: 0x0000000080004338 (0x00164013) xori    zero, a2, 1
core   0: 1 0x0000000080004338 (0x00164013)
core   0: 0x000000008000433c (0x40d780b3) sub     ra, a5, a3
core   0: 1 0x000000008000433c (0x40d780b3) x1  0x000000008075e27c
core   0: 0x0000000080004340 (0x2bb40cd3) fmin.d  fs9, fs0, fs11
core   0: 1 0x0000000080004340 (0x2bb40cd3) f25 0x7ff8000000000000
core   0: 0x0000000080004344 (0xc2107bd3) fcvt.wu.d s7, ft0
core   0: 1 0x0000000080004344 (0xc2107bd3) c1_fflags 0x0000000000000010 x23 0xffffffffffffffff
core   0: 0x0000000080004348 (0x00000001) c.nop
core   0: 1 0x0000000080004348 (0x0001)
core   0: 0x000000008000434a (0xc0447773) csrrci  a4, hpmcounter4, 8
core   0: exception trap_illegal_instruction, epc 0x000000008000434a
core   0:           tval 0x00000000c0447773
core   0: >>>>  $xrv64i2p1_m2p0_a2p1_f2p2_d2p2_zicsr2p0_zifencei2p0_zmmul1p0_zba1p0_zbb1p0_zbc1p0_zbs1p0
core   0: 0x0000000080004000 (0x0080006f) j       pc + 0x8
core   0: 3 0x0000000080004000 (0x0080006f)
core   0: >>>>  mmode_exception_handler
core   0: 0x0000000080004008 (0x00002c17) auipc   s8, 0x2
core   0: 3 0x0000000080004008 (0x00002c17) x24 0x0000000080006008
core   0: 0x000000008000400c (0x030c0c13) addi    s8, s8, 48
core   0: 3 0x000000008000400c (0x030c0c13) x24 0x0000000080006038
core   0: 0x0000000080004010 (0x000c00e7) jalr    s8
core   0: 3 0x0000000080004010 (0x000c00e7) x1  0x0000000080004014
core   0: >>>>  any_handler
core   0: 0x0000000080006038 (0x341027f3) csrrs   a5, mepc, zero
core   0: 3 0x0000000080006038 (0x341027f3) x15 0x000000008000434a
core   0: 0x000000008000603c (0x34202773) csrrs   a4, mcause, zero
core   0: 3 0x000000008000603c (0x34202773) x14 0x0000000000000002
core   0: 0x0000000080006040 (0x142026f3) csrrs   a3, scause, zero
core   0: 3 0x0000000080006040 (0x142026f3) x13 0x0000000000000000
core   0: 0x0000000080006044 (0x30402673) csrrs   a2, mie, zero
core   0: 3 0x0000000080006044 (0x30402673) x12 0x0000000000000a00
core   0: 0x0000000080006048 (0x344025f3) csrrs   a1, mip, zero
core   0: 3 0x0000000080006048 (0x344025f3) x11 0x0000000000000080
core   0: 0x000000008000604c (0x343025f3) csrrs   a1, mtval, zero
core   0: 3 0x000000008000604c (0x343025f3) x11 0x00000000c0447773
core   0: 0x0000000080006050 (0x14302573) csrrs   a0, stval, zero
core   0: 3 0x0000000080006050 (0x14302573) x10 0x0000000000000000
core   0: 0x0000000080006054 (0xb02024f3) csrrs   s1, minstret, zero
core   0: 3 0x0000000080006054 (0xb02024f3) x9  0x00000000000008c3
core   0: 0x0000000080006058 (0x0000a811) c.j     pc + 20
core   0: 3 0x0000000080006058 (0xa811)
core   0: >>>>  mepc_4
core   0: 0x000000008000606c (0x00000791) c.addi  a5, 4
core   0: 3 0x000000008000606c (0x0791) x15 0x000000008000434e
core   0: 0x000000008000606e (0x34179073) csrrw   zero, mepc, a5
core   0: 3 0x000000008000606e (0x34179073) c833_mepc 0x000000008000434e
core   0: 0x0000000080006072 (0x30200073) mret
core   0: 3 0x0000000080006072 (0x30200073) c768_mstatus 0x8000000a00106080
core   0: 0x000000008000434e (0x007b26b3) slt     a3, s6, t2
core   0: 1 0x000000008000434e (0x007b26b3) x13 0x0000000000000000
core   0: 0x0000000080004352 (0x00221173) csrrw   sp, frm, tp
core   0: 1 0x0000000080004352 (0x00221173) x2  0x0000000000000000 c2_frm 0x0000000000000000
core   0: 0x0000000080004356 (0x030ade3b) divuw   t3, s5, a6
core   0: 1 0x0000000080004356 (0x030ade3b) x28 0x0000000000000000
core   0: 0x000000008000435a (0x23838d93) addi    s11, t2, 568
core   0: 1 0x000000008000435a (0x23838d93) x27 0x0000000000000238
core   0: 0x000000008000435e (0x2bfd96d3) fmax.d  fa3, fs11, ft11
core   0: 1 0x000000008000435e (0x2bfd96d3) f13 0x7ff8000000000000
core   0: 0x0000000080004362 (0x00d30b3b) addw    s6, t1, a3
core   0: 1 0x0000000080004362 (0x00d30b3b) x22 0x000000000000001f
core   0: 0x0000000080004366 (0x2bc219d3) fmax.d  fs3, ft4, ft8
core   0: 1 0x0000000080004366 (0x2bc219d3) f19 0x0000000000000001
core   0: 0x000000008000436a (0x039e73b3) remu    t2, t3, s9
core   0: 1 0x000000008000436a (0x039e73b3) x7  0x0000000000000000
core   0: 0x000000008000436e (0x031c01bb) mulw    gp, s8, a7
core   0: 1 0x000000008000436e (0x031c01bb) x3  0xffffffff9faf8000
core   0: 0x0000000080004372 (0x023e4833) div     a6, t3, gp
core   0: 1 0x0000000080004372 (0x023e4833) x16 0x0000000000000000
core   0: 0x0000000080004376 (0x00315933) srl     s2, sp, gp
core   0: 1 0x0000000080004376 (0x00315933) x18 0x0000000000000000
core   0: 0x000000008000437a (0x44194213) xori    tp, s2, 1089
core   0: 1 0x000000008000437a (0x44194213) x4  0x0000000000000441
core   0: 0x000000008000437e (0x001af513) andi    a0, s5, 1
core   0: 1 0x000000008000437e (0x001af513) x10 0x0000000000000000
core   0: 0x0000000080004382 (0xc20f7753) fcvt.w.d a4, ft10
core   0: 1 0x0000000080004382 (0xc20f7753) c1_fflags 0x0000000000000010 x14 0x000000007fffffff
core   0: 0x0000000080004386 (0x420e0753) fcvt.d.s fa4, ft8
core   0: 1 0x0000000080004386 (0x420e0753) f14 0x7ff8000000000000
core   0: 0x000000008000438a (0xc03bf6d3) fcvt.lu.s a3, fs7
core   0: 1 0x000000008000438a (0xc03bf6d3) c1_fflags 0x0000000000000010 x13 0xffffffffffffffff
core   0: 0x000000008000438e (0x02fe27b3) mulhsu  a5, t3, a5
core   0: 1 0x000000008000438e (0x02fe27b3) x15 0x0000000000000000
core   0: 0x0000000080004392 (0x23f10f53) fsgnj.d ft10, ft2, ft11
core   0: 1 0x0000000080004392 (0x23f10f53) f30 0x7fffffff00000000
core   0: 0x0000000080004396 (0x5a017753) fsqrt.d fa4, ft2
core   0: 1 0x0000000080004396 (0x5a017753) f14 0x7ff8000000000000
core   0: 0x000000008000439a (0x40ce863b) subw    a2, t4, a2
core   0: 1 0x000000008000439a (0x40ce863b) x12 0x0000000040be8600
core   0: 0x000000008000439e (0xc2317153) fcvt.lu.d sp, ft2
core   0: 1 0x000000008000439e (0xc2317153) c1_fflags 0x0000000000000010 x2  0xffffffffffffffff
core   0: 0x00000000800043a2 (0x0226cb33) div     s6, a3, sp
core   0: 1 0x00000000800043a2 (0x0226cb33) x22 0x0000000000000001
core   0: 0x00000000800043a6 (0xd0317453) fcvt.s.lu fs0, sp
core   0: 1 0x00000000800043a6 (0xd0317453) c1_fflags 0x0000000000000011 f8  0xffffffff5f800000
core   0: 0x00000000800043aa (0x6287879b) addiw   a5, a5, 1576
core   0: 1 0x00000000800043aa (0x6287879b) x15 0x0000000000000628
core   0: 0x00000000800043ae (0xfff78d1b) addiw   s10, a5, -1
core   0: 1 0x00000000800043ae (0xfff78d1b) x26 0x0000000000000627
core   0: 0x00000000800043b2 (0x01a898bb) sllw    a7, a7, s10
core   0: 1 0x00000000800043b2 (0x01a898bb) x17 0x000000005f480000
core   0: 0x00000000800043b6 (0x4008d213) srai    tp, a7, 0
core   0: 1 0x00000000800043b6 (0x4008d213) x4  0x000000005f480000
core   0: 0x00000000800043ba (0xa2380dd3) fle.d   s11, fa6, ft3
core   0: 1 0x00000000800043ba (0xa2380dd3) c1_fflags 0x0000000000000011 x27 0x0000000000000000
core   0: 0x00000000800043be (0x02294bb3) div     s7, s2, sp
core   0: 1 0x00000000800043be (0x02294bb3) x23 0x0000000000000000
core   0: 0x00000000800043c2 (0x80040d13) addi    s10, s0, -2048
core   0: 1 0x00000000800043c2 (0x80040d13) x26 0x0000000040be8800
core   0: 0x00000000800043c6 (0x00765d33) srl     s10, a2, t2
core   0: 1 0x00000000800043c6 (0x00765d33) x26 0x0000000040be8600
core   0: 0x00000000800043ca (0x00c594bb) sllw    s1, a1, a2
core   0: 1 0x00000000800043ca (0x00c594bb) x9  0xffffffffc0447773
core   0: 0x00000000800043ce (0x0210d0b3) divu    ra, ra, ra
core   0: 1 0x00000000800043ce (0x0210d0b3) x1  0x0000000000000001
core   0: 0x00000000800043d2 (0x01f2169b) slliw   a3, tp, 31
core   0: 1 0x00000000800043d2 (0x01f2169b) x13 0x0000000000000000
core   0: 0x00000000800043d6 (0x02d149bb) divw    s3, sp, a3
core   0: 1 0x00000000800043d6 (0x02d149bb) x19 0xffffffffffffffff
core   0: 0x00000000800043da (0x00c2dabb) srlw    s5, t0, a2
core   0: 1 0x00000000800043da (0x00c2dabb) x21 0x0000000000000859
core   0: 0x00000000800043de (0xd3da8b1b) addiw   s6, s5, -707
core   0: 1 0x00000000800043de (0xd3da8b1b) x22 0x0000000000000596
core   0: 0x00000000800043e2 (0x415a8ebb) subw    t4, s5, s5
core   0: 1 0x00000000800043e2 (0x415a8ebb) x29 0x0000000000000000
core   0: 0x00000000800043e6 (0x00000001) c.nop
core   0: 1 0x00000000800043e6 (0x0001)
core   0: 0x00000000800043e8 (0x1302f6d3) fmul.d  fa3, ft5, fa6
core   0: 1 0x00000000800043e8 (0x1302f6d3) f13 0x7ff8000000000000
core   0: 0x00000000800043ec (0x126c7cc3) fmadd.d fs9, fs8, ft6, ft2
core   0: 1 0x00000000800043ec (0x126c7cc3) f25 0x7ff8000000000000
core   0: 0x00000000800043f0 (0x0ff0000f) fence   iorw,iorw
core   0: 1 0x00000000800043f0 (0x0ff0000f)
core   0: 0x00000000800043f4 (0x20be8913) addi    s2, t4, 523
core   0: 1 0x00000000800043f4 (0x20be8913) x18 0x000000000000020b
core   0: 0x00000000800043f8 (0x0007d79b) srliw   a5, a5, 0
core   0: 1 0x00000000800043f8 (0x0007d79b) x15 0x0000000000000628
core   0: 0x00000000800043fc (0x02465233) divu    tp, a2, tp
core   0: 1 0x00000000800043fc (0x02465233) x4  0x0000000000000000
core   0: 0x0000000080004400 (0x0306b033) mulhu   zero, a3, a6
core   0: 1 0x0000000080004400 (0x0306b033)
core   0: 0x0000000080004404 (0x410c81b3) sub     gp, s9, a6
core   0: 1 0x0000000080004404 (0x410c81b3) x3  0x0000000000000000
core   0: 0x0000000080004408 (0x004c02bb) addw    t0, s8, tp
core   0: 1 0x0000000080004408 (0x004c02bb) x5  0xffffffff80006038
core   0: 0x000000008000440c (0xd032fb53) fcvt.s.lu fs6, t0
core   0: 1 0x000000008000440c (0xd032fb53) c1_fflags 0x0000000000000011 f22 0xffffffff5f800000
core   0: 0x0000000080004410 (0x6022c893) xori    a7, t0, 1538
core   0: 1 0x0000000080004410 (0x6022c893) x17 0xffffffff8000663a
core   0: 0x0000000080004414 (0x00522e33) slt     t3, tp, t0
core   0: 1 0x0000000080004414 (0x00522e33) x28 0x0000000000000000
core   0: 0x0000000080004418 (0x00202d73) csrrs   s10, frm, zero
core   0: 1 0x0000000080004418 (0x00202d73) x26 0x0000000000000000
core   0: 0x000000008000441c (0x4a0ef94b) fnmsub.d fs2, ft9, ft0, fs1
core   0: 1 0x000000008000441c (0x4a0ef94b) f18 0x7ff8000000000000
core   0: 0x0000000080004420 (0x009294bb) sllw    s1, t0, s1
core   0: 1 0x0000000080004420 (0x009294bb) x9  0x0000000001c00000
core   0: 0x0000000080004424 (0x01c15bb3) srl     s7, sp, t3
core   0: 1 0x0000000080004424 (0x01c15bb3) x23 0xffffffffffffffff
core   0: 0x0000000080004428 (0x0008541b) srliw   s0, a6, 0
core   0: 1 0x0000000080004428 (0x0008541b) x8  0x0000000000000000
core   0: 0x000000008000442c (0x0bd97ed3) fsub.d  ft9, fs2, ft9
core   0: 1 0x000000008000442c (0x0bd97ed3) f29 0x7ff8000000000000
core   0: 0x0000000080004430 (0x408cd233) sra     tp, s9, s0
core   0: 1 0x0000000080004430 (0x408cd233) x4  0x0000000000000000
core   0: 0x0000000080004434 (0x00de7433) and     s0, t3, a3
core   0: 1 0x0000000080004434 (0x00de7433) x8  0x0000000000000000
core   0: 0x0000000080004438 (0x01544cb7) lui     s9, 0x1544
core   0: 1 0x0000000080004438 (0x01544cb7) x25 0x0000000001544000
core   0: 0x000000008000443c (0xfd9c8c9b) addiw   s9, s9, -39
core   0: 1 0x000000008000443c (0xfd9c8c9b) x25 0x0000000001543fd9
core   0: 0x0000000080004440 (0x00000cb2) c.slli  s9, 12
core   0: 1 0x0000000080004440 (0x0cb2) x25 0x0000001543fd9000
core   0: 0x0000000080004442 (0x8f7c8c93) addi    s9, s9, -1801
core   0: 1 0x0000000080004442 (0x8f7c8c93) x25 0x0000001543fd88f7
core   0: 0x0000000080004446 (0x000030fd) c.addiw ra, -1
core   0: 1 0x0000000080004446 (0x30fd) x1  0x0000000000000000
core   0: 0x0000000080004448 (0x3b5bfacb) fnmsub.d fs5, fs7, fs5, ft7
core   0: 1 0x0000000080004448 (0x3b5bfacb) f21 0x7ff8000000000000
core   0: 0x000000008000444c (0x001092f3) csrrw   t0, fflags, ra
core   0: 1 0x000000008000444c (0x001092f3) x5  0x0000000000000011 c1_fflags 0x0000000000000000
core   0: 0x0000000080004450 (0x034b5cb3) divu    s9, s6, s4
core   0: 1 0x0000000080004450 (0x034b5cb3) x25 0x0000000000000000
core   0: 0x0000000080004454 (0x0392dbb3) divu    s7, t0, s9
core   0: 1 0x0000000080004454 (0x0392dbb3) x23 0xffffffffffffffff
core   0: 0x0000000080004458 (0x1bef7c53) fdiv.d  fs8, ft10, ft10
core   0: 1 0x0000000080004458 (0x1bef7c53) f24 0x7ff8000000000000
core   0: 0x000000008000445c (0x41545c9b) sraiw   s9, s0, 21
core   0: 1 0x000000008000445c (0x41545c9b) x25 0x0000000000000000
core   0: 0x0000000080004460 (0x4008d49b) sraiw   s1, a7, 0
core   0: 1 0x0000000080004460 (0x4008d49b) x9  0xffffffff8000663a
core   0: 0x0000000080004464 (0x01acad33) slt     s10, s9, s10
core   0: 1 0x0000000080004464 (0x01acad33) x26 0x0000000000000000
core   0: 0x0000000080004468 (0x025cdc93) srli    s9, s9, 37
core   0: 1 0x0000000080004468 (0x025cdc93) x25 0x0000000000000000
core   0: 0x000000008000446c (0x52be75cb) fnmsub.d fa1, ft8, fa1, fa0
core   0: 1 0x000000008000446c (0x52be75cb) f11 0x7ff8000000000000
core   0: 0x0000000080004470 (0x40ccdb33) sra     s6, s9, a2
core   0: 1 0x0000000080004470 (0x40ccdb33) x22 0x0000000000000000
core   0: 0x0000000080004474 (0x0129093b) addw    s2, s2, s2
core   0: 1 0x0000000080004474 (0x0129093b) x18 0x0000000000000416
core   0: 0x0000000080004478 (0x8005c693) xori    a3, a1, -2048
core   0: 1 0x0000000080004478 (0x8005c693) x13 0xffffffff3fbb8f73
core   0: 0x000000008000447c (0x40fd8733) sub     a4, s11, a5
core   0: 1 0x000000008000447c (0x40fd8733) x14 0xfffffffffffff9d8
core   0: 0x0000000080004480 (0x40b588b3) sub     a7, a1, a1
core   0: 1 0x0000000080004480 (0x40b588b3) x17 0x0000000000000000
core   0: 0x0000000080004484 (0x038ea5b3) mulhsu  a1, t4, s8
core   0: 1 0x0000000080004484 (0x038ea5b3) x11 0x0000000000000000
core   0: 0x0000000080004488 (0x41d550bb) sraw    ra, a0, t4
core   0: 1 0x0000000080004488 (0x41d550bb) x1  0x0000000000000000
core   0: 0x000000008000448c (0xc03c7853) fcvt.lu.s a6, fs8
core   0: 1 0x000000008000448c (0xc03c7853) c1_fflags 0x0000000000000010 x16 0xffffffffffffffff
core   0: 0x0000000080004490 (0x00041193) slli    gp, s0, 0
core   0: 1 0x0000000080004490 (0x00041193) x3  0x0000000000000000
core   0: 0x0000000080004494 (0xc220f253) fcvt.l.d tp, ft1
core   0: 1 0x0000000080004494 (0xc220f253) x4  0x00000000ff8a6000
core   0: 0x0000000080004498 (0x40197253) fcvt.s.d ft4, fs2
core   0: 1 0x0000000080004498 (0x40197253) f4  0xffffffff7fc00000
core   0: 0x000000008000449c (0x0190dcb3) srl     s9, ra, s9
core   0: 1 0x000000008000449c (0x0190dcb3) x25 0x0000000000000000
core   0: 0x00000000800044a0 (0x0286653b) remw    a0, a2, s0
core   0: 1 0x00000000800044a0 (0x0286653b) x10 0x0000000040be8600
core   0: 0x00000000800044a4 (0x41144493) xori    s1, s0, 1041
core   0: 1 0x00000000800044a4 (0x41144493) x9  0x0000000000000411
core   0: 0x00000000800044a8 (0x038c0433) mul     s0, s8, s8
core   0: 1 0x00000000800044a8 (0x038c0433) x8  0x40006038242a0c40
core   0: 0x00000000800044ac (0x0288b2b3) mulhu   t0, a7, s0
core   0: 1 0x00000000800044ac (0x0288b2b3) x5  0x0000000000000000
core   0: 0x00000000800044b0 (0x0242833b) mulw    t1, t0, tp
core   0: 1 0x00000000800044b0 (0x0242833b) x6  0x0000000000000000
core   0: 0x00000000800044b4 (0x0252f153) fadd.d  ft2, ft5, ft5
core   0: 1 0x00000000800044b4 (0x0252f153) f2  0x0000000000000000
core   0: 0x00000000800044b8 (0x01530cbb) addw    s9, t1, s5
core   0: 1 0x00000000800044b8 (0x01530cbb) x25 0x0000000000000859
core   0: 0x00000000800044bc (0x0000357d) c.addiw a0, -1
core   0: 1 0x00000000800044bc (0x357d) x10 0x0000000040be85ff
core   0: 0x00000000800044be (0x800b0b1b) addiw   s6, s6, -2048
core   0: 1 0x00000000800044be (0x800b0b1b) x22 0xfffffffffffff800
core   0: 0x00000000800044c2 (0x02fb47bb) divw    a5, s6, a5
core   0: 1 0x00000000800044c2 (0x02fb47bb) x15 0xffffffffffffffff
core   0: 0x00000000800044c6 (0x001e9cf3) csrrw   s9, fflags, t4
core   0: 1 0x00000000800044c6 (0x001e9cf3) x25 0x0000000000000010 c1_fflags 0x0000000000000000
core   0: 0x00000000800044ca (0x0263703b) remuw   zero, t1, t1
core   0: 1 0x00000000800044ca (0x0263703b)
core   0: 0x00000000800044ce (0x02b8f7d3) fadd.d  fa5, fa7, fa1
core   0: 1 0x00000000800044ce (0x02b8f7d3) f15 0x7ff8000000000000
core   0: 0x00000000800044d2 (0x4165d13b) sraw    sp, a1, s6
core   0: 1 0x00000000800044d2 (0x4165d13b) x2  0x0000000000000000
core   0: 0x00000000800044d6 (0x41728db3) sub     s11, t0, s7
core   0: 1 0x00000000800044d6 (0x41728db3) x27 0x0000000000000001
core   0: 0x00000000800044da (0x0056dd93) srli    s11, a3, 5
core   0: 1 0x00000000800044da (0x0056dd93) x27 0x07fffffff9fddc7b
core   0: 0x00000000800044de (0xd2118f53) fcvt.d.wu ft10, gp
core   0: 1 0x00000000800044de (0xd2118f53) f30 0x0000000000000000
core   0: 0x00000000800044e2 (0x40630ebb) subw    t4, t1, t1
core   0: 1 0x00000000800044e2 (0x40630ebb) x29 0x0000000000000000
core   0: 0x00000000800044e6 (0xd2138753) fcvt.d.wu fa4, t2
core   0: 1 0x00000000800044e6 (0xd2138753) f14 0x0000000000000000
core   0: 0x00000000800044ea (0x2aef0453) fmin.d  fs0, ft10, fa4
core   0: 1 0x00000000800044ea (0x2aef0453) f8  0x0000000000000000
core   0: 0x00000000800044ee (0x002e9af3) csrrw   s5, frm, t4
core   0: 1 0x00000000800044ee (0x002e9af3) x21 0x0000000000000000 c2_frm 0x0000000000000000
core   0: 0x00000000800044f2 (0x002101b3) add     gp, sp, sp
core   0: 1 0x00000000800044f2 (0x002101b3) x3  0x0000000000000000
core   0: 0x00000000800044f6 (0x4133db13) srai    s6, t2, 19
core   0: 1 0x00000000800044f6 (0x4133db13) x22 0x0000000000000000
core   0: 0x00000000800044fa (0x40a5593b) sraw    s2, a0, a0
core   0: 1 0x00000000800044fa (0x40a5593b) x18 0x0000000000000000
core   0: 0x00000000800044fe (0x00a3d7bb) srlw    a5, t2, a0
core   0: 1 0x00000000800044fe (0x00a3d7bb) x15 0x0000000000000000
core   0: 0x0000000080004502 (0x41b55dbb) sraw    s11, a0, s11
core   0: 1 0x0000000080004502 (0x41b55dbb) x27 0x0000000000000008
core   0: 0x0000000080004506 (0x5a017053) fsqrt.d ft0, ft2
core   0: 1 0x0000000080004506 (0x5a017053) f0  0x0000000000000000
core   0: 0x000000008000450a (0x439cfcc7) fmsub.d fs9, fs9, fs9, fs0
core   0: 1 0x000000008000450a (0x439cfcc7) f25 0x7ff8000000000000
core   0: 0x000000008000450e (0x0383013b) mulw    sp, t1, s8
core   0: 1 0x000000008000450e (0x0383013b) x2  0x0000000000000000
core   0: 0x0000000080004512 (0xa9d56213) ori     tp, a0, -1379
core   0: 1 0x0000000080004512 (0xa9d56213) x4  0xffffffffffffffff
core   0: 0x0000000080004516 (0x02c25bb3) divu    s7, tp, a2
core   0: 1 0x0000000080004516 (0x02c25bb3) x23 0x00000003f43aaa7b
core   0: 0x000000008000451a (0x02c303bb) mulw    t2, t1, a2
core   0: 1 0x000000008000451a (0x02c303bb) x7  0x0000000000000000
core   0: 0x000000008000451e (0x000c1c13) slli    s8, s8, 0
core   0: 1 0x000000008000451e (0x000c1c13) x24 0x0000000080006038
core   0: 0x0000000080004522 (0x41475733) sra     a4, a4, s4
core   0: 1 0x0000000080004522 (0x41475733) x14 0xffffffffffffffff
core   0: 0x0000000080004526 (0x017b5e13) srli    t3, s6, 23
core   0: 1 0x0000000080004526 (0x017b5e13) x28 0x0000000000000000
core   0: 0x000000008000452a (0x01871833) sll     a6, a4, s8
core   0: 1 0x000000008000452a (0x01871833) x16 0xff00000000000000
core   0: 0x000000008000452e (0x001023f3) csrrs   t2, fflags, zero
core   0: 1 0x000000008000452e (0x001023f3) x7  0x0000000000000000
core   0: 0x0000000080004532 (0x5a0671d3) fsqrt.d ft3, fa2
core   0: 1 0x0000000080004532 (0x5a0671d3) f3  0x7ff8000000000000
core   0: 0x0000000080004536 (0x00438c3b) addw    s8, t2, tp
core   0: 1 0x0000000080004536 (0x00438c3b) x24 0xffffffffffffffff
core   0: 0x000000008000453a (0xfa70b2b7) lui     t0, 0xfa70b
core   0: 1 0x000000008000453a (0xfa70b2b7) x5  0xfffffffffa70b000
core   0: 0x000000008000453e (0xaf92829b) addiw   t0, t0, -1287
core   0: 1 0x000000008000453e (0xaf92829b) x5  0xfffffffffa70aaf9
core   0: 0x0000000080004542 (0x000002b2) c.slli  t0, 12
core   0: 1 0x0000000080004542 (0x02b2) x5  0xffffffa70aaf9000
core   0: 0x0000000080004544 (0x0b328293) addi    t0, t0, 179
core   0: 1 0x0000000080004544 (0x0b328293) x5  0xffffffa70aaf90b3
core   0: 0x0000000080004548 (0xc20bf253) fcvt.w.d tp, fs7
core   0: 1 0x0000000080004548 (0xc20bf253) c1_fflags 0x0000000000000010 x4  0x000000007fffffff
core   0: 0x000000008000454c (0x00caa933) slt     s2, s5, a2
core   0: 1 0x000000008000454c (0x00caa933) x18 0x0000000000000001
core   0: 0x0000000080004550 (0x401a78d3) fcvt.s.d fa7, fs4
core   0: 1 0x0000000080004550 (0x401a78d3) f17 0xffffffff7fc00000
core   0: 0x0000000080004554 (0xf13bacf3) csrrs   s9, mimpid, s7
core   0: exception trap_illegal_instruction, epc 0x0000000080004554
core   0:           tval 0x00000000f13bacf3
core   0: >>>>  $xrv64i2p1_m2p0_a2p1_f2p2_d2p2_zicsr2p0_zifencei2p0_zmmul1p0_zba1p0_zbb1p0_zbc1p0_zbs1p0
core   0: 0x0000000080004000 (0x0080006f) j       pc + 0x8
core   0: 3 0x0000000080004000 (0x0080006f)
core   0: >>>>  mmode_exception_handler
core   0: 0x0000000080004008 (0x00002c17) auipc   s8, 0x2
core   0: 3 0x0000000080004008 (0x00002c17) x24 0x0000000080006008
core   0: 0x000000008000400c (0x030c0c13) addi    s8, s8, 48
core   0: 3 0x000000008000400c (0x030c0c13) x24 0x0000000080006038
core   0: 0x0000000080004010 (0x000c00e7) jalr    s8
core   0: 3 0x0000000080004010 (0x000c00e7) x1  0x0000000080004014
core   0: >>>>  any_handler
core   0: 0x0000000080006038 (0x341027f3) csrrs   a5, mepc, zero
core   0: 3 0x0000000080006038 (0x341027f3) x15 0x0000000080004554
core   0: 0x000000008000603c (0x34202773) csrrs   a4, mcause, zero
core   0: 3 0x000000008000603c (0x34202773) x14 0x0000000000000002
core   0: 0x0000000080006040 (0x142026f3) csrrs   a3, scause, zero
core   0: 3 0x0000000080006040 (0x142026f3) x13 0x0000000000000000
core   0: 0x0000000080006044 (0x30402673) csrrs   a2, mie, zero
core   0: 3 0x0000000080006044 (0x30402673) x12 0x0000000000000a00
core   0: 0x0000000080006048 (0x344025f3) csrrs   a1, mip, zero
core   0: 3 0x0000000080006048 (0x344025f3) x11 0x0000000000000080
core   0: 0x000000008000604c (0x343025f3) csrrs   a1, mtval, zero
core   0: 3 0x000000008000604c (0x343025f3) x11 0x00000000f13bacf3
core   0: 0x0000000080006050 (0x14302573) csrrs   a0, stval, zero
core   0: 3 0x0000000080006050 (0x14302573) x10 0x0000000000000000
core   0: 0x0000000080006054 (0xb02024f3) csrrs   s1, minstret, zero
core   0: 3 0x0000000080006054 (0xb02024f3) x9  0x0000000000000957
core   0: 0x0000000080006058 (0x0000a811) c.j     pc + 20
core   0: 3 0x0000000080006058 (0xa811)
core   0: >>>>  mepc_4
core   0: 0x000000008000606c (0x00000791) c.addi  a5, 4
core   0: 3 0x000000008000606c (0x0791) x15 0x0000000080004558
core   0: 0x000000008000606e (0x34179073) csrrw   zero, mepc, a5
core   0: 3 0x000000008000606e (0x34179073) c833_mepc 0x0000000080004558
core   0: 0x0000000080006072 (0x30200073) mret
core   0: 3 0x0000000080006072 (0x30200073) c768_mstatus 0x8000000a00106080
core   0: 0x0000000080004558 (0x03817c53) fadd.d  fs8, ft2, fs8
core   0: 1 0x0000000080004558 (0x03817c53) f24 0x7ff8000000000000
core   0: 0x000000008000455c (0x400cd013) srai    zero, s9, 0
core   0: 1 0x000000008000455c (0x400cd013)
core   0: 0x0000000080004560 (0x001cc993) xori    s3, s9, 1
core   0: 1 0x0000000080004560 (0x001cc993) x19 0x0000000000000011
core   0: 0x0000000080004564 (0xcdef7bb7) lui     s7, 0xcdef7
core   0: 1 0x0000000080004564 (0xcdef7bb7) x23 0xffffffffcdef7000
core   0: 0x0000000080004568 (0x4a2a0d9b) addiw   s11, s4, 1186
core   0: 1 0x0000000080004568 (0x4a2a0d9b) x27 0xffffffffbcf93215
core   0: 0x000000008000456c (0x015e11bb) sllw    gp, t3, s5
core   0: 1 0x000000008000456c (0x015e11bb) x3  0x0000000000000000
core   0: 0x0000000080004570 (0x00385dbb) srlw    s11, a6, gp
core   0: 1 0x0000000080004570 (0x00385dbb) x27 0x0000000000000000
core   0: 0x0000000080004574 (0xd20a89d3) fcvt.d.w fs3, s5
core   0: 1 0x0000000080004574 (0xd20a89d3) f19 0x0000000000000000
core   0: 0x0000000080004578 (0x00d642b3) xor     t0, a2, a3
core   0: 1 0x0000000080004578 (0x00d642b3) x5  0x0000000000000a00
core   0: 0x000000008000457c (0x408c873b) subw    a4, s9, s0
core   0: 1 0x000000008000457c (0x408c873b) x14 0xffffffffdbd5f3d0
core   0: 0x0000000080004580 (0x002712f3) csrrw   t0, frm, a4
core   0: 1 0x0000000080004580 (0x002712f3) x5  0x0000000000000000 c2_frm 0x0000000000000000
core   0: 0x0000000080004584 (0x0352ca33) div     s4, t0, s5
core   0: 1 0x0000000080004584 (0x0352ca33) x20 0xffffffffffffffff
core   0: 0x0000000080004588 (0x01a86833) or      a6, a6, s10
core   0: 1 0x0000000080004588 (0x01a86833) x16 0xff00000000000000
core   0: 0x000000008000458c (0x22cf17d3) fsgnjn.d fa5, ft10, fa2
core   0: 1 0x000000008000458c (0x22cf17d3) f15 0x8000000000000000
core   0: 0x0000000080004590 (0x2339a053) fsgnjx.d ft0, fs3, fs3
core   0: 1 0x0000000080004590 (0x2339a053) f0  0x0000000000000000
core   0: 0x0000000080004594 (0xa3f10c53) fle.d   s8, ft2, ft11
core   0: 1 0x0000000080004594 (0xa3f10c53) c1_fflags 0x0000000000000010 x24 0x0000000000000000
core   0: 0x0000000080004598 (0x342c1ef3) csrrw   t4, mcause, s8
core   0: exception trap_illegal_instruction, epc 0x0000000080004598
core   0:           tval 0x00000000342c1ef3
core   0: >>>>  $xrv64i2p1_m2p0_a2p1_f2p2_d2p2_zicsr2p0_zifencei2p0_zmmul1p0_zba1p0_zbb1p0_zbc1p0_zbs1p0
core   0: 0x0000000080004000 (0x0080006f) j       pc + 0x8
core   0: 3 0x0000000080004000 (0x0080006f)
core   0: >>>>  mmode_exception_handler
core   0: 0x0000000080004008 (0x00002c17) auipc   s8, 0x2
core   0: 3 0x0000000080004008 (0x00002c17) x24 0x0000000080006008
core   0: 0x000000008000400c (0x030c0c13) addi    s8, s8, 48
core   0: 3 0x000000008000400c (0x030c0c13) x24 0x0000000080006038
core   0: 0x0000000080004010 (0x000c00e7) jalr    s8
core   0: 3 0x0000000080004010 (0x000c00e7) x1  0x0000000080004014
core   0: >>>>  any_handler
core   0: 0x0000000080006038 (0x341027f3) csrrs   a5, mepc, zero
core   0: 3 0x0000000080006038 (0x341027f3) x15 0x0000000080004598
core   0: 0x000000008000603c (0x34202773) csrrs   a4, mcause, zero
core   0: 3 0x000000008000603c (0x34202773) x14 0x0000000000000002
core   0: 0x0000000080006040 (0x142026f3) csrrs   a3, scause, zero
core   0: 3 0x0000000080006040 (0x142026f3) x13 0x0000000000000000
core   0: 0x0000000080006044 (0x30402673) csrrs   a2, mie, zero
core   0: 3 0x0000000080006044 (0x30402673) x12 0x0000000000000a00
core   0: 0x0000000080006048 (0x344025f3) csrrs   a1, mip, zero
core   0: 3 0x0000000080006048 (0x344025f3) x11 0x0000000000000080
core   0: 0x000000008000604c (0x343025f3) csrrs   a1, mtval, zero
core   0: 3 0x000000008000604c (0x343025f3) x11 0x00000000342c1ef3
core   0: 0x0000000080006050 (0x14302573) csrrs   a0, stval, zero
core   0: 3 0x0000000080006050 (0x14302573) x10 0x0000000000000000
core   0: 0x0000000080006054 (0xb02024f3) csrrs   s1, minstret, zero
core   0: 3 0x0000000080006054 (0xb02024f3) x9  0x0000000000000977
core   0: 0x0000000080006058 (0x0000a811) c.j     pc + 20
core   0: 3 0x0000000080006058 (0xa811)
core   0: >>>>  mepc_4
core   0: 0x000000008000606c (0x00000791) c.addi  a5, 4
core   0: 3 0x000000008000606c (0x0791) x15 0x000000008000459c
core   0: 0x000000008000606e (0x34179073) csrrw   zero, mepc, a5
core   0: 3 0x000000008000606e (0x34179073) c833_mepc 0x000000008000459c
core   0: 0x0000000080006072 (0x30200073) mret
core   0: 3 0x0000000080006072 (0x30200073) c768_mstatus 0x8000000a00106080
core   0: 0x000000008000459c (0x1436b6f3) csrrc   a3, stval, a3
core   0: 1 0x000000008000459c (0x1436b6f3) x13 0x0000000000000000 c323_stval 0x0000000000000000
core   0: 0x00000000800045a0 (0x1222f353) fmul.d  ft6, ft5, ft2
core   0: 1 0x00000000800045a0 (0x1222f353) f6  0x0000000000000000
core   0: 0x00000000800045a4 (0x013dddbb) srlw    s11, s11, s3
core   0: 1 0x00000000800045a4 (0x013dddbb) x27 0x0000000000000000
core   0: 0x00000000800045a8 (0x8d036497) auipc   s1, 0x8d036
core   0: 1 0x00000000800045a8 (0x8d036497) x9  0x000000000d03a5a8
core   0: 0x00000000800045ac (0xd03071d3) fcvt.s.lu ft3, zero
core   0: 1 0x00000000800045ac (0xd03071d3) f3  0xffffffff00000000
core   0: 0x00000000800045b0 (0x02dbf3b3) remu    t2, s7, a3
core   0: 1 0x00000000800045b0 (0x02dbf3b3) x7  0xffffffffcdef7000
core   0: 0x00000000800045b4 (0x00f21413) slli    s0, tp, 15
core   0: 1 0x00000000800045b4 (0x00f21413) x8  0x00003fffffff8000
core   0: 0x00000000800045b8 (0xe2a579cb) fnmsub.d fs3, fa0, fa0, ft8
core   0: 1 0x00000000800045b8 (0xe2a579cb) f19 0x0000000000000001
core   0: 0x00000000800045bc (0x024dcab3) div     s5, s11, tp
core   0: 1 0x00000000800045bc (0x024dcab3) x21 0x0000000000000000
core   0: 0x00000000800045c0 (0x033d0e33) mul     t3, s10, s3
core   0: 1 0x00000000800045c0 (0x033d0e33) x28 0x0000000000000000
core   0: 0x00000000800045c4 (0xc039f153) fcvt.lu.s sp, fs3
core   0: 1 0x00000000800045c4 (0xc039f153) c1_fflags 0x0000000000000010 x2  0xffffffffffffffff
core   0: 0x00000000800045c8 (0x2be99b53) fmax.d  fs6, fs3, ft10
core   0: 1 0x00000000800045c8 (0x2be99b53) f22 0x0000000000000001
core   0: 0x00000000800045cc (0x4a27fecf) fnmadd.d ft9, fa5, ft2, fs1
core   0: 1 0x00000000800045cc (0x4a27fecf) f29 0x7ff8000000000000
core   0: 0x00000000800045d0 (0x5a09f453) fsqrt.d fs0, fs3
core   0: 1 0x00000000800045d0 (0x5a09f453) f8  0x1e60000000000000
core   0: 0x00000000800045d4 (0xc20778d3) fcvt.w.d a7, fa4
core   0: 1 0x00000000800045d4 (0xc20778d3) x17 0x0000000000000000
core   0: 0x00000000800045d8 (0x000bdb93) srli    s7, s7, 0
core   0: 1 0x00000000800045d8 (0x000bdb93) x23 0xffffffffcdef7000
core   0: 0x00000000800045dc (0xf231f1cb) fnmsub.d ft3, ft3, ft3, ft10
core   0: 1 0x00000000800045dc (0xf231f1cb) f3  0x7ff8000000000000
core   0: 0x00000000800045e0 (0xc20f7153) fcvt.w.d sp, ft10
core   0: 1 0x00000000800045e0 (0xc20f7153) x2  0x0000000000000000
core   0: 0x00000000800045e4 (0x002a17bb) sllw    a5, s4, sp
core   0: 1 0x00000000800045e4 (0x002a17bb) x15 0xffffffffffffffff
core   0: 0x00000000800045e8 (0x4160d13b) sraw    sp, ra, s6
core   0: 1 0x00000000800045e8 (0x4160d13b) x2  0xffffffff80004014
core   0: 0x00000000800045ec (0xc211f653) fcvt.wu.d a2, ft3
core   0: 1 0x00000000800045ec (0xc211f653) c1_fflags 0x0000000000000010 x12 0xffffffffffffffff
core   0: 0x00000000800045f0 (0x00c01a3b) sllw    s4, zero, a2
core   0: 1 0x00000000800045f0 (0x00c01a3b) x20 0x0000000000000000
core   0: 0x00000000800045f4 (0x23970b53) fsgnj.d fs6, fa4, fs9
core   0: 1 0x00000000800045f4 (0x23970b53) f22 0x0000000000000000
core   0: 0x00000000800045f8 (0x231b2053) fsgnjx.d ft0, fs6, fa7
core   0: 1 0x00000000800045f8 (0x231b2053) f0  0x8000000000000000
core   0: 0x00000000800045fc (0xd0277ed3) fcvt.s.l ft9, a4
core   0: 1 0x00000000800045fc (0xd0277ed3) f29 0xffffffff40000000
core   0: 0x0000000080004600 (0x41105513) srai    a0, zero, 17
core   0: 1 0x0000000080004600 (0x41105513) x10 0x0000000000000000
core   0: 0x0000000080004604 (0x01eb159b) slliw   a1, s6, 30
core   0: 1 0x0000000080004604 (0x01eb159b) x11 0x0000000000000000
core   0: 0x0000000080004608 (0x002e9673) csrrw   a2, frm, t4
core   0: 1 0x0000000080004608 (0x002e9673) x12 0x0000000000000000 c2_frm 0x0000000000000000
core   0: 0x000000008000460c (0x40fc893b) subw    s2, s9, a5
core   0: 1 0x000000008000460c (0x40fc893b) x18 0x0000000000000011
core   0: 0x0000000080004610 (0x001c4093) xori    ra, s8, 1
core   0: 1 0x0000000080004610 (0x001c4093) x1  0x0000000080006039
core   0: 0x0000000080004614 (0xd030fad3) fcvt.s.lu fs5, ra
core   0: 1 0x0000000080004614 (0xd030fad3) c1_fflags 0x0000000000000011 f21 0xffffffff4f000060
core   0: 0x0000000080004618 (0x401071d3) fcvt.s.d ft3, ft0
core   0: 1 0x0000000080004618 (0x401071d3) f3  0xffffffff80000000
core   0: 0x000000008000461c (0xc03c7053) fcvt.lu.s zero, fs8
core   0: 1 0x000000008000461c (0xc03c7053) c1_fflags 0x0000000000000011
core   0: 0x0000000080004620 (0xc0377ed3) fcvt.lu.s t4, fa4
core   0: 1 0x0000000080004620 (0xc0377ed3) c1_fflags 0x0000000000000011 x29 0xffffffffffffffff
core   0: 0x0000000080004624 (0x00622bb3) slt     s7, tp, t1
core   0: 1 0x0000000080004624 (0x00622bb3) x23 0x0000000000000000
core   0: 0x0000000080004628 (0x01c9933b) sllw    t1, s3, t3
core   0: 1 0x0000000080004628 (0x01c9933b) x6  0x0000000000000011
core   0: 0x000000008000462c (0x0048913b) sllw    sp, a7, tp
core   0: 1 0x000000008000462c (0x0048913b) x2  0x0000000000000000
core   0: 0x0000000080004630 (0xe2018753) fmv.x.d a4, ft3
core   0: 1 0x0000000080004630 (0xe2018753) x14 0xffffffff80000000
core   0: 0x0000000080004634 (0xc2287ed3) fcvt.l.d t4, fa6
core   0: 1 0x0000000080004634 (0xc2287ed3) c1_fflags 0x0000000000000011 x29 0x7fffffffffffffff
core   0: 0x0000000080004638 (0x40045113) srai    sp, s0, 0
core   0: 1 0x0000000080004638 (0x40045113) x2  0x00003fffffff8000
core   0: 0x000000008000463c (0x002410f3) csrrw   ra, frm, s0
core   0: 1 0x000000008000463c (0x002410f3) x1  0x0000000000000000 c2_frm 0x0000000000000000
core   0: 0x0000000080004640 (0xd22c7253) fcvt.d.l ft4, s8
core   0: 1 0x0000000080004640 (0xd22c7253) f4  0x41e0000c07000000
core   0: 0x0000000080004644 (0x0a327353) fsub.d  ft6, ft4, ft3
core   0: 1 0x0000000080004644 (0x0a327353) f6  0x7ff8000000000000
core   0: 0x0000000080004648 (0x01cc89bb) addw    s3, s9, t3
core   0: 1 0x0000000080004648 (0x01cc89bb) x19 0x0000000000000010
core   0: 0x000000008000464c (0xd230fe53) fcvt.d.lu ft8, ra
core   0: 1 0x000000008000464c (0xd230fe53) f28 0x0000000000000000
core   0: 0x0000000080004650 (0x001c9d73) csrrw   s10, fflags, s9
core   0: 1 0x0000000080004650 (0x001c9d73) x26 0x0000000000000011 c1_fflags 0x0000000000000010
core   0: 0x0000000080004654 (0x06254a93) xori    s5, a0, 98
core   0: 1 0x0000000080004654 (0x06254a93) x21 0x0000000000000062
core   0: 0x0000000080004658 (0x4093833b) subw    t1, t2, s1
core   0: 1 0x0000000080004658 (0x4093833b) x6  0xffffffffc0ebca58
core   0: 0x000000008000465c (0xd0307953) fcvt.s.lu fs2, zero
core   0: 1 0x000000008000465c (0xd0307953) f18 0xffffffff00000000
core   0: 0x0000000080004660 (0x2260ad53) fsgnjx.d fs10, ft1, ft6
core   0: 1 0x0000000080004660 (0x2260ad53) f26 0x41eff14c00000000
core   0: 0x0000000080004664 (0x800ec293) xori    t0, t4, -2048
core   0: 1 0x0000000080004664 (0x800ec293) x5  0x80000000000007ff
core   0: 0x0000000080004668 (0xc219f6d3) fcvt.wu.d a3, fs3
core   0: 1 0x0000000080004668 (0xc219f6d3) c1_fflags 0x0000000000000011 x13 0x0000000000000000
core   0: 0x000000008000466c (0x02d19733) mulh    a4, gp, a3
core   0: 1 0x000000008000466c (0x02d19733) x14 0x0000000000000000
core   0: 0x0000000080004670 (0x04d51a17) auipc   s4, 0x4d51
core   0: 1 0x0000000080004670 (0x04d51a17) x20 0x0000000084d55670
core   0: 0x0000000080004674 (0x001e1d73) csrrw   s10, fflags, t3
core   0: 1 0x0000000080004674 (0x001e1d73) x26 0x0000000000000011 c1_fflags 0x0000000000000000
core   0: 0x0000000080004678 (0xd2148e53) fcvt.d.wu ft8, s1
core   0: 1 0x0000000080004678 (0xd2148e53) f28 0x41aa074b50000000
core   0: 0x000000008000467c (0x001025f3) csrrs   a1, fflags, zero
core   0: 1 0x000000008000467c (0x001025f3) x11 0x0000000000000000
core   0: 0x0000000080004680 (0x236f8553) fsgnj.d fa0, ft11, fs6
core   0: 1 0x0000000080004680 (0x236f8553) f10 0x7ff8000000000000
core   0: 0x0000000080004684 (0xd3a4f7c3) fmadd.d fa5, fs1, fs10, fs10
core   0: 1 0x0000000080004684 (0xd3a4f7c3) f15 0x7ff8000000000000
core   0: 0x0000000080004688 (0x00000001) c.nop
core   0: 1 0x0000000080004688 (0x0001)
core   0: 0x000000008000468a (0x12f2f3d3) fmul.d  ft7, ft5, fa5
core   0: 1 0x000000008000468a (0x12f2f3d3) f7  0x7ff8000000000000
core   0: 0x000000008000468e (0x002a893b) addw    s2, s5, sp
core   0: 1 0x000000008000468e (0x002a893b) x18 0xffffffffffff8062
core   0: 0x0000000080004692 (0x41275233) sra     tp, a4, s2
core   0: 1 0x0000000080004692 (0x41275233) x4  0x0000000000000000
core   0: 0x0000000080004696 (0xe2038c53) fmv.x.d s8, ft7
core   0: 1 0x0000000080004696 (0xe2038c53) x24 0x7ff8000000000000
core   0: 0x000000008000469a (0xc9000337) lui     t1, 0xc9000
core   0: 1 0x000000008000469a (0xc9000337) x6  0xffffffffc9000000
core   0: 0x000000008000469e (0x000a8e1b) sext.w  t3, s5
core   0: 1 0x000000008000469e (0x000a8e1b) x28 0x0000000000000062
core   0: 0x00000000800046a2 (0x03f19793) slli    a5, gp, 63
core   0: 1 0x00000000800046a2 (0x03f19793) x15 0x0000000000000000
core   0: 0x00000000800046a6 (0x41f5d31b) sraiw   t1, a1, 31
core   0: 1 0x00000000800046a6 (0x41f5d31b) x6  0x0000000000000000
core   0: 0x00000000800046aa (0x000e7e33) and     t3, t3, zero
core   0: 1 0x00000000800046aa (0x000e7e33) x28 0x0000000000000000
core   0: 0x00000000800046ae (0x02bbc5b3) div     a1, s7, a1
core   0: 1 0x00000000800046ae (0x02bbc5b3) x11 0xffffffffffffffff
core   0: 0x00000000800046b2 (0x800c8c9b) addiw   s9, s9, -2048
core   0: 1 0x00000000800046b2 (0x800c8c9b) x25 0xfffffffffffff810
core   0: 0x00000000800046b6 (0x0312d213) srli    tp, t0, 49
core   0: 1 0x00000000800046b6 (0x0312d213) x4  0x0000000000004000
core   0: 0x00000000800046ba (0x00019193) slli    gp, gp, 0
core   0: 1 0x00000000800046ba (0x00019193) x3  0x0000000000000000
core   0: 0x00000000800046be (0x0370e0b3) rem     ra, ra, s7
core   0: 1 0x00000000800046be (0x0370e0b3) x1  0x0000000000000000
core   0: 0x00000000800046c2 (0x41180cb3) sub     s9, a6, a7
core   0: 1 0x00000000800046c2 (0x41180cb3) x25 0xff00000000000000
core   0: 0x00000000800046c6 (0x02e8573b) divuw   a4, a6, a4
core   0: 1 0x00000000800046c6 (0x02e8573b) x14 0xffffffffffffffff
core   0: 0x00000000800046ca (0x7ffe7b13) andi    s6, t3, 2047
core   0: 1 0x00000000800046ca (0x7ffe7b13) x22 0x0000000000000000
core   0: 0x00000000800046ce (0x3ac1f34b) fnmsub.d ft6, ft3, fa2, ft7
core   0: 1 0x00000000800046ce (0x3ac1f34b) f6  0x7ff8000000000000
core   0: 0x00000000800046d2 (0x002026f3) csrrs   a3, frm, zero
core   0: 1 0x00000000800046d2 (0x002026f3) x13 0x0000000000000000
core   0: 0x00000000800046d6 (0x0341dc3b) divuw   s8, gp, s4
core   0: 1 0x00000000800046d6 (0x0341dc3b) x24 0x0000000000000000
core   0: 0x00000000800046da (0x0144da33) srl     s4, s1, s4
core   0: 1 0x00000000800046da (0x0144da33) x20 0x0000000000000000
core   0: 0x00000000800046de (0x43fa5b93) srai    s7, s4, 63
core   0: 1 0x00000000800046de (0x43fa5b93) x23 0x0000000000000000
core   0: 0x00000000800046e2 (0x0371f23b) remuw   tp, gp, s7
core   0: 1 0x00000000800046e2 (0x0371f23b) x4  0x0000000000000000
core   0: 0x00000000800046e6 (0x002022f3) csrrs   t0, frm, zero
core   0: 1 0x00000000800046e6 (0x002022f3) x5  0x0000000000000000
core   0: 0x00000000800046ea (0x03c80cb3) mul     s9, a6, t3
core   0: 1 0x00000000800046ea (0x03c80cb3) x25 0x0000000000000000
core   0: 0x00000000800046ee (0x00a51e3b) sllw    t3, a0, a0
core   0: 1 0x00000000800046ee (0x00a51e3b) x28 0x0000000000000000
core   0: 0x00000000800046f2 (0x13b97dd3) fmul.d  fs11, fs2, fs11
core   0: 1 0x00000000800046f2 (0x13b97dd3) f27 0x7ff8000000000000
core   0: 0x00000000800046f6 (0xd21982d3) fcvt.d.wu ft5, s3
core   0: 1 0x00000000800046f6 (0xd21982d3) f5  0x4030000000000000
core   0: 0x00000000800046fa (0x1a527253) fdiv.d  ft4, ft4, ft5
core   0: 1 0x00000000800046fa (0x1a527253) f4  0x41a0000c07000000
core   0: 0x00000000800046fe (0x00102d73) csrrs   s10, fflags, zero
core   0: 1 0x00000000800046fe (0x00102d73) x26 0x0000000000000000
core   0: 0x0000000080004702 (0x002025f3) csrrs   a1, frm, zero
core   0: 1 0x0000000080004702 (0x002025f3) x11 0x0000000000000000
core   0: 0x0000000080004706 (0xc032f9d3) fcvt.lu.s s3, ft5
core   0: 1 0x0000000080004706 (0xc032f9d3) c1_fflags 0x0000000000000010 x19 0xffffffffffffffff
core   0: 0x000000008000470a (0x0a46ffd3) fsub.d  ft11, fa3, ft4
core   0: 1 0x000000008000470a (0x0a46ffd3) f31 0x7ff8000000000000
core   0: 0x000000008000470e (0x01007933) and     s2, zero, a6
core   0: 1 0x000000008000470e (0x01007933) x18 0x0000000000000000
core   0: 0x0000000080004712 (0xc02819f3) csrrw   s3, instret, a6
core   0: exception trap_illegal_instruction, epc 0x0000000080004712
core   0:           tval 0x00000000c02819f3
core   0: >>>>  $xrv64i2p1_m2p0_a2p1_f2p2_d2p2_zicsr2p0_zifencei2p0_zmmul1p0_zba1p0_zbb1p0_zbc1p0_zbs1p0
core   0: 0x0000000080004000 (0x0080006f) j       pc + 0x8
core   0: 3 0x0000000080004000 (0x0080006f)
core   0: >>>>  mmode_exception_handler
core   0: 0x0000000080004008 (0x00002c17) auipc   s8, 0x2
core   0: 3 0x0000000080004008 (0x00002c17) x24 0x0000000080006008
core   0: 0x000000008000400c (0x030c0c13) addi    s8, s8, 48
core   0: 3 0x000000008000400c (0x030c0c13) x24 0x0000000080006038
core   0: 0x0000000080004010 (0x000c00e7) jalr    s8
core   0: 3 0x0000000080004010 (0x000c00e7) x1  0x0000000080004014
core   0: >>>>  any_handler
core   0: 0x0000000080006038 (0x341027f3) csrrs   a5, mepc, zero
core   0: 3 0x0000000080006038 (0x341027f3) x15 0x0000000080004712
core   0: 0x000000008000603c (0x34202773) csrrs   a4, mcause, zero
core   0: 3 0x000000008000603c (0x34202773) x14 0x0000000000000002
core   0: 0x0000000080006040 (0x142026f3) csrrs   a3, scause, zero
core   0: 3 0x0000000080006040 (0x142026f3) x13 0x0000000000000000
core   0: 0x0000000080006044 (0x30402673) csrrs   a2, mie, zero
core   0: 3 0x0000000080006044 (0x30402673) x12 0x0000000000000a00
core   0: 0x0000000080006048 (0x344025f3) csrrs   a1, mip, zero
core   0: 3 0x0000000080006048 (0x344025f3) x11 0x0000000000000080
core   0: 0x000000008000604c (0x343025f3) csrrs   a1, mtval, zero
core   0: 3 0x000000008000604c (0x343025f3) x11 0x00000000c02819f3
core   0: 0x0000000080006050 (0x14302573) csrrs   a0, stval, zero
core   0: 3 0x0000000080006050 (0x14302573) x10 0x0000000000000000
core   0: 0x0000000080006054 (0xb02024f3) csrrs   s1, minstret, zero
core   0: 3 0x0000000080006054 (0xb02024f3) x9  0x00000000000009e5
core   0: 0x0000000080006058 (0x0000a811) c.j     pc + 20
core   0: 3 0x0000000080006058 (0xa811)
core   0: >>>>  mepc_4
core   0: 0x000000008000606c (0x00000791) c.addi  a5, 4
core   0: 3 0x000000008000606c (0x0791) x15 0x0000000080004716
core   0: 0x000000008000606e (0x34179073) csrrw   zero, mepc, a5
core   0: 3 0x000000008000606e (0x34179073) c833_mepc 0x0000000080004716
core   0: 0x0000000080006072 (0x30200073) mret
core   0: 3 0x0000000080006072 (0x30200073) c768_mstatus 0x8000000a00106080
core   0: 0x0000000080004716 (0xc05730f3) csrrc   ra, hpmcounter5, a4
core   0: exception trap_illegal_instruction, epc 0x0000000080004716
core   0:           tval 0x00000000c05730f3
core   0: >>>>  $xrv64i2p1_m2p0_a2p1_f2p2_d2p2_zicsr2p0_zifencei2p0_zmmul1p0_zba1p0_zbb1p0_zbc1p0_zbs1p0
core   0: 0x0000000080004000 (0x0080006f) j       pc + 0x8
core   0: 3 0x0000000080004000 (0x0080006f)
core   0: >>>>  mmode_exception_handler
core   0: 0x0000000080004008 (0x00002c17) auipc   s8, 0x2
core   0: 3 0x0000000080004008 (0x00002c17) x24 0x0000000080006008
core   0: 0x000000008000400c (0x030c0c13) addi    s8, s8, 48
core   0: 3 0x000000008000400c (0x030c0c13) x24 0x0000000080006038
core   0: 0x0000000080004010 (0x000c00e7) jalr    s8
core   0: 3 0x0000000080004010 (0x000c00e7) x1  0x0000000080004014
core   0: >>>>  any_handler
core   0: 0x0000000080006038 (0x341027f3) csrrs   a5, mepc, zero
core   0: 3 0x0000000080006038 (0x341027f3) x15 0x0000000080004716
core   0: 0x000000008000603c (0x34202773) csrrs   a4, mcause, zero
core   0: 3 0x000000008000603c (0x34202773) x14 0x0000000000000002
core   0: 0x0000000080006040 (0x142026f3) csrrs   a3, scause, zero
core   0: 3 0x0000000080006040 (0x142026f3) x13 0x0000000000000000
core   0: 0x0000000080006044 (0x30402673) csrrs   a2, mie, zero
core   0: 3 0x0000000080006044 (0x30402673) x12 0x0000000000000a00
core   0: 0x0000000080006048 (0x344025f3) csrrs   a1, mip, zero
core   0: 3 0x0000000080006048 (0x344025f3) x11 0x0000000000000080
core   0: 0x000000008000604c (0x343025f3) csrrs   a1, mtval, zero
core   0: 3 0x000000008000604c (0x343025f3) x11 0x00000000c05730f3
core   0: 0x0000000080006050 (0x14302573) csrrs   a0, stval, zero
core   0: 3 0x0000000080006050 (0x14302573) x10 0x0000000000000000
core   0: 0x0000000080006054 (0xb02024f3) csrrs   s1, minstret, zero
core   0: 3 0x0000000080006054 (0xb02024f3) x9  0x00000000000009f5
core   0: 0x0000000080006058 (0x0000a811) c.j     pc + 20
core   0: 3 0x0000000080006058 (0xa811)
core   0: >>>>  mepc_4
core   0: 0x000000008000606c (0x00000791) c.addi  a5, 4
core   0: 3 0x000000008000606c (0x0791) x15 0x000000008000471a
core   0: 0x000000008000606e (0x34179073) csrrw   zero, mepc, a5
core   0: 3 0x000000008000606e (0x34179073) c833_mepc 0x000000008000471a
core   0: 0x0000000080006072 (0x30200073) mret
core   0: 3 0x0000000080006072 (0x30200073) c768_mstatus 0x8000000a00106080
core   0: 0x000000008000471a (0x6e615417) auipc   s0, 0x6e615
core   0: 1 0x000000008000471a (0x6e615417) x8  0x00000000ee61971a
core   0: 0x000000008000471e (0xd22473d3) fcvt.d.l ft7, s0
core   0: 1 0x000000008000471e (0xd22473d3) f7  0x41edcc32e3400000
core   0: 0x0000000080004722 (0x02bbdd93) srli    s11, s7, 43
core   0: 1 0x0000000080004722 (0x02bbdd93) x27 0x0000000000000000
core   0: 0x0000000080004726 (0x02cef133) remu    sp, t4, a2
core   0: 1 0x0000000080004726 (0x02cef133) x2  0x00000000000007ff
core   0: 0x000000008000472a (0x7317f74f) fnmadd.d fa4, fa5, fa7, fa4
core   0: 1 0x000000008000472a (0x7317f74f) f14 0x7ff8000000000000
core   0: 0x000000008000472e (0xd0317653) fcvt.s.lu fa2, sp
core   0: 1 0x000000008000472e (0xd0317653) f12 0xffffffff44ffe000
core   0: 0x0000000080004732 (0x0007d793) srli    a5, a5, 0
core   0: 1 0x0000000080004732 (0x0007d793) x15 0x000000008000471a
core   0: 0x0000000080004736 (0x0009a7b3) slt     a5, s3, zero
core   0: 1 0x0000000080004736 (0x0009a7b3) x15 0x0000000000000001
core   0: 0x000000008000473a (0x01ac7133) and     sp, s8, s10
core   0: 1 0x000000008000473a (0x01ac7133) x2  0x0000000000000000
core   0: 0x000000008000473e (0xc03970d3) fcvt.lu.s ra, fs2
core   0: 1 0x000000008000473e (0xc03970d3) x1  0x0000000000000000
core   0: 0x0000000080004742 (0x00102af3) csrrs   s5, fflags, zero
core   0: 1 0x0000000080004742 (0x00102af3) x21 0x0000000000000010
core   0: 0x0000000080004746 (0x237715d3) fsgnjn.d fa1, fa4, fs7
core   0: 1 0x0000000080004746 (0x237715d3) f11 0xfff8000000000000
core   0: 0x000000008000474a (0x00000001) c.nop
core   0: 1 0x000000008000474a (0x0001)
core   0: 0x000000008000474c (0x02b0b5b3) mulhu   a1, ra, a1
core   0: 1 0x000000008000474c (0x02b0b5b3) x11 0x0000000000000000
core   0: 0x0000000080004750 (0x00202ef3) csrrs   t4, frm, zero
core   0: 1 0x0000000080004750 (0x00202ef3) x29 0x0000000000000000
core   0: 0x0000000080004754 (0x40be803b) subw    zero, t4, a1
core   0: 1 0x0000000080004754 (0x40be803b)
core   0: 0x0000000080004758 (0x78087513) andi    a0, a6, 1920
core   0: 1 0x0000000080004758 (0x78087513) x10 0x0000000000000000
core   0: 0x000000008000475c (0x002756b3) srl     a3, a4, sp
core   0: 1 0x000000008000475c (0x002756b3) x13 0x0000000000000002
core   0: 0x0000000080004760 (0xd22772d3) fcvt.d.l ft5, a4
core   0: 1 0x0000000080004760 (0xd22772d3) f5  0x4000000000000000
core   0: 0x0000000080004764 (0xc0247353) fcvt.l.s t1, fs0
core   0: 1 0x0000000080004764 (0xc0247353) c1_fflags 0x0000000000000010 x6  0x7fffffffffffffff
core   0: 0x0000000080004768 (0x40ac563b) sraw    a2, s8, a0
core   0: 1 0x0000000080004768 (0x40ac563b) x12 0xffffffff80006038
core   0: 0x000000008000476c (0x03988cb3) mul     s9, a7, s9
core   0: 1 0x000000008000476c (0x03988cb3) x25 0x0000000000000000
core   0: 0x0000000080004770 (0x000d1413) slli    s0, s10, 0
core   0: 1 0x0000000080004770 (0x000d1413) x8  0x0000000000000000
core   0: 0x0000000080004774 (0x0c296c93) ori     s9, s2, 194
core   0: 1 0x0000000080004774 (0x0c296c93) x25 0x00000000000000c2
core   0: 0x0000000080004778 (0x00000001) c.nop
core   0: 1 0x0000000080004778 (0x0001)
core   0: 0x000000008000477a (0x411cd03b) sraw    zero, s9, a7
core   0: 1 0x000000008000477a (0x411cd03b)
core   0: 0x000000008000477e (0x0ff0000f) fence   iorw,iorw
core   0: 1 0x000000008000477e (0x0ff0000f)
core   0: 0x0000000080004782 (0x017076b3) and     a3, zero, s7
core   0: 1 0x0000000080004782 (0x017076b3) x13 0x0000000000000000
core   0: 0x0000000080004786 (0x5aa80eb7) lui     t4, 0x5aa80
core   0: 1 0x0000000080004786 (0x5aa80eb7) x29 0x000000005aa80000
core   0: 0x000000008000478a (0xf074b2b7) lui     t0, 0xf074b
core   0: 1 0x000000008000478a (0xf074b2b7) x5  0xfffffffff074b000
core   0: 0x000000008000478e (0x00000001) c.nop
core   0: 1 0x000000008000478e (0x0001)
core   0: 0x0000000080004790 (0x8846849b) addiw   s1, a3, -1916
core   0: 1 0x0000000080004790 (0x8846849b) x9  0xfffffffffffff884
core   0: 0x0000000080004794 (0x1ae4f753) fdiv.d  fa4, fs1, fa4
core   0: 1 0x0000000080004794 (0x1ae4f753) f14 0x7ff8000000000000
core   0: 0x0000000080004798 (0x03d48c33) mul     s8, s1, t4
core   0: 1 0x0000000080004798 (0x03d48c33) x24 0xfffffd597ea00000
core   0: 0x000000008000479c (0x0014969b) slliw   a3, s1, 1
core   0: 1 0x000000008000479c (0x0014969b) x13 0xfffffffffffff108
core   0: 0x00000000800047a0 (0x41c68833) sub     a6, a3, t3
core   0: 1 0x00000000800047a0 (0x41c68833) x16 0xfffffffffffff108
core   0: 0x00000000800047a4 (0x0181f1b7) lui     gp, 0x181f
core   0: 1 0x00000000800047a4 (0x0181f1b7) x3  0x000000000181f000
core   0: 0x00000000800047a8 (0xef71819b) addiw   gp, gp, -265
core   0: 1 0x00000000800047a8 (0xef71819b) x3  0x000000000181eef7
core   0: 0x00000000800047ac (0x000001ba) c.slli  gp, 14
core   0: 1 0x00000000800047ac (0x01ba) x3  0x000000607bbdc000
core   0: 0x00000000800047ae (0x4b318193) addi    gp, gp, 1203
core   0: 1 0x00000000800047ae (0x4b318193) x3  0x000000607bbdc4b3
core   0: 0x00000000800047b2 (0x420c8fd3) fcvt.d.s ft11, fs9
core   0: 1 0x00000000800047b2 (0x420c8fd3) f31 0x7ff8000000000000
core   0: 0x00000000800047b6 (0x0001fe33) and     t3, gp, zero
core   0: 1 0x00000000800047b6 (0x0001fe33) x28 0x0000000000000000
core   0: 0x00000000800047ba (0x001583b7) lui     t2, 0x158
core   0: 1 0x00000000800047ba (0x001583b7) x7  0x0000000000158000
core   0: 0x00000000800047be (0x7dd3839b) addiw   t2, t2, 2013
core   0: 1 0x00000000800047be (0x7dd3839b) x7  0x00000000001587dd
core   0: 0x00000000800047c2 (0x000003b6) c.slli  t2, 13
core   0: 1 0x00000000800047c2 (0x03b6) x7  0x00000002b0fba000
core   0: 0x00000000800047c4 (0x4e538393) addi    t2, t2, 1253
core   0: 1 0x00000000800047c4 (0x4e538393) x7  0x00000002b0fba4e5
core   0: 0x00000000800047c8 (0xc03ff5d3) fcvt.lu.s a1, ft11
core   0: 1 0x00000000800047c8 (0xc03ff5d3) c1_fflags 0x0000000000000010 x11 0xffffffffffffffff
core   0: 0x00000000800047cc (0x4011f1d3) fcvt.s.d ft3, ft3
core   0: 1 0x00000000800047cc (0x4011f1d3) f3  0xffffffff7fc00000
core   0: 0x00000000800047d0 (0xc038fdd3) fcvt.lu.s s11, fa7
core   0: 1 0x00000000800047d0 (0xc038fdd3) c1_fflags 0x0000000000000010 x27 0xffffffffffffffff
core   0: 0x00000000800047d4 (0x00b395bb) sllw    a1, t2, a1
core   0: 1 0x00000000800047d4 (0x00b395bb) x11 0xffffffff80000000
core   0: 0x00000000800047d8 (0x00c97eb7) lui     t4, 0xc97
core   0: 1 0x00000000800047d8 (0x00c97eb7) x29 0x0000000000c97000
core   0: 0x00000000800047dc (0x4d3e8e9b) addiw   t4, t4, 1235
core   0: 1 0x00000000800047dc (0x4d3e8e9b) x29 0x0000000000c974d3
core   0: 0x00000000800047e0 (0x00000ebe) c.slli  t4, 15
core   0: 1 0x00000000800047e0 (0x0ebe) x29 0x00000064ba698000
core   0: 0x00000000800047e2 (0x732e8e93) addi    t4, t4, 1842
core   0: 1 0x00000000800047e2 (0x732e8e93) x29 0x00000064ba698732
core   0: 0x00000000800047e6 (0xa2970dd3) fle.d   s11, fa4, fs1
core   0: 1 0x00000000800047e6 (0xa2970dd3) c1_fflags 0x0000000000000010 x27 0x0000000000000000
core   0: 0x00000000800047ea (0x02d1e0b3) rem     ra, gp, a3
core   0: 1 0x00000000800047ea (0x02d1e0b3) x1  0x0000000000000313
core   0: 0x00000000800047ee (0x010bea33) or      s4, s7, a6
core   0: 1 0x00000000800047ee (0x010bea33) x20 0xfffffffffffff108
core   0: 0x00000000800047f2 (0x0013e393) ori     t2, t2, 1
core   0: 1 0x00000000800047f2 (0x0013e393) x7  0x00000002b0fba4e5
core   0: 0x00000000800047f6 (0x22f50953) fsgnj.d fs2, fa0, fa5
core   0: 1 0x00000000800047f6 (0x22f50953) f18 0x7ff8000000000000
core   0: 0x00000000800047fa (0x03fa1593) slli    a1, s4, 63
core   0: 1 0x00000000800047fa (0x03fa1593) x11 0x0000000000000000
core   0: 0x00000000800047fe (0x00002d81) c.addiw s11, 0
core   0: 1 0x00000000800047fe (0x2d81) x27 0x0000000000000000
core   0: 0x0000000080004800 (0x01d304b3) add     s1, t1, t4
core   0: 1 0x0000000080004800 (0x01d304b3) x9  0x80000064ba698731
core   0: 0x0000000080004804 (0x80046b93) ori     s7, s0, -2048
core   0: 1 0x0000000080004804 (0x80046b93) x23 0xfffffffffffff800
core   0: 0x0000000080004808 (0xb02b9873) csrrw   a6, minstret, s7
core   0: exception trap_illegal_instruction, epc 0x0000000080004808
core   0:           tval 0x00000000b02b9873
core   0: >>>>  $xrv64i2p1_m2p0_a2p1_f2p2_d2p2_zicsr2p0_zifencei2p0_zmmul1p0_zba1p0_zbb1p0_zbc1p0_zbs1p0
core   0: 0x0000000080004000 (0x0080006f) j       pc + 0x8
core   0: 3 0x0000000080004000 (0x0080006f)
core   0: >>>>  mmode_exception_handler
core   0: 0x0000000080004008 (0x00002c17) auipc   s8, 0x2
core   0: 3 0x0000000080004008 (0x00002c17) x24 0x0000000080006008
core   0: 0x000000008000400c (0x030c0c13) addi    s8, s8, 48
core   0: 3 0x000000008000400c (0x030c0c13) x24 0x0000000080006038
core   0: 0x0000000080004010 (0x000c00e7) jalr    s8
core   0: 3 0x0000000080004010 (0x000c00e7) x1  0x0000000080004014
core   0: >>>>  any_handler
core   0: 0x0000000080006038 (0x341027f3) csrrs   a5, mepc, zero
core   0: 3 0x0000000080006038 (0x341027f3) x15 0x0000000080004808
core   0: 0x000000008000603c (0x34202773) csrrs   a4, mcause, zero
core   0: 3 0x000000008000603c (0x34202773) x14 0x0000000000000002
core   0: 0x0000000080006040 (0x142026f3) csrrs   a3, scause, zero
core   0: 3 0x0000000080006040 (0x142026f3) x13 0x0000000000000000
core   0: 0x0000000080006044 (0x30402673) csrrs   a2, mie, zero
core   0: 3 0x0000000080006044 (0x30402673) x12 0x0000000000000a00
core   0: 0x0000000080006048 (0x344025f3) csrrs   a1, mip, zero
core   0: 3 0x0000000080006048 (0x344025f3) x11 0x0000000000000080
core   0: 0x000000008000604c (0x343025f3) csrrs   a1, mtval, zero
core   0: 3 0x000000008000604c (0x343025f3) x11 0x00000000b02b9873
core   0: 0x0000000080006050 (0x14302573) csrrs   a0, stval, zero
core   0: 3 0x0000000080006050 (0x14302573) x10 0x0000000000000000
core   0: 0x0000000080006054 (0xb02024f3) csrrs   s1, minstret, zero
core   0: 3 0x0000000080006054 (0xb02024f3) x9  0x0000000000000a44
core   0: 0x0000000080006058 (0x0000a811) c.j     pc + 20
core   0: 3 0x0000000080006058 (0xa811)
core   0: >>>>  mepc_4
core   0: 0x000000008000606c (0x00000791) c.addi  a5, 4
core   0: 3 0x000000008000606c (0x0791) x15 0x000000008000480c
core   0: 0x000000008000606e (0x34179073) csrrw   zero, mepc, a5
core   0: 3 0x000000008000606e (0x34179073) c833_mepc 0x000000008000480c
core   0: 0x0000000080006072 (0x30200073) mret
core   0: 3 0x0000000080006072 (0x30200073) c768_mstatus 0x8000000a00106080
core   0: 0x000000008000480c (0x00224033) xor     zero, tp, sp
core   0: 1 0x000000008000480c (0x00224033)
core   0: 0x0000000080004810 (0xd228f253) fcvt.d.l ft4, a7
core   0: 1 0x0000000080004810 (0xd228f253) f4  0x0000000000000000
core   0: 0x0000000080004814 (0xd0287cd3) fcvt.s.l fs9, a6
core   0: 1 0x0000000080004814 (0xd0287cd3) f25 0xffffffffc56f8000
core   0: 0x0000000080004818 (0x000b9213) slli    tp, s7, 0
core   0: 1 0x0000000080004818 (0x000b9213) x4  0xfffffffffffff800
core   0: 0x000000008000481c (0xcb5c744b) fnmsub.d fs0, fs8, fs5, fs9
core   0: 1 0x000000008000481c (0xcb5c744b) f8  0x7ff8000000000000
core   0: 0x0000000080004820 (0x24202497) auipc   s1, 0x24202
core   0: 1 0x0000000080004820 (0x24202497) x9  0x00000000a4206820
core   0: 0x0000000080004824 (0x01d69833) sll     a6, a3, t4
core   0: 1 0x0000000080004824 (0x01d69833) x16 0x0000000000000000
core   0: 0x0000000080004828 (0x22f410d3) fsgnjn.d ft1, fs0, fa5
core   0: 1 0x0000000080004828 (0x22f410d3) f1  0xfff8000000000000
core   0: 0x000000008000482c (0x400c561b) sraiw   a2, s8, 0
core   0: 1 0x000000008000482c (0x400c561b) x12 0xffffffff80006038
core   0: 0x0000000080004830 (0x0003d393) srli    t2, t2, 0
core   0: 1 0x0000000080004830 (0x0003d393) x7  0x00000002b0fba4e5
core   0: 0x0000000080004834 (0x4009de93) srai    t4, s3, 0
core   0: 1 0x0000000080004834 (0x4009de93) x29 0xffffffffffffffff
core   0: 0x0000000080004838 (0x027c72d3) fadd.d  ft5, fs8, ft7
core   0: 1 0x0000000080004838 (0x027c72d3) f5  0x7ff8000000000000
core   0: 0x000000008000483c (0xd033f653) fcvt.s.lu fa2, t2
core   0: 1 0x000000008000483c (0xd033f653) c1_fflags 0x0000000000000011 f12 0xffffffff502c3ee9
core   0: 0x0000000080004840 (0x009b04bb) addw    s1, s6, s1
core   0: 1 0x0000000080004840 (0x009b04bb) x9  0xffffffffa4206820
core   0: 0x0000000080004844 (0x129cfcd3) fmul.d  fs9, fs9, fs1
core   0: 1 0x0000000080004844 (0x129cfcd3) f25 0x7ff8000000000000
core   0: 0x0000000080004848 (0xc4c8ce97) auipc   t4, 0xc4c8c
core   0: 1 0x0000000080004848 (0xc4c8ce97) x29 0x0000000044c90848
core   0: 0x000000008000484c (0xf1462cf3) csrrs   s9, mhartid, a2
core   0: exception trap_illegal_instruction, epc 0x000000008000484c
core   0:           tval 0x00000000f1462cf3
core   0: >>>>  $xrv64i2p1_m2p0_a2p1_f2p2_d2p2_zicsr2p0_zifencei2p0_zmmul1p0_zba1p0_zbb1p0_zbc1p0_zbs1p0
core   0: 0x0000000080004000 (0x0080006f) j       pc + 0x8
core   0: 3 0x0000000080004000 (0x0080006f)
core   0: >>>>  mmode_exception_handler
core   0: 0x0000000080004008 (0x00002c17) auipc   s8, 0x2
core   0: 3 0x0000000080004008 (0x00002c17) x24 0x0000000080006008
core   0: 0x000000008000400c (0x030c0c13) addi    s8, s8, 48
core   0: 3 0x000000008000400c (0x030c0c13) x24 0x0000000080006038
core   0: 0x0000000080004010 (0x000c00e7) jalr    s8
core   0: 3 0x0000000080004010 (0x000c00e7) x1  0x0000000080004014
core   0: >>>>  any_handler
core   0: 0x0000000080006038 (0x341027f3) csrrs   a5, mepc, zero
core   0: 3 0x0000000080006038 (0x341027f3) x15 0x000000008000484c
core   0: 0x000000008000603c (0x34202773) csrrs   a4, mcause, zero
core   0: 3 0x000000008000603c (0x34202773) x14 0x0000000000000002
core   0: 0x0000000080006040 (0x142026f3) csrrs   a3, scause, zero
core   0: 3 0x0000000080006040 (0x142026f3) x13 0x0000000000000000
core   0: 0x0000000080006044 (0x30402673) csrrs   a2, mie, zero
core   0: 3 0x0000000080006044 (0x30402673) x12 0x0000000000000a00
core   0: 0x0000000080006048 (0x344025f3) csrrs   a1, mip, zero
core   0: 3 0x0000000080006048 (0x344025f3) x11 0x0000000000000080
core   0: 0x000000008000604c (0x343025f3) csrrs   a1, mtval, zero
core   0: 3 0x000000008000604c (0x343025f3) x11 0x00000000f1462cf3
core   0: 0x0000000080006050 (0x14302573) csrrs   a0, stval, zero
core   0: 3 0x0000000080006050 (0x14302573) x10 0x0000000000000000
core   0: 0x0000000080006054 (0xb02024f3) csrrs   s1, minstret, zero
core   0: 3 0x0000000080006054 (0xb02024f3) x9  0x0000000000000a64
core   0: 0x0000000080006058 (0x0000a811) c.j     pc + 20
core   0: 3 0x0000000080006058 (0xa811)
core   0: >>>>  mepc_4
core   0: 0x000000008000606c (0x00000791) c.addi  a5, 4
core   0: 3 0x000000008000606c (0x0791) x15 0x0000000080004850
core   0: 0x000000008000606e (0x34179073) csrrw   zero, mepc, a5
core   0: 3 0x000000008000606e (0x34179073) c833_mepc 0x0000000080004850
core   0: 0x0000000080006072 (0x30200073) mret
core   0: 3 0x0000000080006072 (0x30200073) c768_mstatus 0x8000000a00106080
core   0: 0x0000000080004850 (0xc22973d3) fcvt.l.d t2, fs2
core   0: 1 0x0000000080004850 (0xc22973d3) c1_fflags 0x0000000000000011 x7  0x7fffffffffffffff
core   0: 0x0000000080004854 (0xf15feb73) csrrsi  s6, mconfigptr, 31
core   0: exception trap_illegal_instruction, epc 0x0000000080004854
core   0:           tval 0x00000000f15feb73
core   0: >>>>  $xrv64i2p1_m2p0_a2p1_f2p2_d2p2_zicsr2p0_zifencei2p0_zmmul1p0_zba1p0_zbb1p0_zbc1p0_zbs1p0
core   0: 0x0000000080004000 (0x0080006f) j       pc + 0x8
core   0: 3 0x0000000080004000 (0x0080006f)
core   0: >>>>  mmode_exception_handler
core   0: 0x0000000080004008 (0x00002c17) auipc   s8, 0x2
core   0: 3 0x0000000080004008 (0x00002c17) x24 0x0000000080006008
core   0: 0x000000008000400c (0x030c0c13) addi    s8, s8, 48
core   0: 3 0x000000008000400c (0x030c0c13) x24 0x0000000080006038
core   0: 0x0000000080004010 (0x000c00e7) jalr    s8
core   0: 3 0x0000000080004010 (0x000c00e7) x1  0x0000000080004014
core   0: >>>>  any_handler
core   0: 0x0000000080006038 (0x341027f3) csrrs   a5, mepc, zero
core   0: 3 0x0000000080006038 (0x341027f3) x15 0x0000000080004854
core   0: 0x000000008000603c (0x34202773) csrrs   a4, mcause, zero
core   0: 3 0x000000008000603c (0x34202773) x14 0x0000000000000002
core   0: 0x0000000080006040 (0x142026f3) csrrs   a3, scause, zero
core   0: 3 0x0000000080006040 (0x142026f3) x13 0x0000000000000000
core   0: 0x0000000080006044 (0x30402673) csrrs   a2, mie, zero
core   0: 3 0x0000000080006044 (0x30402673) x12 0x0000000000000a00
core   0: 0x0000000080006048 (0x344025f3) csrrs   a1, mip, zero
core   0: 3 0x0000000080006048 (0x344025f3) x11 0x0000000000000080
core   0: 0x000000008000604c (0x343025f3) csrrs   a1, mtval, zero
core   0: 3 0x000000008000604c (0x343025f3) x11 0x00000000f15feb73
core   0: 0x0000000080006050 (0x14302573) csrrs   a0, stval, zero
core   0: 3 0x0000000080006050 (0x14302573) x10 0x0000000000000000
core   0: 0x0000000080006054 (0xb02024f3) csrrs   s1, minstret, zero
core   0: 3 0x0000000080006054 (0xb02024f3) x9  0x0000000000000a75
core   0: 0x0000000080006058 (0x0000a811) c.j     pc + 20
core   0: 3 0x0000000080006058 (0xa811)
core   0: >>>>  mepc_4
core   0: 0x000000008000606c (0x00000791) c.addi  a5, 4
core   0: 3 0x000000008000606c (0x0791) x15 0x0000000080004858
core   0: 0x000000008000606e (0x34179073) csrrw   zero, mepc, a5
core   0: 3 0x000000008000606e (0x34179073) c833_mepc 0x0000000080004858
core   0: 0x0000000080006072 (0x30200073) mret
core   0: 3 0x0000000080006072 (0x30200073) c768_mstatus 0x8000000a00106080
core   0: 0x0000000080004858 (0x831ff8cb) fnmsub.d fa7, ft11, fa7, fa6
core   0: 1 0x0000000080004858 (0x831ff8cb) f17 0x7ff8000000000000
core   0: 0x000000008000485c (0x025d42bb) divw    t0, s10, t0
core   0: 1 0x000000008000485c (0x025d42bb) x5  0x0000000000000000
core   0: 0x0000000080004860 (0x020751bb) divuw   gp, a4, zero
core   0: 1 0x0000000080004860 (0x020751bb) x3  0xffffffffffffffff
core   0: 0x0000000080004864 (0x023209bb) mulw    s3, tp, gp
core   0: 1 0x0000000080004864 (0x023209bb) x19 0x0000000000000800
core   0: 0x0000000080004868 (0x4001d63b) sraw    a2, gp, zero
core   0: 1 0x0000000080004868 (0x4001d63b) x12 0xffffffffffffffff
core   0: 0x000000008000486c (0x0165e5b3) or      a1, a1, s6
core   0: 1 0x000000008000486c (0x0165e5b3) x11 0x00000000f15feb73
core   0: 0x0000000080004870 (0x00059493) slli    s1, a1, 0
core   0: 1 0x0000000080004870 (0x00059493) x9  0x00000000f15feb73
core   0: 0x0000000080004874 (0x4b2bf947) fmsub.d fs2, fs7, fs2, fs1
core   0: 1 0x0000000080004874 (0x4b2bf947) f18 0x7ff8000000000000
core   0: 0x0000000080004878 (0xf11c3c73) csrrc   s8, mvendorid, s8
core   0: exception trap_illegal_instruction, epc 0x0000000080004878
core   0:           tval 0x00000000f11c3c73
core   0: >>>>  $xrv64i2p1_m2p0_a2p1_f2p2_d2p2_zicsr2p0_zifencei2p0_zmmul1p0_zba1p0_zbb1p0_zbc1p0_zbs1p0
core   0: 0x0000000080004000 (0x0080006f) j       pc + 0x8
core   0: 3 0x0000000080004000 (0x0080006f)
core   0: >>>>  mmode_exception_handler
core   0: 0x0000000080004008 (0x00002c17) auipc   s8, 0x2
core   0: 3 0x0000000080004008 (0x00002c17) x24 0x0000000080006008
core   0: 0x000000008000400c (0x030c0c13) addi    s8, s8, 48
core   0: 3 0x000000008000400c (0x030c0c13) x24 0x0000000080006038
core   0: 0x0000000080004010 (0x000c00e7) jalr    s8
core   0: 3 0x0000000080004010 (0x000c00e7) x1  0x0000000080004014
core   0: >>>>  any_handler
core   0: 0x0000000080006038 (0x341027f3) csrrs   a5, mepc, zero
core   0: 3 0x0000000080006038 (0x341027f3) x15 0x0000000080004878
core   0: 0x000000008000603c (0x34202773) csrrs   a4, mcause, zero
core   0: 3 0x000000008000603c (0x34202773) x14 0x0000000000000002
core   0: 0x0000000080006040 (0x142026f3) csrrs   a3, scause, zero
core   0: 3 0x0000000080006040 (0x142026f3) x13 0x0000000000000000
core   0: 0x0000000080006044 (0x30402673) csrrs   a2, mie, zero
core   0: 3 0x0000000080006044 (0x30402673) x12 0x0000000000000a00
core   0: 0x0000000080006048 (0x344025f3) csrrs   a1, mip, zero
core   0: 3 0x0000000080006048 (0x344025f3) x11 0x0000000000000080
core   0: 0x000000008000604c (0x343025f3) csrrs   a1, mtval, zero
core   0: 3 0x000000008000604c (0x343025f3) x11 0x00000000f11c3c73
core   0: 0x0000000080006050 (0x14302573) csrrs   a0, stval, zero
core   0: 3 0x0000000080006050 (0x14302573) x10 0x0000000000000000
core   0: 0x0000000080006054 (0xb02024f3) csrrs   s1, minstret, zero
core   0: 3 0x0000000080006054 (0xb02024f3) x9  0x0000000000000a8d
core   0: 0x0000000080006058 (0x0000a811) c.j     pc + 20
core   0: 3 0x0000000080006058 (0xa811)
core   0: >>>>  mepc_4
core   0: 0x000000008000606c (0x00000791) c.addi  a5, 4
core   0: 3 0x000000008000606c (0x0791) x15 0x000000008000487c
core   0: 0x000000008000606e (0x34179073) csrrw   zero, mepc, a5
core   0: 3 0x000000008000606e (0x34179073) c833_mepc 0x000000008000487c
core   0: 0x0000000080006072 (0x30200073) mret
core   0: 3 0x0000000080006072 (0x30200073) c768_mstatus 0x8000000a00106080
core   0: 0x000000008000487c (0x038c45bb) divw    a1, s8, s8
core   0: 1 0x000000008000487c (0x038c45bb) x11 0x0000000000000001
core   0: 0x0000000080004880 (0x1bfb73d3) fdiv.d  ft7, fs6, ft11
core   0: 1 0x0000000080004880 (0x1bfb73d3) f7  0x7ff8000000000000
core   0: 0x0000000080004884 (0x00b30b13) addi    s6, t1, 11
core   0: 1 0x0000000080004884 (0x00b30b13) x22 0x800000000000000a
core   0: 0x0000000080004888 (0x0181fdb3) and     s11, gp, s8
core   0: 1 0x0000000080004888 (0x0181fdb3) x27 0x0000000080006038
core   0: 0x000000008000488c (0x00541bb3) sll     s7, s0, t0
core   0: 1 0x000000008000488c (0x00541bb3) x23 0x0000000000000000
core   0: 0x0000000080004890 (0x7ff9f993) andi    s3, s3, 2047
core   0: 1 0x0000000080004890 (0x7ff9f993) x19 0x0000000000000000
core   0: 0x0000000080004894 (0x00fde033) or      zero, s11, a5
core   0: 1 0x0000000080004894 (0x00fde033)
core   0: 0x0000000080004898 (0x0042113b) sllw    sp, tp, tp
core   0: 1 0x0000000080004898 (0x0042113b) x2  0xfffffffffffff800
core   0: 0x000000008000489c (0xc23271d3) fcvt.lu.d gp, ft4
core   0: 1 0x000000008000489c (0xc23271d3) x3  0x0000000000000000
core   0: 0x00000000800048a0 (0xd20b05d3) fcvt.d.w fa1, s6
core   0: 1 0x00000000800048a0 (0xd20b05d3) f11 0x4024000000000000
core   0: 0x00000000800048a4 (0x005195b3) sll     a1, gp, t0
core   0: 1 0x00000000800048a4 (0x005195b3) x11 0x0000000000000000
core   0: 0x00000000800048a8 (0x00000001) c.nop
core   0: 1 0x00000000800048a8 (0x0001)
core   0: 0x00000000800048aa (0x001e5e1b) srliw   t3, t3, 1
core   0: 1 0x00000000800048aa (0x001e5e1b) x28 0x0000000000000000
core   0: 0x00000000800048ae (0x015afab3) and     s5, s5, s5
core   0: 1 0x00000000800048ae (0x015afab3) x21 0x0000000000000010
core   0: 0x00000000800048b2 (0x63f67a4f) fnmadd.d fs4, fa2, ft11, fa2
core   0: 1 0x00000000800048b2 (0x63f67a4f) f20 0x7ff8000000000000
core   0: 0x00000000800048b6 (0x00003bfd) c.addiw s7, -1
core   0: 1 0x00000000800048b6 (0x3bfd) x23 0xffffffffffffffff
core   0: 0x00000000800048b8 (0x025ab633) mulhu   a2, s5, t0
core   0: 1 0x00000000800048b8 (0x025ab633) x12 0x0000000000000000
core   0: 0x00000000800048bc (0x40167953) fcvt.s.d fs2, fa2
core   0: 1 0x00000000800048bc (0x40167953) f18 0xffffffff7fc00000
core   0: 0x00000000800048c0 (0x001797f3) csrrw   a5, fflags, a5
core   0: 1 0x00000000800048c0 (0x001797f3) x15 0x0000000000000011 c1_fflags 0x000000000000001c
core   0: 0x00000000800048c4 (0xd2008fd3) fcvt.d.w ft11, ra
core   0: 1 0x00000000800048c4 (0xd2008fd3) f31 0xc1dfffeffb000000
core   0: 0x00000000800048c8 (0xd02bf053) fcvt.s.l ft0, s7
core   0: 1 0x00000000800048c8 (0xd02bf053) f0  0xffffffffbf800000
core   0: 0x00000000800048cc (0x22841553) fsgnjn.d fa0, fs0, fs0
core   0: 1 0x00000000800048cc (0x22841553) f10 0xfff8000000000000
core   0: 0x00000000800048d0 (0x01ad0d3b) addw    s10, s10, s10
core   0: 1 0x00000000800048d0 (0x01ad0d3b) x26 0x0000000000000000
core   0: 0x00000000800048d4 (0x00f12833) slt     a6, sp, a5
core   0: 1 0x00000000800048d4 (0x00f12833) x16 0x0000000000000001
core   0: 0x00000000800048d8 (0xf2b18693) addi    a3, gp, -213
core   0: 1 0x00000000800048d8 (0xf2b18693) x13 0xffffffffffffff2b
core   0: 0x00000000800048dc (0x014a04b3) add     s1, s4, s4
core   0: 1 0x00000000800048dc (0x014a04b3) x9  0xffffffffffffe210
core   0: 0x00000000800048e0 (0x41fcd71b) sraiw   a4, s9, 31
core   0: 1 0x00000000800048e0 (0x41fcd71b) x14 0x0000000000000000
core   0: 0x00000000800048e4 (0x002d99f3) csrrw   s3, frm, s11
core   0: 1 0x00000000800048e4 (0x002d99f3) x19 0x0000000000000000 c2_frm 0x0000000000000000
core   0: 0x00000000800048e8 (0xd03bf153) fcvt.s.lu ft2, s7
core   0: 1 0x00000000800048e8 (0xd03bf153) c1_fflags 0x000000000000001d f2  0xffffffff5f800000
core   0: 0x00000000800048ec (0x014ada93) srli    s5, s5, 20
core   0: 1 0x00000000800048ec (0x014ada93) x21 0x0000000000000000
core   0: 0x00000000800048f0 (0x401ad91b) sraiw   s2, s5, 1
core   0: 1 0x00000000800048f0 (0x401ad91b) x18 0x0000000000000000
core   0: 0x00000000800048f4 (0x5a0c77d3) fsqrt.d fa5, fs8
core   0: 1 0x00000000800048f4 (0x5a0c77d3) f15 0x7ff8000000000000
core   0: 0x00000000800048f8 (0x0280f3d3) fadd.d  ft7, ft1, fs0
core   0: 1 0x00000000800048f8 (0x0280f3d3) f7  0x7ff8000000000000
core   0: 0x00000000800048fc (0xd22bf253) fcvt.d.l ft4, s7
core   0: 1 0x00000000800048fc (0xd22bf253) f4  0xbff0000000000000
core   0: 0x0000000080004900 (0x017b563b) srlw    a2, s6, s7
core   0: 1 0x0000000080004900 (0x017b563b) x12 0x0000000000000000
core   0: 0x0000000080004904 (0x80074993) xori    s3, a4, -2048
core   0: 1 0x0000000080004904 (0x80074993) x19 0xfffffffffffff800
core   0: 0x0000000080004908 (0xa327f14b) fnmsub.d ft2, fa5, fs2, fs4
core   0: 1 0x0000000080004908 (0xa327f14b) f2  0x7ff8000000000000
core   0: 0x000000008000490c (0xd2008ed3) fcvt.d.w ft9, ra
core   0: 1 0x000000008000490c (0xd2008ed3) f29 0xc1dfffeffb000000
core   0: 0x0000000080004910 (0x74793473) csrrc   s0, mseccfg, s2
core   0: exception trap_illegal_instruction, epc 0x0000000080004910
core   0:           tval 0x0000000074793473
core   0: >>>>  $xrv64i2p1_m2p0_a2p1_f2p2_d2p2_zicsr2p0_zifencei2p0_zmmul1p0_zba1p0_zbb1p0_zbc1p0_zbs1p0
core   0: 0x0000000080004000 (0x0080006f) j       pc + 0x8
core   0: 3 0x0000000080004000 (0x0080006f)
core   0: >>>>  mmode_exception_handler
core   0: 0x0000000080004008 (0x00002c17) auipc   s8, 0x2
core   0: 3 0x0000000080004008 (0x00002c17) x24 0x0000000080006008
core   0: 0x000000008000400c (0x030c0c13) addi    s8, s8, 48
core   0: 3 0x000000008000400c (0x030c0c13) x24 0x0000000080006038
core   0: 0x0000000080004010 (0x000c00e7) jalr    s8
core   0: 3 0x0000000080004010 (0x000c00e7) x1  0x0000000080004014
core   0: >>>>  any_handler
core   0: 0x0000000080006038 (0x341027f3) csrrs   a5, mepc, zero
core   0: 3 0x0000000080006038 (0x341027f3) x15 0x0000000080004910
core   0: 0x000000008000603c (0x34202773) csrrs   a4, mcause, zero
core   0: 3 0x000000008000603c (0x34202773) x14 0x0000000000000002
core   0: 0x0000000080006040 (0x142026f3) csrrs   a3, scause, zero
core   0: 3 0x0000000080006040 (0x142026f3) x13 0x0000000000000000
core   0: 0x0000000080006044 (0x30402673) csrrs   a2, mie, zero
core   0: 3 0x0000000080006044 (0x30402673) x12 0x0000000000000a00
core   0: 0x0000000080006048 (0x344025f3) csrrs   a1, mip, zero
core   0: 3 0x0000000080006048 (0x344025f3) x11 0x0000000000000080
core   0: 0x000000008000604c (0x343025f3) csrrs   a1, mtval, zero
core   0: 3 0x000000008000604c (0x343025f3) x11 0x0000000074793473
core   0: 0x0000000080006050 (0x14302573) csrrs   a0, stval, zero
core   0: 3 0x0000000080006050 (0x14302573) x10 0x0000000000000000
core   0: 0x0000000080006054 (0xb02024f3) csrrs   s1, minstret, zero
core   0: 3 0x0000000080006054 (0xb02024f3) x9  0x0000000000000ac3
core   0: 0x0000000080006058 (0x0000a811) c.j     pc + 20
core   0: 3 0x0000000080006058 (0xa811)
core   0: >>>>  mepc_4
core   0: 0x000000008000606c (0x00000791) c.addi  a5, 4
core   0: 3 0x000000008000606c (0x0791) x15 0x0000000080004914
core   0: 0x000000008000606e (0x34179073) csrrw   zero, mepc, a5
core   0: 3 0x000000008000606e (0x34179073) c833_mepc 0x0000000080004914
core   0: 0x0000000080006072 (0x30200073) mret
core   0: 3 0x0000000080006072 (0x30200073) c768_mstatus 0x8000000a00106080
core   0: 0x0000000080004914 (0x01f1191b) slliw   s2, sp, 31
core   0: 1 0x0000000080004914 (0x01f1191b) x18 0x0000000000000000
core   0: 0x0000000080004918 (0x013a4a33) xor     s4, s4, s3
core   0: 1 0x0000000080004918 (0x013a4a33) x20 0x0000000000000908
core   0: 0x000000008000491c (0x00fa6a33) or      s4, s4, a5
core   0: 1 0x000000008000491c (0x00fa6a33) x20 0x000000008000491c
core   0: 0x0000000080004920 (0x4061d113) srai    sp, gp, 6
core   0: 1 0x0000000080004920 (0x4061d113) x2  0x0000000000000000
core   0: 0x0000000080004924 (0xa4fc0d93) addi    s11, s8, -1457
core   0: 1 0x0000000080004924 (0xa4fc0d93) x27 0x0000000080005a87
core   0: 0x0000000080004928 (0x00f9d7bb) srlw    a5, s3, a5
core   0: 1 0x0000000080004928 (0x00f9d7bb) x15 0x0000000000000fff
core   0: 0x000000008000492c (0x026b0b33) mul     s6, s6, t1
core   0: 1 0x000000008000492c (0x026b0b33) x22 0x7ffffffffffffff6
core   0: 0x0000000080004930 (0x024e5e33) divu    t3, t3, tp
core   0: 1 0x0000000080004930 (0x024e5e33) x28 0x0000000000000000
core   0: 0x0000000080004934 (0x41c407bb) subw    a5, s0, t3
core   0: 1 0x0000000080004934 (0x41c407bb) x15 0x0000000000000000
core   0: 0x0000000080004938 (0x00000966) c.slli  s2, 25
core   0: 1 0x0000000080004938 (0x0966) x18 0x0000000000000000
core   0: 0x000000008000493a (0x02c4dd33) divu    s10, s1, a2
core   0: 1 0x000000008000493a (0x02c4dd33) x26 0x0000000000000001
core   0: 0x000000008000493e (0x0393d93b) divuw   s2, t2, s9
core   0: 1 0x000000008000493e (0x0393d93b) x18 0x000000000151d07e
core   0: 0x0000000080004942 (0x01d11a93) slli    s5, sp, 29
core   0: 1 0x0000000080004942 (0x01d11a93) x21 0x0000000000000000
core   0: 0x0000000080004946 (0x001024f3) csrrs   s1, fflags, zero
core   0: 1 0x0000000080004946 (0x001024f3) x9  0x000000000000001d
core   0: 0x000000008000494a (0xe20189d3) fmv.x.d s3, ft3
core   0: 1 0x000000008000494a (0xe20189d3) x19 0xffffffff7fc00000
core   0: 0x000000008000494e (0x0191541b) srliw   s0, sp, 25
core   0: 1 0x000000008000494e (0x0191541b) x8  0x0000000000000000
core   0: 0x0000000080004952 (0xfbdeffc3) fmadd.d ft11, ft9, ft9, ft11
core   0: 1 0x0000000080004952 (0xfbdeffc3) c1_fflags 0x000000000000001d f31 0x43cfffdff5c80521
core   0: 0x0000000080004956 (0x41c2d6bb) sraw    a3, t0, t3
core   0: 1 0x0000000080004956 (0x41c2d6bb) x13 0x0000000000000000
core   0: 0x000000008000495a (0xf117ed73) csrrsi  s10, mvendorid, 15
core   0: exception trap_illegal_instruction, epc 0x000000008000495a
core   0:           tval 0x00000000f117ed73
core   0: >>>>  $xrv64i2p1_m2p0_a2p1_f2p2_d2p2_zicsr2p0_zifencei2p0_zmmul1p0_zba1p0_zbb1p0_zbc1p0_zbs1p0
core   0: 0x0000000080004000 (0x0080006f) j       pc + 0x8
core   0: 3 0x0000000080004000 (0x0080006f)
core   0: >>>>  mmode_exception_handler
core   0: 0x0000000080004008 (0x00002c17) auipc   s8, 0x2
core   0: 3 0x0000000080004008 (0x00002c17) x24 0x0000000080006008
core   0: 0x000000008000400c (0x030c0c13) addi    s8, s8, 48
core   0: 3 0x000000008000400c (0x030c0c13) x24 0x0000000080006038
core   0: 0x0000000080004010 (0x000c00e7) jalr    s8
core   0: 3 0x0000000080004010 (0x000c00e7) x1  0x0000000080004014
core   0: >>>>  any_handler
core   0: 0x0000000080006038 (0x341027f3) csrrs   a5, mepc, zero
core   0: 3 0x0000000080006038 (0x341027f3) x15 0x000000008000495a
core   0: 0x000000008000603c (0x34202773) csrrs   a4, mcause, zero
core   0: 3 0x000000008000603c (0x34202773) x14 0x0000000000000002
core   0: 0x0000000080006040 (0x142026f3) csrrs   a3, scause, zero
core   0: 3 0x0000000080006040 (0x142026f3) x13 0x0000000000000000
core   0: 0x0000000080006044 (0x30402673) csrrs   a2, mie, zero
core   0: 3 0x0000000080006044 (0x30402673) x12 0x0000000000000a00
core   0: 0x0000000080006048 (0x344025f3) csrrs   a1, mip, zero
core   0: 3 0x0000000080006048 (0x344025f3) x11 0x0000000000000080
core   0: 0x000000008000604c (0x343025f3) csrrs   a1, mtval, zero
core   0: 3 0x000000008000604c (0x343025f3) x11 0x00000000f117ed73
core   0: 0x0000000080006050 (0x14302573) csrrs   a0, stval, zero
core   0: 3 0x0000000080006050 (0x14302573) x10 0x0000000000000000
core   0: 0x0000000080006054 (0xb02024f3) csrrs   s1, minstret, zero
core   0: 3 0x0000000080006054 (0xb02024f3) x9  0x0000000000000ae5
core   0: 0x0000000080006058 (0x0000a811) c.j     pc + 20
core   0: 3 0x0000000080006058 (0xa811)
core   0: >>>>  mepc_4
core   0: 0x000000008000606c (0x00000791) c.addi  a5, 4
core   0: 3 0x000000008000606c (0x0791) x15 0x000000008000495e
core   0: 0x000000008000606e (0x34179073) csrrw   zero, mepc, a5
core   0: 3 0x000000008000606e (0x34179073) c833_mepc 0x000000008000495e
core   0: 0x0000000080006072 (0x30200073) mret
core   0: 3 0x0000000080006072 (0x30200073) c768_mstatus 0x8000000a00106080
core   0: 0x000000008000495e (0x03826b3b) remw    s6, tp, s8
core   0: 1 0x000000008000495e (0x03826b3b) x22 0xfffffffffffff800
core   0: 0x0000000080004962 (0x9bd87843) fmadd.d fa6, fa6, ft9, fs3
core   0: 1 0x0000000080004962 (0x9bd87843) f16 0x7ff8000000000000
core   0: 0x0000000080004966 (0x001d1bf3) csrrw   s7, fflags, s10
core   0: 1 0x0000000080004966 (0x001d1bf3) x23 0x000000000000001d c1_fflags 0x0000000000000001
core   0: 0x000000008000496a (0x0177133b) sllw    t1, a4, s7
core   0: 1 0x000000008000496a (0x0177133b) x6  0x0000000040000000
core   0: 0x000000008000496e (0x0298a4b3) mulhsu  s1, a7, s1
core   0: 1 0x000000008000496e (0x0298a4b3) x9  0x0000000000000000
core   0: 0x0000000080004972 (0xf0c6bd17) auipc   s10, 0xf0c6b
core   0: 1 0x0000000080004972 (0xf0c6bd17) x26 0x0000000070c6f972
core   0: 0x0000000080004976 (0xc21bf953) fcvt.wu.d s2, fs7
core   0: 1 0x0000000080004976 (0xc21bf953) c1_fflags 0x0000000000000011 x18 0xffffffffffffffff
core   0: 0x000000008000497a (0x0019071b) addiw   a4, s2, 1
core   0: 1 0x000000008000497a (0x0019071b) x14 0x0000000000000000
core   0: 0x000000008000497e (0xc031fb53) fcvt.lu.s s6, ft3
core   0: 1 0x000000008000497e (0xc031fb53) c1_fflags 0x0000000000000011 x22 0xffffffffffffffff
core   0: 0x0000000080004982 (0xd2050b53) fcvt.d.w fs6, a0
core   0: 1 0x0000000080004982 (0xd2050b53) f22 0x0000000000000000
core   0: 0x0000000080004986 (0x40390cbb) subw    s9, s2, gp
core   0: 1 0x0000000080004986 (0x40390cbb) x25 0xffffffffffffffff
core   0: 0x000000008000498a (0x00f3139b) slliw   t2, t1, 15
core   0: 1 0x000000008000498a (0x00f3139b) x7  0x0000000000000000
core   0: 0x000000008000498e (0x03aed03b) divuw   zero, t4, s10
core   0: 1 0x000000008000498e (0x03aed03b)
core   0: 0x0000000080004992 (0xd2138253) fcvt.d.wu ft4, t2
core   0: 1 0x0000000080004992 (0xd2138253) f4  0x0000000000000000
core   0: 0x0000000080004996 (0x0b007d53) fsub.d  fs10, ft0, fa6
core   0: 1 0x0000000080004996 (0x0b007d53) f26 0x7ff8000000000000
core   0: 0x000000008000499a (0x9a1af9cb) fnmsub.d fs3, fs5, ft1, fs3
core   0: 1 0x000000008000499a (0x9a1af9cb) f19 0x7ff8000000000000
core   0: 0x000000008000499e (0x00076b33) or      s6, a4, zero
core   0: 1 0x000000008000499e (0x00076b33) x22 0x0000000000000000
core   0: 0x00000000800049a2 (0x01780e3b) addw    t3, a6, s7
core   0: 1 0x00000000800049a2 (0x01780e3b) x28 0x000000000000001e
core   0: 0x00000000800049a6 (0x4a79f4c7) fmsub.d fs1, fs3, ft7, fs1
core   0: 1 0x00000000800049a6 (0x4a79f4c7) f9  0x7ff8000000000000
core   0: 0x00000000800049aa (0x41c8843b) subw    s0, a7, t3
core   0: 1 0x00000000800049aa (0x41c8843b) x8  0xffffffffffffffe2
core   0: 0x00000000800049ae (0x0d718313) addi    t1, gp, 215
core   0: 1 0x00000000800049ae (0x0d718313) x6  0x00000000000000d7
core   0: 0x00000000800049b2 (0xfeb73137) lui     sp, 0xfeb73
core   0: 1 0x00000000800049b2 (0xfeb73137) x2  0xfffffffffeb73000
core   0: 0x00000000800049b6 (0x63d1011b) addiw   sp, sp, 1597
core   0: 1 0x00000000800049b6 (0x63d1011b) x2  0xfffffffffeb7363d
core   0: 0x00000000800049ba (0x00000136) c.slli  sp, 13
core   0: 1 0x00000000800049ba (0x0136) x2  0xffffffd6e6c7a000
core   0: 0x00000000800049bc (0x5e310113) addi    sp, sp, 1507
core   0: 1 0x00000000800049bc (0x5e310113) x2  0xffffffd6e6c7a5e3
core   0: 0x00000000800049c0 (0x020821b3) mulhsu  gp, a6, zero
core   0: 1 0x00000000800049c0 (0x020821b3) x3  0x0000000000000000
core   0: 0x00000000800049c4 (0xfec0d3b7) lui     t2, 0xfec0d
core   0: 1 0x00000000800049c4 (0xfec0d3b7) x7  0xfffffffffec0d000
core   0: 0x00000000800049c8 (0x30d3839b) addiw   t2, t2, 781
core   0: 1 0x00000000800049c8 (0x30d3839b) x7  0xfffffffffec0d30d
core   0: 0x00000000800049cc (0x000003ba) c.slli  t2, 14
core   0: 1 0x00000000800049cc (0x03ba) x7  0xffffffb034c34000
core   0: 0x00000000800049ce (0xdcb38393) addi    t2, t2, -565
core   0: 1 0x00000000800049ce (0xdcb38393) x7  0xffffffb034c33dcb
core   0: 0x00000000800049d2 (0x01f1951b) slliw   a0, gp, 31
core   0: 1 0x00000000800049d2 (0x01f1951b) x10 0x0000000000000000
core   0: 0x00000000800049d6 (0x5a00f153) fsqrt.d ft2, ft1
core   0: 1 0x00000000800049d6 (0x5a00f153) f2  0x7ff8000000000000
core   0: 0x00000000800049da (0xa21484d3) fle.d   s1, fs1, ft1
core   0: 1 0x00000000800049da (0xa21484d3) c1_fflags 0x0000000000000011 x9  0x0000000000000000
core   0: 0x00000000800049de (0x0234ca3b) divw    s4, s1, gp
core   0: 1 0x00000000800049de (0x0234ca3b) x20 0xffffffffffffffff
core   0: 0x00000000800049e2 (0xedc50a9b) addiw   s5, a0, -292
core   0: 1 0x00000000800049e2 (0xedc50a9b) x21 0xfffffffffffffedc
core   0: 0x00000000800049e6 (0xe4a50c9b) addiw   s9, a0, -438
core   0: 1 0x00000000800049e6 (0xe4a50c9b) x25 0xfffffffffffffe4a
core   0: 0x00000000800049ea (0xd21c8f53) fcvt.d.wu ft10, s9
core   0: 1 0x00000000800049ea (0xd21c8f53) f30 0x41efffffc9400000
core   0: 0x00000000800049ee (0x034dfcbb) remuw   s9, s11, s4
core   0: 1 0x00000000800049ee (0x034dfcbb) x25 0xffffffff80005a87
core   0: 0x00000000800049f2 (0x005284bb) addw    s1, t0, t0
core   0: 1 0x00000000800049f2 (0x005284bb) x9  0x0000000000000000
core   0: 0x00000000800049f6 (0x001495f3) csrrw   a1, fflags, s1
core   0: 1 0x00000000800049f6 (0x001495f3) x11 0x0000000000000011 c1_fflags 0x0000000000000000
core   0: 0x00000000800049fa (0xa3a60b53) fle.d   s6, fa2, fs10
core   0: 1 0x00000000800049fa (0xa3a60b53) c1_fflags 0x0000000000000010 x22 0x0000000000000000
core   0: 0x00000000800049fe (0x432afdc7) fmsub.d fs11, fs5, fs2, fs0
core   0: 1 0x00000000800049fe (0x432afdc7) f27 0x7ff8000000000000
core   0: 0x0000000080004a02 (0x41f4d51b) sraiw   a0, s1, 31
core   0: 1 0x0000000080004a02 (0x41f4d51b) x10 0x0000000000000000
core   0: 0x0000000080004a06 (0x02ae20b3) mulhsu  ra, t3, a0
core   0: 1 0x0000000080004a06 (0x02ae20b3) x1  0x0000000000000000
core   0: 0x0000000080004a0a (0x0353dabb) divuw   s5, t2, s5
core   0: 1 0x0000000080004a0a (0x0353dabb) x21 0x0000000000000000
core   0: 0x0000000080004a0e (0xc200f653) fcvt.w.d a2, ft1
core   0: 1 0x0000000080004a0e (0xc200f653) c1_fflags 0x0000000000000010 x12 0x000000007fffffff
core   0: 0x0000000080004a12 (0x000af913) andi    s2, s5, 0
core   0: 1 0x0000000080004a12 (0x000af913) x18 0x0000000000000000
core   0: 0x0000000080004a16 (0x001b4233) xor     tp, s6, ra
core   0: 1 0x0000000080004a16 (0x001b4233) x4  0x0000000000000000
core   0: 0x0000000080004a1a (0x03a4c1b3) div     gp, s1, s10
core   0: 1 0x0000000080004a1a (0x03a4c1b3) x3  0x0000000000000000
core   0: 0x0000000080004a1e (0x00a557bb) srlw    a5, a0, a0
core   0: 1 0x0000000080004a1e (0x00a557bb) x15 0x0000000000000000
core   0: 0x0000000080004a22 (0x0142121b) slliw   tp, tp, 20
core   0: 1 0x0000000080004a22 (0x0142121b) x4  0x0000000000000000
core   0: 0x0000000080004a26 (0x000c159b) slliw   a1, s8, 0
core   0: 1 0x0000000080004a26 (0x000c159b) x11 0xffffffff80006038
core   0: 0x0000000080004a2a (0x010c16b3) sll     a3, s8, a6
core   0: 1 0x0000000080004a2a (0x010c16b3) x13 0x000000010000c070
core   0: 0x0000000080004a2e (0x00000001) c.nop
core   0: 1 0x0000000080004a2e (0x0001)
core   0: 0x0000000080004a30 (0x131af8d3) fmul.d  fa7, fs5, fa7
core   0: 1 0x0000000080004a30 (0x131af8d3) f17 0x7ff8000000000000
core   0: 0x0000000080004a34 (0x00000001) c.nop
core   0: 1 0x0000000080004a34 (0x0001)
core   0: 0x0000000080004a36 (0xd22bf853) fcvt.d.l fa6, s7
core   0: 1 0x0000000080004a36 (0xd22bf853) f16 0x403d000000000000
core   0: 0x0000000080004a3a (0x036b7b53) fadd.d  fs6, fs6, fs6
core   0: 1 0x0000000080004a3a (0x036b7b53) f22 0x0000000000000000
core   0: 0x0000000080004a3e (0x5a34f24b) fnmsub.d ft4, fs1, ft3, fa1
core   0: 1 0x0000000080004a3e (0x5a34f24b) f4  0x7ff8000000000000
core   0: 0x0000000080004a42 (0x02d8c037) lui     zero, 0x2d8c
core   0: 1 0x0000000080004a42 (0x02d8c037)
core   0: 0x0000000080004a46 (0x6cb0001b) addiw   zero, zero, 1739
core   0: 1 0x0000000080004a46 (0x6cb0001b)
core   0: 0x0000000080004a4a (0x00d01013) slli    zero, zero, 13
core   0: 1 0x0000000080004a4a (0x00d01013)
core   0: 0x0000000080004a4e (0x2a000013) li      zero, 672
core   0: 1 0x0000000080004a4e (0x2a000013)
core   0: 0x0000000080004a52 (0x006aecb3) or      s9, s5, t1
core   0: 1 0x0000000080004a52 (0x006aecb3) x25 0x00000000000000d7
core   0: 0x0000000080004a56 (0x00000001) c.nop
core   0: 1 0x0000000080004a56 (0x0001)
core   0: 0x0000000080004a58 (0x03fa5d13) srli    s10, s4, 63
core   0: 1 0x0000000080004a58 (0x03fa5d13) x26 0x0000000000000001
core   0: 0x0000000080004a5c (0xc207f2d3) fcvt.w.d t0, fa5
core   0: 1 0x0000000080004a5c (0xc207f2d3) c1_fflags 0x0000000000000010 x5  0x000000007fffffff
core   0: 0x0000000080004a60 (0x0140ac33) slt     s8, ra, s4
core   0: 1 0x0000000080004a60 (0x0140ac33) x24 0x0000000000000000
core   0: 0x0000000080004a64 (0x002026f3) csrrs   a3, frm, zero
core   0: 1 0x0000000080004a64 (0x002026f3) x13 0x0000000000000000
core   0: 0x0000000080004a68 (0x6f898697) auipc   a3, 0x6f898
core   0: 1 0x0000000080004a68 (0x6f898697) x13 0x00000000ef89ca68
core   0: 0x0000000080004a6c (0x2ab49fd3) fmax.d  ft11, fs1, fa1
core   0: 1 0x0000000080004a6c (0x2ab49fd3) f31 0x4024000000000000
core   0: 0x0000000080004a70 (0x0008999b) slliw   s3, a7, 0
core   0: 1 0x0000000080004a70 (0x0008999b) x19 0x0000000000000000
core   0: 0x0000000080004a74 (0x00175c93) srli    s9, a4, 1
core   0: 1 0x0000000080004a74 (0x00175c93) x25 0x0000000000000000
core   0: 0x0000000080004a78 (0xe20b0e53) fmv.x.d t3, fs6
core   0: 1 0x0000000080004a78 (0xe20b0e53) x28 0x0000000000000000
core   0: 0x0000000080004a7c (0x000e1c93) slli    s9, t3, 0
core   0: 1 0x0000000080004a7c (0x000e1c93) x25 0x0000000000000000
core   0: 0x0000000080004a80 (0x0336453b) divw    a0, a2, s3
core   0: 1 0x0000000080004a80 (0x0336453b) x10 0xffffffffffffffff
core   0: 0x0000000080004a84 (0x01809d3b) sllw    s10, ra, s8
core   0: 1 0x0000000080004a84 (0x01809d3b) x26 0x0000000000000000
core   0: 0x0000000080004a88 (0x0184c433) xor     s0, s1, s8
core   0: 1 0x0000000080004a88 (0x0184c433) x8  0x0000000000000000
core   0: 0x0000000080004a8c (0x008d893b) addw    s2, s11, s0
core   0: 1 0x0000000080004a8c (0x008d893b) x18 0xffffffff80005a87
core   0: 0x0000000080004a90 (0x5bf97943) fmadd.d fs2, fs2, ft11, fa1
core   0: 1 0x0000000080004a90 (0x5bf97943) f18 0x7ff8000000000000
core   0: 0x0000000080004a94 (0xd0357f53) fcvt.s.lu ft10, a0
core   0: 1 0x0000000080004a94 (0xd0357f53) c1_fflags 0x0000000000000011 f30 0xffffffff5f800000
core   0: 0x0000000080004a98 (0x88780917) auipc   s2, 0x88780
core   0: 1 0x0000000080004a98 (0x88780917) x18 0x0000000008784a98
core   0: 0x0000000080004a9c (0x03493a33) mulhu   s4, s2, s4
core   0: 1 0x0000000080004a9c (0x03493a33) x20 0x0000000008784a97
core   0: 0x0000000080004aa0 (0x411903bb) subw    t2, s2, a7
core   0: 1 0x0000000080004aa0 (0x411903bb) x7  0x0000000008784a98
core   0: 0x0000000080004aa4 (0x008a1593) slli    a1, s4, 8
core   0: 1 0x0000000080004aa4 (0x008a1593) x11 0x00000008784a9700
core   0: 0x0000000080004aa8 (0xc8095773) csrrwi  a4, cycleh, 18
core   0: exception trap_illegal_instruction, epc 0x0000000080004aa8
core   0:           tval 0x00000000c8095773
core   0: >>>>  $xrv64i2p1_m2p0_a2p1_f2p2_d2p2_zicsr2p0_zifencei2p0_zmmul1p0_zba1p0_zbb1p0_zbc1p0_zbs1p0
core   0: 0x0000000080004000 (0x0080006f) j       pc + 0x8
core   0: 3 0x0000000080004000 (0x0080006f)
core   0: >>>>  mmode_exception_handler
core   0: 0x0000000080004008 (0x00002c17) auipc   s8, 0x2
core   0: 3 0x0000000080004008 (0x00002c17) x24 0x0000000080006008
core   0: 0x000000008000400c (0x030c0c13) addi    s8, s8, 48
core   0: 3 0x000000008000400c (0x030c0c13) x24 0x0000000080006038
core   0: 0x0000000080004010 (0x000c00e7) jalr    s8
core   0: 3 0x0000000080004010 (0x000c00e7) x1  0x0000000080004014
core   0: >>>>  any_handler
core   0: 0x0000000080006038 (0x341027f3) csrrs   a5, mepc, zero
core   0: 3 0x0000000080006038 (0x341027f3) x15 0x0000000080004aa8
core   0: 0x000000008000603c (0x34202773) csrrs   a4, mcause, zero
core   0: 3 0x000000008000603c (0x34202773) x14 0x0000000000000002
core   0: 0x0000000080006040 (0x142026f3) csrrs   a3, scause, zero
core   0: 3 0x0000000080006040 (0x142026f3) x13 0x0000000000000000
core   0: 0x0000000080006044 (0x30402673) csrrs   a2, mie, zero
core   0: 3 0x0000000080006044 (0x30402673) x12 0x0000000000000a00
core   0: 0x0000000080006048 (0x344025f3) csrrs   a1, mip, zero
core   0: 3 0x0000000080006048 (0x344025f3) x11 0x0000000000000080
core   0: 0x000000008000604c (0x343025f3) csrrs   a1, mtval, zero
core   0: 3 0x000000008000604c (0x343025f3) x11 0x00000000c8095773
core   0: 0x0000000080006050 (0x14302573) csrrs   a0, stval, zero
core   0: 3 0x0000000080006050 (0x14302573) x10 0x0000000000000000
core   0: 0x0000000080006054 (0xb02024f3) csrrs   s1, minstret, zero
core   0: 3 0x0000000080006054 (0xb02024f3) x9  0x0000000000000b4a
core   0: 0x0000000080006058 (0x0000a811) c.j     pc + 20
core   0: 3 0x0000000080006058 (0xa811)
core   0: >>>>  mepc_4
core   0: 0x000000008000606c (0x00000791) c.addi  a5, 4
core   0: 3 0x000000008000606c (0x0791) x15 0x0000000080004aac
core   0: 0x000000008000606e (0x34179073) csrrw   zero, mepc, a5
core   0: 3 0x000000008000606e (0x34179073) c833_mepc 0x0000000080004aac
core   0: 0x0000000080006072 (0x30200073) mret
core   0: 3 0x0000000080006072 (0x30200073) c768_mstatus 0x8000000a00106080
core   0: 0x0000000080004aac (0x8001f993) andi    s3, gp, -2048
core   0: 1 0x0000000080004aac (0x8001f993) x19 0x0000000000000000
core   0: 0x0000000080004ab0 (0xd21a8b53) fcvt.d.wu fs6, s5
core   0: 1 0x0000000080004ab0 (0xd21a8b53) f22 0x0000000000000000
core   0: 0x0000000080004ab4 (0x1be17153) fdiv.d  ft2, ft2, ft10
core   0: 1 0x0000000080004ab4 (0x1be17153) f2  0x7ff8000000000000
core   0: 0x0000000080004ab8 (0x03c72c33) mulhsu  s8, a4, t3
core   0: 1 0x0000000080004ab8 (0x03c72c33) x24 0x0000000000000000
core   0: 0x0000000080004abc (0xf96a14b7) lui     s1, 0xf96a1
core   0: 1 0x0000000080004abc (0xf96a14b7) x9  0xfffffffff96a1000
core   0: 0x0000000080004ac0 (0xd7d4849b) addiw   s1, s1, -643
core   0: 1 0x0000000080004ac0 (0xd7d4849b) x9  0xfffffffff96a0d7d
core   0: 0x0000000080004ac4 (0x000004b2) c.slli  s1, 12
core   0: 1 0x0000000080004ac4 (0x04b2) x9  0xffffff96a0d7d000
core   0: 0x0000000080004ac6 (0xb5848493) addi    s1, s1, -1192
core   0: 1 0x0000000080004ac6 (0xb5848493) x9  0xffffff96a0d7cb58
core   0: 0x0000000080004aca (0x02e73cb3) mulhu   s9, a4, a4
core   0: 1 0x0000000080004aca (0x02e73cb3) x25 0x0000000000000000
core   0: 0x0000000080004ace (0x02c7f7bb) remuw   a5, a5, a2
core   0: 1 0x0000000080004ace (0x02c7f7bb) x15 0x00000000000002ac
core   0: 0x0000000080004ad2 (0x23de9bd3) fsgnjn.d fs7, ft9, ft9
core   0: 1 0x0000000080004ad2 (0x23de9bd3) f23 0x41dfffeffb000000
core   0: 0x0000000080004ad6 (0x40c7d633) sra     a2, a5, a2
core   0: 1 0x0000000080004ad6 (0x40c7d633) x12 0x00000000000002ac
core   0: 0x0000000080004ada (0x401df453) fcvt.s.d fs0, fs11
core   0: 1 0x0000000080004ada (0x401df453) f8  0xffffffff7fc00000
core   0: 0x0000000080004ade (0x0a8476d3) fsub.d  fa3, fs0, fs0
core   0: 1 0x0000000080004ade (0x0a8476d3) f13 0x7ff8000000000000
core   0: 0x0000000080004ae2 (0x0307b313) sltiu   t1, a5, 48
core   0: 1 0x0000000080004ae2 (0x0307b313) x6  0x0000000000000000
core   0: 0x0000000080004ae6 (0x019585bb) addw    a1, a1, s9
core   0: 1 0x0000000080004ae6 (0x019585bb) x11 0xffffffffc8095773
core   0: 0x0000000080004aea (0x4069593b) sraw    s2, s2, t1
core   0: 1 0x0000000080004aea (0x4069593b) x18 0x0000000008784a98
core   0: 0x0000000080004aee (0xc2187e53) fcvt.wu.d t3, fa6
core   0: 1 0x0000000080004aee (0xc2187e53) x28 0x000000000000001d
core   0: 0x0000000080004af2 (0x22fdae53) fsgnjx.d ft8, fs11, fa5
core   0: 1 0x0000000080004af2 (0x22fdae53) f28 0x7ff8000000000000
core   0: 0x0000000080004af6 (0x41cc82b3) sub     t0, s9, t3
core   0: 1 0x0000000080004af6 (0x41cc82b3) x5  0xffffffffffffffe3
core   0: 0x0000000080004afa (0x00c11b13) slli    s6, sp, 12
core   0: 1 0x0000000080004afa (0x00c11b13) x22 0xfffd6e6c7a5e3000
core   0: 0x0000000080004afe (0x4c16ceb7) lui     t4, 0x4c16c
core   0: 1 0x0000000080004afe (0x4c16ceb7) x29 0x000000004c16c000
core   0: 0x0000000080004b02 (0x401e5d13) srai    s10, t3, 1
core   0: 1 0x0000000080004b02 (0x401e5d13) x26 0x000000000000000e
core   0: 0x0000000080004b06 (0x43c0d593) srai    a1, ra, 60
core   0: 1 0x0000000080004b06 (0x43c0d593) x11 0x0000000000000000
core   0: 0x0000000080004b0a (0xf94742b7) lui     t0, 0xf9474
core   0: 1 0x0000000080004b0a (0xf94742b7) x5  0xfffffffff9474000
core   0: 0x0000000080004b0e (0x5db2829b) addiw   t0, t0, 1499
core   0: 1 0x0000000080004b0e (0x5db2829b) x5  0xfffffffff94745db
core   0: 0x0000000080004b12 (0x000002b2) c.slli  t0, 12
core   0: 1 0x0000000080004b12 (0x02b2) x5  0xffffff94745db000
core   0: 0x0000000080004b14 (0xe3228293) addi    t0, t0, -462
core   0: 1 0x0000000080004b14 (0xe3228293) x5  0xffffff94745dae32
core   0: 0x0000000080004b18 (0x001ed0bb) srlw    ra, t4, ra
core   0: 1 0x0000000080004b18 (0x001ed0bb) x1  0x00000000000004c1
core   0: 0x0000000080004b1c (0x00000001) c.nop
core   0: 1 0x0000000080004b1c (0x0001)
core   0: 0x0000000080004b1e (0x2b940753) fmin.d  fa4, fs0, fs9
core   0: 1 0x0000000080004b1e (0x2b940753) f14 0x7ff8000000000000
core   0: 0x0000000080004b22 (0x02d09893) slli    a7, ra, 45
core   0: 1 0x0000000080004b22 (0x02d09893) x17 0x0098200000000000
core   0: 0x0000000080004b26 (0x00860ab3) add     s5, a2, s0
core   0: 1 0x0000000080004b26 (0x00860ab3) x21 0x00000000000002ac
core   0: 0x0000000080004b2a (0xf20c84d3) fmv.d.x fs1, s9
core   0: 1 0x0000000080004b2a (0xf20c84d3) f9  0x0000000000000000
core   0: 0x0000000080004b2e (0x23b19fd3) fsgnjn.d ft11, ft3, fs11
core   0: 1 0x0000000080004b2e (0x23b19fd3) f31 0xffffffff7fc00000
core   0: 0x0000000080004b32 (0x028dc8bb) divw    a7, s11, s0
core   0: 1 0x0000000080004b32 (0x028dc8bb) x17 0xffffffffffffffff
core   0: 0x0000000080004b36 (0x00102af3) csrrs   s5, fflags, zero
core   0: 1 0x0000000080004b36 (0x00102af3) x21 0x0000000000000011
core   0: 0x0000000080004b3a (0x1a2f7153) fdiv.d  ft2, ft10, ft2
core   0: 1 0x0000000080004b3a (0x1a2f7153) f2  0x7ff8000000000000
core   0: 0x0000000080004b3e (0x03deb333) mulhu   t1, t4, t4
core   0: 1 0x0000000080004b3e (0x03deb333) x6  0x0000000000000000
core   0: 0x0000000080004b42 (0x0005941b) slliw   s0, a1, 0
core   0: 1 0x0000000080004b42 (0x0005941b) x8  0x0000000000000000
core   0: 0x0000000080004b46 (0x0242023b) mulw    tp, tp, tp
core   0: 1 0x0000000080004b46 (0x0242023b) x4  0x0000000000000000
core   0: 0x0000000080004b4a (0x0344083b) mulw    a6, s0, s4
core   0: 1 0x0000000080004b4a (0x0344083b) x16 0x0000000000000000
core   0: 0x0000000080004b4e (0x0ac674d3) fsub.d  fs1, fa2, fa2
core   0: 1 0x0000000080004b4e (0x0ac674d3) f9  0x7ff8000000000000
core   0: 0x0000000080004b52 (0xf1319673) csrrw   a2, mimpid, gp
core   0: exception trap_illegal_instruction, epc 0x0000000080004b52
core   0:           tval 0x00000000f1319673
core   0: >>>>  $xrv64i2p1_m2p0_a2p1_f2p2_d2p2_zicsr2p0_zifencei2p0_zmmul1p0_zba1p0_zbb1p0_zbc1p0_zbs1p0
core   0: 0x0000000080004000 (0x0080006f) j       pc + 0x8
core   0: 3 0x0000000080004000 (0x0080006f)
core   0: >>>>  mmode_exception_handler
core   0: 0x0000000080004008 (0x00002c17) auipc   s8, 0x2
core   0: 3 0x0000000080004008 (0x00002c17) x24 0x0000000080006008
core   0: 0x000000008000400c (0x030c0c13) addi    s8, s8, 48
core   0: 3 0x000000008000400c (0x030c0c13) x24 0x0000000080006038
core   0: 0x0000000080004010 (0x000c00e7) jalr    s8
core   0: 3 0x0000000080004010 (0x000c00e7) x1  0x0000000080004014
core   0: >>>>  any_handler
core   0: 0x0000000080006038 (0x341027f3) csrrs   a5, mepc, zero
core   0: 3 0x0000000080006038 (0x341027f3) x15 0x0000000080004b52
core   0: 0x000000008000603c (0x34202773) csrrs   a4, mcause, zero
core   0: 3 0x000000008000603c (0x34202773) x14 0x0000000000000002
core   0: 0x0000000080006040 (0x142026f3) csrrs   a3, scause, zero
core   0: 3 0x0000000080006040 (0x142026f3) x13 0x0000000000000000
core   0: 0x0000000080006044 (0x30402673) csrrs   a2, mie, zero
core   0: 3 0x0000000080006044 (0x30402673) x12 0x0000000000000a00
core   0: 0x0000000080006048 (0x344025f3) csrrs   a1, mip, zero
core   0: 3 0x0000000080006048 (0x344025f3) x11 0x0000000000000080
core   0: 0x000000008000604c (0x343025f3) csrrs   a1, mtval, zero
core   0: 3 0x000000008000604c (0x343025f3) x11 0x00000000f1319673
core   0: 0x0000000080006050 (0x14302573) csrrs   a0, stval, zero
core   0: 3 0x0000000080006050 (0x14302573) x10 0x0000000000000000
core   0: 0x0000000080006054 (0xb02024f3) csrrs   s1, minstret, zero
core   0: 3 0x0000000080006054 (0xb02024f3) x9  0x0000000000000b85
core   0: 0x0000000080006058 (0x0000a811) c.j     pc + 20
core   0: 3 0x0000000080006058 (0xa811)
core   0: >>>>  mepc_4
core   0: 0x000000008000606c (0x00000791) c.addi  a5, 4
core   0: 3 0x000000008000606c (0x0791) x15 0x0000000080004b56
core   0: 0x000000008000606e (0x34179073) csrrw   zero, mepc, a5
core   0: 3 0x000000008000606e (0x34179073) c833_mepc 0x0000000080004b56
core   0: 0x0000000080006072 (0x30200073) mret
core   0: 3 0x0000000080006072 (0x30200073) c768_mstatus 0x8000000a00106080
core   0: 0x0000000080004b56 (0x017171b3) and     gp, sp, s7
core   0: 1 0x0000000080004b56 (0x017171b3) x3  0x0000000000000001
core   0: 0x0000000080004b5a (0x0ff0000f) fence   iorw,iorw
core   0: 1 0x0000000080004b5a (0x0ff0000f)
core   0: 0x0000000080004b5e (0x4083533b) sraw    t1, t1, s0
core   0: 1 0x0000000080004b5e (0x4083533b) x6  0x0000000000000000
core   0: 0x0000000080004b62 (0x2b168c53) fmin.d  fs8, fa3, fa7
core   0: 1 0x0000000080004b62 (0x2b168c53) f24 0x7ff8000000000000
core   0: 0x0000000080004b66 (0x0285a7b3) mulhsu  a5, a1, s0
core   0: 1 0x0000000080004b66 (0x0285a7b3) x15 0x0000000000000000
core   0: 0x0000000080004b6a (0xd2038dd3) fcvt.d.w fs11, t2
core   0: 1 0x0000000080004b6a (0xd2038dd3) f27 0x41a0f09530000000
core   0: 0x0000000080004b6e (0x0a71ff53) fsub.d  ft10, ft3, ft7
core   0: 1 0x0000000080004b6e (0x0a71ff53) f30 0x7ff8000000000000
core   0: 0x0000000080004b72 (0x4107dd33) sra     s10, a5, a6
core   0: 1 0x0000000080004b72 (0x4107dd33) x26 0x0000000000000000
core   0: 0x0000000080004b76 (0x3b5f7dc3) fmadd.d fs11, ft10, fs5, ft7
core   0: 1 0x0000000080004b76 (0x3b5f7dc3) f27 0x7ff8000000000000
core   0: 0x0000000080004b7a (0x00020233) add     tp, tp, zero
core   0: 1 0x0000000080004b7a (0x00020233) x4  0x0000000000000000
core   0: 0x0000000080004b7e (0x00f01a13) slli    s4, zero, 15
core   0: 1 0x0000000080004b7e (0x00f01a13) x20 0x0000000000000000
core   0: 0x0000000080004b82 (0x42038bd3) fcvt.d.s fs7, ft7
core   0: 1 0x0000000080004b82 (0x42038bd3) f23 0x7ff8000000000000
core   0: 0x0000000080004b86 (0x002c9873) csrrw   a6, frm, s9
core   0: 1 0x0000000080004b86 (0x002c9873) x16 0x0000000000000000 c2_frm 0x0000000000000000
core   0: 0x0000000080004b8a (0xc223f4d3) fcvt.l.d s1, ft7
core   0: 1 0x0000000080004b8a (0xc223f4d3) c1_fflags 0x0000000000000011 x9  0x7fffffffffffffff
core   0: 0x0000000080004b8e (0x001614f3) csrrw   s1, fflags, a2
core   0: 1 0x0000000080004b8e (0x001614f3) x9  0x0000000000000011 c1_fflags 0x0000000000000000
core   0: 0x0000000080004b92 (0xd2090453) fcvt.d.w fs0, s2
core   0: 1 0x0000000080004b92 (0xd2090453) f8  0x41a0f09530000000
core   0: 0x0000000080004b96 (0x020e5c3b) divuw   s8, t3, zero
core   0: 1 0x0000000080004b96 (0x020e5c3b) x24 0xffffffffffffffff
core   0: 0x0000000080004b9a (0xd21c0753) fcvt.d.wu fa4, s8
core   0: 1 0x0000000080004b9a (0xd21c0753) f14 0x41efffffffe00000
core   0: 0x0000000080004b9e (0xd23e7f53) fcvt.d.lu ft10, t3
core   0: 1 0x0000000080004b9e (0xd23e7f53) f30 0x403d000000000000
core   0: 0x0000000080004ba2 (0x4001d03b) sraw    zero, gp, zero
core   0: 1 0x0000000080004ba2 (0x4001d03b)
core   0: 0x0000000080004ba6 (0x006ee833) or      a6, t4, t1
core   0: 1 0x0000000080004ba6 (0x006ee833) x16 0x000000004c16c000
core   0: 0x0000000080004baa (0x7381fc43) fmadd.d fs8, ft3, fs8, fa4
core   0: 1 0x0000000080004baa (0x7381fc43) f24 0x7ff8000000000000
core   0: 0x0000000080004bae (0x01939cbb) sllw    s9, t2, s9
core   0: 1 0x0000000080004bae (0x01939cbb) x25 0x0000000008784a98
core   0: 0x0000000080004bb2 (0x80007813) andi    a6, zero, -2048
core   0: 1 0x0000000080004bb2 (0x80007813) x16 0x0000000000000000
core   0: 0x0000000080004bb6 (0x4001d89b) sraiw   a7, gp, 0
core   0: 1 0x0000000080004bb6 (0x4001d89b) x17 0x0000000000000001
core   0: 0x0000000080004bba (0xd220f253) fcvt.d.l ft4, ra
core   0: 1 0x0000000080004bba (0xd220f253) f4  0x41e0000802800000
core   0: 0x0000000080004bbe (0x313fe6b7) lui     a3, 0x313fe
core   0: 1 0x0000000080004bbe (0x313fe6b7) x13 0x00000000313fe000
core   0: 0x0000000080004bc2 (0xc22a79d3) fcvt.l.d s3, fs4
core   0: 1 0x0000000080004bc2 (0xc22a79d3) c1_fflags 0x0000000000000010 x19 0x7fffffffffffffff
core   0: 0x0000000080004bc6 (0x00071513) slli    a0, a4, 0
core   0: 1 0x0000000080004bc6 (0x00071513) x10 0x0000000000000002
core   0: 0x0000000080004bca (0x03ab45b3) div     a1, s6, s10
core   0: 1 0x0000000080004bca (0x03ab45b3) x11 0xffffffffffffffff
core   0: 0x0000000080004bce (0x022a9133) mulh    sp, s5, sp
core   0: 1 0x0000000080004bce (0x022a9133) x2  0xffffffffffffffff
core   0: 0x0000000080004bd2 (0x72a86017) auipc   zero, 0x72a86
core   0: 1 0x0000000080004bd2 (0x72a86017)
core   0: 0x0000000080004bd6 (0x00000001) c.nop
core   0: 1 0x0000000080004bd6 (0x0001)
core   0: 0x0000000080004bd8 (0x0221613b) remw    sp, sp, sp
core   0: 1 0x0000000080004bd8 (0x0221613b) x2  0x0000000000000000
core   0: 0x0000000080004bdc (0xd0377ad3) fcvt.s.lu fs5, a4
core   0: 1 0x0000000080004bdc (0xd0377ad3) f21 0xffffffff40000000
core   0: 0x0000000080004be0 (0x40570d3b) subw    s10, a4, t0
core   0: 1 0x0000000080004be0 (0x40570d3b) x26 0xffffffff8ba251d0
core   0: 0x0000000080004be4 (0x575e7e13) andi    t3, t3, 1397
core   0: 1 0x0000000080004be4 (0x575e7e13) x28 0x0000000000000015
core   0: 0x0000000080004be8 (0x000b5313) srli    t1, s6, 0
core   0: 1 0x0000000080004be8 (0x000b5313) x6  0xfffd6e6c7a5e3000
core   0: 0x0000000080004bec (0x7ff94d13) xori    s10, s2, 2047
core   0: 1 0x0000000080004bec (0x7ff94d13) x26 0x0000000008784d67
core   0: 0x0000000080004bf0 (0x01f2199b) slliw   s3, tp, 31
core   0: 1 0x0000000080004bf0 (0x01f2199b) x19 0x0000000000000000
core   0: 0x0000000080004bf4 (0x00000001) c.nop
core   0: 1 0x0000000080004bf4 (0x0001)
core   0: 0x0000000080004bf6 (0x035df53b) remuw   a0, s11, s5
core   0: 1 0x0000000080004bf6 (0x035df53b) x10 0x000000000000000d
core   0: 0x0000000080004bfa (0x2221a9d3) fsgnjx.d fs3, ft3, ft2
core   0: 1 0x0000000080004bfa (0x2221a9d3) f19 0xffffffff7fc00000
core   0: 0x0000000080004bfe (0x00000001) c.nop
core   0: 1 0x0000000080004bfe (0x0001)
core   0: 0x0000000080004c00 (0x021eaa33) mulhsu  s4, t4, ra
core   0: 1 0x0000000080004c00 (0x021eaa33) x20 0x0000000000000000
core   0: 0x0000000080004c04 (0x0267f433) remu    s0, a5, t1
core   0: 1 0x0000000080004c04 (0x0267f433) x8  0x0000000000000000
core   0: 0x0000000080004c08 (0x236a8e53) fsgnj.d ft8, fs5, fs6
core   0: 1 0x0000000080004c08 (0x236a8e53) f28 0x7fffffff40000000
core   0: 0x0000000080004c0c (0x105724f3) csrrs   s1, stvec, a4
core   0: 1 0x0000000080004c0c (0x105724f3) x9  0x0000000000000000 c261_stvec 0x0000000000000000
core   0: 0x0000000080004c10 (0x02caf7bb) remuw   a5, s5, a2
core   0: 1 0x0000000080004c10 (0x02caf7bb) x15 0x0000000000000011
core   0: 0x0000000080004c14 (0x014994bb) sllw    s1, s3, s4
core   0: 1 0x0000000080004c14 (0x014994bb) x9  0x0000000000000000
core   0: 0x0000000080004c18 (0x8d30ee13) ori     t3, ra, -1837
core   0: 1 0x0000000080004c18 (0x8d30ee13) x28 0xfffffffffffff8d7
core   0: 0x0000000080004c1c (0x029534b3) mulhu   s1, a0, s1
core   0: 1 0x0000000080004c1c (0x029534b3) x9  0x0000000000000000
core   0: 0x0000000080004c20 (0x0004f393) andi    t2, s1, 0
core   0: 1 0x0000000080004c20 (0x0004f393) x7  0x0000000000000000
core   0: 0x0000000080004c24 (0xc20ef4d3) fcvt.w.d s1, ft9
core   0: 1 0x0000000080004c24 (0xc20ef4d3) x9  0xffffffff80004014
core   0: 0x0000000080004c28 (0x4054dc3b) sraw    s8, s1, t0
core   0: 1 0x0000000080004c28 (0x4054dc3b) x24 0xffffffffffffe000
core   0: 0x0000000080004c2c (0xd2128bd3) fcvt.d.wu fs7, t0
core   0: 1 0x0000000080004c2c (0xd2128bd3) f23 0x41dd176b8c800000
core   0: 0x0000000080004c30 (0x01b78eb3) add     t4, a5, s11
core   0: 1 0x0000000080004c30 (0x01b78eb3) x29 0x0000000080005a98
core   0: 0x0000000080004c34 (0x0ff0000f) fence   iorw,iorw
core   0: 1 0x0000000080004c34 (0x0ff0000f)
core   0: 0x0000000080004c38 (0x01c40b33) add     s6, s0, t3
core   0: 1 0x0000000080004c38 (0x01c40b33) x22 0xfffffffffffff8d7
core   0: 0x0000000080004c3c (0x1bad7d4f) fnmadd.d fs10, fs10, fs10, ft3
core   0: 1 0x0000000080004c3c (0x1bad7d4f) f26 0x7ff8000000000000
core   0: 0x0000000080004c40 (0x012c9d1b) slliw   s10, s9, 18
core   0: 1 0x0000000080004c40 (0x012c9d1b) x26 0x000000002a600000
core   0: 0x0000000080004c44 (0xe2010c53) fmv.x.d s8, ft2
core   0: 1 0x0000000080004c44 (0xe2010c53) x24 0x7ff8000000000000
core   0: 0x0000000080004c48 (0x6c0ece93) xori    t4, t4, 1728
core   0: 1 0x0000000080004c48 (0x6c0ece93) x29 0x0000000080005c58
core   0: 0x0000000080004c4c (0xd03cfa53) fcvt.s.lu fs4, s9
core   0: 1 0x0000000080004c4c (0xd03cfa53) c1_fflags 0x0000000000000011 f20 0xffffffff4d0784aa
core   0: 0x0000000080004c50 (0x012ef633) and     a2, t4, s2
core   0: 1 0x0000000080004c50 (0x012ef633) x12 0x0000000000004818
core   0: 0x0000000080004c54 (0x0a3ff9d3) fsub.d  fs3, ft11, ft3
core   0: 1 0x0000000080004c54 (0x0a3ff9d3) f19 0x7ff8000000000000
core   0: 0x0000000080004c58 (0x0085d09b) srliw   ra, a1, 8
core   0: 1 0x0000000080004c58 (0x0085d09b) x1  0x0000000000ffffff
core   0: 0x0000000080004c5c (0x0340893b) mulw    s2, ra, s4
core   0: 1 0x0000000080004c5c (0x0340893b) x18 0x0000000000000000
core   0: 0x0000000080004c60 (0x362ee9b7) lui     s3, 0x362ee
core   0: 1 0x0000000080004c60 (0x362ee9b7) x19 0x00000000362ee000
core   0: 0x0000000080004c64 (0x01555abb) srlw    s5, a0, s5
core   0: 1 0x0000000080004c64 (0x01555abb) x21 0x0000000000000000
core   0: 0x0000000080004c68 (0x00000001) c.nop
core   0: 1 0x0000000080004c68 (0x0001)
core   0: 0x0000000080004c6a (0x41bc5c13) srai    s8, s8, 27
core   0: 1 0x0000000080004c6a (0x41bc5c13) x24 0x0000000fff000000
core   0: 0x0000000080004c6e (0xd23a7653) fcvt.d.lu fa2, s4
core   0: 1 0x0000000080004c6e (0xd23a7653) f12 0x0000000000000000
core   0: 0x0000000080004c72 (0xd031fad3) fcvt.s.lu fs5, gp
core   0: 1 0x0000000080004c72 (0xd031fad3) f21 0xffffffff3f800000
core   0: 0x0000000080004c76 (0xab34744f) fnmadd.d fs0, fs0, fs3, fs5
core   0: 1 0x0000000080004c76 (0xab34744f) f8  0x7ff8000000000000
core   0: 0x0000000080004c7a (0x00000001) c.nop
core   0: 1 0x0000000080004c7a (0x0001)
core   0: 0x0000000080004c7c (0xa35986d3) fle.d   a3, fs3, fs5
core   0: 1 0x0000000080004c7c (0xa35986d3) c1_fflags 0x0000000000000011 x13 0x0000000000000000
core   0: 0x0000000080004c80 (0x40147ed3) fcvt.s.d ft9, fs0
core   0: 1 0x0000000080004c80 (0x40147ed3) f29 0xffffffff7fc00000
core   0: 0x0000000080004c84 (0x00499593) slli    a1, s3, 4
core   0: 1 0x0000000080004c84 (0x00499593) x11 0x0000000362ee0000
core   0: 0x0000000080004c88 (0x0bdcf753) fsub.d  fa4, fs9, ft9
core   0: 1 0x0000000080004c88 (0x0bdcf753) f14 0x7ff8000000000000
core   0: 0x0000000080004c8c (0x12a07ad3) fmul.d  fs5, ft0, fa0
core   0: 1 0x0000000080004c8c (0x12a07ad3) f21 0x7ff8000000000000
core   0: 0x0000000080004c90 (0x02746c3b) remw    s8, s0, t2
core   0: 1 0x0000000080004c90 (0x02746c3b) x24 0x0000000000000000
core   0: 0x0000000080004c94 (0xd2128253) fcvt.d.wu ft4, t0
core   0: 1 0x0000000080004c94 (0xd2128253) f4  0x41dd176b8c800000
core   0: 0x0000000080004c98 (0x000002e6) c.slli  t0, 25
core   0: 1 0x0000000080004c98 (0x02e6) x5  0x28e8bb5c64000000
core   0: 0x0000000080004c9a (0x0184c933) xor     s2, s1, s8
core   0: 1 0x0000000080004c9a (0x0184c933) x18 0xffffffff80004014
core   0: 0x0000000080004c9e (0x1b8ffb53) fdiv.d  fs6, ft11, fs8
core   0: 1 0x0000000080004c9e (0x1b8ffb53) f22 0x7ff8000000000000
core   0: 0x0000000080004ca2 (0xd20986d3) fcvt.d.w fa3, s3
core   0: 1 0x0000000080004ca2 (0xd20986d3) f13 0x41cb177000000000
core   0: 0x0000000080004ca6 (0xc1954a13) xori    s4, a0, -999
core   0: 1 0x0000000080004ca6 (0xc1954a13) x20 0xfffffffffffffc14
core   0: 0x0000000080004caa (0x02d486bb) mulw    a3, s1, a3
core   0: 1 0x0000000080004caa (0x02d486bb) x13 0x0000000000000000
core   0: 0x0000000080004cae (0x00000001) c.nop
core   0: 1 0x0000000080004cae (0x0001)
core   0: 0x0000000080004cb0 (0x000a5313) srli    t1, s4, 0
core   0: 1 0x0000000080004cb0 (0x000a5313) x6  0xfffffffffffffc14
core   0: 0x0000000080004cb4 (0x2b121153) fmax.d  ft2, ft4, fa7
core   0: 1 0x0000000080004cb4 (0x2b121153) f2  0x41dd176b8c800000
core   0: 0x0000000080004cb8 (0x5a0b75d3) fsqrt.d fa1, fs6
core   0: 1 0x0000000080004cb8 (0x5a0b75d3) f11 0x7ff8000000000000
core   0: 0x0000000080004cbc (0x02683b33) mulhu   s6, a6, t1
core   0: 1 0x0000000080004cbc (0x02683b33) x22 0x0000000000000000
core   0: 0x0000000080004cc0 (0x013989bb) addw    s3, s3, s3
core   0: 1 0x0000000080004cc0 (0x013989bb) x19 0x000000006c5dc000
core   0: 0x0000000080004cc4 (0x0073da1b) srliw   s4, t2, 7
core   0: 1 0x0000000080004cc4 (0x0073da1b) x20 0x0000000000000000
core   0: 0x0000000080004cc8 (0x007e45b3) xor     a1, t3, t2
core   0: 1 0x0000000080004cc8 (0x007e45b3) x11 0xfffffffffffff8d7
core   0: 0x0000000080004ccc (0x02a7de3b) divuw   t3, a5, a0
core   0: 1 0x0000000080004ccc (0x02a7de3b) x28 0x0000000000000001
core   0: 0x0000000080004cd0 (0x22858453) fsgnj.d fs0, fa1, fs0
core   0: 1 0x0000000080004cd0 (0x22858453) f8  0x7ff8000000000000
core   0: 0x0000000080004cd4 (0x00000001) c.nop
core   0: 1 0x0000000080004cd4 (0x0001)
core   0: 0x0000000080004cd6 (0x00a31d3b) sllw    s10, t1, a0
core   0: 1 0x0000000080004cd6 (0x00a31d3b) x26 0xffffffffff828000
core   0: 0x0000000080004cda (0xf1105473) csrrwi  s0, mvendorid, 0
core   0: exception trap_illegal_instruction, epc 0x0000000080004cda
core   0:           tval 0x00000000f1105473
core   0: >>>>  $xrv64i2p1_m2p0_a2p1_f2p2_d2p2_zicsr2p0_zifencei2p0_zmmul1p0_zba1p0_zbb1p0_zbc1p0_zbs1p0
core   0: 0x0000000080004000 (0x0080006f) j       pc + 0x8
core   0: 3 0x0000000080004000 (0x0080006f)
core   0: >>>>  mmode_exception_handler
core   0: 0x0000000080004008 (0x00002c17) auipc   s8, 0x2
core   0: 3 0x0000000080004008 (0x00002c17) x24 0x0000000080006008
core   0: 0x000000008000400c (0x030c0c13) addi    s8, s8, 48
core   0: 3 0x000000008000400c (0x030c0c13) x24 0x0000000080006038
core   0: 0x0000000080004010 (0x000c00e7) jalr    s8
core   0: 3 0x0000000080004010 (0x000c00e7) x1  0x0000000080004014
core   0: >>>>  any_handler
core   0: 0x0000000080006038 (0x341027f3) csrrs   a5, mepc, zero
core   0: 3 0x0000000080006038 (0x341027f3) x15 0x0000000080004cda
core   0: 0x000000008000603c (0x34202773) csrrs   a4, mcause, zero
core   0: 3 0x000000008000603c (0x34202773) x14 0x0000000000000002
core   0: 0x0000000080006040 (0x142026f3) csrrs   a3, scause, zero
core   0: 3 0x0000000080006040 (0x142026f3) x13 0x0000000000000000
core   0: 0x0000000080006044 (0x30402673) csrrs   a2, mie, zero
core   0: 3 0x0000000080006044 (0x30402673) x12 0x0000000000000a00
core   0: 0x0000000080006048 (0x344025f3) csrrs   a1, mip, zero
core   0: 3 0x0000000080006048 (0x344025f3) x11 0x0000000000000080
core   0: 0x000000008000604c (0x343025f3) csrrs   a1, mtval, zero
core   0: 3 0x000000008000604c (0x343025f3) x11 0x00000000f1105473
core   0: 0x0000000080006050 (0x14302573) csrrs   a0, stval, zero
core   0: 3 0x0000000080006050 (0x14302573) x10 0x0000000000000000
core   0: 0x0000000080006054 (0xb02024f3) csrrs   s1, minstret, zero
core   0: 3 0x0000000080006054 (0xb02024f3) x9  0x0000000000000bfa
core   0: 0x0000000080006058 (0x0000a811) c.j     pc + 20
core   0: 3 0x0000000080006058 (0xa811)
core   0: >>>>  mepc_4
core   0: 0x000000008000606c (0x00000791) c.addi  a5, 4
core   0: 3 0x000000008000606c (0x0791) x15 0x0000000080004cde
core   0: 0x000000008000606e (0x34179073) csrrw   zero, mepc, a5
core   0: 3 0x000000008000606e (0x34179073) c833_mepc 0x0000000080004cde
core   0: 0x0000000080006072 (0x30200073) mret
core   0: 3 0x0000000080006072 (0x30200073) c768_mstatus 0x8000000a00106080
core   0: 0x0000000080004cde (0x66e70213) addi    tp, a4, 1646
core   0: 1 0x0000000080004cde (0x66e70213) x4  0x0000000000000670
core   0: 0x0000000080004ce2 (0x00202973) csrrs   s2, frm, zero
core   0: 1 0x0000000080004ce2 (0x00202973) x18 0x0000000000000000
core   0: 0x0000000080004ce6 (0x032b1c13) slli    s8, s6, 50
core   0: 1 0x0000000080004ce6 (0x032b1c13) x24 0x0000000000000000
core   0: 0x0000000080004cea (0x00055013) srli    zero, a0, 0
core   0: 1 0x0000000080004cea (0x00055013)
core   0: 0x0000000080004cee (0x00e97cb3) and     s9, s2, a4
core   0: 1 0x0000000080004cee (0x00e97cb3) x25 0x0000000000000000
core   0: 0x0000000080004cf2 (0xe2a5facb) fnmsub.d fs5, fa1, fa0, ft8
core   0: 1 0x0000000080004cf2 (0xe2a5facb) f21 0x7ff8000000000000
core   0: 0x0000000080004cf6 (0xa2b40ed3) fle.d   t4, fs0, fa1
core   0: 1 0x0000000080004cf6 (0xa2b40ed3) c1_fflags 0x0000000000000011 x29 0x0000000000000000
core   0: 0x0000000080004cfa (0x0aa57153) fsub.d  ft2, fa0, fa0
core   0: 1 0x0000000080004cfa (0x0aa57153) f2  0x7ff8000000000000
core   0: 0x0000000080004cfe (0x0068adb3) slt     s11, a7, t1
core   0: 1 0x0000000080004cfe (0x0068adb3) x27 0x0000000000000000
core   0: 0x0000000080004d02 (0xd23d7553) fcvt.d.lu fa0, s10
core   0: 1 0x0000000080004d02 (0xd23d7553) f10 0x43effffffffff050
core   0: 0x0000000080004d06 (0x1a877453) fdiv.d  fs0, fa4, fs0
core   0: 1 0x0000000080004d06 (0x1a877453) f8  0x7ff8000000000000
core   0: 0x0000000080004d0a (0xc22574d3) fcvt.l.d s1, fa0
core   0: 1 0x0000000080004d0a (0xc22574d3) c1_fflags 0x0000000000000011 x9  0x7fffffffffffffff
core   0: 0x0000000080004d0e (0x41a65ab3) sra     s5, a2, s10
core   0: 1 0x0000000080004d0e (0x41a65ab3) x21 0x0000000000000a00
core   0: 0x0000000080004d12 (0x2b109cd3) fmax.d  fs9, ft1, fa7
core   0: 1 0x0000000080004d12 (0x2b109cd3) f25 0x7ff8000000000000
core   0: 0x0000000080004d16 (0xc02bfad3) fcvt.l.s s5, fs7
core   0: 1 0x0000000080004d16 (0xc02bfad3) c1_fflags 0x0000000000000011 x21 0x7fffffffffffffff
core   0: 0x0000000080004d1a (0xe2050853) fmv.x.d a6, fa0
core   0: 1 0x0000000080004d1a (0xe2050853) x16 0x43effffffffff050
core   0: 0x0000000080004d1e (0x40107f53) fcvt.s.d ft10, ft0
core   0: 1 0x0000000080004d1e (0x40107f53) f30 0xffffffff7fc00000
core   0: 0x0000000080004d22 (0x2be57643) fmadd.d fa2, fa0, ft10, ft5
core   0: 1 0x0000000080004d22 (0x2be57643) f12 0x7ff8000000000000
core   0: 0x0000000080004d26 (0x018c6533) or      a0, s8, s8
core   0: 1 0x0000000080004d26 (0x018c6533) x10 0x0000000000000000
core   0: 0x0000000080004d2a (0x9dfde293) ori     t0, s11, -1569
core   0: 1 0x0000000080004d2a (0x9dfde293) x5  0xfffffffffffff9df
core   0: 0x0000000080004d2e (0x401afdd3) fcvt.s.d fs11, fs5
core   0: 1 0x0000000080004d2e (0x401afdd3) f27 0xffffffff7fc00000
core   0: 0x0000000080004d32 (0x0171919b) slliw   gp, gp, 23
core   0: 1 0x0000000080004d32 (0x0171919b) x3  0x0000000000800000
core   0: 0x0000000080004d36 (0xc0005df3) csrrwi  s11, cycle, 0
core   0: exception trap_illegal_instruction, epc 0x0000000080004d36
core   0:           tval 0x00000000c0005df3
core   0: >>>>  $xrv64i2p1_m2p0_a2p1_f2p2_d2p2_zicsr2p0_zifencei2p0_zmmul1p0_zba1p0_zbb1p0_zbc1p0_zbs1p0
core   0: 0x0000000080004000 (0x0080006f) j       pc + 0x8
core   0: 3 0x0000000080004000 (0x0080006f)
core   0: >>>>  mmode_exception_handler
core   0: 0x0000000080004008 (0x00002c17) auipc   s8, 0x2
core   0: 3 0x0000000080004008 (0x00002c17) x24 0x0000000080006008
core   0: 0x000000008000400c (0x030c0c13) addi    s8, s8, 48
core   0: 3 0x000000008000400c (0x030c0c13) x24 0x0000000080006038
core   0: 0x0000000080004010 (0x000c00e7) jalr    s8
core   0: 3 0x0000000080004010 (0x000c00e7) x1  0x0000000080004014
core   0: >>>>  any_handler
core   0: 0x0000000080006038 (0x341027f3) csrrs   a5, mepc, zero
core   0: 3 0x0000000080006038 (0x341027f3) x15 0x0000000080004d36
core   0: 0x000000008000603c (0x34202773) csrrs   a4, mcause, zero
core   0: 3 0x000000008000603c (0x34202773) x14 0x0000000000000002
core   0: 0x0000000080006040 (0x142026f3) csrrs   a3, scause, zero
core   0: 3 0x0000000080006040 (0x142026f3) x13 0x0000000000000000
core   0: 0x0000000080006044 (0x30402673) csrrs   a2, mie, zero
core   0: 3 0x0000000080006044 (0x30402673) x12 0x0000000000000a00
core   0: 0x0000000080006048 (0x344025f3) csrrs   a1, mip, zero
core   0: 3 0x0000000080006048 (0x344025f3) x11 0x0000000000000080
core   0: 0x000000008000604c (0x343025f3) csrrs   a1, mtval, zero
core   0: 3 0x000000008000604c (0x343025f3) x11 0x00000000c0005df3
core   0: 0x0000000080006050 (0x14302573) csrrs   a0, stval, zero
core   0: 3 0x0000000080006050 (0x14302573) x10 0x0000000000000000
core   0: 0x0000000080006054 (0xb02024f3) csrrs   s1, minstret, zero
core   0: 3 0x0000000080006054 (0xb02024f3) x9  0x0000000000000c20
core   0: 0x0000000080006058 (0x0000a811) c.j     pc + 20
core   0: 3 0x0000000080006058 (0xa811)
core   0: >>>>  mepc_4
core   0: 0x000000008000606c (0x00000791) c.addi  a5, 4
core   0: 3 0x000000008000606c (0x0791) x15 0x0000000080004d3a
core   0: 0x000000008000606e (0x34179073) csrrw   zero, mepc, a5
core   0: 3 0x000000008000606e (0x34179073) c833_mepc 0x0000000080004d3a
core   0: 0x0000000080006072 (0x30200073) mret
core   0: 3 0x0000000080006072 (0x30200073) c768_mstatus 0x8000000a00106080
core   0: 0x0000000080004d3a (0x4b34099b) addiw   s3, s0, 1203
core   0: 1 0x0000000080004d3a (0x4b34099b) x19 0x00000000000004b3
core   0: 0x0000000080004d3e (0x002155bb) srlw    a1, sp, sp
core   0: 1 0x0000000080004d3e (0x002155bb) x11 0x0000000000000000
core   0: 0x0000000080004d42 (0x0114a533) slt     a0, s1, a7
core   0: 1 0x0000000080004d42 (0x0114a533) x10 0x0000000000000000
core   0: 0x0000000080004d46 (0xc0367e53) fcvt.lu.s t3, fa2
core   0: 1 0x0000000080004d46 (0xc0367e53) c1_fflags 0x0000000000000011 x28 0xffffffffffffffff
core   0: 0x0000000080004d4a (0x00102073) csrrs   zero, fflags, zero
core   0: 1 0x0000000080004d4a (0x00102073)
core   0: 0x0000000080004d4e (0x00c375b3) and     a1, t1, a2
core   0: 1 0x0000000080004d4e (0x00c375b3) x11 0x0000000000000800
core   0: 0x0000000080004d52 (0xd23e7e53) fcvt.d.lu ft8, t3
core   0: 1 0x0000000080004d52 (0xd23e7e53) c1_fflags 0x0000000000000011 f28 0x43f0000000000000
core   0: 0x0000000080004d56 (0xd231fdd3) fcvt.d.lu fs11, gp
core   0: 1 0x0000000080004d56 (0xd231fdd3) f27 0x4160000000000000
core   0: 0x0000000080004d5a (0x002090f3) csrrw   ra, frm, ra
core   0: 1 0x0000000080004d5a (0x002090f3) x1  0x0000000000000000 c2_frm 0x0000000000000004
core   0: 0x0000000080004d5e (0xc021f053) fcvt.l.s zero, ft3
core   0: 1 0x0000000080004d5e (0xc021f053) c1_fflags 0x0000000000000011
core   0: 0x0000000080004d62 (0x00000001) c.nop
core   0: 1 0x0000000080004d62 (0x0001)
core   0: 0x0000000080004d64 (0x02aa31b3) mulhu   gp, s4, a0
core   0: 1 0x0000000080004d64 (0x02aa31b3) x3  0x0000000000000000
core   0: 0x0000000080004d68 (0x5c76aeb7) lui     t4, 0x5c76a
core   0: 1 0x0000000080004d68 (0x5c76aeb7) x29 0x000000005c76a000
core   0: 0x0000000080004d6c (0x41d58d3b) subw    s10, a1, t4
core   0: 1 0x0000000080004d6c (0x41d58d3b) x26 0xffffffffa3896800
core   0: 0x0000000080004d70 (0xc22b78d3) fcvt.l.d a7, fs6
core   0: 1 0x0000000080004d70 (0xc22b78d3) c1_fflags 0x0000000000000011 x17 0x7fffffffffffffff
core   0: 0x0000000080004d74 (0x1bb57853) fdiv.d  fa6, fa0, fs11
core   0: 1 0x0000000080004d74 (0x1bb57853) f16 0x427ffffffffff050
core   0: 0x0000000080004d78 (0xdb1ef543) fmadd.d fa0, ft9, fa7, fs11
core   0: 1 0x0000000080004d78 (0xdb1ef543) f10 0x7ff8000000000000
core   0: 0x0000000080004d7c (0x4165dc3b) sraw    s8, a1, s6
core   0: 1 0x0000000080004d7c (0x4165dc3b) x24 0x0000000000000800
core   0: 0x0000000080004d80 (0x013999bb) sllw    s3, s3, s3
core   0: 1 0x0000000080004d80 (0x013999bb) x19 0x0000000025980000
core   0: 0x0000000080004d84 (0x1a097dd3) fdiv.d  fs11, fs2, ft0
core   0: 1 0x0000000080004d84 (0x1a097dd3) f27 0x7ff8000000000000
core   0: 0x0000000080004d88 (0x4d99809b) addiw   ra, s3, 1241
core   0: 1 0x0000000080004d88 (0x4d99809b) x1  0x00000000259804d9
core   0: 0x0000000080004d8c (0xf2048653) fmv.d.x fa2, s1
core   0: 1 0x0000000080004d8c (0xf2048653) f12 0x0000000000000c20
core   0: 0x0000000080004d90 (0x42d8d893) srai    a7, a7, 45
core   0: 1 0x0000000080004d90 (0x42d8d893) x17 0x000000000003ffff
core   0: 0x0000000080004d94 (0x032c5ab3) divu    s5, s8, s2
core   0: 1 0x0000000080004d94 (0x032c5ab3) x21 0xffffffffffffffff
core   0: 0x0000000080004d98 (0x2b3986d3) fmin.d  fa3, fs3, fs3
core   0: 1 0x0000000080004d98 (0x2b3986d3) f13 0x7ff8000000000000
core   0: 0x0000000080004d9c (0x036b5533) divu    a0, s6, s6
core   0: 1 0x0000000080004d9c (0x036b5533) x10 0xffffffffffffffff
core   0: 0x0000000080004da0 (0x22741053) fsgnjn.d ft0, fs0, ft7
core   0: 1 0x0000000080004da0 (0x22741053) f0  0xfff8000000000000
core   0: 0x0000000080004da4 (0x7ff86493) ori     s1, a6, 2047
core   0: 1 0x0000000080004da4 (0x7ff86493) x9  0x43effffffffff7ff
core   0: 0x0000000080004da8 (0x407dd433) sra     s0, s11, t2
core   0: 1 0x0000000080004da8 (0x407dd433) x8  0x0000000000000000
core   0: 0x0000000080004dac (0x00046913) ori     s2, s0, 0
core   0: 1 0x0000000080004dac (0x00046913) x18 0x0000000000000000
core   0: 0x0000000080004db0 (0x0ff0000f) fence   iorw,iorw
core   0: 1 0x0000000080004db0 (0x0ff0000f)
core   0: 0x0000000080004db4 (0x0206ff53) fadd.d  ft10, fa3, ft0
core   0: 1 0x0000000080004db4 (0x0206ff53) f30 0x7ff8000000000000
core   0: 0x0000000080004db8 (0x415bdd13) srai    s10, s7, 21
core   0: 1 0x0000000080004db8 (0x415bdd13) x26 0x0000000000000000
core   0: 0x0000000080004dbc (0x022bfe3b) remuw   t3, s7, sp
core   0: 1 0x0000000080004dbc (0x022bfe3b) x28 0x000000000000001d
core   0: 0x0000000080004dc0 (0x413686bb) subw    a3, a3, s3
core   0: 1 0x0000000080004dc0 (0x413686bb) x13 0xffffffffda680000
core   0: 0x0000000080004dc4 (0xd2297a53) fcvt.d.l fs4, s2
core   0: 1 0x0000000080004dc4 (0xd2297a53) f20 0x0000000000000000
core   0: 0x0000000080004dc8 (0x234503d3) fsgnj.d ft7, fa0, fs4
core   0: 1 0x0000000080004dc8 (0x234503d3) f7  0x7ff8000000000000
core   0: 0x0000000080004dcc (0x2235a9d3) fsgnjx.d fs3, fa1, ft3
core   0: 1 0x0000000080004dcc (0x2235a9d3) f19 0xfff8000000000000
core   0: 0x0000000080004dd0 (0x00000001) c.nop
core   0: 1 0x0000000080004dd0 (0x0001)
core   0: 0x0000000080004dd2 (0x4266d293) srai    t0, a3, 38
core   0: 1 0x0000000080004dd2 (0x4266d293) x5  0xffffffffffffffff
core   0: 0x0000000080004dd6 (0xba99cc13) xori    s8, s3, -1111
core   0: 1 0x0000000080004dd6 (0xba99cc13) x24 0xffffffffda67fba9
core   0: 0x0000000080004dda (0x2a8f0f53) fmin.d  ft10, ft10, fs0
core   0: 1 0x0000000080004dda (0x2a8f0f53) f30 0x7ff8000000000000
core   0: 0x0000000080004dde (0x0232823b) mulw    tp, t0, gp
core   0: 1 0x0000000080004dde (0x0232823b) x4  0x0000000000000000
core   0: 0x0000000080004de2 (0x00102773) csrrs   a4, fflags, zero
core   0: 1 0x0000000080004de2 (0x00102773) x14 0x0000000000000011
core   0: 0x0000000080004de6 (0x01f99e9b) slliw   t4, s3, 31
core   0: 1 0x0000000080004de6 (0x01f99e9b) x29 0x0000000000000000
core   0: 0x0000000080004dea (0x0152d2bb) srlw    t0, t0, s5
core   0: 1 0x0000000080004dea (0x0152d2bb) x5  0x0000000000000001
core   0: 0x0000000080004dee (0x03d403bb) mulw    t2, s0, t4
core   0: 1 0x0000000080004dee (0x03d403bb) x7  0x0000000000000000
core   0: 0x0000000080004df2 (0x00202073) csrrs   zero, frm, zero
core   0: 1 0x0000000080004df2 (0x00202073)
core   0: 0x0000000080004df6 (0x414d8d3b) subw    s10, s11, s4
core   0: 1 0x0000000080004df6 (0x414d8d3b) x26 0x0000000000000000
core   0: 0x0000000080004dfa (0x00000001) c.nop
core   0: 1 0x0000000080004dfa (0x0001)
core   0: 0x0000000080004dfc (0x037ce2bb) remw    t0, s9, s7
core   0: 1 0x0000000080004dfc (0x037ce2bb) x5  0x0000000000000000
core   0: 0x0000000080004e00 (0xc03ef653) fcvt.lu.s a2, ft9
core   0: 1 0x0000000080004e00 (0xc03ef653) c1_fflags 0x0000000000000011 x12 0xffffffffffffffff
core   0: 0x0000000080004e04 (0x02bbffd3) fadd.d  ft11, fs7, fa1
core   0: 1 0x0000000080004e04 (0x02bbffd3) f31 0x7ff8000000000000
core   0: 0x0000000080004e08 (0xd222f1d3) fcvt.d.l ft3, t0
core   0: 1 0x0000000080004e08 (0xd222f1d3) f3  0x0000000000000000
core   0: 0x0000000080004e0c (0x0295c4b3) div     s1, a1, s1
core   0: 1 0x0000000080004e0c (0x0295c4b3) x9  0x0000000000000000
core   0: 0x0000000080004e10 (0x00000001) c.nop
core   0: 1 0x0000000080004e10 (0x0001)
core   0: 0x0000000080004e12 (0x000031fd) c.addiw gp, -1
core   0: 1 0x0000000080004e12 (0x31fd) x3  0xffffffffffffffff
core   0: 0x0000000080004e14 (0x007b83bb) addw    t2, s7, t2
core   0: 1 0x0000000080004e14 (0x007b83bb) x7  0x000000000000001d
core   0: 0x0000000080004e18 (0x0009dd1b) srliw   s10, s3, 0
core   0: 1 0x0000000080004e18 (0x0009dd1b) x26 0x0000000025980000
core   0: 0x0000000080004e1c (0x0154541b) srliw   s0, s0, 21
core   0: 1 0x0000000080004e1c (0x0154541b) x8  0x0000000000000000
core   0: 0x0000000080004e20 (0xcfdd0693) addi    a3, s10, -771
core   0: 1 0x0000000080004e20 (0xcfdd0693) x13 0x000000002597fcfd
core   0: 0x0000000080004e24 (0x415286bb) subw    a3, t0, s5
core   0: 1 0x0000000080004e24 (0x415286bb) x13 0x0000000000000001
core   0: 0x0000000080004e28 (0x00ddfdb3) and     s11, s11, a3
core   0: 1 0x0000000080004e28 (0x00ddfdb3) x27 0x0000000000000000
core   0: 0x0000000080004e2c (0xffb27eb7) lui     t4, 0xffb27
core   0: 1 0x0000000080004e2c (0xffb27eb7) x29 0xffffffffffb27000
core   0: 0x0000000080004e30 (0x387e8e9b) addiw   t4, t4, 903
core   0: 1 0x0000000080004e30 (0x387e8e9b) x29 0xffffffffffb27387
core   0: 0x0000000080004e34 (0x00000ec2) c.slli  t4, 16
core   0: 1 0x0000000080004e34 (0x0ec2) x29 0xffffffb273870000
core   0: 0x0000000080004e36 (0x6a5e8e93) addi    t4, t4, 1701
core   0: 1 0x0000000080004e36 (0x6a5e8e93) x29 0xffffffb2738706a5
core   0: 0x0000000080004e3a (0x00000001) c.nop
core   0: 1 0x0000000080004e3a (0x0001)
core   0: 0x0000000080004e3c (0x01d89433) sll     s0, a7, t4
core   0: 1 0x0000000080004e3c (0x01d89433) x8  0x007fffe000000000
core   0: 0x0000000080004e40 (0x0284743b) remuw   s0, s0, s0
core   0: 1 0x0000000080004e40 (0x0284743b) x8  0x0000000000000000
core   0: 0x0000000080004e44 (0xc22f7353) fcvt.l.d t1, ft10
core   0: 1 0x0000000080004e44 (0xc22f7353) c1_fflags 0x0000000000000011 x6  0x7fffffffffffffff
core   0: 0x0000000080004e48 (0x027130b3) mulhu   ra, sp, t2
core   0: 1 0x0000000080004e48 (0x027130b3) x1  0x0000000000000000
core   0: 0x0000000080004e4c (0x01c5969b) slliw   a3, a1, 28
core   0: 1 0x0000000080004e4c (0x01c5969b) x13 0x0000000000000000
core   0: 0x0000000080004e50 (0x00000001) c.nop
core   0: 1 0x0000000080004e50 (0x0001)
core   0: 0x0000000080004e52 (0x00a955bb) srlw    a1, s2, a0
core   0: 1 0x0000000080004e52 (0x00a955bb) x11 0x0000000000000000
core   0: 0x0000000080004e56 (0x01468d13) addi    s10, a3, 20
core   0: 1 0x0000000080004e56 (0x01468d13) x26 0x0000000000000014
core   0: 0x0000000080004e5a (0xfd28ab37) lui     s6, 0xfd28a
core   0: 1 0x0000000080004e5a (0xfd28ab37) x22 0xfffffffffd28a000
core   0: 0x0000000080004e5e (0x7c3b0b1b) addiw   s6, s6, 1987
core   0: 1 0x0000000080004e5e (0x7c3b0b1b) x22 0xfffffffffd28a7c3
core   0: 0x0000000080004e62 (0x00000b32) c.slli  s6, 12
core   0: 1 0x0000000080004e62 (0x0b32) x22 0xffffffd28a7c3000
core   0: 0x0000000080004e64 (0x1a1b0b13) addi    s6, s6, 417
core   0: 1 0x0000000080004e64 (0x1a1b0b13) x22 0xffffffd28a7c31a1
core   0: 0x0000000080004e68 (0x0a3bf9d3) fsub.d  fs3, fs7, ft3
core   0: 1 0x0000000080004e68 (0x0a3bf9d3) f19 0x41dd176b8c800000
core   0: 0x0000000080004e6c (0xc208fa53) fcvt.w.d s4, fa7
core   0: 1 0x0000000080004e6c (0xc208fa53) c1_fflags 0x0000000000000011 x20 0x000000007fffffff
core   0: 0x0000000080004e70 (0x035b5cb3) divu    s9, s6, s5
core   0: 1 0x0000000080004e70 (0x035b5cb3) x25 0x0000000000000000
core   0: 0x0000000080004e74 (0xc0297c53) fcvt.l.s s8, fs2
core   0: 1 0x0000000080004e74 (0xc0297c53) c1_fflags 0x0000000000000011 x24 0x7fffffffffffffff
core   0: 0x0000000080004e78 (0x23f42053) fsgnjx.d ft0, fs0, ft11
core   0: 1 0x0000000080004e78 (0x23f42053) f0  0x7ff8000000000000
core   0: 0x0000000080004e7c (0x420684d3) fcvt.d.s fs1, fa3
core   0: 1 0x0000000080004e7c (0x420684d3) f9  0x7ff8000000000000
core   0: 0x0000000080004e80 (0x0024a3b3) slt     t2, s1, sp
core   0: 1 0x0000000080004e80 (0x0024a3b3) x7  0x0000000000000000
core   0: 0x0000000080004e84 (0xf20c8453) fmv.d.x fs0, s9
core   0: 1 0x0000000080004e84 (0xf20c8453) f8  0x0000000000000000
core   0: 0x0000000080004e88 (0x03879833) mulh    a6, a5, s8
core   0: 1 0x0000000080004e88 (0x03879833) x16 0x000000004000269c
core   0: 0x0000000080004e8c (0xdbf06137) lui     sp, 0xdbf06
core   0: 1 0x0000000080004e8c (0xdbf06137) x2  0xffffffffdbf06000
core   0: 0x0000000080004e90 (0x028ed8b3) divu    a7, t4, s0
core   0: 1 0x0000000080004e90 (0x028ed8b3) x17 0xffffffffffffffff
core   0: 0x0000000080004e94 (0xa2c7001b) addiw   zero, a4, -1492
core   0: 1 0x0000000080004e94 (0xa2c7001b)
core   0: 0x0000000080004e98 (0x00eee5b3) or      a1, t4, a4
core   0: 1 0x0000000080004e98 (0x00eee5b3) x11 0xffffffb2738706b5
core   0: 0x0000000080004e9c (0x00000001) c.nop
core   0: 1 0x0000000080004e9c (0x0001)
core   0: 0x0000000080004e9e (0x01f5d49b) srliw   s1, a1, 31
core   0: 1 0x0000000080004e9e (0x01f5d49b) x9  0x0000000000000000
core   0: 0x0000000080004ea2 (0xa2960ad3) fle.d   s5, fa2, fs1
core   0: 1 0x0000000080004ea2 (0xa2960ad3) c1_fflags 0x0000000000000011 x21 0x0000000000000000
core   0: 0x0000000080004ea6 (0xd21585d3) fcvt.d.wu fa1, a1
core   0: 1 0x0000000080004ea6 (0xd21585d3) f11 0x41dce1c1ad400000
core   0: 0x0000000080004eaa (0x22b9a253) fsgnjx.d ft4, fs3, fa1
core   0: 1 0x0000000080004eaa (0x22b9a253) f4  0x41dd176b8c800000
core   0: 0x0000000080004eae (0x01821c9b) slliw   s9, tp, 24
core   0: 1 0x0000000080004eae (0x01821c9b) x25 0x0000000000000000
core   0: 0x0000000080004eb2 (0x0000044e) c.slli  s0, 19
core   0: 1 0x0000000080004eb2 (0x044e) x8  0x0000000000000000
core   0: 0x0000000080004eb4 (0x5e986893) ori     a7, a6, 1513
core   0: 1 0x0000000080004eb4 (0x5e986893) x17 0x00000000400027fd
core   0: 0x0000000080004eb8 (0xc20c74d3) fcvt.w.d s1, fs8
core   0: 1 0x0000000080004eb8 (0xc20c74d3) c1_fflags 0x0000000000000011 x9  0x000000007fffffff
core   0: 0x0000000080004ebc (0x029833b3) mulhu   t2, a6, s1
core   0: 1 0x0000000080004ebc (0x029833b3) x7  0x0000000000000000
core   0: 0x0000000080004ec0 (0x0b7efbd3) fsub.d  fs7, ft9, fs7
core   0: 1 0x0000000080004ec0 (0x0b7efbd3) f23 0x7ff8000000000000
core   0: 0x0000000080004ec4 (0x22f79ad3) fsgnjn.d fs5, fa5, fa5
core   0: 1 0x0000000080004ec4 (0x22f79ad3) f21 0xfff8000000000000
core   0: 0x0000000080004ec8 (0x0313533b) divuw   t1, t1, a7
core   0: 1 0x0000000080004ec8 (0x0313533b) x6  0x0000000000000003
core   0: 0x0000000080004ecc (0x40a3d53b) sraw    a0, t2, a0
core   0: 1 0x0000000080004ecc (0x40a3d53b) x10 0x0000000000000000
core   0: 0x0000000080004ed0 (0x0269b533) mulhu   a0, s3, t1
core   0: 1 0x0000000080004ed0 (0x0269b533) x10 0x0000000000000000
core   0: 0x0000000080004ed4 (0x01bacab3) xor     s5, s5, s11
core   0: 1 0x0000000080004ed4 (0x01bacab3) x21 0x0000000000000000
core   0: 0x0000000080004ed8 (0x2bcb9353) fmax.d  ft6, fs7, ft8
core   0: 1 0x0000000080004ed8 (0x2bcb9353) f6  0x43f0000000000000
core   0: 0x0000000080004edc (0x2adc08d3) fmin.d  fa7, fs8, fa3
core   0: 1 0x0000000080004edc (0x2adc08d3) f17 0x7ff8000000000000
core   0: 0x0000000080004ee0 (0xd20a0053) fcvt.d.w ft0, s4
core   0: 1 0x0000000080004ee0 (0xd20a0053) f0  0x41dfffffffc00000
core   0: 0x0000000080004ee4 (0xc0387253) fcvt.lu.s tp, fa6
core   0: 1 0x0000000080004ee4 (0xc0387253) c1_fflags 0x0000000000000011 x4  0xffffffffffffffff
core   0: 0x0000000080004ee8 (0x03595993) srli    s3, s2, 53
core   0: 1 0x0000000080004ee8 (0x03595993) x19 0x0000000000000000
core   0: 0x0000000080004eec (0xc218fed3) fcvt.wu.d t4, fa7
core   0: 1 0x0000000080004eec (0xc218fed3) c1_fflags 0x0000000000000011 x29 0xffffffffffffffff
core   0: 0x0000000080004ef0 (0x0357843b) mulw    s0, a5, s5
core   0: 1 0x0000000080004ef0 (0x0357843b) x8  0x0000000000000000
core   0: 0x0000000080004ef4 (0x001350b3) srl     ra, t1, ra
core   0: 1 0x0000000080004ef4 (0x001350b3) x1  0x0000000000000003
core   0: 0x0000000080004ef8 (0x00000001) c.nop
core   0: 1 0x0000000080004ef8 (0x0001)
core   0: 0x0000000080004efa (0x02635793) srli    a5, t1, 38
core   0: 1 0x0000000080004efa (0x02635793) x15 0x0000000000000000
core   0: 0x0000000080004efe (0x7ff58a1b) addiw   s4, a1, 2047
core   0: 1 0x0000000080004efe (0x7ff58a1b) x20 0x0000000073870eb4
core   0: 0x0000000080004f02 (0x011b6bb3) or      s7, s6, a7
core   0: 1 0x0000000080004f02 (0x011b6bb3) x23 0xffffffd2ca7c37fd
core   0: 0x0000000080004f06 (0x037d023b) mulw    tp, s10, s7
core   0: 1 0x0000000080004f06 (0x037d023b) x4  0xffffffffd1b45fc4
core   0: 0x0000000080004f0a (0x130c7c53) fmul.d  fs8, fs8, fa6
core   0: 1 0x0000000080004f0a (0x130c7c53) f24 0x7ff8000000000000
core   0: 0x0000000080004f0e (0x01dbcab3) xor     s5, s7, t4
core   0: 1 0x0000000080004f0e (0x01dbcab3) x21 0x0000002d3583c802
core   0: 0x0000000080004f12 (0x40b252bb) sraw    t0, tp, a1
core   0: 1 0x0000000080004f12 (0x40b252bb) x5  0xfffffffffffffe8d
core   0: 0x0000000080004f16 (0xa2668453) fle.d   s0, fa3, ft6
core   0: 1 0x0000000080004f16 (0xa2668453) c1_fflags 0x0000000000000011 x8  0x0000000000000000
core   0: 0x0000000080004f1a (0xf2078e53) fmv.d.x ft8, a5
core   0: 1 0x0000000080004f1a (0xf2078e53) f28 0x0000000000000000
core   0: 0x0000000080004f1e (0x0a6177d3) fsub.d  fa5, ft2, ft6
core   0: 1 0x0000000080004f1e (0x0a6177d3) f15 0x7ff8000000000000
core   0: 0x0000000080004f22 (0x23be08d3) fsgnj.d fa7, ft8, fs11
core   0: 1 0x0000000080004f22 (0x23be08d3) f17 0x0000000000000000
core   0: 0x0000000080004f26 (0x00000001) c.nop
core   0: 1 0x0000000080004f26 (0x0001)
core   0: 0x0000000080004f28 (0x0386da3b) divuw   s4, a3, s8
core   0: 1 0x0000000080004f28 (0x0386da3b) x20 0x0000000000000000
core   0: 0x0000000080004f2c (0x00102cf3) csrrs   s9, fflags, zero
core   0: 1 0x0000000080004f2c (0x00102cf3) x25 0x0000000000000011
core   0: 0x0000000080004f30 (0x1bccf947) fmsub.d fs2, fs9, ft8, ft3
core   0: 1 0x0000000080004f30 (0x1bccf947) f18 0x7ff8000000000000
core   0: 0x0000000080004f34 (0x0331ddb3) divu    s11, gp, s3
core   0: 1 0x0000000080004f34 (0x0331ddb3) x27 0xffffffffffffffff
core   0: 0x0000000080004f38 (0x41e9dd1b) sraiw   s10, s3, 30
core   0: 1 0x0000000080004f38 (0x41e9dd1b) x26 0x0000000000000000
core   0: 0x0000000080004f3c (0x41a501bb) subw    gp, a0, s10
core   0: 1 0x0000000080004f3c (0x41a501bb) x3  0x0000000000000000
core   0: 0x0000000080004f40 (0x00000001) c.nop
core   0: 1 0x0000000080004f40 (0x0001)
core   0: 0x0000000080004f42 (0x000034fd) c.addiw s1, -1
core   0: 1 0x0000000080004f42 (0x34fd) x9  0x000000007ffffffe
core   0: 0x0000000080004f44 (0x01700bbb) addw    s7, zero, s7
core   0: 1 0x0000000080004f44 (0x01700bbb) x23 0xffffffffca7c37fd
core   0: 0x0000000080004f48 (0x000098de) c.add   a7, s7
core   0: 1 0x0000000080004f48 (0x98de) x17 0x000000000a7c5ffa
core   0: 0x0000000080004f4a (0x00000001) c.nop
core   0: 1 0x0000000080004f4a (0x0001)
core   0: 0x0000000080004f4c (0x22c70d53) fsgnj.d fs10, fa4, fa2
core   0: 1 0x0000000080004f4c (0x22c70d53) f26 0x7ff8000000000000
core   0: 0x0000000080004f50 (0xd03bf3d3) fcvt.s.lu ft7, s7
core   0: 1 0x0000000080004f50 (0xd03bf3d3) c1_fflags 0x0000000000000011 f7  0xffffffff5f800000
core   0: 0x0000000080004f54 (0x225a9ad3) fsgnjn.d fs5, fs5, ft5
core   0: 1 0x0000000080004f54 (0x225a9ad3) f21 0xfff8000000000000
core   0: 0x0000000080004f58 (0x00f3f733) and     a4, t2, a5
core   0: 1 0x0000000080004f58 (0x00f3f733) x14 0x0000000000000000
core   0: 0x0000000080004f5c (0x6423ad37) lui     s10, 0x6423a
core   0: 1 0x0000000080004f5c (0x6423ad37) x26 0x000000006423a000
core   0: 0x0000000080004f60 (0xc21af3d3) fcvt.wu.d t2, fs5
core   0: 1 0x0000000080004f60 (0xc21af3d3) c1_fflags 0x0000000000000011 x7  0xffffffffffffffff
core   0: 0x0000000080004f64 (0x001ddd93) srli    s11, s11, 1
core   0: 1 0x0000000080004f64 (0x001ddd93) x27 0x7fffffffffffffff
core   0: 0x0000000080004f68 (0x0371e233) rem     tp, gp, s7
core   0: 1 0x0000000080004f68 (0x0371e233) x4  0x0000000000000000
core   0: 0x0000000080004f6c (0x01de8433) add     s0, t4, t4
core   0: 1 0x0000000080004f6c (0x01de8433) x8  0xfffffffffffffffe
core   0: 0x0000000080004f70 (0x01c7d79b) srliw   a5, a5, 28
core   0: 1 0x0000000080004f70 (0x01c7d79b) x15 0x0000000000000000
core   0: 0x0000000080004f74 (0x22d7a2d3) fsgnjx.d ft5, fa5, fa3
core   0: 1 0x0000000080004f74 (0x22d7a2d3) f5  0x7ff8000000000000
core   0: 0x0000000080004f78 (0x002291f3) csrrw   gp, frm, t0
core   0: 1 0x0000000080004f78 (0x002291f3) x3  0x0000000000000004 c2_frm 0x0000000000000005
core   0: 0x0000000080004f7c (0x02619533) mulh    a0, gp, t1
core   0: 1 0x0000000080004f7c (0x02619533) x10 0x0000000000000000
core   0: 0x0000000080004f80 (0xf255784b) fnmsub.d fa6, fa0, ft5, ft10
core   0: exception trap_illegal_instruction, epc 0x0000000080004f80
core   0:           tval 0x00000000f255784b
core   0: >>>>  $xrv64i2p1_m2p0_a2p1_f2p2_d2p2_zicsr2p0_zifencei2p0_zmmul1p0_zba1p0_zbb1p0_zbc1p0_zbs1p0
core   0: 0x0000000080004000 (0x0080006f) j       pc + 0x8
core   0: 3 0x0000000080004000 (0x0080006f)
core   0: >>>>  mmode_exception_handler
core   0: 0x0000000080004008 (0x00002c17) auipc   s8, 0x2
core   0: 3 0x0000000080004008 (0x00002c17) x24 0x0000000080006008
core   0: 0x000000008000400c (0x030c0c13) addi    s8, s8, 48
core   0: 3 0x000000008000400c (0x030c0c13) x24 0x0000000080006038
core   0: 0x0000000080004010 (0x000c00e7) jalr    s8
core   0: 3 0x0000000080004010 (0x000c00e7) x1  0x0000000080004014
core   0: >>>>  any_handler
core   0: 0x0000000080006038 (0x341027f3) csrrs   a5, mepc, zero
core   0: 3 0x0000000080006038 (0x341027f3) x15 0x0000000080004f80
core   0: 0x000000008000603c (0x34202773) csrrs   a4, mcause, zero
core   0: 3 0x000000008000603c (0x34202773) x14 0x0000000000000002
core   0: 0x0000000080006040 (0x142026f3) csrrs   a3, scause, zero
core   0: 3 0x0000000080006040 (0x142026f3) x13 0x0000000000000000
core   0: 0x0000000080006044 (0x30402673) csrrs   a2, mie, zero
core   0: 3 0x0000000080006044 (0x30402673) x12 0x0000000000000a00
core   0: 0x0000000080006048 (0x344025f3) csrrs   a1, mip, zero
core   0: 3 0x0000000080006048 (0x344025f3) x11 0x0000000000000080
core   0: 0x000000008000604c (0x343025f3) csrrs   a1, mtval, zero
core   0: 3 0x000000008000604c (0x343025f3) x11 0x00000000f255784b
core   0: 0x0000000080006050 (0x14302573) csrrs   a0, stval, zero
core   0: 3 0x0000000080006050 (0x14302573) x10 0x0000000000000000
core   0: 0x0000000080006054 (0xb02024f3) csrrs   s1, minstret, zero
core   0: 3 0x0000000080006054 (0xb02024f3) x9  0x0000000000000cca
core   0: 0x0000000080006058 (0x0000a811) c.j     pc + 20
core   0: 3 0x0000000080006058 (0xa811)
core   0: >>>>  mepc_4
core   0: 0x000000008000606c (0x00000791) c.addi  a5, 4
core   0: 3 0x000000008000606c (0x0791) x15 0x0000000080004f84
core   0: 0x000000008000606e (0x34179073) csrrw   zero, mepc, a5
core   0: 3 0x000000008000606e (0x34179073) c833_mepc 0x0000000080004f84
core   0: 0x0000000080006072 (0x30200073) mret
core   0: 3 0x0000000080006072 (0x30200073) c768_mstatus 0x8000000a00106080
core   0: 0x0000000080004f84 (0x403585b3) sub     a1, a1, gp
core   0: 1 0x0000000080004f84 (0x403585b3) x11 0x00000000f2557847
core   0: 0x0000000080004f88 (0x12f2fdd3) fmul.d  fs11, ft5, fa5
core   0: exception trap_illegal_instruction, epc 0x0000000080004f88
core   0:           tval 0x0000000012f2fdd3
core   0: >>>>  $xrv64i2p1_m2p0_a2p1_f2p2_d2p2_zicsr2p0_zifencei2p0_zmmul1p0_zba1p0_zbb1p0_zbc1p0_zbs1p0
core   0: 0x0000000080004000 (0x0080006f) j       pc + 0x8
core   0: 3 0x0000000080004000 (0x0080006f)
core   0: >>>>  mmode_exception_handler
core   0: 0x0000000080004008 (0x00002c17) auipc   s8, 0x2
core   0: 3 0x0000000080004008 (0x00002c17) x24 0x0000000080006008
core   0: 0x000000008000400c (0x030c0c13) addi    s8, s8, 48
core   0: 3 0x000000008000400c (0x030c0c13) x24 0x0000000080006038
core   0: 0x0000000080004010 (0x000c00e7) jalr    s8
core   0: 3 0x0000000080004010 (0x000c00e7) x1  0x0000000080004014
core   0: >>>>  any_handler
core   0: 0x0000000080006038 (0x341027f3) csrrs   a5, mepc, zero
core   0: 3 0x0000000080006038 (0x341027f3) x15 0x0000000080004f88
core   0: 0x000000008000603c (0x34202773) csrrs   a4, mcause, zero
core   0: 3 0x000000008000603c (0x34202773) x14 0x0000000000000002
core   0: 0x0000000080006040 (0x142026f3) csrrs   a3, scause, zero
core   0: 3 0x0000000080006040 (0x142026f3) x13 0x0000000000000000
core   0: 0x0000000080006044 (0x30402673) csrrs   a2, mie, zero
core   0: 3 0x0000000080006044 (0x30402673) x12 0x0000000000000a00
core   0: 0x0000000080006048 (0x344025f3) csrrs   a1, mip, zero
core   0: 3 0x0000000080006048 (0x344025f3) x11 0x0000000000000080
core   0: 0x000000008000604c (0x343025f3) csrrs   a1, mtval, zero
core   0: 3 0x000000008000604c (0x343025f3) x11 0x0000000012f2fdd3
core   0: 0x0000000080006050 (0x14302573) csrrs   a0, stval, zero
core   0: 3 0x0000000080006050 (0x14302573) x10 0x0000000000000000
core   0: 0x0000000080006054 (0xb02024f3) csrrs   s1, minstret, zero
core   0: 3 0x0000000080006054 (0xb02024f3) x9  0x0000000000000cdb
core   0: 0x0000000080006058 (0x0000a811) c.j     pc + 20
core   0: 3 0x0000000080006058 (0xa811)
core   0: >>>>  mepc_4
core   0: 0x000000008000606c (0x00000791) c.addi  a5, 4
core   0: 3 0x000000008000606c (0x0791) x15 0x0000000080004f8c
core   0: 0x000000008000606e (0x34179073) csrrw   zero, mepc, a5
core   0: 3 0x000000008000606e (0x34179073) c833_mepc 0x0000000080004f8c
core   0: 0x0000000080006072 (0x30200073) mret
core   0: 3 0x0000000080006072 (0x30200073) c768_mstatus 0x8000000a00106080
core   0: 0x0000000080004f8c (0xacfd8c93) addi    s9, s11, -1329
core   0: 1 0x0000000080004f8c (0xacfd8c93) x25 0x7fffffffffffface
core   0: 0x0000000080004f90 (0x029cb4b3) mulhu   s1, s9, s1
core   0: 1 0x0000000080004f90 (0x029cb4b3) x9  0x000000000000066d
core   0: 0x0000000080004f94 (0x0016981b) slliw   a6, a3, 1
core   0: 1 0x0000000080004f94 (0x0016981b) x16 0x0000000000000000
core   0: 0x0000000080004f98 (0x0010cbb3) xor     s7, ra, ra
core   0: 1 0x0000000080004f98 (0x0010cbb3) x23 0x0000000000000000
core   0: 0x0000000080004f9c (0x00102df3) csrrs   s11, fflags, zero
core   0: 1 0x0000000080004f9c (0x00102df3) x27 0x0000000000000011
core   0: 0x0000000080004fa0 (0x002027f3) csrrs   a5, frm, zero
core   0: 1 0x0000000080004fa0 (0x002027f3) x15 0x0000000000000005
core   0: 0x0000000080004fa4 (0x7ffb821b) addiw   tp, s7, 2047
core   0: 1 0x0000000080004fa4 (0x7ffb821b) x4  0x00000000000007ff
core   0: 0x0000000080004fa8 (0xc81bd7f3) csrrwi  a5, timeh, 23
core   0: exception trap_illegal_instruction, epc 0x0000000080004fa8
core   0:           tval 0x00000000c81bd7f3
core   0: >>>>  $xrv64i2p1_m2p0_a2p1_f2p2_d2p2_zicsr2p0_zifencei2p0_zmmul1p0_zba1p0_zbb1p0_zbc1p0_zbs1p0
core   0: 0x0000000080004000 (0x0080006f) j       pc + 0x8
core   0: 3 0x0000000080004000 (0x0080006f)
core   0: >>>>  mmode_exception_handler
core   0: 0x0000000080004008 (0x00002c17) auipc   s8, 0x2
core   0: 3 0x0000000080004008 (0x00002c17) x24 0x0000000080006008
core   0: 0x000000008000400c (0x030c0c13) addi    s8, s8, 48
core   0: 3 0x000000008000400c (0x030c0c13) x24 0x0000000080006038
core   0: 0x0000000080004010 (0x000c00e7) jalr    s8
core   0: 3 0x0000000080004010 (0x000c00e7) x1  0x0000000080004014
core   0: >>>>  any_handler
core   0: 0x0000000080006038 (0x341027f3) csrrs   a5, mepc, zero
core   0: 3 0x0000000080006038 (0x341027f3) x15 0x0000000080004fa8
core   0: 0x000000008000603c (0x34202773) csrrs   a4, mcause, zero
core   0: 3 0x000000008000603c (0x34202773) x14 0x0000000000000002
core   0: 0x0000000080006040 (0x142026f3) csrrs   a3, scause, zero
core   0: 3 0x0000000080006040 (0x142026f3) x13 0x0000000000000000
core   0: 0x0000000080006044 (0x30402673) csrrs   a2, mie, zero
core   0: 3 0x0000000080006044 (0x30402673) x12 0x0000000000000a00
core   0: 0x0000000080006048 (0x344025f3) csrrs   a1, mip, zero
core   0: 3 0x0000000080006048 (0x344025f3) x11 0x0000000000000080
core   0: 0x000000008000604c (0x343025f3) csrrs   a1, mtval, zero
core   0: 3 0x000000008000604c (0x343025f3) x11 0x00000000c81bd7f3
core   0: 0x0000000080006050 (0x14302573) csrrs   a0, stval, zero
core   0: 3 0x0000000080006050 (0x14302573) x10 0x0000000000000000
core   0: 0x0000000080006054 (0xb02024f3) csrrs   s1, minstret, zero
core   0: 3 0x0000000080006054 (0xb02024f3) x9  0x0000000000000cf2
core   0: 0x0000000080006058 (0x0000a811) c.j     pc + 20
core   0: 3 0x0000000080006058 (0xa811)
core   0: >>>>  mepc_4
core   0: 0x000000008000606c (0x00000791) c.addi  a5, 4
core   0: 3 0x000000008000606c (0x0791) x15 0x0000000080004fac
core   0: 0x000000008000606e (0x34179073) csrrw   zero, mepc, a5
core   0: 3 0x000000008000606e (0x34179073) c833_mepc 0x0000000080004fac
core   0: 0x0000000080006072 (0x30200073) mret
core   0: 3 0x0000000080006072 (0x30200073) c768_mstatus 0x8000000a00106080
core   0: 0x0000000080004fac (0xa38080d3) fle.d   ra, ft1, fs8
core   0: 1 0x0000000080004fac (0xa38080d3) c1_fflags 0x0000000000000011 x1  0x0000000000000000
core   0: 0x0000000080004fb0 (0xcb512c97) auipc   s9, 0xcb512
core   0: 1 0x0000000080004fb0 (0xcb512c97) x25 0x000000004b516fb0
core   0: 0x0000000080004fb4 (0x000086b6) c.mv    a3, a3
core   0: 1 0x0000000080004fb4 (0x86b6) x13 0x0000000000000000
core   0: 0x0000000080004fb6 (0x02ac5133) divu    sp, s8, a0
core   0: 1 0x0000000080004fb6 (0x02ac5133) x2  0xffffffffffffffff
core   0: 0x0000000080004fba (0x03115e93) srli    t4, sp, 49
core   0: 1 0x0000000080004fba (0x03115e93) x29 0x0000000000007fff
core   0: 0x0000000080004fbe (0xe80eeb93) ori     s7, t4, -384
core   0: 1 0x0000000080004fbe (0xe80eeb93) x23 0xffffffffffffffff
core   0: 0x0000000080004fc2 (0x00000001) c.nop
core   0: 1 0x0000000080004fc2 (0x0001)
core   0: 0x0000000080004fc4 (0x0ff0000f) fence   iorw,iorw
core   0: 1 0x0000000080004fc4 (0x0ff0000f)
core   0: 0x0000000080004fc8 (0x00259673) csrrw   a2, frm, a1
core   0: 1 0x0000000080004fc8 (0x00259673) x12 0x0000000000000005 c2_frm 0x0000000000000003
core   0: 0x0000000080004fcc (0xc227f953) fcvt.l.d s2, fa5
core   0: 1 0x0000000080004fcc (0xc227f953) c1_fflags 0x0000000000000011 x18 0x7fffffffffffffff
core   0: 0x0000000080004fd0 (0xc224f7d3) fcvt.l.d a5, fs1
core   0: 1 0x0000000080004fd0 (0xc224f7d3) c1_fflags 0x0000000000000011 x15 0x7fffffffffffffff
core   0: 0x0000000080004fd4 (0xc020a0f3) csrrs   ra, instret, ra
core   0: exception trap_illegal_instruction, epc 0x0000000080004fd4
core   0:           tval 0x00000000c020a0f3
core   0: >>>>  $xrv64i2p1_m2p0_a2p1_f2p2_d2p2_zicsr2p0_zifencei2p0_zmmul1p0_zba1p0_zbb1p0_zbc1p0_zbs1p0
core   0: 0x0000000080004000 (0x0080006f) j       pc + 0x8
core   0: 3 0x0000000080004000 (0x0080006f)
core   0: >>>>  mmode_exception_handler
core   0: 0x0000000080004008 (0x00002c17) auipc   s8, 0x2
core   0: 3 0x0000000080004008 (0x00002c17) x24 0x0000000080006008
core   0: 0x000000008000400c (0x030c0c13) addi    s8, s8, 48
core   0: 3 0x000000008000400c (0x030c0c13) x24 0x0000000080006038
core   0: 0x0000000080004010 (0x000c00e7) jalr    s8
core   0: 3 0x0000000080004010 (0x000c00e7) x1  0x0000000080004014
core   0: >>>>  any_handler
core   0: 0x0000000080006038 (0x341027f3) csrrs   a5, mepc, zero
core   0: 3 0x0000000080006038 (0x341027f3) x15 0x0000000080004fd4
core   0: 0x000000008000603c (0x34202773) csrrs   a4, mcause, zero
core   0: 3 0x000000008000603c (0x34202773) x14 0x0000000000000002
core   0: 0x0000000080006040 (0x142026f3) csrrs   a3, scause, zero
core   0: 3 0x0000000080006040 (0x142026f3) x13 0x0000000000000000
core   0: 0x0000000080006044 (0x30402673) csrrs   a2, mie, zero
core   0: 3 0x0000000080006044 (0x30402673) x12 0x0000000000000a00
core   0: 0x0000000080006048 (0x344025f3) csrrs   a1, mip, zero
core   0: 3 0x0000000080006048 (0x344025f3) x11 0x0000000000000080
core   0: 0x000000008000604c (0x343025f3) csrrs   a1, mtval, zero
core   0: 3 0x000000008000604c (0x343025f3) x11 0x00000000c020a0f3
core   0: 0x0000000080006050 (0x14302573) csrrs   a0, stval, zero
core   0: 3 0x0000000080006050 (0x14302573) x10 0x0000000000000000
core   0: 0x0000000080006054 (0xb02024f3) csrrs   s1, minstret, zero
core   0: 3 0x0000000080006054 (0xb02024f3) x9  0x0000000000000d0d
core   0: 0x0000000080006058 (0x0000a811) c.j     pc + 20
core   0: 3 0x0000000080006058 (0xa811)
core   0: >>>>  mepc_4
core   0: 0x000000008000606c (0x00000791) c.addi  a5, 4
core   0: 3 0x000000008000606c (0x0791) x15 0x0000000080004fd8
core   0: 0x000000008000606e (0x34179073) csrrw   zero, mepc, a5
core   0: 3 0x000000008000606e (0x34179073) c833_mepc 0x0000000080004fd8
core   0: 0x0000000080006072 (0x30200073) mret
core   0: 3 0x0000000080006072 (0x30200073) c768_mstatus 0x8000000a00106080
core   0: 0x0000000080004fd8 (0xe2048353) fmv.x.d t1, fs1
core   0: 1 0x0000000080004fd8 (0xe2048353) x6  0x7ff8000000000000
core   0: 0x0000000080004fdc (0x8b448893) addi    a7, s1, -1868
core   0: 1 0x0000000080004fdc (0x8b448893) x17 0x00000000000005c1
core   0: 0x0000000080004fe0 (0x03135633) divu    a2, t1, a7
core   0: 1 0x0000000080004fe0 (0x03135633) x12 0x00163d85fef50d08
core   0: 0x0000000080004fe4 (0xba966913) ori     s2, a2, -1111
core   0: 1 0x0000000080004fe4 (0xba966913) x18 0xffffffffffffffa9
core   0: 0x0000000080004fe8 (0x0128d5bb) srlw    a1, a7, s2
core   0: 1 0x0000000080004fe8 (0x0128d5bb) x11 0x0000000000000002
core   0: 0x0000000080004fec (0x00c913bb) sllw    t2, s2, a2
core   0: 1 0x0000000080004fec (0x00c913bb) x7  0xffffffffffffa900
core   0: 0x0000000080004ff0 (0x0246683b) remw    a6, a2, tp
core   0: 1 0x0000000080004ff0 (0x0246683b) x16 0xfffffffffffffba6
core   0: 0x0000000080004ff4 (0x00008422) c.mv    s0, s0
core   0: 1 0x0000000080004ff4 (0x8422) x8  0xfffffffffffffffe
core   0: 0x0000000080004ff6 (0x0340893b) mulw    s2, ra, s4
core   0: 1 0x0000000080004ff6 (0x0340893b) x18 0x0000000000000000
core   0: 0x0000000080004ffa (0x0199adb7) lui     s11, 0x199a
core   0: 1 0x0000000080004ffa (0x0199adb7) x27 0x000000000199a000
core   0: 0x0000000080004ffe (0x3b7d8d9b) addiw   s11, s11, 951
core   0: 1 0x0000000080004ffe (0x3b7d8d9b) x27 0x000000000199a3b7
core   0: 0x0000000080005002 (0x00000dba) c.slli  s11, 14
core   0: 1 0x0000000080005002 (0x0dba) x27 0x0000006668edc000
core   0: 0x0000000080005004 (0x714d8d93) addi    s11, s11, 1812
core   0: 1 0x0000000080005004 (0x714d8d93) x27 0x0000006668edc714
core   0: 0x0000000080005008 (0x420986d3) fcvt.d.s fa3, fs3
core   0: 1 0x0000000080005008 (0x420986d3) f13 0x7ff8000000000000
core   0: 0x000000008000500c (0x030e883b) mulw    a6, t4, a6
core   0: 1 0x000000008000500c (0x030e883b) x16 0xfffffffffdd3045a
core   0: 0x0000000080005010 (0x035c7c33) remu    s8, s8, s5
core   0: 1 0x0000000080005010 (0x035c7c33) x24 0x0000000080006038
core   0: 0x0000000080005014 (0xf8e87013) andi    zero, a6, -114
core   0: 1 0x0000000080005014 (0xf8e87013)
core   0: 0x0000000080005018 (0x420e87d3) fcvt.d.s fa5, ft9
core   0: 1 0x0000000080005018 (0x420e87d3) f15 0x7ff8000000000000
core   0: 0x000000008000501c (0x23de10d3) fsgnjn.d ft1, ft8, ft9
core   0: 1 0x000000008000501c (0x23de10d3) f1  0x0000000000000000
core   0: 0x0000000080005020 (0x000085a9) c.srai  a1, 10
core   0: 1 0x0000000080005020 (0x85a9) x11 0x0000000000000000
core   0: 0x0000000080005022 (0xd224fcd3) fcvt.d.l fs9, s1
core   0: 1 0x0000000080005022 (0xd224fcd3) f25 0x40aa1a0000000000
core   0: 0x0000000080005026 (0x02cc7c3b) remuw   s8, s8, a2
core   0: 1 0x0000000080005026 (0x02cc7c3b) x24 0xffffffff80006038
core   0: 0x000000008000502a (0x0385ea3b) remw    s4, a1, s8
core   0: 1 0x000000008000502a (0x0385ea3b) x20 0x0000000000000000
core   0: 0x000000008000502e (0x01ba11bb) sllw    gp, s4, s11
core   0: 1 0x000000008000502e (0x01ba11bb) x3  0x0000000000000000
core   0: 0x0000000080005032 (0x68b556b7) lui     a3, 0x68b55
core   0: 1 0x0000000080005032 (0x68b556b7) x13 0x0000000068b55000
core   0: 0x0000000080005036 (0x038a0e3b) mulw    t3, s4, s8
core   0: 1 0x0000000080005036 (0x038a0e3b) x28 0x0000000000000000
core   0: 0x000000008000503a (0x5a0674d3) fsqrt.d fs1, fa2
core   0: 1 0x000000008000503a (0x5a0674d3) c1_fflags 0x0000000000000011 f9  0x1ebbdb55b550fdbd
core   0: 0x000000008000503e (0xc22bfd53) fcvt.l.d s10, fs7
core   0: 1 0x000000008000503e (0xc22bfd53) c1_fflags 0x0000000000000011 x26 0x7fffffffffffffff
core   0: 0x0000000080005042 (0xc0367953) fcvt.lu.s s2, fa2
core   0: 1 0x0000000080005042 (0xc0367953) c1_fflags 0x0000000000000011 x18 0xffffffffffffffff
core   0: 0x0000000080005046 (0x0043d337) lui     t1, 0x43d
core   0: 1 0x0000000080005046 (0x0043d337) x6  0x000000000043d000
core   0: 0x000000008000504a (0x4f93031b) addiw   t1, t1, 1273
core   0: 1 0x000000008000504a (0x4f93031b) x6  0x000000000043d4f9
core   0: 0x000000008000504e (0x00000332) c.slli  t1, 12
core   0: 1 0x000000008000504e (0x0332) x6  0x000000043d4f9000
core   0: 0x0000000080005050 (0xb2430313) addi    t1, t1, -1244
core   0: 1 0x0000000080005050 (0xb2430313) x6  0x000000043d4f8b24
core   0: 0x0000000080005054 (0x0255c133) div     sp, a1, t0
core   0: 1 0x0000000080005054 (0x0255c133) x2  0x0000000000000000
core   0: 0x0000000080005058 (0x41dddd1b) sraiw   s10, s11, 29
core   0: 1 0x0000000080005058 (0x41dddd1b) x26 0x0000000000000003
core   0: 0x000000008000505c (0x001d14f3) csrrw   s1, fflags, s10
core   0: 1 0x000000008000505c (0x001d14f3) x9  0x0000000000000011 c1_fflags 0x0000000000000003
core   0: 0x0000000080005060 (0x03aacab3) div     s5, s5, s10
core   0: 1 0x0000000080005060 (0x03aacab3) x21 0x0000000f11d69800
core   0: 0x0000000080005064 (0x001292f3) csrrw   t0, fflags, t0
core   0: 1 0x0000000080005064 (0x001292f3) x5  0x0000000000000003 c1_fflags 0x000000000000000d
core   0: 0x0000000080005068 (0xc20cf8d3) fcvt.w.d a7, fs9
core   0: 1 0x0000000080005068 (0xc20cf8d3) x17 0x0000000000000d0d
core   0: 0x000000008000506c (0xa3798753) fle.d   a4, fs3, fs7
core   0: 1 0x000000008000506c (0xa3798753) c1_fflags 0x000000000000001d x14 0x0000000000000000
core   0: 0x0000000080005070 (0xd039f2d3) fcvt.s.lu ft5, s3
core   0: 1 0x0000000080005070 (0xd039f2d3) f5  0xffffffff00000000
core   0: 0x0000000080005074 (0x5a0c7a53) fsqrt.d fs4, fs8
core   0: 1 0x0000000080005074 (0x5a0c7a53) f20 0x7ff8000000000000
core   0: 0x0000000080005078 (0xcc1943b7) lui     t2, 0xcc194
core   0: 1 0x0000000080005078 (0xcc1943b7) x7  0xffffffffcc194000
core   0: 0x000000008000507c (0x00c6a633) slt     a2, a3, a2
core   0: 1 0x000000008000507c (0x00c6a633) x12 0x0000000000000001
core   0: 0x0000000080005080 (0x008382bb) addw    t0, t2, s0
core   0: 1 0x0000000080005080 (0x008382bb) x5  0xffffffffcc193ffe
core   0: 0x0000000080005084 (0x00b5fe33) and     t3, a1, a1
core   0: 1 0x0000000080005084 (0x00b5fe33) x28 0x0000000000000000
core   0: 0x0000000080005088 (0x2bedfa93) andi    s5, s11, 702
core   0: 1 0x0000000080005088 (0x2bedfa93) x21 0x0000000000000214
core   0: 0x000000008000508c (0x001a9b73) csrrw   s6, fflags, s5
core   0: 1 0x000000008000508c (0x001a9b73) x22 0x000000000000001d c1_fflags 0x0000000000000014
core   0: 0x0000000080005090 (0xc212f553) fcvt.wu.d a0, ft5
core   0: 1 0x0000000080005090 (0xc212f553) c1_fflags 0x0000000000000014 x10 0xffffffffffffffff
core   0: 0x0000000080005094 (0x00000001) c.nop
core   0: 1 0x0000000080005094 (0x0001)
core   0: 0x0000000080005096 (0x0018569b) srliw   a3, a6, 1
core   0: 1 0x0000000080005096 (0x0018569b) x13 0x000000007ee9822d
core   0: 0x000000008000509a (0xc23a77d3) fcvt.lu.d a5, fs4
core   0: 1 0x000000008000509a (0xc23a77d3) c1_fflags 0x0000000000000014 x15 0xffffffffffffffff
core   0: 0x000000008000509e (0x0137d1b3) srl     gp, a5, s3
core   0: 1 0x000000008000509e (0x0137d1b3) x3  0xffffffffffffffff
core   0: 0x00000000800050a2 (0xd2030ad3) fcvt.d.w fs5, t1
core   0: 1 0x00000000800050a2 (0xd2030ad3) f21 0x41cea7c592000000
core   0: 0x00000000800050a6 (0x40c080b3) sub     ra, ra, a2
core   0: 1 0x00000000800050a6 (0x40c080b3) x1  0x0000000080004013
core   0: 0x00000000800050aa (0x40510333) sub     t1, sp, t0
core   0: 1 0x00000000800050aa (0x40510333) x6  0x0000000033e6c002
core   0: 0x00000000800050ae (0xf1c4f493) andi    s1, s1, -228
core   0: 1 0x00000000800050ae (0xf1c4f493) x9  0x0000000000000010
core   0: 0x00000000800050b2 (0x002351bb) srlw    gp, t1, sp
core   0: 1 0x00000000800050b2 (0x002351bb) x3  0x0000000033e6c002
core   0: 0x00000000800050b6 (0x035bfad3) fadd.d  fs5, fs7, fs5
core   0: 1 0x00000000800050b6 (0x035bfad3) f21 0x7ff8000000000000
core   0: 0x00000000800050ba (0x03f9d893) srli    a7, s3, 63
core   0: 1 0x00000000800050ba (0x03f9d893) x17 0x0000000000000000
core   0: 0x00000000800050be (0xd028f5d3) fcvt.s.l fa1, a7
core   0: 1 0x00000000800050be (0xd028f5d3) f11 0xffffffff00000000
core   0: 0x00000000800050c2 (0xf13e7e73) csrrci  t3, mimpid, 28
core   0: exception trap_illegal_instruction, epc 0x00000000800050c2
core   0:           tval 0x00000000f13e7e73
core   0: >>>>  $xrv64i2p1_m2p0_a2p1_f2p2_d2p2_zicsr2p0_zifencei2p0_zmmul1p0_zba1p0_zbb1p0_zbc1p0_zbs1p0
core   0: 0x0000000080004000 (0x0080006f) j       pc + 0x8
core   0: 3 0x0000000080004000 (0x0080006f)
core   0: >>>>  mmode_exception_handler
core   0: 0x0000000080004008 (0x00002c17) auipc   s8, 0x2
core   0: 3 0x0000000080004008 (0x00002c17) x24 0x0000000080006008
core   0: 0x000000008000400c (0x030c0c13) addi    s8, s8, 48
core   0: 3 0x000000008000400c (0x030c0c13) x24 0x0000000080006038
core   0: 0x0000000080004010 (0x000c00e7) jalr    s8
core   0: 3 0x0000000080004010 (0x000c00e7) x1  0x0000000080004014
core   0: >>>>  any_handler
core   0: 0x0000000080006038 (0x341027f3) csrrs   a5, mepc, zero
core   0: 3 0x0000000080006038 (0x341027f3) x15 0x00000000800050c2
core   0: 0x000000008000603c (0x34202773) csrrs   a4, mcause, zero
core   0: 3 0x000000008000603c (0x34202773) x14 0x0000000000000002
core   0: 0x0000000080006040 (0x142026f3) csrrs   a3, scause, zero
core   0: 3 0x0000000080006040 (0x142026f3) x13 0x0000000000000000
core   0: 0x0000000080006044 (0x30402673) csrrs   a2, mie, zero
core   0: 3 0x0000000080006044 (0x30402673) x12 0x0000000000000a00
core   0: 0x0000000080006048 (0x344025f3) csrrs   a1, mip, zero
core   0: 3 0x0000000080006048 (0x344025f3) x11 0x0000000000000080
core   0: 0x000000008000604c (0x343025f3) csrrs   a1, mtval, zero
core   0: 3 0x000000008000604c (0x343025f3) x11 0x00000000f13e7e73
core   0: 0x0000000080006050 (0x14302573) csrrs   a0, stval, zero
core   0: 3 0x0000000080006050 (0x14302573) x10 0x0000000000000000
core   0: 0x0000000080006054 (0xb02024f3) csrrs   s1, minstret, zero
core   0: 3 0x0000000080006054 (0xb02024f3) x9  0x0000000000000d5a
core   0: 0x0000000080006058 (0x0000a811) c.j     pc + 20
core   0: 3 0x0000000080006058 (0xa811)
core   0: >>>>  mepc_4
core   0: 0x000000008000606c (0x00000791) c.addi  a5, 4
core   0: 3 0x000000008000606c (0x0791) x15 0x00000000800050c6
core   0: 0x000000008000606e (0x34179073) csrrw   zero, mepc, a5
core   0: 3 0x000000008000606e (0x34179073) c833_mepc 0x00000000800050c6
core   0: 0x0000000080006072 (0x30200073) mret
core   0: 3 0x0000000080006072 (0x30200073) c768_mstatus 0x8000000a00106080
core   0: 0x00000000800050c6 (0x2aa81853) fmax.d  fa6, fa6, fa0
core   0: 1 0x00000000800050c6 (0x2aa81853) f16 0x427ffffffffff050
core   0: 0x00000000800050ca (0x0b75f953) fsub.d  fs2, fa1, fs7
core   0: 1 0x00000000800050ca (0x0b75f953) f18 0x7ff8000000000000
core   0: 0x00000000800050ce (0x00fb6433) or      s0, s6, a5
core   0: 1 0x00000000800050ce (0x00fb6433) x8  0x00000000800050df
core   0: 0x00000000800050d2 (0x0012f993) andi    s3, t0, 1
core   0: 1 0x00000000800050d2 (0x0012f993) x19 0x0000000000000000
core   0: 0x00000000800050d6 (0xc2187e53) fcvt.wu.d t3, fa6
core   0: 1 0x00000000800050d6 (0xc2187e53) c1_fflags 0x0000000000000014 x28 0xffffffffffffffff
core   0: 0x00000000800050da (0xcbca1597) auipc   a1, 0xcbca1
core   0: 1 0x00000000800050da (0xcbca1597) x11 0x000000004bca60da
core   0: 0x00000000800050de (0x031cea3b) remw    s4, s9, a7
core   0: 1 0x00000000800050de (0x031cea3b) x20 0x000000004b516fb0
core   0: 0x00000000800050e2 (0x000a0c33) add     s8, s4, zero
core   0: 1 0x00000000800050e2 (0x000a0c33) x24 0x000000004b516fb0
core   0: 0x00000000800050e6 (0x03ad0d33) mul     s10, s10, s10
core   0: 1 0x00000000800050e6 (0x03ad0d33) x26 0x0000000000000009
core   0: 0x00000000800050ea (0x306ff873) csrrci  a6, mcounteren, 31
core   0: exception trap_illegal_instruction, epc 0x00000000800050ea
core   0:           tval 0x00000000306ff873
core   0: >>>>  $xrv64i2p1_m2p0_a2p1_f2p2_d2p2_zicsr2p0_zifencei2p0_zmmul1p0_zba1p0_zbb1p0_zbc1p0_zbs1p0
core   0: 0x0000000080004000 (0x0080006f) j       pc + 0x8
core   0: 3 0x0000000080004000 (0x0080006f)
core   0: >>>>  mmode_exception_handler
core   0: 0x0000000080004008 (0x00002c17) auipc   s8, 0x2
core   0: 3 0x0000000080004008 (0x00002c17) x24 0x0000000080006008
core   0: 0x000000008000400c (0x030c0c13) addi    s8, s8, 48
core   0: 3 0x000000008000400c (0x030c0c13) x24 0x0000000080006038
core   0: 0x0000000080004010 (0x000c00e7) jalr    s8
core   0: 3 0x0000000080004010 (0x000c00e7) x1  0x0000000080004014
core   0: >>>>  any_handler
core   0: 0x0000000080006038 (0x341027f3) csrrs   a5, mepc, zero
core   0: 3 0x0000000080006038 (0x341027f3) x15 0x00000000800050ea
core   0: 0x000000008000603c (0x34202773) csrrs   a4, mcause, zero
core   0: 3 0x000000008000603c (0x34202773) x14 0x0000000000000002
core   0: 0x0000000080006040 (0x142026f3) csrrs   a3, scause, zero
core   0: 3 0x0000000080006040 (0x142026f3) x13 0x0000000000000000
core   0: 0x0000000080006044 (0x30402673) csrrs   a2, mie, zero
core   0: 3 0x0000000080006044 (0x30402673) x12 0x0000000000000a00
core   0: 0x0000000080006048 (0x344025f3) csrrs   a1, mip, zero
core   0: 3 0x0000000080006048 (0x344025f3) x11 0x0000000000000080
core   0: 0x000000008000604c (0x343025f3) csrrs   a1, mtval, zero
core   0: 3 0x000000008000604c (0x343025f3) x11 0x00000000306ff873
core   0: 0x0000000080006050 (0x14302573) csrrs   a0, stval, zero
core   0: 3 0x0000000080006050 (0x14302573) x10 0x0000000000000000
core   0: 0x0000000080006054 (0xb02024f3) csrrs   s1, minstret, zero
core   0: 3 0x0000000080006054 (0xb02024f3) x9  0x0000000000000d73
core   0: 0x0000000080006058 (0x0000a811) c.j     pc + 20
core   0: 3 0x0000000080006058 (0xa811)
core   0: >>>>  mepc_4
core   0: 0x000000008000606c (0x00000791) c.addi  a5, 4
core   0: 3 0x000000008000606c (0x0791) x15 0x00000000800050ee
core   0: 0x000000008000606e (0x34179073) csrrw   zero, mepc, a5
core   0: 3 0x000000008000606e (0x34179073) c833_mepc 0x00000000800050ee
core   0: 0x0000000080006072 (0x30200073) mret
core   0: 3 0x0000000080006072 (0x30200073) c768_mstatus 0x8000000a00106080
core   0: 0x00000000800050ee (0x00b476b3) and     a3, s0, a1
core   0: 1 0x00000000800050ee (0x00b476b3) x13 0x0000000000005053
core   0: 0x00000000800050f2 (0xe2058cd3) fmv.x.d s9, fa1
core   0: 1 0x00000000800050f2 (0xe2058cd3) x25 0xffffffff00000000
core   0: 0x00000000800050f6 (0x00000001) c.nop
core   0: 1 0x00000000800050f6 (0x0001)
core   0: 0x00000000800050f8 (0xa2b70053) fle.d   zero, fa4, fa1
core   0: 1 0x00000000800050f8 (0xa2b70053) c1_fflags 0x0000000000000014
core   0: 0x00000000800050fc (0x417d813b) subw    sp, s11, s7
core   0: 1 0x00000000800050fc (0x417d813b) x2  0x0000000068edc715
core   0: 0x0000000080005100 (0x00000eb6) c.slli  t4, 13
core   0: 1 0x0000000080005100 (0x0eb6) x29 0x000000000fffe000
core   0: 0x0000000080005102 (0x01def8b3) and     a7, t4, t4
core   0: 1 0x0000000080005102 (0x01def8b3) x17 0x000000000fffe000
core   0: 0x0000000080005106 (0x41e4561b) sraiw   a2, s0, 30
core   0: 1 0x0000000080005106 (0x41e4561b) x12 0xfffffffffffffffe
core   0: 0x000000008000510a (0xd2267e53) fcvt.d.l ft8, a2
core   0: 1 0x000000008000510a (0xd2267e53) f28 0xc000000000000000
core   0: 0x000000008000510e (0x01a69d3b) sllw    s10, a3, s10
core   0: 1 0x000000008000510e (0x01a69d3b) x26 0x0000000000a0a600
core   0: 0x0000000080005112 (0x024c7d33) remu    s10, s8, tp
core   0: 1 0x0000000080005112 (0x024c7d33) x26 0x0000000000000244
core   0: 0x0000000080005116 (0x420282d3) fcvt.d.s ft5, ft5
core   0: 1 0x0000000080005116 (0x420282d3) f5  0x0000000000000000
core   0: 0x000000008000511a (0xd2367ad3) fcvt.d.lu fs5, a2
core   0: 1 0x000000008000511a (0xd2367ad3) c1_fflags 0x0000000000000015 f21 0x43f0000000000000
core   0: 0x000000008000511e (0x225fad53) fsgnjx.d fs10, ft11, ft5
core   0: 1 0x000000008000511e (0x225fad53) f26 0x7ff8000000000000
core   0: 0x0000000080005122 (0x13cefacf) fnmadd.d fs5, ft9, ft8, ft2
core   0: 1 0x0000000080005122 (0x13cefacf) f21 0x7ff8000000000000
core   0: 0x0000000080005126 (0xbce0a597) auipc   a1, 0xbce0a
core   0: 1 0x0000000080005126 (0xbce0a597) x11 0x000000003ce0f126
core   0: 0x000000008000512a (0x01445a33) srl     s4, s0, s4
core   0: 1 0x000000008000512a (0x01445a33) x20 0x0000000000000000
core   0: 0x000000008000512e (0x01ae77b3) and     a5, t3, s10
core   0: 1 0x000000008000512e (0x01ae77b3) x15 0x0000000000000244
core   0: 0x0000000080005132 (0x420e88d3) fcvt.d.s fa7, ft9
core   0: 1 0x0000000080005132 (0x420e88d3) f17 0x7ff8000000000000
core   0: 0x0000000080005136 (0x020e75bb) remuw   a1, t3, zero
core   0: 1 0x0000000080005136 (0x020e75bb) x11 0xffffffffffffffff
core   0: 0x000000008000513a (0xbb1c7147) fmsub.d ft2, fs8, fa7, fs7
core   0: 1 0x000000008000513a (0xbb1c7147) f2  0x7ff8000000000000
core   0: 0x000000008000513e (0x400ed493) srai    s1, t4, 0
core   0: 1 0x000000008000513e (0x400ed493) x9  0x000000000fffe000
core   0: 0x0000000080005142 (0xd0247f53) fcvt.s.l ft10, s0
core   0: 1 0x0000000080005142 (0xd0247f53) c1_fflags 0x0000000000000015 f30 0xffffffff4f000051
core   0: 0x0000000080005146 (0x227c83d3) fsgnj.d ft7, fs9, ft7
core   0: 1 0x0000000080005146 (0x227c83d3) f7  0xc0aa1a0000000000
core   0: 0x000000008000514a (0xa3ee8dd3) fle.d   s11, ft9, ft10
core   0: 1 0x000000008000514a (0xa3ee8dd3) c1_fflags 0x0000000000000015 x27 0x0000000000000000
core   0: 0x000000008000514e (0x139e7ad3) fmul.d  fs5, ft8, fs9
core   0: 1 0x000000008000514e (0x139e7ad3) f21 0xc0ba1a0000000000
core   0: 0x0000000080005152 (0x00202273) csrrs   tp, frm, zero
core   0: 1 0x0000000080005152 (0x00202273) x4  0x0000000000000003
core   0: 0x0000000080005156 (0x6f6df793) andi    a5, s11, 1782
core   0: 1 0x0000000080005156 (0x6f6df793) x15 0x0000000000000000
core   0: 0x000000008000515a (0x417484bb) subw    s1, s1, s7
core   0: 1 0x000000008000515a (0x417484bb) x9  0x000000000fffe001
core   0: 0x000000008000515e (0x4047dc93) srai    s9, a5, 4
core   0: 1 0x000000008000515e (0x4047dc93) x25 0x0000000000000000
core   0: 0x0000000080005162 (0xd2178bd3) fcvt.d.wu fs7, a5
core   0: 1 0x0000000080005162 (0xd2178bd3) f23 0x0000000000000000
core   0: 0x0000000080005166 (0xc2197753) fcvt.wu.d a4, fs2
core   0: 1 0x0000000080005166 (0xc2197753) c1_fflags 0x0000000000000015 x14 0xffffffffffffffff
core   0: 0x000000008000516a (0x02d325b3) mulhsu  a1, t1, a3
core   0: 1 0x000000008000516a (0x02d325b3) x11 0x0000000000000000
core   0: 0x000000008000516e (0xc9f58b93) addi    s7, a1, -865
core   0: 1 0x000000008000516e (0xc9f58b93) x23 0xfffffffffffffc9f
core   0: 0x0000000080005172 (0xb575e293) ori     t0, a1, -1193
core   0: 1 0x0000000080005172 (0xb575e293) x5  0xfffffffffffffb57
core   0: 0x0000000080005176 (0x0ff0000f) fence   iorw,iorw
core   0: 1 0x0000000080005176 (0x0ff0000f)
core   0: 0x000000008000517a (0x00000001) c.nop
core   0: 1 0x000000008000517a (0x0001)
core   0: 0x000000008000517c (0xc2087553) fcvt.w.d a0, fa6
core   0: 1 0x000000008000517c (0xc2087553) c1_fflags 0x0000000000000015 x10 0x000000007fffffff
core   0: 0x0000000080005180 (0x024276d3) fadd.d  fa3, ft4, ft4
core   0: 1 0x0000000080005180 (0x024276d3) f13 0x41ed176b8c800000
core   0: 0x0000000080005184 (0xd035ffd3) fcvt.s.lu ft11, a1
core   0: 1 0x0000000080005184 (0xd035ffd3) f31 0xffffffff00000000
core   0: 0x0000000080005188 (0xd22578d3) fcvt.d.l fa7, a0
core   0: 1 0x0000000080005188 (0xd22578d3) f17 0x41dfffffffc00000
core   0: 0x000000008000518c (0xcd421737) lui     a4, 0xcd421
core   0: 1 0x000000008000518c (0xcd421737) x14 0xffffffffcd421000
core   0: 0x0000000080005190 (0x005ddcbb) srlw    s9, s11, t0
core   0: 1 0x0000000080005190 (0x005ddcbb) x25 0x0000000000000000
core   0: 0x0000000080005194 (0x0064b4b3) sltu    s1, s1, t1
core   0: 1 0x0000000080005194 (0x0064b4b3) x9  0x0000000000000001
core   0: 0x0000000080005198 (0x001e9ef3) csrrw   t4, fflags, t4
core   0: 1 0x0000000080005198 (0x001e9ef3) x29 0x0000000000000015 c1_fflags 0x0000000000000000
core   0: 0x000000008000519c (0x0067e237) lui     tp, 0x67e
core   0: 1 0x000000008000519c (0x0067e237) x4  0x000000000067e000
core   0: 0x00000000800051a0 (0x41b2021b) addiw   tp, tp, 1051
core   0: 1 0x00000000800051a0 (0x41b2021b) x4  0x000000000067e41b
core   0: 0x00000000800051a4 (0x00000236) c.slli  tp, 13
core   0: 1 0x00000000800051a4 (0x0236) x4  0x0000000cfc836000
core   0: 0x00000000800051a6 (0x04020213) addi    tp, tp, 64
core   0: 1 0x00000000800051a6 (0x04020213) x4  0x0000000cfc836040
core   0: 0x00000000800051aa (0x41825ab3) sra     s5, tp, s8
core   0: 1 0x00000000800051aa (0x41825ab3) x21 0x0000000000000000
core   0: 0x00000000800051ae (0x027973b3) remu    t2, s2, t2
core   0: 1 0x00000000800051ae (0x027973b3) x7  0x0000000033e6bfff
core   0: 0x00000000800051b2 (0x0133c9b3) xor     s3, t2, s3
core   0: 1 0x00000000800051b2 (0x0133c9b3) x19 0x0000000033e6bfff
core   0: 0x00000000800051b6 (0x02f65493) srli    s1, a2, 47
core   0: 1 0x00000000800051b6 (0x02f65493) x9  0x000000000001ffff
core   0: 0x00000000800051ba (0x42050453) fcvt.d.s fs0, fa0
core   0: 1 0x00000000800051ba (0x42050453) f8  0x7ff8000000000000
core   0: 0x00000000800051be (0xc6c07d37) lui     s10, 0xc6c07
core   0: 1 0x00000000800051be (0xc6c07d37) x26 0xffffffffc6c07000
core   0: 0x00000000800051c2 (0x2bb89053) fmax.d  ft0, fa7, fs11
core   0: 1 0x00000000800051c2 (0x2bb89053) f0  0x41dfffffffc00000
core   0: 0x00000000800051c6 (0x021b5b3b) divuw   s6, s6, ra
core   0: 1 0x00000000800051c6 (0x021b5b3b) x22 0x0000000000000000
core   0: 0x00000000800051ca (0xb58225b7) lui     a1, 0xb5822
core   0: 1 0x00000000800051ca (0xb58225b7) x11 0xffffffffb5822000
core   0: 0x00000000800051ce (0x0094f0b3) and     ra, s1, s1
core   0: 1 0x00000000800051ce (0x0094f0b3) x1  0x000000000001ffff
core   0: 0x00000000800051d2 (0x00202273) csrrs   tp, frm, zero
core   0: 1 0x00000000800051d2 (0x00202273) x4  0x0000000000000003
core   0: 0x00000000800051d6 (0x009e11bb) sllw    gp, t3, s1
core   0: 1 0x00000000800051d6 (0x009e11bb) x3  0xffffffff80000000
core   0: 0x00000000800051da (0x001a4a13) xori    s4, s4, 1
core   0: 1 0x00000000800051da (0x001a4a13) x20 0x0000000000000001
core   0: 0x00000000800051de (0x3a8573cf) fnmadd.d ft7, fa0, fs0, ft7
core   0: 1 0x00000000800051de (0x3a8573cf) f7  0x7ff8000000000000
core   0: 0x00000000800051e2 (0x0ff0000f) fence   iorw,iorw
core   0: 1 0x00000000800051e2 (0x0ff0000f)
core   0: 0x00000000800051e6 (0x03471a33) mulh    s4, a4, s4
core   0: 1 0x00000000800051e6 (0x03471a33) x20 0xffffffffffffffff
core   0: 0x00000000800051ea (0xfffa0b1b) addiw   s6, s4, -1
core   0: 1 0x00000000800051ea (0xfffa0b1b) x22 0xfffffffffffffffe
core   0: 0x00000000800051ee (0x037602b3) mul     t0, a2, s7
core   0: 1 0x00000000800051ee (0x037602b3) x5  0x00000000000006c2
core   0: 0x00000000800051f2 (0x00102c73) csrrs   s8, fflags, zero
core   0: 1 0x00000000800051f2 (0x00102c73) x24 0x0000000000000000
core   0: 0x00000000800051f6 (0x03ac1733) mulh    a4, s8, s10
core   0: 1 0x00000000800051f6 (0x03ac1733) x14 0x0000000000000000
core   0: 0x00000000800051fa (0x018b93bb) sllw    t2, s7, s8
core   0: 1 0x00000000800051fa (0x018b93bb) x7  0xfffffffffffffc9f
core   0: 0x00000000800051fe (0x41b05a9b) sraiw   s5, zero, 27
core   0: 1 0x00000000800051fe (0x41b05a9b) x21 0x0000000000000000
core   0: 0x0000000080005202 (0xc0207c53) fcvt.l.s s8, ft0
core   0: 1 0x0000000080005202 (0xc0207c53) c1_fflags 0x0000000000000010 x24 0x7fffffffffffffff
core   0: 0x0000000080005206 (0x03047833) remu    a6, s0, a6
core   0: 1 0x0000000080005206 (0x03047833) x16 0x00000000800050df
core   0: 0x000000008000520a (0x02f946b7) lui     a3, 0x2f94
core   0: 1 0x000000008000520a (0x02f946b7) x13 0x0000000002f94000
core   0: 0x000000008000520e (0x85d6869b) addiw   a3, a3, -1955
core   0: 1 0x000000008000520e (0x85d6869b) x13 0x0000000002f9385d
core   0: 0x0000000080005212 (0x000006b6) c.slli  a3, 13
core   0: 1 0x0000000080005212 (0x06b6) x13 0x0000005f270ba000
core   0: 0x0000000080005214 (0xde068693) addi    a3, a3, -544
core   0: 1 0x0000000080005214 (0xde068693) x13 0x0000005f270b9de0
core   0: 0x0000000080005218 (0x22852853) fsgnjx.d fa6, fa0, fs0
core   0: 1 0x0000000080005218 (0x22852853) f16 0x7ff8000000000000
core   0: 0x000000008000521c (0x01ad1e9b) slliw   t4, s10, 26
core   0: 1 0x000000008000521c (0x01ad1e9b) x29 0x0000000000000000
core   0: 0x0000000080005220 (0xad3acd93) xori    s11, s5, -1325
core   0: 1 0x0000000080005220 (0xad3acd93) x27 0xfffffffffffffad3
core   0: 0x0000000080005224 (0x001a9673) csrrw   a2, fflags, s5
core   0: 1 0x0000000080005224 (0x001a9673) x12 0x0000000000000010 c1_fflags 0x0000000000000000
core   0: 0x0000000080005228 (0x5a057e53) fsqrt.d ft8, fa0
core   0: 1 0x0000000080005228 (0x5a057e53) f28 0x7ff8000000000000
core   0: 0x000000008000522c (0x62a6784f) fnmadd.d fa6, fa2, fa0, fa2
core   0: 1 0x000000008000522c (0x62a6784f) f16 0x7ff8000000000000
core   0: 0x0000000080005230 (0x1d9a7813) andi    a6, s4, 473
core   0: 1 0x0000000080005230 (0x1d9a7813) x16 0x00000000000001d9
core   0: 0x0000000080005234 (0x3a71f9cf) fnmadd.d fs3, ft3, ft7, ft7
core   0: 1 0x0000000080005234 (0x3a71f9cf) f19 0x7ff8000000000000
core   0: 0x0000000080005238 (0x00ec9933) sll     s2, s9, a4
core   0: 1 0x0000000080005238 (0x00ec9933) x18 0x0000000000000000
core   0: 0x000000008000523c (0xd2347ad3) fcvt.d.lu fs5, s0
core   0: 1 0x000000008000523c (0xd2347ad3) f21 0x41e0000a1be00000
core   0: 0x0000000080005240 (0x011cda1b) srliw   s4, s9, 17
core   0: 1 0x0000000080005240 (0x011cda1b) x20 0x0000000000000000
core   0: 0x0000000080005244 (0x03d4f2bb) remuw   t0, s1, t4
core   0: 1 0x0000000080005244 (0x03d4f2bb) x5  0x000000000001ffff
core   0: 0x0000000080005248 (0x000ef713) andi    a4, t4, 0
core   0: 1 0x0000000080005248 (0x000ef713) x14 0x0000000000000000
core   0: 0x000000008000524c (0x002595b3) sll     a1, a1, sp
core   0: 1 0x000000008000524c (0x002595b3) x11 0xfff6b04400000000
core   0: 0x0000000080005250 (0x002141b3) xor     gp, sp, sp
core   0: 1 0x0000000080005250 (0x002141b3) x3  0x0000000000000000
core   0: 0x0000000080005254 (0x01cad0b3) srl     ra, s5, t3
core   0: 1 0x0000000080005254 (0x01cad0b3) x1  0x0000000000000000
core   0: 0x0000000080005258 (0x024b4233) div     tp, s6, tp
core   0: 1 0x0000000080005258 (0x024b4233) x4  0x0000000000000000
core   0: 0x000000008000525c (0x024209b3) mul     s3, tp, tp
core   0: 1 0x000000008000525c (0x024209b3) x19 0x0000000000000000
core   0: 0x0000000080005260 (0x0179939b) slliw   t2, s3, 23
core   0: 1 0x0000000080005260 (0x0179939b) x7  0x0000000000000000
core   0: 0x0000000080005264 (0x0965881b) addiw   a6, a1, 150
core   0: 1 0x0000000080005264 (0x0965881b) x16 0x0000000000000096
core   0: 0x0000000080005268 (0x0277023b) mulw    tp, a4, t2
core   0: 1 0x0000000080005268 (0x0277023b) x4  0x0000000000000000
core   0: 0x000000008000526c (0xd238fa53) fcvt.d.lu fs4, a7
core   0: 1 0x000000008000526c (0xd238fa53) f20 0x41afffc000000000
core   0: 0x0000000080005270 (0x011906b3) add     a3, s2, a7
core   0: 1 0x0000000080005270 (0x011906b3) x13 0x000000000fffe000
core   0: 0x0000000080005274 (0x5a0cffd3) fsqrt.d ft11, fs9
core   0: 1 0x0000000080005274 (0x5a0cffd3) c1_fflags 0x0000000000000001 f31 0x404ce693c0ca8521
core   0: 0x0000000080005278 (0x031afdb3) remu    s11, s5, a7
core   0: 1 0x0000000080005278 (0x031afdb3) x27 0x0000000000000000
core   0: 0x000000008000527c (0x22098f53) fsgnj.d ft10, fs3, ft0
core   0: 1 0x000000008000527c (0x22098f53) f30 0x7ff8000000000000
core   0: 0x0000000080005280 (0x5a0df7d3) fsqrt.d fa5, fs11
core   0: 1 0x0000000080005280 (0x5a0df7d3) f15 0x7ff8000000000000
core   0: 0x0000000080005284 (0x02d6d8b3) divu    a7, a3, a3
core   0: 1 0x0000000080005284 (0x02d6d8b3) x17 0x0000000000000001
core   0: 0x0000000080005288 (0x03283933) mulhu   s2, a6, s2
core   0: 1 0x0000000080005288 (0x03283933) x18 0x0000000000000000
core   0: 0x000000008000528c (0x00401d93) slli    s11, zero, 4
core   0: 1 0x000000008000528c (0x00401d93) x27 0x0000000000000000
core   0: 0x0000000080005290 (0x00239773) csrrw   a4, frm, t2
core   0: 1 0x0000000080005290 (0x00239773) x14 0x0000000000000003 c2_frm 0x0000000000000000
core   0: 0x0000000080005294 (0xa39205d3) fle.d   a1, ft4, fs9
core   0: 1 0x0000000080005294 (0xa39205d3) x11 0x0000000000000000
core   0: 0x0000000080005298 (0x0330ae33) mulhsu  t3, ra, s3
core   0: 1 0x0000000080005298 (0x0330ae33) x28 0x0000000000000000
core   0: 0x000000008000529c (0x1404f773) csrrci  a4, sscratch, 9
core   0: 1 0x000000008000529c (0x1404f773) x14 0x0000000000000000 c320_sscratch 0x0000000000000000
core   0: 0x00000000800052a0 (0x00000001) c.nop
core   0: 1 0x00000000800052a0 (0x0001)
core   0: 0x00000000800052a2 (0x27fe6397) auipc   t2, 0x27fe6
core   0: 1 0x00000000800052a2 (0x27fe6397) x7  0x00000000a7feb2a2
core   0: 0x00000000800052a6 (0x03b60633) mul     a2, a2, s11
core   0: 1 0x00000000800052a6 (0x03b60633) x12 0x0000000000000000
core   0: 0x00000000800052aa (0x00485c9b) srliw   s9, a6, 4
core   0: 1 0x00000000800052aa (0x00485c9b) x25 0x0000000000000009
core   0: 0x00000000800052ae (0x011810bb) sllw    ra, a6, a7
core   0: 1 0x00000000800052ae (0x011810bb) x1  0x000000000000012c
core   0: 0x00000000800052b2 (0x02f60cbb) mulw    s9, a2, a5
core   0: 1 0x00000000800052b2 (0x02f60cbb) x25 0x0000000000000000
core   0: 0x00000000800052b6 (0x01f79a1b) slliw   s4, a5, 31
core   0: 1 0x00000000800052b6 (0x01f79a1b) x20 0x0000000000000000
core   0: 0x00000000800052ba (0xc2127153) fcvt.wu.d sp, ft4
core   0: 1 0x00000000800052ba (0xc2127153) x2  0x00000000745dae32
core   0: 0x00000000800052be (0x032cb933) mulhu   s2, s9, s2
core   0: 1 0x00000000800052be (0x032cb933) x18 0x0000000000000000
core   0: 0x00000000800052c2 (0x2bbd82d3) fmin.d  ft5, fs11, fs11
core   0: 1 0x00000000800052c2 (0x2bbd82d3) f5  0x7ff8000000000000
core   0: 0x00000000800052c6 (0x00dc9713) slli    a4, s9, 13
core   0: 1 0x00000000800052c6 (0x00dc9713) x14 0x0000000000000000
core   0: 0x00000000800052ca (0x41045e13) srai    t3, s0, 16
core   0: 1 0x00000000800052ca (0x41045e13) x28 0x0000000000008000
core   0: 0x00000000800052ce (0x406edeb3) sra     t4, t4, t1
core   0: 1 0x00000000800052ce (0x406edeb3) x29 0x0000000000000000
core   0: 0x00000000800052d2 (0x0018d21b) srliw   tp, a7, 1
core   0: 1 0x00000000800052d2 (0x0018d21b) x4  0x0000000000000000
core   0: 0x00000000800052d6 (0x1c7d9eb7) lui     t4, 0x1c7d9
core   0: 1 0x00000000800052d6 (0x1c7d9eb7) x29 0x000000001c7d9000
core   0: 0x00000000800052da (0xa2538453) fle.d   s0, ft7, ft5
core   0: 1 0x00000000800052da (0xa2538453) c1_fflags 0x0000000000000011 x8  0x0000000000000000
core   0: 0x00000000800052de (0xa23ecb13) xori    s6, t4, -1501
core   0: 1 0x00000000800052de (0xa23ecb13) x22 0xffffffffe3826a23
core   0: 0x00000000800052e2 (0x1000b573) csrrc   a0, sstatus, ra
core   0: 1 0x00000000800052e2 (0x1000b573) x10 0x8000000200006000 c768_mstatus 0x8000000a00106080
core   0: 0x00000000800052e6 (0x1388fc53) fmul.d  fs8, fa7, fs8
core   0: 1 0x00000000800052e6 (0x1388fc53) f24 0x7ff8000000000000
core   0: 0x00000000800052ea (0xc232f253) fcvt.lu.d tp, ft5
core   0: 1 0x00000000800052ea (0xc232f253) c1_fflags 0x0000000000000011 x4  0xffffffffffffffff
core   0: 0x00000000800052ee (0x02797033) remu    zero, s2, t2
core   0: 1 0x00000000800052ee (0x02797033)
core   0: 0x00000000800052f2 (0x7c6efc93) andi    s9, t4, 1990
core   0: 1 0x00000000800052f2 (0x7c6efc93) x25 0x0000000000000000
core   0: 0x00000000800052f6 (0xe20908d3) fmv.x.d a7, fs2
core   0: 1 0x00000000800052f6 (0xe20908d3) x17 0x7ff8000000000000
core   0: 0x00000000800052fa (0x42125493) srai    s1, tp, 33
core   0: 1 0x00000000800052fa (0x42125493) x9  0xffffffffffffffff
core   0: 0x00000000800052fe (0xa25b8dd3) fle.d   s11, fs7, ft5
core   0: 1 0x00000000800052fe (0xa25b8dd3) c1_fflags 0x0000000000000011 x27 0x0000000000000000
core   0: 0x0000000080005302 (0x032974bb) remuw   s1, s2, s2
core   0: 1 0x0000000080005302 (0x032974bb) x9  0x0000000000000000
core   0: 0x0000000080005306 (0x401dde13) srai    t3, s11, 1
core   0: 1 0x0000000080005306 (0x401dde13) x28 0x0000000000000000
core   0: 0x000000008000530a (0x0215a0b3) mulhsu  ra, a1, ra
core   0: 1 0x000000008000530a (0x0215a0b3) x1  0x0000000000000000
core   0: 0x000000008000530e (0x0a5572d3) fsub.d  ft5, fa0, ft5
core   0: 1 0x000000008000530e (0x0a5572d3) f5  0x7ff8000000000000
core   0: 0x0000000080005312 (0x40a08833) sub     a6, ra, a0
core   0: 1 0x0000000080005312 (0x40a08833) x16 0x7ffffffdffffa000
core   0: 0x0000000080005316 (0xea87f043) fmadd.d ft0, fa5, fs0, ft9
core   0: 1 0x0000000080005316 (0xea87f043) f0  0x7ff8000000000000
core   0: 0x000000008000531a (0x028b9433) mulh    s0, s7, s0
core   0: 1 0x000000008000531a (0x028b9433) x8  0x0000000000000000
core   0: 0x000000008000531e (0x207dcc13) xori    s8, s11, 519
core   0: 1 0x000000008000531e (0x207dcc13) x24 0x0000000000000207
core   0: 0x0000000080005322 (0x39c26093) ori     ra, tp, 924
core   0: 1 0x0000000080005322 (0x39c26093) x1  0xffffffffffffffff
core   0: 0x0000000080005326 (0x004759bb) srlw    s3, a4, tp
core   0: 1 0x0000000080005326 (0x004759bb) x19 0x0000000000000000
core   0: 0x000000008000532a (0x02211133) mulh    sp, sp, sp
core   0: 1 0x000000008000532a (0x02211133) x2  0x0000000000000000
core   0: 0x000000008000532e (0xd220f6d3) fcvt.d.l fa3, ra
core   0: 1 0x000000008000532e (0xd220f6d3) f13 0xbff0000000000000
core   0: 0x0000000080005332 (0x00039b13) slli    s6, t2, 0
core   0: 1 0x0000000080005332 (0x00039b13) x22 0x00000000a7feb2a2
core   0: 0x0000000080005336 (0x23b9a353) fsgnjx.d ft6, fs3, fs11
core   0: 1 0x0000000080005336 (0x23b9a353) f6  0x7ff8000000000000
core   0: 0x000000008000533a (0x403c51b3) sra     gp, s8, gp
core   0: 1 0x000000008000533a (0x403c51b3) x3  0x0000000000000207
core   0: 0x000000008000533e (0x5a0e7a53) fsqrt.d fs4, ft8
core   0: 1 0x000000008000533e (0x5a0e7a53) f20 0x7ff8000000000000
core   0: 0x0000000080005342 (0x1306f1d3) fmul.d  ft3, fa3, fa6
core   0: 1 0x0000000080005342 (0x1306f1d3) f3  0x7ff8000000000000
core   0: 0x0000000080005346 (0x0008dd1b) srliw   s10, a7, 0
core   0: 1 0x0000000080005346 (0x0008dd1b) x26 0x0000000000000000
core   0: 0x000000008000534a (0xfd362237) lui     tp, 0xfd362
core   0: 1 0x000000008000534a (0xfd362237) x4  0xfffffffffd362000
core   0: 0x000000008000534e (0xf812021b) addiw   tp, tp, -127
core   0: 1 0x000000008000534e (0xf812021b) x4  0xfffffffffd361f81
core   0: 0x0000000080005352 (0x00000232) c.slli  tp, 12
core   0: 1 0x0000000080005352 (0x0232) x4  0xffffffd361f81000
core   0: 0x0000000080005354 (0x7c420213) addi    tp, tp, 1988
core   0: 1 0x0000000080005354 (0x7c420213) x4  0xffffffd361f817c4
core   0: 0x0000000080005358 (0x5a057453) fsqrt.d fs0, fa0
core   0: 1 0x0000000080005358 (0x5a057453) f8  0x7ff8000000000000
core   0: 0x000000008000535c (0x01badb33) srl     s6, s5, s11
core   0: 1 0x000000008000535c (0x01badb33) x22 0x0000000000000000
core   0: 0x0000000080005360 (0x0ff0000f) fence   iorw,iorw
core   0: 1 0x0000000080005360 (0x0ff0000f)
core   0: 0x0000000080005364 (0x7565cb13) xori    s6, a1, 1878
core   0: 1 0x0000000080005364 (0x7565cb13) x22 0x0000000000000756
core   0: 0x0000000080005368 (0x4109dd1b) sraiw   s10, s3, 16
core   0: 1 0x0000000080005368 (0x4109dd1b) x26 0x0000000000000000
core   0: 0x000000008000536c (0x02ce8033) mul     zero, t4, a2
core   0: 1 0x000000008000536c (0x02ce8033)
core   0: 0x0000000080005370 (0x00102273) csrrs   tp, fflags, zero
core   0: 1 0x0000000080005370 (0x00102273) x4  0x0000000000000011
core   0: 0x0000000080005374 (0x5a0278d3) fsqrt.d fa7, ft4
core   0: 1 0x0000000080005374 (0x5a0278d3) c1_fflags 0x0000000000000011 f17 0x40e5931994aee03d
core   0: 0x0000000080005378 (0x9a3bf1c7) fmsub.d ft3, fs7, ft3, fs3
core   0: 1 0x0000000080005378 (0x9a3bf1c7) f3  0x7ff8000000000000
core   0: 0x000000008000537c (0x12837353) fmul.d  ft6, ft6, fs0
core   0: 1 0x000000008000537c (0x12837353) f6  0x7ff8000000000000
core   0: 0x0000000080005380 (0x41080bbb) subw    s7, a6, a6
core   0: 1 0x0000000080005380 (0x41080bbb) x23 0x0000000000000000
core   0: 0x0000000080005384 (0x000bd333) srl     t1, s7, zero
core   0: 1 0x0000000080005384 (0x000bd333) x6  0x0000000000000000
core   0: 0x0000000080005388 (0x0009d5bb) srlw    a1, s3, zero
core   0: 1 0x0000000080005388 (0x0009d5bb) x11 0x0000000000000000
core   0: 0x000000008000538c (0x02fa69b3) rem     s3, s4, a5
core   0: 1 0x000000008000538c (0x02fa69b3) x19 0x0000000000000000
core   0: 0x0000000080005390 (0xf2088bd3) fmv.d.x fs7, a7
core   0: 1 0x0000000080005390 (0xf2088bd3) f23 0x7ff8000000000000
core   0: 0x0000000080005394 (0xc236f353) fcvt.lu.d t1, fa3
core   0: 1 0x0000000080005394 (0xc236f353) c1_fflags 0x0000000000000011 x6  0x0000000000000000
core   0: 0x0000000080005398 (0x40cc8433) sub     s0, s9, a2
core   0: 1 0x0000000080005398 (0x40cc8433) x8  0x0000000000000000
core   0: 0x000000008000539c (0x03cd9793) slli    a5, s11, 60
core   0: 1 0x000000008000539c (0x03cd9793) x15 0x0000000000000000
core   0: 0x00000000800053a0 (0x01b688bb) addw    a7, a3, s11
core   0: 1 0x00000000800053a0 (0x01b688bb) x17 0x000000000fffe000
core   0: 0x00000000800053a4 (0xf20889d3) fmv.d.x fs3, a7
core   0: 1 0x00000000800053a4 (0xf20889d3) f19 0x000000000fffe000
core   0: 0x00000000800053a8 (0x40d58e3b) subw    t3, a1, a3
core   0: 1 0x00000000800053a8 (0x40d58e3b) x28 0xfffffffff0002000
core   0: 0x00000000800053ac (0x02de64b3) rem     s1, t3, a3
core   0: 1 0x00000000800053ac (0x02de64b3) x9  0x0000000000000000
core   0: 0x00000000800053b0 (0x0fd50e1b) addiw   t3, a0, 253
core   0: 1 0x00000000800053b0 (0x0fd50e1b) x28 0x00000000000060fd
core   0: 0x00000000800053b4 (0xc22bfc53) fcvt.l.d s8, fs7
core   0: 1 0x00000000800053b4 (0xc22bfc53) c1_fflags 0x0000000000000011 x24 0x7fffffffffffffff
core   0: 0x00000000800053b8 (0xd234fed3) fcvt.d.lu ft9, s1
core   0: 1 0x00000000800053b8 (0xd234fed3) f29 0x0000000000000000
core   0: 0x00000000800053bc (0x00571633) sll     a2, a4, t0
core   0: 1 0x00000000800053bc (0x00571633) x12 0x0000000000000000
core   0: 0x00000000800053c0 (0xbcab6e13) ori     t3, s6, -1078
core   0: 1 0x00000000800053c0 (0xbcab6e13) x28 0xffffffffffffffde
core   0: 0x00000000800053c4 (0x233e8bd3) fsgnj.d fs7, ft9, fs3
core   0: 1 0x00000000800053c4 (0x233e8bd3) f23 0x0000000000000000
core   0: 0x00000000800053c8 (0x00052033) slt     zero, a0, zero
core   0: 1 0x00000000800053c8 (0x00052033)
core   0: 0x00000000800053cc (0x03c03e33) mulhu   t3, zero, t3
core   0: 1 0x00000000800053cc (0x03c03e33) x28 0x0000000000000000
core   0: 0x00000000800053d0 (0x31a898f3) csrrw   a7, menvcfgh, a7
core   0: exception trap_illegal_instruction, epc 0x00000000800053d0
core   0:           tval 0x0000000031a898f3
core   0: >>>>  $xrv64i2p1_m2p0_a2p1_f2p2_d2p2_zicsr2p0_zifencei2p0_zmmul1p0_zba1p0_zbb1p0_zbc1p0_zbs1p0
core   0: 0x0000000080004000 (0x0080006f) j       pc + 0x8
core   0: 3 0x0000000080004000 (0x0080006f)
core   0: >>>>  mmode_exception_handler
core   0: 0x0000000080004008 (0x00002c17) auipc   s8, 0x2
core   0: 3 0x0000000080004008 (0x00002c17) x24 0x0000000080006008
core   0: 0x000000008000400c (0x030c0c13) addi    s8, s8, 48
core   0: 3 0x000000008000400c (0x030c0c13) x24 0x0000000080006038
core   0: 0x0000000080004010 (0x000c00e7) jalr    s8
core   0: 3 0x0000000080004010 (0x000c00e7) x1  0x0000000080004014
core   0: >>>>  any_handler
core   0: 0x0000000080006038 (0x341027f3) csrrs   a5, mepc, zero
core   0: 3 0x0000000080006038 (0x341027f3) x15 0x00000000800053d0
core   0: 0x000000008000603c (0x34202773) csrrs   a4, mcause, zero
core   0: 3 0x000000008000603c (0x34202773) x14 0x0000000000000002
core   0: 0x0000000080006040 (0x142026f3) csrrs   a3, scause, zero
core   0: 3 0x0000000080006040 (0x142026f3) x13 0x0000000000000000
core   0: 0x0000000080006044 (0x30402673) csrrs   a2, mie, zero
core   0: 3 0x0000000080006044 (0x30402673) x12 0x0000000000000a00
core   0: 0x0000000080006048 (0x344025f3) csrrs   a1, mip, zero
core   0: 3 0x0000000080006048 (0x344025f3) x11 0x0000000000000080
core   0: 0x000000008000604c (0x343025f3) csrrs   a1, mtval, zero
core   0: 3 0x000000008000604c (0x343025f3) x11 0x0000000031a898f3
core   0: 0x0000000080006050 (0x14302573) csrrs   a0, stval, zero
core   0: 3 0x0000000080006050 (0x14302573) x10 0x0000000000000000
core   0: 0x0000000080006054 (0xb02024f3) csrrs   s1, minstret, zero
core   0: 3 0x0000000080006054 (0xb02024f3) x9  0x0000000000000e3f
core   0: 0x0000000080006058 (0x0000a811) c.j     pc + 20
core   0: 3 0x0000000080006058 (0xa811)
core   0: >>>>  mepc_4
core   0: 0x000000008000606c (0x00000791) c.addi  a5, 4
core   0: 3 0x000000008000606c (0x0791) x15 0x00000000800053d4
core   0: 0x000000008000606e (0x34179073) csrrw   zero, mepc, a5
core   0: 3 0x000000008000606e (0x34179073) c833_mepc 0x00000000800053d4
core   0: 0x0000000080006072 (0x30200073) mret
core   0: 3 0x0000000080006072 (0x30200073) c768_mstatus 0x8000000a00106080
core   0: 0x00000000800053d4 (0x03927233) remu    tp, tp, s9
core   0: 1 0x00000000800053d4 (0x03927233) x4  0x0000000000000011
core   0: 0x00000000800053d8 (0x0ff0000f) fence   iorw,iorw
core   0: 1 0x00000000800053d8 (0x0ff0000f)
core   0: 0x00000000800053dc (0x227b85d3) fsgnj.d fa1, fs7, ft7
core   0: 1 0x00000000800053dc (0x227b85d3) f11 0x0000000000000000
core   0: 0x00000000800053e0 (0x03141013) slli    zero, s0, 49
core   0: 1 0x00000000800053e0 (0x03141013)
core   0: 0x00000000800053e4 (0x0a6a4a13) xori    s4, s4, 166
core   0: 1 0x00000000800053e4 (0x0a6a4a13) x20 0x00000000000000a6
core   0: 0x00000000800053e8 (0x994c0417) auipc   s0, 0x994c0
core   0: 1 0x00000000800053e8 (0x994c0417) x8  0x00000000194c53e8
core   0: 0x00000000800053ec (0x02165633) divu    a2, a2, ra
core   0: 1 0x00000000800053ec (0x02165633) x12 0x0000000000000000
core   0: 0x00000000800053f0 (0x2b6c0353) fmin.d  ft6, fs8, fs6
core   0: 1 0x00000000800053f0 (0x2b6c0353) f6  0x7ff8000000000000
core   0: 0x00000000800053f4 (0xc2237253) fcvt.l.d tp, ft6
core   0: 1 0x00000000800053f4 (0xc2237253) c1_fflags 0x0000000000000011 x4  0x7fffffffffffffff
core   0: 0x00000000800053f8 (0x00005893) srli    a7, zero, 0
core   0: 1 0x00000000800053f8 (0x00005893) x17 0x0000000000000000
core   0: 0x00000000800053fc (0x0318e433) rem     s0, a7, a7
core   0: 1 0x00000000800053fc (0x0318e433) x8  0x0000000000000000
core   0: 0x0000000080005400 (0x41115113) srai    sp, sp, 17
core   0: 1 0x0000000080005400 (0x41115113) x2  0x0000000000000000
core   0: 0x0000000080005404 (0x01d9923b) sllw    tp, s3, t4
core   0: 1 0x0000000080005404 (0x01d9923b) x4  0x0000000000000000
core   0: 0x0000000080005408 (0xcacd5b17) auipc   s6, 0xcacd5
core   0: 1 0x0000000080005408 (0xcacd5b17) x22 0x000000004acda408
core   0: 0x000000008000540c (0x43225493) srai    s1, tp, 50
core   0: 1 0x000000008000540c (0x43225493) x9  0x0000000000000000
core   0: 0x0000000080005410 (0x3260f643) fmadd.d fa2, ft1, ft6, ft6
core   0: 1 0x0000000080005410 (0x3260f643) f12 0x7ff8000000000000
core   0: 0x0000000080005414 (0x02b263b3) rem     t2, tp, a1
core   0: 1 0x0000000080005414 (0x02b263b3) x7  0x0000000000000000
core   0: 0x0000000080005418 (0x01f22b37) lui     s6, 0x1f22
core   0: 1 0x0000000080005418 (0x01f22b37) x22 0x0000000001f22000
core   0: 0x000000008000541c (0xf21b0b1b) addiw   s6, s6, -223
core   0: 1 0x000000008000541c (0xf21b0b1b) x22 0x0000000001f21f21
core   0: 0x0000000080005420 (0x00000b36) c.slli  s6, 13
core   0: 1 0x0000000080005420 (0x0b36) x22 0x0000003e43e42000
core   0: 0x0000000080005422 (0xcd9b0b13) addi    s6, s6, -807
core   0: 1 0x0000000080005422 (0xcd9b0b13) x22 0x0000003e43e41cd9
core   0: 0x0000000080005426 (0x03ce6133) rem     sp, t3, t3
core   0: 1 0x0000000080005426 (0x03ce6133) x2  0x0000000000000000
core   0: 0x000000008000542a (0x03c686bb) mulw    a3, a3, t3
core   0: 1 0x000000008000542a (0x03c686bb) x13 0x0000000000000000
core   0: 0x000000008000542e (0x0344f8bb) remuw   a7, s1, s4
core   0: 1 0x000000008000542e (0x0344f8bb) x17 0x0000000000000000
core   0: 0x0000000080005432 (0xc23dfad3) fcvt.lu.d s5, fs11
core   0: 1 0x0000000080005432 (0xc23dfad3) c1_fflags 0x0000000000000011 x21 0xffffffffffffffff
core   0: 0x0000000080005436 (0x50ca7093) andi    ra, s4, 1292
core   0: 1 0x0000000080005436 (0x50ca7093) x1  0x0000000000000004
core   0: 0x000000008000543a (0x001a20b3) slt     ra, s4, ra
core   0: 1 0x000000008000543a (0x001a20b3) x1  0x0000000000000000
core   0: 0x000000008000543e (0x03f6d713) srli    a4, a3, 63
core   0: 1 0x000000008000543e (0x03f6d713) x14 0x0000000000000000
core   0: 0x0000000080005442 (0x02e13433) mulhu   s0, sp, a4
core   0: 1 0x0000000080005442 (0x02e13433) x8  0x0000000000000000
core   0: 0x0000000080005446 (0xc03df953) fcvt.lu.s s2, fs11
core   0: 1 0x0000000080005446 (0xc03df953) c1_fflags 0x0000000000000011 x18 0xffffffffffffffff
core   0: 0x000000008000544a (0x022db133) mulhu   sp, s11, sp
core   0: 1 0x000000008000544a (0x022db133) x2  0x0000000000000000
core   0: 0x000000008000544e (0xa4238d93) addi    s11, t2, -1470
core   0: 1 0x000000008000544e (0xa4238d93) x27 0xfffffffffffffa42
core   0: 0x0000000080005452 (0xc23df153) fcvt.lu.d sp, fs11
core   0: 1 0x0000000080005452 (0xc23df153) c1_fflags 0x0000000000000011 x2  0xffffffffffffffff
core   0: 0x0000000080005456 (0x018110b3) sll     ra, sp, s8
core   0: 1 0x0000000080005456 (0x018110b3) x1  0xff00000000000000
core   0: 0x000000008000545a (0xabbdfdc3) fmadd.d fs11, fs11, fs11, fs5
core   0: 1 0x000000008000545a (0xabbdfdc3) f27 0x7ff8000000000000
core   0: 0x000000008000545e (0x02dc743b) remuw   s0, s8, a3
core   0: 1 0x000000008000545e (0x02dc743b) x8  0xffffffff80006038
core   0: 0x0000000080005462 (0x0016191b) slliw   s2, a2, 1
core   0: 1 0x0000000080005462 (0x0016191b) x18 0x0000000000000000
core   0: 0x0000000080005466 (0xe20708d3) fmv.x.d a7, fa4
core   0: 1 0x0000000080005466 (0xe20708d3) x17 0x7ff8000000000000
core   0: 0x000000008000546a (0x03d181bb) mulw    gp, gp, t4
core   0: 1 0x000000008000546a (0x03d181bb) x3  0xffffffffc28ef000
core   0: 0x000000008000546e (0x001e1a73) csrrw   s4, fflags, t3
core   0: 1 0x000000008000546e (0x001e1a73) x20 0x0000000000000011 c1_fflags 0x0000000000000000
core   0: 0x0000000080005472 (0xb02fe0f3) csrrsi  ra, minstret, 31
core   0: exception trap_illegal_instruction, epc 0x0000000080005472
core   0:           tval 0x00000000b02fe0f3
core   0: >>>>  $xrv64i2p1_m2p0_a2p1_f2p2_d2p2_zicsr2p0_zifencei2p0_zmmul1p0_zba1p0_zbb1p0_zbc1p0_zbs1p0
core   0: 0x0000000080004000 (0x0080006f) j       pc + 0x8
core   0: 3 0x0000000080004000 (0x0080006f)
core   0: >>>>  mmode_exception_handler
core   0: 0x0000000080004008 (0x00002c17) auipc   s8, 0x2
core   0: 3 0x0000000080004008 (0x00002c17) x24 0x0000000080006008
core   0: 0x000000008000400c (0x030c0c13) addi    s8, s8, 48
core   0: 3 0x000000008000400c (0x030c0c13) x24 0x0000000080006038
core   0: 0x0000000080004010 (0x000c00e7) jalr    s8
core   0: 3 0x0000000080004010 (0x000c00e7) x1  0x0000000080004014
core   0: >>>>  any_handler
core   0: 0x0000000080006038 (0x341027f3) csrrs   a5, mepc, zero
core   0: 3 0x0000000080006038 (0x341027f3) x15 0x0000000080005472
core   0: 0x000000008000603c (0x34202773) csrrs   a4, mcause, zero
core   0: 3 0x000000008000603c (0x34202773) x14 0x0000000000000002
core   0: 0x0000000080006040 (0x142026f3) csrrs   a3, scause, zero
core   0: 3 0x0000000080006040 (0x142026f3) x13 0x0000000000000000
core   0: 0x0000000080006044 (0x30402673) csrrs   a2, mie, zero
core   0: 3 0x0000000080006044 (0x30402673) x12 0x0000000000000a00
core   0: 0x0000000080006048 (0x344025f3) csrrs   a1, mip, zero
core   0: 3 0x0000000080006048 (0x344025f3) x11 0x0000000000000080
core   0: 0x000000008000604c (0x343025f3) csrrs   a1, mtval, zero
core   0: 3 0x000000008000604c (0x343025f3) x11 0x00000000b02fe0f3
core   0: 0x0000000080006050 (0x14302573) csrrs   a0, stval, zero
core   0: 3 0x0000000080006050 (0x14302573) x10 0x0000000000000000
core   0: 0x0000000080006054 (0xb02024f3) csrrs   s1, minstret, zero
core   0: 3 0x0000000080006054 (0xb02024f3) x9  0x0000000000000e77
core   0: 0x0000000080006058 (0x0000a811) c.j     pc + 20
core   0: 3 0x0000000080006058 (0xa811)
core   0: >>>>  mepc_4
core   0: 0x000000008000606c (0x00000791) c.addi  a5, 4
core   0: 3 0x000000008000606c (0x0791) x15 0x0000000080005476
core   0: 0x000000008000606e (0x34179073) csrrw   zero, mepc, a5
core   0: 3 0x000000008000606e (0x34179073) c833_mepc 0x0000000080005476
core   0: 0x0000000080006072 (0x30200073) mret
core   0: 3 0x0000000080006072 (0x30200073) c768_mstatus 0x8000000a00106080
core   0: 0x0000000080005476 (0x829f6b37) lui     s6, 0x829f6
core   0: 1 0x0000000080005476 (0x829f6b37) x22 0xffffffff829f6000
core   0: 0x000000008000547a (0xc38c7fcb) fnmsub.d ft11, fs8, fs8, fs8
core   0: 1 0x000000008000547a (0xc38c7fcb) f31 0x7ff8000000000000
core   0: 0x000000008000547e (0xfbce76cf) fnmadd.d fa3, ft8, ft8, ft11
core   0: 1 0x000000008000547e (0xfbce76cf) f13 0x7ff8000000000000
core   0: 0x0000000080005482 (0xd02b7253) fcvt.s.l ft4, s6
core   0: 1 0x0000000080005482 (0xd02b7253) f4  0xffffffffcefac140
core   0: 0x0000000080005486 (0x03b7c2bb) divw    t0, a5, s11
core   0: 1 0x0000000080005486 (0x03b7c2bb) x5  0x0000000000164a7a
core   0: 0x000000008000548a (0xc226fed3) fcvt.l.d t4, fa3
core   0: 1 0x000000008000548a (0xc226fed3) c1_fflags 0x0000000000000010 x29 0x7fffffffffffffff
core   0: 0x000000008000548e (0x23920bd3) fsgnj.d fs7, ft4, fs9
core   0: 1 0x000000008000548e (0x23920bd3) f23 0x7fffffffcefac140
core   0: 0x0000000080005492 (0x037e7e53) fadd.d  ft8, ft8, fs7
core   0: 1 0x0000000080005492 (0x037e7e53) f28 0x7ff8000000000000
core   0: 0x0000000080005496 (0x036bfe3b) remuw   t3, s7, s6
core   0: 1 0x0000000080005496 (0x036bfe3b) x28 0x0000000000000000
core   0: 0x000000008000549a (0x00001e13) slli    t3, zero, 0
core   0: 1 0x000000008000549a (0x00001e13) x28 0x0000000000000000
core   0: 0x000000008000549e (0x01bd5b13) srli    s6, s10, 27
core   0: 1 0x000000008000549e (0x01bd5b13) x22 0x0000000000000000
core   0: 0x00000000800054a2 (0xa12b6317) auipc   t1, 0xa12b6
core   0: 1 0x00000000800054a2 (0xa12b6317) x6  0x00000000212bb4a2
core   0: 0x00000000800054a6 (0x00ed8a33) add     s4, s11, a4
core   0: 1 0x00000000800054a6 (0x00ed8a33) x20 0xfffffffffffffa44
core   0: 0x00000000800054aa (0xd021fd53) fcvt.s.l fs10, gp
core   0: 1 0x00000000800054aa (0xd021fd53) f26 0xffffffffce75c440
core   0: 0x00000000800054ae (0x001020f3) csrrs   ra, fflags, zero
core   0: 1 0x00000000800054ae (0x001020f3) x1  0x0000000000000010
core   0: 0x00000000800054b2 (0xcace7b47) fmsub.d fs6, ft8, fa2, fs9
core   0: 1 0x00000000800054b2 (0xcace7b47) f22 0x7ff8000000000000
core   0: 0x00000000800054b6 (0x40f6d8bb) sraw    a7, a3, a5
core   0: 1 0x00000000800054b6 (0x40f6d8bb) x17 0x0000000000000000
core   0: 0x00000000800054ba (0xc21b7bd3) fcvt.wu.d s7, fs6
core   0: 1 0x00000000800054ba (0xc21b7bd3) c1_fflags 0x0000000000000010 x23 0xffffffffffffffff
core   0: 0x00000000800054be (0xc02e74d3) fcvt.l.s s1, ft8
core   0: 1 0x00000000800054be (0xc02e74d3) c1_fflags 0x0000000000000010 x9  0x7fffffffffffffff
core   0: 0x00000000800054c2 (0x037545b3) div     a1, a0, s7
core   0: 1 0x00000000800054c2 (0x037545b3) x11 0x0000000000000000
core   0: 0x00000000800054c6 (0xa501fcb7) lui     s9, 0xa501f
core   0: 1 0x00000000800054c6 (0xa501fcb7) x25 0xffffffffa501f000
core   0: 0x00000000800054ca (0x2aa90053) fmin.d  ft0, fs2, fa0
core   0: 1 0x00000000800054ca (0x2aa90053) f0  0x7ff8000000000000
core   0: 0x00000000800054ce (0x030883b7) lui     t2, 0x3088
core   0: 1 0x00000000800054ce (0x030883b7) x7  0x0000000003088000
core   0: 0x00000000800054d2 (0x2f93839b) addiw   t2, t2, 761
core   0: 1 0x00000000800054d2 (0x2f93839b) x7  0x00000000030882f9
core   0: 0x00000000800054d6 (0x000003b2) c.slli  t2, 12
core   0: 1 0x00000000800054d6 (0x03b2) x7  0x00000030882f9000
core   0: 0x00000000800054d8 (0xf0338393) addi    t2, t2, -253
core   0: 1 0x00000000800054d8 (0xf0338393) x7  0x00000030882f8f03
core   0: 0x00000000800054dc (0x018552b3) srl     t0, a0, s8
core   0: 1 0x00000000800054dc (0x018552b3) x5  0x0000000000000000
core   0: 0x00000000800054e0 (0x0b6bff53) fsub.d  ft10, fs7, fs6
core   0: 1 0x00000000800054e0 (0x0b6bff53) f30 0x7ff8000000000000
core   0: 0x00000000800054e4 (0x00a3d73b) srlw    a4, t2, a0
core   0: 1 0x00000000800054e4 (0x00a3d73b) x14 0xffffffff882f8f03
core   0: 0x00000000800054e8 (0x0162f033) and     zero, t0, s6
core   0: 1 0x00000000800054e8 (0x0162f033)
core   0: 0x00000000800054ec (0x23b00e53) fsgnj.d ft8, ft0, fs11
core   0: 1 0x00000000800054ec (0x23b00e53) f28 0x7ff8000000000000
core   0: 0x00000000800054f0 (0xe26e7fc3) fmadd.d ft11, ft8, ft6, ft8
core   0: 1 0x00000000800054f0 (0xe26e7fc3) f31 0x7ff8000000000000
core   0: 0x00000000800054f4 (0x0ff0000f) fence   iorw,iorw
core   0: 1 0x00000000800054f4 (0x0ff0000f)
core   0: 0x00000000800054f8 (0x401e7c53) fcvt.s.d fs8, ft8
core   0: 1 0x00000000800054f8 (0x401e7c53) f24 0xffffffff7fc00000
core   0: 0x00000000800054fc (0x0014d013) srli    zero, s1, 1
core   0: 1 0x00000000800054fc (0x0014d013)
core   0: 0x0000000080005500 (0x236ffb43) fmadd.d fs6, ft11, fs6, ft4
core   0: 1 0x0000000080005500 (0x236ffb43) f22 0x7ff8000000000000
core   0: 0x0000000080005504 (0x002ddcbb) srlw    s9, s11, sp
core   0: 1 0x0000000080005504 (0x002ddcbb) x25 0x0000000000000001
core   0: 0x0000000080005508 (0x42068a53) fcvt.d.s fs4, fa3
core   0: 1 0x0000000080005508 (0x42068a53) f20 0x7ff8000000000000
core   0: 0x000000008000550c (0x00f29833) sll     a6, t0, a5
core   0: 1 0x000000008000550c (0x00f29833) x16 0x0000000000000000
core   0: 0x0000000080005510 (0xd03cfa53) fcvt.s.lu fs4, s9
core   0: 1 0x0000000080005510 (0xd03cfa53) f20 0xffffffff3f800000
core   0: 0x0000000080005514 (0x6adefecf) fnmadd.d ft9, ft9, fa3, fa3
core   0: 1 0x0000000080005514 (0x6adefecf) f29 0x7ff8000000000000
core   0: 0x0000000080005518 (0xf12415f3) csrrw   a1, marchid, s0
core   0: exception trap_illegal_instruction, epc 0x0000000080005518
core   0:           tval 0x00000000f12415f3
core   0: >>>>  $xrv64i2p1_m2p0_a2p1_f2p2_d2p2_zicsr2p0_zifencei2p0_zmmul1p0_zba1p0_zbb1p0_zbc1p0_zbs1p0
core   0: 0x0000000080004000 (0x0080006f) j       pc + 0x8
core   0: 3 0x0000000080004000 (0x0080006f)
core   0: >>>>  mmode_exception_handler
core   0: 0x0000000080004008 (0x00002c17) auipc   s8, 0x2
core   0: 3 0x0000000080004008 (0x00002c17) x24 0x0000000080006008
core   0: 0x000000008000400c (0x030c0c13) addi    s8, s8, 48
core   0: 3 0x000000008000400c (0x030c0c13) x24 0x0000000080006038
core   0: 0x0000000080004010 (0x000c00e7) jalr    s8
core   0: 3 0x0000000080004010 (0x000c00e7) x1  0x0000000080004014
core   0: >>>>  any_handler
core   0: 0x0000000080006038 (0x341027f3) csrrs   a5, mepc, zero
core   0: 3 0x0000000080006038 (0x341027f3) x15 0x0000000080005518
core   0: 0x000000008000603c (0x34202773) csrrs   a4, mcause, zero
core   0: 3 0x000000008000603c (0x34202773) x14 0x0000000000000002
core   0: 0x0000000080006040 (0x142026f3) csrrs   a3, scause, zero
core   0: 3 0x0000000080006040 (0x142026f3) x13 0x0000000000000000
core   0: 0x0000000080006044 (0x30402673) csrrs   a2, mie, zero
core   0: 3 0x0000000080006044 (0x30402673) x12 0x0000000000000a00
core   0: 0x0000000080006048 (0x344025f3) csrrs   a1, mip, zero
core   0: 3 0x0000000080006048 (0x344025f3) x11 0x0000000000000080
core   0: 0x000000008000604c (0x343025f3) csrrs   a1, mtval, zero
core   0: 3 0x000000008000604c (0x343025f3) x11 0x00000000f12415f3
core   0: 0x0000000080006050 (0x14302573) csrrs   a0, stval, zero
core   0: 3 0x0000000080006050 (0x14302573) x10 0x0000000000000000
core   0: 0x0000000080006054 (0xb02024f3) csrrs   s1, minstret, zero
core   0: 3 0x0000000080006054 (0xb02024f3) x9  0x0000000000000eb0
core   0: 0x0000000080006058 (0x0000a811) c.j     pc + 20
core   0: 3 0x0000000080006058 (0xa811)
core   0: >>>>  mepc_4
core   0: 0x000000008000606c (0x00000791) c.addi  a5, 4
core   0: 3 0x000000008000606c (0x0791) x15 0x000000008000551c
core   0: 0x000000008000606e (0x34179073) csrrw   zero, mepc, a5
core   0: 3 0x000000008000606e (0x34179073) c833_mepc 0x000000008000551c
core   0: 0x0000000080006072 (0x30200073) mret
core   0: 3 0x0000000080006072 (0x30200073) c768_mstatus 0x8000000a00106080
core   0: 0x000000008000551c (0x587b4893) xori    a7, s6, 1415
core   0: 1 0x000000008000551c (0x587b4893) x17 0x0000000000000587
core   0: 0x0000000080005520 (0x420e0e53) fcvt.d.s ft8, ft8
core   0: 1 0x0000000080005520 (0x420e0e53) f28 0x7ff8000000000000
core   0: 0x0000000080005524 (0x4115d09b) sraiw   ra, a1, 17
core   0: 1 0x0000000080005524 (0x4115d09b) x1  0xfffffffffffff892
core   0: 0x0000000080005528 (0x4013d913) srai    s2, t2, 1
core   0: 1 0x0000000080005528 (0x4013d913) x18 0x000000184417c781
core   0: 0x000000008000552c (0x41747b93) andi    s7, s0, 1047
core   0: 1 0x000000008000552c (0x41747b93) x23 0x0000000000000010
core   0: 0x0000000080005530 (0xc05078f3) csrrci  a7, hpmcounter5, 0
core   0: exception trap_illegal_instruction, epc 0x0000000080005530
core   0:           tval 0x00000000c05078f3
core   0: >>>>  $xrv64i2p1_m2p0_a2p1_f2p2_d2p2_zicsr2p0_zifencei2p0_zmmul1p0_zba1p0_zbb1p0_zbc1p0_zbs1p0
core   0: 0x0000000080004000 (0x0080006f) j       pc + 0x8
core   0: 3 0x0000000080004000 (0x0080006f)
core   0: >>>>  mmode_exception_handler
core   0: 0x0000000080004008 (0x00002c17) auipc   s8, 0x2
core   0: 3 0x0000000080004008 (0x00002c17) x24 0x0000000080006008
core   0: 0x000000008000400c (0x030c0c13) addi    s8, s8, 48
core   0: 3 0x000000008000400c (0x030c0c13) x24 0x0000000080006038
core   0: 0x0000000080004010 (0x000c00e7) jalr    s8
core   0: 3 0x0000000080004010 (0x000c00e7) x1  0x0000000080004014
core   0: >>>>  any_handler
core   0: 0x0000000080006038 (0x341027f3) csrrs   a5, mepc, zero
core   0: 3 0x0000000080006038 (0x341027f3) x15 0x0000000080005530
core   0: 0x000000008000603c (0x34202773) csrrs   a4, mcause, zero
core   0: 3 0x000000008000603c (0x34202773) x14 0x0000000000000002
core   0: 0x0000000080006040 (0x142026f3) csrrs   a3, scause, zero
core   0: 3 0x0000000080006040 (0x142026f3) x13 0x0000000000000000
core   0: 0x0000000080006044 (0x30402673) csrrs   a2, mie, zero
core   0: 3 0x0000000080006044 (0x30402673) x12 0x0000000000000a00
core   0: 0x0000000080006048 (0x344025f3) csrrs   a1, mip, zero
core   0: 3 0x0000000080006048 (0x344025f3) x11 0x0000000000000080
core   0: 0x000000008000604c (0x343025f3) csrrs   a1, mtval, zero
core   0: 3 0x000000008000604c (0x343025f3) x11 0x00000000c05078f3
core   0: 0x0000000080006050 (0x14302573) csrrs   a0, stval, zero
core   0: 3 0x0000000080006050 (0x14302573) x10 0x0000000000000000
core   0: 0x0000000080006054 (0xb02024f3) csrrs   s1, minstret, zero
core   0: 3 0x0000000080006054 (0xb02024f3) x9  0x0000000000000ec5
core   0: 0x0000000080006058 (0x0000a811) c.j     pc + 20
core   0: 3 0x0000000080006058 (0xa811)
core   0: >>>>  mepc_4
core   0: 0x000000008000606c (0x00000791) c.addi  a5, 4
core   0: 3 0x000000008000606c (0x0791) x15 0x0000000080005534
core   0: 0x000000008000606e (0x34179073) csrrw   zero, mepc, a5
core   0: 3 0x000000008000606e (0x34179073) c833_mepc 0x0000000080005534
core   0: 0x0000000080006072 (0x30200073) mret
core   0: 3 0x0000000080006072 (0x30200073) c768_mstatus 0x8000000a00106080
core   0: 0x0000000080005534 (0xc022f253) fcvt.l.s tp, ft5
core   0: 1 0x0000000080005534 (0xc022f253) c1_fflags 0x0000000000000010 x4  0x7fffffffffffffff
core   0: 0x0000000080005538 (0x00008d8d) c.sub   a1, a1
core   0: 1 0x0000000080005538 (0x8d8d) x11 0x0000000000000000
core   0: 0x000000008000553a (0x0155921b) slliw   tp, a1, 21
core   0: 1 0x000000008000553a (0x0155921b) x4  0x0000000000000000
core   0: 0x000000008000553e (0x0042de3b) srlw    t3, t0, tp
core   0: 1 0x000000008000553e (0x0042de3b) x28 0x0000000000000000
core   0: 0x0000000080005542 (0xd0327ad3) fcvt.s.lu fs5, tp
core   0: 1 0x0000000080005542 (0xd0327ad3) f21 0xffffffff00000000
core   0: 0x0000000080005546 (0xd2060f53) fcvt.d.w ft10, a2
core   0: 1 0x0000000080005546 (0xd2060f53) f30 0x40a4000000000000
core   0: 0x000000008000554a (0x0206c03b) divw    zero, a3, zero
core   0: 1 0x000000008000554a (0x0206c03b)
core   0: 0x000000008000554e (0x03befb33) remu    s6, t4, s11
core   0: 1 0x000000008000554e (0x03befb33) x22 0x7fffffffffffffff
core   0: 0x0000000080005552 (0x016ed1bb) srlw    gp, t4, s6
core   0: 1 0x0000000080005552 (0x016ed1bb) x3  0x0000000000000001
core   0: 0x0000000080005556 (0x02d302bb) mulw    t0, t1, a3
core   0: 1 0x0000000080005556 (0x02d302bb) x5  0x0000000000000000
core   0: 0x000000008000555a (0x0ff0000f) fence   iorw,iorw
core   0: 1 0x000000008000555a (0x0ff0000f)
core   0: 0x000000008000555e (0xa3b60ed3) fle.d   t4, fa2, fs11
core   0: 1 0x000000008000555e (0xa3b60ed3) c1_fflags 0x0000000000000010 x29 0x0000000000000000
core   0: 0x0000000080005562 (0x02184a33) div     s4, a6, ra
core   0: 1 0x0000000080005562 (0x02184a33) x20 0x0000000000000000
core   0: 0x0000000080005566 (0x00102af3) csrrs   s5, fflags, zero
core   0: 1 0x0000000080005566 (0x00102af3) x21 0x0000000000000010
core   0: 0x000000008000556a (0xfff27213) andi    tp, tp, -1
core   0: 1 0x000000008000556a (0xfff27213) x4  0x0000000000000000
core   0: 0x000000008000556e (0x0047d7b3) srl     a5, a5, tp
core   0: 1 0x000000008000556e (0x0047d7b3) x15 0x0000000080005534
core   0: 0x0000000080005572 (0xb2537147) fmsub.d ft2, ft6, ft5, fs6
core   0: 1 0x0000000080005572 (0xb2537147) f2  0x7ff8000000000000
core   0: 0x0000000080005576 (0x22bc0653) fsgnj.d fa2, fs8, fa1
core   0: 1 0x0000000080005576 (0x22bc0653) f12 0x7fffffff7fc00000
core   0: 0x000000008000557a (0x0121dc3b) srlw    s8, gp, s2
core   0: 1 0x000000008000557a (0x0121dc3b) x24 0x0000000000000000
core   0: 0x000000008000557e (0xd03772d3) fcvt.s.lu ft5, a4
core   0: 1 0x000000008000557e (0xd03772d3) f5  0xffffffff40000000
core   0: 0x0000000080005582 (0x5a02fe53) fsqrt.d ft8, ft5
core   0: 1 0x0000000080005582 (0x5a02fe53) f28 0x7ff8000000000000
core   0: 0x0000000080005586 (0x03051cb3) mulh    s9, a0, a6
core   0: 1 0x0000000080005586 (0x03051cb3) x25 0x0000000000000000
core   0: 0x000000008000558a (0x3405041b) addiw   s0, a0, 832
core   0: 1 0x000000008000558a (0x3405041b) x8  0x0000000000000340
core   0: 0x000000008000558e (0xd2247953) fcvt.d.l fs2, s0
core   0: 1 0x000000008000558e (0xd2247953) f18 0x408a000000000000
core   0: 0x0000000080005592 (0x000cd993) srli    s3, s9, 0
core   0: 1 0x0000000080005592 (0x000cd993) x19 0x0000000000000000
core   0: 0x0000000080005596 (0x02eb01bb) mulw    gp, s6, a4
core   0: 1 0x0000000080005596 (0x02eb01bb) x3  0xfffffffffffffffe
core   0: 0x000000008000559a (0x0237b533) mulhu   a0, a5, gp
core   0: 1 0x000000008000559a (0x0237b533) x10 0x0000000080005533
core   0: 0x000000008000559e (0x01451eb3) sll     t4, a0, s4
core   0: 1 0x000000008000559e (0x01451eb3) x29 0x0000000080005533
core   0: 0x00000000800055a2 (0x00000001) c.nop
core   0: 1 0x00000000800055a2 (0x0001)
core   0: 0x00000000800055a4 (0xc23476d3) fcvt.lu.d a3, fs0
core   0: 1 0x00000000800055a4 (0xc23476d3) c1_fflags 0x0000000000000010 x13 0xffffffffffffffff
core   0: 0x00000000800055a8 (0x01746bb3) or      s7, s0, s7
core   0: 1 0x00000000800055a8 (0x01746bb3) x23 0x0000000000000350
core   0: 0x00000000800055ac (0x03b664b3) rem     s1, a2, s11
core   0: 1 0x00000000800055ac (0x03b664b3) x9  0x0000000000000442
core   0: 0x00000000800055b0 (0xc038f8d3) fcvt.lu.s a7, fa7
core   0: 1 0x00000000800055b0 (0xc038f8d3) c1_fflags 0x0000000000000010 x17 0xffffffffffffffff
core   0: 0x00000000800055b4 (0x031cdabb) divuw   s5, s9, a7
core   0: 1 0x00000000800055b4 (0x031cdabb) x21 0x0000000000000000
core   0: 0x00000000800055b8 (0x0118f833) and     a6, a7, a7
core   0: 1 0x00000000800055b8 (0x0118f833) x16 0xffffffffffffffff
core   0: 0x00000000800055bc (0x01aaf8b3) and     a7, s5, s10
core   0: 1 0x00000000800055bc (0x01aaf8b3) x17 0x0000000000000000
core   0: 0x00000000800055c0 (0x00139e93) slli    t4, t2, 1
core   0: 1 0x00000000800055c0 (0x00139e93) x29 0x00000061105f1e06
core   0: 0x00000000800055c4 (0x66b30993) addi    s3, t1, 1643
core   0: 1 0x00000000800055c4 (0x66b30993) x19 0x00000000212bbb0d
core   0: 0x00000000800055c8 (0x40fa0b33) sub     s6, s4, a5
core   0: 1 0x00000000800055c8 (0x40fa0b33) x22 0xffffffff7fffaacc
core   0: 0x00000000800055cc (0x40098433) sub     s0, s3, zero
core   0: 1 0x00000000800055cc (0x40098433) x8  0x00000000212bbb0d
core   0: 0x00000000800055d0 (0x4011ff53) fcvt.s.d ft10, ft3
core   0: 1 0x00000000800055d0 (0x4011ff53) f30 0xffffffff7fc00000
core   0: 0x00000000800055d4 (0x5a057dd3) fsqrt.d fs11, fa0
core   0: 1 0x00000000800055d4 (0x5a057dd3) f27 0x7ff8000000000000
core   0: 0x00000000800055d8 (0x03fa5513) srli    a0, s4, 63
core   0: 1 0x00000000800055d8 (0x03fa5513) x10 0x0000000000000000
core   0: 0x00000000800055dc (0x4065893b) subw    s2, a1, t1
core   0: 1 0x00000000800055dc (0x4065893b) x18 0xffffffffded44b5e
core   0: 0x00000000800055e0 (0x00db5b1b) srliw   s6, s6, 13
core   0: 1 0x00000000800055e0 (0x00db5b1b) x22 0x000000000003fffd
core   0: 0x00000000800055e4 (0x675fabb7) lui     s7, 0x675fa
core   0: 1 0x00000000800055e4 (0x675fabb7) x23 0x00000000675fa000
core   0: 0x00000000800055e8 (0xd21a8953) fcvt.d.wu fs2, s5
core   0: 1 0x00000000800055e8 (0xd21a8953) f18 0x0000000000000000
core   0: 0x00000000800055ec (0x400557bb) sraw    a5, a0, zero
core   0: 1 0x00000000800055ec (0x400557bb) x15 0x0000000000000000
core   0: 0x00000000800055f0 (0x034d093b) mulw    s2, s10, s4
core   0: 1 0x00000000800055f0 (0x034d093b) x18 0x0000000000000000
core   0: 0x00000000800055f4 (0x01b35433) srl     s0, t1, s11
core   0: 1 0x00000000800055f4 (0x01b35433) x8  0x00000000084aed28
core   0: 0x00000000800055f8 (0x00b45cbb) srlw    s9, s0, a1
core   0: 1 0x00000000800055f8 (0x00b45cbb) x25 0x00000000084aed28
core   0: 0x00000000800055fc (0x420f06d3) fcvt.d.s fa3, ft10
core   0: 1 0x00000000800055fc (0x420f06d3) f13 0x7ff8000000000000
core   0: 0x0000000080005600 (0xc2197cd3) fcvt.wu.d s9, fs2
core   0: 1 0x0000000080005600 (0xc2197cd3) x25 0x0000000000000000
core   0: 0x0000000080005604 (0x00a704bb) addw    s1, a4, a0
core   0: 1 0x0000000080005604 (0x00a704bb) x9  0x0000000000000002
core   0: 0x0000000080005608 (0x00e0173b) sllw    a4, zero, a4
core   0: 1 0x0000000080005608 (0x00e0173b) x14 0x0000000000000000
core   0: 0x000000008000560c (0x0017909b) slliw   ra, a5, 1
core   0: 1 0x000000008000560c (0x0017909b) x1  0x0000000000000000
core   0: 0x0000000080005610 (0x6a38fd4b) fnmsub.d fs10, fa7, ft3, fa3
core   0: 1 0x0000000080005610 (0x6a38fd4b) f26 0x7ff8000000000000
core   0: 0x0000000080005614 (0x03f79393) slli    t2, a5, 63
core   0: 1 0x0000000080005614 (0x03f79393) x7  0x0000000000000000
core   0: 0x0000000080005618 (0x03a7c0b3) div     ra, a5, s10
core   0: 1 0x0000000080005618 (0x03a7c0b3) x1  0xffffffffffffffff
core   0: 0x000000008000561c (0x00000001) c.nop
core   0: 1 0x000000008000561c (0x0001)
core   0: 0x000000008000561e (0xd030f753) fcvt.s.lu fa4, ra
core   0: 1 0x000000008000561e (0xd030f753) c1_fflags 0x0000000000000011 f14 0xffffffff5f800000
core   0: 0x0000000080005622 (0xb8206473) csrrsi  s0, minstreth, 0
core   0: exception trap_illegal_instruction, epc 0x0000000080005622
core   0:           tval 0x00000000b8206473
core   0: >>>>  $xrv64i2p1_m2p0_a2p1_f2p2_d2p2_zicsr2p0_zifencei2p0_zmmul1p0_zba1p0_zbb1p0_zbc1p0_zbs1p0
core   0: 0x0000000080004000 (0x0080006f) j       pc + 0x8
core   0: 3 0x0000000080004000 (0x0080006f)
core   0: >>>>  mmode_exception_handler
core   0: 0x0000000080004008 (0x00002c17) auipc   s8, 0x2
core   0: 3 0x0000000080004008 (0x00002c17) x24 0x0000000080006008
core   0: 0x000000008000400c (0x030c0c13) addi    s8, s8, 48
core   0: 3 0x000000008000400c (0x030c0c13) x24 0x0000000080006038
core   0: 0x0000000080004010 (0x000c00e7) jalr    s8
core   0: 3 0x0000000080004010 (0x000c00e7) x1  0x0000000080004014
core   0: >>>>  any_handler
core   0: 0x0000000080006038 (0x341027f3) csrrs   a5, mepc, zero
core   0: 3 0x0000000080006038 (0x341027f3) x15 0x0000000080005622
core   0: 0x000000008000603c (0x34202773) csrrs   a4, mcause, zero
core   0: 3 0x000000008000603c (0x34202773) x14 0x0000000000000002
core   0: 0x0000000080006040 (0x142026f3) csrrs   a3, scause, zero
core   0: 3 0x0000000080006040 (0x142026f3) x13 0x0000000000000000
core   0: 0x0000000080006044 (0x30402673) csrrs   a2, mie, zero
core   0: 3 0x0000000080006044 (0x30402673) x12 0x0000000000000a00
core   0: 0x0000000080006048 (0x344025f3) csrrs   a1, mip, zero
core   0: 3 0x0000000080006048 (0x344025f3) x11 0x0000000000000080
core   0: 0x000000008000604c (0x343025f3) csrrs   a1, mtval, zero
core   0: 3 0x000000008000604c (0x343025f3) x11 0x00000000b8206473
core   0: 0x0000000080006050 (0x14302573) csrrs   a0, stval, zero
core   0: 3 0x0000000080006050 (0x14302573) x10 0x0000000000000000
core   0: 0x0000000080006054 (0xb02024f3) csrrs   s1, minstret, zero
core   0: 3 0x0000000080006054 (0xb02024f3) x9  0x0000000000000f12
core   0: 0x0000000080006058 (0x0000a811) c.j     pc + 20
core   0: 3 0x0000000080006058 (0xa811)
core   0: >>>>  mepc_4
core   0: 0x000000008000606c (0x00000791) c.addi  a5, 4
core   0: 3 0x000000008000606c (0x0791) x15 0x0000000080005626
core   0: 0x000000008000606e (0x34179073) csrrw   zero, mepc, a5
core   0: 3 0x000000008000606e (0x34179073) c833_mepc 0x0000000080005626
core   0: 0x0000000080006072 (0x30200073) mret
core   0: 3 0x0000000080006072 (0x30200073) c768_mstatus 0x8000000a00106080
core   0: 0x0000000080005626 (0xd22cfad3) fcvt.d.l fs5, s9
core   0: 1 0x0000000080005626 (0xd22cfad3) f21 0x0000000000000000
core   0: 0x000000008000562a (0x02e0873b) mulw    a4, ra, a4
core   0: 1 0x000000008000562a (0x02e0873b) x14 0x0000000000008028
core   0: 0x000000008000562e (0xc0387bd3) fcvt.lu.s s7, fa6
core   0: 1 0x000000008000562e (0xc0387bd3) c1_fflags 0x0000000000000011 x23 0xffffffffffffffff
core   0: 0x0000000080005632 (0xff15f093) andi    ra, a1, -15
core   0: 1 0x0000000080005632 (0xff15f093) x1  0x00000000b8206471
core   0: 0x0000000080005636 (0x01b7cdb3) xor     s11, a5, s11
core   0: 1 0x0000000080005636 (0x01b7cdb3) x27 0xffffffff7fffac64
core   0: 0x000000008000563a (0x01c3aa33) slt     s4, t2, t3
core   0: 1 0x000000008000563a (0x01c3aa33) x20 0x0000000000000000
core   0: 0x000000008000563e (0xd20a0c53) fcvt.d.w fs8, s4
core   0: 1 0x000000008000563e (0xd20a0c53) f24 0x0000000000000000
core   0: 0x0000000080005642 (0x0a14f7cf) fnmadd.d fa5, fs1, ft1, ft1
core   0: 1 0x0000000080005642 (0x0a14f7cf) f15 0x8000000000000000
core   0: 0x0000000080005646 (0x40d685bb) subw    a1, a3, a3
core   0: 1 0x0000000080005646 (0x40d685bb) x11 0x0000000000000000
core   0: 0x000000008000564a (0x00c607b3) add     a5, a2, a2
core   0: 1 0x000000008000564a (0x00c607b3) x15 0x0000000000001400
core   0: 0x000000008000564e (0x00c59e33) sll     t3, a1, a2
core   0: 1 0x000000008000564e (0x00c59e33) x28 0x0000000000000000
core   0: 0x0000000080005652 (0xa96006b7) lui     a3, 0xa9600
core   0: 1 0x0000000080005652 (0xa96006b7) x13 0xffffffffa9600000
core   0: 0x0000000080005656 (0x401a5a13) srai    s4, s4, 1
core   0: 1 0x0000000080005656 (0x401a5a13) x20 0x0000000000000000
core   0: 0x000000008000565a (0x036b6cb3) rem     s9, s6, s6
core   0: 1 0x000000008000565a (0x036b6cb3) x25 0x0000000000000000
core   0: 0x000000008000565e (0x40155d9b) sraiw   s11, a0, 1
core   0: 1 0x000000008000565e (0x40155d9b) x27 0x0000000000000000
core   0: 0x0000000080005662 (0x00000001) c.nop
core   0: 1 0x0000000080005662 (0x0001)
core   0: 0x0000000080005664 (0x43d98417) auipc   s0, 0x43d98
core   0: 1 0x0000000080005664 (0x43d98417) x8  0x00000000c3d9d664
core   0: 0x0000000080005668 (0x42a24e93) xori    t4, tp, 1066
core   0: 1 0x0000000080005668 (0x42a24e93) x29 0x000000000000042a
core   0: 0x000000008000566c (0x23ba0dd3) fsgnj.d fs11, fs4, fs11
core   0: 1 0x000000008000566c (0x23ba0dd3) f27 0x7fffffff3f800000
core   0: 0x0000000080005670 (0x400cd81b) sraiw   a6, s9, 0
core   0: 1 0x0000000080005670 (0x400cd81b) x16 0x0000000000000000
core   0: 0x0000000080005674 (0x00025813) srli    a6, tp, 0
core   0: 1 0x0000000080005674 (0x00025813) x16 0x0000000000000000
core   0: 0x0000000080005678 (0x000ddc13) srli    s8, s11, 0
core   0: 1 0x0000000080005678 (0x000ddc13) x24 0x0000000000000000
core   0: 0x000000008000567c (0xc21c7a53) fcvt.wu.d s4, fs8
core   0: 1 0x000000008000567c (0xc21c7a53) x20 0x0000000000000000
core   0: 0x0000000080005680 (0x414ddab3) sra     s5, s11, s4
core   0: 1 0x0000000080005680 (0x414ddab3) x21 0x0000000000000000
core   0: 0x0000000080005684 (0x03bd72d3) fadd.d  ft5, fs10, fs11
core   0: 1 0x0000000080005684 (0x03bd72d3) f5  0x7ff8000000000000
core   0: 0x0000000080005688 (0x0009d313) srli    t1, s3, 0
core   0: 1 0x0000000080005688 (0x0009d313) x6  0x00000000212bbb0d
core   0: 0x000000008000568c (0x03a30b3b) mulw    s6, t1, s10
core   0: 1 0x000000008000568c (0x03a30b3b) x22 0x0000000000000000
core   0: 0x0000000080005690 (0x00cea633) slt     a2, t4, a2
core   0: 1 0x0000000080005690 (0x00cea633) x12 0x0000000000000001
core   0: 0x0000000080005694 (0x41f6529b) sraiw   t0, a2, 31
core   0: 1 0x0000000080005694 (0x41f6529b) x5  0x0000000000000000
core   0: 0x0000000080005698 (0x3db2839b) addiw   t2, t0, 987
core   0: 1 0x0000000080005698 (0x3db2839b) x7  0x00000000000003db
core   0: 0x000000008000569c (0xc0257853) fcvt.l.s a6, fa0
core   0: 1 0x000000008000569c (0xc0257853) c1_fflags 0x0000000000000011 x16 0x7fffffffffffffff
core   0: 0x00000000800056a0 (0x002a9c73) csrrw   s8, frm, s5
core   0: 1 0x00000000800056a0 (0x002a9c73) x24 0x0000000000000000 c2_frm 0x0000000000000000
core   0: 0x00000000800056a4 (0x03977733) remu    a4, a4, s9
core   0: 1 0x00000000800056a4 (0x03977733) x14 0x0000000000008028
core   0: 0x00000000800056a8 (0x68187793) andi    a5, a6, 1665
core   0: 1 0x00000000800056a8 (0x68187793) x15 0x0000000000000681
core   0: 0x00000000800056ac (0x03667fd3) fadd.d  ft11, fa2, fs6
core   0: 1 0x00000000800056ac (0x03667fd3) f31 0x7ff8000000000000
core   0: 0x00000000800056b0 (0x5a0ff253) fsqrt.d ft4, ft11
core   0: 1 0x00000000800056b0 (0x5a0ff253) f4  0x7ff8000000000000
core   0: 0x00000000800056b4 (0x02ca7a3b) remuw   s4, s4, a2
core   0: 1 0x00000000800056b4 (0x02ca7a3b) x20 0x0000000000000000
core   0: 0x00000000800056b8 (0x40e401b3) sub     gp, s0, a4
core   0: 1 0x00000000800056b8 (0x40e401b3) x3  0x00000000c3d9563c
core   0: 0x00000000800056bc (0x40570133) sub     sp, a4, t0
core   0: 1 0x00000000800056bc (0x40570133) x2  0x0000000000008028
core   0: 0x00000000800056c0 (0x00000001) c.nop
core   0: 1 0x00000000800056c0 (0x0001)
core   0: 0x00000000800056c2 (0x12a7f4d3) fmul.d  fs1, fa5, fa0
core   0: 1 0x00000000800056c2 (0x12a7f4d3) f9  0x7ff8000000000000
core   0: 0x00000000800056c6 (0x0233db33) divu    s6, t2, gp
core   0: 1 0x00000000800056c6 (0x0233db33) x22 0x0000000000000000
core   0: 0x00000000800056ca (0x0139f7b3) and     a5, s3, s3
core   0: 1 0x00000000800056ca (0x0139f7b3) x15 0x00000000212bbb0d
core   0: 0x00000000800056ce (0x026cc433) div     s0, s9, t1
core   0: 1 0x00000000800056ce (0x026cc433) x8  0x0000000000000000
core   0: 0x00000000800056d2 (0x0079501b) srliw   zero, s2, 7
core   0: 1 0x00000000800056d2 (0x0079501b)
core   0: 0x00000000800056d6 (0x4002de93) srai    t4, t0, 0
core   0: 1 0x00000000800056d6 (0x4002de93) x29 0x0000000000000000
core   0: 0x00000000800056da (0x001e999b) slliw   s3, t4, 1
core   0: 1 0x00000000800056da (0x001e999b) x19 0x0000000000000000
core   0: 0x00000000800056de (0xfb0c7fcb) fnmsub.d ft11, fs8, fa6, ft11
core   0: 1 0x00000000800056de (0xfb0c7fcb) f31 0x7ff8000000000000
core   0: 0x00000000800056e2 (0x00279873) csrrw   a6, frm, a5
core   0: 1 0x00000000800056e2 (0x00279873) x16 0x0000000000000000 c2_frm 0x0000000000000005
core   0: 0x00000000800056e6 (0x00009bc2) c.add   s7, a6
core   0: 1 0x00000000800056e6 (0x9bc2) x23 0xffffffffffffffff
core   0: 0x00000000800056e8 (0x92a6764f) fnmadd.d fa2, fa2, fa0, fs2
core   0: exception trap_illegal_instruction, epc 0x00000000800056e8
core   0:           tval 0x0000000092a6764f
core   0: >>>>  $xrv64i2p1_m2p0_a2p1_f2p2_d2p2_zicsr2p0_zifencei2p0_zmmul1p0_zba1p0_zbb1p0_zbc1p0_zbs1p0
core   0: 0x0000000080004000 (0x0080006f) j       pc + 0x8
core   0: 3 0x0000000080004000 (0x0080006f)
core   0: >>>>  mmode_exception_handler
core   0: 0x0000000080004008 (0x00002c17) auipc   s8, 0x2
core   0: 3 0x0000000080004008 (0x00002c17) x24 0x0000000080006008
core   0: 0x000000008000400c (0x030c0c13) addi    s8, s8, 48
core   0: 3 0x000000008000400c (0x030c0c13) x24 0x0000000080006038
core   0: 0x0000000080004010 (0x000c00e7) jalr    s8
core   0: 3 0x0000000080004010 (0x000c00e7) x1  0x0000000080004014
core   0: >>>>  any_handler
core   0: 0x0000000080006038 (0x341027f3) csrrs   a5, mepc, zero
core   0: 3 0x0000000080006038 (0x341027f3) x15 0x00000000800056e8
core   0: 0x000000008000603c (0x34202773) csrrs   a4, mcause, zero
core   0: 3 0x000000008000603c (0x34202773) x14 0x0000000000000002
core   0: 0x0000000080006040 (0x142026f3) csrrs   a3, scause, zero
core   0: 3 0x0000000080006040 (0x142026f3) x13 0x0000000000000000
core   0: 0x0000000080006044 (0x30402673) csrrs   a2, mie, zero
core   0: 3 0x0000000080006044 (0x30402673) x12 0x0000000000000a00
core   0: 0x0000000080006048 (0x344025f3) csrrs   a1, mip, zero
core   0: 3 0x0000000080006048 (0x344025f3) x11 0x0000000000000080
core   0: 0x000000008000604c (0x343025f3) csrrs   a1, mtval, zero
core   0: 3 0x000000008000604c (0x343025f3) x11 0x0000000092a6764f
core   0: 0x0000000080006050 (0x14302573) csrrs   a0, stval, zero
core   0: 3 0x0000000080006050 (0x14302573) x10 0x0000000000000000
core   0: 0x0000000080006054 (0xb02024f3) csrrs   s1, minstret, zero
core   0: 3 0x0000000080006054 (0xb02024f3) x9  0x0000000000000f54
core   0: 0x0000000080006058 (0x0000a811) c.j     pc + 20
core   0: 3 0x0000000080006058 (0xa811)
core   0: >>>>  mepc_4
core   0: 0x000000008000606c (0x00000791) c.addi  a5, 4
core   0: 3 0x000000008000606c (0x0791) x15 0x00000000800056ec
core   0: 0x000000008000606e (0x34179073) csrrw   zero, mepc, a5
core   0: 3 0x000000008000606e (0x34179073) c833_mepc 0x00000000800056ec
core   0: 0x0000000080006072 (0x30200073) mret
core   0: 3 0x0000000080006072 (0x30200073) c768_mstatus 0x8000000a00106080
core   0: 0x00000000800056ec (0x415ada3b) sraw    s4, s5, s5
core   0: 1 0x00000000800056ec (0x415ada3b) x20 0x0000000000000000
core   0: 0x00000000800056f0 (0x007723b3) slt     t2, a4, t2
core   0: 1 0x00000000800056f0 (0x007723b3) x7  0x0000000000000001
core   0: 0x00000000800056f4 (0x021387bb) mulw    a5, t2, ra
core   0: 1 0x00000000800056f4 (0x021387bb) x15 0xffffffff80004014
core   0: 0x00000000800056f8 (0x4075da93) srai    s5, a1, 7
core   0: 1 0x00000000800056f8 (0x4075da93) x21 0x0000000001254cec
core   0: 0x00000000800056fc (0x00000001) c.nop
core   0: 1 0x00000000800056fc (0x0001)
core   0: 0x00000000800056fe (0xc21afa53) fcvt.wu.d s4, fs5
core   0: exception trap_illegal_instruction, epc 0x00000000800056fe
core   0:           tval 0x00000000c21afa53
core   0: >>>>  $xrv64i2p1_m2p0_a2p1_f2p2_d2p2_zicsr2p0_zifencei2p0_zmmul1p0_zba1p0_zbb1p0_zbc1p0_zbs1p0
core   0: 0x0000000080004000 (0x0080006f) j       pc + 0x8
core   0: 3 0x0000000080004000 (0x0080006f)
core   0: >>>>  mmode_exception_handler
core   0: 0x0000000080004008 (0x00002c17) auipc   s8, 0x2
core   0: 3 0x0000000080004008 (0x00002c17) x24 0x0000000080006008
core   0: 0x000000008000400c (0x030c0c13) addi    s8, s8, 48
core   0: 3 0x000000008000400c (0x030c0c13) x24 0x0000000080006038
core   0: 0x0000000080004010 (0x000c00e7) jalr    s8
core   0: 3 0x0000000080004010 (0x000c00e7) x1  0x0000000080004014
core   0: >>>>  any_handler
core   0: 0x0000000080006038 (0x341027f3) csrrs   a5, mepc, zero
core   0: 3 0x0000000080006038 (0x341027f3) x15 0x00000000800056fe
core   0: 0x000000008000603c (0x34202773) csrrs   a4, mcause, zero
core   0: 3 0x000000008000603c (0x34202773) x14 0x0000000000000002
core   0: 0x0000000080006040 (0x142026f3) csrrs   a3, scause, zero
core   0: 3 0x0000000080006040 (0x142026f3) x13 0x0000000000000000
core   0: 0x0000000080006044 (0x30402673) csrrs   a2, mie, zero
core   0: 3 0x0000000080006044 (0x30402673) x12 0x0000000000000a00
core   0: 0x0000000080006048 (0x344025f3) csrrs   a1, mip, zero
core   0: 3 0x0000000080006048 (0x344025f3) x11 0x0000000000000080
core   0: 0x000000008000604c (0x343025f3) csrrs   a1, mtval, zero
core   0: 3 0x000000008000604c (0x343025f3) x11 0x00000000c21afa53
core   0: 0x0000000080006050 (0x14302573) csrrs   a0, stval, zero
core   0: 3 0x0000000080006050 (0x14302573) x10 0x0000000000000000
core   0: 0x0000000080006054 (0xb02024f3) csrrs   s1, minstret, zero
core   0: 3 0x0000000080006054 (0xb02024f3) x9  0x0000000000000f69
core   0: 0x0000000080006058 (0x0000a811) c.j     pc + 20
core   0: 3 0x0000000080006058 (0xa811)
core   0: >>>>  mepc_4
core   0: 0x000000008000606c (0x00000791) c.addi  a5, 4
core   0: 3 0x000000008000606c (0x0791) x15 0x0000000080005702
core   0: 0x000000008000606e (0x34179073) csrrw   zero, mepc, a5
core   0: 3 0x000000008000606e (0x34179073) c833_mepc 0x0000000080005702
core   0: 0x0000000080006072 (0x30200073) mret
core   0: 3 0x0000000080006072 (0x30200073) c768_mstatus 0x8000000a00106080
core   0: 0x0000000080005702 (0x0068c6b3) xor     a3, a7, t1
core   0: 1 0x0000000080005702 (0x0068c6b3) x13 0x00000000212bbb0d
core   0: 0x0000000080005706 (0x00191973) csrrw   s2, fflags, s2
core   0: 1 0x0000000080005706 (0x00191973) x18 0x0000000000000011 c1_fflags 0x0000000000000000
core   0: 0x000000008000570a (0x405e0633) sub     a2, t3, t0
core   0: 1 0x000000008000570a (0x405e0633) x12 0x0000000000000000
core   0: 0x000000008000570e (0x001d9e73) csrrw   t3, fflags, s11
core   0: 1 0x000000008000570e (0x001d9e73) x28 0x0000000000000000 c1_fflags 0x0000000000000000
core   0: 0x0000000080005712 (0xf373f0c7) fmsub.d ft1, ft7, fs7, ft10
core   0: exception trap_illegal_instruction, epc 0x0000000080005712
core   0:           tval 0x00000000f373f0c7
core   0: >>>>  $xrv64i2p1_m2p0_a2p1_f2p2_d2p2_zicsr2p0_zifencei2p0_zmmul1p0_zba1p0_zbb1p0_zbc1p0_zbs1p0
core   0: 0x0000000080004000 (0x0080006f) j       pc + 0x8
core   0: 3 0x0000000080004000 (0x0080006f)
core   0: >>>>  mmode_exception_handler
core   0: 0x0000000080004008 (0x00002c17) auipc   s8, 0x2
core   0: 3 0x0000000080004008 (0x00002c17) x24 0x0000000080006008
core   0: 0x000000008000400c (0x030c0c13) addi    s8, s8, 48
core   0: 3 0x000000008000400c (0x030c0c13) x24 0x0000000080006038
core   0: 0x0000000080004010 (0x000c00e7) jalr    s8
core   0: 3 0x0000000080004010 (0x000c00e7) x1  0x0000000080004014
core   0: >>>>  any_handler
core   0: 0x0000000080006038 (0x341027f3) csrrs   a5, mepc, zero
core   0: 3 0x0000000080006038 (0x341027f3) x15 0x0000000080005712
core   0: 0x000000008000603c (0x34202773) csrrs   a4, mcause, zero
core   0: 3 0x000000008000603c (0x34202773) x14 0x0000000000000002
core   0: 0x0000000080006040 (0x142026f3) csrrs   a3, scause, zero
core   0: 3 0x0000000080006040 (0x142026f3) x13 0x0000000000000000
core   0: 0x0000000080006044 (0x30402673) csrrs   a2, mie, zero
core   0: 3 0x0000000080006044 (0x30402673) x12 0x0000000000000a00
core   0: 0x0000000080006048 (0x344025f3) csrrs   a1, mip, zero
core   0: 3 0x0000000080006048 (0x344025f3) x11 0x0000000000000080
core   0: 0x000000008000604c (0x343025f3) csrrs   a1, mtval, zero
core   0: 3 0x000000008000604c (0x343025f3) x11 0x00000000f373f0c7
core   0: 0x0000000080006050 (0x14302573) csrrs   a0, stval, zero
core   0: 3 0x0000000080006050 (0x14302573) x10 0x0000000000000000
core   0: 0x0000000080006054 (0xb02024f3) csrrs   s1, minstret, zero
core   0: 3 0x0000000080006054 (0xb02024f3) x9  0x0000000000000f7d
core   0: 0x0000000080006058 (0x0000a811) c.j     pc + 20
core   0: 3 0x0000000080006058 (0xa811)
core   0: >>>>  mepc_4
core   0: 0x000000008000606c (0x00000791) c.addi  a5, 4
core   0: 3 0x000000008000606c (0x0791) x15 0x0000000080005716
core   0: 0x000000008000606e (0x34179073) csrrw   zero, mepc, a5
core   0: 3 0x000000008000606e (0x34179073) c833_mepc 0x0000000080005716
core   0: 0x0000000080006072 (0x30200073) mret
core   0: 3 0x0000000080006072 (0x30200073) c768_mstatus 0x8000000a00106080
core   0: 0x0000000080005716 (0x12947753) fmul.d  fa4, fs0, fs1
core   0: exception trap_illegal_instruction, epc 0x0000000080005716
core   0:           tval 0x0000000012947753
core   0: >>>>  $xrv64i2p1_m2p0_a2p1_f2p2_d2p2_zicsr2p0_zifencei2p0_zmmul1p0_zba1p0_zbb1p0_zbc1p0_zbs1p0
core   0: 0x0000000080004000 (0x0080006f) j       pc + 0x8
core   0: 3 0x0000000080004000 (0x0080006f)
core   0: >>>>  mmode_exception_handler
core   0: 0x0000000080004008 (0x00002c17) auipc   s8, 0x2
core   0: 3 0x0000000080004008 (0x00002c17) x24 0x0000000080006008
core   0: 0x000000008000400c (0x030c0c13) addi    s8, s8, 48
core   0: 3 0x000000008000400c (0x030c0c13) x24 0x0000000080006038
core   0: 0x0000000080004010 (0x000c00e7) jalr    s8
core   0: 3 0x0000000080004010 (0x000c00e7) x1  0x0000000080004014
core   0: >>>>  any_handler
core   0: 0x0000000080006038 (0x341027f3) csrrs   a5, mepc, zero
core   0: 3 0x0000000080006038 (0x341027f3) x15 0x0000000080005716
core   0: 0x000000008000603c (0x34202773) csrrs   a4, mcause, zero
core   0: 3 0x000000008000603c (0x34202773) x14 0x0000000000000002
core   0: 0x0000000080006040 (0x142026f3) csrrs   a3, scause, zero
core   0: 3 0x0000000080006040 (0x142026f3) x13 0x0000000000000000
core   0: 0x0000000080006044 (0x30402673) csrrs   a2, mie, zero
core   0: 3 0x0000000080006044 (0x30402673) x12 0x0000000000000a00
core   0: 0x0000000080006048 (0x344025f3) csrrs   a1, mip, zero
core   0: 3 0x0000000080006048 (0x344025f3) x11 0x0000000000000080
core   0: 0x000000008000604c (0x343025f3) csrrs   a1, mtval, zero
core   0: 3 0x000000008000604c (0x343025f3) x11 0x0000000012947753
core   0: 0x0000000080006050 (0x14302573) csrrs   a0, stval, zero
core   0: 3 0x0000000080006050 (0x14302573) x10 0x0000000000000000
core   0: 0x0000000080006054 (0xb02024f3) csrrs   s1, minstret, zero
core   0: 3 0x0000000080006054 (0xb02024f3) x9  0x0000000000000f8d
core   0: 0x0000000080006058 (0x0000a811) c.j     pc + 20
core   0: 3 0x0000000080006058 (0xa811)
core   0: >>>>  mepc_4
core   0: 0x000000008000606c (0x00000791) c.addi  a5, 4
core   0: 3 0x000000008000606c (0x0791) x15 0x000000008000571a
core   0: 0x000000008000606e (0x34179073) csrrw   zero, mepc, a5
core   0: 3 0x000000008000606e (0x34179073) c833_mepc 0x000000008000571a
core   0: 0x0000000080006072 (0x30200073) mret
core   0: 3 0x0000000080006072 (0x30200073) c768_mstatus 0x8000000a00106080
core   0: 0x000000008000571a (0x401ff553) fcvt.s.d fa0, ft11
core   0: exception trap_illegal_instruction, epc 0x000000008000571a
core   0:           tval 0x00000000401ff553
core   0: >>>>  $xrv64i2p1_m2p0_a2p1_f2p2_d2p2_zicsr2p0_zifencei2p0_zmmul1p0_zba1p0_zbb1p0_zbc1p0_zbs1p0
core   0: 0x0000000080004000 (0x0080006f) j       pc + 0x8
core   0: 3 0x0000000080004000 (0x0080006f)
core   0: >>>>  mmode_exception_handler
core   0: 0x0000000080004008 (0x00002c17) auipc   s8, 0x2
core   0: 3 0x0000000080004008 (0x00002c17) x24 0x0000000080006008
core   0: 0x000000008000400c (0x030c0c13) addi    s8, s8, 48
core   0: 3 0x000000008000400c (0x030c0c13) x24 0x0000000080006038
core   0: 0x0000000080004010 (0x000c00e7) jalr    s8
core   0: 3 0x0000000080004010 (0x000c00e7) x1  0x0000000080004014
core   0: >>>>  any_handler
core   0: 0x0000000080006038 (0x341027f3) csrrs   a5, mepc, zero
core   0: 3 0x0000000080006038 (0x341027f3) x15 0x000000008000571a
core   0: 0x000000008000603c (0x34202773) csrrs   a4, mcause, zero
core   0: 3 0x000000008000603c (0x34202773) x14 0x0000000000000002
core   0: 0x0000000080006040 (0x142026f3) csrrs   a3, scause, zero
core   0: 3 0x0000000080006040 (0x142026f3) x13 0x0000000000000000
core   0: 0x0000000080006044 (0x30402673) csrrs   a2, mie, zero
core   0: 3 0x0000000080006044 (0x30402673) x12 0x0000000000000a00
core   0: 0x0000000080006048 (0x344025f3) csrrs   a1, mip, zero
core   0: 3 0x0000000080006048 (0x344025f3) x11 0x0000000000000080
core   0: 0x000000008000604c (0x343025f3) csrrs   a1, mtval, zero
core   0: 3 0x000000008000604c (0x343025f3) x11 0x00000000401ff553
core   0: 0x0000000080006050 (0x14302573) csrrs   a0, stval, zero
core   0: 3 0x0000000080006050 (0x14302573) x10 0x0000000000000000
core   0: 0x0000000080006054 (0xb02024f3) csrrs   s1, minstret, zero
core   0: 3 0x0000000080006054 (0xb02024f3) x9  0x0000000000000f9d
core   0: 0x0000000080006058 (0x0000a811) c.j     pc + 20
core   0: 3 0x0000000080006058 (0xa811)
core   0: >>>>  mepc_4
core   0: 0x000000008000606c (0x00000791) c.addi  a5, 4
core   0: 3 0x000000008000606c (0x0791) x15 0x000000008000571e
core   0: 0x000000008000606e (0x34179073) csrrw   zero, mepc, a5
core   0: 3 0x000000008000606e (0x34179073) c833_mepc 0x000000008000571e
core   0: 0x0000000080006072 (0x30200073) mret
core   0: 3 0x0000000080006072 (0x30200073) c768_mstatus 0x8000000a00106080
core   0: 0x000000008000571e (0x403ad8bb) sraw    a7, s5, gp
core   0: 1 0x000000008000571e (0x403ad8bb) x17 0x0000000000000000
core   0: 0x0000000080005722 (0x00219873) csrrw   a6, frm, gp
core   0: 1 0x0000000080005722 (0x00219873) x16 0x0000000000000005 c2_frm 0x0000000000000004
core   0: 0x0000000080005726 (0x31aab317) auipc   t1, 0x31aab
core   0: 1 0x0000000080005726 (0x31aab317) x6  0x00000000b1ab0726
core   0: 0x000000008000572a (0xf1307cf3) csrrci  s9, mimpid, 0
core   0: exception trap_illegal_instruction, epc 0x000000008000572a
core   0:           tval 0x00000000f1307cf3
core   0: >>>>  $xrv64i2p1_m2p0_a2p1_f2p2_d2p2_zicsr2p0_zifencei2p0_zmmul1p0_zba1p0_zbb1p0_zbc1p0_zbs1p0
core   0: 0x0000000080004000 (0x0080006f) j       pc + 0x8
core   0: 3 0x0000000080004000 (0x0080006f)
core   0: >>>>  mmode_exception_handler
core   0: 0x0000000080004008 (0x00002c17) auipc   s8, 0x2
core   0: 3 0x0000000080004008 (0x00002c17) x24 0x0000000080006008
core   0: 0x000000008000400c (0x030c0c13) addi    s8, s8, 48
core   0: 3 0x000000008000400c (0x030c0c13) x24 0x0000000080006038
core   0: 0x0000000080004010 (0x000c00e7) jalr    s8
core   0: 3 0x0000000080004010 (0x000c00e7) x1  0x0000000080004014
core   0: >>>>  any_handler
core   0: 0x0000000080006038 (0x341027f3) csrrs   a5, mepc, zero
core   0: 3 0x0000000080006038 (0x341027f3) x15 0x000000008000572a
core   0: 0x000000008000603c (0x34202773) csrrs   a4, mcause, zero
core   0: 3 0x000000008000603c (0x34202773) x14 0x0000000000000002
core   0: 0x0000000080006040 (0x142026f3) csrrs   a3, scause, zero
core   0: 3 0x0000000080006040 (0x142026f3) x13 0x0000000000000000
core   0: 0x0000000080006044 (0x30402673) csrrs   a2, mie, zero
core   0: 3 0x0000000080006044 (0x30402673) x12 0x0000000000000a00
core   0: 0x0000000080006048 (0x344025f3) csrrs   a1, mip, zero
core   0: 3 0x0000000080006048 (0x344025f3) x11 0x0000000000000080
core   0: 0x000000008000604c (0x343025f3) csrrs   a1, mtval, zero
core   0: 3 0x000000008000604c (0x343025f3) x11 0x00000000f1307cf3
core   0: 0x0000000080006050 (0x14302573) csrrs   a0, stval, zero
core   0: 3 0x0000000080006050 (0x14302573) x10 0x0000000000000000
core   0: 0x0000000080006054 (0xb02024f3) csrrs   s1, minstret, zero
core   0: 3 0x0000000080006054 (0xb02024f3) x9  0x0000000000000fb0
core   0: 0x0000000080006058 (0x0000a811) c.j     pc + 20
core   0: 3 0x0000000080006058 (0xa811)
core   0: >>>>  mepc_4
core   0: 0x000000008000606c (0x00000791) c.addi  a5, 4
core   0: 3 0x000000008000606c (0x0791) x15 0x000000008000572e
core   0: 0x000000008000606e (0x34179073) csrrw   zero, mepc, a5
core   0: 3 0x000000008000606e (0x34179073) c833_mepc 0x000000008000572e
core   0: 0x0000000080006072 (0x30200073) mret
core   0: 3 0x0000000080006072 (0x30200073) c768_mstatus 0x8000000a00106080
core   0: 0x000000008000572e (0xf1463673) csrrc   a2, mhartid, a2
core   0: exception trap_illegal_instruction, epc 0x000000008000572e
core   0:           tval 0x00000000f1463673
core   0: >>>>  $xrv64i2p1_m2p0_a2p1_f2p2_d2p2_zicsr2p0_zifencei2p0_zmmul1p0_zba1p0_zbb1p0_zbc1p0_zbs1p0
core   0: 0x0000000080004000 (0x0080006f) j       pc + 0x8
core   0: 3 0x0000000080004000 (0x0080006f)
core   0: >>>>  mmode_exception_handler
core   0: 0x0000000080004008 (0x00002c17) auipc   s8, 0x2
core   0: 3 0x0000000080004008 (0x00002c17) x24 0x0000000080006008
core   0: 0x000000008000400c (0x030c0c13) addi    s8, s8, 48
core   0: 3 0x000000008000400c (0x030c0c13) x24 0x0000000080006038
core   0: 0x0000000080004010 (0x000c00e7) jalr    s8
core   0: 3 0x0000000080004010 (0x000c00e7) x1  0x0000000080004014
core   0: >>>>  any_handler
core   0: 0x0000000080006038 (0x341027f3) csrrs   a5, mepc, zero
core   0: 3 0x0000000080006038 (0x341027f3) x15 0x000000008000572e
core   0: 0x000000008000603c (0x34202773) csrrs   a4, mcause, zero
core   0: 3 0x000000008000603c (0x34202773) x14 0x0000000000000002
core   0: 0x0000000080006040 (0x142026f3) csrrs   a3, scause, zero
core   0: 3 0x0000000080006040 (0x142026f3) x13 0x0000000000000000
core   0: 0x0000000080006044 (0x30402673) csrrs   a2, mie, zero
core   0: 3 0x0000000080006044 (0x30402673) x12 0x0000000000000a00
core   0: 0x0000000080006048 (0x344025f3) csrrs   a1, mip, zero
core   0: 3 0x0000000080006048 (0x344025f3) x11 0x0000000000000080
core   0: 0x000000008000604c (0x343025f3) csrrs   a1, mtval, zero
core   0: 3 0x000000008000604c (0x343025f3) x11 0x00000000f1463673
core   0: 0x0000000080006050 (0x14302573) csrrs   a0, stval, zero
core   0: 3 0x0000000080006050 (0x14302573) x10 0x0000000000000000
core   0: 0x0000000080006054 (0xb02024f3) csrrs   s1, minstret, zero
core   0: 3 0x0000000080006054 (0xb02024f3) x9  0x0000000000000fc0
core   0: 0x0000000080006058 (0x0000a811) c.j     pc + 20
core   0: 3 0x0000000080006058 (0xa811)
core   0: >>>>  mepc_4
core   0: 0x000000008000606c (0x00000791) c.addi  a5, 4
core   0: 3 0x000000008000606c (0x0791) x15 0x0000000080005732
core   0: 0x000000008000606e (0x34179073) csrrw   zero, mepc, a5
core   0: 3 0x000000008000606e (0x34179073) c833_mepc 0x0000000080005732
core   0: 0x0000000080006072 (0x30200073) mret
core   0: 3 0x0000000080006072 (0x30200073) c768_mstatus 0x8000000a00106080
core   0: 0x0000000080005732 (0xc0c01717) auipc   a4, 0xc0c01
core   0: 1 0x0000000080005732 (0xc0c01717) x14 0x0000000040c06732
core   0: 0x0000000080005736 (0x0213513b) divuw   sp, t1, ra
core   0: 1 0x0000000080005736 (0x0213513b) x2  0x0000000000000001
core   0: 0x000000008000573a (0x001e99f3) csrrw   s3, fflags, t4
core   0: 1 0x000000008000573a (0x001e99f3) x19 0x0000000000000000 c1_fflags 0x0000000000000000
core   0: 0x000000008000573e (0x3422b473) csrrc   s0, mcause, t0
core   0: exception trap_illegal_instruction, epc 0x000000008000573e
core   0:           tval 0x000000003422b473
core   0: >>>>  $xrv64i2p1_m2p0_a2p1_f2p2_d2p2_zicsr2p0_zifencei2p0_zmmul1p0_zba1p0_zbb1p0_zbc1p0_zbs1p0
core   0: 0x0000000080004000 (0x0080006f) j       pc + 0x8
core   0: 3 0x0000000080004000 (0x0080006f)
core   0: >>>>  mmode_exception_handler
core   0: 0x0000000080004008 (0x00002c17) auipc   s8, 0x2
core   0: 3 0x0000000080004008 (0x00002c17) x24 0x0000000080006008
core   0: 0x000000008000400c (0x030c0c13) addi    s8, s8, 48
core   0: 3 0x000000008000400c (0x030c0c13) x24 0x0000000080006038
core   0: 0x0000000080004010 (0x000c00e7) jalr    s8
core   0: 3 0x0000000080004010 (0x000c00e7) x1  0x0000000080004014
core   0: >>>>  any_handler
core   0: 0x0000000080006038 (0x341027f3) csrrs   a5, mepc, zero
core   0: 3 0x0000000080006038 (0x341027f3) x15 0x000000008000573e
core   0: 0x000000008000603c (0x34202773) csrrs   a4, mcause, zero
core   0: 3 0x000000008000603c (0x34202773) x14 0x0000000000000002
core   0: 0x0000000080006040 (0x142026f3) csrrs   a3, scause, zero
core   0: 3 0x0000000080006040 (0x142026f3) x13 0x0000000000000000
core   0: 0x0000000080006044 (0x30402673) csrrs   a2, mie, zero
core   0: 3 0x0000000080006044 (0x30402673) x12 0x0000000000000a00
core   0: 0x0000000080006048 (0x344025f3) csrrs   a1, mip, zero
core   0: 3 0x0000000080006048 (0x344025f3) x11 0x0000000000000080
core   0: 0x000000008000604c (0x343025f3) csrrs   a1, mtval, zero
core   0: 3 0x000000008000604c (0x343025f3) x11 0x000000003422b473
core   0: 0x0000000080006050 (0x14302573) csrrs   a0, stval, zero
core   0: 3 0x0000000080006050 (0x14302573) x10 0x0000000000000000
core   0: 0x0000000080006054 (0xb02024f3) csrrs   s1, minstret, zero
core   0: 3 0x0000000080006054 (0xb02024f3) x9  0x0000000000000fd3
core   0: 0x0000000080006058 (0x0000a811) c.j     pc + 20
core   0: 3 0x0000000080006058 (0xa811)
core   0: >>>>  mepc_4
core   0: 0x000000008000606c (0x00000791) c.addi  a5, 4
core   0: 3 0x000000008000606c (0x0791) x15 0x0000000080005742
core   0: 0x000000008000606e (0x34179073) csrrw   zero, mepc, a5
core   0: 3 0x000000008000606e (0x34179073) c833_mepc 0x0000000080005742
core   0: 0x0000000080006072 (0x30200073) mret
core   0: 3 0x0000000080006072 (0x30200073) c768_mstatus 0x8000000a00106080
core   0: 0x0000000080005742 (0x343353f3) csrrwi  t2, mtval, 6
core   0: exception trap_illegal_instruction, epc 0x0000000080005742
core   0:           tval 0x00000000343353f3
core   0: >>>>  $xrv64i2p1_m2p0_a2p1_f2p2_d2p2_zicsr2p0_zifencei2p0_zmmul1p0_zba1p0_zbb1p0_zbc1p0_zbs1p0
core   0: 0x0000000080004000 (0x0080006f) j       pc + 0x8
core   0: 3 0x0000000080004000 (0x0080006f)
core   0: >>>>  mmode_exception_handler
core   0: 0x0000000080004008 (0x00002c17) auipc   s8, 0x2
core   0: 3 0x0000000080004008 (0x00002c17) x24 0x0000000080006008
core   0: 0x000000008000400c (0x030c0c13) addi    s8, s8, 48
core   0: 3 0x000000008000400c (0x030c0c13) x24 0x0000000080006038
core   0: 0x0000000080004010 (0x000c00e7) jalr    s8
core   0: 3 0x0000000080004010 (0x000c00e7) x1  0x0000000080004014
core   0: >>>>  any_handler
core   0: 0x0000000080006038 (0x341027f3) csrrs   a5, mepc, zero
core   0: 3 0x0000000080006038 (0x341027f3) x15 0x0000000080005742
core   0: 0x000000008000603c (0x34202773) csrrs   a4, mcause, zero
core   0: 3 0x000000008000603c (0x34202773) x14 0x0000000000000002
core   0: 0x0000000080006040 (0x142026f3) csrrs   a3, scause, zero
core   0: 3 0x0000000080006040 (0x142026f3) x13 0x0000000000000000
core   0: 0x0000000080006044 (0x30402673) csrrs   a2, mie, zero
core   0: 3 0x0000000080006044 (0x30402673) x12 0x0000000000000a00
core   0: 0x0000000080006048 (0x344025f3) csrrs   a1, mip, zero
core   0: 3 0x0000000080006048 (0x344025f3) x11 0x0000000000000080
core   0: 0x000000008000604c (0x343025f3) csrrs   a1, mtval, zero
core   0: 3 0x000000008000604c (0x343025f3) x11 0x00000000343353f3
core   0: 0x0000000080006050 (0x14302573) csrrs   a0, stval, zero
core   0: 3 0x0000000080006050 (0x14302573) x10 0x0000000000000000
core   0: 0x0000000080006054 (0xb02024f3) csrrs   s1, minstret, zero
core   0: 3 0x0000000080006054 (0xb02024f3) x9  0x0000000000000fe3
core   0: 0x0000000080006058 (0x0000a811) c.j     pc + 20
core   0: 3 0x0000000080006058 (0xa811)
core   0: >>>>  mepc_4
core   0: 0x000000008000606c (0x00000791) c.addi  a5, 4
core   0: 3 0x000000008000606c (0x0791) x15 0x0000000080005746
core   0: 0x000000008000606e (0x34179073) csrrw   zero, mepc, a5
core   0: 3 0x000000008000606e (0x34179073) c833_mepc 0x0000000080005746
core   0: 0x0000000080006072 (0x30200073) mret
core   0: 3 0x0000000080006072 (0x30200073) c768_mstatus 0x8000000a00106080
core   0: 0x0000000080005746 (0x00181cf3) csrrw   s9, fflags, a6
core   0: 1 0x0000000080005746 (0x00181cf3) x25 0x0000000000000000 c1_fflags 0x0000000000000005
core   0: 0x000000008000574a (0x0a4bf253) fsub.d  ft4, fs7, ft4
core   0: 1 0x000000008000574a (0x0a4bf253) f4  0x7ff8000000000000
core   0: 0x000000008000574e (0x406209b3) sub     s3, tp, t1
core   0: 1 0x000000008000574e (0x406209b3) x19 0xffffffff4e54f8da
core   0: 0x0000000080005752 (0xd21500d3) fcvt.d.wu ft1, a0
core   0: 1 0x0000000080005752 (0xd21500d3) f1  0x0000000000000000
core   0: 0x0000000080005756 (0xd22cf6d3) fcvt.d.l fa3, s9
core   0: 1 0x0000000080005756 (0xd22cf6d3) f13 0x0000000000000000
core   0: 0x000000008000575a (0x41150d3b) subw    s10, a0, a7
core   0: 1 0x000000008000575a (0x41150d3b) x26 0x0000000000000000
core   0: 0x000000008000575e (0xf2088653) fmv.d.x fa2, a7
core   0: 1 0x000000008000575e (0xf2088653) f12 0x0000000000000000
core   0: 0x0000000080005762 (0xf11d1173) csrrw   sp, mvendorid, s10
core   0: exception trap_illegal_instruction, epc 0x0000000080005762
core   0:           tval 0x00000000f11d1173
core   0: >>>>  $xrv64i2p1_m2p0_a2p1_f2p2_d2p2_zicsr2p0_zifencei2p0_zmmul1p0_zba1p0_zbb1p0_zbc1p0_zbs1p0
core   0: 0x0000000080004000 (0x0080006f) j       pc + 0x8
core   0: 3 0x0000000080004000 (0x0080006f)
core   0: >>>>  mmode_exception_handler
core   0: 0x0000000080004008 (0x00002c17) auipc   s8, 0x2
core   0: 3 0x0000000080004008 (0x00002c17) x24 0x0000000080006008
core   0: 0x000000008000400c (0x030c0c13) addi    s8, s8, 48
core   0: 3 0x000000008000400c (0x030c0c13) x24 0x0000000080006038
core   0: 0x0000000080004010 (0x000c00e7) jalr    s8
core   0: 3 0x0000000080004010 (0x000c00e7) x1  0x0000000080004014
core   0: >>>>  any_handler
core   0: 0x0000000080006038 (0x341027f3) csrrs   a5, mepc, zero
core   0: 3 0x0000000080006038 (0x341027f3) x15 0x0000000080005762
core   0: 0x000000008000603c (0x34202773) csrrs   a4, mcause, zero
core   0: 3 0x000000008000603c (0x34202773) x14 0x0000000000000002
core   0: 0x0000000080006040 (0x142026f3) csrrs   a3, scause, zero
core   0: 3 0x0000000080006040 (0x142026f3) x13 0x0000000000000000
core   0: 0x0000000080006044 (0x30402673) csrrs   a2, mie, zero
core   0: 3 0x0000000080006044 (0x30402673) x12 0x0000000000000a00
core   0: 0x0000000080006048 (0x344025f3) csrrs   a1, mip, zero
core   0: 3 0x0000000080006048 (0x344025f3) x11 0x0000000000000080
core   0: 0x000000008000604c (0x343025f3) csrrs   a1, mtval, zero
core   0: 3 0x000000008000604c (0x343025f3) x11 0x00000000f11d1173
core   0: 0x0000000080006050 (0x14302573) csrrs   a0, stval, zero
core   0: 3 0x0000000080006050 (0x14302573) x10 0x0000000000000000
core   0: 0x0000000080006054 (0xb02024f3) csrrs   s1, minstret, zero
core   0: 3 0x0000000080006054 (0xb02024f3) x9  0x0000000000000ffa
core   0: 0x0000000080006058 (0x0000a811) c.j     pc + 20
core   0: 3 0x0000000080006058 (0xa811)
core   0: >>>>  mepc_4
core   0: 0x000000008000606c (0x00000791) c.addi  a5, 4
core   0: 3 0x000000008000606c (0x0791) x15 0x0000000080005766
core   0: 0x000000008000606e (0x34179073) csrrw   zero, mepc, a5
core   0: 3 0x000000008000606e (0x34179073) c833_mepc 0x0000000080005766
core   0: 0x0000000080006072 (0x30200073) mret
core   0: 3 0x0000000080006072 (0x30200073) c768_mstatus 0x8000000a00106080
core   0: 0x0000000080005766 (0x0229f333) remu    t1, s3, sp
core   0: 1 0x0000000080005766 (0x0229f333) x6  0x0000000000000000
core   0: 0x000000008000576a (0x000e7a13) andi    s4, t3, 0
core   0: 1 0x000000008000576a (0x000e7a13) x20 0x0000000000000000
core   0: 0x000000008000576e (0xa21902d3) fle.d   t0, fs2, ft1
core   0: 1 0x000000008000576e (0xa21902d3) x5  0x0000000000000001
core   0: 0x0000000080005772 (0x01629b3b) sllw    s6, t0, s6
core   0: 1 0x0000000080005772 (0x01629b3b) x22 0x0000000000000001
core   0: 0x0000000080005776 (0x2ad494d3) fmax.d  fs1, fs1, fa3
core   0: 1 0x0000000080005776 (0x2ad494d3) f9  0x0000000000000000
core   0: 0x000000008000577a (0x22061953) fsgnjn.d fs2, fa2, ft0
core   0: 1 0x000000008000577a (0x22061953) f18 0x8000000000000000
core   0: 0x000000008000577e (0x01a150b3) srl     ra, sp, s10
core   0: 1 0x000000008000577e (0x01a150b3) x1  0x0000000000000001
core   0: 0x0000000080005782 (0x027595b3) mulh    a1, a1, t2
core   0: 1 0x0000000080005782 (0x027595b3) x11 0x0000000000000000
core   0: 0x0000000080005786 (0x005cd1b3) srl     gp, s9, t0
core   0: 1 0x0000000080005786 (0x005cd1b3) x3  0x0000000000000000
core   0: 0x000000008000578a (0x23ef8f53) fsgnj.d ft10, ft11, ft10
core   0: 1 0x000000008000578a (0x23ef8f53) f30 0xfff8000000000000
core   0: 0x000000008000578e (0x72b07bcb) fnmsub.d fs7, ft0, fa1, fa4
core   0: 1 0x000000008000578e (0x72b07bcb) f23 0x7ff8000000000000
core   0: 0x0000000080005792 (0xd23bf2d3) fcvt.d.lu ft5, s7
core   0: 1 0x0000000080005792 (0xd23bf2d3) c1_fflags 0x0000000000000005 f5  0x43f0000000000000
core   0: 0x0000000080005796 (0x02c2d533) divu    a0, t0, a2
core   0: 1 0x0000000080005796 (0x02c2d533) x10 0x0000000000000000
core   0: 0x000000008000579a (0xd222f953) fcvt.d.l fs2, t0
core   0: 1 0x000000008000579a (0xd222f953) f18 0x3ff0000000000000
core   0: 0x000000008000579e (0x0042823b) addw    tp, t0, tp
core   0: 1 0x000000008000579e (0x0042823b) x4  0x0000000000000001
core   0: 0x00000000800057a2 (0x22912153) fsgnjx.d ft2, ft2, fs1
core   0: 1 0x00000000800057a2 (0x22912153) f2  0x7ff8000000000000
core   0: 0x00000000800057a6 (0x80050713) addi    a4, a0, -2048
core   0: 1 0x00000000800057a6 (0x80050713) x14 0xfffffffffffff800
core   0: 0x00000000800057aa (0x2bde9153) fmax.d  ft2, ft9, ft9
core   0: 1 0x00000000800057aa (0x2bde9153) f2  0x7ff8000000000000
core   0: 0x00000000800057ae (0x0a367853) fsub.d  fa6, fa2, ft3
core   0: 1 0x00000000800057ae (0x0a367853) f16 0x7ff8000000000000
core   0: 0x00000000800057b2 (0x02ee8233) mul     tp, t4, a4
core   0: 1 0x00000000800057b2 (0x02ee8233) x4  0x0000000000000000
core   0: 0x00000000800057b6 (0x4047d2b3) sra     t0, a5, tp
core   0: 1 0x00000000800057b6 (0x4047d2b3) x5  0x0000000080005766
core   0: 0x00000000800057ba (0x00308a33) add     s4, ra, gp
core   0: 1 0x00000000800057ba (0x00308a33) x20 0x0000000000000001
core   0: 0x00000000800057be (0x00f2a0b3) slt     ra, t0, a5
core   0: 1 0x00000000800057be (0x00f2a0b3) x1  0x0000000000000000
core   0: 0x00000000800057c2 (0x0ff0000f) fence   iorw,iorw
core   0: 1 0x00000000800057c2 (0x0ff0000f)
core   0: 0x00000000800057c6 (0x02191333) mulh    t1, s2, ra
core   0: 1 0x00000000800057c6 (0x02191333) x6  0x0000000000000000
core   0: 0x00000000800057ca (0xd10467b7) lui     a5, 0xd1046
core   0: 1 0x00000000800057ca (0xd10467b7) x15 0xffffffffd1046000
core   0: 0x00000000800057ce (0x1297f753) fmul.d  fa4, fa5, fs1
core   0: 1 0x00000000800057ce (0x1297f753) f14 0x8000000000000000
core   0: 0x00000000800057d2 (0x029485b3) mul     a1, s1, s1
core   0: 1 0x00000000800057d2 (0x029485b3) x11 0x0000000000ff4024
core   0: 0x00000000800057d6 (0xf8c18037) lui     zero, 0xf8c18
core   0: 1 0x00000000800057d6 (0xf8c18037)
core   0: 0x00000000800057da (0x1fd0001b) addiw   zero, zero, 509
core   0: 1 0x00000000800057da (0x1fd0001b)
core   0: 0x00000000800057de (0x00c01013) slli    zero, zero, 12
core   0: 1 0x00000000800057de (0x00c01013)
core   0: 0x00000000800057e2 (0xd7f00013) li      zero, -641
core   0: 1 0x00000000800057e2 (0xd7f00013)
core   0: 0x00000000800057e6 (0x017ece33) xor     t3, t4, s7
core   0: 1 0x00000000800057e6 (0x017ece33) x28 0xffffffffffffffff
core   0: 0x00000000800057ea (0x0008d393) srli    t2, a7, 0
core   0: 1 0x00000000800057ea (0x0008d393) x7  0x0000000000000000
core   0: 0x00000000800057ee (0x40045e13) srai    t3, s0, 0
core   0: 1 0x00000000800057ee (0x40045e13) x28 0x0000000000000000
core   0: 0x00000000800057f2 (0x014e8ebb) addw    t4, t4, s4
core   0: 1 0x00000000800057f2 (0x014e8ebb) x29 0x0000000000000001
core   0: 0x00000000800057f6 (0x2b980f53) fmin.d  ft10, fa6, fs9
core   0: 1 0x00000000800057f6 (0x2b980f53) f30 0x40aa1a0000000000
core   0: 0x00000000800057fa (0x000724b3) slt     s1, a4, zero
core   0: 1 0x00000000800057fa (0x000724b3) x9  0x0000000000000001
core   0: 0x00000000800057fe (0x7ffec393) xori    t2, t4, 2047
core   0: 1 0x00000000800057fe (0x7ffec393) x7  0x00000000000007fe
core   0: 0x0000000080005802 (0x00008391) c.srli  a5, 4
core   0: 1 0x0000000080005802 (0x8391) x15 0x0ffffffffd104600
core   0: 0x0000000080005804 (0xa2b70ed3) fle.d   t4, fa4, fa1
core   0: 1 0x0000000080005804 (0xa2b70ed3) x29 0x0000000000000001
core   0: 0x0000000080005808 (0xa0b74893) xori    a7, a4, -1525
core   0: 1 0x0000000080005808 (0xa0b74893) x17 0x000000000000020b
core   0: 0x000000008000580c (0x036895b3) mulh    a1, a7, s6
core   0: 1 0x000000008000580c (0x036895b3) x11 0x0000000000000000
core   0: 0x0000000080005810 (0x003b8733) add     a4, s7, gp
core   0: 1 0x0000000080005810 (0x003b8733) x14 0xffffffffffffffff
core   0: 0x0000000080005814 (0x12957643) fmadd.d fa2, fa0, fs1, ft2
core   0: 1 0x0000000080005814 (0x12957643) f12 0x7ff8000000000000
core   0: 0x0000000080005818 (0x2ac48253) fmin.d  ft4, fs1, fa2
core   0: 1 0x0000000080005818 (0x2ac48253) f4  0x0000000000000000
core   0: 0x000000008000581c (0xe20a8353) fmv.x.d t1, fs5
core   0: 1 0x000000008000581c (0xe20a8353) x6  0x0000000000000000
core   0: 0x0000000080005820 (0x4013093b) subw    s2, t1, ra
core   0: 1 0x0000000080005820 (0x4013093b) x18 0x0000000000000000
core   0: 0x0000000080005824 (0x0ff0000f) fence   iorw,iorw
core   0: 1 0x0000000080005824 (0x0ff0000f)
core   0: 0x0000000080005828 (0xd2090cd3) fcvt.d.w fs9, s2
core   0: 1 0x0000000080005828 (0xd2090cd3) f25 0x0000000000000000
core   0: 0x000000008000582c (0x23b39dd3) fsgnjn.d fs11, ft7, fs11
core   0: 1 0x000000008000582c (0x23b39dd3) f27 0xfff8000000000000
core   0: 0x0000000080005830 (0x0056ecb7) lui     s9, 0x56e
core   0: 1 0x0000000080005830 (0x0056ecb7) x25 0x000000000056e000
core   0: 0x0000000080005834 (0xbdbc8c9b) addiw   s9, s9, -1061
core   0: 1 0x0000000080005834 (0xbdbc8c9b) x25 0x000000000056dbdb
core   0: 0x0000000080005838 (0x00000cba) c.slli  s9, 14
core   0: 1 0x0000000080005838 (0x0cba) x25 0x00000015b6f6c000
core   0: 0x000000008000583a (0x3bfc8c93) addi    s9, s9, 959
core   0: 1 0x000000008000583a (0x3bfc8c93) x25 0x00000015b6f6c3bf
core   0: 0x000000008000583e (0x039c8e33) mul     t3, s9, s9
core   0: 1 0x000000008000583e (0x039c8e33) x28 0x873fe9865cc08881
core   0: 0x0000000080005842 (0xd239f153) fcvt.d.lu ft2, s3
core   0: 1 0x0000000080005842 (0xd239f153) c1_fflags 0x0000000000000005 f2  0x43efffffffe9ca9f
core   0: 0x0000000080005846 (0x5a0075d3) fsqrt.d fa1, ft0
core   0: 1 0x0000000080005846 (0x5a0075d3) f11 0x7ff8000000000000
core   0: 0x000000008000584a (0xed648793) addi    a5, s1, -298
core   0: 1 0x000000008000584a (0xed648793) x15 0xfffffffffffffed7
core   0: 0x000000008000584e (0xd2098e53) fcvt.d.w ft8, s3
core   0: 1 0x000000008000584e (0xd2098e53) f28 0x41d3953e36800000
core   0: 0x0000000080005852 (0x034a1a33) mulh    s4, s4, s4
core   0: 1 0x0000000080005852 (0x034a1a33) x20 0x0000000000000000
core   0: 0x0000000080005856 (0x4011d39b) sraiw   t2, gp, 1
core   0: 1 0x0000000080005856 (0x4011d39b) x7  0x0000000000000000
core   0: 0x000000008000585a (0x3be86993) ori     s3, a6, 958
core   0: 1 0x000000008000585a (0x3be86993) x19 0x00000000000003bf
core   0: 0x000000008000585e (0x2ac801d3) fmin.d  ft3, fa6, fa2
core   0: 1 0x000000008000585e (0x2ac801d3) f3  0x7ff8000000000000
core   0: 0x0000000080005862 (0x0068dd9b) srliw   s11, a7, 6
core   0: 1 0x0000000080005862 (0x0068dd9b) x27 0x0000000000000008
core   0: 0x0000000080005866 (0xc0252473) csrrs   s0, instret, a0
core   0: exception trap_illegal_instruction, epc 0x0000000080005866
core   0:           tval 0x00000000c0252473
core   0: >>>>  $xrv64i2p1_m2p0_a2p1_f2p2_d2p2_zicsr2p0_zifencei2p0_zmmul1p0_zba1p0_zbb1p0_zbc1p0_zbs1p0
core   0: 0x0000000080004000 (0x0080006f) j       pc + 0x8
core   0: 3 0x0000000080004000 (0x0080006f)
core   0: >>>>  mmode_exception_handler
core   0: 0x0000000080004008 (0x00002c17) auipc   s8, 0x2
core   0: 3 0x0000000080004008 (0x00002c17) x24 0x0000000080006008
core   0: 0x000000008000400c (0x030c0c13) addi    s8, s8, 48
core   0: 3 0x000000008000400c (0x030c0c13) x24 0x0000000080006038
core   0: 0x0000000080004010 (0x000c00e7) jalr    s8
core   0: 3 0x0000000080004010 (0x000c00e7) x1  0x0000000080004014
core   0: >>>>  any_handler
core   0: 0x0000000080006038 (0x341027f3) csrrs   a5, mepc, zero
core   0: 3 0x0000000080006038 (0x341027f3) x15 0x0000000080005866
core   0: 0x000000008000603c (0x34202773) csrrs   a4, mcause, zero
core   0: 3 0x000000008000603c (0x34202773) x14 0x0000000000000002
core   0: 0x0000000080006040 (0x142026f3) csrrs   a3, scause, zero
core   0: 3 0x0000000080006040 (0x142026f3) x13 0x0000000000000000
core   0: 0x0000000080006044 (0x30402673) csrrs   a2, mie, zero
core   0: 3 0x0000000080006044 (0x30402673) x12 0x0000000000000a00
core   0: 0x0000000080006048 (0x344025f3) csrrs   a1, mip, zero
core   0: 3 0x0000000080006048 (0x344025f3) x11 0x0000000000000080
core   0: 0x000000008000604c (0x343025f3) csrrs   a1, mtval, zero
core   0: 3 0x000000008000604c (0x343025f3) x11 0x00000000c0252473
core   0: 0x0000000080006050 (0x14302573) csrrs   a0, stval, zero
core   0: 3 0x0000000080006050 (0x14302573) x10 0x0000000000000000
core   0: 0x0000000080006054 (0xb02024f3) csrrs   s1, minstret, zero
core   0: 3 0x0000000080006054 (0xb02024f3) x9  0x000000000000104b
core   0: 0x0000000080006058 (0x0000a811) c.j     pc + 20
core   0: 3 0x0000000080006058 (0xa811)
core   0: >>>>  mepc_4
core   0: 0x000000008000606c (0x00000791) c.addi  a5, 4
core   0: 3 0x000000008000606c (0x0791) x15 0x000000008000586a
core   0: 0x000000008000606e (0x34179073) csrrw   zero, mepc, a5
core   0: 3 0x000000008000606e (0x34179073) c833_mepc 0x000000008000586a
core   0: 0x0000000080006072 (0x30200073) mret
core   0: 3 0x0000000080006072 (0x30200073) c768_mstatus 0x8000000a00106080
core   0: 0x000000008000586a (0x229c90d3) fsgnjn.d ft1, fs9, fs1
core   0: 1 0x000000008000586a (0x229c90d3) f1  0x8000000000000000
core   0: 0x000000008000586e (0x001027f3) csrrs   a5, fflags, zero
core   0: 1 0x000000008000586e (0x001027f3) x15 0x0000000000000005
core   0: 0x0000000080005872 (0x017e9593) slli    a1, t4, 23
core   0: 1 0x0000000080005872 (0x017e9593) x11 0x0000000000800000
core   0: 0x0000000080005876 (0xd3bc7513) andi    a0, s8, -709
core   0: 1 0x0000000080005876 (0xd3bc7513) x10 0x0000000080006038
core   0: 0x000000008000587a (0x026e3333) mulhu   t1, t3, t1
core   0: 1 0x000000008000587a (0x026e3333) x6  0x0000000000000000
core   0: 0x000000008000587e (0x031e48bb) divw    a7, t3, a7
core   0: 1 0x000000008000587e (0x031e48bb) x17 0x00000000002d6690
core   0: 0x0000000080005882 (0xd2130553) fcvt.d.wu fa0, t1
core   0: 1 0x0000000080005882 (0xd2130553) f10 0x0000000000000000
core   0: 0x0000000080005886 (0x05451037) lui     zero, 0x5451
core   0: 1 0x0000000080005886 (0x05451037)
core   0: 0x000000008000588a (0x9430001b) addiw   zero, zero, -1725
core   0: 1 0x000000008000588a (0x9430001b)
core   0: 0x000000008000588e (0x00c01013) slli    zero, zero, 12
core   0: 1 0x000000008000588e (0x00c01013)
core   0: 0x0000000080005892 (0xf1c00013) li      zero, -228
core   0: 1 0x0000000080005892 (0xf1c00013)
core   0: 0x0000000080005896 (0xce0a821b) addiw   tp, s5, -800
core   0: 1 0x0000000080005896 (0xce0a821b) x4  0x00000000012549cc
core   0: 0x000000008000589a (0x036cc4b3) div     s1, s9, s6
core   0: 1 0x000000008000589a (0x036cc4b3) x9  0x00000015b6f6c3bf
core   0: 0x000000008000589e (0x41985993) srai    s3, a6, 25
core   0: 1 0x000000008000589e (0x41985993) x19 0x0000000000000000
core   0: 0x00000000800058a2 (0x13c17b53) fmul.d  fs6, ft2, ft8
core   0: 1 0x00000000800058a2 (0x13c17b53) c1_fflags 0x0000000000000005 f22 0x45d3953e367268bb
core   0: 0x00000000800058a6 (0x00231af3) csrrw   s5, frm, t1
core   0: 1 0x00000000800058a6 (0x00231af3) x21 0x0000000000000004 c2_frm 0x0000000000000000
core   0: 0x00000000800058aa (0x00bc2e37) lui     t3, 0xbc2
core   0: 1 0x00000000800058aa (0x00bc2e37) x28 0x0000000000bc2000
core   0: 0x00000000800058ae (0xe7be0e1b) addiw   t3, t3, -389
core   0: 1 0x00000000800058ae (0xe7be0e1b) x28 0x0000000000bc1e7b
core   0: 0x00000000800058b2 (0x00000e32) c.slli  t3, 12
core   0: 1 0x00000000800058b2 (0x0e32) x28 0x0000000bc1e7b000
core   0: 0x00000000800058b4 (0x92ae0e13) addi    t3, t3, -1750
core   0: 1 0x00000000800058b4 (0x92ae0e13) x28 0x0000000bc1e7a92a
core   0: 0x00000000800058b8 (0x00102a73) csrrs   s4, fflags, zero
core   0: 1 0x00000000800058b8 (0x00102a73) x20 0x0000000000000005
core   0: 0x00000000800058bc (0x00000001) c.nop
core   0: 1 0x00000000800058bc (0x0001)
core   0: 0x00000000800058be (0x015a893b) addw    s2, s5, s5
core   0: 1 0x00000000800058be (0x015a893b) x18 0x0000000000000008
core   0: 0x00000000800058c2 (0x02fc4c3b) divw    s8, s8, a5
core   0: 1 0x00000000800058c2 (0x02fc4c3b) x24 0xffffffffe66679a5
core   0: 0x00000000800058c6 (0x1b6978d3) fdiv.d  fa7, fs2, fs6
core   0: 1 0x00000000800058c6 (0x1b6978d3) c1_fflags 0x0000000000000005 f17 0x3a0a2528ac06c465
core   0: 0x00000000800058ca (0x420408d3) fcvt.d.s fa7, fs0
core   0: 1 0x00000000800058ca (0x420408d3) f17 0x7ff8000000000000
core   0: 0x00000000800058ce (0x41bd033b) subw    t1, s10, s11
core   0: 1 0x00000000800058ce (0x41bd033b) x6  0xfffffffffffffff8
core   0: 0x00000000800058d2 (0x2a200553) fmin.d  fa0, ft0, ft2
core   0: 1 0x00000000800058d2 (0x2a200553) f10 0x43efffffffe9ca9f
core   0: 0x00000000800058d6 (0x007bfbb3) and     s7, s7, t2
core   0: 1 0x00000000800058d6 (0x007bfbb3) x23 0x0000000000000000
core   0: 0x00000000800058da (0x01430233) add     tp, t1, s4
core   0: 1 0x00000000800058da (0x01430233) x4  0xfffffffffffffffd
core   0: 0x00000000800058de (0x43f1dd13) srai    s10, gp, 63
core   0: 1 0x00000000800058de (0x43f1dd13) x26 0x0000000000000000
core   0: 0x00000000800058e2 (0x032d693b) remw    s2, s10, s2
core   0: 1 0x00000000800058e2 (0x032d693b) x18 0x0000000000000000
core   0: 0x00000000800058e6 (0x012cd193) srli    gp, s9, 18
core   0: 1 0x00000000800058e6 (0x012cd193) x3  0x0000000000056dbd
core   0: 0x00000000800058ea (0x01d4159b) slliw   a1, s0, 29
core   0: 1 0x00000000800058ea (0x01d4159b) x11 0x0000000000000000
core   0: 0x00000000800058ee (0x412ad933) sra     s2, s5, s2
core   0: 1 0x00000000800058ee (0x412ad933) x18 0x0000000000000004
core   0: 0x00000000800058f2 (0x222b0bd3) fsgnj.d fs7, fs6, ft2
core   0: 1 0x00000000800058f2 (0x222b0bd3) f23 0x45d3953e367268bb
core   0: 0x00000000800058f6 (0x220d1853) fsgnjn.d fa6, fs10, ft0
core   0: 1 0x00000000800058f6 (0x220d1853) f16 0xfff8000000000000
core   0: 0x00000000800058fa (0x002022f3) csrrs   t0, frm, zero
core   0: 1 0x00000000800058fa (0x002022f3) x5  0x0000000000000000
core   0: 0x00000000800058fe (0xa37b8353) fle.d   t1, fs7, fs7
core   0: 1 0x00000000800058fe (0xa37b8353) x6  0x0000000000000001
core   0: 0x0000000080005902 (0x40d88d33) sub     s10, a7, a3
core   0: 1 0x0000000080005902 (0x40d88d33) x26 0x00000000002d6690
core   0: 0x0000000080005906 (0xd20886d3) fcvt.d.w fa3, a7
core   0: 1 0x0000000080005906 (0xd20886d3) f13 0x4146b34800000000
core   0: 0x000000008000590a (0xc8105873) csrrwi  a6, timeh, 0
core   0: exception trap_illegal_instruction, epc 0x000000008000590a
core   0:           tval 0x00000000c8105873
core   0: >>>>  $xrv64i2p1_m2p0_a2p1_f2p2_d2p2_zicsr2p0_zifencei2p0_zmmul1p0_zba1p0_zbb1p0_zbc1p0_zbs1p0
core   0: 0x0000000080004000 (0x0080006f) j       pc + 0x8
core   0: 3 0x0000000080004000 (0x0080006f)
core   0: >>>>  mmode_exception_handler
core   0: 0x0000000080004008 (0x00002c17) auipc   s8, 0x2
core   0: 3 0x0000000080004008 (0x00002c17) x24 0x0000000080006008
core   0: 0x000000008000400c (0x030c0c13) addi    s8, s8, 48
core   0: 3 0x000000008000400c (0x030c0c13) x24 0x0000000080006038
core   0: 0x0000000080004010 (0x000c00e7) jalr    s8
core   0: 3 0x0000000080004010 (0x000c00e7) x1  0x0000000080004014
core   0: >>>>  any_handler
core   0: 0x0000000080006038 (0x341027f3) csrrs   a5, mepc, zero
core   0: 3 0x0000000080006038 (0x341027f3) x15 0x000000008000590a
core   0: 0x000000008000603c (0x34202773) csrrs   a4, mcause, zero
core   0: 3 0x000000008000603c (0x34202773) x14 0x0000000000000002
core   0: 0x0000000080006040 (0x142026f3) csrrs   a3, scause, zero
core   0: 3 0x0000000080006040 (0x142026f3) x13 0x0000000000000000
core   0: 0x0000000080006044 (0x30402673) csrrs   a2, mie, zero
core   0: 3 0x0000000080006044 (0x30402673) x12 0x0000000000000a00
core   0: 0x0000000080006048 (0x344025f3) csrrs   a1, mip, zero
core   0: 3 0x0000000080006048 (0x344025f3) x11 0x0000000000000080
core   0: 0x000000008000604c (0x343025f3) csrrs   a1, mtval, zero
core   0: 3 0x000000008000604c (0x343025f3) x11 0x00000000c8105873
core   0: 0x0000000080006050 (0x14302573) csrrs   a0, stval, zero
core   0: 3 0x0000000080006050 (0x14302573) x10 0x0000000000000000
core   0: 0x0000000080006054 (0xb02024f3) csrrs   s1, minstret, zero
core   0: 3 0x0000000080006054 (0xb02024f3) x9  0x0000000000001084
core   0: 0x0000000080006058 (0x0000a811) c.j     pc + 20
core   0: 3 0x0000000080006058 (0xa811)
core   0: >>>>  mepc_4
core   0: 0x000000008000606c (0x00000791) c.addi  a5, 4
core   0: 3 0x000000008000606c (0x0791) x15 0x000000008000590e
core   0: 0x000000008000606e (0x34179073) csrrw   zero, mepc, a5
core   0: 3 0x000000008000606e (0x34179073) c833_mepc 0x000000008000590e
core   0: 0x0000000080006072 (0x30200073) mret
core   0: 3 0x0000000080006072 (0x30200073) c768_mstatus 0x8000000a00106080
core   0: 0x000000008000590e (0x008a541b) srliw   s0, s4, 8
core   0: 1 0x000000008000590e (0x008a541b) x8  0x0000000000000000
core   0: 0x0000000080005912 (0x007c5a3b) srlw    s4, s8, t2
core   0: 1 0x0000000080005912 (0x007c5a3b) x20 0xffffffff80006038
core   0: 0x0000000080005916 (0x0ff0000f) fence   iorw,iorw
core   0: 1 0x0000000080005916 (0x0ff0000f)
core   0: 0x000000008000591a (0x03c8a3b3) mulhsu  t2, a7, t3
core   0: 1 0x000000008000591a (0x03c8a3b3) x7  0x0000000000000000
core   0: 0x000000008000591e (0xfb95e517) auipc   a0, 0xfb95e
core   0: 1 0x000000008000591e (0xfb95e517) x10 0x000000007b96391e
core   0: 0x0000000080005922 (0x00f517bb) sllw    a5, a0, a5
core   0: 1 0x0000000080005922 (0x00f517bb) x15 0xffffffff8e478000
core   0: 0x0000000080005926 (0x0187fc33) and     s8, a5, s8
core   0: 1 0x0000000080005926 (0x0187fc33) x24 0x0000000080000000
core   0: 0x000000008000592a (0x017c1dbb) sllw    s11, s8, s7
core   0: 1 0x000000008000592a (0x017c1dbb) x27 0xffffffff80000000
core   0: 0x000000008000592e (0x6619a437) lui     s0, 0x6619a
core   0: 1 0x000000008000592e (0x6619a437) x8  0x000000006619a000
core   0: 0x0000000080005932 (0xc04435f3) csrrc   a1, hpmcounter4, s0
core   0: exception trap_illegal_instruction, epc 0x0000000080005932
core   0:           tval 0x00000000c04435f3
core   0: >>>>  $xrv64i2p1_m2p0_a2p1_f2p2_d2p2_zicsr2p0_zifencei2p0_zmmul1p0_zba1p0_zbb1p0_zbc1p0_zbs1p0
core   0: 0x0000000080004000 (0x0080006f) j       pc + 0x8
core   0: 3 0x0000000080004000 (0x0080006f)
core   0: >>>>  mmode_exception_handler
core   0: 0x0000000080004008 (0x00002c17) auipc   s8, 0x2
core   0: 3 0x0000000080004008 (0x00002c17) x24 0x0000000080006008
core   0: 0x000000008000400c (0x030c0c13) addi    s8, s8, 48
core   0: 3 0x000000008000400c (0x030c0c13) x24 0x0000000080006038
core   0: 0x0000000080004010 (0x000c00e7) jalr    s8
core   0: 3 0x0000000080004010 (0x000c00e7) x1  0x0000000080004014
core   0: >>>>  any_handler
core   0: 0x0000000080006038 (0x341027f3) csrrs   a5, mepc, zero
core   0: 3 0x0000000080006038 (0x341027f3) x15 0x0000000080005932
core   0: 0x000000008000603c (0x34202773) csrrs   a4, mcause, zero
core   0: 3 0x000000008000603c (0x34202773) x14 0x0000000000000002
core   0: 0x0000000080006040 (0x142026f3) csrrs   a3, scause, zero
core   0: 3 0x0000000080006040 (0x142026f3) x13 0x0000000000000000
core   0: 0x0000000080006044 (0x30402673) csrrs   a2, mie, zero
core   0: 3 0x0000000080006044 (0x30402673) x12 0x0000000000000a00
core   0: 0x0000000080006048 (0x344025f3) csrrs   a1, mip, zero
core   0: 3 0x0000000080006048 (0x344025f3) x11 0x0000000000000080
core   0: 0x000000008000604c (0x343025f3) csrrs   a1, mtval, zero
core   0: 3 0x000000008000604c (0x343025f3) x11 0x00000000c04435f3
core   0: 0x0000000080006050 (0x14302573) csrrs   a0, stval, zero
core   0: 3 0x0000000080006050 (0x14302573) x10 0x0000000000000000
core   0: 0x0000000080006054 (0xb02024f3) csrrs   s1, minstret, zero
core   0: 3 0x0000000080006054 (0xb02024f3) x9  0x000000000000109d
core   0: 0x0000000080006058 (0x0000a811) c.j     pc + 20
core   0: 3 0x0000000080006058 (0xa811)
core   0: >>>>  mepc_4
core   0: 0x000000008000606c (0x00000791) c.addi  a5, 4
core   0: 3 0x000000008000606c (0x0791) x15 0x0000000080005936
core   0: 0x000000008000606e (0x34179073) csrrw   zero, mepc, a5
core   0: 3 0x000000008000606e (0x34179073) c833_mepc 0x0000000080005936
core   0: 0x0000000080006072 (0x30200073) mret
core   0: 3 0x0000000080006072 (0x30200073) c768_mstatus 0x8000000a00106080
core   0: 0x0000000080005936 (0x00151d73) csrrw   s10, fflags, a0
core   0: 1 0x0000000080005936 (0x00151d73) x26 0x0000000000000005 c1_fflags 0x0000000000000000
core   0: 0x000000008000593a (0xd23e7153) fcvt.d.lu ft2, t3
core   0: 1 0x000000008000593a (0xd23e7153) f2  0x422783cf52540000
core   0: 0x000000008000593e (0x2a780ad3) fmin.d  fs5, fa6, ft7
core   0: 1 0x000000008000593e (0x2a780ad3) f21 0x7ff8000000000000
core   0: 0x0000000080005942 (0x002021f3) csrrs   gp, frm, zero
core   0: 1 0x0000000080005942 (0x002021f3) x3  0x0000000000000000
core   0: 0x0000000080005946 (0xc21afa53) fcvt.wu.d s4, fs5
core   0: 1 0x0000000080005946 (0xc21afa53) c1_fflags 0x0000000000000010 x20 0xffffffffffffffff
core   0: 0x000000008000594a (0x001a0e33) add     t3, s4, ra
core   0: 1 0x000000008000594a (0x001a0e33) x28 0x0000000080004013
core   0: 0x000000008000594e (0x02427eb3) remu    t4, tp, tp
core   0: 1 0x000000008000594e (0x02427eb3) x29 0x0000000000000000
core   0: 0x0000000080005952 (0x0b5b75d3) fsub.d  fa1, fs6, fs5
core   0: 1 0x0000000080005952 (0x0b5b75d3) f11 0x7ff8000000000000
core   0: 0x0000000080005956 (0x029d5493) srli    s1, s10, 41
core   0: 1 0x0000000080005956 (0x029d5493) x9  0x0000000000000000
core   0: 0x000000008000595a (0x001afe93) andi    t4, s5, 1
core   0: 1 0x000000008000595a (0x001afe93) x29 0x0000000000000000
core   0: 0x000000008000595e (0x23f32353) fsgnjx.d ft6, ft6, ft11
core   0: 1 0x000000008000595e (0x23f32353) f6  0x7ff8000000000000
core   0: 0x0000000080005962 (0x013d7533) and     a0, s10, s3
core   0: 1 0x0000000080005962 (0x013d7533) x10 0x0000000000000000
core   0: 0x0000000080005966 (0x037565bb) remw    a1, a0, s7
core   0: 1 0x0000000080005966 (0x037565bb) x11 0x0000000000000000
core   0: 0x000000008000596a (0x2ae696d3) fmax.d  fa3, fa3, fa4
core   0: 1 0x000000008000596a (0x2ae696d3) f13 0x4146b34800000000
core   0: 0x000000008000596e (0xfaf50137) lui     sp, 0xfaf50
core   0: 1 0x000000008000596e (0xfaf50137) x2  0xfffffffffaf50000
core   0: 0x0000000080005972 (0xb7f1011b) addiw   sp, sp, -1153
core   0: 1 0x0000000080005972 (0xb7f1011b) x2  0xfffffffffaf4fb7f
core   0: 0x0000000080005976 (0x00000132) c.slli  sp, 12
core   0: 1 0x0000000080005976 (0x0132) x2  0xffffffaf4fb7f000
core   0: 0x0000000080005978 (0x77310113) addi    sp, sp, 1907
core   0: 1 0x0000000080005978 (0x77310113) x2  0xffffffaf4fb7f773
core   0: 0x000000008000597c (0x0003d79b) srliw   a5, t2, 0
core   0: 1 0x000000008000597c (0x0003d79b) x15 0x0000000000000000
core   0: 0x0000000080005980 (0xd2297bd3) fcvt.d.l fs7, s2
core   0: 1 0x0000000080005980 (0xd2297bd3) f23 0x4010000000000000
core   0: 0x0000000080005984 (0x02e7d73b) divuw   a4, a5, a4
core   0: 1 0x0000000080005984 (0x02e7d73b) x14 0x0000000000000000
core   0: 0x0000000080005988 (0xaa4ff247) fmsub.d ft4, ft11, ft4, fs5
core   0: 1 0x0000000080005988 (0xaa4ff247) f4  0x7ff8000000000000
core   0: 0x000000008000598c (0x410c8bb3) sub     s7, s9, a6
core   0: 1 0x000000008000598c (0x410c8bb3) x23 0x00000015b6f6c3ba
core   0: 0x0000000080005990 (0x2212a353) fsgnjx.d ft6, ft5, ft1
core   0: 1 0x0000000080005990 (0x2212a353) f6  0xc3f0000000000000
core   0: 0x0000000080005994 (0xc02d7e53) fcvt.l.s t3, fs10
core   0: 1 0x0000000080005994 (0xc02d7e53) c1_fflags 0x0000000000000010 x28 0x7fffffffffffffff
core   0: 0x0000000080005998 (0x017e083b) addw    a6, t3, s7
core   0: 1 0x0000000080005998 (0x017e083b) x16 0xffffffffb6f6c3b9
core   0: 0x000000008000599c (0xc2387253) fcvt.lu.d tp, fa6
core   0: 1 0x000000008000599c (0xc2387253) c1_fflags 0x0000000000000010 x4  0xffffffffffffffff
core   0: 0x00000000800059a0 (0xe07b4717) auipc   a4, 0xe07b4
core   0: 1 0x00000000800059a0 (0xe07b4717) x14 0x00000000607b99a0
core   0: 0x00000000800059a4 (0x0ba6fad3) fsub.d  fs5, fa3, fs10
core   0: 1 0x00000000800059a4 (0x0ba6fad3) f21 0x7ff8000000000000
core   0: 0x00000000800059a8 (0xd02dfa53) fcvt.s.l fs4, s11
core   0: 1 0x00000000800059a8 (0xd02dfa53) f20 0xffffffffcf000000
core   0: 0x00000000800059ac (0x000cdd1b) srliw   s10, s9, 0
core   0: 1 0x00000000800059ac (0x000cdd1b) x26 0xffffffffb6f6c3bf
core   0: 0x00000000800059b0 (0x0345633b) remw    t1, a0, s4
core   0: 1 0x00000000800059b0 (0x0345633b) x6  0x0000000000000000
core   0: 0x00000000800059b4 (0xd23d7e53) fcvt.d.lu ft8, s10
core   0: 1 0x00000000800059b4 (0xd23d7e53) c1_fflags 0x0000000000000011 f28 0x43effffffff6ded8
core   0: 0x00000000800059b8 (0x800a8593) addi    a1, s5, -2048
core   0: 1 0x00000000800059b8 (0x800a8593) x11 0xfffffffffffff804
core   0: 0x00000000800059bc (0xc212fbd3) fcvt.wu.d s7, ft5
core   0: 1 0x00000000800059bc (0xc212fbd3) c1_fflags 0x0000000000000011 x23 0xffffffffffffffff
core   0: 0x00000000800059c0 (0xcbe5e013) ori     zero, a1, -834
core   0: 1 0x00000000800059c0 (0xcbe5e013)
core   0: 0x00000000800059c4 (0x011dadb3) slt     s11, s11, a7
core   0: 1 0x00000000800059c4 (0x011dadb3) x27 0x0000000000000001
core   0: 0x00000000800059c8 (0x00056933) or      s2, a0, zero
core   0: 1 0x00000000800059c8 (0x00056933) x18 0x0000000000000000
core   0: 0x00000000800059cc (0x01b056bb) srlw    a3, zero, s11
core   0: 1 0x00000000800059cc (0x01b056bb) x13 0x0000000000000000
core   0: 0x00000000800059d0 (0x035546bb) divw    a3, a0, s5
core   0: 1 0x00000000800059d0 (0x035546bb) x13 0x0000000000000000
core   0: 0x00000000800059d4 (0x42050553) fcvt.d.s fa0, fa0
core   0: 1 0x00000000800059d4 (0x42050553) f10 0x7ff8000000000000
core   0: 0x00000000800059d8 (0xd23af953) fcvt.d.lu fs2, s5
core   0: 1 0x00000000800059d8 (0xd23af953) f18 0x4010000000000000
core   0: 0x00000000800059dc (0x41db5293) srai    t0, s6, 29
core   0: 1 0x00000000800059dc (0x41db5293) x5  0x0000000000000000
core   0: 0x00000000800059e0 (0xeccf1237) lui     tp, 0xeccf1
core   0: 1 0x00000000800059e0 (0xeccf1237) x4  0xffffffffeccf1000
core   0: 0x00000000800059e4 (0x0ff0000f) fence   iorw,iorw
core   0: 1 0x00000000800059e4 (0x0ff0000f)
core   0: 0x00000000800059e8 (0x7ff7c393) xori    t2, a5, 2047
core   0: 1 0x00000000800059e8 (0x7ff7c393) x7  0x00000000000007ff
core   0: 0x00000000800059ec (0x0290c4b3) div     s1, ra, s1
core   0: 1 0x00000000800059ec (0x0290c4b3) x9  0xffffffffffffffff
core   0: 0x00000000800059f0 (0xa3c50513) addi    a0, a0, -1476
core   0: 1 0x00000000800059f0 (0xa3c50513) x10 0xfffffffffffffa3c
core   0: 0x00000000800059f4 (0x00139213) slli    tp, t2, 1
core   0: 1 0x00000000800059f4 (0x00139213) x4  0x0000000000000ffe
core   0: 0x00000000800059f8 (0xfffac593) not     a1, s5
core   0: 1 0x00000000800059f8 (0xfffac593) x11 0xfffffffffffffffb
core   0: 0x00000000800059fc (0x03c5e03b) remw    zero, a1, t3
core   0: 1 0x00000000800059fc (0x03c5e03b)
core   0: 0x0000000080005a00 (0x1b81f543) fmadd.d fa0, ft3, fs8, ft3
core   0: 1 0x0000000080005a00 (0x1b81f543) f10 0x7ff8000000000000
core   0: 0x0000000080005a04 (0x222d0a53) fsgnj.d fs4, fs10, ft2
core   0: 1 0x0000000080005a04 (0x222d0a53) f20 0x7ff8000000000000
core   0: 0x0000000080005a08 (0x01c5981b) slliw   a6, a1, 28
core   0: 1 0x0000000080005a08 (0x01c5981b) x16 0xffffffffb0000000
core   0: 0x0000000080005a0c (0xa2cb78c3) fmadd.d fa7, fs6, fa2, fs4
core   0: 1 0x0000000080005a0c (0xa2cb78c3) f17 0x7ff8000000000000
core   0: 0x0000000080005a10 (0xd2287953) fcvt.d.l fs2, a6
core   0: 1 0x0000000080005a10 (0xd2287953) f18 0xc1d4000000000000
core   0: 0x0000000080005a14 (0x41465a33) sra     s4, a2, s4
core   0: 1 0x0000000080005a14 (0x41465a33) x20 0x0000000000000000
core   0: 0x0000000080005a18 (0x2327a9d3) fsgnjx.d fs3, fa5, fs2
core   0: 1 0x0000000080005a18 (0x2327a9d3) f19 0x0000000000000000
core   0: 0x0000000080005a1c (0x00000001) c.nop
core   0: 1 0x0000000080005a1c (0x0001)
core   0: 0x0000000080005a1e (0xd20e02d3) fcvt.d.w ft5, t3
core   0: 1 0x0000000080005a1e (0xd20e02d3) f5  0xbff0000000000000
core   0: 0x0000000080005a22 (0x02c6c733) div     a4, a3, a2
core   0: 1 0x0000000080005a22 (0x02c6c733) x14 0x0000000000000000
core   0: 0x0000000080005a26 (0x403700bb) subw    ra, a4, gp
core   0: 1 0x0000000080005a26 (0x403700bb) x1  0x0000000000000000
core   0: 0x0000000080005a2a (0x7bb9fccf) fnmadd.d fs9, fs3, fs11, fa5
core   0: 1 0x0000000080005a2a (0x7bb9fccf) f25 0x7ff8000000000000
core   0: 0x0000000080005a2e (0x8001f513) andi    a0, gp, -2048
core   0: 1 0x0000000080005a2e (0x8001f513) x10 0x0000000000000000
core   0: 0x0000000080005a32 (0xc811d7f3) csrrwi  a5, timeh, 3
core   0: exception trap_illegal_instruction, epc 0x0000000080005a32
core   0:           tval 0x00000000c811d7f3
core   0: >>>>  $xrv64i2p1_m2p0_a2p1_f2p2_d2p2_zicsr2p0_zifencei2p0_zmmul1p0_zba1p0_zbb1p0_zbc1p0_zbs1p0
core   0: 0x0000000080004000 (0x0080006f) j       pc + 0x8
core   0: 3 0x0000000080004000 (0x0080006f)
core   0: >>>>  mmode_exception_handler
core   0: 0x0000000080004008 (0x00002c17) auipc   s8, 0x2
core   0: 3 0x0000000080004008 (0x00002c17) x24 0x0000000080006008
core   0: 0x000000008000400c (0x030c0c13) addi    s8, s8, 48
core   0: 3 0x000000008000400c (0x030c0c13) x24 0x0000000080006038
core   0: 0x0000000080004010 (0x000c00e7) jalr    s8
core   0: 3 0x0000000080004010 (0x000c00e7) x1  0x0000000080004014
core   0: >>>>  any_handler
core   0: 0x0000000080006038 (0x341027f3) csrrs   a5, mepc, zero
core   0: 3 0x0000000080006038 (0x341027f3) x15 0x0000000080005a32
core   0: 0x000000008000603c (0x34202773) csrrs   a4, mcause, zero
core   0: 3 0x000000008000603c (0x34202773) x14 0x0000000000000002
core   0: 0x0000000080006040 (0x142026f3) csrrs   a3, scause, zero
core   0: 3 0x0000000080006040 (0x142026f3) x13 0x0000000000000000
core   0: 0x0000000080006044 (0x30402673) csrrs   a2, mie, zero
core   0: 3 0x0000000080006044 (0x30402673) x12 0x0000000000000a00
core   0: 0x0000000080006048 (0x344025f3) csrrs   a1, mip, zero
core   0: 3 0x0000000080006048 (0x344025f3) x11 0x0000000000000080
core   0: 0x000000008000604c (0x343025f3) csrrs   a1, mtval, zero
core   0: 3 0x000000008000604c (0x343025f3) x11 0x00000000c811d7f3
core   0: 0x0000000080006050 (0x14302573) csrrs   a0, stval, zero
core   0: 3 0x0000000080006050 (0x14302573) x10 0x0000000000000000
core   0: 0x0000000080006054 (0xb02024f3) csrrs   s1, minstret, zero
core   0: 3 0x0000000080006054 (0xb02024f3) x9  0x00000000000010ed
core   0: 0x0000000080006058 (0x0000a811) c.j     pc + 20
core   0: 3 0x0000000080006058 (0xa811)
core   0: >>>>  mepc_4
core   0: 0x000000008000606c (0x00000791) c.addi  a5, 4
core   0: 3 0x000000008000606c (0x0791) x15 0x0000000080005a36
core   0: 0x000000008000606e (0x34179073) csrrw   zero, mepc, a5
core   0: 3 0x000000008000606e (0x34179073) c833_mepc 0x0000000080005a36
core   0: 0x0000000080006072 (0x30200073) mret
core   0: 3 0x0000000080006072 (0x30200073) c768_mstatus 0x8000000a00106080
core   0: 0x0000000080005a36 (0x7b26784f) fnmadd.d fa6, fa2, fs2, fa5
core   0: 1 0x0000000080005a36 (0x7b26784f) f16 0x7ff8000000000000
core   0: 0x0000000080005a3a (0x00e3131b) slliw   t1, t1, 14
core   0: 1 0x0000000080005a3a (0x00e3131b) x6  0x0000000000000000
core   0: 0x0000000080005a3e (0x224c9253) fsgnjn.d ft4, fs9, ft4
core   0: 1 0x0000000080005a3e (0x224c9253) f4  0xfff8000000000000
core   0: 0x0000000080005a42 (0x01a80db3) add     s11, a6, s10
core   0: 1 0x0000000080005a42 (0x01a80db3) x27 0xffffffff66f6c3bf
core   0: 0x0000000080005a46 (0x030ddb3b) divuw   s6, s11, a6
core   0: 1 0x0000000080005a46 (0x030ddb3b) x22 0x0000000000000000
core   0: 0x0000000080005a4a (0x42070bd3) fcvt.d.s fs7, fa4
core   0: 1 0x0000000080005a4a (0x42070bd3) f23 0x7ff8000000000000
core   0: 0x0000000080005a4e (0xd21b8ed3) fcvt.d.wu ft9, s7
core   0: 1 0x0000000080005a4e (0xd21b8ed3) f29 0x41efffffffe00000
core   0: 0x0000000080005a52 (0x4036d29b) sraiw   t0, a3, 3
core   0: 1 0x0000000080005a52 (0x4036d29b) x5  0x0000000000000000
core   0: 0x0000000080005a56 (0xd23b7053) fcvt.d.lu ft0, s6
core   0: 1 0x0000000080005a56 (0xd23b7053) f0  0x0000000000000000
core   0: 0x0000000080005a5a (0x420e8353) fcvt.d.s ft6, ft9
core   0: 1 0x0000000080005a5a (0x420e8353) f6  0x7ff8000000000000
core   0: 0x0000000080005a5e (0xe2ae7fcb) fnmsub.d ft11, ft8, fa0, ft8
core   0: 1 0x0000000080005a5e (0xe2ae7fcb) f31 0x7ff8000000000000
core   0: 0x0000000080005a62 (0x01ab5a9b) srliw   s5, s6, 26
core   0: 1 0x0000000080005a62 (0x01ab5a9b) x21 0x0000000000000000
core   0: 0x0000000080005a66 (0x0000067e) c.slli  a2, 31
core   0: 1 0x0000000080005a66 (0x067e) x12 0x0000050000000000
core   0: 0x0000000080005a68 (0xe2010ed3) fmv.x.d t4, ft2
core   0: 1 0x0000000080005a68 (0xe2010ed3) x29 0x422783cf52540000
core   0: 0x0000000080005a6c (0x0315773b) remuw   a4, a0, a7
core   0: 1 0x0000000080005a6c (0x0315773b) x14 0x0000000000000000
core   0: 0x0000000080005a70 (0x2a631453) fmax.d  fs0, ft6, ft6
core   0: 1 0x0000000080005a70 (0x2a631453) f8  0x7ff8000000000000
core   0: 0x0000000080005a74 (0x022d6833) rem     a6, s10, sp
core   0: 1 0x0000000080005a74 (0x022d6833) x16 0xffffffffb6f6c3bf
core   0: 0x0000000080005a78 (0x03c846bb) divw    a3, a6, t3
core   0: 1 0x0000000080005a78 (0x03c846bb) x13 0x0000000049093c41
core   0: 0x0000000080005a7c (0x00849733) sll     a4, s1, s0
core   0: 1 0x0000000080005a7c (0x00849733) x14 0x00000000000010ed
core   0: 0x0000000080005a80 (0x407d04bb) subw    s1, s10, t2
core   0: 1 0x0000000080005a80 (0x407d04bb) x9  0xffffffffb6f6bbc0
core   0: 0x0000000080005a84 (0xc21170d3) fcvt.wu.d ra, ft2
core   0: 1 0x0000000080005a84 (0xc21170d3) c1_fflags 0x0000000000000011 x1  0xffffffffffffffff
core   0: 0x0000000080005a88 (0x000091f6) c.add   gp, t4
core   0: 1 0x0000000080005a88 (0x91f6) x3  0x422783cf52540000
core   0: 0x0000000080005a8a (0x41f5d59b) sraiw   a1, a1, 31
core   0: 1 0x0000000080005a8a (0x41f5d59b) x11 0xffffffffffffffff
core   0: 0x0000000080005a8e (0x40108333) sub     t1, ra, ra
core   0: 1 0x0000000080005a8e (0x40108333) x6  0x0000000000000000
core   0: 0x0000000080005a92 (0x800b049b) addiw   s1, s6, -2048
core   0: 1 0x0000000080005a92 (0x800b049b) x9  0xfffffffffffff800
core   0: 0x0000000080005a96 (0x9323f94b) fnmsub.d fs2, ft7, fs2, fs2
core   0: 1 0x0000000080005a96 (0x9323f94b) f18 0x7ff8000000000000
core   0: 0x0000000080005a9a (0xf116dcf3) csrrwi  s9, mvendorid, 13
core   0: exception trap_illegal_instruction, epc 0x0000000080005a9a
core   0:           tval 0x00000000f116dcf3
core   0: >>>>  $xrv64i2p1_m2p0_a2p1_f2p2_d2p2_zicsr2p0_zifencei2p0_zmmul1p0_zba1p0_zbb1p0_zbc1p0_zbs1p0
core   0: 0x0000000080004000 (0x0080006f) j       pc + 0x8
core   0: 3 0x0000000080004000 (0x0080006f)
core   0: >>>>  mmode_exception_handler
core   0: 0x0000000080004008 (0x00002c17) auipc   s8, 0x2
core   0: 3 0x0000000080004008 (0x00002c17) x24 0x0000000080006008
core   0: 0x000000008000400c (0x030c0c13) addi    s8, s8, 48
core   0: 3 0x000000008000400c (0x030c0c13) x24 0x0000000080006038
core   0: 0x0000000080004010 (0x000c00e7) jalr    s8
core   0: 3 0x0000000080004010 (0x000c00e7) x1  0x0000000080004014
core   0: >>>>  any_handler
core   0: 0x0000000080006038 (0x341027f3) csrrs   a5, mepc, zero
core   0: 3 0x0000000080006038 (0x341027f3) x15 0x0000000080005a9a
core   0: 0x000000008000603c (0x34202773) csrrs   a4, mcause, zero
core   0: 3 0x000000008000603c (0x34202773) x14 0x0000000000000002
core   0: 0x0000000080006040 (0x142026f3) csrrs   a3, scause, zero
core   0: 3 0x0000000080006040 (0x142026f3) x13 0x0000000000000000
core   0: 0x0000000080006044 (0x30402673) csrrs   a2, mie, zero
core   0: 3 0x0000000080006044 (0x30402673) x12 0x0000000000000a00
core   0: 0x0000000080006048 (0x344025f3) csrrs   a1, mip, zero
core   0: 3 0x0000000080006048 (0x344025f3) x11 0x0000000000000080
core   0: 0x000000008000604c (0x343025f3) csrrs   a1, mtval, zero
core   0: 3 0x000000008000604c (0x343025f3) x11 0x00000000f116dcf3
core   0: 0x0000000080006050 (0x14302573) csrrs   a0, stval, zero
core   0: 3 0x0000000080006050 (0x14302573) x10 0x0000000000000000
core   0: 0x0000000080006054 (0xb02024f3) csrrs   s1, minstret, zero
core   0: 3 0x0000000080006054 (0xb02024f3) x9  0x0000000000001117
core   0: 0x0000000080006058 (0x0000a811) c.j     pc + 20
core   0: 3 0x0000000080006058 (0xa811)
core   0: >>>>  mepc_4
core   0: 0x000000008000606c (0x00000791) c.addi  a5, 4
core   0: 3 0x000000008000606c (0x0791) x15 0x0000000080005a9e
core   0: 0x000000008000606e (0x34179073) csrrw   zero, mepc, a5
core   0: 3 0x000000008000606e (0x34179073) c833_mepc 0x0000000080005a9e
core   0: 0x0000000080006072 (0x30200073) mret
core   0: 3 0x0000000080006072 (0x30200073) c768_mstatus 0x8000000a00106080
core   0: 0x0000000080005a9e (0x03987e33) remu    t3, a6, s9
core   0: 1 0x0000000080005a9e (0x03987e33) x28 0x00000002300d2a9a
core   0: 0x0000000080005aa2 (0x403b0b33) sub     s6, s6, gp
core   0: 1 0x0000000080005aa2 (0x403b0b33) x22 0xbdd87c30adac0000
core   0: 0x0000000080005aa6 (0x003191bb) sllw    gp, gp, gp
core   0: 1 0x0000000080005aa6 (0x003191bb) x3  0x0000000052540000
core   0: 0x0000000080005aaa (0xd22a7e53) fcvt.d.l ft8, s4
core   0: 1 0x0000000080005aaa (0xd22a7e53) f28 0x0000000000000000
core   0: 0x0000000080005aae (0x03151133) mulh    sp, a0, a7
core   0: 1 0x0000000080005aae (0x03151133) x2  0x0000000000000000
core   0: 0x0000000080005ab2 (0x007e14b3) sll     s1, t3, t2
core   0: 1 0x0000000080005ab2 (0x007e14b3) x9  0x0000000000000000
core   0: 0x0000000080005ab6 (0xc031fd53) fcvt.lu.s s10, ft3
core   0: 1 0x0000000080005ab6 (0xc031fd53) c1_fflags 0x0000000000000011 x26 0xffffffffffffffff
core   0: 0x0000000080005aba (0xd2048053) fcvt.d.w ft0, s1
core   0: 1 0x0000000080005aba (0xd2048053) f0  0x0000000000000000
core   0: 0x0000000080005abe (0x5a0efb53) fsqrt.d fs6, ft9
core   0: 1 0x0000000080005abe (0x5a0efb53) c1_fflags 0x0000000000000011 f22 0x40effffffff00000
core   0: 0x0000000080005ac2 (0x23291a53) fsgnjn.d fs4, fs2, fs2
core   0: 1 0x0000000080005ac2 (0x23291a53) f20 0xfff8000000000000
core   0: 0x0000000080005ac6 (0x411d5d9b) sraiw   s11, s10, 17
core   0: 1 0x0000000080005ac6 (0x411d5d9b) x27 0xffffffffffffffff
core   0: 0x0000000080005aca (0x0294e233) rem     tp, s1, s1
core   0: 1 0x0000000080005aca (0x0294e233) x4  0x0000000000000000
core   0: 0x0000000080005ace (0x42028753) fcvt.d.s fa4, ft5
core   0: 1 0x0000000080005ace (0x42028753) f14 0x7ff8000000000000
core   0: 0x0000000080005ad2 (0x00000001) c.nop
core   0: 1 0x0000000080005ad2 (0x0001)
core   0: 0x0000000080005ad4 (0x013ea433) slt     s0, t4, s3
core   0: 1 0x0000000080005ad4 (0x013ea433) x8  0x0000000000000000
core   0: 0x0000000080005ad8 (0x2b6a13d3) fmax.d  ft7, fs4, fs6
core   0: 1 0x0000000080005ad8 (0x2b6a13d3) f7  0x40effffffff00000
core   0: 0x0000000080005adc (0x83547193) andi    gp, s0, -1995
core   0: 1 0x0000000080005adc (0x83547193) x3  0x0000000000000000
core   0: 0x0000000080005ae0 (0x402105bb) subw    a1, sp, sp
core   0: 1 0x0000000080005ae0 (0x402105bb) x11 0x0000000000000000
core   0: 0x0000000080005ae4 (0x420f0bd3) fcvt.d.s fs7, ft10
core   0: 1 0x0000000080005ae4 (0x420f0bd3) f23 0x7ff8000000000000
core   0: 0x0000000080005ae8 (0x02b6aeb3) mulhsu  t4, a3, a1
core   0: 1 0x0000000080005ae8 (0x02b6aeb3) x29 0x0000000000000000
core   0: 0x0000000080005aec (0xd22ef653) fcvt.d.l fa2, t4
core   0: 1 0x0000000080005aec (0xd22ef653) f12 0x0000000000000000
core   0: 0x0000000080005af0 (0x002028f3) csrrs   a7, frm, zero
core   0: 1 0x0000000080005af0 (0x002028f3) x17 0x0000000000000000
core   0: 0x0000000080005af4 (0xf11d1573) csrrw   a0, mvendorid, s10
core   0: exception trap_illegal_instruction, epc 0x0000000080005af4
core   0:           tval 0x00000000f11d1573
core   0: >>>>  $xrv64i2p1_m2p0_a2p1_f2p2_d2p2_zicsr2p0_zifencei2p0_zmmul1p0_zba1p0_zbb1p0_zbc1p0_zbs1p0
core   0: 0x0000000080004000 (0x0080006f) j       pc + 0x8
core   0: 3 0x0000000080004000 (0x0080006f)
core   0: >>>>  mmode_exception_handler
core   0: 0x0000000080004008 (0x00002c17) auipc   s8, 0x2
core   0: 3 0x0000000080004008 (0x00002c17) x24 0x0000000080006008
core   0: 0x000000008000400c (0x030c0c13) addi    s8, s8, 48
core   0: 3 0x000000008000400c (0x030c0c13) x24 0x0000000080006038
core   0: 0x0000000080004010 (0x000c00e7) jalr    s8
core   0: 3 0x0000000080004010 (0x000c00e7) x1  0x0000000080004014
core   0: >>>>  any_handler
core   0: 0x0000000080006038 (0x341027f3) csrrs   a5, mepc, zero
core   0: 3 0x0000000080006038 (0x341027f3) x15 0x0000000080005af4
core   0: 0x000000008000603c (0x34202773) csrrs   a4, mcause, zero
core   0: 3 0x000000008000603c (0x34202773) x14 0x0000000000000002
core   0: 0x0000000080006040 (0x142026f3) csrrs   a3, scause, zero
core   0: 3 0x0000000080006040 (0x142026f3) x13 0x0000000000000000
core   0: 0x0000000080006044 (0x30402673) csrrs   a2, mie, zero
core   0: 3 0x0000000080006044 (0x30402673) x12 0x0000000000000a00
core   0: 0x0000000080006048 (0x344025f3) csrrs   a1, mip, zero
core   0: 3 0x0000000080006048 (0x344025f3) x11 0x0000000000000080
core   0: 0x000000008000604c (0x343025f3) csrrs   a1, mtval, zero
core   0: 3 0x000000008000604c (0x343025f3) x11 0x00000000f11d1573
core   0: 0x0000000080006050 (0x14302573) csrrs   a0, stval, zero
core   0: 3 0x0000000080006050 (0x14302573) x10 0x0000000000000000
core   0: 0x0000000080006054 (0xb02024f3) csrrs   s1, minstret, zero
core   0: 3 0x0000000080006054 (0xb02024f3) x9  0x000000000000113d
core   0: 0x0000000080006058 (0x0000a811) c.j     pc + 20
core   0: 3 0x0000000080006058 (0xa811)
core   0: >>>>  mepc_4
core   0: 0x000000008000606c (0x00000791) c.addi  a5, 4
core   0: 3 0x000000008000606c (0x0791) x15 0x0000000080005af8
core   0: 0x000000008000606e (0x34179073) csrrw   zero, mepc, a5
core   0: 3 0x000000008000606e (0x34179073) c833_mepc 0x0000000080005af8
core   0: 0x0000000080006072 (0x30200073) mret
core   0: 3 0x0000000080006072 (0x30200073) c768_mstatus 0x8000000a00106080
core   0: 0x0000000080005af8 (0xd23375d3) fcvt.d.lu fa1, t1
core   0: 1 0x0000000080005af8 (0xd23375d3) f11 0x0000000000000000
core   0: 0x0000000080005afc (0xc0623d73) csrrc   s10, hpmcounter6, tp
core   0: exception trap_illegal_instruction, epc 0x0000000080005afc
core   0:           tval 0x00000000c0623d73
core   0: >>>>  $xrv64i2p1_m2p0_a2p1_f2p2_d2p2_zicsr2p0_zifencei2p0_zmmul1p0_zba1p0_zbb1p0_zbc1p0_zbs1p0
core   0: 0x0000000080004000 (0x0080006f) j       pc + 0x8
core   0: 3 0x0000000080004000 (0x0080006f)
core   0: >>>>  mmode_exception_handler
core   0: 0x0000000080004008 (0x00002c17) auipc   s8, 0x2
core   0: 3 0x0000000080004008 (0x00002c17) x24 0x0000000080006008
core   0: 0x000000008000400c (0x030c0c13) addi    s8, s8, 48
core   0: 3 0x000000008000400c (0x030c0c13) x24 0x0000000080006038
core   0: 0x0000000080004010 (0x000c00e7) jalr    s8
core   0: 3 0x0000000080004010 (0x000c00e7) x1  0x0000000080004014
core   0: >>>>  any_handler
core   0: 0x0000000080006038 (0x341027f3) csrrs   a5, mepc, zero
core   0: 3 0x0000000080006038 (0x341027f3) x15 0x0000000080005afc
core   0: 0x000000008000603c (0x34202773) csrrs   a4, mcause, zero
core   0: 3 0x000000008000603c (0x34202773) x14 0x0000000000000002
core   0: 0x0000000080006040 (0x142026f3) csrrs   a3, scause, zero
core   0: 3 0x0000000080006040 (0x142026f3) x13 0x0000000000000000
core   0: 0x0000000080006044 (0x30402673) csrrs   a2, mie, zero
core   0: 3 0x0000000080006044 (0x30402673) x12 0x0000000000000a00
core   0: 0x0000000080006048 (0x344025f3) csrrs   a1, mip, zero
core   0: 3 0x0000000080006048 (0x344025f3) x11 0x0000000000000080
core   0: 0x000000008000604c (0x343025f3) csrrs   a1, mtval, zero
core   0: 3 0x000000008000604c (0x343025f3) x11 0x00000000c0623d73
core   0: 0x0000000080006050 (0x14302573) csrrs   a0, stval, zero
core   0: 3 0x0000000080006050 (0x14302573) x10 0x0000000000000000
core   0: 0x0000000080006054 (0xb02024f3) csrrs   s1, minstret, zero
core   0: 3 0x0000000080006054 (0xb02024f3) x9  0x000000000000114e
core   0: 0x0000000080006058 (0x0000a811) c.j     pc + 20
core   0: 3 0x0000000080006058 (0xa811)
core   0: >>>>  mepc_4
core   0: 0x000000008000606c (0x00000791) c.addi  a5, 4
core   0: 3 0x000000008000606c (0x0791) x15 0x0000000080005b00
core   0: 0x000000008000606e (0x34179073) csrrw   zero, mepc, a5
core   0: 3 0x000000008000606e (0x34179073) c833_mepc 0x0000000080005b00
core   0: 0x0000000080006072 (0x30200073) mret
core   0: 3 0x0000000080006072 (0x30200073) c768_mstatus 0x8000000a00106080
core   0: 0x0000000080005b00 (0x001293f3) csrrw   t2, fflags, t0
core   0: 1 0x0000000080005b00 (0x001293f3) x7  0x0000000000000011 c1_fflags 0x0000000000000000
core   0: 0x0000000080005b04 (0x8109c417) auipc   s0, 0x8109c
core   0: 1 0x0000000080005b04 (0x8109c417) x8  0x00000000010a1b04
core   0: 0x0000000080005b08 (0x02806eb3) rem     t4, zero, s0
core   0: 1 0x0000000080005b08 (0x02806eb3) x29 0x0000000000000000
core   0: 0x0000000080005b0c (0x001191f3) csrrw   gp, fflags, gp
core   0: 1 0x0000000080005b0c (0x001191f3) x3  0x0000000000000000 c1_fflags 0x0000000000000000
core   0: 0x0000000080005b10 (0x0ff0000f) fence   iorw,iorw
core   0: 1 0x0000000080005b10 (0x0ff0000f)
core   0: 0x0000000080005b14 (0x0ff0000f) fence   iorw,iorw
core   0: 1 0x0000000080005b14 (0x0ff0000f)
core   0: 0x0000000080005b18 (0x031ee33b) remw    t1, t4, a7
core   0: 1 0x0000000080005b18 (0x031ee33b) x6  0x0000000000000000
core   0: 0x0000000080005b1c (0x006b9dbb) sllw    s11, s7, t1
core   0: 1 0x0000000080005b1c (0x006b9dbb) x27 0xffffffffffffffff
core   0: 0x0000000080005b20 (0x007cdd3b) srlw    s10, s9, t2
core   0: 1 0x0000000080005b20 (0x007cdd3b) x26 0x0000000000005b7b
core   0: 0x0000000080005b24 (0xfffd871b) addiw   a4, s11, -1
core   0: 1 0x0000000080005b24 (0xfffd871b) x14 0xfffffffffffffffe
core   0: 0x0000000080005b28 (0xe35e7e4f) fnmadd.d ft8, ft8, fs5, ft8
core   0: 1 0x0000000080005b28 (0xe35e7e4f) f28 0x7ff8000000000000
core   0: 0x0000000080005b2c (0x405c02bb) subw    t0, s8, t0
core   0: 1 0x0000000080005b2c (0x405c02bb) x5  0xffffffff80006038
core   0: 0x0000000080005b30 (0x0185d31b) srliw   t1, a1, 24
core   0: 1 0x0000000080005b30 (0x0185d31b) x6  0x00000000000000c0
core   0: 0x0000000080005b34 (0x000d011b) sext.w  sp, s10
core   0: 1 0x0000000080005b34 (0x000d011b) x2  0x0000000000005b7b
core   0: 0x0000000080005b38 (0x41530abb) subw    s5, t1, s5
core   0: 1 0x0000000080005b38 (0x41530abb) x21 0x00000000000000c0
core   0: 0x0000000080005b3c (0x400ad033) sra     zero, s5, zero
core   0: 1 0x0000000080005b3c (0x400ad033)
core   0: 0x0000000080005b40 (0x0b087853) fsub.d  fa6, fa6, fa6
core   0: 1 0x0000000080005b40 (0x0b087853) f16 0x7ff8000000000000
core   0: 0x0000000080005b44 (0xc85a8313) addi    t1, s5, -891
core   0: 1 0x0000000080005b44 (0xc85a8313) x6  0xfffffffffffffd45
core   0: 0x0000000080005b48 (0xfff06793) ori     a5, zero, -1
core   0: 1 0x0000000080005b48 (0xfff06793) x15 0xffffffffffffffff
core   0: 0x0000000080005b4c (0x40335e1b) sraiw   t3, t1, 3
core   0: 1 0x0000000080005b4c (0x40335e1b) x28 0xffffffffffffffa8
core   0: 0x0000000080005b50 (0x01c7aa33) slt     s4, a5, t3
core   0: 1 0x0000000080005b50 (0x01c7aa33) x20 0x0000000000000000
core   0: 0x0000000080005b54 (0xc23b7d53) fcvt.lu.d s10, fs6
core   0: 1 0x0000000080005b54 (0xc23b7d53) c1_fflags 0x0000000000000001 x26 0x0000000000010000
core   0: 0x0000000080005b58 (0x40107053) fcvt.s.d ft0, ft0
core   0: 1 0x0000000080005b58 (0x40107053) f0  0xffffffff00000000
core   0: 0x0000000080005b5c (0x034d07b3) mul     a5, s10, s4
core   0: 1 0x0000000080005b5c (0x034d07b3) x15 0x0000000000000000
core   0: 0x0000000080005b60 (0x106fe073) csrrsi  zero, scounteren, 31
core   0: 1 0x0000000080005b60 (0x106fe073) c262_scounteren 0x0000000000000000
core   0: 0x0000000080005b64 (0x018a5a33) srl     s4, s4, s8
core   0: 1 0x0000000080005b64 (0x018a5a33) x20 0x0000000000000000
core   0: 0x0000000080005b68 (0x417185bb) subw    a1, gp, s7
core   0: 1 0x0000000080005b68 (0x417185bb) x11 0x0000000000000001
core   0: 0x0000000080005b6c (0x03ad40bb) divw    ra, s10, s10
core   0: 1 0x0000000080005b6c (0x03ad40bb) x1  0x0000000000000001
core   0: 0x0000000080005b70 (0x23dea953) fsgnjx.d fs2, ft9, ft9
core   0: 1 0x0000000080005b70 (0x23dea953) f18 0x41efffffffe00000
core   0: 0x0000000080005b74 (0x0386d6bb) divuw   a3, a3, s8
core   0: 1 0x0000000080005b74 (0x0386d6bb) x13 0x0000000000000000
core   0: 0x0000000080005b78 (0x002a1273) csrrw   tp, frm, s4
core   0: 1 0x0000000080005b78 (0x002a1273) x4  0x0000000000000000 c2_frm 0x0000000000000000
core   0: 0x0000000080005b7c (0x142593f3) csrrw   t2, scause, a1
core   0: 1 0x0000000080005b7c (0x142593f3) x7  0x0000000000000000 c322_scause 0x0000000000000001
core   0: 0x0000000080005b80 (0x02f7d7b3) divu    a5, a5, a5
core   0: 1 0x0000000080005b80 (0x02f7d7b3) x15 0xffffffffffffffff
core   0: 0x0000000080005b84 (0xd2347753) fcvt.d.lu fa4, s0
core   0: 1 0x0000000080005b84 (0xd2347753) f14 0x4170a1b040000000
core   0: 0x0000000080005b88 (0x00202a73) csrrs   s4, frm, zero
core   0: 1 0x0000000080005b88 (0x00202a73) x20 0x0000000000000000
core   0: 0x0000000080005b8c (0xc2107ed3) fcvt.wu.d t4, ft0
core   0: 1 0x0000000080005b8c (0xc2107ed3) c1_fflags 0x0000000000000011 x29 0xffffffffffffffff
core   0: 0x0000000080005b90 (0x00009a72) c.add   s4, t3
core   0: 1 0x0000000080005b90 (0x9a72) x20 0xffffffffffffffa8
core   0: 0x0000000080005b92 (0x41ce54bb) sraw    s1, t3, t3
core   0: 1 0x0000000080005b92 (0x41ce54bb) x9  0xffffffffffffffff
core   0: 0x0000000080005b96 (0xc225fb53) fcvt.l.d s6, fa1
core   0: 1 0x0000000080005b96 (0xc225fb53) x22 0x0000000000000000
core   0: 0x0000000080005b9a (0xf1223973) csrrc   s2, marchid, tp
core   0: exception trap_illegal_instruction, epc 0x0000000080005b9a
core   0:           tval 0x00000000f1223973
core   0: >>>>  $xrv64i2p1_m2p0_a2p1_f2p2_d2p2_zicsr2p0_zifencei2p0_zmmul1p0_zba1p0_zbb1p0_zbc1p0_zbs1p0
core   0: 0x0000000080004000 (0x0080006f) j       pc + 0x8
core   0: 3 0x0000000080004000 (0x0080006f)
core   0: >>>>  mmode_exception_handler
core   0: 0x0000000080004008 (0x00002c17) auipc   s8, 0x2
core   0: 3 0x0000000080004008 (0x00002c17) x24 0x0000000080006008
core   0: 0x000000008000400c (0x030c0c13) addi    s8, s8, 48
core   0: 3 0x000000008000400c (0x030c0c13) x24 0x0000000080006038
core   0: 0x0000000080004010 (0x000c00e7) jalr    s8
core   0: 3 0x0000000080004010 (0x000c00e7) x1  0x0000000080004014
core   0: >>>>  any_handler
core   0: 0x0000000080006038 (0x341027f3) csrrs   a5, mepc, zero
core   0: 3 0x0000000080006038 (0x341027f3) x15 0x0000000080005b9a
core   0: 0x000000008000603c (0x34202773) csrrs   a4, mcause, zero
core   0: 3 0x000000008000603c (0x34202773) x14 0x0000000000000002
core   0: 0x0000000080006040 (0x142026f3) csrrs   a3, scause, zero
core   0: 3 0x0000000080006040 (0x142026f3) x13 0x0000000000000001
core   0: 0x0000000080006044 (0x30402673) csrrs   a2, mie, zero
core   0: 3 0x0000000080006044 (0x30402673) x12 0x0000000000000a00
core   0: 0x0000000080006048 (0x344025f3) csrrs   a1, mip, zero
core   0: 3 0x0000000080006048 (0x344025f3) x11 0x0000000000000080
core   0: 0x000000008000604c (0x343025f3) csrrs   a1, mtval, zero
core   0: 3 0x000000008000604c (0x343025f3) x11 0x00000000f1223973
core   0: 0x0000000080006050 (0x14302573) csrrs   a0, stval, zero
core   0: 3 0x0000000080006050 (0x14302573) x10 0x0000000000000000
core   0: 0x0000000080006054 (0xb02024f3) csrrs   s1, minstret, zero
core   0: 3 0x0000000080006054 (0xb02024f3) x9  0x0000000000001185
core   0: 0x0000000080006058 (0x0000a811) c.j     pc + 20
core   0: 3 0x0000000080006058 (0xa811)
core   0: >>>>  mepc_4
core   0: 0x000000008000606c (0x00000791) c.addi  a5, 4
core   0: 3 0x000000008000606c (0x0791) x15 0x0000000080005b9e
core   0: 0x000000008000606e (0x34179073) csrrw   zero, mepc, a5
core   0: 3 0x000000008000606e (0x34179073) c833_mepc 0x0000000080005b9e
core   0: 0x0000000080006072 (0x30200073) mret
core   0: 3 0x0000000080006072 (0x30200073) c768_mstatus 0x8000000a00106080
core   0: 0x0000000080005b9e (0x019ca8b3) slt     a7, s9, s9
core   0: 1 0x0000000080005b9e (0x019ca8b3) x17 0x0000000000000000
core   0: 0x0000000080005ba2 (0x0015a6b3) slt     a3, a1, ra
core   0: 1 0x0000000080005ba2 (0x0015a6b3) x13 0x0000000000000000
core   0: 0x0000000080005ba6 (0x004b5b3b) srlw    s6, s6, tp
core   0: 1 0x0000000080005ba6 (0x004b5b3b) x22 0x0000000000000000
core   0: 0x0000000080005baa (0xc217fe53) fcvt.wu.d t3, fa5
core   0: 1 0x0000000080005baa (0xc217fe53) x28 0x0000000000000000
core   0: 0x0000000080005bae (0x01aa999b) slliw   s3, s5, 26
core   0: 1 0x0000000080005bae (0x01aa999b) x19 0x0000000000000000
core   0: 0x0000000080005bb2 (0x00198c9b) addiw   s9, s3, 1
core   0: 1 0x0000000080005bb2 (0x00198c9b) x25 0x0000000000000001
core   0: 0x0000000080005bb6 (0xc20bfdd3) fcvt.w.d s11, fs7
core   0: 1 0x0000000080005bb6 (0xc20bfdd3) c1_fflags 0x0000000000000011 x27 0x000000007fffffff
core   0: 0x0000000080005bba (0x00181873) csrrw   a6, fflags, a6
core   0: 1 0x0000000080005bba (0x00181873) x16 0x0000000000000011 c1_fflags 0x000000000000001f
core   0: 0x0000000080005bbe (0xf20284d3) fmv.d.x fs1, t0
core   0: 1 0x0000000080005bbe (0xf20284d3) f9  0xffffffff80006038
core   0: 0x0000000080005bc2 (0x4042823b) subw    tp, t0, tp
core   0: 1 0x0000000080005bc2 (0x4042823b) x4  0xffffffff80006038
core   0: 0x0000000080005bc6 (0x2294acd3) fsgnjx.d fs9, fs1, fs1
core   0: 1 0x0000000080005bc6 (0x2294acd3) f25 0x7fffffff80006038
core   0: 0x0000000080005bca (0xe20a0a53) fmv.x.d s4, fs4
core   0: 1 0x0000000080005bca (0xe20a0a53) x20 0xfff8000000000000
core   0: 0x0000000080005bce (0x4144d533) sra     a0, s1, s4
core   0: 1 0x0000000080005bce (0x4144d533) x10 0x0000000000001185
core   0: 0x0000000080005bd2 (0x401efad3) fcvt.s.d fs5, ft9
core   0: 1 0x0000000080005bd2 (0x401efad3) c1_fflags 0x000000000000001f f21 0xffffffff4f800000
core   0: 0x0000000080005bd6 (0xa2338bd3) fle.d   s7, ft7, ft3
core   0: 1 0x0000000080005bd6 (0xa2338bd3) c1_fflags 0x000000000000001f x23 0x0000000000000000
core   0: 0x0000000080005bda (0xc2127ad3) fcvt.wu.d s5, ft4
core   0: 1 0x0000000080005bda (0xc2127ad3) c1_fflags 0x000000000000001f x21 0xffffffffffffffff
core   0: 0x0000000080005bde (0x03506633) rem     a2, zero, s5
core   0: 1 0x0000000080005bde (0x03506633) x12 0x0000000000000000
core   0: 0x0000000080005be2 (0x42aa5a13) srai    s4, s4, 42
core   0: 1 0x0000000080005be2 (0x42aa5a13) x20 0xfffffffffffffe00
core   0: 0x0000000080005be6 (0x011511bb) sllw    gp, a0, a7
core   0: 1 0x0000000080005be6 (0x011511bb) x3  0x0000000000001185
core   0: 0x0000000080005bea (0x1b52f053) fdiv.d  ft0, ft5, fs5
core   0: 1 0x0000000080005bea (0x1b52f053) f0  0x7ff8000000000000
core   0: 0x0000000080005bee (0x403383b3) sub     t2, t2, gp
core   0: 1 0x0000000080005bee (0x403383b3) x7  0xffffffffffffee7b
core   0: 0x0000000080005bf2 (0x0ff0000f) fence   iorw,iorw
core   0: 1 0x0000000080005bf2 (0x0ff0000f)
core   0: 0x0000000080005bf6 (0x01f4111b) slliw   sp, s0, 31
core   0: 1 0x0000000080005bf6 (0x01f4111b) x2  0x0000000000000000
core   0: 0x0000000080005bfa (0x00202a73) csrrs   s4, frm, zero
core   0: 1 0x0000000080005bfa (0x00202a73) x20 0x0000000000000000
core   0: 0x0000000080005bfe (0xd024fe53) fcvt.s.l ft8, s1
core   0: 1 0x0000000080005bfe (0xd024fe53) f28 0xffffffff458c2800
core   0: 0x0000000080005c02 (0x002c9c9b) slliw   s9, s9, 2
core   0: 1 0x0000000080005c02 (0x002c9c9b) x25 0x0000000000000004
core   0: 0x0000000080005c06 (0x40195513) srai    a0, s2, 1
core   0: 1 0x0000000080005c06 (0x40195513) x10 0x0000000000000000
core   0: 0x0000000080005c0a (0xd0267953) fcvt.s.l fs2, a2
core   0: 1 0x0000000080005c0a (0xd0267953) f18 0xffffffff00000000
core   0: 0x0000000080005c0e (0x2ab882d3) fmin.d  ft5, fa7, fa1
core   0: 1 0x0000000080005c0e (0x2ab882d3) f5  0x0000000000000000
core   0: 0x0000000080005c12 (0x0377fcd3) fadd.d  fs9, fa5, fs7
core   0: 1 0x0000000080005c12 (0x0377fcd3) f25 0x7ff8000000000000
core   0: 0x0000000080005c16 (0x03b282b3) mul     t0, t0, s11
core   0: 1 0x0000000080005c16 (0x03b282b3) x5  0xc000301c7fff9fc8
core   0: 0x0000000080005c1a (0xd22d7053) fcvt.d.l ft0, s10
core   0: 1 0x0000000080005c1a (0xd22d7053) f0  0x40f0000000000000
core   0: 0x0000000080005c1e (0x025576bb) remuw   a3, a0, t0
core   0: 1 0x0000000080005c1e (0x025576bb) x13 0x0000000000000000
core   0: 0x0000000080005c22 (0x01469a3b) sllw    s4, a3, s4
core   0: 1 0x0000000080005c22 (0x01469a3b) x20 0x0000000000000000
core   0: 0x0000000080005c26 (0x00e17733) and     a4, sp, a4
core   0: 1 0x0000000080005c26 (0x00e17733) x14 0x0000000000000000
core   0: 0x0000000080005c2a (0x025a1433) mulh    s0, s4, t0
core   0: 1 0x0000000080005c2a (0x025a1433) x8  0x0000000000000000
core   0: 0x0000000080005c2e (0x00e7023b) addw    tp, a4, a4
core   0: 1 0x0000000080005c2e (0x00e7023b) x4  0x0000000000000000
core   0: 0x0000000080005c32 (0x02001033) mulh    zero, zero, zero
core   0: 1 0x0000000080005c32 (0x02001033)
core   0: 0x0000000080005c36 (0x1439ad73) csrrs   s10, stval, s3
core   0: 1 0x0000000080005c36 (0x1439ad73) x26 0x0000000000000000 c323_stval 0x0000000000000000
core   0: 0x0000000080005c3a (0x58ba2d97) auipc   s11, 0x58ba2
core   0: 1 0x0000000080005c3a (0x58ba2d97) x27 0x00000000d8ba7c3a
core   0: 0x0000000080005c3e (0x32359873) csrrw   a6, mhpmevent3, a1
core   0: exception trap_illegal_instruction, epc 0x0000000080005c3e
core   0:           tval 0x0000000032359873
core   0: >>>>  $xrv64i2p1_m2p0_a2p1_f2p2_d2p2_zicsr2p0_zifencei2p0_zmmul1p0_zba1p0_zbb1p0_zbc1p0_zbs1p0
core   0: 0x0000000080004000 (0x0080006f) j       pc + 0x8
core   0: 3 0x0000000080004000 (0x0080006f)
core   0: >>>>  mmode_exception_handler
core   0: 0x0000000080004008 (0x00002c17) auipc   s8, 0x2
core   0: 3 0x0000000080004008 (0x00002c17) x24 0x0000000080006008
core   0: 0x000000008000400c (0x030c0c13) addi    s8, s8, 48
core   0: 3 0x000000008000400c (0x030c0c13) x24 0x0000000080006038
core   0: 0x0000000080004010 (0x000c00e7) jalr    s8
core   0: 3 0x0000000080004010 (0x000c00e7) x1  0x0000000080004014
core   0: >>>>  any_handler
core   0: 0x0000000080006038 (0x341027f3) csrrs   a5, mepc, zero
core   0: 3 0x0000000080006038 (0x341027f3) x15 0x0000000080005c3e
core   0: 0x000000008000603c (0x34202773) csrrs   a4, mcause, zero
core   0: 3 0x000000008000603c (0x34202773) x14 0x0000000000000002
core   0: 0x0000000080006040 (0x142026f3) csrrs   a3, scause, zero
core   0: 3 0x0000000080006040 (0x142026f3) x13 0x0000000000000001
core   0: 0x0000000080006044 (0x30402673) csrrs   a2, mie, zero
core   0: 3 0x0000000080006044 (0x30402673) x12 0x0000000000000a00
core   0: 0x0000000080006048 (0x344025f3) csrrs   a1, mip, zero
core   0: 3 0x0000000080006048 (0x344025f3) x11 0x0000000000000080
core   0: 0x000000008000604c (0x343025f3) csrrs   a1, mtval, zero
core   0: 3 0x000000008000604c (0x343025f3) x11 0x0000000032359873
core   0: 0x0000000080006050 (0x14302573) csrrs   a0, stval, zero
core   0: 3 0x0000000080006050 (0x14302573) x10 0x0000000000000000
core   0: 0x0000000080006054 (0xb02024f3) csrrs   s1, minstret, zero
core   0: 3 0x0000000080006054 (0xb02024f3) x9  0x00000000000011bd
core   0: 0x0000000080006058 (0x0000a811) c.j     pc + 20
core   0: 3 0x0000000080006058 (0xa811)
core   0: >>>>  mepc_4
core   0: 0x000000008000606c (0x00000791) c.addi  a5, 4
core   0: 3 0x000000008000606c (0x0791) x15 0x0000000080005c42
core   0: 0x000000008000606e (0x34179073) csrrw   zero, mepc, a5
core   0: 3 0x000000008000606e (0x34179073) c833_mepc 0x0000000080005c42
core   0: 0x0000000080006072 (0x30200073) mret
core   0: 3 0x0000000080006072 (0x30200073) c768_mstatus 0x8000000a00106080
core   0: 0x0000000080005c42 (0x6be8fd4f) fnmadd.d fs10, fa7, ft10, fa3
core   0: 1 0x0000000080005c42 (0x6be8fd4f) f26 0x7ff8000000000000
core   0: 0x0000000080005c46 (0x008a1abb) sllw    s5, s4, s0
core   0: 1 0x0000000080005c46 (0x008a1abb) x21 0x0000000000000000
core   0: 0x0000000080005c4a (0x013089bb) addw    s3, ra, s3
core   0: 1 0x0000000080005c4a (0x013089bb) x19 0xffffffff80004014
core   0: 0x0000000080005c4e (0x42020e53) fcvt.d.s ft8, ft4
core   0: 1 0x0000000080005c4e (0x42020e53) f28 0x7ff8000000000000
core   0: 0x0000000080005c52 (0x015a9213) slli    tp, s5, 21
core   0: 1 0x0000000080005c52 (0x015a9213) x4  0x0000000000000000
core   0: 0x0000000080005c56 (0x000ddc3b) srlw    s8, s11, zero
core   0: 1 0x0000000080005c56 (0x000ddc3b) x24 0xffffffffd8ba7c3a
core   0: 0x0000000080005c5a (0x024c603b) remw    zero, s8, tp
core   0: 1 0x0000000080005c5a (0x024c603b)
core   0: 0x0000000080005c5e (0xbeec071b) addiw   a4, s8, -1042
core   0: 1 0x0000000080005c5e (0xbeec071b) x14 0xffffffffd8ba7828
core   0: 0x0000000080005c62 (0x02f877b3) remu    a5, a6, a5
core   0: 1 0x0000000080005c62 (0x02f877b3) x15 0x0000000000000011
core   0: 0x0000000080005c66 (0x002899f3) csrrw   s3, frm, a7
core   0: 1 0x0000000080005c66 (0x002899f3) x19 0x0000000000000000 c2_frm 0x0000000000000000
core   0: 0x0000000080005c6a (0x03159793) slli    a5, a1, 49
core   0: 1 0x0000000080005c6a (0x03159793) x15 0x30e6000000000000
core   0: 0x0000000080005c6e (0x0259f6b3) remu    a3, s3, t0
core   0: 1 0x0000000080005c6e (0x0259f6b3) x13 0x0000000000000000
core   0: 0x0000000080005c72 (0xc23bfdd3) fcvt.lu.d s11, fs7
core   0: 1 0x0000000080005c72 (0xc23bfdd3) c1_fflags 0x000000000000001f x27 0xffffffffffffffff
core   0: 0x0000000080005c76 (0x01c5c5b3) xor     a1, a1, t3
core   0: 1 0x0000000080005c76 (0x01c5c5b3) x11 0x0000000032359873
core   0: 0x0000000080005c7a (0x00e3893b) addw    s2, t2, a4
core   0: 1 0x0000000080005c7a (0x00e3893b) x18 0xffffffffd8ba66a3
core   0: 0x0000000080005c7e (0x41248933) sub     s2, s1, s2
core   0: 1 0x0000000080005c7e (0x41248933) x18 0x000000002745ab1a
core   0: 0x0000000080005c82 (0x02f68ebb) mulw    t4, a3, a5
core   0: 1 0x0000000080005c82 (0x02f68ebb) x29 0x0000000000000000
core   0: 0x0000000080005c86 (0x024555bb) divuw   a1, a0, tp
core   0: 1 0x0000000080005c86 (0x024555bb) x11 0xffffffffffffffff
core   0: 0x0000000080005c8a (0x4025d8bb) sraw    a7, a1, sp
core   0: 1 0x0000000080005c8a (0x4025d8bb) x17 0xffffffffffffffff
core   0: 0x0000000080005c8e (0x002ea7b3) slt     a5, t4, sp
core   0: 1 0x0000000080005c8e (0x002ea7b3) x15 0x0000000000000000
core   0: 0x0000000080005c92 (0x2b5d1ad3) fmax.d  fs5, fs10, fs5
core   0: 1 0x0000000080005c92 (0x2b5d1ad3) f21 0x7ff8000000000000
core   0: 0x0000000080005c96 (0x40a4553b) sraw    a0, s0, a0
core   0: 1 0x0000000080005c96 (0x40a4553b) x10 0x0000000000000000
core   0: 0x0000000080005c9a (0xd03572d3) fcvt.s.lu ft5, a0
core   0: 1 0x0000000080005c9a (0xd03572d3) f5  0xffffffff00000000
core   0: 0x0000000080005c9e (0x31052373) csrrs   t1, mstatush, a0
core   0: exception trap_illegal_instruction, epc 0x0000000080005c9e
core   0:           tval 0x0000000031052373
core   0: >>>>  $xrv64i2p1_m2p0_a2p1_f2p2_d2p2_zicsr2p0_zifencei2p0_zmmul1p0_zba1p0_zbb1p0_zbc1p0_zbs1p0
core   0: 0x0000000080004000 (0x0080006f) j       pc + 0x8
core   0: 3 0x0000000080004000 (0x0080006f)
core   0: >>>>  mmode_exception_handler
core   0: 0x0000000080004008 (0x00002c17) auipc   s8, 0x2
core   0: 3 0x0000000080004008 (0x00002c17) x24 0x0000000080006008
core   0: 0x000000008000400c (0x030c0c13) addi    s8, s8, 48
core   0: 3 0x000000008000400c (0x030c0c13) x24 0x0000000080006038
core   0: 0x0000000080004010 (0x000c00e7) jalr    s8
core   0: 3 0x0000000080004010 (0x000c00e7) x1  0x0000000080004014
core   0: >>>>  any_handler
core   0: 0x0000000080006038 (0x341027f3) csrrs   a5, mepc, zero
core   0: 3 0x0000000080006038 (0x341027f3) x15 0x0000000080005c9e
core   0: 0x000000008000603c (0x34202773) csrrs   a4, mcause, zero
core   0: 3 0x000000008000603c (0x34202773) x14 0x0000000000000002
core   0: 0x0000000080006040 (0x142026f3) csrrs   a3, scause, zero
core   0: 3 0x0000000080006040 (0x142026f3) x13 0x0000000000000001
core   0: 0x0000000080006044 (0x30402673) csrrs   a2, mie, zero
core   0: 3 0x0000000080006044 (0x30402673) x12 0x0000000000000a00
core   0: 0x0000000080006048 (0x344025f3) csrrs   a1, mip, zero
core   0: 3 0x0000000080006048 (0x344025f3) x11 0x0000000000000080
core   0: 0x000000008000604c (0x343025f3) csrrs   a1, mtval, zero
core   0: 3 0x000000008000604c (0x343025f3) x11 0x0000000031052373
core   0: 0x0000000080006050 (0x14302573) csrrs   a0, stval, zero
core   0: 3 0x0000000080006050 (0x14302573) x10 0x0000000000000000
core   0: 0x0000000080006054 (0xb02024f3) csrrs   s1, minstret, zero
core   0: 3 0x0000000080006054 (0xb02024f3) x9  0x00000000000011e4
core   0: 0x0000000080006058 (0x0000a811) c.j     pc + 20
core   0: 3 0x0000000080006058 (0xa811)
core   0: >>>>  mepc_4
core   0: 0x000000008000606c (0x00000791) c.addi  a5, 4
core   0: 3 0x000000008000606c (0x0791) x15 0x0000000080005ca2
core   0: 0x000000008000606e (0x34179073) csrrw   zero, mepc, a5
core   0: 3 0x000000008000606e (0x34179073) c833_mepc 0x0000000080005ca2
core   0: 0x0000000080006072 (0x30200073) mret
core   0: 3 0x0000000080006072 (0x30200073) c768_mstatus 0x8000000a00106080
core   0: 0x0000000080005ca2 (0x03f65913) srli    s2, a2, 63
core   0: 1 0x0000000080005ca2 (0x03f65913) x18 0x0000000000000000
core   0: 0x0000000080005ca6 (0x7fdcc013) xori    zero, s9, 2045
core   0: 1 0x0000000080005ca6 (0x7fdcc013)
core   0: 0x0000000080005caa (0x412086bb) subw    a3, ra, s2
core   0: 1 0x0000000080005caa (0x412086bb) x13 0xffffffff80004014
core   0: 0x0000000080005cae (0x0161111b) slliw   sp, sp, 22
core   0: 1 0x0000000080005cae (0x0161111b) x2  0x0000000000000000
core   0: 0x0000000080005cb2 (0x404a063b) subw    a2, s4, tp
core   0: 1 0x0000000080005cb2 (0x404a063b) x12 0x0000000000000000
core   0: 0x0000000080005cb6 (0xffa1cb37) lui     s6, 0xffa1c
core   0: 1 0x0000000080005cb6 (0xffa1cb37) x22 0xffffffffffa1c000
core   0: 0x0000000080005cba (0x40bb0b1b) addiw   s6, s6, 1035
core   0: 1 0x0000000080005cba (0x40bb0b1b) x22 0xffffffffffa1c40b
core   0: 0x0000000080005cbe (0x00000b3e) c.slli  s6, 15
core   0: 1 0x0000000080005cbe (0x0b3e) x22 0xffffffd0e2058000
core   0: 0x0000000080005cc0 (0x765b0b13) addi    s6, s6, 1893
core   0: 1 0x0000000080005cc0 (0x765b0b13) x22 0xffffffd0e2058765
core   0: 0x0000000080005cc4 (0x4019f353) fcvt.s.d ft6, fs3
core   0: 1 0x0000000080005cc4 (0x4019f353) f6  0xffffffff00000000
core   0: 0x0000000080005cc8 (0x3435a973) csrrs   s2, mtval, a1
core   0: exception trap_illegal_instruction, epc 0x0000000080005cc8
core   0:           tval 0x000000003435a973
core   0: >>>>  $xrv64i2p1_m2p0_a2p1_f2p2_d2p2_zicsr2p0_zifencei2p0_zmmul1p0_zba1p0_zbb1p0_zbc1p0_zbs1p0
core   0: 0x0000000080004000 (0x0080006f) j       pc + 0x8
core   0: 3 0x0000000080004000 (0x0080006f)
core   0: >>>>  mmode_exception_handler
core   0: 0x0000000080004008 (0x00002c17) auipc   s8, 0x2
core   0: 3 0x0000000080004008 (0x00002c17) x24 0x0000000080006008
core   0: 0x000000008000400c (0x030c0c13) addi    s8, s8, 48
core   0: 3 0x000000008000400c (0x030c0c13) x24 0x0000000080006038
core   0: 0x0000000080004010 (0x000c00e7) jalr    s8
core   0: 3 0x0000000080004010 (0x000c00e7) x1  0x0000000080004014
core   0: >>>>  any_handler
core   0: 0x0000000080006038 (0x341027f3) csrrs   a5, mepc, zero
core   0: 3 0x0000000080006038 (0x341027f3) x15 0x0000000080005cc8
core   0: 0x000000008000603c (0x34202773) csrrs   a4, mcause, zero
core   0: 3 0x000000008000603c (0x34202773) x14 0x0000000000000002
core   0: 0x0000000080006040 (0x142026f3) csrrs   a3, scause, zero
core   0: 3 0x0000000080006040 (0x142026f3) x13 0x0000000000000001
core   0: 0x0000000080006044 (0x30402673) csrrs   a2, mie, zero
core   0: 3 0x0000000080006044 (0x30402673) x12 0x0000000000000a00
core   0: 0x0000000080006048 (0x344025f3) csrrs   a1, mip, zero
core   0: 3 0x0000000080006048 (0x344025f3) x11 0x0000000000000080
core   0: 0x000000008000604c (0x343025f3) csrrs   a1, mtval, zero
core   0: 3 0x000000008000604c (0x343025f3) x11 0x000000003435a973
core   0: 0x0000000080006050 (0x14302573) csrrs   a0, stval, zero
core   0: 3 0x0000000080006050 (0x14302573) x10 0x0000000000000000
core   0: 0x0000000080006054 (0xb02024f3) csrrs   s1, minstret, zero
core   0: 3 0x0000000080006054 (0xb02024f3) x9  0x00000000000011fe
core   0: 0x0000000080006058 (0x0000a811) c.j     pc + 20
core   0: 3 0x0000000080006058 (0xa811)
core   0: >>>>  mepc_4
core   0: 0x000000008000606c (0x00000791) c.addi  a5, 4
core   0: 3 0x000000008000606c (0x0791) x15 0x0000000080005ccc
core   0: 0x000000008000606e (0x34179073) csrrw   zero, mepc, a5
core   0: 3 0x000000008000606e (0x34179073) c833_mepc 0x0000000080005ccc
core   0: 0x0000000080006072 (0x30200073) mret
core   0: 3 0x0000000080006072 (0x30200073) c768_mstatus 0x8000000a00106080
core   0: 0x0000000080005ccc (0x405603b3) sub     t2, a2, t0
core   0: 1 0x0000000080005ccc (0x405603b3) x7  0x3fffcfe380006a38
core   0: 0x0000000080005cd0 (0x1bdefbd3) fdiv.d  fs7, ft9, ft9
core   0: 1 0x0000000080005cd0 (0x1bdefbd3) f23 0x3ff0000000000000
core   0: 0x0000000080005cd4 (0x027d4b3b) divw    s6, s10, t2
core   0: 1 0x0000000080005cd4 (0x027d4b3b) x22 0x0000000000000000
core   0: 0x0000000080005cd8 (0x8afb8693) addi    a3, s7, -1873
core   0: 1 0x0000000080005cd8 (0x8afb8693) x13 0xfffffffffffff8af
core   0: 0x0000000080005cdc (0xd03b7753) fcvt.s.lu fa4, s6
core   0: 1 0x0000000080005cdc (0xd03b7753) f14 0xffffffff00000000
core   0: 0x0000000080005ce0 (0x03f09c13) slli    s8, ra, 63
core   0: 1 0x0000000080005ce0 (0x03f09c13) x24 0x0000000000000000
core   0: 0x0000000080005ce4 (0x85f57997) auipc   s3, 0x85f57
core   0: 1 0x0000000080005ce4 (0x85f57997) x19 0x0000000005f5cce4
core   0: 0x0000000080005ce8 (0x5f3cf7b7) lui     a5, 0x5f3cf
core   0: 1 0x0000000080005ce8 (0x5f3cf7b7) x15 0x000000005f3cf000
core   0: 0x0000000080005cec (0x0b98f653) fsub.d  fa2, fa7, fs9
core   0: 1 0x0000000080005cec (0x0b98f653) f12 0x7ff8000000000000
core   0: 0x0000000080005cf0 (0x00131c93) slli    s9, t1, 1
core   0: 1 0x0000000080005cf0 (0x00131c93) x25 0xfffffffffffffa8a
core   0: 0x0000000080005cf4 (0x0231a333) mulhsu  t1, gp, gp
core   0: 1 0x0000000080005cf4 (0x0231a333) x6  0x0000000000000000
core   0: 0x0000000080005cf8 (0x019353bb) srlw    t2, t1, s9
core   0: 1 0x0000000080005cf8 (0x019353bb) x7  0x0000000000000000
core   0: 0x0000000080005cfc (0x13177ed3) fmul.d  ft9, fa4, fa7
core   0: 1 0x0000000080005cfc (0x13177ed3) f29 0x7ff8000000000000
core   0: 0x0000000080005d00 (0xd234fd53) fcvt.d.lu fs10, s1
core   0: 1 0x0000000080005d00 (0xd234fd53) f26 0x40b1fe0000000000
core   0: 0x0000000080005d04 (0x410c013b) subw    sp, s8, a6
core   0: 1 0x0000000080005d04 (0x410c013b) x2  0xffffffffffffffef
core   0: 0x0000000080005d08 (0x0000988a) c.add   a7, sp
core   0: 1 0x0000000080005d08 (0x988a) x17 0xffffffffffffffee
core   0: 0x0000000080005d0a (0x00291573) csrrw   a0, frm, s2
core   0: 1 0x0000000080005d0a (0x00291573) x10 0x0000000000000000 c2_frm 0x0000000000000000
core   0: 0x0000000080005d0e (0x00102073) csrrs   zero, fflags, zero
core   0: 1 0x0000000080005d0e (0x00102073)
core   0: 0x0000000080005d12 (0x0018961b) slliw   a2, a7, 1
core   0: 1 0x0000000080005d12 (0x0018961b) x12 0xffffffffffffffdc
core   0: 0x0000000080005d16 (0x000bc413) xori    s0, s7, 0
core   0: 1 0x0000000080005d16 (0x000bc413) x8  0x0000000000000000
core   0: 0x0000000080005d1a (0x001ece93) xori    t4, t4, 1
core   0: 1 0x0000000080005d1a (0x001ece93) x29 0x0000000000000001
core   0: 0x0000000080005d1e (0x00000001) c.nop
core   0: 1 0x0000000080005d1e (0x0001)
core   0: 0x0000000080005d20 (0x021b0633) mul     a2, s6, ra
core   0: 1 0x0000000080005d20 (0x021b0633) x12 0x0000000000000000
core   0: 0x0000000080005d24 (0x01ce7533) and     a0, t3, t3
core   0: 1 0x0000000080005d24 (0x01ce7533) x10 0x0000000000000000
core   0: 0x0000000080005d28 (0x028444b3) div     s1, s0, s0
core   0: 1 0x0000000080005d28 (0x028444b3) x9  0xffffffffffffffff
core   0: 0x0000000080005d2c (0xc20c7053) fcvt.w.d zero, fs8
core   0: 1 0x0000000080005d2c (0xc20c7053)
core   0: 0x0000000080005d30 (0x003165b3) or      a1, sp, gp
core   0: 1 0x0000000080005d30 (0x003165b3) x11 0xffffffffffffffef
core   0: 0x0000000080005d34 (0x00e588b3) add     a7, a1, a4
core   0: 1 0x0000000080005d34 (0x00e588b3) x17 0xfffffffffffffff1
core   0: 0x0000000080005d38 (0x40055a9b) sraiw   s5, a0, 0
core   0: 1 0x0000000080005d38 (0x40055a9b) x21 0x0000000000000000
core   0: 0x0000000080005d3c (0x6ba17193) andi    gp, sp, 1722
core   0: 1 0x0000000080005d3c (0x6ba17193) x3  0x00000000000006aa
core   0: 0x0000000080005d40 (0x72e076c3) fmadd.d fa3, ft0, fa4, fa4
core   0: 1 0x0000000080005d40 (0x72e076c3) f13 0x7ff8000000000000
core   0: 0x0000000080005d44 (0xc216fa53) fcvt.wu.d s4, fa3
core   0: 1 0x0000000080005d44 (0xc216fa53) c1_fflags 0x000000000000001f x20 0xffffffffffffffff
core   0: 0x0000000080005d48 (0x02da79b3) remu    s3, s4, a3
core   0: 1 0x0000000080005d48 (0x02da79b3) x19 0x0000000000000750
core   0: 0x0000000080005d4c (0x2a6a91d3) fmax.d  ft3, fs5, ft6
core   0: 1 0x0000000080005d4c (0x2a6a91d3) f3  0x7ff8000000000000
core   0: 0x0000000080005d50 (0x22368dd3) fsgnj.d fs11, fa3, ft3
core   0: 1 0x0000000080005d50 (0x22368dd3) f27 0x7ff8000000000000
core   0: 0x0000000080005d54 (0x00000001) c.nop
core   0: 1 0x0000000080005d54 (0x0001)
core   0: 0x0000000080005d56 (0x03ce713b) remuw   sp, t3, t3
core   0: 1 0x0000000080005d56 (0x03ce713b) x2  0x0000000000000000
core   0: 0x0000000080005d5a (0x001b1993) slli    s3, s6, 1
core   0: 1 0x0000000080005d5a (0x001b1993) x19 0x0000000000000000
core   0: 0x0000000080005d5e (0x037644b3) div     s1, a2, s7
core   0: 1 0x0000000080005d5e (0x037644b3) x9  0xffffffffffffffff
core   0: 0x0000000080005d62 (0x03a15a33) divu    s4, sp, s10
core   0: 1 0x0000000080005d62 (0x03a15a33) x20 0xffffffffffffffff
core   0: 0x0000000080005d66 (0xff490ab7) lui     s5, 0xff490
core   0: 1 0x0000000080005d66 (0xff490ab7) x21 0xffffffffff490000
core   0: 0x0000000080005d6a (0x643a8a9b) addiw   s5, s5, 1603
core   0: 1 0x0000000080005d6a (0x643a8a9b) x21 0xffffffffff490643
core   0: 0x0000000080005d6e (0x00000aba) c.slli  s5, 14
core   0: 1 0x0000000080005d6e (0x0aba) x21 0xffffffd24190c000
core   0: 0x0000000080005d70 (0xb25a8a93) addi    s5, s5, -1243
core   0: 1 0x0000000080005d70 (0xb25a8a93) x21 0xffffffd24190bb25
core   0: 0x0000000080005d74 (0x800ece93) xori    t4, t4, -2048
core   0: 1 0x0000000080005d74 (0x800ece93) x29 0xfffffffffffff801
core   0: 0x0000000080005d78 (0x000b551b) srliw   a0, s6, 0
core   0: 1 0x0000000080005d78 (0x000b551b) x10 0x0000000000000000
core   0: 0x0000000080005d7c (0x401ff553) fcvt.s.d fa0, ft11
core   0: 1 0x0000000080005d7c (0x401ff553) f10 0xffffffff7fc00000
core   0: 0x0000000080005d80 (0x01c808bb) addw    a7, a6, t3
core   0: 1 0x0000000080005d80 (0x01c808bb) x17 0x0000000000000011
core   0: 0x0000000080005d84 (0x0298c933) div     s2, a7, s1
core   0: 1 0x0000000080005d84 (0x0298c933) x18 0xffffffffffffffef
core   0: 0x0000000080005d88 (0x608b7817) auipc   a6, 0x608b7
core   0: 1 0x0000000080005d88 (0x608b7817) x16 0x00000000e08bcd88
core   0: 0x0000000080005d8c (0x0040523b) srlw    tp, zero, tp
core   0: 1 0x0000000080005d8c (0x0040523b) x4  0x0000000000000000
core   0: 0x0000000080005d90 (0x00a454bb) srlw    s1, s0, a0
core   0: 1 0x0000000080005d90 (0x00a454bb) x9  0x0000000000000000
core   0: 0x0000000080005d94 (0x03507b33) remu    s6, zero, s5
core   0: 1 0x0000000080005d94 (0x03507b33) x22 0x0000000000000000
core   0: 0x0000000080005d98 (0x6adaf6cb) fnmsub.d fa3, fs5, fa3, fa3
core   0: 1 0x0000000080005d98 (0x6adaf6cb) f13 0x7ff8000000000000
core   0: 0x0000000080005d9c (0x0016d1bb) srlw    gp, a3, ra
core   0: 1 0x0000000080005d9c (0x0016d1bb) x3  0x0000000000000fff
core   0: 0x0000000080005da0 (0x02333b33) mulhu   s6, t1, gp
core   0: 1 0x0000000080005da0 (0x02333b33) x22 0x0000000000000000
core   0: 0x0000000080005da4 (0x2ad28953) fmin.d  fs2, ft5, fa3
core   0: 1 0x0000000080005da4 (0x2ad28953) f18 0x7ff8000000000000
core   0: 0x0000000080005da8 (0x2254a4d3) fsgnjx.d fs1, fs1, ft5
core   0: 1 0x0000000080005da8 (0x2254a4d3) f9  0x7fffffff80006038
core   0: 0x0000000080005dac (0xe7ca80b7) lui     ra, 0xe7ca8
core   0: 1 0x0000000080005dac (0xe7ca80b7) x1  0xffffffffe7ca8000
core   0: 0x0000000080005db0 (0x3b9873c3) fmadd.d ft7, fa6, fs9, ft7
core   0: 1 0x0000000080005db0 (0x3b9873c3) f7  0x7ff8000000000000
core   0: 0x0000000080005db4 (0x00136833) or      a6, t1, ra
core   0: 1 0x0000000080005db4 (0x00136833) x16 0xffffffffe7ca8000
core   0: 0x0000000080005db8 (0x400b5d9b) sraiw   s11, s6, 0
core   0: 1 0x0000000080005db8 (0x400b5d9b) x27 0x0000000000000000
core   0: 0x0000000080005dbc (0xbb1c0393) addi    t2, s8, -1103
core   0: 1 0x0000000080005dbc (0xbb1c0393) x7  0xfffffffffffffbb1
core   0: 0x0000000080005dc0 (0x00000001) c.nop
core   0: 1 0x0000000080005dc0 (0x0001)
core   0: 0x0000000080005dc2 (0x0189913b) sllw    sp, s3, s8
core   0: 1 0x0000000080005dc2 (0x0189913b) x2  0x0000000000000000
core   0: 0x0000000080005dc6 (0x131c78c3) fmadd.d fa7, fs8, fa7, ft2
core   0: 1 0x0000000080005dc6 (0x131c78c3) f17 0x7ff8000000000000
core   0: 0x0000000080005dca (0x224c0553) fsgnj.d fa0, fs8, ft4
core   0: 1 0x0000000080005dca (0x224c0553) f10 0x8000000000000000
core   0: 0x0000000080005dce (0xf2070453) fmv.d.x fs0, a4
core   0: 1 0x0000000080005dce (0xf2070453) f8  0x0000000000000002
core   0: 0x0000000080005dd2 (0x22ee8a53) fsgnj.d fs4, ft9, fa4
core   0: 1 0x0000000080005dd2 (0x22ee8a53) f20 0xfff8000000000000
core   0: 0x0000000080005dd6 (0x01084833) xor     a6, a6, a6
core   0: 1 0x0000000080005dd6 (0x01084833) x16 0x0000000000000000
core   0: 0x0000000080005dda (0x019818bb) sllw    a7, a6, s9
core   0: 1 0x0000000080005dda (0x019818bb) x17 0x0000000000000000
core   0: 0x0000000080005dde (0x401d77d3) fcvt.s.d fa5, fs10
core   0: 1 0x0000000080005dde (0x401d77d3) f15 0xffffffff458ff000
core   0: 0x0000000080005de2 (0x88247a13) andi    s4, s0, -1918
core   0: 1 0x0000000080005de2 (0x88247a13) x20 0x0000000000000000
core   0: 0x0000000080005de6 (0x40eddbbb) sraw    s7, s11, a4
core   0: 1 0x0000000080005de6 (0x40eddbbb) x23 0x0000000000000000
core   0: 0x0000000080005dea (0x9ac76117) auipc   sp, 0x9ac76
core   0: 1 0x0000000080005dea (0x9ac76117) x2  0x000000001ac7bdea
core   0: 0x0000000080005dee (0x017b89b3) add     s3, s7, s7
core   0: 1 0x0000000080005dee (0x017b89b3) x19 0x0000000000000000
core   0: 0x0000000080005df2 (0xc03b7c53) fcvt.lu.s s8, fs6
core   0: 1 0x0000000080005df2 (0xc03b7c53) c1_fflags 0x000000000000001f x24 0xffffffffffffffff
core   0: 0x0000000080005df6 (0x02529b33) mulh    s6, t0, t0
core   0: 1 0x0000000080005df6 (0x02529b33) x22 0x0fffe7f1c90ae348
core   0: 0x0000000080005dfa (0xc02bf653) fcvt.l.s a2, fs7
core   0: 1 0x0000000080005dfa (0xc02bf653) c1_fflags 0x000000000000001f x12 0x7fffffffffffffff
core   0: 0x0000000080005dfe (0x7ff34693) xori    a3, t1, 2047
core   0: 1 0x0000000080005dfe (0x7ff34693) x13 0x00000000000007ff
core   0: 0x0000000080005e02 (0x414c5c1b) sraiw   s8, s8, 20
core   0: 1 0x0000000080005e02 (0x414c5c1b) x24 0xffffffffffffffff
core   0: 0x0000000080005e06 (0x037c2433) mulhsu  s0, s8, s7
core   0: 1 0x0000000080005e06 (0x037c2433) x8  0x0000000000000000
core   0: 0x0000000080005e0a (0x400200b3) sub     ra, tp, zero
core   0: 1 0x0000000080005e0a (0x400200b3) x1  0x0000000000000000
core   0: 0x0000000080005e0e (0x01031333) sll     t1, t1, a6
core   0: 1 0x0000000080005e0e (0x01031333) x6  0x0000000000000000
core   0: 0x0000000080005e12 (0x231318d3) fsgnjn.d fa7, ft6, fa7
core   0: 1 0x0000000080005e12 (0x231318d3) f17 0xffffffff00000000
core   0: 0x0000000080005e16 (0x7ab8f943) fmadd.d fs2, fa7, fa1, fa5
core   0: 1 0x0000000080005e16 (0x7ab8f943) f18 0x7ff8000000000000
core   0: 0x0000000080005e1a (0x661e2237) lui     tp, 0x661e2
core   0: 1 0x0000000080005e1a (0x661e2237) x4  0x00000000661e2000
core   0: 0x0000000080005e1e (0x0b4a7353) fsub.d  ft6, fs4, fs4
core   0: 1 0x0000000080005e1e (0x0b4a7353) f6  0x7ff8000000000000
core   0: 0x0000000080005e22 (0x8008e893) ori     a7, a7, -2048
core   0: 1 0x0000000080005e22 (0x8008e893) x17 0xfffffffffffff800
core   0: 0x0000000080005e26 (0x033266bb) remw    a3, tp, s3
core   0: 1 0x0000000080005e26 (0x033266bb) x13 0x00000000661e2000
core   0: 0x0000000080005e2a (0x40c68633) sub     a2, a3, a2
core   0: 1 0x0000000080005e2a (0x40c68633) x12 0x80000000661e2001
core   0: 0x0000000080005e2e (0x126c70c7) fmsub.d ft1, fs8, ft6, ft2
core   0: 1 0x0000000080005e2e (0x126c70c7) f1  0x7ff8000000000000
core   0: 0x0000000080005e32 (0xd1a6fc93) andi    s9, a3, -742
core   0: 1 0x0000000080005e32 (0xd1a6fc93) x25 0x00000000661e2000
core   0: 0x0000000080005e36 (0x00d6803b) addw    zero, a3, a3
core   0: 1 0x0000000080005e36 (0x00d6803b)
core   0: 0x0000000080005e3a (0x00cc8733) add     a4, s9, a2
core   0: 1 0x0000000080005e3a (0x00cc8733) x14 0x80000000cc3c4001
core   0: 0x0000000080005e3e (0xb82da1f3) csrrs   gp, minstreth, s11
core   0: exception trap_illegal_instruction, epc 0x0000000080005e3e
core   0:           tval 0x00000000b82da1f3
core   0: >>>>  $xrv64i2p1_m2p0_a2p1_f2p2_d2p2_zicsr2p0_zifencei2p0_zmmul1p0_zba1p0_zbb1p0_zbc1p0_zbs1p0
core   0: 0x0000000080004000 (0x0080006f) j       pc + 0x8
core   0: 3 0x0000000080004000 (0x0080006f)
core   0: >>>>  mmode_exception_handler
core   0: 0x0000000080004008 (0x00002c17) auipc   s8, 0x2
core   0: 3 0x0000000080004008 (0x00002c17) x24 0x0000000080006008
core   0: 0x000000008000400c (0x030c0c13) addi    s8, s8, 48
core   0: 3 0x000000008000400c (0x030c0c13) x24 0x0000000080006038
core   0: 0x0000000080004010 (0x000c00e7) jalr    s8
core   0: 3 0x0000000080004010 (0x000c00e7) x1  0x0000000080004014
core   0: >>>>  any_handler
core   0: 0x0000000080006038 (0x341027f3) csrrs   a5, mepc, zero
core   0: 3 0x0000000080006038 (0x341027f3) x15 0x0000000080005e3e
core   0: 0x000000008000603c (0x34202773) csrrs   a4, mcause, zero
core   0: 3 0x000000008000603c (0x34202773) x14 0x0000000000000002
core   0: 0x0000000080006040 (0x142026f3) csrrs   a3, scause, zero
core   0: 3 0x0000000080006040 (0x142026f3) x13 0x0000000000000001
core   0: 0x0000000080006044 (0x30402673) csrrs   a2, mie, zero
core   0: 3 0x0000000080006044 (0x30402673) x12 0x0000000000000a00
core   0: 0x0000000080006048 (0x344025f3) csrrs   a1, mip, zero
core   0: 3 0x0000000080006048 (0x344025f3) x11 0x0000000000000080
core   0: 0x000000008000604c (0x343025f3) csrrs   a1, mtval, zero
core   0: 3 0x000000008000604c (0x343025f3) x11 0x00000000b82da1f3
core   0: 0x0000000080006050 (0x14302573) csrrs   a0, stval, zero
core   0: 3 0x0000000080006050 (0x14302573) x10 0x0000000000000000
core   0: 0x0000000080006054 (0xb02024f3) csrrs   s1, minstret, zero
core   0: 3 0x0000000080006054 (0xb02024f3) x9  0x000000000000126d
core   0: 0x0000000080006058 (0x0000a811) c.j     pc + 20
core   0: 3 0x0000000080006058 (0xa811)
core   0: >>>>  mepc_4
core   0: 0x000000008000606c (0x00000791) c.addi  a5, 4
core   0: 3 0x000000008000606c (0x0791) x15 0x0000000080005e42
core   0: 0x000000008000606e (0x34179073) csrrw   zero, mepc, a5
core   0: 3 0x000000008000606e (0x34179073) c833_mepc 0x0000000080005e42
core   0: 0x0000000080006072 (0x30200073) mret
core   0: 3 0x0000000080006072 (0x30200073) c768_mstatus 0x8000000a00106080
core   0: 0x0000000080005e42 (0x23d78a53) fsgnj.d fs4, fa5, ft9
core   0: 1 0x0000000080005e42 (0x23d78a53) f20 0x7fffffff458ff000
core   0: 0x0000000080005e46 (0x02f37953) fadd.d  fs2, ft6, fa5
core   0: 1 0x0000000080005e46 (0x02f37953) f18 0x7ff8000000000000
core   0: 0x0000000080005e4a (0x0a95f6d3) fsub.d  fa3, fa1, fs1
core   0: 1 0x0000000080005e4a (0x0a95f6d3) f13 0x7ff8000000000000
core   0: 0x0000000080005e4e (0x02d63133) mulhu   sp, a2, a3
core   0: 1 0x0000000080005e4e (0x02d63133) x2  0x0000000000000000
core   0: 0x0000000080005e52 (0x0000914d) c.srli  a0, 51
core   0: 1 0x0000000080005e52 (0x914d) x10 0x0000000000000000
core   0: 0x0000000080005e54 (0xd03d7d53) fcvt.s.lu fs10, s10
core   0: 1 0x0000000080005e54 (0xd03d7d53) f26 0xffffffff00000000
core   0: 0x0000000080005e58 (0x00f79d3b) sllw    s10, a5, a5
core   0: 1 0x0000000080005e58 (0x00f79d3b) x26 0x0000000000017908
core   0: 0x0000000080005e5c (0x420d0853) fcvt.d.s fa6, fs10
core   0: 1 0x0000000080005e5c (0x420d0853) f16 0x0000000000000000
core   0: 0x0000000080005e60 (0x42070fd3) fcvt.d.s ft11, fa4
core   0: 1 0x0000000080005e60 (0x42070fd3) f31 0x0000000000000000
core   0: 0x0000000080005e64 (0x401cf9d3) fcvt.s.d fs3, fs9
core   0: 1 0x0000000080005e64 (0x401cf9d3) f19 0xffffffff7fc00000
core   0: 0x0000000080005e68 (0x02a9f53b) remuw   a0, s3, a0
core   0: 1 0x0000000080005e68 (0x02a9f53b) x10 0x0000000000000000
core   0: 0x0000000080005e6c (0x018726b7) lui     a3, 0x1872
core   0: 1 0x0000000080005e6c (0x018726b7) x13 0x0000000001872000
core   0: 0x0000000080005e70 (0x3c96869b) addiw   a3, a3, 969
core   0: 1 0x0000000080005e70 (0x3c96869b) x13 0x00000000018723c9
core   0: 0x0000000080005e74 (0x000006b6) c.slli  a3, 13
core   0: 1 0x0000000080005e74 (0x06b6) x13 0x00000030e4792000
core   0: 0x0000000080005e76 (0xc5968693) addi    a3, a3, -935
core   0: 1 0x0000000080005e76 (0xc5968693) x13 0x00000030e4791c59
core   0: 0x0000000080005e7a (0x43f8d393) srai    t2, a7, 63
core   0: 1 0x0000000080005e7a (0x43f8d393) x7  0xffffffffffffffff
core   0: 0x0000000080005e7e (0x41a88bb3) sub     s7, a7, s10
core   0: 1 0x0000000080005e7e (0x41a88bb3) x23 0xfffffffffffe7ef8
core   0: 0x0000000080005e82 (0x4187d41b) sraiw   s0, a5, 24
core   0: 1 0x0000000080005e82 (0x4187d41b) x8  0xffffffffffffff80
core   0: 0x0000000080005e86 (0x00e82a33) slt     s4, a6, a4
core   0: 1 0x0000000080005e86 (0x00e82a33) x20 0x0000000000000001
core   0: 0x0000000080005e8a (0x031ae4b3) rem     s1, s5, a7
core   0: 1 0x0000000080005e8a (0x031ae4b3) x9  0xfffffffffffffb25
core   0: 0x0000000080005e8e (0x01249b33) sll     s6, s1, s2
core   0: 1 0x0000000080005e8e (0x01249b33) x22 0xfd92800000000000
core   0: 0x0000000080005e92 (0x035b3133) mulhu   sp, s6, s5
core   0: 1 0x0000000080005e92 (0x035b3133) x2  0xfd927fd2b09e8e46
core   0: 0x0000000080005e96 (0x0291f1bb) remuw   gp, gp, s1
core   0: 1 0x0000000080005e96 (0x0291f1bb) x3  0x0000000000000fff
core   0: 0x0000000080005e9a (0x1241f1d3) fmul.d  ft3, ft3, ft4
core   0: 1 0x0000000080005e9a (0x1241f1d3) f3  0x7ff8000000000000
core   0: 0x0000000080005e9e (0x41175493) srai    s1, a4, 17
core   0: 1 0x0000000080005e9e (0x41175493) x9  0x0000000000000000
core   0: 0x0000000080005ea2 (0x02e4c0b3) div     ra, s1, a4
core   0: 1 0x0000000080005ea2 (0x02e4c0b3) x1  0x0000000000000000
core   0: 0x0000000080005ea6 (0xc229f453) fcvt.l.d s0, fs3
core   0: 1 0x0000000080005ea6 (0xc229f453) c1_fflags 0x000000000000001f x8  0x7fffffffffffffff
core   0: 0x0000000080005eaa (0x0118c333) xor     t1, a7, a7
core   0: 1 0x0000000080005eaa (0x0118c333) x6  0x0000000000000000
core   0: 0x0000000080005eae (0x027c23b3) mulhsu  t2, s8, t2
core   0: 1 0x0000000080005eae (0x027c23b3) x7  0x0000000080006037
core   0: 0x0000000080005eb2 (0x22fa27d3) fsgnjx.d fa5, fs4, fa5
core   0: 1 0x0000000080005eb2 (0x22fa27d3) f15 0xffffffff458ff000
core   0: 0x0000000080005eb6 (0xf20d8cd3) fmv.d.x fs9, s11
core   0: 1 0x0000000080005eb6 (0xf20d8cd3) f25 0x0000000000000000
core   0: 0x0000000080005eba (0x00008dee) c.mv    s11, s11
core   0: 1 0x0000000080005eba (0x8dee) x27 0x0000000000000000
core   0: 0x0000000080005ebc (0x001dd093) srli    ra, s11, 1
core   0: 1 0x0000000080005ebc (0x001dd093) x1  0x0000000000000000
core   0: 0x0000000080005ec0 (0x23f898d3) fsgnjn.d fa7, fa7, ft11
core   0: 1 0x0000000080005ec0 (0x23f898d3) f17 0xffffffff00000000
core   0: 0x0000000080005ec4 (0x131ffe53) fmul.d  ft8, ft11, fa7
core   0: 1 0x0000000080005ec4 (0x131ffe53) f28 0x7ff8000000000000
core   0: 0x0000000080005ec8 (0x0b49f0cf) fnmadd.d ft1, fs3, fs4, ft1
core   0: 1 0x0000000080005ec8 (0x0b49f0cf) f1  0x7ff8000000000000
core   0: 0x0000000080005ecc (0xc210fad3) fcvt.wu.d s5, ft1
core   0: 1 0x0000000080005ecc (0xc210fad3) c1_fflags 0x000000000000001f x21 0xffffffffffffffff
core   0: 0x0000000080005ed0 (0xf2167f47) fmsub.d ft10, fa2, ft1, ft10
core   0: 1 0x0000000080005ed0 (0xf2167f47) f30 0x7ff8000000000000
core   0: 0x0000000080005ed4 (0x43fad493) srai    s1, s5, 63
core   0: 1 0x0000000080005ed4 (0x43fad493) x9  0xffffffffffffffff
core   0: 0x0000000080005ed8 (0x6fe65917) auipc   s2, 0x6fe65
core   0: 1 0x0000000080005ed8 (0x6fe65917) x18 0x00000000efe6aed8
core   0: 0x0000000080005edc (0x000c6c33) or      s8, s8, zero
core   0: 1 0x0000000080005edc (0x000c6c33) x24 0x0000000080006038
core   0: 0x0000000080005ee0 (0x2bec9ad3) fmax.d  fs5, fs9, ft10
core   0: 1 0x0000000080005ee0 (0x2bec9ad3) f21 0x0000000000000000
core   0: 0x0000000080005ee4 (0x8002c293) xori    t0, t0, -2048
core   0: 1 0x0000000080005ee4 (0x8002c293) x5  0x3fffcfe3800067c8
core   0: 0x0000000080005ee8 (0x00102d73) csrrs   s10, fflags, zero
core   0: 1 0x0000000080005ee8 (0x00102d73) x26 0x000000000000001f
core   0: 0x0000000080005eec (0x00202273) csrrs   tp, frm, zero
core   0: 1 0x0000000080005eec (0x00202273) x4  0x0000000000000000
core   0: 0x0000000080005ef0 (0x7ffe4193) xori    gp, t3, 2047
core   0: 1 0x0000000080005ef0 (0x7ffe4193) x3  0x00000000000007ff
core   0: 0x0000000080005ef4 (0xabeafb47) fmsub.d fs6, fs5, ft10, fs5
core   0: 1 0x0000000080005ef4 (0xabeafb47) f22 0x7ff8000000000000
core   0: 0x0000000080005ef8 (0x5a057953) fsqrt.d fs2, fa0
core   0: 1 0x0000000080005ef8 (0x5a057953) f18 0x8000000000000000
core   0: 0x0000000080005efc (0xeb5872c7) fmsub.d ft5, fa6, fs5, ft9
core   0: 1 0x0000000080005efc (0xeb5872c7) f5  0x7ff8000000000000
core   0: 0x0000000080005f00 (0x0241b6b3) mulhu   a3, gp, tp
core   0: 1 0x0000000080005f00 (0x0241b6b3) x13 0x0000000000000000
core   0: 0x0000000080005f04 (0x00000001) c.nop
core   0: 1 0x0000000080005f04 (0x0001)
core   0: 0x0000000080005f06 (0x0146f033) and     zero, a3, s4
core   0: 1 0x0000000080005f06 (0x0146f033)
core   0: 0x0000000080005f0a (0x2a92f647) fmsub.d fa2, ft5, fs1, ft5
core   0: 1 0x0000000080005f0a (0x2a92f647) f12 0x7ff8000000000000
core   0: 0x0000000080005f0e (0xa3c28653) fle.d   a2, ft5, ft8
core   0: 1 0x0000000080005f0e (0xa3c28653) c1_fflags 0x000000000000001f x12 0x0000000000000000
core   0: 0x0000000080005f12 (0x40c6043b) subw    s0, a2, a2
core   0: 1 0x0000000080005f12 (0x40c6043b) x8  0x0000000000000000
core   0: 0x0000000080005f16 (0x02b2673b) remw    a4, tp, a1
core   0: 1 0x0000000080005f16 (0x02b2673b) x14 0x0000000000000000
core   0: 0x0000000080005f1a (0x001420b3) slt     ra, s0, ra
core   0: 1 0x0000000080005f1a (0x001420b3) x1  0x0000000000000000
core   0: 0x0000000080005f1e (0x4fce8497) auipc   s1, 0x4fce8
core   0: 1 0x0000000080005f1e (0x4fce8497) x9  0x00000000cfcedf1e
core   0: 0x0000000080005f22 (0x4150d3bb) sraw    t2, ra, s5
core   0: 1 0x0000000080005f22 (0x4150d3bb) x7  0x0000000000000000
core   0: 0x0000000080005f26 (0xd20485d3) fcvt.d.w fa1, s1
core   0: 1 0x0000000080005f26 (0xd20485d3) f11 0xc1c8189071000000
core   0: 0x0000000080005f2a (0x01f4511b) srliw   sp, s0, 31
core   0: 1 0x0000000080005f2a (0x01f4511b) x2  0x0000000000000000
core   0: 0x0000000080005f2e (0xc2047bd3) fcvt.w.d s7, fs0
core   0: 1 0x0000000080005f2e (0xc2047bd3) c1_fflags 0x000000000000001f x23 0x0000000000000000
core   0: 0x0000000080005f32 (0x037164b3) rem     s1, sp, s7
core   0: 1 0x0000000080005f32 (0x037164b3) x9  0x0000000000000000
core   0: 0x0000000080005f36 (0x223ca6d3) fsgnjx.d fa3, fs9, ft3
core   0: 1 0x0000000080005f36 (0x223ca6d3) f13 0x0000000000000000
core   0: 0x0000000080005f3a (0x800c8693) addi    a3, s9, -2048
core   0: 1 0x0000000080005f3a (0x800c8693) x13 0x00000000661e1800
core   0: 0x0000000080005f3e (0xfd4fba37) lui     s4, 0xfd4fb
core   0: 1 0x0000000080005f3e (0xfd4fba37) x20 0xfffffffffd4fb000
core   0: 0x0000000080005f42 (0xd233f353) fcvt.d.lu ft6, t2
core   0: 1 0x0000000080005f42 (0xd233f353) f6  0x0000000000000000
core   0: 0x0000000080005f46 (0x034802b3) mul     t0, a6, s4
core   0: 1 0x0000000080005f46 (0x034802b3) x5  0x0000000000000000
core   0: 0x0000000080005f4a (0xc20675d3) fcvt.w.d a1, fa2
core   0: 1 0x0000000080005f4a (0xc20675d3) c1_fflags 0x000000000000001f x11 0x000000007fffffff
core   0: 0x0000000080005f4e (0x001b9d73) csrrw   s10, fflags, s7
core   0: 1 0x0000000080005f4e (0x001b9d73) x26 0x000000000000001f c1_fflags 0x0000000000000000
core   0: 0x0000000080005f52 (0xc06e1273) csrrw   tp, hpmcounter6, t3
core   0: exception trap_illegal_instruction, epc 0x0000000080005f52
core   0:           tval 0x00000000c06e1273
core   0: >>>>  $xrv64i2p1_m2p0_a2p1_f2p2_d2p2_zicsr2p0_zifencei2p0_zmmul1p0_zba1p0_zbb1p0_zbc1p0_zbs1p0
core   0: 0x0000000080004000 (0x0080006f) j       pc + 0x8
core   0: 3 0x0000000080004000 (0x0080006f)
core   0: >>>>  mmode_exception_handler
core   0: 0x0000000080004008 (0x00002c17) auipc   s8, 0x2
core   0: 3 0x0000000080004008 (0x00002c17) x24 0x0000000080006008
core   0: 0x000000008000400c (0x030c0c13) addi    s8, s8, 48
core   0: 3 0x000000008000400c (0x030c0c13) x24 0x0000000080006038
core   0: 0x0000000080004010 (0x000c00e7) jalr    s8
core   0: 3 0x0000000080004010 (0x000c00e7) x1  0x0000000080004014
core   0: >>>>  any_handler
core   0: 0x0000000080006038 (0x341027f3) csrrs   a5, mepc, zero
core   0: 3 0x0000000080006038 (0x341027f3) x15 0x0000000080005f52
core   0: 0x000000008000603c (0x34202773) csrrs   a4, mcause, zero
core   0: 3 0x000000008000603c (0x34202773) x14 0x0000000000000002
core   0: 0x0000000080006040 (0x142026f3) csrrs   a3, scause, zero
core   0: 3 0x0000000080006040 (0x142026f3) x13 0x0000000000000001
core   0: 0x0000000080006044 (0x30402673) csrrs   a2, mie, zero
core   0: 3 0x0000000080006044 (0x30402673) x12 0x0000000000000a00
core   0: 0x0000000080006048 (0x344025f3) csrrs   a1, mip, zero
core   0: 3 0x0000000080006048 (0x344025f3) x11 0x0000000000000080
core   0: 0x000000008000604c (0x343025f3) csrrs   a1, mtval, zero
core   0: 3 0x000000008000604c (0x343025f3) x11 0x00000000c06e1273
core   0: 0x0000000080006050 (0x14302573) csrrs   a0, stval, zero
core   0: 3 0x0000000080006050 (0x14302573) x10 0x0000000000000000
core   0: 0x0000000080006054 (0xb02024f3) csrrs   s1, minstret, zero
core   0: 3 0x0000000080006054 (0xb02024f3) x9  0x00000000000012c3
core   0: 0x0000000080006058 (0x0000a811) c.j     pc + 20
core   0: 3 0x0000000080006058 (0xa811)
core   0: >>>>  mepc_4
core   0: 0x000000008000606c (0x00000791) c.addi  a5, 4
core   0: 3 0x000000008000606c (0x0791) x15 0x0000000080005f56
core   0: 0x000000008000606e (0x34179073) csrrw   zero, mepc, a5
core   0: 3 0x000000008000606e (0x34179073) c833_mepc 0x0000000080005f56
core   0: 0x0000000080006072 (0x30200073) mret
core   0: 3 0x0000000080006072 (0x30200073) c768_mstatus 0x8000000a00106080
core   0: 0x0000000080005f56 (0x00111473) csrrw   s0, fflags, sp
core   0: 1 0x0000000080005f56 (0x00111473) x8  0x0000000000000000 c1_fflags 0x0000000000000000
core   0: 0x0000000080005f5a (0x8774eb93) ori     s7, s1, -1929
core   0: 1 0x0000000080005f5a (0x8774eb93) x23 0xfffffffffffffaf7
core   0: 0x0000000080005f5e (0xc8fcbd17) auipc   s10, 0xc8fcb
core   0: 1 0x0000000080005f5e (0xc8fcbd17) x26 0x0000000048fd0f5e
core   0: 0x0000000080005f62 (0x03bdfdb3) remu    s11, s11, s11
core   0: 1 0x0000000080005f62 (0x03bdfdb3) x27 0x0000000000000000
core   0: 0x0000000080005f66 (0x037e9c33) mulh    s8, t4, s7
core   0: 1 0x0000000080005f66 (0x037e9c33) x24 0x0000000000000000
core   0: 0x0000000080005f6a (0xc231f0d3) fcvt.lu.d ra, ft3
core   0: 1 0x0000000080005f6a (0xc231f0d3) c1_fflags 0x0000000000000010 x1  0xffffffffffffffff
core   0: 0x0000000080005f6e (0x4011f853) fcvt.s.d fa6, ft3
core   0: 1 0x0000000080005f6e (0x4011f853) f16 0xffffffff7fc00000
core   0: 0x0000000080005f72 (0x800ac813) xori    a6, s5, -2048
core   0: 1 0x0000000080005f72 (0x800ac813) x16 0x00000000000007ff
core   0: 0x0000000080005f76 (0xd21508d3) fcvt.d.wu fa7, a0
core   0: 1 0x0000000080005f76 (0xd21508d3) f17 0x0000000000000000
core   0: 0x0000000080005f7a (0x0080169b) slliw   a3, zero, 8
core   0: 1 0x0000000080005f7a (0x0080169b) x13 0x0000000000000000
core   0: 0x0000000080005f7e (0x02b065b3) rem     a1, zero, a1
core   0: 1 0x0000000080005f7e (0x02b065b3) x11 0x0000000000000000
core   0: 0x0000000080005f82 (0x416c0a33) sub     s4, s8, s6
core   0: 1 0x0000000080005f82 (0x416c0a33) x20 0x026d800000000000
core   0: 0x0000000080005f86 (0x5a0afed3) fsqrt.d ft9, fs5
core   0: 1 0x0000000080005f86 (0x5a0afed3) f29 0x0000000000000000
core   0: 0x0000000080005f8a (0x000a1193) slli    gp, s4, 0
core   0: 1 0x0000000080005f8a (0x000a1193) x3  0x026d800000000000
core   0: 0x0000000080005f8e (0x03958e33) mul     t3, a1, s9
core   0: 1 0x0000000080005f8e (0x03958e33) x28 0x0000000000000000
core   0: 0x0000000080005f92 (0x001095f3) csrrw   a1, fflags, ra
core   0: 1 0x0000000080005f92 (0x001095f3) x11 0x0000000000000010 c1_fflags 0x000000000000001f
core   0: 0x0000000080005f96 (0x416d8b3b) subw    s6, s11, s6
core   0: 1 0x0000000080005f96 (0x416d8b3b) x22 0x0000000000000000
core   0: 0x0000000080005f9a (0x00229e73) csrrw   t3, frm, t0
core   0: 1 0x0000000080005f9a (0x00229e73) x28 0x0000000000000000 c2_frm 0x0000000000000000
core   0: 0x0000000080005f9e (0x0372ec33) rem     s8, t0, s7
core   0: 1 0x0000000080005f9e (0x0372ec33) x24 0x0000000000000000
core   0: 0x0000000080005fa2 (0x17cdec93) ori     s9, s11, 380
core   0: 1 0x0000000080005fa2 (0x17cdec93) x25 0x000000000000017c
core   0: 0x0000000080005fa6 (0x4384d793) srai    a5, s1, 56
core   0: 1 0x0000000080005fa6 (0x4384d793) x15 0x0000000000000000
core   0: 0x0000000080005faa (0x0295713b) remuw   sp, a0, s1
core   0: 1 0x0000000080005faa (0x0295713b) x2  0x0000000000000000
core   0: 0x0000000080005fae (0xe2098dd3) fmv.x.d s11, fs3
core   0: 1 0x0000000080005fae (0xe2098dd3) x27 0xffffffff7fc00000
core   0: 0x0000000080005fb2 (0x039b1913) slli    s2, s6, 57
core   0: 1 0x0000000080005fb2 (0x039b1913) x18 0x0000000000000000
core   0: 0x0000000080005fb6 (0x0ff0000f) fence   iorw,iorw
core   0: 1 0x0000000080005fb6 (0x0ff0000f)
core   0: 0x0000000080005fba (0x03fd1213) slli    tp, s10, 63
core   0: 1 0x0000000080005fba (0x03fd1213) x4  0x0000000000000000
core   0: 0x0000000080005fbe (0xd03ef453) fcvt.s.lu fs0, t4
core   0: 1 0x0000000080005fbe (0xd03ef453) c1_fflags 0x000000000000001f f8  0xffffffff5f800000
core   0: 0x0000000080005fc2 (0x0132553b) srlw    a0, tp, s3
core   0: 1 0x0000000080005fc2 (0x0132553b) x10 0x0000000000000000
core   0: 0x0000000080005fc6 (0x23499ed3) fsgnjn.d ft9, fs3, fs4
core   0: 1 0x0000000080005fc6 (0x23499ed3) f29 0xffffffff7fc00000
core   0: 0x0000000080005fca (0x5a0b7bd3) fsqrt.d fs7, fs6
core   0: 1 0x0000000080005fca (0x5a0b7bd3) f23 0x7ff8000000000000
core   0: 0x0000000080005fce (0x015505b3) add     a1, a0, s5
core   0: 1 0x0000000080005fce (0x015505b3) x11 0xffffffffffffffff
core   0: 0x0000000080005fd2 (0xf20e8753) fmv.d.x fa4, t4
core   0: 1 0x0000000080005fd2 (0xf20e8753) f14 0xfffffffffffff801
core   0: 0x0000000080005fd6 (0x3185059b) addiw   a1, a0, 792
core   0: 1 0x0000000080005fd6 (0x3185059b) x11 0x0000000000000318
core   0: 0x0000000080005fda (0x03ba2533) mulhsu  a0, s4, s11
core   0: 1 0x0000000080005fda (0x03ba2533) x10 0x026d7ffffec8a4a0
core   0: 0x0000000080005fde (0x002509bb) addw    s3, a0, sp
core   0: 1 0x0000000080005fde (0x002509bb) x19 0xfffffffffec8a4a0
core   0: 0x0000000080005fe2 (0x007cd1bb) srlw    gp, s9, t2
core   0: 1 0x0000000080005fe2 (0x007cd1bb) x3  0x000000000000017c
core   0: 0x0000000080005fe6 (0x01d79d9b) slliw   s11, a5, 29
core   0: 1 0x0000000080005fe6 (0x01d79d9b) x27 0x0000000000000000
core   0: 0x0000000080005fea (0x01d2ab33) slt     s6, t0, t4
core   0: 1 0x0000000080005fea (0x01d2ab33) x22 0x0000000000000000
core   0: 0x0000000080005fee (0x025b693b) remw    s2, s6, t0
core   0: 1 0x0000000080005fee (0x025b693b) x18 0x0000000000000000
core   0: 0x0000000080005ff2 (0x01b1edb3) or      s11, gp, s11
core   0: 1 0x0000000080005ff2 (0x01b1edb3) x27 0x000000000000017c
core   0: 0x0000000080005ff6 (0x01b96cb3) or      s9, s2, s11
core   0: 1 0x0000000080005ff6 (0x01b96cb3) x25 0x000000000000017c
core   0: 0x0000000080005ffa (0xf20683d3) fmv.d.x ft7, a3
core   0: 1 0x0000000080005ffa (0xf20683d3) f7  0x0000000000000000
core   0: 0x0000000080005ffe (0x02e9773b) remuw   a4, s2, a4
core   0: 1 0x0000000080005ffe (0x02e9773b) x14 0x0000000000000000
core   0: 0x0000000080006002 (0x0337f453) fadd.d  fs0, fa5, fs3
core   0: 1 0x0000000080006002 (0x0337f453) f8  0x7ff8000000000000
core   0: 0x0000000080006006 (0x03b4c63b) divw    a2, s1, s11
core   0: 1 0x0000000080006006 (0x03b4c63b) x12 0x000000000000000c
core   0: 0x000000008000600a (0xd21d85d3) fcvt.d.wu fa1, s11
core   0: 1 0x000000008000600a (0xd21d85d3) f11 0x4077c00000000000
core   0: 0x000000008000600e (0x02c5bbb3) mulhu   s7, a1, a2
core   0: 1 0x000000008000600e (0x02c5bbb3) x23 0x0000000000000000
core   0: 0x0000000080006012 (0x223f91d3) fsgnjn.d ft3, ft11, ft3
core   0: 1 0x0000000080006012 (0x223f91d3) f3  0x8000000000000000
core   0: 0x0000000080006016 (0x405cdcbb) sraw    s9, s9, t0
core   0: 1 0x0000000080006016 (0x405cdcbb) x25 0x000000000000017c
core   0: 0x000000008000601a (0x407ed1bb) sraw    gp, t4, t2
core   0: 1 0x000000008000601a (0x407ed1bb) x3  0xfffffffffffff801
core   0: 0x000000008000601e (0x87d5f493) andi    s1, a1, -1923
core   0: 1 0x000000008000601e (0x87d5f493) x9  0x0000000000000018
core   0: 0x0000000080006022 (0x2b3b1b53) fmax.d  fs6, fs6, fs3
core   0: 1 0x0000000080006022 (0x2b3b1b53) f22 0x7ff8000000000000
core   0: 0x0000000080006026 (0x2ac09ed3) fmax.d  ft9, ft1, fa2
core   0: 1 0x0000000080006026 (0x2ac09ed3) f29 0x7ff8000000000000
core   0: 0x000000008000602a (0xd2387453) fcvt.d.lu fs0, a6
core   0: 1 0x000000008000602a (0xd2387453) f8  0x409ffc0000000000
core   0: 0x000000008000602e (0x4012fdd3) fcvt.s.d fs11, ft5
core   0: 1 0x000000008000602e (0x4012fdd3) f27 0xffffffff7fc00000
core   0: >>>>  write_tohost
core   0: 0x0000000080006032 (0x9b2fa0ef) jal     pc - 0x5e4e
core   0: 1 0x0000000080006032 (0x9b2fa0ef) x1  0x0000000080006036
core   0: >>>>  _exit
core   0: 0x00000000800001e4 (0x00004505) c.li    a0, 1
core   0: 1 0x00000000800001e4 (0x4505) x10 0x0000000000000001
core   0: 0x00000000800001e6 (0x00001f17) auipc   t5, 0x1
core   0: 1 0x00000000800001e6 (0x00001f17) x30 0x00000000800011e6
core   0: 0x00000000800001ea (0xe0af2d23) sw      a0, -486(t5)
core   0: 1 0x00000000800001ea (0xe0af2d23) mem 0x0000000080001000 0x00000001
cp /home/server/RISCV/cva6/verif/sim/out/seed_1215/spike_sim/new_seeds_1215_.cv64a6_imafdc_sv39.log.iss /home/server/RISCV/cva6/verif/sim/out/seed_1215/spike_sim/new_seeds_1215_.cv64a6_imafdc_sv39.log
