Makefile:14: must set CVA6_REPO_DIR to point at the root of CVA6 sources and CVA6_TB_DIR to point here -- doing it for you...
LD_LIBRARY_PATH="$(realpath ../../tools/spike/lib):$LD_LIBRARY_PATH" \
	/home/server/RISCV/cva6/tools/spike/bin/spike --steps=2000000  --log-commits --isa=rv64gc_zba_zbb_zbs_zbc_zicsr_zifencei --priv=msu -l /home/server/RISCV/cva6/verif/sim/out/seed_1974/directed_asm_tests/new_seeds_1974_.o
[SPIKE] Max simulation steps: 2000000
[SPIKE] Proc 0 | ISA: rv64gc_zba_zbb_zbs_zbc_zicsr_zifencei PRIV: msu
[SPIKE] Initializing memories...
core   0: 0x0000000000010000 (0x00100413) li      s0, 1
core   0: 3 0x0000000000010000 (0x00100413) x8  0x0000000000000001
core   0: 0x0000000000010004 (0x01f41413) slli    s0, s0, 31
core   0: 3 0x0000000000010004 (0x01f41413) x8  0x0000000080000000
core   0: 0x0000000000010008 (0xf1402573) csrrs   a0, mhartid, zero
core   0: 3 0x0000000000010008 (0xf1402573) x10 0x0000000000000000
core   0: 0x000000000001000c (0x00000597) auipc   a1, 0x0
core   0: 3 0x000000000001000c (0x00000597) x11 0x000000000001000c
core   0: 0x0000000000010010 (0x07458593) addi    a1, a1, 116
core   0: 3 0x0000000000010010 (0x07458593) x11 0x0000000000010080
core   0: 0x0000000000010014 (0x00040067) jr      s0
core   0: 3 0x0000000000010014 (0x00040067)
core   0: >>>>  _start
core   0: 0x0000000080000000 (0x00004081) c.li    ra, 0
core   0: 3 0x0000000080000000 (0x4081) x1  0x0000000000000000
core   0: 0x0000000080000002 (0x00004101) c.li    sp, 0
core   0: 3 0x0000000080000002 (0x4101) x2  0x0000000000000000
core   0: 0x0000000080000004 (0x00004181) c.li    gp, 0
core   0: 3 0x0000000080000004 (0x4181) x3  0x0000000000000000
core   0: 0x0000000080000006 (0x00004201) c.li    tp, 0
core   0: 3 0x0000000080000006 (0x4201) x4  0x0000000000000000
core   0: 0x0000000080000008 (0x00004281) c.li    t0, 0
core   0: 3 0x0000000080000008 (0x4281) x5  0x0000000000000000
core   0: 0x000000008000000a (0x00004301) c.li    t1, 0
core   0: 3 0x000000008000000a (0x4301) x6  0x0000000000000000
core   0: 0x000000008000000c (0x00004381) c.li    t2, 0
core   0: 3 0x000000008000000c (0x4381) x7  0x0000000000000000
core   0: 0x000000008000000e (0x00004401) c.li    s0, 0
core   0: 3 0x000000008000000e (0x4401) x8  0x0000000000000000
core   0: 0x0000000080000010 (0x00004481) c.li    s1, 0
core   0: 3 0x0000000080000010 (0x4481) x9  0x0000000000000000
core   0: 0x0000000080000012 (0x00004501) c.li    a0, 0
core   0: 3 0x0000000080000012 (0x4501) x10 0x0000000000000000
core   0: 0x0000000080000014 (0x00004581) c.li    a1, 0
core   0: 3 0x0000000080000014 (0x4581) x11 0x0000000000000000
core   0: 0x0000000080000016 (0x00004601) c.li    a2, 0
core   0: 3 0x0000000080000016 (0x4601) x12 0x0000000000000000
core   0: 0x0000000080000018 (0x00004681) c.li    a3, 0
core   0: 3 0x0000000080000018 (0x4681) x13 0x0000000000000000
core   0: 0x000000008000001a (0x00004701) c.li    a4, 0
core   0: 3 0x000000008000001a (0x4701) x14 0x0000000000000000
core   0: 0x000000008000001c (0x00004781) c.li    a5, 0
core   0: 3 0x000000008000001c (0x4781) x15 0x0000000000000000
core   0: 0x000000008000001e (0x00004801) c.li    a6, 0
core   0: 3 0x000000008000001e (0x4801) x16 0x0000000000000000
core   0: 0x0000000080000020 (0x00004881) c.li    a7, 0
core   0: 3 0x0000000080000020 (0x4881) x17 0x0000000000000000
core   0: 0x0000000080000022 (0x00004901) c.li    s2, 0
core   0: 3 0x0000000080000022 (0x4901) x18 0x0000000000000000
core   0: 0x0000000080000024 (0x00004981) c.li    s3, 0
core   0: 3 0x0000000080000024 (0x4981) x19 0x0000000000000000
core   0: 0x0000000080000026 (0x00004a01) c.li    s4, 0
core   0: 3 0x0000000080000026 (0x4a01) x20 0x0000000000000000
core   0: 0x0000000080000028 (0x00004a81) c.li    s5, 0
core   0: 3 0x0000000080000028 (0x4a81) x21 0x0000000000000000
core   0: 0x000000008000002a (0x00004b01) c.li    s6, 0
core   0: 3 0x000000008000002a (0x4b01) x22 0x0000000000000000
core   0: 0x000000008000002c (0x00004b81) c.li    s7, 0
core   0: 3 0x000000008000002c (0x4b81) x23 0x0000000000000000
core   0: 0x000000008000002e (0x00004c01) c.li    s8, 0
core   0: 3 0x000000008000002e (0x4c01) x24 0x0000000000000000
core   0: 0x0000000080000030 (0x00004c81) c.li    s9, 0
core   0: 3 0x0000000080000030 (0x4c81) x25 0x0000000000000000
core   0: 0x0000000080000032 (0x00004d01) c.li    s10, 0
core   0: 3 0x0000000080000032 (0x4d01) x26 0x0000000000000000
core   0: 0x0000000080000034 (0x00004d81) c.li    s11, 0
core   0: 3 0x0000000080000034 (0x4d81) x27 0x0000000000000000
core   0: 0x0000000080000036 (0x00004e01) c.li    t3, 0
core   0: 3 0x0000000080000036 (0x4e01) x28 0x0000000000000000
core   0: 0x0000000080000038 (0x00004e81) c.li    t4, 0
core   0: 3 0x0000000080000038 (0x4e81) x29 0x0000000000000000
core   0: 0x000000008000003a (0x00004f01) c.li    t5, 0
core   0: 3 0x000000008000003a (0x4f01) x30 0x0000000000000000
core   0: 0x000000008000003c (0x00004f81) c.li    t6, 0
core   0: 3 0x000000008000003c (0x4f81) x31 0x0000000000000000
core   0: 0x000000008000003e (0x000062f9) c.lui   t0, 0x1e
core   0: 3 0x000000008000003e (0x62f9) x5  0x000000000001e000
core   0: 0x0000000080000040 (0x3002a073) csrrs   zero, mstatus, t0
core   0: 3 0x0000000080000040 (0x3002a073) c768_mstatus 0x8000000a00006000
core   0: 0x0000000080000044 (0x00004285) c.li    t0, 1
core   0: 3 0x0000000080000044 (0x4285) x5  0x0000000000000001
core   0: 0x0000000080000046 (0x000002fe) c.slli  t0, 31
core   0: 3 0x0000000080000046 (0x02fe) x5  0x0000000080000000
core   0: 0x0000000080000048 (0x0002d863) bge     t0, zero, pc + 16
core   0: 3 0x0000000080000048 (0x0002d863)
core   0: 0x0000000080000058 (0x00000297) auipc   t0, 0x0
core   0: 3 0x0000000080000058 (0x00000297) x5  0x0000000080000058
core   0: 0x000000008000005c (0x09028293) addi    t0, t0, 144
core   0: 3 0x000000008000005c (0x09028293) x5  0x00000000800000e8
core   0: 0x0000000080000060 (0x30529073) csrrw   zero, mtvec, t0
core   0: 3 0x0000000080000060 (0x30529073) c773_mtvec 0x00000000800000e8
core   0: 0x0000000080000064 (0x00301073) csrrw   zero, fcsr, zero
core   0: 3 0x0000000080000064 (0x00301073) c1_fflags 0x0000000000000000 c2_frm 0x0000000000000000
core   0: 0x0000000080000068 (0xf0000053) fmv.w.x ft0, zero
core   0: 3 0x0000000080000068 (0xf0000053) f0  0xffffffff00000000
core   0: 0x000000008000006c (0xf00000d3) fmv.w.x ft1, zero
core   0: 3 0x000000008000006c (0xf00000d3) f1  0xffffffff00000000
core   0: 0x0000000080000070 (0xf0000153) fmv.w.x ft2, zero
core   0: 3 0x0000000080000070 (0xf0000153) f2  0xffffffff00000000
core   0: 0x0000000080000074 (0xf00001d3) fmv.w.x ft3, zero
core   0: 3 0x0000000080000074 (0xf00001d3) f3  0xffffffff00000000
core   0: 0x0000000080000078 (0xf0000253) fmv.w.x ft4, zero
core   0: 3 0x0000000080000078 (0xf0000253) f4  0xffffffff00000000
core   0: 0x000000008000007c (0xf00002d3) fmv.w.x ft5, zero
core   0: 3 0x000000008000007c (0xf00002d3) f5  0xffffffff00000000
core   0: 0x0000000080000080 (0xf0000353) fmv.w.x ft6, zero
core   0: 3 0x0000000080000080 (0xf0000353) f6  0xffffffff00000000
core   0: 0x0000000080000084 (0xf00003d3) fmv.w.x ft7, zero
core   0: 3 0x0000000080000084 (0xf00003d3) f7  0xffffffff00000000
core   0: 0x0000000080000088 (0xf0000453) fmv.w.x fs0, zero
core   0: 3 0x0000000080000088 (0xf0000453) f8  0xffffffff00000000
core   0: 0x000000008000008c (0xf00004d3) fmv.w.x fs1, zero
core   0: 3 0x000000008000008c (0xf00004d3) f9  0xffffffff00000000
core   0: 0x0000000080000090 (0xf0000553) fmv.w.x fa0, zero
core   0: 3 0x0000000080000090 (0xf0000553) f10 0xffffffff00000000
core   0: 0x0000000080000094 (0xf00005d3) fmv.w.x fa1, zero
core   0: 3 0x0000000080000094 (0xf00005d3) f11 0xffffffff00000000
core   0: 0x0000000080000098 (0xf0000653) fmv.w.x fa2, zero
core   0: 3 0x0000000080000098 (0xf0000653) f12 0xffffffff00000000
core   0: 0x000000008000009c (0xf00006d3) fmv.w.x fa3, zero
core   0: 3 0x000000008000009c (0xf00006d3) f13 0xffffffff00000000
core   0: 0x00000000800000a0 (0xf0000753) fmv.w.x fa4, zero
core   0: 3 0x00000000800000a0 (0xf0000753) f14 0xffffffff00000000
core   0: 0x00000000800000a4 (0xf00007d3) fmv.w.x fa5, zero
core   0: 3 0x00000000800000a4 (0xf00007d3) f15 0xffffffff00000000
core   0: 0x00000000800000a8 (0xf0000853) fmv.w.x fa6, zero
core   0: 3 0x00000000800000a8 (0xf0000853) f16 0xffffffff00000000
core   0: 0x00000000800000ac (0xf00008d3) fmv.w.x fa7, zero
core   0: 3 0x00000000800000ac (0xf00008d3) f17 0xffffffff00000000
core   0: 0x00000000800000b0 (0xf0000953) fmv.w.x fs2, zero
core   0: 3 0x00000000800000b0 (0xf0000953) f18 0xffffffff00000000
core   0: 0x00000000800000b4 (0xf00009d3) fmv.w.x fs3, zero
core   0: 3 0x00000000800000b4 (0xf00009d3) f19 0xffffffff00000000
core   0: 0x00000000800000b8 (0xf0000a53) fmv.w.x fs4, zero
core   0: 3 0x00000000800000b8 (0xf0000a53) f20 0xffffffff00000000
core   0: 0x00000000800000bc (0xf0000ad3) fmv.w.x fs5, zero
core   0: 3 0x00000000800000bc (0xf0000ad3) f21 0xffffffff00000000
core   0: 0x00000000800000c0 (0xf0000b53) fmv.w.x fs6, zero
core   0: 3 0x00000000800000c0 (0xf0000b53) f22 0xffffffff00000000
core   0: 0x00000000800000c4 (0xf0000bd3) fmv.w.x fs7, zero
core   0: 3 0x00000000800000c4 (0xf0000bd3) f23 0xffffffff00000000
core   0: 0x00000000800000c8 (0xf0000c53) fmv.w.x fs8, zero
core   0: 3 0x00000000800000c8 (0xf0000c53) f24 0xffffffff00000000
core   0: 0x00000000800000cc (0xf0000cd3) fmv.w.x fs9, zero
core   0: 3 0x00000000800000cc (0xf0000cd3) f25 0xffffffff00000000
core   0: 0x00000000800000d0 (0xf0000d53) fmv.w.x fs10, zero
core   0: 3 0x00000000800000d0 (0xf0000d53) f26 0xffffffff00000000
core   0: 0x00000000800000d4 (0xf0000dd3) fmv.w.x fs11, zero
core   0: 3 0x00000000800000d4 (0xf0000dd3) f27 0xffffffff00000000
core   0: 0x00000000800000d8 (0xf0000e53) fmv.w.x ft8, zero
core   0: 3 0x00000000800000d8 (0xf0000e53) f28 0xffffffff00000000
core   0: 0x00000000800000dc (0xf0000ed3) fmv.w.x ft9, zero
core   0: 3 0x00000000800000dc (0xf0000ed3) f29 0xffffffff00000000
core   0: 0x00000000800000e0 (0xf0000f53) fmv.w.x ft10, zero
core   0: 3 0x00000000800000e0 (0xf0000f53) f30 0xffffffff00000000
core   0: 0x00000000800000e4 (0xf0000fd3) fmv.w.x ft11, zero
core   0: 3 0x00000000800000e4 (0xf0000fd3) f31 0xffffffff00000000
core   0: 0x00000000800000e8 (0x00000297) auipc   t0, 0x0
core   0: 3 0x00000000800000e8 (0x00000297) x5  0x00000000800000e8
core   0: 0x00000000800000ec (0x03c28293) addi    t0, t0, 60
core   0: 3 0x00000000800000ec (0x03c28293) x5  0x0000000080000124
core   0: 0x00000000800000f0 (0x30529073) csrrw   zero, mtvec, t0
core   0: 3 0x00000000800000f0 (0x30529073) c773_mtvec 0x0000000080000124
core   0: 0x00000000800000f4 (0x00012197) auipc   gp, 0x12
core   0: 3 0x00000000800000f4 (0x00012197) x3  0x00000000800120f4
core   0: 0x00000000800000f8 (0x73418193) addi    gp, gp, 1844
core   0: 3 0x00000000800000f8 (0x73418193) x3  0x0000000080012828
core   0: 0x00000000800000fc (0x00012217) auipc   tp, 0x12
core   0: 3 0x00000000800000fc (0x00012217) x4  0x00000000800120fc
core   0: 0x0000000080000100 (0xf8320213) addi    tp, tp, -125
core   0: 3 0x0000000080000100 (0xf8320213) x4  0x000000008001207f
core   0: 0x0000000080000104 (0xfc027213) andi    tp, tp, -64
core   0: 3 0x0000000080000104 (0xfc027213) x4  0x0000000080012040
core   0: 0x0000000080000108 (0xf1402573) csrrs   a0, mhartid, zero
core   0: 3 0x0000000080000108 (0xf1402573) x10 0x0000000000000000
core   0: 0x000000008000010c (0x00004585) c.li    a1, 1
core   0: 3 0x000000008000010c (0x4585) x11 0x0000000000000001
core   0: 0x000000008000010e (0x00b57063) bgeu    a0, a1, pc + 0
core   0: 3 0x000000008000010e (0x00b57063)
core   0: 0x0000000080000112 (0x00150113) addi    sp, a0, 1
core   0: 3 0x0000000080000112 (0x00150113) x2  0x0000000000000001
core   0: 0x0000000080000116 (0x00000146) c.slli  sp, 17
core   0: 3 0x0000000080000116 (0x0146) x2  0x0000000000020000
core   0: 0x0000000080000118 (0x00009112) c.add   sp, tp
core   0: 3 0x0000000080000118 (0x9112) x2  0x0000000080032040
core   0: 0x000000008000011a (0x01151613) slli    a2, a0, 17
core   0: 3 0x000000008000011a (0x01151613) x12 0x0000000000000000
core   0: 0x000000008000011e (0x00009232) c.add   tp, a2
core   0: 3 0x000000008000011e (0x9232) x4  0x0000000080012040
core   0: 0x0000000080000120 (0x3e20f06f) j       pc + 0xf3e2
core   0: 3 0x0000000080000120 (0x3e20f06f)
core   0: >>>>  _init
core   0: 0x000000008000f502 (0x00007171) c.addi16sp sp, -176
core   0: 3 0x000000008000f502 (0x7171) x2  0x0000000080031f90
core   0: 0x000000008000f504 (0x0000f506) c.sdsp  ra, 168(sp)
core   0: 3 0x000000008000f504 (0xf506) mem 0x0000000080032038 0x0000000000000000
core   0: 0x000000008000f506 (0x0000f122) c.sdsp  s0, 160(sp)
core   0: 3 0x000000008000f506 (0xf122) mem 0x0000000080032030 0x0000000000000000
core   0: 0x000000008000f508 (0x0000ed26) c.sdsp  s1, 152(sp)
core   0: 3 0x000000008000f508 (0xed26) mem 0x0000000080032028 0x0000000000000000
core   0: 0x000000008000f50a (0x00001900) c.addi4spn s0, sp, 176
core   0: 3 0x000000008000f50a (0x1900) x8  0x0000000080032040
core   0: 0x000000008000f50c (0x000087aa) c.mv    a5, a0
core   0: 3 0x000000008000f50c (0x87aa) x15 0x0000000000000000
core   0: 0x000000008000f50e (0x0000872e) c.mv    a4, a1
core   0: 3 0x000000008000f50e (0x872e) x14 0x0000000000000001
core   0: 0x000000008000f510 (0xf4f42e23) sw      a5, -164(s0)
core   0: 3 0x000000008000f510 (0xf4f42e23) mem 0x0000000080031f9c 0x00000000
core   0: 0x000000008000f514 (0x000087ba) c.mv    a5, a4
core   0: 3 0x000000008000f514 (0x87ba) x15 0x0000000000000001
core   0: 0x000000008000f516 (0xf4f42c23) sw      a5, -168(s0)
core   0: 3 0x000000008000f516 (0xf4f42c23) mem 0x0000000080031f98 0x00000001
core   0: 0x000000008000f51a (0xfe040793) addi    a5, s0, -32
core   0: 3 0x000000008000f51a (0xfe040793) x15 0x0000000080032020
core   0: 0x000000008000f51e (0xf4f43823) sd      a5, -176(s0)
core   0: 3 0x000000008000f51e (0xf4f43823) mem 0x0000000080031f90 0x0000000080032020
core   0: 0x000000008000f522 (0xf5043783) ld      a5, -176(s0)
core   0: 3 0x000000008000f522 (0xf5043783) x15 0x0000000080032020 mem 0x0000000080031f90
core   0: 0x000000008000f526 (0xf8078793) addi    a5, a5, -128
core   0: 3 0x000000008000f526 (0xf8078793) x15 0x0000000080031fa0
core   0: 0x000000008000f52a (0x03f78793) addi    a5, a5, 63
core   0: 3 0x000000008000f52a (0x03f78793) x15 0x0000000080031fdf
core   0: 0x000000008000f52e (0x00008399) c.srli  a5, 6
core   0: 3 0x000000008000f52e (0x8399) x15 0x0000000002000c7f
core   0: 0x000000008000f530 (0x00679493) slli    s1, a5, 6
core   0: 3 0x000000008000f530 (0x00679493) x9  0x0000000080031fc0
core   0: 0x000000008000f534 (0xf65ff0ef) jal     pc - 0x9c
core   0: 3 0x000000008000f534 (0xf65ff0ef) x1  0x000000008000f538
core   0: >>>>  init_tls
core   0: 0x000000008000f498 (0x00001101) c.addi  sp, -32
core   0: 3 0x000000008000f498 (0x1101) x2  0x0000000080031f70
core   0: 0x000000008000f49a (0x0000ec06) c.sdsp  ra, 24(sp)
core   0: 3 0x000000008000f49a (0xec06) mem 0x0000000080031f88 0x000000008000f538
core   0: 0x000000008000f49c (0x0000e822) c.sdsp  s0, 16(sp)
core   0: 3 0x000000008000f49c (0xe822) mem 0x0000000080031f80 0x0000000080032040
core   0: 0x000000008000f49e (0x00001000) c.addi4spn s0, sp, 32
core   0: 3 0x000000008000f49e (0x1000) x8  0x0000000080031f90
core   0: 0x000000008000f4a0 (0x00003717) auipc   a4, 0x3
core   0: 3 0x000000008000f4a0 (0x00003717) x14 0x00000000800124a0
core   0: 0x000000008000f4a4 (0xb8870713) addi    a4, a4, -1144
core   0: 3 0x000000008000f4a4 (0xb8870713) x14 0x0000000080012028
core   0: 0x000000008000f4a8 (0x00003797) auipc   a5, 0x3
core   0: 3 0x000000008000f4a8 (0x00003797) x15 0x00000000800124a8
core   0: 0x000000008000f4ac (0xb8078793) addi    a5, a5, -1152
core   0: 3 0x000000008000f4ac (0xb8078793) x15 0x0000000080012028
core   0: 0x000000008000f4b0 (0x40f707b3) sub     a5, a4, a5
core   0: 3 0x000000008000f4b0 (0x40f707b3) x15 0x0000000000000000
core   0: 0x000000008000f4b4 (0xfef43423) sd      a5, -24(s0)
core   0: 3 0x000000008000f4b4 (0xfef43423) mem 0x0000000080031f78 0x0000000000000000
core   0: 0x000000008000f4b8 (0x00008792) c.mv    a5, tp
core   0: 3 0x000000008000f4b8 (0x8792) x15 0x0000000080012040
core   0: 0x000000008000f4ba (0xfe843603) ld      a2, -24(s0)
core   0: 3 0x000000008000f4ba (0xfe843603) x12 0x0000000000000000 mem 0x0000000080031f78
core   0: 0x000000008000f4be (0x00003597) auipc   a1, 0x3
core   0: 3 0x000000008000f4be (0x00003597) x11 0x00000000800124be
core   0: 0x000000008000f4c2 (0xb6a58593) addi    a1, a1, -1174
core   0: 3 0x000000008000f4c2 (0xb6a58593) x11 0x0000000080012028
core   0: 0x000000008000f4c6 (0x0000853e) c.mv    a0, a5
core   0: 3 0x000000008000f4c6 (0x853e) x10 0x0000000080012040
core   0: 0x000000008000f4c8 (0x0f9000ef) jal     pc + 0x8f8
core   0: 3 0x000000008000f4c8 (0x0f9000ef) x1  0x000000008000f4cc
core   0: >>>>  memcpy
core   0: 0x000000008000fdc0 (0x0000715d) c.addi16sp sp, -80
core   0: 3 0x000000008000fdc0 (0x715d) x2  0x0000000080031f20
core   0: 0x000000008000fdc2 (0x0000e4a2) c.sdsp  s0, 72(sp)
core   0: 3 0x000000008000fdc2 (0xe4a2) mem 0x0000000080031f68 0x0000000080031f90
core   0: 0x000000008000fdc4 (0x00000880) c.addi4spn s0, sp, 80
core   0: 3 0x000000008000fdc4 (0x0880) x8  0x0000000080031f70
core   0: 0x000000008000fdc6 (0xfca43423) sd      a0, -56(s0)
core   0: 3 0x000000008000fdc6 (0xfca43423) mem 0x0000000080031f38 0x0000000080012040
core   0: 0x000000008000fdca (0xfcb43023) sd      a1, -64(s0)
core   0: 3 0x000000008000fdca (0xfcb43023) mem 0x0000000080031f30 0x0000000080012028
core   0: 0x000000008000fdce (0xfac43c23) sd      a2, -72(s0)
core   0: 3 0x000000008000fdce (0xfac43c23) mem 0x0000000080031f28 0x0000000000000000
core   0: 0x000000008000fdd2 (0xfc843703) ld      a4, -56(s0)
core   0: 3 0x000000008000fdd2 (0xfc843703) x14 0x0000000080012040 mem 0x0000000080031f38
core   0: 0x000000008000fdd6 (0xfc043783) ld      a5, -64(s0)
core   0: 3 0x000000008000fdd6 (0xfc043783) x15 0x0000000080012028 mem 0x0000000080031f30
core   0: 0x000000008000fdda (0x00008f5d) c.or    a4, a5
core   0: 3 0x000000008000fdda (0x8f5d) x14 0x0000000080012068
core   0: 0x000000008000fddc (0xfb843783) ld      a5, -72(s0)
core   0: 3 0x000000008000fddc (0xfb843783) x15 0x0000000000000000 mem 0x0000000080031f28
core   0: 0x000000008000fde0 (0x00008fd9) c.or    a5, a4
core   0: 3 0x000000008000fde0 (0x8fd9) x15 0x0000000080012068
core   0: 0x000000008000fde2 (0x00008b9d) c.andi  a5, 7
core   0: 3 0x000000008000fde2 (0x8b9d) x15 0x0000000000000000
core   0: 0x000000008000fde4 (0x0000e3b1) c.bnez  a5, pc + 68
core   0: 3 0x000000008000fde4 (0xe3b1)
core   0: 0x000000008000fde6 (0xfc043783) ld      a5, -64(s0)
core   0: 3 0x000000008000fde6 (0xfc043783) x15 0x0000000080012028 mem 0x0000000080031f30
core   0: 0x000000008000fdea (0xfef43423) sd      a5, -24(s0)
core   0: 3 0x000000008000fdea (0xfef43423) mem 0x0000000080031f58 0x0000000080012028
core   0: 0x000000008000fdee (0xfc843783) ld      a5, -56(s0)
core   0: 3 0x000000008000fdee (0xfc843783) x15 0x0000000080012040 mem 0x0000000080031f38
core   0: 0x000000008000fdf2 (0xfef43023) sd      a5, -32(s0)
core   0: 3 0x000000008000fdf2 (0xfef43023) mem 0x0000000080031f50 0x0000000080012040
core   0: 0x000000008000fdf6 (0x0000a839) c.j     pc + 30
core   0: 3 0x000000008000fdf6 (0xa839)
core   0: 0x000000008000fe14 (0xfc843703) ld      a4, -56(s0)
core   0: 3 0x000000008000fe14 (0xfc843703) x14 0x0000000080012040 mem 0x0000000080031f38
core   0: 0x000000008000fe18 (0xfb843783) ld      a5, -72(s0)
core   0: 3 0x000000008000fe18 (0xfb843783) x15 0x0000000000000000 mem 0x0000000080031f28
core   0: 0x000000008000fe1c (0x000097ba) c.add   a5, a4
core   0: 3 0x000000008000fe1c (0x97ba) x15 0x0000000080012040
core   0: 0x000000008000fe1e (0xfe043703) ld      a4, -32(s0)
core   0: 3 0x000000008000fe1e (0xfe043703) x14 0x0000000080012040 mem 0x0000000080031f50
core   0: 0x000000008000fe22 (0xfcf76be3) bltu    a4, a5, pc - 42
core   0: 3 0x000000008000fe22 (0xfcf76be3)
core   0: 0x000000008000fe26 (0x0000a099) c.j     pc + 70
core   0: 3 0x000000008000fe26 (0xa099)
core   0: 0x000000008000fe6c (0xfc843783) ld      a5, -56(s0)
core   0: 3 0x000000008000fe6c (0xfc843783) x15 0x0000000080012040 mem 0x0000000080031f38
core   0: 0x000000008000fe70 (0x0000853e) c.mv    a0, a5
core   0: 3 0x000000008000fe70 (0x853e) x10 0x0000000080012040
core   0: 0x000000008000fe72 (0x00006426) c.ldsp  s0, 72(sp)
core   0: 3 0x000000008000fe72 (0x6426) x8  0x0000000080031f90 mem 0x0000000080031f68
core   0: 0x000000008000fe74 (0x00006161) c.addi16sp sp, 80
core   0: 3 0x000000008000fe74 (0x6161) x2  0x0000000080031f70
core   0: 0x000000008000fe76 (0x00008082) ret
core   0: 3 0x000000008000fe76 (0x8082)
core   0: 0x000000008000f4cc (0x00003717) auipc   a4, 0x3
core   0: 3 0x000000008000f4cc (0x00003717) x14 0x00000000800124cc
core   0: 0x000000008000f4d0 (0xbf870713) addi    a4, a4, -1032
core   0: 3 0x000000008000f4d0 (0xbf870713) x14 0x00000000800120c4
core   0: 0x000000008000f4d4 (0x00003797) auipc   a5, 0x3
core   0: 3 0x000000008000f4d4 (0x00003797) x15 0x00000000800124d4
core   0: 0x000000008000f4d8 (0xb5478793) addi    a5, a5, -1196
core   0: 3 0x000000008000f4d8 (0xb5478793) x15 0x0000000080012028
core   0: 0x000000008000f4dc (0x40f707b3) sub     a5, a4, a5
core   0: 3 0x000000008000f4dc (0x40f707b3) x15 0x000000000000009c
core   0: 0x000000008000f4e0 (0xfef43023) sd      a5, -32(s0)
core   0: 3 0x000000008000f4e0 (0xfef43023) mem 0x0000000080031f70 0x000000000000009c
core   0: 0x000000008000f4e4 (0x00008712) c.mv    a4, tp
core   0: 3 0x000000008000f4e4 (0x8712) x14 0x0000000080012040
core   0: 0x000000008000f4e6 (0xfe843783) ld      a5, -24(s0)
core   0: 3 0x000000008000f4e6 (0xfe843783) x15 0x0000000000000000 mem 0x0000000080031f78
core   0: 0x000000008000f4ea (0x000097ba) c.add   a5, a4
core   0: 3 0x000000008000f4ea (0x97ba) x15 0x0000000080012040
core   0: 0x000000008000f4ec (0xfe043603) ld      a2, -32(s0)
core   0: 3 0x000000008000f4ec (0xfe043603) x12 0x000000000000009c mem 0x0000000080031f70
core   0: 0x000000008000f4f0 (0x00004581) c.li    a1, 0
core   0: 3 0x000000008000f4f0 (0x4581) x11 0x0000000000000000
core   0: 0x000000008000f4f2 (0x0000853e) c.mv    a0, a5
core   0: 3 0x000000008000f4f2 (0x853e) x10 0x0000000080012040
core   0: 0x000000008000f4f4 (0x185000ef) jal     pc + 0x984
core   0: 3 0x000000008000f4f4 (0x185000ef) x1  0x000000008000f4f8
core   0: >>>>  memset
core   0: 0x000000008000fe78 (0x0000715d) c.addi16sp sp, -80
core   0: 3 0x000000008000fe78 (0x715d) x2  0x0000000080031f20
core   0: 0x000000008000fe7a (0x0000e4a2) c.sdsp  s0, 72(sp)
core   0: 3 0x000000008000fe7a (0xe4a2) mem 0x0000000080031f68 0x0000000080031f90
core   0: 0x000000008000fe7c (0x00000880) c.addi4spn s0, sp, 80
core   0: 3 0x000000008000fe7c (0x0880) x8  0x0000000080031f70
core   0: 0x000000008000fe7e (0xfca43423) sd      a0, -56(s0)
core   0: 3 0x000000008000fe7e (0xfca43423) mem 0x0000000080031f38 0x0000000080012040
core   0: 0x000000008000fe82 (0x000087ae) c.mv    a5, a1
core   0: 3 0x000000008000fe82 (0x87ae) x15 0x0000000000000000
core   0: 0x000000008000fe84 (0xfac43c23) sd      a2, -72(s0)
core   0: 3 0x000000008000fe84 (0xfac43c23) mem 0x0000000080031f28 0x000000000000009c
core   0: 0x000000008000fe88 (0xfcf42223) sw      a5, -60(s0)
core   0: 3 0x000000008000fe88 (0xfcf42223) mem 0x0000000080031f34 0x00000000
core   0: 0x000000008000fe8c (0xfc843703) ld      a4, -56(s0)
core   0: 3 0x000000008000fe8c (0xfc843703) x14 0x0000000080012040 mem 0x0000000080031f38
core   0: 0x000000008000fe90 (0xfb843783) ld      a5, -72(s0)
core   0: 3 0x000000008000fe90 (0xfb843783) x15 0x000000000000009c mem 0x0000000080031f28
core   0: 0x000000008000fe94 (0x00008fd9) c.or    a5, a4
core   0: 3 0x000000008000fe94 (0x8fd9) x15 0x00000000800120dc
core   0: 0x000000008000fe96 (0x00008b9d) c.andi  a5, 7
core   0: 3 0x000000008000fe96 (0x8b9d) x15 0x0000000000000004
core   0: 0x000000008000fe98 (0x0000e7bd) c.bnez  a5, pc + 110
core   0: 3 0x000000008000fe98 (0xe7bd)
core   0: 0x000000008000ff06 (0xfc843783) ld      a5, -56(s0)
core   0: 3 0x000000008000ff06 (0xfc843783) x15 0x0000000080012040 mem 0x0000000080031f38
core   0: 0x000000008000ff0a (0xfef43023) sd      a5, -32(s0)
core   0: 3 0x000000008000ff0a (0xfef43023) mem 0x0000000080031f50 0x0000000080012040
core   0: 0x000000008000ff0e (0x0000a829) c.j     pc + 26
core   0: 3 0x000000008000ff0e (0xa829)
core   0: 0x000000008000ff28 (0xfc843703) ld      a4, -56(s0)
core   0: 3 0x000000008000ff28 (0xfc843703) x14 0x0000000080012040 mem 0x0000000080031f38
core   0: 0x000000008000ff2c (0xfb843783) ld      a5, -72(s0)
core   0: 3 0x000000008000ff2c (0xfb843783) x15 0x000000000000009c mem 0x0000000080031f28
core   0: 0x000000008000ff30 (0x000097ba) c.add   a5, a4
core   0: 3 0x000000008000ff30 (0x97ba) x15 0x00000000800120dc
core   0: 0x000000008000ff32 (0xfe043703) ld      a4, -32(s0)
core   0: 3 0x000000008000ff32 (0xfe043703) x14 0x0000000080012040 mem 0x0000000080031f50
core   0: 0x000000008000ff36 (0xfcf76de3) bltu    a4, a5, pc - 38
core   0: 3 0x000000008000ff36 (0xfcf76de3)
core   0: 0x000000008000ff10 (0xfe043783) ld      a5, -32(s0)
core   0: 3 0x000000008000ff10 (0xfe043783) x15 0x0000000080012040 mem 0x0000000080031f50
core   0: 0x000000008000ff14 (0x00178713) addi    a4, a5, 1
core   0: 3 0x000000008000ff14 (0x00178713) x14 0x0000000080012041
core   0: 0x000000008000ff18 (0xfee43023) sd      a4, -32(s0)
core   0: 3 0x000000008000ff18 (0xfee43023) mem 0x0000000080031f50 0x0000000080012041
core   0: 0x000000008000ff1c (0xfc442703) lw      a4, -60(s0)
core   0: 3 0x000000008000ff1c (0xfc442703) x14 0x0000000000000000 mem 0x0000000080031f34
core   0: 0x000000008000ff20 (0x0ff77713) andi    a4, a4, 255
core   0: 3 0x000000008000ff20 (0x0ff77713) x14 0x0000000000000000
core   0: 0x000000008000ff24 (0x00e78023) sb      a4, 0(a5)
core   0: 3 0x000000008000ff24 (0x00e78023) mem 0x0000000080012040 0x00
core   0: 0x000000008000ff28 (0xfc843703) ld      a4, -56(s0)
core   0: 3 0x000000008000ff28 (0xfc843703) x14 0x0000000080012040 mem 0x0000000080031f38
core   0: 0x000000008000ff2c (0xfb843783) ld      a5, -72(s0)
core   0: 3 0x000000008000ff2c (0xfb843783) x15 0x000000000000009c mem 0x0000000080031f28
core   0: 0x000000008000ff30 (0x000097ba) c.add   a5, a4
core   0: 3 0x000000008000ff30 (0x97ba) x15 0x00000000800120dc
core   0: 0x000000008000ff32 (0xfe043703) ld      a4, -32(s0)
core   0: 3 0x000000008000ff32 (0xfe043703) x14 0x0000000080012041 mem 0x0000000080031f50
core   0: 0x000000008000ff36 (0xfcf76de3) bltu    a4, a5, pc - 38
core   0: 3 0x000000008000ff36 (0xfcf76de3)
core   0: 0x000000008000ff10 (0xfe043783) ld      a5, -32(s0)
core   0: 3 0x000000008000ff10 (0xfe043783) x15 0x0000000080012041 mem 0x0000000080031f50
core   0: 0x000000008000ff14 (0x00178713) addi    a4, a5, 1
core   0: 3 0x000000008000ff14 (0x00178713) x14 0x0000000080012042
core   0: 0x000000008000ff18 (0xfee43023) sd      a4, -32(s0)
core   0: 3 0x000000008000ff18 (0xfee43023) mem 0x0000000080031f50 0x0000000080012042
core   0: 0x000000008000ff1c (0xfc442703) lw      a4, -60(s0)
core   0: 3 0x000000008000ff1c (0xfc442703) x14 0x0000000000000000 mem 0x0000000080031f34
core   0: 0x000000008000ff20 (0x0ff77713) andi    a4, a4, 255
core   0: 3 0x000000008000ff20 (0x0ff77713) x14 0x0000000000000000
core   0: 0x000000008000ff24 (0x00e78023) sb      a4, 0(a5)
core   0: 3 0x000000008000ff24 (0x00e78023) mem 0x0000000080012041 0x00
core   0: 0x000000008000ff28 (0xfc843703) ld      a4, -56(s0)
core   0: 3 0x000000008000ff28 (0xfc843703) x14 0x0000000080012040 mem 0x0000000080031f38
core   0: 0x000000008000ff2c (0xfb843783) ld      a5, -72(s0)
core   0: 3 0x000000008000ff2c (0xfb843783) x15 0x000000000000009c mem 0x0000000080031f28
core   0: 0x000000008000ff30 (0x000097ba) c.add   a5, a4
core   0: 3 0x000000008000ff30 (0x97ba) x15 0x00000000800120dc
core   0: 0x000000008000ff32 (0xfe043703) ld      a4, -32(s0)
core   0: 3 0x000000008000ff32 (0xfe043703) x14 0x0000000080012042 mem 0x0000000080031f50
core   0: 0x000000008000ff36 (0xfcf76de3) bltu    a4, a5, pc - 38
core   0: 3 0x000000008000ff36 (0xfcf76de3)
core   0: 0x000000008000ff10 (0xfe043783) ld      a5, -32(s0)
core   0: 3 0x000000008000ff10 (0xfe043783) x15 0x0000000080012042 mem 0x0000000080031f50
core   0: 0x000000008000ff14 (0x00178713) addi    a4, a5, 1
core   0: 3 0x000000008000ff14 (0x00178713) x14 0x0000000080012043
core   0: 0x000000008000ff18 (0xfee43023) sd      a4, -32(s0)
core   0: 3 0x000000008000ff18 (0xfee43023) mem 0x0000000080031f50 0x0000000080012043
core   0: 0x000000008000ff1c (0xfc442703) lw      a4, -60(s0)
core   0: 3 0x000000008000ff1c (0xfc442703) x14 0x0000000000000000 mem 0x0000000080031f34
core   0: 0x000000008000ff20 (0x0ff77713) andi    a4, a4, 255
core   0: 3 0x000000008000ff20 (0x0ff77713) x14 0x0000000000000000
core   0: 0x000000008000ff24 (0x00e78023) sb      a4, 0(a5)
core   0: 3 0x000000008000ff24 (0x00e78023) mem 0x0000000080012042 0x00
core   0: 0x000000008000ff28 (0xfc843703) ld      a4, -56(s0)
core   0: 3 0x000000008000ff28 (0xfc843703) x14 0x0000000080012040 mem 0x0000000080031f38
core   0: 0x000000008000ff2c (0xfb843783) ld      a5, -72(s0)
core   0: 3 0x000000008000ff2c (0xfb843783) x15 0x000000000000009c mem 0x0000000080031f28
core   0: 0x000000008000ff30 (0x000097ba) c.add   a5, a4
core   0: 3 0x000000008000ff30 (0x97ba) x15 0x00000000800120dc
core   0: 0x000000008000ff32 (0xfe043703) ld      a4, -32(s0)
core   0: 3 0x000000008000ff32 (0xfe043703) x14 0x0000000080012043 mem 0x0000000080031f50
core   0: 0x000000008000ff36 (0xfcf76de3) bltu    a4, a5, pc - 38
core   0: 3 0x000000008000ff36 (0xfcf76de3)
core   0: 0x000000008000ff10 (0xfe043783) ld      a5, -32(s0)
core   0: 3 0x000000008000ff10 (0xfe043783) x15 0x0000000080012043 mem 0x0000000080031f50
core   0: 0x000000008000ff14 (0x00178713) addi    a4, a5, 1
core   0: 3 0x000000008000ff14 (0x00178713) x14 0x0000000080012044
core   0: 0x000000008000ff18 (0xfee43023) sd      a4, -32(s0)
core   0: 3 0x000000008000ff18 (0xfee43023) mem 0x0000000080031f50 0x0000000080012044
core   0: 0x000000008000ff1c (0xfc442703) lw      a4, -60(s0)
core   0: 3 0x000000008000ff1c (0xfc442703) x14 0x0000000000000000 mem 0x0000000080031f34
core   0: 0x000000008000ff20 (0x0ff77713) andi    a4, a4, 255
core   0: 3 0x000000008000ff20 (0x0ff77713) x14 0x0000000000000000
core   0: 0x000000008000ff24 (0x00e78023) sb      a4, 0(a5)
core   0: 3 0x000000008000ff24 (0x00e78023) mem 0x0000000080012043 0x00
core   0: 0x000000008000ff28 (0xfc843703) ld      a4, -56(s0)
core   0: 3 0x000000008000ff28 (0xfc843703) x14 0x0000000080012040 mem 0x0000000080031f38
core   0: 0x000000008000ff2c (0xfb843783) ld      a5, -72(s0)
core   0: 3 0x000000008000ff2c (0xfb843783) x15 0x000000000000009c mem 0x0000000080031f28
core   0: 0x000000008000ff30 (0x000097ba) c.add   a5, a4
core   0: 3 0x000000008000ff30 (0x97ba) x15 0x00000000800120dc
core   0: 0x000000008000ff32 (0xfe043703) ld      a4, -32(s0)
core   0: 3 0x000000008000ff32 (0xfe043703) x14 0x0000000080012044 mem 0x0000000080031f50
core   0: 0x000000008000ff36 (0xfcf76de3) bltu    a4, a5, pc - 38
core   0: 3 0x000000008000ff36 (0xfcf76de3)
core   0: 0x000000008000ff10 (0xfe043783) ld      a5, -32(s0)
core   0: 3 0x000000008000ff10 (0xfe043783) x15 0x0000000080012044 mem 0x0000000080031f50
core   0: 0x000000008000ff14 (0x00178713) addi    a4, a5, 1
core   0: 3 0x000000008000ff14 (0x00178713) x14 0x0000000080012045
core   0: 0x000000008000ff18 (0xfee43023) sd      a4, -32(s0)
core   0: 3 0x000000008000ff18 (0xfee43023) mem 0x0000000080031f50 0x0000000080012045
core   0: 0x000000008000ff1c (0xfc442703) lw      a4, -60(s0)
core   0: 3 0x000000008000ff1c (0xfc442703) x14 0x0000000000000000 mem 0x0000000080031f34
core   0: 0x000000008000ff20 (0x0ff77713) andi    a4, a4, 255
core   0: 3 0x000000008000ff20 (0x0ff77713) x14 0x0000000000000000
core   0: 0x000000008000ff24 (0x00e78023) sb      a4, 0(a5)
core   0: 3 0x000000008000ff24 (0x00e78023) mem 0x0000000080012044 0x00
core   0: 0x000000008000ff28 (0xfc843703) ld      a4, -56(s0)
core   0: 3 0x000000008000ff28 (0xfc843703) x14 0x0000000080012040 mem 0x0000000080031f38
core   0: 0x000000008000ff2c (0xfb843783) ld      a5, -72(s0)
core   0: 3 0x000000008000ff2c (0xfb843783) x15 0x000000000000009c mem 0x0000000080031f28
core   0: 0x000000008000ff30 (0x000097ba) c.add   a5, a4
core   0: 3 0x000000008000ff30 (0x97ba) x15 0x00000000800120dc
core   0: 0x000000008000ff32 (0xfe043703) ld      a4, -32(s0)
core   0: 3 0x000000008000ff32 (0xfe043703) x14 0x0000000080012045 mem 0x0000000080031f50
core   0: 0x000000008000ff36 (0xfcf76de3) bltu    a4, a5, pc - 38
core   0: 3 0x000000008000ff36 (0xfcf76de3)
core   0: 0x000000008000ff10 (0xfe043783) ld      a5, -32(s0)
core   0: 3 0x000000008000ff10 (0xfe043783) x15 0x0000000080012045 mem 0x0000000080031f50
core   0: 0x000000008000ff14 (0x00178713) addi    a4, a5, 1
core   0: 3 0x000000008000ff14 (0x00178713) x14 0x0000000080012046
core   0: 0x000000008000ff18 (0xfee43023) sd      a4, -32(s0)
core   0: 3 0x000000008000ff18 (0xfee43023) mem 0x0000000080031f50 0x0000000080012046
core   0: 0x000000008000ff1c (0xfc442703) lw      a4, -60(s0)
core   0: 3 0x000000008000ff1c (0xfc442703) x14 0x0000000000000000 mem 0x0000000080031f34
core   0: 0x000000008000ff20 (0x0ff77713) andi    a4, a4, 255
core   0: 3 0x000000008000ff20 (0x0ff77713) x14 0x0000000000000000
core   0: 0x000000008000ff24 (0x00e78023) sb      a4, 0(a5)
core   0: 3 0x000000008000ff24 (0x00e78023) mem 0x0000000080012045 0x00
core   0: 0x000000008000ff28 (0xfc843703) ld      a4, -56(s0)
core   0: 3 0x000000008000ff28 (0xfc843703) x14 0x0000000080012040 mem 0x0000000080031f38
core   0: 0x000000008000ff2c (0xfb843783) ld      a5, -72(s0)
core   0: 3 0x000000008000ff2c (0xfb843783) x15 0x000000000000009c mem 0x0000000080031f28
core   0: 0x000000008000ff30 (0x000097ba) c.add   a5, a4
core   0: 3 0x000000008000ff30 (0x97ba) x15 0x00000000800120dc
core   0: 0x000000008000ff32 (0xfe043703) ld      a4, -32(s0)
core   0: 3 0x000000008000ff32 (0xfe043703) x14 0x0000000080012046 mem 0x0000000080031f50
core   0: 0x000000008000ff36 (0xfcf76de3) bltu    a4, a5, pc - 38
core   0: 3 0x000000008000ff36 (0xfcf76de3)
core   0: 0x000000008000ff10 (0xfe043783) ld      a5, -32(s0)
core   0: 3 0x000000008000ff10 (0xfe043783) x15 0x0000000080012046 mem 0x0000000080031f50
core   0: 0x000000008000ff14 (0x00178713) addi    a4, a5, 1
core   0: 3 0x000000008000ff14 (0x00178713) x14 0x0000000080012047
core   0: 0x000000008000ff18 (0xfee43023) sd      a4, -32(s0)
core   0: 3 0x000000008000ff18 (0xfee43023) mem 0x0000000080031f50 0x0000000080012047
core   0: 0x000000008000ff1c (0xfc442703) lw      a4, -60(s0)
core   0: 3 0x000000008000ff1c (0xfc442703) x14 0x0000000000000000 mem 0x0000000080031f34
core   0: 0x000000008000ff20 (0x0ff77713) andi    a4, a4, 255
core   0: 3 0x000000008000ff20 (0x0ff77713) x14 0x0000000000000000
core   0: 0x000000008000ff24 (0x00e78023) sb      a4, 0(a5)
core   0: 3 0x000000008000ff24 (0x00e78023) mem 0x0000000080012046 0x00
core   0: 0x000000008000ff28 (0xfc843703) ld      a4, -56(s0)
core   0: 3 0x000000008000ff28 (0xfc843703) x14 0x0000000080012040 mem 0x0000000080031f38
core   0: 0x000000008000ff2c (0xfb843783) ld      a5, -72(s0)
core   0: 3 0x000000008000ff2c (0xfb843783) x15 0x000000000000009c mem 0x0000000080031f28
core   0: 0x000000008000ff30 (0x000097ba) c.add   a5, a4
core   0: 3 0x000000008000ff30 (0x97ba) x15 0x00000000800120dc
core   0: 0x000000008000ff32 (0xfe043703) ld      a4, -32(s0)
core   0: 3 0x000000008000ff32 (0xfe043703) x14 0x0000000080012047 mem 0x0000000080031f50
core   0: 0x000000008000ff36 (0xfcf76de3) bltu    a4, a5, pc - 38
core   0: 3 0x000000008000ff36 (0xfcf76de3)
core   0: 0x000000008000ff10 (0xfe043783) ld      a5, -32(s0)
core   0: 3 0x000000008000ff10 (0xfe043783) x15 0x0000000080012047 mem 0x0000000080031f50
core   0: 0x000000008000ff14 (0x00178713) addi    a4, a5, 1
core   0: 3 0x000000008000ff14 (0x00178713) x14 0x0000000080012048
core   0: 0x000000008000ff18 (0xfee43023) sd      a4, -32(s0)
core   0: 3 0x000000008000ff18 (0xfee43023) mem 0x0000000080031f50 0x0000000080012048
core   0: 0x000000008000ff1c (0xfc442703) lw      a4, -60(s0)
core   0: 3 0x000000008000ff1c (0xfc442703) x14 0x0000000000000000 mem 0x0000000080031f34
core   0: 0x000000008000ff20 (0x0ff77713) andi    a4, a4, 255
core   0: 3 0x000000008000ff20 (0x0ff77713) x14 0x0000000000000000
core   0: 0x000000008000ff24 (0x00e78023) sb      a4, 0(a5)
core   0: 3 0x000000008000ff24 (0x00e78023) mem 0x0000000080012047 0x00
core   0: 0x000000008000ff28 (0xfc843703) ld      a4, -56(s0)
core   0: 3 0x000000008000ff28 (0xfc843703) x14 0x0000000080012040 mem 0x0000000080031f38
core   0: 0x000000008000ff2c (0xfb843783) ld      a5, -72(s0)
core   0: 3 0x000000008000ff2c (0xfb843783) x15 0x000000000000009c mem 0x0000000080031f28
core   0: 0x000000008000ff30 (0x000097ba) c.add   a5, a4
core   0: 3 0x000000008000ff30 (0x97ba) x15 0x00000000800120dc
core   0: 0x000000008000ff32 (0xfe043703) ld      a4, -32(s0)
core   0: 3 0x000000008000ff32 (0xfe043703) x14 0x0000000080012048 mem 0x0000000080031f50
core   0: 0x000000008000ff36 (0xfcf76de3) bltu    a4, a5, pc - 38
core   0: 3 0x000000008000ff36 (0xfcf76de3)
core   0: 0x000000008000ff10 (0xfe043783) ld      a5, -32(s0)
core   0: 3 0x000000008000ff10 (0xfe043783) x15 0x0000000080012048 mem 0x0000000080031f50
core   0: 0x000000008000ff14 (0x00178713) addi    a4, a5, 1
core   0: 3 0x000000008000ff14 (0x00178713) x14 0x0000000080012049
core   0: 0x000000008000ff18 (0xfee43023) sd      a4, -32(s0)
core   0: 3 0x000000008000ff18 (0xfee43023) mem 0x0000000080031f50 0x0000000080012049
core   0: 0x000000008000ff1c (0xfc442703) lw      a4, -60(s0)
core   0: 3 0x000000008000ff1c (0xfc442703) x14 0x0000000000000000 mem 0x0000000080031f34
core   0: 0x000000008000ff20 (0x0ff77713) andi    a4, a4, 255
core   0: 3 0x000000008000ff20 (0x0ff77713) x14 0x0000000000000000
core   0: 0x000000008000ff24 (0x00e78023) sb      a4, 0(a5)
core   0: 3 0x000000008000ff24 (0x00e78023) mem 0x0000000080012048 0x00
core   0: 0x000000008000ff28 (0xfc843703) ld      a4, -56(s0)
core   0: 3 0x000000008000ff28 (0xfc843703) x14 0x0000000080012040 mem 0x0000000080031f38
core   0: 0x000000008000ff2c (0xfb843783) ld      a5, -72(s0)
core   0: 3 0x000000008000ff2c (0xfb843783) x15 0x000000000000009c mem 0x0000000080031f28
core   0: 0x000000008000ff30 (0x000097ba) c.add   a5, a4
core   0: 3 0x000000008000ff30 (0x97ba) x15 0x00000000800120dc
core   0: 0x000000008000ff32 (0xfe043703) ld      a4, -32(s0)
core   0: 3 0x000000008000ff32 (0xfe043703) x14 0x0000000080012049 mem 0x0000000080031f50
core   0: 0x000000008000ff36 (0xfcf76de3) bltu    a4, a5, pc - 38
core   0: 3 0x000000008000ff36 (0xfcf76de3)
core   0: 0x000000008000ff10 (0xfe043783) ld      a5, -32(s0)
core   0: 3 0x000000008000ff10 (0xfe043783) x15 0x0000000080012049 mem 0x0000000080031f50
core   0: 0x000000008000ff14 (0x00178713) addi    a4, a5, 1
core   0: 3 0x000000008000ff14 (0x00178713) x14 0x000000008001204a
core   0: 0x000000008000ff18 (0xfee43023) sd      a4, -32(s0)
core   0: 3 0x000000008000ff18 (0xfee43023) mem 0x0000000080031f50 0x000000008001204a
core   0: 0x000000008000ff1c (0xfc442703) lw      a4, -60(s0)
core   0: 3 0x000000008000ff1c (0xfc442703) x14 0x0000000000000000 mem 0x0000000080031f34
core   0: 0x000000008000ff20 (0x0ff77713) andi    a4, a4, 255
core   0: 3 0x000000008000ff20 (0x0ff77713) x14 0x0000000000000000
core   0: 0x000000008000ff24 (0x00e78023) sb      a4, 0(a5)
core   0: 3 0x000000008000ff24 (0x00e78023) mem 0x0000000080012049 0x00
core   0: 0x000000008000ff28 (0xfc843703) ld      a4, -56(s0)
core   0: 3 0x000000008000ff28 (0xfc843703) x14 0x0000000080012040 mem 0x0000000080031f38
core   0: 0x000000008000ff2c (0xfb843783) ld      a5, -72(s0)
core   0: 3 0x000000008000ff2c (0xfb843783) x15 0x000000000000009c mem 0x0000000080031f28
core   0: 0x000000008000ff30 (0x000097ba) c.add   a5, a4
core   0: 3 0x000000008000ff30 (0x97ba) x15 0x00000000800120dc
core   0: 0x000000008000ff32 (0xfe043703) ld      a4, -32(s0)
core   0: 3 0x000000008000ff32 (0xfe043703) x14 0x000000008001204a mem 0x0000000080031f50
core   0: 0x000000008000ff36 (0xfcf76de3) bltu    a4, a5, pc - 38
core   0: 3 0x000000008000ff36 (0xfcf76de3)
core   0: 0x000000008000ff10 (0xfe043783) ld      a5, -32(s0)
core   0: 3 0x000000008000ff10 (0xfe043783) x15 0x000000008001204a mem 0x0000000080031f50
core   0: 0x000000008000ff14 (0x00178713) addi    a4, a5, 1
core   0: 3 0x000000008000ff14 (0x00178713) x14 0x000000008001204b
core   0: 0x000000008000ff18 (0xfee43023) sd      a4, -32(s0)
core   0: 3 0x000000008000ff18 (0xfee43023) mem 0x0000000080031f50 0x000000008001204b
core   0: 0x000000008000ff1c (0xfc442703) lw      a4, -60(s0)
core   0: 3 0x000000008000ff1c (0xfc442703) x14 0x0000000000000000 mem 0x0000000080031f34
core   0: 0x000000008000ff20 (0x0ff77713) andi    a4, a4, 255
core   0: 3 0x000000008000ff20 (0x0ff77713) x14 0x0000000000000000
core   0: 0x000000008000ff24 (0x00e78023) sb      a4, 0(a5)
core   0: 3 0x000000008000ff24 (0x00e78023) mem 0x000000008001204a 0x00
core   0: 0x000000008000ff28 (0xfc843703) ld      a4, -56(s0)
core   0: 3 0x000000008000ff28 (0xfc843703) x14 0x0000000080012040 mem 0x0000000080031f38
core   0: 0x000000008000ff2c (0xfb843783) ld      a5, -72(s0)
core   0: 3 0x000000008000ff2c (0xfb843783) x15 0x000000000000009c mem 0x0000000080031f28
core   0: 0x000000008000ff30 (0x000097ba) c.add   a5, a4
core   0: 3 0x000000008000ff30 (0x97ba) x15 0x00000000800120dc
core   0: 0x000000008000ff32 (0xfe043703) ld      a4, -32(s0)
core   0: 3 0x000000008000ff32 (0xfe043703) x14 0x000000008001204b mem 0x0000000080031f50
core   0: 0x000000008000ff36 (0xfcf76de3) bltu    a4, a5, pc - 38
core   0: 3 0x000000008000ff36 (0xfcf76de3)
core   0: 0x000000008000ff10 (0xfe043783) ld      a5, -32(s0)
core   0: 3 0x000000008000ff10 (0xfe043783) x15 0x000000008001204b mem 0x0000000080031f50
core   0: 0x000000008000ff14 (0x00178713) addi    a4, a5, 1
core   0: 3 0x000000008000ff14 (0x00178713) x14 0x000000008001204c
core   0: 0x000000008000ff18 (0xfee43023) sd      a4, -32(s0)
core   0: 3 0x000000008000ff18 (0xfee43023) mem 0x0000000080031f50 0x000000008001204c
core   0: 0x000000008000ff1c (0xfc442703) lw      a4, -60(s0)
core   0: 3 0x000000008000ff1c (0xfc442703) x14 0x0000000000000000 mem 0x0000000080031f34
core   0: 0x000000008000ff20 (0x0ff77713) andi    a4, a4, 255
core   0: 3 0x000000008000ff20 (0x0ff77713) x14 0x0000000000000000
core   0: 0x000000008000ff24 (0x00e78023) sb      a4, 0(a5)
core   0: 3 0x000000008000ff24 (0x00e78023) mem 0x000000008001204b 0x00
core   0: 0x000000008000ff28 (0xfc843703) ld      a4, -56(s0)
core   0: 3 0x000000008000ff28 (0xfc843703) x14 0x0000000080012040 mem 0x0000000080031f38
core   0: 0x000000008000ff2c (0xfb843783) ld      a5, -72(s0)
core   0: 3 0x000000008000ff2c (0xfb843783) x15 0x000000000000009c mem 0x0000000080031f28
core   0: 0x000000008000ff30 (0x000097ba) c.add   a5, a4
core   0: 3 0x000000008000ff30 (0x97ba) x15 0x00000000800120dc
core   0: 0x000000008000ff32 (0xfe043703) ld      a4, -32(s0)
core   0: 3 0x000000008000ff32 (0xfe043703) x14 0x000000008001204c mem 0x0000000080031f50
core   0: 0x000000008000ff36 (0xfcf76de3) bltu    a4, a5, pc - 38
core   0: 3 0x000000008000ff36 (0xfcf76de3)
core   0: 0x000000008000ff10 (0xfe043783) ld      a5, -32(s0)
core   0: 3 0x000000008000ff10 (0xfe043783) x15 0x000000008001204c mem 0x0000000080031f50
core   0: 0x000000008000ff14 (0x00178713) addi    a4, a5, 1
core   0: 3 0x000000008000ff14 (0x00178713) x14 0x000000008001204d
core   0: 0x000000008000ff18 (0xfee43023) sd      a4, -32(s0)
core   0: 3 0x000000008000ff18 (0xfee43023) mem 0x0000000080031f50 0x000000008001204d
core   0: 0x000000008000ff1c (0xfc442703) lw      a4, -60(s0)
core   0: 3 0x000000008000ff1c (0xfc442703) x14 0x0000000000000000 mem 0x0000000080031f34
core   0: 0x000000008000ff20 (0x0ff77713) andi    a4, a4, 255
core   0: 3 0x000000008000ff20 (0x0ff77713) x14 0x0000000000000000
core   0: 0x000000008000ff24 (0x00e78023) sb      a4, 0(a5)
core   0: 3 0x000000008000ff24 (0x00e78023) mem 0x000000008001204c 0x00
core   0: 0x000000008000ff28 (0xfc843703) ld      a4, -56(s0)
core   0: 3 0x000000008000ff28 (0xfc843703) x14 0x0000000080012040 mem 0x0000000080031f38
core   0: 0x000000008000ff2c (0xfb843783) ld      a5, -72(s0)
core   0: 3 0x000000008000ff2c (0xfb843783) x15 0x000000000000009c mem 0x0000000080031f28
core   0: 0x000000008000ff30 (0x000097ba) c.add   a5, a4
core   0: 3 0x000000008000ff30 (0x97ba) x15 0x00000000800120dc
core   0: 0x000000008000ff32 (0xfe043703) ld      a4, -32(s0)
core   0: 3 0x000000008000ff32 (0xfe043703) x14 0x000000008001204d mem 0x0000000080031f50
core   0: 0x000000008000ff36 (0xfcf76de3) bltu    a4, a5, pc - 38
core   0: 3 0x000000008000ff36 (0xfcf76de3)
core   0: 0x000000008000ff10 (0xfe043783) ld      a5, -32(s0)
core   0: 3 0x000000008000ff10 (0xfe043783) x15 0x000000008001204d mem 0x0000000080031f50
core   0: 0x000000008000ff14 (0x00178713) addi    a4, a5, 1
core   0: 3 0x000000008000ff14 (0x00178713) x14 0x000000008001204e
core   0: 0x000000008000ff18 (0xfee43023) sd      a4, -32(s0)
core   0: 3 0x000000008000ff18 (0xfee43023) mem 0x0000000080031f50 0x000000008001204e
core   0: 0x000000008000ff1c (0xfc442703) lw      a4, -60(s0)
core   0: 3 0x000000008000ff1c (0xfc442703) x14 0x0000000000000000 mem 0x0000000080031f34
core   0: 0x000000008000ff20 (0x0ff77713) andi    a4, a4, 255
core   0: 3 0x000000008000ff20 (0x0ff77713) x14 0x0000000000000000
core   0: 0x000000008000ff24 (0x00e78023) sb      a4, 0(a5)
core   0: 3 0x000000008000ff24 (0x00e78023) mem 0x000000008001204d 0x00
core   0: 0x000000008000ff28 (0xfc843703) ld      a4, -56(s0)
core   0: 3 0x000000008000ff28 (0xfc843703) x14 0x0000000080012040 mem 0x0000000080031f38
core   0: 0x000000008000ff2c (0xfb843783) ld      a5, -72(s0)
core   0: 3 0x000000008000ff2c (0xfb843783) x15 0x000000000000009c mem 0x0000000080031f28
core   0: 0x000000008000ff30 (0x000097ba) c.add   a5, a4
core   0: 3 0x000000008000ff30 (0x97ba) x15 0x00000000800120dc
core   0: 0x000000008000ff32 (0xfe043703) ld      a4, -32(s0)
core   0: 3 0x000000008000ff32 (0xfe043703) x14 0x000000008001204e mem 0x0000000080031f50
core   0: 0x000000008000ff36 (0xfcf76de3) bltu    a4, a5, pc - 38
core   0: 3 0x000000008000ff36 (0xfcf76de3)
core   0: 0x000000008000ff10 (0xfe043783) ld      a5, -32(s0)
core   0: 3 0x000000008000ff10 (0xfe043783) x15 0x000000008001204e mem 0x0000000080031f50
core   0: 0x000000008000ff14 (0x00178713) addi    a4, a5, 1
core   0: 3 0x000000008000ff14 (0x00178713) x14 0x000000008001204f
core   0: 0x000000008000ff18 (0xfee43023) sd      a4, -32(s0)
core   0: 3 0x000000008000ff18 (0xfee43023) mem 0x0000000080031f50 0x000000008001204f
core   0: 0x000000008000ff1c (0xfc442703) lw      a4, -60(s0)
core   0: 3 0x000000008000ff1c (0xfc442703) x14 0x0000000000000000 mem 0x0000000080031f34
core   0: 0x000000008000ff20 (0x0ff77713) andi    a4, a4, 255
core   0: 3 0x000000008000ff20 (0x0ff77713) x14 0x0000000000000000
core   0: 0x000000008000ff24 (0x00e78023) sb      a4, 0(a5)
core   0: 3 0x000000008000ff24 (0x00e78023) mem 0x000000008001204e 0x00
core   0: 0x000000008000ff28 (0xfc843703) ld      a4, -56(s0)
core   0: 3 0x000000008000ff28 (0xfc843703) x14 0x0000000080012040 mem 0x0000000080031f38
core   0: 0x000000008000ff2c (0xfb843783) ld      a5, -72(s0)
core   0: 3 0x000000008000ff2c (0xfb843783) x15 0x000000000000009c mem 0x0000000080031f28
core   0: 0x000000008000ff30 (0x000097ba) c.add   a5, a4
core   0: 3 0x000000008000ff30 (0x97ba) x15 0x00000000800120dc
core   0: 0x000000008000ff32 (0xfe043703) ld      a4, -32(s0)
core   0: 3 0x000000008000ff32 (0xfe043703) x14 0x000000008001204f mem 0x0000000080031f50
core   0: 0x000000008000ff36 (0xfcf76de3) bltu    a4, a5, pc - 38
core   0: 3 0x000000008000ff36 (0xfcf76de3)
core   0: 0x000000008000ff10 (0xfe043783) ld      a5, -32(s0)
core   0: 3 0x000000008000ff10 (0xfe043783) x15 0x000000008001204f mem 0x0000000080031f50
core   0: 0x000000008000ff14 (0x00178713) addi    a4, a5, 1
core   0: 3 0x000000008000ff14 (0x00178713) x14 0x0000000080012050
core   0: 0x000000008000ff18 (0xfee43023) sd      a4, -32(s0)
core   0: 3 0x000000008000ff18 (0xfee43023) mem 0x0000000080031f50 0x0000000080012050
core   0: 0x000000008000ff1c (0xfc442703) lw      a4, -60(s0)
core   0: 3 0x000000008000ff1c (0xfc442703) x14 0x0000000000000000 mem 0x0000000080031f34
core   0: 0x000000008000ff20 (0x0ff77713) andi    a4, a4, 255
core   0: 3 0x000000008000ff20 (0x0ff77713) x14 0x0000000000000000
core   0: 0x000000008000ff24 (0x00e78023) sb      a4, 0(a5)
core   0: 3 0x000000008000ff24 (0x00e78023) mem 0x000000008001204f 0x00
core   0: 0x000000008000ff28 (0xfc843703) ld      a4, -56(s0)
core   0: 3 0x000000008000ff28 (0xfc843703) x14 0x0000000080012040 mem 0x0000000080031f38
core   0: 0x000000008000ff2c (0xfb843783) ld      a5, -72(s0)
core   0: 3 0x000000008000ff2c (0xfb843783) x15 0x000000000000009c mem 0x0000000080031f28
core   0: 0x000000008000ff30 (0x000097ba) c.add   a5, a4
core   0: 3 0x000000008000ff30 (0x97ba) x15 0x00000000800120dc
core   0: 0x000000008000ff32 (0xfe043703) ld      a4, -32(s0)
core   0: 3 0x000000008000ff32 (0xfe043703) x14 0x0000000080012050 mem 0x0000000080031f50
core   0: 0x000000008000ff36 (0xfcf76de3) bltu    a4, a5, pc - 38
core   0: 3 0x000000008000ff36 (0xfcf76de3)
core   0: 0x000000008000ff10 (0xfe043783) ld      a5, -32(s0)
core   0: 3 0x000000008000ff10 (0xfe043783) x15 0x0000000080012050 mem 0x0000000080031f50
core   0: 0x000000008000ff14 (0x00178713) addi    a4, a5, 1
core   0: 3 0x000000008000ff14 (0x00178713) x14 0x0000000080012051
core   0: 0x000000008000ff18 (0xfee43023) sd      a4, -32(s0)
core   0: 3 0x000000008000ff18 (0xfee43023) mem 0x0000000080031f50 0x0000000080012051
core   0: 0x000000008000ff1c (0xfc442703) lw      a4, -60(s0)
core   0: 3 0x000000008000ff1c (0xfc442703) x14 0x0000000000000000 mem 0x0000000080031f34
core   0: 0x000000008000ff20 (0x0ff77713) andi    a4, a4, 255
core   0: 3 0x000000008000ff20 (0x0ff77713) x14 0x0000000000000000
core   0: 0x000000008000ff24 (0x00e78023) sb      a4, 0(a5)
core   0: 3 0x000000008000ff24 (0x00e78023) mem 0x0000000080012050 0x00
core   0: 0x000000008000ff28 (0xfc843703) ld      a4, -56(s0)
core   0: 3 0x000000008000ff28 (0xfc843703) x14 0x0000000080012040 mem 0x0000000080031f38
core   0: 0x000000008000ff2c (0xfb843783) ld      a5, -72(s0)
core   0: 3 0x000000008000ff2c (0xfb843783) x15 0x000000000000009c mem 0x0000000080031f28
core   0: 0x000000008000ff30 (0x000097ba) c.add   a5, a4
core   0: 3 0x000000008000ff30 (0x97ba) x15 0x00000000800120dc
core   0: 0x000000008000ff32 (0xfe043703) ld      a4, -32(s0)
core   0: 3 0x000000008000ff32 (0xfe043703) x14 0x0000000080012051 mem 0x0000000080031f50
core   0: 0x000000008000ff36 (0xfcf76de3) bltu    a4, a5, pc - 38
core   0: 3 0x000000008000ff36 (0xfcf76de3)
core   0: 0x000000008000ff10 (0xfe043783) ld      a5, -32(s0)
core   0: 3 0x000000008000ff10 (0xfe043783) x15 0x0000000080012051 mem 0x0000000080031f50
core   0: 0x000000008000ff14 (0x00178713) addi    a4, a5, 1
core   0: 3 0x000000008000ff14 (0x00178713) x14 0x0000000080012052
core   0: 0x000000008000ff18 (0xfee43023) sd      a4, -32(s0)
core   0: 3 0x000000008000ff18 (0xfee43023) mem 0x0000000080031f50 0x0000000080012052
core   0: 0x000000008000ff1c (0xfc442703) lw      a4, -60(s0)
core   0: 3 0x000000008000ff1c (0xfc442703) x14 0x0000000000000000 mem 0x0000000080031f34
core   0: 0x000000008000ff20 (0x0ff77713) andi    a4, a4, 255
core   0: 3 0x000000008000ff20 (0x0ff77713) x14 0x0000000000000000
core   0: 0x000000008000ff24 (0x00e78023) sb      a4, 0(a5)
core   0: 3 0x000000008000ff24 (0x00e78023) mem 0x0000000080012051 0x00
core   0: 0x000000008000ff28 (0xfc843703) ld      a4, -56(s0)
core   0: 3 0x000000008000ff28 (0xfc843703) x14 0x0000000080012040 mem 0x0000000080031f38
core   0: 0x000000008000ff2c (0xfb843783) ld      a5, -72(s0)
core   0: 3 0x000000008000ff2c (0xfb843783) x15 0x000000000000009c mem 0x0000000080031f28
core   0: 0x000000008000ff30 (0x000097ba) c.add   a5, a4
core   0: 3 0x000000008000ff30 (0x97ba) x15 0x00000000800120dc
core   0: 0x000000008000ff32 (0xfe043703) ld      a4, -32(s0)
core   0: 3 0x000000008000ff32 (0xfe043703) x14 0x0000000080012052 mem 0x0000000080031f50
core   0: 0x000000008000ff36 (0xfcf76de3) bltu    a4, a5, pc - 38
core   0: 3 0x000000008000ff36 (0xfcf76de3)
core   0: 0x000000008000ff10 (0xfe043783) ld      a5, -32(s0)
core   0: 3 0x000000008000ff10 (0xfe043783) x15 0x0000000080012052 mem 0x0000000080031f50
core   0: 0x000000008000ff14 (0x00178713) addi    a4, a5, 1
core   0: 3 0x000000008000ff14 (0x00178713) x14 0x0000000080012053
core   0: 0x000000008000ff18 (0xfee43023) sd      a4, -32(s0)
core   0: 3 0x000000008000ff18 (0xfee43023) mem 0x0000000080031f50 0x0000000080012053
core   0: 0x000000008000ff1c (0xfc442703) lw      a4, -60(s0)
core   0: 3 0x000000008000ff1c (0xfc442703) x14 0x0000000000000000 mem 0x0000000080031f34
core   0: 0x000000008000ff20 (0x0ff77713) andi    a4, a4, 255
core   0: 3 0x000000008000ff20 (0x0ff77713) x14 0x0000000000000000
core   0: 0x000000008000ff24 (0x00e78023) sb      a4, 0(a5)
core   0: 3 0x000000008000ff24 (0x00e78023) mem 0x0000000080012052 0x00
core   0: 0x000000008000ff28 (0xfc843703) ld      a4, -56(s0)
core   0: 3 0x000000008000ff28 (0xfc843703) x14 0x0000000080012040 mem 0x0000000080031f38
core   0: 0x000000008000ff2c (0xfb843783) ld      a5, -72(s0)
core   0: 3 0x000000008000ff2c (0xfb843783) x15 0x000000000000009c mem 0x0000000080031f28
core   0: 0x000000008000ff30 (0x000097ba) c.add   a5, a4
core   0: 3 0x000000008000ff30 (0x97ba) x15 0x00000000800120dc
core   0: 0x000000008000ff32 (0xfe043703) ld      a4, -32(s0)
core   0: 3 0x000000008000ff32 (0xfe043703) x14 0x0000000080012053 mem 0x0000000080031f50
core   0: 0x000000008000ff36 (0xfcf76de3) bltu    a4, a5, pc - 38
core   0: 3 0x000000008000ff36 (0xfcf76de3)
core   0: 0x000000008000ff10 (0xfe043783) ld      a5, -32(s0)
core   0: 3 0x000000008000ff10 (0xfe043783) x15 0x0000000080012053 mem 0x0000000080031f50
core   0: 0x000000008000ff14 (0x00178713) addi    a4, a5, 1
core   0: 3 0x000000008000ff14 (0x00178713) x14 0x0000000080012054
core   0: 0x000000008000ff18 (0xfee43023) sd      a4, -32(s0)
core   0: 3 0x000000008000ff18 (0xfee43023) mem 0x0000000080031f50 0x0000000080012054
core   0: 0x000000008000ff1c (0xfc442703) lw      a4, -60(s0)
core   0: 3 0x000000008000ff1c (0xfc442703) x14 0x0000000000000000 mem 0x0000000080031f34
core   0: 0x000000008000ff20 (0x0ff77713) andi    a4, a4, 255
core   0: 3 0x000000008000ff20 (0x0ff77713) x14 0x0000000000000000
core   0: 0x000000008000ff24 (0x00e78023) sb      a4, 0(a5)
core   0: 3 0x000000008000ff24 (0x00e78023) mem 0x0000000080012053 0x00
core   0: 0x000000008000ff28 (0xfc843703) ld      a4, -56(s0)
core   0: 3 0x000000008000ff28 (0xfc843703) x14 0x0000000080012040 mem 0x0000000080031f38
core   0: 0x000000008000ff2c (0xfb843783) ld      a5, -72(s0)
core   0: 3 0x000000008000ff2c (0xfb843783) x15 0x000000000000009c mem 0x0000000080031f28
core   0: 0x000000008000ff30 (0x000097ba) c.add   a5, a4
core   0: 3 0x000000008000ff30 (0x97ba) x15 0x00000000800120dc
core   0: 0x000000008000ff32 (0xfe043703) ld      a4, -32(s0)
core   0: 3 0x000000008000ff32 (0xfe043703) x14 0x0000000080012054 mem 0x0000000080031f50
core   0: 0x000000008000ff36 (0xfcf76de3) bltu    a4, a5, pc - 38
core   0: 3 0x000000008000ff36 (0xfcf76de3)
core   0: 0x000000008000ff10 (0xfe043783) ld      a5, -32(s0)
core   0: 3 0x000000008000ff10 (0xfe043783) x15 0x0000000080012054 mem 0x0000000080031f50
core   0: 0x000000008000ff14 (0x00178713) addi    a4, a5, 1
core   0: 3 0x000000008000ff14 (0x00178713) x14 0x0000000080012055
core   0: 0x000000008000ff18 (0xfee43023) sd      a4, -32(s0)
core   0: 3 0x000000008000ff18 (0xfee43023) mem 0x0000000080031f50 0x0000000080012055
core   0: 0x000000008000ff1c (0xfc442703) lw      a4, -60(s0)
core   0: 3 0x000000008000ff1c (0xfc442703) x14 0x0000000000000000 mem 0x0000000080031f34
core   0: 0x000000008000ff20 (0x0ff77713) andi    a4, a4, 255
core   0: 3 0x000000008000ff20 (0x0ff77713) x14 0x0000000000000000
core   0: 0x000000008000ff24 (0x00e78023) sb      a4, 0(a5)
core   0: 3 0x000000008000ff24 (0x00e78023) mem 0x0000000080012054 0x00
core   0: 0x000000008000ff28 (0xfc843703) ld      a4, -56(s0)
core   0: 3 0x000000008000ff28 (0xfc843703) x14 0x0000000080012040 mem 0x0000000080031f38
core   0: 0x000000008000ff2c (0xfb843783) ld      a5, -72(s0)
core   0: 3 0x000000008000ff2c (0xfb843783) x15 0x000000000000009c mem 0x0000000080031f28
core   0: 0x000000008000ff30 (0x000097ba) c.add   a5, a4
core   0: 3 0x000000008000ff30 (0x97ba) x15 0x00000000800120dc
core   0: 0x000000008000ff32 (0xfe043703) ld      a4, -32(s0)
core   0: 3 0x000000008000ff32 (0xfe043703) x14 0x0000000080012055 mem 0x0000000080031f50
core   0: 0x000000008000ff36 (0xfcf76de3) bltu    a4, a5, pc - 38
core   0: 3 0x000000008000ff36 (0xfcf76de3)
core   0: 0x000000008000ff10 (0xfe043783) ld      a5, -32(s0)
core   0: 3 0x000000008000ff10 (0xfe043783) x15 0x0000000080012055 mem 0x0000000080031f50
core   0: 0x000000008000ff14 (0x00178713) addi    a4, a5, 1
core   0: 3 0x000000008000ff14 (0x00178713) x14 0x0000000080012056
core   0: 0x000000008000ff18 (0xfee43023) sd      a4, -32(s0)
core   0: 3 0x000000008000ff18 (0xfee43023) mem 0x0000000080031f50 0x0000000080012056
core   0: 0x000000008000ff1c (0xfc442703) lw      a4, -60(s0)
core   0: 3 0x000000008000ff1c (0xfc442703) x14 0x0000000000000000 mem 0x0000000080031f34
core   0: 0x000000008000ff20 (0x0ff77713) andi    a4, a4, 255
core   0: 3 0x000000008000ff20 (0x0ff77713) x14 0x0000000000000000
core   0: 0x000000008000ff24 (0x00e78023) sb      a4, 0(a5)
core   0: 3 0x000000008000ff24 (0x00e78023) mem 0x0000000080012055 0x00
core   0: 0x000000008000ff28 (0xfc843703) ld      a4, -56(s0)
core   0: 3 0x000000008000ff28 (0xfc843703) x14 0x0000000080012040 mem 0x0000000080031f38
core   0: 0x000000008000ff2c (0xfb843783) ld      a5, -72(s0)
core   0: 3 0x000000008000ff2c (0xfb843783) x15 0x000000000000009c mem 0x0000000080031f28
core   0: 0x000000008000ff30 (0x000097ba) c.add   a5, a4
core   0: 3 0x000000008000ff30 (0x97ba) x15 0x00000000800120dc
core   0: 0x000000008000ff32 (0xfe043703) ld      a4, -32(s0)
core   0: 3 0x000000008000ff32 (0xfe043703) x14 0x0000000080012056 mem 0x0000000080031f50
core   0: 0x000000008000ff36 (0xfcf76de3) bltu    a4, a5, pc - 38
core   0: 3 0x000000008000ff36 (0xfcf76de3)
core   0: 0x000000008000ff10 (0xfe043783) ld      a5, -32(s0)
core   0: 3 0x000000008000ff10 (0xfe043783) x15 0x0000000080012056 mem 0x0000000080031f50
core   0: 0x000000008000ff14 (0x00178713) addi    a4, a5, 1
core   0: 3 0x000000008000ff14 (0x00178713) x14 0x0000000080012057
core   0: 0x000000008000ff18 (0xfee43023) sd      a4, -32(s0)
core   0: 3 0x000000008000ff18 (0xfee43023) mem 0x0000000080031f50 0x0000000080012057
core   0: 0x000000008000ff1c (0xfc442703) lw      a4, -60(s0)
core   0: 3 0x000000008000ff1c (0xfc442703) x14 0x0000000000000000 mem 0x0000000080031f34
core   0: 0x000000008000ff20 (0x0ff77713) andi    a4, a4, 255
core   0: 3 0x000000008000ff20 (0x0ff77713) x14 0x0000000000000000
core   0: 0x000000008000ff24 (0x00e78023) sb      a4, 0(a5)
core   0: 3 0x000000008000ff24 (0x00e78023) mem 0x0000000080012056 0x00
core   0: 0x000000008000ff28 (0xfc843703) ld      a4, -56(s0)
core   0: 3 0x000000008000ff28 (0xfc843703) x14 0x0000000080012040 mem 0x0000000080031f38
core   0: 0x000000008000ff2c (0xfb843783) ld      a5, -72(s0)
core   0: 3 0x000000008000ff2c (0xfb843783) x15 0x000000000000009c mem 0x0000000080031f28
core   0: 0x000000008000ff30 (0x000097ba) c.add   a5, a4
core   0: 3 0x000000008000ff30 (0x97ba) x15 0x00000000800120dc
core   0: 0x000000008000ff32 (0xfe043703) ld      a4, -32(s0)
core   0: 3 0x000000008000ff32 (0xfe043703) x14 0x0000000080012057 mem 0x0000000080031f50
core   0: 0x000000008000ff36 (0xfcf76de3) bltu    a4, a5, pc - 38
core   0: 3 0x000000008000ff36 (0xfcf76de3)
core   0: 0x000000008000ff10 (0xfe043783) ld      a5, -32(s0)
core   0: 3 0x000000008000ff10 (0xfe043783) x15 0x0000000080012057 mem 0x0000000080031f50
core   0: 0x000000008000ff14 (0x00178713) addi    a4, a5, 1
core   0: 3 0x000000008000ff14 (0x00178713) x14 0x0000000080012058
core   0: 0x000000008000ff18 (0xfee43023) sd      a4, -32(s0)
core   0: 3 0x000000008000ff18 (0xfee43023) mem 0x0000000080031f50 0x0000000080012058
core   0: 0x000000008000ff1c (0xfc442703) lw      a4, -60(s0)
core   0: 3 0x000000008000ff1c (0xfc442703) x14 0x0000000000000000 mem 0x0000000080031f34
core   0: 0x000000008000ff20 (0x0ff77713) andi    a4, a4, 255
core   0: 3 0x000000008000ff20 (0x0ff77713) x14 0x0000000000000000
core   0: 0x000000008000ff24 (0x00e78023) sb      a4, 0(a5)
core   0: 3 0x000000008000ff24 (0x00e78023) mem 0x0000000080012057 0x00
core   0: 0x000000008000ff28 (0xfc843703) ld      a4, -56(s0)
core   0: 3 0x000000008000ff28 (0xfc843703) x14 0x0000000080012040 mem 0x0000000080031f38
core   0: 0x000000008000ff2c (0xfb843783) ld      a5, -72(s0)
core   0: 3 0x000000008000ff2c (0xfb843783) x15 0x000000000000009c mem 0x0000000080031f28
core   0: 0x000000008000ff30 (0x000097ba) c.add   a5, a4
core   0: 3 0x000000008000ff30 (0x97ba) x15 0x00000000800120dc
core   0: 0x000000008000ff32 (0xfe043703) ld      a4, -32(s0)
core   0: 3 0x000000008000ff32 (0xfe043703) x14 0x0000000080012058 mem 0x0000000080031f50
core   0: 0x000000008000ff36 (0xfcf76de3) bltu    a4, a5, pc - 38
core   0: 3 0x000000008000ff36 (0xfcf76de3)
core   0: 0x000000008000ff10 (0xfe043783) ld      a5, -32(s0)
core   0: 3 0x000000008000ff10 (0xfe043783) x15 0x0000000080012058 mem 0x0000000080031f50
core   0: 0x000000008000ff14 (0x00178713) addi    a4, a5, 1
core   0: 3 0x000000008000ff14 (0x00178713) x14 0x0000000080012059
core   0: 0x000000008000ff18 (0xfee43023) sd      a4, -32(s0)
core   0: 3 0x000000008000ff18 (0xfee43023) mem 0x0000000080031f50 0x0000000080012059
core   0: 0x000000008000ff1c (0xfc442703) lw      a4, -60(s0)
core   0: 3 0x000000008000ff1c (0xfc442703) x14 0x0000000000000000 mem 0x0000000080031f34
core   0: 0x000000008000ff20 (0x0ff77713) andi    a4, a4, 255
core   0: 3 0x000000008000ff20 (0x0ff77713) x14 0x0000000000000000
core   0: 0x000000008000ff24 (0x00e78023) sb      a4, 0(a5)
core   0: 3 0x000000008000ff24 (0x00e78023) mem 0x0000000080012058 0x00
core   0: 0x000000008000ff28 (0xfc843703) ld      a4, -56(s0)
core   0: 3 0x000000008000ff28 (0xfc843703) x14 0x0000000080012040 mem 0x0000000080031f38
core   0: 0x000000008000ff2c (0xfb843783) ld      a5, -72(s0)
core   0: 3 0x000000008000ff2c (0xfb843783) x15 0x000000000000009c mem 0x0000000080031f28
core   0: 0x000000008000ff30 (0x000097ba) c.add   a5, a4
core   0: 3 0x000000008000ff30 (0x97ba) x15 0x00000000800120dc
core   0: 0x000000008000ff32 (0xfe043703) ld      a4, -32(s0)
core   0: 3 0x000000008000ff32 (0xfe043703) x14 0x0000000080012059 mem 0x0000000080031f50
core   0: 0x000000008000ff36 (0xfcf76de3) bltu    a4, a5, pc - 38
core   0: 3 0x000000008000ff36 (0xfcf76de3)
core   0: 0x000000008000ff10 (0xfe043783) ld      a5, -32(s0)
core   0: 3 0x000000008000ff10 (0xfe043783) x15 0x0000000080012059 mem 0x0000000080031f50
core   0: 0x000000008000ff14 (0x00178713) addi    a4, a5, 1
core   0: 3 0x000000008000ff14 (0x00178713) x14 0x000000008001205a
core   0: 0x000000008000ff18 (0xfee43023) sd      a4, -32(s0)
core   0: 3 0x000000008000ff18 (0xfee43023) mem 0x0000000080031f50 0x000000008001205a
core   0: 0x000000008000ff1c (0xfc442703) lw      a4, -60(s0)
core   0: 3 0x000000008000ff1c (0xfc442703) x14 0x0000000000000000 mem 0x0000000080031f34
core   0: 0x000000008000ff20 (0x0ff77713) andi    a4, a4, 255
core   0: 3 0x000000008000ff20 (0x0ff77713) x14 0x0000000000000000
core   0: 0x000000008000ff24 (0x00e78023) sb      a4, 0(a5)
core   0: 3 0x000000008000ff24 (0x00e78023) mem 0x0000000080012059 0x00
core   0: 0x000000008000ff28 (0xfc843703) ld      a4, -56(s0)
core   0: 3 0x000000008000ff28 (0xfc843703) x14 0x0000000080012040 mem 0x0000000080031f38
core   0: 0x000000008000ff2c (0xfb843783) ld      a5, -72(s0)
core   0: 3 0x000000008000ff2c (0xfb843783) x15 0x000000000000009c mem 0x0000000080031f28
core   0: 0x000000008000ff30 (0x000097ba) c.add   a5, a4
core   0: 3 0x000000008000ff30 (0x97ba) x15 0x00000000800120dc
core   0: 0x000000008000ff32 (0xfe043703) ld      a4, -32(s0)
core   0: 3 0x000000008000ff32 (0xfe043703) x14 0x000000008001205a mem 0x0000000080031f50
core   0: 0x000000008000ff36 (0xfcf76de3) bltu    a4, a5, pc - 38
core   0: 3 0x000000008000ff36 (0xfcf76de3)
core   0: 0x000000008000ff10 (0xfe043783) ld      a5, -32(s0)
core   0: 3 0x000000008000ff10 (0xfe043783) x15 0x000000008001205a mem 0x0000000080031f50
core   0: 0x000000008000ff14 (0x00178713) addi    a4, a5, 1
core   0: 3 0x000000008000ff14 (0x00178713) x14 0x000000008001205b
core   0: 0x000000008000ff18 (0xfee43023) sd      a4, -32(s0)
core   0: 3 0x000000008000ff18 (0xfee43023) mem 0x0000000080031f50 0x000000008001205b
core   0: 0x000000008000ff1c (0xfc442703) lw      a4, -60(s0)
core   0: 3 0x000000008000ff1c (0xfc442703) x14 0x0000000000000000 mem 0x0000000080031f34
core   0: 0x000000008000ff20 (0x0ff77713) andi    a4, a4, 255
core   0: 3 0x000000008000ff20 (0x0ff77713) x14 0x0000000000000000
core   0: 0x000000008000ff24 (0x00e78023) sb      a4, 0(a5)
core   0: 3 0x000000008000ff24 (0x00e78023) mem 0x000000008001205a 0x00
core   0: 0x000000008000ff28 (0xfc843703) ld      a4, -56(s0)
core   0: 3 0x000000008000ff28 (0xfc843703) x14 0x0000000080012040 mem 0x0000000080031f38
core   0: 0x000000008000ff2c (0xfb843783) ld      a5, -72(s0)
core   0: 3 0x000000008000ff2c (0xfb843783) x15 0x000000000000009c mem 0x0000000080031f28
core   0: 0x000000008000ff30 (0x000097ba) c.add   a5, a4
core   0: 3 0x000000008000ff30 (0x97ba) x15 0x00000000800120dc
core   0: 0x000000008000ff32 (0xfe043703) ld      a4, -32(s0)
core   0: 3 0x000000008000ff32 (0xfe043703) x14 0x000000008001205b mem 0x0000000080031f50
core   0: 0x000000008000ff36 (0xfcf76de3) bltu    a4, a5, pc - 38
core   0: 3 0x000000008000ff36 (0xfcf76de3)
core   0: 0x000000008000ff10 (0xfe043783) ld      a5, -32(s0)
core   0: 3 0x000000008000ff10 (0xfe043783) x15 0x000000008001205b mem 0x0000000080031f50
core   0: 0x000000008000ff14 (0x00178713) addi    a4, a5, 1
core   0: 3 0x000000008000ff14 (0x00178713) x14 0x000000008001205c
core   0: 0x000000008000ff18 (0xfee43023) sd      a4, -32(s0)
core   0: 3 0x000000008000ff18 (0xfee43023) mem 0x0000000080031f50 0x000000008001205c
core   0: 0x000000008000ff1c (0xfc442703) lw      a4, -60(s0)
core   0: 3 0x000000008000ff1c (0xfc442703) x14 0x0000000000000000 mem 0x0000000080031f34
core   0: 0x000000008000ff20 (0x0ff77713) andi    a4, a4, 255
core   0: 3 0x000000008000ff20 (0x0ff77713) x14 0x0000000000000000
core   0: 0x000000008000ff24 (0x00e78023) sb      a4, 0(a5)
core   0: 3 0x000000008000ff24 (0x00e78023) mem 0x000000008001205b 0x00
core   0: 0x000000008000ff28 (0xfc843703) ld      a4, -56(s0)
core   0: 3 0x000000008000ff28 (0xfc843703) x14 0x0000000080012040 mem 0x0000000080031f38
core   0: 0x000000008000ff2c (0xfb843783) ld      a5, -72(s0)
core   0: 3 0x000000008000ff2c (0xfb843783) x15 0x000000000000009c mem 0x0000000080031f28
core   0: 0x000000008000ff30 (0x000097ba) c.add   a5, a4
core   0: 3 0x000000008000ff30 (0x97ba) x15 0x00000000800120dc
core   0: 0x000000008000ff32 (0xfe043703) ld      a4, -32(s0)
core   0: 3 0x000000008000ff32 (0xfe043703) x14 0x000000008001205c mem 0x0000000080031f50
core   0: 0x000000008000ff36 (0xfcf76de3) bltu    a4, a5, pc - 38
core   0: 3 0x000000008000ff36 (0xfcf76de3)
core   0: 0x000000008000ff10 (0xfe043783) ld      a5, -32(s0)
core   0: 3 0x000000008000ff10 (0xfe043783) x15 0x000000008001205c mem 0x0000000080031f50
core   0: 0x000000008000ff14 (0x00178713) addi    a4, a5, 1
core   0: 3 0x000000008000ff14 (0x00178713) x14 0x000000008001205d
core   0: 0x000000008000ff18 (0xfee43023) sd      a4, -32(s0)
core   0: 3 0x000000008000ff18 (0xfee43023) mem 0x0000000080031f50 0x000000008001205d
core   0: 0x000000008000ff1c (0xfc442703) lw      a4, -60(s0)
core   0: 3 0x000000008000ff1c (0xfc442703) x14 0x0000000000000000 mem 0x0000000080031f34
core   0: 0x000000008000ff20 (0x0ff77713) andi    a4, a4, 255
core   0: 3 0x000000008000ff20 (0x0ff77713) x14 0x0000000000000000
core   0: 0x000000008000ff24 (0x00e78023) sb      a4, 0(a5)
core   0: 3 0x000000008000ff24 (0x00e78023) mem 0x000000008001205c 0x00
core   0: 0x000000008000ff28 (0xfc843703) ld      a4, -56(s0)
core   0: 3 0x000000008000ff28 (0xfc843703) x14 0x0000000080012040 mem 0x0000000080031f38
core   0: 0x000000008000ff2c (0xfb843783) ld      a5, -72(s0)
core   0: 3 0x000000008000ff2c (0xfb843783) x15 0x000000000000009c mem 0x0000000080031f28
core   0: 0x000000008000ff30 (0x000097ba) c.add   a5, a4
core   0: 3 0x000000008000ff30 (0x97ba) x15 0x00000000800120dc
core   0: 0x000000008000ff32 (0xfe043703) ld      a4, -32(s0)
core   0: 3 0x000000008000ff32 (0xfe043703) x14 0x000000008001205d mem 0x0000000080031f50
core   0: 0x000000008000ff36 (0xfcf76de3) bltu    a4, a5, pc - 38
core   0: 3 0x000000008000ff36 (0xfcf76de3)
core   0: 0x000000008000ff10 (0xfe043783) ld      a5, -32(s0)
core   0: 3 0x000000008000ff10 (0xfe043783) x15 0x000000008001205d mem 0x0000000080031f50
core   0: 0x000000008000ff14 (0x00178713) addi    a4, a5, 1
core   0: 3 0x000000008000ff14 (0x00178713) x14 0x000000008001205e
core   0: 0x000000008000ff18 (0xfee43023) sd      a4, -32(s0)
core   0: 3 0x000000008000ff18 (0xfee43023) mem 0x0000000080031f50 0x000000008001205e
core   0: 0x000000008000ff1c (0xfc442703) lw      a4, -60(s0)
core   0: 3 0x000000008000ff1c (0xfc442703) x14 0x0000000000000000 mem 0x0000000080031f34
core   0: 0x000000008000ff20 (0x0ff77713) andi    a4, a4, 255
core   0: 3 0x000000008000ff20 (0x0ff77713) x14 0x0000000000000000
core   0: 0x000000008000ff24 (0x00e78023) sb      a4, 0(a5)
core   0: 3 0x000000008000ff24 (0x00e78023) mem 0x000000008001205d 0x00
core   0: 0x000000008000ff28 (0xfc843703) ld      a4, -56(s0)
core   0: 3 0x000000008000ff28 (0xfc843703) x14 0x0000000080012040 mem 0x0000000080031f38
core   0: 0x000000008000ff2c (0xfb843783) ld      a5, -72(s0)
core   0: 3 0x000000008000ff2c (0xfb843783) x15 0x000000000000009c mem 0x0000000080031f28
core   0: 0x000000008000ff30 (0x000097ba) c.add   a5, a4
core   0: 3 0x000000008000ff30 (0x97ba) x15 0x00000000800120dc
core   0: 0x000000008000ff32 (0xfe043703) ld      a4, -32(s0)
core   0: 3 0x000000008000ff32 (0xfe043703) x14 0x000000008001205e mem 0x0000000080031f50
core   0: 0x000000008000ff36 (0xfcf76de3) bltu    a4, a5, pc - 38
core   0: 3 0x000000008000ff36 (0xfcf76de3)
core   0: 0x000000008000ff10 (0xfe043783) ld      a5, -32(s0)
core   0: 3 0x000000008000ff10 (0xfe043783) x15 0x000000008001205e mem 0x0000000080031f50
core   0: 0x000000008000ff14 (0x00178713) addi    a4, a5, 1
core   0: 3 0x000000008000ff14 (0x00178713) x14 0x000000008001205f
core   0: 0x000000008000ff18 (0xfee43023) sd      a4, -32(s0)
core   0: 3 0x000000008000ff18 (0xfee43023) mem 0x0000000080031f50 0x000000008001205f
core   0: 0x000000008000ff1c (0xfc442703) lw      a4, -60(s0)
core   0: 3 0x000000008000ff1c (0xfc442703) x14 0x0000000000000000 mem 0x0000000080031f34
core   0: 0x000000008000ff20 (0x0ff77713) andi    a4, a4, 255
core   0: 3 0x000000008000ff20 (0x0ff77713) x14 0x0000000000000000
core   0: 0x000000008000ff24 (0x00e78023) sb      a4, 0(a5)
core   0: 3 0x000000008000ff24 (0x00e78023) mem 0x000000008001205e 0x00
core   0: 0x000000008000ff28 (0xfc843703) ld      a4, -56(s0)
core   0: 3 0x000000008000ff28 (0xfc843703) x14 0x0000000080012040 mem 0x0000000080031f38
core   0: 0x000000008000ff2c (0xfb843783) ld      a5, -72(s0)
core   0: 3 0x000000008000ff2c (0xfb843783) x15 0x000000000000009c mem 0x0000000080031f28
core   0: 0x000000008000ff30 (0x000097ba) c.add   a5, a4
core   0: 3 0x000000008000ff30 (0x97ba) x15 0x00000000800120dc
core   0: 0x000000008000ff32 (0xfe043703) ld      a4, -32(s0)
core   0: 3 0x000000008000ff32 (0xfe043703) x14 0x000000008001205f mem 0x0000000080031f50
core   0: 0x000000008000ff36 (0xfcf76de3) bltu    a4, a5, pc - 38
core   0: 3 0x000000008000ff36 (0xfcf76de3)
core   0: 0x000000008000ff10 (0xfe043783) ld      a5, -32(s0)
core   0: 3 0x000000008000ff10 (0xfe043783) x15 0x000000008001205f mem 0x0000000080031f50
core   0: 0x000000008000ff14 (0x00178713) addi    a4, a5, 1
core   0: 3 0x000000008000ff14 (0x00178713) x14 0x0000000080012060
core   0: 0x000000008000ff18 (0xfee43023) sd      a4, -32(s0)
core   0: 3 0x000000008000ff18 (0xfee43023) mem 0x0000000080031f50 0x0000000080012060
core   0: 0x000000008000ff1c (0xfc442703) lw      a4, -60(s0)
core   0: 3 0x000000008000ff1c (0xfc442703) x14 0x0000000000000000 mem 0x0000000080031f34
core   0: 0x000000008000ff20 (0x0ff77713) andi    a4, a4, 255
core   0: 3 0x000000008000ff20 (0x0ff77713) x14 0x0000000000000000
core   0: 0x000000008000ff24 (0x00e78023) sb      a4, 0(a5)
core   0: 3 0x000000008000ff24 (0x00e78023) mem 0x000000008001205f 0x00
core   0: 0x000000008000ff28 (0xfc843703) ld      a4, -56(s0)
core   0: 3 0x000000008000ff28 (0xfc843703) x14 0x0000000080012040 mem 0x0000000080031f38
core   0: 0x000000008000ff2c (0xfb843783) ld      a5, -72(s0)
core   0: 3 0x000000008000ff2c (0xfb843783) x15 0x000000000000009c mem 0x0000000080031f28
core   0: 0x000000008000ff30 (0x000097ba) c.add   a5, a4
core   0: 3 0x000000008000ff30 (0x97ba) x15 0x00000000800120dc
core   0: 0x000000008000ff32 (0xfe043703) ld      a4, -32(s0)
core   0: 3 0x000000008000ff32 (0xfe043703) x14 0x0000000080012060 mem 0x0000000080031f50
core   0: 0x000000008000ff36 (0xfcf76de3) bltu    a4, a5, pc - 38
core   0: 3 0x000000008000ff36 (0xfcf76de3)
core   0: 0x000000008000ff10 (0xfe043783) ld      a5, -32(s0)
core   0: 3 0x000000008000ff10 (0xfe043783) x15 0x0000000080012060 mem 0x0000000080031f50
core   0: 0x000000008000ff14 (0x00178713) addi    a4, a5, 1
core   0: 3 0x000000008000ff14 (0x00178713) x14 0x0000000080012061
core   0: 0x000000008000ff18 (0xfee43023) sd      a4, -32(s0)
core   0: 3 0x000000008000ff18 (0xfee43023) mem 0x0000000080031f50 0x0000000080012061
core   0: 0x000000008000ff1c (0xfc442703) lw      a4, -60(s0)
core   0: 3 0x000000008000ff1c (0xfc442703) x14 0x0000000000000000 mem 0x0000000080031f34
core   0: 0x000000008000ff20 (0x0ff77713) andi    a4, a4, 255
core   0: 3 0x000000008000ff20 (0x0ff77713) x14 0x0000000000000000
core   0: 0x000000008000ff24 (0x00e78023) sb      a4, 0(a5)
core   0: 3 0x000000008000ff24 (0x00e78023) mem 0x0000000080012060 0x00
core   0: 0x000000008000ff28 (0xfc843703) ld      a4, -56(s0)
core   0: 3 0x000000008000ff28 (0xfc843703) x14 0x0000000080012040 mem 0x0000000080031f38
core   0: 0x000000008000ff2c (0xfb843783) ld      a5, -72(s0)
core   0: 3 0x000000008000ff2c (0xfb843783) x15 0x000000000000009c mem 0x0000000080031f28
core   0: 0x000000008000ff30 (0x000097ba) c.add   a5, a4
core   0: 3 0x000000008000ff30 (0x97ba) x15 0x00000000800120dc
core   0: 0x000000008000ff32 (0xfe043703) ld      a4, -32(s0)
core   0: 3 0x000000008000ff32 (0xfe043703) x14 0x0000000080012061 mem 0x0000000080031f50
core   0: 0x000000008000ff36 (0xfcf76de3) bltu    a4, a5, pc - 38
core   0: 3 0x000000008000ff36 (0xfcf76de3)
core   0: 0x000000008000ff10 (0xfe043783) ld      a5, -32(s0)
core   0: 3 0x000000008000ff10 (0xfe043783) x15 0x0000000080012061 mem 0x0000000080031f50
core   0: 0x000000008000ff14 (0x00178713) addi    a4, a5, 1
core   0: 3 0x000000008000ff14 (0x00178713) x14 0x0000000080012062
core   0: 0x000000008000ff18 (0xfee43023) sd      a4, -32(s0)
core   0: 3 0x000000008000ff18 (0xfee43023) mem 0x0000000080031f50 0x0000000080012062
core   0: 0x000000008000ff1c (0xfc442703) lw      a4, -60(s0)
core   0: 3 0x000000008000ff1c (0xfc442703) x14 0x0000000000000000 mem 0x0000000080031f34
core   0: 0x000000008000ff20 (0x0ff77713) andi    a4, a4, 255
core   0: 3 0x000000008000ff20 (0x0ff77713) x14 0x0000000000000000
core   0: 0x000000008000ff24 (0x00e78023) sb      a4, 0(a5)
core   0: 3 0x000000008000ff24 (0x00e78023) mem 0x0000000080012061 0x00
core   0: 0x000000008000ff28 (0xfc843703) ld      a4, -56(s0)
core   0: 3 0x000000008000ff28 (0xfc843703) x14 0x0000000080012040 mem 0x0000000080031f38
core   0: 0x000000008000ff2c (0xfb843783) ld      a5, -72(s0)
core   0: 3 0x000000008000ff2c (0xfb843783) x15 0x000000000000009c mem 0x0000000080031f28
core   0: 0x000000008000ff30 (0x000097ba) c.add   a5, a4
core   0: 3 0x000000008000ff30 (0x97ba) x15 0x00000000800120dc
core   0: 0x000000008000ff32 (0xfe043703) ld      a4, -32(s0)
core   0: 3 0x000000008000ff32 (0xfe043703) x14 0x0000000080012062 mem 0x0000000080031f50
core   0: 0x000000008000ff36 (0xfcf76de3) bltu    a4, a5, pc - 38
core   0: 3 0x000000008000ff36 (0xfcf76de3)
core   0: 0x000000008000ff10 (0xfe043783) ld      a5, -32(s0)
core   0: 3 0x000000008000ff10 (0xfe043783) x15 0x0000000080012062 mem 0x0000000080031f50
core   0: 0x000000008000ff14 (0x00178713) addi    a4, a5, 1
core   0: 3 0x000000008000ff14 (0x00178713) x14 0x0000000080012063
core   0: 0x000000008000ff18 (0xfee43023) sd      a4, -32(s0)
core   0: 3 0x000000008000ff18 (0xfee43023) mem 0x0000000080031f50 0x0000000080012063
core   0: 0x000000008000ff1c (0xfc442703) lw      a4, -60(s0)
core   0: 3 0x000000008000ff1c (0xfc442703) x14 0x0000000000000000 mem 0x0000000080031f34
core   0: 0x000000008000ff20 (0x0ff77713) andi    a4, a4, 255
core   0: 3 0x000000008000ff20 (0x0ff77713) x14 0x0000000000000000
core   0: 0x000000008000ff24 (0x00e78023) sb      a4, 0(a5)
core   0: 3 0x000000008000ff24 (0x00e78023) mem 0x0000000080012062 0x00
core   0: 0x000000008000ff28 (0xfc843703) ld      a4, -56(s0)
core   0: 3 0x000000008000ff28 (0xfc843703) x14 0x0000000080012040 mem 0x0000000080031f38
core   0: 0x000000008000ff2c (0xfb843783) ld      a5, -72(s0)
core   0: 3 0x000000008000ff2c (0xfb843783) x15 0x000000000000009c mem 0x0000000080031f28
core   0: 0x000000008000ff30 (0x000097ba) c.add   a5, a4
core   0: 3 0x000000008000ff30 (0x97ba) x15 0x00000000800120dc
core   0: 0x000000008000ff32 (0xfe043703) ld      a4, -32(s0)
core   0: 3 0x000000008000ff32 (0xfe043703) x14 0x0000000080012063 mem 0x0000000080031f50
core   0: 0x000000008000ff36 (0xfcf76de3) bltu    a4, a5, pc - 38
core   0: 3 0x000000008000ff36 (0xfcf76de3)
core   0: 0x000000008000ff10 (0xfe043783) ld      a5, -32(s0)
core   0: 3 0x000000008000ff10 (0xfe043783) x15 0x0000000080012063 mem 0x0000000080031f50
core   0: 0x000000008000ff14 (0x00178713) addi    a4, a5, 1
core   0: 3 0x000000008000ff14 (0x00178713) x14 0x0000000080012064
core   0: 0x000000008000ff18 (0xfee43023) sd      a4, -32(s0)
core   0: 3 0x000000008000ff18 (0xfee43023) mem 0x0000000080031f50 0x0000000080012064
core   0: 0x000000008000ff1c (0xfc442703) lw      a4, -60(s0)
core   0: 3 0x000000008000ff1c (0xfc442703) x14 0x0000000000000000 mem 0x0000000080031f34
core   0: 0x000000008000ff20 (0x0ff77713) andi    a4, a4, 255
core   0: 3 0x000000008000ff20 (0x0ff77713) x14 0x0000000000000000
core   0: 0x000000008000ff24 (0x00e78023) sb      a4, 0(a5)
core   0: 3 0x000000008000ff24 (0x00e78023) mem 0x0000000080012063 0x00
core   0: 0x000000008000ff28 (0xfc843703) ld      a4, -56(s0)
core   0: 3 0x000000008000ff28 (0xfc843703) x14 0x0000000080012040 mem 0x0000000080031f38
core   0: 0x000000008000ff2c (0xfb843783) ld      a5, -72(s0)
core   0: 3 0x000000008000ff2c (0xfb843783) x15 0x000000000000009c mem 0x0000000080031f28
core   0: 0x000000008000ff30 (0x000097ba) c.add   a5, a4
core   0: 3 0x000000008000ff30 (0x97ba) x15 0x00000000800120dc
core   0: 0x000000008000ff32 (0xfe043703) ld      a4, -32(s0)
core   0: 3 0x000000008000ff32 (0xfe043703) x14 0x0000000080012064 mem 0x0000000080031f50
core   0: 0x000000008000ff36 (0xfcf76de3) bltu    a4, a5, pc - 38
core   0: 3 0x000000008000ff36 (0xfcf76de3)
core   0: 0x000000008000ff10 (0xfe043783) ld      a5, -32(s0)
core   0: 3 0x000000008000ff10 (0xfe043783) x15 0x0000000080012064 mem 0x0000000080031f50
core   0: 0x000000008000ff14 (0x00178713) addi    a4, a5, 1
core   0: 3 0x000000008000ff14 (0x00178713) x14 0x0000000080012065
core   0: 0x000000008000ff18 (0xfee43023) sd      a4, -32(s0)
core   0: 3 0x000000008000ff18 (0xfee43023) mem 0x0000000080031f50 0x0000000080012065
core   0: 0x000000008000ff1c (0xfc442703) lw      a4, -60(s0)
core   0: 3 0x000000008000ff1c (0xfc442703) x14 0x0000000000000000 mem 0x0000000080031f34
core   0: 0x000000008000ff20 (0x0ff77713) andi    a4, a4, 255
core   0: 3 0x000000008000ff20 (0x0ff77713) x14 0x0000000000000000
core   0: 0x000000008000ff24 (0x00e78023) sb      a4, 0(a5)
core   0: 3 0x000000008000ff24 (0x00e78023) mem 0x0000000080012064 0x00
core   0: 0x000000008000ff28 (0xfc843703) ld      a4, -56(s0)
core   0: 3 0x000000008000ff28 (0xfc843703) x14 0x0000000080012040 mem 0x0000000080031f38
core   0: 0x000000008000ff2c (0xfb843783) ld      a5, -72(s0)
core   0: 3 0x000000008000ff2c (0xfb843783) x15 0x000000000000009c mem 0x0000000080031f28
core   0: 0x000000008000ff30 (0x000097ba) c.add   a5, a4
core   0: 3 0x000000008000ff30 (0x97ba) x15 0x00000000800120dc
core   0: 0x000000008000ff32 (0xfe043703) ld      a4, -32(s0)
core   0: 3 0x000000008000ff32 (0xfe043703) x14 0x0000000080012065 mem 0x0000000080031f50
core   0: 0x000000008000ff36 (0xfcf76de3) bltu    a4, a5, pc - 38
core   0: 3 0x000000008000ff36 (0xfcf76de3)
core   0: 0x000000008000ff10 (0xfe043783) ld      a5, -32(s0)
core   0: 3 0x000000008000ff10 (0xfe043783) x15 0x0000000080012065 mem 0x0000000080031f50
core   0: 0x000000008000ff14 (0x00178713) addi    a4, a5, 1
core   0: 3 0x000000008000ff14 (0x00178713) x14 0x0000000080012066
core   0: 0x000000008000ff18 (0xfee43023) sd      a4, -32(s0)
core   0: 3 0x000000008000ff18 (0xfee43023) mem 0x0000000080031f50 0x0000000080012066
core   0: 0x000000008000ff1c (0xfc442703) lw      a4, -60(s0)
core   0: 3 0x000000008000ff1c (0xfc442703) x14 0x0000000000000000 mem 0x0000000080031f34
core   0: 0x000000008000ff20 (0x0ff77713) andi    a4, a4, 255
core   0: 3 0x000000008000ff20 (0x0ff77713) x14 0x0000000000000000
core   0: 0x000000008000ff24 (0x00e78023) sb      a4, 0(a5)
core   0: 3 0x000000008000ff24 (0x00e78023) mem 0x0000000080012065 0x00
core   0: 0x000000008000ff28 (0xfc843703) ld      a4, -56(s0)
core   0: 3 0x000000008000ff28 (0xfc843703) x14 0x0000000080012040 mem 0x0000000080031f38
core   0: 0x000000008000ff2c (0xfb843783) ld      a5, -72(s0)
core   0: 3 0x000000008000ff2c (0xfb843783) x15 0x000000000000009c mem 0x0000000080031f28
core   0: 0x000000008000ff30 (0x000097ba) c.add   a5, a4
core   0: 3 0x000000008000ff30 (0x97ba) x15 0x00000000800120dc
core   0: 0x000000008000ff32 (0xfe043703) ld      a4, -32(s0)
core   0: 3 0x000000008000ff32 (0xfe043703) x14 0x0000000080012066 mem 0x0000000080031f50
core   0: 0x000000008000ff36 (0xfcf76de3) bltu    a4, a5, pc - 38
core   0: 3 0x000000008000ff36 (0xfcf76de3)
core   0: 0x000000008000ff10 (0xfe043783) ld      a5, -32(s0)
core   0: 3 0x000000008000ff10 (0xfe043783) x15 0x0000000080012066 mem 0x0000000080031f50
core   0: 0x000000008000ff14 (0x00178713) addi    a4, a5, 1
core   0: 3 0x000000008000ff14 (0x00178713) x14 0x0000000080012067
core   0: 0x000000008000ff18 (0xfee43023) sd      a4, -32(s0)
core   0: 3 0x000000008000ff18 (0xfee43023) mem 0x0000000080031f50 0x0000000080012067
core   0: 0x000000008000ff1c (0xfc442703) lw      a4, -60(s0)
core   0: 3 0x000000008000ff1c (0xfc442703) x14 0x0000000000000000 mem 0x0000000080031f34
core   0: 0x000000008000ff20 (0x0ff77713) andi    a4, a4, 255
core   0: 3 0x000000008000ff20 (0x0ff77713) x14 0x0000000000000000
core   0: 0x000000008000ff24 (0x00e78023) sb      a4, 0(a5)
core   0: 3 0x000000008000ff24 (0x00e78023) mem 0x0000000080012066 0x00
core   0: 0x000000008000ff28 (0xfc843703) ld      a4, -56(s0)
core   0: 3 0x000000008000ff28 (0xfc843703) x14 0x0000000080012040 mem 0x0000000080031f38
core   0: 0x000000008000ff2c (0xfb843783) ld      a5, -72(s0)
core   0: 3 0x000000008000ff2c (0xfb843783) x15 0x000000000000009c mem 0x0000000080031f28
core   0: 0x000000008000ff30 (0x000097ba) c.add   a5, a4
core   0: 3 0x000000008000ff30 (0x97ba) x15 0x00000000800120dc
core   0: 0x000000008000ff32 (0xfe043703) ld      a4, -32(s0)
core   0: 3 0x000000008000ff32 (0xfe043703) x14 0x0000000080012067 mem 0x0000000080031f50
core   0: 0x000000008000ff36 (0xfcf76de3) bltu    a4, a5, pc - 38
core   0: 3 0x000000008000ff36 (0xfcf76de3)
core   0: 0x000000008000ff10 (0xfe043783) ld      a5, -32(s0)
core   0: 3 0x000000008000ff10 (0xfe043783) x15 0x0000000080012067 mem 0x0000000080031f50
core   0: 0x000000008000ff14 (0x00178713) addi    a4, a5, 1
core   0: 3 0x000000008000ff14 (0x00178713) x14 0x0000000080012068
core   0: 0x000000008000ff18 (0xfee43023) sd      a4, -32(s0)
core   0: 3 0x000000008000ff18 (0xfee43023) mem 0x0000000080031f50 0x0000000080012068
core   0: 0x000000008000ff1c (0xfc442703) lw      a4, -60(s0)
core   0: 3 0x000000008000ff1c (0xfc442703) x14 0x0000000000000000 mem 0x0000000080031f34
core   0: 0x000000008000ff20 (0x0ff77713) andi    a4, a4, 255
core   0: 3 0x000000008000ff20 (0x0ff77713) x14 0x0000000000000000
core   0: 0x000000008000ff24 (0x00e78023) sb      a4, 0(a5)
core   0: 3 0x000000008000ff24 (0x00e78023) mem 0x0000000080012067 0x00
core   0: 0x000000008000ff28 (0xfc843703) ld      a4, -56(s0)
core   0: 3 0x000000008000ff28 (0xfc843703) x14 0x0000000080012040 mem 0x0000000080031f38
core   0: 0x000000008000ff2c (0xfb843783) ld      a5, -72(s0)
core   0: 3 0x000000008000ff2c (0xfb843783) x15 0x000000000000009c mem 0x0000000080031f28
core   0: 0x000000008000ff30 (0x000097ba) c.add   a5, a4
core   0: 3 0x000000008000ff30 (0x97ba) x15 0x00000000800120dc
core   0: 0x000000008000ff32 (0xfe043703) ld      a4, -32(s0)
core   0: 3 0x000000008000ff32 (0xfe043703) x14 0x0000000080012068 mem 0x0000000080031f50
core   0: 0x000000008000ff36 (0xfcf76de3) bltu    a4, a5, pc - 38
core   0: 3 0x000000008000ff36 (0xfcf76de3)
core   0: 0x000000008000ff10 (0xfe043783) ld      a5, -32(s0)
core   0: 3 0x000000008000ff10 (0xfe043783) x15 0x0000000080012068 mem 0x0000000080031f50
core   0: 0x000000008000ff14 (0x00178713) addi    a4, a5, 1
core   0: 3 0x000000008000ff14 (0x00178713) x14 0x0000000080012069
core   0: 0x000000008000ff18 (0xfee43023) sd      a4, -32(s0)
core   0: 3 0x000000008000ff18 (0xfee43023) mem 0x0000000080031f50 0x0000000080012069
core   0: 0x000000008000ff1c (0xfc442703) lw      a4, -60(s0)
core   0: 3 0x000000008000ff1c (0xfc442703) x14 0x0000000000000000 mem 0x0000000080031f34
core   0: 0x000000008000ff20 (0x0ff77713) andi    a4, a4, 255
core   0: 3 0x000000008000ff20 (0x0ff77713) x14 0x0000000000000000
core   0: 0x000000008000ff24 (0x00e78023) sb      a4, 0(a5)
core   0: 3 0x000000008000ff24 (0x00e78023) mem 0x0000000080012068 0x00
core   0: 0x000000008000ff28 (0xfc843703) ld      a4, -56(s0)
core   0: 3 0x000000008000ff28 (0xfc843703) x14 0x0000000080012040 mem 0x0000000080031f38
core   0: 0x000000008000ff2c (0xfb843783) ld      a5, -72(s0)
core   0: 3 0x000000008000ff2c (0xfb843783) x15 0x000000000000009c mem 0x0000000080031f28
core   0: 0x000000008000ff30 (0x000097ba) c.add   a5, a4
core   0: 3 0x000000008000ff30 (0x97ba) x15 0x00000000800120dc
core   0: 0x000000008000ff32 (0xfe043703) ld      a4, -32(s0)
core   0: 3 0x000000008000ff32 (0xfe043703) x14 0x0000000080012069 mem 0x0000000080031f50
core   0: 0x000000008000ff36 (0xfcf76de3) bltu    a4, a5, pc - 38
core   0: 3 0x000000008000ff36 (0xfcf76de3)
core   0: 0x000000008000ff10 (0xfe043783) ld      a5, -32(s0)
core   0: 3 0x000000008000ff10 (0xfe043783) x15 0x0000000080012069 mem 0x0000000080031f50
core   0: 0x000000008000ff14 (0x00178713) addi    a4, a5, 1
core   0: 3 0x000000008000ff14 (0x00178713) x14 0x000000008001206a
core   0: 0x000000008000ff18 (0xfee43023) sd      a4, -32(s0)
core   0: 3 0x000000008000ff18 (0xfee43023) mem 0x0000000080031f50 0x000000008001206a
core   0: 0x000000008000ff1c (0xfc442703) lw      a4, -60(s0)
core   0: 3 0x000000008000ff1c (0xfc442703) x14 0x0000000000000000 mem 0x0000000080031f34
core   0: 0x000000008000ff20 (0x0ff77713) andi    a4, a4, 255
core   0: 3 0x000000008000ff20 (0x0ff77713) x14 0x0000000000000000
core   0: 0x000000008000ff24 (0x00e78023) sb      a4, 0(a5)
core   0: 3 0x000000008000ff24 (0x00e78023) mem 0x0000000080012069 0x00
core   0: 0x000000008000ff28 (0xfc843703) ld      a4, -56(s0)
core   0: 3 0x000000008000ff28 (0xfc843703) x14 0x0000000080012040 mem 0x0000000080031f38
core   0: 0x000000008000ff2c (0xfb843783) ld      a5, -72(s0)
core   0: 3 0x000000008000ff2c (0xfb843783) x15 0x000000000000009c mem 0x0000000080031f28
core   0: 0x000000008000ff30 (0x000097ba) c.add   a5, a4
core   0: 3 0x000000008000ff30 (0x97ba) x15 0x00000000800120dc
core   0: 0x000000008000ff32 (0xfe043703) ld      a4, -32(s0)
core   0: 3 0x000000008000ff32 (0xfe043703) x14 0x000000008001206a mem 0x0000000080031f50
core   0: 0x000000008000ff36 (0xfcf76de3) bltu    a4, a5, pc - 38
core   0: 3 0x000000008000ff36 (0xfcf76de3)
core   0: 0x000000008000ff10 (0xfe043783) ld      a5, -32(s0)
core   0: 3 0x000000008000ff10 (0xfe043783) x15 0x000000008001206a mem 0x0000000080031f50
core   0: 0x000000008000ff14 (0x00178713) addi    a4, a5, 1
core   0: 3 0x000000008000ff14 (0x00178713) x14 0x000000008001206b
core   0: 0x000000008000ff18 (0xfee43023) sd      a4, -32(s0)
core   0: 3 0x000000008000ff18 (0xfee43023) mem 0x0000000080031f50 0x000000008001206b
core   0: 0x000000008000ff1c (0xfc442703) lw      a4, -60(s0)
core   0: 3 0x000000008000ff1c (0xfc442703) x14 0x0000000000000000 mem 0x0000000080031f34
core   0: 0x000000008000ff20 (0x0ff77713) andi    a4, a4, 255
core   0: 3 0x000000008000ff20 (0x0ff77713) x14 0x0000000000000000
core   0: 0x000000008000ff24 (0x00e78023) sb      a4, 0(a5)
core   0: 3 0x000000008000ff24 (0x00e78023) mem 0x000000008001206a 0x00
core   0: 0x000000008000ff28 (0xfc843703) ld      a4, -56(s0)
core   0: 3 0x000000008000ff28 (0xfc843703) x14 0x0000000080012040 mem 0x0000000080031f38
core   0: 0x000000008000ff2c (0xfb843783) ld      a5, -72(s0)
core   0: 3 0x000000008000ff2c (0xfb843783) x15 0x000000000000009c mem 0x0000000080031f28
core   0: 0x000000008000ff30 (0x000097ba) c.add   a5, a4
core   0: 3 0x000000008000ff30 (0x97ba) x15 0x00000000800120dc
core   0: 0x000000008000ff32 (0xfe043703) ld      a4, -32(s0)
core   0: 3 0x000000008000ff32 (0xfe043703) x14 0x000000008001206b mem 0x0000000080031f50
core   0: 0x000000008000ff36 (0xfcf76de3) bltu    a4, a5, pc - 38
core   0: 3 0x000000008000ff36 (0xfcf76de3)
core   0: 0x000000008000ff10 (0xfe043783) ld      a5, -32(s0)
core   0: 3 0x000000008000ff10 (0xfe043783) x15 0x000000008001206b mem 0x0000000080031f50
core   0: 0x000000008000ff14 (0x00178713) addi    a4, a5, 1
core   0: 3 0x000000008000ff14 (0x00178713) x14 0x000000008001206c
core   0: 0x000000008000ff18 (0xfee43023) sd      a4, -32(s0)
core   0: 3 0x000000008000ff18 (0xfee43023) mem 0x0000000080031f50 0x000000008001206c
core   0: 0x000000008000ff1c (0xfc442703) lw      a4, -60(s0)
core   0: 3 0x000000008000ff1c (0xfc442703) x14 0x0000000000000000 mem 0x0000000080031f34
core   0: 0x000000008000ff20 (0x0ff77713) andi    a4, a4, 255
core   0: 3 0x000000008000ff20 (0x0ff77713) x14 0x0000000000000000
core   0: 0x000000008000ff24 (0x00e78023) sb      a4, 0(a5)
core   0: 3 0x000000008000ff24 (0x00e78023) mem 0x000000008001206b 0x00
core   0: 0x000000008000ff28 (0xfc843703) ld      a4, -56(s0)
core   0: 3 0x000000008000ff28 (0xfc843703) x14 0x0000000080012040 mem 0x0000000080031f38
core   0: 0x000000008000ff2c (0xfb843783) ld      a5, -72(s0)
core   0: 3 0x000000008000ff2c (0xfb843783) x15 0x000000000000009c mem 0x0000000080031f28
core   0: 0x000000008000ff30 (0x000097ba) c.add   a5, a4
core   0: 3 0x000000008000ff30 (0x97ba) x15 0x00000000800120dc
core   0: 0x000000008000ff32 (0xfe043703) ld      a4, -32(s0)
core   0: 3 0x000000008000ff32 (0xfe043703) x14 0x000000008001206c mem 0x0000000080031f50
core   0: 0x000000008000ff36 (0xfcf76de3) bltu    a4, a5, pc - 38
core   0: 3 0x000000008000ff36 (0xfcf76de3)
core   0: 0x000000008000ff10 (0xfe043783) ld      a5, -32(s0)
core   0: 3 0x000000008000ff10 (0xfe043783) x15 0x000000008001206c mem 0x0000000080031f50
core   0: 0x000000008000ff14 (0x00178713) addi    a4, a5, 1
core   0: 3 0x000000008000ff14 (0x00178713) x14 0x000000008001206d
core   0: 0x000000008000ff18 (0xfee43023) sd      a4, -32(s0)
core   0: 3 0x000000008000ff18 (0xfee43023) mem 0x0000000080031f50 0x000000008001206d
core   0: 0x000000008000ff1c (0xfc442703) lw      a4, -60(s0)
core   0: 3 0x000000008000ff1c (0xfc442703) x14 0x0000000000000000 mem 0x0000000080031f34
core   0: 0x000000008000ff20 (0x0ff77713) andi    a4, a4, 255
core   0: 3 0x000000008000ff20 (0x0ff77713) x14 0x0000000000000000
core   0: 0x000000008000ff24 (0x00e78023) sb      a4, 0(a5)
core   0: 3 0x000000008000ff24 (0x00e78023) mem 0x000000008001206c 0x00
core   0: 0x000000008000ff28 (0xfc843703) ld      a4, -56(s0)
core   0: 3 0x000000008000ff28 (0xfc843703) x14 0x0000000080012040 mem 0x0000000080031f38
core   0: 0x000000008000ff2c (0xfb843783) ld      a5, -72(s0)
core   0: 3 0x000000008000ff2c (0xfb843783) x15 0x000000000000009c mem 0x0000000080031f28
core   0: 0x000000008000ff30 (0x000097ba) c.add   a5, a4
core   0: 3 0x000000008000ff30 (0x97ba) x15 0x00000000800120dc
core   0: 0x000000008000ff32 (0xfe043703) ld      a4, -32(s0)
core   0: 3 0x000000008000ff32 (0xfe043703) x14 0x000000008001206d mem 0x0000000080031f50
core   0: 0x000000008000ff36 (0xfcf76de3) bltu    a4, a5, pc - 38
core   0: 3 0x000000008000ff36 (0xfcf76de3)
core   0: 0x000000008000ff10 (0xfe043783) ld      a5, -32(s0)
core   0: 3 0x000000008000ff10 (0xfe043783) x15 0x000000008001206d mem 0x0000000080031f50
core   0: 0x000000008000ff14 (0x00178713) addi    a4, a5, 1
core   0: 3 0x000000008000ff14 (0x00178713) x14 0x000000008001206e
core   0: 0x000000008000ff18 (0xfee43023) sd      a4, -32(s0)
core   0: 3 0x000000008000ff18 (0xfee43023) mem 0x0000000080031f50 0x000000008001206e
core   0: 0x000000008000ff1c (0xfc442703) lw      a4, -60(s0)
core   0: 3 0x000000008000ff1c (0xfc442703) x14 0x0000000000000000 mem 0x0000000080031f34
core   0: 0x000000008000ff20 (0x0ff77713) andi    a4, a4, 255
core   0: 3 0x000000008000ff20 (0x0ff77713) x14 0x0000000000000000
core   0: 0x000000008000ff24 (0x00e78023) sb      a4, 0(a5)
core   0: 3 0x000000008000ff24 (0x00e78023) mem 0x000000008001206d 0x00
core   0: 0x000000008000ff28 (0xfc843703) ld      a4, -56(s0)
core   0: 3 0x000000008000ff28 (0xfc843703) x14 0x0000000080012040 mem 0x0000000080031f38
core   0: 0x000000008000ff2c (0xfb843783) ld      a5, -72(s0)
core   0: 3 0x000000008000ff2c (0xfb843783) x15 0x000000000000009c mem 0x0000000080031f28
core   0: 0x000000008000ff30 (0x000097ba) c.add   a5, a4
core   0: 3 0x000000008000ff30 (0x97ba) x15 0x00000000800120dc
core   0: 0x000000008000ff32 (0xfe043703) ld      a4, -32(s0)
core   0: 3 0x000000008000ff32 (0xfe043703) x14 0x000000008001206e mem 0x0000000080031f50
core   0: 0x000000008000ff36 (0xfcf76de3) bltu    a4, a5, pc - 38
core   0: 3 0x000000008000ff36 (0xfcf76de3)
core   0: 0x000000008000ff10 (0xfe043783) ld      a5, -32(s0)
core   0: 3 0x000000008000ff10 (0xfe043783) x15 0x000000008001206e mem 0x0000000080031f50
core   0: 0x000000008000ff14 (0x00178713) addi    a4, a5, 1
core   0: 3 0x000000008000ff14 (0x00178713) x14 0x000000008001206f
core   0: 0x000000008000ff18 (0xfee43023) sd      a4, -32(s0)
core   0: 3 0x000000008000ff18 (0xfee43023) mem 0x0000000080031f50 0x000000008001206f
core   0: 0x000000008000ff1c (0xfc442703) lw      a4, -60(s0)
core   0: 3 0x000000008000ff1c (0xfc442703) x14 0x0000000000000000 mem 0x0000000080031f34
core   0: 0x000000008000ff20 (0x0ff77713) andi    a4, a4, 255
core   0: 3 0x000000008000ff20 (0x0ff77713) x14 0x0000000000000000
core   0: 0x000000008000ff24 (0x00e78023) sb      a4, 0(a5)
core   0: 3 0x000000008000ff24 (0x00e78023) mem 0x000000008001206e 0x00
core   0: 0x000000008000ff28 (0xfc843703) ld      a4, -56(s0)
core   0: 3 0x000000008000ff28 (0xfc843703) x14 0x0000000080012040 mem 0x0000000080031f38
core   0: 0x000000008000ff2c (0xfb843783) ld      a5, -72(s0)
core   0: 3 0x000000008000ff2c (0xfb843783) x15 0x000000000000009c mem 0x0000000080031f28
core   0: 0x000000008000ff30 (0x000097ba) c.add   a5, a4
core   0: 3 0x000000008000ff30 (0x97ba) x15 0x00000000800120dc
core   0: 0x000000008000ff32 (0xfe043703) ld      a4, -32(s0)
core   0: 3 0x000000008000ff32 (0xfe043703) x14 0x000000008001206f mem 0x0000000080031f50
core   0: 0x000000008000ff36 (0xfcf76de3) bltu    a4, a5, pc - 38
core   0: 3 0x000000008000ff36 (0xfcf76de3)
core   0: 0x000000008000ff10 (0xfe043783) ld      a5, -32(s0)
core   0: 3 0x000000008000ff10 (0xfe043783) x15 0x000000008001206f mem 0x0000000080031f50
core   0: 0x000000008000ff14 (0x00178713) addi    a4, a5, 1
core   0: 3 0x000000008000ff14 (0x00178713) x14 0x0000000080012070
core   0: 0x000000008000ff18 (0xfee43023) sd      a4, -32(s0)
core   0: 3 0x000000008000ff18 (0xfee43023) mem 0x0000000080031f50 0x0000000080012070
core   0: 0x000000008000ff1c (0xfc442703) lw      a4, -60(s0)
core   0: 3 0x000000008000ff1c (0xfc442703) x14 0x0000000000000000 mem 0x0000000080031f34
core   0: 0x000000008000ff20 (0x0ff77713) andi    a4, a4, 255
core   0: 3 0x000000008000ff20 (0x0ff77713) x14 0x0000000000000000
core   0: 0x000000008000ff24 (0x00e78023) sb      a4, 0(a5)
core   0: 3 0x000000008000ff24 (0x00e78023) mem 0x000000008001206f 0x00
core   0: 0x000000008000ff28 (0xfc843703) ld      a4, -56(s0)
core   0: 3 0x000000008000ff28 (0xfc843703) x14 0x0000000080012040 mem 0x0000000080031f38
core   0: 0x000000008000ff2c (0xfb843783) ld      a5, -72(s0)
core   0: 3 0x000000008000ff2c (0xfb843783) x15 0x000000000000009c mem 0x0000000080031f28
core   0: 0x000000008000ff30 (0x000097ba) c.add   a5, a4
core   0: 3 0x000000008000ff30 (0x97ba) x15 0x00000000800120dc
core   0: 0x000000008000ff32 (0xfe043703) ld      a4, -32(s0)
core   0: 3 0x000000008000ff32 (0xfe043703) x14 0x0000000080012070 mem 0x0000000080031f50
core   0: 0x000000008000ff36 (0xfcf76de3) bltu    a4, a5, pc - 38
core   0: 3 0x000000008000ff36 (0xfcf76de3)
core   0: 0x000000008000ff10 (0xfe043783) ld      a5, -32(s0)
core   0: 3 0x000000008000ff10 (0xfe043783) x15 0x0000000080012070 mem 0x0000000080031f50
core   0: 0x000000008000ff14 (0x00178713) addi    a4, a5, 1
core   0: 3 0x000000008000ff14 (0x00178713) x14 0x0000000080012071
core   0: 0x000000008000ff18 (0xfee43023) sd      a4, -32(s0)
core   0: 3 0x000000008000ff18 (0xfee43023) mem 0x0000000080031f50 0x0000000080012071
core   0: 0x000000008000ff1c (0xfc442703) lw      a4, -60(s0)
core   0: 3 0x000000008000ff1c (0xfc442703) x14 0x0000000000000000 mem 0x0000000080031f34
core   0: 0x000000008000ff20 (0x0ff77713) andi    a4, a4, 255
core   0: 3 0x000000008000ff20 (0x0ff77713) x14 0x0000000000000000
core   0: 0x000000008000ff24 (0x00e78023) sb      a4, 0(a5)
core   0: 3 0x000000008000ff24 (0x00e78023) mem 0x0000000080012070 0x00
core   0: 0x000000008000ff28 (0xfc843703) ld      a4, -56(s0)
core   0: 3 0x000000008000ff28 (0xfc843703) x14 0x0000000080012040 mem 0x0000000080031f38
core   0: 0x000000008000ff2c (0xfb843783) ld      a5, -72(s0)
core   0: 3 0x000000008000ff2c (0xfb843783) x15 0x000000000000009c mem 0x0000000080031f28
core   0: 0x000000008000ff30 (0x000097ba) c.add   a5, a4
core   0: 3 0x000000008000ff30 (0x97ba) x15 0x00000000800120dc
core   0: 0x000000008000ff32 (0xfe043703) ld      a4, -32(s0)
core   0: 3 0x000000008000ff32 (0xfe043703) x14 0x0000000080012071 mem 0x0000000080031f50
core   0: 0x000000008000ff36 (0xfcf76de3) bltu    a4, a5, pc - 38
core   0: 3 0x000000008000ff36 (0xfcf76de3)
core   0: 0x000000008000ff10 (0xfe043783) ld      a5, -32(s0)
core   0: 3 0x000000008000ff10 (0xfe043783) x15 0x0000000080012071 mem 0x0000000080031f50
core   0: 0x000000008000ff14 (0x00178713) addi    a4, a5, 1
core   0: 3 0x000000008000ff14 (0x00178713) x14 0x0000000080012072
core   0: 0x000000008000ff18 (0xfee43023) sd      a4, -32(s0)
core   0: 3 0x000000008000ff18 (0xfee43023) mem 0x0000000080031f50 0x0000000080012072
core   0: 0x000000008000ff1c (0xfc442703) lw      a4, -60(s0)
core   0: 3 0x000000008000ff1c (0xfc442703) x14 0x0000000000000000 mem 0x0000000080031f34
core   0: 0x000000008000ff20 (0x0ff77713) andi    a4, a4, 255
core   0: 3 0x000000008000ff20 (0x0ff77713) x14 0x0000000000000000
core   0: 0x000000008000ff24 (0x00e78023) sb      a4, 0(a5)
core   0: 3 0x000000008000ff24 (0x00e78023) mem 0x0000000080012071 0x00
core   0: 0x000000008000ff28 (0xfc843703) ld      a4, -56(s0)
core   0: 3 0x000000008000ff28 (0xfc843703) x14 0x0000000080012040 mem 0x0000000080031f38
core   0: 0x000000008000ff2c (0xfb843783) ld      a5, -72(s0)
core   0: 3 0x000000008000ff2c (0xfb843783) x15 0x000000000000009c mem 0x0000000080031f28
core   0: 0x000000008000ff30 (0x000097ba) c.add   a5, a4
core   0: 3 0x000000008000ff30 (0x97ba) x15 0x00000000800120dc
core   0: 0x000000008000ff32 (0xfe043703) ld      a4, -32(s0)
core   0: 3 0x000000008000ff32 (0xfe043703) x14 0x0000000080012072 mem 0x0000000080031f50
core   0: 0x000000008000ff36 (0xfcf76de3) bltu    a4, a5, pc - 38
core   0: 3 0x000000008000ff36 (0xfcf76de3)
core   0: 0x000000008000ff10 (0xfe043783) ld      a5, -32(s0)
core   0: 3 0x000000008000ff10 (0xfe043783) x15 0x0000000080012072 mem 0x0000000080031f50
core   0: 0x000000008000ff14 (0x00178713) addi    a4, a5, 1
core   0: 3 0x000000008000ff14 (0x00178713) x14 0x0000000080012073
core   0: 0x000000008000ff18 (0xfee43023) sd      a4, -32(s0)
core   0: 3 0x000000008000ff18 (0xfee43023) mem 0x0000000080031f50 0x0000000080012073
core   0: 0x000000008000ff1c (0xfc442703) lw      a4, -60(s0)
core   0: 3 0x000000008000ff1c (0xfc442703) x14 0x0000000000000000 mem 0x0000000080031f34
core   0: 0x000000008000ff20 (0x0ff77713) andi    a4, a4, 255
core   0: 3 0x000000008000ff20 (0x0ff77713) x14 0x0000000000000000
core   0: 0x000000008000ff24 (0x00e78023) sb      a4, 0(a5)
core   0: 3 0x000000008000ff24 (0x00e78023) mem 0x0000000080012072 0x00
core   0: 0x000000008000ff28 (0xfc843703) ld      a4, -56(s0)
core   0: 3 0x000000008000ff28 (0xfc843703) x14 0x0000000080012040 mem 0x0000000080031f38
core   0: 0x000000008000ff2c (0xfb843783) ld      a5, -72(s0)
core   0: 3 0x000000008000ff2c (0xfb843783) x15 0x000000000000009c mem 0x0000000080031f28
core   0: 0x000000008000ff30 (0x000097ba) c.add   a5, a4
core   0: 3 0x000000008000ff30 (0x97ba) x15 0x00000000800120dc
core   0: 0x000000008000ff32 (0xfe043703) ld      a4, -32(s0)
core   0: 3 0x000000008000ff32 (0xfe043703) x14 0x0000000080012073 mem 0x0000000080031f50
core   0: 0x000000008000ff36 (0xfcf76de3) bltu    a4, a5, pc - 38
core   0: 3 0x000000008000ff36 (0xfcf76de3)
core   0: 0x000000008000ff10 (0xfe043783) ld      a5, -32(s0)
core   0: 3 0x000000008000ff10 (0xfe043783) x15 0x0000000080012073 mem 0x0000000080031f50
core   0: 0x000000008000ff14 (0x00178713) addi    a4, a5, 1
core   0: 3 0x000000008000ff14 (0x00178713) x14 0x0000000080012074
core   0: 0x000000008000ff18 (0xfee43023) sd      a4, -32(s0)
core   0: 3 0x000000008000ff18 (0xfee43023) mem 0x0000000080031f50 0x0000000080012074
core   0: 0x000000008000ff1c (0xfc442703) lw      a4, -60(s0)
core   0: 3 0x000000008000ff1c (0xfc442703) x14 0x0000000000000000 mem 0x0000000080031f34
core   0: 0x000000008000ff20 (0x0ff77713) andi    a4, a4, 255
core   0: 3 0x000000008000ff20 (0x0ff77713) x14 0x0000000000000000
core   0: 0x000000008000ff24 (0x00e78023) sb      a4, 0(a5)
core   0: 3 0x000000008000ff24 (0x00e78023) mem 0x0000000080012073 0x00
core   0: 0x000000008000ff28 (0xfc843703) ld      a4, -56(s0)
core   0: 3 0x000000008000ff28 (0xfc843703) x14 0x0000000080012040 mem 0x0000000080031f38
core   0: 0x000000008000ff2c (0xfb843783) ld      a5, -72(s0)
core   0: 3 0x000000008000ff2c (0xfb843783) x15 0x000000000000009c mem 0x0000000080031f28
core   0: 0x000000008000ff30 (0x000097ba) c.add   a5, a4
core   0: 3 0x000000008000ff30 (0x97ba) x15 0x00000000800120dc
core   0: 0x000000008000ff32 (0xfe043703) ld      a4, -32(s0)
core   0: 3 0x000000008000ff32 (0xfe043703) x14 0x0000000080012074 mem 0x0000000080031f50
core   0: 0x000000008000ff36 (0xfcf76de3) bltu    a4, a5, pc - 38
core   0: 3 0x000000008000ff36 (0xfcf76de3)
core   0: 0x000000008000ff10 (0xfe043783) ld      a5, -32(s0)
core   0: 3 0x000000008000ff10 (0xfe043783) x15 0x0000000080012074 mem 0x0000000080031f50
core   0: 0x000000008000ff14 (0x00178713) addi    a4, a5, 1
core   0: 3 0x000000008000ff14 (0x00178713) x14 0x0000000080012075
core   0: 0x000000008000ff18 (0xfee43023) sd      a4, -32(s0)
core   0: 3 0x000000008000ff18 (0xfee43023) mem 0x0000000080031f50 0x0000000080012075
core   0: 0x000000008000ff1c (0xfc442703) lw      a4, -60(s0)
core   0: 3 0x000000008000ff1c (0xfc442703) x14 0x0000000000000000 mem 0x0000000080031f34
core   0: 0x000000008000ff20 (0x0ff77713) andi    a4, a4, 255
core   0: 3 0x000000008000ff20 (0x0ff77713) x14 0x0000000000000000
core   0: 0x000000008000ff24 (0x00e78023) sb      a4, 0(a5)
core   0: 3 0x000000008000ff24 (0x00e78023) mem 0x0000000080012074 0x00
core   0: 0x000000008000ff28 (0xfc843703) ld      a4, -56(s0)
core   0: 3 0x000000008000ff28 (0xfc843703) x14 0x0000000080012040 mem 0x0000000080031f38
core   0: 0x000000008000ff2c (0xfb843783) ld      a5, -72(s0)
core   0: 3 0x000000008000ff2c (0xfb843783) x15 0x000000000000009c mem 0x0000000080031f28
core   0: 0x000000008000ff30 (0x000097ba) c.add   a5, a4
core   0: 3 0x000000008000ff30 (0x97ba) x15 0x00000000800120dc
core   0: 0x000000008000ff32 (0xfe043703) ld      a4, -32(s0)
core   0: 3 0x000000008000ff32 (0xfe043703) x14 0x0000000080012075 mem 0x0000000080031f50
core   0: 0x000000008000ff36 (0xfcf76de3) bltu    a4, a5, pc - 38
core   0: 3 0x000000008000ff36 (0xfcf76de3)
core   0: 0x000000008000ff10 (0xfe043783) ld      a5, -32(s0)
core   0: 3 0x000000008000ff10 (0xfe043783) x15 0x0000000080012075 mem 0x0000000080031f50
core   0: 0x000000008000ff14 (0x00178713) addi    a4, a5, 1
core   0: 3 0x000000008000ff14 (0x00178713) x14 0x0000000080012076
core   0: 0x000000008000ff18 (0xfee43023) sd      a4, -32(s0)
core   0: 3 0x000000008000ff18 (0xfee43023) mem 0x0000000080031f50 0x0000000080012076
core   0: 0x000000008000ff1c (0xfc442703) lw      a4, -60(s0)
core   0: 3 0x000000008000ff1c (0xfc442703) x14 0x0000000000000000 mem 0x0000000080031f34
core   0: 0x000000008000ff20 (0x0ff77713) andi    a4, a4, 255
core   0: 3 0x000000008000ff20 (0x0ff77713) x14 0x0000000000000000
core   0: 0x000000008000ff24 (0x00e78023) sb      a4, 0(a5)
core   0: 3 0x000000008000ff24 (0x00e78023) mem 0x0000000080012075 0x00
core   0: 0x000000008000ff28 (0xfc843703) ld      a4, -56(s0)
core   0: 3 0x000000008000ff28 (0xfc843703) x14 0x0000000080012040 mem 0x0000000080031f38
core   0: 0x000000008000ff2c (0xfb843783) ld      a5, -72(s0)
core   0: 3 0x000000008000ff2c (0xfb843783) x15 0x000000000000009c mem 0x0000000080031f28
core   0: 0x000000008000ff30 (0x000097ba) c.add   a5, a4
core   0: 3 0x000000008000ff30 (0x97ba) x15 0x00000000800120dc
core   0: 0x000000008000ff32 (0xfe043703) ld      a4, -32(s0)
core   0: 3 0x000000008000ff32 (0xfe043703) x14 0x0000000080012076 mem 0x0000000080031f50
core   0: 0x000000008000ff36 (0xfcf76de3) bltu    a4, a5, pc - 38
core   0: 3 0x000000008000ff36 (0xfcf76de3)
core   0: 0x000000008000ff10 (0xfe043783) ld      a5, -32(s0)
core   0: 3 0x000000008000ff10 (0xfe043783) x15 0x0000000080012076 mem 0x0000000080031f50
core   0: 0x000000008000ff14 (0x00178713) addi    a4, a5, 1
core   0: 3 0x000000008000ff14 (0x00178713) x14 0x0000000080012077
core   0: 0x000000008000ff18 (0xfee43023) sd      a4, -32(s0)
core   0: 3 0x000000008000ff18 (0xfee43023) mem 0x0000000080031f50 0x0000000080012077
core   0: 0x000000008000ff1c (0xfc442703) lw      a4, -60(s0)
core   0: 3 0x000000008000ff1c (0xfc442703) x14 0x0000000000000000 mem 0x0000000080031f34
core   0: 0x000000008000ff20 (0x0ff77713) andi    a4, a4, 255
core   0: 3 0x000000008000ff20 (0x0ff77713) x14 0x0000000000000000
core   0: 0x000000008000ff24 (0x00e78023) sb      a4, 0(a5)
core   0: 3 0x000000008000ff24 (0x00e78023) mem 0x0000000080012076 0x00
core   0: 0x000000008000ff28 (0xfc843703) ld      a4, -56(s0)
core   0: 3 0x000000008000ff28 (0xfc843703) x14 0x0000000080012040 mem 0x0000000080031f38
core   0: 0x000000008000ff2c (0xfb843783) ld      a5, -72(s0)
core   0: 3 0x000000008000ff2c (0xfb843783) x15 0x000000000000009c mem 0x0000000080031f28
core   0: 0x000000008000ff30 (0x000097ba) c.add   a5, a4
core   0: 3 0x000000008000ff30 (0x97ba) x15 0x00000000800120dc
core   0: 0x000000008000ff32 (0xfe043703) ld      a4, -32(s0)
core   0: 3 0x000000008000ff32 (0xfe043703) x14 0x0000000080012077 mem 0x0000000080031f50
core   0: 0x000000008000ff36 (0xfcf76de3) bltu    a4, a5, pc - 38
core   0: 3 0x000000008000ff36 (0xfcf76de3)
core   0: 0x000000008000ff10 (0xfe043783) ld      a5, -32(s0)
core   0: 3 0x000000008000ff10 (0xfe043783) x15 0x0000000080012077 mem 0x0000000080031f50
core   0: 0x000000008000ff14 (0x00178713) addi    a4, a5, 1
core   0: 3 0x000000008000ff14 (0x00178713) x14 0x0000000080012078
core   0: 0x000000008000ff18 (0xfee43023) sd      a4, -32(s0)
core   0: 3 0x000000008000ff18 (0xfee43023) mem 0x0000000080031f50 0x0000000080012078
core   0: 0x000000008000ff1c (0xfc442703) lw      a4, -60(s0)
core   0: 3 0x000000008000ff1c (0xfc442703) x14 0x0000000000000000 mem 0x0000000080031f34
core   0: 0x000000008000ff20 (0x0ff77713) andi    a4, a4, 255
core   0: 3 0x000000008000ff20 (0x0ff77713) x14 0x0000000000000000
core   0: 0x000000008000ff24 (0x00e78023) sb      a4, 0(a5)
core   0: 3 0x000000008000ff24 (0x00e78023) mem 0x0000000080012077 0x00
core   0: 0x000000008000ff28 (0xfc843703) ld      a4, -56(s0)
core   0: 3 0x000000008000ff28 (0xfc843703) x14 0x0000000080012040 mem 0x0000000080031f38
core   0: 0x000000008000ff2c (0xfb843783) ld      a5, -72(s0)
core   0: 3 0x000000008000ff2c (0xfb843783) x15 0x000000000000009c mem 0x0000000080031f28
core   0: 0x000000008000ff30 (0x000097ba) c.add   a5, a4
core   0: 3 0x000000008000ff30 (0x97ba) x15 0x00000000800120dc
core   0: 0x000000008000ff32 (0xfe043703) ld      a4, -32(s0)
core   0: 3 0x000000008000ff32 (0xfe043703) x14 0x0000000080012078 mem 0x0000000080031f50
core   0: 0x000000008000ff36 (0xfcf76de3) bltu    a4, a5, pc - 38
core   0: 3 0x000000008000ff36 (0xfcf76de3)
core   0: 0x000000008000ff10 (0xfe043783) ld      a5, -32(s0)
core   0: 3 0x000000008000ff10 (0xfe043783) x15 0x0000000080012078 mem 0x0000000080031f50
core   0: 0x000000008000ff14 (0x00178713) addi    a4, a5, 1
core   0: 3 0x000000008000ff14 (0x00178713) x14 0x0000000080012079
core   0: 0x000000008000ff18 (0xfee43023) sd      a4, -32(s0)
core   0: 3 0x000000008000ff18 (0xfee43023) mem 0x0000000080031f50 0x0000000080012079
core   0: 0x000000008000ff1c (0xfc442703) lw      a4, -60(s0)
core   0: 3 0x000000008000ff1c (0xfc442703) x14 0x0000000000000000 mem 0x0000000080031f34
core   0: 0x000000008000ff20 (0x0ff77713) andi    a4, a4, 255
core   0: 3 0x000000008000ff20 (0x0ff77713) x14 0x0000000000000000
core   0: 0x000000008000ff24 (0x00e78023) sb      a4, 0(a5)
core   0: 3 0x000000008000ff24 (0x00e78023) mem 0x0000000080012078 0x00
core   0: 0x000000008000ff28 (0xfc843703) ld      a4, -56(s0)
core   0: 3 0x000000008000ff28 (0xfc843703) x14 0x0000000080012040 mem 0x0000000080031f38
core   0: 0x000000008000ff2c (0xfb843783) ld      a5, -72(s0)
core   0: 3 0x000000008000ff2c (0xfb843783) x15 0x000000000000009c mem 0x0000000080031f28
core   0: 0x000000008000ff30 (0x000097ba) c.add   a5, a4
core   0: 3 0x000000008000ff30 (0x97ba) x15 0x00000000800120dc
core   0: 0x000000008000ff32 (0xfe043703) ld      a4, -32(s0)
core   0: 3 0x000000008000ff32 (0xfe043703) x14 0x0000000080012079 mem 0x0000000080031f50
core   0: 0x000000008000ff36 (0xfcf76de3) bltu    a4, a5, pc - 38
core   0: 3 0x000000008000ff36 (0xfcf76de3)
core   0: 0x000000008000ff10 (0xfe043783) ld      a5, -32(s0)
core   0: 3 0x000000008000ff10 (0xfe043783) x15 0x0000000080012079 mem 0x0000000080031f50
core   0: 0x000000008000ff14 (0x00178713) addi    a4, a5, 1
core   0: 3 0x000000008000ff14 (0x00178713) x14 0x000000008001207a
core   0: 0x000000008000ff18 (0xfee43023) sd      a4, -32(s0)
core   0: 3 0x000000008000ff18 (0xfee43023) mem 0x0000000080031f50 0x000000008001207a
core   0: 0x000000008000ff1c (0xfc442703) lw      a4, -60(s0)
core   0: 3 0x000000008000ff1c (0xfc442703) x14 0x0000000000000000 mem 0x0000000080031f34
core   0: 0x000000008000ff20 (0x0ff77713) andi    a4, a4, 255
core   0: 3 0x000000008000ff20 (0x0ff77713) x14 0x0000000000000000
core   0: 0x000000008000ff24 (0x00e78023) sb      a4, 0(a5)
core   0: 3 0x000000008000ff24 (0x00e78023) mem 0x0000000080012079 0x00
core   0: 0x000000008000ff28 (0xfc843703) ld      a4, -56(s0)
core   0: 3 0x000000008000ff28 (0xfc843703) x14 0x0000000080012040 mem 0x0000000080031f38
core   0: 0x000000008000ff2c (0xfb843783) ld      a5, -72(s0)
core   0: 3 0x000000008000ff2c (0xfb843783) x15 0x000000000000009c mem 0x0000000080031f28
core   0: 0x000000008000ff30 (0x000097ba) c.add   a5, a4
core   0: 3 0x000000008000ff30 (0x97ba) x15 0x00000000800120dc
core   0: 0x000000008000ff32 (0xfe043703) ld      a4, -32(s0)
core   0: 3 0x000000008000ff32 (0xfe043703) x14 0x000000008001207a mem 0x0000000080031f50
core   0: 0x000000008000ff36 (0xfcf76de3) bltu    a4, a5, pc - 38
core   0: 3 0x000000008000ff36 (0xfcf76de3)
core   0: 0x000000008000ff10 (0xfe043783) ld      a5, -32(s0)
core   0: 3 0x000000008000ff10 (0xfe043783) x15 0x000000008001207a mem 0x0000000080031f50
core   0: 0x000000008000ff14 (0x00178713) addi    a4, a5, 1
core   0: 3 0x000000008000ff14 (0x00178713) x14 0x000000008001207b
core   0: 0x000000008000ff18 (0xfee43023) sd      a4, -32(s0)
core   0: 3 0x000000008000ff18 (0xfee43023) mem 0x0000000080031f50 0x000000008001207b
core   0: 0x000000008000ff1c (0xfc442703) lw      a4, -60(s0)
core   0: 3 0x000000008000ff1c (0xfc442703) x14 0x0000000000000000 mem 0x0000000080031f34
core   0: 0x000000008000ff20 (0x0ff77713) andi    a4, a4, 255
core   0: 3 0x000000008000ff20 (0x0ff77713) x14 0x0000000000000000
core   0: 0x000000008000ff24 (0x00e78023) sb      a4, 0(a5)
core   0: 3 0x000000008000ff24 (0x00e78023) mem 0x000000008001207a 0x00
core   0: 0x000000008000ff28 (0xfc843703) ld      a4, -56(s0)
core   0: 3 0x000000008000ff28 (0xfc843703) x14 0x0000000080012040 mem 0x0000000080031f38
core   0: 0x000000008000ff2c (0xfb843783) ld      a5, -72(s0)
core   0: 3 0x000000008000ff2c (0xfb843783) x15 0x000000000000009c mem 0x0000000080031f28
core   0: 0x000000008000ff30 (0x000097ba) c.add   a5, a4
core   0: 3 0x000000008000ff30 (0x97ba) x15 0x00000000800120dc
core   0: 0x000000008000ff32 (0xfe043703) ld      a4, -32(s0)
core   0: 3 0x000000008000ff32 (0xfe043703) x14 0x000000008001207b mem 0x0000000080031f50
core   0: 0x000000008000ff36 (0xfcf76de3) bltu    a4, a5, pc - 38
core   0: 3 0x000000008000ff36 (0xfcf76de3)
core   0: 0x000000008000ff10 (0xfe043783) ld      a5, -32(s0)
core   0: 3 0x000000008000ff10 (0xfe043783) x15 0x000000008001207b mem 0x0000000080031f50
core   0: 0x000000008000ff14 (0x00178713) addi    a4, a5, 1
core   0: 3 0x000000008000ff14 (0x00178713) x14 0x000000008001207c
core   0: 0x000000008000ff18 (0xfee43023) sd      a4, -32(s0)
core   0: 3 0x000000008000ff18 (0xfee43023) mem 0x0000000080031f50 0x000000008001207c
core   0: 0x000000008000ff1c (0xfc442703) lw      a4, -60(s0)
core   0: 3 0x000000008000ff1c (0xfc442703) x14 0x0000000000000000 mem 0x0000000080031f34
core   0: 0x000000008000ff20 (0x0ff77713) andi    a4, a4, 255
core   0: 3 0x000000008000ff20 (0x0ff77713) x14 0x0000000000000000
core   0: 0x000000008000ff24 (0x00e78023) sb      a4, 0(a5)
core   0: 3 0x000000008000ff24 (0x00e78023) mem 0x000000008001207b 0x00
core   0: 0x000000008000ff28 (0xfc843703) ld      a4, -56(s0)
core   0: 3 0x000000008000ff28 (0xfc843703) x14 0x0000000080012040 mem 0x0000000080031f38
core   0: 0x000000008000ff2c (0xfb843783) ld      a5, -72(s0)
core   0: 3 0x000000008000ff2c (0xfb843783) x15 0x000000000000009c mem 0x0000000080031f28
core   0: 0x000000008000ff30 (0x000097ba) c.add   a5, a4
core   0: 3 0x000000008000ff30 (0x97ba) x15 0x00000000800120dc
core   0: 0x000000008000ff32 (0xfe043703) ld      a4, -32(s0)
core   0: 3 0x000000008000ff32 (0xfe043703) x14 0x000000008001207c mem 0x0000000080031f50
core   0: 0x000000008000ff36 (0xfcf76de3) bltu    a4, a5, pc - 38
core   0: 3 0x000000008000ff36 (0xfcf76de3)
core   0: 0x000000008000ff10 (0xfe043783) ld      a5, -32(s0)
core   0: 3 0x000000008000ff10 (0xfe043783) x15 0x000000008001207c mem 0x0000000080031f50
core   0: 0x000000008000ff14 (0x00178713) addi    a4, a5, 1
core   0: 3 0x000000008000ff14 (0x00178713) x14 0x000000008001207d
core   0: 0x000000008000ff18 (0xfee43023) sd      a4, -32(s0)
core   0: 3 0x000000008000ff18 (0xfee43023) mem 0x0000000080031f50 0x000000008001207d
core   0: 0x000000008000ff1c (0xfc442703) lw      a4, -60(s0)
core   0: 3 0x000000008000ff1c (0xfc442703) x14 0x0000000000000000 mem 0x0000000080031f34
core   0: 0x000000008000ff20 (0x0ff77713) andi    a4, a4, 255
core   0: 3 0x000000008000ff20 (0x0ff77713) x14 0x0000000000000000
core   0: 0x000000008000ff24 (0x00e78023) sb      a4, 0(a5)
core   0: 3 0x000000008000ff24 (0x00e78023) mem 0x000000008001207c 0x00
core   0: 0x000000008000ff28 (0xfc843703) ld      a4, -56(s0)
core   0: 3 0x000000008000ff28 (0xfc843703) x14 0x0000000080012040 mem 0x0000000080031f38
core   0: 0x000000008000ff2c (0xfb843783) ld      a5, -72(s0)
core   0: 3 0x000000008000ff2c (0xfb843783) x15 0x000000000000009c mem 0x0000000080031f28
core   0: 0x000000008000ff30 (0x000097ba) c.add   a5, a4
core   0: 3 0x000000008000ff30 (0x97ba) x15 0x00000000800120dc
core   0: 0x000000008000ff32 (0xfe043703) ld      a4, -32(s0)
core   0: 3 0x000000008000ff32 (0xfe043703) x14 0x000000008001207d mem 0x0000000080031f50
core   0: 0x000000008000ff36 (0xfcf76de3) bltu    a4, a5, pc - 38
core   0: 3 0x000000008000ff36 (0xfcf76de3)
core   0: 0x000000008000ff10 (0xfe043783) ld      a5, -32(s0)
core   0: 3 0x000000008000ff10 (0xfe043783) x15 0x000000008001207d mem 0x0000000080031f50
core   0: 0x000000008000ff14 (0x00178713) addi    a4, a5, 1
core   0: 3 0x000000008000ff14 (0x00178713) x14 0x000000008001207e
core   0: 0x000000008000ff18 (0xfee43023) sd      a4, -32(s0)
core   0: 3 0x000000008000ff18 (0xfee43023) mem 0x0000000080031f50 0x000000008001207e
core   0: 0x000000008000ff1c (0xfc442703) lw      a4, -60(s0)
core   0: 3 0x000000008000ff1c (0xfc442703) x14 0x0000000000000000 mem 0x0000000080031f34
core   0: 0x000000008000ff20 (0x0ff77713) andi    a4, a4, 255
core   0: 3 0x000000008000ff20 (0x0ff77713) x14 0x0000000000000000
core   0: 0x000000008000ff24 (0x00e78023) sb      a4, 0(a5)
core   0: 3 0x000000008000ff24 (0x00e78023) mem 0x000000008001207d 0x00
core   0: 0x000000008000ff28 (0xfc843703) ld      a4, -56(s0)
core   0: 3 0x000000008000ff28 (0xfc843703) x14 0x0000000080012040 mem 0x0000000080031f38
core   0: 0x000000008000ff2c (0xfb843783) ld      a5, -72(s0)
core   0: 3 0x000000008000ff2c (0xfb843783) x15 0x000000000000009c mem 0x0000000080031f28
core   0: 0x000000008000ff30 (0x000097ba) c.add   a5, a4
core   0: 3 0x000000008000ff30 (0x97ba) x15 0x00000000800120dc
core   0: 0x000000008000ff32 (0xfe043703) ld      a4, -32(s0)
core   0: 3 0x000000008000ff32 (0xfe043703) x14 0x000000008001207e mem 0x0000000080031f50
core   0: 0x000000008000ff36 (0xfcf76de3) bltu    a4, a5, pc - 38
core   0: 3 0x000000008000ff36 (0xfcf76de3)
core   0: 0x000000008000ff10 (0xfe043783) ld      a5, -32(s0)
core   0: 3 0x000000008000ff10 (0xfe043783) x15 0x000000008001207e mem 0x0000000080031f50
core   0: 0x000000008000ff14 (0x00178713) addi    a4, a5, 1
core   0: 3 0x000000008000ff14 (0x00178713) x14 0x000000008001207f
core   0: 0x000000008000ff18 (0xfee43023) sd      a4, -32(s0)
core   0: 3 0x000000008000ff18 (0xfee43023) mem 0x0000000080031f50 0x000000008001207f
core   0: 0x000000008000ff1c (0xfc442703) lw      a4, -60(s0)
core   0: 3 0x000000008000ff1c (0xfc442703) x14 0x0000000000000000 mem 0x0000000080031f34
core   0: 0x000000008000ff20 (0x0ff77713) andi    a4, a4, 255
core   0: 3 0x000000008000ff20 (0x0ff77713) x14 0x0000000000000000
core   0: 0x000000008000ff24 (0x00e78023) sb      a4, 0(a5)
core   0: 3 0x000000008000ff24 (0x00e78023) mem 0x000000008001207e 0x00
core   0: 0x000000008000ff28 (0xfc843703) ld      a4, -56(s0)
core   0: 3 0x000000008000ff28 (0xfc843703) x14 0x0000000080012040 mem 0x0000000080031f38
core   0: 0x000000008000ff2c (0xfb843783) ld      a5, -72(s0)
core   0: 3 0x000000008000ff2c (0xfb843783) x15 0x000000000000009c mem 0x0000000080031f28
core   0: 0x000000008000ff30 (0x000097ba) c.add   a5, a4
core   0: 3 0x000000008000ff30 (0x97ba) x15 0x00000000800120dc
core   0: 0x000000008000ff32 (0xfe043703) ld      a4, -32(s0)
core   0: 3 0x000000008000ff32 (0xfe043703) x14 0x000000008001207f mem 0x0000000080031f50
core   0: 0x000000008000ff36 (0xfcf76de3) bltu    a4, a5, pc - 38
core   0: 3 0x000000008000ff36 (0xfcf76de3)
core   0: 0x000000008000ff10 (0xfe043783) ld      a5, -32(s0)
core   0: 3 0x000000008000ff10 (0xfe043783) x15 0x000000008001207f mem 0x0000000080031f50
core   0: 0x000000008000ff14 (0x00178713) addi    a4, a5, 1
core   0: 3 0x000000008000ff14 (0x00178713) x14 0x0000000080012080
core   0: 0x000000008000ff18 (0xfee43023) sd      a4, -32(s0)
core   0: 3 0x000000008000ff18 (0xfee43023) mem 0x0000000080031f50 0x0000000080012080
core   0: 0x000000008000ff1c (0xfc442703) lw      a4, -60(s0)
core   0: 3 0x000000008000ff1c (0xfc442703) x14 0x0000000000000000 mem 0x0000000080031f34
core   0: 0x000000008000ff20 (0x0ff77713) andi    a4, a4, 255
core   0: 3 0x000000008000ff20 (0x0ff77713) x14 0x0000000000000000
core   0: 0x000000008000ff24 (0x00e78023) sb      a4, 0(a5)
core   0: 3 0x000000008000ff24 (0x00e78023) mem 0x000000008001207f 0x00
core   0: 0x000000008000ff28 (0xfc843703) ld      a4, -56(s0)
core   0: 3 0x000000008000ff28 (0xfc843703) x14 0x0000000080012040 mem 0x0000000080031f38
core   0: 0x000000008000ff2c (0xfb843783) ld      a5, -72(s0)
core   0: 3 0x000000008000ff2c (0xfb843783) x15 0x000000000000009c mem 0x0000000080031f28
core   0: 0x000000008000ff30 (0x000097ba) c.add   a5, a4
core   0: 3 0x000000008000ff30 (0x97ba) x15 0x00000000800120dc
core   0: 0x000000008000ff32 (0xfe043703) ld      a4, -32(s0)
core   0: 3 0x000000008000ff32 (0xfe043703) x14 0x0000000080012080 mem 0x0000000080031f50
core   0: 0x000000008000ff36 (0xfcf76de3) bltu    a4, a5, pc - 38
core   0: 3 0x000000008000ff36 (0xfcf76de3)
core   0: 0x000000008000ff10 (0xfe043783) ld      a5, -32(s0)
core   0: 3 0x000000008000ff10 (0xfe043783) x15 0x0000000080012080 mem 0x0000000080031f50
core   0: 0x000000008000ff14 (0x00178713) addi    a4, a5, 1
core   0: 3 0x000000008000ff14 (0x00178713) x14 0x0000000080012081
core   0: 0x000000008000ff18 (0xfee43023) sd      a4, -32(s0)
core   0: 3 0x000000008000ff18 (0xfee43023) mem 0x0000000080031f50 0x0000000080012081
core   0: 0x000000008000ff1c (0xfc442703) lw      a4, -60(s0)
core   0: 3 0x000000008000ff1c (0xfc442703) x14 0x0000000000000000 mem 0x0000000080031f34
core   0: 0x000000008000ff20 (0x0ff77713) andi    a4, a4, 255
core   0: 3 0x000000008000ff20 (0x0ff77713) x14 0x0000000000000000
core   0: 0x000000008000ff24 (0x00e78023) sb      a4, 0(a5)
core   0: 3 0x000000008000ff24 (0x00e78023) mem 0x0000000080012080 0x00
core   0: 0x000000008000ff28 (0xfc843703) ld      a4, -56(s0)
core   0: 3 0x000000008000ff28 (0xfc843703) x14 0x0000000080012040 mem 0x0000000080031f38
core   0: 0x000000008000ff2c (0xfb843783) ld      a5, -72(s0)
core   0: 3 0x000000008000ff2c (0xfb843783) x15 0x000000000000009c mem 0x0000000080031f28
core   0: 0x000000008000ff30 (0x000097ba) c.add   a5, a4
core   0: 3 0x000000008000ff30 (0x97ba) x15 0x00000000800120dc
core   0: 0x000000008000ff32 (0xfe043703) ld      a4, -32(s0)
core   0: 3 0x000000008000ff32 (0xfe043703) x14 0x0000000080012081 mem 0x0000000080031f50
core   0: 0x000000008000ff36 (0xfcf76de3) bltu    a4, a5, pc - 38
core   0: 3 0x000000008000ff36 (0xfcf76de3)
core   0: 0x000000008000ff10 (0xfe043783) ld      a5, -32(s0)
core   0: 3 0x000000008000ff10 (0xfe043783) x15 0x0000000080012081 mem 0x0000000080031f50
core   0: 0x000000008000ff14 (0x00178713) addi    a4, a5, 1
core   0: 3 0x000000008000ff14 (0x00178713) x14 0x0000000080012082
core   0: 0x000000008000ff18 (0xfee43023) sd      a4, -32(s0)
core   0: 3 0x000000008000ff18 (0xfee43023) mem 0x0000000080031f50 0x0000000080012082
core   0: 0x000000008000ff1c (0xfc442703) lw      a4, -60(s0)
core   0: 3 0x000000008000ff1c (0xfc442703) x14 0x0000000000000000 mem 0x0000000080031f34
core   0: 0x000000008000ff20 (0x0ff77713) andi    a4, a4, 255
core   0: 3 0x000000008000ff20 (0x0ff77713) x14 0x0000000000000000
core   0: 0x000000008000ff24 (0x00e78023) sb      a4, 0(a5)
core   0: 3 0x000000008000ff24 (0x00e78023) mem 0x0000000080012081 0x00
core   0: 0x000000008000ff28 (0xfc843703) ld      a4, -56(s0)
core   0: 3 0x000000008000ff28 (0xfc843703) x14 0x0000000080012040 mem 0x0000000080031f38
core   0: 0x000000008000ff2c (0xfb843783) ld      a5, -72(s0)
core   0: 3 0x000000008000ff2c (0xfb843783) x15 0x000000000000009c mem 0x0000000080031f28
core   0: 0x000000008000ff30 (0x000097ba) c.add   a5, a4
core   0: 3 0x000000008000ff30 (0x97ba) x15 0x00000000800120dc
core   0: 0x000000008000ff32 (0xfe043703) ld      a4, -32(s0)
core   0: 3 0x000000008000ff32 (0xfe043703) x14 0x0000000080012082 mem 0x0000000080031f50
core   0: 0x000000008000ff36 (0xfcf76de3) bltu    a4, a5, pc - 38
core   0: 3 0x000000008000ff36 (0xfcf76de3)
core   0: 0x000000008000ff10 (0xfe043783) ld      a5, -32(s0)
core   0: 3 0x000000008000ff10 (0xfe043783) x15 0x0000000080012082 mem 0x0000000080031f50
core   0: 0x000000008000ff14 (0x00178713) addi    a4, a5, 1
core   0: 3 0x000000008000ff14 (0x00178713) x14 0x0000000080012083
core   0: 0x000000008000ff18 (0xfee43023) sd      a4, -32(s0)
core   0: 3 0x000000008000ff18 (0xfee43023) mem 0x0000000080031f50 0x0000000080012083
core   0: 0x000000008000ff1c (0xfc442703) lw      a4, -60(s0)
core   0: 3 0x000000008000ff1c (0xfc442703) x14 0x0000000000000000 mem 0x0000000080031f34
core   0: 0x000000008000ff20 (0x0ff77713) andi    a4, a4, 255
core   0: 3 0x000000008000ff20 (0x0ff77713) x14 0x0000000000000000
core   0: 0x000000008000ff24 (0x00e78023) sb      a4, 0(a5)
core   0: 3 0x000000008000ff24 (0x00e78023) mem 0x0000000080012082 0x00
core   0: 0x000000008000ff28 (0xfc843703) ld      a4, -56(s0)
core   0: 3 0x000000008000ff28 (0xfc843703) x14 0x0000000080012040 mem 0x0000000080031f38
core   0: 0x000000008000ff2c (0xfb843783) ld      a5, -72(s0)
core   0: 3 0x000000008000ff2c (0xfb843783) x15 0x000000000000009c mem 0x0000000080031f28
core   0: 0x000000008000ff30 (0x000097ba) c.add   a5, a4
core   0: 3 0x000000008000ff30 (0x97ba) x15 0x00000000800120dc
core   0: 0x000000008000ff32 (0xfe043703) ld      a4, -32(s0)
core   0: 3 0x000000008000ff32 (0xfe043703) x14 0x0000000080012083 mem 0x0000000080031f50
core   0: 0x000000008000ff36 (0xfcf76de3) bltu    a4, a5, pc - 38
core   0: 3 0x000000008000ff36 (0xfcf76de3)
core   0: 0x000000008000ff10 (0xfe043783) ld      a5, -32(s0)
core   0: 3 0x000000008000ff10 (0xfe043783) x15 0x0000000080012083 mem 0x0000000080031f50
core   0: 0x000000008000ff14 (0x00178713) addi    a4, a5, 1
core   0: 3 0x000000008000ff14 (0x00178713) x14 0x0000000080012084
core   0: 0x000000008000ff18 (0xfee43023) sd      a4, -32(s0)
core   0: 3 0x000000008000ff18 (0xfee43023) mem 0x0000000080031f50 0x0000000080012084
core   0: 0x000000008000ff1c (0xfc442703) lw      a4, -60(s0)
core   0: 3 0x000000008000ff1c (0xfc442703) x14 0x0000000000000000 mem 0x0000000080031f34
core   0: 0x000000008000ff20 (0x0ff77713) andi    a4, a4, 255
core   0: 3 0x000000008000ff20 (0x0ff77713) x14 0x0000000000000000
core   0: 0x000000008000ff24 (0x00e78023) sb      a4, 0(a5)
core   0: 3 0x000000008000ff24 (0x00e78023) mem 0x0000000080012083 0x00
core   0: 0x000000008000ff28 (0xfc843703) ld      a4, -56(s0)
core   0: 3 0x000000008000ff28 (0xfc843703) x14 0x0000000080012040 mem 0x0000000080031f38
core   0: 0x000000008000ff2c (0xfb843783) ld      a5, -72(s0)
core   0: 3 0x000000008000ff2c (0xfb843783) x15 0x000000000000009c mem 0x0000000080031f28
core   0: 0x000000008000ff30 (0x000097ba) c.add   a5, a4
core   0: 3 0x000000008000ff30 (0x97ba) x15 0x00000000800120dc
core   0: 0x000000008000ff32 (0xfe043703) ld      a4, -32(s0)
core   0: 3 0x000000008000ff32 (0xfe043703) x14 0x0000000080012084 mem 0x0000000080031f50
core   0: 0x000000008000ff36 (0xfcf76de3) bltu    a4, a5, pc - 38
core   0: 3 0x000000008000ff36 (0xfcf76de3)
core   0: 0x000000008000ff10 (0xfe043783) ld      a5, -32(s0)
core   0: 3 0x000000008000ff10 (0xfe043783) x15 0x0000000080012084 mem 0x0000000080031f50
core   0: 0x000000008000ff14 (0x00178713) addi    a4, a5, 1
core   0: 3 0x000000008000ff14 (0x00178713) x14 0x0000000080012085
core   0: 0x000000008000ff18 (0xfee43023) sd      a4, -32(s0)
core   0: 3 0x000000008000ff18 (0xfee43023) mem 0x0000000080031f50 0x0000000080012085
core   0: 0x000000008000ff1c (0xfc442703) lw      a4, -60(s0)
core   0: 3 0x000000008000ff1c (0xfc442703) x14 0x0000000000000000 mem 0x0000000080031f34
core   0: 0x000000008000ff20 (0x0ff77713) andi    a4, a4, 255
core   0: 3 0x000000008000ff20 (0x0ff77713) x14 0x0000000000000000
core   0: 0x000000008000ff24 (0x00e78023) sb      a4, 0(a5)
core   0: 3 0x000000008000ff24 (0x00e78023) mem 0x0000000080012084 0x00
core   0: 0x000000008000ff28 (0xfc843703) ld      a4, -56(s0)
core   0: 3 0x000000008000ff28 (0xfc843703) x14 0x0000000080012040 mem 0x0000000080031f38
core   0: 0x000000008000ff2c (0xfb843783) ld      a5, -72(s0)
core   0: 3 0x000000008000ff2c (0xfb843783) x15 0x000000000000009c mem 0x0000000080031f28
core   0: 0x000000008000ff30 (0x000097ba) c.add   a5, a4
core   0: 3 0x000000008000ff30 (0x97ba) x15 0x00000000800120dc
core   0: 0x000000008000ff32 (0xfe043703) ld      a4, -32(s0)
core   0: 3 0x000000008000ff32 (0xfe043703) x14 0x0000000080012085 mem 0x0000000080031f50
core   0: 0x000000008000ff36 (0xfcf76de3) bltu    a4, a5, pc - 38
core   0: 3 0x000000008000ff36 (0xfcf76de3)
core   0: 0x000000008000ff10 (0xfe043783) ld      a5, -32(s0)
core   0: 3 0x000000008000ff10 (0xfe043783) x15 0x0000000080012085 mem 0x0000000080031f50
core   0: 0x000000008000ff14 (0x00178713) addi    a4, a5, 1
core   0: 3 0x000000008000ff14 (0x00178713) x14 0x0000000080012086
core   0: 0x000000008000ff18 (0xfee43023) sd      a4, -32(s0)
core   0: 3 0x000000008000ff18 (0xfee43023) mem 0x0000000080031f50 0x0000000080012086
core   0: 0x000000008000ff1c (0xfc442703) lw      a4, -60(s0)
core   0: 3 0x000000008000ff1c (0xfc442703) x14 0x0000000000000000 mem 0x0000000080031f34
core   0: 0x000000008000ff20 (0x0ff77713) andi    a4, a4, 255
core   0: 3 0x000000008000ff20 (0x0ff77713) x14 0x0000000000000000
core   0: 0x000000008000ff24 (0x00e78023) sb      a4, 0(a5)
core   0: 3 0x000000008000ff24 (0x00e78023) mem 0x0000000080012085 0x00
core   0: 0x000000008000ff28 (0xfc843703) ld      a4, -56(s0)
core   0: 3 0x000000008000ff28 (0xfc843703) x14 0x0000000080012040 mem 0x0000000080031f38
core   0: 0x000000008000ff2c (0xfb843783) ld      a5, -72(s0)
core   0: 3 0x000000008000ff2c (0xfb843783) x15 0x000000000000009c mem 0x0000000080031f28
core   0: 0x000000008000ff30 (0x000097ba) c.add   a5, a4
core   0: 3 0x000000008000ff30 (0x97ba) x15 0x00000000800120dc
core   0: 0x000000008000ff32 (0xfe043703) ld      a4, -32(s0)
core   0: 3 0x000000008000ff32 (0xfe043703) x14 0x0000000080012086 mem 0x0000000080031f50
core   0: 0x000000008000ff36 (0xfcf76de3) bltu    a4, a5, pc - 38
core   0: 3 0x000000008000ff36 (0xfcf76de3)
core   0: 0x000000008000ff10 (0xfe043783) ld      a5, -32(s0)
core   0: 3 0x000000008000ff10 (0xfe043783) x15 0x0000000080012086 mem 0x0000000080031f50
core   0: 0x000000008000ff14 (0x00178713) addi    a4, a5, 1
core   0: 3 0x000000008000ff14 (0x00178713) x14 0x0000000080012087
core   0: 0x000000008000ff18 (0xfee43023) sd      a4, -32(s0)
core   0: 3 0x000000008000ff18 (0xfee43023) mem 0x0000000080031f50 0x0000000080012087
core   0: 0x000000008000ff1c (0xfc442703) lw      a4, -60(s0)
core   0: 3 0x000000008000ff1c (0xfc442703) x14 0x0000000000000000 mem 0x0000000080031f34
core   0: 0x000000008000ff20 (0x0ff77713) andi    a4, a4, 255
core   0: 3 0x000000008000ff20 (0x0ff77713) x14 0x0000000000000000
core   0: 0x000000008000ff24 (0x00e78023) sb      a4, 0(a5)
core   0: 3 0x000000008000ff24 (0x00e78023) mem 0x0000000080012086 0x00
core   0: 0x000000008000ff28 (0xfc843703) ld      a4, -56(s0)
core   0: 3 0x000000008000ff28 (0xfc843703) x14 0x0000000080012040 mem 0x0000000080031f38
core   0: 0x000000008000ff2c (0xfb843783) ld      a5, -72(s0)
core   0: 3 0x000000008000ff2c (0xfb843783) x15 0x000000000000009c mem 0x0000000080031f28
core   0: 0x000000008000ff30 (0x000097ba) c.add   a5, a4
core   0: 3 0x000000008000ff30 (0x97ba) x15 0x00000000800120dc
core   0: 0x000000008000ff32 (0xfe043703) ld      a4, -32(s0)
core   0: 3 0x000000008000ff32 (0xfe043703) x14 0x0000000080012087 mem 0x0000000080031f50
core   0: 0x000000008000ff36 (0xfcf76de3) bltu    a4, a5, pc - 38
core   0: 3 0x000000008000ff36 (0xfcf76de3)
core   0: 0x000000008000ff10 (0xfe043783) ld      a5, -32(s0)
core   0: 3 0x000000008000ff10 (0xfe043783) x15 0x0000000080012087 mem 0x0000000080031f50
core   0: 0x000000008000ff14 (0x00178713) addi    a4, a5, 1
core   0: 3 0x000000008000ff14 (0x00178713) x14 0x0000000080012088
core   0: 0x000000008000ff18 (0xfee43023) sd      a4, -32(s0)
core   0: 3 0x000000008000ff18 (0xfee43023) mem 0x0000000080031f50 0x0000000080012088
core   0: 0x000000008000ff1c (0xfc442703) lw      a4, -60(s0)
core   0: 3 0x000000008000ff1c (0xfc442703) x14 0x0000000000000000 mem 0x0000000080031f34
core   0: 0x000000008000ff20 (0x0ff77713) andi    a4, a4, 255
core   0: 3 0x000000008000ff20 (0x0ff77713) x14 0x0000000000000000
core   0: 0x000000008000ff24 (0x00e78023) sb      a4, 0(a5)
core   0: 3 0x000000008000ff24 (0x00e78023) mem 0x0000000080012087 0x00
core   0: 0x000000008000ff28 (0xfc843703) ld      a4, -56(s0)
core   0: 3 0x000000008000ff28 (0xfc843703) x14 0x0000000080012040 mem 0x0000000080031f38
core   0: 0x000000008000ff2c (0xfb843783) ld      a5, -72(s0)
core   0: 3 0x000000008000ff2c (0xfb843783) x15 0x000000000000009c mem 0x0000000080031f28
core   0: 0x000000008000ff30 (0x000097ba) c.add   a5, a4
core   0: 3 0x000000008000ff30 (0x97ba) x15 0x00000000800120dc
core   0: 0x000000008000ff32 (0xfe043703) ld      a4, -32(s0)
core   0: 3 0x000000008000ff32 (0xfe043703) x14 0x0000000080012088 mem 0x0000000080031f50
core   0: 0x000000008000ff36 (0xfcf76de3) bltu    a4, a5, pc - 38
core   0: 3 0x000000008000ff36 (0xfcf76de3)
core   0: 0x000000008000ff10 (0xfe043783) ld      a5, -32(s0)
core   0: 3 0x000000008000ff10 (0xfe043783) x15 0x0000000080012088 mem 0x0000000080031f50
core   0: 0x000000008000ff14 (0x00178713) addi    a4, a5, 1
core   0: 3 0x000000008000ff14 (0x00178713) x14 0x0000000080012089
core   0: 0x000000008000ff18 (0xfee43023) sd      a4, -32(s0)
core   0: 3 0x000000008000ff18 (0xfee43023) mem 0x0000000080031f50 0x0000000080012089
core   0: 0x000000008000ff1c (0xfc442703) lw      a4, -60(s0)
core   0: 3 0x000000008000ff1c (0xfc442703) x14 0x0000000000000000 mem 0x0000000080031f34
core   0: 0x000000008000ff20 (0x0ff77713) andi    a4, a4, 255
core   0: 3 0x000000008000ff20 (0x0ff77713) x14 0x0000000000000000
core   0: 0x000000008000ff24 (0x00e78023) sb      a4, 0(a5)
core   0: 3 0x000000008000ff24 (0x00e78023) mem 0x0000000080012088 0x00
core   0: 0x000000008000ff28 (0xfc843703) ld      a4, -56(s0)
core   0: 3 0x000000008000ff28 (0xfc843703) x14 0x0000000080012040 mem 0x0000000080031f38
core   0: 0x000000008000ff2c (0xfb843783) ld      a5, -72(s0)
core   0: 3 0x000000008000ff2c (0xfb843783) x15 0x000000000000009c mem 0x0000000080031f28
core   0: 0x000000008000ff30 (0x000097ba) c.add   a5, a4
core   0: 3 0x000000008000ff30 (0x97ba) x15 0x00000000800120dc
core   0: 0x000000008000ff32 (0xfe043703) ld      a4, -32(s0)
core   0: 3 0x000000008000ff32 (0xfe043703) x14 0x0000000080012089 mem 0x0000000080031f50
core   0: 0x000000008000ff36 (0xfcf76de3) bltu    a4, a5, pc - 38
core   0: 3 0x000000008000ff36 (0xfcf76de3)
core   0: 0x000000008000ff10 (0xfe043783) ld      a5, -32(s0)
core   0: 3 0x000000008000ff10 (0xfe043783) x15 0x0000000080012089 mem 0x0000000080031f50
core   0: 0x000000008000ff14 (0x00178713) addi    a4, a5, 1
core   0: 3 0x000000008000ff14 (0x00178713) x14 0x000000008001208a
core   0: 0x000000008000ff18 (0xfee43023) sd      a4, -32(s0)
core   0: 3 0x000000008000ff18 (0xfee43023) mem 0x0000000080031f50 0x000000008001208a
core   0: 0x000000008000ff1c (0xfc442703) lw      a4, -60(s0)
core   0: 3 0x000000008000ff1c (0xfc442703) x14 0x0000000000000000 mem 0x0000000080031f34
core   0: 0x000000008000ff20 (0x0ff77713) andi    a4, a4, 255
core   0: 3 0x000000008000ff20 (0x0ff77713) x14 0x0000000000000000
core   0: 0x000000008000ff24 (0x00e78023) sb      a4, 0(a5)
core   0: 3 0x000000008000ff24 (0x00e78023) mem 0x0000000080012089 0x00
core   0: 0x000000008000ff28 (0xfc843703) ld      a4, -56(s0)
core   0: 3 0x000000008000ff28 (0xfc843703) x14 0x0000000080012040 mem 0x0000000080031f38
core   0: 0x000000008000ff2c (0xfb843783) ld      a5, -72(s0)
core   0: 3 0x000000008000ff2c (0xfb843783) x15 0x000000000000009c mem 0x0000000080031f28
core   0: 0x000000008000ff30 (0x000097ba) c.add   a5, a4
core   0: 3 0x000000008000ff30 (0x97ba) x15 0x00000000800120dc
core   0: 0x000000008000ff32 (0xfe043703) ld      a4, -32(s0)
core   0: 3 0x000000008000ff32 (0xfe043703) x14 0x000000008001208a mem 0x0000000080031f50
core   0: 0x000000008000ff36 (0xfcf76de3) bltu    a4, a5, pc - 38
core   0: 3 0x000000008000ff36 (0xfcf76de3)
core   0: 0x000000008000ff10 (0xfe043783) ld      a5, -32(s0)
core   0: 3 0x000000008000ff10 (0xfe043783) x15 0x000000008001208a mem 0x0000000080031f50
core   0: 0x000000008000ff14 (0x00178713) addi    a4, a5, 1
core   0: 3 0x000000008000ff14 (0x00178713) x14 0x000000008001208b
core   0: 0x000000008000ff18 (0xfee43023) sd      a4, -32(s0)
core   0: 3 0x000000008000ff18 (0xfee43023) mem 0x0000000080031f50 0x000000008001208b
core   0: 0x000000008000ff1c (0xfc442703) lw      a4, -60(s0)
core   0: 3 0x000000008000ff1c (0xfc442703) x14 0x0000000000000000 mem 0x0000000080031f34
core   0: 0x000000008000ff20 (0x0ff77713) andi    a4, a4, 255
core   0: 3 0x000000008000ff20 (0x0ff77713) x14 0x0000000000000000
core   0: 0x000000008000ff24 (0x00e78023) sb      a4, 0(a5)
core   0: 3 0x000000008000ff24 (0x00e78023) mem 0x000000008001208a 0x00
core   0: 0x000000008000ff28 (0xfc843703) ld      a4, -56(s0)
core   0: 3 0x000000008000ff28 (0xfc843703) x14 0x0000000080012040 mem 0x0000000080031f38
core   0: 0x000000008000ff2c (0xfb843783) ld      a5, -72(s0)
core   0: 3 0x000000008000ff2c (0xfb843783) x15 0x000000000000009c mem 0x0000000080031f28
core   0: 0x000000008000ff30 (0x000097ba) c.add   a5, a4
core   0: 3 0x000000008000ff30 (0x97ba) x15 0x00000000800120dc
core   0: 0x000000008000ff32 (0xfe043703) ld      a4, -32(s0)
core   0: 3 0x000000008000ff32 (0xfe043703) x14 0x000000008001208b mem 0x0000000080031f50
core   0: 0x000000008000ff36 (0xfcf76de3) bltu    a4, a5, pc - 38
core   0: 3 0x000000008000ff36 (0xfcf76de3)
core   0: 0x000000008000ff10 (0xfe043783) ld      a5, -32(s0)
core   0: 3 0x000000008000ff10 (0xfe043783) x15 0x000000008001208b mem 0x0000000080031f50
core   0: 0x000000008000ff14 (0x00178713) addi    a4, a5, 1
core   0: 3 0x000000008000ff14 (0x00178713) x14 0x000000008001208c
core   0: 0x000000008000ff18 (0xfee43023) sd      a4, -32(s0)
core   0: 3 0x000000008000ff18 (0xfee43023) mem 0x0000000080031f50 0x000000008001208c
core   0: 0x000000008000ff1c (0xfc442703) lw      a4, -60(s0)
core   0: 3 0x000000008000ff1c (0xfc442703) x14 0x0000000000000000 mem 0x0000000080031f34
core   0: 0x000000008000ff20 (0x0ff77713) andi    a4, a4, 255
core   0: 3 0x000000008000ff20 (0x0ff77713) x14 0x0000000000000000
core   0: 0x000000008000ff24 (0x00e78023) sb      a4, 0(a5)
core   0: 3 0x000000008000ff24 (0x00e78023) mem 0x000000008001208b 0x00
core   0: 0x000000008000ff28 (0xfc843703) ld      a4, -56(s0)
core   0: 3 0x000000008000ff28 (0xfc843703) x14 0x0000000080012040 mem 0x0000000080031f38
core   0: 0x000000008000ff2c (0xfb843783) ld      a5, -72(s0)
core   0: 3 0x000000008000ff2c (0xfb843783) x15 0x000000000000009c mem 0x0000000080031f28
core   0: 0x000000008000ff30 (0x000097ba) c.add   a5, a4
core   0: 3 0x000000008000ff30 (0x97ba) x15 0x00000000800120dc
core   0: 0x000000008000ff32 (0xfe043703) ld      a4, -32(s0)
core   0: 3 0x000000008000ff32 (0xfe043703) x14 0x000000008001208c mem 0x0000000080031f50
core   0: 0x000000008000ff36 (0xfcf76de3) bltu    a4, a5, pc - 38
core   0: 3 0x000000008000ff36 (0xfcf76de3)
core   0: 0x000000008000ff10 (0xfe043783) ld      a5, -32(s0)
core   0: 3 0x000000008000ff10 (0xfe043783) x15 0x000000008001208c mem 0x0000000080031f50
core   0: 0x000000008000ff14 (0x00178713) addi    a4, a5, 1
core   0: 3 0x000000008000ff14 (0x00178713) x14 0x000000008001208d
core   0: 0x000000008000ff18 (0xfee43023) sd      a4, -32(s0)
core   0: 3 0x000000008000ff18 (0xfee43023) mem 0x0000000080031f50 0x000000008001208d
core   0: 0x000000008000ff1c (0xfc442703) lw      a4, -60(s0)
core   0: 3 0x000000008000ff1c (0xfc442703) x14 0x0000000000000000 mem 0x0000000080031f34
core   0: 0x000000008000ff20 (0x0ff77713) andi    a4, a4, 255
core   0: 3 0x000000008000ff20 (0x0ff77713) x14 0x0000000000000000
core   0: 0x000000008000ff24 (0x00e78023) sb      a4, 0(a5)
core   0: 3 0x000000008000ff24 (0x00e78023) mem 0x000000008001208c 0x00
core   0: 0x000000008000ff28 (0xfc843703) ld      a4, -56(s0)
core   0: 3 0x000000008000ff28 (0xfc843703) x14 0x0000000080012040 mem 0x0000000080031f38
core   0: 0x000000008000ff2c (0xfb843783) ld      a5, -72(s0)
core   0: 3 0x000000008000ff2c (0xfb843783) x15 0x000000000000009c mem 0x0000000080031f28
core   0: 0x000000008000ff30 (0x000097ba) c.add   a5, a4
core   0: 3 0x000000008000ff30 (0x97ba) x15 0x00000000800120dc
core   0: 0x000000008000ff32 (0xfe043703) ld      a4, -32(s0)
core   0: 3 0x000000008000ff32 (0xfe043703) x14 0x000000008001208d mem 0x0000000080031f50
core   0: 0x000000008000ff36 (0xfcf76de3) bltu    a4, a5, pc - 38
core   0: 3 0x000000008000ff36 (0xfcf76de3)
core   0: 0x000000008000ff10 (0xfe043783) ld      a5, -32(s0)
core   0: 3 0x000000008000ff10 (0xfe043783) x15 0x000000008001208d mem 0x0000000080031f50
core   0: 0x000000008000ff14 (0x00178713) addi    a4, a5, 1
core   0: 3 0x000000008000ff14 (0x00178713) x14 0x000000008001208e
core   0: 0x000000008000ff18 (0xfee43023) sd      a4, -32(s0)
core   0: 3 0x000000008000ff18 (0xfee43023) mem 0x0000000080031f50 0x000000008001208e
core   0: 0x000000008000ff1c (0xfc442703) lw      a4, -60(s0)
core   0: 3 0x000000008000ff1c (0xfc442703) x14 0x0000000000000000 mem 0x0000000080031f34
core   0: 0x000000008000ff20 (0x0ff77713) andi    a4, a4, 255
core   0: 3 0x000000008000ff20 (0x0ff77713) x14 0x0000000000000000
core   0: 0x000000008000ff24 (0x00e78023) sb      a4, 0(a5)
core   0: 3 0x000000008000ff24 (0x00e78023) mem 0x000000008001208d 0x00
core   0: 0x000000008000ff28 (0xfc843703) ld      a4, -56(s0)
core   0: 3 0x000000008000ff28 (0xfc843703) x14 0x0000000080012040 mem 0x0000000080031f38
core   0: 0x000000008000ff2c (0xfb843783) ld      a5, -72(s0)
core   0: 3 0x000000008000ff2c (0xfb843783) x15 0x000000000000009c mem 0x0000000080031f28
core   0: 0x000000008000ff30 (0x000097ba) c.add   a5, a4
core   0: 3 0x000000008000ff30 (0x97ba) x15 0x00000000800120dc
core   0: 0x000000008000ff32 (0xfe043703) ld      a4, -32(s0)
core   0: 3 0x000000008000ff32 (0xfe043703) x14 0x000000008001208e mem 0x0000000080031f50
core   0: 0x000000008000ff36 (0xfcf76de3) bltu    a4, a5, pc - 38
core   0: 3 0x000000008000ff36 (0xfcf76de3)
core   0: 0x000000008000ff10 (0xfe043783) ld      a5, -32(s0)
core   0: 3 0x000000008000ff10 (0xfe043783) x15 0x000000008001208e mem 0x0000000080031f50
core   0: 0x000000008000ff14 (0x00178713) addi    a4, a5, 1
core   0: 3 0x000000008000ff14 (0x00178713) x14 0x000000008001208f
core   0: 0x000000008000ff18 (0xfee43023) sd      a4, -32(s0)
core   0: 3 0x000000008000ff18 (0xfee43023) mem 0x0000000080031f50 0x000000008001208f
core   0: 0x000000008000ff1c (0xfc442703) lw      a4, -60(s0)
core   0: 3 0x000000008000ff1c (0xfc442703) x14 0x0000000000000000 mem 0x0000000080031f34
core   0: 0x000000008000ff20 (0x0ff77713) andi    a4, a4, 255
core   0: 3 0x000000008000ff20 (0x0ff77713) x14 0x0000000000000000
core   0: 0x000000008000ff24 (0x00e78023) sb      a4, 0(a5)
core   0: 3 0x000000008000ff24 (0x00e78023) mem 0x000000008001208e 0x00
core   0: 0x000000008000ff28 (0xfc843703) ld      a4, -56(s0)
core   0: 3 0x000000008000ff28 (0xfc843703) x14 0x0000000080012040 mem 0x0000000080031f38
core   0: 0x000000008000ff2c (0xfb843783) ld      a5, -72(s0)
core   0: 3 0x000000008000ff2c (0xfb843783) x15 0x000000000000009c mem 0x0000000080031f28
core   0: 0x000000008000ff30 (0x000097ba) c.add   a5, a4
core   0: 3 0x000000008000ff30 (0x97ba) x15 0x00000000800120dc
core   0: 0x000000008000ff32 (0xfe043703) ld      a4, -32(s0)
core   0: 3 0x000000008000ff32 (0xfe043703) x14 0x000000008001208f mem 0x0000000080031f50
core   0: 0x000000008000ff36 (0xfcf76de3) bltu    a4, a5, pc - 38
core   0: 3 0x000000008000ff36 (0xfcf76de3)
core   0: 0x000000008000ff10 (0xfe043783) ld      a5, -32(s0)
core   0: 3 0x000000008000ff10 (0xfe043783) x15 0x000000008001208f mem 0x0000000080031f50
core   0: 0x000000008000ff14 (0x00178713) addi    a4, a5, 1
core   0: 3 0x000000008000ff14 (0x00178713) x14 0x0000000080012090
core   0: 0x000000008000ff18 (0xfee43023) sd      a4, -32(s0)
core   0: 3 0x000000008000ff18 (0xfee43023) mem 0x0000000080031f50 0x0000000080012090
core   0: 0x000000008000ff1c (0xfc442703) lw      a4, -60(s0)
core   0: 3 0x000000008000ff1c (0xfc442703) x14 0x0000000000000000 mem 0x0000000080031f34
core   0: 0x000000008000ff20 (0x0ff77713) andi    a4, a4, 255
core   0: 3 0x000000008000ff20 (0x0ff77713) x14 0x0000000000000000
core   0: 0x000000008000ff24 (0x00e78023) sb      a4, 0(a5)
core   0: 3 0x000000008000ff24 (0x00e78023) mem 0x000000008001208f 0x00
core   0: 0x000000008000ff28 (0xfc843703) ld      a4, -56(s0)
core   0: 3 0x000000008000ff28 (0xfc843703) x14 0x0000000080012040 mem 0x0000000080031f38
core   0: 0x000000008000ff2c (0xfb843783) ld      a5, -72(s0)
core   0: 3 0x000000008000ff2c (0xfb843783) x15 0x000000000000009c mem 0x0000000080031f28
core   0: 0x000000008000ff30 (0x000097ba) c.add   a5, a4
core   0: 3 0x000000008000ff30 (0x97ba) x15 0x00000000800120dc
core   0: 0x000000008000ff32 (0xfe043703) ld      a4, -32(s0)
core   0: 3 0x000000008000ff32 (0xfe043703) x14 0x0000000080012090 mem 0x0000000080031f50
core   0: 0x000000008000ff36 (0xfcf76de3) bltu    a4, a5, pc - 38
core   0: 3 0x000000008000ff36 (0xfcf76de3)
core   0: 0x000000008000ff10 (0xfe043783) ld      a5, -32(s0)
core   0: 3 0x000000008000ff10 (0xfe043783) x15 0x0000000080012090 mem 0x0000000080031f50
core   0: 0x000000008000ff14 (0x00178713) addi    a4, a5, 1
core   0: 3 0x000000008000ff14 (0x00178713) x14 0x0000000080012091
core   0: 0x000000008000ff18 (0xfee43023) sd      a4, -32(s0)
core   0: 3 0x000000008000ff18 (0xfee43023) mem 0x0000000080031f50 0x0000000080012091
core   0: 0x000000008000ff1c (0xfc442703) lw      a4, -60(s0)
core   0: 3 0x000000008000ff1c (0xfc442703) x14 0x0000000000000000 mem 0x0000000080031f34
core   0: 0x000000008000ff20 (0x0ff77713) andi    a4, a4, 255
core   0: 3 0x000000008000ff20 (0x0ff77713) x14 0x0000000000000000
core   0: 0x000000008000ff24 (0x00e78023) sb      a4, 0(a5)
core   0: 3 0x000000008000ff24 (0x00e78023) mem 0x0000000080012090 0x00
core   0: 0x000000008000ff28 (0xfc843703) ld      a4, -56(s0)
core   0: 3 0x000000008000ff28 (0xfc843703) x14 0x0000000080012040 mem 0x0000000080031f38
core   0: 0x000000008000ff2c (0xfb843783) ld      a5, -72(s0)
core   0: 3 0x000000008000ff2c (0xfb843783) x15 0x000000000000009c mem 0x0000000080031f28
core   0: 0x000000008000ff30 (0x000097ba) c.add   a5, a4
core   0: 3 0x000000008000ff30 (0x97ba) x15 0x00000000800120dc
core   0: 0x000000008000ff32 (0xfe043703) ld      a4, -32(s0)
core   0: 3 0x000000008000ff32 (0xfe043703) x14 0x0000000080012091 mem 0x0000000080031f50
core   0: 0x000000008000ff36 (0xfcf76de3) bltu    a4, a5, pc - 38
core   0: 3 0x000000008000ff36 (0xfcf76de3)
core   0: 0x000000008000ff10 (0xfe043783) ld      a5, -32(s0)
core   0: 3 0x000000008000ff10 (0xfe043783) x15 0x0000000080012091 mem 0x0000000080031f50
core   0: 0x000000008000ff14 (0x00178713) addi    a4, a5, 1
core   0: 3 0x000000008000ff14 (0x00178713) x14 0x0000000080012092
core   0: 0x000000008000ff18 (0xfee43023) sd      a4, -32(s0)
core   0: 3 0x000000008000ff18 (0xfee43023) mem 0x0000000080031f50 0x0000000080012092
core   0: 0x000000008000ff1c (0xfc442703) lw      a4, -60(s0)
core   0: 3 0x000000008000ff1c (0xfc442703) x14 0x0000000000000000 mem 0x0000000080031f34
core   0: 0x000000008000ff20 (0x0ff77713) andi    a4, a4, 255
core   0: 3 0x000000008000ff20 (0x0ff77713) x14 0x0000000000000000
core   0: 0x000000008000ff24 (0x00e78023) sb      a4, 0(a5)
core   0: 3 0x000000008000ff24 (0x00e78023) mem 0x0000000080012091 0x00
core   0: 0x000000008000ff28 (0xfc843703) ld      a4, -56(s0)
core   0: 3 0x000000008000ff28 (0xfc843703) x14 0x0000000080012040 mem 0x0000000080031f38
core   0: 0x000000008000ff2c (0xfb843783) ld      a5, -72(s0)
core   0: 3 0x000000008000ff2c (0xfb843783) x15 0x000000000000009c mem 0x0000000080031f28
core   0: 0x000000008000ff30 (0x000097ba) c.add   a5, a4
core   0: 3 0x000000008000ff30 (0x97ba) x15 0x00000000800120dc
core   0: 0x000000008000ff32 (0xfe043703) ld      a4, -32(s0)
core   0: 3 0x000000008000ff32 (0xfe043703) x14 0x0000000080012092 mem 0x0000000080031f50
core   0: 0x000000008000ff36 (0xfcf76de3) bltu    a4, a5, pc - 38
core   0: 3 0x000000008000ff36 (0xfcf76de3)
core   0: 0x000000008000ff10 (0xfe043783) ld      a5, -32(s0)
core   0: 3 0x000000008000ff10 (0xfe043783) x15 0x0000000080012092 mem 0x0000000080031f50
core   0: 0x000000008000ff14 (0x00178713) addi    a4, a5, 1
core   0: 3 0x000000008000ff14 (0x00178713) x14 0x0000000080012093
core   0: 0x000000008000ff18 (0xfee43023) sd      a4, -32(s0)
core   0: 3 0x000000008000ff18 (0xfee43023) mem 0x0000000080031f50 0x0000000080012093
core   0: 0x000000008000ff1c (0xfc442703) lw      a4, -60(s0)
core   0: 3 0x000000008000ff1c (0xfc442703) x14 0x0000000000000000 mem 0x0000000080031f34
core   0: 0x000000008000ff20 (0x0ff77713) andi    a4, a4, 255
core   0: 3 0x000000008000ff20 (0x0ff77713) x14 0x0000000000000000
core   0: 0x000000008000ff24 (0x00e78023) sb      a4, 0(a5)
core   0: 3 0x000000008000ff24 (0x00e78023) mem 0x0000000080012092 0x00
core   0: 0x000000008000ff28 (0xfc843703) ld      a4, -56(s0)
core   0: 3 0x000000008000ff28 (0xfc843703) x14 0x0000000080012040 mem 0x0000000080031f38
core   0: 0x000000008000ff2c (0xfb843783) ld      a5, -72(s0)
core   0: 3 0x000000008000ff2c (0xfb843783) x15 0x000000000000009c mem 0x0000000080031f28
core   0: 0x000000008000ff30 (0x000097ba) c.add   a5, a4
core   0: 3 0x000000008000ff30 (0x97ba) x15 0x00000000800120dc
core   0: 0x000000008000ff32 (0xfe043703) ld      a4, -32(s0)
core   0: 3 0x000000008000ff32 (0xfe043703) x14 0x0000000080012093 mem 0x0000000080031f50
core   0: 0x000000008000ff36 (0xfcf76de3) bltu    a4, a5, pc - 38
core   0: 3 0x000000008000ff36 (0xfcf76de3)
core   0: 0x000000008000ff10 (0xfe043783) ld      a5, -32(s0)
core   0: 3 0x000000008000ff10 (0xfe043783) x15 0x0000000080012093 mem 0x0000000080031f50
core   0: 0x000000008000ff14 (0x00178713) addi    a4, a5, 1
core   0: 3 0x000000008000ff14 (0x00178713) x14 0x0000000080012094
core   0: 0x000000008000ff18 (0xfee43023) sd      a4, -32(s0)
core   0: 3 0x000000008000ff18 (0xfee43023) mem 0x0000000080031f50 0x0000000080012094
core   0: 0x000000008000ff1c (0xfc442703) lw      a4, -60(s0)
core   0: 3 0x000000008000ff1c (0xfc442703) x14 0x0000000000000000 mem 0x0000000080031f34
core   0: 0x000000008000ff20 (0x0ff77713) andi    a4, a4, 255
core   0: 3 0x000000008000ff20 (0x0ff77713) x14 0x0000000000000000
core   0: 0x000000008000ff24 (0x00e78023) sb      a4, 0(a5)
core   0: 3 0x000000008000ff24 (0x00e78023) mem 0x0000000080012093 0x00
core   0: 0x000000008000ff28 (0xfc843703) ld      a4, -56(s0)
core   0: 3 0x000000008000ff28 (0xfc843703) x14 0x0000000080012040 mem 0x0000000080031f38
core   0: 0x000000008000ff2c (0xfb843783) ld      a5, -72(s0)
core   0: 3 0x000000008000ff2c (0xfb843783) x15 0x000000000000009c mem 0x0000000080031f28
core   0: 0x000000008000ff30 (0x000097ba) c.add   a5, a4
core   0: 3 0x000000008000ff30 (0x97ba) x15 0x00000000800120dc
core   0: 0x000000008000ff32 (0xfe043703) ld      a4, -32(s0)
core   0: 3 0x000000008000ff32 (0xfe043703) x14 0x0000000080012094 mem 0x0000000080031f50
core   0: 0x000000008000ff36 (0xfcf76de3) bltu    a4, a5, pc - 38
core   0: 3 0x000000008000ff36 (0xfcf76de3)
core   0: 0x000000008000ff10 (0xfe043783) ld      a5, -32(s0)
core   0: 3 0x000000008000ff10 (0xfe043783) x15 0x0000000080012094 mem 0x0000000080031f50
core   0: 0x000000008000ff14 (0x00178713) addi    a4, a5, 1
core   0: 3 0x000000008000ff14 (0x00178713) x14 0x0000000080012095
core   0: 0x000000008000ff18 (0xfee43023) sd      a4, -32(s0)
core   0: 3 0x000000008000ff18 (0xfee43023) mem 0x0000000080031f50 0x0000000080012095
core   0: 0x000000008000ff1c (0xfc442703) lw      a4, -60(s0)
core   0: 3 0x000000008000ff1c (0xfc442703) x14 0x0000000000000000 mem 0x0000000080031f34
core   0: 0x000000008000ff20 (0x0ff77713) andi    a4, a4, 255
core   0: 3 0x000000008000ff20 (0x0ff77713) x14 0x0000000000000000
core   0: 0x000000008000ff24 (0x00e78023) sb      a4, 0(a5)
core   0: 3 0x000000008000ff24 (0x00e78023) mem 0x0000000080012094 0x00
core   0: 0x000000008000ff28 (0xfc843703) ld      a4, -56(s0)
core   0: 3 0x000000008000ff28 (0xfc843703) x14 0x0000000080012040 mem 0x0000000080031f38
core   0: 0x000000008000ff2c (0xfb843783) ld      a5, -72(s0)
core   0: 3 0x000000008000ff2c (0xfb843783) x15 0x000000000000009c mem 0x0000000080031f28
core   0: 0x000000008000ff30 (0x000097ba) c.add   a5, a4
core   0: 3 0x000000008000ff30 (0x97ba) x15 0x00000000800120dc
core   0: 0x000000008000ff32 (0xfe043703) ld      a4, -32(s0)
core   0: 3 0x000000008000ff32 (0xfe043703) x14 0x0000000080012095 mem 0x0000000080031f50
core   0: 0x000000008000ff36 (0xfcf76de3) bltu    a4, a5, pc - 38
core   0: 3 0x000000008000ff36 (0xfcf76de3)
core   0: 0x000000008000ff10 (0xfe043783) ld      a5, -32(s0)
core   0: 3 0x000000008000ff10 (0xfe043783) x15 0x0000000080012095 mem 0x0000000080031f50
core   0: 0x000000008000ff14 (0x00178713) addi    a4, a5, 1
core   0: 3 0x000000008000ff14 (0x00178713) x14 0x0000000080012096
core   0: 0x000000008000ff18 (0xfee43023) sd      a4, -32(s0)
core   0: 3 0x000000008000ff18 (0xfee43023) mem 0x0000000080031f50 0x0000000080012096
core   0: 0x000000008000ff1c (0xfc442703) lw      a4, -60(s0)
core   0: 3 0x000000008000ff1c (0xfc442703) x14 0x0000000000000000 mem 0x0000000080031f34
core   0: 0x000000008000ff20 (0x0ff77713) andi    a4, a4, 255
core   0: 3 0x000000008000ff20 (0x0ff77713) x14 0x0000000000000000
core   0: 0x000000008000ff24 (0x00e78023) sb      a4, 0(a5)
core   0: 3 0x000000008000ff24 (0x00e78023) mem 0x0000000080012095 0x00
core   0: 0x000000008000ff28 (0xfc843703) ld      a4, -56(s0)
core   0: 3 0x000000008000ff28 (0xfc843703) x14 0x0000000080012040 mem 0x0000000080031f38
core   0: 0x000000008000ff2c (0xfb843783) ld      a5, -72(s0)
core   0: 3 0x000000008000ff2c (0xfb843783) x15 0x000000000000009c mem 0x0000000080031f28
core   0: 0x000000008000ff30 (0x000097ba) c.add   a5, a4
core   0: 3 0x000000008000ff30 (0x97ba) x15 0x00000000800120dc
core   0: 0x000000008000ff32 (0xfe043703) ld      a4, -32(s0)
core   0: 3 0x000000008000ff32 (0xfe043703) x14 0x0000000080012096 mem 0x0000000080031f50
core   0: 0x000000008000ff36 (0xfcf76de3) bltu    a4, a5, pc - 38
core   0: 3 0x000000008000ff36 (0xfcf76de3)
core   0: 0x000000008000ff10 (0xfe043783) ld      a5, -32(s0)
core   0: 3 0x000000008000ff10 (0xfe043783) x15 0x0000000080012096 mem 0x0000000080031f50
core   0: 0x000000008000ff14 (0x00178713) addi    a4, a5, 1
core   0: 3 0x000000008000ff14 (0x00178713) x14 0x0000000080012097
core   0: 0x000000008000ff18 (0xfee43023) sd      a4, -32(s0)
core   0: 3 0x000000008000ff18 (0xfee43023) mem 0x0000000080031f50 0x0000000080012097
core   0: 0x000000008000ff1c (0xfc442703) lw      a4, -60(s0)
core   0: 3 0x000000008000ff1c (0xfc442703) x14 0x0000000000000000 mem 0x0000000080031f34
core   0: 0x000000008000ff20 (0x0ff77713) andi    a4, a4, 255
core   0: 3 0x000000008000ff20 (0x0ff77713) x14 0x0000000000000000
core   0: 0x000000008000ff24 (0x00e78023) sb      a4, 0(a5)
core   0: 3 0x000000008000ff24 (0x00e78023) mem 0x0000000080012096 0x00
core   0: 0x000000008000ff28 (0xfc843703) ld      a4, -56(s0)
core   0: 3 0x000000008000ff28 (0xfc843703) x14 0x0000000080012040 mem 0x0000000080031f38
core   0: 0x000000008000ff2c (0xfb843783) ld      a5, -72(s0)
core   0: 3 0x000000008000ff2c (0xfb843783) x15 0x000000000000009c mem 0x0000000080031f28
core   0: 0x000000008000ff30 (0x000097ba) c.add   a5, a4
core   0: 3 0x000000008000ff30 (0x97ba) x15 0x00000000800120dc
core   0: 0x000000008000ff32 (0xfe043703) ld      a4, -32(s0)
core   0: 3 0x000000008000ff32 (0xfe043703) x14 0x0000000080012097 mem 0x0000000080031f50
core   0: 0x000000008000ff36 (0xfcf76de3) bltu    a4, a5, pc - 38
core   0: 3 0x000000008000ff36 (0xfcf76de3)
core   0: 0x000000008000ff10 (0xfe043783) ld      a5, -32(s0)
core   0: 3 0x000000008000ff10 (0xfe043783) x15 0x0000000080012097 mem 0x0000000080031f50
core   0: 0x000000008000ff14 (0x00178713) addi    a4, a5, 1
core   0: 3 0x000000008000ff14 (0x00178713) x14 0x0000000080012098
core   0: 0x000000008000ff18 (0xfee43023) sd      a4, -32(s0)
core   0: 3 0x000000008000ff18 (0xfee43023) mem 0x0000000080031f50 0x0000000080012098
core   0: 0x000000008000ff1c (0xfc442703) lw      a4, -60(s0)
core   0: 3 0x000000008000ff1c (0xfc442703) x14 0x0000000000000000 mem 0x0000000080031f34
core   0: 0x000000008000ff20 (0x0ff77713) andi    a4, a4, 255
core   0: 3 0x000000008000ff20 (0x0ff77713) x14 0x0000000000000000
core   0: 0x000000008000ff24 (0x00e78023) sb      a4, 0(a5)
core   0: 3 0x000000008000ff24 (0x00e78023) mem 0x0000000080012097 0x00
core   0: 0x000000008000ff28 (0xfc843703) ld      a4, -56(s0)
core   0: 3 0x000000008000ff28 (0xfc843703) x14 0x0000000080012040 mem 0x0000000080031f38
core   0: 0x000000008000ff2c (0xfb843783) ld      a5, -72(s0)
core   0: 3 0x000000008000ff2c (0xfb843783) x15 0x000000000000009c mem 0x0000000080031f28
core   0: 0x000000008000ff30 (0x000097ba) c.add   a5, a4
core   0: 3 0x000000008000ff30 (0x97ba) x15 0x00000000800120dc
core   0: 0x000000008000ff32 (0xfe043703) ld      a4, -32(s0)
core   0: 3 0x000000008000ff32 (0xfe043703) x14 0x0000000080012098 mem 0x0000000080031f50
core   0: 0x000000008000ff36 (0xfcf76de3) bltu    a4, a5, pc - 38
core   0: 3 0x000000008000ff36 (0xfcf76de3)
core   0: 0x000000008000ff10 (0xfe043783) ld      a5, -32(s0)
core   0: 3 0x000000008000ff10 (0xfe043783) x15 0x0000000080012098 mem 0x0000000080031f50
core   0: 0x000000008000ff14 (0x00178713) addi    a4, a5, 1
core   0: 3 0x000000008000ff14 (0x00178713) x14 0x0000000080012099
core   0: 0x000000008000ff18 (0xfee43023) sd      a4, -32(s0)
core   0: 3 0x000000008000ff18 (0xfee43023) mem 0x0000000080031f50 0x0000000080012099
core   0: 0x000000008000ff1c (0xfc442703) lw      a4, -60(s0)
core   0: 3 0x000000008000ff1c (0xfc442703) x14 0x0000000000000000 mem 0x0000000080031f34
core   0: 0x000000008000ff20 (0x0ff77713) andi    a4, a4, 255
core   0: 3 0x000000008000ff20 (0x0ff77713) x14 0x0000000000000000
core   0: 0x000000008000ff24 (0x00e78023) sb      a4, 0(a5)
core   0: 3 0x000000008000ff24 (0x00e78023) mem 0x0000000080012098 0x00
core   0: 0x000000008000ff28 (0xfc843703) ld      a4, -56(s0)
core   0: 3 0x000000008000ff28 (0xfc843703) x14 0x0000000080012040 mem 0x0000000080031f38
core   0: 0x000000008000ff2c (0xfb843783) ld      a5, -72(s0)
core   0: 3 0x000000008000ff2c (0xfb843783) x15 0x000000000000009c mem 0x0000000080031f28
core   0: 0x000000008000ff30 (0x000097ba) c.add   a5, a4
core   0: 3 0x000000008000ff30 (0x97ba) x15 0x00000000800120dc
core   0: 0x000000008000ff32 (0xfe043703) ld      a4, -32(s0)
core   0: 3 0x000000008000ff32 (0xfe043703) x14 0x0000000080012099 mem 0x0000000080031f50
core   0: 0x000000008000ff36 (0xfcf76de3) bltu    a4, a5, pc - 38
core   0: 3 0x000000008000ff36 (0xfcf76de3)
core   0: 0x000000008000ff10 (0xfe043783) ld      a5, -32(s0)
core   0: 3 0x000000008000ff10 (0xfe043783) x15 0x0000000080012099 mem 0x0000000080031f50
core   0: 0x000000008000ff14 (0x00178713) addi    a4, a5, 1
core   0: 3 0x000000008000ff14 (0x00178713) x14 0x000000008001209a
core   0: 0x000000008000ff18 (0xfee43023) sd      a4, -32(s0)
core   0: 3 0x000000008000ff18 (0xfee43023) mem 0x0000000080031f50 0x000000008001209a
core   0: 0x000000008000ff1c (0xfc442703) lw      a4, -60(s0)
core   0: 3 0x000000008000ff1c (0xfc442703) x14 0x0000000000000000 mem 0x0000000080031f34
core   0: 0x000000008000ff20 (0x0ff77713) andi    a4, a4, 255
core   0: 3 0x000000008000ff20 (0x0ff77713) x14 0x0000000000000000
core   0: 0x000000008000ff24 (0x00e78023) sb      a4, 0(a5)
core   0: 3 0x000000008000ff24 (0x00e78023) mem 0x0000000080012099 0x00
core   0: 0x000000008000ff28 (0xfc843703) ld      a4, -56(s0)
core   0: 3 0x000000008000ff28 (0xfc843703) x14 0x0000000080012040 mem 0x0000000080031f38
core   0: 0x000000008000ff2c (0xfb843783) ld      a5, -72(s0)
core   0: 3 0x000000008000ff2c (0xfb843783) x15 0x000000000000009c mem 0x0000000080031f28
core   0: 0x000000008000ff30 (0x000097ba) c.add   a5, a4
core   0: 3 0x000000008000ff30 (0x97ba) x15 0x00000000800120dc
core   0: 0x000000008000ff32 (0xfe043703) ld      a4, -32(s0)
core   0: 3 0x000000008000ff32 (0xfe043703) x14 0x000000008001209a mem 0x0000000080031f50
core   0: 0x000000008000ff36 (0xfcf76de3) bltu    a4, a5, pc - 38
core   0: 3 0x000000008000ff36 (0xfcf76de3)
core   0: 0x000000008000ff10 (0xfe043783) ld      a5, -32(s0)
core   0: 3 0x000000008000ff10 (0xfe043783) x15 0x000000008001209a mem 0x0000000080031f50
core   0: 0x000000008000ff14 (0x00178713) addi    a4, a5, 1
core   0: 3 0x000000008000ff14 (0x00178713) x14 0x000000008001209b
core   0: 0x000000008000ff18 (0xfee43023) sd      a4, -32(s0)
core   0: 3 0x000000008000ff18 (0xfee43023) mem 0x0000000080031f50 0x000000008001209b
core   0: 0x000000008000ff1c (0xfc442703) lw      a4, -60(s0)
core   0: 3 0x000000008000ff1c (0xfc442703) x14 0x0000000000000000 mem 0x0000000080031f34
core   0: 0x000000008000ff20 (0x0ff77713) andi    a4, a4, 255
core   0: 3 0x000000008000ff20 (0x0ff77713) x14 0x0000000000000000
core   0: 0x000000008000ff24 (0x00e78023) sb      a4, 0(a5)
core   0: 3 0x000000008000ff24 (0x00e78023) mem 0x000000008001209a 0x00
core   0: 0x000000008000ff28 (0xfc843703) ld      a4, -56(s0)
core   0: 3 0x000000008000ff28 (0xfc843703) x14 0x0000000080012040 mem 0x0000000080031f38
core   0: 0x000000008000ff2c (0xfb843783) ld      a5, -72(s0)
core   0: 3 0x000000008000ff2c (0xfb843783) x15 0x000000000000009c mem 0x0000000080031f28
core   0: 0x000000008000ff30 (0x000097ba) c.add   a5, a4
core   0: 3 0x000000008000ff30 (0x97ba) x15 0x00000000800120dc
core   0: 0x000000008000ff32 (0xfe043703) ld      a4, -32(s0)
core   0: 3 0x000000008000ff32 (0xfe043703) x14 0x000000008001209b mem 0x0000000080031f50
core   0: 0x000000008000ff36 (0xfcf76de3) bltu    a4, a5, pc - 38
core   0: 3 0x000000008000ff36 (0xfcf76de3)
core   0: 0x000000008000ff10 (0xfe043783) ld      a5, -32(s0)
core   0: 3 0x000000008000ff10 (0xfe043783) x15 0x000000008001209b mem 0x0000000080031f50
core   0: 0x000000008000ff14 (0x00178713) addi    a4, a5, 1
core   0: 3 0x000000008000ff14 (0x00178713) x14 0x000000008001209c
core   0: 0x000000008000ff18 (0xfee43023) sd      a4, -32(s0)
core   0: 3 0x000000008000ff18 (0xfee43023) mem 0x0000000080031f50 0x000000008001209c
core   0: 0x000000008000ff1c (0xfc442703) lw      a4, -60(s0)
core   0: 3 0x000000008000ff1c (0xfc442703) x14 0x0000000000000000 mem 0x0000000080031f34
core   0: 0x000000008000ff20 (0x0ff77713) andi    a4, a4, 255
core   0: 3 0x000000008000ff20 (0x0ff77713) x14 0x0000000000000000
core   0: 0x000000008000ff24 (0x00e78023) sb      a4, 0(a5)
core   0: 3 0x000000008000ff24 (0x00e78023) mem 0x000000008001209b 0x00
core   0: 0x000000008000ff28 (0xfc843703) ld      a4, -56(s0)
core   0: 3 0x000000008000ff28 (0xfc843703) x14 0x0000000080012040 mem 0x0000000080031f38
core   0: 0x000000008000ff2c (0xfb843783) ld      a5, -72(s0)
core   0: 3 0x000000008000ff2c (0xfb843783) x15 0x000000000000009c mem 0x0000000080031f28
core   0: 0x000000008000ff30 (0x000097ba) c.add   a5, a4
core   0: 3 0x000000008000ff30 (0x97ba) x15 0x00000000800120dc
core   0: 0x000000008000ff32 (0xfe043703) ld      a4, -32(s0)
core   0: 3 0x000000008000ff32 (0xfe043703) x14 0x000000008001209c mem 0x0000000080031f50
core   0: 0x000000008000ff36 (0xfcf76de3) bltu    a4, a5, pc - 38
core   0: 3 0x000000008000ff36 (0xfcf76de3)
core   0: 0x000000008000ff10 (0xfe043783) ld      a5, -32(s0)
core   0: 3 0x000000008000ff10 (0xfe043783) x15 0x000000008001209c mem 0x0000000080031f50
core   0: 0x000000008000ff14 (0x00178713) addi    a4, a5, 1
core   0: 3 0x000000008000ff14 (0x00178713) x14 0x000000008001209d
core   0: 0x000000008000ff18 (0xfee43023) sd      a4, -32(s0)
core   0: 3 0x000000008000ff18 (0xfee43023) mem 0x0000000080031f50 0x000000008001209d
core   0: 0x000000008000ff1c (0xfc442703) lw      a4, -60(s0)
core   0: 3 0x000000008000ff1c (0xfc442703) x14 0x0000000000000000 mem 0x0000000080031f34
core   0: 0x000000008000ff20 (0x0ff77713) andi    a4, a4, 255
core   0: 3 0x000000008000ff20 (0x0ff77713) x14 0x0000000000000000
core   0: 0x000000008000ff24 (0x00e78023) sb      a4, 0(a5)
core   0: 3 0x000000008000ff24 (0x00e78023) mem 0x000000008001209c 0x00
core   0: 0x000000008000ff28 (0xfc843703) ld      a4, -56(s0)
core   0: 3 0x000000008000ff28 (0xfc843703) x14 0x0000000080012040 mem 0x0000000080031f38
core   0: 0x000000008000ff2c (0xfb843783) ld      a5, -72(s0)
core   0: 3 0x000000008000ff2c (0xfb843783) x15 0x000000000000009c mem 0x0000000080031f28
core   0: 0x000000008000ff30 (0x000097ba) c.add   a5, a4
core   0: 3 0x000000008000ff30 (0x97ba) x15 0x00000000800120dc
core   0: 0x000000008000ff32 (0xfe043703) ld      a4, -32(s0)
core   0: 3 0x000000008000ff32 (0xfe043703) x14 0x000000008001209d mem 0x0000000080031f50
core   0: 0x000000008000ff36 (0xfcf76de3) bltu    a4, a5, pc - 38
core   0: 3 0x000000008000ff36 (0xfcf76de3)
core   0: 0x000000008000ff10 (0xfe043783) ld      a5, -32(s0)
core   0: 3 0x000000008000ff10 (0xfe043783) x15 0x000000008001209d mem 0x0000000080031f50
core   0: 0x000000008000ff14 (0x00178713) addi    a4, a5, 1
core   0: 3 0x000000008000ff14 (0x00178713) x14 0x000000008001209e
core   0: 0x000000008000ff18 (0xfee43023) sd      a4, -32(s0)
core   0: 3 0x000000008000ff18 (0xfee43023) mem 0x0000000080031f50 0x000000008001209e
core   0: 0x000000008000ff1c (0xfc442703) lw      a4, -60(s0)
core   0: 3 0x000000008000ff1c (0xfc442703) x14 0x0000000000000000 mem 0x0000000080031f34
core   0: 0x000000008000ff20 (0x0ff77713) andi    a4, a4, 255
core   0: 3 0x000000008000ff20 (0x0ff77713) x14 0x0000000000000000
core   0: 0x000000008000ff24 (0x00e78023) sb      a4, 0(a5)
core   0: 3 0x000000008000ff24 (0x00e78023) mem 0x000000008001209d 0x00
core   0: 0x000000008000ff28 (0xfc843703) ld      a4, -56(s0)
core   0: 3 0x000000008000ff28 (0xfc843703) x14 0x0000000080012040 mem 0x0000000080031f38
core   0: 0x000000008000ff2c (0xfb843783) ld      a5, -72(s0)
core   0: 3 0x000000008000ff2c (0xfb843783) x15 0x000000000000009c mem 0x0000000080031f28
core   0: 0x000000008000ff30 (0x000097ba) c.add   a5, a4
core   0: 3 0x000000008000ff30 (0x97ba) x15 0x00000000800120dc
core   0: 0x000000008000ff32 (0xfe043703) ld      a4, -32(s0)
core   0: 3 0x000000008000ff32 (0xfe043703) x14 0x000000008001209e mem 0x0000000080031f50
core   0: 0x000000008000ff36 (0xfcf76de3) bltu    a4, a5, pc - 38
core   0: 3 0x000000008000ff36 (0xfcf76de3)
core   0: 0x000000008000ff10 (0xfe043783) ld      a5, -32(s0)
core   0: 3 0x000000008000ff10 (0xfe043783) x15 0x000000008001209e mem 0x0000000080031f50
core   0: 0x000000008000ff14 (0x00178713) addi    a4, a5, 1
core   0: 3 0x000000008000ff14 (0x00178713) x14 0x000000008001209f
core   0: 0x000000008000ff18 (0xfee43023) sd      a4, -32(s0)
core   0: 3 0x000000008000ff18 (0xfee43023) mem 0x0000000080031f50 0x000000008001209f
core   0: 0x000000008000ff1c (0xfc442703) lw      a4, -60(s0)
core   0: 3 0x000000008000ff1c (0xfc442703) x14 0x0000000000000000 mem 0x0000000080031f34
core   0: 0x000000008000ff20 (0x0ff77713) andi    a4, a4, 255
core   0: 3 0x000000008000ff20 (0x0ff77713) x14 0x0000000000000000
core   0: 0x000000008000ff24 (0x00e78023) sb      a4, 0(a5)
core   0: 3 0x000000008000ff24 (0x00e78023) mem 0x000000008001209e 0x00
core   0: 0x000000008000ff28 (0xfc843703) ld      a4, -56(s0)
core   0: 3 0x000000008000ff28 (0xfc843703) x14 0x0000000080012040 mem 0x0000000080031f38
core   0: 0x000000008000ff2c (0xfb843783) ld      a5, -72(s0)
core   0: 3 0x000000008000ff2c (0xfb843783) x15 0x000000000000009c mem 0x0000000080031f28
core   0: 0x000000008000ff30 (0x000097ba) c.add   a5, a4
core   0: 3 0x000000008000ff30 (0x97ba) x15 0x00000000800120dc
core   0: 0x000000008000ff32 (0xfe043703) ld      a4, -32(s0)
core   0: 3 0x000000008000ff32 (0xfe043703) x14 0x000000008001209f mem 0x0000000080031f50
core   0: 0x000000008000ff36 (0xfcf76de3) bltu    a4, a5, pc - 38
core   0: 3 0x000000008000ff36 (0xfcf76de3)
core   0: 0x000000008000ff10 (0xfe043783) ld      a5, -32(s0)
core   0: 3 0x000000008000ff10 (0xfe043783) x15 0x000000008001209f mem 0x0000000080031f50
core   0: 0x000000008000ff14 (0x00178713) addi    a4, a5, 1
core   0: 3 0x000000008000ff14 (0x00178713) x14 0x00000000800120a0
core   0: 0x000000008000ff18 (0xfee43023) sd      a4, -32(s0)
core   0: 3 0x000000008000ff18 (0xfee43023) mem 0x0000000080031f50 0x00000000800120a0
core   0: 0x000000008000ff1c (0xfc442703) lw      a4, -60(s0)
core   0: 3 0x000000008000ff1c (0xfc442703) x14 0x0000000000000000 mem 0x0000000080031f34
core   0: 0x000000008000ff20 (0x0ff77713) andi    a4, a4, 255
core   0: 3 0x000000008000ff20 (0x0ff77713) x14 0x0000000000000000
core   0: 0x000000008000ff24 (0x00e78023) sb      a4, 0(a5)
core   0: 3 0x000000008000ff24 (0x00e78023) mem 0x000000008001209f 0x00
core   0: 0x000000008000ff28 (0xfc843703) ld      a4, -56(s0)
core   0: 3 0x000000008000ff28 (0xfc843703) x14 0x0000000080012040 mem 0x0000000080031f38
core   0: 0x000000008000ff2c (0xfb843783) ld      a5, -72(s0)
core   0: 3 0x000000008000ff2c (0xfb843783) x15 0x000000000000009c mem 0x0000000080031f28
core   0: 0x000000008000ff30 (0x000097ba) c.add   a5, a4
core   0: 3 0x000000008000ff30 (0x97ba) x15 0x00000000800120dc
core   0: 0x000000008000ff32 (0xfe043703) ld      a4, -32(s0)
core   0: 3 0x000000008000ff32 (0xfe043703) x14 0x00000000800120a0 mem 0x0000000080031f50
core   0: 0x000000008000ff36 (0xfcf76de3) bltu    a4, a5, pc - 38
core   0: 3 0x000000008000ff36 (0xfcf76de3)
core   0: 0x000000008000ff10 (0xfe043783) ld      a5, -32(s0)
core   0: 3 0x000000008000ff10 (0xfe043783) x15 0x00000000800120a0 mem 0x0000000080031f50
core   0: 0x000000008000ff14 (0x00178713) addi    a4, a5, 1
core   0: 3 0x000000008000ff14 (0x00178713) x14 0x00000000800120a1
core   0: 0x000000008000ff18 (0xfee43023) sd      a4, -32(s0)
core   0: 3 0x000000008000ff18 (0xfee43023) mem 0x0000000080031f50 0x00000000800120a1
core   0: 0x000000008000ff1c (0xfc442703) lw      a4, -60(s0)
core   0: 3 0x000000008000ff1c (0xfc442703) x14 0x0000000000000000 mem 0x0000000080031f34
core   0: 0x000000008000ff20 (0x0ff77713) andi    a4, a4, 255
core   0: 3 0x000000008000ff20 (0x0ff77713) x14 0x0000000000000000
core   0: 0x000000008000ff24 (0x00e78023) sb      a4, 0(a5)
core   0: 3 0x000000008000ff24 (0x00e78023) mem 0x00000000800120a0 0x00
core   0: 0x000000008000ff28 (0xfc843703) ld      a4, -56(s0)
core   0: 3 0x000000008000ff28 (0xfc843703) x14 0x0000000080012040 mem 0x0000000080031f38
core   0: 0x000000008000ff2c (0xfb843783) ld      a5, -72(s0)
core   0: 3 0x000000008000ff2c (0xfb843783) x15 0x000000000000009c mem 0x0000000080031f28
core   0: 0x000000008000ff30 (0x000097ba) c.add   a5, a4
core   0: 3 0x000000008000ff30 (0x97ba) x15 0x00000000800120dc
core   0: 0x000000008000ff32 (0xfe043703) ld      a4, -32(s0)
core   0: 3 0x000000008000ff32 (0xfe043703) x14 0x00000000800120a1 mem 0x0000000080031f50
core   0: 0x000000008000ff36 (0xfcf76de3) bltu    a4, a5, pc - 38
core   0: 3 0x000000008000ff36 (0xfcf76de3)
core   0: 0x000000008000ff10 (0xfe043783) ld      a5, -32(s0)
core   0: 3 0x000000008000ff10 (0xfe043783) x15 0x00000000800120a1 mem 0x0000000080031f50
core   0: 0x000000008000ff14 (0x00178713) addi    a4, a5, 1
core   0: 3 0x000000008000ff14 (0x00178713) x14 0x00000000800120a2
core   0: 0x000000008000ff18 (0xfee43023) sd      a4, -32(s0)
core   0: 3 0x000000008000ff18 (0xfee43023) mem 0x0000000080031f50 0x00000000800120a2
core   0: 0x000000008000ff1c (0xfc442703) lw      a4, -60(s0)
core   0: 3 0x000000008000ff1c (0xfc442703) x14 0x0000000000000000 mem 0x0000000080031f34
core   0: 0x000000008000ff20 (0x0ff77713) andi    a4, a4, 255
core   0: 3 0x000000008000ff20 (0x0ff77713) x14 0x0000000000000000
core   0: 0x000000008000ff24 (0x00e78023) sb      a4, 0(a5)
core   0: 3 0x000000008000ff24 (0x00e78023) mem 0x00000000800120a1 0x00
core   0: 0x000000008000ff28 (0xfc843703) ld      a4, -56(s0)
core   0: 3 0x000000008000ff28 (0xfc843703) x14 0x0000000080012040 mem 0x0000000080031f38
core   0: 0x000000008000ff2c (0xfb843783) ld      a5, -72(s0)
core   0: 3 0x000000008000ff2c (0xfb843783) x15 0x000000000000009c mem 0x0000000080031f28
core   0: 0x000000008000ff30 (0x000097ba) c.add   a5, a4
core   0: 3 0x000000008000ff30 (0x97ba) x15 0x00000000800120dc
core   0: 0x000000008000ff32 (0xfe043703) ld      a4, -32(s0)
core   0: 3 0x000000008000ff32 (0xfe043703) x14 0x00000000800120a2 mem 0x0000000080031f50
core   0: 0x000000008000ff36 (0xfcf76de3) bltu    a4, a5, pc - 38
core   0: 3 0x000000008000ff36 (0xfcf76de3)
core   0: 0x000000008000ff10 (0xfe043783) ld      a5, -32(s0)
core   0: 3 0x000000008000ff10 (0xfe043783) x15 0x00000000800120a2 mem 0x0000000080031f50
core   0: 0x000000008000ff14 (0x00178713) addi    a4, a5, 1
core   0: 3 0x000000008000ff14 (0x00178713) x14 0x00000000800120a3
core   0: 0x000000008000ff18 (0xfee43023) sd      a4, -32(s0)
core   0: 3 0x000000008000ff18 (0xfee43023) mem 0x0000000080031f50 0x00000000800120a3
core   0: 0x000000008000ff1c (0xfc442703) lw      a4, -60(s0)
core   0: 3 0x000000008000ff1c (0xfc442703) x14 0x0000000000000000 mem 0x0000000080031f34
core   0: 0x000000008000ff20 (0x0ff77713) andi    a4, a4, 255
core   0: 3 0x000000008000ff20 (0x0ff77713) x14 0x0000000000000000
core   0: 0x000000008000ff24 (0x00e78023) sb      a4, 0(a5)
core   0: 3 0x000000008000ff24 (0x00e78023) mem 0x00000000800120a2 0x00
core   0: 0x000000008000ff28 (0xfc843703) ld      a4, -56(s0)
core   0: 3 0x000000008000ff28 (0xfc843703) x14 0x0000000080012040 mem 0x0000000080031f38
core   0: 0x000000008000ff2c (0xfb843783) ld      a5, -72(s0)
core   0: 3 0x000000008000ff2c (0xfb843783) x15 0x000000000000009c mem 0x0000000080031f28
core   0: 0x000000008000ff30 (0x000097ba) c.add   a5, a4
core   0: 3 0x000000008000ff30 (0x97ba) x15 0x00000000800120dc
core   0: 0x000000008000ff32 (0xfe043703) ld      a4, -32(s0)
core   0: 3 0x000000008000ff32 (0xfe043703) x14 0x00000000800120a3 mem 0x0000000080031f50
core   0: 0x000000008000ff36 (0xfcf76de3) bltu    a4, a5, pc - 38
core   0: 3 0x000000008000ff36 (0xfcf76de3)
core   0: 0x000000008000ff10 (0xfe043783) ld      a5, -32(s0)
core   0: 3 0x000000008000ff10 (0xfe043783) x15 0x00000000800120a3 mem 0x0000000080031f50
core   0: 0x000000008000ff14 (0x00178713) addi    a4, a5, 1
core   0: 3 0x000000008000ff14 (0x00178713) x14 0x00000000800120a4
core   0: 0x000000008000ff18 (0xfee43023) sd      a4, -32(s0)
core   0: 3 0x000000008000ff18 (0xfee43023) mem 0x0000000080031f50 0x00000000800120a4
core   0: 0x000000008000ff1c (0xfc442703) lw      a4, -60(s0)
core   0: 3 0x000000008000ff1c (0xfc442703) x14 0x0000000000000000 mem 0x0000000080031f34
core   0: 0x000000008000ff20 (0x0ff77713) andi    a4, a4, 255
core   0: 3 0x000000008000ff20 (0x0ff77713) x14 0x0000000000000000
core   0: 0x000000008000ff24 (0x00e78023) sb      a4, 0(a5)
core   0: 3 0x000000008000ff24 (0x00e78023) mem 0x00000000800120a3 0x00
core   0: 0x000000008000ff28 (0xfc843703) ld      a4, -56(s0)
core   0: 3 0x000000008000ff28 (0xfc843703) x14 0x0000000080012040 mem 0x0000000080031f38
core   0: 0x000000008000ff2c (0xfb843783) ld      a5, -72(s0)
core   0: 3 0x000000008000ff2c (0xfb843783) x15 0x000000000000009c mem 0x0000000080031f28
core   0: 0x000000008000ff30 (0x000097ba) c.add   a5, a4
core   0: 3 0x000000008000ff30 (0x97ba) x15 0x00000000800120dc
core   0: 0x000000008000ff32 (0xfe043703) ld      a4, -32(s0)
core   0: 3 0x000000008000ff32 (0xfe043703) x14 0x00000000800120a4 mem 0x0000000080031f50
core   0: 0x000000008000ff36 (0xfcf76de3) bltu    a4, a5, pc - 38
core   0: 3 0x000000008000ff36 (0xfcf76de3)
core   0: 0x000000008000ff10 (0xfe043783) ld      a5, -32(s0)
core   0: 3 0x000000008000ff10 (0xfe043783) x15 0x00000000800120a4 mem 0x0000000080031f50
core   0: 0x000000008000ff14 (0x00178713) addi    a4, a5, 1
core   0: 3 0x000000008000ff14 (0x00178713) x14 0x00000000800120a5
core   0: 0x000000008000ff18 (0xfee43023) sd      a4, -32(s0)
core   0: 3 0x000000008000ff18 (0xfee43023) mem 0x0000000080031f50 0x00000000800120a5
core   0: 0x000000008000ff1c (0xfc442703) lw      a4, -60(s0)
core   0: 3 0x000000008000ff1c (0xfc442703) x14 0x0000000000000000 mem 0x0000000080031f34
core   0: 0x000000008000ff20 (0x0ff77713) andi    a4, a4, 255
core   0: 3 0x000000008000ff20 (0x0ff77713) x14 0x0000000000000000
core   0: 0x000000008000ff24 (0x00e78023) sb      a4, 0(a5)
core   0: 3 0x000000008000ff24 (0x00e78023) mem 0x00000000800120a4 0x00
core   0: 0x000000008000ff28 (0xfc843703) ld      a4, -56(s0)
core   0: 3 0x000000008000ff28 (0xfc843703) x14 0x0000000080012040 mem 0x0000000080031f38
core   0: 0x000000008000ff2c (0xfb843783) ld      a5, -72(s0)
core   0: 3 0x000000008000ff2c (0xfb843783) x15 0x000000000000009c mem 0x0000000080031f28
core   0: 0x000000008000ff30 (0x000097ba) c.add   a5, a4
core   0: 3 0x000000008000ff30 (0x97ba) x15 0x00000000800120dc
core   0: 0x000000008000ff32 (0xfe043703) ld      a4, -32(s0)
core   0: 3 0x000000008000ff32 (0xfe043703) x14 0x00000000800120a5 mem 0x0000000080031f50
core   0: 0x000000008000ff36 (0xfcf76de3) bltu    a4, a5, pc - 38
core   0: 3 0x000000008000ff36 (0xfcf76de3)
core   0: 0x000000008000ff10 (0xfe043783) ld      a5, -32(s0)
core   0: 3 0x000000008000ff10 (0xfe043783) x15 0x00000000800120a5 mem 0x0000000080031f50
core   0: 0x000000008000ff14 (0x00178713) addi    a4, a5, 1
core   0: 3 0x000000008000ff14 (0x00178713) x14 0x00000000800120a6
core   0: 0x000000008000ff18 (0xfee43023) sd      a4, -32(s0)
core   0: 3 0x000000008000ff18 (0xfee43023) mem 0x0000000080031f50 0x00000000800120a6
core   0: 0x000000008000ff1c (0xfc442703) lw      a4, -60(s0)
core   0: 3 0x000000008000ff1c (0xfc442703) x14 0x0000000000000000 mem 0x0000000080031f34
core   0: 0x000000008000ff20 (0x0ff77713) andi    a4, a4, 255
core   0: 3 0x000000008000ff20 (0x0ff77713) x14 0x0000000000000000
core   0: 0x000000008000ff24 (0x00e78023) sb      a4, 0(a5)
core   0: 3 0x000000008000ff24 (0x00e78023) mem 0x00000000800120a5 0x00
core   0: 0x000000008000ff28 (0xfc843703) ld      a4, -56(s0)
core   0: 3 0x000000008000ff28 (0xfc843703) x14 0x0000000080012040 mem 0x0000000080031f38
core   0: 0x000000008000ff2c (0xfb843783) ld      a5, -72(s0)
core   0: 3 0x000000008000ff2c (0xfb843783) x15 0x000000000000009c mem 0x0000000080031f28
core   0: 0x000000008000ff30 (0x000097ba) c.add   a5, a4
core   0: 3 0x000000008000ff30 (0x97ba) x15 0x00000000800120dc
core   0: 0x000000008000ff32 (0xfe043703) ld      a4, -32(s0)
core   0: 3 0x000000008000ff32 (0xfe043703) x14 0x00000000800120a6 mem 0x0000000080031f50
core   0: 0x000000008000ff36 (0xfcf76de3) bltu    a4, a5, pc - 38
core   0: 3 0x000000008000ff36 (0xfcf76de3)
core   0: 0x000000008000ff10 (0xfe043783) ld      a5, -32(s0)
core   0: 3 0x000000008000ff10 (0xfe043783) x15 0x00000000800120a6 mem 0x0000000080031f50
core   0: 0x000000008000ff14 (0x00178713) addi    a4, a5, 1
core   0: 3 0x000000008000ff14 (0x00178713) x14 0x00000000800120a7
core   0: 0x000000008000ff18 (0xfee43023) sd      a4, -32(s0)
core   0: 3 0x000000008000ff18 (0xfee43023) mem 0x0000000080031f50 0x00000000800120a7
core   0: 0x000000008000ff1c (0xfc442703) lw      a4, -60(s0)
core   0: 3 0x000000008000ff1c (0xfc442703) x14 0x0000000000000000 mem 0x0000000080031f34
core   0: 0x000000008000ff20 (0x0ff77713) andi    a4, a4, 255
core   0: 3 0x000000008000ff20 (0x0ff77713) x14 0x0000000000000000
core   0: 0x000000008000ff24 (0x00e78023) sb      a4, 0(a5)
core   0: 3 0x000000008000ff24 (0x00e78023) mem 0x00000000800120a6 0x00
core   0: 0x000000008000ff28 (0xfc843703) ld      a4, -56(s0)
core   0: 3 0x000000008000ff28 (0xfc843703) x14 0x0000000080012040 mem 0x0000000080031f38
core   0: 0x000000008000ff2c (0xfb843783) ld      a5, -72(s0)
core   0: 3 0x000000008000ff2c (0xfb843783) x15 0x000000000000009c mem 0x0000000080031f28
core   0: 0x000000008000ff30 (0x000097ba) c.add   a5, a4
core   0: 3 0x000000008000ff30 (0x97ba) x15 0x00000000800120dc
core   0: 0x000000008000ff32 (0xfe043703) ld      a4, -32(s0)
core   0: 3 0x000000008000ff32 (0xfe043703) x14 0x00000000800120a7 mem 0x0000000080031f50
core   0: 0x000000008000ff36 (0xfcf76de3) bltu    a4, a5, pc - 38
core   0: 3 0x000000008000ff36 (0xfcf76de3)
core   0: 0x000000008000ff10 (0xfe043783) ld      a5, -32(s0)
core   0: 3 0x000000008000ff10 (0xfe043783) x15 0x00000000800120a7 mem 0x0000000080031f50
core   0: 0x000000008000ff14 (0x00178713) addi    a4, a5, 1
core   0: 3 0x000000008000ff14 (0x00178713) x14 0x00000000800120a8
core   0: 0x000000008000ff18 (0xfee43023) sd      a4, -32(s0)
core   0: 3 0x000000008000ff18 (0xfee43023) mem 0x0000000080031f50 0x00000000800120a8
core   0: 0x000000008000ff1c (0xfc442703) lw      a4, -60(s0)
core   0: 3 0x000000008000ff1c (0xfc442703) x14 0x0000000000000000 mem 0x0000000080031f34
core   0: 0x000000008000ff20 (0x0ff77713) andi    a4, a4, 255
core   0: 3 0x000000008000ff20 (0x0ff77713) x14 0x0000000000000000
core   0: 0x000000008000ff24 (0x00e78023) sb      a4, 0(a5)
core   0: 3 0x000000008000ff24 (0x00e78023) mem 0x00000000800120a7 0x00
core   0: 0x000000008000ff28 (0xfc843703) ld      a4, -56(s0)
core   0: 3 0x000000008000ff28 (0xfc843703) x14 0x0000000080012040 mem 0x0000000080031f38
core   0: 0x000000008000ff2c (0xfb843783) ld      a5, -72(s0)
core   0: 3 0x000000008000ff2c (0xfb843783) x15 0x000000000000009c mem 0x0000000080031f28
core   0: 0x000000008000ff30 (0x000097ba) c.add   a5, a4
core   0: 3 0x000000008000ff30 (0x97ba) x15 0x00000000800120dc
core   0: 0x000000008000ff32 (0xfe043703) ld      a4, -32(s0)
core   0: 3 0x000000008000ff32 (0xfe043703) x14 0x00000000800120a8 mem 0x0000000080031f50
core   0: 0x000000008000ff36 (0xfcf76de3) bltu    a4, a5, pc - 38
core   0: 3 0x000000008000ff36 (0xfcf76de3)
core   0: 0x000000008000ff10 (0xfe043783) ld      a5, -32(s0)
core   0: 3 0x000000008000ff10 (0xfe043783) x15 0x00000000800120a8 mem 0x0000000080031f50
core   0: 0x000000008000ff14 (0x00178713) addi    a4, a5, 1
core   0: 3 0x000000008000ff14 (0x00178713) x14 0x00000000800120a9
core   0: 0x000000008000ff18 (0xfee43023) sd      a4, -32(s0)
core   0: 3 0x000000008000ff18 (0xfee43023) mem 0x0000000080031f50 0x00000000800120a9
core   0: 0x000000008000ff1c (0xfc442703) lw      a4, -60(s0)
core   0: 3 0x000000008000ff1c (0xfc442703) x14 0x0000000000000000 mem 0x0000000080031f34
core   0: 0x000000008000ff20 (0x0ff77713) andi    a4, a4, 255
core   0: 3 0x000000008000ff20 (0x0ff77713) x14 0x0000000000000000
core   0: 0x000000008000ff24 (0x00e78023) sb      a4, 0(a5)
core   0: 3 0x000000008000ff24 (0x00e78023) mem 0x00000000800120a8 0x00
core   0: 0x000000008000ff28 (0xfc843703) ld      a4, -56(s0)
core   0: 3 0x000000008000ff28 (0xfc843703) x14 0x0000000080012040 mem 0x0000000080031f38
core   0: 0x000000008000ff2c (0xfb843783) ld      a5, -72(s0)
core   0: 3 0x000000008000ff2c (0xfb843783) x15 0x000000000000009c mem 0x0000000080031f28
core   0: 0x000000008000ff30 (0x000097ba) c.add   a5, a4
core   0: 3 0x000000008000ff30 (0x97ba) x15 0x00000000800120dc
core   0: 0x000000008000ff32 (0xfe043703) ld      a4, -32(s0)
core   0: 3 0x000000008000ff32 (0xfe043703) x14 0x00000000800120a9 mem 0x0000000080031f50
core   0: 0x000000008000ff36 (0xfcf76de3) bltu    a4, a5, pc - 38
core   0: 3 0x000000008000ff36 (0xfcf76de3)
core   0: 0x000000008000ff10 (0xfe043783) ld      a5, -32(s0)
core   0: 3 0x000000008000ff10 (0xfe043783) x15 0x00000000800120a9 mem 0x0000000080031f50
core   0: 0x000000008000ff14 (0x00178713) addi    a4, a5, 1
core   0: 3 0x000000008000ff14 (0x00178713) x14 0x00000000800120aa
core   0: 0x000000008000ff18 (0xfee43023) sd      a4, -32(s0)
core   0: 3 0x000000008000ff18 (0xfee43023) mem 0x0000000080031f50 0x00000000800120aa
core   0: 0x000000008000ff1c (0xfc442703) lw      a4, -60(s0)
core   0: 3 0x000000008000ff1c (0xfc442703) x14 0x0000000000000000 mem 0x0000000080031f34
core   0: 0x000000008000ff20 (0x0ff77713) andi    a4, a4, 255
core   0: 3 0x000000008000ff20 (0x0ff77713) x14 0x0000000000000000
core   0: 0x000000008000ff24 (0x00e78023) sb      a4, 0(a5)
core   0: 3 0x000000008000ff24 (0x00e78023) mem 0x00000000800120a9 0x00
core   0: 0x000000008000ff28 (0xfc843703) ld      a4, -56(s0)
core   0: 3 0x000000008000ff28 (0xfc843703) x14 0x0000000080012040 mem 0x0000000080031f38
core   0: 0x000000008000ff2c (0xfb843783) ld      a5, -72(s0)
core   0: 3 0x000000008000ff2c (0xfb843783) x15 0x000000000000009c mem 0x0000000080031f28
core   0: 0x000000008000ff30 (0x000097ba) c.add   a5, a4
core   0: 3 0x000000008000ff30 (0x97ba) x15 0x00000000800120dc
core   0: 0x000000008000ff32 (0xfe043703) ld      a4, -32(s0)
core   0: 3 0x000000008000ff32 (0xfe043703) x14 0x00000000800120aa mem 0x0000000080031f50
core   0: 0x000000008000ff36 (0xfcf76de3) bltu    a4, a5, pc - 38
core   0: 3 0x000000008000ff36 (0xfcf76de3)
core   0: 0x000000008000ff10 (0xfe043783) ld      a5, -32(s0)
core   0: 3 0x000000008000ff10 (0xfe043783) x15 0x00000000800120aa mem 0x0000000080031f50
core   0: 0x000000008000ff14 (0x00178713) addi    a4, a5, 1
core   0: 3 0x000000008000ff14 (0x00178713) x14 0x00000000800120ab
core   0: 0x000000008000ff18 (0xfee43023) sd      a4, -32(s0)
core   0: 3 0x000000008000ff18 (0xfee43023) mem 0x0000000080031f50 0x00000000800120ab
core   0: 0x000000008000ff1c (0xfc442703) lw      a4, -60(s0)
core   0: 3 0x000000008000ff1c (0xfc442703) x14 0x0000000000000000 mem 0x0000000080031f34
core   0: 0x000000008000ff20 (0x0ff77713) andi    a4, a4, 255
core   0: 3 0x000000008000ff20 (0x0ff77713) x14 0x0000000000000000
core   0: 0x000000008000ff24 (0x00e78023) sb      a4, 0(a5)
core   0: 3 0x000000008000ff24 (0x00e78023) mem 0x00000000800120aa 0x00
core   0: 0x000000008000ff28 (0xfc843703) ld      a4, -56(s0)
core   0: 3 0x000000008000ff28 (0xfc843703) x14 0x0000000080012040 mem 0x0000000080031f38
core   0: 0x000000008000ff2c (0xfb843783) ld      a5, -72(s0)
core   0: 3 0x000000008000ff2c (0xfb843783) x15 0x000000000000009c mem 0x0000000080031f28
core   0: 0x000000008000ff30 (0x000097ba) c.add   a5, a4
core   0: 3 0x000000008000ff30 (0x97ba) x15 0x00000000800120dc
core   0: 0x000000008000ff32 (0xfe043703) ld      a4, -32(s0)
core   0: 3 0x000000008000ff32 (0xfe043703) x14 0x00000000800120ab mem 0x0000000080031f50
core   0: 0x000000008000ff36 (0xfcf76de3) bltu    a4, a5, pc - 38
core   0: 3 0x000000008000ff36 (0xfcf76de3)
core   0: 0x000000008000ff10 (0xfe043783) ld      a5, -32(s0)
core   0: 3 0x000000008000ff10 (0xfe043783) x15 0x00000000800120ab mem 0x0000000080031f50
core   0: 0x000000008000ff14 (0x00178713) addi    a4, a5, 1
core   0: 3 0x000000008000ff14 (0x00178713) x14 0x00000000800120ac
core   0: 0x000000008000ff18 (0xfee43023) sd      a4, -32(s0)
core   0: 3 0x000000008000ff18 (0xfee43023) mem 0x0000000080031f50 0x00000000800120ac
core   0: 0x000000008000ff1c (0xfc442703) lw      a4, -60(s0)
core   0: 3 0x000000008000ff1c (0xfc442703) x14 0x0000000000000000 mem 0x0000000080031f34
core   0: 0x000000008000ff20 (0x0ff77713) andi    a4, a4, 255
core   0: 3 0x000000008000ff20 (0x0ff77713) x14 0x0000000000000000
core   0: 0x000000008000ff24 (0x00e78023) sb      a4, 0(a5)
core   0: 3 0x000000008000ff24 (0x00e78023) mem 0x00000000800120ab 0x00
core   0: 0x000000008000ff28 (0xfc843703) ld      a4, -56(s0)
core   0: 3 0x000000008000ff28 (0xfc843703) x14 0x0000000080012040 mem 0x0000000080031f38
core   0: 0x000000008000ff2c (0xfb843783) ld      a5, -72(s0)
core   0: 3 0x000000008000ff2c (0xfb843783) x15 0x000000000000009c mem 0x0000000080031f28
core   0: 0x000000008000ff30 (0x000097ba) c.add   a5, a4
core   0: 3 0x000000008000ff30 (0x97ba) x15 0x00000000800120dc
core   0: 0x000000008000ff32 (0xfe043703) ld      a4, -32(s0)
core   0: 3 0x000000008000ff32 (0xfe043703) x14 0x00000000800120ac mem 0x0000000080031f50
core   0: 0x000000008000ff36 (0xfcf76de3) bltu    a4, a5, pc - 38
core   0: 3 0x000000008000ff36 (0xfcf76de3)
core   0: 0x000000008000ff10 (0xfe043783) ld      a5, -32(s0)
core   0: 3 0x000000008000ff10 (0xfe043783) x15 0x00000000800120ac mem 0x0000000080031f50
core   0: 0x000000008000ff14 (0x00178713) addi    a4, a5, 1
core   0: 3 0x000000008000ff14 (0x00178713) x14 0x00000000800120ad
core   0: 0x000000008000ff18 (0xfee43023) sd      a4, -32(s0)
core   0: 3 0x000000008000ff18 (0xfee43023) mem 0x0000000080031f50 0x00000000800120ad
core   0: 0x000000008000ff1c (0xfc442703) lw      a4, -60(s0)
core   0: 3 0x000000008000ff1c (0xfc442703) x14 0x0000000000000000 mem 0x0000000080031f34
core   0: 0x000000008000ff20 (0x0ff77713) andi    a4, a4, 255
core   0: 3 0x000000008000ff20 (0x0ff77713) x14 0x0000000000000000
core   0: 0x000000008000ff24 (0x00e78023) sb      a4, 0(a5)
core   0: 3 0x000000008000ff24 (0x00e78023) mem 0x00000000800120ac 0x00
core   0: 0x000000008000ff28 (0xfc843703) ld      a4, -56(s0)
core   0: 3 0x000000008000ff28 (0xfc843703) x14 0x0000000080012040 mem 0x0000000080031f38
core   0: 0x000000008000ff2c (0xfb843783) ld      a5, -72(s0)
core   0: 3 0x000000008000ff2c (0xfb843783) x15 0x000000000000009c mem 0x0000000080031f28
core   0: 0x000000008000ff30 (0x000097ba) c.add   a5, a4
core   0: 3 0x000000008000ff30 (0x97ba) x15 0x00000000800120dc
core   0: 0x000000008000ff32 (0xfe043703) ld      a4, -32(s0)
core   0: 3 0x000000008000ff32 (0xfe043703) x14 0x00000000800120ad mem 0x0000000080031f50
core   0: 0x000000008000ff36 (0xfcf76de3) bltu    a4, a5, pc - 38
core   0: 3 0x000000008000ff36 (0xfcf76de3)
core   0: 0x000000008000ff10 (0xfe043783) ld      a5, -32(s0)
core   0: 3 0x000000008000ff10 (0xfe043783) x15 0x00000000800120ad mem 0x0000000080031f50
core   0: 0x000000008000ff14 (0x00178713) addi    a4, a5, 1
core   0: 3 0x000000008000ff14 (0x00178713) x14 0x00000000800120ae
core   0: 0x000000008000ff18 (0xfee43023) sd      a4, -32(s0)
core   0: 3 0x000000008000ff18 (0xfee43023) mem 0x0000000080031f50 0x00000000800120ae
core   0: 0x000000008000ff1c (0xfc442703) lw      a4, -60(s0)
core   0: 3 0x000000008000ff1c (0xfc442703) x14 0x0000000000000000 mem 0x0000000080031f34
core   0: 0x000000008000ff20 (0x0ff77713) andi    a4, a4, 255
core   0: 3 0x000000008000ff20 (0x0ff77713) x14 0x0000000000000000
core   0: 0x000000008000ff24 (0x00e78023) sb      a4, 0(a5)
core   0: 3 0x000000008000ff24 (0x00e78023) mem 0x00000000800120ad 0x00
core   0: 0x000000008000ff28 (0xfc843703) ld      a4, -56(s0)
core   0: 3 0x000000008000ff28 (0xfc843703) x14 0x0000000080012040 mem 0x0000000080031f38
core   0: 0x000000008000ff2c (0xfb843783) ld      a5, -72(s0)
core   0: 3 0x000000008000ff2c (0xfb843783) x15 0x000000000000009c mem 0x0000000080031f28
core   0: 0x000000008000ff30 (0x000097ba) c.add   a5, a4
core   0: 3 0x000000008000ff30 (0x97ba) x15 0x00000000800120dc
core   0: 0x000000008000ff32 (0xfe043703) ld      a4, -32(s0)
core   0: 3 0x000000008000ff32 (0xfe043703) x14 0x00000000800120ae mem 0x0000000080031f50
core   0: 0x000000008000ff36 (0xfcf76de3) bltu    a4, a5, pc - 38
core   0: 3 0x000000008000ff36 (0xfcf76de3)
core   0: 0x000000008000ff10 (0xfe043783) ld      a5, -32(s0)
core   0: 3 0x000000008000ff10 (0xfe043783) x15 0x00000000800120ae mem 0x0000000080031f50
core   0: 0x000000008000ff14 (0x00178713) addi    a4, a5, 1
core   0: 3 0x000000008000ff14 (0x00178713) x14 0x00000000800120af
core   0: 0x000000008000ff18 (0xfee43023) sd      a4, -32(s0)
core   0: 3 0x000000008000ff18 (0xfee43023) mem 0x0000000080031f50 0x00000000800120af
core   0: 0x000000008000ff1c (0xfc442703) lw      a4, -60(s0)
core   0: 3 0x000000008000ff1c (0xfc442703) x14 0x0000000000000000 mem 0x0000000080031f34
core   0: 0x000000008000ff20 (0x0ff77713) andi    a4, a4, 255
core   0: 3 0x000000008000ff20 (0x0ff77713) x14 0x0000000000000000
core   0: 0x000000008000ff24 (0x00e78023) sb      a4, 0(a5)
core   0: 3 0x000000008000ff24 (0x00e78023) mem 0x00000000800120ae 0x00
core   0: 0x000000008000ff28 (0xfc843703) ld      a4, -56(s0)
core   0: 3 0x000000008000ff28 (0xfc843703) x14 0x0000000080012040 mem 0x0000000080031f38
core   0: 0x000000008000ff2c (0xfb843783) ld      a5, -72(s0)
core   0: 3 0x000000008000ff2c (0xfb843783) x15 0x000000000000009c mem 0x0000000080031f28
core   0: 0x000000008000ff30 (0x000097ba) c.add   a5, a4
core   0: 3 0x000000008000ff30 (0x97ba) x15 0x00000000800120dc
core   0: 0x000000008000ff32 (0xfe043703) ld      a4, -32(s0)
core   0: 3 0x000000008000ff32 (0xfe043703) x14 0x00000000800120af mem 0x0000000080031f50
core   0: 0x000000008000ff36 (0xfcf76de3) bltu    a4, a5, pc - 38
core   0: 3 0x000000008000ff36 (0xfcf76de3)
core   0: 0x000000008000ff10 (0xfe043783) ld      a5, -32(s0)
core   0: 3 0x000000008000ff10 (0xfe043783) x15 0x00000000800120af mem 0x0000000080031f50
core   0: 0x000000008000ff14 (0x00178713) addi    a4, a5, 1
core   0: 3 0x000000008000ff14 (0x00178713) x14 0x00000000800120b0
core   0: 0x000000008000ff18 (0xfee43023) sd      a4, -32(s0)
core   0: 3 0x000000008000ff18 (0xfee43023) mem 0x0000000080031f50 0x00000000800120b0
core   0: 0x000000008000ff1c (0xfc442703) lw      a4, -60(s0)
core   0: 3 0x000000008000ff1c (0xfc442703) x14 0x0000000000000000 mem 0x0000000080031f34
core   0: 0x000000008000ff20 (0x0ff77713) andi    a4, a4, 255
core   0: 3 0x000000008000ff20 (0x0ff77713) x14 0x0000000000000000
core   0: 0x000000008000ff24 (0x00e78023) sb      a4, 0(a5)
core   0: 3 0x000000008000ff24 (0x00e78023) mem 0x00000000800120af 0x00
core   0: 0x000000008000ff28 (0xfc843703) ld      a4, -56(s0)
core   0: 3 0x000000008000ff28 (0xfc843703) x14 0x0000000080012040 mem 0x0000000080031f38
core   0: 0x000000008000ff2c (0xfb843783) ld      a5, -72(s0)
core   0: 3 0x000000008000ff2c (0xfb843783) x15 0x000000000000009c mem 0x0000000080031f28
core   0: 0x000000008000ff30 (0x000097ba) c.add   a5, a4
core   0: 3 0x000000008000ff30 (0x97ba) x15 0x00000000800120dc
core   0: 0x000000008000ff32 (0xfe043703) ld      a4, -32(s0)
core   0: 3 0x000000008000ff32 (0xfe043703) x14 0x00000000800120b0 mem 0x0000000080031f50
core   0: 0x000000008000ff36 (0xfcf76de3) bltu    a4, a5, pc - 38
core   0: 3 0x000000008000ff36 (0xfcf76de3)
core   0: 0x000000008000ff10 (0xfe043783) ld      a5, -32(s0)
core   0: 3 0x000000008000ff10 (0xfe043783) x15 0x00000000800120b0 mem 0x0000000080031f50
core   0: 0x000000008000ff14 (0x00178713) addi    a4, a5, 1
core   0: 3 0x000000008000ff14 (0x00178713) x14 0x00000000800120b1
core   0: 0x000000008000ff18 (0xfee43023) sd      a4, -32(s0)
core   0: 3 0x000000008000ff18 (0xfee43023) mem 0x0000000080031f50 0x00000000800120b1
core   0: 0x000000008000ff1c (0xfc442703) lw      a4, -60(s0)
core   0: 3 0x000000008000ff1c (0xfc442703) x14 0x0000000000000000 mem 0x0000000080031f34
core   0: 0x000000008000ff20 (0x0ff77713) andi    a4, a4, 255
core   0: 3 0x000000008000ff20 (0x0ff77713) x14 0x0000000000000000
core   0: 0x000000008000ff24 (0x00e78023) sb      a4, 0(a5)
core   0: 3 0x000000008000ff24 (0x00e78023) mem 0x00000000800120b0 0x00
core   0: 0x000000008000ff28 (0xfc843703) ld      a4, -56(s0)
core   0: 3 0x000000008000ff28 (0xfc843703) x14 0x0000000080012040 mem 0x0000000080031f38
core   0: 0x000000008000ff2c (0xfb843783) ld      a5, -72(s0)
core   0: 3 0x000000008000ff2c (0xfb843783) x15 0x000000000000009c mem 0x0000000080031f28
core   0: 0x000000008000ff30 (0x000097ba) c.add   a5, a4
core   0: 3 0x000000008000ff30 (0x97ba) x15 0x00000000800120dc
core   0: 0x000000008000ff32 (0xfe043703) ld      a4, -32(s0)
core   0: 3 0x000000008000ff32 (0xfe043703) x14 0x00000000800120b1 mem 0x0000000080031f50
core   0: 0x000000008000ff36 (0xfcf76de3) bltu    a4, a5, pc - 38
core   0: 3 0x000000008000ff36 (0xfcf76de3)
core   0: 0x000000008000ff10 (0xfe043783) ld      a5, -32(s0)
core   0: 3 0x000000008000ff10 (0xfe043783) x15 0x00000000800120b1 mem 0x0000000080031f50
core   0: 0x000000008000ff14 (0x00178713) addi    a4, a5, 1
core   0: 3 0x000000008000ff14 (0x00178713) x14 0x00000000800120b2
core   0: 0x000000008000ff18 (0xfee43023) sd      a4, -32(s0)
core   0: 3 0x000000008000ff18 (0xfee43023) mem 0x0000000080031f50 0x00000000800120b2
core   0: 0x000000008000ff1c (0xfc442703) lw      a4, -60(s0)
core   0: 3 0x000000008000ff1c (0xfc442703) x14 0x0000000000000000 mem 0x0000000080031f34
core   0: 0x000000008000ff20 (0x0ff77713) andi    a4, a4, 255
core   0: 3 0x000000008000ff20 (0x0ff77713) x14 0x0000000000000000
core   0: 0x000000008000ff24 (0x00e78023) sb      a4, 0(a5)
core   0: 3 0x000000008000ff24 (0x00e78023) mem 0x00000000800120b1 0x00
core   0: 0x000000008000ff28 (0xfc843703) ld      a4, -56(s0)
core   0: 3 0x000000008000ff28 (0xfc843703) x14 0x0000000080012040 mem 0x0000000080031f38
core   0: 0x000000008000ff2c (0xfb843783) ld      a5, -72(s0)
core   0: 3 0x000000008000ff2c (0xfb843783) x15 0x000000000000009c mem 0x0000000080031f28
core   0: 0x000000008000ff30 (0x000097ba) c.add   a5, a4
core   0: 3 0x000000008000ff30 (0x97ba) x15 0x00000000800120dc
core   0: 0x000000008000ff32 (0xfe043703) ld      a4, -32(s0)
core   0: 3 0x000000008000ff32 (0xfe043703) x14 0x00000000800120b2 mem 0x0000000080031f50
core   0: 0x000000008000ff36 (0xfcf76de3) bltu    a4, a5, pc - 38
core   0: 3 0x000000008000ff36 (0xfcf76de3)
core   0: 0x000000008000ff10 (0xfe043783) ld      a5, -32(s0)
core   0: 3 0x000000008000ff10 (0xfe043783) x15 0x00000000800120b2 mem 0x0000000080031f50
core   0: 0x000000008000ff14 (0x00178713) addi    a4, a5, 1
core   0: 3 0x000000008000ff14 (0x00178713) x14 0x00000000800120b3
core   0: 0x000000008000ff18 (0xfee43023) sd      a4, -32(s0)
core   0: 3 0x000000008000ff18 (0xfee43023) mem 0x0000000080031f50 0x00000000800120b3
core   0: 0x000000008000ff1c (0xfc442703) lw      a4, -60(s0)
core   0: 3 0x000000008000ff1c (0xfc442703) x14 0x0000000000000000 mem 0x0000000080031f34
core   0: 0x000000008000ff20 (0x0ff77713) andi    a4, a4, 255
core   0: 3 0x000000008000ff20 (0x0ff77713) x14 0x0000000000000000
core   0: 0x000000008000ff24 (0x00e78023) sb      a4, 0(a5)
core   0: 3 0x000000008000ff24 (0x00e78023) mem 0x00000000800120b2 0x00
core   0: 0x000000008000ff28 (0xfc843703) ld      a4, -56(s0)
core   0: 3 0x000000008000ff28 (0xfc843703) x14 0x0000000080012040 mem 0x0000000080031f38
core   0: 0x000000008000ff2c (0xfb843783) ld      a5, -72(s0)
core   0: 3 0x000000008000ff2c (0xfb843783) x15 0x000000000000009c mem 0x0000000080031f28
core   0: 0x000000008000ff30 (0x000097ba) c.add   a5, a4
core   0: 3 0x000000008000ff30 (0x97ba) x15 0x00000000800120dc
core   0: 0x000000008000ff32 (0xfe043703) ld      a4, -32(s0)
core   0: 3 0x000000008000ff32 (0xfe043703) x14 0x00000000800120b3 mem 0x0000000080031f50
core   0: 0x000000008000ff36 (0xfcf76de3) bltu    a4, a5, pc - 38
core   0: 3 0x000000008000ff36 (0xfcf76de3)
core   0: 0x000000008000ff10 (0xfe043783) ld      a5, -32(s0)
core   0: 3 0x000000008000ff10 (0xfe043783) x15 0x00000000800120b3 mem 0x0000000080031f50
core   0: 0x000000008000ff14 (0x00178713) addi    a4, a5, 1
core   0: 3 0x000000008000ff14 (0x00178713) x14 0x00000000800120b4
core   0: 0x000000008000ff18 (0xfee43023) sd      a4, -32(s0)
core   0: 3 0x000000008000ff18 (0xfee43023) mem 0x0000000080031f50 0x00000000800120b4
core   0: 0x000000008000ff1c (0xfc442703) lw      a4, -60(s0)
core   0: 3 0x000000008000ff1c (0xfc442703) x14 0x0000000000000000 mem 0x0000000080031f34
core   0: 0x000000008000ff20 (0x0ff77713) andi    a4, a4, 255
core   0: 3 0x000000008000ff20 (0x0ff77713) x14 0x0000000000000000
core   0: 0x000000008000ff24 (0x00e78023) sb      a4, 0(a5)
core   0: 3 0x000000008000ff24 (0x00e78023) mem 0x00000000800120b3 0x00
core   0: 0x000000008000ff28 (0xfc843703) ld      a4, -56(s0)
core   0: 3 0x000000008000ff28 (0xfc843703) x14 0x0000000080012040 mem 0x0000000080031f38
core   0: 0x000000008000ff2c (0xfb843783) ld      a5, -72(s0)
core   0: 3 0x000000008000ff2c (0xfb843783) x15 0x000000000000009c mem 0x0000000080031f28
core   0: 0x000000008000ff30 (0x000097ba) c.add   a5, a4
core   0: 3 0x000000008000ff30 (0x97ba) x15 0x00000000800120dc
core   0: 0x000000008000ff32 (0xfe043703) ld      a4, -32(s0)
core   0: 3 0x000000008000ff32 (0xfe043703) x14 0x00000000800120b4 mem 0x0000000080031f50
core   0: 0x000000008000ff36 (0xfcf76de3) bltu    a4, a5, pc - 38
core   0: 3 0x000000008000ff36 (0xfcf76de3)
core   0: 0x000000008000ff10 (0xfe043783) ld      a5, -32(s0)
core   0: 3 0x000000008000ff10 (0xfe043783) x15 0x00000000800120b4 mem 0x0000000080031f50
core   0: 0x000000008000ff14 (0x00178713) addi    a4, a5, 1
core   0: 3 0x000000008000ff14 (0x00178713) x14 0x00000000800120b5
core   0: 0x000000008000ff18 (0xfee43023) sd      a4, -32(s0)
core   0: 3 0x000000008000ff18 (0xfee43023) mem 0x0000000080031f50 0x00000000800120b5
core   0: 0x000000008000ff1c (0xfc442703) lw      a4, -60(s0)
core   0: 3 0x000000008000ff1c (0xfc442703) x14 0x0000000000000000 mem 0x0000000080031f34
core   0: 0x000000008000ff20 (0x0ff77713) andi    a4, a4, 255
core   0: 3 0x000000008000ff20 (0x0ff77713) x14 0x0000000000000000
core   0: 0x000000008000ff24 (0x00e78023) sb      a4, 0(a5)
core   0: 3 0x000000008000ff24 (0x00e78023) mem 0x00000000800120b4 0x00
core   0: 0x000000008000ff28 (0xfc843703) ld      a4, -56(s0)
core   0: 3 0x000000008000ff28 (0xfc843703) x14 0x0000000080012040 mem 0x0000000080031f38
core   0: 0x000000008000ff2c (0xfb843783) ld      a5, -72(s0)
core   0: 3 0x000000008000ff2c (0xfb843783) x15 0x000000000000009c mem 0x0000000080031f28
core   0: 0x000000008000ff30 (0x000097ba) c.add   a5, a4
core   0: 3 0x000000008000ff30 (0x97ba) x15 0x00000000800120dc
core   0: 0x000000008000ff32 (0xfe043703) ld      a4, -32(s0)
core   0: 3 0x000000008000ff32 (0xfe043703) x14 0x00000000800120b5 mem 0x0000000080031f50
core   0: 0x000000008000ff36 (0xfcf76de3) bltu    a4, a5, pc - 38
core   0: 3 0x000000008000ff36 (0xfcf76de3)
core   0: 0x000000008000ff10 (0xfe043783) ld      a5, -32(s0)
core   0: 3 0x000000008000ff10 (0xfe043783) x15 0x00000000800120b5 mem 0x0000000080031f50
core   0: 0x000000008000ff14 (0x00178713) addi    a4, a5, 1
core   0: 3 0x000000008000ff14 (0x00178713) x14 0x00000000800120b6
core   0: 0x000000008000ff18 (0xfee43023) sd      a4, -32(s0)
core   0: 3 0x000000008000ff18 (0xfee43023) mem 0x0000000080031f50 0x00000000800120b6
core   0: 0x000000008000ff1c (0xfc442703) lw      a4, -60(s0)
core   0: 3 0x000000008000ff1c (0xfc442703) x14 0x0000000000000000 mem 0x0000000080031f34
core   0: 0x000000008000ff20 (0x0ff77713) andi    a4, a4, 255
core   0: 3 0x000000008000ff20 (0x0ff77713) x14 0x0000000000000000
core   0: 0x000000008000ff24 (0x00e78023) sb      a4, 0(a5)
core   0: 3 0x000000008000ff24 (0x00e78023) mem 0x00000000800120b5 0x00
core   0: 0x000000008000ff28 (0xfc843703) ld      a4, -56(s0)
core   0: 3 0x000000008000ff28 (0xfc843703) x14 0x0000000080012040 mem 0x0000000080031f38
core   0: 0x000000008000ff2c (0xfb843783) ld      a5, -72(s0)
core   0: 3 0x000000008000ff2c (0xfb843783) x15 0x000000000000009c mem 0x0000000080031f28
core   0: 0x000000008000ff30 (0x000097ba) c.add   a5, a4
core   0: 3 0x000000008000ff30 (0x97ba) x15 0x00000000800120dc
core   0: 0x000000008000ff32 (0xfe043703) ld      a4, -32(s0)
core   0: 3 0x000000008000ff32 (0xfe043703) x14 0x00000000800120b6 mem 0x0000000080031f50
core   0: 0x000000008000ff36 (0xfcf76de3) bltu    a4, a5, pc - 38
core   0: 3 0x000000008000ff36 (0xfcf76de3)
core   0: 0x000000008000ff10 (0xfe043783) ld      a5, -32(s0)
core   0: 3 0x000000008000ff10 (0xfe043783) x15 0x00000000800120b6 mem 0x0000000080031f50
core   0: 0x000000008000ff14 (0x00178713) addi    a4, a5, 1
core   0: 3 0x000000008000ff14 (0x00178713) x14 0x00000000800120b7
core   0: 0x000000008000ff18 (0xfee43023) sd      a4, -32(s0)
core   0: 3 0x000000008000ff18 (0xfee43023) mem 0x0000000080031f50 0x00000000800120b7
core   0: 0x000000008000ff1c (0xfc442703) lw      a4, -60(s0)
core   0: 3 0x000000008000ff1c (0xfc442703) x14 0x0000000000000000 mem 0x0000000080031f34
core   0: 0x000000008000ff20 (0x0ff77713) andi    a4, a4, 255
core   0: 3 0x000000008000ff20 (0x0ff77713) x14 0x0000000000000000
core   0: 0x000000008000ff24 (0x00e78023) sb      a4, 0(a5)
core   0: 3 0x000000008000ff24 (0x00e78023) mem 0x00000000800120b6 0x00
core   0: 0x000000008000ff28 (0xfc843703) ld      a4, -56(s0)
core   0: 3 0x000000008000ff28 (0xfc843703) x14 0x0000000080012040 mem 0x0000000080031f38
core   0: 0x000000008000ff2c (0xfb843783) ld      a5, -72(s0)
core   0: 3 0x000000008000ff2c (0xfb843783) x15 0x000000000000009c mem 0x0000000080031f28
core   0: 0x000000008000ff30 (0x000097ba) c.add   a5, a4
core   0: 3 0x000000008000ff30 (0x97ba) x15 0x00000000800120dc
core   0: 0x000000008000ff32 (0xfe043703) ld      a4, -32(s0)
core   0: 3 0x000000008000ff32 (0xfe043703) x14 0x00000000800120b7 mem 0x0000000080031f50
core   0: 0x000000008000ff36 (0xfcf76de3) bltu    a4, a5, pc - 38
core   0: 3 0x000000008000ff36 (0xfcf76de3)
core   0: 0x000000008000ff10 (0xfe043783) ld      a5, -32(s0)
core   0: 3 0x000000008000ff10 (0xfe043783) x15 0x00000000800120b7 mem 0x0000000080031f50
core   0: 0x000000008000ff14 (0x00178713) addi    a4, a5, 1
core   0: 3 0x000000008000ff14 (0x00178713) x14 0x00000000800120b8
core   0: 0x000000008000ff18 (0xfee43023) sd      a4, -32(s0)
core   0: 3 0x000000008000ff18 (0xfee43023) mem 0x0000000080031f50 0x00000000800120b8
core   0: 0x000000008000ff1c (0xfc442703) lw      a4, -60(s0)
core   0: 3 0x000000008000ff1c (0xfc442703) x14 0x0000000000000000 mem 0x0000000080031f34
core   0: 0x000000008000ff20 (0x0ff77713) andi    a4, a4, 255
core   0: 3 0x000000008000ff20 (0x0ff77713) x14 0x0000000000000000
core   0: 0x000000008000ff24 (0x00e78023) sb      a4, 0(a5)
core   0: 3 0x000000008000ff24 (0x00e78023) mem 0x00000000800120b7 0x00
core   0: 0x000000008000ff28 (0xfc843703) ld      a4, -56(s0)
core   0: 3 0x000000008000ff28 (0xfc843703) x14 0x0000000080012040 mem 0x0000000080031f38
core   0: 0x000000008000ff2c (0xfb843783) ld      a5, -72(s0)
core   0: 3 0x000000008000ff2c (0xfb843783) x15 0x000000000000009c mem 0x0000000080031f28
core   0: 0x000000008000ff30 (0x000097ba) c.add   a5, a4
core   0: 3 0x000000008000ff30 (0x97ba) x15 0x00000000800120dc
core   0: 0x000000008000ff32 (0xfe043703) ld      a4, -32(s0)
core   0: 3 0x000000008000ff32 (0xfe043703) x14 0x00000000800120b8 mem 0x0000000080031f50
core   0: 0x000000008000ff36 (0xfcf76de3) bltu    a4, a5, pc - 38
core   0: 3 0x000000008000ff36 (0xfcf76de3)
core   0: 0x000000008000ff10 (0xfe043783) ld      a5, -32(s0)
core   0: 3 0x000000008000ff10 (0xfe043783) x15 0x00000000800120b8 mem 0x0000000080031f50
core   0: 0x000000008000ff14 (0x00178713) addi    a4, a5, 1
core   0: 3 0x000000008000ff14 (0x00178713) x14 0x00000000800120b9
core   0: 0x000000008000ff18 (0xfee43023) sd      a4, -32(s0)
core   0: 3 0x000000008000ff18 (0xfee43023) mem 0x0000000080031f50 0x00000000800120b9
core   0: 0x000000008000ff1c (0xfc442703) lw      a4, -60(s0)
core   0: 3 0x000000008000ff1c (0xfc442703) x14 0x0000000000000000 mem 0x0000000080031f34
core   0: 0x000000008000ff20 (0x0ff77713) andi    a4, a4, 255
core   0: 3 0x000000008000ff20 (0x0ff77713) x14 0x0000000000000000
core   0: 0x000000008000ff24 (0x00e78023) sb      a4, 0(a5)
core   0: 3 0x000000008000ff24 (0x00e78023) mem 0x00000000800120b8 0x00
core   0: 0x000000008000ff28 (0xfc843703) ld      a4, -56(s0)
core   0: 3 0x000000008000ff28 (0xfc843703) x14 0x0000000080012040 mem 0x0000000080031f38
core   0: 0x000000008000ff2c (0xfb843783) ld      a5, -72(s0)
core   0: 3 0x000000008000ff2c (0xfb843783) x15 0x000000000000009c mem 0x0000000080031f28
core   0: 0x000000008000ff30 (0x000097ba) c.add   a5, a4
core   0: 3 0x000000008000ff30 (0x97ba) x15 0x00000000800120dc
core   0: 0x000000008000ff32 (0xfe043703) ld      a4, -32(s0)
core   0: 3 0x000000008000ff32 (0xfe043703) x14 0x00000000800120b9 mem 0x0000000080031f50
core   0: 0x000000008000ff36 (0xfcf76de3) bltu    a4, a5, pc - 38
core   0: 3 0x000000008000ff36 (0xfcf76de3)
core   0: 0x000000008000ff10 (0xfe043783) ld      a5, -32(s0)
core   0: 3 0x000000008000ff10 (0xfe043783) x15 0x00000000800120b9 mem 0x0000000080031f50
core   0: 0x000000008000ff14 (0x00178713) addi    a4, a5, 1
core   0: 3 0x000000008000ff14 (0x00178713) x14 0x00000000800120ba
core   0: 0x000000008000ff18 (0xfee43023) sd      a4, -32(s0)
core   0: 3 0x000000008000ff18 (0xfee43023) mem 0x0000000080031f50 0x00000000800120ba
core   0: 0x000000008000ff1c (0xfc442703) lw      a4, -60(s0)
core   0: 3 0x000000008000ff1c (0xfc442703) x14 0x0000000000000000 mem 0x0000000080031f34
core   0: 0x000000008000ff20 (0x0ff77713) andi    a4, a4, 255
core   0: 3 0x000000008000ff20 (0x0ff77713) x14 0x0000000000000000
core   0: 0x000000008000ff24 (0x00e78023) sb      a4, 0(a5)
core   0: 3 0x000000008000ff24 (0x00e78023) mem 0x00000000800120b9 0x00
core   0: 0x000000008000ff28 (0xfc843703) ld      a4, -56(s0)
core   0: 3 0x000000008000ff28 (0xfc843703) x14 0x0000000080012040 mem 0x0000000080031f38
core   0: 0x000000008000ff2c (0xfb843783) ld      a5, -72(s0)
core   0: 3 0x000000008000ff2c (0xfb843783) x15 0x000000000000009c mem 0x0000000080031f28
core   0: 0x000000008000ff30 (0x000097ba) c.add   a5, a4
core   0: 3 0x000000008000ff30 (0x97ba) x15 0x00000000800120dc
core   0: 0x000000008000ff32 (0xfe043703) ld      a4, -32(s0)
core   0: 3 0x000000008000ff32 (0xfe043703) x14 0x00000000800120ba mem 0x0000000080031f50
core   0: 0x000000008000ff36 (0xfcf76de3) bltu    a4, a5, pc - 38
core   0: 3 0x000000008000ff36 (0xfcf76de3)
core   0: 0x000000008000ff10 (0xfe043783) ld      a5, -32(s0)
core   0: 3 0x000000008000ff10 (0xfe043783) x15 0x00000000800120ba mem 0x0000000080031f50
core   0: 0x000000008000ff14 (0x00178713) addi    a4, a5, 1
core   0: 3 0x000000008000ff14 (0x00178713) x14 0x00000000800120bb
core   0: 0x000000008000ff18 (0xfee43023) sd      a4, -32(s0)
core   0: 3 0x000000008000ff18 (0xfee43023) mem 0x0000000080031f50 0x00000000800120bb
core   0: 0x000000008000ff1c (0xfc442703) lw      a4, -60(s0)
core   0: 3 0x000000008000ff1c (0xfc442703) x14 0x0000000000000000 mem 0x0000000080031f34
core   0: 0x000000008000ff20 (0x0ff77713) andi    a4, a4, 255
core   0: 3 0x000000008000ff20 (0x0ff77713) x14 0x0000000000000000
core   0: 0x000000008000ff24 (0x00e78023) sb      a4, 0(a5)
core   0: 3 0x000000008000ff24 (0x00e78023) mem 0x00000000800120ba 0x00
core   0: 0x000000008000ff28 (0xfc843703) ld      a4, -56(s0)
core   0: 3 0x000000008000ff28 (0xfc843703) x14 0x0000000080012040 mem 0x0000000080031f38
core   0: 0x000000008000ff2c (0xfb843783) ld      a5, -72(s0)
core   0: 3 0x000000008000ff2c (0xfb843783) x15 0x000000000000009c mem 0x0000000080031f28
core   0: 0x000000008000ff30 (0x000097ba) c.add   a5, a4
core   0: 3 0x000000008000ff30 (0x97ba) x15 0x00000000800120dc
core   0: 0x000000008000ff32 (0xfe043703) ld      a4, -32(s0)
core   0: 3 0x000000008000ff32 (0xfe043703) x14 0x00000000800120bb mem 0x0000000080031f50
core   0: 0x000000008000ff36 (0xfcf76de3) bltu    a4, a5, pc - 38
core   0: 3 0x000000008000ff36 (0xfcf76de3)
core   0: 0x000000008000ff10 (0xfe043783) ld      a5, -32(s0)
core   0: 3 0x000000008000ff10 (0xfe043783) x15 0x00000000800120bb mem 0x0000000080031f50
core   0: 0x000000008000ff14 (0x00178713) addi    a4, a5, 1
core   0: 3 0x000000008000ff14 (0x00178713) x14 0x00000000800120bc
core   0: 0x000000008000ff18 (0xfee43023) sd      a4, -32(s0)
core   0: 3 0x000000008000ff18 (0xfee43023) mem 0x0000000080031f50 0x00000000800120bc
core   0: 0x000000008000ff1c (0xfc442703) lw      a4, -60(s0)
core   0: 3 0x000000008000ff1c (0xfc442703) x14 0x0000000000000000 mem 0x0000000080031f34
core   0: 0x000000008000ff20 (0x0ff77713) andi    a4, a4, 255
core   0: 3 0x000000008000ff20 (0x0ff77713) x14 0x0000000000000000
core   0: 0x000000008000ff24 (0x00e78023) sb      a4, 0(a5)
core   0: 3 0x000000008000ff24 (0x00e78023) mem 0x00000000800120bb 0x00
core   0: 0x000000008000ff28 (0xfc843703) ld      a4, -56(s0)
core   0: 3 0x000000008000ff28 (0xfc843703) x14 0x0000000080012040 mem 0x0000000080031f38
core   0: 0x000000008000ff2c (0xfb843783) ld      a5, -72(s0)
core   0: 3 0x000000008000ff2c (0xfb843783) x15 0x000000000000009c mem 0x0000000080031f28
core   0: 0x000000008000ff30 (0x000097ba) c.add   a5, a4
core   0: 3 0x000000008000ff30 (0x97ba) x15 0x00000000800120dc
core   0: 0x000000008000ff32 (0xfe043703) ld      a4, -32(s0)
core   0: 3 0x000000008000ff32 (0xfe043703) x14 0x00000000800120bc mem 0x0000000080031f50
core   0: 0x000000008000ff36 (0xfcf76de3) bltu    a4, a5, pc - 38
core   0: 3 0x000000008000ff36 (0xfcf76de3)
core   0: 0x000000008000ff10 (0xfe043783) ld      a5, -32(s0)
core   0: 3 0x000000008000ff10 (0xfe043783) x15 0x00000000800120bc mem 0x0000000080031f50
core   0: 0x000000008000ff14 (0x00178713) addi    a4, a5, 1
core   0: 3 0x000000008000ff14 (0x00178713) x14 0x00000000800120bd
core   0: 0x000000008000ff18 (0xfee43023) sd      a4, -32(s0)
core   0: 3 0x000000008000ff18 (0xfee43023) mem 0x0000000080031f50 0x00000000800120bd
core   0: 0x000000008000ff1c (0xfc442703) lw      a4, -60(s0)
core   0: 3 0x000000008000ff1c (0xfc442703) x14 0x0000000000000000 mem 0x0000000080031f34
core   0: 0x000000008000ff20 (0x0ff77713) andi    a4, a4, 255
core   0: 3 0x000000008000ff20 (0x0ff77713) x14 0x0000000000000000
core   0: 0x000000008000ff24 (0x00e78023) sb      a4, 0(a5)
core   0: 3 0x000000008000ff24 (0x00e78023) mem 0x00000000800120bc 0x00
core   0: 0x000000008000ff28 (0xfc843703) ld      a4, -56(s0)
core   0: 3 0x000000008000ff28 (0xfc843703) x14 0x0000000080012040 mem 0x0000000080031f38
core   0: 0x000000008000ff2c (0xfb843783) ld      a5, -72(s0)
core   0: 3 0x000000008000ff2c (0xfb843783) x15 0x000000000000009c mem 0x0000000080031f28
core   0: 0x000000008000ff30 (0x000097ba) c.add   a5, a4
core   0: 3 0x000000008000ff30 (0x97ba) x15 0x00000000800120dc
core   0: 0x000000008000ff32 (0xfe043703) ld      a4, -32(s0)
core   0: 3 0x000000008000ff32 (0xfe043703) x14 0x00000000800120bd mem 0x0000000080031f50
core   0: 0x000000008000ff36 (0xfcf76de3) bltu    a4, a5, pc - 38
core   0: 3 0x000000008000ff36 (0xfcf76de3)
core   0: 0x000000008000ff10 (0xfe043783) ld      a5, -32(s0)
core   0: 3 0x000000008000ff10 (0xfe043783) x15 0x00000000800120bd mem 0x0000000080031f50
core   0: 0x000000008000ff14 (0x00178713) addi    a4, a5, 1
core   0: 3 0x000000008000ff14 (0x00178713) x14 0x00000000800120be
core   0: 0x000000008000ff18 (0xfee43023) sd      a4, -32(s0)
core   0: 3 0x000000008000ff18 (0xfee43023) mem 0x0000000080031f50 0x00000000800120be
core   0: 0x000000008000ff1c (0xfc442703) lw      a4, -60(s0)
core   0: 3 0x000000008000ff1c (0xfc442703) x14 0x0000000000000000 mem 0x0000000080031f34
core   0: 0x000000008000ff20 (0x0ff77713) andi    a4, a4, 255
core   0: 3 0x000000008000ff20 (0x0ff77713) x14 0x0000000000000000
core   0: 0x000000008000ff24 (0x00e78023) sb      a4, 0(a5)
core   0: 3 0x000000008000ff24 (0x00e78023) mem 0x00000000800120bd 0x00
core   0: 0x000000008000ff28 (0xfc843703) ld      a4, -56(s0)
core   0: 3 0x000000008000ff28 (0xfc843703) x14 0x0000000080012040 mem 0x0000000080031f38
core   0: 0x000000008000ff2c (0xfb843783) ld      a5, -72(s0)
core   0: 3 0x000000008000ff2c (0xfb843783) x15 0x000000000000009c mem 0x0000000080031f28
core   0: 0x000000008000ff30 (0x000097ba) c.add   a5, a4
core   0: 3 0x000000008000ff30 (0x97ba) x15 0x00000000800120dc
core   0: 0x000000008000ff32 (0xfe043703) ld      a4, -32(s0)
core   0: 3 0x000000008000ff32 (0xfe043703) x14 0x00000000800120be mem 0x0000000080031f50
core   0: 0x000000008000ff36 (0xfcf76de3) bltu    a4, a5, pc - 38
core   0: 3 0x000000008000ff36 (0xfcf76de3)
core   0: 0x000000008000ff10 (0xfe043783) ld      a5, -32(s0)
core   0: 3 0x000000008000ff10 (0xfe043783) x15 0x00000000800120be mem 0x0000000080031f50
core   0: 0x000000008000ff14 (0x00178713) addi    a4, a5, 1
core   0: 3 0x000000008000ff14 (0x00178713) x14 0x00000000800120bf
core   0: 0x000000008000ff18 (0xfee43023) sd      a4, -32(s0)
core   0: 3 0x000000008000ff18 (0xfee43023) mem 0x0000000080031f50 0x00000000800120bf
core   0: 0x000000008000ff1c (0xfc442703) lw      a4, -60(s0)
core   0: 3 0x000000008000ff1c (0xfc442703) x14 0x0000000000000000 mem 0x0000000080031f34
core   0: 0x000000008000ff20 (0x0ff77713) andi    a4, a4, 255
core   0: 3 0x000000008000ff20 (0x0ff77713) x14 0x0000000000000000
core   0: 0x000000008000ff24 (0x00e78023) sb      a4, 0(a5)
core   0: 3 0x000000008000ff24 (0x00e78023) mem 0x00000000800120be 0x00
core   0: 0x000000008000ff28 (0xfc843703) ld      a4, -56(s0)
core   0: 3 0x000000008000ff28 (0xfc843703) x14 0x0000000080012040 mem 0x0000000080031f38
core   0: 0x000000008000ff2c (0xfb843783) ld      a5, -72(s0)
core   0: 3 0x000000008000ff2c (0xfb843783) x15 0x000000000000009c mem 0x0000000080031f28
core   0: 0x000000008000ff30 (0x000097ba) c.add   a5, a4
core   0: 3 0x000000008000ff30 (0x97ba) x15 0x00000000800120dc
core   0: 0x000000008000ff32 (0xfe043703) ld      a4, -32(s0)
core   0: 3 0x000000008000ff32 (0xfe043703) x14 0x00000000800120bf mem 0x0000000080031f50
core   0: 0x000000008000ff36 (0xfcf76de3) bltu    a4, a5, pc - 38
core   0: 3 0x000000008000ff36 (0xfcf76de3)
core   0: 0x000000008000ff10 (0xfe043783) ld      a5, -32(s0)
core   0: 3 0x000000008000ff10 (0xfe043783) x15 0x00000000800120bf mem 0x0000000080031f50
core   0: 0x000000008000ff14 (0x00178713) addi    a4, a5, 1
core   0: 3 0x000000008000ff14 (0x00178713) x14 0x00000000800120c0
core   0: 0x000000008000ff18 (0xfee43023) sd      a4, -32(s0)
core   0: 3 0x000000008000ff18 (0xfee43023) mem 0x0000000080031f50 0x00000000800120c0
core   0: 0x000000008000ff1c (0xfc442703) lw      a4, -60(s0)
core   0: 3 0x000000008000ff1c (0xfc442703) x14 0x0000000000000000 mem 0x0000000080031f34
core   0: 0x000000008000ff20 (0x0ff77713) andi    a4, a4, 255
core   0: 3 0x000000008000ff20 (0x0ff77713) x14 0x0000000000000000
core   0: 0x000000008000ff24 (0x00e78023) sb      a4, 0(a5)
core   0: 3 0x000000008000ff24 (0x00e78023) mem 0x00000000800120bf 0x00
core   0: 0x000000008000ff28 (0xfc843703) ld      a4, -56(s0)
core   0: 3 0x000000008000ff28 (0xfc843703) x14 0x0000000080012040 mem 0x0000000080031f38
core   0: 0x000000008000ff2c (0xfb843783) ld      a5, -72(s0)
core   0: 3 0x000000008000ff2c (0xfb843783) x15 0x000000000000009c mem 0x0000000080031f28
core   0: 0x000000008000ff30 (0x000097ba) c.add   a5, a4
core   0: 3 0x000000008000ff30 (0x97ba) x15 0x00000000800120dc
core   0: 0x000000008000ff32 (0xfe043703) ld      a4, -32(s0)
core   0: 3 0x000000008000ff32 (0xfe043703) x14 0x00000000800120c0 mem 0x0000000080031f50
core   0: 0x000000008000ff36 (0xfcf76de3) bltu    a4, a5, pc - 38
core   0: 3 0x000000008000ff36 (0xfcf76de3)
core   0: 0x000000008000ff10 (0xfe043783) ld      a5, -32(s0)
core   0: 3 0x000000008000ff10 (0xfe043783) x15 0x00000000800120c0 mem 0x0000000080031f50
core   0: 0x000000008000ff14 (0x00178713) addi    a4, a5, 1
core   0: 3 0x000000008000ff14 (0x00178713) x14 0x00000000800120c1
core   0: 0x000000008000ff18 (0xfee43023) sd      a4, -32(s0)
core   0: 3 0x000000008000ff18 (0xfee43023) mem 0x0000000080031f50 0x00000000800120c1
core   0: 0x000000008000ff1c (0xfc442703) lw      a4, -60(s0)
core   0: 3 0x000000008000ff1c (0xfc442703) x14 0x0000000000000000 mem 0x0000000080031f34
core   0: 0x000000008000ff20 (0x0ff77713) andi    a4, a4, 255
core   0: 3 0x000000008000ff20 (0x0ff77713) x14 0x0000000000000000
core   0: 0x000000008000ff24 (0x00e78023) sb      a4, 0(a5)
core   0: 3 0x000000008000ff24 (0x00e78023) mem 0x00000000800120c0 0x00
core   0: 0x000000008000ff28 (0xfc843703) ld      a4, -56(s0)
core   0: 3 0x000000008000ff28 (0xfc843703) x14 0x0000000080012040 mem 0x0000000080031f38
core   0: 0x000000008000ff2c (0xfb843783) ld      a5, -72(s0)
core   0: 3 0x000000008000ff2c (0xfb843783) x15 0x000000000000009c mem 0x0000000080031f28
core   0: 0x000000008000ff30 (0x000097ba) c.add   a5, a4
core   0: 3 0x000000008000ff30 (0x97ba) x15 0x00000000800120dc
core   0: 0x000000008000ff32 (0xfe043703) ld      a4, -32(s0)
core   0: 3 0x000000008000ff32 (0xfe043703) x14 0x00000000800120c1 mem 0x0000000080031f50
core   0: 0x000000008000ff36 (0xfcf76de3) bltu    a4, a5, pc - 38
core   0: 3 0x000000008000ff36 (0xfcf76de3)
core   0: 0x000000008000ff10 (0xfe043783) ld      a5, -32(s0)
core   0: 3 0x000000008000ff10 (0xfe043783) x15 0x00000000800120c1 mem 0x0000000080031f50
core   0: 0x000000008000ff14 (0x00178713) addi    a4, a5, 1
core   0: 3 0x000000008000ff14 (0x00178713) x14 0x00000000800120c2
core   0: 0x000000008000ff18 (0xfee43023) sd      a4, -32(s0)
core   0: 3 0x000000008000ff18 (0xfee43023) mem 0x0000000080031f50 0x00000000800120c2
core   0: 0x000000008000ff1c (0xfc442703) lw      a4, -60(s0)
core   0: 3 0x000000008000ff1c (0xfc442703) x14 0x0000000000000000 mem 0x0000000080031f34
core   0: 0x000000008000ff20 (0x0ff77713) andi    a4, a4, 255
core   0: 3 0x000000008000ff20 (0x0ff77713) x14 0x0000000000000000
core   0: 0x000000008000ff24 (0x00e78023) sb      a4, 0(a5)
core   0: 3 0x000000008000ff24 (0x00e78023) mem 0x00000000800120c1 0x00
core   0: 0x000000008000ff28 (0xfc843703) ld      a4, -56(s0)
core   0: 3 0x000000008000ff28 (0xfc843703) x14 0x0000000080012040 mem 0x0000000080031f38
core   0: 0x000000008000ff2c (0xfb843783) ld      a5, -72(s0)
core   0: 3 0x000000008000ff2c (0xfb843783) x15 0x000000000000009c mem 0x0000000080031f28
core   0: 0x000000008000ff30 (0x000097ba) c.add   a5, a4
core   0: 3 0x000000008000ff30 (0x97ba) x15 0x00000000800120dc
core   0: 0x000000008000ff32 (0xfe043703) ld      a4, -32(s0)
core   0: 3 0x000000008000ff32 (0xfe043703) x14 0x00000000800120c2 mem 0x0000000080031f50
core   0: 0x000000008000ff36 (0xfcf76de3) bltu    a4, a5, pc - 38
core   0: 3 0x000000008000ff36 (0xfcf76de3)
core   0: 0x000000008000ff10 (0xfe043783) ld      a5, -32(s0)
core   0: 3 0x000000008000ff10 (0xfe043783) x15 0x00000000800120c2 mem 0x0000000080031f50
core   0: 0x000000008000ff14 (0x00178713) addi    a4, a5, 1
core   0: 3 0x000000008000ff14 (0x00178713) x14 0x00000000800120c3
core   0: 0x000000008000ff18 (0xfee43023) sd      a4, -32(s0)
core   0: 3 0x000000008000ff18 (0xfee43023) mem 0x0000000080031f50 0x00000000800120c3
core   0: 0x000000008000ff1c (0xfc442703) lw      a4, -60(s0)
core   0: 3 0x000000008000ff1c (0xfc442703) x14 0x0000000000000000 mem 0x0000000080031f34
core   0: 0x000000008000ff20 (0x0ff77713) andi    a4, a4, 255
core   0: 3 0x000000008000ff20 (0x0ff77713) x14 0x0000000000000000
core   0: 0x000000008000ff24 (0x00e78023) sb      a4, 0(a5)
core   0: 3 0x000000008000ff24 (0x00e78023) mem 0x00000000800120c2 0x00
core   0: 0x000000008000ff28 (0xfc843703) ld      a4, -56(s0)
core   0: 3 0x000000008000ff28 (0xfc843703) x14 0x0000000080012040 mem 0x0000000080031f38
core   0: 0x000000008000ff2c (0xfb843783) ld      a5, -72(s0)
core   0: 3 0x000000008000ff2c (0xfb843783) x15 0x000000000000009c mem 0x0000000080031f28
core   0: 0x000000008000ff30 (0x000097ba) c.add   a5, a4
core   0: 3 0x000000008000ff30 (0x97ba) x15 0x00000000800120dc
core   0: 0x000000008000ff32 (0xfe043703) ld      a4, -32(s0)
core   0: 3 0x000000008000ff32 (0xfe043703) x14 0x00000000800120c3 mem 0x0000000080031f50
core   0: 0x000000008000ff36 (0xfcf76de3) bltu    a4, a5, pc - 38
core   0: 3 0x000000008000ff36 (0xfcf76de3)
core   0: 0x000000008000ff10 (0xfe043783) ld      a5, -32(s0)
core   0: 3 0x000000008000ff10 (0xfe043783) x15 0x00000000800120c3 mem 0x0000000080031f50
core   0: 0x000000008000ff14 (0x00178713) addi    a4, a5, 1
core   0: 3 0x000000008000ff14 (0x00178713) x14 0x00000000800120c4
core   0: 0x000000008000ff18 (0xfee43023) sd      a4, -32(s0)
core   0: 3 0x000000008000ff18 (0xfee43023) mem 0x0000000080031f50 0x00000000800120c4
core   0: 0x000000008000ff1c (0xfc442703) lw      a4, -60(s0)
core   0: 3 0x000000008000ff1c (0xfc442703) x14 0x0000000000000000 mem 0x0000000080031f34
core   0: 0x000000008000ff20 (0x0ff77713) andi    a4, a4, 255
core   0: 3 0x000000008000ff20 (0x0ff77713) x14 0x0000000000000000
core   0: 0x000000008000ff24 (0x00e78023) sb      a4, 0(a5)
core   0: 3 0x000000008000ff24 (0x00e78023) mem 0x00000000800120c3 0x00
core   0: 0x000000008000ff28 (0xfc843703) ld      a4, -56(s0)
core   0: 3 0x000000008000ff28 (0xfc843703) x14 0x0000000080012040 mem 0x0000000080031f38
core   0: 0x000000008000ff2c (0xfb843783) ld      a5, -72(s0)
core   0: 3 0x000000008000ff2c (0xfb843783) x15 0x000000000000009c mem 0x0000000080031f28
core   0: 0x000000008000ff30 (0x000097ba) c.add   a5, a4
core   0: 3 0x000000008000ff30 (0x97ba) x15 0x00000000800120dc
core   0: 0x000000008000ff32 (0xfe043703) ld      a4, -32(s0)
core   0: 3 0x000000008000ff32 (0xfe043703) x14 0x00000000800120c4 mem 0x0000000080031f50
core   0: 0x000000008000ff36 (0xfcf76de3) bltu    a4, a5, pc - 38
core   0: 3 0x000000008000ff36 (0xfcf76de3)
core   0: 0x000000008000ff10 (0xfe043783) ld      a5, -32(s0)
core   0: 3 0x000000008000ff10 (0xfe043783) x15 0x00000000800120c4 mem 0x0000000080031f50
core   0: 0x000000008000ff14 (0x00178713) addi    a4, a5, 1
core   0: 3 0x000000008000ff14 (0x00178713) x14 0x00000000800120c5
core   0: 0x000000008000ff18 (0xfee43023) sd      a4, -32(s0)
core   0: 3 0x000000008000ff18 (0xfee43023) mem 0x0000000080031f50 0x00000000800120c5
core   0: 0x000000008000ff1c (0xfc442703) lw      a4, -60(s0)
core   0: 3 0x000000008000ff1c (0xfc442703) x14 0x0000000000000000 mem 0x0000000080031f34
core   0: 0x000000008000ff20 (0x0ff77713) andi    a4, a4, 255
core   0: 3 0x000000008000ff20 (0x0ff77713) x14 0x0000000000000000
core   0: 0x000000008000ff24 (0x00e78023) sb      a4, 0(a5)
core   0: 3 0x000000008000ff24 (0x00e78023) mem 0x00000000800120c4 0x00
core   0: 0x000000008000ff28 (0xfc843703) ld      a4, -56(s0)
core   0: 3 0x000000008000ff28 (0xfc843703) x14 0x0000000080012040 mem 0x0000000080031f38
core   0: 0x000000008000ff2c (0xfb843783) ld      a5, -72(s0)
core   0: 3 0x000000008000ff2c (0xfb843783) x15 0x000000000000009c mem 0x0000000080031f28
core   0: 0x000000008000ff30 (0x000097ba) c.add   a5, a4
core   0: 3 0x000000008000ff30 (0x97ba) x15 0x00000000800120dc
core   0: 0x000000008000ff32 (0xfe043703) ld      a4, -32(s0)
core   0: 3 0x000000008000ff32 (0xfe043703) x14 0x00000000800120c5 mem 0x0000000080031f50
core   0: 0x000000008000ff36 (0xfcf76de3) bltu    a4, a5, pc - 38
core   0: 3 0x000000008000ff36 (0xfcf76de3)
core   0: 0x000000008000ff10 (0xfe043783) ld      a5, -32(s0)
core   0: 3 0x000000008000ff10 (0xfe043783) x15 0x00000000800120c5 mem 0x0000000080031f50
core   0: 0x000000008000ff14 (0x00178713) addi    a4, a5, 1
core   0: 3 0x000000008000ff14 (0x00178713) x14 0x00000000800120c6
core   0: 0x000000008000ff18 (0xfee43023) sd      a4, -32(s0)
core   0: 3 0x000000008000ff18 (0xfee43023) mem 0x0000000080031f50 0x00000000800120c6
core   0: 0x000000008000ff1c (0xfc442703) lw      a4, -60(s0)
core   0: 3 0x000000008000ff1c (0xfc442703) x14 0x0000000000000000 mem 0x0000000080031f34
core   0: 0x000000008000ff20 (0x0ff77713) andi    a4, a4, 255
core   0: 3 0x000000008000ff20 (0x0ff77713) x14 0x0000000000000000
core   0: 0x000000008000ff24 (0x00e78023) sb      a4, 0(a5)
core   0: 3 0x000000008000ff24 (0x00e78023) mem 0x00000000800120c5 0x00
core   0: 0x000000008000ff28 (0xfc843703) ld      a4, -56(s0)
core   0: 3 0x000000008000ff28 (0xfc843703) x14 0x0000000080012040 mem 0x0000000080031f38
core   0: 0x000000008000ff2c (0xfb843783) ld      a5, -72(s0)
core   0: 3 0x000000008000ff2c (0xfb843783) x15 0x000000000000009c mem 0x0000000080031f28
core   0: 0x000000008000ff30 (0x000097ba) c.add   a5, a4
core   0: 3 0x000000008000ff30 (0x97ba) x15 0x00000000800120dc
core   0: 0x000000008000ff32 (0xfe043703) ld      a4, -32(s0)
core   0: 3 0x000000008000ff32 (0xfe043703) x14 0x00000000800120c6 mem 0x0000000080031f50
core   0: 0x000000008000ff36 (0xfcf76de3) bltu    a4, a5, pc - 38
core   0: 3 0x000000008000ff36 (0xfcf76de3)
core   0: 0x000000008000ff10 (0xfe043783) ld      a5, -32(s0)
core   0: 3 0x000000008000ff10 (0xfe043783) x15 0x00000000800120c6 mem 0x0000000080031f50
core   0: 0x000000008000ff14 (0x00178713) addi    a4, a5, 1
core   0: 3 0x000000008000ff14 (0x00178713) x14 0x00000000800120c7
core   0: 0x000000008000ff18 (0xfee43023) sd      a4, -32(s0)
core   0: 3 0x000000008000ff18 (0xfee43023) mem 0x0000000080031f50 0x00000000800120c7
core   0: 0x000000008000ff1c (0xfc442703) lw      a4, -60(s0)
core   0: 3 0x000000008000ff1c (0xfc442703) x14 0x0000000000000000 mem 0x0000000080031f34
core   0: 0x000000008000ff20 (0x0ff77713) andi    a4, a4, 255
core   0: 3 0x000000008000ff20 (0x0ff77713) x14 0x0000000000000000
core   0: 0x000000008000ff24 (0x00e78023) sb      a4, 0(a5)
core   0: 3 0x000000008000ff24 (0x00e78023) mem 0x00000000800120c6 0x00
core   0: 0x000000008000ff28 (0xfc843703) ld      a4, -56(s0)
core   0: 3 0x000000008000ff28 (0xfc843703) x14 0x0000000080012040 mem 0x0000000080031f38
core   0: 0x000000008000ff2c (0xfb843783) ld      a5, -72(s0)
core   0: 3 0x000000008000ff2c (0xfb843783) x15 0x000000000000009c mem 0x0000000080031f28
core   0: 0x000000008000ff30 (0x000097ba) c.add   a5, a4
core   0: 3 0x000000008000ff30 (0x97ba) x15 0x00000000800120dc
core   0: 0x000000008000ff32 (0xfe043703) ld      a4, -32(s0)
core   0: 3 0x000000008000ff32 (0xfe043703) x14 0x00000000800120c7 mem 0x0000000080031f50
core   0: 0x000000008000ff36 (0xfcf76de3) bltu    a4, a5, pc - 38
core   0: 3 0x000000008000ff36 (0xfcf76de3)
core   0: 0x000000008000ff10 (0xfe043783) ld      a5, -32(s0)
core   0: 3 0x000000008000ff10 (0xfe043783) x15 0x00000000800120c7 mem 0x0000000080031f50
core   0: 0x000000008000ff14 (0x00178713) addi    a4, a5, 1
core   0: 3 0x000000008000ff14 (0x00178713) x14 0x00000000800120c8
core   0: 0x000000008000ff18 (0xfee43023) sd      a4, -32(s0)
core   0: 3 0x000000008000ff18 (0xfee43023) mem 0x0000000080031f50 0x00000000800120c8
core   0: 0x000000008000ff1c (0xfc442703) lw      a4, -60(s0)
core   0: 3 0x000000008000ff1c (0xfc442703) x14 0x0000000000000000 mem 0x0000000080031f34
core   0: 0x000000008000ff20 (0x0ff77713) andi    a4, a4, 255
core   0: 3 0x000000008000ff20 (0x0ff77713) x14 0x0000000000000000
core   0: 0x000000008000ff24 (0x00e78023) sb      a4, 0(a5)
core   0: 3 0x000000008000ff24 (0x00e78023) mem 0x00000000800120c7 0x00
core   0: 0x000000008000ff28 (0xfc843703) ld      a4, -56(s0)
core   0: 3 0x000000008000ff28 (0xfc843703) x14 0x0000000080012040 mem 0x0000000080031f38
core   0: 0x000000008000ff2c (0xfb843783) ld      a5, -72(s0)
core   0: 3 0x000000008000ff2c (0xfb843783) x15 0x000000000000009c mem 0x0000000080031f28
core   0: 0x000000008000ff30 (0x000097ba) c.add   a5, a4
core   0: 3 0x000000008000ff30 (0x97ba) x15 0x00000000800120dc
core   0: 0x000000008000ff32 (0xfe043703) ld      a4, -32(s0)
core   0: 3 0x000000008000ff32 (0xfe043703) x14 0x00000000800120c8 mem 0x0000000080031f50
core   0: 0x000000008000ff36 (0xfcf76de3) bltu    a4, a5, pc - 38
core   0: 3 0x000000008000ff36 (0xfcf76de3)
core   0: 0x000000008000ff10 (0xfe043783) ld      a5, -32(s0)
core   0: 3 0x000000008000ff10 (0xfe043783) x15 0x00000000800120c8 mem 0x0000000080031f50
core   0: 0x000000008000ff14 (0x00178713) addi    a4, a5, 1
core   0: 3 0x000000008000ff14 (0x00178713) x14 0x00000000800120c9
core   0: 0x000000008000ff18 (0xfee43023) sd      a4, -32(s0)
core   0: 3 0x000000008000ff18 (0xfee43023) mem 0x0000000080031f50 0x00000000800120c9
core   0: 0x000000008000ff1c (0xfc442703) lw      a4, -60(s0)
core   0: 3 0x000000008000ff1c (0xfc442703) x14 0x0000000000000000 mem 0x0000000080031f34
core   0: 0x000000008000ff20 (0x0ff77713) andi    a4, a4, 255
core   0: 3 0x000000008000ff20 (0x0ff77713) x14 0x0000000000000000
core   0: 0x000000008000ff24 (0x00e78023) sb      a4, 0(a5)
core   0: 3 0x000000008000ff24 (0x00e78023) mem 0x00000000800120c8 0x00
core   0: 0x000000008000ff28 (0xfc843703) ld      a4, -56(s0)
core   0: 3 0x000000008000ff28 (0xfc843703) x14 0x0000000080012040 mem 0x0000000080031f38
core   0: 0x000000008000ff2c (0xfb843783) ld      a5, -72(s0)
core   0: 3 0x000000008000ff2c (0xfb843783) x15 0x000000000000009c mem 0x0000000080031f28
core   0: 0x000000008000ff30 (0x000097ba) c.add   a5, a4
core   0: 3 0x000000008000ff30 (0x97ba) x15 0x00000000800120dc
core   0: 0x000000008000ff32 (0xfe043703) ld      a4, -32(s0)
core   0: 3 0x000000008000ff32 (0xfe043703) x14 0x00000000800120c9 mem 0x0000000080031f50
core   0: 0x000000008000ff36 (0xfcf76de3) bltu    a4, a5, pc - 38
core   0: 3 0x000000008000ff36 (0xfcf76de3)
core   0: 0x000000008000ff10 (0xfe043783) ld      a5, -32(s0)
core   0: 3 0x000000008000ff10 (0xfe043783) x15 0x00000000800120c9 mem 0x0000000080031f50
core   0: 0x000000008000ff14 (0x00178713) addi    a4, a5, 1
core   0: 3 0x000000008000ff14 (0x00178713) x14 0x00000000800120ca
core   0: 0x000000008000ff18 (0xfee43023) sd      a4, -32(s0)
core   0: 3 0x000000008000ff18 (0xfee43023) mem 0x0000000080031f50 0x00000000800120ca
core   0: 0x000000008000ff1c (0xfc442703) lw      a4, -60(s0)
core   0: 3 0x000000008000ff1c (0xfc442703) x14 0x0000000000000000 mem 0x0000000080031f34
core   0: 0x000000008000ff20 (0x0ff77713) andi    a4, a4, 255
core   0: 3 0x000000008000ff20 (0x0ff77713) x14 0x0000000000000000
core   0: 0x000000008000ff24 (0x00e78023) sb      a4, 0(a5)
core   0: 3 0x000000008000ff24 (0x00e78023) mem 0x00000000800120c9 0x00
core   0: 0x000000008000ff28 (0xfc843703) ld      a4, -56(s0)
core   0: 3 0x000000008000ff28 (0xfc843703) x14 0x0000000080012040 mem 0x0000000080031f38
core   0: 0x000000008000ff2c (0xfb843783) ld      a5, -72(s0)
core   0: 3 0x000000008000ff2c (0xfb843783) x15 0x000000000000009c mem 0x0000000080031f28
core   0: 0x000000008000ff30 (0x000097ba) c.add   a5, a4
core   0: 3 0x000000008000ff30 (0x97ba) x15 0x00000000800120dc
core   0: 0x000000008000ff32 (0xfe043703) ld      a4, -32(s0)
core   0: 3 0x000000008000ff32 (0xfe043703) x14 0x00000000800120ca mem 0x0000000080031f50
core   0: 0x000000008000ff36 (0xfcf76de3) bltu    a4, a5, pc - 38
core   0: 3 0x000000008000ff36 (0xfcf76de3)
core   0: 0x000000008000ff10 (0xfe043783) ld      a5, -32(s0)
core   0: 3 0x000000008000ff10 (0xfe043783) x15 0x00000000800120ca mem 0x0000000080031f50
core   0: 0x000000008000ff14 (0x00178713) addi    a4, a5, 1
core   0: 3 0x000000008000ff14 (0x00178713) x14 0x00000000800120cb
core   0: 0x000000008000ff18 (0xfee43023) sd      a4, -32(s0)
core   0: 3 0x000000008000ff18 (0xfee43023) mem 0x0000000080031f50 0x00000000800120cb
core   0: 0x000000008000ff1c (0xfc442703) lw      a4, -60(s0)
core   0: 3 0x000000008000ff1c (0xfc442703) x14 0x0000000000000000 mem 0x0000000080031f34
core   0: 0x000000008000ff20 (0x0ff77713) andi    a4, a4, 255
core   0: 3 0x000000008000ff20 (0x0ff77713) x14 0x0000000000000000
core   0: 0x000000008000ff24 (0x00e78023) sb      a4, 0(a5)
core   0: 3 0x000000008000ff24 (0x00e78023) mem 0x00000000800120ca 0x00
core   0: 0x000000008000ff28 (0xfc843703) ld      a4, -56(s0)
core   0: 3 0x000000008000ff28 (0xfc843703) x14 0x0000000080012040 mem 0x0000000080031f38
core   0: 0x000000008000ff2c (0xfb843783) ld      a5, -72(s0)
core   0: 3 0x000000008000ff2c (0xfb843783) x15 0x000000000000009c mem 0x0000000080031f28
core   0: 0x000000008000ff30 (0x000097ba) c.add   a5, a4
core   0: 3 0x000000008000ff30 (0x97ba) x15 0x00000000800120dc
core   0: 0x000000008000ff32 (0xfe043703) ld      a4, -32(s0)
core   0: 3 0x000000008000ff32 (0xfe043703) x14 0x00000000800120cb mem 0x0000000080031f50
core   0: 0x000000008000ff36 (0xfcf76de3) bltu    a4, a5, pc - 38
core   0: 3 0x000000008000ff36 (0xfcf76de3)
core   0: 0x000000008000ff10 (0xfe043783) ld      a5, -32(s0)
core   0: 3 0x000000008000ff10 (0xfe043783) x15 0x00000000800120cb mem 0x0000000080031f50
core   0: 0x000000008000ff14 (0x00178713) addi    a4, a5, 1
core   0: 3 0x000000008000ff14 (0x00178713) x14 0x00000000800120cc
core   0: 0x000000008000ff18 (0xfee43023) sd      a4, -32(s0)
core   0: 3 0x000000008000ff18 (0xfee43023) mem 0x0000000080031f50 0x00000000800120cc
core   0: 0x000000008000ff1c (0xfc442703) lw      a4, -60(s0)
core   0: 3 0x000000008000ff1c (0xfc442703) x14 0x0000000000000000 mem 0x0000000080031f34
core   0: 0x000000008000ff20 (0x0ff77713) andi    a4, a4, 255
core   0: 3 0x000000008000ff20 (0x0ff77713) x14 0x0000000000000000
core   0: 0x000000008000ff24 (0x00e78023) sb      a4, 0(a5)
core   0: 3 0x000000008000ff24 (0x00e78023) mem 0x00000000800120cb 0x00
core   0: 0x000000008000ff28 (0xfc843703) ld      a4, -56(s0)
core   0: 3 0x000000008000ff28 (0xfc843703) x14 0x0000000080012040 mem 0x0000000080031f38
core   0: 0x000000008000ff2c (0xfb843783) ld      a5, -72(s0)
core   0: 3 0x000000008000ff2c (0xfb843783) x15 0x000000000000009c mem 0x0000000080031f28
core   0: 0x000000008000ff30 (0x000097ba) c.add   a5, a4
core   0: 3 0x000000008000ff30 (0x97ba) x15 0x00000000800120dc
core   0: 0x000000008000ff32 (0xfe043703) ld      a4, -32(s0)
core   0: 3 0x000000008000ff32 (0xfe043703) x14 0x00000000800120cc mem 0x0000000080031f50
core   0: 0x000000008000ff36 (0xfcf76de3) bltu    a4, a5, pc - 38
core   0: 3 0x000000008000ff36 (0xfcf76de3)
core   0: 0x000000008000ff10 (0xfe043783) ld      a5, -32(s0)
core   0: 3 0x000000008000ff10 (0xfe043783) x15 0x00000000800120cc mem 0x0000000080031f50
core   0: 0x000000008000ff14 (0x00178713) addi    a4, a5, 1
core   0: 3 0x000000008000ff14 (0x00178713) x14 0x00000000800120cd
core   0: 0x000000008000ff18 (0xfee43023) sd      a4, -32(s0)
core   0: 3 0x000000008000ff18 (0xfee43023) mem 0x0000000080031f50 0x00000000800120cd
core   0: 0x000000008000ff1c (0xfc442703) lw      a4, -60(s0)
core   0: 3 0x000000008000ff1c (0xfc442703) x14 0x0000000000000000 mem 0x0000000080031f34
core   0: 0x000000008000ff20 (0x0ff77713) andi    a4, a4, 255
core   0: 3 0x000000008000ff20 (0x0ff77713) x14 0x0000000000000000
core   0: 0x000000008000ff24 (0x00e78023) sb      a4, 0(a5)
core   0: 3 0x000000008000ff24 (0x00e78023) mem 0x00000000800120cc 0x00
core   0: 0x000000008000ff28 (0xfc843703) ld      a4, -56(s0)
core   0: 3 0x000000008000ff28 (0xfc843703) x14 0x0000000080012040 mem 0x0000000080031f38
core   0: 0x000000008000ff2c (0xfb843783) ld      a5, -72(s0)
core   0: 3 0x000000008000ff2c (0xfb843783) x15 0x000000000000009c mem 0x0000000080031f28
core   0: 0x000000008000ff30 (0x000097ba) c.add   a5, a4
core   0: 3 0x000000008000ff30 (0x97ba) x15 0x00000000800120dc
core   0: 0x000000008000ff32 (0xfe043703) ld      a4, -32(s0)
core   0: 3 0x000000008000ff32 (0xfe043703) x14 0x00000000800120cd mem 0x0000000080031f50
core   0: 0x000000008000ff36 (0xfcf76de3) bltu    a4, a5, pc - 38
core   0: 3 0x000000008000ff36 (0xfcf76de3)
core   0: 0x000000008000ff10 (0xfe043783) ld      a5, -32(s0)
core   0: 3 0x000000008000ff10 (0xfe043783) x15 0x00000000800120cd mem 0x0000000080031f50
core   0: 0x000000008000ff14 (0x00178713) addi    a4, a5, 1
core   0: 3 0x000000008000ff14 (0x00178713) x14 0x00000000800120ce
core   0: 0x000000008000ff18 (0xfee43023) sd      a4, -32(s0)
core   0: 3 0x000000008000ff18 (0xfee43023) mem 0x0000000080031f50 0x00000000800120ce
core   0: 0x000000008000ff1c (0xfc442703) lw      a4, -60(s0)
core   0: 3 0x000000008000ff1c (0xfc442703) x14 0x0000000000000000 mem 0x0000000080031f34
core   0: 0x000000008000ff20 (0x0ff77713) andi    a4, a4, 255
core   0: 3 0x000000008000ff20 (0x0ff77713) x14 0x0000000000000000
core   0: 0x000000008000ff24 (0x00e78023) sb      a4, 0(a5)
core   0: 3 0x000000008000ff24 (0x00e78023) mem 0x00000000800120cd 0x00
core   0: 0x000000008000ff28 (0xfc843703) ld      a4, -56(s0)
core   0: 3 0x000000008000ff28 (0xfc843703) x14 0x0000000080012040 mem 0x0000000080031f38
core   0: 0x000000008000ff2c (0xfb843783) ld      a5, -72(s0)
core   0: 3 0x000000008000ff2c (0xfb843783) x15 0x000000000000009c mem 0x0000000080031f28
core   0: 0x000000008000ff30 (0x000097ba) c.add   a5, a4
core   0: 3 0x000000008000ff30 (0x97ba) x15 0x00000000800120dc
core   0: 0x000000008000ff32 (0xfe043703) ld      a4, -32(s0)
core   0: 3 0x000000008000ff32 (0xfe043703) x14 0x00000000800120ce mem 0x0000000080031f50
core   0: 0x000000008000ff36 (0xfcf76de3) bltu    a4, a5, pc - 38
core   0: 3 0x000000008000ff36 (0xfcf76de3)
core   0: 0x000000008000ff10 (0xfe043783) ld      a5, -32(s0)
core   0: 3 0x000000008000ff10 (0xfe043783) x15 0x00000000800120ce mem 0x0000000080031f50
core   0: 0x000000008000ff14 (0x00178713) addi    a4, a5, 1
core   0: 3 0x000000008000ff14 (0x00178713) x14 0x00000000800120cf
core   0: 0x000000008000ff18 (0xfee43023) sd      a4, -32(s0)
core   0: 3 0x000000008000ff18 (0xfee43023) mem 0x0000000080031f50 0x00000000800120cf
core   0: 0x000000008000ff1c (0xfc442703) lw      a4, -60(s0)
core   0: 3 0x000000008000ff1c (0xfc442703) x14 0x0000000000000000 mem 0x0000000080031f34
core   0: 0x000000008000ff20 (0x0ff77713) andi    a4, a4, 255
core   0: 3 0x000000008000ff20 (0x0ff77713) x14 0x0000000000000000
core   0: 0x000000008000ff24 (0x00e78023) sb      a4, 0(a5)
core   0: 3 0x000000008000ff24 (0x00e78023) mem 0x00000000800120ce 0x00
core   0: 0x000000008000ff28 (0xfc843703) ld      a4, -56(s0)
core   0: 3 0x000000008000ff28 (0xfc843703) x14 0x0000000080012040 mem 0x0000000080031f38
core   0: 0x000000008000ff2c (0xfb843783) ld      a5, -72(s0)
core   0: 3 0x000000008000ff2c (0xfb843783) x15 0x000000000000009c mem 0x0000000080031f28
core   0: 0x000000008000ff30 (0x000097ba) c.add   a5, a4
core   0: 3 0x000000008000ff30 (0x97ba) x15 0x00000000800120dc
core   0: 0x000000008000ff32 (0xfe043703) ld      a4, -32(s0)
core   0: 3 0x000000008000ff32 (0xfe043703) x14 0x00000000800120cf mem 0x0000000080031f50
core   0: 0x000000008000ff36 (0xfcf76de3) bltu    a4, a5, pc - 38
core   0: 3 0x000000008000ff36 (0xfcf76de3)
core   0: 0x000000008000ff10 (0xfe043783) ld      a5, -32(s0)
core   0: 3 0x000000008000ff10 (0xfe043783) x15 0x00000000800120cf mem 0x0000000080031f50
core   0: 0x000000008000ff14 (0x00178713) addi    a4, a5, 1
core   0: 3 0x000000008000ff14 (0x00178713) x14 0x00000000800120d0
core   0: 0x000000008000ff18 (0xfee43023) sd      a4, -32(s0)
core   0: 3 0x000000008000ff18 (0xfee43023) mem 0x0000000080031f50 0x00000000800120d0
core   0: 0x000000008000ff1c (0xfc442703) lw      a4, -60(s0)
core   0: 3 0x000000008000ff1c (0xfc442703) x14 0x0000000000000000 mem 0x0000000080031f34
core   0: 0x000000008000ff20 (0x0ff77713) andi    a4, a4, 255
core   0: 3 0x000000008000ff20 (0x0ff77713) x14 0x0000000000000000
core   0: 0x000000008000ff24 (0x00e78023) sb      a4, 0(a5)
core   0: 3 0x000000008000ff24 (0x00e78023) mem 0x00000000800120cf 0x00
core   0: 0x000000008000ff28 (0xfc843703) ld      a4, -56(s0)
core   0: 3 0x000000008000ff28 (0xfc843703) x14 0x0000000080012040 mem 0x0000000080031f38
core   0: 0x000000008000ff2c (0xfb843783) ld      a5, -72(s0)
core   0: 3 0x000000008000ff2c (0xfb843783) x15 0x000000000000009c mem 0x0000000080031f28
core   0: 0x000000008000ff30 (0x000097ba) c.add   a5, a4
core   0: 3 0x000000008000ff30 (0x97ba) x15 0x00000000800120dc
core   0: 0x000000008000ff32 (0xfe043703) ld      a4, -32(s0)
core   0: 3 0x000000008000ff32 (0xfe043703) x14 0x00000000800120d0 mem 0x0000000080031f50
core   0: 0x000000008000ff36 (0xfcf76de3) bltu    a4, a5, pc - 38
core   0: 3 0x000000008000ff36 (0xfcf76de3)
core   0: 0x000000008000ff10 (0xfe043783) ld      a5, -32(s0)
core   0: 3 0x000000008000ff10 (0xfe043783) x15 0x00000000800120d0 mem 0x0000000080031f50
core   0: 0x000000008000ff14 (0x00178713) addi    a4, a5, 1
core   0: 3 0x000000008000ff14 (0x00178713) x14 0x00000000800120d1
core   0: 0x000000008000ff18 (0xfee43023) sd      a4, -32(s0)
core   0: 3 0x000000008000ff18 (0xfee43023) mem 0x0000000080031f50 0x00000000800120d1
core   0: 0x000000008000ff1c (0xfc442703) lw      a4, -60(s0)
core   0: 3 0x000000008000ff1c (0xfc442703) x14 0x0000000000000000 mem 0x0000000080031f34
core   0: 0x000000008000ff20 (0x0ff77713) andi    a4, a4, 255
core   0: 3 0x000000008000ff20 (0x0ff77713) x14 0x0000000000000000
core   0: 0x000000008000ff24 (0x00e78023) sb      a4, 0(a5)
core   0: 3 0x000000008000ff24 (0x00e78023) mem 0x00000000800120d0 0x00
core   0: 0x000000008000ff28 (0xfc843703) ld      a4, -56(s0)
core   0: 3 0x000000008000ff28 (0xfc843703) x14 0x0000000080012040 mem 0x0000000080031f38
core   0: 0x000000008000ff2c (0xfb843783) ld      a5, -72(s0)
core   0: 3 0x000000008000ff2c (0xfb843783) x15 0x000000000000009c mem 0x0000000080031f28
core   0: 0x000000008000ff30 (0x000097ba) c.add   a5, a4
core   0: 3 0x000000008000ff30 (0x97ba) x15 0x00000000800120dc
core   0: 0x000000008000ff32 (0xfe043703) ld      a4, -32(s0)
core   0: 3 0x000000008000ff32 (0xfe043703) x14 0x00000000800120d1 mem 0x0000000080031f50
core   0: 0x000000008000ff36 (0xfcf76de3) bltu    a4, a5, pc - 38
core   0: 3 0x000000008000ff36 (0xfcf76de3)
core   0: 0x000000008000ff10 (0xfe043783) ld      a5, -32(s0)
core   0: 3 0x000000008000ff10 (0xfe043783) x15 0x00000000800120d1 mem 0x0000000080031f50
core   0: 0x000000008000ff14 (0x00178713) addi    a4, a5, 1
core   0: 3 0x000000008000ff14 (0x00178713) x14 0x00000000800120d2
core   0: 0x000000008000ff18 (0xfee43023) sd      a4, -32(s0)
core   0: 3 0x000000008000ff18 (0xfee43023) mem 0x0000000080031f50 0x00000000800120d2
core   0: 0x000000008000ff1c (0xfc442703) lw      a4, -60(s0)
core   0: 3 0x000000008000ff1c (0xfc442703) x14 0x0000000000000000 mem 0x0000000080031f34
core   0: 0x000000008000ff20 (0x0ff77713) andi    a4, a4, 255
core   0: 3 0x000000008000ff20 (0x0ff77713) x14 0x0000000000000000
core   0: 0x000000008000ff24 (0x00e78023) sb      a4, 0(a5)
core   0: 3 0x000000008000ff24 (0x00e78023) mem 0x00000000800120d1 0x00
core   0: 0x000000008000ff28 (0xfc843703) ld      a4, -56(s0)
core   0: 3 0x000000008000ff28 (0xfc843703) x14 0x0000000080012040 mem 0x0000000080031f38
core   0: 0x000000008000ff2c (0xfb843783) ld      a5, -72(s0)
core   0: 3 0x000000008000ff2c (0xfb843783) x15 0x000000000000009c mem 0x0000000080031f28
core   0: 0x000000008000ff30 (0x000097ba) c.add   a5, a4
core   0: 3 0x000000008000ff30 (0x97ba) x15 0x00000000800120dc
core   0: 0x000000008000ff32 (0xfe043703) ld      a4, -32(s0)
core   0: 3 0x000000008000ff32 (0xfe043703) x14 0x00000000800120d2 mem 0x0000000080031f50
core   0: 0x000000008000ff36 (0xfcf76de3) bltu    a4, a5, pc - 38
core   0: 3 0x000000008000ff36 (0xfcf76de3)
core   0: 0x000000008000ff10 (0xfe043783) ld      a5, -32(s0)
core   0: 3 0x000000008000ff10 (0xfe043783) x15 0x00000000800120d2 mem 0x0000000080031f50
core   0: 0x000000008000ff14 (0x00178713) addi    a4, a5, 1
core   0: 3 0x000000008000ff14 (0x00178713) x14 0x00000000800120d3
core   0: 0x000000008000ff18 (0xfee43023) sd      a4, -32(s0)
core   0: 3 0x000000008000ff18 (0xfee43023) mem 0x0000000080031f50 0x00000000800120d3
core   0: 0x000000008000ff1c (0xfc442703) lw      a4, -60(s0)
core   0: 3 0x000000008000ff1c (0xfc442703) x14 0x0000000000000000 mem 0x0000000080031f34
core   0: 0x000000008000ff20 (0x0ff77713) andi    a4, a4, 255
core   0: 3 0x000000008000ff20 (0x0ff77713) x14 0x0000000000000000
core   0: 0x000000008000ff24 (0x00e78023) sb      a4, 0(a5)
core   0: 3 0x000000008000ff24 (0x00e78023) mem 0x00000000800120d2 0x00
core   0: 0x000000008000ff28 (0xfc843703) ld      a4, -56(s0)
core   0: 3 0x000000008000ff28 (0xfc843703) x14 0x0000000080012040 mem 0x0000000080031f38
core   0: 0x000000008000ff2c (0xfb843783) ld      a5, -72(s0)
core   0: 3 0x000000008000ff2c (0xfb843783) x15 0x000000000000009c mem 0x0000000080031f28
core   0: 0x000000008000ff30 (0x000097ba) c.add   a5, a4
core   0: 3 0x000000008000ff30 (0x97ba) x15 0x00000000800120dc
core   0: 0x000000008000ff32 (0xfe043703) ld      a4, -32(s0)
core   0: 3 0x000000008000ff32 (0xfe043703) x14 0x00000000800120d3 mem 0x0000000080031f50
core   0: 0x000000008000ff36 (0xfcf76de3) bltu    a4, a5, pc - 38
core   0: 3 0x000000008000ff36 (0xfcf76de3)
core   0: 0x000000008000ff10 (0xfe043783) ld      a5, -32(s0)
core   0: 3 0x000000008000ff10 (0xfe043783) x15 0x00000000800120d3 mem 0x0000000080031f50
core   0: 0x000000008000ff14 (0x00178713) addi    a4, a5, 1
core   0: 3 0x000000008000ff14 (0x00178713) x14 0x00000000800120d4
core   0: 0x000000008000ff18 (0xfee43023) sd      a4, -32(s0)
core   0: 3 0x000000008000ff18 (0xfee43023) mem 0x0000000080031f50 0x00000000800120d4
core   0: 0x000000008000ff1c (0xfc442703) lw      a4, -60(s0)
core   0: 3 0x000000008000ff1c (0xfc442703) x14 0x0000000000000000 mem 0x0000000080031f34
core   0: 0x000000008000ff20 (0x0ff77713) andi    a4, a4, 255
core   0: 3 0x000000008000ff20 (0x0ff77713) x14 0x0000000000000000
core   0: 0x000000008000ff24 (0x00e78023) sb      a4, 0(a5)
core   0: 3 0x000000008000ff24 (0x00e78023) mem 0x00000000800120d3 0x00
core   0: 0x000000008000ff28 (0xfc843703) ld      a4, -56(s0)
core   0: 3 0x000000008000ff28 (0xfc843703) x14 0x0000000080012040 mem 0x0000000080031f38
core   0: 0x000000008000ff2c (0xfb843783) ld      a5, -72(s0)
core   0: 3 0x000000008000ff2c (0xfb843783) x15 0x000000000000009c mem 0x0000000080031f28
core   0: 0x000000008000ff30 (0x000097ba) c.add   a5, a4
core   0: 3 0x000000008000ff30 (0x97ba) x15 0x00000000800120dc
core   0: 0x000000008000ff32 (0xfe043703) ld      a4, -32(s0)
core   0: 3 0x000000008000ff32 (0xfe043703) x14 0x00000000800120d4 mem 0x0000000080031f50
core   0: 0x000000008000ff36 (0xfcf76de3) bltu    a4, a5, pc - 38
core   0: 3 0x000000008000ff36 (0xfcf76de3)
core   0: 0x000000008000ff10 (0xfe043783) ld      a5, -32(s0)
core   0: 3 0x000000008000ff10 (0xfe043783) x15 0x00000000800120d4 mem 0x0000000080031f50
core   0: 0x000000008000ff14 (0x00178713) addi    a4, a5, 1
core   0: 3 0x000000008000ff14 (0x00178713) x14 0x00000000800120d5
core   0: 0x000000008000ff18 (0xfee43023) sd      a4, -32(s0)
core   0: 3 0x000000008000ff18 (0xfee43023) mem 0x0000000080031f50 0x00000000800120d5
core   0: 0x000000008000ff1c (0xfc442703) lw      a4, -60(s0)
core   0: 3 0x000000008000ff1c (0xfc442703) x14 0x0000000000000000 mem 0x0000000080031f34
core   0: 0x000000008000ff20 (0x0ff77713) andi    a4, a4, 255
core   0: 3 0x000000008000ff20 (0x0ff77713) x14 0x0000000000000000
core   0: 0x000000008000ff24 (0x00e78023) sb      a4, 0(a5)
core   0: 3 0x000000008000ff24 (0x00e78023) mem 0x00000000800120d4 0x00
core   0: 0x000000008000ff28 (0xfc843703) ld      a4, -56(s0)
core   0: 3 0x000000008000ff28 (0xfc843703) x14 0x0000000080012040 mem 0x0000000080031f38
core   0: 0x000000008000ff2c (0xfb843783) ld      a5, -72(s0)
core   0: 3 0x000000008000ff2c (0xfb843783) x15 0x000000000000009c mem 0x0000000080031f28
core   0: 0x000000008000ff30 (0x000097ba) c.add   a5, a4
core   0: 3 0x000000008000ff30 (0x97ba) x15 0x00000000800120dc
core   0: 0x000000008000ff32 (0xfe043703) ld      a4, -32(s0)
core   0: 3 0x000000008000ff32 (0xfe043703) x14 0x00000000800120d5 mem 0x0000000080031f50
core   0: 0x000000008000ff36 (0xfcf76de3) bltu    a4, a5, pc - 38
core   0: 3 0x000000008000ff36 (0xfcf76de3)
core   0: 0x000000008000ff10 (0xfe043783) ld      a5, -32(s0)
core   0: 3 0x000000008000ff10 (0xfe043783) x15 0x00000000800120d5 mem 0x0000000080031f50
core   0: 0x000000008000ff14 (0x00178713) addi    a4, a5, 1
core   0: 3 0x000000008000ff14 (0x00178713) x14 0x00000000800120d6
core   0: 0x000000008000ff18 (0xfee43023) sd      a4, -32(s0)
core   0: 3 0x000000008000ff18 (0xfee43023) mem 0x0000000080031f50 0x00000000800120d6
core   0: 0x000000008000ff1c (0xfc442703) lw      a4, -60(s0)
core   0: 3 0x000000008000ff1c (0xfc442703) x14 0x0000000000000000 mem 0x0000000080031f34
core   0: 0x000000008000ff20 (0x0ff77713) andi    a4, a4, 255
core   0: 3 0x000000008000ff20 (0x0ff77713) x14 0x0000000000000000
core   0: 0x000000008000ff24 (0x00e78023) sb      a4, 0(a5)
core   0: 3 0x000000008000ff24 (0x00e78023) mem 0x00000000800120d5 0x00
core   0: 0x000000008000ff28 (0xfc843703) ld      a4, -56(s0)
core   0: 3 0x000000008000ff28 (0xfc843703) x14 0x0000000080012040 mem 0x0000000080031f38
core   0: 0x000000008000ff2c (0xfb843783) ld      a5, -72(s0)
core   0: 3 0x000000008000ff2c (0xfb843783) x15 0x000000000000009c mem 0x0000000080031f28
core   0: 0x000000008000ff30 (0x000097ba) c.add   a5, a4
core   0: 3 0x000000008000ff30 (0x97ba) x15 0x00000000800120dc
core   0: 0x000000008000ff32 (0xfe043703) ld      a4, -32(s0)
core   0: 3 0x000000008000ff32 (0xfe043703) x14 0x00000000800120d6 mem 0x0000000080031f50
core   0: 0x000000008000ff36 (0xfcf76de3) bltu    a4, a5, pc - 38
core   0: 3 0x000000008000ff36 (0xfcf76de3)
core   0: 0x000000008000ff10 (0xfe043783) ld      a5, -32(s0)
core   0: 3 0x000000008000ff10 (0xfe043783) x15 0x00000000800120d6 mem 0x0000000080031f50
core   0: 0x000000008000ff14 (0x00178713) addi    a4, a5, 1
core   0: 3 0x000000008000ff14 (0x00178713) x14 0x00000000800120d7
core   0: 0x000000008000ff18 (0xfee43023) sd      a4, -32(s0)
core   0: 3 0x000000008000ff18 (0xfee43023) mem 0x0000000080031f50 0x00000000800120d7
core   0: 0x000000008000ff1c (0xfc442703) lw      a4, -60(s0)
core   0: 3 0x000000008000ff1c (0xfc442703) x14 0x0000000000000000 mem 0x0000000080031f34
core   0: 0x000000008000ff20 (0x0ff77713) andi    a4, a4, 255
core   0: 3 0x000000008000ff20 (0x0ff77713) x14 0x0000000000000000
core   0: 0x000000008000ff24 (0x00e78023) sb      a4, 0(a5)
core   0: 3 0x000000008000ff24 (0x00e78023) mem 0x00000000800120d6 0x00
core   0: 0x000000008000ff28 (0xfc843703) ld      a4, -56(s0)
core   0: 3 0x000000008000ff28 (0xfc843703) x14 0x0000000080012040 mem 0x0000000080031f38
core   0: 0x000000008000ff2c (0xfb843783) ld      a5, -72(s0)
core   0: 3 0x000000008000ff2c (0xfb843783) x15 0x000000000000009c mem 0x0000000080031f28
core   0: 0x000000008000ff30 (0x000097ba) c.add   a5, a4
core   0: 3 0x000000008000ff30 (0x97ba) x15 0x00000000800120dc
core   0: 0x000000008000ff32 (0xfe043703) ld      a4, -32(s0)
core   0: 3 0x000000008000ff32 (0xfe043703) x14 0x00000000800120d7 mem 0x0000000080031f50
core   0: 0x000000008000ff36 (0xfcf76de3) bltu    a4, a5, pc - 38
core   0: 3 0x000000008000ff36 (0xfcf76de3)
core   0: 0x000000008000ff10 (0xfe043783) ld      a5, -32(s0)
core   0: 3 0x000000008000ff10 (0xfe043783) x15 0x00000000800120d7 mem 0x0000000080031f50
core   0: 0x000000008000ff14 (0x00178713) addi    a4, a5, 1
core   0: 3 0x000000008000ff14 (0x00178713) x14 0x00000000800120d8
core   0: 0x000000008000ff18 (0xfee43023) sd      a4, -32(s0)
core   0: 3 0x000000008000ff18 (0xfee43023) mem 0x0000000080031f50 0x00000000800120d8
core   0: 0x000000008000ff1c (0xfc442703) lw      a4, -60(s0)
core   0: 3 0x000000008000ff1c (0xfc442703) x14 0x0000000000000000 mem 0x0000000080031f34
core   0: 0x000000008000ff20 (0x0ff77713) andi    a4, a4, 255
core   0: 3 0x000000008000ff20 (0x0ff77713) x14 0x0000000000000000
core   0: 0x000000008000ff24 (0x00e78023) sb      a4, 0(a5)
core   0: 3 0x000000008000ff24 (0x00e78023) mem 0x00000000800120d7 0x00
core   0: 0x000000008000ff28 (0xfc843703) ld      a4, -56(s0)
core   0: 3 0x000000008000ff28 (0xfc843703) x14 0x0000000080012040 mem 0x0000000080031f38
core   0: 0x000000008000ff2c (0xfb843783) ld      a5, -72(s0)
core   0: 3 0x000000008000ff2c (0xfb843783) x15 0x000000000000009c mem 0x0000000080031f28
core   0: 0x000000008000ff30 (0x000097ba) c.add   a5, a4
core   0: 3 0x000000008000ff30 (0x97ba) x15 0x00000000800120dc
core   0: 0x000000008000ff32 (0xfe043703) ld      a4, -32(s0)
core   0: 3 0x000000008000ff32 (0xfe043703) x14 0x00000000800120d8 mem 0x0000000080031f50
core   0: 0x000000008000ff36 (0xfcf76de3) bltu    a4, a5, pc - 38
core   0: 3 0x000000008000ff36 (0xfcf76de3)
core   0: 0x000000008000ff10 (0xfe043783) ld      a5, -32(s0)
core   0: 3 0x000000008000ff10 (0xfe043783) x15 0x00000000800120d8 mem 0x0000000080031f50
core   0: 0x000000008000ff14 (0x00178713) addi    a4, a5, 1
core   0: 3 0x000000008000ff14 (0x00178713) x14 0x00000000800120d9
core   0: 0x000000008000ff18 (0xfee43023) sd      a4, -32(s0)
core   0: 3 0x000000008000ff18 (0xfee43023) mem 0x0000000080031f50 0x00000000800120d9
core   0: 0x000000008000ff1c (0xfc442703) lw      a4, -60(s0)
core   0: 3 0x000000008000ff1c (0xfc442703) x14 0x0000000000000000 mem 0x0000000080031f34
core   0: 0x000000008000ff20 (0x0ff77713) andi    a4, a4, 255
core   0: 3 0x000000008000ff20 (0x0ff77713) x14 0x0000000000000000
core   0: 0x000000008000ff24 (0x00e78023) sb      a4, 0(a5)
core   0: 3 0x000000008000ff24 (0x00e78023) mem 0x00000000800120d8 0x00
core   0: 0x000000008000ff28 (0xfc843703) ld      a4, -56(s0)
core   0: 3 0x000000008000ff28 (0xfc843703) x14 0x0000000080012040 mem 0x0000000080031f38
core   0: 0x000000008000ff2c (0xfb843783) ld      a5, -72(s0)
core   0: 3 0x000000008000ff2c (0xfb843783) x15 0x000000000000009c mem 0x0000000080031f28
core   0: 0x000000008000ff30 (0x000097ba) c.add   a5, a4
core   0: 3 0x000000008000ff30 (0x97ba) x15 0x00000000800120dc
core   0: 0x000000008000ff32 (0xfe043703) ld      a4, -32(s0)
core   0: 3 0x000000008000ff32 (0xfe043703) x14 0x00000000800120d9 mem 0x0000000080031f50
core   0: 0x000000008000ff36 (0xfcf76de3) bltu    a4, a5, pc - 38
core   0: 3 0x000000008000ff36 (0xfcf76de3)
core   0: 0x000000008000ff10 (0xfe043783) ld      a5, -32(s0)
core   0: 3 0x000000008000ff10 (0xfe043783) x15 0x00000000800120d9 mem 0x0000000080031f50
core   0: 0x000000008000ff14 (0x00178713) addi    a4, a5, 1
core   0: 3 0x000000008000ff14 (0x00178713) x14 0x00000000800120da
core   0: 0x000000008000ff18 (0xfee43023) sd      a4, -32(s0)
core   0: 3 0x000000008000ff18 (0xfee43023) mem 0x0000000080031f50 0x00000000800120da
core   0: 0x000000008000ff1c (0xfc442703) lw      a4, -60(s0)
core   0: 3 0x000000008000ff1c (0xfc442703) x14 0x0000000000000000 mem 0x0000000080031f34
core   0: 0x000000008000ff20 (0x0ff77713) andi    a4, a4, 255
core   0: 3 0x000000008000ff20 (0x0ff77713) x14 0x0000000000000000
core   0: 0x000000008000ff24 (0x00e78023) sb      a4, 0(a5)
core   0: 3 0x000000008000ff24 (0x00e78023) mem 0x00000000800120d9 0x00
core   0: 0x000000008000ff28 (0xfc843703) ld      a4, -56(s0)
core   0: 3 0x000000008000ff28 (0xfc843703) x14 0x0000000080012040 mem 0x0000000080031f38
core   0: 0x000000008000ff2c (0xfb843783) ld      a5, -72(s0)
core   0: 3 0x000000008000ff2c (0xfb843783) x15 0x000000000000009c mem 0x0000000080031f28
core   0: 0x000000008000ff30 (0x000097ba) c.add   a5, a4
core   0: 3 0x000000008000ff30 (0x97ba) x15 0x00000000800120dc
core   0: 0x000000008000ff32 (0xfe043703) ld      a4, -32(s0)
core   0: 3 0x000000008000ff32 (0xfe043703) x14 0x00000000800120da mem 0x0000000080031f50
core   0: 0x000000008000ff36 (0xfcf76de3) bltu    a4, a5, pc - 38
core   0: 3 0x000000008000ff36 (0xfcf76de3)
core   0: 0x000000008000ff10 (0xfe043783) ld      a5, -32(s0)
core   0: 3 0x000000008000ff10 (0xfe043783) x15 0x00000000800120da mem 0x0000000080031f50
core   0: 0x000000008000ff14 (0x00178713) addi    a4, a5, 1
core   0: 3 0x000000008000ff14 (0x00178713) x14 0x00000000800120db
core   0: 0x000000008000ff18 (0xfee43023) sd      a4, -32(s0)
core   0: 3 0x000000008000ff18 (0xfee43023) mem 0x0000000080031f50 0x00000000800120db
core   0: 0x000000008000ff1c (0xfc442703) lw      a4, -60(s0)
core   0: 3 0x000000008000ff1c (0xfc442703) x14 0x0000000000000000 mem 0x0000000080031f34
core   0: 0x000000008000ff20 (0x0ff77713) andi    a4, a4, 255
core   0: 3 0x000000008000ff20 (0x0ff77713) x14 0x0000000000000000
core   0: 0x000000008000ff24 (0x00e78023) sb      a4, 0(a5)
core   0: 3 0x000000008000ff24 (0x00e78023) mem 0x00000000800120da 0x00
core   0: 0x000000008000ff28 (0xfc843703) ld      a4, -56(s0)
core   0: 3 0x000000008000ff28 (0xfc843703) x14 0x0000000080012040 mem 0x0000000080031f38
core   0: 0x000000008000ff2c (0xfb843783) ld      a5, -72(s0)
core   0: 3 0x000000008000ff2c (0xfb843783) x15 0x000000000000009c mem 0x0000000080031f28
core   0: 0x000000008000ff30 (0x000097ba) c.add   a5, a4
core   0: 3 0x000000008000ff30 (0x97ba) x15 0x00000000800120dc
core   0: 0x000000008000ff32 (0xfe043703) ld      a4, -32(s0)
core   0: 3 0x000000008000ff32 (0xfe043703) x14 0x00000000800120db mem 0x0000000080031f50
core   0: 0x000000008000ff36 (0xfcf76de3) bltu    a4, a5, pc - 38
core   0: 3 0x000000008000ff36 (0xfcf76de3)
core   0: 0x000000008000ff10 (0xfe043783) ld      a5, -32(s0)
core   0: 3 0x000000008000ff10 (0xfe043783) x15 0x00000000800120db mem 0x0000000080031f50
core   0: 0x000000008000ff14 (0x00178713) addi    a4, a5, 1
core   0: 3 0x000000008000ff14 (0x00178713) x14 0x00000000800120dc
core   0: 0x000000008000ff18 (0xfee43023) sd      a4, -32(s0)
core   0: 3 0x000000008000ff18 (0xfee43023) mem 0x0000000080031f50 0x00000000800120dc
core   0: 0x000000008000ff1c (0xfc442703) lw      a4, -60(s0)
core   0: 3 0x000000008000ff1c (0xfc442703) x14 0x0000000000000000 mem 0x0000000080031f34
core   0: 0x000000008000ff20 (0x0ff77713) andi    a4, a4, 255
core   0: 3 0x000000008000ff20 (0x0ff77713) x14 0x0000000000000000
core   0: 0x000000008000ff24 (0x00e78023) sb      a4, 0(a5)
core   0: 3 0x000000008000ff24 (0x00e78023) mem 0x00000000800120db 0x00
core   0: 0x000000008000ff28 (0xfc843703) ld      a4, -56(s0)
core   0: 3 0x000000008000ff28 (0xfc843703) x14 0x0000000080012040 mem 0x0000000080031f38
core   0: 0x000000008000ff2c (0xfb843783) ld      a5, -72(s0)
core   0: 3 0x000000008000ff2c (0xfb843783) x15 0x000000000000009c mem 0x0000000080031f28
core   0: 0x000000008000ff30 (0x000097ba) c.add   a5, a4
core   0: 3 0x000000008000ff30 (0x97ba) x15 0x00000000800120dc
core   0: 0x000000008000ff32 (0xfe043703) ld      a4, -32(s0)
core   0: 3 0x000000008000ff32 (0xfe043703) x14 0x00000000800120dc mem 0x0000000080031f50
core   0: 0x000000008000ff36 (0xfcf76de3) bltu    a4, a5, pc - 38
core   0: 3 0x000000008000ff36 (0xfcf76de3)
core   0: 0x000000008000ff3a (0xfc843783) ld      a5, -56(s0)
core   0: 3 0x000000008000ff3a (0xfc843783) x15 0x0000000080012040 mem 0x0000000080031f38
core   0: 0x000000008000ff3e (0x0000853e) c.mv    a0, a5
core   0: 3 0x000000008000ff3e (0x853e) x10 0x0000000080012040
core   0: 0x000000008000ff40 (0x00006426) c.ldsp  s0, 72(sp)
core   0: 3 0x000000008000ff40 (0x6426) x8  0x0000000080031f90 mem 0x0000000080031f68
core   0: 0x000000008000ff42 (0x00006161) c.addi16sp sp, 80
core   0: 3 0x000000008000ff42 (0x6161) x2  0x0000000080031f70
core   0: 0x000000008000ff44 (0x00008082) ret
core   0: 3 0x000000008000ff44 (0x8082)
core   0: 0x000000008000f4f8 (0x00000001) c.nop
core   0: 3 0x000000008000f4f8 (0x0001)
core   0: 0x000000008000f4fa (0x000060e2) c.ldsp  ra, 24(sp)
core   0: 3 0x000000008000f4fa (0x60e2) x1  0x000000008000f538 mem 0x0000000080031f88
core   0: 0x000000008000f4fc (0x00006442) c.ldsp  s0, 16(sp)
core   0: 3 0x000000008000f4fc (0x6442) x8  0x0000000080032040 mem 0x0000000080031f80
core   0: 0x000000008000f4fe (0x00006105) c.addi16sp sp, 32
core   0: 3 0x000000008000f4fe (0x6105) x2  0x0000000080031f90
core   0: 0x000000008000f500 (0x00008082) ret
core   0: 3 0x000000008000f500 (0x8082)
core   0: 0x000000008000f538 (0xf5842703) lw      a4, -168(s0)
core   0: 3 0x000000008000f538 (0xf5842703) x14 0x0000000000000001 mem 0x0000000080031f98
core   0: 0x000000008000f53c (0xf5c42783) lw      a5, -164(s0)
core   0: 3 0x000000008000f53c (0xf5c42783) x15 0x0000000000000000 mem 0x0000000080031f9c
core   0: 0x000000008000f540 (0x000085ba) c.mv    a1, a4
core   0: 3 0x000000008000f540 (0x85ba) x11 0x0000000000000001
core   0: 0x000000008000f542 (0x0000853e) c.mv    a0, a5
core   0: 3 0x000000008000f542 (0x853e) x10 0x0000000000000000
core   0: 0x000000008000f544 (0xf03ff0ef) jal     pc - 0xfe
core   0: 3 0x000000008000f544 (0xf03ff0ef) x1  0x000000008000f548
core   0: >>>>  thread_entry
core   0: 0x000000008000f446 (0x00001101) c.addi  sp, -32
core   0: 3 0x000000008000f446 (0x1101) x2  0x0000000080031f70
core   0: 0x000000008000f448 (0x0000ec22) c.sdsp  s0, 24(sp)
core   0: 3 0x000000008000f448 (0xec22) mem 0x0000000080031f88 0x0000000080032040
core   0: 0x000000008000f44a (0x00001000) c.addi4spn s0, sp, 32
core   0: 3 0x000000008000f44a (0x1000) x8  0x0000000080031f90
core   0: 0x000000008000f44c (0x000087aa) c.mv    a5, a0
core   0: 3 0x000000008000f44c (0x87aa) x15 0x0000000000000000
core   0: 0x000000008000f44e (0x0000872e) c.mv    a4, a1
core   0: 3 0x000000008000f44e (0x872e) x14 0x0000000000000001
core   0: 0x000000008000f450 (0xfef42623) sw      a5, -20(s0)
core   0: 3 0x000000008000f450 (0xfef42623) mem 0x0000000080031f7c 0x00000000
core   0: 0x000000008000f454 (0x000087ba) c.mv    a5, a4
core   0: 3 0x000000008000f454 (0x87ba) x15 0x0000000000000001
core   0: 0x000000008000f456 (0xfef42423) sw      a5, -24(s0)
core   0: 3 0x000000008000f456 (0xfef42423) mem 0x0000000080031f78 0x00000001
core   0: 0x000000008000f45a (0x00000001) c.nop
core   0: 3 0x000000008000f45a (0x0001)
core   0: 0x000000008000f45c (0xfec42783) lw      a5, -20(s0)
core   0: 3 0x000000008000f45c (0xfec42783) x15 0x0000000000000000 mem 0x0000000080031f7c
core   0: 0x000000008000f460 (0x00002781) c.addiw a5, 0
core   0: 3 0x000000008000f460 (0x2781) x15 0x0000000000000000
core   0: 0x000000008000f462 (0x0000ffed) c.bnez  a5, pc - 6
core   0: 3 0x000000008000f462 (0xffed)
core   0: 0x000000008000f464 (0x00000001) c.nop
core   0: 3 0x000000008000f464 (0x0001)
core   0: 0x000000008000f466 (0x00000001) c.nop
core   0: 3 0x000000008000f466 (0x0001)
core   0: 0x000000008000f468 (0x00006462) c.ldsp  s0, 24(sp)
core   0: 3 0x000000008000f468 (0x6462) x8  0x0000000080032040 mem 0x0000000080031f88
core   0: 0x000000008000f46a (0x00006105) c.addi16sp sp, 32
core   0: 3 0x000000008000f46a (0x6105) x2  0x0000000080031f90
core   0: 0x000000008000f46c (0x00008082) ret
core   0: 3 0x000000008000f46c (0x8082)
core   0: 0x000000008000f548 (0x00004581) c.li    a1, 0
core   0: 3 0x000000008000f548 (0x4581) x11 0x0000000000000000
core   0: 0x000000008000f54a (0x00004501) c.li    a0, 0
core   0: 3 0x000000008000f54a (0x4501) x10 0x0000000000000000
core   0: 0x000000008000f54c (0xab5f20ef) jal     pc - 0xd54c
core   0: 3 0x000000008000f54c (0xab5f20ef) x1  0x000000008000f550
core   0: >>>>  main
core   0: 0x0000000080002000 (0x00000001) c.nop
core   0: 3 0x0000000080002000 (0x0001)
core   0: >>>>  trap_vec_init
core   0: 0x0000000080002002 (0x00002797) auipc   a5, 0x2
core   0: 3 0x0000000080002002 (0x00002797) x15 0x0000000080004002
core   0: 0x0000000080002006 (0xffe78793) addi    a5, a5, -2
core   0: 3 0x0000000080002006 (0xffe78793) x15 0x0000000080004000
core   0: 0x000000008000200a (0x30579073) csrrw   zero, mtvec, a5
core   0: 3 0x000000008000200a (0x30579073) c773_mtvec 0x0000000080004000
core   0: >>>>  pmp_setup
core   0: 0x000000008000200e (0x00002c17) auipc   s8, 0x2
core   0: 3 0x000000008000200e (0x00002c17) x24 0x000000008000400e
core   0: 0x0000000080002012 (0x022c0c13) addi    s8, s8, 34
core   0: 3 0x0000000080002012 (0x022c0c13) x24 0x0000000080004030
core   0: 0x0000000080002016 (0x00004781) c.li    a5, 0
core   0: 3 0x0000000080002016 (0x4781) x15 0x0000000000000000
core   0: 0x0000000080002018 (0x00009c3e) c.add   s8, a5
core   0: 3 0x0000000080002018 (0x9c3e) x24 0x0000000080004030
core   0: 0x000000008000201a (0x3b0c1073) csrrw   zero, pmpaddr0, s8
core   0: 3 0x000000008000201a (0x3b0c1073) c944_pmpaddr0 0x0000000080004030
core   0: 0x000000008000201e (0x00004c3d) c.li    s8, 15
core   0: 3 0x000000008000201e (0x4c3d) x24 0x000000000000000f
core   0: 0x0000000080002020 (0x3a0c1073) csrrw   zero, pmpcfg0, s8
core   0: 3 0x0000000080002020 (0x3a0c1073) c928_pmpcfg0 0x000000000000000f
core   0: 0x0000000080002024 (0x12000073) sfence.vma zero, zero
core   0: 3 0x0000000080002024 (0x12000073)
core   0: >>>>  mepc_setup
core   0: 0x0000000080002028 (0x00002797) auipc   a5, 0x2
core   0: 3 0x0000000080002028 (0x00002797) x15 0x0000000080004028
core   0: 0x000000008000202c (0x00878793) addi    a5, a5, 8
core   0: 3 0x000000008000202c (0x00878793) x15 0x0000000080004030
core   0: 0x0000000080002030 (0x34179073) csrrw   zero, mepc, a5
core   0: 3 0x0000000080002030 (0x34179073) c833_mepc 0x0000000080004030
core   0: >>>>  custom_csr_setup
core   0: 0x0000000080002034 (0x00100f9b) addiw   t6, zero, 1
core   0: 3 0x0000000080002034 (0x00100f9b) x31 0x0000000000000001
core   0: 0x0000000080002038 (0x00000ffe) c.slli  t6, 31
core   0: 3 0x0000000080002038 (0x0ffe) x31 0x0000000080000000
core   0: 0x000000008000203a (0x00000001) c.nop
core   0: 3 0x000000008000203a (0x0001)
core   0: >>>>  init_s_mode
core   0: 0x000000008000203c (0xfff0079b) addiw   a5, zero, -1
core   0: 3 0x000000008000203c (0xfff0079b) x15 0xffffffffffffffff
core   0: 0x0000000080002040 (0x000017fe) c.slli  a5, 63
core   0: 3 0x0000000080002040 (0x17fe) x15 0x8000000000000000
core   0: 0x0000000080002042 (0x18079073) csrrw   zero, satp, a5
core   0: 3 0x0000000080002042 (0x18079073) c384_satp 0x8000000000000000
core   0: 0x0000000080002046 (0x0000f797) auipc   a5, 0xf
core   0: 3 0x0000000080002046 (0x0000f797) x15 0x0000000080011046
core   0: 0x000000008000204a (0xfba78793) addi    a5, a5, -70
core   0: 3 0x000000008000204a (0xfba78793) x15 0x0000000080011000
core   0: 0x000000008000204e (0x000083b1) c.srli  a5, 12
core   0: 3 0x000000008000204e (0x83b1) x15 0x0000000000080011
core   0: 0x0000000080002050 (0x0010061b) addiw   a2, zero, 1
core   0: 3 0x0000000080002050 (0x0010061b) x12 0x0000000000000001
core   0: 0x0000000080002054 (0x00001632) c.slli  a2, 44
core   0: 3 0x0000000080002054 (0x1632) x12 0x0000100000000000
core   0: 0x0000000080002056 (0x0000167d) c.addi  a2, -1
core   0: 3 0x0000000080002056 (0x167d) x12 0x00000fffffffffff
core   0: 0x0000000080002058 (0x00008ff1) c.and   a5, a2
core   0: 3 0x0000000080002058 (0x8ff1) x15 0x0000000000080011
core   0: 0x000000008000205a (0x1807a073) csrrs   zero, satp, a5
core   0: 3 0x000000008000205a (0x1807a073) c384_satp 0x8000000000080011
core   0: 0x000000008000205e (0x00a005b7) lui     a1, 0xa00
core   0: 3 0x000000008000205e (0x00a005b7) x11 0x0000000000a00000
core   0: 0x0000000080002062 (0x10b5859b) addiw   a1, a1, 267
core   0: 3 0x0000000080002062 (0x10b5859b) x11 0x0000000000a0010b
core   0: 0x0000000080002066 (0x000005b2) c.slli  a1, 12
core   0: 3 0x0000000080002066 (0x05b2) x11 0x0000000a0010b000
core   0: 0x0000000080002068 (0xa0058593) addi    a1, a1, -1536
core   0: 3 0x0000000080002068 (0xa0058593) x11 0x0000000a0010aa00
core   0: 0x000000008000206c (0x30059073) csrrw   zero, mstatus, a1
core   0: 3 0x000000008000206c (0x30059073) c768_mstatus 0x0000000a00102800
core   0: 0x0000000080002070 (0x30459073) csrrw   zero, mie, a1
core   0: 3 0x0000000080002070 (0x30459073) c772_mie 0x0000000000000a00
core   0: 0x0000000080002074 (0x00a005b7) lui     a1, 0xa00
core   0: 3 0x0000000080002074 (0x00a005b7) x11 0x0000000000a00000
core   0: 0x0000000080002078 (0x10b5859b) addiw   a1, a1, 267
core   0: 3 0x0000000080002078 (0x10b5859b) x11 0x0000000000a0010b
core   0: 0x000000008000207c (0x000005b2) c.slli  a1, 12
core   0: 3 0x000000008000207c (0x05b2) x11 0x0000000a0010b000
core   0: 0x000000008000207e (0xa0058593) addi    a1, a1, -1536
core   0: 3 0x000000008000207e (0xa0058593) x11 0x0000000a0010aa00
core   0: 0x0000000080002082 (0x10059073) csrrw   zero, sstatus, a1
core   0: 3 0x0000000080002082 (0x10059073) c768_mstatus 0x0000000a00102800
core   0: 0x0000000080002086 (0x10459073) csrrw   zero, sie, a1
core   0: 3 0x0000000080002086 (0x10459073) c772_mie 0x0000000000000a00
core   0: 0x000000008000208a (0x30200073) mret
core   0: 3 0x000000008000208a (0x30200073) c768_mstatus 0x0000000a00102080
core   0: >>>>  main_g
core   0: 0x0000000080004030 (0x005523b3) slt     t2, a0, t0
core   0: 1 0x0000000080004030 (0x005523b3) x7  0x0000000000000001
core   0: 0x0000000080004034 (0xbb7d764f) fnmadd.d fa2, fs10, fs7, fs7
core   0: 1 0x0000000080004034 (0xbb7d764f) c768_mstatus 0x8000000a00106080 f12 0x7ff8000000000000
core   0: 0x0000000080004038 (0xc22c78d3) fcvt.l.d a7, fs8
core   0: 1 0x0000000080004038 (0xc22c78d3) c1_fflags 0x0000000000000010 x17 0x7fffffffffffffff
core   0: 0x000000008000403c (0x1adb7853) fdiv.d  fa6, fs6, fa3
core   0: 1 0x000000008000403c (0x1adb7853) f16 0x7ff8000000000000
core   0: 0x0000000080004040 (0x40380433) sub     s0, a6, gp
core   0: 1 0x0000000080004040 (0x40380433) x8  0xffffffff7ffed7d8
core   0: 0x0000000080004044 (0x4199093b) subw    s2, s2, s9
core   0: 1 0x0000000080004044 (0x4199093b) x18 0x0000000000000000
core   0: 0x0000000080004048 (0x6f268313) addi    t1, a3, 1778
core   0: 1 0x0000000080004048 (0x6f268313) x6  0x00000000000006f2
core   0: 0x000000008000404c (0x40e4873b) subw    a4, s1, a4
core   0: 1 0x000000008000404c (0x40e4873b) x14 0xffffffff80031fbf
core   0: 0x0000000080004050 (0x0a7e7e53) fsub.d  ft8, ft8, ft7
core   0: 1 0x0000000080004050 (0x0a7e7e53) f28 0x7ff8000000000000
core   0: 0x0000000080004054 (0x1b01fad3) fdiv.d  fs5, ft3, fa6
core   0: 1 0x0000000080004054 (0x1b01fad3) f21 0x7ff8000000000000
core   0: 0x0000000080004058 (0x51f91a37) lui     s4, 0x51f91
core   0: 1 0x0000000080004058 (0x51f91a37) x20 0x0000000051f91000
core   0: 0x000000008000405c (0x416a0c33) sub     s8, s4, s6
core   0: 1 0x000000008000405c (0x416a0c33) x24 0x0000000051f91000
core   0: 0x0000000080004060 (0x5a0d79d3) fsqrt.d fs3, fs10
core   0: 1 0x0000000080004060 (0x5a0d79d3) f19 0x7ff8000000000000
core   0: 0x0000000080004064 (0x0382e93b) remw    s2, t0, s8
core   0: 1 0x0000000080004064 (0x0382e93b) x18 0xffffffffd1f91124
core   0: 0x0000000080004068 (0x00e8921b) slliw   tp, a7, 14
core   0: 1 0x0000000080004068 (0x00e8921b) x4  0xffffffffffffc000
core   0: 0x000000008000406c (0x12e1f753) fmul.d  fa4, ft3, fa4
core   0: 1 0x000000008000406c (0x12e1f753) f14 0x7ff8000000000000
core   0: 0x0000000080004070 (0x4006d81b) sraiw   a6, a3, 0
core   0: 1 0x0000000080004070 (0x4006d81b) x16 0x0000000000000000
core   0: 0x0000000080004074 (0x02bac333) div     t1, s5, a1
core   0: 1 0x0000000080004074 (0x02bac333) x6  0x0000000000000000
core   0: 0x0000000080004078 (0x0046de3b) srlw    t3, a3, tp
core   0: 1 0x0000000080004078 (0x0046de3b) x28 0x0000000000000000
core   0: 0x000000008000407c (0x41de003b) subw    zero, t3, t4
core   0: 1 0x000000008000407c (0x41de003b)
core   0: 0x0000000080004080 (0x00021233) sll     tp, tp, zero
core   0: 1 0x0000000080004080 (0x00021233) x4  0xffffffffffffc000
core   0: 0x0000000080004084 (0x40158433) sub     s0, a1, ra
core   0: 1 0x0000000080004084 (0x40158433) x8  0x00000009800fb4b0
core   0: 0x0000000080004088 (0x0004529b) srliw   t0, s0, 0
core   0: 1 0x0000000080004088 (0x0004529b) x5  0xffffffff800fb4b0
core   0: 0x000000008000408c (0xc239f3d3) fcvt.lu.d t2, fs3
core   0: 1 0x000000008000408c (0xc239f3d3) c1_fflags 0x0000000000000010 x7  0xffffffffffffffff
core   0: 0x0000000080004090 (0x414c5293) srai    t0, s8, 20
core   0: 1 0x0000000080004090 (0x414c5293) x5  0x000000000000051f
core   0: 0x0000000080004094 (0x0238a1b3) mulhsu  gp, a7, gp
core   0: 1 0x0000000080004094 (0x0238a1b3) x3  0x0000000040009413
core   0: 0x0000000080004098 (0x41135b3b) sraw    s6, t1, a7
core   0: 1 0x0000000080004098 (0x41135b3b) x22 0x0000000000000000
core   0: 0x000000008000409c (0x001025f3) csrrs   a1, fflags, zero
core   0: 1 0x000000008000409c (0x001025f3) x11 0x0000000000000010
core   0: 0x00000000800040a0 (0x024842b3) div     t0, a6, tp
core   0: 1 0x00000000800040a0 (0x024842b3) x5  0x0000000000000000
core   0: 0x00000000800040a4 (0x4017f4d3) fcvt.s.d fs1, fa5
core   0: 1 0x00000000800040a4 (0x4017f4d3) f9  0xffffffff7fc00000
core   0: 0x00000000800040a8 (0x34039973) csrrw   s2, mscratch, t2
core   0: exception trap_illegal_instruction, epc 0x00000000800040a8
core   0:           tval 0x0000000034039973
core   0: >>>>  $xrv64i2p1_m2p0_a2p1_f2p2_d2p2_zicsr2p0_zifencei2p0_zmmul1p0_zba1p0_zbb1p0_zbc1p0_zbs1p0
core   0: 0x0000000080004000 (0x0080006f) j       pc + 0x8
core   0: 3 0x0000000080004000 (0x0080006f)
core   0: >>>>  mmode_exception_handler
core   0: 0x0000000080004008 (0x00002c17) auipc   s8, 0x2
core   0: 3 0x0000000080004008 (0x00002c17) x24 0x0000000080006008
core   0: 0x000000008000400c (0x042c0c13) addi    s8, s8, 66
core   0: 3 0x000000008000400c (0x042c0c13) x24 0x000000008000604a
core   0: 0x0000000080004010 (0x000c00e7) jalr    s8
core   0: 3 0x0000000080004010 (0x000c00e7) x1  0x0000000080004014
core   0: >>>>  any_handler
core   0: 0x000000008000604a (0x341027f3) csrrs   a5, mepc, zero
core   0: 3 0x000000008000604a (0x341027f3) x15 0x00000000800040a8
core   0: 0x000000008000604e (0x34202773) csrrs   a4, mcause, zero
core   0: 3 0x000000008000604e (0x34202773) x14 0x0000000000000002
core   0: 0x0000000080006052 (0x142026f3) csrrs   a3, scause, zero
core   0: 3 0x0000000080006052 (0x142026f3) x13 0x0000000000000000
core   0: 0x0000000080006056 (0x30402673) csrrs   a2, mie, zero
core   0: 3 0x0000000080006056 (0x30402673) x12 0x0000000000000a00
core   0: 0x000000008000605a (0x344025f3) csrrs   a1, mip, zero
core   0: 3 0x000000008000605a (0x344025f3) x11 0x0000000000000080
core   0: 0x000000008000605e (0x343025f3) csrrs   a1, mtval, zero
core   0: 3 0x000000008000605e (0x343025f3) x11 0x0000000034039973
core   0: 0x0000000080006062 (0x14302573) csrrs   a0, stval, zero
core   0: 3 0x0000000080006062 (0x14302573) x10 0x0000000000000000
core   0: 0x0000000080006066 (0xb02024f3) csrrs   s1, minstret, zero
core   0: 3 0x0000000080006066 (0xb02024f3) x9  0x00000000000007e9
core   0: 0x000000008000606a (0x0000a811) c.j     pc + 20
core   0: 3 0x000000008000606a (0xa811)
core   0: >>>>  mepc_4
core   0: 0x000000008000607e (0x00000791) c.addi  a5, 4
core   0: 3 0x000000008000607e (0x0791) x15 0x00000000800040ac
core   0: 0x0000000080006080 (0x34179073) csrrw   zero, mepc, a5
core   0: 3 0x0000000080006080 (0x34179073) c833_mepc 0x00000000800040ac
core   0: 0x0000000080006084 (0x30200073) mret
core   0: 3 0x0000000080006084 (0x30200073) c768_mstatus 0x8000000a00106080
core   0: 0x00000000800040ac (0x0298f7d3) fadd.d  fa5, fa7, fs1
core   0: 1 0x00000000800040ac (0x0298f7d3) f15 0x7ff8000000000000
core   0: 0x00000000800040b0 (0xa2980ed3) fle.d   t4, fa6, fs1
core   0: 1 0x00000000800040b0 (0xa2980ed3) c1_fflags 0x0000000000000010 x29 0x0000000000000000
core   0: 0x00000000800040b4 (0xd236f853) fcvt.d.lu fa6, a3
core   0: 1 0x00000000800040b4 (0xd236f853) f16 0x0000000000000000
core   0: 0x00000000800040b8 (0x400d551b) sraiw   a0, s10, 0
core   0: 1 0x00000000800040b8 (0x400d551b) x10 0x0000000000000000
core   0: 0x00000000800040bc (0x00ced633) srl     a2, t4, a2
core   0: 1 0x00000000800040bc (0x00ced633) x12 0x0000000000000000
core   0: 0x00000000800040c0 (0xc0205873) csrrwi  a6, instret, 0
core   0: exception trap_illegal_instruction, epc 0x00000000800040c0
core   0:           tval 0x00000000c0205873
core   0: >>>>  $xrv64i2p1_m2p0_a2p1_f2p2_d2p2_zicsr2p0_zifencei2p0_zmmul1p0_zba1p0_zbb1p0_zbc1p0_zbs1p0
core   0: 0x0000000080004000 (0x0080006f) j       pc + 0x8
core   0: 3 0x0000000080004000 (0x0080006f)
core   0: >>>>  mmode_exception_handler
core   0: 0x0000000080004008 (0x00002c17) auipc   s8, 0x2
core   0: 3 0x0000000080004008 (0x00002c17) x24 0x0000000080006008
core   0: 0x000000008000400c (0x042c0c13) addi    s8, s8, 66
core   0: 3 0x000000008000400c (0x042c0c13) x24 0x000000008000604a
core   0: 0x0000000080004010 (0x000c00e7) jalr    s8
core   0: 3 0x0000000080004010 (0x000c00e7) x1  0x0000000080004014
core   0: >>>>  any_handler
core   0: 0x000000008000604a (0x341027f3) csrrs   a5, mepc, zero
core   0: 3 0x000000008000604a (0x341027f3) x15 0x00000000800040c0
core   0: 0x000000008000604e (0x34202773) csrrs   a4, mcause, zero
core   0: 3 0x000000008000604e (0x34202773) x14 0x0000000000000002
core   0: 0x0000000080006052 (0x142026f3) csrrs   a3, scause, zero
core   0: 3 0x0000000080006052 (0x142026f3) x13 0x0000000000000000
core   0: 0x0000000080006056 (0x30402673) csrrs   a2, mie, zero
core   0: 3 0x0000000080006056 (0x30402673) x12 0x0000000000000a00
core   0: 0x000000008000605a (0x344025f3) csrrs   a1, mip, zero
core   0: 3 0x000000008000605a (0x344025f3) x11 0x0000000000000080
core   0: 0x000000008000605e (0x343025f3) csrrs   a1, mtval, zero
core   0: 3 0x000000008000605e (0x343025f3) x11 0x00000000c0205873
core   0: 0x0000000080006062 (0x14302573) csrrs   a0, stval, zero
core   0: 3 0x0000000080006062 (0x14302573) x10 0x0000000000000000
core   0: 0x0000000080006066 (0xb02024f3) csrrs   s1, minstret, zero
core   0: 3 0x0000000080006066 (0xb02024f3) x9  0x00000000000007fe
core   0: 0x000000008000606a (0x0000a811) c.j     pc + 20
core   0: 3 0x000000008000606a (0xa811)
core   0: >>>>  mepc_4
core   0: 0x000000008000607e (0x00000791) c.addi  a5, 4
core   0: 3 0x000000008000607e (0x0791) x15 0x00000000800040c4
core   0: 0x0000000080006080 (0x34179073) csrrw   zero, mepc, a5
core   0: 3 0x0000000080006080 (0x34179073) c833_mepc 0x00000000800040c4
core   0: 0x0000000080006084 (0x30200073) mret
core   0: 3 0x0000000080006084 (0x30200073) c768_mstatus 0x8000000a00106080
core   0: 0x00000000800040c4 (0x0147ca33) xor     s4, a5, s4
core   0: 1 0x00000000800040c4 (0x0147ca33) x20 0x00000000d1f950c4
core   0: 0x00000000800040c8 (0x03c24233) div     tp, tp, t3
core   0: 1 0x00000000800040c8 (0x03c24233) x4  0xffffffffffffffff
core   0: 0x00000000800040cc (0x80070413) addi    s0, a4, -2048
core   0: 1 0x00000000800040cc (0x80070413) x8  0xfffffffffffff802
core   0: 0x00000000800040d0 (0xfe0256b7) lui     a3, 0xfe025
core   0: 1 0x00000000800040d0 (0xfe0256b7) x13 0xfffffffffe025000
core   0: 0x00000000800040d4 (0xe576869b) addiw   a3, a3, -425
core   0: 1 0x00000000800040d4 (0xe576869b) x13 0xfffffffffe024e57
core   0: 0x00000000800040d8 (0x000006b2) c.slli  a3, 12
core   0: 1 0x00000000800040d8 (0x06b2) x13 0xffffffe024e57000
core   0: 0x00000000800040da (0xd0868693) addi    a3, a3, -760
core   0: 1 0x00000000800040da (0xd0868693) x13 0xffffffe024e56d08
core   0: 0x00000000800040de (0x01c60ab3) add     s5, a2, t3
core   0: 1 0x00000000800040de (0x01c60ab3) x21 0x0000000000000a00
core   0: 0x00000000800040e2 (0xfffa0e93) addi    t4, s4, -1
core   0: 1 0x00000000800040e2 (0xfffa0e93) x29 0x00000000d1f950c3
core   0: 0x00000000800040e6 (0x40015b33) sra     s6, sp, zero
core   0: 1 0x00000000800040e6 (0x40015b33) x22 0x0000000080031f90
core   0: 0x00000000800040ea (0x018d921b) slliw   tp, s11, 24
core   0: 1 0x00000000800040ea (0x018d921b) x4  0x0000000000000000
core   0: 0x00000000800040ee (0x10506af3) csrrsi  s5, stvec, 0
core   0: 1 0x00000000800040ee (0x10506af3) x21 0x0000000000000000
core   0: 0x00000000800040f2 (0xa3100653) fle.d   a2, ft0, fa7
core   0: 1 0x00000000800040f2 (0xa3100653) c1_fflags 0x0000000000000010 x12 0x0000000000000000
core   0: 0x00000000800040f6 (0xd1e15817) auipc   a6, 0xd1e15
core   0: 1 0x00000000800040f6 (0xd1e15817) x16 0x0000000051e190f6
core   0: 0x00000000800040fa (0x420585d3) fcvt.d.s fa1, fa1
core   0: 1 0x00000000800040fa (0x420585d3) f11 0x0000000000000000
core   0: 0x00000000800040fe (0x0ff0000f) fence   iorw,iorw
core   0: 1 0x00000000800040fe (0x0ff0000f)
core   0: 0x0000000080004102 (0x030080bb) mulw    ra, ra, a6
core   0: 1 0x0000000080004102 (0x030080bb) x1  0xffffffffc9dcd338
core   0: 0x0000000080004106 (0xd030f1d3) fcvt.s.lu ft3, ra
core   0: 1 0x0000000080004106 (0xd030f1d3) c1_fflags 0x0000000000000011 f3  0xffffffff5f800000
core   0: 0x000000008000410a (0x4011fd53) fcvt.s.d fs10, ft3
core   0: 1 0x000000008000410a (0x4011fd53) f26 0xffffffff7fc00000
core   0: 0x000000008000410e (0x00000001) c.nop
core   0: 1 0x000000008000410e (0x0001)
core   0: 0x0000000080004110 (0x1b737353) fdiv.d  ft6, ft6, fs7
core   0: 1 0x0000000080004110 (0x1b737353) f6  0x7ff8000000000000
core   0: 0x0000000080004114 (0x02065e3b) divuw   t3, a2, zero
core   0: 1 0x0000000080004114 (0x02065e3b) x28 0xffffffffffffffff
core   0: 0x0000000080004118 (0x06517437) lui     s0, 0x6517
core   0: 1 0x0000000080004118 (0x06517437) x8  0x0000000006517000
core   0: 0x000000008000411c (0x9374041b) addiw   s0, s0, -1737
core   0: 1 0x000000008000411c (0x9374041b) x8  0x0000000006516937
core   0: 0x0000000080004120 (0x00000432) c.slli  s0, 12
core   0: 1 0x0000000080004120 (0x0432) x8  0x0000006516937000
core   0: 0x0000000080004122 (0x25c40413) addi    s0, s0, 604
core   0: 1 0x0000000080004122 (0x25c40413) x8  0x000000651693725c
core   0: 0x0000000080004126 (0x12c97e53) fmul.d  ft8, fs2, fa2
core   0: 1 0x0000000080004126 (0x12c97e53) f28 0x7ff8000000000000
core   0: 0x000000008000412a (0xc2027353) fcvt.w.d t1, ft4
core   0: 1 0x000000008000412a (0xc2027353) c1_fflags 0x0000000000000011 x6  0x000000007fffffff
core   0: 0x000000008000412e (0xa165aab7) lui     s5, 0xa165a
core   0: 1 0x000000008000412e (0xa165aab7) x21 0xffffffffa165a000
core   0: 0x0000000080004132 (0x5a0072d3) fsqrt.d ft5, ft0
core   0: 1 0x0000000080004132 (0x5a0072d3) f5  0x7ff8000000000000
core   0: 0x0000000080004136 (0x039ad03b) divuw   zero, s5, s9
core   0: 1 0x0000000080004136 (0x039ad03b)
core   0: 0x000000008000413a (0x036a9393) slli    t2, s5, 54
core   0: 1 0x000000008000413a (0x036a9393) x7  0x0000000000000000
core   0: 0x000000008000413e (0x008a1e3b) sllw    t3, s4, s0
core   0: 1 0x000000008000413e (0x008a1e3b) x28 0x0000000040000000
core   0: 0x0000000080004142 (0x016bdc3b) srlw    s8, s7, s6
core   0: 1 0x0000000080004142 (0x016bdc3b) x24 0x0000000000000000
core   0: 0x0000000080004146 (0x0200d813) srli    a6, ra, 32
core   0: 1 0x0000000080004146 (0x0200d813) x16 0x00000000ffffffff
core   0: 0x000000008000414a (0xc233f553) fcvt.lu.d a0, ft7
core   0: 1 0x000000008000414a (0xc233f553) c1_fflags 0x0000000000000011 x10 0xffffffffffffffff
core   0: 0x000000008000414e (0x04f33ab7) lui     s5, 0x4f33
core   0: 1 0x000000008000414e (0x04f33ab7) x21 0x0000000004f33000
core   0: 0x0000000080004152 (0xf27a8a9b) addiw   s5, s5, -217
core   0: 1 0x0000000080004152 (0xf27a8a9b) x21 0x0000000004f32f27
core   0: 0x0000000080004156 (0x00000ab2) c.slli  s5, 12
core   0: 1 0x0000000080004156 (0x0ab2) x21 0x0000004f32f27000
core   0: 0x0000000080004158 (0x54ea8a93) addi    s5, s5, 1358
core   0: 1 0x0000000080004158 (0x54ea8a93) x21 0x0000004f32f2754e
core   0: 0x000000008000415c (0x137976d3) fmul.d  fa3, fs2, fs7
core   0: 1 0x000000008000415c (0x137976d3) f13 0x7ff8000000000000
core   0: 0x0000000080004160 (0x41fcd01b) sraiw   zero, s9, 31
core   0: 1 0x0000000080004160 (0x41fcd01b)
core   0: 0x0000000080004164 (0x43fad613) srai    a2, s5, 63
core   0: 1 0x0000000080004164 (0x43fad613) x12 0x0000000000000000
core   0: 0x0000000080004168 (0x03664cbb) divw    s9, a2, s6
core   0: 1 0x0000000080004168 (0x03664cbb) x25 0x0000000000000000
core   0: 0x000000008000416c (0x00202d73) csrrs   s10, frm, zero
core   0: 1 0x000000008000416c (0x00202d73) x26 0x0000000000000000
core   0: 0x0000000080004170 (0x000b5a13) srli    s4, s6, 0
core   0: 1 0x0000000080004170 (0x000b5a13) x20 0x0000000080031f90
core   0: 0x0000000080004174 (0x01e75d9b) srliw   s11, a4, 30
core   0: 1 0x0000000080004174 (0x01e75d9b) x27 0x0000000000000000
core   0: 0x0000000080004178 (0x4016f2d3) fcvt.s.d ft5, fa3
core   0: 1 0x0000000080004178 (0x4016f2d3) f5  0xffffffff7fc00000
core   0: 0x000000008000417c (0x0166599b) srliw   s3, a2, 22
core   0: 1 0x000000008000417c (0x0166599b) x19 0x0000000000000000
core   0: 0x0000000080004180 (0x0ff0000f) fence   iorw,iorw
core   0: 1 0x0000000080004180 (0x0ff0000f)
core   0: 0x0000000080004184 (0x22569c53) fsgnjn.d fs8, fa3, ft5
core   0: 1 0x0000000080004184 (0x22569c53) f24 0x7ff8000000000000
core   0: 0x0000000080004188 (0x001d8a13) addi    s4, s11, 1
core   0: 1 0x0000000080004188 (0x001d8a13) x20 0x0000000000000001
core   0: 0x000000008000418c (0x03835713) srli    a4, t1, 56
core   0: 1 0x000000008000418c (0x03835713) x14 0x0000000000000000
core   0: 0x0000000080004190 (0x013b9c33) sll     s8, s7, s3
core   0: 1 0x0000000080004190 (0x013b9c33) x24 0x0000000000000000
core   0: 0x0000000080004194 (0x0208c8b3) div     a7, a7, zero
core   0: 1 0x0000000080004194 (0x0208c8b3) x17 0xffffffffffffffff
core   0: 0x0000000080004198 (0x000318bb) sllw    a7, t1, zero
core   0: 1 0x0000000080004198 (0x000318bb) x17 0x000000007fffffff
core   0: 0x000000008000419c (0x003100b3) add     ra, sp, gp
core   0: 1 0x000000008000419c (0x003100b3) x1  0x00000000c003b3a3
core   0: 0x00000000800041a0 (0x0020feb3) and     t4, ra, sp
core   0: 1 0x00000000800041a0 (0x0020feb3) x29 0x0000000080031380
core   0: 0x00000000800041a4 (0x0fcee693) ori     a3, t4, 252
core   0: 1 0x00000000800041a4 (0x0fcee693) x13 0x00000000800313fc
core   0: 0x00000000800041a8 (0xa2aa06d3) fle.d   a3, fs4, fa0
core   0: 1 0x00000000800041a8 (0xa2aa06d3) c1_fflags 0x0000000000000011 x13 0x0000000000000000
core   0: 0x00000000800041ac (0x379b0a93) addi    s5, s6, 889
core   0: 1 0x00000000800041ac (0x379b0a93) x21 0x0000000080032309
core   0: 0x00000000800041b0 (0x002026f3) csrrs   a3, frm, zero
core   0: 1 0x00000000800041b0 (0x002026f3) x13 0x0000000000000000
core   0: 0x00000000800041b4 (0x01b5d7b3) srl     a5, a1, s11
core   0: 1 0x00000000800041b4 (0x01b5d7b3) x15 0x00000000c0205873
core   0: 0x00000000800041b8 (0x7ff8fa93) andi    s5, a7, 2047
core   0: 1 0x00000000800041b8 (0x7ff8fa93) x21 0x00000000000007ff
core   0: 0x00000000800041bc (0x4005551b) sraiw   a0, a0, 0
core   0: 1 0x00000000800041bc (0x4005551b) x10 0xffffffffffffffff
core   0: 0x00000000800041c0 (0x1a7a73d3) fdiv.d  ft7, fs4, ft7
core   0: 1 0x00000000800041c0 (0x1a7a73d3) f7  0x7ff8000000000000
core   0: 0x00000000800041c4 (0xba717b17) auipc   s6, 0xba717
core   0: 1 0x00000000800041c4 (0xba717b17) x22 0x000000003a71b1c4
core   0: 0x00000000800041c8 (0x1ac5f1d3) fdiv.d  ft3, fa1, fa2
core   0: 1 0x00000000800041c8 (0x1ac5f1d3) f3  0x7ff8000000000000
core   0: 0x00000000800041cc (0x023e5b93) srli    s7, t3, 35
core   0: 1 0x00000000800041cc (0x023e5b93) x23 0x0000000000000000
core   0: 0x00000000800041d0 (0x00000001) c.nop
core   0: 1 0x00000000800041d0 (0x0001)
core   0: 0x00000000800041d2 (0x006b8633) add     a2, s7, t1
core   0: 1 0x00000000800041d2 (0x006b8633) x12 0x000000007fffffff
core   0: 0x00000000800041d6 (0xc01a829b) addiw   t0, s5, -1023
core   0: 1 0x00000000800041d6 (0xc01a829b) x5  0x0000000000000400
core   0: 0x00000000800041da (0x012a2db3) slt     s11, s4, s2
core   0: 1 0x00000000800041da (0x012a2db3) x27 0x0000000000000000
core   0: 0x00000000800041de (0x405d5b1b) sraiw   s6, s10, 5
core   0: 1 0x00000000800041de (0x405d5b1b) x22 0x0000000000000000
core   0: 0x00000000800041e2 (0x40615333) sra     t1, sp, t1
core   0: 1 0x00000000800041e2 (0x40615333) x6  0x0000000000000000
core   0: 0x00000000800041e6 (0x40bcd11b) sraiw   sp, s9, 11
core   0: 1 0x00000000800041e6 (0x40bcd11b) x2  0x0000000000000000
core   0: 0x00000000800041ea (0x41b8083b) subw    a6, a6, s11
core   0: 1 0x00000000800041ea (0x41b8083b) x16 0xffffffffffffffff
core   0: 0x00000000800041ee (0xe0394213) xori    tp, s2, -509
core   0: 1 0x00000000800041ee (0xe0394213) x4  0x000000002e06ef27
core   0: 0x00000000800041f2 (0x42008cd3) fcvt.d.s fs9, ft1
core   0: 1 0x00000000800041f2 (0x42008cd3) f25 0x0000000000000000
core   0: 0x00000000800041f6 (0x014d561b) srliw   a2, s10, 20
core   0: 1 0x00000000800041f6 (0x014d561b) x12 0x0000000000000000
core   0: 0x00000000800041fa (0x40025293) srai    t0, tp, 0
core   0: 1 0x00000000800041fa (0x40025293) x5  0x000000002e06ef27
core   0: 0x00000000800041fe (0xfb370413) addi    s0, a4, -77
core   0: 1 0x00000000800041fe (0xfb370413) x8  0xffffffffffffffb3
core   0: 0x0000000080004202 (0xc224f4d3) fcvt.l.d s1, fs1
core   0: 1 0x0000000080004202 (0xc224f4d3) c1_fflags 0x0000000000000011 x9  0x7fffffffffffffff
core   0: 0x0000000080004206 (0x02847a53) fadd.d  fs4, fs0, fs0
core   0: 1 0x0000000080004206 (0x02847a53) f20 0x7ff8000000000000
core   0: 0x000000008000420a (0xe2010453) fmv.x.d s0, ft2
core   0: 1 0x000000008000420a (0xe2010453) x8  0xffffffff00000000
core   0: 0x000000008000420e (0x00000001) c.nop
core   0: 1 0x000000008000420e (0x0001)
core   0: 0x0000000080004210 (0xd2277153) fcvt.d.l ft2, a4
core   0: 1 0x0000000080004210 (0xd2277153) f2  0x0000000000000000
core   0: 0x0000000080004214 (0x35b6bd97) auipc   s11, 0x35b6b
core   0: 1 0x0000000080004214 (0x35b6bd97) x27 0x00000000b5b6f214
core   0: 0x0000000080004218 (0x00059593) slli    a1, a1, 0
core   0: 1 0x0000000080004218 (0x00059593) x11 0x00000000c0205873
core   0: 0x000000008000421c (0x002e1b73) csrrw   s6, frm, t3
core   0: 1 0x000000008000421c (0x002e1b73) x22 0x0000000000000000 c2_frm 0x0000000000000000
core   0: 0x0000000080004220 (0xc21171d3) fcvt.wu.d gp, ft2
core   0: 1 0x0000000080004220 (0xc21171d3) x3  0x0000000000000000
core   0: 0x0000000080004224 (0xe8a06237) lui     tp, 0xe8a06
core   0: 1 0x0000000080004224 (0xe8a06237) x4  0xffffffffe8a06000
core   0: 0x0000000080004228 (0x00202673) csrrs   a2, frm, zero
core   0: 1 0x0000000080004228 (0x00202673) x12 0x0000000000000000
core   0: 0x000000008000422c (0x1b5df553) fdiv.d  fa0, fs11, fs5
core   0: 1 0x000000008000422c (0x1b5df553) f10 0x7ff8000000000000
core   0: 0x0000000080004230 (0x008bdbb3) srl     s7, s7, s0
core   0: 1 0x0000000080004230 (0x008bdbb3) x23 0x0000000000000000
core   0: 0x0000000080004234 (0x22c12253) fsgnjx.d ft4, ft2, fa2
core   0: 1 0x0000000080004234 (0x22c12253) f4  0x0000000000000000
core   0: 0x0000000080004238 (0xd221ffd3) fcvt.d.l ft11, gp
core   0: 1 0x0000000080004238 (0xd221ffd3) f31 0x0000000000000000
core   0: 0x000000008000423c (0xa3b88d53) fle.d   s10, fa7, fs11
core   0: 1 0x000000008000423c (0xa3b88d53) c1_fflags 0x0000000000000011 x26 0x0000000000000000
core   0: 0x0000000080004240 (0x0115d2b3) srl     t0, a1, a7
core   0: 1 0x0000000080004240 (0x0115d2b3) x5  0x0000000000000000
core   0: 0x0000000080004244 (0x5a0174d3) fsqrt.d fs1, ft2
core   0: 1 0x0000000080004244 (0x5a0174d3) f9  0x0000000000000000
core   0: 0x0000000080004248 (0x000d5d13) srli    s10, s10, 0
core   0: 1 0x0000000080004248 (0x000d5d13) x26 0x0000000000000000
core   0: 0x000000008000424c (0x00c01d13) slli    s10, zero, 12
core   0: 1 0x000000008000424c (0x00c01d13) x26 0x0000000000000000
core   0: 0x0000000080004250 (0x018e9abb) sllw    s5, t4, s8
core   0: 1 0x0000000080004250 (0x018e9abb) x21 0xffffffff80031380
core   0: 0x0000000080004254 (0x01d69b13) slli    s6, a3, 29
core   0: 1 0x0000000080004254 (0x01d69b13) x22 0x0000000000000000
core   0: 0x0000000080004258 (0x03d6deb3) divu    t4, a3, t4
core   0: 1 0x0000000080004258 (0x03d6deb3) x29 0x0000000000000000
core   0: 0x000000008000425c (0x01770e33) add     t3, a4, s7
core   0: 1 0x000000008000425c (0x01770e33) x28 0x0000000000000000
core   0: 0x0000000080004260 (0x6321c193) xori    gp, gp, 1586
core   0: 1 0x0000000080004260 (0x6321c193) x3  0x0000000000000632
core   0: 0x0000000080004264 (0xc03bf453) fcvt.lu.s s0, fs7
core   0: 1 0x0000000080004264 (0xc03bf453) x8  0x0000000000000000
core   0: 0x0000000080004268 (0xc204f853) fcvt.w.d a6, fs1
core   0: 1 0x0000000080004268 (0xc204f853) x16 0x0000000000000000
core   0: 0x000000008000426c (0x1ab5f1d3) fdiv.d  ft3, fa1, fa1
core   0: 1 0x000000008000426c (0x1ab5f1d3) c1_fflags 0x0000000000000011 f3  0x7ff8000000000000
core   0: 0x0000000080004270 (0xdf7e6993) ori     s3, t3, -521
core   0: 1 0x0000000080004270 (0xdf7e6993) x19 0xfffffffffffffdf7
core   0: 0x0000000080004274 (0xc06fe673) csrrsi  a2, hpmcounter6, 31
core   0: exception trap_illegal_instruction, epc 0x0000000080004274
core   0:           tval 0x00000000c06fe673
core   0: >>>>  $xrv64i2p1_m2p0_a2p1_f2p2_d2p2_zicsr2p0_zifencei2p0_zmmul1p0_zba1p0_zbb1p0_zbc1p0_zbs1p0
core   0: 0x0000000080004000 (0x0080006f) j       pc + 0x8
core   0: 3 0x0000000080004000 (0x0080006f)
core   0: >>>>  mmode_exception_handler
core   0: 0x0000000080004008 (0x00002c17) auipc   s8, 0x2
core   0: 3 0x0000000080004008 (0x00002c17) x24 0x0000000080006008
core   0: 0x000000008000400c (0x042c0c13) addi    s8, s8, 66
core   0: 3 0x000000008000400c (0x042c0c13) x24 0x000000008000604a
core   0: 0x0000000080004010 (0x000c00e7) jalr    s8
core   0: 3 0x0000000080004010 (0x000c00e7) x1  0x0000000080004014
core   0: >>>>  any_handler
core   0: 0x000000008000604a (0x341027f3) csrrs   a5, mepc, zero
core   0: 3 0x000000008000604a (0x341027f3) x15 0x0000000080004274
core   0: 0x000000008000604e (0x34202773) csrrs   a4, mcause, zero
core   0: 3 0x000000008000604e (0x34202773) x14 0x0000000000000002
core   0: 0x0000000080006052 (0x142026f3) csrrs   a3, scause, zero
core   0: 3 0x0000000080006052 (0x142026f3) x13 0x0000000000000000
core   0: 0x0000000080006056 (0x30402673) csrrs   a2, mie, zero
core   0: 3 0x0000000080006056 (0x30402673) x12 0x0000000000000a00
core   0: 0x000000008000605a (0x344025f3) csrrs   a1, mip, zero
core   0: 3 0x000000008000605a (0x344025f3) x11 0x0000000000000080
core   0: 0x000000008000605e (0x343025f3) csrrs   a1, mtval, zero
core   0: 3 0x000000008000605e (0x343025f3) x11 0x00000000c06fe673
core   0: 0x0000000080006062 (0x14302573) csrrs   a0, stval, zero
core   0: 3 0x0000000080006062 (0x14302573) x10 0x0000000000000000
core   0: 0x0000000080006066 (0xb02024f3) csrrs   s1, minstret, zero
core   0: 3 0x0000000080006066 (0xb02024f3) x9  0x000000000000087d
core   0: 0x000000008000606a (0x0000a811) c.j     pc + 20
core   0: 3 0x000000008000606a (0xa811)
core   0: >>>>  mepc_4
core   0: 0x000000008000607e (0x00000791) c.addi  a5, 4
core   0: 3 0x000000008000607e (0x0791) x15 0x0000000080004278
core   0: 0x0000000080006080 (0x34179073) csrrw   zero, mepc, a5
core   0: 3 0x0000000080006080 (0x34179073) c833_mepc 0x0000000080004278
core   0: 0x0000000080006084 (0x30200073) mret
core   0: 3 0x0000000080006084 (0x30200073) c768_mstatus 0x8000000a00106080
core   0: 0x0000000080004278 (0x1a217f4f) fnmadd.d ft10, ft2, ft2, ft3
core   0: 1 0x0000000080004278 (0x1a217f4f) f30 0x7ff8000000000000
core   0: 0x000000008000427c (0x2290a153) fsgnjx.d ft2, ft1, fs1
core   0: 1 0x000000008000427c (0x2290a153) f2  0xffffffff00000000
core   0: 0x0000000080004280 (0xd2128853) fcvt.d.wu fa6, t0
core   0: 1 0x0000000080004280 (0xd2128853) f16 0x0000000000000000
core   0: 0x0000000080004284 (0xe2bc8093) addi    ra, s9, -469
core   0: 1 0x0000000080004284 (0xe2bc8093) x1  0xfffffffffffffe2b
core   0: 0x0000000080004288 (0x01b82733) slt     a4, a6, s11
core   0: 1 0x0000000080004288 (0x01b82733) x14 0x0000000000000001
core   0: 0x000000008000428c (0x129bfbd3) fmul.d  fs7, fs7, fs1
core   0: 1 0x000000008000428c (0x129bfbd3) f23 0x7ff8000000000000
core   0: 0x0000000080004290 (0x22492ed3) fsgnjx.d ft9, fs2, ft4
core   0: 1 0x0000000080004290 (0x22492ed3) f29 0xffffffff00000000
core   0: 0x0000000080004294 (0x401bf953) fcvt.s.d fs2, fs7
core   0: 1 0x0000000080004294 (0x401bf953) f18 0xffffffff7fc00000
core   0: 0x0000000080004298 (0x029165bb) remw    a1, sp, s1
core   0: 1 0x0000000080004298 (0x029165bb) x11 0x0000000000000000
core   0: 0x000000008000429c (0xe2048553) fmv.x.d a0, fs1
core   0: 1 0x000000008000429c (0xe2048553) x10 0x0000000000000000
core   0: 0x00000000800042a0 (0xc0387653) fcvt.lu.s a2, fa6
core   0: 1 0x00000000800042a0 (0xc0387653) c1_fflags 0x0000000000000011 x12 0xffffffffffffffff
core   0: 0x00000000800042a4 (0x03a67d33) remu    s10, a2, s10
core   0: 1 0x00000000800042a4 (0x03a67d33) x26 0xffffffffffffffff
core   0: 0x00000000800042a8 (0xc204f853) fcvt.w.d a6, fs1
core   0: 1 0x00000000800042a8 (0xc204f853) x16 0x0000000000000000
core   0: 0x00000000800042ac (0x02d97ac3) fmadd.d fs5, fs2, fa3, ft0
core   0: 1 0x00000000800042ac (0x02d97ac3) f21 0x7ff8000000000000
core   0: 0x00000000800042b0 (0x00011813) slli    a6, sp, 0
core   0: 1 0x00000000800042b0 (0x00011813) x16 0x0000000000000000
core   0: 0x00000000800042b4 (0x429a76c7) fmsub.d fa3, fs4, fs1, fs0
core   0: 1 0x00000000800042b4 (0x429a76c7) f13 0x7ff8000000000000
core   0: 0x00000000800042b8 (0x7ff78d9b) addiw   s11, a5, 2047
core   0: 1 0x00000000800042b8 (0x7ff78d9b) x27 0xffffffff80004a77
core   0: 0x00000000800042bc (0x03d05033) divu    zero, zero, t4
core   0: 1 0x00000000800042bc (0x03d05033)
core   0: 0x00000000800042c0 (0x4000529b) sraiw   t0, zero, 0
core   0: 1 0x00000000800042c0 (0x4000529b) x5  0x0000000000000000
core   0: 0x00000000800042c4 (0xeb2d6d13) ori     s10, s10, -334
core   0: 1 0x00000000800042c4 (0xeb2d6d13) x26 0xffffffffffffffff
core   0: 0x00000000800042c8 (0x27a37713) andi    a4, t1, 634
core   0: 1 0x00000000800042c8 (0x27a37713) x14 0x0000000000000000
core   0: 0x00000000800042cc (0x00271c3b) sllw    s8, a4, sp
core   0: 1 0x00000000800042cc (0x00271c3b) x24 0x0000000000000000
core   0: 0x00000000800042d0 (0x40c60eb3) sub     t4, a2, a2
core   0: 1 0x00000000800042d0 (0x40c60eb3) x29 0x0000000000000000
core   0: 0x00000000800042d4 (0x00065d93) srli    s11, a2, 0
core   0: 1 0x00000000800042d4 (0x00065d93) x27 0xffffffffffffffff
core   0: 0x00000000800042d8 (0x01397a33) and     s4, s2, s3
core   0: 1 0x00000000800042d8 (0x01397a33) x20 0xffffffffd1f91124
core   0: 0x00000000800042dc (0x001a9c73) csrrw   s8, fflags, s5
core   0: 1 0x00000000800042dc (0x001a9c73) x24 0x0000000000000011 c1_fflags 0x0000000000000000
core   0: 0x00000000800042e0 (0x00ce9dbb) sllw    s11, t4, a2
core   0: 1 0x00000000800042e0 (0x00ce9dbb) x27 0x0000000000000000
core   0: 0x00000000800042e4 (0x00abd93b) srlw    s2, s7, a0
core   0: 1 0x00000000800042e4 (0x00abd93b) x18 0x0000000000000000
core   0: 0x00000000800042e8 (0x02e57b3b) remuw   s6, a0, a4
core   0: 1 0x00000000800042e8 (0x02e57b3b) x22 0x0000000000000000
core   0: 0x00000000800042ec (0xc03b0813) addi    a6, s6, -1021
core   0: 1 0x00000000800042ec (0xc03b0813) x16 0xfffffffffffffc03
core   0: 0x00000000800042f0 (0x019690b3) sll     ra, a3, s9
core   0: 1 0x00000000800042f0 (0x019690b3) x1  0x0000000000000000
core   0: 0x00000000800042f4 (0x01ce77b3) and     a5, t3, t3
core   0: 1 0x00000000800042f4 (0x01ce77b3) x15 0x0000000000000000
core   0: 0x00000000800042f8 (0xd22e7ed3) fcvt.d.l ft9, t3
core   0: 1 0x00000000800042f8 (0xd22e7ed3) f29 0x0000000000000000
core   0: 0x00000000800042fc (0x55d4f293) andi    t0, s1, 1373
core   0: 1 0x00000000800042fc (0x55d4f293) x5  0x000000000000005d
core   0: 0x0000000080004300 (0xcf718d9b) addiw   s11, gp, -777
core   0: 1 0x0000000080004300 (0xcf718d9b) x27 0x0000000000000329
core   0: 0x0000000080004304 (0xf2008453) fmv.d.x fs0, ra
core   0: 1 0x0000000080004304 (0xf2008453) f8  0x0000000000000000
core   0: 0x0000000080004308 (0x001020f3) csrrs   ra, fflags, zero
core   0: 1 0x0000000080004308 (0x001020f3) x1  0x0000000000000000
core   0: 0x000000008000430c (0x021b7e33) remu    t3, s6, ra
core   0: 1 0x000000008000430c (0x021b7e33) x28 0x0000000000000000
core   0: 0x0000000080004310 (0x310aa873) csrrs   a6, mstatush, s5
core   0: exception trap_illegal_instruction, epc 0x0000000080004310
core   0:           tval 0x00000000310aa873
core   0: >>>>  $xrv64i2p1_m2p0_a2p1_f2p2_d2p2_zicsr2p0_zifencei2p0_zmmul1p0_zba1p0_zbb1p0_zbc1p0_zbs1p0
core   0: 0x0000000080004000 (0x0080006f) j       pc + 0x8
core   0: 3 0x0000000080004000 (0x0080006f)
core   0: >>>>  mmode_exception_handler
core   0: 0x0000000080004008 (0x00002c17) auipc   s8, 0x2
core   0: 3 0x0000000080004008 (0x00002c17) x24 0x0000000080006008
core   0: 0x000000008000400c (0x042c0c13) addi    s8, s8, 66
core   0: 3 0x000000008000400c (0x042c0c13) x24 0x000000008000604a
core   0: 0x0000000080004010 (0x000c00e7) jalr    s8
core   0: 3 0x0000000080004010 (0x000c00e7) x1  0x0000000080004014
core   0: >>>>  any_handler
core   0: 0x000000008000604a (0x341027f3) csrrs   a5, mepc, zero
core   0: 3 0x000000008000604a (0x341027f3) x15 0x0000000080004310
core   0: 0x000000008000604e (0x34202773) csrrs   a4, mcause, zero
core   0: 3 0x000000008000604e (0x34202773) x14 0x0000000000000002
core   0: 0x0000000080006052 (0x142026f3) csrrs   a3, scause, zero
core   0: 3 0x0000000080006052 (0x142026f3) x13 0x0000000000000000
core   0: 0x0000000080006056 (0x30402673) csrrs   a2, mie, zero
core   0: 3 0x0000000080006056 (0x30402673) x12 0x0000000000000a00
core   0: 0x000000008000605a (0x344025f3) csrrs   a1, mip, zero
core   0: 3 0x000000008000605a (0x344025f3) x11 0x0000000000000080
core   0: 0x000000008000605e (0x343025f3) csrrs   a1, mtval, zero
core   0: 3 0x000000008000605e (0x343025f3) x11 0x00000000310aa873
core   0: 0x0000000080006062 (0x14302573) csrrs   a0, stval, zero
core   0: 3 0x0000000080006062 (0x14302573) x10 0x0000000000000000
core   0: 0x0000000080006066 (0xb02024f3) csrrs   s1, minstret, zero
core   0: 3 0x0000000080006066 (0xb02024f3) x9  0x00000000000008b3
core   0: 0x000000008000606a (0x0000a811) c.j     pc + 20
core   0: 3 0x000000008000606a (0xa811)
core   0: >>>>  mepc_4
core   0: 0x000000008000607e (0x00000791) c.addi  a5, 4
core   0: 3 0x000000008000607e (0x0791) x15 0x0000000080004314
core   0: 0x0000000080006080 (0x34179073) csrrw   zero, mepc, a5
core   0: 3 0x0000000080006080 (0x34179073) c833_mepc 0x0000000080004314
core   0: 0x0000000080006084 (0x30200073) mret
core   0: 3 0x0000000080006084 (0x30200073) c768_mstatus 0x8000000a00106080
core   0: 0x0000000080004314 (0x000a8d33) add     s10, s5, zero
core   0: 1 0x0000000080004314 (0x000a8d33) x26 0xffffffff80031380
core   0: 0x0000000080004318 (0x00319633) sll     a2, gp, gp
core   0: 1 0x0000000080004318 (0x00319633) x12 0x18c8000000000000
core   0: 0x000000008000431c (0x5a0e79d3) fsqrt.d fs3, ft8
core   0: 1 0x000000008000431c (0x5a0e79d3) f19 0x7ff8000000000000
core   0: 0x0000000080004320 (0xc02079d3) fcvt.l.s s3, ft0
core   0: 1 0x0000000080004320 (0xc02079d3) x19 0x0000000000000000
core   0: 0x0000000080004324 (0x7c47c793) xori    a5, a5, 1988
core   0: 1 0x0000000080004324 (0x7c47c793) x15 0x00000000800044d0
core   0: 0x0000000080004328 (0x0029c033) xor     zero, s3, sp
core   0: 1 0x0000000080004328 (0x0029c033)
core   0: 0x000000008000432c (0x031e1613) slli    a2, t3, 49
core   0: 1 0x000000008000432c (0x031e1613) x12 0x0000000000000000
core   0: 0x0000000080004330 (0x005eeeb3) or      t4, t4, t0
core   0: 1 0x0000000080004330 (0x005eeeb3) x29 0x000000000000005d
core   0: 0x0000000080004334 (0x800c0613) addi    a2, s8, -2048
core   0: 1 0x0000000080004334 (0x800c0613) x12 0x000000008000584a
core   0: 0x0000000080004338 (0x42445e13) srai    t3, s0, 36
core   0: 1 0x0000000080004338 (0x42445e13) x28 0x0000000000000000
core   0: 0x000000008000433c (0x013b4b33) xor     s6, s6, s3
core   0: 1 0x000000008000433c (0x013b4b33) x22 0x0000000000000000
core   0: 0x0000000080004340 (0xaadeff47) fmsub.d ft10, ft9, fa3, fs5
core   0: 1 0x0000000080004340 (0xaadeff47) f30 0x7ff8000000000000
core   0: 0x0000000080004344 (0x0b3979d3) fsub.d  fs3, fs2, fs3
core   0: 1 0x0000000080004344 (0x0b3979d3) f19 0x7ff8000000000000
core   0: 0x0000000080004348 (0x5a06f6d3) fsqrt.d fa3, fa3
core   0: 1 0x0000000080004348 (0x5a06f6d3) f13 0x7ff8000000000000
core   0: 0x000000008000434c (0x410a5e3b) sraw    t3, s4, a6
core   0: 1 0x000000008000434c (0x410a5e3b) x28 0xfffffffffa3f2224
core   0: 0x0000000080004350 (0xc0397dd3) fcvt.lu.s s11, fs2
core   0: 1 0x0000000080004350 (0xc0397dd3) c1_fflags 0x0000000000000010 x27 0xffffffffffffffff
core   0: 0x0000000080004354 (0x32311573) csrrw   a0, mhpmevent3, sp
core   0: exception trap_illegal_instruction, epc 0x0000000080004354
core   0:           tval 0x0000000032311573
core   0: >>>>  $xrv64i2p1_m2p0_a2p1_f2p2_d2p2_zicsr2p0_zifencei2p0_zmmul1p0_zba1p0_zbb1p0_zbc1p0_zbs1p0
core   0: 0x0000000080004000 (0x0080006f) j       pc + 0x8
core   0: 3 0x0000000080004000 (0x0080006f)
core   0: >>>>  mmode_exception_handler
core   0: 0x0000000080004008 (0x00002c17) auipc   s8, 0x2
core   0: 3 0x0000000080004008 (0x00002c17) x24 0x0000000080006008
core   0: 0x000000008000400c (0x042c0c13) addi    s8, s8, 66
core   0: 3 0x000000008000400c (0x042c0c13) x24 0x000000008000604a
core   0: 0x0000000080004010 (0x000c00e7) jalr    s8
core   0: 3 0x0000000080004010 (0x000c00e7) x1  0x0000000080004014
core   0: >>>>  any_handler
core   0: 0x000000008000604a (0x341027f3) csrrs   a5, mepc, zero
core   0: 3 0x000000008000604a (0x341027f3) x15 0x0000000080004354
core   0: 0x000000008000604e (0x34202773) csrrs   a4, mcause, zero
core   0: 3 0x000000008000604e (0x34202773) x14 0x0000000000000002
core   0: 0x0000000080006052 (0x142026f3) csrrs   a3, scause, zero
core   0: 3 0x0000000080006052 (0x142026f3) x13 0x0000000000000000
core   0: 0x0000000080006056 (0x30402673) csrrs   a2, mie, zero
core   0: 3 0x0000000080006056 (0x30402673) x12 0x0000000000000a00
core   0: 0x000000008000605a (0x344025f3) csrrs   a1, mip, zero
core   0: 3 0x000000008000605a (0x344025f3) x11 0x0000000000000080
core   0: 0x000000008000605e (0x343025f3) csrrs   a1, mtval, zero
core   0: 3 0x000000008000605e (0x343025f3) x11 0x0000000032311573
core   0: 0x0000000080006062 (0x14302573) csrrs   a0, stval, zero
core   0: 3 0x0000000080006062 (0x14302573) x10 0x0000000000000000
core   0: 0x0000000080006066 (0xb02024f3) csrrs   s1, minstret, zero
core   0: 3 0x0000000080006066 (0xb02024f3) x9  0x00000000000008d3
core   0: 0x000000008000606a (0x0000a811) c.j     pc + 20
core   0: 3 0x000000008000606a (0xa811)
core   0: >>>>  mepc_4
core   0: 0x000000008000607e (0x00000791) c.addi  a5, 4
core   0: 3 0x000000008000607e (0x0791) x15 0x0000000080004358
core   0: 0x0000000080006080 (0x34179073) csrrw   zero, mepc, a5
core   0: 3 0x0000000080006080 (0x34179073) c833_mepc 0x0000000080004358
core   0: 0x0000000080006084 (0x30200073) mret
core   0: 3 0x0000000080006084 (0x30200073) c768_mstatus 0x8000000a00106080
core   0: 0x0000000080004358 (0x1730c893) xori    a7, ra, 371
core   0: 1 0x0000000080004358 (0x1730c893) x17 0x0000000080004167
core   0: 0x000000008000435c (0x001216f3) csrrw   a3, fflags, tp
core   0: 1 0x000000008000435c (0x001216f3) x13 0x0000000000000010 c1_fflags 0x0000000000000000
core   0: 0x0000000080004360 (0x017b61b3) or      gp, s6, s7
core   0: 1 0x0000000080004360 (0x017b61b3) x3  0x0000000000000000
core   0: 0x0000000080004364 (0x7a8ef24f) fnmadd.d ft4, ft9, fs0, fa5
core   0: 1 0x0000000080004364 (0x7a8ef24f) f4  0x7ff8000000000000
core   0: 0x0000000080004368 (0xd0367d53) fcvt.s.lu fs10, a2
core   0: 1 0x0000000080004368 (0xd0367d53) f26 0xffffffff45200000
core   0: 0x000000008000436c (0x01bd843b) addw    s0, s11, s11
core   0: 1 0x000000008000436c (0x01bd843b) x8  0xfffffffffffffffe
core   0: 0x0000000080004370 (0xdbea7ac3) fmadd.d fs5, fs4, ft10, fs11
core   0: 1 0x0000000080004370 (0xdbea7ac3) f21 0x7ff8000000000000
core   0: 0x0000000080004374 (0x409a063b) subw    a2, s4, s1
core   0: 1 0x0000000080004374 (0x409a063b) x12 0xffffffffd1f90851
core   0: 0x0000000080004378 (0x10aa6073) csrrsi  zero, senvcfg, 20
core   0: 1 0x0000000080004378 (0x10aa6073) c266_senvcfg 0x0000000000000000
core   0: 0x000000008000437c (0x035ccb3b) divw    s6, s9, s5
core   0: 1 0x000000008000437c (0x035ccb3b) x22 0x0000000000000000
core   0: 0x0000000080004380 (0x91c64217) auipc   tp, 0x91c64
core   0: 1 0x0000000080004380 (0x91c64217) x4  0x0000000011c68380
core   0: 0x0000000080004384 (0x79120493) addi    s1, tp, 1937
core   0: 1 0x0000000080004384 (0x79120493) x9  0x0000000011c68b11
core   0: 0x0000000080004388 (0x02324633) div     a2, tp, gp
core   0: 1 0x0000000080004388 (0x02324633) x12 0xffffffffffffffff
core   0: 0x000000008000438c (0xd20882d3) fcvt.d.w ft5, a7
core   0: 1 0x000000008000438c (0xd20882d3) f5  0xc1dfffefa6400000
core   0: 0x0000000080004390 (0x42040e53) fcvt.d.s ft8, fs0
core   0: 1 0x0000000080004390 (0x42040e53) f28 0x7ff8000000000000
core   0: 0x0000000080004394 (0x02b5fab3) remu    s5, a1, a1
core   0: 1 0x0000000080004394 (0x02b5fab3) x21 0x0000000000000000
core   0: 0x0000000080004398 (0x00bca133) slt     sp, s9, a1
core   0: 1 0x0000000080004398 (0x00bca133) x2  0x0000000000000001
core   0: 0x000000008000439c (0x0347f24b) fnmsub.d ft4, fa5, fs4, ft0
core   0: 1 0x000000008000439c (0x0347f24b) f4  0x7ff8000000000000
core   0: 0x00000000800043a0 (0x00d9981b) slliw   a6, s3, 13
core   0: 1 0x00000000800043a0 (0x00d9981b) x16 0x0000000000000000
core   0: 0x00000000800043a4 (0x0a6af093) andi    ra, s5, 166
core   0: 1 0x00000000800043a4 (0x0a6af093) x1  0x0000000000000000
core   0: 0x00000000800043a8 (0x0206f053) fadd.d  ft0, fa3, ft0
core   0: 1 0x00000000800043a8 (0x0206f053) f0  0x7ff8000000000000
core   0: 0x00000000800043ac (0x41630dbb) subw    s11, t1, s6
core   0: 1 0x00000000800043ac (0x41630dbb) x27 0x0000000000000000
core   0: 0x00000000800043b0 (0x03061593) slli    a1, a2, 48
core   0: 1 0x00000000800043b0 (0x03061593) x11 0xffff000000000000
core   0: 0x00000000800043b4 (0x00badabb) srlw    s5, s5, a1
core   0: 1 0x00000000800043b4 (0x00badabb) x21 0x0000000000000000
core   0: 0x00000000800043b8 (0x4012ffd3) fcvt.s.d ft11, ft5
core   0: 1 0x00000000800043b8 (0x4012ffd3) c1_fflags 0x0000000000000001 f31 0xffffffffceffff7d
core   0: 0x00000000800043bc (0xc04fecf3) csrrsi  s9, hpmcounter4, 31
core   0: exception trap_illegal_instruction, epc 0x00000000800043bc
core   0:           tval 0x00000000c04fecf3
core   0: >>>>  $xrv64i2p1_m2p0_a2p1_f2p2_d2p2_zicsr2p0_zifencei2p0_zmmul1p0_zba1p0_zbb1p0_zbc1p0_zbs1p0
core   0: 0x0000000080004000 (0x0080006f) j       pc + 0x8
core   0: 3 0x0000000080004000 (0x0080006f)
core   0: >>>>  mmode_exception_handler
core   0: 0x0000000080004008 (0x00002c17) auipc   s8, 0x2
core   0: 3 0x0000000080004008 (0x00002c17) x24 0x0000000080006008
core   0: 0x000000008000400c (0x042c0c13) addi    s8, s8, 66
core   0: 3 0x000000008000400c (0x042c0c13) x24 0x000000008000604a
core   0: 0x0000000080004010 (0x000c00e7) jalr    s8
core   0: 3 0x0000000080004010 (0x000c00e7) x1  0x0000000080004014
core   0: >>>>  any_handler
core   0: 0x000000008000604a (0x341027f3) csrrs   a5, mepc, zero
core   0: 3 0x000000008000604a (0x341027f3) x15 0x00000000800043bc
core   0: 0x000000008000604e (0x34202773) csrrs   a4, mcause, zero
core   0: 3 0x000000008000604e (0x34202773) x14 0x0000000000000002
core   0: 0x0000000080006052 (0x142026f3) csrrs   a3, scause, zero
core   0: 3 0x0000000080006052 (0x142026f3) x13 0x0000000000000000
core   0: 0x0000000080006056 (0x30402673) csrrs   a2, mie, zero
core   0: 3 0x0000000080006056 (0x30402673) x12 0x0000000000000a00
core   0: 0x000000008000605a (0x344025f3) csrrs   a1, mip, zero
core   0: 3 0x000000008000605a (0x344025f3) x11 0x0000000000000080
core   0: 0x000000008000605e (0x343025f3) csrrs   a1, mtval, zero
core   0: 3 0x000000008000605e (0x343025f3) x11 0x00000000c04fecf3
core   0: 0x0000000080006062 (0x14302573) csrrs   a0, stval, zero
core   0: 3 0x0000000080006062 (0x14302573) x10 0x0000000000000000
core   0: 0x0000000080006066 (0xb02024f3) csrrs   s1, minstret, zero
core   0: 3 0x0000000080006066 (0xb02024f3) x9  0x00000000000008fc
core   0: 0x000000008000606a (0x0000a811) c.j     pc + 20
core   0: 3 0x000000008000606a (0xa811)
core   0: >>>>  mepc_4
core   0: 0x000000008000607e (0x00000791) c.addi  a5, 4
core   0: 3 0x000000008000607e (0x0791) x15 0x00000000800043c0
core   0: 0x0000000080006080 (0x34179073) csrrw   zero, mepc, a5
core   0: 3 0x0000000080006080 (0x34179073) c833_mepc 0x00000000800043c0
core   0: 0x0000000080006084 (0x30200073) mret
core   0: 3 0x0000000080006084 (0x30200073) c768_mstatus 0x8000000a00106080
core   0: 0x00000000800043c0 (0x024b413b) divw    sp, s6, tp
core   0: 1 0x00000000800043c0 (0x024b413b) x2  0x0000000000000000
core   0: 0x00000000800043c4 (0xc2097453) fcvt.w.d s0, fs2
core   0: 1 0x00000000800043c4 (0xc2097453) c1_fflags 0x0000000000000011 x8  0x000000007fffffff
core   0: 0x00000000800043c8 (0x032b66b3) rem     a3, s6, s2
core   0: 1 0x00000000800043c8 (0x032b66b3) x13 0x0000000000000000
core   0: 0x00000000800043cc (0xf2008953) fmv.d.x fs2, ra
core   0: 1 0x00000000800043cc (0xf2008953) f18 0x0000000080004014
core   0: 0x00000000800043d0 (0x007697b3) sll     a5, a3, t2
core   0: 1 0x00000000800043d0 (0x007697b3) x15 0x0000000000000000
core   0: 0x00000000800043d4 (0x00c70db3) add     s11, a4, a2
core   0: 1 0x00000000800043d4 (0x00c70db3) x27 0x0000000000000a02
core   0: 0x00000000800043d8 (0x023456b3) divu    a3, s0, gp
core   0: 1 0x00000000800043d8 (0x023456b3) x13 0xffffffffffffffff
core   0: 0x00000000800043dc (0x0265463b) divw    a2, a0, t1
core   0: 1 0x00000000800043dc (0x0265463b) x12 0xffffffffffffffff
core   0: 0x00000000800043e0 (0x00102a73) csrrs   s4, fflags, zero
core   0: 1 0x00000000800043e0 (0x00102a73) x20 0x0000000000000011
core   0: 0x00000000800043e4 (0x0145a5b3) slt     a1, a1, s4
core   0: 1 0x00000000800043e4 (0x0145a5b3) x11 0x0000000000000000
core   0: 0x00000000800043e8 (0x95e04013) xori    zero, zero, -1698
core   0: 1 0x00000000800043e8 (0x95e04013)
core   0: 0x00000000800043ec (0x22bb8ed3) fsgnj.d ft9, fs7, fa1
core   0: 1 0x00000000800043ec (0x22bb8ed3) f29 0x7ff8000000000000
core   0: 0x00000000800043f0 (0x01089b9b) slliw   s7, a7, 16
core   0: 1 0x00000000800043f0 (0x01089b9b) x23 0x0000000041670000
core   0: 0x00000000800043f4 (0xc20bfc53) fcvt.w.d s8, fs7
core   0: 1 0x00000000800043f4 (0xc20bfc53) c1_fflags 0x0000000000000011 x24 0x000000007fffffff
core   0: 0x00000000800043f8 (0x02738233) mul     tp, t2, t2
core   0: 1 0x00000000800043f8 (0x02738233) x4  0x0000000000000000
core   0: 0x00000000800043fc (0x02416cbb) remw    s9, sp, tp
core   0: 1 0x00000000800043fc (0x02416cbb) x25 0x0000000000000000
core   0: 0x0000000080004400 (0x104e34f3) csrrc   s1, sie, t3
core   0: 1 0x0000000080004400 (0x104e34f3) x9  0x0000000000000000 c772_mie 0x0000000000000a00
core   0: 0x0000000080004404 (0x69625c17) auipc   s8, 0x69625
core   0: 1 0x0000000080004404 (0x69625c17) x24 0x00000000e9629404
core   0: 0x0000000080004408 (0x41ba5a3b) sraw    s4, s4, s11
core   0: 1 0x0000000080004408 (0x41ba5a3b) x20 0x0000000000000004
core   0: 0x000000008000440c (0x02ad9433) mulh    s0, s11, a0
core   0: 1 0x000000008000440c (0x02ad9433) x8  0x0000000000000000
core   0: 0x0000000080004410 (0x03084133) div     sp, a6, a6
core   0: 1 0x0000000080004410 (0x03084133) x2  0xffffffffffffffff
core   0: 0x0000000080004414 (0x41015a33) sra     s4, sp, a6
core   0: 1 0x0000000080004414 (0x41015a33) x20 0xffffffffffffffff
core   0: 0x0000000080004418 (0x0339f63b) remuw   a2, s3, s3
core   0: 1 0x0000000080004418 (0x0339f63b) x12 0x0000000000000000
core   0: 0x000000008000441c (0xa32b83d3) fle.d   t2, fs7, fs2
core   0: 1 0x000000008000441c (0xa32b83d3) c1_fflags 0x0000000000000011 x7  0x0000000000000000
core   0: 0x0000000080004420 (0xd2100853) fcvt.d.wu fa6, zero
core   0: 1 0x0000000080004420 (0xd2100853) f16 0x0000000000000000
core   0: 0x0000000080004424 (0x00000001) c.nop
core   0: 1 0x0000000080004424 (0x0001)
core   0: 0x0000000080004426 (0x02781533) mulh    a0, a6, t2
core   0: 1 0x0000000080004426 (0x02781533) x10 0x0000000000000000
core   0: 0x000000008000442a (0xd2008153) fcvt.d.w ft2, ra
core   0: 1 0x000000008000442a (0xd2008153) f2  0xc1dfffeffb000000
core   0: 0x000000008000442e (0x420f08d3) fcvt.d.s fa7, ft10
core   0: 1 0x000000008000442e (0x420f08d3) f17 0x7ff8000000000000
core   0: 0x0000000080004432 (0x0178a233) slt     tp, a7, s7
core   0: 1 0x0000000080004432 (0x0178a233) x4  0x0000000000000000
core   0: 0x0000000080004436 (0x8ab5fcc3) fmadd.d fs9, fa1, fa1, fa7
core   0: 1 0x0000000080004436 (0x8ab5fcc3) f25 0x7ff8000000000000
core   0: 0x000000008000443a (0xc02f7dd3) fcvt.l.s s11, ft10
core   0: 1 0x000000008000443a (0xc02f7dd3) c1_fflags 0x0000000000000011 x27 0x7fffffffffffffff
core   0: 0x000000008000443e (0x02d7f8b3) remu    a7, a5, a3
core   0: 1 0x000000008000443e (0x02d7f8b3) x17 0x0000000000000000
core   0: 0x0000000080004442 (0xf20174cb) fnmsub.d fs1, ft2, ft0, ft10
core   0: 1 0x0000000080004442 (0xf20174cb) f9  0x7ff8000000000000
core   0: 0x0000000080004446 (0x00f9a133) slt     sp, s3, a5
core   0: 1 0x0000000080004446 (0x00f9a133) x2  0x0000000000000000
core   0: 0x000000008000444a (0x023bde93) srli    t4, s7, 35
core   0: 1 0x000000008000444a (0x023bde93) x29 0x0000000000000000
core   0: 0x000000008000444e (0x23542ad3) fsgnjx.d fs5, fs0, fs5
core   0: 1 0x000000008000444e (0x23542ad3) f21 0x0000000000000000
core   0: 0x0000000080004452 (0xc224f753) fcvt.l.d a4, fs1
core   0: 1 0x0000000080004452 (0xc224f753) c1_fflags 0x0000000000000011 x14 0x7fffffffffffffff
core   0: 0x0000000080004456 (0xe20388d3) fmv.x.d a7, ft7
core   0: 1 0x0000000080004456 (0xe20388d3) x17 0x7ff8000000000000
core   0: 0x000000008000445a (0x02db7b53) fadd.d  fs6, fs6, fa3
core   0: 1 0x000000008000445a (0x02db7b53) f22 0x7ff8000000000000
core   0: 0x000000008000445e (0x02b41813) slli    a6, s0, 43
core   0: 1 0x000000008000445e (0x02b41813) x16 0x0000000000000000
core   0: 0x0000000080004462 (0xc0471773) csrrw   a4, hpmcounter4, a4
core   0: exception trap_illegal_instruction, epc 0x0000000080004462
core   0:           tval 0x00000000c0471773
core   0: >>>>  $xrv64i2p1_m2p0_a2p1_f2p2_d2p2_zicsr2p0_zifencei2p0_zmmul1p0_zba1p0_zbb1p0_zbc1p0_zbs1p0
core   0: 0x0000000080004000 (0x0080006f) j       pc + 0x8
core   0: 3 0x0000000080004000 (0x0080006f)
core   0: >>>>  mmode_exception_handler
core   0: 0x0000000080004008 (0x00002c17) auipc   s8, 0x2
core   0: 3 0x0000000080004008 (0x00002c17) x24 0x0000000080006008
core   0: 0x000000008000400c (0x042c0c13) addi    s8, s8, 66
core   0: 3 0x000000008000400c (0x042c0c13) x24 0x000000008000604a
core   0: 0x0000000080004010 (0x000c00e7) jalr    s8
core   0: 3 0x0000000080004010 (0x000c00e7) x1  0x0000000080004014
core   0: >>>>  any_handler
core   0: 0x000000008000604a (0x341027f3) csrrs   a5, mepc, zero
core   0: 3 0x000000008000604a (0x341027f3) x15 0x0000000080004462
core   0: 0x000000008000604e (0x34202773) csrrs   a4, mcause, zero
core   0: 3 0x000000008000604e (0x34202773) x14 0x0000000000000002
core   0: 0x0000000080006052 (0x142026f3) csrrs   a3, scause, zero
core   0: 3 0x0000000080006052 (0x142026f3) x13 0x0000000000000000
core   0: 0x0000000080006056 (0x30402673) csrrs   a2, mie, zero
core   0: 3 0x0000000080006056 (0x30402673) x12 0x0000000000000a00
core   0: 0x000000008000605a (0x344025f3) csrrs   a1, mip, zero
core   0: 3 0x000000008000605a (0x344025f3) x11 0x0000000000000080
core   0: 0x000000008000605e (0x343025f3) csrrs   a1, mtval, zero
core   0: 3 0x000000008000605e (0x343025f3) x11 0x00000000c0471773
core   0: 0x0000000080006062 (0x14302573) csrrs   a0, stval, zero
core   0: 3 0x0000000080006062 (0x14302573) x10 0x0000000000000000
core   0: 0x0000000080006066 (0xb02024f3) csrrs   s1, minstret, zero
core   0: 3 0x0000000080006066 (0xb02024f3) x9  0x0000000000000935
core   0: 0x000000008000606a (0x0000a811) c.j     pc + 20
core   0: 3 0x000000008000606a (0xa811)
core   0: >>>>  mepc_4
core   0: 0x000000008000607e (0x00000791) c.addi  a5, 4
core   0: 3 0x000000008000607e (0x0791) x15 0x0000000080004466
core   0: 0x0000000080006080 (0x34179073) csrrw   zero, mepc, a5
core   0: 3 0x0000000080006080 (0x34179073) c833_mepc 0x0000000080004466
core   0: 0x0000000080006084 (0x30200073) mret
core   0: 3 0x0000000080006084 (0x30200073) c768_mstatus 0x8000000a00106080
core   0: 0x0000000080004466 (0x7b337e47) fmsub.d ft8, ft6, fs3, fa5
core   0: 1 0x0000000080004466 (0x7b337e47) f28 0x7ff8000000000000
core   0: 0x000000008000446a (0x01d0101b) slliw   zero, zero, 29
core   0: 1 0x000000008000446a (0x01d0101b)
core   0: 0x000000008000446e (0x00000001) c.nop
core   0: 1 0x000000008000446e (0x0001)
core   0: 0x0000000080004470 (0x143073f3) csrrci  t2, stval, 0
core   0: 1 0x0000000080004470 (0x143073f3) x7  0x0000000000000000
core   0: 0x0000000080004474 (0x3ab94513) xori    a0, s2, 939
core   0: 1 0x0000000080004474 (0x3ab94513) x10 0x00000000000003ab
core   0: 0x0000000080004478 (0x00000001) c.nop
core   0: 1 0x0000000080004478 (0x0001)
core   0: 0x000000008000447a (0x013d989b) slliw   a7, s11, 19
core   0: 1 0x000000008000447a (0x013d989b) x17 0xfffffffffff80000
core   0: 0x000000008000447e (0x0200023b) mulw    tp, zero, zero
core   0: 1 0x000000008000447e (0x0200023b) x4  0x0000000000000000
core   0: 0x0000000080004482 (0x01471ab3) sll     s5, a4, s4
core   0: 1 0x0000000080004482 (0x01471ab3) x21 0x0000000000000000
core   0: 0x0000000080004486 (0x421ad513) srai    a0, s5, 33
core   0: 1 0x0000000080004486 (0x421ad513) x10 0x0000000000000000
core   0: 0x000000008000448a (0x0045f133) and     sp, a1, tp
core   0: 1 0x000000008000448a (0x0045f133) x2  0x0000000000000000
core   0: 0x000000008000448e (0x00a501b3) add     gp, a0, a0
core   0: 1 0x000000008000448e (0x00a501b3) x3  0x0000000000000000
core   0: 0x0000000080004492 (0x5a07fd53) fsqrt.d fs10, fa5
core   0: 1 0x0000000080004492 (0x5a07fd53) f26 0x7ff8000000000000
core   0: 0x0000000080004496 (0xc21d7153) fcvt.wu.d sp, fs10
core   0: 1 0x0000000080004496 (0xc21d7153) c1_fflags 0x0000000000000011 x2  0xffffffffffffffff
core   0: 0x000000008000449a (0x01f1d71b) srliw   a4, gp, 31
core   0: 1 0x000000008000449a (0x01f1d71b) x14 0x0000000000000000
core   0: 0x000000008000449e (0x40635e3b) sraw    t3, t1, t1
core   0: 1 0x000000008000449e (0x40635e3b) x28 0x0000000000000000
core   0: 0x00000000800044a2 (0x80024213) xori    tp, tp, -2048
core   0: 1 0x00000000800044a2 (0x80024213) x4  0xfffffffffffff800
core   0: 0x00000000800044a6 (0x014163b3) or      t2, sp, s4
core   0: 1 0x00000000800044a6 (0x014163b3) x7  0xffffffffffffffff
core   0: 0x00000000800044aa (0x32319af3) csrrw   s5, mhpmevent3, gp
core   0: exception trap_illegal_instruction, epc 0x00000000800044aa
core   0:           tval 0x0000000032319af3
core   0: >>>>  $xrv64i2p1_m2p0_a2p1_f2p2_d2p2_zicsr2p0_zifencei2p0_zmmul1p0_zba1p0_zbb1p0_zbc1p0_zbs1p0
core   0: 0x0000000080004000 (0x0080006f) j       pc + 0x8
core   0: 3 0x0000000080004000 (0x0080006f)
core   0: >>>>  mmode_exception_handler
core   0: 0x0000000080004008 (0x00002c17) auipc   s8, 0x2
core   0: 3 0x0000000080004008 (0x00002c17) x24 0x0000000080006008
core   0: 0x000000008000400c (0x042c0c13) addi    s8, s8, 66
core   0: 3 0x000000008000400c (0x042c0c13) x24 0x000000008000604a
core   0: 0x0000000080004010 (0x000c00e7) jalr    s8
core   0: 3 0x0000000080004010 (0x000c00e7) x1  0x0000000080004014
core   0: >>>>  any_handler
core   0: 0x000000008000604a (0x341027f3) csrrs   a5, mepc, zero
core   0: 3 0x000000008000604a (0x341027f3) x15 0x00000000800044aa
core   0: 0x000000008000604e (0x34202773) csrrs   a4, mcause, zero
core   0: 3 0x000000008000604e (0x34202773) x14 0x0000000000000002
core   0: 0x0000000080006052 (0x142026f3) csrrs   a3, scause, zero
core   0: 3 0x0000000080006052 (0x142026f3) x13 0x0000000000000000
core   0: 0x0000000080006056 (0x30402673) csrrs   a2, mie, zero
core   0: 3 0x0000000080006056 (0x30402673) x12 0x0000000000000a00
core   0: 0x000000008000605a (0x344025f3) csrrs   a1, mip, zero
core   0: 3 0x000000008000605a (0x344025f3) x11 0x0000000000000080
core   0: 0x000000008000605e (0x343025f3) csrrs   a1, mtval, zero
core   0: 3 0x000000008000605e (0x343025f3) x11 0x0000000032319af3
core   0: 0x0000000080006062 (0x14302573) csrrs   a0, stval, zero
core   0: 3 0x0000000080006062 (0x14302573) x10 0x0000000000000000
core   0: 0x0000000080006066 (0xb02024f3) csrrs   s1, minstret, zero
core   0: 3 0x0000000080006066 (0xb02024f3) x9  0x0000000000000957
core   0: 0x000000008000606a (0x0000a811) c.j     pc + 20
core   0: 3 0x000000008000606a (0xa811)
core   0: >>>>  mepc_4
core   0: 0x000000008000607e (0x00000791) c.addi  a5, 4
core   0: 3 0x000000008000607e (0x0791) x15 0x00000000800044ae
core   0: 0x0000000080006080 (0x34179073) csrrw   zero, mepc, a5
core   0: 3 0x0000000080006080 (0x34179073) c833_mepc 0x00000000800044ae
core   0: 0x0000000080006084 (0x30200073) mret
core   0: 3 0x0000000080006084 (0x30200073) c768_mstatus 0x8000000a00106080
core   0: 0x00000000800044ae (0x0156c0b3) xor     ra, a3, s5
core   0: 1 0x00000000800044ae (0x0156c0b3) x1  0x0000000000000000
core   0: 0x00000000800044b2 (0x02ac7bb3) remu    s7, s8, a0
core   0: 1 0x00000000800044b2 (0x02ac7bb3) x23 0x000000008000604a
core   0: 0x00000000800044b6 (0x002b9df3) csrrw   s11, frm, s7
core   0: 1 0x00000000800044b6 (0x002b9df3) x27 0x0000000000000000 c2_frm 0x0000000000000002
core   0: 0x00000000800044ba (0x00000001) c.nop
core   0: 1 0x00000000800044ba (0x0001)
core   0: 0x00000000800044bc (0xd22bf753) fcvt.d.l fa4, s7
core   0: 1 0x00000000800044bc (0xd22bf753) f14 0x41e0000c09400000
core   0: 0x00000000800044c0 (0x01d8583b) srlw    a6, a6, t4
core   0: 1 0x00000000800044c0 (0x01d8583b) x16 0x0000000000000000
core   0: 0x00000000800044c4 (0xc031f5d3) fcvt.lu.s a1, ft3
core   0: 1 0x00000000800044c4 (0xc031f5d3) c1_fflags 0x0000000000000011 x11 0xffffffffffffffff
core   0: 0x00000000800044c8 (0x22872dd3) fsgnjx.d fs11, fa4, fs0
core   0: 1 0x00000000800044c8 (0x22872dd3) f27 0x41e0000c09400000
core   0: 0x00000000800044cc (0x00102973) csrrs   s2, fflags, zero
core   0: 1 0x00000000800044cc (0x00102973) x18 0x0000000000000011
core   0: 0x00000000800044d0 (0x0329abb3) mulhsu  s7, s3, s2
core   0: 1 0x00000000800044d0 (0x0329abb3) x23 0x0000000000000000
core   0: 0x00000000800044d4 (0x723df843) fmadd.d fa6, fs11, ft3, fa4
core   0: 1 0x00000000800044d4 (0x723df843) f16 0x7ff8000000000000
core   0: 0x00000000800044d8 (0x3431a7f3) csrrs   a5, mtval, gp
core   0: exception trap_illegal_instruction, epc 0x00000000800044d8
core   0:           tval 0x000000003431a7f3
core   0: >>>>  $xrv64i2p1_m2p0_a2p1_f2p2_d2p2_zicsr2p0_zifencei2p0_zmmul1p0_zba1p0_zbb1p0_zbc1p0_zbs1p0
core   0: 0x0000000080004000 (0x0080006f) j       pc + 0x8
core   0: 3 0x0000000080004000 (0x0080006f)
core   0: >>>>  mmode_exception_handler
core   0: 0x0000000080004008 (0x00002c17) auipc   s8, 0x2
core   0: 3 0x0000000080004008 (0x00002c17) x24 0x0000000080006008
core   0: 0x000000008000400c (0x042c0c13) addi    s8, s8, 66
core   0: 3 0x000000008000400c (0x042c0c13) x24 0x000000008000604a
core   0: 0x0000000080004010 (0x000c00e7) jalr    s8
core   0: 3 0x0000000080004010 (0x000c00e7) x1  0x0000000080004014
core   0: >>>>  any_handler
core   0: 0x000000008000604a (0x341027f3) csrrs   a5, mepc, zero
core   0: 3 0x000000008000604a (0x341027f3) x15 0x00000000800044d8
core   0: 0x000000008000604e (0x34202773) csrrs   a4, mcause, zero
core   0: 3 0x000000008000604e (0x34202773) x14 0x0000000000000002
core   0: 0x0000000080006052 (0x142026f3) csrrs   a3, scause, zero
core   0: 3 0x0000000080006052 (0x142026f3) x13 0x0000000000000000
core   0: 0x0000000080006056 (0x30402673) csrrs   a2, mie, zero
core   0: 3 0x0000000080006056 (0x30402673) x12 0x0000000000000a00
core   0: 0x000000008000605a (0x344025f3) csrrs   a1, mip, zero
core   0: 3 0x000000008000605a (0x344025f3) x11 0x0000000000000080
core   0: 0x000000008000605e (0x343025f3) csrrs   a1, mtval, zero
core   0: 3 0x000000008000605e (0x343025f3) x11 0x000000003431a7f3
core   0: 0x0000000080006062 (0x14302573) csrrs   a0, stval, zero
core   0: 3 0x0000000080006062 (0x14302573) x10 0x0000000000000000
core   0: 0x0000000080006066 (0xb02024f3) csrrs   s1, minstret, zero
core   0: 3 0x0000000080006066 (0xb02024f3) x9  0x0000000000000972
core   0: 0x000000008000606a (0x0000a811) c.j     pc + 20
core   0: 3 0x000000008000606a (0xa811)
core   0: >>>>  mepc_4
core   0: 0x000000008000607e (0x00000791) c.addi  a5, 4
core   0: 3 0x000000008000607e (0x0791) x15 0x00000000800044dc
core   0: 0x0000000080006080 (0x34179073) csrrw   zero, mepc, a5
core   0: 3 0x0000000080006080 (0x34179073) c833_mepc 0x00000000800044dc
core   0: 0x0000000080006084 (0x30200073) mret
core   0: 3 0x0000000080006084 (0x30200073) c768_mstatus 0x8000000a00106080
core   0: 0x00000000800044dc (0x0000944d) c.srai  s0, 51
core   0: 1 0x00000000800044dc (0x944d) x8  0x0000000000000000
core   0: 0x00000000800044de (0x41add513) srai    a0, s11, 26
core   0: 1 0x00000000800044de (0x41add513) x10 0x0000000000000000
core   0: 0x00000000800044e2 (0x40abd433) sra     s0, s7, a0
core   0: 1 0x00000000800044e2 (0x40abd433) x8  0x0000000000000000
core   0: 0x00000000800044e6 (0x02b3843b) mulw    s0, t2, a1
core   0: 1 0x00000000800044e6 (0x02b3843b) x8  0xffffffffcbce580d
core   0: 0x00000000800044ea (0x0002db1b) srliw   s6, t0, 0
core   0: 1 0x00000000800044ea (0x0002db1b) x22 0x000000000000005d
core   0: 0x00000000800044ee (0x401082bb) subw    t0, ra, ra
core   0: 1 0x00000000800044ee (0x401082bb) x5  0x0000000000000000
core   0: 0x00000000800044f2 (0x0bfafd4b) fnmsub.d fs10, fs5, ft11, ft1
core   0: 1 0x00000000800044f2 (0x0bfafd4b) f26 0x7ff8000000000000
core   0: 0x00000000800044f6 (0x3293724b) fnmsub.d ft4, ft6, fs1, ft6
core   0: 1 0x00000000800044f6 (0x3293724b) f4  0x7ff8000000000000
core   0: 0x00000000800044fa (0x412cd91b) sraiw   s2, s9, 18
core   0: 1 0x00000000800044fa (0x412cd91b) x18 0x0000000000000000
core   0: 0x00000000800044fe (0x5b5779cf) fnmadd.d fs3, fa4, fs5, fa1
core   0: 1 0x00000000800044fe (0x5b5779cf) f19 0x8000000000000000
core   0: 0x0000000080004502 (0x1a967653) fdiv.d  fa2, fa2, fs1
core   0: 1 0x0000000080004502 (0x1a967653) f12 0x7ff8000000000000
core   0: 0x0000000080004506 (0x7ff9e213) ori     tp, s3, 2047
core   0: 1 0x0000000080004506 (0x7ff9e213) x4  0x00000000000007ff
core   0: 0x000000008000450a (0x00b20bbb) addw    s7, tp, a1
core   0: 1 0x000000008000450a (0x00b20bbb) x23 0x000000003431aff2
core   0: 0x000000008000450e (0x22ce0b53) fsgnj.d fs6, ft8, fa2
core   0: 1 0x000000008000450e (0x22ce0b53) f22 0x7ff8000000000000
core   0: 0x0000000080004512 (0xc81659f3) csrrwi  s3, timeh, 12
core   0: exception trap_illegal_instruction, epc 0x0000000080004512
core   0:           tval 0x00000000c81659f3
core   0: >>>>  $xrv64i2p1_m2p0_a2p1_f2p2_d2p2_zicsr2p0_zifencei2p0_zmmul1p0_zba1p0_zbb1p0_zbc1p0_zbs1p0
core   0: 0x0000000080004000 (0x0080006f) j       pc + 0x8
core   0: 3 0x0000000080004000 (0x0080006f)
core   0: >>>>  mmode_exception_handler
core   0: 0x0000000080004008 (0x00002c17) auipc   s8, 0x2
core   0: 3 0x0000000080004008 (0x00002c17) x24 0x0000000080006008
core   0: 0x000000008000400c (0x042c0c13) addi    s8, s8, 66
core   0: 3 0x000000008000400c (0x042c0c13) x24 0x000000008000604a
core   0: 0x0000000080004010 (0x000c00e7) jalr    s8
core   0: 3 0x0000000080004010 (0x000c00e7) x1  0x0000000080004014
core   0: >>>>  any_handler
core   0: 0x000000008000604a (0x341027f3) csrrs   a5, mepc, zero
core   0: 3 0x000000008000604a (0x341027f3) x15 0x0000000080004512
core   0: 0x000000008000604e (0x34202773) csrrs   a4, mcause, zero
core   0: 3 0x000000008000604e (0x34202773) x14 0x0000000000000002
core   0: 0x0000000080006052 (0x142026f3) csrrs   a3, scause, zero
core   0: 3 0x0000000080006052 (0x142026f3) x13 0x0000000000000000
core   0: 0x0000000080006056 (0x30402673) csrrs   a2, mie, zero
core   0: 3 0x0000000080006056 (0x30402673) x12 0x0000000000000a00
core   0: 0x000000008000605a (0x344025f3) csrrs   a1, mip, zero
core   0: 3 0x000000008000605a (0x344025f3) x11 0x0000000000000080
core   0: 0x000000008000605e (0x343025f3) csrrs   a1, mtval, zero
core   0: 3 0x000000008000605e (0x343025f3) x11 0x00000000c81659f3
core   0: 0x0000000080006062 (0x14302573) csrrs   a0, stval, zero
core   0: 3 0x0000000080006062 (0x14302573) x10 0x0000000000000000
core   0: 0x0000000080006066 (0xb02024f3) csrrs   s1, minstret, zero
core   0: 3 0x0000000080006066 (0xb02024f3) x9  0x0000000000000990
core   0: 0x000000008000606a (0x0000a811) c.j     pc + 20
core   0: 3 0x000000008000606a (0xa811)
core   0: >>>>  mepc_4
core   0: 0x000000008000607e (0x00000791) c.addi  a5, 4
core   0: 3 0x000000008000607e (0x0791) x15 0x0000000080004516
core   0: 0x0000000080006080 (0x34179073) csrrw   zero, mepc, a5
core   0: 3 0x0000000080006080 (0x34179073) c833_mepc 0x0000000080004516
core   0: 0x0000000080006084 (0x30200073) mret
core   0: 3 0x0000000080006084 (0x30200073) c768_mstatus 0x8000000a00106080
core   0: 0x0000000080004516 (0x31d57913) andi    s2, a0, 797
core   0: 1 0x0000000080004516 (0x31d57913) x18 0x0000000000000000
core   0: 0x000000008000451a (0x0c874613) xori    a2, a4, 200
core   0: 1 0x000000008000451a (0x0c874613) x12 0x00000000000000ca
core   0: 0x000000008000451e (0x01a775b3) and     a1, a4, s10
core   0: 1 0x000000008000451e (0x01a775b3) x11 0x0000000000000000
core   0: 0x0000000080004522 (0x02ad8e3b) mulw    t3, s11, a0
core   0: 1 0x0000000080004522 (0x02ad8e3b) x28 0x0000000000000000
core   0: 0x0000000080004526 (0x072f7937) lui     s2, 0x72f7
core   0: 1 0x0000000080004526 (0x072f7937) x18 0x00000000072f7000
core   0: 0x000000008000452a (0xeed9091b) addiw   s2, s2, -275
core   0: 1 0x000000008000452a (0xeed9091b) x18 0x00000000072f6eed
core   0: 0x000000008000452e (0x00000932) c.slli  s2, 12
core   0: 1 0x000000008000452e (0x0932) x18 0x00000072f6eed000
core   0: 0x0000000080004530 (0xbee90913) addi    s2, s2, -1042
core   0: 1 0x0000000080004530 (0xbee90913) x18 0x00000072f6eecbee
core   0: 0x0000000080004534 (0xc23b73d3) fcvt.lu.d t2, fs6
core   0: 1 0x0000000080004534 (0xc23b73d3) c1_fflags 0x0000000000000011 x7  0xffffffffffffffff
core   0: 0x0000000080004538 (0x01835dbb) srlw    s11, t1, s8
core   0: 1 0x0000000080004538 (0x01835dbb) x27 0x0000000000000000
core   0: 0x000000008000453c (0x01b21e3b) sllw    t3, tp, s11
core   0: 1 0x000000008000453c (0x01b21e3b) x28 0x00000000000007ff
core   0: 0x0000000080004540 (0x221a8553) fsgnj.d fa0, fs5, ft1
core   0: 1 0x0000000080004540 (0x221a8553) f10 0x8000000000000000
core   0: 0x0000000080004544 (0xc201f753) fcvt.w.d a4, ft3
core   0: 1 0x0000000080004544 (0xc201f753) c1_fflags 0x0000000000000011 x14 0x000000007fffffff
core   0: 0x0000000080004548 (0x3c54dbb7) lui     s7, 0x3c54d
core   0: 1 0x0000000080004548 (0x3c54dbb7) x23 0x000000003c54d000
core   0: 0x000000008000454c (0x017526b3) slt     a3, a0, s7
core   0: 1 0x000000008000454c (0x017526b3) x13 0x0000000000000001
core   0: 0x0000000080004550 (0xd7d6e913) ori     s2, a3, -643
core   0: 1 0x0000000080004550 (0xd7d6e913) x18 0xfffffffffffffd7d
core   0: 0x0000000080004554 (0x006ed33b) srlw    t1, t4, t1
core   0: 1 0x0000000080004554 (0x006ed33b) x6  0x0000000000000000
core   0: 0x0000000080004558 (0x7ff5009b) addiw   ra, a0, 2047
core   0: 1 0x0000000080004558 (0x7ff5009b) x1  0x00000000000007ff
core   0: 0x000000008000455c (0x0333053b) mulw    a0, t1, s3
core   0: 1 0x000000008000455c (0x0333053b) x10 0x0000000000000000
core   0: 0x0000000080004560 (0x01b880b3) add     ra, a7, s11
core   0: 1 0x0000000080004560 (0x01b880b3) x1  0xfffffffffff80000
core   0: 0x0000000080004564 (0xd0367fd3) fcvt.s.lu ft11, a2
core   0: 1 0x0000000080004564 (0xd0367fd3) f31 0xffffffff434a0000
core   0: 0x0000000080004568 (0x0783ea93) ori     s5, t2, 120
core   0: 1 0x0000000080004568 (0x0783ea93) x21 0xffffffffffffffff
core   0: 0x000000008000456c (0xf2088c53) fmv.d.x fs8, a7
core   0: 1 0x000000008000456c (0xf2088c53) f24 0xfffffffffff80000
core   0: 0x0000000080004570 (0xc21a71d3) fcvt.wu.d gp, fs4
core   0: 1 0x0000000080004570 (0xc21a71d3) c1_fflags 0x0000000000000011 x3  0xffffffffffffffff
core   0: 0x0000000080004574 (0x5ef556b7) lui     a3, 0x5ef55
core   0: 1 0x0000000080004574 (0x5ef556b7) x13 0x000000005ef55000
core   0: 0x0000000080004578 (0x01f6101b) slliw   zero, a2, 31
core   0: 1 0x0000000080004578 (0x01f6101b)
core   0: 0x000000008000457c (0x030ae833) rem     a6, s5, a6
core   0: 1 0x000000008000457c (0x030ae833) x16 0xffffffffffffffff
core   0: 0x0000000080004580 (0x0210d413) srli    s0, ra, 33
core   0: 1 0x0000000080004580 (0x0210d413) x8  0x000000007fffffff
core   0: 0x0000000080004584 (0x23ec3617) auipc   a2, 0x23ec3
core   0: 1 0x0000000080004584 (0x23ec3617) x12 0x00000000a3ec7584
core   0: 0x0000000080004588 (0x03f47453) fadd.d  fs0, fs0, ft11
core   0: 1 0x0000000080004588 (0x03f47453) f8  0x7ff8000000000000
core   0: 0x000000008000458c (0x403201b3) sub     gp, tp, gp
core   0: 1 0x000000008000458c (0x403201b3) x3  0x0000000000000800
core   0: 0x0000000080004590 (0x4116de13) srai    t3, a3, 17
core   0: 1 0x0000000080004590 (0x4116de13) x28 0x0000000000002f7a
core   0: 0x0000000080004594 (0xfffc4313) not     t1, s8
core   0: 1 0x0000000080004594 (0xfffc4313) x6  0xffffffff7fff9fb5
core   0: 0x0000000080004598 (0x32066773) csrrsi  a4, mcountinhibit, 12
core   0: exception trap_illegal_instruction, epc 0x0000000080004598
core   0:           tval 0x0000000032066773
core   0: >>>>  $xrv64i2p1_m2p0_a2p1_f2p2_d2p2_zicsr2p0_zifencei2p0_zmmul1p0_zba1p0_zbb1p0_zbc1p0_zbs1p0
core   0: 0x0000000080004000 (0x0080006f) j       pc + 0x8
core   0: 3 0x0000000080004000 (0x0080006f)
core   0: >>>>  mmode_exception_handler
core   0: 0x0000000080004008 (0x00002c17) auipc   s8, 0x2
core   0: 3 0x0000000080004008 (0x00002c17) x24 0x0000000080006008
core   0: 0x000000008000400c (0x042c0c13) addi    s8, s8, 66
core   0: 3 0x000000008000400c (0x042c0c13) x24 0x000000008000604a
core   0: 0x0000000080004010 (0x000c00e7) jalr    s8
core   0: 3 0x0000000080004010 (0x000c00e7) x1  0x0000000080004014
core   0: >>>>  any_handler
core   0: 0x000000008000604a (0x341027f3) csrrs   a5, mepc, zero
core   0: 3 0x000000008000604a (0x341027f3) x15 0x0000000080004598
core   0: 0x000000008000604e (0x34202773) csrrs   a4, mcause, zero
core   0: 3 0x000000008000604e (0x34202773) x14 0x0000000000000002
core   0: 0x0000000080006052 (0x142026f3) csrrs   a3, scause, zero
core   0: 3 0x0000000080006052 (0x142026f3) x13 0x0000000000000000
core   0: 0x0000000080006056 (0x30402673) csrrs   a2, mie, zero
core   0: 3 0x0000000080006056 (0x30402673) x12 0x0000000000000a00
core   0: 0x000000008000605a (0x344025f3) csrrs   a1, mip, zero
core   0: 3 0x000000008000605a (0x344025f3) x11 0x0000000000000080
core   0: 0x000000008000605e (0x343025f3) csrrs   a1, mtval, zero
core   0: 3 0x000000008000605e (0x343025f3) x11 0x0000000032066773
core   0: 0x0000000080006062 (0x14302573) csrrs   a0, stval, zero
core   0: 3 0x0000000080006062 (0x14302573) x10 0x0000000000000000
core   0: 0x0000000080006066 (0xb02024f3) csrrs   s1, minstret, zero
core   0: 3 0x0000000080006066 (0xb02024f3) x9  0x00000000000009c1
core   0: 0x000000008000606a (0x0000a811) c.j     pc + 20
core   0: 3 0x000000008000606a (0xa811)
core   0: >>>>  mepc_4
core   0: 0x000000008000607e (0x00000791) c.addi  a5, 4
core   0: 3 0x000000008000607e (0x0791) x15 0x000000008000459c
core   0: 0x0000000080006080 (0x34179073) csrrw   zero, mepc, a5
core   0: 3 0x0000000080006080 (0x34179073) c833_mepc 0x000000008000459c
core   0: 0x0000000080006084 (0x30200073) mret
core   0: 3 0x0000000080006084 (0x30200073) c768_mstatus 0x8000000a00106080
core   0: 0x000000008000459c (0x01245933) srl     s2, s0, s2
core   0: 1 0x000000008000459c (0x01245933) x18 0x0000000000000000
core   0: 0x00000000800045a0 (0x00159b9b) slliw   s7, a1, 1
core   0: 1 0x00000000800045a0 (0x00159b9b) x23 0x00000000640ccee6
core   0: 0x00000000800045a4 (0x41f5d29b) sraiw   t0, a1, 31
core   0: 1 0x00000000800045a4 (0x41f5d29b) x5  0x0000000000000000
core   0: 0x00000000800045a8 (0x00000001) c.nop
core   0: 1 0x00000000800045a8 (0x0001)
core   0: 0x00000000800045aa (0xd029f4d3) fcvt.s.l fs1, s3
core   0: 1 0x00000000800045aa (0xd029f4d3) f9  0xffffffff00000000
core   0: 0x00000000800045ae (0x01d57eb3) and     t4, a0, t4
core   0: 1 0x00000000800045ae (0x01d57eb3) x29 0x0000000000000000
core   0: 0x00000000800045b2 (0x40068033) sub     zero, a3, zero
core   0: 1 0x00000000800045b2 (0x40068033)
core   0: 0x00000000800045b6 (0xc22e7a53) fcvt.l.d s4, ft8
core   0: 1 0x00000000800045b6 (0xc22e7a53) c1_fflags 0x0000000000000011 x20 0x7fffffffffffffff
core   0: 0x00000000800045ba (0x02f449bb) divw    s3, s0, a5
core   0: 1 0x00000000800045ba (0x02f449bb) x19 0xffffffffffffffff
core   0: 0x00000000800045be (0x00e9d39b) srliw   t2, s3, 14
core   0: 1 0x00000000800045be (0x00e9d39b) x7  0x000000000003ffff
core   0: 0x00000000800045c2 (0x0283fc47) fmsub.d fs8, ft7, fs0, ft0
core   0: 1 0x00000000800045c2 (0x0283fc47) f24 0x7ff8000000000000
core   0: 0x00000000800045c6 (0x0004ed13) ori     s10, s1, 0
core   0: 1 0x00000000800045c6 (0x0004ed13) x26 0x00000000000009c1
core   0: 0x00000000800045ca (0x420c0cd3) fcvt.d.s fs9, fs8
core   0: 1 0x00000000800045ca (0x420c0cd3) f25 0x7ff8000000000000
core   0: 0x00000000800045ce (0x0a027f53) fsub.d  ft10, ft4, ft0
core   0: 1 0x00000000800045ce (0x0a027f53) f30 0x7ff8000000000000
core   0: 0x00000000800045d2 (0x1be97e53) fdiv.d  ft8, fs2, ft10
core   0: 1 0x00000000800045d2 (0x1be97e53) f28 0x7ff8000000000000
core   0: 0x00000000800045d6 (0xfffe4e13) not     t3, t3
core   0: 1 0x00000000800045d6 (0xfffe4e13) x28 0xffffffffffffd085
core   0: 0x00000000800045da (0x10506273) csrrsi  tp, stvec, 0
core   0: 1 0x00000000800045da (0x10506273) x4  0x0000000000000000
core   0: 0x00000000800045de (0x0580f093) andi    ra, ra, 88
core   0: 1 0x00000000800045de (0x0580f093) x1  0x0000000000000010
core   0: 0x00000000800045e2 (0x005adabb) srlw    s5, s5, t0
core   0: 1 0x00000000800045e2 (0x005adabb) x21 0xffffffffffffffff
core   0: 0x00000000800045e6 (0xd032f9d3) fcvt.s.lu fs3, t0
core   0: 1 0x00000000800045e6 (0xd032f9d3) f19 0xffffffff00000000
core   0: 0x00000000800045ea (0x401ff953) fcvt.s.d fs2, ft11
core   0: 1 0x00000000800045ea (0x401ff953) f18 0xffffffff7fc00000
core   0: 0x00000000800045ee (0x0ff0000f) fence   iorw,iorw
core   0: 1 0x00000000800045ee (0x0ff0000f)
core   0: 0x00000000800045f2 (0x00419bbb) sllw    s7, gp, tp
core   0: 1 0x00000000800045f2 (0x00419bbb) x23 0x0000000000000800
core   0: 0x00000000800045f6 (0xc23c78d3) fcvt.lu.d a7, fs8
core   0: 1 0x00000000800045f6 (0xc23c78d3) c1_fflags 0x0000000000000011 x17 0xffffffffffffffff
core   0: 0x00000000800045fa (0x0059593b) srlw    s2, s2, t0
core   0: 1 0x00000000800045fa (0x0059593b) x18 0x0000000000000000
core   0: 0x00000000800045fe (0x022882b3) mul     t0, a7, sp
core   0: 1 0x00000000800045fe (0x022882b3) x5  0x0000000000000001
core   0: 0x0000000080004602 (0x237d84d3) fsgnj.d fs1, fs11, fs7
core   0: 1 0x0000000080004602 (0x237d84d3) f9  0x41e0000c09400000
core   0: 0x0000000080004606 (0x403e8db3) sub     s11, t4, gp
core   0: 1 0x0000000080004606 (0x403e8db3) x27 0xfffffffffffff800
core   0: 0x000000008000460a (0xe2058053) fmv.x.d zero, fa1
core   0: 1 0x000000008000460a (0xe2058053)
core   0: 0x000000008000460e (0x40da8c33) sub     s8, s5, a3
core   0: 1 0x000000008000460e (0x40da8c33) x24 0xffffffffffffffff
core   0: 0x0000000080004612 (0x418c5abb) sraw    s5, s8, s8
core   0: 1 0x0000000080004612 (0x418c5abb) x21 0xffffffffffffffff
core   0: 0x0000000080004616 (0x40360513) addi    a0, a2, 1027
core   0: 1 0x0000000080004616 (0x40360513) x10 0x0000000000000e03
core   0: 0x000000008000461a (0x0004561b) srliw   a2, s0, 0
core   0: 1 0x000000008000461a (0x0004561b) x12 0x000000007fffffff
core   0: 0x000000008000461e (0x00102273) csrrs   tp, fflags, zero
core   0: 1 0x000000008000461e (0x00102273) x4  0x0000000000000011
core   0: 0x0000000080004622 (0x2bf90ed3) fmin.d  ft9, fs2, ft11
core   0: 1 0x0000000080004622 (0x2bf90ed3) f29 0x7ff8000000000000
core   0: 0x0000000080004626 (0x03a0cd33) div     s10, ra, s10
core   0: 1 0x0000000080004626 (0x03a0cd33) x26 0x0000000000000000
core   0: 0x000000008000462a (0x2a198353) fmin.d  ft6, fs3, ft1
core   0: 1 0x000000008000462a (0x2a198353) f6  0x7ff8000000000000
core   0: 0x000000008000462e (0x03e3d693) srli    a3, t2, 62
core   0: 1 0x000000008000462e (0x03e3d693) x13 0x0000000000000000
core   0: 0x0000000080004632 (0x03ac8e33) mul     t3, s9, s10
core   0: 1 0x0000000080004632 (0x03ac8e33) x28 0x0000000000000000
core   0: 0x0000000080004636 (0x41d0883b) subw    a6, ra, t4
core   0: 1 0x0000000080004636 (0x41d0883b) x16 0x0000000000000010
core   0: 0x000000008000463a (0x00056793) ori     a5, a0, 0
core   0: 1 0x000000008000463a (0x00056793) x15 0x0000000000000e03
core   0: 0x000000008000463e (0x402d5c33) sra     s8, s10, sp
core   0: 1 0x000000008000463e (0x402d5c33) x24 0x0000000000000000
core   0: 0x0000000080004642 (0x010c1e33) sll     t3, s8, a6
core   0: 1 0x0000000080004642 (0x010c1e33) x28 0x0000000000000000
core   0: 0x0000000080004646 (0x00000001) c.nop
core   0: 1 0x0000000080004646 (0x0001)
core   0: 0x0000000080004648 (0x034e0eb3) mul     t4, t3, s4
core   0: 1 0x0000000080004648 (0x034e0eb3) x29 0x0000000000000000
core   0: 0x000000008000464c (0x007debb3) or      s7, s11, t2
core   0: 1 0x000000008000464c (0x007debb3) x23 0xffffffffffffffff
core   0: 0x0000000080004650 (0x4129053b) subw    a0, s2, s2
core   0: 1 0x0000000080004650 (0x4129053b) x10 0x0000000000000000
core   0: 0x0000000080004654 (0x2b389353) fmax.d  ft6, fa7, fs3
core   0: 1 0x0000000080004654 (0x2b389353) f6  0x7ff8000000000000
core   0: 0x0000000080004658 (0xd0297dd3) fcvt.s.l fs11, s2
core   0: 1 0x0000000080004658 (0xd0297dd3) f27 0xffffffff00000000
core   0: 0x000000008000465c (0x01237433) and     s0, t1, s2
core   0: 1 0x000000008000465c (0x01237433) x8  0x0000000000000000
core   0: 0x0000000080004660 (0x00f30bb3) add     s7, t1, a5
core   0: 1 0x0000000080004660 (0x00f30bb3) x23 0xffffffff7fffadb8
core   0: 0x0000000080004664 (0x0b74fc53) fsub.d  fs8, fs1, fs7
core   0: 1 0x0000000080004664 (0x0b74fc53) f24 0x7ff8000000000000
core   0: 0x0000000080004668 (0x031db8b3) mulhu   a7, s11, a7
core   0: 1 0x0000000080004668 (0x031db8b3) x17 0xfffffffffffff7ff
core   0: 0x000000008000466c (0x001e9513) slli    a0, t4, 1
core   0: 1 0x000000008000466c (0x001e9513) x10 0x0000000000000000
core   0: 0x0000000080004670 (0x01d2aa33) slt     s4, t0, t4
core   0: 1 0x0000000080004670 (0x01d2aa33) x20 0x0000000000000000
core   0: 0x0000000080004674 (0x4041d913) srai    s2, gp, 4
core   0: 1 0x0000000080004674 (0x4041d913) x18 0x0000000000000080
core   0: 0x0000000080004678 (0xfffa071b) addiw   a4, s4, -1
core   0: 1 0x0000000080004678 (0xfffa071b) x14 0xffffffffffffffff
core   0: 0x000000008000467c (0x00d35cb3) srl     s9, t1, a3
core   0: 1 0x000000008000467c (0x00d35cb3) x25 0xffffffff7fff9fb5
core   0: 0x0000000080004680 (0x03f61993) slli    s3, a2, 63
core   0: 1 0x0000000080004680 (0x03f61993) x19 0x8000000000000000
core   0: 0x0000000080004684 (0x409d5b9b) sraiw   s7, s10, 9
core   0: 1 0x0000000080004684 (0x409d5b9b) x23 0x0000000000000000
core   0: 0x0000000080004688 (0x8d96f437) lui     s0, 0x8d96f
core   0: 1 0x0000000080004688 (0x8d96f437) x8  0xffffffff8d96f000
core   0: 0x000000008000468c (0x9e0b45b7) lui     a1, 0x9e0b4
core   0: 1 0x000000008000468c (0x9e0b45b7) x11 0xffffffff9e0b4000
core   0: 0x0000000080004690 (0x0ff0000f) fence   iorw,iorw
core   0: 1 0x0000000080004690 (0x0ff0000f)
core   0: 0x0000000080004694 (0x416d50b3) sra     ra, s10, s6
core   0: 1 0x0000000080004694 (0x416d50b3) x1  0x0000000000000000
core   0: 0x0000000080004698 (0x0ff0000f) fence   iorw,iorw
core   0: 1 0x0000000080004698 (0x0ff0000f)
core   0: 0x000000008000469c (0xd21408d3) fcvt.d.wu fa7, s0
core   0: 1 0x000000008000469c (0xd21408d3) f17 0x41e1b2de00000000
core   0: 0x00000000800046a0 (0xc2157953) fcvt.wu.d s2, fa0
core   0: 1 0x00000000800046a0 (0xc2157953) x18 0x0000000000000000
core   0: 0x00000000800046a4 (0x0002521b) srliw   tp, tp, 0
core   0: 1 0x00000000800046a4 (0x0002521b) x4  0x0000000000000011
core   0: 0x00000000800046a8 (0x41078a3b) subw    s4, a5, a6
core   0: 1 0x00000000800046a8 (0x41078a3b) x20 0x0000000000000df3
core   0: 0x00000000800046ac (0x412b8233) sub     tp, s7, s2
core   0: 1 0x00000000800046ac (0x412b8233) x4  0x0000000000000000
core   0: 0x00000000800046b0 (0x01d2f9b3) and     s3, t0, t4
core   0: 1 0x00000000800046b0 (0x01d2f9b3) x19 0x0000000000000000
core   0: 0x00000000800046b4 (0x0a7ffdd3) fsub.d  fs11, ft11, ft7
core   0: 1 0x00000000800046b4 (0x0a7ffdd3) f27 0x7ff8000000000000
core   0: 0x00000000800046b8 (0x001c93bb) sllw    t2, s9, ra
core   0: 1 0x00000000800046b8 (0x001c93bb) x7  0x000000007fff9fb5
core   0: 0x00000000800046bc (0x01086833) or      a6, a6, a6
core   0: 1 0x00000000800046bc (0x01086833) x16 0x0000000000000010
core   0: 0x00000000800046c0 (0x0050999b) slliw   s3, ra, 5
core   0: 1 0x00000000800046c0 (0x0050999b) x19 0x0000000000000000
core   0: 0x00000000800046c4 (0x2a168153) fmin.d  ft2, fa3, ft1
core   0: 1 0x00000000800046c4 (0x2a168153) f2  0x7ff8000000000000
core   0: 0x00000000800046c8 (0x0010861b) addiw   a2, ra, 1
core   0: 1 0x00000000800046c8 (0x0010861b) x12 0x0000000000000001
core   0: 0x00000000800046cc (0xd030f653) fcvt.s.lu fa2, ra
core   0: 1 0x00000000800046cc (0xd030f653) f12 0xffffffff00000000
core   0: 0x00000000800046d0 (0x000cccb3) xor     s9, s9, zero
core   0: 1 0x00000000800046d0 (0x000cccb3) x25 0xffffffff7fff9fb5
core   0: 0x00000000800046d4 (0x039ad6bb) divuw   a3, s5, s9
core   0: 1 0x00000000800046d4 (0x039ad6bb) x13 0x0000000000000002
core   0: 0x00000000800046d8 (0xca7afb13) andi    s6, s5, -857
core   0: 1 0x00000000800046d8 (0xca7afb13) x22 0xfffffffffffffca7
core   0: 0x00000000800046dc (0xd23afad3) fcvt.d.lu fs5, s5
core   0: 1 0x00000000800046dc (0xd23afad3) c1_fflags 0x0000000000000011 f21 0x43efffffffffffff
core   0: 0x00000000800046e0 (0x142b2b73) csrrs   s6, scause, s6
core   0: 1 0x00000000800046e0 (0x142b2b73) x22 0x0000000000000000 c322_scause 0xfffffffffffffca7
core   0: 0x00000000800046e4 (0x02d69b33) mulh    s6, a3, a3
core   0: 1 0x00000000800046e4 (0x02d69b33) x22 0x0000000000000000
core   0: 0x00000000800046e8 (0x413b0733) sub     a4, s6, s3
core   0: 1 0x00000000800046e8 (0x413b0733) x14 0x0000000000000000
core   0: 0x00000000800046ec (0x00000001) c.nop
core   0: 1 0x00000000800046ec (0x0001)
core   0: 0x00000000800046ee (0x0008d99b) srliw   s3, a7, 0
core   0: 1 0x00000000800046ee (0x0008d99b) x19 0xfffffffffffff7ff
core   0: 0x00000000800046f2 (0x00000001) c.nop
core   0: 1 0x00000000800046f2 (0x0001)
core   0: 0x00000000800046f4 (0x2b6c9553) fmax.d  fa0, fs9, fs6
core   0: 1 0x00000000800046f4 (0x2b6c9553) f10 0x7ff8000000000000
core   0: 0x00000000800046f8 (0x648c0c13) addi    s8, s8, 1608
core   0: 1 0x00000000800046f8 (0x648c0c13) x24 0x0000000000000648
core   0: 0x00000000800046fc (0xa2ada2d3) feq.d   t0, fs11, fa0
core   0: 1 0x00000000800046fc (0xa2ada2d3) x5  0x0000000000000000
core   0: 0x0000000080004700 (0x038c16b3) mulh    a3, s8, s8
core   0: 1 0x0000000080004700 (0x038c16b3) x13 0x0000000000000000
core   0: 0x0000000080004704 (0x00281873) csrrw   a6, frm, a6
core   0: 1 0x0000000080004704 (0x00281873) x16 0x0000000000000002 c2_frm 0x0000000000000000
core   0: 0x0000000080004708 (0x401ef1d3) fcvt.s.d ft3, ft9
core   0: 1 0x0000000080004708 (0x401ef1d3) f3  0xffffffff7fc00000
core   0: 0x000000008000470c (0x00101513) slli    a0, zero, 1
core   0: 1 0x000000008000470c (0x00101513) x10 0x0000000000000000
core   0: 0x0000000080004710 (0xc20679d3) fcvt.w.d s3, fa2
core   0: 1 0x0000000080004710 (0xc20679d3) c1_fflags 0x0000000000000011 x19 0x000000007fffffff
core   0: 0x0000000080004714 (0x00a980b3) add     ra, s3, a0
core   0: 1 0x0000000080004714 (0x00a980b3) x1  0x000000007fffffff
core   0: 0x0000000080004718 (0x0000d01b) srliw   zero, ra, 0
core   0: 1 0x0000000080004718 (0x0000d01b)
core   0: 0x000000008000471c (0x22448b53) fsgnj.d fs6, fs1, ft4
core   0: 1 0x000000008000471c (0x22448b53) f22 0x41e0000c09400000
core   0: 0x0000000080004720 (0x7bbb77cf) fnmadd.d fa5, fs6, fs11, fa5
core   0: 1 0x0000000080004720 (0x7bbb77cf) f15 0x7ff8000000000000
core   0: 0x0000000080004724 (0x00ca981b) slliw   a6, s5, 12
core   0: 1 0x0000000080004724 (0x00ca981b) x16 0xfffffffffffff000
core   0: 0x0000000080004728 (0xc20b77d3) fcvt.w.d a5, fs6
core   0: 1 0x0000000080004728 (0xc20b77d3) c1_fflags 0x0000000000000011 x15 0x000000007fffffff
core   0: 0x000000008000472c (0xc0337653) fcvt.lu.s a2, ft6
core   0: 1 0x000000008000472c (0xc0337653) c1_fflags 0x0000000000000011 x12 0xffffffffffffffff
core   0: 0x0000000080004730 (0x03fb9993) slli    s3, s7, 63
core   0: 1 0x0000000080004730 (0x03fb9993) x19 0x0000000000000000
core   0: 0x0000000080004734 (0x00000001) c.nop
core   0: 1 0x0000000080004734 (0x0001)
core   0: 0x0000000080004736 (0x22861653) fsgnjn.d fa2, fa2, fs0
core   0: 1 0x0000000080004736 (0x22861653) f12 0xffffffff00000000
core   0: 0x000000008000473a (0x00c154b3) srl     s1, sp, a2
core   0: 1 0x000000008000473a (0x00c154b3) x9  0x0000000000000001
core   0: 0x000000008000473e (0x00eca6b3) slt     a3, s9, a4
core   0: 1 0x000000008000473e (0x00eca6b3) x13 0x0000000000000001
core   0: 0x0000000080004742 (0xd023f453) fcvt.s.l fs0, t2
core   0: 1 0x0000000080004742 (0xd023f453) c1_fflags 0x0000000000000011 f8  0xffffffff4effff3f
core   0: 0x0000000080004746 (0xc209fb53) fcvt.w.d s6, fs3
core   0: 1 0x0000000080004746 (0xc209fb53) c1_fflags 0x0000000000000011 x22 0x000000007fffffff
core   0: 0x000000008000474a (0xc2147bd3) fcvt.wu.d s7, fs0
core   0: 1 0x000000008000474a (0xc2147bd3) c1_fflags 0x0000000000000011 x23 0xffffffffffffffff
core   0: 0x000000008000474e (0x01aa5d3b) srlw    s10, s4, s10
core   0: 1 0x000000008000474e (0x01aa5d3b) x26 0x0000000000000df3
core   0: 0x0000000080004752 (0x00000001) c.nop
core   0: 1 0x0000000080004752 (0x0001)
core   0: 0x0000000080004754 (0xc20df353) fcvt.w.d t1, fs11
core   0: 1 0x0000000080004754 (0xc20df353) c1_fflags 0x0000000000000011 x6  0x000000007fffffff
core   0: 0x0000000080004758 (0x01719a3b) sllw    s4, gp, s7
core   0: 1 0x0000000080004758 (0x01719a3b) x20 0x0000000000000000
core   0: 0x000000008000475c (0x03f49a93) slli    s5, s1, 63
core   0: 1 0x000000008000475c (0x03f49a93) x21 0x8000000000000000
core   0: 0x0000000080004760 (0x23969353) fsgnjn.d ft6, fa3, fs9
core   0: 1 0x0000000080004760 (0x23969353) f6  0xfff8000000000000
core   0: 0x0000000080004764 (0xf20b81d3) fmv.d.x ft3, s7
core   0: 1 0x0000000080004764 (0xf20b81d3) f3  0xffffffffffffffff
core   0: 0x0000000080004768 (0x405d5813) srai    a6, s10, 5
core   0: 1 0x0000000080004768 (0x405d5813) x16 0x000000000000006f
core   0: 0x000000008000476c (0x03d3cebb) divw    t4, t2, t4
core   0: 1 0x000000008000476c (0x03d3cebb) x29 0xffffffffffffffff
core   0: 0x0000000080004770 (0x0350de3b) divuw   t3, ra, s5
core   0: 1 0x0000000080004770 (0x0350de3b) x28 0xffffffffffffffff
core   0: 0x0000000080004774 (0x019edcbb) srlw    s9, t4, s9
core   0: 1 0x0000000080004774 (0x019edcbb) x25 0x00000000000007ff
core   0: 0x0000000080004778 (0x034a30b3) mulhu   ra, s4, s4
core   0: 1 0x0000000080004778 (0x034a30b3) x1  0x0000000000000000
core   0: 0x000000008000477c (0x00f59e1b) slliw   t3, a1, 15
core   0: 1 0x000000008000477c (0x00f59e1b) x28 0xffffffffa0000000
core   0: 0x0000000080004780 (0x00202573) csrrs   a0, frm, zero
core   0: 1 0x0000000080004780 (0x00202573) x10 0x0000000000000000
core   0: 0x0000000080004784 (0x420585d3) fcvt.d.s fa1, fa1
core   0: 1 0x0000000080004784 (0x420585d3) f11 0x7ff8000000000000
core   0: 0x0000000080004788 (0xe20a08d3) fmv.x.d a7, fs4
core   0: 1 0x0000000080004788 (0xe20a08d3) x17 0x7ff8000000000000
core   0: 0x000000008000478c (0xa61d0e93) addi    t4, s10, -1439
core   0: 1 0x000000008000478c (0xa61d0e93) x29 0x0000000000000854
core   0: 0x0000000080004790 (0x011e09bb) addw    s3, t3, a7
core   0: 1 0x0000000080004790 (0x011e09bb) x19 0xffffffffa0000000
core   0: 0x0000000080004794 (0x41680eb3) sub     t4, a6, s6
core   0: 1 0x0000000080004794 (0x41680eb3) x29 0xffffffff80000070
core   0: 0x0000000080004798 (0x01381b93) slli    s7, a6, 19
core   0: 1 0x0000000080004798 (0x01381b93) x23 0x0000000003780000
core   0: 0x000000008000479c (0xfffe8b1b) addiw   s6, t4, -1
core   0: 1 0x000000008000479c (0xfffe8b1b) x22 0xffffffff8000006f
core   0: 0x00000000800047a0 (0xd0387653) fcvt.s.lu fa2, a6
core   0: 1 0x00000000800047a0 (0xd0387653) f12 0xffffffff42de0000
core   0: 0x00000000800047a4 (0x028e5e3b) divuw   t3, t3, s0
core   0: 1 0x00000000800047a4 (0x028e5e3b) x28 0x0000000000000001
core   0: 0x00000000800047a8 (0x0279073b) mulw    a4, s2, t2
core   0: 1 0x00000000800047a8 (0x0279073b) x14 0x0000000000000000
core   0: 0x00000000800047ac (0x00009946) c.add   s2, a7
core   0: 1 0x00000000800047ac (0x9946) x18 0x7ff8000000000000
core   0: 0x00000000800047ae (0x0c7a4a13) xori    s4, s4, 199
core   0: 1 0x00000000800047ae (0x0c7a4a13) x20 0x00000000000000c7
core   0: 0x00000000800047b2 (0x40e0d733) sra     a4, ra, a4
core   0: 1 0x00000000800047b2 (0x40e0d733) x14 0x0000000000000000
core   0: 0x00000000800047b6 (0x00e24233) xor     tp, tp, a4
core   0: 1 0x00000000800047b6 (0x00e24233) x4  0x0000000000000000
core   0: 0x00000000800047ba (0x40135e93) srai    t4, t1, 1
core   0: 1 0x00000000800047ba (0x40135e93) x29 0x000000003fffffff
core   0: 0x00000000800047be (0x054848b7) lui     a7, 0x5484
core   0: 1 0x00000000800047be (0x054848b7) x17 0x0000000005484000
core   0: 0x00000000800047c2 (0xc958889b) addiw   a7, a7, -875
core   0: 1 0x00000000800047c2 (0xc958889b) x17 0x0000000005483c95
core   0: 0x00000000800047c6 (0x000008b2) c.slli  a7, 12
core   0: 1 0x00000000800047c6 (0x08b2) x17 0x0000005483c95000
core   0: 0x00000000800047c8 (0xd5588893) addi    a7, a7, -683
core   0: 1 0x00000000800047c8 (0xd5588893) x17 0x0000005483c94d55
core   0: 0x00000000800047cc (0x234223d3) fsgnjx.d ft7, ft4, fs4
core   0: 1 0x00000000800047cc (0x234223d3) f7  0x7ff8000000000000
core   0: 0x00000000800047d0 (0x01675893) srli    a7, a4, 22
core   0: 1 0x00000000800047d0 (0x01675893) x17 0x0000000000000000
core   0: 0x00000000800047d4 (0x02c9d993) srli    s3, s3, 44
core   0: 1 0x00000000800047d4 (0x02c9d993) x19 0x00000000000fffff
core   0: 0x00000000800047d8 (0x01348833) add     a6, s1, s3
core   0: 1 0x00000000800047d8 (0x01348833) x16 0x0000000000100000
core   0: 0x00000000800047dc (0xd22379d3) fcvt.d.l fs3, t1
core   0: 1 0x00000000800047dc (0xd22379d3) f19 0x41dfffffffc00000
core   0: 0x00000000800047e0 (0xd2000053) fcvt.d.w ft0, zero
core   0: 1 0x00000000800047e0 (0xd2000053) f0  0x0000000000000000
core   0: 0x00000000800047e4 (0x01a95b13) srli    s6, s2, 26
core   0: 1 0x00000000800047e4 (0x01a95b13) x22 0x0000001ffe000000
core   0: 0x00000000800047e8 (0x0382eeb3) rem     t4, t0, s8
core   0: 1 0x00000000800047e8 (0x0382eeb3) x29 0x0000000000000000
core   0: 0x00000000800047ec (0x015e8233) add     tp, t4, s5
core   0: 1 0x00000000800047ec (0x015e8233) x4  0x8000000000000000
core   0: 0x00000000800047f0 (0xc0272773) csrrs   a4, instret, a4
core   0: exception trap_illegal_instruction, epc 0x00000000800047f0
core   0:           tval 0x00000000c0272773
core   0: >>>>  $xrv64i2p1_m2p0_a2p1_f2p2_d2p2_zicsr2p0_zifencei2p0_zmmul1p0_zba1p0_zbb1p0_zbc1p0_zbs1p0
core   0: 0x0000000080004000 (0x0080006f) j       pc + 0x8
core   0: 3 0x0000000080004000 (0x0080006f)
core   0: >>>>  mmode_exception_handler
core   0: 0x0000000080004008 (0x00002c17) auipc   s8, 0x2
core   0: 3 0x0000000080004008 (0x00002c17) x24 0x0000000080006008
core   0: 0x000000008000400c (0x042c0c13) addi    s8, s8, 66
core   0: 3 0x000000008000400c (0x042c0c13) x24 0x000000008000604a
core   0: 0x0000000080004010 (0x000c00e7) jalr    s8
core   0: 3 0x0000000080004010 (0x000c00e7) x1  0x0000000080004014
core   0: >>>>  any_handler
core   0: 0x000000008000604a (0x341027f3) csrrs   a5, mepc, zero
core   0: 3 0x000000008000604a (0x341027f3) x15 0x00000000800047f0
core   0: 0x000000008000604e (0x34202773) csrrs   a4, mcause, zero
core   0: 3 0x000000008000604e (0x34202773) x14 0x0000000000000002
core   0: 0x0000000080006052 (0x142026f3) csrrs   a3, scause, zero
core   0: 3 0x0000000080006052 (0x142026f3) x13 0xfffffffffffffca7
core   0: 0x0000000080006056 (0x30402673) csrrs   a2, mie, zero
core   0: 3 0x0000000080006056 (0x30402673) x12 0x0000000000000a00
core   0: 0x000000008000605a (0x344025f3) csrrs   a1, mip, zero
core   0: 3 0x000000008000605a (0x344025f3) x11 0x0000000000000080
core   0: 0x000000008000605e (0x343025f3) csrrs   a1, mtval, zero
core   0: 3 0x000000008000605e (0x343025f3) x11 0x00000000c0272773
core   0: 0x0000000080006062 (0x14302573) csrrs   a0, stval, zero
core   0: 3 0x0000000080006062 (0x14302573) x10 0x0000000000000000
core   0: 0x0000000080006066 (0xb02024f3) csrrs   s1, minstret, zero
core   0: 3 0x0000000080006066 (0xb02024f3) x9  0x0000000000000a6a
core   0: 0x000000008000606a (0x0000a811) c.j     pc + 20
core   0: 3 0x000000008000606a (0xa811)
core   0: >>>>  mepc_4
core   0: 0x000000008000607e (0x00000791) c.addi  a5, 4
core   0: 3 0x000000008000607e (0x0791) x15 0x00000000800047f4
core   0: 0x0000000080006080 (0x34179073) csrrw   zero, mepc, a5
core   0: 3 0x0000000080006080 (0x34179073) c833_mepc 0x00000000800047f4
core   0: 0x0000000080006084 (0x30200073) mret
core   0: 3 0x0000000080006084 (0x30200073) c768_mstatus 0x8000000a00106080
core   0: 0x00000000800047f4 (0xfb0f6837) lui     a6, 0xfb0f6
core   0: 1 0x00000000800047f4 (0xfb0f6837) x16 0xfffffffffb0f6000
core   0: 0x00000000800047f8 (0xa978081b) addiw   a6, a6, -1385
core   0: 1 0x00000000800047f8 (0xa978081b) x16 0xfffffffffb0f5a97
core   0: 0x00000000800047fc (0x00000832) c.slli  a6, 12
core   0: 1 0x00000000800047fc (0x0832) x16 0xffffffb0f5a97000
core   0: 0x00000000800047fe (0xe3d80813) addi    a6, a6, -451
core   0: 1 0x00000000800047fe (0xe3d80813) x16 0xffffffb0f5a96e3d
core   0: 0x0000000080004802 (0xa8870313) addi    t1, a4, -1400
core   0: 1 0x0000000080004802 (0xa8870313) x6  0xfffffffffffffa8a
core   0: 0x0000000080004806 (0x17119237) lui     tp, 0x17119
core   0: 1 0x0000000080004806 (0x17119237) x4  0x0000000017119000
core   0: 0x000000008000480a (0x4133d39b) sraiw   t2, t2, 19
core   0: 1 0x000000008000480a (0x4133d39b) x7  0x0000000000000fff
core   0: 0x000000008000480e (0x2af217d3) fmax.d  fa5, ft4, fa5
core   0: 1 0x000000008000480e (0x2af217d3) f15 0x7ff8000000000000
core   0: 0x0000000080004812 (0x00081d93) slli    s11, a6, 0
core   0: 1 0x0000000080004812 (0x00081d93) x27 0xffffffb0f5a96e3d
core   0: 0x0000000080004816 (0xa2000d53) fle.d   s10, ft0, ft0
core   0: 1 0x0000000080004816 (0xa2000d53) x26 0x0000000000000001
core   0: 0x000000008000481a (0x97f24193) xori    gp, tp, -1665
core   0: 1 0x000000008000481a (0x97f24193) x3  0xffffffffe8ee697f
core   0: 0x000000008000481e (0xbdbc9717) auipc   a4, 0xbdbc9
core   0: 1 0x000000008000481e (0xbdbc9717) x14 0x000000003dbcd81e
core   0: 0x0000000080004822 (0xd22bfc53) fcvt.d.l fs8, s7
core   0: 1 0x0000000080004822 (0xd22bfc53) f24 0x418bc00000000000
core   0: 0x0000000080004826 (0x412b56bb) sraw    a3, s6, s2
core   0: 1 0x0000000080004826 (0x412b56bb) x13 0xfffffffffe000000
core   0: 0x000000008000482a (0xb0f36793) ori     a5, t1, -1265
core   0: 1 0x000000008000482a (0xb0f36793) x15 0xfffffffffffffb8f
core   0: 0x000000008000482e (0xf2080953) fmv.d.x fs2, a6
core   0: 1 0x000000008000482e (0xf2080953) f18 0xffffffb0f5a96e3d
core   0: 0x0000000080004832 (0x10639073) csrrw   zero, scounteren, t2
core   0: 1 0x0000000080004832 (0x10639073) c262_scounteren 0x0000000000000000
core   0: 0x0000000080004836 (0x0107dbb3) srl     s7, a5, a6
core   0: 1 0x0000000080004836 (0x0107dbb3) x23 0x0000000000000007
core   0: 0x000000008000483a (0xf2080f53) fmv.d.x ft10, a6
core   0: 1 0x000000008000483a (0xf2080f53) f30 0xffffffb0f5a96e3d
core   0: 0x000000008000483e (0x40cdd21b) sraiw   tp, s11, 12
core   0: 1 0x000000008000483e (0x40cdd21b) x4  0xffffffffffff5a96
core   0: 0x0000000080004842 (0x323fdc73) csrrwi  s8, mhpmevent3, 31
core   0: exception trap_illegal_instruction, epc 0x0000000080004842
core   0:           tval 0x00000000323fdc73
core   0: >>>>  $xrv64i2p1_m2p0_a2p1_f2p2_d2p2_zicsr2p0_zifencei2p0_zmmul1p0_zba1p0_zbb1p0_zbc1p0_zbs1p0
core   0: 0x0000000080004000 (0x0080006f) j       pc + 0x8
core   0: 3 0x0000000080004000 (0x0080006f)
core   0: >>>>  mmode_exception_handler
core   0: 0x0000000080004008 (0x00002c17) auipc   s8, 0x2
core   0: 3 0x0000000080004008 (0x00002c17) x24 0x0000000080006008
core   0: 0x000000008000400c (0x042c0c13) addi    s8, s8, 66
core   0: 3 0x000000008000400c (0x042c0c13) x24 0x000000008000604a
core   0: 0x0000000080004010 (0x000c00e7) jalr    s8
core   0: 3 0x0000000080004010 (0x000c00e7) x1  0x0000000080004014
core   0: >>>>  any_handler
core   0: 0x000000008000604a (0x341027f3) csrrs   a5, mepc, zero
core   0: 3 0x000000008000604a (0x341027f3) x15 0x0000000080004842
core   0: 0x000000008000604e (0x34202773) csrrs   a4, mcause, zero
core   0: 3 0x000000008000604e (0x34202773) x14 0x0000000000000002
core   0: 0x0000000080006052 (0x142026f3) csrrs   a3, scause, zero
core   0: 3 0x0000000080006052 (0x142026f3) x13 0xfffffffffffffca7
core   0: 0x0000000080006056 (0x30402673) csrrs   a2, mie, zero
core   0: 3 0x0000000080006056 (0x30402673) x12 0x0000000000000a00
core   0: 0x000000008000605a (0x344025f3) csrrs   a1, mip, zero
core   0: 3 0x000000008000605a (0x344025f3) x11 0x0000000000000080
core   0: 0x000000008000605e (0x343025f3) csrrs   a1, mtval, zero
core   0: 3 0x000000008000605e (0x343025f3) x11 0x00000000323fdc73
core   0: 0x0000000080006062 (0x14302573) csrrs   a0, stval, zero
core   0: 3 0x0000000080006062 (0x14302573) x10 0x0000000000000000
core   0: 0x0000000080006066 (0xb02024f3) csrrs   s1, minstret, zero
core   0: 3 0x0000000080006066 (0xb02024f3) x9  0x0000000000000a8e
core   0: 0x000000008000606a (0x0000a811) c.j     pc + 20
core   0: 3 0x000000008000606a (0xa811)
core   0: >>>>  mepc_4
core   0: 0x000000008000607e (0x00000791) c.addi  a5, 4
core   0: 3 0x000000008000607e (0x0791) x15 0x0000000080004846
core   0: 0x0000000080006080 (0x34179073) csrrw   zero, mepc, a5
core   0: 3 0x0000000080006080 (0x34179073) c833_mepc 0x0000000080004846
core   0: 0x0000000080006084 (0x30200073) mret
core   0: 3 0x0000000080006084 (0x30200073) c768_mstatus 0x8000000a00106080
core   0: 0x0000000080004846 (0xf35d7113) andi    sp, s10, -203
core   0: 1 0x0000000080004846 (0xf35d7113) x2  0x0000000000000001
core   0: 0x000000008000484a (0x13b2f5d3) fmul.d  fa1, ft5, fs11
core   0: 1 0x000000008000484a (0x13b2f5d3) f11 0x7ff8000000000000
core   0: 0x000000008000484e (0x038595b3) mulh    a1, a1, s8
core   0: 1 0x000000008000484e (0x038595b3) x11 0x0000000000000000
core   0: 0x0000000080004852 (0x0251fd3b) remuw   s10, gp, t0
core   0: 1 0x0000000080004852 (0x0251fd3b) x26 0xffffffffe8ee697f
core   0: 0x0000000080004856 (0xd23a76d3) fcvt.d.lu fa3, s4
core   0: 1 0x0000000080004856 (0xd23a76d3) f13 0x4068e00000000000
core   0: 0x000000008000485a (0x008a599b) srliw   s3, s4, 8
core   0: 1 0x000000008000485a (0x008a599b) x19 0x0000000000000000
core   0: 0x000000008000485e (0xd0337653) fcvt.s.lu fa2, t1
core   0: 1 0x000000008000485e (0xd0337653) c1_fflags 0x0000000000000011 f12 0xffffffff5f800000
core   0: 0x0000000080004862 (0xd4fd4113) xori    sp, s10, -689
core   0: 1 0x0000000080004862 (0xd4fd4113) x2  0x0000000017119430
core   0: 0x0000000080004866 (0x41ab093b) subw    s2, s6, s10
core   0: 1 0x0000000080004866 (0x41ab093b) x18 0x0000000015119681
core   0: 0x000000008000486a (0x420184d3) fcvt.d.s fs1, ft3
core   0: 1 0x000000008000486a (0x420184d3) f9  0x7ff8000000000000
core   0: 0x000000008000486e (0xc039831b) addiw   t1, s3, -1021
core   0: 1 0x000000008000486e (0xc039831b) x6  0xfffffffffffffc03
core   0: 0x0000000080004872 (0x62caf6c3) fmadd.d fa3, fs5, fa2, fa2
core   0: 1 0x0000000080004872 (0x62caf6c3) f13 0x7ff8000000000000
core   0: 0x0000000080004876 (0xc20af453) fcvt.w.d s0, fs5
core   0: 1 0x0000000080004876 (0xc20af453) c1_fflags 0x0000000000000011 x8  0x000000007fffffff
core   0: 0x000000008000487a (0x0373433b) divw    t1, t1, s7
core   0: 1 0x000000008000487a (0x0373433b) x6  0xffffffffffffff6f
core   0: 0x000000008000487e (0x5a01f753) fsqrt.d fa4, ft3
core   0: 1 0x000000008000487e (0x5a01f753) f14 0x7ff8000000000000
core   0: 0x0000000080004882 (0xd034f5d3) fcvt.s.lu fa1, s1
core   0: 1 0x0000000080004882 (0xd034f5d3) f11 0xffffffff4528e000
core   0: 0x0000000080004886 (0x0001c113) xori    sp, gp, 0
core   0: 1 0x0000000080004886 (0x0001c113) x2  0xffffffffe8ee697f
core   0: 0x000000008000488a (0x01032833) slt     a6, t1, a6
core   0: 1 0x000000008000488a (0x01032833) x16 0x0000000000000000
core   0: 0x000000008000488e (0x403181b3) sub     gp, gp, gp
core   0: 1 0x000000008000488e (0x403181b3) x3  0x0000000000000000
core   0: 0x0000000080004892 (0x02a54d33) div     s10, a0, a0
core   0: 1 0x0000000080004892 (0x02a54d33) x26 0xffffffffffffffff
core   0: 0x0000000080004896 (0x03ce16b3) mulh    a3, t3, t3
core   0: 1 0x0000000080004896 (0x03ce16b3) x13 0x0000000000000000
core   0: 0x000000008000489a (0x01261ebb) sllw    t4, a2, s2
core   0: 1 0x000000008000489a (0x01261ebb) x29 0x0000000000001400
core   0: 0x000000008000489e (0x032a77b3) remu    a5, s4, s2
core   0: 1 0x000000008000489e (0x032a77b3) x15 0x00000000000000c7
core   0: 0x00000000800048a2 (0x1a3ff4d3) fdiv.d  fs1, ft11, ft3
core   0: 1 0x00000000800048a2 (0x1a3ff4d3) f9  0x7ff8000000000000
core   0: 0x00000000800048a6 (0x00261373) csrrw   t1, frm, a2
core   0: 1 0x00000000800048a6 (0x00261373) x6  0x0000000000000000 c2_frm 0x0000000000000000
core   0: 0x00000000800048aa (0x0001171b) slliw   a4, sp, 0
core   0: 1 0x00000000800048aa (0x0001171b) x14 0xffffffffe8ee697f
core   0: 0x00000000800048ae (0x03474633) div     a2, a4, s4
core   0: 1 0x00000000800048ae (0x03474633) x12 0xffffffffffe252dd
core   0: 0x00000000800048b2 (0x00e750b3) srl     ra, a4, a4
core   0: 1 0x00000000800048b2 (0x00e750b3) x1  0x0000000000000001
core   0: 0x00000000800048b6 (0x41305993) srai    s3, zero, 19
core   0: 1 0x00000000800048b6 (0x41305993) x19 0x0000000000000000
core   0: 0x00000000800048ba (0x12908e9b) addiw   t4, ra, 297
core   0: 1 0x00000000800048ba (0x12908e9b) x29 0x000000000000012a
core   0: 0x00000000800048be (0x5a04f053) fsqrt.d ft0, fs1
core   0: 1 0x00000000800048be (0x5a04f053) f0  0x7ff8000000000000
core   0: 0x00000000800048c2 (0x2a9207d3) fmin.d  fa5, ft4, fs1
core   0: 1 0x00000000800048c2 (0x2a9207d3) f15 0x7ff8000000000000
core   0: 0x00000000800048c6 (0x03f99513) slli    a0, s3, 63
core   0: 1 0x00000000800048c6 (0x03f99513) x10 0x0000000000000000
core   0: 0x00000000800048ca (0xf826e837) lui     a6, 0xf826e
core   0: 1 0x00000000800048ca (0xf826e837) x16 0xfffffffff826e000
core   0: 0x00000000800048ce (0x36d8081b) addiw   a6, a6, 877
core   0: 1 0x00000000800048ce (0x36d8081b) x16 0xfffffffff826e36d
core   0: 0x00000000800048d2 (0x00000832) c.slli  a6, 12
core   0: 1 0x00000000800048d2 (0x0832) x16 0xffffff826e36d000
core   0: 0x00000000800048d4 (0xc9180813) addi    a6, a6, -879
core   0: 1 0x00000000800048d4 (0xc9180813) x16 0xffffff826e36cc91
core   0: 0x00000000800048d8 (0x9c087093) andi    ra, a6, -1600
core   0: 1 0x00000000800048d8 (0x9c087093) x1  0xffffff826e36c880
core   0: 0x00000000800048dc (0x42885e93) srai    t4, a6, 40
core   0: 1 0x00000000800048dc (0x42885e93) x29 0xffffffffffffffff
core   0: 0x00000000800048e0 (0x0079e433) or      s0, s3, t2
core   0: 1 0x00000000800048e0 (0x0079e433) x8  0x0000000000000fff
core   0: 0x00000000800048e4 (0x7b6b3017) auipc   zero, 0x7b6b3
core   0: 1 0x00000000800048e4 (0x7b6b3017)
core   0: 0x00000000800048e8 (0xd22275d3) fcvt.d.l fa1, tp
core   0: 1 0x00000000800048e8 (0xd22275d3) f11 0xc0e4ad4000000000
core   0: 0x00000000800048ec (0xd22d7353) fcvt.d.l ft6, s10
core   0: 1 0x00000000800048ec (0xd22d7353) f6  0xbff0000000000000
core   0: 0x00000000800048f0 (0x5a037653) fsqrt.d fa2, ft6
core   0: 1 0x00000000800048f0 (0x5a037653) c1_fflags 0x0000000000000011 f12 0x7ff8000000000000
core   0: 0x00000000800048f4 (0x8000e993) ori     s3, ra, -2048
core   0: 1 0x00000000800048f4 (0x8000e993) x19 0xfffffffffffff880
core   0: 0x00000000800048f8 (0x80078d13) addi    s10, a5, -2048
core   0: 1 0x00000000800048f8 (0x80078d13) x26 0xfffffffffffff8c7
core   0: 0x00000000800048fc (0x0249a733) mulhsu  a4, s3, tp
core   0: 1 0x00000000800048fc (0x0249a733) x14 0xfffffffffffff880
core   0: 0x0000000080004900 (0x0000127e) c.slli  tp, 63
core   0: 1 0x0000000080004900 (0x127e) x4  0x0000000000000000
core   0: 0x0000000080004902 (0x2b051f53) fmax.d  ft10, fa0, fa6
core   0: 1 0x0000000080004902 (0x2b051f53) f30 0x7ff8000000000000
core   0: 0x0000000080004906 (0xfa3b7a4b) fnmsub.d fs4, fs6, ft3, ft11
core   0: 1 0x0000000080004906 (0xfa3b7a4b) f20 0x7ff8000000000000
core   0: 0x000000008000490a (0xfee65337) lui     t1, 0xfee65
core   0: 1 0x000000008000490a (0xfee65337) x6  0xfffffffffee65000
core   0: 0x000000008000490e (0xced3031b) addiw   t1, t1, -787
core   0: 1 0x000000008000490e (0xced3031b) x6  0xfffffffffee64ced
core   0: 0x0000000080004912 (0x00000336) c.slli  t1, 13
core   0: 1 0x0000000080004912 (0x0336) x6  0xffffffdcc99da000
core   0: 0x0000000080004914 (0x9fe30313) addi    t1, t1, -1538
core   0: 1 0x0000000080004914 (0x9fe30313) x6  0xffffffdcc99d99fe
core   0: 0x0000000080004918 (0xd227fbd3) fcvt.d.l fs7, a5
core   0: 1 0x0000000080004918 (0xd227fbd3) f23 0x4068e00000000000
core   0: 0x000000008000491c (0x02fb603b) remw    zero, s6, a5
core   0: 1 0x000000008000491c (0x02fb603b)
core   0: 0x0000000080004920 (0x03d1693b) remw    s2, sp, t4
core   0: 1 0x0000000080004920 (0x03d1693b) x18 0x0000000000000000
core   0: 0x0000000080004924 (0x5a07f8d3) fsqrt.d fa7, fa5
core   0: 1 0x0000000080004924 (0x5a07f8d3) f17 0x7ff8000000000000
core   0: 0x0000000080004928 (0xd238f053) fcvt.d.lu ft0, a7
core   0: 1 0x0000000080004928 (0xd238f053) f0  0x0000000000000000
core   0: 0x000000008000492c (0x231e0953) fsgnj.d fs2, ft8, fa7
core   0: 1 0x000000008000492c (0x231e0953) f18 0x7ff8000000000000
core   0: 0x0000000080004930 (0x03017bbb) remuw   s7, sp, a6
core   0: 1 0x0000000080004930 (0x03017bbb) x23 0x000000000c80d05d
core   0: 0x0000000080004934 (0x00000001) c.nop
core   0: 1 0x0000000080004934 (0x0001)
core   0: 0x0000000080004936 (0x009e01b3) add     gp, t3, s1
core   0: 1 0x0000000080004936 (0x009e01b3) x3  0x0000000000000a8f
core   0: 0x000000008000493a (0xd2287853) fcvt.d.l fa6, a6
core   0: 1 0x000000008000493a (0xd2287853) f16 0xc25f64724cdbc000
core   0: 0x000000008000493e (0x41000733) sub     a4, zero, a6
core   0: 1 0x000000008000493e (0x41000733) x14 0x0000007d91c9336f
core   0: 0x0000000080004942 (0x00121273) csrrw   tp, fflags, tp
core   0: 1 0x0000000080004942 (0x00121273) x4  0x0000000000000011 c1_fflags 0x0000000000000000
core   0: 0x0000000080004946 (0x038b0c3b) mulw    s8, s6, s8
core   0: 1 0x0000000080004946 (0x038b0c3b) x24 0x000000006c000000
core   0: 0x000000008000494a (0x00008f95) c.sub   a5, a3
core   0: 1 0x000000008000494a (0x8f95) x15 0x00000000000000c7
core   0: 0x000000008000494c (0x0002171b) slliw   a4, tp, 0
core   0: 1 0x000000008000494c (0x0002171b) x14 0x0000000000000011
core   0: 0x0000000080004950 (0xc0297653) fcvt.l.s a2, fs2
core   0: 1 0x0000000080004950 (0xc0297653) c1_fflags 0x0000000000000010 x12 0x7fffffffffffffff
core   0: 0x0000000080004954 (0x0199c2b3) xor     t0, s3, s9
core   0: 1 0x0000000080004954 (0x0199c2b3) x5  0xffffffffffffff7f
core   0: 0x0000000080004958 (0x0177da13) srli    s4, a5, 23
core   0: 1 0x0000000080004958 (0x0177da13) x20 0x0000000000000000
core   0: 0x000000008000495c (0x001a1cf3) csrrw   s9, fflags, s4
core   0: 1 0x000000008000495c (0x001a1cf3) x25 0x0000000000000010 c1_fflags 0x0000000000000000
core   0: 0x0000000080004960 (0xd21a07d3) fcvt.d.wu fa5, s4
core   0: 1 0x0000000080004960 (0xd21a07d3) f15 0x0000000000000000
core   0: 0x0000000080004964 (0xd21c8b53) fcvt.d.wu fs6, s9
core   0: 1 0x0000000080004964 (0xd21c8b53) f22 0x4030000000000000
core   0: 0x0000000080004968 (0x34c8049b) addiw   s1, a6, 844
core   0: 1 0x0000000080004968 (0x34c8049b) x9  0x000000006e36cfdd
core   0: 0x000000008000496c (0xe20c8353) fmv.x.d t1, fs9
core   0: 1 0x000000008000496c (0xe20c8353) x6  0x7ff8000000000000
core   0: 0x0000000080004970 (0x01141bb3) sll     s7, s0, a7
core   0: 1 0x0000000080004970 (0x01141bb3) x23 0x0000000000000fff
core   0: 0x0000000080004974 (0x02525d13) srli    s10, tp, 37
core   0: 1 0x0000000080004974 (0x02525d13) x26 0x0000000000000000
core   0: 0x0000000080004978 (0xc02cf4d3) fcvt.l.s s1, fs9
core   0: 1 0x0000000080004978 (0xc02cf4d3) c1_fflags 0x0000000000000010 x9  0x7fffffffffffffff
core   0: 0x000000008000497c (0xa39e0c53) fle.d   s8, ft8, fs9
core   0: 1 0x000000008000497c (0xa39e0c53) c1_fflags 0x0000000000000010 x24 0x0000000000000000
core   0: 0x0000000080004980 (0xc03b79d3) fcvt.lu.s s3, fs6
core   0: 1 0x0000000080004980 (0xc03b79d3) c1_fflags 0x0000000000000010 x19 0xffffffffffffffff
core   0: 0x0000000080004984 (0x00000001) c.nop
core   0: 1 0x0000000080004984 (0x0001)
core   0: 0x0000000080004986 (0xc21efb53) fcvt.wu.d s6, ft9
core   0: 1 0x0000000080004986 (0xc21efb53) c1_fflags 0x0000000000000010 x22 0xffffffffffffffff
core   0: 0x000000008000498a (0x001b7893) andi    a7, s6, 1
core   0: 1 0x000000008000498a (0x001b7893) x17 0x0000000000000001
core   0: 0x000000008000498e (0xa3a482d3) fle.d   t0, fs1, fs10
core   0: 1 0x000000008000498e (0xa3a482d3) c1_fflags 0x0000000000000010 x5  0x0000000000000000
core   0: 0x0000000080004992 (0xe2048153) fmv.x.d sp, fs1
core   0: 1 0x0000000080004992 (0xe2048153) x2  0x7ff8000000000000
core   0: 0x0000000080004996 (0x00000001) c.nop
core   0: 1 0x0000000080004996 (0x0001)
core   0: 0x0000000080004998 (0x030dcb3b) divw    s6, s11, a6
core   0: 1 0x0000000080004998 (0x030dcb3b) x22 0x0000000000000000
core   0: 0x000000008000499c (0x00016a13) ori     s4, sp, 0
core   0: 1 0x000000008000499c (0x00016a13) x20 0x7ff8000000000000
core   0: 0x00000000800049a0 (0x0068a8b3) slt     a7, a7, t1
core   0: 1 0x00000000800049a0 (0x0068a8b3) x17 0x0000000000000001
core   0: 0x00000000800049a4 (0xc02bf553) fcvt.l.s a0, fs7
core   0: 1 0x00000000800049a4 (0xc02bf553) c1_fflags 0x0000000000000010 x10 0x7fffffffffffffff
core   0: 0x00000000800049a8 (0x57d7e313) ori     t1, a5, 1405
core   0: 1 0x00000000800049a8 (0x57d7e313) x6  0x00000000000005ff
core   0: 0x00000000800049ac (0xf1132773) csrrs   a4, mvendorid, t1
core   0: exception trap_illegal_instruction, epc 0x00000000800049ac
core   0:           tval 0x00000000f1132773
core   0: >>>>  $xrv64i2p1_m2p0_a2p1_f2p2_d2p2_zicsr2p0_zifencei2p0_zmmul1p0_zba1p0_zbb1p0_zbc1p0_zbs1p0
core   0: 0x0000000080004000 (0x0080006f) j       pc + 0x8
core   0: 3 0x0000000080004000 (0x0080006f)
core   0: >>>>  mmode_exception_handler
core   0: 0x0000000080004008 (0x00002c17) auipc   s8, 0x2
core   0: 3 0x0000000080004008 (0x00002c17) x24 0x0000000080006008
core   0: 0x000000008000400c (0x042c0c13) addi    s8, s8, 66
core   0: 3 0x000000008000400c (0x042c0c13) x24 0x000000008000604a
core   0: 0x0000000080004010 (0x000c00e7) jalr    s8
core   0: 3 0x0000000080004010 (0x000c00e7) x1  0x0000000080004014
core   0: >>>>  any_handler
core   0: 0x000000008000604a (0x341027f3) csrrs   a5, mepc, zero
core   0: 3 0x000000008000604a (0x341027f3) x15 0x00000000800049ac
core   0: 0x000000008000604e (0x34202773) csrrs   a4, mcause, zero
core   0: 3 0x000000008000604e (0x34202773) x14 0x0000000000000002
core   0: 0x0000000080006052 (0x142026f3) csrrs   a3, scause, zero
core   0: 3 0x0000000080006052 (0x142026f3) x13 0xfffffffffffffca7
core   0: 0x0000000080006056 (0x30402673) csrrs   a2, mie, zero
core   0: 3 0x0000000080006056 (0x30402673) x12 0x0000000000000a00
core   0: 0x000000008000605a (0x344025f3) csrrs   a1, mip, zero
core   0: 3 0x000000008000605a (0x344025f3) x11 0x0000000000000080
core   0: 0x000000008000605e (0x343025f3) csrrs   a1, mtval, zero
core   0: 3 0x000000008000605e (0x343025f3) x11 0x00000000f1132773
core   0: 0x0000000080006062 (0x14302573) csrrs   a0, stval, zero
core   0: 3 0x0000000080006062 (0x14302573) x10 0x0000000000000000
core   0: 0x0000000080006066 (0xb02024f3) csrrs   s1, minstret, zero
core   0: 3 0x0000000080006066 (0xb02024f3) x9  0x0000000000000afb
core   0: 0x000000008000606a (0x0000a811) c.j     pc + 20
core   0: 3 0x000000008000606a (0xa811)
core   0: >>>>  mepc_4
core   0: 0x000000008000607e (0x00000791) c.addi  a5, 4
core   0: 3 0x000000008000607e (0x0791) x15 0x00000000800049b0
core   0: 0x0000000080006080 (0x34179073) csrrw   zero, mepc, a5
core   0: 3 0x0000000080006080 (0x34179073) c833_mepc 0x00000000800049b0
core   0: 0x0000000080006084 (0x30200073) mret
core   0: 3 0x0000000080006084 (0x30200073) c768_mstatus 0x8000000a00106080
core   0: 0x00000000800049b0 (0xd2078053) fcvt.d.w ft0, a5
core   0: 1 0x00000000800049b0 (0xd2078053) f0  0xc1dfffed94000000
core   0: 0x00000000800049b4 (0x02087cbb) remuw   s9, a6, zero
core   0: 1 0x00000000800049b4 (0x02087cbb) x25 0x000000006e36cc91
core   0: 0x00000000800049b8 (0x00179ef3) csrrw   t4, fflags, a5
core   0: 1 0x00000000800049b8 (0x00179ef3) x29 0x0000000000000010 c1_fflags 0x0000000000000010
core   0: 0x00000000800049bc (0x22140753) fsgnj.d fa4, fs0, ft1
core   0: 1 0x00000000800049bc (0x22140753) f14 0xffffffff4effff3f
core   0: 0x00000000800049c0 (0x5a077a53) fsqrt.d fs4, fa4
core   0: 1 0x00000000800049c0 (0x5a077a53) f20 0x7ff8000000000000
core   0: 0x00000000800049c4 (0x2b7b9bd3) fmax.d  fs7, fs7, fs7
core   0: 1 0x00000000800049c4 (0x2b7b9bd3) f23 0x4068e00000000000
core   0: 0x00000000800049c8 (0x00eecdb3) xor     s11, t4, a4
core   0: 1 0x00000000800049c8 (0x00eecdb3) x27 0x0000000000000012
core   0: 0x00000000800049cc (0x00169393) slli    t2, a3, 1
core   0: 1 0x00000000800049cc (0x00169393) x7  0xfffffffffffff94e
core   0: 0x00000000800049d0 (0x0079d9bb) srlw    s3, s3, t2
core   0: 1 0x00000000800049d0 (0x0079d9bb) x19 0x000000000003ffff
core   0: 0x00000000800049d4 (0x016b17b3) sll     a5, s6, s6
core   0: 1 0x00000000800049d4 (0x016b17b3) x15 0x0000000000000000
core   0: 0x00000000800049d8 (0xd21b8653) fcvt.d.wu fa2, s7
core   0: 1 0x00000000800049d8 (0xd21b8653) f12 0x40affe0000000000
core   0: 0x00000000800049dc (0x401e7753) fcvt.s.d fa4, ft8
core   0: 1 0x00000000800049dc (0x401e7753) f14 0xffffffff7fc00000
core   0: 0x00000000800049e0 (0x232722d3) fsgnjx.d ft5, fa4, fs2
core   0: 1 0x00000000800049e0 (0x232722d3) f5  0xffffffff7fc00000
core   0: 0x00000000800049e4 (0x414a523b) sraw    tp, s4, s4
core   0: 1 0x00000000800049e4 (0x414a523b) x4  0x0000000000000000
core   0: 0x00000000800049e8 (0x420b8453) fcvt.d.s fs0, fs7
core   0: 1 0x00000000800049e8 (0x420b8453) f8  0x7ff8000000000000
core   0: 0x00000000800049ec (0xc025f953) fcvt.l.s s2, fa1
core   0: 1 0x00000000800049ec (0xc025f953) c1_fflags 0x0000000000000010 x18 0x7fffffffffffffff
core   0: 0x00000000800049f0 (0x02958c3b) mulw    s8, a1, s1
core   0: 1 0x00000000800049f0 (0x02958c3b) x24 0x000000001d522bc1
core   0: 0x00000000800049f4 (0x0094fe33) and     t3, s1, s1
core   0: 1 0x00000000800049f4 (0x0094fe33) x28 0x0000000000000afb
core   0: 0x00000000800049f8 (0xaa82724f) fnmadd.d ft4, ft4, fs0, fs5
core   0: 1 0x00000000800049f8 (0xaa82724f) f4  0x7ff8000000000000
core   0: 0x00000000800049fc (0xf3deff4f) fnmadd.d ft10, ft9, ft9, ft10
core   0: 1 0x00000000800049fc (0xf3deff4f) f30 0x7ff8000000000000
core   0: 0x0000000080004a00 (0x756e0613) addi    a2, t3, 1878
core   0: 1 0x0000000080004a00 (0x756e0613) x12 0x0000000000001251
core   0: 0x0000000080004a04 (0x02b0703b) remuw   zero, zero, a1
core   0: 1 0x0000000080004a04 (0x02b0703b)
core   0: 0x0000000080004a08 (0x41ded5bb) sraw    a1, t4, t4
core   0: 1 0x0000000080004a08 (0x41ded5bb) x11 0x0000000000000000
core   0: 0x0000000080004a0c (0xd1c14693) xori    a3, sp, -740
core   0: 1 0x0000000080004a0c (0xd1c14693) x13 0x8007fffffffffd1c
core   0: 0x0000000080004a10 (0xd036fb53) fcvt.s.lu fs6, a3
core   0: 1 0x0000000080004a10 (0xd036fb53) c1_fflags 0x0000000000000011 f22 0xffffffff5f000800
core   0: 0x0000000080004a14 (0x0176d733) srl     a4, a3, s7
core   0: 1 0x0000000080004a14 (0x0176d733) x14 0x0000000000000001
core   0: 0x0000000080004a18 (0x02e9d4bb) divuw   s1, s3, a4
core   0: 1 0x0000000080004a18 (0x02e9d4bb) x9  0x000000000003ffff
core   0: 0x0000000080004a1c (0x02949cb3) mulh    s9, s1, s1
core   0: 1 0x0000000080004a1c (0x02949cb3) x25 0x0000000000000000
core   0: 0x0000000080004a20 (0x13817c4b) fnmsub.d fs8, ft2, fs8, ft2
core   0: 1 0x0000000080004a20 (0x13817c4b) f24 0x7ff8000000000000
core   0: 0x0000000080004a24 (0x0107979b) slliw   a5, a5, 16
core   0: 1 0x0000000080004a24 (0x0107979b) x15 0x0000000000000000
core   0: 0x0000000080004a28 (0x1be5f5d3) fdiv.d  fa1, fa1, ft10
core   0: 1 0x0000000080004a28 (0x1be5f5d3) f11 0x7ff8000000000000
core   0: 0x0000000080004a2c (0x03a60d3b) mulw    s10, a2, s10
core   0: 1 0x0000000080004a2c (0x03a60d3b) x26 0x0000000000000000
core   0: 0x0000000080004a30 (0x45760493) addi    s1, a2, 1111
core   0: 1 0x0000000080004a30 (0x45760493) x9  0x00000000000016a8
core   0: 0x0000000080004a34 (0xf2078953) fmv.d.x fs2, a5
core   0: 1 0x0000000080004a34 (0xf2078953) f18 0x0000000000000000
core   0: 0x0000000080004a38 (0x8c9c7c13) andi    s8, s8, -1847
core   0: 1 0x0000000080004a38 (0x8c9c7c13) x24 0x000000001d5228c1
core   0: 0x0000000080004a3c (0x035c6eb3) rem     t4, s8, s5
core   0: 1 0x0000000080004a3c (0x035c6eb3) x29 0x000000001d5228c1
core   0: 0x0000000080004a40 (0x005e9733) sll     a4, t4, t0
core   0: 1 0x0000000080004a40 (0x005e9733) x14 0x000000001d5228c1
core   0: 0x0000000080004a44 (0x40c80833) sub     a6, a6, a2
core   0: 1 0x0000000080004a44 (0x40c80833) x16 0xffffff826e36ba40
core   0: 0x0000000080004a48 (0x2215a4d3) fsgnjx.d fs1, fa1, ft1
core   0: 1 0x0000000080004a48 (0x2215a4d3) f9  0xfff8000000000000
core   0: 0x0000000080004a4c (0xfea3d537) lui     a0, 0xfea3d
core   0: 1 0x0000000080004a4c (0xfea3d537) x10 0xfffffffffea3d000
core   0: 0x0000000080004a50 (0xc0d5051b) addiw   a0, a0, -1011
core   0: 1 0x0000000080004a50 (0xc0d5051b) x10 0xfffffffffea3cc0d
core   0: 0x0000000080004a54 (0x00000536) c.slli  a0, 13
core   0: 1 0x0000000080004a54 (0x0536) x10 0xffffffd47981a000
core   0: 0x0000000080004a56 (0x6b750513) addi    a0, a0, 1719
core   0: 1 0x0000000080004a56 (0x6b750513) x10 0xffffffd47981a6b7
core   0: 0x0000000080004a5a (0x140e9c73) csrrw   s8, sscratch, t4
core   0: 1 0x0000000080004a5a (0x140e9c73) x24 0x0000000000000000 c320_sscratch 0x000000001d5228c1
core   0: 0x0000000080004a5e (0x01d68933) add     s2, a3, t4
core   0: 1 0x0000000080004a5e (0x01d68933) x18 0x800800001d5225dd
core   0: 0x0000000080004a62 (0x01f95993) srli    s3, s2, 31
core   0: 1 0x0000000080004a62 (0x01f95993) x19 0x0000000100100000
core   0: 0x0000000080004a66 (0x00171c73) csrrw   s8, fflags, a4
core   0: 1 0x0000000080004a66 (0x00171c73) x24 0x0000000000000011 c1_fflags 0x0000000000000001
core   0: 0x0000000080004a6a (0xc31fb4b7) lui     s1, 0xc31fb
core   0: 1 0x0000000080004a6a (0xc31fb4b7) x9  0xffffffffc31fb000
core   0: 0x0000000080004a6e (0x4098dabb) sraw    s5, a7, s1
core   0: 1 0x0000000080004a6e (0x4098dabb) x21 0x0000000000000001
core   0: 0x0000000080004a72 (0x3315059b) addiw   a1, a0, 817
core   0: 1 0x0000000080004a72 (0x3315059b) x11 0x000000007981a9e8
core   0: 0x0000000080004a76 (0x000992bb) sllw    t0, s3, zero
core   0: 1 0x0000000080004a76 (0x000992bb) x5  0x0000000000100000
core   0: 0x0000000080004a7a (0xd23c7ed3) fcvt.d.lu ft9, s8
core   0: 1 0x0000000080004a7a (0xd23c7ed3) f29 0x4031000000000000
core   0: 0x0000000080004a7e (0x411485b3) sub     a1, s1, a7
core   0: 1 0x0000000080004a7e (0x411485b3) x11 0xffffffffc31fafff
core   0: 0x0000000080004a82 (0xc035fe53) fcvt.lu.s t3, fa1
core   0: 1 0x0000000080004a82 (0xc035fe53) c1_fflags 0x0000000000000011 x28 0xffffffffffffffff
core   0: 0x0000000080004a86 (0x03c7abb3) mulhsu  s7, a5, t3
core   0: 1 0x0000000080004a86 (0x03c7abb3) x23 0x0000000000000000
core   0: 0x0000000080004a8a (0x000b5793) srli    a5, s6, 0
core   0: 1 0x0000000080004a8a (0x000b5793) x15 0x0000000000000000
core   0: 0x0000000080004a8e (0x1ad0f6d3) fdiv.d  fa3, ft1, fa3
core   0: 1 0x0000000080004a8e (0x1ad0f6d3) f13 0x7ff8000000000000
core   0: 0x0000000080004a92 (0x22b4aa53) fsgnjx.d fs4, fs1, fa1
core   0: 1 0x0000000080004a92 (0x22b4aa53) f20 0xfff8000000000000
core   0: 0x0000000080004a96 (0x00fd87bb) addw    a5, s11, a5
core   0: 1 0x0000000080004a96 (0x00fd87bb) x15 0x0000000000000012
core   0: 0x0000000080004a9a (0x6b5bf7cb) fnmsub.d fa5, fs7, fs5, fa3
core   0: 1 0x0000000080004a9a (0x6b5bf7cb) f15 0x7ff8000000000000
core   0: 0x0000000080004a9e (0x01ce53b3) srl     t2, t3, t3
core   0: 1 0x0000000080004a9e (0x01ce53b3) x7  0x0000000000000001
core   0: 0x0000000080004aa2 (0x1400ee73) csrrsi  t3, sscratch, 1
core   0: 1 0x0000000080004aa2 (0x1400ee73) x28 0x000000001d5228c1 c320_sscratch 0x000000001d5228c1
core   0: 0x0000000080004aa6 (0x5b45f34b) fnmsub.d ft6, fa1, fs4, fa1
core   0: 1 0x0000000080004aa6 (0x5b45f34b) f6  0x7ff8000000000000
core   0: 0x0000000080004aaa (0x0012961b) slliw   a2, t0, 1
core   0: 1 0x0000000080004aaa (0x0012961b) x12 0x0000000000200000
core   0: 0x0000000080004aae (0x01fd599b) srliw   s3, s10, 31
core   0: 1 0x0000000080004aae (0x01fd599b) x19 0x0000000000000000
core   0: 0x0000000080004ab2 (0xc236fed3) fcvt.lu.d t4, fa3
core   0: 1 0x0000000080004ab2 (0xc236fed3) c1_fflags 0x0000000000000011 x29 0xffffffffffffffff
core   0: 0x0000000080004ab6 (0xe2058cd3) fmv.x.d s9, fa1
core   0: 1 0x0000000080004ab6 (0xe2058cd3) x25 0x7ff8000000000000
core   0: 0x0000000080004aba (0xc236fc53) fcvt.lu.d s8, fa3
core   0: 1 0x0000000080004aba (0xc236fc53) c1_fflags 0x0000000000000011 x24 0xffffffffffffffff
core   0: 0x0000000080004abe (0x41f6d91b) sraiw   s2, a3, 31
core   0: 1 0x0000000080004abe (0x41f6d91b) x18 0xffffffffffffffff
core   0: 0x0000000080004ac2 (0x40175b93) srai    s7, a4, 1
core   0: 1 0x0000000080004ac2 (0x40175b93) x23 0x000000000ea91460
core   0: 0x0000000080004ac6 (0x039376d3) fadd.d  fa3, ft6, fs9
core   0: 1 0x0000000080004ac6 (0x039376d3) f13 0x7ff8000000000000
core   0: 0x0000000080004aca (0x2a470253) fmin.d  ft4, fa4, ft4
core   0: 1 0x0000000080004aca (0x2a470253) f4  0x7ff8000000000000
core   0: 0x0000000080004ace (0x229772c7) fmsub.d ft5, fa4, fs1, ft4
core   0: 1 0x0000000080004ace (0x229772c7) f5  0x7ff8000000000000
core   0: 0x0000000080004ad2 (0x0b53f3d3) fsub.d  ft7, ft7, fs5
core   0: 1 0x0000000080004ad2 (0x0b53f3d3) f7  0x7ff8000000000000
core   0: 0x0000000080004ad6 (0x011797bb) sllw    a5, a5, a7
core   0: 1 0x0000000080004ad6 (0x011797bb) x15 0x0000000000000024
core   0: 0x0000000080004ada (0xc236f3d3) fcvt.lu.d t2, fa3
core   0: 1 0x0000000080004ada (0xc236f3d3) c1_fflags 0x0000000000000011 x7  0xffffffffffffffff
core   0: 0x0000000080004ade (0x2ae59753) fmax.d  fa4, fa1, fa4
core   0: 1 0x0000000080004ade (0x2ae59753) f14 0x7ff8000000000000
core   0: 0x0000000080004ae2 (0x831a6b17) auipc   s6, 0x831a6
core   0: 1 0x0000000080004ae2 (0x831a6b17) x22 0x00000000031aaae2
core   0: 0x0000000080004ae6 (0xf20c8ad3) fmv.d.x fs5, s9
core   0: 1 0x0000000080004ae6 (0xf20c8ad3) f21 0x7ff8000000000000
core   0: 0x0000000080004aea (0x2bce0453) fmin.d  fs0, ft8, ft8
core   0: 1 0x0000000080004aea (0x2bce0453) f8  0x7ff8000000000000
core   0: 0x0000000080004aee (0x02175113) srli    sp, a4, 33
core   0: 1 0x0000000080004aee (0x02175113) x2  0x0000000000000000
core   0: 0x0000000080004af2 (0x3a7572cf) fnmadd.d ft5, fa0, ft7, ft7
core   0: 1 0x0000000080004af2 (0x3a7572cf) f5  0x7ff8000000000000
core   0: 0x0000000080004af6 (0x00e3f433) and     s0, t2, a4
core   0: 1 0x0000000080004af6 (0x00e3f433) x8  0x000000001d5228c1
core   0: 0x0000000080004afa (0x9a81f8c3) fmadd.d fa7, ft3, fs0, fs3
core   0: 1 0x0000000080004afa (0x9a81f8c3) f17 0x7ff8000000000000
core   0: 0x0000000080004afe (0x00191af3) csrrw   s5, fflags, s2
core   0: 1 0x0000000080004afe (0x00191af3) x21 0x0000000000000011 c1_fflags 0x000000000000001f
core   0: 0x0000000080004b02 (0x0ff0000f) fence   iorw,iorw
core   0: 1 0x0000000080004b02 (0x0ff0000f)
core   0: 0x0000000080004b06 (0x43757bcf) fnmadd.d fs7, fa0, fs7, fs0
core   0: 1 0x0000000080004b06 (0x43757bcf) f23 0x7ff8000000000000
core   0: 0x0000000080004b0a (0x40a555bb) sraw    a1, a0, a0
core   0: 1 0x0000000080004b0a (0x40a555bb) x11 0x00000000000000f3
core   0: 0x0000000080004b0e (0x00000001) c.nop
core   0: 1 0x0000000080004b0e (0x0001)
core   0: 0x0000000080004b10 (0x025882bb) mulw    t0, a7, t0
core   0: 1 0x0000000080004b10 (0x025882bb) x5  0x0000000000100000
core   0: 0x0000000080004b14 (0xa25a13d3) flt.d   t2, fs4, ft5
core   0: 1 0x0000000080004b14 (0xa25a13d3) c1_fflags 0x000000000000001f x7  0x0000000000000000
core   0: 0x0000000080004b18 (0x01a3c933) xor     s2, t2, s10
core   0: 1 0x0000000080004b18 (0x01a3c933) x18 0x0000000000000000
core   0: 0x0000000080004b1c (0x5a0afe53) fsqrt.d ft8, fs5
core   0: 1 0x0000000080004b1c (0x5a0afe53) f28 0x7ff8000000000000
core   0: 0x0000000080004b20 (0xf12057f3) csrrwi  a5, marchid, 0
core   0: exception trap_illegal_instruction, epc 0x0000000080004b20
core   0:           tval 0x00000000f12057f3
core   0: >>>>  $xrv64i2p1_m2p0_a2p1_f2p2_d2p2_zicsr2p0_zifencei2p0_zmmul1p0_zba1p0_zbb1p0_zbc1p0_zbs1p0
core   0: 0x0000000080004000 (0x0080006f) j       pc + 0x8
core   0: 3 0x0000000080004000 (0x0080006f)
core   0: >>>>  mmode_exception_handler
core   0: 0x0000000080004008 (0x00002c17) auipc   s8, 0x2
core   0: 3 0x0000000080004008 (0x00002c17) x24 0x0000000080006008
core   0: 0x000000008000400c (0x042c0c13) addi    s8, s8, 66
core   0: 3 0x000000008000400c (0x042c0c13) x24 0x000000008000604a
core   0: 0x0000000080004010 (0x000c00e7) jalr    s8
core   0: 3 0x0000000080004010 (0x000c00e7) x1  0x0000000080004014
core   0: >>>>  any_handler
core   0: 0x000000008000604a (0x341027f3) csrrs   a5, mepc, zero
core   0: 3 0x000000008000604a (0x341027f3) x15 0x0000000080004b20
core   0: 0x000000008000604e (0x34202773) csrrs   a4, mcause, zero
core   0: 3 0x000000008000604e (0x34202773) x14 0x0000000000000002
core   0: 0x0000000080006052 (0x142026f3) csrrs   a3, scause, zero
core   0: 3 0x0000000080006052 (0x142026f3) x13 0xfffffffffffffca7
core   0: 0x0000000080006056 (0x30402673) csrrs   a2, mie, zero
core   0: 3 0x0000000080006056 (0x30402673) x12 0x0000000000000a00
core   0: 0x000000008000605a (0x344025f3) csrrs   a1, mip, zero
core   0: 3 0x000000008000605a (0x344025f3) x11 0x0000000000000080
core   0: 0x000000008000605e (0x343025f3) csrrs   a1, mtval, zero
core   0: 3 0x000000008000605e (0x343025f3) x11 0x00000000f12057f3
core   0: 0x0000000080006062 (0x14302573) csrrs   a0, stval, zero
core   0: 3 0x0000000080006062 (0x14302573) x10 0x0000000000000000
core   0: 0x0000000080006066 (0xb02024f3) csrrs   s1, minstret, zero
core   0: 3 0x0000000080006066 (0xb02024f3) x9  0x0000000000000b68
core   0: 0x000000008000606a (0x0000a811) c.j     pc + 20
core   0: 3 0x000000008000606a (0xa811)
core   0: >>>>  mepc_4
core   0: 0x000000008000607e (0x00000791) c.addi  a5, 4
core   0: 3 0x000000008000607e (0x0791) x15 0x0000000080004b24
core   0: 0x0000000080006080 (0x34179073) csrrw   zero, mepc, a5
core   0: 3 0x0000000080006080 (0x34179073) c833_mepc 0x0000000080004b24
core   0: 0x0000000080006084 (0x30200073) mret
core   0: 3 0x0000000080006084 (0x30200073) c768_mstatus 0x8000000a00106080
core   0: 0x0000000080004b24 (0x00f21cbb) sllw    s9, tp, a5
core   0: 1 0x0000000080004b24 (0x00f21cbb) x25 0x0000000000000000
core   0: 0x0000000080004b28 (0x00bac5b3) xor     a1, s5, a1
core   0: 1 0x0000000080004b28 (0x00bac5b3) x11 0x00000000f12057e2
core   0: 0x0000000080004b2c (0x416702bb) subw    t0, a4, s6
core   0: 1 0x0000000080004b2c (0x416702bb) x5  0xfffffffffce55520
core   0: 0x0000000080004b30 (0x00000001) c.nop
core   0: 1 0x0000000080004b30 (0x0001)
core   0: 0x0000000080004b32 (0xc03ef6d3) fcvt.lu.s a3, ft9
core   0: 1 0x0000000080004b32 (0xc03ef6d3) c1_fflags 0x000000000000001f x13 0xffffffffffffffff
core   0: 0x0000000080004b36 (0x03da4a3b) divw    s4, s4, t4
core   0: 1 0x0000000080004b36 (0x03da4a3b) x20 0x0000000000000000
core   0: 0x0000000080004b3a (0x042caeb7) lui     t4, 0x42ca
core   0: 1 0x0000000080004b3a (0x042caeb7) x29 0x00000000042ca000
core   0: 0x0000000080004b3e (0x0005801b) sext.w  zero, a1
core   0: 1 0x0000000080004b3e (0x0005801b)
core   0: 0x0000000080004b42 (0x12e37353) fmul.d  ft6, ft6, fa4
core   0: 1 0x0000000080004b42 (0x12e37353) f6  0x7ff8000000000000
core   0: 0x0000000080004b46 (0x02aed0b3) divu    ra, t4, a0
core   0: 1 0x0000000080004b46 (0x02aed0b3) x1  0xffffffffffffffff
core   0: 0x0000000080004b4a (0x41200933) sub     s2, zero, s2
core   0: 1 0x0000000080004b4a (0x41200933) x18 0x0000000000000000
core   0: 0x0000000080004b4e (0x03fa5a13) srli    s4, s4, 63
core   0: 1 0x0000000080004b4e (0x03fa5a13) x20 0x0000000000000000
core   0: 0x0000000080004b52 (0x00000001) c.nop
core   0: 1 0x0000000080004b52 (0x0001)
core   0: 0x0000000080004b54 (0xd7d0fe37) lui     t3, 0xd7d0f
core   0: 1 0x0000000080004b54 (0xd7d0fe37) x28 0xffffffffd7d0f000
core   0: 0x0000000080004b58 (0x0010919b) slliw   gp, ra, 1
core   0: 1 0x0000000080004b58 (0x0010919b) x3  0xfffffffffffffffe
core   0: 0x0000000080004b5c (0x0031f633) and     a2, gp, gp
core   0: 1 0x0000000080004b5c (0x0031f633) x12 0xfffffffffffffffe
core   0: 0x0000000080004b60 (0xd21e0353) fcvt.d.wu ft6, t3
core   0: 1 0x0000000080004b60 (0xd21e0353) f6  0x41eafa1e00000000
core   0: 0x0000000080004b64 (0x000bd793) srli    a5, s7, 0
core   0: 1 0x0000000080004b64 (0x000bd793) x15 0x000000000ea91460
core   0: 0x0000000080004b68 (0x2b4c1f53) fmax.d  ft10, fs8, fs4
core   0: 1 0x0000000080004b68 (0x2b4c1f53) f30 0x7ff8000000000000
core   0: 0x0000000080004b6c (0xc03c7cd3) fcvt.lu.s s9, fs8
core   0: 1 0x0000000080004b6c (0xc03c7cd3) c1_fflags 0x000000000000001f x25 0xffffffffffffffff
core   0: 0x0000000080004b70 (0x023cc233) div     tp, s9, gp
core   0: 1 0x0000000080004b70 (0x023cc233) x4  0x0000000000000000
core   0: 0x0000000080004b74 (0x06d08037) lui     zero, 0x6d08
core   0: 1 0x0000000080004b74 (0x06d08037)
core   0: 0x0000000080004b78 (0x3010001b) addiw   zero, zero, 769
core   0: 1 0x0000000080004b78 (0x3010001b)
core   0: 0x0000000080004b7c (0x00c01013) slli    zero, zero, 12
core   0: 1 0x0000000080004b7c (0x00c01013)
core   0: 0x0000000080004b80 (0xfb500013) li      zero, -75
core   0: 1 0x0000000080004b80 (0xfb500013)
core   0: 0x0000000080004b84 (0x84eabeb7) lui     t4, 0x84eab
core   0: 1 0x0000000080004b84 (0x84eabeb7) x29 0xffffffff84eab000
core   0: 0x0000000080004b88 (0x002026f3) csrrs   a3, frm, zero
core   0: 1 0x0000000080004b88 (0x002026f3) x13 0x0000000000000000
core   0: 0x0000000080004b8c (0x41f45c9b) sraiw   s9, s0, 31
core   0: 1 0x0000000080004b8c (0x41f45c9b) x25 0x0000000000000000
core   0: 0x0000000080004b90 (0x1be37d53) fdiv.d  fs10, ft6, ft10
core   0: 1 0x0000000080004b90 (0x1be37d53) f26 0x7ff8000000000000
core   0: 0x0000000080004b94 (0x0b77f653) fsub.d  fa2, fa5, fs7
core   0: 1 0x0000000080004b94 (0x0b77f653) f12 0x7ff8000000000000
core   0: 0x0000000080004b98 (0x44bcf913) andi    s2, s9, 1099
core   0: 1 0x0000000080004b98 (0x44bcf913) x18 0x0000000000000000
core   0: 0x0000000080004b9c (0x002020f3) csrrs   ra, frm, zero
core   0: 1 0x0000000080004b9c (0x002020f3) x1  0x0000000000000000
core   0: 0x0000000080004ba0 (0x007bd0bb) srlw    ra, s7, t2
core   0: 1 0x0000000080004ba0 (0x007bd0bb) x1  0x000000000ea91460
core   0: 0x0000000080004ba4 (0x002d1d73) csrrw   s10, frm, s10
core   0: 1 0x0000000080004ba4 (0x002d1d73) x26 0x0000000000000000 c2_frm 0x0000000000000000
core   0: 0x0000000080004ba8 (0x22c686d3) fsgnj.d fa3, fa3, fa2
core   0: 1 0x0000000080004ba8 (0x22c686d3) f13 0x7ff8000000000000
core   0: 0x0000000080004bac (0x027e9593) slli    a1, t4, 39
core   0: 1 0x0000000080004bac (0x027e9593) x11 0x7558000000000000
core   0: 0x0000000080004bb0 (0x302010b7) lui     ra, 0x30201
core   0: 1 0x0000000080004bb0 (0x302010b7) x1  0x0000000030201000
core   0: 0x0000000080004bb4 (0x80068393) addi    t2, a3, -2048
core   0: 1 0x0000000080004bb4 (0x80068393) x7  0xfffffffffffff800
core   0: 0x0000000080004bb8 (0x0ff0000f) fence   iorw,iorw
core   0: 1 0x0000000080004bb8 (0x0ff0000f)
core   0: 0x0000000080004bbc (0x02dd75d3) fadd.d  fa1, fs10, fa3
core   0: 1 0x0000000080004bbc (0x02dd75d3) f11 0x7ff8000000000000
core   0: 0x0000000080004bc0 (0x01be54b3) srl     s1, t3, s11
core   0: 1 0x0000000080004bc0 (0x01be54b3) x9  0x00003ffffffff5f4
core   0: 0x0000000080004bc4 (0x00102bf3) csrrs   s7, fflags, zero
core   0: 1 0x0000000080004bc4 (0x00102bf3) x23 0x000000000000001f
core   0: 0x0000000080004bc8 (0x23d08453) fsgnj.d fs0, ft1, ft9
core   0: 1 0x0000000080004bc8 (0x23d08453) f8  0x7fffffff00000000
core   0: 0x0000000080004bcc (0x0000918e) c.add   gp, gp
core   0: 1 0x0000000080004bcc (0x918e) x3  0xfffffffffffffffc
core   0: 0x0000000080004bce (0x7a147acf) fnmadd.d fs5, fs0, ft1, fa5
core   0: 1 0x0000000080004bce (0x7a147acf) f21 0x7ff8000000000000
core   0: 0x0000000080004bd2 (0x1320f953) fmul.d  fs2, ft1, fs2
core   0: 1 0x0000000080004bd2 (0x1320f953) f18 0x7ff8000000000000
core   0: 0x0000000080004bd6 (0x40107ed3) fcvt.s.d ft9, ft0
core   0: 1 0x0000000080004bd6 (0x40107ed3) c1_fflags 0x000000000000001f f29 0xffffffffceffff6d
core   0: 0x0000000080004bda (0x019853bb) srlw    t2, a6, s9
core   0: 1 0x0000000080004bda (0x019853bb) x7  0x000000006e36ba40
core   0: 0x0000000080004bde (0x0108e533) or      a0, a7, a6
core   0: 1 0x0000000080004bde (0x0108e533) x10 0xffffff826e36ba41
core   0: 0x0000000080004be2 (0x01319d9b) slliw   s11, gp, 19
core   0: 1 0x0000000080004be2 (0x01319d9b) x27 0xffffffffffe00000
core   0: 0x0000000080004be6 (0x03b6b6b3) mulhu   a3, a3, s11
core   0: 1 0x0000000080004be6 (0x03b6b6b3) x13 0x0000000000000000
core   0: 0x0000000080004bea (0x00e8f733) and     a4, a7, a4
core   0: 1 0x0000000080004bea (0x00e8f733) x14 0x0000000000000000
core   0: 0x0000000080004bee (0x02cb0b3b) mulw    s6, s6, a2
core   0: 1 0x0000000080004bee (0x02cb0b3b) x22 0xfffffffff9caaa3c
core   0: 0x0000000080004bf2 (0x000dddb3) srl     s11, s11, zero
core   0: 1 0x0000000080004bf2 (0x000dddb3) x27 0xffffffffffe00000
core   0: 0x0000000080004bf6 (0xd031ffd3) fcvt.s.lu ft11, gp
core   0: 1 0x0000000080004bf6 (0xd031ffd3) c1_fflags 0x000000000000001f f31 0xffffffff5f800000
core   0: 0x0000000080004bfa (0x007fb0b7) lui     ra, 0x7fb
core   0: 1 0x0000000080004bfa (0x007fb0b7) x1  0x00000000007fb000
core   0: 0x0000000080004bfe (0xeeb0809b) addiw   ra, ra, -277
core   0: 1 0x0000000080004bfe (0xeeb0809b) x1  0x00000000007faeeb
core   0: 0x0000000080004c02 (0x000000ba) c.slli  ra, 14
core   0: 1 0x0000000080004c02 (0x00ba) x1  0x0000001febbac000
core   0: 0x0000000080004c04 (0xd8008093) addi    ra, ra, -640
core   0: 1 0x0000000080004c04 (0xd8008093) x1  0x0000001febbabd80
core   0: 0x0000000080004c08 (0x00008ffd) c.and   a5, a5
core   0: 1 0x0000000080004c08 (0x8ffd) x15 0x000000000ea91460
core   0: 0x0000000080004c0a (0x01f0951b) slliw   a0, ra, 31
core   0: 1 0x0000000080004c0a (0x01f0951b) x10 0x0000000000000000
core   0: 0x0000000080004c0e (0xc03ef353) fcvt.lu.s t1, ft9
core   0: 1 0x0000000080004c0e (0xc03ef353) c1_fflags 0x000000000000001f x6  0x0000000000000000
core   0: 0x0000000080004c12 (0x0cad5397) auipc   t2, 0xcad5
core   0: 1 0x0000000080004c12 (0x0cad5397) x7  0x000000008cad9c12
core   0: 0x0000000080004c16 (0xfff1f193) andi    gp, gp, -1
core   0: 1 0x0000000080004c16 (0xfff1f193) x3  0xfffffffffffffffc
core   0: 0x0000000080004c1a (0x0074dc33) srl     s8, s1, t2
core   0: 1 0x0000000080004c1a (0x0074dc33) x24 0x000000000fffffff
core   0: 0x0000000080004c1e (0x1b2fadb7) lui     s11, 0x1b2fa
core   0: 1 0x0000000080004c1e (0x1b2fadb7) x27 0x000000001b2fa000
core   0: 0x0000000080004c22 (0x002020f3) csrrs   ra, frm, zero
core   0: 1 0x0000000080004c22 (0x002020f3) x1  0x0000000000000000
core   0: 0x0000000080004c26 (0xc21ffad3) fcvt.wu.d s5, ft11
core   0: 1 0x0000000080004c26 (0xc21ffad3) c1_fflags 0x000000000000001f x21 0xffffffffffffffff
core   0: 0x0000000080004c2a (0x4166de1b) sraiw   t3, a3, 22
core   0: 1 0x0000000080004c2a (0x4166de1b) x28 0x0000000000000000
core   0: 0x0000000080004c2e (0x00008e35) c.xor   a2, a3
core   0: 1 0x0000000080004c2e (0x8e35) x12 0xfffffffffffffffe
core   0: 0x0000000080004c30 (0x0ff0000f) fence   iorw,iorw
core   0: 1 0x0000000080004c30 (0x0ff0000f)
core   0: 0x0000000080004c34 (0x00edc4b3) xor     s1, s11, a4
core   0: 1 0x0000000080004c34 (0x00edc4b3) x9  0x000000001b2fa000
core   0: 0x0000000080004c38 (0x03ef7253) fadd.d  ft4, ft10, ft10
core   0: 1 0x0000000080004c38 (0x03ef7253) f4  0x7ff8000000000000
core   0: 0x0000000080004c3c (0x00131173) csrrw   sp, fflags, t1
core   0: 1 0x0000000080004c3c (0x00131173) x2  0x000000000000001f c1_fflags 0x0000000000000000
core   0: 0x0000000080004c40 (0xc0387d53) fcvt.lu.s s10, fa6
core   0: 1 0x0000000080004c40 (0xc0387d53) c1_fflags 0x0000000000000010 x26 0xffffffffffffffff
core   0: 0x0000000080004c44 (0x0bb07053) fsub.d  ft0, ft0, fs11
core   0: 1 0x0000000080004c44 (0x0bb07053) f0  0x7ff8000000000000
core   0: 0x0000000080004c48 (0x800a6a13) ori     s4, s4, -2048
core   0: 1 0x0000000080004c48 (0x800a6a13) x20 0xfffffffffffff800
core   0: 0x0000000080004c4c (0x00159093) slli    ra, a1, 1
core   0: 1 0x0000000080004c4c (0x00159093) x1  0xeab0000000000000
core   0: 0x0000000080004c50 (0xe2000853) fmv.x.d a6, ft0
core   0: 1 0x0000000080004c50 (0xe2000853) x16 0x7ff8000000000000
core   0: 0x0000000080004c54 (0x40cc5733) sra     a4, s8, a2
core   0: 1 0x0000000080004c54 (0x40cc5733) x14 0x0000000000000000
core   0: 0x0000000080004c58 (0x01f89e93) slli    t4, a7, 31
core   0: 1 0x0000000080004c58 (0x01f89e93) x29 0x0000000080000000
core   0: 0x0000000080004c5c (0x405351bb) sraw    gp, t1, t0
core   0: 1 0x0000000080004c5c (0x405351bb) x3  0x0000000000000000
core   0: 0x0000000080004c60 (0x00b6591b) srliw   s2, a2, 11
core   0: 1 0x0000000080004c60 (0x00b6591b) x18 0x00000000001fffff
core   0: 0x0000000080004c64 (0xd2060a53) fcvt.d.w fs4, a2
core   0: 1 0x0000000080004c64 (0xd2060a53) f20 0xc000000000000000
core   0: 0x0000000080004c68 (0x40335c33) sra     s8, t1, gp
core   0: 1 0x0000000080004c68 (0x40335c33) x24 0x0000000000000000
core   0: 0x0000000080004c6c (0x02f611b3) mulh    gp, a2, a5
core   0: 1 0x0000000080004c6c (0x02f611b3) x3  0xffffffffffffffff
core   0: 0x0000000080004c70 (0x025e6e3b) remw    t3, t3, t0
core   0: 1 0x0000000080004c70 (0x025e6e3b) x28 0x0000000000000000
core   0: 0x0000000080004c74 (0x020e2633) mulhsu  a2, t3, zero
core   0: 1 0x0000000080004c74 (0x020e2633) x12 0x0000000000000000
core   0: 0x0000000080004c78 (0xc038f753) fcvt.lu.s a4, fa7
core   0: 1 0x0000000080004c78 (0xc038f753) c1_fflags 0x0000000000000010 x14 0xffffffffffffffff
core   0: 0x0000000080004c7c (0x4ede6213) ori     tp, t3, 1261
core   0: 1 0x0000000080004c7c (0x4ede6213) x4  0x00000000000004ed
core   0: 0x0000000080004c80 (0x8005ec93) ori     s9, a1, -2048
core   0: 1 0x0000000080004c80 (0x8005ec93) x25 0xfffffffffffff800
core   0: 0x0000000080004c84 (0x025801bb) mulw    gp, a6, t0
core   0: 1 0x0000000080004c84 (0x025801bb) x3  0x0000000000000000
core   0: 0x0000000080004c88 (0x237c0553) fsgnj.d fa0, fs8, fs7
core   0: 1 0x0000000080004c88 (0x237c0553) f10 0x7ff8000000000000
core   0: 0x0000000080004c8c (0x3b9d0a9b) addiw   s5, s10, 953
core   0: 1 0x0000000080004c8c (0x3b9d0a9b) x21 0x00000000000003b8
core   0: 0x0000000080004c90 (0xbb786913) ori     s2, a6, -1097
core   0: 1 0x0000000080004c90 (0xbb786913) x18 0xfffffffffffffbb7
core   0: 0x0000000080004c94 (0x61fb4213) xori    tp, s6, 1567
core   0: 1 0x0000000080004c94 (0x61fb4213) x4  0xfffffffff9caac23
core   0: 0x0000000080004c98 (0xa3ec7f47) fmsub.d ft10, fs8, ft10, fs4
core   0: 1 0x0000000080004c98 (0xa3ec7f47) f30 0x7ff8000000000000
core   0: 0x0000000080004c9c (0x002212f3) csrrw   t0, frm, tp
core   0: 1 0x0000000080004c9c (0x002212f3) x5  0x0000000000000000 c2_frm 0x0000000000000003
core   0: 0x0000000080004ca0 (0x02e9c73b) divw    a4, s3, a4
core   0: 1 0x0000000080004ca0 (0x02e9c73b) x14 0x0000000000000000
core   0: 0x0000000080004ca4 (0xfc2822b7) lui     t0, 0xfc282
core   0: 1 0x0000000080004ca4 (0xfc2822b7) x5  0xfffffffffc282000
core   0: 0x0000000080004ca8 (0xa4d2829b) addiw   t0, t0, -1459
core   0: 1 0x0000000080004ca8 (0xa4d2829b) x5  0xfffffffffc281a4d
core   0: 0x0000000080004cac (0x000002b6) c.slli  t0, 13
core   0: 1 0x0000000080004cac (0x02b6) x5  0xffffff850349a000
core   0: 0x0000000080004cae (0xd0028293) addi    t0, t0, -768
core   0: 1 0x0000000080004cae (0xd0028293) x5  0xffffff8503499d00
core   0: 0x0000000080004cb2 (0x8005c593) xori    a1, a1, -2048
core   0: 1 0x0000000080004cb2 (0x8005c593) x11 0x8aa7fffffffff800
core   0: 0x0000000080004cb6 (0x022b5a33) divu    s4, s6, sp
core   0: 1 0x0000000080004cb6 (0x022b5a33) x20 0x0842108420d4fd3b
core   0: 0x0000000080004cba (0x02f7eebb) remw    t4, a5, a5
core   0: 1 0x0000000080004cba (0x02f7eebb) x29 0x0000000000000000
core   0: 0x0000000080004cbe (0x2abc1953) fmax.d  fs2, fs8, fa1
core   0: 1 0x0000000080004cbe (0x2abc1953) f18 0x7ff8000000000000
core   0: 0x0000000080004cc2 (0x02bbf5d3) fadd.d  fa1, fs7, fa1
core   0: 1 0x0000000080004cc2 (0x02bbf5d3) f11 0x7ff8000000000000
core   0: 0x0000000080004cc6 (0x00000001) c.nop
core   0: 1 0x0000000080004cc6 (0x0001)
core   0: 0x0000000080004cc8 (0x7ff1051b) addiw   a0, sp, 2047
core   0: 1 0x0000000080004cc8 (0x7ff1051b) x10 0x000000000000081e
core   0: 0x0000000080004ccc (0xeb29f3cb) fnmsub.d ft7, fs3, fs2, ft9
core   0: 1 0x0000000080004ccc (0xeb29f3cb) f7  0x7ff8000000000000
core   0: 0x0000000080004cd0 (0x015ed93b) srlw    s2, t4, s5
core   0: 1 0x0000000080004cd0 (0x015ed93b) x18 0x0000000000000000
core   0: 0x0000000080004cd4 (0x448e11b7) lui     gp, 0x448e1
core   0: 1 0x0000000080004cd4 (0x448e11b7) x3  0x00000000448e1000
core   0: 0x0000000080004cd8 (0x0ff0000f) fence   iorw,iorw
core   0: 1 0x0000000080004cd8 (0x0ff0000f)
core   0: 0x0000000080004cdc (0x420d8dd3) fcvt.d.s fs11, fs11
core   0: 1 0x0000000080004cdc (0x420d8dd3) f27 0x7ff8000000000000
core   0: 0x0000000080004ce0 (0x03d0de93) srli    t4, ra, 61
core   0: 1 0x0000000080004ce0 (0x03d0de93) x29 0x0000000000000007
core   0: 0x0000000080004ce4 (0x401dda93) srai    s5, s11, 1
core   0: 1 0x0000000080004ce4 (0x401dda93) x21 0x000000000d97d000
core   0: 0x0000000080004ce8 (0x002d9ef3) csrrw   t4, frm, s11
core   0: 1 0x0000000080004ce8 (0x002d9ef3) x29 0x0000000000000003 c2_frm 0x0000000000000000
core   0: 0x0000000080004cec (0x00000001) c.nop
core   0: 1 0x0000000080004cec (0x0001)
core   0: 0x0000000080004cee (0x41d4541b) sraiw   s0, s0, 29
core   0: 1 0x0000000080004cee (0x41d4541b) x8  0x0000000000000000
core   0: 0x0000000080004cf2 (0x00e08e33) add     t3, ra, a4
core   0: 1 0x0000000080004cf2 (0x00e08e33) x28 0xeab0000000000000
core   0: 0x0000000080004cf6 (0x02216833) rem     a6, sp, sp
core   0: 1 0x0000000080004cf6 (0x02216833) x16 0x0000000000000000
core   0: 0x0000000080004cfa (0x000a041b) sext.w  s0, s4
core   0: 1 0x0000000080004cfa (0x000a041b) x8  0x0000000020d4fd3b
core   0: 0x0000000080004cfe (0xfd792637) lui     a2, 0xfd792
core   0: 1 0x0000000080004cfe (0xfd792637) x12 0xfffffffffd792000
core   0: 0x0000000080004d02 (0xfad6061b) addiw   a2, a2, -83
core   0: 1 0x0000000080004d02 (0xfad6061b) x12 0xfffffffffd791fad
core   0: 0x0000000080004d06 (0x00000636) c.slli  a2, 13
core   0: 1 0x0000000080004d06 (0x0636) x12 0xffffffaf23f5a000
core   0: 0x0000000080004d08 (0x88060613) addi    a2, a2, -1920
core   0: 1 0x0000000080004d08 (0x88060613) x12 0xffffffaf23f59880
core   0: 0x0000000080004d0c (0xd23c78d3) fcvt.d.lu fa7, s8
core   0: 1 0x0000000080004d0c (0xd23c78d3) f17 0x0000000000000000
core   0: 0x0000000080004d10 (0xc02ff2d3) fcvt.l.s t0, ft11
core   0: 1 0x0000000080004d10 (0xc02ff2d3) c1_fflags 0x0000000000000010 x5  0x7fffffffffffffff
core   0: 0x0000000080004d14 (0x01b2f8b3) and     a7, t0, s11
core   0: 1 0x0000000080004d14 (0x01b2f8b3) x17 0x000000001b2fa000
core   0: 0x0000000080004d18 (0xf0e1ad17) auipc   s10, 0xf0e1a
core   0: 1 0x0000000080004d18 (0xf0e1ad17) x26 0x0000000070e1ed18
core   0: 0x0000000080004d1c (0xc23af553) fcvt.lu.d a0, fs5
core   0: 1 0x0000000080004d1c (0xc23af553) c1_fflags 0x0000000000000010 x10 0xffffffffffffffff
core   0: 0x0000000080004d20 (0x0b1777d3) fsub.d  fa5, fa4, fa7
core   0: 1 0x0000000080004d20 (0x0b1777d3) f15 0x7ff8000000000000
core   0: 0x0000000080004d24 (0x2af89653) fmax.d  fa2, fa7, fa5
core   0: 1 0x0000000080004d24 (0x2af89653) f12 0x0000000000000000
core   0: 0x0000000080004d28 (0xd21c8453) fcvt.d.wu fs0, s9
core   0: 1 0x0000000080004d28 (0xd21c8453) f8  0x41efffff00000000
core   0: 0x0000000080004d2c (0xa34f0dd3) fle.d   s11, ft10, fs4
core   0: 1 0x0000000080004d2c (0xa34f0dd3) c1_fflags 0x0000000000000010 x27 0x0000000000000000
core   0: 0x0000000080004d30 (0x40d1813b) subw    sp, gp, a3
core   0: 1 0x0000000080004d30 (0x40d1813b) x2  0x00000000448e1000
core   0: 0x0000000080004d34 (0x0000957d) c.srai  a0, 63
core   0: 1 0x0000000080004d34 (0x957d) x10 0xffffffffffffffff
core   0: 0x0000000080004d36 (0x02291933) mulh    s2, s2, sp
core   0: 1 0x0000000080004d36 (0x02291933) x18 0x0000000000000000
core   0: 0x0000000080004d3a (0x01f5551b) srliw   a0, a0, 31
core   0: 1 0x0000000080004d3a (0x01f5551b) x10 0x0000000000000001
core   0: 0x0000000080004d3e (0x4b7b75c7) fmsub.d fa1, fs6, fs7, fs1
core   0: 1 0x0000000080004d3e (0x4b7b75c7) f11 0x7ff8000000000000
core   0: 0x0000000080004d42 (0x2bff1e53) fmax.d  ft8, ft10, ft11
core   0: 1 0x0000000080004d42 (0x2bff1e53) f28 0x7ff8000000000000
core   0: 0x0000000080004d46 (0x03955eb3) divu    t4, a0, s9
core   0: 1 0x0000000080004d46 (0x03955eb3) x29 0x0000000000000000
core   0: 0x0000000080004d4a (0x02a87e3b) remuw   t3, a6, a0
core   0: 1 0x0000000080004d4a (0x02a87e3b) x28 0x0000000000000000
core   0: 0x0000000080004d4e (0xfb5276cb) fnmsub.d fa3, ft4, fs5, ft11
core   0: 1 0x0000000080004d4e (0xfb5276cb) f13 0x7ff8000000000000
core   0: 0x0000000080004d52 (0x01c5e2b3) or      t0, a1, t3
core   0: 1 0x0000000080004d52 (0x01c5e2b3) x5  0x8aa7fffffffff800
core   0: 0x0000000080004d56 (0xa66e7d93) andi    s11, t3, -1434
core   0: 1 0x0000000080004d56 (0xa66e7d93) x27 0x0000000000000000
core   0: 0x0000000080004d5a (0xc22ff953) fcvt.l.d s2, ft11
core   0: 1 0x0000000080004d5a (0xc22ff953) c1_fflags 0x0000000000000010 x18 0x7fffffffffffffff
core   0: 0x0000000080004d5e (0x034a1a33) mulh    s4, s4, s4
core   0: 1 0x0000000080004d5e (0x034a1a33) x20 0x00443214c73f05f2
core   0: 0x0000000080004d62 (0x02c2e333) rem     t1, t0, a2
core   0: 1 0x0000000080004d62 (0x02c2e333) x6  0xffffffc484b98b80
core   0: 0x0000000080004d66 (0x0aaef153) fsub.d  ft2, ft9, fa0
core   0: 1 0x0000000080004d66 (0x0aaef153) f2  0x7ff8000000000000
core   0: 0x0000000080004d6a (0x0118973b) sllw    a4, a7, a7
core   0: 1 0x0000000080004d6a (0x0118973b) x14 0x000000001b2fa000
core   0: 0x0000000080004d6e (0x00f887bb) addw    a5, a7, a5
core   0: 1 0x0000000080004d6e (0x00f887bb) x15 0x0000000029d8b460
core   0: 0x0000000080004d72 (0x007d9d9b) slliw   s11, s11, 7
core   0: 1 0x0000000080004d72 (0x007d9d9b) x27 0x0000000000000000
core   0: 0x0000000080004d76 (0x0ebc8593) addi    a1, s9, 235
core   0: 1 0x0000000080004d76 (0x0ebc8593) x11 0xfffffffffffff8eb
core   0: 0x0000000080004d7a (0x1b24f753) fdiv.d  fa4, fs1, fs2
core   0: 1 0x0000000080004d7a (0x1b24f753) f14 0x7ff8000000000000
core   0: 0x0000000080004d7e (0x418587b3) sub     a5, a1, s8
core   0: 1 0x0000000080004d7e (0x418587b3) x15 0xfffffffffffff8eb
core   0: 0x0000000080004d82 (0x2ac38853) fmin.d  fa6, ft7, fa2
core   0: 1 0x0000000080004d82 (0x2ac38853) f16 0x0000000000000000
core   0: 0x0000000080004d86 (0xf63ba617) auipc   a2, 0xf63ba
core   0: 1 0x0000000080004d86 (0xf63ba617) x12 0x00000000763bed86
core   0: 0x0000000080004d8a (0x0367f9b3) remu    s3, a5, s6
core   0: 1 0x0000000080004d8a (0x0367f9b3) x19 0x0000000006354eaf
core   0: 0x0000000080004d8e (0x0ae8f453) fsub.d  fs0, fa7, fa4
core   0: 1 0x0000000080004d8e (0x0ae8f453) f8  0x7ff8000000000000
core   0: 0x0000000080004d92 (0x0009db13) srli    s6, s3, 0
core   0: 1 0x0000000080004d92 (0x0009db13) x22 0x0000000006354eaf
core   0: 0x0000000080004d96 (0x00019513) slli    a0, gp, 0
core   0: 1 0x0000000080004d96 (0x00019513) x10 0x00000000448e1000
core   0: 0x0000000080004d9a (0x2bad1d53) fmax.d  fs10, fs10, fs10
core   0: 1 0x0000000080004d9a (0x2bad1d53) f26 0x7ff8000000000000
core   0: 0x0000000080004d9e (0xe2080753) fmv.x.d a4, fa6
core   0: 1 0x0000000080004d9e (0xe2080753) x14 0x0000000000000000
core   0: 0x0000000080004da2 (0xc0367bd3) fcvt.lu.s s7, fa2
core   0: 1 0x0000000080004da2 (0xc0367bd3) c1_fflags 0x0000000000000010 x23 0xffffffffffffffff
core   0: 0x0000000080004da6 (0x00171d13) slli    s10, a4, 1
core   0: 1 0x0000000080004da6 (0x00171d13) x26 0x0000000000000000
core   0: 0x0000000080004daa (0x411a08b3) sub     a7, s4, a7
core   0: 1 0x0000000080004daa (0x411a08b3) x17 0x00443214ac0f65f2
core   0: 0x0000000080004dae (0x15bde093) ori     ra, s11, 347
core   0: 1 0x0000000080004dae (0x15bde093) x1  0x000000000000015b
core   0: 0x0000000080004db2 (0x1ba8f253) fdiv.d  ft4, fa7, fs10
core   0: 1 0x0000000080004db2 (0x1ba8f253) f4  0x7ff8000000000000
core   0: 0x0000000080004db6 (0x0210e2b3) rem     t0, ra, ra
core   0: 1 0x0000000080004db6 (0x0210e2b3) x5  0x0000000000000000
core   0: 0x0000000080004dba (0xd232f953) fcvt.d.lu fs2, t0
core   0: 1 0x0000000080004dba (0xd232f953) f18 0x0000000000000000
core   0: 0x0000000080004dbe (0x412687bb) subw    a5, a3, s2
core   0: 1 0x0000000080004dbe (0x412687bb) x15 0x0000000000000001
core   0: 0x0000000080004dc2 (0xc2377d53) fcvt.lu.d s10, fa4
core   0: 1 0x0000000080004dc2 (0xc2377d53) c1_fflags 0x0000000000000010 x26 0xffffffffffffffff
core   0: 0x0000000080004dc6 (0x001ce593) ori     a1, s9, 1
core   0: 1 0x0000000080004dc6 (0x001ce593) x11 0xfffffffffffff801
core   0: 0x0000000080004dca (0x0008e1b3) or      gp, a7, zero
core   0: 1 0x0000000080004dca (0x0008e1b3) x3  0x00443214ac0f65f2
core   0: 0x0000000080004dce (0xd031f353) fcvt.s.lu ft6, gp
core   0: 1 0x0000000080004dce (0xd031f353) c1_fflags 0x0000000000000011 f6  0xffffffff5a886429
core   0: 0x0000000080004dd2 (0x10506c73) csrrsi  s8, stvec, 0
core   0: 1 0x0000000080004dd2 (0x10506c73) x24 0x0000000000000000
core   0: 0x0000000080004dd6 (0x01d09eb3) sll     t4, ra, t4
core   0: 1 0x0000000080004dd6 (0x01d09eb3) x29 0x000000000000015b
core   0: 0x0000000080004dda (0x001b4993) xori    s3, s6, 1
core   0: 1 0x0000000080004dda (0x001b4993) x19 0x0000000006354eae
core   0: 0x0000000080004dde (0x1b227a53) fdiv.d  fs4, ft4, fs2
core   0: 1 0x0000000080004dde (0x1b227a53) f20 0x7ff8000000000000
core   0: 0x0000000080004de2 (0x011178b3) and     a7, sp, a7
core   0: 1 0x0000000080004de2 (0x011178b3) x17 0x00000000040e0000
core   0: 0x0000000080004de6 (0x02b955bb) divuw   a1, s2, a1
core   0: 1 0x0000000080004de6 (0x02b955bb) x11 0x0000000000000001
core   0: 0x0000000080004dea (0xe20706d3) fmv.x.d a3, fa4
core   0: 1 0x0000000080004dea (0xe20706d3) x13 0x7ff8000000000000
core   0: 0x0000000080004dee (0x4000d813) srai    a6, ra, 0
core   0: 1 0x0000000080004dee (0x4000d813) x16 0x000000000000015b
core   0: 0x0000000080004df2 (0x80084413) xori    s0, a6, -2048
core   0: 1 0x0000000080004df2 (0x80084413) x8  0xfffffffffffff95b
core   0: 0x0000000080004df6 (0x020a6eb3) rem     t4, s4, zero
core   0: 1 0x0000000080004df6 (0x020a6eb3) x29 0x00443214c73f05f2
core   0: 0x0000000080004dfa (0x020d47bb) divw    a5, s10, zero
core   0: 1 0x0000000080004dfa (0x020d47bb) x15 0xffffffffffffffff
core   0: 0x0000000080004dfe (0xd21c0c53) fcvt.d.wu fs8, s8
core   0: 1 0x0000000080004dfe (0xd21c0c53) f24 0x0000000000000000
core   0: 0x0000000080004e02 (0x2bd284d3) fmin.d  fs1, ft5, ft9
core   0: 1 0x0000000080004e02 (0x2bd284d3) f9  0x7ff8000000000000
core   0: 0x0000000080004e06 (0x02f004bb) mulw    s1, zero, a5
core   0: 1 0x0000000080004e06 (0x02f004bb) x9  0x0000000000000000
core   0: 0x0000000080004e0a (0x0ff0000f) fence   iorw,iorw
core   0: 1 0x0000000080004e0a (0x0ff0000f)
core   0: 0x0000000080004e0e (0x31a07773) csrrci  a4, menvcfgh, 0
core   0: exception trap_illegal_instruction, epc 0x0000000080004e0e
core   0:           tval 0x0000000031a07773
core   0: >>>>  $xrv64i2p1_m2p0_a2p1_f2p2_d2p2_zicsr2p0_zifencei2p0_zmmul1p0_zba1p0_zbb1p0_zbc1p0_zbs1p0
core   0: 0x0000000080004000 (0x0080006f) j       pc + 0x8
core   0: 3 0x0000000080004000 (0x0080006f)
core   0: >>>>  mmode_exception_handler
core   0: 0x0000000080004008 (0x00002c17) auipc   s8, 0x2
core   0: 3 0x0000000080004008 (0x00002c17) x24 0x0000000080006008
core   0: 0x000000008000400c (0x042c0c13) addi    s8, s8, 66
core   0: 3 0x000000008000400c (0x042c0c13) x24 0x000000008000604a
core   0: 0x0000000080004010 (0x000c00e7) jalr    s8
core   0: 3 0x0000000080004010 (0x000c00e7) x1  0x0000000080004014
core   0: >>>>  any_handler
core   0: 0x000000008000604a (0x341027f3) csrrs   a5, mepc, zero
core   0: 3 0x000000008000604a (0x341027f3) x15 0x0000000080004e0e
core   0: 0x000000008000604e (0x34202773) csrrs   a4, mcause, zero
core   0: 3 0x000000008000604e (0x34202773) x14 0x0000000000000002
core   0: 0x0000000080006052 (0x142026f3) csrrs   a3, scause, zero
core   0: 3 0x0000000080006052 (0x142026f3) x13 0xfffffffffffffca7
core   0: 0x0000000080006056 (0x30402673) csrrs   a2, mie, zero
core   0: 3 0x0000000080006056 (0x30402673) x12 0x0000000000000a00
core   0: 0x000000008000605a (0x344025f3) csrrs   a1, mip, zero
core   0: 3 0x000000008000605a (0x344025f3) x11 0x0000000000000080
core   0: 0x000000008000605e (0x343025f3) csrrs   a1, mtval, zero
core   0: 3 0x000000008000605e (0x343025f3) x11 0x0000000031a07773
core   0: 0x0000000080006062 (0x14302573) csrrs   a0, stval, zero
core   0: 3 0x0000000080006062 (0x14302573) x10 0x0000000000000000
core   0: 0x0000000080006066 (0xb02024f3) csrrs   s1, minstret, zero
core   0: 3 0x0000000080006066 (0xb02024f3) x9  0x0000000000000c38
core   0: 0x000000008000606a (0x0000a811) c.j     pc + 20
core   0: 3 0x000000008000606a (0xa811)
core   0: >>>>  mepc_4
core   0: 0x000000008000607e (0x00000791) c.addi  a5, 4
core   0: 3 0x000000008000607e (0x0791) x15 0x0000000080004e12
core   0: 0x0000000080006080 (0x34179073) csrrw   zero, mepc, a5
core   0: 3 0x0000000080006080 (0x34179073) c833_mepc 0x0000000080004e12
core   0: 0x0000000080006084 (0x30200073) mret
core   0: 3 0x0000000080006084 (0x30200073) c768_mstatus 0x8000000a00106080
core   0: 0x0000000080004e12 (0x003282bb) addw    t0, t0, gp
core   0: 1 0x0000000080004e12 (0x003282bb) x5  0xffffffffac0f65f2
core   0: 0x0000000080004e16 (0xd22978d3) fcvt.d.l fa7, s2
core   0: 1 0x0000000080004e16 (0xd22978d3) c1_fflags 0x0000000000000011 f17 0x43e0000000000000
core   0: 0x0000000080004e1a (0x029356b3) divu    a3, t1, s1
core   0: 1 0x0000000080004e1a (0x029356b3) x13 0x0014f38f5dff13c4
core   0: 0x0000000080004e1e (0x00c6523b) srlw    tp, a2, a2
core   0: 1 0x0000000080004e1e (0x00c6523b) x4  0x0000000000000a00
core   0: 0x0000000080004e22 (0x122e7ed3) fmul.d  ft9, ft8, ft2
core   0: 1 0x0000000080004e22 (0x122e7ed3) f29 0x7ff8000000000000
core   0: 0x0000000080004e26 (0x03854333) div     t1, a0, s8
core   0: 1 0x0000000080004e26 (0x03854333) x6  0x0000000000000000
core   0: 0x0000000080004e2a (0x015156bb) srlw    a3, sp, s5
core   0: 1 0x0000000080004e2a (0x015156bb) x13 0x00000000448e1000
core   0: 0x0000000080004e2e (0x00711dbb) sllw    s11, sp, t2
core   0: 1 0x0000000080004e2e (0x00711dbb) x27 0x0000000040000000
core   0: 0x0000000080004e32 (0x23d61fd3) fsgnjn.d ft11, fa2, ft9
core   0: 1 0x0000000080004e32 (0x23d61fd3) f31 0x8000000000000000
core   0: 0x0000000080004e36 (0x0015959b) slliw   a1, a1, 1
core   0: 1 0x0000000080004e36 (0x0015959b) x11 0x000000006340eee6
core   0: 0x0000000080004e3a (0x0279a1b3) mulhsu  gp, s3, t2
core   0: 1 0x0000000080004e3a (0x0279a1b3) x3  0x0000000000000000
core   0: 0x0000000080004e3e (0x00015113) srli    sp, sp, 0
core   0: 1 0x0000000080004e3e (0x00015113) x2  0x00000000448e1000
core   0: 0x0000000080004e42 (0x0000958e) c.add   a1, gp
core   0: 1 0x0000000080004e42 (0x958e) x11 0x000000006340eee6
core   0: 0x0000000080004e44 (0x41250633) sub     a2, a0, s2
core   0: 1 0x0000000080004e44 (0x41250633) x12 0x8000000000000001
core   0: 0x0000000080004e48 (0x036ffe53) fadd.d  ft8, ft11, fs6
core   0: 1 0x0000000080004e48 (0x036ffe53) f28 0x7ff8000000000000
core   0: 0x0000000080004e4c (0xd0387ad3) fcvt.s.lu fs5, a6
core   0: 1 0x0000000080004e4c (0xd0387ad3) f21 0xffffffff43ad8000
core   0: 0x0000000080004e50 (0x40147353) fcvt.s.d ft6, fs0
core   0: 1 0x0000000080004e50 (0x40147353) f6  0xffffffff7fc00000
core   0: 0x0000000080004e54 (0x0155eab3) or      s5, a1, s5
core   0: 1 0x0000000080004e54 (0x0155eab3) x21 0x000000006fd7fee6
core   0: 0x0000000080004e58 (0x0262723b) remuw   tp, tp, t1
core   0: 1 0x0000000080004e58 (0x0262723b) x4  0x0000000000000a00
core   0: 0x0000000080004e5c (0x001b051b) addiw   a0, s6, 1
core   0: 1 0x0000000080004e5c (0x001b051b) x10 0x0000000006354eb0
core   0: 0x0000000080004e60 (0xa26703d3) fle.d   t2, fa4, ft6
core   0: 1 0x0000000080004e60 (0xa26703d3) c1_fflags 0x0000000000000011 x7  0x0000000000000000
core   0: 0x0000000080004e64 (0x023359bb) divuw   s3, t1, gp
core   0: 1 0x0000000080004e64 (0x023359bb) x19 0xffffffffffffffff
core   0: 0x0000000080004e68 (0x40d50a33) sub     s4, a0, a3
core   0: 1 0x0000000080004e68 (0x40d50a33) x20 0xffffffffc1a73eb0
core   0: 0x0000000080004e6c (0x00089b9b) slliw   s7, a7, 0
core   0: 1 0x0000000080004e6c (0x00089b9b) x23 0x00000000040e0000
core   0: 0x0000000080004e70 (0x13e375d3) fmul.d  fa1, ft6, ft10
core   0: 1 0x0000000080004e70 (0x13e375d3) f11 0x7ff8000000000000
core   0: 0x0000000080004e74 (0x000b5113) srli    sp, s6, 0
core   0: 1 0x0000000080004e74 (0x000b5113) x2  0x0000000006354eaf
core   0: 0x0000000080004e78 (0x23ef1f53) fsgnjn.d ft10, ft10, ft10
core   0: 1 0x0000000080004e78 (0x23ef1f53) f30 0xfff8000000000000
core   0: 0x0000000080004e7c (0x31acb7f3) csrrc   a5, menvcfgh, s9
core   0: exception trap_illegal_instruction, epc 0x0000000080004e7c
core   0:           tval 0x0000000031acb7f3
core   0: >>>>  $xrv64i2p1_m2p0_a2p1_f2p2_d2p2_zicsr2p0_zifencei2p0_zmmul1p0_zba1p0_zbb1p0_zbc1p0_zbs1p0
core   0: 0x0000000080004000 (0x0080006f) j       pc + 0x8
core   0: 3 0x0000000080004000 (0x0080006f)
core   0: >>>>  mmode_exception_handler
core   0: 0x0000000080004008 (0x00002c17) auipc   s8, 0x2
core   0: 3 0x0000000080004008 (0x00002c17) x24 0x0000000080006008
core   0: 0x000000008000400c (0x042c0c13) addi    s8, s8, 66
core   0: 3 0x000000008000400c (0x042c0c13) x24 0x000000008000604a
core   0: 0x0000000080004010 (0x000c00e7) jalr    s8
core   0: 3 0x0000000080004010 (0x000c00e7) x1  0x0000000080004014
core   0: >>>>  any_handler
core   0: 0x000000008000604a (0x341027f3) csrrs   a5, mepc, zero
core   0: 3 0x000000008000604a (0x341027f3) x15 0x0000000080004e7c
core   0: 0x000000008000604e (0x34202773) csrrs   a4, mcause, zero
core   0: 3 0x000000008000604e (0x34202773) x14 0x0000000000000002
core   0: 0x0000000080006052 (0x142026f3) csrrs   a3, scause, zero
core   0: 3 0x0000000080006052 (0x142026f3) x13 0xfffffffffffffca7
core   0: 0x0000000080006056 (0x30402673) csrrs   a2, mie, zero
core   0: 3 0x0000000080006056 (0x30402673) x12 0x0000000000000a00
core   0: 0x000000008000605a (0x344025f3) csrrs   a1, mip, zero
core   0: 3 0x000000008000605a (0x344025f3) x11 0x0000000000000080
core   0: 0x000000008000605e (0x343025f3) csrrs   a1, mtval, zero
core   0: 3 0x000000008000605e (0x343025f3) x11 0x0000000031acb7f3
core   0: 0x0000000080006062 (0x14302573) csrrs   a0, stval, zero
core   0: 3 0x0000000080006062 (0x14302573) x10 0x0000000000000000
core   0: 0x0000000080006066 (0xb02024f3) csrrs   s1, minstret, zero
core   0: 3 0x0000000080006066 (0xb02024f3) x9  0x0000000000000c63
core   0: 0x000000008000606a (0x0000a811) c.j     pc + 20
core   0: 3 0x000000008000606a (0xa811)
core   0: >>>>  mepc_4
core   0: 0x000000008000607e (0x00000791) c.addi  a5, 4
core   0: 3 0x000000008000607e (0x0791) x15 0x0000000080004e80
core   0: 0x0000000080006080 (0x34179073) csrrw   zero, mepc, a5
core   0: 3 0x0000000080006080 (0x34179073) c833_mepc 0x0000000080004e80
core   0: 0x0000000080006084 (0x30200073) mret
core   0: 3 0x0000000080006084 (0x30200073) c768_mstatus 0x8000000a00106080
core   0: 0x0000000080004e80 (0xd22bf453) fcvt.d.l fs0, s7
core   0: 1 0x0000000080004e80 (0xd22bf453) f8  0x4190380000000000
core   0: 0x0000000080004e84 (0x03968eb3) mul     t4, a3, s9
core   0: 1 0x0000000080004e84 (0x03968eb3) x29 0x00000000001ac800
core   0: 0x0000000080004e88 (0x002bc333) xor     t1, s7, sp
core   0: 1 0x0000000080004e88 (0x002bc333) x6  0x00000000023b4eaf
core   0: 0x0000000080004e8c (0x010691bb) sllw    gp, a3, a6
core   0: 1 0x0000000080004e8c (0x010691bb) x3  0x0000000038000000
core   0: 0x0000000080004e90 (0x42038953) fcvt.d.s fs2, ft7
core   0: 1 0x0000000080004e90 (0x42038953) f18 0x7ff8000000000000
core   0: 0x0000000080004e94 (0x025eea33) rem     s4, t4, t0
core   0: 1 0x0000000080004e94 (0x025eea33) x20 0x00000000001ac800
core   0: 0x0000000080004e98 (0x40aa5b33) sra     s6, s4, a0
core   0: 1 0x0000000080004e98 (0x40aa5b33) x22 0x00000000001ac800
core   0: 0x0000000080004e9c (0x501a7793) andi    a5, s4, 1281
core   0: 1 0x0000000080004e9c (0x501a7793) x15 0x0000000000000000
core   0: 0x0000000080004ea0 (0xd23d76d3) fcvt.d.lu fa3, s10
core   0: 1 0x0000000080004ea0 (0xd23d76d3) c1_fflags 0x0000000000000011 f13 0x43f0000000000000
core   0: 0x0000000080004ea4 (0x0088db33) srl     s6, a7, s0
core   0: 1 0x0000000080004ea4 (0x0088db33) x22 0x0000000000000000
core   0: 0x0000000080004ea8 (0x02f626b3) mulhsu  a3, a2, a5
core   0: 1 0x0000000080004ea8 (0x02f626b3) x13 0x0000000000000000
core   0: 0x0000000080004eac (0xc02f70d3) fcvt.l.s ra, ft10
core   0: 1 0x0000000080004eac (0xc02f70d3) c1_fflags 0x0000000000000011 x1  0x7fffffffffffffff
core   0: 0x0000000080004eb0 (0xf20e08d3) fmv.d.x fa7, t3
core   0: 1 0x0000000080004eb0 (0xf20e08d3) f17 0x0000000000000000
core   0: 0x0000000080004eb4 (0x0199e0b3) or      ra, s3, s9
core   0: 1 0x0000000080004eb4 (0x0199e0b3) x1  0xffffffffffffffff
core   0: 0x0000000080004eb8 (0x03993c33) mulhu   s8, s2, s9
core   0: 1 0x0000000080004eb8 (0x03993c33) x24 0x7ffffffffffffbff
core   0: 0x0000000080004ebc (0x401c07bb) subw    a5, s8, ra
core   0: 1 0x0000000080004ebc (0x401c07bb) x15 0xfffffffffffffc00
core   0: 0x0000000080004ec0 (0x00102973) csrrs   s2, fflags, zero
core   0: 1 0x0000000080004ec0 (0x00102973) x18 0x0000000000000011
core   0: 0x0000000080004ec4 (0x01c8833b) addw    t1, a7, t3
core   0: 1 0x0000000080004ec4 (0x01c8833b) x6  0x00000000040e0000
core   0: 0x0000000080004ec8 (0x0135551b) srliw   a0, a0, 19
core   0: 1 0x0000000080004ec8 (0x0135551b) x10 0x0000000000000000
core   0: 0x0000000080004ecc (0x0d9cc713) xori    a4, s9, 217
core   0: 1 0x0000000080004ecc (0x0d9cc713) x14 0xfffffffffffff8d9
core   0: 0x0000000080004ed0 (0x0021fd33) and     s10, gp, sp
core   0: 1 0x0000000080004ed0 (0x0021fd33) x26 0x0000000000000000
core   0: 0x0000000080004ed4 (0x0352a3b3) mulhsu  t2, t0, s5
core   0: 1 0x0000000080004ed4 (0x0352a3b3) x7  0xffffffffffffffff
core   0: 0x0000000080004ed8 (0x0264c7bb) divw    a5, s1, t1
core   0: 1 0x0000000080004ed8 (0x0264c7bb) x15 0x0000000000000000
core   0: 0x0000000080004edc (0x01a7a0b3) slt     ra, a5, s10
core   0: 1 0x0000000080004edc (0x01a7a0b3) x1  0x0000000000000000
core   0: 0x0000000080004ee0 (0x0001059b) sext.w  a1, sp
core   0: 1 0x0000000080004ee0 (0x0001059b) x11 0x0000000006354eaf
core   0: 0x0000000080004ee4 (0x0ff0000f) fence   iorw,iorw
core   0: 1 0x0000000080004ee4 (0x0ff0000f)
core   0: 0x0000000080004ee8 (0x4099dcb3) sra     s9, s3, s1
core   0: 1 0x0000000080004ee8 (0x4099dcb3) x25 0xffffffffffffffff
core   0: 0x0000000080004eec (0xc3df7c4f) fnmadd.d fs8, ft10, ft9, fs8
core   0: 1 0x0000000080004eec (0xc3df7c4f) f24 0x7ff8000000000000
core   0: 0x0000000080004ef0 (0x230e8853) fsgnj.d fa6, ft9, fa6
core   0: 1 0x0000000080004ef0 (0x230e8853) f16 0x7ff8000000000000
core   0: 0x0000000080004ef4 (0x00009a72) c.add   s4, t3
core   0: 1 0x0000000080004ef4 (0x9a72) x20 0x00000000001ac800
core   0: 0x0000000080004ef6 (0x001195f3) csrrw   a1, fflags, gp
core   0: 1 0x0000000080004ef6 (0x001195f3) x11 0x0000000000000011 c1_fflags 0x0000000000000000
core   0: 0x0000000080004efa (0x2223a953) fsgnjx.d fs2, ft7, ft2
core   0: 1 0x0000000080004efa (0x2223a953) f18 0x7ff8000000000000
core   0: 0x0000000080004efe (0x4013f153) fcvt.s.d ft2, ft7
core   0: 1 0x0000000080004efe (0x4013f153) f2  0xffffffff7fc00000
core   0: 0x0000000080004f02 (0x00464933) xor     s2, a2, tp
core   0: 1 0x0000000080004f02 (0x00464933) x18 0x0000000000000000
core   0: 0x0000000080004f06 (0xc02179d3) fcvt.l.s s3, ft2
core   0: 1 0x0000000080004f06 (0xc02179d3) c1_fflags 0x0000000000000010 x19 0x7fffffffffffffff
core   0: 0x0000000080004f0a (0x01dc1bbb) sllw    s7, s8, t4
core   0: 1 0x0000000080004f0a (0x01dc1bbb) x23 0xfffffffffffffbff
core   0: 0x0000000080004f0e (0x401cf3d3) fcvt.s.d ft7, fs9
core   0: 1 0x0000000080004f0e (0x401cf3d3) f7  0xffffffff7fc00000
core   0: 0x0000000080004f12 (0x032de733) rem     a4, s11, s2
core   0: 1 0x0000000080004f12 (0x032de733) x14 0x0000000040000000
core   0: 0x0000000080004f16 (0x035a3a33) mulhu   s4, s4, s5
core   0: 1 0x0000000080004f16 (0x035a3a33) x20 0x0000000000000000
core   0: 0x0000000080004f1a (0x001c1e73) csrrw   t3, fflags, s8
core   0: 1 0x0000000080004f1a (0x001c1e73) x28 0x0000000000000010 c1_fflags 0x000000000000001f
core   0: 0x0000000080004f1e (0x0208eabb) remw    s5, a7, zero
core   0: 1 0x0000000080004f1e (0x0208eabb) x21 0x00000000040e0000
core   0: 0x0000000080004f22 (0xa2ae8853) fle.d   a6, ft9, fa0
core   0: 1 0x0000000080004f22 (0xa2ae8853) c1_fflags 0x000000000000001f x16 0x0000000000000000
core   0: 0x0000000080004f26 (0x29e80a13) addi    s4, a6, 670
core   0: 1 0x0000000080004f26 (0x29e80a13) x20 0x000000000000029e
core   0: 0x0000000080004f2a (0x026a5cb3) divu    s9, s4, t1
core   0: 1 0x0000000080004f2a (0x026a5cb3) x25 0x0000000000000000
core   0: 0x0000000080004f2e (0x0be2f153) fsub.d  ft2, ft5, ft10
core   0: 1 0x0000000080004f2e (0x0be2f153) f2  0x7ff8000000000000
core   0: 0x0000000080004f32 (0x1f5c0c1b) addiw   s8, s8, 501
core   0: 1 0x0000000080004f32 (0x1f5c0c1b) x24 0xfffffffffffffdf4
core   0: 0x0000000080004f36 (0x4145d59b) sraiw   a1, a1, 20
core   0: 1 0x0000000080004f36 (0x4145d59b) x11 0x0000000000000000
core   0: 0x0000000080004f3a (0xd025f953) fcvt.s.l fs2, a1
core   0: 1 0x0000000080004f3a (0xd025f953) f18 0xffffffff00000000
core   0: 0x0000000080004f3e (0xe20e8153) fmv.x.d sp, ft9
core   0: 1 0x0000000080004f3e (0xe20e8153) x2  0x7ff8000000000000
core   0: 0x0000000080004f42 (0x00116613) ori     a2, sp, 1
core   0: 1 0x0000000080004f42 (0x00116613) x12 0x7ff8000000000001
core   0: 0x0000000080004f46 (0xc22979d3) fcvt.l.d s3, fs2
core   0: 1 0x0000000080004f46 (0xc22979d3) c1_fflags 0x000000000000001f x19 0x7fffffffffffffff
core   0: 0x0000000080004f4a (0x02007dd3) fadd.d  fs11, ft0, ft0
core   0: 1 0x0000000080004f4a (0x02007dd3) f27 0x7ff8000000000000
core   0: 0x0000000080004f4e (0x401474d3) fcvt.s.d fs1, fs0
core   0: 1 0x0000000080004f4e (0x401474d3) f9  0xffffffff4c81c000
core   0: 0x0000000080004f52 (0x00102a73) csrrs   s4, fflags, zero
core   0: 1 0x0000000080004f52 (0x00102a73) x20 0x000000000000001f
core   0: 0x0000000080004f56 (0x4013f2d3) fcvt.s.d ft5, ft7
core   0: 1 0x0000000080004f56 (0x4013f2d3) f5  0xffffffff7fc00000
core   0: 0x0000000080004f5a (0x02298133) mul     sp, s3, sp
core   0: 1 0x0000000080004f5a (0x02298133) x2  0x8008000000000000
core   0: 0x0000000080004f5e (0x91814293) xori    t0, sp, -1768
core   0: 1 0x0000000080004f5e (0x91814293) x5  0x7ff7fffffffff918
core   0: 0x0000000080004f62 (0xde32f217) auipc   tp, 0xde32f
core   0: 1 0x0000000080004f62 (0xde32f217) x4  0x000000005e333f62
core   0: 0x0000000080004f66 (0x021e0e3b) mulw    t3, t3, ra
core   0: 1 0x0000000080004f66 (0x021e0e3b) x28 0x0000000000000000
core   0: 0x0000000080004f6a (0x00000001) c.nop
core   0: 1 0x0000000080004f6a (0x0001)
core   0: 0x0000000080004f6c (0x00de5a3b) srlw    s4, t3, a3
core   0: 1 0x0000000080004f6c (0x00de5a3b) x20 0x0000000000000000
core   0: 0x0000000080004f70 (0x01c10d3b) addw    s10, sp, t3
core   0: 1 0x0000000080004f70 (0x01c10d3b) x26 0x0000000000000000
core   0: 0x0000000080004f74 (0x001022f3) csrrs   t0, fflags, zero
core   0: 1 0x0000000080004f74 (0x001022f3) x5  0x000000000000001f
core   0: 0x0000000080004f78 (0x0255deb3) divu    t4, a1, t0
core   0: 1 0x0000000080004f78 (0x0255deb3) x29 0x0000000000000000
core   0: 0x0000000080004f7c (0xd2120153) fcvt.d.wu ft2, tp
core   0: 1 0x0000000080004f7c (0xd2120153) f2  0x41d78ccfd8800000
core   0: 0x0000000080004f80 (0x41a30d33) sub     s10, t1, s10
core   0: 1 0x0000000080004f80 (0x41a30d33) x26 0x00000000040e0000
core   0: 0x0000000080004f84 (0x008ee733) or      a4, t4, s0
core   0: 1 0x0000000080004f84 (0x008ee733) x14 0xfffffffffffff95b
core   0: 0x0000000080004f88 (0x009dd23b) srlw    tp, s11, s1
core   0: 1 0x0000000080004f88 (0x009dd23b) x4  0x0000000008000000
core   0: 0x0000000080004f8c (0x00653533) sltu    a0, a0, t1
core   0: 1 0x0000000080004f8c (0x00653533) x10 0x0000000000000001
core   0: 0x0000000080004f90 (0x40a9d0b3) sra     ra, s3, a0
core   0: 1 0x0000000080004f90 (0x40a9d0b3) x1  0x3fffffffffffffff
core   0: 0x0000000080004f94 (0xff573d37) lui     s10, 0xff573
core   0: 1 0x0000000080004f94 (0xff573d37) x26 0xffffffffff573000
core   0: 0x0000000080004f98 (0xd11d0d1b) addiw   s10, s10, -751
core   0: 1 0x0000000080004f98 (0xd11d0d1b) x26 0xffffffffff572d11
core   0: 0x0000000080004f9c (0x00000d3e) c.slli  s10, 15
core   0: 1 0x0000000080004f9c (0x0d3e) x26 0xffffffab96888000
core   0: 0x0000000080004f9e (0x657d0d13) addi    s10, s10, 1623
core   0: 1 0x0000000080004f9e (0x657d0d13) x26 0xffffffab96888657
core   0: 0x0000000080004fa2 (0x401dd393) srai    t2, s11, 1
core   0: 1 0x0000000080004fa2 (0x401dd393) x7  0x0000000020000000
core   0: 0x0000000080004fa6 (0x0000909b) slliw   ra, ra, 0
core   0: 1 0x0000000080004fa6 (0x0000909b) x1  0xffffffffffffffff
core   0: 0x0000000080004faa (0xf2018bd3) fmv.d.x fs7, gp
core   0: 1 0x0000000080004faa (0xf2018bd3) f23 0x0000000038000000
core   0: 0x0000000080004fae (0x43fedd13) srai    s10, t4, 63
core   0: 1 0x0000000080004fae (0x43fedd13) x26 0x0000000000000000
core   0: 0x0000000080004fb2 (0x00cb5c3b) srlw    s8, s6, a2
core   0: 1 0x0000000080004fb2 (0x00cb5c3b) x24 0x0000000000000000
core   0: 0x0000000080004fb6 (0x034d7a33) remu    s4, s10, s4
core   0: 1 0x0000000080004fb6 (0x034d7a33) x20 0x0000000000000000
core   0: 0x0000000080004fba (0x0ac97353) fsub.d  ft6, fs2, fa2
core   0: 1 0x0000000080004fba (0x0ac97353) f6  0x7ff8000000000000
core   0: 0x0000000080004fbe (0xd03d7ad3) fcvt.s.lu fs5, s10
core   0: 1 0x0000000080004fbe (0xd03d7ad3) f21 0xffffffff00000000
core   0: 0x0000000080004fc2 (0x02775ebb) divuw   t4, a4, t2
core   0: 1 0x0000000080004fc2 (0x02775ebb) x29 0x0000000000000007
core   0: 0x0000000080004fc6 (0x000a9a93) slli    s5, s5, 0
core   0: 1 0x0000000080004fc6 (0x000a9a93) x21 0x00000000040e0000
core   0: 0x0000000080004fca (0xd21e8153) fcvt.d.wu ft2, t4
core   0: 1 0x0000000080004fca (0xd21e8153) f2  0x401c000000000000
core   0: 0x0000000080004fce (0x943a899b) addiw   s3, s5, -1725
core   0: 1 0x0000000080004fce (0x943a899b) x19 0x00000000040df943
core   0: 0x0000000080004fd2 (0x01f19b1b) slliw   s6, gp, 31
core   0: 1 0x0000000080004fd2 (0x01f19b1b) x22 0x0000000000000000
core   0: 0x0000000080004fd6 (0x0264f353) fadd.d  ft6, fs1, ft6
core   0: 1 0x0000000080004fd6 (0x0264f353) f6  0x7ff8000000000000
core   0: 0x0000000080004fda (0x02e47733) remu    a4, s0, a4
core   0: 1 0x0000000080004fda (0x02e47733) x14 0x0000000000000000
core   0: 0x0000000080004fde (0x417b5db3) sra     s11, s6, s7
core   0: 1 0x0000000080004fde (0x417b5db3) x27 0x0000000000000000
core   0: 0x0000000080004fe2 (0x40f6d6bb) sraw    a3, a3, a5
core   0: 1 0x0000000080004fe2 (0x40f6d6bb) x13 0x0000000000000000
core   0: 0x0000000080004fe6 (0xc226f353) fcvt.l.d t1, fa3
core   0: 1 0x0000000080004fe6 (0xc226f353) c1_fflags 0x000000000000001f x6  0x7fffffffffffffff
core   0: 0x0000000080004fea (0xc02275d3) fcvt.l.s a1, ft4
core   0: 1 0x0000000080004fea (0xc02275d3) c1_fflags 0x000000000000001f x11 0x7fffffffffffffff
core   0: 0x0000000080004fee (0xc0337953) fcvt.lu.s s2, ft6
core   0: 1 0x0000000080004fee (0xc0337953) c1_fflags 0x000000000000001f x18 0xffffffffffffffff
core   0: 0x0000000080004ff2 (0xc23271d3) fcvt.lu.d gp, ft4
core   0: 1 0x0000000080004ff2 (0xc23271d3) c1_fflags 0x000000000000001f x3  0xffffffffffffffff
core   0: 0x0000000080004ff6 (0xc0317b53) fcvt.lu.s s6, ft2
core   0: 1 0x0000000080004ff6 (0xc0317b53) c1_fflags 0x000000000000001f x22 0xffffffffffffffff
core   0: 0x0000000080004ffa (0x00604333) xor     t1, zero, t1
core   0: 1 0x0000000080004ffa (0x00604333) x6  0x7fffffffffffffff
core   0: 0x0000000080004ffe (0x01172e33) slt     t3, a4, a7
core   0: 1 0x0000000080004ffe (0x01172e33) x28 0x0000000000000001
core   0: 0x0000000080005002 (0xfff46693) ori     a3, s0, -1
core   0: 1 0x0000000080005002 (0xfff46693) x13 0xffffffffffffffff
core   0: 0x0000000080005006 (0x0ff0000f) fence   iorw,iorw
core   0: 1 0x0000000080005006 (0x0ff0000f)
core   0: 0x000000008000500a (0x0ff0000f) fence   iorw,iorw
core   0: 1 0x000000008000500a (0x0ff0000f)
core   0: 0x000000008000500e (0xd2088953) fcvt.d.w fs2, a7
core   0: 1 0x000000008000500e (0xd2088953) f18 0x4190380000000000
core   0: 0x0000000080005012 (0xd028f8d3) fcvt.s.l fa7, a7
core   0: 1 0x0000000080005012 (0xd028f8d3) f17 0xffffffff4c81c000
core   0: 0x0000000080005016 (0x0006579b) srliw   a5, a2, 0
core   0: 1 0x0000000080005016 (0x0006579b) x15 0x0000000000000001
core   0: 0x000000008000501a (0xd2327fd3) fcvt.d.lu ft11, tp
core   0: 1 0x000000008000501a (0xd2327fd3) f31 0x41a0000000000000
core   0: 0x000000008000501e (0xff711037) lui     zero, 0xff711
core   0: 1 0x000000008000501e (0xff711037)
core   0: 0x0000000080005022 (0xf210001b) addiw   zero, zero, -223
core   0: 1 0x0000000080005022 (0xf210001b)
core   0: 0x0000000080005026 (0x00f01013) slli    zero, zero, 15
core   0: 1 0x0000000080005026 (0x00f01013)
core   0: 0x000000008000502a (0x69300013) li      zero, 1683
core   0: 1 0x000000008000502a (0x69300013)
core   0: 0x000000008000502e (0x004e84bb) addw    s1, t4, tp
core   0: 1 0x000000008000502e (0x004e84bb) x9  0x0000000008000007
core   0: 0x0000000080005032 (0x001e9c9b) slliw   s9, t4, 1
core   0: 1 0x0000000080005032 (0x001e9c9b) x25 0x000000000000000e
core   0: 0x0000000080005036 (0x00f0c733) xor     a4, ra, a5
core   0: 1 0x0000000080005036 (0x00f0c733) x14 0xfffffffffffffffe
core   0: 0x000000008000503a (0xa2008dd3) fle.d   s11, ft1, ft0
core   0: 1 0x000000008000503a (0xa2008dd3) c1_fflags 0x000000000000001f x27 0x0000000000000000
core   0: 0x000000008000503e (0x003161b3) or      gp, sp, gp
core   0: 1 0x000000008000503e (0x003161b3) x3  0xffffffffffffffff
core   0: 0x0000000080005042 (0x01dd5d3b) srlw    s10, s10, t4
core   0: 1 0x0000000080005042 (0x01dd5d3b) x26 0x0000000000000000
core   0: 0x0000000080005046 (0x420f8b53) fcvt.d.s fs6, ft11
core   0: 1 0x0000000080005046 (0x420f8b53) f22 0x7ff8000000000000
core   0: 0x000000008000504a (0x00eba533) slt     a0, s7, a4
core   0: 1 0x000000008000504a (0x00eba533) x10 0x0000000000000001
core   0: 0x000000008000504e (0x0a5ef2c7) fmsub.d ft5, ft9, ft5, ft1
core   0: 1 0x000000008000504e (0x0a5ef2c7) f5  0x7ff8000000000000
core   0: 0x0000000080005052 (0x409754b3) sra     s1, a4, s1
core   0: 1 0x0000000080005052 (0x409754b3) x9  0xffffffffffffffff
core   0: 0x0000000080005056 (0x53408d93) addi    s11, ra, 1332
core   0: 1 0x0000000080005056 (0x53408d93) x27 0x0000000000000533
core   0: 0x000000008000505a (0xc212f3d3) fcvt.wu.d t2, ft5
core   0: 1 0x000000008000505a (0xc212f3d3) c1_fflags 0x000000000000001f x7  0xffffffffffffffff
core   0: 0x000000008000505e (0x003b93bb) sllw    t2, s7, gp
core   0: 1 0x000000008000505e (0x003b93bb) x7  0xffffffff80000000
core   0: 0x0000000080005062 (0x2210ae53) fsgnjx.d ft8, ft1, ft1
core   0: 1 0x0000000080005062 (0x2210ae53) f28 0x7fffffff00000000
core   0: 0x0000000080005066 (0xa2ce09d3) fle.d   s3, ft8, fa2
core   0: 1 0x0000000080005066 (0xa2ce09d3) c1_fflags 0x000000000000001f x19 0x0000000000000000
core   0: 0x000000008000506a (0xd2247253) fcvt.d.l ft4, s0
core   0: 1 0x000000008000506a (0xd2247253) f4  0xc09a940000000000
core   0: 0x000000008000506e (0xf2000353) fmv.d.x ft6, zero
core   0: 1 0x000000008000506e (0xf2000353) f6  0x0000000000000000
core   0: 0x0000000080005072 (0xa2b902d3) fle.d   t0, fs2, fa1
core   0: 1 0x0000000080005072 (0xa2b902d3) c1_fflags 0x000000000000001f x5  0x0000000000000000
core   0: 0x0000000080005076 (0x5a07fb53) fsqrt.d fs6, fa5
core   0: 1 0x0000000080005076 (0x5a07fb53) f22 0x7ff8000000000000
core   0: 0x000000008000507a (0xc3137c47) fmsub.d fs8, ft6, fa7, fs8
core   0: 1 0x000000008000507a (0xc3137c47) f24 0x7ff8000000000000
core   0: 0x000000008000507e (0x0ff0000f) fence   iorw,iorw
core   0: 1 0x000000008000507e (0x0ff0000f)
core   0: 0x0000000080005082 (0x02235093) srli    ra, t1, 34
core   0: 1 0x0000000080005082 (0x02235093) x1  0x000000001fffffff
core   0: 0x0000000080005086 (0x0007111b) slliw   sp, a4, 0
core   0: 1 0x0000000080005086 (0x0007111b) x2  0xfffffffffffffffe
core   0: 0x000000008000508a (0x0139d2bb) srlw    t0, s3, s3
core   0: 1 0x000000008000508a (0x0139d2bb) x5  0x0000000000000000
core   0: 0x000000008000508e (0xd21d0fd3) fcvt.d.wu ft11, s10
core   0: 1 0x000000008000508e (0xd21d0fd3) f31 0x0000000000000000
core   0: 0x0000000080005092 (0x4082d43b) sraw    s0, t0, s0
core   0: 1 0x0000000080005092 (0x4082d43b) x8  0x0000000000000000
core   0: 0x0000000080005096 (0x015d5ab3) srl     s5, s10, s5
core   0: 1 0x0000000080005096 (0x015d5ab3) x21 0x0000000000000000
core   0: 0x000000008000509a (0x0317c13b) divw    sp, a5, a7
core   0: 1 0x000000008000509a (0x0317c13b) x2  0x0000000000000000
core   0: 0x000000008000509e (0x01155813) srli    a6, a0, 17
core   0: 1 0x000000008000509e (0x01155813) x16 0x0000000000000000
core   0: 0x00000000800050a2 (0x013080bb) addw    ra, ra, s3
core   0: 1 0x00000000800050a2 (0x013080bb) x1  0x000000001fffffff
core   0: 0x00000000800050a6 (0x0391e5bb) remw    a1, gp, s9
core   0: 1 0x00000000800050a6 (0x0391e5bb) x11 0xffffffffffffffff
core   0: 0x00000000800050aa (0x224206d3) fsgnj.d fa3, ft4, ft4
core   0: 1 0x00000000800050aa (0x224206d3) f13 0xc09a940000000000
core   0: 0x00000000800050ae (0x17589e37) lui     t3, 0x17589
core   0: 1 0x00000000800050ae (0x17589e37) x28 0x0000000017589000
core   0: 0x00000000800050b2 (0x01b8191b) slliw   s2, a6, 27
core   0: 1 0x00000000800050b2 (0x01b8191b) x18 0x0000000000000000
core   0: 0x00000000800050b6 (0xa243a453) feq.d   s0, ft7, ft4
core   0: 1 0x00000000800050b6 (0xa243a453) x8  0x0000000000000000
core   0: 0x00000000800050ba (0x011e58bb) srlw    a7, t3, a7
core   0: 1 0x00000000800050ba (0x011e58bb) x17 0x0000000017589000
core   0: 0x00000000800050be (0xe2028253) fmv.x.d tp, ft5
core   0: 1 0x00000000800050be (0xe2028253) x4  0x7ff8000000000000
core   0: 0x00000000800050c2 (0x02ace53b) remw    a0, s9, a0
core   0: 1 0x00000000800050c2 (0x02ace53b) x10 0x0000000000000000
core   0: 0x00000000800050c6 (0x03f01013) slli    zero, zero, 63
core   0: 1 0x00000000800050c6 (0x03f01013)
core   0: 0x00000000800050ca (0x41dc5c13) srai    s8, s8, 29
core   0: 1 0x00000000800050ca (0x41dc5c13) x24 0x0000000000000000
core   0: 0x00000000800050ce (0x41578b33) sub     s6, a5, s5
core   0: 1 0x00000000800050ce (0x41578b33) x22 0x0000000000000001
core   0: 0x00000000800050d2 (0x002023f3) csrrs   t2, frm, zero
core   0: 1 0x00000000800050d2 (0x002023f3) x7  0x0000000000000000
core   0: 0x00000000800050d6 (0x2a2e011b) addiw   sp, t3, 674
core   0: 1 0x00000000800050d6 (0x2a2e011b) x2  0x00000000175892a2
core   0: 0x00000000800050da (0xf20e0fd3) fmv.d.x ft11, t3
core   0: 1 0x00000000800050da (0xf20e0fd3) f31 0x0000000017589000
core   0: 0x00000000800050de (0xf2038e53) fmv.d.x ft8, t2
core   0: 1 0x00000000800050de (0xf2038e53) f28 0x0000000000000000
core   0: 0x00000000800050e2 (0x02e11c13) slli    s8, sp, 46
core   0: 1 0x00000000800050e2 (0x02e11c13) x24 0x24a8800000000000
core   0: 0x00000000800050e6 (0x0175f433) and     s0, a1, s7
core   0: 1 0x00000000800050e6 (0x0175f433) x8  0xfffffffffffffbff
core   0: 0x00000000800050ea (0x22347c93) andi    s9, s0, 547
core   0: 1 0x00000000800050ea (0x22347c93) x25 0x0000000000000223
core   0: 0x00000000800050ee (0xe20f8e53) fmv.x.d t3, ft11
core   0: 1 0x00000000800050ee (0xe20f8e53) x28 0x0000000017589000
core   0: 0x00000000800050f2 (0x0220603b) remw    zero, zero, sp
core   0: 1 0x00000000800050f2 (0x0220603b)
core   0: 0x00000000800050f6 (0xd0307053) fcvt.s.lu ft0, zero
core   0: 1 0x00000000800050f6 (0xd0307053) f0  0xffffffff00000000
core   0: 0x00000000800050fa (0x00b005bb) addw    a1, zero, a1
core   0: 1 0x00000000800050fa (0x00b005bb) x11 0xffffffffffffffff
core   0: 0x00000000800050fe (0xf0470317) auipc   t1, 0xf0470
core   0: 1 0x00000000800050fe (0xf0470317) x6  0x00000000704750fe
core   0: 0x0000000080005102 (0xf2008353) fmv.d.x ft6, ra
core   0: 1 0x0000000080005102 (0xf2008353) f6  0x000000001fffffff
core   0: 0x0000000080005106 (0x7c1d7d13) andi    s10, s10, 1985
core   0: 1 0x0000000080005106 (0x7c1d7d13) x26 0x0000000000000000
core   0: 0x000000008000510a (0x00c0ae33) slt     t3, ra, a2
core   0: 1 0x000000008000510a (0x00c0ae33) x28 0x0000000000000001
core   0: 0x000000008000510e (0x016b2733) slt     a4, s6, s6
core   0: 1 0x000000008000510e (0x016b2733) x14 0x0000000000000000
core   0: 0x0000000080005112 (0x037bf0bb) remuw   ra, s7, s7
core   0: 1 0x0000000080005112 (0x037bf0bb) x1  0x0000000000000000
core   0: 0x0000000080005116 (0x02b5a9b3) mulhsu  s3, a1, a1
core   0: 1 0x0000000080005116 (0x02b5a9b3) x19 0xffffffffffffffff
core   0: 0x000000008000511a (0x00fb8233) add     tp, s7, a5
core   0: 1 0x000000008000511a (0x00fb8233) x4  0xfffffffffffffc00
core   0: 0x000000008000511e (0x00202b73) csrrs   s6, frm, zero
core   0: 1 0x000000008000511e (0x00202b73) x22 0x0000000000000000
core   0: 0x0000000080005122 (0xc20df453) fcvt.w.d s0, fs11
core   0: 1 0x0000000080005122 (0xc20df453) c1_fflags 0x000000000000001f x8  0x000000007fffffff
core   0: 0x0000000080005126 (0x2bbf06d3) fmin.d  fa3, ft10, fs11
core   0: 1 0x0000000080005126 (0x2bbf06d3) f13 0x7ff8000000000000
core   0: 0x000000008000512a (0x03a1e1bb) remw    gp, gp, s10
core   0: 1 0x000000008000512a (0x03a1e1bb) x3  0xffffffffffffffff
core   0: 0x000000008000512e (0x00186813) ori     a6, a6, 1
core   0: 1 0x000000008000512e (0x00186813) x16 0x0000000000000001
core   0: 0x0000000080005132 (0x80080713) addi    a4, a6, -2048
core   0: 1 0x0000000080005132 (0x80080713) x14 0xfffffffffffff801
core   0: 0x0000000080005136 (0x4012fc53) fcvt.s.d fs8, ft5
core   0: 1 0x0000000080005136 (0x4012fc53) f24 0xffffffff7fc00000
core   0: 0x000000008000513a (0x0027003b) addw    zero, a4, sp
core   0: 1 0x000000008000513a (0x0027003b)
core   0: 0x000000008000513e (0xcb59f9c3) fmadd.d fs3, fs3, fs5, fs9
core   0: 1 0x000000008000513e (0xcb59f9c3) f19 0x7ff8000000000000
core   0: 0x0000000080005142 (0xd23bfc53) fcvt.d.lu fs8, s7
core   0: 1 0x0000000080005142 (0xd23bfc53) c1_fflags 0x000000000000001f f24 0x43efffffffffffff
core   0: 0x0000000080005146 (0xd22d7b53) fcvt.d.l fs6, s10
core   0: 1 0x0000000080005146 (0xd22d7b53) f22 0x0000000000000000
core   0: 0x000000008000514a (0x001591f3) csrrw   gp, fflags, a1
core   0: 1 0x000000008000514a (0x001591f3) x3  0x000000000000001f c1_fflags 0x000000000000001f
core   0: 0x000000008000514e (0x03affcd3) fadd.d  fs9, ft11, fs10
core   0: 1 0x000000008000514e (0x03affcd3) f25 0x7ff8000000000000
core   0: 0x0000000080005152 (0x03bc83bb) mulw    t2, s9, s11
core   0: 1 0x0000000080005152 (0x03bc83bb) x7  0x00000000000b1bf9
core   0: 0x0000000080005156 (0x40b857bb) sraw    a5, a6, a1
core   0: 1 0x0000000080005156 (0x40b857bb) x15 0x0000000000000000
core   0: 0x000000008000515a (0x9d1e80b7) lui     ra, 0x9d1e8
core   0: 1 0x000000008000515a (0x9d1e80b7) x1  0xffffffff9d1e8000
core   0: 0x000000008000515e (0x02455013) srli    zero, a0, 36
core   0: 1 0x000000008000515e (0x02455013)
core   0: 0x0000000080005162 (0x00e9debb) srlw    t4, s3, a4
core   0: 1 0x0000000080005162 (0x00e9debb) x29 0x000000007fffffff
core   0: 0x0000000080005166 (0x002ee5b3) or      a1, t4, sp
core   0: 1 0x0000000080005166 (0x002ee5b3) x11 0x000000007fffffff
core   0: 0x000000008000516a (0x0000d09b) srliw   ra, ra, 0
core   0: 1 0x000000008000516a (0x0000d09b) x1  0xffffffff9d1e8000
core   0: 0x000000008000516e (0x23ac8253) fsgnj.d ft4, fs9, fs10
core   0: 1 0x000000008000516e (0x23ac8253) f4  0x7ff8000000000000
core   0: 0x0000000080005172 (0x00000001) c.nop
core   0: 1 0x0000000080005172 (0x0001)
core   0: 0x0000000080005174 (0x0024c533) xor     a0, s1, sp
core   0: 1 0x0000000080005174 (0x0024c533) x10 0xffffffffe8a76d5d
core   0: 0x0000000080005178 (0x01a14533) xor     a0, sp, s10
core   0: 1 0x0000000080005178 (0x01a14533) x10 0x00000000175892a2
core   0: 0x000000008000517c (0x0038d8b3) srl     a7, a7, gp
core   0: 1 0x000000008000517c (0x0038d8b3) x17 0x0000000000000000
core   0: 0x0000000080005180 (0x01988033) add     zero, a7, s9
core   0: 1 0x0000000080005180 (0x01988033)
core   0: 0x0000000080005184 (0x03635b33) divu    s6, t1, s6
core   0: 1 0x0000000080005184 (0x03635b33) x22 0xffffffffffffffff
core   0: 0x0000000080005188 (0x024377d3) fadd.d  fa5, ft6, ft4
core   0: 1 0x0000000080005188 (0x024377d3) f15 0x7ff8000000000000
core   0: 0x000000008000518c (0x03836a3b) remw    s4, t1, s8
core   0: 1 0x000000008000518c (0x03836a3b) x20 0x00000000704750fe
core   0: 0x0000000080005190 (0xc01317f3) csrrw   a5, time, t1
core   0: exception trap_illegal_instruction, epc 0x0000000080005190
core   0:           tval 0x00000000c01317f3
core   0: >>>>  $xrv64i2p1_m2p0_a2p1_f2p2_d2p2_zicsr2p0_zifencei2p0_zmmul1p0_zba1p0_zbb1p0_zbc1p0_zbs1p0
core   0: 0x0000000080004000 (0x0080006f) j       pc + 0x8
core   0: 3 0x0000000080004000 (0x0080006f)
core   0: >>>>  mmode_exception_handler
core   0: 0x0000000080004008 (0x00002c17) auipc   s8, 0x2
core   0: 3 0x0000000080004008 (0x00002c17) x24 0x0000000080006008
core   0: 0x000000008000400c (0x042c0c13) addi    s8, s8, 66
core   0: 3 0x000000008000400c (0x042c0c13) x24 0x000000008000604a
core   0: 0x0000000080004010 (0x000c00e7) jalr    s8
core   0: 3 0x0000000080004010 (0x000c00e7) x1  0x0000000080004014
core   0: >>>>  any_handler
core   0: 0x000000008000604a (0x341027f3) csrrs   a5, mepc, zero
core   0: 3 0x000000008000604a (0x341027f3) x15 0x0000000080005190
core   0: 0x000000008000604e (0x34202773) csrrs   a4, mcause, zero
core   0: 3 0x000000008000604e (0x34202773) x14 0x0000000000000002
core   0: 0x0000000080006052 (0x142026f3) csrrs   a3, scause, zero
core   0: 3 0x0000000080006052 (0x142026f3) x13 0xfffffffffffffca7
core   0: 0x0000000080006056 (0x30402673) csrrs   a2, mie, zero
core   0: 3 0x0000000080006056 (0x30402673) x12 0x0000000000000a00
core   0: 0x000000008000605a (0x344025f3) csrrs   a1, mip, zero
core   0: 3 0x000000008000605a (0x344025f3) x11 0x0000000000000080
core   0: 0x000000008000605e (0x343025f3) csrrs   a1, mtval, zero
core   0: 3 0x000000008000605e (0x343025f3) x11 0x00000000c01317f3
core   0: 0x0000000080006062 (0x14302573) csrrs   a0, stval, zero
core   0: 3 0x0000000080006062 (0x14302573) x10 0x0000000000000000
core   0: 0x0000000080006066 (0xb02024f3) csrrs   s1, minstret, zero
core   0: 3 0x0000000080006066 (0xb02024f3) x9  0x0000000000000d39
core   0: 0x000000008000606a (0x0000a811) c.j     pc + 20
core   0: 3 0x000000008000606a (0xa811)
core   0: >>>>  mepc_4
core   0: 0x000000008000607e (0x00000791) c.addi  a5, 4
core   0: 3 0x000000008000607e (0x0791) x15 0x0000000080005194
core   0: 0x0000000080006080 (0x34179073) csrrw   zero, mepc, a5
core   0: 3 0x0000000080006080 (0x34179073) c833_mepc 0x0000000080005194
core   0: 0x0000000080006084 (0x30200073) mret
core   0: 3 0x0000000080006084 (0x30200073) c768_mstatus 0x8000000a00106080
core   0: 0x0000000080005194 (0x40db56bb) sraw    a3, s6, a3
core   0: 1 0x0000000080005194 (0x40db56bb) x13 0xffffffffffffffff
core   0: 0x0000000080005198 (0x02d2e4b3) rem     s1, t0, a3
core   0: 1 0x0000000080005198 (0x02d2e4b3) x9  0x0000000000000000
core   0: 0x000000008000519c (0x0094e633) or      a2, s1, s1
core   0: 1 0x000000008000519c (0x0094e633) x12 0x0000000000000000
core   0: 0x00000000800051a0 (0x03795bb3) divu    s7, s2, s7
core   0: 1 0x00000000800051a0 (0x03795bb3) x23 0x0000000000000000
core   0: 0x00000000800051a4 (0xa2498853) fle.d   a6, fs3, ft4
core   0: 1 0x00000000800051a4 (0xa2498853) c1_fflags 0x000000000000001f x16 0x0000000000000000
core   0: 0x00000000800051a8 (0x0ff0000f) fence   iorw,iorw
core   0: 1 0x00000000800051a8 (0x0ff0000f)
core   0: 0x00000000800051ac (0x02c3633b) remw    t1, t1, a2
core   0: 1 0x00000000800051ac (0x02c3633b) x6  0x00000000704750fe
core   0: 0x00000000800051b0 (0x03807c33) remu    s8, zero, s8
core   0: 1 0x00000000800051b0 (0x03807c33) x24 0x0000000000000000
core   0: 0x00000000800051b4 (0x14d2ba17) auipc   s4, 0x14d2b
core   0: 1 0x00000000800051b4 (0x14d2ba17) x20 0x0000000094d301b4
core   0: 0x00000000800051b8 (0x038a3033) mulhu   zero, s4, s8
core   0: 1 0x00000000800051b8 (0x038a3033)
core   0: 0x00000000800051bc (0xd0267953) fcvt.s.l fs2, a2
core   0: 1 0x00000000800051bc (0xd0267953) f18 0xffffffff00000000
core   0: 0x00000000800051c0 (0xd0307cd3) fcvt.s.lu fs9, zero
core   0: 1 0x00000000800051c0 (0xd0307cd3) f25 0xffffffff00000000
core   0: 0x00000000800051c4 (0x13dafa53) fmul.d  fs4, fs5, ft9
core   0: 1 0x00000000800051c4 (0x13dafa53) f20 0x7ff8000000000000
core   0: 0x00000000800051c8 (0x0273f8b3) remu    a7, t2, t2
core   0: 1 0x00000000800051c8 (0x0273f8b3) x17 0x0000000000000000
core   0: 0x00000000800051cc (0x010a1613) slli    a2, s4, 16
core   0: 1 0x00000000800051cc (0x010a1613) x12 0x000094d301b40000
core   0: 0x00000000800051d0 (0x01286db3) or      s11, a6, s2
core   0: 1 0x00000000800051d0 (0x01286db3) x27 0x0000000000000000
core   0: 0x00000000800051d4 (0x1236f247) fmsub.d ft4, fa3, ft3, ft2
core   0: 1 0x00000000800051d4 (0x1236f247) f4  0x7ff8000000000000
core   0: 0x00000000800051d8 (0x02ecfcb3) remu    s9, s9, a4
core   0: 1 0x00000000800051d8 (0x02ecfcb3) x25 0x0000000000000001
core   0: 0x00000000800051dc (0x007d951b) slliw   a0, s11, 7
core   0: 1 0x00000000800051dc (0x007d951b) x10 0x0000000000000000
core   0: 0x00000000800051e0 (0x03d684b3) mul     s1, a3, t4
core   0: 1 0x00000000800051e0 (0x03d684b3) x9  0xffffffff80000001
core   0: 0x00000000800051e4 (0x2a438e53) fmin.d  ft8, ft7, ft4
core   0: 1 0x00000000800051e4 (0x2a438e53) f28 0x7ff8000000000000
core   0: 0x00000000800051e8 (0x401d50bb) sraw    ra, s10, ra
core   0: 1 0x00000000800051e8 (0x401d50bb) x1  0x0000000000000000
core   0: 0x00000000800051ec (0xb0243e73) csrrc   t3, minstret, s0
core   0: exception trap_illegal_instruction, epc 0x00000000800051ec
core   0:           tval 0x00000000b0243e73
core   0: >>>>  $xrv64i2p1_m2p0_a2p1_f2p2_d2p2_zicsr2p0_zifencei2p0_zmmul1p0_zba1p0_zbb1p0_zbc1p0_zbs1p0
core   0: 0x0000000080004000 (0x0080006f) j       pc + 0x8
core   0: 3 0x0000000080004000 (0x0080006f)
core   0: >>>>  mmode_exception_handler
core   0: 0x0000000080004008 (0x00002c17) auipc   s8, 0x2
core   0: 3 0x0000000080004008 (0x00002c17) x24 0x0000000080006008
core   0: 0x000000008000400c (0x042c0c13) addi    s8, s8, 66
core   0: 3 0x000000008000400c (0x042c0c13) x24 0x000000008000604a
core   0: 0x0000000080004010 (0x000c00e7) jalr    s8
core   0: 3 0x0000000080004010 (0x000c00e7) x1  0x0000000080004014
core   0: >>>>  any_handler
core   0: 0x000000008000604a (0x341027f3) csrrs   a5, mepc, zero
core   0: 3 0x000000008000604a (0x341027f3) x15 0x00000000800051ec
core   0: 0x000000008000604e (0x34202773) csrrs   a4, mcause, zero
core   0: 3 0x000000008000604e (0x34202773) x14 0x0000000000000002
core   0: 0x0000000080006052 (0x142026f3) csrrs   a3, scause, zero
core   0: 3 0x0000000080006052 (0x142026f3) x13 0xfffffffffffffca7
core   0: 0x0000000080006056 (0x30402673) csrrs   a2, mie, zero
core   0: 3 0x0000000080006056 (0x30402673) x12 0x0000000000000a00
core   0: 0x000000008000605a (0x344025f3) csrrs   a1, mip, zero
core   0: 3 0x000000008000605a (0x344025f3) x11 0x0000000000000080
core   0: 0x000000008000605e (0x343025f3) csrrs   a1, mtval, zero
core   0: 3 0x000000008000605e (0x343025f3) x11 0x00000000b0243e73
core   0: 0x0000000080006062 (0x14302573) csrrs   a0, stval, zero
core   0: 3 0x0000000080006062 (0x14302573) x10 0x0000000000000000
core   0: 0x0000000080006066 (0xb02024f3) csrrs   s1, minstret, zero
core   0: 3 0x0000000080006066 (0xb02024f3) x9  0x0000000000000d5f
core   0: 0x000000008000606a (0x0000a811) c.j     pc + 20
core   0: 3 0x000000008000606a (0xa811)
core   0: >>>>  mepc_4
core   0: 0x000000008000607e (0x00000791) c.addi  a5, 4
core   0: 3 0x000000008000607e (0x0791) x15 0x00000000800051f0
core   0: 0x0000000080006080 (0x34179073) csrrw   zero, mepc, a5
core   0: 3 0x0000000080006080 (0x34179073) c833_mepc 0x00000000800051f0
core   0: 0x0000000080006084 (0x30200073) mret
core   0: 3 0x0000000080006084 (0x30200073) c768_mstatus 0x8000000a00106080
core   0: 0x00000000800051f0 (0x401a5b1b) sraiw   s6, s4, 1
core   0: 1 0x00000000800051f0 (0x401a5b1b) x22 0xffffffffca6980da
core   0: 0x00000000800051f4 (0x028a4433) div     s0, s4, s0
core   0: 1 0x00000000800051f4 (0x028a4433) x8  0x0000000000000001
core   0: 0x00000000800051f8 (0xb443a393) slti    t2, t2, -1212
core   0: 1 0x00000000800051f8 (0xb443a393) x7  0x0000000000000000
core   0: 0x00000000800051fc (0x1243f7d3) fmul.d  fa5, ft7, ft4
core   0: 1 0x00000000800051fc (0x1243f7d3) f15 0x7ff8000000000000
core   0: 0x0000000080005200 (0x03c3dbb3) divu    s7, t2, t3
core   0: 1 0x0000000080005200 (0x03c3dbb3) x23 0x0000000000000000
core   0: 0x0000000080005204 (0x4e7e6713) ori     a4, t3, 1255
core   0: 1 0x0000000080005204 (0x4e7e6713) x14 0x00000000000004e7
core   0: 0x0000000080005208 (0x02e74433) div     s0, a4, a4
core   0: 1 0x0000000080005208 (0x02e74433) x8  0x0000000000000001
core   0: 0x000000008000520c (0x00ae40b3) xor     ra, t3, a0
core   0: 1 0x000000008000520c (0x00ae40b3) x1  0x0000000000000001
core   0: 0x0000000080005210 (0x03f5d2b7) lui     t0, 0x3f5d
core   0: 1 0x0000000080005210 (0x03f5d2b7) x5  0x0000000003f5d000
core   0: 0x0000000080005214 (0xadf2829b) addiw   t0, t0, -1313
core   0: 1 0x0000000080005214 (0xadf2829b) x5  0x0000000003f5cadf
core   0: 0x0000000080005218 (0x000002b2) c.slli  t0, 12
core   0: 1 0x0000000080005218 (0x02b2) x5  0x0000003f5cadf000
core   0: 0x000000008000521a (0x67f28293) addi    t0, t0, 1663
core   0: 1 0x000000008000521a (0x67f28293) x5  0x0000003f5cadf67f
core   0: 0x000000008000521e (0x00009a96) c.add   s5, t0
core   0: 1 0x000000008000521e (0x9a96) x21 0x0000003f5cadf67f
core   0: 0x0000000080005220 (0xe20e0c53) fmv.x.d s8, ft8
core   0: 1 0x0000000080005220 (0xe20e0c53) x24 0x7ff8000000000000
core   0: 0x0000000080005224 (0x035cc4b3) div     s1, s9, s5
core   0: 1 0x0000000080005224 (0x035cc4b3) x9  0x0000000000000000
core   0: 0x0000000080005228 (0x008c9eb3) sll     t4, s9, s0
core   0: 1 0x0000000080005228 (0x008c9eb3) x29 0x0000000000000002
core   0: 0x000000008000522c (0x0344043b) mulw    s0, s0, s4
core   0: 1 0x000000008000522c (0x0344043b) x8  0xffffffff94d301b4
core   0: 0x0000000080005230 (0x41468b3b) subw    s6, a3, s4
core   0: 1 0x0000000080005230 (0x41468b3b) x22 0x000000006b2cfaf3
core   0: 0x0000000080005234 (0x00e5dcb3) srl     s9, a1, a4
core   0: 1 0x0000000080005234 (0x00e5dcb3) x25 0x0000000000000000
core   0: 0x0000000080005238 (0x00102273) csrrs   tp, fflags, zero
core   0: 1 0x0000000080005238 (0x00102273) x4  0x000000000000001f
core   0: 0x000000008000523c (0x5a01f1d3) fsqrt.d ft3, ft3
core   0: 1 0x000000008000523c (0x5a01f1d3) f3  0x7ff8000000000000
core   0: 0x0000000080005240 (0x0376c133) div     sp, a3, s7
core   0: 1 0x0000000080005240 (0x0376c133) x2  0xffffffffffffffff
core   0: 0x0000000080005244 (0xc02a77d3) fcvt.l.s a5, fs4
core   0: 1 0x0000000080005244 (0xc02a77d3) c1_fflags 0x000000000000001f x15 0x7fffffffffffffff
core   0: 0x0000000080005248 (0x03217bb3) remu    s7, sp, s2
core   0: 1 0x0000000080005248 (0x03217bb3) x23 0xffffffffffffffff
core   0: 0x000000008000524c (0xd20b8bd3) fcvt.d.w fs7, s7
core   0: 1 0x000000008000524c (0xd20b8bd3) f23 0xbff0000000000000
core   0: 0x0000000080005250 (0x0bbdf1cb) fnmsub.d ft3, fs11, fs11, ft1
core   0: 1 0x0000000080005250 (0x0bbdf1cb) f3  0x7ff8000000000000
core   0: 0x0000000080005254 (0x1fed7e93) andi    t4, s10, 510
core   0: 1 0x0000000080005254 (0x1fed7e93) x29 0x0000000000000000
core   0: 0x0000000080005258 (0xc22773d3) fcvt.l.d t2, fa4
core   0: 1 0x0000000080005258 (0xc22773d3) c1_fflags 0x000000000000001f x7  0x7fffffffffffffff
core   0: 0x000000008000525c (0x1b3c70d3) fdiv.d  ft1, fs8, fs3
core   0: 1 0x000000008000525c (0x1b3c70d3) f1  0x7ff8000000000000
core   0: 0x0000000080005260 (0x03b3ea33) rem     s4, t2, s11
core   0: 1 0x0000000080005260 (0x03b3ea33) x20 0x7fffffffffffffff
core   0: 0x0000000080005264 (0x036610b3) mulh    ra, a2, s6
core   0: 1 0x0000000080005264 (0x036610b3) x1  0x0000000000000000
core   0: 0x0000000080005268 (0x40145893) srai    a7, s0, 1
core   0: 1 0x0000000080005268 (0x40145893) x17 0xffffffffca6980da
core   0: 0x000000008000526c (0x2a1b99d3) fmax.d  fs3, fs7, ft1
core   0: 1 0x000000008000526c (0x2a1b99d3) f19 0xbff0000000000000
core   0: 0x0000000080005270 (0x158c8813) addi    a6, s9, 344
core   0: 1 0x0000000080005270 (0x158c8813) x16 0x0000000000000158
core   0: 0x0000000080005274 (0x0278cb33) div     s6, a7, t2
core   0: 1 0x0000000080005274 (0x0278cb33) x22 0x0000000000000000
core   0: 0x0000000080005278 (0x0000928a) c.add   t0, sp
core   0: 1 0x0000000080005278 (0x928a) x5  0x0000003f5cadf67e
core   0: 0x000000008000527a (0x233b0853) fsgnj.d fa6, fs6, fs3
core   0: 1 0x000000008000527a (0x233b0853) f16 0x8000000000000000
core   0: 0x000000008000527e (0x011d901b) slliw   zero, s11, 17
core   0: 1 0x000000008000527e (0x011d901b)
core   0: 0x0000000080005282 (0x40065c13) srai    s8, a2, 0
core   0: 1 0x0000000080005282 (0x40065c13) x24 0x0000000000000a00
core   0: 0x0000000080005286 (0x00156793) ori     a5, a0, 1
core   0: 1 0x0000000080005286 (0x00156793) x15 0x0000000000000001
core   0: 0x000000008000528a (0x02b5fd33) remu    s10, a1, a1
core   0: 1 0x000000008000528a (0x02b5fd33) x26 0x0000000000000000
core   0: 0x000000008000528e (0x0318f8b3) remu    a7, a7, a7
core   0: 1 0x000000008000528e (0x0318f8b3) x17 0x0000000000000000
core   0: 0x0000000080005292 (0xaa6a0e13) addi    t3, s4, -1370
core   0: 1 0x0000000080005292 (0xaa6a0e13) x28 0x7ffffffffffffaa5
core   0: 0x0000000080005296 (0xd03a7253) fcvt.s.lu ft4, s4
core   0: 1 0x0000000080005296 (0xd03a7253) c1_fflags 0x000000000000001f f4  0xffffffff5f000000
core   0: 0x000000008000529a (0x000b9b9b) slliw   s7, s7, 0
core   0: 1 0x000000008000529a (0x000b9b9b) x23 0xffffffffffffffff
core   0: 0x000000008000529e (0x5a03f3d3) fsqrt.d ft7, ft7
core   0: 1 0x000000008000529e (0x5a03f3d3) f7  0x7ff8000000000000
core   0: 0x00000000800052a2 (0xd0317cd3) fcvt.s.lu fs9, sp
core   0: 1 0x00000000800052a2 (0xd0317cd3) c1_fflags 0x000000000000001f f25 0xffffffff5f800000
core   0: 0x00000000800052a6 (0xc713b5b7) lui     a1, 0xc713b
core   0: 1 0x00000000800052a6 (0xc713b5b7) x11 0xffffffffc713b000
core   0: 0x00000000800052aa (0x8a487443) fmadd.d fs0, fa6, ft4, fa7
core   0: 1 0x00000000800052aa (0x8a487443) f8  0x7ff8000000000000
core   0: 0x00000000800052ae (0x66978097) auipc   ra, 0x66978
core   0: 1 0x00000000800052ae (0x66978097) x1  0x00000000e697d2ae
core   0: 0x00000000800052b2 (0x7ffbb393) sltiu   t2, s7, 2047
core   0: 1 0x00000000800052b2 (0x7ffbb393) x7  0x0000000000000000
core   0: 0x00000000800052b6 (0x22e40c53) fsgnj.d fs8, fs0, fa4
core   0: 1 0x00000000800052b6 (0x22e40c53) f24 0x7ff8000000000000
core   0: 0x00000000800052ba (0x014a51b3) srl     gp, s4, s4
core   0: 1 0x00000000800052ba (0x014a51b3) x3  0x0000000000000000
core   0: 0x00000000800052be (0x0007d21b) srliw   tp, a5, 0
core   0: 1 0x00000000800052be (0x0007d21b) x4  0x0000000000000001
core   0: 0x00000000800052c2 (0x42028453) fcvt.d.s fs0, ft5
core   0: 1 0x00000000800052c2 (0x42028453) f8  0x7ff8000000000000
core   0: 0x00000000800052c6 (0x03c3acb3) mulhsu  s9, t2, t3
core   0: 1 0x00000000800052c6 (0x03c3acb3) x25 0x0000000000000000
core   0: 0x00000000800052ca (0x4bc878c7) fmsub.d fa7, fa6, ft8, fs1
core   0: 1 0x00000000800052ca (0x4bc878c7) f17 0x7ff8000000000000
core   0: 0x00000000800052ce (0xf20407d3) fmv.d.x fa5, s0
core   0: 1 0x00000000800052ce (0xf20407d3) f15 0xffffffff94d301b4
core   0: 0x00000000800052d2 (0x4018589b) sraiw   a7, a6, 1
core   0: 1 0x00000000800052d2 (0x4018589b) x17 0x00000000000000ac
core   0: 0x00000000800052d6 (0x133374d3) fmul.d  fs1, ft6, fs3
core   0: 1 0x00000000800052d6 (0x133374d3) f9  0x800000001fffffff
core   0: 0x00000000800052da (0x4a9f734b) fnmsub.d ft6, ft10, fs1, fs1
core   0: 1 0x00000000800052da (0x4a9f734b) f6  0x7ff8000000000000
core   0: 0x00000000800052de (0x039ce5b3) rem     a1, s9, s9
core   0: 1 0x00000000800052de (0x039ce5b3) x11 0x0000000000000000
core   0: 0x00000000800052e2 (0x2b019853) fmax.d  fa6, ft3, fa6
core   0: 1 0x00000000800052e2 (0x2b019853) f16 0x8000000000000000
core   0: 0x00000000800052e6 (0x12ec7653) fmul.d  fa2, fs8, fa4
core   0: 1 0x00000000800052e6 (0x12ec7653) f12 0x7ff8000000000000
core   0: 0x00000000800052ea (0x02c3573b) divuw   a4, t1, a2
core   0: 1 0x00000000800052ea (0x02c3573b) x14 0x00000000000b3a54
core   0: 0x00000000800052ee (0x407dddb3) sra     s11, s11, t2
core   0: 1 0x00000000800052ee (0x407dddb3) x27 0x0000000000000000
core   0: 0x00000000800052f2 (0x12597153) fmul.d  ft2, fs2, ft5
core   0: 1 0x00000000800052f2 (0x12597153) f2  0x7ff8000000000000
core   0: 0x00000000800052f6 (0x000edd9b) srliw   s11, t4, 0
core   0: 1 0x00000000800052f6 (0x000edd9b) x27 0x0000000000000000
core   0: 0x00000000800052fa (0x02963633) mulhu   a2, a2, s1
core   0: 1 0x00000000800052fa (0x02963633) x12 0x0000000000000000
core   0: 0x00000000800052fe (0xc2117253) fcvt.wu.d tp, ft2
core   0: 1 0x00000000800052fe (0xc2117253) c1_fflags 0x000000000000001f x4  0xffffffffffffffff
core   0: 0x0000000080005302 (0x0a1d7643) fmadd.d fa2, fs10, ft1, ft1
core   0: 1 0x0000000080005302 (0x0a1d7643) f12 0x7ff8000000000000
core   0: 0x0000000080005306 (0x430e5993) srai    s3, t3, 48
core   0: 1 0x0000000080005306 (0x430e5993) x19 0x0000000000007fff
core   0: 0x000000008000530a (0x000b6b13) ori     s6, s6, 0
core   0: 1 0x000000008000530a (0x000b6b13) x22 0x0000000000000000
core   0: 0x000000008000530e (0x000253bb) srlw    t2, tp, zero
core   0: 1 0x000000008000530e (0x000253bb) x7  0xffffffffffffffff
core   0: 0x0000000080005312 (0xc220f9d3) fcvt.l.d s3, ft1
core   0: 1 0x0000000080005312 (0xc220f9d3) c1_fflags 0x000000000000001f x19 0x7fffffffffffffff
core   0: 0x0000000080005316 (0xe2008cd3) fmv.x.d s9, ft1
core   0: 1 0x0000000080005316 (0xe2008cd3) x25 0x7ff8000000000000
core   0: 0x000000008000531a (0x41b95b1b) sraiw   s6, s2, 27
core   0: 1 0x000000008000531a (0x41b95b1b) x22 0x0000000000000000
core   0: 0x000000008000531e (0x131bc893) xori    a7, s7, 305
core   0: 1 0x000000008000531e (0x131bc893) x17 0xfffffffffffffece
core   0: 0x0000000080005322 (0x2a391953) fmax.d  fs2, fs2, ft3
core   0: 1 0x0000000080005322 (0x2a391953) f18 0x7ff8000000000000
core   0: 0x0000000080005326 (0x014a0e33) add     t3, s4, s4
core   0: 1 0x0000000080005326 (0x014a0e33) x28 0xfffffffffffffffe
core   0: 0x000000008000532a (0x03c388b3) mul     a7, t2, t3
core   0: 1 0x000000008000532a (0x03c388b3) x17 0x0000000000000002
core   0: 0x000000008000532e (0x40ba5493) srai    s1, s4, 11
core   0: 1 0x000000008000532e (0x40ba5493) x9  0x000fffffffffffff
core   0: 0x0000000080005332 (0x400ad013) srai    zero, s5, 0
core   0: 1 0x0000000080005332 (0x400ad013)
core   0: 0x0000000080005336 (0x0259f533) remu    a0, s3, t0
core   0: 1 0x0000000080005336 (0x0259f533) x10 0x0000000415f3a36f
core   0: 0x000000008000533a (0x2a4c73c7) fmsub.d ft7, fs8, ft4, ft5
core   0: 1 0x000000008000533a (0x2a4c73c7) f7  0x7ff8000000000000
core   0: 0x000000008000533e (0x01a2023b) addw    tp, tp, s10
core   0: 1 0x000000008000533e (0x01a2023b) x4  0xffffffffffffffff
core   0: 0x0000000080005342 (0xd2040953) fcvt.d.w fs2, s0
core   0: 1 0x0000000080005342 (0xd2040953) f18 0xc1dacb3f93000000
core   0: 0x0000000080005346 (0x0072dd3b) srlw    s10, t0, t2
core   0: 1 0x0000000080005346 (0x0072dd3b) x26 0x0000000000000000
core   0: 0x000000008000534a (0x1a337153) fdiv.d  ft2, ft6, ft3
core   0: 1 0x000000008000534a (0x1a337153) f2  0x7ff8000000000000
core   0: 0x000000008000534e (0x022e59b3) divu    s3, t3, sp
core   0: 1 0x000000008000534e (0x022e59b3) x19 0x0000000000000000
core   0: 0x0000000080005352 (0x7f6b081b) addiw   a6, s6, 2038
core   0: 1 0x0000000080005352 (0x7f6b081b) x16 0x00000000000007f6
core   0: 0x0000000080005356 (0xc0217253) fcvt.l.s tp, ft2
core   0: 1 0x0000000080005356 (0xc0217253) c1_fflags 0x000000000000001f x4  0x7fffffffffffffff
core   0: 0x000000008000535a (0xd0257453) fcvt.s.l fs0, a0
core   0: 1 0x000000008000535a (0xd0257453) c1_fflags 0x000000000000001f f8  0xffffffff5082be74
core   0: 0x000000008000535e (0x284b8a9b) addiw   s5, s7, 644
core   0: 1 0x000000008000535e (0x284b8a9b) x21 0x0000000000000283
core   0: 0x0000000080005362 (0x5a0472d3) fsqrt.d ft5, fs0
core   0: 1 0x0000000080005362 (0x5a0472d3) f5  0x7ff8000000000000
core   0: 0x0000000080005366 (0x0aebffd3) fsub.d  ft11, fs7, fa4
core   0: 1 0x0000000080005366 (0x0aebffd3) f31 0x7ff8000000000000
core   0: 0x000000008000536a (0x02d1f1bb) remuw   gp, gp, a3
core   0: 1 0x000000008000536a (0x02d1f1bb) x3  0x0000000000000000
core   0: 0x000000008000536e (0xe20703d3) fmv.x.d t2, fa4
core   0: 1 0x000000008000536e (0xe20703d3) x7  0x7ff8000000000000
core   0: 0x0000000080005372 (0xc80074f3) csrrci  s1, cycleh, 0
core   0: exception trap_illegal_instruction, epc 0x0000000080005372
core   0:           tval 0x00000000c80074f3
core   0: >>>>  $xrv64i2p1_m2p0_a2p1_f2p2_d2p2_zicsr2p0_zifencei2p0_zmmul1p0_zba1p0_zbb1p0_zbc1p0_zbs1p0
core   0: 0x0000000080004000 (0x0080006f) j       pc + 0x8
core   0: 3 0x0000000080004000 (0x0080006f)
core   0: >>>>  mmode_exception_handler
core   0: 0x0000000080004008 (0x00002c17) auipc   s8, 0x2
core   0: 3 0x0000000080004008 (0x00002c17) x24 0x0000000080006008
core   0: 0x000000008000400c (0x042c0c13) addi    s8, s8, 66
core   0: 3 0x000000008000400c (0x042c0c13) x24 0x000000008000604a
core   0: 0x0000000080004010 (0x000c00e7) jalr    s8
core   0: 3 0x0000000080004010 (0x000c00e7) x1  0x0000000080004014
core   0: >>>>  any_handler
core   0: 0x000000008000604a (0x341027f3) csrrs   a5, mepc, zero
core   0: 3 0x000000008000604a (0x341027f3) x15 0x0000000080005372
core   0: 0x000000008000604e (0x34202773) csrrs   a4, mcause, zero
core   0: 3 0x000000008000604e (0x34202773) x14 0x0000000000000002
core   0: 0x0000000080006052 (0x142026f3) csrrs   a3, scause, zero
core   0: 3 0x0000000080006052 (0x142026f3) x13 0xfffffffffffffca7
core   0: 0x0000000080006056 (0x30402673) csrrs   a2, mie, zero
core   0: 3 0x0000000080006056 (0x30402673) x12 0x0000000000000a00
core   0: 0x000000008000605a (0x344025f3) csrrs   a1, mip, zero
core   0: 3 0x000000008000605a (0x344025f3) x11 0x0000000000000080
core   0: 0x000000008000605e (0x343025f3) csrrs   a1, mtval, zero
core   0: 3 0x000000008000605e (0x343025f3) x11 0x00000000c80074f3
core   0: 0x0000000080006062 (0x14302573) csrrs   a0, stval, zero
core   0: 3 0x0000000080006062 (0x14302573) x10 0x0000000000000000
core   0: 0x0000000080006066 (0xb02024f3) csrrs   s1, minstret, zero
core   0: 3 0x0000000080006066 (0xb02024f3) x9  0x0000000000000dd1
core   0: 0x000000008000606a (0x0000a811) c.j     pc + 20
core   0: 3 0x000000008000606a (0xa811)
core   0: >>>>  mepc_4
core   0: 0x000000008000607e (0x00000791) c.addi  a5, 4
core   0: 3 0x000000008000607e (0x0791) x15 0x0000000080005376
core   0: 0x0000000080006080 (0x34179073) csrrw   zero, mepc, a5
core   0: 3 0x0000000080006080 (0x34179073) c833_mepc 0x0000000080005376
core   0: 0x0000000080006084 (0x30200073) mret
core   0: 3 0x0000000080006084 (0x30200073) c768_mstatus 0x8000000a00106080
core   0: 0x0000000080005376 (0x33d77347) fmsub.d ft6, fa4, ft9, ft6
core   0: 1 0x0000000080005376 (0x33d77347) f6  0x7ff8000000000000
core   0: 0x000000008000537a (0x021b5b13) srli    s6, s6, 33
core   0: 1 0x000000008000537a (0x021b5b13) x22 0x0000000000000000
core   0: 0x000000008000537e (0x40225233) sra     tp, tp, sp
core   0: 1 0x000000008000537e (0x40225233) x4  0x0000000000000000
core   0: 0x0000000080005382 (0x00108a13) addi    s4, ra, 1
core   0: 1 0x0000000080005382 (0x00108a13) x20 0x0000000080004015
core   0: 0x0000000080005386 (0x419d8cbb) subw    s9, s11, s9
core   0: 1 0x0000000080005386 (0x419d8cbb) x25 0x0000000000000000
core   0: 0x000000008000538a (0x41ccd73b) sraw    a4, s9, t3
core   0: 1 0x000000008000538a (0x41ccd73b) x14 0x0000000000000000
core   0: 0x000000008000538e (0x4013f653) fcvt.s.d fa2, ft7
core   0: 1 0x000000008000538e (0x4013f653) f12 0xffffffff7fc00000
core   0: 0x0000000080005392 (0xc2157b53) fcvt.wu.d s6, fa0
core   0: 1 0x0000000080005392 (0xc2157b53) c1_fflags 0x000000000000001f x22 0xffffffffffffffff
core   0: 0x0000000080005396 (0x2b911c53) fmax.d  fs8, ft2, fs9
core   0: 1 0x0000000080005396 (0x2b911c53) f24 0x7ff8000000000000
core   0: 0x000000008000539a (0xca5cf3c3) fmadd.d ft7, fs9, ft5, fs9
core   0: 1 0x000000008000539a (0xca5cf3c3) f7  0x7ff8000000000000
core   0: 0x000000008000539e (0xc026f8d3) fcvt.l.s a7, fa3
core   0: 1 0x000000008000539e (0xc026f8d3) c1_fflags 0x000000000000001f x17 0x7fffffffffffffff
core   0: 0x00000000800053a2 (0x00000001) c.nop
core   0: 1 0x00000000800053a2 (0x0001)
core   0: 0x00000000800053a4 (0x000a179b) slliw   a5, s4, 0
core   0: 1 0x00000000800053a4 (0x000a179b) x15 0xffffffff80004015
core   0: 0x00000000800053a8 (0x93bbfdcb) fnmsub.d fs11, fs7, fs11, fs2
core   0: 1 0x00000000800053a8 (0x93bbfdcb) f27 0x7ff8000000000000
core   0: 0x00000000800053ac (0x229e79cb) fnmsub.d fs3, ft8, fs1, ft4
core   0: 1 0x00000000800053ac (0x229e79cb) f19 0x7ff8000000000000
core   0: 0x00000000800053b0 (0x4074541b) sraiw   s0, s0, 7
core   0: 1 0x00000000800053b0 (0x4074541b) x8  0xffffffffff29a603
core   0: 0x00000000800053b4 (0x00000001) c.nop
core   0: 1 0x00000000800053b4 (0x0001)
core   0: 0x00000000800053b6 (0x2b398ed3) fmin.d  ft9, fs3, fs3
core   0: 1 0x00000000800053b6 (0x2b398ed3) f29 0x7ff8000000000000
core   0: 0x00000000800053ba (0x5a057ed3) fsqrt.d ft9, fa0
core   0: 1 0x00000000800053ba (0x5a057ed3) f29 0x7ff8000000000000
core   0: 0x00000000800053be (0x00225b13) srli    s6, tp, 2
core   0: 1 0x00000000800053be (0x00225b13) x22 0x0000000000000000
core   0: 0x00000000800053c2 (0x03936333) rem     t1, t1, s9
core   0: 1 0x00000000800053c2 (0x03936333) x6  0x00000000704750fe
core   0: 0x00000000800053c6 (0x229797d3) fsgnjn.d fa5, fa5, fs1
core   0: 1 0x00000000800053c6 (0x229797d3) f15 0x7fffffff94d301b4
core   0: 0x00000000800053ca (0x23b7a853) fsgnjx.d fa6, fa5, fs11
core   0: 1 0x00000000800053ca (0x23b7a853) f16 0x7fffffff94d301b4
core   0: 0x00000000800053ce (0x03bcf1b3) remu    gp, s9, s11
core   0: 1 0x00000000800053ce (0x03bcf1b3) x3  0x0000000000000000
core   0: 0x00000000800053d2 (0x22d697d3) fsgnjn.d fa5, fa3, fa3
core   0: 1 0x00000000800053d2 (0x22d697d3) f15 0xfff8000000000000
core   0: 0x00000000800053d6 (0x0385e133) rem     sp, a1, s8
core   0: 1 0x00000000800053d6 (0x0385e133) x2  0x00000000480014a9
core   0: 0x00000000800053da (0x3af873cb) fnmsub.d ft7, fa6, fa5, ft7
core   0: 1 0x00000000800053da (0x3af873cb) f7  0x7ff8000000000000
core   0: 0x00000000800053de (0xab497993) andi    s3, s2, -1356
core   0: 1 0x00000000800053de (0xab497993) x19 0x0000000000000000
core   0: 0x00000000800053e2 (0x2b991953) fmax.d  fs2, fs2, fs9
core   0: 1 0x00000000800053e2 (0x2b991953) f18 0xc1dacb3f93000000
core   0: 0x00000000800053e6 (0xd2217053) fcvt.d.l ft0, sp
core   0: 1 0x00000000800053e6 (0xd2217053) f0  0x41d200052a400000
core   0: 0x00000000800053ea (0x024c7833) remu    a6, s8, tp
core   0: 1 0x00000000800053ea (0x024c7833) x16 0x000000008000604a
core   0: 0x00000000800053ee (0x40210133) sub     sp, sp, sp
core   0: 1 0x00000000800053ee (0x40210133) x2  0x0000000000000000
core   0: 0x00000000800053f2 (0x43f5dd13) srai    s10, a1, 63
core   0: 1 0x00000000800053f2 (0x43f5dd13) x26 0x0000000000000000
core   0: 0x00000000800053f6 (0x41a901b3) sub     gp, s2, s10
core   0: 1 0x00000000800053f6 (0x41a901b3) x3  0x0000000000000000
core   0: 0x00000000800053fa (0x2ba000d3) fmin.d  ft1, ft0, fs10
core   0: 1 0x00000000800053fa (0x2ba000d3) f1  0x41d200052a400000
core   0: 0x00000000800053fe (0x4010539b) sraiw   t2, zero, 1
core   0: 1 0x00000000800053fe (0x4010539b) x7  0x0000000000000000
core   0: 0x0000000080005402 (0x01e09493) slli    s1, ra, 30
core   0: 1 0x0000000080005402 (0x01e09493) x9  0x2000100500000000
core   0: 0x0000000080005406 (0x001a9673) csrrw   a2, fflags, s5
core   0: 1 0x0000000080005406 (0x001a9673) x12 0x000000000000001f c1_fflags 0x0000000000000003
core   0: 0x000000008000540a (0x00c4ad33) slt     s10, s1, a2
core   0: 1 0x000000008000540a (0x00c4ad33) x26 0x0000000000000000
core   0: 0x000000008000540e (0xc200fed3) fcvt.w.d t4, ft1
core   0: 1 0x000000008000540e (0xc200fed3) x29 0x00000000480014a9
core   0: 0x0000000080005412 (0x00d8f8b3) and     a7, a7, a3
core   0: 1 0x0000000080005412 (0x00d8f8b3) x17 0x7ffffffffffffca7
core   0: 0x0000000080005416 (0x01289313) slli    t1, a7, 18
core   0: 1 0x0000000080005416 (0x01289313) x6  0xfffffffff29c0000
core   0: 0x000000008000541a (0x42060a53) fcvt.d.s fs4, fa2
core   0: 1 0x000000008000541a (0x42060a53) f20 0x7ff8000000000000
core   0: 0x000000008000541e (0x9ab678c7) fmsub.d fa7, fa2, fa1, fs3
core   0: 1 0x000000008000541e (0x9ab678c7) f17 0x7ff8000000000000
core   0: 0x0000000080005422 (0x5a017553) fsqrt.d fa0, ft2
core   0: 1 0x0000000080005422 (0x5a017553) f10 0x7ff8000000000000
core   0: 0x0000000080005426 (0x41e3d29b) sraiw   t0, t2, 30
core   0: 1 0x0000000080005426 (0x41e3d29b) x5  0x0000000000000000
core   0: 0x000000008000542a (0x41f55313) srai    t1, a0, 31
core   0: 1 0x000000008000542a (0x41f55313) x6  0x0000000000000000
core   0: 0x000000008000542e (0x40a38733) sub     a4, t2, a0
core   0: 1 0x000000008000542e (0x40a38733) x14 0x0000000000000000
core   0: 0x0000000080005432 (0x00642433) slt     s0, s0, t1
core   0: 1 0x0000000080005432 (0x00642433) x8  0x0000000000000001
core   0: 0x0000000080005436 (0x011a9b3b) sllw    s6, s5, a7
core   0: 1 0x0000000080005436 (0x011a9b3b) x22 0x0000000000014180
core   0: 0x000000008000543a (0x8bef7743) fmadd.d fa4, ft10, ft10, fa7
core   0: 1 0x000000008000543a (0x8bef7743) f14 0x7ff8000000000000
core   0: 0x000000008000543e (0x00231af3) csrrw   s5, frm, t1
core   0: 1 0x000000008000543e (0x00231af3) x21 0x0000000000000000 c2_frm 0x0000000000000000
core   0: 0x0000000080005442 (0x0ff0000f) fence   iorw,iorw
core   0: 1 0x0000000080005442 (0x0ff0000f)
core   0: 0x0000000080005446 (0xd03bf6d3) fcvt.s.lu fa3, s7
core   0: 1 0x0000000080005446 (0xd03bf6d3) c1_fflags 0x0000000000000003 f13 0xffffffff5f800000
core   0: 0x000000008000544a (0x017d2433) slt     s0, s10, s7
core   0: 1 0x000000008000544a (0x017d2433) x8  0x0000000000000000
core   0: 0x000000008000544e (0x0146a6b3) slt     a3, a3, s4
core   0: 1 0x000000008000544e (0x0146a6b3) x13 0x0000000000000001
core   0: 0x0000000080005452 (0xa2c70cd3) fle.d   s9, fa4, fa2
core   0: 1 0x0000000080005452 (0xa2c70cd3) c1_fflags 0x0000000000000013 x25 0x0000000000000000
core   0: 0x0000000080005456 (0x00000001) c.nop
core   0: 1 0x0000000080005456 (0x0001)
core   0: 0x0000000080005458 (0x02f2f7d3) fadd.d  fa5, ft5, fa5
core   0: 1 0x0000000080005458 (0x02f2f7d3) f15 0x7ff8000000000000
core   0: 0x000000008000545c (0xc026f2d3) fcvt.l.s t0, fa3
core   0: 1 0x000000008000545c (0xc026f2d3) c1_fflags 0x0000000000000013 x5  0x7fffffffffffffff
core   0: 0x0000000080005460 (0xd2140bd3) fcvt.d.wu fs7, s0
core   0: 1 0x0000000080005460 (0xd2140bd3) f23 0x0000000000000000
core   0: 0x0000000080005464 (0xd02171d3) fcvt.s.l ft3, sp
core   0: 1 0x0000000080005464 (0xd02171d3) f3  0xffffffff00000000
core   0: 0x0000000080005468 (0x000008b3) add     a7, zero, zero
core   0: 1 0x0000000080005468 (0x000008b3) x17 0x0000000000000000
core   0: 0x000000008000546c (0x02b17b33) remu    s6, sp, a1
core   0: 1 0x000000008000546c (0x02b17b33) x22 0x0000000000000000
core   0: 0x0000000080005470 (0x013988bb) addw    a7, s3, s3
core   0: 1 0x0000000080005470 (0x013988bb) x17 0x0000000000000000
core   0: 0x0000000080005474 (0xd2327dd3) fcvt.d.lu fs11, tp
core   0: 1 0x0000000080005474 (0xd2327dd3) f27 0x0000000000000000
core   0: 0x0000000080005478 (0x032dd93b) divuw   s2, s11, s2
core   0: 1 0x0000000080005478 (0x032dd93b) x18 0xffffffffffffffff
core   0: 0x000000008000547c (0x001b0093) addi    ra, s6, 1
core   0: 1 0x000000008000547c (0x001b0093) x1  0x0000000000000001
core   0: 0x0000000080005480 (0x00b5db3b) srlw    s6, a1, a1
core   0: 1 0x0000000080005480 (0x00b5db3b) x22 0x0000000000001900
core   0: 0x0000000080005484 (0x43b27247) fmsub.d ft4, ft4, fs11, fs0
core   0: 1 0x0000000080005484 (0x43b27247) f4  0x7ff8000000000000
core   0: 0x0000000080005488 (0x02535c33) divu    s8, t1, t0
core   0: 1 0x0000000080005488 (0x02535c33) x24 0x0000000000000000
core   0: 0x000000008000548c (0x020cfcb3) remu    s9, s9, zero
core   0: 1 0x000000008000548c (0x020cfcb3) x25 0x0000000000000000
core   0: 0x0000000080005490 (0x0333e9b3) rem     s3, t2, s3
core   0: 1 0x0000000080005490 (0x0333e9b3) x19 0x0000000000000000
core   0: 0x0000000080005494 (0x002e12f3) csrrw   t0, frm, t3
core   0: 1 0x0000000080005494 (0x002e12f3) x5  0x0000000000000000 c2_frm 0x0000000000000006
core   0: 0x0000000080005498 (0x00000001) c.nop
core   0: 1 0x0000000080005498 (0x0001)
core   0: 0x000000008000549a (0x02b0c933) div     s2, ra, a1
core   0: 1 0x000000008000549a (0x02b0c933) x18 0x0000000000000000
core   0: 0x000000008000549e (0x03408a33) mul     s4, ra, s4
core   0: 1 0x000000008000549e (0x03408a33) x20 0x0000000080004015
core   0: 0x00000000800054a2 (0xb825a873) csrrs   a6, minstreth, a1
core   0: exception trap_illegal_instruction, epc 0x00000000800054a2
core   0:           tval 0x00000000b825a873
core   0: >>>>  $xrv64i2p1_m2p0_a2p1_f2p2_d2p2_zicsr2p0_zifencei2p0_zmmul1p0_zba1p0_zbb1p0_zbc1p0_zbs1p0
core   0: 0x0000000080004000 (0x0080006f) j       pc + 0x8
core   0: 3 0x0000000080004000 (0x0080006f)
core   0: >>>>  mmode_exception_handler
core   0: 0x0000000080004008 (0x00002c17) auipc   s8, 0x2
core   0: 3 0x0000000080004008 (0x00002c17) x24 0x0000000080006008
core   0: 0x000000008000400c (0x042c0c13) addi    s8, s8, 66
core   0: 3 0x000000008000400c (0x042c0c13) x24 0x000000008000604a
core   0: 0x0000000080004010 (0x000c00e7) jalr    s8
core   0: 3 0x0000000080004010 (0x000c00e7) x1  0x0000000080004014
core   0: >>>>  any_handler
core   0: 0x000000008000604a (0x341027f3) csrrs   a5, mepc, zero
core   0: 3 0x000000008000604a (0x341027f3) x15 0x00000000800054a2
core   0: 0x000000008000604e (0x34202773) csrrs   a4, mcause, zero
core   0: 3 0x000000008000604e (0x34202773) x14 0x0000000000000002
core   0: 0x0000000080006052 (0x142026f3) csrrs   a3, scause, zero
core   0: 3 0x0000000080006052 (0x142026f3) x13 0xfffffffffffffca7
core   0: 0x0000000080006056 (0x30402673) csrrs   a2, mie, zero
core   0: 3 0x0000000080006056 (0x30402673) x12 0x0000000000000a00
core   0: 0x000000008000605a (0x344025f3) csrrs   a1, mip, zero
core   0: 3 0x000000008000605a (0x344025f3) x11 0x0000000000000080
core   0: 0x000000008000605e (0x343025f3) csrrs   a1, mtval, zero
core   0: 3 0x000000008000605e (0x343025f3) x11 0x00000000b825a873
core   0: 0x0000000080006062 (0x14302573) csrrs   a0, stval, zero
core   0: 3 0x0000000080006062 (0x14302573) x10 0x0000000000000000
core   0: 0x0000000080006066 (0xb02024f3) csrrs   s1, minstret, zero
core   0: 3 0x0000000080006066 (0xb02024f3) x9  0x0000000000000e2e
core   0: 0x000000008000606a (0x0000a811) c.j     pc + 20
core   0: 3 0x000000008000606a (0xa811)
core   0: >>>>  mepc_4
core   0: 0x000000008000607e (0x00000791) c.addi  a5, 4
core   0: 3 0x000000008000607e (0x0791) x15 0x00000000800054a6
core   0: 0x0000000080006080 (0x34179073) csrrw   zero, mepc, a5
core   0: 3 0x0000000080006080 (0x34179073) c833_mepc 0x00000000800054a6
core   0: 0x0000000080006084 (0x30200073) mret
core   0: 3 0x0000000080006084 (0x30200073) c768_mstatus 0x8000000a00106080
core   0: 0x00000000800054a6 (0xc03af853) fcvt.lu.s a6, fs5
core   0: exception trap_illegal_instruction, epc 0x00000000800054a6
core   0:           tval 0x00000000c03af853
core   0: >>>>  $xrv64i2p1_m2p0_a2p1_f2p2_d2p2_zicsr2p0_zifencei2p0_zmmul1p0_zba1p0_zbb1p0_zbc1p0_zbs1p0
core   0: 0x0000000080004000 (0x0080006f) j       pc + 0x8
core   0: 3 0x0000000080004000 (0x0080006f)
core   0: >>>>  mmode_exception_handler
core   0: 0x0000000080004008 (0x00002c17) auipc   s8, 0x2
core   0: 3 0x0000000080004008 (0x00002c17) x24 0x0000000080006008
core   0: 0x000000008000400c (0x042c0c13) addi    s8, s8, 66
core   0: 3 0x000000008000400c (0x042c0c13) x24 0x000000008000604a
core   0: 0x0000000080004010 (0x000c00e7) jalr    s8
core   0: 3 0x0000000080004010 (0x000c00e7) x1  0x0000000080004014
core   0: >>>>  any_handler
core   0: 0x000000008000604a (0x341027f3) csrrs   a5, mepc, zero
core   0: 3 0x000000008000604a (0x341027f3) x15 0x00000000800054a6
core   0: 0x000000008000604e (0x34202773) csrrs   a4, mcause, zero
core   0: 3 0x000000008000604e (0x34202773) x14 0x0000000000000002
core   0: 0x0000000080006052 (0x142026f3) csrrs   a3, scause, zero
core   0: 3 0x0000000080006052 (0x142026f3) x13 0xfffffffffffffca7
core   0: 0x0000000080006056 (0x30402673) csrrs   a2, mie, zero
core   0: 3 0x0000000080006056 (0x30402673) x12 0x0000000000000a00
core   0: 0x000000008000605a (0x344025f3) csrrs   a1, mip, zero
core   0: 3 0x000000008000605a (0x344025f3) x11 0x0000000000000080
core   0: 0x000000008000605e (0x343025f3) csrrs   a1, mtval, zero
core   0: 3 0x000000008000605e (0x343025f3) x11 0x00000000c03af853
core   0: 0x0000000080006062 (0x14302573) csrrs   a0, stval, zero
core   0: 3 0x0000000080006062 (0x14302573) x10 0x0000000000000000
core   0: 0x0000000080006066 (0xb02024f3) csrrs   s1, minstret, zero
core   0: 3 0x0000000080006066 (0xb02024f3) x9  0x0000000000000e3e
core   0: 0x000000008000606a (0x0000a811) c.j     pc + 20
core   0: 3 0x000000008000606a (0xa811)
core   0: >>>>  mepc_4
core   0: 0x000000008000607e (0x00000791) c.addi  a5, 4
core   0: 3 0x000000008000607e (0x0791) x15 0x00000000800054aa
core   0: 0x0000000080006080 (0x34179073) csrrw   zero, mepc, a5
core   0: 3 0x0000000080006080 (0x34179073) c833_mepc 0x00000000800054aa
core   0: 0x0000000080006084 (0x30200073) mret
core   0: 3 0x0000000080006084 (0x30200073) c768_mstatus 0x8000000a00106080
core   0: 0x00000000800054aa (0x03ac7abb) remuw   s5, s8, s10
core   0: 1 0x00000000800054aa (0x03ac7abb) x21 0xffffffff8000604a
core   0: 0x00000000800054ae (0xbb3d4893) xori    a7, s10, -1101
core   0: 1 0x00000000800054ae (0xbb3d4893) x17 0xfffffffffffffbb3
core   0: 0x00000000800054b2 (0x01f5d49b) srliw   s1, a1, 31
core   0: 1 0x00000000800054b2 (0x01f5d49b) x9  0x0000000000000001
core   0: 0x00000000800054b6 (0xd2058dd3) fcvt.d.w fs11, a1
core   0: 1 0x00000000800054b6 (0xd2058dd3) f27 0xc1cfe283d6800000
core   0: 0x00000000800054ba (0x01f6101b) slliw   zero, a2, 31
core   0: 1 0x00000000800054ba (0x01f6101b)
core   0: 0x00000000800054be (0x001b1873) csrrw   a6, fflags, s6
core   0: 1 0x00000000800054be (0x001b1873) x16 0x0000000000000013 c1_fflags 0x0000000000000000
core   0: 0x00000000800054c2 (0x002116f3) csrrw   a3, frm, sp
core   0: 1 0x00000000800054c2 (0x002116f3) x13 0x0000000000000006 c2_frm 0x0000000000000000
core   0: 0x00000000800054c6 (0xd20209d3) fcvt.d.w fs3, tp
core   0: 1 0x00000000800054c6 (0xd20209d3) f19 0x0000000000000000
core   0: 0x00000000800054ca (0x6a677fc3) fmadd.d ft11, fa4, ft6, fa3
core   0: 1 0x00000000800054ca (0x6a677fc3) f31 0x7ff8000000000000
core   0: 0x00000000800054ce (0x02dab533) mulhu   a0, s5, a3
core   0: 1 0x00000000800054ce (0x02dab533) x10 0x0000000000000005
core   0: 0x00000000800054d2 (0x43f85c93) srai    s9, a6, 63
core   0: 1 0x00000000800054d2 (0x43f85c93) x25 0x0000000000000000
core   0: 0x00000000800054d6 (0x25d2ea93) ori     s5, t0, 605
core   0: 1 0x00000000800054d6 (0x25d2ea93) x21 0x000000000000025d
core   0: 0x00000000800054da (0xd23cf053) fcvt.d.lu ft0, s9
core   0: 1 0x00000000800054da (0xd23cf053) f0  0x0000000000000000
core   0: 0x00000000800054de (0x227cf3c3) fmadd.d ft7, fs9, ft7, ft4
core   0: 1 0x00000000800054de (0x227cf3c3) f7  0x7ff8000000000000
core   0: 0x00000000800054e2 (0x419b0cb3) sub     s9, s6, s9
core   0: 1 0x00000000800054e2 (0x419b0cb3) x25 0x0000000000001900
core   0: 0x00000000800054e6 (0x001023f3) csrrs   t2, fflags, zero
core   0: 1 0x00000000800054e6 (0x001023f3) x7  0x0000000000000000
core   0: 0x00000000800054ea (0x416eda3b) sraw    s4, t4, s6
core   0: 1 0x00000000800054ea (0x416eda3b) x20 0x00000000480014a9
core   0: 0x00000000800054ee (0x34534193) xori    gp, t1, 837
core   0: 1 0x00000000800054ee (0x34534193) x3  0x0000000000000345
core   0: 0x00000000800054f2 (0x025e723b) remuw   tp, t3, t0
core   0: 1 0x00000000800054f2 (0x025e723b) x4  0xfffffffffffffffe
core   0: 0x00000000800054f6 (0xe577c713) xori    a4, a5, -425
core   0: 1 0x00000000800054f6 (0xe577c713) x14 0xffffffff7fffaafd
core   0: 0x00000000800054fa (0x01797bb3) and     s7, s2, s7
core   0: 1 0x00000000800054fa (0x01797bb3) x23 0x0000000000000000
core   0: 0x00000000800054fe (0x0b5af353) fsub.d  ft6, fs5, fs5
core   0: 1 0x00000000800054fe (0x0b5af353) f6  0x7ff8000000000000
core   0: 0x0000000080005502 (0x41ba87bb) subw    a5, s5, s11
core   0: 1 0x0000000080005502 (0x41ba87bb) x15 0x000000000000025d
core   0: 0x0000000080005506 (0xaada891b) addiw   s2, s5, -1363
core   0: 1 0x0000000080005506 (0xaada891b) x18 0xfffffffffffffd0a
core   0: 0x000000008000550a (0x22f181d3) fsgnj.d ft3, ft3, fa5
core   0: 1 0x000000008000550a (0x22f181d3) f3  0x7fffffff00000000
core   0: 0x000000008000550e (0x433ca117) auipc   sp, 0x433ca
core   0: 1 0x000000008000550e (0x433ca117) x2  0x00000000c33cf50e
core   0: 0x0000000080005512 (0x0101119b) slliw   gp, sp, 16
core   0: 1 0x0000000080005512 (0x0101119b) x3  0xfffffffff50e0000
core   0: 0x0000000080005516 (0x014a923b) sllw    tp, s5, s4
core   0: 1 0x0000000080005516 (0x014a923b) x4  0x000000000004ba00
core   0: 0x000000008000551a (0x11ca029b) addiw   t0, s4, 284
core   0: 1 0x000000008000551a (0x11ca029b) x5  0x00000000480015c5
core   0: 0x000000008000551e (0x13f6ffd3) fmul.d  ft11, fa3, ft11
core   0: 1 0x000000008000551e (0x13f6ffd3) f31 0x7ff8000000000000
core   0: 0x0000000080005522 (0xfffd8793) addi    a5, s11, -1
core   0: 1 0x0000000080005522 (0xfffd8793) x15 0xffffffffffffffff
core   0: 0x0000000080005526 (0x001bd333) srl     t1, s7, ra
core   0: 1 0x0000000080005526 (0x001bd333) x6  0x0000000000000000
core   0: 0x000000008000552a (0x40e385bb) subw    a1, t2, a4
core   0: 1 0x000000008000552a (0x40e385bb) x11 0xffffffff80005503
core   0: 0x000000008000552e (0x076f78b7) lui     a7, 0x76f7
core   0: 1 0x000000008000552e (0x076f78b7) x17 0x00000000076f7000
core   0: 0x0000000080005532 (0xf1461173) csrrw   sp, mhartid, a2
core   0: exception trap_illegal_instruction, epc 0x0000000080005532
core   0:           tval 0x00000000f1461173
core   0: >>>>  $xrv64i2p1_m2p0_a2p1_f2p2_d2p2_zicsr2p0_zifencei2p0_zmmul1p0_zba1p0_zbb1p0_zbc1p0_zbs1p0
core   0: 0x0000000080004000 (0x0080006f) j       pc + 0x8
core   0: 3 0x0000000080004000 (0x0080006f)
core   0: >>>>  mmode_exception_handler
core   0: 0x0000000080004008 (0x00002c17) auipc   s8, 0x2
core   0: 3 0x0000000080004008 (0x00002c17) x24 0x0000000080006008
core   0: 0x000000008000400c (0x042c0c13) addi    s8, s8, 66
core   0: 3 0x000000008000400c (0x042c0c13) x24 0x000000008000604a
core   0: 0x0000000080004010 (0x000c00e7) jalr    s8
core   0: 3 0x0000000080004010 (0x000c00e7) x1  0x0000000080004014
core   0: >>>>  any_handler
core   0: 0x000000008000604a (0x341027f3) csrrs   a5, mepc, zero
core   0: 3 0x000000008000604a (0x341027f3) x15 0x0000000080005532
core   0: 0x000000008000604e (0x34202773) csrrs   a4, mcause, zero
core   0: 3 0x000000008000604e (0x34202773) x14 0x0000000000000002
core   0: 0x0000000080006052 (0x142026f3) csrrs   a3, scause, zero
core   0: 3 0x0000000080006052 (0x142026f3) x13 0xfffffffffffffca7
core   0: 0x0000000080006056 (0x30402673) csrrs   a2, mie, zero
core   0: 3 0x0000000080006056 (0x30402673) x12 0x0000000000000a00
core   0: 0x000000008000605a (0x344025f3) csrrs   a1, mip, zero
core   0: 3 0x000000008000605a (0x344025f3) x11 0x0000000000000080
core   0: 0x000000008000605e (0x343025f3) csrrs   a1, mtval, zero
core   0: 3 0x000000008000605e (0x343025f3) x11 0x00000000f1461173
core   0: 0x0000000080006062 (0x14302573) csrrs   a0, stval, zero
core   0: 3 0x0000000080006062 (0x14302573) x10 0x0000000000000000
core   0: 0x0000000080006066 (0xb02024f3) csrrs   s1, minstret, zero
core   0: 3 0x0000000080006066 (0xb02024f3) x9  0x0000000000000e70
core   0: 0x000000008000606a (0x0000a811) c.j     pc + 20
core   0: 3 0x000000008000606a (0xa811)
core   0: >>>>  mepc_4
core   0: 0x000000008000607e (0x00000791) c.addi  a5, 4
core   0: 3 0x000000008000607e (0x0791) x15 0x0000000080005536
core   0: 0x0000000080006080 (0x34179073) csrrw   zero, mepc, a5
core   0: 3 0x0000000080006080 (0x34179073) c833_mepc 0x0000000080005536
core   0: 0x0000000080006084 (0x30200073) mret
core   0: 3 0x0000000080006084 (0x30200073) c768_mstatus 0x8000000a00106080
core   0: 0x0000000080005536 (0x401efd53) fcvt.s.d fs10, ft9
core   0: 1 0x0000000080005536 (0x401efd53) f26 0xffffffff7fc00000
core   0: 0x000000008000553a (0x0315eebb) remw    t4, a1, a7
core   0: 1 0x000000008000553a (0x0315eebb) x29 0xfffffffff8b58173
core   0: 0x000000008000553e (0x23aeaf53) fsgnjx.d ft10, ft9, fs10
core   0: 1 0x000000008000553e (0x23aeaf53) f30 0xfff8000000000000
core   0: 0x0000000080005542 (0x1adef6d3) fdiv.d  fa3, ft9, fa3
core   0: 1 0x0000000080005542 (0x1adef6d3) f13 0x7ff8000000000000
core   0: 0x0000000080005546 (0x416d0d3b) subw    s10, s10, s6
core   0: 1 0x0000000080005546 (0x416d0d3b) x26 0xffffffffffffe700
core   0: 0x000000008000554a (0x020503bb) mulw    t2, a0, zero
core   0: 1 0x000000008000554a (0x020503bb) x7  0x0000000000000000
core   0: 0x000000008000554e (0x4115053b) subw    a0, a0, a7
core   0: 1 0x000000008000554e (0x4115053b) x10 0xfffffffff8909000
core   0: 0x0000000080005552 (0x01fb991b) slliw   s2, s7, 31
core   0: 1 0x0000000080005552 (0x01fb991b) x18 0x0000000000000000
core   0: 0x0000000080005556 (0x7ff20b1b) addiw   s6, tp, 2047
core   0: 1 0x0000000080005556 (0x7ff20b1b) x22 0x000000000004c1ff
core   0: 0x000000008000555a (0x02b8e5b3) rem     a1, a7, a1
core   0: 1 0x000000008000555a (0x02b8e5b3) x11 0x00000000076f7000
core   0: 0x000000008000555e (0x400eda1b) sraiw   s4, t4, 0
core   0: 1 0x000000008000555e (0x400eda1b) x20 0xfffffffff8b58173
core   0: 0x0000000080005562 (0x405a5abb) sraw    s5, s4, t0
core   0: 1 0x0000000080005562 (0x405a5abb) x21 0xffffffffffc5ac0b
core   0: 0x0000000080005566 (0x001a171b) slliw   a4, s4, 1
core   0: 1 0x0000000080005566 (0x001a171b) x14 0xfffffffff16b02e6
core   0: 0x000000008000556a (0x00075113) srli    sp, a4, 0
core   0: 1 0x000000008000556a (0x00075113) x2  0xfffffffff16b02e6
core   0: 0x000000008000556e (0x00102873) csrrs   a6, fflags, zero
core   0: 1 0x000000008000556e (0x00102873) x16 0x0000000000000000
core   0: 0x0000000080005572 (0x001119f3) csrrw   s3, fflags, sp
core   0: 1 0x0000000080005572 (0x001119f3) x19 0x0000000000000000 c1_fflags 0x0000000000000006
core   0: 0x0000000080005576 (0x014b1c93) slli    s9, s6, 20
core   0: 1 0x0000000080005576 (0x014b1c93) x25 0x0000004c1ff00000
core   0: 0x000000008000557a (0x0003da13) srli    s4, t2, 0
core   0: 1 0x000000008000557a (0x0003da13) x20 0x0000000000000000
core   0: 0x000000008000557e (0x4269d993) srai    s3, s3, 38
core   0: 1 0x000000008000557e (0x4269d993) x19 0x0000000000000000
core   0: 0x0000000080005582 (0x0009d313) srli    t1, s3, 0
core   0: 1 0x0000000080005582 (0x0009d313) x6  0x0000000000000000
core   0: 0x0000000080005586 (0x00249873) csrrw   a6, frm, s1
core   0: 1 0x0000000080005586 (0x00249873) x16 0x0000000000000000 c2_frm 0x0000000000000000
core   0: 0x000000008000558a (0x02784abb) divw    s5, a6, t2
core   0: 1 0x000000008000558a (0x02784abb) x21 0xffffffffffffffff
core   0: 0x000000008000558e (0x01538db3) add     s11, t2, s5
core   0: 1 0x000000008000558e (0x01538db3) x27 0xffffffffffffffff
core   0: 0x0000000080005592 (0x22179153) fsgnjn.d ft2, fa5, ft1
core   0: 1 0x0000000080005592 (0x22179153) f2  0xfff8000000000000
core   0: 0x0000000080005596 (0xda37b737) lui     a4, 0xda37b
core   0: 1 0x0000000080005596 (0xda37b737) x14 0xffffffffda37b000
core   0: 0x000000008000559a (0xc200fe53) fcvt.w.d t3, ft1
core   0: 1 0x000000008000559a (0xc200fe53) x28 0x00000000480014a9
core   0: 0x000000008000559e (0x00f2103b) sllw    zero, tp, a5
core   0: 1 0x000000008000559e (0x00f2103b)
core   0: 0x00000000800055a2 (0xc200f8d3) fcvt.w.d a7, ft1
core   0: 1 0x00000000800055a2 (0xc200f8d3) x17 0x00000000480014a9
core   0: 0x00000000800055a6 (0x23f52553) fsgnjx.d fa0, fa0, ft11
core   0: 1 0x00000000800055a6 (0x23f52553) f10 0x7ff8000000000000
core   0: 0x00000000800055aa (0x40f9d13b) sraw    sp, s3, a5
core   0: 1 0x00000000800055aa (0x40f9d13b) x2  0x0000000000000000
core   0: 0x00000000800055ae (0x038f7c53) fadd.d  fs8, ft10, fs8
core   0: 1 0x00000000800055ae (0x038f7c53) f24 0x7ff8000000000000
core   0: 0x00000000800055b2 (0x02e74733) div     a4, a4, a4
core   0: 1 0x00000000800055b2 (0x02e74733) x14 0x0000000000000001
core   0: 0x00000000800055b6 (0x00100d1b) addiw   s10, zero, 1
core   0: 1 0x00000000800055b6 (0x00100d1b) x26 0x0000000000000001
core   0: 0x00000000800055ba (0x010316bb) sllw    a3, t1, a6
core   0: 1 0x00000000800055ba (0x010316bb) x13 0x0000000000000000
core   0: 0x00000000800055be (0x00d6d7b3) srl     a5, a3, a3
core   0: 1 0x00000000800055be (0x00d6d7b3) x15 0x0000000000000000
core   0: 0x00000000800055c2 (0x40db08bb) subw    a7, s6, a3
core   0: 1 0x00000000800055c2 (0x40db08bb) x17 0x000000000004c1ff
core   0: 0x00000000800055c6 (0x0392a133) mulhsu  sp, t0, s9
core   0: 1 0x00000000800055c6 (0x0392a133) x2  0x0000000000000015
core   0: 0x00000000800055ca (0x00516db3) or      s11, sp, t0
core   0: 1 0x00000000800055ca (0x00516db3) x27 0x00000000480015d5
core   0: 0x00000000800055ce (0x1abf7f53) fdiv.d  ft10, ft10, fa1
core   0: 1 0x00000000800055ce (0x1abf7f53) f30 0x7ff8000000000000
core   0: 0x00000000800055d2 (0xbbf8f9c7) fmsub.d fs3, fa7, ft11, fs7
core   0: 1 0x00000000800055d2 (0xbbf8f9c7) f19 0x7ff8000000000000
core   0: 0x00000000800055d6 (0x00441a13) slli    s4, s0, 4
core   0: 1 0x00000000800055d6 (0x00441a13) x20 0x0000000000000000
core   0: 0x00000000800055da (0xc022fd53) fcvt.l.s s10, ft5
core   0: 1 0x00000000800055da (0xc022fd53) c1_fflags 0x0000000000000016 x26 0x7fffffffffffffff
core   0: 0x00000000800055de (0x410c883b) subw    a6, s9, a6
core   0: 1 0x00000000800055de (0x410c883b) x16 0x000000001ff00000
core   0: 0x00000000800055e2 (0x106a2073) csrrs   zero, scounteren, s4
core   0: 1 0x00000000800055e2 (0x106a2073) c262_scounteren 0x0000000000000000
core   0: 0x00000000800055e6 (0xc23478d3) fcvt.lu.d a7, fs0
core   0: 1 0x00000000800055e6 (0xc23478d3) c1_fflags 0x0000000000000016 x17 0xffffffffffffffff
core   0: 0x00000000800055ea (0xd21187d3) fcvt.d.wu fa5, gp
core   0: 1 0x00000000800055ea (0xd21187d3) f15 0x41eea1c000000000
core   0: 0x00000000800055ee (0x0127e8b3) or      a7, a5, s2
core   0: 1 0x00000000800055ee (0x0127e8b3) x17 0x0000000000000000
core   0: 0x00000000800055f2 (0x41278a33) sub     s4, a5, s2
core   0: 1 0x00000000800055f2 (0x41278a33) x20 0x0000000000000000
core   0: 0x00000000800055f6 (0x420d0d53) fcvt.d.s fs10, fs10
core   0: 1 0x00000000800055f6 (0x420d0d53) f26 0x7ff8000000000000
core   0: 0x00000000800055fa (0x00f5d813) srli    a6, a1, 15
core   0: 1 0x00000000800055fa (0x00f5d813) x16 0x0000000000000ede
core   0: 0x00000000800055fe (0x9473831b) addiw   t1, t2, -1721
core   0: 1 0x00000000800055fe (0x9473831b) x6  0xfffffffffffff947
core   0: 0x0000000080005602 (0xc227f953) fcvt.l.d s2, fa5
core   0: 1 0x0000000080005602 (0xc227f953) x18 0x00000000f50e0000
core   0: 0x0000000080005606 (0x02489cb3) mulh    s9, a7, tp
core   0: 1 0x0000000080005606 (0x02489cb3) x25 0x0000000000000000
core   0: 0x000000008000560a (0x3fe67813) andi    a6, a2, 1022
core   0: 1 0x000000008000560a (0x3fe67813) x16 0x0000000000000200
core   0: 0x000000008000560e (0x0206763b) remuw   a2, a2, zero
core   0: 1 0x000000008000560e (0x0206763b) x12 0x0000000000000a00
core   0: 0x0000000080005612 (0x72a6f547) fmsub.d fa0, fa3, fa0, fa4
core   0: 1 0x0000000080005612 (0x72a6f547) f10 0x7ff8000000000000
core   0: 0x0000000080005616 (0x00c212bb) sllw    t0, tp, a2
core   0: 1 0x0000000080005616 (0x00c212bb) x5  0x000000000004ba00
core   0: 0x000000008000561a (0x019d6533) or      a0, s10, s9
core   0: 1 0x000000008000561a (0x019d6533) x10 0x7fffffffffffffff
core   0: 0x000000008000561e (0x009b5b33) srl     s6, s6, s1
core   0: 1 0x000000008000561e (0x009b5b33) x22 0x0000000000000000
core   0: 0x0000000080005622 (0x00000001) c.nop
core   0: 1 0x0000000080005622 (0x0001)
core   0: 0x0000000080005624 (0xb28578c7) fmsub.d fa7, fa0, fs0, fs6
core   0: 1 0x0000000080005624 (0xb28578c7) f17 0x7ff8000000000000
core   0: 0x0000000080005628 (0x03dd95b3) mulh    a1, s11, t4
core   0: 1 0x0000000080005628 (0x03dd95b3) x11 0xffffffffffffffff
core   0: 0x000000008000562c (0xd02b7453) fcvt.s.l fs0, s6
core   0: 1 0x000000008000562c (0xd02b7453) f8  0xffffffff00000000
core   0: 0x0000000080005630 (0x02db5e33) divu    t3, s6, a3
core   0: 1 0x0000000080005630 (0x02db5e33) x28 0xffffffffffffffff
core   0: 0x0000000080005634 (0xbe584713) xori    a4, a6, -1051
core   0: 1 0x0000000080005634 (0xbe584713) x14 0xfffffffffffff9e5
core   0: 0x0000000080005638 (0x00008a5a) c.mv    s4, s6
core   0: 1 0x0000000080005638 (0x8a5a) x20 0x0000000000000000
core   0: 0x000000008000563a (0x52eefec3) fmadd.d ft9, ft9, fa4, fa0
core   0: 1 0x000000008000563a (0x52eefec3) f29 0x7ff8000000000000
core   0: 0x000000008000563e (0x0017f433) and     s0, a5, ra
core   0: 1 0x000000008000563e (0x0017f433) x8  0x0000000000000000
core   0: 0x0000000080005642 (0x00202873) csrrs   a6, frm, zero
core   0: 1 0x0000000080005642 (0x00202873) x16 0x0000000000000000
core   0: 0x0000000080005646 (0xc239f6d3) fcvt.lu.d a3, fs3
core   0: 1 0x0000000080005646 (0xc239f6d3) c1_fflags 0x0000000000000016 x13 0xffffffffffffffff
core   0: 0x000000008000564a (0x010325b3) slt     a1, t1, a6
core   0: 1 0x000000008000564a (0x010325b3) x11 0x0000000000000001
core   0: 0x000000008000564e (0x01bda4b3) slt     s1, s11, s11
core   0: 1 0x000000008000564e (0x01bda4b3) x9  0x0000000000000000
core   0: 0x0000000080005652 (0x00a16533) or      a0, sp, a0
core   0: 1 0x0000000080005652 (0x00a16533) x10 0x7fffffffffffffff
core   0: 0x0000000080005656 (0xbb4a7a4b) fnmsub.d fs4, fs4, fs4, fs7
core   0: 1 0x0000000080005656 (0xbb4a7a4b) f20 0x7ff8000000000000
core   0: 0x000000008000565a (0x2341a953) fsgnjx.d fs2, ft3, fs4
core   0: 1 0x000000008000565a (0x2341a953) f18 0x7fffffff00000000
core   0: 0x000000008000565e (0x40bd0d33) sub     s10, s10, a1
core   0: 1 0x000000008000565e (0x40bd0d33) x26 0x7ffffffffffffffe
core   0: 0x0000000080005662 (0x41ae093b) subw    s2, t3, s10
core   0: 1 0x0000000080005662 (0x41ae093b) x18 0x0000000000000001
core   0: 0x0000000080005666 (0x007710b3) sll     ra, a4, t2
core   0: 1 0x0000000080005666 (0x007710b3) x1  0xfffffffffffff9e5
core   0: 0x000000008000566a (0x018c0e3b) addw    t3, s8, s8
core   0: 1 0x000000008000566a (0x018c0e3b) x28 0x000000000000c094
core   0: 0x000000008000566e (0x41725bbb) sraw    s7, tp, s7
core   0: 1 0x000000008000566e (0x41725bbb) x23 0x000000000004ba00
core   0: 0x0000000080005672 (0xd2178153) fcvt.d.wu ft2, a5
core   0: 1 0x0000000080005672 (0xd2178153) f2  0x0000000000000000
core   0: 0x0000000080005676 (0x037544b3) div     s1, a0, s7
core   0: 1 0x0000000080005676 (0x037544b3) x9  0x00001b14bbdfd760
core   0: 0x000000008000567a (0x3afe7e43) fmadd.d ft8, ft8, fa5, ft7
core   0: 1 0x000000008000567a (0x3afe7e43) f28 0x7ff8000000000000
core   0: 0x000000008000567e (0xc02673d3) fcvt.l.s t2, fa2
core   0: 1 0x000000008000567e (0xc02673d3) c1_fflags 0x0000000000000016 x7  0x7fffffffffffffff
core   0: 0x0000000080005682 (0xf20b0f53) fmv.d.x ft10, s6
core   0: 1 0x0000000080005682 (0xf20b0f53) f30 0x0000000000000000
core   0: 0x0000000080005686 (0x03057853) fadd.d  fa6, fa0, fa6
core   0: 1 0x0000000080005686 (0x03057853) f16 0x7ff8000000000000
core   0: 0x000000008000568a (0x1fa3e713) ori     a4, t2, 506
core   0: 1 0x000000008000568a (0x1fa3e713) x14 0x7fffffffffffffff
core   0: 0x000000008000568e (0x00119473) csrrw   s0, fflags, gp
core   0: 1 0x000000008000568e (0x00119473) x8  0x0000000000000016 c1_fflags 0x0000000000000000
core   0: 0x0000000080005692 (0x42008d53) fcvt.d.s fs10, ft1
core   0: 1 0x0000000080005692 (0x42008d53) f26 0x7ff8000000000000
core   0: 0x0000000080005696 (0x42078f53) fcvt.d.s ft10, fa5
core   0: 1 0x0000000080005696 (0x42078f53) f30 0x7ff8000000000000
core   0: 0x000000008000569a (0x02f77fd3) fadd.d  ft11, fa4, fa5
core   0: 1 0x000000008000569a (0x02f77fd3) f31 0x7ff8000000000000
core   0: 0x000000008000569e (0x0aeffe53) fsub.d  ft8, ft11, fa4
core   0: 1 0x000000008000569e (0x0aeffe53) f28 0x7ff8000000000000
core   0: 0x00000000800056a2 (0x00008eb5) c.xor   a3, a3
core   0: 1 0x00000000800056a2 (0x8eb5) x13 0x0000000000000000
core   0: 0x00000000800056a4 (0x00131373) csrrw   t1, fflags, t1
core   0: 1 0x00000000800056a4 (0x00131373) x6  0x0000000000000000 c1_fflags 0x0000000000000007
core   0: 0x00000000800056a8 (0x004a83b3) add     t2, s5, tp
core   0: 1 0x00000000800056a8 (0x004a83b3) x7  0x000000000004b9ff
core   0: 0x00000000800056ac (0x002c94f3) csrrw   s1, frm, s9
core   0: 1 0x00000000800056ac (0x002c94f3) x9  0x0000000000000000 c2_frm 0x0000000000000000
core   0: 0x00000000800056b0 (0x41798bb3) sub     s7, s3, s7
core   0: 1 0x00000000800056b0 (0x41798bb3) x23 0xfffffffffffb4600
core   0: 0x00000000800056b4 (0xd02e7053) fcvt.s.l ft0, t3
core   0: 1 0x00000000800056b4 (0xd02e7053) f0  0xffffffff47409400
core   0: 0x00000000800056b8 (0x40f18633) sub     a2, gp, a5
core   0: 1 0x00000000800056b8 (0x40f18633) x12 0xfffffffff50e0000
core   0: 0x00000000800056bc (0x014a5a33) srl     s4, s4, s4
core   0: 1 0x00000000800056bc (0x014a5a33) x20 0x0000000000000000
core   0: 0x00000000800056c0 (0x001d9e73) csrrw   t3, fflags, s11
core   0: 1 0x00000000800056c0 (0x001d9e73) x28 0x0000000000000007 c1_fflags 0x0000000000000015
core   0: 0x00000000800056c4 (0x413c0eb3) sub     t4, s8, s3
core   0: 1 0x00000000800056c4 (0x413c0eb3) x29 0x000000008000604a
core   0: 0x00000000800056c8 (0x03bdf0d3) fadd.d  ft1, fs11, fs11
core   0: 1 0x00000000800056c8 (0x03bdf0d3) f1  0xc1dfe283d6800000
core   0: 0x00000000800056cc (0xc03478d3) fcvt.lu.s a7, fs0
core   0: 1 0x00000000800056cc (0xc03478d3) x17 0x0000000000000000
core   0: 0x00000000800056d0 (0x0c986d93) ori     s11, a6, 201
core   0: 1 0x00000000800056d0 (0x0c986d93) x27 0x00000000000000c9
core   0: 0x00000000800056d4 (0x00000001) c.nop
core   0: 1 0x00000000800056d4 (0x0001)
core   0: 0x00000000800056d6 (0x00c6503b) srlw    zero, a2, a2
core   0: 1 0x00000000800056d6 (0x00c6503b)
core   0: 0x00000000800056da (0x005386b3) add     a3, t2, t0
core   0: 1 0x00000000800056da (0x005386b3) x13 0x00000000000973ff
core   0: 0x00000000800056de (0xa8060937) lui     s2, 0xa8060
core   0: 1 0x00000000800056de (0xa8060937) x18 0xffffffffa8060000
core   0: 0x00000000800056e2 (0x03e27253) fadd.d  ft4, ft4, ft10
core   0: 1 0x00000000800056e2 (0x03e27253) f4  0x7ff8000000000000
core   0: 0x00000000800056e6 (0xc036f153) fcvt.lu.s sp, fa3
core   0: 1 0x00000000800056e6 (0xc036f153) c1_fflags 0x0000000000000015 x2  0xffffffffffffffff
core   0: 0x00000000800056ea (0x02d532b3) mulhu   t0, a0, a3
core   0: 1 0x00000000800056ea (0x02d532b3) x5  0x000000000004b9ff
core   0: 0x00000000800056ee (0x022282bb) mulw    t0, t0, sp
core   0: 1 0x00000000800056ee (0x022282bb) x5  0xfffffffffffb4601
core   0: 0x00000000800056f2 (0x40ea87b3) sub     a5, s5, a4
core   0: 1 0x00000000800056f2 (0x40ea87b3) x15 0x8000000000000000
core   0: 0x00000000800056f6 (0x02c27ed3) fadd.d  ft9, ft4, fa2
core   0: 1 0x00000000800056f6 (0x02c27ed3) f29 0x7ff8000000000000
core   0: 0x00000000800056fa (0xd027f3d3) fcvt.s.l ft7, a5
core   0: 1 0x00000000800056fa (0xd027f3d3) f7  0xffffffffdf000000
core   0: 0x00000000800056fe (0x14133bf3) csrrc   s7, sepc, t1
core   0: 1 0x00000000800056fe (0x14133bf3) x23 0x0000000000000000 c321_sepc 0x0000000000000000
core   0: 0x0000000080005702 (0xfa74eeb7) lui     t4, 0xfa74e
core   0: 1 0x0000000080005702 (0xfa74eeb7) x29 0xfffffffffa74e000
core   0: 0x0000000080005706 (0xc87e8e9b) addiw   t4, t4, -889
core   0: 1 0x0000000080005706 (0xc87e8e9b) x29 0xfffffffffa74dc87
core   0: 0x000000008000570a (0x00000eb2) c.slli  t4, 12
core   0: 1 0x000000008000570a (0x0eb2) x29 0xffffffa74dc87000
core   0: 0x000000008000570c (0xf6ce8e93) addi    t4, t4, -148
core   0: 1 0x000000008000570c (0xf6ce8e93) x29 0xffffffa74dc86f6c
core   0: 0x0000000080005710 (0x405ed4b3) sra     s1, t4, t0
core   0: 1 0x0000000080005710 (0x405ed4b3) x9  0xffffffd3a6e437b6
core   0: 0x0000000080005714 (0xc2067753) fcvt.w.d a4, fa2
core   0: 1 0x0000000080005714 (0xc2067753) c1_fflags 0x0000000000000015 x14 0x000000007fffffff
core   0: 0x0000000080005718 (0x0302dd33) divu    s10, t0, a6
core   0: 1 0x0000000080005718 (0x0302dd33) x26 0xffffffffffffffff
core   0: 0x000000008000571c (0xc2137ed3) fcvt.wu.d t4, ft6
core   0: 1 0x000000008000571c (0xc2137ed3) c1_fflags 0x0000000000000015 x29 0xffffffffffffffff
core   0: 0x0000000080005720 (0xd21b03d3) fcvt.d.wu ft7, s6
core   0: 1 0x0000000080005720 (0xd21b03d3) f7  0x0000000000000000
core   0: 0x0000000080005724 (0xecfb009b) addiw   ra, s6, -305
core   0: 1 0x0000000080005724 (0xecfb009b) x1  0xfffffffffffffecf
core   0: 0x0000000080005728 (0x0016e913) ori     s2, a3, 1
core   0: 1 0x0000000080005728 (0x0016e913) x18 0x00000000000973ff
core   0: 0x000000008000572c (0x0318873b) mulw    a4, a7, a7
core   0: 1 0x000000008000572c (0x0318873b) x14 0x0000000000000000
core   0: 0x0000000080005730 (0x036a4533) div     a0, s4, s6
core   0: 1 0x0000000080005730 (0x036a4533) x10 0xffffffffffffffff
core   0: 0x0000000080005734 (0x001d9df3) csrrw   s11, fflags, s11
core   0: 1 0x0000000080005734 (0x001d9df3) x27 0x0000000000000015 c1_fflags 0x0000000000000009
core   0: 0x0000000080005738 (0x014d80b3) add     ra, s11, s4
core   0: 1 0x0000000080005738 (0x014d80b3) x1  0x0000000000000015
core   0: 0x000000008000573c (0x00f1033b) addw    t1, sp, a5
core   0: 1 0x000000008000573c (0x00f1033b) x6  0xffffffffffffffff
core   0: 0x0000000080005740 (0x5a05f5d3) fsqrt.d fa1, fa1
core   0: 1 0x0000000080005740 (0x5a05f5d3) f11 0x7ff8000000000000
core   0: 0x0000000080005744 (0x412d513b) sraw    sp, s10, s2
core   0: 1 0x0000000080005744 (0x412d513b) x2  0xffffffffffffffff
core   0: 0x0000000080005748 (0x1ac67d53) fdiv.d  fs10, fa2, fa2
core   0: 1 0x0000000080005748 (0x1ac67d53) f26 0x7ff8000000000000
core   0: 0x000000008000574c (0x017c101b) slliw   zero, s8, 23
core   0: 1 0x000000008000574c (0x017c101b)
core   0: 0x0000000080005750 (0xc224f7d3) fcvt.l.d a5, fs1
core   0: 1 0x0000000080005750 (0xc224f7d3) c1_fflags 0x0000000000000009 x15 0x0000000000000000
core   0: 0x0000000080005754 (0x00ce6e33) or      t3, t3, a2
core   0: 1 0x0000000080005754 (0x00ce6e33) x28 0xfffffffff50e0007
core   0: 0x0000000080005758 (0xfffe0313) addi    t1, t3, -1
core   0: 1 0x0000000080005758 (0xfffe0313) x6  0xfffffffff50e0006
core   0: 0x000000008000575c (0x4167d99b) sraiw   s3, a5, 22
core   0: 1 0x000000008000575c (0x4167d99b) x19 0x0000000000000000
core   0: 0x0000000080005760 (0x343422f3) csrrs   t0, mtval, s0
core   0: exception trap_illegal_instruction, epc 0x0000000080005760
core   0:           tval 0x00000000343422f3
core   0: >>>>  $xrv64i2p1_m2p0_a2p1_f2p2_d2p2_zicsr2p0_zifencei2p0_zmmul1p0_zba1p0_zbb1p0_zbc1p0_zbs1p0
core   0: 0x0000000080004000 (0x0080006f) j       pc + 0x8
core   0: 3 0x0000000080004000 (0x0080006f)
core   0: >>>>  mmode_exception_handler
core   0: 0x0000000080004008 (0x00002c17) auipc   s8, 0x2
core   0: 3 0x0000000080004008 (0x00002c17) x24 0x0000000080006008
core   0: 0x000000008000400c (0x042c0c13) addi    s8, s8, 66
core   0: 3 0x000000008000400c (0x042c0c13) x24 0x000000008000604a
core   0: 0x0000000080004010 (0x000c00e7) jalr    s8
core   0: 3 0x0000000080004010 (0x000c00e7) x1  0x0000000080004014
core   0: >>>>  any_handler
core   0: 0x000000008000604a (0x341027f3) csrrs   a5, mepc, zero
core   0: 3 0x000000008000604a (0x341027f3) x15 0x0000000080005760
core   0: 0x000000008000604e (0x34202773) csrrs   a4, mcause, zero
core   0: 3 0x000000008000604e (0x34202773) x14 0x0000000000000002
core   0: 0x0000000080006052 (0x142026f3) csrrs   a3, scause, zero
core   0: 3 0x0000000080006052 (0x142026f3) x13 0xfffffffffffffca7
core   0: 0x0000000080006056 (0x30402673) csrrs   a2, mie, zero
core   0: 3 0x0000000080006056 (0x30402673) x12 0x0000000000000a00
core   0: 0x000000008000605a (0x344025f3) csrrs   a1, mip, zero
core   0: 3 0x000000008000605a (0x344025f3) x11 0x0000000000000080
core   0: 0x000000008000605e (0x343025f3) csrrs   a1, mtval, zero
core   0: 3 0x000000008000605e (0x343025f3) x11 0x00000000343422f3
core   0: 0x0000000080006062 (0x14302573) csrrs   a0, stval, zero
core   0: 3 0x0000000080006062 (0x14302573) x10 0x0000000000000000
core   0: 0x0000000080006066 (0xb02024f3) csrrs   s1, minstret, zero
core   0: 3 0x0000000080006066 (0xb02024f3) x9  0x0000000000000f0d
core   0: 0x000000008000606a (0x0000a811) c.j     pc + 20
core   0: 3 0x000000008000606a (0xa811)
core   0: >>>>  mepc_4
core   0: 0x000000008000607e (0x00000791) c.addi  a5, 4
core   0: 3 0x000000008000607e (0x0791) x15 0x0000000080005764
core   0: 0x0000000080006080 (0x34179073) csrrw   zero, mepc, a5
core   0: 3 0x0000000080006080 (0x34179073) c833_mepc 0x0000000080005764
core   0: 0x0000000080006084 (0x30200073) mret
core   0: 3 0x0000000080006084 (0x30200073) c768_mstatus 0x8000000a00106080
core   0: 0x0000000080005764 (0x01dedebb) srlw    t4, t4, t4
core   0: 1 0x0000000080005764 (0x01dedebb) x29 0x0000000000000001
core   0: 0x0000000080005768 (0xd20e8e53) fcvt.d.w ft8, t4
core   0: 1 0x0000000080005768 (0xd20e8e53) f28 0x3ff0000000000000
core   0: 0x000000008000576c (0x2ba4f2cf) fnmadd.d ft5, fs1, fs10, ft5
core   0: 1 0x000000008000576c (0x2ba4f2cf) f5  0x7ff8000000000000
core   0: 0x0000000080005770 (0x41d7583b) sraw    a6, a4, t4
core   0: 1 0x0000000080005770 (0x41d7583b) x16 0x0000000000000001
core   0: 0x0000000080005774 (0xf9b6f7b7) lui     a5, 0xf9b6f
core   0: 1 0x0000000080005774 (0xf9b6f7b7) x15 0xfffffffff9b6f000
core   0: 0x0000000080005778 (0x2797879b) addiw   a5, a5, 633
core   0: 1 0x0000000080005778 (0x2797879b) x15 0xfffffffff9b6f279
core   0: 0x000000008000577c (0x000007b2) c.slli  a5, 12
core   0: 1 0x000000008000577c (0x07b2) x15 0xffffff9b6f279000
core   0: 0x000000008000577e (0x56f78793) addi    a5, a5, 1391
core   0: 1 0x000000008000577e (0x56f78793) x15 0xffffff9b6f27956f
core   0: 0x0000000080005782 (0x024301b3) mul     gp, t1, tp
core   0: 1 0x0000000080005782 (0x024301b3) x3  0xffffcc442c1c5c00
core   0: 0x0000000080005786 (0x10012cf3) csrrs   s9, sstatus, sp
core   0: 1 0x0000000080005786 (0x10012cf3) x25 0x8000000200006000 c768_mstatus 0x8000000a001c61a2
core   0: 0x000000008000578a (0x00150e1b) addiw   t3, a0, 1
core   0: 1 0x000000008000578a (0x00150e1b) x28 0x0000000000000001
core   0: 0x000000008000578e (0xd032f5d3) fcvt.s.lu fa1, t0
core   0: 1 0x000000008000578e (0xd032f5d3) c1_fflags 0x0000000000000009 f11 0xffffffff5f800000
core   0: 0x0000000080005792 (0xc22073d3) fcvt.l.d t2, ft0
core   0: 1 0x0000000080005792 (0xc22073d3) c1_fflags 0x0000000000000019 x7  0x7fffffffffffffff
core   0: 0x0000000080005796 (0x40be5333) sra     t1, t3, a1
core   0: 1 0x0000000080005796 (0x40be5333) x6  0x0000000000000000
core   0: 0x000000008000579a (0x027aa633) mulhsu  a2, s5, t2
core   0: 1 0x000000008000579a (0x027aa633) x12 0xffffffffffffffff
core   0: 0x000000008000579e (0x0367eb33) rem     s6, a5, s6
core   0: 1 0x000000008000579e (0x0367eb33) x22 0xffffff9b6f27956f
core   0: 0x00000000800057a2 (0x015783bb) addw    t2, a5, s5
core   0: 1 0x00000000800057a2 (0x015783bb) x7  0x000000006f27956e
core   0: 0x00000000800057a6 (0x405bd893) srai    a7, s7, 5
core   0: 1 0x00000000800057a6 (0x405bd893) x17 0x0000000000000000
core   0: 0x00000000800057aa (0xb8a3e113) ori     sp, t2, -1142
core   0: 1 0x00000000800057aa (0xb8a3e113) x2  0xffffffffffffffee
core   0: 0x00000000800057ae (0xe20889d3) fmv.x.d s3, fa7
core   0: 1 0x00000000800057ae (0xe20889d3) x19 0x7ff8000000000000
core   0: 0x00000000800057b2 (0x30f582b7) lui     t0, 0x30f58
core   0: 1 0x00000000800057b2 (0x30f582b7) x5  0x0000000030f58000
core   0: 0x00000000800057b6 (0x03293a33) mulhu   s4, s2, s2
core   0: 1 0x00000000800057b6 (0x03293a33) x20 0x0000000000000000
core   0: 0x00000000800057ba (0x41690b33) sub     s6, s2, s6
core   0: 1 0x00000000800057ba (0x41690b33) x22 0x0000006490e1de90
core   0: 0x00000000800057be (0xc229f3d3) fcvt.l.d t2, fs3
core   0: 1 0x00000000800057be (0xc229f3d3) c1_fflags 0x0000000000000019 x7  0x7fffffffffffffff
core   0: 0x00000000800057c2 (0x1b02f9d3) fdiv.d  fs3, ft5, fa6
core   0: 1 0x00000000800057c2 (0x1b02f9d3) f19 0x7ff8000000000000
core   0: 0x00000000800057c6 (0x00b15a93) srli    s5, sp, 11
core   0: 1 0x00000000800057c6 (0x00b15a93) x21 0x001fffffffffffff
core   0: 0x00000000800057ca (0x22fc1c53) fsgnjn.d fs8, fs8, fa5
core   0: 1 0x00000000800057ca (0x22fc1c53) f24 0xfff8000000000000
core   0: 0x00000000800057ce (0x3408d9f3) csrrwi  s3, mscratch, 17
core   0: exception trap_illegal_instruction, epc 0x00000000800057ce
core   0:           tval 0x000000003408d9f3
core   0: >>>>  $xrv64i2p1_m2p0_a2p1_f2p2_d2p2_zicsr2p0_zifencei2p0_zmmul1p0_zba1p0_zbb1p0_zbc1p0_zbs1p0
core   0: 0x0000000080004000 (0x0080006f) j       pc + 0x8
core   0: 3 0x0000000080004000 (0x0080006f)
core   0: >>>>  mmode_exception_handler
core   0: 0x0000000080004008 (0x00002c17) auipc   s8, 0x2
core   0: 3 0x0000000080004008 (0x00002c17) x24 0x0000000080006008
core   0: 0x000000008000400c (0x042c0c13) addi    s8, s8, 66
core   0: 3 0x000000008000400c (0x042c0c13) x24 0x000000008000604a
core   0: 0x0000000080004010 (0x000c00e7) jalr    s8
core   0: 3 0x0000000080004010 (0x000c00e7) x1  0x0000000080004014
core   0: >>>>  any_handler
core   0: 0x000000008000604a (0x341027f3) csrrs   a5, mepc, zero
core   0: 3 0x000000008000604a (0x341027f3) x15 0x00000000800057ce
core   0: 0x000000008000604e (0x34202773) csrrs   a4, mcause, zero
core   0: 3 0x000000008000604e (0x34202773) x14 0x0000000000000002
core   0: 0x0000000080006052 (0x142026f3) csrrs   a3, scause, zero
core   0: 3 0x0000000080006052 (0x142026f3) x13 0xfffffffffffffca7
core   0: 0x0000000080006056 (0x30402673) csrrs   a2, mie, zero
core   0: 3 0x0000000080006056 (0x30402673) x12 0x0000000000000a00
core   0: 0x000000008000605a (0x344025f3) csrrs   a1, mip, zero
core   0: 3 0x000000008000605a (0x344025f3) x11 0x0000000000000080
core   0: 0x000000008000605e (0x343025f3) csrrs   a1, mtval, zero
core   0: 3 0x000000008000605e (0x343025f3) x11 0x000000003408d9f3
core   0: 0x0000000080006062 (0x14302573) csrrs   a0, stval, zero
core   0: 3 0x0000000080006062 (0x14302573) x10 0x0000000000000000
core   0: 0x0000000080006066 (0xb02024f3) csrrs   s1, minstret, zero
core   0: 3 0x0000000080006066 (0xb02024f3) x9  0x0000000000000f38
core   0: 0x000000008000606a (0x0000a811) c.j     pc + 20
core   0: 3 0x000000008000606a (0xa811)
core   0: >>>>  mepc_4
core   0: 0x000000008000607e (0x00000791) c.addi  a5, 4
core   0: 3 0x000000008000607e (0x0791) x15 0x00000000800057d2
core   0: 0x0000000080006080 (0x34179073) csrrw   zero, mepc, a5
core   0: 3 0x0000000080006080 (0x34179073) c833_mepc 0x00000000800057d2
core   0: 0x0000000080006084 (0x30200073) mret
core   0: 3 0x0000000080006084 (0x30200073) c768_mstatus 0x8000000a001c61a2
core   0: 0x00000000800057d2 (0x238113d3) fsgnjn.d ft7, ft2, fs8
core   0: 1 0x00000000800057d2 (0x238113d3) f7  0x0000000000000000
core   0: 0x00000000800057d6 (0x03b5fb33) remu    s6, a1, s11
core   0: 1 0x00000000800057d6 (0x03b5fb33) x22 0x000000000000000a
core   0: 0x00000000800057da (0x1b91fcd3) fdiv.d  fs9, ft3, fs9
core   0: 1 0x00000000800057da (0x1b91fcd3) f25 0x7ff8000000000000
core   0: 0x00000000800057de (0x00021b93) slli    s7, tp, 0
core   0: 1 0x00000000800057de (0x00021b93) x23 0x000000000004ba00
core   0: 0x00000000800057e2 (0x227d2dd3) fsgnjx.d fs11, fs10, ft7
core   0: 1 0x00000000800057e2 (0x227d2dd3) f27 0x7ff8000000000000
core   0: 0x00000000800057e6 (0xfff86e13) ori     t3, a6, -1
core   0: 1 0x00000000800057e6 (0xfff86e13) x28 0xffffffffffffffff
core   0: 0x00000000800057ea (0xd7e46013) ori     zero, s0, -642
core   0: 1 0x00000000800057ea (0xd7e46013)
core   0: 0x00000000800057ee (0x00c007bb) addw    a5, zero, a2
core   0: 1 0x00000000800057ee (0x00c007bb) x15 0x0000000000000a00
core   0: 0x00000000800057f2 (0x03fed793) srli    a5, t4, 63
core   0: 1 0x00000000800057f2 (0x03fed793) x15 0x0000000000000000
core   0: 0x00000000800057f6 (0x22532a53) fsgnjx.d fs4, ft6, ft5
core   0: 1 0x00000000800057f6 (0x22532a53) f20 0x7ff8000000000000
core   0: 0x00000000800057fa (0x0137e9b3) or      s3, a5, s3
core   0: 1 0x00000000800057fa (0x0137e9b3) x19 0x7ff8000000000000
core   0: 0x00000000800057fe (0x00008cb6) c.mv    s9, a3
core   0: 1 0x00000000800057fe (0x8cb6) x25 0xfffffffffffffca7
core   0: 0x0000000080005800 (0x7ffcee13) ori     t3, s9, 2047
core   0: 1 0x0000000080005800 (0x7ffcee13) x28 0xffffffffffffffff
core   0: 0x0000000080005804 (0xfffc6a93) ori     s5, s8, -1
core   0: 1 0x0000000080005804 (0xfffc6a93) x21 0xffffffffffffffff
core   0: 0x0000000080005808 (0x00ca82bb) addw    t0, s5, a2
core   0: 1 0x0000000080005808 (0x00ca82bb) x5  0x00000000000009ff
core   0: 0x000000008000580c (0xf915c593) xori    a1, a1, -111
core   0: 1 0x000000008000580c (0xf915c593) x11 0xffffffffcbf72662
core   0: 0x0000000080005810 (0x40c65ab3) sra     s5, a2, a2
core   0: 1 0x0000000080005810 (0x40c65ab3) x21 0x0000000000000a00
core   0: 0x0000000080005814 (0xfc568337) lui     t1, 0xfc568
core   0: 1 0x0000000080005814 (0xfc568337) x6  0xfffffffffc568000
core   0: 0x0000000080005818 (0x8653031b) addiw   t1, t1, -1947
core   0: 1 0x0000000080005818 (0x8653031b) x6  0xfffffffffc567865
core   0: 0x000000008000581c (0x00000336) c.slli  t1, 13
core   0: 1 0x000000008000581c (0x0336) x6  0xffffff8acf0ca000
core   0: 0x000000008000581e (0xf2830313) addi    t1, t1, -216
core   0: 1 0x000000008000581e (0xf2830313) x6  0xffffff8acf0c9f28
core   0: 0x0000000080005822 (0x00ba96bb) sllw    a3, s5, a1
core   0: 1 0x0000000080005822 (0x00ba96bb) x13 0x0000000000002800
core   0: 0x0000000080005826 (0xd23373d3) fcvt.d.lu ft7, t1
core   0: 1 0x0000000080005826 (0xd23373d3) c1_fflags 0x0000000000000019 f7  0x43effffff159e194
core   0: 0x000000008000582a (0x001be013) prefetch.r 0(s7)
core   0: 1 0x000000008000582a (0x001be013)
core   0: 0x000000008000582e (0xfe5d8237) lui     tp, 0xfe5d8
core   0: 1 0x000000008000582e (0xfe5d8237) x4  0xfffffffffe5d8000
core   0: 0x0000000080005832 (0xd412021b) addiw   tp, tp, -703
core   0: 1 0x0000000080005832 (0xd412021b) x4  0xfffffffffe5d7d41
core   0: 0x0000000080005836 (0x00000232) c.slli  tp, 12
core   0: 1 0x0000000080005836 (0x0232) x4  0xffffffe5d7d41000
core   0: 0x0000000080005838 (0xd2520213) addi    tp, tp, -731
core   0: 1 0x0000000080005838 (0xd2520213) x4  0xffffffe5d7d40d25
core   0: 0x000000008000583c (0x2ad416d3) fmax.d  fa3, fs0, fa3
core   0: 1 0x000000008000583c (0x2ad416d3) f13 0x7ff8000000000000
core   0: 0x0000000080005840 (0x00000001) c.nop
core   0: 1 0x0000000080005840 (0x0001)
core   0: 0x0000000080005842 (0x035bcab3) div     s5, s7, s5
core   0: 1 0x0000000080005842 (0x035bcab3) x21 0x0000000000000079
core   0: 0x0000000080005846 (0x005cf033) and     zero, s9, t0
core   0: 1 0x0000000080005846 (0x005cf033)
core   0: 0x000000008000584a (0xf20784d3) fmv.d.x fs1, a5
core   0: 1 0x000000008000584a (0xf20784d3) f9  0x0000000000000000
core   0: 0x000000008000584e (0x1b94fcd3) fdiv.d  fs9, fs1, fs9
core   0: 1 0x000000008000584e (0x1b94fcd3) f25 0x7ff8000000000000
core   0: 0x0000000080005852 (0x03950033) mul     zero, a0, s9
core   0: 1 0x0000000080005852 (0x03950033)
core   0: 0x0000000080005856 (0x029490b3) mulh    ra, s1, s1
core   0: 1 0x0000000080005856 (0x029490b3) x1  0x0000000000000000
core   0: 0x000000008000585a (0x236619d3) fsgnjn.d fs3, fa2, fs6
core   0: 1 0x000000008000585a (0x236619d3) f19 0xffffffff7fc00000
core   0: 0x000000008000585e (0xbb097b47) fmsub.d fs6, fs2, fa6, fs7
core   0: 1 0x000000008000585e (0xbb097b47) f22 0x7ff8000000000000
core   0: 0x0000000080005862 (0xc21473d3) fcvt.wu.d t2, fs0
core   0: 1 0x0000000080005862 (0xc21473d3) c1_fflags 0x0000000000000019 x7  0xffffffffffffffff
core   0: 0x0000000080005866 (0xd23377d3) fcvt.d.lu fa5, t1
core   0: 1 0x0000000080005866 (0xd23377d3) c1_fflags 0x0000000000000019 f15 0x43effffff159e194
core   0: 0x000000008000586a (0x41e35c93) srai    s9, t1, 30
core   0: 1 0x000000008000586a (0x41e35c93) x25 0xfffffffffffffe2b
core   0: 0x000000008000586e (0xc2b57343) fmadd.d ft6, fa0, fa1, fs8
core   0: 1 0x000000008000586e (0xc2b57343) f6  0x7ff8000000000000
core   0: 0x0000000080005872 (0xd21b0d53) fcvt.d.wu fs10, s6
core   0: 1 0x0000000080005872 (0xd21b0d53) f26 0x4024000000000000
core   0: 0x0000000080005876 (0x00941c13) slli    s8, s0, 9
core   0: 1 0x0000000080005876 (0x00941c13) x24 0x0000000000002c00
core   0: 0x000000008000587a (0x03bcf8b3) remu    a7, s9, s11
core   0: 1 0x000000008000587a (0x03bcf8b3) x17 0x0000000000000009
core   0: 0x000000008000587e (0x03a029b3) mulhsu  s3, zero, s10
core   0: 1 0x000000008000587e (0x03a029b3) x19 0x0000000000000000
core   0: 0x0000000080005882 (0x01f01b1b) slliw   s6, zero, 31
core   0: 1 0x0000000080005882 (0x01f01b1b) x22 0x0000000000000000
core   0: 0x0000000080005886 (0x00c9863b) addw    a2, s3, a2
core   0: 1 0x0000000080005886 (0x00c9863b) x12 0x0000000000000a00
core   0: 0x000000008000588a (0x41f8531b) sraiw   t1, a6, 31
core   0: 1 0x000000008000588a (0x41f8531b) x6  0x0000000000000000
core   0: 0x000000008000588e (0x02e97953) fadd.d  fs2, fs2, fa4
core   0: 1 0x000000008000588e (0x02e97953) f18 0x7ff8000000000000
core   0: 0x0000000080005892 (0x420a0c53) fcvt.d.s fs8, fs4
core   0: 1 0x0000000080005892 (0x420a0c53) f24 0x7ff8000000000000
core   0: 0x0000000080005896 (0x02cb86bb) mulw    a3, s7, a2
core   0: 1 0x0000000080005896 (0x02cb86bb) x13 0x000000002f440000
core   0: 0x000000008000589a (0x00000001) c.nop
core   0: 1 0x000000008000589a (0x0001)
core   0: 0x000000008000589c (0xc220f953) fcvt.l.d s2, ft1
core   0: 1 0x000000008000589c (0xc220f953) x18 0xffffffff8075f0a6
core   0: 0x00000000800058a0 (0x0047561b) srliw   a2, a4, 4
core   0: 1 0x00000000800058a0 (0x0047561b) x12 0x0000000000000000
core   0: 0x00000000800058a4 (0x00195893) srli    a7, s2, 1
core   0: 1 0x00000000800058a4 (0x00195893) x17 0x7fffffffc03af853
core   0: 0x00000000800058a8 (0x01116ab3) or      s5, sp, a7
core   0: 1 0x00000000800058a8 (0x01116ab3) x21 0xffffffffffffffff
core   0: 0x00000000800058ac (0x227728d3) fsgnjx.d fa7, fa4, ft7
core   0: 1 0x00000000800058ac (0x227728d3) f17 0x7ff8000000000000
core   0: 0x00000000800058b0 (0x3bb0fdcf) fnmadd.d fs11, ft1, fs11, ft7
core   0: 1 0x00000000800058b0 (0x3bb0fdcf) f27 0x7ff8000000000000
core   0: 0x00000000800058b4 (0x12427153) fmul.d  ft2, ft4, ft4
core   0: 1 0x00000000800058b4 (0x12427153) f2  0x7ff8000000000000
core   0: 0x00000000800058b8 (0xd030f353) fcvt.s.lu ft6, ra
core   0: 1 0x00000000800058b8 (0xd030f353) f6  0xffffffff00000000
core   0: 0x00000000800058bc (0x020a8033) mul     zero, s5, zero
core   0: 1 0x00000000800058bc (0x020a8033)
core   0: 0x00000000800058c0 (0x000350bb) srlw    ra, t1, zero
core   0: 1 0x00000000800058c0 (0x000350bb) x1  0x0000000000000000
core   0: 0x00000000800058c4 (0x23949253) fsgnjn.d ft4, fs1, fs9
core   0: 1 0x00000000800058c4 (0x23949253) f4  0x8000000000000000
core   0: 0x00000000800058c8 (0x40c0d833) sra     a6, ra, a2
core   0: 1 0x00000000800058c8 (0x40c0d833) x16 0x0000000000000000
core   0: 0x00000000800058cc (0xd020fd53) fcvt.s.l fs10, ra
core   0: 1 0x00000000800058cc (0xd020fd53) f26 0xffffffff00000000
core   0: 0x00000000800058d0 (0x031268b3) rem     a7, tp, a7
core   0: 1 0x00000000800058d0 (0x031268b3) x17 0xffffffe5d7d40d25
core   0: 0x00000000800058d4 (0x02f8b733) mulhu   a4, a7, a5
core   0: 1 0x00000000800058d4 (0x02f8b733) x14 0x0000000000000000
core   0: 0x00000000800058d8 (0x2a3096d3) fmax.d  fa3, ft1, ft3
core   0: 1 0x00000000800058d8 (0x2a3096d3) f13 0xc1dfe283d6800000
core   0: 0x00000000800058dc (0x0288f1b3) remu    gp, a7, s0
core   0: 1 0x00000000800058dc (0x0288f1b3) x3  0x0000000000000013
core   0: 0x00000000800058e0 (0x2b88f4cb) fnmsub.d fs1, fa7, fs8, ft5
core   0: 1 0x00000000800058e0 (0x2b88f4cb) f9  0x7ff8000000000000
core   0: 0x00000000800058e4 (0x01c244b3) xor     s1, tp, t3
core   0: 1 0x00000000800058e4 (0x01c244b3) x9  0x0000001a282bf2da
core   0: 0x00000000800058e8 (0xc22b74d3) fcvt.l.d s1, fs6
core   0: 1 0x00000000800058e8 (0xc22b74d3) c1_fflags 0x0000000000000019 x9  0x7fffffffffffffff
core   0: 0x00000000800058ec (0x14874713) xori    a4, a4, 328
core   0: 1 0x00000000800058ec (0x14874713) x14 0x0000000000000148
core   0: 0x00000000800058f0 (0x002020f3) csrrs   ra, frm, zero
core   0: 1 0x00000000800058f0 (0x002020f3) x1  0x0000000000000000
core   0: 0x00000000800058f4 (0x4015f953) fcvt.s.d fs2, fa1
core   0: 1 0x00000000800058f4 (0x4015f953) f18 0xffffffff7fc00000
core   0: 0x00000000800058f8 (0x0238e833) rem     a6, a7, gp
core   0: 1 0x00000000800058f8 (0x0238e833) x16 0xfffffffffffffff8
core   0: 0x00000000800058fc (0x38928b13) addi    s6, t0, 905
core   0: 1 0x00000000800058fc (0x38928b13) x22 0x0000000000000d88
core   0: 0x0000000080005900 (0x4016f1d3) fcvt.s.d ft3, fa3
core   0: 1 0x0000000080005900 (0x4016f1d3) c1_fflags 0x0000000000000019 f3  0xffffffffceff141f
core   0: 0x0000000080005904 (0x00881113) slli    sp, a6, 8
core   0: 1 0x0000000080005904 (0x00881113) x2  0xfffffffffffff800
core   0: 0x0000000080005908 (0x2b3e1953) fmax.d  fs2, ft8, fs3
core   0: 1 0x0000000080005908 (0x2b3e1953) f18 0x3ff0000000000000
core   0: 0x000000008000590c (0x019163b3) or      t2, sp, s9
core   0: 1 0x000000008000590c (0x019163b3) x7  0xfffffffffffffe2b
core   0: 0x0000000080005910 (0x0003d21b) srliw   tp, t2, 0
core   0: 1 0x0000000080005910 (0x0003d21b) x4  0xfffffffffffffe2b
core   0: 0x0000000080005914 (0x42028e53) fcvt.d.s ft8, ft5
core   0: 1 0x0000000080005914 (0x42028e53) f28 0x7ff8000000000000
core   0: 0x0000000080005918 (0x004090b3) sll     ra, ra, tp
core   0: 1 0x0000000080005918 (0x004090b3) x1  0x0000000000000000
core   0: 0x000000008000591c (0xc02ff853) fcvt.l.s a6, ft11
core   0: 1 0x000000008000591c (0xc02ff853) c1_fflags 0x0000000000000019 x16 0x7fffffffffffffff
core   0: 0x0000000080005920 (0xd2080153) fcvt.d.w ft2, a6
core   0: 1 0x0000000080005920 (0xd2080153) f2  0xbff0000000000000
core   0: 0x0000000080005924 (0x5a0e76d3) fsqrt.d fa3, ft8
core   0: 1 0x0000000080005924 (0x5a0e76d3) f13 0x7ff8000000000000
core   0: 0x0000000080005928 (0x0f784013) xori    zero, a6, 247
core   0: 1 0x0000000080005928 (0x0f784013)
core   0: 0x000000008000592c (0x608efe93) andi    t4, t4, 1544
core   0: 1 0x000000008000592c (0x608efe93) x29 0x0000000000000000
core   0: 0x0000000080005930 (0x01dea0b3) slt     ra, t4, t4
core   0: 1 0x0000000080005930 (0x01dea0b3) x1  0x0000000000000000
core   0: 0x0000000080005934 (0x00205013) srli    zero, zero, 2
core   0: 1 0x0000000080005934 (0x00205013)
core   0: 0x0000000080005938 (0x009ed4b3) srl     s1, t4, s1
core   0: 1 0x0000000080005938 (0x009ed4b3) x9  0x0000000000000000
core   0: 0x000000008000593c (0x55948093) addi    ra, s1, 1369
core   0: 1 0x000000008000593c (0x55948093) x1  0x0000000000000559
core   0: 0x0000000080005940 (0x00fc5613) srli    a2, s8, 15
core   0: 1 0x0000000080005940 (0x00fc5613) x12 0x0000000000000000
core   0: 0x0000000080005944 (0xc03e7353) fcvt.lu.s t1, ft8
core   0: 1 0x0000000080005944 (0xc03e7353) c1_fflags 0x0000000000000019 x6  0xffffffffffffffff
core   0: 0x0000000080005948 (0xd2130853) fcvt.d.wu fa6, t1
core   0: 1 0x0000000080005948 (0xd2130853) f16 0x41efffffffe00000
core   0: 0x000000008000594c (0x7ff66013) ori     zero, a2, 2047
core   0: 1 0x000000008000594c (0x7ff66013)
core   0: 0x0000000080005950 (0x01fad71b) srliw   a4, s5, 31
core   0: 1 0x0000000080005950 (0x01fad71b) x14 0x0000000000000001
core   0: 0x0000000080005954 (0x401e71d3) fcvt.s.d ft3, ft8
core   0: 1 0x0000000080005954 (0x401e71d3) f3  0xffffffff7fc00000
core   0: 0x0000000080005958 (0xd03b74d3) fcvt.s.lu fs1, s6
core   0: 1 0x0000000080005958 (0xd03b74d3) f9  0xffffffff45588000
core   0: 0x000000008000595c (0x00202e73) csrrs   t3, frm, zero
core   0: 1 0x000000008000595c (0x00202e73) x28 0x0000000000000000
core   0: 0x0000000080005960 (0xbba1fd4f) fnmadd.d fs10, ft3, fs10, fs7
core   0: 1 0x0000000080005960 (0xbba1fd4f) f26 0x7ff8000000000000
core   0: 0x0000000080005964 (0xfdc056b7) lui     a3, 0xfdc05
core   0: 1 0x0000000080005964 (0xfdc056b7) x13 0xfffffffffdc05000
core   0: 0x0000000080005968 (0x0b16869b) addiw   a3, a3, 177
core   0: 1 0x0000000080005968 (0x0b16869b) x13 0xfffffffffdc050b1
core   0: 0x000000008000596c (0x000006b2) c.slli  a3, 12
core   0: 1 0x000000008000596c (0x06b2) x13 0xffffffdc050b1000
core   0: 0x000000008000596e (0xbb168693) addi    a3, a3, -1103
core   0: 1 0x000000008000596e (0xbb168693) x13 0xffffffdc050b0bb1
core   0: 0x0000000080005972 (0x237ba953) fsgnjx.d fs2, fs7, fs7
core   0: 1 0x0000000080005972 (0x237ba953) f18 0x0000000000000000
core   0: 0x0000000080005976 (0xc22bf2d3) fcvt.l.d t0, fs7
core   0: 1 0x0000000080005976 (0xc22bf2d3) x5  0x0000000000000000
core   0: 0x000000008000597a (0x02abdbbb) divuw   s7, s7, a0
core   0: 1 0x000000008000597a (0x02abdbbb) x23 0xffffffffffffffff
core   0: 0x000000008000597e (0x000bfd13) andi    s10, s7, 0
core   0: 1 0x000000008000597e (0x000bfd13) x26 0x0000000000000000
core   0: 0x0000000080005982 (0x010d1b3b) sllw    s6, s10, a6
core   0: 1 0x0000000080005982 (0x010d1b3b) x22 0x0000000000000000
core   0: 0x0000000080005986 (0x2d989437) lui     s0, 0x2d989
core   0: 1 0x0000000080005986 (0x2d989437) x8  0x000000002d989000
core   0: 0x000000008000598a (0x00185993) srli    s3, a6, 1
core   0: 1 0x000000008000598a (0x00185993) x19 0x3fffffffffffffff
core   0: 0x000000008000598e (0x416b5233) sra     tp, s6, s6
core   0: 1 0x000000008000598e (0x416b5233) x4  0x0000000000000000
core   0: 0x0000000080005992 (0xd21989d3) fcvt.d.wu fs3, s3
core   0: 1 0x0000000080005992 (0xd21989d3) f19 0x41efffffffe00000
core   0: 0x0000000080005996 (0xc0327dd3) fcvt.lu.s s11, ft4
core   0: 1 0x0000000080005996 (0xc0327dd3) c1_fflags 0x0000000000000019 x27 0xffffffffffffffff
core   0: 0x000000008000599a (0xa24b7bcf) fnmadd.d fs7, fs6, ft4, fs4
core   0: 1 0x000000008000599a (0xa24b7bcf) f23 0x7ff8000000000000
core   0: 0x000000008000599e (0x22c61b53) fsgnjn.d fs6, fa2, fa2
core   0: 1 0x000000008000599e (0x22c61b53) f22 0x7fffffff7fc00000
core   0: 0x00000000800059a2 (0x00b6d71b) srliw   a4, a3, 11
core   0: 1 0x00000000800059a2 (0x00b6d71b) x14 0x000000000000a161
core   0: 0x00000000800059a6 (0x23b51553) fsgnjn.d fa0, fa0, fs11
core   0: 1 0x00000000800059a6 (0x23b51553) f10 0xfff8000000000000
core   0: 0x00000000800059aa (0x01a6883b) addw    a6, a3, s10
core   0: 1 0x00000000800059aa (0x01a6883b) x16 0x00000000050b0bb1
core   0: 0x00000000800059ae (0x401c511b) sraiw   sp, s8, 1
core   0: 1 0x00000000800059ae (0x401c511b) x2  0x0000000000001600
core   0: 0x00000000800059b2 (0x02a82b33) mulhsu  s6, a6, a0
core   0: 1 0x00000000800059b2 (0x02a82b33) x22 0x0000000000000000
core   0: 0x00000000800059b6 (0x82554e13) xori    t3, a0, -2011
core   0: 1 0x00000000800059b6 (0x82554e13) x28 0xfffffffffffff825
core   0: 0x00000000800059ba (0x0162d73b) srlw    a4, t0, s6
core   0: 1 0x00000000800059ba (0x0162d73b) x14 0x0000000000000000
core   0: 0x00000000800059be (0x405b543b) sraw    s0, s6, t0
core   0: 1 0x00000000800059be (0x405b543b) x8  0x0000000000000000
core   0: 0x00000000800059c2 (0x008458b3) srl     a7, s0, s0
core   0: 1 0x00000000800059c2 (0x008458b3) x17 0x0000000000000000
core   0: 0x00000000800059c6 (0x40840dbb) subw    s11, s0, s0
core   0: 1 0x00000000800059c6 (0x40840dbb) x27 0x0000000000000000
core   0: 0x00000000800059ca (0xc03bfc53) fcvt.lu.s s8, fs7
core   0: 1 0x00000000800059ca (0xc03bfc53) c1_fflags 0x0000000000000019 x24 0xffffffffffffffff
core   0: 0x00000000800059ce (0xd30c4b93) xori    s7, s8, -720
core   0: 1 0x00000000800059ce (0xd30c4b93) x23 0x00000000000002cf
core   0: 0x00000000800059d2 (0x01cbe733) or      a4, s7, t3
core   0: 1 0x00000000800059d2 (0x01cbe733) x14 0xfffffffffffffaef
core   0: 0x00000000800059d6 (0x8574b797) auipc   a5, 0x8574b
core   0: 1 0x00000000800059d6 (0x8574b797) x15 0x00000000057509d6
core   0: 0x00000000800059da (0x5a097953) fsqrt.d fs2, fs2
core   0: 1 0x00000000800059da (0x5a097953) f18 0x0000000000000000
core   0: 0x00000000800059de (0xd23078d3) fcvt.d.lu fa7, zero
core   0: 1 0x00000000800059de (0xd23078d3) f17 0x0000000000000000
core   0: 0x00000000800059e2 (0x14033c73) csrrc   s8, sscratch, t1
core   0: 1 0x00000000800059e2 (0x14033c73) x24 0x000000001d5228c1 c320_sscratch 0x0000000000000000
core   0: 0x00000000800059e6 (0x00191113) slli    sp, s2, 1
core   0: 1 0x00000000800059e6 (0x00191113) x2  0xffffffff00ebe14c
core   0: 0x00000000800059ea (0x029e53bb) divuw   t2, t3, s1
core   0: 1 0x00000000800059ea (0x029e53bb) x7  0xffffffffffffffff
core   0: 0x00000000800059ee (0x00000001) c.nop
core   0: 1 0x00000000800059ee (0x0001)
core   0: 0x00000000800059f0 (0x23188fd3) fsgnj.d ft11, fa7, fa7
core   0: 1 0x00000000800059f0 (0x23188fd3) f31 0x0000000000000000
core   0: 0x00000000800059f4 (0x7b17f0c3) fmadd.d ft1, fa5, fa7, fa5
core   0: 1 0x00000000800059f4 (0x7b17f0c3) f1  0x43effffff159e194
core   0: 0x00000000800059f8 (0x03d658bb) divuw   a7, a2, t4
core   0: 1 0x00000000800059f8 (0x03d658bb) x17 0xffffffffffffffff
core   0: 0x00000000800059fc (0x0a480297) auipc   t0, 0xa480
core   0: 1 0x00000000800059fc (0x0a480297) x5  0x000000008a4859fc
core   0: 0x0000000080005a00 (0x033a5a3b) divuw   s4, s4, s3
core   0: 1 0x0000000080005a00 (0x033a5a3b) x20 0x0000000000000000
core   0: 0x0000000080005a04 (0xd81c8d17) auipc   s10, 0xd81c8
core   0: 1 0x0000000080005a04 (0xd81c8d17) x26 0x00000000581cda04
core   0: 0x0000000080005a08 (0x03bd5db3) divu    s11, s10, s11
core   0: 1 0x0000000080005a08 (0x03bd5db3) x27 0xffffffffffffffff
core   0: 0x0000000080005a0c (0x00202a73) csrrs   s4, frm, zero
core   0: 1 0x0000000080005a0c (0x00202a73) x20 0x0000000000000000
core   0: 0x0000000080005a10 (0x2a2d17d3) fmax.d  fa5, fs10, ft2
core   0: 1 0x0000000080005a10 (0x2a2d17d3) f15 0xbff0000000000000
core   0: 0x0000000080005a14 (0x23c38953) fsgnj.d fs2, ft7, ft8
core   0: 1 0x0000000080005a14 (0x23c38953) f18 0x43effffff159e194
core   0: 0x0000000080005a18 (0x40125b93) srai    s7, tp, 1
core   0: 1 0x0000000080005a18 (0x40125b93) x23 0x0000000000000000
core   0: 0x0000000080005a1c (0x4000513b) sraw    sp, zero, zero
core   0: 1 0x0000000080005a1c (0x4000513b) x2  0x0000000000000000
core   0: 0x0000000080005a20 (0x02365413) srli    s0, a2, 35
core   0: 1 0x0000000080005a20 (0x02365413) x8  0x0000000000000000
core   0: 0x0000000080005a24 (0x1b2cf0cf) fnmadd.d ft1, fs9, fs2, ft3
core   0: 1 0x0000000080005a24 (0x1b2cf0cf) f1  0x7ff8000000000000
core   0: 0x0000000080005a28 (0xd027f253) fcvt.s.l ft4, a5
core   0: 1 0x0000000080005a28 (0xd027f253) c1_fflags 0x0000000000000019 f4  0xffffffff4caea13b
core   0: 0x0000000080005a2c (0x3977a493) slti    s1, a5, 919
core   0: 1 0x0000000080005a2c (0x3977a493) x9  0x0000000000000000
core   0: 0x0000000080005a30 (0x00828e3b) addw    t3, t0, s0
core   0: 1 0x0000000080005a30 (0x00828e3b) x28 0xffffffff8a4859fc
core   0: 0x0000000080005a34 (0x01d34633) xor     a2, t1, t4
core   0: 1 0x0000000080005a34 (0x01d34633) x12 0xffffffffffffffff
core   0: 0x0000000080005a38 (0xd21d00d3) fcvt.d.wu ft1, s10
core   0: 1 0x0000000080005a38 (0xd21d00d3) f1  0x41d6073681000000
core   0: 0x0000000080005a3c (0x58637793) andi    a5, t1, 1414
core   0: 1 0x0000000080005a3c (0x58637793) x15 0x0000000000000586
core   0: 0x0000000080005a40 (0xc035fb53) fcvt.lu.s s6, fa1
core   0: 1 0x0000000080005a40 (0xc035fb53) c1_fflags 0x0000000000000019 x22 0xffffffffffffffff
core   0: 0x0000000080005a44 (0x02fa9bb3) mulh    s7, s5, a5
core   0: 1 0x0000000080005a44 (0x02fa9bb3) x23 0xffffffffffffffff
core   0: 0x0000000080005a48 (0x023be1b3) rem     gp, s7, gp
core   0: 1 0x0000000080005a48 (0x023be1b3) x3  0xffffffffffffffff
core   0: 0x0000000080005a4c (0x695b8013) addi    zero, s7, 1685
core   0: 1 0x0000000080005a4c (0x695b8013)
core   0: 0x0000000080005a50 (0x008d93bb) sllw    t2, s11, s0
core   0: 1 0x0000000080005a50 (0x008d93bb) x7  0xffffffffffffffff
core   0: 0x0000000080005a54 (0x80142017) auipc   zero, 0x80142
core   0: 1 0x0000000080005a54 (0x80142017)
core   0: 0x0000000080005a58 (0xd8107e13) andi    t3, zero, -639
core   0: 1 0x0000000080005a58 (0xd8107e13) x28 0x0000000000000000
core   0: 0x0000000080005a5c (0x3329754f) fnmadd.d fa0, fs2, fs2, ft6
core   0: 1 0x0000000080005a5c (0x3329754f) f10 0x7ff8000000000000
core   0: 0x0000000080005a60 (0xd3001eb7) lui     t4, 0xd3001
core   0: 1 0x0000000080005a60 (0xd3001eb7) x29 0xffffffffd3001000
core   0: 0x0000000080005a64 (0xd03ef753) fcvt.s.lu fa4, t4
core   0: 1 0x0000000080005a64 (0xd03ef753) c1_fflags 0x0000000000000019 f14 0xffffffff5f800000
core   0: 0x0000000080005a68 (0xc03ff953) fcvt.lu.s s2, ft11
core   0: 1 0x0000000080005a68 (0xc03ff953) c1_fflags 0x0000000000000019 x18 0xffffffffffffffff
core   0: 0x0000000080005a6c (0x00000001) c.nop
core   0: 1 0x0000000080005a6c (0x0001)
core   0: 0x0000000080005a6e (0x036ebcb3) mulhu   s9, t4, s6
core   0: 1 0x0000000080005a6e (0x036ebcb3) x25 0xffffffffd3000fff
core   0: 0x0000000080005a72 (0x021dd53b) divuw   a0, s11, ra
core   0: 1 0x0000000080005a72 (0x021dd53b) x10 0x00000000002fdf16
core   0: 0x0000000080005a76 (0x00a4abb3) slt     s7, s1, a0
core   0: 1 0x0000000080005a76 (0x00a4abb3) x23 0x0000000000000001
core   0: 0x0000000080005a7a (0xa28501d3) fle.d   gp, fa0, fs0
core   0: 1 0x0000000080005a7a (0xa28501d3) c1_fflags 0x0000000000000019 x3  0x0000000000000000
core   0: 0x0000000080005a7e (0x03ad3333) mulhu   t1, s10, s10
core   0: 1 0x0000000080005a7e (0x03ad3333) x6  0x0000000000000000
core   0: 0x0000000080005a82 (0x424470cb) fnmsub.d ft1, fs0, ft4, fs0
core   0: 1 0x0000000080005a82 (0x424470cb) f1  0x7ff8000000000000
core   0: 0x0000000080005a86 (0xa11ace93) xori    t4, s5, -1519
core   0: 1 0x0000000080005a86 (0xa11ace93) x29 0x00000000000005ee
core   0: 0x0000000080005a8a (0x005704b3) add     s1, a4, t0
core   0: 1 0x0000000080005a8a (0x005704b3) x9  0x000000008a4854eb
core   0: 0x0000000080005a8e (0x0ff0000f) fence   iorw,iorw
core   0: 1 0x0000000080005a8e (0x0ff0000f)
core   0: 0x0000000080005a92 (0x4130d233) sra     tp, ra, s3
core   0: 1 0x0000000080005a92 (0x4130d233) x4  0x0000000000000000
core   0: 0x0000000080005a96 (0x0082163b) sllw    a2, tp, s0
core   0: 1 0x0000000080005a96 (0x0082163b) x12 0x0000000000000000
core   0: 0x0000000080005a9a (0x9da20d93) addi    s11, tp, -1574
core   0: 1 0x0000000080005a9a (0x9da20d93) x27 0xfffffffffffff9da
core   0: 0x0000000080005a9e (0xc050e6f3) csrrsi  a3, hpmcounter5, 1
core   0: exception trap_illegal_instruction, epc 0x0000000080005a9e
core   0:           tval 0x00000000c050e6f3
core   0: >>>>  $xrv64i2p1_m2p0_a2p1_f2p2_d2p2_zicsr2p0_zifencei2p0_zmmul1p0_zba1p0_zbb1p0_zbc1p0_zbs1p0
core   0: 0x0000000080004000 (0x0080006f) j       pc + 0x8
core   0: 3 0x0000000080004000 (0x0080006f)
core   0: >>>>  mmode_exception_handler
core   0: 0x0000000080004008 (0x00002c17) auipc   s8, 0x2
core   0: 3 0x0000000080004008 (0x00002c17) x24 0x0000000080006008
core   0: 0x000000008000400c (0x042c0c13) addi    s8, s8, 66
core   0: 3 0x000000008000400c (0x042c0c13) x24 0x000000008000604a
core   0: 0x0000000080004010 (0x000c00e7) jalr    s8
core   0: 3 0x0000000080004010 (0x000c00e7) x1  0x0000000080004014
core   0: >>>>  any_handler
core   0: 0x000000008000604a (0x341027f3) csrrs   a5, mepc, zero
core   0: 3 0x000000008000604a (0x341027f3) x15 0x0000000080005a9e
core   0: 0x000000008000604e (0x34202773) csrrs   a4, mcause, zero
core   0: 3 0x000000008000604e (0x34202773) x14 0x0000000000000002
core   0: 0x0000000080006052 (0x142026f3) csrrs   a3, scause, zero
core   0: 3 0x0000000080006052 (0x142026f3) x13 0xfffffffffffffca7
core   0: 0x0000000080006056 (0x30402673) csrrs   a2, mie, zero
core   0: 3 0x0000000080006056 (0x30402673) x12 0x0000000000000a00
core   0: 0x000000008000605a (0x344025f3) csrrs   a1, mip, zero
core   0: 3 0x000000008000605a (0x344025f3) x11 0x0000000000000080
core   0: 0x000000008000605e (0x343025f3) csrrs   a1, mtval, zero
core   0: 3 0x000000008000605e (0x343025f3) x11 0x00000000c050e6f3
core   0: 0x0000000080006062 (0x14302573) csrrs   a0, stval, zero
core   0: 3 0x0000000080006062 (0x14302573) x10 0x0000000000000000
core   0: 0x0000000080006066 (0xb02024f3) csrrs   s1, minstret, zero
core   0: 3 0x0000000080006066 (0xb02024f3) x9  0x0000000000000fff
core   0: 0x000000008000606a (0x0000a811) c.j     pc + 20
core   0: 3 0x000000008000606a (0xa811)
core   0: >>>>  mepc_4
core   0: 0x000000008000607e (0x00000791) c.addi  a5, 4
core   0: 3 0x000000008000607e (0x0791) x15 0x0000000080005aa2
core   0: 0x0000000080006080 (0x34179073) csrrw   zero, mepc, a5
core   0: 3 0x0000000080006080 (0x34179073) c833_mepc 0x0000000080005aa2
core   0: 0x0000000080006084 (0x30200073) mret
core   0: 3 0x0000000080006084 (0x30200073) c768_mstatus 0x8000000a001c61a2
core   0: 0x0000000080005aa2 (0x03ce073b) mulw    a4, t3, t3
core   0: 1 0x0000000080005aa2 (0x03ce073b) x14 0x0000000000000000
core   0: 0x0000000080005aa6 (0x00202373) csrrs   t1, frm, zero
core   0: 1 0x0000000080005aa6 (0x00202373) x6  0x0000000000000000
core   0: 0x0000000080005aaa (0x40dc84bb) subw    s1, s9, a3
core   0: 1 0x0000000080005aaa (0x40dc84bb) x9  0xffffffffd3001358
core   0: 0x0000000080005aae (0x42080bd3) fcvt.d.s fs7, fa6
core   0: 1 0x0000000080005aae (0x42080bd3) f23 0x7ff8000000000000
core   0: 0x0000000080005ab2 (0x0133a233) slt     tp, t2, s3
core   0: 1 0x0000000080005ab2 (0x0133a233) x4  0x0000000000000001
core   0: 0x0000000080005ab6 (0x00000001) c.nop
core   0: 1 0x0000000080005ab6 (0x0001)
core   0: 0x0000000080005ab8 (0x00102ef3) csrrs   t4, fflags, zero
core   0: 1 0x0000000080005ab8 (0x00102ef3) x29 0x0000000000000019
core   0: 0x0000000080005abc (0x00000001) c.nop
core   0: 1 0x0000000080005abc (0x0001)
core   0: 0x0000000080005abe (0x001a9473) csrrw   s0, fflags, s5
core   0: 1 0x0000000080005abe (0x001a9473) x8  0x0000000000000019 c1_fflags 0x000000000000001f
core   0: 0x0000000080005ac2 (0xd225fd53) fcvt.d.l fs10, a1
core   0: 1 0x0000000080005ac2 (0xd225fd53) f26 0x41e80a1cde600000
core   0: 0x0000000080005ac6 (0x0130d0b3) srl     ra, ra, s3
core   0: 1 0x0000000080005ac6 (0x0130d0b3) x1  0x0000000000000000
core   0: 0x0000000080005aca (0xb8c837b7) lui     a5, 0xb8c83
core   0: 1 0x0000000080005aca (0xb8c837b7) x15 0xffffffffb8c83000
core   0: 0x0000000080005ace (0x00000001) c.nop
core   0: 1 0x0000000080005ace (0x0001)
core   0: 0x0000000080005ad0 (0x0219f13b) remuw   sp, s3, ra
core   0: 1 0x0000000080005ad0 (0x0219f13b) x2  0xffffffffffffffff
core   0: 0x0000000080005ad4 (0xd039f4d3) fcvt.s.lu fs1, s3
core   0: 1 0x0000000080005ad4 (0xd039f4d3) c1_fflags 0x000000000000001f f9  0xffffffff5e800000
core   0: 0x0000000080005ad8 (0x026c6933) rem     s2, s8, t1
core   0: 1 0x0000000080005ad8 (0x026c6933) x18 0x000000008000604a
core   0: 0x0000000080005adc (0xfcb99737) lui     a4, 0xfcb99
core   0: 1 0x0000000080005adc (0xfcb99737) x14 0xfffffffffcb99000
core   0: 0x0000000080005ae0 (0x1497071b) addiw   a4, a4, 329
core   0: 1 0x0000000080005ae0 (0x1497071b) x14 0xfffffffffcb99149
core   0: 0x0000000080005ae4 (0x00000736) c.slli  a4, 13
core   0: 1 0x0000000080005ae4 (0x0736) x14 0xffffff9732292000
core   0: 0x0000000080005ae6 (0xd8870713) addi    a4, a4, -632
core   0: 1 0x0000000080005ae6 (0xd8870713) x14 0xffffff9732291d88
core   0: 0x0000000080005aea (0xfc796d93) ori     s11, s2, -57
core   0: 1 0x0000000080005aea (0xfc796d93) x27 0xffffffffffffffcf
core   0: 0x0000000080005aee (0x003b0abb) addw    s5, s6, gp
core   0: 1 0x0000000080005aee (0x003b0abb) x21 0xffffffffffffffff
core   0: 0x0000000080005af2 (0x02680dbb) mulw    s11, a6, t1
core   0: 1 0x0000000080005af2 (0x02680dbb) x27 0x0000000000000000
core   0: 0x0000000080005af6 (0xc03bf953) fcvt.lu.s s2, fs7
core   0: 1 0x0000000080005af6 (0xc03bf953) c1_fflags 0x000000000000001f x18 0xffffffffffffffff
core   0: 0x0000000080005afa (0x2f518093) addi    ra, gp, 757
core   0: 1 0x0000000080005afa (0x2f518093) x1  0x00000000000002f5
core   0: 0x0000000080005afe (0x0ff0000f) fence   iorw,iorw
core   0: 1 0x0000000080005afe (0x0ff0000f)
core   0: 0x0000000080005b02 (0x6af4f2c3) fmadd.d ft5, fs1, fa5, fa3
core   0: 1 0x0000000080005b02 (0x6af4f2c3) f5  0x7ff8000000000000
core   0: 0x0000000080005b06 (0x0294d33b) divuw   t1, s1, s1
core   0: 1 0x0000000080005b06 (0x0294d33b) x6  0x0000000000000001
core   0: 0x0000000080005b0a (0x00179c33) sll     s8, a5, ra
core   0: 1 0x0000000080005b0a (0x00179c33) x24 0x0000000000000000
core   0: 0x0000000080005b0e (0x406c0db3) sub     s11, s8, t1
core   0: 1 0x0000000080005b0e (0x406c0db3) x27 0xffffffffffffffff
core   0: 0x0000000080005b12 (0x1efc6b13) ori     s6, s8, 495
core   0: 1 0x0000000080005b12 (0x1efc6b13) x22 0x00000000000001ef
core   0: 0x0000000080005b16 (0x036cb7b3) mulhu   a5, s9, s6
core   0: 1 0x0000000080005b16 (0x036cb7b3) x15 0x00000000000001ee
core   0: 0x0000000080005b1a (0xf20309d3) fmv.d.x fs3, t1
core   0: 1 0x0000000080005b1a (0xf20309d3) f19 0x0000000000000001
core   0: 0x0000000080005b1e (0xf20b0cd3) fmv.d.x fs9, s6
core   0: 1 0x0000000080005b1e (0xf20b0cd3) f25 0x00000000000001ef
core   0: 0x0000000080005b22 (0x0ff0000f) fence   iorw,iorw
core   0: 1 0x0000000080005b22 (0x0ff0000f)
core   0: 0x0000000080005b26 (0x02f7f2bb) remuw   t0, a5, a5
core   0: 1 0x0000000080005b26 (0x02f7f2bb) x5  0x0000000000000000
core   0: 0x0000000080005b2a (0x004e1d1b) slliw   s10, t3, 4
core   0: 1 0x0000000080005b2a (0x004e1d1b) x26 0x0000000000000000
core   0: 0x0000000080005b2e (0xe2078953) fmv.x.d s2, fa5
core   0: 1 0x0000000080005b2e (0xe2078953) x18 0xbff0000000000000
core   0: 0x0000000080005b32 (0x01566633) or      a2, a2, s5
core   0: 1 0x0000000080005b32 (0x01566633) x12 0xffffffffffffffff
core   0: 0x0000000080005b36 (0xc207fa53) fcvt.w.d s4, fa5
core   0: 1 0x0000000080005b36 (0xc207fa53) x20 0xffffffffffffffff
core   0: 0x0000000080005b3a (0x414951bb) sraw    gp, s2, s4
core   0: 1 0x0000000080005b3a (0x414951bb) x3  0x0000000000000000
core   0: 0x0000000080005b3e (0x41bd8abb) subw    s5, s11, s11
core   0: 1 0x0000000080005b3e (0x41bd8abb) x21 0x0000000000000000
core   0: 0x0000000080005b42 (0x2bfb8bd3) fmin.d  fs7, fs7, ft11
core   0: 1 0x0000000080005b42 (0x2bfb8bd3) f23 0x0000000000000000
core   0: 0x0000000080005b46 (0x00f927b3) slt     a5, s2, a5
core   0: 1 0x0000000080005b46 (0x00f927b3) x15 0x0000000000000001
core   0: 0x0000000080005b4a (0x7b010737) lui     a4, 0x7b010
core   0: 1 0x0000000080005b4a (0x7b010737) x14 0x000000007b010000
core   0: 0x0000000080005b4e (0xd2108c53) fcvt.d.wu fs8, ra
core   0: 1 0x0000000080005b4e (0xd2108c53) f24 0x4087a80000000000
core   0: 0x0000000080005b52 (0x41e8d69b) sraiw   a3, a7, 30
core   0: 1 0x0000000080005b52 (0x41e8d69b) x13 0xffffffffffffffff
core   0: 0x0000000080005b56 (0x0070003b) addw    zero, zero, t2
core   0: 1 0x0000000080005b56 (0x0070003b)
core   0: 0x0000000080005b5a (0x0373fe3b) remuw   t3, t2, s7
core   0: 1 0x0000000080005b5a (0x0373fe3b) x28 0x0000000000000000
core   0: 0x0000000080005b5e (0x03bd713b) remuw   sp, s10, s11
core   0: 1 0x0000000080005b5e (0x03bd713b) x2  0x0000000000000000
core   0: 0x0000000080005b62 (0x006ce333) or      t1, s9, t1
core   0: 1 0x0000000080005b62 (0x006ce333) x6  0xffffffffd3000fff
core   0: 0x0000000080005b66 (0x002cad33) slt     s10, s9, sp
core   0: 1 0x0000000080005b66 (0x002cad33) x26 0x0000000000000001
core   0: 0x0000000080005b6a (0x23f32353) fsgnjx.d ft6, ft6, ft11
core   0: 1 0x0000000080005b6a (0x23f32353) f6  0xffffffff00000000
core   0: 0x0000000080005b6e (0x13737053) fmul.d  ft0, ft6, fs7
core   0: 1 0x0000000080005b6e (0x13737053) f0  0x7ff8000000000000
core   0: 0x0000000080005b72 (0x1ac4f753) fdiv.d  fa4, fs1, fa2
core   0: 1 0x0000000080005b72 (0x1ac4f753) f14 0x7ff8000000000000
core   0: 0x0000000080005b76 (0x00548cbb) addw    s9, s1, t0
core   0: 1 0x0000000080005b76 (0x00548cbb) x25 0xffffffffd3001358
core   0: 0x0000000080005b7a (0x01b11133) sll     sp, sp, s11
core   0: 1 0x0000000080005b7a (0x01b11133) x2  0x0000000000000000
core   0: 0x0000000080005b7e (0x02e70eb3) mul     t4, a4, a4
core   0: 1 0x0000000080005b7e (0x02e70eb3) x29 0x3b19f60100000000
core   0: 0x0000000080005b82 (0x017e131b) slliw   t1, t3, 23
core   0: 1 0x0000000080005b82 (0x017e131b) x6  0x0000000000000000
core   0: 0x0000000080005b86 (0x239617d3) fsgnjn.d fa5, fa2, fs9
core   0: 1 0x0000000080005b86 (0x239617d3) f15 0xffffffff7fc00000
core   0: 0x0000000080005b8a (0x1276f3d3) fmul.d  ft7, fa3, ft7
core   0: 1 0x0000000080005b8a (0x1276f3d3) f7  0x7ff8000000000000
core   0: 0x0000000080005b8e (0x41d35d3b) sraw    s10, t1, t4
core   0: 1 0x0000000080005b8e (0x41d35d3b) x26 0x0000000000000000
core   0: 0x0000000080005b92 (0x02d0b633) mulhu   a2, ra, a3
core   0: 1 0x0000000080005b92 (0x02d0b633) x12 0x00000000000002f4
core   0: 0x0000000080005b96 (0x2a1180d3) fmin.d  ft1, ft3, ft1
core   0: 1 0x0000000080005b96 (0x2a1180d3) f1  0x7ff8000000000000
core   0: 0x0000000080005b9a (0x846275b7) lui     a1, 0x84627
core   0: 1 0x0000000080005b9a (0x846275b7) x11 0xffffffff84627000
core   0: 0x0000000080005b9e (0x22d0aad3) fsgnjx.d fs5, ft1, fa3
core   0: 1 0x0000000080005b9e (0x22d0aad3) f21 0x7ff8000000000000
core   0: 0x0000000080005ba2 (0x00000001) c.nop
core   0: 1 0x0000000080005ba2 (0x0001)
core   0: 0x0000000080005ba4 (0x0210ea33) rem     s4, ra, ra
core   0: 1 0x0000000080005ba4 (0x0210ea33) x20 0x0000000000000000
core   0: 0x0000000080005ba8 (0xc215f1d3) fcvt.wu.d gp, fa1
core   0: 1 0x0000000080005ba8 (0xc215f1d3) c1_fflags 0x000000000000001f x3  0xffffffffffffffff
core   0: 0x0000000080005bac (0x00102573) csrrs   a0, fflags, zero
core   0: 1 0x0000000080005bac (0x00102573) x10 0x000000000000001f
core   0: 0x0000000080005bb0 (0x4a1b74c7) fmsub.d fs1, fs6, ft1, fs1
core   0: 1 0x0000000080005bb0 (0x4a1b74c7) f9  0x7ff8000000000000
core   0: 0x0000000080005bb4 (0x007b5b3b) srlw    s6, s6, t2
core   0: 1 0x0000000080005bb4 (0x007b5b3b) x22 0x0000000000000000
core   0: 0x0000000080005bb8 (0x016e143b) sllw    s0, t3, s6
core   0: 1 0x0000000080005bb8 (0x016e143b) x8  0x0000000000000000
core   0: 0x0000000080005bbc (0x83e17247) fmsub.d ft4, ft2, ft10, fa6
core   0: 1 0x0000000080005bbc (0x83e17247) f4  0x7ff8000000000000
core   0: 0x0000000080005bc0 (0x235aad53) fsgnjx.d fs10, fs5, fs5
core   0: 1 0x0000000080005bc0 (0x235aad53) f26 0x7ff8000000000000
core   0: 0x0000000080005bc4 (0x01d4033b) addw    t1, s0, t4
core   0: 1 0x0000000080005bc4 (0x01d4033b) x6  0x0000000000000000
core   0: 0x0000000080005bc8 (0x017c6bb3) or      s7, s8, s7
core   0: 1 0x0000000080005bc8 (0x017c6bb3) x23 0x0000000000000001
core   0: 0x0000000080005bcc (0x03703e33) mulhu   t3, zero, s7
core   0: 1 0x0000000080005bcc (0x03703e33) x28 0x0000000000000000
core   0: 0x0000000080005bd0 (0xf3027bc3) fmadd.d fs7, ft4, fa6, ft10
core   0: 1 0x0000000080005bd0 (0xf3027bc3) f23 0x7ff8000000000000
core   0: 0x0000000080005bd4 (0x00000001) c.nop
core   0: 1 0x0000000080005bd4 (0x0001)
core   0: 0x0000000080005bd6 (0x1a4271d3) fdiv.d  ft3, ft4, ft4
core   0: 1 0x0000000080005bd6 (0x1a4271d3) f3  0x7ff8000000000000
core   0: 0x0000000080005bda (0x42018653) fcvt.d.s fa2, ft3
core   0: 1 0x0000000080005bda (0x42018653) f12 0x7ff8000000000000
core   0: 0x0000000080005bde (0x320cbc73) csrrc   s8, mcountinhibit, s9
core   0: exception trap_illegal_instruction, epc 0x0000000080005bde
core   0:           tval 0x00000000320cbc73
core   0: >>>>  $xrv64i2p1_m2p0_a2p1_f2p2_d2p2_zicsr2p0_zifencei2p0_zmmul1p0_zba1p0_zbb1p0_zbc1p0_zbs1p0
core   0: 0x0000000080004000 (0x0080006f) j       pc + 0x8
core   0: 3 0x0000000080004000 (0x0080006f)
core   0: >>>>  mmode_exception_handler
core   0: 0x0000000080004008 (0x00002c17) auipc   s8, 0x2
core   0: 3 0x0000000080004008 (0x00002c17) x24 0x0000000080006008
core   0: 0x000000008000400c (0x042c0c13) addi    s8, s8, 66
core   0: 3 0x000000008000400c (0x042c0c13) x24 0x000000008000604a
core   0: 0x0000000080004010 (0x000c00e7) jalr    s8
core   0: 3 0x0000000080004010 (0x000c00e7) x1  0x0000000080004014
core   0: >>>>  any_handler
core   0: 0x000000008000604a (0x341027f3) csrrs   a5, mepc, zero
core   0: 3 0x000000008000604a (0x341027f3) x15 0x0000000080005bde
core   0: 0x000000008000604e (0x34202773) csrrs   a4, mcause, zero
core   0: 3 0x000000008000604e (0x34202773) x14 0x0000000000000002
core   0: 0x0000000080006052 (0x142026f3) csrrs   a3, scause, zero
core   0: 3 0x0000000080006052 (0x142026f3) x13 0xfffffffffffffca7
core   0: 0x0000000080006056 (0x30402673) csrrs   a2, mie, zero
core   0: 3 0x0000000080006056 (0x30402673) x12 0x0000000000000a00
core   0: 0x000000008000605a (0x344025f3) csrrs   a1, mip, zero
core   0: 3 0x000000008000605a (0x344025f3) x11 0x0000000000000080
core   0: 0x000000008000605e (0x343025f3) csrrs   a1, mtval, zero
core   0: 3 0x000000008000605e (0x343025f3) x11 0x00000000320cbc73
core   0: 0x0000000080006062 (0x14302573) csrrs   a0, stval, zero
core   0: 3 0x0000000080006062 (0x14302573) x10 0x0000000000000000
core   0: 0x0000000080006066 (0xb02024f3) csrrs   s1, minstret, zero
core   0: 3 0x0000000080006066 (0xb02024f3) x9  0x0000000000001061
core   0: 0x000000008000606a (0x0000a811) c.j     pc + 20
core   0: 3 0x000000008000606a (0xa811)
core   0: >>>>  mepc_4
core   0: 0x000000008000607e (0x00000791) c.addi  a5, 4
core   0: 3 0x000000008000607e (0x0791) x15 0x0000000080005be2
core   0: 0x0000000080006080 (0x34179073) csrrw   zero, mepc, a5
core   0: 3 0x0000000080006080 (0x34179073) c833_mepc 0x0000000080005be2
core   0: 0x0000000080006084 (0x30200073) mret
core   0: 3 0x0000000080006084 (0x30200073) c768_mstatus 0x8000000a001c61a2
core   0: 0x0000000080005be2 (0xba33f843) fmadd.d fa6, ft7, ft3, fs7
core   0: 1 0x0000000080005be2 (0xba33f843) f16 0x7ff8000000000000
core   0: 0x0000000080005be6 (0xd9abea93) ori     s5, s7, -614
core   0: 1 0x0000000080005be6 (0xd9abea93) x21 0xfffffffffffffd9b
core   0: 0x0000000080005bea (0x4ba50b13) addi    s6, a0, 1210
core   0: 1 0x0000000080005bea (0x4ba50b13) x22 0x00000000000004ba
core   0: 0x0000000080005bee (0x2a9af1cb) fnmsub.d ft3, fs5, fs1, ft5
core   0: 1 0x0000000080005bee (0x2a9af1cb) f3  0x7ff8000000000000
core   0: 0x0000000080005bf2 (0x023ad0bb) divuw   ra, s5, gp
core   0: 1 0x0000000080005bf2 (0x023ad0bb) x1  0x0000000000000000
core   0: 0x0000000080005bf6 (0x1a2c7a53) fdiv.d  fs4, fs8, ft2
core   0: 1 0x0000000080005bf6 (0x1a2c7a53) f20 0xc087a80000000000
core   0: 0x0000000080005bfa (0x40cb543b) sraw    s0, s6, a2
core   0: 1 0x0000000080005bfa (0x40cb543b) x8  0x00000000000004ba
core   0: 0x0000000080005bfe (0x01fd111b) slliw   sp, s10, 31
core   0: 1 0x0000000080005bfe (0x01fd111b) x2  0x0000000000000000
core   0: 0x0000000080005c02 (0x223c8bd3) fsgnj.d fs7, fs9, ft3
core   0: 1 0x0000000080005c02 (0x223c8bd3) f23 0x00000000000001ef
core   0: 0x0000000080005c06 (0x2bf311d3) fmax.d  ft3, ft6, ft11
core   0: 1 0x0000000080005c06 (0x2bf311d3) f3  0x0000000000000000
core   0: 0x0000000080005c0a (0x0042fcb3) and     s9, t0, tp
core   0: 1 0x0000000080005c0a (0x0042fcb3) x25 0x0000000000000000
core   0: 0x0000000080005c0e (0x001194f3) csrrw   s1, fflags, gp
core   0: 1 0x0000000080005c0e (0x001194f3) x9  0x000000000000001f c1_fflags 0x000000000000001f
core   0: 0x0000000080005c12 (0x400d5d1b) sraiw   s10, s10, 0
core   0: 1 0x0000000080005c12 (0x400d5d1b) x26 0x0000000000000000
core   0: 0x0000000080005c16 (0x7b2d4413) xori    s0, s10, 1970
core   0: 1 0x0000000080005c16 (0x7b2d4413) x8  0x00000000000007b2
core   0: 0x0000000080005c1a (0x00a1e1b3) or      gp, gp, a0
core   0: 1 0x0000000080005c1a (0x00a1e1b3) x3  0xffffffffffffffff
core   0: 0x0000000080005c1e (0x002412f3) csrrw   t0, frm, s0
core   0: 1 0x0000000080005c1e (0x002412f3) x5  0x0000000000000000 c2_frm 0x0000000000000002
core   0: 0x0000000080005c22 (0x41bc8cbb) subw    s9, s9, s11
core   0: 1 0x0000000080005c22 (0x41bc8cbb) x25 0x0000000000000001
core   0: 0x0000000080005c26 (0x03aa73bb) remuw   t2, s4, s10
core   0: 1 0x0000000080005c26 (0x03aa73bb) x7  0x0000000000000000
core   0: 0x0000000080005c2a (0x00202bf3) csrrs   s7, frm, zero
core   0: 1 0x0000000080005c2a (0x00202bf3) x23 0x0000000000000002
core   0: 0x0000000080005c2e (0x417453b3) sra     t2, s0, s7
core   0: 1 0x0000000080005c2e (0x417453b3) x7  0x00000000000001ec
core   0: 0x0000000080005c32 (0xf20b8953) fmv.d.x fs2, s7
core   0: 1 0x0000000080005c32 (0xf20b8953) f18 0x0000000000000002
core   0: 0x0000000080005c36 (0x036d1b33) mulh    s6, s10, s6
core   0: 1 0x0000000080005c36 (0x036d1b33) x22 0x0000000000000000
core   0: 0x0000000080005c3a (0x40f783bb) subw    t2, a5, a5
core   0: 1 0x0000000080005c3a (0x40f783bb) x7  0x0000000000000000
core   0: 0x0000000080005c3e (0x0009929b) slliw   t0, s3, 0
core   0: 1 0x0000000080005c3e (0x0009929b) x5  0xffffffffffffffff
core   0: 0x0000000080005c42 (0x01fd9d9b) slliw   s11, s11, 31
core   0: 1 0x0000000080005c42 (0x01fd9d9b) x27 0xffffffff80000000
core   0: 0x0000000080005c46 (0xa2678d53) fle.d   s10, fa5, ft6
core   0: 1 0x0000000080005c46 (0xa2678d53) c1_fflags 0x000000000000001f x26 0x0000000000000000
core   0: 0x0000000080005c4a (0xc03376d3) fcvt.lu.s a3, ft6
core   0: 1 0x0000000080005c4a (0xc03376d3) x13 0x0000000000000000
core   0: 0x0000000080005c4e (0x02f848b3) div     a7, a6, a5
core   0: 1 0x0000000080005c4e (0x02f848b3) x17 0x0000000000000000
core   0: 0x0000000080005c52 (0x00000001) c.nop
core   0: 1 0x0000000080005c52 (0x0001)
core   0: 0x0000000080005c54 (0xd71790b7) lui     ra, 0xd7179
core   0: 1 0x0000000080005c54 (0xd71790b7) x1  0xffffffffd7179000
core   0: 0x0000000080005c58 (0xc0463df3) csrrc   s11, hpmcounter4, a2
core   0: exception trap_illegal_instruction, epc 0x0000000080005c58
core   0:           tval 0x00000000c0463df3
core   0: >>>>  $xrv64i2p1_m2p0_a2p1_f2p2_d2p2_zicsr2p0_zifencei2p0_zmmul1p0_zba1p0_zbb1p0_zbc1p0_zbs1p0
core   0: 0x0000000080004000 (0x0080006f) j       pc + 0x8
core   0: 3 0x0000000080004000 (0x0080006f)
core   0: >>>>  mmode_exception_handler
core   0: 0x0000000080004008 (0x00002c17) auipc   s8, 0x2
core   0: 3 0x0000000080004008 (0x00002c17) x24 0x0000000080006008
core   0: 0x000000008000400c (0x042c0c13) addi    s8, s8, 66
core   0: 3 0x000000008000400c (0x042c0c13) x24 0x000000008000604a
core   0: 0x0000000080004010 (0x000c00e7) jalr    s8
core   0: 3 0x0000000080004010 (0x000c00e7) x1  0x0000000080004014
core   0: >>>>  any_handler
core   0: 0x000000008000604a (0x341027f3) csrrs   a5, mepc, zero
core   0: 3 0x000000008000604a (0x341027f3) x15 0x0000000080005c58
core   0: 0x000000008000604e (0x34202773) csrrs   a4, mcause, zero
core   0: 3 0x000000008000604e (0x34202773) x14 0x0000000000000002
core   0: 0x0000000080006052 (0x142026f3) csrrs   a3, scause, zero
core   0: 3 0x0000000080006052 (0x142026f3) x13 0xfffffffffffffca7
core   0: 0x0000000080006056 (0x30402673) csrrs   a2, mie, zero
core   0: 3 0x0000000080006056 (0x30402673) x12 0x0000000000000a00
core   0: 0x000000008000605a (0x344025f3) csrrs   a1, mip, zero
core   0: 3 0x000000008000605a (0x344025f3) x11 0x0000000000000080
core   0: 0x000000008000605e (0x343025f3) csrrs   a1, mtval, zero
core   0: 3 0x000000008000605e (0x343025f3) x11 0x00000000c0463df3
core   0: 0x0000000080006062 (0x14302573) csrrs   a0, stval, zero
core   0: 3 0x0000000080006062 (0x14302573) x10 0x0000000000000000
core   0: 0x0000000080006066 (0xb02024f3) csrrs   s1, minstret, zero
core   0: 3 0x0000000080006066 (0xb02024f3) x9  0x000000000000108f
core   0: 0x000000008000606a (0x0000a811) c.j     pc + 20
core   0: 3 0x000000008000606a (0xa811)
core   0: >>>>  mepc_4
core   0: 0x000000008000607e (0x00000791) c.addi  a5, 4
core   0: 3 0x000000008000607e (0x0791) x15 0x0000000080005c5c
core   0: 0x0000000080006080 (0x34179073) csrrw   zero, mepc, a5
core   0: 3 0x0000000080006080 (0x34179073) c833_mepc 0x0000000080005c5c
core   0: 0x0000000080006084 (0x30200073) mret
core   0: 3 0x0000000080006084 (0x30200073) c768_mstatus 0x8000000a001c61a2
core   0: 0x0000000080005c5c (0x00e3e2b3) or      t0, t2, a4
core   0: 1 0x0000000080005c5c (0x00e3e2b3) x5  0x0000000000000002
core   0: 0x0000000080005c60 (0xfc402837) lui     a6, 0xfc402
core   0: 1 0x0000000080005c60 (0xfc402837) x16 0xfffffffffc402000
core   0: 0x0000000080005c64 (0xb9f8081b) addiw   a6, a6, -1121
core   0: 1 0x0000000080005c64 (0xb9f8081b) x16 0xfffffffffc401b9f
core   0: 0x0000000080005c68 (0x00000832) c.slli  a6, 12
core   0: 1 0x0000000080005c68 (0x0832) x16 0xffffffc401b9f000
core   0: 0x0000000080005c6a (0xb4980813) addi    a6, a6, -1207
core   0: 1 0x0000000080005c6a (0xb4980813) x16 0xffffffc401b9eb49
core   0: 0x0000000080005c6e (0x0128573b) srlw    a4, a6, s2
core   0: 1 0x0000000080005c6e (0x0128573b) x14 0x0000000001b9eb49
core   0: 0x0000000080005c72 (0xc6a4c493) xori    s1, s1, -918
core   0: 1 0x0000000080005c72 (0xc6a4c493) x9  0xffffffffffffece5
core   0: 0x0000000080005c76 (0x001c1c73) csrrw   s8, fflags, s8
core   0: 1 0x0000000080005c76 (0x001c1c73) x24 0x000000000000001f c1_fflags 0x000000000000000a
core   0: 0x0000000080005c7a (0x02338933) mul     s2, t2, gp
core   0: 1 0x0000000080005c7a (0x02338933) x18 0x0000000000000000
core   0: 0x0000000080005c7e (0x2a2a0553) fmin.d  fa0, fs4, ft2
core   0: 1 0x0000000080005c7e (0x2a2a0553) f10 0xc087a80000000000
core   0: 0x0000000080005c82 (0x226787d3) fsgnj.d fa5, fa5, ft6
core   0: 1 0x0000000080005c82 (0x226787d3) f15 0xffffffff7fc00000
core   0: 0x0000000080005c86 (0x03307033) remu    zero, zero, s3
core   0: 1 0x0000000080005c86 (0x03307033)
core   0: 0x0000000080005c8a (0x41f85e1b) sraiw   t3, a6, 31
core   0: 1 0x0000000080005c8a (0x41f85e1b) x28 0x0000000000000000
core   0: 0x0000000080005c8e (0x00cdcdb3) xor     s11, s11, a2
core   0: 1 0x0000000080005c8e (0x00cdcdb3) x27 0xffffffff80000a00
core   0: 0x0000000080005c92 (0x003e50bb) srlw    ra, t3, gp
core   0: 1 0x0000000080005c92 (0x003e50bb) x1  0x0000000000000000
core   0: 0x0000000080005c96 (0x41fa5e9b) sraiw   t4, s4, 31
core   0: 1 0x0000000080005c96 (0x41fa5e9b) x29 0x0000000000000000
core   0: 0x0000000080005c9a (0x024bc633) div     a2, s7, tp
core   0: 1 0x0000000080005c9a (0x024bc633) x12 0x0000000000000002
core   0: 0x0000000080005c9e (0x40e3db9b) sraiw   s7, t2, 14
core   0: 1 0x0000000080005c9e (0x40e3db9b) x23 0x0000000000000000
core   0: 0x0000000080005ca2 (0x0164ab33) slt     s6, s1, s6
core   0: 1 0x0000000080005ca2 (0x0164ab33) x22 0x0000000000000001
core   0: 0x0000000080005ca6 (0x001028f3) csrrs   a7, fflags, zero
core   0: 1 0x0000000080005ca6 (0x001028f3) x17 0x000000000000000a
core   0: 0x0000000080005caa (0x41d88ebb) subw    t4, a7, t4
core   0: 1 0x0000000080005caa (0x41d88ebb) x29 0x000000000000000a
core   0: 0x0000000080005cae (0x00e7e4b3) or      s1, a5, a4
core   0: 1 0x0000000080005cae (0x00e7e4b3) x9  0x0000000081b9ff5d
core   0: 0x0000000080005cb2 (0x503d2217) auipc   tp, 0x503d2
core   0: 1 0x0000000080005cb2 (0x503d2217) x4  0x00000000d03d7cb2
core   0: 0x0000000080005cb6 (0x0061ccb3) xor     s9, gp, t1
core   0: 1 0x0000000080005cb6 (0x0061ccb3) x25 0xffffffffffffffff
core   0: 0x0000000080005cba (0xffb66e37) lui     t3, 0xffb66
core   0: 1 0x0000000080005cba (0xffb66e37) x28 0xffffffffffb66000
core   0: 0x0000000080005cbe (0xd6fe0e1b) addiw   t3, t3, -657
core   0: 1 0x0000000080005cbe (0xd6fe0e1b) x28 0xffffffffffb65d6f
core   0: 0x0000000080005cc2 (0x00000e36) c.slli  t3, 13
core   0: 1 0x0000000080005cc2 (0x0e36) x28 0xfffffff6cbade000
core   0: 0x0000000080005cc4 (0xec9e0e13) addi    t3, t3, -311
core   0: 1 0x0000000080005cc4 (0xec9e0e13) x28 0xfffffff6cbaddec9
core   0: 0x0000000080005cc8 (0x03460bbb) mulw    s7, a2, s4
core   0: 1 0x0000000080005cc8 (0x03460bbb) x23 0x0000000000000000
core   0: 0x0000000080005ccc (0x42030653) fcvt.d.s fa2, ft6
core   0: 1 0x0000000080005ccc (0x42030653) f12 0x0000000000000000
core   0: 0x0000000080005cd0 (0x024bc233) div     tp, s7, tp
core   0: 1 0x0000000080005cd0 (0x024bc233) x4  0x0000000000000000
core   0: 0x0000000080005cd4 (0x40cd5393) srai    t2, s10, 12
core   0: 1 0x0000000080005cd4 (0x40cd5393) x7  0x0000000000000000
core   0: 0x0000000080005cd8 (0x01148cb3) add     s9, s1, a7
core   0: 1 0x0000000080005cd8 (0x01148cb3) x25 0x0000000081b9ff67
core   0: 0x0000000080005cdc (0x2a260753) fmin.d  fa4, fa2, ft2
core   0: 1 0x0000000080005cdc (0x2a260753) f14 0xbff0000000000000
core   0: 0x0000000080005ce0 (0x02c153b3) divu    t2, sp, a2
core   0: 1 0x0000000080005ce0 (0x02c153b3) x7  0x0000000000000000
core   0: 0x0000000080005ce4 (0x007daab3) slt     s5, s11, t2
core   0: 1 0x0000000080005ce4 (0x007daab3) x21 0x0000000000000001
core   0: 0x0000000080005ce8 (0x00000001) c.nop
core   0: 1 0x0000000080005ce8 (0x0001)
core   0: 0x0000000080005cea (0x1a98f953) fdiv.d  fs2, fa7, fs1
core   0: 1 0x0000000080005cea (0x1a98f953) f18 0x7ff8000000000000
core   0: 0x0000000080005cee (0x00102873) csrrs   a6, fflags, zero
core   0: 1 0x0000000080005cee (0x00102873) x16 0x000000000000000a
core   0: 0x0000000080005cf2 (0xc0217b53) fcvt.l.s s6, ft2
core   0: 1 0x0000000080005cf2 (0xc0217b53) c1_fflags 0x000000000000001a x22 0x7fffffffffffffff
core   0: 0x0000000080005cf6 (0xedf57513) andi    a0, a0, -289
core   0: 1 0x0000000080005cf6 (0xedf57513) x10 0x0000000000000000
core   0: 0x0000000080005cfa (0x19242eb7) lui     t4, 0x19242
core   0: 1 0x0000000080005cfa (0x19242eb7) x29 0x0000000019242000
core   0: 0x0000000080005cfe (0x033efdbb) remuw   s11, t4, s3
core   0: 1 0x0000000080005cfe (0x033efdbb) x27 0x0000000019242000
core   0: 0x0000000080005d02 (0xe2010753) fmv.x.d a4, ft2
core   0: 1 0x0000000080005d02 (0xe2010753) x14 0xbff0000000000000
core   0: 0x0000000080005d06 (0x0adff353) fsub.d  ft6, ft11, fa3
core   0: 1 0x0000000080005d06 (0x0adff353) f6  0x7ff8000000000000
core   0: 0x0000000080005d0a (0x2b1096d3) fmax.d  fa3, ft1, fa7
core   0: 1 0x0000000080005d0a (0x2b1096d3) f13 0x0000000000000000
core   0: 0x0000000080005d0e (0xc21474d3) fcvt.wu.d s1, fs0
core   0: 1 0x0000000080005d0e (0xc21474d3) c1_fflags 0x000000000000001a x9  0xffffffffffffffff
core   0: 0x0000000080005d12 (0x2a707a93) andi    s5, zero, 679
core   0: 1 0x0000000080005d12 (0x2a707a93) x21 0x0000000000000000
core   0: 0x0000000080005d16 (0x231c8cd3) fsgnj.d fs9, fs9, fa7
core   0: 1 0x0000000080005d16 (0x231c8cd3) f25 0x00000000000001ef
core   0: 0x0000000080005d1a (0x000099a6) c.add   s3, s1
core   0: 1 0x0000000080005d1a (0x99a6) x19 0x3ffffffffffffffe
core   0: 0x0000000080005d1c (0x03299013) slli    zero, s3, 50
core   0: 1 0x0000000080005d1c (0x03299013)
core   0: 0x0000000080005d20 (0x55de5597) auipc   a1, 0x55de5
core   0: 1 0x0000000080005d20 (0x55de5597) x11 0x00000000d5dead20
core   0: 0x0000000080005d24 (0xf11fd0f3) csrrwi  ra, mvendorid, 31
core   0: exception trap_illegal_instruction, epc 0x0000000080005d24
core   0:           tval 0x00000000f11fd0f3
core   0: >>>>  $xrv64i2p1_m2p0_a2p1_f2p2_d2p2_zicsr2p0_zifencei2p0_zmmul1p0_zba1p0_zbb1p0_zbc1p0_zbs1p0
core   0: 0x0000000080004000 (0x0080006f) j       pc + 0x8
core   0: 3 0x0000000080004000 (0x0080006f)
core   0: >>>>  mmode_exception_handler
core   0: 0x0000000080004008 (0x00002c17) auipc   s8, 0x2
core   0: 3 0x0000000080004008 (0x00002c17) x24 0x0000000080006008
core   0: 0x000000008000400c (0x042c0c13) addi    s8, s8, 66
core   0: 3 0x000000008000400c (0x042c0c13) x24 0x000000008000604a
core   0: 0x0000000080004010 (0x000c00e7) jalr    s8
core   0: 3 0x0000000080004010 (0x000c00e7) x1  0x0000000080004014
core   0: >>>>  any_handler
core   0: 0x000000008000604a (0x341027f3) csrrs   a5, mepc, zero
core   0: 3 0x000000008000604a (0x341027f3) x15 0x0000000080005d24
core   0: 0x000000008000604e (0x34202773) csrrs   a4, mcause, zero
core   0: 3 0x000000008000604e (0x34202773) x14 0x0000000000000002
core   0: 0x0000000080006052 (0x142026f3) csrrs   a3, scause, zero
core   0: 3 0x0000000080006052 (0x142026f3) x13 0xfffffffffffffca7
core   0: 0x0000000080006056 (0x30402673) csrrs   a2, mie, zero
core   0: 3 0x0000000080006056 (0x30402673) x12 0x0000000000000a00
core   0: 0x000000008000605a (0x344025f3) csrrs   a1, mip, zero
core   0: 3 0x000000008000605a (0x344025f3) x11 0x0000000000000080
core   0: 0x000000008000605e (0x343025f3) csrrs   a1, mtval, zero
core   0: 3 0x000000008000605e (0x343025f3) x11 0x00000000f11fd0f3
core   0: 0x0000000080006062 (0x14302573) csrrs   a0, stval, zero
core   0: 3 0x0000000080006062 (0x14302573) x10 0x0000000000000000
core   0: 0x0000000080006066 (0xb02024f3) csrrs   s1, minstret, zero
core   0: 3 0x0000000080006066 (0xb02024f3) x9  0x00000000000010d3
core   0: 0x000000008000606a (0x0000a811) c.j     pc + 20
core   0: 3 0x000000008000606a (0xa811)
core   0: >>>>  mepc_4
core   0: 0x000000008000607e (0x00000791) c.addi  a5, 4
core   0: 3 0x000000008000607e (0x0791) x15 0x0000000080005d28
core   0: 0x0000000080006080 (0x34179073) csrrw   zero, mepc, a5
core   0: 3 0x0000000080006080 (0x34179073) c833_mepc 0x0000000080005d28
core   0: 0x0000000080006084 (0x30200073) mret
core   0: 3 0x0000000080006084 (0x30200073) c768_mstatus 0x8000000a001c61a2
core   0: 0x0000000080005d28 (0xc038fa53) fcvt.lu.s s4, fa7
core   0: 1 0x0000000080005d28 (0xc038fa53) c1_fflags 0x000000000000001a x20 0xffffffffffffffff
core   0: 0x0000000080005d2c (0x00102773) csrrs   a4, fflags, zero
core   0: 1 0x0000000080005d2c (0x00102773) x14 0x000000000000001a
core   0: 0x0000000080005d30 (0x021cfc53) fadd.d  fs8, fs9, ft1
core   0: 1 0x0000000080005d30 (0x021cfc53) f24 0x7ff8000000000000
core   0: 0x0000000080005d34 (0x003a5d33) srl     s10, s4, gp
core   0: 1 0x0000000080005d34 (0x003a5d33) x26 0x0000000000000001
core   0: 0x0000000080005d38 (0x1a0c78d3) fdiv.d  fa7, fs8, ft0
core   0: 1 0x0000000080005d38 (0x1a0c78d3) f17 0x7ff8000000000000
core   0: 0x0000000080005d3c (0x01f9d01b) srliw   zero, s3, 31
core   0: 1 0x0000000080005d3c (0x01f9d01b)
core   0: 0x0000000080005d40 (0x034df233) remu    tp, s11, s4
core   0: 1 0x0000000080005d40 (0x034df233) x4  0x0000000019242000
core   0: 0x0000000080005d44 (0x00009e72) c.add   t3, t3
core   0: 1 0x0000000080005d44 (0x9e72) x28 0xffffffed975bbd92
core   0: 0x0000000080005d46 (0x2abc0ed3) fmin.d  ft9, fs8, fa1
core   0: 1 0x0000000080005d46 (0x2abc0ed3) f29 0x7ff8000000000000
core   0: 0x0000000080005d4a (0xc03c7dd3) fcvt.lu.s s11, fs8
core   0: 1 0x0000000080005d4a (0xc03c7dd3) c1_fflags 0x000000000000001a x27 0xffffffffffffffff
core   0: 0x0000000080005d4e (0x01a15113) srli    sp, sp, 26
core   0: 1 0x0000000080005d4e (0x01a15113) x2  0x0000000000000000
core   0: 0x0000000080005d52 (0x017d5713) srli    a4, s10, 23
core   0: 1 0x0000000080005d52 (0x017d5713) x14 0x0000000000000000
core   0: 0x0000000080005d56 (0xc03efb53) fcvt.lu.s s6, ft9
core   0: 1 0x0000000080005d56 (0xc03efb53) c1_fflags 0x000000000000001a x22 0xffffffffffffffff
core   0: 0x0000000080005d5a (0x008595bb) sllw    a1, a1, s0
core   0: 1 0x0000000080005d5a (0x008595bb) x11 0x0000000043cc0000
core   0: 0x0000000080005d5e (0x00b5aab3) slt     s5, a1, a1
core   0: 1 0x0000000080005d5e (0x00b5aab3) x21 0x0000000000000000
core   0: 0x0000000080005d62 (0x1050fb73) csrrci  s6, stvec, 1
core   0: 1 0x0000000080005d62 (0x1050fb73) x22 0x0000000000000000 c261_stvec 0x0000000000000000
core   0: 0x0000000080005d66 (0x3e46a397) auipc   t2, 0x3e46a
core   0: 1 0x0000000080005d66 (0x3e46a397) x7  0x00000000be46fd66
core   0: 0x0000000080005d6a (0x01d6c6b3) xor     a3, a3, t4
core   0: 1 0x0000000080005d6a (0x01d6c6b3) x13 0xffffffffe6dbdca7
core   0: 0x0000000080005d6e (0xd22579d3) fcvt.d.l fs3, a0
core   0: 1 0x0000000080005d6e (0xd22579d3) f19 0x0000000000000000
core   0: 0x0000000080005d72 (0x008407bb) addw    a5, s0, s0
core   0: 1 0x0000000080005d72 (0x008407bb) x15 0x0000000000000f64
core   0: 0x0000000080005d76 (0xe1067eb7) lui     t4, 0xe1067
core   0: 1 0x0000000080005d76 (0xe1067eb7) x29 0xffffffffe1067000
core   0: 0x0000000080005d7a (0xd039fbd3) fcvt.s.lu fs7, s3
core   0: 1 0x0000000080005d7a (0xd039fbd3) c1_fflags 0x000000000000001b f23 0xffffffff5e7fffff
core   0: 0x0000000080005d7e (0x01f7541b) srliw   s0, a4, 31
core   0: 1 0x0000000080005d7e (0x01f7541b) x8  0x0000000000000000
core   0: 0x0000000080005d82 (0xd23ef2d3) fcvt.d.lu ft5, t4
core   0: 1 0x0000000080005d82 (0xd23ef2d3) f5  0x43effffffffc20ce
core   0: 0x0000000080005d86 (0xa23f07d3) fle.d   a5, ft10, ft3
core   0: 1 0x0000000080005d86 (0xa23f07d3) c1_fflags 0x000000000000001b x15 0x0000000000000000
core   0: 0x0000000080005d8a (0xd228f3d3) fcvt.d.l ft7, a7
core   0: 1 0x0000000080005d8a (0xd228f3d3) f7  0x4024000000000000
core   0: 0x0000000080005d8e (0x000b9b9b) slliw   s7, s7, 0
core   0: 1 0x0000000080005d8e (0x000b9b9b) x23 0x0000000000000000
core   0: 0x0000000080005d92 (0x00e48cb3) add     s9, s1, a4
core   0: 1 0x0000000080005d92 (0x00e48cb3) x25 0x00000000000010d3
core   0: 0x0000000080005d96 (0x023d6d3b) remw    s10, s10, gp
core   0: 1 0x0000000080005d96 (0x023d6d3b) x26 0x0000000000000000
core   0: 0x0000000080005d9a (0xfc71d337) lui     t1, 0xfc71d
core   0: 1 0x0000000080005d9a (0xfc71d337) x6  0xfffffffffc71d000
core   0: 0x0000000080005d9e (0x0c33031b) addiw   t1, t1, 195
core   0: 1 0x0000000080005d9e (0x0c33031b) x6  0xfffffffffc71d0c3
core   0: 0x0000000080005da2 (0x00000332) c.slli  t1, 12
core   0: 1 0x0000000080005da2 (0x0332) x6  0xffffffc71d0c3000
core   0: 0x0000000080005da4 (0x8b030313) addi    t1, t1, -1872
core   0: 1 0x0000000080005da4 (0x8b030313) x6  0xffffffc71d0c28b0
core   0: 0x0000000080005da8 (0x0271f653) fadd.d  fa2, ft3, ft7
core   0: 1 0x0000000080005da8 (0x0271f653) f12 0x4024000000000000
core   0: 0x0000000080005dac (0x00c41433) sll     s0, s0, a2
core   0: 1 0x0000000080005dac (0x00c41433) x8  0x0000000000000000
core   0: 0x0000000080005db0 (0x1a87f84f) fnmadd.d fa6, fa5, fs0, ft3
core   0: 1 0x0000000080005db0 (0x1a87f84f) f16 0x7ff8000000000000
core   0: 0x0000000080005db4 (0x221caad3) fsgnjx.d fs5, fs9, ft1
core   0: 1 0x0000000080005db4 (0x221caad3) f21 0x00000000000001ef
core   0: 0x0000000080005db8 (0x0082e833) or      a6, t0, s0
core   0: 1 0x0000000080005db8 (0x0082e833) x16 0x0000000000000002
core   0: 0x0000000080005dbc (0x0167eb33) or      s6, a5, s6
core   0: 1 0x0000000080005dbc (0x0167eb33) x22 0x0000000000000000
core   0: 0x0000000080005dc0 (0x004d0d3b) addw    s10, s10, tp
core   0: 1 0x0000000080005dc0 (0x004d0d3b) x26 0x0000000019242000
core   0: 0x0000000080005dc4 (0xab59f9c3) fmadd.d fs3, fs3, fs5, fs5
core   0: 1 0x0000000080005dc4 (0xab59f9c3) f19 0x00000000000001ef
core   0: 0x0000000080005dc8 (0xd0347ed3) fcvt.s.lu ft9, s0
core   0: 1 0x0000000080005dc8 (0xd0347ed3) f29 0xffffffff00000000
core   0: 0x0000000080005dcc (0x40d206b3) sub     a3, tp, a3
core   0: 1 0x0000000080005dcc (0x40d206b3) x13 0x0000000032484359
core   0: 0x0000000080005dd0 (0xd03272d3) fcvt.s.lu ft5, tp
core   0: 1 0x0000000080005dd0 (0xd03272d3) f5  0xffffffff4dc92100
core   0: 0x0000000080005dd4 (0x411d5a3b) sraw    s4, s10, a7
core   0: 1 0x0000000080005dd4 (0x411d5a3b) x20 0x0000000000064908
core   0: 0x0000000080005dd8 (0xd21d0c53) fcvt.d.wu fs8, s10
core   0: 1 0x0000000080005dd8 (0xd21d0c53) f24 0x41b9242000000000
core   0: 0x0000000080005ddc (0x0ac67453) fsub.d  fs0, fa2, fa2
core   0: 1 0x0000000080005ddc (0x0ac67453) f8  0x8000000000000000
core   0: 0x0000000080005de0 (0x00d88233) add     tp, a7, a3
core   0: 1 0x0000000080005de0 (0x00d88233) x4  0x0000000032484363
core   0: 0x0000000080005de4 (0x00da1cbb) sllw    s9, s4, a3
core   0: 1 0x0000000080005de4 (0x00da1cbb) x25 0x0000000010000000
core   0: 0x0000000080005de8 (0x024c813b) mulw    sp, s9, tp
core   0: 1 0x0000000080005de8 (0x024c813b) x2  0x0000000030000000
core   0: 0x0000000080005dec (0xc21c7753) fcvt.wu.d a4, fs8
core   0: 1 0x0000000080005dec (0xc21c7753) x14 0x0000000019242000
core   0: 0x0000000080005df0 (0x7ff7c793) xori    a5, a5, 2047
core   0: 1 0x0000000080005df0 (0x7ff7c793) x15 0x00000000000007ff
core   0: 0x0000000080005df4 (0xd23df553) fcvt.d.lu fa0, s11
core   0: 1 0x0000000080005df4 (0xd23df553) c1_fflags 0x000000000000001b f10 0x43efffffffffffff
core   0: 0x0000000080005df8 (0x001020f3) csrrs   ra, fflags, zero
core   0: 1 0x0000000080005df8 (0x001020f3) x1  0x000000000000001b
core   0: 0x0000000080005dfc (0x40eb873b) subw    a4, s7, a4
core   0: 1 0x0000000080005dfc (0x40eb873b) x14 0xffffffffe6dbe000
core   0: 0x0000000080005e00 (0x402a813b) subw    sp, s5, sp
core   0: 1 0x0000000080005e00 (0x402a813b) x2  0xffffffffd0000000
core   0: 0x0000000080005e04 (0x4007d793) srai    a5, a5, 0
core   0: 1 0x0000000080005e04 (0x4007d793) x15 0x00000000000007ff
core   0: 0x0000000080005e08 (0x23d5a5d3) fsgnjx.d fa1, fa1, ft9
core   0: 1 0x0000000080005e08 (0x23d5a5d3) f11 0x7fffffff5f800000
core   0: 0x0000000080005e0c (0x122d7943) fmadd.d fs2, fs10, ft2, ft2
core   0: 1 0x0000000080005e0c (0x122d7943) f18 0x7ff8000000000000
core   0: 0x0000000080005e10 (0x0ff0000f) fence   iorw,iorw
core   0: 1 0x0000000080005e10 (0x0ff0000f)
core   0: 0x0000000080005e14 (0xd2178753) fcvt.d.wu fa4, a5
core   0: 1 0x0000000080005e14 (0xd2178753) f14 0x409ffc0000000000
core   0: 0x0000000080005e18 (0x2ae00b53) fmin.d  fs6, ft0, fa4
core   0: 1 0x0000000080005e18 (0x2ae00b53) f22 0x409ffc0000000000
core   0: 0x0000000080005e1c (0x42847e47) fmsub.d ft8, fs0, fs0, fs0
core   0: 1 0x0000000080005e1c (0x42847e47) f28 0x0000000000000000
core   0: 0x0000000080005e20 (0x131ef9d3) fmul.d  fs3, ft9, fa7
core   0: 1 0x0000000080005e20 (0x131ef9d3) f19 0x7ff8000000000000
core   0: 0x0000000080005e24 (0x01945433) srl     s0, s0, s9
core   0: 1 0x0000000080005e24 (0x01945433) x8  0x0000000000000000
core   0: 0x0000000080005e28 (0x408282bb) subw    t0, t0, s0
core   0: 1 0x0000000080005e28 (0x408282bb) x5  0x0000000000000002
core   0: 0x0000000080005e2c (0x00000001) c.nop
core   0: 1 0x0000000080005e2c (0x0001)
core   0: 0x0000000080005e2e (0x031cf1b3) remu    gp, s9, a7
core   0: 1 0x0000000080005e2e (0x031cf1b3) x3  0x0000000000000006
core   0: 0x0000000080005e32 (0x00235a3b) srlw    s4, t1, sp
core   0: 1 0x0000000080005e32 (0x00235a3b) x20 0x000000001d0c28b0
core   0: 0x0000000080005e36 (0x417e8eb3) sub     t4, t4, s7
core   0: 1 0x0000000080005e36 (0x417e8eb3) x29 0xffffffffe1067000
core   0: 0x0000000080005e3a (0x420f85d3) fcvt.d.s fa1, ft11
core   0: 1 0x0000000080005e3a (0x420f85d3) f11 0x7ff8000000000000
core   0: 0x0000000080005e3e (0x40acd393) srai    t2, s9, 10
core   0: 1 0x0000000080005e3e (0x40acd393) x7  0x0000000000040000
core   0: 0x0000000080005e42 (0x02caf53b) remuw   a0, s5, a2
core   0: 1 0x0000000080005e42 (0x02caf53b) x10 0x0000000000000000
core   0: 0x0000000080005e46 (0x2b9ff1c3) fmadd.d ft3, ft11, fs9, ft5
core   0: 1 0x0000000080005e46 (0x2b9ff1c3) f3  0x7ff8000000000000
core   0: 0x0000000080005e4a (0x0073f6b3) and     a3, t2, t2
core   0: 1 0x0000000080005e4a (0x0073f6b3) x13 0x0000000000040000
core   0: 0x0000000080005e4e (0x800ea793) slti    a5, t4, -2048
core   0: 1 0x0000000080005e4e (0x800ea793) x15 0x0000000000000001
core   0: 0x0000000080005e52 (0x01ce5333) srl     t1, t3, t3
core   0: 1 0x0000000080005e52 (0x01ce5333) x6  0x00003ffffffb65d6
core   0: 0x0000000080005e56 (0x00000001) c.nop
core   0: 1 0x0000000080005e56 (0x0001)
core   0: 0x0000000080005e58 (0x02c3563b) divuw   a2, t1, a2
core   0: 1 0x0000000080005e58 (0x02c3563b) x12 0x0000000000199923
core   0: 0x0000000080005e5c (0xaa3d7d4b) fnmsub.d fs10, fs10, ft3, fs5
core   0: 1 0x0000000080005e5c (0xaa3d7d4b) f26 0x7ff8000000000000
core   0: 0x0000000080005e60 (0x00181273) csrrw   tp, fflags, a6
core   0: 1 0x0000000080005e60 (0x00181273) x4  0x000000000000001b c1_fflags 0x0000000000000002
core   0: 0x0000000080005e64 (0x03587cb3) remu    s9, a6, s5
core   0: 1 0x0000000080005e64 (0x03587cb3) x25 0x0000000000000002
core   0: 0x0000000080005e68 (0x00000001) c.nop
core   0: 1 0x0000000080005e68 (0x0001)
core   0: 0x0000000080005e6a (0x1a087853) fdiv.d  fa6, fa6, ft0
core   0: 1 0x0000000080005e6a (0x1a087853) f16 0x7ff8000000000000
core   0: 0x0000000080005e6e (0x039865bb) remw    a1, a6, s9
core   0: 1 0x0000000080005e6e (0x039865bb) x11 0x0000000000000000
core   0: 0x0000000080005e72 (0x41f7571b) sraiw   a4, a4, 31
core   0: 1 0x0000000080005e72 (0x41f7571b) x14 0xffffffffffffffff
core   0: 0x0000000080005e76 (0x8001f913) andi    s2, gp, -2048
core   0: 1 0x0000000080005e76 (0x8001f913) x18 0x0000000000000000
core   0: 0x0000000080005e7a (0x02b9f9b3) remu    s3, s3, a1
core   0: 1 0x0000000080005e7a (0x02b9f9b3) x19 0x3ffffffffffffffe
core   0: 0x0000000080005e7e (0x412985b3) sub     a1, s3, s2
core   0: 1 0x0000000080005e7e (0x412985b3) x11 0x3ffffffffffffffe
core   0: 0x0000000080005e82 (0xc23d7d53) fcvt.lu.d s10, fs10
core   0: 1 0x0000000080005e82 (0xc23d7d53) c1_fflags 0x0000000000000012 x26 0xffffffffffffffff
core   0: 0x0000000080005e86 (0x5c270613) addi    a2, a4, 1474
core   0: 1 0x0000000080005e86 (0x5c270613) x12 0x00000000000005c1
core   0: 0x0000000080005e8a (0xd21a8053) fcvt.d.wu ft0, s5
core   0: 1 0x0000000080005e8a (0xd21a8053) f0  0x0000000000000000
core   0: 0x0000000080005e8e (0xad8b4b13) xori    s6, s6, -1320
core   0: 1 0x0000000080005e8e (0xad8b4b13) x22 0xfffffffffffffad8
core   0: 0x0000000080005e92 (0x5e56031b) addiw   t1, a2, 1509
core   0: 1 0x0000000080005e92 (0x5e56031b) x6  0x0000000000000ba6
core   0: 0x0000000080005e96 (0x9d0e7497) auipc   s1, 0x9d0e7
core   0: 1 0x0000000080005e96 (0x9d0e7497) x9  0x000000001d0ece96
core   0: 0x0000000080005e9a (0x12abfbcf) fnmadd.d fs7, fs7, fa0, ft2
core   0: 1 0x0000000080005e9a (0x12abfbcf) f23 0x7ff8000000000000
core   0: 0x0000000080005e9e (0x40f351bb) sraw    gp, t1, a5
core   0: 1 0x0000000080005e9e (0x40f351bb) x3  0x00000000000005d3
core   0: 0x0000000080005ea2 (0xd22870d3) fcvt.d.l ft1, a6
core   0: 1 0x0000000080005ea2 (0xd22870d3) f1  0x4000000000000000
core   0: 0x0000000080005ea6 (0xd2180ad3) fcvt.d.wu fs5, a6
core   0: 1 0x0000000080005ea6 (0xd2180ad3) f21 0x4000000000000000
core   0: 0x0000000080005eaa (0x235cac53) fsgnjx.d fs8, fs9, fs5
core   0: 1 0x0000000080005eaa (0x235cac53) f24 0x00000000000001ef
core   0: 0x0000000080005eae (0x33dace93) xori    t4, s5, 829
core   0: 1 0x0000000080005eae (0x33dace93) x29 0x000000000000033d
core   0: 0x0000000080005eb2 (0x4191551b) sraiw   a0, sp, 25
core   0: 1 0x0000000080005eb2 (0x4191551b) x10 0xffffffffffffffe8
core   0: 0x0000000080005eb6 (0x418ed933) sra     s2, t4, s8
core   0: 1 0x0000000080005eb6 (0x418ed933) x18 0x0000000000000000
core   0: 0x0000000080005eba (0x01d91a33) sll     s4, s2, t4
core   0: 1 0x0000000080005eba (0x01d91a33) x20 0x0000000000000000
core   0: 0x0000000080005ebe (0xd0297b53) fcvt.s.l fs6, s2
core   0: 1 0x0000000080005ebe (0xd0297b53) f22 0xffffffff00000000
core   0: 0x0000000080005ec2 (0x2b6505d3) fmin.d  fa1, fa0, fs6
core   0: 1 0x0000000080005ec2 (0x2b6505d3) f11 0x43efffffffffffff
core   0: 0x0000000080005ec6 (0x01645b33) srl     s6, s0, s6
core   0: 1 0x0000000080005ec6 (0x01645b33) x22 0x0000000000000000
core   0: 0x0000000080005eca (0xc02c7e53) fcvt.l.s t3, fs8
core   0: 1 0x0000000080005eca (0xc02c7e53) c1_fflags 0x0000000000000012 x28 0x7fffffffffffffff
core   0: 0x0000000080005ece (0xf6a87a93) andi    s5, a6, -150
core   0: 1 0x0000000080005ece (0xf6a87a93) x21 0x0000000000000002
core   0: 0x0000000080005ed2 (0x2385a7d3) fsgnjx.d fa5, fa1, fs8
core   0: 1 0x0000000080005ed2 (0x2385a7d3) f15 0x43efffffffffffff
core   0: 0x0000000080005ed6 (0x00009c3e) c.add   s8, a5
core   0: 1 0x0000000080005ed6 (0x9c3e) x24 0x000000008000604b
core   0: 0x0000000080005ed8 (0x0ff0000f) fence   iorw,iorw
core   0: 1 0x0000000080005ed8 (0x0ff0000f)
core   0: 0x0000000080005edc (0x0387473b) divw    a4, a4, s8
core   0: 1 0x0000000080005edc (0x0387473b) x14 0x0000000000000000
core   0: 0x0000000080005ee0 (0xd028f153) fcvt.s.l ft2, a7
core   0: 1 0x0000000080005ee0 (0xd028f153) f2  0xffffffff41200000
core   0: 0x0000000080005ee4 (0xc0297cd3) fcvt.l.s s9, fs2
core   0: 1 0x0000000080005ee4 (0xc0297cd3) c1_fflags 0x0000000000000012 x25 0x7fffffffffffffff
core   0: 0x0000000080005ee8 (0x00202873) csrrs   a6, frm, zero
core   0: 1 0x0000000080005ee8 (0x00202873) x16 0x0000000000000002
core   0: 0x0000000080005eec (0x0014089b) addiw   a7, s0, 1
core   0: 1 0x0000000080005eec (0x0014089b) x17 0x0000000000000001
core   0: 0x0000000080005ef0 (0x4012d79b) sraiw   a5, t0, 1
core   0: 1 0x0000000080005ef0 (0x4012d79b) x15 0x0000000000000001
core   0: 0x0000000080005ef4 (0x228f23d3) fsgnjx.d ft7, ft10, fs0
core   0: 1 0x0000000080005ef4 (0x228f23d3) f7  0xfff8000000000000
core   0: 0x0000000080005ef8 (0xd033fed3) fcvt.s.lu ft9, t2
core   0: 1 0x0000000080005ef8 (0xd033fed3) f29 0xffffffff48800000
core   0: 0x0000000080005efc (0x01181b3b) sllw    s6, a6, a7
core   0: 1 0x0000000080005efc (0x01181b3b) x22 0x0000000000000004
core   0: 0x0000000080005f00 (0x00000001) c.nop
core   0: 1 0x0000000080005f00 (0x0001)
core   0: 0x0000000080005f02 (0x032ac2b3) div     t0, s5, s2
core   0: 1 0x0000000080005f02 (0x032ac2b3) x5  0xffffffffffffffff
core   0: 0x0000000080005f06 (0x00b91a33) sll     s4, s2, a1
core   0: 1 0x0000000080005f06 (0x00b91a33) x20 0x0000000000000000
core   0: 0x0000000080005f0a (0x0133531b) srliw   t1, t1, 19
core   0: 1 0x0000000080005f0a (0x0133531b) x6  0x0000000000000000
core   0: 0x0000000080005f0e (0x01a5153b) sllw    a0, a0, s10
core   0: 1 0x0000000080005f0e (0x01a5153b) x10 0x0000000000000000
core   0: 0x0000000080005f12 (0x006ac1b3) xor     gp, s5, t1
core   0: 1 0x0000000080005f12 (0x006ac1b3) x3  0x0000000000000002
core   0: 0x0000000080005f16 (0x02ed4733) div     a4, s10, a4
core   0: 1 0x0000000080005f16 (0x02ed4733) x14 0xffffffffffffffff
core   0: 0x0000000080005f1a (0x7ff6c113) xori    sp, a3, 2047
core   0: 1 0x0000000080005f1a (0x7ff6c113) x2  0x00000000000407ff
core   0: 0x0000000080005f1e (0x01f2da9b) srliw   s5, t0, 31
core   0: 1 0x0000000080005f1e (0x01f2da9b) x21 0x0000000000000001
core   0: 0x0000000080005f22 (0x10a97073) csrrci  zero, senvcfg, 18
core   0: 1 0x0000000080005f22 (0x10a97073) c266_senvcfg 0x0000000000000000
core   0: 0x0000000080005f26 (0xabe7fb13) andi    s6, a5, -1346
core   0: 1 0x0000000080005f26 (0xabe7fb13) x22 0x0000000000000000
core   0: 0x0000000080005f2a (0x00715c33) srl     s8, sp, t2
core   0: 1 0x0000000080005f2a (0x00715c33) x24 0x00000000000407ff
core   0: 0x0000000080005f2e (0x002027f3) csrrs   a5, frm, zero
core   0: 1 0x0000000080005f2e (0x002027f3) x15 0x0000000000000002
core   0: 0x0000000080005f32 (0x400e5e13) srai    t3, t3, 0
core   0: 1 0x0000000080005f32 (0x400e5e13) x28 0x7fffffffffffffff
core   0: 0x0000000080005f36 (0x0238f1cb) fnmsub.d ft3, fa7, ft3, ft0
core   0: 1 0x0000000080005f36 (0x0238f1cb) f3  0x7ff8000000000000
core   0: 0x0000000080005f3a (0x0288c33b) divw    t1, a7, s0
core   0: 1 0x0000000080005f3a (0x0288c33b) x6  0xffffffffffffffff
core   0: 0x0000000080005f3e (0x0005581b) srliw   a6, a0, 0
core   0: 1 0x0000000080005f3e (0x0005581b) x16 0x0000000000000000
core   0: 0x0000000080005f42 (0xf13194f3) csrrw   s1, mimpid, gp
core   0: exception trap_illegal_instruction, epc 0x0000000080005f42
core   0:           tval 0x00000000f13194f3
core   0: >>>>  $xrv64i2p1_m2p0_a2p1_f2p2_d2p2_zicsr2p0_zifencei2p0_zmmul1p0_zba1p0_zbb1p0_zbc1p0_zbs1p0
core   0: 0x0000000080004000 (0x0080006f) j       pc + 0x8
core   0: 3 0x0000000080004000 (0x0080006f)
core   0: >>>>  mmode_exception_handler
core   0: 0x0000000080004008 (0x00002c17) auipc   s8, 0x2
core   0: 3 0x0000000080004008 (0x00002c17) x24 0x0000000080006008
core   0: 0x000000008000400c (0x042c0c13) addi    s8, s8, 66
core   0: 3 0x000000008000400c (0x042c0c13) x24 0x000000008000604a
core   0: 0x0000000080004010 (0x000c00e7) jalr    s8
core   0: 3 0x0000000080004010 (0x000c00e7) x1  0x0000000080004014
core   0: >>>>  any_handler
core   0: 0x000000008000604a (0x341027f3) csrrs   a5, mepc, zero
core   0: 3 0x000000008000604a (0x341027f3) x15 0x0000000080005f42
core   0: 0x000000008000604e (0x34202773) csrrs   a4, mcause, zero
core   0: 3 0x000000008000604e (0x34202773) x14 0x0000000000000002
core   0: 0x0000000080006052 (0x142026f3) csrrs   a3, scause, zero
core   0: 3 0x0000000080006052 (0x142026f3) x13 0xfffffffffffffca7
core   0: 0x0000000080006056 (0x30402673) csrrs   a2, mie, zero
core   0: 3 0x0000000080006056 (0x30402673) x12 0x0000000000000a00
core   0: 0x000000008000605a (0x344025f3) csrrs   a1, mip, zero
core   0: 3 0x000000008000605a (0x344025f3) x11 0x0000000000000080
core   0: 0x000000008000605e (0x343025f3) csrrs   a1, mtval, zero
core   0: 3 0x000000008000605e (0x343025f3) x11 0x00000000f13194f3
core   0: 0x0000000080006062 (0x14302573) csrrs   a0, stval, zero
core   0: 3 0x0000000080006062 (0x14302573) x10 0x0000000000000000
core   0: 0x0000000080006066 (0xb02024f3) csrrs   s1, minstret, zero
core   0: 3 0x0000000080006066 (0xb02024f3) x9  0x000000000000116d
core   0: 0x000000008000606a (0x0000a811) c.j     pc + 20
core   0: 3 0x000000008000606a (0xa811)
core   0: >>>>  mepc_4
core   0: 0x000000008000607e (0x00000791) c.addi  a5, 4
core   0: 3 0x000000008000607e (0x0791) x15 0x0000000080005f46
core   0: 0x0000000080006080 (0x34179073) csrrw   zero, mepc, a5
core   0: 3 0x0000000080006080 (0x34179073) c833_mepc 0x0000000080005f46
core   0: 0x0000000080006084 (0x30200073) mret
core   0: 3 0x0000000080006084 (0x30200073) c768_mstatus 0x8000000a001c61a2
core   0: 0x0000000080005f46 (0xd22a7dd3) fcvt.d.l fs11, s4
core   0: 1 0x0000000080005f46 (0xd22a7dd3) f27 0x0000000000000000
core   0: 0x0000000080005f4a (0x800c7513) andi    a0, s8, -2048
core   0: 1 0x0000000080005f4a (0x800c7513) x10 0x0000000080006000
core   0: 0x0000000080005f4e (0xd03870d3) fcvt.s.lu ft1, a6
core   0: 1 0x0000000080005f4e (0xd03870d3) f1  0xffffffff00000000
core   0: 0x0000000080005f52 (0x0094ddbb) srlw    s11, s1, s1
core   0: 1 0x0000000080005f52 (0x0094ddbb) x27 0x0000000000000000
core   0: 0x0000000080005f56 (0x01b55bbb) srlw    s7, a0, s11
core   0: 1 0x0000000080005f56 (0x01b55bbb) x23 0xffffffff80006000
core   0: 0x0000000080005f5a (0xc200fd53) fcvt.w.d s10, ft1
core   0: 1 0x0000000080005f5a (0xc200fd53) c1_fflags 0x0000000000000012 x26 0x000000007fffffff
core   0: 0x0000000080005f5e (0x1006b6f3) csrrc   a3, sstatus, a3
core   0: 1 0x0000000080005f5e (0x1006b6f3) x13 0x80000002000c6122 c768_mstatus 0x0000000a00100180
core   0: 0x0000000080005f62 (0x4011f453) fcvt.s.d fs0, ft3
core   0: exception trap_illegal_instruction, epc 0x0000000080005f62
core   0:           tval 0x000000004011f453
core   0: >>>>  $xrv64i2p1_m2p0_a2p1_f2p2_d2p2_zicsr2p0_zifencei2p0_zmmul1p0_zba1p0_zbb1p0_zbc1p0_zbs1p0
core   0: 0x0000000080004000 (0x0080006f) j       pc + 0x8
core   0: 3 0x0000000080004000 (0x0080006f)
core   0: >>>>  mmode_exception_handler
core   0: 0x0000000080004008 (0x00002c17) auipc   s8, 0x2
core   0: 3 0x0000000080004008 (0x00002c17) x24 0x0000000080006008
core   0: 0x000000008000400c (0x042c0c13) addi    s8, s8, 66
core   0: 3 0x000000008000400c (0x042c0c13) x24 0x000000008000604a
core   0: 0x0000000080004010 (0x000c00e7) jalr    s8
core   0: 3 0x0000000080004010 (0x000c00e7) x1  0x0000000080004014
core   0: >>>>  any_handler
core   0: 0x000000008000604a (0x341027f3) csrrs   a5, mepc, zero
core   0: 3 0x000000008000604a (0x341027f3) x15 0x0000000080005f62
core   0: 0x000000008000604e (0x34202773) csrrs   a4, mcause, zero
core   0: 3 0x000000008000604e (0x34202773) x14 0x0000000000000002
core   0: 0x0000000080006052 (0x142026f3) csrrs   a3, scause, zero
core   0: 3 0x0000000080006052 (0x142026f3) x13 0xfffffffffffffca7
core   0: 0x0000000080006056 (0x30402673) csrrs   a2, mie, zero
core   0: 3 0x0000000080006056 (0x30402673) x12 0x0000000000000a00
core   0: 0x000000008000605a (0x344025f3) csrrs   a1, mip, zero
core   0: 3 0x000000008000605a (0x344025f3) x11 0x0000000000000080
core   0: 0x000000008000605e (0x343025f3) csrrs   a1, mtval, zero
core   0: 3 0x000000008000605e (0x343025f3) x11 0x000000004011f453
core   0: 0x0000000080006062 (0x14302573) csrrs   a0, stval, zero
core   0: 3 0x0000000080006062 (0x14302573) x10 0x0000000000000000
core   0: 0x0000000080006066 (0xb02024f3) csrrs   s1, minstret, zero
core   0: 3 0x0000000080006066 (0xb02024f3) x9  0x0000000000001184
core   0: 0x000000008000606a (0x0000a811) c.j     pc + 20
core   0: 3 0x000000008000606a (0xa811)
core   0: >>>>  mepc_4
core   0: 0x000000008000607e (0x00000791) c.addi  a5, 4
core   0: 3 0x000000008000607e (0x0791) x15 0x0000000080005f66
core   0: 0x0000000080006080 (0x34179073) csrrw   zero, mepc, a5
core   0: 3 0x0000000080006080 (0x34179073) c833_mepc 0x0000000080005f66
core   0: 0x0000000080006084 (0x30200073) mret
core   0: 3 0x0000000080006084 (0x30200073) c768_mstatus 0x0000000a00100180
core   0: 0x0000000080005f66 (0x032ec5bb) divw    a1, t4, s2
core   0: 1 0x0000000080005f66 (0x032ec5bb) x11 0xffffffffffffffff
core   0: 0x0000000080005f6a (0x01aea233) slt     tp, t4, s10
core   0: 1 0x0000000080005f6a (0x01aea233) x4  0x0000000000000001
core   0: 0x0000000080005f6e (0x12147bd3) fmul.d  fs7, fs0, ft1
core   0: exception trap_illegal_instruction, epc 0x0000000080005f6e
core   0:           tval 0x0000000012147bd3
core   0: >>>>  $xrv64i2p1_m2p0_a2p1_f2p2_d2p2_zicsr2p0_zifencei2p0_zmmul1p0_zba1p0_zbb1p0_zbc1p0_zbs1p0
core   0: 0x0000000080004000 (0x0080006f) j       pc + 0x8
core   0: 3 0x0000000080004000 (0x0080006f)
core   0: >>>>  mmode_exception_handler
core   0: 0x0000000080004008 (0x00002c17) auipc   s8, 0x2
core   0: 3 0x0000000080004008 (0x00002c17) x24 0x0000000080006008
core   0: 0x000000008000400c (0x042c0c13) addi    s8, s8, 66
core   0: 3 0x000000008000400c (0x042c0c13) x24 0x000000008000604a
core   0: 0x0000000080004010 (0x000c00e7) jalr    s8
core   0: 3 0x0000000080004010 (0x000c00e7) x1  0x0000000080004014
core   0: >>>>  any_handler
core   0: 0x000000008000604a (0x341027f3) csrrs   a5, mepc, zero
core   0: 3 0x000000008000604a (0x341027f3) x15 0x0000000080005f6e
core   0: 0x000000008000604e (0x34202773) csrrs   a4, mcause, zero
core   0: 3 0x000000008000604e (0x34202773) x14 0x0000000000000002
core   0: 0x0000000080006052 (0x142026f3) csrrs   a3, scause, zero
core   0: 3 0x0000000080006052 (0x142026f3) x13 0xfffffffffffffca7
core   0: 0x0000000080006056 (0x30402673) csrrs   a2, mie, zero
core   0: 3 0x0000000080006056 (0x30402673) x12 0x0000000000000a00
core   0: 0x000000008000605a (0x344025f3) csrrs   a1, mip, zero
core   0: 3 0x000000008000605a (0x344025f3) x11 0x0000000000000080
core   0: 0x000000008000605e (0x343025f3) csrrs   a1, mtval, zero
core   0: 3 0x000000008000605e (0x343025f3) x11 0x0000000012147bd3
core   0: 0x0000000080006062 (0x14302573) csrrs   a0, stval, zero
core   0: 3 0x0000000080006062 (0x14302573) x10 0x0000000000000000
core   0: 0x0000000080006066 (0xb02024f3) csrrs   s1, minstret, zero
core   0: 3 0x0000000080006066 (0xb02024f3) x9  0x0000000000001196
core   0: 0x000000008000606a (0x0000a811) c.j     pc + 20
core   0: 3 0x000000008000606a (0xa811)
core   0: >>>>  mepc_4
core   0: 0x000000008000607e (0x00000791) c.addi  a5, 4
core   0: 3 0x000000008000607e (0x0791) x15 0x0000000080005f72
core   0: 0x0000000080006080 (0x34179073) csrrw   zero, mepc, a5
core   0: 3 0x0000000080006080 (0x34179073) c833_mepc 0x0000000080005f72
core   0: 0x0000000080006084 (0x30200073) mret
core   0: 3 0x0000000080006084 (0x30200073) c768_mstatus 0x0000000a00100180
core   0: 0x0000000080005f72 (0x00ea551b) srliw   a0, s4, 14
core   0: 1 0x0000000080005f72 (0x00ea551b) x10 0x0000000000000000
core   0: 0x0000000080005f76 (0x2aa896d3) fmax.d  fa3, fa7, fa0
core   0: exception trap_illegal_instruction, epc 0x0000000080005f76
core   0:           tval 0x000000002aa896d3
core   0: >>>>  $xrv64i2p1_m2p0_a2p1_f2p2_d2p2_zicsr2p0_zifencei2p0_zmmul1p0_zba1p0_zbb1p0_zbc1p0_zbs1p0
core   0: 0x0000000080004000 (0x0080006f) j       pc + 0x8
core   0: 3 0x0000000080004000 (0x0080006f)
core   0: >>>>  mmode_exception_handler
core   0: 0x0000000080004008 (0x00002c17) auipc   s8, 0x2
core   0: 3 0x0000000080004008 (0x00002c17) x24 0x0000000080006008
core   0: 0x000000008000400c (0x042c0c13) addi    s8, s8, 66
core   0: 3 0x000000008000400c (0x042c0c13) x24 0x000000008000604a
core   0: 0x0000000080004010 (0x000c00e7) jalr    s8
core   0: 3 0x0000000080004010 (0x000c00e7) x1  0x0000000080004014
core   0: >>>>  any_handler
core   0: 0x000000008000604a (0x341027f3) csrrs   a5, mepc, zero
core   0: 3 0x000000008000604a (0x341027f3) x15 0x0000000080005f76
core   0: 0x000000008000604e (0x34202773) csrrs   a4, mcause, zero
core   0: 3 0x000000008000604e (0x34202773) x14 0x0000000000000002
core   0: 0x0000000080006052 (0x142026f3) csrrs   a3, scause, zero
core   0: 3 0x0000000080006052 (0x142026f3) x13 0xfffffffffffffca7
core   0: 0x0000000080006056 (0x30402673) csrrs   a2, mie, zero
core   0: 3 0x0000000080006056 (0x30402673) x12 0x0000000000000a00
core   0: 0x000000008000605a (0x344025f3) csrrs   a1, mip, zero
core   0: 3 0x000000008000605a (0x344025f3) x11 0x0000000000000080
core   0: 0x000000008000605e (0x343025f3) csrrs   a1, mtval, zero
core   0: 3 0x000000008000605e (0x343025f3) x11 0x000000002aa896d3
core   0: 0x0000000080006062 (0x14302573) csrrs   a0, stval, zero
core   0: 3 0x0000000080006062 (0x14302573) x10 0x0000000000000000
core   0: 0x0000000080006066 (0xb02024f3) csrrs   s1, minstret, zero
core   0: 3 0x0000000080006066 (0xb02024f3) x9  0x00000000000011a7
core   0: 0x000000008000606a (0x0000a811) c.j     pc + 20
core   0: 3 0x000000008000606a (0xa811)
core   0: >>>>  mepc_4
core   0: 0x000000008000607e (0x00000791) c.addi  a5, 4
core   0: 3 0x000000008000607e (0x0791) x15 0x0000000080005f7a
core   0: 0x0000000080006080 (0x34179073) csrrw   zero, mepc, a5
core   0: 3 0x0000000080006080 (0x34179073) c833_mepc 0x0000000080005f7a
core   0: 0x0000000080006084 (0x30200073) mret
core   0: 3 0x0000000080006084 (0x30200073) c768_mstatus 0x0000000a00100180
core   0: 0x0000000080005f7a (0xd2030653) fcvt.d.w fa2, t1
core   0: exception trap_illegal_instruction, epc 0x0000000080005f7a
core   0:           tval 0x00000000d2030653
core   0: >>>>  $xrv64i2p1_m2p0_a2p1_f2p2_d2p2_zicsr2p0_zifencei2p0_zmmul1p0_zba1p0_zbb1p0_zbc1p0_zbs1p0
core   0: 0x0000000080004000 (0x0080006f) j       pc + 0x8
core   0: 3 0x0000000080004000 (0x0080006f)
core   0: >>>>  mmode_exception_handler
core   0: 0x0000000080004008 (0x00002c17) auipc   s8, 0x2
core   0: 3 0x0000000080004008 (0x00002c17) x24 0x0000000080006008
core   0: 0x000000008000400c (0x042c0c13) addi    s8, s8, 66
core   0: 3 0x000000008000400c (0x042c0c13) x24 0x000000008000604a
core   0: 0x0000000080004010 (0x000c00e7) jalr    s8
core   0: 3 0x0000000080004010 (0x000c00e7) x1  0x0000000080004014
core   0: >>>>  any_handler
core   0: 0x000000008000604a (0x341027f3) csrrs   a5, mepc, zero
core   0: 3 0x000000008000604a (0x341027f3) x15 0x0000000080005f7a
core   0: 0x000000008000604e (0x34202773) csrrs   a4, mcause, zero
core   0: 3 0x000000008000604e (0x34202773) x14 0x0000000000000002
core   0: 0x0000000080006052 (0x142026f3) csrrs   a3, scause, zero
core   0: 3 0x0000000080006052 (0x142026f3) x13 0xfffffffffffffca7
core   0: 0x0000000080006056 (0x30402673) csrrs   a2, mie, zero
core   0: 3 0x0000000080006056 (0x30402673) x12 0x0000000000000a00
core   0: 0x000000008000605a (0x344025f3) csrrs   a1, mip, zero
core   0: 3 0x000000008000605a (0x344025f3) x11 0x0000000000000080
core   0: 0x000000008000605e (0x343025f3) csrrs   a1, mtval, zero
core   0: 3 0x000000008000605e (0x343025f3) x11 0x00000000d2030653
core   0: 0x0000000080006062 (0x14302573) csrrs   a0, stval, zero
core   0: 3 0x0000000080006062 (0x14302573) x10 0x0000000000000000
core   0: 0x0000000080006066 (0xb02024f3) csrrs   s1, minstret, zero
core   0: 3 0x0000000080006066 (0xb02024f3) x9  0x00000000000011b7
core   0: 0x000000008000606a (0x0000a811) c.j     pc + 20
core   0: 3 0x000000008000606a (0xa811)
core   0: >>>>  mepc_4
core   0: 0x000000008000607e (0x00000791) c.addi  a5, 4
core   0: 3 0x000000008000607e (0x0791) x15 0x0000000080005f7e
core   0: 0x0000000080006080 (0x34179073) csrrw   zero, mepc, a5
core   0: 3 0x0000000080006080 (0x34179073) c833_mepc 0x0000000080005f7e
core   0: 0x0000000080006084 (0x30200073) mret
core   0: 3 0x0000000080006084 (0x30200073) c768_mstatus 0x0000000a00100180
core   0: 0x0000000080005f7e (0x002319b3) sll     s3, t1, sp
core   0: 1 0x0000000080005f7e (0x002319b3) x19 0x8000000000000000
core   0: 0x0000000080005f82 (0x01a55b1b) srliw   s6, a0, 26
core   0: 1 0x0000000080005f82 (0x01a55b1b) x22 0x0000000000000000
core   0: 0x0000000080005f86 (0xc226f2d3) fcvt.l.d t0, fa3
core   0: exception trap_illegal_instruction, epc 0x0000000080005f86
core   0:           tval 0x00000000c226f2d3
core   0: >>>>  $xrv64i2p1_m2p0_a2p1_f2p2_d2p2_zicsr2p0_zifencei2p0_zmmul1p0_zba1p0_zbb1p0_zbc1p0_zbs1p0
core   0: 0x0000000080004000 (0x0080006f) j       pc + 0x8
core   0: 3 0x0000000080004000 (0x0080006f)
core   0: >>>>  mmode_exception_handler
core   0: 0x0000000080004008 (0x00002c17) auipc   s8, 0x2
core   0: 3 0x0000000080004008 (0x00002c17) x24 0x0000000080006008
core   0: 0x000000008000400c (0x042c0c13) addi    s8, s8, 66
core   0: 3 0x000000008000400c (0x042c0c13) x24 0x000000008000604a
core   0: 0x0000000080004010 (0x000c00e7) jalr    s8
core   0: 3 0x0000000080004010 (0x000c00e7) x1  0x0000000080004014
core   0: >>>>  any_handler
core   0: 0x000000008000604a (0x341027f3) csrrs   a5, mepc, zero
core   0: 3 0x000000008000604a (0x341027f3) x15 0x0000000080005f86
core   0: 0x000000008000604e (0x34202773) csrrs   a4, mcause, zero
core   0: 3 0x000000008000604e (0x34202773) x14 0x0000000000000002
core   0: 0x0000000080006052 (0x142026f3) csrrs   a3, scause, zero
core   0: 3 0x0000000080006052 (0x142026f3) x13 0xfffffffffffffca7
core   0: 0x0000000080006056 (0x30402673) csrrs   a2, mie, zero
core   0: 3 0x0000000080006056 (0x30402673) x12 0x0000000000000a00
core   0: 0x000000008000605a (0x344025f3) csrrs   a1, mip, zero
core   0: 3 0x000000008000605a (0x344025f3) x11 0x0000000000000080
core   0: 0x000000008000605e (0x343025f3) csrrs   a1, mtval, zero
core   0: 3 0x000000008000605e (0x343025f3) x11 0x00000000c226f2d3
core   0: 0x0000000080006062 (0x14302573) csrrs   a0, stval, zero
core   0: 3 0x0000000080006062 (0x14302573) x10 0x0000000000000000
core   0: 0x0000000080006066 (0xb02024f3) csrrs   s1, minstret, zero
core   0: 3 0x0000000080006066 (0xb02024f3) x9  0x00000000000011c9
core   0: 0x000000008000606a (0x0000a811) c.j     pc + 20
core   0: 3 0x000000008000606a (0xa811)
core   0: >>>>  mepc_4
core   0: 0x000000008000607e (0x00000791) c.addi  a5, 4
core   0: 3 0x000000008000607e (0x0791) x15 0x0000000080005f8a
core   0: 0x0000000080006080 (0x34179073) csrrw   zero, mepc, a5
core   0: 3 0x0000000080006080 (0x34179073) c833_mepc 0x0000000080005f8a
core   0: 0x0000000080006084 (0x30200073) mret
core   0: 3 0x0000000080006084 (0x30200073) c768_mstatus 0x0000000a00100180
core   0: 0x0000000080005f8a (0x22540fd3) fsgnj.d ft11, fs0, ft5
core   0: exception trap_illegal_instruction, epc 0x0000000080005f8a
core   0:           tval 0x0000000022540fd3
core   0: >>>>  $xrv64i2p1_m2p0_a2p1_f2p2_d2p2_zicsr2p0_zifencei2p0_zmmul1p0_zba1p0_zbb1p0_zbc1p0_zbs1p0
core   0: 0x0000000080004000 (0x0080006f) j       pc + 0x8
core   0: 3 0x0000000080004000 (0x0080006f)
core   0: >>>>  mmode_exception_handler
core   0: 0x0000000080004008 (0x00002c17) auipc   s8, 0x2
core   0: 3 0x0000000080004008 (0x00002c17) x24 0x0000000080006008
core   0: 0x000000008000400c (0x042c0c13) addi    s8, s8, 66
core   0: 3 0x000000008000400c (0x042c0c13) x24 0x000000008000604a
core   0: 0x0000000080004010 (0x000c00e7) jalr    s8
core   0: 3 0x0000000080004010 (0x000c00e7) x1  0x0000000080004014
core   0: >>>>  any_handler
core   0: 0x000000008000604a (0x341027f3) csrrs   a5, mepc, zero
core   0: 3 0x000000008000604a (0x341027f3) x15 0x0000000080005f8a
core   0: 0x000000008000604e (0x34202773) csrrs   a4, mcause, zero
core   0: 3 0x000000008000604e (0x34202773) x14 0x0000000000000002
core   0: 0x0000000080006052 (0x142026f3) csrrs   a3, scause, zero
core   0: 3 0x0000000080006052 (0x142026f3) x13 0xfffffffffffffca7
core   0: 0x0000000080006056 (0x30402673) csrrs   a2, mie, zero
core   0: 3 0x0000000080006056 (0x30402673) x12 0x0000000000000a00
core   0: 0x000000008000605a (0x344025f3) csrrs   a1, mip, zero
core   0: 3 0x000000008000605a (0x344025f3) x11 0x0000000000000080
core   0: 0x000000008000605e (0x343025f3) csrrs   a1, mtval, zero
core   0: 3 0x000000008000605e (0x343025f3) x11 0x0000000022540fd3
core   0: 0x0000000080006062 (0x14302573) csrrs   a0, stval, zero
core   0: 3 0x0000000080006062 (0x14302573) x10 0x0000000000000000
core   0: 0x0000000080006066 (0xb02024f3) csrrs   s1, minstret, zero
core   0: 3 0x0000000080006066 (0xb02024f3) x9  0x00000000000011d9
core   0: 0x000000008000606a (0x0000a811) c.j     pc + 20
core   0: 3 0x000000008000606a (0xa811)
core   0: >>>>  mepc_4
core   0: 0x000000008000607e (0x00000791) c.addi  a5, 4
core   0: 3 0x000000008000607e (0x0791) x15 0x0000000080005f8e
core   0: 0x0000000080006080 (0x34179073) csrrw   zero, mepc, a5
core   0: 3 0x0000000080006080 (0x34179073) c833_mepc 0x0000000080005f8e
core   0: 0x0000000080006084 (0x30200073) mret
core   0: 3 0x0000000080006084 (0x30200073) c768_mstatus 0x0000000a00100180
core   0: 0x0000000080005f8e (0x39f2841b) addiw   s0, t0, 927
core   0: 1 0x0000000080005f8e (0x39f2841b) x8  0x000000000000039e
core   0: 0x0000000080005f92 (0x017ed837) lui     a6, 0x17ed
core   0: 1 0x0000000080005f92 (0x017ed837) x16 0x00000000017ed000
core   0: 0x0000000080005f96 (0x58b8081b) addiw   a6, a6, 1419
core   0: 1 0x0000000080005f96 (0x58b8081b) x16 0x00000000017ed58b
core   0: 0x0000000080005f9a (0x00000832) c.slli  a6, 12
core   0: 1 0x0000000080005f9a (0x0832) x16 0x00000017ed58b000
core   0: 0x0000000080005f9c (0x2ba80813) addi    a6, a6, 698
core   0: 1 0x0000000080005f9c (0x2ba80813) x16 0x00000017ed58b2ba
core   0: 0x0000000080005fa0 (0x034308bb) mulw    a7, t1, s4
core   0: 1 0x0000000080005fa0 (0x034308bb) x17 0x0000000000000000
core   0: 0x0000000080005fa4 (0x5a0ffed3) fsqrt.d ft9, ft11
core   0: exception trap_illegal_instruction, epc 0x0000000080005fa4
core   0:           tval 0x000000005a0ffed3
core   0: >>>>  $xrv64i2p1_m2p0_a2p1_f2p2_d2p2_zicsr2p0_zifencei2p0_zmmul1p0_zba1p0_zbb1p0_zbc1p0_zbs1p0
core   0: 0x0000000080004000 (0x0080006f) j       pc + 0x8
core   0: 3 0x0000000080004000 (0x0080006f)
core   0: >>>>  mmode_exception_handler
core   0: 0x0000000080004008 (0x00002c17) auipc   s8, 0x2
core   0: 3 0x0000000080004008 (0x00002c17) x24 0x0000000080006008
core   0: 0x000000008000400c (0x042c0c13) addi    s8, s8, 66
core   0: 3 0x000000008000400c (0x042c0c13) x24 0x000000008000604a
core   0: 0x0000000080004010 (0x000c00e7) jalr    s8
core   0: 3 0x0000000080004010 (0x000c00e7) x1  0x0000000080004014
core   0: >>>>  any_handler
core   0: 0x000000008000604a (0x341027f3) csrrs   a5, mepc, zero
core   0: 3 0x000000008000604a (0x341027f3) x15 0x0000000080005fa4
core   0: 0x000000008000604e (0x34202773) csrrs   a4, mcause, zero
core   0: 3 0x000000008000604e (0x34202773) x14 0x0000000000000002
core   0: 0x0000000080006052 (0x142026f3) csrrs   a3, scause, zero
core   0: 3 0x0000000080006052 (0x142026f3) x13 0xfffffffffffffca7
core   0: 0x0000000080006056 (0x30402673) csrrs   a2, mie, zero
core   0: 3 0x0000000080006056 (0x30402673) x12 0x0000000000000a00
core   0: 0x000000008000605a (0x344025f3) csrrs   a1, mip, zero
core   0: 3 0x000000008000605a (0x344025f3) x11 0x0000000000000080
core   0: 0x000000008000605e (0x343025f3) csrrs   a1, mtval, zero
core   0: 3 0x000000008000605e (0x343025f3) x11 0x000000005a0ffed3
core   0: 0x0000000080006062 (0x14302573) csrrs   a0, stval, zero
core   0: 3 0x0000000080006062 (0x14302573) x10 0x0000000000000000
core   0: 0x0000000080006066 (0xb02024f3) csrrs   s1, minstret, zero
core   0: 3 0x0000000080006066 (0xb02024f3) x9  0x00000000000011ef
core   0: 0x000000008000606a (0x0000a811) c.j     pc + 20
core   0: 3 0x000000008000606a (0xa811)
core   0: >>>>  mepc_4
core   0: 0x000000008000607e (0x00000791) c.addi  a5, 4
core   0: 3 0x000000008000607e (0x0791) x15 0x0000000080005fa8
core   0: 0x0000000080006080 (0x34179073) csrrw   zero, mepc, a5
core   0: 3 0x0000000080006080 (0x34179073) c833_mepc 0x0000000080005fa8
core   0: 0x0000000080006084 (0x30200073) mret
core   0: 3 0x0000000080006084 (0x30200073) c768_mstatus 0x0000000a00100180
core   0: 0x0000000080005fa8 (0x41bbdc3b) sraw    s8, s7, s11
core   0: 1 0x0000000080005fa8 (0x41bbdc3b) x24 0xffffffff80006000
core   0: 0x0000000080005fac (0x03defe33) remu    t3, t4, t4
core   0: 1 0x0000000080005fac (0x03defe33) x28 0x0000000000000000
core   0: 0x0000000080005fb0 (0xfc03e537) lui     a0, 0xfc03e
core   0: 1 0x0000000080005fb0 (0xfc03e537) x10 0xfffffffffc03e000
core   0: 0x0000000080005fb4 (0x6cb5051b) addiw   a0, a0, 1739
core   0: 1 0x0000000080005fb4 (0x6cb5051b) x10 0xfffffffffc03e6cb
core   0: 0x0000000080005fb8 (0x00000532) c.slli  a0, 12
core   0: 1 0x0000000080005fb8 (0x0532) x10 0xffffffc03e6cb000
core   0: 0x0000000080005fba (0x26a50513) addi    a0, a0, 618
core   0: 1 0x0000000080005fba (0x26a50513) x10 0xffffffc03e6cb26a
core   0: 0x0000000080005fbe (0x40107f53) fcvt.s.d ft10, ft0
core   0: exception trap_illegal_instruction, epc 0x0000000080005fbe
core   0:           tval 0x0000000040107f53
core   0: >>>>  $xrv64i2p1_m2p0_a2p1_f2p2_d2p2_zicsr2p0_zifencei2p0_zmmul1p0_zba1p0_zbb1p0_zbc1p0_zbs1p0
core   0: 0x0000000080004000 (0x0080006f) j       pc + 0x8
core   0: 3 0x0000000080004000 (0x0080006f)
core   0: >>>>  mmode_exception_handler
core   0: 0x0000000080004008 (0x00002c17) auipc   s8, 0x2
core   0: 3 0x0000000080004008 (0x00002c17) x24 0x0000000080006008
core   0: 0x000000008000400c (0x042c0c13) addi    s8, s8, 66
core   0: 3 0x000000008000400c (0x042c0c13) x24 0x000000008000604a
core   0: 0x0000000080004010 (0x000c00e7) jalr    s8
core   0: 3 0x0000000080004010 (0x000c00e7) x1  0x0000000080004014
core   0: >>>>  any_handler
core   0: 0x000000008000604a (0x341027f3) csrrs   a5, mepc, zero
core   0: 3 0x000000008000604a (0x341027f3) x15 0x0000000080005fbe
core   0: 0x000000008000604e (0x34202773) csrrs   a4, mcause, zero
core   0: 3 0x000000008000604e (0x34202773) x14 0x0000000000000002
core   0: 0x0000000080006052 (0x142026f3) csrrs   a3, scause, zero
core   0: 3 0x0000000080006052 (0x142026f3) x13 0xfffffffffffffca7
core   0: 0x0000000080006056 (0x30402673) csrrs   a2, mie, zero
core   0: 3 0x0000000080006056 (0x30402673) x12 0x0000000000000a00
core   0: 0x000000008000605a (0x344025f3) csrrs   a1, mip, zero
core   0: 3 0x000000008000605a (0x344025f3) x11 0x0000000000000080
core   0: 0x000000008000605e (0x343025f3) csrrs   a1, mtval, zero
core   0: 3 0x000000008000605e (0x343025f3) x11 0x0000000040107f53
core   0: 0x0000000080006062 (0x14302573) csrrs   a0, stval, zero
core   0: 3 0x0000000080006062 (0x14302573) x10 0x0000000000000000
core   0: 0x0000000080006066 (0xb02024f3) csrrs   s1, minstret, zero
core   0: 3 0x0000000080006066 (0xb02024f3) x9  0x0000000000001205
core   0: 0x000000008000606a (0x0000a811) c.j     pc + 20
core   0: 3 0x000000008000606a (0xa811)
core   0: >>>>  mepc_4
core   0: 0x000000008000607e (0x00000791) c.addi  a5, 4
core   0: 3 0x000000008000607e (0x0791) x15 0x0000000080005fc2
core   0: 0x0000000080006080 (0x34179073) csrrw   zero, mepc, a5
core   0: 3 0x0000000080006080 (0x34179073) c833_mepc 0x0000000080005fc2
core   0: 0x0000000080006084 (0x30200073) mret
core   0: 3 0x0000000080006084 (0x30200073) c768_mstatus 0x0000000a00100180
core   0: 0x0000000080005fc2 (0x001bd113) srli    sp, s7, 1
core   0: 1 0x0000000080005fc2 (0x001bd113) x2  0x7fffffffc0003000
core   0: 0x0000000080005fc6 (0x821372cf) fnmadd.d ft5, ft6, ft1, fa6
core   0: exception trap_illegal_instruction, epc 0x0000000080005fc6
core   0:           tval 0x00000000821372cf
core   0: >>>>  $xrv64i2p1_m2p0_a2p1_f2p2_d2p2_zicsr2p0_zifencei2p0_zmmul1p0_zba1p0_zbb1p0_zbc1p0_zbs1p0
core   0: 0x0000000080004000 (0x0080006f) j       pc + 0x8
core   0: 3 0x0000000080004000 (0x0080006f)
core   0: >>>>  mmode_exception_handler
core   0: 0x0000000080004008 (0x00002c17) auipc   s8, 0x2
core   0: 3 0x0000000080004008 (0x00002c17) x24 0x0000000080006008
core   0: 0x000000008000400c (0x042c0c13) addi    s8, s8, 66
core   0: 3 0x000000008000400c (0x042c0c13) x24 0x000000008000604a
core   0: 0x0000000080004010 (0x000c00e7) jalr    s8
core   0: 3 0x0000000080004010 (0x000c00e7) x1  0x0000000080004014
core   0: >>>>  any_handler
core   0: 0x000000008000604a (0x341027f3) csrrs   a5, mepc, zero
core   0: 3 0x000000008000604a (0x341027f3) x15 0x0000000080005fc6
core   0: 0x000000008000604e (0x34202773) csrrs   a4, mcause, zero
core   0: 3 0x000000008000604e (0x34202773) x14 0x0000000000000002
core   0: 0x0000000080006052 (0x142026f3) csrrs   a3, scause, zero
core   0: 3 0x0000000080006052 (0x142026f3) x13 0xfffffffffffffca7
core   0: 0x0000000080006056 (0x30402673) csrrs   a2, mie, zero
core   0: 3 0x0000000080006056 (0x30402673) x12 0x0000000000000a00
core   0: 0x000000008000605a (0x344025f3) csrrs   a1, mip, zero
core   0: 3 0x000000008000605a (0x344025f3) x11 0x0000000000000080
core   0: 0x000000008000605e (0x343025f3) csrrs   a1, mtval, zero
core   0: 3 0x000000008000605e (0x343025f3) x11 0x00000000821372cf
core   0: 0x0000000080006062 (0x14302573) csrrs   a0, stval, zero
core   0: 3 0x0000000080006062 (0x14302573) x10 0x0000000000000000
core   0: 0x0000000080006066 (0xb02024f3) csrrs   s1, minstret, zero
core   0: 3 0x0000000080006066 (0xb02024f3) x9  0x0000000000001216
core   0: 0x000000008000606a (0x0000a811) c.j     pc + 20
core   0: 3 0x000000008000606a (0xa811)
core   0: >>>>  mepc_4
core   0: 0x000000008000607e (0x00000791) c.addi  a5, 4
core   0: 3 0x000000008000607e (0x0791) x15 0x0000000080005fca
core   0: 0x0000000080006080 (0x34179073) csrrw   zero, mepc, a5
core   0: 3 0x0000000080006080 (0x34179073) c833_mepc 0x0000000080005fca
core   0: 0x0000000080006084 (0x30200073) mret
core   0: 3 0x0000000080006084 (0x30200073) c768_mstatus 0x0000000a00100180
core   0: 0x0000000080005fca (0x41d5d81b) sraiw   a6, a1, 29
core   0: 1 0x0000000080005fca (0x41d5d81b) x16 0xfffffffffffffffc
core   0: 0x0000000080005fce (0x03296233) rem     tp, s2, s2
core   0: 1 0x0000000080005fce (0x03296233) x4  0x0000000000000000
core   0: 0x0000000080005fd2 (0x4008d89b) sraiw   a7, a7, 0
core   0: 1 0x0000000080005fd2 (0x4008d89b) x17 0x0000000000000000
core   0: 0x0000000080005fd6 (0x0248fa3b) remuw   s4, a7, tp
core   0: 1 0x0000000080005fd6 (0x0248fa3b) x20 0x0000000000000000
core   0: 0x0000000080005fda (0x41f1d61b) sraiw   a2, gp, 31
core   0: 1 0x0000000080005fda (0x41f1d61b) x12 0x0000000000000000
core   0: 0x0000000080005fde (0x00000001) c.nop
core   0: 1 0x0000000080005fde (0x0001)
core   0: 0x0000000080005fe0 (0x30321bf3) csrrw   s7, mideleg, tp
core   0: exception trap_illegal_instruction, epc 0x0000000080005fe0
core   0:           tval 0x0000000030321bf3
core   0: >>>>  $xrv64i2p1_m2p0_a2p1_f2p2_d2p2_zicsr2p0_zifencei2p0_zmmul1p0_zba1p0_zbb1p0_zbc1p0_zbs1p0
core   0: 0x0000000080004000 (0x0080006f) j       pc + 0x8
core   0: 3 0x0000000080004000 (0x0080006f)
core   0: >>>>  mmode_exception_handler
core   0: 0x0000000080004008 (0x00002c17) auipc   s8, 0x2
core   0: 3 0x0000000080004008 (0x00002c17) x24 0x0000000080006008
core   0: 0x000000008000400c (0x042c0c13) addi    s8, s8, 66
core   0: 3 0x000000008000400c (0x042c0c13) x24 0x000000008000604a
core   0: 0x0000000080004010 (0x000c00e7) jalr    s8
core   0: 3 0x0000000080004010 (0x000c00e7) x1  0x0000000080004014
core   0: >>>>  any_handler
core   0: 0x000000008000604a (0x341027f3) csrrs   a5, mepc, zero
core   0: 3 0x000000008000604a (0x341027f3) x15 0x0000000080005fe0
core   0: 0x000000008000604e (0x34202773) csrrs   a4, mcause, zero
core   0: 3 0x000000008000604e (0x34202773) x14 0x0000000000000002
core   0: 0x0000000080006052 (0x142026f3) csrrs   a3, scause, zero
core   0: 3 0x0000000080006052 (0x142026f3) x13 0xfffffffffffffca7
core   0: 0x0000000080006056 (0x30402673) csrrs   a2, mie, zero
core   0: 3 0x0000000080006056 (0x30402673) x12 0x0000000000000a00
core   0: 0x000000008000605a (0x344025f3) csrrs   a1, mip, zero
core   0: 3 0x000000008000605a (0x344025f3) x11 0x0000000000000080
core   0: 0x000000008000605e (0x343025f3) csrrs   a1, mtval, zero
core   0: 3 0x000000008000605e (0x343025f3) x11 0x0000000030321bf3
core   0: 0x0000000080006062 (0x14302573) csrrs   a0, stval, zero
core   0: 3 0x0000000080006062 (0x14302573) x10 0x0000000000000000
core   0: 0x0000000080006066 (0xb02024f3) csrrs   s1, minstret, zero
core   0: 3 0x0000000080006066 (0xb02024f3) x9  0x000000000000122c
core   0: 0x000000008000606a (0x0000a811) c.j     pc + 20
core   0: 3 0x000000008000606a (0xa811)
core   0: >>>>  mepc_4
core   0: 0x000000008000607e (0x00000791) c.addi  a5, 4
core   0: 3 0x000000008000607e (0x0791) x15 0x0000000080005fe4
core   0: 0x0000000080006080 (0x34179073) csrrw   zero, mepc, a5
core   0: 3 0x0000000080006080 (0x34179073) c833_mepc 0x0000000080005fe4
core   0: 0x0000000080006084 (0x30200073) mret
core   0: 3 0x0000000080006084 (0x30200073) c768_mstatus 0x0000000a00100180
core   0: 0x0000000080005fe4 (0x004bf233) and     tp, s7, tp
core   0: 1 0x0000000080005fe4 (0x004bf233) x4  0x0000000000000000
core   0: 0x0000000080005fe8 (0x005912b3) sll     t0, s2, t0
core   0: 1 0x0000000080005fe8 (0x005912b3) x5  0x0000000000000000
core   0: 0x0000000080005fec (0x032918b3) mulh    a7, s2, s2
core   0: 1 0x0000000080005fec (0x032918b3) x17 0x0000000000000000
core   0: 0x0000000080005ff0 (0x412184bb) subw    s1, gp, s2
core   0: 1 0x0000000080005ff0 (0x412184bb) x9  0x0000000000000002
core   0: 0x0000000080005ff4 (0xc2a4f493) andi    s1, s1, -982
core   0: 1 0x0000000080005ff4 (0xc2a4f493) x9  0x0000000000000002
core   0: 0x0000000080005ff8 (0x01d4f7b3) and     a5, s1, t4
core   0: 1 0x0000000080005ff8 (0x01d4f7b3) x15 0x0000000000000000
core   0: 0x0000000080005ffc (0x029a9833) mulh    a6, s5, s1
core   0: 1 0x0000000080005ffc (0x029a9833) x16 0x0000000000000000
core   0: 0x0000000080006000 (0x80084e93) xori    t4, a6, -2048
core   0: 1 0x0000000080006000 (0x80084e93) x29 0xfffffffffffff800
core   0: 0x0000000080006004 (0x002494f3) csrrw   s1, frm, s1
core   0: exception trap_illegal_instruction, epc 0x0000000080006004
core   0:           tval 0x00000000002494f3
core   0: >>>>  $xrv64i2p1_m2p0_a2p1_f2p2_d2p2_zicsr2p0_zifencei2p0_zmmul1p0_zba1p0_zbb1p0_zbc1p0_zbs1p0
core   0: 0x0000000080004000 (0x0080006f) j       pc + 0x8
core   0: 3 0x0000000080004000 (0x0080006f)
core   0: >>>>  mmode_exception_handler
core   0: 0x0000000080004008 (0x00002c17) auipc   s8, 0x2
core   0: 3 0x0000000080004008 (0x00002c17) x24 0x0000000080006008
core   0: 0x000000008000400c (0x042c0c13) addi    s8, s8, 66
core   0: 3 0x000000008000400c (0x042c0c13) x24 0x000000008000604a
core   0: 0x0000000080004010 (0x000c00e7) jalr    s8
core   0: 3 0x0000000080004010 (0x000c00e7) x1  0x0000000080004014
core   0: >>>>  any_handler
core   0: 0x000000008000604a (0x341027f3) csrrs   a5, mepc, zero
core   0: 3 0x000000008000604a (0x341027f3) x15 0x0000000080006004
core   0: 0x000000008000604e (0x34202773) csrrs   a4, mcause, zero
core   0: 3 0x000000008000604e (0x34202773) x14 0x0000000000000002
core   0: 0x0000000080006052 (0x142026f3) csrrs   a3, scause, zero
core   0: 3 0x0000000080006052 (0x142026f3) x13 0xfffffffffffffca7
core   0: 0x0000000080006056 (0x30402673) csrrs   a2, mie, zero
core   0: 3 0x0000000080006056 (0x30402673) x12 0x0000000000000a00
core   0: 0x000000008000605a (0x344025f3) csrrs   a1, mip, zero
core   0: 3 0x000000008000605a (0x344025f3) x11 0x0000000000000080
core   0: 0x000000008000605e (0x343025f3) csrrs   a1, mtval, zero
core   0: 3 0x000000008000605e (0x343025f3) x11 0x00000000002494f3
core   0: 0x0000000080006062 (0x14302573) csrrs   a0, stval, zero
core   0: 3 0x0000000080006062 (0x14302573) x10 0x0000000000000000
core   0: 0x0000000080006066 (0xb02024f3) csrrs   s1, minstret, zero
core   0: 3 0x0000000080006066 (0xb02024f3) x9  0x0000000000001244
core   0: 0x000000008000606a (0x0000a811) c.j     pc + 20
core   0: 3 0x000000008000606a (0xa811)
core   0: >>>>  mepc_4
core   0: 0x000000008000607e (0x00000791) c.addi  a5, 4
core   0: 3 0x000000008000607e (0x0791) x15 0x0000000080006008
core   0: 0x0000000080006080 (0x34179073) csrrw   zero, mepc, a5
core   0: 3 0x0000000080006080 (0x34179073) c833_mepc 0x0000000080006008
core   0: 0x0000000080006084 (0x30200073) mret
core   0: 3 0x0000000080006084 (0x30200073) c768_mstatus 0x0000000a00100180
core   0: 0x0000000080006008 (0x0a67e1b7) lui     gp, 0xa67e
core   0: 1 0x0000000080006008 (0x0a67e1b7) x3  0x000000000a67e000
core   0: 0x000000008000600c (0x223f81d3) fsgnj.d ft3, ft11, ft3
core   0: exception trap_illegal_instruction, epc 0x000000008000600c
core   0:           tval 0x00000000223f81d3
core   0: >>>>  $xrv64i2p1_m2p0_a2p1_f2p2_d2p2_zicsr2p0_zifencei2p0_zmmul1p0_zba1p0_zbb1p0_zbc1p0_zbs1p0
core   0: 0x0000000080004000 (0x0080006f) j       pc + 0x8
core   0: 3 0x0000000080004000 (0x0080006f)
core   0: >>>>  mmode_exception_handler
core   0: 0x0000000080004008 (0x00002c17) auipc   s8, 0x2
core   0: 3 0x0000000080004008 (0x00002c17) x24 0x0000000080006008
core   0: 0x000000008000400c (0x042c0c13) addi    s8, s8, 66
core   0: 3 0x000000008000400c (0x042c0c13) x24 0x000000008000604a
core   0: 0x0000000080004010 (0x000c00e7) jalr    s8
core   0: 3 0x0000000080004010 (0x000c00e7) x1  0x0000000080004014
core   0: >>>>  any_handler
core   0: 0x000000008000604a (0x341027f3) csrrs   a5, mepc, zero
core   0: 3 0x000000008000604a (0x341027f3) x15 0x000000008000600c
core   0: 0x000000008000604e (0x34202773) csrrs   a4, mcause, zero
core   0: 3 0x000000008000604e (0x34202773) x14 0x0000000000000002
core   0: 0x0000000080006052 (0x142026f3) csrrs   a3, scause, zero
core   0: 3 0x0000000080006052 (0x142026f3) x13 0xfffffffffffffca7
core   0: 0x0000000080006056 (0x30402673) csrrs   a2, mie, zero
core   0: 3 0x0000000080006056 (0x30402673) x12 0x0000000000000a00
core   0: 0x000000008000605a (0x344025f3) csrrs   a1, mip, zero
core   0: 3 0x000000008000605a (0x344025f3) x11 0x0000000000000080
core   0: 0x000000008000605e (0x343025f3) csrrs   a1, mtval, zero
core   0: 3 0x000000008000605e (0x343025f3) x11 0x00000000223f81d3
core   0: 0x0000000080006062 (0x14302573) csrrs   a0, stval, zero
core   0: 3 0x0000000080006062 (0x14302573) x10 0x0000000000000000
core   0: 0x0000000080006066 (0xb02024f3) csrrs   s1, minstret, zero
core   0: 3 0x0000000080006066 (0xb02024f3) x9  0x0000000000001255
core   0: 0x000000008000606a (0x0000a811) c.j     pc + 20
core   0: 3 0x000000008000606a (0xa811)
core   0: >>>>  mepc_4
core   0: 0x000000008000607e (0x00000791) c.addi  a5, 4
core   0: 3 0x000000008000607e (0x0791) x15 0x0000000080006010
core   0: 0x0000000080006080 (0x34179073) csrrw   zero, mepc, a5
core   0: 3 0x0000000080006080 (0x34179073) c833_mepc 0x0000000080006010
core   0: 0x0000000080006084 (0x30200073) mret
core   0: 3 0x0000000080006084 (0x30200073) c768_mstatus 0x0000000a00100180
core   0: 0x0000000080006010 (0x01b595bb) sllw    a1, a1, s11
core   0: 1 0x0000000080006010 (0x01b595bb) x11 0x00000000223f81d3
core   0: 0x0000000080006014 (0x0bd07b53) fsub.d  fs6, ft0, ft9
core   0: exception trap_illegal_instruction, epc 0x0000000080006014
core   0:           tval 0x000000000bd07b53
core   0: >>>>  $xrv64i2p1_m2p0_a2p1_f2p2_d2p2_zicsr2p0_zifencei2p0_zmmul1p0_zba1p0_zbb1p0_zbc1p0_zbs1p0
core   0: 0x0000000080004000 (0x0080006f) j       pc + 0x8
core   0: 3 0x0000000080004000 (0x0080006f)
core   0: >>>>  mmode_exception_handler
core   0: 0x0000000080004008 (0x00002c17) auipc   s8, 0x2
core   0: 3 0x0000000080004008 (0x00002c17) x24 0x0000000080006008
core   0: 0x000000008000400c (0x042c0c13) addi    s8, s8, 66
core   0: 3 0x000000008000400c (0x042c0c13) x24 0x000000008000604a
core   0: 0x0000000080004010 (0x000c00e7) jalr    s8
core   0: 3 0x0000000080004010 (0x000c00e7) x1  0x0000000080004014
core   0: >>>>  any_handler
core   0: 0x000000008000604a (0x341027f3) csrrs   a5, mepc, zero
core   0: 3 0x000000008000604a (0x341027f3) x15 0x0000000080006014
core   0: 0x000000008000604e (0x34202773) csrrs   a4, mcause, zero
core   0: 3 0x000000008000604e (0x34202773) x14 0x0000000000000002
core   0: 0x0000000080006052 (0x142026f3) csrrs   a3, scause, zero
core   0: 3 0x0000000080006052 (0x142026f3) x13 0xfffffffffffffca7
core   0: 0x0000000080006056 (0x30402673) csrrs   a2, mie, zero
core   0: 3 0x0000000080006056 (0x30402673) x12 0x0000000000000a00
core   0: 0x000000008000605a (0x344025f3) csrrs   a1, mip, zero
core   0: 3 0x000000008000605a (0x344025f3) x11 0x0000000000000080
core   0: 0x000000008000605e (0x343025f3) csrrs   a1, mtval, zero
core   0: 3 0x000000008000605e (0x343025f3) x11 0x000000000bd07b53
core   0: 0x0000000080006062 (0x14302573) csrrs   a0, stval, zero
core   0: 3 0x0000000080006062 (0x14302573) x10 0x0000000000000000
core   0: 0x0000000080006066 (0xb02024f3) csrrs   s1, minstret, zero
core   0: 3 0x0000000080006066 (0xb02024f3) x9  0x0000000000001266
core   0: 0x000000008000606a (0x0000a811) c.j     pc + 20
core   0: 3 0x000000008000606a (0xa811)
core   0: >>>>  mepc_4
core   0: 0x000000008000607e (0x00000791) c.addi  a5, 4
core   0: 3 0x000000008000607e (0x0791) x15 0x0000000080006018
core   0: 0x0000000080006080 (0x34179073) csrrw   zero, mepc, a5
core   0: 3 0x0000000080006080 (0x34179073) c833_mepc 0x0000000080006018
core   0: 0x0000000080006084 (0x30200073) mret
core   0: 3 0x0000000080006084 (0x30200073) c768_mstatus 0x0000000a00100180
core   0: 0x0000000080006018 (0x0106c433) xor     s0, a3, a6
core   0: 1 0x0000000080006018 (0x0106c433) x8  0xfffffffffffffca7
core   0: 0x000000008000601c (0x00000001) c.nop
core   0: 1 0x000000008000601c (0x0001)
core   0: 0x000000008000601e (0xd2008fd3) fcvt.d.w ft11, ra
core   0: exception trap_illegal_instruction, epc 0x000000008000601e
core   0:           tval 0x00000000d2008fd3
core   0: >>>>  $xrv64i2p1_m2p0_a2p1_f2p2_d2p2_zicsr2p0_zifencei2p0_zmmul1p0_zba1p0_zbb1p0_zbc1p0_zbs1p0
core   0: 0x0000000080004000 (0x0080006f) j       pc + 0x8
core   0: 3 0x0000000080004000 (0x0080006f)
core   0: >>>>  mmode_exception_handler
core   0: 0x0000000080004008 (0x00002c17) auipc   s8, 0x2
core   0: 3 0x0000000080004008 (0x00002c17) x24 0x0000000080006008
core   0: 0x000000008000400c (0x042c0c13) addi    s8, s8, 66
core   0: 3 0x000000008000400c (0x042c0c13) x24 0x000000008000604a
core   0: 0x0000000080004010 (0x000c00e7) jalr    s8
core   0: 3 0x0000000080004010 (0x000c00e7) x1  0x0000000080004014
core   0: >>>>  any_handler
core   0: 0x000000008000604a (0x341027f3) csrrs   a5, mepc, zero
core   0: 3 0x000000008000604a (0x341027f3) x15 0x000000008000601e
core   0: 0x000000008000604e (0x34202773) csrrs   a4, mcause, zero
core   0: 3 0x000000008000604e (0x34202773) x14 0x0000000000000002
core   0: 0x0000000080006052 (0x142026f3) csrrs   a3, scause, zero
core   0: 3 0x0000000080006052 (0x142026f3) x13 0xfffffffffffffca7
core   0: 0x0000000080006056 (0x30402673) csrrs   a2, mie, zero
core   0: 3 0x0000000080006056 (0x30402673) x12 0x0000000000000a00
core   0: 0x000000008000605a (0x344025f3) csrrs   a1, mip, zero
core   0: 3 0x000000008000605a (0x344025f3) x11 0x0000000000000080
core   0: 0x000000008000605e (0x343025f3) csrrs   a1, mtval, zero
core   0: 3 0x000000008000605e (0x343025f3) x11 0x00000000d2008fd3
core   0: 0x0000000080006062 (0x14302573) csrrs   a0, stval, zero
core   0: 3 0x0000000080006062 (0x14302573) x10 0x0000000000000000
core   0: 0x0000000080006066 (0xb02024f3) csrrs   s1, minstret, zero
core   0: 3 0x0000000080006066 (0xb02024f3) x9  0x0000000000001278
core   0: 0x000000008000606a (0x0000a811) c.j     pc + 20
core   0: 3 0x000000008000606a (0xa811)
core   0: >>>>  mepc_4
core   0: 0x000000008000607e (0x00000791) c.addi  a5, 4
core   0: 3 0x000000008000607e (0x0791) x15 0x0000000080006022
core   0: 0x0000000080006080 (0x34179073) csrrw   zero, mepc, a5
core   0: 3 0x0000000080006080 (0x34179073) c833_mepc 0x0000000080006022
core   0: 0x0000000080006084 (0x30200073) mret
core   0: 3 0x0000000080006084 (0x30200073) c768_mstatus 0x0000000a00100180
core   0: 0x0000000080006022 (0x5a0b7f53) fsqrt.d ft10, fs6
core   0: exception trap_illegal_instruction, epc 0x0000000080006022
core   0:           tval 0x000000005a0b7f53
core   0: >>>>  $xrv64i2p1_m2p0_a2p1_f2p2_d2p2_zicsr2p0_zifencei2p0_zmmul1p0_zba1p0_zbb1p0_zbc1p0_zbs1p0
core   0: 0x0000000080004000 (0x0080006f) j       pc + 0x8
core   0: 3 0x0000000080004000 (0x0080006f)
core   0: >>>>  mmode_exception_handler
core   0: 0x0000000080004008 (0x00002c17) auipc   s8, 0x2
core   0: 3 0x0000000080004008 (0x00002c17) x24 0x0000000080006008
core   0: 0x000000008000400c (0x042c0c13) addi    s8, s8, 66
core   0: 3 0x000000008000400c (0x042c0c13) x24 0x000000008000604a
core   0: 0x0000000080004010 (0x000c00e7) jalr    s8
core   0: 3 0x0000000080004010 (0x000c00e7) x1  0x0000000080004014
core   0: >>>>  any_handler
core   0: 0x000000008000604a (0x341027f3) csrrs   a5, mepc, zero
core   0: 3 0x000000008000604a (0x341027f3) x15 0x0000000080006022
core   0: 0x000000008000604e (0x34202773) csrrs   a4, mcause, zero
core   0: 3 0x000000008000604e (0x34202773) x14 0x0000000000000002
core   0: 0x0000000080006052 (0x142026f3) csrrs   a3, scause, zero
core   0: 3 0x0000000080006052 (0x142026f3) x13 0xfffffffffffffca7
core   0: 0x0000000080006056 (0x30402673) csrrs   a2, mie, zero
core   0: 3 0x0000000080006056 (0x30402673) x12 0x0000000000000a00
core   0: 0x000000008000605a (0x344025f3) csrrs   a1, mip, zero
core   0: 3 0x000000008000605a (0x344025f3) x11 0x0000000000000080
core   0: 0x000000008000605e (0x343025f3) csrrs   a1, mtval, zero
core   0: 3 0x000000008000605e (0x343025f3) x11 0x000000005a0b7f53
core   0: 0x0000000080006062 (0x14302573) csrrs   a0, stval, zero
core   0: 3 0x0000000080006062 (0x14302573) x10 0x0000000000000000
core   0: 0x0000000080006066 (0xb02024f3) csrrs   s1, minstret, zero
core   0: 3 0x0000000080006066 (0xb02024f3) x9  0x0000000000001288
core   0: 0x000000008000606a (0x0000a811) c.j     pc + 20
core   0: 3 0x000000008000606a (0xa811)
core   0: >>>>  mepc_4
core   0: 0x000000008000607e (0x00000791) c.addi  a5, 4
core   0: 3 0x000000008000607e (0x0791) x15 0x0000000080006026
core   0: 0x0000000080006080 (0x34179073) csrrw   zero, mepc, a5
core   0: 3 0x0000000080006080 (0x34179073) c833_mepc 0x0000000080006026
core   0: 0x0000000080006084 (0x30200073) mret
core   0: 3 0x0000000080006084 (0x30200073) c768_mstatus 0x0000000a00100180
core   0: 0x0000000080006026 (0x00000001) c.nop
core   0: 1 0x0000000080006026 (0x0001)
core   0: 0x0000000080006028 (0x43f45c93) srai    s9, s0, 63
core   0: 1 0x0000000080006028 (0x43f45c93) x25 0xffffffffffffffff
core   0: 0x000000008000602c (0xc0357653) fcvt.lu.s a2, fa0
core   0: exception trap_illegal_instruction, epc 0x000000008000602c
core   0:           tval 0x00000000c0357653
core   0: >>>>  $xrv64i2p1_m2p0_a2p1_f2p2_d2p2_zicsr2p0_zifencei2p0_zmmul1p0_zba1p0_zbb1p0_zbc1p0_zbs1p0
core   0: 0x0000000080004000 (0x0080006f) j       pc + 0x8
core   0: 3 0x0000000080004000 (0x0080006f)
core   0: >>>>  mmode_exception_handler
core   0: 0x0000000080004008 (0x00002c17) auipc   s8, 0x2
core   0: 3 0x0000000080004008 (0x00002c17) x24 0x0000000080006008
core   0: 0x000000008000400c (0x042c0c13) addi    s8, s8, 66
core   0: 3 0x000000008000400c (0x042c0c13) x24 0x000000008000604a
core   0: 0x0000000080004010 (0x000c00e7) jalr    s8
core   0: 3 0x0000000080004010 (0x000c00e7) x1  0x0000000080004014
core   0: >>>>  any_handler
core   0: 0x000000008000604a (0x341027f3) csrrs   a5, mepc, zero
core   0: 3 0x000000008000604a (0x341027f3) x15 0x000000008000602c
core   0: 0x000000008000604e (0x34202773) csrrs   a4, mcause, zero
core   0: 3 0x000000008000604e (0x34202773) x14 0x0000000000000002
core   0: 0x0000000080006052 (0x142026f3) csrrs   a3, scause, zero
core   0: 3 0x0000000080006052 (0x142026f3) x13 0xfffffffffffffca7
core   0: 0x0000000080006056 (0x30402673) csrrs   a2, mie, zero
core   0: 3 0x0000000080006056 (0x30402673) x12 0x0000000000000a00
core   0: 0x000000008000605a (0x344025f3) csrrs   a1, mip, zero
core   0: 3 0x000000008000605a (0x344025f3) x11 0x0000000000000080
core   0: 0x000000008000605e (0x343025f3) csrrs   a1, mtval, zero
core   0: 3 0x000000008000605e (0x343025f3) x11 0x00000000c0357653
core   0: 0x0000000080006062 (0x14302573) csrrs   a0, stval, zero
core   0: 3 0x0000000080006062 (0x14302573) x10 0x0000000000000000
core   0: 0x0000000080006066 (0xb02024f3) csrrs   s1, minstret, zero
core   0: 3 0x0000000080006066 (0xb02024f3) x9  0x000000000000129a
core   0: 0x000000008000606a (0x0000a811) c.j     pc + 20
core   0: 3 0x000000008000606a (0xa811)
core   0: >>>>  mepc_4
core   0: 0x000000008000607e (0x00000791) c.addi  a5, 4
core   0: 3 0x000000008000607e (0x0791) x15 0x0000000080006030
core   0: 0x0000000080006080 (0x34179073) csrrw   zero, mepc, a5
core   0: 3 0x0000000080006080 (0x34179073) c833_mepc 0x0000000080006030
core   0: 0x0000000080006084 (0x30200073) mret
core   0: 3 0x0000000080006084 (0x30200073) c768_mstatus 0x0000000a00100180
core   0: 0x0000000080006030 (0x8ff6869b) addiw   a3, a3, -1793
core   0: 1 0x0000000080006030 (0x8ff6869b) x13 0xfffffffffffff5a6
core   0: 0x0000000080006034 (0x01161e13) slli    t3, a2, 17
core   0: 1 0x0000000080006034 (0x01161e13) x28 0x0000000014000000
core   0: 0x0000000080006038 (0x005b5b3b) srlw    s6, s6, t0
core   0: 1 0x0000000080006038 (0x005b5b3b) x22 0x0000000000000000
core   0: 0x000000008000603c (0x0162dc1b) srliw   s8, t0, 22
core   0: 1 0x000000008000603c (0x0162dc1b) x24 0x0000000000000000
core   0: 0x0000000080006040 (0x4002d513) srai    a0, t0, 0
core   0: 1 0x0000000080006040 (0x4002d513) x10 0x0000000000000000
core   0: >>>>  write_tohost
core   0: 0x0000000080006044 (0x9a0fa0ef) jal     pc - 0x5e60
core   0: 1 0x0000000080006044 (0x9a0fa0ef) x1  0x0000000080006048
core   0: >>>>  _exit
core   0: 0x00000000800001e4 (0x00004505) c.li    a0, 1
core   0: 1 0x00000000800001e4 (0x4505) x10 0x0000000000000001
core   0: 0x00000000800001e6 (0x00001f17) auipc   t5, 0x1
core   0: 1 0x00000000800001e6 (0x00001f17) x30 0x00000000800011e6
core   0: 0x00000000800001ea (0xe0af2d23) sw      a0, -486(t5)
core   0: 1 0x00000000800001ea (0xe0af2d23) mem 0x0000000080001000 0x00000001
cp /home/server/RISCV/cva6/verif/sim/out/seed_1974/spike_sim/new_seeds_1974_.cv64a6_imafdc_sv39.log.iss /home/server/RISCV/cva6/verif/sim/out/seed_1974/spike_sim/new_seeds_1974_.cv64a6_imafdc_sv39.log
