Makefile:14: must set CVA6_REPO_DIR to point at the root of CVA6 sources and CVA6_TB_DIR to point here -- doing it for you...
LD_LIBRARY_PATH="$(realpath ../../tools/spike/lib):$LD_LIBRARY_PATH" \
	/home/server/RISCV/cva6/tools/spike/bin/spike --steps=2000000  --log-commits --isa=rv64gc_zba_zbb_zbs_zbc_zicsr_zifencei --priv=msu -l /home/server/RISCV/cva6/verif/sim/out/seed_1887/directed_asm_tests/new_seeds_1887_.o
[SPIKE] Max simulation steps: 2000000
[SPIKE] Proc 0 | ISA: rv64gc_zba_zbb_zbs_zbc_zicsr_zifencei PRIV: msu
[SPIKE] Initializing memories...
core   0: 0x0000000000010000 (0x00100413) li      s0, 1
core   0: 3 0x0000000000010000 (0x00100413) x8  0x0000000000000001
core   0: 0x0000000000010004 (0x01f41413) slli    s0, s0, 31
core   0: 3 0x0000000000010004 (0x01f41413) x8  0x0000000080000000
core   0: 0x0000000000010008 (0xf1402573) csrrs   a0, mhartid, zero
core   0: 3 0x0000000000010008 (0xf1402573) x10 0x0000000000000000
core   0: 0x000000000001000c (0x00000597) auipc   a1, 0x0
core   0: 3 0x000000000001000c (0x00000597) x11 0x000000000001000c
core   0: 0x0000000000010010 (0x07458593) addi    a1, a1, 116
core   0: 3 0x0000000000010010 (0x07458593) x11 0x0000000000010080
core   0: 0x0000000000010014 (0x00040067) jr      s0
core   0: 3 0x0000000000010014 (0x00040067)
core   0: >>>>  _start
core   0: 0x0000000080000000 (0x00004081) c.li    ra, 0
core   0: 3 0x0000000080000000 (0x4081) x1  0x0000000000000000
core   0: 0x0000000080000002 (0x00004101) c.li    sp, 0
core   0: 3 0x0000000080000002 (0x4101) x2  0x0000000000000000
core   0: 0x0000000080000004 (0x00004181) c.li    gp, 0
core   0: 3 0x0000000080000004 (0x4181) x3  0x0000000000000000
core   0: 0x0000000080000006 (0x00004201) c.li    tp, 0
core   0: 3 0x0000000080000006 (0x4201) x4  0x0000000000000000
core   0: 0x0000000080000008 (0x00004281) c.li    t0, 0
core   0: 3 0x0000000080000008 (0x4281) x5  0x0000000000000000
core   0: 0x000000008000000a (0x00004301) c.li    t1, 0
core   0: 3 0x000000008000000a (0x4301) x6  0x0000000000000000
core   0: 0x000000008000000c (0x00004381) c.li    t2, 0
core   0: 3 0x000000008000000c (0x4381) x7  0x0000000000000000
core   0: 0x000000008000000e (0x00004401) c.li    s0, 0
core   0: 3 0x000000008000000e (0x4401) x8  0x0000000000000000
core   0: 0x0000000080000010 (0x00004481) c.li    s1, 0
core   0: 3 0x0000000080000010 (0x4481) x9  0x0000000000000000
core   0: 0x0000000080000012 (0x00004501) c.li    a0, 0
core   0: 3 0x0000000080000012 (0x4501) x10 0x0000000000000000
core   0: 0x0000000080000014 (0x00004581) c.li    a1, 0
core   0: 3 0x0000000080000014 (0x4581) x11 0x0000000000000000
core   0: 0x0000000080000016 (0x00004601) c.li    a2, 0
core   0: 3 0x0000000080000016 (0x4601) x12 0x0000000000000000
core   0: 0x0000000080000018 (0x00004681) c.li    a3, 0
core   0: 3 0x0000000080000018 (0x4681) x13 0x0000000000000000
core   0: 0x000000008000001a (0x00004701) c.li    a4, 0
core   0: 3 0x000000008000001a (0x4701) x14 0x0000000000000000
core   0: 0x000000008000001c (0x00004781) c.li    a5, 0
core   0: 3 0x000000008000001c (0x4781) x15 0x0000000000000000
core   0: 0x000000008000001e (0x00004801) c.li    a6, 0
core   0: 3 0x000000008000001e (0x4801) x16 0x0000000000000000
core   0: 0x0000000080000020 (0x00004881) c.li    a7, 0
core   0: 3 0x0000000080000020 (0x4881) x17 0x0000000000000000
core   0: 0x0000000080000022 (0x00004901) c.li    s2, 0
core   0: 3 0x0000000080000022 (0x4901) x18 0x0000000000000000
core   0: 0x0000000080000024 (0x00004981) c.li    s3, 0
core   0: 3 0x0000000080000024 (0x4981) x19 0x0000000000000000
core   0: 0x0000000080000026 (0x00004a01) c.li    s4, 0
core   0: 3 0x0000000080000026 (0x4a01) x20 0x0000000000000000
core   0: 0x0000000080000028 (0x00004a81) c.li    s5, 0
core   0: 3 0x0000000080000028 (0x4a81) x21 0x0000000000000000
core   0: 0x000000008000002a (0x00004b01) c.li    s6, 0
core   0: 3 0x000000008000002a (0x4b01) x22 0x0000000000000000
core   0: 0x000000008000002c (0x00004b81) c.li    s7, 0
core   0: 3 0x000000008000002c (0x4b81) x23 0x0000000000000000
core   0: 0x000000008000002e (0x00004c01) c.li    s8, 0
core   0: 3 0x000000008000002e (0x4c01) x24 0x0000000000000000
core   0: 0x0000000080000030 (0x00004c81) c.li    s9, 0
core   0: 3 0x0000000080000030 (0x4c81) x25 0x0000000000000000
core   0: 0x0000000080000032 (0x00004d01) c.li    s10, 0
core   0: 3 0x0000000080000032 (0x4d01) x26 0x0000000000000000
core   0: 0x0000000080000034 (0x00004d81) c.li    s11, 0
core   0: 3 0x0000000080000034 (0x4d81) x27 0x0000000000000000
core   0: 0x0000000080000036 (0x00004e01) c.li    t3, 0
core   0: 3 0x0000000080000036 (0x4e01) x28 0x0000000000000000
core   0: 0x0000000080000038 (0x00004e81) c.li    t4, 0
core   0: 3 0x0000000080000038 (0x4e81) x29 0x0000000000000000
core   0: 0x000000008000003a (0x00004f01) c.li    t5, 0
core   0: 3 0x000000008000003a (0x4f01) x30 0x0000000000000000
core   0: 0x000000008000003c (0x00004f81) c.li    t6, 0
core   0: 3 0x000000008000003c (0x4f81) x31 0x0000000000000000
core   0: 0x000000008000003e (0x000062f9) c.lui   t0, 0x1e
core   0: 3 0x000000008000003e (0x62f9) x5  0x000000000001e000
core   0: 0x0000000080000040 (0x3002a073) csrrs   zero, mstatus, t0
core   0: 3 0x0000000080000040 (0x3002a073) c768_mstatus 0x8000000a00006000
core   0: 0x0000000080000044 (0x00004285) c.li    t0, 1
core   0: 3 0x0000000080000044 (0x4285) x5  0x0000000000000001
core   0: 0x0000000080000046 (0x000002fe) c.slli  t0, 31
core   0: 3 0x0000000080000046 (0x02fe) x5  0x0000000080000000
core   0: 0x0000000080000048 (0x0002d863) bge     t0, zero, pc + 16
core   0: 3 0x0000000080000048 (0x0002d863)
core   0: 0x0000000080000058 (0x00000297) auipc   t0, 0x0
core   0: 3 0x0000000080000058 (0x00000297) x5  0x0000000080000058
core   0: 0x000000008000005c (0x09028293) addi    t0, t0, 144
core   0: 3 0x000000008000005c (0x09028293) x5  0x00000000800000e8
core   0: 0x0000000080000060 (0x30529073) csrrw   zero, mtvec, t0
core   0: 3 0x0000000080000060 (0x30529073) c773_mtvec 0x00000000800000e8
core   0: 0x0000000080000064 (0x00301073) csrrw   zero, fcsr, zero
core   0: 3 0x0000000080000064 (0x00301073) c1_fflags 0x0000000000000000 c2_frm 0x0000000000000000
core   0: 0x0000000080000068 (0xf0000053) fmv.w.x ft0, zero
core   0: 3 0x0000000080000068 (0xf0000053) f0  0xffffffff00000000
core   0: 0x000000008000006c (0xf00000d3) fmv.w.x ft1, zero
core   0: 3 0x000000008000006c (0xf00000d3) f1  0xffffffff00000000
core   0: 0x0000000080000070 (0xf0000153) fmv.w.x ft2, zero
core   0: 3 0x0000000080000070 (0xf0000153) f2  0xffffffff00000000
core   0: 0x0000000080000074 (0xf00001d3) fmv.w.x ft3, zero
core   0: 3 0x0000000080000074 (0xf00001d3) f3  0xffffffff00000000
core   0: 0x0000000080000078 (0xf0000253) fmv.w.x ft4, zero
core   0: 3 0x0000000080000078 (0xf0000253) f4  0xffffffff00000000
core   0: 0x000000008000007c (0xf00002d3) fmv.w.x ft5, zero
core   0: 3 0x000000008000007c (0xf00002d3) f5  0xffffffff00000000
core   0: 0x0000000080000080 (0xf0000353) fmv.w.x ft6, zero
core   0: 3 0x0000000080000080 (0xf0000353) f6  0xffffffff00000000
core   0: 0x0000000080000084 (0xf00003d3) fmv.w.x ft7, zero
core   0: 3 0x0000000080000084 (0xf00003d3) f7  0xffffffff00000000
core   0: 0x0000000080000088 (0xf0000453) fmv.w.x fs0, zero
core   0: 3 0x0000000080000088 (0xf0000453) f8  0xffffffff00000000
core   0: 0x000000008000008c (0xf00004d3) fmv.w.x fs1, zero
core   0: 3 0x000000008000008c (0xf00004d3) f9  0xffffffff00000000
core   0: 0x0000000080000090 (0xf0000553) fmv.w.x fa0, zero
core   0: 3 0x0000000080000090 (0xf0000553) f10 0xffffffff00000000
core   0: 0x0000000080000094 (0xf00005d3) fmv.w.x fa1, zero
core   0: 3 0x0000000080000094 (0xf00005d3) f11 0xffffffff00000000
core   0: 0x0000000080000098 (0xf0000653) fmv.w.x fa2, zero
core   0: 3 0x0000000080000098 (0xf0000653) f12 0xffffffff00000000
core   0: 0x000000008000009c (0xf00006d3) fmv.w.x fa3, zero
core   0: 3 0x000000008000009c (0xf00006d3) f13 0xffffffff00000000
core   0: 0x00000000800000a0 (0xf0000753) fmv.w.x fa4, zero
core   0: 3 0x00000000800000a0 (0xf0000753) f14 0xffffffff00000000
core   0: 0x00000000800000a4 (0xf00007d3) fmv.w.x fa5, zero
core   0: 3 0x00000000800000a4 (0xf00007d3) f15 0xffffffff00000000
core   0: 0x00000000800000a8 (0xf0000853) fmv.w.x fa6, zero
core   0: 3 0x00000000800000a8 (0xf0000853) f16 0xffffffff00000000
core   0: 0x00000000800000ac (0xf00008d3) fmv.w.x fa7, zero
core   0: 3 0x00000000800000ac (0xf00008d3) f17 0xffffffff00000000
core   0: 0x00000000800000b0 (0xf0000953) fmv.w.x fs2, zero
core   0: 3 0x00000000800000b0 (0xf0000953) f18 0xffffffff00000000
core   0: 0x00000000800000b4 (0xf00009d3) fmv.w.x fs3, zero
core   0: 3 0x00000000800000b4 (0xf00009d3) f19 0xffffffff00000000
core   0: 0x00000000800000b8 (0xf0000a53) fmv.w.x fs4, zero
core   0: 3 0x00000000800000b8 (0xf0000a53) f20 0xffffffff00000000
core   0: 0x00000000800000bc (0xf0000ad3) fmv.w.x fs5, zero
core   0: 3 0x00000000800000bc (0xf0000ad3) f21 0xffffffff00000000
core   0: 0x00000000800000c0 (0xf0000b53) fmv.w.x fs6, zero
core   0: 3 0x00000000800000c0 (0xf0000b53) f22 0xffffffff00000000
core   0: 0x00000000800000c4 (0xf0000bd3) fmv.w.x fs7, zero
core   0: 3 0x00000000800000c4 (0xf0000bd3) f23 0xffffffff00000000
core   0: 0x00000000800000c8 (0xf0000c53) fmv.w.x fs8, zero
core   0: 3 0x00000000800000c8 (0xf0000c53) f24 0xffffffff00000000
core   0: 0x00000000800000cc (0xf0000cd3) fmv.w.x fs9, zero
core   0: 3 0x00000000800000cc (0xf0000cd3) f25 0xffffffff00000000
core   0: 0x00000000800000d0 (0xf0000d53) fmv.w.x fs10, zero
core   0: 3 0x00000000800000d0 (0xf0000d53) f26 0xffffffff00000000
core   0: 0x00000000800000d4 (0xf0000dd3) fmv.w.x fs11, zero
core   0: 3 0x00000000800000d4 (0xf0000dd3) f27 0xffffffff00000000
core   0: 0x00000000800000d8 (0xf0000e53) fmv.w.x ft8, zero
core   0: 3 0x00000000800000d8 (0xf0000e53) f28 0xffffffff00000000
core   0: 0x00000000800000dc (0xf0000ed3) fmv.w.x ft9, zero
core   0: 3 0x00000000800000dc (0xf0000ed3) f29 0xffffffff00000000
core   0: 0x00000000800000e0 (0xf0000f53) fmv.w.x ft10, zero
core   0: 3 0x00000000800000e0 (0xf0000f53) f30 0xffffffff00000000
core   0: 0x00000000800000e4 (0xf0000fd3) fmv.w.x ft11, zero
core   0: 3 0x00000000800000e4 (0xf0000fd3) f31 0xffffffff00000000
core   0: 0x00000000800000e8 (0x00000297) auipc   t0, 0x0
core   0: 3 0x00000000800000e8 (0x00000297) x5  0x00000000800000e8
core   0: 0x00000000800000ec (0x03c28293) addi    t0, t0, 60
core   0: 3 0x00000000800000ec (0x03c28293) x5  0x0000000080000124
core   0: 0x00000000800000f0 (0x30529073) csrrw   zero, mtvec, t0
core   0: 3 0x00000000800000f0 (0x30529073) c773_mtvec 0x0000000080000124
core   0: 0x00000000800000f4 (0x00012197) auipc   gp, 0x12
core   0: 3 0x00000000800000f4 (0x00012197) x3  0x00000000800120f4
core   0: 0x00000000800000f8 (0x73418193) addi    gp, gp, 1844
core   0: 3 0x00000000800000f8 (0x73418193) x3  0x0000000080012828
core   0: 0x00000000800000fc (0x00012217) auipc   tp, 0x12
core   0: 3 0x00000000800000fc (0x00012217) x4  0x00000000800120fc
core   0: 0x0000000080000100 (0xf8320213) addi    tp, tp, -125
core   0: 3 0x0000000080000100 (0xf8320213) x4  0x000000008001207f
core   0: 0x0000000080000104 (0xfc027213) andi    tp, tp, -64
core   0: 3 0x0000000080000104 (0xfc027213) x4  0x0000000080012040
core   0: 0x0000000080000108 (0xf1402573) csrrs   a0, mhartid, zero
core   0: 3 0x0000000080000108 (0xf1402573) x10 0x0000000000000000
core   0: 0x000000008000010c (0x00004585) c.li    a1, 1
core   0: 3 0x000000008000010c (0x4585) x11 0x0000000000000001
core   0: 0x000000008000010e (0x00b57063) bgeu    a0, a1, pc + 0
core   0: 3 0x000000008000010e (0x00b57063)
core   0: 0x0000000080000112 (0x00150113) addi    sp, a0, 1
core   0: 3 0x0000000080000112 (0x00150113) x2  0x0000000000000001
core   0: 0x0000000080000116 (0x00000146) c.slli  sp, 17
core   0: 3 0x0000000080000116 (0x0146) x2  0x0000000000020000
core   0: 0x0000000080000118 (0x00009112) c.add   sp, tp
core   0: 3 0x0000000080000118 (0x9112) x2  0x0000000080032040
core   0: 0x000000008000011a (0x01151613) slli    a2, a0, 17
core   0: 3 0x000000008000011a (0x01151613) x12 0x0000000000000000
core   0: 0x000000008000011e (0x00009232) c.add   tp, a2
core   0: 3 0x000000008000011e (0x9232) x4  0x0000000080012040
core   0: 0x0000000080000120 (0x44c0f06f) j       pc + 0xf44c
core   0: 3 0x0000000080000120 (0x44c0f06f)
core   0: >>>>  _init
core   0: 0x000000008000f56c (0x00007171) c.addi16sp sp, -176
core   0: 3 0x000000008000f56c (0x7171) x2  0x0000000080031f90
core   0: 0x000000008000f56e (0x0000f506) c.sdsp  ra, 168(sp)
core   0: 3 0x000000008000f56e (0xf506) mem 0x0000000080032038 0x0000000000000000
core   0: 0x000000008000f570 (0x0000f122) c.sdsp  s0, 160(sp)
core   0: 3 0x000000008000f570 (0xf122) mem 0x0000000080032030 0x0000000000000000
core   0: 0x000000008000f572 (0x0000ed26) c.sdsp  s1, 152(sp)
core   0: 3 0x000000008000f572 (0xed26) mem 0x0000000080032028 0x0000000000000000
core   0: 0x000000008000f574 (0x00001900) c.addi4spn s0, sp, 176
core   0: 3 0x000000008000f574 (0x1900) x8  0x0000000080032040
core   0: 0x000000008000f576 (0x000087aa) c.mv    a5, a0
core   0: 3 0x000000008000f576 (0x87aa) x15 0x0000000000000000
core   0: 0x000000008000f578 (0x0000872e) c.mv    a4, a1
core   0: 3 0x000000008000f578 (0x872e) x14 0x0000000000000001
core   0: 0x000000008000f57a (0xf4f42e23) sw      a5, -164(s0)
core   0: 3 0x000000008000f57a (0xf4f42e23) mem 0x0000000080031f9c 0x00000000
core   0: 0x000000008000f57e (0x000087ba) c.mv    a5, a4
core   0: 3 0x000000008000f57e (0x87ba) x15 0x0000000000000001
core   0: 0x000000008000f580 (0xf4f42c23) sw      a5, -168(s0)
core   0: 3 0x000000008000f580 (0xf4f42c23) mem 0x0000000080031f98 0x00000001
core   0: 0x000000008000f584 (0xfe040793) addi    a5, s0, -32
core   0: 3 0x000000008000f584 (0xfe040793) x15 0x0000000080032020
core   0: 0x000000008000f588 (0xf4f43823) sd      a5, -176(s0)
core   0: 3 0x000000008000f588 (0xf4f43823) mem 0x0000000080031f90 0x0000000080032020
core   0: 0x000000008000f58c (0xf5043783) ld      a5, -176(s0)
core   0: 3 0x000000008000f58c (0xf5043783) x15 0x0000000080032020 mem 0x0000000080031f90
core   0: 0x000000008000f590 (0xf8078793) addi    a5, a5, -128
core   0: 3 0x000000008000f590 (0xf8078793) x15 0x0000000080031fa0
core   0: 0x000000008000f594 (0x03f78793) addi    a5, a5, 63
core   0: 3 0x000000008000f594 (0x03f78793) x15 0x0000000080031fdf
core   0: 0x000000008000f598 (0x00008399) c.srli  a5, 6
core   0: 3 0x000000008000f598 (0x8399) x15 0x0000000002000c7f
core   0: 0x000000008000f59a (0x00679493) slli    s1, a5, 6
core   0: 3 0x000000008000f59a (0x00679493) x9  0x0000000080031fc0
core   0: 0x000000008000f59e (0xf65ff0ef) jal     pc - 0x9c
core   0: 3 0x000000008000f59e (0xf65ff0ef) x1  0x000000008000f5a2
core   0: >>>>  init_tls
core   0: 0x000000008000f502 (0x00001101) c.addi  sp, -32
core   0: 3 0x000000008000f502 (0x1101) x2  0x0000000080031f70
core   0: 0x000000008000f504 (0x0000ec06) c.sdsp  ra, 24(sp)
core   0: 3 0x000000008000f504 (0xec06) mem 0x0000000080031f88 0x000000008000f5a2
core   0: 0x000000008000f506 (0x0000e822) c.sdsp  s0, 16(sp)
core   0: 3 0x000000008000f506 (0xe822) mem 0x0000000080031f80 0x0000000080032040
core   0: 0x000000008000f508 (0x00001000) c.addi4spn s0, sp, 32
core   0: 3 0x000000008000f508 (0x1000) x8  0x0000000080031f90
core   0: 0x000000008000f50a (0x00003717) auipc   a4, 0x3
core   0: 3 0x000000008000f50a (0x00003717) x14 0x000000008001250a
core   0: 0x000000008000f50e (0xb1e70713) addi    a4, a4, -1250
core   0: 3 0x000000008000f50e (0xb1e70713) x14 0x0000000080012028
core   0: 0x000000008000f512 (0x00003797) auipc   a5, 0x3
core   0: 3 0x000000008000f512 (0x00003797) x15 0x0000000080012512
core   0: 0x000000008000f516 (0xb1678793) addi    a5, a5, -1258
core   0: 3 0x000000008000f516 (0xb1678793) x15 0x0000000080012028
core   0: 0x000000008000f51a (0x40f707b3) sub     a5, a4, a5
core   0: 3 0x000000008000f51a (0x40f707b3) x15 0x0000000000000000
core   0: 0x000000008000f51e (0xfef43423) sd      a5, -24(s0)
core   0: 3 0x000000008000f51e (0xfef43423) mem 0x0000000080031f78 0x0000000000000000
core   0: 0x000000008000f522 (0x00008792) c.mv    a5, tp
core   0: 3 0x000000008000f522 (0x8792) x15 0x0000000080012040
core   0: 0x000000008000f524 (0xfe843603) ld      a2, -24(s0)
core   0: 3 0x000000008000f524 (0xfe843603) x12 0x0000000000000000 mem 0x0000000080031f78
core   0: 0x000000008000f528 (0x00003597) auipc   a1, 0x3
core   0: 3 0x000000008000f528 (0x00003597) x11 0x0000000080012528
core   0: 0x000000008000f52c (0xb0058593) addi    a1, a1, -1280
core   0: 3 0x000000008000f52c (0xb0058593) x11 0x0000000080012028
core   0: 0x000000008000f530 (0x0000853e) c.mv    a0, a5
core   0: 3 0x000000008000f530 (0x853e) x10 0x0000000080012040
core   0: 0x000000008000f532 (0x0f9000ef) jal     pc + 0x8f8
core   0: 3 0x000000008000f532 (0x0f9000ef) x1  0x000000008000f536
core   0: >>>>  memcpy
core   0: 0x000000008000fe2a (0x0000715d) c.addi16sp sp, -80
core   0: 3 0x000000008000fe2a (0x715d) x2  0x0000000080031f20
core   0: 0x000000008000fe2c (0x0000e4a2) c.sdsp  s0, 72(sp)
core   0: 3 0x000000008000fe2c (0xe4a2) mem 0x0000000080031f68 0x0000000080031f90
core   0: 0x000000008000fe2e (0x00000880) c.addi4spn s0, sp, 80
core   0: 3 0x000000008000fe2e (0x0880) x8  0x0000000080031f70
core   0: 0x000000008000fe30 (0xfca43423) sd      a0, -56(s0)
core   0: 3 0x000000008000fe30 (0xfca43423) mem 0x0000000080031f38 0x0000000080012040
core   0: 0x000000008000fe34 (0xfcb43023) sd      a1, -64(s0)
core   0: 3 0x000000008000fe34 (0xfcb43023) mem 0x0000000080031f30 0x0000000080012028
core   0: 0x000000008000fe38 (0xfac43c23) sd      a2, -72(s0)
core   0: 3 0x000000008000fe38 (0xfac43c23) mem 0x0000000080031f28 0x0000000000000000
core   0: 0x000000008000fe3c (0xfc843703) ld      a4, -56(s0)
core   0: 3 0x000000008000fe3c (0xfc843703) x14 0x0000000080012040 mem 0x0000000080031f38
core   0: 0x000000008000fe40 (0xfc043783) ld      a5, -64(s0)
core   0: 3 0x000000008000fe40 (0xfc043783) x15 0x0000000080012028 mem 0x0000000080031f30
core   0: 0x000000008000fe44 (0x00008f5d) c.or    a4, a5
core   0: 3 0x000000008000fe44 (0x8f5d) x14 0x0000000080012068
core   0: 0x000000008000fe46 (0xfb843783) ld      a5, -72(s0)
core   0: 3 0x000000008000fe46 (0xfb843783) x15 0x0000000000000000 mem 0x0000000080031f28
core   0: 0x000000008000fe4a (0x00008fd9) c.or    a5, a4
core   0: 3 0x000000008000fe4a (0x8fd9) x15 0x0000000080012068
core   0: 0x000000008000fe4c (0x00008b9d) c.andi  a5, 7
core   0: 3 0x000000008000fe4c (0x8b9d) x15 0x0000000000000000
core   0: 0x000000008000fe4e (0x0000e3b1) c.bnez  a5, pc + 68
core   0: 3 0x000000008000fe4e (0xe3b1)
core   0: 0x000000008000fe50 (0xfc043783) ld      a5, -64(s0)
core   0: 3 0x000000008000fe50 (0xfc043783) x15 0x0000000080012028 mem 0x0000000080031f30
core   0: 0x000000008000fe54 (0xfef43423) sd      a5, -24(s0)
core   0: 3 0x000000008000fe54 (0xfef43423) mem 0x0000000080031f58 0x0000000080012028
core   0: 0x000000008000fe58 (0xfc843783) ld      a5, -56(s0)
core   0: 3 0x000000008000fe58 (0xfc843783) x15 0x0000000080012040 mem 0x0000000080031f38
core   0: 0x000000008000fe5c (0xfef43023) sd      a5, -32(s0)
core   0: 3 0x000000008000fe5c (0xfef43023) mem 0x0000000080031f50 0x0000000080012040
core   0: 0x000000008000fe60 (0x0000a839) c.j     pc + 30
core   0: 3 0x000000008000fe60 (0xa839)
core   0: 0x000000008000fe7e (0xfc843703) ld      a4, -56(s0)
core   0: 3 0x000000008000fe7e (0xfc843703) x14 0x0000000080012040 mem 0x0000000080031f38
core   0: 0x000000008000fe82 (0xfb843783) ld      a5, -72(s0)
core   0: 3 0x000000008000fe82 (0xfb843783) x15 0x0000000000000000 mem 0x0000000080031f28
core   0: 0x000000008000fe86 (0x000097ba) c.add   a5, a4
core   0: 3 0x000000008000fe86 (0x97ba) x15 0x0000000080012040
core   0: 0x000000008000fe88 (0xfe043703) ld      a4, -32(s0)
core   0: 3 0x000000008000fe88 (0xfe043703) x14 0x0000000080012040 mem 0x0000000080031f50
core   0: 0x000000008000fe8c (0xfcf76be3) bltu    a4, a5, pc - 42
core   0: 3 0x000000008000fe8c (0xfcf76be3)
core   0: 0x000000008000fe90 (0x0000a099) c.j     pc + 70
core   0: 3 0x000000008000fe90 (0xa099)
core   0: 0x000000008000fed6 (0xfc843783) ld      a5, -56(s0)
core   0: 3 0x000000008000fed6 (0xfc843783) x15 0x0000000080012040 mem 0x0000000080031f38
core   0: 0x000000008000feda (0x0000853e) c.mv    a0, a5
core   0: 3 0x000000008000feda (0x853e) x10 0x0000000080012040
core   0: 0x000000008000fedc (0x00006426) c.ldsp  s0, 72(sp)
core   0: 3 0x000000008000fedc (0x6426) x8  0x0000000080031f90 mem 0x0000000080031f68
core   0: 0x000000008000fede (0x00006161) c.addi16sp sp, 80
core   0: 3 0x000000008000fede (0x6161) x2  0x0000000080031f70
core   0: 0x000000008000fee0 (0x00008082) ret
core   0: 3 0x000000008000fee0 (0x8082)
core   0: 0x000000008000f536 (0x00003717) auipc   a4, 0x3
core   0: 3 0x000000008000f536 (0x00003717) x14 0x0000000080012536
core   0: 0x000000008000f53a (0xb8e70713) addi    a4, a4, -1138
core   0: 3 0x000000008000f53a (0xb8e70713) x14 0x00000000800120c4
core   0: 0x000000008000f53e (0x00003797) auipc   a5, 0x3
core   0: 3 0x000000008000f53e (0x00003797) x15 0x000000008001253e
core   0: 0x000000008000f542 (0xaea78793) addi    a5, a5, -1302
core   0: 3 0x000000008000f542 (0xaea78793) x15 0x0000000080012028
core   0: 0x000000008000f546 (0x40f707b3) sub     a5, a4, a5
core   0: 3 0x000000008000f546 (0x40f707b3) x15 0x000000000000009c
core   0: 0x000000008000f54a (0xfef43023) sd      a5, -32(s0)
core   0: 3 0x000000008000f54a (0xfef43023) mem 0x0000000080031f70 0x000000000000009c
core   0: 0x000000008000f54e (0x00008712) c.mv    a4, tp
core   0: 3 0x000000008000f54e (0x8712) x14 0x0000000080012040
core   0: 0x000000008000f550 (0xfe843783) ld      a5, -24(s0)
core   0: 3 0x000000008000f550 (0xfe843783) x15 0x0000000000000000 mem 0x0000000080031f78
core   0: 0x000000008000f554 (0x000097ba) c.add   a5, a4
core   0: 3 0x000000008000f554 (0x97ba) x15 0x0000000080012040
core   0: 0x000000008000f556 (0xfe043603) ld      a2, -32(s0)
core   0: 3 0x000000008000f556 (0xfe043603) x12 0x000000000000009c mem 0x0000000080031f70
core   0: 0x000000008000f55a (0x00004581) c.li    a1, 0
core   0: 3 0x000000008000f55a (0x4581) x11 0x0000000000000000
core   0: 0x000000008000f55c (0x0000853e) c.mv    a0, a5
core   0: 3 0x000000008000f55c (0x853e) x10 0x0000000080012040
core   0: 0x000000008000f55e (0x185000ef) jal     pc + 0x984
core   0: 3 0x000000008000f55e (0x185000ef) x1  0x000000008000f562
core   0: >>>>  memset
core   0: 0x000000008000fee2 (0x0000715d) c.addi16sp sp, -80
core   0: 3 0x000000008000fee2 (0x715d) x2  0x0000000080031f20
core   0: 0x000000008000fee4 (0x0000e4a2) c.sdsp  s0, 72(sp)
core   0: 3 0x000000008000fee4 (0xe4a2) mem 0x0000000080031f68 0x0000000080031f90
core   0: 0x000000008000fee6 (0x00000880) c.addi4spn s0, sp, 80
core   0: 3 0x000000008000fee6 (0x0880) x8  0x0000000080031f70
core   0: 0x000000008000fee8 (0xfca43423) sd      a0, -56(s0)
core   0: 3 0x000000008000fee8 (0xfca43423) mem 0x0000000080031f38 0x0000000080012040
core   0: 0x000000008000feec (0x000087ae) c.mv    a5, a1
core   0: 3 0x000000008000feec (0x87ae) x15 0x0000000000000000
core   0: 0x000000008000feee (0xfac43c23) sd      a2, -72(s0)
core   0: 3 0x000000008000feee (0xfac43c23) mem 0x0000000080031f28 0x000000000000009c
core   0: 0x000000008000fef2 (0xfcf42223) sw      a5, -60(s0)
core   0: 3 0x000000008000fef2 (0xfcf42223) mem 0x0000000080031f34 0x00000000
core   0: 0x000000008000fef6 (0xfc843703) ld      a4, -56(s0)
core   0: 3 0x000000008000fef6 (0xfc843703) x14 0x0000000080012040 mem 0x0000000080031f38
core   0: 0x000000008000fefa (0xfb843783) ld      a5, -72(s0)
core   0: 3 0x000000008000fefa (0xfb843783) x15 0x000000000000009c mem 0x0000000080031f28
core   0: 0x000000008000fefe (0x00008fd9) c.or    a5, a4
core   0: 3 0x000000008000fefe (0x8fd9) x15 0x00000000800120dc
core   0: 0x000000008000ff00 (0x00008b9d) c.andi  a5, 7
core   0: 3 0x000000008000ff00 (0x8b9d) x15 0x0000000000000004
core   0: 0x000000008000ff02 (0x0000e7bd) c.bnez  a5, pc + 110
core   0: 3 0x000000008000ff02 (0xe7bd)
core   0: 0x000000008000ff70 (0xfc843783) ld      a5, -56(s0)
core   0: 3 0x000000008000ff70 (0xfc843783) x15 0x0000000080012040 mem 0x0000000080031f38
core   0: 0x000000008000ff74 (0xfef43023) sd      a5, -32(s0)
core   0: 3 0x000000008000ff74 (0xfef43023) mem 0x0000000080031f50 0x0000000080012040
core   0: 0x000000008000ff78 (0x0000a829) c.j     pc + 26
core   0: 3 0x000000008000ff78 (0xa829)
core   0: 0x000000008000ff92 (0xfc843703) ld      a4, -56(s0)
core   0: 3 0x000000008000ff92 (0xfc843703) x14 0x0000000080012040 mem 0x0000000080031f38
core   0: 0x000000008000ff96 (0xfb843783) ld      a5, -72(s0)
core   0: 3 0x000000008000ff96 (0xfb843783) x15 0x000000000000009c mem 0x0000000080031f28
core   0: 0x000000008000ff9a (0x000097ba) c.add   a5, a4
core   0: 3 0x000000008000ff9a (0x97ba) x15 0x00000000800120dc
core   0: 0x000000008000ff9c (0xfe043703) ld      a4, -32(s0)
core   0: 3 0x000000008000ff9c (0xfe043703) x14 0x0000000080012040 mem 0x0000000080031f50
core   0: 0x000000008000ffa0 (0xfcf76de3) bltu    a4, a5, pc - 38
core   0: 3 0x000000008000ffa0 (0xfcf76de3)
core   0: 0x000000008000ff7a (0xfe043783) ld      a5, -32(s0)
core   0: 3 0x000000008000ff7a (0xfe043783) x15 0x0000000080012040 mem 0x0000000080031f50
core   0: 0x000000008000ff7e (0x00178713) addi    a4, a5, 1
core   0: 3 0x000000008000ff7e (0x00178713) x14 0x0000000080012041
core   0: 0x000000008000ff82 (0xfee43023) sd      a4, -32(s0)
core   0: 3 0x000000008000ff82 (0xfee43023) mem 0x0000000080031f50 0x0000000080012041
core   0: 0x000000008000ff86 (0xfc442703) lw      a4, -60(s0)
core   0: 3 0x000000008000ff86 (0xfc442703) x14 0x0000000000000000 mem 0x0000000080031f34
core   0: 0x000000008000ff8a (0x0ff77713) andi    a4, a4, 255
core   0: 3 0x000000008000ff8a (0x0ff77713) x14 0x0000000000000000
core   0: 0x000000008000ff8e (0x00e78023) sb      a4, 0(a5)
core   0: 3 0x000000008000ff8e (0x00e78023) mem 0x0000000080012040 0x00
core   0: 0x000000008000ff92 (0xfc843703) ld      a4, -56(s0)
core   0: 3 0x000000008000ff92 (0xfc843703) x14 0x0000000080012040 mem 0x0000000080031f38
core   0: 0x000000008000ff96 (0xfb843783) ld      a5, -72(s0)
core   0: 3 0x000000008000ff96 (0xfb843783) x15 0x000000000000009c mem 0x0000000080031f28
core   0: 0x000000008000ff9a (0x000097ba) c.add   a5, a4
core   0: 3 0x000000008000ff9a (0x97ba) x15 0x00000000800120dc
core   0: 0x000000008000ff9c (0xfe043703) ld      a4, -32(s0)
core   0: 3 0x000000008000ff9c (0xfe043703) x14 0x0000000080012041 mem 0x0000000080031f50
core   0: 0x000000008000ffa0 (0xfcf76de3) bltu    a4, a5, pc - 38
core   0: 3 0x000000008000ffa0 (0xfcf76de3)
core   0: 0x000000008000ff7a (0xfe043783) ld      a5, -32(s0)
core   0: 3 0x000000008000ff7a (0xfe043783) x15 0x0000000080012041 mem 0x0000000080031f50
core   0: 0x000000008000ff7e (0x00178713) addi    a4, a5, 1
core   0: 3 0x000000008000ff7e (0x00178713) x14 0x0000000080012042
core   0: 0x000000008000ff82 (0xfee43023) sd      a4, -32(s0)
core   0: 3 0x000000008000ff82 (0xfee43023) mem 0x0000000080031f50 0x0000000080012042
core   0: 0x000000008000ff86 (0xfc442703) lw      a4, -60(s0)
core   0: 3 0x000000008000ff86 (0xfc442703) x14 0x0000000000000000 mem 0x0000000080031f34
core   0: 0x000000008000ff8a (0x0ff77713) andi    a4, a4, 255
core   0: 3 0x000000008000ff8a (0x0ff77713) x14 0x0000000000000000
core   0: 0x000000008000ff8e (0x00e78023) sb      a4, 0(a5)
core   0: 3 0x000000008000ff8e (0x00e78023) mem 0x0000000080012041 0x00
core   0: 0x000000008000ff92 (0xfc843703) ld      a4, -56(s0)
core   0: 3 0x000000008000ff92 (0xfc843703) x14 0x0000000080012040 mem 0x0000000080031f38
core   0: 0x000000008000ff96 (0xfb843783) ld      a5, -72(s0)
core   0: 3 0x000000008000ff96 (0xfb843783) x15 0x000000000000009c mem 0x0000000080031f28
core   0: 0x000000008000ff9a (0x000097ba) c.add   a5, a4
core   0: 3 0x000000008000ff9a (0x97ba) x15 0x00000000800120dc
core   0: 0x000000008000ff9c (0xfe043703) ld      a4, -32(s0)
core   0: 3 0x000000008000ff9c (0xfe043703) x14 0x0000000080012042 mem 0x0000000080031f50
core   0: 0x000000008000ffa0 (0xfcf76de3) bltu    a4, a5, pc - 38
core   0: 3 0x000000008000ffa0 (0xfcf76de3)
core   0: 0x000000008000ff7a (0xfe043783) ld      a5, -32(s0)
core   0: 3 0x000000008000ff7a (0xfe043783) x15 0x0000000080012042 mem 0x0000000080031f50
core   0: 0x000000008000ff7e (0x00178713) addi    a4, a5, 1
core   0: 3 0x000000008000ff7e (0x00178713) x14 0x0000000080012043
core   0: 0x000000008000ff82 (0xfee43023) sd      a4, -32(s0)
core   0: 3 0x000000008000ff82 (0xfee43023) mem 0x0000000080031f50 0x0000000080012043
core   0: 0x000000008000ff86 (0xfc442703) lw      a4, -60(s0)
core   0: 3 0x000000008000ff86 (0xfc442703) x14 0x0000000000000000 mem 0x0000000080031f34
core   0: 0x000000008000ff8a (0x0ff77713) andi    a4, a4, 255
core   0: 3 0x000000008000ff8a (0x0ff77713) x14 0x0000000000000000
core   0: 0x000000008000ff8e (0x00e78023) sb      a4, 0(a5)
core   0: 3 0x000000008000ff8e (0x00e78023) mem 0x0000000080012042 0x00
core   0: 0x000000008000ff92 (0xfc843703) ld      a4, -56(s0)
core   0: 3 0x000000008000ff92 (0xfc843703) x14 0x0000000080012040 mem 0x0000000080031f38
core   0: 0x000000008000ff96 (0xfb843783) ld      a5, -72(s0)
core   0: 3 0x000000008000ff96 (0xfb843783) x15 0x000000000000009c mem 0x0000000080031f28
core   0: 0x000000008000ff9a (0x000097ba) c.add   a5, a4
core   0: 3 0x000000008000ff9a (0x97ba) x15 0x00000000800120dc
core   0: 0x000000008000ff9c (0xfe043703) ld      a4, -32(s0)
core   0: 3 0x000000008000ff9c (0xfe043703) x14 0x0000000080012043 mem 0x0000000080031f50
core   0: 0x000000008000ffa0 (0xfcf76de3) bltu    a4, a5, pc - 38
core   0: 3 0x000000008000ffa0 (0xfcf76de3)
core   0: 0x000000008000ff7a (0xfe043783) ld      a5, -32(s0)
core   0: 3 0x000000008000ff7a (0xfe043783) x15 0x0000000080012043 mem 0x0000000080031f50
core   0: 0x000000008000ff7e (0x00178713) addi    a4, a5, 1
core   0: 3 0x000000008000ff7e (0x00178713) x14 0x0000000080012044
core   0: 0x000000008000ff82 (0xfee43023) sd      a4, -32(s0)
core   0: 3 0x000000008000ff82 (0xfee43023) mem 0x0000000080031f50 0x0000000080012044
core   0: 0x000000008000ff86 (0xfc442703) lw      a4, -60(s0)
core   0: 3 0x000000008000ff86 (0xfc442703) x14 0x0000000000000000 mem 0x0000000080031f34
core   0: 0x000000008000ff8a (0x0ff77713) andi    a4, a4, 255
core   0: 3 0x000000008000ff8a (0x0ff77713) x14 0x0000000000000000
core   0: 0x000000008000ff8e (0x00e78023) sb      a4, 0(a5)
core   0: 3 0x000000008000ff8e (0x00e78023) mem 0x0000000080012043 0x00
core   0: 0x000000008000ff92 (0xfc843703) ld      a4, -56(s0)
core   0: 3 0x000000008000ff92 (0xfc843703) x14 0x0000000080012040 mem 0x0000000080031f38
core   0: 0x000000008000ff96 (0xfb843783) ld      a5, -72(s0)
core   0: 3 0x000000008000ff96 (0xfb843783) x15 0x000000000000009c mem 0x0000000080031f28
core   0: 0x000000008000ff9a (0x000097ba) c.add   a5, a4
core   0: 3 0x000000008000ff9a (0x97ba) x15 0x00000000800120dc
core   0: 0x000000008000ff9c (0xfe043703) ld      a4, -32(s0)
core   0: 3 0x000000008000ff9c (0xfe043703) x14 0x0000000080012044 mem 0x0000000080031f50
core   0: 0x000000008000ffa0 (0xfcf76de3) bltu    a4, a5, pc - 38
core   0: 3 0x000000008000ffa0 (0xfcf76de3)
core   0: 0x000000008000ff7a (0xfe043783) ld      a5, -32(s0)
core   0: 3 0x000000008000ff7a (0xfe043783) x15 0x0000000080012044 mem 0x0000000080031f50
core   0: 0x000000008000ff7e (0x00178713) addi    a4, a5, 1
core   0: 3 0x000000008000ff7e (0x00178713) x14 0x0000000080012045
core   0: 0x000000008000ff82 (0xfee43023) sd      a4, -32(s0)
core   0: 3 0x000000008000ff82 (0xfee43023) mem 0x0000000080031f50 0x0000000080012045
core   0: 0x000000008000ff86 (0xfc442703) lw      a4, -60(s0)
core   0: 3 0x000000008000ff86 (0xfc442703) x14 0x0000000000000000 mem 0x0000000080031f34
core   0: 0x000000008000ff8a (0x0ff77713) andi    a4, a4, 255
core   0: 3 0x000000008000ff8a (0x0ff77713) x14 0x0000000000000000
core   0: 0x000000008000ff8e (0x00e78023) sb      a4, 0(a5)
core   0: 3 0x000000008000ff8e (0x00e78023) mem 0x0000000080012044 0x00
core   0: 0x000000008000ff92 (0xfc843703) ld      a4, -56(s0)
core   0: 3 0x000000008000ff92 (0xfc843703) x14 0x0000000080012040 mem 0x0000000080031f38
core   0: 0x000000008000ff96 (0xfb843783) ld      a5, -72(s0)
core   0: 3 0x000000008000ff96 (0xfb843783) x15 0x000000000000009c mem 0x0000000080031f28
core   0: 0x000000008000ff9a (0x000097ba) c.add   a5, a4
core   0: 3 0x000000008000ff9a (0x97ba) x15 0x00000000800120dc
core   0: 0x000000008000ff9c (0xfe043703) ld      a4, -32(s0)
core   0: 3 0x000000008000ff9c (0xfe043703) x14 0x0000000080012045 mem 0x0000000080031f50
core   0: 0x000000008000ffa0 (0xfcf76de3) bltu    a4, a5, pc - 38
core   0: 3 0x000000008000ffa0 (0xfcf76de3)
core   0: 0x000000008000ff7a (0xfe043783) ld      a5, -32(s0)
core   0: 3 0x000000008000ff7a (0xfe043783) x15 0x0000000080012045 mem 0x0000000080031f50
core   0: 0x000000008000ff7e (0x00178713) addi    a4, a5, 1
core   0: 3 0x000000008000ff7e (0x00178713) x14 0x0000000080012046
core   0: 0x000000008000ff82 (0xfee43023) sd      a4, -32(s0)
core   0: 3 0x000000008000ff82 (0xfee43023) mem 0x0000000080031f50 0x0000000080012046
core   0: 0x000000008000ff86 (0xfc442703) lw      a4, -60(s0)
core   0: 3 0x000000008000ff86 (0xfc442703) x14 0x0000000000000000 mem 0x0000000080031f34
core   0: 0x000000008000ff8a (0x0ff77713) andi    a4, a4, 255
core   0: 3 0x000000008000ff8a (0x0ff77713) x14 0x0000000000000000
core   0: 0x000000008000ff8e (0x00e78023) sb      a4, 0(a5)
core   0: 3 0x000000008000ff8e (0x00e78023) mem 0x0000000080012045 0x00
core   0: 0x000000008000ff92 (0xfc843703) ld      a4, -56(s0)
core   0: 3 0x000000008000ff92 (0xfc843703) x14 0x0000000080012040 mem 0x0000000080031f38
core   0: 0x000000008000ff96 (0xfb843783) ld      a5, -72(s0)
core   0: 3 0x000000008000ff96 (0xfb843783) x15 0x000000000000009c mem 0x0000000080031f28
core   0: 0x000000008000ff9a (0x000097ba) c.add   a5, a4
core   0: 3 0x000000008000ff9a (0x97ba) x15 0x00000000800120dc
core   0: 0x000000008000ff9c (0xfe043703) ld      a4, -32(s0)
core   0: 3 0x000000008000ff9c (0xfe043703) x14 0x0000000080012046 mem 0x0000000080031f50
core   0: 0x000000008000ffa0 (0xfcf76de3) bltu    a4, a5, pc - 38
core   0: 3 0x000000008000ffa0 (0xfcf76de3)
core   0: 0x000000008000ff7a (0xfe043783) ld      a5, -32(s0)
core   0: 3 0x000000008000ff7a (0xfe043783) x15 0x0000000080012046 mem 0x0000000080031f50
core   0: 0x000000008000ff7e (0x00178713) addi    a4, a5, 1
core   0: 3 0x000000008000ff7e (0x00178713) x14 0x0000000080012047
core   0: 0x000000008000ff82 (0xfee43023) sd      a4, -32(s0)
core   0: 3 0x000000008000ff82 (0xfee43023) mem 0x0000000080031f50 0x0000000080012047
core   0: 0x000000008000ff86 (0xfc442703) lw      a4, -60(s0)
core   0: 3 0x000000008000ff86 (0xfc442703) x14 0x0000000000000000 mem 0x0000000080031f34
core   0: 0x000000008000ff8a (0x0ff77713) andi    a4, a4, 255
core   0: 3 0x000000008000ff8a (0x0ff77713) x14 0x0000000000000000
core   0: 0x000000008000ff8e (0x00e78023) sb      a4, 0(a5)
core   0: 3 0x000000008000ff8e (0x00e78023) mem 0x0000000080012046 0x00
core   0: 0x000000008000ff92 (0xfc843703) ld      a4, -56(s0)
core   0: 3 0x000000008000ff92 (0xfc843703) x14 0x0000000080012040 mem 0x0000000080031f38
core   0: 0x000000008000ff96 (0xfb843783) ld      a5, -72(s0)
core   0: 3 0x000000008000ff96 (0xfb843783) x15 0x000000000000009c mem 0x0000000080031f28
core   0: 0x000000008000ff9a (0x000097ba) c.add   a5, a4
core   0: 3 0x000000008000ff9a (0x97ba) x15 0x00000000800120dc
core   0: 0x000000008000ff9c (0xfe043703) ld      a4, -32(s0)
core   0: 3 0x000000008000ff9c (0xfe043703) x14 0x0000000080012047 mem 0x0000000080031f50
core   0: 0x000000008000ffa0 (0xfcf76de3) bltu    a4, a5, pc - 38
core   0: 3 0x000000008000ffa0 (0xfcf76de3)
core   0: 0x000000008000ff7a (0xfe043783) ld      a5, -32(s0)
core   0: 3 0x000000008000ff7a (0xfe043783) x15 0x0000000080012047 mem 0x0000000080031f50
core   0: 0x000000008000ff7e (0x00178713) addi    a4, a5, 1
core   0: 3 0x000000008000ff7e (0x00178713) x14 0x0000000080012048
core   0: 0x000000008000ff82 (0xfee43023) sd      a4, -32(s0)
core   0: 3 0x000000008000ff82 (0xfee43023) mem 0x0000000080031f50 0x0000000080012048
core   0: 0x000000008000ff86 (0xfc442703) lw      a4, -60(s0)
core   0: 3 0x000000008000ff86 (0xfc442703) x14 0x0000000000000000 mem 0x0000000080031f34
core   0: 0x000000008000ff8a (0x0ff77713) andi    a4, a4, 255
core   0: 3 0x000000008000ff8a (0x0ff77713) x14 0x0000000000000000
core   0: 0x000000008000ff8e (0x00e78023) sb      a4, 0(a5)
core   0: 3 0x000000008000ff8e (0x00e78023) mem 0x0000000080012047 0x00
core   0: 0x000000008000ff92 (0xfc843703) ld      a4, -56(s0)
core   0: 3 0x000000008000ff92 (0xfc843703) x14 0x0000000080012040 mem 0x0000000080031f38
core   0: 0x000000008000ff96 (0xfb843783) ld      a5, -72(s0)
core   0: 3 0x000000008000ff96 (0xfb843783) x15 0x000000000000009c mem 0x0000000080031f28
core   0: 0x000000008000ff9a (0x000097ba) c.add   a5, a4
core   0: 3 0x000000008000ff9a (0x97ba) x15 0x00000000800120dc
core   0: 0x000000008000ff9c (0xfe043703) ld      a4, -32(s0)
core   0: 3 0x000000008000ff9c (0xfe043703) x14 0x0000000080012048 mem 0x0000000080031f50
core   0: 0x000000008000ffa0 (0xfcf76de3) bltu    a4, a5, pc - 38
core   0: 3 0x000000008000ffa0 (0xfcf76de3)
core   0: 0x000000008000ff7a (0xfe043783) ld      a5, -32(s0)
core   0: 3 0x000000008000ff7a (0xfe043783) x15 0x0000000080012048 mem 0x0000000080031f50
core   0: 0x000000008000ff7e (0x00178713) addi    a4, a5, 1
core   0: 3 0x000000008000ff7e (0x00178713) x14 0x0000000080012049
core   0: 0x000000008000ff82 (0xfee43023) sd      a4, -32(s0)
core   0: 3 0x000000008000ff82 (0xfee43023) mem 0x0000000080031f50 0x0000000080012049
core   0: 0x000000008000ff86 (0xfc442703) lw      a4, -60(s0)
core   0: 3 0x000000008000ff86 (0xfc442703) x14 0x0000000000000000 mem 0x0000000080031f34
core   0: 0x000000008000ff8a (0x0ff77713) andi    a4, a4, 255
core   0: 3 0x000000008000ff8a (0x0ff77713) x14 0x0000000000000000
core   0: 0x000000008000ff8e (0x00e78023) sb      a4, 0(a5)
core   0: 3 0x000000008000ff8e (0x00e78023) mem 0x0000000080012048 0x00
core   0: 0x000000008000ff92 (0xfc843703) ld      a4, -56(s0)
core   0: 3 0x000000008000ff92 (0xfc843703) x14 0x0000000080012040 mem 0x0000000080031f38
core   0: 0x000000008000ff96 (0xfb843783) ld      a5, -72(s0)
core   0: 3 0x000000008000ff96 (0xfb843783) x15 0x000000000000009c mem 0x0000000080031f28
core   0: 0x000000008000ff9a (0x000097ba) c.add   a5, a4
core   0: 3 0x000000008000ff9a (0x97ba) x15 0x00000000800120dc
core   0: 0x000000008000ff9c (0xfe043703) ld      a4, -32(s0)
core   0: 3 0x000000008000ff9c (0xfe043703) x14 0x0000000080012049 mem 0x0000000080031f50
core   0: 0x000000008000ffa0 (0xfcf76de3) bltu    a4, a5, pc - 38
core   0: 3 0x000000008000ffa0 (0xfcf76de3)
core   0: 0x000000008000ff7a (0xfe043783) ld      a5, -32(s0)
core   0: 3 0x000000008000ff7a (0xfe043783) x15 0x0000000080012049 mem 0x0000000080031f50
core   0: 0x000000008000ff7e (0x00178713) addi    a4, a5, 1
core   0: 3 0x000000008000ff7e (0x00178713) x14 0x000000008001204a
core   0: 0x000000008000ff82 (0xfee43023) sd      a4, -32(s0)
core   0: 3 0x000000008000ff82 (0xfee43023) mem 0x0000000080031f50 0x000000008001204a
core   0: 0x000000008000ff86 (0xfc442703) lw      a4, -60(s0)
core   0: 3 0x000000008000ff86 (0xfc442703) x14 0x0000000000000000 mem 0x0000000080031f34
core   0: 0x000000008000ff8a (0x0ff77713) andi    a4, a4, 255
core   0: 3 0x000000008000ff8a (0x0ff77713) x14 0x0000000000000000
core   0: 0x000000008000ff8e (0x00e78023) sb      a4, 0(a5)
core   0: 3 0x000000008000ff8e (0x00e78023) mem 0x0000000080012049 0x00
core   0: 0x000000008000ff92 (0xfc843703) ld      a4, -56(s0)
core   0: 3 0x000000008000ff92 (0xfc843703) x14 0x0000000080012040 mem 0x0000000080031f38
core   0: 0x000000008000ff96 (0xfb843783) ld      a5, -72(s0)
core   0: 3 0x000000008000ff96 (0xfb843783) x15 0x000000000000009c mem 0x0000000080031f28
core   0: 0x000000008000ff9a (0x000097ba) c.add   a5, a4
core   0: 3 0x000000008000ff9a (0x97ba) x15 0x00000000800120dc
core   0: 0x000000008000ff9c (0xfe043703) ld      a4, -32(s0)
core   0: 3 0x000000008000ff9c (0xfe043703) x14 0x000000008001204a mem 0x0000000080031f50
core   0: 0x000000008000ffa0 (0xfcf76de3) bltu    a4, a5, pc - 38
core   0: 3 0x000000008000ffa0 (0xfcf76de3)
core   0: 0x000000008000ff7a (0xfe043783) ld      a5, -32(s0)
core   0: 3 0x000000008000ff7a (0xfe043783) x15 0x000000008001204a mem 0x0000000080031f50
core   0: 0x000000008000ff7e (0x00178713) addi    a4, a5, 1
core   0: 3 0x000000008000ff7e (0x00178713) x14 0x000000008001204b
core   0: 0x000000008000ff82 (0xfee43023) sd      a4, -32(s0)
core   0: 3 0x000000008000ff82 (0xfee43023) mem 0x0000000080031f50 0x000000008001204b
core   0: 0x000000008000ff86 (0xfc442703) lw      a4, -60(s0)
core   0: 3 0x000000008000ff86 (0xfc442703) x14 0x0000000000000000 mem 0x0000000080031f34
core   0: 0x000000008000ff8a (0x0ff77713) andi    a4, a4, 255
core   0: 3 0x000000008000ff8a (0x0ff77713) x14 0x0000000000000000
core   0: 0x000000008000ff8e (0x00e78023) sb      a4, 0(a5)
core   0: 3 0x000000008000ff8e (0x00e78023) mem 0x000000008001204a 0x00
core   0: 0x000000008000ff92 (0xfc843703) ld      a4, -56(s0)
core   0: 3 0x000000008000ff92 (0xfc843703) x14 0x0000000080012040 mem 0x0000000080031f38
core   0: 0x000000008000ff96 (0xfb843783) ld      a5, -72(s0)
core   0: 3 0x000000008000ff96 (0xfb843783) x15 0x000000000000009c mem 0x0000000080031f28
core   0: 0x000000008000ff9a (0x000097ba) c.add   a5, a4
core   0: 3 0x000000008000ff9a (0x97ba) x15 0x00000000800120dc
core   0: 0x000000008000ff9c (0xfe043703) ld      a4, -32(s0)
core   0: 3 0x000000008000ff9c (0xfe043703) x14 0x000000008001204b mem 0x0000000080031f50
core   0: 0x000000008000ffa0 (0xfcf76de3) bltu    a4, a5, pc - 38
core   0: 3 0x000000008000ffa0 (0xfcf76de3)
core   0: 0x000000008000ff7a (0xfe043783) ld      a5, -32(s0)
core   0: 3 0x000000008000ff7a (0xfe043783) x15 0x000000008001204b mem 0x0000000080031f50
core   0: 0x000000008000ff7e (0x00178713) addi    a4, a5, 1
core   0: 3 0x000000008000ff7e (0x00178713) x14 0x000000008001204c
core   0: 0x000000008000ff82 (0xfee43023) sd      a4, -32(s0)
core   0: 3 0x000000008000ff82 (0xfee43023) mem 0x0000000080031f50 0x000000008001204c
core   0: 0x000000008000ff86 (0xfc442703) lw      a4, -60(s0)
core   0: 3 0x000000008000ff86 (0xfc442703) x14 0x0000000000000000 mem 0x0000000080031f34
core   0: 0x000000008000ff8a (0x0ff77713) andi    a4, a4, 255
core   0: 3 0x000000008000ff8a (0x0ff77713) x14 0x0000000000000000
core   0: 0x000000008000ff8e (0x00e78023) sb      a4, 0(a5)
core   0: 3 0x000000008000ff8e (0x00e78023) mem 0x000000008001204b 0x00
core   0: 0x000000008000ff92 (0xfc843703) ld      a4, -56(s0)
core   0: 3 0x000000008000ff92 (0xfc843703) x14 0x0000000080012040 mem 0x0000000080031f38
core   0: 0x000000008000ff96 (0xfb843783) ld      a5, -72(s0)
core   0: 3 0x000000008000ff96 (0xfb843783) x15 0x000000000000009c mem 0x0000000080031f28
core   0: 0x000000008000ff9a (0x000097ba) c.add   a5, a4
core   0: 3 0x000000008000ff9a (0x97ba) x15 0x00000000800120dc
core   0: 0x000000008000ff9c (0xfe043703) ld      a4, -32(s0)
core   0: 3 0x000000008000ff9c (0xfe043703) x14 0x000000008001204c mem 0x0000000080031f50
core   0: 0x000000008000ffa0 (0xfcf76de3) bltu    a4, a5, pc - 38
core   0: 3 0x000000008000ffa0 (0xfcf76de3)
core   0: 0x000000008000ff7a (0xfe043783) ld      a5, -32(s0)
core   0: 3 0x000000008000ff7a (0xfe043783) x15 0x000000008001204c mem 0x0000000080031f50
core   0: 0x000000008000ff7e (0x00178713) addi    a4, a5, 1
core   0: 3 0x000000008000ff7e (0x00178713) x14 0x000000008001204d
core   0: 0x000000008000ff82 (0xfee43023) sd      a4, -32(s0)
core   0: 3 0x000000008000ff82 (0xfee43023) mem 0x0000000080031f50 0x000000008001204d
core   0: 0x000000008000ff86 (0xfc442703) lw      a4, -60(s0)
core   0: 3 0x000000008000ff86 (0xfc442703) x14 0x0000000000000000 mem 0x0000000080031f34
core   0: 0x000000008000ff8a (0x0ff77713) andi    a4, a4, 255
core   0: 3 0x000000008000ff8a (0x0ff77713) x14 0x0000000000000000
core   0: 0x000000008000ff8e (0x00e78023) sb      a4, 0(a5)
core   0: 3 0x000000008000ff8e (0x00e78023) mem 0x000000008001204c 0x00
core   0: 0x000000008000ff92 (0xfc843703) ld      a4, -56(s0)
core   0: 3 0x000000008000ff92 (0xfc843703) x14 0x0000000080012040 mem 0x0000000080031f38
core   0: 0x000000008000ff96 (0xfb843783) ld      a5, -72(s0)
core   0: 3 0x000000008000ff96 (0xfb843783) x15 0x000000000000009c mem 0x0000000080031f28
core   0: 0x000000008000ff9a (0x000097ba) c.add   a5, a4
core   0: 3 0x000000008000ff9a (0x97ba) x15 0x00000000800120dc
core   0: 0x000000008000ff9c (0xfe043703) ld      a4, -32(s0)
core   0: 3 0x000000008000ff9c (0xfe043703) x14 0x000000008001204d mem 0x0000000080031f50
core   0: 0x000000008000ffa0 (0xfcf76de3) bltu    a4, a5, pc - 38
core   0: 3 0x000000008000ffa0 (0xfcf76de3)
core   0: 0x000000008000ff7a (0xfe043783) ld      a5, -32(s0)
core   0: 3 0x000000008000ff7a (0xfe043783) x15 0x000000008001204d mem 0x0000000080031f50
core   0: 0x000000008000ff7e (0x00178713) addi    a4, a5, 1
core   0: 3 0x000000008000ff7e (0x00178713) x14 0x000000008001204e
core   0: 0x000000008000ff82 (0xfee43023) sd      a4, -32(s0)
core   0: 3 0x000000008000ff82 (0xfee43023) mem 0x0000000080031f50 0x000000008001204e
core   0: 0x000000008000ff86 (0xfc442703) lw      a4, -60(s0)
core   0: 3 0x000000008000ff86 (0xfc442703) x14 0x0000000000000000 mem 0x0000000080031f34
core   0: 0x000000008000ff8a (0x0ff77713) andi    a4, a4, 255
core   0: 3 0x000000008000ff8a (0x0ff77713) x14 0x0000000000000000
core   0: 0x000000008000ff8e (0x00e78023) sb      a4, 0(a5)
core   0: 3 0x000000008000ff8e (0x00e78023) mem 0x000000008001204d 0x00
core   0: 0x000000008000ff92 (0xfc843703) ld      a4, -56(s0)
core   0: 3 0x000000008000ff92 (0xfc843703) x14 0x0000000080012040 mem 0x0000000080031f38
core   0: 0x000000008000ff96 (0xfb843783) ld      a5, -72(s0)
core   0: 3 0x000000008000ff96 (0xfb843783) x15 0x000000000000009c mem 0x0000000080031f28
core   0: 0x000000008000ff9a (0x000097ba) c.add   a5, a4
core   0: 3 0x000000008000ff9a (0x97ba) x15 0x00000000800120dc
core   0: 0x000000008000ff9c (0xfe043703) ld      a4, -32(s0)
core   0: 3 0x000000008000ff9c (0xfe043703) x14 0x000000008001204e mem 0x0000000080031f50
core   0: 0x000000008000ffa0 (0xfcf76de3) bltu    a4, a5, pc - 38
core   0: 3 0x000000008000ffa0 (0xfcf76de3)
core   0: 0x000000008000ff7a (0xfe043783) ld      a5, -32(s0)
core   0: 3 0x000000008000ff7a (0xfe043783) x15 0x000000008001204e mem 0x0000000080031f50
core   0: 0x000000008000ff7e (0x00178713) addi    a4, a5, 1
core   0: 3 0x000000008000ff7e (0x00178713) x14 0x000000008001204f
core   0: 0x000000008000ff82 (0xfee43023) sd      a4, -32(s0)
core   0: 3 0x000000008000ff82 (0xfee43023) mem 0x0000000080031f50 0x000000008001204f
core   0: 0x000000008000ff86 (0xfc442703) lw      a4, -60(s0)
core   0: 3 0x000000008000ff86 (0xfc442703) x14 0x0000000000000000 mem 0x0000000080031f34
core   0: 0x000000008000ff8a (0x0ff77713) andi    a4, a4, 255
core   0: 3 0x000000008000ff8a (0x0ff77713) x14 0x0000000000000000
core   0: 0x000000008000ff8e (0x00e78023) sb      a4, 0(a5)
core   0: 3 0x000000008000ff8e (0x00e78023) mem 0x000000008001204e 0x00
core   0: 0x000000008000ff92 (0xfc843703) ld      a4, -56(s0)
core   0: 3 0x000000008000ff92 (0xfc843703) x14 0x0000000080012040 mem 0x0000000080031f38
core   0: 0x000000008000ff96 (0xfb843783) ld      a5, -72(s0)
core   0: 3 0x000000008000ff96 (0xfb843783) x15 0x000000000000009c mem 0x0000000080031f28
core   0: 0x000000008000ff9a (0x000097ba) c.add   a5, a4
core   0: 3 0x000000008000ff9a (0x97ba) x15 0x00000000800120dc
core   0: 0x000000008000ff9c (0xfe043703) ld      a4, -32(s0)
core   0: 3 0x000000008000ff9c (0xfe043703) x14 0x000000008001204f mem 0x0000000080031f50
core   0: 0x000000008000ffa0 (0xfcf76de3) bltu    a4, a5, pc - 38
core   0: 3 0x000000008000ffa0 (0xfcf76de3)
core   0: 0x000000008000ff7a (0xfe043783) ld      a5, -32(s0)
core   0: 3 0x000000008000ff7a (0xfe043783) x15 0x000000008001204f mem 0x0000000080031f50
core   0: 0x000000008000ff7e (0x00178713) addi    a4, a5, 1
core   0: 3 0x000000008000ff7e (0x00178713) x14 0x0000000080012050
core   0: 0x000000008000ff82 (0xfee43023) sd      a4, -32(s0)
core   0: 3 0x000000008000ff82 (0xfee43023) mem 0x0000000080031f50 0x0000000080012050
core   0: 0x000000008000ff86 (0xfc442703) lw      a4, -60(s0)
core   0: 3 0x000000008000ff86 (0xfc442703) x14 0x0000000000000000 mem 0x0000000080031f34
core   0: 0x000000008000ff8a (0x0ff77713) andi    a4, a4, 255
core   0: 3 0x000000008000ff8a (0x0ff77713) x14 0x0000000000000000
core   0: 0x000000008000ff8e (0x00e78023) sb      a4, 0(a5)
core   0: 3 0x000000008000ff8e (0x00e78023) mem 0x000000008001204f 0x00
core   0: 0x000000008000ff92 (0xfc843703) ld      a4, -56(s0)
core   0: 3 0x000000008000ff92 (0xfc843703) x14 0x0000000080012040 mem 0x0000000080031f38
core   0: 0x000000008000ff96 (0xfb843783) ld      a5, -72(s0)
core   0: 3 0x000000008000ff96 (0xfb843783) x15 0x000000000000009c mem 0x0000000080031f28
core   0: 0x000000008000ff9a (0x000097ba) c.add   a5, a4
core   0: 3 0x000000008000ff9a (0x97ba) x15 0x00000000800120dc
core   0: 0x000000008000ff9c (0xfe043703) ld      a4, -32(s0)
core   0: 3 0x000000008000ff9c (0xfe043703) x14 0x0000000080012050 mem 0x0000000080031f50
core   0: 0x000000008000ffa0 (0xfcf76de3) bltu    a4, a5, pc - 38
core   0: 3 0x000000008000ffa0 (0xfcf76de3)
core   0: 0x000000008000ff7a (0xfe043783) ld      a5, -32(s0)
core   0: 3 0x000000008000ff7a (0xfe043783) x15 0x0000000080012050 mem 0x0000000080031f50
core   0: 0x000000008000ff7e (0x00178713) addi    a4, a5, 1
core   0: 3 0x000000008000ff7e (0x00178713) x14 0x0000000080012051
core   0: 0x000000008000ff82 (0xfee43023) sd      a4, -32(s0)
core   0: 3 0x000000008000ff82 (0xfee43023) mem 0x0000000080031f50 0x0000000080012051
core   0: 0x000000008000ff86 (0xfc442703) lw      a4, -60(s0)
core   0: 3 0x000000008000ff86 (0xfc442703) x14 0x0000000000000000 mem 0x0000000080031f34
core   0: 0x000000008000ff8a (0x0ff77713) andi    a4, a4, 255
core   0: 3 0x000000008000ff8a (0x0ff77713) x14 0x0000000000000000
core   0: 0x000000008000ff8e (0x00e78023) sb      a4, 0(a5)
core   0: 3 0x000000008000ff8e (0x00e78023) mem 0x0000000080012050 0x00
core   0: 0x000000008000ff92 (0xfc843703) ld      a4, -56(s0)
core   0: 3 0x000000008000ff92 (0xfc843703) x14 0x0000000080012040 mem 0x0000000080031f38
core   0: 0x000000008000ff96 (0xfb843783) ld      a5, -72(s0)
core   0: 3 0x000000008000ff96 (0xfb843783) x15 0x000000000000009c mem 0x0000000080031f28
core   0: 0x000000008000ff9a (0x000097ba) c.add   a5, a4
core   0: 3 0x000000008000ff9a (0x97ba) x15 0x00000000800120dc
core   0: 0x000000008000ff9c (0xfe043703) ld      a4, -32(s0)
core   0: 3 0x000000008000ff9c (0xfe043703) x14 0x0000000080012051 mem 0x0000000080031f50
core   0: 0x000000008000ffa0 (0xfcf76de3) bltu    a4, a5, pc - 38
core   0: 3 0x000000008000ffa0 (0xfcf76de3)
core   0: 0x000000008000ff7a (0xfe043783) ld      a5, -32(s0)
core   0: 3 0x000000008000ff7a (0xfe043783) x15 0x0000000080012051 mem 0x0000000080031f50
core   0: 0x000000008000ff7e (0x00178713) addi    a4, a5, 1
core   0: 3 0x000000008000ff7e (0x00178713) x14 0x0000000080012052
core   0: 0x000000008000ff82 (0xfee43023) sd      a4, -32(s0)
core   0: 3 0x000000008000ff82 (0xfee43023) mem 0x0000000080031f50 0x0000000080012052
core   0: 0x000000008000ff86 (0xfc442703) lw      a4, -60(s0)
core   0: 3 0x000000008000ff86 (0xfc442703) x14 0x0000000000000000 mem 0x0000000080031f34
core   0: 0x000000008000ff8a (0x0ff77713) andi    a4, a4, 255
core   0: 3 0x000000008000ff8a (0x0ff77713) x14 0x0000000000000000
core   0: 0x000000008000ff8e (0x00e78023) sb      a4, 0(a5)
core   0: 3 0x000000008000ff8e (0x00e78023) mem 0x0000000080012051 0x00
core   0: 0x000000008000ff92 (0xfc843703) ld      a4, -56(s0)
core   0: 3 0x000000008000ff92 (0xfc843703) x14 0x0000000080012040 mem 0x0000000080031f38
core   0: 0x000000008000ff96 (0xfb843783) ld      a5, -72(s0)
core   0: 3 0x000000008000ff96 (0xfb843783) x15 0x000000000000009c mem 0x0000000080031f28
core   0: 0x000000008000ff9a (0x000097ba) c.add   a5, a4
core   0: 3 0x000000008000ff9a (0x97ba) x15 0x00000000800120dc
core   0: 0x000000008000ff9c (0xfe043703) ld      a4, -32(s0)
core   0: 3 0x000000008000ff9c (0xfe043703) x14 0x0000000080012052 mem 0x0000000080031f50
core   0: 0x000000008000ffa0 (0xfcf76de3) bltu    a4, a5, pc - 38
core   0: 3 0x000000008000ffa0 (0xfcf76de3)
core   0: 0x000000008000ff7a (0xfe043783) ld      a5, -32(s0)
core   0: 3 0x000000008000ff7a (0xfe043783) x15 0x0000000080012052 mem 0x0000000080031f50
core   0: 0x000000008000ff7e (0x00178713) addi    a4, a5, 1
core   0: 3 0x000000008000ff7e (0x00178713) x14 0x0000000080012053
core   0: 0x000000008000ff82 (0xfee43023) sd      a4, -32(s0)
core   0: 3 0x000000008000ff82 (0xfee43023) mem 0x0000000080031f50 0x0000000080012053
core   0: 0x000000008000ff86 (0xfc442703) lw      a4, -60(s0)
core   0: 3 0x000000008000ff86 (0xfc442703) x14 0x0000000000000000 mem 0x0000000080031f34
core   0: 0x000000008000ff8a (0x0ff77713) andi    a4, a4, 255
core   0: 3 0x000000008000ff8a (0x0ff77713) x14 0x0000000000000000
core   0: 0x000000008000ff8e (0x00e78023) sb      a4, 0(a5)
core   0: 3 0x000000008000ff8e (0x00e78023) mem 0x0000000080012052 0x00
core   0: 0x000000008000ff92 (0xfc843703) ld      a4, -56(s0)
core   0: 3 0x000000008000ff92 (0xfc843703) x14 0x0000000080012040 mem 0x0000000080031f38
core   0: 0x000000008000ff96 (0xfb843783) ld      a5, -72(s0)
core   0: 3 0x000000008000ff96 (0xfb843783) x15 0x000000000000009c mem 0x0000000080031f28
core   0: 0x000000008000ff9a (0x000097ba) c.add   a5, a4
core   0: 3 0x000000008000ff9a (0x97ba) x15 0x00000000800120dc
core   0: 0x000000008000ff9c (0xfe043703) ld      a4, -32(s0)
core   0: 3 0x000000008000ff9c (0xfe043703) x14 0x0000000080012053 mem 0x0000000080031f50
core   0: 0x000000008000ffa0 (0xfcf76de3) bltu    a4, a5, pc - 38
core   0: 3 0x000000008000ffa0 (0xfcf76de3)
core   0: 0x000000008000ff7a (0xfe043783) ld      a5, -32(s0)
core   0: 3 0x000000008000ff7a (0xfe043783) x15 0x0000000080012053 mem 0x0000000080031f50
core   0: 0x000000008000ff7e (0x00178713) addi    a4, a5, 1
core   0: 3 0x000000008000ff7e (0x00178713) x14 0x0000000080012054
core   0: 0x000000008000ff82 (0xfee43023) sd      a4, -32(s0)
core   0: 3 0x000000008000ff82 (0xfee43023) mem 0x0000000080031f50 0x0000000080012054
core   0: 0x000000008000ff86 (0xfc442703) lw      a4, -60(s0)
core   0: 3 0x000000008000ff86 (0xfc442703) x14 0x0000000000000000 mem 0x0000000080031f34
core   0: 0x000000008000ff8a (0x0ff77713) andi    a4, a4, 255
core   0: 3 0x000000008000ff8a (0x0ff77713) x14 0x0000000000000000
core   0: 0x000000008000ff8e (0x00e78023) sb      a4, 0(a5)
core   0: 3 0x000000008000ff8e (0x00e78023) mem 0x0000000080012053 0x00
core   0: 0x000000008000ff92 (0xfc843703) ld      a4, -56(s0)
core   0: 3 0x000000008000ff92 (0xfc843703) x14 0x0000000080012040 mem 0x0000000080031f38
core   0: 0x000000008000ff96 (0xfb843783) ld      a5, -72(s0)
core   0: 3 0x000000008000ff96 (0xfb843783) x15 0x000000000000009c mem 0x0000000080031f28
core   0: 0x000000008000ff9a (0x000097ba) c.add   a5, a4
core   0: 3 0x000000008000ff9a (0x97ba) x15 0x00000000800120dc
core   0: 0x000000008000ff9c (0xfe043703) ld      a4, -32(s0)
core   0: 3 0x000000008000ff9c (0xfe043703) x14 0x0000000080012054 mem 0x0000000080031f50
core   0: 0x000000008000ffa0 (0xfcf76de3) bltu    a4, a5, pc - 38
core   0: 3 0x000000008000ffa0 (0xfcf76de3)
core   0: 0x000000008000ff7a (0xfe043783) ld      a5, -32(s0)
core   0: 3 0x000000008000ff7a (0xfe043783) x15 0x0000000080012054 mem 0x0000000080031f50
core   0: 0x000000008000ff7e (0x00178713) addi    a4, a5, 1
core   0: 3 0x000000008000ff7e (0x00178713) x14 0x0000000080012055
core   0: 0x000000008000ff82 (0xfee43023) sd      a4, -32(s0)
core   0: 3 0x000000008000ff82 (0xfee43023) mem 0x0000000080031f50 0x0000000080012055
core   0: 0x000000008000ff86 (0xfc442703) lw      a4, -60(s0)
core   0: 3 0x000000008000ff86 (0xfc442703) x14 0x0000000000000000 mem 0x0000000080031f34
core   0: 0x000000008000ff8a (0x0ff77713) andi    a4, a4, 255
core   0: 3 0x000000008000ff8a (0x0ff77713) x14 0x0000000000000000
core   0: 0x000000008000ff8e (0x00e78023) sb      a4, 0(a5)
core   0: 3 0x000000008000ff8e (0x00e78023) mem 0x0000000080012054 0x00
core   0: 0x000000008000ff92 (0xfc843703) ld      a4, -56(s0)
core   0: 3 0x000000008000ff92 (0xfc843703) x14 0x0000000080012040 mem 0x0000000080031f38
core   0: 0x000000008000ff96 (0xfb843783) ld      a5, -72(s0)
core   0: 3 0x000000008000ff96 (0xfb843783) x15 0x000000000000009c mem 0x0000000080031f28
core   0: 0x000000008000ff9a (0x000097ba) c.add   a5, a4
core   0: 3 0x000000008000ff9a (0x97ba) x15 0x00000000800120dc
core   0: 0x000000008000ff9c (0xfe043703) ld      a4, -32(s0)
core   0: 3 0x000000008000ff9c (0xfe043703) x14 0x0000000080012055 mem 0x0000000080031f50
core   0: 0x000000008000ffa0 (0xfcf76de3) bltu    a4, a5, pc - 38
core   0: 3 0x000000008000ffa0 (0xfcf76de3)
core   0: 0x000000008000ff7a (0xfe043783) ld      a5, -32(s0)
core   0: 3 0x000000008000ff7a (0xfe043783) x15 0x0000000080012055 mem 0x0000000080031f50
core   0: 0x000000008000ff7e (0x00178713) addi    a4, a5, 1
core   0: 3 0x000000008000ff7e (0x00178713) x14 0x0000000080012056
core   0: 0x000000008000ff82 (0xfee43023) sd      a4, -32(s0)
core   0: 3 0x000000008000ff82 (0xfee43023) mem 0x0000000080031f50 0x0000000080012056
core   0: 0x000000008000ff86 (0xfc442703) lw      a4, -60(s0)
core   0: 3 0x000000008000ff86 (0xfc442703) x14 0x0000000000000000 mem 0x0000000080031f34
core   0: 0x000000008000ff8a (0x0ff77713) andi    a4, a4, 255
core   0: 3 0x000000008000ff8a (0x0ff77713) x14 0x0000000000000000
core   0: 0x000000008000ff8e (0x00e78023) sb      a4, 0(a5)
core   0: 3 0x000000008000ff8e (0x00e78023) mem 0x0000000080012055 0x00
core   0: 0x000000008000ff92 (0xfc843703) ld      a4, -56(s0)
core   0: 3 0x000000008000ff92 (0xfc843703) x14 0x0000000080012040 mem 0x0000000080031f38
core   0: 0x000000008000ff96 (0xfb843783) ld      a5, -72(s0)
core   0: 3 0x000000008000ff96 (0xfb843783) x15 0x000000000000009c mem 0x0000000080031f28
core   0: 0x000000008000ff9a (0x000097ba) c.add   a5, a4
core   0: 3 0x000000008000ff9a (0x97ba) x15 0x00000000800120dc
core   0: 0x000000008000ff9c (0xfe043703) ld      a4, -32(s0)
core   0: 3 0x000000008000ff9c (0xfe043703) x14 0x0000000080012056 mem 0x0000000080031f50
core   0: 0x000000008000ffa0 (0xfcf76de3) bltu    a4, a5, pc - 38
core   0: 3 0x000000008000ffa0 (0xfcf76de3)
core   0: 0x000000008000ff7a (0xfe043783) ld      a5, -32(s0)
core   0: 3 0x000000008000ff7a (0xfe043783) x15 0x0000000080012056 mem 0x0000000080031f50
core   0: 0x000000008000ff7e (0x00178713) addi    a4, a5, 1
core   0: 3 0x000000008000ff7e (0x00178713) x14 0x0000000080012057
core   0: 0x000000008000ff82 (0xfee43023) sd      a4, -32(s0)
core   0: 3 0x000000008000ff82 (0xfee43023) mem 0x0000000080031f50 0x0000000080012057
core   0: 0x000000008000ff86 (0xfc442703) lw      a4, -60(s0)
core   0: 3 0x000000008000ff86 (0xfc442703) x14 0x0000000000000000 mem 0x0000000080031f34
core   0: 0x000000008000ff8a (0x0ff77713) andi    a4, a4, 255
core   0: 3 0x000000008000ff8a (0x0ff77713) x14 0x0000000000000000
core   0: 0x000000008000ff8e (0x00e78023) sb      a4, 0(a5)
core   0: 3 0x000000008000ff8e (0x00e78023) mem 0x0000000080012056 0x00
core   0: 0x000000008000ff92 (0xfc843703) ld      a4, -56(s0)
core   0: 3 0x000000008000ff92 (0xfc843703) x14 0x0000000080012040 mem 0x0000000080031f38
core   0: 0x000000008000ff96 (0xfb843783) ld      a5, -72(s0)
core   0: 3 0x000000008000ff96 (0xfb843783) x15 0x000000000000009c mem 0x0000000080031f28
core   0: 0x000000008000ff9a (0x000097ba) c.add   a5, a4
core   0: 3 0x000000008000ff9a (0x97ba) x15 0x00000000800120dc
core   0: 0x000000008000ff9c (0xfe043703) ld      a4, -32(s0)
core   0: 3 0x000000008000ff9c (0xfe043703) x14 0x0000000080012057 mem 0x0000000080031f50
core   0: 0x000000008000ffa0 (0xfcf76de3) bltu    a4, a5, pc - 38
core   0: 3 0x000000008000ffa0 (0xfcf76de3)
core   0: 0x000000008000ff7a (0xfe043783) ld      a5, -32(s0)
core   0: 3 0x000000008000ff7a (0xfe043783) x15 0x0000000080012057 mem 0x0000000080031f50
core   0: 0x000000008000ff7e (0x00178713) addi    a4, a5, 1
core   0: 3 0x000000008000ff7e (0x00178713) x14 0x0000000080012058
core   0: 0x000000008000ff82 (0xfee43023) sd      a4, -32(s0)
core   0: 3 0x000000008000ff82 (0xfee43023) mem 0x0000000080031f50 0x0000000080012058
core   0: 0x000000008000ff86 (0xfc442703) lw      a4, -60(s0)
core   0: 3 0x000000008000ff86 (0xfc442703) x14 0x0000000000000000 mem 0x0000000080031f34
core   0: 0x000000008000ff8a (0x0ff77713) andi    a4, a4, 255
core   0: 3 0x000000008000ff8a (0x0ff77713) x14 0x0000000000000000
core   0: 0x000000008000ff8e (0x00e78023) sb      a4, 0(a5)
core   0: 3 0x000000008000ff8e (0x00e78023) mem 0x0000000080012057 0x00
core   0: 0x000000008000ff92 (0xfc843703) ld      a4, -56(s0)
core   0: 3 0x000000008000ff92 (0xfc843703) x14 0x0000000080012040 mem 0x0000000080031f38
core   0: 0x000000008000ff96 (0xfb843783) ld      a5, -72(s0)
core   0: 3 0x000000008000ff96 (0xfb843783) x15 0x000000000000009c mem 0x0000000080031f28
core   0: 0x000000008000ff9a (0x000097ba) c.add   a5, a4
core   0: 3 0x000000008000ff9a (0x97ba) x15 0x00000000800120dc
core   0: 0x000000008000ff9c (0xfe043703) ld      a4, -32(s0)
core   0: 3 0x000000008000ff9c (0xfe043703) x14 0x0000000080012058 mem 0x0000000080031f50
core   0: 0x000000008000ffa0 (0xfcf76de3) bltu    a4, a5, pc - 38
core   0: 3 0x000000008000ffa0 (0xfcf76de3)
core   0: 0x000000008000ff7a (0xfe043783) ld      a5, -32(s0)
core   0: 3 0x000000008000ff7a (0xfe043783) x15 0x0000000080012058 mem 0x0000000080031f50
core   0: 0x000000008000ff7e (0x00178713) addi    a4, a5, 1
core   0: 3 0x000000008000ff7e (0x00178713) x14 0x0000000080012059
core   0: 0x000000008000ff82 (0xfee43023) sd      a4, -32(s0)
core   0: 3 0x000000008000ff82 (0xfee43023) mem 0x0000000080031f50 0x0000000080012059
core   0: 0x000000008000ff86 (0xfc442703) lw      a4, -60(s0)
core   0: 3 0x000000008000ff86 (0xfc442703) x14 0x0000000000000000 mem 0x0000000080031f34
core   0: 0x000000008000ff8a (0x0ff77713) andi    a4, a4, 255
core   0: 3 0x000000008000ff8a (0x0ff77713) x14 0x0000000000000000
core   0: 0x000000008000ff8e (0x00e78023) sb      a4, 0(a5)
core   0: 3 0x000000008000ff8e (0x00e78023) mem 0x0000000080012058 0x00
core   0: 0x000000008000ff92 (0xfc843703) ld      a4, -56(s0)
core   0: 3 0x000000008000ff92 (0xfc843703) x14 0x0000000080012040 mem 0x0000000080031f38
core   0: 0x000000008000ff96 (0xfb843783) ld      a5, -72(s0)
core   0: 3 0x000000008000ff96 (0xfb843783) x15 0x000000000000009c mem 0x0000000080031f28
core   0: 0x000000008000ff9a (0x000097ba) c.add   a5, a4
core   0: 3 0x000000008000ff9a (0x97ba) x15 0x00000000800120dc
core   0: 0x000000008000ff9c (0xfe043703) ld      a4, -32(s0)
core   0: 3 0x000000008000ff9c (0xfe043703) x14 0x0000000080012059 mem 0x0000000080031f50
core   0: 0x000000008000ffa0 (0xfcf76de3) bltu    a4, a5, pc - 38
core   0: 3 0x000000008000ffa0 (0xfcf76de3)
core   0: 0x000000008000ff7a (0xfe043783) ld      a5, -32(s0)
core   0: 3 0x000000008000ff7a (0xfe043783) x15 0x0000000080012059 mem 0x0000000080031f50
core   0: 0x000000008000ff7e (0x00178713) addi    a4, a5, 1
core   0: 3 0x000000008000ff7e (0x00178713) x14 0x000000008001205a
core   0: 0x000000008000ff82 (0xfee43023) sd      a4, -32(s0)
core   0: 3 0x000000008000ff82 (0xfee43023) mem 0x0000000080031f50 0x000000008001205a
core   0: 0x000000008000ff86 (0xfc442703) lw      a4, -60(s0)
core   0: 3 0x000000008000ff86 (0xfc442703) x14 0x0000000000000000 mem 0x0000000080031f34
core   0: 0x000000008000ff8a (0x0ff77713) andi    a4, a4, 255
core   0: 3 0x000000008000ff8a (0x0ff77713) x14 0x0000000000000000
core   0: 0x000000008000ff8e (0x00e78023) sb      a4, 0(a5)
core   0: 3 0x000000008000ff8e (0x00e78023) mem 0x0000000080012059 0x00
core   0: 0x000000008000ff92 (0xfc843703) ld      a4, -56(s0)
core   0: 3 0x000000008000ff92 (0xfc843703) x14 0x0000000080012040 mem 0x0000000080031f38
core   0: 0x000000008000ff96 (0xfb843783) ld      a5, -72(s0)
core   0: 3 0x000000008000ff96 (0xfb843783) x15 0x000000000000009c mem 0x0000000080031f28
core   0: 0x000000008000ff9a (0x000097ba) c.add   a5, a4
core   0: 3 0x000000008000ff9a (0x97ba) x15 0x00000000800120dc
core   0: 0x000000008000ff9c (0xfe043703) ld      a4, -32(s0)
core   0: 3 0x000000008000ff9c (0xfe043703) x14 0x000000008001205a mem 0x0000000080031f50
core   0: 0x000000008000ffa0 (0xfcf76de3) bltu    a4, a5, pc - 38
core   0: 3 0x000000008000ffa0 (0xfcf76de3)
core   0: 0x000000008000ff7a (0xfe043783) ld      a5, -32(s0)
core   0: 3 0x000000008000ff7a (0xfe043783) x15 0x000000008001205a mem 0x0000000080031f50
core   0: 0x000000008000ff7e (0x00178713) addi    a4, a5, 1
core   0: 3 0x000000008000ff7e (0x00178713) x14 0x000000008001205b
core   0: 0x000000008000ff82 (0xfee43023) sd      a4, -32(s0)
core   0: 3 0x000000008000ff82 (0xfee43023) mem 0x0000000080031f50 0x000000008001205b
core   0: 0x000000008000ff86 (0xfc442703) lw      a4, -60(s0)
core   0: 3 0x000000008000ff86 (0xfc442703) x14 0x0000000000000000 mem 0x0000000080031f34
core   0: 0x000000008000ff8a (0x0ff77713) andi    a4, a4, 255
core   0: 3 0x000000008000ff8a (0x0ff77713) x14 0x0000000000000000
core   0: 0x000000008000ff8e (0x00e78023) sb      a4, 0(a5)
core   0: 3 0x000000008000ff8e (0x00e78023) mem 0x000000008001205a 0x00
core   0: 0x000000008000ff92 (0xfc843703) ld      a4, -56(s0)
core   0: 3 0x000000008000ff92 (0xfc843703) x14 0x0000000080012040 mem 0x0000000080031f38
core   0: 0x000000008000ff96 (0xfb843783) ld      a5, -72(s0)
core   0: 3 0x000000008000ff96 (0xfb843783) x15 0x000000000000009c mem 0x0000000080031f28
core   0: 0x000000008000ff9a (0x000097ba) c.add   a5, a4
core   0: 3 0x000000008000ff9a (0x97ba) x15 0x00000000800120dc
core   0: 0x000000008000ff9c (0xfe043703) ld      a4, -32(s0)
core   0: 3 0x000000008000ff9c (0xfe043703) x14 0x000000008001205b mem 0x0000000080031f50
core   0: 0x000000008000ffa0 (0xfcf76de3) bltu    a4, a5, pc - 38
core   0: 3 0x000000008000ffa0 (0xfcf76de3)
core   0: 0x000000008000ff7a (0xfe043783) ld      a5, -32(s0)
core   0: 3 0x000000008000ff7a (0xfe043783) x15 0x000000008001205b mem 0x0000000080031f50
core   0: 0x000000008000ff7e (0x00178713) addi    a4, a5, 1
core   0: 3 0x000000008000ff7e (0x00178713) x14 0x000000008001205c
core   0: 0x000000008000ff82 (0xfee43023) sd      a4, -32(s0)
core   0: 3 0x000000008000ff82 (0xfee43023) mem 0x0000000080031f50 0x000000008001205c
core   0: 0x000000008000ff86 (0xfc442703) lw      a4, -60(s0)
core   0: 3 0x000000008000ff86 (0xfc442703) x14 0x0000000000000000 mem 0x0000000080031f34
core   0: 0x000000008000ff8a (0x0ff77713) andi    a4, a4, 255
core   0: 3 0x000000008000ff8a (0x0ff77713) x14 0x0000000000000000
core   0: 0x000000008000ff8e (0x00e78023) sb      a4, 0(a5)
core   0: 3 0x000000008000ff8e (0x00e78023) mem 0x000000008001205b 0x00
core   0: 0x000000008000ff92 (0xfc843703) ld      a4, -56(s0)
core   0: 3 0x000000008000ff92 (0xfc843703) x14 0x0000000080012040 mem 0x0000000080031f38
core   0: 0x000000008000ff96 (0xfb843783) ld      a5, -72(s0)
core   0: 3 0x000000008000ff96 (0xfb843783) x15 0x000000000000009c mem 0x0000000080031f28
core   0: 0x000000008000ff9a (0x000097ba) c.add   a5, a4
core   0: 3 0x000000008000ff9a (0x97ba) x15 0x00000000800120dc
core   0: 0x000000008000ff9c (0xfe043703) ld      a4, -32(s0)
core   0: 3 0x000000008000ff9c (0xfe043703) x14 0x000000008001205c mem 0x0000000080031f50
core   0: 0x000000008000ffa0 (0xfcf76de3) bltu    a4, a5, pc - 38
core   0: 3 0x000000008000ffa0 (0xfcf76de3)
core   0: 0x000000008000ff7a (0xfe043783) ld      a5, -32(s0)
core   0: 3 0x000000008000ff7a (0xfe043783) x15 0x000000008001205c mem 0x0000000080031f50
core   0: 0x000000008000ff7e (0x00178713) addi    a4, a5, 1
core   0: 3 0x000000008000ff7e (0x00178713) x14 0x000000008001205d
core   0: 0x000000008000ff82 (0xfee43023) sd      a4, -32(s0)
core   0: 3 0x000000008000ff82 (0xfee43023) mem 0x0000000080031f50 0x000000008001205d
core   0: 0x000000008000ff86 (0xfc442703) lw      a4, -60(s0)
core   0: 3 0x000000008000ff86 (0xfc442703) x14 0x0000000000000000 mem 0x0000000080031f34
core   0: 0x000000008000ff8a (0x0ff77713) andi    a4, a4, 255
core   0: 3 0x000000008000ff8a (0x0ff77713) x14 0x0000000000000000
core   0: 0x000000008000ff8e (0x00e78023) sb      a4, 0(a5)
core   0: 3 0x000000008000ff8e (0x00e78023) mem 0x000000008001205c 0x00
core   0: 0x000000008000ff92 (0xfc843703) ld      a4, -56(s0)
core   0: 3 0x000000008000ff92 (0xfc843703) x14 0x0000000080012040 mem 0x0000000080031f38
core   0: 0x000000008000ff96 (0xfb843783) ld      a5, -72(s0)
core   0: 3 0x000000008000ff96 (0xfb843783) x15 0x000000000000009c mem 0x0000000080031f28
core   0: 0x000000008000ff9a (0x000097ba) c.add   a5, a4
core   0: 3 0x000000008000ff9a (0x97ba) x15 0x00000000800120dc
core   0: 0x000000008000ff9c (0xfe043703) ld      a4, -32(s0)
core   0: 3 0x000000008000ff9c (0xfe043703) x14 0x000000008001205d mem 0x0000000080031f50
core   0: 0x000000008000ffa0 (0xfcf76de3) bltu    a4, a5, pc - 38
core   0: 3 0x000000008000ffa0 (0xfcf76de3)
core   0: 0x000000008000ff7a (0xfe043783) ld      a5, -32(s0)
core   0: 3 0x000000008000ff7a (0xfe043783) x15 0x000000008001205d mem 0x0000000080031f50
core   0: 0x000000008000ff7e (0x00178713) addi    a4, a5, 1
core   0: 3 0x000000008000ff7e (0x00178713) x14 0x000000008001205e
core   0: 0x000000008000ff82 (0xfee43023) sd      a4, -32(s0)
core   0: 3 0x000000008000ff82 (0xfee43023) mem 0x0000000080031f50 0x000000008001205e
core   0: 0x000000008000ff86 (0xfc442703) lw      a4, -60(s0)
core   0: 3 0x000000008000ff86 (0xfc442703) x14 0x0000000000000000 mem 0x0000000080031f34
core   0: 0x000000008000ff8a (0x0ff77713) andi    a4, a4, 255
core   0: 3 0x000000008000ff8a (0x0ff77713) x14 0x0000000000000000
core   0: 0x000000008000ff8e (0x00e78023) sb      a4, 0(a5)
core   0: 3 0x000000008000ff8e (0x00e78023) mem 0x000000008001205d 0x00
core   0: 0x000000008000ff92 (0xfc843703) ld      a4, -56(s0)
core   0: 3 0x000000008000ff92 (0xfc843703) x14 0x0000000080012040 mem 0x0000000080031f38
core   0: 0x000000008000ff96 (0xfb843783) ld      a5, -72(s0)
core   0: 3 0x000000008000ff96 (0xfb843783) x15 0x000000000000009c mem 0x0000000080031f28
core   0: 0x000000008000ff9a (0x000097ba) c.add   a5, a4
core   0: 3 0x000000008000ff9a (0x97ba) x15 0x00000000800120dc
core   0: 0x000000008000ff9c (0xfe043703) ld      a4, -32(s0)
core   0: 3 0x000000008000ff9c (0xfe043703) x14 0x000000008001205e mem 0x0000000080031f50
core   0: 0x000000008000ffa0 (0xfcf76de3) bltu    a4, a5, pc - 38
core   0: 3 0x000000008000ffa0 (0xfcf76de3)
core   0: 0x000000008000ff7a (0xfe043783) ld      a5, -32(s0)
core   0: 3 0x000000008000ff7a (0xfe043783) x15 0x000000008001205e mem 0x0000000080031f50
core   0: 0x000000008000ff7e (0x00178713) addi    a4, a5, 1
core   0: 3 0x000000008000ff7e (0x00178713) x14 0x000000008001205f
core   0: 0x000000008000ff82 (0xfee43023) sd      a4, -32(s0)
core   0: 3 0x000000008000ff82 (0xfee43023) mem 0x0000000080031f50 0x000000008001205f
core   0: 0x000000008000ff86 (0xfc442703) lw      a4, -60(s0)
core   0: 3 0x000000008000ff86 (0xfc442703) x14 0x0000000000000000 mem 0x0000000080031f34
core   0: 0x000000008000ff8a (0x0ff77713) andi    a4, a4, 255
core   0: 3 0x000000008000ff8a (0x0ff77713) x14 0x0000000000000000
core   0: 0x000000008000ff8e (0x00e78023) sb      a4, 0(a5)
core   0: 3 0x000000008000ff8e (0x00e78023) mem 0x000000008001205e 0x00
core   0: 0x000000008000ff92 (0xfc843703) ld      a4, -56(s0)
core   0: 3 0x000000008000ff92 (0xfc843703) x14 0x0000000080012040 mem 0x0000000080031f38
core   0: 0x000000008000ff96 (0xfb843783) ld      a5, -72(s0)
core   0: 3 0x000000008000ff96 (0xfb843783) x15 0x000000000000009c mem 0x0000000080031f28
core   0: 0x000000008000ff9a (0x000097ba) c.add   a5, a4
core   0: 3 0x000000008000ff9a (0x97ba) x15 0x00000000800120dc
core   0: 0x000000008000ff9c (0xfe043703) ld      a4, -32(s0)
core   0: 3 0x000000008000ff9c (0xfe043703) x14 0x000000008001205f mem 0x0000000080031f50
core   0: 0x000000008000ffa0 (0xfcf76de3) bltu    a4, a5, pc - 38
core   0: 3 0x000000008000ffa0 (0xfcf76de3)
core   0: 0x000000008000ff7a (0xfe043783) ld      a5, -32(s0)
core   0: 3 0x000000008000ff7a (0xfe043783) x15 0x000000008001205f mem 0x0000000080031f50
core   0: 0x000000008000ff7e (0x00178713) addi    a4, a5, 1
core   0: 3 0x000000008000ff7e (0x00178713) x14 0x0000000080012060
core   0: 0x000000008000ff82 (0xfee43023) sd      a4, -32(s0)
core   0: 3 0x000000008000ff82 (0xfee43023) mem 0x0000000080031f50 0x0000000080012060
core   0: 0x000000008000ff86 (0xfc442703) lw      a4, -60(s0)
core   0: 3 0x000000008000ff86 (0xfc442703) x14 0x0000000000000000 mem 0x0000000080031f34
core   0: 0x000000008000ff8a (0x0ff77713) andi    a4, a4, 255
core   0: 3 0x000000008000ff8a (0x0ff77713) x14 0x0000000000000000
core   0: 0x000000008000ff8e (0x00e78023) sb      a4, 0(a5)
core   0: 3 0x000000008000ff8e (0x00e78023) mem 0x000000008001205f 0x00
core   0: 0x000000008000ff92 (0xfc843703) ld      a4, -56(s0)
core   0: 3 0x000000008000ff92 (0xfc843703) x14 0x0000000080012040 mem 0x0000000080031f38
core   0: 0x000000008000ff96 (0xfb843783) ld      a5, -72(s0)
core   0: 3 0x000000008000ff96 (0xfb843783) x15 0x000000000000009c mem 0x0000000080031f28
core   0: 0x000000008000ff9a (0x000097ba) c.add   a5, a4
core   0: 3 0x000000008000ff9a (0x97ba) x15 0x00000000800120dc
core   0: 0x000000008000ff9c (0xfe043703) ld      a4, -32(s0)
core   0: 3 0x000000008000ff9c (0xfe043703) x14 0x0000000080012060 mem 0x0000000080031f50
core   0: 0x000000008000ffa0 (0xfcf76de3) bltu    a4, a5, pc - 38
core   0: 3 0x000000008000ffa0 (0xfcf76de3)
core   0: 0x000000008000ff7a (0xfe043783) ld      a5, -32(s0)
core   0: 3 0x000000008000ff7a (0xfe043783) x15 0x0000000080012060 mem 0x0000000080031f50
core   0: 0x000000008000ff7e (0x00178713) addi    a4, a5, 1
core   0: 3 0x000000008000ff7e (0x00178713) x14 0x0000000080012061
core   0: 0x000000008000ff82 (0xfee43023) sd      a4, -32(s0)
core   0: 3 0x000000008000ff82 (0xfee43023) mem 0x0000000080031f50 0x0000000080012061
core   0: 0x000000008000ff86 (0xfc442703) lw      a4, -60(s0)
core   0: 3 0x000000008000ff86 (0xfc442703) x14 0x0000000000000000 mem 0x0000000080031f34
core   0: 0x000000008000ff8a (0x0ff77713) andi    a4, a4, 255
core   0: 3 0x000000008000ff8a (0x0ff77713) x14 0x0000000000000000
core   0: 0x000000008000ff8e (0x00e78023) sb      a4, 0(a5)
core   0: 3 0x000000008000ff8e (0x00e78023) mem 0x0000000080012060 0x00
core   0: 0x000000008000ff92 (0xfc843703) ld      a4, -56(s0)
core   0: 3 0x000000008000ff92 (0xfc843703) x14 0x0000000080012040 mem 0x0000000080031f38
core   0: 0x000000008000ff96 (0xfb843783) ld      a5, -72(s0)
core   0: 3 0x000000008000ff96 (0xfb843783) x15 0x000000000000009c mem 0x0000000080031f28
core   0: 0x000000008000ff9a (0x000097ba) c.add   a5, a4
core   0: 3 0x000000008000ff9a (0x97ba) x15 0x00000000800120dc
core   0: 0x000000008000ff9c (0xfe043703) ld      a4, -32(s0)
core   0: 3 0x000000008000ff9c (0xfe043703) x14 0x0000000080012061 mem 0x0000000080031f50
core   0: 0x000000008000ffa0 (0xfcf76de3) bltu    a4, a5, pc - 38
core   0: 3 0x000000008000ffa0 (0xfcf76de3)
core   0: 0x000000008000ff7a (0xfe043783) ld      a5, -32(s0)
core   0: 3 0x000000008000ff7a (0xfe043783) x15 0x0000000080012061 mem 0x0000000080031f50
core   0: 0x000000008000ff7e (0x00178713) addi    a4, a5, 1
core   0: 3 0x000000008000ff7e (0x00178713) x14 0x0000000080012062
core   0: 0x000000008000ff82 (0xfee43023) sd      a4, -32(s0)
core   0: 3 0x000000008000ff82 (0xfee43023) mem 0x0000000080031f50 0x0000000080012062
core   0: 0x000000008000ff86 (0xfc442703) lw      a4, -60(s0)
core   0: 3 0x000000008000ff86 (0xfc442703) x14 0x0000000000000000 mem 0x0000000080031f34
core   0: 0x000000008000ff8a (0x0ff77713) andi    a4, a4, 255
core   0: 3 0x000000008000ff8a (0x0ff77713) x14 0x0000000000000000
core   0: 0x000000008000ff8e (0x00e78023) sb      a4, 0(a5)
core   0: 3 0x000000008000ff8e (0x00e78023) mem 0x0000000080012061 0x00
core   0: 0x000000008000ff92 (0xfc843703) ld      a4, -56(s0)
core   0: 3 0x000000008000ff92 (0xfc843703) x14 0x0000000080012040 mem 0x0000000080031f38
core   0: 0x000000008000ff96 (0xfb843783) ld      a5, -72(s0)
core   0: 3 0x000000008000ff96 (0xfb843783) x15 0x000000000000009c mem 0x0000000080031f28
core   0: 0x000000008000ff9a (0x000097ba) c.add   a5, a4
core   0: 3 0x000000008000ff9a (0x97ba) x15 0x00000000800120dc
core   0: 0x000000008000ff9c (0xfe043703) ld      a4, -32(s0)
core   0: 3 0x000000008000ff9c (0xfe043703) x14 0x0000000080012062 mem 0x0000000080031f50
core   0: 0x000000008000ffa0 (0xfcf76de3) bltu    a4, a5, pc - 38
core   0: 3 0x000000008000ffa0 (0xfcf76de3)
core   0: 0x000000008000ff7a (0xfe043783) ld      a5, -32(s0)
core   0: 3 0x000000008000ff7a (0xfe043783) x15 0x0000000080012062 mem 0x0000000080031f50
core   0: 0x000000008000ff7e (0x00178713) addi    a4, a5, 1
core   0: 3 0x000000008000ff7e (0x00178713) x14 0x0000000080012063
core   0: 0x000000008000ff82 (0xfee43023) sd      a4, -32(s0)
core   0: 3 0x000000008000ff82 (0xfee43023) mem 0x0000000080031f50 0x0000000080012063
core   0: 0x000000008000ff86 (0xfc442703) lw      a4, -60(s0)
core   0: 3 0x000000008000ff86 (0xfc442703) x14 0x0000000000000000 mem 0x0000000080031f34
core   0: 0x000000008000ff8a (0x0ff77713) andi    a4, a4, 255
core   0: 3 0x000000008000ff8a (0x0ff77713) x14 0x0000000000000000
core   0: 0x000000008000ff8e (0x00e78023) sb      a4, 0(a5)
core   0: 3 0x000000008000ff8e (0x00e78023) mem 0x0000000080012062 0x00
core   0: 0x000000008000ff92 (0xfc843703) ld      a4, -56(s0)
core   0: 3 0x000000008000ff92 (0xfc843703) x14 0x0000000080012040 mem 0x0000000080031f38
core   0: 0x000000008000ff96 (0xfb843783) ld      a5, -72(s0)
core   0: 3 0x000000008000ff96 (0xfb843783) x15 0x000000000000009c mem 0x0000000080031f28
core   0: 0x000000008000ff9a (0x000097ba) c.add   a5, a4
core   0: 3 0x000000008000ff9a (0x97ba) x15 0x00000000800120dc
core   0: 0x000000008000ff9c (0xfe043703) ld      a4, -32(s0)
core   0: 3 0x000000008000ff9c (0xfe043703) x14 0x0000000080012063 mem 0x0000000080031f50
core   0: 0x000000008000ffa0 (0xfcf76de3) bltu    a4, a5, pc - 38
core   0: 3 0x000000008000ffa0 (0xfcf76de3)
core   0: 0x000000008000ff7a (0xfe043783) ld      a5, -32(s0)
core   0: 3 0x000000008000ff7a (0xfe043783) x15 0x0000000080012063 mem 0x0000000080031f50
core   0: 0x000000008000ff7e (0x00178713) addi    a4, a5, 1
core   0: 3 0x000000008000ff7e (0x00178713) x14 0x0000000080012064
core   0: 0x000000008000ff82 (0xfee43023) sd      a4, -32(s0)
core   0: 3 0x000000008000ff82 (0xfee43023) mem 0x0000000080031f50 0x0000000080012064
core   0: 0x000000008000ff86 (0xfc442703) lw      a4, -60(s0)
core   0: 3 0x000000008000ff86 (0xfc442703) x14 0x0000000000000000 mem 0x0000000080031f34
core   0: 0x000000008000ff8a (0x0ff77713) andi    a4, a4, 255
core   0: 3 0x000000008000ff8a (0x0ff77713) x14 0x0000000000000000
core   0: 0x000000008000ff8e (0x00e78023) sb      a4, 0(a5)
core   0: 3 0x000000008000ff8e (0x00e78023) mem 0x0000000080012063 0x00
core   0: 0x000000008000ff92 (0xfc843703) ld      a4, -56(s0)
core   0: 3 0x000000008000ff92 (0xfc843703) x14 0x0000000080012040 mem 0x0000000080031f38
core   0: 0x000000008000ff96 (0xfb843783) ld      a5, -72(s0)
core   0: 3 0x000000008000ff96 (0xfb843783) x15 0x000000000000009c mem 0x0000000080031f28
core   0: 0x000000008000ff9a (0x000097ba) c.add   a5, a4
core   0: 3 0x000000008000ff9a (0x97ba) x15 0x00000000800120dc
core   0: 0x000000008000ff9c (0xfe043703) ld      a4, -32(s0)
core   0: 3 0x000000008000ff9c (0xfe043703) x14 0x0000000080012064 mem 0x0000000080031f50
core   0: 0x000000008000ffa0 (0xfcf76de3) bltu    a4, a5, pc - 38
core   0: 3 0x000000008000ffa0 (0xfcf76de3)
core   0: 0x000000008000ff7a (0xfe043783) ld      a5, -32(s0)
core   0: 3 0x000000008000ff7a (0xfe043783) x15 0x0000000080012064 mem 0x0000000080031f50
core   0: 0x000000008000ff7e (0x00178713) addi    a4, a5, 1
core   0: 3 0x000000008000ff7e (0x00178713) x14 0x0000000080012065
core   0: 0x000000008000ff82 (0xfee43023) sd      a4, -32(s0)
core   0: 3 0x000000008000ff82 (0xfee43023) mem 0x0000000080031f50 0x0000000080012065
core   0: 0x000000008000ff86 (0xfc442703) lw      a4, -60(s0)
core   0: 3 0x000000008000ff86 (0xfc442703) x14 0x0000000000000000 mem 0x0000000080031f34
core   0: 0x000000008000ff8a (0x0ff77713) andi    a4, a4, 255
core   0: 3 0x000000008000ff8a (0x0ff77713) x14 0x0000000000000000
core   0: 0x000000008000ff8e (0x00e78023) sb      a4, 0(a5)
core   0: 3 0x000000008000ff8e (0x00e78023) mem 0x0000000080012064 0x00
core   0: 0x000000008000ff92 (0xfc843703) ld      a4, -56(s0)
core   0: 3 0x000000008000ff92 (0xfc843703) x14 0x0000000080012040 mem 0x0000000080031f38
core   0: 0x000000008000ff96 (0xfb843783) ld      a5, -72(s0)
core   0: 3 0x000000008000ff96 (0xfb843783) x15 0x000000000000009c mem 0x0000000080031f28
core   0: 0x000000008000ff9a (0x000097ba) c.add   a5, a4
core   0: 3 0x000000008000ff9a (0x97ba) x15 0x00000000800120dc
core   0: 0x000000008000ff9c (0xfe043703) ld      a4, -32(s0)
core   0: 3 0x000000008000ff9c (0xfe043703) x14 0x0000000080012065 mem 0x0000000080031f50
core   0: 0x000000008000ffa0 (0xfcf76de3) bltu    a4, a5, pc - 38
core   0: 3 0x000000008000ffa0 (0xfcf76de3)
core   0: 0x000000008000ff7a (0xfe043783) ld      a5, -32(s0)
core   0: 3 0x000000008000ff7a (0xfe043783) x15 0x0000000080012065 mem 0x0000000080031f50
core   0: 0x000000008000ff7e (0x00178713) addi    a4, a5, 1
core   0: 3 0x000000008000ff7e (0x00178713) x14 0x0000000080012066
core   0: 0x000000008000ff82 (0xfee43023) sd      a4, -32(s0)
core   0: 3 0x000000008000ff82 (0xfee43023) mem 0x0000000080031f50 0x0000000080012066
core   0: 0x000000008000ff86 (0xfc442703) lw      a4, -60(s0)
core   0: 3 0x000000008000ff86 (0xfc442703) x14 0x0000000000000000 mem 0x0000000080031f34
core   0: 0x000000008000ff8a (0x0ff77713) andi    a4, a4, 255
core   0: 3 0x000000008000ff8a (0x0ff77713) x14 0x0000000000000000
core   0: 0x000000008000ff8e (0x00e78023) sb      a4, 0(a5)
core   0: 3 0x000000008000ff8e (0x00e78023) mem 0x0000000080012065 0x00
core   0: 0x000000008000ff92 (0xfc843703) ld      a4, -56(s0)
core   0: 3 0x000000008000ff92 (0xfc843703) x14 0x0000000080012040 mem 0x0000000080031f38
core   0: 0x000000008000ff96 (0xfb843783) ld      a5, -72(s0)
core   0: 3 0x000000008000ff96 (0xfb843783) x15 0x000000000000009c mem 0x0000000080031f28
core   0: 0x000000008000ff9a (0x000097ba) c.add   a5, a4
core   0: 3 0x000000008000ff9a (0x97ba) x15 0x00000000800120dc
core   0: 0x000000008000ff9c (0xfe043703) ld      a4, -32(s0)
core   0: 3 0x000000008000ff9c (0xfe043703) x14 0x0000000080012066 mem 0x0000000080031f50
core   0: 0x000000008000ffa0 (0xfcf76de3) bltu    a4, a5, pc - 38
core   0: 3 0x000000008000ffa0 (0xfcf76de3)
core   0: 0x000000008000ff7a (0xfe043783) ld      a5, -32(s0)
core   0: 3 0x000000008000ff7a (0xfe043783) x15 0x0000000080012066 mem 0x0000000080031f50
core   0: 0x000000008000ff7e (0x00178713) addi    a4, a5, 1
core   0: 3 0x000000008000ff7e (0x00178713) x14 0x0000000080012067
core   0: 0x000000008000ff82 (0xfee43023) sd      a4, -32(s0)
core   0: 3 0x000000008000ff82 (0xfee43023) mem 0x0000000080031f50 0x0000000080012067
core   0: 0x000000008000ff86 (0xfc442703) lw      a4, -60(s0)
core   0: 3 0x000000008000ff86 (0xfc442703) x14 0x0000000000000000 mem 0x0000000080031f34
core   0: 0x000000008000ff8a (0x0ff77713) andi    a4, a4, 255
core   0: 3 0x000000008000ff8a (0x0ff77713) x14 0x0000000000000000
core   0: 0x000000008000ff8e (0x00e78023) sb      a4, 0(a5)
core   0: 3 0x000000008000ff8e (0x00e78023) mem 0x0000000080012066 0x00
core   0: 0x000000008000ff92 (0xfc843703) ld      a4, -56(s0)
core   0: 3 0x000000008000ff92 (0xfc843703) x14 0x0000000080012040 mem 0x0000000080031f38
core   0: 0x000000008000ff96 (0xfb843783) ld      a5, -72(s0)
core   0: 3 0x000000008000ff96 (0xfb843783) x15 0x000000000000009c mem 0x0000000080031f28
core   0: 0x000000008000ff9a (0x000097ba) c.add   a5, a4
core   0: 3 0x000000008000ff9a (0x97ba) x15 0x00000000800120dc
core   0: 0x000000008000ff9c (0xfe043703) ld      a4, -32(s0)
core   0: 3 0x000000008000ff9c (0xfe043703) x14 0x0000000080012067 mem 0x0000000080031f50
core   0: 0x000000008000ffa0 (0xfcf76de3) bltu    a4, a5, pc - 38
core   0: 3 0x000000008000ffa0 (0xfcf76de3)
core   0: 0x000000008000ff7a (0xfe043783) ld      a5, -32(s0)
core   0: 3 0x000000008000ff7a (0xfe043783) x15 0x0000000080012067 mem 0x0000000080031f50
core   0: 0x000000008000ff7e (0x00178713) addi    a4, a5, 1
core   0: 3 0x000000008000ff7e (0x00178713) x14 0x0000000080012068
core   0: 0x000000008000ff82 (0xfee43023) sd      a4, -32(s0)
core   0: 3 0x000000008000ff82 (0xfee43023) mem 0x0000000080031f50 0x0000000080012068
core   0: 0x000000008000ff86 (0xfc442703) lw      a4, -60(s0)
core   0: 3 0x000000008000ff86 (0xfc442703) x14 0x0000000000000000 mem 0x0000000080031f34
core   0: 0x000000008000ff8a (0x0ff77713) andi    a4, a4, 255
core   0: 3 0x000000008000ff8a (0x0ff77713) x14 0x0000000000000000
core   0: 0x000000008000ff8e (0x00e78023) sb      a4, 0(a5)
core   0: 3 0x000000008000ff8e (0x00e78023) mem 0x0000000080012067 0x00
core   0: 0x000000008000ff92 (0xfc843703) ld      a4, -56(s0)
core   0: 3 0x000000008000ff92 (0xfc843703) x14 0x0000000080012040 mem 0x0000000080031f38
core   0: 0x000000008000ff96 (0xfb843783) ld      a5, -72(s0)
core   0: 3 0x000000008000ff96 (0xfb843783) x15 0x000000000000009c mem 0x0000000080031f28
core   0: 0x000000008000ff9a (0x000097ba) c.add   a5, a4
core   0: 3 0x000000008000ff9a (0x97ba) x15 0x00000000800120dc
core   0: 0x000000008000ff9c (0xfe043703) ld      a4, -32(s0)
core   0: 3 0x000000008000ff9c (0xfe043703) x14 0x0000000080012068 mem 0x0000000080031f50
core   0: 0x000000008000ffa0 (0xfcf76de3) bltu    a4, a5, pc - 38
core   0: 3 0x000000008000ffa0 (0xfcf76de3)
core   0: 0x000000008000ff7a (0xfe043783) ld      a5, -32(s0)
core   0: 3 0x000000008000ff7a (0xfe043783) x15 0x0000000080012068 mem 0x0000000080031f50
core   0: 0x000000008000ff7e (0x00178713) addi    a4, a5, 1
core   0: 3 0x000000008000ff7e (0x00178713) x14 0x0000000080012069
core   0: 0x000000008000ff82 (0xfee43023) sd      a4, -32(s0)
core   0: 3 0x000000008000ff82 (0xfee43023) mem 0x0000000080031f50 0x0000000080012069
core   0: 0x000000008000ff86 (0xfc442703) lw      a4, -60(s0)
core   0: 3 0x000000008000ff86 (0xfc442703) x14 0x0000000000000000 mem 0x0000000080031f34
core   0: 0x000000008000ff8a (0x0ff77713) andi    a4, a4, 255
core   0: 3 0x000000008000ff8a (0x0ff77713) x14 0x0000000000000000
core   0: 0x000000008000ff8e (0x00e78023) sb      a4, 0(a5)
core   0: 3 0x000000008000ff8e (0x00e78023) mem 0x0000000080012068 0x00
core   0: 0x000000008000ff92 (0xfc843703) ld      a4, -56(s0)
core   0: 3 0x000000008000ff92 (0xfc843703) x14 0x0000000080012040 mem 0x0000000080031f38
core   0: 0x000000008000ff96 (0xfb843783) ld      a5, -72(s0)
core   0: 3 0x000000008000ff96 (0xfb843783) x15 0x000000000000009c mem 0x0000000080031f28
core   0: 0x000000008000ff9a (0x000097ba) c.add   a5, a4
core   0: 3 0x000000008000ff9a (0x97ba) x15 0x00000000800120dc
core   0: 0x000000008000ff9c (0xfe043703) ld      a4, -32(s0)
core   0: 3 0x000000008000ff9c (0xfe043703) x14 0x0000000080012069 mem 0x0000000080031f50
core   0: 0x000000008000ffa0 (0xfcf76de3) bltu    a4, a5, pc - 38
core   0: 3 0x000000008000ffa0 (0xfcf76de3)
core   0: 0x000000008000ff7a (0xfe043783) ld      a5, -32(s0)
core   0: 3 0x000000008000ff7a (0xfe043783) x15 0x0000000080012069 mem 0x0000000080031f50
core   0: 0x000000008000ff7e (0x00178713) addi    a4, a5, 1
core   0: 3 0x000000008000ff7e (0x00178713) x14 0x000000008001206a
core   0: 0x000000008000ff82 (0xfee43023) sd      a4, -32(s0)
core   0: 3 0x000000008000ff82 (0xfee43023) mem 0x0000000080031f50 0x000000008001206a
core   0: 0x000000008000ff86 (0xfc442703) lw      a4, -60(s0)
core   0: 3 0x000000008000ff86 (0xfc442703) x14 0x0000000000000000 mem 0x0000000080031f34
core   0: 0x000000008000ff8a (0x0ff77713) andi    a4, a4, 255
core   0: 3 0x000000008000ff8a (0x0ff77713) x14 0x0000000000000000
core   0: 0x000000008000ff8e (0x00e78023) sb      a4, 0(a5)
core   0: 3 0x000000008000ff8e (0x00e78023) mem 0x0000000080012069 0x00
core   0: 0x000000008000ff92 (0xfc843703) ld      a4, -56(s0)
core   0: 3 0x000000008000ff92 (0xfc843703) x14 0x0000000080012040 mem 0x0000000080031f38
core   0: 0x000000008000ff96 (0xfb843783) ld      a5, -72(s0)
core   0: 3 0x000000008000ff96 (0xfb843783) x15 0x000000000000009c mem 0x0000000080031f28
core   0: 0x000000008000ff9a (0x000097ba) c.add   a5, a4
core   0: 3 0x000000008000ff9a (0x97ba) x15 0x00000000800120dc
core   0: 0x000000008000ff9c (0xfe043703) ld      a4, -32(s0)
core   0: 3 0x000000008000ff9c (0xfe043703) x14 0x000000008001206a mem 0x0000000080031f50
core   0: 0x000000008000ffa0 (0xfcf76de3) bltu    a4, a5, pc - 38
core   0: 3 0x000000008000ffa0 (0xfcf76de3)
core   0: 0x000000008000ff7a (0xfe043783) ld      a5, -32(s0)
core   0: 3 0x000000008000ff7a (0xfe043783) x15 0x000000008001206a mem 0x0000000080031f50
core   0: 0x000000008000ff7e (0x00178713) addi    a4, a5, 1
core   0: 3 0x000000008000ff7e (0x00178713) x14 0x000000008001206b
core   0: 0x000000008000ff82 (0xfee43023) sd      a4, -32(s0)
core   0: 3 0x000000008000ff82 (0xfee43023) mem 0x0000000080031f50 0x000000008001206b
core   0: 0x000000008000ff86 (0xfc442703) lw      a4, -60(s0)
core   0: 3 0x000000008000ff86 (0xfc442703) x14 0x0000000000000000 mem 0x0000000080031f34
core   0: 0x000000008000ff8a (0x0ff77713) andi    a4, a4, 255
core   0: 3 0x000000008000ff8a (0x0ff77713) x14 0x0000000000000000
core   0: 0x000000008000ff8e (0x00e78023) sb      a4, 0(a5)
core   0: 3 0x000000008000ff8e (0x00e78023) mem 0x000000008001206a 0x00
core   0: 0x000000008000ff92 (0xfc843703) ld      a4, -56(s0)
core   0: 3 0x000000008000ff92 (0xfc843703) x14 0x0000000080012040 mem 0x0000000080031f38
core   0: 0x000000008000ff96 (0xfb843783) ld      a5, -72(s0)
core   0: 3 0x000000008000ff96 (0xfb843783) x15 0x000000000000009c mem 0x0000000080031f28
core   0: 0x000000008000ff9a (0x000097ba) c.add   a5, a4
core   0: 3 0x000000008000ff9a (0x97ba) x15 0x00000000800120dc
core   0: 0x000000008000ff9c (0xfe043703) ld      a4, -32(s0)
core   0: 3 0x000000008000ff9c (0xfe043703) x14 0x000000008001206b mem 0x0000000080031f50
core   0: 0x000000008000ffa0 (0xfcf76de3) bltu    a4, a5, pc - 38
core   0: 3 0x000000008000ffa0 (0xfcf76de3)
core   0: 0x000000008000ff7a (0xfe043783) ld      a5, -32(s0)
core   0: 3 0x000000008000ff7a (0xfe043783) x15 0x000000008001206b mem 0x0000000080031f50
core   0: 0x000000008000ff7e (0x00178713) addi    a4, a5, 1
core   0: 3 0x000000008000ff7e (0x00178713) x14 0x000000008001206c
core   0: 0x000000008000ff82 (0xfee43023) sd      a4, -32(s0)
core   0: 3 0x000000008000ff82 (0xfee43023) mem 0x0000000080031f50 0x000000008001206c
core   0: 0x000000008000ff86 (0xfc442703) lw      a4, -60(s0)
core   0: 3 0x000000008000ff86 (0xfc442703) x14 0x0000000000000000 mem 0x0000000080031f34
core   0: 0x000000008000ff8a (0x0ff77713) andi    a4, a4, 255
core   0: 3 0x000000008000ff8a (0x0ff77713) x14 0x0000000000000000
core   0: 0x000000008000ff8e (0x00e78023) sb      a4, 0(a5)
core   0: 3 0x000000008000ff8e (0x00e78023) mem 0x000000008001206b 0x00
core   0: 0x000000008000ff92 (0xfc843703) ld      a4, -56(s0)
core   0: 3 0x000000008000ff92 (0xfc843703) x14 0x0000000080012040 mem 0x0000000080031f38
core   0: 0x000000008000ff96 (0xfb843783) ld      a5, -72(s0)
core   0: 3 0x000000008000ff96 (0xfb843783) x15 0x000000000000009c mem 0x0000000080031f28
core   0: 0x000000008000ff9a (0x000097ba) c.add   a5, a4
core   0: 3 0x000000008000ff9a (0x97ba) x15 0x00000000800120dc
core   0: 0x000000008000ff9c (0xfe043703) ld      a4, -32(s0)
core   0: 3 0x000000008000ff9c (0xfe043703) x14 0x000000008001206c mem 0x0000000080031f50
core   0: 0x000000008000ffa0 (0xfcf76de3) bltu    a4, a5, pc - 38
core   0: 3 0x000000008000ffa0 (0xfcf76de3)
core   0: 0x000000008000ff7a (0xfe043783) ld      a5, -32(s0)
core   0: 3 0x000000008000ff7a (0xfe043783) x15 0x000000008001206c mem 0x0000000080031f50
core   0: 0x000000008000ff7e (0x00178713) addi    a4, a5, 1
core   0: 3 0x000000008000ff7e (0x00178713) x14 0x000000008001206d
core   0: 0x000000008000ff82 (0xfee43023) sd      a4, -32(s0)
core   0: 3 0x000000008000ff82 (0xfee43023) mem 0x0000000080031f50 0x000000008001206d
core   0: 0x000000008000ff86 (0xfc442703) lw      a4, -60(s0)
core   0: 3 0x000000008000ff86 (0xfc442703) x14 0x0000000000000000 mem 0x0000000080031f34
core   0: 0x000000008000ff8a (0x0ff77713) andi    a4, a4, 255
core   0: 3 0x000000008000ff8a (0x0ff77713) x14 0x0000000000000000
core   0: 0x000000008000ff8e (0x00e78023) sb      a4, 0(a5)
core   0: 3 0x000000008000ff8e (0x00e78023) mem 0x000000008001206c 0x00
core   0: 0x000000008000ff92 (0xfc843703) ld      a4, -56(s0)
core   0: 3 0x000000008000ff92 (0xfc843703) x14 0x0000000080012040 mem 0x0000000080031f38
core   0: 0x000000008000ff96 (0xfb843783) ld      a5, -72(s0)
core   0: 3 0x000000008000ff96 (0xfb843783) x15 0x000000000000009c mem 0x0000000080031f28
core   0: 0x000000008000ff9a (0x000097ba) c.add   a5, a4
core   0: 3 0x000000008000ff9a (0x97ba) x15 0x00000000800120dc
core   0: 0x000000008000ff9c (0xfe043703) ld      a4, -32(s0)
core   0: 3 0x000000008000ff9c (0xfe043703) x14 0x000000008001206d mem 0x0000000080031f50
core   0: 0x000000008000ffa0 (0xfcf76de3) bltu    a4, a5, pc - 38
core   0: 3 0x000000008000ffa0 (0xfcf76de3)
core   0: 0x000000008000ff7a (0xfe043783) ld      a5, -32(s0)
core   0: 3 0x000000008000ff7a (0xfe043783) x15 0x000000008001206d mem 0x0000000080031f50
core   0: 0x000000008000ff7e (0x00178713) addi    a4, a5, 1
core   0: 3 0x000000008000ff7e (0x00178713) x14 0x000000008001206e
core   0: 0x000000008000ff82 (0xfee43023) sd      a4, -32(s0)
core   0: 3 0x000000008000ff82 (0xfee43023) mem 0x0000000080031f50 0x000000008001206e
core   0: 0x000000008000ff86 (0xfc442703) lw      a4, -60(s0)
core   0: 3 0x000000008000ff86 (0xfc442703) x14 0x0000000000000000 mem 0x0000000080031f34
core   0: 0x000000008000ff8a (0x0ff77713) andi    a4, a4, 255
core   0: 3 0x000000008000ff8a (0x0ff77713) x14 0x0000000000000000
core   0: 0x000000008000ff8e (0x00e78023) sb      a4, 0(a5)
core   0: 3 0x000000008000ff8e (0x00e78023) mem 0x000000008001206d 0x00
core   0: 0x000000008000ff92 (0xfc843703) ld      a4, -56(s0)
core   0: 3 0x000000008000ff92 (0xfc843703) x14 0x0000000080012040 mem 0x0000000080031f38
core   0: 0x000000008000ff96 (0xfb843783) ld      a5, -72(s0)
core   0: 3 0x000000008000ff96 (0xfb843783) x15 0x000000000000009c mem 0x0000000080031f28
core   0: 0x000000008000ff9a (0x000097ba) c.add   a5, a4
core   0: 3 0x000000008000ff9a (0x97ba) x15 0x00000000800120dc
core   0: 0x000000008000ff9c (0xfe043703) ld      a4, -32(s0)
core   0: 3 0x000000008000ff9c (0xfe043703) x14 0x000000008001206e mem 0x0000000080031f50
core   0: 0x000000008000ffa0 (0xfcf76de3) bltu    a4, a5, pc - 38
core   0: 3 0x000000008000ffa0 (0xfcf76de3)
core   0: 0x000000008000ff7a (0xfe043783) ld      a5, -32(s0)
core   0: 3 0x000000008000ff7a (0xfe043783) x15 0x000000008001206e mem 0x0000000080031f50
core   0: 0x000000008000ff7e (0x00178713) addi    a4, a5, 1
core   0: 3 0x000000008000ff7e (0x00178713) x14 0x000000008001206f
core   0: 0x000000008000ff82 (0xfee43023) sd      a4, -32(s0)
core   0: 3 0x000000008000ff82 (0xfee43023) mem 0x0000000080031f50 0x000000008001206f
core   0: 0x000000008000ff86 (0xfc442703) lw      a4, -60(s0)
core   0: 3 0x000000008000ff86 (0xfc442703) x14 0x0000000000000000 mem 0x0000000080031f34
core   0: 0x000000008000ff8a (0x0ff77713) andi    a4, a4, 255
core   0: 3 0x000000008000ff8a (0x0ff77713) x14 0x0000000000000000
core   0: 0x000000008000ff8e (0x00e78023) sb      a4, 0(a5)
core   0: 3 0x000000008000ff8e (0x00e78023) mem 0x000000008001206e 0x00
core   0: 0x000000008000ff92 (0xfc843703) ld      a4, -56(s0)
core   0: 3 0x000000008000ff92 (0xfc843703) x14 0x0000000080012040 mem 0x0000000080031f38
core   0: 0x000000008000ff96 (0xfb843783) ld      a5, -72(s0)
core   0: 3 0x000000008000ff96 (0xfb843783) x15 0x000000000000009c mem 0x0000000080031f28
core   0: 0x000000008000ff9a (0x000097ba) c.add   a5, a4
core   0: 3 0x000000008000ff9a (0x97ba) x15 0x00000000800120dc
core   0: 0x000000008000ff9c (0xfe043703) ld      a4, -32(s0)
core   0: 3 0x000000008000ff9c (0xfe043703) x14 0x000000008001206f mem 0x0000000080031f50
core   0: 0x000000008000ffa0 (0xfcf76de3) bltu    a4, a5, pc - 38
core   0: 3 0x000000008000ffa0 (0xfcf76de3)
core   0: 0x000000008000ff7a (0xfe043783) ld      a5, -32(s0)
core   0: 3 0x000000008000ff7a (0xfe043783) x15 0x000000008001206f mem 0x0000000080031f50
core   0: 0x000000008000ff7e (0x00178713) addi    a4, a5, 1
core   0: 3 0x000000008000ff7e (0x00178713) x14 0x0000000080012070
core   0: 0x000000008000ff82 (0xfee43023) sd      a4, -32(s0)
core   0: 3 0x000000008000ff82 (0xfee43023) mem 0x0000000080031f50 0x0000000080012070
core   0: 0x000000008000ff86 (0xfc442703) lw      a4, -60(s0)
core   0: 3 0x000000008000ff86 (0xfc442703) x14 0x0000000000000000 mem 0x0000000080031f34
core   0: 0x000000008000ff8a (0x0ff77713) andi    a4, a4, 255
core   0: 3 0x000000008000ff8a (0x0ff77713) x14 0x0000000000000000
core   0: 0x000000008000ff8e (0x00e78023) sb      a4, 0(a5)
core   0: 3 0x000000008000ff8e (0x00e78023) mem 0x000000008001206f 0x00
core   0: 0x000000008000ff92 (0xfc843703) ld      a4, -56(s0)
core   0: 3 0x000000008000ff92 (0xfc843703) x14 0x0000000080012040 mem 0x0000000080031f38
core   0: 0x000000008000ff96 (0xfb843783) ld      a5, -72(s0)
core   0: 3 0x000000008000ff96 (0xfb843783) x15 0x000000000000009c mem 0x0000000080031f28
core   0: 0x000000008000ff9a (0x000097ba) c.add   a5, a4
core   0: 3 0x000000008000ff9a (0x97ba) x15 0x00000000800120dc
core   0: 0x000000008000ff9c (0xfe043703) ld      a4, -32(s0)
core   0: 3 0x000000008000ff9c (0xfe043703) x14 0x0000000080012070 mem 0x0000000080031f50
core   0: 0x000000008000ffa0 (0xfcf76de3) bltu    a4, a5, pc - 38
core   0: 3 0x000000008000ffa0 (0xfcf76de3)
core   0: 0x000000008000ff7a (0xfe043783) ld      a5, -32(s0)
core   0: 3 0x000000008000ff7a (0xfe043783) x15 0x0000000080012070 mem 0x0000000080031f50
core   0: 0x000000008000ff7e (0x00178713) addi    a4, a5, 1
core   0: 3 0x000000008000ff7e (0x00178713) x14 0x0000000080012071
core   0: 0x000000008000ff82 (0xfee43023) sd      a4, -32(s0)
core   0: 3 0x000000008000ff82 (0xfee43023) mem 0x0000000080031f50 0x0000000080012071
core   0: 0x000000008000ff86 (0xfc442703) lw      a4, -60(s0)
core   0: 3 0x000000008000ff86 (0xfc442703) x14 0x0000000000000000 mem 0x0000000080031f34
core   0: 0x000000008000ff8a (0x0ff77713) andi    a4, a4, 255
core   0: 3 0x000000008000ff8a (0x0ff77713) x14 0x0000000000000000
core   0: 0x000000008000ff8e (0x00e78023) sb      a4, 0(a5)
core   0: 3 0x000000008000ff8e (0x00e78023) mem 0x0000000080012070 0x00
core   0: 0x000000008000ff92 (0xfc843703) ld      a4, -56(s0)
core   0: 3 0x000000008000ff92 (0xfc843703) x14 0x0000000080012040 mem 0x0000000080031f38
core   0: 0x000000008000ff96 (0xfb843783) ld      a5, -72(s0)
core   0: 3 0x000000008000ff96 (0xfb843783) x15 0x000000000000009c mem 0x0000000080031f28
core   0: 0x000000008000ff9a (0x000097ba) c.add   a5, a4
core   0: 3 0x000000008000ff9a (0x97ba) x15 0x00000000800120dc
core   0: 0x000000008000ff9c (0xfe043703) ld      a4, -32(s0)
core   0: 3 0x000000008000ff9c (0xfe043703) x14 0x0000000080012071 mem 0x0000000080031f50
core   0: 0x000000008000ffa0 (0xfcf76de3) bltu    a4, a5, pc - 38
core   0: 3 0x000000008000ffa0 (0xfcf76de3)
core   0: 0x000000008000ff7a (0xfe043783) ld      a5, -32(s0)
core   0: 3 0x000000008000ff7a (0xfe043783) x15 0x0000000080012071 mem 0x0000000080031f50
core   0: 0x000000008000ff7e (0x00178713) addi    a4, a5, 1
core   0: 3 0x000000008000ff7e (0x00178713) x14 0x0000000080012072
core   0: 0x000000008000ff82 (0xfee43023) sd      a4, -32(s0)
core   0: 3 0x000000008000ff82 (0xfee43023) mem 0x0000000080031f50 0x0000000080012072
core   0: 0x000000008000ff86 (0xfc442703) lw      a4, -60(s0)
core   0: 3 0x000000008000ff86 (0xfc442703) x14 0x0000000000000000 mem 0x0000000080031f34
core   0: 0x000000008000ff8a (0x0ff77713) andi    a4, a4, 255
core   0: 3 0x000000008000ff8a (0x0ff77713) x14 0x0000000000000000
core   0: 0x000000008000ff8e (0x00e78023) sb      a4, 0(a5)
core   0: 3 0x000000008000ff8e (0x00e78023) mem 0x0000000080012071 0x00
core   0: 0x000000008000ff92 (0xfc843703) ld      a4, -56(s0)
core   0: 3 0x000000008000ff92 (0xfc843703) x14 0x0000000080012040 mem 0x0000000080031f38
core   0: 0x000000008000ff96 (0xfb843783) ld      a5, -72(s0)
core   0: 3 0x000000008000ff96 (0xfb843783) x15 0x000000000000009c mem 0x0000000080031f28
core   0: 0x000000008000ff9a (0x000097ba) c.add   a5, a4
core   0: 3 0x000000008000ff9a (0x97ba) x15 0x00000000800120dc
core   0: 0x000000008000ff9c (0xfe043703) ld      a4, -32(s0)
core   0: 3 0x000000008000ff9c (0xfe043703) x14 0x0000000080012072 mem 0x0000000080031f50
core   0: 0x000000008000ffa0 (0xfcf76de3) bltu    a4, a5, pc - 38
core   0: 3 0x000000008000ffa0 (0xfcf76de3)
core   0: 0x000000008000ff7a (0xfe043783) ld      a5, -32(s0)
core   0: 3 0x000000008000ff7a (0xfe043783) x15 0x0000000080012072 mem 0x0000000080031f50
core   0: 0x000000008000ff7e (0x00178713) addi    a4, a5, 1
core   0: 3 0x000000008000ff7e (0x00178713) x14 0x0000000080012073
core   0: 0x000000008000ff82 (0xfee43023) sd      a4, -32(s0)
core   0: 3 0x000000008000ff82 (0xfee43023) mem 0x0000000080031f50 0x0000000080012073
core   0: 0x000000008000ff86 (0xfc442703) lw      a4, -60(s0)
core   0: 3 0x000000008000ff86 (0xfc442703) x14 0x0000000000000000 mem 0x0000000080031f34
core   0: 0x000000008000ff8a (0x0ff77713) andi    a4, a4, 255
core   0: 3 0x000000008000ff8a (0x0ff77713) x14 0x0000000000000000
core   0: 0x000000008000ff8e (0x00e78023) sb      a4, 0(a5)
core   0: 3 0x000000008000ff8e (0x00e78023) mem 0x0000000080012072 0x00
core   0: 0x000000008000ff92 (0xfc843703) ld      a4, -56(s0)
core   0: 3 0x000000008000ff92 (0xfc843703) x14 0x0000000080012040 mem 0x0000000080031f38
core   0: 0x000000008000ff96 (0xfb843783) ld      a5, -72(s0)
core   0: 3 0x000000008000ff96 (0xfb843783) x15 0x000000000000009c mem 0x0000000080031f28
core   0: 0x000000008000ff9a (0x000097ba) c.add   a5, a4
core   0: 3 0x000000008000ff9a (0x97ba) x15 0x00000000800120dc
core   0: 0x000000008000ff9c (0xfe043703) ld      a4, -32(s0)
core   0: 3 0x000000008000ff9c (0xfe043703) x14 0x0000000080012073 mem 0x0000000080031f50
core   0: 0x000000008000ffa0 (0xfcf76de3) bltu    a4, a5, pc - 38
core   0: 3 0x000000008000ffa0 (0xfcf76de3)
core   0: 0x000000008000ff7a (0xfe043783) ld      a5, -32(s0)
core   0: 3 0x000000008000ff7a (0xfe043783) x15 0x0000000080012073 mem 0x0000000080031f50
core   0: 0x000000008000ff7e (0x00178713) addi    a4, a5, 1
core   0: 3 0x000000008000ff7e (0x00178713) x14 0x0000000080012074
core   0: 0x000000008000ff82 (0xfee43023) sd      a4, -32(s0)
core   0: 3 0x000000008000ff82 (0xfee43023) mem 0x0000000080031f50 0x0000000080012074
core   0: 0x000000008000ff86 (0xfc442703) lw      a4, -60(s0)
core   0: 3 0x000000008000ff86 (0xfc442703) x14 0x0000000000000000 mem 0x0000000080031f34
core   0: 0x000000008000ff8a (0x0ff77713) andi    a4, a4, 255
core   0: 3 0x000000008000ff8a (0x0ff77713) x14 0x0000000000000000
core   0: 0x000000008000ff8e (0x00e78023) sb      a4, 0(a5)
core   0: 3 0x000000008000ff8e (0x00e78023) mem 0x0000000080012073 0x00
core   0: 0x000000008000ff92 (0xfc843703) ld      a4, -56(s0)
core   0: 3 0x000000008000ff92 (0xfc843703) x14 0x0000000080012040 mem 0x0000000080031f38
core   0: 0x000000008000ff96 (0xfb843783) ld      a5, -72(s0)
core   0: 3 0x000000008000ff96 (0xfb843783) x15 0x000000000000009c mem 0x0000000080031f28
core   0: 0x000000008000ff9a (0x000097ba) c.add   a5, a4
core   0: 3 0x000000008000ff9a (0x97ba) x15 0x00000000800120dc
core   0: 0x000000008000ff9c (0xfe043703) ld      a4, -32(s0)
core   0: 3 0x000000008000ff9c (0xfe043703) x14 0x0000000080012074 mem 0x0000000080031f50
core   0: 0x000000008000ffa0 (0xfcf76de3) bltu    a4, a5, pc - 38
core   0: 3 0x000000008000ffa0 (0xfcf76de3)
core   0: 0x000000008000ff7a (0xfe043783) ld      a5, -32(s0)
core   0: 3 0x000000008000ff7a (0xfe043783) x15 0x0000000080012074 mem 0x0000000080031f50
core   0: 0x000000008000ff7e (0x00178713) addi    a4, a5, 1
core   0: 3 0x000000008000ff7e (0x00178713) x14 0x0000000080012075
core   0: 0x000000008000ff82 (0xfee43023) sd      a4, -32(s0)
core   0: 3 0x000000008000ff82 (0xfee43023) mem 0x0000000080031f50 0x0000000080012075
core   0: 0x000000008000ff86 (0xfc442703) lw      a4, -60(s0)
core   0: 3 0x000000008000ff86 (0xfc442703) x14 0x0000000000000000 mem 0x0000000080031f34
core   0: 0x000000008000ff8a (0x0ff77713) andi    a4, a4, 255
core   0: 3 0x000000008000ff8a (0x0ff77713) x14 0x0000000000000000
core   0: 0x000000008000ff8e (0x00e78023) sb      a4, 0(a5)
core   0: 3 0x000000008000ff8e (0x00e78023) mem 0x0000000080012074 0x00
core   0: 0x000000008000ff92 (0xfc843703) ld      a4, -56(s0)
core   0: 3 0x000000008000ff92 (0xfc843703) x14 0x0000000080012040 mem 0x0000000080031f38
core   0: 0x000000008000ff96 (0xfb843783) ld      a5, -72(s0)
core   0: 3 0x000000008000ff96 (0xfb843783) x15 0x000000000000009c mem 0x0000000080031f28
core   0: 0x000000008000ff9a (0x000097ba) c.add   a5, a4
core   0: 3 0x000000008000ff9a (0x97ba) x15 0x00000000800120dc
core   0: 0x000000008000ff9c (0xfe043703) ld      a4, -32(s0)
core   0: 3 0x000000008000ff9c (0xfe043703) x14 0x0000000080012075 mem 0x0000000080031f50
core   0: 0x000000008000ffa0 (0xfcf76de3) bltu    a4, a5, pc - 38
core   0: 3 0x000000008000ffa0 (0xfcf76de3)
core   0: 0x000000008000ff7a (0xfe043783) ld      a5, -32(s0)
core   0: 3 0x000000008000ff7a (0xfe043783) x15 0x0000000080012075 mem 0x0000000080031f50
core   0: 0x000000008000ff7e (0x00178713) addi    a4, a5, 1
core   0: 3 0x000000008000ff7e (0x00178713) x14 0x0000000080012076
core   0: 0x000000008000ff82 (0xfee43023) sd      a4, -32(s0)
core   0: 3 0x000000008000ff82 (0xfee43023) mem 0x0000000080031f50 0x0000000080012076
core   0: 0x000000008000ff86 (0xfc442703) lw      a4, -60(s0)
core   0: 3 0x000000008000ff86 (0xfc442703) x14 0x0000000000000000 mem 0x0000000080031f34
core   0: 0x000000008000ff8a (0x0ff77713) andi    a4, a4, 255
core   0: 3 0x000000008000ff8a (0x0ff77713) x14 0x0000000000000000
core   0: 0x000000008000ff8e (0x00e78023) sb      a4, 0(a5)
core   0: 3 0x000000008000ff8e (0x00e78023) mem 0x0000000080012075 0x00
core   0: 0x000000008000ff92 (0xfc843703) ld      a4, -56(s0)
core   0: 3 0x000000008000ff92 (0xfc843703) x14 0x0000000080012040 mem 0x0000000080031f38
core   0: 0x000000008000ff96 (0xfb843783) ld      a5, -72(s0)
core   0: 3 0x000000008000ff96 (0xfb843783) x15 0x000000000000009c mem 0x0000000080031f28
core   0: 0x000000008000ff9a (0x000097ba) c.add   a5, a4
core   0: 3 0x000000008000ff9a (0x97ba) x15 0x00000000800120dc
core   0: 0x000000008000ff9c (0xfe043703) ld      a4, -32(s0)
core   0: 3 0x000000008000ff9c (0xfe043703) x14 0x0000000080012076 mem 0x0000000080031f50
core   0: 0x000000008000ffa0 (0xfcf76de3) bltu    a4, a5, pc - 38
core   0: 3 0x000000008000ffa0 (0xfcf76de3)
core   0: 0x000000008000ff7a (0xfe043783) ld      a5, -32(s0)
core   0: 3 0x000000008000ff7a (0xfe043783) x15 0x0000000080012076 mem 0x0000000080031f50
core   0: 0x000000008000ff7e (0x00178713) addi    a4, a5, 1
core   0: 3 0x000000008000ff7e (0x00178713) x14 0x0000000080012077
core   0: 0x000000008000ff82 (0xfee43023) sd      a4, -32(s0)
core   0: 3 0x000000008000ff82 (0xfee43023) mem 0x0000000080031f50 0x0000000080012077
core   0: 0x000000008000ff86 (0xfc442703) lw      a4, -60(s0)
core   0: 3 0x000000008000ff86 (0xfc442703) x14 0x0000000000000000 mem 0x0000000080031f34
core   0: 0x000000008000ff8a (0x0ff77713) andi    a4, a4, 255
core   0: 3 0x000000008000ff8a (0x0ff77713) x14 0x0000000000000000
core   0: 0x000000008000ff8e (0x00e78023) sb      a4, 0(a5)
core   0: 3 0x000000008000ff8e (0x00e78023) mem 0x0000000080012076 0x00
core   0: 0x000000008000ff92 (0xfc843703) ld      a4, -56(s0)
core   0: 3 0x000000008000ff92 (0xfc843703) x14 0x0000000080012040 mem 0x0000000080031f38
core   0: 0x000000008000ff96 (0xfb843783) ld      a5, -72(s0)
core   0: 3 0x000000008000ff96 (0xfb843783) x15 0x000000000000009c mem 0x0000000080031f28
core   0: 0x000000008000ff9a (0x000097ba) c.add   a5, a4
core   0: 3 0x000000008000ff9a (0x97ba) x15 0x00000000800120dc
core   0: 0x000000008000ff9c (0xfe043703) ld      a4, -32(s0)
core   0: 3 0x000000008000ff9c (0xfe043703) x14 0x0000000080012077 mem 0x0000000080031f50
core   0: 0x000000008000ffa0 (0xfcf76de3) bltu    a4, a5, pc - 38
core   0: 3 0x000000008000ffa0 (0xfcf76de3)
core   0: 0x000000008000ff7a (0xfe043783) ld      a5, -32(s0)
core   0: 3 0x000000008000ff7a (0xfe043783) x15 0x0000000080012077 mem 0x0000000080031f50
core   0: 0x000000008000ff7e (0x00178713) addi    a4, a5, 1
core   0: 3 0x000000008000ff7e (0x00178713) x14 0x0000000080012078
core   0: 0x000000008000ff82 (0xfee43023) sd      a4, -32(s0)
core   0: 3 0x000000008000ff82 (0xfee43023) mem 0x0000000080031f50 0x0000000080012078
core   0: 0x000000008000ff86 (0xfc442703) lw      a4, -60(s0)
core   0: 3 0x000000008000ff86 (0xfc442703) x14 0x0000000000000000 mem 0x0000000080031f34
core   0: 0x000000008000ff8a (0x0ff77713) andi    a4, a4, 255
core   0: 3 0x000000008000ff8a (0x0ff77713) x14 0x0000000000000000
core   0: 0x000000008000ff8e (0x00e78023) sb      a4, 0(a5)
core   0: 3 0x000000008000ff8e (0x00e78023) mem 0x0000000080012077 0x00
core   0: 0x000000008000ff92 (0xfc843703) ld      a4, -56(s0)
core   0: 3 0x000000008000ff92 (0xfc843703) x14 0x0000000080012040 mem 0x0000000080031f38
core   0: 0x000000008000ff96 (0xfb843783) ld      a5, -72(s0)
core   0: 3 0x000000008000ff96 (0xfb843783) x15 0x000000000000009c mem 0x0000000080031f28
core   0: 0x000000008000ff9a (0x000097ba) c.add   a5, a4
core   0: 3 0x000000008000ff9a (0x97ba) x15 0x00000000800120dc
core   0: 0x000000008000ff9c (0xfe043703) ld      a4, -32(s0)
core   0: 3 0x000000008000ff9c (0xfe043703) x14 0x0000000080012078 mem 0x0000000080031f50
core   0: 0x000000008000ffa0 (0xfcf76de3) bltu    a4, a5, pc - 38
core   0: 3 0x000000008000ffa0 (0xfcf76de3)
core   0: 0x000000008000ff7a (0xfe043783) ld      a5, -32(s0)
core   0: 3 0x000000008000ff7a (0xfe043783) x15 0x0000000080012078 mem 0x0000000080031f50
core   0: 0x000000008000ff7e (0x00178713) addi    a4, a5, 1
core   0: 3 0x000000008000ff7e (0x00178713) x14 0x0000000080012079
core   0: 0x000000008000ff82 (0xfee43023) sd      a4, -32(s0)
core   0: 3 0x000000008000ff82 (0xfee43023) mem 0x0000000080031f50 0x0000000080012079
core   0: 0x000000008000ff86 (0xfc442703) lw      a4, -60(s0)
core   0: 3 0x000000008000ff86 (0xfc442703) x14 0x0000000000000000 mem 0x0000000080031f34
core   0: 0x000000008000ff8a (0x0ff77713) andi    a4, a4, 255
core   0: 3 0x000000008000ff8a (0x0ff77713) x14 0x0000000000000000
core   0: 0x000000008000ff8e (0x00e78023) sb      a4, 0(a5)
core   0: 3 0x000000008000ff8e (0x00e78023) mem 0x0000000080012078 0x00
core   0: 0x000000008000ff92 (0xfc843703) ld      a4, -56(s0)
core   0: 3 0x000000008000ff92 (0xfc843703) x14 0x0000000080012040 mem 0x0000000080031f38
core   0: 0x000000008000ff96 (0xfb843783) ld      a5, -72(s0)
core   0: 3 0x000000008000ff96 (0xfb843783) x15 0x000000000000009c mem 0x0000000080031f28
core   0: 0x000000008000ff9a (0x000097ba) c.add   a5, a4
core   0: 3 0x000000008000ff9a (0x97ba) x15 0x00000000800120dc
core   0: 0x000000008000ff9c (0xfe043703) ld      a4, -32(s0)
core   0: 3 0x000000008000ff9c (0xfe043703) x14 0x0000000080012079 mem 0x0000000080031f50
core   0: 0x000000008000ffa0 (0xfcf76de3) bltu    a4, a5, pc - 38
core   0: 3 0x000000008000ffa0 (0xfcf76de3)
core   0: 0x000000008000ff7a (0xfe043783) ld      a5, -32(s0)
core   0: 3 0x000000008000ff7a (0xfe043783) x15 0x0000000080012079 mem 0x0000000080031f50
core   0: 0x000000008000ff7e (0x00178713) addi    a4, a5, 1
core   0: 3 0x000000008000ff7e (0x00178713) x14 0x000000008001207a
core   0: 0x000000008000ff82 (0xfee43023) sd      a4, -32(s0)
core   0: 3 0x000000008000ff82 (0xfee43023) mem 0x0000000080031f50 0x000000008001207a
core   0: 0x000000008000ff86 (0xfc442703) lw      a4, -60(s0)
core   0: 3 0x000000008000ff86 (0xfc442703) x14 0x0000000000000000 mem 0x0000000080031f34
core   0: 0x000000008000ff8a (0x0ff77713) andi    a4, a4, 255
core   0: 3 0x000000008000ff8a (0x0ff77713) x14 0x0000000000000000
core   0: 0x000000008000ff8e (0x00e78023) sb      a4, 0(a5)
core   0: 3 0x000000008000ff8e (0x00e78023) mem 0x0000000080012079 0x00
core   0: 0x000000008000ff92 (0xfc843703) ld      a4, -56(s0)
core   0: 3 0x000000008000ff92 (0xfc843703) x14 0x0000000080012040 mem 0x0000000080031f38
core   0: 0x000000008000ff96 (0xfb843783) ld      a5, -72(s0)
core   0: 3 0x000000008000ff96 (0xfb843783) x15 0x000000000000009c mem 0x0000000080031f28
core   0: 0x000000008000ff9a (0x000097ba) c.add   a5, a4
core   0: 3 0x000000008000ff9a (0x97ba) x15 0x00000000800120dc
core   0: 0x000000008000ff9c (0xfe043703) ld      a4, -32(s0)
core   0: 3 0x000000008000ff9c (0xfe043703) x14 0x000000008001207a mem 0x0000000080031f50
core   0: 0x000000008000ffa0 (0xfcf76de3) bltu    a4, a5, pc - 38
core   0: 3 0x000000008000ffa0 (0xfcf76de3)
core   0: 0x000000008000ff7a (0xfe043783) ld      a5, -32(s0)
core   0: 3 0x000000008000ff7a (0xfe043783) x15 0x000000008001207a mem 0x0000000080031f50
core   0: 0x000000008000ff7e (0x00178713) addi    a4, a5, 1
core   0: 3 0x000000008000ff7e (0x00178713) x14 0x000000008001207b
core   0: 0x000000008000ff82 (0xfee43023) sd      a4, -32(s0)
core   0: 3 0x000000008000ff82 (0xfee43023) mem 0x0000000080031f50 0x000000008001207b
core   0: 0x000000008000ff86 (0xfc442703) lw      a4, -60(s0)
core   0: 3 0x000000008000ff86 (0xfc442703) x14 0x0000000000000000 mem 0x0000000080031f34
core   0: 0x000000008000ff8a (0x0ff77713) andi    a4, a4, 255
core   0: 3 0x000000008000ff8a (0x0ff77713) x14 0x0000000000000000
core   0: 0x000000008000ff8e (0x00e78023) sb      a4, 0(a5)
core   0: 3 0x000000008000ff8e (0x00e78023) mem 0x000000008001207a 0x00
core   0: 0x000000008000ff92 (0xfc843703) ld      a4, -56(s0)
core   0: 3 0x000000008000ff92 (0xfc843703) x14 0x0000000080012040 mem 0x0000000080031f38
core   0: 0x000000008000ff96 (0xfb843783) ld      a5, -72(s0)
core   0: 3 0x000000008000ff96 (0xfb843783) x15 0x000000000000009c mem 0x0000000080031f28
core   0: 0x000000008000ff9a (0x000097ba) c.add   a5, a4
core   0: 3 0x000000008000ff9a (0x97ba) x15 0x00000000800120dc
core   0: 0x000000008000ff9c (0xfe043703) ld      a4, -32(s0)
core   0: 3 0x000000008000ff9c (0xfe043703) x14 0x000000008001207b mem 0x0000000080031f50
core   0: 0x000000008000ffa0 (0xfcf76de3) bltu    a4, a5, pc - 38
core   0: 3 0x000000008000ffa0 (0xfcf76de3)
core   0: 0x000000008000ff7a (0xfe043783) ld      a5, -32(s0)
core   0: 3 0x000000008000ff7a (0xfe043783) x15 0x000000008001207b mem 0x0000000080031f50
core   0: 0x000000008000ff7e (0x00178713) addi    a4, a5, 1
core   0: 3 0x000000008000ff7e (0x00178713) x14 0x000000008001207c
core   0: 0x000000008000ff82 (0xfee43023) sd      a4, -32(s0)
core   0: 3 0x000000008000ff82 (0xfee43023) mem 0x0000000080031f50 0x000000008001207c
core   0: 0x000000008000ff86 (0xfc442703) lw      a4, -60(s0)
core   0: 3 0x000000008000ff86 (0xfc442703) x14 0x0000000000000000 mem 0x0000000080031f34
core   0: 0x000000008000ff8a (0x0ff77713) andi    a4, a4, 255
core   0: 3 0x000000008000ff8a (0x0ff77713) x14 0x0000000000000000
core   0: 0x000000008000ff8e (0x00e78023) sb      a4, 0(a5)
core   0: 3 0x000000008000ff8e (0x00e78023) mem 0x000000008001207b 0x00
core   0: 0x000000008000ff92 (0xfc843703) ld      a4, -56(s0)
core   0: 3 0x000000008000ff92 (0xfc843703) x14 0x0000000080012040 mem 0x0000000080031f38
core   0: 0x000000008000ff96 (0xfb843783) ld      a5, -72(s0)
core   0: 3 0x000000008000ff96 (0xfb843783) x15 0x000000000000009c mem 0x0000000080031f28
core   0: 0x000000008000ff9a (0x000097ba) c.add   a5, a4
core   0: 3 0x000000008000ff9a (0x97ba) x15 0x00000000800120dc
core   0: 0x000000008000ff9c (0xfe043703) ld      a4, -32(s0)
core   0: 3 0x000000008000ff9c (0xfe043703) x14 0x000000008001207c mem 0x0000000080031f50
core   0: 0x000000008000ffa0 (0xfcf76de3) bltu    a4, a5, pc - 38
core   0: 3 0x000000008000ffa0 (0xfcf76de3)
core   0: 0x000000008000ff7a (0xfe043783) ld      a5, -32(s0)
core   0: 3 0x000000008000ff7a (0xfe043783) x15 0x000000008001207c mem 0x0000000080031f50
core   0: 0x000000008000ff7e (0x00178713) addi    a4, a5, 1
core   0: 3 0x000000008000ff7e (0x00178713) x14 0x000000008001207d
core   0: 0x000000008000ff82 (0xfee43023) sd      a4, -32(s0)
core   0: 3 0x000000008000ff82 (0xfee43023) mem 0x0000000080031f50 0x000000008001207d
core   0: 0x000000008000ff86 (0xfc442703) lw      a4, -60(s0)
core   0: 3 0x000000008000ff86 (0xfc442703) x14 0x0000000000000000 mem 0x0000000080031f34
core   0: 0x000000008000ff8a (0x0ff77713) andi    a4, a4, 255
core   0: 3 0x000000008000ff8a (0x0ff77713) x14 0x0000000000000000
core   0: 0x000000008000ff8e (0x00e78023) sb      a4, 0(a5)
core   0: 3 0x000000008000ff8e (0x00e78023) mem 0x000000008001207c 0x00
core   0: 0x000000008000ff92 (0xfc843703) ld      a4, -56(s0)
core   0: 3 0x000000008000ff92 (0xfc843703) x14 0x0000000080012040 mem 0x0000000080031f38
core   0: 0x000000008000ff96 (0xfb843783) ld      a5, -72(s0)
core   0: 3 0x000000008000ff96 (0xfb843783) x15 0x000000000000009c mem 0x0000000080031f28
core   0: 0x000000008000ff9a (0x000097ba) c.add   a5, a4
core   0: 3 0x000000008000ff9a (0x97ba) x15 0x00000000800120dc
core   0: 0x000000008000ff9c (0xfe043703) ld      a4, -32(s0)
core   0: 3 0x000000008000ff9c (0xfe043703) x14 0x000000008001207d mem 0x0000000080031f50
core   0: 0x000000008000ffa0 (0xfcf76de3) bltu    a4, a5, pc - 38
core   0: 3 0x000000008000ffa0 (0xfcf76de3)
core   0: 0x000000008000ff7a (0xfe043783) ld      a5, -32(s0)
core   0: 3 0x000000008000ff7a (0xfe043783) x15 0x000000008001207d mem 0x0000000080031f50
core   0: 0x000000008000ff7e (0x00178713) addi    a4, a5, 1
core   0: 3 0x000000008000ff7e (0x00178713) x14 0x000000008001207e
core   0: 0x000000008000ff82 (0xfee43023) sd      a4, -32(s0)
core   0: 3 0x000000008000ff82 (0xfee43023) mem 0x0000000080031f50 0x000000008001207e
core   0: 0x000000008000ff86 (0xfc442703) lw      a4, -60(s0)
core   0: 3 0x000000008000ff86 (0xfc442703) x14 0x0000000000000000 mem 0x0000000080031f34
core   0: 0x000000008000ff8a (0x0ff77713) andi    a4, a4, 255
core   0: 3 0x000000008000ff8a (0x0ff77713) x14 0x0000000000000000
core   0: 0x000000008000ff8e (0x00e78023) sb      a4, 0(a5)
core   0: 3 0x000000008000ff8e (0x00e78023) mem 0x000000008001207d 0x00
core   0: 0x000000008000ff92 (0xfc843703) ld      a4, -56(s0)
core   0: 3 0x000000008000ff92 (0xfc843703) x14 0x0000000080012040 mem 0x0000000080031f38
core   0: 0x000000008000ff96 (0xfb843783) ld      a5, -72(s0)
core   0: 3 0x000000008000ff96 (0xfb843783) x15 0x000000000000009c mem 0x0000000080031f28
core   0: 0x000000008000ff9a (0x000097ba) c.add   a5, a4
core   0: 3 0x000000008000ff9a (0x97ba) x15 0x00000000800120dc
core   0: 0x000000008000ff9c (0xfe043703) ld      a4, -32(s0)
core   0: 3 0x000000008000ff9c (0xfe043703) x14 0x000000008001207e mem 0x0000000080031f50
core   0: 0x000000008000ffa0 (0xfcf76de3) bltu    a4, a5, pc - 38
core   0: 3 0x000000008000ffa0 (0xfcf76de3)
core   0: 0x000000008000ff7a (0xfe043783) ld      a5, -32(s0)
core   0: 3 0x000000008000ff7a (0xfe043783) x15 0x000000008001207e mem 0x0000000080031f50
core   0: 0x000000008000ff7e (0x00178713) addi    a4, a5, 1
core   0: 3 0x000000008000ff7e (0x00178713) x14 0x000000008001207f
core   0: 0x000000008000ff82 (0xfee43023) sd      a4, -32(s0)
core   0: 3 0x000000008000ff82 (0xfee43023) mem 0x0000000080031f50 0x000000008001207f
core   0: 0x000000008000ff86 (0xfc442703) lw      a4, -60(s0)
core   0: 3 0x000000008000ff86 (0xfc442703) x14 0x0000000000000000 mem 0x0000000080031f34
core   0: 0x000000008000ff8a (0x0ff77713) andi    a4, a4, 255
core   0: 3 0x000000008000ff8a (0x0ff77713) x14 0x0000000000000000
core   0: 0x000000008000ff8e (0x00e78023) sb      a4, 0(a5)
core   0: 3 0x000000008000ff8e (0x00e78023) mem 0x000000008001207e 0x00
core   0: 0x000000008000ff92 (0xfc843703) ld      a4, -56(s0)
core   0: 3 0x000000008000ff92 (0xfc843703) x14 0x0000000080012040 mem 0x0000000080031f38
core   0: 0x000000008000ff96 (0xfb843783) ld      a5, -72(s0)
core   0: 3 0x000000008000ff96 (0xfb843783) x15 0x000000000000009c mem 0x0000000080031f28
core   0: 0x000000008000ff9a (0x000097ba) c.add   a5, a4
core   0: 3 0x000000008000ff9a (0x97ba) x15 0x00000000800120dc
core   0: 0x000000008000ff9c (0xfe043703) ld      a4, -32(s0)
core   0: 3 0x000000008000ff9c (0xfe043703) x14 0x000000008001207f mem 0x0000000080031f50
core   0: 0x000000008000ffa0 (0xfcf76de3) bltu    a4, a5, pc - 38
core   0: 3 0x000000008000ffa0 (0xfcf76de3)
core   0: 0x000000008000ff7a (0xfe043783) ld      a5, -32(s0)
core   0: 3 0x000000008000ff7a (0xfe043783) x15 0x000000008001207f mem 0x0000000080031f50
core   0: 0x000000008000ff7e (0x00178713) addi    a4, a5, 1
core   0: 3 0x000000008000ff7e (0x00178713) x14 0x0000000080012080
core   0: 0x000000008000ff82 (0xfee43023) sd      a4, -32(s0)
core   0: 3 0x000000008000ff82 (0xfee43023) mem 0x0000000080031f50 0x0000000080012080
core   0: 0x000000008000ff86 (0xfc442703) lw      a4, -60(s0)
core   0: 3 0x000000008000ff86 (0xfc442703) x14 0x0000000000000000 mem 0x0000000080031f34
core   0: 0x000000008000ff8a (0x0ff77713) andi    a4, a4, 255
core   0: 3 0x000000008000ff8a (0x0ff77713) x14 0x0000000000000000
core   0: 0x000000008000ff8e (0x00e78023) sb      a4, 0(a5)
core   0: 3 0x000000008000ff8e (0x00e78023) mem 0x000000008001207f 0x00
core   0: 0x000000008000ff92 (0xfc843703) ld      a4, -56(s0)
core   0: 3 0x000000008000ff92 (0xfc843703) x14 0x0000000080012040 mem 0x0000000080031f38
core   0: 0x000000008000ff96 (0xfb843783) ld      a5, -72(s0)
core   0: 3 0x000000008000ff96 (0xfb843783) x15 0x000000000000009c mem 0x0000000080031f28
core   0: 0x000000008000ff9a (0x000097ba) c.add   a5, a4
core   0: 3 0x000000008000ff9a (0x97ba) x15 0x00000000800120dc
core   0: 0x000000008000ff9c (0xfe043703) ld      a4, -32(s0)
core   0: 3 0x000000008000ff9c (0xfe043703) x14 0x0000000080012080 mem 0x0000000080031f50
core   0: 0x000000008000ffa0 (0xfcf76de3) bltu    a4, a5, pc - 38
core   0: 3 0x000000008000ffa0 (0xfcf76de3)
core   0: 0x000000008000ff7a (0xfe043783) ld      a5, -32(s0)
core   0: 3 0x000000008000ff7a (0xfe043783) x15 0x0000000080012080 mem 0x0000000080031f50
core   0: 0x000000008000ff7e (0x00178713) addi    a4, a5, 1
core   0: 3 0x000000008000ff7e (0x00178713) x14 0x0000000080012081
core   0: 0x000000008000ff82 (0xfee43023) sd      a4, -32(s0)
core   0: 3 0x000000008000ff82 (0xfee43023) mem 0x0000000080031f50 0x0000000080012081
core   0: 0x000000008000ff86 (0xfc442703) lw      a4, -60(s0)
core   0: 3 0x000000008000ff86 (0xfc442703) x14 0x0000000000000000 mem 0x0000000080031f34
core   0: 0x000000008000ff8a (0x0ff77713) andi    a4, a4, 255
core   0: 3 0x000000008000ff8a (0x0ff77713) x14 0x0000000000000000
core   0: 0x000000008000ff8e (0x00e78023) sb      a4, 0(a5)
core   0: 3 0x000000008000ff8e (0x00e78023) mem 0x0000000080012080 0x00
core   0: 0x000000008000ff92 (0xfc843703) ld      a4, -56(s0)
core   0: 3 0x000000008000ff92 (0xfc843703) x14 0x0000000080012040 mem 0x0000000080031f38
core   0: 0x000000008000ff96 (0xfb843783) ld      a5, -72(s0)
core   0: 3 0x000000008000ff96 (0xfb843783) x15 0x000000000000009c mem 0x0000000080031f28
core   0: 0x000000008000ff9a (0x000097ba) c.add   a5, a4
core   0: 3 0x000000008000ff9a (0x97ba) x15 0x00000000800120dc
core   0: 0x000000008000ff9c (0xfe043703) ld      a4, -32(s0)
core   0: 3 0x000000008000ff9c (0xfe043703) x14 0x0000000080012081 mem 0x0000000080031f50
core   0: 0x000000008000ffa0 (0xfcf76de3) bltu    a4, a5, pc - 38
core   0: 3 0x000000008000ffa0 (0xfcf76de3)
core   0: 0x000000008000ff7a (0xfe043783) ld      a5, -32(s0)
core   0: 3 0x000000008000ff7a (0xfe043783) x15 0x0000000080012081 mem 0x0000000080031f50
core   0: 0x000000008000ff7e (0x00178713) addi    a4, a5, 1
core   0: 3 0x000000008000ff7e (0x00178713) x14 0x0000000080012082
core   0: 0x000000008000ff82 (0xfee43023) sd      a4, -32(s0)
core   0: 3 0x000000008000ff82 (0xfee43023) mem 0x0000000080031f50 0x0000000080012082
core   0: 0x000000008000ff86 (0xfc442703) lw      a4, -60(s0)
core   0: 3 0x000000008000ff86 (0xfc442703) x14 0x0000000000000000 mem 0x0000000080031f34
core   0: 0x000000008000ff8a (0x0ff77713) andi    a4, a4, 255
core   0: 3 0x000000008000ff8a (0x0ff77713) x14 0x0000000000000000
core   0: 0x000000008000ff8e (0x00e78023) sb      a4, 0(a5)
core   0: 3 0x000000008000ff8e (0x00e78023) mem 0x0000000080012081 0x00
core   0: 0x000000008000ff92 (0xfc843703) ld      a4, -56(s0)
core   0: 3 0x000000008000ff92 (0xfc843703) x14 0x0000000080012040 mem 0x0000000080031f38
core   0: 0x000000008000ff96 (0xfb843783) ld      a5, -72(s0)
core   0: 3 0x000000008000ff96 (0xfb843783) x15 0x000000000000009c mem 0x0000000080031f28
core   0: 0x000000008000ff9a (0x000097ba) c.add   a5, a4
core   0: 3 0x000000008000ff9a (0x97ba) x15 0x00000000800120dc
core   0: 0x000000008000ff9c (0xfe043703) ld      a4, -32(s0)
core   0: 3 0x000000008000ff9c (0xfe043703) x14 0x0000000080012082 mem 0x0000000080031f50
core   0: 0x000000008000ffa0 (0xfcf76de3) bltu    a4, a5, pc - 38
core   0: 3 0x000000008000ffa0 (0xfcf76de3)
core   0: 0x000000008000ff7a (0xfe043783) ld      a5, -32(s0)
core   0: 3 0x000000008000ff7a (0xfe043783) x15 0x0000000080012082 mem 0x0000000080031f50
core   0: 0x000000008000ff7e (0x00178713) addi    a4, a5, 1
core   0: 3 0x000000008000ff7e (0x00178713) x14 0x0000000080012083
core   0: 0x000000008000ff82 (0xfee43023) sd      a4, -32(s0)
core   0: 3 0x000000008000ff82 (0xfee43023) mem 0x0000000080031f50 0x0000000080012083
core   0: 0x000000008000ff86 (0xfc442703) lw      a4, -60(s0)
core   0: 3 0x000000008000ff86 (0xfc442703) x14 0x0000000000000000 mem 0x0000000080031f34
core   0: 0x000000008000ff8a (0x0ff77713) andi    a4, a4, 255
core   0: 3 0x000000008000ff8a (0x0ff77713) x14 0x0000000000000000
core   0: 0x000000008000ff8e (0x00e78023) sb      a4, 0(a5)
core   0: 3 0x000000008000ff8e (0x00e78023) mem 0x0000000080012082 0x00
core   0: 0x000000008000ff92 (0xfc843703) ld      a4, -56(s0)
core   0: 3 0x000000008000ff92 (0xfc843703) x14 0x0000000080012040 mem 0x0000000080031f38
core   0: 0x000000008000ff96 (0xfb843783) ld      a5, -72(s0)
core   0: 3 0x000000008000ff96 (0xfb843783) x15 0x000000000000009c mem 0x0000000080031f28
core   0: 0x000000008000ff9a (0x000097ba) c.add   a5, a4
core   0: 3 0x000000008000ff9a (0x97ba) x15 0x00000000800120dc
core   0: 0x000000008000ff9c (0xfe043703) ld      a4, -32(s0)
core   0: 3 0x000000008000ff9c (0xfe043703) x14 0x0000000080012083 mem 0x0000000080031f50
core   0: 0x000000008000ffa0 (0xfcf76de3) bltu    a4, a5, pc - 38
core   0: 3 0x000000008000ffa0 (0xfcf76de3)
core   0: 0x000000008000ff7a (0xfe043783) ld      a5, -32(s0)
core   0: 3 0x000000008000ff7a (0xfe043783) x15 0x0000000080012083 mem 0x0000000080031f50
core   0: 0x000000008000ff7e (0x00178713) addi    a4, a5, 1
core   0: 3 0x000000008000ff7e (0x00178713) x14 0x0000000080012084
core   0: 0x000000008000ff82 (0xfee43023) sd      a4, -32(s0)
core   0: 3 0x000000008000ff82 (0xfee43023) mem 0x0000000080031f50 0x0000000080012084
core   0: 0x000000008000ff86 (0xfc442703) lw      a4, -60(s0)
core   0: 3 0x000000008000ff86 (0xfc442703) x14 0x0000000000000000 mem 0x0000000080031f34
core   0: 0x000000008000ff8a (0x0ff77713) andi    a4, a4, 255
core   0: 3 0x000000008000ff8a (0x0ff77713) x14 0x0000000000000000
core   0: 0x000000008000ff8e (0x00e78023) sb      a4, 0(a5)
core   0: 3 0x000000008000ff8e (0x00e78023) mem 0x0000000080012083 0x00
core   0: 0x000000008000ff92 (0xfc843703) ld      a4, -56(s0)
core   0: 3 0x000000008000ff92 (0xfc843703) x14 0x0000000080012040 mem 0x0000000080031f38
core   0: 0x000000008000ff96 (0xfb843783) ld      a5, -72(s0)
core   0: 3 0x000000008000ff96 (0xfb843783) x15 0x000000000000009c mem 0x0000000080031f28
core   0: 0x000000008000ff9a (0x000097ba) c.add   a5, a4
core   0: 3 0x000000008000ff9a (0x97ba) x15 0x00000000800120dc
core   0: 0x000000008000ff9c (0xfe043703) ld      a4, -32(s0)
core   0: 3 0x000000008000ff9c (0xfe043703) x14 0x0000000080012084 mem 0x0000000080031f50
core   0: 0x000000008000ffa0 (0xfcf76de3) bltu    a4, a5, pc - 38
core   0: 3 0x000000008000ffa0 (0xfcf76de3)
core   0: 0x000000008000ff7a (0xfe043783) ld      a5, -32(s0)
core   0: 3 0x000000008000ff7a (0xfe043783) x15 0x0000000080012084 mem 0x0000000080031f50
core   0: 0x000000008000ff7e (0x00178713) addi    a4, a5, 1
core   0: 3 0x000000008000ff7e (0x00178713) x14 0x0000000080012085
core   0: 0x000000008000ff82 (0xfee43023) sd      a4, -32(s0)
core   0: 3 0x000000008000ff82 (0xfee43023) mem 0x0000000080031f50 0x0000000080012085
core   0: 0x000000008000ff86 (0xfc442703) lw      a4, -60(s0)
core   0: 3 0x000000008000ff86 (0xfc442703) x14 0x0000000000000000 mem 0x0000000080031f34
core   0: 0x000000008000ff8a (0x0ff77713) andi    a4, a4, 255
core   0: 3 0x000000008000ff8a (0x0ff77713) x14 0x0000000000000000
core   0: 0x000000008000ff8e (0x00e78023) sb      a4, 0(a5)
core   0: 3 0x000000008000ff8e (0x00e78023) mem 0x0000000080012084 0x00
core   0: 0x000000008000ff92 (0xfc843703) ld      a4, -56(s0)
core   0: 3 0x000000008000ff92 (0xfc843703) x14 0x0000000080012040 mem 0x0000000080031f38
core   0: 0x000000008000ff96 (0xfb843783) ld      a5, -72(s0)
core   0: 3 0x000000008000ff96 (0xfb843783) x15 0x000000000000009c mem 0x0000000080031f28
core   0: 0x000000008000ff9a (0x000097ba) c.add   a5, a4
core   0: 3 0x000000008000ff9a (0x97ba) x15 0x00000000800120dc
core   0: 0x000000008000ff9c (0xfe043703) ld      a4, -32(s0)
core   0: 3 0x000000008000ff9c (0xfe043703) x14 0x0000000080012085 mem 0x0000000080031f50
core   0: 0x000000008000ffa0 (0xfcf76de3) bltu    a4, a5, pc - 38
core   0: 3 0x000000008000ffa0 (0xfcf76de3)
core   0: 0x000000008000ff7a (0xfe043783) ld      a5, -32(s0)
core   0: 3 0x000000008000ff7a (0xfe043783) x15 0x0000000080012085 mem 0x0000000080031f50
core   0: 0x000000008000ff7e (0x00178713) addi    a4, a5, 1
core   0: 3 0x000000008000ff7e (0x00178713) x14 0x0000000080012086
core   0: 0x000000008000ff82 (0xfee43023) sd      a4, -32(s0)
core   0: 3 0x000000008000ff82 (0xfee43023) mem 0x0000000080031f50 0x0000000080012086
core   0: 0x000000008000ff86 (0xfc442703) lw      a4, -60(s0)
core   0: 3 0x000000008000ff86 (0xfc442703) x14 0x0000000000000000 mem 0x0000000080031f34
core   0: 0x000000008000ff8a (0x0ff77713) andi    a4, a4, 255
core   0: 3 0x000000008000ff8a (0x0ff77713) x14 0x0000000000000000
core   0: 0x000000008000ff8e (0x00e78023) sb      a4, 0(a5)
core   0: 3 0x000000008000ff8e (0x00e78023) mem 0x0000000080012085 0x00
core   0: 0x000000008000ff92 (0xfc843703) ld      a4, -56(s0)
core   0: 3 0x000000008000ff92 (0xfc843703) x14 0x0000000080012040 mem 0x0000000080031f38
core   0: 0x000000008000ff96 (0xfb843783) ld      a5, -72(s0)
core   0: 3 0x000000008000ff96 (0xfb843783) x15 0x000000000000009c mem 0x0000000080031f28
core   0: 0x000000008000ff9a (0x000097ba) c.add   a5, a4
core   0: 3 0x000000008000ff9a (0x97ba) x15 0x00000000800120dc
core   0: 0x000000008000ff9c (0xfe043703) ld      a4, -32(s0)
core   0: 3 0x000000008000ff9c (0xfe043703) x14 0x0000000080012086 mem 0x0000000080031f50
core   0: 0x000000008000ffa0 (0xfcf76de3) bltu    a4, a5, pc - 38
core   0: 3 0x000000008000ffa0 (0xfcf76de3)
core   0: 0x000000008000ff7a (0xfe043783) ld      a5, -32(s0)
core   0: 3 0x000000008000ff7a (0xfe043783) x15 0x0000000080012086 mem 0x0000000080031f50
core   0: 0x000000008000ff7e (0x00178713) addi    a4, a5, 1
core   0: 3 0x000000008000ff7e (0x00178713) x14 0x0000000080012087
core   0: 0x000000008000ff82 (0xfee43023) sd      a4, -32(s0)
core   0: 3 0x000000008000ff82 (0xfee43023) mem 0x0000000080031f50 0x0000000080012087
core   0: 0x000000008000ff86 (0xfc442703) lw      a4, -60(s0)
core   0: 3 0x000000008000ff86 (0xfc442703) x14 0x0000000000000000 mem 0x0000000080031f34
core   0: 0x000000008000ff8a (0x0ff77713) andi    a4, a4, 255
core   0: 3 0x000000008000ff8a (0x0ff77713) x14 0x0000000000000000
core   0: 0x000000008000ff8e (0x00e78023) sb      a4, 0(a5)
core   0: 3 0x000000008000ff8e (0x00e78023) mem 0x0000000080012086 0x00
core   0: 0x000000008000ff92 (0xfc843703) ld      a4, -56(s0)
core   0: 3 0x000000008000ff92 (0xfc843703) x14 0x0000000080012040 mem 0x0000000080031f38
core   0: 0x000000008000ff96 (0xfb843783) ld      a5, -72(s0)
core   0: 3 0x000000008000ff96 (0xfb843783) x15 0x000000000000009c mem 0x0000000080031f28
core   0: 0x000000008000ff9a (0x000097ba) c.add   a5, a4
core   0: 3 0x000000008000ff9a (0x97ba) x15 0x00000000800120dc
core   0: 0x000000008000ff9c (0xfe043703) ld      a4, -32(s0)
core   0: 3 0x000000008000ff9c (0xfe043703) x14 0x0000000080012087 mem 0x0000000080031f50
core   0: 0x000000008000ffa0 (0xfcf76de3) bltu    a4, a5, pc - 38
core   0: 3 0x000000008000ffa0 (0xfcf76de3)
core   0: 0x000000008000ff7a (0xfe043783) ld      a5, -32(s0)
core   0: 3 0x000000008000ff7a (0xfe043783) x15 0x0000000080012087 mem 0x0000000080031f50
core   0: 0x000000008000ff7e (0x00178713) addi    a4, a5, 1
core   0: 3 0x000000008000ff7e (0x00178713) x14 0x0000000080012088
core   0: 0x000000008000ff82 (0xfee43023) sd      a4, -32(s0)
core   0: 3 0x000000008000ff82 (0xfee43023) mem 0x0000000080031f50 0x0000000080012088
core   0: 0x000000008000ff86 (0xfc442703) lw      a4, -60(s0)
core   0: 3 0x000000008000ff86 (0xfc442703) x14 0x0000000000000000 mem 0x0000000080031f34
core   0: 0x000000008000ff8a (0x0ff77713) andi    a4, a4, 255
core   0: 3 0x000000008000ff8a (0x0ff77713) x14 0x0000000000000000
core   0: 0x000000008000ff8e (0x00e78023) sb      a4, 0(a5)
core   0: 3 0x000000008000ff8e (0x00e78023) mem 0x0000000080012087 0x00
core   0: 0x000000008000ff92 (0xfc843703) ld      a4, -56(s0)
core   0: 3 0x000000008000ff92 (0xfc843703) x14 0x0000000080012040 mem 0x0000000080031f38
core   0: 0x000000008000ff96 (0xfb843783) ld      a5, -72(s0)
core   0: 3 0x000000008000ff96 (0xfb843783) x15 0x000000000000009c mem 0x0000000080031f28
core   0: 0x000000008000ff9a (0x000097ba) c.add   a5, a4
core   0: 3 0x000000008000ff9a (0x97ba) x15 0x00000000800120dc
core   0: 0x000000008000ff9c (0xfe043703) ld      a4, -32(s0)
core   0: 3 0x000000008000ff9c (0xfe043703) x14 0x0000000080012088 mem 0x0000000080031f50
core   0: 0x000000008000ffa0 (0xfcf76de3) bltu    a4, a5, pc - 38
core   0: 3 0x000000008000ffa0 (0xfcf76de3)
core   0: 0x000000008000ff7a (0xfe043783) ld      a5, -32(s0)
core   0: 3 0x000000008000ff7a (0xfe043783) x15 0x0000000080012088 mem 0x0000000080031f50
core   0: 0x000000008000ff7e (0x00178713) addi    a4, a5, 1
core   0: 3 0x000000008000ff7e (0x00178713) x14 0x0000000080012089
core   0: 0x000000008000ff82 (0xfee43023) sd      a4, -32(s0)
core   0: 3 0x000000008000ff82 (0xfee43023) mem 0x0000000080031f50 0x0000000080012089
core   0: 0x000000008000ff86 (0xfc442703) lw      a4, -60(s0)
core   0: 3 0x000000008000ff86 (0xfc442703) x14 0x0000000000000000 mem 0x0000000080031f34
core   0: 0x000000008000ff8a (0x0ff77713) andi    a4, a4, 255
core   0: 3 0x000000008000ff8a (0x0ff77713) x14 0x0000000000000000
core   0: 0x000000008000ff8e (0x00e78023) sb      a4, 0(a5)
core   0: 3 0x000000008000ff8e (0x00e78023) mem 0x0000000080012088 0x00
core   0: 0x000000008000ff92 (0xfc843703) ld      a4, -56(s0)
core   0: 3 0x000000008000ff92 (0xfc843703) x14 0x0000000080012040 mem 0x0000000080031f38
core   0: 0x000000008000ff96 (0xfb843783) ld      a5, -72(s0)
core   0: 3 0x000000008000ff96 (0xfb843783) x15 0x000000000000009c mem 0x0000000080031f28
core   0: 0x000000008000ff9a (0x000097ba) c.add   a5, a4
core   0: 3 0x000000008000ff9a (0x97ba) x15 0x00000000800120dc
core   0: 0x000000008000ff9c (0xfe043703) ld      a4, -32(s0)
core   0: 3 0x000000008000ff9c (0xfe043703) x14 0x0000000080012089 mem 0x0000000080031f50
core   0: 0x000000008000ffa0 (0xfcf76de3) bltu    a4, a5, pc - 38
core   0: 3 0x000000008000ffa0 (0xfcf76de3)
core   0: 0x000000008000ff7a (0xfe043783) ld      a5, -32(s0)
core   0: 3 0x000000008000ff7a (0xfe043783) x15 0x0000000080012089 mem 0x0000000080031f50
core   0: 0x000000008000ff7e (0x00178713) addi    a4, a5, 1
core   0: 3 0x000000008000ff7e (0x00178713) x14 0x000000008001208a
core   0: 0x000000008000ff82 (0xfee43023) sd      a4, -32(s0)
core   0: 3 0x000000008000ff82 (0xfee43023) mem 0x0000000080031f50 0x000000008001208a
core   0: 0x000000008000ff86 (0xfc442703) lw      a4, -60(s0)
core   0: 3 0x000000008000ff86 (0xfc442703) x14 0x0000000000000000 mem 0x0000000080031f34
core   0: 0x000000008000ff8a (0x0ff77713) andi    a4, a4, 255
core   0: 3 0x000000008000ff8a (0x0ff77713) x14 0x0000000000000000
core   0: 0x000000008000ff8e (0x00e78023) sb      a4, 0(a5)
core   0: 3 0x000000008000ff8e (0x00e78023) mem 0x0000000080012089 0x00
core   0: 0x000000008000ff92 (0xfc843703) ld      a4, -56(s0)
core   0: 3 0x000000008000ff92 (0xfc843703) x14 0x0000000080012040 mem 0x0000000080031f38
core   0: 0x000000008000ff96 (0xfb843783) ld      a5, -72(s0)
core   0: 3 0x000000008000ff96 (0xfb843783) x15 0x000000000000009c mem 0x0000000080031f28
core   0: 0x000000008000ff9a (0x000097ba) c.add   a5, a4
core   0: 3 0x000000008000ff9a (0x97ba) x15 0x00000000800120dc
core   0: 0x000000008000ff9c (0xfe043703) ld      a4, -32(s0)
core   0: 3 0x000000008000ff9c (0xfe043703) x14 0x000000008001208a mem 0x0000000080031f50
core   0: 0x000000008000ffa0 (0xfcf76de3) bltu    a4, a5, pc - 38
core   0: 3 0x000000008000ffa0 (0xfcf76de3)
core   0: 0x000000008000ff7a (0xfe043783) ld      a5, -32(s0)
core   0: 3 0x000000008000ff7a (0xfe043783) x15 0x000000008001208a mem 0x0000000080031f50
core   0: 0x000000008000ff7e (0x00178713) addi    a4, a5, 1
core   0: 3 0x000000008000ff7e (0x00178713) x14 0x000000008001208b
core   0: 0x000000008000ff82 (0xfee43023) sd      a4, -32(s0)
core   0: 3 0x000000008000ff82 (0xfee43023) mem 0x0000000080031f50 0x000000008001208b
core   0: 0x000000008000ff86 (0xfc442703) lw      a4, -60(s0)
core   0: 3 0x000000008000ff86 (0xfc442703) x14 0x0000000000000000 mem 0x0000000080031f34
core   0: 0x000000008000ff8a (0x0ff77713) andi    a4, a4, 255
core   0: 3 0x000000008000ff8a (0x0ff77713) x14 0x0000000000000000
core   0: 0x000000008000ff8e (0x00e78023) sb      a4, 0(a5)
core   0: 3 0x000000008000ff8e (0x00e78023) mem 0x000000008001208a 0x00
core   0: 0x000000008000ff92 (0xfc843703) ld      a4, -56(s0)
core   0: 3 0x000000008000ff92 (0xfc843703) x14 0x0000000080012040 mem 0x0000000080031f38
core   0: 0x000000008000ff96 (0xfb843783) ld      a5, -72(s0)
core   0: 3 0x000000008000ff96 (0xfb843783) x15 0x000000000000009c mem 0x0000000080031f28
core   0: 0x000000008000ff9a (0x000097ba) c.add   a5, a4
core   0: 3 0x000000008000ff9a (0x97ba) x15 0x00000000800120dc
core   0: 0x000000008000ff9c (0xfe043703) ld      a4, -32(s0)
core   0: 3 0x000000008000ff9c (0xfe043703) x14 0x000000008001208b mem 0x0000000080031f50
core   0: 0x000000008000ffa0 (0xfcf76de3) bltu    a4, a5, pc - 38
core   0: 3 0x000000008000ffa0 (0xfcf76de3)
core   0: 0x000000008000ff7a (0xfe043783) ld      a5, -32(s0)
core   0: 3 0x000000008000ff7a (0xfe043783) x15 0x000000008001208b mem 0x0000000080031f50
core   0: 0x000000008000ff7e (0x00178713) addi    a4, a5, 1
core   0: 3 0x000000008000ff7e (0x00178713) x14 0x000000008001208c
core   0: 0x000000008000ff82 (0xfee43023) sd      a4, -32(s0)
core   0: 3 0x000000008000ff82 (0xfee43023) mem 0x0000000080031f50 0x000000008001208c
core   0: 0x000000008000ff86 (0xfc442703) lw      a4, -60(s0)
core   0: 3 0x000000008000ff86 (0xfc442703) x14 0x0000000000000000 mem 0x0000000080031f34
core   0: 0x000000008000ff8a (0x0ff77713) andi    a4, a4, 255
core   0: 3 0x000000008000ff8a (0x0ff77713) x14 0x0000000000000000
core   0: 0x000000008000ff8e (0x00e78023) sb      a4, 0(a5)
core   0: 3 0x000000008000ff8e (0x00e78023) mem 0x000000008001208b 0x00
core   0: 0x000000008000ff92 (0xfc843703) ld      a4, -56(s0)
core   0: 3 0x000000008000ff92 (0xfc843703) x14 0x0000000080012040 mem 0x0000000080031f38
core   0: 0x000000008000ff96 (0xfb843783) ld      a5, -72(s0)
core   0: 3 0x000000008000ff96 (0xfb843783) x15 0x000000000000009c mem 0x0000000080031f28
core   0: 0x000000008000ff9a (0x000097ba) c.add   a5, a4
core   0: 3 0x000000008000ff9a (0x97ba) x15 0x00000000800120dc
core   0: 0x000000008000ff9c (0xfe043703) ld      a4, -32(s0)
core   0: 3 0x000000008000ff9c (0xfe043703) x14 0x000000008001208c mem 0x0000000080031f50
core   0: 0x000000008000ffa0 (0xfcf76de3) bltu    a4, a5, pc - 38
core   0: 3 0x000000008000ffa0 (0xfcf76de3)
core   0: 0x000000008000ff7a (0xfe043783) ld      a5, -32(s0)
core   0: 3 0x000000008000ff7a (0xfe043783) x15 0x000000008001208c mem 0x0000000080031f50
core   0: 0x000000008000ff7e (0x00178713) addi    a4, a5, 1
core   0: 3 0x000000008000ff7e (0x00178713) x14 0x000000008001208d
core   0: 0x000000008000ff82 (0xfee43023) sd      a4, -32(s0)
core   0: 3 0x000000008000ff82 (0xfee43023) mem 0x0000000080031f50 0x000000008001208d
core   0: 0x000000008000ff86 (0xfc442703) lw      a4, -60(s0)
core   0: 3 0x000000008000ff86 (0xfc442703) x14 0x0000000000000000 mem 0x0000000080031f34
core   0: 0x000000008000ff8a (0x0ff77713) andi    a4, a4, 255
core   0: 3 0x000000008000ff8a (0x0ff77713) x14 0x0000000000000000
core   0: 0x000000008000ff8e (0x00e78023) sb      a4, 0(a5)
core   0: 3 0x000000008000ff8e (0x00e78023) mem 0x000000008001208c 0x00
core   0: 0x000000008000ff92 (0xfc843703) ld      a4, -56(s0)
core   0: 3 0x000000008000ff92 (0xfc843703) x14 0x0000000080012040 mem 0x0000000080031f38
core   0: 0x000000008000ff96 (0xfb843783) ld      a5, -72(s0)
core   0: 3 0x000000008000ff96 (0xfb843783) x15 0x000000000000009c mem 0x0000000080031f28
core   0: 0x000000008000ff9a (0x000097ba) c.add   a5, a4
core   0: 3 0x000000008000ff9a (0x97ba) x15 0x00000000800120dc
core   0: 0x000000008000ff9c (0xfe043703) ld      a4, -32(s0)
core   0: 3 0x000000008000ff9c (0xfe043703) x14 0x000000008001208d mem 0x0000000080031f50
core   0: 0x000000008000ffa0 (0xfcf76de3) bltu    a4, a5, pc - 38
core   0: 3 0x000000008000ffa0 (0xfcf76de3)
core   0: 0x000000008000ff7a (0xfe043783) ld      a5, -32(s0)
core   0: 3 0x000000008000ff7a (0xfe043783) x15 0x000000008001208d mem 0x0000000080031f50
core   0: 0x000000008000ff7e (0x00178713) addi    a4, a5, 1
core   0: 3 0x000000008000ff7e (0x00178713) x14 0x000000008001208e
core   0: 0x000000008000ff82 (0xfee43023) sd      a4, -32(s0)
core   0: 3 0x000000008000ff82 (0xfee43023) mem 0x0000000080031f50 0x000000008001208e
core   0: 0x000000008000ff86 (0xfc442703) lw      a4, -60(s0)
core   0: 3 0x000000008000ff86 (0xfc442703) x14 0x0000000000000000 mem 0x0000000080031f34
core   0: 0x000000008000ff8a (0x0ff77713) andi    a4, a4, 255
core   0: 3 0x000000008000ff8a (0x0ff77713) x14 0x0000000000000000
core   0: 0x000000008000ff8e (0x00e78023) sb      a4, 0(a5)
core   0: 3 0x000000008000ff8e (0x00e78023) mem 0x000000008001208d 0x00
core   0: 0x000000008000ff92 (0xfc843703) ld      a4, -56(s0)
core   0: 3 0x000000008000ff92 (0xfc843703) x14 0x0000000080012040 mem 0x0000000080031f38
core   0: 0x000000008000ff96 (0xfb843783) ld      a5, -72(s0)
core   0: 3 0x000000008000ff96 (0xfb843783) x15 0x000000000000009c mem 0x0000000080031f28
core   0: 0x000000008000ff9a (0x000097ba) c.add   a5, a4
core   0: 3 0x000000008000ff9a (0x97ba) x15 0x00000000800120dc
core   0: 0x000000008000ff9c (0xfe043703) ld      a4, -32(s0)
core   0: 3 0x000000008000ff9c (0xfe043703) x14 0x000000008001208e mem 0x0000000080031f50
core   0: 0x000000008000ffa0 (0xfcf76de3) bltu    a4, a5, pc - 38
core   0: 3 0x000000008000ffa0 (0xfcf76de3)
core   0: 0x000000008000ff7a (0xfe043783) ld      a5, -32(s0)
core   0: 3 0x000000008000ff7a (0xfe043783) x15 0x000000008001208e mem 0x0000000080031f50
core   0: 0x000000008000ff7e (0x00178713) addi    a4, a5, 1
core   0: 3 0x000000008000ff7e (0x00178713) x14 0x000000008001208f
core   0: 0x000000008000ff82 (0xfee43023) sd      a4, -32(s0)
core   0: 3 0x000000008000ff82 (0xfee43023) mem 0x0000000080031f50 0x000000008001208f
core   0: 0x000000008000ff86 (0xfc442703) lw      a4, -60(s0)
core   0: 3 0x000000008000ff86 (0xfc442703) x14 0x0000000000000000 mem 0x0000000080031f34
core   0: 0x000000008000ff8a (0x0ff77713) andi    a4, a4, 255
core   0: 3 0x000000008000ff8a (0x0ff77713) x14 0x0000000000000000
core   0: 0x000000008000ff8e (0x00e78023) sb      a4, 0(a5)
core   0: 3 0x000000008000ff8e (0x00e78023) mem 0x000000008001208e 0x00
core   0: 0x000000008000ff92 (0xfc843703) ld      a4, -56(s0)
core   0: 3 0x000000008000ff92 (0xfc843703) x14 0x0000000080012040 mem 0x0000000080031f38
core   0: 0x000000008000ff96 (0xfb843783) ld      a5, -72(s0)
core   0: 3 0x000000008000ff96 (0xfb843783) x15 0x000000000000009c mem 0x0000000080031f28
core   0: 0x000000008000ff9a (0x000097ba) c.add   a5, a4
core   0: 3 0x000000008000ff9a (0x97ba) x15 0x00000000800120dc
core   0: 0x000000008000ff9c (0xfe043703) ld      a4, -32(s0)
core   0: 3 0x000000008000ff9c (0xfe043703) x14 0x000000008001208f mem 0x0000000080031f50
core   0: 0x000000008000ffa0 (0xfcf76de3) bltu    a4, a5, pc - 38
core   0: 3 0x000000008000ffa0 (0xfcf76de3)
core   0: 0x000000008000ff7a (0xfe043783) ld      a5, -32(s0)
core   0: 3 0x000000008000ff7a (0xfe043783) x15 0x000000008001208f mem 0x0000000080031f50
core   0: 0x000000008000ff7e (0x00178713) addi    a4, a5, 1
core   0: 3 0x000000008000ff7e (0x00178713) x14 0x0000000080012090
core   0: 0x000000008000ff82 (0xfee43023) sd      a4, -32(s0)
core   0: 3 0x000000008000ff82 (0xfee43023) mem 0x0000000080031f50 0x0000000080012090
core   0: 0x000000008000ff86 (0xfc442703) lw      a4, -60(s0)
core   0: 3 0x000000008000ff86 (0xfc442703) x14 0x0000000000000000 mem 0x0000000080031f34
core   0: 0x000000008000ff8a (0x0ff77713) andi    a4, a4, 255
core   0: 3 0x000000008000ff8a (0x0ff77713) x14 0x0000000000000000
core   0: 0x000000008000ff8e (0x00e78023) sb      a4, 0(a5)
core   0: 3 0x000000008000ff8e (0x00e78023) mem 0x000000008001208f 0x00
core   0: 0x000000008000ff92 (0xfc843703) ld      a4, -56(s0)
core   0: 3 0x000000008000ff92 (0xfc843703) x14 0x0000000080012040 mem 0x0000000080031f38
core   0: 0x000000008000ff96 (0xfb843783) ld      a5, -72(s0)
core   0: 3 0x000000008000ff96 (0xfb843783) x15 0x000000000000009c mem 0x0000000080031f28
core   0: 0x000000008000ff9a (0x000097ba) c.add   a5, a4
core   0: 3 0x000000008000ff9a (0x97ba) x15 0x00000000800120dc
core   0: 0x000000008000ff9c (0xfe043703) ld      a4, -32(s0)
core   0: 3 0x000000008000ff9c (0xfe043703) x14 0x0000000080012090 mem 0x0000000080031f50
core   0: 0x000000008000ffa0 (0xfcf76de3) bltu    a4, a5, pc - 38
core   0: 3 0x000000008000ffa0 (0xfcf76de3)
core   0: 0x000000008000ff7a (0xfe043783) ld      a5, -32(s0)
core   0: 3 0x000000008000ff7a (0xfe043783) x15 0x0000000080012090 mem 0x0000000080031f50
core   0: 0x000000008000ff7e (0x00178713) addi    a4, a5, 1
core   0: 3 0x000000008000ff7e (0x00178713) x14 0x0000000080012091
core   0: 0x000000008000ff82 (0xfee43023) sd      a4, -32(s0)
core   0: 3 0x000000008000ff82 (0xfee43023) mem 0x0000000080031f50 0x0000000080012091
core   0: 0x000000008000ff86 (0xfc442703) lw      a4, -60(s0)
core   0: 3 0x000000008000ff86 (0xfc442703) x14 0x0000000000000000 mem 0x0000000080031f34
core   0: 0x000000008000ff8a (0x0ff77713) andi    a4, a4, 255
core   0: 3 0x000000008000ff8a (0x0ff77713) x14 0x0000000000000000
core   0: 0x000000008000ff8e (0x00e78023) sb      a4, 0(a5)
core   0: 3 0x000000008000ff8e (0x00e78023) mem 0x0000000080012090 0x00
core   0: 0x000000008000ff92 (0xfc843703) ld      a4, -56(s0)
core   0: 3 0x000000008000ff92 (0xfc843703) x14 0x0000000080012040 mem 0x0000000080031f38
core   0: 0x000000008000ff96 (0xfb843783) ld      a5, -72(s0)
core   0: 3 0x000000008000ff96 (0xfb843783) x15 0x000000000000009c mem 0x0000000080031f28
core   0: 0x000000008000ff9a (0x000097ba) c.add   a5, a4
core   0: 3 0x000000008000ff9a (0x97ba) x15 0x00000000800120dc
core   0: 0x000000008000ff9c (0xfe043703) ld      a4, -32(s0)
core   0: 3 0x000000008000ff9c (0xfe043703) x14 0x0000000080012091 mem 0x0000000080031f50
core   0: 0x000000008000ffa0 (0xfcf76de3) bltu    a4, a5, pc - 38
core   0: 3 0x000000008000ffa0 (0xfcf76de3)
core   0: 0x000000008000ff7a (0xfe043783) ld      a5, -32(s0)
core   0: 3 0x000000008000ff7a (0xfe043783) x15 0x0000000080012091 mem 0x0000000080031f50
core   0: 0x000000008000ff7e (0x00178713) addi    a4, a5, 1
core   0: 3 0x000000008000ff7e (0x00178713) x14 0x0000000080012092
core   0: 0x000000008000ff82 (0xfee43023) sd      a4, -32(s0)
core   0: 3 0x000000008000ff82 (0xfee43023) mem 0x0000000080031f50 0x0000000080012092
core   0: 0x000000008000ff86 (0xfc442703) lw      a4, -60(s0)
core   0: 3 0x000000008000ff86 (0xfc442703) x14 0x0000000000000000 mem 0x0000000080031f34
core   0: 0x000000008000ff8a (0x0ff77713) andi    a4, a4, 255
core   0: 3 0x000000008000ff8a (0x0ff77713) x14 0x0000000000000000
core   0: 0x000000008000ff8e (0x00e78023) sb      a4, 0(a5)
core   0: 3 0x000000008000ff8e (0x00e78023) mem 0x0000000080012091 0x00
core   0: 0x000000008000ff92 (0xfc843703) ld      a4, -56(s0)
core   0: 3 0x000000008000ff92 (0xfc843703) x14 0x0000000080012040 mem 0x0000000080031f38
core   0: 0x000000008000ff96 (0xfb843783) ld      a5, -72(s0)
core   0: 3 0x000000008000ff96 (0xfb843783) x15 0x000000000000009c mem 0x0000000080031f28
core   0: 0x000000008000ff9a (0x000097ba) c.add   a5, a4
core   0: 3 0x000000008000ff9a (0x97ba) x15 0x00000000800120dc
core   0: 0x000000008000ff9c (0xfe043703) ld      a4, -32(s0)
core   0: 3 0x000000008000ff9c (0xfe043703) x14 0x0000000080012092 mem 0x0000000080031f50
core   0: 0x000000008000ffa0 (0xfcf76de3) bltu    a4, a5, pc - 38
core   0: 3 0x000000008000ffa0 (0xfcf76de3)
core   0: 0x000000008000ff7a (0xfe043783) ld      a5, -32(s0)
core   0: 3 0x000000008000ff7a (0xfe043783) x15 0x0000000080012092 mem 0x0000000080031f50
core   0: 0x000000008000ff7e (0x00178713) addi    a4, a5, 1
core   0: 3 0x000000008000ff7e (0x00178713) x14 0x0000000080012093
core   0: 0x000000008000ff82 (0xfee43023) sd      a4, -32(s0)
core   0: 3 0x000000008000ff82 (0xfee43023) mem 0x0000000080031f50 0x0000000080012093
core   0: 0x000000008000ff86 (0xfc442703) lw      a4, -60(s0)
core   0: 3 0x000000008000ff86 (0xfc442703) x14 0x0000000000000000 mem 0x0000000080031f34
core   0: 0x000000008000ff8a (0x0ff77713) andi    a4, a4, 255
core   0: 3 0x000000008000ff8a (0x0ff77713) x14 0x0000000000000000
core   0: 0x000000008000ff8e (0x00e78023) sb      a4, 0(a5)
core   0: 3 0x000000008000ff8e (0x00e78023) mem 0x0000000080012092 0x00
core   0: 0x000000008000ff92 (0xfc843703) ld      a4, -56(s0)
core   0: 3 0x000000008000ff92 (0xfc843703) x14 0x0000000080012040 mem 0x0000000080031f38
core   0: 0x000000008000ff96 (0xfb843783) ld      a5, -72(s0)
core   0: 3 0x000000008000ff96 (0xfb843783) x15 0x000000000000009c mem 0x0000000080031f28
core   0: 0x000000008000ff9a (0x000097ba) c.add   a5, a4
core   0: 3 0x000000008000ff9a (0x97ba) x15 0x00000000800120dc
core   0: 0x000000008000ff9c (0xfe043703) ld      a4, -32(s0)
core   0: 3 0x000000008000ff9c (0xfe043703) x14 0x0000000080012093 mem 0x0000000080031f50
core   0: 0x000000008000ffa0 (0xfcf76de3) bltu    a4, a5, pc - 38
core   0: 3 0x000000008000ffa0 (0xfcf76de3)
core   0: 0x000000008000ff7a (0xfe043783) ld      a5, -32(s0)
core   0: 3 0x000000008000ff7a (0xfe043783) x15 0x0000000080012093 mem 0x0000000080031f50
core   0: 0x000000008000ff7e (0x00178713) addi    a4, a5, 1
core   0: 3 0x000000008000ff7e (0x00178713) x14 0x0000000080012094
core   0: 0x000000008000ff82 (0xfee43023) sd      a4, -32(s0)
core   0: 3 0x000000008000ff82 (0xfee43023) mem 0x0000000080031f50 0x0000000080012094
core   0: 0x000000008000ff86 (0xfc442703) lw      a4, -60(s0)
core   0: 3 0x000000008000ff86 (0xfc442703) x14 0x0000000000000000 mem 0x0000000080031f34
core   0: 0x000000008000ff8a (0x0ff77713) andi    a4, a4, 255
core   0: 3 0x000000008000ff8a (0x0ff77713) x14 0x0000000000000000
core   0: 0x000000008000ff8e (0x00e78023) sb      a4, 0(a5)
core   0: 3 0x000000008000ff8e (0x00e78023) mem 0x0000000080012093 0x00
core   0: 0x000000008000ff92 (0xfc843703) ld      a4, -56(s0)
core   0: 3 0x000000008000ff92 (0xfc843703) x14 0x0000000080012040 mem 0x0000000080031f38
core   0: 0x000000008000ff96 (0xfb843783) ld      a5, -72(s0)
core   0: 3 0x000000008000ff96 (0xfb843783) x15 0x000000000000009c mem 0x0000000080031f28
core   0: 0x000000008000ff9a (0x000097ba) c.add   a5, a4
core   0: 3 0x000000008000ff9a (0x97ba) x15 0x00000000800120dc
core   0: 0x000000008000ff9c (0xfe043703) ld      a4, -32(s0)
core   0: 3 0x000000008000ff9c (0xfe043703) x14 0x0000000080012094 mem 0x0000000080031f50
core   0: 0x000000008000ffa0 (0xfcf76de3) bltu    a4, a5, pc - 38
core   0: 3 0x000000008000ffa0 (0xfcf76de3)
core   0: 0x000000008000ff7a (0xfe043783) ld      a5, -32(s0)
core   0: 3 0x000000008000ff7a (0xfe043783) x15 0x0000000080012094 mem 0x0000000080031f50
core   0: 0x000000008000ff7e (0x00178713) addi    a4, a5, 1
core   0: 3 0x000000008000ff7e (0x00178713) x14 0x0000000080012095
core   0: 0x000000008000ff82 (0xfee43023) sd      a4, -32(s0)
core   0: 3 0x000000008000ff82 (0xfee43023) mem 0x0000000080031f50 0x0000000080012095
core   0: 0x000000008000ff86 (0xfc442703) lw      a4, -60(s0)
core   0: 3 0x000000008000ff86 (0xfc442703) x14 0x0000000000000000 mem 0x0000000080031f34
core   0: 0x000000008000ff8a (0x0ff77713) andi    a4, a4, 255
core   0: 3 0x000000008000ff8a (0x0ff77713) x14 0x0000000000000000
core   0: 0x000000008000ff8e (0x00e78023) sb      a4, 0(a5)
core   0: 3 0x000000008000ff8e (0x00e78023) mem 0x0000000080012094 0x00
core   0: 0x000000008000ff92 (0xfc843703) ld      a4, -56(s0)
core   0: 3 0x000000008000ff92 (0xfc843703) x14 0x0000000080012040 mem 0x0000000080031f38
core   0: 0x000000008000ff96 (0xfb843783) ld      a5, -72(s0)
core   0: 3 0x000000008000ff96 (0xfb843783) x15 0x000000000000009c mem 0x0000000080031f28
core   0: 0x000000008000ff9a (0x000097ba) c.add   a5, a4
core   0: 3 0x000000008000ff9a (0x97ba) x15 0x00000000800120dc
core   0: 0x000000008000ff9c (0xfe043703) ld      a4, -32(s0)
core   0: 3 0x000000008000ff9c (0xfe043703) x14 0x0000000080012095 mem 0x0000000080031f50
core   0: 0x000000008000ffa0 (0xfcf76de3) bltu    a4, a5, pc - 38
core   0: 3 0x000000008000ffa0 (0xfcf76de3)
core   0: 0x000000008000ff7a (0xfe043783) ld      a5, -32(s0)
core   0: 3 0x000000008000ff7a (0xfe043783) x15 0x0000000080012095 mem 0x0000000080031f50
core   0: 0x000000008000ff7e (0x00178713) addi    a4, a5, 1
core   0: 3 0x000000008000ff7e (0x00178713) x14 0x0000000080012096
core   0: 0x000000008000ff82 (0xfee43023) sd      a4, -32(s0)
core   0: 3 0x000000008000ff82 (0xfee43023) mem 0x0000000080031f50 0x0000000080012096
core   0: 0x000000008000ff86 (0xfc442703) lw      a4, -60(s0)
core   0: 3 0x000000008000ff86 (0xfc442703) x14 0x0000000000000000 mem 0x0000000080031f34
core   0: 0x000000008000ff8a (0x0ff77713) andi    a4, a4, 255
core   0: 3 0x000000008000ff8a (0x0ff77713) x14 0x0000000000000000
core   0: 0x000000008000ff8e (0x00e78023) sb      a4, 0(a5)
core   0: 3 0x000000008000ff8e (0x00e78023) mem 0x0000000080012095 0x00
core   0: 0x000000008000ff92 (0xfc843703) ld      a4, -56(s0)
core   0: 3 0x000000008000ff92 (0xfc843703) x14 0x0000000080012040 mem 0x0000000080031f38
core   0: 0x000000008000ff96 (0xfb843783) ld      a5, -72(s0)
core   0: 3 0x000000008000ff96 (0xfb843783) x15 0x000000000000009c mem 0x0000000080031f28
core   0: 0x000000008000ff9a (0x000097ba) c.add   a5, a4
core   0: 3 0x000000008000ff9a (0x97ba) x15 0x00000000800120dc
core   0: 0x000000008000ff9c (0xfe043703) ld      a4, -32(s0)
core   0: 3 0x000000008000ff9c (0xfe043703) x14 0x0000000080012096 mem 0x0000000080031f50
core   0: 0x000000008000ffa0 (0xfcf76de3) bltu    a4, a5, pc - 38
core   0: 3 0x000000008000ffa0 (0xfcf76de3)
core   0: 0x000000008000ff7a (0xfe043783) ld      a5, -32(s0)
core   0: 3 0x000000008000ff7a (0xfe043783) x15 0x0000000080012096 mem 0x0000000080031f50
core   0: 0x000000008000ff7e (0x00178713) addi    a4, a5, 1
core   0: 3 0x000000008000ff7e (0x00178713) x14 0x0000000080012097
core   0: 0x000000008000ff82 (0xfee43023) sd      a4, -32(s0)
core   0: 3 0x000000008000ff82 (0xfee43023) mem 0x0000000080031f50 0x0000000080012097
core   0: 0x000000008000ff86 (0xfc442703) lw      a4, -60(s0)
core   0: 3 0x000000008000ff86 (0xfc442703) x14 0x0000000000000000 mem 0x0000000080031f34
core   0: 0x000000008000ff8a (0x0ff77713) andi    a4, a4, 255
core   0: 3 0x000000008000ff8a (0x0ff77713) x14 0x0000000000000000
core   0: 0x000000008000ff8e (0x00e78023) sb      a4, 0(a5)
core   0: 3 0x000000008000ff8e (0x00e78023) mem 0x0000000080012096 0x00
core   0: 0x000000008000ff92 (0xfc843703) ld      a4, -56(s0)
core   0: 3 0x000000008000ff92 (0xfc843703) x14 0x0000000080012040 mem 0x0000000080031f38
core   0: 0x000000008000ff96 (0xfb843783) ld      a5, -72(s0)
core   0: 3 0x000000008000ff96 (0xfb843783) x15 0x000000000000009c mem 0x0000000080031f28
core   0: 0x000000008000ff9a (0x000097ba) c.add   a5, a4
core   0: 3 0x000000008000ff9a (0x97ba) x15 0x00000000800120dc
core   0: 0x000000008000ff9c (0xfe043703) ld      a4, -32(s0)
core   0: 3 0x000000008000ff9c (0xfe043703) x14 0x0000000080012097 mem 0x0000000080031f50
core   0: 0x000000008000ffa0 (0xfcf76de3) bltu    a4, a5, pc - 38
core   0: 3 0x000000008000ffa0 (0xfcf76de3)
core   0: 0x000000008000ff7a (0xfe043783) ld      a5, -32(s0)
core   0: 3 0x000000008000ff7a (0xfe043783) x15 0x0000000080012097 mem 0x0000000080031f50
core   0: 0x000000008000ff7e (0x00178713) addi    a4, a5, 1
core   0: 3 0x000000008000ff7e (0x00178713) x14 0x0000000080012098
core   0: 0x000000008000ff82 (0xfee43023) sd      a4, -32(s0)
core   0: 3 0x000000008000ff82 (0xfee43023) mem 0x0000000080031f50 0x0000000080012098
core   0: 0x000000008000ff86 (0xfc442703) lw      a4, -60(s0)
core   0: 3 0x000000008000ff86 (0xfc442703) x14 0x0000000000000000 mem 0x0000000080031f34
core   0: 0x000000008000ff8a (0x0ff77713) andi    a4, a4, 255
core   0: 3 0x000000008000ff8a (0x0ff77713) x14 0x0000000000000000
core   0: 0x000000008000ff8e (0x00e78023) sb      a4, 0(a5)
core   0: 3 0x000000008000ff8e (0x00e78023) mem 0x0000000080012097 0x00
core   0: 0x000000008000ff92 (0xfc843703) ld      a4, -56(s0)
core   0: 3 0x000000008000ff92 (0xfc843703) x14 0x0000000080012040 mem 0x0000000080031f38
core   0: 0x000000008000ff96 (0xfb843783) ld      a5, -72(s0)
core   0: 3 0x000000008000ff96 (0xfb843783) x15 0x000000000000009c mem 0x0000000080031f28
core   0: 0x000000008000ff9a (0x000097ba) c.add   a5, a4
core   0: 3 0x000000008000ff9a (0x97ba) x15 0x00000000800120dc
core   0: 0x000000008000ff9c (0xfe043703) ld      a4, -32(s0)
core   0: 3 0x000000008000ff9c (0xfe043703) x14 0x0000000080012098 mem 0x0000000080031f50
core   0: 0x000000008000ffa0 (0xfcf76de3) bltu    a4, a5, pc - 38
core   0: 3 0x000000008000ffa0 (0xfcf76de3)
core   0: 0x000000008000ff7a (0xfe043783) ld      a5, -32(s0)
core   0: 3 0x000000008000ff7a (0xfe043783) x15 0x0000000080012098 mem 0x0000000080031f50
core   0: 0x000000008000ff7e (0x00178713) addi    a4, a5, 1
core   0: 3 0x000000008000ff7e (0x00178713) x14 0x0000000080012099
core   0: 0x000000008000ff82 (0xfee43023) sd      a4, -32(s0)
core   0: 3 0x000000008000ff82 (0xfee43023) mem 0x0000000080031f50 0x0000000080012099
core   0: 0x000000008000ff86 (0xfc442703) lw      a4, -60(s0)
core   0: 3 0x000000008000ff86 (0xfc442703) x14 0x0000000000000000 mem 0x0000000080031f34
core   0: 0x000000008000ff8a (0x0ff77713) andi    a4, a4, 255
core   0: 3 0x000000008000ff8a (0x0ff77713) x14 0x0000000000000000
core   0: 0x000000008000ff8e (0x00e78023) sb      a4, 0(a5)
core   0: 3 0x000000008000ff8e (0x00e78023) mem 0x0000000080012098 0x00
core   0: 0x000000008000ff92 (0xfc843703) ld      a4, -56(s0)
core   0: 3 0x000000008000ff92 (0xfc843703) x14 0x0000000080012040 mem 0x0000000080031f38
core   0: 0x000000008000ff96 (0xfb843783) ld      a5, -72(s0)
core   0: 3 0x000000008000ff96 (0xfb843783) x15 0x000000000000009c mem 0x0000000080031f28
core   0: 0x000000008000ff9a (0x000097ba) c.add   a5, a4
core   0: 3 0x000000008000ff9a (0x97ba) x15 0x00000000800120dc
core   0: 0x000000008000ff9c (0xfe043703) ld      a4, -32(s0)
core   0: 3 0x000000008000ff9c (0xfe043703) x14 0x0000000080012099 mem 0x0000000080031f50
core   0: 0x000000008000ffa0 (0xfcf76de3) bltu    a4, a5, pc - 38
core   0: 3 0x000000008000ffa0 (0xfcf76de3)
core   0: 0x000000008000ff7a (0xfe043783) ld      a5, -32(s0)
core   0: 3 0x000000008000ff7a (0xfe043783) x15 0x0000000080012099 mem 0x0000000080031f50
core   0: 0x000000008000ff7e (0x00178713) addi    a4, a5, 1
core   0: 3 0x000000008000ff7e (0x00178713) x14 0x000000008001209a
core   0: 0x000000008000ff82 (0xfee43023) sd      a4, -32(s0)
core   0: 3 0x000000008000ff82 (0xfee43023) mem 0x0000000080031f50 0x000000008001209a
core   0: 0x000000008000ff86 (0xfc442703) lw      a4, -60(s0)
core   0: 3 0x000000008000ff86 (0xfc442703) x14 0x0000000000000000 mem 0x0000000080031f34
core   0: 0x000000008000ff8a (0x0ff77713) andi    a4, a4, 255
core   0: 3 0x000000008000ff8a (0x0ff77713) x14 0x0000000000000000
core   0: 0x000000008000ff8e (0x00e78023) sb      a4, 0(a5)
core   0: 3 0x000000008000ff8e (0x00e78023) mem 0x0000000080012099 0x00
core   0: 0x000000008000ff92 (0xfc843703) ld      a4, -56(s0)
core   0: 3 0x000000008000ff92 (0xfc843703) x14 0x0000000080012040 mem 0x0000000080031f38
core   0: 0x000000008000ff96 (0xfb843783) ld      a5, -72(s0)
core   0: 3 0x000000008000ff96 (0xfb843783) x15 0x000000000000009c mem 0x0000000080031f28
core   0: 0x000000008000ff9a (0x000097ba) c.add   a5, a4
core   0: 3 0x000000008000ff9a (0x97ba) x15 0x00000000800120dc
core   0: 0x000000008000ff9c (0xfe043703) ld      a4, -32(s0)
core   0: 3 0x000000008000ff9c (0xfe043703) x14 0x000000008001209a mem 0x0000000080031f50
core   0: 0x000000008000ffa0 (0xfcf76de3) bltu    a4, a5, pc - 38
core   0: 3 0x000000008000ffa0 (0xfcf76de3)
core   0: 0x000000008000ff7a (0xfe043783) ld      a5, -32(s0)
core   0: 3 0x000000008000ff7a (0xfe043783) x15 0x000000008001209a mem 0x0000000080031f50
core   0: 0x000000008000ff7e (0x00178713) addi    a4, a5, 1
core   0: 3 0x000000008000ff7e (0x00178713) x14 0x000000008001209b
core   0: 0x000000008000ff82 (0xfee43023) sd      a4, -32(s0)
core   0: 3 0x000000008000ff82 (0xfee43023) mem 0x0000000080031f50 0x000000008001209b
core   0: 0x000000008000ff86 (0xfc442703) lw      a4, -60(s0)
core   0: 3 0x000000008000ff86 (0xfc442703) x14 0x0000000000000000 mem 0x0000000080031f34
core   0: 0x000000008000ff8a (0x0ff77713) andi    a4, a4, 255
core   0: 3 0x000000008000ff8a (0x0ff77713) x14 0x0000000000000000
core   0: 0x000000008000ff8e (0x00e78023) sb      a4, 0(a5)
core   0: 3 0x000000008000ff8e (0x00e78023) mem 0x000000008001209a 0x00
core   0: 0x000000008000ff92 (0xfc843703) ld      a4, -56(s0)
core   0: 3 0x000000008000ff92 (0xfc843703) x14 0x0000000080012040 mem 0x0000000080031f38
core   0: 0x000000008000ff96 (0xfb843783) ld      a5, -72(s0)
core   0: 3 0x000000008000ff96 (0xfb843783) x15 0x000000000000009c mem 0x0000000080031f28
core   0: 0x000000008000ff9a (0x000097ba) c.add   a5, a4
core   0: 3 0x000000008000ff9a (0x97ba) x15 0x00000000800120dc
core   0: 0x000000008000ff9c (0xfe043703) ld      a4, -32(s0)
core   0: 3 0x000000008000ff9c (0xfe043703) x14 0x000000008001209b mem 0x0000000080031f50
core   0: 0x000000008000ffa0 (0xfcf76de3) bltu    a4, a5, pc - 38
core   0: 3 0x000000008000ffa0 (0xfcf76de3)
core   0: 0x000000008000ff7a (0xfe043783) ld      a5, -32(s0)
core   0: 3 0x000000008000ff7a (0xfe043783) x15 0x000000008001209b mem 0x0000000080031f50
core   0: 0x000000008000ff7e (0x00178713) addi    a4, a5, 1
core   0: 3 0x000000008000ff7e (0x00178713) x14 0x000000008001209c
core   0: 0x000000008000ff82 (0xfee43023) sd      a4, -32(s0)
core   0: 3 0x000000008000ff82 (0xfee43023) mem 0x0000000080031f50 0x000000008001209c
core   0: 0x000000008000ff86 (0xfc442703) lw      a4, -60(s0)
core   0: 3 0x000000008000ff86 (0xfc442703) x14 0x0000000000000000 mem 0x0000000080031f34
core   0: 0x000000008000ff8a (0x0ff77713) andi    a4, a4, 255
core   0: 3 0x000000008000ff8a (0x0ff77713) x14 0x0000000000000000
core   0: 0x000000008000ff8e (0x00e78023) sb      a4, 0(a5)
core   0: 3 0x000000008000ff8e (0x00e78023) mem 0x000000008001209b 0x00
core   0: 0x000000008000ff92 (0xfc843703) ld      a4, -56(s0)
core   0: 3 0x000000008000ff92 (0xfc843703) x14 0x0000000080012040 mem 0x0000000080031f38
core   0: 0x000000008000ff96 (0xfb843783) ld      a5, -72(s0)
core   0: 3 0x000000008000ff96 (0xfb843783) x15 0x000000000000009c mem 0x0000000080031f28
core   0: 0x000000008000ff9a (0x000097ba) c.add   a5, a4
core   0: 3 0x000000008000ff9a (0x97ba) x15 0x00000000800120dc
core   0: 0x000000008000ff9c (0xfe043703) ld      a4, -32(s0)
core   0: 3 0x000000008000ff9c (0xfe043703) x14 0x000000008001209c mem 0x0000000080031f50
core   0: 0x000000008000ffa0 (0xfcf76de3) bltu    a4, a5, pc - 38
core   0: 3 0x000000008000ffa0 (0xfcf76de3)
core   0: 0x000000008000ff7a (0xfe043783) ld      a5, -32(s0)
core   0: 3 0x000000008000ff7a (0xfe043783) x15 0x000000008001209c mem 0x0000000080031f50
core   0: 0x000000008000ff7e (0x00178713) addi    a4, a5, 1
core   0: 3 0x000000008000ff7e (0x00178713) x14 0x000000008001209d
core   0: 0x000000008000ff82 (0xfee43023) sd      a4, -32(s0)
core   0: 3 0x000000008000ff82 (0xfee43023) mem 0x0000000080031f50 0x000000008001209d
core   0: 0x000000008000ff86 (0xfc442703) lw      a4, -60(s0)
core   0: 3 0x000000008000ff86 (0xfc442703) x14 0x0000000000000000 mem 0x0000000080031f34
core   0: 0x000000008000ff8a (0x0ff77713) andi    a4, a4, 255
core   0: 3 0x000000008000ff8a (0x0ff77713) x14 0x0000000000000000
core   0: 0x000000008000ff8e (0x00e78023) sb      a4, 0(a5)
core   0: 3 0x000000008000ff8e (0x00e78023) mem 0x000000008001209c 0x00
core   0: 0x000000008000ff92 (0xfc843703) ld      a4, -56(s0)
core   0: 3 0x000000008000ff92 (0xfc843703) x14 0x0000000080012040 mem 0x0000000080031f38
core   0: 0x000000008000ff96 (0xfb843783) ld      a5, -72(s0)
core   0: 3 0x000000008000ff96 (0xfb843783) x15 0x000000000000009c mem 0x0000000080031f28
core   0: 0x000000008000ff9a (0x000097ba) c.add   a5, a4
core   0: 3 0x000000008000ff9a (0x97ba) x15 0x00000000800120dc
core   0: 0x000000008000ff9c (0xfe043703) ld      a4, -32(s0)
core   0: 3 0x000000008000ff9c (0xfe043703) x14 0x000000008001209d mem 0x0000000080031f50
core   0: 0x000000008000ffa0 (0xfcf76de3) bltu    a4, a5, pc - 38
core   0: 3 0x000000008000ffa0 (0xfcf76de3)
core   0: 0x000000008000ff7a (0xfe043783) ld      a5, -32(s0)
core   0: 3 0x000000008000ff7a (0xfe043783) x15 0x000000008001209d mem 0x0000000080031f50
core   0: 0x000000008000ff7e (0x00178713) addi    a4, a5, 1
core   0: 3 0x000000008000ff7e (0x00178713) x14 0x000000008001209e
core   0: 0x000000008000ff82 (0xfee43023) sd      a4, -32(s0)
core   0: 3 0x000000008000ff82 (0xfee43023) mem 0x0000000080031f50 0x000000008001209e
core   0: 0x000000008000ff86 (0xfc442703) lw      a4, -60(s0)
core   0: 3 0x000000008000ff86 (0xfc442703) x14 0x0000000000000000 mem 0x0000000080031f34
core   0: 0x000000008000ff8a (0x0ff77713) andi    a4, a4, 255
core   0: 3 0x000000008000ff8a (0x0ff77713) x14 0x0000000000000000
core   0: 0x000000008000ff8e (0x00e78023) sb      a4, 0(a5)
core   0: 3 0x000000008000ff8e (0x00e78023) mem 0x000000008001209d 0x00
core   0: 0x000000008000ff92 (0xfc843703) ld      a4, -56(s0)
core   0: 3 0x000000008000ff92 (0xfc843703) x14 0x0000000080012040 mem 0x0000000080031f38
core   0: 0x000000008000ff96 (0xfb843783) ld      a5, -72(s0)
core   0: 3 0x000000008000ff96 (0xfb843783) x15 0x000000000000009c mem 0x0000000080031f28
core   0: 0x000000008000ff9a (0x000097ba) c.add   a5, a4
core   0: 3 0x000000008000ff9a (0x97ba) x15 0x00000000800120dc
core   0: 0x000000008000ff9c (0xfe043703) ld      a4, -32(s0)
core   0: 3 0x000000008000ff9c (0xfe043703) x14 0x000000008001209e mem 0x0000000080031f50
core   0: 0x000000008000ffa0 (0xfcf76de3) bltu    a4, a5, pc - 38
core   0: 3 0x000000008000ffa0 (0xfcf76de3)
core   0: 0x000000008000ff7a (0xfe043783) ld      a5, -32(s0)
core   0: 3 0x000000008000ff7a (0xfe043783) x15 0x000000008001209e mem 0x0000000080031f50
core   0: 0x000000008000ff7e (0x00178713) addi    a4, a5, 1
core   0: 3 0x000000008000ff7e (0x00178713) x14 0x000000008001209f
core   0: 0x000000008000ff82 (0xfee43023) sd      a4, -32(s0)
core   0: 3 0x000000008000ff82 (0xfee43023) mem 0x0000000080031f50 0x000000008001209f
core   0: 0x000000008000ff86 (0xfc442703) lw      a4, -60(s0)
core   0: 3 0x000000008000ff86 (0xfc442703) x14 0x0000000000000000 mem 0x0000000080031f34
core   0: 0x000000008000ff8a (0x0ff77713) andi    a4, a4, 255
core   0: 3 0x000000008000ff8a (0x0ff77713) x14 0x0000000000000000
core   0: 0x000000008000ff8e (0x00e78023) sb      a4, 0(a5)
core   0: 3 0x000000008000ff8e (0x00e78023) mem 0x000000008001209e 0x00
core   0: 0x000000008000ff92 (0xfc843703) ld      a4, -56(s0)
core   0: 3 0x000000008000ff92 (0xfc843703) x14 0x0000000080012040 mem 0x0000000080031f38
core   0: 0x000000008000ff96 (0xfb843783) ld      a5, -72(s0)
core   0: 3 0x000000008000ff96 (0xfb843783) x15 0x000000000000009c mem 0x0000000080031f28
core   0: 0x000000008000ff9a (0x000097ba) c.add   a5, a4
core   0: 3 0x000000008000ff9a (0x97ba) x15 0x00000000800120dc
core   0: 0x000000008000ff9c (0xfe043703) ld      a4, -32(s0)
core   0: 3 0x000000008000ff9c (0xfe043703) x14 0x000000008001209f mem 0x0000000080031f50
core   0: 0x000000008000ffa0 (0xfcf76de3) bltu    a4, a5, pc - 38
core   0: 3 0x000000008000ffa0 (0xfcf76de3)
core   0: 0x000000008000ff7a (0xfe043783) ld      a5, -32(s0)
core   0: 3 0x000000008000ff7a (0xfe043783) x15 0x000000008001209f mem 0x0000000080031f50
core   0: 0x000000008000ff7e (0x00178713) addi    a4, a5, 1
core   0: 3 0x000000008000ff7e (0x00178713) x14 0x00000000800120a0
core   0: 0x000000008000ff82 (0xfee43023) sd      a4, -32(s0)
core   0: 3 0x000000008000ff82 (0xfee43023) mem 0x0000000080031f50 0x00000000800120a0
core   0: 0x000000008000ff86 (0xfc442703) lw      a4, -60(s0)
core   0: 3 0x000000008000ff86 (0xfc442703) x14 0x0000000000000000 mem 0x0000000080031f34
core   0: 0x000000008000ff8a (0x0ff77713) andi    a4, a4, 255
core   0: 3 0x000000008000ff8a (0x0ff77713) x14 0x0000000000000000
core   0: 0x000000008000ff8e (0x00e78023) sb      a4, 0(a5)
core   0: 3 0x000000008000ff8e (0x00e78023) mem 0x000000008001209f 0x00
core   0: 0x000000008000ff92 (0xfc843703) ld      a4, -56(s0)
core   0: 3 0x000000008000ff92 (0xfc843703) x14 0x0000000080012040 mem 0x0000000080031f38
core   0: 0x000000008000ff96 (0xfb843783) ld      a5, -72(s0)
core   0: 3 0x000000008000ff96 (0xfb843783) x15 0x000000000000009c mem 0x0000000080031f28
core   0: 0x000000008000ff9a (0x000097ba) c.add   a5, a4
core   0: 3 0x000000008000ff9a (0x97ba) x15 0x00000000800120dc
core   0: 0x000000008000ff9c (0xfe043703) ld      a4, -32(s0)
core   0: 3 0x000000008000ff9c (0xfe043703) x14 0x00000000800120a0 mem 0x0000000080031f50
core   0: 0x000000008000ffa0 (0xfcf76de3) bltu    a4, a5, pc - 38
core   0: 3 0x000000008000ffa0 (0xfcf76de3)
core   0: 0x000000008000ff7a (0xfe043783) ld      a5, -32(s0)
core   0: 3 0x000000008000ff7a (0xfe043783) x15 0x00000000800120a0 mem 0x0000000080031f50
core   0: 0x000000008000ff7e (0x00178713) addi    a4, a5, 1
core   0: 3 0x000000008000ff7e (0x00178713) x14 0x00000000800120a1
core   0: 0x000000008000ff82 (0xfee43023) sd      a4, -32(s0)
core   0: 3 0x000000008000ff82 (0xfee43023) mem 0x0000000080031f50 0x00000000800120a1
core   0: 0x000000008000ff86 (0xfc442703) lw      a4, -60(s0)
core   0: 3 0x000000008000ff86 (0xfc442703) x14 0x0000000000000000 mem 0x0000000080031f34
core   0: 0x000000008000ff8a (0x0ff77713) andi    a4, a4, 255
core   0: 3 0x000000008000ff8a (0x0ff77713) x14 0x0000000000000000
core   0: 0x000000008000ff8e (0x00e78023) sb      a4, 0(a5)
core   0: 3 0x000000008000ff8e (0x00e78023) mem 0x00000000800120a0 0x00
core   0: 0x000000008000ff92 (0xfc843703) ld      a4, -56(s0)
core   0: 3 0x000000008000ff92 (0xfc843703) x14 0x0000000080012040 mem 0x0000000080031f38
core   0: 0x000000008000ff96 (0xfb843783) ld      a5, -72(s0)
core   0: 3 0x000000008000ff96 (0xfb843783) x15 0x000000000000009c mem 0x0000000080031f28
core   0: 0x000000008000ff9a (0x000097ba) c.add   a5, a4
core   0: 3 0x000000008000ff9a (0x97ba) x15 0x00000000800120dc
core   0: 0x000000008000ff9c (0xfe043703) ld      a4, -32(s0)
core   0: 3 0x000000008000ff9c (0xfe043703) x14 0x00000000800120a1 mem 0x0000000080031f50
core   0: 0x000000008000ffa0 (0xfcf76de3) bltu    a4, a5, pc - 38
core   0: 3 0x000000008000ffa0 (0xfcf76de3)
core   0: 0x000000008000ff7a (0xfe043783) ld      a5, -32(s0)
core   0: 3 0x000000008000ff7a (0xfe043783) x15 0x00000000800120a1 mem 0x0000000080031f50
core   0: 0x000000008000ff7e (0x00178713) addi    a4, a5, 1
core   0: 3 0x000000008000ff7e (0x00178713) x14 0x00000000800120a2
core   0: 0x000000008000ff82 (0xfee43023) sd      a4, -32(s0)
core   0: 3 0x000000008000ff82 (0xfee43023) mem 0x0000000080031f50 0x00000000800120a2
core   0: 0x000000008000ff86 (0xfc442703) lw      a4, -60(s0)
core   0: 3 0x000000008000ff86 (0xfc442703) x14 0x0000000000000000 mem 0x0000000080031f34
core   0: 0x000000008000ff8a (0x0ff77713) andi    a4, a4, 255
core   0: 3 0x000000008000ff8a (0x0ff77713) x14 0x0000000000000000
core   0: 0x000000008000ff8e (0x00e78023) sb      a4, 0(a5)
core   0: 3 0x000000008000ff8e (0x00e78023) mem 0x00000000800120a1 0x00
core   0: 0x000000008000ff92 (0xfc843703) ld      a4, -56(s0)
core   0: 3 0x000000008000ff92 (0xfc843703) x14 0x0000000080012040 mem 0x0000000080031f38
core   0: 0x000000008000ff96 (0xfb843783) ld      a5, -72(s0)
core   0: 3 0x000000008000ff96 (0xfb843783) x15 0x000000000000009c mem 0x0000000080031f28
core   0: 0x000000008000ff9a (0x000097ba) c.add   a5, a4
core   0: 3 0x000000008000ff9a (0x97ba) x15 0x00000000800120dc
core   0: 0x000000008000ff9c (0xfe043703) ld      a4, -32(s0)
core   0: 3 0x000000008000ff9c (0xfe043703) x14 0x00000000800120a2 mem 0x0000000080031f50
core   0: 0x000000008000ffa0 (0xfcf76de3) bltu    a4, a5, pc - 38
core   0: 3 0x000000008000ffa0 (0xfcf76de3)
core   0: 0x000000008000ff7a (0xfe043783) ld      a5, -32(s0)
core   0: 3 0x000000008000ff7a (0xfe043783) x15 0x00000000800120a2 mem 0x0000000080031f50
core   0: 0x000000008000ff7e (0x00178713) addi    a4, a5, 1
core   0: 3 0x000000008000ff7e (0x00178713) x14 0x00000000800120a3
core   0: 0x000000008000ff82 (0xfee43023) sd      a4, -32(s0)
core   0: 3 0x000000008000ff82 (0xfee43023) mem 0x0000000080031f50 0x00000000800120a3
core   0: 0x000000008000ff86 (0xfc442703) lw      a4, -60(s0)
core   0: 3 0x000000008000ff86 (0xfc442703) x14 0x0000000000000000 mem 0x0000000080031f34
core   0: 0x000000008000ff8a (0x0ff77713) andi    a4, a4, 255
core   0: 3 0x000000008000ff8a (0x0ff77713) x14 0x0000000000000000
core   0: 0x000000008000ff8e (0x00e78023) sb      a4, 0(a5)
core   0: 3 0x000000008000ff8e (0x00e78023) mem 0x00000000800120a2 0x00
core   0: 0x000000008000ff92 (0xfc843703) ld      a4, -56(s0)
core   0: 3 0x000000008000ff92 (0xfc843703) x14 0x0000000080012040 mem 0x0000000080031f38
core   0: 0x000000008000ff96 (0xfb843783) ld      a5, -72(s0)
core   0: 3 0x000000008000ff96 (0xfb843783) x15 0x000000000000009c mem 0x0000000080031f28
core   0: 0x000000008000ff9a (0x000097ba) c.add   a5, a4
core   0: 3 0x000000008000ff9a (0x97ba) x15 0x00000000800120dc
core   0: 0x000000008000ff9c (0xfe043703) ld      a4, -32(s0)
core   0: 3 0x000000008000ff9c (0xfe043703) x14 0x00000000800120a3 mem 0x0000000080031f50
core   0: 0x000000008000ffa0 (0xfcf76de3) bltu    a4, a5, pc - 38
core   0: 3 0x000000008000ffa0 (0xfcf76de3)
core   0: 0x000000008000ff7a (0xfe043783) ld      a5, -32(s0)
core   0: 3 0x000000008000ff7a (0xfe043783) x15 0x00000000800120a3 mem 0x0000000080031f50
core   0: 0x000000008000ff7e (0x00178713) addi    a4, a5, 1
core   0: 3 0x000000008000ff7e (0x00178713) x14 0x00000000800120a4
core   0: 0x000000008000ff82 (0xfee43023) sd      a4, -32(s0)
core   0: 3 0x000000008000ff82 (0xfee43023) mem 0x0000000080031f50 0x00000000800120a4
core   0: 0x000000008000ff86 (0xfc442703) lw      a4, -60(s0)
core   0: 3 0x000000008000ff86 (0xfc442703) x14 0x0000000000000000 mem 0x0000000080031f34
core   0: 0x000000008000ff8a (0x0ff77713) andi    a4, a4, 255
core   0: 3 0x000000008000ff8a (0x0ff77713) x14 0x0000000000000000
core   0: 0x000000008000ff8e (0x00e78023) sb      a4, 0(a5)
core   0: 3 0x000000008000ff8e (0x00e78023) mem 0x00000000800120a3 0x00
core   0: 0x000000008000ff92 (0xfc843703) ld      a4, -56(s0)
core   0: 3 0x000000008000ff92 (0xfc843703) x14 0x0000000080012040 mem 0x0000000080031f38
core   0: 0x000000008000ff96 (0xfb843783) ld      a5, -72(s0)
core   0: 3 0x000000008000ff96 (0xfb843783) x15 0x000000000000009c mem 0x0000000080031f28
core   0: 0x000000008000ff9a (0x000097ba) c.add   a5, a4
core   0: 3 0x000000008000ff9a (0x97ba) x15 0x00000000800120dc
core   0: 0x000000008000ff9c (0xfe043703) ld      a4, -32(s0)
core   0: 3 0x000000008000ff9c (0xfe043703) x14 0x00000000800120a4 mem 0x0000000080031f50
core   0: 0x000000008000ffa0 (0xfcf76de3) bltu    a4, a5, pc - 38
core   0: 3 0x000000008000ffa0 (0xfcf76de3)
core   0: 0x000000008000ff7a (0xfe043783) ld      a5, -32(s0)
core   0: 3 0x000000008000ff7a (0xfe043783) x15 0x00000000800120a4 mem 0x0000000080031f50
core   0: 0x000000008000ff7e (0x00178713) addi    a4, a5, 1
core   0: 3 0x000000008000ff7e (0x00178713) x14 0x00000000800120a5
core   0: 0x000000008000ff82 (0xfee43023) sd      a4, -32(s0)
core   0: 3 0x000000008000ff82 (0xfee43023) mem 0x0000000080031f50 0x00000000800120a5
core   0: 0x000000008000ff86 (0xfc442703) lw      a4, -60(s0)
core   0: 3 0x000000008000ff86 (0xfc442703) x14 0x0000000000000000 mem 0x0000000080031f34
core   0: 0x000000008000ff8a (0x0ff77713) andi    a4, a4, 255
core   0: 3 0x000000008000ff8a (0x0ff77713) x14 0x0000000000000000
core   0: 0x000000008000ff8e (0x00e78023) sb      a4, 0(a5)
core   0: 3 0x000000008000ff8e (0x00e78023) mem 0x00000000800120a4 0x00
core   0: 0x000000008000ff92 (0xfc843703) ld      a4, -56(s0)
core   0: 3 0x000000008000ff92 (0xfc843703) x14 0x0000000080012040 mem 0x0000000080031f38
core   0: 0x000000008000ff96 (0xfb843783) ld      a5, -72(s0)
core   0: 3 0x000000008000ff96 (0xfb843783) x15 0x000000000000009c mem 0x0000000080031f28
core   0: 0x000000008000ff9a (0x000097ba) c.add   a5, a4
core   0: 3 0x000000008000ff9a (0x97ba) x15 0x00000000800120dc
core   0: 0x000000008000ff9c (0xfe043703) ld      a4, -32(s0)
core   0: 3 0x000000008000ff9c (0xfe043703) x14 0x00000000800120a5 mem 0x0000000080031f50
core   0: 0x000000008000ffa0 (0xfcf76de3) bltu    a4, a5, pc - 38
core   0: 3 0x000000008000ffa0 (0xfcf76de3)
core   0: 0x000000008000ff7a (0xfe043783) ld      a5, -32(s0)
core   0: 3 0x000000008000ff7a (0xfe043783) x15 0x00000000800120a5 mem 0x0000000080031f50
core   0: 0x000000008000ff7e (0x00178713) addi    a4, a5, 1
core   0: 3 0x000000008000ff7e (0x00178713) x14 0x00000000800120a6
core   0: 0x000000008000ff82 (0xfee43023) sd      a4, -32(s0)
core   0: 3 0x000000008000ff82 (0xfee43023) mem 0x0000000080031f50 0x00000000800120a6
core   0: 0x000000008000ff86 (0xfc442703) lw      a4, -60(s0)
core   0: 3 0x000000008000ff86 (0xfc442703) x14 0x0000000000000000 mem 0x0000000080031f34
core   0: 0x000000008000ff8a (0x0ff77713) andi    a4, a4, 255
core   0: 3 0x000000008000ff8a (0x0ff77713) x14 0x0000000000000000
core   0: 0x000000008000ff8e (0x00e78023) sb      a4, 0(a5)
core   0: 3 0x000000008000ff8e (0x00e78023) mem 0x00000000800120a5 0x00
core   0: 0x000000008000ff92 (0xfc843703) ld      a4, -56(s0)
core   0: 3 0x000000008000ff92 (0xfc843703) x14 0x0000000080012040 mem 0x0000000080031f38
core   0: 0x000000008000ff96 (0xfb843783) ld      a5, -72(s0)
core   0: 3 0x000000008000ff96 (0xfb843783) x15 0x000000000000009c mem 0x0000000080031f28
core   0: 0x000000008000ff9a (0x000097ba) c.add   a5, a4
core   0: 3 0x000000008000ff9a (0x97ba) x15 0x00000000800120dc
core   0: 0x000000008000ff9c (0xfe043703) ld      a4, -32(s0)
core   0: 3 0x000000008000ff9c (0xfe043703) x14 0x00000000800120a6 mem 0x0000000080031f50
core   0: 0x000000008000ffa0 (0xfcf76de3) bltu    a4, a5, pc - 38
core   0: 3 0x000000008000ffa0 (0xfcf76de3)
core   0: 0x000000008000ff7a (0xfe043783) ld      a5, -32(s0)
core   0: 3 0x000000008000ff7a (0xfe043783) x15 0x00000000800120a6 mem 0x0000000080031f50
core   0: 0x000000008000ff7e (0x00178713) addi    a4, a5, 1
core   0: 3 0x000000008000ff7e (0x00178713) x14 0x00000000800120a7
core   0: 0x000000008000ff82 (0xfee43023) sd      a4, -32(s0)
core   0: 3 0x000000008000ff82 (0xfee43023) mem 0x0000000080031f50 0x00000000800120a7
core   0: 0x000000008000ff86 (0xfc442703) lw      a4, -60(s0)
core   0: 3 0x000000008000ff86 (0xfc442703) x14 0x0000000000000000 mem 0x0000000080031f34
core   0: 0x000000008000ff8a (0x0ff77713) andi    a4, a4, 255
core   0: 3 0x000000008000ff8a (0x0ff77713) x14 0x0000000000000000
core   0: 0x000000008000ff8e (0x00e78023) sb      a4, 0(a5)
core   0: 3 0x000000008000ff8e (0x00e78023) mem 0x00000000800120a6 0x00
core   0: 0x000000008000ff92 (0xfc843703) ld      a4, -56(s0)
core   0: 3 0x000000008000ff92 (0xfc843703) x14 0x0000000080012040 mem 0x0000000080031f38
core   0: 0x000000008000ff96 (0xfb843783) ld      a5, -72(s0)
core   0: 3 0x000000008000ff96 (0xfb843783) x15 0x000000000000009c mem 0x0000000080031f28
core   0: 0x000000008000ff9a (0x000097ba) c.add   a5, a4
core   0: 3 0x000000008000ff9a (0x97ba) x15 0x00000000800120dc
core   0: 0x000000008000ff9c (0xfe043703) ld      a4, -32(s0)
core   0: 3 0x000000008000ff9c (0xfe043703) x14 0x00000000800120a7 mem 0x0000000080031f50
core   0: 0x000000008000ffa0 (0xfcf76de3) bltu    a4, a5, pc - 38
core   0: 3 0x000000008000ffa0 (0xfcf76de3)
core   0: 0x000000008000ff7a (0xfe043783) ld      a5, -32(s0)
core   0: 3 0x000000008000ff7a (0xfe043783) x15 0x00000000800120a7 mem 0x0000000080031f50
core   0: 0x000000008000ff7e (0x00178713) addi    a4, a5, 1
core   0: 3 0x000000008000ff7e (0x00178713) x14 0x00000000800120a8
core   0: 0x000000008000ff82 (0xfee43023) sd      a4, -32(s0)
core   0: 3 0x000000008000ff82 (0xfee43023) mem 0x0000000080031f50 0x00000000800120a8
core   0: 0x000000008000ff86 (0xfc442703) lw      a4, -60(s0)
core   0: 3 0x000000008000ff86 (0xfc442703) x14 0x0000000000000000 mem 0x0000000080031f34
core   0: 0x000000008000ff8a (0x0ff77713) andi    a4, a4, 255
core   0: 3 0x000000008000ff8a (0x0ff77713) x14 0x0000000000000000
core   0: 0x000000008000ff8e (0x00e78023) sb      a4, 0(a5)
core   0: 3 0x000000008000ff8e (0x00e78023) mem 0x00000000800120a7 0x00
core   0: 0x000000008000ff92 (0xfc843703) ld      a4, -56(s0)
core   0: 3 0x000000008000ff92 (0xfc843703) x14 0x0000000080012040 mem 0x0000000080031f38
core   0: 0x000000008000ff96 (0xfb843783) ld      a5, -72(s0)
core   0: 3 0x000000008000ff96 (0xfb843783) x15 0x000000000000009c mem 0x0000000080031f28
core   0: 0x000000008000ff9a (0x000097ba) c.add   a5, a4
core   0: 3 0x000000008000ff9a (0x97ba) x15 0x00000000800120dc
core   0: 0x000000008000ff9c (0xfe043703) ld      a4, -32(s0)
core   0: 3 0x000000008000ff9c (0xfe043703) x14 0x00000000800120a8 mem 0x0000000080031f50
core   0: 0x000000008000ffa0 (0xfcf76de3) bltu    a4, a5, pc - 38
core   0: 3 0x000000008000ffa0 (0xfcf76de3)
core   0: 0x000000008000ff7a (0xfe043783) ld      a5, -32(s0)
core   0: 3 0x000000008000ff7a (0xfe043783) x15 0x00000000800120a8 mem 0x0000000080031f50
core   0: 0x000000008000ff7e (0x00178713) addi    a4, a5, 1
core   0: 3 0x000000008000ff7e (0x00178713) x14 0x00000000800120a9
core   0: 0x000000008000ff82 (0xfee43023) sd      a4, -32(s0)
core   0: 3 0x000000008000ff82 (0xfee43023) mem 0x0000000080031f50 0x00000000800120a9
core   0: 0x000000008000ff86 (0xfc442703) lw      a4, -60(s0)
core   0: 3 0x000000008000ff86 (0xfc442703) x14 0x0000000000000000 mem 0x0000000080031f34
core   0: 0x000000008000ff8a (0x0ff77713) andi    a4, a4, 255
core   0: 3 0x000000008000ff8a (0x0ff77713) x14 0x0000000000000000
core   0: 0x000000008000ff8e (0x00e78023) sb      a4, 0(a5)
core   0: 3 0x000000008000ff8e (0x00e78023) mem 0x00000000800120a8 0x00
core   0: 0x000000008000ff92 (0xfc843703) ld      a4, -56(s0)
core   0: 3 0x000000008000ff92 (0xfc843703) x14 0x0000000080012040 mem 0x0000000080031f38
core   0: 0x000000008000ff96 (0xfb843783) ld      a5, -72(s0)
core   0: 3 0x000000008000ff96 (0xfb843783) x15 0x000000000000009c mem 0x0000000080031f28
core   0: 0x000000008000ff9a (0x000097ba) c.add   a5, a4
core   0: 3 0x000000008000ff9a (0x97ba) x15 0x00000000800120dc
core   0: 0x000000008000ff9c (0xfe043703) ld      a4, -32(s0)
core   0: 3 0x000000008000ff9c (0xfe043703) x14 0x00000000800120a9 mem 0x0000000080031f50
core   0: 0x000000008000ffa0 (0xfcf76de3) bltu    a4, a5, pc - 38
core   0: 3 0x000000008000ffa0 (0xfcf76de3)
core   0: 0x000000008000ff7a (0xfe043783) ld      a5, -32(s0)
core   0: 3 0x000000008000ff7a (0xfe043783) x15 0x00000000800120a9 mem 0x0000000080031f50
core   0: 0x000000008000ff7e (0x00178713) addi    a4, a5, 1
core   0: 3 0x000000008000ff7e (0x00178713) x14 0x00000000800120aa
core   0: 0x000000008000ff82 (0xfee43023) sd      a4, -32(s0)
core   0: 3 0x000000008000ff82 (0xfee43023) mem 0x0000000080031f50 0x00000000800120aa
core   0: 0x000000008000ff86 (0xfc442703) lw      a4, -60(s0)
core   0: 3 0x000000008000ff86 (0xfc442703) x14 0x0000000000000000 mem 0x0000000080031f34
core   0: 0x000000008000ff8a (0x0ff77713) andi    a4, a4, 255
core   0: 3 0x000000008000ff8a (0x0ff77713) x14 0x0000000000000000
core   0: 0x000000008000ff8e (0x00e78023) sb      a4, 0(a5)
core   0: 3 0x000000008000ff8e (0x00e78023) mem 0x00000000800120a9 0x00
core   0: 0x000000008000ff92 (0xfc843703) ld      a4, -56(s0)
core   0: 3 0x000000008000ff92 (0xfc843703) x14 0x0000000080012040 mem 0x0000000080031f38
core   0: 0x000000008000ff96 (0xfb843783) ld      a5, -72(s0)
core   0: 3 0x000000008000ff96 (0xfb843783) x15 0x000000000000009c mem 0x0000000080031f28
core   0: 0x000000008000ff9a (0x000097ba) c.add   a5, a4
core   0: 3 0x000000008000ff9a (0x97ba) x15 0x00000000800120dc
core   0: 0x000000008000ff9c (0xfe043703) ld      a4, -32(s0)
core   0: 3 0x000000008000ff9c (0xfe043703) x14 0x00000000800120aa mem 0x0000000080031f50
core   0: 0x000000008000ffa0 (0xfcf76de3) bltu    a4, a5, pc - 38
core   0: 3 0x000000008000ffa0 (0xfcf76de3)
core   0: 0x000000008000ff7a (0xfe043783) ld      a5, -32(s0)
core   0: 3 0x000000008000ff7a (0xfe043783) x15 0x00000000800120aa mem 0x0000000080031f50
core   0: 0x000000008000ff7e (0x00178713) addi    a4, a5, 1
core   0: 3 0x000000008000ff7e (0x00178713) x14 0x00000000800120ab
core   0: 0x000000008000ff82 (0xfee43023) sd      a4, -32(s0)
core   0: 3 0x000000008000ff82 (0xfee43023) mem 0x0000000080031f50 0x00000000800120ab
core   0: 0x000000008000ff86 (0xfc442703) lw      a4, -60(s0)
core   0: 3 0x000000008000ff86 (0xfc442703) x14 0x0000000000000000 mem 0x0000000080031f34
core   0: 0x000000008000ff8a (0x0ff77713) andi    a4, a4, 255
core   0: 3 0x000000008000ff8a (0x0ff77713) x14 0x0000000000000000
core   0: 0x000000008000ff8e (0x00e78023) sb      a4, 0(a5)
core   0: 3 0x000000008000ff8e (0x00e78023) mem 0x00000000800120aa 0x00
core   0: 0x000000008000ff92 (0xfc843703) ld      a4, -56(s0)
core   0: 3 0x000000008000ff92 (0xfc843703) x14 0x0000000080012040 mem 0x0000000080031f38
core   0: 0x000000008000ff96 (0xfb843783) ld      a5, -72(s0)
core   0: 3 0x000000008000ff96 (0xfb843783) x15 0x000000000000009c mem 0x0000000080031f28
core   0: 0x000000008000ff9a (0x000097ba) c.add   a5, a4
core   0: 3 0x000000008000ff9a (0x97ba) x15 0x00000000800120dc
core   0: 0x000000008000ff9c (0xfe043703) ld      a4, -32(s0)
core   0: 3 0x000000008000ff9c (0xfe043703) x14 0x00000000800120ab mem 0x0000000080031f50
core   0: 0x000000008000ffa0 (0xfcf76de3) bltu    a4, a5, pc - 38
core   0: 3 0x000000008000ffa0 (0xfcf76de3)
core   0: 0x000000008000ff7a (0xfe043783) ld      a5, -32(s0)
core   0: 3 0x000000008000ff7a (0xfe043783) x15 0x00000000800120ab mem 0x0000000080031f50
core   0: 0x000000008000ff7e (0x00178713) addi    a4, a5, 1
core   0: 3 0x000000008000ff7e (0x00178713) x14 0x00000000800120ac
core   0: 0x000000008000ff82 (0xfee43023) sd      a4, -32(s0)
core   0: 3 0x000000008000ff82 (0xfee43023) mem 0x0000000080031f50 0x00000000800120ac
core   0: 0x000000008000ff86 (0xfc442703) lw      a4, -60(s0)
core   0: 3 0x000000008000ff86 (0xfc442703) x14 0x0000000000000000 mem 0x0000000080031f34
core   0: 0x000000008000ff8a (0x0ff77713) andi    a4, a4, 255
core   0: 3 0x000000008000ff8a (0x0ff77713) x14 0x0000000000000000
core   0: 0x000000008000ff8e (0x00e78023) sb      a4, 0(a5)
core   0: 3 0x000000008000ff8e (0x00e78023) mem 0x00000000800120ab 0x00
core   0: 0x000000008000ff92 (0xfc843703) ld      a4, -56(s0)
core   0: 3 0x000000008000ff92 (0xfc843703) x14 0x0000000080012040 mem 0x0000000080031f38
core   0: 0x000000008000ff96 (0xfb843783) ld      a5, -72(s0)
core   0: 3 0x000000008000ff96 (0xfb843783) x15 0x000000000000009c mem 0x0000000080031f28
core   0: 0x000000008000ff9a (0x000097ba) c.add   a5, a4
core   0: 3 0x000000008000ff9a (0x97ba) x15 0x00000000800120dc
core   0: 0x000000008000ff9c (0xfe043703) ld      a4, -32(s0)
core   0: 3 0x000000008000ff9c (0xfe043703) x14 0x00000000800120ac mem 0x0000000080031f50
core   0: 0x000000008000ffa0 (0xfcf76de3) bltu    a4, a5, pc - 38
core   0: 3 0x000000008000ffa0 (0xfcf76de3)
core   0: 0x000000008000ff7a (0xfe043783) ld      a5, -32(s0)
core   0: 3 0x000000008000ff7a (0xfe043783) x15 0x00000000800120ac mem 0x0000000080031f50
core   0: 0x000000008000ff7e (0x00178713) addi    a4, a5, 1
core   0: 3 0x000000008000ff7e (0x00178713) x14 0x00000000800120ad
core   0: 0x000000008000ff82 (0xfee43023) sd      a4, -32(s0)
core   0: 3 0x000000008000ff82 (0xfee43023) mem 0x0000000080031f50 0x00000000800120ad
core   0: 0x000000008000ff86 (0xfc442703) lw      a4, -60(s0)
core   0: 3 0x000000008000ff86 (0xfc442703) x14 0x0000000000000000 mem 0x0000000080031f34
core   0: 0x000000008000ff8a (0x0ff77713) andi    a4, a4, 255
core   0: 3 0x000000008000ff8a (0x0ff77713) x14 0x0000000000000000
core   0: 0x000000008000ff8e (0x00e78023) sb      a4, 0(a5)
core   0: 3 0x000000008000ff8e (0x00e78023) mem 0x00000000800120ac 0x00
core   0: 0x000000008000ff92 (0xfc843703) ld      a4, -56(s0)
core   0: 3 0x000000008000ff92 (0xfc843703) x14 0x0000000080012040 mem 0x0000000080031f38
core   0: 0x000000008000ff96 (0xfb843783) ld      a5, -72(s0)
core   0: 3 0x000000008000ff96 (0xfb843783) x15 0x000000000000009c mem 0x0000000080031f28
core   0: 0x000000008000ff9a (0x000097ba) c.add   a5, a4
core   0: 3 0x000000008000ff9a (0x97ba) x15 0x00000000800120dc
core   0: 0x000000008000ff9c (0xfe043703) ld      a4, -32(s0)
core   0: 3 0x000000008000ff9c (0xfe043703) x14 0x00000000800120ad mem 0x0000000080031f50
core   0: 0x000000008000ffa0 (0xfcf76de3) bltu    a4, a5, pc - 38
core   0: 3 0x000000008000ffa0 (0xfcf76de3)
core   0: 0x000000008000ff7a (0xfe043783) ld      a5, -32(s0)
core   0: 3 0x000000008000ff7a (0xfe043783) x15 0x00000000800120ad mem 0x0000000080031f50
core   0: 0x000000008000ff7e (0x00178713) addi    a4, a5, 1
core   0: 3 0x000000008000ff7e (0x00178713) x14 0x00000000800120ae
core   0: 0x000000008000ff82 (0xfee43023) sd      a4, -32(s0)
core   0: 3 0x000000008000ff82 (0xfee43023) mem 0x0000000080031f50 0x00000000800120ae
core   0: 0x000000008000ff86 (0xfc442703) lw      a4, -60(s0)
core   0: 3 0x000000008000ff86 (0xfc442703) x14 0x0000000000000000 mem 0x0000000080031f34
core   0: 0x000000008000ff8a (0x0ff77713) andi    a4, a4, 255
core   0: 3 0x000000008000ff8a (0x0ff77713) x14 0x0000000000000000
core   0: 0x000000008000ff8e (0x00e78023) sb      a4, 0(a5)
core   0: 3 0x000000008000ff8e (0x00e78023) mem 0x00000000800120ad 0x00
core   0: 0x000000008000ff92 (0xfc843703) ld      a4, -56(s0)
core   0: 3 0x000000008000ff92 (0xfc843703) x14 0x0000000080012040 mem 0x0000000080031f38
core   0: 0x000000008000ff96 (0xfb843783) ld      a5, -72(s0)
core   0: 3 0x000000008000ff96 (0xfb843783) x15 0x000000000000009c mem 0x0000000080031f28
core   0: 0x000000008000ff9a (0x000097ba) c.add   a5, a4
core   0: 3 0x000000008000ff9a (0x97ba) x15 0x00000000800120dc
core   0: 0x000000008000ff9c (0xfe043703) ld      a4, -32(s0)
core   0: 3 0x000000008000ff9c (0xfe043703) x14 0x00000000800120ae mem 0x0000000080031f50
core   0: 0x000000008000ffa0 (0xfcf76de3) bltu    a4, a5, pc - 38
core   0: 3 0x000000008000ffa0 (0xfcf76de3)
core   0: 0x000000008000ff7a (0xfe043783) ld      a5, -32(s0)
core   0: 3 0x000000008000ff7a (0xfe043783) x15 0x00000000800120ae mem 0x0000000080031f50
core   0: 0x000000008000ff7e (0x00178713) addi    a4, a5, 1
core   0: 3 0x000000008000ff7e (0x00178713) x14 0x00000000800120af
core   0: 0x000000008000ff82 (0xfee43023) sd      a4, -32(s0)
core   0: 3 0x000000008000ff82 (0xfee43023) mem 0x0000000080031f50 0x00000000800120af
core   0: 0x000000008000ff86 (0xfc442703) lw      a4, -60(s0)
core   0: 3 0x000000008000ff86 (0xfc442703) x14 0x0000000000000000 mem 0x0000000080031f34
core   0: 0x000000008000ff8a (0x0ff77713) andi    a4, a4, 255
core   0: 3 0x000000008000ff8a (0x0ff77713) x14 0x0000000000000000
core   0: 0x000000008000ff8e (0x00e78023) sb      a4, 0(a5)
core   0: 3 0x000000008000ff8e (0x00e78023) mem 0x00000000800120ae 0x00
core   0: 0x000000008000ff92 (0xfc843703) ld      a4, -56(s0)
core   0: 3 0x000000008000ff92 (0xfc843703) x14 0x0000000080012040 mem 0x0000000080031f38
core   0: 0x000000008000ff96 (0xfb843783) ld      a5, -72(s0)
core   0: 3 0x000000008000ff96 (0xfb843783) x15 0x000000000000009c mem 0x0000000080031f28
core   0: 0x000000008000ff9a (0x000097ba) c.add   a5, a4
core   0: 3 0x000000008000ff9a (0x97ba) x15 0x00000000800120dc
core   0: 0x000000008000ff9c (0xfe043703) ld      a4, -32(s0)
core   0: 3 0x000000008000ff9c (0xfe043703) x14 0x00000000800120af mem 0x0000000080031f50
core   0: 0x000000008000ffa0 (0xfcf76de3) bltu    a4, a5, pc - 38
core   0: 3 0x000000008000ffa0 (0xfcf76de3)
core   0: 0x000000008000ff7a (0xfe043783) ld      a5, -32(s0)
core   0: 3 0x000000008000ff7a (0xfe043783) x15 0x00000000800120af mem 0x0000000080031f50
core   0: 0x000000008000ff7e (0x00178713) addi    a4, a5, 1
core   0: 3 0x000000008000ff7e (0x00178713) x14 0x00000000800120b0
core   0: 0x000000008000ff82 (0xfee43023) sd      a4, -32(s0)
core   0: 3 0x000000008000ff82 (0xfee43023) mem 0x0000000080031f50 0x00000000800120b0
core   0: 0x000000008000ff86 (0xfc442703) lw      a4, -60(s0)
core   0: 3 0x000000008000ff86 (0xfc442703) x14 0x0000000000000000 mem 0x0000000080031f34
core   0: 0x000000008000ff8a (0x0ff77713) andi    a4, a4, 255
core   0: 3 0x000000008000ff8a (0x0ff77713) x14 0x0000000000000000
core   0: 0x000000008000ff8e (0x00e78023) sb      a4, 0(a5)
core   0: 3 0x000000008000ff8e (0x00e78023) mem 0x00000000800120af 0x00
core   0: 0x000000008000ff92 (0xfc843703) ld      a4, -56(s0)
core   0: 3 0x000000008000ff92 (0xfc843703) x14 0x0000000080012040 mem 0x0000000080031f38
core   0: 0x000000008000ff96 (0xfb843783) ld      a5, -72(s0)
core   0: 3 0x000000008000ff96 (0xfb843783) x15 0x000000000000009c mem 0x0000000080031f28
core   0: 0x000000008000ff9a (0x000097ba) c.add   a5, a4
core   0: 3 0x000000008000ff9a (0x97ba) x15 0x00000000800120dc
core   0: 0x000000008000ff9c (0xfe043703) ld      a4, -32(s0)
core   0: 3 0x000000008000ff9c (0xfe043703) x14 0x00000000800120b0 mem 0x0000000080031f50
core   0: 0x000000008000ffa0 (0xfcf76de3) bltu    a4, a5, pc - 38
core   0: 3 0x000000008000ffa0 (0xfcf76de3)
core   0: 0x000000008000ff7a (0xfe043783) ld      a5, -32(s0)
core   0: 3 0x000000008000ff7a (0xfe043783) x15 0x00000000800120b0 mem 0x0000000080031f50
core   0: 0x000000008000ff7e (0x00178713) addi    a4, a5, 1
core   0: 3 0x000000008000ff7e (0x00178713) x14 0x00000000800120b1
core   0: 0x000000008000ff82 (0xfee43023) sd      a4, -32(s0)
core   0: 3 0x000000008000ff82 (0xfee43023) mem 0x0000000080031f50 0x00000000800120b1
core   0: 0x000000008000ff86 (0xfc442703) lw      a4, -60(s0)
core   0: 3 0x000000008000ff86 (0xfc442703) x14 0x0000000000000000 mem 0x0000000080031f34
core   0: 0x000000008000ff8a (0x0ff77713) andi    a4, a4, 255
core   0: 3 0x000000008000ff8a (0x0ff77713) x14 0x0000000000000000
core   0: 0x000000008000ff8e (0x00e78023) sb      a4, 0(a5)
core   0: 3 0x000000008000ff8e (0x00e78023) mem 0x00000000800120b0 0x00
core   0: 0x000000008000ff92 (0xfc843703) ld      a4, -56(s0)
core   0: 3 0x000000008000ff92 (0xfc843703) x14 0x0000000080012040 mem 0x0000000080031f38
core   0: 0x000000008000ff96 (0xfb843783) ld      a5, -72(s0)
core   0: 3 0x000000008000ff96 (0xfb843783) x15 0x000000000000009c mem 0x0000000080031f28
core   0: 0x000000008000ff9a (0x000097ba) c.add   a5, a4
core   0: 3 0x000000008000ff9a (0x97ba) x15 0x00000000800120dc
core   0: 0x000000008000ff9c (0xfe043703) ld      a4, -32(s0)
core   0: 3 0x000000008000ff9c (0xfe043703) x14 0x00000000800120b1 mem 0x0000000080031f50
core   0: 0x000000008000ffa0 (0xfcf76de3) bltu    a4, a5, pc - 38
core   0: 3 0x000000008000ffa0 (0xfcf76de3)
core   0: 0x000000008000ff7a (0xfe043783) ld      a5, -32(s0)
core   0: 3 0x000000008000ff7a (0xfe043783) x15 0x00000000800120b1 mem 0x0000000080031f50
core   0: 0x000000008000ff7e (0x00178713) addi    a4, a5, 1
core   0: 3 0x000000008000ff7e (0x00178713) x14 0x00000000800120b2
core   0: 0x000000008000ff82 (0xfee43023) sd      a4, -32(s0)
core   0: 3 0x000000008000ff82 (0xfee43023) mem 0x0000000080031f50 0x00000000800120b2
core   0: 0x000000008000ff86 (0xfc442703) lw      a4, -60(s0)
core   0: 3 0x000000008000ff86 (0xfc442703) x14 0x0000000000000000 mem 0x0000000080031f34
core   0: 0x000000008000ff8a (0x0ff77713) andi    a4, a4, 255
core   0: 3 0x000000008000ff8a (0x0ff77713) x14 0x0000000000000000
core   0: 0x000000008000ff8e (0x00e78023) sb      a4, 0(a5)
core   0: 3 0x000000008000ff8e (0x00e78023) mem 0x00000000800120b1 0x00
core   0: 0x000000008000ff92 (0xfc843703) ld      a4, -56(s0)
core   0: 3 0x000000008000ff92 (0xfc843703) x14 0x0000000080012040 mem 0x0000000080031f38
core   0: 0x000000008000ff96 (0xfb843783) ld      a5, -72(s0)
core   0: 3 0x000000008000ff96 (0xfb843783) x15 0x000000000000009c mem 0x0000000080031f28
core   0: 0x000000008000ff9a (0x000097ba) c.add   a5, a4
core   0: 3 0x000000008000ff9a (0x97ba) x15 0x00000000800120dc
core   0: 0x000000008000ff9c (0xfe043703) ld      a4, -32(s0)
core   0: 3 0x000000008000ff9c (0xfe043703) x14 0x00000000800120b2 mem 0x0000000080031f50
core   0: 0x000000008000ffa0 (0xfcf76de3) bltu    a4, a5, pc - 38
core   0: 3 0x000000008000ffa0 (0xfcf76de3)
core   0: 0x000000008000ff7a (0xfe043783) ld      a5, -32(s0)
core   0: 3 0x000000008000ff7a (0xfe043783) x15 0x00000000800120b2 mem 0x0000000080031f50
core   0: 0x000000008000ff7e (0x00178713) addi    a4, a5, 1
core   0: 3 0x000000008000ff7e (0x00178713) x14 0x00000000800120b3
core   0: 0x000000008000ff82 (0xfee43023) sd      a4, -32(s0)
core   0: 3 0x000000008000ff82 (0xfee43023) mem 0x0000000080031f50 0x00000000800120b3
core   0: 0x000000008000ff86 (0xfc442703) lw      a4, -60(s0)
core   0: 3 0x000000008000ff86 (0xfc442703) x14 0x0000000000000000 mem 0x0000000080031f34
core   0: 0x000000008000ff8a (0x0ff77713) andi    a4, a4, 255
core   0: 3 0x000000008000ff8a (0x0ff77713) x14 0x0000000000000000
core   0: 0x000000008000ff8e (0x00e78023) sb      a4, 0(a5)
core   0: 3 0x000000008000ff8e (0x00e78023) mem 0x00000000800120b2 0x00
core   0: 0x000000008000ff92 (0xfc843703) ld      a4, -56(s0)
core   0: 3 0x000000008000ff92 (0xfc843703) x14 0x0000000080012040 mem 0x0000000080031f38
core   0: 0x000000008000ff96 (0xfb843783) ld      a5, -72(s0)
core   0: 3 0x000000008000ff96 (0xfb843783) x15 0x000000000000009c mem 0x0000000080031f28
core   0: 0x000000008000ff9a (0x000097ba) c.add   a5, a4
core   0: 3 0x000000008000ff9a (0x97ba) x15 0x00000000800120dc
core   0: 0x000000008000ff9c (0xfe043703) ld      a4, -32(s0)
core   0: 3 0x000000008000ff9c (0xfe043703) x14 0x00000000800120b3 mem 0x0000000080031f50
core   0: 0x000000008000ffa0 (0xfcf76de3) bltu    a4, a5, pc - 38
core   0: 3 0x000000008000ffa0 (0xfcf76de3)
core   0: 0x000000008000ff7a (0xfe043783) ld      a5, -32(s0)
core   0: 3 0x000000008000ff7a (0xfe043783) x15 0x00000000800120b3 mem 0x0000000080031f50
core   0: 0x000000008000ff7e (0x00178713) addi    a4, a5, 1
core   0: 3 0x000000008000ff7e (0x00178713) x14 0x00000000800120b4
core   0: 0x000000008000ff82 (0xfee43023) sd      a4, -32(s0)
core   0: 3 0x000000008000ff82 (0xfee43023) mem 0x0000000080031f50 0x00000000800120b4
core   0: 0x000000008000ff86 (0xfc442703) lw      a4, -60(s0)
core   0: 3 0x000000008000ff86 (0xfc442703) x14 0x0000000000000000 mem 0x0000000080031f34
core   0: 0x000000008000ff8a (0x0ff77713) andi    a4, a4, 255
core   0: 3 0x000000008000ff8a (0x0ff77713) x14 0x0000000000000000
core   0: 0x000000008000ff8e (0x00e78023) sb      a4, 0(a5)
core   0: 3 0x000000008000ff8e (0x00e78023) mem 0x00000000800120b3 0x00
core   0: 0x000000008000ff92 (0xfc843703) ld      a4, -56(s0)
core   0: 3 0x000000008000ff92 (0xfc843703) x14 0x0000000080012040 mem 0x0000000080031f38
core   0: 0x000000008000ff96 (0xfb843783) ld      a5, -72(s0)
core   0: 3 0x000000008000ff96 (0xfb843783) x15 0x000000000000009c mem 0x0000000080031f28
core   0: 0x000000008000ff9a (0x000097ba) c.add   a5, a4
core   0: 3 0x000000008000ff9a (0x97ba) x15 0x00000000800120dc
core   0: 0x000000008000ff9c (0xfe043703) ld      a4, -32(s0)
core   0: 3 0x000000008000ff9c (0xfe043703) x14 0x00000000800120b4 mem 0x0000000080031f50
core   0: 0x000000008000ffa0 (0xfcf76de3) bltu    a4, a5, pc - 38
core   0: 3 0x000000008000ffa0 (0xfcf76de3)
core   0: 0x000000008000ff7a (0xfe043783) ld      a5, -32(s0)
core   0: 3 0x000000008000ff7a (0xfe043783) x15 0x00000000800120b4 mem 0x0000000080031f50
core   0: 0x000000008000ff7e (0x00178713) addi    a4, a5, 1
core   0: 3 0x000000008000ff7e (0x00178713) x14 0x00000000800120b5
core   0: 0x000000008000ff82 (0xfee43023) sd      a4, -32(s0)
core   0: 3 0x000000008000ff82 (0xfee43023) mem 0x0000000080031f50 0x00000000800120b5
core   0: 0x000000008000ff86 (0xfc442703) lw      a4, -60(s0)
core   0: 3 0x000000008000ff86 (0xfc442703) x14 0x0000000000000000 mem 0x0000000080031f34
core   0: 0x000000008000ff8a (0x0ff77713) andi    a4, a4, 255
core   0: 3 0x000000008000ff8a (0x0ff77713) x14 0x0000000000000000
core   0: 0x000000008000ff8e (0x00e78023) sb      a4, 0(a5)
core   0: 3 0x000000008000ff8e (0x00e78023) mem 0x00000000800120b4 0x00
core   0: 0x000000008000ff92 (0xfc843703) ld      a4, -56(s0)
core   0: 3 0x000000008000ff92 (0xfc843703) x14 0x0000000080012040 mem 0x0000000080031f38
core   0: 0x000000008000ff96 (0xfb843783) ld      a5, -72(s0)
core   0: 3 0x000000008000ff96 (0xfb843783) x15 0x000000000000009c mem 0x0000000080031f28
core   0: 0x000000008000ff9a (0x000097ba) c.add   a5, a4
core   0: 3 0x000000008000ff9a (0x97ba) x15 0x00000000800120dc
core   0: 0x000000008000ff9c (0xfe043703) ld      a4, -32(s0)
core   0: 3 0x000000008000ff9c (0xfe043703) x14 0x00000000800120b5 mem 0x0000000080031f50
core   0: 0x000000008000ffa0 (0xfcf76de3) bltu    a4, a5, pc - 38
core   0: 3 0x000000008000ffa0 (0xfcf76de3)
core   0: 0x000000008000ff7a (0xfe043783) ld      a5, -32(s0)
core   0: 3 0x000000008000ff7a (0xfe043783) x15 0x00000000800120b5 mem 0x0000000080031f50
core   0: 0x000000008000ff7e (0x00178713) addi    a4, a5, 1
core   0: 3 0x000000008000ff7e (0x00178713) x14 0x00000000800120b6
core   0: 0x000000008000ff82 (0xfee43023) sd      a4, -32(s0)
core   0: 3 0x000000008000ff82 (0xfee43023) mem 0x0000000080031f50 0x00000000800120b6
core   0: 0x000000008000ff86 (0xfc442703) lw      a4, -60(s0)
core   0: 3 0x000000008000ff86 (0xfc442703) x14 0x0000000000000000 mem 0x0000000080031f34
core   0: 0x000000008000ff8a (0x0ff77713) andi    a4, a4, 255
core   0: 3 0x000000008000ff8a (0x0ff77713) x14 0x0000000000000000
core   0: 0x000000008000ff8e (0x00e78023) sb      a4, 0(a5)
core   0: 3 0x000000008000ff8e (0x00e78023) mem 0x00000000800120b5 0x00
core   0: 0x000000008000ff92 (0xfc843703) ld      a4, -56(s0)
core   0: 3 0x000000008000ff92 (0xfc843703) x14 0x0000000080012040 mem 0x0000000080031f38
core   0: 0x000000008000ff96 (0xfb843783) ld      a5, -72(s0)
core   0: 3 0x000000008000ff96 (0xfb843783) x15 0x000000000000009c mem 0x0000000080031f28
core   0: 0x000000008000ff9a (0x000097ba) c.add   a5, a4
core   0: 3 0x000000008000ff9a (0x97ba) x15 0x00000000800120dc
core   0: 0x000000008000ff9c (0xfe043703) ld      a4, -32(s0)
core   0: 3 0x000000008000ff9c (0xfe043703) x14 0x00000000800120b6 mem 0x0000000080031f50
core   0: 0x000000008000ffa0 (0xfcf76de3) bltu    a4, a5, pc - 38
core   0: 3 0x000000008000ffa0 (0xfcf76de3)
core   0: 0x000000008000ff7a (0xfe043783) ld      a5, -32(s0)
core   0: 3 0x000000008000ff7a (0xfe043783) x15 0x00000000800120b6 mem 0x0000000080031f50
core   0: 0x000000008000ff7e (0x00178713) addi    a4, a5, 1
core   0: 3 0x000000008000ff7e (0x00178713) x14 0x00000000800120b7
core   0: 0x000000008000ff82 (0xfee43023) sd      a4, -32(s0)
core   0: 3 0x000000008000ff82 (0xfee43023) mem 0x0000000080031f50 0x00000000800120b7
core   0: 0x000000008000ff86 (0xfc442703) lw      a4, -60(s0)
core   0: 3 0x000000008000ff86 (0xfc442703) x14 0x0000000000000000 mem 0x0000000080031f34
core   0: 0x000000008000ff8a (0x0ff77713) andi    a4, a4, 255
core   0: 3 0x000000008000ff8a (0x0ff77713) x14 0x0000000000000000
core   0: 0x000000008000ff8e (0x00e78023) sb      a4, 0(a5)
core   0: 3 0x000000008000ff8e (0x00e78023) mem 0x00000000800120b6 0x00
core   0: 0x000000008000ff92 (0xfc843703) ld      a4, -56(s0)
core   0: 3 0x000000008000ff92 (0xfc843703) x14 0x0000000080012040 mem 0x0000000080031f38
core   0: 0x000000008000ff96 (0xfb843783) ld      a5, -72(s0)
core   0: 3 0x000000008000ff96 (0xfb843783) x15 0x000000000000009c mem 0x0000000080031f28
core   0: 0x000000008000ff9a (0x000097ba) c.add   a5, a4
core   0: 3 0x000000008000ff9a (0x97ba) x15 0x00000000800120dc
core   0: 0x000000008000ff9c (0xfe043703) ld      a4, -32(s0)
core   0: 3 0x000000008000ff9c (0xfe043703) x14 0x00000000800120b7 mem 0x0000000080031f50
core   0: 0x000000008000ffa0 (0xfcf76de3) bltu    a4, a5, pc - 38
core   0: 3 0x000000008000ffa0 (0xfcf76de3)
core   0: 0x000000008000ff7a (0xfe043783) ld      a5, -32(s0)
core   0: 3 0x000000008000ff7a (0xfe043783) x15 0x00000000800120b7 mem 0x0000000080031f50
core   0: 0x000000008000ff7e (0x00178713) addi    a4, a5, 1
core   0: 3 0x000000008000ff7e (0x00178713) x14 0x00000000800120b8
core   0: 0x000000008000ff82 (0xfee43023) sd      a4, -32(s0)
core   0: 3 0x000000008000ff82 (0xfee43023) mem 0x0000000080031f50 0x00000000800120b8
core   0: 0x000000008000ff86 (0xfc442703) lw      a4, -60(s0)
core   0: 3 0x000000008000ff86 (0xfc442703) x14 0x0000000000000000 mem 0x0000000080031f34
core   0: 0x000000008000ff8a (0x0ff77713) andi    a4, a4, 255
core   0: 3 0x000000008000ff8a (0x0ff77713) x14 0x0000000000000000
core   0: 0x000000008000ff8e (0x00e78023) sb      a4, 0(a5)
core   0: 3 0x000000008000ff8e (0x00e78023) mem 0x00000000800120b7 0x00
core   0: 0x000000008000ff92 (0xfc843703) ld      a4, -56(s0)
core   0: 3 0x000000008000ff92 (0xfc843703) x14 0x0000000080012040 mem 0x0000000080031f38
core   0: 0x000000008000ff96 (0xfb843783) ld      a5, -72(s0)
core   0: 3 0x000000008000ff96 (0xfb843783) x15 0x000000000000009c mem 0x0000000080031f28
core   0: 0x000000008000ff9a (0x000097ba) c.add   a5, a4
core   0: 3 0x000000008000ff9a (0x97ba) x15 0x00000000800120dc
core   0: 0x000000008000ff9c (0xfe043703) ld      a4, -32(s0)
core   0: 3 0x000000008000ff9c (0xfe043703) x14 0x00000000800120b8 mem 0x0000000080031f50
core   0: 0x000000008000ffa0 (0xfcf76de3) bltu    a4, a5, pc - 38
core   0: 3 0x000000008000ffa0 (0xfcf76de3)
core   0: 0x000000008000ff7a (0xfe043783) ld      a5, -32(s0)
core   0: 3 0x000000008000ff7a (0xfe043783) x15 0x00000000800120b8 mem 0x0000000080031f50
core   0: 0x000000008000ff7e (0x00178713) addi    a4, a5, 1
core   0: 3 0x000000008000ff7e (0x00178713) x14 0x00000000800120b9
core   0: 0x000000008000ff82 (0xfee43023) sd      a4, -32(s0)
core   0: 3 0x000000008000ff82 (0xfee43023) mem 0x0000000080031f50 0x00000000800120b9
core   0: 0x000000008000ff86 (0xfc442703) lw      a4, -60(s0)
core   0: 3 0x000000008000ff86 (0xfc442703) x14 0x0000000000000000 mem 0x0000000080031f34
core   0: 0x000000008000ff8a (0x0ff77713) andi    a4, a4, 255
core   0: 3 0x000000008000ff8a (0x0ff77713) x14 0x0000000000000000
core   0: 0x000000008000ff8e (0x00e78023) sb      a4, 0(a5)
core   0: 3 0x000000008000ff8e (0x00e78023) mem 0x00000000800120b8 0x00
core   0: 0x000000008000ff92 (0xfc843703) ld      a4, -56(s0)
core   0: 3 0x000000008000ff92 (0xfc843703) x14 0x0000000080012040 mem 0x0000000080031f38
core   0: 0x000000008000ff96 (0xfb843783) ld      a5, -72(s0)
core   0: 3 0x000000008000ff96 (0xfb843783) x15 0x000000000000009c mem 0x0000000080031f28
core   0: 0x000000008000ff9a (0x000097ba) c.add   a5, a4
core   0: 3 0x000000008000ff9a (0x97ba) x15 0x00000000800120dc
core   0: 0x000000008000ff9c (0xfe043703) ld      a4, -32(s0)
core   0: 3 0x000000008000ff9c (0xfe043703) x14 0x00000000800120b9 mem 0x0000000080031f50
core   0: 0x000000008000ffa0 (0xfcf76de3) bltu    a4, a5, pc - 38
core   0: 3 0x000000008000ffa0 (0xfcf76de3)
core   0: 0x000000008000ff7a (0xfe043783) ld      a5, -32(s0)
core   0: 3 0x000000008000ff7a (0xfe043783) x15 0x00000000800120b9 mem 0x0000000080031f50
core   0: 0x000000008000ff7e (0x00178713) addi    a4, a5, 1
core   0: 3 0x000000008000ff7e (0x00178713) x14 0x00000000800120ba
core   0: 0x000000008000ff82 (0xfee43023) sd      a4, -32(s0)
core   0: 3 0x000000008000ff82 (0xfee43023) mem 0x0000000080031f50 0x00000000800120ba
core   0: 0x000000008000ff86 (0xfc442703) lw      a4, -60(s0)
core   0: 3 0x000000008000ff86 (0xfc442703) x14 0x0000000000000000 mem 0x0000000080031f34
core   0: 0x000000008000ff8a (0x0ff77713) andi    a4, a4, 255
core   0: 3 0x000000008000ff8a (0x0ff77713) x14 0x0000000000000000
core   0: 0x000000008000ff8e (0x00e78023) sb      a4, 0(a5)
core   0: 3 0x000000008000ff8e (0x00e78023) mem 0x00000000800120b9 0x00
core   0: 0x000000008000ff92 (0xfc843703) ld      a4, -56(s0)
core   0: 3 0x000000008000ff92 (0xfc843703) x14 0x0000000080012040 mem 0x0000000080031f38
core   0: 0x000000008000ff96 (0xfb843783) ld      a5, -72(s0)
core   0: 3 0x000000008000ff96 (0xfb843783) x15 0x000000000000009c mem 0x0000000080031f28
core   0: 0x000000008000ff9a (0x000097ba) c.add   a5, a4
core   0: 3 0x000000008000ff9a (0x97ba) x15 0x00000000800120dc
core   0: 0x000000008000ff9c (0xfe043703) ld      a4, -32(s0)
core   0: 3 0x000000008000ff9c (0xfe043703) x14 0x00000000800120ba mem 0x0000000080031f50
core   0: 0x000000008000ffa0 (0xfcf76de3) bltu    a4, a5, pc - 38
core   0: 3 0x000000008000ffa0 (0xfcf76de3)
core   0: 0x000000008000ff7a (0xfe043783) ld      a5, -32(s0)
core   0: 3 0x000000008000ff7a (0xfe043783) x15 0x00000000800120ba mem 0x0000000080031f50
core   0: 0x000000008000ff7e (0x00178713) addi    a4, a5, 1
core   0: 3 0x000000008000ff7e (0x00178713) x14 0x00000000800120bb
core   0: 0x000000008000ff82 (0xfee43023) sd      a4, -32(s0)
core   0: 3 0x000000008000ff82 (0xfee43023) mem 0x0000000080031f50 0x00000000800120bb
core   0: 0x000000008000ff86 (0xfc442703) lw      a4, -60(s0)
core   0: 3 0x000000008000ff86 (0xfc442703) x14 0x0000000000000000 mem 0x0000000080031f34
core   0: 0x000000008000ff8a (0x0ff77713) andi    a4, a4, 255
core   0: 3 0x000000008000ff8a (0x0ff77713) x14 0x0000000000000000
core   0: 0x000000008000ff8e (0x00e78023) sb      a4, 0(a5)
core   0: 3 0x000000008000ff8e (0x00e78023) mem 0x00000000800120ba 0x00
core   0: 0x000000008000ff92 (0xfc843703) ld      a4, -56(s0)
core   0: 3 0x000000008000ff92 (0xfc843703) x14 0x0000000080012040 mem 0x0000000080031f38
core   0: 0x000000008000ff96 (0xfb843783) ld      a5, -72(s0)
core   0: 3 0x000000008000ff96 (0xfb843783) x15 0x000000000000009c mem 0x0000000080031f28
core   0: 0x000000008000ff9a (0x000097ba) c.add   a5, a4
core   0: 3 0x000000008000ff9a (0x97ba) x15 0x00000000800120dc
core   0: 0x000000008000ff9c (0xfe043703) ld      a4, -32(s0)
core   0: 3 0x000000008000ff9c (0xfe043703) x14 0x00000000800120bb mem 0x0000000080031f50
core   0: 0x000000008000ffa0 (0xfcf76de3) bltu    a4, a5, pc - 38
core   0: 3 0x000000008000ffa0 (0xfcf76de3)
core   0: 0x000000008000ff7a (0xfe043783) ld      a5, -32(s0)
core   0: 3 0x000000008000ff7a (0xfe043783) x15 0x00000000800120bb mem 0x0000000080031f50
core   0: 0x000000008000ff7e (0x00178713) addi    a4, a5, 1
core   0: 3 0x000000008000ff7e (0x00178713) x14 0x00000000800120bc
core   0: 0x000000008000ff82 (0xfee43023) sd      a4, -32(s0)
core   0: 3 0x000000008000ff82 (0xfee43023) mem 0x0000000080031f50 0x00000000800120bc
core   0: 0x000000008000ff86 (0xfc442703) lw      a4, -60(s0)
core   0: 3 0x000000008000ff86 (0xfc442703) x14 0x0000000000000000 mem 0x0000000080031f34
core   0: 0x000000008000ff8a (0x0ff77713) andi    a4, a4, 255
core   0: 3 0x000000008000ff8a (0x0ff77713) x14 0x0000000000000000
core   0: 0x000000008000ff8e (0x00e78023) sb      a4, 0(a5)
core   0: 3 0x000000008000ff8e (0x00e78023) mem 0x00000000800120bb 0x00
core   0: 0x000000008000ff92 (0xfc843703) ld      a4, -56(s0)
core   0: 3 0x000000008000ff92 (0xfc843703) x14 0x0000000080012040 mem 0x0000000080031f38
core   0: 0x000000008000ff96 (0xfb843783) ld      a5, -72(s0)
core   0: 3 0x000000008000ff96 (0xfb843783) x15 0x000000000000009c mem 0x0000000080031f28
core   0: 0x000000008000ff9a (0x000097ba) c.add   a5, a4
core   0: 3 0x000000008000ff9a (0x97ba) x15 0x00000000800120dc
core   0: 0x000000008000ff9c (0xfe043703) ld      a4, -32(s0)
core   0: 3 0x000000008000ff9c (0xfe043703) x14 0x00000000800120bc mem 0x0000000080031f50
core   0: 0x000000008000ffa0 (0xfcf76de3) bltu    a4, a5, pc - 38
core   0: 3 0x000000008000ffa0 (0xfcf76de3)
core   0: 0x000000008000ff7a (0xfe043783) ld      a5, -32(s0)
core   0: 3 0x000000008000ff7a (0xfe043783) x15 0x00000000800120bc mem 0x0000000080031f50
core   0: 0x000000008000ff7e (0x00178713) addi    a4, a5, 1
core   0: 3 0x000000008000ff7e (0x00178713) x14 0x00000000800120bd
core   0: 0x000000008000ff82 (0xfee43023) sd      a4, -32(s0)
core   0: 3 0x000000008000ff82 (0xfee43023) mem 0x0000000080031f50 0x00000000800120bd
core   0: 0x000000008000ff86 (0xfc442703) lw      a4, -60(s0)
core   0: 3 0x000000008000ff86 (0xfc442703) x14 0x0000000000000000 mem 0x0000000080031f34
core   0: 0x000000008000ff8a (0x0ff77713) andi    a4, a4, 255
core   0: 3 0x000000008000ff8a (0x0ff77713) x14 0x0000000000000000
core   0: 0x000000008000ff8e (0x00e78023) sb      a4, 0(a5)
core   0: 3 0x000000008000ff8e (0x00e78023) mem 0x00000000800120bc 0x00
core   0: 0x000000008000ff92 (0xfc843703) ld      a4, -56(s0)
core   0: 3 0x000000008000ff92 (0xfc843703) x14 0x0000000080012040 mem 0x0000000080031f38
core   0: 0x000000008000ff96 (0xfb843783) ld      a5, -72(s0)
core   0: 3 0x000000008000ff96 (0xfb843783) x15 0x000000000000009c mem 0x0000000080031f28
core   0: 0x000000008000ff9a (0x000097ba) c.add   a5, a4
core   0: 3 0x000000008000ff9a (0x97ba) x15 0x00000000800120dc
core   0: 0x000000008000ff9c (0xfe043703) ld      a4, -32(s0)
core   0: 3 0x000000008000ff9c (0xfe043703) x14 0x00000000800120bd mem 0x0000000080031f50
core   0: 0x000000008000ffa0 (0xfcf76de3) bltu    a4, a5, pc - 38
core   0: 3 0x000000008000ffa0 (0xfcf76de3)
core   0: 0x000000008000ff7a (0xfe043783) ld      a5, -32(s0)
core   0: 3 0x000000008000ff7a (0xfe043783) x15 0x00000000800120bd mem 0x0000000080031f50
core   0: 0x000000008000ff7e (0x00178713) addi    a4, a5, 1
core   0: 3 0x000000008000ff7e (0x00178713) x14 0x00000000800120be
core   0: 0x000000008000ff82 (0xfee43023) sd      a4, -32(s0)
core   0: 3 0x000000008000ff82 (0xfee43023) mem 0x0000000080031f50 0x00000000800120be
core   0: 0x000000008000ff86 (0xfc442703) lw      a4, -60(s0)
core   0: 3 0x000000008000ff86 (0xfc442703) x14 0x0000000000000000 mem 0x0000000080031f34
core   0: 0x000000008000ff8a (0x0ff77713) andi    a4, a4, 255
core   0: 3 0x000000008000ff8a (0x0ff77713) x14 0x0000000000000000
core   0: 0x000000008000ff8e (0x00e78023) sb      a4, 0(a5)
core   0: 3 0x000000008000ff8e (0x00e78023) mem 0x00000000800120bd 0x00
core   0: 0x000000008000ff92 (0xfc843703) ld      a4, -56(s0)
core   0: 3 0x000000008000ff92 (0xfc843703) x14 0x0000000080012040 mem 0x0000000080031f38
core   0: 0x000000008000ff96 (0xfb843783) ld      a5, -72(s0)
core   0: 3 0x000000008000ff96 (0xfb843783) x15 0x000000000000009c mem 0x0000000080031f28
core   0: 0x000000008000ff9a (0x000097ba) c.add   a5, a4
core   0: 3 0x000000008000ff9a (0x97ba) x15 0x00000000800120dc
core   0: 0x000000008000ff9c (0xfe043703) ld      a4, -32(s0)
core   0: 3 0x000000008000ff9c (0xfe043703) x14 0x00000000800120be mem 0x0000000080031f50
core   0: 0x000000008000ffa0 (0xfcf76de3) bltu    a4, a5, pc - 38
core   0: 3 0x000000008000ffa0 (0xfcf76de3)
core   0: 0x000000008000ff7a (0xfe043783) ld      a5, -32(s0)
core   0: 3 0x000000008000ff7a (0xfe043783) x15 0x00000000800120be mem 0x0000000080031f50
core   0: 0x000000008000ff7e (0x00178713) addi    a4, a5, 1
core   0: 3 0x000000008000ff7e (0x00178713) x14 0x00000000800120bf
core   0: 0x000000008000ff82 (0xfee43023) sd      a4, -32(s0)
core   0: 3 0x000000008000ff82 (0xfee43023) mem 0x0000000080031f50 0x00000000800120bf
core   0: 0x000000008000ff86 (0xfc442703) lw      a4, -60(s0)
core   0: 3 0x000000008000ff86 (0xfc442703) x14 0x0000000000000000 mem 0x0000000080031f34
core   0: 0x000000008000ff8a (0x0ff77713) andi    a4, a4, 255
core   0: 3 0x000000008000ff8a (0x0ff77713) x14 0x0000000000000000
core   0: 0x000000008000ff8e (0x00e78023) sb      a4, 0(a5)
core   0: 3 0x000000008000ff8e (0x00e78023) mem 0x00000000800120be 0x00
core   0: 0x000000008000ff92 (0xfc843703) ld      a4, -56(s0)
core   0: 3 0x000000008000ff92 (0xfc843703) x14 0x0000000080012040 mem 0x0000000080031f38
core   0: 0x000000008000ff96 (0xfb843783) ld      a5, -72(s0)
core   0: 3 0x000000008000ff96 (0xfb843783) x15 0x000000000000009c mem 0x0000000080031f28
core   0: 0x000000008000ff9a (0x000097ba) c.add   a5, a4
core   0: 3 0x000000008000ff9a (0x97ba) x15 0x00000000800120dc
core   0: 0x000000008000ff9c (0xfe043703) ld      a4, -32(s0)
core   0: 3 0x000000008000ff9c (0xfe043703) x14 0x00000000800120bf mem 0x0000000080031f50
core   0: 0x000000008000ffa0 (0xfcf76de3) bltu    a4, a5, pc - 38
core   0: 3 0x000000008000ffa0 (0xfcf76de3)
core   0: 0x000000008000ff7a (0xfe043783) ld      a5, -32(s0)
core   0: 3 0x000000008000ff7a (0xfe043783) x15 0x00000000800120bf mem 0x0000000080031f50
core   0: 0x000000008000ff7e (0x00178713) addi    a4, a5, 1
core   0: 3 0x000000008000ff7e (0x00178713) x14 0x00000000800120c0
core   0: 0x000000008000ff82 (0xfee43023) sd      a4, -32(s0)
core   0: 3 0x000000008000ff82 (0xfee43023) mem 0x0000000080031f50 0x00000000800120c0
core   0: 0x000000008000ff86 (0xfc442703) lw      a4, -60(s0)
core   0: 3 0x000000008000ff86 (0xfc442703) x14 0x0000000000000000 mem 0x0000000080031f34
core   0: 0x000000008000ff8a (0x0ff77713) andi    a4, a4, 255
core   0: 3 0x000000008000ff8a (0x0ff77713) x14 0x0000000000000000
core   0: 0x000000008000ff8e (0x00e78023) sb      a4, 0(a5)
core   0: 3 0x000000008000ff8e (0x00e78023) mem 0x00000000800120bf 0x00
core   0: 0x000000008000ff92 (0xfc843703) ld      a4, -56(s0)
core   0: 3 0x000000008000ff92 (0xfc843703) x14 0x0000000080012040 mem 0x0000000080031f38
core   0: 0x000000008000ff96 (0xfb843783) ld      a5, -72(s0)
core   0: 3 0x000000008000ff96 (0xfb843783) x15 0x000000000000009c mem 0x0000000080031f28
core   0: 0x000000008000ff9a (0x000097ba) c.add   a5, a4
core   0: 3 0x000000008000ff9a (0x97ba) x15 0x00000000800120dc
core   0: 0x000000008000ff9c (0xfe043703) ld      a4, -32(s0)
core   0: 3 0x000000008000ff9c (0xfe043703) x14 0x00000000800120c0 mem 0x0000000080031f50
core   0: 0x000000008000ffa0 (0xfcf76de3) bltu    a4, a5, pc - 38
core   0: 3 0x000000008000ffa0 (0xfcf76de3)
core   0: 0x000000008000ff7a (0xfe043783) ld      a5, -32(s0)
core   0: 3 0x000000008000ff7a (0xfe043783) x15 0x00000000800120c0 mem 0x0000000080031f50
core   0: 0x000000008000ff7e (0x00178713) addi    a4, a5, 1
core   0: 3 0x000000008000ff7e (0x00178713) x14 0x00000000800120c1
core   0: 0x000000008000ff82 (0xfee43023) sd      a4, -32(s0)
core   0: 3 0x000000008000ff82 (0xfee43023) mem 0x0000000080031f50 0x00000000800120c1
core   0: 0x000000008000ff86 (0xfc442703) lw      a4, -60(s0)
core   0: 3 0x000000008000ff86 (0xfc442703) x14 0x0000000000000000 mem 0x0000000080031f34
core   0: 0x000000008000ff8a (0x0ff77713) andi    a4, a4, 255
core   0: 3 0x000000008000ff8a (0x0ff77713) x14 0x0000000000000000
core   0: 0x000000008000ff8e (0x00e78023) sb      a4, 0(a5)
core   0: 3 0x000000008000ff8e (0x00e78023) mem 0x00000000800120c0 0x00
core   0: 0x000000008000ff92 (0xfc843703) ld      a4, -56(s0)
core   0: 3 0x000000008000ff92 (0xfc843703) x14 0x0000000080012040 mem 0x0000000080031f38
core   0: 0x000000008000ff96 (0xfb843783) ld      a5, -72(s0)
core   0: 3 0x000000008000ff96 (0xfb843783) x15 0x000000000000009c mem 0x0000000080031f28
core   0: 0x000000008000ff9a (0x000097ba) c.add   a5, a4
core   0: 3 0x000000008000ff9a (0x97ba) x15 0x00000000800120dc
core   0: 0x000000008000ff9c (0xfe043703) ld      a4, -32(s0)
core   0: 3 0x000000008000ff9c (0xfe043703) x14 0x00000000800120c1 mem 0x0000000080031f50
core   0: 0x000000008000ffa0 (0xfcf76de3) bltu    a4, a5, pc - 38
core   0: 3 0x000000008000ffa0 (0xfcf76de3)
core   0: 0x000000008000ff7a (0xfe043783) ld      a5, -32(s0)
core   0: 3 0x000000008000ff7a (0xfe043783) x15 0x00000000800120c1 mem 0x0000000080031f50
core   0: 0x000000008000ff7e (0x00178713) addi    a4, a5, 1
core   0: 3 0x000000008000ff7e (0x00178713) x14 0x00000000800120c2
core   0: 0x000000008000ff82 (0xfee43023) sd      a4, -32(s0)
core   0: 3 0x000000008000ff82 (0xfee43023) mem 0x0000000080031f50 0x00000000800120c2
core   0: 0x000000008000ff86 (0xfc442703) lw      a4, -60(s0)
core   0: 3 0x000000008000ff86 (0xfc442703) x14 0x0000000000000000 mem 0x0000000080031f34
core   0: 0x000000008000ff8a (0x0ff77713) andi    a4, a4, 255
core   0: 3 0x000000008000ff8a (0x0ff77713) x14 0x0000000000000000
core   0: 0x000000008000ff8e (0x00e78023) sb      a4, 0(a5)
core   0: 3 0x000000008000ff8e (0x00e78023) mem 0x00000000800120c1 0x00
core   0: 0x000000008000ff92 (0xfc843703) ld      a4, -56(s0)
core   0: 3 0x000000008000ff92 (0xfc843703) x14 0x0000000080012040 mem 0x0000000080031f38
core   0: 0x000000008000ff96 (0xfb843783) ld      a5, -72(s0)
core   0: 3 0x000000008000ff96 (0xfb843783) x15 0x000000000000009c mem 0x0000000080031f28
core   0: 0x000000008000ff9a (0x000097ba) c.add   a5, a4
core   0: 3 0x000000008000ff9a (0x97ba) x15 0x00000000800120dc
core   0: 0x000000008000ff9c (0xfe043703) ld      a4, -32(s0)
core   0: 3 0x000000008000ff9c (0xfe043703) x14 0x00000000800120c2 mem 0x0000000080031f50
core   0: 0x000000008000ffa0 (0xfcf76de3) bltu    a4, a5, pc - 38
core   0: 3 0x000000008000ffa0 (0xfcf76de3)
core   0: 0x000000008000ff7a (0xfe043783) ld      a5, -32(s0)
core   0: 3 0x000000008000ff7a (0xfe043783) x15 0x00000000800120c2 mem 0x0000000080031f50
core   0: 0x000000008000ff7e (0x00178713) addi    a4, a5, 1
core   0: 3 0x000000008000ff7e (0x00178713) x14 0x00000000800120c3
core   0: 0x000000008000ff82 (0xfee43023) sd      a4, -32(s0)
core   0: 3 0x000000008000ff82 (0xfee43023) mem 0x0000000080031f50 0x00000000800120c3
core   0: 0x000000008000ff86 (0xfc442703) lw      a4, -60(s0)
core   0: 3 0x000000008000ff86 (0xfc442703) x14 0x0000000000000000 mem 0x0000000080031f34
core   0: 0x000000008000ff8a (0x0ff77713) andi    a4, a4, 255
core   0: 3 0x000000008000ff8a (0x0ff77713) x14 0x0000000000000000
core   0: 0x000000008000ff8e (0x00e78023) sb      a4, 0(a5)
core   0: 3 0x000000008000ff8e (0x00e78023) mem 0x00000000800120c2 0x00
core   0: 0x000000008000ff92 (0xfc843703) ld      a4, -56(s0)
core   0: 3 0x000000008000ff92 (0xfc843703) x14 0x0000000080012040 mem 0x0000000080031f38
core   0: 0x000000008000ff96 (0xfb843783) ld      a5, -72(s0)
core   0: 3 0x000000008000ff96 (0xfb843783) x15 0x000000000000009c mem 0x0000000080031f28
core   0: 0x000000008000ff9a (0x000097ba) c.add   a5, a4
core   0: 3 0x000000008000ff9a (0x97ba) x15 0x00000000800120dc
core   0: 0x000000008000ff9c (0xfe043703) ld      a4, -32(s0)
core   0: 3 0x000000008000ff9c (0xfe043703) x14 0x00000000800120c3 mem 0x0000000080031f50
core   0: 0x000000008000ffa0 (0xfcf76de3) bltu    a4, a5, pc - 38
core   0: 3 0x000000008000ffa0 (0xfcf76de3)
core   0: 0x000000008000ff7a (0xfe043783) ld      a5, -32(s0)
core   0: 3 0x000000008000ff7a (0xfe043783) x15 0x00000000800120c3 mem 0x0000000080031f50
core   0: 0x000000008000ff7e (0x00178713) addi    a4, a5, 1
core   0: 3 0x000000008000ff7e (0x00178713) x14 0x00000000800120c4
core   0: 0x000000008000ff82 (0xfee43023) sd      a4, -32(s0)
core   0: 3 0x000000008000ff82 (0xfee43023) mem 0x0000000080031f50 0x00000000800120c4
core   0: 0x000000008000ff86 (0xfc442703) lw      a4, -60(s0)
core   0: 3 0x000000008000ff86 (0xfc442703) x14 0x0000000000000000 mem 0x0000000080031f34
core   0: 0x000000008000ff8a (0x0ff77713) andi    a4, a4, 255
core   0: 3 0x000000008000ff8a (0x0ff77713) x14 0x0000000000000000
core   0: 0x000000008000ff8e (0x00e78023) sb      a4, 0(a5)
core   0: 3 0x000000008000ff8e (0x00e78023) mem 0x00000000800120c3 0x00
core   0: 0x000000008000ff92 (0xfc843703) ld      a4, -56(s0)
core   0: 3 0x000000008000ff92 (0xfc843703) x14 0x0000000080012040 mem 0x0000000080031f38
core   0: 0x000000008000ff96 (0xfb843783) ld      a5, -72(s0)
core   0: 3 0x000000008000ff96 (0xfb843783) x15 0x000000000000009c mem 0x0000000080031f28
core   0: 0x000000008000ff9a (0x000097ba) c.add   a5, a4
core   0: 3 0x000000008000ff9a (0x97ba) x15 0x00000000800120dc
core   0: 0x000000008000ff9c (0xfe043703) ld      a4, -32(s0)
core   0: 3 0x000000008000ff9c (0xfe043703) x14 0x00000000800120c4 mem 0x0000000080031f50
core   0: 0x000000008000ffa0 (0xfcf76de3) bltu    a4, a5, pc - 38
core   0: 3 0x000000008000ffa0 (0xfcf76de3)
core   0: 0x000000008000ff7a (0xfe043783) ld      a5, -32(s0)
core   0: 3 0x000000008000ff7a (0xfe043783) x15 0x00000000800120c4 mem 0x0000000080031f50
core   0: 0x000000008000ff7e (0x00178713) addi    a4, a5, 1
core   0: 3 0x000000008000ff7e (0x00178713) x14 0x00000000800120c5
core   0: 0x000000008000ff82 (0xfee43023) sd      a4, -32(s0)
core   0: 3 0x000000008000ff82 (0xfee43023) mem 0x0000000080031f50 0x00000000800120c5
core   0: 0x000000008000ff86 (0xfc442703) lw      a4, -60(s0)
core   0: 3 0x000000008000ff86 (0xfc442703) x14 0x0000000000000000 mem 0x0000000080031f34
core   0: 0x000000008000ff8a (0x0ff77713) andi    a4, a4, 255
core   0: 3 0x000000008000ff8a (0x0ff77713) x14 0x0000000000000000
core   0: 0x000000008000ff8e (0x00e78023) sb      a4, 0(a5)
core   0: 3 0x000000008000ff8e (0x00e78023) mem 0x00000000800120c4 0x00
core   0: 0x000000008000ff92 (0xfc843703) ld      a4, -56(s0)
core   0: 3 0x000000008000ff92 (0xfc843703) x14 0x0000000080012040 mem 0x0000000080031f38
core   0: 0x000000008000ff96 (0xfb843783) ld      a5, -72(s0)
core   0: 3 0x000000008000ff96 (0xfb843783) x15 0x000000000000009c mem 0x0000000080031f28
core   0: 0x000000008000ff9a (0x000097ba) c.add   a5, a4
core   0: 3 0x000000008000ff9a (0x97ba) x15 0x00000000800120dc
core   0: 0x000000008000ff9c (0xfe043703) ld      a4, -32(s0)
core   0: 3 0x000000008000ff9c (0xfe043703) x14 0x00000000800120c5 mem 0x0000000080031f50
core   0: 0x000000008000ffa0 (0xfcf76de3) bltu    a4, a5, pc - 38
core   0: 3 0x000000008000ffa0 (0xfcf76de3)
core   0: 0x000000008000ff7a (0xfe043783) ld      a5, -32(s0)
core   0: 3 0x000000008000ff7a (0xfe043783) x15 0x00000000800120c5 mem 0x0000000080031f50
core   0: 0x000000008000ff7e (0x00178713) addi    a4, a5, 1
core   0: 3 0x000000008000ff7e (0x00178713) x14 0x00000000800120c6
core   0: 0x000000008000ff82 (0xfee43023) sd      a4, -32(s0)
core   0: 3 0x000000008000ff82 (0xfee43023) mem 0x0000000080031f50 0x00000000800120c6
core   0: 0x000000008000ff86 (0xfc442703) lw      a4, -60(s0)
core   0: 3 0x000000008000ff86 (0xfc442703) x14 0x0000000000000000 mem 0x0000000080031f34
core   0: 0x000000008000ff8a (0x0ff77713) andi    a4, a4, 255
core   0: 3 0x000000008000ff8a (0x0ff77713) x14 0x0000000000000000
core   0: 0x000000008000ff8e (0x00e78023) sb      a4, 0(a5)
core   0: 3 0x000000008000ff8e (0x00e78023) mem 0x00000000800120c5 0x00
core   0: 0x000000008000ff92 (0xfc843703) ld      a4, -56(s0)
core   0: 3 0x000000008000ff92 (0xfc843703) x14 0x0000000080012040 mem 0x0000000080031f38
core   0: 0x000000008000ff96 (0xfb843783) ld      a5, -72(s0)
core   0: 3 0x000000008000ff96 (0xfb843783) x15 0x000000000000009c mem 0x0000000080031f28
core   0: 0x000000008000ff9a (0x000097ba) c.add   a5, a4
core   0: 3 0x000000008000ff9a (0x97ba) x15 0x00000000800120dc
core   0: 0x000000008000ff9c (0xfe043703) ld      a4, -32(s0)
core   0: 3 0x000000008000ff9c (0xfe043703) x14 0x00000000800120c6 mem 0x0000000080031f50
core   0: 0x000000008000ffa0 (0xfcf76de3) bltu    a4, a5, pc - 38
core   0: 3 0x000000008000ffa0 (0xfcf76de3)
core   0: 0x000000008000ff7a (0xfe043783) ld      a5, -32(s0)
core   0: 3 0x000000008000ff7a (0xfe043783) x15 0x00000000800120c6 mem 0x0000000080031f50
core   0: 0x000000008000ff7e (0x00178713) addi    a4, a5, 1
core   0: 3 0x000000008000ff7e (0x00178713) x14 0x00000000800120c7
core   0: 0x000000008000ff82 (0xfee43023) sd      a4, -32(s0)
core   0: 3 0x000000008000ff82 (0xfee43023) mem 0x0000000080031f50 0x00000000800120c7
core   0: 0x000000008000ff86 (0xfc442703) lw      a4, -60(s0)
core   0: 3 0x000000008000ff86 (0xfc442703) x14 0x0000000000000000 mem 0x0000000080031f34
core   0: 0x000000008000ff8a (0x0ff77713) andi    a4, a4, 255
core   0: 3 0x000000008000ff8a (0x0ff77713) x14 0x0000000000000000
core   0: 0x000000008000ff8e (0x00e78023) sb      a4, 0(a5)
core   0: 3 0x000000008000ff8e (0x00e78023) mem 0x00000000800120c6 0x00
core   0: 0x000000008000ff92 (0xfc843703) ld      a4, -56(s0)
core   0: 3 0x000000008000ff92 (0xfc843703) x14 0x0000000080012040 mem 0x0000000080031f38
core   0: 0x000000008000ff96 (0xfb843783) ld      a5, -72(s0)
core   0: 3 0x000000008000ff96 (0xfb843783) x15 0x000000000000009c mem 0x0000000080031f28
core   0: 0x000000008000ff9a (0x000097ba) c.add   a5, a4
core   0: 3 0x000000008000ff9a (0x97ba) x15 0x00000000800120dc
core   0: 0x000000008000ff9c (0xfe043703) ld      a4, -32(s0)
core   0: 3 0x000000008000ff9c (0xfe043703) x14 0x00000000800120c7 mem 0x0000000080031f50
core   0: 0x000000008000ffa0 (0xfcf76de3) bltu    a4, a5, pc - 38
core   0: 3 0x000000008000ffa0 (0xfcf76de3)
core   0: 0x000000008000ff7a (0xfe043783) ld      a5, -32(s0)
core   0: 3 0x000000008000ff7a (0xfe043783) x15 0x00000000800120c7 mem 0x0000000080031f50
core   0: 0x000000008000ff7e (0x00178713) addi    a4, a5, 1
core   0: 3 0x000000008000ff7e (0x00178713) x14 0x00000000800120c8
core   0: 0x000000008000ff82 (0xfee43023) sd      a4, -32(s0)
core   0: 3 0x000000008000ff82 (0xfee43023) mem 0x0000000080031f50 0x00000000800120c8
core   0: 0x000000008000ff86 (0xfc442703) lw      a4, -60(s0)
core   0: 3 0x000000008000ff86 (0xfc442703) x14 0x0000000000000000 mem 0x0000000080031f34
core   0: 0x000000008000ff8a (0x0ff77713) andi    a4, a4, 255
core   0: 3 0x000000008000ff8a (0x0ff77713) x14 0x0000000000000000
core   0: 0x000000008000ff8e (0x00e78023) sb      a4, 0(a5)
core   0: 3 0x000000008000ff8e (0x00e78023) mem 0x00000000800120c7 0x00
core   0: 0x000000008000ff92 (0xfc843703) ld      a4, -56(s0)
core   0: 3 0x000000008000ff92 (0xfc843703) x14 0x0000000080012040 mem 0x0000000080031f38
core   0: 0x000000008000ff96 (0xfb843783) ld      a5, -72(s0)
core   0: 3 0x000000008000ff96 (0xfb843783) x15 0x000000000000009c mem 0x0000000080031f28
core   0: 0x000000008000ff9a (0x000097ba) c.add   a5, a4
core   0: 3 0x000000008000ff9a (0x97ba) x15 0x00000000800120dc
core   0: 0x000000008000ff9c (0xfe043703) ld      a4, -32(s0)
core   0: 3 0x000000008000ff9c (0xfe043703) x14 0x00000000800120c8 mem 0x0000000080031f50
core   0: 0x000000008000ffa0 (0xfcf76de3) bltu    a4, a5, pc - 38
core   0: 3 0x000000008000ffa0 (0xfcf76de3)
core   0: 0x000000008000ff7a (0xfe043783) ld      a5, -32(s0)
core   0: 3 0x000000008000ff7a (0xfe043783) x15 0x00000000800120c8 mem 0x0000000080031f50
core   0: 0x000000008000ff7e (0x00178713) addi    a4, a5, 1
core   0: 3 0x000000008000ff7e (0x00178713) x14 0x00000000800120c9
core   0: 0x000000008000ff82 (0xfee43023) sd      a4, -32(s0)
core   0: 3 0x000000008000ff82 (0xfee43023) mem 0x0000000080031f50 0x00000000800120c9
core   0: 0x000000008000ff86 (0xfc442703) lw      a4, -60(s0)
core   0: 3 0x000000008000ff86 (0xfc442703) x14 0x0000000000000000 mem 0x0000000080031f34
core   0: 0x000000008000ff8a (0x0ff77713) andi    a4, a4, 255
core   0: 3 0x000000008000ff8a (0x0ff77713) x14 0x0000000000000000
core   0: 0x000000008000ff8e (0x00e78023) sb      a4, 0(a5)
core   0: 3 0x000000008000ff8e (0x00e78023) mem 0x00000000800120c8 0x00
core   0: 0x000000008000ff92 (0xfc843703) ld      a4, -56(s0)
core   0: 3 0x000000008000ff92 (0xfc843703) x14 0x0000000080012040 mem 0x0000000080031f38
core   0: 0x000000008000ff96 (0xfb843783) ld      a5, -72(s0)
core   0: 3 0x000000008000ff96 (0xfb843783) x15 0x000000000000009c mem 0x0000000080031f28
core   0: 0x000000008000ff9a (0x000097ba) c.add   a5, a4
core   0: 3 0x000000008000ff9a (0x97ba) x15 0x00000000800120dc
core   0: 0x000000008000ff9c (0xfe043703) ld      a4, -32(s0)
core   0: 3 0x000000008000ff9c (0xfe043703) x14 0x00000000800120c9 mem 0x0000000080031f50
core   0: 0x000000008000ffa0 (0xfcf76de3) bltu    a4, a5, pc - 38
core   0: 3 0x000000008000ffa0 (0xfcf76de3)
core   0: 0x000000008000ff7a (0xfe043783) ld      a5, -32(s0)
core   0: 3 0x000000008000ff7a (0xfe043783) x15 0x00000000800120c9 mem 0x0000000080031f50
core   0: 0x000000008000ff7e (0x00178713) addi    a4, a5, 1
core   0: 3 0x000000008000ff7e (0x00178713) x14 0x00000000800120ca
core   0: 0x000000008000ff82 (0xfee43023) sd      a4, -32(s0)
core   0: 3 0x000000008000ff82 (0xfee43023) mem 0x0000000080031f50 0x00000000800120ca
core   0: 0x000000008000ff86 (0xfc442703) lw      a4, -60(s0)
core   0: 3 0x000000008000ff86 (0xfc442703) x14 0x0000000000000000 mem 0x0000000080031f34
core   0: 0x000000008000ff8a (0x0ff77713) andi    a4, a4, 255
core   0: 3 0x000000008000ff8a (0x0ff77713) x14 0x0000000000000000
core   0: 0x000000008000ff8e (0x00e78023) sb      a4, 0(a5)
core   0: 3 0x000000008000ff8e (0x00e78023) mem 0x00000000800120c9 0x00
core   0: 0x000000008000ff92 (0xfc843703) ld      a4, -56(s0)
core   0: 3 0x000000008000ff92 (0xfc843703) x14 0x0000000080012040 mem 0x0000000080031f38
core   0: 0x000000008000ff96 (0xfb843783) ld      a5, -72(s0)
core   0: 3 0x000000008000ff96 (0xfb843783) x15 0x000000000000009c mem 0x0000000080031f28
core   0: 0x000000008000ff9a (0x000097ba) c.add   a5, a4
core   0: 3 0x000000008000ff9a (0x97ba) x15 0x00000000800120dc
core   0: 0x000000008000ff9c (0xfe043703) ld      a4, -32(s0)
core   0: 3 0x000000008000ff9c (0xfe043703) x14 0x00000000800120ca mem 0x0000000080031f50
core   0: 0x000000008000ffa0 (0xfcf76de3) bltu    a4, a5, pc - 38
core   0: 3 0x000000008000ffa0 (0xfcf76de3)
core   0: 0x000000008000ff7a (0xfe043783) ld      a5, -32(s0)
core   0: 3 0x000000008000ff7a (0xfe043783) x15 0x00000000800120ca mem 0x0000000080031f50
core   0: 0x000000008000ff7e (0x00178713) addi    a4, a5, 1
core   0: 3 0x000000008000ff7e (0x00178713) x14 0x00000000800120cb
core   0: 0x000000008000ff82 (0xfee43023) sd      a4, -32(s0)
core   0: 3 0x000000008000ff82 (0xfee43023) mem 0x0000000080031f50 0x00000000800120cb
core   0: 0x000000008000ff86 (0xfc442703) lw      a4, -60(s0)
core   0: 3 0x000000008000ff86 (0xfc442703) x14 0x0000000000000000 mem 0x0000000080031f34
core   0: 0x000000008000ff8a (0x0ff77713) andi    a4, a4, 255
core   0: 3 0x000000008000ff8a (0x0ff77713) x14 0x0000000000000000
core   0: 0x000000008000ff8e (0x00e78023) sb      a4, 0(a5)
core   0: 3 0x000000008000ff8e (0x00e78023) mem 0x00000000800120ca 0x00
core   0: 0x000000008000ff92 (0xfc843703) ld      a4, -56(s0)
core   0: 3 0x000000008000ff92 (0xfc843703) x14 0x0000000080012040 mem 0x0000000080031f38
core   0: 0x000000008000ff96 (0xfb843783) ld      a5, -72(s0)
core   0: 3 0x000000008000ff96 (0xfb843783) x15 0x000000000000009c mem 0x0000000080031f28
core   0: 0x000000008000ff9a (0x000097ba) c.add   a5, a4
core   0: 3 0x000000008000ff9a (0x97ba) x15 0x00000000800120dc
core   0: 0x000000008000ff9c (0xfe043703) ld      a4, -32(s0)
core   0: 3 0x000000008000ff9c (0xfe043703) x14 0x00000000800120cb mem 0x0000000080031f50
core   0: 0x000000008000ffa0 (0xfcf76de3) bltu    a4, a5, pc - 38
core   0: 3 0x000000008000ffa0 (0xfcf76de3)
core   0: 0x000000008000ff7a (0xfe043783) ld      a5, -32(s0)
core   0: 3 0x000000008000ff7a (0xfe043783) x15 0x00000000800120cb mem 0x0000000080031f50
core   0: 0x000000008000ff7e (0x00178713) addi    a4, a5, 1
core   0: 3 0x000000008000ff7e (0x00178713) x14 0x00000000800120cc
core   0: 0x000000008000ff82 (0xfee43023) sd      a4, -32(s0)
core   0: 3 0x000000008000ff82 (0xfee43023) mem 0x0000000080031f50 0x00000000800120cc
core   0: 0x000000008000ff86 (0xfc442703) lw      a4, -60(s0)
core   0: 3 0x000000008000ff86 (0xfc442703) x14 0x0000000000000000 mem 0x0000000080031f34
core   0: 0x000000008000ff8a (0x0ff77713) andi    a4, a4, 255
core   0: 3 0x000000008000ff8a (0x0ff77713) x14 0x0000000000000000
core   0: 0x000000008000ff8e (0x00e78023) sb      a4, 0(a5)
core   0: 3 0x000000008000ff8e (0x00e78023) mem 0x00000000800120cb 0x00
core   0: 0x000000008000ff92 (0xfc843703) ld      a4, -56(s0)
core   0: 3 0x000000008000ff92 (0xfc843703) x14 0x0000000080012040 mem 0x0000000080031f38
core   0: 0x000000008000ff96 (0xfb843783) ld      a5, -72(s0)
core   0: 3 0x000000008000ff96 (0xfb843783) x15 0x000000000000009c mem 0x0000000080031f28
core   0: 0x000000008000ff9a (0x000097ba) c.add   a5, a4
core   0: 3 0x000000008000ff9a (0x97ba) x15 0x00000000800120dc
core   0: 0x000000008000ff9c (0xfe043703) ld      a4, -32(s0)
core   0: 3 0x000000008000ff9c (0xfe043703) x14 0x00000000800120cc mem 0x0000000080031f50
core   0: 0x000000008000ffa0 (0xfcf76de3) bltu    a4, a5, pc - 38
core   0: 3 0x000000008000ffa0 (0xfcf76de3)
core   0: 0x000000008000ff7a (0xfe043783) ld      a5, -32(s0)
core   0: 3 0x000000008000ff7a (0xfe043783) x15 0x00000000800120cc mem 0x0000000080031f50
core   0: 0x000000008000ff7e (0x00178713) addi    a4, a5, 1
core   0: 3 0x000000008000ff7e (0x00178713) x14 0x00000000800120cd
core   0: 0x000000008000ff82 (0xfee43023) sd      a4, -32(s0)
core   0: 3 0x000000008000ff82 (0xfee43023) mem 0x0000000080031f50 0x00000000800120cd
core   0: 0x000000008000ff86 (0xfc442703) lw      a4, -60(s0)
core   0: 3 0x000000008000ff86 (0xfc442703) x14 0x0000000000000000 mem 0x0000000080031f34
core   0: 0x000000008000ff8a (0x0ff77713) andi    a4, a4, 255
core   0: 3 0x000000008000ff8a (0x0ff77713) x14 0x0000000000000000
core   0: 0x000000008000ff8e (0x00e78023) sb      a4, 0(a5)
core   0: 3 0x000000008000ff8e (0x00e78023) mem 0x00000000800120cc 0x00
core   0: 0x000000008000ff92 (0xfc843703) ld      a4, -56(s0)
core   0: 3 0x000000008000ff92 (0xfc843703) x14 0x0000000080012040 mem 0x0000000080031f38
core   0: 0x000000008000ff96 (0xfb843783) ld      a5, -72(s0)
core   0: 3 0x000000008000ff96 (0xfb843783) x15 0x000000000000009c mem 0x0000000080031f28
core   0: 0x000000008000ff9a (0x000097ba) c.add   a5, a4
core   0: 3 0x000000008000ff9a (0x97ba) x15 0x00000000800120dc
core   0: 0x000000008000ff9c (0xfe043703) ld      a4, -32(s0)
core   0: 3 0x000000008000ff9c (0xfe043703) x14 0x00000000800120cd mem 0x0000000080031f50
core   0: 0x000000008000ffa0 (0xfcf76de3) bltu    a4, a5, pc - 38
core   0: 3 0x000000008000ffa0 (0xfcf76de3)
core   0: 0x000000008000ff7a (0xfe043783) ld      a5, -32(s0)
core   0: 3 0x000000008000ff7a (0xfe043783) x15 0x00000000800120cd mem 0x0000000080031f50
core   0: 0x000000008000ff7e (0x00178713) addi    a4, a5, 1
core   0: 3 0x000000008000ff7e (0x00178713) x14 0x00000000800120ce
core   0: 0x000000008000ff82 (0xfee43023) sd      a4, -32(s0)
core   0: 3 0x000000008000ff82 (0xfee43023) mem 0x0000000080031f50 0x00000000800120ce
core   0: 0x000000008000ff86 (0xfc442703) lw      a4, -60(s0)
core   0: 3 0x000000008000ff86 (0xfc442703) x14 0x0000000000000000 mem 0x0000000080031f34
core   0: 0x000000008000ff8a (0x0ff77713) andi    a4, a4, 255
core   0: 3 0x000000008000ff8a (0x0ff77713) x14 0x0000000000000000
core   0: 0x000000008000ff8e (0x00e78023) sb      a4, 0(a5)
core   0: 3 0x000000008000ff8e (0x00e78023) mem 0x00000000800120cd 0x00
core   0: 0x000000008000ff92 (0xfc843703) ld      a4, -56(s0)
core   0: 3 0x000000008000ff92 (0xfc843703) x14 0x0000000080012040 mem 0x0000000080031f38
core   0: 0x000000008000ff96 (0xfb843783) ld      a5, -72(s0)
core   0: 3 0x000000008000ff96 (0xfb843783) x15 0x000000000000009c mem 0x0000000080031f28
core   0: 0x000000008000ff9a (0x000097ba) c.add   a5, a4
core   0: 3 0x000000008000ff9a (0x97ba) x15 0x00000000800120dc
core   0: 0x000000008000ff9c (0xfe043703) ld      a4, -32(s0)
core   0: 3 0x000000008000ff9c (0xfe043703) x14 0x00000000800120ce mem 0x0000000080031f50
core   0: 0x000000008000ffa0 (0xfcf76de3) bltu    a4, a5, pc - 38
core   0: 3 0x000000008000ffa0 (0xfcf76de3)
core   0: 0x000000008000ff7a (0xfe043783) ld      a5, -32(s0)
core   0: 3 0x000000008000ff7a (0xfe043783) x15 0x00000000800120ce mem 0x0000000080031f50
core   0: 0x000000008000ff7e (0x00178713) addi    a4, a5, 1
core   0: 3 0x000000008000ff7e (0x00178713) x14 0x00000000800120cf
core   0: 0x000000008000ff82 (0xfee43023) sd      a4, -32(s0)
core   0: 3 0x000000008000ff82 (0xfee43023) mem 0x0000000080031f50 0x00000000800120cf
core   0: 0x000000008000ff86 (0xfc442703) lw      a4, -60(s0)
core   0: 3 0x000000008000ff86 (0xfc442703) x14 0x0000000000000000 mem 0x0000000080031f34
core   0: 0x000000008000ff8a (0x0ff77713) andi    a4, a4, 255
core   0: 3 0x000000008000ff8a (0x0ff77713) x14 0x0000000000000000
core   0: 0x000000008000ff8e (0x00e78023) sb      a4, 0(a5)
core   0: 3 0x000000008000ff8e (0x00e78023) mem 0x00000000800120ce 0x00
core   0: 0x000000008000ff92 (0xfc843703) ld      a4, -56(s0)
core   0: 3 0x000000008000ff92 (0xfc843703) x14 0x0000000080012040 mem 0x0000000080031f38
core   0: 0x000000008000ff96 (0xfb843783) ld      a5, -72(s0)
core   0: 3 0x000000008000ff96 (0xfb843783) x15 0x000000000000009c mem 0x0000000080031f28
core   0: 0x000000008000ff9a (0x000097ba) c.add   a5, a4
core   0: 3 0x000000008000ff9a (0x97ba) x15 0x00000000800120dc
core   0: 0x000000008000ff9c (0xfe043703) ld      a4, -32(s0)
core   0: 3 0x000000008000ff9c (0xfe043703) x14 0x00000000800120cf mem 0x0000000080031f50
core   0: 0x000000008000ffa0 (0xfcf76de3) bltu    a4, a5, pc - 38
core   0: 3 0x000000008000ffa0 (0xfcf76de3)
core   0: 0x000000008000ff7a (0xfe043783) ld      a5, -32(s0)
core   0: 3 0x000000008000ff7a (0xfe043783) x15 0x00000000800120cf mem 0x0000000080031f50
core   0: 0x000000008000ff7e (0x00178713) addi    a4, a5, 1
core   0: 3 0x000000008000ff7e (0x00178713) x14 0x00000000800120d0
core   0: 0x000000008000ff82 (0xfee43023) sd      a4, -32(s0)
core   0: 3 0x000000008000ff82 (0xfee43023) mem 0x0000000080031f50 0x00000000800120d0
core   0: 0x000000008000ff86 (0xfc442703) lw      a4, -60(s0)
core   0: 3 0x000000008000ff86 (0xfc442703) x14 0x0000000000000000 mem 0x0000000080031f34
core   0: 0x000000008000ff8a (0x0ff77713) andi    a4, a4, 255
core   0: 3 0x000000008000ff8a (0x0ff77713) x14 0x0000000000000000
core   0: 0x000000008000ff8e (0x00e78023) sb      a4, 0(a5)
core   0: 3 0x000000008000ff8e (0x00e78023) mem 0x00000000800120cf 0x00
core   0: 0x000000008000ff92 (0xfc843703) ld      a4, -56(s0)
core   0: 3 0x000000008000ff92 (0xfc843703) x14 0x0000000080012040 mem 0x0000000080031f38
core   0: 0x000000008000ff96 (0xfb843783) ld      a5, -72(s0)
core   0: 3 0x000000008000ff96 (0xfb843783) x15 0x000000000000009c mem 0x0000000080031f28
core   0: 0x000000008000ff9a (0x000097ba) c.add   a5, a4
core   0: 3 0x000000008000ff9a (0x97ba) x15 0x00000000800120dc
core   0: 0x000000008000ff9c (0xfe043703) ld      a4, -32(s0)
core   0: 3 0x000000008000ff9c (0xfe043703) x14 0x00000000800120d0 mem 0x0000000080031f50
core   0: 0x000000008000ffa0 (0xfcf76de3) bltu    a4, a5, pc - 38
core   0: 3 0x000000008000ffa0 (0xfcf76de3)
core   0: 0x000000008000ff7a (0xfe043783) ld      a5, -32(s0)
core   0: 3 0x000000008000ff7a (0xfe043783) x15 0x00000000800120d0 mem 0x0000000080031f50
core   0: 0x000000008000ff7e (0x00178713) addi    a4, a5, 1
core   0: 3 0x000000008000ff7e (0x00178713) x14 0x00000000800120d1
core   0: 0x000000008000ff82 (0xfee43023) sd      a4, -32(s0)
core   0: 3 0x000000008000ff82 (0xfee43023) mem 0x0000000080031f50 0x00000000800120d1
core   0: 0x000000008000ff86 (0xfc442703) lw      a4, -60(s0)
core   0: 3 0x000000008000ff86 (0xfc442703) x14 0x0000000000000000 mem 0x0000000080031f34
core   0: 0x000000008000ff8a (0x0ff77713) andi    a4, a4, 255
core   0: 3 0x000000008000ff8a (0x0ff77713) x14 0x0000000000000000
core   0: 0x000000008000ff8e (0x00e78023) sb      a4, 0(a5)
core   0: 3 0x000000008000ff8e (0x00e78023) mem 0x00000000800120d0 0x00
core   0: 0x000000008000ff92 (0xfc843703) ld      a4, -56(s0)
core   0: 3 0x000000008000ff92 (0xfc843703) x14 0x0000000080012040 mem 0x0000000080031f38
core   0: 0x000000008000ff96 (0xfb843783) ld      a5, -72(s0)
core   0: 3 0x000000008000ff96 (0xfb843783) x15 0x000000000000009c mem 0x0000000080031f28
core   0: 0x000000008000ff9a (0x000097ba) c.add   a5, a4
core   0: 3 0x000000008000ff9a (0x97ba) x15 0x00000000800120dc
core   0: 0x000000008000ff9c (0xfe043703) ld      a4, -32(s0)
core   0: 3 0x000000008000ff9c (0xfe043703) x14 0x00000000800120d1 mem 0x0000000080031f50
core   0: 0x000000008000ffa0 (0xfcf76de3) bltu    a4, a5, pc - 38
core   0: 3 0x000000008000ffa0 (0xfcf76de3)
core   0: 0x000000008000ff7a (0xfe043783) ld      a5, -32(s0)
core   0: 3 0x000000008000ff7a (0xfe043783) x15 0x00000000800120d1 mem 0x0000000080031f50
core   0: 0x000000008000ff7e (0x00178713) addi    a4, a5, 1
core   0: 3 0x000000008000ff7e (0x00178713) x14 0x00000000800120d2
core   0: 0x000000008000ff82 (0xfee43023) sd      a4, -32(s0)
core   0: 3 0x000000008000ff82 (0xfee43023) mem 0x0000000080031f50 0x00000000800120d2
core   0: 0x000000008000ff86 (0xfc442703) lw      a4, -60(s0)
core   0: 3 0x000000008000ff86 (0xfc442703) x14 0x0000000000000000 mem 0x0000000080031f34
core   0: 0x000000008000ff8a (0x0ff77713) andi    a4, a4, 255
core   0: 3 0x000000008000ff8a (0x0ff77713) x14 0x0000000000000000
core   0: 0x000000008000ff8e (0x00e78023) sb      a4, 0(a5)
core   0: 3 0x000000008000ff8e (0x00e78023) mem 0x00000000800120d1 0x00
core   0: 0x000000008000ff92 (0xfc843703) ld      a4, -56(s0)
core   0: 3 0x000000008000ff92 (0xfc843703) x14 0x0000000080012040 mem 0x0000000080031f38
core   0: 0x000000008000ff96 (0xfb843783) ld      a5, -72(s0)
core   0: 3 0x000000008000ff96 (0xfb843783) x15 0x000000000000009c mem 0x0000000080031f28
core   0: 0x000000008000ff9a (0x000097ba) c.add   a5, a4
core   0: 3 0x000000008000ff9a (0x97ba) x15 0x00000000800120dc
core   0: 0x000000008000ff9c (0xfe043703) ld      a4, -32(s0)
core   0: 3 0x000000008000ff9c (0xfe043703) x14 0x00000000800120d2 mem 0x0000000080031f50
core   0: 0x000000008000ffa0 (0xfcf76de3) bltu    a4, a5, pc - 38
core   0: 3 0x000000008000ffa0 (0xfcf76de3)
core   0: 0x000000008000ff7a (0xfe043783) ld      a5, -32(s0)
core   0: 3 0x000000008000ff7a (0xfe043783) x15 0x00000000800120d2 mem 0x0000000080031f50
core   0: 0x000000008000ff7e (0x00178713) addi    a4, a5, 1
core   0: 3 0x000000008000ff7e (0x00178713) x14 0x00000000800120d3
core   0: 0x000000008000ff82 (0xfee43023) sd      a4, -32(s0)
core   0: 3 0x000000008000ff82 (0xfee43023) mem 0x0000000080031f50 0x00000000800120d3
core   0: 0x000000008000ff86 (0xfc442703) lw      a4, -60(s0)
core   0: 3 0x000000008000ff86 (0xfc442703) x14 0x0000000000000000 mem 0x0000000080031f34
core   0: 0x000000008000ff8a (0x0ff77713) andi    a4, a4, 255
core   0: 3 0x000000008000ff8a (0x0ff77713) x14 0x0000000000000000
core   0: 0x000000008000ff8e (0x00e78023) sb      a4, 0(a5)
core   0: 3 0x000000008000ff8e (0x00e78023) mem 0x00000000800120d2 0x00
core   0: 0x000000008000ff92 (0xfc843703) ld      a4, -56(s0)
core   0: 3 0x000000008000ff92 (0xfc843703) x14 0x0000000080012040 mem 0x0000000080031f38
core   0: 0x000000008000ff96 (0xfb843783) ld      a5, -72(s0)
core   0: 3 0x000000008000ff96 (0xfb843783) x15 0x000000000000009c mem 0x0000000080031f28
core   0: 0x000000008000ff9a (0x000097ba) c.add   a5, a4
core   0: 3 0x000000008000ff9a (0x97ba) x15 0x00000000800120dc
core   0: 0x000000008000ff9c (0xfe043703) ld      a4, -32(s0)
core   0: 3 0x000000008000ff9c (0xfe043703) x14 0x00000000800120d3 mem 0x0000000080031f50
core   0: 0x000000008000ffa0 (0xfcf76de3) bltu    a4, a5, pc - 38
core   0: 3 0x000000008000ffa0 (0xfcf76de3)
core   0: 0x000000008000ff7a (0xfe043783) ld      a5, -32(s0)
core   0: 3 0x000000008000ff7a (0xfe043783) x15 0x00000000800120d3 mem 0x0000000080031f50
core   0: 0x000000008000ff7e (0x00178713) addi    a4, a5, 1
core   0: 3 0x000000008000ff7e (0x00178713) x14 0x00000000800120d4
core   0: 0x000000008000ff82 (0xfee43023) sd      a4, -32(s0)
core   0: 3 0x000000008000ff82 (0xfee43023) mem 0x0000000080031f50 0x00000000800120d4
core   0: 0x000000008000ff86 (0xfc442703) lw      a4, -60(s0)
core   0: 3 0x000000008000ff86 (0xfc442703) x14 0x0000000000000000 mem 0x0000000080031f34
core   0: 0x000000008000ff8a (0x0ff77713) andi    a4, a4, 255
core   0: 3 0x000000008000ff8a (0x0ff77713) x14 0x0000000000000000
core   0: 0x000000008000ff8e (0x00e78023) sb      a4, 0(a5)
core   0: 3 0x000000008000ff8e (0x00e78023) mem 0x00000000800120d3 0x00
core   0: 0x000000008000ff92 (0xfc843703) ld      a4, -56(s0)
core   0: 3 0x000000008000ff92 (0xfc843703) x14 0x0000000080012040 mem 0x0000000080031f38
core   0: 0x000000008000ff96 (0xfb843783) ld      a5, -72(s0)
core   0: 3 0x000000008000ff96 (0xfb843783) x15 0x000000000000009c mem 0x0000000080031f28
core   0: 0x000000008000ff9a (0x000097ba) c.add   a5, a4
core   0: 3 0x000000008000ff9a (0x97ba) x15 0x00000000800120dc
core   0: 0x000000008000ff9c (0xfe043703) ld      a4, -32(s0)
core   0: 3 0x000000008000ff9c (0xfe043703) x14 0x00000000800120d4 mem 0x0000000080031f50
core   0: 0x000000008000ffa0 (0xfcf76de3) bltu    a4, a5, pc - 38
core   0: 3 0x000000008000ffa0 (0xfcf76de3)
core   0: 0x000000008000ff7a (0xfe043783) ld      a5, -32(s0)
core   0: 3 0x000000008000ff7a (0xfe043783) x15 0x00000000800120d4 mem 0x0000000080031f50
core   0: 0x000000008000ff7e (0x00178713) addi    a4, a5, 1
core   0: 3 0x000000008000ff7e (0x00178713) x14 0x00000000800120d5
core   0: 0x000000008000ff82 (0xfee43023) sd      a4, -32(s0)
core   0: 3 0x000000008000ff82 (0xfee43023) mem 0x0000000080031f50 0x00000000800120d5
core   0: 0x000000008000ff86 (0xfc442703) lw      a4, -60(s0)
core   0: 3 0x000000008000ff86 (0xfc442703) x14 0x0000000000000000 mem 0x0000000080031f34
core   0: 0x000000008000ff8a (0x0ff77713) andi    a4, a4, 255
core   0: 3 0x000000008000ff8a (0x0ff77713) x14 0x0000000000000000
core   0: 0x000000008000ff8e (0x00e78023) sb      a4, 0(a5)
core   0: 3 0x000000008000ff8e (0x00e78023) mem 0x00000000800120d4 0x00
core   0: 0x000000008000ff92 (0xfc843703) ld      a4, -56(s0)
core   0: 3 0x000000008000ff92 (0xfc843703) x14 0x0000000080012040 mem 0x0000000080031f38
core   0: 0x000000008000ff96 (0xfb843783) ld      a5, -72(s0)
core   0: 3 0x000000008000ff96 (0xfb843783) x15 0x000000000000009c mem 0x0000000080031f28
core   0: 0x000000008000ff9a (0x000097ba) c.add   a5, a4
core   0: 3 0x000000008000ff9a (0x97ba) x15 0x00000000800120dc
core   0: 0x000000008000ff9c (0xfe043703) ld      a4, -32(s0)
core   0: 3 0x000000008000ff9c (0xfe043703) x14 0x00000000800120d5 mem 0x0000000080031f50
core   0: 0x000000008000ffa0 (0xfcf76de3) bltu    a4, a5, pc - 38
core   0: 3 0x000000008000ffa0 (0xfcf76de3)
core   0: 0x000000008000ff7a (0xfe043783) ld      a5, -32(s0)
core   0: 3 0x000000008000ff7a (0xfe043783) x15 0x00000000800120d5 mem 0x0000000080031f50
core   0: 0x000000008000ff7e (0x00178713) addi    a4, a5, 1
core   0: 3 0x000000008000ff7e (0x00178713) x14 0x00000000800120d6
core   0: 0x000000008000ff82 (0xfee43023) sd      a4, -32(s0)
core   0: 3 0x000000008000ff82 (0xfee43023) mem 0x0000000080031f50 0x00000000800120d6
core   0: 0x000000008000ff86 (0xfc442703) lw      a4, -60(s0)
core   0: 3 0x000000008000ff86 (0xfc442703) x14 0x0000000000000000 mem 0x0000000080031f34
core   0: 0x000000008000ff8a (0x0ff77713) andi    a4, a4, 255
core   0: 3 0x000000008000ff8a (0x0ff77713) x14 0x0000000000000000
core   0: 0x000000008000ff8e (0x00e78023) sb      a4, 0(a5)
core   0: 3 0x000000008000ff8e (0x00e78023) mem 0x00000000800120d5 0x00
core   0: 0x000000008000ff92 (0xfc843703) ld      a4, -56(s0)
core   0: 3 0x000000008000ff92 (0xfc843703) x14 0x0000000080012040 mem 0x0000000080031f38
core   0: 0x000000008000ff96 (0xfb843783) ld      a5, -72(s0)
core   0: 3 0x000000008000ff96 (0xfb843783) x15 0x000000000000009c mem 0x0000000080031f28
core   0: 0x000000008000ff9a (0x000097ba) c.add   a5, a4
core   0: 3 0x000000008000ff9a (0x97ba) x15 0x00000000800120dc
core   0: 0x000000008000ff9c (0xfe043703) ld      a4, -32(s0)
core   0: 3 0x000000008000ff9c (0xfe043703) x14 0x00000000800120d6 mem 0x0000000080031f50
core   0: 0x000000008000ffa0 (0xfcf76de3) bltu    a4, a5, pc - 38
core   0: 3 0x000000008000ffa0 (0xfcf76de3)
core   0: 0x000000008000ff7a (0xfe043783) ld      a5, -32(s0)
core   0: 3 0x000000008000ff7a (0xfe043783) x15 0x00000000800120d6 mem 0x0000000080031f50
core   0: 0x000000008000ff7e (0x00178713) addi    a4, a5, 1
core   0: 3 0x000000008000ff7e (0x00178713) x14 0x00000000800120d7
core   0: 0x000000008000ff82 (0xfee43023) sd      a4, -32(s0)
core   0: 3 0x000000008000ff82 (0xfee43023) mem 0x0000000080031f50 0x00000000800120d7
core   0: 0x000000008000ff86 (0xfc442703) lw      a4, -60(s0)
core   0: 3 0x000000008000ff86 (0xfc442703) x14 0x0000000000000000 mem 0x0000000080031f34
core   0: 0x000000008000ff8a (0x0ff77713) andi    a4, a4, 255
core   0: 3 0x000000008000ff8a (0x0ff77713) x14 0x0000000000000000
core   0: 0x000000008000ff8e (0x00e78023) sb      a4, 0(a5)
core   0: 3 0x000000008000ff8e (0x00e78023) mem 0x00000000800120d6 0x00
core   0: 0x000000008000ff92 (0xfc843703) ld      a4, -56(s0)
core   0: 3 0x000000008000ff92 (0xfc843703) x14 0x0000000080012040 mem 0x0000000080031f38
core   0: 0x000000008000ff96 (0xfb843783) ld      a5, -72(s0)
core   0: 3 0x000000008000ff96 (0xfb843783) x15 0x000000000000009c mem 0x0000000080031f28
core   0: 0x000000008000ff9a (0x000097ba) c.add   a5, a4
core   0: 3 0x000000008000ff9a (0x97ba) x15 0x00000000800120dc
core   0: 0x000000008000ff9c (0xfe043703) ld      a4, -32(s0)
core   0: 3 0x000000008000ff9c (0xfe043703) x14 0x00000000800120d7 mem 0x0000000080031f50
core   0: 0x000000008000ffa0 (0xfcf76de3) bltu    a4, a5, pc - 38
core   0: 3 0x000000008000ffa0 (0xfcf76de3)
core   0: 0x000000008000ff7a (0xfe043783) ld      a5, -32(s0)
core   0: 3 0x000000008000ff7a (0xfe043783) x15 0x00000000800120d7 mem 0x0000000080031f50
core   0: 0x000000008000ff7e (0x00178713) addi    a4, a5, 1
core   0: 3 0x000000008000ff7e (0x00178713) x14 0x00000000800120d8
core   0: 0x000000008000ff82 (0xfee43023) sd      a4, -32(s0)
core   0: 3 0x000000008000ff82 (0xfee43023) mem 0x0000000080031f50 0x00000000800120d8
core   0: 0x000000008000ff86 (0xfc442703) lw      a4, -60(s0)
core   0: 3 0x000000008000ff86 (0xfc442703) x14 0x0000000000000000 mem 0x0000000080031f34
core   0: 0x000000008000ff8a (0x0ff77713) andi    a4, a4, 255
core   0: 3 0x000000008000ff8a (0x0ff77713) x14 0x0000000000000000
core   0: 0x000000008000ff8e (0x00e78023) sb      a4, 0(a5)
core   0: 3 0x000000008000ff8e (0x00e78023) mem 0x00000000800120d7 0x00
core   0: 0x000000008000ff92 (0xfc843703) ld      a4, -56(s0)
core   0: 3 0x000000008000ff92 (0xfc843703) x14 0x0000000080012040 mem 0x0000000080031f38
core   0: 0x000000008000ff96 (0xfb843783) ld      a5, -72(s0)
core   0: 3 0x000000008000ff96 (0xfb843783) x15 0x000000000000009c mem 0x0000000080031f28
core   0: 0x000000008000ff9a (0x000097ba) c.add   a5, a4
core   0: 3 0x000000008000ff9a (0x97ba) x15 0x00000000800120dc
core   0: 0x000000008000ff9c (0xfe043703) ld      a4, -32(s0)
core   0: 3 0x000000008000ff9c (0xfe043703) x14 0x00000000800120d8 mem 0x0000000080031f50
core   0: 0x000000008000ffa0 (0xfcf76de3) bltu    a4, a5, pc - 38
core   0: 3 0x000000008000ffa0 (0xfcf76de3)
core   0: 0x000000008000ff7a (0xfe043783) ld      a5, -32(s0)
core   0: 3 0x000000008000ff7a (0xfe043783) x15 0x00000000800120d8 mem 0x0000000080031f50
core   0: 0x000000008000ff7e (0x00178713) addi    a4, a5, 1
core   0: 3 0x000000008000ff7e (0x00178713) x14 0x00000000800120d9
core   0: 0x000000008000ff82 (0xfee43023) sd      a4, -32(s0)
core   0: 3 0x000000008000ff82 (0xfee43023) mem 0x0000000080031f50 0x00000000800120d9
core   0: 0x000000008000ff86 (0xfc442703) lw      a4, -60(s0)
core   0: 3 0x000000008000ff86 (0xfc442703) x14 0x0000000000000000 mem 0x0000000080031f34
core   0: 0x000000008000ff8a (0x0ff77713) andi    a4, a4, 255
core   0: 3 0x000000008000ff8a (0x0ff77713) x14 0x0000000000000000
core   0: 0x000000008000ff8e (0x00e78023) sb      a4, 0(a5)
core   0: 3 0x000000008000ff8e (0x00e78023) mem 0x00000000800120d8 0x00
core   0: 0x000000008000ff92 (0xfc843703) ld      a4, -56(s0)
core   0: 3 0x000000008000ff92 (0xfc843703) x14 0x0000000080012040 mem 0x0000000080031f38
core   0: 0x000000008000ff96 (0xfb843783) ld      a5, -72(s0)
core   0: 3 0x000000008000ff96 (0xfb843783) x15 0x000000000000009c mem 0x0000000080031f28
core   0: 0x000000008000ff9a (0x000097ba) c.add   a5, a4
core   0: 3 0x000000008000ff9a (0x97ba) x15 0x00000000800120dc
core   0: 0x000000008000ff9c (0xfe043703) ld      a4, -32(s0)
core   0: 3 0x000000008000ff9c (0xfe043703) x14 0x00000000800120d9 mem 0x0000000080031f50
core   0: 0x000000008000ffa0 (0xfcf76de3) bltu    a4, a5, pc - 38
core   0: 3 0x000000008000ffa0 (0xfcf76de3)
core   0: 0x000000008000ff7a (0xfe043783) ld      a5, -32(s0)
core   0: 3 0x000000008000ff7a (0xfe043783) x15 0x00000000800120d9 mem 0x0000000080031f50
core   0: 0x000000008000ff7e (0x00178713) addi    a4, a5, 1
core   0: 3 0x000000008000ff7e (0x00178713) x14 0x00000000800120da
core   0: 0x000000008000ff82 (0xfee43023) sd      a4, -32(s0)
core   0: 3 0x000000008000ff82 (0xfee43023) mem 0x0000000080031f50 0x00000000800120da
core   0: 0x000000008000ff86 (0xfc442703) lw      a4, -60(s0)
core   0: 3 0x000000008000ff86 (0xfc442703) x14 0x0000000000000000 mem 0x0000000080031f34
core   0: 0x000000008000ff8a (0x0ff77713) andi    a4, a4, 255
core   0: 3 0x000000008000ff8a (0x0ff77713) x14 0x0000000000000000
core   0: 0x000000008000ff8e (0x00e78023) sb      a4, 0(a5)
core   0: 3 0x000000008000ff8e (0x00e78023) mem 0x00000000800120d9 0x00
core   0: 0x000000008000ff92 (0xfc843703) ld      a4, -56(s0)
core   0: 3 0x000000008000ff92 (0xfc843703) x14 0x0000000080012040 mem 0x0000000080031f38
core   0: 0x000000008000ff96 (0xfb843783) ld      a5, -72(s0)
core   0: 3 0x000000008000ff96 (0xfb843783) x15 0x000000000000009c mem 0x0000000080031f28
core   0: 0x000000008000ff9a (0x000097ba) c.add   a5, a4
core   0: 3 0x000000008000ff9a (0x97ba) x15 0x00000000800120dc
core   0: 0x000000008000ff9c (0xfe043703) ld      a4, -32(s0)
core   0: 3 0x000000008000ff9c (0xfe043703) x14 0x00000000800120da mem 0x0000000080031f50
core   0: 0x000000008000ffa0 (0xfcf76de3) bltu    a4, a5, pc - 38
core   0: 3 0x000000008000ffa0 (0xfcf76de3)
core   0: 0x000000008000ff7a (0xfe043783) ld      a5, -32(s0)
core   0: 3 0x000000008000ff7a (0xfe043783) x15 0x00000000800120da mem 0x0000000080031f50
core   0: 0x000000008000ff7e (0x00178713) addi    a4, a5, 1
core   0: 3 0x000000008000ff7e (0x00178713) x14 0x00000000800120db
core   0: 0x000000008000ff82 (0xfee43023) sd      a4, -32(s0)
core   0: 3 0x000000008000ff82 (0xfee43023) mem 0x0000000080031f50 0x00000000800120db
core   0: 0x000000008000ff86 (0xfc442703) lw      a4, -60(s0)
core   0: 3 0x000000008000ff86 (0xfc442703) x14 0x0000000000000000 mem 0x0000000080031f34
core   0: 0x000000008000ff8a (0x0ff77713) andi    a4, a4, 255
core   0: 3 0x000000008000ff8a (0x0ff77713) x14 0x0000000000000000
core   0: 0x000000008000ff8e (0x00e78023) sb      a4, 0(a5)
core   0: 3 0x000000008000ff8e (0x00e78023) mem 0x00000000800120da 0x00
core   0: 0x000000008000ff92 (0xfc843703) ld      a4, -56(s0)
core   0: 3 0x000000008000ff92 (0xfc843703) x14 0x0000000080012040 mem 0x0000000080031f38
core   0: 0x000000008000ff96 (0xfb843783) ld      a5, -72(s0)
core   0: 3 0x000000008000ff96 (0xfb843783) x15 0x000000000000009c mem 0x0000000080031f28
core   0: 0x000000008000ff9a (0x000097ba) c.add   a5, a4
core   0: 3 0x000000008000ff9a (0x97ba) x15 0x00000000800120dc
core   0: 0x000000008000ff9c (0xfe043703) ld      a4, -32(s0)
core   0: 3 0x000000008000ff9c (0xfe043703) x14 0x00000000800120db mem 0x0000000080031f50
core   0: 0x000000008000ffa0 (0xfcf76de3) bltu    a4, a5, pc - 38
core   0: 3 0x000000008000ffa0 (0xfcf76de3)
core   0: 0x000000008000ff7a (0xfe043783) ld      a5, -32(s0)
core   0: 3 0x000000008000ff7a (0xfe043783) x15 0x00000000800120db mem 0x0000000080031f50
core   0: 0x000000008000ff7e (0x00178713) addi    a4, a5, 1
core   0: 3 0x000000008000ff7e (0x00178713) x14 0x00000000800120dc
core   0: 0x000000008000ff82 (0xfee43023) sd      a4, -32(s0)
core   0: 3 0x000000008000ff82 (0xfee43023) mem 0x0000000080031f50 0x00000000800120dc
core   0: 0x000000008000ff86 (0xfc442703) lw      a4, -60(s0)
core   0: 3 0x000000008000ff86 (0xfc442703) x14 0x0000000000000000 mem 0x0000000080031f34
core   0: 0x000000008000ff8a (0x0ff77713) andi    a4, a4, 255
core   0: 3 0x000000008000ff8a (0x0ff77713) x14 0x0000000000000000
core   0: 0x000000008000ff8e (0x00e78023) sb      a4, 0(a5)
core   0: 3 0x000000008000ff8e (0x00e78023) mem 0x00000000800120db 0x00
core   0: 0x000000008000ff92 (0xfc843703) ld      a4, -56(s0)
core   0: 3 0x000000008000ff92 (0xfc843703) x14 0x0000000080012040 mem 0x0000000080031f38
core   0: 0x000000008000ff96 (0xfb843783) ld      a5, -72(s0)
core   0: 3 0x000000008000ff96 (0xfb843783) x15 0x000000000000009c mem 0x0000000080031f28
core   0: 0x000000008000ff9a (0x000097ba) c.add   a5, a4
core   0: 3 0x000000008000ff9a (0x97ba) x15 0x00000000800120dc
core   0: 0x000000008000ff9c (0xfe043703) ld      a4, -32(s0)
core   0: 3 0x000000008000ff9c (0xfe043703) x14 0x00000000800120dc mem 0x0000000080031f50
core   0: 0x000000008000ffa0 (0xfcf76de3) bltu    a4, a5, pc - 38
core   0: 3 0x000000008000ffa0 (0xfcf76de3)
core   0: 0x000000008000ffa4 (0xfc843783) ld      a5, -56(s0)
core   0: 3 0x000000008000ffa4 (0xfc843783) x15 0x0000000080012040 mem 0x0000000080031f38
core   0: 0x000000008000ffa8 (0x0000853e) c.mv    a0, a5
core   0: 3 0x000000008000ffa8 (0x853e) x10 0x0000000080012040
core   0: 0x000000008000ffaa (0x00006426) c.ldsp  s0, 72(sp)
core   0: 3 0x000000008000ffaa (0x6426) x8  0x0000000080031f90 mem 0x0000000080031f68
core   0: 0x000000008000ffac (0x00006161) c.addi16sp sp, 80
core   0: 3 0x000000008000ffac (0x6161) x2  0x0000000080031f70
core   0: 0x000000008000ffae (0x00008082) ret
core   0: 3 0x000000008000ffae (0x8082)
core   0: 0x000000008000f562 (0x00000001) c.nop
core   0: 3 0x000000008000f562 (0x0001)
core   0: 0x000000008000f564 (0x000060e2) c.ldsp  ra, 24(sp)
core   0: 3 0x000000008000f564 (0x60e2) x1  0x000000008000f5a2 mem 0x0000000080031f88
core   0: 0x000000008000f566 (0x00006442) c.ldsp  s0, 16(sp)
core   0: 3 0x000000008000f566 (0x6442) x8  0x0000000080032040 mem 0x0000000080031f80
core   0: 0x000000008000f568 (0x00006105) c.addi16sp sp, 32
core   0: 3 0x000000008000f568 (0x6105) x2  0x0000000080031f90
core   0: 0x000000008000f56a (0x00008082) ret
core   0: 3 0x000000008000f56a (0x8082)
core   0: 0x000000008000f5a2 (0xf5842703) lw      a4, -168(s0)
core   0: 3 0x000000008000f5a2 (0xf5842703) x14 0x0000000000000001 mem 0x0000000080031f98
core   0: 0x000000008000f5a6 (0xf5c42783) lw      a5, -164(s0)
core   0: 3 0x000000008000f5a6 (0xf5c42783) x15 0x0000000000000000 mem 0x0000000080031f9c
core   0: 0x000000008000f5aa (0x000085ba) c.mv    a1, a4
core   0: 3 0x000000008000f5aa (0x85ba) x11 0x0000000000000001
core   0: 0x000000008000f5ac (0x0000853e) c.mv    a0, a5
core   0: 3 0x000000008000f5ac (0x853e) x10 0x0000000000000000
core   0: 0x000000008000f5ae (0xf03ff0ef) jal     pc - 0xfe
core   0: 3 0x000000008000f5ae (0xf03ff0ef) x1  0x000000008000f5b2
core   0: >>>>  thread_entry
core   0: 0x000000008000f4b0 (0x00001101) c.addi  sp, -32
core   0: 3 0x000000008000f4b0 (0x1101) x2  0x0000000080031f70
core   0: 0x000000008000f4b2 (0x0000ec22) c.sdsp  s0, 24(sp)
core   0: 3 0x000000008000f4b2 (0xec22) mem 0x0000000080031f88 0x0000000080032040
core   0: 0x000000008000f4b4 (0x00001000) c.addi4spn s0, sp, 32
core   0: 3 0x000000008000f4b4 (0x1000) x8  0x0000000080031f90
core   0: 0x000000008000f4b6 (0x000087aa) c.mv    a5, a0
core   0: 3 0x000000008000f4b6 (0x87aa) x15 0x0000000000000000
core   0: 0x000000008000f4b8 (0x0000872e) c.mv    a4, a1
core   0: 3 0x000000008000f4b8 (0x872e) x14 0x0000000000000001
core   0: 0x000000008000f4ba (0xfef42623) sw      a5, -20(s0)
core   0: 3 0x000000008000f4ba (0xfef42623) mem 0x0000000080031f7c 0x00000000
core   0: 0x000000008000f4be (0x000087ba) c.mv    a5, a4
core   0: 3 0x000000008000f4be (0x87ba) x15 0x0000000000000001
core   0: 0x000000008000f4c0 (0xfef42423) sw      a5, -24(s0)
core   0: 3 0x000000008000f4c0 (0xfef42423) mem 0x0000000080031f78 0x00000001
core   0: 0x000000008000f4c4 (0x00000001) c.nop
core   0: 3 0x000000008000f4c4 (0x0001)
core   0: 0x000000008000f4c6 (0xfec42783) lw      a5, -20(s0)
core   0: 3 0x000000008000f4c6 (0xfec42783) x15 0x0000000000000000 mem 0x0000000080031f7c
core   0: 0x000000008000f4ca (0x00002781) c.addiw a5, 0
core   0: 3 0x000000008000f4ca (0x2781) x15 0x0000000000000000
core   0: 0x000000008000f4cc (0x0000ffed) c.bnez  a5, pc - 6
core   0: 3 0x000000008000f4cc (0xffed)
core   0: 0x000000008000f4ce (0x00000001) c.nop
core   0: 3 0x000000008000f4ce (0x0001)
core   0: 0x000000008000f4d0 (0x00000001) c.nop
core   0: 3 0x000000008000f4d0 (0x0001)
core   0: 0x000000008000f4d2 (0x00006462) c.ldsp  s0, 24(sp)
core   0: 3 0x000000008000f4d2 (0x6462) x8  0x0000000080032040 mem 0x0000000080031f88
core   0: 0x000000008000f4d4 (0x00006105) c.addi16sp sp, 32
core   0: 3 0x000000008000f4d4 (0x6105) x2  0x0000000080031f90
core   0: 0x000000008000f4d6 (0x00008082) ret
core   0: 3 0x000000008000f4d6 (0x8082)
core   0: 0x000000008000f5b2 (0x00004581) c.li    a1, 0
core   0: 3 0x000000008000f5b2 (0x4581) x11 0x0000000000000000
core   0: 0x000000008000f5b4 (0x00004501) c.li    a0, 0
core   0: 3 0x000000008000f5b4 (0x4501) x10 0x0000000000000000
core   0: 0x000000008000f5b6 (0xa4bf20ef) jal     pc - 0xd5b6
core   0: 3 0x000000008000f5b6 (0xa4bf20ef) x1  0x000000008000f5ba
core   0: >>>>  main
core   0: 0x0000000080002000 (0x00000001) c.nop
core   0: 3 0x0000000080002000 (0x0001)
core   0: >>>>  trap_vec_init
core   0: 0x0000000080002002 (0x00002797) auipc   a5, 0x2
core   0: 3 0x0000000080002002 (0x00002797) x15 0x0000000080004002
core   0: 0x0000000080002006 (0xffe78793) addi    a5, a5, -2
core   0: 3 0x0000000080002006 (0xffe78793) x15 0x0000000080004000
core   0: 0x000000008000200a (0x30579073) csrrw   zero, mtvec, a5
core   0: 3 0x000000008000200a (0x30579073) c773_mtvec 0x0000000080004000
core   0: >>>>  pmp_setup
core   0: 0x000000008000200e (0x00002c17) auipc   s8, 0x2
core   0: 3 0x000000008000200e (0x00002c17) x24 0x000000008000400e
core   0: 0x0000000080002012 (0x022c0c13) addi    s8, s8, 34
core   0: 3 0x0000000080002012 (0x022c0c13) x24 0x0000000080004030
core   0: 0x0000000080002016 (0x00004781) c.li    a5, 0
core   0: 3 0x0000000080002016 (0x4781) x15 0x0000000000000000
core   0: 0x0000000080002018 (0x00009c3e) c.add   s8, a5
core   0: 3 0x0000000080002018 (0x9c3e) x24 0x0000000080004030
core   0: 0x000000008000201a (0x3b0c1073) csrrw   zero, pmpaddr0, s8
core   0: 3 0x000000008000201a (0x3b0c1073) c944_pmpaddr0 0x0000000080004030
core   0: 0x000000008000201e (0x00004c3d) c.li    s8, 15
core   0: 3 0x000000008000201e (0x4c3d) x24 0x000000000000000f
core   0: 0x0000000080002020 (0x3a0c1073) csrrw   zero, pmpcfg0, s8
core   0: 3 0x0000000080002020 (0x3a0c1073) c928_pmpcfg0 0x000000000000000f
core   0: 0x0000000080002024 (0x12000073) sfence.vma zero, zero
core   0: 3 0x0000000080002024 (0x12000073)
core   0: >>>>  mepc_setup
core   0: 0x0000000080002028 (0x00002797) auipc   a5, 0x2
core   0: 3 0x0000000080002028 (0x00002797) x15 0x0000000080004028
core   0: 0x000000008000202c (0x00878793) addi    a5, a5, 8
core   0: 3 0x000000008000202c (0x00878793) x15 0x0000000080004030
core   0: 0x0000000080002030 (0x34179073) csrrw   zero, mepc, a5
core   0: 3 0x0000000080002030 (0x34179073) c833_mepc 0x0000000080004030
core   0: >>>>  custom_csr_setup
core   0: 0x0000000080002034 (0x00100f9b) addiw   t6, zero, 1
core   0: 3 0x0000000080002034 (0x00100f9b) x31 0x0000000000000001
core   0: 0x0000000080002038 (0x00000ffe) c.slli  t6, 31
core   0: 3 0x0000000080002038 (0x0ffe) x31 0x0000000080000000
core   0: 0x000000008000203a (0x00000001) c.nop
core   0: 3 0x000000008000203a (0x0001)
core   0: >>>>  init_s_mode
core   0: 0x000000008000203c (0xfff0079b) addiw   a5, zero, -1
core   0: 3 0x000000008000203c (0xfff0079b) x15 0xffffffffffffffff
core   0: 0x0000000080002040 (0x000017fe) c.slli  a5, 63
core   0: 3 0x0000000080002040 (0x17fe) x15 0x8000000000000000
core   0: 0x0000000080002042 (0x18079073) csrrw   zero, satp, a5
core   0: 3 0x0000000080002042 (0x18079073) c384_satp 0x8000000000000000
core   0: 0x0000000080002046 (0x0000f797) auipc   a5, 0xf
core   0: 3 0x0000000080002046 (0x0000f797) x15 0x0000000080011046
core   0: 0x000000008000204a (0xfba78793) addi    a5, a5, -70
core   0: 3 0x000000008000204a (0xfba78793) x15 0x0000000080011000
core   0: 0x000000008000204e (0x000083b1) c.srli  a5, 12
core   0: 3 0x000000008000204e (0x83b1) x15 0x0000000000080011
core   0: 0x0000000080002050 (0x0010061b) addiw   a2, zero, 1
core   0: 3 0x0000000080002050 (0x0010061b) x12 0x0000000000000001
core   0: 0x0000000080002054 (0x00001632) c.slli  a2, 44
core   0: 3 0x0000000080002054 (0x1632) x12 0x0000100000000000
core   0: 0x0000000080002056 (0x0000167d) c.addi  a2, -1
core   0: 3 0x0000000080002056 (0x167d) x12 0x00000fffffffffff
core   0: 0x0000000080002058 (0x00008ff1) c.and   a5, a2
core   0: 3 0x0000000080002058 (0x8ff1) x15 0x0000000000080011
core   0: 0x000000008000205a (0x1807a073) csrrs   zero, satp, a5
core   0: 3 0x000000008000205a (0x1807a073) c384_satp 0x8000000000080011
core   0: 0x000000008000205e (0x00a005b7) lui     a1, 0xa00
core   0: 3 0x000000008000205e (0x00a005b7) x11 0x0000000000a00000
core   0: 0x0000000080002062 (0x10b5859b) addiw   a1, a1, 267
core   0: 3 0x0000000080002062 (0x10b5859b) x11 0x0000000000a0010b
core   0: 0x0000000080002066 (0x000005b2) c.slli  a1, 12
core   0: 3 0x0000000080002066 (0x05b2) x11 0x0000000a0010b000
core   0: 0x0000000080002068 (0xa0058593) addi    a1, a1, -1536
core   0: 3 0x0000000080002068 (0xa0058593) x11 0x0000000a0010aa00
core   0: 0x000000008000206c (0x30059073) csrrw   zero, mstatus, a1
core   0: 3 0x000000008000206c (0x30059073) c768_mstatus 0x0000000a00102800
core   0: 0x0000000080002070 (0x30459073) csrrw   zero, mie, a1
core   0: 3 0x0000000080002070 (0x30459073) c772_mie 0x0000000000000a00
core   0: 0x0000000080002074 (0x00a005b7) lui     a1, 0xa00
core   0: 3 0x0000000080002074 (0x00a005b7) x11 0x0000000000a00000
core   0: 0x0000000080002078 (0x10b5859b) addiw   a1, a1, 267
core   0: 3 0x0000000080002078 (0x10b5859b) x11 0x0000000000a0010b
core   0: 0x000000008000207c (0x000005b2) c.slli  a1, 12
core   0: 3 0x000000008000207c (0x05b2) x11 0x0000000a0010b000
core   0: 0x000000008000207e (0xa0058593) addi    a1, a1, -1536
core   0: 3 0x000000008000207e (0xa0058593) x11 0x0000000a0010aa00
core   0: 0x0000000080002082 (0x10059073) csrrw   zero, sstatus, a1
core   0: 3 0x0000000080002082 (0x10059073) c768_mstatus 0x0000000a00102800
core   0: 0x0000000080002086 (0x10459073) csrrw   zero, sie, a1
core   0: 3 0x0000000080002086 (0x10459073) c772_mie 0x0000000000000a00
core   0: 0x000000008000208a (0x30200073) mret
core   0: 3 0x000000008000208a (0x30200073) c768_mstatus 0x0000000a00102080
core   0: >>>>  main_g
core   0: 0x0000000080004030 (0xc02479d3) fcvt.l.s s3, fs0
core   0: 1 0x0000000080004030 (0xc02479d3) x19 0x0000000000000000
core   0: 0x0000000080004034 (0x02513433) mulhu   s0, sp, t0
core   0: 1 0x0000000080004034 (0x02513433) x8  0x0000000000000000
core   0: 0x0000000080004038 (0x02632233) mulhsu  tp, t1, t1
core   0: 1 0x0000000080004038 (0x02632233) x4  0x0000000000000000
core   0: 0x000000008000403c (0x000ee813) ori     a6, t4, 0
core   0: 1 0x000000008000403c (0x000ee813) x16 0x0000000000000000
core   0: 0x0000000080004040 (0x00119b73) csrrw   s6, fflags, gp
core   0: 1 0x0000000080004040 (0x00119b73) x22 0x0000000000000000 c1_fflags 0x0000000000000008 c768_mstatus 0x8000000a00106080
core   0: 0x0000000080004044 (0x1380714b) fnmsub.d ft2, ft0, fs8, ft2
core   0: 1 0x0000000080004044 (0x1380714b) f2  0x7ff8000000000000
core   0: 0x0000000080004048 (0xc20c7453) fcvt.w.d s0, fs8
core   0: 1 0x0000000080004048 (0xc20c7453) c1_fflags 0x0000000000000018 x8  0x000000007fffffff
core   0: 0x000000008000404c (0x42010e53) fcvt.d.s ft8, ft2
core   0: 1 0x000000008000404c (0x42010e53) f28 0x7ff8000000000000
core   0: 0x0000000080004050 (0x02d028b3) mulhsu  a7, zero, a3
core   0: 1 0x0000000080004050 (0x02d028b3) x17 0x0000000000000000
core   0: 0x0000000080004054 (0x40c6de33) sra     t3, a3, a2
core   0: 1 0x0000000080004054 (0x40c6de33) x28 0x0000000000000000
core   0: 0x0000000080004058 (0xa2a98ad3) fle.d   s5, fs3, fa0
core   0: 1 0x0000000080004058 (0xa2a98ad3) c1_fflags 0x0000000000000018 x21 0x0000000000000000
core   0: 0x000000008000405c (0x00dc1bbb) sllw    s7, s8, a3
core   0: 1 0x000000008000405c (0x00dc1bbb) x23 0x000000000000000f
core   0: 0x0000000080004060 (0x03ab7d53) fadd.d  fs10, fs6, fs10
core   0: 1 0x0000000080004060 (0x03ab7d53) f26 0x7ff8000000000000
core   0: 0x0000000080004064 (0x00161df3) csrrw   s11, fflags, a2
core   0: 1 0x0000000080004064 (0x00161df3) x27 0x0000000000000018 c1_fflags 0x000000000000001f
core   0: 0x0000000080004068 (0xc04ff4f3) csrrci  s1, hpmcounter4, 31
core   0: exception trap_illegal_instruction, epc 0x0000000080004068
core   0:           tval 0x00000000c04ff4f3
core   0: >>>>  $xrv64i2p1_m2p0_a2p1_f2p2_d2p2_zicsr2p0_zifencei2p0_zmmul1p0_zba1p0_zbb1p0_zbc1p0_zbs1p0
core   0: 0x0000000080004000 (0x0080006f) j       pc + 0x8
core   0: 3 0x0000000080004000 (0x0080006f)
core   0: >>>>  mmode_exception_handler
core   0: 0x0000000080004008 (0x00002c17) auipc   s8, 0x2
core   0: 3 0x0000000080004008 (0x00002c17) x24 0x0000000080006008
core   0: 0x000000008000400c (0xfd8c0c13) addi    s8, s8, -40
core   0: 3 0x000000008000400c (0xfd8c0c13) x24 0x0000000080005fe0
core   0: 0x0000000080004010 (0x000c00e7) jalr    s8
core   0: 3 0x0000000080004010 (0x000c00e7) x1  0x0000000080004014
core   0: >>>>  any_handler
core   0: 0x0000000080005fe0 (0x341027f3) csrrs   a5, mepc, zero
core   0: 3 0x0000000080005fe0 (0x341027f3) x15 0x0000000080004068
core   0: 0x0000000080005fe4 (0x34202773) csrrs   a4, mcause, zero
core   0: 3 0x0000000080005fe4 (0x34202773) x14 0x0000000000000002
core   0: 0x0000000080005fe8 (0x142026f3) csrrs   a3, scause, zero
core   0: 3 0x0000000080005fe8 (0x142026f3) x13 0x0000000000000000
core   0: 0x0000000080005fec (0x30402673) csrrs   a2, mie, zero
core   0: 3 0x0000000080005fec (0x30402673) x12 0x0000000000000a00
core   0: 0x0000000080005ff0 (0x344025f3) csrrs   a1, mip, zero
core   0: 3 0x0000000080005ff0 (0x344025f3) x11 0x0000000000000080
core   0: 0x0000000080005ff4 (0x343025f3) csrrs   a1, mtval, zero
core   0: 3 0x0000000080005ff4 (0x343025f3) x11 0x00000000c04ff4f3
core   0: 0x0000000080005ff8 (0x14302573) csrrs   a0, stval, zero
core   0: 3 0x0000000080005ff8 (0x14302573) x10 0x0000000000000000
core   0: 0x0000000080005ffc (0xb02024f3) csrrs   s1, minstret, zero
core   0: 3 0x0000000080005ffc (0xb02024f3) x9  0x00000000000007d9
core   0: 0x0000000080006000 (0x0000a811) c.j     pc + 20
core   0: 3 0x0000000080006000 (0xa811)
core   0: >>>>  mepc_4
core   0: 0x0000000080006014 (0x00000791) c.addi  a5, 4
core   0: 3 0x0000000080006014 (0x0791) x15 0x000000008000406c
core   0: 0x0000000080006016 (0x34179073) csrrw   zero, mepc, a5
core   0: 3 0x0000000080006016 (0x34179073) c833_mepc 0x000000008000406c
core   0: 0x000000008000601a (0x30200073) mret
core   0: 3 0x000000008000601a (0x30200073) c768_mstatus 0x8000000a00106080
core   0: 0x000000008000406c (0x00fa8db3) add     s11, s5, a5
core   0: 1 0x000000008000406c (0x00fa8db3) x27 0x000000008000406c
core   0: 0x0000000080004070 (0x0363dbb3) divu    s7, t2, s6
core   0: 1 0x0000000080004070 (0x0363dbb3) x23 0xffffffffffffffff
core   0: 0x0000000080004074 (0x87f40237) lui     tp, 0x87f40
core   0: 1 0x0000000080004074 (0x87f40237) x4  0xffffffff87f40000
core   0: 0x0000000080004078 (0x03a52133) mulhsu  sp, a0, s10
core   0: 1 0x0000000080004078 (0x03a52133) x2  0x0000000000000000
core   0: 0x000000008000407c (0xe20a8053) fmv.x.d zero, fs5
core   0: 1 0x000000008000407c (0xe20a8053)
core   0: 0x0000000080004080 (0x420c8f53) fcvt.d.s ft10, fs9
core   0: 1 0x0000000080004080 (0x420c8f53) f30 0x0000000000000000
core   0: 0x0000000080004084 (0x02c6623b) remw    tp, a2, a2
core   0: 1 0x0000000080004084 (0x02c6623b) x4  0x0000000000000000
core   0: 0x0000000080004088 (0xc039fa53) fcvt.lu.s s4, fs3
core   0: 1 0x0000000080004088 (0xc039fa53) x20 0x0000000000000000
core   0: 0x000000008000408c (0xbad80693) addi    a3, a6, -1107
core   0: 1 0x000000008000408c (0xbad80693) x13 0xfffffffffffffbad
core   0: 0x0000000080004090 (0x9908071b) addiw   a4, a6, -1648
core   0: 1 0x0000000080004090 (0x9908071b) x14 0xfffffffffffff990
core   0: 0x0000000080004094 (0x00102373) csrrs   t1, fflags, zero
core   0: 1 0x0000000080004094 (0x00102373) x6  0x000000000000001f
core   0: 0x0000000080004098 (0x00130d9b) addiw   s11, t1, 1
core   0: 1 0x0000000080004098 (0x00130d9b) x27 0x0000000000000020
core   0: 0x000000008000409c (0x000cd03b) srlw    zero, s9, zero
core   0: 1 0x000000008000409c (0x000cd03b)
core   0: 0x00000000800040a0 (0x4006d6bb) sraw    a3, a3, zero
core   0: 1 0x00000000800040a0 (0x4006d6bb) x13 0xfffffffffffffbad
core   0: 0x00000000800040a4 (0x01fe161b) slliw   a2, t3, 31
core   0: 1 0x00000000800040a4 (0x01fe161b) x12 0x0000000000000000
core   0: 0x00000000800040a8 (0x5a0efb53) fsqrt.d fs6, ft9
core   0: 1 0x00000000800040a8 (0x5a0efb53) f22 0x7ff8000000000000
core   0: 0x00000000800040ac (0x4018d41b) sraiw   s0, a7, 1
core   0: 1 0x00000000800040ac (0x4018d41b) x8  0x0000000000000000
core   0: 0x00000000800040b0 (0x025472d3) fadd.d  ft5, fs0, ft5
core   0: 1 0x00000000800040b0 (0x025472d3) f5  0x7ff8000000000000
core   0: 0x00000000800040b4 (0x2a0f75c7) fmsub.d fa1, ft10, ft0, ft5
core   0: 1 0x00000000800040b4 (0x2a0f75c7) f11 0x7ff8000000000000
core   0: 0x00000000800040b8 (0x23e989d3) fsgnj.d fs3, fs3, ft10
core   0: 1 0x00000000800040b8 (0x23e989d3) f19 0x7fffffff00000000
core   0: 0x00000000800040bc (0x227013d3) fsgnjn.d ft7, ft0, ft7
core   0: 1 0x00000000800040bc (0x227013d3) f7  0x7fffffff00000000
core   0: 0x00000000800040c0 (0x0ae274d3) fsub.d  fs1, ft4, fa4
core   0: 1 0x00000000800040c0 (0x0ae274d3) f9  0x7ff8000000000000
core   0: 0x00000000800040c4 (0x03bdbdb3) mulhu   s11, s11, s11
core   0: 1 0x00000000800040c4 (0x03bdbdb3) x27 0x0000000000000000
core   0: 0x00000000800040c8 (0x22472453) fsgnjx.d fs0, fa4, ft4
core   0: 1 0x00000000800040c8 (0x22472453) f8  0x7fffffff00000000
core   0: 0x00000000800040cc (0x00ed989b) slliw   a7, s11, 14
core   0: 1 0x00000000800040cc (0x00ed989b) x17 0x0000000000000000
core   0: 0x00000000800040d0 (0x234a7a4b) fnmsub.d fs4, fs4, fs4, ft4
core   0: 1 0x00000000800040d0 (0x234a7a4b) f20 0x7ff8000000000000
core   0: 0x00000000800040d4 (0x22738f53) fsgnj.d ft10, ft7, ft7
core   0: 1 0x00000000800040d4 (0x22738f53) f30 0x7fffffff00000000
core   0: 0x00000000800040d8 (0x00c92633) slt     a2, s2, a2
core   0: 1 0x00000000800040d8 (0x00c92633) x12 0x0000000000000000
core   0: 0x00000000800040dc (0x03bbee33) rem     t3, s7, s11
core   0: 1 0x00000000800040dc (0x03bbee33) x28 0xffffffffffffffff
core   0: 0x00000000800040e0 (0x00008c6d) c.and   s0, a1
core   0: 1 0x00000000800040e0 (0x8c6d) x8  0x0000000000000000
core   0: 0x00000000800040e2 (0xf2058353) fmv.d.x ft6, a1
core   0: 1 0x00000000800040e2 (0xf2058353) f6  0x00000000c04ff4f3
core   0: 0x00000000800040e6 (0x401efed3) fcvt.s.d ft9, ft9
core   0: 1 0x00000000800040e6 (0x401efed3) f29 0xffffffff7fc00000
core   0: 0x00000000800040ea (0x01d059bb) srlw    s3, zero, t4
core   0: 1 0x00000000800040ea (0x01d059bb) x19 0x0000000000000000
core   0: 0x00000000800040ee (0x00102573) csrrs   a0, fflags, zero
core   0: 1 0x00000000800040ee (0x00102573) x10 0x000000000000001f
core   0: 0x00000000800040f2 (0x13b5fcd3) fmul.d  fs9, fa1, fs11
core   0: 1 0x00000000800040f2 (0x13b5fcd3) f25 0x7ff8000000000000
core   0: 0x00000000800040f6 (0x1355f3d3) fmul.d  ft7, fa1, fs5
core   0: 1 0x00000000800040f6 (0x1355f3d3) f7  0x7ff8000000000000
core   0: 0x00000000800040fa (0x10575273) csrrwi  tp, stvec, 14
core   0: 1 0x00000000800040fa (0x10575273) x4  0x0000000000000000 c261_stvec 0x000000000000000c
core   0: 0x00000000800040fe (0x4154d8bb) sraw    a7, s1, s5
core   0: 1 0x00000000800040fe (0x4154d8bb) x17 0x00000000000007d9
core   0: 0x0000000080004102 (0x43b6dc13) srai    s8, a3, 59
core   0: 1 0x0000000080004102 (0x43b6dc13) x24 0xffffffffffffffff
core   0: 0x0000000080004106 (0x2ad689d3) fmin.d  fs3, fa3, fa3
core   0: 1 0x0000000080004106 (0x2ad689d3) f19 0x7ff8000000000000
core   0: 0x000000008000410a (0x4034803b) subw    zero, s1, gp
core   0: 1 0x000000008000410a (0x4034803b)
core   0: 0x000000008000410e (0x013315b3) sll     a1, t1, s3
core   0: 1 0x000000008000410e (0x013315b3) x11 0x000000000000001f
core   0: 0x0000000080004112 (0x00000001) c.nop
core   0: 1 0x0000000080004112 (0x0001)
core   0: 0x0000000080004114 (0x037b4bbb) divw    s7, s6, s7
core   0: 1 0x0000000080004114 (0x037b4bbb) x23 0x0000000000000000
core   0: 0x0000000080004118 (0x00d2d2bb) srlw    t0, t0, a3
core   0: 1 0x0000000080004118 (0x00d2d2bb) x5  0x0000000000040000
core   0: 0x000000008000411c (0x0030d11b) srliw   sp, ra, 3
core   0: 1 0x000000008000411c (0x0030d11b) x2  0x0000000010000802
core   0: 0x0000000080004120 (0x01849533) sll     a0, s1, s8
core   0: 1 0x0000000080004120 (0x01849533) x10 0x8000000000000000
core   0: 0x0000000080004124 (0x0151d1bb) srlw    gp, gp, s5
core   0: 1 0x0000000080004124 (0x0151d1bb) x3  0xffffffff80012828
core   0: 0x0000000080004128 (0x03d5f73b) remuw   a4, a1, t4
core   0: 1 0x0000000080004128 (0x03d5f73b) x14 0x000000000000001f
core   0: 0x000000008000412c (0x0094141b) slliw   s0, s0, 9
core   0: 1 0x000000008000412c (0x0094141b) x8  0x0000000000000000
core   0: 0x0000000080004130 (0x140ffb73) csrrci  s6, sscratch, 31
core   0: 1 0x0000000080004130 (0x140ffb73) x22 0x0000000000000000 c320_sscratch 0x0000000000000000
core   0: 0x0000000080004134 (0xc236f9d3) fcvt.lu.d s3, fa3
core   0: 1 0x0000000080004134 (0xc236f9d3) c1_fflags 0x000000000000001f x19 0xffffffffffffffff
core   0: 0x0000000080004138 (0x00002a81) c.addiw s5, 0
core   0: 1 0x0000000080004138 (0x2a81) x21 0x0000000000000000
core   0: 0x000000008000413a (0xf20a8953) fmv.d.x fs2, s5
core   0: 1 0x000000008000413a (0xf20a8953) f18 0x0000000000000000
core   0: 0x000000008000413e (0x010a981b) slliw   a6, s5, 16
core   0: 1 0x000000008000413e (0x010a981b) x16 0x0000000000000000
core   0: 0x0000000080004142 (0xa99e8237) lui     tp, 0xa99e8
core   0: 1 0x0000000080004142 (0xa99e8237) x4  0xffffffffa99e8000
core   0: 0x0000000080004146 (0x010273b3) and     t2, tp, a6
core   0: 1 0x0000000080004146 (0x010273b3) x7  0x0000000000000000
core   0: 0x000000008000414a (0xa3270953) fle.d   s2, fa4, fs2
core   0: 1 0x000000008000414a (0xa3270953) c1_fflags 0x000000000000001f x18 0x0000000000000000
core   0: 0x000000008000414e (0xd2138653) fcvt.d.wu fa2, t2
core   0: 1 0x000000008000414e (0xd2138653) f12 0x0000000000000000
core   0: 0x0000000080004152 (0x40460ab3) sub     s5, a2, tp
core   0: 1 0x0000000080004152 (0x40460ab3) x21 0x0000000056618000
core   0: 0x0000000080004156 (0x142ab4f3) csrrc   s1, scause, s5
core   0: 1 0x0000000080004156 (0x142ab4f3) x9  0x0000000000000000 c322_scause 0x0000000000000000
core   0: 0x000000008000415a (0x401f7a53) fcvt.s.d fs4, ft10
core   0: 1 0x000000008000415a (0x401f7a53) f20 0xffffffff7fc00000
core   0: 0x000000008000415e (0x00202c73) csrrs   s8, frm, zero
core   0: 1 0x000000008000415e (0x00202c73) x24 0x0000000000000000
core   0: 0x0000000080004162 (0xd21687d3) fcvt.d.wu fa5, a3
core   0: 1 0x0000000080004162 (0xd21687d3) f15 0x41efffff75a00000
core   0: 0x0000000080004166 (0x015b2b33) slt     s6, s6, s5
core   0: 1 0x0000000080004166 (0x015b2b33) x22 0x0000000000000001
core   0: 0x000000008000416a (0x03396eb3) rem     t4, s2, s3
core   0: 1 0x000000008000416a (0x03396eb3) x29 0x0000000000000000
core   0: 0x000000008000416e (0x400d579b) sraiw   a5, s10, 0
core   0: 1 0x000000008000416e (0x400d579b) x15 0x0000000000000000
core   0: 0x0000000080004172 (0xfff04b13) not     s6, zero
core   0: 1 0x0000000080004172 (0xfff04b13) x22 0xffffffffffffffff
core   0: 0x0000000080004176 (0x028ea733) mulhsu  a4, t4, s0
core   0: 1 0x0000000080004176 (0x028ea733) x14 0x0000000000000000
core   0: 0x000000008000417a (0x414ede1b) sraiw   t3, t4, 20
core   0: 1 0x000000008000417a (0x414ede1b) x28 0x0000000000000000
core   0: 0x000000008000417e (0x01c5053b) addw    a0, a0, t3
core   0: 1 0x000000008000417e (0x01c5053b) x10 0x0000000000000000
core   0: 0x0000000080004182 (0x02690933) mul     s2, s2, t1
core   0: 1 0x0000000080004182 (0x02690933) x18 0x0000000000000000
core   0: 0x0000000080004186 (0x01365d13) srli    s10, a2, 19
core   0: 1 0x0000000080004186 (0x01365d13) x26 0x0000000000000000
core   0: 0x000000008000418a (0x002818f3) csrrw   a7, frm, a6
core   0: 1 0x000000008000418a (0x002818f3) x17 0x0000000000000000 c2_frm 0x0000000000000000
core   0: 0x000000008000418e (0x0323c093) xori    ra, t2, 50
core   0: 1 0x000000008000418e (0x0323c093) x1  0x0000000000000032
core   0: 0x0000000080004192 (0x030b75bb) remuw   a1, s6, a6
core   0: 1 0x0000000080004192 (0x030b75bb) x11 0xffffffffffffffff
core   0: 0x0000000080004196 (0x00202173) csrrs   sp, frm, zero
core   0: 1 0x0000000080004196 (0x00202173) x2  0x0000000000000000
core   0: 0x000000008000419a (0xd236f8d3) fcvt.d.lu fa7, a3
core   0: 1 0x000000008000419a (0xd236f8d3) c1_fflags 0x000000000000001f f17 0x43efffffffffffff
core   0: 0x000000008000419e (0x57affe37) lui     t3, 0x57aff
core   0: 1 0x000000008000419e (0x57affe37) x28 0x0000000057aff000
core   0: 0x00000000800041a2 (0x00fb17bb) sllw    a5, s6, a5
core   0: 1 0x00000000800041a2 (0x00fb17bb) x15 0xffffffffffffffff
core   0: 0x00000000800041a6 (0x01185b9b) srliw   s7, a6, 17
core   0: 1 0x00000000800041a6 (0x01185b9b) x23 0x0000000000000000
core   0: 0x00000000800041aa (0x016d9d3b) sllw    s10, s11, s6
core   0: 1 0x00000000800041aa (0x016d9d3b) x26 0x0000000000000000
core   0: 0x00000000800041ae (0x420e87d3) fcvt.d.s fa5, ft9
core   0: 1 0x00000000800041ae (0x420e87d3) f15 0x7ff8000000000000
core   0: 0x00000000800041b2 (0x02e05413) srli    s0, zero, 46
core   0: 1 0x00000000800041b2 (0x02e05413) x8  0x0000000000000000
core   0: 0x00000000800041b6 (0xd221fe53) fcvt.d.l ft8, gp
core   0: 1 0x00000000800041b6 (0xd221fe53) f28 0xc1dfffb5f6000000
core   0: 0x00000000800041ba (0xe2038a53) fmv.x.d s4, ft7
core   0: 1 0x00000000800041ba (0xe2038a53) x20 0x7ff8000000000000
core   0: 0x00000000800041be (0x0022e7b3) or      a5, t0, sp
core   0: 1 0x00000000800041be (0x0022e7b3) x15 0x0000000000040000
core   0: 0x00000000800041c2 (0x035aaeb3) mulhsu  t4, s5, s5
core   0: 1 0x00000000800041c2 (0x035aaeb3) x29 0x0000000000000000
core   0: 0x00000000800041c6 (0x00169a73) csrrw   s4, fflags, a3
core   0: 1 0x00000000800041c6 (0x00169a73) x20 0x000000000000001f c1_fflags 0x000000000000000d
core   0: 0x00000000800041ca (0x0311f1d3) fadd.d  ft3, ft3, fa7
core   0: 1 0x00000000800041ca (0x0311f1d3) f3  0x7ff8000000000000
core   0: 0x00000000800041ce (0xfefd7ab7) lui     s5, 0xfefd7
core   0: 1 0x00000000800041ce (0xfefd7ab7) x21 0xfffffffffefd7000
core   0: 0x00000000800041d2 (0x80da8a9b) addiw   s5, s5, -2035
core   0: 1 0x00000000800041d2 (0x80da8a9b) x21 0xfffffffffefd680d
core   0: 0x00000000800041d6 (0x00000aba) c.slli  s5, 14
core   0: 1 0x00000000800041d6 (0x0aba) x21 0xffffffbf5a034000
core   0: 0x00000000800041d8 (0xc11a8a93) addi    s5, s5, -1007
core   0: 1 0x00000000800041d8 (0xc11a8a93) x21 0xffffffbf5a033c11
core   0: 0x00000000800041dc (0x00f999bb) sllw    s3, s3, a5
core   0: 1 0x00000000800041dc (0x00f999bb) x19 0xffffffffffffffff
core   0: 0x00000000800041e0 (0x036e40b3) div     ra, t3, s6
core   0: 1 0x00000000800041e0 (0x036e40b3) x1  0xffffffffa8501000
core   0: 0x00000000800041e4 (0x9f943637) lui     a2, 0x9f943
core   0: 1 0x00000000800041e4 (0x9f943637) x12 0xffffffff9f943000
core   0: 0x00000000800041e8 (0x13c1f2d3) fmul.d  ft5, ft3, ft8
core   0: 1 0x00000000800041e8 (0x13c1f2d3) f5  0x7ff8000000000000
core   0: 0x00000000800041ec (0x0212e1b3) rem     gp, t0, ra
core   0: 1 0x00000000800041ec (0x0212e1b3) x3  0x0000000000040000
core   0: 0x00000000800041f0 (0x0ff0000f) fence   iorw,iorw
core   0: 1 0x00000000800041f0 (0x0ff0000f)
core   0: 0x00000000800041f4 (0x406bd01b) sraiw   zero, s7, 6
core   0: 1 0x00000000800041f4 (0x406bd01b)
core   0: 0x00000000800041f8 (0x2a9570cb) fnmsub.d ft1, fa0, fs1, ft5
core   0: 1 0x00000000800041f8 (0x2a9570cb) f1  0x7ff8000000000000
core   0: 0x00000000800041fc (0x02054a33) div     s4, a0, zero
core   0: 1 0x00000000800041fc (0x02054a33) x20 0xffffffffffffffff
core   0: 0x0000000080004200 (0x239f8b53) fsgnj.d fs6, ft11, fs9
core   0: 1 0x0000000080004200 (0x239f8b53) f22 0x7fffffff00000000
core   0: 0x0000000080004204 (0x5a08f753) fsqrt.d fa4, fa7
core   0: 1 0x0000000080004204 (0x5a08f753) c1_fflags 0x000000000000000d f14 0x41efffffffffffff
core   0: 0x0000000080004208 (0xd025fed3) fcvt.s.l ft9, a1
core   0: 1 0x0000000080004208 (0xd025fed3) f29 0xffffffffbf800000
core   0: 0x000000008000420c (0x405c80b3) sub     ra, s9, t0
core   0: 1 0x000000008000420c (0x405c80b3) x1  0xfffffffffffc0000
core   0: 0x0000000080004210 (0xfceda937) lui     s2, 0xfceda
core   0: 1 0x0000000080004210 (0xfceda937) x18 0xfffffffffceda000
core   0: 0x0000000080004214 (0xbef9091b) addiw   s2, s2, -1041
core   0: 1 0x0000000080004214 (0xbef9091b) x18 0xfffffffffced9bef
core   0: 0x0000000080004218 (0x00000936) c.slli  s2, 13
core   0: 1 0x0000000080004218 (0x0936) x18 0xffffff9db37de000
core   0: 0x000000008000421a (0x39590913) addi    s2, s2, 917
core   0: 1 0x000000008000421a (0x39590913) x18 0xffffff9db37de395
core   0: 0x000000008000421e (0x001b5d9b) srliw   s11, s6, 1
core   0: 1 0x000000008000421e (0x001b5d9b) x27 0x000000007fffffff
core   0: 0x0000000080004222 (0x409d873b) subw    a4, s11, s1
core   0: 1 0x0000000080004222 (0x409d873b) x14 0x000000007fffffff
core   0: 0x0000000080004226 (0x034e1613) slli    a2, t3, 52
core   0: 1 0x0000000080004226 (0x034e1613) x12 0x0000000000000000
core   0: 0x000000008000422a (0xc2207dd3) fcvt.l.d s11, ft0
core   0: 1 0x000000008000422a (0xc2207dd3) c1_fflags 0x000000000000001d x27 0x7fffffffffffffff
core   0: 0x000000008000422e (0x020071d3) fadd.d  ft3, ft0, ft0
core   0: 1 0x000000008000422e (0x020071d3) f3  0x7ff8000000000000
core   0: 0x0000000080004232 (0x1a01fc53) fdiv.d  fs8, ft3, ft0
core   0: 1 0x0000000080004232 (0x1a01fc53) f24 0x7ff8000000000000
core   0: 0x0000000080004236 (0x417bdbb3) sra     s7, s7, s7
core   0: 1 0x0000000080004236 (0x417bdbb3) x23 0x0000000000000000
core   0: 0x000000008000423a (0x1211f3d3) fmul.d  ft7, ft3, ft1
core   0: 1 0x000000008000423a (0x1211f3d3) f7  0x7ff8000000000000
core   0: 0x000000008000423e (0x011b8a33) add     s4, s7, a7
core   0: 1 0x000000008000423e (0x011b8a33) x20 0x0000000000000000
core   0: 0x0000000080004242 (0x4056d8b3) sra     a7, a3, t0
core   0: 1 0x0000000080004242 (0x4056d8b3) x17 0xfffffffffffffbad
core   0: 0x0000000080004246 (0x401ef453) fcvt.s.d fs0, ft9
core   0: 1 0x0000000080004246 (0x401ef453) f8  0xffffffff7fc00000
core   0: 0x000000008000424a (0xc02d72d3) fcvt.l.s t0, fs10
core   0: 1 0x000000008000424a (0xc02d72d3) c1_fflags 0x000000000000001d x5  0x7fffffffffffffff
core   0: 0x000000008000424e (0xc2367bd3) fcvt.lu.d s7, fa2
core   0: 1 0x000000008000424e (0xc2367bd3) x23 0x0000000000000000
core   0: 0x0000000080004252 (0x030bc6bb) divw    a3, s7, a6
core   0: 1 0x0000000080004252 (0x030bc6bb) x13 0xffffffffffffffff
core   0: 0x0000000080004256 (0x7ff5cc93) xori    s9, a1, 2047
core   0: 1 0x0000000080004256 (0x7ff5cc93) x25 0xfffffffffffff800
core   0: 0x000000008000425a (0xc03270d3) fcvt.lu.s ra, ft4
core   0: 1 0x000000008000425a (0xc03270d3) x1  0x0000000000000000
core   0: 0x000000008000425e (0x013d59bb) srlw    s3, s10, s3
core   0: 1 0x000000008000425e (0x013d59bb) x19 0x0000000000000000
core   0: 0x0000000080004262 (0xf3beff4b) fnmsub.d ft10, ft9, fs11, ft10
core   0: 1 0x0000000080004262 (0xf3beff4b) f30 0x7ff8000000000000
core   0: 0x0000000080004266 (0x00211df3) csrrw   s11, frm, sp
core   0: 1 0x0000000080004266 (0x00211df3) x27 0x0000000000000000 c2_frm 0x0000000000000000
core   0: 0x000000008000426a (0x00f2113b) sllw    sp, tp, a5
core   0: 1 0x000000008000426a (0x00f2113b) x2  0xffffffffa99e8000
core   0: 0x000000008000426e (0xd02efed3) fcvt.s.l ft9, t4
core   0: 1 0x000000008000426e (0xd02efed3) f29 0xffffffff00000000
core   0: 0x0000000080004272 (0x13def8d3) fmul.d  fa7, ft9, ft9
core   0: 1 0x0000000080004272 (0x13def8d3) f17 0x7ff8000000000000
core   0: 0x0000000080004276 (0x017e8ebb) addw    t4, t4, s7
core   0: 1 0x0000000080004276 (0x017e8ebb) x29 0x0000000000000000
core   0: 0x000000008000427a (0x00955b3b) srlw    s6, a0, s1
core   0: 1 0x000000008000427a (0x00955b3b) x22 0x0000000000000000
core   0: 0x000000008000427e (0x01c9541b) srliw   s0, s2, 28
core   0: 1 0x000000008000427e (0x01c9541b) x8  0x000000000000000b
core   0: 0x0000000080004282 (0x401079d3) fcvt.s.d fs3, ft0
core   0: 1 0x0000000080004282 (0x401079d3) f19 0xffffffff7fc00000
core   0: 0x0000000080004286 (0x40cd833b) subw    t1, s11, a2
core   0: 1 0x0000000080004286 (0x40cd833b) x6  0x0000000000000000
core   0: 0x000000008000428a (0x0203ff53) fadd.d  ft10, ft7, ft0
core   0: 1 0x000000008000428a (0x0203ff53) f30 0x7ff8000000000000
core   0: 0x000000008000428e (0xf110d373) csrrwi  t1, mvendorid, 1
core   0: exception trap_illegal_instruction, epc 0x000000008000428e
core   0:           tval 0x00000000f110d373
core   0: >>>>  $xrv64i2p1_m2p0_a2p1_f2p2_d2p2_zicsr2p0_zifencei2p0_zmmul1p0_zba1p0_zbb1p0_zbc1p0_zbs1p0
core   0: 0x0000000080004000 (0x0080006f) j       pc + 0x8
core   0: 3 0x0000000080004000 (0x0080006f)
core   0: >>>>  mmode_exception_handler
core   0: 0x0000000080004008 (0x00002c17) auipc   s8, 0x2
core   0: 3 0x0000000080004008 (0x00002c17) x24 0x0000000080006008
core   0: 0x000000008000400c (0xfd8c0c13) addi    s8, s8, -40
core   0: 3 0x000000008000400c (0xfd8c0c13) x24 0x0000000080005fe0
core   0: 0x0000000080004010 (0x000c00e7) jalr    s8
core   0: 3 0x0000000080004010 (0x000c00e7) x1  0x0000000080004014
core   0: >>>>  any_handler
core   0: 0x0000000080005fe0 (0x341027f3) csrrs   a5, mepc, zero
core   0: 3 0x0000000080005fe0 (0x341027f3) x15 0x000000008000428e
core   0: 0x0000000080005fe4 (0x34202773) csrrs   a4, mcause, zero
core   0: 3 0x0000000080005fe4 (0x34202773) x14 0x0000000000000002
core   0: 0x0000000080005fe8 (0x142026f3) csrrs   a3, scause, zero
core   0: 3 0x0000000080005fe8 (0x142026f3) x13 0x0000000000000000
core   0: 0x0000000080005fec (0x30402673) csrrs   a2, mie, zero
core   0: 3 0x0000000080005fec (0x30402673) x12 0x0000000000000a00
core   0: 0x0000000080005ff0 (0x344025f3) csrrs   a1, mip, zero
core   0: 3 0x0000000080005ff0 (0x344025f3) x11 0x0000000000000080
core   0: 0x0000000080005ff4 (0x343025f3) csrrs   a1, mtval, zero
core   0: 3 0x0000000080005ff4 (0x343025f3) x11 0x00000000f110d373
core   0: 0x0000000080005ff8 (0x14302573) csrrs   a0, stval, zero
core   0: 3 0x0000000080005ff8 (0x14302573) x10 0x0000000000000000
core   0: 0x0000000080005ffc (0xb02024f3) csrrs   s1, minstret, zero
core   0: 3 0x0000000080005ffc (0xb02024f3) x9  0x0000000000000874
core   0: 0x0000000080006000 (0x0000a811) c.j     pc + 20
core   0: 3 0x0000000080006000 (0xa811)
core   0: >>>>  mepc_4
core   0: 0x0000000080006014 (0x00000791) c.addi  a5, 4
core   0: 3 0x0000000080006014 (0x0791) x15 0x0000000080004292
core   0: 0x0000000080006016 (0x34179073) csrrw   zero, mepc, a5
core   0: 3 0x0000000080006016 (0x34179073) c833_mepc 0x0000000080004292
core   0: 0x000000008000601a (0x30200073) mret
core   0: 3 0x000000008000601a (0x30200073) c768_mstatus 0x8000000a00106080
core   0: 0x0000000080004292 (0x02655b33) divu    s6, a0, t1
core   0: 1 0x0000000080004292 (0x02655b33) x22 0xffffffffffffffff
core   0: 0x0000000080004296 (0x401c7c53) fcvt.s.d fs8, fs8
core   0: 1 0x0000000080004296 (0x401c7c53) f24 0xffffffff7fc00000
core   0: 0x000000008000429a (0x00b0c0b3) xor     ra, ra, a1
core   0: 1 0x000000008000429a (0x00b0c0b3) x1  0x0000000071109367
core   0: 0x000000008000429e (0x001e871b) addiw   a4, t4, 1
core   0: 1 0x000000008000429e (0x001e871b) x14 0x0000000000000001
core   0: 0x00000000800042a2 (0x2b3999d3) fmax.d  fs3, fs3, fs3
core   0: 1 0x00000000800042a2 (0x2b3999d3) f19 0x7ff8000000000000
core   0: 0x00000000800042a6 (0x416b5eb3) sra     t4, s6, s6
core   0: 1 0x00000000800042a6 (0x416b5eb3) x29 0xffffffffffffffff
core   0: 0x00000000800042aa (0xd20683d3) fcvt.d.w ft7, a3
core   0: 1 0x00000000800042aa (0xd20683d3) f7  0x0000000000000000
core   0: 0x00000000800042ae (0x40ea5333) sra     t1, s4, a4
core   0: 1 0x00000000800042ae (0x40ea5333) x6  0x0000000000000000
core   0: 0x00000000800042b2 (0x001a971b) slliw   a4, s5, 1
core   0: 1 0x00000000800042b2 (0x001a971b) x14 0xffffffffb4067822
core   0: 0x00000000800042b6 (0x4ebd001b) addiw   zero, s10, 1259
core   0: 1 0x00000000800042b6 (0x4ebd001b)
core   0: 0x00000000800042ba (0x23ef1f53) fsgnjn.d ft10, ft10, ft10
core   0: 1 0x00000000800042ba (0x23ef1f53) f30 0xfff8000000000000
core   0: 0x00000000800042be (0x03100c33) mul     s8, zero, a7
core   0: 1 0x00000000800042be (0x03100c33) x24 0x0000000000000000
core   0: 0x00000000800042c2 (0x00202bf3) csrrs   s7, frm, zero
core   0: 1 0x00000000800042c2 (0x00202bf3) x23 0x0000000000000000
core   0: 0x00000000800042c6 (0x43fadd93) srai    s11, s5, 63
core   0: 1 0x00000000800042c6 (0x43fadd93) x27 0xffffffffffffffff
core   0: 0x00000000800042ca (0x5a0af053) fsqrt.d ft0, fs5
core   0: 1 0x00000000800042ca (0x5a0af053) f0  0x7ff8000000000000
core   0: 0x00000000800042ce (0x420e81d3) fcvt.d.s ft3, ft9
core   0: 1 0x00000000800042ce (0x420e81d3) f3  0x0000000000000000
core   0: 0x00000000800042d2 (0x13d7f8d3) fmul.d  fa7, fa5, ft9
core   0: 1 0x00000000800042d2 (0x13d7f8d3) f17 0x7ff8000000000000
core   0: 0x00000000800042d6 (0x1b18fad3) fdiv.d  fs5, fa7, fa7
core   0: 1 0x00000000800042d6 (0x1b18fad3) f21 0x7ff8000000000000
core   0: 0x00000000800042da (0x02b40d3b) mulw    s10, s0, a1
core   0: 1 0x00000000800042da (0x02b40d3b) x26 0x000000005bb915f1
core   0: 0x00000000800042de (0x4136883b) subw    a6, a3, s3
core   0: 1 0x00000000800042de (0x4136883b) x16 0x0000000000000000
core   0: 0x00000000800042e2 (0x2bad1353) fmax.d  ft6, fs10, fs10
core   0: 1 0x00000000800042e2 (0x2bad1353) f6  0x7ff8000000000000
core   0: 0x00000000800042e6 (0x00221d73) csrrw   s10, frm, tp
core   0: 1 0x00000000800042e6 (0x00221d73) x26 0x0000000000000000 c2_frm 0x0000000000000000
core   0: 0x00000000800042ea (0x41ad58bb) sraw    a7, s10, s10
core   0: 1 0x00000000800042ea (0x41ad58bb) x17 0x0000000000000000
core   0: 0x00000000800042ee (0x41270b3b) subw    s6, a4, s2
core   0: 1 0x00000000800042ee (0x41270b3b) x22 0x000000000088948d
core   0: 0x00000000800042f2 (0x41da073b) subw    a4, s4, t4
core   0: 1 0x00000000800042f2 (0x41da073b) x14 0x0000000000000001
core   0: 0x00000000800042f6 (0x016b7b33) and     s6, s6, s6
core   0: 1 0x00000000800042f6 (0x016b7b33) x22 0x000000000088948d
core   0: 0x00000000800042fa (0x01295933) srl     s2, s2, s2
core   0: 1 0x00000000800042fa (0x01295933) x18 0x000007fffffced9b
core   0: 0x00000000800042fe (0xef1aad13) slti    s10, s5, -271
core   0: 1 0x00000000800042fe (0xef1aad13) x26 0x0000000000000001
core   0: 0x0000000080004302 (0x02eb5b3b) divuw   s6, s6, a4
core   0: 1 0x0000000080004302 (0x02eb5b3b) x22 0x000000000088948d
core   0: 0x0000000080004306 (0xfb9df94b) fnmsub.d fs2, fs11, fs9, ft11
core   0: 1 0x0000000080004306 (0xfb9df94b) f18 0x7ff8000000000000
core   0: 0x000000008000430a (0x0012f293) andi    t0, t0, 1
core   0: 1 0x000000008000430a (0x0012f293) x5  0x0000000000000001
core   0: 0x000000008000430e (0xc03ff853) fcvt.lu.s a6, ft11
core   0: 1 0x000000008000430e (0xc03ff853) x16 0x0000000000000000
core   0: 0x0000000080004312 (0xa22f87d3) fle.d   a5, ft11, ft2
core   0: 1 0x0000000080004312 (0xa22f87d3) c1_fflags 0x000000000000001d x15 0x0000000000000000
core   0: 0x0000000080004316 (0x0398a933) mulhsu  s2, a7, s9
core   0: 1 0x0000000080004316 (0x0398a933) x18 0x0000000000000000
core   0: 0x000000008000431a (0x0192a4b3) slt     s1, t0, s9
core   0: 1 0x000000008000431a (0x0192a4b3) x9  0x0000000000000000
core   0: 0x000000008000431e (0xc207fd53) fcvt.w.d s10, fa5
core   0: 1 0x000000008000431e (0xc207fd53) c1_fflags 0x000000000000001d x26 0x000000007fffffff
core   0: 0x0000000080004322 (0x00a59bbb) sllw    s7, a1, a0
core   0: 1 0x0000000080004322 (0x00a59bbb) x23 0xfffffffff110d373
core   0: 0x0000000080004326 (0x00003b7d) c.addiw s6, -1
core   0: 1 0x0000000080004326 (0x3b7d) x22 0x000000000088948c
core   0: 0x0000000080004328 (0xa2d08093) addi    ra, ra, -1491
core   0: 1 0x0000000080004328 (0xa2d08093) x1  0x0000000071108d94
core   0: 0x000000008000432c (0x0ff0000f) fence   iorw,iorw
core   0: 1 0x000000008000432c (0x0ff0000f)
core   0: 0x0000000080004330 (0x401dff53) fcvt.s.d ft10, fs11
core   0: 1 0x0000000080004330 (0x401dff53) f30 0xffffffff7fc00000
core   0: 0x0000000080004334 (0x0000819a) c.mv    gp, t1
core   0: 1 0x0000000080004334 (0x819a) x3  0x0000000000000000
core   0: 0x0000000080004336 (0x1b26fb53) fdiv.d  fs6, fa3, fs2
core   0: 1 0x0000000080004336 (0x1b26fb53) f22 0x7ff8000000000000
core   0: 0x000000008000433a (0x018c9793) slli    a5, s9, 24
core   0: 1 0x000000008000433a (0x018c9793) x15 0xfffffff800000000
core   0: 0x000000008000433e (0x0ff0000f) fence   iorw,iorw
core   0: 1 0x000000008000433e (0x0ff0000f)
core   0: 0x0000000080004342 (0x00215a33) srl     s4, sp, sp
core   0: 1 0x0000000080004342 (0x00215a33) x20 0xffffffffa99e8000
core   0: 0x0000000080004346 (0x019a1493) slli    s1, s4, 25
core   0: 1 0x0000000080004346 (0x019a1493) x9  0xff533d0000000000
core   0: 0x000000008000434a (0xa398a753) feq.d   a4, fa7, fs9
core   0: 1 0x000000008000434a (0xa398a753) x14 0x0000000000000000
core   0: 0x000000008000434e (0xc208fa53) fcvt.w.d s4, fa7
core   0: 1 0x000000008000434e (0xc208fa53) c1_fflags 0x000000000000001d x20 0x000000007fffffff
core   0: 0x0000000080004352 (0x420b01d3) fcvt.d.s ft3, fs6
core   0: 1 0x0000000080004352 (0x420b01d3) f3  0x7ff8000000000000
core   0: 0x0000000080004356 (0xa32c87d3) fle.d   a5, fs9, fs2
core   0: 1 0x0000000080004356 (0xa32c87d3) c1_fflags 0x000000000000001d x15 0x0000000000000000
core   0: 0x000000008000435a (0x00102573) csrrs   a0, fflags, zero
core   0: 1 0x000000008000435a (0x00102573) x10 0x000000000000001d
core   0: 0x000000008000435e (0x00202173) csrrs   sp, frm, zero
core   0: 1 0x000000008000435e (0x00202173) x2  0x0000000000000000
core   0: 0x0000000080004362 (0x00e8ac33) slt     s8, a7, a4
core   0: 1 0x0000000080004362 (0x00e8ac33) x24 0x0000000000000000
core   0: 0x0000000080004366 (0x02dec0b3) div     ra, t4, a3
core   0: 1 0x0000000080004366 (0x02dec0b3) x1  0xffffffffffffffff
core   0: 0x000000008000436a (0x029ef533) remu    a0, t4, s1
core   0: 1 0x000000008000436a (0x029ef533) x10 0x00acc2ffffffffff
core   0: 0x000000008000436e (0x4011f153) fcvt.s.d ft2, ft3
core   0: 1 0x000000008000436e (0x4011f153) f2  0xffffffff7fc00000
core   0: 0x0000000080004372 (0x01499a3b) sllw    s4, s3, s4
core   0: 1 0x0000000080004372 (0x01499a3b) x20 0x0000000000000000
core   0: 0x0000000080004376 (0x008d8533) add     a0, s11, s0
core   0: 1 0x0000000080004376 (0x008d8533) x10 0x000000000000000a
core   0: 0x000000008000437a (0x01ddd3b3) srl     t2, s11, t4
core   0: 1 0x000000008000437a (0x01ddd3b3) x7  0x0000000000000001
core   0: 0x000000008000437e (0x13e07f53) fmul.d  ft10, ft0, ft10
core   0: 1 0x000000008000437e (0x13e07f53) f30 0x7ff8000000000000
core   0: 0x0000000080004382 (0x0050103b) sllw    zero, zero, t0
core   0: 1 0x0000000080004382 (0x0050103b)
core   0: 0x0000000080004386 (0x02c2c5b3) div     a1, t0, a2
core   0: 1 0x0000000080004386 (0x02c2c5b3) x11 0x0000000000000000
core   0: 0x000000008000438a (0xe37e7bc7) fmsub.d fs7, ft8, fs7, ft8
core   0: 1 0x000000008000438a (0xe37e7bc7) f23 0x7ff8000000000000
core   0: 0x000000008000438e (0x028c5e37) lui     t3, 0x28c5
core   0: 1 0x000000008000438e (0x028c5e37) x28 0x00000000028c5000
core   0: 0x0000000080004392 (0xbbfe0e1b) addiw   t3, t3, -1089
core   0: 1 0x0000000080004392 (0xbbfe0e1b) x28 0x00000000028c4bbf
core   0: 0x0000000080004396 (0x00000e32) c.slli  t3, 12
core   0: 1 0x0000000080004396 (0x0e32) x28 0x00000028c4bbf000
core   0: 0x0000000080004398 (0xafde0e13) addi    t3, t3, -1283
core   0: 1 0x0000000080004398 (0xafde0e13) x28 0x00000028c4bbeafd
core   0: 0x000000008000439c (0x01a792b3) sll     t0, a5, s10
core   0: 1 0x000000008000439c (0x01a792b3) x5  0x0000000000000000
core   0: 0x00000000800043a0 (0xd022f4d3) fcvt.s.l fs1, t0
core   0: 1 0x00000000800043a0 (0xd022f4d3) f9  0xffffffff00000000
core   0: 0x00000000800043a4 (0x001026f3) csrrs   a3, fflags, zero
core   0: 1 0x00000000800043a4 (0x001026f3) x13 0x000000000000001d
core   0: 0x00000000800043a8 (0xb4ca851b) addiw   a0, s5, -1204
core   0: 1 0x00000000800043a8 (0xb4ca851b) x10 0x000000005a03375d
core   0: 0x00000000800043ac (0x013c85bb) addw    a1, s9, s3
core   0: 1 0x00000000800043ac (0x013c85bb) x11 0xfffffffffffff800
core   0: 0x00000000800043b0 (0x0019f0b3) and     ra, s3, ra
core   0: 1 0x00000000800043b0 (0x0019f0b3) x1  0x0000000000000000
core   0: 0x00000000800043b4 (0x3209b573) csrrc   a0, mcountinhibit, s3
core   0: exception trap_illegal_instruction, epc 0x00000000800043b4
core   0:           tval 0x000000003209b573
core   0: >>>>  $xrv64i2p1_m2p0_a2p1_f2p2_d2p2_zicsr2p0_zifencei2p0_zmmul1p0_zba1p0_zbb1p0_zbc1p0_zbs1p0
core   0: 0x0000000080004000 (0x0080006f) j       pc + 0x8
core   0: 3 0x0000000080004000 (0x0080006f)
core   0: >>>>  mmode_exception_handler
core   0: 0x0000000080004008 (0x00002c17) auipc   s8, 0x2
core   0: 3 0x0000000080004008 (0x00002c17) x24 0x0000000080006008
core   0: 0x000000008000400c (0xfd8c0c13) addi    s8, s8, -40
core   0: 3 0x000000008000400c (0xfd8c0c13) x24 0x0000000080005fe0
core   0: 0x0000000080004010 (0x000c00e7) jalr    s8
core   0: 3 0x0000000080004010 (0x000c00e7) x1  0x0000000080004014
core   0: >>>>  any_handler
core   0: 0x0000000080005fe0 (0x341027f3) csrrs   a5, mepc, zero
core   0: 3 0x0000000080005fe0 (0x341027f3) x15 0x00000000800043b4
core   0: 0x0000000080005fe4 (0x34202773) csrrs   a4, mcause, zero
core   0: 3 0x0000000080005fe4 (0x34202773) x14 0x0000000000000002
core   0: 0x0000000080005fe8 (0x142026f3) csrrs   a3, scause, zero
core   0: 3 0x0000000080005fe8 (0x142026f3) x13 0x0000000000000000
core   0: 0x0000000080005fec (0x30402673) csrrs   a2, mie, zero
core   0: 3 0x0000000080005fec (0x30402673) x12 0x0000000000000a00
core   0: 0x0000000080005ff0 (0x344025f3) csrrs   a1, mip, zero
core   0: 3 0x0000000080005ff0 (0x344025f3) x11 0x0000000000000080
core   0: 0x0000000080005ff4 (0x343025f3) csrrs   a1, mtval, zero
core   0: 3 0x0000000080005ff4 (0x343025f3) x11 0x000000003209b573
core   0: 0x0000000080005ff8 (0x14302573) csrrs   a0, stval, zero
core   0: 3 0x0000000080005ff8 (0x14302573) x10 0x0000000000000000
core   0: 0x0000000080005ffc (0xb02024f3) csrrs   s1, minstret, zero
core   0: 3 0x0000000080005ffc (0xb02024f3) x9  0x00000000000008ce
core   0: 0x0000000080006000 (0x0000a811) c.j     pc + 20
core   0: 3 0x0000000080006000 (0xa811)
core   0: >>>>  mepc_4
core   0: 0x0000000080006014 (0x00000791) c.addi  a5, 4
core   0: 3 0x0000000080006014 (0x0791) x15 0x00000000800043b8
core   0: 0x0000000080006016 (0x34179073) csrrw   zero, mepc, a5
core   0: 3 0x0000000080006016 (0x34179073) c833_mepc 0x00000000800043b8
core   0: 0x000000008000601a (0x30200073) mret
core   0: 3 0x000000008000601a (0x30200073) c768_mstatus 0x8000000a00106080
core   0: 0x00000000800043b8 (0xf2050ed3) fmv.d.x ft9, a0
core   0: 1 0x00000000800043b8 (0xf2050ed3) f29 0x0000000000000000
core   0: 0x00000000800043bc (0x82e34613) xori    a2, t1, -2002
core   0: 1 0x00000000800043bc (0x82e34613) x12 0xfffffffffffff82e
core   0: 0x00000000800043c0 (0x4380de13) srai    t3, ra, 56
core   0: 1 0x00000000800043c0 (0x4380de13) x28 0x0000000000000000
core   0: 0x00000000800043c4 (0x005d64b3) or      s1, s10, t0
core   0: 1 0x00000000800043c4 (0x005d64b3) x9  0x000000007fffffff
core   0: 0x00000000800043c8 (0x00a2521b) srliw   tp, tp, 10
core   0: 1 0x00000000800043c8 (0x00a2521b) x4  0x00000000002a67a0
core   0: 0x00000000800043cc (0x80026b13) ori     s6, tp, -2048
core   0: 1 0x00000000800043cc (0x80026b13) x22 0xffffffffffffffa0
core   0: 0x00000000800043d0 (0x03510333) mul     t1, sp, s5
core   0: 1 0x00000000800043d0 (0x03510333) x6  0x0000000000000000
core   0: 0x00000000800043d4 (0xa3ef7f43) fmadd.d ft10, ft10, ft10, fs4
core   0: 1 0x00000000800043d4 (0xa3ef7f43) f30 0x7ff8000000000000
core   0: 0x00000000800043d8 (0x00009493) slli    s1, ra, 0
core   0: 1 0x00000000800043d8 (0x00009493) x9  0x0000000080004014
core   0: 0x00000000800043dc (0x0094993b) sllw    s2, s1, s1
core   0: 1 0x00000000800043dc (0x0094993b) x18 0x0000000001400000
core   0: 0x00000000800043e0 (0x00127a13) andi    s4, tp, 1
core   0: 1 0x00000000800043e0 (0x00127a13) x20 0x0000000000000000
core   0: 0x00000000800043e4 (0x030a683b) remw    a6, s4, a6
core   0: 1 0x00000000800043e4 (0x030a683b) x16 0x0000000000000000
core   0: 0x00000000800043e8 (0x2aaf8ad3) fmin.d  fs5, ft11, fa0
core   0: 1 0x00000000800043e8 (0x2aaf8ad3) f21 0x7ff8000000000000
core   0: 0x00000000800043ec (0x00e75133) srl     sp, a4, a4
core   0: 1 0x00000000800043ec (0x00e75133) x2  0x0000000000000000
core   0: 0x00000000800043f0 (0x0373763b) remuw   a2, t1, s7
core   0: 1 0x00000000800043f0 (0x0373763b) x12 0x0000000000000000
core   0: 0x00000000800043f4 (0x034b0b33) mul     s6, s6, s4
core   0: 1 0x00000000800043f4 (0x034b0b33) x22 0x0000000000000000
core   0: 0x00000000800043f8 (0x025b1d33) mulh    s10, s6, t0
core   0: 1 0x00000000800043f8 (0x025b1d33) x26 0x0000000000000000
core   0: 0x00000000800043fc (0x00000001) c.nop
core   0: 1 0x00000000800043fc (0x0001)
core   0: 0x00000000800043fe (0x22baae53) fsgnjx.d ft8, fs5, fa1
core   0: 1 0x00000000800043fe (0x22baae53) f28 0x7ff8000000000000
core   0: 0x0000000080004402 (0x0294aeb3) mulhsu  t4, s1, s1
core   0: 1 0x0000000080004402 (0x0294aeb3) x29 0x0000000000000000
core   0: 0x0000000080004406 (0xd03af253) fcvt.s.lu ft4, s5
core   0: 1 0x0000000080004406 (0xd03af253) c1_fflags 0x000000000000001d f4  0xffffffff5f800000
core   0: 0x000000008000440a (0xb38875c3) fmadd.d fa1, fa6, fs8, fs6
core   0: 1 0x000000008000440a (0xb38875c3) f11 0x7ff8000000000000
core   0: 0x000000008000440e (0x00776733) or      a4, a4, t2
core   0: 1 0x000000008000440e (0x00776733) x14 0x0000000000000003
core   0: 0x0000000080004412 (0xc20b7553) fcvt.w.d a0, fs6
core   0: 1 0x0000000080004412 (0xc20b7553) c1_fflags 0x000000000000001d x10 0x000000007fffffff
core   0: 0x0000000080004416 (0x012d033b) addw    t1, s10, s2
core   0: 1 0x0000000080004416 (0x012d033b) x6  0x0000000001400000
core   0: 0x000000008000441a (0xc21dfad3) fcvt.wu.d s5, fs11
core   0: 1 0x000000008000441a (0xc21dfad3) c1_fflags 0x000000000000001d x21 0xffffffffffffffff
core   0: 0x000000008000441e (0xd22773d3) fcvt.d.l ft7, a4
core   0: 1 0x000000008000441e (0xd22773d3) f7  0x4008000000000000
core   0: 0x0000000080004422 (0x0007903b) sllw    zero, a5, zero
core   0: 1 0x0000000080004422 (0x0007903b)
core   0: 0x0000000080004426 (0x0000986a) c.add   a6, s10
core   0: 1 0x0000000080004426 (0x986a) x16 0x0000000000000000
core   0: 0x0000000080004428 (0xc03778d3) fcvt.lu.s a7, fa4
core   0: 1 0x0000000080004428 (0xc03778d3) c1_fflags 0x000000000000001d x17 0xffffffffffffffff
core   0: 0x000000008000442c (0x32a7f443) fmadd.d fs0, fa5, fa0, ft6
core   0: 1 0x000000008000442c (0x32a7f443) f8  0x7ff8000000000000
core   0: 0x0000000080004430 (0xd21e0753) fcvt.d.wu fa4, t3
core   0: 1 0x0000000080004430 (0xd21e0753) f14 0x0000000000000000
core   0: 0x0000000080004434 (0xd0367753) fcvt.s.lu fa4, a2
core   0: 1 0x0000000080004434 (0xd0367753) f14 0xffffffff00000000
core   0: 0x0000000080004438 (0x409657bb) sraw    a5, a2, s1
core   0: 1 0x0000000080004438 (0x409657bb) x15 0x0000000000000000
core   0: 0x000000008000443c (0x406eda93) srai    s5, t4, 6
core   0: 1 0x000000008000443c (0x406eda93) x21 0x0000000000000000
core   0: 0x0000000080004440 (0x1a377153) fdiv.d  ft2, fa4, ft3
core   0: 1 0x0000000080004440 (0x1a377153) f2  0x7ff8000000000000
core   0: 0x0000000080004444 (0x40167dd3) fcvt.s.d fs11, fa2
core   0: 1 0x0000000080004444 (0x40167dd3) f27 0xffffffff00000000
core   0: 0x0000000080004448 (0x36510593) addi    a1, sp, 869
core   0: 1 0x0000000080004448 (0x36510593) x11 0x0000000000000365
core   0: 0x000000008000444c (0x4fb4811b) addiw   sp, s1, 1275
core   0: 1 0x000000008000444c (0x4fb4811b) x2  0xffffffff8000450f
core   0: 0x0000000080004450 (0x00000001) c.nop
core   0: 1 0x0000000080004450 (0x0001)
core   0: 0x0000000080004452 (0x00008ef5) c.and   a3, a3
core   0: 1 0x0000000080004452 (0x8ef5) x13 0x0000000000000000
core   0: 0x0000000080004454 (0x23b39dd3) fsgnjn.d fs11, ft7, fs11
core   0: 1 0x0000000080004454 (0x23b39dd3) f27 0x4008000000000000
core   0: 0x0000000080004458 (0x41f1529b) sraiw   t0, sp, 31
core   0: 1 0x0000000080004458 (0x41f1529b) x5  0xffffffffffffffff
core   0: 0x000000008000445c (0xdb6670cf) fnmadd.d ft1, fa2, fs6, fs11
core   0: 1 0x000000008000445c (0xdb6670cf) f1  0x7ff8000000000000
core   0: 0x0000000080004460 (0x00291bf3) csrrw   s7, frm, s2
core   0: 1 0x0000000080004460 (0x00291bf3) x23 0x0000000000000000 c2_frm 0x0000000000000000
core   0: 0x0000000080004464 (0x419c81b3) sub     gp, s9, s9
core   0: 1 0x0000000080004464 (0x419c81b3) x3  0x0000000000000000
core   0: 0x0000000080004468 (0x01fb9b9b) slliw   s7, s7, 31
core   0: 1 0x0000000080004468 (0x01fb9b9b) x23 0x0000000000000000
core   0: 0x000000008000446c (0x00139ef3) csrrw   t4, fflags, t2
core   0: 1 0x000000008000446c (0x00139ef3) x29 0x000000000000001d c1_fflags 0x0000000000000001
core   0: 0x0000000080004470 (0x420506d3) fcvt.d.s fa3, fa0
core   0: 1 0x0000000080004470 (0x420506d3) f13 0x0000000000000000
core   0: 0x0000000080004474 (0x018eaa33) slt     s4, t4, s8
core   0: 1 0x0000000080004474 (0x018eaa33) x20 0x0000000000000001
core   0: 0x0000000080004478 (0x02a45433) divu    s0, s0, a0
core   0: 1 0x0000000080004478 (0x02a45433) x8  0x0000000000000000
core   0: 0x000000008000447c (0x021afad3) fadd.d  fs5, fs5, ft1
core   0: 1 0x000000008000447c (0x021afad3) f21 0x7ff8000000000000
core   0: 0x0000000080004480 (0x03debcb3) mulhu   s9, t4, t4
core   0: 1 0x0000000080004480 (0x03debcb3) x25 0x0000000000000000
core   0: 0x0000000080004484 (0x53266797) auipc   a5, 0x53266
core   0: 1 0x0000000080004484 (0x53266797) x15 0x00000000d326a484
core   0: 0x0000000080004488 (0xc02a7453) fcvt.l.s s0, fs4
core   0: 1 0x0000000080004488 (0xc02a7453) c1_fflags 0x0000000000000011 x8  0x7fffffffffffffff
core   0: 0x000000008000448c (0x0216e213) ori     tp, a3, 33
core   0: 1 0x000000008000448c (0x0216e213) x4  0x0000000000000021
core   0: 0x0000000080004490 (0x236e1bd3) fsgnjn.d fs7, ft8, fs6
core   0: 1 0x0000000080004490 (0x236e1bd3) f23 0xfff8000000000000
core   0: 0x0000000080004494 (0x0007961b) slliw   a2, a5, 0
core   0: 1 0x0000000080004494 (0x0007961b) x12 0xffffffffd326a484
core   0: 0x0000000080004498 (0xc2357cd3) fcvt.lu.d s9, fa0
core   0: 1 0x0000000080004498 (0xc2357cd3) c1_fflags 0x0000000000000011 x25 0xffffffffffffffff
core   0: 0x000000008000449c (0xc20b7853) fcvt.w.d a6, fs6
core   0: 1 0x000000008000449c (0xc20b7853) c1_fflags 0x0000000000000011 x16 0x000000007fffffff
core   0: 0x00000000800044a0 (0x40147dd3) fcvt.s.d fs11, fs0
core   0: 1 0x00000000800044a0 (0x40147dd3) f27 0xffffffff7fc00000
core   0: 0x00000000800044a4 (0xa21d8b53) fle.d   s6, fs11, ft1
core   0: 1 0x00000000800044a4 (0xa21d8b53) c1_fflags 0x0000000000000011 x22 0x0000000000000000
core   0: 0x00000000800044a8 (0x01ced133) srl     sp, t4, t3
core   0: 1 0x00000000800044a8 (0x01ced133) x2  0x000000000000001d
core   0: 0x00000000800044ac (0xdb3bf9cb) fnmsub.d fs3, fs7, fs3, fs11
core   0: 1 0x00000000800044ac (0xdb3bf9cb) f19 0x7ff8000000000000
core   0: 0x00000000800044b0 (0xf2010153) fmv.d.x ft2, sp
core   0: 1 0x00000000800044b0 (0xf2010153) f2  0x000000000000001d
core   0: 0x00000000800044b4 (0x02e750bb) divuw   ra, a4, a4
core   0: 1 0x00000000800044b4 (0x02e750bb) x1  0x0000000000000001
core   0: 0x00000000800044b8 (0x018d1d33) sll     s10, s10, s8
core   0: 1 0x00000000800044b8 (0x018d1d33) x26 0x0000000000000000
core   0: 0x00000000800044bc (0x022e52bb) divuw   t0, t3, sp
core   0: 1 0x00000000800044bc (0x022e52bb) x5  0x0000000000000000
core   0: 0x00000000800044c0 (0xa3417ccb) fnmsub.d fs9, ft2, fs4, fs4
core   0: 1 0x00000000800044c0 (0xa3417ccb) f25 0x7ff8000000000000
core   0: 0x00000000800044c4 (0x412d0b3b) subw    s6, s10, s2
core   0: 1 0x00000000800044c4 (0x412d0b3b) x22 0xfffffffffec00000
core   0: 0x00000000800044c8 (0xd02b72d3) fcvt.s.l ft5, s6
core   0: 1 0x00000000800044c8 (0xd02b72d3) f5  0xffffffffcba00000
core   0: 0x00000000800044cc (0xa34287d3) fle.d   a5, ft5, fs4
core   0: 1 0x00000000800044cc (0xa34287d3) c1_fflags 0x0000000000000011 x15 0x0000000000000000
core   0: 0x00000000800044d0 (0x0029ebb3) or      s7, s3, sp
core   0: 1 0x00000000800044d0 (0x0029ebb3) x23 0x000000000000001d
core   0: 0x00000000800044d4 (0xd21886d3) fcvt.d.wu fa3, a7
core   0: 1 0x00000000800044d4 (0xd21886d3) f13 0x41efffffffe00000
core   0: 0x00000000800044d8 (0x02726737) lui     a4, 0x2726
core   0: 1 0x00000000800044d8 (0x02726737) x14 0x0000000002726000
core   0: 0x00000000800044dc (0x40b7071b) addiw   a4, a4, 1035
core   0: 1 0x00000000800044dc (0x40b7071b) x14 0x000000000272640b
core   0: 0x00000000800044e0 (0x00000732) c.slli  a4, 12
core   0: 1 0x00000000800044e0 (0x0732) x14 0x000000272640b000
core   0: 0x00000000800044e2 (0x9cc70713) addi    a4, a4, -1588
core   0: 1 0x00000000800044e2 (0x9cc70713) x14 0x000000272640a9cc
core   0: 0x00000000800044e6 (0x01c2583b) srlw    a6, tp, t3
core   0: 1 0x00000000800044e6 (0x01c2583b) x16 0x0000000000000021
core   0: 0x00000000800044ea (0x01981093) slli    ra, a6, 25
core   0: 1 0x00000000800044ea (0x01981093) x1  0x0000000042000000
core   0: 0x00000000800044ee (0x34207773) csrrci  a4, mcause, 0
core   0: exception trap_illegal_instruction, epc 0x00000000800044ee
core   0:           tval 0x0000000034207773
core   0: >>>>  $xrv64i2p1_m2p0_a2p1_f2p2_d2p2_zicsr2p0_zifencei2p0_zmmul1p0_zba1p0_zbb1p0_zbc1p0_zbs1p0
core   0: 0x0000000080004000 (0x0080006f) j       pc + 0x8
core   0: 3 0x0000000080004000 (0x0080006f)
core   0: >>>>  mmode_exception_handler
core   0: 0x0000000080004008 (0x00002c17) auipc   s8, 0x2
core   0: 3 0x0000000080004008 (0x00002c17) x24 0x0000000080006008
core   0: 0x000000008000400c (0xfd8c0c13) addi    s8, s8, -40
core   0: 3 0x000000008000400c (0xfd8c0c13) x24 0x0000000080005fe0
core   0: 0x0000000080004010 (0x000c00e7) jalr    s8
core   0: 3 0x0000000080004010 (0x000c00e7) x1  0x0000000080004014
core   0: >>>>  any_handler
core   0: 0x0000000080005fe0 (0x341027f3) csrrs   a5, mepc, zero
core   0: 3 0x0000000080005fe0 (0x341027f3) x15 0x00000000800044ee
core   0: 0x0000000080005fe4 (0x34202773) csrrs   a4, mcause, zero
core   0: 3 0x0000000080005fe4 (0x34202773) x14 0x0000000000000002
core   0: 0x0000000080005fe8 (0x142026f3) csrrs   a3, scause, zero
core   0: 3 0x0000000080005fe8 (0x142026f3) x13 0x0000000000000000
core   0: 0x0000000080005fec (0x30402673) csrrs   a2, mie, zero
core   0: 3 0x0000000080005fec (0x30402673) x12 0x0000000000000a00
core   0: 0x0000000080005ff0 (0x344025f3) csrrs   a1, mip, zero
core   0: 3 0x0000000080005ff0 (0x344025f3) x11 0x0000000000000080
core   0: 0x0000000080005ff4 (0x343025f3) csrrs   a1, mtval, zero
core   0: 3 0x0000000080005ff4 (0x343025f3) x11 0x0000000034207773
core   0: 0x0000000080005ff8 (0x14302573) csrrs   a0, stval, zero
core   0: 3 0x0000000080005ff8 (0x14302573) x10 0x0000000000000000
core   0: 0x0000000080005ffc (0xb02024f3) csrrs   s1, minstret, zero
core   0: 3 0x0000000080005ffc (0xb02024f3) x9  0x000000000000092e
core   0: 0x0000000080006000 (0x0000a811) c.j     pc + 20
core   0: 3 0x0000000080006000 (0xa811)
core   0: >>>>  mepc_4
core   0: 0x0000000080006014 (0x00000791) c.addi  a5, 4
core   0: 3 0x0000000080006014 (0x0791) x15 0x00000000800044f2
core   0: 0x0000000080006016 (0x34179073) csrrw   zero, mepc, a5
core   0: 3 0x0000000080006016 (0x34179073) c833_mepc 0x00000000800044f2
core   0: 0x000000008000601a (0x30200073) mret
core   0: 3 0x000000008000601a (0x30200073) c768_mstatus 0x8000000a00106080
core   0: 0x00000000800044f2 (0x02960533) mul     a0, a2, s1
core   0: 1 0x00000000800044f2 (0x02960533) x10 0x00000000005bcc00
core   0: 0x00000000800044f6 (0x02aa8ab3) mul     s5, s5, a0
core   0: 1 0x00000000800044f6 (0x02aa8ab3) x21 0x0000000000000000
core   0: 0x00000000800044fa (0xfa75f143) fmadd.d ft2, fa1, ft7, ft11
core   0: 1 0x00000000800044fa (0xfa75f143) f2  0x7ff8000000000000
core   0: 0x00000000800044fe (0x02caae33) mulhsu  t3, s5, a2
core   0: 1 0x00000000800044fe (0x02caae33) x28 0x0000000000000000
core   0: 0x0000000080004502 (0x08fe7c93) andi    s9, t3, 143
core   0: 1 0x0000000080004502 (0x08fe7c93) x25 0x0000000000000000
core   0: 0x0000000080004506 (0xd2267353) fcvt.d.l ft6, a2
core   0: 1 0x0000000080004506 (0xd2267353) f6  0x40a4000000000000
core   0: 0x000000008000450a (0x71e207b7) lui     a5, 0x71e20
core   0: 1 0x000000008000450a (0x71e207b7) x15 0x0000000071e20000
core   0: 0x000000008000450e (0x01bc80bb) addw    ra, s9, s11
core   0: 1 0x000000008000450e (0x01bc80bb) x1  0xffffffffffffffff
core   0: 0x0000000080004512 (0x01f2561b) srliw   a2, tp, 31
core   0: 1 0x0000000080004512 (0x01f2561b) x12 0x0000000000000000
core   0: 0x0000000080004516 (0x02f266b3) rem     a3, tp, a5
core   0: 1 0x0000000080004516 (0x02f266b3) x13 0x0000000000000021
core   0: 0x000000008000451a (0x406e5d1b) sraiw   s10, t3, 6
core   0: 1 0x000000008000451a (0x406e5d1b) x26 0x0000000000000000
core   0: 0x000000008000451e (0x0031903b) sllw    zero, gp, gp
core   0: 1 0x000000008000451e (0x0031903b)
core   0: 0x0000000080004522 (0x01bc91bb) sllw    gp, s9, s11
core   0: 1 0x0000000080004522 (0x01bc91bb) x3  0x0000000000000000
core   0: 0x0000000080004526 (0x0298f4b3) remu    s1, a7, s1
core   0: 1 0x0000000080004526 (0x0298f4b3) x9  0x00000000000000a5
core   0: 0x000000008000452a (0xa2b10bd3) fle.d   s7, ft2, fa1
core   0: 1 0x000000008000452a (0xa2b10bd3) c1_fflags 0x0000000000000011 x23 0x0000000000000000
core   0: 0x000000008000452e (0xf2098953) fmv.d.x fs2, s3
core   0: 1 0x000000008000452e (0xf2098953) f18 0x0000000000000000
core   0: 0x0000000080004532 (0xf145a073) csrrs   zero, mhartid, a1
core   0: exception trap_illegal_instruction, epc 0x0000000080004532
core   0:           tval 0x00000000f145a073
core   0: >>>>  $xrv64i2p1_m2p0_a2p1_f2p2_d2p2_zicsr2p0_zifencei2p0_zmmul1p0_zba1p0_zbb1p0_zbc1p0_zbs1p0
core   0: 0x0000000080004000 (0x0080006f) j       pc + 0x8
core   0: 3 0x0000000080004000 (0x0080006f)
core   0: >>>>  mmode_exception_handler
core   0: 0x0000000080004008 (0x00002c17) auipc   s8, 0x2
core   0: 3 0x0000000080004008 (0x00002c17) x24 0x0000000080006008
core   0: 0x000000008000400c (0xfd8c0c13) addi    s8, s8, -40
core   0: 3 0x000000008000400c (0xfd8c0c13) x24 0x0000000080005fe0
core   0: 0x0000000080004010 (0x000c00e7) jalr    s8
core   0: 3 0x0000000080004010 (0x000c00e7) x1  0x0000000080004014
core   0: >>>>  any_handler
core   0: 0x0000000080005fe0 (0x341027f3) csrrs   a5, mepc, zero
core   0: 3 0x0000000080005fe0 (0x341027f3) x15 0x0000000080004532
core   0: 0x0000000080005fe4 (0x34202773) csrrs   a4, mcause, zero
core   0: 3 0x0000000080005fe4 (0x34202773) x14 0x0000000000000002
core   0: 0x0000000080005fe8 (0x142026f3) csrrs   a3, scause, zero
core   0: 3 0x0000000080005fe8 (0x142026f3) x13 0x0000000000000000
core   0: 0x0000000080005fec (0x30402673) csrrs   a2, mie, zero
core   0: 3 0x0000000080005fec (0x30402673) x12 0x0000000000000a00
core   0: 0x0000000080005ff0 (0x344025f3) csrrs   a1, mip, zero
core   0: 3 0x0000000080005ff0 (0x344025f3) x11 0x0000000000000080
core   0: 0x0000000080005ff4 (0x343025f3) csrrs   a1, mtval, zero
core   0: 3 0x0000000080005ff4 (0x343025f3) x11 0x00000000f145a073
core   0: 0x0000000080005ff8 (0x14302573) csrrs   a0, stval, zero
core   0: 3 0x0000000080005ff8 (0x14302573) x10 0x0000000000000000
core   0: 0x0000000080005ffc (0xb02024f3) csrrs   s1, minstret, zero
core   0: 3 0x0000000080005ffc (0xb02024f3) x9  0x000000000000094e
core   0: 0x0000000080006000 (0x0000a811) c.j     pc + 20
core   0: 3 0x0000000080006000 (0xa811)
core   0: >>>>  mepc_4
core   0: 0x0000000080006014 (0x00000791) c.addi  a5, 4
core   0: 3 0x0000000080006014 (0x0791) x15 0x0000000080004536
core   0: 0x0000000080006016 (0x34179073) csrrw   zero, mepc, a5
core   0: 3 0x0000000080006016 (0x34179073) c833_mepc 0x0000000080004536
core   0: 0x000000008000601a (0x30200073) mret
core   0: 3 0x000000008000601a (0x30200073) c768_mstatus 0x8000000a00106080
core   0: 0x0000000080004536 (0x00000001) c.nop
core   0: 1 0x0000000080004536 (0x0001)
core   0: 0x0000000080004538 (0x234b0253) fsgnj.d ft4, fs6, fs4
core   0: 1 0x0000000080004538 (0x234b0253) f4  0xfff8000000000000
core   0: 0x000000008000453c (0xf20e8c53) fmv.d.x fs8, t4
core   0: 1 0x000000008000453c (0xf20e8c53) f24 0x000000000000001d
core   0: 0x0000000080004540 (0x0ff0000f) fence   iorw,iorw
core   0: 1 0x0000000080004540 (0x0ff0000f)
core   0: 0x0000000080004544 (0x0265a8b3) mulhsu  a7, a1, t1
core   0: 1 0x0000000080004544 (0x0265a8b3) x17 0x0000000000000000
core   0: 0x0000000080004548 (0x4130003b) subw    zero, zero, s3
core   0: 1 0x0000000080004548 (0x4130003b)
core   0: 0x000000008000454c (0x00a4d89b) srliw   a7, s1, 10
core   0: 1 0x000000008000454c (0x00a4d89b) x17 0x0000000000000002
core   0: 0x0000000080004550 (0x41650b3b) subw    s6, a0, s6
core   0: 1 0x0000000080004550 (0x41650b3b) x22 0x0000000001400000
core   0: 0x0000000080004554 (0x2a049bd3) fmax.d  fs7, fs1, ft0
core   0: 1 0x0000000080004554 (0x2a049bd3) f23 0x7ff8000000000000
core   0: 0x0000000080004558 (0x00000001) c.nop
core   0: 1 0x0000000080004558 (0x0001)
core   0: 0x000000008000455a (0xa3158253) fle.d   tp, fa1, fa7
core   0: 1 0x000000008000455a (0xa3158253) c1_fflags 0x0000000000000011 x4  0x0000000000000000
core   0: 0x000000008000455e (0x03b65d3b) divuw   s10, a2, s11
core   0: 1 0x000000008000455e (0x03b65d3b) x26 0x0000000000000000
core   0: 0x0000000080004562 (0xdbe5d737) lui     a4, 0xdbe5d
core   0: 1 0x0000000080004562 (0xdbe5d737) x14 0xffffffffdbe5d000
core   0: 0x0000000080004566 (0x011dd413) srli    s0, s11, 17
core   0: 1 0x0000000080004566 (0x011dd413) x8  0x00007fffffffffff
core   0: 0x000000008000456a (0xed9bf213) andi    tp, s7, -295
core   0: 1 0x000000008000456a (0xed9bf213) x4  0x0000000000000000
core   0: 0x000000008000456e (0x14405d73) csrrwi  s10, sip, 0
core   0: 1 0x000000008000456e (0x14405d73) x26 0x0000000000000000 c836_mip 0x0000000000000080
core   0: 0x0000000080004572 (0x2220ae53) fsgnjx.d ft8, ft1, ft2
core   0: 1 0x0000000080004572 (0x2220ae53) f28 0x7ff8000000000000
core   0: 0x0000000080004576 (0x001b5293) srli    t0, s6, 1
core   0: 1 0x0000000080004576 (0x001b5293) x5  0x0000000000a00000
core   0: 0x000000008000457a (0x02211333) mulh    t1, sp, sp
core   0: 1 0x000000008000457a (0x02211333) x6  0x0000000000000000
core   0: 0x000000008000457e (0xd2277f53) fcvt.d.l ft10, a4
core   0: 1 0x000000008000457e (0xd2277f53) f30 0xc1c20d1800000000
core   0: 0x0000000080004582 (0x40ab8533) sub     a0, s7, a0
core   0: 1 0x0000000080004582 (0x40ab8533) x10 0x0000000000000000
core   0: 0x0000000080004586 (0xc200f553) fcvt.w.d a0, ft1
core   0: 1 0x0000000080004586 (0xc200f553) c1_fflags 0x0000000000000011 x10 0x000000007fffffff
core   0: 0x000000008000458a (0xf1305173) csrrwi  sp, mimpid, 0
core   0: exception trap_illegal_instruction, epc 0x000000008000458a
core   0:           tval 0x00000000f1305173
core   0: >>>>  $xrv64i2p1_m2p0_a2p1_f2p2_d2p2_zicsr2p0_zifencei2p0_zmmul1p0_zba1p0_zbb1p0_zbc1p0_zbs1p0
core   0: 0x0000000080004000 (0x0080006f) j       pc + 0x8
core   0: 3 0x0000000080004000 (0x0080006f)
core   0: >>>>  mmode_exception_handler
core   0: 0x0000000080004008 (0x00002c17) auipc   s8, 0x2
core   0: 3 0x0000000080004008 (0x00002c17) x24 0x0000000080006008
core   0: 0x000000008000400c (0xfd8c0c13) addi    s8, s8, -40
core   0: 3 0x000000008000400c (0xfd8c0c13) x24 0x0000000080005fe0
core   0: 0x0000000080004010 (0x000c00e7) jalr    s8
core   0: 3 0x0000000080004010 (0x000c00e7) x1  0x0000000080004014
core   0: >>>>  any_handler
core   0: 0x0000000080005fe0 (0x341027f3) csrrs   a5, mepc, zero
core   0: 3 0x0000000080005fe0 (0x341027f3) x15 0x000000008000458a
core   0: 0x0000000080005fe4 (0x34202773) csrrs   a4, mcause, zero
core   0: 3 0x0000000080005fe4 (0x34202773) x14 0x0000000000000002
core   0: 0x0000000080005fe8 (0x142026f3) csrrs   a3, scause, zero
core   0: 3 0x0000000080005fe8 (0x142026f3) x13 0x0000000000000000
core   0: 0x0000000080005fec (0x30402673) csrrs   a2, mie, zero
core   0: 3 0x0000000080005fec (0x30402673) x12 0x0000000000000a00
core   0: 0x0000000080005ff0 (0x344025f3) csrrs   a1, mip, zero
core   0: 3 0x0000000080005ff0 (0x344025f3) x11 0x0000000000000080
core   0: 0x0000000080005ff4 (0x343025f3) csrrs   a1, mtval, zero
core   0: 3 0x0000000080005ff4 (0x343025f3) x11 0x00000000f1305173
core   0: 0x0000000080005ff8 (0x14302573) csrrs   a0, stval, zero
core   0: 3 0x0000000080005ff8 (0x14302573) x10 0x0000000000000000
core   0: 0x0000000080005ffc (0xb02024f3) csrrs   s1, minstret, zero
core   0: 3 0x0000000080005ffc (0xb02024f3) x9  0x0000000000000974
core   0: 0x0000000080006000 (0x0000a811) c.j     pc + 20
core   0: 3 0x0000000080006000 (0xa811)
core   0: >>>>  mepc_4
core   0: 0x0000000080006014 (0x00000791) c.addi  a5, 4
core   0: 3 0x0000000080006014 (0x0791) x15 0x000000008000458e
core   0: 0x0000000080006016 (0x34179073) csrrw   zero, mepc, a5
core   0: 3 0x0000000080006016 (0x34179073) c833_mepc 0x000000008000458e
core   0: 0x000000008000601a (0x30200073) mret
core   0: 3 0x000000008000601a (0x30200073) c768_mstatus 0x8000000a00106080
core   0: 0x000000008000458e (0x01955c1b) srliw   s8, a0, 25
core   0: 1 0x000000008000458e (0x01955c1b) x24 0x0000000000000000
core   0: 0x0000000080004592 (0x00317237) lui     tp, 0x317
core   0: 1 0x0000000080004592 (0x00317237) x4  0x0000000000317000
core   0: 0x0000000080004596 (0xe412021b) addiw   tp, tp, -447
core   0: 1 0x0000000080004596 (0xe412021b) x4  0x0000000000316e41
core   0: 0x000000008000459a (0x00000236) c.slli  tp, 13
core   0: 1 0x000000008000459a (0x0236) x4  0x000000062dc82000
core   0: 0x000000008000459c (0xd7720213) addi    tp, tp, -649
core   0: 1 0x000000008000459c (0xd7720213) x4  0x000000062dc81d77
core   0: 0x00000000800045a0 (0x0366f93b) remuw   s2, a3, s6
core   0: 1 0x00000000800045a0 (0x0366f93b) x18 0x0000000000000000
core   0: 0x00000000800045a4 (0xfff9829b) addiw   t0, s3, -1
core   0: 1 0x00000000800045a4 (0xfff9829b) x5  0xffffffffffffffff
core   0: 0x00000000800045a8 (0x013301b3) add     gp, t1, s3
core   0: 1 0x00000000800045a8 (0x013301b3) x3  0x0000000000000000
core   0: 0x00000000800045ac (0x033aeabb) remw    s5, s5, s3
core   0: 1 0x00000000800045ac (0x033aeabb) x21 0x0000000000000000
core   0: 0x00000000800045b0 (0x00000001) c.nop
core   0: 1 0x00000000800045b0 (0x0001)
core   0: 0x00000000800045b2 (0x015a983b) sllw    a6, s5, s5
core   0: 1 0x00000000800045b2 (0x015a983b) x16 0x0000000000000000
core   0: 0x00000000800045b6 (0xc23f7153) fcvt.lu.d sp, ft10
core   0: 1 0x00000000800045b6 (0xc23f7153) c1_fflags 0x0000000000000011 x2  0x0000000000000000
core   0: 0x00000000800045ba (0x7017ac97) auipc   s9, 0x7017a
core   0: 1 0x00000000800045ba (0x7017ac97) x25 0x00000000f017e5ba
core   0: 0x00000000800045be (0x032957bb) divuw   a5, s2, s2
core   0: 1 0x00000000800045be (0x032957bb) x15 0xffffffffffffffff
core   0: 0x00000000800045c2 (0xf1183873) csrrc   a6, mvendorid, a6
core   0: exception trap_illegal_instruction, epc 0x00000000800045c2
core   0:           tval 0x00000000f1183873
core   0: >>>>  $xrv64i2p1_m2p0_a2p1_f2p2_d2p2_zicsr2p0_zifencei2p0_zmmul1p0_zba1p0_zbb1p0_zbc1p0_zbs1p0
core   0: 0x0000000080004000 (0x0080006f) j       pc + 0x8
core   0: 3 0x0000000080004000 (0x0080006f)
core   0: >>>>  mmode_exception_handler
core   0: 0x0000000080004008 (0x00002c17) auipc   s8, 0x2
core   0: 3 0x0000000080004008 (0x00002c17) x24 0x0000000080006008
core   0: 0x000000008000400c (0xfd8c0c13) addi    s8, s8, -40
core   0: 3 0x000000008000400c (0xfd8c0c13) x24 0x0000000080005fe0
core   0: 0x0000000080004010 (0x000c00e7) jalr    s8
core   0: 3 0x0000000080004010 (0x000c00e7) x1  0x0000000080004014
core   0: >>>>  any_handler
core   0: 0x0000000080005fe0 (0x341027f3) csrrs   a5, mepc, zero
core   0: 3 0x0000000080005fe0 (0x341027f3) x15 0x00000000800045c2
core   0: 0x0000000080005fe4 (0x34202773) csrrs   a4, mcause, zero
core   0: 3 0x0000000080005fe4 (0x34202773) x14 0x0000000000000002
core   0: 0x0000000080005fe8 (0x142026f3) csrrs   a3, scause, zero
core   0: 3 0x0000000080005fe8 (0x142026f3) x13 0x0000000000000000
core   0: 0x0000000080005fec (0x30402673) csrrs   a2, mie, zero
core   0: 3 0x0000000080005fec (0x30402673) x12 0x0000000000000a00
core   0: 0x0000000080005ff0 (0x344025f3) csrrs   a1, mip, zero
core   0: 3 0x0000000080005ff0 (0x344025f3) x11 0x0000000000000080
core   0: 0x0000000080005ff4 (0x343025f3) csrrs   a1, mtval, zero
core   0: 3 0x0000000080005ff4 (0x343025f3) x11 0x00000000f1183873
core   0: 0x0000000080005ff8 (0x14302573) csrrs   a0, stval, zero
core   0: 3 0x0000000080005ff8 (0x14302573) x10 0x0000000000000000
core   0: 0x0000000080005ffc (0xb02024f3) csrrs   s1, minstret, zero
core   0: 3 0x0000000080005ffc (0xb02024f3) x9  0x0000000000000992
core   0: 0x0000000080006000 (0x0000a811) c.j     pc + 20
core   0: 3 0x0000000080006000 (0xa811)
core   0: >>>>  mepc_4
core   0: 0x0000000080006014 (0x00000791) c.addi  a5, 4
core   0: 3 0x0000000080006014 (0x0791) x15 0x00000000800045c6
core   0: 0x0000000080006016 (0x34179073) csrrw   zero, mepc, a5
core   0: 3 0x0000000080006016 (0x34179073) c833_mepc 0x00000000800045c6
core   0: 0x000000008000601a (0x30200073) mret
core   0: 3 0x000000008000601a (0x30200073) c768_mstatus 0x8000000a00106080
core   0: 0x00000000800045c6 (0xd227fbd3) fcvt.d.l fs7, a5
core   0: 1 0x00000000800045c6 (0xd227fbd3) f23 0x41e00008b8c00000
core   0: 0x00000000800045ca (0xc21f71d3) fcvt.wu.d gp, ft10
core   0: 1 0x00000000800045ca (0xc21f71d3) c1_fflags 0x0000000000000011 x3  0x0000000000000000
core   0: 0x00000000800045ce (0xc032fe53) fcvt.lu.s t3, ft5
core   0: 1 0x00000000800045ce (0xc032fe53) c1_fflags 0x0000000000000011 x28 0x0000000000000000
core   0: 0x00000000800045d2 (0x030dbdb3) mulhu   s11, s11, a6
core   0: 1 0x00000000800045d2 (0x030dbdb3) x27 0x0000000000000000
core   0: 0x00000000800045d6 (0x0000915e) c.add   sp, s7
core   0: 1 0x00000000800045d6 (0x915e) x2  0x0000000000000000
core   0: 0x00000000800045d8 (0xf20e06d3) fmv.d.x fa3, t3
core   0: 1 0x00000000800045d8 (0xf20e06d3) f13 0x0000000000000000
core   0: 0x00000000800045dc (0xd23779d3) fcvt.d.lu fs3, a4
core   0: 1 0x00000000800045dc (0xd23779d3) f19 0x4000000000000000
core   0: 0x00000000800045e0 (0x100a38f3) csrrc   a7, sstatus, s4
core   0: 1 0x00000000800045e0 (0x100a38f3) x17 0x8000000200006000 c768_mstatus 0x8000000a00106080
core   0: 0x00000000800045e4 (0x03a0d333) divu    t1, ra, s10
core   0: 1 0x00000000800045e4 (0x03a0d333) x6  0xffffffffffffffff
core   0: 0x00000000800045e8 (0xd02d7f53) fcvt.s.l ft10, s10
core   0: 1 0x00000000800045e8 (0xd02d7f53) f30 0xffffffff00000000
core   0: 0x00000000800045ec (0x00000001) c.nop
core   0: 1 0x00000000800045ec (0x0001)
core   0: 0x00000000800045ee (0x019118b3) sll     a7, sp, s9
core   0: 1 0x00000000800045ee (0x019118b3) x17 0x0000000000000000
core   0: 0x00000000800045f2 (0x0279d993) srli    s3, s3, 39
core   0: 1 0x00000000800045f2 (0x0279d993) x19 0x0000000000000000
core   0: 0x00000000800045f6 (0xca40f24f) fnmadd.d ft4, ft1, ft4, fs9
core   0: 1 0x00000000800045f6 (0xca40f24f) f4  0x7ff8000000000000
core   0: 0x00000000800045fa (0x800bfb93) andi    s7, s7, -2048
core   0: 1 0x00000000800045fa (0x800bfb93) x23 0x0000000000000000
core   0: 0x00000000800045fe (0x000c9913) slli    s2, s9, 0
core   0: 1 0x00000000800045fe (0x000c9913) x18 0x00000000f017e5ba
core   0: 0x0000000080004602 (0x00075e9b) srliw   t4, a4, 0
core   0: 1 0x0000000080004602 (0x00075e9b) x29 0x0000000000000002
core   0: 0x0000000080004606 (0x004292b3) sll     t0, t0, tp
core   0: 1 0x0000000080004606 (0x004292b3) x5  0xff80000000000000
core   0: 0x000000008000460a (0xc239fc53) fcvt.lu.d s8, fs3
core   0: 1 0x000000008000460a (0xc239fc53) x24 0x0000000000000002
core   0: 0x000000008000460e (0x027c1a33) mulh    s4, s8, t2
core   0: 1 0x000000008000460e (0x027c1a33) x20 0x0000000000000000
core   0: 0x0000000080004612 (0x027a073b) mulw    a4, s4, t2
core   0: 1 0x0000000080004612 (0x027a073b) x14 0x0000000000000000
core   0: 0x0000000080004616 (0x02d9f3d3) fadd.d  ft7, fs3, fa3
core   0: 1 0x0000000080004616 (0x02d9f3d3) f7  0x4000000000000000
core   0: 0x000000008000461a (0x00151893) slli    a7, a0, 1
core   0: 1 0x000000008000461a (0x00151893) x17 0x0000000000000000
core   0: 0x000000008000461e (0x40167953) fcvt.s.d fs2, fa2
core   0: 1 0x000000008000461e (0x40167953) f18 0xffffffff00000000
core   0: 0x0000000080004622 (0x02b4083b) mulw    a6, s0, a1
core   0: 1 0x0000000080004622 (0x02b4083b) x16 0x000000000ee7c78d
core   0: 0x0000000080004626 (0x0108e0b3) or      ra, a7, a6
core   0: 1 0x0000000080004626 (0x0108e0b3) x1  0x000000000ee7c78d
core   0: 0x000000008000462a (0x038d7b3b) remuw   s6, s10, s8
core   0: 1 0x000000008000462a (0x038d7b3b) x22 0x0000000000000000
core   0: 0x000000008000462e (0x1214f9d3) fmul.d  fs3, fs1, ft1
core   0: 1 0x000000008000462e (0x1214f9d3) f19 0x7ff8000000000000
core   0: 0x0000000080004632 (0xfffd071b) addiw   a4, s10, -1
core   0: 1 0x0000000080004632 (0xfffd071b) x14 0xffffffffffffffff
core   0: 0x0000000080004636 (0x4014ddbb) sraw    s11, s1, ra
core   0: 1 0x0000000080004636 (0x4014ddbb) x27 0x0000000000000000
core   0: 0x000000008000463a (0x4058d0b3) sra     ra, a7, t0
core   0: 1 0x000000008000463a (0x4058d0b3) x1  0x0000000000000000
core   0: 0x000000008000463e (0x0004d81b) srliw   a6, s1, 0
core   0: 1 0x000000008000463e (0x0004d81b) x16 0x0000000000000992
core   0: 0x0000000080004642 (0x74799173) csrrw   sp, mseccfg, s3
core   0: exception trap_illegal_instruction, epc 0x0000000080004642
core   0:           tval 0x0000000074799173
core   0: >>>>  $xrv64i2p1_m2p0_a2p1_f2p2_d2p2_zicsr2p0_zifencei2p0_zmmul1p0_zba1p0_zbb1p0_zbc1p0_zbs1p0
core   0: 0x0000000080004000 (0x0080006f) j       pc + 0x8
core   0: 3 0x0000000080004000 (0x0080006f)
core   0: >>>>  mmode_exception_handler
core   0: 0x0000000080004008 (0x00002c17) auipc   s8, 0x2
core   0: 3 0x0000000080004008 (0x00002c17) x24 0x0000000080006008
core   0: 0x000000008000400c (0xfd8c0c13) addi    s8, s8, -40
core   0: 3 0x000000008000400c (0xfd8c0c13) x24 0x0000000080005fe0
core   0: 0x0000000080004010 (0x000c00e7) jalr    s8
core   0: 3 0x0000000080004010 (0x000c00e7) x1  0x0000000080004014
core   0: >>>>  any_handler
core   0: 0x0000000080005fe0 (0x341027f3) csrrs   a5, mepc, zero
core   0: 3 0x0000000080005fe0 (0x341027f3) x15 0x0000000080004642
core   0: 0x0000000080005fe4 (0x34202773) csrrs   a4, mcause, zero
core   0: 3 0x0000000080005fe4 (0x34202773) x14 0x0000000000000002
core   0: 0x0000000080005fe8 (0x142026f3) csrrs   a3, scause, zero
core   0: 3 0x0000000080005fe8 (0x142026f3) x13 0x0000000000000000
core   0: 0x0000000080005fec (0x30402673) csrrs   a2, mie, zero
core   0: 3 0x0000000080005fec (0x30402673) x12 0x0000000000000a00
core   0: 0x0000000080005ff0 (0x344025f3) csrrs   a1, mip, zero
core   0: 3 0x0000000080005ff0 (0x344025f3) x11 0x0000000000000080
core   0: 0x0000000080005ff4 (0x343025f3) csrrs   a1, mtval, zero
core   0: 3 0x0000000080005ff4 (0x343025f3) x11 0x0000000074799173
core   0: 0x0000000080005ff8 (0x14302573) csrrs   a0, stval, zero
core   0: 3 0x0000000080005ff8 (0x14302573) x10 0x0000000000000000
core   0: 0x0000000080005ffc (0xb02024f3) csrrs   s1, minstret, zero
core   0: 3 0x0000000080005ffc (0xb02024f3) x9  0x00000000000009c2
core   0: 0x0000000080006000 (0x0000a811) c.j     pc + 20
core   0: 3 0x0000000080006000 (0xa811)
core   0: >>>>  mepc_4
core   0: 0x0000000080006014 (0x00000791) c.addi  a5, 4
core   0: 3 0x0000000080006014 (0x0791) x15 0x0000000080004646
core   0: 0x0000000080006016 (0x34179073) csrrw   zero, mepc, a5
core   0: 3 0x0000000080006016 (0x34179073) c833_mepc 0x0000000080004646
core   0: 0x000000008000601a (0x30200073) mret
core   0: 3 0x000000008000601a (0x30200073) c768_mstatus 0x8000000a00106080
core   0: 0x0000000080004646 (0x02314733) div     a4, sp, gp
core   0: 1 0x0000000080004646 (0x02314733) x14 0xffffffffffffffff
core   0: 0x000000008000464a (0x830d75cf) fnmadd.d fa1, fs10, fa6, fa6
core   0: 1 0x000000008000464a (0x830d75cf) f11 0x7ff8000000000000
core   0: 0x000000008000464e (0x00102af3) csrrs   s5, fflags, zero
core   0: 1 0x000000008000464e (0x00102af3) x21 0x0000000000000011
core   0: 0x0000000080004652 (0x03c767b3) rem     a5, a4, t3
core   0: 1 0x0000000080004652 (0x03c767b3) x15 0xffffffffffffffff
core   0: 0x0000000080004656 (0x01db5c9b) srliw   s9, s6, 29
core   0: 1 0x0000000080004656 (0x01db5c9b) x25 0x0000000000000000
core   0: 0x000000008000465a (0xc0347a53) fcvt.lu.s s4, fs0
core   0: 1 0x000000008000465a (0xc0347a53) c1_fflags 0x0000000000000011 x20 0xffffffffffffffff
core   0: 0x000000008000465e (0xc0387ed3) fcvt.lu.s t4, fa6
core   0: 1 0x000000008000465e (0xc0387ed3) x29 0x0000000000000000
core   0: 0x0000000080004662 (0xfb1b7f4f) fnmadd.d ft10, fs6, fa7, ft11
core   0: 1 0x0000000080004662 (0xfb1b7f4f) f30 0x7ff8000000000000
core   0: 0x0000000080004666 (0x2a8191d3) fmax.d  ft3, ft3, fs0
core   0: 1 0x0000000080004666 (0x2a8191d3) f3  0x7ff8000000000000
core   0: 0x000000008000466a (0x039ca233) mulhsu  tp, s9, s9
core   0: 1 0x000000008000466a (0x039ca233) x4  0x0000000000000000
core   0: 0x000000008000466e (0xd21204d3) fcvt.d.wu fs1, tp
core   0: 1 0x000000008000466e (0xd21204d3) f9  0x0000000000000000
core   0: 0x0000000080004672 (0x0135fa33) and     s4, a1, s3
core   0: 1 0x0000000080004672 (0x0135fa33) x20 0x0000000000000000
core   0: 0x0000000080004676 (0xd0377dd3) fcvt.s.lu fs11, a4
core   0: 1 0x0000000080004676 (0xd0377dd3) c1_fflags 0x0000000000000011 f27 0xffffffff5f800000
core   0: 0x000000008000467a (0x013a053b) addw    a0, s4, s3
core   0: 1 0x000000008000467a (0x013a053b) x10 0x0000000000000000
core   0: 0x000000008000467e (0xdf8de293) ori     t0, s11, -520
core   0: 1 0x000000008000467e (0xdf8de293) x5  0xfffffffffffffdf8
core   0: 0x0000000080004682 (0x00b59abb) sllw    s5, a1, a1
core   0: 1 0x0000000080004682 (0x00b59abb) x21 0xffffffff8b980000
core   0: 0x0000000080004686 (0x0045569b) srliw   a3, a0, 4
core   0: 1 0x0000000080004686 (0x0045569b) x13 0x0000000000000000
core   0: 0x000000008000468a (0x0159979b) slliw   a5, s3, 21
core   0: 1 0x000000008000468a (0x0159979b) x15 0x0000000000000000
core   0: 0x000000008000468e (0x00102a73) csrrs   s4, fflags, zero
core   0: 1 0x000000008000468e (0x00102a73) x20 0x0000000000000011
core   0: 0x0000000080004692 (0x0294603b) remw    zero, s0, s1
core   0: 1 0x0000000080004692 (0x0294603b)
core   0: 0x0000000080004696 (0x4a24f2cb) fnmsub.d ft5, fs1, ft2, fs1
core   0: 1 0x0000000080004696 (0x4a24f2cb) f5  0x7ff8000000000000
core   0: 0x000000008000469a (0x1049d173) csrrwi  sp, sie, 19
core   0: 1 0x000000008000469a (0x1049d173) x2  0x0000000000000000 c772_mie 0x0000000000000a00
core   0: 0x000000008000469e (0x4343d893) srai    a7, t2, 52
core   0: 1 0x000000008000469e (0x4343d893) x17 0x0000000000000000
core   0: 0x00000000800046a2 (0x4181debb) sraw    t4, gp, s8
core   0: 1 0x00000000800046a2 (0x4181debb) x29 0x0000000000000000
core   0: 0x00000000800046a6 (0x27d0ac37) lui     s8, 0x27d0a
core   0: 1 0x00000000800046a6 (0x27d0ac37) x24 0x0000000027d0a000
core   0: 0x00000000800046aa (0x018a5a1b) srliw   s4, s4, 24
core   0: 1 0x00000000800046aa (0x018a5a1b) x20 0x0000000000000000
core   0: 0x00000000800046ae (0x0b66f0c7) fmsub.d ft1, fa3, fs6, ft1
core   0: 1 0x00000000800046ae (0x0b66f0c7) f1  0x7ff8000000000000
core   0: 0x00000000800046b2 (0x4103833b) subw    t1, t2, a6
core   0: 1 0x00000000800046b2 (0x4103833b) x6  0xfffffffffffff66f
core   0: 0x00000000800046b6 (0x00c0a0b3) slt     ra, ra, a2
core   0: 1 0x00000000800046b6 (0x00c0a0b3) x1  0x0000000000000000
core   0: 0x00000000800046ba (0x12d875d3) fmul.d  fa1, fa6, fa3
core   0: 1 0x00000000800046ba (0x12d875d3) f11 0x7ff8000000000000
core   0: 0x00000000800046be (0x01fd1b1b) slliw   s6, s10, 31
core   0: 1 0x00000000800046be (0x01fd1b1b) x22 0x0000000000000000
core   0: 0x00000000800046c2 (0xf8aaeab7) lui     s5, 0xf8aae
core   0: 1 0x00000000800046c2 (0xf8aaeab7) x21 0xfffffffff8aae000
core   0: 0x00000000800046c6 (0x459a8a9b) addiw   s5, s5, 1113
core   0: 1 0x00000000800046c6 (0x459a8a9b) x21 0xfffffffff8aae459
core   0: 0x00000000800046ca (0x00000ab2) c.slli  s5, 12
core   0: 1 0x00000000800046ca (0x0ab2) x21 0xffffff8aae459000
core   0: 0x00000000800046cc (0xee1a8a93) addi    s5, s5, -287
core   0: 1 0x00000000800046cc (0xee1a8a93) x21 0xffffff8aae458ee1
core   0: 0x00000000800046d0 (0xc2117153) fcvt.wu.d sp, ft2
core   0: 1 0x00000000800046d0 (0xc2117153) c1_fflags 0x0000000000000011 x2  0xffffffffffffffff
core   0: 0x00000000800046d4 (0x77dacd13) xori    s10, s5, 1917
core   0: 1 0x00000000800046d4 (0x77dacd13) x26 0xffffff8aae45899c
core   0: 0x00000000800046d8 (0x8006069b) addiw   a3, a2, -2048
core   0: 1 0x00000000800046d8 (0x8006069b) x13 0x0000000000000200
core   0: 0x00000000800046dc (0x409754b3) sra     s1, a4, s1
core   0: 1 0x00000000800046dc (0x409754b3) x9  0xffffffffffffffff
core   0: 0x00000000800046e0 (0xc20c71d3) fcvt.w.d gp, fs8
core   0: 1 0x00000000800046e0 (0xc20c71d3) c1_fflags 0x0000000000000011 x3  0x0000000000000000
core   0: 0x00000000800046e4 (0x0071d3b3) srl     t2, gp, t2
core   0: 1 0x00000000800046e4 (0x0071d3b3) x7  0x0000000000000000
core   0: 0x00000000800046e8 (0x02421533) mulh    a0, tp, tp
core   0: 1 0x00000000800046e8 (0x02421533) x10 0x0000000000000000
core   0: 0x00000000800046ec (0x499f38b7) lui     a7, 0x499f3
core   0: 1 0x00000000800046ec (0x499f38b7) x17 0x00000000499f3000
core   0: 0x00000000800046f0 (0xc20f72d3) fcvt.w.d t0, ft10
core   0: 1 0x00000000800046f0 (0xc20f72d3) c1_fflags 0x0000000000000011 x5  0x000000007fffffff
core   0: 0x00000000800046f4 (0x016a5a13) srli    s4, s4, 22
core   0: 1 0x00000000800046f4 (0x016a5a13) x20 0x0000000000000000
core   0: 0x00000000800046f8 (0x40c4533b) sraw    t1, s0, a2
core   0: 1 0x00000000800046f8 (0x40c4533b) x6  0xffffffffffffffff
core   0: 0x00000000800046fc (0x00ca563b) srlw    a2, s4, a2
core   0: 1 0x00000000800046fc (0x00ca563b) x12 0x0000000000000000
core   0: 0x0000000080004700 (0x2a2582d3) fmin.d  ft5, fa1, ft2
core   0: 1 0x0000000080004700 (0x2a2582d3) f5  0x7ff8000000000000
core   0: 0x0000000080004704 (0xd2070753) fcvt.d.w fa4, a4
core   0: 1 0x0000000080004704 (0xd2070753) f14 0xbff0000000000000
core   0: 0x0000000080004708 (0x005d08bb) addw    a7, s10, t0
core   0: 1 0x0000000080004708 (0x005d08bb) x17 0x000000002e45899b
core   0: 0x000000008000470c (0x0315b033) mulhu   zero, a1, a7
core   0: 1 0x000000008000470c (0x0315b033)
core   0: 0x0000000080004710 (0x0254433b) divw    t1, s0, t0
core   0: 1 0x0000000080004710 (0x0254433b) x6  0x0000000000000000
core   0: 0x0000000080004714 (0x001020f3) csrrs   ra, fflags, zero
core   0: 1 0x0000000080004714 (0x001020f3) x1  0x0000000000000011
core   0: 0x0000000080004718 (0x004c043b) addw    s0, s8, tp
core   0: 1 0x0000000080004718 (0x004c043b) x8  0x0000000027d0a000
core   0: 0x000000008000471c (0x028696b3) mulh    a3, a3, s0
core   0: 1 0x000000008000471c (0x028696b3) x13 0x0000000000000000
core   0: 0x0000000080004720 (0xc0506cf3) csrrsi  s9, hpmcounter5, 0
core   0: exception trap_illegal_instruction, epc 0x0000000080004720
core   0:           tval 0x00000000c0506cf3
core   0: >>>>  $xrv64i2p1_m2p0_a2p1_f2p2_d2p2_zicsr2p0_zifencei2p0_zmmul1p0_zba1p0_zbb1p0_zbc1p0_zbs1p0
core   0: 0x0000000080004000 (0x0080006f) j       pc + 0x8
core   0: 3 0x0000000080004000 (0x0080006f)
core   0: >>>>  mmode_exception_handler
core   0: 0x0000000080004008 (0x00002c17) auipc   s8, 0x2
core   0: 3 0x0000000080004008 (0x00002c17) x24 0x0000000080006008
core   0: 0x000000008000400c (0xfd8c0c13) addi    s8, s8, -40
core   0: 3 0x000000008000400c (0xfd8c0c13) x24 0x0000000080005fe0
core   0: 0x0000000080004010 (0x000c00e7) jalr    s8
core   0: 3 0x0000000080004010 (0x000c00e7) x1  0x0000000080004014
core   0: >>>>  any_handler
core   0: 0x0000000080005fe0 (0x341027f3) csrrs   a5, mepc, zero
core   0: 3 0x0000000080005fe0 (0x341027f3) x15 0x0000000080004720
core   0: 0x0000000080005fe4 (0x34202773) csrrs   a4, mcause, zero
core   0: 3 0x0000000080005fe4 (0x34202773) x14 0x0000000000000002
core   0: 0x0000000080005fe8 (0x142026f3) csrrs   a3, scause, zero
core   0: 3 0x0000000080005fe8 (0x142026f3) x13 0x0000000000000000
core   0: 0x0000000080005fec (0x30402673) csrrs   a2, mie, zero
core   0: 3 0x0000000080005fec (0x30402673) x12 0x0000000000000a00
core   0: 0x0000000080005ff0 (0x344025f3) csrrs   a1, mip, zero
core   0: 3 0x0000000080005ff0 (0x344025f3) x11 0x0000000000000080
core   0: 0x0000000080005ff4 (0x343025f3) csrrs   a1, mtval, zero
core   0: 3 0x0000000080005ff4 (0x343025f3) x11 0x00000000c0506cf3
core   0: 0x0000000080005ff8 (0x14302573) csrrs   a0, stval, zero
core   0: 3 0x0000000080005ff8 (0x14302573) x10 0x0000000000000000
core   0: 0x0000000080005ffc (0xb02024f3) csrrs   s1, minstret, zero
core   0: 3 0x0000000080005ffc (0xb02024f3) x9  0x0000000000000a09
core   0: 0x0000000080006000 (0x0000a811) c.j     pc + 20
core   0: 3 0x0000000080006000 (0xa811)
core   0: >>>>  mepc_4
core   0: 0x0000000080006014 (0x00000791) c.addi  a5, 4
core   0: 3 0x0000000080006014 (0x0791) x15 0x0000000080004724
core   0: 0x0000000080006016 (0x34179073) csrrw   zero, mepc, a5
core   0: 3 0x0000000080006016 (0x34179073) c833_mepc 0x0000000080004724
core   0: 0x000000008000601a (0x30200073) mret
core   0: 3 0x000000008000601a (0x30200073) c768_mstatus 0x8000000a00106080
core   0: 0x0000000080004724 (0xd2207bd3) fcvt.d.l fs7, zero
core   0: 1 0x0000000080004724 (0xd2207bd3) f23 0x0000000000000000
core   0: 0x0000000080004728 (0x00242433) slt     s0, s0, sp
core   0: 1 0x0000000080004728 (0x00242433) x8  0x0000000000000000
core   0: 0x000000008000472c (0x02a0a333) mulhsu  t1, ra, a0
core   0: 1 0x000000008000472c (0x02a0a333) x6  0x0000000000000000
core   0: 0x0000000080004730 (0xd2098653) fcvt.d.w fa2, s3
core   0: 1 0x0000000080004730 (0xd2098653) f12 0x0000000000000000
core   0: 0x0000000080004734 (0x2272aad3) fsgnjx.d fs5, ft5, ft7
core   0: 1 0x0000000080004734 (0x2272aad3) f21 0x7ff8000000000000
core   0: 0x0000000080004738 (0x037be13b) remw    sp, s7, s7
core   0: 1 0x0000000080004738 (0x037be13b) x2  0x0000000000000000
core   0: 0x000000008000473c (0x0371003b) mulw    zero, sp, s7
core   0: 1 0x000000008000473c (0x0371003b)
core   0: 0x0000000080004740 (0x7ff80093) addi    ra, a6, 2047
core   0: 1 0x0000000080004740 (0x7ff80093) x1  0x0000000000001191
core   0: 0x0000000080004744 (0x4000501b) sraiw   zero, zero, 0
core   0: 1 0x0000000080004744 (0x4000501b)
core   0: 0x0000000080004748 (0x0006d633) srl     a2, a3, zero
core   0: 1 0x0000000080004748 (0x0006d633) x12 0x0000000000000000
core   0: 0x000000008000474c (0x23fa8b53) fsgnj.d fs6, fs5, ft11
core   0: 1 0x000000008000474c (0x23fa8b53) f22 0xfff8000000000000
core   0: 0x0000000080004750 (0xc0606cf3) csrrsi  s9, hpmcounter6, 0
core   0: exception trap_illegal_instruction, epc 0x0000000080004750
core   0:           tval 0x00000000c0606cf3
core   0: >>>>  $xrv64i2p1_m2p0_a2p1_f2p2_d2p2_zicsr2p0_zifencei2p0_zmmul1p0_zba1p0_zbb1p0_zbc1p0_zbs1p0
core   0: 0x0000000080004000 (0x0080006f) j       pc + 0x8
core   0: 3 0x0000000080004000 (0x0080006f)
core   0: >>>>  mmode_exception_handler
core   0: 0x0000000080004008 (0x00002c17) auipc   s8, 0x2
core   0: 3 0x0000000080004008 (0x00002c17) x24 0x0000000080006008
core   0: 0x000000008000400c (0xfd8c0c13) addi    s8, s8, -40
core   0: 3 0x000000008000400c (0xfd8c0c13) x24 0x0000000080005fe0
core   0: 0x0000000080004010 (0x000c00e7) jalr    s8
core   0: 3 0x0000000080004010 (0x000c00e7) x1  0x0000000080004014
core   0: >>>>  any_handler
core   0: 0x0000000080005fe0 (0x341027f3) csrrs   a5, mepc, zero
core   0: 3 0x0000000080005fe0 (0x341027f3) x15 0x0000000080004750
core   0: 0x0000000080005fe4 (0x34202773) csrrs   a4, mcause, zero
core   0: 3 0x0000000080005fe4 (0x34202773) x14 0x0000000000000002
core   0: 0x0000000080005fe8 (0x142026f3) csrrs   a3, scause, zero
core   0: 3 0x0000000080005fe8 (0x142026f3) x13 0x0000000000000000
core   0: 0x0000000080005fec (0x30402673) csrrs   a2, mie, zero
core   0: 3 0x0000000080005fec (0x30402673) x12 0x0000000000000a00
core   0: 0x0000000080005ff0 (0x344025f3) csrrs   a1, mip, zero
core   0: 3 0x0000000080005ff0 (0x344025f3) x11 0x0000000000000080
core   0: 0x0000000080005ff4 (0x343025f3) csrrs   a1, mtval, zero
core   0: 3 0x0000000080005ff4 (0x343025f3) x11 0x00000000c0606cf3
core   0: 0x0000000080005ff8 (0x14302573) csrrs   a0, stval, zero
core   0: 3 0x0000000080005ff8 (0x14302573) x10 0x0000000000000000
core   0: 0x0000000080005ffc (0xb02024f3) csrrs   s1, minstret, zero
core   0: 3 0x0000000080005ffc (0xb02024f3) x9  0x0000000000000a24
core   0: 0x0000000080006000 (0x0000a811) c.j     pc + 20
core   0: 3 0x0000000080006000 (0xa811)
core   0: >>>>  mepc_4
core   0: 0x0000000080006014 (0x00000791) c.addi  a5, 4
core   0: 3 0x0000000080006014 (0x0791) x15 0x0000000080004754
core   0: 0x0000000080006016 (0x34179073) csrrw   zero, mepc, a5
core   0: 3 0x0000000080006016 (0x34179073) c833_mepc 0x0000000080004754
core   0: 0x000000008000601a (0x30200073) mret
core   0: 3 0x000000008000601a (0x30200073) c768_mstatus 0x8000000a00106080
core   0: 0x0000000080004754 (0x00f41ab3) sll     s5, s0, a5
core   0: 1 0x0000000080004754 (0x00f41ab3) x21 0x0000000000000000
core   0: 0x0000000080004758 (0x02be7733) remu    a4, t3, a1
core   0: 1 0x0000000080004758 (0x02be7733) x14 0x0000000000000000
core   0: 0x000000008000475c (0xd21589d3) fcvt.d.wu fs3, a1
core   0: 1 0x000000008000475c (0xd21589d3) f19 0x41e80c0d9e600000
core   0: 0x0000000080004760 (0x002504bb) addw    s1, a0, sp
core   0: 1 0x0000000080004760 (0x002504bb) x9  0x0000000000000000
core   0: 0x0000000080004764 (0xc06d95f3) csrrw   a1, hpmcounter6, s11
core   0: exception trap_illegal_instruction, epc 0x0000000080004764
core   0:           tval 0x00000000c06d95f3
core   0: >>>>  $xrv64i2p1_m2p0_a2p1_f2p2_d2p2_zicsr2p0_zifencei2p0_zmmul1p0_zba1p0_zbb1p0_zbc1p0_zbs1p0
core   0: 0x0000000080004000 (0x0080006f) j       pc + 0x8
core   0: 3 0x0000000080004000 (0x0080006f)
core   0: >>>>  mmode_exception_handler
core   0: 0x0000000080004008 (0x00002c17) auipc   s8, 0x2
core   0: 3 0x0000000080004008 (0x00002c17) x24 0x0000000080006008
core   0: 0x000000008000400c (0xfd8c0c13) addi    s8, s8, -40
core   0: 3 0x000000008000400c (0xfd8c0c13) x24 0x0000000080005fe0
core   0: 0x0000000080004010 (0x000c00e7) jalr    s8
core   0: 3 0x0000000080004010 (0x000c00e7) x1  0x0000000080004014
core   0: >>>>  any_handler
core   0: 0x0000000080005fe0 (0x341027f3) csrrs   a5, mepc, zero
core   0: 3 0x0000000080005fe0 (0x341027f3) x15 0x0000000080004764
core   0: 0x0000000080005fe4 (0x34202773) csrrs   a4, mcause, zero
core   0: 3 0x0000000080005fe4 (0x34202773) x14 0x0000000000000002
core   0: 0x0000000080005fe8 (0x142026f3) csrrs   a3, scause, zero
core   0: 3 0x0000000080005fe8 (0x142026f3) x13 0x0000000000000000
core   0: 0x0000000080005fec (0x30402673) csrrs   a2, mie, zero
core   0: 3 0x0000000080005fec (0x30402673) x12 0x0000000000000a00
core   0: 0x0000000080005ff0 (0x344025f3) csrrs   a1, mip, zero
core   0: 3 0x0000000080005ff0 (0x344025f3) x11 0x0000000000000080
core   0: 0x0000000080005ff4 (0x343025f3) csrrs   a1, mtval, zero
core   0: 3 0x0000000080005ff4 (0x343025f3) x11 0x00000000c06d95f3
core   0: 0x0000000080005ff8 (0x14302573) csrrs   a0, stval, zero
core   0: 3 0x0000000080005ff8 (0x14302573) x10 0x0000000000000000
core   0: 0x0000000080005ffc (0xb02024f3) csrrs   s1, minstret, zero
core   0: 3 0x0000000080005ffc (0xb02024f3) x9  0x0000000000000a38
core   0: 0x0000000080006000 (0x0000a811) c.j     pc + 20
core   0: 3 0x0000000080006000 (0xa811)
core   0: >>>>  mepc_4
core   0: 0x0000000080006014 (0x00000791) c.addi  a5, 4
core   0: 3 0x0000000080006014 (0x0791) x15 0x0000000080004768
core   0: 0x0000000080006016 (0x34179073) csrrw   zero, mepc, a5
core   0: 3 0x0000000080006016 (0x34179073) c833_mepc 0x0000000080004768
core   0: 0x000000008000601a (0x30200073) mret
core   0: 3 0x000000008000601a (0x30200073) c768_mstatus 0x8000000a00106080
core   0: 0x0000000080004768 (0x42fede93) srai    t4, t4, 47
core   0: 1 0x0000000080004768 (0x42fede93) x29 0x0000000000000000
core   0: 0x000000008000476c (0x6ae0f8c7) fmsub.d fa7, ft1, fa4, fa3
core   0: 1 0x000000008000476c (0x6ae0f8c7) f17 0x7ff8000000000000
core   0: 0x0000000080004770 (0xe20788d3) fmv.x.d a7, fa5
core   0: 1 0x0000000080004770 (0xe20788d3) x17 0x7ff8000000000000
core   0: 0x0000000080004774 (0x015b5593) srli    a1, s6, 21
core   0: 1 0x0000000080004774 (0x015b5593) x11 0x0000000000000000
core   0: 0x0000000080004778 (0xd02277d3) fcvt.s.l fa5, tp
core   0: 1 0x0000000080004778 (0xd02277d3) f15 0xffffffff00000000
core   0: 0x000000008000477c (0x418dddb3) sra     s11, s11, s8
core   0: 1 0x000000008000477c (0x418dddb3) x27 0x0000000000000000
core   0: 0x0000000080004780 (0x6102c093) xori    ra, t0, 1552
core   0: 1 0x0000000080004780 (0x6102c093) x1  0x000000007ffff9ef
core   0: 0x0000000080004784 (0xc2237853) fcvt.l.d a6, ft6
core   0: 1 0x0000000080004784 (0xc2237853) x16 0x0000000000000a00
core   0: 0x0000000080004788 (0x4011f1d3) fcvt.s.d ft3, ft3
core   0: 1 0x0000000080004788 (0x4011f1d3) f3  0xffffffff7fc00000
core   0: 0x000000008000478c (0x2367acd3) fsgnjx.d fs9, fa5, fs6
core   0: 1 0x000000008000478c (0x2367acd3) f25 0x7fffffff00000000
core   0: 0x0000000080004790 (0x41f45d9b) sraiw   s11, s0, 31
core   0: 1 0x0000000080004790 (0x41f45d9b) x27 0x0000000000000000
core   0: 0x0000000080004794 (0xc21df8d3) fcvt.wu.d a7, fs11
core   0: 1 0x0000000080004794 (0xc21df8d3) c1_fflags 0x0000000000000011 x17 0xffffffffffffffff
core   0: 0x0000000080004798 (0xc03df553) fcvt.lu.s a0, fs11
core   0: 1 0x0000000080004798 (0xc03df553) c1_fflags 0x0000000000000011 x10 0xffffffffffffffff
core   0: 0x000000008000479c (0xc20dfb53) fcvt.w.d s6, fs11
core   0: 1 0x000000008000479c (0xc20dfb53) c1_fflags 0x0000000000000011 x22 0x000000007fffffff
core   0: 0x00000000800047a0 (0x03deaeb3) mulhsu  t4, t4, t4
core   0: 1 0x00000000800047a0 (0x03deaeb3) x29 0x0000000000000000
core   0: 0x00000000800047a4 (0x00000001) c.nop
core   0: 1 0x00000000800047a4 (0x0001)
core   0: 0x00000000800047a6 (0x400705bb) subw    a1, a4, zero
core   0: 1 0x00000000800047a6 (0x400705bb) x11 0x0000000000000002
core   0: 0x00000000800047aa (0x1a26f553) fdiv.d  fa0, fa3, ft2
core   0: 1 0x00000000800047aa (0x1a26f553) f10 0x7ff8000000000000
core   0: 0x00000000800047ae (0x03a0f0d3) fadd.d  ft1, ft1, fs10
core   0: 1 0x00000000800047ae (0x03a0f0d3) f1  0x7ff8000000000000
core   0: 0x00000000800047b2 (0x7ff26b13) ori     s6, tp, 2047
core   0: 1 0x00000000800047b2 (0x7ff26b13) x22 0x00000000000007ff
core   0: 0x00000000800047b6 (0x0363853b) mulw    a0, t2, s6
core   0: 1 0x00000000800047b6 (0x0363853b) x10 0x0000000000000000
core   0: 0x00000000800047ba (0xa25c8053) fle.d   zero, fs9, ft5
core   0: 1 0x00000000800047ba (0xa25c8053) c1_fflags 0x0000000000000011
core   0: 0x00000000800047be (0x7ffefd93) andi    s11, t4, 2047
core   0: 1 0x00000000800047be (0x7ffefd93) x27 0x0000000000000000
core   0: 0x00000000800047c2 (0x015a873b) addw    a4, s5, s5
core   0: 1 0x00000000800047c2 (0x015a873b) x14 0x0000000000000000
core   0: 0x00000000800047c6 (0x342a3073) csrrc   zero, mcause, s4
core   0: exception trap_illegal_instruction, epc 0x00000000800047c6
core   0:           tval 0x00000000342a3073
core   0: >>>>  $xrv64i2p1_m2p0_a2p1_f2p2_d2p2_zicsr2p0_zifencei2p0_zmmul1p0_zba1p0_zbb1p0_zbc1p0_zbs1p0
core   0: 0x0000000080004000 (0x0080006f) j       pc + 0x8
core   0: 3 0x0000000080004000 (0x0080006f)
core   0: >>>>  mmode_exception_handler
core   0: 0x0000000080004008 (0x00002c17) auipc   s8, 0x2
core   0: 3 0x0000000080004008 (0x00002c17) x24 0x0000000080006008
core   0: 0x000000008000400c (0xfd8c0c13) addi    s8, s8, -40
core   0: 3 0x000000008000400c (0xfd8c0c13) x24 0x0000000080005fe0
core   0: 0x0000000080004010 (0x000c00e7) jalr    s8
core   0: 3 0x0000000080004010 (0x000c00e7) x1  0x0000000080004014
core   0: >>>>  any_handler
core   0: 0x0000000080005fe0 (0x341027f3) csrrs   a5, mepc, zero
core   0: 3 0x0000000080005fe0 (0x341027f3) x15 0x00000000800047c6
core   0: 0x0000000080005fe4 (0x34202773) csrrs   a4, mcause, zero
core   0: 3 0x0000000080005fe4 (0x34202773) x14 0x0000000000000002
core   0: 0x0000000080005fe8 (0x142026f3) csrrs   a3, scause, zero
core   0: 3 0x0000000080005fe8 (0x142026f3) x13 0x0000000000000000
core   0: 0x0000000080005fec (0x30402673) csrrs   a2, mie, zero
core   0: 3 0x0000000080005fec (0x30402673) x12 0x0000000000000a00
core   0: 0x0000000080005ff0 (0x344025f3) csrrs   a1, mip, zero
core   0: 3 0x0000000080005ff0 (0x344025f3) x11 0x0000000000000080
core   0: 0x0000000080005ff4 (0x343025f3) csrrs   a1, mtval, zero
core   0: 3 0x0000000080005ff4 (0x343025f3) x11 0x00000000342a3073
core   0: 0x0000000080005ff8 (0x14302573) csrrs   a0, stval, zero
core   0: 3 0x0000000080005ff8 (0x14302573) x10 0x0000000000000000
core   0: 0x0000000080005ffc (0xb02024f3) csrrs   s1, minstret, zero
core   0: 3 0x0000000080005ffc (0xb02024f3) x9  0x0000000000000a60
core   0: 0x0000000080006000 (0x0000a811) c.j     pc + 20
core   0: 3 0x0000000080006000 (0xa811)
core   0: >>>>  mepc_4
core   0: 0x0000000080006014 (0x00000791) c.addi  a5, 4
core   0: 3 0x0000000080006014 (0x0791) x15 0x00000000800047ca
core   0: 0x0000000080006016 (0x34179073) csrrw   zero, mepc, a5
core   0: 3 0x0000000080006016 (0x34179073) c833_mepc 0x00000000800047ca
core   0: 0x000000008000601a (0x30200073) mret
core   0: 3 0x000000008000601a (0x30200073) c768_mstatus 0x8000000a00106080
core   0: 0x00000000800047ca (0x00900abb) addw    s5, zero, s1
core   0: 1 0x00000000800047ca (0x00900abb) x21 0x0000000000000a60
core   0: 0x00000000800047ce (0x00000001) c.nop
core   0: 1 0x00000000800047ce (0x0001)
core   0: 0x00000000800047d0 (0xa2370053) fle.d   zero, fa4, ft3
core   0: 1 0x00000000800047d0 (0xa2370053) c1_fflags 0x0000000000000011
core   0: 0x00000000800047d4 (0x4010f9d3) fcvt.s.d fs3, ft1
core   0: 1 0x00000000800047d4 (0x4010f9d3) f19 0xffffffff7fc00000
core   0: 0x00000000800047d8 (0x40f7833b) subw    t1, a5, a5
core   0: 1 0x00000000800047d8 (0x40f7833b) x6  0x0000000000000000
core   0: 0x00000000800047dc (0x00285bbb) srlw    s7, a6, sp
core   0: 1 0x00000000800047dc (0x00285bbb) x23 0x0000000000000a00
core   0: 0x00000000800047e0 (0x012102bb) addw    t0, sp, s2
core   0: 1 0x00000000800047e0 (0x012102bb) x5  0xfffffffff017e5ba
core   0: 0x00000000800047e4 (0x00002601) c.addiw a2, 0
core   0: 1 0x00000000800047e4 (0x2601) x12 0x0000000000000a00
core   0: 0x00000000800047e6 (0xdac17e93) andi    t4, sp, -596
core   0: 1 0x00000000800047e6 (0xdac17e93) x29 0x0000000000000000
core   0: 0x00000000800047ea (0x02210033) mul     zero, sp, sp
core   0: 1 0x00000000800047ea (0x02210033)
core   0: 0x00000000800047ee (0x019de433) or      s0, s11, s9
core   0: 1 0x00000000800047ee (0x019de433) x8  0x0000000000000000
core   0: 0x00000000800047f2 (0x5a0771d3) fsqrt.d ft3, fa4
core   0: 1 0x00000000800047f2 (0x5a0771d3) c1_fflags 0x0000000000000011 f3  0x7ff8000000000000
core   0: 0x00000000800047f6 (0xe364a517) auipc   a0, 0xe364a
core   0: 1 0x00000000800047f6 (0xe364a517) x10 0x000000006364e7f6
core   0: 0x00000000800047fa (0xc0367dd3) fcvt.lu.s s11, fa2
core   0: 1 0x00000000800047fa (0xc0367dd3) c1_fflags 0x0000000000000011 x27 0xffffffffffffffff
core   0: 0x00000000800047fe (0xffcc1937) lui     s2, 0xffcc1
core   0: 1 0x00000000800047fe (0xffcc1937) x18 0xffffffffffcc1000
core   0: 0x0000000080004802 (0x96f9091b) addiw   s2, s2, -1681
core   0: 1 0x0000000080004802 (0x96f9091b) x18 0xffffffffffcc096f
core   0: 0x0000000080004806 (0x0000093a) c.slli  s2, 14
core   0: 1 0x0000000080004806 (0x093a) x18 0xfffffff3025bc000
core   0: 0x0000000080004808 (0xd9b90913) addi    s2, s2, -613
core   0: 1 0x0000000080004808 (0xd9b90913) x18 0xfffffff3025bbd9b
core   0: 0x000000008000480c (0x011e4433) xor     s0, t3, a7
core   0: 1 0x000000008000480c (0x011e4433) x8  0xffffffffffffffff
core   0: 0x0000000080004810 (0x7ff27a93) andi    s5, tp, 2047
core   0: 1 0x0000000080004810 (0x7ff27a93) x21 0x0000000000000000
core   0: 0x0000000080004814 (0x1251ffd3) fmul.d  ft11, ft3, ft5
core   0: 1 0x0000000080004814 (0x1251ffd3) f31 0x7ff8000000000000
core   0: 0x0000000080004818 (0xc03c7153) fcvt.lu.s sp, fs8
core   0: 1 0x0000000080004818 (0xc03c7153) c1_fflags 0x0000000000000011 x2  0xffffffffffffffff
core   0: 0x000000008000481c (0x006b6333) or      t1, s6, t1
core   0: 1 0x000000008000481c (0x006b6333) x6  0x00000000000007ff
core   0: 0x0000000080004820 (0x0040da3b) srlw    s4, ra, tp
core   0: 1 0x0000000080004820 (0x0040da3b) x20 0xffffffff80004014
core   0: 0x0000000080004824 (0x00109273) csrrw   tp, fflags, ra
core   0: 1 0x0000000080004824 (0x00109273) x4  0x0000000000000011 c1_fflags 0x0000000000000014
core   0: 0x0000000080004828 (0xa423051b) addiw   a0, t1, -1470
core   0: 1 0x0000000080004828 (0xa423051b) x10 0x0000000000000241
core   0: 0x000000008000482c (0x006a65b3) or      a1, s4, t1
core   0: 1 0x000000008000482c (0x006a65b3) x11 0xffffffff800047ff
core   0: 0x0000000080004830 (0xd2050953) fcvt.d.w fs2, a0
core   0: 1 0x0000000080004830 (0xd2050953) f18 0x4082080000000000
core   0: 0x0000000080004834 (0x0236cabb) divw    s5, a3, gp
core   0: 1 0x0000000080004834 (0x0236cabb) x21 0xffffffffffffffff
core   0: 0x0000000080004838 (0x4057db1b) sraiw   s6, a5, 5
core   0: 1 0x0000000080004838 (0x4057db1b) x22 0xfffffffffc00023e
core   0: 0x000000008000483c (0x42c85593) srai    a1, a6, 44
core   0: 1 0x000000008000483c (0x42c85593) x11 0x0000000000000000
core   0: 0x0000000080004840 (0x028589bb) mulw    s3, a1, s0
core   0: 1 0x0000000080004840 (0x028589bb) x19 0x0000000000000000
core   0: 0x0000000080004844 (0xa57dcd93) xori    s11, s11, -1449
core   0: 1 0x0000000080004844 (0xa57dcd93) x27 0x00000000000005a8
core   0: 0x0000000080004848 (0x0054e4b3) or      s1, s1, t0
core   0: 1 0x0000000080004848 (0x0054e4b3) x9  0xfffffffff017effa
core   0: 0x000000008000484c (0x0161db3b) srlw    s6, gp, s6
core   0: 1 0x000000008000484c (0x0161db3b) x22 0x0000000000000000
core   0: 0x0000000080004850 (0x0302883b) mulw    a6, t0, a6
core   0: 1 0x0000000080004850 (0x0302883b) x16 0xffffffffeef94400
core   0: 0x0000000080004854 (0x01981cbb) sllw    s9, a6, s9
core   0: 1 0x0000000080004854 (0x01981cbb) x25 0xffffffffeef94400
core   0: 0x0000000080004858 (0x025e6533) rem     a0, t3, t0
core   0: 1 0x0000000080004858 (0x025e6533) x10 0x0000000000000000
core   0: 0x000000008000485c (0xd02870d3) fcvt.s.l ft1, a6
core   0: 1 0x000000008000485c (0xd02870d3) f1  0xffffffffcd8835e0
core   0: 0x0000000080004860 (0x0369de13) srli    t3, s3, 54
core   0: 1 0x0000000080004860 (0x0369de13) x28 0x0000000000000000
core   0: 0x0000000080004864 (0x231a1053) fsgnjn.d ft0, fs4, fa7
core   0: 1 0x0000000080004864 (0x231a1053) f0  0xffffffff7fc00000
core   0: 0x0000000080004868 (0x0371fb47) fmsub.d fs6, ft3, fs7, ft0
core   0: 1 0x0000000080004868 (0x0371fb47) f22 0x7ff8000000000000
core   0: 0x000000008000486c (0x03fb74d3) fadd.d  fs1, fs6, ft11
core   0: 1 0x000000008000486c (0x03fb74d3) f9  0x7ff8000000000000
core   0: 0x0000000080004870 (0x00ca159b) slliw   a1, s4, 12
core   0: 1 0x0000000080004870 (0x00ca159b) x11 0x0000000004014000
core   0: 0x0000000080004874 (0x4190d71b) sraiw   a4, ra, 25
core   0: 1 0x0000000080004874 (0x4190d71b) x14 0xffffffffffffffc0
core   0: 0x0000000080004878 (0x000d9a1b) slliw   s4, s11, 0
core   0: 1 0x0000000080004878 (0x000d9a1b) x20 0x00000000000005a8
core   0: 0x000000008000487c (0x000a849b) sext.w  s1, s5
core   0: 1 0x000000008000487c (0x000a849b) x9  0xffffffffffffffff
core   0: 0x0000000080004880 (0x23520253) fsgnj.d ft4, ft4, fs5
core   0: 1 0x0000000080004880 (0x23520253) f4  0x7ff8000000000000
core   0: 0x0000000080004884 (0x0002129b) slliw   t0, tp, 0
core   0: 1 0x0000000080004884 (0x0002129b) x5  0x0000000000000011
core   0: 0x0000000080004888 (0x233a06d3) fsgnj.d fa3, fs4, fs3
core   0: 1 0x0000000080004888 (0x233a06d3) f13 0xffffffff7fc00000
core   0: 0x000000008000488c (0x02581613) slli    a2, a6, 37
core   0: 1 0x000000008000488c (0x02581613) x12 0xdf28800000000000
core   0: 0x0000000080004890 (0x03c89cb3) mulh    s9, a7, t3
core   0: 1 0x0000000080004890 (0x03c89cb3) x25 0x0000000000000000
core   0: 0x0000000080004894 (0x0377c7bb) divw    a5, a5, s7
core   0: 1 0x0000000080004894 (0x0377c7bb) x15 0xfffffffffff3333b
core   0: 0x0000000080004898 (0xc22afc53) fcvt.l.d s8, fs5
core   0: 1 0x0000000080004898 (0xc22afc53) c1_fflags 0x0000000000000014 x24 0x7fffffffffffffff
core   0: 0x000000008000489c (0x022d09bb) mulw    s3, s10, sp
core   0: 1 0x000000008000489c (0x022d09bb) x19 0x0000000051ba7664
core   0: 0x00000000800048a0 (0x0186ce33) xor     t3, a3, s8
core   0: 1 0x00000000800048a0 (0x0186ce33) x28 0x7fffffffffffffff
core   0: 0x00000000800048a4 (0x00202273) csrrs   tp, frm, zero
core   0: 1 0x00000000800048a4 (0x00202273) x4  0x0000000000000000
core   0: 0x00000000800048a8 (0xfabe8b93) addi    s7, t4, -85
core   0: 1 0x00000000800048a8 (0xfabe8b93) x23 0xffffffffffffffab
core   0: 0x00000000800048ac (0x002511f3) csrrw   gp, frm, a0
core   0: 1 0x00000000800048ac (0x002511f3) x3  0x0000000000000000 c2_frm 0x0000000000000000
core   0: 0x00000000800048b0 (0x5a05fd53) fsqrt.d fs10, fa1
core   0: 1 0x00000000800048b0 (0x5a05fd53) f26 0x7ff8000000000000
core   0: 0x00000000800048b4 (0x23769fd3) fsgnjn.d ft11, fa3, fs7
core   0: 1 0x00000000800048b4 (0x23769fd3) f31 0xffffffff7fc00000
core   0: 0x00000000800048b8 (0x03fd1713) slli    a4, s10, 63
core   0: 1 0x00000000800048b8 (0x03fd1713) x14 0x0000000000000000
core   0: 0x00000000800048bc (0x01a454b3) srl     s1, s0, s10
core   0: 1 0x00000000800048bc (0x01a454b3) x9  0x0000000fffffffff
core   0: 0x00000000800048c0 (0x020181b3) mul     gp, gp, zero
core   0: 1 0x00000000800048c0 (0x020181b3) x3  0x0000000000000000
core   0: 0x00000000800048c4 (0x125776d3) fmul.d  fa3, fa4, ft5
core   0: 1 0x00000000800048c4 (0x125776d3) f13 0x7ff8000000000000
core   0: 0x00000000800048c8 (0x420a0a53) fcvt.d.s fs4, fs4
core   0: 1 0x00000000800048c8 (0x420a0a53) f20 0x7ff8000000000000
core   0: 0x00000000800048cc (0x000b7ab3) and     s5, s6, zero
core   0: 1 0x00000000800048cc (0x000b7ab3) x21 0x0000000000000000
core   0: 0x00000000800048d0 (0x03b383b3) mul     t2, t2, s11
core   0: 1 0x00000000800048d0 (0x03b383b3) x7  0x0000000000000000
core   0: 0x00000000800048d4 (0x007719b3) sll     s3, a4, t2
core   0: 1 0x00000000800048d4 (0x007719b3) x19 0x0000000000000000
core   0: 0x00000000800048d8 (0x0001d11b) srliw   sp, gp, 0
core   0: 1 0x00000000800048d8 (0x0001d11b) x2  0x0000000000000000
core   0: 0x00000000800048dc (0x41d159b3) sra     s3, sp, t4
core   0: 1 0x00000000800048dc (0x41d159b3) x19 0x0000000000000000
core   0: 0x00000000800048e0 (0x0114803b) addw    zero, s1, a7
core   0: 1 0x00000000800048e0 (0x0114803b)
core   0: 0x00000000800048e4 (0x02814d33) div     s10, sp, s0
core   0: 1 0x00000000800048e4 (0x02814d33) x26 0x0000000000000000
core   0: 0x00000000800048e8 (0x03084433) div     s0, a6, a6
core   0: 1 0x00000000800048e8 (0x03084433) x8  0x0000000000000001
core   0: 0x00000000800048ec (0xc23dfad3) fcvt.lu.d s5, fs11
core   0: 1 0x00000000800048ec (0xc23dfad3) c1_fflags 0x0000000000000014 x21 0xffffffffffffffff
core   0: 0x00000000800048f0 (0x039ac7bb) divw    a5, s5, s9
core   0: 1 0x00000000800048f0 (0x039ac7bb) x15 0xffffffffffffffff
core   0: 0x00000000800048f4 (0x237a2853) fsgnjx.d fa6, fs4, fs7
core   0: 1 0x00000000800048f4 (0x237a2853) f16 0x7ff8000000000000
core   0: 0x00000000800048f8 (0xa3780253) fle.d   tp, fa6, fs7
core   0: 1 0x00000000800048f8 (0xa3780253) c1_fflags 0x0000000000000014 x4  0x0000000000000000
core   0: 0x00000000800048fc (0x03e95c13) srli    s8, s2, 62
core   0: 1 0x00000000800048fc (0x03e95c13) x24 0x0000000000000003
core   0: 0x0000000080004900 (0x6be5c593) xori    a1, a1, 1726
core   0: 1 0x0000000080004900 (0x6be5c593) x11 0x00000000040146be
core   0: 0x0000000080004904 (0x40127253) fcvt.s.d ft4, ft4
core   0: 1 0x0000000080004904 (0x40127253) f4  0xffffffff7fc00000
core   0: 0x0000000080004908 (0x41d2013b) subw    sp, tp, t4
core   0: 1 0x0000000080004908 (0x41d2013b) x2  0x0000000000000000
core   0: 0x000000008000490c (0x03d205bb) mulw    a1, tp, t4
core   0: 1 0x000000008000490c (0x03d205bb) x11 0x0000000000000000
core   0: 0x0000000080004910 (0x000c4713) xori    a4, s8, 0
core   0: 1 0x0000000080004910 (0x000c4713) x14 0x0000000000000003
core   0: 0x0000000080004914 (0x9b22794f) fnmadd.d fs2, ft4, fs2, fs3
core   0: 1 0x0000000080004914 (0x9b22794f) f18 0x7ff8000000000000
core   0: 0x0000000080004918 (0x01c10c3b) addw    s8, sp, t3
core   0: 1 0x0000000080004918 (0x01c10c3b) x24 0xffffffffffffffff
core   0: 0x000000008000491c (0x8b3778cf) fnmadd.d fa7, fa4, fs3, fa7
core   0: 1 0x000000008000491c (0x8b3778cf) f17 0x7ff8000000000000
core   0: 0x0000000080004920 (0xfffc7693) andi    a3, s8, -1
core   0: 1 0x0000000080004920 (0xfffc7693) x13 0xffffffffffffffff
core   0: 0x0000000080004924 (0x028d843b) mulw    s0, s11, s0
core   0: 1 0x0000000080004924 (0x028d843b) x8  0x00000000000005a8
core   0: 0x0000000080004928 (0x00000001) c.nop
core   0: 1 0x0000000080004928 (0x0001)
core   0: 0x000000008000492a (0x4012f0d3) fcvt.s.d ft1, ft5
core   0: 1 0x000000008000492a (0x4012f0d3) f1  0xffffffff7fc00000
core   0: 0x000000008000492e (0x0bb2f2d3) fsub.d  ft5, ft5, fs11
core   0: 1 0x000000008000492e (0x0bb2f2d3) f5  0x7ff8000000000000
core   0: 0x0000000080004932 (0x0006801b) sext.w  zero, a3
core   0: 1 0x0000000080004932 (0x0006801b)
core   0: 0x0000000080004936 (0x0023db1b) srliw   s6, t2, 2
core   0: 1 0x0000000080004936 (0x0023db1b) x22 0x0000000000000000
core   0: 0x000000008000493a (0x00069793) slli    a5, a3, 0
core   0: 1 0x000000008000493a (0x00069793) x15 0xffffffffffffffff
core   0: 0x000000008000493e (0xc227f6d3) fcvt.l.d a3, fa5
core   0: 1 0x000000008000493e (0xc227f6d3) c1_fflags 0x0000000000000014 x13 0x7fffffffffffffff
core   0: 0x0000000080004942 (0x00202673) csrrs   a2, frm, zero
core   0: 1 0x0000000080004942 (0x00202673) x12 0x0000000000000000
core   0: 0x0000000080004946 (0x4008da1b) sraiw   s4, a7, 0
core   0: 1 0x0000000080004946 (0x4008da1b) x20 0xffffffffffffffff
core   0: 0x000000008000494a (0xc2317953) fcvt.lu.d s2, ft2
core   0: 1 0x000000008000494a (0xc2317953) c1_fflags 0x0000000000000014 x18 0xffffffffffffffff
core   0: 0x000000008000494e (0x77d98e9b) addiw   t4, s3, 1917
core   0: 1 0x000000008000494e (0x77d98e9b) x29 0x000000000000077d
core   0: 0x0000000080004952 (0x43f95d13) srai    s10, s2, 63
core   0: 1 0x0000000080004952 (0x43f95d13) x26 0xffffffffffffffff
core   0: 0x0000000080004956 (0x00000001) c.nop
core   0: 1 0x0000000080004956 (0x0001)
core   0: 0x0000000080004958 (0x035d9e33) mulh    t3, s11, s5
core   0: 1 0x0000000080004958 (0x035d9e33) x28 0xffffffffffffffff
core   0: 0x000000008000495c (0xd20a8b53) fcvt.d.w fs6, s5
core   0: 1 0x000000008000495c (0xd20a8b53) f22 0xbff0000000000000
core   0: 0x0000000080004960 (0x00191773) csrrw   a4, fflags, s2
core   0: 1 0x0000000080004960 (0x00191773) x14 0x0000000000000014 c1_fflags 0x000000000000001f
core   0: 0x0000000080004964 (0x0e597393) andi    t2, s2, 229
core   0: 1 0x0000000080004964 (0x0e597393) x7  0x00000000000000e5
core   0: 0x0000000080004968 (0x1a157353) fdiv.d  ft6, fa0, ft1
core   0: 1 0x0000000080004968 (0x1a157353) f6  0x7ff8000000000000
core   0: 0x000000008000496c (0x034b1833) mulh    a6, s6, s4
core   0: 1 0x000000008000496c (0x034b1833) x16 0x0000000000000000
core   0: 0x0000000080004970 (0x00081433) sll     s0, a6, zero
core   0: 1 0x0000000080004970 (0x00081433) x8  0x0000000000000000
core   0: 0x0000000080004974 (0x00bb58bb) srlw    a7, s6, a1
core   0: 1 0x0000000080004974 (0x00bb58bb) x17 0x0000000000000000
core   0: 0x0000000080004978 (0x03d4a4b3) mulhsu  s1, s1, t4
core   0: 1 0x0000000080004978 (0x03d4a4b3) x9  0x0000000000000000
core   0: 0x000000008000497c (0x032cf93b) remuw   s2, s9, s2
core   0: 1 0x000000008000497c (0x032cf93b) x18 0x0000000000000000
core   0: 0x0000000080004980 (0x00000001) c.nop
core   0: 1 0x0000000080004980 (0x0001)
core   0: 0x0000000080004982 (0xbb59b297) auipc   t0, 0xbb59b
core   0: 1 0x0000000080004982 (0xbb59b297) x5  0x000000003b59f982
core   0: 0x0000000080004986 (0x23c58253) fsgnj.d ft4, fa1, ft8
core   0: 1 0x0000000080004986 (0x23c58253) f4  0x7ff8000000000000
core   0: 0x000000008000498a (0x0012d81b) srliw   a6, t0, 1
core   0: 1 0x000000008000498a (0x0012d81b) x16 0x000000001dacfcc1
core   0: 0x000000008000498e (0x88067d17) auipc   s10, 0x88067
core   0: 1 0x000000008000498e (0x88067d17) x26 0x000000000806b98e
core   0: 0x0000000080004992 (0x80018c9b) addiw   s9, gp, -2048
core   0: 1 0x0000000080004992 (0x80018c9b) x25 0xfffffffffffff800
core   0: 0x0000000080004996 (0xd21d0cd3) fcvt.d.wu fs9, s10
core   0: 1 0x0000000080004996 (0xd21d0cd3) f25 0x41a00d731c000000
core   0: 0x000000008000499a (0xe3fc801b) addiw   zero, s9, -449
core   0: 1 0x000000008000499a (0xe3fc801b)
core   0: 0x000000008000499e (0xabe171c7) fmsub.d ft3, ft2, ft10, fs5
core   0: 1 0x000000008000499e (0xabe171c7) f3  0x7ff8000000000000
core   0: 0x00000000800049a2 (0x00169473) csrrw   s0, fflags, a3
core   0: 1 0x00000000800049a2 (0x00169473) x8  0x000000000000001f c1_fflags 0x000000000000001f
core   0: 0x00000000800049a6 (0xc2387a53) fcvt.lu.d s4, fa6
core   0: 1 0x00000000800049a6 (0xc2387a53) c1_fflags 0x000000000000001f x20 0xffffffffffffffff
core   0: 0x00000000800049aa (0x6cba0017) auipc   zero, 0x6cba0
core   0: 1 0x00000000800049aa (0x6cba0017)
core   0: 0x00000000800049ae (0x965c6113) ori     sp, s8, -1691
core   0: 1 0x00000000800049ae (0x965c6113) x2  0xffffffffffffffff
core   0: 0x00000000800049b2 (0x00000001) c.nop
core   0: 1 0x00000000800049b2 (0x0001)
core   0: 0x00000000800049b4 (0x02026833) rem     a6, tp, zero
core   0: 1 0x00000000800049b4 (0x02026833) x16 0x0000000000000000
core   0: 0x00000000800049b8 (0x00a4d29b) srliw   t0, s1, 10
core   0: 1 0x00000000800049b8 (0x00a4d29b) x5  0x0000000000000000
core   0: 0x00000000800049bc (0xfff2c413) not     s0, t0
core   0: 1 0x00000000800049bc (0xfff2c413) x8  0xffffffffffffffff
core   0: 0x00000000800049c0 (0xd2247353) fcvt.d.l ft6, s0
core   0: 1 0x00000000800049c0 (0xd2247353) f6  0xbff0000000000000
core   0: 0x00000000800049c4 (0xf1256673) csrrsi  a2, marchid, 10
core   0: exception trap_illegal_instruction, epc 0x00000000800049c4
core   0:           tval 0x00000000f1256673
core   0: >>>>  $xrv64i2p1_m2p0_a2p1_f2p2_d2p2_zicsr2p0_zifencei2p0_zmmul1p0_zba1p0_zbb1p0_zbc1p0_zbs1p0
core   0: 0x0000000080004000 (0x0080006f) j       pc + 0x8
core   0: 3 0x0000000080004000 (0x0080006f)
core   0: >>>>  mmode_exception_handler
core   0: 0x0000000080004008 (0x00002c17) auipc   s8, 0x2
core   0: 3 0x0000000080004008 (0x00002c17) x24 0x0000000080006008
core   0: 0x000000008000400c (0xfd8c0c13) addi    s8, s8, -40
core   0: 3 0x000000008000400c (0xfd8c0c13) x24 0x0000000080005fe0
core   0: 0x0000000080004010 (0x000c00e7) jalr    s8
core   0: 3 0x0000000080004010 (0x000c00e7) x1  0x0000000080004014
core   0: >>>>  any_handler
core   0: 0x0000000080005fe0 (0x341027f3) csrrs   a5, mepc, zero
core   0: 3 0x0000000080005fe0 (0x341027f3) x15 0x00000000800049c4
core   0: 0x0000000080005fe4 (0x34202773) csrrs   a4, mcause, zero
core   0: 3 0x0000000080005fe4 (0x34202773) x14 0x0000000000000002
core   0: 0x0000000080005fe8 (0x142026f3) csrrs   a3, scause, zero
core   0: 3 0x0000000080005fe8 (0x142026f3) x13 0x0000000000000000
core   0: 0x0000000080005fec (0x30402673) csrrs   a2, mie, zero
core   0: 3 0x0000000080005fec (0x30402673) x12 0x0000000000000a00
core   0: 0x0000000080005ff0 (0x344025f3) csrrs   a1, mip, zero
core   0: 3 0x0000000080005ff0 (0x344025f3) x11 0x0000000000000080
core   0: 0x0000000080005ff4 (0x343025f3) csrrs   a1, mtval, zero
core   0: 3 0x0000000080005ff4 (0x343025f3) x11 0x00000000f1256673
core   0: 0x0000000080005ff8 (0x14302573) csrrs   a0, stval, zero
core   0: 3 0x0000000080005ff8 (0x14302573) x10 0x0000000000000000
core   0: 0x0000000080005ffc (0xb02024f3) csrrs   s1, minstret, zero
core   0: 3 0x0000000080005ffc (0xb02024f3) x9  0x0000000000000af2
core   0: 0x0000000080006000 (0x0000a811) c.j     pc + 20
core   0: 3 0x0000000080006000 (0xa811)
core   0: >>>>  mepc_4
core   0: 0x0000000080006014 (0x00000791) c.addi  a5, 4
core   0: 3 0x0000000080006014 (0x0791) x15 0x00000000800049c8
core   0: 0x0000000080006016 (0x34179073) csrrw   zero, mepc, a5
core   0: 3 0x0000000080006016 (0x34179073) c833_mepc 0x00000000800049c8
core   0: 0x000000008000601a (0x30200073) mret
core   0: 3 0x000000008000601a (0x30200073) c768_mstatus 0x8000000a00106080
core   0: 0x00000000800049c8 (0x021061bb) remw    gp, zero, ra
core   0: 1 0x00000000800049c8 (0x021061bb) x3  0x0000000000000000
core   0: 0x00000000800049cc (0x0210fa33) remu    s4, ra, ra
core   0: 1 0x00000000800049cc (0x0210fa33) x20 0x0000000000000000
core   0: 0x00000000800049d0 (0x0ff0000f) fence   iorw,iorw
core   0: 1 0x00000000800049d0 (0x0ff0000f)
core   0: 0x00000000800049d4 (0x00076213) ori     tp, a4, 0
core   0: 1 0x00000000800049d4 (0x00076213) x4  0x0000000000000002
core   0: 0x00000000800049d8 (0x024c18b3) mulh    a7, s8, tp
core   0: 1 0x00000000800049d8 (0x024c18b3) x17 0x0000000000000000
core   0: 0x00000000800049dc (0x01b5d93b) srlw    s2, a1, s11
core   0: 1 0x00000000800049dc (0x01b5d93b) x18 0x0000000000f12566
core   0: 0x00000000800049e0 (0x416b5b3b) sraw    s6, s6, s6
core   0: 1 0x00000000800049e0 (0x416b5b3b) x22 0x0000000000000000
core   0: 0x00000000800049e4 (0x13c7fc53) fmul.d  fs8, fa5, ft8
core   0: 1 0x00000000800049e4 (0x13c7fc53) f24 0x7ff8000000000000
core   0: 0x00000000800049e8 (0xc217fe53) fcvt.wu.d t3, fa5
core   0: 1 0x00000000800049e8 (0xc217fe53) c1_fflags 0x000000000000001f x28 0xffffffffffffffff
core   0: 0x00000000800049ec (0x033dcb3b) divw    s6, s11, s3
core   0: 1 0x00000000800049ec (0x033dcb3b) x22 0xffffffffffffffff
core   0: 0x00000000800049f0 (0x03546dbb) remw    s11, s0, s5
core   0: 1 0x00000000800049f0 (0x03546dbb) x27 0x0000000000000000
core   0: 0x00000000800049f4 (0x415ed4bb) sraw    s1, t4, s5
core   0: 1 0x00000000800049f4 (0x415ed4bb) x9  0x0000000000000000
core   0: 0x00000000800049f8 (0x00209e93) slli    t4, ra, 2
core   0: 1 0x00000000800049f8 (0x00209e93) x29 0x0000000200010050
core   0: 0x00000000800049fc (0x0ff0000f) fence   iorw,iorw
core   0: 1 0x00000000800049fc (0x0ff0000f)
core   0: 0x0000000080004a00 (0x00e59d1b) slliw   s10, a1, 14
core   0: 1 0x0000000080004a00 (0x00e59d1b) x26 0x00000000599cc000
core   0: 0x0000000080004a04 (0x01a208b3) add     a7, tp, s10
core   0: 1 0x0000000080004a04 (0x01a208b3) x17 0x00000000599cc002
core   0: 0x0000000080004a08 (0x00c29ebb) sllw    t4, t0, a2
core   0: 1 0x0000000080004a08 (0x00c29ebb) x29 0x0000000000000000
core   0: 0x0000000080004a0c (0x0094989b) slliw   a7, s1, 9
core   0: 1 0x0000000080004a0c (0x0094989b) x17 0x0000000000000000
core   0: 0x0000000080004a10 (0x00f683bb) addw    t2, a3, a5
core   0: 1 0x0000000080004a10 (0x00f683bb) x7  0xffffffff800049c8
core   0: 0x0000000080004a14 (0x0072f233) and     tp, t0, t2
core   0: 1 0x0000000080004a14 (0x0072f233) x4  0x0000000000000000
core   0: 0x0000000080004a18 (0x1c238393) addi    t2, t2, 450
core   0: 1 0x0000000080004a18 (0x1c238393) x7  0xffffffff80004b8a
core   0: 0x0000000080004a1c (0x420682d3) fcvt.d.s ft5, fa3
core   0: 1 0x0000000080004a1c (0x420682d3) f5  0x7ff8000000000000
core   0: 0x0000000080004a20 (0x00df47b7) lui     a5, 0xdf4
core   0: 1 0x0000000080004a20 (0x00df47b7) x15 0x0000000000df4000
core   0: 0x0000000080004a24 (0xa7d7879b) addiw   a5, a5, -1411
core   0: 1 0x0000000080004a24 (0xa7d7879b) x15 0x0000000000df3a7d
core   0: 0x0000000080004a28 (0x000007b6) c.slli  a5, 13
core   0: 1 0x0000000080004a28 (0x07b6) x15 0x0000001be74fa000
core   0: 0x0000000080004a2a (0x35b78793) addi    a5, a5, 859
core   0: 1 0x0000000080004a2a (0x35b78793) x15 0x0000001be74fa35b
core   0: 0x0000000080004a2e (0x02973733) mulhu   a4, a4, s1
core   0: 1 0x0000000080004a2e (0x02973733) x14 0x0000000000000000
core   0: 0x0000000080004a32 (0x001b9bf3) csrrw   s7, fflags, s7
core   0: 1 0x0000000080004a32 (0x001b9bf3) x23 0x000000000000001f c1_fflags 0x000000000000000b
core   0: 0x0000000080004a36 (0x344fd6f3) csrrwi  a3, mip, 31
core   0: exception trap_illegal_instruction, epc 0x0000000080004a36
core   0:           tval 0x00000000344fd6f3
core   0: >>>>  $xrv64i2p1_m2p0_a2p1_f2p2_d2p2_zicsr2p0_zifencei2p0_zmmul1p0_zba1p0_zbb1p0_zbc1p0_zbs1p0
core   0: 0x0000000080004000 (0x0080006f) j       pc + 0x8
core   0: 3 0x0000000080004000 (0x0080006f)
core   0: >>>>  mmode_exception_handler
core   0: 0x0000000080004008 (0x00002c17) auipc   s8, 0x2
core   0: 3 0x0000000080004008 (0x00002c17) x24 0x0000000080006008
core   0: 0x000000008000400c (0xfd8c0c13) addi    s8, s8, -40
core   0: 3 0x000000008000400c (0xfd8c0c13) x24 0x0000000080005fe0
core   0: 0x0000000080004010 (0x000c00e7) jalr    s8
core   0: 3 0x0000000080004010 (0x000c00e7) x1  0x0000000080004014
core   0: >>>>  any_handler
core   0: 0x0000000080005fe0 (0x341027f3) csrrs   a5, mepc, zero
core   0: 3 0x0000000080005fe0 (0x341027f3) x15 0x0000000080004a36
core   0: 0x0000000080005fe4 (0x34202773) csrrs   a4, mcause, zero
core   0: 3 0x0000000080005fe4 (0x34202773) x14 0x0000000000000002
core   0: 0x0000000080005fe8 (0x142026f3) csrrs   a3, scause, zero
core   0: 3 0x0000000080005fe8 (0x142026f3) x13 0x0000000000000000
core   0: 0x0000000080005fec (0x30402673) csrrs   a2, mie, zero
core   0: 3 0x0000000080005fec (0x30402673) x12 0x0000000000000a00
core   0: 0x0000000080005ff0 (0x344025f3) csrrs   a1, mip, zero
core   0: 3 0x0000000080005ff0 (0x344025f3) x11 0x0000000000000080
core   0: 0x0000000080005ff4 (0x343025f3) csrrs   a1, mtval, zero
core   0: 3 0x0000000080005ff4 (0x343025f3) x11 0x00000000344fd6f3
core   0: 0x0000000080005ff8 (0x14302573) csrrs   a0, stval, zero
core   0: 3 0x0000000080005ff8 (0x14302573) x10 0x0000000000000000
core   0: 0x0000000080005ffc (0xb02024f3) csrrs   s1, minstret, zero
core   0: 3 0x0000000080005ffc (0xb02024f3) x9  0x0000000000000b1e
core   0: 0x0000000080006000 (0x0000a811) c.j     pc + 20
core   0: 3 0x0000000080006000 (0xa811)
core   0: >>>>  mepc_4
core   0: 0x0000000080006014 (0x00000791) c.addi  a5, 4
core   0: 3 0x0000000080006014 (0x0791) x15 0x0000000080004a3a
core   0: 0x0000000080006016 (0x34179073) csrrw   zero, mepc, a5
core   0: 3 0x0000000080006016 (0x34179073) c833_mepc 0x0000000080004a3a
core   0: 0x000000008000601a (0x30200073) mret
core   0: 3 0x000000008000601a (0x30200073) c768_mstatus 0x8000000a00106080
core   0: 0x0000000080004a3a (0x001b861b) addiw   a2, s7, 1
core   0: 1 0x0000000080004a3a (0x001b861b) x12 0x0000000000000020
core   0: 0x0000000080004a3e (0x002717f3) csrrw   a5, frm, a4
core   0: 1 0x0000000080004a3e (0x002717f3) x15 0x0000000000000000 c2_frm 0x0000000000000002
core   0: 0x0000000080004a42 (0xa3188e53) fle.d   t3, fa7, fa7
core   0: 1 0x0000000080004a42 (0xa3188e53) c1_fflags 0x000000000000001b x28 0x0000000000000000
core   0: 0x0000000080004a46 (0x3cc67d13) andi    s10, a2, 972
core   0: 1 0x0000000080004a46 (0x3cc67d13) x26 0x0000000000000000
core   0: 0x0000000080004a4a (0x03bdc5b3) div     a1, s11, s11
core   0: 1 0x0000000080004a4a (0x03bdc5b3) x11 0xffffffffffffffff
core   0: 0x0000000080004a4e (0x038efd53) fadd.d  fs10, ft9, fs8
core   0: 1 0x0000000080004a4e (0x038efd53) f26 0x7ff8000000000000
core   0: 0x0000000080004a52 (0x000a1a1b) slliw   s4, s4, 0
core   0: 1 0x0000000080004a52 (0x000a1a1b) x20 0x0000000000000000
core   0: 0x0000000080004a56 (0x800bc913) xori    s2, s7, -2048
core   0: 1 0x0000000080004a56 (0x800bc913) x18 0xfffffffffffff81f
core   0: 0x0000000080004a5a (0x0361aab3) mulhsu  s5, gp, s6
core   0: 1 0x0000000080004a5a (0x0361aab3) x21 0x0000000000000000
core   0: 0x0000000080004a5e (0x013c45b3) xor     a1, s8, s3
core   0: 1 0x0000000080004a5e (0x013c45b3) x11 0x0000000080005fe0
core   0: 0x0000000080004a62 (0xd029f0d3) fcvt.s.l ft1, s3
core   0: 1 0x0000000080004a62 (0xd029f0d3) f1  0xffffffff00000000
core   0: 0x0000000080004a66 (0x00a5043b) addw    s0, a0, a0
core   0: 1 0x0000000080004a66 (0x00a5043b) x8  0x0000000000000000
core   0: 0x0000000080004a6a (0x01a5dc37) lui     s8, 0x1a5d
core   0: 1 0x0000000080004a6a (0x01a5dc37) x24 0x0000000001a5d000
core   0: 0x0000000080004a6e (0xed5c0c1b) addiw   s8, s8, -299
core   0: 1 0x0000000080004a6e (0xed5c0c1b) x24 0x0000000001a5ced5
core   0: 0x0000000080004a72 (0x00000c36) c.slli  s8, 13
core   0: 1 0x0000000080004a72 (0x0c36) x24 0x00000034b9daa000
core   0: 0x0000000080004a74 (0xb5bc0c13) addi    s8, s8, -1189
core   0: 1 0x0000000080004a74 (0xb5bc0c13) x24 0x00000034b9da9b5b
core   0: 0x0000000080004a78 (0xc02979d3) fcvt.l.s s3, fs2
core   0: 1 0x0000000080004a78 (0xc02979d3) c1_fflags 0x000000000000001b x19 0x7fffffffffffffff
core   0: 0x0000000080004a7c (0x41d8d83b) sraw    a6, a7, t4
core   0: 1 0x0000000080004a7c (0x41d8d83b) x16 0x0000000000000000
core   0: 0x0000000080004a80 (0xa2d108d3) fle.d   a7, ft2, fa3
core   0: 1 0x0000000080004a80 (0xa2d108d3) c1_fflags 0x000000000000001b x17 0x0000000000000000
core   0: 0x0000000080004a84 (0xd03af753) fcvt.s.lu fa4, s5
core   0: 1 0x0000000080004a84 (0xd03af753) f14 0xffffffff00000000
core   0: 0x0000000080004a88 (0x03abb433) mulhu   s0, s7, s10
core   0: 1 0x0000000080004a88 (0x03abb433) x8  0x0000000000000000
core   0: 0x0000000080004a8c (0x4056d0bb) sraw    ra, a3, t0
core   0: 1 0x0000000080004a8c (0x4056d0bb) x1  0x0000000000000000
core   0: 0x0000000080004a90 (0x23012153) fsgnjx.d ft2, ft2, fa6
core   0: 1 0x0000000080004a90 (0x23012153) f2  0x7ff8000000000000
core   0: 0x0000000080004a94 (0x0a7e74d3) fsub.d  fs1, ft8, ft7
core   0: 1 0x0000000080004a94 (0x0a7e74d3) f9  0x7ff8000000000000
core   0: 0x0000000080004a98 (0x40015113) srai    sp, sp, 0
core   0: 1 0x0000000080004a98 (0x40015113) x2  0xffffffffffffffff
core   0: 0x0000000080004a9c (0xc229fc53) fcvt.l.d s8, fs3
core   0: 1 0x0000000080004a9c (0xc229fc53) c1_fflags 0x000000000000001b x24 0x7fffffffffffffff
core   0: 0x0000000080004aa0 (0x001597f3) csrrw   a5, fflags, a1
core   0: 1 0x0000000080004aa0 (0x001597f3) x15 0x000000000000001b c1_fflags 0x0000000000000000
core   0: 0x0000000080004aa4 (0x01ec1d1b) slliw   s10, s8, 30
core   0: 1 0x0000000080004aa4 (0x01ec1d1b) x26 0xffffffffc0000000
core   0: 0x0000000080004aa8 (0xc80ffbf3) csrrci  s7, cycleh, 31
core   0: exception trap_illegal_instruction, epc 0x0000000080004aa8
core   0:           tval 0x00000000c80ffbf3
core   0: >>>>  $xrv64i2p1_m2p0_a2p1_f2p2_d2p2_zicsr2p0_zifencei2p0_zmmul1p0_zba1p0_zbb1p0_zbc1p0_zbs1p0
core   0: 0x0000000080004000 (0x0080006f) j       pc + 0x8
core   0: 3 0x0000000080004000 (0x0080006f)
core   0: >>>>  mmode_exception_handler
core   0: 0x0000000080004008 (0x00002c17) auipc   s8, 0x2
core   0: 3 0x0000000080004008 (0x00002c17) x24 0x0000000080006008
core   0: 0x000000008000400c (0xfd8c0c13) addi    s8, s8, -40
core   0: 3 0x000000008000400c (0xfd8c0c13) x24 0x0000000080005fe0
core   0: 0x0000000080004010 (0x000c00e7) jalr    s8
core   0: 3 0x0000000080004010 (0x000c00e7) x1  0x0000000080004014
core   0: >>>>  any_handler
core   0: 0x0000000080005fe0 (0x341027f3) csrrs   a5, mepc, zero
core   0: 3 0x0000000080005fe0 (0x341027f3) x15 0x0000000080004aa8
core   0: 0x0000000080005fe4 (0x34202773) csrrs   a4, mcause, zero
core   0: 3 0x0000000080005fe4 (0x34202773) x14 0x0000000000000002
core   0: 0x0000000080005fe8 (0x142026f3) csrrs   a3, scause, zero
core   0: 3 0x0000000080005fe8 (0x142026f3) x13 0x0000000000000000
core   0: 0x0000000080005fec (0x30402673) csrrs   a2, mie, zero
core   0: 3 0x0000000080005fec (0x30402673) x12 0x0000000000000a00
core   0: 0x0000000080005ff0 (0x344025f3) csrrs   a1, mip, zero
core   0: 3 0x0000000080005ff0 (0x344025f3) x11 0x0000000000000080
core   0: 0x0000000080005ff4 (0x343025f3) csrrs   a1, mtval, zero
core   0: 3 0x0000000080005ff4 (0x343025f3) x11 0x00000000c80ffbf3
core   0: 0x0000000080005ff8 (0x14302573) csrrs   a0, stval, zero
core   0: 3 0x0000000080005ff8 (0x14302573) x10 0x0000000000000000
core   0: 0x0000000080005ffc (0xb02024f3) csrrs   s1, minstret, zero
core   0: 3 0x0000000080005ffc (0xb02024f3) x9  0x0000000000000b4a
core   0: 0x0000000080006000 (0x0000a811) c.j     pc + 20
core   0: 3 0x0000000080006000 (0xa811)
core   0: >>>>  mepc_4
core   0: 0x0000000080006014 (0x00000791) c.addi  a5, 4
core   0: 3 0x0000000080006014 (0x0791) x15 0x0000000080004aac
core   0: 0x0000000080006016 (0x34179073) csrrw   zero, mepc, a5
core   0: 3 0x0000000080006016 (0x34179073) c833_mepc 0x0000000080004aac
core   0: 0x000000008000601a (0x30200073) mret
core   0: 3 0x000000008000601a (0x30200073) c768_mstatus 0x8000000a00106080
core   0: 0x0000000080004aac (0xf20c0453) fmv.d.x fs0, s8
core   0: 1 0x0000000080004aac (0xf20c0453) f8  0x0000000080005fe0
core   0: 0x0000000080004ab0 (0x015aa033) slt     zero, s5, s5
core   0: 1 0x0000000080004ab0 (0x015aa033)
core   0: 0x0000000080004ab4 (0x032cb433) mulhu   s0, s9, s2
core   0: 1 0x0000000080004ab4 (0x032cb433) x8  0xfffffffffffff01f
core   0: 0x0000000080004ab8 (0xc02ffa73) csrrci  s4, instret, 31
core   0: exception trap_illegal_instruction, epc 0x0000000080004ab8
core   0:           tval 0x00000000c02ffa73
core   0: >>>>  $xrv64i2p1_m2p0_a2p1_f2p2_d2p2_zicsr2p0_zifencei2p0_zmmul1p0_zba1p0_zbb1p0_zbc1p0_zbs1p0
core   0: 0x0000000080004000 (0x0080006f) j       pc + 0x8
core   0: 3 0x0000000080004000 (0x0080006f)
core   0: >>>>  mmode_exception_handler
core   0: 0x0000000080004008 (0x00002c17) auipc   s8, 0x2
core   0: 3 0x0000000080004008 (0x00002c17) x24 0x0000000080006008
core   0: 0x000000008000400c (0xfd8c0c13) addi    s8, s8, -40
core   0: 3 0x000000008000400c (0xfd8c0c13) x24 0x0000000080005fe0
core   0: 0x0000000080004010 (0x000c00e7) jalr    s8
core   0: 3 0x0000000080004010 (0x000c00e7) x1  0x0000000080004014
core   0: >>>>  any_handler
core   0: 0x0000000080005fe0 (0x341027f3) csrrs   a5, mepc, zero
core   0: 3 0x0000000080005fe0 (0x341027f3) x15 0x0000000080004ab8
core   0: 0x0000000080005fe4 (0x34202773) csrrs   a4, mcause, zero
core   0: 3 0x0000000080005fe4 (0x34202773) x14 0x0000000000000002
core   0: 0x0000000080005fe8 (0x142026f3) csrrs   a3, scause, zero
core   0: 3 0x0000000080005fe8 (0x142026f3) x13 0x0000000000000000
core   0: 0x0000000080005fec (0x30402673) csrrs   a2, mie, zero
core   0: 3 0x0000000080005fec (0x30402673) x12 0x0000000000000a00
core   0: 0x0000000080005ff0 (0x344025f3) csrrs   a1, mip, zero
core   0: 3 0x0000000080005ff0 (0x344025f3) x11 0x0000000000000080
core   0: 0x0000000080005ff4 (0x343025f3) csrrs   a1, mtval, zero
core   0: 3 0x0000000080005ff4 (0x343025f3) x11 0x00000000c02ffa73
core   0: 0x0000000080005ff8 (0x14302573) csrrs   a0, stval, zero
core   0: 3 0x0000000080005ff8 (0x14302573) x10 0x0000000000000000
core   0: 0x0000000080005ffc (0xb02024f3) csrrs   s1, minstret, zero
core   0: 3 0x0000000080005ffc (0xb02024f3) x9  0x0000000000000b5d
core   0: 0x0000000080006000 (0x0000a811) c.j     pc + 20
core   0: 3 0x0000000080006000 (0xa811)
core   0: >>>>  mepc_4
core   0: 0x0000000080006014 (0x00000791) c.addi  a5, 4
core   0: 3 0x0000000080006014 (0x0791) x15 0x0000000080004abc
core   0: 0x0000000080006016 (0x34179073) csrrw   zero, mepc, a5
core   0: 3 0x0000000080006016 (0x34179073) c833_mepc 0x0000000080004abc
core   0: 0x000000008000601a (0x30200073) mret
core   0: 3 0x000000008000601a (0x30200073) c768_mstatus 0x8000000a00106080
core   0: 0x0000000080004abc (0x017a9e93) slli    t4, s5, 23
core   0: 1 0x0000000080004abc (0x017a9e93) x29 0x0000000000000000
core   0: 0x0000000080004ac0 (0x021c9cb3) mulh    s9, s9, ra
core   0: 1 0x0000000080004ac0 (0x021c9cb3) x25 0xffffffffffffffff
core   0: 0x0000000080004ac4 (0x00f7d7bb) srlw    a5, a5, a5
core   0: 1 0x0000000080004ac4 (0x00f7d7bb) x15 0x0000000000000008
core   0: 0x0000000080004ac8 (0x0094f9b3) and     s3, s1, s1
core   0: 1 0x0000000080004ac8 (0x0094f9b3) x19 0x0000000000000b5d
core   0: 0x0000000080004acc (0xc024fad3) fcvt.l.s s5, fs1
core   0: 1 0x0000000080004acc (0xc024fad3) c1_fflags 0x0000000000000010 x21 0x7fffffffffffffff
core   0: 0x0000000080004ad0 (0xe20d8253) fmv.x.d tp, fs11
core   0: 1 0x0000000080004ad0 (0xe20d8253) x4  0xffffffff5f800000
core   0: 0x0000000080004ad4 (0x027c93b3) mulh    t2, s9, t2
core   0: 1 0x0000000080004ad4 (0x027c93b3) x7  0x0000000000000000
core   0: 0x0000000080004ad8 (0xd2190853) fcvt.d.wu fa6, s2
core   0: 1 0x0000000080004ad8 (0xd2190853) f16 0x41efffff03e00000
core   0: 0x0000000080004adc (0x001cd613) srli    a2, s9, 1
core   0: 1 0x0000000080004adc (0x001cd613) x12 0x7fffffffffffffff
core   0: 0x0000000080004ae0 (0xd03a7a53) fcvt.s.lu fs4, s4
core   0: 1 0x0000000080004ae0 (0xd03a7a53) f20 0xffffffff00000000
core   0: 0x0000000080004ae4 (0x00000001) c.nop
core   0: 1 0x0000000080004ae4 (0x0001)
core   0: 0x0000000080004ae6 (0x40195913) srai    s2, s2, 1
core   0: 1 0x0000000080004ae6 (0x40195913) x18 0xfffffffffffffc0f
core   0: 0x0000000080004aea (0x001021f3) csrrs   gp, fflags, zero
core   0: 1 0x0000000080004aea (0x001021f3) x3  0x0000000000000010
core   0: 0x0000000080004aee (0xf20e83d3) fmv.d.x ft7, t4
core   0: 1 0x0000000080004aee (0xf20e83d3) f7  0x0000000000000000
core   0: 0x0000000080004af2 (0x03dee33b) remw    t1, t4, t4
core   0: 1 0x0000000080004af2 (0x03dee33b) x6  0x0000000000000000
core   0: 0x0000000080004af6 (0x0281c43b) divw    s0, gp, s0
core   0: 1 0x0000000080004af6 (0x0281c43b) x8  0x0000000000000000
core   0: 0x0000000080004afa (0x00008e11) c.sub   a2, a2
core   0: 1 0x0000000080004afa (0x8e11) x12 0x0000000000000000
core   0: 0x0000000080004afc (0x027b3b33) mulhu   s6, s6, t2
core   0: 1 0x0000000080004afc (0x027b3b33) x22 0x0000000000000000
core   0: 0x0000000080004b00 (0x8a7ef8c7) fmsub.d fa7, ft9, ft7, fa7
core   0: 1 0x0000000080004b00 (0x8a7ef8c7) f17 0x7ff8000000000000
core   0: 0x0000000080004b04 (0x000b1c9b) slliw   s9, s6, 0
core   0: 1 0x0000000080004b04 (0x000b1c9b) x25 0x0000000000000000
core   0: 0x0000000080004b08 (0x039adc33) divu    s8, s5, s9
core   0: 1 0x0000000080004b08 (0x039adc33) x24 0xffffffffffffffff
core   0: 0x0000000080004b0c (0x00fb56b3) srl     a3, s6, a5
core   0: 1 0x0000000080004b0c (0x00fb56b3) x13 0x0000000000000000
core   0: 0x0000000080004b10 (0x001ce093) ori     ra, s9, 1
core   0: 1 0x0000000080004b10 (0x001ce093) x1  0x0000000000000001
core   0: 0x0000000080004b14 (0xa27a8053) fle.d   zero, fs5, ft7
core   0: 1 0x0000000080004b14 (0xa27a8053) c1_fflags 0x0000000000000010
core   0: 0x0000000080004b18 (0x22722d53) fsgnjx.d fs10, ft4, ft7
core   0: 1 0x0000000080004b18 (0x22722d53) f26 0x7ff8000000000000
core   0: 0x0000000080004b1c (0x00831793) slli    a5, t1, 8
core   0: 1 0x0000000080004b1c (0x00831793) x15 0x0000000000000000
core   0: 0x0000000080004b20 (0x02340433) mul     s0, s0, gp
core   0: 1 0x0000000080004b20 (0x02340433) x8  0x0000000000000000
core   0: 0x0000000080004b24 (0x0262e33b) remw    t1, t0, t1
core   0: 1 0x0000000080004b24 (0x0262e33b) x6  0x0000000000000000
core   0: 0x0000000080004b28 (0x800de413) ori     s0, s11, -2048
core   0: 1 0x0000000080004b28 (0x800de413) x8  0xfffffffffffff800
core   0: 0x0000000080004b2c (0x0124913b) sllw    sp, s1, s2
core   0: 1 0x0000000080004b2c (0x0124913b) x2  0x0000000005ae8000
core   0: 0x0000000080004b30 (0x40a602bb) subw    t0, a2, a0
core   0: 1 0x0000000080004b30 (0x40a602bb) x5  0x0000000000000000
core   0: 0x0000000080004b34 (0x41705e9b) sraiw   t4, zero, 23
core   0: 1 0x0000000080004b34 (0x41705e9b) x29 0x0000000000000000
core   0: 0x0000000080004b38 (0x0294f1b3) remu    gp, s1, s1
core   0: 1 0x0000000080004b38 (0x0294f1b3) x3  0x0000000000000000
core   0: 0x0000000080004b3c (0xd02c7053) fcvt.s.l ft0, s8
core   0: 1 0x0000000080004b3c (0xd02c7053) f0  0xffffffffbf800000
core   0: 0x0000000080004b40 (0x4076da33) sra     s4, a3, t2
core   0: 1 0x0000000080004b40 (0x4076da33) x20 0x0000000000000000
core   0: 0x0000000080004b44 (0xc20070d3) fcvt.w.d ra, ft0
core   0: 1 0x0000000080004b44 (0xc20070d3) c1_fflags 0x0000000000000010 x1  0x000000007fffffff
core   0: 0x0000000080004b48 (0x02f8473b) divw    a4, a6, a5
core   0: 1 0x0000000080004b48 (0x02f8473b) x14 0xffffffffffffffff
core   0: 0x0000000080004b4c (0x23141453) fsgnjn.d fs0, fs0, fa7
core   0: 1 0x0000000080004b4c (0x23141453) f8  0x8000000080005fe0
core   0: 0x0000000080004b50 (0x00000001) c.nop
core   0: 1 0x0000000080004b50 (0x0001)
core   0: 0x0000000080004b52 (0x023afcd3) fadd.d  fs9, fs5, ft3
core   0: 1 0x0000000080004b52 (0x023afcd3) f25 0x7ff8000000000000
core   0: 0x0000000080004b56 (0x038268bb) remw    a7, tp, s8
core   0: 1 0x0000000080004b56 (0x038268bb) x17 0x0000000000000000
core   0: 0x0000000080004b5a (0x0018d993) srli    s3, a7, 1
core   0: 1 0x0000000080004b5a (0x0018d993) x19 0x0000000000000000
core   0: 0x0000000080004b5e (0x0039d81b) srliw   a6, s3, 3
core   0: 1 0x0000000080004b5e (0x0039d81b) x16 0x0000000000000000
core   0: 0x0000000080004b62 (0x557f11b7) lui     gp, 0x557f1
core   0: 1 0x0000000080004b62 (0x557f11b7) x3  0x00000000557f1000
core   0: 0x0000000080004b66 (0x4039dbb3) sra     s7, s3, gp
core   0: 1 0x0000000080004b66 (0x4039dbb3) x23 0x0000000000000000
core   0: 0x0000000080004b6a (0x0285e6bb) remw    a3, a1, s0
core   0: 1 0x0000000080004b6a (0x0285e6bb) x13 0xfffffffffffffa73
core   0: 0x0000000080004b6e (0x9a12f2c3) fmadd.d ft5, ft5, ft1, fs3
core   0: 1 0x0000000080004b6e (0x9a12f2c3) f5  0x7ff8000000000000
core   0: 0x0000000080004b72 (0x418682b3) sub     t0, a3, s8
core   0: 1 0x0000000080004b72 (0x418682b3) x5  0xfffffffffffffa74
core   0: 0x0000000080004b76 (0x4016f6d3) fcvt.s.d fa3, fa3
core   0: 1 0x0000000080004b76 (0x4016f6d3) f13 0xffffffff7fc00000
core   0: 0x0000000080004b7a (0x00f34533) xor     a0, t1, a5
core   0: 1 0x0000000080004b7a (0x00f34533) x10 0x0000000000000000
core   0: 0x0000000080004b7e (0x2ad01b53) fmax.d  fs6, ft0, fa3
core   0: 1 0x0000000080004b7e (0x2ad01b53) f22 0x7ff8000000000000
core   0: 0x0000000080004b82 (0xd2028653) fcvt.d.w fa2, t0
core   0: 1 0x0000000080004b82 (0xd2028653) f12 0xc096300000000000
core   0: 0x0000000080004b86 (0x03167dc7) fmsub.d fs11, fa2, fa7, ft0
core   0: 1 0x0000000080004b86 (0x03167dc7) f27 0x7ff8000000000000
core   0: 0x0000000080004b8a (0xc21b7a53) fcvt.wu.d s4, fs6
core   0: 1 0x0000000080004b8a (0xc21b7a53) c1_fflags 0x0000000000000010 x20 0xffffffffffffffff
core   0: 0x0000000080004b8e (0xc21bf0d3) fcvt.wu.d ra, fs7
core   0: 1 0x0000000080004b8e (0xc21bf0d3) x1  0x0000000000000000
core   0: 0x0000000080004b92 (0xc02b7253) fcvt.l.s tp, fs6
core   0: 1 0x0000000080004b92 (0xc02b7253) c1_fflags 0x0000000000000010 x4  0x7fffffffffffffff
core   0: 0x0000000080004b96 (0x4148dd1b) sraiw   s10, a7, 20
core   0: 1 0x0000000080004b96 (0x4148dd1b) x26 0x0000000000000000
core   0: 0x0000000080004b9a (0x026b4b33) div     s6, s6, t1
core   0: 1 0x0000000080004b9a (0x026b4b33) x22 0xffffffffffffffff
core   0: 0x0000000080004b9e (0xd02d7053) fcvt.s.l ft0, s10
core   0: 1 0x0000000080004b9e (0xd02d7053) f0  0xffffffff00000000
core   0: 0x0000000080004ba2 (0x00666333) or      t1, a2, t1
core   0: 1 0x0000000080004ba2 (0x00666333) x6  0x0000000000000000
core   0: 0x0000000080004ba6 (0x401ef853) fcvt.s.d fa6, ft9
core   0: 1 0x0000000080004ba6 (0x401ef853) f16 0xffffffff00000000
core   0: 0x0000000080004baa (0x0267a1b3) mulhsu  gp, a5, t1
core   0: 1 0x0000000080004baa (0x0267a1b3) x3  0x0000000000000000
core   0: 0x0000000080004bae (0x6e156497) auipc   s1, 0x6e156
core   0: 1 0x0000000080004bae (0x6e156497) x9  0x00000000ee15abae
core   0: 0x0000000080004bb2 (0x0318b8b3) mulhu   a7, a7, a7
core   0: 1 0x0000000080004bb2 (0x0318b8b3) x17 0x0000000000000000
core   0: 0x0000000080004bb6 (0x411c8cbb) subw    s9, s9, a7
core   0: 1 0x0000000080004bb6 (0x411c8cbb) x25 0x0000000000000000
core   0: 0x0000000080004bba (0x5a057053) fsqrt.d ft0, fa0
core   0: 1 0x0000000080004bba (0x5a057053) f0  0x7ff8000000000000
core   0: 0x0000000080004bbe (0x401b74d3) fcvt.s.d fs1, fs6
core   0: 1 0x0000000080004bbe (0x401b74d3) f9  0xffffffff7fc00000
core   0: 0x0000000080004bc2 (0x3fbc1937) lui     s2, 0x3fbc1
core   0: 1 0x0000000080004bc2 (0x3fbc1937) x18 0x000000003fbc1000
core   0: 0x0000000080004bc6 (0x001c92f3) csrrw   t0, fflags, s9
core   0: 1 0x0000000080004bc6 (0x001c92f3) x5  0x0000000000000010 c1_fflags 0x0000000000000000
core   0: 0x0000000080004bca (0x0358ed33) rem     s10, a7, s5
core   0: 1 0x0000000080004bca (0x0358ed33) x26 0x0000000000000000
core   0: 0x0000000080004bce (0x021970b3) remu    ra, s2, ra
core   0: 1 0x0000000080004bce (0x021970b3) x1  0x000000003fbc1000
core   0: 0x0000000080004bd2 (0x00102b73) csrrs   s6, fflags, zero
core   0: 1 0x0000000080004bd2 (0x00102b73) x22 0x0000000000000000
core   0: 0x0000000080004bd6 (0x0190d83b) srlw    a6, ra, s9
core   0: 1 0x0000000080004bd6 (0x0190d83b) x16 0x000000003fbc1000
core   0: 0x0000000080004bda (0xd21c0ed3) fcvt.d.wu ft9, s8
core   0: 1 0x0000000080004bda (0xd21c0ed3) f29 0x41efffffffe00000
core   0: 0x0000000080004bde (0x018dd333) srl     t1, s11, s8
core   0: 1 0x0000000080004bde (0x018dd333) x6  0x0000000000000000
core   0: 0x0000000080004be2 (0x79034413) xori    s0, t1, 1936
core   0: 1 0x0000000080004be2 (0x79034413) x8  0x0000000000000790
core   0: 0x0000000080004be6 (0x4012dab3) sra     s5, t0, ra
core   0: 1 0x0000000080004be6 (0x4012dab3) x21 0x0000000000000010
core   0: 0x0000000080004bea (0xc20ef853) fcvt.w.d a6, ft9
core   0: 1 0x0000000080004bea (0xc20ef853) c1_fflags 0x0000000000000010 x16 0x000000007fffffff
core   0: 0x0000000080004bee (0xc035fd53) fcvt.lu.s s10, fa1
core   0: 1 0x0000000080004bee (0xc035fd53) c1_fflags 0x0000000000000010 x26 0xffffffffffffffff
core   0: 0x0000000080004bf2 (0x02420eb3) mul     t4, tp, tp
core   0: 1 0x0000000080004bf2 (0x02420eb3) x29 0x0000000000000001
core   0: 0x0000000080004bf6 (0x02e8d933) divu    s2, a7, a4
core   0: 1 0x0000000080004bf6 (0x02e8d933) x18 0x0000000000000000
core   0: 0x0000000080004bfa (0x5aa7f5c7) fmsub.d fa1, fa5, fa0, fa1
core   0: 1 0x0000000080004bfa (0x5aa7f5c7) f11 0x7ff8000000000000
core   0: 0x0000000080004bfe (0xd038fb53) fcvt.s.lu fs6, a7
core   0: 1 0x0000000080004bfe (0xd038fb53) f22 0xffffffff00000000
core   0: 0x0000000080004c02 (0x99657b93) andi    s7, a0, -1642
core   0: 1 0x0000000080004c02 (0x99657b93) x23 0x0000000000000000
core   0: 0x0000000080004c06 (0x000055b3) srl     a1, zero, zero
core   0: 1 0x0000000080004c06 (0x000055b3) x11 0x0000000000000000
core   0: 0x0000000080004c0a (0x42080453) fcvt.d.s fs0, fa6
core   0: 1 0x0000000080004c0a (0x42080453) f8  0x0000000000000000
core   0: 0x0000000080004c0e (0xb34ef24f) fnmadd.d ft4, ft9, fs4, fs6
core   0: 1 0x0000000080004c0e (0xb34ef24f) f4  0x7ff8000000000000
core   0: 0x0000000080004c12 (0xc03a70d3) fcvt.lu.s ra, fs4
core   0: 1 0x0000000080004c12 (0xc03a70d3) x1  0x0000000000000000
core   0: 0x0000000080004c16 (0xc23ef9d3) fcvt.lu.d s3, ft9
core   0: 1 0x0000000080004c16 (0xc23ef9d3) x19 0x00000000ffffffff
core   0: 0x0000000080004c1a (0x0ff0000f) fence   iorw,iorw
core   0: 1 0x0000000080004c1a (0x0ff0000f)
core   0: 0x0000000080004c1e (0xf20380d3) fmv.d.x ft1, t2
core   0: 1 0x0000000080004c1e (0xf20380d3) f1  0x0000000000000000
core   0: 0x0000000080004c22 (0x027b68bb) remw    a7, s6, t2
core   0: 1 0x0000000080004c22 (0x027b68bb) x17 0x0000000000000000
core   0: 0x0000000080004c26 (0x013d5b3b) srlw    s6, s10, s3
core   0: 1 0x0000000080004c26 (0x013d5b3b) x22 0x0000000000000001
core   0: 0x0000000080004c2a (0x002020f3) csrrs   ra, frm, zero
core   0: 1 0x0000000080004c2a (0x002020f3) x1  0x0000000000000002
core   0: 0x0000000080004c2e (0xd20309d3) fcvt.d.w fs3, t1
core   0: 1 0x0000000080004c2e (0xd20309d3) f19 0x0000000000000000
core   0: 0x0000000080004c32 (0x40255413) srai    s0, a0, 2
core   0: 1 0x0000000080004c32 (0x40255413) x8  0x0000000000000000
core   0: 0x0000000080004c36 (0x03cb95b3) mulh    a1, s7, t3
core   0: 1 0x0000000080004c36 (0x03cb95b3) x11 0x0000000000000000
core   0: 0x0000000080004c3a (0x1b637fd3) fdiv.d  ft11, ft6, fs6
core   0: 1 0x0000000080004c3a (0x1b637fd3) f31 0x7ff8000000000000
core   0: 0x0000000080004c3e (0x000ad21b) srliw   tp, s5, 0
core   0: 1 0x0000000080004c3e (0x000ad21b) x4  0x0000000000000010
core   0: 0x0000000080004c42 (0x293cfd13) andi    s10, s9, 659
core   0: 1 0x0000000080004c42 (0x293cfd13) x26 0x0000000000000000
core   0: 0x0000000080004c46 (0xd02b78d3) fcvt.s.l fa7, s6
core   0: 1 0x0000000080004c46 (0xd02b78d3) f17 0xffffffff3f800000
core   0: 0x0000000080004c4a (0x40e18733) sub     a4, gp, a4
core   0: 1 0x0000000080004c4a (0x40e18733) x14 0x0000000000000001
core   0: 0x0000000080004c4e (0xc238fcd3) fcvt.lu.d s9, fa7
core   0: 1 0x0000000080004c4e (0xc238fcd3) c1_fflags 0x0000000000000010 x25 0xffffffffffffffff
core   0: 0x0000000080004c52 (0xc227f153) fcvt.l.d sp, fa5
core   0: 1 0x0000000080004c52 (0xc227f153) c1_fflags 0x0000000000000010 x2  0x7fffffffffffffff
core   0: 0x0000000080004c56 (0x8a421497) auipc   s1, 0x8a421
core   0: 1 0x0000000080004c56 (0x8a421497) x9  0x000000000a425c56
core   0: 0x0000000080004c5a (0x4009d993) srai    s3, s3, 0
core   0: 1 0x0000000080004c5a (0x4009d993) x19 0x00000000ffffffff
core   0: 0x0000000080004c5e (0x7b9bf0cf) fnmadd.d ft1, fs7, fs9, fa5
core   0: 1 0x0000000080004c5e (0x7b9bf0cf) f1  0x7ff8000000000000
core   0: 0x0000000080004c62 (0xd02e7f53) fcvt.s.l ft10, t3
core   0: 1 0x0000000080004c62 (0xd02e7f53) f30 0xffffffff00000000
core   0: 0x0000000080004c66 (0x0035a5b3) slt     a1, a1, gp
core   0: 1 0x0000000080004c66 (0x0035a5b3) x11 0x0000000000000000
core   0: 0x0000000080004c6a (0x020e843b) mulw    s0, t4, zero
core   0: 1 0x0000000080004c6a (0x020e843b) x8  0x0000000000000000
core   0: 0x0000000080004c6e (0x002e9173) csrrw   sp, frm, t4
core   0: 1 0x0000000080004c6e (0x002e9173) x2  0x0000000000000002 c2_frm 0x0000000000000001
core   0: 0x0000000080004c72 (0xe3667acb) fnmsub.d fs5, fa2, fs6, ft8
core   0: 1 0x0000000080004c72 (0xe3667acb) f21 0x7ff8000000000000
core   0: 0x0000000080004c76 (0x002bdbbb) srlw    s7, s7, sp
core   0: 1 0x0000000080004c76 (0x002bdbbb) x23 0x0000000000000000
core   0: 0x0000000080004c7a (0xc20e79d3) fcvt.w.d s3, ft8
core   0: 1 0x0000000080004c7a (0xc20e79d3) c1_fflags 0x0000000000000010 x19 0x000000007fffffff
core   0: 0x0000000080004c7e (0xff255437) lui     s0, 0xff255
core   0: 1 0x0000000080004c7e (0xff255437) x8  0xffffffffff255000
core   0: 0x0000000080004c82 (0xc7f4041b) addiw   s0, s0, -897
core   0: 1 0x0000000080004c82 (0xc7f4041b) x8  0xffffffffff254c7f
core   0: 0x0000000080004c86 (0x00000432) c.slli  s0, 12
core   0: 1 0x0000000080004c86 (0x0432) x8  0xfffffff254c7f000
core   0: 0x0000000080004c88 (0xf1840413) addi    s0, s0, -232
core   0: 1 0x0000000080004c88 (0xf1840413) x8  0xfffffff254c7ef18
core   0: 0x0000000080004c8c (0x00000001) c.nop
core   0: 1 0x0000000080004c8c (0x0001)
core   0: 0x0000000080004c8e (0x00000001) c.nop
core   0: 1 0x0000000080004c8e (0x0001)
core   0: 0x0000000080004c90 (0x029ba9b3) mulhsu  s3, s7, s1
core   0: 1 0x0000000080004c90 (0x029ba9b3) x19 0x0000000000000000
core   0: 0x0000000080004c94 (0x0094f9b3) and     s3, s1, s1
core   0: 1 0x0000000080004c94 (0x0094f9b3) x19 0x000000000a425c56
core   0: 0x0000000080004c98 (0x0004191b) slliw   s2, s0, 0
core   0: 1 0x0000000080004c98 (0x0004191b) x18 0x0000000054c7ef18
core   0: 0x0000000080004c9c (0x01749313) slli    t1, s1, 23
core   0: 1 0x0000000080004c9c (0x01749313) x6  0x0005212e2b000000
core   0: 0x0000000080004ca0 (0x00055d9b) srliw   s11, a0, 0
core   0: 1 0x0000000080004ca0 (0x00055d9b) x27 0x0000000000000000
core   0: 0x0000000080004ca4 (0x161539b7) lui     s3, 0x16153
core   0: 1 0x0000000080004ca4 (0x161539b7) x19 0x0000000016153000
core   0: 0x0000000080004ca8 (0xf20d80d3) fmv.d.x ft1, s11
core   0: 1 0x0000000080004ca8 (0xf20d80d3) f1  0x0000000000000000
core   0: 0x0000000080004cac (0x02ae4b33) div     s6, t3, a0
core   0: 1 0x0000000080004cac (0x02ae4b33) x22 0xffffffffffffffff
core   0: 0x0000000080004cb0 (0x22611653) fsgnjn.d fa2, ft2, ft6
core   0: 1 0x0000000080004cb0 (0x22611653) f12 0x7ff8000000000000
core   0: 0x0000000080004cb4 (0x01b126b3) slt     a3, sp, s11
core   0: 1 0x0000000080004cb4 (0x01b126b3) x13 0x0000000000000000
core   0: 0x0000000080004cb8 (0x0053e2b3) or      t0, t2, t0
core   0: 1 0x0000000080004cb8 (0x0053e2b3) x5  0x0000000000000010
core   0: 0x0000000080004cbc (0x7318ffcb) fnmsub.d ft11, fa7, fa7, fa4
core   0: 1 0x0000000080004cbc (0x7318ffcb) f31 0x7ff8000000000000
core   0: 0x0000000080004cc0 (0xc6f2811b) addiw   sp, t0, -913
core   0: 1 0x0000000080004cc0 (0xc6f2811b) x2  0xfffffffffffffc7f
core   0: 0x0000000080004cc4 (0x4020deb3) sra     t4, ra, sp
core   0: 1 0x0000000080004cc4 (0x4020deb3) x29 0x0000000000000000
core   0: 0x0000000080004cc8 (0x02751133) mulh    sp, a0, t2
core   0: 1 0x0000000080004cc8 (0x02751133) x2  0x0000000000000000
core   0: 0x0000000080004ccc (0x401cfcd3) fcvt.s.d fs9, fs9
core   0: 1 0x0000000080004ccc (0x401cfcd3) f25 0xffffffff7fc00000
core   0: 0x0000000080004cd0 (0xd02af8d3) fcvt.s.l fa7, s5
core   0: 1 0x0000000080004cd0 (0xd02af8d3) f17 0xffffffff41800000
core   0: 0x0000000080004cd4 (0x23671f53) fsgnjn.d ft10, fa4, fs6
core   0: 1 0x0000000080004cd4 (0x23671f53) f30 0x7fffffff00000000
core   0: 0x0000000080004cd8 (0x34279a73) csrrw   s4, mcause, a5
core   0: exception trap_illegal_instruction, epc 0x0000000080004cd8
core   0:           tval 0x0000000034279a73
core   0: >>>>  $xrv64i2p1_m2p0_a2p1_f2p2_d2p2_zicsr2p0_zifencei2p0_zmmul1p0_zba1p0_zbb1p0_zbc1p0_zbs1p0
core   0: 0x0000000080004000 (0x0080006f) j       pc + 0x8
core   0: 3 0x0000000080004000 (0x0080006f)
core   0: >>>>  mmode_exception_handler
core   0: 0x0000000080004008 (0x00002c17) auipc   s8, 0x2
core   0: 3 0x0000000080004008 (0x00002c17) x24 0x0000000080006008
core   0: 0x000000008000400c (0xfd8c0c13) addi    s8, s8, -40
core   0: 3 0x000000008000400c (0xfd8c0c13) x24 0x0000000080005fe0
core   0: 0x0000000080004010 (0x000c00e7) jalr    s8
core   0: 3 0x0000000080004010 (0x000c00e7) x1  0x0000000080004014
core   0: >>>>  any_handler
core   0: 0x0000000080005fe0 (0x341027f3) csrrs   a5, mepc, zero
core   0: 3 0x0000000080005fe0 (0x341027f3) x15 0x0000000080004cd8
core   0: 0x0000000080005fe4 (0x34202773) csrrs   a4, mcause, zero
core   0: 3 0x0000000080005fe4 (0x34202773) x14 0x0000000000000002
core   0: 0x0000000080005fe8 (0x142026f3) csrrs   a3, scause, zero
core   0: 3 0x0000000080005fe8 (0x142026f3) x13 0x0000000000000000
core   0: 0x0000000080005fec (0x30402673) csrrs   a2, mie, zero
core   0: 3 0x0000000080005fec (0x30402673) x12 0x0000000000000a00
core   0: 0x0000000080005ff0 (0x344025f3) csrrs   a1, mip, zero
core   0: 3 0x0000000080005ff0 (0x344025f3) x11 0x0000000000000080
core   0: 0x0000000080005ff4 (0x343025f3) csrrs   a1, mtval, zero
core   0: 3 0x0000000080005ff4 (0x343025f3) x11 0x0000000034279a73
core   0: 0x0000000080005ff8 (0x14302573) csrrs   a0, stval, zero
core   0: 3 0x0000000080005ff8 (0x14302573) x10 0x0000000000000000
core   0: 0x0000000080005ffc (0xb02024f3) csrrs   s1, minstret, zero
core   0: 3 0x0000000080005ffc (0xb02024f3) x9  0x0000000000000bf7
core   0: 0x0000000080006000 (0x0000a811) c.j     pc + 20
core   0: 3 0x0000000080006000 (0xa811)
core   0: >>>>  mepc_4
core   0: 0x0000000080006014 (0x00000791) c.addi  a5, 4
core   0: 3 0x0000000080006014 (0x0791) x15 0x0000000080004cdc
core   0: 0x0000000080006016 (0x34179073) csrrw   zero, mepc, a5
core   0: 3 0x0000000080006016 (0x34179073) c833_mepc 0x0000000080004cdc
core   0: 0x000000008000601a (0x30200073) mret
core   0: 3 0x000000008000601a (0x30200073) c768_mstatus 0x8000000a00106080
core   0: 0x0000000080004cdc (0x414404bb) subw    s1, s0, s4
core   0: 1 0x0000000080004cdc (0x414404bb) x9  0x0000000054c7ef19
core   0: 0x0000000080004ce0 (0x0114929b) slliw   t0, s1, 17
core   0: 1 0x0000000080004ce0 (0x0114929b) x5  0xffffffffde320000
core   0: 0x0000000080004ce4 (0xd3f4fd4b) fnmsub.d fs10, fs1, ft11, fs10
core   0: 1 0x0000000080004ce4 (0xd3f4fd4b) f26 0x7ff8000000000000
core   0: 0x0000000080004ce8 (0x61f7ce13) xori    t3, a5, 1567
core   0: 1 0x0000000080004ce8 (0x61f7ce13) x28 0x0000000080004ac3
core   0: 0x0000000080004cec (0xc079ea97) auipc   s5, 0xc079e
core   0: 1 0x0000000080004cec (0xc079ea97) x21 0x00000000407a2cec
core   0: 0x0000000080004cf0 (0xc0327653) fcvt.lu.s a2, ft4
core   0: 1 0x0000000080004cf0 (0xc0327653) c1_fflags 0x0000000000000010 x12 0xffffffffffffffff
core   0: 0x0000000080004cf4 (0x744b0913) addi    s2, s6, 1860
core   0: 1 0x0000000080004cf4 (0x744b0913) x18 0x0000000000000743
core   0: 0x0000000080004cf8 (0x7ff7049b) addiw   s1, a4, 2047
core   0: 1 0x0000000080004cf8 (0x7ff7049b) x9  0x0000000000000801
core   0: 0x0000000080004cfc (0xffc37cb7) lui     s9, 0xffc37
core   0: 1 0x0000000080004cfc (0xffc37cb7) x25 0xffffffffffc37000
core   0: 0x0000000080004d00 (0x4e9c8c9b) addiw   s9, s9, 1257
core   0: 1 0x0000000080004d00 (0x4e9c8c9b) x25 0xffffffffffc374e9
core   0: 0x0000000080004d04 (0x00000cbe) c.slli  s9, 15
core   0: 1 0x0000000080004d04 (0x0cbe) x25 0xffffffe1ba748000
core   0: 0x0000000080004d06 (0xeedc8c93) addi    s9, s9, -275
core   0: 1 0x0000000080004d06 (0xeedc8c93) x25 0xffffffe1ba747eed
core   0: 0x0000000080004d0a (0x400c5513) srai    a0, s8, 0
core   0: 1 0x0000000080004d0a (0x400c5513) x10 0x0000000080005fe0
core   0: 0x0000000080004d0e (0x015e181b) slliw   a6, t3, 21
core   0: 1 0x0000000080004d0e (0x015e181b) x16 0x0000000058600000
core   0: 0x0000000080004d12 (0xb7db0b13) addi    s6, s6, -1155
core   0: 1 0x0000000080004d12 (0xb7db0b13) x22 0xfffffffffffffb7c
core   0: 0x0000000080004d16 (0x03f0da93) srli    s5, ra, 63
core   0: 1 0x0000000080004d16 (0x03f0da93) x21 0x0000000000000000
core   0: 0x0000000080004d1a (0x7b092973) csrrs   s2, dcsr, s2
core   0: exception trap_illegal_instruction, epc 0x0000000080004d1a
core   0:           tval 0x000000007b092973
core   0: >>>>  $xrv64i2p1_m2p0_a2p1_f2p2_d2p2_zicsr2p0_zifencei2p0_zmmul1p0_zba1p0_zbb1p0_zbc1p0_zbs1p0
core   0: 0x0000000080004000 (0x0080006f) j       pc + 0x8
core   0: 3 0x0000000080004000 (0x0080006f)
core   0: >>>>  mmode_exception_handler
core   0: 0x0000000080004008 (0x00002c17) auipc   s8, 0x2
core   0: 3 0x0000000080004008 (0x00002c17) x24 0x0000000080006008
core   0: 0x000000008000400c (0xfd8c0c13) addi    s8, s8, -40
core   0: 3 0x000000008000400c (0xfd8c0c13) x24 0x0000000080005fe0
core   0: 0x0000000080004010 (0x000c00e7) jalr    s8
core   0: 3 0x0000000080004010 (0x000c00e7) x1  0x0000000080004014
core   0: >>>>  any_handler
core   0: 0x0000000080005fe0 (0x341027f3) csrrs   a5, mepc, zero
core   0: 3 0x0000000080005fe0 (0x341027f3) x15 0x0000000080004d1a
core   0: 0x0000000080005fe4 (0x34202773) csrrs   a4, mcause, zero
core   0: 3 0x0000000080005fe4 (0x34202773) x14 0x0000000000000002
core   0: 0x0000000080005fe8 (0x142026f3) csrrs   a3, scause, zero
core   0: 3 0x0000000080005fe8 (0x142026f3) x13 0x0000000000000000
core   0: 0x0000000080005fec (0x30402673) csrrs   a2, mie, zero
core   0: 3 0x0000000080005fec (0x30402673) x12 0x0000000000000a00
core   0: 0x0000000080005ff0 (0x344025f3) csrrs   a1, mip, zero
core   0: 3 0x0000000080005ff0 (0x344025f3) x11 0x0000000000000080
core   0: 0x0000000080005ff4 (0x343025f3) csrrs   a1, mtval, zero
core   0: 3 0x0000000080005ff4 (0x343025f3) x11 0x000000007b092973
core   0: 0x0000000080005ff8 (0x14302573) csrrs   a0, stval, zero
core   0: 3 0x0000000080005ff8 (0x14302573) x10 0x0000000000000000
core   0: 0x0000000080005ffc (0xb02024f3) csrrs   s1, minstret, zero
core   0: 3 0x0000000080005ffc (0xb02024f3) x9  0x0000000000000c17
core   0: 0x0000000080006000 (0x0000a811) c.j     pc + 20
core   0: 3 0x0000000080006000 (0xa811)
core   0: >>>>  mepc_4
core   0: 0x0000000080006014 (0x00000791) c.addi  a5, 4
core   0: 3 0x0000000080006014 (0x0791) x15 0x0000000080004d1e
core   0: 0x0000000080006016 (0x34179073) csrrw   zero, mepc, a5
core   0: 3 0x0000000080006016 (0x34179073) c833_mepc 0x0000000080004d1e
core   0: 0x000000008000601a (0x30200073) mret
core   0: 3 0x000000008000601a (0x30200073) c768_mstatus 0x8000000a00106080
core   0: 0x0000000080004d1e (0x5a0b7c53) fsqrt.d fs8, fs6
core   0: 1 0x0000000080004d1e (0x5a0b7c53) f24 0x7ff8000000000000
core   0: 0x0000000080004d22 (0xe20c0c53) fmv.x.d s8, fs8
core   0: 1 0x0000000080004d22 (0xe20c0c53) x24 0x7ff8000000000000
core   0: 0x0000000080004d26 (0x099b0837) lui     a6, 0x99b0
core   0: 1 0x0000000080004d26 (0x099b0837) x16 0x00000000099b0000
core   0: 0x0000000080004d2a (0xeac60b1b) addiw   s6, a2, -340
core   0: 1 0x0000000080004d2a (0xeac60b1b) x22 0x00000000000008ac
core   0: 0x0000000080004d2e (0x7f43e893) ori     a7, t2, 2036
core   0: 1 0x0000000080004d2e (0x7f43e893) x17 0x00000000000007f4
core   0: 0x0000000080004d32 (0xc20bfa53) fcvt.w.d s4, fs7
core   0: 1 0x0000000080004d32 (0xc20bfa53) x20 0x0000000000000000
core   0: 0x0000000080004d36 (0x00291673) csrrw   a2, frm, s2
core   0: 1 0x0000000080004d36 (0x00291673) x12 0x0000000000000001 c2_frm 0x0000000000000003
core   0: 0x0000000080004d3a (0xa38b00d3) fle.d   ra, fs6, fs8
core   0: 1 0x0000000080004d3a (0xa38b00d3) c1_fflags 0x0000000000000010 x1  0x0000000000000000
core   0: 0x0000000080004d3e (0x000dd01b) srliw   zero, s11, 0
core   0: 1 0x0000000080004d3e (0x000dd01b)
core   0: 0x0000000080004d42 (0x0230d393) srli    t2, ra, 35
core   0: 1 0x0000000080004d42 (0x0230d393) x7  0x0000000000000000
core   0: 0x0000000080004d46 (0x0001d193) srli    gp, gp, 0
core   0: 1 0x0000000080004d46 (0x0001d193) x3  0x0000000000000000
core   0: 0x0000000080004d4a (0x402b559b) sraiw   a1, s6, 2
core   0: 1 0x0000000080004d4a (0x402b559b) x11 0x000000000000022b
core   0: 0x0000000080004d4e (0x420409d3) fcvt.d.s fs3, fs0
core   0: 1 0x0000000080004d4e (0x420409d3) f19 0x7ff8000000000000
core   0: 0x0000000080004d52 (0x4003529b) sraiw   t0, t1, 0
core   0: 1 0x0000000080004d52 (0x4003529b) x5  0x000000002b000000
core   0: 0x0000000080004d56 (0x4143073b) subw    a4, t1, s4
core   0: 1 0x0000000080004d56 (0x4143073b) x14 0x000000002b000000
core   0: 0x0000000080004d5a (0x02e7fcb3) remu    s9, a5, a4
core   0: 1 0x0000000080004d5a (0x02e7fcb3) x25 0x000000002a004d1e
core   0: 0x0000000080004d5e (0x03fdd193) srli    gp, s11, 63
core   0: 1 0x0000000080004d5e (0x03fdd193) x3  0x0000000000000000
core   0: 0x0000000080004d62 (0x033024b3) mulhsu  s1, zero, s3
core   0: 1 0x0000000080004d62 (0x033024b3) x9  0x0000000000000000
core   0: 0x0000000080004d66 (0x03600b3b) mulw    s6, zero, s6
core   0: 1 0x0000000080004d66 (0x03600b3b) x22 0x0000000000000000
core   0: 0x0000000080004d6a (0x00202d73) csrrs   s10, frm, zero
core   0: 1 0x0000000080004d6a (0x00202d73) x26 0x0000000000000003
core   0: 0x0000000080004d6e (0x23c02e53) fsgnjx.d ft8, ft0, ft8
core   0: 1 0x0000000080004d6e (0x23c02e53) f28 0x7ff8000000000000
core   0: 0x0000000080004d72 (0x00b59e1b) slliw   t3, a1, 11
core   0: 1 0x0000000080004d72 (0x00b59e1b) x28 0x0000000000115800
core   0: 0x0000000080004d76 (0xfff44413) not     s0, s0
core   0: 1 0x0000000080004d76 (0xfff44413) x8  0x0000000dab3810e7
core   0: 0x0000000080004d7a (0x40edddb3) sra     s11, s11, a4
core   0: 1 0x0000000080004d7a (0x40edddb3) x27 0x0000000000000000
core   0: 0x0000000080004d7e (0x41fdd31b) sraiw   t1, s11, 31
core   0: 1 0x0000000080004d7e (0x41fdd31b) x6  0x0000000000000000
core   0: 0x0000000080004d82 (0x41f25a1b) sraiw   s4, tp, 31
core   0: 1 0x0000000080004d82 (0x41f25a1b) x20 0x0000000000000000
core   0: 0x0000000080004d86 (0xd2347cd3) fcvt.d.lu fs9, s0
core   0: 1 0x0000000080004d86 (0xd2347cd3) f25 0x422b567021ce0000
core   0: 0x0000000080004d8a (0x7472be73) csrrc   t3, mseccfg, t0
core   0: exception trap_illegal_instruction, epc 0x0000000080004d8a
core   0:           tval 0x000000007472be73
core   0: >>>>  $xrv64i2p1_m2p0_a2p1_f2p2_d2p2_zicsr2p0_zifencei2p0_zmmul1p0_zba1p0_zbb1p0_zbc1p0_zbs1p0
core   0: 0x0000000080004000 (0x0080006f) j       pc + 0x8
core   0: 3 0x0000000080004000 (0x0080006f)
core   0: >>>>  mmode_exception_handler
core   0: 0x0000000080004008 (0x00002c17) auipc   s8, 0x2
core   0: 3 0x0000000080004008 (0x00002c17) x24 0x0000000080006008
core   0: 0x000000008000400c (0xfd8c0c13) addi    s8, s8, -40
core   0: 3 0x000000008000400c (0xfd8c0c13) x24 0x0000000080005fe0
core   0: 0x0000000080004010 (0x000c00e7) jalr    s8
core   0: 3 0x0000000080004010 (0x000c00e7) x1  0x0000000080004014
core   0: >>>>  any_handler
core   0: 0x0000000080005fe0 (0x341027f3) csrrs   a5, mepc, zero
core   0: 3 0x0000000080005fe0 (0x341027f3) x15 0x0000000080004d8a
core   0: 0x0000000080005fe4 (0x34202773) csrrs   a4, mcause, zero
core   0: 3 0x0000000080005fe4 (0x34202773) x14 0x0000000000000002
core   0: 0x0000000080005fe8 (0x142026f3) csrrs   a3, scause, zero
core   0: 3 0x0000000080005fe8 (0x142026f3) x13 0x0000000000000000
core   0: 0x0000000080005fec (0x30402673) csrrs   a2, mie, zero
core   0: 3 0x0000000080005fec (0x30402673) x12 0x0000000000000a00
core   0: 0x0000000080005ff0 (0x344025f3) csrrs   a1, mip, zero
core   0: 3 0x0000000080005ff0 (0x344025f3) x11 0x0000000000000080
core   0: 0x0000000080005ff4 (0x343025f3) csrrs   a1, mtval, zero
core   0: 3 0x0000000080005ff4 (0x343025f3) x11 0x000000007472be73
core   0: 0x0000000080005ff8 (0x14302573) csrrs   a0, stval, zero
core   0: 3 0x0000000080005ff8 (0x14302573) x10 0x0000000000000000
core   0: 0x0000000080005ffc (0xb02024f3) csrrs   s1, minstret, zero
core   0: 3 0x0000000080005ffc (0xb02024f3) x9  0x0000000000000c42
core   0: 0x0000000080006000 (0x0000a811) c.j     pc + 20
core   0: 3 0x0000000080006000 (0xa811)
core   0: >>>>  mepc_4
core   0: 0x0000000080006014 (0x00000791) c.addi  a5, 4
core   0: 3 0x0000000080006014 (0x0791) x15 0x0000000080004d8e
core   0: 0x0000000080006016 (0x34179073) csrrw   zero, mepc, a5
core   0: 3 0x0000000080006016 (0x34179073) c833_mepc 0x0000000080004d8e
core   0: 0x000000008000601a (0x30200073) mret
core   0: 3 0x000000008000601a (0x30200073) c768_mstatus 0x8000000a00106080
core   0: 0x0000000080004d8e (0x02b487b3) mul     a5, s1, a1
core   0: 1 0x0000000080004d8e (0x02b487b3) x15 0x0000059366827da6
core   0: 0x0000000080004d92 (0x23bd9bd3) fsgnjn.d fs7, fs11, fs11
core   0: 1 0x0000000080004d92 (0x23bd9bd3) f23 0xfff8000000000000
core   0: 0x0000000080004d96 (0xf2048053) fmv.d.x ft0, s1
core   0: 1 0x0000000080004d96 (0xf2048053) f0  0x0000000000000c42
core   0: 0x0000000080004d9a (0x03a818b3) mulh    a7, a6, s10
core   0: 1 0x0000000080004d9a (0x03a818b3) x17 0x0000000000000000
core   0: 0x0000000080004d9e (0x1ba2fd53) fdiv.d  fs10, ft5, fs10
core   0: 1 0x0000000080004d9e (0x1ba2fd53) f26 0x7ff8000000000000
core   0: 0x0000000080004da2 (0x40187e53) fcvt.s.d ft8, fa6
core   0: 1 0x0000000080004da2 (0x40187e53) f28 0xffffffff7fc00000
core   0: 0x0000000080004da6 (0x0ff0000f) fence   iorw,iorw
core   0: 1 0x0000000080004da6 (0x0ff0000f)
core   0: 0x0000000080004daa (0x02c66e3b) remw    t3, a2, a2
core   0: 1 0x0000000080004daa (0x02c66e3b) x28 0x0000000000000000
core   0: 0x0000000080004dae (0x40a0d53b) sraw    a0, ra, a0
core   0: 1 0x0000000080004dae (0x40a0d53b) x10 0xffffffff80004014
core   0: 0x0000000080004db2 (0x001091f3) csrrw   gp, fflags, ra
core   0: 1 0x0000000080004db2 (0x001091f3) x3  0x0000000000000010 c1_fflags 0x0000000000000014
core   0: 0x0000000080004db6 (0x0311fb53) fadd.d  fs6, ft3, fa7
core   0: 1 0x0000000080004db6 (0x0311fb53) f22 0x7ff8000000000000
core   0: 0x0000000080004dba (0x01c5131b) slliw   t1, a0, 28
core   0: 1 0x0000000080004dba (0x01c5131b) x6  0x0000000040000000
core   0: 0x0000000080004dbe (0x033d5333) divu    t1, s10, s3
core   0: 1 0x0000000080004dbe (0x033d5333) x6  0x0000000000000000
core   0: 0x0000000080004dc2 (0x4109d83b) sraw    a6, s3, a6
core   0: 1 0x0000000080004dc2 (0x4109d83b) x16 0x0000000016153000
core   0: 0x0000000080004dc6 (0x3200d8f3) csrrwi  a7, mcountinhibit, 1
core   0: exception trap_illegal_instruction, epc 0x0000000080004dc6
core   0:           tval 0x000000003200d8f3
core   0: >>>>  $xrv64i2p1_m2p0_a2p1_f2p2_d2p2_zicsr2p0_zifencei2p0_zmmul1p0_zba1p0_zbb1p0_zbc1p0_zbs1p0
core   0: 0x0000000080004000 (0x0080006f) j       pc + 0x8
core   0: 3 0x0000000080004000 (0x0080006f)
core   0: >>>>  mmode_exception_handler
core   0: 0x0000000080004008 (0x00002c17) auipc   s8, 0x2
core   0: 3 0x0000000080004008 (0x00002c17) x24 0x0000000080006008
core   0: 0x000000008000400c (0xfd8c0c13) addi    s8, s8, -40
core   0: 3 0x000000008000400c (0xfd8c0c13) x24 0x0000000080005fe0
core   0: 0x0000000080004010 (0x000c00e7) jalr    s8
core   0: 3 0x0000000080004010 (0x000c00e7) x1  0x0000000080004014
core   0: >>>>  any_handler
core   0: 0x0000000080005fe0 (0x341027f3) csrrs   a5, mepc, zero
core   0: 3 0x0000000080005fe0 (0x341027f3) x15 0x0000000080004dc6
core   0: 0x0000000080005fe4 (0x34202773) csrrs   a4, mcause, zero
core   0: 3 0x0000000080005fe4 (0x34202773) x14 0x0000000000000002
core   0: 0x0000000080005fe8 (0x142026f3) csrrs   a3, scause, zero
core   0: 3 0x0000000080005fe8 (0x142026f3) x13 0x0000000000000000
core   0: 0x0000000080005fec (0x30402673) csrrs   a2, mie, zero
core   0: 3 0x0000000080005fec (0x30402673) x12 0x0000000000000a00
core   0: 0x0000000080005ff0 (0x344025f3) csrrs   a1, mip, zero
core   0: 3 0x0000000080005ff0 (0x344025f3) x11 0x0000000000000080
core   0: 0x0000000080005ff4 (0x343025f3) csrrs   a1, mtval, zero
core   0: 3 0x0000000080005ff4 (0x343025f3) x11 0x000000003200d8f3
core   0: 0x0000000080005ff8 (0x14302573) csrrs   a0, stval, zero
core   0: 3 0x0000000080005ff8 (0x14302573) x10 0x0000000000000000
core   0: 0x0000000080005ffc (0xb02024f3) csrrs   s1, minstret, zero
core   0: 3 0x0000000080005ffc (0xb02024f3) x9  0x0000000000000c60
core   0: 0x0000000080006000 (0x0000a811) c.j     pc + 20
core   0: 3 0x0000000080006000 (0xa811)
core   0: >>>>  mepc_4
core   0: 0x0000000080006014 (0x00000791) c.addi  a5, 4
core   0: 3 0x0000000080006014 (0x0791) x15 0x0000000080004dca
core   0: 0x0000000080006016 (0x34179073) csrrw   zero, mepc, a5
core   0: 3 0x0000000080006016 (0x34179073) c833_mepc 0x0000000080004dca
core   0: 0x000000008000601a (0x30200073) mret
core   0: 3 0x000000008000601a (0x30200073) c768_mstatus 0x8000000a00106080
core   0: 0x0000000080004dca (0xf20c0bd3) fmv.d.x fs7, s8
core   0: 1 0x0000000080004dca (0xf20c0bd3) f23 0x0000000080005fe0
core   0: 0x0000000080004dce (0x007813b3) sll     t2, a6, t2
core   0: 1 0x0000000080004dce (0x007813b3) x7  0x0000000016153000
core   0: 0x0000000080004dd2 (0x00625a3b) srlw    s4, tp, t1
core   0: 1 0x0000000080004dd2 (0x00625a3b) x20 0x0000000000000010
core   0: 0x0000000080004dd6 (0x00111473) csrrw   s0, fflags, sp
core   0: 1 0x0000000080004dd6 (0x00111473) x8  0x0000000000000014 c1_fflags 0x0000000000000000
core   0: 0x0000000080004dda (0x142e50f3) csrrwi  ra, scause, 28
core   0: 1 0x0000000080004dda (0x142e50f3) x1  0x0000000000000000 c322_scause 0x000000000000001c
core   0: 0x0000000080004dde (0x034165bb) remw    a1, sp, s4
core   0: 1 0x0000000080004dde (0x034165bb) x11 0x0000000000000000
core   0: 0x0000000080004de2 (0x00d5d2bb) srlw    t0, a1, a3
core   0: 1 0x0000000080004de2 (0x00d5d2bb) x5  0x0000000000000000
core   0: 0x0000000080004de6 (0x2554861b) addiw   a2, s1, 597
core   0: 1 0x0000000080004de6 (0x2554861b) x12 0x0000000000000eb5
core   0: 0x0000000080004dea (0xc22cf053) fcvt.l.d zero, fs9
core   0: 1 0x0000000080004dea (0xc22cf053)
core   0: 0x0000000080004dee (0x4112dd13) srai    s10, t0, 17
core   0: 1 0x0000000080004dee (0x4112dd13) x26 0x0000000000000000
core   0: 0x0000000080004df2 (0xd02673d3) fcvt.s.l ft7, a2
core   0: 1 0x0000000080004df2 (0xd02673d3) f7  0xffffffff456b5000
core   0: 0x0000000080004df6 (0x00d6193b) sllw    s2, a2, a3
core   0: 1 0x0000000080004df6 (0x00d6193b) x18 0x0000000000000eb5
core   0: 0x0000000080004dfa (0x417d50b3) sra     ra, s10, s7
core   0: 1 0x0000000080004dfa (0x417d50b3) x1  0x0000000000000000
core   0: 0x0000000080004dfe (0xe20387d3) fmv.x.d a5, ft7
core   0: 1 0x0000000080004dfe (0xe20387d3) x15 0xffffffff456b5000
core   0: 0x0000000080004e02 (0x41dc5833) sra     a6, s8, t4
core   0: 1 0x0000000080004e02 (0x41dc5833) x16 0x0000000080005fe0
core   0: 0x0000000080004e06 (0x4010fd53) fcvt.s.d fs10, ft1
core   0: 1 0x0000000080004e06 (0x4010fd53) f26 0xffffffff00000000
core   0: 0x0000000080004e0a (0x00178e1b) addiw   t3, a5, 1
core   0: 1 0x0000000080004e0a (0x00178e1b) x28 0x00000000456b5001
core   0: 0x0000000080004e0e (0x63a6c317) auipc   t1, 0x63a6c
core   0: 1 0x0000000080004e0e (0x63a6c317) x6  0x00000000e3a70e0e
core   0: 0x0000000080004e12 (0xf20e0453) fmv.d.x fs0, t3
core   0: 1 0x0000000080004e12 (0xf20e0453) f8  0x00000000456b5001
core   0: 0x0000000080004e16 (0x0ff0000f) fence   iorw,iorw
core   0: 1 0x0000000080004e16 (0x0ff0000f)
core   0: 0x0000000080004e1a (0x01b71e93) slli    t4, a4, 27
core   0: 1 0x0000000080004e1a (0x01b71e93) x29 0x0000000010000000
core   0: 0x0000000080004e1e (0x03bdd1b3) divu    gp, s11, s11
core   0: 1 0x0000000080004e1e (0x03bdd1b3) x3  0xffffffffffffffff
core   0: 0x0000000080004e22 (0x035dd733) divu    a4, s11, s5
core   0: 1 0x0000000080004e22 (0x035dd733) x14 0xffffffffffffffff
core   0: 0x0000000080004e26 (0xc2047b53) fcvt.w.d s6, fs0
core   0: 1 0x0000000080004e26 (0xc2047b53) c1_fflags 0x0000000000000001 x22 0x0000000000000001
core   0: 0x0000000080004e2a (0x0b4b7f53) fsub.d  ft10, fs6, fs4
core   0: 1 0x0000000080004e2a (0x0b4b7f53) f30 0x7ff8000000000000
core   0: 0x0000000080004e2e (0x012b87b3) add     a5, s7, s2
core   0: 1 0x0000000080004e2e (0x012b87b3) x15 0x0000000000000eb5
core   0: 0x0000000080004e32 (0x034b5b33) divu    s6, s6, s4
core   0: 1 0x0000000080004e32 (0x034b5b33) x22 0x0000000000000000
core   0: 0x0000000080004e36 (0x000095ed) c.srai  a1, 59
core   0: 1 0x0000000080004e36 (0x95ed) x11 0x0000000000000000
core   0: 0x0000000080004e38 (0x016ada9b) srliw   s5, s5, 22
core   0: 1 0x0000000080004e38 (0x016ada9b) x21 0x0000000000000000
core   0: 0x0000000080004e3c (0xc03f7353) fcvt.lu.s t1, ft10
core   0: 1 0x0000000080004e3c (0xc03f7353) c1_fflags 0x0000000000000011 x6  0xffffffffffffffff
core   0: 0x0000000080004e40 (0x0ff0000f) fence   iorw,iorw
core   0: 1 0x0000000080004e40 (0x0ff0000f)
core   0: 0x0000000080004e44 (0x2ac80653) fmin.d  fa2, fa6, fa2
core   0: 1 0x0000000080004e44 (0x2ac80653) f12 0x7ff8000000000000
core   0: 0x0000000080004e48 (0x00049493) slli    s1, s1, 0
core   0: 1 0x0000000080004e48 (0x00049493) x9  0x0000000000000c60
core   0: 0x0000000080004e4c (0x00f5d59b) srliw   a1, a1, 15
core   0: 1 0x0000000080004e4c (0x00f5d59b) x11 0x0000000000000000
core   0: 0x0000000080004e50 (0xd0397553) fcvt.s.lu fa0, s2
core   0: 1 0x0000000080004e50 (0xd0397553) f10 0xffffffff456b5000
core   0: 0x0000000080004e54 (0x0025979b) slliw   a5, a1, 2
core   0: 1 0x0000000080004e54 (0x0025979b) x15 0x0000000000000000
core   0: 0x0000000080004e58 (0x00e0973b) sllw    a4, ra, a4
core   0: 1 0x0000000080004e58 (0x00e0973b) x14 0x0000000000000000
core   0: 0x0000000080004e5c (0x0236f1d3) fadd.d  ft3, fa3, ft3
core   0: 1 0x0000000080004e5c (0x0236f1d3) f3  0x7ff8000000000000
core   0: 0x0000000080004e60 (0xd23cfcd3) fcvt.d.lu fs9, s9
core   0: 1 0x0000000080004e60 (0xd23cfcd3) f25 0x41c500268f000000
core   0: 0x0000000080004e64 (0x022886bb) mulw    a3, a7, sp
core   0: 1 0x0000000080004e64 (0x022886bb) x13 0x0000000000000000
core   0: 0x0000000080004e68 (0x03c5ce3b) divw    t3, a1, t3
core   0: 1 0x0000000080004e68 (0x03c5ce3b) x28 0x0000000000000000
core   0: 0x0000000080004e6c (0x0279c2b3) div     t0, s3, t2
core   0: 1 0x0000000080004e6c (0x0279c2b3) x5  0x0000000000000001
core   0: 0x0000000080004e70 (0x0014d59b) srliw   a1, s1, 1
core   0: 1 0x0000000080004e70 (0x0014d59b) x11 0x0000000000000630
core   0: 0x0000000080004e74 (0x404d023b) subw    tp, s10, tp
core   0: 1 0x0000000080004e74 (0x404d023b) x4  0xfffffffffffffff0
core   0: 0x0000000080004e78 (0x0ff0000f) fence   iorw,iorw
core   0: 1 0x0000000080004e78 (0x0ff0000f)
core   0: 0x0000000080004e7c (0x01d15b3b) srlw    s6, sp, t4
core   0: 1 0x0000000080004e7c (0x01d15b3b) x22 0x0000000000000000
core   0: 0x0000000080004e80 (0x01159a3b) sllw    s4, a1, a7
core   0: 1 0x0000000080004e80 (0x01159a3b) x20 0x0000000000000630
core   0: 0x0000000080004e84 (0xd23a7ed3) fcvt.d.lu ft9, s4
core   0: 1 0x0000000080004e84 (0xd23a7ed3) f29 0x4098c00000000000
core   0: 0x0000000080004e88 (0x0361f753) fadd.d  fa4, ft3, fs6
core   0: 1 0x0000000080004e88 (0x0361f753) f14 0x7ff8000000000000
core   0: 0x0000000080004e8c (0xed75f293) andi    t0, a1, -297
core   0: 1 0x0000000080004e8c (0xed75f293) x5  0x0000000000000610
core   0: 0x0000000080004e90 (0x0092ca33) xor     s4, t0, s1
core   0: 1 0x0000000080004e90 (0x0092ca33) x20 0x0000000000000a70
core   0: 0x0000000080004e94 (0x40e7093b) subw    s2, a4, a4
core   0: 1 0x0000000080004e94 (0x40e7093b) x18 0x0000000000000000
core   0: 0x0000000080004e98 (0x639cf2c7) fmsub.d ft5, fs9, fs9, fa2
core   0: 1 0x0000000080004e98 (0x639cf2c7) f5  0x7ff8000000000000
core   0: 0x0000000080004e9c (0xffeb29b7) lui     s3, 0xffeb2
core   0: 1 0x0000000080004e9c (0xffeb29b7) x19 0xffffffffffeb2000
core   0: 0x0000000080004ea0 (0x3b79899b) addiw   s3, s3, 951
core   0: 1 0x0000000080004ea0 (0x3b79899b) x19 0xffffffffffeb23b7
core   0: 0x0000000080004ea4 (0x000009c2) c.slli  s3, 16
core   0: 1 0x0000000080004ea4 (0x09c2) x19 0xffffffeb23b70000
core   0: 0x0000000080004ea6 (0x3e898993) addi    s3, s3, 1000
core   0: 1 0x0000000080004ea6 (0x3e898993) x19 0xffffffeb23b703e8
core   0: 0x0000000080004eaa (0x91c40117) auipc   sp, 0x91c40
core   0: 1 0x0000000080004eaa (0x91c40117) x2  0x0000000011c44eaa
core   0: 0x0000000080004eae (0x028c98b3) mulh    a7, s9, s0
core   0: 1 0x0000000080004eae (0x028c98b3) x17 0x0000000000000000
core   0: 0x0000000080004eb2 (0x01195d3b) srlw    s10, s2, a7
core   0: 1 0x0000000080004eb2 (0x01195d3b) x26 0x0000000000000000
core   0: 0x0000000080004eb6 (0xd231fb53) fcvt.d.lu fs6, gp
core   0: 1 0x0000000080004eb6 (0xd231fb53) c1_fflags 0x0000000000000011 f22 0x43f0000000000000
core   0: 0x0000000080004eba (0x0093dd33) srl     s10, t2, s1
core   0: 1 0x0000000080004eba (0x0093dd33) x26 0x0000000000000000
core   0: 0x0000000080004ebe (0x001d5c3b) srlw    s8, s10, ra
core   0: 1 0x0000000080004ebe (0x001d5c3b) x24 0x0000000000000000
core   0: 0x0000000080004ec2 (0x02065013) srli    zero, a2, 32
core   0: 1 0x0000000080004ec2 (0x02065013)
core   0: 0x0000000080004ec6 (0x032e2a33) mulhsu  s4, t3, s2
core   0: 1 0x0000000080004ec6 (0x032e2a33) x20 0x0000000000000000
core   0: 0x0000000080004eca (0x409a06bb) subw    a3, s4, s1
core   0: 1 0x0000000080004eca (0x409a06bb) x13 0xfffffffffffff3a0
core   0: 0x0000000080004ece (0x002c1973) csrrw   s2, frm, s8
core   0: 1 0x0000000080004ece (0x002c1973) x18 0x0000000000000003 c2_frm 0x0000000000000000
core   0: 0x0000000080004ed2 (0x227b1fd3) fsgnjn.d ft11, fs6, ft7
core   0: 1 0x0000000080004ed2 (0x227b1fd3) f31 0x43f0000000000000
core   0: 0x0000000080004ed6 (0x00c29633) sll     a2, t0, a2
core   0: 1 0x0000000080004ed6 (0x00c29633) x12 0xc200000000000000
core   0: 0x0000000080004eda (0x02d87153) fadd.d  ft2, fa6, fa3
core   0: 1 0x0000000080004eda (0x02d87153) f2  0x7ff8000000000000
core   0: 0x0000000080004ede (0xd236f5d3) fcvt.d.lu fa1, a3
core   0: 1 0x0000000080004ede (0xd236f5d3) c1_fflags 0x0000000000000011 f11 0x43effffffffffffe
core   0: 0x0000000080004ee2 (0xf2060fd3) fmv.d.x ft11, a2
core   0: 1 0x0000000080004ee2 (0xf2060fd3) f31 0xc200000000000000
core   0: 0x0000000080004ee6 (0xca8cf4cb) fnmsub.d fs1, fs9, fs0, fs9
core   0: 1 0x0000000080004ee6 (0xca8cf4cb) c1_fflags 0x0000000000000011 f9  0x41c500268f000000
core   0: 0x0000000080004eea (0x001c929b) slliw   t0, s9, 1
core   0: 1 0x0000000080004eea (0x001c929b) x5  0x0000000054009a3c
core   0: 0x0000000080004eee (0x736bf74f) fnmadd.d fa4, fs7, fs6, fa4
core   0: 1 0x0000000080004eee (0x736bf74f) f14 0x7ff8000000000000
core   0: 0x0000000080004ef2 (0xc2277dd3) fcvt.l.d s11, fa4
core   0: 1 0x0000000080004ef2 (0xc2277dd3) c1_fflags 0x0000000000000011 x27 0x7fffffffffffffff
core   0: 0x0000000080004ef6 (0xd20c8e53) fcvt.d.w ft8, s9
core   0: 1 0x0000000080004ef6 (0xd20c8e53) f28 0x41c500268f000000
core   0: 0x0000000080004efa (0x4015f953) fcvt.s.d fs2, fa1
core   0: 1 0x0000000080004efa (0x4015f953) c1_fflags 0x0000000000000011 f18 0xffffffff5f800000
core   0: 0x0000000080004efe (0x0b40809b) addiw   ra, ra, 180
core   0: 1 0x0000000080004efe (0x0b40809b) x1  0x00000000000000b4
core   0: 0x0000000080004f02 (0xc02473d3) fcvt.l.s t2, fs0
core   0: 1 0x0000000080004f02 (0xc02473d3) c1_fflags 0x0000000000000011 x7  0x7fffffffffffffff
core   0: 0x0000000080004f06 (0xc03d7553) fcvt.lu.s a0, fs10
core   0: 1 0x0000000080004f06 (0xc03d7553) x10 0x0000000000000000
core   0: 0x0000000080004f0a (0x412d5933) sra     s2, s10, s2
core   0: 1 0x0000000080004f0a (0x412d5933) x18 0x0000000000000000
core   0: 0x0000000080004f0e (0xce190693) addi    a3, s2, -799
core   0: 1 0x0000000080004f0e (0xce190693) x13 0xfffffffffffffce1
core   0: 0x0000000080004f12 (0xcca3ce13) xori    t3, t2, -822
core   0: 1 0x0000000080004f12 (0xcca3ce13) x28 0x8000000000000335
core   0: 0x0000000080004f16 (0x02de0a33) mul     s4, t3, a3
core   0: 1 0x0000000080004f16 (0x02de0a33) x20 0x7ffffffffff5fd95
core   0: 0x0000000080004f1a (0xd23a7053) fcvt.d.lu ft0, s4
core   0: 1 0x0000000080004f1a (0xd23a7053) c1_fflags 0x0000000000000011 f0  0x43dffffffffffd7f
core   0: 0x0000000080004f1e (0x2327a7d3) fsgnjx.d fa5, fa5, fs2
core   0: 1 0x0000000080004f1e (0x2327a7d3) f15 0x7fffffff00000000
core   0: 0x0000000080004f22 (0x02b6f2b3) remu    t0, a3, a1
core   0: 1 0x0000000080004f22 (0x02b6f2b3) x5  0x0000000000000321
core   0: 0x0000000080004f26 (0x03d78c33) mul     s8, a5, t4
core   0: 1 0x0000000080004f26 (0x03d78c33) x24 0x0000000000000000
core   0: 0x0000000080004f2a (0x22a32353) fsgnjx.d ft6, ft6, fa0
core   0: 1 0x0000000080004f2a (0x22a32353) f6  0x3ff0000000000000
core   0: 0x0000000080004f2e (0x22131ed3) fsgnjn.d ft9, ft6, ft1
core   0: 1 0x0000000080004f2e (0x22131ed3) f29 0xbff0000000000000
core   0: 0x0000000080004f32 (0xd03c75d3) fcvt.s.lu fa1, s8
core   0: 1 0x0000000080004f32 (0xd03c75d3) f11 0xffffffff00000000
core   0: 0x0000000080004f36 (0x5acef9c7) fmsub.d fs3, ft9, fa2, fa1
core   0: 1 0x0000000080004f36 (0x5acef9c7) f19 0x7ff8000000000000
core   0: 0x0000000080004f3a (0x01682b33) slt     s6, a6, s6
core   0: 1 0x0000000080004f3a (0x01682b33) x22 0x0000000000000000
core   0: 0x0000000080004f3e (0xc2067653) fcvt.w.d a2, fa2
core   0: 1 0x0000000080004f3e (0xc2067653) c1_fflags 0x0000000000000011 x12 0x000000007fffffff
core   0: 0x0000000080004f42 (0x407455b3) sra     a1, s0, t2
core   0: 1 0x0000000080004f42 (0x407455b3) x11 0x0000000000000000
core   0: 0x0000000080004f46 (0x03d9fa53) fadd.d  fs4, fs3, ft9
core   0: 1 0x0000000080004f46 (0x03d9fa53) f20 0x7ff8000000000000
core   0: 0x0000000080004f4a (0x037671d3) fadd.d  ft3, fa2, fs7
core   0: 1 0x0000000080004f4a (0x037671d3) f3  0x7ff8000000000000
core   0: 0x0000000080004f4e (0x026a92b3) mulh    t0, s5, t1
core   0: 1 0x0000000080004f4e (0x026a92b3) x5  0x0000000000000000
core   0: 0x0000000080004f52 (0x1ce9c393) xori    t2, s3, 462
core   0: 1 0x0000000080004f52 (0x1ce9c393) x7  0xffffffeb23b70226
core   0: 0x0000000080004f56 (0x03e75a93) srli    s5, a4, 62
core   0: 1 0x0000000080004f56 (0x03e75a93) x21 0x0000000000000000
core   0: 0x0000000080004f5a (0x021a57bb) divuw   a5, s4, ra
core   0: 1 0x0000000080004f5a (0x021a57bb) x15 0x00000000016c0885
core   0: 0x0000000080004f5e (0x7cb50d1b) addiw   s10, a0, 1995
core   0: 1 0x0000000080004f5e (0x7cb50d1b) x26 0x00000000000007cb
core   0: 0x0000000080004f62 (0x622bfecf) fnmadd.d ft9, fs7, ft2, fa2
core   0: 1 0x0000000080004f62 (0x622bfecf) f29 0x7ff8000000000000
core   0: 0x0000000080004f66 (0x0132d9bb) srlw    s3, t0, s3
core   0: 1 0x0000000080004f66 (0x0132d9bb) x19 0x0000000000000000
core   0: 0x0000000080004f6a (0x02714dbb) divw    s11, sp, t2
core   0: 1 0x0000000080004f6a (0x02714dbb) x27 0x0000000000000000
core   0: 0x0000000080004f6e (0x013e2437) lui     s0, 0x13e2
core   0: 1 0x0000000080004f6e (0x013e2437) x8  0x00000000013e2000
core   0: 0x0000000080004f72 (0xc774041b) addiw   s0, s0, -905
core   0: 1 0x0000000080004f72 (0xc774041b) x8  0x00000000013e1c77
core   0: 0x0000000080004f76 (0x00000436) c.slli  s0, 13
core   0: 1 0x0000000080004f76 (0x0436) x8  0x00000027c38ee000
core   0: 0x0000000080004f78 (0xe7640413) addi    s0, s0, -394
core   0: 1 0x0000000080004f78 (0xe7640413) x8  0x00000027c38ede76
core   0: 0x0000000080004f7c (0x02f6c7bb) divw    a5, a3, a5
core   0: 1 0x0000000080004f7c (0x02f6c7bb) x15 0x0000000000000000
core   0: 0x0000000080004f80 (0x01855c9b) srliw   s9, a0, 24
core   0: 1 0x0000000080004f80 (0x01855c9b) x25 0x0000000000000000
core   0: 0x0000000080004f84 (0x0856a697) auipc   a3, 0x856a
core   0: 1 0x0000000080004f84 (0x0856a697) x13 0x000000008856ef84
core   0: 0x0000000080004f88 (0x0253d2b3) divu    t0, t2, t0
core   0: 1 0x0000000080004f88 (0x0253d2b3) x5  0xffffffffffffffff
core   0: 0x0000000080004f8c (0x03812db3) mulhsu  s11, sp, s8
core   0: 1 0x0000000080004f8c (0x03812db3) x27 0x0000000000000000
core   0: 0x0000000080004f90 (0x00000001) c.nop
core   0: 1 0x0000000080004f90 (0x0001)
core   0: 0x0000000080004f92 (0x014417bb) sllw    a5, s0, s4
core   0: 1 0x0000000080004f92 (0x014417bb) x15 0xffffffffcec00000
core   0: 0x0000000080004f96 (0xc21a7353) fcvt.wu.d t1, fs4
core   0: 1 0x0000000080004f96 (0xc21a7353) c1_fflags 0x0000000000000011 x6  0xffffffffffffffff
core   0: 0x0000000080004f9a (0x00c4f0b3) and     ra, s1, a2
core   0: 1 0x0000000080004f9a (0x00c4f0b3) x1  0x0000000000000c60
core   0: 0x0000000080004f9e (0x2b898c53) fmin.d  fs8, fs3, fs8
core   0: 1 0x0000000080004f9e (0x2b898c53) f24 0x7ff8000000000000
core   0: 0x0000000080004fa2 (0x02c09533) mulh    a0, ra, a2
core   0: 1 0x0000000080004fa2 (0x02c09533) x10 0x0000000000000000
core   0: 0x0000000080004fa6 (0x4074d03b) sraw    zero, s1, t2
core   0: 1 0x0000000080004fa6 (0x4074d03b)
core   0: 0x0000000080004faa (0x00004585) c.li    a1, 1
core   0: 1 0x0000000080004faa (0x4585) x11 0x0000000000000001
core   0: 0x0000000080004fac (0x7dcee093) ori     ra, t4, 2012
core   0: 1 0x0000000080004fac (0x7dcee093) x1  0x00000000100007dc
core   0: 0x0000000080004fb0 (0x03686833) rem     a6, a6, s6
core   0: 1 0x0000000080004fb0 (0x03686833) x16 0x0000000080005fe0
core   0: 0x0000000080004fb4 (0x2208a853) fsgnjx.d fa6, fa7, ft0
core   0: 1 0x0000000080004fb4 (0x2208a853) f16 0xffffffff41800000
core   0: 0x0000000080004fb8 (0xc234f8d3) fcvt.lu.d a7, fs1
core   0: 1 0x0000000080004fb8 (0xc234f8d3) x17 0x000000002a004d1e
core   0: 0x0000000080004fbc (0xc23ffdd3) fcvt.lu.d s11, ft11
core   0: 1 0x0000000080004fbc (0xc23ffdd3) c1_fflags 0x0000000000000011 x27 0x0000000000000000
core   0: 0x0000000080004fc0 (0x401ed893) srai    a7, t4, 1
core   0: 1 0x0000000080004fc0 (0x401ed893) x17 0x0000000008000000
core   0: 0x0000000080004fc4 (0x00000001) c.nop
core   0: 1 0x0000000080004fc4 (0x0001)
core   0: 0x0000000080004fc6 (0x40fdd93b) sraw    s2, s11, a5
core   0: 1 0x0000000080004fc6 (0x40fdd93b) x18 0x0000000000000000
core   0: 0x0000000080004fca (0x0008d41b) srliw   s0, a7, 0
core   0: 1 0x0000000080004fca (0x0008d41b) x8  0x0000000008000000
core   0: 0x0000000080004fce (0x03987e53) fadd.d  ft8, fa6, fs9
core   0: 1 0x0000000080004fce (0x03987e53) f28 0x7ff8000000000000
core   0: 0x0000000080004fd2 (0x001710f3) csrrw   ra, fflags, a4
core   0: 1 0x0000000080004fd2 (0x001710f3) x1  0x0000000000000011 c1_fflags 0x0000000000000000
core   0: 0x0000000080004fd6 (0x03a5ed33) rem     s10, a1, s10
core   0: 1 0x0000000080004fd6 (0x03a5ed33) x26 0x0000000000000001
core   0: 0x0000000080004fda (0x0000812a) c.mv    sp, a0
core   0: 1 0x0000000080004fda (0x812a) x2  0x0000000000000000
core   0: 0x0000000080004fdc (0x2320fbc3) fmadd.d fs7, ft1, fs2, ft4
core   0: 1 0x0000000080004fdc (0x2320fbc3) f23 0x7ff8000000000000
core   0: 0x0000000080004fe0 (0x40ab8d33) sub     s10, s7, a0
core   0: 1 0x0000000080004fe0 (0x40ab8d33) x26 0x0000000000000000
core   0: 0x0000000080004fe4 (0xd038ff53) fcvt.s.lu ft10, a7
core   0: 1 0x0000000080004fe4 (0xd038ff53) f30 0xffffffff4d000000
core   0: 0x0000000080004fe8 (0xc237f253) fcvt.lu.d tp, fa5
core   0: 1 0x0000000080004fe8 (0xc237f253) c1_fflags 0x0000000000000010 x4  0xffffffffffffffff
core   0: 0x0000000080004fec (0x94361717) auipc   a4, 0x94361
core   0: 1 0x0000000080004fec (0x94361717) x14 0x0000000014365fec
core   0: 0x0000000080004ff0 (0xc239f2d3) fcvt.lu.d t0, fs3
core   0: 1 0x0000000080004ff0 (0xc239f2d3) c1_fflags 0x0000000000000010 x5  0xffffffffffffffff
core   0: 0x0000000080004ff4 (0x42030bd3) fcvt.d.s fs7, ft6
core   0: 1 0x0000000080004ff4 (0x42030bd3) f23 0x7ff8000000000000
core   0: 0x0000000080004ff8 (0xc23afbd3) fcvt.lu.d s7, fs5
core   0: 1 0x0000000080004ff8 (0xc23afbd3) c1_fflags 0x0000000000000010 x23 0xffffffffffffffff
core   0: 0x0000000080004ffc (0x5a087353) fsqrt.d ft6, fa6
core   0: 1 0x0000000080004ffc (0x5a087353) f6  0x7ff8000000000000
core   0: 0x0000000080005000 (0x7ff57a93) andi    s5, a0, 2047
core   0: 1 0x0000000080005000 (0x7ff57a93) x21 0x0000000000000000
core   0: 0x0000000080005004 (0x000b43b3) xor     t2, s6, zero
core   0: 1 0x0000000080005004 (0x000b43b3) x7  0x0000000000000000
core   0: 0x0000000080005008 (0x418d85bb) subw    a1, s11, s8
core   0: 1 0x0000000080005008 (0x418d85bb) x11 0x0000000000000000
core   0: 0x000000008000500c (0xd235f7d3) fcvt.d.lu fa5, a1
core   0: 1 0x000000008000500c (0xd235f7d3) f15 0x0000000000000000
core   0: 0x0000000080005010 (0x4256d213) srai    tp, a3, 37
core   0: 1 0x0000000080005010 (0x4256d213) x4  0x0000000000000000
core   0: 0x0000000080005014 (0x02f27933) remu    s2, tp, a5
core   0: 1 0x0000000080005014 (0x02f27933) x18 0x0000000000000000
core   0: 0x0000000080005018 (0x82827993) andi    s3, tp, -2008
core   0: 1 0x0000000080005018 (0x82827993) x19 0x0000000000000000
core   0: 0x000000008000501c (0x60ce7137) lui     sp, 0x60ce7
core   0: 1 0x000000008000501c (0x60ce7137) x2  0x0000000060ce7000
core   0: 0x0000000080005020 (0x0a73f6d3) fsub.d  fa3, ft7, ft7
core   0: 1 0x0000000080005020 (0x0a73f6d3) f13 0x7ff8000000000000
core   0: 0x0000000080005024 (0x4196063b) subw    a2, a2, s9
core   0: 1 0x0000000080005024 (0x4196063b) x12 0x000000007fffffff
core   0: 0x0000000080005028 (0x2b020253) fmin.d  ft4, ft4, fa6
core   0: 1 0x0000000080005028 (0x2b020253) f4  0x7ff8000000000000
core   0: 0x000000008000502c (0x036863bb) remw    t2, a6, s6
core   0: 1 0x000000008000502c (0x036863bb) x7  0xffffffff80005fe0
core   0: 0x0000000080005030 (0xa3e589d3) fle.d   s3, fa1, ft10
core   0: 1 0x0000000080005030 (0xa3e589d3) c1_fflags 0x0000000000000010 x19 0x0000000000000000
core   0: 0x0000000080005034 (0x82f6fac7) fmsub.d fs5, fa3, fa5, fa6
core   0: 1 0x0000000080005034 (0x82f6fac7) f21 0x7ff8000000000000
core   0: 0x0000000080005038 (0x1b8b8d13) addi    s10, s7, 440
core   0: 1 0x0000000080005038 (0x1b8b8d13) x26 0x00000000000001b7
core   0: 0x000000008000503c (0x00526133) or      sp, tp, t0
core   0: 1 0x000000008000503c (0x00526133) x2  0xffffffffffffffff
core   0: 0x0000000080005040 (0xc22ef9d3) fcvt.l.d s3, ft9
core   0: 1 0x0000000080005040 (0xc22ef9d3) c1_fflags 0x0000000000000010 x19 0x7fffffffffffffff
core   0: 0x0000000080005044 (0xffd66a37) lui     s4, 0xffd66
core   0: 1 0x0000000080005044 (0xffd66a37) x20 0xffffffffffd66000
core   0: 0x0000000080005048 (0x6eda0a1b) addiw   s4, s4, 1773
core   0: 1 0x0000000080005048 (0x6eda0a1b) x20 0xffffffffffd666ed
core   0: 0x000000008000504c (0x00000a36) c.slli  s4, 13
core   0: 1 0x000000008000504c (0x0a36) x20 0xfffffffaccdda000
core   0: 0x000000008000504e (0x0c9a0a13) addi    s4, s4, 201
core   0: 1 0x000000008000504e (0x0c9a0a13) x20 0xfffffffaccdda0c9
core   0: 0x0000000080005052 (0x41508bbb) subw    s7, ra, s5
core   0: 1 0x0000000080005052 (0x41508bbb) x23 0x0000000000000011
core   0: 0x0000000080005056 (0xcfd94813) xori    a6, s2, -771
core   0: 1 0x0000000080005056 (0xcfd94813) x16 0xfffffffffffffcfd
core   0: 0x000000008000505a (0xd2180353) fcvt.d.wu ft6, a6
core   0: 1 0x000000008000505a (0xd2180353) f6  0x41efffff9fa00000
core   0: 0x000000008000505e (0x41bd8db3) sub     s11, s11, s11
core   0: 1 0x000000008000505e (0x41bd8db3) x27 0x0000000000000000
core   0: 0x0000000080005062 (0x419c8cbb) subw    s9, s9, s9
core   0: 1 0x0000000080005062 (0x419c8cbb) x25 0x0000000000000000
core   0: 0x0000000080005066 (0xd0207553) fcvt.s.l fa0, zero
core   0: 1 0x0000000080005066 (0xd0207553) f10 0xffffffff00000000
core   0: 0x000000008000506a (0x000c9b93) slli    s7, s9, 0
core   0: 1 0x000000008000506a (0x000c9b93) x23 0x0000000000000000
core   0: 0x000000008000506e (0x40cd5e13) srai    t3, s10, 12
core   0: 1 0x000000008000506e (0x40cd5e13) x28 0x0000000000000000
core   0: 0x0000000080005072 (0x00729a9b) slliw   s5, t0, 7
core   0: 1 0x0000000080005072 (0x00729a9b) x21 0xffffffffffffff80
core   0: 0x0000000080005076 (0x4aa4f7c7) fmsub.d fa5, fs1, fa0, fs1
core   0: 1 0x0000000080005076 (0x4aa4f7c7) f15 0x7ff8000000000000
core   0: 0x000000008000507a (0xa34a89d3) fle.d   s3, fs5, fs4
core   0: 1 0x000000008000507a (0xa34a89d3) c1_fflags 0x0000000000000010 x19 0x0000000000000000
core   0: 0x000000008000507e (0x41ad53bb) sraw    t2, s10, s10
core   0: 1 0x000000008000507e (0x41ad53bb) x7  0x0000000000000000
core   0: 0x0000000080005082 (0x42090953) fcvt.d.s fs2, fs2
core   0: 1 0x0000000080005082 (0x42090953) f18 0x43f0000000000000
core   0: 0x0000000080005086 (0x4005d813) srai    a6, a1, 0
core   0: 1 0x0000000080005086 (0x4005d813) x16 0x0000000000000000
core   0: 0x000000008000508a (0x01081bb3) sll     s7, a6, a6
core   0: 1 0x000000008000508a (0x01081bb3) x23 0x0000000000000000
core   0: 0x000000008000508e (0x40c383bb) subw    t2, t2, a2
core   0: 1 0x000000008000508e (0x40c383bb) x7  0xffffffff80000001
core   0: 0x0000000080005092 (0x415ad3b3) sra     t2, s5, s5
core   0: 1 0x0000000080005092 (0x415ad3b3) x7  0xffffffffffffff80
core   0: 0x0000000080005096 (0x025a8dbb) mulw    s11, s5, t0
core   0: 1 0x0000000080005096 (0x025a8dbb) x27 0x0000000000000080
core   0: 0x000000008000509a (0x02840ebb) mulw    t4, s0, s0
core   0: 1 0x000000008000509a (0x02840ebb) x29 0x0000000000000000
core   0: 0x000000008000509e (0xd20e8253) fcvt.d.w ft4, t4
core   0: 1 0x000000008000509e (0xd20e8253) f4  0x0000000000000000
core   0: 0x00000000800050a2 (0x03888cbb) mulw    s9, a7, s8
core   0: 1 0x00000000800050a2 (0x03888cbb) x25 0x0000000000000000
core   0: 0x00000000800050a6 (0xfff97293) andi    t0, s2, -1
core   0: 1 0x00000000800050a6 (0xfff97293) x5  0x0000000000000000
core   0: 0x00000000800050aa (0xf2078e53) fmv.d.x ft8, a5
core   0: 1 0x00000000800050aa (0xf2078e53) f28 0xffffffffcec00000
core   0: 0x00000000800050ae (0x01634333) xor     t1, t1, s6
core   0: 1 0x00000000800050ae (0x01634333) x6  0xffffffffffffffff
core   0: 0x00000000800050b2 (0x40105b13) srai    s6, zero, 1
core   0: 1 0x00000000800050b2 (0x40105b13) x22 0x0000000000000000
core   0: 0x00000000800050b6 (0x000d8013) mv      zero, s11
core   0: 1 0x00000000800050b6 (0x000d8013)
core   0: 0x00000000800050ba (0x225f8a53) fsgnj.d fs4, ft11, ft5
core   0: 1 0x00000000800050ba (0x225f8a53) f20 0x4200000000000000
core   0: 0x00000000800050be (0x00008876) c.mv    a6, t4
core   0: 1 0x00000000800050be (0x8876) x16 0x0000000000000000
core   0: 0x00000000800050c0 (0x40157dd3) fcvt.s.d fs11, fa0
core   0: 1 0x00000000800050c0 (0x40157dd3) f27 0xffffffff7fc00000
core   0: 0x00000000800050c4 (0x13f47853) fmul.d  fa6, fs0, ft11
core   0: 1 0x00000000800050c4 (0x13f47853) f16 0x80c15ad400400000
core   0: 0x00000000800050c8 (0x0386ec33) rem     s8, a3, s8
core   0: 1 0x00000000800050c8 (0x0386ec33) x24 0x000000008856ef84
core   0: 0x00000000800050cc (0xd027ffd3) fcvt.s.l ft11, a5
core   0: 1 0x00000000800050cc (0xd027ffd3) f31 0xffffffffce450000
core   0: 0x00000000800050d0 (0x0ff0000f) fence   iorw,iorw
core   0: 1 0x00000000800050d0 (0x0ff0000f)
core   0: 0x00000000800050d4 (0xc0101573) csrrw   a0, time, zero
core   0: exception trap_illegal_instruction, epc 0x00000000800050d4
core   0:           tval 0x00000000c0101573
core   0: >>>>  $xrv64i2p1_m2p0_a2p1_f2p2_d2p2_zicsr2p0_zifencei2p0_zmmul1p0_zba1p0_zbb1p0_zbc1p0_zbs1p0
core   0: 0x0000000080004000 (0x0080006f) j       pc + 0x8
core   0: 3 0x0000000080004000 (0x0080006f)
core   0: >>>>  mmode_exception_handler
core   0: 0x0000000080004008 (0x00002c17) auipc   s8, 0x2
core   0: 3 0x0000000080004008 (0x00002c17) x24 0x0000000080006008
core   0: 0x000000008000400c (0xfd8c0c13) addi    s8, s8, -40
core   0: 3 0x000000008000400c (0xfd8c0c13) x24 0x0000000080005fe0
core   0: 0x0000000080004010 (0x000c00e7) jalr    s8
core   0: 3 0x0000000080004010 (0x000c00e7) x1  0x0000000080004014
core   0: >>>>  any_handler
core   0: 0x0000000080005fe0 (0x341027f3) csrrs   a5, mepc, zero
core   0: 3 0x0000000080005fe0 (0x341027f3) x15 0x00000000800050d4
core   0: 0x0000000080005fe4 (0x34202773) csrrs   a4, mcause, zero
core   0: 3 0x0000000080005fe4 (0x34202773) x14 0x0000000000000002
core   0: 0x0000000080005fe8 (0x142026f3) csrrs   a3, scause, zero
core   0: 3 0x0000000080005fe8 (0x142026f3) x13 0x000000000000001c
core   0: 0x0000000080005fec (0x30402673) csrrs   a2, mie, zero
core   0: 3 0x0000000080005fec (0x30402673) x12 0x0000000000000a00
core   0: 0x0000000080005ff0 (0x344025f3) csrrs   a1, mip, zero
core   0: 3 0x0000000080005ff0 (0x344025f3) x11 0x0000000000000080
core   0: 0x0000000080005ff4 (0x343025f3) csrrs   a1, mtval, zero
core   0: 3 0x0000000080005ff4 (0x343025f3) x11 0x00000000c0101573
core   0: 0x0000000080005ff8 (0x14302573) csrrs   a0, stval, zero
core   0: 3 0x0000000080005ff8 (0x14302573) x10 0x0000000000000000
core   0: 0x0000000080005ffc (0xb02024f3) csrrs   s1, minstret, zero
core   0: 3 0x0000000080005ffc (0xb02024f3) x9  0x0000000000000d37
core   0: 0x0000000080006000 (0x0000a811) c.j     pc + 20
core   0: 3 0x0000000080006000 (0xa811)
core   0: >>>>  mepc_4
core   0: 0x0000000080006014 (0x00000791) c.addi  a5, 4
core   0: 3 0x0000000080006014 (0x0791) x15 0x00000000800050d8
core   0: 0x0000000080006016 (0x34179073) csrrw   zero, mepc, a5
core   0: 3 0x0000000080006016 (0x34179073) c833_mepc 0x00000000800050d8
core   0: 0x000000008000601a (0x30200073) mret
core   0: 3 0x000000008000601a (0x30200073) c768_mstatus 0x8000000a00106080
core   0: 0x00000000800050d8 (0x409e06bb) subw    a3, t3, s1
core   0: 1 0x00000000800050d8 (0x409e06bb) x13 0xfffffffffffff2c9
core   0: 0x00000000800050dc (0x02d519b3) mulh    s3, a0, a3
core   0: 1 0x00000000800050dc (0x02d519b3) x19 0x0000000000000000
core   0: 0x00000000800050e0 (0xdf11849b) addiw   s1, gp, -527
core   0: 1 0x00000000800050e0 (0xdf11849b) x9  0xfffffffffffffdf0
core   0: 0x00000000800050e4 (0xc23ff253) fcvt.lu.d tp, ft11
core   0: 1 0x00000000800050e4 (0xc23ff253) c1_fflags 0x0000000000000010 x4  0xffffffffffffffff
core   0: 0x00000000800050e8 (0x00102173) csrrs   sp, fflags, zero
core   0: 1 0x00000000800050e8 (0x00102173) x2  0x0000000000000010
core   0: 0x00000000800050ec (0x002022f3) csrrs   t0, frm, zero
core   0: 1 0x00000000800050ec (0x002022f3) x5  0x0000000000000000
core   0: 0x00000000800050f0 (0x00289473) csrrw   s0, frm, a7
core   0: 1 0x00000000800050f0 (0x00289473) x8  0x0000000000000000 c2_frm 0x0000000000000000
core   0: 0x00000000800050f4 (0x002029f3) csrrs   s3, frm, zero
core   0: 1 0x00000000800050f4 (0x002029f3) x19 0x0000000000000000
core   0: 0x00000000800050f8 (0x401877d3) fcvt.s.d fa5, fa6
core   0: 1 0x00000000800050f8 (0x401877d3) c1_fflags 0x0000000000000013 f15 0xffffffff80000000
core   0: 0x00000000800050fc (0xc23f77d3) fcvt.lu.d a5, ft10
core   0: 1 0x00000000800050fc (0xc23f77d3) c1_fflags 0x0000000000000013 x15 0xffffffffffffffff
core   0: 0x0000000080005100 (0xd21d09d3) fcvt.d.wu fs3, s10
core   0: 1 0x0000000080005100 (0xd21d09d3) f19 0x407b700000000000
core   0: 0x0000000080005104 (0x5a0ef953) fsqrt.d fs2, ft9
core   0: 1 0x0000000080005104 (0x5a0ef953) f18 0x7ff8000000000000
core   0: 0x0000000080005108 (0xfff4069b) addiw   a3, s0, -1
core   0: 1 0x0000000080005108 (0xfff4069b) x13 0xffffffffffffffff
core   0: 0x000000008000510c (0xd21681d3) fcvt.d.wu ft3, a3
core   0: 1 0x000000008000510c (0xd21681d3) f3  0x41efffffffe00000
core   0: 0x0000000080005110 (0xb600d9b7) lui     s3, 0xb600d
core   0: 1 0x0000000080005110 (0xb600d9b7) x19 0xffffffffb600d000
core   0: 0x0000000080005114 (0x004d00b3) add     ra, s10, tp
core   0: 1 0x0000000080005114 (0x004d00b3) x1  0x00000000000001b6
core   0: 0x0000000080005118 (0x02a74733) div     a4, a4, a0
core   0: 1 0x0000000080005118 (0x02a74733) x14 0xffffffffffffffff
core   0: 0x000000008000511c (0xfed44b37) lui     s6, 0xfed44
core   0: 1 0x000000008000511c (0xfed44b37) x22 0xfffffffffed44000
core   0: 0x0000000080005120 (0x40e6843b) subw    s0, a3, a4
core   0: 1 0x0000000080005120 (0x40e6843b) x8  0x0000000000000000
core   0: 0x0000000080005124 (0x00c775b3) and     a1, a4, a2
core   0: 1 0x0000000080005124 (0x00c775b3) x11 0x0000000000000a00
core   0: 0x0000000080005128 (0x039cdd93) srli    s11, s9, 57
core   0: 1 0x0000000080005128 (0x039cdd93) x27 0x0000000000000000
core   0: 0x000000008000512c (0x00202973) csrrs   s2, frm, zero
core   0: 1 0x000000008000512c (0x00202973) x18 0x0000000000000000
core   0: 0x0000000080005130 (0x01b2a7b3) slt     a5, t0, s11
core   0: 1 0x0000000080005130 (0x01b2a7b3) x15 0x0000000000000000
core   0: 0x0000000080005134 (0x4192d293) srai    t0, t0, 25
core   0: 1 0x0000000080005134 (0x4192d293) x5  0x0000000000000000
core   0: 0x0000000080005138 (0x00c41c33) sll     s8, s0, a2
core   0: 1 0x0000000080005138 (0x00c41c33) x24 0x0000000000000000
core   0: 0x000000008000513c (0x02e1dabb) divuw   s5, gp, a4
core   0: 1 0x000000008000513c (0x02e1dabb) x21 0x0000000000000001
core   0: 0x0000000080005140 (0x1775c593) xori    a1, a1, 375
core   0: 1 0x0000000080005140 (0x1775c593) x11 0x0000000000000b77
core   0: 0x0000000080005144 (0x8adaf8c3) fmadd.d fa7, fs5, fa3, fa7
core   0: 1 0x0000000080005144 (0x8adaf8c3) f17 0x7ff8000000000000
core   0: 0x0000000080005148 (0x001026f3) csrrs   a3, fflags, zero
core   0: 1 0x0000000080005148 (0x001026f3) x13 0x0000000000000013
core   0: 0x000000008000514c (0x00000001) c.nop
core   0: 1 0x000000008000514c (0x0001)
core   0: 0x000000008000514e (0x0006171b) slliw   a4, a2, 0
core   0: 1 0x000000008000514e (0x0006171b) x14 0x0000000000000a00
core   0: 0x0000000080005152 (0x409c84b3) sub     s1, s9, s1
core   0: 1 0x0000000080005152 (0x409c84b3) x9  0x0000000000000210
core   0: 0x0000000080005156 (0xd029fad3) fcvt.s.l fs5, s3
core   0: 1 0x0000000080005156 (0xd029fad3) f21 0xffffffffce93fe60
core   0: 0x000000008000515a (0x00e725b3) slt     a1, a4, a4
core   0: 1 0x000000008000515a (0x00e725b3) x11 0x0000000000000000
core   0: 0x000000008000515e (0x40d5873b) subw    a4, a1, a3
core   0: 1 0x000000008000515e (0x40d5873b) x14 0xffffffffffffffed
core   0: 0x0000000080005162 (0xd22c7553) fcvt.d.l fa0, s8
core   0: 1 0x0000000080005162 (0xd22c7553) f10 0x0000000000000000
core   0: 0x0000000080005166 (0x0229d033) divu    zero, s3, sp
core   0: 1 0x0000000080005166 (0x0229d033)
core   0: 0x000000008000516a (0xc21bfcd3) fcvt.wu.d s9, fs7
core   0: 1 0x000000008000516a (0xc21bfcd3) c1_fflags 0x0000000000000013 x25 0xffffffffffffffff
core   0: 0x000000008000516e (0x00e12133) slt     sp, sp, a4
core   0: 1 0x000000008000516e (0x00e12133) x2  0x0000000000000000
core   0: 0x0000000080005172 (0x03605113) srli    sp, zero, 54
core   0: 1 0x0000000080005172 (0x03605113) x2  0x0000000000000000
core   0: 0x0000000080005176 (0x02b01613) slli    a2, zero, 43
core   0: 1 0x0000000080005176 (0x02b01613) x12 0x0000000000000000
core   0: 0x000000008000517a (0xd8728313) addi    t1, t0, -633
core   0: 1 0x000000008000517a (0xd8728313) x6  0xfffffffffffffd87
core   0: 0x000000008000517e (0x02c2ceb3) div     t4, t0, a2
core   0: 1 0x000000008000517e (0x02c2ceb3) x29 0xffffffffffffffff
core   0: 0x0000000080005182 (0x31a8f673) csrrci  a2, menvcfgh, 17
core   0: exception trap_illegal_instruction, epc 0x0000000080005182
core   0:           tval 0x0000000031a8f673
core   0: >>>>  $xrv64i2p1_m2p0_a2p1_f2p2_d2p2_zicsr2p0_zifencei2p0_zmmul1p0_zba1p0_zbb1p0_zbc1p0_zbs1p0
core   0: 0x0000000080004000 (0x0080006f) j       pc + 0x8
core   0: 3 0x0000000080004000 (0x0080006f)
core   0: >>>>  mmode_exception_handler
core   0: 0x0000000080004008 (0x00002c17) auipc   s8, 0x2
core   0: 3 0x0000000080004008 (0x00002c17) x24 0x0000000080006008
core   0: 0x000000008000400c (0xfd8c0c13) addi    s8, s8, -40
core   0: 3 0x000000008000400c (0xfd8c0c13) x24 0x0000000080005fe0
core   0: 0x0000000080004010 (0x000c00e7) jalr    s8
core   0: 3 0x0000000080004010 (0x000c00e7) x1  0x0000000080004014
core   0: >>>>  any_handler
core   0: 0x0000000080005fe0 (0x341027f3) csrrs   a5, mepc, zero
core   0: 3 0x0000000080005fe0 (0x341027f3) x15 0x0000000080005182
core   0: 0x0000000080005fe4 (0x34202773) csrrs   a4, mcause, zero
core   0: 3 0x0000000080005fe4 (0x34202773) x14 0x0000000000000002
core   0: 0x0000000080005fe8 (0x142026f3) csrrs   a3, scause, zero
core   0: 3 0x0000000080005fe8 (0x142026f3) x13 0x000000000000001c
core   0: 0x0000000080005fec (0x30402673) csrrs   a2, mie, zero
core   0: 3 0x0000000080005fec (0x30402673) x12 0x0000000000000a00
core   0: 0x0000000080005ff0 (0x344025f3) csrrs   a1, mip, zero
core   0: 3 0x0000000080005ff0 (0x344025f3) x11 0x0000000000000080
core   0: 0x0000000080005ff4 (0x343025f3) csrrs   a1, mtval, zero
core   0: 3 0x0000000080005ff4 (0x343025f3) x11 0x0000000031a8f673
core   0: 0x0000000080005ff8 (0x14302573) csrrs   a0, stval, zero
core   0: 3 0x0000000080005ff8 (0x14302573) x10 0x0000000000000000
core   0: 0x0000000080005ffc (0xb02024f3) csrrs   s1, minstret, zero
core   0: 3 0x0000000080005ffc (0xb02024f3) x9  0x0000000000000d72
core   0: 0x0000000080006000 (0x0000a811) c.j     pc + 20
core   0: 3 0x0000000080006000 (0xa811)
core   0: >>>>  mepc_4
core   0: 0x0000000080006014 (0x00000791) c.addi  a5, 4
core   0: 3 0x0000000080006014 (0x0791) x15 0x0000000080005186
core   0: 0x0000000080006016 (0x34179073) csrrw   zero, mepc, a5
core   0: 3 0x0000000080006016 (0x34179073) c833_mepc 0x0000000080005186
core   0: 0x000000008000601a (0x30200073) mret
core   0: 3 0x000000008000601a (0x30200073) c768_mstatus 0x8000000a00106080
core   0: 0x0000000080005186 (0x401282b3) sub     t0, t0, ra
core   0: 1 0x0000000080005186 (0x401282b3) x5  0xffffffff7fffbfec
core   0: 0x000000008000518a (0x028411b3) mulh    gp, s0, s0
core   0: 1 0x000000008000518a (0x028411b3) x3  0x0000000000000000
core   0: 0x000000008000518e (0x01d847b3) xor     a5, a6, t4
core   0: 1 0x000000008000518e (0x01d847b3) x15 0xffffffffffffffff
core   0: 0x0000000080005192 (0x0e8d869b) addiw   a3, s11, 232
core   0: 1 0x0000000080005192 (0x0e8d869b) x13 0x00000000000000e8
core   0: 0x0000000080005196 (0x01ccebb3) or      s7, s9, t3
core   0: 1 0x0000000080005196 (0x01ccebb3) x23 0xffffffffffffffff
core   0: 0x000000008000519a (0x00f1c3b3) xor     t2, gp, a5
core   0: 1 0x000000008000519a (0x00f1c3b3) x7  0xffffffffffffffff
core   0: 0x000000008000519e (0x17f58093) addi    ra, a1, 383
core   0: 1 0x000000008000519e (0x17f58093) x1  0x0000000031a8f7f2
core   0: 0x00000000800051a2 (0xc03677d3) fcvt.lu.s a5, fa2
core   0: 1 0x00000000800051a2 (0xc03677d3) c1_fflags 0x0000000000000013 x15 0xffffffffffffffff
core   0: 0x00000000800051a6 (0x7ff88313) addi    t1, a7, 2047
core   0: 1 0x00000000800051a6 (0x7ff88313) x6  0x00000000080007ff
core   0: 0x00000000800051aa (0x00036c13) ori     s8, t1, 0
core   0: 1 0x00000000800051aa (0x00036c13) x24 0x00000000080007ff
core   0: 0x00000000800051ae (0x00630ebb) addw    t4, t1, t1
core   0: 1 0x00000000800051ae (0x00630ebb) x29 0x0000000010000ffe
core   0: 0x00000000800051b2 (0x1bf6f353) fdiv.d  ft6, fa3, ft11
core   0: 1 0x00000000800051b2 (0x1bf6f353) f6  0x7ff8000000000000
core   0: 0x00000000800051b6 (0xb82498f3) csrrw   a7, minstreth, s1
core   0: exception trap_illegal_instruction, epc 0x00000000800051b6
core   0:           tval 0x00000000b82498f3
core   0: >>>>  $xrv64i2p1_m2p0_a2p1_f2p2_d2p2_zicsr2p0_zifencei2p0_zmmul1p0_zba1p0_zbb1p0_zbc1p0_zbs1p0
core   0: 0x0000000080004000 (0x0080006f) j       pc + 0x8
core   0: 3 0x0000000080004000 (0x0080006f)
core   0: >>>>  mmode_exception_handler
core   0: 0x0000000080004008 (0x00002c17) auipc   s8, 0x2
core   0: 3 0x0000000080004008 (0x00002c17) x24 0x0000000080006008
core   0: 0x000000008000400c (0xfd8c0c13) addi    s8, s8, -40
core   0: 3 0x000000008000400c (0xfd8c0c13) x24 0x0000000080005fe0
core   0: 0x0000000080004010 (0x000c00e7) jalr    s8
core   0: 3 0x0000000080004010 (0x000c00e7) x1  0x0000000080004014
core   0: >>>>  any_handler
core   0: 0x0000000080005fe0 (0x341027f3) csrrs   a5, mepc, zero
core   0: 3 0x0000000080005fe0 (0x341027f3) x15 0x00000000800051b6
core   0: 0x0000000080005fe4 (0x34202773) csrrs   a4, mcause, zero
core   0: 3 0x0000000080005fe4 (0x34202773) x14 0x0000000000000002
core   0: 0x0000000080005fe8 (0x142026f3) csrrs   a3, scause, zero
core   0: 3 0x0000000080005fe8 (0x142026f3) x13 0x000000000000001c
core   0: 0x0000000080005fec (0x30402673) csrrs   a2, mie, zero
core   0: 3 0x0000000080005fec (0x30402673) x12 0x0000000000000a00
core   0: 0x0000000080005ff0 (0x344025f3) csrrs   a1, mip, zero
core   0: 3 0x0000000080005ff0 (0x344025f3) x11 0x0000000000000080
core   0: 0x0000000080005ff4 (0x343025f3) csrrs   a1, mtval, zero
core   0: 3 0x0000000080005ff4 (0x343025f3) x11 0x00000000b82498f3
core   0: 0x0000000080005ff8 (0x14302573) csrrs   a0, stval, zero
core   0: 3 0x0000000080005ff8 (0x14302573) x10 0x0000000000000000
core   0: 0x0000000080005ffc (0xb02024f3) csrrs   s1, minstret, zero
core   0: 3 0x0000000080005ffc (0xb02024f3) x9  0x0000000000000d8e
core   0: 0x0000000080006000 (0x0000a811) c.j     pc + 20
core   0: 3 0x0000000080006000 (0xa811)
core   0: >>>>  mepc_4
core   0: 0x0000000080006014 (0x00000791) c.addi  a5, 4
core   0: 3 0x0000000080006014 (0x0791) x15 0x00000000800051ba
core   0: 0x0000000080006016 (0x34179073) csrrw   zero, mepc, a5
core   0: 3 0x0000000080006016 (0x34179073) c833_mepc 0x00000000800051ba
core   0: 0x000000008000601a (0x30200073) mret
core   0: 3 0x000000008000601a (0x30200073) c768_mstatus 0x8000000a00106080
core   0: 0x00000000800051ba (0xc03377d3) fcvt.lu.s a5, ft6
core   0: 1 0x00000000800051ba (0xc03377d3) c1_fflags 0x0000000000000013 x15 0xffffffffffffffff
core   0: 0x00000000800051be (0xe214fe43) fmadd.d ft8, fs1, ft1, ft8
core   0: 1 0x00000000800051be (0xe214fe43) f28 0x7ff8000000000000
core   0: 0x00000000800051c2 (0x00f09233) sll     tp, ra, a5
core   0: 1 0x00000000800051c2 (0x00f09233) x4  0x0000000000000000
core   0: 0x00000000800051c6 (0x233e84d3) fsgnj.d fs1, ft9, fs3
core   0: 1 0x00000000800051c6 (0x233e84d3) f9  0x7ff8000000000000
core   0: 0x00000000800051ca (0xe37fffc3) fmadd.d ft11, ft11, fs7, ft8
core   0: 1 0x00000000800051ca (0xe37fffc3) f31 0x7ff8000000000000
core   0: 0x00000000800051ce (0x00008e65) c.and   a2, s1
core   0: 1 0x00000000800051ce (0x8e65) x12 0x0000000000000800
core   0: 0x00000000800051d0 (0x02ae58bb) divuw   a7, t3, a0
core   0: 1 0x00000000800051d0 (0x02ae58bb) x17 0xffffffffffffffff
core   0: 0x00000000800051d4 (0xfb737f47) fmsub.d ft10, ft6, fs7, ft11
core   0: 1 0x00000000800051d4 (0xfb737f47) f30 0x7ff8000000000000
core   0: 0x00000000800051d8 (0x00009d2a) c.add   s10, a0
core   0: 1 0x00000000800051d8 (0x9d2a) x26 0x00000000000001b7
core   0: 0x00000000800051da (0xc23f7853) fcvt.lu.d a6, ft10
core   0: 1 0x00000000800051da (0xc23f7853) c1_fflags 0x0000000000000013 x16 0xffffffffffffffff
core   0: 0x00000000800051de (0xd20009d3) fcvt.d.w fs3, zero
core   0: 1 0x00000000800051de (0xd20009d3) f19 0x0000000000000000
core   0: 0x00000000800051e2 (0x02c22233) mulhsu  tp, tp, a2
core   0: 1 0x00000000800051e2 (0x02c22233) x4  0x0000000000000000
core   0: 0x00000000800051e6 (0x33860e97) auipc   t4, 0x33860
core   0: 1 0x00000000800051e6 (0x33860e97) x29 0x00000000b38651e6
core   0: 0x00000000800051ea (0x41c85533) sra     a0, a6, t3
core   0: 1 0x00000000800051ea (0x41c85533) x10 0xffffffffffffffff
core   0: 0x00000000800051ee (0x40ae8cb3) sub     s9, t4, a0
core   0: 1 0x00000000800051ee (0x40ae8cb3) x25 0x00000000b38651e7
core   0: 0x00000000800051f2 (0x03cef9bb) remuw   s3, t4, t3
core   0: 1 0x00000000800051f2 (0x03cef9bb) x19 0xffffffffb38651e6
core   0: 0x00000000800051f6 (0x03fdd693) srli    a3, s11, 63
core   0: 1 0x00000000800051f6 (0x03fdd693) x13 0x0000000000000000
core   0: 0x00000000800051fa (0x221ba8d3) fsgnjx.d fa7, fs7, ft1
core   0: 1 0x00000000800051fa (0x221ba8d3) f17 0x7ff8000000000000
core   0: 0x00000000800051fe (0x03187133) remu    sp, a6, a7
core   0: 1 0x00000000800051fe (0x03187133) x2  0x0000000000000000
core   0: 0x0000000080005202 (0xe1b73017) auipc   zero, 0xe1b73
core   0: 1 0x0000000080005202 (0xe1b73017)
core   0: 0x0000000080005206 (0xa37b89d3) fle.d   s3, fs7, fs7
core   0: 1 0x0000000080005206 (0xa37b89d3) c1_fflags 0x0000000000000013 x19 0x0000000000000000
core   0: 0x000000008000520a (0x00f55413) srli    s0, a0, 15
core   0: 1 0x000000008000520a (0x00f55413) x8  0x0001ffffffffffff
core   0: 0x000000008000520e (0x00202373) csrrs   t1, frm, zero
core   0: 1 0x000000008000520e (0x00202373) x6  0x0000000000000000
core   0: 0x0000000080005212 (0x00321a1b) slliw   s4, tp, 3
core   0: 1 0x0000000080005212 (0x00321a1b) x20 0x0000000000000000
core   0: 0x0000000080005216 (0xed4410b7) lui     ra, 0xed441
core   0: 1 0x0000000080005216 (0xed4410b7) x1  0xffffffffed441000
core   0: 0x000000008000521a (0x40975eb3) sra     t4, a4, s1
core   0: 1 0x000000008000521a (0x40975eb3) x29 0x0000000000000000
core   0: 0x000000008000521e (0xd4d56a37) lui     s4, 0xd4d56
core   0: 1 0x000000008000521e (0xd4d56a37) x20 0xffffffffd4d56000
core   0: 0x0000000080005222 (0x00009f3d) c.addw  a4, a5
core   0: 1 0x0000000080005222 (0x9f3d) x14 0x0000000000000001
core   0: 0x0000000080005224 (0x02edae33) mulhsu  t3, s11, a4
core   0: 1 0x0000000080005224 (0x02edae33) x28 0x0000000000000000
core   0: 0x0000000080005228 (0xf2058ad3) fmv.d.x fs5, a1
core   0: 1 0x0000000080005228 (0xf2058ad3) f21 0x00000000b82498f3
core   0: 0x000000008000522c (0x32341873) csrrw   a6, mhpmevent3, s0
core   0: exception trap_illegal_instruction, epc 0x000000008000522c
core   0:           tval 0x0000000032341873
core   0: >>>>  $xrv64i2p1_m2p0_a2p1_f2p2_d2p2_zicsr2p0_zifencei2p0_zmmul1p0_zba1p0_zbb1p0_zbc1p0_zbs1p0
core   0: 0x0000000080004000 (0x0080006f) j       pc + 0x8
core   0: 3 0x0000000080004000 (0x0080006f)
core   0: >>>>  mmode_exception_handler
core   0: 0x0000000080004008 (0x00002c17) auipc   s8, 0x2
core   0: 3 0x0000000080004008 (0x00002c17) x24 0x0000000080006008
core   0: 0x000000008000400c (0xfd8c0c13) addi    s8, s8, -40
core   0: 3 0x000000008000400c (0xfd8c0c13) x24 0x0000000080005fe0
core   0: 0x0000000080004010 (0x000c00e7) jalr    s8
core   0: 3 0x0000000080004010 (0x000c00e7) x1  0x0000000080004014
core   0: >>>>  any_handler
core   0: 0x0000000080005fe0 (0x341027f3) csrrs   a5, mepc, zero
core   0: 3 0x0000000080005fe0 (0x341027f3) x15 0x000000008000522c
core   0: 0x0000000080005fe4 (0x34202773) csrrs   a4, mcause, zero
core   0: 3 0x0000000080005fe4 (0x34202773) x14 0x0000000000000002
core   0: 0x0000000080005fe8 (0x142026f3) csrrs   a3, scause, zero
core   0: 3 0x0000000080005fe8 (0x142026f3) x13 0x000000000000001c
core   0: 0x0000000080005fec (0x30402673) csrrs   a2, mie, zero
core   0: 3 0x0000000080005fec (0x30402673) x12 0x0000000000000a00
core   0: 0x0000000080005ff0 (0x344025f3) csrrs   a1, mip, zero
core   0: 3 0x0000000080005ff0 (0x344025f3) x11 0x0000000000000080
core   0: 0x0000000080005ff4 (0x343025f3) csrrs   a1, mtval, zero
core   0: 3 0x0000000080005ff4 (0x343025f3) x11 0x0000000032341873
core   0: 0x0000000080005ff8 (0x14302573) csrrs   a0, stval, zero
core   0: 3 0x0000000080005ff8 (0x14302573) x10 0x0000000000000000
core   0: 0x0000000080005ffc (0xb02024f3) csrrs   s1, minstret, zero
core   0: 3 0x0000000080005ffc (0xb02024f3) x9  0x0000000000000dbc
core   0: 0x0000000080006000 (0x0000a811) c.j     pc + 20
core   0: 3 0x0000000080006000 (0xa811)
core   0: >>>>  mepc_4
core   0: 0x0000000080006014 (0x00000791) c.addi  a5, 4
core   0: 3 0x0000000080006014 (0x0791) x15 0x0000000080005230
core   0: 0x0000000080006016 (0x34179073) csrrw   zero, mepc, a5
core   0: 3 0x0000000080006016 (0x34179073) c833_mepc 0x0000000080005230
core   0: 0x000000008000601a (0x30200073) mret
core   0: 3 0x000000008000601a (0x30200073) c768_mstatus 0x8000000a00106080
core   0: 0x0000000080005230 (0x002582b3) add     t0, a1, sp
core   0: 1 0x0000000080005230 (0x002582b3) x5  0x0000000032341873
core   0: 0x0000000080005234 (0x0a877ccf) fnmadd.d fs9, fa4, fs0, ft1
core   0: 1 0x0000000080005234 (0x0a877ccf) f25 0x7ff8000000000000
core   0: 0x0000000080005238 (0x01536833) or      a6, t1, s5
core   0: 1 0x0000000080005238 (0x01536833) x16 0x0000000000000001
core   0: 0x000000008000523c (0xc2147b53) fcvt.wu.d s6, fs0
core   0: 1 0x000000008000523c (0xc2147b53) c1_fflags 0x0000000000000013 x22 0x0000000000000000
core   0: 0x0000000080005240 (0x016e7e33) and     t3, t3, s6
core   0: 1 0x0000000080005240 (0x016e7e33) x28 0x0000000000000000
core   0: 0x0000000080005244 (0x03c22e33) mulhsu  t3, tp, t3
core   0: 1 0x0000000080005244 (0x03c22e33) x28 0x0000000000000000
core   0: 0x0000000080005248 (0x40c2dc3b) sraw    s8, t0, a2
core   0: 1 0x0000000080005248 (0x40c2dc3b) x24 0x0000000032341873
core   0: 0x000000008000524c (0x41a05433) sra     s0, zero, s10
core   0: 1 0x000000008000524c (0x41a05433) x8  0x0000000000000000
core   0: 0x0000000080005250 (0x0082123b) sllw    tp, tp, s0
core   0: 1 0x0000000080005250 (0x0082123b) x4  0x0000000000000000
core   0: 0x0000000080005254 (0x02d7e33b) remw    t1, a5, a3
core   0: 1 0x0000000080005254 (0x02d7e33b) x6  0xfffffffffffffffc
core   0: 0x0000000080005258 (0x0180d3bb) srlw    t2, ra, s8
core   0: 1 0x0000000080005258 (0x0180d3bb) x7  0x0000000000001000
core   0: 0x000000008000525c (0x5a25fb4f) fnmadd.d fs6, fa1, ft2, fa1
core   0: 1 0x000000008000525c (0x5a25fb4f) f22 0x7ff8000000000000
core   0: 0x0000000080005260 (0x0383e23b) remw    tp, t2, s8
core   0: 1 0x0000000080005260 (0x0383e23b) x4  0x0000000000001000
core   0: 0x0000000080005264 (0x0ff0000f) fence   iorw,iorw
core   0: 1 0x0000000080005264 (0x0ff0000f)
core   0: 0x0000000080005268 (0x306070f3) csrrci  ra, mcounteren, 0
core   0: exception trap_illegal_instruction, epc 0x0000000080005268
core   0:           tval 0x00000000306070f3
core   0: >>>>  $xrv64i2p1_m2p0_a2p1_f2p2_d2p2_zicsr2p0_zifencei2p0_zmmul1p0_zba1p0_zbb1p0_zbc1p0_zbs1p0
core   0: 0x0000000080004000 (0x0080006f) j       pc + 0x8
core   0: 3 0x0000000080004000 (0x0080006f)
core   0: >>>>  mmode_exception_handler
core   0: 0x0000000080004008 (0x00002c17) auipc   s8, 0x2
core   0: 3 0x0000000080004008 (0x00002c17) x24 0x0000000080006008
core   0: 0x000000008000400c (0xfd8c0c13) addi    s8, s8, -40
core   0: 3 0x000000008000400c (0xfd8c0c13) x24 0x0000000080005fe0
core   0: 0x0000000080004010 (0x000c00e7) jalr    s8
core   0: 3 0x0000000080004010 (0x000c00e7) x1  0x0000000080004014
core   0: >>>>  any_handler
core   0: 0x0000000080005fe0 (0x341027f3) csrrs   a5, mepc, zero
core   0: 3 0x0000000080005fe0 (0x341027f3) x15 0x0000000080005268
core   0: 0x0000000080005fe4 (0x34202773) csrrs   a4, mcause, zero
core   0: 3 0x0000000080005fe4 (0x34202773) x14 0x0000000000000002
core   0: 0x0000000080005fe8 (0x142026f3) csrrs   a3, scause, zero
core   0: 3 0x0000000080005fe8 (0x142026f3) x13 0x000000000000001c
core   0: 0x0000000080005fec (0x30402673) csrrs   a2, mie, zero
core   0: 3 0x0000000080005fec (0x30402673) x12 0x0000000000000a00
core   0: 0x0000000080005ff0 (0x344025f3) csrrs   a1, mip, zero
core   0: 3 0x0000000080005ff0 (0x344025f3) x11 0x0000000000000080
core   0: 0x0000000080005ff4 (0x343025f3) csrrs   a1, mtval, zero
core   0: 3 0x0000000080005ff4 (0x343025f3) x11 0x00000000306070f3
core   0: 0x0000000080005ff8 (0x14302573) csrrs   a0, stval, zero
core   0: 3 0x0000000080005ff8 (0x14302573) x10 0x0000000000000000
core   0: 0x0000000080005ffc (0xb02024f3) csrrs   s1, minstret, zero
core   0: 3 0x0000000080005ffc (0xb02024f3) x9  0x0000000000000dda
core   0: 0x0000000080006000 (0x0000a811) c.j     pc + 20
core   0: 3 0x0000000080006000 (0xa811)
core   0: >>>>  mepc_4
core   0: 0x0000000080006014 (0x00000791) c.addi  a5, 4
core   0: 3 0x0000000080006014 (0x0791) x15 0x000000008000526c
core   0: 0x0000000080006016 (0x34179073) csrrw   zero, mepc, a5
core   0: 3 0x0000000080006016 (0x34179073) c833_mepc 0x000000008000526c
core   0: 0x000000008000601a (0x30200073) mret
core   0: 3 0x000000008000601a (0x30200073) c768_mstatus 0x8000000a00106080
core   0: 0x000000008000526c (0x00019993) slli    s3, gp, 0
core   0: 1 0x000000008000526c (0x00019993) x19 0x0000000000000000
core   0: 0x0000000080005270 (0xd227f453) fcvt.d.l fs0, a5
core   0: 1 0x0000000080005270 (0xd227f453) f8  0x41e0000a4d800000
core   0: 0x0000000080005274 (0x3a827e43) fmadd.d ft8, ft4, fs0, ft7
core   0: 1 0x0000000080005274 (0x3a827e43) f28 0x7ff8000000000000
core   0: 0x0000000080005278 (0x0019983b) sllw    a6, s3, ra
core   0: 1 0x0000000080005278 (0x0019983b) x16 0x0000000000000000
core   0: 0x000000008000527c (0x41de89b3) sub     s3, t4, t4
core   0: 1 0x000000008000527c (0x41de89b3) x19 0x0000000000000000
core   0: 0x0000000080005280 (0x4227d693) srai    a3, a5, 34
core   0: 1 0x0000000080005280 (0x4227d693) x13 0x0000000000000000
core   0: 0x0000000080005284 (0x001b5893) srli    a7, s6, 1
core   0: 1 0x0000000080005284 (0x001b5893) x17 0x0000000000000000
core   0: 0x0000000080005288 (0x2b431ad3) fmax.d  fs5, ft6, fs4
core   0: 1 0x0000000080005288 (0x2b431ad3) f21 0x4200000000000000
core   0: 0x000000008000528c (0x00fcf133) and     sp, s9, a5
core   0: 1 0x000000008000528c (0x00fcf133) x2  0x0000000080005064
core   0: 0x0000000080005290 (0x011a8433) add     s0, s5, a7
core   0: 1 0x0000000080005290 (0x011a8433) x8  0x0000000000000001
core   0: 0x0000000080005294 (0x3238bef3) csrrc   t4, mhpmevent3, a7
core   0: exception trap_illegal_instruction, epc 0x0000000080005294
core   0:           tval 0x000000003238bef3
core   0: >>>>  $xrv64i2p1_m2p0_a2p1_f2p2_d2p2_zicsr2p0_zifencei2p0_zmmul1p0_zba1p0_zbb1p0_zbc1p0_zbs1p0
core   0: 0x0000000080004000 (0x0080006f) j       pc + 0x8
core   0: 3 0x0000000080004000 (0x0080006f)
core   0: >>>>  mmode_exception_handler
core   0: 0x0000000080004008 (0x00002c17) auipc   s8, 0x2
core   0: 3 0x0000000080004008 (0x00002c17) x24 0x0000000080006008
core   0: 0x000000008000400c (0xfd8c0c13) addi    s8, s8, -40
core   0: 3 0x000000008000400c (0xfd8c0c13) x24 0x0000000080005fe0
core   0: 0x0000000080004010 (0x000c00e7) jalr    s8
core   0: 3 0x0000000080004010 (0x000c00e7) x1  0x0000000080004014
core   0: >>>>  any_handler
core   0: 0x0000000080005fe0 (0x341027f3) csrrs   a5, mepc, zero
core   0: 3 0x0000000080005fe0 (0x341027f3) x15 0x0000000080005294
core   0: 0x0000000080005fe4 (0x34202773) csrrs   a4, mcause, zero
core   0: 3 0x0000000080005fe4 (0x34202773) x14 0x0000000000000002
core   0: 0x0000000080005fe8 (0x142026f3) csrrs   a3, scause, zero
core   0: 3 0x0000000080005fe8 (0x142026f3) x13 0x000000000000001c
core   0: 0x0000000080005fec (0x30402673) csrrs   a2, mie, zero
core   0: 3 0x0000000080005fec (0x30402673) x12 0x0000000000000a00
core   0: 0x0000000080005ff0 (0x344025f3) csrrs   a1, mip, zero
core   0: 3 0x0000000080005ff0 (0x344025f3) x11 0x0000000000000080
core   0: 0x0000000080005ff4 (0x343025f3) csrrs   a1, mtval, zero
core   0: 3 0x0000000080005ff4 (0x343025f3) x11 0x000000003238bef3
core   0: 0x0000000080005ff8 (0x14302573) csrrs   a0, stval, zero
core   0: 3 0x0000000080005ff8 (0x14302573) x10 0x0000000000000000
core   0: 0x0000000080005ffc (0xb02024f3) csrrs   s1, minstret, zero
core   0: 3 0x0000000080005ffc (0xb02024f3) x9  0x0000000000000df4
core   0: 0x0000000080006000 (0x0000a811) c.j     pc + 20
core   0: 3 0x0000000080006000 (0xa811)
core   0: >>>>  mepc_4
core   0: 0x0000000080006014 (0x00000791) c.addi  a5, 4
core   0: 3 0x0000000080006014 (0x0791) x15 0x0000000080005298
core   0: 0x0000000080006016 (0x34179073) csrrw   zero, mepc, a5
core   0: 3 0x0000000080006016 (0x34179073) c833_mepc 0x0000000080005298
core   0: 0x000000008000601a (0x30200073) mret
core   0: 3 0x000000008000601a (0x30200073) c768_mstatus 0x8000000a00106080
core   0: 0x0000000080005298 (0x40fe84b3) sub     s1, t4, a5
core   0: 1 0x0000000080005298 (0x40fe84b3) x9  0xffffffff7fffad68
core   0: 0x000000008000529c (0x2b5b8ed3) fmin.d  ft9, fs7, fs5
core   0: 1 0x000000008000529c (0x2b5b8ed3) f29 0x4200000000000000
core   0: 0x00000000800052a0 (0xc02f7a53) fcvt.l.s s4, ft10
core   0: 1 0x00000000800052a0 (0xc02f7a53) c1_fflags 0x0000000000000013 x20 0x7fffffffffffffff
core   0: 0x00000000800052a4 (0xc230f053) fcvt.lu.d zero, ft1
core   0: 1 0x00000000800052a4 (0xc230f053)
core   0: 0x00000000800052a8 (0x5a037dd3) fsqrt.d fs11, ft6
core   0: 1 0x00000000800052a8 (0x5a037dd3) f27 0x7ff8000000000000
core   0: 0x00000000800052ac (0x02ca07b3) mul     a5, s4, a2
core   0: 1 0x00000000800052ac (0x02ca07b3) x15 0xfffffffffffff600
core   0: 0x00000000800052b0 (0xd03c75d3) fcvt.s.lu fa1, s8
core   0: 1 0x00000000800052b0 (0xd03c75d3) c1_fflags 0x0000000000000013 f11 0xffffffff4f000060
core   0: 0x00000000800052b4 (0x4147d393) srai    t2, a5, 20
core   0: 1 0x00000000800052b4 (0x4147d393) x7  0xffffffffffffffff
core   0: 0x00000000800052b8 (0xd479ce93) xori    t4, s3, -697
core   0: 1 0x00000000800052b8 (0xd479ce93) x29 0xfffffffffffffd47
core   0: 0x00000000800052bc (0x4af9e993) ori     s3, s3, 1199
core   0: 1 0x00000000800052bc (0x4af9e993) x19 0x00000000000004af
core   0: 0x00000000800052c0 (0x4109d213) srai    tp, s3, 16
core   0: 1 0x00000000800052c0 (0x4109d213) x4  0x0000000000000000
core   0: 0x00000000800052c4 (0xc022f5d3) fcvt.l.s a1, ft5
core   0: 1 0x00000000800052c4 (0xc022f5d3) c1_fflags 0x0000000000000013 x11 0x7fffffffffffffff
core   0: 0x00000000800052c8 (0x00a6f9b3) and     s3, a3, a0
core   0: 1 0x00000000800052c8 (0x00a6f9b3) x19 0x0000000000000000
core   0: 0x00000000800052cc (0xd039f153) fcvt.s.lu ft2, s3
core   0: 1 0x00000000800052cc (0xd039f153) f2  0xffffffff00000000
core   0: 0x00000000800052d0 (0xa2ff0853) fle.d   a6, ft10, fa5
core   0: 1 0x00000000800052d0 (0xa2ff0853) c1_fflags 0x0000000000000013 x16 0x0000000000000000
core   0: 0x00000000800052d4 (0x2a618253) fmin.d  ft4, ft3, ft6
core   0: 1 0x00000000800052d4 (0x2a618253) f4  0x41efffffffe00000
core   0: 0x00000000800052d8 (0x0047939b) slliw   t2, a5, 4
core   0: 1 0x00000000800052d8 (0x0047939b) x7  0xffffffffffff6000
core   0: 0x00000000800052dc (0x014d94bb) sllw    s1, s11, s4
core   0: 1 0x00000000800052dc (0x014d94bb) x9  0x0000000000000000
core   0: 0x00000000800052e0 (0x2280a053) fsgnjx.d ft0, ft1, fs0
core   0: 1 0x00000000800052e0 (0x2280a053) f0  0x0000000000000000
core   0: 0x00000000800052e4 (0x025ccb33) div     s6, s9, t0
core   0: 1 0x00000000800052e4 (0x025ccb33) x22 0x0000000000000003
core   0: 0x00000000800052e8 (0x40dc8833) sub     a6, s9, a3
core   0: 1 0x00000000800052e8 (0x40dc8833) x16 0x00000000b38651cb
core   0: 0x00000000800052ec (0x03d61633) mulh    a2, a2, t4
core   0: 1 0x00000000800052ec (0x03d61633) x12 0xffffffffffffffff
core   0: 0x00000000800052f0 (0xd02cf3d3) fcvt.s.l ft7, s9
core   0: 1 0x00000000800052f0 (0xd02cf3d3) c1_fflags 0x0000000000000013 f7  0xffffffff4f338652
core   0: 0x00000000800052f4 (0x401ade13) srai    t3, s5, 1
core   0: 1 0x00000000800052f4 (0x401ade13) x28 0x0000000000000000
core   0: 0x00000000800052f8 (0x024bfb53) fadd.d  fs6, fs7, ft4
core   0: 1 0x00000000800052f8 (0x024bfb53) f22 0x7ff8000000000000
core   0: 0x00000000800052fc (0x036a6e3b) remw    t3, s4, s6
core   0: 1 0x00000000800052fc (0x036a6e3b) x28 0xffffffffffffffff
core   0: 0x0000000080005300 (0x0014d11b) srliw   sp, s1, 1
core   0: 1 0x0000000080005300 (0x0014d11b) x2  0x0000000000000000
core   0: 0x0000000080005304 (0x02e49c13) slli    s8, s1, 46
core   0: 1 0x0000000080005304 (0x02e49c13) x24 0x0000000000000000
core   0: 0x0000000080005308 (0xd03c7553) fcvt.s.lu fa0, s8
core   0: 1 0x0000000080005308 (0xd03c7553) f10 0xffffffff00000000
core   0: 0x000000008000530c (0xd234fa53) fcvt.d.lu fs4, s1
core   0: 1 0x000000008000530c (0xd234fa53) f20 0x0000000000000000
core   0: 0x0000000080005310 (0x02208cb3) mul     s9, ra, sp
core   0: 1 0x0000000080005310 (0x02208cb3) x25 0x0000000000000000
core   0: 0x0000000080005314 (0x03d67533) remu    a0, a2, t4
core   0: 1 0x0000000080005314 (0x03d67533) x10 0x00000000000002b8
core   0: 0x0000000080005318 (0x001a1433) sll     s0, s4, ra
core   0: 1 0x0000000080005318 (0x001a1433) x8  0xfffffffffff00000
core   0: 0x000000008000531c (0x01cb93bb) sllw    t2, s7, t3
core   0: 1 0x000000008000531c (0x01cb93bb) x7  0xffffffff80000000
core   0: 0x0000000080005320 (0x3c096813) ori     a6, s2, 960
core   0: 1 0x0000000080005320 (0x3c096813) x16 0x00000000000003c0
core   0: 0x0000000080005324 (0x010312bb) sllw    t0, t1, a6
core   0: 1 0x0000000080005324 (0x010312bb) x5  0xfffffffffffffffc
core   0: 0x0000000080005328 (0x021a01bb) mulw    gp, s4, ra
core   0: 1 0x0000000080005328 (0x021a01bb) x3  0x000000007fffbfec
core   0: 0x000000008000532c (0x0af877d3) fsub.d  fa5, fa6, fa5
core   0: 1 0x000000008000532c (0x0af877d3) f15 0x7ff8000000000000
core   0: 0x0000000080005330 (0x0133903b) sllw    zero, t2, s3
core   0: 1 0x0000000080005330 (0x0133903b)
core   0: 0x0000000080005334 (0x013094b3) sll     s1, ra, s3
core   0: 1 0x0000000080005334 (0x013094b3) x9  0x0000000080004014
core   0: 0x0000000080005338 (0x002b13f3) csrrw   t2, frm, s6
core   0: 1 0x0000000080005338 (0x002b13f3) x7  0x0000000000000000 c2_frm 0x0000000000000003
core   0: 0x000000008000533c (0xd2297b53) fcvt.d.l fs6, s2
core   0: 1 0x000000008000533c (0xd2297b53) f22 0x0000000000000000
core   0: 0x0000000080005340 (0x420b0953) fcvt.d.s fs2, fs6
core   0: 1 0x0000000080005340 (0x420b0953) f18 0x7ff8000000000000
core   0: 0x0000000080005344 (0xf1339a73) csrrw   s4, mimpid, t2
core   0: exception trap_illegal_instruction, epc 0x0000000080005344
core   0:           tval 0x00000000f1339a73
core   0: >>>>  $xrv64i2p1_m2p0_a2p1_f2p2_d2p2_zicsr2p0_zifencei2p0_zmmul1p0_zba1p0_zbb1p0_zbc1p0_zbs1p0
core   0: 0x0000000080004000 (0x0080006f) j       pc + 0x8
core   0: 3 0x0000000080004000 (0x0080006f)
core   0: >>>>  mmode_exception_handler
core   0: 0x0000000080004008 (0x00002c17) auipc   s8, 0x2
core   0: 3 0x0000000080004008 (0x00002c17) x24 0x0000000080006008
core   0: 0x000000008000400c (0xfd8c0c13) addi    s8, s8, -40
core   0: 3 0x000000008000400c (0xfd8c0c13) x24 0x0000000080005fe0
core   0: 0x0000000080004010 (0x000c00e7) jalr    s8
core   0: 3 0x0000000080004010 (0x000c00e7) x1  0x0000000080004014
core   0: >>>>  any_handler
core   0: 0x0000000080005fe0 (0x341027f3) csrrs   a5, mepc, zero
core   0: 3 0x0000000080005fe0 (0x341027f3) x15 0x0000000080005344
core   0: 0x0000000080005fe4 (0x34202773) csrrs   a4, mcause, zero
core   0: 3 0x0000000080005fe4 (0x34202773) x14 0x0000000000000002
core   0: 0x0000000080005fe8 (0x142026f3) csrrs   a3, scause, zero
core   0: 3 0x0000000080005fe8 (0x142026f3) x13 0x000000000000001c
core   0: 0x0000000080005fec (0x30402673) csrrs   a2, mie, zero
core   0: 3 0x0000000080005fec (0x30402673) x12 0x0000000000000a00
core   0: 0x0000000080005ff0 (0x344025f3) csrrs   a1, mip, zero
core   0: 3 0x0000000080005ff0 (0x344025f3) x11 0x0000000000000080
core   0: 0x0000000080005ff4 (0x343025f3) csrrs   a1, mtval, zero
core   0: 3 0x0000000080005ff4 (0x343025f3) x11 0x00000000f1339a73
core   0: 0x0000000080005ff8 (0x14302573) csrrs   a0, stval, zero
core   0: 3 0x0000000080005ff8 (0x14302573) x10 0x0000000000000000
core   0: 0x0000000080005ffc (0xb02024f3) csrrs   s1, minstret, zero
core   0: 3 0x0000000080005ffc (0xb02024f3) x9  0x0000000000000e2f
core   0: 0x0000000080006000 (0x0000a811) c.j     pc + 20
core   0: 3 0x0000000080006000 (0xa811)
core   0: >>>>  mepc_4
core   0: 0x0000000080006014 (0x00000791) c.addi  a5, 4
core   0: 3 0x0000000080006014 (0x0791) x15 0x0000000080005348
core   0: 0x0000000080006016 (0x34179073) csrrw   zero, mepc, a5
core   0: 3 0x0000000080006016 (0x34179073) c833_mepc 0x0000000080005348
core   0: 0x000000008000601a (0x30200073) mret
core   0: 3 0x000000008000601a (0x30200073) c768_mstatus 0x8000000a00106080
core   0: 0x0000000080005348 (0x032d1d33) mulh    s10, s10, s2
core   0: 1 0x0000000080005348 (0x032d1d33) x26 0x0000000000000000
core   0: 0x000000008000534c (0x231b1453) fsgnjn.d fs0, fs6, fa7
core   0: 1 0x000000008000534c (0x231b1453) f8  0x8000000000000000
core   0: 0x0000000080005350 (0x23dea2d3) fsgnjx.d ft5, ft9, ft9
core   0: 1 0x0000000080005350 (0x23dea2d3) f5  0x4200000000000000
core   0: 0x0000000080005354 (0xd2160ad3) fcvt.d.wu fs5, a2
core   0: 1 0x0000000080005354 (0xd2160ad3) f21 0x40a4000000000000
core   0: 0x0000000080005358 (0xd21d0153) fcvt.d.wu ft2, s10
core   0: 1 0x0000000080005358 (0xd21d0153) f2  0x0000000000000000
core   0: 0x000000008000535c (0x405a843b) subw    s0, s5, t0
core   0: 1 0x000000008000535c (0x405a843b) x8  0x0000000000000005
core   0: 0x0000000080005360 (0x038e0e3b) mulw    t3, t3, s8
core   0: 1 0x0000000080005360 (0x038e0e3b) x28 0x000000007fffa020
core   0: 0x0000000080005364 (0xd2158d53) fcvt.d.wu fs10, a1
core   0: 1 0x0000000080005364 (0xd2158d53) f26 0x41ee26734e600000
core   0: 0x0000000080005368 (0x0ff0000f) fence   iorw,iorw
core   0: 1 0x0000000080005368 (0x0ff0000f)
core   0: 0x000000008000536c (0x0391493b) divw    s2, sp, s9
core   0: 1 0x000000008000536c (0x0391493b) x18 0xffffffffffffffff
core   0: 0x0000000080005370 (0x220d9dd3) fsgnjn.d fs11, fs11, ft0
core   0: 1 0x0000000080005370 (0x220d9dd3) f27 0xfff8000000000000
core   0: 0x0000000080005374 (0x40cb5c9b) sraiw   s9, s6, 12
core   0: 1 0x0000000080005374 (0x40cb5c9b) x25 0x0000000000000000
core   0: 0x0000000080005378 (0x00c845b3) xor     a1, a6, a2
core   0: 1 0x0000000080005378 (0x00c845b3) x11 0x00000000000009c0
core   0: 0x000000008000537c (0x42038ad3) fcvt.d.s fs5, ft7
core   0: 1 0x000000008000537c (0x42038ad3) f21 0x41e670ca40000000
core   0: 0x0000000080005380 (0x413ed83b) sraw    a6, t4, s3
core   0: 1 0x0000000080005380 (0x413ed83b) x16 0xfffffffffffffd47
core   0: 0x0000000080005384 (0x340febf3) csrrsi  s7, mscratch, 31
core   0: exception trap_illegal_instruction, epc 0x0000000080005384
core   0:           tval 0x00000000340febf3
core   0: >>>>  $xrv64i2p1_m2p0_a2p1_f2p2_d2p2_zicsr2p0_zifencei2p0_zmmul1p0_zba1p0_zbb1p0_zbc1p0_zbs1p0
core   0: 0x0000000080004000 (0x0080006f) j       pc + 0x8
core   0: 3 0x0000000080004000 (0x0080006f)
core   0: >>>>  mmode_exception_handler
core   0: 0x0000000080004008 (0x00002c17) auipc   s8, 0x2
core   0: 3 0x0000000080004008 (0x00002c17) x24 0x0000000080006008
core   0: 0x000000008000400c (0xfd8c0c13) addi    s8, s8, -40
core   0: 3 0x000000008000400c (0xfd8c0c13) x24 0x0000000080005fe0
core   0: 0x0000000080004010 (0x000c00e7) jalr    s8
core   0: 3 0x0000000080004010 (0x000c00e7) x1  0x0000000080004014
core   0: >>>>  any_handler
core   0: 0x0000000080005fe0 (0x341027f3) csrrs   a5, mepc, zero
core   0: 3 0x0000000080005fe0 (0x341027f3) x15 0x0000000080005384
core   0: 0x0000000080005fe4 (0x34202773) csrrs   a4, mcause, zero
core   0: 3 0x0000000080005fe4 (0x34202773) x14 0x0000000000000002
core   0: 0x0000000080005fe8 (0x142026f3) csrrs   a3, scause, zero
core   0: 3 0x0000000080005fe8 (0x142026f3) x13 0x000000000000001c
core   0: 0x0000000080005fec (0x30402673) csrrs   a2, mie, zero
core   0: 3 0x0000000080005fec (0x30402673) x12 0x0000000000000a00
core   0: 0x0000000080005ff0 (0x344025f3) csrrs   a1, mip, zero
core   0: 3 0x0000000080005ff0 (0x344025f3) x11 0x0000000000000080
core   0: 0x0000000080005ff4 (0x343025f3) csrrs   a1, mtval, zero
core   0: 3 0x0000000080005ff4 (0x343025f3) x11 0x00000000340febf3
core   0: 0x0000000080005ff8 (0x14302573) csrrs   a0, stval, zero
core   0: 3 0x0000000080005ff8 (0x14302573) x10 0x0000000000000000
core   0: 0x0000000080005ffc (0xb02024f3) csrrs   s1, minstret, zero
core   0: 3 0x0000000080005ffc (0xb02024f3) x9  0x0000000000000e4e
core   0: 0x0000000080006000 (0x0000a811) c.j     pc + 20
core   0: 3 0x0000000080006000 (0xa811)
core   0: >>>>  mepc_4
core   0: 0x0000000080006014 (0x00000791) c.addi  a5, 4
core   0: 3 0x0000000080006014 (0x0791) x15 0x0000000080005388
core   0: 0x0000000080006016 (0x34179073) csrrw   zero, mepc, a5
core   0: 3 0x0000000080006016 (0x34179073) c833_mepc 0x0000000080005388
core   0: 0x000000008000601a (0x30200073) mret
core   0: 3 0x000000008000601a (0x30200073) c768_mstatus 0x8000000a00106080
core   0: 0x0000000080005388 (0xd22273d3) fcvt.d.l ft7, tp
core   0: 1 0x0000000080005388 (0xd22273d3) f7  0x0000000000000000
core   0: 0x000000008000538c (0x004ea2b3) slt     t0, t4, tp
core   0: 1 0x000000008000538c (0x004ea2b3) x5  0x0000000000000001
core   0: 0x0000000080005390 (0x320911f3) csrrw   gp, mcountinhibit, s2
core   0: exception trap_illegal_instruction, epc 0x0000000080005390
core   0:           tval 0x00000000320911f3
core   0: >>>>  $xrv64i2p1_m2p0_a2p1_f2p2_d2p2_zicsr2p0_zifencei2p0_zmmul1p0_zba1p0_zbb1p0_zbc1p0_zbs1p0
core   0: 0x0000000080004000 (0x0080006f) j       pc + 0x8
core   0: 3 0x0000000080004000 (0x0080006f)
core   0: >>>>  mmode_exception_handler
core   0: 0x0000000080004008 (0x00002c17) auipc   s8, 0x2
core   0: 3 0x0000000080004008 (0x00002c17) x24 0x0000000080006008
core   0: 0x000000008000400c (0xfd8c0c13) addi    s8, s8, -40
core   0: 3 0x000000008000400c (0xfd8c0c13) x24 0x0000000080005fe0
core   0: 0x0000000080004010 (0x000c00e7) jalr    s8
core   0: 3 0x0000000080004010 (0x000c00e7) x1  0x0000000080004014
core   0: >>>>  any_handler
core   0: 0x0000000080005fe0 (0x341027f3) csrrs   a5, mepc, zero
core   0: 3 0x0000000080005fe0 (0x341027f3) x15 0x0000000080005390
core   0: 0x0000000080005fe4 (0x34202773) csrrs   a4, mcause, zero
core   0: 3 0x0000000080005fe4 (0x34202773) x14 0x0000000000000002
core   0: 0x0000000080005fe8 (0x142026f3) csrrs   a3, scause, zero
core   0: 3 0x0000000080005fe8 (0x142026f3) x13 0x000000000000001c
core   0: 0x0000000080005fec (0x30402673) csrrs   a2, mie, zero
core   0: 3 0x0000000080005fec (0x30402673) x12 0x0000000000000a00
core   0: 0x0000000080005ff0 (0x344025f3) csrrs   a1, mip, zero
core   0: 3 0x0000000080005ff0 (0x344025f3) x11 0x0000000000000080
core   0: 0x0000000080005ff4 (0x343025f3) csrrs   a1, mtval, zero
core   0: 3 0x0000000080005ff4 (0x343025f3) x11 0x00000000320911f3
core   0: 0x0000000080005ff8 (0x14302573) csrrs   a0, stval, zero
core   0: 3 0x0000000080005ff8 (0x14302573) x10 0x0000000000000000
core   0: 0x0000000080005ffc (0xb02024f3) csrrs   s1, minstret, zero
core   0: 3 0x0000000080005ffc (0xb02024f3) x9  0x0000000000000e60
core   0: 0x0000000080006000 (0x0000a811) c.j     pc + 20
core   0: 3 0x0000000080006000 (0xa811)
core   0: >>>>  mepc_4
core   0: 0x0000000080006014 (0x00000791) c.addi  a5, 4
core   0: 3 0x0000000080006014 (0x0791) x15 0x0000000080005394
core   0: 0x0000000080006016 (0x34179073) csrrw   zero, mepc, a5
core   0: 3 0x0000000080006016 (0x34179073) c833_mepc 0x0000000080005394
core   0: 0x000000008000601a (0x30200073) mret
core   0: 3 0x000000008000601a (0x30200073) c768_mstatus 0x8000000a00106080
core   0: 0x0000000080005394 (0x01491e3b) sllw    t3, s2, s4
core   0: 1 0x0000000080005394 (0x01491e3b) x28 0xffffffff80000000
core   0: 0x0000000080005398 (0x01d48ebb) addw    t4, s1, t4
core   0: 1 0x0000000080005398 (0x01d48ebb) x29 0x0000000000000ba7
core   0: 0x000000008000539c (0x4104583b) sraw    a6, s0, a6
core   0: 1 0x000000008000539c (0x4104583b) x16 0x0000000000000000
core   0: 0x00000000800053a0 (0x4041561b) sraiw   a2, sp, 4
core   0: 1 0x00000000800053a0 (0x4041561b) x12 0x0000000000000000
core   0: 0x00000000800053a4 (0x00202073) csrrs   zero, frm, zero
core   0: 1 0x00000000800053a4 (0x00202073)
core   0: 0x00000000800053a8 (0x2a8682d3) fmin.d  ft5, fa3, fs0
core   0: 1 0x00000000800053a8 (0x2a8682d3) f5  0x8000000000000000
core   0: 0x00000000800053ac (0x01fb9b9b) slliw   s7, s7, 31
core   0: 1 0x00000000800053ac (0x01fb9b9b) x23 0xffffffff80000000
core   0: 0x00000000800053b0 (0x01c17133) and     sp, sp, t3
core   0: 1 0x00000000800053b0 (0x01c17133) x2  0x0000000000000000
core   0: 0x00000000800053b4 (0x41a20d3b) subw    s10, tp, s10
core   0: 1 0x00000000800053b4 (0x41a20d3b) x26 0x0000000000000000
core   0: 0x00000000800053b8 (0x00000001) c.nop
core   0: 1 0x00000000800053b8 (0x0001)
core   0: 0x00000000800053ba (0xd2227a53) fcvt.d.l fs4, tp
core   0: 1 0x00000000800053ba (0xd2227a53) f20 0x0000000000000000
core   0: 0x00000000800053be (0x00009c22) c.add   s8, s0
core   0: 1 0x00000000800053be (0x9c22) x24 0x0000000080005fe5
core   0: 0x00000000800053c0 (0x5a7e0d1b) addiw   s10, t3, 1447
core   0: 1 0x00000000800053c0 (0x5a7e0d1b) x26 0xffffffff800005a7
core   0: 0x00000000800053c4 (0x001a9173) csrrw   sp, fflags, s5
core   0: 1 0x00000000800053c4 (0x001a9173) x2  0x0000000000000013 c1_fflags 0x0000000000000001
core   0: 0x00000000800053c8 (0x03078733) mul     a4, a5, a6
core   0: 1 0x00000000800053c8 (0x03078733) x14 0x0000000000000000
core   0: 0x00000000800053cc (0xd2178c53) fcvt.d.wu fs8, a5
core   0: 1 0x00000000800053cc (0xd2178c53) f24 0x41e0000a72800000
core   0: 0x00000000800053d0 (0x00202673) csrrs   a2, frm, zero
core   0: 1 0x00000000800053d0 (0x00202673) x12 0x0000000000000003
core   0: 0x00000000800053d4 (0x3201bcf3) csrrc   s9, mcountinhibit, gp
core   0: exception trap_illegal_instruction, epc 0x00000000800053d4
core   0:           tval 0x000000003201bcf3
core   0: >>>>  $xrv64i2p1_m2p0_a2p1_f2p2_d2p2_zicsr2p0_zifencei2p0_zmmul1p0_zba1p0_zbb1p0_zbc1p0_zbs1p0
core   0: 0x0000000080004000 (0x0080006f) j       pc + 0x8
core   0: 3 0x0000000080004000 (0x0080006f)
core   0: >>>>  mmode_exception_handler
core   0: 0x0000000080004008 (0x00002c17) auipc   s8, 0x2
core   0: 3 0x0000000080004008 (0x00002c17) x24 0x0000000080006008
core   0: 0x000000008000400c (0xfd8c0c13) addi    s8, s8, -40
core   0: 3 0x000000008000400c (0xfd8c0c13) x24 0x0000000080005fe0
core   0: 0x0000000080004010 (0x000c00e7) jalr    s8
core   0: 3 0x0000000080004010 (0x000c00e7) x1  0x0000000080004014
core   0: >>>>  any_handler
core   0: 0x0000000080005fe0 (0x341027f3) csrrs   a5, mepc, zero
core   0: 3 0x0000000080005fe0 (0x341027f3) x15 0x00000000800053d4
core   0: 0x0000000080005fe4 (0x34202773) csrrs   a4, mcause, zero
core   0: 3 0x0000000080005fe4 (0x34202773) x14 0x0000000000000002
core   0: 0x0000000080005fe8 (0x142026f3) csrrs   a3, scause, zero
core   0: 3 0x0000000080005fe8 (0x142026f3) x13 0x000000000000001c
core   0: 0x0000000080005fec (0x30402673) csrrs   a2, mie, zero
core   0: 3 0x0000000080005fec (0x30402673) x12 0x0000000000000a00
core   0: 0x0000000080005ff0 (0x344025f3) csrrs   a1, mip, zero
core   0: 3 0x0000000080005ff0 (0x344025f3) x11 0x0000000000000080
core   0: 0x0000000080005ff4 (0x343025f3) csrrs   a1, mtval, zero
core   0: 3 0x0000000080005ff4 (0x343025f3) x11 0x000000003201bcf3
core   0: 0x0000000080005ff8 (0x14302573) csrrs   a0, stval, zero
core   0: 3 0x0000000080005ff8 (0x14302573) x10 0x0000000000000000
core   0: 0x0000000080005ffc (0xb02024f3) csrrs   s1, minstret, zero
core   0: 3 0x0000000080005ffc (0xb02024f3) x9  0x0000000000000e81
core   0: 0x0000000080006000 (0x0000a811) c.j     pc + 20
core   0: 3 0x0000000080006000 (0xa811)
core   0: >>>>  mepc_4
core   0: 0x0000000080006014 (0x00000791) c.addi  a5, 4
core   0: 3 0x0000000080006014 (0x0791) x15 0x00000000800053d8
core   0: 0x0000000080006016 (0x34179073) csrrw   zero, mepc, a5
core   0: 3 0x0000000080006016 (0x34179073) c833_mepc 0x00000000800053d8
core   0: 0x000000008000601a (0x30200073) mret
core   0: 3 0x000000008000601a (0x30200073) c768_mstatus 0x8000000a00106080
core   0: 0x00000000800053d8 (0x1b69f853) fdiv.d  fa6, fs3, fs6
core   0: 1 0x00000000800053d8 (0x1b69f853) c1_fflags 0x0000000000000011 f16 0x7ff8000000000000
core   0: 0x00000000800053dc (0x03f61d93) slli    s11, a2, 63
core   0: 1 0x00000000800053dc (0x03f61d93) x27 0x0000000000000000
core   0: 0x00000000800053e0 (0x408b033b) subw    t1, s6, s0
core   0: 1 0x00000000800053e0 (0x408b033b) x6  0xfffffffffffffffe
core   0: 0x00000000800053e4 (0x23a2fe47) fmsub.d ft8, ft5, fs10, ft4
core   0: 1 0x00000000800053e4 (0x23a2fe47) f28 0xc1efffffffe00000
core   0: 0x00000000800053e8 (0x4089d73b) sraw    a4, s3, s0
core   0: 1 0x00000000800053e8 (0x4089d73b) x14 0x0000000000000000
core   0: 0x00000000800053ec (0xc0277753) fcvt.l.s a4, fa4
core   0: 1 0x00000000800053ec (0xc0277753) c1_fflags 0x0000000000000011 x14 0x7fffffffffffffff
core   0: 0x00000000800053f0 (0x00000001) c.nop
core   0: 1 0x00000000800053f0 (0x0001)
core   0: 0x00000000800053f2 (0x02fa3a33) mulhu   s4, s4, a5
core   0: 1 0x00000000800053f2 (0x02fa3a33) x20 0x00000000400029eb
core   0: 0x00000000800053f6 (0xf3cef14f) fnmadd.d ft2, ft9, ft8, ft10
core   0: 1 0x00000000800053f6 (0xf3cef14f) f2  0x7ff8000000000000
core   0: 0x00000000800053fa (0xd79b6993) ori     s3, s6, -647
core   0: 1 0x00000000800053fa (0xd79b6993) x19 0xfffffffffffffd7b
core   0: 0x00000000800053fe (0x0016eab3) or      s5, a3, ra
core   0: 1 0x00000000800053fe (0x0016eab3) x21 0x000000008000401c
core   0: 0x0000000080005402 (0x00000001) c.nop
core   0: 1 0x0000000080005402 (0x0001)
core   0: 0x0000000080005404 (0x0318dab3) divu    s5, a7, a7
core   0: 1 0x0000000080005404 (0x0318dab3) x21 0xffffffffffffffff
core   0: 0x0000000080005408 (0xd20a88d3) fcvt.d.w fa7, s5
core   0: 1 0x0000000080005408 (0xd20a88d3) f17 0xbff0000000000000
core   0: 0x000000008000540c (0x420a8053) fcvt.d.s ft0, fs5
core   0: 1 0x000000008000540c (0x420a8053) f0  0x7ff8000000000000
core   0: 0x0000000080005410 (0x1ad178d3) fdiv.d  fa7, ft2, fa3
core   0: 1 0x0000000080005410 (0x1ad178d3) f17 0x7ff8000000000000
core   0: 0x0000000080005414 (0xc226f053) fcvt.l.d zero, fa3
core   0: 1 0x0000000080005414 (0xc226f053) c1_fflags 0x0000000000000011
core   0: 0x0000000080005418 (0x012956b3) srl     a3, s2, s2
core   0: 1 0x0000000080005418 (0x012956b3) x13 0x0000000000000001
core   0: 0x000000008000541c (0x0ff0000f) fence   iorw,iorw
core   0: 1 0x000000008000541c (0x0ff0000f)
core   0: 0x0000000080005420 (0x0147fab3) and     s5, a5, s4
core   0: 1 0x0000000080005420 (0x0147fab3) x21 0x00000000000001c8
core   0: 0x0000000080005424 (0x000a8abb) addw    s5, s5, zero
core   0: 1 0x0000000080005424 (0x000a8abb) x21 0x00000000000001c8
core   0: 0x0000000080005428 (0xd2048e53) fcvt.d.w ft8, s1
core   0: 1 0x0000000080005428 (0xd2048e53) f28 0x40ad020000000000
core   0: 0x000000008000542c (0x006aa133) slt     sp, s5, t1
core   0: 1 0x000000008000542c (0x006aa133) x2  0x0000000000000000
core   0: 0x0000000080005430 (0x00109473) csrrw   s0, fflags, ra
core   0: 1 0x0000000080005430 (0x00109473) x8  0x0000000000000011 c1_fflags 0x0000000000000014
core   0: 0x0000000080005434 (0xd02c70d3) fcvt.s.l ft1, s8
core   0: 1 0x0000000080005434 (0xd02c70d3) c1_fflags 0x0000000000000015 f1  0xffffffff4f000060
core   0: 0x0000000080005438 (0x00a500bb) addw    ra, a0, a0
core   0: 1 0x0000000080005438 (0x00a500bb) x1  0x0000000000000000
core   0: 0x000000008000543c (0x009b95bb) sllw    a1, s7, s1
core   0: 1 0x000000008000543c (0x009b95bb) x11 0x0000000000000000
core   0: 0x0000000080005440 (0x03bdf553) fadd.d  fa0, fs11, fs11
core   0: 1 0x0000000080005440 (0x03bdf553) f10 0x7ff8000000000000
core   0: 0x0000000080005444 (0x000c909b) slliw   ra, s9, 0
core   0: 1 0x0000000080005444 (0x000c909b) x1  0x0000000000000000
core   0: 0x0000000080005448 (0x0244abb3) mulhsu  s7, s1, tp
core   0: 1 0x0000000080005448 (0x0244abb3) x23 0x0000000000000000
core   0: 0x000000008000544c (0xfcf47213) andi    tp, s0, -49
core   0: 1 0x000000008000544c (0xfcf47213) x4  0x0000000000000001
core   0: 0x0000000080005450 (0x03ba75bb) remuw   a1, s4, s11
core   0: 1 0x0000000080005450 (0x03ba75bb) x11 0x00000000400029eb
core   0: 0x0000000080005454 (0xb166a3b7) lui     t2, 0xb166a
core   0: 1 0x0000000080005454 (0xb166a3b7) x7  0xffffffffb166a000
core   0: 0x0000000080005458 (0x401080bb) subw    ra, ra, ra
core   0: 1 0x0000000080005458 (0x401080bb) x1  0x0000000000000000
core   0: 0x000000008000545c (0x1aed7753) fdiv.d  fa4, fs10, fa4
core   0: 1 0x000000008000545c (0x1aed7753) f14 0x7ff8000000000000
core   0: 0x0000000080005460 (0x99964e17) auipc   t3, 0x99964
core   0: 1 0x0000000080005460 (0x99964e17) x28 0x0000000019969460
core   0: 0x0000000080005464 (0x4417e113) ori     sp, a5, 1089
core   0: 1 0x0000000080005464 (0x4417e113) x2  0x00000000800057d9
core   0: 0x0000000080005468 (0x03c7f9b3) remu    s3, a5, t3
core   0: 1 0x0000000080005468 (0x03c7f9b3) x19 0x00000000000f6df8
core   0: 0x000000008000546c (0x02612533) mulhsu  a0, sp, t1
core   0: 1 0x000000008000546c (0x02612533) x10 0x00000000800057d8
core   0: 0x0000000080005470 (0x0223f7d3) fadd.d  fa5, ft7, ft2
core   0: 1 0x0000000080005470 (0x0223f7d3) f15 0x7ff8000000000000
core   0: 0x0000000080005474 (0x000dd7b3) srl     a5, s11, zero
core   0: 1 0x0000000080005474 (0x000dd7b3) x15 0x0000000000000000
core   0: 0x0000000080005478 (0x02fcf333) remu    t1, s9, a5
core   0: 1 0x0000000080005478 (0x02fcf333) x6  0x0000000000000000
core   0: 0x000000008000547c (0x62a2fb43) fmadd.d fs6, ft5, fa0, fa2
core   0: 1 0x000000008000547c (0x62a2fb43) f22 0x7ff8000000000000
core   0: 0x0000000080005480 (0x2af18453) fmin.d  fs0, ft3, fa5
core   0: 1 0x0000000080005480 (0x2af18453) f8  0x41efffffffe00000
core   0: 0x0000000080005484 (0x015e5013) srli    zero, t3, 21
core   0: 1 0x0000000080005484 (0x015e5013)
core   0: 0x0000000080005488 (0xd0237e53) fcvt.s.l ft8, t1
core   0: 1 0x0000000080005488 (0xd0237e53) f28 0xffffffff00000000
core   0: 0x000000008000548c (0x40f8da9b) sraiw   s5, a7, 15
core   0: 1 0x000000008000548c (0x40f8da9b) x21 0x0000000000000000
core   0: 0x0000000080005490 (0xd23573d3) fcvt.d.lu ft7, a0
core   0: 1 0x0000000080005490 (0xd23573d3) f7  0x41e0000afb000000
core   0: 0x0000000080005494 (0x225702d3) fsgnj.d ft5, fa4, ft5
core   0: 1 0x0000000080005494 (0x225702d3) f5  0xfff8000000000000
core   0: 0x0000000080005498 (0xa1088d1b) addiw   s10, a7, -1520
core   0: 1 0x0000000080005498 (0xa1088d1b) x26 0xfffffffffffffa10
core   0: 0x000000008000549c (0xd2000cd3) fcvt.d.w fs9, zero
core   0: 1 0x000000008000549c (0xd2000cd3) f25 0x0000000000000000
core   0: 0x00000000800054a0 (0x9bfffacf) fnmadd.d fs5, ft11, ft11, fs3
core   0: 1 0x00000000800054a0 (0x9bfffacf) f21 0x7ff8000000000000
core   0: 0x00000000800054a4 (0x01aadb33) srl     s6, s5, s10
core   0: 1 0x00000000800054a4 (0x01aadb33) x22 0x0000000000000000
core   0: 0x00000000800054a8 (0x0092d4b3) srl     s1, t0, s1
core   0: 1 0x00000000800054a8 (0x0092d4b3) x9  0x0000000000000000
core   0: 0x00000000800054ac (0x03373333) mulhu   t1, a4, s3
core   0: 1 0x00000000800054ac (0x03373333) x6  0x000000000007b6fb
core   0: 0x00000000800054b0 (0x412254bb) sraw    s1, tp, s2
core   0: 1 0x00000000800054b0 (0x412254bb) x9  0x0000000000000000
core   0: 0x00000000800054b4 (0x0ff0000f) fence   iorw,iorw
core   0: 1 0x00000000800054b4 (0x0ff0000f)
core   0: 0x00000000800054b8 (0x001393f3) csrrw   t2, fflags, t2
core   0: 1 0x00000000800054b8 (0x001393f3) x7  0x0000000000000015 c1_fflags 0x0000000000000000
core   0: 0x00000000800054bc (0x018c151b) slliw   a0, s8, 24
core   0: 1 0x00000000800054bc (0x018c151b) x10 0xffffffffe0000000
core   0: 0x00000000800054c0 (0xf20b0cd3) fmv.d.x fs9, s6
core   0: 1 0x00000000800054c0 (0xf20b0cd3) f25 0x0000000000000000
core   0: 0x00000000800054c4 (0x739c7743) fmadd.d fa4, fs8, fs9, fa4
core   0: 1 0x00000000800054c4 (0x739c7743) f14 0x7ff8000000000000
core   0: 0x00000000800054c8 (0x2ae595d3) fmax.d  fa1, fa1, fa4
core   0: 1 0x00000000800054c8 (0x2ae595d3) f11 0x7ff8000000000000
core   0: 0x00000000800054cc (0x00c4d0b3) srl     ra, s1, a2
core   0: 1 0x00000000800054cc (0x00c4d0b3) x1  0x0000000000000000
core   0: 0x00000000800054d0 (0x2ab48853) fmin.d  fa6, fs1, fa1
core   0: 1 0x00000000800054d0 (0x2ab48853) f16 0x7ff8000000000000
core   0: 0x00000000800054d4 (0x22c000d3) fsgnj.d ft1, ft0, fa2
core   0: 1 0x00000000800054d4 (0x22c000d3) f1  0x7ff8000000000000
core   0: 0x00000000800054d8 (0x00159873) csrrw   a6, fflags, a1
core   0: 1 0x00000000800054d8 (0x00159873) x16 0x0000000000000000 c1_fflags 0x000000000000000b
core   0: 0x00000000800054dc (0xd21b8953) fcvt.d.wu fs2, s7
core   0: 1 0x00000000800054dc (0xd21b8953) f18 0x0000000000000000
core   0: 0x00000000800054e0 (0x321af34f) fnmadd.d ft6, fs5, ft1, ft6
core   0: 1 0x00000000800054e0 (0x321af34f) f6  0x7ff8000000000000
core   0: 0x00000000800054e4 (0x0033d4b3) srl     s1, t2, gp
core   0: 1 0x00000000800054e4 (0x0033d4b3) x9  0x0000000000000000
core   0: 0x00000000800054e8 (0xf2080cd3) fmv.d.x fs9, a6
core   0: 1 0x00000000800054e8 (0xf2080cd3) f25 0x0000000000000000
core   0: 0x00000000800054ec (0x00202b73) csrrs   s6, frm, zero
core   0: 1 0x00000000800054ec (0x00202b73) x22 0x0000000000000003
core   0: 0x00000000800054f0 (0x001024f3) csrrs   s1, fflags, zero
core   0: 1 0x00000000800054f0 (0x001024f3) x9  0x000000000000000b
core   0: 0x00000000800054f4 (0x00e4f333) and     t1, s1, a4
core   0: 1 0x00000000800054f4 (0x00e4f333) x6  0x000000000000000b
core   0: 0x00000000800054f8 (0x0ff0000f) fence   iorw,iorw
core   0: 1 0x00000000800054f8 (0x0ff0000f)
core   0: 0x00000000800054fc (0x41915e3b) sraw    t3, sp, s9
core   0: 1 0x00000000800054fc (0x41915e3b) x28 0xffffffff800057d9
core   0: 0x0000000080005500 (0x00111af3) csrrw   s5, fflags, sp
core   0: 1 0x0000000080005500 (0x00111af3) x21 0x000000000000000b c1_fflags 0x0000000000000019
core   0: 0x0000000080005504 (0x00f7e8b3) or      a7, a5, a5
core   0: 1 0x0000000080005504 (0x00f7e8b3) x17 0x0000000000000000
core   0: 0x0000000080005508 (0x40da0bbb) subw    s7, s4, a3
core   0: 1 0x0000000080005508 (0x40da0bbb) x23 0x00000000400029ea
core   0: 0x000000008000550c (0x001029f3) csrrs   s3, fflags, zero
core   0: 1 0x000000008000550c (0x001029f3) x19 0x0000000000000019
core   0: 0x0000000080005510 (0x10076a73) csrrsi  s4, sstatus, 14
core   0: 1 0x0000000080005510 (0x10076a73) x20 0x8000000200006000 c768_mstatus 0x8000000a00106082
core   0: 0x0000000080005514 (0x0289a6b3) mulhsu  a3, s3, s0
core   0: 1 0x0000000080005514 (0x0289a6b3) x13 0x0000000000000000
core   0: 0x0000000080005518 (0x00368c3b) addw    s8, a3, gp
core   0: 1 0x0000000080005518 (0x00368c3b) x24 0x000000007fffbfec
core   0: 0x000000008000551c (0x00e31893) slli    a7, t1, 14
core   0: 1 0x000000008000551c (0x00e31893) x17 0x000000000002c000
core   0: 0x0000000080005520 (0xd22c7153) fcvt.d.l ft2, s8
core   0: 1 0x0000000080005520 (0xd22c7153) f2  0x41dfffeffb000000
core   0: 0x0000000080005524 (0x00e0d59b) srliw   a1, ra, 14
core   0: 1 0x0000000080005524 (0x00e0d59b) x11 0x0000000000000000
core   0: 0x0000000080005528 (0x4016d09b) sraiw   ra, a3, 1
core   0: 1 0x0000000080005528 (0x4016d09b) x1  0x0000000000000000
core   0: 0x000000008000552c (0x3ef77b93) andi    s7, a4, 1007
core   0: 1 0x000000008000552c (0x3ef77b93) x23 0x00000000000003ef
core   0: 0x0000000080005530 (0x022b9333) mulh    t1, s7, sp
core   0: 1 0x0000000080005530 (0x022b9333) x6  0x0000000000000000
core   0: 0x0000000080005534 (0x0155153b) sllw    a0, a0, s5
core   0: 1 0x0000000080005534 (0x0155153b) x10 0x0000000000000000
core   0: 0x0000000080005538 (0x0269e63b) remw    a2, s3, t1
core   0: 1 0x0000000080005538 (0x0269e63b) x12 0x0000000000000019
core   0: 0x000000008000553c (0x236a00d3) fsgnj.d ft1, fs4, fs6
core   0: 1 0x000000008000553c (0x236a00d3) f1  0x0000000000000000
core   0: 0x0000000080005540 (0x028650bb) divuw   ra, a2, s0
core   0: 1 0x0000000080005540 (0x028650bb) x1  0x0000000000000001
core   0: 0x0000000080005544 (0x00141973) csrrw   s2, fflags, s0
core   0: 1 0x0000000080005544 (0x00141973) x18 0x0000000000000019 c1_fflags 0x0000000000000011
core   0: 0x0000000080005548 (0x00249cf3) csrrw   s9, frm, s1
core   0: 1 0x0000000080005548 (0x00249cf3) x25 0x0000000000000003 c2_frm 0x0000000000000003
core   0: 0x000000008000554c (0xc2217253) fcvt.l.d tp, ft2
core   0: 1 0x000000008000554c (0xc2217253) x4  0x000000007fffbfec
core   0: 0x0000000080005550 (0xc23cfcd3) fcvt.lu.d s9, fs9
core   0: 1 0x0000000080005550 (0xc23cfcd3) x25 0x0000000000000000
core   0: 0x0000000080005554 (0x022152b3) divu    t0, sp, sp
core   0: 1 0x0000000080005554 (0x022152b3) x5  0x0000000000000001
core   0: 0x0000000080005558 (0x10a07073) csrrci  zero, senvcfg, 0
core   0: 1 0x0000000080005558 (0x10a07073)
core   0: 0x000000008000555c (0x0292f8d3) fadd.d  fa7, ft5, fs1
core   0: 1 0x000000008000555c (0x0292f8d3) f17 0x7ff8000000000000
core   0: 0x0000000080005560 (0x02d016b3) mulh    a3, zero, a3
core   0: 1 0x0000000080005560 (0x02d016b3) x13 0x0000000000000000
core   0: 0x0000000080005564 (0x49c640b7) lui     ra, 0x49c64
core   0: 1 0x0000000080005564 (0x49c640b7) x1  0x0000000049c64000
core   0: 0x0000000080005568 (0x017c61b3) or      gp, s8, s7
core   0: 1 0x0000000080005568 (0x017c61b3) x3  0x000000007fffbfef
core   0: 0x000000008000556c (0x00f7f833) and     a6, a5, a5
core   0: 1 0x000000008000556c (0x00f7f833) x16 0x0000000000000000
core   0: 0x0000000080005570 (0x0110a0b3) slt     ra, ra, a7
core   0: 1 0x0000000080005570 (0x0110a0b3) x1  0x0000000000000000
core   0: 0x0000000080005574 (0x01e89913) slli    s2, a7, 30
core   0: 1 0x0000000080005574 (0x01e89913) x18 0x0000b00000000000
core   0: 0x0000000080005578 (0xca33f04f) fnmadd.d ft0, ft7, ft3, fs9
core   0: 1 0x0000000080005578 (0xca33f04f) c1_fflags 0x0000000000000011 f0  0xc3e0000afaeffff5
core   0: 0x000000008000557c (0x0012dc93) srli    s9, t0, 1
core   0: 1 0x000000008000557c (0x0012dc93) x25 0x0000000000000000
core   0: 0x0000000080005580 (0xc223f6d3) fcvt.l.d a3, ft7
core   0: 1 0x0000000080005580 (0xc223f6d3) x13 0x00000000800057d8
core   0: 0x0000000080005584 (0xc02a7253) fcvt.l.s tp, fs4
core   0: 1 0x0000000080005584 (0xc02a7253) c1_fflags 0x0000000000000011 x4  0x7fffffffffffffff
core   0: 0x0000000080005588 (0xf135b8f3) csrrc   a7, mimpid, a1
core   0: exception trap_illegal_instruction, epc 0x0000000080005588
core   0:           tval 0x00000000f135b8f3
core   0: >>>>  $xrv64i2p1_m2p0_a2p1_f2p2_d2p2_zicsr2p0_zifencei2p0_zmmul1p0_zba1p0_zbb1p0_zbc1p0_zbs1p0
core   0: 0x0000000080004000 (0x0080006f) j       pc + 0x8
core   0: 3 0x0000000080004000 (0x0080006f)
core   0: >>>>  mmode_exception_handler
core   0: 0x0000000080004008 (0x00002c17) auipc   s8, 0x2
core   0: 3 0x0000000080004008 (0x00002c17) x24 0x0000000080006008
core   0: 0x000000008000400c (0xfd8c0c13) addi    s8, s8, -40
core   0: 3 0x000000008000400c (0xfd8c0c13) x24 0x0000000080005fe0
core   0: 0x0000000080004010 (0x000c00e7) jalr    s8
core   0: 3 0x0000000080004010 (0x000c00e7) x1  0x0000000080004014
core   0: >>>>  any_handler
core   0: 0x0000000080005fe0 (0x341027f3) csrrs   a5, mepc, zero
core   0: 3 0x0000000080005fe0 (0x341027f3) x15 0x0000000080005588
core   0: 0x0000000080005fe4 (0x34202773) csrrs   a4, mcause, zero
core   0: 3 0x0000000080005fe4 (0x34202773) x14 0x0000000000000002
core   0: 0x0000000080005fe8 (0x142026f3) csrrs   a3, scause, zero
core   0: 3 0x0000000080005fe8 (0x142026f3) x13 0x000000000000001c
core   0: 0x0000000080005fec (0x30402673) csrrs   a2, mie, zero
core   0: 3 0x0000000080005fec (0x30402673) x12 0x0000000000000a00
core   0: 0x0000000080005ff0 (0x344025f3) csrrs   a1, mip, zero
core   0: 3 0x0000000080005ff0 (0x344025f3) x11 0x0000000000000080
core   0: 0x0000000080005ff4 (0x343025f3) csrrs   a1, mtval, zero
core   0: 3 0x0000000080005ff4 (0x343025f3) x11 0x00000000f135b8f3
core   0: 0x0000000080005ff8 (0x14302573) csrrs   a0, stval, zero
core   0: 3 0x0000000080005ff8 (0x14302573) x10 0x0000000000000000
core   0: 0x0000000080005ffc (0xb02024f3) csrrs   s1, minstret, zero
core   0: 3 0x0000000080005ffc (0xb02024f3) x9  0x0000000000000efe
core   0: 0x0000000080006000 (0x0000a811) c.j     pc + 20
core   0: 3 0x0000000080006000 (0xa811)
core   0: >>>>  mepc_4
core   0: 0x0000000080006014 (0x00000791) c.addi  a5, 4
core   0: 3 0x0000000080006014 (0x0791) x15 0x000000008000558c
core   0: 0x0000000080006016 (0x34179073) csrrw   zero, mepc, a5
core   0: 3 0x0000000080006016 (0x34179073) c833_mepc 0x000000008000558c
core   0: 0x000000008000601a (0x30200073) mret
core   0: 3 0x000000008000601a (0x30200073) c768_mstatus 0x8000000a00106082
core   0: 0x000000008000558c (0x0d478417) auipc   s0, 0xd478
core   0: 1 0x000000008000558c (0x0d478417) x8  0x000000008d47d58c
core   0: 0x0000000080005590 (0x02e7dab3) divu    s5, a5, a4
core   0: 1 0x0000000080005590 (0x02e7dab3) x21 0x0000000040002ac6
core   0: 0x0000000080005594 (0xd02a7853) fcvt.s.l fa6, s4
core   0: 1 0x0000000080005594 (0xd02a7853) c1_fflags 0x0000000000000011 f16 0xffffffffdeffffff
core   0: 0x0000000080005598 (0x03188433) mul     s0, a7, a7
core   0: 1 0x0000000080005598 (0x03188433) x8  0x0000000790000000
core   0: 0x000000008000559c (0xcd5c7313) andi    t1, s8, -811
core   0: 1 0x000000008000559c (0xcd5c7313) x6  0x0000000080005cc0
core   0: 0x00000000800055a0 (0x023891b3) mulh    gp, a7, gp
core   0: 1 0x00000000800055a0 (0x023891b3) x3  0x0000000000000000
core   0: 0x00000000800055a4 (0x1aae7443) fmadd.d fs0, ft8, fa0, ft3
core   0: 1 0x00000000800055a4 (0x1aae7443) f8  0x7ff8000000000000
core   0: 0x00000000800055a8 (0x0ff0000f) fence   iorw,iorw
core   0: 1 0x00000000800055a8 (0x0ff0000f)
core   0: 0x00000000800055ac (0x00000001) c.nop
core   0: 1 0x00000000800055ac (0x0001)
core   0: 0x00000000800055ae (0x23a69d53) fsgnjn.d fs10, fa3, fs10
core   0: 1 0x00000000800055ae (0x23a69d53) f26 0xfff8000000000000
core   0: 0x00000000800055b2 (0x01c19233) sll     tp, gp, t3
core   0: 1 0x00000000800055b2 (0x01c19233) x4  0x0000000000000000
core   0: 0x00000000800055b6 (0x414b0a33) sub     s4, s6, s4
core   0: 1 0x00000000800055b6 (0x414b0a33) x20 0x7ffffffdffffa003
core   0: 0x00000000800055ba (0x4013fc53) fcvt.s.d fs8, ft7
core   0: 1 0x00000000800055ba (0x4013fc53) c1_fflags 0x0000000000000011 f24 0xffffffff4f000058
core   0: 0x00000000800055be (0x9c5a009b) addiw   ra, s4, -1595
core   0: 1 0x00000000800055be (0x9c5a009b) x1  0xffffffffffff99c8
core   0: 0x00000000800055c2 (0xd21081d3) fcvt.d.wu ft3, ra
core   0: 1 0x00000000800055c2 (0xd21081d3) f3  0x41effff339000000
core   0: 0x00000000800055c6 (0x00279473) csrrw   s0, frm, a5
core   0: 1 0x00000000800055c6 (0x00279473) x8  0x0000000000000003 c2_frm 0x0000000000000004
core   0: 0x00000000800055ca (0x02147b3b) remuw   s6, s0, ra
core   0: 1 0x00000000800055ca (0x02147b3b) x22 0x0000000000000003
core   0: 0x00000000800055ce (0x007913b3) sll     t2, s2, t2
core   0: 1 0x00000000800055ce (0x007913b3) x7  0x0000000000000000
core   0: 0x00000000800055d2 (0x0347673b) remw    a4, a4, s4
core   0: 1 0x00000000800055d2 (0x0347673b) x14 0x0000000000000002
core   0: 0x00000000800055d6 (0x1b6afb53) fdiv.d  fs6, fs5, fs6
core   0: 1 0x00000000800055d6 (0x1b6afb53) f22 0x7ff8000000000000
core   0: 0x00000000800055da (0x1303f853) fmul.d  fa6, ft7, fa6
core   0: 1 0x00000000800055da (0x1303f853) f16 0x7ff8000000000000
core   0: 0x00000000800055de (0xe1753017) auipc   zero, 0xe1753
core   0: 1 0x00000000800055de (0xe1753017)
core   0: 0x00000000800055e2 (0xe20a00d3) fmv.x.d ra, fs4
core   0: 1 0x00000000800055e2 (0xe20a00d3) x1  0x0000000000000000
core   0: 0x00000000800055e6 (0xc23e7ad3) fcvt.lu.d s5, ft8
core   0: 1 0x00000000800055e6 (0xc23e7ad3) c1_fflags 0x0000000000000011 x21 0xffffffffffffffff
core   0: 0x00000000800055ea (0x015ae9b3) or      s3, s5, s5
core   0: 1 0x00000000800055ea (0x015ae9b3) x19 0xffffffffffffffff
core   0: 0x00000000800055ee (0x401ed39b) sraiw   t2, t4, 1
core   0: 1 0x00000000800055ee (0x401ed39b) x7  0x00000000000005d3
core   0: 0x00000000800055f2 (0x00f9de3b) srlw    t3, s3, a5
core   0: 1 0x00000000800055f2 (0x00f9de3b) x28 0x00000000000fffff
core   0: 0x00000000800055f6 (0x026ee83b) remw    a6, t4, t1
core   0: 1 0x00000000800055f6 (0x026ee83b) x16 0x0000000000000ba7
core   0: 0x00000000800055fa (0x42090953) fcvt.d.s fs2, fs2
core   0: 1 0x00000000800055fa (0x42090953) f18 0x7ff8000000000000
core   0: 0x00000000800055fe (0x0ff0000f) fence   iorw,iorw
core   0: 1 0x00000000800055fe (0x0ff0000f)
core   0: 0x0000000080005602 (0x415a8abb) subw    s5, s5, s5
core   0: 1 0x0000000080005602 (0x415a8abb) x21 0x0000000000000000
core   0: 0x0000000080005606 (0xe2058dd3) fmv.x.d s11, fa1
core   0: 1 0x0000000080005606 (0xe2058dd3) x27 0x7ff8000000000000
core   0: 0x000000008000560a (0x018ed913) srli    s2, t4, 24
core   0: 1 0x000000008000560a (0x018ed913) x18 0x0000000000000000
core   0: 0x000000008000560e (0x03baf3d3) fadd.d  ft7, fs5, fs11
core   0: 1 0x000000008000560e (0x03baf3d3) f7  0x7ff8000000000000
core   0: 0x0000000080005612 (0x123ffa53) fmul.d  fs4, ft11, ft3
core   0: 1 0x0000000080005612 (0x123ffa53) f20 0x7ff8000000000000
core   0: 0x0000000080005616 (0x412d86b3) sub     a3, s11, s2
core   0: 1 0x0000000080005616 (0x412d86b3) x13 0x7ff8000000000000
core   0: 0x000000008000561a (0x00151a73) csrrw   s4, fflags, a0
core   0: 1 0x000000008000561a (0x00151a73) x20 0x0000000000000011 c1_fflags 0x0000000000000000
core   0: 0x000000008000561e (0x401d5e9b) sraiw   t4, s10, 1
core   0: 1 0x000000008000561e (0x401d5e9b) x29 0xfffffffffffffd08
core   0: 0x0000000080005622 (0xe93e879b) addiw   a5, t4, -365
core   0: 1 0x0000000080005622 (0xe93e879b) x15 0xfffffffffffffb9b
core   0: 0x0000000080005626 (0x0184949b) slliw   s1, s1, 24
core   0: 1 0x0000000080005626 (0x0184949b) x9  0xfffffffffe000000
core   0: 0x000000008000562a (0x002029f3) csrrs   s3, frm, zero
core   0: 1 0x000000008000562a (0x002029f3) x19 0x0000000000000004
core   0: 0x000000008000562e (0x00c98dbb) addw    s11, s3, a2
core   0: 1 0x000000008000562e (0x00c98dbb) x27 0x0000000000000a04
core   0: 0x0000000080005632 (0xe20707d3) fmv.x.d a5, fa4
core   0: 1 0x0000000080005632 (0xe20707d3) x15 0x7ff8000000000000
core   0: 0x0000000080005636 (0x1ad0734b) fnmsub.d ft6, ft0, fa3, ft3
core   0: 1 0x0000000080005636 (0x1ad0734b) f6  0x7ff8000000000000
core   0: 0x000000008000563a (0x30fd5017) auipc   zero, 0x30fd5
core   0: 1 0x000000008000563a (0x30fd5017)
core   0: 0x000000008000563e (0x3fb8fb17) auipc   s6, 0x3fb8f
core   0: 1 0x000000008000563e (0x3fb8fb17) x22 0x00000000bfb9463e
core   0: 0x0000000080005642 (0x00000001) c.nop
core   0: 1 0x0000000080005642 (0x0001)
core   0: 0x0000000080005644 (0x0a307fd3) fsub.d  ft11, ft0, ft3
core   0: 1 0x0000000080005644 (0x0a307fd3) c1_fflags 0x0000000000000001 f31 0xc3e0000afb0fffe8
core   0: 0x0000000080005648 (0x00202c73) csrrs   s8, frm, zero
core   0: 1 0x0000000080005648 (0x00202c73) x24 0x0000000000000004
core   0: 0x000000008000564c (0x5fe3f2b7) lui     t0, 0x5fe3f
core   0: 1 0x000000008000564c (0x5fe3f2b7) x5  0x000000005fe3f000
core   0: 0x0000000080005650 (0x0065063b) addw    a2, a0, t1
core   0: 1 0x0000000080005650 (0x0065063b) x12 0xffffffff80005cc0
core   0: 0x0000000080005654 (0x6cc46613) ori     a2, s0, 1740
core   0: 1 0x0000000080005654 (0x6cc46613) x12 0x00000000000006cf
core   0: 0x0000000080005658 (0x032a5b33) divu    s6, s4, s2
core   0: 1 0x0000000080005658 (0x032a5b33) x22 0xffffffffffffffff
core   0: 0x000000008000565c (0x000090f6) c.add   ra, t4
core   0: 1 0x000000008000565c (0x90f6) x1  0xfffffffffffffd08
core   0: 0x000000008000565e (0x03de46bb) divw    a3, t3, t4
core   0: 1 0x000000008000565e (0x03de46bb) x13 0xfffffffffffffa9d
core   0: 0x0000000080005662 (0xd0217b53) fcvt.s.l fs6, sp
core   0: 1 0x0000000080005662 (0xd0217b53) c1_fflags 0x0000000000000001 f22 0xffffffff4f000058
core   0: 0x0000000080005666 (0x03d3403b) divw    zero, t1, t4
core   0: 1 0x0000000080005666 (0x03d3403b)
core   0: 0x000000008000566a (0xe20a01d3) fmv.x.d gp, fs4
core   0: 1 0x000000008000566a (0xe20a01d3) x3  0x7ff8000000000000
core   0: 0x000000008000566e (0x2294f24f) fnmadd.d ft4, fs1, fs1, ft4
core   0: 1 0x000000008000566e (0x2294f24f) f4  0x7ff8000000000000
core   0: 0x0000000080005672 (0x00065013) srli    zero, a2, 0
core   0: 1 0x0000000080005672 (0x00065013)
core   0: 0x0000000080005676 (0x03b10833) mul     a6, sp, s11
core   0: 1 0x0000000080005676 (0x03b10833) x16 0x00000502036fd964
core   0: 0x000000008000567a (0x006760b3) or      ra, a4, t1
core   0: 1 0x000000008000567a (0x006760b3) x1  0x0000000080005cc2
core   0: 0x000000008000567e (0x5a0a7dd3) fsqrt.d fs11, fs4
core   0: 1 0x000000008000567e (0x5a0a7dd3) f27 0x7ff8000000000000
core   0: 0x0000000080005682 (0x2a5a12d3) fmax.d  ft5, fs4, ft5
core   0: 1 0x0000000080005682 (0x2a5a12d3) f5  0x7ff8000000000000
core   0: 0x0000000080005686 (0x0a341b97) auipc   s7, 0xa341
core   0: 1 0x0000000080005686 (0x0a341b97) x23 0x000000008a346686
core   0: 0x000000008000568a (0x0316c6bb) divw    a3, a3, a7
core   0: 1 0x000000008000568a (0x0316c6bb) x13 0x0000000000000000
core   0: 0x000000008000568e (0x0162edb3) or      s11, t0, s6
core   0: 1 0x000000008000568e (0x0162edb3) x27 0xffffffffffffffff
core   0: 0x0000000080005692 (0x0016909b) slliw   ra, a3, 1
core   0: 1 0x0000000080005692 (0x0016909b) x1  0x0000000000000000
core   0: 0x0000000080005696 (0x0062a8b3) slt     a7, t0, t1
core   0: 1 0x0000000080005696 (0x0062a8b3) x17 0x0000000000000001
core   0: 0x000000008000569a (0x344c5673) csrrwi  a2, mip, 24
core   0: exception trap_illegal_instruction, epc 0x000000008000569a
core   0:           tval 0x00000000344c5673
core   0: >>>>  $xrv64i2p1_m2p0_a2p1_f2p2_d2p2_zicsr2p0_zifencei2p0_zmmul1p0_zba1p0_zbb1p0_zbc1p0_zbs1p0
core   0: 0x0000000080004000 (0x0080006f) j       pc + 0x8
core   0: 3 0x0000000080004000 (0x0080006f)
core   0: >>>>  mmode_exception_handler
core   0: 0x0000000080004008 (0x00002c17) auipc   s8, 0x2
core   0: 3 0x0000000080004008 (0x00002c17) x24 0x0000000080006008
core   0: 0x000000008000400c (0xfd8c0c13) addi    s8, s8, -40
core   0: 3 0x000000008000400c (0xfd8c0c13) x24 0x0000000080005fe0
core   0: 0x0000000080004010 (0x000c00e7) jalr    s8
core   0: 3 0x0000000080004010 (0x000c00e7) x1  0x0000000080004014
core   0: >>>>  any_handler
core   0: 0x0000000080005fe0 (0x341027f3) csrrs   a5, mepc, zero
core   0: 3 0x0000000080005fe0 (0x341027f3) x15 0x000000008000569a
core   0: 0x0000000080005fe4 (0x34202773) csrrs   a4, mcause, zero
core   0: 3 0x0000000080005fe4 (0x34202773) x14 0x0000000000000002
core   0: 0x0000000080005fe8 (0x142026f3) csrrs   a3, scause, zero
core   0: 3 0x0000000080005fe8 (0x142026f3) x13 0x000000000000001c
core   0: 0x0000000080005fec (0x30402673) csrrs   a2, mie, zero
core   0: 3 0x0000000080005fec (0x30402673) x12 0x0000000000000a00
core   0: 0x0000000080005ff0 (0x344025f3) csrrs   a1, mip, zero
core   0: 3 0x0000000080005ff0 (0x344025f3) x11 0x0000000000000080
core   0: 0x0000000080005ff4 (0x343025f3) csrrs   a1, mtval, zero
core   0: 3 0x0000000080005ff4 (0x343025f3) x11 0x00000000344c5673
core   0: 0x0000000080005ff8 (0x14302573) csrrs   a0, stval, zero
core   0: 3 0x0000000080005ff8 (0x14302573) x10 0x0000000000000000
core   0: 0x0000000080005ffc (0xb02024f3) csrrs   s1, minstret, zero
core   0: 3 0x0000000080005ffc (0xb02024f3) x9  0x0000000000000f53
core   0: 0x0000000080006000 (0x0000a811) c.j     pc + 20
core   0: 3 0x0000000080006000 (0xa811)
core   0: >>>>  mepc_4
core   0: 0x0000000080006014 (0x00000791) c.addi  a5, 4
core   0: 3 0x0000000080006014 (0x0791) x15 0x000000008000569e
core   0: 0x0000000080006016 (0x34179073) csrrw   zero, mepc, a5
core   0: 3 0x0000000080006016 (0x34179073) c833_mepc 0x000000008000569e
core   0: 0x000000008000601a (0x30200073) mret
core   0: 3 0x000000008000601a (0x30200073) c768_mstatus 0x8000000a00106082
core   0: 0x000000008000569e (0x03f1dd93) srli    s11, gp, 63
core   0: 1 0x000000008000569e (0x03f1dd93) x27 0x0000000000000000
core   0: 0x00000000800056a2 (0x03073733) mulhu   a4, a4, a6
core   0: 1 0x00000000800056a2 (0x03073733) x14 0x0000000000000000
core   0: 0x00000000800056a6 (0xc2247253) fcvt.l.d tp, fs0
core   0: 1 0x00000000800056a6 (0xc2247253) c1_fflags 0x0000000000000011 x4  0x7fffffffffffffff
core   0: 0x00000000800056aa (0xd2180b53) fcvt.d.wu fs6, a6
core   0: 1 0x00000000800056aa (0xd2180b53) f22 0x418b7ecb20000000
core   0: 0x00000000800056ae (0x5a08fd53) fsqrt.d fs10, fa7
core   0: 1 0x00000000800056ae (0x5a08fd53) f26 0x7ff8000000000000
core   0: 0x00000000800056b2 (0xd2150f53) fcvt.d.wu ft10, a0
core   0: 1 0x00000000800056b2 (0xd2150f53) f30 0x0000000000000000
core   0: 0x00000000800056b6 (0xc21d7453) fcvt.wu.d s0, fs10
core   0: 1 0x00000000800056b6 (0xc21d7453) c1_fflags 0x0000000000000011 x8  0xffffffffffffffff
core   0: 0x00000000800056ba (0x80006093) ori     ra, zero, -2048
core   0: 1 0x00000000800056ba (0x80006093) x1  0xfffffffffffff800
core   0: 0x00000000800056be (0x00b6a2b3) slt     t0, a3, a1
core   0: 1 0x00000000800056be (0x00b6a2b3) x5  0x0000000000000001
core   0: 0x00000000800056c2 (0x01c76eb3) or      t4, a4, t3
core   0: 1 0x00000000800056c2 (0x01c76eb3) x29 0x00000000000fffff
core   0: 0x00000000800056c6 (0x00000001) c.nop
core   0: 1 0x00000000800056c6 (0x0001)
core   0: 0x00000000800056c8 (0x011106bb) addw    a3, sp, a7
core   0: 1 0x00000000800056c8 (0x011106bb) x13 0xffffffff800057da
core   0: 0x00000000800056cc (0xd20d06d3) fcvt.d.w fa3, s10
core   0: 1 0x00000000800056cc (0xd20d06d3) f13 0xc097c00000000000
core   0: 0x00000000800056d0 (0x80098e13) addi    t3, s3, -2048
core   0: 1 0x00000000800056d0 (0x80098e13) x28 0xfffffffffffff804
core   0: 0x00000000800056d4 (0x0125d79b) srliw   a5, a1, 18
core   0: 1 0x00000000800056d4 (0x0125d79b) x15 0x0000000000000d13
core   0: 0x00000000800056d8 (0xc057fa73) csrrci  s4, hpmcounter5, 15
core   0: exception trap_illegal_instruction, epc 0x00000000800056d8
core   0:           tval 0x00000000c057fa73
core   0: >>>>  $xrv64i2p1_m2p0_a2p1_f2p2_d2p2_zicsr2p0_zifencei2p0_zmmul1p0_zba1p0_zbb1p0_zbc1p0_zbs1p0
core   0: 0x0000000080004000 (0x0080006f) j       pc + 0x8
core   0: 3 0x0000000080004000 (0x0080006f)
core   0: >>>>  mmode_exception_handler
core   0: 0x0000000080004008 (0x00002c17) auipc   s8, 0x2
core   0: 3 0x0000000080004008 (0x00002c17) x24 0x0000000080006008
core   0: 0x000000008000400c (0xfd8c0c13) addi    s8, s8, -40
core   0: 3 0x000000008000400c (0xfd8c0c13) x24 0x0000000080005fe0
core   0: 0x0000000080004010 (0x000c00e7) jalr    s8
core   0: 3 0x0000000080004010 (0x000c00e7) x1  0x0000000080004014
core   0: >>>>  any_handler
core   0: 0x0000000080005fe0 (0x341027f3) csrrs   a5, mepc, zero
core   0: 3 0x0000000080005fe0 (0x341027f3) x15 0x00000000800056d8
core   0: 0x0000000080005fe4 (0x34202773) csrrs   a4, mcause, zero
core   0: 3 0x0000000080005fe4 (0x34202773) x14 0x0000000000000002
core   0: 0x0000000080005fe8 (0x142026f3) csrrs   a3, scause, zero
core   0: 3 0x0000000080005fe8 (0x142026f3) x13 0x000000000000001c
core   0: 0x0000000080005fec (0x30402673) csrrs   a2, mie, zero
core   0: 3 0x0000000080005fec (0x30402673) x12 0x0000000000000a00
core   0: 0x0000000080005ff0 (0x344025f3) csrrs   a1, mip, zero
core   0: 3 0x0000000080005ff0 (0x344025f3) x11 0x0000000000000080
core   0: 0x0000000080005ff4 (0x343025f3) csrrs   a1, mtval, zero
core   0: 3 0x0000000080005ff4 (0x343025f3) x11 0x00000000c057fa73
core   0: 0x0000000080005ff8 (0x14302573) csrrs   a0, stval, zero
core   0: 3 0x0000000080005ff8 (0x14302573) x10 0x0000000000000000
core   0: 0x0000000080005ffc (0xb02024f3) csrrs   s1, minstret, zero
core   0: 3 0x0000000080005ffc (0xb02024f3) x9  0x0000000000000f72
core   0: 0x0000000080006000 (0x0000a811) c.j     pc + 20
core   0: 3 0x0000000080006000 (0xa811)
core   0: >>>>  mepc_4
core   0: 0x0000000080006014 (0x00000791) c.addi  a5, 4
core   0: 3 0x0000000080006014 (0x0791) x15 0x00000000800056dc
core   0: 0x0000000080006016 (0x34179073) csrrw   zero, mepc, a5
core   0: 3 0x0000000080006016 (0x34179073) c833_mepc 0x00000000800056dc
core   0: 0x000000008000601a (0x30200073) mret
core   0: 3 0x000000008000601a (0x30200073) c768_mstatus 0x8000000a00106082
core   0: 0x00000000800056dc (0x03417d3b) remuw   s10, sp, s4
core   0: 1 0x00000000800056dc (0x03417d3b) x26 0x0000000000000007
core   0: 0x00000000800056e0 (0x00151573) csrrw   a0, fflags, a0
core   0: 1 0x00000000800056e0 (0x00151573) x10 0x0000000000000011 c1_fflags 0x0000000000000000
core   0: 0x00000000800056e4 (0x00169173) csrrw   sp, fflags, a3
core   0: 1 0x00000000800056e4 (0x00169173) x2  0x0000000000000000 c1_fflags 0x000000000000001c
core   0: 0x00000000800056e8 (0xc0337353) fcvt.lu.s t1, ft6
core   0: 1 0x00000000800056e8 (0xc0337353) c1_fflags 0x000000000000001c x6  0xffffffffffffffff
core   0: 0x00000000800056ec (0xc231f453) fcvt.lu.d s0, ft3
core   0: 1 0x00000000800056ec (0xc231f453) x8  0x00000000ffff99c8
core   0: 0x00000000800056f0 (0x036cec33) rem     s8, s9, s6
core   0: 1 0x00000000800056f0 (0x036cec33) x24 0x0000000000000000
core   0: 0x00000000800056f4 (0x02e7f4b7) lui     s1, 0x2e7f
core   0: 1 0x00000000800056f4 (0x02e7f4b7) x9  0x0000000002e7f000
core   0: 0x00000000800056f8 (0xb774849b) addiw   s1, s1, -1161
core   0: 1 0x00000000800056f8 (0xb774849b) x9  0x0000000002e7eb77
core   0: 0x00000000800056fc (0x000004b6) c.slli  s1, 13
core   0: 1 0x00000000800056fc (0x04b6) x9  0x0000005cfd6ee000
core   0: 0x00000000800056fe (0x0ad48493) addi    s1, s1, 173
core   0: 1 0x00000000800056fe (0x0ad48493) x9  0x0000005cfd6ee0ad
core   0: 0x0000000080005702 (0x4205fdcf) fnmadd.d fs11, fa1, ft0, fs0
core   0: 1 0x0000000080005702 (0x4205fdcf) f27 0x7ff8000000000000
core   0: 0x0000000080005706 (0xc215fad3) fcvt.wu.d s5, fa1
core   0: 1 0x0000000080005706 (0xc215fad3) c1_fflags 0x000000000000001c x21 0xffffffffffffffff
core   0: 0x000000008000570a (0x23f11153) fsgnjn.d ft2, ft2, ft11
core   0: 1 0x000000008000570a (0x23f11153) f2  0x41dfffeffb000000
core   0: 0x000000008000570e (0x40125693) srai    a3, tp, 1
core   0: 1 0x000000008000570e (0x40125693) x13 0x3fffffffffffffff
core   0: 0x0000000080005712 (0x77416397) auipc   t2, 0x77416
core   0: 1 0x0000000080005712 (0x77416397) x7  0x00000000f741b712
core   0: 0x0000000080005716 (0x416583b3) sub     t2, a1, s6
core   0: 1 0x0000000080005716 (0x416583b3) x7  0x00000000c057fa74
core   0: 0x000000008000571a (0xc093f213) andi    tp, t2, -1015
core   0: 1 0x000000008000571a (0xc093f213) x4  0x00000000c057f800
core   0: 0x000000008000571e (0x0083d833) srl     a6, t2, s0
core   0: 1 0x000000008000571e (0x0083d833) x16 0x0000000000c057fa
core   0: 0x0000000080005722 (0xfff2e013) ori     zero, t0, -1
core   0: 1 0x0000000080005722 (0xfff2e013)
core   0: 0x0000000080005726 (0x029b69bb) remw    s3, s6, s1
core   0: 1 0x0000000080005726 (0x029b69bb) x19 0xffffffffffffffff
core   0: 0x000000008000572a (0x001b521b) srliw   tp, s6, 1
core   0: 1 0x000000008000572a (0x001b521b) x4  0x000000007fffffff
core   0: 0x000000008000572e (0x001b1973) csrrw   s2, fflags, s6
core   0: 1 0x000000008000572e (0x001b1973) x18 0x000000000000001c c1_fflags 0x000000000000001f
core   0: 0x0000000080005732 (0xd2008253) fcvt.d.w ft4, ra
core   0: 1 0x0000000080005732 (0xd2008253) f4  0xc1dfffeffb000000
core   0: 0x0000000080005736 (0x0ff0000f) fence   iorw,iorw
core   0: 1 0x0000000080005736 (0x0ff0000f)
core   0: 0x000000008000573a (0xc2087ad3) fcvt.w.d s5, fa6
core   0: 1 0x000000008000573a (0xc2087ad3) c1_fflags 0x000000000000001f x21 0x000000007fffffff
core   0: 0x000000008000573e (0xc21179d3) fcvt.wu.d s3, ft2
core   0: 1 0x000000008000573e (0xc21179d3) x19 0x000000007fffbfec
core   0: 0x0000000080005742 (0x40add01b) sraiw   zero, s11, 10
core   0: 1 0x0000000080005742 (0x40add01b)
core   0: 0x0000000080005746 (0x000d893b) addw    s2, s11, zero
core   0: 1 0x0000000080005746 (0x000d893b) x18 0x0000000000000000
core   0: 0x000000008000574a (0x006e1b3b) sllw    s6, t3, t1
core   0: 1 0x000000008000574a (0x006e1b3b) x22 0x0000000000000000
core   0: 0x000000008000574e (0xc2117d53) fcvt.wu.d s10, ft2
core   0: 1 0x000000008000574e (0xc2117d53) x26 0x000000007fffbfec
core   0: 0x0000000080005752 (0x00097033) and     zero, s2, zero
core   0: 1 0x0000000080005752 (0x00097033)
core   0: 0x0000000080005756 (0x03a97d33) remu    s10, s2, s10
core   0: 1 0x0000000080005756 (0x03a97d33) x26 0x0000000000000000
core   0: 0x000000008000575a (0xe2080753) fmv.x.d a4, fa6
core   0: 1 0x000000008000575a (0xe2080753) x14 0x7ff8000000000000
core   0: 0x000000008000575e (0x01ab9ebb) sllw    t4, s7, s10
core   0: 1 0x000000008000575e (0x01ab9ebb) x29 0xffffffff8a346686
core   0: 0x0000000080005762 (0x22da98d3) fsgnjn.d fa7, fs5, fa3
core   0: 1 0x0000000080005762 (0x22da98d3) f17 0x7ff8000000000000
core   0: 0x0000000080005766 (0xd2150353) fcvt.d.wu ft6, a0
core   0: 1 0x0000000080005766 (0xd2150353) f6  0x4031000000000000
core   0: 0x000000008000576a (0x60dd029b) addiw   t0, s10, 1549
core   0: 1 0x000000008000576a (0x60dd029b) x5  0x000000000000060d
core   0: 0x000000008000576e (0x01221113) slli    sp, tp, 18
core   0: 1 0x000000008000576e (0x01221113) x2  0x0001fffffffc0000
core   0: 0x0000000080005772 (0xd2040b53) fcvt.d.w fs6, s0
core   0: 1 0x0000000080005772 (0xd2040b53) f22 0xc0d98e0000000000
core   0: 0x0000000080005776 (0x000bd09b) srliw   ra, s7, 0
core   0: 1 0x0000000080005776 (0x000bd09b) x1  0xffffffff8a346686
core   0: 0x000000008000577a (0x2bab8e53) fmin.d  ft8, fs7, fs10
core   0: 1 0x000000008000577a (0x2bab8e53) f28 0x7ff8000000000000
core   0: 0x000000008000577e (0x00a21c1b) slliw   s8, tp, 10
core   0: 1 0x000000008000577e (0x00a21c1b) x24 0xfffffffffffffc00
core   0: 0x0000000080005782 (0x02005033) divu    zero, zero, zero
core   0: 1 0x0000000080005782 (0x02005033)
core   0: 0x0000000080005786 (0x00065a13) srli    s4, a2, 0
core   0: 1 0x0000000080005786 (0x00065a13) x20 0x0000000000000a00
core   0: 0x000000008000578a (0x233991d3) fsgnjn.d ft3, fs3, fs3
core   0: 1 0x000000008000578a (0x233991d3) f3  0x8000000000000000
core   0: 0x000000008000578e (0x40a55533) sra     a0, a0, a0
core   0: 1 0x000000008000578e (0x40a55533) x10 0x0000000000000000
core   0: 0x0000000080005792 (0x0139c733) xor     a4, s3, s3
core   0: 1 0x0000000080005792 (0x0139c733) x14 0x0000000000000000
core   0: 0x0000000080005796 (0x4116d19b) sraiw   gp, a3, 17
core   0: 1 0x0000000080005796 (0x4116d19b) x3  0xffffffffffffffff
core   0: 0x000000008000579a (0x1b237f53) fdiv.d  ft10, ft6, fs2
core   0: 1 0x000000008000579a (0x1b237f53) f30 0x7ff8000000000000
core   0: 0x000000008000579e (0xcaf8ffcb) fnmsub.d ft11, fa7, fa5, fs9
core   0: 1 0x000000008000579e (0xcaf8ffcb) f31 0x7ff8000000000000
core   0: 0x00000000800057a2 (0x00cbec33) or      s8, s7, a2
core   0: 1 0x00000000800057a2 (0x00cbec33) x24 0x000000008a346e86
core   0: 0x00000000800057a6 (0x013d0d3b) addw    s10, s10, s3
core   0: 1 0x00000000800057a6 (0x013d0d3b) x26 0x000000007fffbfec
core   0: 0x00000000800057aa (0xc21ffbd3) fcvt.wu.d s7, ft11
core   0: 1 0x00000000800057aa (0xc21ffbd3) c1_fflags 0x000000000000001f x23 0xffffffffffffffff
core   0: 0x00000000800057ae (0xf2008453) fmv.d.x fs0, ra
core   0: 1 0x00000000800057ae (0xf2008453) f8  0xffffffff8a346686
core   0: 0x00000000800057b2 (0x00202473) csrrs   s0, frm, zero
core   0: 1 0x00000000800057b2 (0x00202473) x8  0x0000000000000004
core   0: 0x00000000800057b6 (0x40e48bbb) subw    s7, s1, a4
core   0: 1 0x00000000800057b6 (0x40e48bbb) x23 0xfffffffffd6ee0ad
core   0: 0x00000000800057ba (0x00011293) slli    t0, sp, 0
core   0: 1 0x00000000800057ba (0x00011293) x5  0x0001fffffffc0000
core   0: 0x00000000800057be (0x403bd03b) sraw    zero, s7, gp
core   0: 1 0x00000000800057be (0x403bd03b)
core   0: 0x00000000800057c2 (0xd20b83d3) fcvt.d.w ft7, s7
core   0: 1 0x00000000800057c2 (0xd20b83d3) f7  0xc18488fa98000000
core   0: 0x00000000800057c6 (0x42038d53) fcvt.d.s fs10, ft7
core   0: 1 0x00000000800057c6 (0x42038d53) f26 0x7ff8000000000000
core   0: 0x00000000800057ca (0x000b929b) slliw   t0, s7, 0
core   0: 1 0x00000000800057ca (0x000b929b) x5  0xfffffffffd6ee0ad
core   0: 0x00000000800057ce (0xca38fe4b) fnmsub.d ft8, fa7, ft3, fs9
core   0: 1 0x00000000800057ce (0xca38fe4b) f28 0x7ff8000000000000
core   0: 0x00000000800057d2 (0xd21e8753) fcvt.d.wu fa4, t4
core   0: 1 0x00000000800057d2 (0xd21e8753) f14 0x41e1468cd0c00000
core   0: 0x00000000800057d6 (0x400bd293) srai    t0, s7, 0
core   0: 1 0x00000000800057d6 (0x400bd293) x5  0xfffffffffd6ee0ad
core   0: 0x00000000800057da (0x030006bb) mulw    a3, zero, a6
core   0: 1 0x00000000800057da (0x030006bb) x13 0x0000000000000000
core   0: 0x00000000800057de (0xd31d7343) fmadd.d ft6, fs10, fa7, fs10
core   0: 1 0x00000000800057de (0xd31d7343) f6  0x7ff8000000000000
core   0: 0x00000000800057e2 (0x002026f3) csrrs   a3, frm, zero
core   0: 1 0x00000000800057e2 (0x002026f3) x13 0x0000000000000004
core   0: 0x00000000800057e6 (0x2a0d1153) fmax.d  ft2, fs10, ft0
core   0: 1 0x00000000800057e6 (0x2a0d1153) f2  0xc3e0000afaeffff5
core   0: 0x00000000800057ea (0xd030fb53) fcvt.s.lu fs6, ra
core   0: 1 0x00000000800057ea (0xd030fb53) c1_fflags 0x000000000000001f f22 0xffffffff5f800000
core   0: 0x00000000800057ee (0x4106d013) srai    zero, a3, 16
core   0: 1 0x00000000800057ee (0x4106d013)
core   0: 0x00000000800057f2 (0x221f1f53) fsgnjn.d ft10, ft10, ft1
core   0: 1 0x00000000800057f2 (0x221f1f53) f30 0xfff8000000000000
core   0: 0x00000000800057f6 (0x0088dcbb) srlw    s9, a7, s0
core   0: 1 0x00000000800057f6 (0x0088dcbb) x25 0x0000000000000000
core   0: 0x00000000800057fa (0x03f05013) srli    zero, zero, 63
core   0: 1 0x00000000800057fa (0x03f05013)
core   0: 0x00000000800057fe (0x01266d33) or      s10, a2, s2
core   0: 1 0x00000000800057fe (0x01266d33) x26 0x0000000000000a00
core   0: 0x0000000080005802 (0x140060f3) csrrsi  ra, sscratch, 0
core   0: 1 0x0000000080005802 (0x140060f3) x1  0x0000000000000000
core   0: 0x0000000080005806 (0x00b2deb3) srl     t4, t0, a1
core   0: 1 0x0000000080005806 (0x00b2deb3) x29 0x0000000000001fff
core   0: 0x000000008000580a (0x2e2a871b) addiw   a4, s5, 738
core   0: 1 0x000000008000580a (0x2e2a871b) x14 0xffffffff800002e1
core   0: 0x000000008000580e (0xfd99ca13) xori    s4, s3, -39
core   0: 1 0x000000008000580e (0xfd99ca13) x20 0xffffffff80004035
core   0: 0x0000000080005812 (0x00291cf3) csrrw   s9, frm, s2
core   0: 1 0x0000000080005812 (0x00291cf3) x25 0x0000000000000004 c2_frm 0x0000000000000000
core   0: 0x0000000080005816 (0x00b96b33) or      s6, s2, a1
core   0: 1 0x0000000080005816 (0x00b96b33) x22 0x00000000c057fa73
core   0: 0x000000008000581a (0x1440f073) csrrci  zero, sip, 1
core   0: 1 0x000000008000581a (0x1440f073) c836_mip 0x0000000000000080
core   0: 0x000000008000581e (0x00161373) csrrw   t1, fflags, a2
core   0: 1 0x000000008000581e (0x00161373) x6  0x000000000000001f c1_fflags 0x0000000000000000
core   0: 0x0000000080005822 (0xc028f3d3) fcvt.l.s t2, fa7
core   0: 1 0x0000000080005822 (0xc028f3d3) c1_fflags 0x0000000000000010 x7  0x7fffffffffffffff
core   0: 0x0000000080005826 (0x7b09acf3) csrrs   s9, dcsr, s3
core   0: exception trap_illegal_instruction, epc 0x0000000080005826
core   0:           tval 0x000000007b09acf3
core   0: >>>>  $xrv64i2p1_m2p0_a2p1_f2p2_d2p2_zicsr2p0_zifencei2p0_zmmul1p0_zba1p0_zbb1p0_zbc1p0_zbs1p0
core   0: 0x0000000080004000 (0x0080006f) j       pc + 0x8
core   0: 3 0x0000000080004000 (0x0080006f)
core   0: >>>>  mmode_exception_handler
core   0: 0x0000000080004008 (0x00002c17) auipc   s8, 0x2
core   0: 3 0x0000000080004008 (0x00002c17) x24 0x0000000080006008
core   0: 0x000000008000400c (0xfd8c0c13) addi    s8, s8, -40
core   0: 3 0x000000008000400c (0xfd8c0c13) x24 0x0000000080005fe0
core   0: 0x0000000080004010 (0x000c00e7) jalr    s8
core   0: 3 0x0000000080004010 (0x000c00e7) x1  0x0000000080004014
core   0: >>>>  any_handler
core   0: 0x0000000080005fe0 (0x341027f3) csrrs   a5, mepc, zero
core   0: 3 0x0000000080005fe0 (0x341027f3) x15 0x0000000080005826
core   0: 0x0000000080005fe4 (0x34202773) csrrs   a4, mcause, zero
core   0: 3 0x0000000080005fe4 (0x34202773) x14 0x0000000000000002
core   0: 0x0000000080005fe8 (0x142026f3) csrrs   a3, scause, zero
core   0: 3 0x0000000080005fe8 (0x142026f3) x13 0x000000000000001c
core   0: 0x0000000080005fec (0x30402673) csrrs   a2, mie, zero
core   0: 3 0x0000000080005fec (0x30402673) x12 0x0000000000000a00
core   0: 0x0000000080005ff0 (0x344025f3) csrrs   a1, mip, zero
core   0: 3 0x0000000080005ff0 (0x344025f3) x11 0x0000000000000080
core   0: 0x0000000080005ff4 (0x343025f3) csrrs   a1, mtval, zero
core   0: 3 0x0000000080005ff4 (0x343025f3) x11 0x000000007b09acf3
core   0: 0x0000000080005ff8 (0x14302573) csrrs   a0, stval, zero
core   0: 3 0x0000000080005ff8 (0x14302573) x10 0x0000000000000000
core   0: 0x0000000080005ffc (0xb02024f3) csrrs   s1, minstret, zero
core   0: 3 0x0000000080005ffc (0xb02024f3) x9  0x0000000000000fd5
core   0: 0x0000000080006000 (0x0000a811) c.j     pc + 20
core   0: 3 0x0000000080006000 (0xa811)
core   0: >>>>  mepc_4
core   0: 0x0000000080006014 (0x00000791) c.addi  a5, 4
core   0: 3 0x0000000080006014 (0x0791) x15 0x000000008000582a
core   0: 0x0000000080006016 (0x34179073) csrrw   zero, mepc, a5
core   0: 3 0x0000000080006016 (0x34179073) c833_mepc 0x000000008000582a
core   0: 0x000000008000601a (0x30200073) mret
core   0: 3 0x000000008000601a (0x30200073) c768_mstatus 0x8000000a00106082
core   0: 0x000000008000582a (0xc02bf453) fcvt.l.s s0, fs7
core   0: 1 0x000000008000582a (0xc02bf453) c1_fflags 0x0000000000000010 x8  0x7fffffffffffffff
core   0: 0x000000008000582e (0x002ede93) srli    t4, t4, 2
core   0: 1 0x000000008000582e (0x002ede93) x29 0x00000000000007ff
core   0: 0x0000000080005832 (0x0055153b) sllw    a0, a0, t0
core   0: 1 0x0000000080005832 (0x0055153b) x10 0x0000000000000000
core   0: 0x0000000080005836 (0x420f0453) fcvt.d.s fs0, ft10
core   0: 1 0x0000000080005836 (0x420f0453) f8  0x7ff8000000000000
core   0: 0x000000008000583a (0x4120d933) sra     s2, ra, s2
core   0: 1 0x000000008000583a (0x4120d933) x18 0x0000000080004014
core   0: 0x000000008000583e (0x00035313) srli    t1, t1, 0
core   0: 1 0x000000008000583e (0x00035313) x6  0x000000000000001f
core   0: 0x0000000080005842 (0x010e843b) addw    s0, t4, a6
core   0: 1 0x0000000080005842 (0x010e843b) x8  0x0000000000c05ff9
core   0: 0x0000000080005846 (0x00131e13) slli    t3, t1, 1
core   0: 1 0x0000000080005846 (0x00131e13) x28 0x000000000000003e
core   0: 0x000000008000584a (0x406302bb) subw    t0, t1, t1
core   0: 1 0x000000008000584a (0x406302bb) x5  0x0000000000000000
core   0: 0x000000008000584e (0x0253083b) mulw    a6, t1, t0
core   0: 1 0x000000008000584e (0x0253083b) x16 0x0000000000000000
core   0: 0x0000000080005852 (0xfffecb93) not     s7, t4
core   0: 1 0x0000000080005852 (0xfffecb93) x23 0xfffffffffffff800
core   0: 0x0000000080005856 (0x0352d1bb) divuw   gp, t0, s5
core   0: 1 0x0000000080005856 (0x0352d1bb) x3  0x0000000000000000
core   0: 0x000000008000585a (0xd21984d3) fcvt.d.wu fs1, s3
core   0: 1 0x000000008000585a (0xd21984d3) f9  0x41dfffeffb000000
core   0: 0x000000008000585e (0x411158bb) sraw    a7, sp, a7
core   0: 1 0x000000008000585e (0x411158bb) x17 0xfffffffffffe0000
core   0: 0x0000000080005862 (0x42068053) fcvt.d.s ft0, fa3
core   0: 1 0x0000000080005862 (0x42068053) f0  0x7ff8000000000000
core   0: 0x0000000080005866 (0xe20602d3) fmv.x.d t0, fa2
core   0: 1 0x0000000080005866 (0xe20602d3) x5  0x7ff8000000000000
core   0: 0x000000008000586a (0x42d35193) srai    gp, t1, 45
core   0: 1 0x000000008000586a (0x42d35193) x3  0x0000000000000000
core   0: 0x000000008000586e (0x000a9e1b) slliw   t3, s5, 0
core   0: 1 0x000000008000586e (0x000a9e1b) x28 0x000000007fffffff
core   0: 0x0000000080005872 (0xf135b6f3) csrrc   a3, mimpid, a1
core   0: exception trap_illegal_instruction, epc 0x0000000080005872
core   0:           tval 0x00000000f135b6f3
core   0: >>>>  $xrv64i2p1_m2p0_a2p1_f2p2_d2p2_zicsr2p0_zifencei2p0_zmmul1p0_zba1p0_zbb1p0_zbc1p0_zbs1p0
core   0: 0x0000000080004000 (0x0080006f) j       pc + 0x8
core   0: 3 0x0000000080004000 (0x0080006f)
core   0: >>>>  mmode_exception_handler
core   0: 0x0000000080004008 (0x00002c17) auipc   s8, 0x2
core   0: 3 0x0000000080004008 (0x00002c17) x24 0x0000000080006008
core   0: 0x000000008000400c (0xfd8c0c13) addi    s8, s8, -40
core   0: 3 0x000000008000400c (0xfd8c0c13) x24 0x0000000080005fe0
core   0: 0x0000000080004010 (0x000c00e7) jalr    s8
core   0: 3 0x0000000080004010 (0x000c00e7) x1  0x0000000080004014
core   0: >>>>  any_handler
core   0: 0x0000000080005fe0 (0x341027f3) csrrs   a5, mepc, zero
core   0: 3 0x0000000080005fe0 (0x341027f3) x15 0x0000000080005872
core   0: 0x0000000080005fe4 (0x34202773) csrrs   a4, mcause, zero
core   0: 3 0x0000000080005fe4 (0x34202773) x14 0x0000000000000002
core   0: 0x0000000080005fe8 (0x142026f3) csrrs   a3, scause, zero
core   0: 3 0x0000000080005fe8 (0x142026f3) x13 0x000000000000001c
core   0: 0x0000000080005fec (0x30402673) csrrs   a2, mie, zero
core   0: 3 0x0000000080005fec (0x30402673) x12 0x0000000000000a00
core   0: 0x0000000080005ff0 (0x344025f3) csrrs   a1, mip, zero
core   0: 3 0x0000000080005ff0 (0x344025f3) x11 0x0000000000000080
core   0: 0x0000000080005ff4 (0x343025f3) csrrs   a1, mtval, zero
core   0: 3 0x0000000080005ff4 (0x343025f3) x11 0x00000000f135b6f3
core   0: 0x0000000080005ff8 (0x14302573) csrrs   a0, stval, zero
core   0: 3 0x0000000080005ff8 (0x14302573) x10 0x0000000000000000
core   0: 0x0000000080005ffc (0xb02024f3) csrrs   s1, minstret, zero
core   0: 3 0x0000000080005ffc (0xb02024f3) x9  0x0000000000000ff7
core   0: 0x0000000080006000 (0x0000a811) c.j     pc + 20
core   0: 3 0x0000000080006000 (0xa811)
core   0: >>>>  mepc_4
core   0: 0x0000000080006014 (0x00000791) c.addi  a5, 4
core   0: 3 0x0000000080006014 (0x0791) x15 0x0000000080005876
core   0: 0x0000000080006016 (0x34179073) csrrw   zero, mepc, a5
core   0: 3 0x0000000080006016 (0x34179073) c833_mepc 0x0000000080005876
core   0: 0x000000008000601a (0x30200073) mret
core   0: 3 0x000000008000601a (0x30200073) c768_mstatus 0x8000000a00106082
core   0: 0x0000000080005876 (0x6b79f14f) fnmadd.d ft2, fs3, fs7, fa3
core   0: 1 0x0000000080005876 (0x6b79f14f) f2  0x7ff8000000000000
core   0: 0x000000008000587a (0xe2010653) fmv.x.d a2, ft2
core   0: 1 0x000000008000587a (0xe2010653) x12 0x7ff8000000000000
core   0: 0x000000008000587e (0x0ff0000f) fence   iorw,iorw
core   0: 1 0x000000008000587e (0x0ff0000f)
core   0: 0x0000000080005882 (0xf20b0fd3) fmv.d.x ft11, s6
core   0: 1 0x0000000080005882 (0xf20b0fd3) f31 0x00000000c057fa73
core   0: 0x0000000080005886 (0x747265f3) csrrsi  a1, mseccfg, 4
core   0: exception trap_illegal_instruction, epc 0x0000000080005886
core   0:           tval 0x00000000747265f3
core   0: >>>>  $xrv64i2p1_m2p0_a2p1_f2p2_d2p2_zicsr2p0_zifencei2p0_zmmul1p0_zba1p0_zbb1p0_zbc1p0_zbs1p0
core   0: 0x0000000080004000 (0x0080006f) j       pc + 0x8
core   0: 3 0x0000000080004000 (0x0080006f)
core   0: >>>>  mmode_exception_handler
core   0: 0x0000000080004008 (0x00002c17) auipc   s8, 0x2
core   0: 3 0x0000000080004008 (0x00002c17) x24 0x0000000080006008
core   0: 0x000000008000400c (0xfd8c0c13) addi    s8, s8, -40
core   0: 3 0x000000008000400c (0xfd8c0c13) x24 0x0000000080005fe0
core   0: 0x0000000080004010 (0x000c00e7) jalr    s8
core   0: 3 0x0000000080004010 (0x000c00e7) x1  0x0000000080004014
core   0: >>>>  any_handler
core   0: 0x0000000080005fe0 (0x341027f3) csrrs   a5, mepc, zero
core   0: 3 0x0000000080005fe0 (0x341027f3) x15 0x0000000080005886
core   0: 0x0000000080005fe4 (0x34202773) csrrs   a4, mcause, zero
core   0: 3 0x0000000080005fe4 (0x34202773) x14 0x0000000000000002
core   0: 0x0000000080005fe8 (0x142026f3) csrrs   a3, scause, zero
core   0: 3 0x0000000080005fe8 (0x142026f3) x13 0x000000000000001c
core   0: 0x0000000080005fec (0x30402673) csrrs   a2, mie, zero
core   0: 3 0x0000000080005fec (0x30402673) x12 0x0000000000000a00
core   0: 0x0000000080005ff0 (0x344025f3) csrrs   a1, mip, zero
core   0: 3 0x0000000080005ff0 (0x344025f3) x11 0x0000000000000080
core   0: 0x0000000080005ff4 (0x343025f3) csrrs   a1, mtval, zero
core   0: 3 0x0000000080005ff4 (0x343025f3) x11 0x00000000747265f3
core   0: 0x0000000080005ff8 (0x14302573) csrrs   a0, stval, zero
core   0: 3 0x0000000080005ff8 (0x14302573) x10 0x0000000000000000
core   0: 0x0000000080005ffc (0xb02024f3) csrrs   s1, minstret, zero
core   0: 3 0x0000000080005ffc (0xb02024f3) x9  0x000000000000100b
core   0: 0x0000000080006000 (0x0000a811) c.j     pc + 20
core   0: 3 0x0000000080006000 (0xa811)
core   0: >>>>  mepc_4
core   0: 0x0000000080006014 (0x00000791) c.addi  a5, 4
core   0: 3 0x0000000080006014 (0x0791) x15 0x000000008000588a
core   0: 0x0000000080006016 (0x34179073) csrrw   zero, mepc, a5
core   0: 3 0x0000000080006016 (0x34179073) c833_mepc 0x000000008000588a
core   0: 0x000000008000601a (0x30200073) mret
core   0: 3 0x000000008000601a (0x30200073) c768_mstatus 0x8000000a00106082
core   0: 0x000000008000588a (0x036c06bb) mulw    a3, s8, s6
core   0: 1 0x000000008000588a (0x036c06bb) x13 0x0000000072ebd1a0
core   0: 0x000000008000588e (0xc02bf053) fcvt.l.s zero, fs7
core   0: 1 0x000000008000588e (0xc02bf053) c1_fflags 0x0000000000000010
core   0: 0x0000000080005892 (0xd036f753) fcvt.s.lu fa4, a3
core   0: 1 0x0000000080005892 (0xd036f753) c1_fflags 0x0000000000000011 f14 0xffffffff4ee5d7a3
core   0: 0x0000000080005896 (0x41ac503b) sraw    zero, s8, s10
core   0: 1 0x0000000080005896 (0x41ac503b)
core   0: 0x000000008000589a (0x0ff0000f) fence   iorw,iorw
core   0: 1 0x000000008000589a (0x0ff0000f)
core   0: 0x000000008000589e (0xfb447fcf) fnmadd.d ft11, fs0, fs4, ft11
core   0: 1 0x000000008000589e (0xfb447fcf) f31 0x7ff8000000000000
core   0: 0x00000000800058a2 (0x0b8a70cb) fnmsub.d ft1, fs4, fs8, ft1
core   0: 1 0x00000000800058a2 (0x0b8a70cb) f1  0x7ff8000000000000
core   0: 0x00000000800058a6 (0x02061633) mulh    a2, a2, zero
core   0: 1 0x00000000800058a6 (0x02061633) x12 0x0000000000000000
core   0: 0x00000000800058aa (0x41c606bb) subw    a3, a2, t3
core   0: 1 0x00000000800058aa (0x41c606bb) x13 0xffffffff80000001
core   0: 0x00000000800058ae (0x03d6e1bb) remw    gp, a3, t4
core   0: 1 0x00000000800058ae (0x03d6e1bb) x3  0xfffffffffffffe01
core   0: 0x00000000800058b2 (0xc23c7a53) fcvt.lu.d s4, fs8
core   0: 1 0x00000000800058b2 (0xc23c7a53) c1_fflags 0x0000000000000011 x20 0xffffffffffffffff
core   0: 0x00000000800058b6 (0x414a55bb) sraw    a1, s4, s4
core   0: 1 0x00000000800058b6 (0x414a55bb) x11 0xffffffffffffffff
core   0: 0x00000000800058ba (0x036efebb) remuw   t4, t4, s6
core   0: 1 0x00000000800058ba (0x036efebb) x29 0x00000000000007ff
core   0: 0x00000000800058be (0x40bed93b) sraw    s2, t4, a1
core   0: 1 0x00000000800058be (0x40bed93b) x18 0x0000000000000000
core   0: 0x00000000800058c2 (0x01c3dd33) srl     s10, t2, t3
core   0: 1 0x00000000800058c2 (0x01c3dd33) x26 0x0000000000000000
core   0: 0x00000000800058c6 (0x012d1c33) sll     s8, s10, s2
core   0: 1 0x00000000800058c6 (0x012d1c33) x24 0x0000000000000000
core   0: 0x00000000800058ca (0x2a0386d3) fmin.d  fa3, ft7, ft0
core   0: 1 0x00000000800058ca (0x2a0386d3) f13 0xc18488fa98000000
core   0: 0x00000000800058ce (0x800c021b) addiw   tp, s8, -2048
core   0: 1 0x00000000800058ce (0x800c021b) x4  0xfffffffffffff800
core   0: 0x00000000800058d2 (0x420e0e53) fcvt.d.s ft8, ft8
core   0: 1 0x00000000800058d2 (0x420e0e53) f28 0x7ff8000000000000
core   0: 0x00000000800058d6 (0x225829d3) fsgnjx.d fs3, fa6, ft5
core   0: 1 0x00000000800058d6 (0x225829d3) f19 0x7ff8000000000000
core   0: 0x00000000800058da (0x00f95793) srli    a5, s2, 15
core   0: 1 0x00000000800058da (0x00f95793) x15 0x0000000000000000
core   0: 0x00000000800058de (0x226d25d3) fsgnjx.d fa1, fs10, ft6
core   0: 1 0x00000000800058de (0x226d25d3) f11 0x7ff8000000000000
core   0: 0x00000000800058e2 (0x00081a13) slli    s4, a6, 0
core   0: 1 0x00000000800058e2 (0x00081a13) x20 0x0000000000000000
core   0: 0x00000000800058e6 (0x2a201053) fmax.d  ft0, ft0, ft2
core   0: 1 0x00000000800058e6 (0x2a201053) f0  0x7ff8000000000000
core   0: 0x00000000800058ea (0xc23ffcd3) fcvt.lu.d s9, ft11
core   0: 1 0x00000000800058ea (0xc23ffcd3) c1_fflags 0x0000000000000011 x25 0xffffffffffffffff
core   0: 0x00000000800058ee (0xd23bfc53) fcvt.d.lu fs8, s7
core   0: 1 0x00000000800058ee (0xd23bfc53) f24 0x43efffffffffffff
core   0: 0x00000000800058f2 (0x01d7d333) srl     t1, a5, t4
core   0: 1 0x00000000800058f2 (0x01d7d333) x6  0x0000000000000000
core   0: 0x00000000800058f6 (0x001250bb) srlw    ra, tp, ra
core   0: 1 0x00000000800058f6 (0x001250bb) x1  0x0000000000000fff
core   0: 0x00000000800058fa (0x01c9f3b3) and     t2, s3, t3
core   0: 1 0x00000000800058fa (0x01c9f3b3) x7  0x000000007fffbfec
core   0: 0x00000000800058fe (0xa3152dd3) feq.d   s11, fa0, fa7
core   0: 1 0x00000000800058fe (0xa3152dd3) x27 0x0000000000000000
core   0: 0x0000000080005902 (0x011159b3) srl     s3, sp, a7
core   0: 1 0x0000000080005902 (0x011159b3) x19 0x0001fffffffc0000
core   0: 0x0000000080005906 (0x40187cd3) fcvt.s.d fs9, fa6
core   0: 1 0x0000000080005906 (0x40187cd3) f25 0xffffffff7fc00000
core   0: 0x000000008000590a (0xd1f97213) andi    tp, s2, -737
core   0: 1 0x000000008000590a (0xd1f97213) x4  0x0000000000000000
core   0: 0x000000008000590e (0xf2010b53) fmv.d.x fs6, sp
core   0: 1 0x000000008000590e (0xf2010b53) f22 0x0001fffffffc0000
core   0: 0x0000000080005912 (0x832373cf) fnmadd.d ft7, ft6, fs2, fa6
core   0: 1 0x0000000080005912 (0x832373cf) f7  0x7ff8000000000000
core   0: 0x0000000080005916 (0x14016373) csrrsi  t1, sscratch, 2
core   0: 1 0x0000000080005916 (0x14016373) x6  0x0000000000000000 c320_sscratch 0x0000000000000002
core   0: 0x000000008000591a (0xc23a7bd3) fcvt.lu.d s7, fs4
core   0: 1 0x000000008000591a (0xc23a7bd3) c1_fflags 0x0000000000000011 x23 0xffffffffffffffff
core   0: 0x000000008000591e (0x40eb8dbb) subw    s11, s7, a4
core   0: 1 0x000000008000591e (0x40eb8dbb) x27 0xfffffffffffffffd
core   0: 0x0000000080005922 (0x006dd8bb) srlw    a7, s11, t1
core   0: 1 0x0000000080005922 (0x006dd8bb) x17 0xfffffffffffffffd
core   0: 0x0000000080005926 (0x401779d3) fcvt.s.d fs3, fa4
core   0: 1 0x0000000080005926 (0x401779d3) f19 0xffffffff7fc00000
core   0: 0x000000008000592a (0xff97a7b7) lui     a5, 0xff97a
core   0: 1 0x000000008000592a (0xff97a7b7) x15 0xffffffffff97a000
core   0: 0x000000008000592e (0x81b7879b) addiw   a5, a5, -2021
core   0: 1 0x000000008000592e (0x81b7879b) x15 0xffffffffff97981b
core   0: 0x0000000080005932 (0x000007b2) c.slli  a5, 12
core   0: 1 0x0000000080005932 (0x07b2) x15 0xfffffff97981b000
core   0: 0x0000000080005934 (0x67e78793) addi    a5, a5, 1662
core   0: 1 0x0000000080005934 (0x67e78793) x15 0xfffffff97981b67e
core   0: 0x0000000080005938 (0x4b8efc4f) fnmadd.d fs8, ft9, fs8, fs1
core   0: 1 0x0000000080005938 (0x4b8efc4f) c1_fflags 0x0000000000000011 f24 0xc5ffffffffffffff
core   0: 0x000000008000593c (0x001894f3) csrrw   s1, fflags, a7
core   0: 1 0x000000008000593c (0x001894f3) x9  0x0000000000000011 c1_fflags 0x000000000000001d
core   0: 0x0000000080005940 (0x00102873) csrrs   a6, fflags, zero
core   0: 1 0x0000000080005940 (0x00102873) x16 0x000000000000001d
core   0: 0x0000000080005944 (0x00b5883b) addw    a6, a1, a1
core   0: 1 0x0000000080005944 (0x00b5883b) x16 0xfffffffffffffffe
core   0: 0x0000000080005948 (0xc0377253) fcvt.lu.s tp, fa4
core   0: 1 0x0000000080005948 (0xc0377253) x4  0x0000000072ebd180
core   0: 0x000000008000594c (0xd20b8853) fcvt.d.w fa6, s7
core   0: 1 0x000000008000594c (0xd20b8853) f16 0xbff0000000000000
core   0: 0x0000000080005950 (0x00f7a5b3) slt     a1, a5, a5
core   0: 1 0x0000000080005950 (0x00f7a5b3) x11 0x0000000000000000
core   0: 0x0000000080005954 (0x9a3ef1cb) fnmsub.d ft3, ft9, ft3, fs3
core   0: 1 0x0000000080005954 (0x9a3ef1cb) f3  0x7ff8000000000000
core   0: 0x0000000080005958 (0xc02ef853) fcvt.l.s a6, ft9
core   0: 1 0x0000000080005958 (0xc02ef853) c1_fflags 0x000000000000001d x16 0x7fffffffffffffff
core   0: 0x000000008000595c (0x00000001) c.nop
core   0: 1 0x000000008000595c (0x0001)
core   0: 0x000000008000595e (0x002d12f3) csrrw   t0, frm, s10
core   0: 1 0x000000008000595e (0x002d12f3) x5  0x0000000000000000 c2_frm 0x0000000000000000
core   0: 0x0000000080005962 (0x7ff98113) addi    sp, s3, 2047
core   0: 1 0x0000000080005962 (0x7ff98113) x2  0x0001fffffffc07ff
core   0: 0x0000000080005966 (0x029ad5b3) divu    a1, s5, s1
core   0: 1 0x0000000080005966 (0x029ad5b3) x11 0x0000000007878787
core   0: 0x000000008000596a (0x00202bf3) csrrs   s7, frm, zero
core   0: 1 0x000000008000596a (0x00202bf3) x23 0x0000000000000000
core   0: 0x000000008000596e (0x220e9bd3) fsgnjn.d fs7, ft9, ft0
core   0: 1 0x000000008000596e (0x220e9bd3) f23 0xc200000000000000
core   0: 0x0000000080005972 (0x0295fdbb) remuw   s11, a1, s1
core   0: 1 0x0000000080005972 (0x0295fdbb) x27 0x0000000000000004
core   0: 0x0000000080005976 (0x00ec189b) slliw   a7, s8, 14
core   0: 1 0x0000000080005976 (0x00ec189b) x17 0x0000000000000000
core   0: 0x000000008000597a (0x03359993) slli    s3, a1, 51
core   0: 1 0x000000008000597a (0x03359993) x19 0x3c38000000000000
core   0: 0x000000008000597e (0x00202373) csrrs   t1, frm, zero
core   0: 1 0x000000008000597e (0x00202373) x6  0x0000000000000000
core   0: 0x0000000080005982 (0x00000001) c.nop
core   0: 1 0x0000000080005982 (0x0001)
core   0: 0x0000000080005984 (0x40ee573b) sraw    a4, t3, a4
core   0: 1 0x0000000080005984 (0x40ee573b) x14 0x000000001fffffff
core   0: 0x0000000080005988 (0x0261e93b) remw    s2, gp, t1
core   0: 1 0x0000000080005988 (0x0261e93b) x18 0xfffffffffffffe01
core   0: 0x000000008000598c (0x00000001) c.nop
core   0: 1 0x000000008000598c (0x0001)
core   0: 0x000000008000598e (0x0128f4b3) and     s1, a7, s2
core   0: 1 0x000000008000598e (0x0128f4b3) x9  0x0000000000000000
core   0: 0x0000000080005992 (0xc225fed3) fcvt.l.d t4, fa1
core   0: 1 0x0000000080005992 (0xc225fed3) c1_fflags 0x000000000000001d x29 0x7fffffffffffffff
core   0: 0x0000000080005996 (0x23c38c53) fsgnj.d fs8, ft7, ft8
core   0: 1 0x0000000080005996 (0x23c38c53) f24 0x7ff8000000000000
core   0: 0x000000008000599a (0x4008d99b) sraiw   s3, a7, 0
core   0: 1 0x000000008000599a (0x4008d99b) x19 0x0000000000000000
core   0: 0x000000008000599e (0x1a74fbd3) fdiv.d  fs7, fs1, ft7
core   0: 1 0x000000008000599e (0x1a74fbd3) f23 0x7ff8000000000000
core   0: 0x00000000800059a2 (0x02ad77bb) remuw   a5, s10, a0
core   0: 1 0x00000000800059a2 (0x02ad77bb) x15 0x0000000000000000
core   0: 0x00000000800059a6 (0xd03cf153) fcvt.s.lu ft2, s9
core   0: 1 0x00000000800059a6 (0xd03cf153) c1_fflags 0x000000000000001d f2  0xffffffff5f800000
core   0: 0x00000000800059aa (0x5a0afad3) fsqrt.d fs5, fs5
core   0: 1 0x00000000800059aa (0x5a0afad3) f21 0x7ff8000000000000
core   0: 0x00000000800059ae (0x42098a53) fcvt.d.s fs4, fs3
core   0: 1 0x00000000800059ae (0x42098a53) f20 0x7ff8000000000000
core   0: 0x00000000800059b2 (0x01f3159b) slliw   a1, t1, 31
core   0: 1 0x00000000800059b2 (0x01f3159b) x11 0x0000000000000000
core   0: 0x00000000800059b6 (0x009bfa33) and     s4, s7, s1
core   0: 1 0x00000000800059b6 (0x009bfa33) x20 0x0000000000000000
core   0: 0x00000000800059ba (0xc039f8d3) fcvt.lu.s a7, fs3
core   0: 1 0x00000000800059ba (0xc039f8d3) c1_fflags 0x000000000000001d x17 0xffffffffffffffff
core   0: 0x00000000800059be (0x00000001) c.nop
core   0: 1 0x00000000800059be (0x0001)
core   0: 0x00000000800059c0 (0x7ffb021b) addiw   tp, s6, 2047
core   0: 1 0x00000000800059c0 (0x7ffb021b) x4  0xffffffffc0580272
core   0: 0x00000000800059c4 (0x41f15c1b) sraiw   s8, sp, 31
core   0: 1 0x00000000800059c4 (0x41f15c1b) x24 0xffffffffffffffff
core   0: 0x00000000800059c8 (0x00d915b3) sll     a1, s2, a3
core   0: 1 0x00000000800059c8 (0x00d915b3) x11 0xfffffffffffffc02
core   0: 0x00000000800059cc (0xd026fd53) fcvt.s.l fs10, a3
core   0: 1 0x00000000800059cc (0xd026fd53) c1_fflags 0x000000000000001d f26 0xffffffffcf000000
core   0: 0x00000000800059d0 (0x420600d3) fcvt.d.s ft1, fa2
core   0: 1 0x00000000800059d0 (0x420600d3) f1  0x7ff8000000000000
core   0: 0x00000000800059d4 (0x034a09b3) mul     s3, s4, s4
core   0: 1 0x00000000800059d4 (0x034a09b3) x19 0x0000000000000000
core   0: 0x00000000800059d8 (0x026b033b) mulw    t1, s6, t1
core   0: 1 0x00000000800059d8 (0x026b033b) x6  0x0000000000000000
core   0: 0x00000000800059dc (0x420c0fd3) fcvt.d.s ft11, fs8
core   0: 1 0x00000000800059dc (0x420c0fd3) f31 0x7ff8000000000000
core   0: 0x00000000800059e0 (0x40bc55b3) sra     a1, s8, a1
core   0: 1 0x00000000800059e0 (0x40bc55b3) x11 0xffffffffffffffff
core   0: 0x00000000800059e4 (0x00ad1533) sll     a0, s10, a0
core   0: 1 0x00000000800059e4 (0x00ad1533) x10 0x0000000000000000
core   0: 0x00000000800059e8 (0x2b160c53) fmin.d  fs8, fa2, fa7
core   0: 1 0x00000000800059e8 (0x2b160c53) f24 0x7ff8000000000000
core   0: 0x00000000800059ec (0x03620cb3) mul     s9, tp, s6
core   0: 1 0x00000000800059ec (0x03620cb3) x25 0xd02c2177aeaa6d36
core   0: 0x00000000800059f0 (0x01ad57b3) srl     a5, s10, s10
core   0: 1 0x00000000800059f0 (0x01ad57b3) x15 0x0000000000000000
core   0: 0x00000000800059f4 (0x41978c3b) subw    s8, a5, s9
core   0: 1 0x00000000800059f4 (0x41978c3b) x24 0x00000000515592ca
core   0: 0x00000000800059f8 (0xfe1bb4b7) lui     s1, 0xfe1bb
core   0: 1 0x00000000800059f8 (0xfe1bb4b7) x9  0xfffffffffe1bb000
core   0: 0x00000000800059fc (0xb9f4849b) addiw   s1, s1, -1121
core   0: 1 0x00000000800059fc (0xb9f4849b) x9  0xfffffffffe1bab9f
core   0: 0x0000000080005a00 (0x000004ba) c.slli  s1, 14
core   0: 1 0x0000000080005a00 (0x04ba) x9  0xffffff86eae7c000
core   0: 0x0000000080005a02 (0x02848493) addi    s1, s1, 40
core   0: 1 0x0000000080005a02 (0x02848493) x9  0xffffff86eae7c028
core   0: 0x0000000080005a06 (0x00099c9b) slliw   s9, s3, 0
core   0: 1 0x0000000080005a06 (0x00099c9b) x25 0x0000000000000000
core   0: 0x0000000080005a0a (0x410dddb3) sra     s11, s11, a6
core   0: 1 0x0000000080005a0a (0x410dddb3) x27 0x0000000000000000
core   0: 0x0000000080005a0e (0xe20e8753) fmv.x.d a4, ft9
core   0: 1 0x0000000080005a0e (0xe20e8753) x14 0x4200000000000000
core   0: 0x0000000080005a12 (0xc204f5d3) fcvt.w.d a1, fs1
core   0: 1 0x0000000080005a12 (0xc204f5d3) x11 0x000000007fffbfec
core   0: 0x0000000080005a16 (0x00055593) srli    a1, a0, 0
core   0: 1 0x0000000080005a16 (0x00055593) x11 0x0000000000000000
core   0: 0x0000000080005a1a (0xa33e94d3) flt.d   s1, ft9, fs3
core   0: 1 0x0000000080005a1a (0xa33e94d3) c1_fflags 0x000000000000001d x9  0x0000000000000000
core   0: 0x0000000080005a1e (0x0376b233) mulhu   tp, a3, s7
core   0: 1 0x0000000080005a1e (0x0376b233) x4  0x0000000000000000
core   0: 0x0000000080005a22 (0x004c45b3) xor     a1, s8, tp
core   0: 1 0x0000000080005a22 (0x004c45b3) x11 0x00000000515592ca
core   0: 0x0000000080005a26 (0x00000001) c.nop
core   0: 1 0x0000000080005a26 (0x0001)
core   0: 0x0000000080005a28 (0x1ac2f2d3) fdiv.d  ft5, ft5, fa2
core   0: 1 0x0000000080005a28 (0x1ac2f2d3) f5  0x7ff8000000000000
core   0: 0x0000000080005a2c (0x03d5c033) div     zero, a1, t4
core   0: 1 0x0000000080005a2c (0x03d5c033)
core   0: 0x0000000080005a30 (0x5a01f053) fsqrt.d ft0, ft3
core   0: 1 0x0000000080005a30 (0x5a01f053) f0  0x7ff8000000000000
core   0: 0x0000000080005a34 (0x020de3bb) remw    t2, s11, zero
core   0: 1 0x0000000080005a34 (0x020de3bb) x7  0x0000000000000000
core   0: 0x0000000080005a38 (0x0190109b) slliw   ra, zero, 25
core   0: 1 0x0000000080005a38 (0x0190109b) x1  0x0000000000000000
core   0: 0x0000000080005a3c (0x2a5a1a53) fmax.d  fs4, fs4, ft5
core   0: 1 0x0000000080005a3c (0x2a5a1a53) f20 0x7ff8000000000000
core   0: 0x0000000080005a40 (0x010e0e3b) addw    t3, t3, a6
core   0: 1 0x0000000080005a40 (0x010e0e3b) x28 0x000000007ffffffe
core   0: 0x0000000080005a44 (0x5a017153) fsqrt.d ft2, ft2
core   0: 1 0x0000000080005a44 (0x5a017153) f2  0x7ff8000000000000
core   0: 0x0000000080005a48 (0x001029f3) csrrs   s3, fflags, zero
core   0: 1 0x0000000080005a48 (0x001029f3) x19 0x000000000000001d
core   0: 0x0000000080005a4c (0x00102973) csrrs   s2, fflags, zero
core   0: 1 0x0000000080005a4c (0x00102973) x18 0x000000000000001d
core   0: 0x0000000080005a50 (0x0399d03b) divuw   zero, s3, s9
core   0: 1 0x0000000080005a50 (0x0399d03b)
core   0: 0x0000000080005a54 (0xf20783d3) fmv.d.x ft7, a5
core   0: 1 0x0000000080005a54 (0xf20783d3) f7  0x0000000000000000
core   0: 0x0000000080005a58 (0x1b9975d3) fdiv.d  fa1, fs2, fs9
core   0: 1 0x0000000080005a58 (0x1b9975d3) f11 0x7ff8000000000000
core   0: 0x0000000080005a5c (0x02856c3b) remw    s8, a0, s0
core   0: 1 0x0000000080005a5c (0x02856c3b) x24 0x0000000000000000
core   0: 0x0000000080005a60 (0xfbcdd3b7) lui     t2, 0xfbcdd
core   0: 1 0x0000000080005a60 (0xfbcdd3b7) x7  0xfffffffffbcdd000
core   0: 0x0000000080005a64 (0x8693839b) addiw   t2, t2, -1943
core   0: 1 0x0000000080005a64 (0x8693839b) x7  0xfffffffffbcdc869
core   0: 0x0000000080005a68 (0x000003b2) c.slli  t2, 12
core   0: 1 0x0000000080005a68 (0x03b2) x7  0xffffffbcdc869000
core   0: 0x0000000080005a6a (0xaa138393) addi    t2, t2, -1375
core   0: 1 0x0000000080005a6a (0xaa138393) x7  0xffffffbcdc868aa1
core   0: 0x0000000080005a6e (0xd2008953) fcvt.d.w fs2, ra
core   0: 1 0x0000000080005a6e (0xd2008953) f18 0x0000000000000000
core   0: 0x0000000080005a72 (0xc025f6d3) fcvt.l.s a3, fa1
core   0: 1 0x0000000080005a72 (0xc025f6d3) c1_fflags 0x000000000000001d x13 0x7fffffffffffffff
core   0: 0x0000000080005a76 (0x03e15893) srli    a7, sp, 62
core   0: 1 0x0000000080005a76 (0x03e15893) x17 0x0000000000000000
core   0: 0x0000000080005a7a (0x00e077b3) and     a5, zero, a4
core   0: 1 0x0000000080005a7a (0x00e077b3) x15 0x0000000000000000
core   0: 0x0000000080005a7e (0x00f7d9bb) srlw    s3, a5, a5
core   0: 1 0x0000000080005a7e (0x00f7d9bb) x19 0x0000000000000000
core   0: 0x0000000080005a82 (0x037be433) rem     s0, s7, s7
core   0: 1 0x0000000080005a82 (0x037be433) x8  0x0000000000000000
core   0: 0x0000000080005a86 (0x8003e013) prefetch.i -2048(t2)
core   0: 1 0x0000000080005a86 (0x8003e013)
core   0: 0x0000000080005a8a (0xc23ef7d3) fcvt.lu.d a5, ft9
core   0: 1 0x0000000080005a8a (0xc23ef7d3) x15 0x0000000200000000
core   0: 0x0000000080005a8e (0x40630ebb) subw    t4, t1, t1
core   0: 1 0x0000000080005a8e (0x40630ebb) x29 0x0000000000000000
core   0: 0x0000000080005a92 (0x00681dbb) sllw    s11, a6, t1
core   0: 1 0x0000000080005a92 (0x00681dbb) x27 0xffffffffffffffff
core   0: 0x0000000080005a96 (0xda8c6413) ori     s0, s8, -600
core   0: 1 0x0000000080005a96 (0xda8c6413) x8  0xfffffffffffffda8
core   0: 0x0000000080005a9a (0x0082023b) addw    tp, tp, s0
core   0: 1 0x0000000080005a9a (0x0082023b) x4  0xfffffffffffffda8
core   0: 0x0000000080005a9e (0xcb436037) lui     zero, 0xcb436
core   0: 1 0x0000000080005a9e (0xcb436037)
core   0: 0x0000000080005aa2 (0x80050a9b) addiw   s5, a0, -2048
core   0: 1 0x0000000080005aa2 (0x80050a9b) x21 0xfffffffffffff800
core   0: 0x0000000080005aa6 (0x03525e33) divu    t3, tp, s5
core   0: 1 0x0000000080005aa6 (0x03525e33) x28 0x0000000000000001
core   0: 0x0000000080005aaa (0x00102473) csrrs   s0, fflags, zero
core   0: 1 0x0000000080005aaa (0x00102473) x8  0x000000000000001d
core   0: 0x0000000080005aae (0x0042529b) srliw   t0, tp, 4
core   0: 1 0x0000000080005aae (0x0042529b) x5  0x000000000fffffda
core   0: 0x0000000080005ab2 (0x44d64c13) xori    s8, a2, 1101
core   0: 1 0x0000000080005ab2 (0x44d64c13) x24 0x000000000000044d
core   0: 0x0000000080005ab6 (0x035c53bb) divuw   t2, s8, s5
core   0: 1 0x0000000080005ab6 (0x035c53bb) x7  0x0000000000000000
core   0: 0x0000000080005aba (0xd2180053) fcvt.d.wu ft0, a6
core   0: 1 0x0000000080005aba (0xd2180053) f0  0x41efffffffe00000
core   0: 0x0000000080005abe (0x7ff14613) xori    a2, sp, 2047
core   0: 1 0x0000000080005abe (0x7ff14613) x12 0x0001fffffffc0000
core   0: 0x0000000080005ac2 (0xf1505973) csrrwi  s2, mconfigptr, 0
core   0: exception trap_illegal_instruction, epc 0x0000000080005ac2
core   0:           tval 0x00000000f1505973
core   0: >>>>  $xrv64i2p1_m2p0_a2p1_f2p2_d2p2_zicsr2p0_zifencei2p0_zmmul1p0_zba1p0_zbb1p0_zbc1p0_zbs1p0
core   0: 0x0000000080004000 (0x0080006f) j       pc + 0x8
core   0: 3 0x0000000080004000 (0x0080006f)
core   0: >>>>  mmode_exception_handler
core   0: 0x0000000080004008 (0x00002c17) auipc   s8, 0x2
core   0: 3 0x0000000080004008 (0x00002c17) x24 0x0000000080006008
core   0: 0x000000008000400c (0xfd8c0c13) addi    s8, s8, -40
core   0: 3 0x000000008000400c (0xfd8c0c13) x24 0x0000000080005fe0
core   0: 0x0000000080004010 (0x000c00e7) jalr    s8
core   0: 3 0x0000000080004010 (0x000c00e7) x1  0x0000000080004014
core   0: >>>>  any_handler
core   0: 0x0000000080005fe0 (0x341027f3) csrrs   a5, mepc, zero
core   0: 3 0x0000000080005fe0 (0x341027f3) x15 0x0000000080005ac2
core   0: 0x0000000080005fe4 (0x34202773) csrrs   a4, mcause, zero
core   0: 3 0x0000000080005fe4 (0x34202773) x14 0x0000000000000002
core   0: 0x0000000080005fe8 (0x142026f3) csrrs   a3, scause, zero
core   0: 3 0x0000000080005fe8 (0x142026f3) x13 0x000000000000001c
core   0: 0x0000000080005fec (0x30402673) csrrs   a2, mie, zero
core   0: 3 0x0000000080005fec (0x30402673) x12 0x0000000000000a00
core   0: 0x0000000080005ff0 (0x344025f3) csrrs   a1, mip, zero
core   0: 3 0x0000000080005ff0 (0x344025f3) x11 0x0000000000000080
core   0: 0x0000000080005ff4 (0x343025f3) csrrs   a1, mtval, zero
core   0: 3 0x0000000080005ff4 (0x343025f3) x11 0x00000000f1505973
core   0: 0x0000000080005ff8 (0x14302573) csrrs   a0, stval, zero
core   0: 3 0x0000000080005ff8 (0x14302573) x10 0x0000000000000000
core   0: 0x0000000080005ffc (0xb02024f3) csrrs   s1, minstret, zero
core   0: 3 0x0000000080005ffc (0xb02024f3) x9  0x00000000000010ad
core   0: 0x0000000080006000 (0x0000a811) c.j     pc + 20
core   0: 3 0x0000000080006000 (0xa811)
core   0: >>>>  mepc_4
core   0: 0x0000000080006014 (0x00000791) c.addi  a5, 4
core   0: 3 0x0000000080006014 (0x0791) x15 0x0000000080005ac6
core   0: 0x0000000080006016 (0x34179073) csrrw   zero, mepc, a5
core   0: 3 0x0000000080006016 (0x34179073) c833_mepc 0x0000000080005ac6
core   0: 0x000000008000601a (0x30200073) mret
core   0: 3 0x000000008000601a (0x30200073) c768_mstatus 0x8000000a00106082
core   0: 0x0000000080005ac6 (0xd2018353) fcvt.d.w ft6, gp
core   0: 1 0x0000000080005ac6 (0xd2018353) f6  0xc07ff00000000000
core   0: 0x0000000080005aca (0xf39afb13) andi    s6, s5, -199
core   0: 1 0x0000000080005aca (0xf39afb13) x22 0xfffffffffffff800
core   0: 0x0000000080005ace (0x011adcb3) srl     s9, s5, a7
core   0: 1 0x0000000080005ace (0x011adcb3) x25 0xfffffffffffff800
core   0: 0x0000000080005ad2 (0x0399c9b3) div     s3, s3, s9
core   0: 1 0x0000000080005ad2 (0x0399c9b3) x19 0x0000000000000000
core   0: 0x0000000080005ad6 (0xf20889d3) fmv.d.x fs3, a7
core   0: 1 0x0000000080005ad6 (0xf20889d3) f19 0x0000000000000000
core   0: 0x0000000080005ada (0x404dd93b) sraw    s2, s11, tp
core   0: 1 0x0000000080005ada (0x404dd93b) x18 0xffffffffffffffff
core   0: 0x0000000080005ade (0x001418b3) sll     a7, s0, ra
core   0: 1 0x0000000080005ade (0x001418b3) x17 0x0000000001d00000
core   0: 0x0000000080005ae2 (0x01dbcb33) xor     s6, s7, t4
core   0: 1 0x0000000080005ae2 (0x01dbcb33) x22 0x0000000000000000
core   0: 0x0000000080005ae6 (0xd23e7bd3) fcvt.d.lu fs7, t3
core   0: 1 0x0000000080005ae6 (0xd23e7bd3) f23 0x3ff0000000000000
core   0: 0x0000000080005aea (0xc0387353) fcvt.lu.s t1, fa6
core   0: 1 0x0000000080005aea (0xc0387353) c1_fflags 0x000000000000001d x6  0xffffffffffffffff
core   0: 0x0000000080005aee (0x03f8d493) srli    s1, a7, 63
core   0: 1 0x0000000080005aee (0x03f8d493) x9  0x0000000000000000
core   0: 0x0000000080005af2 (0x00000001) c.nop
core   0: 1 0x0000000080005af2 (0x0001)
core   0: 0x0000000080005af4 (0x00091693) slli    a3, s2, 0
core   0: 1 0x0000000080005af4 (0x00091693) x13 0xffffffffffffffff
core   0: 0x0000000080005af8 (0x7ff3059b) addiw   a1, t1, 2047
core   0: 1 0x0000000080005af8 (0x7ff3059b) x11 0x00000000000007fe
core   0: 0x0000000080005afc (0xc20475d3) fcvt.w.d a1, fs0
core   0: 1 0x0000000080005afc (0xc20475d3) c1_fflags 0x000000000000001d x11 0x000000007fffffff
core   0: 0x0000000080005b00 (0x23168b53) fsgnj.d fs6, fa3, fa7
core   0: 1 0x0000000080005b00 (0x23168b53) f22 0x418488fa98000000
core   0: 0x0000000080005b04 (0x400a599b) sraiw   s3, s4, 0
core   0: 1 0x0000000080005b04 (0x400a599b) x19 0x0000000000000000
core   0: 0x0000000080005b08 (0x00021213) slli    tp, tp, 0
core   0: 1 0x0000000080005b08 (0x00021213) x4  0xfffffffffffffda8
core   0: 0x0000000080005b0c (0x014c78b3) and     a7, s8, s4
core   0: 1 0x0000000080005b0c (0x014c78b3) x17 0x0000000000000000
core   0: 0x0000000080005b10 (0xfe41b9b7) lui     s3, 0xfe41b
core   0: 1 0x0000000080005b10 (0xfe41b9b7) x19 0xfffffffffe41b000
core   0: 0x0000000080005b14 (0x43b9899b) addiw   s3, s3, 1083
core   0: 1 0x0000000080005b14 (0x43b9899b) x19 0xfffffffffe41b43b
core   0: 0x0000000080005b18 (0x000009b2) c.slli  s3, 12
core   0: 1 0x0000000080005b18 (0x09b2) x19 0xffffffe41b43b000
core   0: 0x0000000080005b1a (0x32398993) addi    s3, s3, 803
core   0: 1 0x0000000080005b1a (0x32398993) x19 0xffffffe41b43b323
core   0: 0x0000000080005b1e (0x2b7f0d53) fmin.d  fs10, ft10, fs7
core   0: 1 0x0000000080005b1e (0x2b7f0d53) f26 0x3ff0000000000000
core   0: 0x0000000080005b22 (0x011aeab3) or      s5, s5, a7
core   0: 1 0x0000000080005b22 (0x011aeab3) x21 0xfffffffffffff800
core   0: 0x0000000080005b26 (0x00355c1b) srliw   s8, a0, 3
core   0: 1 0x0000000080005b26 (0x00355c1b) x24 0x0000000000000000
core   0: 0x0000000080005b2a (0x024a8233) mul     tp, s5, tp
core   0: 1 0x0000000080005b2a (0x024a8233) x4  0x000000000012c000
core   0: 0x0000000080005b2e (0x001c4013) xori    zero, s8, 1
core   0: 1 0x0000000080005b2e (0x001c4013)
core   0: 0x0000000080005b32 (0x400b86bb) subw    a3, s7, zero
core   0: 1 0x0000000080005b32 (0x400b86bb) x13 0x0000000000000000
core   0: 0x0000000080005b36 (0x00000001) c.nop
core   0: 1 0x0000000080005b36 (0x0001)
core   0: 0x0000000080005b38 (0x000084ca) c.mv    s1, s2
core   0: 1 0x0000000080005b38 (0x84ca) x9  0xffffffffffffffff
core   0: 0x0000000080005b3a (0x7ff2889b) addiw   a7, t0, 2047
core   0: 1 0x0000000080005b3a (0x7ff2889b) x17 0x00000000100007d9
core   0: 0x0000000080005b3e (0x031976bb) remuw   a3, s2, a7
core   0: 1 0x0000000080005b3e (0x031976bb) x13 0x000000000fff8a48
core   0: 0x0000000080005b42 (0x41d6d43b) sraw    s0, a3, t4
core   0: 1 0x0000000080005b42 (0x41d6d43b) x8  0x000000000fff8a48
core   0: 0x0000000080005b46 (0xc21cf0d3) fcvt.wu.d ra, fs9
core   0: 1 0x0000000080005b46 (0xc21cf0d3) c1_fflags 0x000000000000001d x1  0xffffffffffffffff
core   0: 0x0000000080005b4a (0x8b10001b) addiw   zero, zero, -1871
core   0: 1 0x0000000080005b4a (0x8b10001b)
core   0: 0x0000000080005b4e (0x0016a4b3) slt     s1, a3, ra
core   0: 1 0x0000000080005b4e (0x0016a4b3) x9  0x0000000000000000
core   0: 0x0000000080005b52 (0x00575b13) srli    s6, a4, 5
core   0: 1 0x0000000080005b52 (0x00575b13) x22 0x0000000000000000
core   0: 0x0000000080005b56 (0x410b7993) andi    s3, s6, 1040
core   0: 1 0x0000000080005b56 (0x410b7993) x19 0x0000000000000000
core   0: 0x0000000080005b5a (0xd922e813) ori     a6, t0, -622
core   0: 1 0x0000000080005b5a (0xd922e813) x16 0xffffffffffffffda
core   0: 0x0000000080005b5e (0x004bdcb3) srl     s9, s7, tp
core   0: 1 0x0000000080005b5e (0x004bdcb3) x25 0x0000000000000000
core   0: 0x0000000080005b62 (0x420f03d3) fcvt.d.s ft7, ft10
core   0: 1 0x0000000080005b62 (0x420f03d3) f7  0x7ff8000000000000
core   0: 0x0000000080005b66 (0xd21b8353) fcvt.d.wu ft6, s7
core   0: 1 0x0000000080005b66 (0xd21b8353) f6  0x0000000000000000
core   0: 0x0000000080005b6a (0x00b0b0b7) lui     ra, 0xb0b
core   0: 1 0x0000000080005b6a (0x00b0b0b7) x1  0x0000000000b0b000
core   0: 0x0000000080005b6e (0x1110809b) addiw   ra, ra, 273
core   0: 1 0x0000000080005b6e (0x1110809b) x1  0x0000000000b0b111
core   0: 0x0000000080005b72 (0x000000be) c.slli  ra, 15
core   0: 1 0x0000000080005b72 (0x00be) x1  0x0000005858888000
core   0: 0x0000000080005b74 (0xef308093) addi    ra, ra, -269
core   0: 1 0x0000000080005b74 (0xef308093) x1  0x0000005858887ef3
core   0: 0x0000000080005b78 (0x40960cbb) subw    s9, a2, s1
core   0: 1 0x0000000080005b78 (0x40960cbb) x25 0x0000000000000a00
core   0: 0x0000000080005b7c (0x038ed9b3) divu    s3, t4, s8
core   0: 1 0x0000000080005b7c (0x038ed9b3) x19 0xffffffffffffffff
core   0: 0x0000000080005b80 (0x2a708153) fmin.d  ft2, ft1, ft7
core   0: 1 0x0000000080005b80 (0x2a708153) f2  0x7ff8000000000000
core   0: 0x0000000080005b84 (0xd2048853) fcvt.d.w fa6, s1
core   0: 1 0x0000000080005b84 (0xd2048853) f16 0x0000000000000000
core   0: 0x0000000080005b88 (0x23892c53) fsgnjx.d fs8, fs2, fs8
core   0: 1 0x0000000080005b88 (0x23892c53) f24 0x0000000000000000
core   0: 0x0000000080005b8c (0xe20c0253) fmv.x.d tp, fs8
core   0: 1 0x0000000080005b8c (0xe20c0253) x4  0x0000000000000000
core   0: 0x0000000080005b90 (0x0358d5bb) divuw   a1, a7, s5
core   0: 1 0x0000000080005b90 (0x0358d5bb) x11 0x0000000000000000
core   0: 0x0000000080005b94 (0x00630533) add     a0, t1, t1
core   0: 1 0x0000000080005b94 (0x00630533) x10 0xfffffffffffffffe
core   0: 0x0000000080005b98 (0x93427ecb) fnmsub.d ft9, ft4, fs4, fs2
core   0: 1 0x0000000080005b98 (0x93427ecb) f29 0x7ff8000000000000
core   0: 0x0000000080005b9c (0x0202c0b7) lui     ra, 0x202c
core   0: 1 0x0000000080005b9c (0x0202c0b7) x1  0x000000000202c000
core   0: 0x0000000080005ba0 (0xccb0809b) addiw   ra, ra, -821
core   0: 1 0x0000000080005ba0 (0xccb0809b) x1  0x000000000202bccb
core   0: 0x0000000080005ba4 (0x000000b6) c.slli  ra, 13
core   0: 1 0x0000000080005ba4 (0x00b6) x1  0x0000004057996000
core   0: 0x0000000080005ba6 (0xf3708093) addi    ra, ra, -201
core   0: 1 0x0000000080005ba6 (0xf3708093) x1  0x0000004057995f37
core   0: 0x0000000080005baa (0x029651bb) divuw   gp, a2, s1
core   0: 1 0x0000000080005baa (0x029651bb) x3  0xffffffffffffffff
core   0: 0x0000000080005bae (0x40cc5abb) sraw    s5, s8, a2
core   0: 1 0x0000000080005bae (0x40cc5abb) x21 0x0000000000000000
core   0: 0x0000000080005bb2 (0x040be037) lui     zero, 0x40be
core   0: 1 0x0000000080005bb2 (0x040be037)
core   0: 0x0000000080005bb6 (0x9d90001b) addiw   zero, zero, -1575
core   0: 1 0x0000000080005bb6 (0x9d90001b)
core   0: 0x0000000080005bba (0x00c01013) slli    zero, zero, 12
core   0: 1 0x0000000080005bba (0x00c01013)
core   0: 0x0000000080005bbe (0xf9b00013) li      zero, -101
core   0: 1 0x0000000080005bbe (0xf9b00013)
core   0: 0x0000000080005bc2 (0x5a0cf4d3) fsqrt.d fs1, fs9
core   0: 1 0x0000000080005bc2 (0x5a0cf4d3) f9  0x7ff8000000000000
core   0: 0x0000000080005bc6 (0x0003d71b) srliw   a4, t2, 0
core   0: 1 0x0000000080005bc6 (0x0003d71b) x14 0x0000000000000000
core   0: 0x0000000080005bca (0xfbceffcb) fnmsub.d ft11, ft9, ft8, ft11
core   0: 1 0x0000000080005bca (0xfbceffcb) f31 0x7ff8000000000000
core   0: 0x0000000080005bce (0x4014f653) fcvt.s.d fa2, fs1
core   0: 1 0x0000000080005bce (0x4014f653) f12 0xffffffff7fc00000
core   0: 0x0000000080005bd2 (0x01db9d9b) slliw   s11, s7, 29
core   0: 1 0x0000000080005bd2 (0x01db9d9b) x27 0x0000000000000000
core   0: 0x0000000080005bd6 (0x5c85b5b7) lui     a1, 0x5c85b
core   0: 1 0x0000000080005bd6 (0x5c85b5b7) x11 0x000000005c85b000
core   0: 0x0000000080005bda (0x6a2070c7) fmsub.d ft1, ft0, ft2, fa3
core   0: 1 0x0000000080005bda (0x6a2070c7) f1  0x7ff8000000000000
core   0: 0x0000000080005bde (0xd03dfe53) fcvt.s.lu ft8, s11
core   0: 1 0x0000000080005bde (0xd03dfe53) f28 0xffffffff00000000
core   0: 0x0000000080005be2 (0x40ec50b3) sra     ra, s8, a4
core   0: 1 0x0000000080005be2 (0x40ec50b3) x1  0x0000000000000000
core   0: 0x0000000080005be6 (0xd0277b53) fcvt.s.l fs6, a4
core   0: 1 0x0000000080005be6 (0xd0277b53) f22 0xffffffff00000000
core   0: 0x0000000080005bea (0x00b8b5b3) sltu    a1, a7, a1
core   0: 1 0x0000000080005bea (0x00b8b5b3) x11 0x0000000000000001
core   0: 0x0000000080005bee (0x00000001) c.nop
core   0: 1 0x0000000080005bee (0x0001)
core   0: 0x0000000080005bf0 (0x02c1da13) srli    s4, gp, 44
core   0: 1 0x0000000080005bf0 (0x02c1da13) x20 0x00000000000fffff
core   0: 0x0000000080005bf4 (0x00030033) add     zero, t1, zero
core   0: 1 0x0000000080005bf4 (0x00030033)
core   0: 0x0000000080005bf8 (0xfffced93) ori     s11, s9, -1
core   0: 1 0x0000000080005bf8 (0xfffced93) x27 0xffffffffffffffff
core   0: 0x0000000080005bfc (0x03687dd3) fadd.d  fs11, fa6, fs6
core   0: 1 0x0000000080005bfc (0x03687dd3) f27 0x7ff8000000000000
core   0: 0x0000000080005c00 (0x01cea233) slt     tp, t4, t3
core   0: 1 0x0000000080005c00 (0x01cea233) x4  0x0000000000000001
core   0: 0x0000000080005c04 (0x4012519b) sraiw   gp, tp, 1
core   0: 1 0x0000000080005c04 (0x4012519b) x3  0x0000000000000000
core   0: 0x0000000080005c08 (0x01f2929b) slliw   t0, t0, 31
core   0: 1 0x0000000080005c08 (0x01f2929b) x5  0x0000000000000000
core   0: 0x0000000080005c0c (0x01db55bb) srlw    a1, s6, t4
core   0: 1 0x0000000080005c0c (0x01db55bb) x11 0x0000000000000000
core   0: 0x0000000080005c10 (0x03d835b3) mulhu   a1, a6, t4
core   0: 1 0x0000000080005c10 (0x03d835b3) x11 0x0000000000000000
core   0: 0x0000000080005c14 (0x01c8583b) srlw    a6, a6, t3
core   0: 1 0x0000000080005c14 (0x01c8583b) x16 0x000000007fffffed
core   0: 0x0000000080005c18 (0x00a211b3) sll     gp, tp, a0
core   0: 1 0x0000000080005c18 (0x00a211b3) x3  0x4000000000000000
core   0: 0x0000000080005c1c (0xc2187353) fcvt.wu.d t1, fa6
core   0: 1 0x0000000080005c1c (0xc2187353) x6  0x0000000000000000
core   0: 0x0000000080005c20 (0x420e87d3) fcvt.d.s fa5, ft9
core   0: 1 0x0000000080005c20 (0x420e87d3) f15 0x7ff8000000000000
core   0: 0x0000000080005c24 (0x13317cd3) fmul.d  fs9, ft2, fs3
core   0: 1 0x0000000080005c24 (0x13317cd3) f25 0x7ff8000000000000
core   0: 0x0000000080005c28 (0xf909bcb7) lui     s9, 0xf909b
core   0: 1 0x0000000080005c28 (0xf909bcb7) x25 0xfffffffff909b000
core   0: 0x0000000080005c2c (0x2b9a1c53) fmax.d  fs8, fs4, fs9
core   0: 1 0x0000000080005c2c (0x2b9a1c53) f24 0x7ff8000000000000
core   0: 0x0000000080005c30 (0x031a4eb3) div     t4, s4, a7
core   0: 1 0x0000000080005c30 (0x031a4eb3) x29 0x0000000000000000
core   0: 0x0000000080005c34 (0x7b0d2873) csrrs   a6, dcsr, s10
core   0: exception trap_illegal_instruction, epc 0x0000000080005c34
core   0:           tval 0x000000007b0d2873
core   0: >>>>  $xrv64i2p1_m2p0_a2p1_f2p2_d2p2_zicsr2p0_zifencei2p0_zmmul1p0_zba1p0_zbb1p0_zbc1p0_zbs1p0
core   0: 0x0000000080004000 (0x0080006f) j       pc + 0x8
core   0: 3 0x0000000080004000 (0x0080006f)
core   0: >>>>  mmode_exception_handler
core   0: 0x0000000080004008 (0x00002c17) auipc   s8, 0x2
core   0: 3 0x0000000080004008 (0x00002c17) x24 0x0000000080006008
core   0: 0x000000008000400c (0xfd8c0c13) addi    s8, s8, -40
core   0: 3 0x000000008000400c (0xfd8c0c13) x24 0x0000000080005fe0
core   0: 0x0000000080004010 (0x000c00e7) jalr    s8
core   0: 3 0x0000000080004010 (0x000c00e7) x1  0x0000000080004014
core   0: >>>>  any_handler
core   0: 0x0000000080005fe0 (0x341027f3) csrrs   a5, mepc, zero
core   0: 3 0x0000000080005fe0 (0x341027f3) x15 0x0000000080005c34
core   0: 0x0000000080005fe4 (0x34202773) csrrs   a4, mcause, zero
core   0: 3 0x0000000080005fe4 (0x34202773) x14 0x0000000000000002
core   0: 0x0000000080005fe8 (0x142026f3) csrrs   a3, scause, zero
core   0: 3 0x0000000080005fe8 (0x142026f3) x13 0x000000000000001c
core   0: 0x0000000080005fec (0x30402673) csrrs   a2, mie, zero
core   0: 3 0x0000000080005fec (0x30402673) x12 0x0000000000000a00
core   0: 0x0000000080005ff0 (0x344025f3) csrrs   a1, mip, zero
core   0: 3 0x0000000080005ff0 (0x344025f3) x11 0x0000000000000080
core   0: 0x0000000080005ff4 (0x343025f3) csrrs   a1, mtval, zero
core   0: 3 0x0000000080005ff4 (0x343025f3) x11 0x000000007b0d2873
core   0: 0x0000000080005ff8 (0x14302573) csrrs   a0, stval, zero
core   0: 3 0x0000000080005ff8 (0x14302573) x10 0x0000000000000000
core   0: 0x0000000080005ffc (0xb02024f3) csrrs   s1, minstret, zero
core   0: 3 0x0000000080005ffc (0xb02024f3) x9  0x000000000000111c
core   0: 0x0000000080006000 (0x0000a811) c.j     pc + 20
core   0: 3 0x0000000080006000 (0xa811)
core   0: >>>>  mepc_4
core   0: 0x0000000080006014 (0x00000791) c.addi  a5, 4
core   0: 3 0x0000000080006014 (0x0791) x15 0x0000000080005c38
core   0: 0x0000000080006016 (0x34179073) csrrw   zero, mepc, a5
core   0: 3 0x0000000080006016 (0x34179073) c833_mepc 0x0000000080005c38
core   0: 0x000000008000601a (0x30200073) mret
core   0: 3 0x000000008000601a (0x30200073) c768_mstatus 0x8000000a00106082
core   0: 0x0000000080005c38 (0xd20286d3) fcvt.d.w fa3, t0
core   0: 1 0x0000000080005c38 (0xd20286d3) f13 0x0000000000000000
core   0: 0x0000000080005c3c (0x40125593) srai    a1, tp, 1
core   0: 1 0x0000000080005c3c (0x40125593) x11 0x0000000000000000
core   0: 0x0000000080005c40 (0x4016f1d3) fcvt.s.d ft3, fa3
core   0: 1 0x0000000080005c40 (0x4016f1d3) f3  0xffffffff00000000
core   0: 0x0000000080005c44 (0xc02a7953) fcvt.l.s s2, fs4
core   0: 1 0x0000000080005c44 (0xc02a7953) c1_fflags 0x000000000000001d x18 0x7fffffffffffffff
core   0: 0x0000000080005c48 (0x401f7f53) fcvt.s.d ft10, ft10
core   0: 1 0x0000000080005c48 (0x401f7f53) f30 0xffffffff7fc00000
core   0: 0x0000000080005c4c (0x0031fc33) and     s8, gp, gp
core   0: 1 0x0000000080005c4c (0x0031fc33) x24 0x4000000000000000
core   0: 0x0000000080005c50 (0x63144013) xori    zero, s0, 1585
core   0: 1 0x0000000080005c50 (0x63144013)
core   0: 0x0000000080005c54 (0xfffd019b) addiw   gp, s10, -1
core   0: 1 0x0000000080005c54 (0xfffd019b) x3  0xffffffffffffffff
core   0: 0x0000000080005c58 (0xcf0e6893) ori     a7, t3, -784
core   0: 1 0x0000000080005c58 (0xcf0e6893) x17 0xfffffffffffffcf1
core   0: 0x0000000080005c5c (0x017e09b3) add     s3, t3, s7
core   0: 1 0x0000000080005c5c (0x017e09b3) x19 0x0000000000000001
core   0: 0x0000000080005c60 (0xc03f7153) fcvt.lu.s sp, ft10
core   0: 1 0x0000000080005c60 (0xc03f7153) c1_fflags 0x000000000000001d x2  0xffffffffffffffff
core   0: 0x0000000080005c64 (0x2bb34893) xori    a7, t1, 699
core   0: 1 0x0000000080005c64 (0x2bb34893) x17 0x00000000000002bb
core   0: 0x0000000080005c68 (0x00e2043b) addw    s0, tp, a4
core   0: 1 0x0000000080005c68 (0x00e2043b) x8  0x0000000000000003
core   0: 0x0000000080005c6c (0xa3f207d3) fle.d   a5, ft4, ft11
core   0: 1 0x0000000080005c6c (0xa3f207d3) c1_fflags 0x000000000000001d x15 0x0000000000000000
core   0: 0x0000000080005c70 (0x025a4a3b) divw    s4, s4, t0
core   0: 1 0x0000000080005c70 (0x025a4a3b) x20 0xffffffffffffffff
core   0: 0x0000000080005c74 (0x628bf44b) fnmsub.d fs0, fs7, fs0, fa2
core   0: 1 0x0000000080005c74 (0x628bf44b) f8  0x7ff8000000000000
core   0: 0x0000000080005c78 (0x03fa1d13) slli    s10, s4, 63
core   0: 1 0x0000000080005c78 (0x03fa1d13) x26 0x8000000000000000
core   0: 0x0000000080005c7c (0x01515813) srli    a6, sp, 21
core   0: 1 0x0000000080005c7c (0x01515813) x16 0x000007ffffffffff
core   0: 0x0000000080005c80 (0xfff80a9b) addiw   s5, a6, -1
core   0: 1 0x0000000080005c80 (0xfff80a9b) x21 0xfffffffffffffffe
core   0: 0x0000000080005c84 (0x0ff0000f) fence   iorw,iorw
core   0: 1 0x0000000080005c84 (0x0ff0000f)
core   0: 0x0000000080005c88 (0xfc4f1017) auipc   zero, 0xfc4f1
core   0: 1 0x0000000080005c88 (0xfc4f1017)
core   0: 0x0000000080005c8c (0x001494b3) sll     s1, s1, ra
core   0: 1 0x0000000080005c8c (0x001494b3) x9  0x0000000111c00000
core   0: 0x0000000080005c90 (0x42020253) fcvt.d.s ft4, ft4
core   0: 1 0x0000000080005c90 (0x42020253) f4  0x7ff8000000000000
core   0: 0x0000000080005c94 (0xc21ffad3) fcvt.wu.d s5, ft11
core   0: 1 0x0000000080005c94 (0xc21ffad3) c1_fflags 0x000000000000001d x21 0xffffffffffffffff
core   0: 0x0000000080005c98 (0x02fe533b) divuw   t1, t3, a5
core   0: 1 0x0000000080005c98 (0x02fe533b) x6  0xffffffffffffffff
core   0: 0x0000000080005c9c (0xd0237053) fcvt.s.l ft0, t1
core   0: 1 0x0000000080005c9c (0xd0237053) f0  0xffffffffbf800000
core   0: 0x0000000080005ca0 (0x023961b3) rem     gp, s2, gp
core   0: 1 0x0000000080005ca0 (0x023961b3) x3  0x0000000000000000
core   0: 0x0000000080005ca4 (0x00d9d913) srli    s2, s3, 13
core   0: 1 0x0000000080005ca4 (0x00d9d913) x18 0x0000000000000000
core   0: 0x0000000080005ca8 (0x011cdcb3) srl     s9, s9, a7
core   0: 1 0x0000000080005ca8 (0x011cdcb3) x25 0x000000000000001f
core   0: 0x0000000080005cac (0x43f65713) srai    a4, a2, 63
core   0: 1 0x0000000080005cac (0x43f65713) x14 0x0000000000000000
core   0: 0x0000000080005cb0 (0x037bc8b3) div     a7, s7, s7
core   0: 1 0x0000000080005cb0 (0x037bc8b3) x17 0xffffffffffffffff
core   0: 0x0000000080005cb4 (0xd3d77ec7) fmsub.d ft9, fa4, ft9, fs10
core   0: 1 0x0000000080005cb4 (0xd3d77ec7) f29 0x7ff8000000000000
core   0: 0x0000000080005cb8 (0x5a04f053) fsqrt.d ft0, fs1
core   0: 1 0x0000000080005cb8 (0x5a04f053) f0  0x7ff8000000000000
core   0: 0x0000000080005cbc (0xd9716637) lui     a2, 0xd9716
core   0: 1 0x0000000080005cbc (0xd9716637) x12 0xffffffffd9716000
core   0: 0x0000000080005cc0 (0x00035c9b) srliw   s9, t1, 0
core   0: 1 0x0000000080005cc0 (0x00035c9b) x25 0xffffffffffffffff
core   0: 0x0000000080005cc4 (0x1003a3f3) csrrs   t2, sstatus, t2
core   0: 1 0x0000000080005cc4 (0x1003a3f3) x7  0x8000000200006002 c768_mstatus 0x8000000a00106082
core   0: 0x0000000080005cc8 (0x013eda33) srl     s4, t4, s3
core   0: 1 0x0000000080005cc8 (0x013eda33) x20 0x0000000000000000
core   0: 0x0000000080005ccc (0x0139eb33) or      s6, s3, s3
core   0: 1 0x0000000080005ccc (0x0139eb33) x22 0x0000000000000001
core   0: 0x0000000080005cd0 (0xb2828093) addi    ra, t0, -1240
core   0: 1 0x0000000080005cd0 (0xb2828093) x1  0xfffffffffffffb28
core   0: 0x0000000080005cd4 (0xfff0f413) andi    s0, ra, -1
core   0: 1 0x0000000080005cd4 (0xfff0f413) x8  0xfffffffffffffb28
core   0: 0x0000000080005cd8 (0xd230fed3) fcvt.d.lu ft9, ra
core   0: 1 0x0000000080005cd8 (0xd230fed3) c1_fflags 0x000000000000001d f29 0x43efffffffffffff
core   0: 0x0000000080005cdc (0x03caf9b3) remu    s3, s5, t3
core   0: 1 0x0000000080005cdc (0x03caf9b3) x19 0x0000000000000000
core   0: 0x0000000080005ce0 (0x435cdd93) srai    s11, s9, 53
core   0: 1 0x0000000080005ce0 (0x435cdd93) x27 0xffffffffffffffff
core   0: 0x0000000080005ce4 (0x02e6b5b3) mulhu   a1, a3, a4
core   0: 1 0x0000000080005ce4 (0x02e6b5b3) x11 0x0000000000000000
core   0: 0x0000000080005ce8 (0xd025fd53) fcvt.s.l fs10, a1
core   0: 1 0x0000000080005ce8 (0xd025fd53) f26 0xffffffff00000000
core   0: 0x0000000080005cec (0x00008f31) c.xor   a4, a2
core   0: 1 0x0000000080005cec (0x8f31) x14 0xffffffffd9716000
core   0: 0x0000000080005cee (0x830df047) fmsub.d ft0, fs11, fa6, fa6
core   0: 1 0x0000000080005cee (0x830df047) f0  0x7ff8000000000000
core   0: 0x0000000080005cf2 (0x57e37a13) andi    s4, t1, 1406
core   0: 1 0x0000000080005cf2 (0x57e37a13) x20 0x000000000000057e
core   0: 0x0000000080005cf6 (0xc220fbd3) fcvt.l.d s7, ft1
core   0: 1 0x0000000080005cf6 (0xc220fbd3) c1_fflags 0x000000000000001d x23 0x7fffffffffffffff
core   0: 0x0000000080005cfa (0x0b7bfdd3) fsub.d  fs11, fs7, fs7
core   0: 1 0x0000000080005cfa (0x0b7bfdd3) f27 0x0000000000000000
core   0: 0x0000000080005cfe (0x002c1573) csrrw   a0, frm, s8
core   0: 1 0x0000000080005cfe (0x002c1573) x10 0x0000000000000000 c2_frm 0x0000000000000000
core   0: 0x0000000080005d02 (0xc02ef353) fcvt.l.s t1, ft9
core   0: 1 0x0000000080005d02 (0xc02ef353) c1_fflags 0x000000000000001d x6  0x7fffffffffffffff
core   0: 0x0000000080005d06 (0x01751833) sll     a6, a0, s7
core   0: 1 0x0000000080005d06 (0x01751833) x16 0x0000000000000000
core   0: 0x0000000080005d0a (0xd226f4d3) fcvt.d.l fs1, a3
core   0: 1 0x0000000080005d0a (0xd226f4d3) f9  0x403c000000000000
core   0: 0x0000000080005d0e (0x77ee859b) addiw   a1, t4, 1918
core   0: 1 0x0000000080005d0e (0x77ee859b) x11 0x000000000000077e
core   0: 0x0000000080005d12 (0xc22b7553) fcvt.l.d a0, fs6
core   0: 1 0x0000000080005d12 (0xc22b7553) c1_fflags 0x000000000000001d x10 0x7fffffffffffffff
core   0: 0x0000000080005d16 (0xc0569973) csrrw   s2, hpmcounter5, a3
core   0: exception trap_illegal_instruction, epc 0x0000000080005d16
core   0:           tval 0x00000000c0569973
core   0: >>>>  $xrv64i2p1_m2p0_a2p1_f2p2_d2p2_zicsr2p0_zifencei2p0_zmmul1p0_zba1p0_zbb1p0_zbc1p0_zbs1p0
core   0: 0x0000000080004000 (0x0080006f) j       pc + 0x8
core   0: 3 0x0000000080004000 (0x0080006f)
core   0: >>>>  mmode_exception_handler
core   0: 0x0000000080004008 (0x00002c17) auipc   s8, 0x2
core   0: 3 0x0000000080004008 (0x00002c17) x24 0x0000000080006008
core   0: 0x000000008000400c (0xfd8c0c13) addi    s8, s8, -40
core   0: 3 0x000000008000400c (0xfd8c0c13) x24 0x0000000080005fe0
core   0: 0x0000000080004010 (0x000c00e7) jalr    s8
core   0: 3 0x0000000080004010 (0x000c00e7) x1  0x0000000080004014
core   0: >>>>  any_handler
core   0: 0x0000000080005fe0 (0x341027f3) csrrs   a5, mepc, zero
core   0: 3 0x0000000080005fe0 (0x341027f3) x15 0x0000000080005d16
core   0: 0x0000000080005fe4 (0x34202773) csrrs   a4, mcause, zero
core   0: 3 0x0000000080005fe4 (0x34202773) x14 0x0000000000000002
core   0: 0x0000000080005fe8 (0x142026f3) csrrs   a3, scause, zero
core   0: 3 0x0000000080005fe8 (0x142026f3) x13 0x000000000000001c
core   0: 0x0000000080005fec (0x30402673) csrrs   a2, mie, zero
core   0: 3 0x0000000080005fec (0x30402673) x12 0x0000000000000a00
core   0: 0x0000000080005ff0 (0x344025f3) csrrs   a1, mip, zero
core   0: 3 0x0000000080005ff0 (0x344025f3) x11 0x0000000000000080
core   0: 0x0000000080005ff4 (0x343025f3) csrrs   a1, mtval, zero
core   0: 3 0x0000000080005ff4 (0x343025f3) x11 0x00000000c0569973
core   0: 0x0000000080005ff8 (0x14302573) csrrs   a0, stval, zero
core   0: 3 0x0000000080005ff8 (0x14302573) x10 0x0000000000000000
core   0: 0x0000000080005ffc (0xb02024f3) csrrs   s1, minstret, zero
core   0: 3 0x0000000080005ffc (0xb02024f3) x9  0x0000000000001164
core   0: 0x0000000080006000 (0x0000a811) c.j     pc + 20
core   0: 3 0x0000000080006000 (0xa811)
core   0: >>>>  mepc_4
core   0: 0x0000000080006014 (0x00000791) c.addi  a5, 4
core   0: 3 0x0000000080006014 (0x0791) x15 0x0000000080005d1a
core   0: 0x0000000080006016 (0x34179073) csrrw   zero, mepc, a5
core   0: 3 0x0000000080006016 (0x34179073) c833_mepc 0x0000000080005d1a
core   0: 0x000000008000601a (0x30200073) mret
core   0: 3 0x000000008000601a (0x30200073) c768_mstatus 0x8000000a00106082
core   0: 0x0000000080005d1a (0xc0207d53) fcvt.l.s s10, ft0
core   0: 1 0x0000000080005d1a (0xc0207d53) c1_fflags 0x000000000000001d x26 0x7fffffffffffffff
core   0: 0x0000000080005d1e (0x6afcfe4f) fnmadd.d ft8, fs9, fa5, fa3
core   0: 1 0x0000000080005d1e (0x6afcfe4f) f28 0x7ff8000000000000
core   0: 0x0000000080005d22 (0x00102d73) csrrs   s10, fflags, zero
core   0: 1 0x0000000080005d22 (0x00102d73) x26 0x000000000000001d
core   0: 0x0000000080005d26 (0xc23d7553) fcvt.lu.d a0, fs10
core   0: 1 0x0000000080005d26 (0xc23d7553) c1_fflags 0x000000000000001d x10 0xffffffffffffffff
core   0: 0x0000000080005d2a (0x00102cf3) csrrs   s9, fflags, zero
core   0: 1 0x0000000080005d2a (0x00102cf3) x25 0x000000000000001d
core   0: 0x0000000080005d2e (0x000b7893) andi    a7, s6, 0
core   0: 1 0x0000000080005d2e (0x000b7893) x17 0x0000000000000000
core   0: 0x0000000080005d32 (0xa3c40753) fle.d   a4, fs0, ft8
core   0: 1 0x0000000080005d32 (0xa3c40753) c1_fflags 0x000000000000001d x14 0x0000000000000000
core   0: 0x0000000080005d36 (0x01d8973b) sllw    a4, a7, t4
core   0: 1 0x0000000080005d36 (0x01d8973b) x14 0x0000000000000000
core   0: 0x0000000080005d3a (0x1bc8fa53) fdiv.d  fs4, fa7, ft8
core   0: 1 0x0000000080005d3a (0x1bc8fa53) f20 0x7ff8000000000000
core   0: 0x0000000080005d3e (0x0187981b) slliw   a6, a5, 24
core   0: 1 0x0000000080005d3e (0x0187981b) x16 0x000000001a000000
core   0: 0x0000000080005d42 (0x40285abb) sraw    s5, a6, sp
core   0: 1 0x0000000080005d42 (0x40285abb) x21 0x0000000000000000
core   0: 0x0000000080005d46 (0x0094f7b3) and     a5, s1, s1
core   0: 1 0x0000000080005d46 (0x0094f7b3) x15 0x0000000000001164
core   0: 0x0000000080005d4a (0xfffd869b) addiw   a3, s11, -1
core   0: 1 0x0000000080005d4a (0xfffd869b) x13 0xfffffffffffffffe
core   0: 0x0000000080005d4e (0x5a087853) fsqrt.d fa6, fa6
core   0: 1 0x0000000080005d4e (0x5a087853) f16 0x0000000000000000
core   0: 0x0000000080005d52 (0xf130d973) csrrwi  s2, mimpid, 1
core   0: exception trap_illegal_instruction, epc 0x0000000080005d52
core   0:           tval 0x00000000f130d973
core   0: >>>>  $xrv64i2p1_m2p0_a2p1_f2p2_d2p2_zicsr2p0_zifencei2p0_zmmul1p0_zba1p0_zbb1p0_zbc1p0_zbs1p0
core   0: 0x0000000080004000 (0x0080006f) j       pc + 0x8
core   0: 3 0x0000000080004000 (0x0080006f)
core   0: >>>>  mmode_exception_handler
core   0: 0x0000000080004008 (0x00002c17) auipc   s8, 0x2
core   0: 3 0x0000000080004008 (0x00002c17) x24 0x0000000080006008
core   0: 0x000000008000400c (0xfd8c0c13) addi    s8, s8, -40
core   0: 3 0x000000008000400c (0xfd8c0c13) x24 0x0000000080005fe0
core   0: 0x0000000080004010 (0x000c00e7) jalr    s8
core   0: 3 0x0000000080004010 (0x000c00e7) x1  0x0000000080004014
core   0: >>>>  any_handler
core   0: 0x0000000080005fe0 (0x341027f3) csrrs   a5, mepc, zero
core   0: 3 0x0000000080005fe0 (0x341027f3) x15 0x0000000080005d52
core   0: 0x0000000080005fe4 (0x34202773) csrrs   a4, mcause, zero
core   0: 3 0x0000000080005fe4 (0x34202773) x14 0x0000000000000002
core   0: 0x0000000080005fe8 (0x142026f3) csrrs   a3, scause, zero
core   0: 3 0x0000000080005fe8 (0x142026f3) x13 0x000000000000001c
core   0: 0x0000000080005fec (0x30402673) csrrs   a2, mie, zero
core   0: 3 0x0000000080005fec (0x30402673) x12 0x0000000000000a00
core   0: 0x0000000080005ff0 (0x344025f3) csrrs   a1, mip, zero
core   0: 3 0x0000000080005ff0 (0x344025f3) x11 0x0000000000000080
core   0: 0x0000000080005ff4 (0x343025f3) csrrs   a1, mtval, zero
core   0: 3 0x0000000080005ff4 (0x343025f3) x11 0x00000000f130d973
core   0: 0x0000000080005ff8 (0x14302573) csrrs   a0, stval, zero
core   0: 3 0x0000000080005ff8 (0x14302573) x10 0x0000000000000000
core   0: 0x0000000080005ffc (0xb02024f3) csrrs   s1, minstret, zero
core   0: 3 0x0000000080005ffc (0xb02024f3) x9  0x0000000000001182
core   0: 0x0000000080006000 (0x0000a811) c.j     pc + 20
core   0: 3 0x0000000080006000 (0xa811)
core   0: >>>>  mepc_4
core   0: 0x0000000080006014 (0x00000791) c.addi  a5, 4
core   0: 3 0x0000000080006014 (0x0791) x15 0x0000000080005d56
core   0: 0x0000000080006016 (0x34179073) csrrw   zero, mepc, a5
core   0: 3 0x0000000080006016 (0x34179073) c833_mepc 0x0000000080005d56
core   0: 0x000000008000601a (0x30200073) mret
core   0: 3 0x000000008000601a (0x30200073) c768_mstatus 0x8000000a00106082
core   0: 0x0000000080005d56 (0x00a25113) srli    sp, tp, 10
core   0: 1 0x0000000080005d56 (0x00a25113) x2  0x0000000000000000
core   0: 0x0000000080005d5a (0x86e26813) ori     a6, tp, -1938
core   0: 1 0x0000000080005d5a (0x86e26813) x16 0xfffffffffffff86f
core   0: 0x0000000080005d5e (0x1c2e831b) addiw   t1, t4, 450
core   0: 1 0x0000000080005d5e (0x1c2e831b) x6  0x00000000000001c2
core   0: 0x0000000080005d62 (0x0adb7c53) fsub.d  fs8, fs6, fa3
core   0: 1 0x0000000080005d62 (0x0adb7c53) f24 0x7ff8000000000000
core   0: 0x0000000080005d66 (0x01d6163b) sllw    a2, a2, t4
core   0: 1 0x0000000080005d66 (0x01d6163b) x12 0x0000000000000a00
core   0: 0x0000000080005d6a (0x03a0c133) div     sp, ra, s10
core   0: 1 0x0000000080005d6a (0x03a0c133) x2  0x000000000469f08d
core   0: 0x0000000080005d6e (0xd0247ad3) fcvt.s.l fs5, s0
core   0: 1 0x0000000080005d6e (0xd0247ad3) f21 0xffffffffc49b0000
core   0: 0x0000000080005d72 (0x5a0aff53) fsqrt.d ft10, fs5
core   0: 1 0x0000000080005d72 (0x5a0aff53) f30 0x7ff8000000000000
core   0: 0x0000000080005d76 (0x03e572d3) fadd.d  ft5, fa0, ft10
core   0: 1 0x0000000080005d76 (0x03e572d3) f5  0x7ff8000000000000
core   0: 0x0000000080005d7a (0xf1305873) csrrwi  a6, mimpid, 0
core   0: exception trap_illegal_instruction, epc 0x0000000080005d7a
core   0:           tval 0x00000000f1305873
core   0: >>>>  $xrv64i2p1_m2p0_a2p1_f2p2_d2p2_zicsr2p0_zifencei2p0_zmmul1p0_zba1p0_zbb1p0_zbc1p0_zbs1p0
core   0: 0x0000000080004000 (0x0080006f) j       pc + 0x8
core   0: 3 0x0000000080004000 (0x0080006f)
core   0: >>>>  mmode_exception_handler
core   0: 0x0000000080004008 (0x00002c17) auipc   s8, 0x2
core   0: 3 0x0000000080004008 (0x00002c17) x24 0x0000000080006008
core   0: 0x000000008000400c (0xfd8c0c13) addi    s8, s8, -40
core   0: 3 0x000000008000400c (0xfd8c0c13) x24 0x0000000080005fe0
core   0: 0x0000000080004010 (0x000c00e7) jalr    s8
core   0: 3 0x0000000080004010 (0x000c00e7) x1  0x0000000080004014
core   0: >>>>  any_handler
core   0: 0x0000000080005fe0 (0x341027f3) csrrs   a5, mepc, zero
core   0: 3 0x0000000080005fe0 (0x341027f3) x15 0x0000000080005d7a
core   0: 0x0000000080005fe4 (0x34202773) csrrs   a4, mcause, zero
core   0: 3 0x0000000080005fe4 (0x34202773) x14 0x0000000000000002
core   0: 0x0000000080005fe8 (0x142026f3) csrrs   a3, scause, zero
core   0: 3 0x0000000080005fe8 (0x142026f3) x13 0x000000000000001c
core   0: 0x0000000080005fec (0x30402673) csrrs   a2, mie, zero
core   0: 3 0x0000000080005fec (0x30402673) x12 0x0000000000000a00
core   0: 0x0000000080005ff0 (0x344025f3) csrrs   a1, mip, zero
core   0: 3 0x0000000080005ff0 (0x344025f3) x11 0x0000000000000080
core   0: 0x0000000080005ff4 (0x343025f3) csrrs   a1, mtval, zero
core   0: 3 0x0000000080005ff4 (0x343025f3) x11 0x00000000f1305873
core   0: 0x0000000080005ff8 (0x14302573) csrrs   a0, stval, zero
core   0: 3 0x0000000080005ff8 (0x14302573) x10 0x0000000000000000
core   0: 0x0000000080005ffc (0xb02024f3) csrrs   s1, minstret, zero
core   0: 3 0x0000000080005ffc (0xb02024f3) x9  0x000000000000119b
core   0: 0x0000000080006000 (0x0000a811) c.j     pc + 20
core   0: 3 0x0000000080006000 (0xa811)
core   0: >>>>  mepc_4
core   0: 0x0000000080006014 (0x00000791) c.addi  a5, 4
core   0: 3 0x0000000080006014 (0x0791) x15 0x0000000080005d7e
core   0: 0x0000000080006016 (0x34179073) csrrw   zero, mepc, a5
core   0: 3 0x0000000080006016 (0x34179073) c833_mepc 0x0000000080005d7e
core   0: 0x000000008000601a (0x30200073) mret
core   0: 3 0x000000008000601a (0x30200073) c768_mstatus 0x8000000a00106082
core   0: 0x0000000080005d7e (0xa0617893) andi    a7, sp, -1530
core   0: 1 0x0000000080005d7e (0xa0617893) x17 0x000000000469f004
core   0: 0x0000000080005d82 (0x033d79b3) remu    s3, s10, s3
core   0: 1 0x0000000080005d82 (0x033d79b3) x19 0x000000000000001d
core   0: 0x0000000080005d86 (0x232f2dd3) fsgnjx.d fs11, ft10, fs2
core   0: 1 0x0000000080005d86 (0x232f2dd3) f27 0x7ff8000000000000
core   0: 0x0000000080005d8a (0xd02e79d3) fcvt.s.l fs3, t3
core   0: 1 0x0000000080005d8a (0xd02e79d3) f19 0xffffffff3f800000
core   0: 0x0000000080005d8e (0xb02d3d73) csrrc   s10, minstret, s10
core   0: exception trap_illegal_instruction, epc 0x0000000080005d8e
core   0:           tval 0x00000000b02d3d73
core   0: >>>>  $xrv64i2p1_m2p0_a2p1_f2p2_d2p2_zicsr2p0_zifencei2p0_zmmul1p0_zba1p0_zbb1p0_zbc1p0_zbs1p0
core   0: 0x0000000080004000 (0x0080006f) j       pc + 0x8
core   0: 3 0x0000000080004000 (0x0080006f)
core   0: >>>>  mmode_exception_handler
core   0: 0x0000000080004008 (0x00002c17) auipc   s8, 0x2
core   0: 3 0x0000000080004008 (0x00002c17) x24 0x0000000080006008
core   0: 0x000000008000400c (0xfd8c0c13) addi    s8, s8, -40
core   0: 3 0x000000008000400c (0xfd8c0c13) x24 0x0000000080005fe0
core   0: 0x0000000080004010 (0x000c00e7) jalr    s8
core   0: 3 0x0000000080004010 (0x000c00e7) x1  0x0000000080004014
core   0: >>>>  any_handler
core   0: 0x0000000080005fe0 (0x341027f3) csrrs   a5, mepc, zero
core   0: 3 0x0000000080005fe0 (0x341027f3) x15 0x0000000080005d8e
core   0: 0x0000000080005fe4 (0x34202773) csrrs   a4, mcause, zero
core   0: 3 0x0000000080005fe4 (0x34202773) x14 0x0000000000000002
core   0: 0x0000000080005fe8 (0x142026f3) csrrs   a3, scause, zero
core   0: 3 0x0000000080005fe8 (0x142026f3) x13 0x000000000000001c
core   0: 0x0000000080005fec (0x30402673) csrrs   a2, mie, zero
core   0: 3 0x0000000080005fec (0x30402673) x12 0x0000000000000a00
core   0: 0x0000000080005ff0 (0x344025f3) csrrs   a1, mip, zero
core   0: 3 0x0000000080005ff0 (0x344025f3) x11 0x0000000000000080
core   0: 0x0000000080005ff4 (0x343025f3) csrrs   a1, mtval, zero
core   0: 3 0x0000000080005ff4 (0x343025f3) x11 0x00000000b02d3d73
core   0: 0x0000000080005ff8 (0x14302573) csrrs   a0, stval, zero
core   0: 3 0x0000000080005ff8 (0x14302573) x10 0x0000000000000000
core   0: 0x0000000080005ffc (0xb02024f3) csrrs   s1, minstret, zero
core   0: 3 0x0000000080005ffc (0xb02024f3) x9  0x00000000000011af
core   0: 0x0000000080006000 (0x0000a811) c.j     pc + 20
core   0: 3 0x0000000080006000 (0xa811)
core   0: >>>>  mepc_4
core   0: 0x0000000080006014 (0x00000791) c.addi  a5, 4
core   0: 3 0x0000000080006014 (0x0791) x15 0x0000000080005d92
core   0: 0x0000000080006016 (0x34179073) csrrw   zero, mepc, a5
core   0: 3 0x0000000080006016 (0x34179073) c833_mepc 0x0000000080005d92
core   0: 0x000000008000601a (0x30200073) mret
core   0: 3 0x000000008000601a (0x30200073) c768_mstatus 0x8000000a00106082
core   0: 0x0000000080005d92 (0x403d583b) sraw    a6, s10, gp
core   0: 1 0x0000000080005d92 (0x403d583b) x16 0x000000000000001d
core   0: 0x0000000080005d96 (0x0150d1b3) srl     gp, ra, s5
core   0: 1 0x0000000080005d96 (0x0150d1b3) x3  0x0000000080004014
core   0: 0x0000000080005d9a (0xd036fed3) fcvt.s.lu ft9, a3
core   0: 1 0x0000000080005d9a (0xd036fed3) f29 0xffffffff41e00000
core   0: 0x0000000080005d9e (0x0000985a) c.add   a6, s6
core   0: 1 0x0000000080005d9e (0x985a) x16 0x000000000000001e
core   0: 0x0000000080005da0 (0x00bc2d33) slt     s10, s8, a1
core   0: 1 0x0000000080005da0 (0x00bc2d33) x26 0x0000000000000001
core   0: 0x0000000080005da4 (0x00102373) csrrs   t1, fflags, zero
core   0: 1 0x0000000080005da4 (0x00102373) x6  0x000000000000001d
core   0: 0x0000000080005da8 (0x420d0d53) fcvt.d.s fs10, fs10
core   0: 1 0x0000000080005da8 (0x420d0d53) f26 0x0000000000000000
core   0: 0x0000000080005dac (0x0ff0000f) fence   iorw,iorw
core   0: 1 0x0000000080005dac (0x0ff0000f)
core   0: 0x0000000080005db0 (0x036375bb) remuw   a1, t1, s6
core   0: 1 0x0000000080005db0 (0x036375bb) x11 0x0000000000000000
core   0: 0x0000000080005db4 (0x00202973) csrrs   s2, frm, zero
core   0: 1 0x0000000080005db4 (0x00202973) x18 0x0000000000000000
core   0: 0x0000000080005db8 (0xfffc811b) addiw   sp, s9, -1
core   0: 1 0x0000000080005db8 (0xfffc811b) x2  0x000000000000001c
core   0: 0x0000000080005dbc (0xc038fd53) fcvt.lu.s s10, fa7
core   0: 1 0x0000000080005dbc (0xc038fd53) c1_fflags 0x000000000000001d x26 0xffffffffffffffff
core   0: 0x0000000080005dc0 (0x0144d3b3) srl     t2, s1, s4
core   0: 1 0x0000000080005dc0 (0x0144d3b3) x7  0x0000000000000000
core   0: 0x0000000080005dc4 (0xede8831b) addiw   t1, a7, -290
core   0: 1 0x0000000080005dc4 (0xede8831b) x6  0x000000000469eee2
core   0: 0x0000000080005dc8 (0x4a2d74cb) fnmsub.d fs1, fs10, ft2, fs1
core   0: 1 0x0000000080005dc8 (0x4a2d74cb) f9  0x7ff8000000000000
core   0: 0x0000000080005dcc (0x02e81eb3) mulh    t4, a6, a4
core   0: 1 0x0000000080005dcc (0x02e81eb3) x29 0x0000000000000000
core   0: 0x0000000080005dd0 (0x009e4e33) xor     t3, t3, s1
core   0: 1 0x0000000080005dd0 (0x009e4e33) x28 0x00000000000011ae
core   0: 0x0000000080005dd4 (0x0378f6bb) remuw   a3, a7, s7
core   0: 1 0x0000000080005dd4 (0x0378f6bb) x13 0x000000000469f004
core   0: 0x0000000080005dd8 (0x00000001) c.nop
core   0: 1 0x0000000080005dd8 (0x0001)
core   0: 0x0000000080005dda (0x02f4fd53) fadd.d  fs10, fs1, fa5
core   0: 1 0x0000000080005dda (0x02f4fd53) f26 0x7ff8000000000000
core   0: 0x0000000080005dde (0x03bdddbb) divuw   s11, s11, s11
core   0: 1 0x0000000080005dde (0x03bdddbb) x27 0x0000000000000001
core   0: 0x0000000080005de2 (0x0054d4b3) srl     s1, s1, t0
core   0: 1 0x0000000080005de2 (0x0054d4b3) x9  0x00000000000011af
core   0: 0x0000000080005de6 (0x41ce57b3) sra     a5, t3, t3
core   0: 1 0x0000000080005de6 (0x41ce57b3) x15 0x0000000000000000
core   0: 0x0000000080005dea (0xc217f653) fcvt.wu.d a2, fa5
core   0: 1 0x0000000080005dea (0xc217f653) c1_fflags 0x000000000000001d x12 0xffffffffffffffff
core   0: 0x0000000080005dee (0x4065d43b) sraw    s0, a1, t1
core   0: 1 0x0000000080005dee (0x4065d43b) x8  0x0000000000000000
core   0: 0x0000000080005df2 (0xc03ef553) fcvt.lu.s a0, ft9
core   0: 1 0x0000000080005df2 (0xc03ef553) x10 0x000000000000001c
core   0: 0x0000000080005df6 (0x2a8f1353) fmax.d  ft6, ft10, fs0
core   0: 1 0x0000000080005df6 (0x2a8f1353) f6  0x7ff8000000000000
core   0: 0x0000000080005dfa (0x4014f053) fcvt.s.d ft0, fs1
core   0: 1 0x0000000080005dfa (0x4014f053) f0  0xffffffff7fc00000
core   0: 0x0000000080005dfe (0x03cd7233) remu    tp, s10, t3
core   0: 1 0x0000000080005dfe (0x03cd7233) x4  0x0000000000000ed5
core   0: 0x0000000080005e02 (0x2b1d98d3) fmax.d  fa7, fs11, fa7
core   0: 1 0x0000000080005e02 (0x2b1d98d3) f17 0x7ff8000000000000
core   0: 0x0000000080005e06 (0x41a90933) sub     s2, s2, s10
core   0: 1 0x0000000080005e06 (0x41a90933) x18 0x0000000000000001
core   0: 0x0000000080005e0a (0x02e61bb3) mulh    s7, a2, a4
core   0: 1 0x0000000080005e0a (0x02e61bb3) x23 0xffffffffffffffff
core   0: 0x0000000080005e0e (0x00f5dcb3) srl     s9, a1, a5
core   0: 1 0x0000000080005e0e (0x00f5dcb3) x25 0x0000000000000000
core   0: 0x0000000080005e12 (0x417c8b33) sub     s6, s9, s7
core   0: 1 0x0000000080005e12 (0x417c8b33) x22 0x0000000000000001
core   0: 0x0000000080005e16 (0x03884abb) divw    s5, a6, s8
core   0: 1 0x0000000080005e16 (0x03884abb) x21 0x0000000000000000
core   0: 0x0000000080005e1a (0x0357d33b) divuw   t1, a5, s5
core   0: 1 0x0000000080005e1a (0x0357d33b) x6  0xffffffffffffffff
core   0: 0x0000000080005e1e (0x0187813b) addw    sp, a5, s8
core   0: 1 0x0000000080005e1e (0x0187813b) x2  0xffffffff80005fe0
core   0: 0x0000000080005e22 (0x02217433) remu    s0, sp, sp
core   0: 1 0x0000000080005e22 (0x02217433) x8  0x0000000000000000
core   0: 0x0000000080005e26 (0x22b8a053) fsgnjx.d ft0, fa7, fa1
core   0: 1 0x0000000080005e26 (0x22b8a053) f0  0x7ff8000000000000
core   0: 0x0000000080005e2a (0x0282a1b3) mulhsu  gp, t0, s0
core   0: 1 0x0000000080005e2a (0x0282a1b3) x3  0x0000000000000000
core   0: 0x0000000080005e2e (0x01006433) or      s0, zero, a6
core   0: 1 0x0000000080005e2e (0x01006433) x8  0x000000000000001e
core   0: 0x0000000080005e32 (0x02d45133) divu    sp, s0, a3
core   0: 1 0x0000000080005e32 (0x02d45133) x2  0x0000000000000000
core   0: 0x0000000080005e36 (0x00c79533) sll     a0, a5, a2
core   0: 1 0x0000000080005e36 (0x00c79533) x10 0x0000000000000000
core   0: 0x0000000080005e3a (0xc0247653) fcvt.l.s a2, fs0
core   0: 1 0x0000000080005e3a (0xc0247653) c1_fflags 0x000000000000001d x12 0x7fffffffffffffff
core   0: 0x0000000080005e3e (0x41f0dd13) srai    s10, ra, 31
core   0: 1 0x0000000080005e3e (0x41f0dd13) x26 0x0000000000000001
core   0: 0x0000000080005e42 (0x01169e1b) slliw   t3, a3, 17
core   0: 1 0x0000000080005e42 (0x01169e1b) x28 0xffffffffe0080000
core   0: 0x0000000080005e46 (0xe99d0813) addi    a6, s10, -359
core   0: 1 0x0000000080005e46 (0xe99d0813) x16 0xfffffffffffffe9a
core   0: 0x0000000080005e4a (0x403c0e3b) subw    t3, s8, gp
core   0: 1 0x0000000080005e4a (0x403c0e3b) x28 0xffffffff80005fe0
core   0: 0x0000000080005e4e (0x60207a13) andi    s4, zero, 1538
core   0: 1 0x0000000080005e4e (0x60207a13) x20 0x0000000000000000
core   0: 0x0000000080005e52 (0x120af3d3) fmul.d  ft7, fs5, ft0
core   0: 1 0x0000000080005e52 (0x120af3d3) f7  0x7ff8000000000000
core   0: 0x0000000080005e56 (0x404e5e33) sra     t3, t3, tp
core   0: 1 0x0000000080005e56 (0x404e5e33) x28 0xfffffffffffffc00
core   0: 0x0000000080005e5a (0x00000001) c.nop
core   0: 1 0x0000000080005e5a (0x0001)
core   0: 0x0000000080005e5c (0x000c76b3) and     a3, s8, zero
core   0: 1 0x0000000080005e5c (0x000c76b3) x13 0x0000000000000000
core   0: 0x0000000080005e60 (0x5a0a7a53) fsqrt.d fs4, fs4
core   0: 1 0x0000000080005e60 (0x5a0a7a53) f20 0x7ff8000000000000
core   0: 0x0000000080005e64 (0xd22c7ed3) fcvt.d.l ft9, s8
core   0: 1 0x0000000080005e64 (0xd22c7ed3) f29 0x41e0000bfc000000
core   0: 0x0000000080005e68 (0x0dbe0c37) lui     s8, 0xdbe0
core   0: 1 0x0000000080005e68 (0x0dbe0c37) x24 0x000000000dbe0000
core   0: 0x0000000080005e6c (0x0af57253) fsub.d  ft4, fa0, fa5
core   0: 1 0x0000000080005e6c (0x0af57253) f4  0x7ff8000000000000
core   0: 0x0000000080005e70 (0x2aa51f53) fmax.d  ft10, fa0, fa0
core   0: 1 0x0000000080005e70 (0x2aa51f53) f30 0x7ff8000000000000
core   0: 0x0000000080005e74 (0x0174d3b3) srl     t2, s1, s7
core   0: 1 0x0000000080005e74 (0x0174d3b3) x7  0x0000000000000000
core   0: 0x0000000080005e78 (0x00099e13) slli    t3, s3, 0
core   0: 1 0x0000000080005e78 (0x00099e13) x28 0x000000000000001d
core   0: 0x0000000080005e7c (0x03c27dd3) fadd.d  fs11, ft4, ft8
core   0: 1 0x0000000080005e7c (0x03c27dd3) f27 0x7ff8000000000000
core   0: 0x0000000080005e80 (0x051e8037) lui     zero, 0x51e8
core   0: 1 0x0000000080005e80 (0x051e8037)
core   0: 0x0000000080005e84 (0x1bd0001b) addiw   zero, zero, 445
core   0: 1 0x0000000080005e84 (0x1bd0001b)
core   0: 0x0000000080005e88 (0x00c01013) slli    zero, zero, 12
core   0: 1 0x0000000080005e88 (0x00c01013)
core   0: 0x0000000080005e8c (0x37500013) li      zero, 885
core   0: 1 0x0000000080005e8c (0x37500013)
core   0: 0x0000000080005e90 (0x02a07053) fadd.d  ft0, ft0, fa0
core   0: 1 0x0000000080005e90 (0x02a07053) f0  0x7ff8000000000000
core   0: 0x0000000080005e94 (0x4014fa53) fcvt.s.d fs4, fs1
core   0: 1 0x0000000080005e94 (0x4014fa53) f20 0xffffffff7fc00000
core   0: 0x0000000080005e98 (0xc0339373) csrrw   t1, hpmcounter3, t2
core   0: exception trap_illegal_instruction, epc 0x0000000080005e98
core   0:           tval 0x00000000c0339373
core   0: >>>>  $xrv64i2p1_m2p0_a2p1_f2p2_d2p2_zicsr2p0_zifencei2p0_zmmul1p0_zba1p0_zbb1p0_zbc1p0_zbs1p0
core   0: 0x0000000080004000 (0x0080006f) j       pc + 0x8
core   0: 3 0x0000000080004000 (0x0080006f)
core   0: >>>>  mmode_exception_handler
core   0: 0x0000000080004008 (0x00002c17) auipc   s8, 0x2
core   0: 3 0x0000000080004008 (0x00002c17) x24 0x0000000080006008
core   0: 0x000000008000400c (0xfd8c0c13) addi    s8, s8, -40
core   0: 3 0x000000008000400c (0xfd8c0c13) x24 0x0000000080005fe0
core   0: 0x0000000080004010 (0x000c00e7) jalr    s8
core   0: 3 0x0000000080004010 (0x000c00e7) x1  0x0000000080004014
core   0: >>>>  any_handler
core   0: 0x0000000080005fe0 (0x341027f3) csrrs   a5, mepc, zero
core   0: 3 0x0000000080005fe0 (0x341027f3) x15 0x0000000080005e98
core   0: 0x0000000080005fe4 (0x34202773) csrrs   a4, mcause, zero
core   0: 3 0x0000000080005fe4 (0x34202773) x14 0x0000000000000002
core   0: 0x0000000080005fe8 (0x142026f3) csrrs   a3, scause, zero
core   0: 3 0x0000000080005fe8 (0x142026f3) x13 0x000000000000001c
core   0: 0x0000000080005fec (0x30402673) csrrs   a2, mie, zero
core   0: 3 0x0000000080005fec (0x30402673) x12 0x0000000000000a00
core   0: 0x0000000080005ff0 (0x344025f3) csrrs   a1, mip, zero
core   0: 3 0x0000000080005ff0 (0x344025f3) x11 0x0000000000000080
core   0: 0x0000000080005ff4 (0x343025f3) csrrs   a1, mtval, zero
core   0: 3 0x0000000080005ff4 (0x343025f3) x11 0x00000000c0339373
core   0: 0x0000000080005ff8 (0x14302573) csrrs   a0, stval, zero
core   0: 3 0x0000000080005ff8 (0x14302573) x10 0x0000000000000000
core   0: 0x0000000080005ffc (0xb02024f3) csrrs   s1, minstret, zero
core   0: 3 0x0000000080005ffc (0xb02024f3) x9  0x0000000000001202
core   0: 0x0000000080006000 (0x0000a811) c.j     pc + 20
core   0: 3 0x0000000080006000 (0xa811)
core   0: >>>>  mepc_4
core   0: 0x0000000080006014 (0x00000791) c.addi  a5, 4
core   0: 3 0x0000000080006014 (0x0791) x15 0x0000000080005e9c
core   0: 0x0000000080006016 (0x34179073) csrrw   zero, mepc, a5
core   0: 3 0x0000000080006016 (0x34179073) c833_mepc 0x0000000080005e9c
core   0: 0x000000008000601a (0x30200073) mret
core   0: 3 0x000000008000601a (0x30200073) c768_mstatus 0x8000000a00106082
core   0: 0x0000000080005e9c (0x41555e1b) sraiw   t3, a0, 21
core   0: 1 0x0000000080005e9c (0x41555e1b) x28 0x0000000000000000
core   0: 0x0000000080005ea0 (0x00c6163b) sllw    a2, a2, a2
core   0: 1 0x0000000080005ea0 (0x00c6163b) x12 0x0000000000000a00
core   0: 0x0000000080005ea4 (0x40e6d4bb) sraw    s1, a3, a4
core   0: 1 0x0000000080005ea4 (0x40e6d4bb) x9  0x0000000000000007
core   0: 0x0000000080005ea8 (0x0284b033) mulhu   zero, s1, s0
core   0: 1 0x0000000080005ea8 (0x0284b033)
core   0: 0x0000000080005eac (0xe20a0e53) fmv.x.d t3, fs4
core   0: 1 0x0000000080005eac (0xe20a0e53) x28 0xffffffff7fc00000
core   0: 0x0000000080005eb0 (0x024cd4b3) divu    s1, s9, tp
core   0: 1 0x0000000080005eb0 (0x024cd4b3) x9  0x0000000000000000
core   0: 0x0000000080005eb4 (0x00000001) c.nop
core   0: 1 0x0000000080005eb4 (0x0001)
core   0: 0x0000000080005eb6 (0xfffa2113) slti    sp, s4, -1
core   0: 1 0x0000000080005eb6 (0xfffa2113) x2  0x0000000000000000
core   0: 0x0000000080005eba (0x03a11793) slli    a5, sp, 58
core   0: 1 0x0000000080005eba (0x03a11793) x15 0x0000000000000000
core   0: 0x0000000080005ebe (0xc221fb53) fcvt.l.d s6, ft3
core   0: 1 0x0000000080005ebe (0xc221fb53) c1_fflags 0x000000000000001d x22 0x7fffffffffffffff
core   0: 0x0000000080005ec2 (0x01bb9593) slli    a1, s7, 27
core   0: 1 0x0000000080005ec2 (0x01bb9593) x11 0xfffffffff8000000
core   0: 0x0000000080005ec6 (0x7ff8f793) andi    a5, a7, 2047
core   0: 1 0x0000000080005ec6 (0x7ff8f793) x15 0x0000000000000004
core   0: 0x0000000080005eca (0x02155033) divu    zero, a0, ra
core   0: 1 0x0000000080005eca (0x02155033)
core   0: 0x0000000080005ece (0xc204f5d3) fcvt.w.d a1, fs1
core   0: 1 0x0000000080005ece (0xc204f5d3) c1_fflags 0x000000000000001d x11 0x000000007fffffff
core   0: 0x0000000080005ed2 (0xa34a8053) fle.d   zero, fs5, fs4
core   0: 1 0x0000000080005ed2 (0xa34a8053) c1_fflags 0x000000000000001d
core   0: 0x0000000080005ed6 (0x03404b33) div     s6, zero, s4
core   0: 1 0x0000000080005ed6 (0x03404b33) x22 0xffffffffffffffff
core   0: 0x0000000080005eda (0x41e35d93) srai    s11, t1, 30
core   0: 1 0x0000000080005eda (0x41e35d93) x27 0xffffffffffffffff
core   0: 0x0000000080005ede (0x10a0d073) csrrwi  zero, senvcfg, 1
core   0: 1 0x0000000080005ede (0x10a0d073) c266_senvcfg 0x0000000000000000
core   0: 0x0000000080005ee2 (0xd232f353) fcvt.d.lu ft6, t0
core   0: 1 0x0000000080005ee2 (0xd232f353) f6  0x0000000000000000
core   0: 0x0000000080005ee6 (0x1392841b) addiw   s0, t0, 313
core   0: 1 0x0000000080005ee6 (0x1392841b) x8  0x0000000000000139
core   0: 0x0000000080005eea (0x2a558797) auipc   a5, 0x2a558
core   0: 1 0x0000000080005eea (0x2a558797) x15 0x00000000aa55deea
core   0: 0x0000000080005eee (0x00f825b3) slt     a1, a6, a5
core   0: 1 0x0000000080005eee (0x00f825b3) x11 0x0000000000000001
core   0: 0x0000000080005ef2 (0xffc7e137) lui     sp, 0xffc7e
core   0: 1 0x0000000080005ef2 (0xffc7e137) x2  0xffffffffffc7e000
core   0: 0x0000000080005ef6 (0x0311011b) addiw   sp, sp, 49
core   0: 1 0x0000000080005ef6 (0x0311011b) x2  0xffffffffffc7e031
core   0: 0x0000000080005efa (0x0000013e) c.slli  sp, 15
core   0: 1 0x0000000080005efa (0x013e) x2  0xffffffe3f0188000
core   0: 0x0000000080005efc (0x26810113) addi    sp, sp, 616
core   0: 1 0x0000000080005efc (0x26810113) x2  0xffffffe3f0188268
core   0: 0x0000000080005f00 (0x40d55bb3) sra     s7, a0, a3
core   0: 1 0x0000000080005f00 (0x40d55bb3) x23 0x0000000000000000
core   0: 0x0000000080005f04 (0x03200733) mul     a4, zero, s2
core   0: 1 0x0000000080005f04 (0x03200733) x14 0x0000000000000000
core   0: 0x0000000080005f08 (0x4307cbb7) lui     s7, 0x4307c
core   0: 1 0x0000000080005f08 (0x4307cbb7) x23 0x000000004307c000
core   0: 0x0000000080005f0c (0x9a95794f) fnmadd.d fs2, fa0, fs1, fs3
core   0: 1 0x0000000080005f0c (0x9a95794f) f18 0x7ff8000000000000
core   0: 0x0000000080005f10 (0x408a8abb) subw    s5, s5, s0
core   0: 1 0x0000000080005f10 (0x408a8abb) x21 0xfffffffffffffec7
core   0: 0x0000000080005f14 (0xc20d7e53) fcvt.w.d t3, fs10
core   0: 1 0x0000000080005f14 (0xc20d7e53) c1_fflags 0x000000000000001d x28 0x000000007fffffff
core   0: 0x0000000080005f18 (0x837171cb) fnmsub.d ft3, ft2, fs7, fa6
core   0: 1 0x0000000080005f18 (0x837171cb) f3  0x7ff8000000000000
core   0: 0x0000000080005f1c (0x14050893) addi    a7, a0, 320
core   0: 1 0x0000000080005f1c (0x14050893) x17 0x0000000000000140
core   0: 0x0000000080005f20 (0xe224714f) fnmadd.d ft2, fs0, ft2, ft8
core   0: 1 0x0000000080005f20 (0xe224714f) f2  0x7ff8000000000000
core   0: 0x0000000080005f24 (0x036906b3) mul     a3, s2, s6
core   0: 1 0x0000000080005f24 (0x036906b3) x13 0xffffffffffffffff
core   0: 0x0000000080005f28 (0x0002d813) srli    a6, t0, 0
core   0: 1 0x0000000080005f28 (0x0002d813) x16 0x0000000000000000
core   0: 0x0000000080005f2c (0x0062d0bb) srlw    ra, t0, t1
core   0: 1 0x0000000080005f2c (0x0062d0bb) x1  0x0000000000000000
core   0: 0x0000000080005f30 (0x0118c8b3) xor     a7, a7, a7
core   0: 1 0x0000000080005f30 (0x0118c8b3) x17 0x0000000000000000
core   0: 0x0000000080005f34 (0xf4a35e37) lui     t3, 0xf4a35
core   0: 1 0x0000000080005f34 (0xf4a35e37) x28 0xfffffffff4a35000
core   0: 0x0000000080005f38 (0xd237fed3) fcvt.d.lu ft9, a5
core   0: 1 0x0000000080005f38 (0xd237fed3) f29 0x41e54abbdd400000
core   0: 0x0000000080005f3c (0x0b3ef653) fsub.d  fa2, ft9, fs3
core   0: 1 0x0000000080005f3c (0x0b3ef653) f12 0x7ff8000000000000
core   0: 0x0000000080005f40 (0x02dd5b3b) divuw   s6, s10, a3
core   0: 1 0x0000000080005f40 (0x02dd5b3b) x22 0x0000000000000000
core   0: 0x0000000080005f44 (0x413bd3bb) sraw    t2, s7, s3
core   0: 1 0x0000000080005f44 (0x413bd3bb) x7  0x0000000000000002
core   0: 0x0000000080005f48 (0x454d3017) auipc   zero, 0x454d3
core   0: 1 0x0000000080005f48 (0x454d3017)
core   0: 0x0000000080005f4c (0x40a65c3b) sraw    s8, a2, a0
core   0: 1 0x0000000080005f4c (0x40a65c3b) x24 0x0000000000000a00
core   0: 0x0000000080005f50 (0x3d230e13) addi    t3, t1, 978
core   0: 1 0x0000000080005f50 (0x3d230e13) x28 0x00000000000003d1
core   0: 0x0000000080005f54 (0x001d9c13) slli    s8, s11, 1
core   0: 1 0x0000000080005f54 (0x001d9c13) x24 0xfffffffffffffffe
core   0: 0x0000000080005f58 (0x0af7b0b7) lui     ra, 0xaf7b
core   0: 1 0x0000000080005f58 (0x0af7b0b7) x1  0x000000000af7b000
core   0: 0x0000000080005f5c (0xfff7f013) andi    zero, a5, -1
core   0: 1 0x0000000080005f5c (0xfff7f013)
core   0: 0x0000000080005f60 (0xc02cf953) fcvt.l.s s2, fs9
core   0: 1 0x0000000080005f60 (0xc02cf953) c1_fflags 0x000000000000001d x18 0x7fffffffffffffff
core   0: 0x0000000080005f64 (0xc025f1d3) fcvt.l.s gp, fa1
core   0: 1 0x0000000080005f64 (0xc025f1d3) c1_fflags 0x000000000000001d x3  0x7fffffffffffffff
core   0: 0x0000000080005f68 (0x03889433) mulh    s0, a7, s8
core   0: 1 0x0000000080005f68 (0x03889433) x8  0x0000000000000000
core   0: 0x0000000080005f6c (0x2a22f14b) fnmsub.d ft2, ft5, ft2, ft5
core   0: 1 0x0000000080005f6c (0x2a22f14b) f2  0x7ff8000000000000
core   0: 0x0000000080005f70 (0x40bdd5bb) sraw    a1, s11, a1
core   0: 1 0x0000000080005f70 (0x40bdd5bb) x11 0xffffffffffffffff
core   0: 0x0000000080005f74 (0x03d0e337) lui     t1, 0x3d0e
core   0: 1 0x0000000080005f74 (0x03d0e337) x6  0x0000000003d0e000
core   0: 0x0000000080005f78 (0xd513031b) addiw   t1, t1, -687
core   0: 1 0x0000000080005f78 (0xd513031b) x6  0x0000000003d0dd51
core   0: 0x0000000080005f7c (0x00000336) c.slli  t1, 13
core   0: 1 0x0000000080005f7c (0x0336) x6  0x0000007a1baa2000
core   0: 0x0000000080005f7e (0xe5a30313) addi    t1, t1, -422
core   0: 1 0x0000000080005f7e (0xe5a30313) x6  0x0000007a1baa1e5a
core   0: 0x0000000080005f82 (0xb411079b) addiw   a5, sp, -1215
core   0: 1 0x0000000080005f82 (0xb411079b) x15 0xfffffffff0187da9
core   0: 0x0000000080005f86 (0x0ab8f5d3) fsub.d  fa1, fa7, fa1
core   0: 1 0x0000000080005f86 (0x0ab8f5d3) f11 0x7ff8000000000000
core   0: 0x0000000080005f8a (0xd2118e53) fcvt.d.wu ft8, gp
core   0: 1 0x0000000080005f8a (0xd2118e53) f28 0x41efffffffe00000
core   0: 0x0000000080005f8e (0x00639d9b) slliw   s11, t2, 6
core   0: 1 0x0000000080005f8e (0x00639d9b) x27 0x0000000000000080
core   0: 0x0000000080005f92 (0xed841197) auipc   gp, 0xed841
core   0: 1 0x0000000080005f92 (0xed841197) x3  0x000000006d846f92
core   0: 0x0000000080005f96 (0x0223713b) remuw   sp, t1, sp
core   0: 1 0x0000000080005f96 (0x0223713b) x2  0x000000001baa1e5a
core   0: 0x0000000080005f9a (0x40880abb) subw    s5, a6, s0
core   0: 1 0x0000000080005f9a (0x40880abb) x21 0x0000000000000000
core   0: 0x0000000080005f9e (0xc23e7cd3) fcvt.lu.d s9, ft8
core   0: 1 0x0000000080005f9e (0xc23e7cd3) x25 0x00000000ffffffff
core   0: 0x0000000080005fa2 (0x029675bb) remuw   a1, a2, s1
core   0: 1 0x0000000080005fa2 (0x029675bb) x11 0x0000000000000a00
core   0: 0x0000000080005fa6 (0xd236f453) fcvt.d.lu fs0, a3
core   0: 1 0x0000000080005fa6 (0xd236f453) c1_fflags 0x000000000000001d f8  0x43f0000000000000
core   0: 0x0000000080005faa (0x5a04f4d3) fsqrt.d fs1, fs1
core   0: 1 0x0000000080005faa (0x5a04f4d3) f9  0x7ff8000000000000
core   0: 0x0000000080005fae (0x02eae13b) remw    sp, s5, a4
core   0: 1 0x0000000080005fae (0x02eae13b) x2  0x0000000000000000
core   0: 0x0000000080005fb2 (0xc20c7ad3) fcvt.w.d s5, fs8
core   0: 1 0x0000000080005fb2 (0xc20c7ad3) c1_fflags 0x000000000000001d x21 0x000000007fffffff
core   0: 0x0000000080005fb6 (0xf2050853) fmv.d.x fa6, a0
core   0: 1 0x0000000080005fb6 (0xf2050853) f16 0x0000000000000000
core   0: 0x0000000080005fba (0xc2347ed3) fcvt.lu.d t4, fs0
core   0: 1 0x0000000080005fba (0xc2347ed3) c1_fflags 0x000000000000001d x29 0xffffffffffffffff
core   0: 0x0000000080005fbe (0x00031493) slli    s1, t1, 0
core   0: 1 0x0000000080005fbe (0x00031493) x9  0x0000007a1baa1e5a
core   0: 0x0000000080005fc2 (0x0004de13) srli    t3, s1, 0
core   0: 1 0x0000000080005fc2 (0x0004de13) x28 0x0000007a1baa1e5a
core   0: 0x0000000080005fc6 (0xd0347453) fcvt.s.lu fs0, s0
core   0: 1 0x0000000080005fc6 (0xd0347453) f8  0xffffffff00000000
core   0: 0x0000000080005fca (0x016bfab3) and     s5, s7, s6
core   0: 1 0x0000000080005fca (0x016bfab3) x21 0x0000000000000000
core   0: 0x0000000080005fce (0xfff2e013) ori     zero, t0, -1
core   0: 1 0x0000000080005fce (0xfff2e013)
core   0: 0x0000000080005fd2 (0x4148581b) sraiw   a6, a6, 20
core   0: 1 0x0000000080005fd2 (0x4148581b) x16 0x0000000000000000
core   0: 0x0000000080005fd6 (0x03242433) mulhsu  s0, s0, s2
core   0: 1 0x0000000080005fd6 (0x03242433) x8  0x0000000000000000
core   0: >>>>  write_tohost
core   0: 0x0000000080005fda (0xa0afa0ef) jal     pc - 0x5df6
core   0: 1 0x0000000080005fda (0xa0afa0ef) x1  0x0000000080005fde
core   0: >>>>  _exit
core   0: 0x00000000800001e4 (0x00004505) c.li    a0, 1
core   0: 1 0x00000000800001e4 (0x4505) x10 0x0000000000000001
core   0: 0x00000000800001e6 (0x00001f17) auipc   t5, 0x1
core   0: 1 0x00000000800001e6 (0x00001f17) x30 0x00000000800011e6
core   0: 0x00000000800001ea (0xe0af2d23) sw      a0, -486(t5)
core   0: 1 0x00000000800001ea (0xe0af2d23) mem 0x0000000080001000 0x00000001
cp /home/server/RISCV/cva6/verif/sim/out/seed_1887/spike_sim/new_seeds_1887_.cv64a6_imafdc_sv39.log.iss /home/server/RISCV/cva6/verif/sim/out/seed_1887/spike_sim/new_seeds_1887_.cv64a6_imafdc_sv39.log
