Makefile:14: must set CVA6_REPO_DIR to point at the root of CVA6 sources and CVA6_TB_DIR to point here -- doing it for you...
LD_LIBRARY_PATH="$(realpath ../../tools/spike/lib):$LD_LIBRARY_PATH" \
	/home/server/RISCV/cva6/tools/spike/bin/spike --steps=2000000  --log-commits --isa=rv64gc_zba_zbb_zbs_zbc_zicsr_zifencei --priv=msu -l /home/server/RISCV/cva6/verif/sim/out/seed_1162/directed_asm_tests/new_seeds_1162_.o
[SPIKE] Max simulation steps: 2000000
[SPIKE] Proc 0 | ISA: rv64gc_zba_zbb_zbs_zbc_zicsr_zifencei PRIV: msu
[SPIKE] Initializing memories...
core   0: 0x0000000000010000 (0x00100413) li      s0, 1
core   0: 3 0x0000000000010000 (0x00100413) x8  0x0000000000000001
core   0: 0x0000000000010004 (0x01f41413) slli    s0, s0, 31
core   0: 3 0x0000000000010004 (0x01f41413) x8  0x0000000080000000
core   0: 0x0000000000010008 (0xf1402573) csrrs   a0, mhartid, zero
core   0: 3 0x0000000000010008 (0xf1402573) x10 0x0000000000000000
core   0: 0x000000000001000c (0x00000597) auipc   a1, 0x0
core   0: 3 0x000000000001000c (0x00000597) x11 0x000000000001000c
core   0: 0x0000000000010010 (0x07458593) addi    a1, a1, 116
core   0: 3 0x0000000000010010 (0x07458593) x11 0x0000000000010080
core   0: 0x0000000000010014 (0x00040067) jr      s0
core   0: 3 0x0000000000010014 (0x00040067)
core   0: >>>>  _start
core   0: 0x0000000080000000 (0x00004081) c.li    ra, 0
core   0: 3 0x0000000080000000 (0x4081) x1  0x0000000000000000
core   0: 0x0000000080000002 (0x00004101) c.li    sp, 0
core   0: 3 0x0000000080000002 (0x4101) x2  0x0000000000000000
core   0: 0x0000000080000004 (0x00004181) c.li    gp, 0
core   0: 3 0x0000000080000004 (0x4181) x3  0x0000000000000000
core   0: 0x0000000080000006 (0x00004201) c.li    tp, 0
core   0: 3 0x0000000080000006 (0x4201) x4  0x0000000000000000
core   0: 0x0000000080000008 (0x00004281) c.li    t0, 0
core   0: 3 0x0000000080000008 (0x4281) x5  0x0000000000000000
core   0: 0x000000008000000a (0x00004301) c.li    t1, 0
core   0: 3 0x000000008000000a (0x4301) x6  0x0000000000000000
core   0: 0x000000008000000c (0x00004381) c.li    t2, 0
core   0: 3 0x000000008000000c (0x4381) x7  0x0000000000000000
core   0: 0x000000008000000e (0x00004401) c.li    s0, 0
core   0: 3 0x000000008000000e (0x4401) x8  0x0000000000000000
core   0: 0x0000000080000010 (0x00004481) c.li    s1, 0
core   0: 3 0x0000000080000010 (0x4481) x9  0x0000000000000000
core   0: 0x0000000080000012 (0x00004501) c.li    a0, 0
core   0: 3 0x0000000080000012 (0x4501) x10 0x0000000000000000
core   0: 0x0000000080000014 (0x00004581) c.li    a1, 0
core   0: 3 0x0000000080000014 (0x4581) x11 0x0000000000000000
core   0: 0x0000000080000016 (0x00004601) c.li    a2, 0
core   0: 3 0x0000000080000016 (0x4601) x12 0x0000000000000000
core   0: 0x0000000080000018 (0x00004681) c.li    a3, 0
core   0: 3 0x0000000080000018 (0x4681) x13 0x0000000000000000
core   0: 0x000000008000001a (0x00004701) c.li    a4, 0
core   0: 3 0x000000008000001a (0x4701) x14 0x0000000000000000
core   0: 0x000000008000001c (0x00004781) c.li    a5, 0
core   0: 3 0x000000008000001c (0x4781) x15 0x0000000000000000
core   0: 0x000000008000001e (0x00004801) c.li    a6, 0
core   0: 3 0x000000008000001e (0x4801) x16 0x0000000000000000
core   0: 0x0000000080000020 (0x00004881) c.li    a7, 0
core   0: 3 0x0000000080000020 (0x4881) x17 0x0000000000000000
core   0: 0x0000000080000022 (0x00004901) c.li    s2, 0
core   0: 3 0x0000000080000022 (0x4901) x18 0x0000000000000000
core   0: 0x0000000080000024 (0x00004981) c.li    s3, 0
core   0: 3 0x0000000080000024 (0x4981) x19 0x0000000000000000
core   0: 0x0000000080000026 (0x00004a01) c.li    s4, 0
core   0: 3 0x0000000080000026 (0x4a01) x20 0x0000000000000000
core   0: 0x0000000080000028 (0x00004a81) c.li    s5, 0
core   0: 3 0x0000000080000028 (0x4a81) x21 0x0000000000000000
core   0: 0x000000008000002a (0x00004b01) c.li    s6, 0
core   0: 3 0x000000008000002a (0x4b01) x22 0x0000000000000000
core   0: 0x000000008000002c (0x00004b81) c.li    s7, 0
core   0: 3 0x000000008000002c (0x4b81) x23 0x0000000000000000
core   0: 0x000000008000002e (0x00004c01) c.li    s8, 0
core   0: 3 0x000000008000002e (0x4c01) x24 0x0000000000000000
core   0: 0x0000000080000030 (0x00004c81) c.li    s9, 0
core   0: 3 0x0000000080000030 (0x4c81) x25 0x0000000000000000
core   0: 0x0000000080000032 (0x00004d01) c.li    s10, 0
core   0: 3 0x0000000080000032 (0x4d01) x26 0x0000000000000000
core   0: 0x0000000080000034 (0x00004d81) c.li    s11, 0
core   0: 3 0x0000000080000034 (0x4d81) x27 0x0000000000000000
core   0: 0x0000000080000036 (0x00004e01) c.li    t3, 0
core   0: 3 0x0000000080000036 (0x4e01) x28 0x0000000000000000
core   0: 0x0000000080000038 (0x00004e81) c.li    t4, 0
core   0: 3 0x0000000080000038 (0x4e81) x29 0x0000000000000000
core   0: 0x000000008000003a (0x00004f01) c.li    t5, 0
core   0: 3 0x000000008000003a (0x4f01) x30 0x0000000000000000
core   0: 0x000000008000003c (0x00004f81) c.li    t6, 0
core   0: 3 0x000000008000003c (0x4f81) x31 0x0000000000000000
core   0: 0x000000008000003e (0x000062f9) c.lui   t0, 0x1e
core   0: 3 0x000000008000003e (0x62f9) x5  0x000000000001e000
core   0: 0x0000000080000040 (0x3002a073) csrrs   zero, mstatus, t0
core   0: 3 0x0000000080000040 (0x3002a073) c768_mstatus 0x8000000a00006000
core   0: 0x0000000080000044 (0x00004285) c.li    t0, 1
core   0: 3 0x0000000080000044 (0x4285) x5  0x0000000000000001
core   0: 0x0000000080000046 (0x000002fe) c.slli  t0, 31
core   0: 3 0x0000000080000046 (0x02fe) x5  0x0000000080000000
core   0: 0x0000000080000048 (0x0002d863) bge     t0, zero, pc + 16
core   0: 3 0x0000000080000048 (0x0002d863)
core   0: 0x0000000080000058 (0x00000297) auipc   t0, 0x0
core   0: 3 0x0000000080000058 (0x00000297) x5  0x0000000080000058
core   0: 0x000000008000005c (0x09028293) addi    t0, t0, 144
core   0: 3 0x000000008000005c (0x09028293) x5  0x00000000800000e8
core   0: 0x0000000080000060 (0x30529073) csrrw   zero, mtvec, t0
core   0: 3 0x0000000080000060 (0x30529073) c773_mtvec 0x00000000800000e8
core   0: 0x0000000080000064 (0x00301073) csrrw   zero, fcsr, zero
core   0: 3 0x0000000080000064 (0x00301073) c1_fflags 0x0000000000000000 c2_frm 0x0000000000000000
core   0: 0x0000000080000068 (0xf0000053) fmv.w.x ft0, zero
core   0: 3 0x0000000080000068 (0xf0000053) f0  0xffffffff00000000
core   0: 0x000000008000006c (0xf00000d3) fmv.w.x ft1, zero
core   0: 3 0x000000008000006c (0xf00000d3) f1  0xffffffff00000000
core   0: 0x0000000080000070 (0xf0000153) fmv.w.x ft2, zero
core   0: 3 0x0000000080000070 (0xf0000153) f2  0xffffffff00000000
core   0: 0x0000000080000074 (0xf00001d3) fmv.w.x ft3, zero
core   0: 3 0x0000000080000074 (0xf00001d3) f3  0xffffffff00000000
core   0: 0x0000000080000078 (0xf0000253) fmv.w.x ft4, zero
core   0: 3 0x0000000080000078 (0xf0000253) f4  0xffffffff00000000
core   0: 0x000000008000007c (0xf00002d3) fmv.w.x ft5, zero
core   0: 3 0x000000008000007c (0xf00002d3) f5  0xffffffff00000000
core   0: 0x0000000080000080 (0xf0000353) fmv.w.x ft6, zero
core   0: 3 0x0000000080000080 (0xf0000353) f6  0xffffffff00000000
core   0: 0x0000000080000084 (0xf00003d3) fmv.w.x ft7, zero
core   0: 3 0x0000000080000084 (0xf00003d3) f7  0xffffffff00000000
core   0: 0x0000000080000088 (0xf0000453) fmv.w.x fs0, zero
core   0: 3 0x0000000080000088 (0xf0000453) f8  0xffffffff00000000
core   0: 0x000000008000008c (0xf00004d3) fmv.w.x fs1, zero
core   0: 3 0x000000008000008c (0xf00004d3) f9  0xffffffff00000000
core   0: 0x0000000080000090 (0xf0000553) fmv.w.x fa0, zero
core   0: 3 0x0000000080000090 (0xf0000553) f10 0xffffffff00000000
core   0: 0x0000000080000094 (0xf00005d3) fmv.w.x fa1, zero
core   0: 3 0x0000000080000094 (0xf00005d3) f11 0xffffffff00000000
core   0: 0x0000000080000098 (0xf0000653) fmv.w.x fa2, zero
core   0: 3 0x0000000080000098 (0xf0000653) f12 0xffffffff00000000
core   0: 0x000000008000009c (0xf00006d3) fmv.w.x fa3, zero
core   0: 3 0x000000008000009c (0xf00006d3) f13 0xffffffff00000000
core   0: 0x00000000800000a0 (0xf0000753) fmv.w.x fa4, zero
core   0: 3 0x00000000800000a0 (0xf0000753) f14 0xffffffff00000000
core   0: 0x00000000800000a4 (0xf00007d3) fmv.w.x fa5, zero
core   0: 3 0x00000000800000a4 (0xf00007d3) f15 0xffffffff00000000
core   0: 0x00000000800000a8 (0xf0000853) fmv.w.x fa6, zero
core   0: 3 0x00000000800000a8 (0xf0000853) f16 0xffffffff00000000
core   0: 0x00000000800000ac (0xf00008d3) fmv.w.x fa7, zero
core   0: 3 0x00000000800000ac (0xf00008d3) f17 0xffffffff00000000
core   0: 0x00000000800000b0 (0xf0000953) fmv.w.x fs2, zero
core   0: 3 0x00000000800000b0 (0xf0000953) f18 0xffffffff00000000
core   0: 0x00000000800000b4 (0xf00009d3) fmv.w.x fs3, zero
core   0: 3 0x00000000800000b4 (0xf00009d3) f19 0xffffffff00000000
core   0: 0x00000000800000b8 (0xf0000a53) fmv.w.x fs4, zero
core   0: 3 0x00000000800000b8 (0xf0000a53) f20 0xffffffff00000000
core   0: 0x00000000800000bc (0xf0000ad3) fmv.w.x fs5, zero
core   0: 3 0x00000000800000bc (0xf0000ad3) f21 0xffffffff00000000
core   0: 0x00000000800000c0 (0xf0000b53) fmv.w.x fs6, zero
core   0: 3 0x00000000800000c0 (0xf0000b53) f22 0xffffffff00000000
core   0: 0x00000000800000c4 (0xf0000bd3) fmv.w.x fs7, zero
core   0: 3 0x00000000800000c4 (0xf0000bd3) f23 0xffffffff00000000
core   0: 0x00000000800000c8 (0xf0000c53) fmv.w.x fs8, zero
core   0: 3 0x00000000800000c8 (0xf0000c53) f24 0xffffffff00000000
core   0: 0x00000000800000cc (0xf0000cd3) fmv.w.x fs9, zero
core   0: 3 0x00000000800000cc (0xf0000cd3) f25 0xffffffff00000000
core   0: 0x00000000800000d0 (0xf0000d53) fmv.w.x fs10, zero
core   0: 3 0x00000000800000d0 (0xf0000d53) f26 0xffffffff00000000
core   0: 0x00000000800000d4 (0xf0000dd3) fmv.w.x fs11, zero
core   0: 3 0x00000000800000d4 (0xf0000dd3) f27 0xffffffff00000000
core   0: 0x00000000800000d8 (0xf0000e53) fmv.w.x ft8, zero
core   0: 3 0x00000000800000d8 (0xf0000e53) f28 0xffffffff00000000
core   0: 0x00000000800000dc (0xf0000ed3) fmv.w.x ft9, zero
core   0: 3 0x00000000800000dc (0xf0000ed3) f29 0xffffffff00000000
core   0: 0x00000000800000e0 (0xf0000f53) fmv.w.x ft10, zero
core   0: 3 0x00000000800000e0 (0xf0000f53) f30 0xffffffff00000000
core   0: 0x00000000800000e4 (0xf0000fd3) fmv.w.x ft11, zero
core   0: 3 0x00000000800000e4 (0xf0000fd3) f31 0xffffffff00000000
core   0: 0x00000000800000e8 (0x00000297) auipc   t0, 0x0
core   0: 3 0x00000000800000e8 (0x00000297) x5  0x00000000800000e8
core   0: 0x00000000800000ec (0x03c28293) addi    t0, t0, 60
core   0: 3 0x00000000800000ec (0x03c28293) x5  0x0000000080000124
core   0: 0x00000000800000f0 (0x30529073) csrrw   zero, mtvec, t0
core   0: 3 0x00000000800000f0 (0x30529073) c773_mtvec 0x0000000080000124
core   0: 0x00000000800000f4 (0x00012197) auipc   gp, 0x12
core   0: 3 0x00000000800000f4 (0x00012197) x3  0x00000000800120f4
core   0: 0x00000000800000f8 (0x73418193) addi    gp, gp, 1844
core   0: 3 0x00000000800000f8 (0x73418193) x3  0x0000000080012828
core   0: 0x00000000800000fc (0x00012217) auipc   tp, 0x12
core   0: 3 0x00000000800000fc (0x00012217) x4  0x00000000800120fc
core   0: 0x0000000080000100 (0xf8320213) addi    tp, tp, -125
core   0: 3 0x0000000080000100 (0xf8320213) x4  0x000000008001207f
core   0: 0x0000000080000104 (0xfc027213) andi    tp, tp, -64
core   0: 3 0x0000000080000104 (0xfc027213) x4  0x0000000080012040
core   0: 0x0000000080000108 (0xf1402573) csrrs   a0, mhartid, zero
core   0: 3 0x0000000080000108 (0xf1402573) x10 0x0000000000000000
core   0: 0x000000008000010c (0x00004585) c.li    a1, 1
core   0: 3 0x000000008000010c (0x4585) x11 0x0000000000000001
core   0: 0x000000008000010e (0x00b57063) bgeu    a0, a1, pc + 0
core   0: 3 0x000000008000010e (0x00b57063)
core   0: 0x0000000080000112 (0x00150113) addi    sp, a0, 1
core   0: 3 0x0000000080000112 (0x00150113) x2  0x0000000000000001
core   0: 0x0000000080000116 (0x00000146) c.slli  sp, 17
core   0: 3 0x0000000080000116 (0x0146) x2  0x0000000000020000
core   0: 0x0000000080000118 (0x00009112) c.add   sp, tp
core   0: 3 0x0000000080000118 (0x9112) x2  0x0000000080032040
core   0: 0x000000008000011a (0x01151613) slli    a2, a0, 17
core   0: 3 0x000000008000011a (0x01151613) x12 0x0000000000000000
core   0: 0x000000008000011e (0x00009232) c.add   tp, a2
core   0: 3 0x000000008000011e (0x9232) x4  0x0000000080012040
core   0: 0x0000000080000120 (0x4160f06f) j       pc + 0xf416
core   0: 3 0x0000000080000120 (0x4160f06f)
core   0: >>>>  _init
core   0: 0x000000008000f536 (0x00007171) c.addi16sp sp, -176
core   0: 3 0x000000008000f536 (0x7171) x2  0x0000000080031f90
core   0: 0x000000008000f538 (0x0000f506) c.sdsp  ra, 168(sp)
core   0: 3 0x000000008000f538 (0xf506) mem 0x0000000080032038 0x0000000000000000
core   0: 0x000000008000f53a (0x0000f122) c.sdsp  s0, 160(sp)
core   0: 3 0x000000008000f53a (0xf122) mem 0x0000000080032030 0x0000000000000000
core   0: 0x000000008000f53c (0x0000ed26) c.sdsp  s1, 152(sp)
core   0: 3 0x000000008000f53c (0xed26) mem 0x0000000080032028 0x0000000000000000
core   0: 0x000000008000f53e (0x00001900) c.addi4spn s0, sp, 176
core   0: 3 0x000000008000f53e (0x1900) x8  0x0000000080032040
core   0: 0x000000008000f540 (0x000087aa) c.mv    a5, a0
core   0: 3 0x000000008000f540 (0x87aa) x15 0x0000000000000000
core   0: 0x000000008000f542 (0x0000872e) c.mv    a4, a1
core   0: 3 0x000000008000f542 (0x872e) x14 0x0000000000000001
core   0: 0x000000008000f544 (0xf4f42e23) sw      a5, -164(s0)
core   0: 3 0x000000008000f544 (0xf4f42e23) mem 0x0000000080031f9c 0x00000000
core   0: 0x000000008000f548 (0x000087ba) c.mv    a5, a4
core   0: 3 0x000000008000f548 (0x87ba) x15 0x0000000000000001
core   0: 0x000000008000f54a (0xf4f42c23) sw      a5, -168(s0)
core   0: 3 0x000000008000f54a (0xf4f42c23) mem 0x0000000080031f98 0x00000001
core   0: 0x000000008000f54e (0xfe040793) addi    a5, s0, -32
core   0: 3 0x000000008000f54e (0xfe040793) x15 0x0000000080032020
core   0: 0x000000008000f552 (0xf4f43823) sd      a5, -176(s0)
core   0: 3 0x000000008000f552 (0xf4f43823) mem 0x0000000080031f90 0x0000000080032020
core   0: 0x000000008000f556 (0xf5043783) ld      a5, -176(s0)
core   0: 3 0x000000008000f556 (0xf5043783) x15 0x0000000080032020 mem 0x0000000080031f90
core   0: 0x000000008000f55a (0xf8078793) addi    a5, a5, -128
core   0: 3 0x000000008000f55a (0xf8078793) x15 0x0000000080031fa0
core   0: 0x000000008000f55e (0x03f78793) addi    a5, a5, 63
core   0: 3 0x000000008000f55e (0x03f78793) x15 0x0000000080031fdf
core   0: 0x000000008000f562 (0x00008399) c.srli  a5, 6
core   0: 3 0x000000008000f562 (0x8399) x15 0x0000000002000c7f
core   0: 0x000000008000f564 (0x00679493) slli    s1, a5, 6
core   0: 3 0x000000008000f564 (0x00679493) x9  0x0000000080031fc0
core   0: 0x000000008000f568 (0xf65ff0ef) jal     pc - 0x9c
core   0: 3 0x000000008000f568 (0xf65ff0ef) x1  0x000000008000f56c
core   0: >>>>  init_tls
core   0: 0x000000008000f4cc (0x00001101) c.addi  sp, -32
core   0: 3 0x000000008000f4cc (0x1101) x2  0x0000000080031f70
core   0: 0x000000008000f4ce (0x0000ec06) c.sdsp  ra, 24(sp)
core   0: 3 0x000000008000f4ce (0xec06) mem 0x0000000080031f88 0x000000008000f56c
core   0: 0x000000008000f4d0 (0x0000e822) c.sdsp  s0, 16(sp)
core   0: 3 0x000000008000f4d0 (0xe822) mem 0x0000000080031f80 0x0000000080032040
core   0: 0x000000008000f4d2 (0x00001000) c.addi4spn s0, sp, 32
core   0: 3 0x000000008000f4d2 (0x1000) x8  0x0000000080031f90
core   0: 0x000000008000f4d4 (0x00003717) auipc   a4, 0x3
core   0: 3 0x000000008000f4d4 (0x00003717) x14 0x00000000800124d4
core   0: 0x000000008000f4d8 (0xb5470713) addi    a4, a4, -1196
core   0: 3 0x000000008000f4d8 (0xb5470713) x14 0x0000000080012028
core   0: 0x000000008000f4dc (0x00003797) auipc   a5, 0x3
core   0: 3 0x000000008000f4dc (0x00003797) x15 0x00000000800124dc
core   0: 0x000000008000f4e0 (0xb4c78793) addi    a5, a5, -1204
core   0: 3 0x000000008000f4e0 (0xb4c78793) x15 0x0000000080012028
core   0: 0x000000008000f4e4 (0x40f707b3) sub     a5, a4, a5
core   0: 3 0x000000008000f4e4 (0x40f707b3) x15 0x0000000000000000
core   0: 0x000000008000f4e8 (0xfef43423) sd      a5, -24(s0)
core   0: 3 0x000000008000f4e8 (0xfef43423) mem 0x0000000080031f78 0x0000000000000000
core   0: 0x000000008000f4ec (0x00008792) c.mv    a5, tp
core   0: 3 0x000000008000f4ec (0x8792) x15 0x0000000080012040
core   0: 0x000000008000f4ee (0xfe843603) ld      a2, -24(s0)
core   0: 3 0x000000008000f4ee (0xfe843603) x12 0x0000000000000000 mem 0x0000000080031f78
core   0: 0x000000008000f4f2 (0x00003597) auipc   a1, 0x3
core   0: 3 0x000000008000f4f2 (0x00003597) x11 0x00000000800124f2
core   0: 0x000000008000f4f6 (0xb3658593) addi    a1, a1, -1226
core   0: 3 0x000000008000f4f6 (0xb3658593) x11 0x0000000080012028
core   0: 0x000000008000f4fa (0x0000853e) c.mv    a0, a5
core   0: 3 0x000000008000f4fa (0x853e) x10 0x0000000080012040
core   0: 0x000000008000f4fc (0x0f9000ef) jal     pc + 0x8f8
core   0: 3 0x000000008000f4fc (0x0f9000ef) x1  0x000000008000f500
core   0: >>>>  memcpy
core   0: 0x000000008000fdf4 (0x0000715d) c.addi16sp sp, -80
core   0: 3 0x000000008000fdf4 (0x715d) x2  0x0000000080031f20
core   0: 0x000000008000fdf6 (0x0000e4a2) c.sdsp  s0, 72(sp)
core   0: 3 0x000000008000fdf6 (0xe4a2) mem 0x0000000080031f68 0x0000000080031f90
core   0: 0x000000008000fdf8 (0x00000880) c.addi4spn s0, sp, 80
core   0: 3 0x000000008000fdf8 (0x0880) x8  0x0000000080031f70
core   0: 0x000000008000fdfa (0xfca43423) sd      a0, -56(s0)
core   0: 3 0x000000008000fdfa (0xfca43423) mem 0x0000000080031f38 0x0000000080012040
core   0: 0x000000008000fdfe (0xfcb43023) sd      a1, -64(s0)
core   0: 3 0x000000008000fdfe (0xfcb43023) mem 0x0000000080031f30 0x0000000080012028
core   0: 0x000000008000fe02 (0xfac43c23) sd      a2, -72(s0)
core   0: 3 0x000000008000fe02 (0xfac43c23) mem 0x0000000080031f28 0x0000000000000000
core   0: 0x000000008000fe06 (0xfc843703) ld      a4, -56(s0)
core   0: 3 0x000000008000fe06 (0xfc843703) x14 0x0000000080012040 mem 0x0000000080031f38
core   0: 0x000000008000fe0a (0xfc043783) ld      a5, -64(s0)
core   0: 3 0x000000008000fe0a (0xfc043783) x15 0x0000000080012028 mem 0x0000000080031f30
core   0: 0x000000008000fe0e (0x00008f5d) c.or    a4, a5
core   0: 3 0x000000008000fe0e (0x8f5d) x14 0x0000000080012068
core   0: 0x000000008000fe10 (0xfb843783) ld      a5, -72(s0)
core   0: 3 0x000000008000fe10 (0xfb843783) x15 0x0000000000000000 mem 0x0000000080031f28
core   0: 0x000000008000fe14 (0x00008fd9) c.or    a5, a4
core   0: 3 0x000000008000fe14 (0x8fd9) x15 0x0000000080012068
core   0: 0x000000008000fe16 (0x00008b9d) c.andi  a5, 7
core   0: 3 0x000000008000fe16 (0x8b9d) x15 0x0000000000000000
core   0: 0x000000008000fe18 (0x0000e3b1) c.bnez  a5, pc + 68
core   0: 3 0x000000008000fe18 (0xe3b1)
core   0: 0x000000008000fe1a (0xfc043783) ld      a5, -64(s0)
core   0: 3 0x000000008000fe1a (0xfc043783) x15 0x0000000080012028 mem 0x0000000080031f30
core   0: 0x000000008000fe1e (0xfef43423) sd      a5, -24(s0)
core   0: 3 0x000000008000fe1e (0xfef43423) mem 0x0000000080031f58 0x0000000080012028
core   0: 0x000000008000fe22 (0xfc843783) ld      a5, -56(s0)
core   0: 3 0x000000008000fe22 (0xfc843783) x15 0x0000000080012040 mem 0x0000000080031f38
core   0: 0x000000008000fe26 (0xfef43023) sd      a5, -32(s0)
core   0: 3 0x000000008000fe26 (0xfef43023) mem 0x0000000080031f50 0x0000000080012040
core   0: 0x000000008000fe2a (0x0000a839) c.j     pc + 30
core   0: 3 0x000000008000fe2a (0xa839)
core   0: 0x000000008000fe48 (0xfc843703) ld      a4, -56(s0)
core   0: 3 0x000000008000fe48 (0xfc843703) x14 0x0000000080012040 mem 0x0000000080031f38
core   0: 0x000000008000fe4c (0xfb843783) ld      a5, -72(s0)
core   0: 3 0x000000008000fe4c (0xfb843783) x15 0x0000000000000000 mem 0x0000000080031f28
core   0: 0x000000008000fe50 (0x000097ba) c.add   a5, a4
core   0: 3 0x000000008000fe50 (0x97ba) x15 0x0000000080012040
core   0: 0x000000008000fe52 (0xfe043703) ld      a4, -32(s0)
core   0: 3 0x000000008000fe52 (0xfe043703) x14 0x0000000080012040 mem 0x0000000080031f50
core   0: 0x000000008000fe56 (0xfcf76be3) bltu    a4, a5, pc - 42
core   0: 3 0x000000008000fe56 (0xfcf76be3)
core   0: 0x000000008000fe5a (0x0000a099) c.j     pc + 70
core   0: 3 0x000000008000fe5a (0xa099)
core   0: 0x000000008000fea0 (0xfc843783) ld      a5, -56(s0)
core   0: 3 0x000000008000fea0 (0xfc843783) x15 0x0000000080012040 mem 0x0000000080031f38
core   0: 0x000000008000fea4 (0x0000853e) c.mv    a0, a5
core   0: 3 0x000000008000fea4 (0x853e) x10 0x0000000080012040
core   0: 0x000000008000fea6 (0x00006426) c.ldsp  s0, 72(sp)
core   0: 3 0x000000008000fea6 (0x6426) x8  0x0000000080031f90 mem 0x0000000080031f68
core   0: 0x000000008000fea8 (0x00006161) c.addi16sp sp, 80
core   0: 3 0x000000008000fea8 (0x6161) x2  0x0000000080031f70
core   0: 0x000000008000feaa (0x00008082) ret
core   0: 3 0x000000008000feaa (0x8082)
core   0: 0x000000008000f500 (0x00003717) auipc   a4, 0x3
core   0: 3 0x000000008000f500 (0x00003717) x14 0x0000000080012500
core   0: 0x000000008000f504 (0xbc470713) addi    a4, a4, -1084
core   0: 3 0x000000008000f504 (0xbc470713) x14 0x00000000800120c4
core   0: 0x000000008000f508 (0x00003797) auipc   a5, 0x3
core   0: 3 0x000000008000f508 (0x00003797) x15 0x0000000080012508
core   0: 0x000000008000f50c (0xb2078793) addi    a5, a5, -1248
core   0: 3 0x000000008000f50c (0xb2078793) x15 0x0000000080012028
core   0: 0x000000008000f510 (0x40f707b3) sub     a5, a4, a5
core   0: 3 0x000000008000f510 (0x40f707b3) x15 0x000000000000009c
core   0: 0x000000008000f514 (0xfef43023) sd      a5, -32(s0)
core   0: 3 0x000000008000f514 (0xfef43023) mem 0x0000000080031f70 0x000000000000009c
core   0: 0x000000008000f518 (0x00008712) c.mv    a4, tp
core   0: 3 0x000000008000f518 (0x8712) x14 0x0000000080012040
core   0: 0x000000008000f51a (0xfe843783) ld      a5, -24(s0)
core   0: 3 0x000000008000f51a (0xfe843783) x15 0x0000000000000000 mem 0x0000000080031f78
core   0: 0x000000008000f51e (0x000097ba) c.add   a5, a4
core   0: 3 0x000000008000f51e (0x97ba) x15 0x0000000080012040
core   0: 0x000000008000f520 (0xfe043603) ld      a2, -32(s0)
core   0: 3 0x000000008000f520 (0xfe043603) x12 0x000000000000009c mem 0x0000000080031f70
core   0: 0x000000008000f524 (0x00004581) c.li    a1, 0
core   0: 3 0x000000008000f524 (0x4581) x11 0x0000000000000000
core   0: 0x000000008000f526 (0x0000853e) c.mv    a0, a5
core   0: 3 0x000000008000f526 (0x853e) x10 0x0000000080012040
core   0: 0x000000008000f528 (0x185000ef) jal     pc + 0x984
core   0: 3 0x000000008000f528 (0x185000ef) x1  0x000000008000f52c
core   0: >>>>  memset
core   0: 0x000000008000feac (0x0000715d) c.addi16sp sp, -80
core   0: 3 0x000000008000feac (0x715d) x2  0x0000000080031f20
core   0: 0x000000008000feae (0x0000e4a2) c.sdsp  s0, 72(sp)
core   0: 3 0x000000008000feae (0xe4a2) mem 0x0000000080031f68 0x0000000080031f90
core   0: 0x000000008000feb0 (0x00000880) c.addi4spn s0, sp, 80
core   0: 3 0x000000008000feb0 (0x0880) x8  0x0000000080031f70
core   0: 0x000000008000feb2 (0xfca43423) sd      a0, -56(s0)
core   0: 3 0x000000008000feb2 (0xfca43423) mem 0x0000000080031f38 0x0000000080012040
core   0: 0x000000008000feb6 (0x000087ae) c.mv    a5, a1
core   0: 3 0x000000008000feb6 (0x87ae) x15 0x0000000000000000
core   0: 0x000000008000feb8 (0xfac43c23) sd      a2, -72(s0)
core   0: 3 0x000000008000feb8 (0xfac43c23) mem 0x0000000080031f28 0x000000000000009c
core   0: 0x000000008000febc (0xfcf42223) sw      a5, -60(s0)
core   0: 3 0x000000008000febc (0xfcf42223) mem 0x0000000080031f34 0x00000000
core   0: 0x000000008000fec0 (0xfc843703) ld      a4, -56(s0)
core   0: 3 0x000000008000fec0 (0xfc843703) x14 0x0000000080012040 mem 0x0000000080031f38
core   0: 0x000000008000fec4 (0xfb843783) ld      a5, -72(s0)
core   0: 3 0x000000008000fec4 (0xfb843783) x15 0x000000000000009c mem 0x0000000080031f28
core   0: 0x000000008000fec8 (0x00008fd9) c.or    a5, a4
core   0: 3 0x000000008000fec8 (0x8fd9) x15 0x00000000800120dc
core   0: 0x000000008000feca (0x00008b9d) c.andi  a5, 7
core   0: 3 0x000000008000feca (0x8b9d) x15 0x0000000000000004
core   0: 0x000000008000fecc (0x0000e7bd) c.bnez  a5, pc + 110
core   0: 3 0x000000008000fecc (0xe7bd)
core   0: 0x000000008000ff3a (0xfc843783) ld      a5, -56(s0)
core   0: 3 0x000000008000ff3a (0xfc843783) x15 0x0000000080012040 mem 0x0000000080031f38
core   0: 0x000000008000ff3e (0xfef43023) sd      a5, -32(s0)
core   0: 3 0x000000008000ff3e (0xfef43023) mem 0x0000000080031f50 0x0000000080012040
core   0: 0x000000008000ff42 (0x0000a829) c.j     pc + 26
core   0: 3 0x000000008000ff42 (0xa829)
core   0: 0x000000008000ff5c (0xfc843703) ld      a4, -56(s0)
core   0: 3 0x000000008000ff5c (0xfc843703) x14 0x0000000080012040 mem 0x0000000080031f38
core   0: 0x000000008000ff60 (0xfb843783) ld      a5, -72(s0)
core   0: 3 0x000000008000ff60 (0xfb843783) x15 0x000000000000009c mem 0x0000000080031f28
core   0: 0x000000008000ff64 (0x000097ba) c.add   a5, a4
core   0: 3 0x000000008000ff64 (0x97ba) x15 0x00000000800120dc
core   0: 0x000000008000ff66 (0xfe043703) ld      a4, -32(s0)
core   0: 3 0x000000008000ff66 (0xfe043703) x14 0x0000000080012040 mem 0x0000000080031f50
core   0: 0x000000008000ff6a (0xfcf76de3) bltu    a4, a5, pc - 38
core   0: 3 0x000000008000ff6a (0xfcf76de3)
core   0: 0x000000008000ff44 (0xfe043783) ld      a5, -32(s0)
core   0: 3 0x000000008000ff44 (0xfe043783) x15 0x0000000080012040 mem 0x0000000080031f50
core   0: 0x000000008000ff48 (0x00178713) addi    a4, a5, 1
core   0: 3 0x000000008000ff48 (0x00178713) x14 0x0000000080012041
core   0: 0x000000008000ff4c (0xfee43023) sd      a4, -32(s0)
core   0: 3 0x000000008000ff4c (0xfee43023) mem 0x0000000080031f50 0x0000000080012041
core   0: 0x000000008000ff50 (0xfc442703) lw      a4, -60(s0)
core   0: 3 0x000000008000ff50 (0xfc442703) x14 0x0000000000000000 mem 0x0000000080031f34
core   0: 0x000000008000ff54 (0x0ff77713) andi    a4, a4, 255
core   0: 3 0x000000008000ff54 (0x0ff77713) x14 0x0000000000000000
core   0: 0x000000008000ff58 (0x00e78023) sb      a4, 0(a5)
core   0: 3 0x000000008000ff58 (0x00e78023) mem 0x0000000080012040 0x00
core   0: 0x000000008000ff5c (0xfc843703) ld      a4, -56(s0)
core   0: 3 0x000000008000ff5c (0xfc843703) x14 0x0000000080012040 mem 0x0000000080031f38
core   0: 0x000000008000ff60 (0xfb843783) ld      a5, -72(s0)
core   0: 3 0x000000008000ff60 (0xfb843783) x15 0x000000000000009c mem 0x0000000080031f28
core   0: 0x000000008000ff64 (0x000097ba) c.add   a5, a4
core   0: 3 0x000000008000ff64 (0x97ba) x15 0x00000000800120dc
core   0: 0x000000008000ff66 (0xfe043703) ld      a4, -32(s0)
core   0: 3 0x000000008000ff66 (0xfe043703) x14 0x0000000080012041 mem 0x0000000080031f50
core   0: 0x000000008000ff6a (0xfcf76de3) bltu    a4, a5, pc - 38
core   0: 3 0x000000008000ff6a (0xfcf76de3)
core   0: 0x000000008000ff44 (0xfe043783) ld      a5, -32(s0)
core   0: 3 0x000000008000ff44 (0xfe043783) x15 0x0000000080012041 mem 0x0000000080031f50
core   0: 0x000000008000ff48 (0x00178713) addi    a4, a5, 1
core   0: 3 0x000000008000ff48 (0x00178713) x14 0x0000000080012042
core   0: 0x000000008000ff4c (0xfee43023) sd      a4, -32(s0)
core   0: 3 0x000000008000ff4c (0xfee43023) mem 0x0000000080031f50 0x0000000080012042
core   0: 0x000000008000ff50 (0xfc442703) lw      a4, -60(s0)
core   0: 3 0x000000008000ff50 (0xfc442703) x14 0x0000000000000000 mem 0x0000000080031f34
core   0: 0x000000008000ff54 (0x0ff77713) andi    a4, a4, 255
core   0: 3 0x000000008000ff54 (0x0ff77713) x14 0x0000000000000000
core   0: 0x000000008000ff58 (0x00e78023) sb      a4, 0(a5)
core   0: 3 0x000000008000ff58 (0x00e78023) mem 0x0000000080012041 0x00
core   0: 0x000000008000ff5c (0xfc843703) ld      a4, -56(s0)
core   0: 3 0x000000008000ff5c (0xfc843703) x14 0x0000000080012040 mem 0x0000000080031f38
core   0: 0x000000008000ff60 (0xfb843783) ld      a5, -72(s0)
core   0: 3 0x000000008000ff60 (0xfb843783) x15 0x000000000000009c mem 0x0000000080031f28
core   0: 0x000000008000ff64 (0x000097ba) c.add   a5, a4
core   0: 3 0x000000008000ff64 (0x97ba) x15 0x00000000800120dc
core   0: 0x000000008000ff66 (0xfe043703) ld      a4, -32(s0)
core   0: 3 0x000000008000ff66 (0xfe043703) x14 0x0000000080012042 mem 0x0000000080031f50
core   0: 0x000000008000ff6a (0xfcf76de3) bltu    a4, a5, pc - 38
core   0: 3 0x000000008000ff6a (0xfcf76de3)
core   0: 0x000000008000ff44 (0xfe043783) ld      a5, -32(s0)
core   0: 3 0x000000008000ff44 (0xfe043783) x15 0x0000000080012042 mem 0x0000000080031f50
core   0: 0x000000008000ff48 (0x00178713) addi    a4, a5, 1
core   0: 3 0x000000008000ff48 (0x00178713) x14 0x0000000080012043
core   0: 0x000000008000ff4c (0xfee43023) sd      a4, -32(s0)
core   0: 3 0x000000008000ff4c (0xfee43023) mem 0x0000000080031f50 0x0000000080012043
core   0: 0x000000008000ff50 (0xfc442703) lw      a4, -60(s0)
core   0: 3 0x000000008000ff50 (0xfc442703) x14 0x0000000000000000 mem 0x0000000080031f34
core   0: 0x000000008000ff54 (0x0ff77713) andi    a4, a4, 255
core   0: 3 0x000000008000ff54 (0x0ff77713) x14 0x0000000000000000
core   0: 0x000000008000ff58 (0x00e78023) sb      a4, 0(a5)
core   0: 3 0x000000008000ff58 (0x00e78023) mem 0x0000000080012042 0x00
core   0: 0x000000008000ff5c (0xfc843703) ld      a4, -56(s0)
core   0: 3 0x000000008000ff5c (0xfc843703) x14 0x0000000080012040 mem 0x0000000080031f38
core   0: 0x000000008000ff60 (0xfb843783) ld      a5, -72(s0)
core   0: 3 0x000000008000ff60 (0xfb843783) x15 0x000000000000009c mem 0x0000000080031f28
core   0: 0x000000008000ff64 (0x000097ba) c.add   a5, a4
core   0: 3 0x000000008000ff64 (0x97ba) x15 0x00000000800120dc
core   0: 0x000000008000ff66 (0xfe043703) ld      a4, -32(s0)
core   0: 3 0x000000008000ff66 (0xfe043703) x14 0x0000000080012043 mem 0x0000000080031f50
core   0: 0x000000008000ff6a (0xfcf76de3) bltu    a4, a5, pc - 38
core   0: 3 0x000000008000ff6a (0xfcf76de3)
core   0: 0x000000008000ff44 (0xfe043783) ld      a5, -32(s0)
core   0: 3 0x000000008000ff44 (0xfe043783) x15 0x0000000080012043 mem 0x0000000080031f50
core   0: 0x000000008000ff48 (0x00178713) addi    a4, a5, 1
core   0: 3 0x000000008000ff48 (0x00178713) x14 0x0000000080012044
core   0: 0x000000008000ff4c (0xfee43023) sd      a4, -32(s0)
core   0: 3 0x000000008000ff4c (0xfee43023) mem 0x0000000080031f50 0x0000000080012044
core   0: 0x000000008000ff50 (0xfc442703) lw      a4, -60(s0)
core   0: 3 0x000000008000ff50 (0xfc442703) x14 0x0000000000000000 mem 0x0000000080031f34
core   0: 0x000000008000ff54 (0x0ff77713) andi    a4, a4, 255
core   0: 3 0x000000008000ff54 (0x0ff77713) x14 0x0000000000000000
core   0: 0x000000008000ff58 (0x00e78023) sb      a4, 0(a5)
core   0: 3 0x000000008000ff58 (0x00e78023) mem 0x0000000080012043 0x00
core   0: 0x000000008000ff5c (0xfc843703) ld      a4, -56(s0)
core   0: 3 0x000000008000ff5c (0xfc843703) x14 0x0000000080012040 mem 0x0000000080031f38
core   0: 0x000000008000ff60 (0xfb843783) ld      a5, -72(s0)
core   0: 3 0x000000008000ff60 (0xfb843783) x15 0x000000000000009c mem 0x0000000080031f28
core   0: 0x000000008000ff64 (0x000097ba) c.add   a5, a4
core   0: 3 0x000000008000ff64 (0x97ba) x15 0x00000000800120dc
core   0: 0x000000008000ff66 (0xfe043703) ld      a4, -32(s0)
core   0: 3 0x000000008000ff66 (0xfe043703) x14 0x0000000080012044 mem 0x0000000080031f50
core   0: 0x000000008000ff6a (0xfcf76de3) bltu    a4, a5, pc - 38
core   0: 3 0x000000008000ff6a (0xfcf76de3)
core   0: 0x000000008000ff44 (0xfe043783) ld      a5, -32(s0)
core   0: 3 0x000000008000ff44 (0xfe043783) x15 0x0000000080012044 mem 0x0000000080031f50
core   0: 0x000000008000ff48 (0x00178713) addi    a4, a5, 1
core   0: 3 0x000000008000ff48 (0x00178713) x14 0x0000000080012045
core   0: 0x000000008000ff4c (0xfee43023) sd      a4, -32(s0)
core   0: 3 0x000000008000ff4c (0xfee43023) mem 0x0000000080031f50 0x0000000080012045
core   0: 0x000000008000ff50 (0xfc442703) lw      a4, -60(s0)
core   0: 3 0x000000008000ff50 (0xfc442703) x14 0x0000000000000000 mem 0x0000000080031f34
core   0: 0x000000008000ff54 (0x0ff77713) andi    a4, a4, 255
core   0: 3 0x000000008000ff54 (0x0ff77713) x14 0x0000000000000000
core   0: 0x000000008000ff58 (0x00e78023) sb      a4, 0(a5)
core   0: 3 0x000000008000ff58 (0x00e78023) mem 0x0000000080012044 0x00
core   0: 0x000000008000ff5c (0xfc843703) ld      a4, -56(s0)
core   0: 3 0x000000008000ff5c (0xfc843703) x14 0x0000000080012040 mem 0x0000000080031f38
core   0: 0x000000008000ff60 (0xfb843783) ld      a5, -72(s0)
core   0: 3 0x000000008000ff60 (0xfb843783) x15 0x000000000000009c mem 0x0000000080031f28
core   0: 0x000000008000ff64 (0x000097ba) c.add   a5, a4
core   0: 3 0x000000008000ff64 (0x97ba) x15 0x00000000800120dc
core   0: 0x000000008000ff66 (0xfe043703) ld      a4, -32(s0)
core   0: 3 0x000000008000ff66 (0xfe043703) x14 0x0000000080012045 mem 0x0000000080031f50
core   0: 0x000000008000ff6a (0xfcf76de3) bltu    a4, a5, pc - 38
core   0: 3 0x000000008000ff6a (0xfcf76de3)
core   0: 0x000000008000ff44 (0xfe043783) ld      a5, -32(s0)
core   0: 3 0x000000008000ff44 (0xfe043783) x15 0x0000000080012045 mem 0x0000000080031f50
core   0: 0x000000008000ff48 (0x00178713) addi    a4, a5, 1
core   0: 3 0x000000008000ff48 (0x00178713) x14 0x0000000080012046
core   0: 0x000000008000ff4c (0xfee43023) sd      a4, -32(s0)
core   0: 3 0x000000008000ff4c (0xfee43023) mem 0x0000000080031f50 0x0000000080012046
core   0: 0x000000008000ff50 (0xfc442703) lw      a4, -60(s0)
core   0: 3 0x000000008000ff50 (0xfc442703) x14 0x0000000000000000 mem 0x0000000080031f34
core   0: 0x000000008000ff54 (0x0ff77713) andi    a4, a4, 255
core   0: 3 0x000000008000ff54 (0x0ff77713) x14 0x0000000000000000
core   0: 0x000000008000ff58 (0x00e78023) sb      a4, 0(a5)
core   0: 3 0x000000008000ff58 (0x00e78023) mem 0x0000000080012045 0x00
core   0: 0x000000008000ff5c (0xfc843703) ld      a4, -56(s0)
core   0: 3 0x000000008000ff5c (0xfc843703) x14 0x0000000080012040 mem 0x0000000080031f38
core   0: 0x000000008000ff60 (0xfb843783) ld      a5, -72(s0)
core   0: 3 0x000000008000ff60 (0xfb843783) x15 0x000000000000009c mem 0x0000000080031f28
core   0: 0x000000008000ff64 (0x000097ba) c.add   a5, a4
core   0: 3 0x000000008000ff64 (0x97ba) x15 0x00000000800120dc
core   0: 0x000000008000ff66 (0xfe043703) ld      a4, -32(s0)
core   0: 3 0x000000008000ff66 (0xfe043703) x14 0x0000000080012046 mem 0x0000000080031f50
core   0: 0x000000008000ff6a (0xfcf76de3) bltu    a4, a5, pc - 38
core   0: 3 0x000000008000ff6a (0xfcf76de3)
core   0: 0x000000008000ff44 (0xfe043783) ld      a5, -32(s0)
core   0: 3 0x000000008000ff44 (0xfe043783) x15 0x0000000080012046 mem 0x0000000080031f50
core   0: 0x000000008000ff48 (0x00178713) addi    a4, a5, 1
core   0: 3 0x000000008000ff48 (0x00178713) x14 0x0000000080012047
core   0: 0x000000008000ff4c (0xfee43023) sd      a4, -32(s0)
core   0: 3 0x000000008000ff4c (0xfee43023) mem 0x0000000080031f50 0x0000000080012047
core   0: 0x000000008000ff50 (0xfc442703) lw      a4, -60(s0)
core   0: 3 0x000000008000ff50 (0xfc442703) x14 0x0000000000000000 mem 0x0000000080031f34
core   0: 0x000000008000ff54 (0x0ff77713) andi    a4, a4, 255
core   0: 3 0x000000008000ff54 (0x0ff77713) x14 0x0000000000000000
core   0: 0x000000008000ff58 (0x00e78023) sb      a4, 0(a5)
core   0: 3 0x000000008000ff58 (0x00e78023) mem 0x0000000080012046 0x00
core   0: 0x000000008000ff5c (0xfc843703) ld      a4, -56(s0)
core   0: 3 0x000000008000ff5c (0xfc843703) x14 0x0000000080012040 mem 0x0000000080031f38
core   0: 0x000000008000ff60 (0xfb843783) ld      a5, -72(s0)
core   0: 3 0x000000008000ff60 (0xfb843783) x15 0x000000000000009c mem 0x0000000080031f28
core   0: 0x000000008000ff64 (0x000097ba) c.add   a5, a4
core   0: 3 0x000000008000ff64 (0x97ba) x15 0x00000000800120dc
core   0: 0x000000008000ff66 (0xfe043703) ld      a4, -32(s0)
core   0: 3 0x000000008000ff66 (0xfe043703) x14 0x0000000080012047 mem 0x0000000080031f50
core   0: 0x000000008000ff6a (0xfcf76de3) bltu    a4, a5, pc - 38
core   0: 3 0x000000008000ff6a (0xfcf76de3)
core   0: 0x000000008000ff44 (0xfe043783) ld      a5, -32(s0)
core   0: 3 0x000000008000ff44 (0xfe043783) x15 0x0000000080012047 mem 0x0000000080031f50
core   0: 0x000000008000ff48 (0x00178713) addi    a4, a5, 1
core   0: 3 0x000000008000ff48 (0x00178713) x14 0x0000000080012048
core   0: 0x000000008000ff4c (0xfee43023) sd      a4, -32(s0)
core   0: 3 0x000000008000ff4c (0xfee43023) mem 0x0000000080031f50 0x0000000080012048
core   0: 0x000000008000ff50 (0xfc442703) lw      a4, -60(s0)
core   0: 3 0x000000008000ff50 (0xfc442703) x14 0x0000000000000000 mem 0x0000000080031f34
core   0: 0x000000008000ff54 (0x0ff77713) andi    a4, a4, 255
core   0: 3 0x000000008000ff54 (0x0ff77713) x14 0x0000000000000000
core   0: 0x000000008000ff58 (0x00e78023) sb      a4, 0(a5)
core   0: 3 0x000000008000ff58 (0x00e78023) mem 0x0000000080012047 0x00
core   0: 0x000000008000ff5c (0xfc843703) ld      a4, -56(s0)
core   0: 3 0x000000008000ff5c (0xfc843703) x14 0x0000000080012040 mem 0x0000000080031f38
core   0: 0x000000008000ff60 (0xfb843783) ld      a5, -72(s0)
core   0: 3 0x000000008000ff60 (0xfb843783) x15 0x000000000000009c mem 0x0000000080031f28
core   0: 0x000000008000ff64 (0x000097ba) c.add   a5, a4
core   0: 3 0x000000008000ff64 (0x97ba) x15 0x00000000800120dc
core   0: 0x000000008000ff66 (0xfe043703) ld      a4, -32(s0)
core   0: 3 0x000000008000ff66 (0xfe043703) x14 0x0000000080012048 mem 0x0000000080031f50
core   0: 0x000000008000ff6a (0xfcf76de3) bltu    a4, a5, pc - 38
core   0: 3 0x000000008000ff6a (0xfcf76de3)
core   0: 0x000000008000ff44 (0xfe043783) ld      a5, -32(s0)
core   0: 3 0x000000008000ff44 (0xfe043783) x15 0x0000000080012048 mem 0x0000000080031f50
core   0: 0x000000008000ff48 (0x00178713) addi    a4, a5, 1
core   0: 3 0x000000008000ff48 (0x00178713) x14 0x0000000080012049
core   0: 0x000000008000ff4c (0xfee43023) sd      a4, -32(s0)
core   0: 3 0x000000008000ff4c (0xfee43023) mem 0x0000000080031f50 0x0000000080012049
core   0: 0x000000008000ff50 (0xfc442703) lw      a4, -60(s0)
core   0: 3 0x000000008000ff50 (0xfc442703) x14 0x0000000000000000 mem 0x0000000080031f34
core   0: 0x000000008000ff54 (0x0ff77713) andi    a4, a4, 255
core   0: 3 0x000000008000ff54 (0x0ff77713) x14 0x0000000000000000
core   0: 0x000000008000ff58 (0x00e78023) sb      a4, 0(a5)
core   0: 3 0x000000008000ff58 (0x00e78023) mem 0x0000000080012048 0x00
core   0: 0x000000008000ff5c (0xfc843703) ld      a4, -56(s0)
core   0: 3 0x000000008000ff5c (0xfc843703) x14 0x0000000080012040 mem 0x0000000080031f38
core   0: 0x000000008000ff60 (0xfb843783) ld      a5, -72(s0)
core   0: 3 0x000000008000ff60 (0xfb843783) x15 0x000000000000009c mem 0x0000000080031f28
core   0: 0x000000008000ff64 (0x000097ba) c.add   a5, a4
core   0: 3 0x000000008000ff64 (0x97ba) x15 0x00000000800120dc
core   0: 0x000000008000ff66 (0xfe043703) ld      a4, -32(s0)
core   0: 3 0x000000008000ff66 (0xfe043703) x14 0x0000000080012049 mem 0x0000000080031f50
core   0: 0x000000008000ff6a (0xfcf76de3) bltu    a4, a5, pc - 38
core   0: 3 0x000000008000ff6a (0xfcf76de3)
core   0: 0x000000008000ff44 (0xfe043783) ld      a5, -32(s0)
core   0: 3 0x000000008000ff44 (0xfe043783) x15 0x0000000080012049 mem 0x0000000080031f50
core   0: 0x000000008000ff48 (0x00178713) addi    a4, a5, 1
core   0: 3 0x000000008000ff48 (0x00178713) x14 0x000000008001204a
core   0: 0x000000008000ff4c (0xfee43023) sd      a4, -32(s0)
core   0: 3 0x000000008000ff4c (0xfee43023) mem 0x0000000080031f50 0x000000008001204a
core   0: 0x000000008000ff50 (0xfc442703) lw      a4, -60(s0)
core   0: 3 0x000000008000ff50 (0xfc442703) x14 0x0000000000000000 mem 0x0000000080031f34
core   0: 0x000000008000ff54 (0x0ff77713) andi    a4, a4, 255
core   0: 3 0x000000008000ff54 (0x0ff77713) x14 0x0000000000000000
core   0: 0x000000008000ff58 (0x00e78023) sb      a4, 0(a5)
core   0: 3 0x000000008000ff58 (0x00e78023) mem 0x0000000080012049 0x00
core   0: 0x000000008000ff5c (0xfc843703) ld      a4, -56(s0)
core   0: 3 0x000000008000ff5c (0xfc843703) x14 0x0000000080012040 mem 0x0000000080031f38
core   0: 0x000000008000ff60 (0xfb843783) ld      a5, -72(s0)
core   0: 3 0x000000008000ff60 (0xfb843783) x15 0x000000000000009c mem 0x0000000080031f28
core   0: 0x000000008000ff64 (0x000097ba) c.add   a5, a4
core   0: 3 0x000000008000ff64 (0x97ba) x15 0x00000000800120dc
core   0: 0x000000008000ff66 (0xfe043703) ld      a4, -32(s0)
core   0: 3 0x000000008000ff66 (0xfe043703) x14 0x000000008001204a mem 0x0000000080031f50
core   0: 0x000000008000ff6a (0xfcf76de3) bltu    a4, a5, pc - 38
core   0: 3 0x000000008000ff6a (0xfcf76de3)
core   0: 0x000000008000ff44 (0xfe043783) ld      a5, -32(s0)
core   0: 3 0x000000008000ff44 (0xfe043783) x15 0x000000008001204a mem 0x0000000080031f50
core   0: 0x000000008000ff48 (0x00178713) addi    a4, a5, 1
core   0: 3 0x000000008000ff48 (0x00178713) x14 0x000000008001204b
core   0: 0x000000008000ff4c (0xfee43023) sd      a4, -32(s0)
core   0: 3 0x000000008000ff4c (0xfee43023) mem 0x0000000080031f50 0x000000008001204b
core   0: 0x000000008000ff50 (0xfc442703) lw      a4, -60(s0)
core   0: 3 0x000000008000ff50 (0xfc442703) x14 0x0000000000000000 mem 0x0000000080031f34
core   0: 0x000000008000ff54 (0x0ff77713) andi    a4, a4, 255
core   0: 3 0x000000008000ff54 (0x0ff77713) x14 0x0000000000000000
core   0: 0x000000008000ff58 (0x00e78023) sb      a4, 0(a5)
core   0: 3 0x000000008000ff58 (0x00e78023) mem 0x000000008001204a 0x00
core   0: 0x000000008000ff5c (0xfc843703) ld      a4, -56(s0)
core   0: 3 0x000000008000ff5c (0xfc843703) x14 0x0000000080012040 mem 0x0000000080031f38
core   0: 0x000000008000ff60 (0xfb843783) ld      a5, -72(s0)
core   0: 3 0x000000008000ff60 (0xfb843783) x15 0x000000000000009c mem 0x0000000080031f28
core   0: 0x000000008000ff64 (0x000097ba) c.add   a5, a4
core   0: 3 0x000000008000ff64 (0x97ba) x15 0x00000000800120dc
core   0: 0x000000008000ff66 (0xfe043703) ld      a4, -32(s0)
core   0: 3 0x000000008000ff66 (0xfe043703) x14 0x000000008001204b mem 0x0000000080031f50
core   0: 0x000000008000ff6a (0xfcf76de3) bltu    a4, a5, pc - 38
core   0: 3 0x000000008000ff6a (0xfcf76de3)
core   0: 0x000000008000ff44 (0xfe043783) ld      a5, -32(s0)
core   0: 3 0x000000008000ff44 (0xfe043783) x15 0x000000008001204b mem 0x0000000080031f50
core   0: 0x000000008000ff48 (0x00178713) addi    a4, a5, 1
core   0: 3 0x000000008000ff48 (0x00178713) x14 0x000000008001204c
core   0: 0x000000008000ff4c (0xfee43023) sd      a4, -32(s0)
core   0: 3 0x000000008000ff4c (0xfee43023) mem 0x0000000080031f50 0x000000008001204c
core   0: 0x000000008000ff50 (0xfc442703) lw      a4, -60(s0)
core   0: 3 0x000000008000ff50 (0xfc442703) x14 0x0000000000000000 mem 0x0000000080031f34
core   0: 0x000000008000ff54 (0x0ff77713) andi    a4, a4, 255
core   0: 3 0x000000008000ff54 (0x0ff77713) x14 0x0000000000000000
core   0: 0x000000008000ff58 (0x00e78023) sb      a4, 0(a5)
core   0: 3 0x000000008000ff58 (0x00e78023) mem 0x000000008001204b 0x00
core   0: 0x000000008000ff5c (0xfc843703) ld      a4, -56(s0)
core   0: 3 0x000000008000ff5c (0xfc843703) x14 0x0000000080012040 mem 0x0000000080031f38
core   0: 0x000000008000ff60 (0xfb843783) ld      a5, -72(s0)
core   0: 3 0x000000008000ff60 (0xfb843783) x15 0x000000000000009c mem 0x0000000080031f28
core   0: 0x000000008000ff64 (0x000097ba) c.add   a5, a4
core   0: 3 0x000000008000ff64 (0x97ba) x15 0x00000000800120dc
core   0: 0x000000008000ff66 (0xfe043703) ld      a4, -32(s0)
core   0: 3 0x000000008000ff66 (0xfe043703) x14 0x000000008001204c mem 0x0000000080031f50
core   0: 0x000000008000ff6a (0xfcf76de3) bltu    a4, a5, pc - 38
core   0: 3 0x000000008000ff6a (0xfcf76de3)
core   0: 0x000000008000ff44 (0xfe043783) ld      a5, -32(s0)
core   0: 3 0x000000008000ff44 (0xfe043783) x15 0x000000008001204c mem 0x0000000080031f50
core   0: 0x000000008000ff48 (0x00178713) addi    a4, a5, 1
core   0: 3 0x000000008000ff48 (0x00178713) x14 0x000000008001204d
core   0: 0x000000008000ff4c (0xfee43023) sd      a4, -32(s0)
core   0: 3 0x000000008000ff4c (0xfee43023) mem 0x0000000080031f50 0x000000008001204d
core   0: 0x000000008000ff50 (0xfc442703) lw      a4, -60(s0)
core   0: 3 0x000000008000ff50 (0xfc442703) x14 0x0000000000000000 mem 0x0000000080031f34
core   0: 0x000000008000ff54 (0x0ff77713) andi    a4, a4, 255
core   0: 3 0x000000008000ff54 (0x0ff77713) x14 0x0000000000000000
core   0: 0x000000008000ff58 (0x00e78023) sb      a4, 0(a5)
core   0: 3 0x000000008000ff58 (0x00e78023) mem 0x000000008001204c 0x00
core   0: 0x000000008000ff5c (0xfc843703) ld      a4, -56(s0)
core   0: 3 0x000000008000ff5c (0xfc843703) x14 0x0000000080012040 mem 0x0000000080031f38
core   0: 0x000000008000ff60 (0xfb843783) ld      a5, -72(s0)
core   0: 3 0x000000008000ff60 (0xfb843783) x15 0x000000000000009c mem 0x0000000080031f28
core   0: 0x000000008000ff64 (0x000097ba) c.add   a5, a4
core   0: 3 0x000000008000ff64 (0x97ba) x15 0x00000000800120dc
core   0: 0x000000008000ff66 (0xfe043703) ld      a4, -32(s0)
core   0: 3 0x000000008000ff66 (0xfe043703) x14 0x000000008001204d mem 0x0000000080031f50
core   0: 0x000000008000ff6a (0xfcf76de3) bltu    a4, a5, pc - 38
core   0: 3 0x000000008000ff6a (0xfcf76de3)
core   0: 0x000000008000ff44 (0xfe043783) ld      a5, -32(s0)
core   0: 3 0x000000008000ff44 (0xfe043783) x15 0x000000008001204d mem 0x0000000080031f50
core   0: 0x000000008000ff48 (0x00178713) addi    a4, a5, 1
core   0: 3 0x000000008000ff48 (0x00178713) x14 0x000000008001204e
core   0: 0x000000008000ff4c (0xfee43023) sd      a4, -32(s0)
core   0: 3 0x000000008000ff4c (0xfee43023) mem 0x0000000080031f50 0x000000008001204e
core   0: 0x000000008000ff50 (0xfc442703) lw      a4, -60(s0)
core   0: 3 0x000000008000ff50 (0xfc442703) x14 0x0000000000000000 mem 0x0000000080031f34
core   0: 0x000000008000ff54 (0x0ff77713) andi    a4, a4, 255
core   0: 3 0x000000008000ff54 (0x0ff77713) x14 0x0000000000000000
core   0: 0x000000008000ff58 (0x00e78023) sb      a4, 0(a5)
core   0: 3 0x000000008000ff58 (0x00e78023) mem 0x000000008001204d 0x00
core   0: 0x000000008000ff5c (0xfc843703) ld      a4, -56(s0)
core   0: 3 0x000000008000ff5c (0xfc843703) x14 0x0000000080012040 mem 0x0000000080031f38
core   0: 0x000000008000ff60 (0xfb843783) ld      a5, -72(s0)
core   0: 3 0x000000008000ff60 (0xfb843783) x15 0x000000000000009c mem 0x0000000080031f28
core   0: 0x000000008000ff64 (0x000097ba) c.add   a5, a4
core   0: 3 0x000000008000ff64 (0x97ba) x15 0x00000000800120dc
core   0: 0x000000008000ff66 (0xfe043703) ld      a4, -32(s0)
core   0: 3 0x000000008000ff66 (0xfe043703) x14 0x000000008001204e mem 0x0000000080031f50
core   0: 0x000000008000ff6a (0xfcf76de3) bltu    a4, a5, pc - 38
core   0: 3 0x000000008000ff6a (0xfcf76de3)
core   0: 0x000000008000ff44 (0xfe043783) ld      a5, -32(s0)
core   0: 3 0x000000008000ff44 (0xfe043783) x15 0x000000008001204e mem 0x0000000080031f50
core   0: 0x000000008000ff48 (0x00178713) addi    a4, a5, 1
core   0: 3 0x000000008000ff48 (0x00178713) x14 0x000000008001204f
core   0: 0x000000008000ff4c (0xfee43023) sd      a4, -32(s0)
core   0: 3 0x000000008000ff4c (0xfee43023) mem 0x0000000080031f50 0x000000008001204f
core   0: 0x000000008000ff50 (0xfc442703) lw      a4, -60(s0)
core   0: 3 0x000000008000ff50 (0xfc442703) x14 0x0000000000000000 mem 0x0000000080031f34
core   0: 0x000000008000ff54 (0x0ff77713) andi    a4, a4, 255
core   0: 3 0x000000008000ff54 (0x0ff77713) x14 0x0000000000000000
core   0: 0x000000008000ff58 (0x00e78023) sb      a4, 0(a5)
core   0: 3 0x000000008000ff58 (0x00e78023) mem 0x000000008001204e 0x00
core   0: 0x000000008000ff5c (0xfc843703) ld      a4, -56(s0)
core   0: 3 0x000000008000ff5c (0xfc843703) x14 0x0000000080012040 mem 0x0000000080031f38
core   0: 0x000000008000ff60 (0xfb843783) ld      a5, -72(s0)
core   0: 3 0x000000008000ff60 (0xfb843783) x15 0x000000000000009c mem 0x0000000080031f28
core   0: 0x000000008000ff64 (0x000097ba) c.add   a5, a4
core   0: 3 0x000000008000ff64 (0x97ba) x15 0x00000000800120dc
core   0: 0x000000008000ff66 (0xfe043703) ld      a4, -32(s0)
core   0: 3 0x000000008000ff66 (0xfe043703) x14 0x000000008001204f mem 0x0000000080031f50
core   0: 0x000000008000ff6a (0xfcf76de3) bltu    a4, a5, pc - 38
core   0: 3 0x000000008000ff6a (0xfcf76de3)
core   0: 0x000000008000ff44 (0xfe043783) ld      a5, -32(s0)
core   0: 3 0x000000008000ff44 (0xfe043783) x15 0x000000008001204f mem 0x0000000080031f50
core   0: 0x000000008000ff48 (0x00178713) addi    a4, a5, 1
core   0: 3 0x000000008000ff48 (0x00178713) x14 0x0000000080012050
core   0: 0x000000008000ff4c (0xfee43023) sd      a4, -32(s0)
core   0: 3 0x000000008000ff4c (0xfee43023) mem 0x0000000080031f50 0x0000000080012050
core   0: 0x000000008000ff50 (0xfc442703) lw      a4, -60(s0)
core   0: 3 0x000000008000ff50 (0xfc442703) x14 0x0000000000000000 mem 0x0000000080031f34
core   0: 0x000000008000ff54 (0x0ff77713) andi    a4, a4, 255
core   0: 3 0x000000008000ff54 (0x0ff77713) x14 0x0000000000000000
core   0: 0x000000008000ff58 (0x00e78023) sb      a4, 0(a5)
core   0: 3 0x000000008000ff58 (0x00e78023) mem 0x000000008001204f 0x00
core   0: 0x000000008000ff5c (0xfc843703) ld      a4, -56(s0)
core   0: 3 0x000000008000ff5c (0xfc843703) x14 0x0000000080012040 mem 0x0000000080031f38
core   0: 0x000000008000ff60 (0xfb843783) ld      a5, -72(s0)
core   0: 3 0x000000008000ff60 (0xfb843783) x15 0x000000000000009c mem 0x0000000080031f28
core   0: 0x000000008000ff64 (0x000097ba) c.add   a5, a4
core   0: 3 0x000000008000ff64 (0x97ba) x15 0x00000000800120dc
core   0: 0x000000008000ff66 (0xfe043703) ld      a4, -32(s0)
core   0: 3 0x000000008000ff66 (0xfe043703) x14 0x0000000080012050 mem 0x0000000080031f50
core   0: 0x000000008000ff6a (0xfcf76de3) bltu    a4, a5, pc - 38
core   0: 3 0x000000008000ff6a (0xfcf76de3)
core   0: 0x000000008000ff44 (0xfe043783) ld      a5, -32(s0)
core   0: 3 0x000000008000ff44 (0xfe043783) x15 0x0000000080012050 mem 0x0000000080031f50
core   0: 0x000000008000ff48 (0x00178713) addi    a4, a5, 1
core   0: 3 0x000000008000ff48 (0x00178713) x14 0x0000000080012051
core   0: 0x000000008000ff4c (0xfee43023) sd      a4, -32(s0)
core   0: 3 0x000000008000ff4c (0xfee43023) mem 0x0000000080031f50 0x0000000080012051
core   0: 0x000000008000ff50 (0xfc442703) lw      a4, -60(s0)
core   0: 3 0x000000008000ff50 (0xfc442703) x14 0x0000000000000000 mem 0x0000000080031f34
core   0: 0x000000008000ff54 (0x0ff77713) andi    a4, a4, 255
core   0: 3 0x000000008000ff54 (0x0ff77713) x14 0x0000000000000000
core   0: 0x000000008000ff58 (0x00e78023) sb      a4, 0(a5)
core   0: 3 0x000000008000ff58 (0x00e78023) mem 0x0000000080012050 0x00
core   0: 0x000000008000ff5c (0xfc843703) ld      a4, -56(s0)
core   0: 3 0x000000008000ff5c (0xfc843703) x14 0x0000000080012040 mem 0x0000000080031f38
core   0: 0x000000008000ff60 (0xfb843783) ld      a5, -72(s0)
core   0: 3 0x000000008000ff60 (0xfb843783) x15 0x000000000000009c mem 0x0000000080031f28
core   0: 0x000000008000ff64 (0x000097ba) c.add   a5, a4
core   0: 3 0x000000008000ff64 (0x97ba) x15 0x00000000800120dc
core   0: 0x000000008000ff66 (0xfe043703) ld      a4, -32(s0)
core   0: 3 0x000000008000ff66 (0xfe043703) x14 0x0000000080012051 mem 0x0000000080031f50
core   0: 0x000000008000ff6a (0xfcf76de3) bltu    a4, a5, pc - 38
core   0: 3 0x000000008000ff6a (0xfcf76de3)
core   0: 0x000000008000ff44 (0xfe043783) ld      a5, -32(s0)
core   0: 3 0x000000008000ff44 (0xfe043783) x15 0x0000000080012051 mem 0x0000000080031f50
core   0: 0x000000008000ff48 (0x00178713) addi    a4, a5, 1
core   0: 3 0x000000008000ff48 (0x00178713) x14 0x0000000080012052
core   0: 0x000000008000ff4c (0xfee43023) sd      a4, -32(s0)
core   0: 3 0x000000008000ff4c (0xfee43023) mem 0x0000000080031f50 0x0000000080012052
core   0: 0x000000008000ff50 (0xfc442703) lw      a4, -60(s0)
core   0: 3 0x000000008000ff50 (0xfc442703) x14 0x0000000000000000 mem 0x0000000080031f34
core   0: 0x000000008000ff54 (0x0ff77713) andi    a4, a4, 255
core   0: 3 0x000000008000ff54 (0x0ff77713) x14 0x0000000000000000
core   0: 0x000000008000ff58 (0x00e78023) sb      a4, 0(a5)
core   0: 3 0x000000008000ff58 (0x00e78023) mem 0x0000000080012051 0x00
core   0: 0x000000008000ff5c (0xfc843703) ld      a4, -56(s0)
core   0: 3 0x000000008000ff5c (0xfc843703) x14 0x0000000080012040 mem 0x0000000080031f38
core   0: 0x000000008000ff60 (0xfb843783) ld      a5, -72(s0)
core   0: 3 0x000000008000ff60 (0xfb843783) x15 0x000000000000009c mem 0x0000000080031f28
core   0: 0x000000008000ff64 (0x000097ba) c.add   a5, a4
core   0: 3 0x000000008000ff64 (0x97ba) x15 0x00000000800120dc
core   0: 0x000000008000ff66 (0xfe043703) ld      a4, -32(s0)
core   0: 3 0x000000008000ff66 (0xfe043703) x14 0x0000000080012052 mem 0x0000000080031f50
core   0: 0x000000008000ff6a (0xfcf76de3) bltu    a4, a5, pc - 38
core   0: 3 0x000000008000ff6a (0xfcf76de3)
core   0: 0x000000008000ff44 (0xfe043783) ld      a5, -32(s0)
core   0: 3 0x000000008000ff44 (0xfe043783) x15 0x0000000080012052 mem 0x0000000080031f50
core   0: 0x000000008000ff48 (0x00178713) addi    a4, a5, 1
core   0: 3 0x000000008000ff48 (0x00178713) x14 0x0000000080012053
core   0: 0x000000008000ff4c (0xfee43023) sd      a4, -32(s0)
core   0: 3 0x000000008000ff4c (0xfee43023) mem 0x0000000080031f50 0x0000000080012053
core   0: 0x000000008000ff50 (0xfc442703) lw      a4, -60(s0)
core   0: 3 0x000000008000ff50 (0xfc442703) x14 0x0000000000000000 mem 0x0000000080031f34
core   0: 0x000000008000ff54 (0x0ff77713) andi    a4, a4, 255
core   0: 3 0x000000008000ff54 (0x0ff77713) x14 0x0000000000000000
core   0: 0x000000008000ff58 (0x00e78023) sb      a4, 0(a5)
core   0: 3 0x000000008000ff58 (0x00e78023) mem 0x0000000080012052 0x00
core   0: 0x000000008000ff5c (0xfc843703) ld      a4, -56(s0)
core   0: 3 0x000000008000ff5c (0xfc843703) x14 0x0000000080012040 mem 0x0000000080031f38
core   0: 0x000000008000ff60 (0xfb843783) ld      a5, -72(s0)
core   0: 3 0x000000008000ff60 (0xfb843783) x15 0x000000000000009c mem 0x0000000080031f28
core   0: 0x000000008000ff64 (0x000097ba) c.add   a5, a4
core   0: 3 0x000000008000ff64 (0x97ba) x15 0x00000000800120dc
core   0: 0x000000008000ff66 (0xfe043703) ld      a4, -32(s0)
core   0: 3 0x000000008000ff66 (0xfe043703) x14 0x0000000080012053 mem 0x0000000080031f50
core   0: 0x000000008000ff6a (0xfcf76de3) bltu    a4, a5, pc - 38
core   0: 3 0x000000008000ff6a (0xfcf76de3)
core   0: 0x000000008000ff44 (0xfe043783) ld      a5, -32(s0)
core   0: 3 0x000000008000ff44 (0xfe043783) x15 0x0000000080012053 mem 0x0000000080031f50
core   0: 0x000000008000ff48 (0x00178713) addi    a4, a5, 1
core   0: 3 0x000000008000ff48 (0x00178713) x14 0x0000000080012054
core   0: 0x000000008000ff4c (0xfee43023) sd      a4, -32(s0)
core   0: 3 0x000000008000ff4c (0xfee43023) mem 0x0000000080031f50 0x0000000080012054
core   0: 0x000000008000ff50 (0xfc442703) lw      a4, -60(s0)
core   0: 3 0x000000008000ff50 (0xfc442703) x14 0x0000000000000000 mem 0x0000000080031f34
core   0: 0x000000008000ff54 (0x0ff77713) andi    a4, a4, 255
core   0: 3 0x000000008000ff54 (0x0ff77713) x14 0x0000000000000000
core   0: 0x000000008000ff58 (0x00e78023) sb      a4, 0(a5)
core   0: 3 0x000000008000ff58 (0x00e78023) mem 0x0000000080012053 0x00
core   0: 0x000000008000ff5c (0xfc843703) ld      a4, -56(s0)
core   0: 3 0x000000008000ff5c (0xfc843703) x14 0x0000000080012040 mem 0x0000000080031f38
core   0: 0x000000008000ff60 (0xfb843783) ld      a5, -72(s0)
core   0: 3 0x000000008000ff60 (0xfb843783) x15 0x000000000000009c mem 0x0000000080031f28
core   0: 0x000000008000ff64 (0x000097ba) c.add   a5, a4
core   0: 3 0x000000008000ff64 (0x97ba) x15 0x00000000800120dc
core   0: 0x000000008000ff66 (0xfe043703) ld      a4, -32(s0)
core   0: 3 0x000000008000ff66 (0xfe043703) x14 0x0000000080012054 mem 0x0000000080031f50
core   0: 0x000000008000ff6a (0xfcf76de3) bltu    a4, a5, pc - 38
core   0: 3 0x000000008000ff6a (0xfcf76de3)
core   0: 0x000000008000ff44 (0xfe043783) ld      a5, -32(s0)
core   0: 3 0x000000008000ff44 (0xfe043783) x15 0x0000000080012054 mem 0x0000000080031f50
core   0: 0x000000008000ff48 (0x00178713) addi    a4, a5, 1
core   0: 3 0x000000008000ff48 (0x00178713) x14 0x0000000080012055
core   0: 0x000000008000ff4c (0xfee43023) sd      a4, -32(s0)
core   0: 3 0x000000008000ff4c (0xfee43023) mem 0x0000000080031f50 0x0000000080012055
core   0: 0x000000008000ff50 (0xfc442703) lw      a4, -60(s0)
core   0: 3 0x000000008000ff50 (0xfc442703) x14 0x0000000000000000 mem 0x0000000080031f34
core   0: 0x000000008000ff54 (0x0ff77713) andi    a4, a4, 255
core   0: 3 0x000000008000ff54 (0x0ff77713) x14 0x0000000000000000
core   0: 0x000000008000ff58 (0x00e78023) sb      a4, 0(a5)
core   0: 3 0x000000008000ff58 (0x00e78023) mem 0x0000000080012054 0x00
core   0: 0x000000008000ff5c (0xfc843703) ld      a4, -56(s0)
core   0: 3 0x000000008000ff5c (0xfc843703) x14 0x0000000080012040 mem 0x0000000080031f38
core   0: 0x000000008000ff60 (0xfb843783) ld      a5, -72(s0)
core   0: 3 0x000000008000ff60 (0xfb843783) x15 0x000000000000009c mem 0x0000000080031f28
core   0: 0x000000008000ff64 (0x000097ba) c.add   a5, a4
core   0: 3 0x000000008000ff64 (0x97ba) x15 0x00000000800120dc
core   0: 0x000000008000ff66 (0xfe043703) ld      a4, -32(s0)
core   0: 3 0x000000008000ff66 (0xfe043703) x14 0x0000000080012055 mem 0x0000000080031f50
core   0: 0x000000008000ff6a (0xfcf76de3) bltu    a4, a5, pc - 38
core   0: 3 0x000000008000ff6a (0xfcf76de3)
core   0: 0x000000008000ff44 (0xfe043783) ld      a5, -32(s0)
core   0: 3 0x000000008000ff44 (0xfe043783) x15 0x0000000080012055 mem 0x0000000080031f50
core   0: 0x000000008000ff48 (0x00178713) addi    a4, a5, 1
core   0: 3 0x000000008000ff48 (0x00178713) x14 0x0000000080012056
core   0: 0x000000008000ff4c (0xfee43023) sd      a4, -32(s0)
core   0: 3 0x000000008000ff4c (0xfee43023) mem 0x0000000080031f50 0x0000000080012056
core   0: 0x000000008000ff50 (0xfc442703) lw      a4, -60(s0)
core   0: 3 0x000000008000ff50 (0xfc442703) x14 0x0000000000000000 mem 0x0000000080031f34
core   0: 0x000000008000ff54 (0x0ff77713) andi    a4, a4, 255
core   0: 3 0x000000008000ff54 (0x0ff77713) x14 0x0000000000000000
core   0: 0x000000008000ff58 (0x00e78023) sb      a4, 0(a5)
core   0: 3 0x000000008000ff58 (0x00e78023) mem 0x0000000080012055 0x00
core   0: 0x000000008000ff5c (0xfc843703) ld      a4, -56(s0)
core   0: 3 0x000000008000ff5c (0xfc843703) x14 0x0000000080012040 mem 0x0000000080031f38
core   0: 0x000000008000ff60 (0xfb843783) ld      a5, -72(s0)
core   0: 3 0x000000008000ff60 (0xfb843783) x15 0x000000000000009c mem 0x0000000080031f28
core   0: 0x000000008000ff64 (0x000097ba) c.add   a5, a4
core   0: 3 0x000000008000ff64 (0x97ba) x15 0x00000000800120dc
core   0: 0x000000008000ff66 (0xfe043703) ld      a4, -32(s0)
core   0: 3 0x000000008000ff66 (0xfe043703) x14 0x0000000080012056 mem 0x0000000080031f50
core   0: 0x000000008000ff6a (0xfcf76de3) bltu    a4, a5, pc - 38
core   0: 3 0x000000008000ff6a (0xfcf76de3)
core   0: 0x000000008000ff44 (0xfe043783) ld      a5, -32(s0)
core   0: 3 0x000000008000ff44 (0xfe043783) x15 0x0000000080012056 mem 0x0000000080031f50
core   0: 0x000000008000ff48 (0x00178713) addi    a4, a5, 1
core   0: 3 0x000000008000ff48 (0x00178713) x14 0x0000000080012057
core   0: 0x000000008000ff4c (0xfee43023) sd      a4, -32(s0)
core   0: 3 0x000000008000ff4c (0xfee43023) mem 0x0000000080031f50 0x0000000080012057
core   0: 0x000000008000ff50 (0xfc442703) lw      a4, -60(s0)
core   0: 3 0x000000008000ff50 (0xfc442703) x14 0x0000000000000000 mem 0x0000000080031f34
core   0: 0x000000008000ff54 (0x0ff77713) andi    a4, a4, 255
core   0: 3 0x000000008000ff54 (0x0ff77713) x14 0x0000000000000000
core   0: 0x000000008000ff58 (0x00e78023) sb      a4, 0(a5)
core   0: 3 0x000000008000ff58 (0x00e78023) mem 0x0000000080012056 0x00
core   0: 0x000000008000ff5c (0xfc843703) ld      a4, -56(s0)
core   0: 3 0x000000008000ff5c (0xfc843703) x14 0x0000000080012040 mem 0x0000000080031f38
core   0: 0x000000008000ff60 (0xfb843783) ld      a5, -72(s0)
core   0: 3 0x000000008000ff60 (0xfb843783) x15 0x000000000000009c mem 0x0000000080031f28
core   0: 0x000000008000ff64 (0x000097ba) c.add   a5, a4
core   0: 3 0x000000008000ff64 (0x97ba) x15 0x00000000800120dc
core   0: 0x000000008000ff66 (0xfe043703) ld      a4, -32(s0)
core   0: 3 0x000000008000ff66 (0xfe043703) x14 0x0000000080012057 mem 0x0000000080031f50
core   0: 0x000000008000ff6a (0xfcf76de3) bltu    a4, a5, pc - 38
core   0: 3 0x000000008000ff6a (0xfcf76de3)
core   0: 0x000000008000ff44 (0xfe043783) ld      a5, -32(s0)
core   0: 3 0x000000008000ff44 (0xfe043783) x15 0x0000000080012057 mem 0x0000000080031f50
core   0: 0x000000008000ff48 (0x00178713) addi    a4, a5, 1
core   0: 3 0x000000008000ff48 (0x00178713) x14 0x0000000080012058
core   0: 0x000000008000ff4c (0xfee43023) sd      a4, -32(s0)
core   0: 3 0x000000008000ff4c (0xfee43023) mem 0x0000000080031f50 0x0000000080012058
core   0: 0x000000008000ff50 (0xfc442703) lw      a4, -60(s0)
core   0: 3 0x000000008000ff50 (0xfc442703) x14 0x0000000000000000 mem 0x0000000080031f34
core   0: 0x000000008000ff54 (0x0ff77713) andi    a4, a4, 255
core   0: 3 0x000000008000ff54 (0x0ff77713) x14 0x0000000000000000
core   0: 0x000000008000ff58 (0x00e78023) sb      a4, 0(a5)
core   0: 3 0x000000008000ff58 (0x00e78023) mem 0x0000000080012057 0x00
core   0: 0x000000008000ff5c (0xfc843703) ld      a4, -56(s0)
core   0: 3 0x000000008000ff5c (0xfc843703) x14 0x0000000080012040 mem 0x0000000080031f38
core   0: 0x000000008000ff60 (0xfb843783) ld      a5, -72(s0)
core   0: 3 0x000000008000ff60 (0xfb843783) x15 0x000000000000009c mem 0x0000000080031f28
core   0: 0x000000008000ff64 (0x000097ba) c.add   a5, a4
core   0: 3 0x000000008000ff64 (0x97ba) x15 0x00000000800120dc
core   0: 0x000000008000ff66 (0xfe043703) ld      a4, -32(s0)
core   0: 3 0x000000008000ff66 (0xfe043703) x14 0x0000000080012058 mem 0x0000000080031f50
core   0: 0x000000008000ff6a (0xfcf76de3) bltu    a4, a5, pc - 38
core   0: 3 0x000000008000ff6a (0xfcf76de3)
core   0: 0x000000008000ff44 (0xfe043783) ld      a5, -32(s0)
core   0: 3 0x000000008000ff44 (0xfe043783) x15 0x0000000080012058 mem 0x0000000080031f50
core   0: 0x000000008000ff48 (0x00178713) addi    a4, a5, 1
core   0: 3 0x000000008000ff48 (0x00178713) x14 0x0000000080012059
core   0: 0x000000008000ff4c (0xfee43023) sd      a4, -32(s0)
core   0: 3 0x000000008000ff4c (0xfee43023) mem 0x0000000080031f50 0x0000000080012059
core   0: 0x000000008000ff50 (0xfc442703) lw      a4, -60(s0)
core   0: 3 0x000000008000ff50 (0xfc442703) x14 0x0000000000000000 mem 0x0000000080031f34
core   0: 0x000000008000ff54 (0x0ff77713) andi    a4, a4, 255
core   0: 3 0x000000008000ff54 (0x0ff77713) x14 0x0000000000000000
core   0: 0x000000008000ff58 (0x00e78023) sb      a4, 0(a5)
core   0: 3 0x000000008000ff58 (0x00e78023) mem 0x0000000080012058 0x00
core   0: 0x000000008000ff5c (0xfc843703) ld      a4, -56(s0)
core   0: 3 0x000000008000ff5c (0xfc843703) x14 0x0000000080012040 mem 0x0000000080031f38
core   0: 0x000000008000ff60 (0xfb843783) ld      a5, -72(s0)
core   0: 3 0x000000008000ff60 (0xfb843783) x15 0x000000000000009c mem 0x0000000080031f28
core   0: 0x000000008000ff64 (0x000097ba) c.add   a5, a4
core   0: 3 0x000000008000ff64 (0x97ba) x15 0x00000000800120dc
core   0: 0x000000008000ff66 (0xfe043703) ld      a4, -32(s0)
core   0: 3 0x000000008000ff66 (0xfe043703) x14 0x0000000080012059 mem 0x0000000080031f50
core   0: 0x000000008000ff6a (0xfcf76de3) bltu    a4, a5, pc - 38
core   0: 3 0x000000008000ff6a (0xfcf76de3)
core   0: 0x000000008000ff44 (0xfe043783) ld      a5, -32(s0)
core   0: 3 0x000000008000ff44 (0xfe043783) x15 0x0000000080012059 mem 0x0000000080031f50
core   0: 0x000000008000ff48 (0x00178713) addi    a4, a5, 1
core   0: 3 0x000000008000ff48 (0x00178713) x14 0x000000008001205a
core   0: 0x000000008000ff4c (0xfee43023) sd      a4, -32(s0)
core   0: 3 0x000000008000ff4c (0xfee43023) mem 0x0000000080031f50 0x000000008001205a
core   0: 0x000000008000ff50 (0xfc442703) lw      a4, -60(s0)
core   0: 3 0x000000008000ff50 (0xfc442703) x14 0x0000000000000000 mem 0x0000000080031f34
core   0: 0x000000008000ff54 (0x0ff77713) andi    a4, a4, 255
core   0: 3 0x000000008000ff54 (0x0ff77713) x14 0x0000000000000000
core   0: 0x000000008000ff58 (0x00e78023) sb      a4, 0(a5)
core   0: 3 0x000000008000ff58 (0x00e78023) mem 0x0000000080012059 0x00
core   0: 0x000000008000ff5c (0xfc843703) ld      a4, -56(s0)
core   0: 3 0x000000008000ff5c (0xfc843703) x14 0x0000000080012040 mem 0x0000000080031f38
core   0: 0x000000008000ff60 (0xfb843783) ld      a5, -72(s0)
core   0: 3 0x000000008000ff60 (0xfb843783) x15 0x000000000000009c mem 0x0000000080031f28
core   0: 0x000000008000ff64 (0x000097ba) c.add   a5, a4
core   0: 3 0x000000008000ff64 (0x97ba) x15 0x00000000800120dc
core   0: 0x000000008000ff66 (0xfe043703) ld      a4, -32(s0)
core   0: 3 0x000000008000ff66 (0xfe043703) x14 0x000000008001205a mem 0x0000000080031f50
core   0: 0x000000008000ff6a (0xfcf76de3) bltu    a4, a5, pc - 38
core   0: 3 0x000000008000ff6a (0xfcf76de3)
core   0: 0x000000008000ff44 (0xfe043783) ld      a5, -32(s0)
core   0: 3 0x000000008000ff44 (0xfe043783) x15 0x000000008001205a mem 0x0000000080031f50
core   0: 0x000000008000ff48 (0x00178713) addi    a4, a5, 1
core   0: 3 0x000000008000ff48 (0x00178713) x14 0x000000008001205b
core   0: 0x000000008000ff4c (0xfee43023) sd      a4, -32(s0)
core   0: 3 0x000000008000ff4c (0xfee43023) mem 0x0000000080031f50 0x000000008001205b
core   0: 0x000000008000ff50 (0xfc442703) lw      a4, -60(s0)
core   0: 3 0x000000008000ff50 (0xfc442703) x14 0x0000000000000000 mem 0x0000000080031f34
core   0: 0x000000008000ff54 (0x0ff77713) andi    a4, a4, 255
core   0: 3 0x000000008000ff54 (0x0ff77713) x14 0x0000000000000000
core   0: 0x000000008000ff58 (0x00e78023) sb      a4, 0(a5)
core   0: 3 0x000000008000ff58 (0x00e78023) mem 0x000000008001205a 0x00
core   0: 0x000000008000ff5c (0xfc843703) ld      a4, -56(s0)
core   0: 3 0x000000008000ff5c (0xfc843703) x14 0x0000000080012040 mem 0x0000000080031f38
core   0: 0x000000008000ff60 (0xfb843783) ld      a5, -72(s0)
core   0: 3 0x000000008000ff60 (0xfb843783) x15 0x000000000000009c mem 0x0000000080031f28
core   0: 0x000000008000ff64 (0x000097ba) c.add   a5, a4
core   0: 3 0x000000008000ff64 (0x97ba) x15 0x00000000800120dc
core   0: 0x000000008000ff66 (0xfe043703) ld      a4, -32(s0)
core   0: 3 0x000000008000ff66 (0xfe043703) x14 0x000000008001205b mem 0x0000000080031f50
core   0: 0x000000008000ff6a (0xfcf76de3) bltu    a4, a5, pc - 38
core   0: 3 0x000000008000ff6a (0xfcf76de3)
core   0: 0x000000008000ff44 (0xfe043783) ld      a5, -32(s0)
core   0: 3 0x000000008000ff44 (0xfe043783) x15 0x000000008001205b mem 0x0000000080031f50
core   0: 0x000000008000ff48 (0x00178713) addi    a4, a5, 1
core   0: 3 0x000000008000ff48 (0x00178713) x14 0x000000008001205c
core   0: 0x000000008000ff4c (0xfee43023) sd      a4, -32(s0)
core   0: 3 0x000000008000ff4c (0xfee43023) mem 0x0000000080031f50 0x000000008001205c
core   0: 0x000000008000ff50 (0xfc442703) lw      a4, -60(s0)
core   0: 3 0x000000008000ff50 (0xfc442703) x14 0x0000000000000000 mem 0x0000000080031f34
core   0: 0x000000008000ff54 (0x0ff77713) andi    a4, a4, 255
core   0: 3 0x000000008000ff54 (0x0ff77713) x14 0x0000000000000000
core   0: 0x000000008000ff58 (0x00e78023) sb      a4, 0(a5)
core   0: 3 0x000000008000ff58 (0x00e78023) mem 0x000000008001205b 0x00
core   0: 0x000000008000ff5c (0xfc843703) ld      a4, -56(s0)
core   0: 3 0x000000008000ff5c (0xfc843703) x14 0x0000000080012040 mem 0x0000000080031f38
core   0: 0x000000008000ff60 (0xfb843783) ld      a5, -72(s0)
core   0: 3 0x000000008000ff60 (0xfb843783) x15 0x000000000000009c mem 0x0000000080031f28
core   0: 0x000000008000ff64 (0x000097ba) c.add   a5, a4
core   0: 3 0x000000008000ff64 (0x97ba) x15 0x00000000800120dc
core   0: 0x000000008000ff66 (0xfe043703) ld      a4, -32(s0)
core   0: 3 0x000000008000ff66 (0xfe043703) x14 0x000000008001205c mem 0x0000000080031f50
core   0: 0x000000008000ff6a (0xfcf76de3) bltu    a4, a5, pc - 38
core   0: 3 0x000000008000ff6a (0xfcf76de3)
core   0: 0x000000008000ff44 (0xfe043783) ld      a5, -32(s0)
core   0: 3 0x000000008000ff44 (0xfe043783) x15 0x000000008001205c mem 0x0000000080031f50
core   0: 0x000000008000ff48 (0x00178713) addi    a4, a5, 1
core   0: 3 0x000000008000ff48 (0x00178713) x14 0x000000008001205d
core   0: 0x000000008000ff4c (0xfee43023) sd      a4, -32(s0)
core   0: 3 0x000000008000ff4c (0xfee43023) mem 0x0000000080031f50 0x000000008001205d
core   0: 0x000000008000ff50 (0xfc442703) lw      a4, -60(s0)
core   0: 3 0x000000008000ff50 (0xfc442703) x14 0x0000000000000000 mem 0x0000000080031f34
core   0: 0x000000008000ff54 (0x0ff77713) andi    a4, a4, 255
core   0: 3 0x000000008000ff54 (0x0ff77713) x14 0x0000000000000000
core   0: 0x000000008000ff58 (0x00e78023) sb      a4, 0(a5)
core   0: 3 0x000000008000ff58 (0x00e78023) mem 0x000000008001205c 0x00
core   0: 0x000000008000ff5c (0xfc843703) ld      a4, -56(s0)
core   0: 3 0x000000008000ff5c (0xfc843703) x14 0x0000000080012040 mem 0x0000000080031f38
core   0: 0x000000008000ff60 (0xfb843783) ld      a5, -72(s0)
core   0: 3 0x000000008000ff60 (0xfb843783) x15 0x000000000000009c mem 0x0000000080031f28
core   0: 0x000000008000ff64 (0x000097ba) c.add   a5, a4
core   0: 3 0x000000008000ff64 (0x97ba) x15 0x00000000800120dc
core   0: 0x000000008000ff66 (0xfe043703) ld      a4, -32(s0)
core   0: 3 0x000000008000ff66 (0xfe043703) x14 0x000000008001205d mem 0x0000000080031f50
core   0: 0x000000008000ff6a (0xfcf76de3) bltu    a4, a5, pc - 38
core   0: 3 0x000000008000ff6a (0xfcf76de3)
core   0: 0x000000008000ff44 (0xfe043783) ld      a5, -32(s0)
core   0: 3 0x000000008000ff44 (0xfe043783) x15 0x000000008001205d mem 0x0000000080031f50
core   0: 0x000000008000ff48 (0x00178713) addi    a4, a5, 1
core   0: 3 0x000000008000ff48 (0x00178713) x14 0x000000008001205e
core   0: 0x000000008000ff4c (0xfee43023) sd      a4, -32(s0)
core   0: 3 0x000000008000ff4c (0xfee43023) mem 0x0000000080031f50 0x000000008001205e
core   0: 0x000000008000ff50 (0xfc442703) lw      a4, -60(s0)
core   0: 3 0x000000008000ff50 (0xfc442703) x14 0x0000000000000000 mem 0x0000000080031f34
core   0: 0x000000008000ff54 (0x0ff77713) andi    a4, a4, 255
core   0: 3 0x000000008000ff54 (0x0ff77713) x14 0x0000000000000000
core   0: 0x000000008000ff58 (0x00e78023) sb      a4, 0(a5)
core   0: 3 0x000000008000ff58 (0x00e78023) mem 0x000000008001205d 0x00
core   0: 0x000000008000ff5c (0xfc843703) ld      a4, -56(s0)
core   0: 3 0x000000008000ff5c (0xfc843703) x14 0x0000000080012040 mem 0x0000000080031f38
core   0: 0x000000008000ff60 (0xfb843783) ld      a5, -72(s0)
core   0: 3 0x000000008000ff60 (0xfb843783) x15 0x000000000000009c mem 0x0000000080031f28
core   0: 0x000000008000ff64 (0x000097ba) c.add   a5, a4
core   0: 3 0x000000008000ff64 (0x97ba) x15 0x00000000800120dc
core   0: 0x000000008000ff66 (0xfe043703) ld      a4, -32(s0)
core   0: 3 0x000000008000ff66 (0xfe043703) x14 0x000000008001205e mem 0x0000000080031f50
core   0: 0x000000008000ff6a (0xfcf76de3) bltu    a4, a5, pc - 38
core   0: 3 0x000000008000ff6a (0xfcf76de3)
core   0: 0x000000008000ff44 (0xfe043783) ld      a5, -32(s0)
core   0: 3 0x000000008000ff44 (0xfe043783) x15 0x000000008001205e mem 0x0000000080031f50
core   0: 0x000000008000ff48 (0x00178713) addi    a4, a5, 1
core   0: 3 0x000000008000ff48 (0x00178713) x14 0x000000008001205f
core   0: 0x000000008000ff4c (0xfee43023) sd      a4, -32(s0)
core   0: 3 0x000000008000ff4c (0xfee43023) mem 0x0000000080031f50 0x000000008001205f
core   0: 0x000000008000ff50 (0xfc442703) lw      a4, -60(s0)
core   0: 3 0x000000008000ff50 (0xfc442703) x14 0x0000000000000000 mem 0x0000000080031f34
core   0: 0x000000008000ff54 (0x0ff77713) andi    a4, a4, 255
core   0: 3 0x000000008000ff54 (0x0ff77713) x14 0x0000000000000000
core   0: 0x000000008000ff58 (0x00e78023) sb      a4, 0(a5)
core   0: 3 0x000000008000ff58 (0x00e78023) mem 0x000000008001205e 0x00
core   0: 0x000000008000ff5c (0xfc843703) ld      a4, -56(s0)
core   0: 3 0x000000008000ff5c (0xfc843703) x14 0x0000000080012040 mem 0x0000000080031f38
core   0: 0x000000008000ff60 (0xfb843783) ld      a5, -72(s0)
core   0: 3 0x000000008000ff60 (0xfb843783) x15 0x000000000000009c mem 0x0000000080031f28
core   0: 0x000000008000ff64 (0x000097ba) c.add   a5, a4
core   0: 3 0x000000008000ff64 (0x97ba) x15 0x00000000800120dc
core   0: 0x000000008000ff66 (0xfe043703) ld      a4, -32(s0)
core   0: 3 0x000000008000ff66 (0xfe043703) x14 0x000000008001205f mem 0x0000000080031f50
core   0: 0x000000008000ff6a (0xfcf76de3) bltu    a4, a5, pc - 38
core   0: 3 0x000000008000ff6a (0xfcf76de3)
core   0: 0x000000008000ff44 (0xfe043783) ld      a5, -32(s0)
core   0: 3 0x000000008000ff44 (0xfe043783) x15 0x000000008001205f mem 0x0000000080031f50
core   0: 0x000000008000ff48 (0x00178713) addi    a4, a5, 1
core   0: 3 0x000000008000ff48 (0x00178713) x14 0x0000000080012060
core   0: 0x000000008000ff4c (0xfee43023) sd      a4, -32(s0)
core   0: 3 0x000000008000ff4c (0xfee43023) mem 0x0000000080031f50 0x0000000080012060
core   0: 0x000000008000ff50 (0xfc442703) lw      a4, -60(s0)
core   0: 3 0x000000008000ff50 (0xfc442703) x14 0x0000000000000000 mem 0x0000000080031f34
core   0: 0x000000008000ff54 (0x0ff77713) andi    a4, a4, 255
core   0: 3 0x000000008000ff54 (0x0ff77713) x14 0x0000000000000000
core   0: 0x000000008000ff58 (0x00e78023) sb      a4, 0(a5)
core   0: 3 0x000000008000ff58 (0x00e78023) mem 0x000000008001205f 0x00
core   0: 0x000000008000ff5c (0xfc843703) ld      a4, -56(s0)
core   0: 3 0x000000008000ff5c (0xfc843703) x14 0x0000000080012040 mem 0x0000000080031f38
core   0: 0x000000008000ff60 (0xfb843783) ld      a5, -72(s0)
core   0: 3 0x000000008000ff60 (0xfb843783) x15 0x000000000000009c mem 0x0000000080031f28
core   0: 0x000000008000ff64 (0x000097ba) c.add   a5, a4
core   0: 3 0x000000008000ff64 (0x97ba) x15 0x00000000800120dc
core   0: 0x000000008000ff66 (0xfe043703) ld      a4, -32(s0)
core   0: 3 0x000000008000ff66 (0xfe043703) x14 0x0000000080012060 mem 0x0000000080031f50
core   0: 0x000000008000ff6a (0xfcf76de3) bltu    a4, a5, pc - 38
core   0: 3 0x000000008000ff6a (0xfcf76de3)
core   0: 0x000000008000ff44 (0xfe043783) ld      a5, -32(s0)
core   0: 3 0x000000008000ff44 (0xfe043783) x15 0x0000000080012060 mem 0x0000000080031f50
core   0: 0x000000008000ff48 (0x00178713) addi    a4, a5, 1
core   0: 3 0x000000008000ff48 (0x00178713) x14 0x0000000080012061
core   0: 0x000000008000ff4c (0xfee43023) sd      a4, -32(s0)
core   0: 3 0x000000008000ff4c (0xfee43023) mem 0x0000000080031f50 0x0000000080012061
core   0: 0x000000008000ff50 (0xfc442703) lw      a4, -60(s0)
core   0: 3 0x000000008000ff50 (0xfc442703) x14 0x0000000000000000 mem 0x0000000080031f34
core   0: 0x000000008000ff54 (0x0ff77713) andi    a4, a4, 255
core   0: 3 0x000000008000ff54 (0x0ff77713) x14 0x0000000000000000
core   0: 0x000000008000ff58 (0x00e78023) sb      a4, 0(a5)
core   0: 3 0x000000008000ff58 (0x00e78023) mem 0x0000000080012060 0x00
core   0: 0x000000008000ff5c (0xfc843703) ld      a4, -56(s0)
core   0: 3 0x000000008000ff5c (0xfc843703) x14 0x0000000080012040 mem 0x0000000080031f38
core   0: 0x000000008000ff60 (0xfb843783) ld      a5, -72(s0)
core   0: 3 0x000000008000ff60 (0xfb843783) x15 0x000000000000009c mem 0x0000000080031f28
core   0: 0x000000008000ff64 (0x000097ba) c.add   a5, a4
core   0: 3 0x000000008000ff64 (0x97ba) x15 0x00000000800120dc
core   0: 0x000000008000ff66 (0xfe043703) ld      a4, -32(s0)
core   0: 3 0x000000008000ff66 (0xfe043703) x14 0x0000000080012061 mem 0x0000000080031f50
core   0: 0x000000008000ff6a (0xfcf76de3) bltu    a4, a5, pc - 38
core   0: 3 0x000000008000ff6a (0xfcf76de3)
core   0: 0x000000008000ff44 (0xfe043783) ld      a5, -32(s0)
core   0: 3 0x000000008000ff44 (0xfe043783) x15 0x0000000080012061 mem 0x0000000080031f50
core   0: 0x000000008000ff48 (0x00178713) addi    a4, a5, 1
core   0: 3 0x000000008000ff48 (0x00178713) x14 0x0000000080012062
core   0: 0x000000008000ff4c (0xfee43023) sd      a4, -32(s0)
core   0: 3 0x000000008000ff4c (0xfee43023) mem 0x0000000080031f50 0x0000000080012062
core   0: 0x000000008000ff50 (0xfc442703) lw      a4, -60(s0)
core   0: 3 0x000000008000ff50 (0xfc442703) x14 0x0000000000000000 mem 0x0000000080031f34
core   0: 0x000000008000ff54 (0x0ff77713) andi    a4, a4, 255
core   0: 3 0x000000008000ff54 (0x0ff77713) x14 0x0000000000000000
core   0: 0x000000008000ff58 (0x00e78023) sb      a4, 0(a5)
core   0: 3 0x000000008000ff58 (0x00e78023) mem 0x0000000080012061 0x00
core   0: 0x000000008000ff5c (0xfc843703) ld      a4, -56(s0)
core   0: 3 0x000000008000ff5c (0xfc843703) x14 0x0000000080012040 mem 0x0000000080031f38
core   0: 0x000000008000ff60 (0xfb843783) ld      a5, -72(s0)
core   0: 3 0x000000008000ff60 (0xfb843783) x15 0x000000000000009c mem 0x0000000080031f28
core   0: 0x000000008000ff64 (0x000097ba) c.add   a5, a4
core   0: 3 0x000000008000ff64 (0x97ba) x15 0x00000000800120dc
core   0: 0x000000008000ff66 (0xfe043703) ld      a4, -32(s0)
core   0: 3 0x000000008000ff66 (0xfe043703) x14 0x0000000080012062 mem 0x0000000080031f50
core   0: 0x000000008000ff6a (0xfcf76de3) bltu    a4, a5, pc - 38
core   0: 3 0x000000008000ff6a (0xfcf76de3)
core   0: 0x000000008000ff44 (0xfe043783) ld      a5, -32(s0)
core   0: 3 0x000000008000ff44 (0xfe043783) x15 0x0000000080012062 mem 0x0000000080031f50
core   0: 0x000000008000ff48 (0x00178713) addi    a4, a5, 1
core   0: 3 0x000000008000ff48 (0x00178713) x14 0x0000000080012063
core   0: 0x000000008000ff4c (0xfee43023) sd      a4, -32(s0)
core   0: 3 0x000000008000ff4c (0xfee43023) mem 0x0000000080031f50 0x0000000080012063
core   0: 0x000000008000ff50 (0xfc442703) lw      a4, -60(s0)
core   0: 3 0x000000008000ff50 (0xfc442703) x14 0x0000000000000000 mem 0x0000000080031f34
core   0: 0x000000008000ff54 (0x0ff77713) andi    a4, a4, 255
core   0: 3 0x000000008000ff54 (0x0ff77713) x14 0x0000000000000000
core   0: 0x000000008000ff58 (0x00e78023) sb      a4, 0(a5)
core   0: 3 0x000000008000ff58 (0x00e78023) mem 0x0000000080012062 0x00
core   0: 0x000000008000ff5c (0xfc843703) ld      a4, -56(s0)
core   0: 3 0x000000008000ff5c (0xfc843703) x14 0x0000000080012040 mem 0x0000000080031f38
core   0: 0x000000008000ff60 (0xfb843783) ld      a5, -72(s0)
core   0: 3 0x000000008000ff60 (0xfb843783) x15 0x000000000000009c mem 0x0000000080031f28
core   0: 0x000000008000ff64 (0x000097ba) c.add   a5, a4
core   0: 3 0x000000008000ff64 (0x97ba) x15 0x00000000800120dc
core   0: 0x000000008000ff66 (0xfe043703) ld      a4, -32(s0)
core   0: 3 0x000000008000ff66 (0xfe043703) x14 0x0000000080012063 mem 0x0000000080031f50
core   0: 0x000000008000ff6a (0xfcf76de3) bltu    a4, a5, pc - 38
core   0: 3 0x000000008000ff6a (0xfcf76de3)
core   0: 0x000000008000ff44 (0xfe043783) ld      a5, -32(s0)
core   0: 3 0x000000008000ff44 (0xfe043783) x15 0x0000000080012063 mem 0x0000000080031f50
core   0: 0x000000008000ff48 (0x00178713) addi    a4, a5, 1
core   0: 3 0x000000008000ff48 (0x00178713) x14 0x0000000080012064
core   0: 0x000000008000ff4c (0xfee43023) sd      a4, -32(s0)
core   0: 3 0x000000008000ff4c (0xfee43023) mem 0x0000000080031f50 0x0000000080012064
core   0: 0x000000008000ff50 (0xfc442703) lw      a4, -60(s0)
core   0: 3 0x000000008000ff50 (0xfc442703) x14 0x0000000000000000 mem 0x0000000080031f34
core   0: 0x000000008000ff54 (0x0ff77713) andi    a4, a4, 255
core   0: 3 0x000000008000ff54 (0x0ff77713) x14 0x0000000000000000
core   0: 0x000000008000ff58 (0x00e78023) sb      a4, 0(a5)
core   0: 3 0x000000008000ff58 (0x00e78023) mem 0x0000000080012063 0x00
core   0: 0x000000008000ff5c (0xfc843703) ld      a4, -56(s0)
core   0: 3 0x000000008000ff5c (0xfc843703) x14 0x0000000080012040 mem 0x0000000080031f38
core   0: 0x000000008000ff60 (0xfb843783) ld      a5, -72(s0)
core   0: 3 0x000000008000ff60 (0xfb843783) x15 0x000000000000009c mem 0x0000000080031f28
core   0: 0x000000008000ff64 (0x000097ba) c.add   a5, a4
core   0: 3 0x000000008000ff64 (0x97ba) x15 0x00000000800120dc
core   0: 0x000000008000ff66 (0xfe043703) ld      a4, -32(s0)
core   0: 3 0x000000008000ff66 (0xfe043703) x14 0x0000000080012064 mem 0x0000000080031f50
core   0: 0x000000008000ff6a (0xfcf76de3) bltu    a4, a5, pc - 38
core   0: 3 0x000000008000ff6a (0xfcf76de3)
core   0: 0x000000008000ff44 (0xfe043783) ld      a5, -32(s0)
core   0: 3 0x000000008000ff44 (0xfe043783) x15 0x0000000080012064 mem 0x0000000080031f50
core   0: 0x000000008000ff48 (0x00178713) addi    a4, a5, 1
core   0: 3 0x000000008000ff48 (0x00178713) x14 0x0000000080012065
core   0: 0x000000008000ff4c (0xfee43023) sd      a4, -32(s0)
core   0: 3 0x000000008000ff4c (0xfee43023) mem 0x0000000080031f50 0x0000000080012065
core   0: 0x000000008000ff50 (0xfc442703) lw      a4, -60(s0)
core   0: 3 0x000000008000ff50 (0xfc442703) x14 0x0000000000000000 mem 0x0000000080031f34
core   0: 0x000000008000ff54 (0x0ff77713) andi    a4, a4, 255
core   0: 3 0x000000008000ff54 (0x0ff77713) x14 0x0000000000000000
core   0: 0x000000008000ff58 (0x00e78023) sb      a4, 0(a5)
core   0: 3 0x000000008000ff58 (0x00e78023) mem 0x0000000080012064 0x00
core   0: 0x000000008000ff5c (0xfc843703) ld      a4, -56(s0)
core   0: 3 0x000000008000ff5c (0xfc843703) x14 0x0000000080012040 mem 0x0000000080031f38
core   0: 0x000000008000ff60 (0xfb843783) ld      a5, -72(s0)
core   0: 3 0x000000008000ff60 (0xfb843783) x15 0x000000000000009c mem 0x0000000080031f28
core   0: 0x000000008000ff64 (0x000097ba) c.add   a5, a4
core   0: 3 0x000000008000ff64 (0x97ba) x15 0x00000000800120dc
core   0: 0x000000008000ff66 (0xfe043703) ld      a4, -32(s0)
core   0: 3 0x000000008000ff66 (0xfe043703) x14 0x0000000080012065 mem 0x0000000080031f50
core   0: 0x000000008000ff6a (0xfcf76de3) bltu    a4, a5, pc - 38
core   0: 3 0x000000008000ff6a (0xfcf76de3)
core   0: 0x000000008000ff44 (0xfe043783) ld      a5, -32(s0)
core   0: 3 0x000000008000ff44 (0xfe043783) x15 0x0000000080012065 mem 0x0000000080031f50
core   0: 0x000000008000ff48 (0x00178713) addi    a4, a5, 1
core   0: 3 0x000000008000ff48 (0x00178713) x14 0x0000000080012066
core   0: 0x000000008000ff4c (0xfee43023) sd      a4, -32(s0)
core   0: 3 0x000000008000ff4c (0xfee43023) mem 0x0000000080031f50 0x0000000080012066
core   0: 0x000000008000ff50 (0xfc442703) lw      a4, -60(s0)
core   0: 3 0x000000008000ff50 (0xfc442703) x14 0x0000000000000000 mem 0x0000000080031f34
core   0: 0x000000008000ff54 (0x0ff77713) andi    a4, a4, 255
core   0: 3 0x000000008000ff54 (0x0ff77713) x14 0x0000000000000000
core   0: 0x000000008000ff58 (0x00e78023) sb      a4, 0(a5)
core   0: 3 0x000000008000ff58 (0x00e78023) mem 0x0000000080012065 0x00
core   0: 0x000000008000ff5c (0xfc843703) ld      a4, -56(s0)
core   0: 3 0x000000008000ff5c (0xfc843703) x14 0x0000000080012040 mem 0x0000000080031f38
core   0: 0x000000008000ff60 (0xfb843783) ld      a5, -72(s0)
core   0: 3 0x000000008000ff60 (0xfb843783) x15 0x000000000000009c mem 0x0000000080031f28
core   0: 0x000000008000ff64 (0x000097ba) c.add   a5, a4
core   0: 3 0x000000008000ff64 (0x97ba) x15 0x00000000800120dc
core   0: 0x000000008000ff66 (0xfe043703) ld      a4, -32(s0)
core   0: 3 0x000000008000ff66 (0xfe043703) x14 0x0000000080012066 mem 0x0000000080031f50
core   0: 0x000000008000ff6a (0xfcf76de3) bltu    a4, a5, pc - 38
core   0: 3 0x000000008000ff6a (0xfcf76de3)
core   0: 0x000000008000ff44 (0xfe043783) ld      a5, -32(s0)
core   0: 3 0x000000008000ff44 (0xfe043783) x15 0x0000000080012066 mem 0x0000000080031f50
core   0: 0x000000008000ff48 (0x00178713) addi    a4, a5, 1
core   0: 3 0x000000008000ff48 (0x00178713) x14 0x0000000080012067
core   0: 0x000000008000ff4c (0xfee43023) sd      a4, -32(s0)
core   0: 3 0x000000008000ff4c (0xfee43023) mem 0x0000000080031f50 0x0000000080012067
core   0: 0x000000008000ff50 (0xfc442703) lw      a4, -60(s0)
core   0: 3 0x000000008000ff50 (0xfc442703) x14 0x0000000000000000 mem 0x0000000080031f34
core   0: 0x000000008000ff54 (0x0ff77713) andi    a4, a4, 255
core   0: 3 0x000000008000ff54 (0x0ff77713) x14 0x0000000000000000
core   0: 0x000000008000ff58 (0x00e78023) sb      a4, 0(a5)
core   0: 3 0x000000008000ff58 (0x00e78023) mem 0x0000000080012066 0x00
core   0: 0x000000008000ff5c (0xfc843703) ld      a4, -56(s0)
core   0: 3 0x000000008000ff5c (0xfc843703) x14 0x0000000080012040 mem 0x0000000080031f38
core   0: 0x000000008000ff60 (0xfb843783) ld      a5, -72(s0)
core   0: 3 0x000000008000ff60 (0xfb843783) x15 0x000000000000009c mem 0x0000000080031f28
core   0: 0x000000008000ff64 (0x000097ba) c.add   a5, a4
core   0: 3 0x000000008000ff64 (0x97ba) x15 0x00000000800120dc
core   0: 0x000000008000ff66 (0xfe043703) ld      a4, -32(s0)
core   0: 3 0x000000008000ff66 (0xfe043703) x14 0x0000000080012067 mem 0x0000000080031f50
core   0: 0x000000008000ff6a (0xfcf76de3) bltu    a4, a5, pc - 38
core   0: 3 0x000000008000ff6a (0xfcf76de3)
core   0: 0x000000008000ff44 (0xfe043783) ld      a5, -32(s0)
core   0: 3 0x000000008000ff44 (0xfe043783) x15 0x0000000080012067 mem 0x0000000080031f50
core   0: 0x000000008000ff48 (0x00178713) addi    a4, a5, 1
core   0: 3 0x000000008000ff48 (0x00178713) x14 0x0000000080012068
core   0: 0x000000008000ff4c (0xfee43023) sd      a4, -32(s0)
core   0: 3 0x000000008000ff4c (0xfee43023) mem 0x0000000080031f50 0x0000000080012068
core   0: 0x000000008000ff50 (0xfc442703) lw      a4, -60(s0)
core   0: 3 0x000000008000ff50 (0xfc442703) x14 0x0000000000000000 mem 0x0000000080031f34
core   0: 0x000000008000ff54 (0x0ff77713) andi    a4, a4, 255
core   0: 3 0x000000008000ff54 (0x0ff77713) x14 0x0000000000000000
core   0: 0x000000008000ff58 (0x00e78023) sb      a4, 0(a5)
core   0: 3 0x000000008000ff58 (0x00e78023) mem 0x0000000080012067 0x00
core   0: 0x000000008000ff5c (0xfc843703) ld      a4, -56(s0)
core   0: 3 0x000000008000ff5c (0xfc843703) x14 0x0000000080012040 mem 0x0000000080031f38
core   0: 0x000000008000ff60 (0xfb843783) ld      a5, -72(s0)
core   0: 3 0x000000008000ff60 (0xfb843783) x15 0x000000000000009c mem 0x0000000080031f28
core   0: 0x000000008000ff64 (0x000097ba) c.add   a5, a4
core   0: 3 0x000000008000ff64 (0x97ba) x15 0x00000000800120dc
core   0: 0x000000008000ff66 (0xfe043703) ld      a4, -32(s0)
core   0: 3 0x000000008000ff66 (0xfe043703) x14 0x0000000080012068 mem 0x0000000080031f50
core   0: 0x000000008000ff6a (0xfcf76de3) bltu    a4, a5, pc - 38
core   0: 3 0x000000008000ff6a (0xfcf76de3)
core   0: 0x000000008000ff44 (0xfe043783) ld      a5, -32(s0)
core   0: 3 0x000000008000ff44 (0xfe043783) x15 0x0000000080012068 mem 0x0000000080031f50
core   0: 0x000000008000ff48 (0x00178713) addi    a4, a5, 1
core   0: 3 0x000000008000ff48 (0x00178713) x14 0x0000000080012069
core   0: 0x000000008000ff4c (0xfee43023) sd      a4, -32(s0)
core   0: 3 0x000000008000ff4c (0xfee43023) mem 0x0000000080031f50 0x0000000080012069
core   0: 0x000000008000ff50 (0xfc442703) lw      a4, -60(s0)
core   0: 3 0x000000008000ff50 (0xfc442703) x14 0x0000000000000000 mem 0x0000000080031f34
core   0: 0x000000008000ff54 (0x0ff77713) andi    a4, a4, 255
core   0: 3 0x000000008000ff54 (0x0ff77713) x14 0x0000000000000000
core   0: 0x000000008000ff58 (0x00e78023) sb      a4, 0(a5)
core   0: 3 0x000000008000ff58 (0x00e78023) mem 0x0000000080012068 0x00
core   0: 0x000000008000ff5c (0xfc843703) ld      a4, -56(s0)
core   0: 3 0x000000008000ff5c (0xfc843703) x14 0x0000000080012040 mem 0x0000000080031f38
core   0: 0x000000008000ff60 (0xfb843783) ld      a5, -72(s0)
core   0: 3 0x000000008000ff60 (0xfb843783) x15 0x000000000000009c mem 0x0000000080031f28
core   0: 0x000000008000ff64 (0x000097ba) c.add   a5, a4
core   0: 3 0x000000008000ff64 (0x97ba) x15 0x00000000800120dc
core   0: 0x000000008000ff66 (0xfe043703) ld      a4, -32(s0)
core   0: 3 0x000000008000ff66 (0xfe043703) x14 0x0000000080012069 mem 0x0000000080031f50
core   0: 0x000000008000ff6a (0xfcf76de3) bltu    a4, a5, pc - 38
core   0: 3 0x000000008000ff6a (0xfcf76de3)
core   0: 0x000000008000ff44 (0xfe043783) ld      a5, -32(s0)
core   0: 3 0x000000008000ff44 (0xfe043783) x15 0x0000000080012069 mem 0x0000000080031f50
core   0: 0x000000008000ff48 (0x00178713) addi    a4, a5, 1
core   0: 3 0x000000008000ff48 (0x00178713) x14 0x000000008001206a
core   0: 0x000000008000ff4c (0xfee43023) sd      a4, -32(s0)
core   0: 3 0x000000008000ff4c (0xfee43023) mem 0x0000000080031f50 0x000000008001206a
core   0: 0x000000008000ff50 (0xfc442703) lw      a4, -60(s0)
core   0: 3 0x000000008000ff50 (0xfc442703) x14 0x0000000000000000 mem 0x0000000080031f34
core   0: 0x000000008000ff54 (0x0ff77713) andi    a4, a4, 255
core   0: 3 0x000000008000ff54 (0x0ff77713) x14 0x0000000000000000
core   0: 0x000000008000ff58 (0x00e78023) sb      a4, 0(a5)
core   0: 3 0x000000008000ff58 (0x00e78023) mem 0x0000000080012069 0x00
core   0: 0x000000008000ff5c (0xfc843703) ld      a4, -56(s0)
core   0: 3 0x000000008000ff5c (0xfc843703) x14 0x0000000080012040 mem 0x0000000080031f38
core   0: 0x000000008000ff60 (0xfb843783) ld      a5, -72(s0)
core   0: 3 0x000000008000ff60 (0xfb843783) x15 0x000000000000009c mem 0x0000000080031f28
core   0: 0x000000008000ff64 (0x000097ba) c.add   a5, a4
core   0: 3 0x000000008000ff64 (0x97ba) x15 0x00000000800120dc
core   0: 0x000000008000ff66 (0xfe043703) ld      a4, -32(s0)
core   0: 3 0x000000008000ff66 (0xfe043703) x14 0x000000008001206a mem 0x0000000080031f50
core   0: 0x000000008000ff6a (0xfcf76de3) bltu    a4, a5, pc - 38
core   0: 3 0x000000008000ff6a (0xfcf76de3)
core   0: 0x000000008000ff44 (0xfe043783) ld      a5, -32(s0)
core   0: 3 0x000000008000ff44 (0xfe043783) x15 0x000000008001206a mem 0x0000000080031f50
core   0: 0x000000008000ff48 (0x00178713) addi    a4, a5, 1
core   0: 3 0x000000008000ff48 (0x00178713) x14 0x000000008001206b
core   0: 0x000000008000ff4c (0xfee43023) sd      a4, -32(s0)
core   0: 3 0x000000008000ff4c (0xfee43023) mem 0x0000000080031f50 0x000000008001206b
core   0: 0x000000008000ff50 (0xfc442703) lw      a4, -60(s0)
core   0: 3 0x000000008000ff50 (0xfc442703) x14 0x0000000000000000 mem 0x0000000080031f34
core   0: 0x000000008000ff54 (0x0ff77713) andi    a4, a4, 255
core   0: 3 0x000000008000ff54 (0x0ff77713) x14 0x0000000000000000
core   0: 0x000000008000ff58 (0x00e78023) sb      a4, 0(a5)
core   0: 3 0x000000008000ff58 (0x00e78023) mem 0x000000008001206a 0x00
core   0: 0x000000008000ff5c (0xfc843703) ld      a4, -56(s0)
core   0: 3 0x000000008000ff5c (0xfc843703) x14 0x0000000080012040 mem 0x0000000080031f38
core   0: 0x000000008000ff60 (0xfb843783) ld      a5, -72(s0)
core   0: 3 0x000000008000ff60 (0xfb843783) x15 0x000000000000009c mem 0x0000000080031f28
core   0: 0x000000008000ff64 (0x000097ba) c.add   a5, a4
core   0: 3 0x000000008000ff64 (0x97ba) x15 0x00000000800120dc
core   0: 0x000000008000ff66 (0xfe043703) ld      a4, -32(s0)
core   0: 3 0x000000008000ff66 (0xfe043703) x14 0x000000008001206b mem 0x0000000080031f50
core   0: 0x000000008000ff6a (0xfcf76de3) bltu    a4, a5, pc - 38
core   0: 3 0x000000008000ff6a (0xfcf76de3)
core   0: 0x000000008000ff44 (0xfe043783) ld      a5, -32(s0)
core   0: 3 0x000000008000ff44 (0xfe043783) x15 0x000000008001206b mem 0x0000000080031f50
core   0: 0x000000008000ff48 (0x00178713) addi    a4, a5, 1
core   0: 3 0x000000008000ff48 (0x00178713) x14 0x000000008001206c
core   0: 0x000000008000ff4c (0xfee43023) sd      a4, -32(s0)
core   0: 3 0x000000008000ff4c (0xfee43023) mem 0x0000000080031f50 0x000000008001206c
core   0: 0x000000008000ff50 (0xfc442703) lw      a4, -60(s0)
core   0: 3 0x000000008000ff50 (0xfc442703) x14 0x0000000000000000 mem 0x0000000080031f34
core   0: 0x000000008000ff54 (0x0ff77713) andi    a4, a4, 255
core   0: 3 0x000000008000ff54 (0x0ff77713) x14 0x0000000000000000
core   0: 0x000000008000ff58 (0x00e78023) sb      a4, 0(a5)
core   0: 3 0x000000008000ff58 (0x00e78023) mem 0x000000008001206b 0x00
core   0: 0x000000008000ff5c (0xfc843703) ld      a4, -56(s0)
core   0: 3 0x000000008000ff5c (0xfc843703) x14 0x0000000080012040 mem 0x0000000080031f38
core   0: 0x000000008000ff60 (0xfb843783) ld      a5, -72(s0)
core   0: 3 0x000000008000ff60 (0xfb843783) x15 0x000000000000009c mem 0x0000000080031f28
core   0: 0x000000008000ff64 (0x000097ba) c.add   a5, a4
core   0: 3 0x000000008000ff64 (0x97ba) x15 0x00000000800120dc
core   0: 0x000000008000ff66 (0xfe043703) ld      a4, -32(s0)
core   0: 3 0x000000008000ff66 (0xfe043703) x14 0x000000008001206c mem 0x0000000080031f50
core   0: 0x000000008000ff6a (0xfcf76de3) bltu    a4, a5, pc - 38
core   0: 3 0x000000008000ff6a (0xfcf76de3)
core   0: 0x000000008000ff44 (0xfe043783) ld      a5, -32(s0)
core   0: 3 0x000000008000ff44 (0xfe043783) x15 0x000000008001206c mem 0x0000000080031f50
core   0: 0x000000008000ff48 (0x00178713) addi    a4, a5, 1
core   0: 3 0x000000008000ff48 (0x00178713) x14 0x000000008001206d
core   0: 0x000000008000ff4c (0xfee43023) sd      a4, -32(s0)
core   0: 3 0x000000008000ff4c (0xfee43023) mem 0x0000000080031f50 0x000000008001206d
core   0: 0x000000008000ff50 (0xfc442703) lw      a4, -60(s0)
core   0: 3 0x000000008000ff50 (0xfc442703) x14 0x0000000000000000 mem 0x0000000080031f34
core   0: 0x000000008000ff54 (0x0ff77713) andi    a4, a4, 255
core   0: 3 0x000000008000ff54 (0x0ff77713) x14 0x0000000000000000
core   0: 0x000000008000ff58 (0x00e78023) sb      a4, 0(a5)
core   0: 3 0x000000008000ff58 (0x00e78023) mem 0x000000008001206c 0x00
core   0: 0x000000008000ff5c (0xfc843703) ld      a4, -56(s0)
core   0: 3 0x000000008000ff5c (0xfc843703) x14 0x0000000080012040 mem 0x0000000080031f38
core   0: 0x000000008000ff60 (0xfb843783) ld      a5, -72(s0)
core   0: 3 0x000000008000ff60 (0xfb843783) x15 0x000000000000009c mem 0x0000000080031f28
core   0: 0x000000008000ff64 (0x000097ba) c.add   a5, a4
core   0: 3 0x000000008000ff64 (0x97ba) x15 0x00000000800120dc
core   0: 0x000000008000ff66 (0xfe043703) ld      a4, -32(s0)
core   0: 3 0x000000008000ff66 (0xfe043703) x14 0x000000008001206d mem 0x0000000080031f50
core   0: 0x000000008000ff6a (0xfcf76de3) bltu    a4, a5, pc - 38
core   0: 3 0x000000008000ff6a (0xfcf76de3)
core   0: 0x000000008000ff44 (0xfe043783) ld      a5, -32(s0)
core   0: 3 0x000000008000ff44 (0xfe043783) x15 0x000000008001206d mem 0x0000000080031f50
core   0: 0x000000008000ff48 (0x00178713) addi    a4, a5, 1
core   0: 3 0x000000008000ff48 (0x00178713) x14 0x000000008001206e
core   0: 0x000000008000ff4c (0xfee43023) sd      a4, -32(s0)
core   0: 3 0x000000008000ff4c (0xfee43023) mem 0x0000000080031f50 0x000000008001206e
core   0: 0x000000008000ff50 (0xfc442703) lw      a4, -60(s0)
core   0: 3 0x000000008000ff50 (0xfc442703) x14 0x0000000000000000 mem 0x0000000080031f34
core   0: 0x000000008000ff54 (0x0ff77713) andi    a4, a4, 255
core   0: 3 0x000000008000ff54 (0x0ff77713) x14 0x0000000000000000
core   0: 0x000000008000ff58 (0x00e78023) sb      a4, 0(a5)
core   0: 3 0x000000008000ff58 (0x00e78023) mem 0x000000008001206d 0x00
core   0: 0x000000008000ff5c (0xfc843703) ld      a4, -56(s0)
core   0: 3 0x000000008000ff5c (0xfc843703) x14 0x0000000080012040 mem 0x0000000080031f38
core   0: 0x000000008000ff60 (0xfb843783) ld      a5, -72(s0)
core   0: 3 0x000000008000ff60 (0xfb843783) x15 0x000000000000009c mem 0x0000000080031f28
core   0: 0x000000008000ff64 (0x000097ba) c.add   a5, a4
core   0: 3 0x000000008000ff64 (0x97ba) x15 0x00000000800120dc
core   0: 0x000000008000ff66 (0xfe043703) ld      a4, -32(s0)
core   0: 3 0x000000008000ff66 (0xfe043703) x14 0x000000008001206e mem 0x0000000080031f50
core   0: 0x000000008000ff6a (0xfcf76de3) bltu    a4, a5, pc - 38
core   0: 3 0x000000008000ff6a (0xfcf76de3)
core   0: 0x000000008000ff44 (0xfe043783) ld      a5, -32(s0)
core   0: 3 0x000000008000ff44 (0xfe043783) x15 0x000000008001206e mem 0x0000000080031f50
core   0: 0x000000008000ff48 (0x00178713) addi    a4, a5, 1
core   0: 3 0x000000008000ff48 (0x00178713) x14 0x000000008001206f
core   0: 0x000000008000ff4c (0xfee43023) sd      a4, -32(s0)
core   0: 3 0x000000008000ff4c (0xfee43023) mem 0x0000000080031f50 0x000000008001206f
core   0: 0x000000008000ff50 (0xfc442703) lw      a4, -60(s0)
core   0: 3 0x000000008000ff50 (0xfc442703) x14 0x0000000000000000 mem 0x0000000080031f34
core   0: 0x000000008000ff54 (0x0ff77713) andi    a4, a4, 255
core   0: 3 0x000000008000ff54 (0x0ff77713) x14 0x0000000000000000
core   0: 0x000000008000ff58 (0x00e78023) sb      a4, 0(a5)
core   0: 3 0x000000008000ff58 (0x00e78023) mem 0x000000008001206e 0x00
core   0: 0x000000008000ff5c (0xfc843703) ld      a4, -56(s0)
core   0: 3 0x000000008000ff5c (0xfc843703) x14 0x0000000080012040 mem 0x0000000080031f38
core   0: 0x000000008000ff60 (0xfb843783) ld      a5, -72(s0)
core   0: 3 0x000000008000ff60 (0xfb843783) x15 0x000000000000009c mem 0x0000000080031f28
core   0: 0x000000008000ff64 (0x000097ba) c.add   a5, a4
core   0: 3 0x000000008000ff64 (0x97ba) x15 0x00000000800120dc
core   0: 0x000000008000ff66 (0xfe043703) ld      a4, -32(s0)
core   0: 3 0x000000008000ff66 (0xfe043703) x14 0x000000008001206f mem 0x0000000080031f50
core   0: 0x000000008000ff6a (0xfcf76de3) bltu    a4, a5, pc - 38
core   0: 3 0x000000008000ff6a (0xfcf76de3)
core   0: 0x000000008000ff44 (0xfe043783) ld      a5, -32(s0)
core   0: 3 0x000000008000ff44 (0xfe043783) x15 0x000000008001206f mem 0x0000000080031f50
core   0: 0x000000008000ff48 (0x00178713) addi    a4, a5, 1
core   0: 3 0x000000008000ff48 (0x00178713) x14 0x0000000080012070
core   0: 0x000000008000ff4c (0xfee43023) sd      a4, -32(s0)
core   0: 3 0x000000008000ff4c (0xfee43023) mem 0x0000000080031f50 0x0000000080012070
core   0: 0x000000008000ff50 (0xfc442703) lw      a4, -60(s0)
core   0: 3 0x000000008000ff50 (0xfc442703) x14 0x0000000000000000 mem 0x0000000080031f34
core   0: 0x000000008000ff54 (0x0ff77713) andi    a4, a4, 255
core   0: 3 0x000000008000ff54 (0x0ff77713) x14 0x0000000000000000
core   0: 0x000000008000ff58 (0x00e78023) sb      a4, 0(a5)
core   0: 3 0x000000008000ff58 (0x00e78023) mem 0x000000008001206f 0x00
core   0: 0x000000008000ff5c (0xfc843703) ld      a4, -56(s0)
core   0: 3 0x000000008000ff5c (0xfc843703) x14 0x0000000080012040 mem 0x0000000080031f38
core   0: 0x000000008000ff60 (0xfb843783) ld      a5, -72(s0)
core   0: 3 0x000000008000ff60 (0xfb843783) x15 0x000000000000009c mem 0x0000000080031f28
core   0: 0x000000008000ff64 (0x000097ba) c.add   a5, a4
core   0: 3 0x000000008000ff64 (0x97ba) x15 0x00000000800120dc
core   0: 0x000000008000ff66 (0xfe043703) ld      a4, -32(s0)
core   0: 3 0x000000008000ff66 (0xfe043703) x14 0x0000000080012070 mem 0x0000000080031f50
core   0: 0x000000008000ff6a (0xfcf76de3) bltu    a4, a5, pc - 38
core   0: 3 0x000000008000ff6a (0xfcf76de3)
core   0: 0x000000008000ff44 (0xfe043783) ld      a5, -32(s0)
core   0: 3 0x000000008000ff44 (0xfe043783) x15 0x0000000080012070 mem 0x0000000080031f50
core   0: 0x000000008000ff48 (0x00178713) addi    a4, a5, 1
core   0: 3 0x000000008000ff48 (0x00178713) x14 0x0000000080012071
core   0: 0x000000008000ff4c (0xfee43023) sd      a4, -32(s0)
core   0: 3 0x000000008000ff4c (0xfee43023) mem 0x0000000080031f50 0x0000000080012071
core   0: 0x000000008000ff50 (0xfc442703) lw      a4, -60(s0)
core   0: 3 0x000000008000ff50 (0xfc442703) x14 0x0000000000000000 mem 0x0000000080031f34
core   0: 0x000000008000ff54 (0x0ff77713) andi    a4, a4, 255
core   0: 3 0x000000008000ff54 (0x0ff77713) x14 0x0000000000000000
core   0: 0x000000008000ff58 (0x00e78023) sb      a4, 0(a5)
core   0: 3 0x000000008000ff58 (0x00e78023) mem 0x0000000080012070 0x00
core   0: 0x000000008000ff5c (0xfc843703) ld      a4, -56(s0)
core   0: 3 0x000000008000ff5c (0xfc843703) x14 0x0000000080012040 mem 0x0000000080031f38
core   0: 0x000000008000ff60 (0xfb843783) ld      a5, -72(s0)
core   0: 3 0x000000008000ff60 (0xfb843783) x15 0x000000000000009c mem 0x0000000080031f28
core   0: 0x000000008000ff64 (0x000097ba) c.add   a5, a4
core   0: 3 0x000000008000ff64 (0x97ba) x15 0x00000000800120dc
core   0: 0x000000008000ff66 (0xfe043703) ld      a4, -32(s0)
core   0: 3 0x000000008000ff66 (0xfe043703) x14 0x0000000080012071 mem 0x0000000080031f50
core   0: 0x000000008000ff6a (0xfcf76de3) bltu    a4, a5, pc - 38
core   0: 3 0x000000008000ff6a (0xfcf76de3)
core   0: 0x000000008000ff44 (0xfe043783) ld      a5, -32(s0)
core   0: 3 0x000000008000ff44 (0xfe043783) x15 0x0000000080012071 mem 0x0000000080031f50
core   0: 0x000000008000ff48 (0x00178713) addi    a4, a5, 1
core   0: 3 0x000000008000ff48 (0x00178713) x14 0x0000000080012072
core   0: 0x000000008000ff4c (0xfee43023) sd      a4, -32(s0)
core   0: 3 0x000000008000ff4c (0xfee43023) mem 0x0000000080031f50 0x0000000080012072
core   0: 0x000000008000ff50 (0xfc442703) lw      a4, -60(s0)
core   0: 3 0x000000008000ff50 (0xfc442703) x14 0x0000000000000000 mem 0x0000000080031f34
core   0: 0x000000008000ff54 (0x0ff77713) andi    a4, a4, 255
core   0: 3 0x000000008000ff54 (0x0ff77713) x14 0x0000000000000000
core   0: 0x000000008000ff58 (0x00e78023) sb      a4, 0(a5)
core   0: 3 0x000000008000ff58 (0x00e78023) mem 0x0000000080012071 0x00
core   0: 0x000000008000ff5c (0xfc843703) ld      a4, -56(s0)
core   0: 3 0x000000008000ff5c (0xfc843703) x14 0x0000000080012040 mem 0x0000000080031f38
core   0: 0x000000008000ff60 (0xfb843783) ld      a5, -72(s0)
core   0: 3 0x000000008000ff60 (0xfb843783) x15 0x000000000000009c mem 0x0000000080031f28
core   0: 0x000000008000ff64 (0x000097ba) c.add   a5, a4
core   0: 3 0x000000008000ff64 (0x97ba) x15 0x00000000800120dc
core   0: 0x000000008000ff66 (0xfe043703) ld      a4, -32(s0)
core   0: 3 0x000000008000ff66 (0xfe043703) x14 0x0000000080012072 mem 0x0000000080031f50
core   0: 0x000000008000ff6a (0xfcf76de3) bltu    a4, a5, pc - 38
core   0: 3 0x000000008000ff6a (0xfcf76de3)
core   0: 0x000000008000ff44 (0xfe043783) ld      a5, -32(s0)
core   0: 3 0x000000008000ff44 (0xfe043783) x15 0x0000000080012072 mem 0x0000000080031f50
core   0: 0x000000008000ff48 (0x00178713) addi    a4, a5, 1
core   0: 3 0x000000008000ff48 (0x00178713) x14 0x0000000080012073
core   0: 0x000000008000ff4c (0xfee43023) sd      a4, -32(s0)
core   0: 3 0x000000008000ff4c (0xfee43023) mem 0x0000000080031f50 0x0000000080012073
core   0: 0x000000008000ff50 (0xfc442703) lw      a4, -60(s0)
core   0: 3 0x000000008000ff50 (0xfc442703) x14 0x0000000000000000 mem 0x0000000080031f34
core   0: 0x000000008000ff54 (0x0ff77713) andi    a4, a4, 255
core   0: 3 0x000000008000ff54 (0x0ff77713) x14 0x0000000000000000
core   0: 0x000000008000ff58 (0x00e78023) sb      a4, 0(a5)
core   0: 3 0x000000008000ff58 (0x00e78023) mem 0x0000000080012072 0x00
core   0: 0x000000008000ff5c (0xfc843703) ld      a4, -56(s0)
core   0: 3 0x000000008000ff5c (0xfc843703) x14 0x0000000080012040 mem 0x0000000080031f38
core   0: 0x000000008000ff60 (0xfb843783) ld      a5, -72(s0)
core   0: 3 0x000000008000ff60 (0xfb843783) x15 0x000000000000009c mem 0x0000000080031f28
core   0: 0x000000008000ff64 (0x000097ba) c.add   a5, a4
core   0: 3 0x000000008000ff64 (0x97ba) x15 0x00000000800120dc
core   0: 0x000000008000ff66 (0xfe043703) ld      a4, -32(s0)
core   0: 3 0x000000008000ff66 (0xfe043703) x14 0x0000000080012073 mem 0x0000000080031f50
core   0: 0x000000008000ff6a (0xfcf76de3) bltu    a4, a5, pc - 38
core   0: 3 0x000000008000ff6a (0xfcf76de3)
core   0: 0x000000008000ff44 (0xfe043783) ld      a5, -32(s0)
core   0: 3 0x000000008000ff44 (0xfe043783) x15 0x0000000080012073 mem 0x0000000080031f50
core   0: 0x000000008000ff48 (0x00178713) addi    a4, a5, 1
core   0: 3 0x000000008000ff48 (0x00178713) x14 0x0000000080012074
core   0: 0x000000008000ff4c (0xfee43023) sd      a4, -32(s0)
core   0: 3 0x000000008000ff4c (0xfee43023) mem 0x0000000080031f50 0x0000000080012074
core   0: 0x000000008000ff50 (0xfc442703) lw      a4, -60(s0)
core   0: 3 0x000000008000ff50 (0xfc442703) x14 0x0000000000000000 mem 0x0000000080031f34
core   0: 0x000000008000ff54 (0x0ff77713) andi    a4, a4, 255
core   0: 3 0x000000008000ff54 (0x0ff77713) x14 0x0000000000000000
core   0: 0x000000008000ff58 (0x00e78023) sb      a4, 0(a5)
core   0: 3 0x000000008000ff58 (0x00e78023) mem 0x0000000080012073 0x00
core   0: 0x000000008000ff5c (0xfc843703) ld      a4, -56(s0)
core   0: 3 0x000000008000ff5c (0xfc843703) x14 0x0000000080012040 mem 0x0000000080031f38
core   0: 0x000000008000ff60 (0xfb843783) ld      a5, -72(s0)
core   0: 3 0x000000008000ff60 (0xfb843783) x15 0x000000000000009c mem 0x0000000080031f28
core   0: 0x000000008000ff64 (0x000097ba) c.add   a5, a4
core   0: 3 0x000000008000ff64 (0x97ba) x15 0x00000000800120dc
core   0: 0x000000008000ff66 (0xfe043703) ld      a4, -32(s0)
core   0: 3 0x000000008000ff66 (0xfe043703) x14 0x0000000080012074 mem 0x0000000080031f50
core   0: 0x000000008000ff6a (0xfcf76de3) bltu    a4, a5, pc - 38
core   0: 3 0x000000008000ff6a (0xfcf76de3)
core   0: 0x000000008000ff44 (0xfe043783) ld      a5, -32(s0)
core   0: 3 0x000000008000ff44 (0xfe043783) x15 0x0000000080012074 mem 0x0000000080031f50
core   0: 0x000000008000ff48 (0x00178713) addi    a4, a5, 1
core   0: 3 0x000000008000ff48 (0x00178713) x14 0x0000000080012075
core   0: 0x000000008000ff4c (0xfee43023) sd      a4, -32(s0)
core   0: 3 0x000000008000ff4c (0xfee43023) mem 0x0000000080031f50 0x0000000080012075
core   0: 0x000000008000ff50 (0xfc442703) lw      a4, -60(s0)
core   0: 3 0x000000008000ff50 (0xfc442703) x14 0x0000000000000000 mem 0x0000000080031f34
core   0: 0x000000008000ff54 (0x0ff77713) andi    a4, a4, 255
core   0: 3 0x000000008000ff54 (0x0ff77713) x14 0x0000000000000000
core   0: 0x000000008000ff58 (0x00e78023) sb      a4, 0(a5)
core   0: 3 0x000000008000ff58 (0x00e78023) mem 0x0000000080012074 0x00
core   0: 0x000000008000ff5c (0xfc843703) ld      a4, -56(s0)
core   0: 3 0x000000008000ff5c (0xfc843703) x14 0x0000000080012040 mem 0x0000000080031f38
core   0: 0x000000008000ff60 (0xfb843783) ld      a5, -72(s0)
core   0: 3 0x000000008000ff60 (0xfb843783) x15 0x000000000000009c mem 0x0000000080031f28
core   0: 0x000000008000ff64 (0x000097ba) c.add   a5, a4
core   0: 3 0x000000008000ff64 (0x97ba) x15 0x00000000800120dc
core   0: 0x000000008000ff66 (0xfe043703) ld      a4, -32(s0)
core   0: 3 0x000000008000ff66 (0xfe043703) x14 0x0000000080012075 mem 0x0000000080031f50
core   0: 0x000000008000ff6a (0xfcf76de3) bltu    a4, a5, pc - 38
core   0: 3 0x000000008000ff6a (0xfcf76de3)
core   0: 0x000000008000ff44 (0xfe043783) ld      a5, -32(s0)
core   0: 3 0x000000008000ff44 (0xfe043783) x15 0x0000000080012075 mem 0x0000000080031f50
core   0: 0x000000008000ff48 (0x00178713) addi    a4, a5, 1
core   0: 3 0x000000008000ff48 (0x00178713) x14 0x0000000080012076
core   0: 0x000000008000ff4c (0xfee43023) sd      a4, -32(s0)
core   0: 3 0x000000008000ff4c (0xfee43023) mem 0x0000000080031f50 0x0000000080012076
core   0: 0x000000008000ff50 (0xfc442703) lw      a4, -60(s0)
core   0: 3 0x000000008000ff50 (0xfc442703) x14 0x0000000000000000 mem 0x0000000080031f34
core   0: 0x000000008000ff54 (0x0ff77713) andi    a4, a4, 255
core   0: 3 0x000000008000ff54 (0x0ff77713) x14 0x0000000000000000
core   0: 0x000000008000ff58 (0x00e78023) sb      a4, 0(a5)
core   0: 3 0x000000008000ff58 (0x00e78023) mem 0x0000000080012075 0x00
core   0: 0x000000008000ff5c (0xfc843703) ld      a4, -56(s0)
core   0: 3 0x000000008000ff5c (0xfc843703) x14 0x0000000080012040 mem 0x0000000080031f38
core   0: 0x000000008000ff60 (0xfb843783) ld      a5, -72(s0)
core   0: 3 0x000000008000ff60 (0xfb843783) x15 0x000000000000009c mem 0x0000000080031f28
core   0: 0x000000008000ff64 (0x000097ba) c.add   a5, a4
core   0: 3 0x000000008000ff64 (0x97ba) x15 0x00000000800120dc
core   0: 0x000000008000ff66 (0xfe043703) ld      a4, -32(s0)
core   0: 3 0x000000008000ff66 (0xfe043703) x14 0x0000000080012076 mem 0x0000000080031f50
core   0: 0x000000008000ff6a (0xfcf76de3) bltu    a4, a5, pc - 38
core   0: 3 0x000000008000ff6a (0xfcf76de3)
core   0: 0x000000008000ff44 (0xfe043783) ld      a5, -32(s0)
core   0: 3 0x000000008000ff44 (0xfe043783) x15 0x0000000080012076 mem 0x0000000080031f50
core   0: 0x000000008000ff48 (0x00178713) addi    a4, a5, 1
core   0: 3 0x000000008000ff48 (0x00178713) x14 0x0000000080012077
core   0: 0x000000008000ff4c (0xfee43023) sd      a4, -32(s0)
core   0: 3 0x000000008000ff4c (0xfee43023) mem 0x0000000080031f50 0x0000000080012077
core   0: 0x000000008000ff50 (0xfc442703) lw      a4, -60(s0)
core   0: 3 0x000000008000ff50 (0xfc442703) x14 0x0000000000000000 mem 0x0000000080031f34
core   0: 0x000000008000ff54 (0x0ff77713) andi    a4, a4, 255
core   0: 3 0x000000008000ff54 (0x0ff77713) x14 0x0000000000000000
core   0: 0x000000008000ff58 (0x00e78023) sb      a4, 0(a5)
core   0: 3 0x000000008000ff58 (0x00e78023) mem 0x0000000080012076 0x00
core   0: 0x000000008000ff5c (0xfc843703) ld      a4, -56(s0)
core   0: 3 0x000000008000ff5c (0xfc843703) x14 0x0000000080012040 mem 0x0000000080031f38
core   0: 0x000000008000ff60 (0xfb843783) ld      a5, -72(s0)
core   0: 3 0x000000008000ff60 (0xfb843783) x15 0x000000000000009c mem 0x0000000080031f28
core   0: 0x000000008000ff64 (0x000097ba) c.add   a5, a4
core   0: 3 0x000000008000ff64 (0x97ba) x15 0x00000000800120dc
core   0: 0x000000008000ff66 (0xfe043703) ld      a4, -32(s0)
core   0: 3 0x000000008000ff66 (0xfe043703) x14 0x0000000080012077 mem 0x0000000080031f50
core   0: 0x000000008000ff6a (0xfcf76de3) bltu    a4, a5, pc - 38
core   0: 3 0x000000008000ff6a (0xfcf76de3)
core   0: 0x000000008000ff44 (0xfe043783) ld      a5, -32(s0)
core   0: 3 0x000000008000ff44 (0xfe043783) x15 0x0000000080012077 mem 0x0000000080031f50
core   0: 0x000000008000ff48 (0x00178713) addi    a4, a5, 1
core   0: 3 0x000000008000ff48 (0x00178713) x14 0x0000000080012078
core   0: 0x000000008000ff4c (0xfee43023) sd      a4, -32(s0)
core   0: 3 0x000000008000ff4c (0xfee43023) mem 0x0000000080031f50 0x0000000080012078
core   0: 0x000000008000ff50 (0xfc442703) lw      a4, -60(s0)
core   0: 3 0x000000008000ff50 (0xfc442703) x14 0x0000000000000000 mem 0x0000000080031f34
core   0: 0x000000008000ff54 (0x0ff77713) andi    a4, a4, 255
core   0: 3 0x000000008000ff54 (0x0ff77713) x14 0x0000000000000000
core   0: 0x000000008000ff58 (0x00e78023) sb      a4, 0(a5)
core   0: 3 0x000000008000ff58 (0x00e78023) mem 0x0000000080012077 0x00
core   0: 0x000000008000ff5c (0xfc843703) ld      a4, -56(s0)
core   0: 3 0x000000008000ff5c (0xfc843703) x14 0x0000000080012040 mem 0x0000000080031f38
core   0: 0x000000008000ff60 (0xfb843783) ld      a5, -72(s0)
core   0: 3 0x000000008000ff60 (0xfb843783) x15 0x000000000000009c mem 0x0000000080031f28
core   0: 0x000000008000ff64 (0x000097ba) c.add   a5, a4
core   0: 3 0x000000008000ff64 (0x97ba) x15 0x00000000800120dc
core   0: 0x000000008000ff66 (0xfe043703) ld      a4, -32(s0)
core   0: 3 0x000000008000ff66 (0xfe043703) x14 0x0000000080012078 mem 0x0000000080031f50
core   0: 0x000000008000ff6a (0xfcf76de3) bltu    a4, a5, pc - 38
core   0: 3 0x000000008000ff6a (0xfcf76de3)
core   0: 0x000000008000ff44 (0xfe043783) ld      a5, -32(s0)
core   0: 3 0x000000008000ff44 (0xfe043783) x15 0x0000000080012078 mem 0x0000000080031f50
core   0: 0x000000008000ff48 (0x00178713) addi    a4, a5, 1
core   0: 3 0x000000008000ff48 (0x00178713) x14 0x0000000080012079
core   0: 0x000000008000ff4c (0xfee43023) sd      a4, -32(s0)
core   0: 3 0x000000008000ff4c (0xfee43023) mem 0x0000000080031f50 0x0000000080012079
core   0: 0x000000008000ff50 (0xfc442703) lw      a4, -60(s0)
core   0: 3 0x000000008000ff50 (0xfc442703) x14 0x0000000000000000 mem 0x0000000080031f34
core   0: 0x000000008000ff54 (0x0ff77713) andi    a4, a4, 255
core   0: 3 0x000000008000ff54 (0x0ff77713) x14 0x0000000000000000
core   0: 0x000000008000ff58 (0x00e78023) sb      a4, 0(a5)
core   0: 3 0x000000008000ff58 (0x00e78023) mem 0x0000000080012078 0x00
core   0: 0x000000008000ff5c (0xfc843703) ld      a4, -56(s0)
core   0: 3 0x000000008000ff5c (0xfc843703) x14 0x0000000080012040 mem 0x0000000080031f38
core   0: 0x000000008000ff60 (0xfb843783) ld      a5, -72(s0)
core   0: 3 0x000000008000ff60 (0xfb843783) x15 0x000000000000009c mem 0x0000000080031f28
core   0: 0x000000008000ff64 (0x000097ba) c.add   a5, a4
core   0: 3 0x000000008000ff64 (0x97ba) x15 0x00000000800120dc
core   0: 0x000000008000ff66 (0xfe043703) ld      a4, -32(s0)
core   0: 3 0x000000008000ff66 (0xfe043703) x14 0x0000000080012079 mem 0x0000000080031f50
core   0: 0x000000008000ff6a (0xfcf76de3) bltu    a4, a5, pc - 38
core   0: 3 0x000000008000ff6a (0xfcf76de3)
core   0: 0x000000008000ff44 (0xfe043783) ld      a5, -32(s0)
core   0: 3 0x000000008000ff44 (0xfe043783) x15 0x0000000080012079 mem 0x0000000080031f50
core   0: 0x000000008000ff48 (0x00178713) addi    a4, a5, 1
core   0: 3 0x000000008000ff48 (0x00178713) x14 0x000000008001207a
core   0: 0x000000008000ff4c (0xfee43023) sd      a4, -32(s0)
core   0: 3 0x000000008000ff4c (0xfee43023) mem 0x0000000080031f50 0x000000008001207a
core   0: 0x000000008000ff50 (0xfc442703) lw      a4, -60(s0)
core   0: 3 0x000000008000ff50 (0xfc442703) x14 0x0000000000000000 mem 0x0000000080031f34
core   0: 0x000000008000ff54 (0x0ff77713) andi    a4, a4, 255
core   0: 3 0x000000008000ff54 (0x0ff77713) x14 0x0000000000000000
core   0: 0x000000008000ff58 (0x00e78023) sb      a4, 0(a5)
core   0: 3 0x000000008000ff58 (0x00e78023) mem 0x0000000080012079 0x00
core   0: 0x000000008000ff5c (0xfc843703) ld      a4, -56(s0)
core   0: 3 0x000000008000ff5c (0xfc843703) x14 0x0000000080012040 mem 0x0000000080031f38
core   0: 0x000000008000ff60 (0xfb843783) ld      a5, -72(s0)
core   0: 3 0x000000008000ff60 (0xfb843783) x15 0x000000000000009c mem 0x0000000080031f28
core   0: 0x000000008000ff64 (0x000097ba) c.add   a5, a4
core   0: 3 0x000000008000ff64 (0x97ba) x15 0x00000000800120dc
core   0: 0x000000008000ff66 (0xfe043703) ld      a4, -32(s0)
core   0: 3 0x000000008000ff66 (0xfe043703) x14 0x000000008001207a mem 0x0000000080031f50
core   0: 0x000000008000ff6a (0xfcf76de3) bltu    a4, a5, pc - 38
core   0: 3 0x000000008000ff6a (0xfcf76de3)
core   0: 0x000000008000ff44 (0xfe043783) ld      a5, -32(s0)
core   0: 3 0x000000008000ff44 (0xfe043783) x15 0x000000008001207a mem 0x0000000080031f50
core   0: 0x000000008000ff48 (0x00178713) addi    a4, a5, 1
core   0: 3 0x000000008000ff48 (0x00178713) x14 0x000000008001207b
core   0: 0x000000008000ff4c (0xfee43023) sd      a4, -32(s0)
core   0: 3 0x000000008000ff4c (0xfee43023) mem 0x0000000080031f50 0x000000008001207b
core   0: 0x000000008000ff50 (0xfc442703) lw      a4, -60(s0)
core   0: 3 0x000000008000ff50 (0xfc442703) x14 0x0000000000000000 mem 0x0000000080031f34
core   0: 0x000000008000ff54 (0x0ff77713) andi    a4, a4, 255
core   0: 3 0x000000008000ff54 (0x0ff77713) x14 0x0000000000000000
core   0: 0x000000008000ff58 (0x00e78023) sb      a4, 0(a5)
core   0: 3 0x000000008000ff58 (0x00e78023) mem 0x000000008001207a 0x00
core   0: 0x000000008000ff5c (0xfc843703) ld      a4, -56(s0)
core   0: 3 0x000000008000ff5c (0xfc843703) x14 0x0000000080012040 mem 0x0000000080031f38
core   0: 0x000000008000ff60 (0xfb843783) ld      a5, -72(s0)
core   0: 3 0x000000008000ff60 (0xfb843783) x15 0x000000000000009c mem 0x0000000080031f28
core   0: 0x000000008000ff64 (0x000097ba) c.add   a5, a4
core   0: 3 0x000000008000ff64 (0x97ba) x15 0x00000000800120dc
core   0: 0x000000008000ff66 (0xfe043703) ld      a4, -32(s0)
core   0: 3 0x000000008000ff66 (0xfe043703) x14 0x000000008001207b mem 0x0000000080031f50
core   0: 0x000000008000ff6a (0xfcf76de3) bltu    a4, a5, pc - 38
core   0: 3 0x000000008000ff6a (0xfcf76de3)
core   0: 0x000000008000ff44 (0xfe043783) ld      a5, -32(s0)
core   0: 3 0x000000008000ff44 (0xfe043783) x15 0x000000008001207b mem 0x0000000080031f50
core   0: 0x000000008000ff48 (0x00178713) addi    a4, a5, 1
core   0: 3 0x000000008000ff48 (0x00178713) x14 0x000000008001207c
core   0: 0x000000008000ff4c (0xfee43023) sd      a4, -32(s0)
core   0: 3 0x000000008000ff4c (0xfee43023) mem 0x0000000080031f50 0x000000008001207c
core   0: 0x000000008000ff50 (0xfc442703) lw      a4, -60(s0)
core   0: 3 0x000000008000ff50 (0xfc442703) x14 0x0000000000000000 mem 0x0000000080031f34
core   0: 0x000000008000ff54 (0x0ff77713) andi    a4, a4, 255
core   0: 3 0x000000008000ff54 (0x0ff77713) x14 0x0000000000000000
core   0: 0x000000008000ff58 (0x00e78023) sb      a4, 0(a5)
core   0: 3 0x000000008000ff58 (0x00e78023) mem 0x000000008001207b 0x00
core   0: 0x000000008000ff5c (0xfc843703) ld      a4, -56(s0)
core   0: 3 0x000000008000ff5c (0xfc843703) x14 0x0000000080012040 mem 0x0000000080031f38
core   0: 0x000000008000ff60 (0xfb843783) ld      a5, -72(s0)
core   0: 3 0x000000008000ff60 (0xfb843783) x15 0x000000000000009c mem 0x0000000080031f28
core   0: 0x000000008000ff64 (0x000097ba) c.add   a5, a4
core   0: 3 0x000000008000ff64 (0x97ba) x15 0x00000000800120dc
core   0: 0x000000008000ff66 (0xfe043703) ld      a4, -32(s0)
core   0: 3 0x000000008000ff66 (0xfe043703) x14 0x000000008001207c mem 0x0000000080031f50
core   0: 0x000000008000ff6a (0xfcf76de3) bltu    a4, a5, pc - 38
core   0: 3 0x000000008000ff6a (0xfcf76de3)
core   0: 0x000000008000ff44 (0xfe043783) ld      a5, -32(s0)
core   0: 3 0x000000008000ff44 (0xfe043783) x15 0x000000008001207c mem 0x0000000080031f50
core   0: 0x000000008000ff48 (0x00178713) addi    a4, a5, 1
core   0: 3 0x000000008000ff48 (0x00178713) x14 0x000000008001207d
core   0: 0x000000008000ff4c (0xfee43023) sd      a4, -32(s0)
core   0: 3 0x000000008000ff4c (0xfee43023) mem 0x0000000080031f50 0x000000008001207d
core   0: 0x000000008000ff50 (0xfc442703) lw      a4, -60(s0)
core   0: 3 0x000000008000ff50 (0xfc442703) x14 0x0000000000000000 mem 0x0000000080031f34
core   0: 0x000000008000ff54 (0x0ff77713) andi    a4, a4, 255
core   0: 3 0x000000008000ff54 (0x0ff77713) x14 0x0000000000000000
core   0: 0x000000008000ff58 (0x00e78023) sb      a4, 0(a5)
core   0: 3 0x000000008000ff58 (0x00e78023) mem 0x000000008001207c 0x00
core   0: 0x000000008000ff5c (0xfc843703) ld      a4, -56(s0)
core   0: 3 0x000000008000ff5c (0xfc843703) x14 0x0000000080012040 mem 0x0000000080031f38
core   0: 0x000000008000ff60 (0xfb843783) ld      a5, -72(s0)
core   0: 3 0x000000008000ff60 (0xfb843783) x15 0x000000000000009c mem 0x0000000080031f28
core   0: 0x000000008000ff64 (0x000097ba) c.add   a5, a4
core   0: 3 0x000000008000ff64 (0x97ba) x15 0x00000000800120dc
core   0: 0x000000008000ff66 (0xfe043703) ld      a4, -32(s0)
core   0: 3 0x000000008000ff66 (0xfe043703) x14 0x000000008001207d mem 0x0000000080031f50
core   0: 0x000000008000ff6a (0xfcf76de3) bltu    a4, a5, pc - 38
core   0: 3 0x000000008000ff6a (0xfcf76de3)
core   0: 0x000000008000ff44 (0xfe043783) ld      a5, -32(s0)
core   0: 3 0x000000008000ff44 (0xfe043783) x15 0x000000008001207d mem 0x0000000080031f50
core   0: 0x000000008000ff48 (0x00178713) addi    a4, a5, 1
core   0: 3 0x000000008000ff48 (0x00178713) x14 0x000000008001207e
core   0: 0x000000008000ff4c (0xfee43023) sd      a4, -32(s0)
core   0: 3 0x000000008000ff4c (0xfee43023) mem 0x0000000080031f50 0x000000008001207e
core   0: 0x000000008000ff50 (0xfc442703) lw      a4, -60(s0)
core   0: 3 0x000000008000ff50 (0xfc442703) x14 0x0000000000000000 mem 0x0000000080031f34
core   0: 0x000000008000ff54 (0x0ff77713) andi    a4, a4, 255
core   0: 3 0x000000008000ff54 (0x0ff77713) x14 0x0000000000000000
core   0: 0x000000008000ff58 (0x00e78023) sb      a4, 0(a5)
core   0: 3 0x000000008000ff58 (0x00e78023) mem 0x000000008001207d 0x00
core   0: 0x000000008000ff5c (0xfc843703) ld      a4, -56(s0)
core   0: 3 0x000000008000ff5c (0xfc843703) x14 0x0000000080012040 mem 0x0000000080031f38
core   0: 0x000000008000ff60 (0xfb843783) ld      a5, -72(s0)
core   0: 3 0x000000008000ff60 (0xfb843783) x15 0x000000000000009c mem 0x0000000080031f28
core   0: 0x000000008000ff64 (0x000097ba) c.add   a5, a4
core   0: 3 0x000000008000ff64 (0x97ba) x15 0x00000000800120dc
core   0: 0x000000008000ff66 (0xfe043703) ld      a4, -32(s0)
core   0: 3 0x000000008000ff66 (0xfe043703) x14 0x000000008001207e mem 0x0000000080031f50
core   0: 0x000000008000ff6a (0xfcf76de3) bltu    a4, a5, pc - 38
core   0: 3 0x000000008000ff6a (0xfcf76de3)
core   0: 0x000000008000ff44 (0xfe043783) ld      a5, -32(s0)
core   0: 3 0x000000008000ff44 (0xfe043783) x15 0x000000008001207e mem 0x0000000080031f50
core   0: 0x000000008000ff48 (0x00178713) addi    a4, a5, 1
core   0: 3 0x000000008000ff48 (0x00178713) x14 0x000000008001207f
core   0: 0x000000008000ff4c (0xfee43023) sd      a4, -32(s0)
core   0: 3 0x000000008000ff4c (0xfee43023) mem 0x0000000080031f50 0x000000008001207f
core   0: 0x000000008000ff50 (0xfc442703) lw      a4, -60(s0)
core   0: 3 0x000000008000ff50 (0xfc442703) x14 0x0000000000000000 mem 0x0000000080031f34
core   0: 0x000000008000ff54 (0x0ff77713) andi    a4, a4, 255
core   0: 3 0x000000008000ff54 (0x0ff77713) x14 0x0000000000000000
core   0: 0x000000008000ff58 (0x00e78023) sb      a4, 0(a5)
core   0: 3 0x000000008000ff58 (0x00e78023) mem 0x000000008001207e 0x00
core   0: 0x000000008000ff5c (0xfc843703) ld      a4, -56(s0)
core   0: 3 0x000000008000ff5c (0xfc843703) x14 0x0000000080012040 mem 0x0000000080031f38
core   0: 0x000000008000ff60 (0xfb843783) ld      a5, -72(s0)
core   0: 3 0x000000008000ff60 (0xfb843783) x15 0x000000000000009c mem 0x0000000080031f28
core   0: 0x000000008000ff64 (0x000097ba) c.add   a5, a4
core   0: 3 0x000000008000ff64 (0x97ba) x15 0x00000000800120dc
core   0: 0x000000008000ff66 (0xfe043703) ld      a4, -32(s0)
core   0: 3 0x000000008000ff66 (0xfe043703) x14 0x000000008001207f mem 0x0000000080031f50
core   0: 0x000000008000ff6a (0xfcf76de3) bltu    a4, a5, pc - 38
core   0: 3 0x000000008000ff6a (0xfcf76de3)
core   0: 0x000000008000ff44 (0xfe043783) ld      a5, -32(s0)
core   0: 3 0x000000008000ff44 (0xfe043783) x15 0x000000008001207f mem 0x0000000080031f50
core   0: 0x000000008000ff48 (0x00178713) addi    a4, a5, 1
core   0: 3 0x000000008000ff48 (0x00178713) x14 0x0000000080012080
core   0: 0x000000008000ff4c (0xfee43023) sd      a4, -32(s0)
core   0: 3 0x000000008000ff4c (0xfee43023) mem 0x0000000080031f50 0x0000000080012080
core   0: 0x000000008000ff50 (0xfc442703) lw      a4, -60(s0)
core   0: 3 0x000000008000ff50 (0xfc442703) x14 0x0000000000000000 mem 0x0000000080031f34
core   0: 0x000000008000ff54 (0x0ff77713) andi    a4, a4, 255
core   0: 3 0x000000008000ff54 (0x0ff77713) x14 0x0000000000000000
core   0: 0x000000008000ff58 (0x00e78023) sb      a4, 0(a5)
core   0: 3 0x000000008000ff58 (0x00e78023) mem 0x000000008001207f 0x00
core   0: 0x000000008000ff5c (0xfc843703) ld      a4, -56(s0)
core   0: 3 0x000000008000ff5c (0xfc843703) x14 0x0000000080012040 mem 0x0000000080031f38
core   0: 0x000000008000ff60 (0xfb843783) ld      a5, -72(s0)
core   0: 3 0x000000008000ff60 (0xfb843783) x15 0x000000000000009c mem 0x0000000080031f28
core   0: 0x000000008000ff64 (0x000097ba) c.add   a5, a4
core   0: 3 0x000000008000ff64 (0x97ba) x15 0x00000000800120dc
core   0: 0x000000008000ff66 (0xfe043703) ld      a4, -32(s0)
core   0: 3 0x000000008000ff66 (0xfe043703) x14 0x0000000080012080 mem 0x0000000080031f50
core   0: 0x000000008000ff6a (0xfcf76de3) bltu    a4, a5, pc - 38
core   0: 3 0x000000008000ff6a (0xfcf76de3)
core   0: 0x000000008000ff44 (0xfe043783) ld      a5, -32(s0)
core   0: 3 0x000000008000ff44 (0xfe043783) x15 0x0000000080012080 mem 0x0000000080031f50
core   0: 0x000000008000ff48 (0x00178713) addi    a4, a5, 1
core   0: 3 0x000000008000ff48 (0x00178713) x14 0x0000000080012081
core   0: 0x000000008000ff4c (0xfee43023) sd      a4, -32(s0)
core   0: 3 0x000000008000ff4c (0xfee43023) mem 0x0000000080031f50 0x0000000080012081
core   0: 0x000000008000ff50 (0xfc442703) lw      a4, -60(s0)
core   0: 3 0x000000008000ff50 (0xfc442703) x14 0x0000000000000000 mem 0x0000000080031f34
core   0: 0x000000008000ff54 (0x0ff77713) andi    a4, a4, 255
core   0: 3 0x000000008000ff54 (0x0ff77713) x14 0x0000000000000000
core   0: 0x000000008000ff58 (0x00e78023) sb      a4, 0(a5)
core   0: 3 0x000000008000ff58 (0x00e78023) mem 0x0000000080012080 0x00
core   0: 0x000000008000ff5c (0xfc843703) ld      a4, -56(s0)
core   0: 3 0x000000008000ff5c (0xfc843703) x14 0x0000000080012040 mem 0x0000000080031f38
core   0: 0x000000008000ff60 (0xfb843783) ld      a5, -72(s0)
core   0: 3 0x000000008000ff60 (0xfb843783) x15 0x000000000000009c mem 0x0000000080031f28
core   0: 0x000000008000ff64 (0x000097ba) c.add   a5, a4
core   0: 3 0x000000008000ff64 (0x97ba) x15 0x00000000800120dc
core   0: 0x000000008000ff66 (0xfe043703) ld      a4, -32(s0)
core   0: 3 0x000000008000ff66 (0xfe043703) x14 0x0000000080012081 mem 0x0000000080031f50
core   0: 0x000000008000ff6a (0xfcf76de3) bltu    a4, a5, pc - 38
core   0: 3 0x000000008000ff6a (0xfcf76de3)
core   0: 0x000000008000ff44 (0xfe043783) ld      a5, -32(s0)
core   0: 3 0x000000008000ff44 (0xfe043783) x15 0x0000000080012081 mem 0x0000000080031f50
core   0: 0x000000008000ff48 (0x00178713) addi    a4, a5, 1
core   0: 3 0x000000008000ff48 (0x00178713) x14 0x0000000080012082
core   0: 0x000000008000ff4c (0xfee43023) sd      a4, -32(s0)
core   0: 3 0x000000008000ff4c (0xfee43023) mem 0x0000000080031f50 0x0000000080012082
core   0: 0x000000008000ff50 (0xfc442703) lw      a4, -60(s0)
core   0: 3 0x000000008000ff50 (0xfc442703) x14 0x0000000000000000 mem 0x0000000080031f34
core   0: 0x000000008000ff54 (0x0ff77713) andi    a4, a4, 255
core   0: 3 0x000000008000ff54 (0x0ff77713) x14 0x0000000000000000
core   0: 0x000000008000ff58 (0x00e78023) sb      a4, 0(a5)
core   0: 3 0x000000008000ff58 (0x00e78023) mem 0x0000000080012081 0x00
core   0: 0x000000008000ff5c (0xfc843703) ld      a4, -56(s0)
core   0: 3 0x000000008000ff5c (0xfc843703) x14 0x0000000080012040 mem 0x0000000080031f38
core   0: 0x000000008000ff60 (0xfb843783) ld      a5, -72(s0)
core   0: 3 0x000000008000ff60 (0xfb843783) x15 0x000000000000009c mem 0x0000000080031f28
core   0: 0x000000008000ff64 (0x000097ba) c.add   a5, a4
core   0: 3 0x000000008000ff64 (0x97ba) x15 0x00000000800120dc
core   0: 0x000000008000ff66 (0xfe043703) ld      a4, -32(s0)
core   0: 3 0x000000008000ff66 (0xfe043703) x14 0x0000000080012082 mem 0x0000000080031f50
core   0: 0x000000008000ff6a (0xfcf76de3) bltu    a4, a5, pc - 38
core   0: 3 0x000000008000ff6a (0xfcf76de3)
core   0: 0x000000008000ff44 (0xfe043783) ld      a5, -32(s0)
core   0: 3 0x000000008000ff44 (0xfe043783) x15 0x0000000080012082 mem 0x0000000080031f50
core   0: 0x000000008000ff48 (0x00178713) addi    a4, a5, 1
core   0: 3 0x000000008000ff48 (0x00178713) x14 0x0000000080012083
core   0: 0x000000008000ff4c (0xfee43023) sd      a4, -32(s0)
core   0: 3 0x000000008000ff4c (0xfee43023) mem 0x0000000080031f50 0x0000000080012083
core   0: 0x000000008000ff50 (0xfc442703) lw      a4, -60(s0)
core   0: 3 0x000000008000ff50 (0xfc442703) x14 0x0000000000000000 mem 0x0000000080031f34
core   0: 0x000000008000ff54 (0x0ff77713) andi    a4, a4, 255
core   0: 3 0x000000008000ff54 (0x0ff77713) x14 0x0000000000000000
core   0: 0x000000008000ff58 (0x00e78023) sb      a4, 0(a5)
core   0: 3 0x000000008000ff58 (0x00e78023) mem 0x0000000080012082 0x00
core   0: 0x000000008000ff5c (0xfc843703) ld      a4, -56(s0)
core   0: 3 0x000000008000ff5c (0xfc843703) x14 0x0000000080012040 mem 0x0000000080031f38
core   0: 0x000000008000ff60 (0xfb843783) ld      a5, -72(s0)
core   0: 3 0x000000008000ff60 (0xfb843783) x15 0x000000000000009c mem 0x0000000080031f28
core   0: 0x000000008000ff64 (0x000097ba) c.add   a5, a4
core   0: 3 0x000000008000ff64 (0x97ba) x15 0x00000000800120dc
core   0: 0x000000008000ff66 (0xfe043703) ld      a4, -32(s0)
core   0: 3 0x000000008000ff66 (0xfe043703) x14 0x0000000080012083 mem 0x0000000080031f50
core   0: 0x000000008000ff6a (0xfcf76de3) bltu    a4, a5, pc - 38
core   0: 3 0x000000008000ff6a (0xfcf76de3)
core   0: 0x000000008000ff44 (0xfe043783) ld      a5, -32(s0)
core   0: 3 0x000000008000ff44 (0xfe043783) x15 0x0000000080012083 mem 0x0000000080031f50
core   0: 0x000000008000ff48 (0x00178713) addi    a4, a5, 1
core   0: 3 0x000000008000ff48 (0x00178713) x14 0x0000000080012084
core   0: 0x000000008000ff4c (0xfee43023) sd      a4, -32(s0)
core   0: 3 0x000000008000ff4c (0xfee43023) mem 0x0000000080031f50 0x0000000080012084
core   0: 0x000000008000ff50 (0xfc442703) lw      a4, -60(s0)
core   0: 3 0x000000008000ff50 (0xfc442703) x14 0x0000000000000000 mem 0x0000000080031f34
core   0: 0x000000008000ff54 (0x0ff77713) andi    a4, a4, 255
core   0: 3 0x000000008000ff54 (0x0ff77713) x14 0x0000000000000000
core   0: 0x000000008000ff58 (0x00e78023) sb      a4, 0(a5)
core   0: 3 0x000000008000ff58 (0x00e78023) mem 0x0000000080012083 0x00
core   0: 0x000000008000ff5c (0xfc843703) ld      a4, -56(s0)
core   0: 3 0x000000008000ff5c (0xfc843703) x14 0x0000000080012040 mem 0x0000000080031f38
core   0: 0x000000008000ff60 (0xfb843783) ld      a5, -72(s0)
core   0: 3 0x000000008000ff60 (0xfb843783) x15 0x000000000000009c mem 0x0000000080031f28
core   0: 0x000000008000ff64 (0x000097ba) c.add   a5, a4
core   0: 3 0x000000008000ff64 (0x97ba) x15 0x00000000800120dc
core   0: 0x000000008000ff66 (0xfe043703) ld      a4, -32(s0)
core   0: 3 0x000000008000ff66 (0xfe043703) x14 0x0000000080012084 mem 0x0000000080031f50
core   0: 0x000000008000ff6a (0xfcf76de3) bltu    a4, a5, pc - 38
core   0: 3 0x000000008000ff6a (0xfcf76de3)
core   0: 0x000000008000ff44 (0xfe043783) ld      a5, -32(s0)
core   0: 3 0x000000008000ff44 (0xfe043783) x15 0x0000000080012084 mem 0x0000000080031f50
core   0: 0x000000008000ff48 (0x00178713) addi    a4, a5, 1
core   0: 3 0x000000008000ff48 (0x00178713) x14 0x0000000080012085
core   0: 0x000000008000ff4c (0xfee43023) sd      a4, -32(s0)
core   0: 3 0x000000008000ff4c (0xfee43023) mem 0x0000000080031f50 0x0000000080012085
core   0: 0x000000008000ff50 (0xfc442703) lw      a4, -60(s0)
core   0: 3 0x000000008000ff50 (0xfc442703) x14 0x0000000000000000 mem 0x0000000080031f34
core   0: 0x000000008000ff54 (0x0ff77713) andi    a4, a4, 255
core   0: 3 0x000000008000ff54 (0x0ff77713) x14 0x0000000000000000
core   0: 0x000000008000ff58 (0x00e78023) sb      a4, 0(a5)
core   0: 3 0x000000008000ff58 (0x00e78023) mem 0x0000000080012084 0x00
core   0: 0x000000008000ff5c (0xfc843703) ld      a4, -56(s0)
core   0: 3 0x000000008000ff5c (0xfc843703) x14 0x0000000080012040 mem 0x0000000080031f38
core   0: 0x000000008000ff60 (0xfb843783) ld      a5, -72(s0)
core   0: 3 0x000000008000ff60 (0xfb843783) x15 0x000000000000009c mem 0x0000000080031f28
core   0: 0x000000008000ff64 (0x000097ba) c.add   a5, a4
core   0: 3 0x000000008000ff64 (0x97ba) x15 0x00000000800120dc
core   0: 0x000000008000ff66 (0xfe043703) ld      a4, -32(s0)
core   0: 3 0x000000008000ff66 (0xfe043703) x14 0x0000000080012085 mem 0x0000000080031f50
core   0: 0x000000008000ff6a (0xfcf76de3) bltu    a4, a5, pc - 38
core   0: 3 0x000000008000ff6a (0xfcf76de3)
core   0: 0x000000008000ff44 (0xfe043783) ld      a5, -32(s0)
core   0: 3 0x000000008000ff44 (0xfe043783) x15 0x0000000080012085 mem 0x0000000080031f50
core   0: 0x000000008000ff48 (0x00178713) addi    a4, a5, 1
core   0: 3 0x000000008000ff48 (0x00178713) x14 0x0000000080012086
core   0: 0x000000008000ff4c (0xfee43023) sd      a4, -32(s0)
core   0: 3 0x000000008000ff4c (0xfee43023) mem 0x0000000080031f50 0x0000000080012086
core   0: 0x000000008000ff50 (0xfc442703) lw      a4, -60(s0)
core   0: 3 0x000000008000ff50 (0xfc442703) x14 0x0000000000000000 mem 0x0000000080031f34
core   0: 0x000000008000ff54 (0x0ff77713) andi    a4, a4, 255
core   0: 3 0x000000008000ff54 (0x0ff77713) x14 0x0000000000000000
core   0: 0x000000008000ff58 (0x00e78023) sb      a4, 0(a5)
core   0: 3 0x000000008000ff58 (0x00e78023) mem 0x0000000080012085 0x00
core   0: 0x000000008000ff5c (0xfc843703) ld      a4, -56(s0)
core   0: 3 0x000000008000ff5c (0xfc843703) x14 0x0000000080012040 mem 0x0000000080031f38
core   0: 0x000000008000ff60 (0xfb843783) ld      a5, -72(s0)
core   0: 3 0x000000008000ff60 (0xfb843783) x15 0x000000000000009c mem 0x0000000080031f28
core   0: 0x000000008000ff64 (0x000097ba) c.add   a5, a4
core   0: 3 0x000000008000ff64 (0x97ba) x15 0x00000000800120dc
core   0: 0x000000008000ff66 (0xfe043703) ld      a4, -32(s0)
core   0: 3 0x000000008000ff66 (0xfe043703) x14 0x0000000080012086 mem 0x0000000080031f50
core   0: 0x000000008000ff6a (0xfcf76de3) bltu    a4, a5, pc - 38
core   0: 3 0x000000008000ff6a (0xfcf76de3)
core   0: 0x000000008000ff44 (0xfe043783) ld      a5, -32(s0)
core   0: 3 0x000000008000ff44 (0xfe043783) x15 0x0000000080012086 mem 0x0000000080031f50
core   0: 0x000000008000ff48 (0x00178713) addi    a4, a5, 1
core   0: 3 0x000000008000ff48 (0x00178713) x14 0x0000000080012087
core   0: 0x000000008000ff4c (0xfee43023) sd      a4, -32(s0)
core   0: 3 0x000000008000ff4c (0xfee43023) mem 0x0000000080031f50 0x0000000080012087
core   0: 0x000000008000ff50 (0xfc442703) lw      a4, -60(s0)
core   0: 3 0x000000008000ff50 (0xfc442703) x14 0x0000000000000000 mem 0x0000000080031f34
core   0: 0x000000008000ff54 (0x0ff77713) andi    a4, a4, 255
core   0: 3 0x000000008000ff54 (0x0ff77713) x14 0x0000000000000000
core   0: 0x000000008000ff58 (0x00e78023) sb      a4, 0(a5)
core   0: 3 0x000000008000ff58 (0x00e78023) mem 0x0000000080012086 0x00
core   0: 0x000000008000ff5c (0xfc843703) ld      a4, -56(s0)
core   0: 3 0x000000008000ff5c (0xfc843703) x14 0x0000000080012040 mem 0x0000000080031f38
core   0: 0x000000008000ff60 (0xfb843783) ld      a5, -72(s0)
core   0: 3 0x000000008000ff60 (0xfb843783) x15 0x000000000000009c mem 0x0000000080031f28
core   0: 0x000000008000ff64 (0x000097ba) c.add   a5, a4
core   0: 3 0x000000008000ff64 (0x97ba) x15 0x00000000800120dc
core   0: 0x000000008000ff66 (0xfe043703) ld      a4, -32(s0)
core   0: 3 0x000000008000ff66 (0xfe043703) x14 0x0000000080012087 mem 0x0000000080031f50
core   0: 0x000000008000ff6a (0xfcf76de3) bltu    a4, a5, pc - 38
core   0: 3 0x000000008000ff6a (0xfcf76de3)
core   0: 0x000000008000ff44 (0xfe043783) ld      a5, -32(s0)
core   0: 3 0x000000008000ff44 (0xfe043783) x15 0x0000000080012087 mem 0x0000000080031f50
core   0: 0x000000008000ff48 (0x00178713) addi    a4, a5, 1
core   0: 3 0x000000008000ff48 (0x00178713) x14 0x0000000080012088
core   0: 0x000000008000ff4c (0xfee43023) sd      a4, -32(s0)
core   0: 3 0x000000008000ff4c (0xfee43023) mem 0x0000000080031f50 0x0000000080012088
core   0: 0x000000008000ff50 (0xfc442703) lw      a4, -60(s0)
core   0: 3 0x000000008000ff50 (0xfc442703) x14 0x0000000000000000 mem 0x0000000080031f34
core   0: 0x000000008000ff54 (0x0ff77713) andi    a4, a4, 255
core   0: 3 0x000000008000ff54 (0x0ff77713) x14 0x0000000000000000
core   0: 0x000000008000ff58 (0x00e78023) sb      a4, 0(a5)
core   0: 3 0x000000008000ff58 (0x00e78023) mem 0x0000000080012087 0x00
core   0: 0x000000008000ff5c (0xfc843703) ld      a4, -56(s0)
core   0: 3 0x000000008000ff5c (0xfc843703) x14 0x0000000080012040 mem 0x0000000080031f38
core   0: 0x000000008000ff60 (0xfb843783) ld      a5, -72(s0)
core   0: 3 0x000000008000ff60 (0xfb843783) x15 0x000000000000009c mem 0x0000000080031f28
core   0: 0x000000008000ff64 (0x000097ba) c.add   a5, a4
core   0: 3 0x000000008000ff64 (0x97ba) x15 0x00000000800120dc
core   0: 0x000000008000ff66 (0xfe043703) ld      a4, -32(s0)
core   0: 3 0x000000008000ff66 (0xfe043703) x14 0x0000000080012088 mem 0x0000000080031f50
core   0: 0x000000008000ff6a (0xfcf76de3) bltu    a4, a5, pc - 38
core   0: 3 0x000000008000ff6a (0xfcf76de3)
core   0: 0x000000008000ff44 (0xfe043783) ld      a5, -32(s0)
core   0: 3 0x000000008000ff44 (0xfe043783) x15 0x0000000080012088 mem 0x0000000080031f50
core   0: 0x000000008000ff48 (0x00178713) addi    a4, a5, 1
core   0: 3 0x000000008000ff48 (0x00178713) x14 0x0000000080012089
core   0: 0x000000008000ff4c (0xfee43023) sd      a4, -32(s0)
core   0: 3 0x000000008000ff4c (0xfee43023) mem 0x0000000080031f50 0x0000000080012089
core   0: 0x000000008000ff50 (0xfc442703) lw      a4, -60(s0)
core   0: 3 0x000000008000ff50 (0xfc442703) x14 0x0000000000000000 mem 0x0000000080031f34
core   0: 0x000000008000ff54 (0x0ff77713) andi    a4, a4, 255
core   0: 3 0x000000008000ff54 (0x0ff77713) x14 0x0000000000000000
core   0: 0x000000008000ff58 (0x00e78023) sb      a4, 0(a5)
core   0: 3 0x000000008000ff58 (0x00e78023) mem 0x0000000080012088 0x00
core   0: 0x000000008000ff5c (0xfc843703) ld      a4, -56(s0)
core   0: 3 0x000000008000ff5c (0xfc843703) x14 0x0000000080012040 mem 0x0000000080031f38
core   0: 0x000000008000ff60 (0xfb843783) ld      a5, -72(s0)
core   0: 3 0x000000008000ff60 (0xfb843783) x15 0x000000000000009c mem 0x0000000080031f28
core   0: 0x000000008000ff64 (0x000097ba) c.add   a5, a4
core   0: 3 0x000000008000ff64 (0x97ba) x15 0x00000000800120dc
core   0: 0x000000008000ff66 (0xfe043703) ld      a4, -32(s0)
core   0: 3 0x000000008000ff66 (0xfe043703) x14 0x0000000080012089 mem 0x0000000080031f50
core   0: 0x000000008000ff6a (0xfcf76de3) bltu    a4, a5, pc - 38
core   0: 3 0x000000008000ff6a (0xfcf76de3)
core   0: 0x000000008000ff44 (0xfe043783) ld      a5, -32(s0)
core   0: 3 0x000000008000ff44 (0xfe043783) x15 0x0000000080012089 mem 0x0000000080031f50
core   0: 0x000000008000ff48 (0x00178713) addi    a4, a5, 1
core   0: 3 0x000000008000ff48 (0x00178713) x14 0x000000008001208a
core   0: 0x000000008000ff4c (0xfee43023) sd      a4, -32(s0)
core   0: 3 0x000000008000ff4c (0xfee43023) mem 0x0000000080031f50 0x000000008001208a
core   0: 0x000000008000ff50 (0xfc442703) lw      a4, -60(s0)
core   0: 3 0x000000008000ff50 (0xfc442703) x14 0x0000000000000000 mem 0x0000000080031f34
core   0: 0x000000008000ff54 (0x0ff77713) andi    a4, a4, 255
core   0: 3 0x000000008000ff54 (0x0ff77713) x14 0x0000000000000000
core   0: 0x000000008000ff58 (0x00e78023) sb      a4, 0(a5)
core   0: 3 0x000000008000ff58 (0x00e78023) mem 0x0000000080012089 0x00
core   0: 0x000000008000ff5c (0xfc843703) ld      a4, -56(s0)
core   0: 3 0x000000008000ff5c (0xfc843703) x14 0x0000000080012040 mem 0x0000000080031f38
core   0: 0x000000008000ff60 (0xfb843783) ld      a5, -72(s0)
core   0: 3 0x000000008000ff60 (0xfb843783) x15 0x000000000000009c mem 0x0000000080031f28
core   0: 0x000000008000ff64 (0x000097ba) c.add   a5, a4
core   0: 3 0x000000008000ff64 (0x97ba) x15 0x00000000800120dc
core   0: 0x000000008000ff66 (0xfe043703) ld      a4, -32(s0)
core   0: 3 0x000000008000ff66 (0xfe043703) x14 0x000000008001208a mem 0x0000000080031f50
core   0: 0x000000008000ff6a (0xfcf76de3) bltu    a4, a5, pc - 38
core   0: 3 0x000000008000ff6a (0xfcf76de3)
core   0: 0x000000008000ff44 (0xfe043783) ld      a5, -32(s0)
core   0: 3 0x000000008000ff44 (0xfe043783) x15 0x000000008001208a mem 0x0000000080031f50
core   0: 0x000000008000ff48 (0x00178713) addi    a4, a5, 1
core   0: 3 0x000000008000ff48 (0x00178713) x14 0x000000008001208b
core   0: 0x000000008000ff4c (0xfee43023) sd      a4, -32(s0)
core   0: 3 0x000000008000ff4c (0xfee43023) mem 0x0000000080031f50 0x000000008001208b
core   0: 0x000000008000ff50 (0xfc442703) lw      a4, -60(s0)
core   0: 3 0x000000008000ff50 (0xfc442703) x14 0x0000000000000000 mem 0x0000000080031f34
core   0: 0x000000008000ff54 (0x0ff77713) andi    a4, a4, 255
core   0: 3 0x000000008000ff54 (0x0ff77713) x14 0x0000000000000000
core   0: 0x000000008000ff58 (0x00e78023) sb      a4, 0(a5)
core   0: 3 0x000000008000ff58 (0x00e78023) mem 0x000000008001208a 0x00
core   0: 0x000000008000ff5c (0xfc843703) ld      a4, -56(s0)
core   0: 3 0x000000008000ff5c (0xfc843703) x14 0x0000000080012040 mem 0x0000000080031f38
core   0: 0x000000008000ff60 (0xfb843783) ld      a5, -72(s0)
core   0: 3 0x000000008000ff60 (0xfb843783) x15 0x000000000000009c mem 0x0000000080031f28
core   0: 0x000000008000ff64 (0x000097ba) c.add   a5, a4
core   0: 3 0x000000008000ff64 (0x97ba) x15 0x00000000800120dc
core   0: 0x000000008000ff66 (0xfe043703) ld      a4, -32(s0)
core   0: 3 0x000000008000ff66 (0xfe043703) x14 0x000000008001208b mem 0x0000000080031f50
core   0: 0x000000008000ff6a (0xfcf76de3) bltu    a4, a5, pc - 38
core   0: 3 0x000000008000ff6a (0xfcf76de3)
core   0: 0x000000008000ff44 (0xfe043783) ld      a5, -32(s0)
core   0: 3 0x000000008000ff44 (0xfe043783) x15 0x000000008001208b mem 0x0000000080031f50
core   0: 0x000000008000ff48 (0x00178713) addi    a4, a5, 1
core   0: 3 0x000000008000ff48 (0x00178713) x14 0x000000008001208c
core   0: 0x000000008000ff4c (0xfee43023) sd      a4, -32(s0)
core   0: 3 0x000000008000ff4c (0xfee43023) mem 0x0000000080031f50 0x000000008001208c
core   0: 0x000000008000ff50 (0xfc442703) lw      a4, -60(s0)
core   0: 3 0x000000008000ff50 (0xfc442703) x14 0x0000000000000000 mem 0x0000000080031f34
core   0: 0x000000008000ff54 (0x0ff77713) andi    a4, a4, 255
core   0: 3 0x000000008000ff54 (0x0ff77713) x14 0x0000000000000000
core   0: 0x000000008000ff58 (0x00e78023) sb      a4, 0(a5)
core   0: 3 0x000000008000ff58 (0x00e78023) mem 0x000000008001208b 0x00
core   0: 0x000000008000ff5c (0xfc843703) ld      a4, -56(s0)
core   0: 3 0x000000008000ff5c (0xfc843703) x14 0x0000000080012040 mem 0x0000000080031f38
core   0: 0x000000008000ff60 (0xfb843783) ld      a5, -72(s0)
core   0: 3 0x000000008000ff60 (0xfb843783) x15 0x000000000000009c mem 0x0000000080031f28
core   0: 0x000000008000ff64 (0x000097ba) c.add   a5, a4
core   0: 3 0x000000008000ff64 (0x97ba) x15 0x00000000800120dc
core   0: 0x000000008000ff66 (0xfe043703) ld      a4, -32(s0)
core   0: 3 0x000000008000ff66 (0xfe043703) x14 0x000000008001208c mem 0x0000000080031f50
core   0: 0x000000008000ff6a (0xfcf76de3) bltu    a4, a5, pc - 38
core   0: 3 0x000000008000ff6a (0xfcf76de3)
core   0: 0x000000008000ff44 (0xfe043783) ld      a5, -32(s0)
core   0: 3 0x000000008000ff44 (0xfe043783) x15 0x000000008001208c mem 0x0000000080031f50
core   0: 0x000000008000ff48 (0x00178713) addi    a4, a5, 1
core   0: 3 0x000000008000ff48 (0x00178713) x14 0x000000008001208d
core   0: 0x000000008000ff4c (0xfee43023) sd      a4, -32(s0)
core   0: 3 0x000000008000ff4c (0xfee43023) mem 0x0000000080031f50 0x000000008001208d
core   0: 0x000000008000ff50 (0xfc442703) lw      a4, -60(s0)
core   0: 3 0x000000008000ff50 (0xfc442703) x14 0x0000000000000000 mem 0x0000000080031f34
core   0: 0x000000008000ff54 (0x0ff77713) andi    a4, a4, 255
core   0: 3 0x000000008000ff54 (0x0ff77713) x14 0x0000000000000000
core   0: 0x000000008000ff58 (0x00e78023) sb      a4, 0(a5)
core   0: 3 0x000000008000ff58 (0x00e78023) mem 0x000000008001208c 0x00
core   0: 0x000000008000ff5c (0xfc843703) ld      a4, -56(s0)
core   0: 3 0x000000008000ff5c (0xfc843703) x14 0x0000000080012040 mem 0x0000000080031f38
core   0: 0x000000008000ff60 (0xfb843783) ld      a5, -72(s0)
core   0: 3 0x000000008000ff60 (0xfb843783) x15 0x000000000000009c mem 0x0000000080031f28
core   0: 0x000000008000ff64 (0x000097ba) c.add   a5, a4
core   0: 3 0x000000008000ff64 (0x97ba) x15 0x00000000800120dc
core   0: 0x000000008000ff66 (0xfe043703) ld      a4, -32(s0)
core   0: 3 0x000000008000ff66 (0xfe043703) x14 0x000000008001208d mem 0x0000000080031f50
core   0: 0x000000008000ff6a (0xfcf76de3) bltu    a4, a5, pc - 38
core   0: 3 0x000000008000ff6a (0xfcf76de3)
core   0: 0x000000008000ff44 (0xfe043783) ld      a5, -32(s0)
core   0: 3 0x000000008000ff44 (0xfe043783) x15 0x000000008001208d mem 0x0000000080031f50
core   0: 0x000000008000ff48 (0x00178713) addi    a4, a5, 1
core   0: 3 0x000000008000ff48 (0x00178713) x14 0x000000008001208e
core   0: 0x000000008000ff4c (0xfee43023) sd      a4, -32(s0)
core   0: 3 0x000000008000ff4c (0xfee43023) mem 0x0000000080031f50 0x000000008001208e
core   0: 0x000000008000ff50 (0xfc442703) lw      a4, -60(s0)
core   0: 3 0x000000008000ff50 (0xfc442703) x14 0x0000000000000000 mem 0x0000000080031f34
core   0: 0x000000008000ff54 (0x0ff77713) andi    a4, a4, 255
core   0: 3 0x000000008000ff54 (0x0ff77713) x14 0x0000000000000000
core   0: 0x000000008000ff58 (0x00e78023) sb      a4, 0(a5)
core   0: 3 0x000000008000ff58 (0x00e78023) mem 0x000000008001208d 0x00
core   0: 0x000000008000ff5c (0xfc843703) ld      a4, -56(s0)
core   0: 3 0x000000008000ff5c (0xfc843703) x14 0x0000000080012040 mem 0x0000000080031f38
core   0: 0x000000008000ff60 (0xfb843783) ld      a5, -72(s0)
core   0: 3 0x000000008000ff60 (0xfb843783) x15 0x000000000000009c mem 0x0000000080031f28
core   0: 0x000000008000ff64 (0x000097ba) c.add   a5, a4
core   0: 3 0x000000008000ff64 (0x97ba) x15 0x00000000800120dc
core   0: 0x000000008000ff66 (0xfe043703) ld      a4, -32(s0)
core   0: 3 0x000000008000ff66 (0xfe043703) x14 0x000000008001208e mem 0x0000000080031f50
core   0: 0x000000008000ff6a (0xfcf76de3) bltu    a4, a5, pc - 38
core   0: 3 0x000000008000ff6a (0xfcf76de3)
core   0: 0x000000008000ff44 (0xfe043783) ld      a5, -32(s0)
core   0: 3 0x000000008000ff44 (0xfe043783) x15 0x000000008001208e mem 0x0000000080031f50
core   0: 0x000000008000ff48 (0x00178713) addi    a4, a5, 1
core   0: 3 0x000000008000ff48 (0x00178713) x14 0x000000008001208f
core   0: 0x000000008000ff4c (0xfee43023) sd      a4, -32(s0)
core   0: 3 0x000000008000ff4c (0xfee43023) mem 0x0000000080031f50 0x000000008001208f
core   0: 0x000000008000ff50 (0xfc442703) lw      a4, -60(s0)
core   0: 3 0x000000008000ff50 (0xfc442703) x14 0x0000000000000000 mem 0x0000000080031f34
core   0: 0x000000008000ff54 (0x0ff77713) andi    a4, a4, 255
core   0: 3 0x000000008000ff54 (0x0ff77713) x14 0x0000000000000000
core   0: 0x000000008000ff58 (0x00e78023) sb      a4, 0(a5)
core   0: 3 0x000000008000ff58 (0x00e78023) mem 0x000000008001208e 0x00
core   0: 0x000000008000ff5c (0xfc843703) ld      a4, -56(s0)
core   0: 3 0x000000008000ff5c (0xfc843703) x14 0x0000000080012040 mem 0x0000000080031f38
core   0: 0x000000008000ff60 (0xfb843783) ld      a5, -72(s0)
core   0: 3 0x000000008000ff60 (0xfb843783) x15 0x000000000000009c mem 0x0000000080031f28
core   0: 0x000000008000ff64 (0x000097ba) c.add   a5, a4
core   0: 3 0x000000008000ff64 (0x97ba) x15 0x00000000800120dc
core   0: 0x000000008000ff66 (0xfe043703) ld      a4, -32(s0)
core   0: 3 0x000000008000ff66 (0xfe043703) x14 0x000000008001208f mem 0x0000000080031f50
core   0: 0x000000008000ff6a (0xfcf76de3) bltu    a4, a5, pc - 38
core   0: 3 0x000000008000ff6a (0xfcf76de3)
core   0: 0x000000008000ff44 (0xfe043783) ld      a5, -32(s0)
core   0: 3 0x000000008000ff44 (0xfe043783) x15 0x000000008001208f mem 0x0000000080031f50
core   0: 0x000000008000ff48 (0x00178713) addi    a4, a5, 1
core   0: 3 0x000000008000ff48 (0x00178713) x14 0x0000000080012090
core   0: 0x000000008000ff4c (0xfee43023) sd      a4, -32(s0)
core   0: 3 0x000000008000ff4c (0xfee43023) mem 0x0000000080031f50 0x0000000080012090
core   0: 0x000000008000ff50 (0xfc442703) lw      a4, -60(s0)
core   0: 3 0x000000008000ff50 (0xfc442703) x14 0x0000000000000000 mem 0x0000000080031f34
core   0: 0x000000008000ff54 (0x0ff77713) andi    a4, a4, 255
core   0: 3 0x000000008000ff54 (0x0ff77713) x14 0x0000000000000000
core   0: 0x000000008000ff58 (0x00e78023) sb      a4, 0(a5)
core   0: 3 0x000000008000ff58 (0x00e78023) mem 0x000000008001208f 0x00
core   0: 0x000000008000ff5c (0xfc843703) ld      a4, -56(s0)
core   0: 3 0x000000008000ff5c (0xfc843703) x14 0x0000000080012040 mem 0x0000000080031f38
core   0: 0x000000008000ff60 (0xfb843783) ld      a5, -72(s0)
core   0: 3 0x000000008000ff60 (0xfb843783) x15 0x000000000000009c mem 0x0000000080031f28
core   0: 0x000000008000ff64 (0x000097ba) c.add   a5, a4
core   0: 3 0x000000008000ff64 (0x97ba) x15 0x00000000800120dc
core   0: 0x000000008000ff66 (0xfe043703) ld      a4, -32(s0)
core   0: 3 0x000000008000ff66 (0xfe043703) x14 0x0000000080012090 mem 0x0000000080031f50
core   0: 0x000000008000ff6a (0xfcf76de3) bltu    a4, a5, pc - 38
core   0: 3 0x000000008000ff6a (0xfcf76de3)
core   0: 0x000000008000ff44 (0xfe043783) ld      a5, -32(s0)
core   0: 3 0x000000008000ff44 (0xfe043783) x15 0x0000000080012090 mem 0x0000000080031f50
core   0: 0x000000008000ff48 (0x00178713) addi    a4, a5, 1
core   0: 3 0x000000008000ff48 (0x00178713) x14 0x0000000080012091
core   0: 0x000000008000ff4c (0xfee43023) sd      a4, -32(s0)
core   0: 3 0x000000008000ff4c (0xfee43023) mem 0x0000000080031f50 0x0000000080012091
core   0: 0x000000008000ff50 (0xfc442703) lw      a4, -60(s0)
core   0: 3 0x000000008000ff50 (0xfc442703) x14 0x0000000000000000 mem 0x0000000080031f34
core   0: 0x000000008000ff54 (0x0ff77713) andi    a4, a4, 255
core   0: 3 0x000000008000ff54 (0x0ff77713) x14 0x0000000000000000
core   0: 0x000000008000ff58 (0x00e78023) sb      a4, 0(a5)
core   0: 3 0x000000008000ff58 (0x00e78023) mem 0x0000000080012090 0x00
core   0: 0x000000008000ff5c (0xfc843703) ld      a4, -56(s0)
core   0: 3 0x000000008000ff5c (0xfc843703) x14 0x0000000080012040 mem 0x0000000080031f38
core   0: 0x000000008000ff60 (0xfb843783) ld      a5, -72(s0)
core   0: 3 0x000000008000ff60 (0xfb843783) x15 0x000000000000009c mem 0x0000000080031f28
core   0: 0x000000008000ff64 (0x000097ba) c.add   a5, a4
core   0: 3 0x000000008000ff64 (0x97ba) x15 0x00000000800120dc
core   0: 0x000000008000ff66 (0xfe043703) ld      a4, -32(s0)
core   0: 3 0x000000008000ff66 (0xfe043703) x14 0x0000000080012091 mem 0x0000000080031f50
core   0: 0x000000008000ff6a (0xfcf76de3) bltu    a4, a5, pc - 38
core   0: 3 0x000000008000ff6a (0xfcf76de3)
core   0: 0x000000008000ff44 (0xfe043783) ld      a5, -32(s0)
core   0: 3 0x000000008000ff44 (0xfe043783) x15 0x0000000080012091 mem 0x0000000080031f50
core   0: 0x000000008000ff48 (0x00178713) addi    a4, a5, 1
core   0: 3 0x000000008000ff48 (0x00178713) x14 0x0000000080012092
core   0: 0x000000008000ff4c (0xfee43023) sd      a4, -32(s0)
core   0: 3 0x000000008000ff4c (0xfee43023) mem 0x0000000080031f50 0x0000000080012092
core   0: 0x000000008000ff50 (0xfc442703) lw      a4, -60(s0)
core   0: 3 0x000000008000ff50 (0xfc442703) x14 0x0000000000000000 mem 0x0000000080031f34
core   0: 0x000000008000ff54 (0x0ff77713) andi    a4, a4, 255
core   0: 3 0x000000008000ff54 (0x0ff77713) x14 0x0000000000000000
core   0: 0x000000008000ff58 (0x00e78023) sb      a4, 0(a5)
core   0: 3 0x000000008000ff58 (0x00e78023) mem 0x0000000080012091 0x00
core   0: 0x000000008000ff5c (0xfc843703) ld      a4, -56(s0)
core   0: 3 0x000000008000ff5c (0xfc843703) x14 0x0000000080012040 mem 0x0000000080031f38
core   0: 0x000000008000ff60 (0xfb843783) ld      a5, -72(s0)
core   0: 3 0x000000008000ff60 (0xfb843783) x15 0x000000000000009c mem 0x0000000080031f28
core   0: 0x000000008000ff64 (0x000097ba) c.add   a5, a4
core   0: 3 0x000000008000ff64 (0x97ba) x15 0x00000000800120dc
core   0: 0x000000008000ff66 (0xfe043703) ld      a4, -32(s0)
core   0: 3 0x000000008000ff66 (0xfe043703) x14 0x0000000080012092 mem 0x0000000080031f50
core   0: 0x000000008000ff6a (0xfcf76de3) bltu    a4, a5, pc - 38
core   0: 3 0x000000008000ff6a (0xfcf76de3)
core   0: 0x000000008000ff44 (0xfe043783) ld      a5, -32(s0)
core   0: 3 0x000000008000ff44 (0xfe043783) x15 0x0000000080012092 mem 0x0000000080031f50
core   0: 0x000000008000ff48 (0x00178713) addi    a4, a5, 1
core   0: 3 0x000000008000ff48 (0x00178713) x14 0x0000000080012093
core   0: 0x000000008000ff4c (0xfee43023) sd      a4, -32(s0)
core   0: 3 0x000000008000ff4c (0xfee43023) mem 0x0000000080031f50 0x0000000080012093
core   0: 0x000000008000ff50 (0xfc442703) lw      a4, -60(s0)
core   0: 3 0x000000008000ff50 (0xfc442703) x14 0x0000000000000000 mem 0x0000000080031f34
core   0: 0x000000008000ff54 (0x0ff77713) andi    a4, a4, 255
core   0: 3 0x000000008000ff54 (0x0ff77713) x14 0x0000000000000000
core   0: 0x000000008000ff58 (0x00e78023) sb      a4, 0(a5)
core   0: 3 0x000000008000ff58 (0x00e78023) mem 0x0000000080012092 0x00
core   0: 0x000000008000ff5c (0xfc843703) ld      a4, -56(s0)
core   0: 3 0x000000008000ff5c (0xfc843703) x14 0x0000000080012040 mem 0x0000000080031f38
core   0: 0x000000008000ff60 (0xfb843783) ld      a5, -72(s0)
core   0: 3 0x000000008000ff60 (0xfb843783) x15 0x000000000000009c mem 0x0000000080031f28
core   0: 0x000000008000ff64 (0x000097ba) c.add   a5, a4
core   0: 3 0x000000008000ff64 (0x97ba) x15 0x00000000800120dc
core   0: 0x000000008000ff66 (0xfe043703) ld      a4, -32(s0)
core   0: 3 0x000000008000ff66 (0xfe043703) x14 0x0000000080012093 mem 0x0000000080031f50
core   0: 0x000000008000ff6a (0xfcf76de3) bltu    a4, a5, pc - 38
core   0: 3 0x000000008000ff6a (0xfcf76de3)
core   0: 0x000000008000ff44 (0xfe043783) ld      a5, -32(s0)
core   0: 3 0x000000008000ff44 (0xfe043783) x15 0x0000000080012093 mem 0x0000000080031f50
core   0: 0x000000008000ff48 (0x00178713) addi    a4, a5, 1
core   0: 3 0x000000008000ff48 (0x00178713) x14 0x0000000080012094
core   0: 0x000000008000ff4c (0xfee43023) sd      a4, -32(s0)
core   0: 3 0x000000008000ff4c (0xfee43023) mem 0x0000000080031f50 0x0000000080012094
core   0: 0x000000008000ff50 (0xfc442703) lw      a4, -60(s0)
core   0: 3 0x000000008000ff50 (0xfc442703) x14 0x0000000000000000 mem 0x0000000080031f34
core   0: 0x000000008000ff54 (0x0ff77713) andi    a4, a4, 255
core   0: 3 0x000000008000ff54 (0x0ff77713) x14 0x0000000000000000
core   0: 0x000000008000ff58 (0x00e78023) sb      a4, 0(a5)
core   0: 3 0x000000008000ff58 (0x00e78023) mem 0x0000000080012093 0x00
core   0: 0x000000008000ff5c (0xfc843703) ld      a4, -56(s0)
core   0: 3 0x000000008000ff5c (0xfc843703) x14 0x0000000080012040 mem 0x0000000080031f38
core   0: 0x000000008000ff60 (0xfb843783) ld      a5, -72(s0)
core   0: 3 0x000000008000ff60 (0xfb843783) x15 0x000000000000009c mem 0x0000000080031f28
core   0: 0x000000008000ff64 (0x000097ba) c.add   a5, a4
core   0: 3 0x000000008000ff64 (0x97ba) x15 0x00000000800120dc
core   0: 0x000000008000ff66 (0xfe043703) ld      a4, -32(s0)
core   0: 3 0x000000008000ff66 (0xfe043703) x14 0x0000000080012094 mem 0x0000000080031f50
core   0: 0x000000008000ff6a (0xfcf76de3) bltu    a4, a5, pc - 38
core   0: 3 0x000000008000ff6a (0xfcf76de3)
core   0: 0x000000008000ff44 (0xfe043783) ld      a5, -32(s0)
core   0: 3 0x000000008000ff44 (0xfe043783) x15 0x0000000080012094 mem 0x0000000080031f50
core   0: 0x000000008000ff48 (0x00178713) addi    a4, a5, 1
core   0: 3 0x000000008000ff48 (0x00178713) x14 0x0000000080012095
core   0: 0x000000008000ff4c (0xfee43023) sd      a4, -32(s0)
core   0: 3 0x000000008000ff4c (0xfee43023) mem 0x0000000080031f50 0x0000000080012095
core   0: 0x000000008000ff50 (0xfc442703) lw      a4, -60(s0)
core   0: 3 0x000000008000ff50 (0xfc442703) x14 0x0000000000000000 mem 0x0000000080031f34
core   0: 0x000000008000ff54 (0x0ff77713) andi    a4, a4, 255
core   0: 3 0x000000008000ff54 (0x0ff77713) x14 0x0000000000000000
core   0: 0x000000008000ff58 (0x00e78023) sb      a4, 0(a5)
core   0: 3 0x000000008000ff58 (0x00e78023) mem 0x0000000080012094 0x00
core   0: 0x000000008000ff5c (0xfc843703) ld      a4, -56(s0)
core   0: 3 0x000000008000ff5c (0xfc843703) x14 0x0000000080012040 mem 0x0000000080031f38
core   0: 0x000000008000ff60 (0xfb843783) ld      a5, -72(s0)
core   0: 3 0x000000008000ff60 (0xfb843783) x15 0x000000000000009c mem 0x0000000080031f28
core   0: 0x000000008000ff64 (0x000097ba) c.add   a5, a4
core   0: 3 0x000000008000ff64 (0x97ba) x15 0x00000000800120dc
core   0: 0x000000008000ff66 (0xfe043703) ld      a4, -32(s0)
core   0: 3 0x000000008000ff66 (0xfe043703) x14 0x0000000080012095 mem 0x0000000080031f50
core   0: 0x000000008000ff6a (0xfcf76de3) bltu    a4, a5, pc - 38
core   0: 3 0x000000008000ff6a (0xfcf76de3)
core   0: 0x000000008000ff44 (0xfe043783) ld      a5, -32(s0)
core   0: 3 0x000000008000ff44 (0xfe043783) x15 0x0000000080012095 mem 0x0000000080031f50
core   0: 0x000000008000ff48 (0x00178713) addi    a4, a5, 1
core   0: 3 0x000000008000ff48 (0x00178713) x14 0x0000000080012096
core   0: 0x000000008000ff4c (0xfee43023) sd      a4, -32(s0)
core   0: 3 0x000000008000ff4c (0xfee43023) mem 0x0000000080031f50 0x0000000080012096
core   0: 0x000000008000ff50 (0xfc442703) lw      a4, -60(s0)
core   0: 3 0x000000008000ff50 (0xfc442703) x14 0x0000000000000000 mem 0x0000000080031f34
core   0: 0x000000008000ff54 (0x0ff77713) andi    a4, a4, 255
core   0: 3 0x000000008000ff54 (0x0ff77713) x14 0x0000000000000000
core   0: 0x000000008000ff58 (0x00e78023) sb      a4, 0(a5)
core   0: 3 0x000000008000ff58 (0x00e78023) mem 0x0000000080012095 0x00
core   0: 0x000000008000ff5c (0xfc843703) ld      a4, -56(s0)
core   0: 3 0x000000008000ff5c (0xfc843703) x14 0x0000000080012040 mem 0x0000000080031f38
core   0: 0x000000008000ff60 (0xfb843783) ld      a5, -72(s0)
core   0: 3 0x000000008000ff60 (0xfb843783) x15 0x000000000000009c mem 0x0000000080031f28
core   0: 0x000000008000ff64 (0x000097ba) c.add   a5, a4
core   0: 3 0x000000008000ff64 (0x97ba) x15 0x00000000800120dc
core   0: 0x000000008000ff66 (0xfe043703) ld      a4, -32(s0)
core   0: 3 0x000000008000ff66 (0xfe043703) x14 0x0000000080012096 mem 0x0000000080031f50
core   0: 0x000000008000ff6a (0xfcf76de3) bltu    a4, a5, pc - 38
core   0: 3 0x000000008000ff6a (0xfcf76de3)
core   0: 0x000000008000ff44 (0xfe043783) ld      a5, -32(s0)
core   0: 3 0x000000008000ff44 (0xfe043783) x15 0x0000000080012096 mem 0x0000000080031f50
core   0: 0x000000008000ff48 (0x00178713) addi    a4, a5, 1
core   0: 3 0x000000008000ff48 (0x00178713) x14 0x0000000080012097
core   0: 0x000000008000ff4c (0xfee43023) sd      a4, -32(s0)
core   0: 3 0x000000008000ff4c (0xfee43023) mem 0x0000000080031f50 0x0000000080012097
core   0: 0x000000008000ff50 (0xfc442703) lw      a4, -60(s0)
core   0: 3 0x000000008000ff50 (0xfc442703) x14 0x0000000000000000 mem 0x0000000080031f34
core   0: 0x000000008000ff54 (0x0ff77713) andi    a4, a4, 255
core   0: 3 0x000000008000ff54 (0x0ff77713) x14 0x0000000000000000
core   0: 0x000000008000ff58 (0x00e78023) sb      a4, 0(a5)
core   0: 3 0x000000008000ff58 (0x00e78023) mem 0x0000000080012096 0x00
core   0: 0x000000008000ff5c (0xfc843703) ld      a4, -56(s0)
core   0: 3 0x000000008000ff5c (0xfc843703) x14 0x0000000080012040 mem 0x0000000080031f38
core   0: 0x000000008000ff60 (0xfb843783) ld      a5, -72(s0)
core   0: 3 0x000000008000ff60 (0xfb843783) x15 0x000000000000009c mem 0x0000000080031f28
core   0: 0x000000008000ff64 (0x000097ba) c.add   a5, a4
core   0: 3 0x000000008000ff64 (0x97ba) x15 0x00000000800120dc
core   0: 0x000000008000ff66 (0xfe043703) ld      a4, -32(s0)
core   0: 3 0x000000008000ff66 (0xfe043703) x14 0x0000000080012097 mem 0x0000000080031f50
core   0: 0x000000008000ff6a (0xfcf76de3) bltu    a4, a5, pc - 38
core   0: 3 0x000000008000ff6a (0xfcf76de3)
core   0: 0x000000008000ff44 (0xfe043783) ld      a5, -32(s0)
core   0: 3 0x000000008000ff44 (0xfe043783) x15 0x0000000080012097 mem 0x0000000080031f50
core   0: 0x000000008000ff48 (0x00178713) addi    a4, a5, 1
core   0: 3 0x000000008000ff48 (0x00178713) x14 0x0000000080012098
core   0: 0x000000008000ff4c (0xfee43023) sd      a4, -32(s0)
core   0: 3 0x000000008000ff4c (0xfee43023) mem 0x0000000080031f50 0x0000000080012098
core   0: 0x000000008000ff50 (0xfc442703) lw      a4, -60(s0)
core   0: 3 0x000000008000ff50 (0xfc442703) x14 0x0000000000000000 mem 0x0000000080031f34
core   0: 0x000000008000ff54 (0x0ff77713) andi    a4, a4, 255
core   0: 3 0x000000008000ff54 (0x0ff77713) x14 0x0000000000000000
core   0: 0x000000008000ff58 (0x00e78023) sb      a4, 0(a5)
core   0: 3 0x000000008000ff58 (0x00e78023) mem 0x0000000080012097 0x00
core   0: 0x000000008000ff5c (0xfc843703) ld      a4, -56(s0)
core   0: 3 0x000000008000ff5c (0xfc843703) x14 0x0000000080012040 mem 0x0000000080031f38
core   0: 0x000000008000ff60 (0xfb843783) ld      a5, -72(s0)
core   0: 3 0x000000008000ff60 (0xfb843783) x15 0x000000000000009c mem 0x0000000080031f28
core   0: 0x000000008000ff64 (0x000097ba) c.add   a5, a4
core   0: 3 0x000000008000ff64 (0x97ba) x15 0x00000000800120dc
core   0: 0x000000008000ff66 (0xfe043703) ld      a4, -32(s0)
core   0: 3 0x000000008000ff66 (0xfe043703) x14 0x0000000080012098 mem 0x0000000080031f50
core   0: 0x000000008000ff6a (0xfcf76de3) bltu    a4, a5, pc - 38
core   0: 3 0x000000008000ff6a (0xfcf76de3)
core   0: 0x000000008000ff44 (0xfe043783) ld      a5, -32(s0)
core   0: 3 0x000000008000ff44 (0xfe043783) x15 0x0000000080012098 mem 0x0000000080031f50
core   0: 0x000000008000ff48 (0x00178713) addi    a4, a5, 1
core   0: 3 0x000000008000ff48 (0x00178713) x14 0x0000000080012099
core   0: 0x000000008000ff4c (0xfee43023) sd      a4, -32(s0)
core   0: 3 0x000000008000ff4c (0xfee43023) mem 0x0000000080031f50 0x0000000080012099
core   0: 0x000000008000ff50 (0xfc442703) lw      a4, -60(s0)
core   0: 3 0x000000008000ff50 (0xfc442703) x14 0x0000000000000000 mem 0x0000000080031f34
core   0: 0x000000008000ff54 (0x0ff77713) andi    a4, a4, 255
core   0: 3 0x000000008000ff54 (0x0ff77713) x14 0x0000000000000000
core   0: 0x000000008000ff58 (0x00e78023) sb      a4, 0(a5)
core   0: 3 0x000000008000ff58 (0x00e78023) mem 0x0000000080012098 0x00
core   0: 0x000000008000ff5c (0xfc843703) ld      a4, -56(s0)
core   0: 3 0x000000008000ff5c (0xfc843703) x14 0x0000000080012040 mem 0x0000000080031f38
core   0: 0x000000008000ff60 (0xfb843783) ld      a5, -72(s0)
core   0: 3 0x000000008000ff60 (0xfb843783) x15 0x000000000000009c mem 0x0000000080031f28
core   0: 0x000000008000ff64 (0x000097ba) c.add   a5, a4
core   0: 3 0x000000008000ff64 (0x97ba) x15 0x00000000800120dc
core   0: 0x000000008000ff66 (0xfe043703) ld      a4, -32(s0)
core   0: 3 0x000000008000ff66 (0xfe043703) x14 0x0000000080012099 mem 0x0000000080031f50
core   0: 0x000000008000ff6a (0xfcf76de3) bltu    a4, a5, pc - 38
core   0: 3 0x000000008000ff6a (0xfcf76de3)
core   0: 0x000000008000ff44 (0xfe043783) ld      a5, -32(s0)
core   0: 3 0x000000008000ff44 (0xfe043783) x15 0x0000000080012099 mem 0x0000000080031f50
core   0: 0x000000008000ff48 (0x00178713) addi    a4, a5, 1
core   0: 3 0x000000008000ff48 (0x00178713) x14 0x000000008001209a
core   0: 0x000000008000ff4c (0xfee43023) sd      a4, -32(s0)
core   0: 3 0x000000008000ff4c (0xfee43023) mem 0x0000000080031f50 0x000000008001209a
core   0: 0x000000008000ff50 (0xfc442703) lw      a4, -60(s0)
core   0: 3 0x000000008000ff50 (0xfc442703) x14 0x0000000000000000 mem 0x0000000080031f34
core   0: 0x000000008000ff54 (0x0ff77713) andi    a4, a4, 255
core   0: 3 0x000000008000ff54 (0x0ff77713) x14 0x0000000000000000
core   0: 0x000000008000ff58 (0x00e78023) sb      a4, 0(a5)
core   0: 3 0x000000008000ff58 (0x00e78023) mem 0x0000000080012099 0x00
core   0: 0x000000008000ff5c (0xfc843703) ld      a4, -56(s0)
core   0: 3 0x000000008000ff5c (0xfc843703) x14 0x0000000080012040 mem 0x0000000080031f38
core   0: 0x000000008000ff60 (0xfb843783) ld      a5, -72(s0)
core   0: 3 0x000000008000ff60 (0xfb843783) x15 0x000000000000009c mem 0x0000000080031f28
core   0: 0x000000008000ff64 (0x000097ba) c.add   a5, a4
core   0: 3 0x000000008000ff64 (0x97ba) x15 0x00000000800120dc
core   0: 0x000000008000ff66 (0xfe043703) ld      a4, -32(s0)
core   0: 3 0x000000008000ff66 (0xfe043703) x14 0x000000008001209a mem 0x0000000080031f50
core   0: 0x000000008000ff6a (0xfcf76de3) bltu    a4, a5, pc - 38
core   0: 3 0x000000008000ff6a (0xfcf76de3)
core   0: 0x000000008000ff44 (0xfe043783) ld      a5, -32(s0)
core   0: 3 0x000000008000ff44 (0xfe043783) x15 0x000000008001209a mem 0x0000000080031f50
core   0: 0x000000008000ff48 (0x00178713) addi    a4, a5, 1
core   0: 3 0x000000008000ff48 (0x00178713) x14 0x000000008001209b
core   0: 0x000000008000ff4c (0xfee43023) sd      a4, -32(s0)
core   0: 3 0x000000008000ff4c (0xfee43023) mem 0x0000000080031f50 0x000000008001209b
core   0: 0x000000008000ff50 (0xfc442703) lw      a4, -60(s0)
core   0: 3 0x000000008000ff50 (0xfc442703) x14 0x0000000000000000 mem 0x0000000080031f34
core   0: 0x000000008000ff54 (0x0ff77713) andi    a4, a4, 255
core   0: 3 0x000000008000ff54 (0x0ff77713) x14 0x0000000000000000
core   0: 0x000000008000ff58 (0x00e78023) sb      a4, 0(a5)
core   0: 3 0x000000008000ff58 (0x00e78023) mem 0x000000008001209a 0x00
core   0: 0x000000008000ff5c (0xfc843703) ld      a4, -56(s0)
core   0: 3 0x000000008000ff5c (0xfc843703) x14 0x0000000080012040 mem 0x0000000080031f38
core   0: 0x000000008000ff60 (0xfb843783) ld      a5, -72(s0)
core   0: 3 0x000000008000ff60 (0xfb843783) x15 0x000000000000009c mem 0x0000000080031f28
core   0: 0x000000008000ff64 (0x000097ba) c.add   a5, a4
core   0: 3 0x000000008000ff64 (0x97ba) x15 0x00000000800120dc
core   0: 0x000000008000ff66 (0xfe043703) ld      a4, -32(s0)
core   0: 3 0x000000008000ff66 (0xfe043703) x14 0x000000008001209b mem 0x0000000080031f50
core   0: 0x000000008000ff6a (0xfcf76de3) bltu    a4, a5, pc - 38
core   0: 3 0x000000008000ff6a (0xfcf76de3)
core   0: 0x000000008000ff44 (0xfe043783) ld      a5, -32(s0)
core   0: 3 0x000000008000ff44 (0xfe043783) x15 0x000000008001209b mem 0x0000000080031f50
core   0: 0x000000008000ff48 (0x00178713) addi    a4, a5, 1
core   0: 3 0x000000008000ff48 (0x00178713) x14 0x000000008001209c
core   0: 0x000000008000ff4c (0xfee43023) sd      a4, -32(s0)
core   0: 3 0x000000008000ff4c (0xfee43023) mem 0x0000000080031f50 0x000000008001209c
core   0: 0x000000008000ff50 (0xfc442703) lw      a4, -60(s0)
core   0: 3 0x000000008000ff50 (0xfc442703) x14 0x0000000000000000 mem 0x0000000080031f34
core   0: 0x000000008000ff54 (0x0ff77713) andi    a4, a4, 255
core   0: 3 0x000000008000ff54 (0x0ff77713) x14 0x0000000000000000
core   0: 0x000000008000ff58 (0x00e78023) sb      a4, 0(a5)
core   0: 3 0x000000008000ff58 (0x00e78023) mem 0x000000008001209b 0x00
core   0: 0x000000008000ff5c (0xfc843703) ld      a4, -56(s0)
core   0: 3 0x000000008000ff5c (0xfc843703) x14 0x0000000080012040 mem 0x0000000080031f38
core   0: 0x000000008000ff60 (0xfb843783) ld      a5, -72(s0)
core   0: 3 0x000000008000ff60 (0xfb843783) x15 0x000000000000009c mem 0x0000000080031f28
core   0: 0x000000008000ff64 (0x000097ba) c.add   a5, a4
core   0: 3 0x000000008000ff64 (0x97ba) x15 0x00000000800120dc
core   0: 0x000000008000ff66 (0xfe043703) ld      a4, -32(s0)
core   0: 3 0x000000008000ff66 (0xfe043703) x14 0x000000008001209c mem 0x0000000080031f50
core   0: 0x000000008000ff6a (0xfcf76de3) bltu    a4, a5, pc - 38
core   0: 3 0x000000008000ff6a (0xfcf76de3)
core   0: 0x000000008000ff44 (0xfe043783) ld      a5, -32(s0)
core   0: 3 0x000000008000ff44 (0xfe043783) x15 0x000000008001209c mem 0x0000000080031f50
core   0: 0x000000008000ff48 (0x00178713) addi    a4, a5, 1
core   0: 3 0x000000008000ff48 (0x00178713) x14 0x000000008001209d
core   0: 0x000000008000ff4c (0xfee43023) sd      a4, -32(s0)
core   0: 3 0x000000008000ff4c (0xfee43023) mem 0x0000000080031f50 0x000000008001209d
core   0: 0x000000008000ff50 (0xfc442703) lw      a4, -60(s0)
core   0: 3 0x000000008000ff50 (0xfc442703) x14 0x0000000000000000 mem 0x0000000080031f34
core   0: 0x000000008000ff54 (0x0ff77713) andi    a4, a4, 255
core   0: 3 0x000000008000ff54 (0x0ff77713) x14 0x0000000000000000
core   0: 0x000000008000ff58 (0x00e78023) sb      a4, 0(a5)
core   0: 3 0x000000008000ff58 (0x00e78023) mem 0x000000008001209c 0x00
core   0: 0x000000008000ff5c (0xfc843703) ld      a4, -56(s0)
core   0: 3 0x000000008000ff5c (0xfc843703) x14 0x0000000080012040 mem 0x0000000080031f38
core   0: 0x000000008000ff60 (0xfb843783) ld      a5, -72(s0)
core   0: 3 0x000000008000ff60 (0xfb843783) x15 0x000000000000009c mem 0x0000000080031f28
core   0: 0x000000008000ff64 (0x000097ba) c.add   a5, a4
core   0: 3 0x000000008000ff64 (0x97ba) x15 0x00000000800120dc
core   0: 0x000000008000ff66 (0xfe043703) ld      a4, -32(s0)
core   0: 3 0x000000008000ff66 (0xfe043703) x14 0x000000008001209d mem 0x0000000080031f50
core   0: 0x000000008000ff6a (0xfcf76de3) bltu    a4, a5, pc - 38
core   0: 3 0x000000008000ff6a (0xfcf76de3)
core   0: 0x000000008000ff44 (0xfe043783) ld      a5, -32(s0)
core   0: 3 0x000000008000ff44 (0xfe043783) x15 0x000000008001209d mem 0x0000000080031f50
core   0: 0x000000008000ff48 (0x00178713) addi    a4, a5, 1
core   0: 3 0x000000008000ff48 (0x00178713) x14 0x000000008001209e
core   0: 0x000000008000ff4c (0xfee43023) sd      a4, -32(s0)
core   0: 3 0x000000008000ff4c (0xfee43023) mem 0x0000000080031f50 0x000000008001209e
core   0: 0x000000008000ff50 (0xfc442703) lw      a4, -60(s0)
core   0: 3 0x000000008000ff50 (0xfc442703) x14 0x0000000000000000 mem 0x0000000080031f34
core   0: 0x000000008000ff54 (0x0ff77713) andi    a4, a4, 255
core   0: 3 0x000000008000ff54 (0x0ff77713) x14 0x0000000000000000
core   0: 0x000000008000ff58 (0x00e78023) sb      a4, 0(a5)
core   0: 3 0x000000008000ff58 (0x00e78023) mem 0x000000008001209d 0x00
core   0: 0x000000008000ff5c (0xfc843703) ld      a4, -56(s0)
core   0: 3 0x000000008000ff5c (0xfc843703) x14 0x0000000080012040 mem 0x0000000080031f38
core   0: 0x000000008000ff60 (0xfb843783) ld      a5, -72(s0)
core   0: 3 0x000000008000ff60 (0xfb843783) x15 0x000000000000009c mem 0x0000000080031f28
core   0: 0x000000008000ff64 (0x000097ba) c.add   a5, a4
core   0: 3 0x000000008000ff64 (0x97ba) x15 0x00000000800120dc
core   0: 0x000000008000ff66 (0xfe043703) ld      a4, -32(s0)
core   0: 3 0x000000008000ff66 (0xfe043703) x14 0x000000008001209e mem 0x0000000080031f50
core   0: 0x000000008000ff6a (0xfcf76de3) bltu    a4, a5, pc - 38
core   0: 3 0x000000008000ff6a (0xfcf76de3)
core   0: 0x000000008000ff44 (0xfe043783) ld      a5, -32(s0)
core   0: 3 0x000000008000ff44 (0xfe043783) x15 0x000000008001209e mem 0x0000000080031f50
core   0: 0x000000008000ff48 (0x00178713) addi    a4, a5, 1
core   0: 3 0x000000008000ff48 (0x00178713) x14 0x000000008001209f
core   0: 0x000000008000ff4c (0xfee43023) sd      a4, -32(s0)
core   0: 3 0x000000008000ff4c (0xfee43023) mem 0x0000000080031f50 0x000000008001209f
core   0: 0x000000008000ff50 (0xfc442703) lw      a4, -60(s0)
core   0: 3 0x000000008000ff50 (0xfc442703) x14 0x0000000000000000 mem 0x0000000080031f34
core   0: 0x000000008000ff54 (0x0ff77713) andi    a4, a4, 255
core   0: 3 0x000000008000ff54 (0x0ff77713) x14 0x0000000000000000
core   0: 0x000000008000ff58 (0x00e78023) sb      a4, 0(a5)
core   0: 3 0x000000008000ff58 (0x00e78023) mem 0x000000008001209e 0x00
core   0: 0x000000008000ff5c (0xfc843703) ld      a4, -56(s0)
core   0: 3 0x000000008000ff5c (0xfc843703) x14 0x0000000080012040 mem 0x0000000080031f38
core   0: 0x000000008000ff60 (0xfb843783) ld      a5, -72(s0)
core   0: 3 0x000000008000ff60 (0xfb843783) x15 0x000000000000009c mem 0x0000000080031f28
core   0: 0x000000008000ff64 (0x000097ba) c.add   a5, a4
core   0: 3 0x000000008000ff64 (0x97ba) x15 0x00000000800120dc
core   0: 0x000000008000ff66 (0xfe043703) ld      a4, -32(s0)
core   0: 3 0x000000008000ff66 (0xfe043703) x14 0x000000008001209f mem 0x0000000080031f50
core   0: 0x000000008000ff6a (0xfcf76de3) bltu    a4, a5, pc - 38
core   0: 3 0x000000008000ff6a (0xfcf76de3)
core   0: 0x000000008000ff44 (0xfe043783) ld      a5, -32(s0)
core   0: 3 0x000000008000ff44 (0xfe043783) x15 0x000000008001209f mem 0x0000000080031f50
core   0: 0x000000008000ff48 (0x00178713) addi    a4, a5, 1
core   0: 3 0x000000008000ff48 (0x00178713) x14 0x00000000800120a0
core   0: 0x000000008000ff4c (0xfee43023) sd      a4, -32(s0)
core   0: 3 0x000000008000ff4c (0xfee43023) mem 0x0000000080031f50 0x00000000800120a0
core   0: 0x000000008000ff50 (0xfc442703) lw      a4, -60(s0)
core   0: 3 0x000000008000ff50 (0xfc442703) x14 0x0000000000000000 mem 0x0000000080031f34
core   0: 0x000000008000ff54 (0x0ff77713) andi    a4, a4, 255
core   0: 3 0x000000008000ff54 (0x0ff77713) x14 0x0000000000000000
core   0: 0x000000008000ff58 (0x00e78023) sb      a4, 0(a5)
core   0: 3 0x000000008000ff58 (0x00e78023) mem 0x000000008001209f 0x00
core   0: 0x000000008000ff5c (0xfc843703) ld      a4, -56(s0)
core   0: 3 0x000000008000ff5c (0xfc843703) x14 0x0000000080012040 mem 0x0000000080031f38
core   0: 0x000000008000ff60 (0xfb843783) ld      a5, -72(s0)
core   0: 3 0x000000008000ff60 (0xfb843783) x15 0x000000000000009c mem 0x0000000080031f28
core   0: 0x000000008000ff64 (0x000097ba) c.add   a5, a4
core   0: 3 0x000000008000ff64 (0x97ba) x15 0x00000000800120dc
core   0: 0x000000008000ff66 (0xfe043703) ld      a4, -32(s0)
core   0: 3 0x000000008000ff66 (0xfe043703) x14 0x00000000800120a0 mem 0x0000000080031f50
core   0: 0x000000008000ff6a (0xfcf76de3) bltu    a4, a5, pc - 38
core   0: 3 0x000000008000ff6a (0xfcf76de3)
core   0: 0x000000008000ff44 (0xfe043783) ld      a5, -32(s0)
core   0: 3 0x000000008000ff44 (0xfe043783) x15 0x00000000800120a0 mem 0x0000000080031f50
core   0: 0x000000008000ff48 (0x00178713) addi    a4, a5, 1
core   0: 3 0x000000008000ff48 (0x00178713) x14 0x00000000800120a1
core   0: 0x000000008000ff4c (0xfee43023) sd      a4, -32(s0)
core   0: 3 0x000000008000ff4c (0xfee43023) mem 0x0000000080031f50 0x00000000800120a1
core   0: 0x000000008000ff50 (0xfc442703) lw      a4, -60(s0)
core   0: 3 0x000000008000ff50 (0xfc442703) x14 0x0000000000000000 mem 0x0000000080031f34
core   0: 0x000000008000ff54 (0x0ff77713) andi    a4, a4, 255
core   0: 3 0x000000008000ff54 (0x0ff77713) x14 0x0000000000000000
core   0: 0x000000008000ff58 (0x00e78023) sb      a4, 0(a5)
core   0: 3 0x000000008000ff58 (0x00e78023) mem 0x00000000800120a0 0x00
core   0: 0x000000008000ff5c (0xfc843703) ld      a4, -56(s0)
core   0: 3 0x000000008000ff5c (0xfc843703) x14 0x0000000080012040 mem 0x0000000080031f38
core   0: 0x000000008000ff60 (0xfb843783) ld      a5, -72(s0)
core   0: 3 0x000000008000ff60 (0xfb843783) x15 0x000000000000009c mem 0x0000000080031f28
core   0: 0x000000008000ff64 (0x000097ba) c.add   a5, a4
core   0: 3 0x000000008000ff64 (0x97ba) x15 0x00000000800120dc
core   0: 0x000000008000ff66 (0xfe043703) ld      a4, -32(s0)
core   0: 3 0x000000008000ff66 (0xfe043703) x14 0x00000000800120a1 mem 0x0000000080031f50
core   0: 0x000000008000ff6a (0xfcf76de3) bltu    a4, a5, pc - 38
core   0: 3 0x000000008000ff6a (0xfcf76de3)
core   0: 0x000000008000ff44 (0xfe043783) ld      a5, -32(s0)
core   0: 3 0x000000008000ff44 (0xfe043783) x15 0x00000000800120a1 mem 0x0000000080031f50
core   0: 0x000000008000ff48 (0x00178713) addi    a4, a5, 1
core   0: 3 0x000000008000ff48 (0x00178713) x14 0x00000000800120a2
core   0: 0x000000008000ff4c (0xfee43023) sd      a4, -32(s0)
core   0: 3 0x000000008000ff4c (0xfee43023) mem 0x0000000080031f50 0x00000000800120a2
core   0: 0x000000008000ff50 (0xfc442703) lw      a4, -60(s0)
core   0: 3 0x000000008000ff50 (0xfc442703) x14 0x0000000000000000 mem 0x0000000080031f34
core   0: 0x000000008000ff54 (0x0ff77713) andi    a4, a4, 255
core   0: 3 0x000000008000ff54 (0x0ff77713) x14 0x0000000000000000
core   0: 0x000000008000ff58 (0x00e78023) sb      a4, 0(a5)
core   0: 3 0x000000008000ff58 (0x00e78023) mem 0x00000000800120a1 0x00
core   0: 0x000000008000ff5c (0xfc843703) ld      a4, -56(s0)
core   0: 3 0x000000008000ff5c (0xfc843703) x14 0x0000000080012040 mem 0x0000000080031f38
core   0: 0x000000008000ff60 (0xfb843783) ld      a5, -72(s0)
core   0: 3 0x000000008000ff60 (0xfb843783) x15 0x000000000000009c mem 0x0000000080031f28
core   0: 0x000000008000ff64 (0x000097ba) c.add   a5, a4
core   0: 3 0x000000008000ff64 (0x97ba) x15 0x00000000800120dc
core   0: 0x000000008000ff66 (0xfe043703) ld      a4, -32(s0)
core   0: 3 0x000000008000ff66 (0xfe043703) x14 0x00000000800120a2 mem 0x0000000080031f50
core   0: 0x000000008000ff6a (0xfcf76de3) bltu    a4, a5, pc - 38
core   0: 3 0x000000008000ff6a (0xfcf76de3)
core   0: 0x000000008000ff44 (0xfe043783) ld      a5, -32(s0)
core   0: 3 0x000000008000ff44 (0xfe043783) x15 0x00000000800120a2 mem 0x0000000080031f50
core   0: 0x000000008000ff48 (0x00178713) addi    a4, a5, 1
core   0: 3 0x000000008000ff48 (0x00178713) x14 0x00000000800120a3
core   0: 0x000000008000ff4c (0xfee43023) sd      a4, -32(s0)
core   0: 3 0x000000008000ff4c (0xfee43023) mem 0x0000000080031f50 0x00000000800120a3
core   0: 0x000000008000ff50 (0xfc442703) lw      a4, -60(s0)
core   0: 3 0x000000008000ff50 (0xfc442703) x14 0x0000000000000000 mem 0x0000000080031f34
core   0: 0x000000008000ff54 (0x0ff77713) andi    a4, a4, 255
core   0: 3 0x000000008000ff54 (0x0ff77713) x14 0x0000000000000000
core   0: 0x000000008000ff58 (0x00e78023) sb      a4, 0(a5)
core   0: 3 0x000000008000ff58 (0x00e78023) mem 0x00000000800120a2 0x00
core   0: 0x000000008000ff5c (0xfc843703) ld      a4, -56(s0)
core   0: 3 0x000000008000ff5c (0xfc843703) x14 0x0000000080012040 mem 0x0000000080031f38
core   0: 0x000000008000ff60 (0xfb843783) ld      a5, -72(s0)
core   0: 3 0x000000008000ff60 (0xfb843783) x15 0x000000000000009c mem 0x0000000080031f28
core   0: 0x000000008000ff64 (0x000097ba) c.add   a5, a4
core   0: 3 0x000000008000ff64 (0x97ba) x15 0x00000000800120dc
core   0: 0x000000008000ff66 (0xfe043703) ld      a4, -32(s0)
core   0: 3 0x000000008000ff66 (0xfe043703) x14 0x00000000800120a3 mem 0x0000000080031f50
core   0: 0x000000008000ff6a (0xfcf76de3) bltu    a4, a5, pc - 38
core   0: 3 0x000000008000ff6a (0xfcf76de3)
core   0: 0x000000008000ff44 (0xfe043783) ld      a5, -32(s0)
core   0: 3 0x000000008000ff44 (0xfe043783) x15 0x00000000800120a3 mem 0x0000000080031f50
core   0: 0x000000008000ff48 (0x00178713) addi    a4, a5, 1
core   0: 3 0x000000008000ff48 (0x00178713) x14 0x00000000800120a4
core   0: 0x000000008000ff4c (0xfee43023) sd      a4, -32(s0)
core   0: 3 0x000000008000ff4c (0xfee43023) mem 0x0000000080031f50 0x00000000800120a4
core   0: 0x000000008000ff50 (0xfc442703) lw      a4, -60(s0)
core   0: 3 0x000000008000ff50 (0xfc442703) x14 0x0000000000000000 mem 0x0000000080031f34
core   0: 0x000000008000ff54 (0x0ff77713) andi    a4, a4, 255
core   0: 3 0x000000008000ff54 (0x0ff77713) x14 0x0000000000000000
core   0: 0x000000008000ff58 (0x00e78023) sb      a4, 0(a5)
core   0: 3 0x000000008000ff58 (0x00e78023) mem 0x00000000800120a3 0x00
core   0: 0x000000008000ff5c (0xfc843703) ld      a4, -56(s0)
core   0: 3 0x000000008000ff5c (0xfc843703) x14 0x0000000080012040 mem 0x0000000080031f38
core   0: 0x000000008000ff60 (0xfb843783) ld      a5, -72(s0)
core   0: 3 0x000000008000ff60 (0xfb843783) x15 0x000000000000009c mem 0x0000000080031f28
core   0: 0x000000008000ff64 (0x000097ba) c.add   a5, a4
core   0: 3 0x000000008000ff64 (0x97ba) x15 0x00000000800120dc
core   0: 0x000000008000ff66 (0xfe043703) ld      a4, -32(s0)
core   0: 3 0x000000008000ff66 (0xfe043703) x14 0x00000000800120a4 mem 0x0000000080031f50
core   0: 0x000000008000ff6a (0xfcf76de3) bltu    a4, a5, pc - 38
core   0: 3 0x000000008000ff6a (0xfcf76de3)
core   0: 0x000000008000ff44 (0xfe043783) ld      a5, -32(s0)
core   0: 3 0x000000008000ff44 (0xfe043783) x15 0x00000000800120a4 mem 0x0000000080031f50
core   0: 0x000000008000ff48 (0x00178713) addi    a4, a5, 1
core   0: 3 0x000000008000ff48 (0x00178713) x14 0x00000000800120a5
core   0: 0x000000008000ff4c (0xfee43023) sd      a4, -32(s0)
core   0: 3 0x000000008000ff4c (0xfee43023) mem 0x0000000080031f50 0x00000000800120a5
core   0: 0x000000008000ff50 (0xfc442703) lw      a4, -60(s0)
core   0: 3 0x000000008000ff50 (0xfc442703) x14 0x0000000000000000 mem 0x0000000080031f34
core   0: 0x000000008000ff54 (0x0ff77713) andi    a4, a4, 255
core   0: 3 0x000000008000ff54 (0x0ff77713) x14 0x0000000000000000
core   0: 0x000000008000ff58 (0x00e78023) sb      a4, 0(a5)
core   0: 3 0x000000008000ff58 (0x00e78023) mem 0x00000000800120a4 0x00
core   0: 0x000000008000ff5c (0xfc843703) ld      a4, -56(s0)
core   0: 3 0x000000008000ff5c (0xfc843703) x14 0x0000000080012040 mem 0x0000000080031f38
core   0: 0x000000008000ff60 (0xfb843783) ld      a5, -72(s0)
core   0: 3 0x000000008000ff60 (0xfb843783) x15 0x000000000000009c mem 0x0000000080031f28
core   0: 0x000000008000ff64 (0x000097ba) c.add   a5, a4
core   0: 3 0x000000008000ff64 (0x97ba) x15 0x00000000800120dc
core   0: 0x000000008000ff66 (0xfe043703) ld      a4, -32(s0)
core   0: 3 0x000000008000ff66 (0xfe043703) x14 0x00000000800120a5 mem 0x0000000080031f50
core   0: 0x000000008000ff6a (0xfcf76de3) bltu    a4, a5, pc - 38
core   0: 3 0x000000008000ff6a (0xfcf76de3)
core   0: 0x000000008000ff44 (0xfe043783) ld      a5, -32(s0)
core   0: 3 0x000000008000ff44 (0xfe043783) x15 0x00000000800120a5 mem 0x0000000080031f50
core   0: 0x000000008000ff48 (0x00178713) addi    a4, a5, 1
core   0: 3 0x000000008000ff48 (0x00178713) x14 0x00000000800120a6
core   0: 0x000000008000ff4c (0xfee43023) sd      a4, -32(s0)
core   0: 3 0x000000008000ff4c (0xfee43023) mem 0x0000000080031f50 0x00000000800120a6
core   0: 0x000000008000ff50 (0xfc442703) lw      a4, -60(s0)
core   0: 3 0x000000008000ff50 (0xfc442703) x14 0x0000000000000000 mem 0x0000000080031f34
core   0: 0x000000008000ff54 (0x0ff77713) andi    a4, a4, 255
core   0: 3 0x000000008000ff54 (0x0ff77713) x14 0x0000000000000000
core   0: 0x000000008000ff58 (0x00e78023) sb      a4, 0(a5)
core   0: 3 0x000000008000ff58 (0x00e78023) mem 0x00000000800120a5 0x00
core   0: 0x000000008000ff5c (0xfc843703) ld      a4, -56(s0)
core   0: 3 0x000000008000ff5c (0xfc843703) x14 0x0000000080012040 mem 0x0000000080031f38
core   0: 0x000000008000ff60 (0xfb843783) ld      a5, -72(s0)
core   0: 3 0x000000008000ff60 (0xfb843783) x15 0x000000000000009c mem 0x0000000080031f28
core   0: 0x000000008000ff64 (0x000097ba) c.add   a5, a4
core   0: 3 0x000000008000ff64 (0x97ba) x15 0x00000000800120dc
core   0: 0x000000008000ff66 (0xfe043703) ld      a4, -32(s0)
core   0: 3 0x000000008000ff66 (0xfe043703) x14 0x00000000800120a6 mem 0x0000000080031f50
core   0: 0x000000008000ff6a (0xfcf76de3) bltu    a4, a5, pc - 38
core   0: 3 0x000000008000ff6a (0xfcf76de3)
core   0: 0x000000008000ff44 (0xfe043783) ld      a5, -32(s0)
core   0: 3 0x000000008000ff44 (0xfe043783) x15 0x00000000800120a6 mem 0x0000000080031f50
core   0: 0x000000008000ff48 (0x00178713) addi    a4, a5, 1
core   0: 3 0x000000008000ff48 (0x00178713) x14 0x00000000800120a7
core   0: 0x000000008000ff4c (0xfee43023) sd      a4, -32(s0)
core   0: 3 0x000000008000ff4c (0xfee43023) mem 0x0000000080031f50 0x00000000800120a7
core   0: 0x000000008000ff50 (0xfc442703) lw      a4, -60(s0)
core   0: 3 0x000000008000ff50 (0xfc442703) x14 0x0000000000000000 mem 0x0000000080031f34
core   0: 0x000000008000ff54 (0x0ff77713) andi    a4, a4, 255
core   0: 3 0x000000008000ff54 (0x0ff77713) x14 0x0000000000000000
core   0: 0x000000008000ff58 (0x00e78023) sb      a4, 0(a5)
core   0: 3 0x000000008000ff58 (0x00e78023) mem 0x00000000800120a6 0x00
core   0: 0x000000008000ff5c (0xfc843703) ld      a4, -56(s0)
core   0: 3 0x000000008000ff5c (0xfc843703) x14 0x0000000080012040 mem 0x0000000080031f38
core   0: 0x000000008000ff60 (0xfb843783) ld      a5, -72(s0)
core   0: 3 0x000000008000ff60 (0xfb843783) x15 0x000000000000009c mem 0x0000000080031f28
core   0: 0x000000008000ff64 (0x000097ba) c.add   a5, a4
core   0: 3 0x000000008000ff64 (0x97ba) x15 0x00000000800120dc
core   0: 0x000000008000ff66 (0xfe043703) ld      a4, -32(s0)
core   0: 3 0x000000008000ff66 (0xfe043703) x14 0x00000000800120a7 mem 0x0000000080031f50
core   0: 0x000000008000ff6a (0xfcf76de3) bltu    a4, a5, pc - 38
core   0: 3 0x000000008000ff6a (0xfcf76de3)
core   0: 0x000000008000ff44 (0xfe043783) ld      a5, -32(s0)
core   0: 3 0x000000008000ff44 (0xfe043783) x15 0x00000000800120a7 mem 0x0000000080031f50
core   0: 0x000000008000ff48 (0x00178713) addi    a4, a5, 1
core   0: 3 0x000000008000ff48 (0x00178713) x14 0x00000000800120a8
core   0: 0x000000008000ff4c (0xfee43023) sd      a4, -32(s0)
core   0: 3 0x000000008000ff4c (0xfee43023) mem 0x0000000080031f50 0x00000000800120a8
core   0: 0x000000008000ff50 (0xfc442703) lw      a4, -60(s0)
core   0: 3 0x000000008000ff50 (0xfc442703) x14 0x0000000000000000 mem 0x0000000080031f34
core   0: 0x000000008000ff54 (0x0ff77713) andi    a4, a4, 255
core   0: 3 0x000000008000ff54 (0x0ff77713) x14 0x0000000000000000
core   0: 0x000000008000ff58 (0x00e78023) sb      a4, 0(a5)
core   0: 3 0x000000008000ff58 (0x00e78023) mem 0x00000000800120a7 0x00
core   0: 0x000000008000ff5c (0xfc843703) ld      a4, -56(s0)
core   0: 3 0x000000008000ff5c (0xfc843703) x14 0x0000000080012040 mem 0x0000000080031f38
core   0: 0x000000008000ff60 (0xfb843783) ld      a5, -72(s0)
core   0: 3 0x000000008000ff60 (0xfb843783) x15 0x000000000000009c mem 0x0000000080031f28
core   0: 0x000000008000ff64 (0x000097ba) c.add   a5, a4
core   0: 3 0x000000008000ff64 (0x97ba) x15 0x00000000800120dc
core   0: 0x000000008000ff66 (0xfe043703) ld      a4, -32(s0)
core   0: 3 0x000000008000ff66 (0xfe043703) x14 0x00000000800120a8 mem 0x0000000080031f50
core   0: 0x000000008000ff6a (0xfcf76de3) bltu    a4, a5, pc - 38
core   0: 3 0x000000008000ff6a (0xfcf76de3)
core   0: 0x000000008000ff44 (0xfe043783) ld      a5, -32(s0)
core   0: 3 0x000000008000ff44 (0xfe043783) x15 0x00000000800120a8 mem 0x0000000080031f50
core   0: 0x000000008000ff48 (0x00178713) addi    a4, a5, 1
core   0: 3 0x000000008000ff48 (0x00178713) x14 0x00000000800120a9
core   0: 0x000000008000ff4c (0xfee43023) sd      a4, -32(s0)
core   0: 3 0x000000008000ff4c (0xfee43023) mem 0x0000000080031f50 0x00000000800120a9
core   0: 0x000000008000ff50 (0xfc442703) lw      a4, -60(s0)
core   0: 3 0x000000008000ff50 (0xfc442703) x14 0x0000000000000000 mem 0x0000000080031f34
core   0: 0x000000008000ff54 (0x0ff77713) andi    a4, a4, 255
core   0: 3 0x000000008000ff54 (0x0ff77713) x14 0x0000000000000000
core   0: 0x000000008000ff58 (0x00e78023) sb      a4, 0(a5)
core   0: 3 0x000000008000ff58 (0x00e78023) mem 0x00000000800120a8 0x00
core   0: 0x000000008000ff5c (0xfc843703) ld      a4, -56(s0)
core   0: 3 0x000000008000ff5c (0xfc843703) x14 0x0000000080012040 mem 0x0000000080031f38
core   0: 0x000000008000ff60 (0xfb843783) ld      a5, -72(s0)
core   0: 3 0x000000008000ff60 (0xfb843783) x15 0x000000000000009c mem 0x0000000080031f28
core   0: 0x000000008000ff64 (0x000097ba) c.add   a5, a4
core   0: 3 0x000000008000ff64 (0x97ba) x15 0x00000000800120dc
core   0: 0x000000008000ff66 (0xfe043703) ld      a4, -32(s0)
core   0: 3 0x000000008000ff66 (0xfe043703) x14 0x00000000800120a9 mem 0x0000000080031f50
core   0: 0x000000008000ff6a (0xfcf76de3) bltu    a4, a5, pc - 38
core   0: 3 0x000000008000ff6a (0xfcf76de3)
core   0: 0x000000008000ff44 (0xfe043783) ld      a5, -32(s0)
core   0: 3 0x000000008000ff44 (0xfe043783) x15 0x00000000800120a9 mem 0x0000000080031f50
core   0: 0x000000008000ff48 (0x00178713) addi    a4, a5, 1
core   0: 3 0x000000008000ff48 (0x00178713) x14 0x00000000800120aa
core   0: 0x000000008000ff4c (0xfee43023) sd      a4, -32(s0)
core   0: 3 0x000000008000ff4c (0xfee43023) mem 0x0000000080031f50 0x00000000800120aa
core   0: 0x000000008000ff50 (0xfc442703) lw      a4, -60(s0)
core   0: 3 0x000000008000ff50 (0xfc442703) x14 0x0000000000000000 mem 0x0000000080031f34
core   0: 0x000000008000ff54 (0x0ff77713) andi    a4, a4, 255
core   0: 3 0x000000008000ff54 (0x0ff77713) x14 0x0000000000000000
core   0: 0x000000008000ff58 (0x00e78023) sb      a4, 0(a5)
core   0: 3 0x000000008000ff58 (0x00e78023) mem 0x00000000800120a9 0x00
core   0: 0x000000008000ff5c (0xfc843703) ld      a4, -56(s0)
core   0: 3 0x000000008000ff5c (0xfc843703) x14 0x0000000080012040 mem 0x0000000080031f38
core   0: 0x000000008000ff60 (0xfb843783) ld      a5, -72(s0)
core   0: 3 0x000000008000ff60 (0xfb843783) x15 0x000000000000009c mem 0x0000000080031f28
core   0: 0x000000008000ff64 (0x000097ba) c.add   a5, a4
core   0: 3 0x000000008000ff64 (0x97ba) x15 0x00000000800120dc
core   0: 0x000000008000ff66 (0xfe043703) ld      a4, -32(s0)
core   0: 3 0x000000008000ff66 (0xfe043703) x14 0x00000000800120aa mem 0x0000000080031f50
core   0: 0x000000008000ff6a (0xfcf76de3) bltu    a4, a5, pc - 38
core   0: 3 0x000000008000ff6a (0xfcf76de3)
core   0: 0x000000008000ff44 (0xfe043783) ld      a5, -32(s0)
core   0: 3 0x000000008000ff44 (0xfe043783) x15 0x00000000800120aa mem 0x0000000080031f50
core   0: 0x000000008000ff48 (0x00178713) addi    a4, a5, 1
core   0: 3 0x000000008000ff48 (0x00178713) x14 0x00000000800120ab
core   0: 0x000000008000ff4c (0xfee43023) sd      a4, -32(s0)
core   0: 3 0x000000008000ff4c (0xfee43023) mem 0x0000000080031f50 0x00000000800120ab
core   0: 0x000000008000ff50 (0xfc442703) lw      a4, -60(s0)
core   0: 3 0x000000008000ff50 (0xfc442703) x14 0x0000000000000000 mem 0x0000000080031f34
core   0: 0x000000008000ff54 (0x0ff77713) andi    a4, a4, 255
core   0: 3 0x000000008000ff54 (0x0ff77713) x14 0x0000000000000000
core   0: 0x000000008000ff58 (0x00e78023) sb      a4, 0(a5)
core   0: 3 0x000000008000ff58 (0x00e78023) mem 0x00000000800120aa 0x00
core   0: 0x000000008000ff5c (0xfc843703) ld      a4, -56(s0)
core   0: 3 0x000000008000ff5c (0xfc843703) x14 0x0000000080012040 mem 0x0000000080031f38
core   0: 0x000000008000ff60 (0xfb843783) ld      a5, -72(s0)
core   0: 3 0x000000008000ff60 (0xfb843783) x15 0x000000000000009c mem 0x0000000080031f28
core   0: 0x000000008000ff64 (0x000097ba) c.add   a5, a4
core   0: 3 0x000000008000ff64 (0x97ba) x15 0x00000000800120dc
core   0: 0x000000008000ff66 (0xfe043703) ld      a4, -32(s0)
core   0: 3 0x000000008000ff66 (0xfe043703) x14 0x00000000800120ab mem 0x0000000080031f50
core   0: 0x000000008000ff6a (0xfcf76de3) bltu    a4, a5, pc - 38
core   0: 3 0x000000008000ff6a (0xfcf76de3)
core   0: 0x000000008000ff44 (0xfe043783) ld      a5, -32(s0)
core   0: 3 0x000000008000ff44 (0xfe043783) x15 0x00000000800120ab mem 0x0000000080031f50
core   0: 0x000000008000ff48 (0x00178713) addi    a4, a5, 1
core   0: 3 0x000000008000ff48 (0x00178713) x14 0x00000000800120ac
core   0: 0x000000008000ff4c (0xfee43023) sd      a4, -32(s0)
core   0: 3 0x000000008000ff4c (0xfee43023) mem 0x0000000080031f50 0x00000000800120ac
core   0: 0x000000008000ff50 (0xfc442703) lw      a4, -60(s0)
core   0: 3 0x000000008000ff50 (0xfc442703) x14 0x0000000000000000 mem 0x0000000080031f34
core   0: 0x000000008000ff54 (0x0ff77713) andi    a4, a4, 255
core   0: 3 0x000000008000ff54 (0x0ff77713) x14 0x0000000000000000
core   0: 0x000000008000ff58 (0x00e78023) sb      a4, 0(a5)
core   0: 3 0x000000008000ff58 (0x00e78023) mem 0x00000000800120ab 0x00
core   0: 0x000000008000ff5c (0xfc843703) ld      a4, -56(s0)
core   0: 3 0x000000008000ff5c (0xfc843703) x14 0x0000000080012040 mem 0x0000000080031f38
core   0: 0x000000008000ff60 (0xfb843783) ld      a5, -72(s0)
core   0: 3 0x000000008000ff60 (0xfb843783) x15 0x000000000000009c mem 0x0000000080031f28
core   0: 0x000000008000ff64 (0x000097ba) c.add   a5, a4
core   0: 3 0x000000008000ff64 (0x97ba) x15 0x00000000800120dc
core   0: 0x000000008000ff66 (0xfe043703) ld      a4, -32(s0)
core   0: 3 0x000000008000ff66 (0xfe043703) x14 0x00000000800120ac mem 0x0000000080031f50
core   0: 0x000000008000ff6a (0xfcf76de3) bltu    a4, a5, pc - 38
core   0: 3 0x000000008000ff6a (0xfcf76de3)
core   0: 0x000000008000ff44 (0xfe043783) ld      a5, -32(s0)
core   0: 3 0x000000008000ff44 (0xfe043783) x15 0x00000000800120ac mem 0x0000000080031f50
core   0: 0x000000008000ff48 (0x00178713) addi    a4, a5, 1
core   0: 3 0x000000008000ff48 (0x00178713) x14 0x00000000800120ad
core   0: 0x000000008000ff4c (0xfee43023) sd      a4, -32(s0)
core   0: 3 0x000000008000ff4c (0xfee43023) mem 0x0000000080031f50 0x00000000800120ad
core   0: 0x000000008000ff50 (0xfc442703) lw      a4, -60(s0)
core   0: 3 0x000000008000ff50 (0xfc442703) x14 0x0000000000000000 mem 0x0000000080031f34
core   0: 0x000000008000ff54 (0x0ff77713) andi    a4, a4, 255
core   0: 3 0x000000008000ff54 (0x0ff77713) x14 0x0000000000000000
core   0: 0x000000008000ff58 (0x00e78023) sb      a4, 0(a5)
core   0: 3 0x000000008000ff58 (0x00e78023) mem 0x00000000800120ac 0x00
core   0: 0x000000008000ff5c (0xfc843703) ld      a4, -56(s0)
core   0: 3 0x000000008000ff5c (0xfc843703) x14 0x0000000080012040 mem 0x0000000080031f38
core   0: 0x000000008000ff60 (0xfb843783) ld      a5, -72(s0)
core   0: 3 0x000000008000ff60 (0xfb843783) x15 0x000000000000009c mem 0x0000000080031f28
core   0: 0x000000008000ff64 (0x000097ba) c.add   a5, a4
core   0: 3 0x000000008000ff64 (0x97ba) x15 0x00000000800120dc
core   0: 0x000000008000ff66 (0xfe043703) ld      a4, -32(s0)
core   0: 3 0x000000008000ff66 (0xfe043703) x14 0x00000000800120ad mem 0x0000000080031f50
core   0: 0x000000008000ff6a (0xfcf76de3) bltu    a4, a5, pc - 38
core   0: 3 0x000000008000ff6a (0xfcf76de3)
core   0: 0x000000008000ff44 (0xfe043783) ld      a5, -32(s0)
core   0: 3 0x000000008000ff44 (0xfe043783) x15 0x00000000800120ad mem 0x0000000080031f50
core   0: 0x000000008000ff48 (0x00178713) addi    a4, a5, 1
core   0: 3 0x000000008000ff48 (0x00178713) x14 0x00000000800120ae
core   0: 0x000000008000ff4c (0xfee43023) sd      a4, -32(s0)
core   0: 3 0x000000008000ff4c (0xfee43023) mem 0x0000000080031f50 0x00000000800120ae
core   0: 0x000000008000ff50 (0xfc442703) lw      a4, -60(s0)
core   0: 3 0x000000008000ff50 (0xfc442703) x14 0x0000000000000000 mem 0x0000000080031f34
core   0: 0x000000008000ff54 (0x0ff77713) andi    a4, a4, 255
core   0: 3 0x000000008000ff54 (0x0ff77713) x14 0x0000000000000000
core   0: 0x000000008000ff58 (0x00e78023) sb      a4, 0(a5)
core   0: 3 0x000000008000ff58 (0x00e78023) mem 0x00000000800120ad 0x00
core   0: 0x000000008000ff5c (0xfc843703) ld      a4, -56(s0)
core   0: 3 0x000000008000ff5c (0xfc843703) x14 0x0000000080012040 mem 0x0000000080031f38
core   0: 0x000000008000ff60 (0xfb843783) ld      a5, -72(s0)
core   0: 3 0x000000008000ff60 (0xfb843783) x15 0x000000000000009c mem 0x0000000080031f28
core   0: 0x000000008000ff64 (0x000097ba) c.add   a5, a4
core   0: 3 0x000000008000ff64 (0x97ba) x15 0x00000000800120dc
core   0: 0x000000008000ff66 (0xfe043703) ld      a4, -32(s0)
core   0: 3 0x000000008000ff66 (0xfe043703) x14 0x00000000800120ae mem 0x0000000080031f50
core   0: 0x000000008000ff6a (0xfcf76de3) bltu    a4, a5, pc - 38
core   0: 3 0x000000008000ff6a (0xfcf76de3)
core   0: 0x000000008000ff44 (0xfe043783) ld      a5, -32(s0)
core   0: 3 0x000000008000ff44 (0xfe043783) x15 0x00000000800120ae mem 0x0000000080031f50
core   0: 0x000000008000ff48 (0x00178713) addi    a4, a5, 1
core   0: 3 0x000000008000ff48 (0x00178713) x14 0x00000000800120af
core   0: 0x000000008000ff4c (0xfee43023) sd      a4, -32(s0)
core   0: 3 0x000000008000ff4c (0xfee43023) mem 0x0000000080031f50 0x00000000800120af
core   0: 0x000000008000ff50 (0xfc442703) lw      a4, -60(s0)
core   0: 3 0x000000008000ff50 (0xfc442703) x14 0x0000000000000000 mem 0x0000000080031f34
core   0: 0x000000008000ff54 (0x0ff77713) andi    a4, a4, 255
core   0: 3 0x000000008000ff54 (0x0ff77713) x14 0x0000000000000000
core   0: 0x000000008000ff58 (0x00e78023) sb      a4, 0(a5)
core   0: 3 0x000000008000ff58 (0x00e78023) mem 0x00000000800120ae 0x00
core   0: 0x000000008000ff5c (0xfc843703) ld      a4, -56(s0)
core   0: 3 0x000000008000ff5c (0xfc843703) x14 0x0000000080012040 mem 0x0000000080031f38
core   0: 0x000000008000ff60 (0xfb843783) ld      a5, -72(s0)
core   0: 3 0x000000008000ff60 (0xfb843783) x15 0x000000000000009c mem 0x0000000080031f28
core   0: 0x000000008000ff64 (0x000097ba) c.add   a5, a4
core   0: 3 0x000000008000ff64 (0x97ba) x15 0x00000000800120dc
core   0: 0x000000008000ff66 (0xfe043703) ld      a4, -32(s0)
core   0: 3 0x000000008000ff66 (0xfe043703) x14 0x00000000800120af mem 0x0000000080031f50
core   0: 0x000000008000ff6a (0xfcf76de3) bltu    a4, a5, pc - 38
core   0: 3 0x000000008000ff6a (0xfcf76de3)
core   0: 0x000000008000ff44 (0xfe043783) ld      a5, -32(s0)
core   0: 3 0x000000008000ff44 (0xfe043783) x15 0x00000000800120af mem 0x0000000080031f50
core   0: 0x000000008000ff48 (0x00178713) addi    a4, a5, 1
core   0: 3 0x000000008000ff48 (0x00178713) x14 0x00000000800120b0
core   0: 0x000000008000ff4c (0xfee43023) sd      a4, -32(s0)
core   0: 3 0x000000008000ff4c (0xfee43023) mem 0x0000000080031f50 0x00000000800120b0
core   0: 0x000000008000ff50 (0xfc442703) lw      a4, -60(s0)
core   0: 3 0x000000008000ff50 (0xfc442703) x14 0x0000000000000000 mem 0x0000000080031f34
core   0: 0x000000008000ff54 (0x0ff77713) andi    a4, a4, 255
core   0: 3 0x000000008000ff54 (0x0ff77713) x14 0x0000000000000000
core   0: 0x000000008000ff58 (0x00e78023) sb      a4, 0(a5)
core   0: 3 0x000000008000ff58 (0x00e78023) mem 0x00000000800120af 0x00
core   0: 0x000000008000ff5c (0xfc843703) ld      a4, -56(s0)
core   0: 3 0x000000008000ff5c (0xfc843703) x14 0x0000000080012040 mem 0x0000000080031f38
core   0: 0x000000008000ff60 (0xfb843783) ld      a5, -72(s0)
core   0: 3 0x000000008000ff60 (0xfb843783) x15 0x000000000000009c mem 0x0000000080031f28
core   0: 0x000000008000ff64 (0x000097ba) c.add   a5, a4
core   0: 3 0x000000008000ff64 (0x97ba) x15 0x00000000800120dc
core   0: 0x000000008000ff66 (0xfe043703) ld      a4, -32(s0)
core   0: 3 0x000000008000ff66 (0xfe043703) x14 0x00000000800120b0 mem 0x0000000080031f50
core   0: 0x000000008000ff6a (0xfcf76de3) bltu    a4, a5, pc - 38
core   0: 3 0x000000008000ff6a (0xfcf76de3)
core   0: 0x000000008000ff44 (0xfe043783) ld      a5, -32(s0)
core   0: 3 0x000000008000ff44 (0xfe043783) x15 0x00000000800120b0 mem 0x0000000080031f50
core   0: 0x000000008000ff48 (0x00178713) addi    a4, a5, 1
core   0: 3 0x000000008000ff48 (0x00178713) x14 0x00000000800120b1
core   0: 0x000000008000ff4c (0xfee43023) sd      a4, -32(s0)
core   0: 3 0x000000008000ff4c (0xfee43023) mem 0x0000000080031f50 0x00000000800120b1
core   0: 0x000000008000ff50 (0xfc442703) lw      a4, -60(s0)
core   0: 3 0x000000008000ff50 (0xfc442703) x14 0x0000000000000000 mem 0x0000000080031f34
core   0: 0x000000008000ff54 (0x0ff77713) andi    a4, a4, 255
core   0: 3 0x000000008000ff54 (0x0ff77713) x14 0x0000000000000000
core   0: 0x000000008000ff58 (0x00e78023) sb      a4, 0(a5)
core   0: 3 0x000000008000ff58 (0x00e78023) mem 0x00000000800120b0 0x00
core   0: 0x000000008000ff5c (0xfc843703) ld      a4, -56(s0)
core   0: 3 0x000000008000ff5c (0xfc843703) x14 0x0000000080012040 mem 0x0000000080031f38
core   0: 0x000000008000ff60 (0xfb843783) ld      a5, -72(s0)
core   0: 3 0x000000008000ff60 (0xfb843783) x15 0x000000000000009c mem 0x0000000080031f28
core   0: 0x000000008000ff64 (0x000097ba) c.add   a5, a4
core   0: 3 0x000000008000ff64 (0x97ba) x15 0x00000000800120dc
core   0: 0x000000008000ff66 (0xfe043703) ld      a4, -32(s0)
core   0: 3 0x000000008000ff66 (0xfe043703) x14 0x00000000800120b1 mem 0x0000000080031f50
core   0: 0x000000008000ff6a (0xfcf76de3) bltu    a4, a5, pc - 38
core   0: 3 0x000000008000ff6a (0xfcf76de3)
core   0: 0x000000008000ff44 (0xfe043783) ld      a5, -32(s0)
core   0: 3 0x000000008000ff44 (0xfe043783) x15 0x00000000800120b1 mem 0x0000000080031f50
core   0: 0x000000008000ff48 (0x00178713) addi    a4, a5, 1
core   0: 3 0x000000008000ff48 (0x00178713) x14 0x00000000800120b2
core   0: 0x000000008000ff4c (0xfee43023) sd      a4, -32(s0)
core   0: 3 0x000000008000ff4c (0xfee43023) mem 0x0000000080031f50 0x00000000800120b2
core   0: 0x000000008000ff50 (0xfc442703) lw      a4, -60(s0)
core   0: 3 0x000000008000ff50 (0xfc442703) x14 0x0000000000000000 mem 0x0000000080031f34
core   0: 0x000000008000ff54 (0x0ff77713) andi    a4, a4, 255
core   0: 3 0x000000008000ff54 (0x0ff77713) x14 0x0000000000000000
core   0: 0x000000008000ff58 (0x00e78023) sb      a4, 0(a5)
core   0: 3 0x000000008000ff58 (0x00e78023) mem 0x00000000800120b1 0x00
core   0: 0x000000008000ff5c (0xfc843703) ld      a4, -56(s0)
core   0: 3 0x000000008000ff5c (0xfc843703) x14 0x0000000080012040 mem 0x0000000080031f38
core   0: 0x000000008000ff60 (0xfb843783) ld      a5, -72(s0)
core   0: 3 0x000000008000ff60 (0xfb843783) x15 0x000000000000009c mem 0x0000000080031f28
core   0: 0x000000008000ff64 (0x000097ba) c.add   a5, a4
core   0: 3 0x000000008000ff64 (0x97ba) x15 0x00000000800120dc
core   0: 0x000000008000ff66 (0xfe043703) ld      a4, -32(s0)
core   0: 3 0x000000008000ff66 (0xfe043703) x14 0x00000000800120b2 mem 0x0000000080031f50
core   0: 0x000000008000ff6a (0xfcf76de3) bltu    a4, a5, pc - 38
core   0: 3 0x000000008000ff6a (0xfcf76de3)
core   0: 0x000000008000ff44 (0xfe043783) ld      a5, -32(s0)
core   0: 3 0x000000008000ff44 (0xfe043783) x15 0x00000000800120b2 mem 0x0000000080031f50
core   0: 0x000000008000ff48 (0x00178713) addi    a4, a5, 1
core   0: 3 0x000000008000ff48 (0x00178713) x14 0x00000000800120b3
core   0: 0x000000008000ff4c (0xfee43023) sd      a4, -32(s0)
core   0: 3 0x000000008000ff4c (0xfee43023) mem 0x0000000080031f50 0x00000000800120b3
core   0: 0x000000008000ff50 (0xfc442703) lw      a4, -60(s0)
core   0: 3 0x000000008000ff50 (0xfc442703) x14 0x0000000000000000 mem 0x0000000080031f34
core   0: 0x000000008000ff54 (0x0ff77713) andi    a4, a4, 255
core   0: 3 0x000000008000ff54 (0x0ff77713) x14 0x0000000000000000
core   0: 0x000000008000ff58 (0x00e78023) sb      a4, 0(a5)
core   0: 3 0x000000008000ff58 (0x00e78023) mem 0x00000000800120b2 0x00
core   0: 0x000000008000ff5c (0xfc843703) ld      a4, -56(s0)
core   0: 3 0x000000008000ff5c (0xfc843703) x14 0x0000000080012040 mem 0x0000000080031f38
core   0: 0x000000008000ff60 (0xfb843783) ld      a5, -72(s0)
core   0: 3 0x000000008000ff60 (0xfb843783) x15 0x000000000000009c mem 0x0000000080031f28
core   0: 0x000000008000ff64 (0x000097ba) c.add   a5, a4
core   0: 3 0x000000008000ff64 (0x97ba) x15 0x00000000800120dc
core   0: 0x000000008000ff66 (0xfe043703) ld      a4, -32(s0)
core   0: 3 0x000000008000ff66 (0xfe043703) x14 0x00000000800120b3 mem 0x0000000080031f50
core   0: 0x000000008000ff6a (0xfcf76de3) bltu    a4, a5, pc - 38
core   0: 3 0x000000008000ff6a (0xfcf76de3)
core   0: 0x000000008000ff44 (0xfe043783) ld      a5, -32(s0)
core   0: 3 0x000000008000ff44 (0xfe043783) x15 0x00000000800120b3 mem 0x0000000080031f50
core   0: 0x000000008000ff48 (0x00178713) addi    a4, a5, 1
core   0: 3 0x000000008000ff48 (0x00178713) x14 0x00000000800120b4
core   0: 0x000000008000ff4c (0xfee43023) sd      a4, -32(s0)
core   0: 3 0x000000008000ff4c (0xfee43023) mem 0x0000000080031f50 0x00000000800120b4
core   0: 0x000000008000ff50 (0xfc442703) lw      a4, -60(s0)
core   0: 3 0x000000008000ff50 (0xfc442703) x14 0x0000000000000000 mem 0x0000000080031f34
core   0: 0x000000008000ff54 (0x0ff77713) andi    a4, a4, 255
core   0: 3 0x000000008000ff54 (0x0ff77713) x14 0x0000000000000000
core   0: 0x000000008000ff58 (0x00e78023) sb      a4, 0(a5)
core   0: 3 0x000000008000ff58 (0x00e78023) mem 0x00000000800120b3 0x00
core   0: 0x000000008000ff5c (0xfc843703) ld      a4, -56(s0)
core   0: 3 0x000000008000ff5c (0xfc843703) x14 0x0000000080012040 mem 0x0000000080031f38
core   0: 0x000000008000ff60 (0xfb843783) ld      a5, -72(s0)
core   0: 3 0x000000008000ff60 (0xfb843783) x15 0x000000000000009c mem 0x0000000080031f28
core   0: 0x000000008000ff64 (0x000097ba) c.add   a5, a4
core   0: 3 0x000000008000ff64 (0x97ba) x15 0x00000000800120dc
core   0: 0x000000008000ff66 (0xfe043703) ld      a4, -32(s0)
core   0: 3 0x000000008000ff66 (0xfe043703) x14 0x00000000800120b4 mem 0x0000000080031f50
core   0: 0x000000008000ff6a (0xfcf76de3) bltu    a4, a5, pc - 38
core   0: 3 0x000000008000ff6a (0xfcf76de3)
core   0: 0x000000008000ff44 (0xfe043783) ld      a5, -32(s0)
core   0: 3 0x000000008000ff44 (0xfe043783) x15 0x00000000800120b4 mem 0x0000000080031f50
core   0: 0x000000008000ff48 (0x00178713) addi    a4, a5, 1
core   0: 3 0x000000008000ff48 (0x00178713) x14 0x00000000800120b5
core   0: 0x000000008000ff4c (0xfee43023) sd      a4, -32(s0)
core   0: 3 0x000000008000ff4c (0xfee43023) mem 0x0000000080031f50 0x00000000800120b5
core   0: 0x000000008000ff50 (0xfc442703) lw      a4, -60(s0)
core   0: 3 0x000000008000ff50 (0xfc442703) x14 0x0000000000000000 mem 0x0000000080031f34
core   0: 0x000000008000ff54 (0x0ff77713) andi    a4, a4, 255
core   0: 3 0x000000008000ff54 (0x0ff77713) x14 0x0000000000000000
core   0: 0x000000008000ff58 (0x00e78023) sb      a4, 0(a5)
core   0: 3 0x000000008000ff58 (0x00e78023) mem 0x00000000800120b4 0x00
core   0: 0x000000008000ff5c (0xfc843703) ld      a4, -56(s0)
core   0: 3 0x000000008000ff5c (0xfc843703) x14 0x0000000080012040 mem 0x0000000080031f38
core   0: 0x000000008000ff60 (0xfb843783) ld      a5, -72(s0)
core   0: 3 0x000000008000ff60 (0xfb843783) x15 0x000000000000009c mem 0x0000000080031f28
core   0: 0x000000008000ff64 (0x000097ba) c.add   a5, a4
core   0: 3 0x000000008000ff64 (0x97ba) x15 0x00000000800120dc
core   0: 0x000000008000ff66 (0xfe043703) ld      a4, -32(s0)
core   0: 3 0x000000008000ff66 (0xfe043703) x14 0x00000000800120b5 mem 0x0000000080031f50
core   0: 0x000000008000ff6a (0xfcf76de3) bltu    a4, a5, pc - 38
core   0: 3 0x000000008000ff6a (0xfcf76de3)
core   0: 0x000000008000ff44 (0xfe043783) ld      a5, -32(s0)
core   0: 3 0x000000008000ff44 (0xfe043783) x15 0x00000000800120b5 mem 0x0000000080031f50
core   0: 0x000000008000ff48 (0x00178713) addi    a4, a5, 1
core   0: 3 0x000000008000ff48 (0x00178713) x14 0x00000000800120b6
core   0: 0x000000008000ff4c (0xfee43023) sd      a4, -32(s0)
core   0: 3 0x000000008000ff4c (0xfee43023) mem 0x0000000080031f50 0x00000000800120b6
core   0: 0x000000008000ff50 (0xfc442703) lw      a4, -60(s0)
core   0: 3 0x000000008000ff50 (0xfc442703) x14 0x0000000000000000 mem 0x0000000080031f34
core   0: 0x000000008000ff54 (0x0ff77713) andi    a4, a4, 255
core   0: 3 0x000000008000ff54 (0x0ff77713) x14 0x0000000000000000
core   0: 0x000000008000ff58 (0x00e78023) sb      a4, 0(a5)
core   0: 3 0x000000008000ff58 (0x00e78023) mem 0x00000000800120b5 0x00
core   0: 0x000000008000ff5c (0xfc843703) ld      a4, -56(s0)
core   0: 3 0x000000008000ff5c (0xfc843703) x14 0x0000000080012040 mem 0x0000000080031f38
core   0: 0x000000008000ff60 (0xfb843783) ld      a5, -72(s0)
core   0: 3 0x000000008000ff60 (0xfb843783) x15 0x000000000000009c mem 0x0000000080031f28
core   0: 0x000000008000ff64 (0x000097ba) c.add   a5, a4
core   0: 3 0x000000008000ff64 (0x97ba) x15 0x00000000800120dc
core   0: 0x000000008000ff66 (0xfe043703) ld      a4, -32(s0)
core   0: 3 0x000000008000ff66 (0xfe043703) x14 0x00000000800120b6 mem 0x0000000080031f50
core   0: 0x000000008000ff6a (0xfcf76de3) bltu    a4, a5, pc - 38
core   0: 3 0x000000008000ff6a (0xfcf76de3)
core   0: 0x000000008000ff44 (0xfe043783) ld      a5, -32(s0)
core   0: 3 0x000000008000ff44 (0xfe043783) x15 0x00000000800120b6 mem 0x0000000080031f50
core   0: 0x000000008000ff48 (0x00178713) addi    a4, a5, 1
core   0: 3 0x000000008000ff48 (0x00178713) x14 0x00000000800120b7
core   0: 0x000000008000ff4c (0xfee43023) sd      a4, -32(s0)
core   0: 3 0x000000008000ff4c (0xfee43023) mem 0x0000000080031f50 0x00000000800120b7
core   0: 0x000000008000ff50 (0xfc442703) lw      a4, -60(s0)
core   0: 3 0x000000008000ff50 (0xfc442703) x14 0x0000000000000000 mem 0x0000000080031f34
core   0: 0x000000008000ff54 (0x0ff77713) andi    a4, a4, 255
core   0: 3 0x000000008000ff54 (0x0ff77713) x14 0x0000000000000000
core   0: 0x000000008000ff58 (0x00e78023) sb      a4, 0(a5)
core   0: 3 0x000000008000ff58 (0x00e78023) mem 0x00000000800120b6 0x00
core   0: 0x000000008000ff5c (0xfc843703) ld      a4, -56(s0)
core   0: 3 0x000000008000ff5c (0xfc843703) x14 0x0000000080012040 mem 0x0000000080031f38
core   0: 0x000000008000ff60 (0xfb843783) ld      a5, -72(s0)
core   0: 3 0x000000008000ff60 (0xfb843783) x15 0x000000000000009c mem 0x0000000080031f28
core   0: 0x000000008000ff64 (0x000097ba) c.add   a5, a4
core   0: 3 0x000000008000ff64 (0x97ba) x15 0x00000000800120dc
core   0: 0x000000008000ff66 (0xfe043703) ld      a4, -32(s0)
core   0: 3 0x000000008000ff66 (0xfe043703) x14 0x00000000800120b7 mem 0x0000000080031f50
core   0: 0x000000008000ff6a (0xfcf76de3) bltu    a4, a5, pc - 38
core   0: 3 0x000000008000ff6a (0xfcf76de3)
core   0: 0x000000008000ff44 (0xfe043783) ld      a5, -32(s0)
core   0: 3 0x000000008000ff44 (0xfe043783) x15 0x00000000800120b7 mem 0x0000000080031f50
core   0: 0x000000008000ff48 (0x00178713) addi    a4, a5, 1
core   0: 3 0x000000008000ff48 (0x00178713) x14 0x00000000800120b8
core   0: 0x000000008000ff4c (0xfee43023) sd      a4, -32(s0)
core   0: 3 0x000000008000ff4c (0xfee43023) mem 0x0000000080031f50 0x00000000800120b8
core   0: 0x000000008000ff50 (0xfc442703) lw      a4, -60(s0)
core   0: 3 0x000000008000ff50 (0xfc442703) x14 0x0000000000000000 mem 0x0000000080031f34
core   0: 0x000000008000ff54 (0x0ff77713) andi    a4, a4, 255
core   0: 3 0x000000008000ff54 (0x0ff77713) x14 0x0000000000000000
core   0: 0x000000008000ff58 (0x00e78023) sb      a4, 0(a5)
core   0: 3 0x000000008000ff58 (0x00e78023) mem 0x00000000800120b7 0x00
core   0: 0x000000008000ff5c (0xfc843703) ld      a4, -56(s0)
core   0: 3 0x000000008000ff5c (0xfc843703) x14 0x0000000080012040 mem 0x0000000080031f38
core   0: 0x000000008000ff60 (0xfb843783) ld      a5, -72(s0)
core   0: 3 0x000000008000ff60 (0xfb843783) x15 0x000000000000009c mem 0x0000000080031f28
core   0: 0x000000008000ff64 (0x000097ba) c.add   a5, a4
core   0: 3 0x000000008000ff64 (0x97ba) x15 0x00000000800120dc
core   0: 0x000000008000ff66 (0xfe043703) ld      a4, -32(s0)
core   0: 3 0x000000008000ff66 (0xfe043703) x14 0x00000000800120b8 mem 0x0000000080031f50
core   0: 0x000000008000ff6a (0xfcf76de3) bltu    a4, a5, pc - 38
core   0: 3 0x000000008000ff6a (0xfcf76de3)
core   0: 0x000000008000ff44 (0xfe043783) ld      a5, -32(s0)
core   0: 3 0x000000008000ff44 (0xfe043783) x15 0x00000000800120b8 mem 0x0000000080031f50
core   0: 0x000000008000ff48 (0x00178713) addi    a4, a5, 1
core   0: 3 0x000000008000ff48 (0x00178713) x14 0x00000000800120b9
core   0: 0x000000008000ff4c (0xfee43023) sd      a4, -32(s0)
core   0: 3 0x000000008000ff4c (0xfee43023) mem 0x0000000080031f50 0x00000000800120b9
core   0: 0x000000008000ff50 (0xfc442703) lw      a4, -60(s0)
core   0: 3 0x000000008000ff50 (0xfc442703) x14 0x0000000000000000 mem 0x0000000080031f34
core   0: 0x000000008000ff54 (0x0ff77713) andi    a4, a4, 255
core   0: 3 0x000000008000ff54 (0x0ff77713) x14 0x0000000000000000
core   0: 0x000000008000ff58 (0x00e78023) sb      a4, 0(a5)
core   0: 3 0x000000008000ff58 (0x00e78023) mem 0x00000000800120b8 0x00
core   0: 0x000000008000ff5c (0xfc843703) ld      a4, -56(s0)
core   0: 3 0x000000008000ff5c (0xfc843703) x14 0x0000000080012040 mem 0x0000000080031f38
core   0: 0x000000008000ff60 (0xfb843783) ld      a5, -72(s0)
core   0: 3 0x000000008000ff60 (0xfb843783) x15 0x000000000000009c mem 0x0000000080031f28
core   0: 0x000000008000ff64 (0x000097ba) c.add   a5, a4
core   0: 3 0x000000008000ff64 (0x97ba) x15 0x00000000800120dc
core   0: 0x000000008000ff66 (0xfe043703) ld      a4, -32(s0)
core   0: 3 0x000000008000ff66 (0xfe043703) x14 0x00000000800120b9 mem 0x0000000080031f50
core   0: 0x000000008000ff6a (0xfcf76de3) bltu    a4, a5, pc - 38
core   0: 3 0x000000008000ff6a (0xfcf76de3)
core   0: 0x000000008000ff44 (0xfe043783) ld      a5, -32(s0)
core   0: 3 0x000000008000ff44 (0xfe043783) x15 0x00000000800120b9 mem 0x0000000080031f50
core   0: 0x000000008000ff48 (0x00178713) addi    a4, a5, 1
core   0: 3 0x000000008000ff48 (0x00178713) x14 0x00000000800120ba
core   0: 0x000000008000ff4c (0xfee43023) sd      a4, -32(s0)
core   0: 3 0x000000008000ff4c (0xfee43023) mem 0x0000000080031f50 0x00000000800120ba
core   0: 0x000000008000ff50 (0xfc442703) lw      a4, -60(s0)
core   0: 3 0x000000008000ff50 (0xfc442703) x14 0x0000000000000000 mem 0x0000000080031f34
core   0: 0x000000008000ff54 (0x0ff77713) andi    a4, a4, 255
core   0: 3 0x000000008000ff54 (0x0ff77713) x14 0x0000000000000000
core   0: 0x000000008000ff58 (0x00e78023) sb      a4, 0(a5)
core   0: 3 0x000000008000ff58 (0x00e78023) mem 0x00000000800120b9 0x00
core   0: 0x000000008000ff5c (0xfc843703) ld      a4, -56(s0)
core   0: 3 0x000000008000ff5c (0xfc843703) x14 0x0000000080012040 mem 0x0000000080031f38
core   0: 0x000000008000ff60 (0xfb843783) ld      a5, -72(s0)
core   0: 3 0x000000008000ff60 (0xfb843783) x15 0x000000000000009c mem 0x0000000080031f28
core   0: 0x000000008000ff64 (0x000097ba) c.add   a5, a4
core   0: 3 0x000000008000ff64 (0x97ba) x15 0x00000000800120dc
core   0: 0x000000008000ff66 (0xfe043703) ld      a4, -32(s0)
core   0: 3 0x000000008000ff66 (0xfe043703) x14 0x00000000800120ba mem 0x0000000080031f50
core   0: 0x000000008000ff6a (0xfcf76de3) bltu    a4, a5, pc - 38
core   0: 3 0x000000008000ff6a (0xfcf76de3)
core   0: 0x000000008000ff44 (0xfe043783) ld      a5, -32(s0)
core   0: 3 0x000000008000ff44 (0xfe043783) x15 0x00000000800120ba mem 0x0000000080031f50
core   0: 0x000000008000ff48 (0x00178713) addi    a4, a5, 1
core   0: 3 0x000000008000ff48 (0x00178713) x14 0x00000000800120bb
core   0: 0x000000008000ff4c (0xfee43023) sd      a4, -32(s0)
core   0: 3 0x000000008000ff4c (0xfee43023) mem 0x0000000080031f50 0x00000000800120bb
core   0: 0x000000008000ff50 (0xfc442703) lw      a4, -60(s0)
core   0: 3 0x000000008000ff50 (0xfc442703) x14 0x0000000000000000 mem 0x0000000080031f34
core   0: 0x000000008000ff54 (0x0ff77713) andi    a4, a4, 255
core   0: 3 0x000000008000ff54 (0x0ff77713) x14 0x0000000000000000
core   0: 0x000000008000ff58 (0x00e78023) sb      a4, 0(a5)
core   0: 3 0x000000008000ff58 (0x00e78023) mem 0x00000000800120ba 0x00
core   0: 0x000000008000ff5c (0xfc843703) ld      a4, -56(s0)
core   0: 3 0x000000008000ff5c (0xfc843703) x14 0x0000000080012040 mem 0x0000000080031f38
core   0: 0x000000008000ff60 (0xfb843783) ld      a5, -72(s0)
core   0: 3 0x000000008000ff60 (0xfb843783) x15 0x000000000000009c mem 0x0000000080031f28
core   0: 0x000000008000ff64 (0x000097ba) c.add   a5, a4
core   0: 3 0x000000008000ff64 (0x97ba) x15 0x00000000800120dc
core   0: 0x000000008000ff66 (0xfe043703) ld      a4, -32(s0)
core   0: 3 0x000000008000ff66 (0xfe043703) x14 0x00000000800120bb mem 0x0000000080031f50
core   0: 0x000000008000ff6a (0xfcf76de3) bltu    a4, a5, pc - 38
core   0: 3 0x000000008000ff6a (0xfcf76de3)
core   0: 0x000000008000ff44 (0xfe043783) ld      a5, -32(s0)
core   0: 3 0x000000008000ff44 (0xfe043783) x15 0x00000000800120bb mem 0x0000000080031f50
core   0: 0x000000008000ff48 (0x00178713) addi    a4, a5, 1
core   0: 3 0x000000008000ff48 (0x00178713) x14 0x00000000800120bc
core   0: 0x000000008000ff4c (0xfee43023) sd      a4, -32(s0)
core   0: 3 0x000000008000ff4c (0xfee43023) mem 0x0000000080031f50 0x00000000800120bc
core   0: 0x000000008000ff50 (0xfc442703) lw      a4, -60(s0)
core   0: 3 0x000000008000ff50 (0xfc442703) x14 0x0000000000000000 mem 0x0000000080031f34
core   0: 0x000000008000ff54 (0x0ff77713) andi    a4, a4, 255
core   0: 3 0x000000008000ff54 (0x0ff77713) x14 0x0000000000000000
core   0: 0x000000008000ff58 (0x00e78023) sb      a4, 0(a5)
core   0: 3 0x000000008000ff58 (0x00e78023) mem 0x00000000800120bb 0x00
core   0: 0x000000008000ff5c (0xfc843703) ld      a4, -56(s0)
core   0: 3 0x000000008000ff5c (0xfc843703) x14 0x0000000080012040 mem 0x0000000080031f38
core   0: 0x000000008000ff60 (0xfb843783) ld      a5, -72(s0)
core   0: 3 0x000000008000ff60 (0xfb843783) x15 0x000000000000009c mem 0x0000000080031f28
core   0: 0x000000008000ff64 (0x000097ba) c.add   a5, a4
core   0: 3 0x000000008000ff64 (0x97ba) x15 0x00000000800120dc
core   0: 0x000000008000ff66 (0xfe043703) ld      a4, -32(s0)
core   0: 3 0x000000008000ff66 (0xfe043703) x14 0x00000000800120bc mem 0x0000000080031f50
core   0: 0x000000008000ff6a (0xfcf76de3) bltu    a4, a5, pc - 38
core   0: 3 0x000000008000ff6a (0xfcf76de3)
core   0: 0x000000008000ff44 (0xfe043783) ld      a5, -32(s0)
core   0: 3 0x000000008000ff44 (0xfe043783) x15 0x00000000800120bc mem 0x0000000080031f50
core   0: 0x000000008000ff48 (0x00178713) addi    a4, a5, 1
core   0: 3 0x000000008000ff48 (0x00178713) x14 0x00000000800120bd
core   0: 0x000000008000ff4c (0xfee43023) sd      a4, -32(s0)
core   0: 3 0x000000008000ff4c (0xfee43023) mem 0x0000000080031f50 0x00000000800120bd
core   0: 0x000000008000ff50 (0xfc442703) lw      a4, -60(s0)
core   0: 3 0x000000008000ff50 (0xfc442703) x14 0x0000000000000000 mem 0x0000000080031f34
core   0: 0x000000008000ff54 (0x0ff77713) andi    a4, a4, 255
core   0: 3 0x000000008000ff54 (0x0ff77713) x14 0x0000000000000000
core   0: 0x000000008000ff58 (0x00e78023) sb      a4, 0(a5)
core   0: 3 0x000000008000ff58 (0x00e78023) mem 0x00000000800120bc 0x00
core   0: 0x000000008000ff5c (0xfc843703) ld      a4, -56(s0)
core   0: 3 0x000000008000ff5c (0xfc843703) x14 0x0000000080012040 mem 0x0000000080031f38
core   0: 0x000000008000ff60 (0xfb843783) ld      a5, -72(s0)
core   0: 3 0x000000008000ff60 (0xfb843783) x15 0x000000000000009c mem 0x0000000080031f28
core   0: 0x000000008000ff64 (0x000097ba) c.add   a5, a4
core   0: 3 0x000000008000ff64 (0x97ba) x15 0x00000000800120dc
core   0: 0x000000008000ff66 (0xfe043703) ld      a4, -32(s0)
core   0: 3 0x000000008000ff66 (0xfe043703) x14 0x00000000800120bd mem 0x0000000080031f50
core   0: 0x000000008000ff6a (0xfcf76de3) bltu    a4, a5, pc - 38
core   0: 3 0x000000008000ff6a (0xfcf76de3)
core   0: 0x000000008000ff44 (0xfe043783) ld      a5, -32(s0)
core   0: 3 0x000000008000ff44 (0xfe043783) x15 0x00000000800120bd mem 0x0000000080031f50
core   0: 0x000000008000ff48 (0x00178713) addi    a4, a5, 1
core   0: 3 0x000000008000ff48 (0x00178713) x14 0x00000000800120be
core   0: 0x000000008000ff4c (0xfee43023) sd      a4, -32(s0)
core   0: 3 0x000000008000ff4c (0xfee43023) mem 0x0000000080031f50 0x00000000800120be
core   0: 0x000000008000ff50 (0xfc442703) lw      a4, -60(s0)
core   0: 3 0x000000008000ff50 (0xfc442703) x14 0x0000000000000000 mem 0x0000000080031f34
core   0: 0x000000008000ff54 (0x0ff77713) andi    a4, a4, 255
core   0: 3 0x000000008000ff54 (0x0ff77713) x14 0x0000000000000000
core   0: 0x000000008000ff58 (0x00e78023) sb      a4, 0(a5)
core   0: 3 0x000000008000ff58 (0x00e78023) mem 0x00000000800120bd 0x00
core   0: 0x000000008000ff5c (0xfc843703) ld      a4, -56(s0)
core   0: 3 0x000000008000ff5c (0xfc843703) x14 0x0000000080012040 mem 0x0000000080031f38
core   0: 0x000000008000ff60 (0xfb843783) ld      a5, -72(s0)
core   0: 3 0x000000008000ff60 (0xfb843783) x15 0x000000000000009c mem 0x0000000080031f28
core   0: 0x000000008000ff64 (0x000097ba) c.add   a5, a4
core   0: 3 0x000000008000ff64 (0x97ba) x15 0x00000000800120dc
core   0: 0x000000008000ff66 (0xfe043703) ld      a4, -32(s0)
core   0: 3 0x000000008000ff66 (0xfe043703) x14 0x00000000800120be mem 0x0000000080031f50
core   0: 0x000000008000ff6a (0xfcf76de3) bltu    a4, a5, pc - 38
core   0: 3 0x000000008000ff6a (0xfcf76de3)
core   0: 0x000000008000ff44 (0xfe043783) ld      a5, -32(s0)
core   0: 3 0x000000008000ff44 (0xfe043783) x15 0x00000000800120be mem 0x0000000080031f50
core   0: 0x000000008000ff48 (0x00178713) addi    a4, a5, 1
core   0: 3 0x000000008000ff48 (0x00178713) x14 0x00000000800120bf
core   0: 0x000000008000ff4c (0xfee43023) sd      a4, -32(s0)
core   0: 3 0x000000008000ff4c (0xfee43023) mem 0x0000000080031f50 0x00000000800120bf
core   0: 0x000000008000ff50 (0xfc442703) lw      a4, -60(s0)
core   0: 3 0x000000008000ff50 (0xfc442703) x14 0x0000000000000000 mem 0x0000000080031f34
core   0: 0x000000008000ff54 (0x0ff77713) andi    a4, a4, 255
core   0: 3 0x000000008000ff54 (0x0ff77713) x14 0x0000000000000000
core   0: 0x000000008000ff58 (0x00e78023) sb      a4, 0(a5)
core   0: 3 0x000000008000ff58 (0x00e78023) mem 0x00000000800120be 0x00
core   0: 0x000000008000ff5c (0xfc843703) ld      a4, -56(s0)
core   0: 3 0x000000008000ff5c (0xfc843703) x14 0x0000000080012040 mem 0x0000000080031f38
core   0: 0x000000008000ff60 (0xfb843783) ld      a5, -72(s0)
core   0: 3 0x000000008000ff60 (0xfb843783) x15 0x000000000000009c mem 0x0000000080031f28
core   0: 0x000000008000ff64 (0x000097ba) c.add   a5, a4
core   0: 3 0x000000008000ff64 (0x97ba) x15 0x00000000800120dc
core   0: 0x000000008000ff66 (0xfe043703) ld      a4, -32(s0)
core   0: 3 0x000000008000ff66 (0xfe043703) x14 0x00000000800120bf mem 0x0000000080031f50
core   0: 0x000000008000ff6a (0xfcf76de3) bltu    a4, a5, pc - 38
core   0: 3 0x000000008000ff6a (0xfcf76de3)
core   0: 0x000000008000ff44 (0xfe043783) ld      a5, -32(s0)
core   0: 3 0x000000008000ff44 (0xfe043783) x15 0x00000000800120bf mem 0x0000000080031f50
core   0: 0x000000008000ff48 (0x00178713) addi    a4, a5, 1
core   0: 3 0x000000008000ff48 (0x00178713) x14 0x00000000800120c0
core   0: 0x000000008000ff4c (0xfee43023) sd      a4, -32(s0)
core   0: 3 0x000000008000ff4c (0xfee43023) mem 0x0000000080031f50 0x00000000800120c0
core   0: 0x000000008000ff50 (0xfc442703) lw      a4, -60(s0)
core   0: 3 0x000000008000ff50 (0xfc442703) x14 0x0000000000000000 mem 0x0000000080031f34
core   0: 0x000000008000ff54 (0x0ff77713) andi    a4, a4, 255
core   0: 3 0x000000008000ff54 (0x0ff77713) x14 0x0000000000000000
core   0: 0x000000008000ff58 (0x00e78023) sb      a4, 0(a5)
core   0: 3 0x000000008000ff58 (0x00e78023) mem 0x00000000800120bf 0x00
core   0: 0x000000008000ff5c (0xfc843703) ld      a4, -56(s0)
core   0: 3 0x000000008000ff5c (0xfc843703) x14 0x0000000080012040 mem 0x0000000080031f38
core   0: 0x000000008000ff60 (0xfb843783) ld      a5, -72(s0)
core   0: 3 0x000000008000ff60 (0xfb843783) x15 0x000000000000009c mem 0x0000000080031f28
core   0: 0x000000008000ff64 (0x000097ba) c.add   a5, a4
core   0: 3 0x000000008000ff64 (0x97ba) x15 0x00000000800120dc
core   0: 0x000000008000ff66 (0xfe043703) ld      a4, -32(s0)
core   0: 3 0x000000008000ff66 (0xfe043703) x14 0x00000000800120c0 mem 0x0000000080031f50
core   0: 0x000000008000ff6a (0xfcf76de3) bltu    a4, a5, pc - 38
core   0: 3 0x000000008000ff6a (0xfcf76de3)
core   0: 0x000000008000ff44 (0xfe043783) ld      a5, -32(s0)
core   0: 3 0x000000008000ff44 (0xfe043783) x15 0x00000000800120c0 mem 0x0000000080031f50
core   0: 0x000000008000ff48 (0x00178713) addi    a4, a5, 1
core   0: 3 0x000000008000ff48 (0x00178713) x14 0x00000000800120c1
core   0: 0x000000008000ff4c (0xfee43023) sd      a4, -32(s0)
core   0: 3 0x000000008000ff4c (0xfee43023) mem 0x0000000080031f50 0x00000000800120c1
core   0: 0x000000008000ff50 (0xfc442703) lw      a4, -60(s0)
core   0: 3 0x000000008000ff50 (0xfc442703) x14 0x0000000000000000 mem 0x0000000080031f34
core   0: 0x000000008000ff54 (0x0ff77713) andi    a4, a4, 255
core   0: 3 0x000000008000ff54 (0x0ff77713) x14 0x0000000000000000
core   0: 0x000000008000ff58 (0x00e78023) sb      a4, 0(a5)
core   0: 3 0x000000008000ff58 (0x00e78023) mem 0x00000000800120c0 0x00
core   0: 0x000000008000ff5c (0xfc843703) ld      a4, -56(s0)
core   0: 3 0x000000008000ff5c (0xfc843703) x14 0x0000000080012040 mem 0x0000000080031f38
core   0: 0x000000008000ff60 (0xfb843783) ld      a5, -72(s0)
core   0: 3 0x000000008000ff60 (0xfb843783) x15 0x000000000000009c mem 0x0000000080031f28
core   0: 0x000000008000ff64 (0x000097ba) c.add   a5, a4
core   0: 3 0x000000008000ff64 (0x97ba) x15 0x00000000800120dc
core   0: 0x000000008000ff66 (0xfe043703) ld      a4, -32(s0)
core   0: 3 0x000000008000ff66 (0xfe043703) x14 0x00000000800120c1 mem 0x0000000080031f50
core   0: 0x000000008000ff6a (0xfcf76de3) bltu    a4, a5, pc - 38
core   0: 3 0x000000008000ff6a (0xfcf76de3)
core   0: 0x000000008000ff44 (0xfe043783) ld      a5, -32(s0)
core   0: 3 0x000000008000ff44 (0xfe043783) x15 0x00000000800120c1 mem 0x0000000080031f50
core   0: 0x000000008000ff48 (0x00178713) addi    a4, a5, 1
core   0: 3 0x000000008000ff48 (0x00178713) x14 0x00000000800120c2
core   0: 0x000000008000ff4c (0xfee43023) sd      a4, -32(s0)
core   0: 3 0x000000008000ff4c (0xfee43023) mem 0x0000000080031f50 0x00000000800120c2
core   0: 0x000000008000ff50 (0xfc442703) lw      a4, -60(s0)
core   0: 3 0x000000008000ff50 (0xfc442703) x14 0x0000000000000000 mem 0x0000000080031f34
core   0: 0x000000008000ff54 (0x0ff77713) andi    a4, a4, 255
core   0: 3 0x000000008000ff54 (0x0ff77713) x14 0x0000000000000000
core   0: 0x000000008000ff58 (0x00e78023) sb      a4, 0(a5)
core   0: 3 0x000000008000ff58 (0x00e78023) mem 0x00000000800120c1 0x00
core   0: 0x000000008000ff5c (0xfc843703) ld      a4, -56(s0)
core   0: 3 0x000000008000ff5c (0xfc843703) x14 0x0000000080012040 mem 0x0000000080031f38
core   0: 0x000000008000ff60 (0xfb843783) ld      a5, -72(s0)
core   0: 3 0x000000008000ff60 (0xfb843783) x15 0x000000000000009c mem 0x0000000080031f28
core   0: 0x000000008000ff64 (0x000097ba) c.add   a5, a4
core   0: 3 0x000000008000ff64 (0x97ba) x15 0x00000000800120dc
core   0: 0x000000008000ff66 (0xfe043703) ld      a4, -32(s0)
core   0: 3 0x000000008000ff66 (0xfe043703) x14 0x00000000800120c2 mem 0x0000000080031f50
core   0: 0x000000008000ff6a (0xfcf76de3) bltu    a4, a5, pc - 38
core   0: 3 0x000000008000ff6a (0xfcf76de3)
core   0: 0x000000008000ff44 (0xfe043783) ld      a5, -32(s0)
core   0: 3 0x000000008000ff44 (0xfe043783) x15 0x00000000800120c2 mem 0x0000000080031f50
core   0: 0x000000008000ff48 (0x00178713) addi    a4, a5, 1
core   0: 3 0x000000008000ff48 (0x00178713) x14 0x00000000800120c3
core   0: 0x000000008000ff4c (0xfee43023) sd      a4, -32(s0)
core   0: 3 0x000000008000ff4c (0xfee43023) mem 0x0000000080031f50 0x00000000800120c3
core   0: 0x000000008000ff50 (0xfc442703) lw      a4, -60(s0)
core   0: 3 0x000000008000ff50 (0xfc442703) x14 0x0000000000000000 mem 0x0000000080031f34
core   0: 0x000000008000ff54 (0x0ff77713) andi    a4, a4, 255
core   0: 3 0x000000008000ff54 (0x0ff77713) x14 0x0000000000000000
core   0: 0x000000008000ff58 (0x00e78023) sb      a4, 0(a5)
core   0: 3 0x000000008000ff58 (0x00e78023) mem 0x00000000800120c2 0x00
core   0: 0x000000008000ff5c (0xfc843703) ld      a4, -56(s0)
core   0: 3 0x000000008000ff5c (0xfc843703) x14 0x0000000080012040 mem 0x0000000080031f38
core   0: 0x000000008000ff60 (0xfb843783) ld      a5, -72(s0)
core   0: 3 0x000000008000ff60 (0xfb843783) x15 0x000000000000009c mem 0x0000000080031f28
core   0: 0x000000008000ff64 (0x000097ba) c.add   a5, a4
core   0: 3 0x000000008000ff64 (0x97ba) x15 0x00000000800120dc
core   0: 0x000000008000ff66 (0xfe043703) ld      a4, -32(s0)
core   0: 3 0x000000008000ff66 (0xfe043703) x14 0x00000000800120c3 mem 0x0000000080031f50
core   0: 0x000000008000ff6a (0xfcf76de3) bltu    a4, a5, pc - 38
core   0: 3 0x000000008000ff6a (0xfcf76de3)
core   0: 0x000000008000ff44 (0xfe043783) ld      a5, -32(s0)
core   0: 3 0x000000008000ff44 (0xfe043783) x15 0x00000000800120c3 mem 0x0000000080031f50
core   0: 0x000000008000ff48 (0x00178713) addi    a4, a5, 1
core   0: 3 0x000000008000ff48 (0x00178713) x14 0x00000000800120c4
core   0: 0x000000008000ff4c (0xfee43023) sd      a4, -32(s0)
core   0: 3 0x000000008000ff4c (0xfee43023) mem 0x0000000080031f50 0x00000000800120c4
core   0: 0x000000008000ff50 (0xfc442703) lw      a4, -60(s0)
core   0: 3 0x000000008000ff50 (0xfc442703) x14 0x0000000000000000 mem 0x0000000080031f34
core   0: 0x000000008000ff54 (0x0ff77713) andi    a4, a4, 255
core   0: 3 0x000000008000ff54 (0x0ff77713) x14 0x0000000000000000
core   0: 0x000000008000ff58 (0x00e78023) sb      a4, 0(a5)
core   0: 3 0x000000008000ff58 (0x00e78023) mem 0x00000000800120c3 0x00
core   0: 0x000000008000ff5c (0xfc843703) ld      a4, -56(s0)
core   0: 3 0x000000008000ff5c (0xfc843703) x14 0x0000000080012040 mem 0x0000000080031f38
core   0: 0x000000008000ff60 (0xfb843783) ld      a5, -72(s0)
core   0: 3 0x000000008000ff60 (0xfb843783) x15 0x000000000000009c mem 0x0000000080031f28
core   0: 0x000000008000ff64 (0x000097ba) c.add   a5, a4
core   0: 3 0x000000008000ff64 (0x97ba) x15 0x00000000800120dc
core   0: 0x000000008000ff66 (0xfe043703) ld      a4, -32(s0)
core   0: 3 0x000000008000ff66 (0xfe043703) x14 0x00000000800120c4 mem 0x0000000080031f50
core   0: 0x000000008000ff6a (0xfcf76de3) bltu    a4, a5, pc - 38
core   0: 3 0x000000008000ff6a (0xfcf76de3)
core   0: 0x000000008000ff44 (0xfe043783) ld      a5, -32(s0)
core   0: 3 0x000000008000ff44 (0xfe043783) x15 0x00000000800120c4 mem 0x0000000080031f50
core   0: 0x000000008000ff48 (0x00178713) addi    a4, a5, 1
core   0: 3 0x000000008000ff48 (0x00178713) x14 0x00000000800120c5
core   0: 0x000000008000ff4c (0xfee43023) sd      a4, -32(s0)
core   0: 3 0x000000008000ff4c (0xfee43023) mem 0x0000000080031f50 0x00000000800120c5
core   0: 0x000000008000ff50 (0xfc442703) lw      a4, -60(s0)
core   0: 3 0x000000008000ff50 (0xfc442703) x14 0x0000000000000000 mem 0x0000000080031f34
core   0: 0x000000008000ff54 (0x0ff77713) andi    a4, a4, 255
core   0: 3 0x000000008000ff54 (0x0ff77713) x14 0x0000000000000000
core   0: 0x000000008000ff58 (0x00e78023) sb      a4, 0(a5)
core   0: 3 0x000000008000ff58 (0x00e78023) mem 0x00000000800120c4 0x00
core   0: 0x000000008000ff5c (0xfc843703) ld      a4, -56(s0)
core   0: 3 0x000000008000ff5c (0xfc843703) x14 0x0000000080012040 mem 0x0000000080031f38
core   0: 0x000000008000ff60 (0xfb843783) ld      a5, -72(s0)
core   0: 3 0x000000008000ff60 (0xfb843783) x15 0x000000000000009c mem 0x0000000080031f28
core   0: 0x000000008000ff64 (0x000097ba) c.add   a5, a4
core   0: 3 0x000000008000ff64 (0x97ba) x15 0x00000000800120dc
core   0: 0x000000008000ff66 (0xfe043703) ld      a4, -32(s0)
core   0: 3 0x000000008000ff66 (0xfe043703) x14 0x00000000800120c5 mem 0x0000000080031f50
core   0: 0x000000008000ff6a (0xfcf76de3) bltu    a4, a5, pc - 38
core   0: 3 0x000000008000ff6a (0xfcf76de3)
core   0: 0x000000008000ff44 (0xfe043783) ld      a5, -32(s0)
core   0: 3 0x000000008000ff44 (0xfe043783) x15 0x00000000800120c5 mem 0x0000000080031f50
core   0: 0x000000008000ff48 (0x00178713) addi    a4, a5, 1
core   0: 3 0x000000008000ff48 (0x00178713) x14 0x00000000800120c6
core   0: 0x000000008000ff4c (0xfee43023) sd      a4, -32(s0)
core   0: 3 0x000000008000ff4c (0xfee43023) mem 0x0000000080031f50 0x00000000800120c6
core   0: 0x000000008000ff50 (0xfc442703) lw      a4, -60(s0)
core   0: 3 0x000000008000ff50 (0xfc442703) x14 0x0000000000000000 mem 0x0000000080031f34
core   0: 0x000000008000ff54 (0x0ff77713) andi    a4, a4, 255
core   0: 3 0x000000008000ff54 (0x0ff77713) x14 0x0000000000000000
core   0: 0x000000008000ff58 (0x00e78023) sb      a4, 0(a5)
core   0: 3 0x000000008000ff58 (0x00e78023) mem 0x00000000800120c5 0x00
core   0: 0x000000008000ff5c (0xfc843703) ld      a4, -56(s0)
core   0: 3 0x000000008000ff5c (0xfc843703) x14 0x0000000080012040 mem 0x0000000080031f38
core   0: 0x000000008000ff60 (0xfb843783) ld      a5, -72(s0)
core   0: 3 0x000000008000ff60 (0xfb843783) x15 0x000000000000009c mem 0x0000000080031f28
core   0: 0x000000008000ff64 (0x000097ba) c.add   a5, a4
core   0: 3 0x000000008000ff64 (0x97ba) x15 0x00000000800120dc
core   0: 0x000000008000ff66 (0xfe043703) ld      a4, -32(s0)
core   0: 3 0x000000008000ff66 (0xfe043703) x14 0x00000000800120c6 mem 0x0000000080031f50
core   0: 0x000000008000ff6a (0xfcf76de3) bltu    a4, a5, pc - 38
core   0: 3 0x000000008000ff6a (0xfcf76de3)
core   0: 0x000000008000ff44 (0xfe043783) ld      a5, -32(s0)
core   0: 3 0x000000008000ff44 (0xfe043783) x15 0x00000000800120c6 mem 0x0000000080031f50
core   0: 0x000000008000ff48 (0x00178713) addi    a4, a5, 1
core   0: 3 0x000000008000ff48 (0x00178713) x14 0x00000000800120c7
core   0: 0x000000008000ff4c (0xfee43023) sd      a4, -32(s0)
core   0: 3 0x000000008000ff4c (0xfee43023) mem 0x0000000080031f50 0x00000000800120c7
core   0: 0x000000008000ff50 (0xfc442703) lw      a4, -60(s0)
core   0: 3 0x000000008000ff50 (0xfc442703) x14 0x0000000000000000 mem 0x0000000080031f34
core   0: 0x000000008000ff54 (0x0ff77713) andi    a4, a4, 255
core   0: 3 0x000000008000ff54 (0x0ff77713) x14 0x0000000000000000
core   0: 0x000000008000ff58 (0x00e78023) sb      a4, 0(a5)
core   0: 3 0x000000008000ff58 (0x00e78023) mem 0x00000000800120c6 0x00
core   0: 0x000000008000ff5c (0xfc843703) ld      a4, -56(s0)
core   0: 3 0x000000008000ff5c (0xfc843703) x14 0x0000000080012040 mem 0x0000000080031f38
core   0: 0x000000008000ff60 (0xfb843783) ld      a5, -72(s0)
core   0: 3 0x000000008000ff60 (0xfb843783) x15 0x000000000000009c mem 0x0000000080031f28
core   0: 0x000000008000ff64 (0x000097ba) c.add   a5, a4
core   0: 3 0x000000008000ff64 (0x97ba) x15 0x00000000800120dc
core   0: 0x000000008000ff66 (0xfe043703) ld      a4, -32(s0)
core   0: 3 0x000000008000ff66 (0xfe043703) x14 0x00000000800120c7 mem 0x0000000080031f50
core   0: 0x000000008000ff6a (0xfcf76de3) bltu    a4, a5, pc - 38
core   0: 3 0x000000008000ff6a (0xfcf76de3)
core   0: 0x000000008000ff44 (0xfe043783) ld      a5, -32(s0)
core   0: 3 0x000000008000ff44 (0xfe043783) x15 0x00000000800120c7 mem 0x0000000080031f50
core   0: 0x000000008000ff48 (0x00178713) addi    a4, a5, 1
core   0: 3 0x000000008000ff48 (0x00178713) x14 0x00000000800120c8
core   0: 0x000000008000ff4c (0xfee43023) sd      a4, -32(s0)
core   0: 3 0x000000008000ff4c (0xfee43023) mem 0x0000000080031f50 0x00000000800120c8
core   0: 0x000000008000ff50 (0xfc442703) lw      a4, -60(s0)
core   0: 3 0x000000008000ff50 (0xfc442703) x14 0x0000000000000000 mem 0x0000000080031f34
core   0: 0x000000008000ff54 (0x0ff77713) andi    a4, a4, 255
core   0: 3 0x000000008000ff54 (0x0ff77713) x14 0x0000000000000000
core   0: 0x000000008000ff58 (0x00e78023) sb      a4, 0(a5)
core   0: 3 0x000000008000ff58 (0x00e78023) mem 0x00000000800120c7 0x00
core   0: 0x000000008000ff5c (0xfc843703) ld      a4, -56(s0)
core   0: 3 0x000000008000ff5c (0xfc843703) x14 0x0000000080012040 mem 0x0000000080031f38
core   0: 0x000000008000ff60 (0xfb843783) ld      a5, -72(s0)
core   0: 3 0x000000008000ff60 (0xfb843783) x15 0x000000000000009c mem 0x0000000080031f28
core   0: 0x000000008000ff64 (0x000097ba) c.add   a5, a4
core   0: 3 0x000000008000ff64 (0x97ba) x15 0x00000000800120dc
core   0: 0x000000008000ff66 (0xfe043703) ld      a4, -32(s0)
core   0: 3 0x000000008000ff66 (0xfe043703) x14 0x00000000800120c8 mem 0x0000000080031f50
core   0: 0x000000008000ff6a (0xfcf76de3) bltu    a4, a5, pc - 38
core   0: 3 0x000000008000ff6a (0xfcf76de3)
core   0: 0x000000008000ff44 (0xfe043783) ld      a5, -32(s0)
core   0: 3 0x000000008000ff44 (0xfe043783) x15 0x00000000800120c8 mem 0x0000000080031f50
core   0: 0x000000008000ff48 (0x00178713) addi    a4, a5, 1
core   0: 3 0x000000008000ff48 (0x00178713) x14 0x00000000800120c9
core   0: 0x000000008000ff4c (0xfee43023) sd      a4, -32(s0)
core   0: 3 0x000000008000ff4c (0xfee43023) mem 0x0000000080031f50 0x00000000800120c9
core   0: 0x000000008000ff50 (0xfc442703) lw      a4, -60(s0)
core   0: 3 0x000000008000ff50 (0xfc442703) x14 0x0000000000000000 mem 0x0000000080031f34
core   0: 0x000000008000ff54 (0x0ff77713) andi    a4, a4, 255
core   0: 3 0x000000008000ff54 (0x0ff77713) x14 0x0000000000000000
core   0: 0x000000008000ff58 (0x00e78023) sb      a4, 0(a5)
core   0: 3 0x000000008000ff58 (0x00e78023) mem 0x00000000800120c8 0x00
core   0: 0x000000008000ff5c (0xfc843703) ld      a4, -56(s0)
core   0: 3 0x000000008000ff5c (0xfc843703) x14 0x0000000080012040 mem 0x0000000080031f38
core   0: 0x000000008000ff60 (0xfb843783) ld      a5, -72(s0)
core   0: 3 0x000000008000ff60 (0xfb843783) x15 0x000000000000009c mem 0x0000000080031f28
core   0: 0x000000008000ff64 (0x000097ba) c.add   a5, a4
core   0: 3 0x000000008000ff64 (0x97ba) x15 0x00000000800120dc
core   0: 0x000000008000ff66 (0xfe043703) ld      a4, -32(s0)
core   0: 3 0x000000008000ff66 (0xfe043703) x14 0x00000000800120c9 mem 0x0000000080031f50
core   0: 0x000000008000ff6a (0xfcf76de3) bltu    a4, a5, pc - 38
core   0: 3 0x000000008000ff6a (0xfcf76de3)
core   0: 0x000000008000ff44 (0xfe043783) ld      a5, -32(s0)
core   0: 3 0x000000008000ff44 (0xfe043783) x15 0x00000000800120c9 mem 0x0000000080031f50
core   0: 0x000000008000ff48 (0x00178713) addi    a4, a5, 1
core   0: 3 0x000000008000ff48 (0x00178713) x14 0x00000000800120ca
core   0: 0x000000008000ff4c (0xfee43023) sd      a4, -32(s0)
core   0: 3 0x000000008000ff4c (0xfee43023) mem 0x0000000080031f50 0x00000000800120ca
core   0: 0x000000008000ff50 (0xfc442703) lw      a4, -60(s0)
core   0: 3 0x000000008000ff50 (0xfc442703) x14 0x0000000000000000 mem 0x0000000080031f34
core   0: 0x000000008000ff54 (0x0ff77713) andi    a4, a4, 255
core   0: 3 0x000000008000ff54 (0x0ff77713) x14 0x0000000000000000
core   0: 0x000000008000ff58 (0x00e78023) sb      a4, 0(a5)
core   0: 3 0x000000008000ff58 (0x00e78023) mem 0x00000000800120c9 0x00
core   0: 0x000000008000ff5c (0xfc843703) ld      a4, -56(s0)
core   0: 3 0x000000008000ff5c (0xfc843703) x14 0x0000000080012040 mem 0x0000000080031f38
core   0: 0x000000008000ff60 (0xfb843783) ld      a5, -72(s0)
core   0: 3 0x000000008000ff60 (0xfb843783) x15 0x000000000000009c mem 0x0000000080031f28
core   0: 0x000000008000ff64 (0x000097ba) c.add   a5, a4
core   0: 3 0x000000008000ff64 (0x97ba) x15 0x00000000800120dc
core   0: 0x000000008000ff66 (0xfe043703) ld      a4, -32(s0)
core   0: 3 0x000000008000ff66 (0xfe043703) x14 0x00000000800120ca mem 0x0000000080031f50
core   0: 0x000000008000ff6a (0xfcf76de3) bltu    a4, a5, pc - 38
core   0: 3 0x000000008000ff6a (0xfcf76de3)
core   0: 0x000000008000ff44 (0xfe043783) ld      a5, -32(s0)
core   0: 3 0x000000008000ff44 (0xfe043783) x15 0x00000000800120ca mem 0x0000000080031f50
core   0: 0x000000008000ff48 (0x00178713) addi    a4, a5, 1
core   0: 3 0x000000008000ff48 (0x00178713) x14 0x00000000800120cb
core   0: 0x000000008000ff4c (0xfee43023) sd      a4, -32(s0)
core   0: 3 0x000000008000ff4c (0xfee43023) mem 0x0000000080031f50 0x00000000800120cb
core   0: 0x000000008000ff50 (0xfc442703) lw      a4, -60(s0)
core   0: 3 0x000000008000ff50 (0xfc442703) x14 0x0000000000000000 mem 0x0000000080031f34
core   0: 0x000000008000ff54 (0x0ff77713) andi    a4, a4, 255
core   0: 3 0x000000008000ff54 (0x0ff77713) x14 0x0000000000000000
core   0: 0x000000008000ff58 (0x00e78023) sb      a4, 0(a5)
core   0: 3 0x000000008000ff58 (0x00e78023) mem 0x00000000800120ca 0x00
core   0: 0x000000008000ff5c (0xfc843703) ld      a4, -56(s0)
core   0: 3 0x000000008000ff5c (0xfc843703) x14 0x0000000080012040 mem 0x0000000080031f38
core   0: 0x000000008000ff60 (0xfb843783) ld      a5, -72(s0)
core   0: 3 0x000000008000ff60 (0xfb843783) x15 0x000000000000009c mem 0x0000000080031f28
core   0: 0x000000008000ff64 (0x000097ba) c.add   a5, a4
core   0: 3 0x000000008000ff64 (0x97ba) x15 0x00000000800120dc
core   0: 0x000000008000ff66 (0xfe043703) ld      a4, -32(s0)
core   0: 3 0x000000008000ff66 (0xfe043703) x14 0x00000000800120cb mem 0x0000000080031f50
core   0: 0x000000008000ff6a (0xfcf76de3) bltu    a4, a5, pc - 38
core   0: 3 0x000000008000ff6a (0xfcf76de3)
core   0: 0x000000008000ff44 (0xfe043783) ld      a5, -32(s0)
core   0: 3 0x000000008000ff44 (0xfe043783) x15 0x00000000800120cb mem 0x0000000080031f50
core   0: 0x000000008000ff48 (0x00178713) addi    a4, a5, 1
core   0: 3 0x000000008000ff48 (0x00178713) x14 0x00000000800120cc
core   0: 0x000000008000ff4c (0xfee43023) sd      a4, -32(s0)
core   0: 3 0x000000008000ff4c (0xfee43023) mem 0x0000000080031f50 0x00000000800120cc
core   0: 0x000000008000ff50 (0xfc442703) lw      a4, -60(s0)
core   0: 3 0x000000008000ff50 (0xfc442703) x14 0x0000000000000000 mem 0x0000000080031f34
core   0: 0x000000008000ff54 (0x0ff77713) andi    a4, a4, 255
core   0: 3 0x000000008000ff54 (0x0ff77713) x14 0x0000000000000000
core   0: 0x000000008000ff58 (0x00e78023) sb      a4, 0(a5)
core   0: 3 0x000000008000ff58 (0x00e78023) mem 0x00000000800120cb 0x00
core   0: 0x000000008000ff5c (0xfc843703) ld      a4, -56(s0)
core   0: 3 0x000000008000ff5c (0xfc843703) x14 0x0000000080012040 mem 0x0000000080031f38
core   0: 0x000000008000ff60 (0xfb843783) ld      a5, -72(s0)
core   0: 3 0x000000008000ff60 (0xfb843783) x15 0x000000000000009c mem 0x0000000080031f28
core   0: 0x000000008000ff64 (0x000097ba) c.add   a5, a4
core   0: 3 0x000000008000ff64 (0x97ba) x15 0x00000000800120dc
core   0: 0x000000008000ff66 (0xfe043703) ld      a4, -32(s0)
core   0: 3 0x000000008000ff66 (0xfe043703) x14 0x00000000800120cc mem 0x0000000080031f50
core   0: 0x000000008000ff6a (0xfcf76de3) bltu    a4, a5, pc - 38
core   0: 3 0x000000008000ff6a (0xfcf76de3)
core   0: 0x000000008000ff44 (0xfe043783) ld      a5, -32(s0)
core   0: 3 0x000000008000ff44 (0xfe043783) x15 0x00000000800120cc mem 0x0000000080031f50
core   0: 0x000000008000ff48 (0x00178713) addi    a4, a5, 1
core   0: 3 0x000000008000ff48 (0x00178713) x14 0x00000000800120cd
core   0: 0x000000008000ff4c (0xfee43023) sd      a4, -32(s0)
core   0: 3 0x000000008000ff4c (0xfee43023) mem 0x0000000080031f50 0x00000000800120cd
core   0: 0x000000008000ff50 (0xfc442703) lw      a4, -60(s0)
core   0: 3 0x000000008000ff50 (0xfc442703) x14 0x0000000000000000 mem 0x0000000080031f34
core   0: 0x000000008000ff54 (0x0ff77713) andi    a4, a4, 255
core   0: 3 0x000000008000ff54 (0x0ff77713) x14 0x0000000000000000
core   0: 0x000000008000ff58 (0x00e78023) sb      a4, 0(a5)
core   0: 3 0x000000008000ff58 (0x00e78023) mem 0x00000000800120cc 0x00
core   0: 0x000000008000ff5c (0xfc843703) ld      a4, -56(s0)
core   0: 3 0x000000008000ff5c (0xfc843703) x14 0x0000000080012040 mem 0x0000000080031f38
core   0: 0x000000008000ff60 (0xfb843783) ld      a5, -72(s0)
core   0: 3 0x000000008000ff60 (0xfb843783) x15 0x000000000000009c mem 0x0000000080031f28
core   0: 0x000000008000ff64 (0x000097ba) c.add   a5, a4
core   0: 3 0x000000008000ff64 (0x97ba) x15 0x00000000800120dc
core   0: 0x000000008000ff66 (0xfe043703) ld      a4, -32(s0)
core   0: 3 0x000000008000ff66 (0xfe043703) x14 0x00000000800120cd mem 0x0000000080031f50
core   0: 0x000000008000ff6a (0xfcf76de3) bltu    a4, a5, pc - 38
core   0: 3 0x000000008000ff6a (0xfcf76de3)
core   0: 0x000000008000ff44 (0xfe043783) ld      a5, -32(s0)
core   0: 3 0x000000008000ff44 (0xfe043783) x15 0x00000000800120cd mem 0x0000000080031f50
core   0: 0x000000008000ff48 (0x00178713) addi    a4, a5, 1
core   0: 3 0x000000008000ff48 (0x00178713) x14 0x00000000800120ce
core   0: 0x000000008000ff4c (0xfee43023) sd      a4, -32(s0)
core   0: 3 0x000000008000ff4c (0xfee43023) mem 0x0000000080031f50 0x00000000800120ce
core   0: 0x000000008000ff50 (0xfc442703) lw      a4, -60(s0)
core   0: 3 0x000000008000ff50 (0xfc442703) x14 0x0000000000000000 mem 0x0000000080031f34
core   0: 0x000000008000ff54 (0x0ff77713) andi    a4, a4, 255
core   0: 3 0x000000008000ff54 (0x0ff77713) x14 0x0000000000000000
core   0: 0x000000008000ff58 (0x00e78023) sb      a4, 0(a5)
core   0: 3 0x000000008000ff58 (0x00e78023) mem 0x00000000800120cd 0x00
core   0: 0x000000008000ff5c (0xfc843703) ld      a4, -56(s0)
core   0: 3 0x000000008000ff5c (0xfc843703) x14 0x0000000080012040 mem 0x0000000080031f38
core   0: 0x000000008000ff60 (0xfb843783) ld      a5, -72(s0)
core   0: 3 0x000000008000ff60 (0xfb843783) x15 0x000000000000009c mem 0x0000000080031f28
core   0: 0x000000008000ff64 (0x000097ba) c.add   a5, a4
core   0: 3 0x000000008000ff64 (0x97ba) x15 0x00000000800120dc
core   0: 0x000000008000ff66 (0xfe043703) ld      a4, -32(s0)
core   0: 3 0x000000008000ff66 (0xfe043703) x14 0x00000000800120ce mem 0x0000000080031f50
core   0: 0x000000008000ff6a (0xfcf76de3) bltu    a4, a5, pc - 38
core   0: 3 0x000000008000ff6a (0xfcf76de3)
core   0: 0x000000008000ff44 (0xfe043783) ld      a5, -32(s0)
core   0: 3 0x000000008000ff44 (0xfe043783) x15 0x00000000800120ce mem 0x0000000080031f50
core   0: 0x000000008000ff48 (0x00178713) addi    a4, a5, 1
core   0: 3 0x000000008000ff48 (0x00178713) x14 0x00000000800120cf
core   0: 0x000000008000ff4c (0xfee43023) sd      a4, -32(s0)
core   0: 3 0x000000008000ff4c (0xfee43023) mem 0x0000000080031f50 0x00000000800120cf
core   0: 0x000000008000ff50 (0xfc442703) lw      a4, -60(s0)
core   0: 3 0x000000008000ff50 (0xfc442703) x14 0x0000000000000000 mem 0x0000000080031f34
core   0: 0x000000008000ff54 (0x0ff77713) andi    a4, a4, 255
core   0: 3 0x000000008000ff54 (0x0ff77713) x14 0x0000000000000000
core   0: 0x000000008000ff58 (0x00e78023) sb      a4, 0(a5)
core   0: 3 0x000000008000ff58 (0x00e78023) mem 0x00000000800120ce 0x00
core   0: 0x000000008000ff5c (0xfc843703) ld      a4, -56(s0)
core   0: 3 0x000000008000ff5c (0xfc843703) x14 0x0000000080012040 mem 0x0000000080031f38
core   0: 0x000000008000ff60 (0xfb843783) ld      a5, -72(s0)
core   0: 3 0x000000008000ff60 (0xfb843783) x15 0x000000000000009c mem 0x0000000080031f28
core   0: 0x000000008000ff64 (0x000097ba) c.add   a5, a4
core   0: 3 0x000000008000ff64 (0x97ba) x15 0x00000000800120dc
core   0: 0x000000008000ff66 (0xfe043703) ld      a4, -32(s0)
core   0: 3 0x000000008000ff66 (0xfe043703) x14 0x00000000800120cf mem 0x0000000080031f50
core   0: 0x000000008000ff6a (0xfcf76de3) bltu    a4, a5, pc - 38
core   0: 3 0x000000008000ff6a (0xfcf76de3)
core   0: 0x000000008000ff44 (0xfe043783) ld      a5, -32(s0)
core   0: 3 0x000000008000ff44 (0xfe043783) x15 0x00000000800120cf mem 0x0000000080031f50
core   0: 0x000000008000ff48 (0x00178713) addi    a4, a5, 1
core   0: 3 0x000000008000ff48 (0x00178713) x14 0x00000000800120d0
core   0: 0x000000008000ff4c (0xfee43023) sd      a4, -32(s0)
core   0: 3 0x000000008000ff4c (0xfee43023) mem 0x0000000080031f50 0x00000000800120d0
core   0: 0x000000008000ff50 (0xfc442703) lw      a4, -60(s0)
core   0: 3 0x000000008000ff50 (0xfc442703) x14 0x0000000000000000 mem 0x0000000080031f34
core   0: 0x000000008000ff54 (0x0ff77713) andi    a4, a4, 255
core   0: 3 0x000000008000ff54 (0x0ff77713) x14 0x0000000000000000
core   0: 0x000000008000ff58 (0x00e78023) sb      a4, 0(a5)
core   0: 3 0x000000008000ff58 (0x00e78023) mem 0x00000000800120cf 0x00
core   0: 0x000000008000ff5c (0xfc843703) ld      a4, -56(s0)
core   0: 3 0x000000008000ff5c (0xfc843703) x14 0x0000000080012040 mem 0x0000000080031f38
core   0: 0x000000008000ff60 (0xfb843783) ld      a5, -72(s0)
core   0: 3 0x000000008000ff60 (0xfb843783) x15 0x000000000000009c mem 0x0000000080031f28
core   0: 0x000000008000ff64 (0x000097ba) c.add   a5, a4
core   0: 3 0x000000008000ff64 (0x97ba) x15 0x00000000800120dc
core   0: 0x000000008000ff66 (0xfe043703) ld      a4, -32(s0)
core   0: 3 0x000000008000ff66 (0xfe043703) x14 0x00000000800120d0 mem 0x0000000080031f50
core   0: 0x000000008000ff6a (0xfcf76de3) bltu    a4, a5, pc - 38
core   0: 3 0x000000008000ff6a (0xfcf76de3)
core   0: 0x000000008000ff44 (0xfe043783) ld      a5, -32(s0)
core   0: 3 0x000000008000ff44 (0xfe043783) x15 0x00000000800120d0 mem 0x0000000080031f50
core   0: 0x000000008000ff48 (0x00178713) addi    a4, a5, 1
core   0: 3 0x000000008000ff48 (0x00178713) x14 0x00000000800120d1
core   0: 0x000000008000ff4c (0xfee43023) sd      a4, -32(s0)
core   0: 3 0x000000008000ff4c (0xfee43023) mem 0x0000000080031f50 0x00000000800120d1
core   0: 0x000000008000ff50 (0xfc442703) lw      a4, -60(s0)
core   0: 3 0x000000008000ff50 (0xfc442703) x14 0x0000000000000000 mem 0x0000000080031f34
core   0: 0x000000008000ff54 (0x0ff77713) andi    a4, a4, 255
core   0: 3 0x000000008000ff54 (0x0ff77713) x14 0x0000000000000000
core   0: 0x000000008000ff58 (0x00e78023) sb      a4, 0(a5)
core   0: 3 0x000000008000ff58 (0x00e78023) mem 0x00000000800120d0 0x00
core   0: 0x000000008000ff5c (0xfc843703) ld      a4, -56(s0)
core   0: 3 0x000000008000ff5c (0xfc843703) x14 0x0000000080012040 mem 0x0000000080031f38
core   0: 0x000000008000ff60 (0xfb843783) ld      a5, -72(s0)
core   0: 3 0x000000008000ff60 (0xfb843783) x15 0x000000000000009c mem 0x0000000080031f28
core   0: 0x000000008000ff64 (0x000097ba) c.add   a5, a4
core   0: 3 0x000000008000ff64 (0x97ba) x15 0x00000000800120dc
core   0: 0x000000008000ff66 (0xfe043703) ld      a4, -32(s0)
core   0: 3 0x000000008000ff66 (0xfe043703) x14 0x00000000800120d1 mem 0x0000000080031f50
core   0: 0x000000008000ff6a (0xfcf76de3) bltu    a4, a5, pc - 38
core   0: 3 0x000000008000ff6a (0xfcf76de3)
core   0: 0x000000008000ff44 (0xfe043783) ld      a5, -32(s0)
core   0: 3 0x000000008000ff44 (0xfe043783) x15 0x00000000800120d1 mem 0x0000000080031f50
core   0: 0x000000008000ff48 (0x00178713) addi    a4, a5, 1
core   0: 3 0x000000008000ff48 (0x00178713) x14 0x00000000800120d2
core   0: 0x000000008000ff4c (0xfee43023) sd      a4, -32(s0)
core   0: 3 0x000000008000ff4c (0xfee43023) mem 0x0000000080031f50 0x00000000800120d2
core   0: 0x000000008000ff50 (0xfc442703) lw      a4, -60(s0)
core   0: 3 0x000000008000ff50 (0xfc442703) x14 0x0000000000000000 mem 0x0000000080031f34
core   0: 0x000000008000ff54 (0x0ff77713) andi    a4, a4, 255
core   0: 3 0x000000008000ff54 (0x0ff77713) x14 0x0000000000000000
core   0: 0x000000008000ff58 (0x00e78023) sb      a4, 0(a5)
core   0: 3 0x000000008000ff58 (0x00e78023) mem 0x00000000800120d1 0x00
core   0: 0x000000008000ff5c (0xfc843703) ld      a4, -56(s0)
core   0: 3 0x000000008000ff5c (0xfc843703) x14 0x0000000080012040 mem 0x0000000080031f38
core   0: 0x000000008000ff60 (0xfb843783) ld      a5, -72(s0)
core   0: 3 0x000000008000ff60 (0xfb843783) x15 0x000000000000009c mem 0x0000000080031f28
core   0: 0x000000008000ff64 (0x000097ba) c.add   a5, a4
core   0: 3 0x000000008000ff64 (0x97ba) x15 0x00000000800120dc
core   0: 0x000000008000ff66 (0xfe043703) ld      a4, -32(s0)
core   0: 3 0x000000008000ff66 (0xfe043703) x14 0x00000000800120d2 mem 0x0000000080031f50
core   0: 0x000000008000ff6a (0xfcf76de3) bltu    a4, a5, pc - 38
core   0: 3 0x000000008000ff6a (0xfcf76de3)
core   0: 0x000000008000ff44 (0xfe043783) ld      a5, -32(s0)
core   0: 3 0x000000008000ff44 (0xfe043783) x15 0x00000000800120d2 mem 0x0000000080031f50
core   0: 0x000000008000ff48 (0x00178713) addi    a4, a5, 1
core   0: 3 0x000000008000ff48 (0x00178713) x14 0x00000000800120d3
core   0: 0x000000008000ff4c (0xfee43023) sd      a4, -32(s0)
core   0: 3 0x000000008000ff4c (0xfee43023) mem 0x0000000080031f50 0x00000000800120d3
core   0: 0x000000008000ff50 (0xfc442703) lw      a4, -60(s0)
core   0: 3 0x000000008000ff50 (0xfc442703) x14 0x0000000000000000 mem 0x0000000080031f34
core   0: 0x000000008000ff54 (0x0ff77713) andi    a4, a4, 255
core   0: 3 0x000000008000ff54 (0x0ff77713) x14 0x0000000000000000
core   0: 0x000000008000ff58 (0x00e78023) sb      a4, 0(a5)
core   0: 3 0x000000008000ff58 (0x00e78023) mem 0x00000000800120d2 0x00
core   0: 0x000000008000ff5c (0xfc843703) ld      a4, -56(s0)
core   0: 3 0x000000008000ff5c (0xfc843703) x14 0x0000000080012040 mem 0x0000000080031f38
core   0: 0x000000008000ff60 (0xfb843783) ld      a5, -72(s0)
core   0: 3 0x000000008000ff60 (0xfb843783) x15 0x000000000000009c mem 0x0000000080031f28
core   0: 0x000000008000ff64 (0x000097ba) c.add   a5, a4
core   0: 3 0x000000008000ff64 (0x97ba) x15 0x00000000800120dc
core   0: 0x000000008000ff66 (0xfe043703) ld      a4, -32(s0)
core   0: 3 0x000000008000ff66 (0xfe043703) x14 0x00000000800120d3 mem 0x0000000080031f50
core   0: 0x000000008000ff6a (0xfcf76de3) bltu    a4, a5, pc - 38
core   0: 3 0x000000008000ff6a (0xfcf76de3)
core   0: 0x000000008000ff44 (0xfe043783) ld      a5, -32(s0)
core   0: 3 0x000000008000ff44 (0xfe043783) x15 0x00000000800120d3 mem 0x0000000080031f50
core   0: 0x000000008000ff48 (0x00178713) addi    a4, a5, 1
core   0: 3 0x000000008000ff48 (0x00178713) x14 0x00000000800120d4
core   0: 0x000000008000ff4c (0xfee43023) sd      a4, -32(s0)
core   0: 3 0x000000008000ff4c (0xfee43023) mem 0x0000000080031f50 0x00000000800120d4
core   0: 0x000000008000ff50 (0xfc442703) lw      a4, -60(s0)
core   0: 3 0x000000008000ff50 (0xfc442703) x14 0x0000000000000000 mem 0x0000000080031f34
core   0: 0x000000008000ff54 (0x0ff77713) andi    a4, a4, 255
core   0: 3 0x000000008000ff54 (0x0ff77713) x14 0x0000000000000000
core   0: 0x000000008000ff58 (0x00e78023) sb      a4, 0(a5)
core   0: 3 0x000000008000ff58 (0x00e78023) mem 0x00000000800120d3 0x00
core   0: 0x000000008000ff5c (0xfc843703) ld      a4, -56(s0)
core   0: 3 0x000000008000ff5c (0xfc843703) x14 0x0000000080012040 mem 0x0000000080031f38
core   0: 0x000000008000ff60 (0xfb843783) ld      a5, -72(s0)
core   0: 3 0x000000008000ff60 (0xfb843783) x15 0x000000000000009c mem 0x0000000080031f28
core   0: 0x000000008000ff64 (0x000097ba) c.add   a5, a4
core   0: 3 0x000000008000ff64 (0x97ba) x15 0x00000000800120dc
core   0: 0x000000008000ff66 (0xfe043703) ld      a4, -32(s0)
core   0: 3 0x000000008000ff66 (0xfe043703) x14 0x00000000800120d4 mem 0x0000000080031f50
core   0: 0x000000008000ff6a (0xfcf76de3) bltu    a4, a5, pc - 38
core   0: 3 0x000000008000ff6a (0xfcf76de3)
core   0: 0x000000008000ff44 (0xfe043783) ld      a5, -32(s0)
core   0: 3 0x000000008000ff44 (0xfe043783) x15 0x00000000800120d4 mem 0x0000000080031f50
core   0: 0x000000008000ff48 (0x00178713) addi    a4, a5, 1
core   0: 3 0x000000008000ff48 (0x00178713) x14 0x00000000800120d5
core   0: 0x000000008000ff4c (0xfee43023) sd      a4, -32(s0)
core   0: 3 0x000000008000ff4c (0xfee43023) mem 0x0000000080031f50 0x00000000800120d5
core   0: 0x000000008000ff50 (0xfc442703) lw      a4, -60(s0)
core   0: 3 0x000000008000ff50 (0xfc442703) x14 0x0000000000000000 mem 0x0000000080031f34
core   0: 0x000000008000ff54 (0x0ff77713) andi    a4, a4, 255
core   0: 3 0x000000008000ff54 (0x0ff77713) x14 0x0000000000000000
core   0: 0x000000008000ff58 (0x00e78023) sb      a4, 0(a5)
core   0: 3 0x000000008000ff58 (0x00e78023) mem 0x00000000800120d4 0x00
core   0: 0x000000008000ff5c (0xfc843703) ld      a4, -56(s0)
core   0: 3 0x000000008000ff5c (0xfc843703) x14 0x0000000080012040 mem 0x0000000080031f38
core   0: 0x000000008000ff60 (0xfb843783) ld      a5, -72(s0)
core   0: 3 0x000000008000ff60 (0xfb843783) x15 0x000000000000009c mem 0x0000000080031f28
core   0: 0x000000008000ff64 (0x000097ba) c.add   a5, a4
core   0: 3 0x000000008000ff64 (0x97ba) x15 0x00000000800120dc
core   0: 0x000000008000ff66 (0xfe043703) ld      a4, -32(s0)
core   0: 3 0x000000008000ff66 (0xfe043703) x14 0x00000000800120d5 mem 0x0000000080031f50
core   0: 0x000000008000ff6a (0xfcf76de3) bltu    a4, a5, pc - 38
core   0: 3 0x000000008000ff6a (0xfcf76de3)
core   0: 0x000000008000ff44 (0xfe043783) ld      a5, -32(s0)
core   0: 3 0x000000008000ff44 (0xfe043783) x15 0x00000000800120d5 mem 0x0000000080031f50
core   0: 0x000000008000ff48 (0x00178713) addi    a4, a5, 1
core   0: 3 0x000000008000ff48 (0x00178713) x14 0x00000000800120d6
core   0: 0x000000008000ff4c (0xfee43023) sd      a4, -32(s0)
core   0: 3 0x000000008000ff4c (0xfee43023) mem 0x0000000080031f50 0x00000000800120d6
core   0: 0x000000008000ff50 (0xfc442703) lw      a4, -60(s0)
core   0: 3 0x000000008000ff50 (0xfc442703) x14 0x0000000000000000 mem 0x0000000080031f34
core   0: 0x000000008000ff54 (0x0ff77713) andi    a4, a4, 255
core   0: 3 0x000000008000ff54 (0x0ff77713) x14 0x0000000000000000
core   0: 0x000000008000ff58 (0x00e78023) sb      a4, 0(a5)
core   0: 3 0x000000008000ff58 (0x00e78023) mem 0x00000000800120d5 0x00
core   0: 0x000000008000ff5c (0xfc843703) ld      a4, -56(s0)
core   0: 3 0x000000008000ff5c (0xfc843703) x14 0x0000000080012040 mem 0x0000000080031f38
core   0: 0x000000008000ff60 (0xfb843783) ld      a5, -72(s0)
core   0: 3 0x000000008000ff60 (0xfb843783) x15 0x000000000000009c mem 0x0000000080031f28
core   0: 0x000000008000ff64 (0x000097ba) c.add   a5, a4
core   0: 3 0x000000008000ff64 (0x97ba) x15 0x00000000800120dc
core   0: 0x000000008000ff66 (0xfe043703) ld      a4, -32(s0)
core   0: 3 0x000000008000ff66 (0xfe043703) x14 0x00000000800120d6 mem 0x0000000080031f50
core   0: 0x000000008000ff6a (0xfcf76de3) bltu    a4, a5, pc - 38
core   0: 3 0x000000008000ff6a (0xfcf76de3)
core   0: 0x000000008000ff44 (0xfe043783) ld      a5, -32(s0)
core   0: 3 0x000000008000ff44 (0xfe043783) x15 0x00000000800120d6 mem 0x0000000080031f50
core   0: 0x000000008000ff48 (0x00178713) addi    a4, a5, 1
core   0: 3 0x000000008000ff48 (0x00178713) x14 0x00000000800120d7
core   0: 0x000000008000ff4c (0xfee43023) sd      a4, -32(s0)
core   0: 3 0x000000008000ff4c (0xfee43023) mem 0x0000000080031f50 0x00000000800120d7
core   0: 0x000000008000ff50 (0xfc442703) lw      a4, -60(s0)
core   0: 3 0x000000008000ff50 (0xfc442703) x14 0x0000000000000000 mem 0x0000000080031f34
core   0: 0x000000008000ff54 (0x0ff77713) andi    a4, a4, 255
core   0: 3 0x000000008000ff54 (0x0ff77713) x14 0x0000000000000000
core   0: 0x000000008000ff58 (0x00e78023) sb      a4, 0(a5)
core   0: 3 0x000000008000ff58 (0x00e78023) mem 0x00000000800120d6 0x00
core   0: 0x000000008000ff5c (0xfc843703) ld      a4, -56(s0)
core   0: 3 0x000000008000ff5c (0xfc843703) x14 0x0000000080012040 mem 0x0000000080031f38
core   0: 0x000000008000ff60 (0xfb843783) ld      a5, -72(s0)
core   0: 3 0x000000008000ff60 (0xfb843783) x15 0x000000000000009c mem 0x0000000080031f28
core   0: 0x000000008000ff64 (0x000097ba) c.add   a5, a4
core   0: 3 0x000000008000ff64 (0x97ba) x15 0x00000000800120dc
core   0: 0x000000008000ff66 (0xfe043703) ld      a4, -32(s0)
core   0: 3 0x000000008000ff66 (0xfe043703) x14 0x00000000800120d7 mem 0x0000000080031f50
core   0: 0x000000008000ff6a (0xfcf76de3) bltu    a4, a5, pc - 38
core   0: 3 0x000000008000ff6a (0xfcf76de3)
core   0: 0x000000008000ff44 (0xfe043783) ld      a5, -32(s0)
core   0: 3 0x000000008000ff44 (0xfe043783) x15 0x00000000800120d7 mem 0x0000000080031f50
core   0: 0x000000008000ff48 (0x00178713) addi    a4, a5, 1
core   0: 3 0x000000008000ff48 (0x00178713) x14 0x00000000800120d8
core   0: 0x000000008000ff4c (0xfee43023) sd      a4, -32(s0)
core   0: 3 0x000000008000ff4c (0xfee43023) mem 0x0000000080031f50 0x00000000800120d8
core   0: 0x000000008000ff50 (0xfc442703) lw      a4, -60(s0)
core   0: 3 0x000000008000ff50 (0xfc442703) x14 0x0000000000000000 mem 0x0000000080031f34
core   0: 0x000000008000ff54 (0x0ff77713) andi    a4, a4, 255
core   0: 3 0x000000008000ff54 (0x0ff77713) x14 0x0000000000000000
core   0: 0x000000008000ff58 (0x00e78023) sb      a4, 0(a5)
core   0: 3 0x000000008000ff58 (0x00e78023) mem 0x00000000800120d7 0x00
core   0: 0x000000008000ff5c (0xfc843703) ld      a4, -56(s0)
core   0: 3 0x000000008000ff5c (0xfc843703) x14 0x0000000080012040 mem 0x0000000080031f38
core   0: 0x000000008000ff60 (0xfb843783) ld      a5, -72(s0)
core   0: 3 0x000000008000ff60 (0xfb843783) x15 0x000000000000009c mem 0x0000000080031f28
core   0: 0x000000008000ff64 (0x000097ba) c.add   a5, a4
core   0: 3 0x000000008000ff64 (0x97ba) x15 0x00000000800120dc
core   0: 0x000000008000ff66 (0xfe043703) ld      a4, -32(s0)
core   0: 3 0x000000008000ff66 (0xfe043703) x14 0x00000000800120d8 mem 0x0000000080031f50
core   0: 0x000000008000ff6a (0xfcf76de3) bltu    a4, a5, pc - 38
core   0: 3 0x000000008000ff6a (0xfcf76de3)
core   0: 0x000000008000ff44 (0xfe043783) ld      a5, -32(s0)
core   0: 3 0x000000008000ff44 (0xfe043783) x15 0x00000000800120d8 mem 0x0000000080031f50
core   0: 0x000000008000ff48 (0x00178713) addi    a4, a5, 1
core   0: 3 0x000000008000ff48 (0x00178713) x14 0x00000000800120d9
core   0: 0x000000008000ff4c (0xfee43023) sd      a4, -32(s0)
core   0: 3 0x000000008000ff4c (0xfee43023) mem 0x0000000080031f50 0x00000000800120d9
core   0: 0x000000008000ff50 (0xfc442703) lw      a4, -60(s0)
core   0: 3 0x000000008000ff50 (0xfc442703) x14 0x0000000000000000 mem 0x0000000080031f34
core   0: 0x000000008000ff54 (0x0ff77713) andi    a4, a4, 255
core   0: 3 0x000000008000ff54 (0x0ff77713) x14 0x0000000000000000
core   0: 0x000000008000ff58 (0x00e78023) sb      a4, 0(a5)
core   0: 3 0x000000008000ff58 (0x00e78023) mem 0x00000000800120d8 0x00
core   0: 0x000000008000ff5c (0xfc843703) ld      a4, -56(s0)
core   0: 3 0x000000008000ff5c (0xfc843703) x14 0x0000000080012040 mem 0x0000000080031f38
core   0: 0x000000008000ff60 (0xfb843783) ld      a5, -72(s0)
core   0: 3 0x000000008000ff60 (0xfb843783) x15 0x000000000000009c mem 0x0000000080031f28
core   0: 0x000000008000ff64 (0x000097ba) c.add   a5, a4
core   0: 3 0x000000008000ff64 (0x97ba) x15 0x00000000800120dc
core   0: 0x000000008000ff66 (0xfe043703) ld      a4, -32(s0)
core   0: 3 0x000000008000ff66 (0xfe043703) x14 0x00000000800120d9 mem 0x0000000080031f50
core   0: 0x000000008000ff6a (0xfcf76de3) bltu    a4, a5, pc - 38
core   0: 3 0x000000008000ff6a (0xfcf76de3)
core   0: 0x000000008000ff44 (0xfe043783) ld      a5, -32(s0)
core   0: 3 0x000000008000ff44 (0xfe043783) x15 0x00000000800120d9 mem 0x0000000080031f50
core   0: 0x000000008000ff48 (0x00178713) addi    a4, a5, 1
core   0: 3 0x000000008000ff48 (0x00178713) x14 0x00000000800120da
core   0: 0x000000008000ff4c (0xfee43023) sd      a4, -32(s0)
core   0: 3 0x000000008000ff4c (0xfee43023) mem 0x0000000080031f50 0x00000000800120da
core   0: 0x000000008000ff50 (0xfc442703) lw      a4, -60(s0)
core   0: 3 0x000000008000ff50 (0xfc442703) x14 0x0000000000000000 mem 0x0000000080031f34
core   0: 0x000000008000ff54 (0x0ff77713) andi    a4, a4, 255
core   0: 3 0x000000008000ff54 (0x0ff77713) x14 0x0000000000000000
core   0: 0x000000008000ff58 (0x00e78023) sb      a4, 0(a5)
core   0: 3 0x000000008000ff58 (0x00e78023) mem 0x00000000800120d9 0x00
core   0: 0x000000008000ff5c (0xfc843703) ld      a4, -56(s0)
core   0: 3 0x000000008000ff5c (0xfc843703) x14 0x0000000080012040 mem 0x0000000080031f38
core   0: 0x000000008000ff60 (0xfb843783) ld      a5, -72(s0)
core   0: 3 0x000000008000ff60 (0xfb843783) x15 0x000000000000009c mem 0x0000000080031f28
core   0: 0x000000008000ff64 (0x000097ba) c.add   a5, a4
core   0: 3 0x000000008000ff64 (0x97ba) x15 0x00000000800120dc
core   0: 0x000000008000ff66 (0xfe043703) ld      a4, -32(s0)
core   0: 3 0x000000008000ff66 (0xfe043703) x14 0x00000000800120da mem 0x0000000080031f50
core   0: 0x000000008000ff6a (0xfcf76de3) bltu    a4, a5, pc - 38
core   0: 3 0x000000008000ff6a (0xfcf76de3)
core   0: 0x000000008000ff44 (0xfe043783) ld      a5, -32(s0)
core   0: 3 0x000000008000ff44 (0xfe043783) x15 0x00000000800120da mem 0x0000000080031f50
core   0: 0x000000008000ff48 (0x00178713) addi    a4, a5, 1
core   0: 3 0x000000008000ff48 (0x00178713) x14 0x00000000800120db
core   0: 0x000000008000ff4c (0xfee43023) sd      a4, -32(s0)
core   0: 3 0x000000008000ff4c (0xfee43023) mem 0x0000000080031f50 0x00000000800120db
core   0: 0x000000008000ff50 (0xfc442703) lw      a4, -60(s0)
core   0: 3 0x000000008000ff50 (0xfc442703) x14 0x0000000000000000 mem 0x0000000080031f34
core   0: 0x000000008000ff54 (0x0ff77713) andi    a4, a4, 255
core   0: 3 0x000000008000ff54 (0x0ff77713) x14 0x0000000000000000
core   0: 0x000000008000ff58 (0x00e78023) sb      a4, 0(a5)
core   0: 3 0x000000008000ff58 (0x00e78023) mem 0x00000000800120da 0x00
core   0: 0x000000008000ff5c (0xfc843703) ld      a4, -56(s0)
core   0: 3 0x000000008000ff5c (0xfc843703) x14 0x0000000080012040 mem 0x0000000080031f38
core   0: 0x000000008000ff60 (0xfb843783) ld      a5, -72(s0)
core   0: 3 0x000000008000ff60 (0xfb843783) x15 0x000000000000009c mem 0x0000000080031f28
core   0: 0x000000008000ff64 (0x000097ba) c.add   a5, a4
core   0: 3 0x000000008000ff64 (0x97ba) x15 0x00000000800120dc
core   0: 0x000000008000ff66 (0xfe043703) ld      a4, -32(s0)
core   0: 3 0x000000008000ff66 (0xfe043703) x14 0x00000000800120db mem 0x0000000080031f50
core   0: 0x000000008000ff6a (0xfcf76de3) bltu    a4, a5, pc - 38
core   0: 3 0x000000008000ff6a (0xfcf76de3)
core   0: 0x000000008000ff44 (0xfe043783) ld      a5, -32(s0)
core   0: 3 0x000000008000ff44 (0xfe043783) x15 0x00000000800120db mem 0x0000000080031f50
core   0: 0x000000008000ff48 (0x00178713) addi    a4, a5, 1
core   0: 3 0x000000008000ff48 (0x00178713) x14 0x00000000800120dc
core   0: 0x000000008000ff4c (0xfee43023) sd      a4, -32(s0)
core   0: 3 0x000000008000ff4c (0xfee43023) mem 0x0000000080031f50 0x00000000800120dc
core   0: 0x000000008000ff50 (0xfc442703) lw      a4, -60(s0)
core   0: 3 0x000000008000ff50 (0xfc442703) x14 0x0000000000000000 mem 0x0000000080031f34
core   0: 0x000000008000ff54 (0x0ff77713) andi    a4, a4, 255
core   0: 3 0x000000008000ff54 (0x0ff77713) x14 0x0000000000000000
core   0: 0x000000008000ff58 (0x00e78023) sb      a4, 0(a5)
core   0: 3 0x000000008000ff58 (0x00e78023) mem 0x00000000800120db 0x00
core   0: 0x000000008000ff5c (0xfc843703) ld      a4, -56(s0)
core   0: 3 0x000000008000ff5c (0xfc843703) x14 0x0000000080012040 mem 0x0000000080031f38
core   0: 0x000000008000ff60 (0xfb843783) ld      a5, -72(s0)
core   0: 3 0x000000008000ff60 (0xfb843783) x15 0x000000000000009c mem 0x0000000080031f28
core   0: 0x000000008000ff64 (0x000097ba) c.add   a5, a4
core   0: 3 0x000000008000ff64 (0x97ba) x15 0x00000000800120dc
core   0: 0x000000008000ff66 (0xfe043703) ld      a4, -32(s0)
core   0: 3 0x000000008000ff66 (0xfe043703) x14 0x00000000800120dc mem 0x0000000080031f50
core   0: 0x000000008000ff6a (0xfcf76de3) bltu    a4, a5, pc - 38
core   0: 3 0x000000008000ff6a (0xfcf76de3)
core   0: 0x000000008000ff6e (0xfc843783) ld      a5, -56(s0)
core   0: 3 0x000000008000ff6e (0xfc843783) x15 0x0000000080012040 mem 0x0000000080031f38
core   0: 0x000000008000ff72 (0x0000853e) c.mv    a0, a5
core   0: 3 0x000000008000ff72 (0x853e) x10 0x0000000080012040
core   0: 0x000000008000ff74 (0x00006426) c.ldsp  s0, 72(sp)
core   0: 3 0x000000008000ff74 (0x6426) x8  0x0000000080031f90 mem 0x0000000080031f68
core   0: 0x000000008000ff76 (0x00006161) c.addi16sp sp, 80
core   0: 3 0x000000008000ff76 (0x6161) x2  0x0000000080031f70
core   0: 0x000000008000ff78 (0x00008082) ret
core   0: 3 0x000000008000ff78 (0x8082)
core   0: 0x000000008000f52c (0x00000001) c.nop
core   0: 3 0x000000008000f52c (0x0001)
core   0: 0x000000008000f52e (0x000060e2) c.ldsp  ra, 24(sp)
core   0: 3 0x000000008000f52e (0x60e2) x1  0x000000008000f56c mem 0x0000000080031f88
core   0: 0x000000008000f530 (0x00006442) c.ldsp  s0, 16(sp)
core   0: 3 0x000000008000f530 (0x6442) x8  0x0000000080032040 mem 0x0000000080031f80
core   0: 0x000000008000f532 (0x00006105) c.addi16sp sp, 32
core   0: 3 0x000000008000f532 (0x6105) x2  0x0000000080031f90
core   0: 0x000000008000f534 (0x00008082) ret
core   0: 3 0x000000008000f534 (0x8082)
core   0: 0x000000008000f56c (0xf5842703) lw      a4, -168(s0)
core   0: 3 0x000000008000f56c (0xf5842703) x14 0x0000000000000001 mem 0x0000000080031f98
core   0: 0x000000008000f570 (0xf5c42783) lw      a5, -164(s0)
core   0: 3 0x000000008000f570 (0xf5c42783) x15 0x0000000000000000 mem 0x0000000080031f9c
core   0: 0x000000008000f574 (0x000085ba) c.mv    a1, a4
core   0: 3 0x000000008000f574 (0x85ba) x11 0x0000000000000001
core   0: 0x000000008000f576 (0x0000853e) c.mv    a0, a5
core   0: 3 0x000000008000f576 (0x853e) x10 0x0000000000000000
core   0: 0x000000008000f578 (0xf03ff0ef) jal     pc - 0xfe
core   0: 3 0x000000008000f578 (0xf03ff0ef) x1  0x000000008000f57c
core   0: >>>>  thread_entry
core   0: 0x000000008000f47a (0x00001101) c.addi  sp, -32
core   0: 3 0x000000008000f47a (0x1101) x2  0x0000000080031f70
core   0: 0x000000008000f47c (0x0000ec22) c.sdsp  s0, 24(sp)
core   0: 3 0x000000008000f47c (0xec22) mem 0x0000000080031f88 0x0000000080032040
core   0: 0x000000008000f47e (0x00001000) c.addi4spn s0, sp, 32
core   0: 3 0x000000008000f47e (0x1000) x8  0x0000000080031f90
core   0: 0x000000008000f480 (0x000087aa) c.mv    a5, a0
core   0: 3 0x000000008000f480 (0x87aa) x15 0x0000000000000000
core   0: 0x000000008000f482 (0x0000872e) c.mv    a4, a1
core   0: 3 0x000000008000f482 (0x872e) x14 0x0000000000000001
core   0: 0x000000008000f484 (0xfef42623) sw      a5, -20(s0)
core   0: 3 0x000000008000f484 (0xfef42623) mem 0x0000000080031f7c 0x00000000
core   0: 0x000000008000f488 (0x000087ba) c.mv    a5, a4
core   0: 3 0x000000008000f488 (0x87ba) x15 0x0000000000000001
core   0: 0x000000008000f48a (0xfef42423) sw      a5, -24(s0)
core   0: 3 0x000000008000f48a (0xfef42423) mem 0x0000000080031f78 0x00000001
core   0: 0x000000008000f48e (0x00000001) c.nop
core   0: 3 0x000000008000f48e (0x0001)
core   0: 0x000000008000f490 (0xfec42783) lw      a5, -20(s0)
core   0: 3 0x000000008000f490 (0xfec42783) x15 0x0000000000000000 mem 0x0000000080031f7c
core   0: 0x000000008000f494 (0x00002781) c.addiw a5, 0
core   0: 3 0x000000008000f494 (0x2781) x15 0x0000000000000000
core   0: 0x000000008000f496 (0x0000ffed) c.bnez  a5, pc - 6
core   0: 3 0x000000008000f496 (0xffed)
core   0: 0x000000008000f498 (0x00000001) c.nop
core   0: 3 0x000000008000f498 (0x0001)
core   0: 0x000000008000f49a (0x00000001) c.nop
core   0: 3 0x000000008000f49a (0x0001)
core   0: 0x000000008000f49c (0x00006462) c.ldsp  s0, 24(sp)
core   0: 3 0x000000008000f49c (0x6462) x8  0x0000000080032040 mem 0x0000000080031f88
core   0: 0x000000008000f49e (0x00006105) c.addi16sp sp, 32
core   0: 3 0x000000008000f49e (0x6105) x2  0x0000000080031f90
core   0: 0x000000008000f4a0 (0x00008082) ret
core   0: 3 0x000000008000f4a0 (0x8082)
core   0: 0x000000008000f57c (0x00004581) c.li    a1, 0
core   0: 3 0x000000008000f57c (0x4581) x11 0x0000000000000000
core   0: 0x000000008000f57e (0x00004501) c.li    a0, 0
core   0: 3 0x000000008000f57e (0x4501) x10 0x0000000000000000
core   0: 0x000000008000f580 (0xa81f20ef) jal     pc - 0xd580
core   0: 3 0x000000008000f580 (0xa81f20ef) x1  0x000000008000f584
core   0: >>>>  main
core   0: 0x0000000080002000 (0x00000001) c.nop
core   0: 3 0x0000000080002000 (0x0001)
core   0: >>>>  trap_vec_init
core   0: 0x0000000080002002 (0x00002797) auipc   a5, 0x2
core   0: 3 0x0000000080002002 (0x00002797) x15 0x0000000080004002
core   0: 0x0000000080002006 (0xffe78793) addi    a5, a5, -2
core   0: 3 0x0000000080002006 (0xffe78793) x15 0x0000000080004000
core   0: 0x000000008000200a (0x30579073) csrrw   zero, mtvec, a5
core   0: 3 0x000000008000200a (0x30579073) c773_mtvec 0x0000000080004000
core   0: >>>>  pmp_setup
core   0: 0x000000008000200e (0x00002c17) auipc   s8, 0x2
core   0: 3 0x000000008000200e (0x00002c17) x24 0x000000008000400e
core   0: 0x0000000080002012 (0x022c0c13) addi    s8, s8, 34
core   0: 3 0x0000000080002012 (0x022c0c13) x24 0x0000000080004030
core   0: 0x0000000080002016 (0x00004781) c.li    a5, 0
core   0: 3 0x0000000080002016 (0x4781) x15 0x0000000000000000
core   0: 0x0000000080002018 (0x00009c3e) c.add   s8, a5
core   0: 3 0x0000000080002018 (0x9c3e) x24 0x0000000080004030
core   0: 0x000000008000201a (0x3b0c1073) csrrw   zero, pmpaddr0, s8
core   0: 3 0x000000008000201a (0x3b0c1073) c944_pmpaddr0 0x0000000080004030
core   0: 0x000000008000201e (0x00004c3d) c.li    s8, 15
core   0: 3 0x000000008000201e (0x4c3d) x24 0x000000000000000f
core   0: 0x0000000080002020 (0x3a0c1073) csrrw   zero, pmpcfg0, s8
core   0: 3 0x0000000080002020 (0x3a0c1073) c928_pmpcfg0 0x000000000000000f
core   0: 0x0000000080002024 (0x12000073) sfence.vma zero, zero
core   0: 3 0x0000000080002024 (0x12000073)
core   0: >>>>  mepc_setup
core   0: 0x0000000080002028 (0x00002797) auipc   a5, 0x2
core   0: 3 0x0000000080002028 (0x00002797) x15 0x0000000080004028
core   0: 0x000000008000202c (0x00878793) addi    a5, a5, 8
core   0: 3 0x000000008000202c (0x00878793) x15 0x0000000080004030
core   0: 0x0000000080002030 (0x34179073) csrrw   zero, mepc, a5
core   0: 3 0x0000000080002030 (0x34179073) c833_mepc 0x0000000080004030
core   0: >>>>  custom_csr_setup
core   0: 0x0000000080002034 (0x00100f9b) addiw   t6, zero, 1
core   0: 3 0x0000000080002034 (0x00100f9b) x31 0x0000000000000001
core   0: 0x0000000080002038 (0x00000ffe) c.slli  t6, 31
core   0: 3 0x0000000080002038 (0x0ffe) x31 0x0000000080000000
core   0: 0x000000008000203a (0x00000001) c.nop
core   0: 3 0x000000008000203a (0x0001)
core   0: >>>>  init_s_mode
core   0: 0x000000008000203c (0xfff0079b) addiw   a5, zero, -1
core   0: 3 0x000000008000203c (0xfff0079b) x15 0xffffffffffffffff
core   0: 0x0000000080002040 (0x000017fe) c.slli  a5, 63
core   0: 3 0x0000000080002040 (0x17fe) x15 0x8000000000000000
core   0: 0x0000000080002042 (0x18079073) csrrw   zero, satp, a5
core   0: 3 0x0000000080002042 (0x18079073) c384_satp 0x8000000000000000
core   0: 0x0000000080002046 (0x0000f797) auipc   a5, 0xf
core   0: 3 0x0000000080002046 (0x0000f797) x15 0x0000000080011046
core   0: 0x000000008000204a (0xfba78793) addi    a5, a5, -70
core   0: 3 0x000000008000204a (0xfba78793) x15 0x0000000080011000
core   0: 0x000000008000204e (0x000083b1) c.srli  a5, 12
core   0: 3 0x000000008000204e (0x83b1) x15 0x0000000000080011
core   0: 0x0000000080002050 (0x0010061b) addiw   a2, zero, 1
core   0: 3 0x0000000080002050 (0x0010061b) x12 0x0000000000000001
core   0: 0x0000000080002054 (0x00001632) c.slli  a2, 44
core   0: 3 0x0000000080002054 (0x1632) x12 0x0000100000000000
core   0: 0x0000000080002056 (0x0000167d) c.addi  a2, -1
core   0: 3 0x0000000080002056 (0x167d) x12 0x00000fffffffffff
core   0: 0x0000000080002058 (0x00008ff1) c.and   a5, a2
core   0: 3 0x0000000080002058 (0x8ff1) x15 0x0000000000080011
core   0: 0x000000008000205a (0x1807a073) csrrs   zero, satp, a5
core   0: 3 0x000000008000205a (0x1807a073) c384_satp 0x8000000000080011
core   0: 0x000000008000205e (0x00a005b7) lui     a1, 0xa00
core   0: 3 0x000000008000205e (0x00a005b7) x11 0x0000000000a00000
core   0: 0x0000000080002062 (0x10b5859b) addiw   a1, a1, 267
core   0: 3 0x0000000080002062 (0x10b5859b) x11 0x0000000000a0010b
core   0: 0x0000000080002066 (0x000005b2) c.slli  a1, 12
core   0: 3 0x0000000080002066 (0x05b2) x11 0x0000000a0010b000
core   0: 0x0000000080002068 (0xa0058593) addi    a1, a1, -1536
core   0: 3 0x0000000080002068 (0xa0058593) x11 0x0000000a0010aa00
core   0: 0x000000008000206c (0x30059073) csrrw   zero, mstatus, a1
core   0: 3 0x000000008000206c (0x30059073) c768_mstatus 0x0000000a00102800
core   0: 0x0000000080002070 (0x30459073) csrrw   zero, mie, a1
core   0: 3 0x0000000080002070 (0x30459073) c772_mie 0x0000000000000a00
core   0: 0x0000000080002074 (0x00a005b7) lui     a1, 0xa00
core   0: 3 0x0000000080002074 (0x00a005b7) x11 0x0000000000a00000
core   0: 0x0000000080002078 (0x10b5859b) addiw   a1, a1, 267
core   0: 3 0x0000000080002078 (0x10b5859b) x11 0x0000000000a0010b
core   0: 0x000000008000207c (0x000005b2) c.slli  a1, 12
core   0: 3 0x000000008000207c (0x05b2) x11 0x0000000a0010b000
core   0: 0x000000008000207e (0xa0058593) addi    a1, a1, -1536
core   0: 3 0x000000008000207e (0xa0058593) x11 0x0000000a0010aa00
core   0: 0x0000000080002082 (0x10059073) csrrw   zero, sstatus, a1
core   0: 3 0x0000000080002082 (0x10059073) c768_mstatus 0x0000000a00102800
core   0: 0x0000000080002086 (0x10459073) csrrw   zero, sie, a1
core   0: 3 0x0000000080002086 (0x10459073) c772_mie 0x0000000000000a00
core   0: 0x000000008000208a (0x30200073) mret
core   0: 3 0x000000008000208a (0x30200073) c768_mstatus 0x0000000a00102080
core   0: >>>>  main_g
core   0: 0x0000000080004030 (0x024d0eb3) mul     t4, s10, tp
core   0: 1 0x0000000080004030 (0x024d0eb3) x29 0x0000000000000000
core   0: 0x0000000080004034 (0x00bdddb3) srl     s11, s11, a1
core   0: 1 0x0000000080004034 (0x00bdddb3) x27 0x0000000000000000
core   0: 0x0000000080004038 (0x105a54f3) csrrwi  s1, stvec, 20
core   0: 1 0x0000000080004038 (0x105a54f3) x9  0x0000000000000000 c261_stvec 0x0000000000000014
core   0: 0x000000008000403c (0xe20000d3) fmv.x.d ra, ft0
core   0: 1 0x000000008000403c (0xe20000d3) x1  0xffffffff00000000
core   0: 0x0000000080004040 (0x00000001) c.nop
core   0: 1 0x0000000080004040 (0x0001)
core   0: 0x0000000080004042 (0x420a8ad3) fcvt.d.s fs5, fs5
core   0: 1 0x0000000080004042 (0x420a8ad3) c768_mstatus 0x8000000a00106080 f21 0x0000000000000000
core   0: 0x0000000080004046 (0xd20c84d3) fcvt.d.w fs1, s9
core   0: 1 0x0000000080004046 (0xd20c84d3) f9  0x0000000000000000
core   0: 0x000000008000404a (0x4017f753) fcvt.s.d fa4, fa5
core   0: 1 0x000000008000404a (0x4017f753) f14 0xffffffff7fc00000
core   0: 0x000000008000404e (0x8d258a1b) addiw   s4, a1, -1838
core   0: 1 0x000000008000404e (0x8d258a1b) x20 0x000000000010a2d2
core   0: 0x0000000080004052 (0xd0237453) fcvt.s.l fs0, t1
core   0: 1 0x0000000080004052 (0xd0237453) f8  0xffffffff00000000
core   0: 0x0000000080004056 (0xf12737f3) csrrc   a5, marchid, a4
core   0: exception trap_illegal_instruction, epc 0x0000000080004056
core   0:           tval 0x00000000f12737f3
core   0: >>>>  $xrv64i2p1_m2p0_a2p1_f2p2_d2p2_zicsr2p0_zifencei2p0_zmmul1p0_zba1p0_zbb1p0_zbc1p0_zbs1p0
core   0: 0x0000000080004000 (0x0080006f) j       pc + 0x8
core   0: 3 0x0000000080004000 (0x0080006f)
core   0: >>>>  mmode_exception_handler
core   0: 0x0000000080004008 (0x00002c17) auipc   s8, 0x2
core   0: 3 0x0000000080004008 (0x00002c17) x24 0x0000000080006008
core   0: 0x000000008000400c (0x00ec0c13) addi    s8, s8, 14
core   0: 3 0x000000008000400c (0x00ec0c13) x24 0x0000000080006016
core   0: 0x0000000080004010 (0x000c00e7) jalr    s8
core   0: 3 0x0000000080004010 (0x000c00e7) x1  0x0000000080004014
core   0: >>>>  any_handler
core   0: 0x0000000080006016 (0x341027f3) csrrs   a5, mepc, zero
core   0: 3 0x0000000080006016 (0x341027f3) x15 0x0000000080004056
core   0: 0x000000008000601a (0x34202773) csrrs   a4, mcause, zero
core   0: 3 0x000000008000601a (0x34202773) x14 0x0000000000000002
core   0: 0x000000008000601e (0x142026f3) csrrs   a3, scause, zero
core   0: 3 0x000000008000601e (0x142026f3) x13 0x0000000000000000
core   0: 0x0000000080006022 (0x30402673) csrrs   a2, mie, zero
core   0: 3 0x0000000080006022 (0x30402673) x12 0x0000000000000a00
core   0: 0x0000000080006026 (0x344025f3) csrrs   a1, mip, zero
core   0: 3 0x0000000080006026 (0x344025f3) x11 0x0000000000000080
core   0: 0x000000008000602a (0x343025f3) csrrs   a1, mtval, zero
core   0: 3 0x000000008000602a (0x343025f3) x11 0x00000000f12737f3
core   0: 0x000000008000602e (0x14302573) csrrs   a0, stval, zero
core   0: 3 0x000000008000602e (0x14302573) x10 0x0000000000000000
core   0: 0x0000000080006032 (0xb02024f3) csrrs   s1, minstret, zero
core   0: 3 0x0000000080006032 (0xb02024f3) x9  0x00000000000007d5
core   0: 0x0000000080006036 (0x0000a811) c.j     pc + 20
core   0: 3 0x0000000080006036 (0xa811)
core   0: >>>>  mepc_4
core   0: 0x000000008000604a (0x00000791) c.addi  a5, 4
core   0: 3 0x000000008000604a (0x0791) x15 0x000000008000405a
core   0: 0x000000008000604c (0x34179073) csrrw   zero, mepc, a5
core   0: 3 0x000000008000604c (0x34179073) c833_mepc 0x000000008000405a
core   0: 0x0000000080006050 (0x30200073) mret
core   0: 3 0x0000000080006050 (0x30200073) c768_mstatus 0x8000000a00106080
core   0: 0x000000008000405a (0x021d6e3b) remw    t3, s10, ra
core   0: 1 0x000000008000405a (0x021d6e3b) x28 0x0000000000000000
core   0: 0x000000008000405e (0x002ac3b3) xor     t2, s5, sp
core   0: 1 0x000000008000405e (0x002ac3b3) x7  0x0000000080031f90
core   0: 0x0000000080004062 (0x40f387b3) sub     a5, t2, a5
core   0: 1 0x0000000080004062 (0x40f387b3) x15 0x000000000002df36
core   0: 0x0000000080004066 (0x0087ceb3) xor     t4, a5, s0
core   0: 1 0x0000000080004066 (0x0087ceb3) x29 0x000000008001ff76
core   0: 0x000000008000406a (0x001c1a13) slli    s4, s8, 1
core   0: 1 0x000000008000406a (0x001c1a13) x20 0x000000010000c02c
core   0: 0x000000008000406e (0x40405793) srai    a5, zero, 4
core   0: 1 0x000000008000406e (0x40405793) x15 0x0000000000000000
core   0: 0x0000000080004072 (0x0a88f8d3) fsub.d  fa7, fa7, fs0
core   0: 1 0x0000000080004072 (0x0a88f8d3) f17 0x7ff8000000000000
core   0: 0x0000000080004076 (0x42010e53) fcvt.d.s ft8, ft2
core   0: 1 0x0000000080004076 (0x42010e53) f28 0x0000000000000000
core   0: 0x000000008000407a (0xc4ea011b) addiw   sp, s4, -946
core   0: 1 0x000000008000407a (0xc4ea011b) x2  0x000000000000bc7a
core   0: 0x000000008000407e (0x00a18ab7) lui     s5, 0xa18
core   0: 1 0x000000008000407e (0x00a18ab7) x21 0x0000000000a18000
core   0: 0x0000000080004082 (0x007adcbb) srlw    s9, s5, t2
core   0: 1 0x0000000080004082 (0x007adcbb) x25 0x00000000000000a1
core   0: 0x0000000080004086 (0x02e2f2bb) remuw   t0, t0, a4
core   0: 1 0x0000000080004086 (0x02e2f2bb) x5  0x0000000000000000
core   0: 0x000000008000408a (0x2b050553) fmin.d  fa0, fa0, fa6
core   0: 1 0x000000008000408a (0x2b050553) f10 0x7ff8000000000000
core   0: 0x000000008000408e (0x0004dc93) srli    s9, s1, 0
core   0: 1 0x000000008000408e (0x0004dc93) x25 0x00000000000007d5
core   0: 0x0000000080004092 (0xc2167553) fcvt.wu.d a0, fa2
core   0: 1 0x0000000080004092 (0xc2167553) c1_fflags 0x0000000000000010 x10 0xffffffffffffffff
core   0: 0x0000000080004096 (0x01d71693) slli    a3, a4, 29
core   0: 1 0x0000000080004096 (0x01d71693) x13 0x0000000040000000
core   0: 0x000000008000409a (0x02a7d633) divu    a2, a5, a0
core   0: 1 0x000000008000409a (0x02a7d633) x12 0x0000000000000000
core   0: 0x000000008000409e (0x41b5d5bb) sraw    a1, a1, s11
core   0: 1 0x000000008000409e (0x41b5d5bb) x11 0xfffffffff12737f3
core   0: 0x00000000800040a2 (0x0040d713) srli    a4, ra, 4
core   0: 1 0x00000000800040a2 (0x0040d713) x14 0x0000000008000401
core   0: 0x00000000800040a6 (0x00000001) c.nop
core   0: 1 0x00000000800040a6 (0x0001)
core   0: 0x00000000800040a8 (0xf140faf3) csrrci  s5, mhartid, 1
core   0: exception trap_illegal_instruction, epc 0x00000000800040a8
core   0:           tval 0x00000000f140faf3
core   0: >>>>  $xrv64i2p1_m2p0_a2p1_f2p2_d2p2_zicsr2p0_zifencei2p0_zmmul1p0_zba1p0_zbb1p0_zbc1p0_zbs1p0
core   0: 0x0000000080004000 (0x0080006f) j       pc + 0x8
core   0: 3 0x0000000080004000 (0x0080006f)
core   0: >>>>  mmode_exception_handler
core   0: 0x0000000080004008 (0x00002c17) auipc   s8, 0x2
core   0: 3 0x0000000080004008 (0x00002c17) x24 0x0000000080006008
core   0: 0x000000008000400c (0x00ec0c13) addi    s8, s8, 14
core   0: 3 0x000000008000400c (0x00ec0c13) x24 0x0000000080006016
core   0: 0x0000000080004010 (0x000c00e7) jalr    s8
core   0: 3 0x0000000080004010 (0x000c00e7) x1  0x0000000080004014
core   0: >>>>  any_handler
core   0: 0x0000000080006016 (0x341027f3) csrrs   a5, mepc, zero
core   0: 3 0x0000000080006016 (0x341027f3) x15 0x00000000800040a8
core   0: 0x000000008000601a (0x34202773) csrrs   a4, mcause, zero
core   0: 3 0x000000008000601a (0x34202773) x14 0x0000000000000002
core   0: 0x000000008000601e (0x142026f3) csrrs   a3, scause, zero
core   0: 3 0x000000008000601e (0x142026f3) x13 0x0000000000000000
core   0: 0x0000000080006022 (0x30402673) csrrs   a2, mie, zero
core   0: 3 0x0000000080006022 (0x30402673) x12 0x0000000000000a00
core   0: 0x0000000080006026 (0x344025f3) csrrs   a1, mip, zero
core   0: 3 0x0000000080006026 (0x344025f3) x11 0x0000000000000080
core   0: 0x000000008000602a (0x343025f3) csrrs   a1, mtval, zero
core   0: 3 0x000000008000602a (0x343025f3) x11 0x00000000f140faf3
core   0: 0x000000008000602e (0x14302573) csrrs   a0, stval, zero
core   0: 3 0x000000008000602e (0x14302573) x10 0x0000000000000000
core   0: 0x0000000080006032 (0xb02024f3) csrrs   s1, minstret, zero
core   0: 3 0x0000000080006032 (0xb02024f3) x9  0x00000000000007f9
core   0: 0x0000000080006036 (0x0000a811) c.j     pc + 20
core   0: 3 0x0000000080006036 (0xa811)
core   0: >>>>  mepc_4
core   0: 0x000000008000604a (0x00000791) c.addi  a5, 4
core   0: 3 0x000000008000604a (0x0791) x15 0x00000000800040ac
core   0: 0x000000008000604c (0x34179073) csrrw   zero, mepc, a5
core   0: 3 0x000000008000604c (0x34179073) c833_mepc 0x00000000800040ac
core   0: 0x0000000080006050 (0x30200073) mret
core   0: 3 0x0000000080006050 (0x30200073) c768_mstatus 0x8000000a00106080
core   0: 0x00000000800040ac (0x2b4a12d3) fmax.d  ft5, fs4, fs4
core   0: 1 0x00000000800040ac (0x2b4a12d3) f5  0x7ff8000000000000
core   0: 0x00000000800040b0 (0x43fbdb93) srai    s7, s7, 63
core   0: 1 0x00000000800040b0 (0x43fbdb93) x23 0x0000000000000000
core   0: 0x00000000800040b4 (0x40d958bb) sraw    a7, s2, a3
core   0: 1 0x00000000800040b4 (0x40d958bb) x17 0x0000000000000000
core   0: 0x00000000800040b8 (0x31a85cf3) csrrwi  s9, menvcfgh, 16
core   0: exception trap_illegal_instruction, epc 0x00000000800040b8
core   0:           tval 0x0000000031a85cf3
core   0: >>>>  $xrv64i2p1_m2p0_a2p1_f2p2_d2p2_zicsr2p0_zifencei2p0_zmmul1p0_zba1p0_zbb1p0_zbc1p0_zbs1p0
core   0: 0x0000000080004000 (0x0080006f) j       pc + 0x8
core   0: 3 0x0000000080004000 (0x0080006f)
core   0: >>>>  mmode_exception_handler
core   0: 0x0000000080004008 (0x00002c17) auipc   s8, 0x2
core   0: 3 0x0000000080004008 (0x00002c17) x24 0x0000000080006008
core   0: 0x000000008000400c (0x00ec0c13) addi    s8, s8, 14
core   0: 3 0x000000008000400c (0x00ec0c13) x24 0x0000000080006016
core   0: 0x0000000080004010 (0x000c00e7) jalr    s8
core   0: 3 0x0000000080004010 (0x000c00e7) x1  0x0000000080004014
core   0: >>>>  any_handler
core   0: 0x0000000080006016 (0x341027f3) csrrs   a5, mepc, zero
core   0: 3 0x0000000080006016 (0x341027f3) x15 0x00000000800040b8
core   0: 0x000000008000601a (0x34202773) csrrs   a4, mcause, zero
core   0: 3 0x000000008000601a (0x34202773) x14 0x0000000000000002
core   0: 0x000000008000601e (0x142026f3) csrrs   a3, scause, zero
core   0: 3 0x000000008000601e (0x142026f3) x13 0x0000000000000000
core   0: 0x0000000080006022 (0x30402673) csrrs   a2, mie, zero
core   0: 3 0x0000000080006022 (0x30402673) x12 0x0000000000000a00
core   0: 0x0000000080006026 (0x344025f3) csrrs   a1, mip, zero
core   0: 3 0x0000000080006026 (0x344025f3) x11 0x0000000000000080
core   0: 0x000000008000602a (0x343025f3) csrrs   a1, mtval, zero
core   0: 3 0x000000008000602a (0x343025f3) x11 0x0000000031a85cf3
core   0: 0x000000008000602e (0x14302573) csrrs   a0, stval, zero
core   0: 3 0x000000008000602e (0x14302573) x10 0x0000000000000000
core   0: 0x0000000080006032 (0xb02024f3) csrrs   s1, minstret, zero
core   0: 3 0x0000000080006032 (0xb02024f3) x9  0x000000000000080c
core   0: 0x0000000080006036 (0x0000a811) c.j     pc + 20
core   0: 3 0x0000000080006036 (0xa811)
core   0: >>>>  mepc_4
core   0: 0x000000008000604a (0x00000791) c.addi  a5, 4
core   0: 3 0x000000008000604a (0x0791) x15 0x00000000800040bc
core   0: 0x000000008000604c (0x34179073) csrrw   zero, mepc, a5
core   0: 3 0x000000008000604c (0x34179073) c833_mepc 0x00000000800040bc
core   0: 0x0000000080006050 (0x30200073) mret
core   0: 3 0x0000000080006050 (0x30200073) c768_mstatus 0x8000000a00106080
core   0: 0x00000000800040bc (0x407b80b3) sub     ra, s7, t2
core   0: 1 0x00000000800040bc (0x407b80b3) x1  0xffffffff7ffce070
core   0: 0x00000000800040c0 (0x016c2a33) slt     s4, s8, s6
core   0: 1 0x00000000800040c0 (0x016c2a33) x20 0x0000000000000000
core   0: 0x00000000800040c4 (0x0ff0000f) fence   iorw,iorw
core   0: 1 0x00000000800040c4 (0x0ff0000f)
core   0: 0x00000000800040c8 (0x99784a13) xori    s4, a6, -1641
core   0: 1 0x00000000800040c8 (0x99784a13) x20 0xfffffffffffff997
core   0: 0x00000000800040cc (0x02a8f2d3) fadd.d  ft5, fa7, fa0
core   0: 1 0x00000000800040cc (0x02a8f2d3) f5  0x7ff8000000000000
core   0: 0x00000000800040d0 (0xa3140dd3) fle.d   s11, fs0, fa7
core   0: 1 0x00000000800040d0 (0xa3140dd3) c1_fflags 0x0000000000000010 x27 0x0000000000000000
core   0: 0x00000000800040d4 (0x0185cc33) xor     s8, a1, s8
core   0: 1 0x00000000800040d4 (0x0185cc33) x24 0x00000000b1a83ce5
core   0: 0x00000000800040d8 (0x5a0a7a53) fsqrt.d fs4, fs4
core   0: 1 0x00000000800040d8 (0x5a0a7a53) f20 0x7ff8000000000000
core   0: 0x00000000800040dc (0x02e82bb3) mulhsu  s7, a6, a4
core   0: 1 0x00000000800040dc (0x02e82bb3) x23 0x0000000000000000
core   0: 0x00000000800040e0 (0x229f2f53) fsgnjx.d ft10, ft10, fs1
core   0: 1 0x00000000800040e0 (0x229f2f53) f30 0xffffffff00000000
core   0: 0x00000000800040e4 (0xe77b089b) addiw   a7, s6, -393
core   0: 1 0x00000000800040e4 (0xe77b089b) x17 0xfffffffffffffe77
core   0: 0x00000000800040e8 (0x03f41e13) slli    t3, s0, 63
core   0: 1 0x00000000800040e8 (0x03f41e13) x28 0x0000000000000000
core   0: 0x00000000800040ec (0x415101b3) sub     gp, sp, s5
core   0: 1 0x00000000800040ec (0x415101b3) x3  0xffffffffff5f3c7a
core   0: 0x00000000800040f0 (0x01919ebb) sllw    t4, gp, s9
core   0: 1 0x00000000800040f0 (0x01919ebb) x29 0xffffffff8f400000
core   0: 0x00000000800040f4 (0x01718433) add     s0, gp, s7
core   0: 1 0x00000000800040f4 (0x01718433) x8  0xffffffffff5f3c7a
core   0: 0x00000000800040f8 (0x77b84813) xori    a6, a6, 1915
core   0: 1 0x00000000800040f8 (0x77b84813) x16 0x000000000000077b
core   0: 0x00000000800040fc (0xc224f3d3) fcvt.l.d t2, fs1
core   0: 1 0x00000000800040fc (0xc224f3d3) x7  0x0000000000000000
core   0: 0x0000000080004100 (0xc212f5d3) fcvt.wu.d a1, ft5
core   0: 1 0x0000000080004100 (0xc212f5d3) c1_fflags 0x0000000000000010 x11 0xffffffffffffffff
core   0: 0x0000000080004104 (0x1b44f6d3) fdiv.d  fa3, fs1, fs4
core   0: 1 0x0000000080004104 (0x1b44f6d3) f13 0x7ff8000000000000
core   0: 0x0000000080004108 (0xb8279573) csrrw   a0, minstreth, a5
core   0: exception trap_illegal_instruction, epc 0x0000000080004108
core   0:           tval 0x00000000b8279573
core   0: >>>>  $xrv64i2p1_m2p0_a2p1_f2p2_d2p2_zicsr2p0_zifencei2p0_zmmul1p0_zba1p0_zbb1p0_zbc1p0_zbs1p0
core   0: 0x0000000080004000 (0x0080006f) j       pc + 0x8
core   0: 3 0x0000000080004000 (0x0080006f)
core   0: >>>>  mmode_exception_handler
core   0: 0x0000000080004008 (0x00002c17) auipc   s8, 0x2
core   0: 3 0x0000000080004008 (0x00002c17) x24 0x0000000080006008
core   0: 0x000000008000400c (0x00ec0c13) addi    s8, s8, 14
core   0: 3 0x000000008000400c (0x00ec0c13) x24 0x0000000080006016
core   0: 0x0000000080004010 (0x000c00e7) jalr    s8
core   0: 3 0x0000000080004010 (0x000c00e7) x1  0x0000000080004014
core   0: >>>>  any_handler
core   0: 0x0000000080006016 (0x341027f3) csrrs   a5, mepc, zero
core   0: 3 0x0000000080006016 (0x341027f3) x15 0x0000000080004108
core   0: 0x000000008000601a (0x34202773) csrrs   a4, mcause, zero
core   0: 3 0x000000008000601a (0x34202773) x14 0x0000000000000002
core   0: 0x000000008000601e (0x142026f3) csrrs   a3, scause, zero
core   0: 3 0x000000008000601e (0x142026f3) x13 0x0000000000000000
core   0: 0x0000000080006022 (0x30402673) csrrs   a2, mie, zero
core   0: 3 0x0000000080006022 (0x30402673) x12 0x0000000000000a00
core   0: 0x0000000080006026 (0x344025f3) csrrs   a1, mip, zero
core   0: 3 0x0000000080006026 (0x344025f3) x11 0x0000000000000080
core   0: 0x000000008000602a (0x343025f3) csrrs   a1, mtval, zero
core   0: 3 0x000000008000602a (0x343025f3) x11 0x00000000b8279573
core   0: 0x000000008000602e (0x14302573) csrrs   a0, stval, zero
core   0: 3 0x000000008000602e (0x14302573) x10 0x0000000000000000
core   0: 0x0000000080006032 (0xb02024f3) csrrs   s1, minstret, zero
core   0: 3 0x0000000080006032 (0xb02024f3) x9  0x000000000000082f
core   0: 0x0000000080006036 (0x0000a811) c.j     pc + 20
core   0: 3 0x0000000080006036 (0xa811)
core   0: >>>>  mepc_4
core   0: 0x000000008000604a (0x00000791) c.addi  a5, 4
core   0: 3 0x000000008000604a (0x0791) x15 0x000000008000410c
core   0: 0x000000008000604c (0x34179073) csrrw   zero, mepc, a5
core   0: 3 0x000000008000604c (0x34179073) c833_mepc 0x000000008000410c
core   0: 0x0000000080006050 (0x30200073) mret
core   0: 3 0x0000000080006050 (0x30200073) c768_mstatus 0x8000000a00106080
core   0: 0x000000008000410c (0x00000001) c.nop
core   0: 1 0x000000008000410c (0x0001)
core   0: 0x000000008000410e (0x00157c13) andi    s8, a0, 1
core   0: 1 0x000000008000410e (0x00157c13) x24 0x0000000000000000
core   0: 0x0000000080004112 (0x00000306) c.slli  t1, 1
core   0: 1 0x0000000080004112 (0x0306) x6  0x0000000000000000
core   0: 0x0000000080004114 (0xaf170037) lui     zero, 0xaf170
core   0: 1 0x0000000080004114 (0xaf170037)
core   0: 0x0000000080004118 (0x02eb7733) remu    a4, s6, a4
core   0: 1 0x0000000080004118 (0x02eb7733) x14 0x0000000000000000
core   0: 0x000000008000411c (0xc03f77d3) fcvt.lu.s a5, ft10
core   0: 1 0x000000008000411c (0xc03f77d3) x15 0x0000000000000000
core   0: 0x0000000080004120 (0x2b2f1fd3) fmax.d  ft11, ft10, fs2
core   0: 1 0x0000000080004120 (0x2b2f1fd3) f31 0x7ff8000000000000
core   0: 0x0000000080004124 (0x021b0833) mul     a6, s6, ra
core   0: 1 0x0000000080004124 (0x021b0833) x16 0x0000000000000000
core   0: 0x0000000080004128 (0xfffec113) not     sp, t4
core   0: 1 0x0000000080004128 (0xfffec113) x2  0x0000000070bfffff
core   0: 0x000000008000412c (0x0001891b) sext.w  s2, gp
core   0: 1 0x000000008000412c (0x0001891b) x18 0xffffffffff5f3c7a
core   0: 0x0000000080004130 (0x0360b537) lui     a0, 0x360b
core   0: 1 0x0000000080004130 (0x0360b537) x10 0x000000000360b000
core   0: 0x0000000080004134 (0x8035051b) addiw   a0, a0, -2045
core   0: 1 0x0000000080004134 (0x8035051b) x10 0x000000000360a803
core   0: 0x0000000080004138 (0x00000532) c.slli  a0, 12
core   0: 1 0x0000000080004138 (0x0532) x10 0x000000360a803000
core   0: 0x000000008000413a (0x3f750513) addi    a0, a0, 1015
core   0: 1 0x000000008000413a (0x3f750513) x10 0x000000360a8033f7
core   0: 0x000000008000413e (0x343893f3) csrrw   t2, mtval, a7
core   0: exception trap_illegal_instruction, epc 0x000000008000413e
core   0:           tval 0x00000000343893f3
core   0: >>>>  $xrv64i2p1_m2p0_a2p1_f2p2_d2p2_zicsr2p0_zifencei2p0_zmmul1p0_zba1p0_zbb1p0_zbc1p0_zbs1p0
core   0: 0x0000000080004000 (0x0080006f) j       pc + 0x8
core   0: 3 0x0000000080004000 (0x0080006f)
core   0: >>>>  mmode_exception_handler
core   0: 0x0000000080004008 (0x00002c17) auipc   s8, 0x2
core   0: 3 0x0000000080004008 (0x00002c17) x24 0x0000000080006008
core   0: 0x000000008000400c (0x00ec0c13) addi    s8, s8, 14
core   0: 3 0x000000008000400c (0x00ec0c13) x24 0x0000000080006016
core   0: 0x0000000080004010 (0x000c00e7) jalr    s8
core   0: 3 0x0000000080004010 (0x000c00e7) x1  0x0000000080004014
core   0: >>>>  any_handler
core   0: 0x0000000080006016 (0x341027f3) csrrs   a5, mepc, zero
core   0: 3 0x0000000080006016 (0x341027f3) x15 0x000000008000413e
core   0: 0x000000008000601a (0x34202773) csrrs   a4, mcause, zero
core   0: 3 0x000000008000601a (0x34202773) x14 0x0000000000000002
core   0: 0x000000008000601e (0x142026f3) csrrs   a3, scause, zero
core   0: 3 0x000000008000601e (0x142026f3) x13 0x0000000000000000
core   0: 0x0000000080006022 (0x30402673) csrrs   a2, mie, zero
core   0: 3 0x0000000080006022 (0x30402673) x12 0x0000000000000a00
core   0: 0x0000000080006026 (0x344025f3) csrrs   a1, mip, zero
core   0: 3 0x0000000080006026 (0x344025f3) x11 0x0000000000000080
core   0: 0x000000008000602a (0x343025f3) csrrs   a1, mtval, zero
core   0: 3 0x000000008000602a (0x343025f3) x11 0x00000000343893f3
core   0: 0x000000008000602e (0x14302573) csrrs   a0, stval, zero
core   0: 3 0x000000008000602e (0x14302573) x10 0x0000000000000000
core   0: 0x0000000080006032 (0xb02024f3) csrrs   s1, minstret, zero
core   0: 3 0x0000000080006032 (0xb02024f3) x9  0x000000000000084d
core   0: 0x0000000080006036 (0x0000a811) c.j     pc + 20
core   0: 3 0x0000000080006036 (0xa811)
core   0: >>>>  mepc_4
core   0: 0x000000008000604a (0x00000791) c.addi  a5, 4
core   0: 3 0x000000008000604a (0x0791) x15 0x0000000080004142
core   0: 0x000000008000604c (0x34179073) csrrw   zero, mepc, a5
core   0: 3 0x000000008000604c (0x34179073) c833_mepc 0x0000000080004142
core   0: 0x0000000080006050 (0x30200073) mret
core   0: 3 0x0000000080006050 (0x30200073) c768_mstatus 0x8000000a00106080
core   0: 0x0000000080004142 (0x0078013b) addw    sp, a6, t2
core   0: 1 0x0000000080004142 (0x0078013b) x2  0x0000000000000000
core   0: 0x0000000080004146 (0x00a3d73b) srlw    a4, t2, a0
core   0: 1 0x0000000080004146 (0x00a3d73b) x14 0x0000000000000000
core   0: 0x000000008000414a (0x40738c33) sub     s8, t2, t2
core   0: 1 0x000000008000414a (0x40738c33) x24 0x0000000000000000
core   0: 0x000000008000414e (0x0061d493) srli    s1, gp, 6
core   0: 1 0x000000008000414e (0x0061d493) x9  0x03fffffffffd7cf1
core   0: 0x0000000080004152 (0x00a3aab3) slt     s5, t2, a0
core   0: 1 0x0000000080004152 (0x00a3aab3) x21 0x0000000000000000
core   0: 0x0000000080004156 (0xd031f453) fcvt.s.lu fs0, gp
core   0: 1 0x0000000080004156 (0xd031f453) c1_fflags 0x0000000000000011 f8  0xffffffff5f800000
core   0: 0x000000008000415a (0xe700f393) andi    t2, ra, -400
core   0: 1 0x000000008000415a (0xe700f393) x7  0x0000000080004010
core   0: 0x000000008000415e (0xfa8efec3) fmadd.d ft9, ft9, fs0, ft11
core   0: 1 0x000000008000415e (0xfa8efec3) f29 0x7ff8000000000000
core   0: 0x0000000080004162 (0x4101d6b3) sra     a3, gp, a6
core   0: 1 0x0000000080004162 (0x4101d6b3) x13 0xffffffffff5f3c7a
core   0: 0x0000000080004166 (0x23e781d3) fsgnj.d ft3, fa5, ft10
core   0: 1 0x0000000080004166 (0x23e781d3) f3  0xffffffff00000000
core   0: 0x000000008000416a (0xbae8a5b7) lui     a1, 0xbae8a
core   0: 1 0x000000008000416a (0xbae8a5b7) x11 0xffffffffbae8a000
core   0: 0x000000008000416e (0x01446433) or      s0, s0, s4
core   0: 1 0x000000008000416e (0x01446433) x8  0xfffffffffffffdff
core   0: 0x0000000080004172 (0x40137753) fcvt.s.d fa4, ft6
core   0: 1 0x0000000080004172 (0x40137753) f14 0xffffffff7fc00000
core   0: 0x0000000080004176 (0x01fede9b) srliw   t4, t4, 31
core   0: 1 0x0000000080004176 (0x01fede9b) x29 0x0000000000000001
core   0: 0x000000008000417a (0x00281a73) csrrw   s4, frm, a6
core   0: 1 0x000000008000417a (0x00281a73) x20 0x0000000000000000 c2_frm 0x0000000000000000
core   0: 0x000000008000417e (0x23559f53) fsgnjn.d ft10, fa1, fs5
core   0: 1 0x000000008000417e (0x23559f53) f30 0xffffffff00000000
core   0: 0x0000000080004182 (0xe20b0453) fmv.x.d s0, fs6
core   0: 1 0x0000000080004182 (0xe20b0453) x8  0xffffffff00000000
core   0: 0x0000000080004186 (0xd02a70d3) fcvt.s.l ft1, s4
core   0: 1 0x0000000080004186 (0xd02a70d3) f1  0xffffffff00000000
core   0: 0x000000008000418a (0x03501833) mulh    a6, zero, s5
core   0: 1 0x000000008000418a (0x03501833) x16 0x0000000000000000
core   0: 0x000000008000418e (0x033a69b3) rem     s3, s4, s3
core   0: 1 0x000000008000418e (0x033a69b3) x19 0x0000000000000000
core   0: 0x0000000080004192 (0xc80b3b73) csrrc   s6, cycleh, s6
core   0: exception trap_illegal_instruction, epc 0x0000000080004192
core   0:           tval 0x00000000c80b3b73
core   0: >>>>  $xrv64i2p1_m2p0_a2p1_f2p2_d2p2_zicsr2p0_zifencei2p0_zmmul1p0_zba1p0_zbb1p0_zbc1p0_zbs1p0
core   0: 0x0000000080004000 (0x0080006f) j       pc + 0x8
core   0: 3 0x0000000080004000 (0x0080006f)
core   0: >>>>  mmode_exception_handler
core   0: 0x0000000080004008 (0x00002c17) auipc   s8, 0x2
core   0: 3 0x0000000080004008 (0x00002c17) x24 0x0000000080006008
core   0: 0x000000008000400c (0x00ec0c13) addi    s8, s8, 14
core   0: 3 0x000000008000400c (0x00ec0c13) x24 0x0000000080006016
core   0: 0x0000000080004010 (0x000c00e7) jalr    s8
core   0: 3 0x0000000080004010 (0x000c00e7) x1  0x0000000080004014
core   0: >>>>  any_handler
core   0: 0x0000000080006016 (0x341027f3) csrrs   a5, mepc, zero
core   0: 3 0x0000000080006016 (0x341027f3) x15 0x0000000080004192
core   0: 0x000000008000601a (0x34202773) csrrs   a4, mcause, zero
core   0: 3 0x000000008000601a (0x34202773) x14 0x0000000000000002
core   0: 0x000000008000601e (0x142026f3) csrrs   a3, scause, zero
core   0: 3 0x000000008000601e (0x142026f3) x13 0x0000000000000000
core   0: 0x0000000080006022 (0x30402673) csrrs   a2, mie, zero
core   0: 3 0x0000000080006022 (0x30402673) x12 0x0000000000000a00
core   0: 0x0000000080006026 (0x344025f3) csrrs   a1, mip, zero
core   0: 3 0x0000000080006026 (0x344025f3) x11 0x0000000000000080
core   0: 0x000000008000602a (0x343025f3) csrrs   a1, mtval, zero
core   0: 3 0x000000008000602a (0x343025f3) x11 0x00000000c80b3b73
core   0: 0x000000008000602e (0x14302573) csrrs   a0, stval, zero
core   0: 3 0x000000008000602e (0x14302573) x10 0x0000000000000000
core   0: 0x0000000080006032 (0xb02024f3) csrrs   s1, minstret, zero
core   0: 3 0x0000000080006032 (0xb02024f3) x9  0x0000000000000871
core   0: 0x0000000080006036 (0x0000a811) c.j     pc + 20
core   0: 3 0x0000000080006036 (0xa811)
core   0: >>>>  mepc_4
core   0: 0x000000008000604a (0x00000791) c.addi  a5, 4
core   0: 3 0x000000008000604a (0x0791) x15 0x0000000080004196
core   0: 0x000000008000604c (0x34179073) csrrw   zero, mepc, a5
core   0: 3 0x000000008000604c (0x34179073) c833_mepc 0x0000000080004196
core   0: 0x0000000080006050 (0x30200073) mret
core   0: 3 0x0000000080006050 (0x30200073) c768_mstatus 0x8000000a00106080
core   0: 0x0000000080004196 (0x0060a333) slt     t1, ra, t1
core   0: 1 0x0000000080004196 (0x0060a333) x6  0x0000000000000000
core   0: 0x000000008000419a (0x2bcf16d3) fmax.d  fa3, ft10, ft8
core   0: 1 0x000000008000419a (0x2bcf16d3) f13 0x0000000000000000
core   0: 0x000000008000419e (0x23850bd3) fsgnj.d fs7, fa0, fs8
core   0: 1 0x000000008000419e (0x23850bd3) f23 0xfff8000000000000
core   0: 0x00000000800041a2 (0x234cacd3) fsgnjx.d fs9, fs9, fs4
core   0: 1 0x00000000800041a2 (0x234cacd3) f25 0xffffffff00000000
core   0: 0x00000000800041a6 (0xf15b9e73) csrrw   t3, mconfigptr, s7
core   0: exception trap_illegal_instruction, epc 0x00000000800041a6
core   0:           tval 0x00000000f15b9e73
core   0: >>>>  $xrv64i2p1_m2p0_a2p1_f2p2_d2p2_zicsr2p0_zifencei2p0_zmmul1p0_zba1p0_zbb1p0_zbc1p0_zbs1p0
core   0: 0x0000000080004000 (0x0080006f) j       pc + 0x8
core   0: 3 0x0000000080004000 (0x0080006f)
core   0: >>>>  mmode_exception_handler
core   0: 0x0000000080004008 (0x00002c17) auipc   s8, 0x2
core   0: 3 0x0000000080004008 (0x00002c17) x24 0x0000000080006008
core   0: 0x000000008000400c (0x00ec0c13) addi    s8, s8, 14
core   0: 3 0x000000008000400c (0x00ec0c13) x24 0x0000000080006016
core   0: 0x0000000080004010 (0x000c00e7) jalr    s8
core   0: 3 0x0000000080004010 (0x000c00e7) x1  0x0000000080004014
core   0: >>>>  any_handler
core   0: 0x0000000080006016 (0x341027f3) csrrs   a5, mepc, zero
core   0: 3 0x0000000080006016 (0x341027f3) x15 0x00000000800041a6
core   0: 0x000000008000601a (0x34202773) csrrs   a4, mcause, zero
core   0: 3 0x000000008000601a (0x34202773) x14 0x0000000000000002
core   0: 0x000000008000601e (0x142026f3) csrrs   a3, scause, zero
core   0: 3 0x000000008000601e (0x142026f3) x13 0x0000000000000000
core   0: 0x0000000080006022 (0x30402673) csrrs   a2, mie, zero
core   0: 3 0x0000000080006022 (0x30402673) x12 0x0000000000000a00
core   0: 0x0000000080006026 (0x344025f3) csrrs   a1, mip, zero
core   0: 3 0x0000000080006026 (0x344025f3) x11 0x0000000000000080
core   0: 0x000000008000602a (0x343025f3) csrrs   a1, mtval, zero
core   0: 3 0x000000008000602a (0x343025f3) x11 0x00000000f15b9e73
core   0: 0x000000008000602e (0x14302573) csrrs   a0, stval, zero
core   0: 3 0x000000008000602e (0x14302573) x10 0x0000000000000000
core   0: 0x0000000080006032 (0xb02024f3) csrrs   s1, minstret, zero
core   0: 3 0x0000000080006032 (0xb02024f3) x9  0x0000000000000885
core   0: 0x0000000080006036 (0x0000a811) c.j     pc + 20
core   0: 3 0x0000000080006036 (0xa811)
core   0: >>>>  mepc_4
core   0: 0x000000008000604a (0x00000791) c.addi  a5, 4
core   0: 3 0x000000008000604a (0x0791) x15 0x00000000800041aa
core   0: 0x000000008000604c (0x34179073) csrrw   zero, mepc, a5
core   0: 3 0x000000008000604c (0x34179073) c833_mepc 0x00000000800041aa
core   0: 0x0000000080006050 (0x30200073) mret
core   0: 3 0x0000000080006050 (0x30200073) c768_mstatus 0x8000000a00106080
core   0: 0x00000000800041aa (0xc21cfad3) fcvt.wu.d s5, fs9
core   0: 1 0x00000000800041aa (0xc21cfad3) c1_fflags 0x0000000000000011 x21 0xffffffffffffffff
core   0: 0x00000000800041ae (0x00929833) sll     a6, t0, s1
core   0: 1 0x00000000800041ae (0x00929833) x16 0x0000000000000000
core   0: 0x00000000800041b2 (0x00ee19b3) sll     s3, t3, a4
core   0: 1 0x00000000800041b2 (0x00ee19b3) x19 0x0000000000000000
core   0: 0x00000000800041b6 (0xc222f053) fcvt.l.d zero, ft5
core   0: 1 0x00000000800041b6 (0xc222f053) c1_fflags 0x0000000000000011
core   0: 0x00000000800041ba (0x40805533) sra     a0, zero, s0
core   0: 1 0x00000000800041ba (0x40805533) x10 0x0000000000000000
core   0: 0x00000000800041be (0x02faf4b3) remu    s1, s5, a5
core   0: 1 0x00000000800041be (0x02faf4b3) x9  0x00000000435f138f
core   0: 0x00000000800041c2 (0x40f15313) srai    t1, sp, 15
core   0: 1 0x00000000800041c2 (0x40f15313) x6  0x0000000000000000
core   0: 0x00000000800041c6 (0x00ac9bb3) sll     s7, s9, a0
core   0: 1 0x00000000800041c6 (0x00ac9bb3) x23 0x00000000000007d5
core   0: 0x00000000800041ca (0x013d0633) add     a2, s10, s3
core   0: 1 0x00000000800041ca (0x013d0633) x12 0x0000000000000000
core   0: 0x00000000800041ce (0x000a559b) srliw   a1, s4, 0
core   0: 1 0x00000000800041ce (0x000a559b) x11 0x0000000000000000
core   0: 0x00000000800041d2 (0x6053089b) addiw   a7, t1, 1541
core   0: 1 0x00000000800041d2 (0x6053089b) x17 0x0000000000000605
core   0: 0x00000000800041d6 (0x01fd911b) slliw   sp, s11, 31
core   0: 1 0x00000000800041d6 (0x01fd911b) x2  0x0000000000000000
core   0: 0x00000000800041da (0x00110793) addi    a5, sp, 1
core   0: 1 0x00000000800041da (0x00110793) x15 0x0000000000000001
core   0: 0x00000000800041de (0xc0237c53) fcvt.l.s s8, ft6
core   0: 1 0x00000000800041de (0xc0237c53) x24 0x0000000000000000
core   0: 0x00000000800041e2 (0x0123a833) slt     a6, t2, s2
core   0: 1 0x00000000800041e2 (0x0123a833) x16 0x0000000000000000
core   0: 0x00000000800041e6 (0x0308b433) mulhu   s0, a7, a6
core   0: 1 0x00000000800041e6 (0x0308b433) x8  0x0000000000000000
core   0: 0x00000000800041ea (0xd224fe53) fcvt.d.l ft8, s1
core   0: 1 0x00000000800041ea (0xd224fe53) f28 0x41d0d7c4e3c00000
core   0: 0x00000000800041ee (0x0ff0000f) fence   iorw,iorw
core   0: 1 0x00000000800041ee (0x0ff0000f)
core   0: 0x00000000800041f2 (0x024b7dd3) fadd.d  fs11, fs6, ft4
core   0: 1 0x00000000800041f2 (0x024b7dd3) f27 0x7ff8000000000000
core   0: 0x00000000800041f6 (0x018ae633) or      a2, s5, s8
core   0: 1 0x00000000800041f6 (0x018ae633) x12 0xffffffffffffffff
core   0: 0x00000000800041fa (0x41825b3b) sraw    s6, tp, s8
core   0: 1 0x00000000800041fa (0x41825b3b) x22 0xffffffff80012040
core   0: 0x00000000800041fe (0xd22274d3) fcvt.d.l fs1, tp
core   0: 1 0x00000000800041fe (0xd22274d3) f9  0x41e0002408000000
core   0: 0x0000000080004202 (0x10641073) csrrw   zero, scounteren, s0
core   0: 1 0x0000000080004202 (0x10641073) c262_scounteren 0x0000000000000000
core   0: 0x0000000080004206 (0xd024f653) fcvt.s.l fa2, s1
core   0: 1 0x0000000080004206 (0xd024f653) c1_fflags 0x0000000000000011 f12 0xffffffff4e86be27
core   0: 0x000000008000420a (0xd02dffd3) fcvt.s.l ft11, s11
core   0: 1 0x000000008000420a (0xd02dffd3) f31 0xffffffff00000000
core   0: 0x000000008000420e (0x0238d113) srli    sp, a7, 35
core   0: 1 0x000000008000420e (0x0238d113) x2  0x0000000000000000
core   0: 0x0000000080004212 (0xf2048c53) fmv.d.x fs8, s1
core   0: 1 0x0000000080004212 (0xf2048c53) f24 0x00000000435f138f
core   0: 0x0000000080004216 (0x00d617bb) sllw    a5, a2, a3
core   0: 1 0x0000000080004216 (0x00d617bb) x15 0xffffffffffffffff
core   0: 0x000000008000421a (0x00099e13) slli    t3, s3, 0
core   0: 1 0x000000008000421a (0x00099e13) x28 0x0000000000000000
core   0: 0x000000008000421e (0x02f9c733) div     a4, s3, a5
core   0: 1 0x000000008000421e (0x02f9c733) x14 0x0000000000000000
core   0: 0x0000000080004222 (0x001e1d73) csrrw   s10, fflags, t3
core   0: 1 0x0000000080004222 (0x001e1d73) x26 0x0000000000000011 c1_fflags 0x0000000000000000
core   0: 0x0000000080004226 (0x80068893) addi    a7, a3, -2048
core   0: 1 0x0000000080004226 (0x80068893) x17 0xfffffffffffff800
core   0: 0x000000008000422a (0x0000dd93) srli    s11, ra, 0
core   0: 1 0x000000008000422a (0x0000dd93) x27 0x0000000080004014
core   0: 0x000000008000422e (0x03181593) slli    a1, a6, 49
core   0: 1 0x000000008000422e (0x03181593) x11 0x0000000000000000
core   0: 0x0000000080004232 (0x00102df3) csrrs   s11, fflags, zero
core   0: 1 0x0000000080004232 (0x00102df3) x27 0x0000000000000000
core   0: 0x0000000080004236 (0x84508b93) addi    s7, ra, -1979
core   0: 1 0x0000000080004236 (0x84508b93) x23 0x0000000080003859
core   0: 0x000000008000423a (0x4000d7bb) sraw    a5, ra, zero
core   0: 1 0x000000008000423a (0x4000d7bb) x15 0xffffffff80004014
core   0: 0x000000008000423e (0xaaaefacb) fnmsub.d fs5, ft9, fa0, fs5
core   0: 1 0x000000008000423e (0xaaaefacb) f21 0x7ff8000000000000
core   0: 0x0000000080004242 (0x52a1f6c3) fmadd.d fa3, ft3, fa0, fa0
core   0: 1 0x0000000080004242 (0x52a1f6c3) f13 0x7ff8000000000000
core   0: 0x0000000080004246 (0xd9c70e1b) addiw   t3, a4, -612
core   0: 1 0x0000000080004246 (0xd9c70e1b) x28 0xfffffffffffffd9c
core   0: 0x000000008000424a (0x0260c0bb) divw    ra, ra, t1
core   0: 1 0x000000008000424a (0x0260c0bb) x1  0xffffffffffffffff
core   0: 0x000000008000424e (0x00000001) c.nop
core   0: 1 0x000000008000424e (0x0001)
core   0: 0x0000000080004250 (0x022d87bb) mulw    a5, s11, sp
core   0: 1 0x0000000080004250 (0x022d87bb) x15 0x0000000000000000
core   0: 0x0000000080004254 (0xc2357cd3) fcvt.lu.d s9, fa0
core   0: 1 0x0000000080004254 (0xc2357cd3) c1_fflags 0x0000000000000010 x25 0xffffffffffffffff
core   0: 0x0000000080004258 (0x027e51bb) divuw   gp, t3, t2
core   0: 1 0x0000000080004258 (0x027e51bb) x3  0x0000000000000001
core   0: 0x000000008000425c (0xfff88a9b) addiw   s5, a7, -1
core   0: 1 0x000000008000425c (0xfff88a9b) x21 0xfffffffffffff7ff
core   0: 0x0000000080004260 (0x00000001) c.nop
core   0: 1 0x0000000080004260 (0x0001)
core   0: 0x0000000080004262 (0x035a48bb) divw    a7, s4, s5
core   0: 1 0x0000000080004262 (0x035a48bb) x17 0x0000000000000000
core   0: 0x0000000080004266 (0x4080d093) srai    ra, ra, 8
core   0: 1 0x0000000080004266 (0x4080d093) x1  0xffffffffffffffff
core   0: 0x000000008000426a (0xd038f1d3) fcvt.s.lu ft3, a7
core   0: 1 0x000000008000426a (0xd038f1d3) f3  0xffffffff00000000
core   0: 0x000000008000426e (0xd0377fd3) fcvt.s.lu ft11, a4
core   0: 1 0x000000008000426e (0xd0377fd3) f31 0xffffffff00000000
core   0: 0x0000000080004272 (0x42098f53) fcvt.d.s ft10, fs3
core   0: 1 0x0000000080004272 (0x42098f53) f30 0x0000000000000000
core   0: 0x0000000080004276 (0x021ef1b3) remu    gp, t4, ra
core   0: 1 0x0000000080004276 (0x021ef1b3) x3  0x0000000000000001
core   0: 0x000000008000427a (0x012b149b) slliw   s1, s6, 18
core   0: 1 0x000000008000427a (0x012b149b) x9  0xffffffff81000000
core   0: 0x000000008000427e (0xd234fb53) fcvt.d.lu fs6, s1
core   0: 1 0x000000008000427e (0xd234fb53) f22 0x43effffffff02000
core   0: 0x0000000080004282 (0x01f55d9b) srliw   s11, a0, 31
core   0: 1 0x0000000080004282 (0x01f55d9b) x27 0x0000000000000000
core   0: 0x0000000080004286 (0xc2147bd3) fcvt.wu.d s7, fs0
core   0: 1 0x0000000080004286 (0xc2147bd3) c1_fflags 0x0000000000000010 x23 0xffffffffffffffff
core   0: 0x000000008000428a (0x325ef2cf) fnmadd.d ft5, ft9, ft5, ft6
core   0: 1 0x000000008000428a (0x325ef2cf) f5  0x7ff8000000000000
core   0: 0x000000008000428e (0x012058bb) srlw    a7, zero, s2
core   0: 1 0x000000008000428e (0x012058bb) x17 0x0000000000000000
core   0: 0x0000000080004292 (0xd230f6d3) fcvt.d.lu fa3, ra
core   0: 1 0x0000000080004292 (0xd230f6d3) c1_fflags 0x0000000000000011 f13 0x43f0000000000000
core   0: 0x0000000080004296 (0x0ff0000f) fence   iorw,iorw
core   0: 1 0x0000000080004296 (0x0ff0000f)
core   0: 0x000000008000429a (0x036f7653) fadd.d  fa2, ft10, fs6
core   0: 1 0x000000008000429a (0x036f7653) f12 0x43effffffff02000
core   0: 0x000000008000429e (0x00292033) slt     zero, s2, sp
core   0: 1 0x000000008000429e (0x00292033)
core   0: 0x00000000800042a2 (0x03cd0cb3) mul     s9, s10, t3
core   0: 1 0x00000000800042a2 (0x03cd0cb3) x25 0xffffffffffffd75c
core   0: 0x00000000800042a6 (0xc032fc53) fcvt.lu.s s8, ft5
core   0: 1 0x00000000800042a6 (0xc032fc53) c1_fflags 0x0000000000000011 x24 0xffffffffffffffff
core   0: 0x00000000800042aa (0x409ad4bb) sraw    s1, s5, s1
core   0: 1 0x00000000800042aa (0x409ad4bb) x9  0xfffffffffffff7ff
core   0: 0x00000000800042ae (0x0114a133) slt     sp, s1, a7
core   0: 1 0x00000000800042ae (0x0114a133) x2  0x0000000000000001
core   0: 0x00000000800042b2 (0x01919893) slli    a7, gp, 25
core   0: 1 0x00000000800042b2 (0x01919893) x17 0x0000000002000000
core   0: 0x00000000800042b6 (0x1adf7d53) fdiv.d  fs10, ft10, fa3
core   0: 1 0x00000000800042b6 (0x1adf7d53) f26 0x0000000000000000
core   0: 0x00000000800042ba (0x0ba67053) fsub.d  ft0, fa2, fs10
core   0: 1 0x00000000800042ba (0x0ba67053) f0  0x43effffffff02000
core   0: 0x00000000800042be (0xb0249773) csrrw   a4, minstret, s1
core   0: exception trap_illegal_instruction, epc 0x00000000800042be
core   0:           tval 0x00000000b0249773
core   0: >>>>  $xrv64i2p1_m2p0_a2p1_f2p2_d2p2_zicsr2p0_zifencei2p0_zmmul1p0_zba1p0_zbb1p0_zbc1p0_zbs1p0
core   0: 0x0000000080004000 (0x0080006f) j       pc + 0x8
core   0: 3 0x0000000080004000 (0x0080006f)
core   0: >>>>  mmode_exception_handler
core   0: 0x0000000080004008 (0x00002c17) auipc   s8, 0x2
core   0: 3 0x0000000080004008 (0x00002c17) x24 0x0000000080006008
core   0: 0x000000008000400c (0x00ec0c13) addi    s8, s8, 14
core   0: 3 0x000000008000400c (0x00ec0c13) x24 0x0000000080006016
core   0: 0x0000000080004010 (0x000c00e7) jalr    s8
core   0: 3 0x0000000080004010 (0x000c00e7) x1  0x0000000080004014
core   0: >>>>  any_handler
core   0: 0x0000000080006016 (0x341027f3) csrrs   a5, mepc, zero
core   0: 3 0x0000000080006016 (0x341027f3) x15 0x00000000800042be
core   0: 0x000000008000601a (0x34202773) csrrs   a4, mcause, zero
core   0: 3 0x000000008000601a (0x34202773) x14 0x0000000000000002
core   0: 0x000000008000601e (0x142026f3) csrrs   a3, scause, zero
core   0: 3 0x000000008000601e (0x142026f3) x13 0x0000000000000000
core   0: 0x0000000080006022 (0x30402673) csrrs   a2, mie, zero
core   0: 3 0x0000000080006022 (0x30402673) x12 0x0000000000000a00
core   0: 0x0000000080006026 (0x344025f3) csrrs   a1, mip, zero
core   0: 3 0x0000000080006026 (0x344025f3) x11 0x0000000000000080
core   0: 0x000000008000602a (0x343025f3) csrrs   a1, mtval, zero
core   0: 3 0x000000008000602a (0x343025f3) x11 0x00000000b0249773
core   0: 0x000000008000602e (0x14302573) csrrs   a0, stval, zero
core   0: 3 0x000000008000602e (0x14302573) x10 0x0000000000000000
core   0: 0x0000000080006032 (0xb02024f3) csrrs   s1, minstret, zero
core   0: 3 0x0000000080006032 (0xb02024f3) x9  0x00000000000008db
core   0: 0x0000000080006036 (0x0000a811) c.j     pc + 20
core   0: 3 0x0000000080006036 (0xa811)
core   0: >>>>  mepc_4
core   0: 0x000000008000604a (0x00000791) c.addi  a5, 4
core   0: 3 0x000000008000604a (0x0791) x15 0x00000000800042c2
core   0: 0x000000008000604c (0x34179073) csrrw   zero, mepc, a5
core   0: 3 0x000000008000604c (0x34179073) c833_mepc 0x00000000800042c2
core   0: 0x0000000080006050 (0x30200073) mret
core   0: 3 0x0000000080006050 (0x30200073) c768_mstatus 0x8000000a00106080
core   0: 0x00000000800042c2 (0x40197953) fcvt.s.d fs2, fs2
core   0: 1 0x00000000800042c2 (0x40197953) f18 0xffffffff7fc00000
core   0: 0x00000000800042c6 (0x035b6133) rem     sp, s6, s5
core   0: 1 0x00000000800042c6 (0x035b6133) x2  0xfffffffffffffe1c
core   0: 0x00000000800042ca (0x414ad533) sra     a0, s5, s4
core   0: 1 0x00000000800042ca (0x414ad533) x10 0xfffffffffffff7ff
core   0: 0x00000000800042ce (0xd2178453) fcvt.d.wu fs0, a5
core   0: 1 0x00000000800042ce (0xd2178453) f8  0x41e0000858400000
core   0: 0x00000000800042d2 (0xd20a01d3) fcvt.d.w ft3, s4
core   0: 1 0x00000000800042d2 (0xd20a01d3) f3  0x0000000000000000
core   0: 0x00000000800042d6 (0xf20e8ad3) fmv.d.x fs5, t4
core   0: 1 0x00000000800042d6 (0xf20e8ad3) f21 0x0000000000000001
core   0: 0x00000000800042da (0x340519f3) csrrw   s3, mscratch, a0
core   0: exception trap_illegal_instruction, epc 0x00000000800042da
core   0:           tval 0x00000000340519f3
core   0: >>>>  $xrv64i2p1_m2p0_a2p1_f2p2_d2p2_zicsr2p0_zifencei2p0_zmmul1p0_zba1p0_zbb1p0_zbc1p0_zbs1p0
core   0: 0x0000000080004000 (0x0080006f) j       pc + 0x8
core   0: 3 0x0000000080004000 (0x0080006f)
core   0: >>>>  mmode_exception_handler
core   0: 0x0000000080004008 (0x00002c17) auipc   s8, 0x2
core   0: 3 0x0000000080004008 (0x00002c17) x24 0x0000000080006008
core   0: 0x000000008000400c (0x00ec0c13) addi    s8, s8, 14
core   0: 3 0x000000008000400c (0x00ec0c13) x24 0x0000000080006016
core   0: 0x0000000080004010 (0x000c00e7) jalr    s8
core   0: 3 0x0000000080004010 (0x000c00e7) x1  0x0000000080004014
core   0: >>>>  any_handler
core   0: 0x0000000080006016 (0x341027f3) csrrs   a5, mepc, zero
core   0: 3 0x0000000080006016 (0x341027f3) x15 0x00000000800042da
core   0: 0x000000008000601a (0x34202773) csrrs   a4, mcause, zero
core   0: 3 0x000000008000601a (0x34202773) x14 0x0000000000000002
core   0: 0x000000008000601e (0x142026f3) csrrs   a3, scause, zero
core   0: 3 0x000000008000601e (0x142026f3) x13 0x0000000000000000
core   0: 0x0000000080006022 (0x30402673) csrrs   a2, mie, zero
core   0: 3 0x0000000080006022 (0x30402673) x12 0x0000000000000a00
core   0: 0x0000000080006026 (0x344025f3) csrrs   a1, mip, zero
core   0: 3 0x0000000080006026 (0x344025f3) x11 0x0000000000000080
core   0: 0x000000008000602a (0x343025f3) csrrs   a1, mtval, zero
core   0: 3 0x000000008000602a (0x343025f3) x11 0x00000000340519f3
core   0: 0x000000008000602e (0x14302573) csrrs   a0, stval, zero
core   0: 3 0x000000008000602e (0x14302573) x10 0x0000000000000000
core   0: 0x0000000080006032 (0xb02024f3) csrrs   s1, minstret, zero
core   0: 3 0x0000000080006032 (0xb02024f3) x9  0x00000000000008f1
core   0: 0x0000000080006036 (0x0000a811) c.j     pc + 20
core   0: 3 0x0000000080006036 (0xa811)
core   0: >>>>  mepc_4
core   0: 0x000000008000604a (0x00000791) c.addi  a5, 4
core   0: 3 0x000000008000604a (0x0791) x15 0x00000000800042de
core   0: 0x000000008000604c (0x34179073) csrrw   zero, mepc, a5
core   0: 3 0x000000008000604c (0x34179073) c833_mepc 0x00000000800042de
core   0: 0x0000000080006050 (0x30200073) mret
core   0: 3 0x0000000080006050 (0x30200073) c768_mstatus 0x8000000a00106080
core   0: 0x00000000800042de (0x03b9d213) srli    tp, s3, 59
core   0: 1 0x00000000800042de (0x03b9d213) x4  0x0000000000000000
core   0: 0x00000000800042e2 (0x007b5b1b) srliw   s6, s6, 7
core   0: 1 0x00000000800042e2 (0x007b5b1b) x22 0x0000000001000240
core   0: 0x00000000800042e6 (0xe2098cd3) fmv.x.d s9, fs3
core   0: 1 0x00000000800042e6 (0xe2098cd3) x25 0xffffffff00000000
core   0: 0x00000000800042ea (0xc21472d3) fcvt.wu.d t0, fs0
core   0: 1 0x00000000800042ea (0xc21472d3) x5  0xffffffff800042c2
core   0: 0x00000000800042ee (0x02a29d93) slli    s11, t0, 42
core   0: 1 0x00000000800042ee (0x02a29d93) x27 0x010b080000000000
core   0: 0x00000000800042f2 (0x00faf333) and     t1, s5, a5
core   0: 1 0x00000000800042f2 (0x00faf333) x6  0x00000000800042de
core   0: 0x00000000800042f6 (0x017b813b) addw    sp, s7, s7
core   0: 1 0x00000000800042f6 (0x017b813b) x2  0xfffffffffffffffe
core   0: 0x00000000800042fa (0x022b8a3b) mulw    s4, s7, sp
core   0: 1 0x00000000800042fa (0x022b8a3b) x20 0x0000000000000002
core   0: 0x00000000800042fe (0x231ea8d3) fsgnjx.d fa7, ft9, fa7
core   0: 1 0x00000000800042fe (0x231ea8d3) f17 0x7ff8000000000000
core   0: 0x0000000080004302 (0x420a0653) fcvt.d.s fa2, fs4
core   0: 1 0x0000000080004302 (0x420a0653) f12 0x7ff8000000000000
core   0: 0x0000000080004306 (0x02d686b3) mul     a3, a3, a3
core   0: 1 0x0000000080004306 (0x02d686b3) x13 0x0000000000000000
core   0: 0x000000008000430a (0x2b261953) fmax.d  fs2, fa2, fs2
core   0: 1 0x000000008000430a (0x2b261953) f18 0x7ff8000000000000
core   0: 0x000000008000430e (0x00000001) c.nop
core   0: 1 0x000000008000430e (0x0001)
core   0: 0x0000000080004310 (0x0196d9b3) srl     s3, a3, s9
core   0: 1 0x0000000080004310 (0x0196d9b3) x19 0x0000000000000000
core   0: 0x0000000080004314 (0xfffcf613) andi    a2, s9, -1
core   0: 1 0x0000000080004314 (0xfffcf613) x12 0xffffffff00000000
core   0: 0x0000000080004318 (0x00000001) c.nop
core   0: 1 0x0000000080004318 (0x0001)
core   0: 0x000000008000431a (0x4119d5b3) sra     a1, s3, a7
core   0: 1 0x000000008000431a (0x4119d5b3) x11 0x0000000000000000
core   0: 0x000000008000431e (0xfff9f893) andi    a7, s3, -1
core   0: 1 0x000000008000431e (0xfff9f893) x17 0x0000000000000000
core   0: 0x0000000080004322 (0x02c152b3) divu    t0, sp, a2
core   0: 1 0x0000000080004322 (0x02c152b3) x5  0x0000000000000001
core   0: 0x0000000080004326 (0x00000001) c.nop
core   0: 1 0x0000000080004326 (0x0001)
core   0: 0x0000000080004328 (0x2a3601d3) fmin.d  ft3, fa2, ft3
core   0: 1 0x0000000080004328 (0x2a3601d3) f3  0x0000000000000000
core   0: 0x000000008000432c (0x02a50d3b) mulw    s10, a0, a0
core   0: 1 0x000000008000432c (0x02a50d3b) x26 0x0000000000000000
core   0: 0x0000000080004330 (0x0316563b) divuw   a2, a2, a7
core   0: 1 0x0000000080004330 (0x0316563b) x12 0xffffffffffffffff
core   0: 0x0000000080004334 (0x030e8eb3) mul     t4, t4, a6
core   0: 1 0x0000000080004334 (0x030e8eb3) x29 0x0000000000000000
core   0: 0x0000000080004338 (0x00008c61) c.and   s0, s0
core   0: 1 0x0000000080004338 (0x8c61) x8  0x0000000000000000
core   0: 0x000000008000433a (0x0006539b) srliw   t2, a2, 0
core   0: 1 0x000000008000433a (0x0006539b) x7  0xffffffffffffffff
core   0: 0x000000008000433e (0x800c4793) xori    a5, s8, -2048
core   0: 1 0x000000008000433e (0x800c4793) x15 0xffffffff7fff9816
core   0: 0x0000000080004342 (0x0274db3b) divuw   s6, s1, t2
core   0: 1 0x0000000080004342 (0x0274db3b) x22 0x0000000000000000
core   0: 0x0000000080004346 (0x0327fbbb) remuw   s7, a5, s2
core   0: 1 0x0000000080004346 (0x0327fbbb) x23 0x000000007fff9816
core   0: 0x000000008000434a (0xc026f8d3) fcvt.l.s a7, fa3
core   0: 1 0x000000008000434a (0xc026f8d3) c1_fflags 0x0000000000000011 x17 0x7fffffffffffffff
core   0: 0x000000008000434e (0x13d97947) fmsub.d fs2, fs2, ft9, ft2
core   0: 1 0x000000008000434e (0x13d97947) f18 0x7ff8000000000000
core   0: 0x0000000080004352 (0x2bf08ed3) fmin.d  ft9, ft1, ft11
core   0: 1 0x0000000080004352 (0x2bf08ed3) f29 0x7ff8000000000000
core   0: 0x0000000080004356 (0x1b5af947) fmsub.d fs2, fs5, fs5, ft3
core   0: 1 0x0000000080004356 (0x1b5af947) c1_fflags 0x0000000000000013 f18 0x0000000000000000
core   0: 0x000000008000435a (0x4158013b) subw    sp, a6, s5
core   0: 1 0x000000008000435a (0x4158013b) x2  0x0000000000000801
core   0: 0x000000008000435e (0x020db033) mulhu   zero, s11, zero
core   0: 1 0x000000008000435e (0x020db033)
core   0: 0x0000000080004362 (0x411d0eb3) sub     t4, s10, a7
core   0: 1 0x0000000080004362 (0x411d0eb3) x29 0x8000000000000001
core   0: 0x0000000080004366 (0x3a75fe4b) fnmsub.d ft8, fa1, ft7, ft7
core   0: 1 0x0000000080004366 (0x3a75fe4b) f28 0x7ff8000000000000
core   0: 0x000000008000436a (0xf11d0c9b) addiw   s9, s10, -239
core   0: 1 0x000000008000436a (0xf11d0c9b) x25 0xffffffffffffff11
core   0: 0x000000008000436e (0x002778b3) and     a7, a4, sp
core   0: 1 0x000000008000436e (0x002778b3) x17 0x0000000000000000
core   0: 0x0000000080004372 (0x03978bb3) mul     s7, a5, s9
core   0: 1 0x0000000080004372 (0x03978bb3) x23 0x0000007780610376
core   0: 0x0000000080004376 (0x8307f7c3) fmadd.d fa5, fa5, fa6, fa6
core   0: 1 0x0000000080004376 (0x8307f7c3) f15 0x7ff8000000000000
core   0: 0x000000008000437a (0xc000ae73) csrrs   t3, cycle, ra
core   0: exception trap_illegal_instruction, epc 0x000000008000437a
core   0:           tval 0x00000000c000ae73
core   0: >>>>  $xrv64i2p1_m2p0_a2p1_f2p2_d2p2_zicsr2p0_zifencei2p0_zmmul1p0_zba1p0_zbb1p0_zbc1p0_zbs1p0
core   0: 0x0000000080004000 (0x0080006f) j       pc + 0x8
core   0: 3 0x0000000080004000 (0x0080006f)
core   0: >>>>  mmode_exception_handler
core   0: 0x0000000080004008 (0x00002c17) auipc   s8, 0x2
core   0: 3 0x0000000080004008 (0x00002c17) x24 0x0000000080006008
core   0: 0x000000008000400c (0x00ec0c13) addi    s8, s8, 14
core   0: 3 0x000000008000400c (0x00ec0c13) x24 0x0000000080006016
core   0: 0x0000000080004010 (0x000c00e7) jalr    s8
core   0: 3 0x0000000080004010 (0x000c00e7) x1  0x0000000080004014
core   0: >>>>  any_handler
core   0: 0x0000000080006016 (0x341027f3) csrrs   a5, mepc, zero
core   0: 3 0x0000000080006016 (0x341027f3) x15 0x000000008000437a
core   0: 0x000000008000601a (0x34202773) csrrs   a4, mcause, zero
core   0: 3 0x000000008000601a (0x34202773) x14 0x0000000000000002
core   0: 0x000000008000601e (0x142026f3) csrrs   a3, scause, zero
core   0: 3 0x000000008000601e (0x142026f3) x13 0x0000000000000000
core   0: 0x0000000080006022 (0x30402673) csrrs   a2, mie, zero
core   0: 3 0x0000000080006022 (0x30402673) x12 0x0000000000000a00
core   0: 0x0000000080006026 (0x344025f3) csrrs   a1, mip, zero
core   0: 3 0x0000000080006026 (0x344025f3) x11 0x0000000000000080
core   0: 0x000000008000602a (0x343025f3) csrrs   a1, mtval, zero
core   0: 3 0x000000008000602a (0x343025f3) x11 0x00000000c000ae73
core   0: 0x000000008000602e (0x14302573) csrrs   a0, stval, zero
core   0: 3 0x000000008000602e (0x14302573) x10 0x0000000000000000
core   0: 0x0000000080006032 (0xb02024f3) csrrs   s1, minstret, zero
core   0: 3 0x0000000080006032 (0xb02024f3) x9  0x000000000000092a
core   0: 0x0000000080006036 (0x0000a811) c.j     pc + 20
core   0: 3 0x0000000080006036 (0xa811)
core   0: >>>>  mepc_4
core   0: 0x000000008000604a (0x00000791) c.addi  a5, 4
core   0: 3 0x000000008000604a (0x0791) x15 0x000000008000437e
core   0: 0x000000008000604c (0x34179073) csrrw   zero, mepc, a5
core   0: 3 0x000000008000604c (0x34179073) c833_mepc 0x000000008000437e
core   0: 0x0000000080006050 (0x30200073) mret
core   0: 3 0x0000000080006050 (0x30200073) c768_mstatus 0x8000000a00106080
core   0: 0x000000008000437e (0x417c8e3b) subw    t3, s9, s7
core   0: 1 0x000000008000437e (0x417c8e3b) x28 0x000000007f9efb9b
core   0: 0x0000000080004382 (0x0191f4b3) and     s1, gp, s9
core   0: 1 0x0000000080004382 (0x0191f4b3) x9  0x0000000000000001
core   0: 0x0000000080004386 (0xc0287153) fcvt.l.s sp, fa6
core   0: 1 0x0000000080004386 (0xc0287153) x2  0x0000000000000000
core   0: 0x000000008000438a (0x03867c33) remu    s8, a2, s8
core   0: 1 0x000000008000438a (0x03867c33) x24 0x0000000000000a00
core   0: 0x000000008000438e (0x40a1853b) subw    a0, gp, a0
core   0: 1 0x000000008000438e (0x40a1853b) x10 0x0000000000000001
core   0: 0x0000000080004392 (0xea41cb93) xori    s7, gp, -348
core   0: 1 0x0000000080004392 (0xea41cb93) x23 0xfffffffffffffea5
core   0: 0x0000000080004396 (0xd2347753) fcvt.d.lu fa4, s0
core   0: 1 0x0000000080004396 (0xd2347753) f14 0x0000000000000000
core   0: 0x000000008000439a (0x001bc713) xori    a4, s7, 1
core   0: 1 0x000000008000439a (0x001bc713) x14 0xfffffffffffffea4
core   0: 0x000000008000439e (0x00000001) c.nop
core   0: 1 0x000000008000439e (0x0001)
core   0: 0x00000000800043a0 (0x83ec714f) fnmadd.d ft2, fs8, ft10, fa6
core   0: 1 0x00000000800043a0 (0x83ec714f) f2  0x7ff8000000000000
core   0: 0x00000000800043a4 (0x000e9d13) slli    s10, t4, 0
core   0: 1 0x00000000800043a4 (0x000e9d13) x26 0x8000000000000001
core   0: 0x00000000800043a8 (0x01a58233) add     tp, a1, s10
core   0: 1 0x00000000800043a8 (0x01a58233) x4  0x80000000c000ae74
core   0: 0x00000000800043ac (0x031c9bb3) mulh    s7, s9, a7
core   0: 1 0x00000000800043ac (0x031c9bb3) x23 0x0000000000000000
core   0: 0x00000000800043b0 (0x00f8c5b3) xor     a1, a7, a5
core   0: 1 0x00000000800043b0 (0x00f8c5b3) x11 0x000000008000437e
core   0: 0x00000000800043b4 (0x220f1a53) fsgnjn.d fs4, ft10, ft0
core   0: 1 0x00000000800043b4 (0x220f1a53) f20 0x8000000000000000
core   0: 0x00000000800043b8 (0x018a063b) addw    a2, s4, s8
core   0: 1 0x00000000800043b8 (0x018a063b) x12 0x0000000000000a02
core   0: 0x00000000800043bc (0x0288cbb3) div     s7, a7, s0
core   0: 1 0x00000000800043bc (0x0288cbb3) x23 0xffffffffffffffff
core   0: 0x00000000800043c0 (0xd2088053) fcvt.d.w ft0, a7
core   0: 1 0x00000000800043c0 (0xd2088053) f0  0x0000000000000000
core   0: 0x00000000800043c4 (0x0bfa7ac3) fmadd.d fs5, fs4, ft11, ft1
core   0: 1 0x00000000800043c4 (0x0bfa7ac3) f21 0x7ff8000000000000
core   0: 0x00000000800043c8 (0x01e15113) srli    sp, sp, 30
core   0: 1 0x00000000800043c8 (0x01e15113) x2  0x0000000000000000
core   0: 0x00000000800043cc (0xe26072cb) fnmsub.d ft5, ft0, ft6, ft8
core   0: 1 0x00000000800043cc (0xe26072cb) f5  0x7ff8000000000000
core   0: 0x00000000800043d0 (0x406350bb) sraw    ra, t1, t1
core   0: 1 0x00000000800043d0 (0x406350bb) x1  0xfffffffffffffffe
core   0: 0x00000000800043d4 (0x01dd9dbb) sllw    s11, s11, t4
core   0: 1 0x00000000800043d4 (0x01dd9dbb) x27 0x0000000000000000
core   0: 0x00000000800043d8 (0x4010f753) fcvt.s.d fa4, ft1
core   0: 1 0x00000000800043d8 (0x4010f753) f14 0xffffffff7fc00000
core   0: 0x00000000800043dc (0x0360e0b3) rem     ra, ra, s6
core   0: 1 0x00000000800043dc (0x0360e0b3) x1  0xfffffffffffffffe
core   0: 0x00000000800043e0 (0x7ffafe13) andi    t3, s5, 2047
core   0: 1 0x00000000800043e0 (0x7ffafe13) x28 0x00000000000007ff
core   0: 0x00000000800043e4 (0x00f85eb3) srl     t4, a6, a5
core   0: 1 0x00000000800043e4 (0x00f85eb3) x29 0x0000000000000000
core   0: 0x00000000800043e8 (0xc230f8d3) fcvt.lu.d a7, ft1
core   0: 1 0x00000000800043e8 (0xc230f8d3) c1_fflags 0x0000000000000013 x17 0xffffffffffffffff
core   0: 0x00000000800043ec (0x100b26f3) csrrs   a3, sstatus, s6
core   0: 1 0x00000000800043ec (0x100b26f3) x13 0x8000000200006000 c768_mstatus 0x8000000a00106080
core   0: 0x00000000800043f0 (0x4016053b) subw    a0, a2, ra
core   0: 1 0x00000000800043f0 (0x4016053b) x10 0x0000000000000a04
core   0: 0x00000000800043f4 (0x40a653b3) sra     t2, a2, a0
core   0: 1 0x00000000800043f4 (0x40a653b3) x7  0x00000000000000a0
core   0: 0x00000000800043f8 (0x42038f53) fcvt.d.s ft10, ft7
core   0: 1 0x00000000800043f8 (0x42038f53) f30 0x0000000000000000
core   0: 0x00000000800043fc (0x00c81c9b) slliw   s9, a6, 12
core   0: 1 0x00000000800043fc (0x00c81c9b) x25 0x0000000000000000
core   0: 0x0000000080004400 (0x02b03033) mulhu   zero, zero, a1
core   0: 1 0x0000000080004400 (0x02b03033)
core   0: 0x0000000080004404 (0x00009ca6) c.add   s9, s1
core   0: 1 0x0000000080004404 (0x9ca6) x25 0x0000000000000001
core   0: 0x0000000080004406 (0x0060111b) slliw   sp, zero, 6
core   0: 1 0x0000000080004406 (0x0060111b) x2  0x0000000000000000
core   0: 0x000000008000440a (0x001c9cf3) csrrw   s9, fflags, s9
core   0: 1 0x000000008000440a (0x001c9cf3) x25 0x0000000000000013 c1_fflags 0x0000000000000001
core   0: 0x000000008000440e (0x22eaa853) fsgnjx.d fa6, fs5, fa4
core   0: 1 0x000000008000440e (0x22eaa853) f16 0xfff8000000000000
core   0: 0x0000000080004412 (0x0a637353) fsub.d  ft6, ft6, ft6
core   0: 1 0x0000000080004412 (0x0a637353) f6  0x7ff8000000000000
core   0: 0x0000000080004416 (0x41470733) sub     a4, a4, s4
core   0: 1 0x0000000080004416 (0x41470733) x14 0xfffffffffffffea2
core   0: 0x000000008000441a (0x022370d3) fadd.d  ft1, ft6, ft2
core   0: 1 0x000000008000441a (0x022370d3) f1  0x7ff8000000000000
core   0: 0x000000008000441e (0xd21409d3) fcvt.d.wu fs3, s0
core   0: 1 0x000000008000441e (0xd21409d3) f19 0x0000000000000000
core   0: 0x0000000080004422 (0x420308d3) fcvt.d.s fa7, ft6
core   0: 1 0x0000000080004422 (0x420308d3) f17 0x7ff8000000000000
core   0: 0x0000000080004426 (0x027cd713) srli    a4, s9, 39
core   0: 1 0x0000000080004426 (0x027cd713) x14 0x0000000000000000
core   0: 0x000000008000442a (0x7ff90813) addi    a6, s2, 2047
core   0: 1 0x000000008000442a (0x7ff90813) x16 0xffffffffff5f4479
core   0: 0x000000008000442e (0x2a1491d3) fmax.d  ft3, fs1, ft1
core   0: 1 0x000000008000442e (0x2a1491d3) f3  0x41e0002408000000
core   0: 0x0000000080004432 (0x33b6f847) fmsub.d fa6, fa3, fs11, ft6
core   0: 1 0x0000000080004432 (0x33b6f847) f16 0x7ff8000000000000
core   0: 0x0000000080004436 (0x031728b3) mulhsu  a7, a4, a7
core   0: 1 0x0000000080004436 (0x031728b3) x17 0x0000000000000000
core   0: 0x000000008000443a (0x01c89abb) sllw    s5, a7, t3
core   0: 1 0x000000008000443a (0x01c89abb) x21 0x0000000000000000
core   0: 0x000000008000443e (0x420c0153) fcvt.d.s ft2, fs8
core   0: 1 0x000000008000443e (0x420c0153) f2  0x7ff8000000000000
core   0: 0x0000000080004442 (0x6bc47bc3) fmadd.d fs7, fs0, ft8, fa3
core   0: 1 0x0000000080004442 (0x6bc47bc3) f23 0x7ff8000000000000
core   0: 0x0000000080004446 (0x3407b4f3) csrrc   s1, mscratch, a5
core   0: exception trap_illegal_instruction, epc 0x0000000080004446
core   0:           tval 0x000000003407b4f3
core   0: >>>>  $xrv64i2p1_m2p0_a2p1_f2p2_d2p2_zicsr2p0_zifencei2p0_zmmul1p0_zba1p0_zbb1p0_zbc1p0_zbs1p0
core   0: 0x0000000080004000 (0x0080006f) j       pc + 0x8
core   0: 3 0x0000000080004000 (0x0080006f)
core   0: >>>>  mmode_exception_handler
core   0: 0x0000000080004008 (0x00002c17) auipc   s8, 0x2
core   0: 3 0x0000000080004008 (0x00002c17) x24 0x0000000080006008
core   0: 0x000000008000400c (0x00ec0c13) addi    s8, s8, 14
core   0: 3 0x000000008000400c (0x00ec0c13) x24 0x0000000080006016
core   0: 0x0000000080004010 (0x000c00e7) jalr    s8
core   0: 3 0x0000000080004010 (0x000c00e7) x1  0x0000000080004014
core   0: >>>>  any_handler
core   0: 0x0000000080006016 (0x341027f3) csrrs   a5, mepc, zero
core   0: 3 0x0000000080006016 (0x341027f3) x15 0x0000000080004446
core   0: 0x000000008000601a (0x34202773) csrrs   a4, mcause, zero
core   0: 3 0x000000008000601a (0x34202773) x14 0x0000000000000002
core   0: 0x000000008000601e (0x142026f3) csrrs   a3, scause, zero
core   0: 3 0x000000008000601e (0x142026f3) x13 0x0000000000000000
core   0: 0x0000000080006022 (0x30402673) csrrs   a2, mie, zero
core   0: 3 0x0000000080006022 (0x30402673) x12 0x0000000000000a00
core   0: 0x0000000080006026 (0x344025f3) csrrs   a1, mip, zero
core   0: 3 0x0000000080006026 (0x344025f3) x11 0x0000000000000080
core   0: 0x000000008000602a (0x343025f3) csrrs   a1, mtval, zero
core   0: 3 0x000000008000602a (0x343025f3) x11 0x000000003407b4f3
core   0: 0x000000008000602e (0x14302573) csrrs   a0, stval, zero
core   0: 3 0x000000008000602e (0x14302573) x10 0x0000000000000000
core   0: 0x0000000080006032 (0xb02024f3) csrrs   s1, minstret, zero
core   0: 3 0x0000000080006032 (0xb02024f3) x9  0x000000000000096d
core   0: 0x0000000080006036 (0x0000a811) c.j     pc + 20
core   0: 3 0x0000000080006036 (0xa811)
core   0: >>>>  mepc_4
core   0: 0x000000008000604a (0x00000791) c.addi  a5, 4
core   0: 3 0x000000008000604a (0x0791) x15 0x000000008000444a
core   0: 0x000000008000604c (0x34179073) csrrw   zero, mepc, a5
core   0: 3 0x000000008000604c (0x34179073) c833_mepc 0x000000008000444a
core   0: 0x0000000080006050 (0x30200073) mret
core   0: 3 0x0000000080006050 (0x30200073) c768_mstatus 0x8000000a00106080
core   0: 0x000000008000444a (0x001026f3) csrrs   a3, fflags, zero
core   0: 1 0x000000008000444a (0x001026f3) x13 0x0000000000000001
core   0: 0x000000008000444e (0x1e43c413) xori    s0, t2, 484
core   0: 1 0x000000008000444e (0x1e43c413) x8  0x0000000000000144
core   0: 0x0000000080004452 (0xc236f153) fcvt.lu.d sp, fa3
core   0: 1 0x0000000080004452 (0xc236f153) c1_fflags 0x0000000000000011 x2  0xffffffffffffffff
core   0: 0x0000000080004456 (0xd20d03d3) fcvt.d.w ft7, s10
core   0: 1 0x0000000080004456 (0xd20d03d3) f7  0x3ff0000000000000
core   0: 0x000000008000445a (0x4a6476c7) fmsub.d fa3, fs0, ft6, fs1
core   0: 1 0x000000008000445a (0x4a6476c7) f13 0x7ff8000000000000
core   0: 0x000000008000445e (0x40265b33) sra     s6, a2, sp
core   0: 1 0x000000008000445e (0x40265b33) x22 0x0000000000000000
core   0: 0x0000000080004462 (0x036cbcb3) mulhu   s9, s9, s6
core   0: 1 0x0000000080004462 (0x036cbcb3) x25 0x0000000000000000
core   0: 0x0000000080004466 (0xfb0518b7) lui     a7, 0xfb051
core   0: 1 0x0000000080004466 (0xfb0518b7) x17 0xfffffffffb051000
core   0: 0x000000008000446a (0x4018889b) addiw   a7, a7, 1025
core   0: 1 0x000000008000446a (0x4018889b) x17 0xfffffffffb051401
core   0: 0x000000008000446e (0x000008b2) c.slli  a7, 12
core   0: 1 0x000000008000446e (0x08b2) x17 0xffffffb051401000
core   0: 0x0000000080004470 (0x0d888893) addi    a7, a7, 216
core   0: 1 0x0000000080004470 (0x0d888893) x17 0xffffffb0514010d8
core   0: 0x0000000080004474 (0x02b8e6bb) remw    a3, a7, a1
core   0: 1 0x0000000080004474 (0x02b8e6bb) x13 0x000000001d385be5
core   0: 0x0000000080004478 (0xe2c3764b) fnmsub.d fa2, ft6, fa2, ft8
core   0: 1 0x0000000080004478 (0xe2c3764b) f12 0x7ff8000000000000
core   0: 0x000000008000447c (0x001c10f3) csrrw   ra, fflags, s8
core   0: 1 0x000000008000447c (0x001c10f3) x1  0x0000000000000011 c1_fflags 0x0000000000000016
core   0: 0x0000000080004480 (0x22d69453) fsgnjn.d fs0, fa3, fa3
core   0: 1 0x0000000080004480 (0x22d69453) f8  0xfff8000000000000
core   0: 0x0000000080004484 (0x001897b3) sll     a5, a7, ra
core   0: 1 0x0000000080004484 (0x001897b3) x15 0xff60a28021b00000
core   0: 0x0000000080004488 (0x52e94293) xori    t0, s2, 1326
core   0: 1 0x0000000080004488 (0x52e94293) x5  0xffffffffff5f3954
core   0: 0x000000008000448c (0x0000841a) c.mv    s0, t1
core   0: 1 0x000000008000448c (0x841a) x8  0x00000000800042de
core   0: 0x000000008000448e (0x002023f3) csrrs   t2, frm, zero
core   0: 1 0x000000008000448e (0x002023f3) x7  0x0000000000000000
core   0: 0x0000000080004492 (0x02a54533) div     a0, a0, a0
core   0: 1 0x0000000080004492 (0x02a54533) x10 0xffffffffffffffff
core   0: 0x0000000080004496 (0xc02c7ad3) fcvt.l.s s5, fs8
core   0: 1 0x0000000080004496 (0xc02c7ad3) c1_fflags 0x0000000000000016 x21 0x7fffffffffffffff
core   0: 0x000000008000449a (0x5a06f1d3) fsqrt.d ft3, fa3
core   0: 1 0x000000008000449a (0x5a06f1d3) f3  0x7ff8000000000000
core   0: 0x000000008000449e (0x02dada33) divu    s4, s5, a3
core   0: 1 0x000000008000449e (0x02dada33) x20 0x00000004616af7a4
core   0: 0x00000000800044a2 (0x231c08d3) fsgnj.d fa7, fs8, fa7
core   0: 1 0x00000000800044a2 (0x231c08d3) f17 0x00000000435f138f
core   0: 0x00000000800044a6 (0x013e10bb) sllw    ra, t3, s3
core   0: 1 0x00000000800044a6 (0x013e10bb) x1  0x00000000000007ff
core   0: 0x00000000800044aa (0x014a1cb3) sll     s9, s4, s4
core   0: 1 0x00000000800044aa (0x014a1cb3) x25 0x16af7a4000000000
core   0: 0x00000000800044ae (0x4163db33) sra     s6, t2, s6
core   0: 1 0x00000000800044ae (0x4163db33) x22 0x0000000000000000
core   0: 0x00000000800044b2 (0x03111333) mulh    t1, sp, a7
core   0: 1 0x00000000800044b2 (0x03111333) x6  0x0000000000000000
core   0: 0x00000000800044b6 (0xa3750753) fle.d   a4, fa0, fs7
core   0: 1 0x00000000800044b6 (0xa3750753) c1_fflags 0x0000000000000016 x14 0x0000000000000000
core   0: 0x00000000800044ba (0x0037ecb3) or      s9, a5, gp
core   0: 1 0x00000000800044ba (0x0037ecb3) x25 0xff60a28021b00001
core   0: 0x00000000800044be (0x08066b93) ori     s7, a2, 128
core   0: 1 0x00000000800044be (0x08066b93) x23 0x0000000000000a80
core   0: 0x00000000800044c2 (0x221000d3) fsgnj.d ft1, ft0, ft1
core   0: 1 0x00000000800044c2 (0x221000d3) f1  0x0000000000000000
core   0: 0x00000000800044c6 (0x00cb0b3b) addw    s6, s6, a2
core   0: 1 0x00000000800044c6 (0x00cb0b3b) x22 0x0000000000000a00
core   0: 0x00000000800044ca (0x005b1e9b) slliw   t4, s6, 5
core   0: 1 0x00000000800044ca (0x005b1e9b) x29 0x0000000000014000
core   0: 0x00000000800044ce (0x22b5a4d3) fsgnjx.d fs1, fa1, fa1
core   0: 1 0x00000000800044ce (0x22b5a4d3) f9  0x7fffffff00000000
core   0: 0x00000000800044d2 (0x039eeab3) rem     s5, t4, s9
core   0: 1 0x00000000800044d2 (0x039eeab3) x21 0x0000000000014000
core   0: 0x00000000800044d6 (0xd2008453) fcvt.d.w fs0, ra
core   0: 1 0x00000000800044d6 (0xd2008453) f8  0x409ffc0000000000
core   0: 0x00000000800044da (0x020ed393) srli    t2, t4, 32
core   0: 1 0x00000000800044da (0x020ed393) x7  0x0000000000000000
core   0: 0x00000000800044de (0x033eda13) srli    s4, t4, 51
core   0: 1 0x00000000800044de (0x033eda13) x20 0x0000000000000000
core   0: 0x00000000800044e2 (0x407a0733) sub     a4, s4, t2
core   0: 1 0x00000000800044e2 (0x407a0733) x14 0x0000000000000000
core   0: 0x00000000800044e6 (0x4003531b) sraiw   t1, t1, 0
core   0: 1 0x00000000800044e6 (0x4003531b) x6  0x0000000000000000
core   0: 0x00000000800044ea (0x03b15493) srli    s1, sp, 59
core   0: 1 0x00000000800044ea (0x03b15493) x9  0x000000000000001f
core   0: 0x00000000800044ee (0x5dea0a1b) addiw   s4, s4, 1502
core   0: 1 0x00000000800044ee (0x5dea0a1b) x20 0x00000000000005de
core   0: 0x00000000800044f2 (0xd0217753) fcvt.s.l fa4, sp
core   0: 1 0x00000000800044f2 (0xd0217753) f14 0xffffffffbf800000
core   0: 0x00000000800044f6 (0x00ea08bb) addw    a7, s4, a4
core   0: 1 0x00000000800044f6 (0x00ea08bb) x17 0x00000000000005de
core   0: 0x00000000800044fa (0xe20809d3) fmv.x.d s3, fa6
core   0: 1 0x00000000800044fa (0xe20809d3) x19 0x7ff8000000000000
core   0: 0x00000000800044fe (0xd030fc53) fcvt.s.lu fs8, ra
core   0: 1 0x00000000800044fe (0xd030fc53) f24 0xffffffff44ffe000
core   0: 0x0000000080004502 (0x03380db3) mul     s11, a6, s3
core   0: 1 0x0000000080004502 (0x03380db3) x27 0x5c38000000000000
core   0: 0x0000000080004506 (0x400bd09b) sraiw   ra, s7, 0
core   0: 1 0x0000000080004506 (0x400bd09b) x1  0x0000000000000a80
core   0: 0x000000008000450a (0xe2256513) ori     a0, a0, -478
core   0: 1 0x000000008000450a (0xe2256513) x10 0xffffffffffffffff
core   0: 0x000000008000450e (0x00559ebb) sllw    t4, a1, t0
core   0: 1 0x000000008000450e (0x00559ebb) x29 0x000000004f300000
core   0: 0x0000000080004512 (0x420f0653) fcvt.d.s fa2, ft10
core   0: 1 0x0000000080004512 (0x420f0653) f12 0x7ff8000000000000
core   0: 0x0000000080004516 (0x2ade9053) fmax.d  ft0, ft9, fa3
core   0: 1 0x0000000080004516 (0x2ade9053) f0  0x7ff8000000000000
core   0: 0x000000008000451a (0xc22078d3) fcvt.l.d a7, ft0
core   0: 1 0x000000008000451a (0xc22078d3) c1_fflags 0x0000000000000016 x17 0x7fffffffffffffff
core   0: 0x000000008000451e (0x12d77fd3) fmul.d  ft11, fa4, fa3
core   0: 1 0x000000008000451e (0x12d77fd3) f31 0x7ff8000000000000
core   0: 0x0000000080004522 (0xfe1e031b) addiw   t1, t3, -31
core   0: 1 0x0000000080004522 (0xfe1e031b) x6  0x00000000000007e0
core   0: 0x0000000080004526 (0xc0011173) csrrw   sp, cycle, sp
core   0: exception trap_illegal_instruction, epc 0x0000000080004526
core   0:           tval 0x00000000c0011173
core   0: >>>>  $xrv64i2p1_m2p0_a2p1_f2p2_d2p2_zicsr2p0_zifencei2p0_zmmul1p0_zba1p0_zbb1p0_zbc1p0_zbs1p0
core   0: 0x0000000080004000 (0x0080006f) j       pc + 0x8
core   0: 3 0x0000000080004000 (0x0080006f)
core   0: >>>>  mmode_exception_handler
core   0: 0x0000000080004008 (0x00002c17) auipc   s8, 0x2
core   0: 3 0x0000000080004008 (0x00002c17) x24 0x0000000080006008
core   0: 0x000000008000400c (0x00ec0c13) addi    s8, s8, 14
core   0: 3 0x000000008000400c (0x00ec0c13) x24 0x0000000080006016
core   0: 0x0000000080004010 (0x000c00e7) jalr    s8
core   0: 3 0x0000000080004010 (0x000c00e7) x1  0x0000000080004014
core   0: >>>>  any_handler
core   0: 0x0000000080006016 (0x341027f3) csrrs   a5, mepc, zero
core   0: 3 0x0000000080006016 (0x341027f3) x15 0x0000000080004526
core   0: 0x000000008000601a (0x34202773) csrrs   a4, mcause, zero
core   0: 3 0x000000008000601a (0x34202773) x14 0x0000000000000002
core   0: 0x000000008000601e (0x142026f3) csrrs   a3, scause, zero
core   0: 3 0x000000008000601e (0x142026f3) x13 0x0000000000000000
core   0: 0x0000000080006022 (0x30402673) csrrs   a2, mie, zero
core   0: 3 0x0000000080006022 (0x30402673) x12 0x0000000000000a00
core   0: 0x0000000080006026 (0x344025f3) csrrs   a1, mip, zero
core   0: 3 0x0000000080006026 (0x344025f3) x11 0x0000000000000080
core   0: 0x000000008000602a (0x343025f3) csrrs   a1, mtval, zero
core   0: 3 0x000000008000602a (0x343025f3) x11 0x00000000c0011173
core   0: 0x000000008000602e (0x14302573) csrrs   a0, stval, zero
core   0: 3 0x000000008000602e (0x14302573) x10 0x0000000000000000
core   0: 0x0000000080006032 (0xb02024f3) csrrs   s1, minstret, zero
core   0: 3 0x0000000080006032 (0xb02024f3) x9  0x00000000000009b5
core   0: 0x0000000080006036 (0x0000a811) c.j     pc + 20
core   0: 3 0x0000000080006036 (0xa811)
core   0: >>>>  mepc_4
core   0: 0x000000008000604a (0x00000791) c.addi  a5, 4
core   0: 3 0x000000008000604a (0x0791) x15 0x000000008000452a
core   0: 0x000000008000604c (0x34179073) csrrw   zero, mepc, a5
core   0: 3 0x000000008000604c (0x34179073) c833_mepc 0x000000008000452a
core   0: 0x0000000080006050 (0x30200073) mret
core   0: 3 0x0000000080006050 (0x30200073) c768_mstatus 0x8000000a00106080
core   0: 0x000000008000452a (0x22ee1253) fsgnjn.d ft4, ft8, fa4
core   0: 1 0x000000008000452a (0x22ee1253) f4  0x7ff8000000000000
core   0: 0x000000008000452e (0x406bd6bb) sraw    a3, s7, t1
core   0: 1 0x000000008000452e (0x406bd6bb) x13 0x0000000000000a80
core   0: 0x0000000080004532 (0x005122b3) slt     t0, sp, t0
core   0: 1 0x0000000080004532 (0x005122b3) x5  0x0000000000000000
core   0: 0x0000000080004536 (0x00e2d09b) srliw   ra, t0, 14
core   0: 1 0x0000000080004536 (0x00e2d09b) x1  0x0000000000000000
core   0: 0x000000008000453a (0x01a71db3) sll     s11, a4, s10
core   0: 1 0x000000008000453a (0x01a71db3) x27 0x0000000000000004
core   0: 0x000000008000453e (0x40bd8733) sub     a4, s11, a1
core   0: 1 0x000000008000453e (0x40bd8733) x14 0xffffffff3ffeee91
core   0: 0x0000000080004542 (0x7ff64613) xori    a2, a2, 2047
core   0: 1 0x0000000080004542 (0x7ff64613) x12 0x0000000000000dff
core   0: 0x0000000080004546 (0x2b471cd3) fmax.d  fs9, fa4, fs4
core   0: 1 0x0000000080004546 (0x2b471cd3) f25 0x8000000000000000
core   0: 0x000000008000454a (0xc20cfa53) fcvt.w.d s4, fs9
core   0: 1 0x000000008000454a (0xc20cfa53) x20 0x0000000000000000
core   0: 0x000000008000454e (0x00361233) sll     tp, a2, gp
core   0: 1 0x000000008000454e (0x00361233) x4  0x0000000000001bfe
core   0: 0x0000000080004552 (0x41825ebb) sraw    t4, tp, s8
core   0: 1 0x0000000080004552 (0x41825ebb) x29 0x0000000000000000
core   0: 0x0000000080004556 (0x10067773) csrrci  a4, sstatus, 12
core   0: 1 0x0000000080004556 (0x10067773) x14 0x8000000200006000 c768_mstatus 0x8000000a00106080
core   0: 0x000000008000455a (0x03267c33) remu    s8, a2, s2
core   0: 1 0x000000008000455a (0x03267c33) x24 0x0000000000000dff
core   0: 0x000000008000455e (0x234a85d3) fsgnj.d fa1, fs5, fs4
core   0: 1 0x000000008000455e (0x234a85d3) f11 0xfff8000000000000
core   0: 0x0000000080004562 (0x028380b3) mul     ra, t2, s0
core   0: 1 0x0000000080004562 (0x028380b3) x1  0x0000000000000000
core   0: 0x0000000080004566 (0x0040eb33) or      s6, ra, tp
core   0: 1 0x0000000080004566 (0x0040eb33) x22 0x0000000000001bfe
core   0: 0x000000008000456a (0x23c0a453) fsgnjx.d fs0, ft1, ft8
core   0: 1 0x000000008000456a (0x23c0a453) f8  0x0000000000000000
core   0: 0x000000008000456e (0x00001b4a) c.slli  s6, 50
core   0: 1 0x000000008000456e (0x1b4a) x22 0x6ff8000000000000
core   0: 0x0000000080004570 (0x02f1da93) srli    s5, gp, 47
core   0: 1 0x0000000080004570 (0x02f1da93) x21 0x0000000000000000
core   0: 0x0000000080004574 (0x03dbceb3) div     t4, s7, t4
core   0: 1 0x0000000080004574 (0x03dbceb3) x29 0xffffffffffffffff
core   0: 0x0000000080004578 (0x00102df3) csrrs   s11, fflags, zero
core   0: 1 0x0000000080004578 (0x00102df3) x27 0x0000000000000016
core   0: 0x000000008000457c (0x40be82bb) subw    t0, t4, a1
core   0: 1 0x000000008000457c (0x40be82bb) x5  0x000000003ffeee8c
core   0: 0x0000000080004580 (0x007c843b) addw    s0, s9, t2
core   0: 1 0x0000000080004580 (0x007c843b) x8  0x0000000021b00001
core   0: 0x0000000080004584 (0x024d6b33) rem     s6, s10, tp
core   0: 1 0x0000000080004584 (0x024d6b33) x22 0xfffffffffffffb2b
core   0: 0x0000000080004588 (0x8b1878c7) fmsub.d fa7, fa6, fa7, fa7
core   0: 1 0x0000000080004588 (0x8b1878c7) f17 0x7ff8000000000000
core   0: 0x000000008000458c (0x004868b3) or      a7, a6, tp
core   0: 1 0x000000008000458c (0x004868b3) x17 0xffffffffff5f5fff
core   0: 0x0000000080004590 (0xc22ef5d3) fcvt.l.d a1, ft9
core   0: 1 0x0000000080004590 (0xc22ef5d3) c1_fflags 0x0000000000000016 x11 0x7fffffffffffffff
core   0: 0x0000000080004594 (0x000a4e13) xori    t3, s4, 0
core   0: 1 0x0000000080004594 (0x000a4e13) x28 0x0000000000000000
core   0: 0x0000000080004598 (0x403883bb) subw    t2, a7, gp
core   0: 1 0x0000000080004598 (0x403883bb) x7  0xffffffffff5f5ffe
core   0: 0x000000008000459c (0x0008c213) xori    tp, a7, 0
core   0: 1 0x000000008000459c (0x0008c213) x4  0xffffffffff5f5fff
core   0: 0x00000000800045a0 (0xd03cf253) fcvt.s.lu ft4, s9
core   0: 1 0x00000000800045a0 (0xd03cf253) c1_fflags 0x0000000000000017 f4  0xffffffff5f7f60a3
core   0: 0x00000000800045a4 (0x005489bb) addw    s3, s1, t0
core   0: 1 0x00000000800045a4 (0x005489bb) x19 0x000000003ffef841
core   0: 0x00000000800045a8 (0x00770437) lui     s0, 0x770
core   0: 1 0x00000000800045a8 (0x00770437) x8  0x0000000000770000
core   0: 0x00000000800045ac (0x4854041b) addiw   s0, s0, 1157
core   0: 1 0x00000000800045ac (0x4854041b) x8  0x0000000000770485
core   0: 0x00000000800045b0 (0x00000436) c.slli  s0, 13
core   0: 1 0x00000000800045b0 (0x0436) x8  0x0000000ee090a000
core   0: 0x00000000800045b2 (0x4e440413) addi    s0, s0, 1252
core   0: 1 0x00000000800045b2 (0x4e440413) x8  0x0000000ee090a4e4
core   0: 0x00000000800045b6 (0x00420533) add     a0, tp, tp
core   0: 1 0x00000000800045b6 (0x00420533) x10 0xfffffffffebebffe
core   0: 0x00000000800045ba (0x143fd073) csrrwi  zero, stval, 31
core   0: 1 0x00000000800045ba (0x143fd073) c323_stval 0x000000000000001f
core   0: 0x00000000800045be (0xadda6c93) ori     s9, s4, -1315
core   0: 1 0x00000000800045be (0xadda6c93) x25 0xfffffffffffffadd
core   0: 0x00000000800045c2 (0xc0227353) fcvt.l.s t1, ft4
core   0: 1 0x00000000800045c2 (0xc0227353) c1_fflags 0x0000000000000017 x6  0x7fffffffffffffff
core   0: 0x00000000800045c6 (0x400a5a3b) sraw    s4, s4, zero
core   0: 1 0x00000000800045c6 (0x400a5a3b) x20 0x0000000000000000
core   0: 0x00000000800045ca (0x1b18ffd3) fdiv.d  ft11, fa7, fa7
core   0: 1 0x00000000800045ca (0x1b18ffd3) f31 0x7ff8000000000000
core   0: 0x00000000800045ce (0x03f0d093) srli    ra, ra, 63
core   0: 1 0x00000000800045ce (0x03f0d093) x1  0x0000000000000000
core   0: 0x00000000800045d2 (0x0016e5b3) or      a1, a3, ra
core   0: 1 0x00000000800045d2 (0x0016e5b3) x11 0x0000000000000a80
core   0: 0x00000000800045d6 (0xa77a0a9b) addiw   s5, s4, -1417
core   0: 1 0x00000000800045d6 (0xa77a0a9b) x21 0xfffffffffffffa77
core   0: 0x00000000800045da (0x92da7a4b) fnmsub.d fs4, fs4, fa3, fs2
core   0: 1 0x00000000800045da (0x92da7a4b) f20 0x7ff8000000000000
core   0: 0x00000000800045de (0x13827253) fmul.d  ft4, ft4, fs8
core   0: 1 0x00000000800045de (0x13827253) f4  0x7ff8000000000000
core   0: 0x00000000800045e2 (0xc21c7dd3) fcvt.wu.d s11, fs8
core   0: 1 0x00000000800045e2 (0xc21c7dd3) c1_fflags 0x0000000000000017 x27 0xffffffffffffffff
core   0: 0x00000000800045e6 (0x227a2ad3) fsgnjx.d fs5, fs4, ft7
core   0: 1 0x00000000800045e6 (0x227a2ad3) f21 0x7ff8000000000000
core   0: 0x00000000800045ea (0x0ff0000f) fence   iorw,iorw
core   0: 1 0x00000000800045ea (0x0ff0000f)
core   0: 0x00000000800045ee (0x23c38e53) fsgnj.d ft8, ft7, ft8
core   0: 1 0x00000000800045ee (0x23c38e53) f28 0x3ff0000000000000
core   0: 0x00000000800045f2 (0x4001539b) sraiw   t2, sp, 0
core   0: 1 0x00000000800045f2 (0x4001539b) x7  0xffffffffffffffff
core   0: 0x00000000800045f6 (0xa8cc7b13) andi    s6, s8, -1396
core   0: 1 0x00000000800045f6 (0xa8cc7b13) x22 0x000000000000088c
core   0: 0x00000000800045fa (0x02cb27b3) mulhsu  a5, s6, a2
core   0: 1 0x00000000800045fa (0x02cb27b3) x15 0x0000000000000000
core   0: 0x00000000800045fe (0xa25bf2c3) fmadd.d ft5, fs7, ft5, fs4
core   0: 1 0x00000000800045fe (0xa25bf2c3) f5  0x7ff8000000000000
core   0: 0x0000000080004602 (0x2bdb0dd3) fmin.d  fs11, fs6, ft9
core   0: 1 0x0000000080004602 (0x2bdb0dd3) f27 0x43effffffff02000
core   0: 0x0000000080004606 (0xd21382d3) fcvt.d.wu ft5, t2
core   0: 1 0x0000000080004606 (0xd21382d3) f5  0x41efffffffe00000
core   0: 0x000000008000460a (0xf342f1cf) fnmadd.d ft3, ft5, fs4, ft10
core   0: 1 0x000000008000460a (0xf342f1cf) f3  0x7ff8000000000000
core   0: 0x000000008000460e (0xd21787d3) fcvt.d.wu fa5, a5
core   0: 1 0x000000008000460e (0xd21787d3) f15 0x0000000000000000
core   0: 0x0000000080004612 (0x00000001) c.nop
core   0: 1 0x0000000080004612 (0x0001)
core   0: 0x0000000080004614 (0x40055393) srai    t2, a0, 0
core   0: 1 0x0000000080004614 (0x40055393) x7  0xfffffffffebebffe
core   0: 0x0000000080004618 (0x00146e13) ori     t3, s0, 1
core   0: 1 0x0000000080004618 (0x00146e13) x28 0x0000000ee090a4e5
core   0: 0x000000008000461c (0x008ea5b7) lui     a1, 0x8ea
core   0: 1 0x000000008000461c (0x008ea5b7) x11 0x00000000008ea000
core   0: 0x0000000080004620 (0x2d75859b) addiw   a1, a1, 727
core   0: 1 0x0000000080004620 (0x2d75859b) x11 0x00000000008ea2d7
core   0: 0x0000000080004624 (0x000005ba) c.slli  a1, 14
core   0: 1 0x0000000080004624 (0x05ba) x11 0x00000023a8b5c000
core   0: 0x0000000080004626 (0x51058593) addi    a1, a1, 1296
core   0: 1 0x0000000080004626 (0x51058593) x11 0x00000023a8b5c510
core   0: 0x000000008000462a (0x1a94e213) ori     tp, s1, 425
core   0: 1 0x000000008000462a (0x1a94e213) x4  0x00000000000009bd
core   0: 0x000000008000462e (0x0033fcb3) and     s9, t2, gp
core   0: 1 0x000000008000462e (0x0033fcb3) x25 0x0000000000000000
core   0: 0x0000000080004632 (0x0106d61b) srliw   a2, a3, 16
core   0: 1 0x0000000080004632 (0x0106d61b) x12 0x0000000000000000
core   0: 0x0000000080004636 (0x02b645bb) divw    a1, a2, a1
core   0: 1 0x0000000080004636 (0x02b645bb) x11 0x0000000000000000
core   0: 0x000000008000463a (0x00161e73) csrrw   t3, fflags, a2
core   0: 1 0x000000008000463a (0x00161e73) x28 0x0000000000000017 c1_fflags 0x0000000000000000
core   0: 0x000000008000463e (0xd2080853) fcvt.d.w fa6, a6
core   0: 1 0x000000008000463e (0xd2080853) f16 0xc1641770e0000000
core   0: 0x0000000080004642 (0xc232fb53) fcvt.lu.d s6, ft5
core   0: 1 0x0000000080004642 (0xc232fb53) x22 0x00000000ffffffff
core   0: 0x0000000080004646 (0x00209573) csrrw   a0, frm, ra
core   0: 1 0x0000000080004646 (0x00209573) x10 0x0000000000000000 c2_frm 0x0000000000000000
core   0: 0x000000008000464a (0x130f7f53) fmul.d  ft10, ft10, fa6
core   0: 1 0x000000008000464a (0x130f7f53) f30 0x8000000000000000
core   0: 0x000000008000464e (0xd23573d3) fcvt.d.lu ft7, a0
core   0: 1 0x000000008000464e (0xd23573d3) f7  0x0000000000000000
core   0: 0x0000000080004652 (0xd20084d3) fcvt.d.w fs1, ra
core   0: 1 0x0000000080004652 (0xd20084d3) f9  0x0000000000000000
core   0: 0x0000000080004656 (0x00202b73) csrrs   s6, frm, zero
core   0: 1 0x0000000080004656 (0x00202b73) x22 0x0000000000000000
core   0: 0x000000008000465a (0x031188b3) mul     a7, gp, a7
core   0: 1 0x000000008000465a (0x031188b3) x17 0xffffffffff5f5fff
core   0: 0x000000008000465e (0xd238fcd3) fcvt.d.lu fs9, a7
core   0: 1 0x000000008000465e (0xd238fcd3) c1_fflags 0x0000000000000001 f25 0x43efffffffffebec
core   0: 0x0000000080004662 (0x01b1b2b3) sltu    t0, gp, s11
core   0: 1 0x0000000080004662 (0x01b1b2b3) x5  0x0000000000000001
core   0: 0x0000000080004666 (0x02b63533) mulhu   a0, a2, a1
core   0: 1 0x0000000080004666 (0x02b63533) x10 0x0000000000000000
core   0: 0x000000008000466a (0x40107ed3) fcvt.s.d ft9, ft0
core   0: 1 0x000000008000466a (0x40107ed3) f29 0xffffffff7fc00000
core   0: 0x000000008000466e (0x00000001) c.nop
core   0: 1 0x000000008000466e (0x0001)
core   0: 0x0000000080004670 (0x00055b1b) srliw   s6, a0, 0
core   0: 1 0x0000000080004670 (0x00055b1b) x22 0x0000000000000000
core   0: 0x0000000080004674 (0xfab77013) andi    zero, a4, -85
core   0: 1 0x0000000080004674 (0xfab77013)
core   0: 0x0000000080004678 (0x027b10b3) mulh    ra, s6, t2
core   0: 1 0x0000000080004678 (0x027b10b3) x1  0x0000000000000000
core   0: 0x000000008000467c (0x0180fc33) and     s8, ra, s8
core   0: 1 0x000000008000467c (0x0180fc33) x24 0x0000000000000000
core   0: 0x0000000080004680 (0x01469a33) sll     s4, a3, s4
core   0: 1 0x0000000080004680 (0x01469a33) x20 0x0000000000000a80
core   0: 0x0000000080004684 (0x002020f3) csrrs   ra, frm, zero
core   0: 1 0x0000000080004684 (0x002020f3) x1  0x0000000000000000
core   0: 0x0000000080004688 (0x036a3833) mulhu   a6, s4, s6
core   0: 1 0x0000000080004688 (0x036a3833) x16 0x0000000000000000
core   0: 0x000000008000468c (0x00000001) c.nop
core   0: 1 0x000000008000468c (0x0001)
core   0: 0x000000008000468e (0xd220f3d3) fcvt.d.l ft7, ra
core   0: 1 0x000000008000468e (0xd220f3d3) f7  0x0000000000000000
core   0: 0x0000000080004692 (0x00000001) c.nop
core   0: 1 0x0000000080004692 (0x0001)
core   0: 0x0000000080004694 (0xe2039d53) fclass.d s10, ft7
core   0: 1 0x0000000080004694 (0xe2039d53) x26 0x0000000000000010
core   0: 0x0000000080004698 (0x2b848c53) fmin.d  fs8, fs1, fs8
core   0: 1 0x0000000080004698 (0x2b848c53) f24 0x0000000000000000
core   0: 0x000000008000469c (0x00a5d037) lui     zero, 0xa5d
core   0: 1 0x000000008000469c (0x00a5d037)
core   0: 0x00000000800046a0 (0x96f0001b) addiw   zero, zero, -1681
core   0: 1 0x00000000800046a0 (0x96f0001b)
core   0: 0x00000000800046a4 (0x00e01013) slli    zero, zero, 14
core   0: 1 0x00000000800046a4 (0x00e01013)
core   0: 0x00000000800046a8 (0xb5000013) li      zero, -1200
core   0: 1 0x00000000800046a8 (0xb5000013)
core   0: 0x00000000800046ac (0xdd29009b) addiw   ra, s2, -558
core   0: 1 0x00000000800046ac (0xdd29009b) x1  0xffffffffff5f3a4c
core   0: 0x00000000800046b0 (0x000088ea) c.mv    a7, s10
core   0: 1 0x00000000800046b0 (0x88ea) x17 0x0000000000000010
core   0: 0x00000000800046b2 (0x01d6e7b3) or      a5, a3, t4
core   0: 1 0x00000000800046b2 (0x01d6e7b3) x15 0xffffffffffffffff
core   0: 0x00000000800046b6 (0x41da501b) sraiw   zero, s4, 29
core   0: 1 0x00000000800046b6 (0x41da501b)
core   0: 0x00000000800046ba (0xd20c0e53) fcvt.d.w ft8, s8
core   0: 1 0x00000000800046ba (0xd20c0e53) f28 0x0000000000000000
core   0: 0x00000000800046be (0x0387fe33) remu    t3, a5, s8
core   0: 1 0x00000000800046be (0x0387fe33) x28 0xffffffffffffffff
core   0: 0x00000000800046c2 (0x0164023b) addw    tp, s0, s6
core   0: 1 0x00000000800046c2 (0x0164023b) x4  0xffffffffe090a4e4
core   0: 0x00000000800046c6 (0x00000001) c.nop
core   0: 1 0x00000000800046c6 (0x0001)
core   0: 0x00000000800046c8 (0x0015dc13) srli    s8, a1, 1
core   0: 1 0x00000000800046c8 (0x0015dc13) x24 0x0000000000000000
core   0: 0x00000000800046cc (0x008d56b3) srl     a3, s10, s0
core   0: 1 0x00000000800046cc (0x008d56b3) x13 0x0000000000000000
core   0: 0x00000000800046d0 (0xf36e7a4b) fnmsub.d fs4, ft8, fs6, ft10
core   0: 1 0x00000000800046d0 (0xf36e7a4b) f20 0x8000000000000000
core   0: 0x00000000800046d4 (0x019e6eb3) or      t4, t3, s9
core   0: 1 0x00000000800046d4 (0x019e6eb3) x29 0xffffffffffffffff
core   0: 0x00000000800046d8 (0xf20e0bd3) fmv.d.x fs7, t3
core   0: 1 0x00000000800046d8 (0xf20e0bd3) f23 0xffffffffffffffff
core   0: 0x00000000800046dc (0x41b65c3b) sraw    s8, a2, s11
core   0: 1 0x00000000800046dc (0x41b65c3b) x24 0x0000000000000000
core   0: 0x00000000800046e0 (0xbbd8f8cf) fnmadd.d fa7, fa7, ft9, fs7
core   0: 1 0x00000000800046e0 (0xbbd8f8cf) f17 0x7ff8000000000000
core   0: 0x00000000800046e4 (0x0178d89b) srliw   a7, a7, 23
core   0: 1 0x00000000800046e4 (0x0178d89b) x17 0x0000000000000000
core   0: 0x00000000800046e8 (0x41938cbb) subw    s9, t2, s9
core   0: 1 0x00000000800046e8 (0x41938cbb) x25 0xfffffffffebebffe
core   0: 0x00000000800046ec (0x8bac7d47) fmsub.d fs10, fs8, fs10, fa7
core   0: 1 0x00000000800046ec (0x8bac7d47) f26 0x7ff8000000000000
core   0: 0x00000000800046f0 (0xa9280593) addi    a1, a6, -1390
core   0: 1 0x00000000800046f0 (0xa9280593) x11 0xfffffffffffffa92
core   0: 0x00000000800046f4 (0x000b9c93) slli    s9, s7, 0
core   0: 1 0x00000000800046f4 (0x000b9c93) x25 0x0000000000000a80
core   0: 0x00000000800046f8 (0x7b0aa673) csrrs   a2, dcsr, s5
core   0: exception trap_illegal_instruction, epc 0x00000000800046f8
core   0:           tval 0x000000007b0aa673
core   0: >>>>  $xrv64i2p1_m2p0_a2p1_f2p2_d2p2_zicsr2p0_zifencei2p0_zmmul1p0_zba1p0_zbb1p0_zbc1p0_zbs1p0
core   0: 0x0000000080004000 (0x0080006f) j       pc + 0x8
core   0: 3 0x0000000080004000 (0x0080006f)
core   0: >>>>  mmode_exception_handler
core   0: 0x0000000080004008 (0x00002c17) auipc   s8, 0x2
core   0: 3 0x0000000080004008 (0x00002c17) x24 0x0000000080006008
core   0: 0x000000008000400c (0x00ec0c13) addi    s8, s8, 14
core   0: 3 0x000000008000400c (0x00ec0c13) x24 0x0000000080006016
core   0: 0x0000000080004010 (0x000c00e7) jalr    s8
core   0: 3 0x0000000080004010 (0x000c00e7) x1  0x0000000080004014
core   0: >>>>  any_handler
core   0: 0x0000000080006016 (0x341027f3) csrrs   a5, mepc, zero
core   0: 3 0x0000000080006016 (0x341027f3) x15 0x00000000800046f8
core   0: 0x000000008000601a (0x34202773) csrrs   a4, mcause, zero
core   0: 3 0x000000008000601a (0x34202773) x14 0x0000000000000002
core   0: 0x000000008000601e (0x142026f3) csrrs   a3, scause, zero
core   0: 3 0x000000008000601e (0x142026f3) x13 0x0000000000000000
core   0: 0x0000000080006022 (0x30402673) csrrs   a2, mie, zero
core   0: 3 0x0000000080006022 (0x30402673) x12 0x0000000000000a00
core   0: 0x0000000080006026 (0x344025f3) csrrs   a1, mip, zero
core   0: 3 0x0000000080006026 (0x344025f3) x11 0x0000000000000080
core   0: 0x000000008000602a (0x343025f3) csrrs   a1, mtval, zero
core   0: 3 0x000000008000602a (0x343025f3) x11 0x000000007b0aa673
core   0: 0x000000008000602e (0x14302573) csrrs   a0, stval, zero
core   0: 3 0x000000008000602e (0x14302573) x10 0x000000000000001f
core   0: 0x0000000080006032 (0xb02024f3) csrrs   s1, minstret, zero
core   0: 3 0x0000000080006032 (0xb02024f3) x9  0x0000000000000a3d
core   0: 0x0000000080006036 (0x0000a811) c.j     pc + 20
core   0: 3 0x0000000080006036 (0xa811)
core   0: >>>>  mepc_4
core   0: 0x000000008000604a (0x00000791) c.addi  a5, 4
core   0: 3 0x000000008000604a (0x0791) x15 0x00000000800046fc
core   0: 0x000000008000604c (0x34179073) csrrw   zero, mepc, a5
core   0: 3 0x000000008000604c (0x34179073) c833_mepc 0x00000000800046fc
core   0: 0x0000000080006050 (0x30200073) mret
core   0: 3 0x0000000080006050 (0x30200073) c768_mstatus 0x8000000a00106080
core   0: 0x00000000800046fc (0x013a55bb) srlw    a1, s4, s3
core   0: 1 0x00000000800046fc (0x013a55bb) x11 0x0000000000000540
core   0: 0x0000000080004700 (0x02d686bb) mulw    a3, a3, a3
core   0: 1 0x0000000080004700 (0x02d686bb) x13 0x0000000000000000
core   0: 0x0000000080004704 (0x004b7b33) and     s6, s6, tp
core   0: 1 0x0000000080004704 (0x004b7b33) x22 0x0000000000000000
core   0: 0x0000000080004708 (0x0016f413) andi    s0, a3, 1
core   0: 1 0x0000000080004708 (0x0016f413) x8  0x0000000000000000
core   0: 0x000000008000470c (0x023d06b3) mul     a3, s10, gp
core   0: 1 0x000000008000470c (0x023d06b3) x13 0x0000000000000010
core   0: 0x0000000080004710 (0x03737253) fadd.d  ft4, ft6, fs7
core   0: 1 0x0000000080004710 (0x03737253) f4  0x7ff8000000000000
core   0: 0x0000000080004714 (0x036e0e33) mul     t3, t3, s6
core   0: 1 0x0000000080004714 (0x036e0e33) x28 0x0000000000000000
core   0: 0x0000000080004718 (0x40e88e3b) subw    t3, a7, a4
core   0: 1 0x0000000080004718 (0x40e88e3b) x28 0xfffffffffffffffe
core   0: 0x000000008000471c (0x400e03bb) subw    t2, t3, zero
core   0: 1 0x000000008000471c (0x400e03bb) x7  0xfffffffffffffffe
core   0: 0x0000000080004720 (0x401678d3) fcvt.s.d fa7, fa2
core   0: 1 0x0000000080004720 (0x401678d3) f17 0xffffffff7fc00000
core   0: 0x0000000080004724 (0x5247fe93) andi    t4, a5, 1316
core   0: 1 0x0000000080004724 (0x5247fe93) x29 0x0000000000000424
core   0: 0x0000000080004728 (0x40157bd3) fcvt.s.d fs7, fa0
core   0: 1 0x0000000080004728 (0x40157bd3) f23 0xffffffff7fc00000
core   0: 0x000000008000472c (0x420202d3) fcvt.d.s ft5, ft4
core   0: 1 0x000000008000472c (0x420202d3) f5  0x7ff8000000000000
core   0: 0x0000000080004730 (0xd222f653) fcvt.d.l fa2, t0
core   0: 1 0x0000000080004730 (0xd222f653) f12 0x3ff0000000000000
core   0: 0x0000000080004734 (0x2221a153) fsgnjx.d ft2, ft3, ft2
core   0: 1 0x0000000080004734 (0x2221a153) f2  0x7ff8000000000000
core   0: 0x0000000080004738 (0x342c9873) csrrw   a6, mcause, s9
core   0: exception trap_illegal_instruction, epc 0x0000000080004738
core   0:           tval 0x00000000342c9873
core   0: >>>>  $xrv64i2p1_m2p0_a2p1_f2p2_d2p2_zicsr2p0_zifencei2p0_zmmul1p0_zba1p0_zbb1p0_zbc1p0_zbs1p0
core   0: 0x0000000080004000 (0x0080006f) j       pc + 0x8
core   0: 3 0x0000000080004000 (0x0080006f)
core   0: >>>>  mmode_exception_handler
core   0: 0x0000000080004008 (0x00002c17) auipc   s8, 0x2
core   0: 3 0x0000000080004008 (0x00002c17) x24 0x0000000080006008
core   0: 0x000000008000400c (0x00ec0c13) addi    s8, s8, 14
core   0: 3 0x000000008000400c (0x00ec0c13) x24 0x0000000080006016
core   0: 0x0000000080004010 (0x000c00e7) jalr    s8
core   0: 3 0x0000000080004010 (0x000c00e7) x1  0x0000000080004014
core   0: >>>>  any_handler
core   0: 0x0000000080006016 (0x341027f3) csrrs   a5, mepc, zero
core   0: 3 0x0000000080006016 (0x341027f3) x15 0x0000000080004738
core   0: 0x000000008000601a (0x34202773) csrrs   a4, mcause, zero
core   0: 3 0x000000008000601a (0x34202773) x14 0x0000000000000002
core   0: 0x000000008000601e (0x142026f3) csrrs   a3, scause, zero
core   0: 3 0x000000008000601e (0x142026f3) x13 0x0000000000000000
core   0: 0x0000000080006022 (0x30402673) csrrs   a2, mie, zero
core   0: 3 0x0000000080006022 (0x30402673) x12 0x0000000000000a00
core   0: 0x0000000080006026 (0x344025f3) csrrs   a1, mip, zero
core   0: 3 0x0000000080006026 (0x344025f3) x11 0x0000000000000080
core   0: 0x000000008000602a (0x343025f3) csrrs   a1, mtval, zero
core   0: 3 0x000000008000602a (0x343025f3) x11 0x00000000342c9873
core   0: 0x000000008000602e (0x14302573) csrrs   a0, stval, zero
core   0: 3 0x000000008000602e (0x14302573) x10 0x000000000000001f
core   0: 0x0000000080006032 (0xb02024f3) csrrs   s1, minstret, zero
core   0: 3 0x0000000080006032 (0xb02024f3) x9  0x0000000000000a5c
core   0: 0x0000000080006036 (0x0000a811) c.j     pc + 20
core   0: 3 0x0000000080006036 (0xa811)
core   0: >>>>  mepc_4
core   0: 0x000000008000604a (0x00000791) c.addi  a5, 4
core   0: 3 0x000000008000604a (0x0791) x15 0x000000008000473c
core   0: 0x000000008000604c (0x34179073) csrrw   zero, mepc, a5
core   0: 3 0x000000008000604c (0x34179073) c833_mepc 0x000000008000473c
core   0: 0x0000000080006050 (0x30200073) mret
core   0: 3 0x0000000080006050 (0x30200073) c768_mstatus 0x8000000a00106080
core   0: 0x000000008000473c (0x12acf553) fmul.d  fa0, fs9, fa0
core   0: 1 0x000000008000473c (0x12acf553) f10 0x7ff8000000000000
core   0: 0x0000000080004740 (0x00000001) c.nop
core   0: 1 0x0000000080004740 (0x0001)
core   0: 0x0000000080004742 (0x0135d733) srl     a4, a1, s3
core   0: 1 0x0000000080004742 (0x0135d733) x14 0x000000001a164c39
core   0: 0x0000000080004746 (0x007acab3) xor     s5, s5, t2
core   0: 1 0x0000000080004746 (0x007acab3) x21 0x0000000000000589
core   0: 0x000000008000474a (0x8b7bfbcb) fnmsub.d fs7, fs7, fs7, fa7
core   0: 1 0x000000008000474a (0x8b7bfbcb) f23 0x7ff8000000000000
core   0: 0x000000008000474e (0x0008d313) srli    t1, a7, 0
core   0: 1 0x000000008000474e (0x0008d313) x6  0x0000000000000000
core   0: 0x0000000080004752 (0xe2668513) addi    a0, a3, -474
core   0: 1 0x0000000080004752 (0xe2668513) x10 0xfffffffffffffe26
core   0: 0x0000000080004756 (0x004783bb) addw    t2, a5, tp
core   0: 1 0x0000000080004756 (0x004783bb) x7  0x000000006090ec20
core   0: 0x000000008000475a (0x417b5b1b) sraiw   s6, s6, 23
core   0: 1 0x000000008000475a (0x417b5b1b) x22 0x0000000000000000
core   0: 0x000000008000475e (0x80027513) andi    a0, tp, -2048
core   0: 1 0x000000008000475e (0x80027513) x10 0xffffffffe090a000
core   0: 0x0000000080004762 (0x02421433) mulh    s0, tp, tp
core   0: 1 0x0000000080004762 (0x02421433) x8  0x0000000000000000
core   0: 0x0000000080004766 (0x0d4b0c9b) addiw   s9, s6, 212
core   0: 1 0x0000000080004766 (0x0d4b0c9b) x25 0x00000000000000d4
core   0: 0x000000008000476a (0xc039f953) fcvt.lu.s s2, fs3
core   0: 1 0x000000008000476a (0xc039f953) c1_fflags 0x0000000000000011 x18 0xffffffffffffffff
core   0: 0x000000008000476e (0xbefdb717) auipc   a4, 0xbefdb
core   0: 1 0x000000008000476e (0xbefdb717) x14 0x000000003efdf76e
core   0: 0x0000000080004772 (0x3e60fe93) andi    t4, ra, 998
core   0: 1 0x0000000080004772 (0x3e60fe93) x29 0x0000000000000004
core   0: 0x0000000080004776 (0x12f5f3d3) fmul.d  ft7, fa1, fa5
core   0: 1 0x0000000080004776 (0x12f5f3d3) f7  0x7ff8000000000000
core   0: 0x000000008000477a (0x0284f4d3) fadd.d  fs1, fs1, fs0
core   0: 1 0x000000008000477a (0x0284f4d3) f9  0x0000000000000000
core   0: 0x000000008000477e (0x0148961b) slliw   a2, a7, 20
core   0: 1 0x000000008000477e (0x0148961b) x12 0x0000000000000000
core   0: 0x0000000080004782 (0x0072d11b) srliw   sp, t0, 7
core   0: 1 0x0000000080004782 (0x0072d11b) x2  0x0000000000000000
core   0: 0x0000000080004786 (0x0000141b) slliw   s0, zero, 0
core   0: 1 0x0000000080004786 (0x0000141b) x8  0x0000000000000000
core   0: 0x000000008000478a (0xd21409d3) fcvt.d.wu fs3, s0
core   0: 1 0x000000008000478a (0xd21409d3) f19 0x0000000000000000
core   0: 0x000000008000478e (0x2dd96813) ori     a6, s2, 733
core   0: 1 0x000000008000478e (0x2dd96813) x16 0xffffffffffffffff
core   0: 0x0000000080004792 (0x81c97993) andi    s3, s2, -2020
core   0: 1 0x0000000080004792 (0x81c97993) x19 0xfffffffffffff81c
core   0: 0x0000000080004796 (0xc02771d3) fcvt.l.s gp, fa4
core   0: 1 0x0000000080004796 (0xc02771d3) x3  0xffffffffffffffff
core   0: 0x000000008000479a (0x2be89c53) fmax.d  fs8, fa7, ft10
core   0: 1 0x000000008000479a (0x2be89c53) f24 0x8000000000000000
core   0: 0x000000008000479e (0x0095d61b) srliw   a2, a1, 9
core   0: 1 0x000000008000479e (0x0095d61b) x12 0x00000000001a164c
core   0: 0x00000000800047a2 (0x00202173) csrrs   sp, frm, zero
core   0: 1 0x00000000800047a2 (0x00202173) x2  0x0000000000000000
core   0: 0x00000000800047a6 (0x69415337) lui     t1, 0x69415
core   0: 1 0x00000000800047a6 (0x69415337) x6  0x0000000069415000
core   0: 0x00000000800047aa (0x40e70b3b) subw    s6, a4, a4
core   0: 1 0x00000000800047aa (0x40e70b3b) x22 0x0000000000000000
core   0: 0x00000000800047ae (0x419b5ebb) sraw    t4, s6, s9
core   0: 1 0x00000000800047ae (0x419b5ebb) x29 0x0000000000000000
core   0: 0x00000000800047b2 (0x237f21d3) fsgnjx.d ft3, ft10, fs7
core   0: 1 0x00000000800047b2 (0x237f21d3) f3  0x8000000000000000
core   0: 0x00000000800047b6 (0x00202873) csrrs   a6, frm, zero
core   0: 1 0x00000000800047b6 (0x00202873) x16 0x0000000000000000
core   0: 0x00000000800047ba (0x00ced6bb) srlw    a3, t4, a2
core   0: 1 0x00000000800047ba (0x00ced6bb) x13 0x0000000000000000
core   0: 0x00000000800047be (0x033b69b3) rem     s3, s6, s3
core   0: 1 0x00000000800047be (0x033b69b3) x19 0x0000000000000000
core   0: 0x00000000800047c2 (0x408a503b) sraw    zero, s4, s0
core   0: 1 0x00000000800047c2 (0x408a503b)
core   0: 0x00000000800047c6 (0x00dd85b3) add     a1, s11, a3
core   0: 1 0x00000000800047c6 (0x00dd85b3) x11 0xffffffffffffffff
core   0: 0x00000000800047ca (0x026588bb) mulw    a7, a1, t1
core   0: 1 0x00000000800047ca (0x026588bb) x17 0xffffffff96beb000
core   0: 0x00000000800047ce (0xc20677d3) fcvt.w.d a5, fa2
core   0: 1 0x00000000800047ce (0xc20677d3) x15 0x0000000000000001
core   0: 0x00000000800047d2 (0xe20c04d3) fmv.x.d s1, fs8
core   0: 1 0x00000000800047d2 (0xe20c04d3) x9  0x8000000000000000
core   0: 0x00000000800047d6 (0x0219ab33) mulhsu  s6, s3, ra
core   0: 1 0x00000000800047d6 (0x0219ab33) x22 0x0000000000000000
core   0: 0x00000000800047da (0x001d1c9b) slliw   s9, s10, 1
core   0: 1 0x00000000800047da (0x001d1c9b) x25 0x0000000000000020
core   0: 0x00000000800047de (0x2b3b0053) fmin.d  ft0, fs6, fs3
core   0: 1 0x00000000800047de (0x2b3b0053) f0  0x0000000000000000
core   0: 0x00000000800047e2 (0x40738a3b) subw    s4, t2, t2
core   0: 1 0x00000000800047e2 (0x40738a3b) x20 0x0000000000000000
core   0: 0x00000000800047e6 (0x40f4dd33) sra     s10, s1, a5
core   0: 1 0x00000000800047e6 (0x40f4dd33) x26 0xc000000000000000
core   0: 0x00000000800047ea (0x9e3e6813) ori     a6, t3, -1565
core   0: 1 0x00000000800047ea (0x9e3e6813) x16 0xffffffffffffffff
core   0: 0x00000000800047ee (0x2aa50553) fmin.d  fa0, fa0, fa0
core   0: 1 0x00000000800047ee (0x2aa50553) f10 0x7ff8000000000000
core   0: 0x00000000800047f2 (0x3b357bc3) fmadd.d fs7, fa0, fs3, ft7
core   0: 1 0x00000000800047f2 (0x3b357bc3) f23 0x7ff8000000000000
core   0: 0x00000000800047f6 (0x0f36fc97) auipc   s9, 0xf36f
core   0: 1 0x00000000800047f6 (0x0f36fc97) x25 0x000000008f3737f6
core   0: 0x00000000800047fa (0x1f9b63b7) lui     t2, 0x1f9b6
core   0: 1 0x00000000800047fa (0x1f9b63b7) x7  0x000000001f9b6000
core   0: 0x00000000800047fe (0x0000057a) c.slli  a0, 30
core   0: 1 0x00000000800047fe (0x057a) x10 0xf824280000000000
core   0: 0x0000000080004800 (0x520d7d43) fmadd.d fs10, fs10, ft0, fa0
core   0: 1 0x0000000080004800 (0x520d7d43) f26 0x7ff8000000000000
core   0: 0x0000000080004804 (0x68240997) auipc   s3, 0x68240
core   0: 1 0x0000000080004804 (0x68240997) x19 0x00000000e8244804
core   0: 0x0000000080004808 (0x00000001) c.nop
core   0: 1 0x0000000080004808 (0x0001)
core   0: 0x000000008000480a (0xc029f953) fcvt.l.s s2, fs3
core   0: 1 0x000000008000480a (0xc029f953) c1_fflags 0x0000000000000011 x18 0x7fffffffffffffff
core   0: 0x000000008000480e (0xc21d7753) fcvt.wu.d a4, fs10
core   0: 1 0x000000008000480e (0xc21d7753) c1_fflags 0x0000000000000011 x14 0xffffffffffffffff
core   0: 0x0000000080004812 (0x00a45e3b) srlw    t3, s0, a0
core   0: 1 0x0000000080004812 (0x00a45e3b) x28 0x0000000000000000
core   0: 0x0000000080004816 (0x120d7bd3) fmul.d  fs7, fs10, ft0
core   0: 1 0x0000000080004816 (0x120d7bd3) f23 0x7ff8000000000000
core   0: 0x000000008000481a (0x03188b33) mul     s6, a7, a7
core   0: 1 0x000000008000481a (0x03188b33) x22 0x2b46a449b9000000
core   0: 0x000000008000481e (0xda64f4c3) fmadd.d fs1, fs1, ft6, fs11
core   0: 1 0x000000008000481e (0xda64f4c3) f9  0x7ff8000000000000
core   0: 0x0000000080004822 (0x4dd27113) andi    sp, tp, 1245
core   0: 1 0x0000000080004822 (0x4dd27113) x2  0x00000000000004c4
core   0: 0x0000000080004826 (0x4016f9d3) fcvt.s.d fs3, fa3
core   0: 1 0x0000000080004826 (0x4016f9d3) f19 0xffffffff7fc00000
core   0: 0x000000008000482a (0xe294f8c3) fmadd.d fa7, fs1, fs1, ft8
core   0: 1 0x000000008000482a (0xe294f8c3) f17 0x7ff8000000000000
core   0: 0x000000008000482e (0x01635593) srli    a1, t1, 22
core   0: 1 0x000000008000482e (0x01635593) x11 0x00000000000001a5
core   0: 0x0000000080004832 (0xc228fed3) fcvt.l.d t4, fa7
core   0: 1 0x0000000080004832 (0xc228fed3) c1_fflags 0x0000000000000011 x29 0x7fffffffffffffff
core   0: 0x0000000080004836 (0x424dd693) srai    a3, s11, 36
core   0: 1 0x0000000080004836 (0x424dd693) x13 0xffffffffffffffff
core   0: 0x000000008000483a (0x12f8ffd3) fmul.d  ft11, fa7, fa5
core   0: 1 0x000000008000483a (0x12f8ffd3) f31 0x7ff8000000000000
core   0: 0x000000008000483e (0x01ca55b3) srl     a1, s4, t3
core   0: 1 0x000000008000483e (0x01ca55b3) x11 0x0000000000000000
core   0: 0x0000000080004842 (0x80088b9b) addiw   s7, a7, -2048
core   0: 1 0x0000000080004842 (0x80088b9b) x23 0xffffffff96bea800
core   0: 0x0000000080004846 (0x0086cbb3) xor     s7, a3, s0
core   0: 1 0x0000000080004846 (0x0086cbb3) x23 0xffffffffffffffff
core   0: 0x000000008000484a (0x021c97b3) mulh    a5, s9, ra
core   0: 1 0x000000008000484a (0x021c97b3) x15 0x0000000000000000
core   0: 0x000000008000484e (0x02fc7abb) remuw   s5, s8, a5
core   0: 1 0x000000008000484e (0x02fc7abb) x21 0xffffffff80006016
core   0: 0x0000000080004852 (0x00121b13) slli    s6, tp, 1
core   0: 1 0x0000000080004852 (0x00121b13) x22 0xffffffffc12149c8
core   0: 0x0000000080004856 (0x825c7843) fmadd.d fa6, fs8, ft5, fa6
core   0: 1 0x0000000080004856 (0x825c7843) f16 0x7ff8000000000000
core   0: 0x000000008000485a (0x02e07733) remu    a4, zero, a4
core   0: 1 0x000000008000485a (0x02e07733) x14 0x0000000000000000
core   0: 0x000000008000485e (0x403e01b3) sub     gp, t3, gp
core   0: 1 0x000000008000485e (0x403e01b3) x3  0x0000000000000001
core   0: 0x0000000080004862 (0x0ff0000f) fence   iorw,iorw
core   0: 1 0x0000000080004862 (0x0ff0000f)
core   0: 0x0000000080004866 (0x03bef13b) remuw   sp, t4, s11
core   0: 1 0x0000000080004866 (0x03bef13b) x2  0x0000000000000000
core   0: 0x000000008000486a (0xd21c0653) fcvt.d.wu fa2, s8
core   0: 1 0x000000008000486a (0xd21c0653) f12 0x41e0000c02c00000
core   0: 0x000000008000486e (0xdd8d8193) addi    gp, s11, -552
core   0: 1 0x000000008000486e (0xdd8d8193) x3  0xfffffffffffffdd7
core   0: 0x0000000080004872 (0x6031c613) xori    a2, gp, 1539
core   0: 1 0x0000000080004872 (0x6031c613) x12 0xfffffffffffffbd4
core   0: 0x0000000080004876 (0x2ac39853) fmax.d  fa6, ft7, fa2
core   0: 1 0x0000000080004876 (0x2ac39853) f16 0x41e0000c02c00000
core   0: 0x000000008000487a (0xaa4afccb) fnmsub.d fs9, fs5, ft4, fs5
core   0: 1 0x000000008000487a (0xaa4afccb) f25 0x7ff8000000000000
core   0: 0x000000008000487e (0x0016823b) addw    tp, a3, ra
core   0: 1 0x000000008000487e (0x0016823b) x4  0xffffffff80004013
core   0: 0x0000000080004882 (0x00102af3) csrrs   s5, fflags, zero
core   0: 1 0x0000000080004882 (0x00102af3) x21 0x0000000000000011
core   0: 0x0000000080004886 (0xd20708d3) fcvt.d.w fa7, a4
core   0: 1 0x0000000080004886 (0xd20708d3) f17 0x0000000000000000
core   0: 0x000000008000488a (0xfff28a1b) addiw   s4, t0, -1
core   0: 1 0x000000008000488a (0xfff28a1b) x20 0x0000000000000000
core   0: 0x000000008000488e (0x40810dbb) subw    s11, sp, s0
core   0: 1 0x000000008000488e (0x40810dbb) x27 0x0000000000000000
core   0: 0x0000000080004892 (0xc02e7053) fcvt.l.s zero, ft8
core   0: 1 0x0000000080004892 (0xc02e7053) c1_fflags 0x0000000000000011
core   0: 0x0000000080004896 (0x409852bb) sraw    t0, a6, s1
core   0: 1 0x0000000080004896 (0x409852bb) x5  0xffffffffffffffff
core   0: 0x000000008000489a (0x24740537) lui     a0, 0x24740
core   0: 1 0x000000008000489a (0x24740537) x10 0x0000000024740000
core   0: 0x000000008000489e (0x00aeceb3) xor     t4, t4, a0
core   0: 1 0x000000008000489e (0x00aeceb3) x29 0x7fffffffdb8bffff
core   0: 0x00000000800048a2 (0x005bebb7) lui     s7, 0x5be
core   0: 1 0x00000000800048a2 (0x005bebb7) x23 0x00000000005be000
core   0: 0x00000000800048a6 (0xf71b8b9b) addiw   s7, s7, -143
core   0: 1 0x00000000800048a6 (0xf71b8b9b) x23 0x00000000005bdf71
core   0: 0x00000000800048aa (0x00000bba) c.slli  s7, 14
core   0: 1 0x00000000800048aa (0x0bba) x23 0x00000016f7dc4000
core   0: 0x00000000800048ac (0x0a3b8b93) addi    s7, s7, 163
core   0: 1 0x00000000800048ac (0x0a3b8b93) x23 0x00000016f7dc40a3
core   0: 0x00000000800048b0 (0xd0237253) fcvt.s.l ft4, t1
core   0: 1 0x00000000800048b0 (0xd0237253) f4  0xffffffff4ed282a0
core   0: 0x00000000800048b4 (0x4009d413) srai    s0, s3, 0
core   0: 1 0x00000000800048b4 (0x4009d413) x8  0x00000000e8244804
core   0: 0x00000000800048b8 (0x00000001) c.nop
core   0: 1 0x00000000800048b8 (0x0001)
core   0: 0x00000000800048ba (0x0304da93) srli    s5, s1, 48
core   0: 1 0x00000000800048ba (0x0304da93) x21 0x0000000000008000
core   0: 0x00000000800048be (0x001b90f3) csrrw   ra, fflags, s7
core   0: 1 0x00000000800048be (0x001b90f3) x1  0x0000000000000011 c1_fflags 0x0000000000000003
core   0: 0x00000000800048c2 (0xa3ad0ad3) fle.d   s5, fs10, fs10
core   0: 1 0x00000000800048c2 (0xa3ad0ad3) c1_fflags 0x0000000000000013 x21 0x0000000000000000
core   0: 0x00000000800048c6 (0x6d6d8593) addi    a1, s11, 1750
core   0: 1 0x00000000800048c6 (0x6d6d8593) x11 0x00000000000006d6
core   0: 0x00000000800048ca (0xc207f953) fcvt.w.d s2, fa5
core   0: 1 0x00000000800048ca (0xc207f953) x18 0x0000000000000000
core   0: 0x00000000800048ce (0x0118113b) sllw    sp, a6, a7
core   0: 1 0x00000000800048ce (0x0118113b) x2  0xffffffffffffffff
core   0: 0x00000000800048d2 (0x41b15713) srai    a4, sp, 27
core   0: 1 0x00000000800048d2 (0x41b15713) x14 0xffffffffffffffff
core   0: 0x00000000800048d6 (0xc02bfbd3) fcvt.l.s s7, fs7
core   0: 1 0x00000000800048d6 (0xc02bfbd3) c1_fflags 0x0000000000000013 x23 0x7fffffffffffffff
core   0: 0x00000000800048da (0x420c8653) fcvt.d.s fa2, fs9
core   0: 1 0x00000000800048da (0x420c8653) f12 0x7ff8000000000000
core   0: 0x00000000800048de (0x00c11bbb) sllw    s7, sp, a2
core   0: 1 0x00000000800048de (0x00c11bbb) x23 0xfffffffffff00000
core   0: 0x00000000800048e2 (0xd2267553) fcvt.d.l fa0, a2
core   0: 1 0x00000000800048e2 (0xd2267553) f10 0xc090b00000000000
core   0: 0x00000000800048e6 (0x2aa50353) fmin.d  ft6, fa0, fa0
core   0: 1 0x00000000800048e6 (0x2aa50353) f6  0xc090b00000000000
core   0: 0x00000000800048ea (0x401b7b53) fcvt.s.d fs6, fs6
core   0: 1 0x00000000800048ea (0x401b7b53) c1_fflags 0x0000000000000013 f22 0xffffffff5f800000
core   0: 0x00000000800048ee (0x00ed9dbb) sllw    s11, s11, a4
core   0: 1 0x00000000800048ee (0x00ed9dbb) x27 0x0000000000000000
core   0: 0x00000000800048f2 (0x0b5effd3) fsub.d  ft11, ft9, fs5
core   0: 1 0x00000000800048f2 (0x0b5effd3) f31 0x7ff8000000000000
core   0: 0x00000000800048f6 (0x020d803b) mulw    zero, s11, zero
core   0: 1 0x00000000800048f6 (0x020d803b)
core   0: 0x00000000800048fa (0xcf404213) xori    tp, zero, -780
core   0: 1 0x00000000800048fa (0xcf404213) x4  0xfffffffffffffcf4
core   0: 0x00000000800048fe (0x003ac1b3) xor     gp, s5, gp
core   0: 1 0x00000000800048fe (0x003ac1b3) x3  0xfffffffffffffdd7
core   0: 0x0000000080004902 (0x0139a033) slt     zero, s3, s3
core   0: 1 0x0000000080004902 (0x0139a033)
core   0: 0x0000000080004906 (0x1adaff53) fdiv.d  ft10, fs5, fa3
core   0: 1 0x0000000080004906 (0x1adaff53) f30 0x7ff8000000000000
core   0: 0x000000008000490a (0x00202673) csrrs   a2, frm, zero
core   0: 1 0x000000008000490a (0x00202673) x12 0x0000000000000000
core   0: 0x000000008000490e (0x00000001) c.nop
core   0: 1 0x000000008000490e (0x0001)
core   0: 0x0000000080004910 (0x001610f3) csrrw   ra, fflags, a2
core   0: 1 0x0000000080004910 (0x001610f3) x1  0x0000000000000013 c1_fflags 0x0000000000000000
core   0: 0x0000000080004914 (0xc02ffe53) fcvt.l.s t3, ft11
core   0: 1 0x0000000080004914 (0xc02ffe53) c1_fflags 0x0000000000000010 x28 0x7fffffffffffffff
core   0: 0x0000000080004918 (0x5a0ff453) fsqrt.d fs0, ft11
core   0: 1 0x0000000080004918 (0x5a0ff453) f8  0x7ff8000000000000
core   0: 0x000000008000491c (0x002024f3) csrrs   s1, frm, zero
core   0: 1 0x000000008000491c (0x002024f3) x9  0x0000000000000000
core   0: 0x0000000080004920 (0x01399a3b) sllw    s4, s3, s3
core   0: 1 0x0000000080004920 (0x01399a3b) x20 0xffffffff82448040
core   0: 0x0000000080004924 (0x0ff0000f) fence   iorw,iorw
core   0: 1 0x0000000080004924 (0x0ff0000f)
core   0: 0x0000000080004928 (0xb0ec8eb7) lui     t4, 0xb0ec8
core   0: 1 0x0000000080004928 (0xb0ec8eb7) x29 0xffffffffb0ec8000
core   0: 0x000000008000492c (0x02608d33) mul     s10, ra, t1
core   0: 1 0x000000008000492c (0x02608d33) x26 0x00000007cfd8f000
core   0: 0x0000000080004930 (0x00035e1b) srliw   t3, t1, 0
core   0: 1 0x0000000080004930 (0x00035e1b) x28 0x0000000069415000
core   0: 0x0000000080004934 (0x036bb333) mulhu   t1, s7, s6
core   0: 1 0x0000000080004934 (0x036bb333) x6  0xffffffffc11149c8
core   0: 0x0000000080004938 (0x02c81513) slli    a0, a6, 44
core   0: 1 0x0000000080004938 (0x02c81513) x10 0xfffff00000000000
core   0: 0x000000008000493c (0x00000001) c.nop
core   0: 1 0x000000008000493c (0x0001)
core   0: 0x000000008000493e (0xd20105d3) fcvt.d.w fa1, sp
core   0: 1 0x000000008000493e (0xd20105d3) f11 0xbff0000000000000
core   0: 0x0000000080004942 (0x02ad5bb3) divu    s7, s10, a0
core   0: 1 0x0000000080004942 (0x02ad5bb3) x23 0x0000000000000000
core   0: 0x0000000080004946 (0xc23efe53) fcvt.lu.d t3, ft9
core   0: 1 0x0000000080004946 (0xc23efe53) c1_fflags 0x0000000000000010 x28 0xffffffffffffffff
core   0: 0x000000008000494a (0x017e963b) sllw    a2, t4, s7
core   0: 1 0x000000008000494a (0x017e963b) x12 0xffffffffb0ec8000
core   0: 0x000000008000494e (0x55168713) addi    a4, a3, 1361
core   0: 1 0x000000008000494e (0x55168713) x14 0x0000000000000550
core   0: 0x0000000080004952 (0x03776abb) remw    s5, a4, s7
core   0: 1 0x0000000080004952 (0x03776abb) x21 0x0000000000000550
core   0: 0x0000000080004956 (0x22bf2bd3) fsgnjx.d fs7, ft10, fa1
core   0: 1 0x0000000080004956 (0x22bf2bd3) f23 0xfff8000000000000
core   0: 0x000000008000495a (0x40ac53bb) sraw    t2, s8, a0
core   0: 1 0x000000008000495a (0x40ac53bb) x7  0xffffffff80006016
core   0: 0x000000008000495e (0x0a44f953) fsub.d  fs2, fs1, ft4
core   0: 1 0x000000008000495e (0x0a44f953) f18 0x7ff8000000000000
core   0: 0x0000000080004962 (0x00ed6633) or      a2, s10, a4
core   0: 1 0x0000000080004962 (0x00ed6633) x12 0x00000007cfd8f550
core   0: 0x0000000080004966 (0x02cd0db3) mul     s11, s10, a2
core   0: 1 0x0000000080004966 (0x02cd0db3) x27 0x069dd576117b0000
core   0: 0x000000008000496a (0x00438c3b) addw    s8, t2, tp
core   0: 1 0x000000008000496a (0x00438c3b) x24 0xffffffff80005d0a
core   0: 0x000000008000496e (0xc02ae6f3) csrrsi  a3, instret, 21
core   0: exception trap_illegal_instruction, epc 0x000000008000496e
core   0:           tval 0x00000000c02ae6f3
core   0: >>>>  $xrv64i2p1_m2p0_a2p1_f2p2_d2p2_zicsr2p0_zifencei2p0_zmmul1p0_zba1p0_zbb1p0_zbc1p0_zbs1p0
core   0: 0x0000000080004000 (0x0080006f) j       pc + 0x8
core   0: 3 0x0000000080004000 (0x0080006f)
core   0: >>>>  mmode_exception_handler
core   0: 0x0000000080004008 (0x00002c17) auipc   s8, 0x2
core   0: 3 0x0000000080004008 (0x00002c17) x24 0x0000000080006008
core   0: 0x000000008000400c (0x00ec0c13) addi    s8, s8, 14
core   0: 3 0x000000008000400c (0x00ec0c13) x24 0x0000000080006016
core   0: 0x0000000080004010 (0x000c00e7) jalr    s8
core   0: 3 0x0000000080004010 (0x000c00e7) x1  0x0000000080004014
core   0: >>>>  any_handler
core   0: 0x0000000080006016 (0x341027f3) csrrs   a5, mepc, zero
core   0: 3 0x0000000080006016 (0x341027f3) x15 0x000000008000496e
core   0: 0x000000008000601a (0x34202773) csrrs   a4, mcause, zero
core   0: 3 0x000000008000601a (0x34202773) x14 0x0000000000000002
core   0: 0x000000008000601e (0x142026f3) csrrs   a3, scause, zero
core   0: 3 0x000000008000601e (0x142026f3) x13 0x0000000000000000
core   0: 0x0000000080006022 (0x30402673) csrrs   a2, mie, zero
core   0: 3 0x0000000080006022 (0x30402673) x12 0x0000000000000a00
core   0: 0x0000000080006026 (0x344025f3) csrrs   a1, mip, zero
core   0: 3 0x0000000080006026 (0x344025f3) x11 0x0000000000000080
core   0: 0x000000008000602a (0x343025f3) csrrs   a1, mtval, zero
core   0: 3 0x000000008000602a (0x343025f3) x11 0x00000000c02ae6f3
core   0: 0x000000008000602e (0x14302573) csrrs   a0, stval, zero
core   0: 3 0x000000008000602e (0x14302573) x10 0x000000000000001f
core   0: 0x0000000080006032 (0xb02024f3) csrrs   s1, minstret, zero
core   0: 3 0x0000000080006032 (0xb02024f3) x9  0x0000000000000afc
core   0: 0x0000000080006036 (0x0000a811) c.j     pc + 20
core   0: 3 0x0000000080006036 (0xa811)
core   0: >>>>  mepc_4
core   0: 0x000000008000604a (0x00000791) c.addi  a5, 4
core   0: 3 0x000000008000604a (0x0791) x15 0x0000000080004972
core   0: 0x000000008000604c (0x34179073) csrrw   zero, mepc, a5
core   0: 3 0x000000008000604c (0x34179073) c833_mepc 0x0000000080004972
core   0: 0x0000000080006050 (0x30200073) mret
core   0: 3 0x0000000080006050 (0x30200073) c768_mstatus 0x8000000a00106080
core   0: 0x0000000080004972 (0x038483bb) mulw    t2, s1, s8
core   0: 1 0x0000000080004972 (0x038483bb) x7  0x00000000041f71a8
core   0: 0x0000000080004976 (0x0226e1b3) rem     gp, a3, sp
core   0: 1 0x0000000080004976 (0x0226e1b3) x3  0x0000000000000000
core   0: 0x000000008000497a (0x03fe9893) slli    a7, t4, 63
core   0: 1 0x000000008000497a (0x03fe9893) x17 0x0000000000000000
core   0: 0x000000008000497e (0x61983197) auipc   gp, 0x61983
core   0: 1 0x000000008000497e (0x61983197) x3  0x00000000e198797e
core   0: 0x0000000080004982 (0x02450b3b) mulw    s6, a0, tp
core   0: 1 0x0000000080004982 (0x02450b3b) x22 0xffffffffffffa18c
core   0: 0x0000000080004986 (0x023d6dbb) remw    s11, s10, gp
core   0: 1 0x0000000080004986 (0x023d6dbb) x27 0xffffffffee407682
core   0: 0x000000008000498a (0x01668bb3) add     s7, a3, s6
core   0: 1 0x000000008000498a (0x01668bb3) x23 0xffffffffffffa18c
core   0: 0x000000008000498e (0x6bf57d47) fmsub.d fs10, fa0, ft11, fa3
core   0: 1 0x000000008000498e (0x6bf57d47) f26 0x7ff8000000000000
core   0: 0x0000000080004992 (0x01731dbb) sllw    s11, t1, s7
core   0: 1 0x0000000080004992 (0x01731dbb) x27 0x00000000149c8000
core   0: 0x0000000080004996 (0x028374bb) remuw   s1, t1, s0
core   0: 1 0x0000000080004996 (0x028374bb) x9  0xffffffffc11149c8
core   0: 0x000000008000499a (0x0ff0000f) fence   iorw,iorw
core   0: 1 0x000000008000499a (0x0ff0000f)
core   0: 0x000000008000499e (0x00d6e933) or      s2, a3, a3
core   0: 1 0x000000008000499e (0x00d6e933) x18 0x0000000000000000
core   0: 0x00000000800049a2 (0x001096bb) sllw    a3, ra, ra
core   0: 1 0x00000000800049a2 (0x001096bb) x13 0x0000000001400000
core   0: 0x00000000800049a6 (0x02d66233) rem     tp, a2, a3
core   0: 1 0x00000000800049a6 (0x02d66233) x4  0x0000000000000a00
core   0: 0x00000000800049aa (0x00000001) c.nop
core   0: 1 0x00000000800049aa (0x0001)
core   0: 0x00000000800049ac (0x0019081b) addiw   a6, s2, 1
core   0: 1 0x00000000800049ac (0x0019081b) x16 0x0000000000000001
core   0: 0x00000000800049b0 (0x00457533) and     a0, a0, tp
core   0: 1 0x00000000800049b0 (0x00457533) x10 0x0000000000000000
core   0: 0x00000000800049b4 (0x0328c5bb) divw    a1, a7, s2
core   0: 1 0x00000000800049b4 (0x0328c5bb) x11 0xffffffffffffffff
core   0: 0x00000000800049b8 (0x0005f993) andi    s3, a1, 0
core   0: 1 0x00000000800049b8 (0x0005f993) x19 0x0000000000000000
core   0: 0x00000000800049bc (0xc026fc53) fcvt.l.s s8, fa3
core   0: 1 0x00000000800049bc (0xc026fc53) c1_fflags 0x0000000000000010 x24 0x7fffffffffffffff
core   0: 0x00000000800049c0 (0x032bfab3) remu    s5, s7, s2
core   0: 1 0x00000000800049c0 (0x032bfab3) x21 0xffffffffffffa18c
core   0: 0x00000000800049c4 (0xc206f053) fcvt.w.d zero, fa3
core   0: 1 0x00000000800049c4 (0xc206f053) c1_fflags 0x0000000000000010
core   0: 0x00000000800049c8 (0x0229edbb) remw    s11, s3, sp
core   0: 1 0x00000000800049c8 (0x0229edbb) x27 0x0000000000000000
core   0: 0x00000000800049cc (0xc0397953) fcvt.lu.s s2, fs2
core   0: 1 0x00000000800049cc (0xc0397953) c1_fflags 0x0000000000000010 x18 0xffffffffffffffff
core   0: 0x00000000800049d0 (0x420e0353) fcvt.d.s ft6, ft8
core   0: 1 0x00000000800049d0 (0x420e0353) f6  0x7ff8000000000000
core   0: 0x00000000800049d4 (0x0167519b) srliw   gp, a4, 22
core   0: 1 0x00000000800049d4 (0x0167519b) x3  0x0000000000000000
core   0: 0x00000000800049d8 (0x7ff48b93) addi    s7, s1, 2047
core   0: 1 0x00000000800049d8 (0x7ff48b93) x23 0xffffffffc11151c7
core   0: 0x00000000800049dc (0xd024f2d3) fcvt.s.l ft5, s1
core   0: 1 0x00000000800049dc (0xd024f2d3) c1_fflags 0x0000000000000011 f5  0xffffffffce7bbad9
core   0: 0x00000000800049e0 (0x1a51f153) fdiv.d  ft2, ft3, ft5
core   0: 1 0x00000000800049e0 (0x1a51f153) f2  0x7ff8000000000000
core   0: 0x00000000800049e4 (0x401f78d3) fcvt.s.d fa7, ft10
core   0: 1 0x00000000800049e4 (0x401f78d3) f17 0xffffffff7fc00000
core   0: 0x00000000800049e8 (0x00000001) c.nop
core   0: 1 0x00000000800049e8 (0x0001)
core   0: 0x00000000800049ea (0xd5d6e593) ori     a1, a3, -675
core   0: 1 0x00000000800049ea (0xd5d6e593) x11 0xfffffffffffffd5d
core   0: 0x00000000800049ee (0x41b880b3) sub     ra, a7, s11
core   0: 1 0x00000000800049ee (0x41b880b3) x1  0x0000000000000000
core   0: 0x00000000800049f2 (0x1381fc53) fmul.d  fs8, ft3, fs8
core   0: 1 0x00000000800049f2 (0x1381fc53) f24 0x0000000000000000
core   0: 0x00000000800049f6 (0x019b5c9b) srliw   s9, s6, 25
core   0: 1 0x00000000800049f6 (0x019b5c9b) x25 0x000000000000007f
core   0: 0x00000000800049fa (0xcfbcf713) andi    a4, s9, -773
core   0: 1 0x00000000800049fa (0xcfbcf713) x14 0x000000000000007b
core   0: 0x00000000800049fe (0x02ede833) rem     a6, s11, a4
core   0: 1 0x00000000800049fe (0x02ede833) x16 0x0000000000000000
core   0: 0x0000000080004a02 (0x001484bb) addw    s1, s1, ra
core   0: 1 0x0000000080004a02 (0x001484bb) x9  0xffffffffc11149c8
core   0: 0x0000000080004a06 (0x013c59bb) srlw    s3, s8, s3
core   0: 1 0x0000000080004a06 (0x013c59bb) x19 0xffffffffffffffff
core   0: 0x0000000080004a0a (0xde9d8613) addi    a2, s11, -535
core   0: 1 0x0000000080004a0a (0xde9d8613) x12 0xfffffffffffffde9
core   0: 0x0000000080004a0e (0xc221f3d3) fcvt.l.d t2, ft3
core   0: 1 0x0000000080004a0e (0xc221f3d3) x7  0x0000000000000000
core   0: 0x0000000080004a12 (0x40045a93) srai    s5, s0, 0
core   0: 1 0x0000000080004a12 (0x40045a93) x21 0x00000000e8244804
core   0: 0x0000000080004a16 (0x43d0da93) srai    s5, ra, 61
core   0: 1 0x0000000080004a16 (0x43d0da93) x21 0x0000000000000000
core   0: 0x0000000080004a1a (0x8db06cb7) lui     s9, 0x8db06
core   0: 1 0x0000000080004a1a (0x8db06cb7) x25 0xffffffff8db06000
core   0: 0x0000000080004a1e (0x0ff0000f) fence   iorw,iorw
core   0: 1 0x0000000080004a1e (0x0ff0000f)
core   0: 0x0000000080004a22 (0x83c7d917) auipc   s2, 0x83c7d
core   0: 1 0x0000000080004a22 (0x83c7d917) x18 0x0000000003c81a22
core   0: 0x0000000080004a26 (0x019254b3) srl     s1, tp, s9
core   0: 1 0x0000000080004a26 (0x019254b3) x9  0x0000000000000a00
core   0: 0x0000000080004a2a (0x417b8c33) sub     s8, s7, s7
core   0: 1 0x0000000080004a2a (0x417b8c33) x24 0x0000000000000000
core   0: 0x0000000080004a2e (0x40608ebb) subw    t4, ra, t1
core   0: 1 0x0000000080004a2e (0x40608ebb) x29 0x000000003eeeb638
core   0: 0x0000000080004a32 (0x00169673) csrrw   a2, fflags, a3
core   0: 1 0x0000000080004a32 (0x00169673) x12 0x0000000000000011 c1_fflags 0x0000000000000000
core   0: 0x0000000080004a36 (0xc0207cd3) fcvt.l.s s9, ft0
core   0: 1 0x0000000080004a36 (0xc0207cd3) c1_fflags 0x0000000000000010 x25 0x7fffffffffffffff
core   0: 0x0000000080004a3a (0x93507cc3) fmadd.d fs9, ft0, fs5, fs2
core   0: 1 0x0000000080004a3a (0x93507cc3) f25 0x7ff8000000000000
core   0: 0x0000000080004a3e (0x129174cb) fnmsub.d fs1, ft2, fs1, ft2
core   0: 1 0x0000000080004a3e (0x129174cb) f9  0x7ff8000000000000
core   0: 0x0000000080004a42 (0xc20cfa53) fcvt.w.d s4, fs9
core   0: 1 0x0000000080004a42 (0xc20cfa53) c1_fflags 0x0000000000000010 x20 0x000000007fffffff
core   0: 0x0000000080004a46 (0x5f127893) andi    a7, tp, 1521
core   0: 1 0x0000000080004a46 (0x5f127893) x17 0x0000000000000000
core   0: 0x0000000080004a4a (0x40b75d3b) sraw    s10, a4, a1
core   0: 1 0x0000000080004a4a (0x40b75d3b) x26 0x0000000000000000
core   0: 0x0000000080004a4e (0x41dd599b) sraiw   s3, s10, 29
core   0: 1 0x0000000080004a4e (0x41dd599b) x19 0x0000000000000000
core   0: 0x0000000080004a52 (0xfc8e1bb7) lui     s7, 0xfc8e1
core   0: 1 0x0000000080004a52 (0xfc8e1bb7) x23 0xfffffffffc8e1000
core   0: 0x0000000080004a56 (0xf91b8b9b) addiw   s7, s7, -111
core   0: 1 0x0000000080004a56 (0xf91b8b9b) x23 0xfffffffffc8e0f91
core   0: 0x0000000080004a5a (0x00000bb2) c.slli  s7, 12
core   0: 1 0x0000000080004a5a (0x0bb2) x23 0xffffffc8e0f91000
core   0: 0x0000000080004a5c (0x308b8b93) addi    s7, s7, 776
core   0: 1 0x0000000080004a5c (0x308b8b93) x23 0xffffffc8e0f91308
core   0: 0x0000000080004a60 (0x00499833) sll     a6, s3, tp
core   0: 1 0x0000000080004a60 (0x00499833) x16 0x0000000000000000
core   0: 0x0000000080004a64 (0x42040453) fcvt.d.s fs0, fs0
core   0: 1 0x0000000080004a64 (0x42040453) f8  0x7ff8000000000000
core   0: 0x0000000080004a68 (0xa3fa8a53) fle.d   s4, fs5, ft11
core   0: 1 0x0000000080004a68 (0xa3fa8a53) c1_fflags 0x0000000000000010 x20 0x0000000000000000
core   0: 0x0000000080004a6c (0x01a0c333) xor     t1, ra, s10
core   0: 1 0x0000000080004a6c (0x01a0c333) x6  0x0000000000000000
core   0: 0x0000000080004a70 (0xc03974d3) fcvt.lu.s s1, fs2
core   0: 1 0x0000000080004a70 (0xc03974d3) c1_fflags 0x0000000000000010 x9  0xffffffffffffffff
core   0: 0x0000000080004a74 (0x405502bb) subw    t0, a0, t0
core   0: 1 0x0000000080004a74 (0x405502bb) x5  0x0000000000000001
core   0: 0x0000000080004a78 (0x2a221fd3) fmax.d  ft11, ft4, ft2
core   0: 1 0x0000000080004a78 (0x2a221fd3) f31 0x7ff8000000000000
core   0: 0x0000000080004a7c (0x015ad7b3) srl     a5, s5, s5
core   0: 1 0x0000000080004a7c (0x015ad7b3) x15 0x0000000000000000
core   0: 0x0000000080004a80 (0x03884a33) div     s4, a6, s8
core   0: 1 0x0000000080004a80 (0x03884a33) x20 0xffffffffffffffff
core   0: 0x0000000080004a84 (0x02bbdbb3) divu    s7, s7, a1
core   0: 1 0x0000000080004a84 (0x02bbdbb3) x23 0x0000000000000000
core   0: 0x0000000080004a88 (0x03b70733) mul     a4, a4, s11
core   0: 1 0x0000000080004a88 (0x03b70733) x14 0x0000000000000000
core   0: 0x0000000080004a8c (0x2a7b9753) fmax.d  fa4, fs7, ft7
core   0: 1 0x0000000080004a8c (0x2a7b9753) f14 0x7ff8000000000000
core   0: 0x0000000080004a90 (0x01ae581b) srliw   a6, t3, 26
core   0: 1 0x0000000080004a90 (0x01ae581b) x16 0x000000000000003f
core   0: 0x0000000080004a94 (0x0007d31b) srliw   t1, a5, 0
core   0: 1 0x0000000080004a94 (0x0007d31b) x6  0x0000000000000000
core   0: 0x0000000080004a98 (0xc0277853) fcvt.l.s a6, fa4
core   0: 1 0x0000000080004a98 (0xc0277853) c1_fflags 0x0000000000000010 x16 0x7fffffffffffffff
core   0: 0x0000000080004a9c (0x10632073) csrrs   zero, scounteren, t1
core   0: 1 0x0000000080004a9c (0x10632073) c262_scounteren 0x0000000000000000
core   0: 0x0000000080004aa0 (0x00185d93) srli    s11, a6, 1
core   0: 1 0x0000000080004aa0 (0x00185d93) x27 0x3fffffffffffffff
core   0: 0x0000000080004aa4 (0x002023f3) csrrs   t2, frm, zero
core   0: 1 0x0000000080004aa4 (0x002023f3) x7  0x0000000000000000
core   0: 0x0000000080004aa8 (0x401f7853) fcvt.s.d fa6, ft10
core   0: 1 0x0000000080004aa8 (0x401f7853) f16 0xffffffff7fc00000
core   0: 0x0000000080004aac (0x23b70dd3) fsgnj.d fs11, fa4, fs11
core   0: 1 0x0000000080004aac (0x23b70dd3) f27 0x7ff8000000000000
core   0: 0x0000000080004ab0 (0x4086d43b) sraw    s0, a3, s0
core   0: 1 0x0000000080004ab0 (0x4086d43b) x8  0x0000000000140000
core   0: 0x0000000080004ab4 (0x417b5313) srai    t1, s6, 23
core   0: 1 0x0000000080004ab4 (0x417b5313) x6  0xffffffffffffffff
core   0: 0x0000000080004ab8 (0x00000001) c.nop
core   0: 1 0x0000000080004ab8 (0x0001)
core   0: 0x0000000080004aba (0x0ff0000f) fence   iorw,iorw
core   0: 1 0x0000000080004aba (0x0ff0000f)
core   0: 0x0000000080004abe (0x02d4a6b3) mulhsu  a3, s1, a3
core   0: 1 0x0000000080004abe (0x02d4a6b3) x13 0xffffffffffffffff
core   0: 0x0000000080004ac2 (0x02a4c333) div     t1, s1, a0
core   0: 1 0x0000000080004ac2 (0x02a4c333) x6  0xffffffffffffffff
core   0: 0x0000000080004ac6 (0x02643333) mulhu   t1, s0, t1
core   0: 1 0x0000000080004ac6 (0x02643333) x6  0x000000000013ffff
core   0: 0x0000000080004aca (0xc3157893) andi    a7, a0, -975
core   0: 1 0x0000000080004aca (0xc3157893) x17 0x0000000000000000
core   0: 0x0000000080004ace (0x0d38c993) xori    s3, a7, 211
core   0: 1 0x0000000080004ace (0x0d38c993) x19 0x00000000000000d3
core   0: 0x0000000080004ad2 (0x01d9cab3) xor     s5, s3, t4
core   0: 1 0x0000000080004ad2 (0x01d9cab3) x21 0x000000003eeeb6eb
core   0: 0x0000000080004ad6 (0x017a919b) slliw   gp, s5, 23
core   0: 1 0x0000000080004ad6 (0x017a919b) x3  0x0000000075800000
core   0: 0x0000000080004ada (0x00ee1e3b) sllw    t3, t3, a4
core   0: 1 0x0000000080004ada (0x00ee1e3b) x28 0xffffffffffffffff
core   0: 0x0000000080004ade (0xab677b4b) fnmsub.d fs6, fa4, fs6, fs5
core   0: 1 0x0000000080004ade (0xab677b4b) f22 0x7ff8000000000000
core   0: 0x0000000080004ae2 (0x01bdd4bb) srlw    s1, s11, s11
core   0: 1 0x0000000080004ae2 (0x01bdd4bb) x9  0x0000000000000001
core   0: 0x0000000080004ae6 (0x01189cbb) sllw    s9, a7, a7
core   0: 1 0x0000000080004ae6 (0x01189cbb) x25 0x0000000000000000
core   0: 0x0000000080004aea (0x01bc0c3b) addw    s8, s8, s11
core   0: 1 0x0000000080004aea (0x01bc0c3b) x24 0xffffffffffffffff
core   0: 0x0000000080004aee (0x416585bb) subw    a1, a1, s6
core   0: 1 0x0000000080004aee (0x416585bb) x11 0x0000000000005bd1
core   0: 0x0000000080004af2 (0xd22476d3) fcvt.d.l fa3, s0
core   0: 1 0x0000000080004af2 (0xd22476d3) f13 0x4134000000000000
core   0: 0x0000000080004af6 (0xf20607d3) fmv.d.x fa5, a2
core   0: 1 0x0000000080004af6 (0xf20607d3) f15 0x0000000000000011
core   0: 0x0000000080004afa (0x4024d993) srai    s3, s1, 2
core   0: 1 0x0000000080004afa (0x4024d993) x19 0x0000000000000000
core   0: 0x0000000080004afe (0xe20b0153) fmv.x.d sp, fs6
core   0: 1 0x0000000080004afe (0xe20b0153) x2  0x7ff8000000000000
core   0: 0x0000000080004b02 (0x00e16633) or      a2, sp, a4
core   0: 1 0x0000000080004b02 (0x00e16633) x12 0x7ff8000000000000
core   0: 0x0000000080004b06 (0x00000001) c.nop
core   0: 1 0x0000000080004b06 (0x0001)
core   0: 0x0000000080004b08 (0x00b7581b) srliw   a6, a4, 11
core   0: 1 0x0000000080004b08 (0x00b7581b) x16 0x0000000000000000
core   0: 0x0000000080004b0c (0x03bdf9d3) fadd.d  fs3, fs11, fs11
core   0: 1 0x0000000080004b0c (0x03bdf9d3) f19 0x7ff8000000000000
core   0: 0x0000000080004b10 (0xb528de37) lui     t3, 0xb528d
core   0: 1 0x0000000080004b10 (0xb528de37) x28 0xffffffffb528d000
core   0: 0x0000000080004b14 (0x0ff0000f) fence   iorw,iorw
core   0: 1 0x0000000080004b14 (0x0ff0000f)
core   0: 0x0000000080004b18 (0xd038fcd3) fcvt.s.lu fs9, a7
core   0: 1 0x0000000080004b18 (0xd038fcd3) f25 0xffffffff00000000
core   0: 0x0000000080004b1c (0x12427253) fmul.d  ft4, ft4, ft4
core   0: 1 0x0000000080004b1c (0x12427253) f4  0x7ff8000000000000
core   0: 0x0000000080004b20 (0x32307cf3) csrrci  s9, mhpmevent3, 0
core   0: exception trap_illegal_instruction, epc 0x0000000080004b20
core   0:           tval 0x0000000032307cf3
core   0: >>>>  $xrv64i2p1_m2p0_a2p1_f2p2_d2p2_zicsr2p0_zifencei2p0_zmmul1p0_zba1p0_zbb1p0_zbc1p0_zbs1p0
core   0: 0x0000000080004000 (0x0080006f) j       pc + 0x8
core   0: 3 0x0000000080004000 (0x0080006f)
core   0: >>>>  mmode_exception_handler
core   0: 0x0000000080004008 (0x00002c17) auipc   s8, 0x2
core   0: 3 0x0000000080004008 (0x00002c17) x24 0x0000000080006008
core   0: 0x000000008000400c (0x00ec0c13) addi    s8, s8, 14
core   0: 3 0x000000008000400c (0x00ec0c13) x24 0x0000000080006016
core   0: 0x0000000080004010 (0x000c00e7) jalr    s8
core   0: 3 0x0000000080004010 (0x000c00e7) x1  0x0000000080004014
core   0: >>>>  any_handler
core   0: 0x0000000080006016 (0x341027f3) csrrs   a5, mepc, zero
core   0: 3 0x0000000080006016 (0x341027f3) x15 0x0000000080004b20
core   0: 0x000000008000601a (0x34202773) csrrs   a4, mcause, zero
core   0: 3 0x000000008000601a (0x34202773) x14 0x0000000000000002
core   0: 0x000000008000601e (0x142026f3) csrrs   a3, scause, zero
core   0: 3 0x000000008000601e (0x142026f3) x13 0x0000000000000000
core   0: 0x0000000080006022 (0x30402673) csrrs   a2, mie, zero
core   0: 3 0x0000000080006022 (0x30402673) x12 0x0000000000000a00
core   0: 0x0000000080006026 (0x344025f3) csrrs   a1, mip, zero
core   0: 3 0x0000000080006026 (0x344025f3) x11 0x0000000000000080
core   0: 0x000000008000602a (0x343025f3) csrrs   a1, mtval, zero
core   0: 3 0x000000008000602a (0x343025f3) x11 0x0000000032307cf3
core   0: 0x000000008000602e (0x14302573) csrrs   a0, stval, zero
core   0: 3 0x000000008000602e (0x14302573) x10 0x000000000000001f
core   0: 0x0000000080006032 (0xb02024f3) csrrs   s1, minstret, zero
core   0: 3 0x0000000080006032 (0xb02024f3) x9  0x0000000000000b7a
core   0: 0x0000000080006036 (0x0000a811) c.j     pc + 20
core   0: 3 0x0000000080006036 (0xa811)
core   0: >>>>  mepc_4
core   0: 0x000000008000604a (0x00000791) c.addi  a5, 4
core   0: 3 0x000000008000604a (0x0791) x15 0x0000000080004b24
core   0: 0x000000008000604c (0x34179073) csrrw   zero, mepc, a5
core   0: 3 0x000000008000604c (0x34179073) c833_mepc 0x0000000080004b24
core   0: 0x0000000080006050 (0x30200073) mret
core   0: 3 0x0000000080006050 (0x30200073) c768_mstatus 0x8000000a00106080
core   0: 0x0000000080004b24 (0x417cda1b) sraiw   s4, s9, 23
core   0: 1 0x0000000080004b24 (0x417cda1b) x20 0x0000000000000000
core   0: 0x0000000080004b28 (0xc203fad3) fcvt.w.d s5, ft7
core   0: 1 0x0000000080004b28 (0xc203fad3) c1_fflags 0x0000000000000010 x21 0x000000007fffffff
core   0: 0x0000000080004b2c (0x4130003b) subw    zero, zero, s3
core   0: 1 0x0000000080004b2c (0x4130003b)
core   0: 0x0000000080004b30 (0x1a66fed3) fdiv.d  ft9, fa3, ft6
core   0: 1 0x0000000080004b30 (0x1a66fed3) f29 0x7ff8000000000000
core   0: 0x0000000080004b34 (0x00202173) csrrs   sp, frm, zero
core   0: 1 0x0000000080004b34 (0x00202173) x2  0x0000000000000000
core   0: 0x0000000080004b38 (0x401dfdd3) fcvt.s.d fs11, fs11
core   0: 1 0x0000000080004b38 (0x401dfdd3) f27 0xffffffff7fc00000
core   0: 0x0000000080004b3c (0xc02a7353) fcvt.l.s t1, fs4
core   0: 1 0x0000000080004b3c (0xc02a7353) c1_fflags 0x0000000000000010 x6  0x7fffffffffffffff
core   0: 0x0000000080004b40 (0x2bbd9f53) fmax.d  ft10, fs11, fs11
core   0: 1 0x0000000080004b40 (0x2bbd9f53) f30 0x7ff8000000000000
core   0: 0x0000000080004b44 (0x0b7dfe53) fsub.d  ft8, fs11, fs7
core   0: 1 0x0000000080004b44 (0x0b7dfe53) f28 0x7ff8000000000000
core   0: 0x0000000080004b48 (0xc2307e53) fcvt.lu.d t3, ft0
core   0: 1 0x0000000080004b48 (0xc2307e53) x28 0x0000000000000000
core   0: 0x0000000080004b4c (0x001b9573) csrrw   a0, fflags, s7
core   0: 1 0x0000000080004b4c (0x001b9573) x10 0x0000000000000010 c1_fflags 0x0000000000000000
core   0: 0x0000000080004b50 (0xc022f8d3) fcvt.l.s a7, ft5
core   0: 1 0x0000000080004b50 (0xc022f8d3) x17 0xffffffffc11149c0
core   0: 0x0000000080004b54 (0x2210f0c7) fmsub.d ft1, ft1, ft1, ft4
core   0: 1 0x0000000080004b54 (0x2210f0c7) f1  0x7ff8000000000000
core   0: 0x0000000080004b58 (0x021ae5b3) rem     a1, s5, ra
core   0: 1 0x0000000080004b58 (0x021ae5b3) x11 0x000000007fffffff
core   0: 0x0000000080004b5c (0xd22e7ad3) fcvt.d.l fs5, t3
core   0: 1 0x0000000080004b5c (0xd22e7ad3) f21 0x0000000000000000
core   0: 0x0000000080004b60 (0xd231f6d3) fcvt.d.lu fa3, gp
core   0: 1 0x0000000080004b60 (0xd231f6d3) f13 0x41dd600000000000
core   0: 0x0000000080004b64 (0x00202273) csrrs   tp, frm, zero
core   0: 1 0x0000000080004b64 (0x00202273) x4  0x0000000000000000
core   0: 0x0000000080004b68 (0x0abaf8c7) fmsub.d fa7, fs5, fa1, ft1
core   0: 1 0x0000000080004b68 (0x0abaf8c7) f17 0x7ff8000000000000
core   0: 0x0000000080004b6c (0xf3ec78c7) fmsub.d fa7, fs8, ft10, ft10
core   0: 1 0x0000000080004b6c (0xf3ec78c7) f17 0x7ff8000000000000
core   0: 0x0000000080004b70 (0x028dde33) divu    t3, s11, s0
core   0: 1 0x0000000080004b70 (0x028dde33) x28 0x0000033333333333
core   0: 0x0000000080004b74 (0x41dc863b) subw    a2, s9, t4
core   0: 1 0x0000000080004b74 (0x41dc863b) x12 0xffffffffc11149c8
core   0: 0x0000000080004b78 (0x0a484913) xori    s2, a6, 164
core   0: 1 0x0000000080004b78 (0x0a484913) x18 0x00000000000000a4
core   0: 0x0000000080004b7c (0x3b8d73c3) fmadd.d ft7, fs10, fs8, ft7
core   0: 1 0x0000000080004b7c (0x3b8d73c3) f7  0x7ff8000000000000
core   0: 0x0000000080004b80 (0x03a189b3) mul     s3, gp, s10
core   0: 1 0x0000000080004b80 (0x03a189b3) x19 0x0000000000000000
core   0: 0x0000000080004b84 (0x42058453) fcvt.d.s fs0, fa1
core   0: 1 0x0000000080004b84 (0x42058453) f8  0x7ff8000000000000
core   0: 0x0000000080004b88 (0xbefc811b) addiw   sp, s9, -1041
core   0: 1 0x0000000080004b88 (0xbefc811b) x2  0xfffffffffffffbef
core   0: 0x0000000080004b8c (0x00115593) srli    a1, sp, 1
core   0: 1 0x0000000080004b8c (0x00115593) x11 0x7ffffffffffffdf7
core   0: 0x0000000080004b90 (0xd2158ed3) fcvt.d.wu ft9, a1
core   0: 1 0x0000000080004b90 (0xd2158ed3) f29 0x41efffffbee00000
core   0: 0x0000000080004b94 (0x72aef54b) fnmsub.d fa0, ft9, fa0, fa4
core   0: 1 0x0000000080004b94 (0x72aef54b) f10 0x7ff8000000000000
core   0: 0x0000000080004b98 (0x0ff0000f) fence   iorw,iorw
core   0: 1 0x0000000080004b98 (0x0ff0000f)
core   0: 0x0000000080004b9c (0xc2117153) fcvt.wu.d sp, ft2
core   0: 1 0x0000000080004b9c (0xc2117153) c1_fflags 0x0000000000000010 x2  0xffffffffffffffff
core   0: 0x0000000080004ba0 (0xd20880d3) fcvt.d.w ft1, a7
core   0: 1 0x0000000080004ba0 (0xd20880d3) f1  0xc1cf775b20000000
core   0: 0x0000000080004ba4 (0xa2510ad3) fle.d   s5, ft2, ft5
core   0: 1 0x0000000080004ba4 (0xa2510ad3) c1_fflags 0x0000000000000010 x21 0x0000000000000000
core   0: 0x0000000080004ba8 (0xe2028bd3) fmv.x.d s7, ft5
core   0: 1 0x0000000080004ba8 (0xe2028bd3) x23 0xffffffffce7bbad9
core   0: 0x0000000080004bac (0x001cc437) lui     s0, 0x1cc
core   0: 1 0x0000000080004bac (0x001cc437) x8  0x00000000001cc000
core   0: 0x0000000080004bb0 (0xa354041b) addiw   s0, s0, -1483
core   0: 1 0x0000000080004bb0 (0xa354041b) x8  0x00000000001cba35
core   0: 0x0000000080004bb4 (0x0000044a) c.slli  s0, 18
core   0: 1 0x0000000080004bb4 (0x044a) x8  0x00000072e8d40000
core   0: 0x0000000080004bb6 (0xfb140413) addi    s0, s0, -79
core   0: 1 0x0000000080004bb6 (0xfb140413) x8  0x00000072e8d3ffb1
core   0: 0x0000000080004bba (0x00000001) c.nop
core   0: 1 0x0000000080004bba (0x0001)
core   0: 0x0000000080004bbc (0x80dbf693) andi    a3, s7, -2035
core   0: 1 0x0000000080004bbc (0x80dbf693) x13 0xffffffffce7bb809
core   0: 0x0000000080004bc0 (0x521efacf) fnmadd.d fs5, ft9, ft1, fa0
core   0: 1 0x0000000080004bc0 (0x521efacf) f21 0x7ff8000000000000
core   0: 0x0000000080004bc4 (0xe2008d53) fmv.x.d s10, ft1
core   0: 1 0x0000000080004bc4 (0xe2008d53) x26 0xc1cf775b20000000
core   0: 0x0000000080004bc8 (0x01ad063b) addw    a2, s10, s10
core   0: 1 0x0000000080004bc8 (0x01ad063b) x12 0x0000000040000000
core   0: 0x0000000080004bcc (0x01ba5a13) srli    s4, s4, 27
core   0: 1 0x0000000080004bcc (0x01ba5a13) x20 0x0000000000000000
core   0: 0x0000000080004bd0 (0x0071541b) srliw   s0, sp, 7
core   0: 1 0x0000000080004bd0 (0x0071541b) x8  0x0000000001ffffff
core   0: 0x0000000080004bd4 (0x40d90b3b) subw    s6, s2, a3
core   0: 1 0x0000000080004bd4 (0x40d90b3b) x22 0x000000003184489b
core   0: 0x0000000080004bd8 (0xb73b4193) xori    gp, s6, -1165
core   0: 1 0x0000000080004bd8 (0xb73b4193) x3  0xffffffffce7bb3e8
core   0: 0x0000000080004bdc (0x0044e4b3) or      s1, s1, tp
core   0: 1 0x0000000080004bdc (0x0044e4b3) x9  0x0000000000000b7a
core   0: 0x0000000080004be0 (0x001a92f3) csrrw   t0, fflags, s5
core   0: 1 0x0000000080004be0 (0x001a92f3) x5  0x0000000000000010 c1_fflags 0x0000000000000000
core   0: 0x0000000080004be4 (0x0073d633) srl     a2, t2, t2
core   0: 1 0x0000000080004be4 (0x0073d633) x12 0x0000000000000000
core   0: 0x0000000080004be8 (0x0d8b7793) andi    a5, s6, 216
core   0: 1 0x0000000080004be8 (0x0d8b7793) x15 0x0000000000000098
core   0: 0x0000000080004bec (0x7ff78913) addi    s2, a5, 2047
core   0: 1 0x0000000080004bec (0x7ff78913) x18 0x0000000000000897
core   0: 0x0000000080004bf0 (0x022d9ab3) mulh    s5, s11, sp
core   0: 1 0x0000000080004bf0 (0x022d9ab3) x21 0xffffffffffffffff
core   0: 0x0000000080004bf4 (0x5a16f947) fmsub.d fs2, fa3, ft1, fa1
core   0: 1 0x0000000080004bf4 (0x5a16f947) c1_fflags 0x0000000000000001 f18 0xc3bce290a6600000
core   0: 0x0000000080004bf8 (0xdc5a0a1b) addiw   s4, s4, -571
core   0: 1 0x0000000080004bf8 (0xdc5a0a1b) x20 0xfffffffffffffdc5
core   0: 0x0000000080004bfc (0xc0317453) fcvt.lu.s s0, ft2
core   0: 1 0x0000000080004bfc (0xc0317453) c1_fflags 0x0000000000000011 x8  0xffffffffffffffff
core   0: 0x0000000080004c00 (0xd2098f53) fcvt.d.w ft10, s3
core   0: 1 0x0000000080004c00 (0xd2098f53) f30 0x0000000000000000
core   0: 0x0000000080004c04 (0xd21e0e53) fcvt.d.wu ft8, t3
core   0: 1 0x0000000080004c04 (0xd21e0e53) f28 0x41c9999999800000
core   0: 0x0000000080004c08 (0x0ff0000f) fence   iorw,iorw
core   0: 1 0x0000000080004c08 (0x0ff0000f)
core   0: 0x0000000080004c0c (0xc02377d3) fcvt.l.s a5, ft6
core   0: 1 0x0000000080004c0c (0xc02377d3) c1_fflags 0x0000000000000011 x15 0x7fffffffffffffff
core   0: 0x0000000080004c10 (0xd03af453) fcvt.s.lu fs0, s5
core   0: 1 0x0000000080004c10 (0xd03af453) c1_fflags 0x0000000000000011 f8  0xffffffff5f800000
core   0: 0x0000000080004c14 (0x00102773) csrrs   a4, fflags, zero
core   0: 1 0x0000000080004c14 (0x00102773) x14 0x0000000000000011
core   0: 0x0000000080004c18 (0x02f7fc33) remu    s8, a5, a5
core   0: 1 0x0000000080004c18 (0x02f7fc33) x24 0x0000000000000000
core   0: 0x0000000080004c1c (0xc039f353) fcvt.lu.s t1, fs3
core   0: 1 0x0000000080004c1c (0xc039f353) c1_fflags 0x0000000000000011 x6  0xffffffffffffffff
core   0: 0x0000000080004c20 (0xc22e77d3) fcvt.l.d a5, ft8
core   0: 1 0x0000000080004c20 (0xc22e77d3) x15 0x0000000033333333
core   0: 0x0000000080004c24 (0x8b334493) xori    s1, t1, -1869
core   0: 1 0x0000000080004c24 (0x8b334493) x9  0x000000000000074c
core   0: 0x0000000080004c28 (0x00904733) xor     a4, zero, s1
core   0: 1 0x0000000080004c28 (0x00904733) x14 0x000000000000074c
core   0: 0x0000000080004c2c (0x00c371b3) and     gp, t1, a2
core   0: 1 0x0000000080004c2c (0x00c371b3) x3  0x0000000000000000
core   0: 0x0000000080004c30 (0xfe8ca8b7) lui     a7, 0xfe8ca
core   0: 1 0x0000000080004c30 (0xfe8ca8b7) x17 0xfffffffffe8ca000
core   0: 0x0000000080004c34 (0xd8b8889b) addiw   a7, a7, -629
core   0: 1 0x0000000080004c34 (0xd8b8889b) x17 0xfffffffffe8c9d8b
core   0: 0x0000000080004c38 (0x000008b2) c.slli  a7, 12
core   0: 1 0x0000000080004c38 (0x08b2) x17 0xffffffe8c9d8b000
core   0: 0x0000000080004c3a (0x1b988893) addi    a7, a7, 441
core   0: 1 0x0000000080004c3a (0x1b988893) x17 0xffffffe8c9d8b1b9
core   0: 0x0000000080004c3e (0x01d080bb) addw    ra, ra, t4
core   0: 1 0x0000000080004c3e (0x01d080bb) x1  0xffffffffbeeef64c
core   0: 0x0000000080004c42 (0x339e754f) fnmadd.d fa0, ft8, fs9, ft6
core   0: 1 0x0000000080004c42 (0x339e754f) f10 0x7ff8000000000000
core   0: 0x0000000080004c46 (0x5a0e7153) fsqrt.d ft2, ft8
core   0: 1 0x0000000080004c46 (0x5a0e7153) c1_fflags 0x0000000000000011 f2  0x40dc9f25c5b19e46
core   0: 0x0000000080004c4a (0x00009d4a) c.add   s10, s2
core   0: 1 0x0000000080004c4a (0x9d4a) x26 0xc1cf775b20000897
core   0: 0x0000000080004c4c (0x437df643) fmadd.d fa2, fs11, fs7, fs0
core   0: 1 0x0000000080004c4c (0x437df643) f12 0x7ff8000000000000
core   0: 0x0000000080004c50 (0xc2367ad3) fcvt.lu.d s5, fa2
core   0: 1 0x0000000080004c50 (0xc2367ad3) c1_fflags 0x0000000000000011 x21 0xffffffffffffffff
core   0: 0x0000000080004c54 (0x000007a2) c.slli  a5, 8
core   0: 1 0x0000000080004c54 (0x07a2) x15 0x0000003333333300
core   0: 0x0000000080004c56 (0x00000001) c.nop
core   0: 1 0x0000000080004c56 (0x0001)
core   0: 0x0000000080004c58 (0x00000001) c.nop
core   0: 1 0x0000000080004c58 (0x0001)
core   0: 0x0000000080004c5a (0x320a36f3) csrrc   a3, mcountinhibit, s4
core   0: exception trap_illegal_instruction, epc 0x0000000080004c5a
core   0:           tval 0x00000000320a36f3
core   0: >>>>  $xrv64i2p1_m2p0_a2p1_f2p2_d2p2_zicsr2p0_zifencei2p0_zmmul1p0_zba1p0_zbb1p0_zbc1p0_zbs1p0
core   0: 0x0000000080004000 (0x0080006f) j       pc + 0x8
core   0: 3 0x0000000080004000 (0x0080006f)
core   0: >>>>  mmode_exception_handler
core   0: 0x0000000080004008 (0x00002c17) auipc   s8, 0x2
core   0: 3 0x0000000080004008 (0x00002c17) x24 0x0000000080006008
core   0: 0x000000008000400c (0x00ec0c13) addi    s8, s8, 14
core   0: 3 0x000000008000400c (0x00ec0c13) x24 0x0000000080006016
core   0: 0x0000000080004010 (0x000c00e7) jalr    s8
core   0: 3 0x0000000080004010 (0x000c00e7) x1  0x0000000080004014
core   0: >>>>  any_handler
core   0: 0x0000000080006016 (0x341027f3) csrrs   a5, mepc, zero
core   0: 3 0x0000000080006016 (0x341027f3) x15 0x0000000080004c5a
core   0: 0x000000008000601a (0x34202773) csrrs   a4, mcause, zero
core   0: 3 0x000000008000601a (0x34202773) x14 0x0000000000000002
core   0: 0x000000008000601e (0x142026f3) csrrs   a3, scause, zero
core   0: 3 0x000000008000601e (0x142026f3) x13 0x0000000000000000
core   0: 0x0000000080006022 (0x30402673) csrrs   a2, mie, zero
core   0: 3 0x0000000080006022 (0x30402673) x12 0x0000000000000a00
core   0: 0x0000000080006026 (0x344025f3) csrrs   a1, mip, zero
core   0: 3 0x0000000080006026 (0x344025f3) x11 0x0000000000000080
core   0: 0x000000008000602a (0x343025f3) csrrs   a1, mtval, zero
core   0: 3 0x000000008000602a (0x343025f3) x11 0x00000000320a36f3
core   0: 0x000000008000602e (0x14302573) csrrs   a0, stval, zero
core   0: 3 0x000000008000602e (0x14302573) x10 0x000000000000001f
core   0: 0x0000000080006032 (0xb02024f3) csrrs   s1, minstret, zero
core   0: 3 0x0000000080006032 (0xb02024f3) x9  0x0000000000000bdb
core   0: 0x0000000080006036 (0x0000a811) c.j     pc + 20
core   0: 3 0x0000000080006036 (0xa811)
core   0: >>>>  mepc_4
core   0: 0x000000008000604a (0x00000791) c.addi  a5, 4
core   0: 3 0x000000008000604a (0x0791) x15 0x0000000080004c5e
core   0: 0x000000008000604c (0x34179073) csrrw   zero, mepc, a5
core   0: 3 0x000000008000604c (0x34179073) c833_mepc 0x0000000080004c5e
core   0: 0x0000000080006050 (0x30200073) mret
core   0: 3 0x0000000080006050 (0x30200073) c768_mstatus 0x8000000a00106080
core   0: 0x0000000080004c5e (0x00f25533) srl     a0, tp, a5
core   0: 1 0x0000000080004c5e (0x00f25533) x10 0x0000000000000000
core   0: 0x0000000080004c62 (0x40cc519b) sraiw   gp, s8, 12
core   0: 1 0x0000000080004c62 (0x40cc519b) x3  0xfffffffffff80006
core   0: 0x0000000080004c66 (0x229c19d3) fsgnjn.d fs3, fs8, fs1
core   0: 1 0x0000000080004c66 (0x229c19d3) f19 0x8000000000000000
core   0: 0x0000000080004c6a (0x01f2151b) slliw   a0, tp, 31
core   0: 1 0x0000000080004c6a (0x01f2151b) x10 0x0000000000000000
core   0: 0x0000000080004c6e (0x4033d9bb) sraw    s3, t2, gp
core   0: 1 0x0000000080004c6e (0x4033d9bb) x19 0x0000000000000000
core   0: 0x0000000080004c72 (0x800a821b) addiw   tp, s5, -2048
core   0: 1 0x0000000080004c72 (0x800a821b) x4  0xfffffffffffff7ff
core   0: 0x0000000080004c76 (0x420c05d3) fcvt.d.s fa1, fs8
core   0: 1 0x0000000080004c76 (0x420c05d3) f11 0x7ff8000000000000
core   0: 0x0000000080004c7a (0xd0327253) fcvt.s.lu ft4, tp
core   0: 1 0x0000000080004c7a (0xd0327253) c1_fflags 0x0000000000000011 f4  0xffffffff5f800000
core   0: 0x0000000080004c7e (0xc0227ed3) fcvt.l.s t4, ft4
core   0: 1 0x0000000080004c7e (0xc0227ed3) c1_fflags 0x0000000000000011 x29 0x7fffffffffffffff
core   0: 0x0000000080004c82 (0x00000001) c.nop
core   0: 1 0x0000000080004c82 (0x0001)
core   0: 0x0000000080004c84 (0x5a03f5d3) fsqrt.d fa1, ft7
core   0: 1 0x0000000080004c84 (0x5a03f5d3) f11 0x7ff8000000000000
core   0: 0x0000000080004c88 (0x303e9873) csrrw   a6, mideleg, t4
core   0: exception trap_illegal_instruction, epc 0x0000000080004c88
core   0:           tval 0x00000000303e9873
core   0: >>>>  $xrv64i2p1_m2p0_a2p1_f2p2_d2p2_zicsr2p0_zifencei2p0_zmmul1p0_zba1p0_zbb1p0_zbc1p0_zbs1p0
core   0: 0x0000000080004000 (0x0080006f) j       pc + 0x8
core   0: 3 0x0000000080004000 (0x0080006f)
core   0: >>>>  mmode_exception_handler
core   0: 0x0000000080004008 (0x00002c17) auipc   s8, 0x2
core   0: 3 0x0000000080004008 (0x00002c17) x24 0x0000000080006008
core   0: 0x000000008000400c (0x00ec0c13) addi    s8, s8, 14
core   0: 3 0x000000008000400c (0x00ec0c13) x24 0x0000000080006016
core   0: 0x0000000080004010 (0x000c00e7) jalr    s8
core   0: 3 0x0000000080004010 (0x000c00e7) x1  0x0000000080004014
core   0: >>>>  any_handler
core   0: 0x0000000080006016 (0x341027f3) csrrs   a5, mepc, zero
core   0: 3 0x0000000080006016 (0x341027f3) x15 0x0000000080004c88
core   0: 0x000000008000601a (0x34202773) csrrs   a4, mcause, zero
core   0: 3 0x000000008000601a (0x34202773) x14 0x0000000000000002
core   0: 0x000000008000601e (0x142026f3) csrrs   a3, scause, zero
core   0: 3 0x000000008000601e (0x142026f3) x13 0x0000000000000000
core   0: 0x0000000080006022 (0x30402673) csrrs   a2, mie, zero
core   0: 3 0x0000000080006022 (0x30402673) x12 0x0000000000000a00
core   0: 0x0000000080006026 (0x344025f3) csrrs   a1, mip, zero
core   0: 3 0x0000000080006026 (0x344025f3) x11 0x0000000000000080
core   0: 0x000000008000602a (0x343025f3) csrrs   a1, mtval, zero
core   0: 3 0x000000008000602a (0x343025f3) x11 0x00000000303e9873
core   0: 0x000000008000602e (0x14302573) csrrs   a0, stval, zero
core   0: 3 0x000000008000602e (0x14302573) x10 0x000000000000001f
core   0: 0x0000000080006032 (0xb02024f3) csrrs   s1, minstret, zero
core   0: 3 0x0000000080006032 (0xb02024f3) x9  0x0000000000000bf6
core   0: 0x0000000080006036 (0x0000a811) c.j     pc + 20
core   0: 3 0x0000000080006036 (0xa811)
core   0: >>>>  mepc_4
core   0: 0x000000008000604a (0x00000791) c.addi  a5, 4
core   0: 3 0x000000008000604a (0x0791) x15 0x0000000080004c8c
core   0: 0x000000008000604c (0x34179073) csrrw   zero, mepc, a5
core   0: 3 0x000000008000604c (0x34179073) c833_mepc 0x0000000080004c8c
core   0: 0x0000000080006050 (0x30200073) mret
core   0: 3 0x0000000080006050 (0x30200073) c768_mstatus 0x8000000a00106080
core   0: 0x0000000080004c8c (0xcbabbbb7) lui     s7, 0xcbabb
core   0: 1 0x0000000080004c8c (0xcbabbbb7) x23 0xffffffffcbabb000
core   0: 0x0000000080004c90 (0x02fd9eb3) mulh    t4, s11, a5
core   0: 1 0x0000000080004c90 (0x02fd9eb3) x29 0x0000000020001322
core   0: 0x0000000080004c94 (0x400c571b) sraiw   a4, s8, 0
core   0: 1 0x0000000080004c94 (0x400c571b) x14 0xffffffff80006016
core   0: 0x0000000080004c98 (0x10ad2073) csrrs   zero, senvcfg, s10
core   0: 1 0x0000000080004c98 (0x10ad2073) c266_senvcfg 0x0000000000000000
core   0: 0x0000000080004c9c (0x0ff0000f) fence   iorw,iorw
core   0: 1 0x0000000080004c9c (0x0ff0000f)
core   0: 0x0000000080004ca0 (0x40d3581b) sraiw   a6, t1, 13
core   0: 1 0x0000000080004ca0 (0x40d3581b) x16 0xffffffffffffffff
core   0: 0x0000000080004ca4 (0x01fe9e9b) slliw   t4, t4, 31
core   0: 1 0x0000000080004ca4 (0x01fe9e9b) x29 0x0000000000000000
core   0: 0x0000000080004ca8 (0x01a05db3) srl     s11, zero, s10
core   0: 1 0x0000000080004ca8 (0x01a05db3) x27 0x0000000000000000
core   0: 0x0000000080004cac (0x22b989d3) fsgnj.d fs3, fs3, fa1
core   0: 1 0x0000000080004cac (0x22b989d3) f19 0x0000000000000000
core   0: 0x0000000080004cb0 (0x00000001) c.nop
core   0: 1 0x0000000080004cb0 (0x0001)
core   0: 0x0000000080004cb2 (0x00000001) c.nop
core   0: 1 0x0000000080004cb2 (0x0001)
core   0: 0x0000000080004cb4 (0x00000001) c.nop
core   0: 1 0x0000000080004cb4 (0x0001)
core   0: 0x0000000080004cb6 (0x0ff0000f) fence   iorw,iorw
core   0: 1 0x0000000080004cb6 (0x0ff0000f)
core   0: 0x0000000080004cba (0x30649d73) csrrw   s10, mcounteren, s1
core   0: exception trap_illegal_instruction, epc 0x0000000080004cba
core   0:           tval 0x0000000030649d73
core   0: >>>>  $xrv64i2p1_m2p0_a2p1_f2p2_d2p2_zicsr2p0_zifencei2p0_zmmul1p0_zba1p0_zbb1p0_zbc1p0_zbs1p0
core   0: 0x0000000080004000 (0x0080006f) j       pc + 0x8
core   0: 3 0x0000000080004000 (0x0080006f)
core   0: >>>>  mmode_exception_handler
core   0: 0x0000000080004008 (0x00002c17) auipc   s8, 0x2
core   0: 3 0x0000000080004008 (0x00002c17) x24 0x0000000080006008
core   0: 0x000000008000400c (0x00ec0c13) addi    s8, s8, 14
core   0: 3 0x000000008000400c (0x00ec0c13) x24 0x0000000080006016
core   0: 0x0000000080004010 (0x000c00e7) jalr    s8
core   0: 3 0x0000000080004010 (0x000c00e7) x1  0x0000000080004014
core   0: >>>>  any_handler
core   0: 0x0000000080006016 (0x341027f3) csrrs   a5, mepc, zero
core   0: 3 0x0000000080006016 (0x341027f3) x15 0x0000000080004cba
core   0: 0x000000008000601a (0x34202773) csrrs   a4, mcause, zero
core   0: 3 0x000000008000601a (0x34202773) x14 0x0000000000000002
core   0: 0x000000008000601e (0x142026f3) csrrs   a3, scause, zero
core   0: 3 0x000000008000601e (0x142026f3) x13 0x0000000000000000
core   0: 0x0000000080006022 (0x30402673) csrrs   a2, mie, zero
core   0: 3 0x0000000080006022 (0x30402673) x12 0x0000000000000a00
core   0: 0x0000000080006026 (0x344025f3) csrrs   a1, mip, zero
core   0: 3 0x0000000080006026 (0x344025f3) x11 0x0000000000000080
core   0: 0x000000008000602a (0x343025f3) csrrs   a1, mtval, zero
core   0: 3 0x000000008000602a (0x343025f3) x11 0x0000000030649d73
core   0: 0x000000008000602e (0x14302573) csrrs   a0, stval, zero
core   0: 3 0x000000008000602e (0x14302573) x10 0x000000000000001f
core   0: 0x0000000080006032 (0xb02024f3) csrrs   s1, minstret, zero
core   0: 3 0x0000000080006032 (0xb02024f3) x9  0x0000000000000c13
core   0: 0x0000000080006036 (0x0000a811) c.j     pc + 20
core   0: 3 0x0000000080006036 (0xa811)
core   0: >>>>  mepc_4
core   0: 0x000000008000604a (0x00000791) c.addi  a5, 4
core   0: 3 0x000000008000604a (0x0791) x15 0x0000000080004cbe
core   0: 0x000000008000604c (0x34179073) csrrw   zero, mepc, a5
core   0: 3 0x000000008000604c (0x34179073) c833_mepc 0x0000000080004cbe
core   0: 0x0000000080006050 (0x30200073) mret
core   0: 3 0x0000000080006050 (0x30200073) c768_mstatus 0x8000000a00106080
core   0: 0x0000000080004cbe (0x0055d61b) srliw   a2, a1, 5
core   0: 1 0x0000000080004cbe (0x0055d61b) x12 0x00000000018324eb
core   0: 0x0000000080004cc2 (0x40c4d4b3) sra     s1, s1, a2
core   0: 1 0x0000000080004cc2 (0x40c4d4b3) x9  0x0000000000000000
core   0: 0x0000000080004cc6 (0x00202b73) csrrs   s6, frm, zero
core   0: 1 0x0000000080004cc6 (0x00202b73) x22 0x0000000000000000
core   0: 0x0000000080004cca (0x00102c73) csrrs   s8, fflags, zero
core   0: 1 0x0000000080004cca (0x00102c73) x24 0x0000000000000011
core   0: 0x0000000080004cce (0x00159b1b) slliw   s6, a1, 1
core   0: 1 0x0000000080004cce (0x00159b1b) x22 0x0000000060c93ae6
core   0: 0x0000000080004cd2 (0x0396a9b3) mulhsu  s3, a3, s9
core   0: 1 0x0000000080004cd2 (0x0396a9b3) x19 0x0000000000000000
core   0: 0x0000000080004cd6 (0x40498d3b) subw    s10, s3, tp
core   0: 1 0x0000000080004cd6 (0x40498d3b) x26 0x0000000000000801
core   0: 0x0000000080004cda (0xd03d7a53) fcvt.s.lu fs4, s10
core   0: 1 0x0000000080004cda (0xd03d7a53) f20 0xffffffff45001000
core   0: 0x0000000080004cde (0xc22a7853) fcvt.l.d a6, fs4
core   0: 1 0x0000000080004cde (0xc22a7853) c1_fflags 0x0000000000000011 x16 0x7fffffffffffffff
core   0: 0x0000000080004ce2 (0x00008c41) c.or    s0, s0
core   0: 1 0x0000000080004ce2 (0x8c41) x8  0xffffffffffffffff
core   0: 0x0000000080004ce4 (0x7ff40d9b) addiw   s11, s0, 2047
core   0: 1 0x0000000080004ce4 (0x7ff40d9b) x27 0x00000000000007fe
core   0: 0x0000000080004ce8 (0xc215f1d3) fcvt.wu.d gp, fa1
core   0: 1 0x0000000080004ce8 (0xc215f1d3) c1_fflags 0x0000000000000011 x3  0xffffffffffffffff
core   0: 0x0000000080004cec (0x013df033) and     zero, s11, s3
core   0: 1 0x0000000080004cec (0x013df033)
core   0: 0x0000000080004cf0 (0xc23cf6d3) fcvt.lu.d a3, fs9
core   0: 1 0x0000000080004cf0 (0xc23cf6d3) c1_fflags 0x0000000000000011 x13 0xffffffffffffffff
core   0: 0x0000000080004cf4 (0x034242b3) div     t0, tp, s4
core   0: 1 0x0000000080004cf4 (0x034242b3) x5  0x0000000000000003
core   0: 0x0000000080004cf8 (0xd222fad3) fcvt.d.l fs5, t0
core   0: 1 0x0000000080004cf8 (0xd222fad3) f21 0x4008000000000000
core   0: 0x0000000080004cfc (0x234a85d3) fsgnj.d fa1, fs5, fs4
core   0: 1 0x0000000080004cfc (0x234a85d3) f11 0xc008000000000000
core   0: 0x0000000080004d00 (0xf252ff4f) fnmadd.d ft10, ft5, ft5, ft10
core   0: 1 0x0000000080004d00 (0xf252ff4f) f30 0x7ff8000000000000
core   0: 0x0000000080004d04 (0xc224f9d3) fcvt.l.d s3, fs1
core   0: 1 0x0000000080004d04 (0xc224f9d3) c1_fflags 0x0000000000000011 x19 0x7fffffffffffffff
core   0: 0x0000000080004d08 (0x0273de3b) divuw   t3, t2, t2
core   0: 1 0x0000000080004d08 (0x0273de3b) x28 0xffffffffffffffff
core   0: 0x0000000080004d0c (0x01c5853b) addw    a0, a1, t3
core   0: 1 0x0000000080004d0c (0x01c5853b) x10 0x0000000030649d72
core   0: 0x0000000080004d10 (0x7ff50793) addi    a5, a0, 2047
core   0: 1 0x0000000080004d10 (0x7ff50793) x15 0x000000003064a571
core   0: 0x0000000080004d14 (0x0248823b) mulw    tp, a7, tp
core   0: 1 0x0000000080004d14 (0x0248823b) x4  0x0000000070998647
core   0: 0x0000000080004d18 (0x00ad063b) addw    a2, s10, a0
core   0: 1 0x0000000080004d18 (0x00ad063b) x12 0x000000003064a573
core   0: 0x0000000080004d1c (0xaec62c17) auipc   s8, 0xaec62
core   0: 1 0x0000000080004d1c (0xaec62c17) x24 0x000000002ec66d1c
core   0: 0x0000000080004d20 (0x41aed7b3) sra     a5, t4, s10
core   0: 1 0x0000000080004d20 (0x41aed7b3) x15 0x0000000000000000
core   0: 0x0000000080004d24 (0xc032fa53) fcvt.lu.s s4, ft5
core   0: 1 0x0000000080004d24 (0xc032fa53) c1_fflags 0x0000000000000011 x20 0x0000000000000000
core   0: 0x0000000080004d28 (0x0270cdb3) div     s11, ra, t2
core   0: 1 0x0000000080004d28 (0x0270cdb3) x27 0xffffffffffffffff
core   0: 0x0000000080004d2c (0x016e5ebb) srlw    t4, t3, s6
core   0: 1 0x0000000080004d2c (0x016e5ebb) x29 0x0000000003ffffff
core   0: 0x0000000080004d30 (0xd22df353) fcvt.d.l ft6, s11
core   0: 1 0x0000000080004d30 (0xd22df353) f6  0xbff0000000000000
core   0: 0x0000000080004d34 (0x4008d01b) sraiw   zero, a7, 0
core   0: 1 0x0000000080004d34 (0x4008d01b)
core   0: 0x0000000080004d38 (0x7b3474c3) fmadd.d fs1, fs0, fs3, fa5
core   0: 1 0x0000000080004d38 (0x7b3474c3) f9  0x7ff8000000000000
core   0: 0x0000000080004d3c (0xc20f70d3) fcvt.w.d ra, ft10
core   0: 1 0x0000000080004d3c (0xc20f70d3) c1_fflags 0x0000000000000011 x1  0x000000007fffffff
core   0: 0x0000000080004d40 (0x00046433) or      s0, s0, zero
core   0: 1 0x0000000080004d40 (0x00046433) x8  0xffffffffffffffff
core   0: 0x0000000080004d44 (0x00645133) srl     sp, s0, t1
core   0: 1 0x0000000080004d44 (0x00645133) x2  0x0000000000000001
core   0: 0x0000000080004d48 (0x221c93d3) fsgnjn.d ft7, fs9, ft1
core   0: 1 0x0000000080004d48 (0x221c93d3) f7  0x7fffffff00000000
core   0: 0x0000000080004d4c (0x404ed033) sra     zero, t4, tp
core   0: 1 0x0000000080004d4c (0x404ed033)
core   0: 0x0000000080004d50 (0x2bce1c53) fmax.d  fs8, ft8, ft8
core   0: 1 0x0000000080004d50 (0x2bce1c53) f24 0x41c9999999800000
core   0: 0x0000000080004d54 (0x6da77a17) auipc   s4, 0x6da77
core   0: 1 0x0000000080004d54 (0x6da77a17) x20 0x00000000eda7bd54
core   0: 0x0000000080004d58 (0x342031f3) csrrc   gp, mcause, zero
core   0: exception trap_illegal_instruction, epc 0x0000000080004d58
core   0:           tval 0x00000000342031f3
core   0: >>>>  $xrv64i2p1_m2p0_a2p1_f2p2_d2p2_zicsr2p0_zifencei2p0_zmmul1p0_zba1p0_zbb1p0_zbc1p0_zbs1p0
core   0: 0x0000000080004000 (0x0080006f) j       pc + 0x8
core   0: 3 0x0000000080004000 (0x0080006f)
core   0: >>>>  mmode_exception_handler
core   0: 0x0000000080004008 (0x00002c17) auipc   s8, 0x2
core   0: 3 0x0000000080004008 (0x00002c17) x24 0x0000000080006008
core   0: 0x000000008000400c (0x00ec0c13) addi    s8, s8, 14
core   0: 3 0x000000008000400c (0x00ec0c13) x24 0x0000000080006016
core   0: 0x0000000080004010 (0x000c00e7) jalr    s8
core   0: 3 0x0000000080004010 (0x000c00e7) x1  0x0000000080004014
core   0: >>>>  any_handler
core   0: 0x0000000080006016 (0x341027f3) csrrs   a5, mepc, zero
core   0: 3 0x0000000080006016 (0x341027f3) x15 0x0000000080004d58
core   0: 0x000000008000601a (0x34202773) csrrs   a4, mcause, zero
core   0: 3 0x000000008000601a (0x34202773) x14 0x0000000000000002
core   0: 0x000000008000601e (0x142026f3) csrrs   a3, scause, zero
core   0: 3 0x000000008000601e (0x142026f3) x13 0x0000000000000000
core   0: 0x0000000080006022 (0x30402673) csrrs   a2, mie, zero
core   0: 3 0x0000000080006022 (0x30402673) x12 0x0000000000000a00
core   0: 0x0000000080006026 (0x344025f3) csrrs   a1, mip, zero
core   0: 3 0x0000000080006026 (0x344025f3) x11 0x0000000000000080
core   0: 0x000000008000602a (0x343025f3) csrrs   a1, mtval, zero
core   0: 3 0x000000008000602a (0x343025f3) x11 0x00000000342031f3
core   0: 0x000000008000602e (0x14302573) csrrs   a0, stval, zero
core   0: 3 0x000000008000602e (0x14302573) x10 0x000000000000001f
core   0: 0x0000000080006032 (0xb02024f3) csrrs   s1, minstret, zero
core   0: 3 0x0000000080006032 (0xb02024f3) x9  0x0000000000000c4a
core   0: 0x0000000080006036 (0x0000a811) c.j     pc + 20
core   0: 3 0x0000000080006036 (0xa811)
core   0: >>>>  mepc_4
core   0: 0x000000008000604a (0x00000791) c.addi  a5, 4
core   0: 3 0x000000008000604a (0x0791) x15 0x0000000080004d5c
core   0: 0x000000008000604c (0x34179073) csrrw   zero, mepc, a5
core   0: 3 0x000000008000604c (0x34179073) c833_mepc 0x0000000080004d5c
core   0: 0x0000000080006050 (0x30200073) mret
core   0: 3 0x0000000080006050 (0x30200073) c768_mstatus 0x8000000a00106080
core   0: 0x0000000080004d5c (0x034e7833) remu    a6, t3, s4
core   0: 1 0x0000000080004d5c (0x034e7833) x16 0x00000000af730373
core   0: 0x0000000080004d60 (0x40468633) sub     a2, a3, tp
core   0: 1 0x0000000080004d60 (0x40468633) x12 0xffffffff8f6679b9
core   0: 0x0000000080004d64 (0xd021fb53) fcvt.s.l fs6, gp
core   0: 1 0x0000000080004d64 (0xd021fb53) f22 0xffffffffbf800000
core   0: 0x0000000080004d68 (0x016bcbb7) lui     s7, 0x16bc
core   0: 1 0x0000000080004d68 (0x016bcbb7) x23 0x00000000016bc000
core   0: 0x0000000080004d6c (0x25fb8b9b) addiw   s7, s7, 607
core   0: 1 0x0000000080004d6c (0x25fb8b9b) x23 0x00000000016bc25f
core   0: 0x0000000080004d70 (0x00000bba) c.slli  s7, 14
core   0: 1 0x0000000080004d70 (0x0bba) x23 0x0000005af097c000
core   0: 0x0000000080004d72 (0xb9fb8b93) addi    s7, s7, -1121
core   0: 1 0x0000000080004d72 (0xb9fb8b93) x23 0x0000005af097bb9f
core   0: 0x0000000080004d76 (0xf244c317) auipc   t1, 0xf244c
core   0: 1 0x0000000080004d76 (0xf244c317) x6  0x0000000072450d76
core   0: 0x0000000080004d7a (0x016e8ab3) add     s5, t4, s6
core   0: 1 0x0000000080004d7a (0x016e8ab3) x21 0x0000000064c93ae5
core   0: 0x0000000080004d7e (0x4006d493) srai    s1, a3, 0
core   0: 1 0x0000000080004d7e (0x4006d493) x9  0x0000000000000000
core   0: 0x0000000080004d82 (0x4182d81b) sraiw   a6, t0, 24
core   0: 1 0x0000000080004d82 (0x4182d81b) x16 0x0000000000000000
core   0: 0x0000000080004d86 (0xe20c8bd3) fmv.x.d s7, fs9
core   0: 1 0x0000000080004d86 (0xe20c8bd3) x23 0xffffffff00000000
core   0: 0x0000000080004d8a (0xa3697a43) fmadd.d fs4, fs2, fs6, fs4
core   0: 1 0x0000000080004d8a (0xa3697a43) f20 0x7ff8000000000000
core   0: 0x0000000080004d8e (0x40680333) sub     t1, a6, t1
core   0: 1 0x0000000080004d8e (0x40680333) x6  0xffffffff8dbaf28a
core   0: 0x0000000080004d92 (0xd20b8b53) fcvt.d.w fs6, s7
core   0: 1 0x0000000080004d92 (0xd20b8b53) f22 0x0000000000000000
core   0: 0x0000000080004d96 (0x017bf8b3) and     a7, s7, s7
core   0: 1 0x0000000080004d96 (0x017bf8b3) x17 0xffffffff00000000
core   0: 0x0000000080004d9a (0x011614bb) sllw    s1, a2, a7
core   0: 1 0x0000000080004d9a (0x011614bb) x9  0xffffffff8f6679b9
core   0: 0x0000000080004d9e (0x4013d3bb) sraw    t2, t2, ra
core   0: 1 0x0000000080004d9e (0x4013d3bb) x7  0x0000000000000000
core   0: 0x0000000080004da2 (0x027c8db3) mul     s11, s9, t2
core   0: 1 0x0000000080004da2 (0x027c8db3) x27 0x0000000000000000
core   0: 0x0000000080004da6 (0x005acab3) xor     s5, s5, t0
core   0: 1 0x0000000080004da6 (0x005acab3) x21 0x0000000064c93ae6
core   0: 0x0000000080004daa (0x00258bb3) add     s7, a1, sp
core   0: 1 0x0000000080004daa (0x00258bb3) x23 0x00000000342031f4
core   0: 0x0000000080004dae (0xc025a873) csrrs   a6, instret, a1
core   0: exception trap_illegal_instruction, epc 0x0000000080004dae
core   0:           tval 0x00000000c025a873
core   0: >>>>  $xrv64i2p1_m2p0_a2p1_f2p2_d2p2_zicsr2p0_zifencei2p0_zmmul1p0_zba1p0_zbb1p0_zbc1p0_zbs1p0
core   0: 0x0000000080004000 (0x0080006f) j       pc + 0x8
core   0: 3 0x0000000080004000 (0x0080006f)
core   0: >>>>  mmode_exception_handler
core   0: 0x0000000080004008 (0x00002c17) auipc   s8, 0x2
core   0: 3 0x0000000080004008 (0x00002c17) x24 0x0000000080006008
core   0: 0x000000008000400c (0x00ec0c13) addi    s8, s8, 14
core   0: 3 0x000000008000400c (0x00ec0c13) x24 0x0000000080006016
core   0: 0x0000000080004010 (0x000c00e7) jalr    s8
core   0: 3 0x0000000080004010 (0x000c00e7) x1  0x0000000080004014
core   0: >>>>  any_handler
core   0: 0x0000000080006016 (0x341027f3) csrrs   a5, mepc, zero
core   0: 3 0x0000000080006016 (0x341027f3) x15 0x0000000080004dae
core   0: 0x000000008000601a (0x34202773) csrrs   a4, mcause, zero
core   0: 3 0x000000008000601a (0x34202773) x14 0x0000000000000002
core   0: 0x000000008000601e (0x142026f3) csrrs   a3, scause, zero
core   0: 3 0x000000008000601e (0x142026f3) x13 0x0000000000000000
core   0: 0x0000000080006022 (0x30402673) csrrs   a2, mie, zero
core   0: 3 0x0000000080006022 (0x30402673) x12 0x0000000000000a00
core   0: 0x0000000080006026 (0x344025f3) csrrs   a1, mip, zero
core   0: 3 0x0000000080006026 (0x344025f3) x11 0x0000000000000080
core   0: 0x000000008000602a (0x343025f3) csrrs   a1, mtval, zero
core   0: 3 0x000000008000602a (0x343025f3) x11 0x00000000c025a873
core   0: 0x000000008000602e (0x14302573) csrrs   a0, stval, zero
core   0: 3 0x000000008000602e (0x14302573) x10 0x000000000000001f
core   0: 0x0000000080006032 (0xb02024f3) csrrs   s1, minstret, zero
core   0: 3 0x0000000080006032 (0xb02024f3) x9  0x0000000000000c6f
core   0: 0x0000000080006036 (0x0000a811) c.j     pc + 20
core   0: 3 0x0000000080006036 (0xa811)
core   0: >>>>  mepc_4
core   0: 0x000000008000604a (0x00000791) c.addi  a5, 4
core   0: 3 0x000000008000604a (0x0791) x15 0x0000000080004db2
core   0: 0x000000008000604c (0x34179073) csrrw   zero, mepc, a5
core   0: 3 0x000000008000604c (0x34179073) c833_mepc 0x0000000080004db2
core   0: 0x0000000080006050 (0x30200073) mret
core   0: 3 0x0000000080006050 (0x30200073) c768_mstatus 0x8000000a00106080
core   0: 0x0000000080004db2 (0x02c80633) mul     a2, a6, a2
core   0: 1 0x0000000080004db2 (0x02c80633) x12 0x0000000000000000
core   0: 0x0000000080004db6 (0x0213a3b7) lui     t2, 0x213a
core   0: 1 0x0000000080004db6 (0x0213a3b7) x7  0x000000000213a000
core   0: 0x0000000080004dba (0x0006969b) slliw   a3, a3, 0
core   0: 1 0x0000000080004dba (0x0006969b) x13 0x0000000000000000
core   0: 0x0000000080004dbe (0x01d6d613) srli    a2, a3, 29
core   0: 1 0x0000000080004dbe (0x01d6d613) x12 0x0000000000000000
core   0: 0x0000000080004dc2 (0xd22c7d53) fcvt.d.l fs10, s8
core   0: 1 0x0000000080004dc2 (0xd22c7d53) f26 0x41e0000c02c00000
core   0: 0x0000000080004dc6 (0x0ff0000f) fence   iorw,iorw
core   0: 1 0x0000000080004dc6 (0x0ff0000f)
core   0: 0x0000000080004dca (0x23290953) fsgnj.d fs2, fs2, fs2
core   0: 1 0x0000000080004dca (0x23290953) f18 0xc3bce290a6600000
core   0: 0x0000000080004dce (0xf2078853) fmv.d.x fa6, a5
core   0: 1 0x0000000080004dce (0xf2078853) f16 0x0000000080004db2
core   0: 0x0000000080004dd2 (0x9bb92b97) auipc   s7, 0x9bb92
core   0: 1 0x0000000080004dd2 (0x9bb92b97) x23 0x000000001bb96dd2
core   0: 0x0000000080004dd6 (0x2a2d1a53) fmax.d  fs4, fs10, ft2
core   0: 1 0x0000000080004dd6 (0x2a2d1a53) f20 0x41e0000c02c00000
core   0: 0x0000000080004dda (0x40630333) sub     t1, t1, t1
core   0: 1 0x0000000080004dda (0x40630333) x6  0x0000000000000000
core   0: 0x0000000080004dde (0x03332ab3) mulhsu  s5, t1, s3
core   0: 1 0x0000000080004dde (0x03332ab3) x21 0x0000000000000000
core   0: 0x0000000080004de2 (0x401d79d3) fcvt.s.d fs3, fs10
core   0: 1 0x0000000080004de2 (0x401d79d3) c1_fflags 0x0000000000000011 f19 0xffffffff4f000060
core   0: 0x0000000080004de6 (0xf135b1f3) csrrc   gp, mimpid, a1
core   0: exception trap_illegal_instruction, epc 0x0000000080004de6
core   0:           tval 0x00000000f135b1f3
core   0: >>>>  $xrv64i2p1_m2p0_a2p1_f2p2_d2p2_zicsr2p0_zifencei2p0_zmmul1p0_zba1p0_zbb1p0_zbc1p0_zbs1p0
core   0: 0x0000000080004000 (0x0080006f) j       pc + 0x8
core   0: 3 0x0000000080004000 (0x0080006f)
core   0: >>>>  mmode_exception_handler
core   0: 0x0000000080004008 (0x00002c17) auipc   s8, 0x2
core   0: 3 0x0000000080004008 (0x00002c17) x24 0x0000000080006008
core   0: 0x000000008000400c (0x00ec0c13) addi    s8, s8, 14
core   0: 3 0x000000008000400c (0x00ec0c13) x24 0x0000000080006016
core   0: 0x0000000080004010 (0x000c00e7) jalr    s8
core   0: 3 0x0000000080004010 (0x000c00e7) x1  0x0000000080004014
core   0: >>>>  any_handler
core   0: 0x0000000080006016 (0x341027f3) csrrs   a5, mepc, zero
core   0: 3 0x0000000080006016 (0x341027f3) x15 0x0000000080004de6
core   0: 0x000000008000601a (0x34202773) csrrs   a4, mcause, zero
core   0: 3 0x000000008000601a (0x34202773) x14 0x0000000000000002
core   0: 0x000000008000601e (0x142026f3) csrrs   a3, scause, zero
core   0: 3 0x000000008000601e (0x142026f3) x13 0x0000000000000000
core   0: 0x0000000080006022 (0x30402673) csrrs   a2, mie, zero
core   0: 3 0x0000000080006022 (0x30402673) x12 0x0000000000000a00
core   0: 0x0000000080006026 (0x344025f3) csrrs   a1, mip, zero
core   0: 3 0x0000000080006026 (0x344025f3) x11 0x0000000000000080
core   0: 0x000000008000602a (0x343025f3) csrrs   a1, mtval, zero
core   0: 3 0x000000008000602a (0x343025f3) x11 0x00000000f135b1f3
core   0: 0x000000008000602e (0x14302573) csrrs   a0, stval, zero
core   0: 3 0x000000008000602e (0x14302573) x10 0x000000000000001f
core   0: 0x0000000080006032 (0xb02024f3) csrrs   s1, minstret, zero
core   0: 3 0x0000000080006032 (0xb02024f3) x9  0x0000000000000c8c
core   0: 0x0000000080006036 (0x0000a811) c.j     pc + 20
core   0: 3 0x0000000080006036 (0xa811)
core   0: >>>>  mepc_4
core   0: 0x000000008000604a (0x00000791) c.addi  a5, 4
core   0: 3 0x000000008000604a (0x0791) x15 0x0000000080004dea
core   0: 0x000000008000604c (0x34179073) csrrw   zero, mepc, a5
core   0: 3 0x000000008000604c (0x34179073) c833_mepc 0x0000000080004dea
core   0: 0x0000000080006050 (0x30200073) mret
core   0: 3 0x0000000080006050 (0x30200073) c768_mstatus 0x8000000a00106080
core   0: 0x0000000080004dea (0x00135b93) srli    s7, t1, 1
core   0: 1 0x0000000080004dea (0x00135b93) x23 0x0000000000000000
core   0: 0x0000000080004dee (0xe004e493) ori     s1, s1, -512
core   0: 1 0x0000000080004dee (0xe004e493) x9  0xfffffffffffffe8c
core   0: 0x0000000080004df2 (0x0318cab3) div     s5, a7, a7
core   0: 1 0x0000000080004df2 (0x0318cab3) x21 0x0000000000000001
core   0: 0x0000000080004df6 (0x00289673) csrrw   a2, frm, a7
core   0: 1 0x0000000080004df6 (0x00289673) x12 0x0000000000000000 c2_frm 0x0000000000000000
core   0: 0x0000000080004dfa (0x2b480953) fmin.d  fs2, fa6, fs4
core   0: 1 0x0000000080004dfa (0x2b480953) f18 0x0000000080004db2
core   0: 0x0000000080004dfe (0x025b76b3) remu    a3, s6, t0
core   0: 1 0x0000000080004dfe (0x025b76b3) x13 0x0000000000000000
core   0: 0x0000000080004e02 (0x00229773) csrrw   a4, frm, t0
core   0: 1 0x0000000080004e02 (0x00229773) x14 0x0000000000000000 c2_frm 0x0000000000000003
core   0: 0x0000000080004e06 (0x0097131b) slliw   t1, a4, 9
core   0: 1 0x0000000080004e06 (0x0097131b) x6  0x0000000000000000
core   0: 0x0000000080004e0a (0x222a23d3) fsgnjx.d ft7, fs4, ft2
core   0: 1 0x0000000080004e0a (0x222a23d3) f7  0x41e0000c02c00000
core   0: 0x0000000080004e0e (0xc23a78d3) fcvt.lu.d a7, fs4
core   0: 1 0x0000000080004e0e (0xc23a78d3) x17 0x0000000080006016
core   0: 0x0000000080004e12 (0x0b207d53) fsub.d  fs10, ft0, fs2
core   0: 1 0x0000000080004e12 (0x0b207d53) f26 0x8000000080004db2
core   0: 0x0000000080004e16 (0x40e8de1b) sraiw   t3, a7, 14
core   0: 1 0x0000000080004e16 (0x40e8de1b) x28 0xfffffffffffe0001
core   0: 0x0000000080004e1a (0x40a8d9bb) sraw    s3, a7, a0
core   0: 1 0x0000000080004e1a (0x40a8d9bb) x19 0xffffffffffffffff
core   0: 0x0000000080004e1e (0x4135093b) subw    s2, a0, s3
core   0: 1 0x0000000080004e1e (0x4135093b) x18 0x0000000000000020
core   0: 0x0000000080004e22 (0x03216133) rem     sp, sp, s2
core   0: 1 0x0000000080004e22 (0x03216133) x2  0x0000000000000001
core   0: 0x0000000080004e26 (0xd02e74d3) fcvt.s.l fs1, t3
core   0: 1 0x0000000080004e26 (0xd02e74d3) f9  0xffffffffc7ffff80
core   0: 0x0000000080004e2a (0x1da9081b) addiw   a6, s2, 474
core   0: 1 0x0000000080004e2a (0x1da9081b) x16 0x00000000000001fa
core   0: 0x0000000080004e2e (0x03275293) srli    t0, a4, 50
core   0: 1 0x0000000080004e2e (0x03275293) x5  0x0000000000000000
core   0: 0x0000000080004e32 (0x231491d3) fsgnjn.d ft3, fs1, fa7
core   0: 1 0x0000000080004e32 (0x231491d3) f3  0xffffffffc7ffff80
core   0: 0x0000000080004e36 (0xd0397653) fcvt.s.lu fa2, s2
core   0: 1 0x0000000080004e36 (0xd0397653) f12 0xffffffff42000000
core   0: 0x0000000080004e3a (0x40c1d1b3) sra     gp, gp, a2
core   0: 1 0x0000000080004e3a (0x40c1d1b3) x3  0xffffffffffffffff
core   0: 0x0000000080004e3e (0x00000001) c.nop
core   0: 1 0x0000000080004e3e (0x0001)
core   0: 0x0000000080004e40 (0xd23df553) fcvt.d.lu fa0, s11
core   0: 1 0x0000000080004e40 (0xd23df553) f10 0x0000000000000000
core   0: 0x0000000080004e44 (0x02ab8733) mul     a4, s7, a0
core   0: 1 0x0000000080004e44 (0x02ab8733) x14 0x0000000000000000
core   0: 0x0000000080004e48 (0x40c286bb) subw    a3, t0, a2
core   0: 1 0x0000000080004e48 (0x40c286bb) x13 0x0000000000000000
core   0: 0x0000000080004e4c (0x003612bb) sllw    t0, a2, gp
core   0: 1 0x0000000080004e4c (0x003612bb) x5  0x0000000000000000
core   0: 0x0000000080004e50 (0xc217f953) fcvt.wu.d s2, fa5
core   0: 1 0x0000000080004e50 (0xc217f953) c1_fflags 0x0000000000000011 x18 0x0000000000000001
core   0: 0x0000000080004e54 (0x0ff0000f) fence   iorw,iorw
core   0: 1 0x0000000080004e54 (0x0ff0000f)
core   0: 0x0000000080004e58 (0x404886b3) sub     a3, a7, tp
core   0: 1 0x0000000080004e58 (0x404886b3) x13 0x000000000f66d9cf
core   0: 0x0000000080004e5c (0xd223f453) fcvt.d.l fs0, t2
core   0: 1 0x0000000080004e5c (0xd223f453) f8  0x41809d0000000000
core   0: 0x0000000080004e60 (0x00009c01) c.subw  s0, s0
core   0: 1 0x0000000080004e60 (0x9c01) x8  0x0000000000000000
core   0: 0x0000000080004e62 (0x0280003b) mulw    zero, zero, s0
core   0: 1 0x0000000080004e62 (0x0280003b)
core   0: 0x0000000080004e66 (0x00239ef3) csrrw   t4, frm, t2
core   0: 1 0x0000000080004e66 (0x00239ef3) x29 0x0000000000000003 c2_frm 0x0000000000000000
core   0: 0x0000000080004e6a (0x22b20b53) fsgnj.d fs6, ft4, fa1
core   0: 1 0x0000000080004e6a (0x22b20b53) f22 0xffffffff5f800000
core   0: 0x0000000080004e6e (0xd2138b53) fcvt.d.wu fs6, t2
core   0: 1 0x0000000080004e6e (0xd2138b53) f22 0x41809d0000000000
core   0: 0x0000000080004e72 (0xd223f053) fcvt.d.l ft0, t2
core   0: 1 0x0000000080004e72 (0xd223f053) f0  0x41809d0000000000
core   0: 0x0000000080004e76 (0x0072c2b3) xor     t0, t0, t2
core   0: 1 0x0000000080004e76 (0x0072c2b3) x5  0x000000000213a000
core   0: 0x0000000080004e7a (0xd023fa53) fcvt.s.l fs4, t2
core   0: 1 0x0000000080004e7a (0xd023fa53) f20 0xffffffff4c04e800
core   0: 0x0000000080004e7e (0x401ed993) srai    s3, t4, 1
core   0: 1 0x0000000080004e7e (0x401ed993) x19 0x0000000000000001
core   0: 0x0000000080004e82 (0xd03ef953) fcvt.s.lu fs2, t4
core   0: 1 0x0000000080004e82 (0xd03ef953) f18 0xffffffff40400000
core   0: 0x0000000080004e86 (0x1b6972d3) fdiv.d  ft5, fs2, fs6
core   0: 1 0x0000000080004e86 (0x1b6972d3) f5  0x7ff8000000000000
core   0: 0x0000000080004e8a (0x03999c13) slli    s8, s3, 57
core   0: 1 0x0000000080004e8a (0x03999c13) x24 0x0200000000000000
core   0: 0x0000000080004e8e (0x40065d1b) sraiw   s10, a2, 0
core   0: 1 0x0000000080004e8e (0x40065d1b) x26 0x0000000000000000
core   0: 0x0000000080004e92 (0x420903d3) fcvt.d.s ft7, fs2
core   0: 1 0x0000000080004e92 (0x420903d3) f7  0x4008000000000000
core   0: 0x0000000080004e96 (0xe2000b53) fmv.x.d s6, ft0
core   0: 1 0x0000000080004e96 (0xe2000b53) x22 0x41809d0000000000
core   0: 0x0000000080004e9a (0x0210e0bb) remw    ra, ra, ra
core   0: 1 0x0000000080004e9a (0x0210e0bb) x1  0x0000000000000000
core   0: 0x0000000080004e9e (0x0150fab3) and     s5, ra, s5
core   0: 1 0x0000000080004e9e (0x0150fab3) x21 0x0000000000000000
core   0: 0x0000000080004ea2 (0x001e8033) add     zero, t4, ra
core   0: 1 0x0000000080004ea2 (0x001e8033)
core   0: 0x0000000080004ea6 (0x005bd83b) srlw    a6, s7, t0
core   0: 1 0x0000000080004ea6 (0x005bd83b) x16 0x0000000000000000
core   0: 0x0000000080004eaa (0x2273aed3) fsgnjx.d ft9, ft7, ft7
core   0: 1 0x0000000080004eaa (0x2273aed3) f29 0x4008000000000000
core   0: 0x0000000080004eae (0x29d37893) andi    a7, t1, 669
core   0: 1 0x0000000080004eae (0x29d37893) x17 0x0000000000000000
core   0: 0x0000000080004eb2 (0xd2198953) fcvt.d.wu fs2, s3
core   0: 1 0x0000000080004eb2 (0xd2198953) f18 0x3ff0000000000000
core   0: 0x0000000080004eb6 (0x00281d73) csrrw   s10, frm, a6
core   0: 1 0x0000000080004eb6 (0x00281d73) x26 0x0000000000000000 c2_frm 0x0000000000000000
core   0: 0x0000000080004eba (0xfff87593) andi    a1, a6, -1
core   0: 1 0x0000000080004eba (0xfff87593) x11 0x0000000000000000
core   0: 0x0000000080004ebe (0x002dadb3) slt     s11, s11, sp
core   0: 1 0x0000000080004ebe (0x002dadb3) x27 0x0000000000000001
core   0: 0x0000000080004ec2 (0x420b8a53) fcvt.d.s fs4, fs7
core   0: 1 0x0000000080004ec2 (0x420b8a53) f20 0x7ff8000000000000
core   0: 0x0000000080004ec6 (0x488cf193) andi    gp, s9, 1160
core   0: 1 0x0000000080004ec6 (0x488cf193) x3  0x0000000000000000
core   0: 0x0000000080004eca (0x1a94f2d3) fdiv.d  ft5, fs1, fs1
core   0: 1 0x0000000080004eca (0x1a94f2d3) f5  0x7ff8000000000000
core   0: 0x0000000080004ece (0x0271cabb) divw    s5, gp, t2
core   0: 1 0x0000000080004ece (0x0271cabb) x21 0x0000000000000000
core   0: 0x0000000080004ed2 (0xf148e6f3) csrrsi  a3, mhartid, 17
core   0: exception trap_illegal_instruction, epc 0x0000000080004ed2
core   0:           tval 0x00000000f148e6f3
core   0: >>>>  $xrv64i2p1_m2p0_a2p1_f2p2_d2p2_zicsr2p0_zifencei2p0_zmmul1p0_zba1p0_zbb1p0_zbc1p0_zbs1p0
core   0: 0x0000000080004000 (0x0080006f) j       pc + 0x8
core   0: 3 0x0000000080004000 (0x0080006f)
core   0: >>>>  mmode_exception_handler
core   0: 0x0000000080004008 (0x00002c17) auipc   s8, 0x2
core   0: 3 0x0000000080004008 (0x00002c17) x24 0x0000000080006008
core   0: 0x000000008000400c (0x00ec0c13) addi    s8, s8, 14
core   0: 3 0x000000008000400c (0x00ec0c13) x24 0x0000000080006016
core   0: 0x0000000080004010 (0x000c00e7) jalr    s8
core   0: 3 0x0000000080004010 (0x000c00e7) x1  0x0000000080004014
core   0: >>>>  any_handler
core   0: 0x0000000080006016 (0x341027f3) csrrs   a5, mepc, zero
core   0: 3 0x0000000080006016 (0x341027f3) x15 0x0000000080004ed2
core   0: 0x000000008000601a (0x34202773) csrrs   a4, mcause, zero
core   0: 3 0x000000008000601a (0x34202773) x14 0x0000000000000002
core   0: 0x000000008000601e (0x142026f3) csrrs   a3, scause, zero
core   0: 3 0x000000008000601e (0x142026f3) x13 0x0000000000000000
core   0: 0x0000000080006022 (0x30402673) csrrs   a2, mie, zero
core   0: 3 0x0000000080006022 (0x30402673) x12 0x0000000000000a00
core   0: 0x0000000080006026 (0x344025f3) csrrs   a1, mip, zero
core   0: 3 0x0000000080006026 (0x344025f3) x11 0x0000000000000080
core   0: 0x000000008000602a (0x343025f3) csrrs   a1, mtval, zero
core   0: 3 0x000000008000602a (0x343025f3) x11 0x00000000f148e6f3
core   0: 0x000000008000602e (0x14302573) csrrs   a0, stval, zero
core   0: 3 0x000000008000602e (0x14302573) x10 0x000000000000001f
core   0: 0x0000000080006032 (0xb02024f3) csrrs   s1, minstret, zero
core   0: 3 0x0000000080006032 (0xb02024f3) x9  0x0000000000000cd7
core   0: 0x0000000080006036 (0x0000a811) c.j     pc + 20
core   0: 3 0x0000000080006036 (0xa811)
core   0: >>>>  mepc_4
core   0: 0x000000008000604a (0x00000791) c.addi  a5, 4
core   0: 3 0x000000008000604a (0x0791) x15 0x0000000080004ed6
core   0: 0x000000008000604c (0x34179073) csrrw   zero, mepc, a5
core   0: 3 0x000000008000604c (0x34179073) c833_mepc 0x0000000080004ed6
core   0: 0x0000000080006050 (0x30200073) mret
core   0: 3 0x0000000080006050 (0x30200073) c768_mstatus 0x8000000a00106080
core   0: 0x0000000080004ed6 (0x02a69533) mulh    a0, a3, a0
core   0: 1 0x0000000080004ed6 (0x02a69533) x10 0x0000000000000000
core   0: 0x0000000080004eda (0x63967ccb) fnmsub.d fs9, fa2, fs9, fa2
core   0: 1 0x0000000080004eda (0x63967ccb) f25 0x7ff8000000000000
core   0: 0x0000000080004ede (0x832675c7) fmsub.d fa1, fa2, fs2, fa6
core   0: 1 0x0000000080004ede (0x832675c7) f11 0x7ff8000000000000
core   0: 0x0000000080004ee2 (0x27e4f493) andi    s1, s1, 638
core   0: 1 0x0000000080004ee2 (0x27e4f493) x9  0x0000000000000056
core   0: 0x0000000080004ee6 (0x10092173) csrrs   sp, sstatus, s2
core   0: 1 0x0000000080004ee6 (0x10092173) x2  0x8000000200006000 c768_mstatus 0x8000000a00106080
core   0: 0x0000000080004eea (0xbfd90513) addi    a0, s2, -1027
core   0: 1 0x0000000080004eea (0xbfd90513) x10 0xfffffffffffffbfe
core   0: 0x0000000080004eee (0x00000001) c.nop
core   0: 1 0x0000000080004eee (0x0001)
core   0: 0x0000000080004ef0 (0xf1452973) csrrs   s2, mhartid, a0
core   0: exception trap_illegal_instruction, epc 0x0000000080004ef0
core   0:           tval 0x00000000f1452973
core   0: >>>>  $xrv64i2p1_m2p0_a2p1_f2p2_d2p2_zicsr2p0_zifencei2p0_zmmul1p0_zba1p0_zbb1p0_zbc1p0_zbs1p0
core   0: 0x0000000080004000 (0x0080006f) j       pc + 0x8
core   0: 3 0x0000000080004000 (0x0080006f)
core   0: >>>>  mmode_exception_handler
core   0: 0x0000000080004008 (0x00002c17) auipc   s8, 0x2
core   0: 3 0x0000000080004008 (0x00002c17) x24 0x0000000080006008
core   0: 0x000000008000400c (0x00ec0c13) addi    s8, s8, 14
core   0: 3 0x000000008000400c (0x00ec0c13) x24 0x0000000080006016
core   0: 0x0000000080004010 (0x000c00e7) jalr    s8
core   0: 3 0x0000000080004010 (0x000c00e7) x1  0x0000000080004014
core   0: >>>>  any_handler
core   0: 0x0000000080006016 (0x341027f3) csrrs   a5, mepc, zero
core   0: 3 0x0000000080006016 (0x341027f3) x15 0x0000000080004ef0
core   0: 0x000000008000601a (0x34202773) csrrs   a4, mcause, zero
core   0: 3 0x000000008000601a (0x34202773) x14 0x0000000000000002
core   0: 0x000000008000601e (0x142026f3) csrrs   a3, scause, zero
core   0: 3 0x000000008000601e (0x142026f3) x13 0x0000000000000000
core   0: 0x0000000080006022 (0x30402673) csrrs   a2, mie, zero
core   0: 3 0x0000000080006022 (0x30402673) x12 0x0000000000000a00
core   0: 0x0000000080006026 (0x344025f3) csrrs   a1, mip, zero
core   0: 3 0x0000000080006026 (0x344025f3) x11 0x0000000000000080
core   0: 0x000000008000602a (0x343025f3) csrrs   a1, mtval, zero
core   0: 3 0x000000008000602a (0x343025f3) x11 0x00000000f1452973
core   0: 0x000000008000602e (0x14302573) csrrs   a0, stval, zero
core   0: 3 0x000000008000602e (0x14302573) x10 0x000000000000001f
core   0: 0x0000000080006032 (0xb02024f3) csrrs   s1, minstret, zero
core   0: 3 0x0000000080006032 (0xb02024f3) x9  0x0000000000000cee
core   0: 0x0000000080006036 (0x0000a811) c.j     pc + 20
core   0: 3 0x0000000080006036 (0xa811)
core   0: >>>>  mepc_4
core   0: 0x000000008000604a (0x00000791) c.addi  a5, 4
core   0: 3 0x000000008000604a (0x0791) x15 0x0000000080004ef4
core   0: 0x000000008000604c (0x34179073) csrrw   zero, mepc, a5
core   0: 3 0x000000008000604c (0x34179073) c833_mepc 0x0000000080004ef4
core   0: 0x0000000080006050 (0x30200073) mret
core   0: 3 0x0000000080006050 (0x30200073) c768_mstatus 0x8000000a00106080
core   0: 0x0000000080004ef4 (0x008577b3) and     a5, a0, s0
core   0: 1 0x0000000080004ef4 (0x008577b3) x15 0x0000000000000000
core   0: 0x0000000080004ef8 (0x3a097c93) andi    s9, s2, 928
core   0: 1 0x0000000080004ef8 (0x3a097c93) x25 0x0000000000000000
core   0: 0x0000000080004efc (0x005d1a1b) slliw   s4, s10, 5
core   0: 1 0x0000000080004efc (0x005d1a1b) x20 0x0000000000000000
core   0: 0x0000000080004f00 (0xc205fc53) fcvt.w.d s8, fa1
core   0: 1 0x0000000080004f00 (0xc205fc53) c1_fflags 0x0000000000000011 x24 0x000000007fffffff
core   0: 0x0000000080004f04 (0xfb18d5b7) lui     a1, 0xfb18d
core   0: 1 0x0000000080004f04 (0xfb18d5b7) x11 0xfffffffffb18d000
core   0: 0x0000000080004f08 (0xd235859b) addiw   a1, a1, -733
core   0: 1 0x0000000080004f08 (0xd235859b) x11 0xfffffffffb18cd23
core   0: 0x0000000080004f0c (0x000005b2) c.slli  a1, 12
core   0: 1 0x0000000080004f0c (0x05b2) x11 0xffffffb18cd23000
core   0: 0x0000000080004f0e (0x0bb58593) addi    a1, a1, 187
core   0: 1 0x0000000080004f0e (0x0bb58593) x11 0xffffffb18cd230bb
core   0: 0x0000000080004f12 (0x014373b3) and     t2, t1, s4
core   0: 1 0x0000000080004f12 (0x014373b3) x7  0x0000000000000000
core   0: 0x0000000080004f16 (0x00a898bb) sllw    a7, a7, a0
core   0: 1 0x0000000080004f16 (0x00a898bb) x17 0x0000000000000000
core   0: 0x0000000080004f1a (0x411e8eb3) sub     t4, t4, a7
core   0: 1 0x0000000080004f1a (0x411e8eb3) x29 0x0000000000000003
core   0: 0x0000000080004f1e (0x2bfd03d3) fmin.d  ft7, fs10, ft11
core   0: 1 0x0000000080004f1e (0x2bfd03d3) f7  0x8000000080004db2
core   0: 0x0000000080004f22 (0x9ecee913) ori     s2, t4, -1556
core   0: 1 0x0000000080004f22 (0x9ecee913) x18 0xfffffffffffff9ef
core   0: 0x0000000080004f26 (0x001011f3) csrrw   gp, fflags, zero
core   0: 1 0x0000000080004f26 (0x001011f3) x3  0x0000000000000011 c1_fflags 0x0000000000000000
core   0: 0x0000000080004f2a (0x4135553b) sraw    a0, a0, s3
core   0: 1 0x0000000080004f2a (0x4135553b) x10 0x000000000000000f
core   0: 0x0000000080004f2e (0xe20903d3) fmv.x.d t2, fs2
core   0: 1 0x0000000080004f2e (0xe20903d3) x7  0x3ff0000000000000
core   0: 0x0000000080004f32 (0xd20881d3) fcvt.d.w ft3, a7
core   0: 1 0x0000000080004f32 (0xd20881d3) f3  0x0000000000000000
core   0: 0x0000000080004f36 (0x40e35233) sra     tp, t1, a4
core   0: 1 0x0000000080004f36 (0x40e35233) x4  0x0000000000000000
core   0: 0x0000000080004f3a (0x0382ecbb) remw    s9, t0, s8
core   0: 1 0x0000000080004f3a (0x0382ecbb) x25 0x000000000213a000
core   0: 0x0000000080004f3e (0x2f8ec013) xori    zero, t4, 760
core   0: 1 0x0000000080004f3e (0x2f8ec013)
core   0: 0x0000000080004f42 (0x027c7c53) fadd.d  fs8, fs8, ft7
core   0: 1 0x0000000080004f42 (0x027c7c53) c1_fflags 0x0000000000000001 f24 0x41c9999999800000
core   0: 0x0000000080004f46 (0x039144bb) divw    s1, sp, s9
core   0: 1 0x0000000080004f46 (0x039144bb) x9  0x0000000000000000
core   0: 0x0000000080004f4a (0x1b80f94f) fnmadd.d fs2, ft1, fs8, ft3
core   0: 1 0x0000000080004f4a (0x1b80f94f) c1_fflags 0x0000000000000001 f18 0x43a92c48e64d3a1e
core   0: 0x0000000080004f4e (0x4017f5d3) fcvt.s.d fa1, fa5
core   0: 1 0x0000000080004f4e (0x4017f5d3) c1_fflags 0x0000000000000003 f11 0xffffffff00000000
core   0: 0x0000000080004f52 (0x00000001) c.nop
core   0: 1 0x0000000080004f52 (0x0001)
core   0: 0x0000000080004f54 (0x00a2a7b3) slt     a5, t0, a0
core   0: 1 0x0000000080004f54 (0x00a2a7b3) x15 0x0000000000000000
core   0: 0x0000000080004f58 (0x00008ec5) c.or    a3, s1
core   0: 1 0x0000000080004f58 (0x8ec5) x13 0x0000000000000000
core   0: 0x0000000080004f5a (0x00000001) c.nop
core   0: 1 0x0000000080004f5a (0x0001)
core   0: 0x0000000080004f5c (0x6d33871b) addiw   a4, t2, 1747
core   0: 1 0x0000000080004f5c (0x6d33871b) x14 0x00000000000006d3
core   0: 0x0000000080004f60 (0x00061c13) slli    s8, a2, 0
core   0: 1 0x0000000080004f60 (0x00061c13) x24 0x0000000000000a00
core   0: 0x0000000080004f64 (0x30ec099b) addiw   s3, s8, 782
core   0: 1 0x0000000080004f64 (0x30ec099b) x19 0x0000000000000d0e
core   0: 0x0000000080004f68 (0x400e5093) srai    ra, t3, 0
core   0: 1 0x0000000080004f68 (0x400e5093) x1  0xfffffffffffe0001
core   0: 0x0000000080004f6c (0xc02efd53) fcvt.l.s s10, ft9
core   0: 1 0x0000000080004f6c (0xc02efd53) c1_fflags 0x0000000000000013 x26 0x7fffffffffffffff
core   0: 0x0000000080004f70 (0x03beb5b7) lui     a1, 0x3beb
core   0: 1 0x0000000080004f70 (0x03beb5b7) x11 0x0000000003beb000
core   0: 0x0000000080004f74 (0xd375859b) addiw   a1, a1, -713
core   0: 1 0x0000000080004f74 (0xd375859b) x11 0x0000000003bead37
core   0: 0x0000000080004f78 (0x000005b2) c.slli  a1, 12
core   0: 1 0x0000000080004f78 (0x05b2) x11 0x0000003bead37000
core   0: 0x0000000080004f7a (0x44f58593) addi    a1, a1, 1103
core   0: 1 0x0000000080004f7a (0x44f58593) x11 0x0000003bead3744f
core   0: 0x0000000080004f7e (0x40d7d7b3) sra     a5, a5, a3
core   0: 1 0x0000000080004f7e (0x40d7d7b3) x15 0x0000000000000000
core   0: 0x0000000080004f82 (0x0a95f7d3) fsub.d  fa5, fa1, fs1
core   0: 1 0x0000000080004f82 (0x0a95f7d3) f15 0x7ff8000000000000
core   0: 0x0000000080004f86 (0xc02d7dd3) fcvt.l.s s11, fs10
core   0: 1 0x0000000080004f86 (0xc02d7dd3) c1_fflags 0x0000000000000013 x27 0x7fffffffffffffff
core   0: 0x0000000080004f8a (0x00419c33) sll     s8, gp, tp
core   0: 1 0x0000000080004f8a (0x00419c33) x24 0x0000000000000011
core   0: 0x0000000080004f8e (0x23a22253) fsgnjx.d ft4, ft4, fs10
core   0: 1 0x0000000080004f8e (0x23a22253) f4  0x7fffffff5f800000
core   0: 0x0000000080004f92 (0xc20376d3) fcvt.w.d a3, ft6
core   0: 1 0x0000000080004f92 (0xc20376d3) x13 0xffffffffffffffff
core   0: 0x0000000080004f96 (0x4096d4b3) sra     s1, a3, s1
core   0: 1 0x0000000080004f96 (0x4096d4b3) x9  0xffffffffffffffff
core   0: 0x0000000080004f9a (0x0305fc33) remu    s8, a1, a6
core   0: 1 0x0000000080004f9a (0x0305fc33) x24 0x0000003bead3744f
core   0: 0x0000000080004f9e (0x2a330bd3) fmin.d  fs7, ft6, ft3
core   0: 1 0x0000000080004f9e (0x2a330bd3) f23 0xbff0000000000000
core   0: 0x0000000080004fa2 (0x22739a53) fsgnjn.d fs4, ft7, ft7
core   0: 1 0x0000000080004fa2 (0x22739a53) f20 0x0000000080004db2
core   0: 0x0000000080004fa6 (0xc2337053) fcvt.lu.d zero, ft6
core   0: 1 0x0000000080004fa6 (0xc2337053) c1_fflags 0x0000000000000013
core   0: 0x0000000080004faa (0xc20a7ed3) fcvt.w.d t4, fs4
core   0: 1 0x0000000080004faa (0xc20a7ed3) c1_fflags 0x0000000000000013 x29 0x0000000000000000
core   0: 0x0000000080004fae (0x00b9d293) srli    t0, s3, 11
core   0: 1 0x0000000080004fae (0x00b9d293) x5  0x0000000000000001
core   0: 0x0000000080004fb2 (0x4015d113) srai    sp, a1, 1
core   0: 1 0x0000000080004fb2 (0x4015d113) x2  0x0000001df569ba27
core   0: 0x0000000080004fb6 (0xf225794f) fnmadd.d fs2, fa0, ft2, ft10
core   0: 1 0x0000000080004fb6 (0xf225794f) f18 0x7ff8000000000000
core   0: 0x0000000080004fba (0xc221fd53) fcvt.l.d s10, ft3
core   0: 1 0x0000000080004fba (0xc221fd53) x26 0x0000000000000000
core   0: 0x0000000080004fbe (0x00008da9) c.xor   a1, a0
core   0: 1 0x0000000080004fbe (0x8da9) x11 0x0000003bead37440
core   0: 0x0000000080004fc0 (0x00738d3b) addw    s10, t2, t2
core   0: 1 0x0000000080004fc0 (0x00738d3b) x26 0x0000000000000000
core   0: 0x0000000080004fc4 (0xc2397ed3) fcvt.lu.d t4, fs2
core   0: 1 0x0000000080004fc4 (0xc2397ed3) c1_fflags 0x0000000000000013 x29 0xffffffffffffffff
core   0: 0x0000000080004fc8 (0x41d28033) sub     zero, t0, t4
core   0: 1 0x0000000080004fc8 (0x41d28033)
core   0: 0x0000000080004fcc (0x02e94733) div     a4, s2, a4
core   0: 1 0x0000000080004fcc (0x02e94733) x14 0x0000000000000000
core   0: 0x0000000080004fd0 (0x0145191b) slliw   s2, a0, 20
core   0: 1 0x0000000080004fd0 (0x0145191b) x18 0x0000000000f00000
core   0: 0x0000000080004fd4 (0x40a9583b) sraw    a6, s2, a0
core   0: 1 0x0000000080004fd4 (0x40a9583b) x16 0x00000000000001e0
core   0: 0x0000000080004fd8 (0xc23f7b53) fcvt.lu.d s6, ft10
core   0: 1 0x0000000080004fd8 (0xc23f7b53) c1_fflags 0x0000000000000013 x22 0xffffffffffffffff
core   0: 0x0000000080004fdc (0x23ff84d3) fsgnj.d fs1, ft11, ft11
core   0: 1 0x0000000080004fdc (0x23ff84d3) f9  0x7ff8000000000000
core   0: 0x0000000080004fe0 (0xc21f79d3) fcvt.wu.d s3, ft10
core   0: 1 0x0000000080004fe0 (0xc21f79d3) c1_fflags 0x0000000000000013 x19 0xffffffffffffffff
core   0: 0x0000000080004fe4 (0xc21ff1d3) fcvt.wu.d gp, ft11
core   0: 1 0x0000000080004fe4 (0xc21ff1d3) c1_fflags 0x0000000000000013 x3  0xffffffffffffffff
core   0: 0x0000000080004fe8 (0x00d1e6b3) or      a3, gp, a3
core   0: 1 0x0000000080004fe8 (0x00d1e6b3) x13 0xffffffffffffffff
core   0: 0x0000000080004fec (0xc02b7a53) fcvt.l.s s4, fs6
core   0: 1 0x0000000080004fec (0xc02b7a53) c1_fflags 0x0000000000000013 x20 0x7fffffffffffffff
core   0: 0x0000000080004ff0 (0xc811d0f3) csrrwi  ra, timeh, 3
core   0: exception trap_illegal_instruction, epc 0x0000000080004ff0
core   0:           tval 0x00000000c811d0f3
core   0: >>>>  $xrv64i2p1_m2p0_a2p1_f2p2_d2p2_zicsr2p0_zifencei2p0_zmmul1p0_zba1p0_zbb1p0_zbc1p0_zbs1p0
core   0: 0x0000000080004000 (0x0080006f) j       pc + 0x8
core   0: 3 0x0000000080004000 (0x0080006f)
core   0: >>>>  mmode_exception_handler
core   0: 0x0000000080004008 (0x00002c17) auipc   s8, 0x2
core   0: 3 0x0000000080004008 (0x00002c17) x24 0x0000000080006008
core   0: 0x000000008000400c (0x00ec0c13) addi    s8, s8, 14
core   0: 3 0x000000008000400c (0x00ec0c13) x24 0x0000000080006016
core   0: 0x0000000080004010 (0x000c00e7) jalr    s8
core   0: 3 0x0000000080004010 (0x000c00e7) x1  0x0000000080004014
core   0: >>>>  any_handler
core   0: 0x0000000080006016 (0x341027f3) csrrs   a5, mepc, zero
core   0: 3 0x0000000080006016 (0x341027f3) x15 0x0000000080004ff0
core   0: 0x000000008000601a (0x34202773) csrrs   a4, mcause, zero
core   0: 3 0x000000008000601a (0x34202773) x14 0x0000000000000002
core   0: 0x000000008000601e (0x142026f3) csrrs   a3, scause, zero
core   0: 3 0x000000008000601e (0x142026f3) x13 0x0000000000000000
core   0: 0x0000000080006022 (0x30402673) csrrs   a2, mie, zero
core   0: 3 0x0000000080006022 (0x30402673) x12 0x0000000000000a00
core   0: 0x0000000080006026 (0x344025f3) csrrs   a1, mip, zero
core   0: 3 0x0000000080006026 (0x344025f3) x11 0x0000000000000080
core   0: 0x000000008000602a (0x343025f3) csrrs   a1, mtval, zero
core   0: 3 0x000000008000602a (0x343025f3) x11 0x00000000c811d0f3
core   0: 0x000000008000602e (0x14302573) csrrs   a0, stval, zero
core   0: 3 0x000000008000602e (0x14302573) x10 0x000000000000001f
core   0: 0x0000000080006032 (0xb02024f3) csrrs   s1, minstret, zero
core   0: 3 0x0000000080006032 (0xb02024f3) x9  0x0000000000000d40
core   0: 0x0000000080006036 (0x0000a811) c.j     pc + 20
core   0: 3 0x0000000080006036 (0xa811)
core   0: >>>>  mepc_4
core   0: 0x000000008000604a (0x00000791) c.addi  a5, 4
core   0: 3 0x000000008000604a (0x0791) x15 0x0000000080004ff4
core   0: 0x000000008000604c (0x34179073) csrrw   zero, mepc, a5
core   0: 3 0x000000008000604c (0x34179073) c833_mepc 0x0000000080004ff4
core   0: 0x0000000080006050 (0x30200073) mret
core   0: 3 0x0000000080006050 (0x30200073) c768_mstatus 0x8000000a00106080
core   0: 0x0000000080004ff4 (0x037ed633) divu    a2, t4, s7
core   0: 1 0x0000000080004ff4 (0x037ed633) x12 0xffffffffffffffff
core   0: 0x0000000080004ff8 (0x0beffe53) fsub.d  ft8, ft11, ft10
core   0: 1 0x0000000080004ff8 (0x0beffe53) f28 0x7ff8000000000000
core   0: 0x0000000080004ffc (0xd20d0f53) fcvt.d.w ft10, s10
core   0: 1 0x0000000080004ffc (0xd20d0f53) f30 0x0000000000000000
core   0: 0x0000000080005000 (0x02215cb3) divu    s9, sp, sp
core   0: 1 0x0000000080005000 (0x02215cb3) x25 0x0000000000000001
core   0: 0x0000000080005004 (0x40cdddbb) sraw    s11, s11, a2
core   0: 1 0x0000000080005004 (0x40cdddbb) x27 0xffffffffffffffff
core   0: 0x0000000080005008 (0xc23bf853) fcvt.lu.d a6, fs7
core   0: 1 0x0000000080005008 (0xc23bf853) c1_fflags 0x0000000000000013 x16 0x0000000000000000
core   0: 0x000000008000500c (0xc21e71d3) fcvt.wu.d gp, ft8
core   0: 1 0x000000008000500c (0xc21e71d3) c1_fflags 0x0000000000000013 x3  0xffffffffffffffff
core   0: 0x0000000080005010 (0x00b80b3b) addw    s6, a6, a1
core   0: 1 0x0000000080005010 (0x00b80b3b) x22 0xffffffffc811d0f3
core   0: 0x0000000080005014 (0xbaaf7ec7) fmsub.d ft9, ft10, fa0, fs7
core   0: 1 0x0000000080005014 (0xbaaf7ec7) f29 0x3ff0000000000000
core   0: 0x0000000080005018 (0xc0357cd3) fcvt.lu.s s9, fa0
core   0: 1 0x0000000080005018 (0xc0357cd3) c1_fflags 0x0000000000000013 x25 0xffffffffffffffff
core   0: 0x000000008000501c (0x027380bb) mulw    ra, t2, t2
core   0: 1 0x000000008000501c (0x027380bb) x1  0x0000000000000000
core   0: 0x0000000080005020 (0x00751533) sll     a0, a0, t2
core   0: 1 0x0000000080005020 (0x00751533) x10 0x000000000000001f
core   0: 0x0000000080005024 (0x224d2d53) fsgnjx.d fs10, fs10, ft4
core   0: 1 0x0000000080005024 (0x224d2d53) f26 0x8000000080004db2
core   0: 0x0000000080005028 (0x401ef8d3) fcvt.s.d fa7, ft9
core   0: 1 0x0000000080005028 (0x401ef8d3) f17 0xffffffff3f800000
core   0: 0x000000008000502c (0x41c58e3b) subw    t3, a1, t3
core   0: 1 0x000000008000502c (0x41c58e3b) x28 0xffffffffc813d0f2
core   0: 0x0000000080005030 (0x0202dc3b) divuw   s8, t0, zero
core   0: 1 0x0000000080005030 (0x0202dc3b) x24 0xffffffffffffffff
core   0: 0x0000000080005034 (0x434edc93) srai    s9, t4, 52
core   0: 1 0x0000000080005034 (0x434edc93) x25 0xffffffffffffffff
core   0: 0x0000000080005038 (0x83f47843) fmadd.d fa6, fs0, ft11, fa6
core   0: 1 0x0000000080005038 (0x83f47843) f16 0x7ff8000000000000
core   0: 0x000000008000503c (0x004360b3) or      ra, t1, tp
core   0: 1 0x000000008000503c (0x004360b3) x1  0x0000000000000000
core   0: 0x0000000080005040 (0x01ae1037) lui     zero, 0x1ae1
core   0: 1 0x0000000080005040 (0x01ae1037)
core   0: 0x0000000080005044 (0x3f90001b) addiw   zero, zero, 1017
core   0: 1 0x0000000080005044 (0x3f90001b)
core   0: 0x0000000080005048 (0x00e01013) slli    zero, zero, 14
core   0: 1 0x0000000080005048 (0x00e01013)
core   0: 0x000000008000504c (0x49a00013) li      zero, 1178
core   0: 1 0x000000008000504c (0x49a00013)
core   0: 0x0000000080005050 (0xc218f353) fcvt.wu.d t1, fa7
core   0: 1 0x0000000080005050 (0xc218f353) c1_fflags 0x0000000000000013 x6  0xffffffffffffffff
core   0: 0x0000000080005054 (0x03a8f353) fadd.d  ft6, fa7, fs10
core   0: 1 0x0000000080005054 (0x03a8f353) f6  0x7ff8000000000000
core   0: 0x0000000080005058 (0x00229673) csrrw   a2, frm, t0
core   0: 1 0x0000000080005058 (0x00229673) x12 0x0000000000000000 c2_frm 0x0000000000000001
core   0: 0x000000008000505c (0x01a81c1b) slliw   s8, a6, 26
core   0: 1 0x000000008000505c (0x01a81c1b) x24 0x0000000000000000
core   0: 0x0000000080005060 (0x02b58db3) mul     s11, a1, a1
core   0: 1 0x0000000080005060 (0x02b58db3) x27 0x9c5bd7b91ad1c6a9
core   0: 0x0000000080005064 (0x0025813b) addw    sp, a1, sp
core   0: 1 0x0000000080005064 (0x0025813b) x2  0xffffffffbd7b8b1a
core   0: 0x0000000080005068 (0x00000506) c.slli  a0, 1
core   0: 1 0x0000000080005068 (0x0506) x10 0x000000000000003e
core   0: 0x000000008000506a (0x0025163b) sllw    a2, a0, sp
core   0: 1 0x000000008000506a (0x0025163b) x12 0xfffffffff8000000
core   0: 0x000000008000506e (0xb3ef70cb) fnmsub.d ft1, ft10, ft10, fs6
core   0: 1 0x000000008000506e (0xb3ef70cb) f1  0x41809d0000000000
core   0: 0x0000000080005072 (0xd0217ad3) fcvt.s.l fs5, sp
core   0: 1 0x0000000080005072 (0xd0217ad3) c1_fflags 0x0000000000000013 f21 0xffffffffce8508e9
core   0: 0x0000000080005076 (0x0072123b) sllw    tp, tp, t2
core   0: 1 0x0000000080005076 (0x0072123b) x4  0x0000000000000000
core   0: 0x000000008000507a (0x00000001) c.nop
core   0: 1 0x000000008000507a (0x0001)
core   0: 0x000000008000507c (0x42c4d993) srai    s3, s1, 44
core   0: 1 0x000000008000507c (0x42c4d993) x19 0x0000000000000000
core   0: 0x0000000080005080 (0x029254bb) divuw   s1, tp, s1
core   0: 1 0x0000000080005080 (0x029254bb) x9  0x0000000000000000
core   0: 0x0000000080005084 (0xd6264e17) auipc   t3, 0xd6264
core   0: 1 0x0000000080005084 (0xd6264e17) x28 0x0000000056269084
core   0: 0x0000000080005088 (0xf114bc73) csrrc   s8, mvendorid, s1
core   0: exception trap_illegal_instruction, epc 0x0000000080005088
core   0:           tval 0x00000000f114bc73
core   0: >>>>  $xrv64i2p1_m2p0_a2p1_f2p2_d2p2_zicsr2p0_zifencei2p0_zmmul1p0_zba1p0_zbb1p0_zbc1p0_zbs1p0
core   0: 0x0000000080004000 (0x0080006f) j       pc + 0x8
core   0: 3 0x0000000080004000 (0x0080006f)
core   0: >>>>  mmode_exception_handler
core   0: 0x0000000080004008 (0x00002c17) auipc   s8, 0x2
core   0: 3 0x0000000080004008 (0x00002c17) x24 0x0000000080006008
core   0: 0x000000008000400c (0x00ec0c13) addi    s8, s8, 14
core   0: 3 0x000000008000400c (0x00ec0c13) x24 0x0000000080006016
core   0: 0x0000000080004010 (0x000c00e7) jalr    s8
core   0: 3 0x0000000080004010 (0x000c00e7) x1  0x0000000080004014
core   0: >>>>  any_handler
core   0: 0x0000000080006016 (0x341027f3) csrrs   a5, mepc, zero
core   0: 3 0x0000000080006016 (0x341027f3) x15 0x0000000080005088
core   0: 0x000000008000601a (0x34202773) csrrs   a4, mcause, zero
core   0: 3 0x000000008000601a (0x34202773) x14 0x0000000000000002
core   0: 0x000000008000601e (0x142026f3) csrrs   a3, scause, zero
core   0: 3 0x000000008000601e (0x142026f3) x13 0x0000000000000000
core   0: 0x0000000080006022 (0x30402673) csrrs   a2, mie, zero
core   0: 3 0x0000000080006022 (0x30402673) x12 0x0000000000000a00
core   0: 0x0000000080006026 (0x344025f3) csrrs   a1, mip, zero
core   0: 3 0x0000000080006026 (0x344025f3) x11 0x0000000000000080
core   0: 0x000000008000602a (0x343025f3) csrrs   a1, mtval, zero
core   0: 3 0x000000008000602a (0x343025f3) x11 0x00000000f114bc73
core   0: 0x000000008000602e (0x14302573) csrrs   a0, stval, zero
core   0: 3 0x000000008000602e (0x14302573) x10 0x000000000000001f
core   0: 0x0000000080006032 (0xb02024f3) csrrs   s1, minstret, zero
core   0: 3 0x0000000080006032 (0xb02024f3) x9  0x0000000000000d76
core   0: 0x0000000080006036 (0x0000a811) c.j     pc + 20
core   0: 3 0x0000000080006036 (0xa811)
core   0: >>>>  mepc_4
core   0: 0x000000008000604a (0x00000791) c.addi  a5, 4
core   0: 3 0x000000008000604a (0x0791) x15 0x000000008000508c
core   0: 0x000000008000604c (0x34179073) csrrw   zero, mepc, a5
core   0: 3 0x000000008000604c (0x34179073) c833_mepc 0x000000008000508c
core   0: 0x0000000080006050 (0x30200073) mret
core   0: 3 0x0000000080006050 (0x30200073) c768_mstatus 0x8000000a00106080
core   0: 0x000000008000508c (0xfdf5f413) andi    s0, a1, -33
core   0: 1 0x000000008000508c (0xfdf5f413) x8  0x00000000f114bc53
core   0: 0x0000000080005090 (0x0019971b) slliw   a4, s3, 1
core   0: 1 0x0000000080005090 (0x0019971b) x14 0x0000000000000000
core   0: 0x0000000080005094 (0x7ffe4a93) xori    s5, t3, 2047
core   0: 1 0x0000000080005094 (0x7ffe4a93) x21 0x000000005626977b
core   0: 0x0000000080005098 (0x00749c93) slli    s9, s1, 7
core   0: 1 0x0000000080005098 (0x00749c93) x25 0x000000000006bb00
core   0: 0x000000008000509c (0x143a56f3) csrrwi  a3, stval, 20
core   0: 1 0x000000008000509c (0x143a56f3) x13 0x000000000000001f c323_stval 0x0000000000000014
core   0: 0x00000000800050a0 (0x00c5ec33) or      s8, a1, a2
core   0: 1 0x00000000800050a0 (0x00c5ec33) x24 0x00000000f114be73
core   0: 0x00000000800050a4 (0xf155b7f3) csrrc   a5, mconfigptr, a1
core   0: exception trap_illegal_instruction, epc 0x00000000800050a4
core   0:           tval 0x00000000f155b7f3
core   0: >>>>  $xrv64i2p1_m2p0_a2p1_f2p2_d2p2_zicsr2p0_zifencei2p0_zmmul1p0_zba1p0_zbb1p0_zbc1p0_zbs1p0
core   0: 0x0000000080004000 (0x0080006f) j       pc + 0x8
core   0: 3 0x0000000080004000 (0x0080006f)
core   0: >>>>  mmode_exception_handler
core   0: 0x0000000080004008 (0x00002c17) auipc   s8, 0x2
core   0: 3 0x0000000080004008 (0x00002c17) x24 0x0000000080006008
core   0: 0x000000008000400c (0x00ec0c13) addi    s8, s8, 14
core   0: 3 0x000000008000400c (0x00ec0c13) x24 0x0000000080006016
core   0: 0x0000000080004010 (0x000c00e7) jalr    s8
core   0: 3 0x0000000080004010 (0x000c00e7) x1  0x0000000080004014
core   0: >>>>  any_handler
core   0: 0x0000000080006016 (0x341027f3) csrrs   a5, mepc, zero
core   0: 3 0x0000000080006016 (0x341027f3) x15 0x00000000800050a4
core   0: 0x000000008000601a (0x34202773) csrrs   a4, mcause, zero
core   0: 3 0x000000008000601a (0x34202773) x14 0x0000000000000002
core   0: 0x000000008000601e (0x142026f3) csrrs   a3, scause, zero
core   0: 3 0x000000008000601e (0x142026f3) x13 0x0000000000000000
core   0: 0x0000000080006022 (0x30402673) csrrs   a2, mie, zero
core   0: 3 0x0000000080006022 (0x30402673) x12 0x0000000000000a00
core   0: 0x0000000080006026 (0x344025f3) csrrs   a1, mip, zero
core   0: 3 0x0000000080006026 (0x344025f3) x11 0x0000000000000080
core   0: 0x000000008000602a (0x343025f3) csrrs   a1, mtval, zero
core   0: 3 0x000000008000602a (0x343025f3) x11 0x00000000f155b7f3
core   0: 0x000000008000602e (0x14302573) csrrs   a0, stval, zero
core   0: 3 0x000000008000602e (0x14302573) x10 0x0000000000000014
core   0: 0x0000000080006032 (0xb02024f3) csrrs   s1, minstret, zero
core   0: 3 0x0000000080006032 (0xb02024f3) x9  0x0000000000000d8c
core   0: 0x0000000080006036 (0x0000a811) c.j     pc + 20
core   0: 3 0x0000000080006036 (0xa811)
core   0: >>>>  mepc_4
core   0: 0x000000008000604a (0x00000791) c.addi  a5, 4
core   0: 3 0x000000008000604a (0x0791) x15 0x00000000800050a8
core   0: 0x000000008000604c (0x34179073) csrrw   zero, mepc, a5
core   0: 3 0x000000008000604c (0x34179073) c833_mepc 0x00000000800050a8
core   0: 0x0000000080006050 (0x30200073) mret
core   0: 3 0x0000000080006050 (0x30200073) c768_mstatus 0x8000000a00106080
core   0: 0x00000000800050a8 (0x00000001) c.nop
core   0: 1 0x00000000800050a8 (0x0001)
core   0: 0x00000000800050aa (0x02b282bb) mulw    t0, t0, a1
core   0: 1 0x00000000800050aa (0x02b282bb) x5  0xfffffffff155b7f3
core   0: 0x00000000800050ae (0x4547c413) xori    s0, a5, 1108
core   0: 1 0x00000000800050ae (0x4547c413) x8  0x00000000800054fc
core   0: 0x00000000800050b2 (0xd025f753) fcvt.s.l fa4, a1
core   0: 1 0x00000000800050b2 (0xd025f753) c1_fflags 0x0000000000000013 f14 0xffffffff4f7155b7
core   0: 0x00000000800050b6 (0x00a41c3b) sllw    s8, s0, a0
core   0: 1 0x00000000800050b6 (0x00a41c3b) x24 0x000000004fc00000
core   0: 0x00000000800050ba (0x00008916) c.mv    s2, t0
core   0: 1 0x00000000800050ba (0x8916) x18 0xfffffffff155b7f3
core   0: 0x00000000800050bc (0x42008053) fcvt.d.s ft0, ft1
core   0: 1 0x00000000800050bc (0x42008053) f0  0x7ff8000000000000
core   0: 0x00000000800050c0 (0x0085c6b3) xor     a3, a1, s0
core   0: 1 0x00000000800050c0 (0x0085c6b3) x13 0x000000007155e30f
core   0: 0x00000000800050c4 (0xc210fa53) fcvt.wu.d s4, ft1
core   0: 1 0x00000000800050c4 (0xc210fa53) x20 0x000000000213a000
core   0: 0x00000000800050c8 (0x0006d213) srli    tp, a3, 0
core   0: 1 0x00000000800050c8 (0x0006d213) x4  0x000000007155e30f
core   0: 0x00000000800050cc (0x0014d993) srli    s3, s1, 1
core   0: 1 0x00000000800050cc (0x0014d993) x19 0x00000000000006c6
core   0: 0x00000000800050d0 (0x1bd67f53) fdiv.d  ft10, fa2, ft9
core   0: 1 0x00000000800050d0 (0x1bd67f53) f30 0x7ff8000000000000
core   0: 0x00000000800050d4 (0x401ed613) srai    a2, t4, 1
core   0: 1 0x00000000800050d4 (0x401ed613) x12 0xffffffffffffffff
core   0: 0x00000000800050d8 (0x401f7553) fcvt.s.d fa0, ft10
core   0: 1 0x00000000800050d8 (0x401f7553) f10 0xffffffff7fc00000
core   0: 0x00000000800050dc (0xfff04813) not     a6, zero
core   0: 1 0x00000000800050dc (0xfff04813) x16 0xffffffffffffffff
core   0: 0x00000000800050e0 (0x4108023b) subw    tp, a6, a6
core   0: 1 0x00000000800050e0 (0x4108023b) x4  0x0000000000000000
core   0: 0x00000000800050e4 (0x03737bb3) remu    s7, t1, s7
core   0: 1 0x00000000800050e4 (0x03737bb3) x23 0xffffffffffffffff
core   0: 0x00000000800050e8 (0x01fe921b) slliw   tp, t4, 31
core   0: 1 0x00000000800050e8 (0x01fe921b) x4  0xffffffff80000000
core   0: 0x00000000800050ec (0x00008a12) c.mv    s4, tp
core   0: 1 0x00000000800050ec (0x8a12) x20 0xffffffff80000000
core   0: 0x00000000800050ee (0x402d0b3b) subw    s6, s10, sp
core   0: 1 0x00000000800050ee (0x402d0b3b) x22 0x00000000428474e6
core   0: 0x00000000800050f2 (0x2a661353) fmax.d  ft6, fa2, ft6
core   0: 1 0x00000000800050f2 (0x2a661353) f6  0x7ff8000000000000
core   0: 0x00000000800050f6 (0x0010861b) addiw   a2, ra, 1
core   0: 1 0x00000000800050f6 (0x0010861b) x12 0xffffffff80004015
core   0: 0x00000000800050fa (0x9709ca17) auipc   s4, 0x9709c
core   0: 1 0x00000000800050fa (0x9709ca17) x20 0x00000000170a10fa
core   0: 0x00000000800050fe (0x32005cf3) csrrwi  s9, mcountinhibit, 0
core   0: exception trap_illegal_instruction, epc 0x00000000800050fe
core   0:           tval 0x0000000032005cf3
core   0: >>>>  $xrv64i2p1_m2p0_a2p1_f2p2_d2p2_zicsr2p0_zifencei2p0_zmmul1p0_zba1p0_zbb1p0_zbc1p0_zbs1p0
core   0: 0x0000000080004000 (0x0080006f) j       pc + 0x8
core   0: 3 0x0000000080004000 (0x0080006f)
core   0: >>>>  mmode_exception_handler
core   0: 0x0000000080004008 (0x00002c17) auipc   s8, 0x2
core   0: 3 0x0000000080004008 (0x00002c17) x24 0x0000000080006008
core   0: 0x000000008000400c (0x00ec0c13) addi    s8, s8, 14
core   0: 3 0x000000008000400c (0x00ec0c13) x24 0x0000000080006016
core   0: 0x0000000080004010 (0x000c00e7) jalr    s8
core   0: 3 0x0000000080004010 (0x000c00e7) x1  0x0000000080004014
core   0: >>>>  any_handler
core   0: 0x0000000080006016 (0x341027f3) csrrs   a5, mepc, zero
core   0: 3 0x0000000080006016 (0x341027f3) x15 0x00000000800050fe
core   0: 0x000000008000601a (0x34202773) csrrs   a4, mcause, zero
core   0: 3 0x000000008000601a (0x34202773) x14 0x0000000000000002
core   0: 0x000000008000601e (0x142026f3) csrrs   a3, scause, zero
core   0: 3 0x000000008000601e (0x142026f3) x13 0x0000000000000000
core   0: 0x0000000080006022 (0x30402673) csrrs   a2, mie, zero
core   0: 3 0x0000000080006022 (0x30402673) x12 0x0000000000000a00
core   0: 0x0000000080006026 (0x344025f3) csrrs   a1, mip, zero
core   0: 3 0x0000000080006026 (0x344025f3) x11 0x0000000000000080
core   0: 0x000000008000602a (0x343025f3) csrrs   a1, mtval, zero
core   0: 3 0x000000008000602a (0x343025f3) x11 0x0000000032005cf3
core   0: 0x000000008000602e (0x14302573) csrrs   a0, stval, zero
core   0: 3 0x000000008000602e (0x14302573) x10 0x0000000000000014
core   0: 0x0000000080006032 (0xb02024f3) csrrs   s1, minstret, zero
core   0: 3 0x0000000080006032 (0xb02024f3) x9  0x0000000000000db3
core   0: 0x0000000080006036 (0x0000a811) c.j     pc + 20
core   0: 3 0x0000000080006036 (0xa811)
core   0: >>>>  mepc_4
core   0: 0x000000008000604a (0x00000791) c.addi  a5, 4
core   0: 3 0x000000008000604a (0x0791) x15 0x0000000080005102
core   0: 0x000000008000604c (0x34179073) csrrw   zero, mepc, a5
core   0: 3 0x000000008000604c (0x34179073) c833_mepc 0x0000000080005102
core   0: 0x0000000080006050 (0x30200073) mret
core   0: 3 0x0000000080006050 (0x30200073) c768_mstatus 0x8000000a00106080
core   0: 0x0000000080005102 (0xf2c8ff47) fmsub.d ft10, fa7, fa2, ft10
core   0: 1 0x0000000080005102 (0xf2c8ff47) f30 0x7ff8000000000000
core   0: 0x0000000080005106 (0x010a6e33) or      t3, s4, a6
core   0: 1 0x0000000080005106 (0x010a6e33) x28 0xffffffffffffffff
core   0: 0x000000008000510a (0x00dd9793) slli    a5, s11, 13
core   0: 1 0x000000008000510a (0x00dd9793) x15 0x7af7235a38d52000
core   0: 0x000000008000510e (0x414ddbb3) sra     s7, s11, s4
core   0: 1 0x000000008000510e (0x414ddbb3) x23 0xffffffffffffffe7
core   0: 0x0000000080005112 (0x8007831b) addiw   t1, a5, -2048
core   0: 1 0x0000000080005112 (0x8007831b) x6  0x0000000038d51800
core   0: 0x0000000080005116 (0x236b11d3) fsgnjn.d ft3, fs6, fs6
core   0: 1 0x0000000080005116 (0x236b11d3) f3  0xc1809d0000000000
core   0: 0x000000008000511a (0xc218f2d3) fcvt.wu.d t0, fa7
core   0: 1 0x000000008000511a (0xc218f2d3) c1_fflags 0x0000000000000013 x5  0xffffffffffffffff
core   0: 0x000000008000511e (0x340dedf3) csrrsi  s11, mscratch, 27
core   0: exception trap_illegal_instruction, epc 0x000000008000511e
core   0:           tval 0x00000000340dedf3
core   0: >>>>  $xrv64i2p1_m2p0_a2p1_f2p2_d2p2_zicsr2p0_zifencei2p0_zmmul1p0_zba1p0_zbb1p0_zbc1p0_zbs1p0
core   0: 0x0000000080004000 (0x0080006f) j       pc + 0x8
core   0: 3 0x0000000080004000 (0x0080006f)
core   0: >>>>  mmode_exception_handler
core   0: 0x0000000080004008 (0x00002c17) auipc   s8, 0x2
core   0: 3 0x0000000080004008 (0x00002c17) x24 0x0000000080006008
core   0: 0x000000008000400c (0x00ec0c13) addi    s8, s8, 14
core   0: 3 0x000000008000400c (0x00ec0c13) x24 0x0000000080006016
core   0: 0x0000000080004010 (0x000c00e7) jalr    s8
core   0: 3 0x0000000080004010 (0x000c00e7) x1  0x0000000080004014
core   0: >>>>  any_handler
core   0: 0x0000000080006016 (0x341027f3) csrrs   a5, mepc, zero
core   0: 3 0x0000000080006016 (0x341027f3) x15 0x000000008000511e
core   0: 0x000000008000601a (0x34202773) csrrs   a4, mcause, zero
core   0: 3 0x000000008000601a (0x34202773) x14 0x0000000000000002
core   0: 0x000000008000601e (0x142026f3) csrrs   a3, scause, zero
core   0: 3 0x000000008000601e (0x142026f3) x13 0x0000000000000000
core   0: 0x0000000080006022 (0x30402673) csrrs   a2, mie, zero
core   0: 3 0x0000000080006022 (0x30402673) x12 0x0000000000000a00
core   0: 0x0000000080006026 (0x344025f3) csrrs   a1, mip, zero
core   0: 3 0x0000000080006026 (0x344025f3) x11 0x0000000000000080
core   0: 0x000000008000602a (0x343025f3) csrrs   a1, mtval, zero
core   0: 3 0x000000008000602a (0x343025f3) x11 0x00000000340dedf3
core   0: 0x000000008000602e (0x14302573) csrrs   a0, stval, zero
core   0: 3 0x000000008000602e (0x14302573) x10 0x0000000000000014
core   0: 0x0000000080006032 (0xb02024f3) csrrs   s1, minstret, zero
core   0: 3 0x0000000080006032 (0xb02024f3) x9  0x0000000000000dca
core   0: 0x0000000080006036 (0x0000a811) c.j     pc + 20
core   0: 3 0x0000000080006036 (0xa811)
core   0: >>>>  mepc_4
core   0: 0x000000008000604a (0x00000791) c.addi  a5, 4
core   0: 3 0x000000008000604a (0x0791) x15 0x0000000080005122
core   0: 0x000000008000604c (0x34179073) csrrw   zero, mepc, a5
core   0: 3 0x000000008000604c (0x34179073) c833_mepc 0x0000000080005122
core   0: 0x0000000080006050 (0x30200073) mret
core   0: 3 0x0000000080006050 (0x30200073) c768_mstatus 0x8000000a00106080
core   0: 0x0000000080005122 (0xc03576d3) fcvt.lu.s a3, fa0
core   0: 1 0x0000000080005122 (0xc03576d3) c1_fflags 0x0000000000000013 x13 0xffffffffffffffff
core   0: 0x0000000080005126 (0x02d95b33) divu    s6, s2, a3
core   0: 1 0x0000000080005126 (0x02d95b33) x22 0x0000000000000000
core   0: 0x000000008000512a (0xd2068e53) fcvt.d.w ft8, a3
core   0: 1 0x000000008000512a (0xd2068e53) f28 0xbff0000000000000
core   0: 0x000000008000512e (0x5a0b7ed3) fsqrt.d ft9, fs6
core   0: 1 0x000000008000512e (0x5a0b7ed3) c1_fflags 0x0000000000000013 f29 0x40b70e9732b87fb3
core   0: 0x0000000080005132 (0x6f1acc93) xori    s9, s5, 1777
core   0: 1 0x0000000080005132 (0x6f1acc93) x25 0x000000005626918a
core   0: 0x0000000080005136 (0x01a65db3) srl     s11, a2, s10
core   0: 1 0x0000000080005136 (0x01a65db3) x27 0x0000000000000a00
core   0: 0x000000008000513a (0x019bd41b) srliw   s0, s7, 25
core   0: 1 0x000000008000513a (0x019bd41b) x8  0x000000000000007f
core   0: 0x000000008000513e (0x02c8c4bb) divw    s1, a7, a2
core   0: 1 0x000000008000513e (0x02c8c4bb) x9  0x0000000000000000
core   0: 0x0000000080005142 (0x03797553) fadd.d  fa0, fs2, fs7
core   0: 1 0x0000000080005142 (0x03797553) f10 0x7ff8000000000000
core   0: 0x0000000080005146 (0xd20a8953) fcvt.d.w fs2, s5
core   0: 1 0x0000000080005146 (0xd20a8953) f18 0x41d589a5dec00000
core   0: 0x000000008000514a (0x403d81bb) subw    gp, s11, gp
core   0: 1 0x000000008000514a (0x403d81bb) x3  0x0000000000000a01
core   0: 0x000000008000514e (0x3918ba17) auipc   s4, 0x3918b
core   0: 1 0x000000008000514e (0x3918ba17) x20 0x00000000b919014e
core   0: 0x0000000080005152 (0x00a090bb) sllw    ra, ra, a0
core   0: 1 0x0000000080005152 (0x00a090bb) x1  0x0000000001400000
core   0: 0x0000000080005156 (0x22830453) fsgnj.d fs0, ft6, fs0
core   0: 1 0x0000000080005156 (0x22830453) f8  0x7ff8000000000000
core   0: 0x000000008000515a (0x0aa975d3) fsub.d  fa1, fs2, fa0
core   0: 1 0x000000008000515a (0x0aa975d3) f11 0x7ff8000000000000
core   0: 0x000000008000515e (0x01ad4eb3) xor     t4, s10, s10
core   0: 1 0x000000008000515e (0x01ad4eb3) x29 0x0000000000000000
core   0: 0x0000000080005162 (0x02a51d33) mulh    s10, a0, a0
core   0: 1 0x0000000080005162 (0x02a51d33) x26 0x0000000000000000
core   0: 0x0000000080005166 (0x022d77b3) remu    a5, s10, sp
core   0: 1 0x0000000080005166 (0x022d77b3) x15 0x0000000000000000
core   0: 0x000000008000516a (0x01a7f733) and     a4, a5, s10
core   0: 1 0x000000008000516a (0x01a7f733) x14 0x0000000000000000
core   0: 0x000000008000516e (0x03fe9913) slli    s2, t4, 63
core   0: 1 0x000000008000516e (0x03fe9913) x18 0x0000000000000000
core   0: 0x0000000080005172 (0x02cc4c3b) divw    s8, s8, a2
core   0: 1 0x0000000080005172 (0x02cc4c3b) x24 0xfffffffffff3333d
core   0: 0x0000000080005176 (0x4084833b) subw    t1, s1, s0
core   0: 1 0x0000000080005176 (0x4084833b) x6  0xffffffffffffff81
core   0: 0x000000008000517a (0x03947d3b) remuw   s10, s0, s9
core   0: 1 0x000000008000517a (0x03947d3b) x26 0x000000000000007f
core   0: 0x000000008000517e (0x5b137393) andi    t2, t1, 1457
core   0: 1 0x000000008000517e (0x5b137393) x7  0x0000000000000581
core   0: 0x0000000080005182 (0x01deaeb3) slt     t4, t4, t4
core   0: 1 0x0000000080005182 (0x01deaeb3) x29 0x0000000000000000
core   0: 0x0000000080005186 (0x0155a5b3) slt     a1, a1, s5
core   0: 1 0x0000000080005186 (0x0155a5b3) x11 0x0000000000000001
core   0: 0x000000008000518a (0x4015f853) fcvt.s.d fa6, fa1
core   0: 1 0x000000008000518a (0x4015f853) f16 0xffffffff7fc00000
core   0: 0x000000008000518e (0xf11397f3) csrrw   a5, mvendorid, t2
core   0: exception trap_illegal_instruction, epc 0x000000008000518e
core   0:           tval 0x00000000f11397f3
core   0: >>>>  $xrv64i2p1_m2p0_a2p1_f2p2_d2p2_zicsr2p0_zifencei2p0_zmmul1p0_zba1p0_zbb1p0_zbc1p0_zbs1p0
core   0: 0x0000000080004000 (0x0080006f) j       pc + 0x8
core   0: 3 0x0000000080004000 (0x0080006f)
core   0: >>>>  mmode_exception_handler
core   0: 0x0000000080004008 (0x00002c17) auipc   s8, 0x2
core   0: 3 0x0000000080004008 (0x00002c17) x24 0x0000000080006008
core   0: 0x000000008000400c (0x00ec0c13) addi    s8, s8, 14
core   0: 3 0x000000008000400c (0x00ec0c13) x24 0x0000000080006016
core   0: 0x0000000080004010 (0x000c00e7) jalr    s8
core   0: 3 0x0000000080004010 (0x000c00e7) x1  0x0000000080004014
core   0: >>>>  any_handler
core   0: 0x0000000080006016 (0x341027f3) csrrs   a5, mepc, zero
core   0: 3 0x0000000080006016 (0x341027f3) x15 0x000000008000518e
core   0: 0x000000008000601a (0x34202773) csrrs   a4, mcause, zero
core   0: 3 0x000000008000601a (0x34202773) x14 0x0000000000000002
core   0: 0x000000008000601e (0x142026f3) csrrs   a3, scause, zero
core   0: 3 0x000000008000601e (0x142026f3) x13 0x0000000000000000
core   0: 0x0000000080006022 (0x30402673) csrrs   a2, mie, zero
core   0: 3 0x0000000080006022 (0x30402673) x12 0x0000000000000a00
core   0: 0x0000000080006026 (0x344025f3) csrrs   a1, mip, zero
core   0: 3 0x0000000080006026 (0x344025f3) x11 0x0000000000000080
core   0: 0x000000008000602a (0x343025f3) csrrs   a1, mtval, zero
core   0: 3 0x000000008000602a (0x343025f3) x11 0x00000000f11397f3
core   0: 0x000000008000602e (0x14302573) csrrs   a0, stval, zero
core   0: 3 0x000000008000602e (0x14302573) x10 0x0000000000000014
core   0: 0x0000000080006032 (0xb02024f3) csrrs   s1, minstret, zero
core   0: 3 0x0000000080006032 (0xb02024f3) x9  0x0000000000000df5
core   0: 0x0000000080006036 (0x0000a811) c.j     pc + 20
core   0: 3 0x0000000080006036 (0xa811)
core   0: >>>>  mepc_4
core   0: 0x000000008000604a (0x00000791) c.addi  a5, 4
core   0: 3 0x000000008000604a (0x0791) x15 0x0000000080005192
core   0: 0x000000008000604c (0x34179073) csrrw   zero, mepc, a5
core   0: 3 0x000000008000604c (0x34179073) c833_mepc 0x0000000080005192
core   0: 0x0000000080006050 (0x30200073) mret
core   0: 3 0x0000000080006050 (0x30200073) c768_mstatus 0x8000000a00106080
core   0: 0x0000000080005192 (0x00fedbbb) srlw    s7, t4, a5
core   0: 1 0x0000000080005192 (0x00fedbbb) x23 0x0000000000000000
core   0: 0x0000000080005196 (0x002023f3) csrrs   t2, frm, zero
core   0: 1 0x0000000080005196 (0x002023f3) x7  0x0000000000000001
core   0: 0x000000008000519a (0xff3d0d37) lui     s10, 0xff3d0
core   0: 1 0x000000008000519a (0xff3d0d37) x26 0xffffffffff3d0000
core   0: 0x000000008000519e (0xee1d0d1b) addiw   s10, s10, -287
core   0: 1 0x000000008000519e (0xee1d0d1b) x26 0xffffffffff3cfee1
core   0: 0x00000000800051a2 (0x00000d3e) c.slli  s10, 15
core   0: 1 0x00000000800051a2 (0x0d3e) x26 0xffffff9e7f708000
core   0: 0x00000000800051a4 (0x909d0d13) addi    s10, s10, -1783
core   0: 1 0x00000000800051a4 (0x909d0d13) x26 0xffffff9e7f707909
core   0: 0x00000000800051a8 (0x039cf433) remu    s0, s9, s9
core   0: 1 0x00000000800051a8 (0x039cf433) x8  0x0000000000000000
core   0: 0x00000000800051ac (0x420c0b53) fcvt.d.s fs6, fs8
core   0: 1 0x00000000800051ac (0x420c0b53) f22 0x7ff8000000000000
core   0: 0x00000000800051b0 (0x02216633) rem     a2, sp, sp
core   0: 1 0x00000000800051b0 (0x02216633) x12 0x0000000000000000
core   0: 0x00000000800051b4 (0x00f814bb) sllw    s1, a6, a5
core   0: 1 0x00000000800051b4 (0x00f814bb) x9  0xfffffffffffc0000
core   0: 0x00000000800051b8 (0x02064d33) div     s10, a2, zero
core   0: 1 0x00000000800051b8 (0x02064d33) x26 0xffffffffffffffff
core   0: 0x00000000800051bc (0x02a77753) fadd.d  fa4, fa4, fa0
core   0: 1 0x00000000800051bc (0x02a77753) f14 0x7ff8000000000000
core   0: 0x00000000800051c0 (0x2aec93d3) fmax.d  ft7, fs9, fa4
core   0: 1 0x00000000800051c0 (0x2aec93d3) f7  0x7ff8000000000000
core   0: 0x00000000800051c4 (0x014a9713) slli    a4, s5, 20
core   0: 1 0x00000000800051c4 (0x014a9713) x14 0x0005626977b00000
core   0: 0x00000000800051c8 (0x82f7f7c7) fmsub.d fa5, fa5, fa5, fa6
core   0: 1 0x00000000800051c8 (0x82f7f7c7) f15 0x7ff8000000000000
core   0: 0x00000000800051cc (0x01571abb) sllw    s5, a4, s5
core   0: 1 0x00000000800051cc (0x01571abb) x21 0x0000000000000000
core   0: 0x00000000800051d0 (0xb4d74693) xori    a3, a4, -1203
core   0: 1 0x00000000800051d0 (0xb4d74693) x13 0xfffa9d96884ffb4d
core   0: 0x00000000800051d4 (0x00000001) c.nop
core   0: 1 0x00000000800051d4 (0x0001)
core   0: 0x00000000800051d6 (0x40d9873b) subw    a4, s3, a3
core   0: 1 0x00000000800051d6 (0x40d9873b) x14 0x0000000077b00b79
core   0: 0x00000000800051da (0x020bd1bb) divuw   gp, s7, zero
core   0: 1 0x00000000800051da (0x020bd1bb) x3  0xffffffffffffffff
core   0: 0x00000000800051de (0x0000965a) c.add   a2, s6
core   0: 1 0x00000000800051de (0x965a) x12 0x0000000000000000
core   0: 0x00000000800051e0 (0x03c2bd33) mulhu   s10, t0, t3
core   0: 1 0x00000000800051e0 (0x03c2bd33) x26 0xfffffffffffffffe
core   0: 0x00000000800051e4 (0x1311fb53) fmul.d  fs6, ft3, fa7
core   0: 1 0x00000000800051e4 (0x1311fb53) f22 0x7ff8000000000000
core   0: 0x00000000800051e8 (0x035649bb) divw    s3, a2, s5
core   0: 1 0x00000000800051e8 (0x035649bb) x19 0xffffffffffffffff
core   0: 0x00000000800051ec (0x05f7e337) lui     t1, 0x5f7e
core   0: 1 0x00000000800051ec (0x05f7e337) x6  0x0000000005f7e000
core   0: 0x00000000800051f0 (0x4893031b) addiw   t1, t1, 1161
core   0: 1 0x00000000800051f0 (0x4893031b) x6  0x0000000005f7e489
core   0: 0x00000000800051f4 (0x00000332) c.slli  t1, 12
core   0: 1 0x00000000800051f4 (0x0332) x6  0x0000005f7e489000
core   0: 0x00000000800051f6 (0x2dc30313) addi    t1, t1, 732
core   0: 1 0x00000000800051f6 (0x2dc30313) x6  0x0000005f7e4892dc
core   0: 0x00000000800051fa (0xd0d3e613) ori     a2, t2, -755
core   0: 1 0x00000000800051fa (0xd0d3e613) x12 0xfffffffffffffd0d
core   0: 0x00000000800051fe (0xd2000c53) fcvt.d.w fs8, zero
core   0: 1 0x00000000800051fe (0xd2000c53) f24 0x0000000000000000
core   0: 0x0000000080005202 (0x0320de13) srli    t3, ra, 50
core   0: 1 0x0000000080005202 (0x0320de13) x28 0x0000000000000000
core   0: 0x0000000080005206 (0x01ce89bb) addw    s3, t4, t3
core   0: 1 0x0000000080005206 (0x01ce89bb) x19 0x0000000000000000
core   0: 0x000000008000520a (0x014e51b3) srl     gp, t3, s4
core   0: 1 0x000000008000520a (0x014e51b3) x3  0x0000000000000000
core   0: 0x000000008000520e (0x403a5bbb) sraw    s7, s4, gp
core   0: 1 0x000000008000520e (0x403a5bbb) x23 0xffffffffb919014e
core   0: 0x0000000080005212 (0xc01fec73) csrrsi  s8, time, 31
core   0: exception trap_illegal_instruction, epc 0x0000000080005212
core   0:           tval 0x00000000c01fec73
core   0: >>>>  $xrv64i2p1_m2p0_a2p1_f2p2_d2p2_zicsr2p0_zifencei2p0_zmmul1p0_zba1p0_zbb1p0_zbc1p0_zbs1p0
core   0: 0x0000000080004000 (0x0080006f) j       pc + 0x8
core   0: 3 0x0000000080004000 (0x0080006f)
core   0: >>>>  mmode_exception_handler
core   0: 0x0000000080004008 (0x00002c17) auipc   s8, 0x2
core   0: 3 0x0000000080004008 (0x00002c17) x24 0x0000000080006008
core   0: 0x000000008000400c (0x00ec0c13) addi    s8, s8, 14
core   0: 3 0x000000008000400c (0x00ec0c13) x24 0x0000000080006016
core   0: 0x0000000080004010 (0x000c00e7) jalr    s8
core   0: 3 0x0000000080004010 (0x000c00e7) x1  0x0000000080004014
core   0: >>>>  any_handler
core   0: 0x0000000080006016 (0x341027f3) csrrs   a5, mepc, zero
core   0: 3 0x0000000080006016 (0x341027f3) x15 0x0000000080005212
core   0: 0x000000008000601a (0x34202773) csrrs   a4, mcause, zero
core   0: 3 0x000000008000601a (0x34202773) x14 0x0000000000000002
core   0: 0x000000008000601e (0x142026f3) csrrs   a3, scause, zero
core   0: 3 0x000000008000601e (0x142026f3) x13 0x0000000000000000
core   0: 0x0000000080006022 (0x30402673) csrrs   a2, mie, zero
core   0: 3 0x0000000080006022 (0x30402673) x12 0x0000000000000a00
core   0: 0x0000000080006026 (0x344025f3) csrrs   a1, mip, zero
core   0: 3 0x0000000080006026 (0x344025f3) x11 0x0000000000000080
core   0: 0x000000008000602a (0x343025f3) csrrs   a1, mtval, zero
core   0: 3 0x000000008000602a (0x343025f3) x11 0x00000000c01fec73
core   0: 0x000000008000602e (0x14302573) csrrs   a0, stval, zero
core   0: 3 0x000000008000602e (0x14302573) x10 0x0000000000000014
core   0: 0x0000000080006032 (0xb02024f3) csrrs   s1, minstret, zero
core   0: 3 0x0000000080006032 (0xb02024f3) x9  0x0000000000000e27
core   0: 0x0000000080006036 (0x0000a811) c.j     pc + 20
core   0: 3 0x0000000080006036 (0xa811)
core   0: >>>>  mepc_4
core   0: 0x000000008000604a (0x00000791) c.addi  a5, 4
core   0: 3 0x000000008000604a (0x0791) x15 0x0000000080005216
core   0: 0x000000008000604c (0x34179073) csrrw   zero, mepc, a5
core   0: 3 0x000000008000604c (0x34179073) c833_mepc 0x0000000080005216
core   0: 0x0000000080006050 (0x30200073) mret
core   0: 3 0x0000000080006050 (0x30200073) c768_mstatus 0x8000000a00106080
core   0: 0x0000000080005216 (0xfca0c9b7) lui     s3, 0xfca0c
core   0: 1 0x0000000080005216 (0xfca0c9b7) x19 0xfffffffffca0c000
core   0: 0x000000008000521a (0xae99899b) addiw   s3, s3, -1303
core   0: 1 0x000000008000521a (0xae99899b) x19 0xfffffffffca0bae9
core   0: 0x000000008000521e (0x000009b2) c.slli  s3, 12
core   0: 1 0x000000008000521e (0x09b2) x19 0xffffffca0bae9000
core   0: 0x0000000080005220 (0x000019bd) c.addi  s3, -17
core   0: 1 0x0000000080005220 (0x19bd) x19 0xffffffca0bae8fef
core   0: 0x0000000080005222 (0x018db033) sltu    zero, s11, s8
core   0: 1 0x0000000080005222 (0x018db033)
core   0: 0x0000000080005226 (0xd229f453) fcvt.d.l fs0, s3
core   0: 1 0x0000000080005226 (0xd229f453) f8  0xc24afa28b8088000
core   0: 0x000000008000522a (0x00e9f1b3) and     gp, s3, a4
core   0: 1 0x000000008000522a (0x00e9f1b3) x3  0x0000000000000002
core   0: 0x000000008000522e (0x00211b73) csrrw   s6, frm, sp
core   0: 1 0x000000008000522e (0x00211b73) x22 0x0000000000000001 c2_frm 0x0000000000000002
core   0: 0x0000000080005232 (0x001995f3) csrrw   a1, fflags, s3
core   0: 1 0x0000000080005232 (0x001995f3) x11 0x0000000000000013 c1_fflags 0x000000000000000f
core   0: 0x0000000080005236 (0xcaf30c9b) addiw   s9, t1, -849
core   0: 1 0x0000000080005236 (0xcaf30c9b) x25 0x000000007e488f8b
core   0: 0x000000008000523a (0x239f2153) fsgnjx.d ft2, ft10, fs9
core   0: 1 0x000000008000523a (0x239f2153) f2  0x7ff8000000000000
core   0: 0x000000008000523e (0x0ff0000f) fence   iorw,iorw
core   0: 1 0x000000008000523e (0x0ff0000f)
core   0: 0x0000000080005242 (0x404759bb) sraw    s3, a4, tp
core   0: 1 0x0000000080005242 (0x404759bb) x19 0x0000000000000002
core   0: 0x0000000080005246 (0xd0367f53) fcvt.s.lu ft10, a2
core   0: 1 0x0000000080005246 (0xd0367f53) f30 0xffffffff45200000
core   0: 0x000000008000524a (0x009e14bb) sllw    s1, t3, s1
core   0: 1 0x000000008000524a (0x009e14bb) x9  0x0000000000000000
core   0: 0x000000008000524e (0x310ff573) csrrci  a0, mstatush, 31
core   0: exception trap_illegal_instruction, epc 0x000000008000524e
core   0:           tval 0x00000000310ff573
core   0: >>>>  $xrv64i2p1_m2p0_a2p1_f2p2_d2p2_zicsr2p0_zifencei2p0_zmmul1p0_zba1p0_zbb1p0_zbc1p0_zbs1p0
core   0: 0x0000000080004000 (0x0080006f) j       pc + 0x8
core   0: 3 0x0000000080004000 (0x0080006f)
core   0: >>>>  mmode_exception_handler
core   0: 0x0000000080004008 (0x00002c17) auipc   s8, 0x2
core   0: 3 0x0000000080004008 (0x00002c17) x24 0x0000000080006008
core   0: 0x000000008000400c (0x00ec0c13) addi    s8, s8, 14
core   0: 3 0x000000008000400c (0x00ec0c13) x24 0x0000000080006016
core   0: 0x0000000080004010 (0x000c00e7) jalr    s8
core   0: 3 0x0000000080004010 (0x000c00e7) x1  0x0000000080004014
core   0: >>>>  any_handler
core   0: 0x0000000080006016 (0x341027f3) csrrs   a5, mepc, zero
core   0: 3 0x0000000080006016 (0x341027f3) x15 0x000000008000524e
core   0: 0x000000008000601a (0x34202773) csrrs   a4, mcause, zero
core   0: 3 0x000000008000601a (0x34202773) x14 0x0000000000000002
core   0: 0x000000008000601e (0x142026f3) csrrs   a3, scause, zero
core   0: 3 0x000000008000601e (0x142026f3) x13 0x0000000000000000
core   0: 0x0000000080006022 (0x30402673) csrrs   a2, mie, zero
core   0: 3 0x0000000080006022 (0x30402673) x12 0x0000000000000a00
core   0: 0x0000000080006026 (0x344025f3) csrrs   a1, mip, zero
core   0: 3 0x0000000080006026 (0x344025f3) x11 0x0000000000000080
core   0: 0x000000008000602a (0x343025f3) csrrs   a1, mtval, zero
core   0: 3 0x000000008000602a (0x343025f3) x11 0x00000000310ff573
core   0: 0x000000008000602e (0x14302573) csrrs   a0, stval, zero
core   0: 3 0x000000008000602e (0x14302573) x10 0x0000000000000014
core   0: 0x0000000080006032 (0xb02024f3) csrrs   s1, minstret, zero
core   0: 3 0x0000000080006032 (0xb02024f3) x9  0x0000000000000e46
core   0: 0x0000000080006036 (0x0000a811) c.j     pc + 20
core   0: 3 0x0000000080006036 (0xa811)
core   0: >>>>  mepc_4
core   0: 0x000000008000604a (0x00000791) c.addi  a5, 4
core   0: 3 0x000000008000604a (0x0791) x15 0x0000000080005252
core   0: 0x000000008000604c (0x34179073) csrrw   zero, mepc, a5
core   0: 3 0x000000008000604c (0x34179073) c833_mepc 0x0000000080005252
core   0: 0x0000000080006050 (0x30200073) mret
core   0: 3 0x0000000080006050 (0x30200073) c768_mstatus 0x8000000a00106080
core   0: 0x0000000080005252 (0xa22b00d3) fle.d   ra, fs6, ft2
core   0: 1 0x0000000080005252 (0xa22b00d3) c1_fflags 0x000000000000001f x1  0x0000000000000000
core   0: 0x0000000080005256 (0x2a8713d3) fmax.d  ft7, fa4, fs0
core   0: 1 0x0000000080005256 (0x2a8713d3) f7  0xc24afa28b8088000
core   0: 0x000000008000525a (0x4013fd53) fcvt.s.d fs10, ft7
core   0: 1 0x000000008000525a (0x4013fd53) c1_fflags 0x000000000000001f f26 0xffffffffd257d146
core   0: 0x000000008000525e (0x02c0debb) divuw   t4, ra, a2
core   0: 1 0x000000008000525e (0x02c0debb) x29 0x0000000000000000
core   0: 0x0000000080005262 (0x5a06f253) fsqrt.d ft4, fa3
core   0: 1 0x0000000080005262 (0x5a06f253) c1_fflags 0x000000000000001f f4  0x40e5adf29f948cfa
core   0: 0x0000000080005266 (0x7a60e113) ori     sp, ra, 1958
core   0: 1 0x0000000080005266 (0x7a60e113) x2  0x00000000000007a6
core   0: 0x000000008000526a (0x02a53733) mulhu   a4, a0, a0
core   0: 1 0x000000008000526a (0x02a53733) x14 0x0000000000000000
core   0: 0x000000008000526e (0x22c39cd3) fsgnjn.d fs9, ft7, fa2
core   0: 1 0x000000008000526e (0x22c39cd3) f25 0x424afa28b8088000
core   0: 0x0000000080005272 (0x23d489d3) fsgnj.d fs3, fs1, ft9
core   0: 1 0x0000000080005272 (0x23d489d3) f19 0x7ff8000000000000
core   0: 0x0000000080005276 (0x00275d33) srl     s10, a4, sp
core   0: 1 0x0000000080005276 (0x00275d33) x26 0x0000000000000000
core   0: 0x000000008000527a (0x017bdbb3) srl     s7, s7, s7
core   0: 1 0x000000008000527a (0x017bdbb3) x23 0x0003fffffffee464
core   0: 0x000000008000527e (0x2bb40453) fmin.d  fs0, fs0, fs11
core   0: 1 0x000000008000527e (0x2bb40453) f8  0xc24afa28b8088000
core   0: 0x0000000080005282 (0x02fbd813) srli    a6, s7, 47
core   0: 1 0x0000000080005282 (0x02fbd813) x16 0x0000000000000007
core   0: 0x0000000080005286 (0x001191f3) csrrw   gp, fflags, gp
core   0: 1 0x0000000080005286 (0x001191f3) x3  0x000000000000001f c1_fflags 0x0000000000000002
core   0: 0x000000008000528a (0xd0277753) fcvt.s.l fa4, a4
core   0: 1 0x000000008000528a (0xd0277753) f14 0xffffffff00000000
core   0: 0x000000008000528e (0xc0299e73) csrrw   t3, instret, s3
core   0: exception trap_illegal_instruction, epc 0x000000008000528e
core   0:           tval 0x00000000c0299e73
core   0: >>>>  $xrv64i2p1_m2p0_a2p1_f2p2_d2p2_zicsr2p0_zifencei2p0_zmmul1p0_zba1p0_zbb1p0_zbc1p0_zbs1p0
core   0: 0x0000000080004000 (0x0080006f) j       pc + 0x8
core   0: 3 0x0000000080004000 (0x0080006f)
core   0: >>>>  mmode_exception_handler
core   0: 0x0000000080004008 (0x00002c17) auipc   s8, 0x2
core   0: 3 0x0000000080004008 (0x00002c17) x24 0x0000000080006008
core   0: 0x000000008000400c (0x00ec0c13) addi    s8, s8, 14
core   0: 3 0x000000008000400c (0x00ec0c13) x24 0x0000000080006016
core   0: 0x0000000080004010 (0x000c00e7) jalr    s8
core   0: 3 0x0000000080004010 (0x000c00e7) x1  0x0000000080004014
core   0: >>>>  any_handler
core   0: 0x0000000080006016 (0x341027f3) csrrs   a5, mepc, zero
core   0: 3 0x0000000080006016 (0x341027f3) x15 0x000000008000528e
core   0: 0x000000008000601a (0x34202773) csrrs   a4, mcause, zero
core   0: 3 0x000000008000601a (0x34202773) x14 0x0000000000000002
core   0: 0x000000008000601e (0x142026f3) csrrs   a3, scause, zero
core   0: 3 0x000000008000601e (0x142026f3) x13 0x0000000000000000
core   0: 0x0000000080006022 (0x30402673) csrrs   a2, mie, zero
core   0: 3 0x0000000080006022 (0x30402673) x12 0x0000000000000a00
core   0: 0x0000000080006026 (0x344025f3) csrrs   a1, mip, zero
core   0: 3 0x0000000080006026 (0x344025f3) x11 0x0000000000000080
core   0: 0x000000008000602a (0x343025f3) csrrs   a1, mtval, zero
core   0: 3 0x000000008000602a (0x343025f3) x11 0x00000000c0299e73
core   0: 0x000000008000602e (0x14302573) csrrs   a0, stval, zero
core   0: 3 0x000000008000602e (0x14302573) x10 0x0000000000000014
core   0: 0x0000000080006032 (0xb02024f3) csrrs   s1, minstret, zero
core   0: 3 0x0000000080006032 (0xb02024f3) x9  0x0000000000000e65
core   0: 0x0000000080006036 (0x0000a811) c.j     pc + 20
core   0: 3 0x0000000080006036 (0xa811)
core   0: >>>>  mepc_4
core   0: 0x000000008000604a (0x00000791) c.addi  a5, 4
core   0: 3 0x000000008000604a (0x0791) x15 0x0000000080005292
core   0: 0x000000008000604c (0x34179073) csrrw   zero, mepc, a5
core   0: 3 0x000000008000604c (0x34179073) c833_mepc 0x0000000080005292
core   0: 0x0000000080006050 (0x30200073) mret
core   0: 3 0x0000000080006050 (0x30200073) c768_mstatus 0x8000000a00106080
core   0: 0x0000000080005292 (0x7ff5e713) ori     a4, a1, 2047
core   0: 1 0x0000000080005292 (0x7ff5e713) x14 0x00000000c0299fff
core   0: 0x0000000080005296 (0x40330db3) sub     s11, t1, gp
core   0: 1 0x0000000080005296 (0x40330db3) x27 0x0000005f7e4892bd
core   0: 0x000000008000529a (0x023ce1bb) remw    gp, s9, gp
core   0: 1 0x000000008000529a (0x023ce1bb) x3  0x0000000000000002
core   0: 0x000000008000529e (0x0036dc3b) srlw    s8, a3, gp
core   0: 1 0x000000008000529e (0x0036dc3b) x24 0x0000000000000000
core   0: 0x00000000800052a2 (0x0183a3b3) slt     t2, t2, s8
core   0: 1 0x00000000800052a2 (0x0183a3b3) x7  0x0000000000000000
core   0: 0x00000000800052a6 (0x625bf237) lui     tp, 0x625bf
core   0: 1 0x00000000800052a6 (0x625bf237) x4  0x00000000625bf000
core   0: 0x00000000800052aa (0x00022eb3) slt     t4, tp, zero
core   0: 1 0x00000000800052aa (0x00022eb3) x29 0x0000000000000000
core   0: 0x00000000800052ae (0x020e78b3) remu    a7, t3, zero
core   0: 1 0x00000000800052ae (0x020e78b3) x17 0x0000000000000000
core   0: 0x00000000800052b2 (0x41d2dd3b) sraw    s10, t0, t4
core   0: 1 0x00000000800052b2 (0x41d2dd3b) x26 0xffffffffffffffff
core   0: 0x00000000800052b6 (0xffd1d437) lui     s0, 0xffd1d
core   0: 1 0x00000000800052b6 (0xffd1d437) x8  0xffffffffffd1d000
core   0: 0x00000000800052ba (0x38f4041b) addiw   s0, s0, 911
core   0: 1 0x00000000800052ba (0x38f4041b) x8  0xffffffffffd1d38f
core   0: 0x00000000800052be (0x00000436) c.slli  s0, 13
core   0: 1 0x00000000800052be (0x0436) x8  0xfffffffa3a71e000
core   0: 0x00000000800052c0 (0xd2e40413) addi    s0, s0, -722
core   0: 1 0x00000000800052c0 (0xd2e40413) x8  0xfffffffa3a71dd2e
core   0: 0x00000000800052c4 (0x1205f453) fmul.d  fs0, fa1, ft0
core   0: 1 0x00000000800052c4 (0x1205f453) f8  0x7ff8000000000000
core   0: 0x00000000800052c8 (0xe20f0053) fmv.x.d zero, ft10
core   0: 1 0x00000000800052c8 (0xe20f0053)
core   0: 0x00000000800052cc (0x8002831b) addiw   t1, t0, -2048
core   0: 1 0x00000000800052cc (0x8002831b) x6  0xfffffffffffff7ff
core   0: 0x00000000800052d0 (0x12ee8913) addi    s2, t4, 302
core   0: 1 0x00000000800052d0 (0x12ee8913) x18 0x000000000000012e
core   0: 0x00000000800052d4 (0x01207233) and     tp, zero, s2
core   0: 1 0x00000000800052d4 (0x01207233) x4  0x0000000000000000
core   0: 0x00000000800052d8 (0x42e77acf) fnmadd.d fs5, fa4, fa4, fs0
core   0: 1 0x00000000800052d8 (0x42e77acf) f21 0x7ff8000000000000
core   0: 0x00000000800052dc (0x025c3633) mulhu   a2, s8, t0
core   0: 1 0x00000000800052dc (0x025c3633) x12 0x0000000000000000
core   0: 0x00000000800052e0 (0x00bcd0b3) srl     ra, s9, a1
core   0: 1 0x00000000800052e0 (0x00bcd0b3) x1  0x0000000000000000
core   0: 0x00000000800052e4 (0x00ba5a33) srl     s4, s4, a1
core   0: 1 0x00000000800052e4 (0x00ba5a33) x20 0x0000000000000000
core   0: 0x00000000800052e8 (0x018a0bbb) addw    s7, s4, s8
core   0: 1 0x00000000800052e8 (0x018a0bbb) x23 0x0000000000000000
core   0: 0x00000000800052ec (0xa2ea89d3) fle.d   s3, fs5, fa4
core   0: 1 0x00000000800052ec (0xa2ea89d3) c1_fflags 0x0000000000000012 x19 0x0000000000000000
core   0: 0x00000000800052f0 (0x0bbaf4d3) fsub.d  fs1, fs5, fs11
core   0: 1 0x00000000800052f0 (0x0bbaf4d3) f9  0x7ff8000000000000
core   0: 0x00000000800052f4 (0xc03cfb53) fcvt.lu.s s6, fs9
core   0: 1 0x00000000800052f4 (0xc03cfb53) c1_fflags 0x0000000000000012 x22 0xffffffffffffffff
core   0: 0x00000000800052f8 (0x037b6dbb) remw    s11, s6, s7
core   0: 1 0x00000000800052f8 (0x037b6dbb) x27 0xffffffffffffffff
core   0: 0x00000000800052fc (0x0a4f7bd3) fsub.d  fs7, ft10, ft4
core   0: 1 0x00000000800052fc (0x0a4f7bd3) f23 0x7ff8000000000000
core   0: 0x0000000080005300 (0x9da54513) xori    a0, a0, -1574
core   0: 1 0x0000000080005300 (0x9da54513) x10 0xfffffffffffff9ce
core   0: 0x0000000080005304 (0xc0327353) fcvt.lu.s t1, ft4
core   0: 1 0x0000000080005304 (0xc0327353) c1_fflags 0x0000000000000012 x6  0xffffffffffffffff
core   0: 0x0000000080005308 (0x0294b4b3) mulhu   s1, s1, s1
core   0: 1 0x0000000080005308 (0x0294b4b3) x9  0x0000000000000000
core   0: 0x000000008000530c (0x00a656b7) lui     a3, 0xa65
core   0: 1 0x000000008000530c (0x00a656b7) x13 0x0000000000a65000
core   0: 0x0000000080005310 (0xb376869b) addiw   a3, a3, -1225
core   0: 1 0x0000000080005310 (0xb376869b) x13 0x0000000000a64b37
core   0: 0x0000000080005314 (0x000006be) c.slli  a3, 15
core   0: 1 0x0000000080005314 (0x06be) x13 0x00000053259b8000
core   0: 0x0000000080005316 (0x63368693) addi    a3, a3, 1587
core   0: 1 0x0000000080005316 (0x63368693) x13 0x00000053259b8633
core   0: 0x000000008000531a (0x40035d1b) sraiw   s10, t1, 0
core   0: 1 0x000000008000531a (0x40035d1b) x26 0xffffffffffffffff
core   0: 0x000000008000531e (0x420c0553) fcvt.d.s fa0, fs8
core   0: 1 0x000000008000531e (0x420c0553) f10 0x7ff8000000000000
core   0: 0x0000000080005322 (0x00002905) c.addiw s2, 1
core   0: 1 0x0000000080005322 (0x2905) x18 0x000000000000012f
core   0: 0x0000000080005324 (0x016c951b) slliw   a0, s9, 22
core   0: 1 0x0000000080005324 (0x016c951b) x10 0xffffffffe2c00000
core   0: 0x0000000080005328 (0x035846bb) divw    a3, a6, s5
core   0: 1 0x0000000080005328 (0x035846bb) x13 0xffffffffffffffff
core   0: 0x000000008000532c (0x00000001) c.nop
core   0: 1 0x000000008000532c (0x0001)
core   0: 0x000000008000532e (0xc204f453) fcvt.w.d s0, fs1
core   0: 1 0x000000008000532e (0xc204f453) c1_fflags 0x0000000000000012 x8  0x000000007fffffff
core   0: 0x0000000080005332 (0x01c757bb) srlw    a5, a4, t3
core   0: 1 0x0000000080005332 (0x01c757bb) x15 0xffffffffc0299fff
core   0: 0x0000000080005336 (0x03fc1a13) slli    s4, s8, 63
core   0: 1 0x0000000080005336 (0x03fc1a13) x20 0x0000000000000000
core   0: 0x000000008000533a (0x1bc3fe53) fdiv.d  ft8, ft7, ft8
core   0: 1 0x000000008000533a (0x1bc3fe53) f28 0x424afa28b8088000
core   0: 0x000000008000533e (0x00000686) c.slli  a3, 1
core   0: 1 0x000000008000533e (0x0686) x13 0xfffffffffffffffe
core   0: 0x0000000080005340 (0x2abe94d3) fmax.d  fs1, ft9, fa1
core   0: 1 0x0000000080005340 (0x2abe94d3) f9  0x40b70e9732b87fb3
core   0: 0x0000000080005344 (0x41c4da1b) sraiw   s4, s1, 28
core   0: 1 0x0000000080005344 (0x41c4da1b) x20 0x0000000000000000
core   0: 0x0000000080005348 (0x034913b3) mulh    t2, s2, s4
core   0: 1 0x0000000080005348 (0x034913b3) x7  0x0000000000000000
core   0: 0x000000008000534c (0x00000001) c.nop
core   0: 1 0x000000008000534c (0x0001)
core   0: 0x000000008000534e (0x00995b9b) srliw   s7, s2, 9
core   0: 1 0x000000008000534e (0x00995b9b) x23 0x0000000000000000
core   0: 0x0000000080005352 (0x7b0177c3) fmadd.d fa5, ft2, fa6, fa5
core   0: 1 0x0000000080005352 (0x7b0177c3) f15 0x7ff8000000000000
core   0: 0x0000000080005356 (0x0233dd33) divu    s10, t2, gp
core   0: 1 0x0000000080005356 (0x0233dd33) x26 0x0000000000000000
core   0: 0x000000008000535a (0xa3050053) fle.d   zero, fa0, fa6
core   0: 1 0x000000008000535a (0xa3050053) c1_fflags 0x0000000000000012
core   0: 0x000000008000535e (0x22b90653) fsgnj.d fa2, fs2, fa1
core   0: 1 0x000000008000535e (0x22b90653) f12 0x41d589a5dec00000
core   0: 0x0000000080005362 (0x40020a33) sub     s4, tp, zero
core   0: 1 0x0000000080005362 (0x40020a33) x20 0x0000000000000000
core   0: 0x0000000080005366 (0xa2048c53) fle.d   s8, fs1, ft0
core   0: 1 0x0000000080005366 (0xa2048c53) c1_fflags 0x0000000000000012 x24 0x0000000000000000
core   0: 0x000000008000536a (0x63294713) xori    a4, s2, 1586
core   0: 1 0x000000008000536a (0x63294713) x14 0x000000000000071d
core   0: 0x000000008000536e (0x000c1793) slli    a5, s8, 0
core   0: 1 0x000000008000536e (0x000c1793) x15 0x0000000000000000
core   0: 0x0000000080005372 (0xc225f0d3) fcvt.l.d ra, fa1
core   0: 1 0x0000000080005372 (0xc225f0d3) c1_fflags 0x0000000000000012 x1  0x7fffffffffffffff
core   0: 0x0000000080005376 (0x03ad2e33) mulhsu  t3, s10, s10
core   0: 1 0x0000000080005376 (0x03ad2e33) x28 0x0000000000000000
core   0: 0x000000008000537a (0x4130d9b3) sra     s3, ra, s3
core   0: 1 0x000000008000537a (0x4130d9b3) x19 0x7fffffffffffffff
core   0: 0x000000008000537e (0x0ff0000f) fence   iorw,iorw
core   0: 1 0x000000008000537e (0x0ff0000f)
core   0: 0x0000000080005382 (0x9349794f) fnmadd.d fs2, fs2, fs4, fs2
core   0: 1 0x0000000080005382 (0x9349794f) c1_fflags 0x0000000000000013 f18 0xc1d589a5dec00001
core   0: 0x0000000080005386 (0x000083b3) add     t2, ra, zero
core   0: 1 0x0000000080005386 (0x000083b3) x7  0x7fffffffffffffff
core   0: 0x000000008000538a (0x000ef8b3) and     a7, t4, zero
core   0: 1 0x000000008000538a (0x000ef8b3) x17 0x0000000000000000
core   0: 0x000000008000538e (0x016a1933) sll     s2, s4, s6
core   0: 1 0x000000008000538e (0x016a1933) x18 0x0000000000000000
core   0: 0x0000000080005392 (0x013a813b) addw    sp, s5, s3
core   0: 1 0x0000000080005392 (0x013a813b) x2  0xffffffffffffffff
core   0: 0x0000000080005396 (0xc22a78d3) fcvt.l.d a7, fs4
core   0: 1 0x0000000080005396 (0xc22a78d3) c1_fflags 0x0000000000000013 x17 0x0000000000000000
core   0: 0x000000008000539a (0x007b4c33) xor     s8, s6, t2
core   0: 1 0x000000008000539a (0x007b4c33) x24 0x8000000000000000
core   0: 0x000000008000539e (0x0045d6b7) lui     a3, 0x45d
core   0: 1 0x000000008000539e (0x0045d6b7) x13 0x000000000045d000
core   0: 0x00000000800053a2 (0xc036869b) addiw   a3, a3, -1021
core   0: 1 0x00000000800053a2 (0xc036869b) x13 0x000000000045cc03
core   0: 0x00000000800053a6 (0x000006b6) c.slli  a3, 13
core   0: 1 0x00000000800053a6 (0x06b6) x13 0x00000008b9806000
core   0: 0x00000000800053a8 (0x32668693) addi    a3, a3, 806
core   0: 1 0x00000000800053a8 (0x32668693) x13 0x00000008b9806326
core   0: 0x00000000800053ac (0xd233f553) fcvt.d.lu fa0, t2
core   0: 1 0x00000000800053ac (0xd233f553) c1_fflags 0x0000000000000013 f10 0x43dfffffffffffff
core   0: 0x00000000800053b0 (0x0357eabb) remw    s5, a5, s5
core   0: 1 0x00000000800053b0 (0x0357eabb) x21 0x0000000000000000
core   0: 0x00000000800053b4 (0x41ca553b) sraw    a0, s4, t3
core   0: 1 0x00000000800053b4 (0x41ca553b) x10 0x0000000000000000
core   0: 0x00000000800053b8 (0x0121c1b3) xor     gp, gp, s2
core   0: 1 0x00000000800053b8 (0x0121c1b3) x3  0x0000000000000002
core   0: 0x00000000800053bc (0x9a48db97) auipc   s7, 0x9a48d
core   0: 1 0x00000000800053bc (0x9a48db97) x23 0x000000001a4923bc
core   0: 0x00000000800053c0 (0xe2028753) fmv.x.d a4, ft5
core   0: 1 0x00000000800053c0 (0xe2028753) x14 0x7ff8000000000000
core   0: 0x00000000800053c4 (0xd21604d3) fcvt.d.wu fs1, a2
core   0: 1 0x00000000800053c4 (0xd21604d3) f9  0x0000000000000000
core   0: 0x00000000800053c8 (0x415a593b) sraw    s2, s4, s5
core   0: 1 0x00000000800053c8 (0x415a593b) x18 0x0000000000000000
core   0: 0x00000000800053cc (0x00000001) c.nop
core   0: 1 0x00000000800053cc (0x0001)
core   0: 0x00000000800053ce (0x2ba88ed3) fmin.d  ft9, fa7, fs10
core   0: 1 0x00000000800053ce (0x2ba88ed3) f29 0x7ff8000000000000
core   0: 0x00000000800053d2 (0x400484bb) subw    s1, s1, zero
core   0: 1 0x00000000800053d2 (0x400484bb) x9  0x0000000000000000
core   0: 0x00000000800053d6 (0x9a9af6c7) fmsub.d fa3, fs5, fs1, fs3
core   0: 1 0x00000000800053d6 (0x9a9af6c7) f13 0x7ff8000000000000
core   0: 0x00000000800053da (0x0127d11b) srliw   sp, a5, 18
core   0: 1 0x00000000800053da (0x0127d11b) x2  0x0000000000000000
core   0: 0x00000000800053de (0xd229f653) fcvt.d.l fa2, s3
core   0: 1 0x00000000800053de (0xd229f653) c1_fflags 0x0000000000000013 f12 0x43dfffffffffffff
core   0: 0x00000000800053e2 (0xc21e7bd3) fcvt.wu.d s7, ft8
core   0: 1 0x00000000800053e2 (0xc21e7bd3) c1_fflags 0x0000000000000013 x23 0xffffffffffffffff
core   0: 0x00000000800053e6 (0x0384f733) remu    a4, s1, s8
core   0: 1 0x00000000800053e6 (0x0384f733) x14 0x0000000000000000
core   0: 0x00000000800053ea (0x6be69237) lui     tp, 0x6be69
core   0: 1 0x00000000800053ea (0x6be69237) x4  0x000000006be69000
core   0: 0x00000000800053ee (0x2bce10d3) fmax.d  ft1, ft8, ft8
core   0: 1 0x00000000800053ee (0x2bce10d3) f1  0x424afa28b8088000
core   0: 0x00000000800053f2 (0x02e76333) rem     t1, a4, a4
core   0: 1 0x00000000800053f2 (0x02e76333) x6  0x0000000000000000
core   0: 0x00000000800053f6 (0x02e888bb) mulw    a7, a7, a4
core   0: 1 0x00000000800053f6 (0x02e888bb) x17 0x0000000000000000
core   0: 0x00000000800053fa (0x6bd27bcb) fnmsub.d fs7, ft4, ft9, fa3
core   0: 1 0x00000000800053fa (0x6bd27bcb) f23 0x7ff8000000000000
core   0: 0x00000000800053fe (0x3aadd517) auipc   a0, 0x3aadd
core   0: 1 0x00000000800053fe (0x3aadd517) x10 0x00000000baae23fe
core   0: 0x0000000080005402 (0x0274f3b3) remu    t2, s1, t2
core   0: 1 0x0000000080005402 (0x0274f3b3) x7  0x0000000000000000
core   0: 0x0000000080005406 (0xd024f553) fcvt.s.l fa0, s1
core   0: 1 0x0000000080005406 (0xd024f553) f10 0xffffffff00000000
core   0: 0x000000008000540a (0xd026f353) fcvt.s.l ft6, a3
core   0: 1 0x000000008000540a (0xd026f353) c1_fflags 0x0000000000000013 f6  0xffffffff510b9806
core   0: 0x000000008000540e (0xf1505a73) csrrwi  s4, mconfigptr, 0
core   0: exception trap_illegal_instruction, epc 0x000000008000540e
core   0:           tval 0x00000000f1505a73
core   0: >>>>  $xrv64i2p1_m2p0_a2p1_f2p2_d2p2_zicsr2p0_zifencei2p0_zmmul1p0_zba1p0_zbb1p0_zbc1p0_zbs1p0
core   0: 0x0000000080004000 (0x0080006f) j       pc + 0x8
core   0: 3 0x0000000080004000 (0x0080006f)
core   0: >>>>  mmode_exception_handler
core   0: 0x0000000080004008 (0x00002c17) auipc   s8, 0x2
core   0: 3 0x0000000080004008 (0x00002c17) x24 0x0000000080006008
core   0: 0x000000008000400c (0x00ec0c13) addi    s8, s8, 14
core   0: 3 0x000000008000400c (0x00ec0c13) x24 0x0000000080006016
core   0: 0x0000000080004010 (0x000c00e7) jalr    s8
core   0: 3 0x0000000080004010 (0x000c00e7) x1  0x0000000080004014
core   0: >>>>  any_handler
core   0: 0x0000000080006016 (0x341027f3) csrrs   a5, mepc, zero
core   0: 3 0x0000000080006016 (0x341027f3) x15 0x000000008000540e
core   0: 0x000000008000601a (0x34202773) csrrs   a4, mcause, zero
core   0: 3 0x000000008000601a (0x34202773) x14 0x0000000000000002
core   0: 0x000000008000601e (0x142026f3) csrrs   a3, scause, zero
core   0: 3 0x000000008000601e (0x142026f3) x13 0x0000000000000000
core   0: 0x0000000080006022 (0x30402673) csrrs   a2, mie, zero
core   0: 3 0x0000000080006022 (0x30402673) x12 0x0000000000000a00
core   0: 0x0000000080006026 (0x344025f3) csrrs   a1, mip, zero
core   0: 3 0x0000000080006026 (0x344025f3) x11 0x0000000000000080
core   0: 0x000000008000602a (0x343025f3) csrrs   a1, mtval, zero
core   0: 3 0x000000008000602a (0x343025f3) x11 0x00000000f1505a73
core   0: 0x000000008000602e (0x14302573) csrrs   a0, stval, zero
core   0: 3 0x000000008000602e (0x14302573) x10 0x0000000000000014
core   0: 0x0000000080006032 (0xb02024f3) csrrs   s1, minstret, zero
core   0: 3 0x0000000080006032 (0xb02024f3) x9  0x0000000000000ed8
core   0: 0x0000000080006036 (0x0000a811) c.j     pc + 20
core   0: 3 0x0000000080006036 (0xa811)
core   0: >>>>  mepc_4
core   0: 0x000000008000604a (0x00000791) c.addi  a5, 4
core   0: 3 0x000000008000604a (0x0791) x15 0x0000000080005412
core   0: 0x000000008000604c (0x34179073) csrrw   zero, mepc, a5
core   0: 3 0x000000008000604c (0x34179073) c833_mepc 0x0000000080005412
core   0: 0x0000000080006050 (0x30200073) mret
core   0: 3 0x0000000080006050 (0x30200073) c768_mstatus 0x8000000a00106080
core   0: 0x0000000080005412 (0x7ffb8b9b) addiw   s7, s7, 2047
core   0: 1 0x0000000080005412 (0x7ffb8b9b) x23 0x00000000000007fe
core   0: 0x0000000080005416 (0xc212f753) fcvt.wu.d a4, ft5
core   0: 1 0x0000000080005416 (0xc212f753) c1_fflags 0x0000000000000013 x14 0xffffffffffffffff
core   0: 0x000000008000541a (0x00e116b3) sll     a3, sp, a4
core   0: 1 0x000000008000541a (0x00e116b3) x13 0x0000000000000000
core   0: 0x000000008000541e (0x22a31c53) fsgnjn.d fs8, ft6, fa0
core   0: 1 0x000000008000541e (0x22a31c53) f24 0x7fffffff510b9806
core   0: 0x0000000080005422 (0x15872c97) auipc   s9, 0x15872
core   0: 1 0x0000000080005422 (0x15872c97) x25 0x0000000095877422
core   0: 0x0000000080005426 (0x03de6e33) rem     t3, t3, t4
core   0: 1 0x0000000080005426 (0x03de6e33) x28 0x0000000000000000
core   0: 0x000000008000542a (0xd22cff53) fcvt.d.l ft10, s9
core   0: 1 0x000000008000542a (0xd22cff53) f30 0x41e2b0ee84400000
core   0: 0x000000008000542e (0x014bebb3) or      s7, s7, s4
core   0: 1 0x000000008000542e (0x014bebb3) x23 0x00000000000007fe
core   0: 0x0000000080005432 (0xe20f08d3) fmv.x.d a7, ft10
core   0: 1 0x0000000080005432 (0xe20f08d3) x17 0x41e2b0ee84400000
core   0: 0x0000000080005436 (0x027e9a13) slli    s4, t4, 39
core   0: 1 0x0000000080005436 (0x027e9a13) x20 0x0000000000000000
core   0: 0x000000008000543a (0x22949e53) fsgnjn.d ft8, fs1, fs1
core   0: 1 0x000000008000543a (0x22949e53) f28 0x8000000000000000
core   0: 0x000000008000543e (0x02877433) remu    s0, a4, s0
core   0: 1 0x000000008000543e (0x02877433) x8  0x0000000000000003
core   0: 0x0000000080005442 (0xd2247453) fcvt.d.l fs0, s0
core   0: 1 0x0000000080005442 (0xd2247453) f8  0x4008000000000000
core   0: 0x0000000080005446 (0x0343693b) remw    s2, t1, s4
core   0: 1 0x0000000080005446 (0x0343693b) x18 0x0000000000000000
core   0: 0x000000008000544a (0xfffa801b) addiw   zero, s5, -1
core   0: 1 0x000000008000544a (0xfffa801b)
core   0: 0x000000008000544e (0x00000001) c.nop
core   0: 1 0x000000008000544e (0x0001)
core   0: 0x0000000080005450 (0xc22e7cd3) fcvt.l.d s9, ft8
core   0: 1 0x0000000080005450 (0xc22e7cd3) x25 0x0000000000000000
core   0: 0x0000000080005454 (0x40795c3b) sraw    s8, s2, t2
core   0: 1 0x0000000080005454 (0x40795c3b) x24 0x0000000000000000
core   0: 0x0000000080005458 (0x023231b3) mulhu   gp, tp, gp
core   0: 1 0x0000000080005458 (0x023231b3) x3  0x0000000000000000
core   0: 0x000000008000545c (0x01db0533) add     a0, s6, t4
core   0: 1 0x000000008000545c (0x01db0533) x10 0xffffffffffffffff
core   0: 0x0000000080005460 (0x3ddc2097) auipc   ra, 0x3ddc2
core   0: 1 0x0000000080005460 (0x3ddc2097) x1  0x00000000bddc7460
core   0: 0x0000000080005464 (0xe2917747) fmsub.d fa4, ft2, fs1, ft8
core   0: 1 0x0000000080005464 (0xe2917747) f14 0x7ff8000000000000
core   0: 0x0000000080005468 (0xd2130fd3) fcvt.d.wu ft11, t1
core   0: 1 0x0000000080005468 (0xd2130fd3) f31 0x0000000000000000
core   0: 0x000000008000546c (0x001b571b) srliw   a4, s6, 1
core   0: 1 0x000000008000546c (0x001b571b) x14 0x000000007fffffff
core   0: 0x0000000080005470 (0x22df81d3) fsgnj.d ft3, ft11, fa3
core   0: 1 0x0000000080005470 (0x22df81d3) f3  0x0000000000000000
core   0: 0x0000000080005474 (0x023911b3) mulh    gp, s2, gp
core   0: 1 0x0000000080005474 (0x023911b3) x3  0x0000000000000000
core   0: 0x0000000080005478 (0x40f2d29b) sraiw   t0, t0, 15
core   0: 1 0x0000000080005478 (0x40f2d29b) x5  0xffffffffffffffff
core   0: 0x000000008000547c (0x223e94d3) fsgnjn.d fs1, ft9, ft3
core   0: 1 0x000000008000547c (0x223e94d3) f9  0xfff8000000000000
core   0: 0x0000000080005480 (0x0073e5b3) or      a1, t2, t2
core   0: 1 0x0000000080005480 (0x0073e5b3) x11 0x0000000000000000
core   0: 0x0000000080005484 (0x0b58f653) fsub.d  fa2, fa7, fs5
core   0: 1 0x0000000080005484 (0x0b58f653) f12 0x7ff8000000000000
core   0: 0x0000000080005488 (0x0294fe53) fadd.d  ft8, fs1, fs1
core   0: 1 0x0000000080005488 (0x0294fe53) f28 0x7ff8000000000000
core   0: 0x000000008000548c (0x01378133) add     sp, a5, s3
core   0: 1 0x000000008000548c (0x01378133) x2  0x8000000080005411
core   0: 0x0000000080005490 (0x420e0553) fcvt.d.s fa0, ft8
core   0: 1 0x0000000080005490 (0x420e0553) f10 0x7ff8000000000000
core   0: 0x0000000080005494 (0x005bd7bb) srlw    a5, s7, t0
core   0: 1 0x0000000080005494 (0x005bd7bb) x15 0x0000000000000000
core   0: 0x0000000080005498 (0x002c999b) slliw   s3, s9, 2
core   0: 1 0x0000000080005498 (0x002c999b) x19 0x0000000000000000
core   0: 0x000000008000549c (0x00425633) srl     a2, tp, tp
core   0: 1 0x000000008000549c (0x00425633) x12 0x000000006be69000
core   0: 0x00000000800054a0 (0xb0213173) csrrc   sp, minstret, sp
core   0: exception trap_illegal_instruction, epc 0x00000000800054a0
core   0:           tval 0x00000000b0213173
core   0: >>>>  $xrv64i2p1_m2p0_a2p1_f2p2_d2p2_zicsr2p0_zifencei2p0_zmmul1p0_zba1p0_zbb1p0_zbc1p0_zbs1p0
core   0: 0x0000000080004000 (0x0080006f) j       pc + 0x8
core   0: 3 0x0000000080004000 (0x0080006f)
core   0: >>>>  mmode_exception_handler
core   0: 0x0000000080004008 (0x00002c17) auipc   s8, 0x2
core   0: 3 0x0000000080004008 (0x00002c17) x24 0x0000000080006008
core   0: 0x000000008000400c (0x00ec0c13) addi    s8, s8, 14
core   0: 3 0x000000008000400c (0x00ec0c13) x24 0x0000000080006016
core   0: 0x0000000080004010 (0x000c00e7) jalr    s8
core   0: 3 0x0000000080004010 (0x000c00e7) x1  0x0000000080004014
core   0: >>>>  any_handler
core   0: 0x0000000080006016 (0x341027f3) csrrs   a5, mepc, zero
core   0: 3 0x0000000080006016 (0x341027f3) x15 0x00000000800054a0
core   0: 0x000000008000601a (0x34202773) csrrs   a4, mcause, zero
core   0: 3 0x000000008000601a (0x34202773) x14 0x0000000000000002
core   0: 0x000000008000601e (0x142026f3) csrrs   a3, scause, zero
core   0: 3 0x000000008000601e (0x142026f3) x13 0x0000000000000000
core   0: 0x0000000080006022 (0x30402673) csrrs   a2, mie, zero
core   0: 3 0x0000000080006022 (0x30402673) x12 0x0000000000000a00
core   0: 0x0000000080006026 (0x344025f3) csrrs   a1, mip, zero
core   0: 3 0x0000000080006026 (0x344025f3) x11 0x0000000000000080
core   0: 0x000000008000602a (0x343025f3) csrrs   a1, mtval, zero
core   0: 3 0x000000008000602a (0x343025f3) x11 0x00000000b0213173
core   0: 0x000000008000602e (0x14302573) csrrs   a0, stval, zero
core   0: 3 0x000000008000602e (0x14302573) x10 0x0000000000000014
core   0: 0x0000000080006032 (0xb02024f3) csrrs   s1, minstret, zero
core   0: 3 0x0000000080006032 (0xb02024f3) x9  0x0000000000000f0c
core   0: 0x0000000080006036 (0x0000a811) c.j     pc + 20
core   0: 3 0x0000000080006036 (0xa811)
core   0: >>>>  mepc_4
core   0: 0x000000008000604a (0x00000791) c.addi  a5, 4
core   0: 3 0x000000008000604a (0x0791) x15 0x00000000800054a4
core   0: 0x000000008000604c (0x34179073) csrrw   zero, mepc, a5
core   0: 3 0x000000008000604c (0x34179073) c833_mepc 0x00000000800054a4
core   0: 0x0000000080006050 (0x30200073) mret
core   0: 3 0x0000000080006050 (0x30200073) c768_mstatus 0x8000000a00106080
core   0: 0x00000000800054a4 (0x14069df3) csrrw   s11, sscratch, a3
core   0: 1 0x00000000800054a4 (0x14069df3) x27 0x0000000000000000 c320_sscratch 0x0000000000000000
core   0: 0x00000000800054a8 (0x02cbfa33) remu    s4, s7, a2
core   0: 1 0x00000000800054a8 (0x02cbfa33) x20 0x00000000000007fe
core   0: 0x00000000800054ac (0x00aa0633) add     a2, s4, a0
core   0: 1 0x00000000800054ac (0x00aa0633) x12 0x0000000000000812
core   0: 0x00000000800054b0 (0x017ade1b) srliw   t3, s5, 23
core   0: 1 0x00000000800054b0 (0x017ade1b) x28 0x0000000000000000
core   0: 0x00000000800054b4 (0x2be60353) fmin.d  ft6, fa2, ft10
core   0: 1 0x00000000800054b4 (0x2be60353) f6  0x41e2b0ee84400000
core   0: 0x00000000800054b8 (0xd20e8bd3) fcvt.d.w fs7, t4
core   0: 1 0x00000000800054b8 (0xd20e8bd3) f23 0x0000000000000000
core   0: 0x00000000800054bc (0x0273e3b3) rem     t2, t2, t2
core   0: 1 0x00000000800054bc (0x0273e3b3) x7  0x0000000000000000
core   0: 0x00000000800054c0 (0x4007d793) srai    a5, a5, 0
core   0: 1 0x00000000800054c0 (0x4007d793) x15 0x00000000800054a4
core   0: 0x00000000800054c4 (0x23cf8fd3) fsgnj.d ft11, ft11, ft8
core   0: 1 0x00000000800054c4 (0x23cf8fd3) f31 0x0000000000000000
core   0: 0x00000000800054c8 (0x00000001) c.nop
core   0: 1 0x00000000800054c8 (0x0001)
core   0: 0x00000000800054ca (0xebfbfc47) fmsub.d fs8, fs7, ft11, ft9
core   0: 1 0x00000000800054ca (0xebfbfc47) f24 0x7ff8000000000000
core   0: 0x00000000800054ce (0x1b137353) fdiv.d  ft6, ft6, fa7
core   0: 1 0x00000000800054ce (0x1b137353) f6  0x7ff8000000000000
core   0: 0x00000000800054d2 (0x1a187ec3) fmadd.d ft9, fa6, ft1, ft3
core   0: 1 0x00000000800054d2 (0x1a187ec3) f29 0x7ff8000000000000
core   0: 0x00000000800054d6 (0x01055a1b) srliw   s4, a0, 16
core   0: 1 0x00000000800054d6 (0x01055a1b) x20 0x0000000000000000
core   0: 0x00000000800054da (0xd2110753) fcvt.d.wu fa4, sp
core   0: 1 0x00000000800054da (0xd2110753) f14 0x41e0000a82200000
core   0: 0x00000000800054de (0xffe05bb7) lui     s7, 0xffe05
core   0: 1 0x00000000800054de (0xffe05bb7) x23 0xffffffffffe05000
core   0: 0x00000000800054e2 (0x635b8b9b) addiw   s7, s7, 1589
core   0: 1 0x00000000800054e2 (0x635b8b9b) x23 0xffffffffffe05635
core   0: 0x00000000800054e6 (0x00000bc6) c.slli  s7, 17
core   0: 1 0x00000000800054e6 (0x0bc6) x23 0xffffffc0ac6a0000
core   0: 0x00000000800054e8 (0xb61b8b93) addi    s7, s7, -1183
core   0: 1 0x00000000800054e8 (0xb61b8b93) x23 0xffffffc0ac69fb61
core   0: 0x00000000800054ec (0x03a0703b) remuw   zero, zero, s10
core   0: 1 0x00000000800054ec (0x03a0703b)
core   0: 0x00000000800054f0 (0x41d9803b) subw    zero, s3, t4
core   0: 1 0x00000000800054f0 (0x41d9803b)
core   0: 0x00000000800054f4 (0x19827093) andi    ra, tp, 408
core   0: 1 0x00000000800054f4 (0x19827093) x1  0x0000000000000000
core   0: 0x00000000800054f8 (0x0000d49b) srliw   s1, ra, 0
core   0: 1 0x00000000800054f8 (0x0000d49b) x9  0x0000000000000000
core   0: 0x00000000800054fc (0x0ff0000f) fence   iorw,iorw
core   0: 1 0x00000000800054fc (0x0ff0000f)
core   0: 0x0000000080005500 (0x00000a1b) sext.w  s4, zero
core   0: 1 0x0000000080005500 (0x00000a1b) x20 0x0000000000000000
core   0: 0x0000000080005504 (0x007bdabb) srlw    s5, s7, t2
core   0: 1 0x0000000080005504 (0x007bdabb) x21 0xffffffffac69fb61
core   0: 0x0000000080005508 (0xc21efed3) fcvt.wu.d t4, ft9
core   0: 1 0x0000000080005508 (0xc21efed3) c1_fflags 0x0000000000000013 x29 0xffffffffffffffff
core   0: 0x000000008000550c (0x800a7793) andi    a5, s4, -2048
core   0: 1 0x000000008000550c (0x800a7793) x15 0x0000000000000000
core   0: 0x0000000080005510 (0xe3aaf913) andi    s2, s5, -454
core   0: 1 0x0000000080005510 (0xe3aaf913) x18 0xffffffffac69fa20
core   0: 0x0000000080005514 (0x014ad11b) srliw   sp, s5, 20
core   0: 1 0x0000000080005514 (0x014ad11b) x2  0x0000000000000ac6
core   0: 0x0000000080005518 (0x41510cbb) subw    s9, sp, s5
core   0: 1 0x0000000080005518 (0x41510cbb) x25 0x0000000053960f65
core   0: 0x000000008000551c (0x01706bb3) or      s7, zero, s7
core   0: 1 0x000000008000551c (0x01706bb3) x23 0xffffffc0ac69fb61
core   0: 0x0000000080005520 (0x024c7e3b) remuw   t3, s8, tp
core   0: 1 0x0000000080005520 (0x024c7e3b) x28 0x000000001419d016
core   0: 0x0000000080005524 (0x104c6d73) csrrsi  s10, sie, 24
core   0: 1 0x0000000080005524 (0x104c6d73) x26 0x0000000000000000 c772_mie 0x0000000000000a00
core   0: 0x0000000080005528 (0x00009093) slli    ra, ra, 0
core   0: 1 0x0000000080005528 (0x00009093) x1  0x0000000000000000
core   0: 0x000000008000552c (0x2200fb47) fmsub.d fs6, ft1, ft0, ft4
core   0: 1 0x000000008000552c (0x2200fb47) f22 0x7ff8000000000000
core   0: 0x0000000080005530 (0xd20b8dd3) fcvt.d.w fs11, s7
core   0: 1 0x0000000080005530 (0xd20b8dd3) f27 0xc1d4e58127c00000
core   0: 0x0000000080005534 (0x00a54133) xor     sp, a0, a0
core   0: 1 0x0000000080005534 (0x00a54133) x2  0x0000000000000000
core   0: 0x0000000080005538 (0x000e1313) slli    t1, t3, 0
core   0: 1 0x0000000080005538 (0x000e1313) x6  0x000000001419d016
core   0: 0x000000008000553c (0x014a903b) sllw    zero, s5, s4
core   0: 1 0x000000008000553c (0x014a903b)
core   0: 0x0000000080005540 (0x127dfc53) fmul.d  fs8, fs11, ft7
core   0: 1 0x0000000080005540 (0x127dfc53) c1_fflags 0x0000000000000013 f24 0x44319dd48861314a
core   0: 0x0000000080005544 (0x006d9633) sll     a2, s11, t1
core   0: 1 0x0000000080005544 (0x006d9633) x12 0x0000000000000000
core   0: 0x0000000080005548 (0xc21171d3) fcvt.wu.d gp, ft2
core   0: 1 0x0000000080005548 (0xc21171d3) c1_fflags 0x0000000000000013 x3  0xffffffffffffffff
core   0: 0x000000008000554c (0x00000001) c.nop
core   0: 1 0x000000008000554c (0x0001)
core   0: 0x000000008000554e (0x00102373) csrrs   t1, fflags, zero
core   0: 1 0x000000008000554e (0x00102373) x6  0x0000000000000013
core   0: 0x0000000080005552 (0xd2018ed3) fcvt.d.w ft9, gp
core   0: 1 0x0000000080005552 (0xd2018ed3) f29 0xbff0000000000000
core   0: 0x0000000080005556 (0x038bd833) divu    a6, s7, s8
core   0: 1 0x0000000080005556 (0x038bd833) x16 0x00000001fffe7f2a
core   0: 0x000000008000555a (0xd02c7953) fcvt.s.l fs2, s8
core   0: 1 0x000000008000555a (0xd02c7953) c1_fflags 0x0000000000000013 f18 0xffffffff4f000060
core   0: 0x000000008000555e (0x03fede93) srli    t4, t4, 63
core   0: 1 0x000000008000555e (0x03fede93) x29 0x0000000000000001
core   0: 0x0000000080005562 (0x00f1173b) sllw    a4, sp, a5
core   0: 1 0x0000000080005562 (0x00f1173b) x14 0x0000000000000000
core   0: 0x0000000080005566 (0x0ff0000f) fence   iorw,iorw
core   0: 1 0x0000000080005566 (0x0ff0000f)
core   0: 0x000000008000556a (0x030653b3) divu    t2, a2, a6
core   0: 1 0x000000008000556a (0x030653b3) x7  0x0000000000000000
core   0: 0x000000008000556e (0x41395c33) sra     s8, s2, s3
core   0: 1 0x000000008000556e (0x41395c33) x24 0xffffffffac69fa20
core   0: 0x0000000080005572 (0x02a58533) mul     a0, a1, a0
core   0: 1 0x0000000080005572 (0x02a58533) x10 0x0000000dc297dcfc
core   0: 0x0000000080005576 (0xc21df6d3) fcvt.wu.d a3, fs11
core   0: 1 0x0000000080005576 (0xc21df6d3) c1_fflags 0x0000000000000013 x13 0x0000000000000000
core   0: 0x000000008000557a (0xd2190f53) fcvt.d.wu ft10, s2
core   0: 1 0x000000008000557a (0xd2190f53) f30 0x41e58d3f44000000
core   0: 0x000000008000557e (0x2323add3) fsgnjx.d fs11, ft7, fs2
core   0: 1 0x000000008000557e (0x2323add3) f27 0x424afa28b8088000
core   0: 0x0000000080005582 (0xd21503d3) fcvt.d.wu ft7, a0
core   0: 1 0x0000000080005582 (0xd21503d3) f7  0x41e852fb9f800000
core   0: 0x0000000080005586 (0x4084543b) sraw    s0, s0, s0
core   0: 1 0x0000000080005586 (0x4084543b) x8  0x0000000000000000
core   0: 0x000000008000558a (0xc233f5d3) fcvt.lu.d a1, ft7
core   0: 1 0x000000008000558a (0xc233f5d3) x11 0x00000000c297dcfc
core   0: 0x000000008000558e (0x2bfc9cd3) fmax.d  fs9, fs9, ft11
core   0: 1 0x000000008000558e (0x2bfc9cd3) f25 0x424afa28b8088000
core   0: 0x0000000080005592 (0x0323734f) fnmadd.d ft6, ft6, fs2, ft0
core   0: 1 0x0000000080005592 (0x0323734f) f6  0x7ff8000000000000
core   0: 0x0000000080005596 (0x039c8c93) addi    s9, s9, 57
core   0: 1 0x0000000080005596 (0x039c8c93) x25 0x0000000053960f9e
core   0: 0x000000008000559a (0x03600a3b) mulw    s4, zero, s6
core   0: 1 0x000000008000559a (0x03600a3b) x20 0x0000000000000000
core   0: 0x000000008000559e (0x006b8bbb) addw    s7, s7, t1
core   0: 1 0x000000008000559e (0x006b8bbb) x23 0xffffffffac69fb74
core   0: 0x00000000800055a2 (0x019ced33) or      s10, s9, s9
core   0: 1 0x00000000800055a2 (0x019ced33) x26 0x0000000053960f9e
core   0: 0x00000000800055a6 (0x001d1493) slli    s1, s10, 1
core   0: 1 0x00000000800055a6 (0x001d1493) x9  0x00000000a72c1f3c
core   0: 0x00000000800055aa (0xe20a0c53) fmv.x.d s8, fs4
core   0: 1 0x00000000800055aa (0xe20a0c53) x24 0x0000000080004db2
core   0: 0x00000000800055ae (0x00000001) c.nop
core   0: 1 0x00000000800055ae (0x0001)
core   0: 0x00000000800055b0 (0xd02670d3) fcvt.s.l ft1, a2
core   0: 1 0x00000000800055b0 (0xd02670d3) f1  0xffffffff00000000
core   0: 0x00000000800055b4 (0x13ccf653) fmul.d  fa2, fs9, ft8
core   0: 1 0x00000000800055b4 (0x13ccf653) f12 0x7ff8000000000000
core   0: 0x00000000800055b8 (0xf1583df3) csrrc   s11, mconfigptr, a6
core   0: exception trap_illegal_instruction, epc 0x00000000800055b8
core   0:           tval 0x00000000f1583df3
core   0: >>>>  $xrv64i2p1_m2p0_a2p1_f2p2_d2p2_zicsr2p0_zifencei2p0_zmmul1p0_zba1p0_zbb1p0_zbc1p0_zbs1p0
core   0: 0x0000000080004000 (0x0080006f) j       pc + 0x8
core   0: 3 0x0000000080004000 (0x0080006f)
core   0: >>>>  mmode_exception_handler
core   0: 0x0000000080004008 (0x00002c17) auipc   s8, 0x2
core   0: 3 0x0000000080004008 (0x00002c17) x24 0x0000000080006008
core   0: 0x000000008000400c (0x00ec0c13) addi    s8, s8, 14
core   0: 3 0x000000008000400c (0x00ec0c13) x24 0x0000000080006016
core   0: 0x0000000080004010 (0x000c00e7) jalr    s8
core   0: 3 0x0000000080004010 (0x000c00e7) x1  0x0000000080004014
core   0: >>>>  any_handler
core   0: 0x0000000080006016 (0x341027f3) csrrs   a5, mepc, zero
core   0: 3 0x0000000080006016 (0x341027f3) x15 0x00000000800055b8
core   0: 0x000000008000601a (0x34202773) csrrs   a4, mcause, zero
core   0: 3 0x000000008000601a (0x34202773) x14 0x0000000000000002
core   0: 0x000000008000601e (0x142026f3) csrrs   a3, scause, zero
core   0: 3 0x000000008000601e (0x142026f3) x13 0x0000000000000000
core   0: 0x0000000080006022 (0x30402673) csrrs   a2, mie, zero
core   0: 3 0x0000000080006022 (0x30402673) x12 0x0000000000000a00
core   0: 0x0000000080006026 (0x344025f3) csrrs   a1, mip, zero
core   0: 3 0x0000000080006026 (0x344025f3) x11 0x0000000000000080
core   0: 0x000000008000602a (0x343025f3) csrrs   a1, mtval, zero
core   0: 3 0x000000008000602a (0x343025f3) x11 0x00000000f1583df3
core   0: 0x000000008000602e (0x14302573) csrrs   a0, stval, zero
core   0: 3 0x000000008000602e (0x14302573) x10 0x0000000000000014
core   0: 0x0000000080006032 (0xb02024f3) csrrs   s1, minstret, zero
core   0: 3 0x0000000080006032 (0xb02024f3) x9  0x0000000000000f63
core   0: 0x0000000080006036 (0x0000a811) c.j     pc + 20
core   0: 3 0x0000000080006036 (0xa811)
core   0: >>>>  mepc_4
core   0: 0x000000008000604a (0x00000791) c.addi  a5, 4
core   0: 3 0x000000008000604a (0x0791) x15 0x00000000800055bc
core   0: 0x000000008000604c (0x34179073) csrrw   zero, mepc, a5
core   0: 3 0x000000008000604c (0x34179073) c833_mepc 0x00000000800055bc
core   0: 0x0000000080006050 (0x30200073) mret
core   0: 3 0x0000000080006050 (0x30200073) c768_mstatus 0x8000000a00106080
core   0: 0x00000000800055bc (0x0077d7bb) srlw    a5, a5, t2
core   0: 1 0x00000000800055bc (0x0077d7bb) x15 0xffffffff800055bc
core   0: 0x00000000800055c0 (0x0007dc1b) srliw   s8, a5, 0
core   0: 1 0x00000000800055c0 (0x0007dc1b) x24 0xffffffff800055bc
core   0: 0x00000000800055c4 (0xa2130b53) fle.d   s6, ft6, ft1
core   0: 1 0x00000000800055c4 (0xa2130b53) c1_fflags 0x0000000000000013 x22 0x0000000000000000
core   0: 0x00000000800055c8 (0xeac61537) lui     a0, 0xeac61
core   0: 1 0x00000000800055c8 (0xeac61537) x10 0xffffffffeac61000
core   0: 0x00000000800055cc (0xd2317653) fcvt.d.lu fa2, sp
core   0: 1 0x00000000800055cc (0xd2317653) f12 0x0000000000000000
core   0: 0x00000000800055d0 (0x05115637) lui     a2, 0x5115
core   0: 1 0x00000000800055d0 (0x05115637) x12 0x0000000005115000
core   0: 0x00000000800055d4 (0x6116061b) addiw   a2, a2, 1553
core   0: 1 0x00000000800055d4 (0x6116061b) x12 0x0000000005115611
core   0: 0x00000000800055d8 (0x00000632) c.slli  a2, 12
core   0: 1 0x00000000800055d8 (0x0632) x12 0x0000005115611000
core   0: 0x00000000800055da (0xd8e60613) addi    a2, a2, -626
core   0: 1 0x00000000800055da (0xd8e60613) x12 0x0000005115610d8e
core   0: 0x00000000800055de (0x000096aa) c.add   a3, a0
core   0: 1 0x00000000800055de (0x96aa) x13 0xffffffffeac61000
core   0: 0x00000000800055e0 (0x00d75733) srl     a4, a4, a3
core   0: 1 0x00000000800055e0 (0x00d75733) x14 0x0000000000000002
core   0: 0x00000000800055e4 (0x015775b3) and     a1, a4, s5
core   0: 1 0x00000000800055e4 (0x015775b3) x11 0x0000000000000000
core   0: 0x00000000800055e8 (0x00949bb3) sll     s7, s1, s1
core   0: 1 0x00000000800055e8 (0x00949bb3) x23 0x00007b1800000000
core   0: 0x00000000800055ec (0x0a427a47) fmsub.d fs4, ft4, ft4, ft1
core   0: 1 0x00000000800055ec (0x0a427a47) f20 0x7ff8000000000000
core   0: 0x00000000800055f0 (0x02a797b3) mulh    a5, a5, a0
core   0: 1 0x00000000800055f0 (0x02a797b3) x15 0x0000000000000000
core   0: 0x00000000800055f4 (0xd20080d3) fcvt.d.w ft1, ra
core   0: 1 0x00000000800055f4 (0xd20080d3) f1  0xc1dfffeffb000000
core   0: 0x00000000800055f8 (0x41c20b33) sub     s6, tp, t3
core   0: 1 0x00000000800055f8 (0x41c20b33) x22 0x0000000057ccbfea
core   0: 0x00000000800055fc (0x414b5a3b) sraw    s4, s6, s4
core   0: 1 0x00000000800055fc (0x414b5a3b) x20 0x0000000057ccbfea
core   0: 0x0000000080005600 (0x036b51bb) divuw   gp, s6, s6
core   0: 1 0x0000000080005600 (0x036b51bb) x3  0x0000000000000001
core   0: 0x0000000080005604 (0xd031ffd3) fcvt.s.lu ft11, gp
core   0: 1 0x0000000080005604 (0xd031ffd3) f31 0xffffffff3f800000
core   0: 0x0000000080005608 (0xa23584d3) fle.d   s1, fa1, ft3
core   0: 1 0x0000000080005608 (0xa23584d3) c1_fflags 0x0000000000000013 x9  0x0000000000000000
core   0: 0x000000008000560c (0x014b4833) xor     a6, s6, s4
core   0: 1 0x000000008000560c (0x014b4833) x16 0x0000000000000000
core   0: 0x0000000080005610 (0x01bd55b3) srl     a1, s10, s11
core   0: 1 0x0000000080005610 (0x01bd55b3) x11 0x0000000053960f9e
core   0: 0x0000000080005614 (0x223c0c53) fsgnj.d fs8, fs8, ft3
core   0: 1 0x0000000080005614 (0x223c0c53) f24 0x44319dd48861314a
core   0: 0x0000000080005618 (0x030bdb13) srli    s6, s7, 48
core   0: 1 0x0000000080005618 (0x030bdb13) x22 0x0000000000000000
core   0: 0x000000008000561c (0x7ffbc913) xori    s2, s7, 2047
core   0: 1 0x000000008000561c (0x7ffbc913) x18 0x00007b18000007ff
core   0: 0x0000000080005620 (0xd21d80d3) fcvt.d.wu ft1, s11
core   0: 1 0x0000000080005620 (0xd21d80d3) f1  0x0000000000000000
core   0: 0x0000000080005624 (0x136afed3) fmul.d  ft9, fs5, fs6
core   0: 1 0x0000000080005624 (0x136afed3) f29 0x7ff8000000000000
core   0: 0x0000000080005628 (0x03befd4f) fnmadd.d fs10, ft9, fs11, ft0
core   0: 1 0x0000000080005628 (0x03befd4f) f26 0x7ff8000000000000
core   0: 0x000000008000562c (0x000e6613) ori     a2, t3, 0
core   0: 1 0x000000008000562c (0x000e6613) x12 0x000000001419d016
core   0: 0x0000000080005630 (0x0bd57953) fsub.d  fs2, fa0, ft9
core   0: 1 0x0000000080005630 (0x0bd57953) f18 0x7ff8000000000000
core   0: 0x0000000080005634 (0x032d7cd3) fadd.d  fs9, fs10, fs2
core   0: 1 0x0000000080005634 (0x032d7cd3) f25 0x7ff8000000000000
core   0: 0x0000000080005638 (0x023ee1bb) remw    gp, t4, gp
core   0: 1 0x0000000080005638 (0x023ee1bb) x3  0x0000000000000000
core   0: 0x000000008000563c (0x0339c9bb) divw    s3, s3, s3
core   0: 1 0x000000008000563c (0x0339c9bb) x19 0xffffffffffffffff
core   0: 0x0000000080005640 (0x011baeb3) slt     t4, s7, a7
core   0: 1 0x0000000080005640 (0x011baeb3) x29 0x0000000000000001
core   0: 0x0000000080005644 (0x4095d89b) sraiw   a7, a1, 9
core   0: 1 0x0000000080005644 (0x4095d89b) x17 0x000000000029cb07
core   0: 0x0000000080005648 (0x4088dd3b) sraw    s10, a7, s0
core   0: 1 0x0000000080005648 (0x4088dd3b) x26 0x000000000029cb07
core   0: 0x000000008000564c (0x0b2cf2cf) fnmadd.d ft5, fs9, fs2, ft1
core   0: 1 0x000000008000564c (0x0b2cf2cf) f5  0x7ff8000000000000
core   0: 0x0000000080005650 (0x0fe80037) lui     zero, 0xfe80
core   0: 1 0x0000000080005650 (0x0fe80037)
core   0: 0x0000000080005654 (0x2b891c53) fmax.d  fs8, fs2, fs8
core   0: 1 0x0000000080005654 (0x2b891c53) f24 0x44319dd48861314a
core   0: 0x0000000080005658 (0x40215833) sra     a6, sp, sp
core   0: 1 0x0000000080005658 (0x40215833) x16 0x0000000000000000
core   0: 0x000000008000565c (0x51f8051b) addiw   a0, a6, 1311
core   0: 1 0x000000008000565c (0x51f8051b) x10 0x000000000000051f
core   0: 0x0000000080005660 (0x00202ef3) csrrs   t4, frm, zero
core   0: 1 0x0000000080005660 (0x00202ef3) x29 0x0000000000000002
core   0: 0x0000000080005664 (0x03fe5e13) srli    t3, t3, 63
core   0: 1 0x0000000080005664 (0x03fe5e13) x28 0x0000000000000000
core   0: 0x0000000080005668 (0xe20b0a53) fmv.x.d s4, fs6
core   0: 1 0x0000000080005668 (0xe20b0a53) x20 0x7ff8000000000000
core   0: 0x000000008000566c (0xc25170cb) fnmsub.d ft1, ft2, ft5, fs8
core   0: 1 0x000000008000566c (0xc25170cb) f1  0x7ff8000000000000
core   0: 0x0000000080005670 (0xf2028b53) fmv.d.x fs6, t0
core   0: 1 0x0000000080005670 (0xf2028b53) f22 0xffffffffffffffff
core   0: 0x0000000080005674 (0x00d17733) and     a4, sp, a3
core   0: 1 0x0000000080005674 (0x00d17733) x14 0x0000000000000000
core   0: 0x0000000080005678 (0x7abc7a13) andi    s4, s8, 1963
core   0: 1 0x0000000080005678 (0x7abc7a13) x20 0x00000000000005a8
core   0: 0x000000008000567c (0x1a94f153) fdiv.d  ft2, fs1, fs1
core   0: 1 0x000000008000567c (0x1a94f153) f2  0x7ff8000000000000
core   0: 0x0000000080005680 (0x00007813) andi    a6, zero, 0
core   0: 1 0x0000000080005680 (0x00007813) x16 0x0000000000000000
core   0: 0x0000000080005684 (0x0324f6bb) remuw   a3, s1, s2
core   0: 1 0x0000000080005684 (0x0324f6bb) x13 0x0000000000000000
core   0: 0x0000000080005688 (0x02a6c13b) divw    sp, a3, a0
core   0: 1 0x0000000080005688 (0x02a6c13b) x2  0x0000000000000000
core   0: 0x000000008000568c (0x0ff0000f) fence   iorw,iorw
core   0: 1 0x000000008000568c (0x0ff0000f)
core   0: 0x0000000080005690 (0x020e86bb) mulw    a3, t4, zero
core   0: 1 0x0000000080005690 (0x020e86bb) x13 0x0000000000000000
core   0: 0x0000000080005694 (0x00102bf3) csrrs   s7, fflags, zero
core   0: 1 0x0000000080005694 (0x00102bf3) x23 0x0000000000000013
core   0: 0x0000000080005698 (0x037e82bb) mulw    t0, t4, s7
core   0: 1 0x0000000080005698 (0x037e82bb) x5  0x0000000000000026
core   0: 0x000000008000569c (0x001b959b) slliw   a1, s7, 1
core   0: 1 0x000000008000569c (0x001b959b) x11 0x0000000000000026
core   0: 0x00000000800056a0 (0x03748533) mul     a0, s1, s7
core   0: 1 0x00000000800056a0 (0x03748533) x10 0x0000000000000000
core   0: 0x00000000800056a4 (0x00b11933) sll     s2, sp, a1
core   0: 1 0x00000000800056a4 (0x00b11933) x18 0x0000000000000000
core   0: 0x00000000800056a8 (0x00061493) slli    s1, a2, 0
core   0: 1 0x00000000800056a8 (0x00061493) x9  0x000000001419d016
core   0: 0x00000000800056ac (0x78986413) ori     s0, a6, 1929
core   0: 1 0x00000000800056ac (0x78986413) x8  0x0000000000000789
core   0: 0x00000000800056b0 (0x4001519b) sraiw   gp, sp, 0
core   0: 1 0x00000000800056b0 (0x4001519b) x3  0x0000000000000000
core   0: 0x00000000800056b4 (0x408e833b) subw    t1, t4, s0
core   0: 1 0x00000000800056b4 (0x408e833b) x6  0xfffffffffffff879
core   0: 0x00000000800056b8 (0xc204f0d3) fcvt.w.d ra, fs1
core   0: 1 0x00000000800056b8 (0xc204f0d3) c1_fflags 0x0000000000000013 x1  0x000000007fffffff
core   0: 0x00000000800056bc (0x43fa5d13) srai    s10, s4, 63
core   0: 1 0x00000000800056bc (0x43fa5d13) x26 0x0000000000000000
core   0: 0x00000000800056c0 (0xfff30b13) addi    s6, t1, -1
core   0: 1 0x00000000800056c0 (0xfff30b13) x22 0xfffffffffffff878
core   0: 0x00000000800056c4 (0xc0317d53) fcvt.lu.s s10, ft2
core   0: 1 0x00000000800056c4 (0xc0317d53) c1_fflags 0x0000000000000013 x26 0xffffffffffffffff
core   0: 0x00000000800056c8 (0x4073dbbb) sraw    s7, t2, t2
core   0: 1 0x00000000800056c8 (0x4073dbbb) x23 0x0000000000000000
core   0: 0x00000000800056cc (0x8007879b) addiw   a5, a5, -2048
core   0: 1 0x00000000800056cc (0x8007879b) x15 0xfffffffffffff800
core   0: 0x00000000800056d0 (0x6f1a0c1b) addiw   s8, s4, 1777
core   0: 1 0x00000000800056d0 (0x6f1a0c1b) x24 0x0000000000000c99
core   0: 0x00000000800056d4 (0xd23c71d3) fcvt.d.lu ft3, s8
core   0: 1 0x00000000800056d4 (0xd23c71d3) f3  0x40a9320000000000
core   0: 0x00000000800056d8 (0x019c529b) srliw   t0, s8, 25
core   0: 1 0x00000000800056d8 (0x019c529b) x5  0x0000000000000000
core   0: 0x00000000800056dc (0x0162141b) slliw   s0, tp, 22
core   0: 1 0x00000000800056dc (0x0162141b) x8  0x0000000000000000
core   0: 0x00000000800056e0 (0xd20c0b53) fcvt.d.w fs6, s8
core   0: 1 0x00000000800056e0 (0xd20c0b53) f22 0x40a9320000000000
core   0: 0x00000000800056e4 (0x41465a33) sra     s4, a2, s4
core   0: 1 0x00000000800056e4 (0x41465a33) x20 0x0000000000000000
core   0: 0x00000000800056e8 (0x2af18653) fmin.d  fa2, ft3, fa5
core   0: 1 0x00000000800056e8 (0x2af18653) f12 0x40a9320000000000
core   0: 0x00000000800056ec (0xf110e6f3) csrrsi  a3, mvendorid, 1
core   0: exception trap_illegal_instruction, epc 0x00000000800056ec
core   0:           tval 0x00000000f110e6f3
core   0: >>>>  $xrv64i2p1_m2p0_a2p1_f2p2_d2p2_zicsr2p0_zifencei2p0_zmmul1p0_zba1p0_zbb1p0_zbc1p0_zbs1p0
core   0: 0x0000000080004000 (0x0080006f) j       pc + 0x8
core   0: 3 0x0000000080004000 (0x0080006f)
core   0: >>>>  mmode_exception_handler
core   0: 0x0000000080004008 (0x00002c17) auipc   s8, 0x2
core   0: 3 0x0000000080004008 (0x00002c17) x24 0x0000000080006008
core   0: 0x000000008000400c (0x00ec0c13) addi    s8, s8, 14
core   0: 3 0x000000008000400c (0x00ec0c13) x24 0x0000000080006016
core   0: 0x0000000080004010 (0x000c00e7) jalr    s8
core   0: 3 0x0000000080004010 (0x000c00e7) x1  0x0000000080004014
core   0: >>>>  any_handler
core   0: 0x0000000080006016 (0x341027f3) csrrs   a5, mepc, zero
core   0: 3 0x0000000080006016 (0x341027f3) x15 0x00000000800056ec
core   0: 0x000000008000601a (0x34202773) csrrs   a4, mcause, zero
core   0: 3 0x000000008000601a (0x34202773) x14 0x0000000000000002
core   0: 0x000000008000601e (0x142026f3) csrrs   a3, scause, zero
core   0: 3 0x000000008000601e (0x142026f3) x13 0x0000000000000000
core   0: 0x0000000080006022 (0x30402673) csrrs   a2, mie, zero
core   0: 3 0x0000000080006022 (0x30402673) x12 0x0000000000000a00
core   0: 0x0000000080006026 (0x344025f3) csrrs   a1, mip, zero
core   0: 3 0x0000000080006026 (0x344025f3) x11 0x0000000000000080
core   0: 0x000000008000602a (0x343025f3) csrrs   a1, mtval, zero
core   0: 3 0x000000008000602a (0x343025f3) x11 0x00000000f110e6f3
core   0: 0x000000008000602e (0x14302573) csrrs   a0, stval, zero
core   0: 3 0x000000008000602e (0x14302573) x10 0x0000000000000014
core   0: 0x0000000080006032 (0xb02024f3) csrrs   s1, minstret, zero
core   0: 3 0x0000000080006032 (0xb02024f3) x9  0x0000000000000fc0
core   0: 0x0000000080006036 (0x0000a811) c.j     pc + 20
core   0: 3 0x0000000080006036 (0xa811)
core   0: >>>>  mepc_4
core   0: 0x000000008000604a (0x00000791) c.addi  a5, 4
core   0: 3 0x000000008000604a (0x0791) x15 0x00000000800056f0
core   0: 0x000000008000604c (0x34179073) csrrw   zero, mepc, a5
core   0: 3 0x000000008000604c (0x34179073) c833_mepc 0x00000000800056f0
core   0: 0x0000000080006050 (0x30200073) mret
core   0: 3 0x0000000080006050 (0x30200073) c768_mstatus 0x8000000a00106080
core   0: 0x00000000800056f0 (0x407a53b3) sra     t2, s4, t2
core   0: 1 0x00000000800056f0 (0x407a53b3) x7  0x0000000000000000
core   0: 0x00000000800056f4 (0x00069c9b) slliw   s9, a3, 0
core   0: 1 0x00000000800056f4 (0x00069c9b) x25 0x0000000000000000
core   0: 0x00000000800056f8 (0x00622833) slt     a6, tp, t1
core   0: 1 0x00000000800056f8 (0x00622833) x16 0x0000000000000000
core   0: 0x00000000800056fc (0x009de4b3) or      s1, s11, s1
core   0: 1 0x00000000800056fc (0x009de4b3) x9  0x0000000000000fc0
core   0: 0x0000000080005700 (0x029d893b) mulw    s2, s11, s1
core   0: 1 0x0000000080005700 (0x029d893b) x18 0x0000000000000000
core   0: 0x0000000080005704 (0x2b6b1053) fmax.d  ft0, fs6, fs6
core   0: 1 0x0000000080005704 (0x2b6b1053) f0  0x40a9320000000000
core   0: 0x0000000080005708 (0x7d36fd93) andi    s11, a3, 2003
core   0: 1 0x0000000080005708 (0x7d36fd93) x27 0x0000000000000000
core   0: 0x000000008000570c (0x02487833) remu    a6, a6, tp
core   0: 1 0x000000008000570c (0x02487833) x16 0x0000000000000000
core   0: 0x0000000080005710 (0x00202af3) csrrs   s5, frm, zero
core   0: 1 0x0000000080005710 (0x00202af3) x21 0x0000000000000002
core   0: 0x0000000080005714 (0x001029f3) csrrs   s3, fflags, zero
core   0: 1 0x0000000080005714 (0x001029f3) x19 0x0000000000000013
core   0: 0x0000000080005718 (0x224005d3) fsgnj.d fa1, ft0, ft4
core   0: 1 0x0000000080005718 (0x224005d3) f11 0x40a9320000000000
core   0: 0x000000008000571c (0x9a32fd43) fmadd.d fs10, ft5, ft3, fs3
core   0: 1 0x000000008000571c (0x9a32fd43) f26 0x7ff8000000000000
core   0: 0x0000000080005720 (0x420d0653) fcvt.d.s fa2, fs10
core   0: 1 0x0000000080005720 (0x420d0653) f12 0x7ff8000000000000
core   0: 0x0000000080005724 (0x2bad06d3) fmin.d  fa3, fs10, fs10
core   0: 1 0x0000000080005724 (0x2bad06d3) f13 0x7ff8000000000000
core   0: 0x0000000080005728 (0x6be1f24f) fnmadd.d ft4, ft3, ft10, fa3
core   0: 1 0x0000000080005728 (0x6be1f24f) f4  0x7ff8000000000000
core   0: 0x000000008000572c (0x001029f3) csrrs   s3, fflags, zero
core   0: 1 0x000000008000572c (0x001029f3) x19 0x0000000000000013
core   0: 0x0000000080005730 (0x039c97b3) mulh    a5, s9, s9
core   0: 1 0x0000000080005730 (0x039c97b3) x15 0x0000000000000000
core   0: 0x0000000080005734 (0x007be5b3) or      a1, s7, t2
core   0: 1 0x0000000080005734 (0x007be5b3) x11 0x0000000000000000
core   0: 0x0000000080005738 (0x40f1d1bb) sraw    gp, gp, a5
core   0: 1 0x0000000080005738 (0x40f1d1bb) x3  0x0000000000000000
core   0: 0x000000008000573c (0x41f1d91b) sraiw   s2, gp, 31
core   0: 1 0x000000008000573c (0x41f1d91b) x18 0x0000000000000000
core   0: 0x0000000080005740 (0x01be963b) sllw    a2, t4, s11
core   0: 1 0x0000000080005740 (0x01be963b) x12 0x0000000000000002
core   0: 0x0000000080005744 (0xc036f4d3) fcvt.lu.s s1, fa3
core   0: 1 0x0000000080005744 (0xc036f4d3) c1_fflags 0x0000000000000013 x9  0xffffffffffffffff
core   0: 0x0000000080005748 (0x00081d13) slli    s10, a6, 0
core   0: 1 0x0000000080005748 (0x00081d13) x26 0x0000000000000000
core   0: 0x000000008000574c (0x03cdbe33) mulhu   t3, s11, t3
core   0: 1 0x000000008000574c (0x03cdbe33) x28 0x0000000000000000
core   0: 0x0000000080005750 (0x0ff0000f) fence   iorw,iorw
core   0: 1 0x0000000080005750 (0x0ff0000f)
core   0: 0x0000000080005754 (0x420609d3) fcvt.d.s fs3, fa2
core   0: 1 0x0000000080005754 (0x420609d3) f19 0x7ff8000000000000
core   0: 0x0000000080005758 (0x00000001) c.nop
core   0: 1 0x0000000080005758 (0x0001)
core   0: 0x000000008000575a (0x01bd17bb) sllw    a5, s10, s11
core   0: 1 0x000000008000575a (0x01bd17bb) x15 0x0000000000000000
core   0: 0x000000008000575e (0x03ae7733) remu    a4, t3, s10
core   0: 1 0x000000008000575e (0x03ae7733) x14 0x0000000000000000
core   0: 0x0000000080005762 (0x03f71113) slli    sp, a4, 63
core   0: 1 0x0000000080005762 (0x03f71113) x2  0x0000000000000000
core   0: 0x0000000080005766 (0x028779bb) remuw   s3, a4, s0
core   0: 1 0x0000000080005766 (0x028779bb) x19 0x0000000000000000
core   0: 0x000000008000576a (0x008b4033) xor     zero, s6, s0
core   0: 1 0x000000008000576a (0x008b4033)
core   0: 0x000000008000576e (0x02205593) srli    a1, zero, 34
core   0: 1 0x000000008000576e (0x02205593) x11 0x0000000000000000
core   0: 0x0000000080005772 (0x4079d6bb) sraw    a3, s3, t2
core   0: 1 0x0000000080005772 (0x4079d6bb) x13 0x0000000000000000
core   0: 0x0000000080005776 (0x00b3fc33) and     s8, t2, a1
core   0: 1 0x0000000080005776 (0x00b3fc33) x24 0x0000000000000000
core   0: 0x000000008000577a (0x0104143b) sllw    s0, s0, a6
core   0: 1 0x000000008000577a (0x0104143b) x8  0x0000000000000000
core   0: 0x000000008000577e (0x03bd9333) mulh    t1, s11, s11
core   0: 1 0x000000008000577e (0x03bd9333) x6  0x0000000000000000
core   0: 0x0000000080005782 (0x7256fc37) lui     s8, 0x7256f
core   0: 1 0x0000000080005782 (0x7256fc37) x24 0x000000007256f000
core   0: 0x0000000080005786 (0x037e1113) slli    sp, t3, 55
core   0: 1 0x0000000080005786 (0x037e1113) x2  0x0000000000000000
core   0: 0x000000008000578a (0xd21c0f53) fcvt.d.wu ft10, s8
core   0: 1 0x000000008000578a (0xd21c0f53) f30 0x41dc95bc00000000
core   0: 0x000000008000578e (0xd2217053) fcvt.d.l ft0, sp
core   0: 1 0x000000008000578e (0xd2217053) f0  0x0000000000000000
core   0: 0x0000000080005792 (0x220eafd3) fsgnjx.d ft11, ft9, ft0
core   0: 1 0x0000000080005792 (0x220eafd3) f31 0x7ff8000000000000
core   0: 0x0000000080005796 (0x00000001) c.nop
core   0: 1 0x0000000080005796 (0x0001)
core   0: 0x0000000080005798 (0x23f3a3d3) fsgnjx.d ft7, ft7, ft11
core   0: 1 0x0000000080005798 (0x23f3a3d3) f7  0x41e852fb9f800000
core   0: 0x000000008000579c (0x1437b7f3) csrrc   a5, stval, a5
core   0: 1 0x000000008000579c (0x1437b7f3) x15 0x0000000000000014 c323_stval 0x0000000000000014
core   0: 0x00000000800057a0 (0xc21f7b53) fcvt.wu.d s6, ft10
core   0: 1 0x00000000800057a0 (0xc21f7b53) x22 0x000000007256f000
core   0: 0x00000000800057a4 (0x00dc989b) slliw   a7, s9, 13
core   0: 1 0x00000000800057a4 (0x00dc989b) x17 0x0000000000000000
core   0: 0x00000000800057a8 (0x40107353) fcvt.s.d ft6, ft0
core   0: 1 0x00000000800057a8 (0x40107353) f6  0xffffffff00000000
core   0: 0x00000000800057ac (0x02d22ab3) mulhsu  s5, tp, a3
core   0: 1 0x00000000800057ac (0x02d22ab3) x21 0x0000000000000000
core   0: 0x00000000800057b0 (0xd022f353) fcvt.s.l ft6, t0
core   0: 1 0x00000000800057b0 (0xd022f353) f6  0xffffffff00000000
core   0: 0x00000000800057b4 (0x340dfcf3) csrrci  s9, mscratch, 27
core   0: exception trap_illegal_instruction, epc 0x00000000800057b4
core   0:           tval 0x00000000340dfcf3
core   0: >>>>  $xrv64i2p1_m2p0_a2p1_f2p2_d2p2_zicsr2p0_zifencei2p0_zmmul1p0_zba1p0_zbb1p0_zbc1p0_zbs1p0
core   0: 0x0000000080004000 (0x0080006f) j       pc + 0x8
core   0: 3 0x0000000080004000 (0x0080006f)
core   0: >>>>  mmode_exception_handler
core   0: 0x0000000080004008 (0x00002c17) auipc   s8, 0x2
core   0: 3 0x0000000080004008 (0x00002c17) x24 0x0000000080006008
core   0: 0x000000008000400c (0x00ec0c13) addi    s8, s8, 14
core   0: 3 0x000000008000400c (0x00ec0c13) x24 0x0000000080006016
core   0: 0x0000000080004010 (0x000c00e7) jalr    s8
core   0: 3 0x0000000080004010 (0x000c00e7) x1  0x0000000080004014
core   0: >>>>  any_handler
core   0: 0x0000000080006016 (0x341027f3) csrrs   a5, mepc, zero
core   0: 3 0x0000000080006016 (0x341027f3) x15 0x00000000800057b4
core   0: 0x000000008000601a (0x34202773) csrrs   a4, mcause, zero
core   0: 3 0x000000008000601a (0x34202773) x14 0x0000000000000002
core   0: 0x000000008000601e (0x142026f3) csrrs   a3, scause, zero
core   0: 3 0x000000008000601e (0x142026f3) x13 0x0000000000000000
core   0: 0x0000000080006022 (0x30402673) csrrs   a2, mie, zero
core   0: 3 0x0000000080006022 (0x30402673) x12 0x0000000000000a00
core   0: 0x0000000080006026 (0x344025f3) csrrs   a1, mip, zero
core   0: 3 0x0000000080006026 (0x344025f3) x11 0x0000000000000080
core   0: 0x000000008000602a (0x343025f3) csrrs   a1, mtval, zero
core   0: 3 0x000000008000602a (0x343025f3) x11 0x00000000340dfcf3
core   0: 0x000000008000602e (0x14302573) csrrs   a0, stval, zero
core   0: 3 0x000000008000602e (0x14302573) x10 0x0000000000000014
core   0: 0x0000000080006032 (0xb02024f3) csrrs   s1, minstret, zero
core   0: 3 0x0000000080006032 (0xb02024f3) x9  0x0000000000001002
core   0: 0x0000000080006036 (0x0000a811) c.j     pc + 20
core   0: 3 0x0000000080006036 (0xa811)
core   0: >>>>  mepc_4
core   0: 0x000000008000604a (0x00000791) c.addi  a5, 4
core   0: 3 0x000000008000604a (0x0791) x15 0x00000000800057b8
core   0: 0x000000008000604c (0x34179073) csrrw   zero, mepc, a5
core   0: 3 0x000000008000604c (0x34179073) c833_mepc 0x00000000800057b8
core   0: 0x0000000080006050 (0x30200073) mret
core   0: 3 0x0000000080006050 (0x30200073) c768_mstatus 0x8000000a00106080
core   0: 0x00000000800057b8 (0x03a49433) mulh    s0, s1, s10
core   0: 1 0x00000000800057b8 (0x03a49433) x8  0x0000000000000000
core   0: 0x00000000800057bc (0x00d2d9bb) srlw    s3, t0, a3
core   0: 1 0x00000000800057bc (0x00d2d9bb) x19 0x0000000000000000
core   0: 0x00000000800057c0 (0x01342533) slt     a0, s0, s3
core   0: 1 0x00000000800057c0 (0x01342533) x10 0x0000000000000000
core   0: 0x00000000800057c4 (0xc218f4d3) fcvt.wu.d s1, fa7
core   0: 1 0x00000000800057c4 (0xc218f4d3) c1_fflags 0x0000000000000013 x9  0xffffffffffffffff
core   0: 0x00000000800057c8 (0xbd0a8a9b) addiw   s5, s5, -1072
core   0: 1 0x00000000800057c8 (0xbd0a8a9b) x21 0xfffffffffffffbd0
core   0: 0x00000000800057cc (0x036335b3) mulhu   a1, t1, s6
core   0: 1 0x00000000800057cc (0x036335b3) x11 0x0000000000000000
core   0: 0x00000000800057d0 (0x00102bf3) csrrs   s7, fflags, zero
core   0: 1 0x00000000800057d0 (0x00102bf3) x23 0x0000000000000013
core   0: 0x00000000800057d4 (0xf3837ac3) fmadd.d fs5, ft6, fs8, ft10
core   0: 1 0x00000000800057d4 (0xf3837ac3) f21 0x7ff8000000000000
core   0: 0x00000000800057d8 (0x03ab65b3) rem     a1, s6, s10
core   0: 1 0x00000000800057d8 (0x03ab65b3) x11 0x000000007256f000
core   0: 0x00000000800057dc (0x0ff0000f) fence   iorw,iorw
core   0: 1 0x00000000800057dc (0x0ff0000f)
core   0: 0x00000000800057e0 (0xd23e7653) fcvt.d.lu fa2, t3
core   0: 1 0x00000000800057e0 (0xd23e7653) f12 0x0000000000000000
core   0: 0x00000000800057e4 (0x774e6c97) auipc   s9, 0x774e6
core   0: 1 0x00000000800057e4 (0x774e6c97) x25 0x00000000f74eb7e4
core   0: 0x00000000800057e8 (0x401dd8bb) sraw    a7, s11, ra
core   0: 1 0x00000000800057e8 (0x401dd8bb) x17 0x0000000000000000
core   0: 0x00000000800057ec (0xfb5674c3) fmadd.d fs1, fa2, fs5, ft11
core   0: 1 0x00000000800057ec (0xfb5674c3) f9  0x7ff8000000000000
core   0: 0x00000000800057f0 (0xf2088e53) fmv.d.x ft8, a7
core   0: 1 0x00000000800057f0 (0xf2088e53) f28 0x0000000000000000
core   0: 0x00000000800057f4 (0x00fc8033) add     zero, s9, a5
core   0: 1 0x00000000800057f4 (0x00fc8033)
core   0: 0x00000000800057f8 (0x40c3ddbb) sraw    s11, t2, a2
core   0: 1 0x00000000800057f8 (0x40c3ddbb) x27 0x0000000000000000
core   0: 0x00000000800057fc (0x12de7153) fmul.d  ft2, ft8, fa3
core   0: 1 0x00000000800057fc (0x12de7153) f2  0x7ff8000000000000
core   0: 0x0000000080005800 (0x138170cb) fnmsub.d ft1, ft2, fs8, ft2
core   0: 1 0x0000000080005800 (0x138170cb) f1  0x7ff8000000000000
core   0: 0x0000000080005804 (0xc0297a53) fcvt.l.s s4, fs2
core   0: 1 0x0000000080005804 (0xc0297a53) c1_fflags 0x0000000000000013 x20 0x7fffffffffffffff
core   0: 0x0000000080005808 (0x0093063b) addw    a2, t1, s1
core   0: 1 0x0000000080005808 (0x0093063b) x12 0xffffffffffffffff
core   0: 0x000000008000580c (0x001996f3) csrrw   a3, fflags, s3
core   0: 1 0x000000008000580c (0x001996f3) x13 0x0000000000000013 c1_fflags 0x0000000000000000
core   0: 0x0000000080005810 (0x23219f53) fsgnjn.d ft10, ft3, fs2
core   0: 1 0x0000000080005810 (0x23219f53) f30 0xc0a9320000000000
core   0: 0x0000000080005814 (0x23ff0453) fsgnj.d fs0, ft10, ft11
core   0: 1 0x0000000080005814 (0x23ff0453) f8  0x40a9320000000000
core   0: 0x0000000080005818 (0x413755bb) sraw    a1, a4, s3
core   0: 1 0x0000000080005818 (0x413755bb) x11 0x0000000000000002
core   0: 0x000000008000581c (0x01811893) slli    a7, sp, 24
core   0: 1 0x000000008000581c (0x01811893) x17 0x0000000000000000
core   0: 0x0000000080005820 (0x1375f453) fmul.d  fs0, fa1, fs7
core   0: 1 0x0000000080005820 (0x1375f453) f8  0x0000000000000000
core   0: 0x0000000080005824 (0xd9010a9b) addiw   s5, sp, -624
core   0: 1 0x0000000080005824 (0xd9010a9b) x21 0xfffffffffffffd90
core   0: 0x0000000080005828 (0xc230f9d3) fcvt.lu.d s3, ft1
core   0: 1 0x0000000080005828 (0xc230f9d3) c1_fflags 0x0000000000000010 x19 0xffffffffffffffff
core   0: 0x000000008000582c (0x00b81b1b) slliw   s6, a6, 11
core   0: 1 0x000000008000582c (0x00b81b1b) x22 0x0000000000000000
core   0: 0x0000000080005830 (0x02555e13) srli    t3, a0, 37
core   0: 1 0x0000000080005830 (0x02555e13) x28 0x0000000000000000
core   0: 0x0000000080005834 (0x0ff0000f) fence   iorw,iorw
core   0: 1 0x0000000080005834 (0x0ff0000f)
core   0: 0x0000000080005838 (0xd03efad3) fcvt.s.lu fs5, t4
core   0: 1 0x0000000080005838 (0xd03efad3) f21 0xffffffff40000000
core   0: 0x000000008000583c (0xc818a5f3) csrrs   a1, timeh, a7
core   0: exception trap_illegal_instruction, epc 0x000000008000583c
core   0:           tval 0x00000000c818a5f3
core   0: >>>>  $xrv64i2p1_m2p0_a2p1_f2p2_d2p2_zicsr2p0_zifencei2p0_zmmul1p0_zba1p0_zbb1p0_zbc1p0_zbs1p0
core   0: 0x0000000080004000 (0x0080006f) j       pc + 0x8
core   0: 3 0x0000000080004000 (0x0080006f)
core   0: >>>>  mmode_exception_handler
core   0: 0x0000000080004008 (0x00002c17) auipc   s8, 0x2
core   0: 3 0x0000000080004008 (0x00002c17) x24 0x0000000080006008
core   0: 0x000000008000400c (0x00ec0c13) addi    s8, s8, 14
core   0: 3 0x000000008000400c (0x00ec0c13) x24 0x0000000080006016
core   0: 0x0000000080004010 (0x000c00e7) jalr    s8
core   0: 3 0x0000000080004010 (0x000c00e7) x1  0x0000000080004014
core   0: >>>>  any_handler
core   0: 0x0000000080006016 (0x341027f3) csrrs   a5, mepc, zero
core   0: 3 0x0000000080006016 (0x341027f3) x15 0x000000008000583c
core   0: 0x000000008000601a (0x34202773) csrrs   a4, mcause, zero
core   0: 3 0x000000008000601a (0x34202773) x14 0x0000000000000002
core   0: 0x000000008000601e (0x142026f3) csrrs   a3, scause, zero
core   0: 3 0x000000008000601e (0x142026f3) x13 0x0000000000000000
core   0: 0x0000000080006022 (0x30402673) csrrs   a2, mie, zero
core   0: 3 0x0000000080006022 (0x30402673) x12 0x0000000000000a00
core   0: 0x0000000080006026 (0x344025f3) csrrs   a1, mip, zero
core   0: 3 0x0000000080006026 (0x344025f3) x11 0x0000000000000080
core   0: 0x000000008000602a (0x343025f3) csrrs   a1, mtval, zero
core   0: 3 0x000000008000602a (0x343025f3) x11 0x00000000c818a5f3
core   0: 0x000000008000602e (0x14302573) csrrs   a0, stval, zero
core   0: 3 0x000000008000602e (0x14302573) x10 0x0000000000000014
core   0: 0x0000000080006032 (0xb02024f3) csrrs   s1, minstret, zero
core   0: 3 0x0000000080006032 (0xb02024f3) x9  0x0000000000001033
core   0: 0x0000000080006036 (0x0000a811) c.j     pc + 20
core   0: 3 0x0000000080006036 (0xa811)
core   0: >>>>  mepc_4
core   0: 0x000000008000604a (0x00000791) c.addi  a5, 4
core   0: 3 0x000000008000604a (0x0791) x15 0x0000000080005840
core   0: 0x000000008000604c (0x34179073) csrrw   zero, mepc, a5
core   0: 3 0x000000008000604c (0x34179073) c833_mepc 0x0000000080005840
core   0: 0x0000000080006050 (0x30200073) mret
core   0: 3 0x0000000080006050 (0x30200073) c768_mstatus 0x8000000a00106080
core   0: 0x0000000080005840 (0xb4058113) addi    sp, a1, -1216
core   0: 1 0x0000000080005840 (0xb4058113) x2  0x00000000c818a133
core   0: 0x0000000080005844 (0xc023fa53) fcvt.l.s s4, ft7
core   0: 1 0x0000000080005844 (0xc023fa53) c1_fflags 0x0000000000000010 x20 0x7fffffffffffffff
core   0: 0x0000000080005848 (0x011e561b) srliw   a2, t3, 17
core   0: 1 0x0000000080005848 (0x011e561b) x12 0x0000000000000000
core   0: 0x000000008000584c (0xf20b8b53) fmv.d.x fs6, s7
core   0: 1 0x000000008000584c (0xf20b8b53) f22 0x0000000000000013
core   0: 0x0000000080005850 (0x9e3c7793) andi    a5, s8, -1565
core   0: 1 0x0000000080005850 (0x9e3c7793) x15 0x0000000080006002
core   0: 0x0000000080005854 (0x40f183b3) sub     t2, gp, a5
core   0: 1 0x0000000080005854 (0x40f183b3) x7  0xffffffff7fff9ffe
core   0: 0x0000000080005858 (0x01c25233) srl     tp, tp, t3
core   0: 1 0x0000000080005858 (0x01c25233) x4  0x000000006be69000
core   0: 0x000000008000585c (0x03704133) div     sp, zero, s7
core   0: 1 0x000000008000585c (0x03704133) x2  0x0000000000000000
core   0: 0x0000000080005860 (0x400bde9b) sraiw   t4, s7, 0
core   0: 1 0x0000000080005860 (0x400bde9b) x29 0x0000000000000013
core   0: 0x0000000080005864 (0x001b8593) addi    a1, s7, 1
core   0: 1 0x0000000080005864 (0x001b8593) x11 0x0000000000000014
core   0: 0x0000000080005868 (0xf11050f3) csrrwi  ra, mvendorid, 0
core   0: exception trap_illegal_instruction, epc 0x0000000080005868
core   0:           tval 0x00000000f11050f3
core   0: >>>>  $xrv64i2p1_m2p0_a2p1_f2p2_d2p2_zicsr2p0_zifencei2p0_zmmul1p0_zba1p0_zbb1p0_zbc1p0_zbs1p0
core   0: 0x0000000080004000 (0x0080006f) j       pc + 0x8
core   0: 3 0x0000000080004000 (0x0080006f)
core   0: >>>>  mmode_exception_handler
core   0: 0x0000000080004008 (0x00002c17) auipc   s8, 0x2
core   0: 3 0x0000000080004008 (0x00002c17) x24 0x0000000080006008
core   0: 0x000000008000400c (0x00ec0c13) addi    s8, s8, 14
core   0: 3 0x000000008000400c (0x00ec0c13) x24 0x0000000080006016
core   0: 0x0000000080004010 (0x000c00e7) jalr    s8
core   0: 3 0x0000000080004010 (0x000c00e7) x1  0x0000000080004014
core   0: >>>>  any_handler
core   0: 0x0000000080006016 (0x341027f3) csrrs   a5, mepc, zero
core   0: 3 0x0000000080006016 (0x341027f3) x15 0x0000000080005868
core   0: 0x000000008000601a (0x34202773) csrrs   a4, mcause, zero
core   0: 3 0x000000008000601a (0x34202773) x14 0x0000000000000002
core   0: 0x000000008000601e (0x142026f3) csrrs   a3, scause, zero
core   0: 3 0x000000008000601e (0x142026f3) x13 0x0000000000000000
core   0: 0x0000000080006022 (0x30402673) csrrs   a2, mie, zero
core   0: 3 0x0000000080006022 (0x30402673) x12 0x0000000000000a00
core   0: 0x0000000080006026 (0x344025f3) csrrs   a1, mip, zero
core   0: 3 0x0000000080006026 (0x344025f3) x11 0x0000000000000080
core   0: 0x000000008000602a (0x343025f3) csrrs   a1, mtval, zero
core   0: 3 0x000000008000602a (0x343025f3) x11 0x00000000f11050f3
core   0: 0x000000008000602e (0x14302573) csrrs   a0, stval, zero
core   0: 3 0x000000008000602e (0x14302573) x10 0x0000000000000014
core   0: 0x0000000080006032 (0xb02024f3) csrrs   s1, minstret, zero
core   0: 3 0x0000000080006032 (0xb02024f3) x9  0x000000000000104d
core   0: 0x0000000080006036 (0x0000a811) c.j     pc + 20
core   0: 3 0x0000000080006036 (0xa811)
core   0: >>>>  mepc_4
core   0: 0x000000008000604a (0x00000791) c.addi  a5, 4
core   0: 3 0x000000008000604a (0x0791) x15 0x000000008000586c
core   0: 0x000000008000604c (0x34179073) csrrw   zero, mepc, a5
core   0: 3 0x000000008000604c (0x34179073) c833_mepc 0x000000008000586c
core   0: 0x0000000080006050 (0x30200073) mret
core   0: 3 0x0000000080006050 (0x30200073) c768_mstatus 0x8000000a00106080
core   0: 0x000000008000586c (0xbb737bcb) fnmsub.d fs7, ft6, fs7, fs7
core   0: 1 0x000000008000586c (0xbb737bcb) f23 0x7ff8000000000000
core   0: 0x0000000080005870 (0x2bbb1953) fmax.d  fs2, fs6, fs11
core   0: 1 0x0000000080005870 (0x2bbb1953) f18 0x424afa28b8088000
core   0: 0x0000000080005874 (0x02f01c13) slli    s8, zero, 47
core   0: 1 0x0000000080005874 (0x02f01c13) x24 0x0000000000000000
core   0: 0x0000000080005878 (0x8c158593) addi    a1, a1, -1855
core   0: 1 0x0000000080005878 (0x8c158593) x11 0x00000000f11049b4
core   0: 0x000000008000587c (0x412257b3) sra     a5, tp, s2
core   0: 1 0x000000008000587c (0x412257b3) x15 0x000000006be69000
core   0: 0x0000000080005880 (0xd2297053) fcvt.d.l ft0, s2
core   0: 1 0x0000000080005880 (0xd2297053) f0  0x0000000000000000
core   0: 0x0000000080005884 (0x0262ec33) rem     s8, t0, t1
core   0: 1 0x0000000080005884 (0x0262ec33) x24 0x0000000000000000
core   0: 0x0000000080005888 (0x40b9d0bb) sraw    ra, s3, a1
core   0: 1 0x0000000080005888 (0x40b9d0bb) x1  0xffffffffffffffff
core   0: 0x000000008000588c (0xc20bfed3) fcvt.w.d t4, fs7
core   0: 1 0x000000008000588c (0xc20bfed3) c1_fflags 0x0000000000000010 x29 0x000000007fffffff
core   0: 0x0000000080005890 (0x6461d2b7) lui     t0, 0x6461d
core   0: 1 0x0000000080005890 (0x6461d2b7) x5  0x000000006461d000
core   0: 0x0000000080005894 (0x00169873) csrrw   a6, fflags, a3
core   0: 1 0x0000000080005894 (0x00169873) x16 0x0000000000000010 c1_fflags 0x0000000000000000
core   0: 0x0000000080005898 (0x220d9fd3) fsgnjn.d ft11, fs11, ft0
core   0: 1 0x0000000080005898 (0x220d9fd3) f31 0xc24afa28b8088000
core   0: 0x000000008000589c (0x22ff9153) fsgnjn.d ft2, ft11, fa5
core   0: 1 0x000000008000589c (0x22ff9153) f2  0xc24afa28b8088000
core   0: 0x00000000800058a0 (0x7afff34b) fnmsub.d ft6, ft11, fa5, fa5
core   0: 1 0x00000000800058a0 (0x7afff34b) f6  0x7ff8000000000000
core   0: 0x00000000800058a4 (0x02ad9e13) slli    t3, s11, 42
core   0: 1 0x00000000800058a4 (0x02ad9e13) x28 0x0000000000000000
core   0: 0x00000000800058a8 (0x80090b93) addi    s7, s2, -2048
core   0: 1 0x00000000800058a8 (0x80090b93) x23 0xfffffffffffff800
core   0: 0x00000000800058ac (0x03f25493) srli    s1, tp, 63
core   0: 1 0x00000000800058ac (0x03f25493) x9  0x0000000000000000
core   0: 0x00000000800058b0 (0x01305cbb) srlw    s9, zero, s3
core   0: 1 0x00000000800058b0 (0x01305cbb) x25 0x0000000000000000
core   0: 0x00000000800058b4 (0x0a2e71d3) fsub.d  ft3, ft8, ft2
core   0: 1 0x00000000800058b4 (0x0a2e71d3) f3  0x424afa28b8088000
core   0: 0x00000000800058b8 (0x030866bb) remw    a3, a6, a6
core   0: 1 0x00000000800058b8 (0x030866bb) x13 0x0000000000000000
core   0: 0x00000000800058bc (0xc217f3d3) fcvt.wu.d t2, fa5
core   0: 1 0x00000000800058bc (0xc217f3d3) c1_fflags 0x0000000000000010 x7  0xffffffffffffffff
core   0: 0x00000000800058c0 (0x03122bb3) mulhsu  s7, tp, a7
core   0: 1 0x00000000800058c0 (0x03122bb3) x23 0x0000000000000000
core   0: 0x00000000800058c4 (0x01ab60b3) or      ra, s6, s10
core   0: 1 0x00000000800058c4 (0x01ab60b3) x1  0x0000000000000000
core   0: 0x00000000800058c8 (0x001bfe93) andi    t4, s7, 1
core   0: 1 0x00000000800058c8 (0x001bfe93) x29 0x0000000000000000
core   0: 0x00000000800058cc (0x1284f9d3) fmul.d  fs3, fs1, fs0
core   0: 1 0x00000000800058cc (0x1284f9d3) f19 0x7ff8000000000000
core   0: 0x00000000800058d0 (0x41fad79b) sraiw   a5, s5, 31
core   0: 1 0x00000000800058d0 (0x41fad79b) x15 0xffffffffffffffff
core   0: 0x00000000800058d4 (0x02f7c433) div     s0, a5, a5
core   0: 1 0x00000000800058d4 (0x02f7c433) x8  0x0000000000000001
core   0: 0x00000000800058d8 (0x022445b3) div     a1, s0, sp
core   0: 1 0x00000000800058d8 (0x022445b3) x11 0xffffffffffffffff
core   0: 0x00000000800058dc (0x41c60a33) sub     s4, a2, t3
core   0: 1 0x00000000800058dc (0x41c60a33) x20 0x0000000000000a00
core   0: 0x00000000800058e0 (0x00051393) slli    t2, a0, 0
core   0: 1 0x00000000800058e0 (0x00051393) x7  0x0000000000000014
core   0: 0x00000000800058e4 (0xc221f053) fcvt.l.d zero, ft3
core   0: 1 0x00000000800058e4 (0xc221f053)
core   0: 0x00000000800058e8 (0x2a041653) fmax.d  fa2, fs0, ft0
core   0: 1 0x00000000800058e8 (0x2a041653) f12 0x0000000000000000
core   0: 0x00000000800058ec (0x02f69c93) slli    s9, a3, 47
core   0: 1 0x00000000800058ec (0x02f69c93) x25 0x0000000000000000
core   0: 0x00000000800058f0 (0x0350403b) divw    zero, zero, s5
core   0: 1 0x00000000800058f0 (0x0350403b)
core   0: 0x00000000800058f4 (0xe7d0879b) addiw   a5, ra, -387
core   0: 1 0x00000000800058f4 (0xe7d0879b) x15 0xfffffffffffffe7d
core   0: 0x00000000800058f8 (0x23410753) fsgnj.d fa4, ft2, fs4
core   0: 1 0x00000000800058f8 (0x23410753) f14 0x424afa28b8088000
core   0: 0x00000000800058fc (0x03683d33) mulhu   s10, a6, s6
core   0: 1 0x00000000800058fc (0x03683d33) x26 0x0000000000000000
core   0: 0x0000000080005900 (0x015afe33) and     t3, s5, s5
core   0: 1 0x0000000080005900 (0x015afe33) x28 0xfffffffffffffd90
core   0: 0x0000000080005904 (0x00251333) sll     t1, a0, sp
core   0: 1 0x0000000080005904 (0x00251333) x6  0x0000000000000014
core   0: 0x0000000080005908 (0x419354bb) sraw    s1, t1, s9
core   0: 1 0x0000000080005908 (0x419354bb) x9  0x0000000000000014
core   0: 0x000000008000590c (0x401ffa53) fcvt.s.d fs4, ft11
core   0: 1 0x000000008000590c (0x401ffa53) c1_fflags 0x0000000000000011 f20 0xffffffffd257d146
core   0: 0x0000000080005910 (0x40a75c13) srai    s8, a4, 10
core   0: 1 0x0000000080005910 (0x40a75c13) x24 0x0000000000000000
core   0: 0x0000000080005914 (0x00071693) slli    a3, a4, 0
core   0: 1 0x0000000080005914 (0x00071693) x13 0x0000000000000002
core   0: 0x0000000080005918 (0x00000001) c.nop
core   0: 1 0x0000000080005918 (0x0001)
core   0: 0x000000008000591a (0xd236f353) fcvt.d.lu ft6, a3
core   0: 1 0x000000008000591a (0xd236f353) f6  0x4000000000000000
core   0: 0x000000008000591e (0x00077313) andi    t1, a4, 0
core   0: 1 0x000000008000591e (0x00077313) x6  0x0000000000000000
core   0: 0x0000000080005922 (0x02d6c2b3) div     t0, a3, a3
core   0: 1 0x0000000080005922 (0x02d6c2b3) x5  0x0000000000000001
core   0: 0x0000000080005926 (0x000dd393) srli    t2, s11, 0
core   0: 1 0x0000000080005926 (0x000dd393) x7  0x0000000000000000
core   0: 0x000000008000592a (0xc21c7853) fcvt.wu.d a6, fs8
core   0: 1 0x000000008000592a (0xc21c7853) c1_fflags 0x0000000000000011 x16 0xffffffffffffffff
core   0: 0x000000008000592e (0xc21df253) fcvt.wu.d tp, fs11
core   0: 1 0x000000008000592e (0xc21df253) c1_fflags 0x0000000000000011 x4  0xffffffffffffffff
core   0: 0x0000000080005932 (0xc20b73d3) fcvt.w.d t2, fs6
core   0: 1 0x0000000080005932 (0xc20b73d3) c1_fflags 0x0000000000000011 x7  0x0000000000000000
core   0: 0x0000000080005936 (0xbb7ff043) fmadd.d ft0, ft11, fs7, fs7
core   0: 1 0x0000000080005936 (0xbb7ff043) f0  0x7ff8000000000000
core   0: 0x000000008000593a (0x00151af3) csrrw   s5, fflags, a0
core   0: 1 0x000000008000593a (0x00151af3) x21 0x0000000000000011 c1_fflags 0x0000000000000014
core   0: 0x000000008000593e (0x0009819b) sext.w  gp, s3
core   0: 1 0x000000008000593e (0x0009819b) x3  0xffffffffffffffff
core   0: 0x0000000080005942 (0x01f1951b) slliw   a0, gp, 31
core   0: 1 0x0000000080005942 (0x01f1951b) x10 0xffffffff80000000
core   0: 0x0000000080005946 (0x7f9aee13) ori     t3, s5, 2041
core   0: 1 0x0000000080005946 (0x7f9aee13) x28 0x00000000000007f9
core   0: 0x000000008000594a (0x00102973) csrrs   s2, fflags, zero
core   0: 1 0x000000008000594a (0x00102973) x18 0x0000000000000014
core   0: 0x000000008000594e (0x00011113) slli    sp, sp, 0
core   0: 1 0x000000008000594e (0x00011113) x2  0x0000000000000000
core   0: 0x0000000080005952 (0xc235fb53) fcvt.lu.d s6, fa1
core   0: 1 0x0000000080005952 (0xc235fb53) x22 0x0000000000000c99
core   0: 0x0000000080005956 (0x000ed89b) srliw   a7, t4, 0
core   0: 1 0x0000000080005956 (0x000ed89b) x17 0x0000000000000000
core   0: 0x000000008000595a (0xc2357253) fcvt.lu.d tp, fa0
core   0: 1 0x000000008000595a (0xc2357253) c1_fflags 0x0000000000000014 x4  0xffffffffffffffff
core   0: 0x000000008000595e (0x2f95859b) addiw   a1, a1, 761
core   0: 1 0x000000008000595e (0x2f95859b) x11 0x00000000000002f8
core   0: 0x0000000080005962 (0x42090fd3) fcvt.d.s ft11, fs2
core   0: 1 0x0000000080005962 (0x42090fd3) f31 0x7ff8000000000000
core   0: 0x0000000080005966 (0x418b563b) sraw    a2, s6, s8
core   0: 1 0x0000000080005966 (0x418b563b) x12 0x0000000000000c99
core   0: 0x000000008000596a (0x016b27b3) slt     a5, s6, s6
core   0: 1 0x000000008000596a (0x016b27b3) x15 0x0000000000000000
core   0: 0x000000008000596e (0x73b41617) auipc   a2, 0x73b41
core   0: 1 0x000000008000596e (0x73b41617) x12 0x00000000f3b4696e
core   0: 0x0000000080005972 (0xd23a7b53) fcvt.d.lu fs6, s4
core   0: 1 0x0000000080005972 (0xd23a7b53) f22 0x40a4000000000000
core   0: 0x0000000080005976 (0x02b835b3) mulhu   a1, a6, a1
core   0: 1 0x0000000080005976 (0x02b835b3) x11 0x00000000000002f7
core   0: 0x000000008000597a (0x22868253) fsgnj.d ft4, fa3, fs0
core   0: 1 0x000000008000597a (0x22868253) f4  0x7ff8000000000000
core   0: 0x000000008000597e (0x001d109b) slliw   ra, s10, 1
core   0: 1 0x000000008000597e (0x001d109b) x1  0x0000000000000000
core   0: 0x0000000080005982 (0x002a9973) csrrw   s2, frm, s5
core   0: 1 0x0000000080005982 (0x002a9973) x18 0x0000000000000002 c2_frm 0x0000000000000001
core   0: 0x0000000080005986 (0x01295133) srl     sp, s2, s2
core   0: 1 0x0000000080005986 (0x01295133) x2  0x0000000000000000
core   0: 0x000000008000598a (0x7ff6e413) ori     s0, a3, 2047
core   0: 1 0x000000008000598a (0x7ff6e413) x8  0x00000000000007ff
core   0: 0x000000008000598e (0x0018de13) srli    t3, a7, 1
core   0: 1 0x000000008000598e (0x0018de13) x28 0x0000000000000000
core   0: 0x0000000080005992 (0x00189b9b) slliw   s7, a7, 1
core   0: 1 0x0000000080005992 (0x00189b9b) x23 0x0000000000000000
core   0: 0x0000000080005996 (0x401e5c1b) sraiw   s8, t3, 1
core   0: 1 0x0000000080005996 (0x401e5c1b) x24 0x0000000000000000
core   0: 0x000000008000599a (0x23c8a9d3) fsgnjx.d fs3, fa7, ft8
core   0: 1 0x000000008000599a (0x23c8a9d3) f19 0xffffffff3f800000
core   0: 0x000000008000599e (0x230e9853) fsgnjn.d fa6, ft9, fa6
core   0: 1 0x000000008000599e (0x230e9853) f16 0x7ff8000000000000
core   0: 0x00000000800059a2 (0x02019393) slli    t2, gp, 32
core   0: 1 0x00000000800059a2 (0x02019393) x7  0xffffffff00000000
core   0: 0x00000000800059a6 (0x1b97f9d3) fdiv.d  fs3, fa5, fs9
core   0: 1 0x00000000800059a6 (0x1b97f9d3) f19 0x7ff8000000000000
core   0: 0x00000000800059aa (0x03917a53) fadd.d  fs4, ft2, fs9
core   0: 1 0x00000000800059aa (0x03917a53) f20 0x7ff8000000000000
core   0: 0x00000000800059ae (0x00008f6d) c.and   a4, a1
core   0: 1 0x00000000800059ae (0x8f6d) x14 0x0000000000000002
core   0: 0x00000000800059b0 (0xc22174d3) fcvt.l.d s1, ft2
core   0: 1 0x00000000800059b0 (0xc22174d3) x9  0xffffffca0bae8fef
core   0: 0x00000000800059b4 (0x00e4a433) slt     s0, s1, a4
core   0: 1 0x00000000800059b4 (0x00e4a433) x8  0x0000000000000001
core   0: 0x00000000800059b8 (0xa3bde637) lui     a2, 0xa3bde
core   0: 1 0x00000000800059b8 (0xa3bde637) x12 0xffffffffa3bde000
core   0: 0x00000000800059bc (0x0ff0000f) fence   iorw,iorw
core   0: 1 0x00000000800059bc (0x0ff0000f)
core   0: 0x00000000800059c0 (0x4001d91b) sraiw   s2, gp, 0
core   0: 1 0x00000000800059c0 (0x4001d91b) x18 0xffffffffffffffff
core   0: 0x00000000800059c4 (0x00c20a37) lui     s4, 0xc20
core   0: 1 0x00000000800059c4 (0x00c20a37) x20 0x0000000000c20000
core   0: 0x00000000800059c8 (0x9bba0a1b) addiw   s4, s4, -1605
core   0: 1 0x00000000800059c8 (0x9bba0a1b) x20 0x0000000000c1f9bb
core   0: 0x00000000800059cc (0x00000a32) c.slli  s4, 12
core   0: 1 0x00000000800059cc (0x0a32) x20 0x0000000c1f9bb000
core   0: 0x00000000800059ce (0x1fea0a13) addi    s4, s4, 510
core   0: 1 0x00000000800059ce (0x1fea0a13) x20 0x0000000c1f9bb1fe
core   0: 0x00000000800059d2 (0x407903b3) sub     t2, s2, t2
core   0: 1 0x00000000800059d2 (0x407903b3) x7  0x00000000ffffffff
core   0: 0x00000000800059d6 (0x001a5a93) srli    s5, s4, 1
core   0: 1 0x00000000800059d6 (0x001a5a93) x21 0x000000060fcdd8ff
core   0: 0x00000000800059da (0x527c819b) addiw   gp, s9, 1319
core   0: 1 0x00000000800059da (0x527c819b) x3  0x0000000000000527
core   0: 0x00000000800059de (0xd03cf753) fcvt.s.lu fa4, s9
core   0: 1 0x00000000800059de (0xd03cf753) f14 0xffffffff00000000
core   0: 0x00000000800059e2 (0x0ff0000f) fence   iorw,iorw
core   0: 1 0x00000000800059e2 (0x0ff0000f)
core   0: 0x00000000800059e6 (0xd02e7853) fcvt.s.l fa6, t3
core   0: 1 0x00000000800059e6 (0xd02e7853) f16 0xffffffff00000000
core   0: 0x00000000800059ea (0x0035573b) srlw    a4, a0, gp
core   0: 1 0x00000000800059ea (0x0035573b) x14 0x0000000001000000
core   0: 0x00000000800059ee (0x031e72bb) remuw   t0, t3, a7
core   0: 1 0x00000000800059ee (0x031e72bb) x5  0x0000000000000000
core   0: 0x00000000800059f2 (0x00102673) csrrs   a2, fflags, zero
core   0: 1 0x00000000800059f2 (0x00102673) x12 0x0000000000000014
core   0: 0x00000000800059f6 (0xe23b7a13) andi    s4, s6, -477
core   0: 1 0x00000000800059f6 (0xe23b7a13) x20 0x0000000000000c01
core   0: 0x00000000800059fa (0xd2078953) fcvt.d.w fs2, a5
core   0: 1 0x00000000800059fa (0xd2078953) f18 0x0000000000000000
core   0: 0x00000000800059fe (0xd21a0453) fcvt.d.wu fs0, s4
core   0: 1 0x00000000800059fe (0xd21a0453) f8  0x40a8020000000000
core   0: 0x0000000080005a02 (0x00d3533b) srlw    t1, t1, a3
core   0: 1 0x0000000080005a02 (0x00d3533b) x6  0x0000000000000000
core   0: 0x0000000080005a06 (0x0209b7b3) mulhu   a5, s3, zero
core   0: 1 0x0000000080005a06 (0x0209b7b3) x15 0x0000000000000000
core   0: 0x0000000080005a0a (0x408b5b9b) sraiw   s7, s6, 8
core   0: 1 0x0000000080005a0a (0x408b5b9b) x23 0x000000000000000c
core   0: 0x0000000080005a0e (0x695bc113) xori    sp, s7, 1685
core   0: 1 0x0000000080005a0e (0x695bc113) x2  0x0000000000000699
core   0: 0x0000000080005a12 (0x0095181b) slliw   a6, a0, 9
core   0: 1 0x0000000080005a12 (0x0095181b) x16 0x0000000000000000
core   0: 0x0000000080005a16 (0x45184413) xori    s0, a6, 1105
core   0: 1 0x0000000080005a16 (0x45184413) x8  0x0000000000000451
core   0: 0x0000000080005a1a (0x01f51b9b) slliw   s7, a0, 31
core   0: 1 0x0000000080005a1a (0x01f51b9b) x23 0x0000000000000000
core   0: 0x0000000080005a1e (0x401d5693) srai    a3, s10, 1
core   0: 1 0x0000000080005a1e (0x401d5693) x13 0x0000000000000000
core   0: 0x0000000080005a22 (0x0004919b) slliw   gp, s1, 0
core   0: 1 0x0000000080005a22 (0x0004919b) x3  0x000000000bae8fef
core   0: 0x0000000080005a26 (0x01349cbb) sllw    s9, s1, s3
core   0: 1 0x0000000080005a26 (0x01349cbb) x25 0xffffffff80000000
core   0: 0x0000000080005a2a (0x0111d313) srli    t1, gp, 17
core   0: 1 0x0000000080005a2a (0x0111d313) x6  0x00000000000005d7
core   0: 0x0000000080005a2e (0x0236e1bb) remw    gp, a3, gp
core   0: 1 0x0000000080005a2e (0x0236e1bb) x3  0x0000000000000000
core   0: 0x0000000080005a32 (0xfee6bd37) lui     s10, 0xfee6b
core   0: 1 0x0000000080005a32 (0xfee6bd37) x26 0xfffffffffee6b000
core   0: 0x0000000080005a36 (0x095d0d1b) addiw   s10, s10, 149
core   0: 1 0x0000000080005a36 (0x095d0d1b) x26 0xfffffffffee6b095
core   0: 0x0000000080005a3a (0x00000d3a) c.slli  s10, 14
core   0: 1 0x0000000080005a3a (0x0d3a) x26 0xffffffb9ac254000
core   0: 0x0000000080005a3c (0x2d7d0d13) addi    s10, s10, 727
core   0: 1 0x0000000080005a3c (0x2d7d0d13) x26 0xffffffb9ac2542d7
core   0: 0x0000000080005a40 (0x40040e3b) subw    t3, s0, zero
core   0: 1 0x0000000080005a40 (0x40040e3b) x28 0x0000000000000451
core   0: 0x0000000080005a44 (0x024761bb) remw    gp, a4, tp
core   0: 1 0x0000000080005a44 (0x024761bb) x3  0x0000000000000000
core   0: 0x0000000080005a48 (0x0109fd33) and     s10, s3, a6
core   0: 1 0x0000000080005a48 (0x0109fd33) x26 0x0000000000000000
core   0: 0x0000000080005a4c (0x00000001) c.nop
core   0: 1 0x0000000080005a4c (0x0001)
core   0: 0x0000000080005a4e (0x6dd6d7b7) lui     a5, 0x6dd6d
core   0: 1 0x0000000080005a4e (0x6dd6d7b7) x15 0x000000006dd6d000
core   0: 0x0000000080005a52 (0x40e05733) sra     a4, zero, a4
core   0: 1 0x0000000080005a52 (0x40e05733) x14 0x0000000000000000
core   0: 0x0000000080005a56 (0x41ad0e3b) subw    t3, s10, s10
core   0: 1 0x0000000080005a56 (0x41ad0e3b) x28 0x0000000000000000
core   0: 0x0000000080005a5a (0x01435133) srl     sp, t1, s4
core   0: 1 0x0000000080005a5a (0x01435133) x2  0x00000000000002eb
core   0: 0x0000000080005a5e (0x2b1491d3) fmax.d  ft3, fs1, fa7
core   0: 1 0x0000000080005a5e (0x2b1491d3) f3  0x7ff8000000000000
core   0: 0x0000000080005a62 (0x00111493) slli    s1, sp, 1
core   0: 1 0x0000000080005a62 (0x00111493) x9  0x00000000000005d6
core   0: 0x0000000080005a66 (0x53b9f393) andi    t2, s3, 1339
core   0: 1 0x0000000080005a66 (0x53b9f393) x7  0x000000000000053b
core   0: 0x0000000080005a6a (0x40fddb1b) sraiw   s6, s11, 15
core   0: 1 0x0000000080005a6a (0x40fddb1b) x22 0x0000000000000000
core   0: 0x0000000080005a6e (0xc208f953) fcvt.w.d s2, fa7
core   0: 1 0x0000000080005a6e (0xc208f953) c1_fflags 0x0000000000000014 x18 0x000000007fffffff
core   0: 0x0000000080005a72 (0x800c0113) addi    sp, s8, -2048
core   0: 1 0x0000000080005a72 (0x800c0113) x2  0xfffffffffffff800
core   0: 0x0000000080005a76 (0x0234e033) rem     zero, s1, gp
core   0: 1 0x0000000080005a76 (0x0234e033)
core   0: 0x0000000080005a7a (0x000d3533) sltu    a0, s10, zero
core   0: 1 0x0000000080005a7a (0x000d3533) x10 0x0000000000000000
core   0: 0x0000000080005a7e (0x00099b9b) slliw   s7, s3, 0
core   0: 1 0x0000000080005a7e (0x00099b9b) x23 0xffffffffffffffff
core   0: 0x0000000080005a82 (0x03b98333) mul     t1, s3, s11
core   0: 1 0x0000000080005a82 (0x03b98333) x6  0x0000000000000000
core   0: 0x0000000080005a86 (0x00d8fe33) and     t3, a7, a3
core   0: 1 0x0000000080005a86 (0x00d8fe33) x28 0x0000000000000000
core   0: 0x0000000080005a8a (0x23989253) fsgnjn.d ft4, fa7, fs9
core   0: 1 0x0000000080005a8a (0x23989253) f4  0xffffffff3f800000
core   0: 0x0000000080005a8e (0x411e583b) sraw    a6, t3, a7
core   0: 1 0x0000000080005a8e (0x411e583b) x16 0x0000000000000000
core   0: 0x0000000080005a92 (0x23488797) auipc   a5, 0x23488
core   0: 1 0x0000000080005a92 (0x23488797) x15 0x00000000a348da92
core   0: 0x0000000080005a96 (0xc027fd53) fcvt.l.s s10, fa5
core   0: 1 0x0000000080005a96 (0xc027fd53) c1_fflags 0x0000000000000014 x26 0x7fffffffffffffff
core   0: 0x0000000080005a9a (0xd21789d3) fcvt.d.wu fs3, a5
core   0: 1 0x0000000080005a9a (0xd21789d3) f19 0x41e4691b52400000
core   0: 0x0000000080005a9e (0x032e1113) slli    sp, t3, 50
core   0: 1 0x0000000080005a9e (0x032e1113) x2  0x0000000000000000
core   0: 0x0000000080005aa2 (0x004582b3) add     t0, a1, tp
core   0: 1 0x0000000080005aa2 (0x004582b3) x5  0x00000000000002f6
core   0: 0x0000000080005aa6 (0x00000001) c.nop
core   0: 1 0x0000000080005aa6 (0x0001)
core   0: 0x0000000080005aa8 (0x418edc3b) sraw    s8, t4, s8
core   0: 1 0x0000000080005aa8 (0x418edc3b) x24 0x0000000000000000
core   0: 0x0000000080005aac (0x021660b3) rem     ra, a2, ra
core   0: 1 0x0000000080005aac (0x021660b3) x1  0x0000000000000014
core   0: 0x0000000080005ab0 (0x23e9a8d3) fsgnjx.d fa7, fs3, ft10
core   0: 1 0x0000000080005ab0 (0x23e9a8d3) f17 0xc1e4691b52400000
core   0: 0x0000000080005ab4 (0x43f6db13) srai    s6, a3, 63
core   0: 1 0x0000000080005ab4 (0x43f6db13) x22 0x0000000000000000
core   0: 0x0000000080005ab8 (0x4156dd3b) sraw    s10, a3, s5
core   0: 1 0x0000000080005ab8 (0x4156dd3b) x26 0x0000000000000000
core   0: 0x0000000080005abc (0xf20487d3) fmv.d.x fa5, s1
core   0: 1 0x0000000080005abc (0xf20487d3) f15 0x00000000000005d6
core   0: 0x0000000080005ac0 (0x0118f633) and     a2, a7, a7
core   0: 1 0x0000000080005ac0 (0x0118f633) x12 0x0000000000000000
core   0: 0x0000000080005ac4 (0x237fafd3) fsgnjx.d ft11, ft11, fs7
core   0: 1 0x0000000080005ac4 (0x237fafd3) f31 0x7ff8000000000000
core   0: 0x0000000080005ac8 (0x306615f3) csrrw   a1, mcounteren, a2
core   0: exception trap_illegal_instruction, epc 0x0000000080005ac8
core   0:           tval 0x00000000306615f3
core   0: >>>>  $xrv64i2p1_m2p0_a2p1_f2p2_d2p2_zicsr2p0_zifencei2p0_zmmul1p0_zba1p0_zbb1p0_zbc1p0_zbs1p0
core   0: 0x0000000080004000 (0x0080006f) j       pc + 0x8
core   0: 3 0x0000000080004000 (0x0080006f)
core   0: >>>>  mmode_exception_handler
core   0: 0x0000000080004008 (0x00002c17) auipc   s8, 0x2
core   0: 3 0x0000000080004008 (0x00002c17) x24 0x0000000080006008
core   0: 0x000000008000400c (0x00ec0c13) addi    s8, s8, 14
core   0: 3 0x000000008000400c (0x00ec0c13) x24 0x0000000080006016
core   0: 0x0000000080004010 (0x000c00e7) jalr    s8
core   0: 3 0x0000000080004010 (0x000c00e7) x1  0x0000000080004014
core   0: >>>>  any_handler
core   0: 0x0000000080006016 (0x341027f3) csrrs   a5, mepc, zero
core   0: 3 0x0000000080006016 (0x341027f3) x15 0x0000000080005ac8
core   0: 0x000000008000601a (0x34202773) csrrs   a4, mcause, zero
core   0: 3 0x000000008000601a (0x34202773) x14 0x0000000000000002
core   0: 0x000000008000601e (0x142026f3) csrrs   a3, scause, zero
core   0: 3 0x000000008000601e (0x142026f3) x13 0x0000000000000000
core   0: 0x0000000080006022 (0x30402673) csrrs   a2, mie, zero
core   0: 3 0x0000000080006022 (0x30402673) x12 0x0000000000000a00
core   0: 0x0000000080006026 (0x344025f3) csrrs   a1, mip, zero
core   0: 3 0x0000000080006026 (0x344025f3) x11 0x0000000000000080
core   0: 0x000000008000602a (0x343025f3) csrrs   a1, mtval, zero
core   0: 3 0x000000008000602a (0x343025f3) x11 0x00000000306615f3
core   0: 0x000000008000602e (0x14302573) csrrs   a0, stval, zero
core   0: 3 0x000000008000602e (0x14302573) x10 0x0000000000000014
core   0: 0x0000000080006032 (0xb02024f3) csrrs   s1, minstret, zero
core   0: 3 0x0000000080006032 (0xb02024f3) x9  0x00000000000010f7
core   0: 0x0000000080006036 (0x0000a811) c.j     pc + 20
core   0: 3 0x0000000080006036 (0xa811)
core   0: >>>>  mepc_4
core   0: 0x000000008000604a (0x00000791) c.addi  a5, 4
core   0: 3 0x000000008000604a (0x0791) x15 0x0000000080005acc
core   0: 0x000000008000604c (0x34179073) csrrw   zero, mepc, a5
core   0: 3 0x000000008000604c (0x34179073) c833_mepc 0x0000000080005acc
core   0: 0x0000000080006050 (0x30200073) mret
core   0: 3 0x0000000080006050 (0x30200073) c768_mstatus 0x8000000a00106080
core   0: 0x0000000080005acc (0x034d18b3) mulh    a7, s10, s4
core   0: 1 0x0000000080005acc (0x034d18b3) x17 0x0000000000000000
core   0: 0x0000000080005ad0 (0x0266f33b) remuw   t1, a3, t1
core   0: 1 0x0000000080005ad0 (0x0266f33b) x6  0x0000000000000000
core   0: 0x0000000080005ad4 (0x00651533) sll     a0, a0, t1
core   0: 1 0x0000000080005ad4 (0x00651533) x10 0x0000000000000014
core   0: 0x0000000080005ad8 (0x229194d3) fsgnjn.d fs1, ft3, fs1
core   0: 1 0x0000000080005ad8 (0x229194d3) f9  0xfff8000000000000
core   0: 0x0000000080005adc (0x003eb933) sltu    s2, t4, gp
core   0: 1 0x0000000080005adc (0x003eb933) x18 0x0000000000000000
core   0: 0x0000000080005ae0 (0x016607bb) addw    a5, a2, s6
core   0: 1 0x0000000080005ae0 (0x016607bb) x15 0x0000000000000a00
core   0: 0x0000000080005ae4 (0x02f3c933) div     s2, t2, a5
core   0: 1 0x0000000080005ae4 (0x02f3c933) x18 0x0000000000000000
core   0: 0x0000000080005ae8 (0xc037f153) fcvt.lu.s sp, fa5
core   0: 1 0x0000000080005ae8 (0xc037f153) c1_fflags 0x0000000000000014 x2  0xffffffffffffffff
core   0: 0x0000000080005aec (0x00000001) c.nop
core   0: 1 0x0000000080005aec (0x0001)
core   0: 0x0000000080005aee (0x41a40d33) sub     s10, s0, s10
core   0: 1 0x0000000080005aee (0x41a40d33) x26 0x0000000000000451
core   0: 0x0000000080005af2 (0x42020253) fcvt.d.s ft4, ft4
core   0: 1 0x0000000080005af2 (0x42020253) f4  0x3ff0000000000000
core   0: 0x0000000080005af6 (0xd2120753) fcvt.d.wu fa4, tp
core   0: 1 0x0000000080005af6 (0xd2120753) f14 0x41efffffffe00000
core   0: 0x0000000080005afa (0x52c7754b) fnmsub.d fa0, fa4, fa2, fa0
core   0: 1 0x0000000080005afa (0x52c7754b) f10 0x7ff8000000000000
core   0: 0x0000000080005afe (0xea9bf4cf) fnmadd.d fs1, fs7, fs1, ft9
core   0: 1 0x0000000080005afe (0xea9bf4cf) f9  0x7ff8000000000000
core   0: 0x0000000080005b02 (0x1a007cd3) fdiv.d  fs9, ft0, ft0
core   0: 1 0x0000000080005b02 (0x1a007cd3) f25 0x7ff8000000000000
core   0: 0x0000000080005b06 (0x00c22233) slt     tp, tp, a2
core   0: 1 0x0000000080005b06 (0x00c22233) x4  0x0000000000000001
core   0: 0x0000000080005b0a (0x008088bb) addw    a7, ra, s0
core   0: 1 0x0000000080005b0a (0x008088bb) x17 0xffffffff80004465
core   0: 0x0000000080005b0e (0x420f8e53) fcvt.d.s ft8, ft11
core   0: 1 0x0000000080005b0e (0x420f8e53) f28 0x7ff8000000000000
core   0: 0x0000000080005b12 (0x0036de3b) srlw    t3, a3, gp
core   0: 1 0x0000000080005b12 (0x0036de3b) x28 0x0000000000000000
core   0: 0x0000000080005b16 (0x00829b93) slli    s7, t0, 8
core   0: 1 0x0000000080005b16 (0x00829b93) x23 0x000000000002f600
core   0: 0x0000000080005b1a (0x033e7dd3) fadd.d  fs11, ft8, fs3
core   0: 1 0x0000000080005b1a (0x033e7dd3) f27 0x7ff8000000000000
core   0: 0x0000000080005b1e (0xc2167653) fcvt.wu.d a2, fa2
core   0: 1 0x0000000080005b1e (0xc2167653) x12 0x0000000000000000
core   0: 0x0000000080005b22 (0xf14be1f3) csrrsi  gp, mhartid, 23
core   0: exception trap_illegal_instruction, epc 0x0000000080005b22
core   0:           tval 0x00000000f14be1f3
core   0: >>>>  $xrv64i2p1_m2p0_a2p1_f2p2_d2p2_zicsr2p0_zifencei2p0_zmmul1p0_zba1p0_zbb1p0_zbc1p0_zbs1p0
core   0: 0x0000000080004000 (0x0080006f) j       pc + 0x8
core   0: 3 0x0000000080004000 (0x0080006f)
core   0: >>>>  mmode_exception_handler
core   0: 0x0000000080004008 (0x00002c17) auipc   s8, 0x2
core   0: 3 0x0000000080004008 (0x00002c17) x24 0x0000000080006008
core   0: 0x000000008000400c (0x00ec0c13) addi    s8, s8, 14
core   0: 3 0x000000008000400c (0x00ec0c13) x24 0x0000000080006016
core   0: 0x0000000080004010 (0x000c00e7) jalr    s8
core   0: 3 0x0000000080004010 (0x000c00e7) x1  0x0000000080004014
core   0: >>>>  any_handler
core   0: 0x0000000080006016 (0x341027f3) csrrs   a5, mepc, zero
core   0: 3 0x0000000080006016 (0x341027f3) x15 0x0000000080005b22
core   0: 0x000000008000601a (0x34202773) csrrs   a4, mcause, zero
core   0: 3 0x000000008000601a (0x34202773) x14 0x0000000000000002
core   0: 0x000000008000601e (0x142026f3) csrrs   a3, scause, zero
core   0: 3 0x000000008000601e (0x142026f3) x13 0x0000000000000000
core   0: 0x0000000080006022 (0x30402673) csrrs   a2, mie, zero
core   0: 3 0x0000000080006022 (0x30402673) x12 0x0000000000000a00
core   0: 0x0000000080006026 (0x344025f3) csrrs   a1, mip, zero
core   0: 3 0x0000000080006026 (0x344025f3) x11 0x0000000000000080
core   0: 0x000000008000602a (0x343025f3) csrrs   a1, mtval, zero
core   0: 3 0x000000008000602a (0x343025f3) x11 0x00000000f14be1f3
core   0: 0x000000008000602e (0x14302573) csrrs   a0, stval, zero
core   0: 3 0x000000008000602e (0x14302573) x10 0x0000000000000014
core   0: 0x0000000080006032 (0xb02024f3) csrrs   s1, minstret, zero
core   0: 3 0x0000000080006032 (0xb02024f3) x9  0x000000000000111d
core   0: 0x0000000080006036 (0x0000a811) c.j     pc + 20
core   0: 3 0x0000000080006036 (0xa811)
core   0: >>>>  mepc_4
core   0: 0x000000008000604a (0x00000791) c.addi  a5, 4
core   0: 3 0x000000008000604a (0x0791) x15 0x0000000080005b26
core   0: 0x000000008000604c (0x34179073) csrrw   zero, mepc, a5
core   0: 3 0x000000008000604c (0x34179073) c833_mepc 0x0000000080005b26
core   0: 0x0000000080006050 (0x30200073) mret
core   0: 3 0x0000000080006050 (0x30200073) c768_mstatus 0x8000000a00106080
core   0: 0x0000000080005b26 (0x01d2debb) srlw    t4, t0, t4
core   0: 1 0x0000000080005b26 (0x01d2debb) x29 0x00000000000002f6
core   0: 0x0000000080005b2a (0x00005713) srli    a4, zero, 0
core   0: 1 0x0000000080005b2a (0x00005713) x14 0x0000000000000000
core   0: 0x0000000080005b2e (0x00071193) slli    gp, a4, 0
core   0: 1 0x0000000080005b2e (0x00071193) x3  0x0000000000000000
core   0: 0x0000000080005b32 (0xa39109d3) fle.d   s3, ft2, fs9
core   0: 1 0x0000000080005b32 (0xa39109d3) c1_fflags 0x0000000000000014 x19 0x0000000000000000
core   0: 0x0000000080005b36 (0x0ff8069b) addiw   a3, a6, 255
core   0: 1 0x0000000080005b36 (0x0ff8069b) x13 0x00000000000000ff
core   0: 0x0000000080005b3a (0x0231c833) div     a6, gp, gp
core   0: 1 0x0000000080005b3a (0x0231c833) x16 0xffffffffffffffff
core   0: 0x0000000080005b3e (0x7ff57213) andi    tp, a0, 2047
core   0: 1 0x0000000080005b3e (0x7ff57213) x4  0x0000000000000014
core   0: 0x0000000080005b42 (0x42e8d593) srai    a1, a7, 46
core   0: 1 0x0000000080005b42 (0x42e8d593) x11 0xffffffffffffffff
core   0: 0x0000000080005b46 (0x001021f3) csrrs   gp, fflags, zero
core   0: 1 0x0000000080005b46 (0x001021f3) x3  0x0000000000000014
core   0: 0x0000000080005b4a (0x4011db13) srai    s6, gp, 1
core   0: 1 0x0000000080005b4a (0x4011db13) x22 0x000000000000000a
core   0: 0x0000000080005b4e (0x039b7cbb) remuw   s9, s6, s9
core   0: 1 0x0000000080005b4e (0x039b7cbb) x25 0x000000000000000a
core   0: 0x0000000080005b52 (0x3a7a79c7) fmsub.d fs3, fs4, ft7, ft7
core   0: 1 0x0000000080005b52 (0x3a7a79c7) f19 0x7ff8000000000000
core   0: 0x0000000080005b56 (0x00202c73) csrrs   s8, frm, zero
core   0: 1 0x0000000080005b56 (0x00202c73) x24 0x0000000000000001
core   0: 0x0000000080005b5a (0x010e939b) slliw   t2, t4, 16
core   0: 1 0x0000000080005b5a (0x010e939b) x7  0x0000000002f60000
core   0: 0x0000000080005b5e (0xc22676d3) fcvt.l.d a3, fa2
core   0: 1 0x0000000080005b5e (0xc22676d3) x13 0x0000000000000000
core   0: 0x0000000080005b62 (0x037ce833) rem     a6, s9, s7
core   0: 1 0x0000000080005b62 (0x037ce833) x16 0x000000000000000a
core   0: 0x0000000080005b66 (0x00000001) c.nop
core   0: 1 0x0000000080005b66 (0x0001)
core   0: 0x0000000080005b68 (0x13bafad3) fmul.d  fs5, fs5, fs11
core   0: 1 0x0000000080005b68 (0x13bafad3) f21 0x7ff8000000000000
core   0: 0x0000000080005b6c (0x143075f3) csrrci  a1, stval, 0
core   0: 1 0x0000000080005b6c (0x143075f3) x11 0x0000000000000014
core   0: 0x0000000080005b70 (0x015888bb) addw    a7, a7, s5
core   0: 1 0x0000000080005b70 (0x015888bb) x17 0xffffffff8fce1d64
core   0: 0x0000000080005b74 (0x017c78b3) and     a7, s8, s7
core   0: 1 0x0000000080005b74 (0x017c78b3) x17 0x0000000000000000
core   0: 0x0000000080005b78 (0x7ff6021b) addiw   tp, a2, 2047
core   0: 1 0x0000000080005b78 (0x7ff6021b) x4  0x00000000000011ff
core   0: 0x0000000080005b7c (0xa35efecf) fnmadd.d ft9, ft9, fs5, fs4
core   0: 1 0x0000000080005b7c (0xa35efecf) f29 0x7ff8000000000000
core   0: 0x0000000080005b80 (0x02e778b3) remu    a7, a4, a4
core   0: 1 0x0000000080005b80 (0x02e778b3) x17 0x0000000000000000
core   0: 0x0000000080005b84 (0x006e19bb) sllw    s3, t3, t1
core   0: 1 0x0000000080005b84 (0x006e19bb) x19 0x0000000000000000
core   0: 0x0000000080005b88 (0xc20dfa53) fcvt.w.d s4, fs11
core   0: 1 0x0000000080005b88 (0xc20dfa53) c1_fflags 0x0000000000000014 x20 0x000000007fffffff
core   0: 0x0000000080005b8c (0x03aa71bb) remuw   gp, s4, s10
core   0: 1 0x0000000080005b8c (0x03aa71bb) x3  0x000000000000007f
core   0: 0x0000000080005b90 (0x797d879b) addiw   a5, s11, 1943
core   0: 1 0x0000000080005b90 (0x797d879b) x15 0x0000000000000797
core   0: 0x0000000080005b94 (0x0b4b869b) addiw   a3, s7, 180
core   0: 1 0x0000000080005b94 (0x0b4b869b) x13 0x000000000002f6b4
core   0: 0x0000000080005b98 (0x01a7c533) xor     a0, a5, s10
core   0: 1 0x0000000080005b98 (0x01a7c533) x10 0x00000000000003c6
core   0: 0x0000000080005b9c (0xaa75f3c7) fmsub.d ft7, fa1, ft7, fs5
core   0: 1 0x0000000080005b9c (0xaa75f3c7) f7  0x7ff8000000000000
core   0: 0x0000000080005ba0 (0x0307bb33) mulhu   s6, a5, a6
core   0: 1 0x0000000080005ba0 (0x0307bb33) x22 0x0000000000000000
core   0: 0x0000000080005ba4 (0xf8258db7) lui     s11, 0xf8258
core   0: 1 0x0000000080005ba4 (0xf8258db7) x27 0xfffffffff8258000
core   0: 0x0000000080005ba8 (0xd4fd8d9b) addiw   s11, s11, -689
core   0: 1 0x0000000080005ba8 (0xd4fd8d9b) x27 0xfffffffff8257d4f
core   0: 0x0000000080005bac (0x00000db2) c.slli  s11, 12
core   0: 1 0x0000000080005bac (0x0db2) x27 0xffffff8257d4f000
core   0: 0x0000000080005bae (0x382d8d93) addi    s11, s11, 898
core   0: 1 0x0000000080005bae (0x382d8d93) x27 0xffffff8257d4f382
core   0: 0x0000000080005bb2 (0x03a27033) remu    zero, tp, s10
core   0: 1 0x0000000080005bb2 (0x03a27033)
core   0: 0x0000000080005bb6 (0x00000001) c.nop
core   0: 1 0x0000000080005bb6 (0x0001)
core   0: 0x0000000080005bb8 (0x039e4cbb) divw    s9, t3, s9
core   0: 1 0x0000000080005bb8 (0x039e4cbb) x25 0x0000000000000000
core   0: 0x0000000080005bbc (0x02c5a5b3) mulhsu  a1, a1, a2
core   0: 1 0x0000000080005bbc (0x02c5a5b3) x11 0x0000000000000000
core   0: 0x0000000080005bc0 (0x010be033) or      zero, s7, a6
core   0: 1 0x0000000080005bc0 (0x010be033)
core   0: 0x0000000080005bc4 (0x016b0e33) add     t3, s6, s6
core   0: 1 0x0000000080005bc4 (0x016b0e33) x28 0x0000000000000000
core   0: 0x0000000080005bc8 (0xc2367753) fcvt.lu.d a4, fa2
core   0: 1 0x0000000080005bc8 (0xc2367753) x14 0x0000000000000000
core   0: 0x0000000080005bcc (0x5b056a93) ori     s5, a0, 1456
core   0: 1 0x0000000080005bcc (0x5b056a93) x21 0x00000000000007f6
core   0: 0x0000000080005bd0 (0xd2207453) fcvt.d.l fs0, zero
core   0: 1 0x0000000080005bd0 (0xd2207453) f8  0x0000000000000000
core   0: 0x0000000080005bd4 (0x00000001) c.nop
core   0: 1 0x0000000080005bd4 (0x0001)
core   0: 0x0000000080005bd6 (0xc213f0d3) fcvt.wu.d ra, ft7
core   0: 1 0x0000000080005bd6 (0xc213f0d3) c1_fflags 0x0000000000000014 x1  0xffffffffffffffff
core   0: 0x0000000080005bda (0x0397e7bb) remw    a5, a5, s9
core   0: 1 0x0000000080005bda (0x0397e7bb) x15 0x0000000000000797
core   0: 0x0000000080005bde (0xa28d7c4f) fnmadd.d fs8, fs10, fs0, fs4
core   0: 1 0x0000000080005bde (0xa28d7c4f) f24 0x7ff8000000000000
core   0: 0x0000000080005be2 (0x03bd9833) mulh    a6, s11, s11
core   0: 1 0x0000000080005be2 (0x03bd9833) x16 0x0000000000003dad
core   0: 0x0000000080005be6 (0xa33c05d3) fle.d   a1, fs8, fs3
core   0: 1 0x0000000080005be6 (0xa33c05d3) c1_fflags 0x0000000000000014 x11 0x0000000000000000
core   0: 0x0000000080005bea (0x00636a33) or      s4, t1, t1
core   0: 1 0x0000000080005bea (0x00636a33) x20 0x0000000000000000
core   0: 0x0000000080005bee (0xc38d72c7) fmsub.d ft5, fs10, fs8, fs8
core   0: 1 0x0000000080005bee (0xc38d72c7) f5  0x7ff8000000000000
core   0: 0x0000000080005bf2 (0x00131a9b) slliw   s5, t1, 1
core   0: 1 0x0000000080005bf2 (0x00131a9b) x21 0x0000000000000000
core   0: 0x0000000080005bf6 (0x4115d43b) sraw    s0, a1, a7
core   0: 1 0x0000000080005bf6 (0x4115d43b) x8  0x0000000000000000
core   0: 0x0000000080005bfa (0xc203fa53) fcvt.w.d s4, ft7
core   0: 1 0x0000000080005bfa (0xc203fa53) c1_fflags 0x0000000000000014 x20 0x000000007fffffff
core   0: 0x0000000080005bfe (0x034c4d3b) divw    s10, s8, s4
core   0: 1 0x0000000080005bfe (0x034c4d3b) x26 0x0000000000000000
core   0: 0x0000000080005c02 (0xb82d3e73) csrrc   t3, minstreth, s10
core   0: exception trap_illegal_instruction, epc 0x0000000080005c02
core   0:           tval 0x00000000b82d3e73
core   0: >>>>  $xrv64i2p1_m2p0_a2p1_f2p2_d2p2_zicsr2p0_zifencei2p0_zmmul1p0_zba1p0_zbb1p0_zbc1p0_zbs1p0
core   0: 0x0000000080004000 (0x0080006f) j       pc + 0x8
core   0: 3 0x0000000080004000 (0x0080006f)
core   0: >>>>  mmode_exception_handler
core   0: 0x0000000080004008 (0x00002c17) auipc   s8, 0x2
core   0: 3 0x0000000080004008 (0x00002c17) x24 0x0000000080006008
core   0: 0x000000008000400c (0x00ec0c13) addi    s8, s8, 14
core   0: 3 0x000000008000400c (0x00ec0c13) x24 0x0000000080006016
core   0: 0x0000000080004010 (0x000c00e7) jalr    s8
core   0: 3 0x0000000080004010 (0x000c00e7) x1  0x0000000080004014
core   0: >>>>  any_handler
core   0: 0x0000000080006016 (0x341027f3) csrrs   a5, mepc, zero
core   0: 3 0x0000000080006016 (0x341027f3) x15 0x0000000080005c02
core   0: 0x000000008000601a (0x34202773) csrrs   a4, mcause, zero
core   0: 3 0x000000008000601a (0x34202773) x14 0x0000000000000002
core   0: 0x000000008000601e (0x142026f3) csrrs   a3, scause, zero
core   0: 3 0x000000008000601e (0x142026f3) x13 0x0000000000000000
core   0: 0x0000000080006022 (0x30402673) csrrs   a2, mie, zero
core   0: 3 0x0000000080006022 (0x30402673) x12 0x0000000000000a00
core   0: 0x0000000080006026 (0x344025f3) csrrs   a1, mip, zero
core   0: 3 0x0000000080006026 (0x344025f3) x11 0x0000000000000080
core   0: 0x000000008000602a (0x343025f3) csrrs   a1, mtval, zero
core   0: 3 0x000000008000602a (0x343025f3) x11 0x00000000b82d3e73
core   0: 0x000000008000602e (0x14302573) csrrs   a0, stval, zero
core   0: 3 0x000000008000602e (0x14302573) x10 0x0000000000000014
core   0: 0x0000000080006032 (0xb02024f3) csrrs   s1, minstret, zero
core   0: 3 0x0000000080006032 (0xb02024f3) x9  0x0000000000001166
core   0: 0x0000000080006036 (0x0000a811) c.j     pc + 20
core   0: 3 0x0000000080006036 (0xa811)
core   0: >>>>  mepc_4
core   0: 0x000000008000604a (0x00000791) c.addi  a5, 4
core   0: 3 0x000000008000604a (0x0791) x15 0x0000000080005c06
core   0: 0x000000008000604c (0x34179073) csrrw   zero, mepc, a5
core   0: 3 0x000000008000604c (0x34179073) c833_mepc 0x0000000080005c06
core   0: 0x0000000080006050 (0x30200073) mret
core   0: 3 0x0000000080006050 (0x30200073) c768_mstatus 0x8000000a00106080
core   0: 0x0000000080005c06 (0x234c1a53) fsgnjn.d fs4, fs8, fs4
core   0: 1 0x0000000080005c06 (0x234c1a53) f20 0xfff8000000000000
core   0: 0x0000000080005c0a (0x00000001) c.nop
core   0: 1 0x0000000080005c0a (0x0001)
core   0: 0x0000000080005c0c (0x0005d293) srli    t0, a1, 0
core   0: 1 0x0000000080005c0c (0x0005d293) x5  0x00000000b82d3e73
core   0: 0x0000000080005c10 (0xf20c85d3) fmv.d.x fa1, s9
core   0: 1 0x0000000080005c10 (0xf20c85d3) f11 0x0000000000000000
core   0: 0x0000000080005c14 (0x01bded33) or      s10, s11, s11
core   0: 1 0x0000000080005c14 (0x01bded33) x26 0xffffff8257d4f382
core   0: 0x0000000080005c18 (0x001e13f3) csrrw   t2, fflags, t3
core   0: 1 0x0000000080005c18 (0x001e13f3) x7  0x0000000000000014 c1_fflags 0x0000000000000000
core   0: 0x0000000080005c1c (0x41a38a33) sub     s4, t2, s10
core   0: 1 0x0000000080005c1c (0x41a38a33) x20 0x0000007da82b0c92
core   0: 0x0000000080005c20 (0x414386bb) subw    a3, t2, s4
core   0: 1 0x0000000080005c20 (0x414386bb) x13 0x0000000057d4f382
core   0: 0x0000000080005c24 (0xf2098653) fmv.d.x fa2, s3
core   0: 1 0x0000000080005c24 (0xf2098653) f12 0x0000000000000000
core   0: 0x0000000080005c28 (0x00c6541b) srliw   s0, a2, 12
core   0: 1 0x0000000080005c28 (0x00c6541b) x8  0x0000000000000000
core   0: 0x0000000080005c2c (0xc21171d3) fcvt.wu.d gp, ft2
core   0: 1 0x0000000080005c2c (0xc21171d3) c1_fflags 0x0000000000000010 x3  0x0000000000000000
core   0: 0x0000000080005c30 (0x0ff0000f) fence   iorw,iorw
core   0: 1 0x0000000080005c30 (0x0ff0000f)
core   0: 0x0000000080005c34 (0x03151093) slli    ra, a0, 49
core   0: 1 0x0000000080005c34 (0x03151093) x1  0x0028000000000000
core   0: 0x0000000080005c38 (0x0190bbb3) sltu    s7, ra, s9
core   0: 1 0x0000000080005c38 (0x0190bbb3) x23 0x0000000000000000
core   0: 0x0000000080005c3c (0x44e80a1b) addiw   s4, a6, 1102
core   0: 1 0x0000000080005c3c (0x44e80a1b) x20 0x00000000000041fb
core   0: 0x0000000080005c40 (0x00000001) c.nop
core   0: 1 0x0000000080005c40 (0x0001)
core   0: 0x0000000080005c42 (0x405a57bb) sraw    a5, s4, t0
core   0: 1 0x0000000080005c42 (0x405a57bb) x15 0x0000000000000000
core   0: 0x0000000080005c46 (0x222a8953) fsgnj.d fs2, fs5, ft2
core   0: 1 0x0000000080005c46 (0x222a8953) f18 0xfff8000000000000
core   0: 0x0000000080005c4a (0x00001e13) slli    t3, zero, 0
core   0: 1 0x0000000080005c4a (0x00001e13) x28 0x0000000000000000
core   0: 0x0000000080005c4e (0x42dadb93) srai    s7, s5, 45
core   0: 1 0x0000000080005c4e (0x42dadb93) x23 0x0000000000000000
core   0: 0x0000000080005c52 (0x417bd133) sra     sp, s7, s7
core   0: 1 0x0000000080005c52 (0x417bd133) x2  0x0000000000000000
core   0: 0x0000000080005c56 (0xfff1f193) andi    gp, gp, -1
core   0: 1 0x0000000080005c56 (0xfff1f193) x3  0x0000000000000000
core   0: 0x0000000080005c5a (0x72cbfc43) fmadd.d fs8, fs7, fa2, fa4
core   0: 1 0x0000000080005c5a (0x72cbfc43) f24 0x7ff8000000000000
core   0: 0x0000000080005c5e (0x23b6a1d3) fsgnjx.d ft3, fa3, fs11
core   0: 1 0x0000000080005c5e (0x23b6a1d3) f3  0x7ff8000000000000
core   0: 0x0000000080005c62 (0x00202473) csrrs   s0, frm, zero
core   0: 1 0x0000000080005c62 (0x00202473) x8  0x0000000000000001
core   0: 0x0000000080005c66 (0xd02af053) fcvt.s.l ft0, s5
core   0: 1 0x0000000080005c66 (0xd02af053) f0  0xffffffff00000000
core   0: 0x0000000080005c6a (0x3233b317) auipc   t1, 0x3233b
core   0: 1 0x0000000080005c6a (0x3233b317) x6  0x00000000b2340c6a
core   0: 0x0000000080005c6e (0x03ead793) srli    a5, s5, 62
core   0: 1 0x0000000080005c6e (0x03ead793) x15 0x0000000000000000
core   0: 0x0000000080005c72 (0x00a0553b) srlw    a0, zero, a0
core   0: 1 0x0000000080005c72 (0x00a0553b) x10 0x0000000000000000
core   0: 0x0000000080005c76 (0x400c5b9b) sraiw   s7, s8, 0
core   0: 1 0x0000000080005c76 (0x400c5b9b) x23 0xffffffff80006016
core   0: 0x0000000080005c7a (0x72388437) lui     s0, 0x72388
core   0: 1 0x0000000080005c7a (0x72388437) x8  0x0000000072388000
core   0: 0x0000000080005c7e (0x00525813) srli    a6, tp, 5
core   0: 1 0x0000000080005c7e (0x00525813) x16 0x000000000000008f
core   0: 0x0000000080005c82 (0x037afbbb) remuw   s7, s5, s7
core   0: 1 0x0000000080005c82 (0x037afbbb) x23 0x0000000000000000
core   0: 0x0000000080005c86 (0x00102af3) csrrs   s5, fflags, zero
core   0: 1 0x0000000080005c86 (0x00102af3) x21 0x0000000000000010
core   0: 0x0000000080005c8a (0xc0287953) fcvt.l.s s2, fa6
core   0: 1 0x0000000080005c8a (0xc0287953) x18 0x0000000000000000
core   0: 0x0000000080005c8e (0x2adc1353) fmax.d  ft6, fs8, fa3
core   0: 1 0x0000000080005c8e (0x2adc1353) f6  0x7ff8000000000000
core   0: 0x0000000080005c92 (0x00241d73) csrrw   s10, frm, s0
core   0: 1 0x0000000080005c92 (0x00241d73) x26 0x0000000000000001 c2_frm 0x0000000000000000
core   0: 0x0000000080005c96 (0x0041923b) sllw    tp, gp, tp
core   0: 1 0x0000000080005c96 (0x0041923b) x4  0x0000000000000000
core   0: 0x0000000080005c9a (0x40045493) srai    s1, s0, 0
core   0: 1 0x0000000080005c9a (0x40045493) x9  0x0000000072388000
core   0: 0x0000000080005c9e (0x00000001) c.nop
core   0: 1 0x0000000080005c9e (0x0001)
core   0: 0x0000000080005ca0 (0xc024bcf3) csrrc   s9, instret, s1
core   0: exception trap_illegal_instruction, epc 0x0000000080005ca0
core   0:           tval 0x00000000c024bcf3
core   0: >>>>  $xrv64i2p1_m2p0_a2p1_f2p2_d2p2_zicsr2p0_zifencei2p0_zmmul1p0_zba1p0_zbb1p0_zbc1p0_zbs1p0
core   0: 0x0000000080004000 (0x0080006f) j       pc + 0x8
core   0: 3 0x0000000080004000 (0x0080006f)
core   0: >>>>  mmode_exception_handler
core   0: 0x0000000080004008 (0x00002c17) auipc   s8, 0x2
core   0: 3 0x0000000080004008 (0x00002c17) x24 0x0000000080006008
core   0: 0x000000008000400c (0x00ec0c13) addi    s8, s8, 14
core   0: 3 0x000000008000400c (0x00ec0c13) x24 0x0000000080006016
core   0: 0x0000000080004010 (0x000c00e7) jalr    s8
core   0: 3 0x0000000080004010 (0x000c00e7) x1  0x0000000080004014
core   0: >>>>  any_handler
core   0: 0x0000000080006016 (0x341027f3) csrrs   a5, mepc, zero
core   0: 3 0x0000000080006016 (0x341027f3) x15 0x0000000080005ca0
core   0: 0x000000008000601a (0x34202773) csrrs   a4, mcause, zero
core   0: 3 0x000000008000601a (0x34202773) x14 0x0000000000000002
core   0: 0x000000008000601e (0x142026f3) csrrs   a3, scause, zero
core   0: 3 0x000000008000601e (0x142026f3) x13 0x0000000000000000
core   0: 0x0000000080006022 (0x30402673) csrrs   a2, mie, zero
core   0: 3 0x0000000080006022 (0x30402673) x12 0x0000000000000a00
core   0: 0x0000000080006026 (0x344025f3) csrrs   a1, mip, zero
core   0: 3 0x0000000080006026 (0x344025f3) x11 0x0000000000000080
core   0: 0x000000008000602a (0x343025f3) csrrs   a1, mtval, zero
core   0: 3 0x000000008000602a (0x343025f3) x11 0x00000000c024bcf3
core   0: 0x000000008000602e (0x14302573) csrrs   a0, stval, zero
core   0: 3 0x000000008000602e (0x14302573) x10 0x0000000000000014
core   0: 0x0000000080006032 (0xb02024f3) csrrs   s1, minstret, zero
core   0: 3 0x0000000080006032 (0xb02024f3) x9  0x000000000000119e
core   0: 0x0000000080006036 (0x0000a811) c.j     pc + 20
core   0: 3 0x0000000080006036 (0xa811)
core   0: >>>>  mepc_4
core   0: 0x000000008000604a (0x00000791) c.addi  a5, 4
core   0: 3 0x000000008000604a (0x0791) x15 0x0000000080005ca4
core   0: 0x000000008000604c (0x34179073) csrrw   zero, mepc, a5
core   0: 3 0x000000008000604c (0x34179073) c833_mepc 0x0000000080005ca4
core   0: 0x0000000080006050 (0x30200073) mret
core   0: 3 0x0000000080006050 (0x30200073) c768_mstatus 0x8000000a00106080
core   0: 0x0000000080005ca4 (0xa2d30bd3) fle.d   s7, ft6, fa3
core   0: 1 0x0000000080005ca4 (0xa2d30bd3) c1_fflags 0x0000000000000010 x23 0x0000000000000000
core   0: 0x0000000080005ca8 (0x007a73b3) and     t2, s4, t2
core   0: 1 0x0000000080005ca8 (0x007a73b3) x7  0x0000000000000010
core   0: 0x0000000080005cac (0xfd3521b7) lui     gp, 0xfd352
core   0: 1 0x0000000080005cac (0xfd3521b7) x3  0xfffffffffd352000
core   0: 0x0000000080005cb0 (0xf211819b) addiw   gp, gp, -223
core   0: 1 0x0000000080005cb0 (0xf211819b) x3  0xfffffffffd351f21
core   0: 0x0000000080005cb4 (0x000001b2) c.slli  gp, 12
core   0: 1 0x0000000080005cb4 (0x01b2) x3  0xffffffd351f21000
core   0: 0x0000000080005cb6 (0x4d018193) addi    gp, gp, 1232
core   0: 1 0x0000000080005cb6 (0x4d018193) x3  0xffffffd351f214d0
core   0: 0x0000000080005cba (0x8a34794f) fnmadd.d fs2, fs0, ft3, fa7
core   0: 1 0x0000000080005cba (0x8a34794f) f18 0x7ff8000000000000
core   0: 0x0000000080005cbe (0x01a791bb) sllw    gp, a5, s10
core   0: 1 0x0000000080005cbe (0x01a791bb) x3  0x000000000000b948
core   0: 0x0000000080005cc2 (0xf2050653) fmv.d.x fa2, a0
core   0: 1 0x0000000080005cc2 (0xf2050653) f12 0x0000000000000014
core   0: 0x0000000080005cc6 (0x000e891b) sext.w  s2, t4
core   0: 1 0x0000000080005cc6 (0x000e891b) x18 0x00000000000002f6
core   0: 0x0000000080005cca (0x40a8d89b) sraiw   a7, a7, 10
core   0: 1 0x0000000080005cca (0x40a8d89b) x17 0x0000000000000000
core   0: 0x0000000080005cce (0x41be0db3) sub     s11, t3, s11
core   0: 1 0x0000000080005cce (0x41be0db3) x27 0x0000007da82b0c7e
core   0: 0x0000000080005cd2 (0x23962ad3) fsgnjx.d fs5, fa2, fs9
core   0: 1 0x0000000080005cd2 (0x23962ad3) f21 0x0000000000000014
core   0: 0x0000000080005cd6 (0x024e0b33) mul     s6, t3, tp
core   0: 1 0x0000000080005cd6 (0x024e0b33) x22 0x0000000000000000
core   0: 0x0000000080005cda (0x03c60abb) mulw    s5, a2, t3
core   0: 1 0x0000000080005cda (0x03c60abb) x21 0x0000000000000000
core   0: 0x0000000080005cde (0xd034f1d3) fcvt.s.lu ft3, s1
core   0: 1 0x0000000080005cde (0xd034f1d3) f3  0xffffffff458cf000
core   0: 0x0000000080005ce2 (0xd021fe53) fcvt.s.l ft8, gp
core   0: 1 0x0000000080005ce2 (0xd021fe53) f28 0xffffffff47394800
core   0: 0x0000000080005ce6 (0x00f7ac33) slt     s8, a5, a5
core   0: 1 0x0000000080005ce6 (0x00f7ac33) x24 0x0000000000000000
core   0: 0x0000000080005cea (0xe2041653) fclass.d a2, fs0
core   0: 1 0x0000000080005cea (0xe2041653) x12 0x0000000000000010
core   0: 0x0000000080005cee (0x405e8e33) sub     t3, t4, t0
core   0: 1 0x0000000080005cee (0x405e8e33) x28 0xffffffff47d2c483
core   0: 0x0000000080005cf2 (0x03ad2d33) mulhsu  s10, s10, s10
core   0: 1 0x0000000080005cf2 (0x03ad2d33) x26 0x0000000000000000
core   0: 0x0000000080005cf6 (0x000e071b) sext.w  a4, t3
core   0: 1 0x0000000080005cf6 (0x000e071b) x14 0x0000000047d2c483
core   0: 0x0000000080005cfa (0x5b876913) ori     s2, a4, 1464
core   0: 1 0x0000000080005cfa (0x5b876913) x18 0x0000000047d2c5bb
core   0: 0x0000000080005cfe (0x00097293) andi    t0, s2, 0
core   0: 1 0x0000000080005cfe (0x00097293) x5  0x0000000000000000
core   0: 0x0000000080005d02 (0x2a491253) fmax.d  ft4, fs2, ft4
core   0: 1 0x0000000080005d02 (0x2a491253) f4  0x3ff0000000000000
core   0: 0x0000000080005d06 (0x00102373) csrrs   t1, fflags, zero
core   0: 1 0x0000000080005d06 (0x00102373) x6  0x0000000000000010
core   0: 0x0000000080005d0a (0x02b55bb3) divu    s7, a0, a1
core   0: 1 0x0000000080005d0a (0x02b55bb3) x23 0x0000000000000000
core   0: 0x0000000080005d0e (0xd239f653) fcvt.d.lu fa2, s3
core   0: 1 0x0000000080005d0e (0xd239f653) f12 0x0000000000000000
core   0: 0x0000000080005d12 (0x00f1aeb3) slt     t4, gp, a5
core   0: 1 0x0000000080005d12 (0x00f1aeb3) x29 0x0000000000000001
core   0: 0x0000000080005d16 (0x01ce16b3) sll     a3, t3, t3
core   0: 1 0x0000000080005d16 (0x01ce16b3) x13 0xfffffffa3e962418
core   0: 0x0000000080005d1a (0x02f595b3) mulh    a1, a1, a5
core   0: 1 0x0000000080005d1a (0x02f595b3) x11 0x0000000000000000
core   0: 0x0000000080005d1e (0x0152d393) srli    t2, t0, 21
core   0: 1 0x0000000080005d1e (0x0152d393) x7  0x0000000000000000
core   0: 0x0000000080005d22 (0x4000503b) sraw    zero, zero, zero
core   0: 1 0x0000000080005d22 (0x4000503b)
core   0: 0x0000000080005d26 (0x40605ebb) sraw    t4, zero, t1
core   0: 1 0x0000000080005d26 (0x40605ebb) x29 0x0000000000000000
core   0: 0x0000000080005d2a (0x022d23b3) mulhsu  t2, s10, sp
core   0: 1 0x0000000080005d2a (0x022d23b3) x7  0x0000000000000000
core   0: 0x0000000080005d2e (0x400ada93) srai    s5, s5, 0
core   0: 1 0x0000000080005d2e (0x400ada93) x21 0x0000000000000000
core   0: 0x0000000080005d32 (0xa21601d3) fle.d   gp, fa2, ft1
core   0: 1 0x0000000080005d32 (0xa21601d3) c1_fflags 0x0000000000000010 x3  0x0000000000000000
core   0: 0x0000000080005d36 (0x41d180bb) subw    ra, gp, t4
core   0: 1 0x0000000080005d36 (0x41d180bb) x1  0x0000000000000000
core   0: 0x0000000080005d3a (0x023a74bb) remuw   s1, s4, gp
core   0: 1 0x0000000080005d3a (0x023a74bb) x9  0x00000000000041fb
core   0: 0x0000000080005d3e (0xfe9463b7) lui     t2, 0xfe946
core   0: 1 0x0000000080005d3e (0xfe9463b7) x7  0xfffffffffe946000
core   0: 0x0000000080005d42 (0xe453839b) addiw   t2, t2, -443
core   0: 1 0x0000000080005d42 (0xe453839b) x7  0xfffffffffe945e45
core   0: 0x0000000080005d46 (0x000003ba) c.slli  t2, 14
core   0: 1 0x0000000080005d46 (0x03ba) x7  0xffffffa517914000
core   0: 0x0000000080005d48 (0xb2738393) addi    t2, t2, -1241
core   0: 1 0x0000000080005d48 (0xb2738393) x7  0xffffffa517913b27
core   0: 0x0000000080005d4c (0x007a61b3) or      gp, s4, t2
core   0: 1 0x0000000080005d4c (0x007a61b3) x3  0xffffffa517917bff
core   0: 0x0000000080005d50 (0x02a6853b) mulw    a0, a3, a0
core   0: 1 0x0000000080005d50 (0x02a6853b) x10 0xffffffffe3bad1e0
core   0: 0x0000000080005d54 (0x4015f753) fcvt.s.d fa4, fa1
core   0: 1 0x0000000080005d54 (0x4015f753) f14 0xffffffff00000000
core   0: 0x0000000080005d58 (0x80050e93) addi    t4, a0, -2048
core   0: 1 0x0000000080005d58 (0x80050e93) x29 0xffffffffe3bac9e0
core   0: 0x0000000080005d5c (0x1051bbf3) csrrc   s7, stvec, gp
core   0: 1 0x0000000080005d5c (0x1051bbf3) x23 0x0000000000000014 c261_stvec 0x0000000000000000
core   0: 0x0000000080005d60 (0xc22ef8d3) fcvt.l.d a7, ft9
core   0: 1 0x0000000080005d60 (0xc22ef8d3) c1_fflags 0x0000000000000010 x17 0x7fffffffffffffff
core   0: 0x0000000080005d64 (0xd239fe53) fcvt.d.lu ft8, s3
core   0: 1 0x0000000080005d64 (0xd239fe53) f28 0x0000000000000000
core   0: 0x0000000080005d68 (0x872e809b) addiw   ra, t4, -1934
core   0: 1 0x0000000080005d68 (0x872e809b) x1  0xffffffffe3bac252
core   0: 0x0000000080005d6c (0x238787d3) fsgnj.d fa5, fa5, fs8
core   0: 1 0x0000000080005d6c (0x238787d3) f15 0x00000000000005d6
core   0: 0x0000000080005d70 (0x43d85a13) srai    s4, a6, 61
core   0: 1 0x0000000080005d70 (0x43d85a13) x20 0x0000000000000000
core   0: 0x0000000080005d74 (0x030855bb) divuw   a1, a6, a6
core   0: 1 0x0000000080005d74 (0x030855bb) x11 0x0000000000000001
core   0: 0x0000000080005d78 (0x00e2deb3) srl     t4, t0, a4
core   0: 1 0x0000000080005d78 (0x00e2deb3) x29 0x0000000000000000
core   0: 0x0000000080005d7c (0x01b70133) add     sp, a4, s11
core   0: 1 0x0000000080005d7c (0x01b70133) x2  0x0000007deffdd101
core   0: 0x0000000080005d80 (0x002bd7b3) srl     a5, s7, sp
core   0: 1 0x0000000080005d80 (0x002bd7b3) x15 0x000000000000000a
core   0: 0x0000000080005d84 (0xde9e6e13) ori     t3, t3, -535
core   0: 1 0x0000000080005d84 (0xde9e6e13) x28 0xfffffffffffffdeb
core   0: 0x0000000080005d88 (0x12f7f14b) fnmsub.d ft2, fa5, fa5, ft2
core   0: 1 0x0000000080005d88 (0x12f7f14b) c1_fflags 0x0000000000000011 f2  0xc24afa28b8088000
core   0: 0x0000000080005d8c (0x6b4df847) fmsub.d fa6, fs11, fs4, fa3
core   0: 1 0x0000000080005d8c (0x6b4df847) f16 0x7ff8000000000000
core   0: 0x0000000080005d90 (0x410a521b) sraiw   tp, s4, 16
core   0: 1 0x0000000080005d90 (0x410a521b) x4  0x0000000000000000
core   0: 0x0000000080005d94 (0x00000001) c.nop
core   0: 1 0x0000000080005d94 (0x0001)
core   0: 0x0000000080005d96 (0x030b69b3) rem     s3, s6, a6
core   0: 1 0x0000000080005d96 (0x030b69b3) x19 0x0000000000000000
core   0: 0x0000000080005d9a (0xa2d80ed3) fle.d   t4, fa6, fa3
core   0: 1 0x0000000080005d9a (0xa2d80ed3) c1_fflags 0x0000000000000011 x29 0x0000000000000000
core   0: 0x0000000080005d9e (0xa3bb02d3) fle.d   t0, fs6, fs11
core   0: 1 0x0000000080005d9e (0xa3bb02d3) c1_fflags 0x0000000000000011 x5  0x0000000000000000
core   0: 0x0000000080005da2 (0xfb6359b7) lui     s3, 0xfb635
core   0: 1 0x0000000080005da2 (0xfb6359b7) x19 0xfffffffffb635000
core   0: 0x0000000080005da6 (0xa3080a53) fle.d   s4, fa6, fa6
core   0: 1 0x0000000080005da6 (0xa3080a53) c1_fflags 0x0000000000000011 x20 0x0000000000000000
core   0: 0x0000000080005daa (0xd022f553) fcvt.s.l fa0, t0
core   0: 1 0x0000000080005daa (0xd022f553) f10 0xffffffff00000000
core   0: 0x0000000080005dae (0xe2058ad3) fmv.x.d s5, fa1
core   0: 1 0x0000000080005dae (0xe2058ad3) x21 0x0000000000000000
core   0: 0x0000000080005db2 (0x22468253) fsgnj.d ft4, fa3, ft4
core   0: 1 0x0000000080005db2 (0x22468253) f4  0x7ff8000000000000
core   0: 0x0000000080005db6 (0x4002561b) sraiw   a2, tp, 0
core   0: 1 0x0000000080005db6 (0x4002561b) x12 0x0000000000000000
core   0: 0x0000000080005dba (0xc0327c53) fcvt.lu.s s8, ft4
core   0: 1 0x0000000080005dba (0xc0327c53) c1_fflags 0x0000000000000011 x24 0xffffffffffffffff
core   0: 0x0000000080005dbe (0x00000001) c.nop
core   0: 1 0x0000000080005dbe (0x0001)
core   0: 0x0000000080005dc0 (0x2ad68d53) fmin.d  fs10, fa3, fa3
core   0: 1 0x0000000080005dc0 (0x2ad68d53) f26 0x7ff8000000000000
core   0: 0x0000000080005dc4 (0xc226fdd3) fcvt.l.d s11, fa3
core   0: 1 0x0000000080005dc4 (0xc226fdd3) c1_fflags 0x0000000000000011 x27 0x7fffffffffffffff
core   0: 0x0000000080005dc8 (0x03bdd3b3) divu    t2, s11, s11
core   0: 1 0x0000000080005dc8 (0x03bdd3b3) x7  0x0000000000000001
core   0: 0x0000000080005dcc (0x10a51073) csrrw   zero, senvcfg, a0
core   0: 1 0x0000000080005dcc (0x10a51073) c266_senvcfg 0x0000000000000000
core   0: 0x0000000080005dd0 (0x22978b53) fsgnj.d fs6, fa5, fs1
core   0: 1 0x0000000080005dd0 (0x22978b53) f22 0x00000000000005d6
core   0: 0x0000000080005dd4 (0x136f7f53) fmul.d  ft10, ft10, fs6
core   0: 1 0x0000000080005dd4 (0x136f7f53) f30 0x80000000004984e6
core   0: 0x0000000080005dd8 (0xd21202d3) fcvt.d.wu ft5, tp
core   0: 1 0x0000000080005dd8 (0xd21202d3) f5  0x0000000000000000
core   0: 0x0000000080005ddc (0x03ad6a3b) remw    s4, s10, s10
core   0: 1 0x0000000080005ddc (0x03ad6a3b) x20 0x0000000000000000
core   0: 0x0000000080005de0 (0x0070599b) srliw   s3, zero, 7
core   0: 1 0x0000000080005de0 (0x0070599b) x19 0x0000000000000000
core   0: 0x0000000080005de4 (0x027e2033) mulhsu  zero, t3, t2
core   0: 1 0x0000000080005de4 (0x027e2033)
core   0: 0x0000000080005de8 (0x4145063b) subw    a2, a0, s4
core   0: 1 0x0000000080005de8 (0x4145063b) x12 0xffffffffe3bad1e0
core   0: 0x0000000080005dec (0x0206043b) mulw    s0, a2, zero
core   0: 1 0x0000000080005dec (0x0206043b) x8  0x0000000000000000
core   0: 0x0000000080005df0 (0xd03870d3) fcvt.s.lu ft1, a6
core   0: 1 0x0000000080005df0 (0xd03870d3) f1  0xffffffff430f0000
core   0: 0x0000000080005df4 (0x004bd89b) srliw   a7, s7, 4
core   0: 1 0x0000000080005df4 (0x004bd89b) x17 0x0000000000000001
core   0: 0x0000000080005df8 (0x43defecb) fnmsub.d ft9, ft9, ft9, fs0
core   0: 1 0x0000000080005df8 (0x43defecb) f29 0x7ff8000000000000
core   0: 0x0000000080005dfc (0x003761b3) or      gp, a4, gp
core   0: 1 0x0000000080005dfc (0x003761b3) x3  0xffffffa557d3ffff
core   0: 0x0000000080005e00 (0x10431873) csrrw   a6, sie, t1
core   0: 1 0x0000000080005e00 (0x10431873) x16 0x0000000000000000 c772_mie 0x0000000000000a00
core   0: 0x0000000080005e04 (0x40135613) srai    a2, t1, 1
core   0: 1 0x0000000080005e04 (0x40135613) x12 0x0000000000000008
core   0: 0x0000000080005e08 (0x03ce1ab3) mulh    s5, t3, t3
core   0: 1 0x0000000080005e08 (0x03ce1ab3) x21 0x0000000000000000
core   0: 0x0000000080005e0c (0x01c615b3) sll     a1, a2, t3
core   0: 1 0x0000000080005e0c (0x01c615b3) x11 0x0000400000000000
core   0: 0x0000000080005e10 (0x23dd0b53) fsgnj.d fs6, fs10, ft9
core   0: 1 0x0000000080005e10 (0x23dd0b53) f22 0x7ff8000000000000
core   0: 0x0000000080005e14 (0x83697b47) fmsub.d fs6, fs2, fs6, fa6
core   0: 1 0x0000000080005e14 (0x83697b47) f22 0x7ff8000000000000
core   0: 0x0000000080005e18 (0x000a1e9b) slliw   t4, s4, 0
core   0: 1 0x0000000080005e18 (0x000a1e9b) x29 0x0000000000000000
core   0: 0x0000000080005e1c (0x00000001) c.nop
core   0: 1 0x0000000080005e1c (0x0001)
core   0: 0x0000000080005e1e (0xc5412097) auipc   ra, 0xc5412
core   0: 1 0x0000000080005e1e (0xc5412097) x1  0x0000000045417e1e
core   0: 0x0000000080005e22 (0xc20b79d3) fcvt.w.d s3, fs6
core   0: 1 0x0000000080005e22 (0xc20b79d3) c1_fflags 0x0000000000000011 x19 0x000000007fffffff
core   0: 0x0000000080005e26 (0x00102cf3) csrrs   s9, fflags, zero
core   0: 1 0x0000000080005e26 (0x00102cf3) x25 0x0000000000000011
core   0: 0x0000000080005e2a (0x036c9b33) mulh    s6, s9, s6
core   0: 1 0x0000000080005e2a (0x036c9b33) x22 0x0000000000000000
core   0: 0x0000000080005e2e (0x00bc9e3b) sllw    t3, s9, a1
core   0: 1 0x0000000080005e2e (0x00bc9e3b) x28 0x0000000000000011
core   0: 0x0000000080005e32 (0x401e5d93) srai    s11, t3, 1
core   0: 1 0x0000000080005e32 (0x401e5d93) x27 0x0000000000000008
core   0: 0x0000000080005e36 (0x0006169b) slliw   a3, a2, 0
core   0: 1 0x0000000080005e36 (0x0006169b) x13 0x0000000000000008
core   0: 0x0000000080005e3a (0x0002c293) xori    t0, t0, 0
core   0: 1 0x0000000080005e3a (0x0002c293) x5  0x0000000000000000
core   0: 0x0000000080005e3e (0xc227fcd3) fcvt.l.d s9, fa5
core   0: 1 0x0000000080005e3e (0xc227fcd3) c1_fflags 0x0000000000000011 x25 0x0000000000000000
core   0: 0x0000000080005e42 (0x3034d1f3) csrrwi  gp, mideleg, 9
core   0: exception trap_illegal_instruction, epc 0x0000000080005e42
core   0:           tval 0x000000003034d1f3
core   0: >>>>  $xrv64i2p1_m2p0_a2p1_f2p2_d2p2_zicsr2p0_zifencei2p0_zmmul1p0_zba1p0_zbb1p0_zbc1p0_zbs1p0
core   0: 0x0000000080004000 (0x0080006f) j       pc + 0x8
core   0: 3 0x0000000080004000 (0x0080006f)
core   0: >>>>  mmode_exception_handler
core   0: 0x0000000080004008 (0x00002c17) auipc   s8, 0x2
core   0: 3 0x0000000080004008 (0x00002c17) x24 0x0000000080006008
core   0: 0x000000008000400c (0x00ec0c13) addi    s8, s8, 14
core   0: 3 0x000000008000400c (0x00ec0c13) x24 0x0000000080006016
core   0: 0x0000000080004010 (0x000c00e7) jalr    s8
core   0: 3 0x0000000080004010 (0x000c00e7) x1  0x0000000080004014
core   0: >>>>  any_handler
core   0: 0x0000000080006016 (0x341027f3) csrrs   a5, mepc, zero
core   0: 3 0x0000000080006016 (0x341027f3) x15 0x0000000080005e42
core   0: 0x000000008000601a (0x34202773) csrrs   a4, mcause, zero
core   0: 3 0x000000008000601a (0x34202773) x14 0x0000000000000002
core   0: 0x000000008000601e (0x142026f3) csrrs   a3, scause, zero
core   0: 3 0x000000008000601e (0x142026f3) x13 0x0000000000000000
core   0: 0x0000000080006022 (0x30402673) csrrs   a2, mie, zero
core   0: 3 0x0000000080006022 (0x30402673) x12 0x0000000000000a00
core   0: 0x0000000080006026 (0x344025f3) csrrs   a1, mip, zero
core   0: 3 0x0000000080006026 (0x344025f3) x11 0x0000000000000080
core   0: 0x000000008000602a (0x343025f3) csrrs   a1, mtval, zero
core   0: 3 0x000000008000602a (0x343025f3) x11 0x000000003034d1f3
core   0: 0x000000008000602e (0x14302573) csrrs   a0, stval, zero
core   0: 3 0x000000008000602e (0x14302573) x10 0x0000000000000014
core   0: 0x0000000080006032 (0xb02024f3) csrrs   s1, minstret, zero
core   0: 3 0x0000000080006032 (0xb02024f3) x9  0x0000000000001218
core   0: 0x0000000080006036 (0x0000a811) c.j     pc + 20
core   0: 3 0x0000000080006036 (0xa811)
core   0: >>>>  mepc_4
core   0: 0x000000008000604a (0x00000791) c.addi  a5, 4
core   0: 3 0x000000008000604a (0x0791) x15 0x0000000080005e46
core   0: 0x000000008000604c (0x34179073) csrrw   zero, mepc, a5
core   0: 3 0x000000008000604c (0x34179073) c833_mepc 0x0000000080005e46
core   0: 0x0000000080006050 (0x30200073) mret
core   0: 3 0x0000000080006050 (0x30200073) c768_mstatus 0x8000000a00106080
core   0: 0x0000000080005e46 (0xc2097b53) fcvt.w.d s6, fs2
core   0: 1 0x0000000080005e46 (0xc2097b53) c1_fflags 0x0000000000000011 x22 0x000000007fffffff
core   0: 0x0000000080005e4a (0xc029f4d3) fcvt.l.s s1, fs3
core   0: 1 0x0000000080005e4a (0xc029f4d3) c1_fflags 0x0000000000000011 x9  0x7fffffffffffffff
core   0: 0x0000000080005e4e (0x00102973) csrrs   s2, fflags, zero
core   0: 1 0x0000000080005e4e (0x00102973) x18 0x0000000000000011
core   0: 0x0000000080005e52 (0x41a50b3b) subw    s6, a0, s10
core   0: 1 0x0000000080005e52 (0x41a50b3b) x22 0x0000000000000014
core   0: 0x0000000080005e56 (0x034cc93b) divw    s2, s9, s4
core   0: 1 0x0000000080005e56 (0x034cc93b) x18 0xffffffffffffffff
core   0: 0x0000000080005e5a (0xd7676713) ori     a4, a4, -650
core   0: 1 0x0000000080005e5a (0xd7676713) x14 0xfffffffffffffd76
core   0: 0x0000000080005e5e (0x01861dbb) sllw    s11, a2, s8
core   0: 1 0x0000000080005e5e (0x01861dbb) x27 0xffffffff80000000
core   0: 0x0000000080005e62 (0xa2ab0cd3) fle.d   s9, fs6, fa0
core   0: 1 0x0000000080005e62 (0xa2ab0cd3) c1_fflags 0x0000000000000011 x25 0x0000000000000000
core   0: 0x0000000080005e66 (0x003d9d9b) slliw   s11, s11, 3
core   0: 1 0x0000000080005e66 (0x003d9d9b) x27 0x0000000000000000
core   0: 0x0000000080005e6a (0x41bdd0bb) sraw    ra, s11, s11
core   0: 1 0x0000000080005e6a (0x41bdd0bb) x1  0x0000000000000000
core   0: 0x0000000080005e6e (0xfff97213) andi    tp, s2, -1
core   0: 1 0x0000000080005e6e (0xfff97213) x4  0xffffffffffffffff
core   0: 0x0000000080005e72 (0x01c106b3) add     a3, sp, t3
core   0: 1 0x0000000080005e72 (0x01c106b3) x13 0x0000007deffdd112
core   0: 0x0000000080005e76 (0x02de5733) divu    a4, t3, a3
core   0: 1 0x0000000080005e76 (0x02de5733) x14 0x0000000000000000
core   0: 0x0000000080005e7a (0x0822aa97) auipc   s5, 0x822a
core   0: 1 0x0000000080005e7a (0x0822aa97) x21 0x000000008822fe7a
core   0: 0x0000000080005e7e (0xd2160053) fcvt.d.wu ft0, a2
core   0: 1 0x0000000080005e7e (0xd2160053) f0  0x40a4000000000000
core   0: 0x0000000080005e82 (0x9c637b17) auipc   s6, 0x9c637
core   0: 1 0x0000000080005e82 (0x9c637b17) x22 0x000000001c63ce82
core   0: 0x0000000080005e86 (0x00751a13) slli    s4, a0, 7
core   0: 1 0x0000000080005e86 (0x00751a13) x20 0x0000000000000a00
core   0: 0x0000000080005e8a (0x00259d1b) slliw   s10, a1, 2
core   0: 1 0x0000000080005e8a (0x00259d1b) x26 0xffffffffc0d347cc
core   0: 0x0000000080005e8e (0x4d1d6893) ori     a7, s10, 1233
core   0: 1 0x0000000080005e8e (0x4d1d6893) x17 0xffffffffc0d347dd
core   0: 0x0000000080005e92 (0x12c07253) fmul.d  ft4, ft0, fa2
core   0: 1 0x0000000080005e92 (0x12c07253) f4  0x0000000000000000
core   0: 0x0000000080005e96 (0x403bd1bb) sraw    gp, s7, gp
core   0: 1 0x0000000080005e96 (0x403bd1bb) x3  0x0000000000000000
core   0: 0x0000000080005e9a (0x0378d1b3) divu    gp, a7, s7
core   0: 1 0x0000000080005e9a (0x0378d1b3) x3  0x0cccccccc9a429fe
core   0: 0x0000000080005e9e (0x40ce063b) subw    a2, t3, a2
core   0: 1 0x0000000080005e9e (0x40ce063b) x12 0xfffffffffffff611
core   0: 0x0000000080005ea2 (0x012e5333) srl     t1, t3, s2
core   0: 1 0x0000000080005ea2 (0x012e5333) x6  0x0000000000000000
core   0: 0x0000000080005ea6 (0x012318bb) sllw    a7, t1, s2
core   0: 1 0x0000000080005ea6 (0x012318bb) x17 0x0000000000000000
core   0: 0x0000000080005eaa (0x420001d3) fcvt.d.s ft3, ft0
core   0: 1 0x0000000080005eaa (0x420001d3) f3  0x7ff8000000000000
core   0: 0x0000000080005eae (0x011eddbb) srlw    s11, t4, a7
core   0: 1 0x0000000080005eae (0x011eddbb) x27 0x0000000000000000
core   0: 0x0000000080005eb2 (0x8a08fe4f) fnmadd.d ft8, fa7, ft0, fa7
core   0: 1 0x0000000080005eb2 (0x8a08fe4f) f28 0x429985ef4a3a4800
core   0: 0x0000000080005eb6 (0xd20d83d3) fcvt.d.w ft7, s11
core   0: 1 0x0000000080005eb6 (0xd20d83d3) f7  0x0000000000000000
core   0: 0x0000000080005eba (0x3400de73) csrrwi  t3, mscratch, 1
core   0: exception trap_illegal_instruction, epc 0x0000000080005eba
core   0:           tval 0x000000003400de73
core   0: >>>>  $xrv64i2p1_m2p0_a2p1_f2p2_d2p2_zicsr2p0_zifencei2p0_zmmul1p0_zba1p0_zbb1p0_zbc1p0_zbs1p0
core   0: 0x0000000080004000 (0x0080006f) j       pc + 0x8
core   0: 3 0x0000000080004000 (0x0080006f)
core   0: >>>>  mmode_exception_handler
core   0: 0x0000000080004008 (0x00002c17) auipc   s8, 0x2
core   0: 3 0x0000000080004008 (0x00002c17) x24 0x0000000080006008
core   0: 0x000000008000400c (0x00ec0c13) addi    s8, s8, 14
core   0: 3 0x000000008000400c (0x00ec0c13) x24 0x0000000080006016
core   0: 0x0000000080004010 (0x000c00e7) jalr    s8
core   0: 3 0x0000000080004010 (0x000c00e7) x1  0x0000000080004014
core   0: >>>>  any_handler
core   0: 0x0000000080006016 (0x341027f3) csrrs   a5, mepc, zero
core   0: 3 0x0000000080006016 (0x341027f3) x15 0x0000000080005eba
core   0: 0x000000008000601a (0x34202773) csrrs   a4, mcause, zero
core   0: 3 0x000000008000601a (0x34202773) x14 0x0000000000000002
core   0: 0x000000008000601e (0x142026f3) csrrs   a3, scause, zero
core   0: 3 0x000000008000601e (0x142026f3) x13 0x0000000000000000
core   0: 0x0000000080006022 (0x30402673) csrrs   a2, mie, zero
core   0: 3 0x0000000080006022 (0x30402673) x12 0x0000000000000a00
core   0: 0x0000000080006026 (0x344025f3) csrrs   a1, mip, zero
core   0: 3 0x0000000080006026 (0x344025f3) x11 0x0000000000000080
core   0: 0x000000008000602a (0x343025f3) csrrs   a1, mtval, zero
core   0: 3 0x000000008000602a (0x343025f3) x11 0x000000003400de73
core   0: 0x000000008000602e (0x14302573) csrrs   a0, stval, zero
core   0: 3 0x000000008000602e (0x14302573) x10 0x0000000000000014
core   0: 0x0000000080006032 (0xb02024f3) csrrs   s1, minstret, zero
core   0: 3 0x0000000080006032 (0xb02024f3) x9  0x0000000000001245
core   0: 0x0000000080006036 (0x0000a811) c.j     pc + 20
core   0: 3 0x0000000080006036 (0xa811)
core   0: >>>>  mepc_4
core   0: 0x000000008000604a (0x00000791) c.addi  a5, 4
core   0: 3 0x000000008000604a (0x0791) x15 0x0000000080005ebe
core   0: 0x000000008000604c (0x34179073) csrrw   zero, mepc, a5
core   0: 3 0x000000008000604c (0x34179073) c833_mepc 0x0000000080005ebe
core   0: 0x0000000080006050 (0x30200073) mret
core   0: 3 0x0000000080006050 (0x30200073) c768_mstatus 0x8000000a00106080
core   0: 0x0000000080005ebe (0x2a011f53) fmax.d  ft10, ft2, ft0
core   0: 1 0x0000000080005ebe (0x2a011f53) f30 0x40a4000000000000
core   0: 0x0000000080005ec2 (0x01c110b3) sll     ra, sp, t3
core   0: 1 0x0000000080005ec2 (0x01c110b3) x1  0x00fbdffba2020000
core   0: 0x0000000080005ec6 (0xfbed2a13) slti    s4, s10, -66
core   0: 1 0x0000000080005ec6 (0xfbed2a13) x20 0x0000000000000001
core   0: 0x0000000080005eca (0xd02077d3) fcvt.s.l fa5, zero
core   0: 1 0x0000000080005eca (0xd02077d3) f15 0xffffffff00000000
core   0: 0x0000000080005ece (0x7ff84a93) xori    s5, a6, 2047
core   0: 1 0x0000000080005ece (0x7ff84a93) x21 0x00000000000007ff
core   0: 0x0000000080005ed2 (0x23bda053) fsgnjx.d ft0, fs11, fs11
core   0: 1 0x0000000080005ed2 (0x23bda053) f0  0x7ff8000000000000
core   0: 0x0000000080005ed6 (0x236dadd3) fsgnjx.d fs11, fs11, fs6
core   0: 1 0x0000000080005ed6 (0x236dadd3) f27 0x7ff8000000000000
core   0: 0x0000000080005eda (0x00c290bb) sllw    ra, t0, a2
core   0: 1 0x0000000080005eda (0x00c290bb) x1  0x0000000000000000
core   0: 0x0000000080005ede (0xe20b02d3) fmv.x.d t0, fs6
core   0: 1 0x0000000080005ede (0xe20b02d3) x5  0x7ff8000000000000
core   0: 0x0000000080005ee2 (0x7ffa8b93) addi    s7, s5, 2047
core   0: 1 0x0000000080005ee2 (0x7ffa8b93) x23 0x0000000000000ffe
core   0: 0x0000000080005ee6 (0xc20cfcd3) fcvt.w.d s9, fs9
core   0: 1 0x0000000080005ee6 (0xc20cfcd3) c1_fflags 0x0000000000000011 x25 0x000000007fffffff
core   0: 0x0000000080005eea (0x00000001) c.nop
core   0: 1 0x0000000080005eea (0x0001)
core   0: 0x0000000080005eec (0x02427233) remu    tp, tp, tp
core   0: 1 0x0000000080005eec (0x02427233) x4  0x0000000000000000
core   0: 0x0000000080005ef0 (0x0244acb3) mulhsu  s9, s1, tp
core   0: 1 0x0000000080005ef0 (0x0244acb3) x25 0x0000000000000000
core   0: 0x0000000080005ef4 (0x03f25d13) srli    s10, tp, 63
core   0: 1 0x0000000080005ef4 (0x03f25d13) x26 0x0000000000000000
core   0: 0x0000000080005ef8 (0x86bd0893) addi    a7, s10, -1941
core   0: 1 0x0000000080005ef8 (0x86bd0893) x17 0xfffffffffffff86b
core   0: 0x0000000080005efc (0xd234f3d3) fcvt.d.lu ft7, s1
core   0: 1 0x0000000080005efc (0xd234f3d3) f7  0x40b2450000000000
core   0: 0x0000000080005f00 (0xd034ff53) fcvt.s.lu ft10, s1
core   0: 1 0x0000000080005f00 (0xd034ff53) f30 0xffffffff45922800
core   0: 0x0000000080005f04 (0x034a6e3b) remw    t3, s4, s4
core   0: 1 0x0000000080005f04 (0x034a6e3b) x28 0x0000000000000000
core   0: 0x0000000080005f08 (0x005e133b) sllw    t1, t3, t0
core   0: 1 0x0000000080005f08 (0x005e133b) x6  0x0000000000000000
core   0: 0x0000000080005f0c (0xda1472cf) fnmadd.d ft5, fs0, ft1, fs11
core   0: 1 0x0000000080005f0c (0xda1472cf) f5  0x7ff8000000000000
core   0: 0x0000000080005f10 (0x022ca133) mulhsu  sp, s9, sp
core   0: 1 0x0000000080005f10 (0x022ca133) x2  0x0000000000000000
core   0: 0x0000000080005f14 (0x00000001) c.nop
core   0: 1 0x0000000080005f14 (0x0001)
core   0: 0x0000000080005f16 (0x00bedebb) srlw    t4, t4, a1
core   0: 1 0x0000000080005f16 (0x00bedebb) x29 0x0000000000000000
core   0: 0x0000000080005f1a (0x4311d513) srai    a0, gp, 49
core   0: 1 0x0000000080005f1a (0x4311d513) x10 0x0000000000000666
core   0: 0x0000000080005f1e (0x42dcd213) srai    tp, s9, 45
core   0: 1 0x0000000080005f1e (0x42dcd213) x4  0x0000000000000000
core   0: 0x0000000080005f22 (0x419a5e33) sra     t3, s4, s9
core   0: 1 0x0000000080005f22 (0x419a5e33) x28 0x0000000000000001
core   0: 0x0000000080005f26 (0xf1521b73) csrrw   s6, mconfigptr, tp
core   0: exception trap_illegal_instruction, epc 0x0000000080005f26
core   0:           tval 0x00000000f1521b73
core   0: >>>>  $xrv64i2p1_m2p0_a2p1_f2p2_d2p2_zicsr2p0_zifencei2p0_zmmul1p0_zba1p0_zbb1p0_zbc1p0_zbs1p0
core   0: 0x0000000080004000 (0x0080006f) j       pc + 0x8
core   0: 3 0x0000000080004000 (0x0080006f)
core   0: >>>>  mmode_exception_handler
core   0: 0x0000000080004008 (0x00002c17) auipc   s8, 0x2
core   0: 3 0x0000000080004008 (0x00002c17) x24 0x0000000080006008
core   0: 0x000000008000400c (0x00ec0c13) addi    s8, s8, 14
core   0: 3 0x000000008000400c (0x00ec0c13) x24 0x0000000080006016
core   0: 0x0000000080004010 (0x000c00e7) jalr    s8
core   0: 3 0x0000000080004010 (0x000c00e7) x1  0x0000000080004014
core   0: >>>>  any_handler
core   0: 0x0000000080006016 (0x341027f3) csrrs   a5, mepc, zero
core   0: 3 0x0000000080006016 (0x341027f3) x15 0x0000000080005f26
core   0: 0x000000008000601a (0x34202773) csrrs   a4, mcause, zero
core   0: 3 0x000000008000601a (0x34202773) x14 0x0000000000000002
core   0: 0x000000008000601e (0x142026f3) csrrs   a3, scause, zero
core   0: 3 0x000000008000601e (0x142026f3) x13 0x0000000000000000
core   0: 0x0000000080006022 (0x30402673) csrrs   a2, mie, zero
core   0: 3 0x0000000080006022 (0x30402673) x12 0x0000000000000a00
core   0: 0x0000000080006026 (0x344025f3) csrrs   a1, mip, zero
core   0: 3 0x0000000080006026 (0x344025f3) x11 0x0000000000000080
core   0: 0x000000008000602a (0x343025f3) csrrs   a1, mtval, zero
core   0: 3 0x000000008000602a (0x343025f3) x11 0x00000000f1521b73
core   0: 0x000000008000602e (0x14302573) csrrs   a0, stval, zero
core   0: 3 0x000000008000602e (0x14302573) x10 0x0000000000000014
core   0: 0x0000000080006032 (0xb02024f3) csrrs   s1, minstret, zero
core   0: 3 0x0000000080006032 (0xb02024f3) x9  0x0000000000001270
core   0: 0x0000000080006036 (0x0000a811) c.j     pc + 20
core   0: 3 0x0000000080006036 (0xa811)
core   0: >>>>  mepc_4
core   0: 0x000000008000604a (0x00000791) c.addi  a5, 4
core   0: 3 0x000000008000604a (0x0791) x15 0x0000000080005f2a
core   0: 0x000000008000604c (0x34179073) csrrw   zero, mepc, a5
core   0: 3 0x000000008000604c (0x34179073) c833_mepc 0x0000000080005f2a
core   0: 0x0000000080006050 (0x30200073) mret
core   0: 3 0x0000000080006050 (0x30200073) c768_mstatus 0x8000000a00106080
core   0: 0x0000000080005f2a (0x036a71b3) remu    gp, s4, s6
core   0: 1 0x0000000080005f2a (0x036a71b3) x3  0x0000000000000001
core   0: 0x0000000080005f2e (0x400e5b1b) sraiw   s6, t3, 0
core   0: 1 0x0000000080005f2e (0x400e5b1b) x22 0x0000000000000001
core   0: 0x0000000080005f32 (0x01e85b93) srli    s7, a6, 30
core   0: 1 0x0000000080005f32 (0x01e85b93) x23 0x0000000000000000
core   0: 0x0000000080005f36 (0x41ab8cb3) sub     s9, s7, s10
core   0: 1 0x0000000080005f36 (0x41ab8cb3) x25 0x0000000000000000
core   0: 0x0000000080005f3a (0x800be893) ori     a7, s7, -2048
core   0: 1 0x0000000080005f3a (0x800be893) x17 0xfffffffffffff800
core   0: 0x0000000080005f3e (0x013d4d33) xor     s10, s10, s3
core   0: 1 0x0000000080005f3e (0x013d4d33) x26 0x000000007fffffff
core   0: 0x0000000080005f42 (0xc22dfdd3) fcvt.l.d s11, fs11
core   0: 1 0x0000000080005f42 (0xc22dfdd3) c1_fflags 0x0000000000000011 x27 0x7fffffffffffffff
core   0: 0x0000000080005f46 (0x01f65213) srli    tp, a2, 31
core   0: 1 0x0000000080005f46 (0x01f65213) x4  0x0000000000000000
core   0: 0x0000000080005f4a (0x001023f3) csrrs   t2, fflags, zero
core   0: 1 0x0000000080005f4a (0x001023f3) x7  0x0000000000000011
core   0: 0x0000000080005f4e (0xfff80993) addi    s3, a6, -1
core   0: 1 0x0000000080005f4e (0xfff80993) x19 0xffffffffffffffff
core   0: 0x0000000080005f52 (0x013d5a33) srl     s4, s10, s3
core   0: 1 0x0000000080005f52 (0x013d5a33) x20 0x0000000000000000
core   0: 0x0000000080005f56 (0x036b7bbb) remuw   s7, s6, s6
core   0: 1 0x0000000080005f56 (0x036b7bbb) x23 0x0000000000000000
core   0: 0x0000000080005f5a (0xa36981d3) fle.d   gp, fs3, fs6
core   0: 1 0x0000000080005f5a (0xa36981d3) c1_fflags 0x0000000000000011 x3  0x0000000000000000
core   0: 0x0000000080005f5e (0x0ff0000f) fence   iorw,iorw
core   0: 1 0x0000000080005f5e (0x0ff0000f)
core   0: 0x0000000080005f62 (0x64d75217) auipc   tp, 0x64d75
core   0: 1 0x0000000080005f62 (0x64d75217) x4  0x00000000e4d7af62
core   0: 0x0000000080005f66 (0xf8cb7e37) lui     t3, 0xf8cb7
core   0: 1 0x0000000080005f66 (0xf8cb7e37) x28 0xfffffffff8cb7000
core   0: 0x0000000080005f6a (0x7afe0e1b) addiw   t3, t3, 1967
core   0: 1 0x0000000080005f6a (0x7afe0e1b) x28 0xfffffffff8cb77af
core   0: 0x0000000080005f6e (0x00000e32) c.slli  t3, 12
core   0: 1 0x0000000080005f6e (0x0e32) x28 0xffffff8cb77af000
core   0: 0x0000000080005f70 (0xe93e0e13) addi    t3, t3, -365
core   0: 1 0x0000000080005f70 (0xe93e0e13) x28 0xffffff8cb77aee93
core   0: 0x0000000080005f74 (0xfff4889b) addiw   a7, s1, -1
core   0: 1 0x0000000080005f74 (0xfff4889b) x17 0x000000000000126f
core   0: 0x0000000080005f78 (0x22442ed3) fsgnjx.d ft9, fs0, ft4
core   0: 1 0x0000000080005f78 (0x22442ed3) f29 0x0000000000000000
core   0: 0x0000000080005f7c (0x0319f9bb) remuw   s3, s3, a7
core   0: 1 0x0000000080005f7c (0x0319f9bb) x19 0x00000000000009ae
core   0: 0x0000000080005f80 (0x000011e2) c.slli  gp, 56
core   0: 1 0x0000000080005f80 (0x11e2) x3  0x0000000000000000
core   0: 0x0000000080005f82 (0x037a1eb3) mulh    t4, s4, s7
core   0: 1 0x0000000080005f82 (0x037a1eb3) x29 0x0000000000000000
core   0: 0x0000000080005f86 (0xd03bffd3) fcvt.s.lu ft11, s7
core   0: 1 0x0000000080005f86 (0xd03bffd3) f31 0xffffffff00000000
core   0: 0x0000000080005f8a (0xd21a0d53) fcvt.d.wu fs10, s4
core   0: 1 0x0000000080005f8a (0xd21a0d53) f26 0x0000000000000000
core   0: 0x0000000080005f8e (0x02b115b3) mulh    a1, sp, a1
core   0: 1 0x0000000080005f8e (0x02b115b3) x11 0x0000000000000000
core   0: 0x0000000080005f92 (0x40b5da33) sra     s4, a1, a1
core   0: 1 0x0000000080005f92 (0x40b5da33) x20 0x0000000000000000
core   0: 0x0000000080005f96 (0xd232f8d3) fcvt.d.lu fa7, t0
core   0: 1 0x0000000080005f96 (0xd232f8d3) f17 0x43dffe0000000000
core   0: 0x0000000080005f9a (0xc228fd53) fcvt.l.d s10, fa7
core   0: 1 0x0000000080005f9a (0xc228fd53) x26 0x7ff8000000000000
core   0: 0x0000000080005f9e (0xd20d84d3) fcvt.d.w fs1, s11
core   0: 1 0x0000000080005f9e (0xd20d84d3) f9  0xbff0000000000000
core   0: 0x0000000080005fa2 (0x00000001) c.nop
core   0: 1 0x0000000080005fa2 (0x0001)
core   0: 0x0000000080005fa4 (0x00b2e133) or      sp, t0, a1
core   0: 1 0x0000000080005fa4 (0x00b2e133) x2  0x7ff8000000000000
core   0: 0x0000000080005fa8 (0x00202473) csrrs   s0, frm, zero
core   0: 1 0x0000000080005fa8 (0x00202473) x8  0x0000000000000000
core   0: 0x0000000080005fac (0xc037fb53) fcvt.lu.s s6, fa5
core   0: 1 0x0000000080005fac (0xc037fb53) x22 0x0000000000000000
core   0: 0x0000000080005fb0 (0x9a5aba17) auipc   s4, 0x9a5ab
core   0: 1 0x0000000080005fb0 (0x9a5aba17) x20 0x000000001a5b0fb0
core   0: 0x0000000080005fb4 (0x02f2d83b) divuw   a6, t0, a5
core   0: 1 0x0000000080005fb4 (0x02f2d83b) x16 0x0000000000000000
core   0: 0x0000000080005fb8 (0x4154d49b) sraiw   s1, s1, 21
core   0: 1 0x0000000080005fb8 (0x4154d49b) x9  0x0000000000000000
core   0: 0x0000000080005fbc (0x029382bb) mulw    t0, t2, s1
core   0: 1 0x0000000080005fbc (0x029382bb) x5  0x0000000000000000
core   0: 0x0000000080005fc0 (0x0206de3b) divuw   t3, a3, zero
core   0: 1 0x0000000080005fc0 (0x0206de3b) x28 0xffffffffffffffff
core   0: 0x0000000080005fc4 (0x2a1a99d3) fmax.d  fs3, fs5, ft1
core   0: 1 0x0000000080005fc4 (0x2a1a99d3) f19 0x0000000000000014
core   0: 0x0000000080005fc8 (0x027c97b3) mulh    a5, s9, t2
core   0: 1 0x0000000080005fc8 (0x027c97b3) x15 0x0000000000000000
core   0: 0x0000000080005fcc (0x00824233) xor     tp, tp, s0
core   0: 1 0x0000000080005fcc (0x00824233) x4  0x00000000e4d7af62
core   0: 0x0000000080005fd0 (0x00420c3b) addw    s8, tp, tp
core   0: 1 0x0000000080005fd0 (0x00420c3b) x24 0xffffffffc9af5ec4
core   0: 0x0000000080005fd4 (0xd03af8d3) fcvt.s.lu fa7, s5
core   0: 1 0x0000000080005fd4 (0xd03af8d3) f17 0xffffffff44ffe000
core   0: 0x0000000080005fd8 (0x01672833) slt     a6, a4, s6
core   0: 1 0x0000000080005fd8 (0x01672833) x16 0x0000000000000000
core   0: 0x0000000080005fdc (0x4000d393) srai    t2, ra, 0
core   0: 1 0x0000000080005fdc (0x4000d393) x7  0x0000000080004014
core   0: 0x0000000080005fe0 (0x5a0c7153) fsqrt.d ft2, fs8
core   0: 1 0x0000000080005fe0 (0x5a0c7153) f2  0x7ff8000000000000
core   0: 0x0000000080005fe4 (0x23831853) fsgnjn.d fa6, ft6, fs8
core   0: 1 0x0000000080005fe4 (0x23831853) f16 0xfff8000000000000
core   0: 0x0000000080005fe8 (0x401e7253) fcvt.s.d ft4, ft8
core   0: 1 0x0000000080005fe8 (0x401e7253) c1_fflags 0x0000000000000011 f4  0xffffffff54cc2f7a
core   0: 0x0000000080005fec (0x0263a3b3) mulhsu  t2, t2, t1
core   0: 1 0x0000000080005fec (0x0263a3b3) x7  0x0000000000000000
core   0: 0x0000000080005ff0 (0x006365b3) or      a1, t1, t1
core   0: 1 0x0000000080005ff0 (0x006365b3) x11 0x0000000000000000
core   0: 0x0000000080005ff4 (0xa84c9e17) auipc   t3, 0xa84c9
core   0: 1 0x0000000080005ff4 (0xa84c9e17) x28 0x00000000284ceff4
core   0: 0x0000000080005ff8 (0x001696f3) csrrw   a3, fflags, a3
core   0: 1 0x0000000080005ff8 (0x001696f3) x13 0x0000000000000011 c1_fflags 0x0000000000000000
core   0: 0x0000000080005ffc (0xc2357ed3) fcvt.lu.d t4, fa0
core   0: 1 0x0000000080005ffc (0xc2357ed3) c1_fflags 0x0000000000000010 x29 0xffffffffffffffff
core   0: 0x0000000080006000 (0xc0337753) fcvt.lu.s a4, ft6
core   0: 1 0x0000000080006000 (0xc0337753) c1_fflags 0x0000000000000010 x14 0xffffffffffffffff
core   0: 0x0000000080006004 (0x02ae85bb) mulw    a1, t4, a0
core   0: 1 0x0000000080006004 (0x02ae85bb) x11 0xffffffffffffffec
core   0: 0x0000000080006008 (0xdaf7061b) addiw   a2, a4, -593
core   0: 1 0x0000000080006008 (0xdaf7061b) x12 0xfffffffffffffdae
core   0: 0x000000008000600c (0x7b437893) andi    a7, t1, 1972
core   0: 1 0x000000008000600c (0x7b437893) x17 0x0000000000000000
core   0: >>>>  write_tohost
core   0: 0x0000000080006010 (0x9d4fa0ef) jal     pc - 0x5e2c
core   0: 1 0x0000000080006010 (0x9d4fa0ef) x1  0x0000000080006014
core   0: >>>>  _exit
core   0: 0x00000000800001e4 (0x00004505) c.li    a0, 1
core   0: 1 0x00000000800001e4 (0x4505) x10 0x0000000000000001
core   0: 0x00000000800001e6 (0x00001f17) auipc   t5, 0x1
core   0: 1 0x00000000800001e6 (0x00001f17) x30 0x00000000800011e6
core   0: 0x00000000800001ea (0xe0af2d23) sw      a0, -486(t5)
core   0: 1 0x00000000800001ea (0xe0af2d23) mem 0x0000000080001000 0x00000001
cp /home/server/RISCV/cva6/verif/sim/out/seed_1162/spike_sim/new_seeds_1162_.cv64a6_imafdc_sv39.log.iss /home/server/RISCV/cva6/verif/sim/out/seed_1162/spike_sim/new_seeds_1162_.cv64a6_imafdc_sv39.log
