Makefile:14: must set CVA6_REPO_DIR to point at the root of CVA6 sources and CVA6_TB_DIR to point here -- doing it for you...
LD_LIBRARY_PATH="$(realpath ../../tools/spike/lib):$LD_LIBRARY_PATH" \
	/home/server/RISCV/cva6/tools/spike/bin/spike --steps=2000000  --log-commits --isa=rv64gc_zba_zbb_zbs_zbc_zicsr_zifencei --priv=msu -l /home/server/RISCV/cva6/verif/sim/out/seed_213/directed_asm_tests/new_seeds_213_.o
[SPIKE] Max simulation steps: 2000000
[SPIKE] Proc 0 | ISA: rv64gc_zba_zbb_zbs_zbc_zicsr_zifencei PRIV: msu
[SPIKE] Initializing memories...
core   0: 0x0000000000010000 (0x00100413) li      s0, 1
core   0: 3 0x0000000000010000 (0x00100413) x8  0x0000000000000001
core   0: 0x0000000000010004 (0x01f41413) slli    s0, s0, 31
core   0: 3 0x0000000000010004 (0x01f41413) x8  0x0000000080000000
core   0: 0x0000000000010008 (0xf1402573) csrrs   a0, mhartid, zero
core   0: 3 0x0000000000010008 (0xf1402573) x10 0x0000000000000000
core   0: 0x000000000001000c (0x00000597) auipc   a1, 0x0
core   0: 3 0x000000000001000c (0x00000597) x11 0x000000000001000c
core   0: 0x0000000000010010 (0x07458593) addi    a1, a1, 116
core   0: 3 0x0000000000010010 (0x07458593) x11 0x0000000000010080
core   0: 0x0000000000010014 (0x00040067) jr      s0
core   0: 3 0x0000000000010014 (0x00040067)
core   0: >>>>  _start
core   0: 0x0000000080000000 (0x00004081) c.li    ra, 0
core   0: 3 0x0000000080000000 (0x4081) x1  0x0000000000000000
core   0: 0x0000000080000002 (0x00004101) c.li    sp, 0
core   0: 3 0x0000000080000002 (0x4101) x2  0x0000000000000000
core   0: 0x0000000080000004 (0x00004181) c.li    gp, 0
core   0: 3 0x0000000080000004 (0x4181) x3  0x0000000000000000
core   0: 0x0000000080000006 (0x00004201) c.li    tp, 0
core   0: 3 0x0000000080000006 (0x4201) x4  0x0000000000000000
core   0: 0x0000000080000008 (0x00004281) c.li    t0, 0
core   0: 3 0x0000000080000008 (0x4281) x5  0x0000000000000000
core   0: 0x000000008000000a (0x00004301) c.li    t1, 0
core   0: 3 0x000000008000000a (0x4301) x6  0x0000000000000000
core   0: 0x000000008000000c (0x00004381) c.li    t2, 0
core   0: 3 0x000000008000000c (0x4381) x7  0x0000000000000000
core   0: 0x000000008000000e (0x00004401) c.li    s0, 0
core   0: 3 0x000000008000000e (0x4401) x8  0x0000000000000000
core   0: 0x0000000080000010 (0x00004481) c.li    s1, 0
core   0: 3 0x0000000080000010 (0x4481) x9  0x0000000000000000
core   0: 0x0000000080000012 (0x00004501) c.li    a0, 0
core   0: 3 0x0000000080000012 (0x4501) x10 0x0000000000000000
core   0: 0x0000000080000014 (0x00004581) c.li    a1, 0
core   0: 3 0x0000000080000014 (0x4581) x11 0x0000000000000000
core   0: 0x0000000080000016 (0x00004601) c.li    a2, 0
core   0: 3 0x0000000080000016 (0x4601) x12 0x0000000000000000
core   0: 0x0000000080000018 (0x00004681) c.li    a3, 0
core   0: 3 0x0000000080000018 (0x4681) x13 0x0000000000000000
core   0: 0x000000008000001a (0x00004701) c.li    a4, 0
core   0: 3 0x000000008000001a (0x4701) x14 0x0000000000000000
core   0: 0x000000008000001c (0x00004781) c.li    a5, 0
core   0: 3 0x000000008000001c (0x4781) x15 0x0000000000000000
core   0: 0x000000008000001e (0x00004801) c.li    a6, 0
core   0: 3 0x000000008000001e (0x4801) x16 0x0000000000000000
core   0: 0x0000000080000020 (0x00004881) c.li    a7, 0
core   0: 3 0x0000000080000020 (0x4881) x17 0x0000000000000000
core   0: 0x0000000080000022 (0x00004901) c.li    s2, 0
core   0: 3 0x0000000080000022 (0x4901) x18 0x0000000000000000
core   0: 0x0000000080000024 (0x00004981) c.li    s3, 0
core   0: 3 0x0000000080000024 (0x4981) x19 0x0000000000000000
core   0: 0x0000000080000026 (0x00004a01) c.li    s4, 0
core   0: 3 0x0000000080000026 (0x4a01) x20 0x0000000000000000
core   0: 0x0000000080000028 (0x00004a81) c.li    s5, 0
core   0: 3 0x0000000080000028 (0x4a81) x21 0x0000000000000000
core   0: 0x000000008000002a (0x00004b01) c.li    s6, 0
core   0: 3 0x000000008000002a (0x4b01) x22 0x0000000000000000
core   0: 0x000000008000002c (0x00004b81) c.li    s7, 0
core   0: 3 0x000000008000002c (0x4b81) x23 0x0000000000000000
core   0: 0x000000008000002e (0x00004c01) c.li    s8, 0
core   0: 3 0x000000008000002e (0x4c01) x24 0x0000000000000000
core   0: 0x0000000080000030 (0x00004c81) c.li    s9, 0
core   0: 3 0x0000000080000030 (0x4c81) x25 0x0000000000000000
core   0: 0x0000000080000032 (0x00004d01) c.li    s10, 0
core   0: 3 0x0000000080000032 (0x4d01) x26 0x0000000000000000
core   0: 0x0000000080000034 (0x00004d81) c.li    s11, 0
core   0: 3 0x0000000080000034 (0x4d81) x27 0x0000000000000000
core   0: 0x0000000080000036 (0x00004e01) c.li    t3, 0
core   0: 3 0x0000000080000036 (0x4e01) x28 0x0000000000000000
core   0: 0x0000000080000038 (0x00004e81) c.li    t4, 0
core   0: 3 0x0000000080000038 (0x4e81) x29 0x0000000000000000
core   0: 0x000000008000003a (0x00004f01) c.li    t5, 0
core   0: 3 0x000000008000003a (0x4f01) x30 0x0000000000000000
core   0: 0x000000008000003c (0x00004f81) c.li    t6, 0
core   0: 3 0x000000008000003c (0x4f81) x31 0x0000000000000000
core   0: 0x000000008000003e (0x000062f9) c.lui   t0, 0x1e
core   0: 3 0x000000008000003e (0x62f9) x5  0x000000000001e000
core   0: 0x0000000080000040 (0x3002a073) csrrs   zero, mstatus, t0
core   0: 3 0x0000000080000040 (0x3002a073) c768_mstatus 0x8000000a00006000
core   0: 0x0000000080000044 (0x00004285) c.li    t0, 1
core   0: 3 0x0000000080000044 (0x4285) x5  0x0000000000000001
core   0: 0x0000000080000046 (0x000002fe) c.slli  t0, 31
core   0: 3 0x0000000080000046 (0x02fe) x5  0x0000000080000000
core   0: 0x0000000080000048 (0x0002d863) bge     t0, zero, pc + 16
core   0: 3 0x0000000080000048 (0x0002d863)
core   0: 0x0000000080000058 (0x00000297) auipc   t0, 0x0
core   0: 3 0x0000000080000058 (0x00000297) x5  0x0000000080000058
core   0: 0x000000008000005c (0x09028293) addi    t0, t0, 144
core   0: 3 0x000000008000005c (0x09028293) x5  0x00000000800000e8
core   0: 0x0000000080000060 (0x30529073) csrrw   zero, mtvec, t0
core   0: 3 0x0000000080000060 (0x30529073) c773_mtvec 0x00000000800000e8
core   0: 0x0000000080000064 (0x00301073) csrrw   zero, fcsr, zero
core   0: 3 0x0000000080000064 (0x00301073) c1_fflags 0x0000000000000000 c2_frm 0x0000000000000000
core   0: 0x0000000080000068 (0xf0000053) fmv.w.x ft0, zero
core   0: 3 0x0000000080000068 (0xf0000053) f0  0xffffffff00000000
core   0: 0x000000008000006c (0xf00000d3) fmv.w.x ft1, zero
core   0: 3 0x000000008000006c (0xf00000d3) f1  0xffffffff00000000
core   0: 0x0000000080000070 (0xf0000153) fmv.w.x ft2, zero
core   0: 3 0x0000000080000070 (0xf0000153) f2  0xffffffff00000000
core   0: 0x0000000080000074 (0xf00001d3) fmv.w.x ft3, zero
core   0: 3 0x0000000080000074 (0xf00001d3) f3  0xffffffff00000000
core   0: 0x0000000080000078 (0xf0000253) fmv.w.x ft4, zero
core   0: 3 0x0000000080000078 (0xf0000253) f4  0xffffffff00000000
core   0: 0x000000008000007c (0xf00002d3) fmv.w.x ft5, zero
core   0: 3 0x000000008000007c (0xf00002d3) f5  0xffffffff00000000
core   0: 0x0000000080000080 (0xf0000353) fmv.w.x ft6, zero
core   0: 3 0x0000000080000080 (0xf0000353) f6  0xffffffff00000000
core   0: 0x0000000080000084 (0xf00003d3) fmv.w.x ft7, zero
core   0: 3 0x0000000080000084 (0xf00003d3) f7  0xffffffff00000000
core   0: 0x0000000080000088 (0xf0000453) fmv.w.x fs0, zero
core   0: 3 0x0000000080000088 (0xf0000453) f8  0xffffffff00000000
core   0: 0x000000008000008c (0xf00004d3) fmv.w.x fs1, zero
core   0: 3 0x000000008000008c (0xf00004d3) f9  0xffffffff00000000
core   0: 0x0000000080000090 (0xf0000553) fmv.w.x fa0, zero
core   0: 3 0x0000000080000090 (0xf0000553) f10 0xffffffff00000000
core   0: 0x0000000080000094 (0xf00005d3) fmv.w.x fa1, zero
core   0: 3 0x0000000080000094 (0xf00005d3) f11 0xffffffff00000000
core   0: 0x0000000080000098 (0xf0000653) fmv.w.x fa2, zero
core   0: 3 0x0000000080000098 (0xf0000653) f12 0xffffffff00000000
core   0: 0x000000008000009c (0xf00006d3) fmv.w.x fa3, zero
core   0: 3 0x000000008000009c (0xf00006d3) f13 0xffffffff00000000
core   0: 0x00000000800000a0 (0xf0000753) fmv.w.x fa4, zero
core   0: 3 0x00000000800000a0 (0xf0000753) f14 0xffffffff00000000
core   0: 0x00000000800000a4 (0xf00007d3) fmv.w.x fa5, zero
core   0: 3 0x00000000800000a4 (0xf00007d3) f15 0xffffffff00000000
core   0: 0x00000000800000a8 (0xf0000853) fmv.w.x fa6, zero
core   0: 3 0x00000000800000a8 (0xf0000853) f16 0xffffffff00000000
core   0: 0x00000000800000ac (0xf00008d3) fmv.w.x fa7, zero
core   0: 3 0x00000000800000ac (0xf00008d3) f17 0xffffffff00000000
core   0: 0x00000000800000b0 (0xf0000953) fmv.w.x fs2, zero
core   0: 3 0x00000000800000b0 (0xf0000953) f18 0xffffffff00000000
core   0: 0x00000000800000b4 (0xf00009d3) fmv.w.x fs3, zero
core   0: 3 0x00000000800000b4 (0xf00009d3) f19 0xffffffff00000000
core   0: 0x00000000800000b8 (0xf0000a53) fmv.w.x fs4, zero
core   0: 3 0x00000000800000b8 (0xf0000a53) f20 0xffffffff00000000
core   0: 0x00000000800000bc (0xf0000ad3) fmv.w.x fs5, zero
core   0: 3 0x00000000800000bc (0xf0000ad3) f21 0xffffffff00000000
core   0: 0x00000000800000c0 (0xf0000b53) fmv.w.x fs6, zero
core   0: 3 0x00000000800000c0 (0xf0000b53) f22 0xffffffff00000000
core   0: 0x00000000800000c4 (0xf0000bd3) fmv.w.x fs7, zero
core   0: 3 0x00000000800000c4 (0xf0000bd3) f23 0xffffffff00000000
core   0: 0x00000000800000c8 (0xf0000c53) fmv.w.x fs8, zero
core   0: 3 0x00000000800000c8 (0xf0000c53) f24 0xffffffff00000000
core   0: 0x00000000800000cc (0xf0000cd3) fmv.w.x fs9, zero
core   0: 3 0x00000000800000cc (0xf0000cd3) f25 0xffffffff00000000
core   0: 0x00000000800000d0 (0xf0000d53) fmv.w.x fs10, zero
core   0: 3 0x00000000800000d0 (0xf0000d53) f26 0xffffffff00000000
core   0: 0x00000000800000d4 (0xf0000dd3) fmv.w.x fs11, zero
core   0: 3 0x00000000800000d4 (0xf0000dd3) f27 0xffffffff00000000
core   0: 0x00000000800000d8 (0xf0000e53) fmv.w.x ft8, zero
core   0: 3 0x00000000800000d8 (0xf0000e53) f28 0xffffffff00000000
core   0: 0x00000000800000dc (0xf0000ed3) fmv.w.x ft9, zero
core   0: 3 0x00000000800000dc (0xf0000ed3) f29 0xffffffff00000000
core   0: 0x00000000800000e0 (0xf0000f53) fmv.w.x ft10, zero
core   0: 3 0x00000000800000e0 (0xf0000f53) f30 0xffffffff00000000
core   0: 0x00000000800000e4 (0xf0000fd3) fmv.w.x ft11, zero
core   0: 3 0x00000000800000e4 (0xf0000fd3) f31 0xffffffff00000000
core   0: 0x00000000800000e8 (0x00000297) auipc   t0, 0x0
core   0: 3 0x00000000800000e8 (0x00000297) x5  0x00000000800000e8
core   0: 0x00000000800000ec (0x03c28293) addi    t0, t0, 60
core   0: 3 0x00000000800000ec (0x03c28293) x5  0x0000000080000124
core   0: 0x00000000800000f0 (0x30529073) csrrw   zero, mtvec, t0
core   0: 3 0x00000000800000f0 (0x30529073) c773_mtvec 0x0000000080000124
core   0: 0x00000000800000f4 (0x00012197) auipc   gp, 0x12
core   0: 3 0x00000000800000f4 (0x00012197) x3  0x00000000800120f4
core   0: 0x00000000800000f8 (0x73418193) addi    gp, gp, 1844
core   0: 3 0x00000000800000f8 (0x73418193) x3  0x0000000080012828
core   0: 0x00000000800000fc (0x00012217) auipc   tp, 0x12
core   0: 3 0x00000000800000fc (0x00012217) x4  0x00000000800120fc
core   0: 0x0000000080000100 (0xf8320213) addi    tp, tp, -125
core   0: 3 0x0000000080000100 (0xf8320213) x4  0x000000008001207f
core   0: 0x0000000080000104 (0xfc027213) andi    tp, tp, -64
core   0: 3 0x0000000080000104 (0xfc027213) x4  0x0000000080012040
core   0: 0x0000000080000108 (0xf1402573) csrrs   a0, mhartid, zero
core   0: 3 0x0000000080000108 (0xf1402573) x10 0x0000000000000000
core   0: 0x000000008000010c (0x00004585) c.li    a1, 1
core   0: 3 0x000000008000010c (0x4585) x11 0x0000000000000001
core   0: 0x000000008000010e (0x00b57063) bgeu    a0, a1, pc + 0
core   0: 3 0x000000008000010e (0x00b57063)
core   0: 0x0000000080000112 (0x00150113) addi    sp, a0, 1
core   0: 3 0x0000000080000112 (0x00150113) x2  0x0000000000000001
core   0: 0x0000000080000116 (0x00000146) c.slli  sp, 17
core   0: 3 0x0000000080000116 (0x0146) x2  0x0000000000020000
core   0: 0x0000000080000118 (0x00009112) c.add   sp, tp
core   0: 3 0x0000000080000118 (0x9112) x2  0x0000000080032040
core   0: 0x000000008000011a (0x01151613) slli    a2, a0, 17
core   0: 3 0x000000008000011a (0x01151613) x12 0x0000000000000000
core   0: 0x000000008000011e (0x00009232) c.add   tp, a2
core   0: 3 0x000000008000011e (0x9232) x4  0x0000000080012040
core   0: 0x0000000080000120 (0x3d60f06f) j       pc + 0xf3d6
core   0: 3 0x0000000080000120 (0x3d60f06f)
core   0: >>>>  _init
core   0: 0x000000008000f4f6 (0x00007171) c.addi16sp sp, -176
core   0: 3 0x000000008000f4f6 (0x7171) x2  0x0000000080031f90
core   0: 0x000000008000f4f8 (0x0000f506) c.sdsp  ra, 168(sp)
core   0: 3 0x000000008000f4f8 (0xf506) mem 0x0000000080032038 0x0000000000000000
core   0: 0x000000008000f4fa (0x0000f122) c.sdsp  s0, 160(sp)
core   0: 3 0x000000008000f4fa (0xf122) mem 0x0000000080032030 0x0000000000000000
core   0: 0x000000008000f4fc (0x0000ed26) c.sdsp  s1, 152(sp)
core   0: 3 0x000000008000f4fc (0xed26) mem 0x0000000080032028 0x0000000000000000
core   0: 0x000000008000f4fe (0x00001900) c.addi4spn s0, sp, 176
core   0: 3 0x000000008000f4fe (0x1900) x8  0x0000000080032040
core   0: 0x000000008000f500 (0x000087aa) c.mv    a5, a0
core   0: 3 0x000000008000f500 (0x87aa) x15 0x0000000000000000
core   0: 0x000000008000f502 (0x0000872e) c.mv    a4, a1
core   0: 3 0x000000008000f502 (0x872e) x14 0x0000000000000001
core   0: 0x000000008000f504 (0xf4f42e23) sw      a5, -164(s0)
core   0: 3 0x000000008000f504 (0xf4f42e23) mem 0x0000000080031f9c 0x00000000
core   0: 0x000000008000f508 (0x000087ba) c.mv    a5, a4
core   0: 3 0x000000008000f508 (0x87ba) x15 0x0000000000000001
core   0: 0x000000008000f50a (0xf4f42c23) sw      a5, -168(s0)
core   0: 3 0x000000008000f50a (0xf4f42c23) mem 0x0000000080031f98 0x00000001
core   0: 0x000000008000f50e (0xfe040793) addi    a5, s0, -32
core   0: 3 0x000000008000f50e (0xfe040793) x15 0x0000000080032020
core   0: 0x000000008000f512 (0xf4f43823) sd      a5, -176(s0)
core   0: 3 0x000000008000f512 (0xf4f43823) mem 0x0000000080031f90 0x0000000080032020
core   0: 0x000000008000f516 (0xf5043783) ld      a5, -176(s0)
core   0: 3 0x000000008000f516 (0xf5043783) x15 0x0000000080032020 mem 0x0000000080031f90
core   0: 0x000000008000f51a (0xf8078793) addi    a5, a5, -128
core   0: 3 0x000000008000f51a (0xf8078793) x15 0x0000000080031fa0
core   0: 0x000000008000f51e (0x03f78793) addi    a5, a5, 63
core   0: 3 0x000000008000f51e (0x03f78793) x15 0x0000000080031fdf
core   0: 0x000000008000f522 (0x00008399) c.srli  a5, 6
core   0: 3 0x000000008000f522 (0x8399) x15 0x0000000002000c7f
core   0: 0x000000008000f524 (0x00679493) slli    s1, a5, 6
core   0: 3 0x000000008000f524 (0x00679493) x9  0x0000000080031fc0
core   0: 0x000000008000f528 (0xf65ff0ef) jal     pc - 0x9c
core   0: 3 0x000000008000f528 (0xf65ff0ef) x1  0x000000008000f52c
core   0: >>>>  init_tls
core   0: 0x000000008000f48c (0x00001101) c.addi  sp, -32
core   0: 3 0x000000008000f48c (0x1101) x2  0x0000000080031f70
core   0: 0x000000008000f48e (0x0000ec06) c.sdsp  ra, 24(sp)
core   0: 3 0x000000008000f48e (0xec06) mem 0x0000000080031f88 0x000000008000f52c
core   0: 0x000000008000f490 (0x0000e822) c.sdsp  s0, 16(sp)
core   0: 3 0x000000008000f490 (0xe822) mem 0x0000000080031f80 0x0000000080032040
core   0: 0x000000008000f492 (0x00001000) c.addi4spn s0, sp, 32
core   0: 3 0x000000008000f492 (0x1000) x8  0x0000000080031f90
core   0: 0x000000008000f494 (0x00003717) auipc   a4, 0x3
core   0: 3 0x000000008000f494 (0x00003717) x14 0x0000000080012494
core   0: 0x000000008000f498 (0xb9470713) addi    a4, a4, -1132
core   0: 3 0x000000008000f498 (0xb9470713) x14 0x0000000080012028
core   0: 0x000000008000f49c (0x00003797) auipc   a5, 0x3
core   0: 3 0x000000008000f49c (0x00003797) x15 0x000000008001249c
core   0: 0x000000008000f4a0 (0xb8c78793) addi    a5, a5, -1140
core   0: 3 0x000000008000f4a0 (0xb8c78793) x15 0x0000000080012028
core   0: 0x000000008000f4a4 (0x40f707b3) sub     a5, a4, a5
core   0: 3 0x000000008000f4a4 (0x40f707b3) x15 0x0000000000000000
core   0: 0x000000008000f4a8 (0xfef43423) sd      a5, -24(s0)
core   0: 3 0x000000008000f4a8 (0xfef43423) mem 0x0000000080031f78 0x0000000000000000
core   0: 0x000000008000f4ac (0x00008792) c.mv    a5, tp
core   0: 3 0x000000008000f4ac (0x8792) x15 0x0000000080012040
core   0: 0x000000008000f4ae (0xfe843603) ld      a2, -24(s0)
core   0: 3 0x000000008000f4ae (0xfe843603) x12 0x0000000000000000 mem 0x0000000080031f78
core   0: 0x000000008000f4b2 (0x00003597) auipc   a1, 0x3
core   0: 3 0x000000008000f4b2 (0x00003597) x11 0x00000000800124b2
core   0: 0x000000008000f4b6 (0xb7658593) addi    a1, a1, -1162
core   0: 3 0x000000008000f4b6 (0xb7658593) x11 0x0000000080012028
core   0: 0x000000008000f4ba (0x0000853e) c.mv    a0, a5
core   0: 3 0x000000008000f4ba (0x853e) x10 0x0000000080012040
core   0: 0x000000008000f4bc (0x0f9000ef) jal     pc + 0x8f8
core   0: 3 0x000000008000f4bc (0x0f9000ef) x1  0x000000008000f4c0
core   0: >>>>  memcpy
core   0: 0x000000008000fdb4 (0x0000715d) c.addi16sp sp, -80
core   0: 3 0x000000008000fdb4 (0x715d) x2  0x0000000080031f20
core   0: 0x000000008000fdb6 (0x0000e4a2) c.sdsp  s0, 72(sp)
core   0: 3 0x000000008000fdb6 (0xe4a2) mem 0x0000000080031f68 0x0000000080031f90
core   0: 0x000000008000fdb8 (0x00000880) c.addi4spn s0, sp, 80
core   0: 3 0x000000008000fdb8 (0x0880) x8  0x0000000080031f70
core   0: 0x000000008000fdba (0xfca43423) sd      a0, -56(s0)
core   0: 3 0x000000008000fdba (0xfca43423) mem 0x0000000080031f38 0x0000000080012040
core   0: 0x000000008000fdbe (0xfcb43023) sd      a1, -64(s0)
core   0: 3 0x000000008000fdbe (0xfcb43023) mem 0x0000000080031f30 0x0000000080012028
core   0: 0x000000008000fdc2 (0xfac43c23) sd      a2, -72(s0)
core   0: 3 0x000000008000fdc2 (0xfac43c23) mem 0x0000000080031f28 0x0000000000000000
core   0: 0x000000008000fdc6 (0xfc843703) ld      a4, -56(s0)
core   0: 3 0x000000008000fdc6 (0xfc843703) x14 0x0000000080012040 mem 0x0000000080031f38
core   0: 0x000000008000fdca (0xfc043783) ld      a5, -64(s0)
core   0: 3 0x000000008000fdca (0xfc043783) x15 0x0000000080012028 mem 0x0000000080031f30
core   0: 0x000000008000fdce (0x00008f5d) c.or    a4, a5
core   0: 3 0x000000008000fdce (0x8f5d) x14 0x0000000080012068
core   0: 0x000000008000fdd0 (0xfb843783) ld      a5, -72(s0)
core   0: 3 0x000000008000fdd0 (0xfb843783) x15 0x0000000000000000 mem 0x0000000080031f28
core   0: 0x000000008000fdd4 (0x00008fd9) c.or    a5, a4
core   0: 3 0x000000008000fdd4 (0x8fd9) x15 0x0000000080012068
core   0: 0x000000008000fdd6 (0x00008b9d) c.andi  a5, 7
core   0: 3 0x000000008000fdd6 (0x8b9d) x15 0x0000000000000000
core   0: 0x000000008000fdd8 (0x0000e3b1) c.bnez  a5, pc + 68
core   0: 3 0x000000008000fdd8 (0xe3b1)
core   0: 0x000000008000fdda (0xfc043783) ld      a5, -64(s0)
core   0: 3 0x000000008000fdda (0xfc043783) x15 0x0000000080012028 mem 0x0000000080031f30
core   0: 0x000000008000fdde (0xfef43423) sd      a5, -24(s0)
core   0: 3 0x000000008000fdde (0xfef43423) mem 0x0000000080031f58 0x0000000080012028
core   0: 0x000000008000fde2 (0xfc843783) ld      a5, -56(s0)
core   0: 3 0x000000008000fde2 (0xfc843783) x15 0x0000000080012040 mem 0x0000000080031f38
core   0: 0x000000008000fde6 (0xfef43023) sd      a5, -32(s0)
core   0: 3 0x000000008000fde6 (0xfef43023) mem 0x0000000080031f50 0x0000000080012040
core   0: 0x000000008000fdea (0x0000a839) c.j     pc + 30
core   0: 3 0x000000008000fdea (0xa839)
core   0: 0x000000008000fe08 (0xfc843703) ld      a4, -56(s0)
core   0: 3 0x000000008000fe08 (0xfc843703) x14 0x0000000080012040 mem 0x0000000080031f38
core   0: 0x000000008000fe0c (0xfb843783) ld      a5, -72(s0)
core   0: 3 0x000000008000fe0c (0xfb843783) x15 0x0000000000000000 mem 0x0000000080031f28
core   0: 0x000000008000fe10 (0x000097ba) c.add   a5, a4
core   0: 3 0x000000008000fe10 (0x97ba) x15 0x0000000080012040
core   0: 0x000000008000fe12 (0xfe043703) ld      a4, -32(s0)
core   0: 3 0x000000008000fe12 (0xfe043703) x14 0x0000000080012040 mem 0x0000000080031f50
core   0: 0x000000008000fe16 (0xfcf76be3) bltu    a4, a5, pc - 42
core   0: 3 0x000000008000fe16 (0xfcf76be3)
core   0: 0x000000008000fe1a (0x0000a099) c.j     pc + 70
core   0: 3 0x000000008000fe1a (0xa099)
core   0: 0x000000008000fe60 (0xfc843783) ld      a5, -56(s0)
core   0: 3 0x000000008000fe60 (0xfc843783) x15 0x0000000080012040 mem 0x0000000080031f38
core   0: 0x000000008000fe64 (0x0000853e) c.mv    a0, a5
core   0: 3 0x000000008000fe64 (0x853e) x10 0x0000000080012040
core   0: 0x000000008000fe66 (0x00006426) c.ldsp  s0, 72(sp)
core   0: 3 0x000000008000fe66 (0x6426) x8  0x0000000080031f90 mem 0x0000000080031f68
core   0: 0x000000008000fe68 (0x00006161) c.addi16sp sp, 80
core   0: 3 0x000000008000fe68 (0x6161) x2  0x0000000080031f70
core   0: 0x000000008000fe6a (0x00008082) ret
core   0: 3 0x000000008000fe6a (0x8082)
core   0: 0x000000008000f4c0 (0x00003717) auipc   a4, 0x3
core   0: 3 0x000000008000f4c0 (0x00003717) x14 0x00000000800124c0
core   0: 0x000000008000f4c4 (0xc0470713) addi    a4, a4, -1020
core   0: 3 0x000000008000f4c4 (0xc0470713) x14 0x00000000800120c4
core   0: 0x000000008000f4c8 (0x00003797) auipc   a5, 0x3
core   0: 3 0x000000008000f4c8 (0x00003797) x15 0x00000000800124c8
core   0: 0x000000008000f4cc (0xb6078793) addi    a5, a5, -1184
core   0: 3 0x000000008000f4cc (0xb6078793) x15 0x0000000080012028
core   0: 0x000000008000f4d0 (0x40f707b3) sub     a5, a4, a5
core   0: 3 0x000000008000f4d0 (0x40f707b3) x15 0x000000000000009c
core   0: 0x000000008000f4d4 (0xfef43023) sd      a5, -32(s0)
core   0: 3 0x000000008000f4d4 (0xfef43023) mem 0x0000000080031f70 0x000000000000009c
core   0: 0x000000008000f4d8 (0x00008712) c.mv    a4, tp
core   0: 3 0x000000008000f4d8 (0x8712) x14 0x0000000080012040
core   0: 0x000000008000f4da (0xfe843783) ld      a5, -24(s0)
core   0: 3 0x000000008000f4da (0xfe843783) x15 0x0000000000000000 mem 0x0000000080031f78
core   0: 0x000000008000f4de (0x000097ba) c.add   a5, a4
core   0: 3 0x000000008000f4de (0x97ba) x15 0x0000000080012040
core   0: 0x000000008000f4e0 (0xfe043603) ld      a2, -32(s0)
core   0: 3 0x000000008000f4e0 (0xfe043603) x12 0x000000000000009c mem 0x0000000080031f70
core   0: 0x000000008000f4e4 (0x00004581) c.li    a1, 0
core   0: 3 0x000000008000f4e4 (0x4581) x11 0x0000000000000000
core   0: 0x000000008000f4e6 (0x0000853e) c.mv    a0, a5
core   0: 3 0x000000008000f4e6 (0x853e) x10 0x0000000080012040
core   0: 0x000000008000f4e8 (0x185000ef) jal     pc + 0x984
core   0: 3 0x000000008000f4e8 (0x185000ef) x1  0x000000008000f4ec
core   0: >>>>  memset
core   0: 0x000000008000fe6c (0x0000715d) c.addi16sp sp, -80
core   0: 3 0x000000008000fe6c (0x715d) x2  0x0000000080031f20
core   0: 0x000000008000fe6e (0x0000e4a2) c.sdsp  s0, 72(sp)
core   0: 3 0x000000008000fe6e (0xe4a2) mem 0x0000000080031f68 0x0000000080031f90
core   0: 0x000000008000fe70 (0x00000880) c.addi4spn s0, sp, 80
core   0: 3 0x000000008000fe70 (0x0880) x8  0x0000000080031f70
core   0: 0x000000008000fe72 (0xfca43423) sd      a0, -56(s0)
core   0: 3 0x000000008000fe72 (0xfca43423) mem 0x0000000080031f38 0x0000000080012040
core   0: 0x000000008000fe76 (0x000087ae) c.mv    a5, a1
core   0: 3 0x000000008000fe76 (0x87ae) x15 0x0000000000000000
core   0: 0x000000008000fe78 (0xfac43c23) sd      a2, -72(s0)
core   0: 3 0x000000008000fe78 (0xfac43c23) mem 0x0000000080031f28 0x000000000000009c
core   0: 0x000000008000fe7c (0xfcf42223) sw      a5, -60(s0)
core   0: 3 0x000000008000fe7c (0xfcf42223) mem 0x0000000080031f34 0x00000000
core   0: 0x000000008000fe80 (0xfc843703) ld      a4, -56(s0)
core   0: 3 0x000000008000fe80 (0xfc843703) x14 0x0000000080012040 mem 0x0000000080031f38
core   0: 0x000000008000fe84 (0xfb843783) ld      a5, -72(s0)
core   0: 3 0x000000008000fe84 (0xfb843783) x15 0x000000000000009c mem 0x0000000080031f28
core   0: 0x000000008000fe88 (0x00008fd9) c.or    a5, a4
core   0: 3 0x000000008000fe88 (0x8fd9) x15 0x00000000800120dc
core   0: 0x000000008000fe8a (0x00008b9d) c.andi  a5, 7
core   0: 3 0x000000008000fe8a (0x8b9d) x15 0x0000000000000004
core   0: 0x000000008000fe8c (0x0000e7bd) c.bnez  a5, pc + 110
core   0: 3 0x000000008000fe8c (0xe7bd)
core   0: 0x000000008000fefa (0xfc843783) ld      a5, -56(s0)
core   0: 3 0x000000008000fefa (0xfc843783) x15 0x0000000080012040 mem 0x0000000080031f38
core   0: 0x000000008000fefe (0xfef43023) sd      a5, -32(s0)
core   0: 3 0x000000008000fefe (0xfef43023) mem 0x0000000080031f50 0x0000000080012040
core   0: 0x000000008000ff02 (0x0000a829) c.j     pc + 26
core   0: 3 0x000000008000ff02 (0xa829)
core   0: 0x000000008000ff1c (0xfc843703) ld      a4, -56(s0)
core   0: 3 0x000000008000ff1c (0xfc843703) x14 0x0000000080012040 mem 0x0000000080031f38
core   0: 0x000000008000ff20 (0xfb843783) ld      a5, -72(s0)
core   0: 3 0x000000008000ff20 (0xfb843783) x15 0x000000000000009c mem 0x0000000080031f28
core   0: 0x000000008000ff24 (0x000097ba) c.add   a5, a4
core   0: 3 0x000000008000ff24 (0x97ba) x15 0x00000000800120dc
core   0: 0x000000008000ff26 (0xfe043703) ld      a4, -32(s0)
core   0: 3 0x000000008000ff26 (0xfe043703) x14 0x0000000080012040 mem 0x0000000080031f50
core   0: 0x000000008000ff2a (0xfcf76de3) bltu    a4, a5, pc - 38
core   0: 3 0x000000008000ff2a (0xfcf76de3)
core   0: 0x000000008000ff04 (0xfe043783) ld      a5, -32(s0)
core   0: 3 0x000000008000ff04 (0xfe043783) x15 0x0000000080012040 mem 0x0000000080031f50
core   0: 0x000000008000ff08 (0x00178713) addi    a4, a5, 1
core   0: 3 0x000000008000ff08 (0x00178713) x14 0x0000000080012041
core   0: 0x000000008000ff0c (0xfee43023) sd      a4, -32(s0)
core   0: 3 0x000000008000ff0c (0xfee43023) mem 0x0000000080031f50 0x0000000080012041
core   0: 0x000000008000ff10 (0xfc442703) lw      a4, -60(s0)
core   0: 3 0x000000008000ff10 (0xfc442703) x14 0x0000000000000000 mem 0x0000000080031f34
core   0: 0x000000008000ff14 (0x0ff77713) andi    a4, a4, 255
core   0: 3 0x000000008000ff14 (0x0ff77713) x14 0x0000000000000000
core   0: 0x000000008000ff18 (0x00e78023) sb      a4, 0(a5)
core   0: 3 0x000000008000ff18 (0x00e78023) mem 0x0000000080012040 0x00
core   0: 0x000000008000ff1c (0xfc843703) ld      a4, -56(s0)
core   0: 3 0x000000008000ff1c (0xfc843703) x14 0x0000000080012040 mem 0x0000000080031f38
core   0: 0x000000008000ff20 (0xfb843783) ld      a5, -72(s0)
core   0: 3 0x000000008000ff20 (0xfb843783) x15 0x000000000000009c mem 0x0000000080031f28
core   0: 0x000000008000ff24 (0x000097ba) c.add   a5, a4
core   0: 3 0x000000008000ff24 (0x97ba) x15 0x00000000800120dc
core   0: 0x000000008000ff26 (0xfe043703) ld      a4, -32(s0)
core   0: 3 0x000000008000ff26 (0xfe043703) x14 0x0000000080012041 mem 0x0000000080031f50
core   0: 0x000000008000ff2a (0xfcf76de3) bltu    a4, a5, pc - 38
core   0: 3 0x000000008000ff2a (0xfcf76de3)
core   0: 0x000000008000ff04 (0xfe043783) ld      a5, -32(s0)
core   0: 3 0x000000008000ff04 (0xfe043783) x15 0x0000000080012041 mem 0x0000000080031f50
core   0: 0x000000008000ff08 (0x00178713) addi    a4, a5, 1
core   0: 3 0x000000008000ff08 (0x00178713) x14 0x0000000080012042
core   0: 0x000000008000ff0c (0xfee43023) sd      a4, -32(s0)
core   0: 3 0x000000008000ff0c (0xfee43023) mem 0x0000000080031f50 0x0000000080012042
core   0: 0x000000008000ff10 (0xfc442703) lw      a4, -60(s0)
core   0: 3 0x000000008000ff10 (0xfc442703) x14 0x0000000000000000 mem 0x0000000080031f34
core   0: 0x000000008000ff14 (0x0ff77713) andi    a4, a4, 255
core   0: 3 0x000000008000ff14 (0x0ff77713) x14 0x0000000000000000
core   0: 0x000000008000ff18 (0x00e78023) sb      a4, 0(a5)
core   0: 3 0x000000008000ff18 (0x00e78023) mem 0x0000000080012041 0x00
core   0: 0x000000008000ff1c (0xfc843703) ld      a4, -56(s0)
core   0: 3 0x000000008000ff1c (0xfc843703) x14 0x0000000080012040 mem 0x0000000080031f38
core   0: 0x000000008000ff20 (0xfb843783) ld      a5, -72(s0)
core   0: 3 0x000000008000ff20 (0xfb843783) x15 0x000000000000009c mem 0x0000000080031f28
core   0: 0x000000008000ff24 (0x000097ba) c.add   a5, a4
core   0: 3 0x000000008000ff24 (0x97ba) x15 0x00000000800120dc
core   0: 0x000000008000ff26 (0xfe043703) ld      a4, -32(s0)
core   0: 3 0x000000008000ff26 (0xfe043703) x14 0x0000000080012042 mem 0x0000000080031f50
core   0: 0x000000008000ff2a (0xfcf76de3) bltu    a4, a5, pc - 38
core   0: 3 0x000000008000ff2a (0xfcf76de3)
core   0: 0x000000008000ff04 (0xfe043783) ld      a5, -32(s0)
core   0: 3 0x000000008000ff04 (0xfe043783) x15 0x0000000080012042 mem 0x0000000080031f50
core   0: 0x000000008000ff08 (0x00178713) addi    a4, a5, 1
core   0: 3 0x000000008000ff08 (0x00178713) x14 0x0000000080012043
core   0: 0x000000008000ff0c (0xfee43023) sd      a4, -32(s0)
core   0: 3 0x000000008000ff0c (0xfee43023) mem 0x0000000080031f50 0x0000000080012043
core   0: 0x000000008000ff10 (0xfc442703) lw      a4, -60(s0)
core   0: 3 0x000000008000ff10 (0xfc442703) x14 0x0000000000000000 mem 0x0000000080031f34
core   0: 0x000000008000ff14 (0x0ff77713) andi    a4, a4, 255
core   0: 3 0x000000008000ff14 (0x0ff77713) x14 0x0000000000000000
core   0: 0x000000008000ff18 (0x00e78023) sb      a4, 0(a5)
core   0: 3 0x000000008000ff18 (0x00e78023) mem 0x0000000080012042 0x00
core   0: 0x000000008000ff1c (0xfc843703) ld      a4, -56(s0)
core   0: 3 0x000000008000ff1c (0xfc843703) x14 0x0000000080012040 mem 0x0000000080031f38
core   0: 0x000000008000ff20 (0xfb843783) ld      a5, -72(s0)
core   0: 3 0x000000008000ff20 (0xfb843783) x15 0x000000000000009c mem 0x0000000080031f28
core   0: 0x000000008000ff24 (0x000097ba) c.add   a5, a4
core   0: 3 0x000000008000ff24 (0x97ba) x15 0x00000000800120dc
core   0: 0x000000008000ff26 (0xfe043703) ld      a4, -32(s0)
core   0: 3 0x000000008000ff26 (0xfe043703) x14 0x0000000080012043 mem 0x0000000080031f50
core   0: 0x000000008000ff2a (0xfcf76de3) bltu    a4, a5, pc - 38
core   0: 3 0x000000008000ff2a (0xfcf76de3)
core   0: 0x000000008000ff04 (0xfe043783) ld      a5, -32(s0)
core   0: 3 0x000000008000ff04 (0xfe043783) x15 0x0000000080012043 mem 0x0000000080031f50
core   0: 0x000000008000ff08 (0x00178713) addi    a4, a5, 1
core   0: 3 0x000000008000ff08 (0x00178713) x14 0x0000000080012044
core   0: 0x000000008000ff0c (0xfee43023) sd      a4, -32(s0)
core   0: 3 0x000000008000ff0c (0xfee43023) mem 0x0000000080031f50 0x0000000080012044
core   0: 0x000000008000ff10 (0xfc442703) lw      a4, -60(s0)
core   0: 3 0x000000008000ff10 (0xfc442703) x14 0x0000000000000000 mem 0x0000000080031f34
core   0: 0x000000008000ff14 (0x0ff77713) andi    a4, a4, 255
core   0: 3 0x000000008000ff14 (0x0ff77713) x14 0x0000000000000000
core   0: 0x000000008000ff18 (0x00e78023) sb      a4, 0(a5)
core   0: 3 0x000000008000ff18 (0x00e78023) mem 0x0000000080012043 0x00
core   0: 0x000000008000ff1c (0xfc843703) ld      a4, -56(s0)
core   0: 3 0x000000008000ff1c (0xfc843703) x14 0x0000000080012040 mem 0x0000000080031f38
core   0: 0x000000008000ff20 (0xfb843783) ld      a5, -72(s0)
core   0: 3 0x000000008000ff20 (0xfb843783) x15 0x000000000000009c mem 0x0000000080031f28
core   0: 0x000000008000ff24 (0x000097ba) c.add   a5, a4
core   0: 3 0x000000008000ff24 (0x97ba) x15 0x00000000800120dc
core   0: 0x000000008000ff26 (0xfe043703) ld      a4, -32(s0)
core   0: 3 0x000000008000ff26 (0xfe043703) x14 0x0000000080012044 mem 0x0000000080031f50
core   0: 0x000000008000ff2a (0xfcf76de3) bltu    a4, a5, pc - 38
core   0: 3 0x000000008000ff2a (0xfcf76de3)
core   0: 0x000000008000ff04 (0xfe043783) ld      a5, -32(s0)
core   0: 3 0x000000008000ff04 (0xfe043783) x15 0x0000000080012044 mem 0x0000000080031f50
core   0: 0x000000008000ff08 (0x00178713) addi    a4, a5, 1
core   0: 3 0x000000008000ff08 (0x00178713) x14 0x0000000080012045
core   0: 0x000000008000ff0c (0xfee43023) sd      a4, -32(s0)
core   0: 3 0x000000008000ff0c (0xfee43023) mem 0x0000000080031f50 0x0000000080012045
core   0: 0x000000008000ff10 (0xfc442703) lw      a4, -60(s0)
core   0: 3 0x000000008000ff10 (0xfc442703) x14 0x0000000000000000 mem 0x0000000080031f34
core   0: 0x000000008000ff14 (0x0ff77713) andi    a4, a4, 255
core   0: 3 0x000000008000ff14 (0x0ff77713) x14 0x0000000000000000
core   0: 0x000000008000ff18 (0x00e78023) sb      a4, 0(a5)
core   0: 3 0x000000008000ff18 (0x00e78023) mem 0x0000000080012044 0x00
core   0: 0x000000008000ff1c (0xfc843703) ld      a4, -56(s0)
core   0: 3 0x000000008000ff1c (0xfc843703) x14 0x0000000080012040 mem 0x0000000080031f38
core   0: 0x000000008000ff20 (0xfb843783) ld      a5, -72(s0)
core   0: 3 0x000000008000ff20 (0xfb843783) x15 0x000000000000009c mem 0x0000000080031f28
core   0: 0x000000008000ff24 (0x000097ba) c.add   a5, a4
core   0: 3 0x000000008000ff24 (0x97ba) x15 0x00000000800120dc
core   0: 0x000000008000ff26 (0xfe043703) ld      a4, -32(s0)
core   0: 3 0x000000008000ff26 (0xfe043703) x14 0x0000000080012045 mem 0x0000000080031f50
core   0: 0x000000008000ff2a (0xfcf76de3) bltu    a4, a5, pc - 38
core   0: 3 0x000000008000ff2a (0xfcf76de3)
core   0: 0x000000008000ff04 (0xfe043783) ld      a5, -32(s0)
core   0: 3 0x000000008000ff04 (0xfe043783) x15 0x0000000080012045 mem 0x0000000080031f50
core   0: 0x000000008000ff08 (0x00178713) addi    a4, a5, 1
core   0: 3 0x000000008000ff08 (0x00178713) x14 0x0000000080012046
core   0: 0x000000008000ff0c (0xfee43023) sd      a4, -32(s0)
core   0: 3 0x000000008000ff0c (0xfee43023) mem 0x0000000080031f50 0x0000000080012046
core   0: 0x000000008000ff10 (0xfc442703) lw      a4, -60(s0)
core   0: 3 0x000000008000ff10 (0xfc442703) x14 0x0000000000000000 mem 0x0000000080031f34
core   0: 0x000000008000ff14 (0x0ff77713) andi    a4, a4, 255
core   0: 3 0x000000008000ff14 (0x0ff77713) x14 0x0000000000000000
core   0: 0x000000008000ff18 (0x00e78023) sb      a4, 0(a5)
core   0: 3 0x000000008000ff18 (0x00e78023) mem 0x0000000080012045 0x00
core   0: 0x000000008000ff1c (0xfc843703) ld      a4, -56(s0)
core   0: 3 0x000000008000ff1c (0xfc843703) x14 0x0000000080012040 mem 0x0000000080031f38
core   0: 0x000000008000ff20 (0xfb843783) ld      a5, -72(s0)
core   0: 3 0x000000008000ff20 (0xfb843783) x15 0x000000000000009c mem 0x0000000080031f28
core   0: 0x000000008000ff24 (0x000097ba) c.add   a5, a4
core   0: 3 0x000000008000ff24 (0x97ba) x15 0x00000000800120dc
core   0: 0x000000008000ff26 (0xfe043703) ld      a4, -32(s0)
core   0: 3 0x000000008000ff26 (0xfe043703) x14 0x0000000080012046 mem 0x0000000080031f50
core   0: 0x000000008000ff2a (0xfcf76de3) bltu    a4, a5, pc - 38
core   0: 3 0x000000008000ff2a (0xfcf76de3)
core   0: 0x000000008000ff04 (0xfe043783) ld      a5, -32(s0)
core   0: 3 0x000000008000ff04 (0xfe043783) x15 0x0000000080012046 mem 0x0000000080031f50
core   0: 0x000000008000ff08 (0x00178713) addi    a4, a5, 1
core   0: 3 0x000000008000ff08 (0x00178713) x14 0x0000000080012047
core   0: 0x000000008000ff0c (0xfee43023) sd      a4, -32(s0)
core   0: 3 0x000000008000ff0c (0xfee43023) mem 0x0000000080031f50 0x0000000080012047
core   0: 0x000000008000ff10 (0xfc442703) lw      a4, -60(s0)
core   0: 3 0x000000008000ff10 (0xfc442703) x14 0x0000000000000000 mem 0x0000000080031f34
core   0: 0x000000008000ff14 (0x0ff77713) andi    a4, a4, 255
core   0: 3 0x000000008000ff14 (0x0ff77713) x14 0x0000000000000000
core   0: 0x000000008000ff18 (0x00e78023) sb      a4, 0(a5)
core   0: 3 0x000000008000ff18 (0x00e78023) mem 0x0000000080012046 0x00
core   0: 0x000000008000ff1c (0xfc843703) ld      a4, -56(s0)
core   0: 3 0x000000008000ff1c (0xfc843703) x14 0x0000000080012040 mem 0x0000000080031f38
core   0: 0x000000008000ff20 (0xfb843783) ld      a5, -72(s0)
core   0: 3 0x000000008000ff20 (0xfb843783) x15 0x000000000000009c mem 0x0000000080031f28
core   0: 0x000000008000ff24 (0x000097ba) c.add   a5, a4
core   0: 3 0x000000008000ff24 (0x97ba) x15 0x00000000800120dc
core   0: 0x000000008000ff26 (0xfe043703) ld      a4, -32(s0)
core   0: 3 0x000000008000ff26 (0xfe043703) x14 0x0000000080012047 mem 0x0000000080031f50
core   0: 0x000000008000ff2a (0xfcf76de3) bltu    a4, a5, pc - 38
core   0: 3 0x000000008000ff2a (0xfcf76de3)
core   0: 0x000000008000ff04 (0xfe043783) ld      a5, -32(s0)
core   0: 3 0x000000008000ff04 (0xfe043783) x15 0x0000000080012047 mem 0x0000000080031f50
core   0: 0x000000008000ff08 (0x00178713) addi    a4, a5, 1
core   0: 3 0x000000008000ff08 (0x00178713) x14 0x0000000080012048
core   0: 0x000000008000ff0c (0xfee43023) sd      a4, -32(s0)
core   0: 3 0x000000008000ff0c (0xfee43023) mem 0x0000000080031f50 0x0000000080012048
core   0: 0x000000008000ff10 (0xfc442703) lw      a4, -60(s0)
core   0: 3 0x000000008000ff10 (0xfc442703) x14 0x0000000000000000 mem 0x0000000080031f34
core   0: 0x000000008000ff14 (0x0ff77713) andi    a4, a4, 255
core   0: 3 0x000000008000ff14 (0x0ff77713) x14 0x0000000000000000
core   0: 0x000000008000ff18 (0x00e78023) sb      a4, 0(a5)
core   0: 3 0x000000008000ff18 (0x00e78023) mem 0x0000000080012047 0x00
core   0: 0x000000008000ff1c (0xfc843703) ld      a4, -56(s0)
core   0: 3 0x000000008000ff1c (0xfc843703) x14 0x0000000080012040 mem 0x0000000080031f38
core   0: 0x000000008000ff20 (0xfb843783) ld      a5, -72(s0)
core   0: 3 0x000000008000ff20 (0xfb843783) x15 0x000000000000009c mem 0x0000000080031f28
core   0: 0x000000008000ff24 (0x000097ba) c.add   a5, a4
core   0: 3 0x000000008000ff24 (0x97ba) x15 0x00000000800120dc
core   0: 0x000000008000ff26 (0xfe043703) ld      a4, -32(s0)
core   0: 3 0x000000008000ff26 (0xfe043703) x14 0x0000000080012048 mem 0x0000000080031f50
core   0: 0x000000008000ff2a (0xfcf76de3) bltu    a4, a5, pc - 38
core   0: 3 0x000000008000ff2a (0xfcf76de3)
core   0: 0x000000008000ff04 (0xfe043783) ld      a5, -32(s0)
core   0: 3 0x000000008000ff04 (0xfe043783) x15 0x0000000080012048 mem 0x0000000080031f50
core   0: 0x000000008000ff08 (0x00178713) addi    a4, a5, 1
core   0: 3 0x000000008000ff08 (0x00178713) x14 0x0000000080012049
core   0: 0x000000008000ff0c (0xfee43023) sd      a4, -32(s0)
core   0: 3 0x000000008000ff0c (0xfee43023) mem 0x0000000080031f50 0x0000000080012049
core   0: 0x000000008000ff10 (0xfc442703) lw      a4, -60(s0)
core   0: 3 0x000000008000ff10 (0xfc442703) x14 0x0000000000000000 mem 0x0000000080031f34
core   0: 0x000000008000ff14 (0x0ff77713) andi    a4, a4, 255
core   0: 3 0x000000008000ff14 (0x0ff77713) x14 0x0000000000000000
core   0: 0x000000008000ff18 (0x00e78023) sb      a4, 0(a5)
core   0: 3 0x000000008000ff18 (0x00e78023) mem 0x0000000080012048 0x00
core   0: 0x000000008000ff1c (0xfc843703) ld      a4, -56(s0)
core   0: 3 0x000000008000ff1c (0xfc843703) x14 0x0000000080012040 mem 0x0000000080031f38
core   0: 0x000000008000ff20 (0xfb843783) ld      a5, -72(s0)
core   0: 3 0x000000008000ff20 (0xfb843783) x15 0x000000000000009c mem 0x0000000080031f28
core   0: 0x000000008000ff24 (0x000097ba) c.add   a5, a4
core   0: 3 0x000000008000ff24 (0x97ba) x15 0x00000000800120dc
core   0: 0x000000008000ff26 (0xfe043703) ld      a4, -32(s0)
core   0: 3 0x000000008000ff26 (0xfe043703) x14 0x0000000080012049 mem 0x0000000080031f50
core   0: 0x000000008000ff2a (0xfcf76de3) bltu    a4, a5, pc - 38
core   0: 3 0x000000008000ff2a (0xfcf76de3)
core   0: 0x000000008000ff04 (0xfe043783) ld      a5, -32(s0)
core   0: 3 0x000000008000ff04 (0xfe043783) x15 0x0000000080012049 mem 0x0000000080031f50
core   0: 0x000000008000ff08 (0x00178713) addi    a4, a5, 1
core   0: 3 0x000000008000ff08 (0x00178713) x14 0x000000008001204a
core   0: 0x000000008000ff0c (0xfee43023) sd      a4, -32(s0)
core   0: 3 0x000000008000ff0c (0xfee43023) mem 0x0000000080031f50 0x000000008001204a
core   0: 0x000000008000ff10 (0xfc442703) lw      a4, -60(s0)
core   0: 3 0x000000008000ff10 (0xfc442703) x14 0x0000000000000000 mem 0x0000000080031f34
core   0: 0x000000008000ff14 (0x0ff77713) andi    a4, a4, 255
core   0: 3 0x000000008000ff14 (0x0ff77713) x14 0x0000000000000000
core   0: 0x000000008000ff18 (0x00e78023) sb      a4, 0(a5)
core   0: 3 0x000000008000ff18 (0x00e78023) mem 0x0000000080012049 0x00
core   0: 0x000000008000ff1c (0xfc843703) ld      a4, -56(s0)
core   0: 3 0x000000008000ff1c (0xfc843703) x14 0x0000000080012040 mem 0x0000000080031f38
core   0: 0x000000008000ff20 (0xfb843783) ld      a5, -72(s0)
core   0: 3 0x000000008000ff20 (0xfb843783) x15 0x000000000000009c mem 0x0000000080031f28
core   0: 0x000000008000ff24 (0x000097ba) c.add   a5, a4
core   0: 3 0x000000008000ff24 (0x97ba) x15 0x00000000800120dc
core   0: 0x000000008000ff26 (0xfe043703) ld      a4, -32(s0)
core   0: 3 0x000000008000ff26 (0xfe043703) x14 0x000000008001204a mem 0x0000000080031f50
core   0: 0x000000008000ff2a (0xfcf76de3) bltu    a4, a5, pc - 38
core   0: 3 0x000000008000ff2a (0xfcf76de3)
core   0: 0x000000008000ff04 (0xfe043783) ld      a5, -32(s0)
core   0: 3 0x000000008000ff04 (0xfe043783) x15 0x000000008001204a mem 0x0000000080031f50
core   0: 0x000000008000ff08 (0x00178713) addi    a4, a5, 1
core   0: 3 0x000000008000ff08 (0x00178713) x14 0x000000008001204b
core   0: 0x000000008000ff0c (0xfee43023) sd      a4, -32(s0)
core   0: 3 0x000000008000ff0c (0xfee43023) mem 0x0000000080031f50 0x000000008001204b
core   0: 0x000000008000ff10 (0xfc442703) lw      a4, -60(s0)
core   0: 3 0x000000008000ff10 (0xfc442703) x14 0x0000000000000000 mem 0x0000000080031f34
core   0: 0x000000008000ff14 (0x0ff77713) andi    a4, a4, 255
core   0: 3 0x000000008000ff14 (0x0ff77713) x14 0x0000000000000000
core   0: 0x000000008000ff18 (0x00e78023) sb      a4, 0(a5)
core   0: 3 0x000000008000ff18 (0x00e78023) mem 0x000000008001204a 0x00
core   0: 0x000000008000ff1c (0xfc843703) ld      a4, -56(s0)
core   0: 3 0x000000008000ff1c (0xfc843703) x14 0x0000000080012040 mem 0x0000000080031f38
core   0: 0x000000008000ff20 (0xfb843783) ld      a5, -72(s0)
core   0: 3 0x000000008000ff20 (0xfb843783) x15 0x000000000000009c mem 0x0000000080031f28
core   0: 0x000000008000ff24 (0x000097ba) c.add   a5, a4
core   0: 3 0x000000008000ff24 (0x97ba) x15 0x00000000800120dc
core   0: 0x000000008000ff26 (0xfe043703) ld      a4, -32(s0)
core   0: 3 0x000000008000ff26 (0xfe043703) x14 0x000000008001204b mem 0x0000000080031f50
core   0: 0x000000008000ff2a (0xfcf76de3) bltu    a4, a5, pc - 38
core   0: 3 0x000000008000ff2a (0xfcf76de3)
core   0: 0x000000008000ff04 (0xfe043783) ld      a5, -32(s0)
core   0: 3 0x000000008000ff04 (0xfe043783) x15 0x000000008001204b mem 0x0000000080031f50
core   0: 0x000000008000ff08 (0x00178713) addi    a4, a5, 1
core   0: 3 0x000000008000ff08 (0x00178713) x14 0x000000008001204c
core   0: 0x000000008000ff0c (0xfee43023) sd      a4, -32(s0)
core   0: 3 0x000000008000ff0c (0xfee43023) mem 0x0000000080031f50 0x000000008001204c
core   0: 0x000000008000ff10 (0xfc442703) lw      a4, -60(s0)
core   0: 3 0x000000008000ff10 (0xfc442703) x14 0x0000000000000000 mem 0x0000000080031f34
core   0: 0x000000008000ff14 (0x0ff77713) andi    a4, a4, 255
core   0: 3 0x000000008000ff14 (0x0ff77713) x14 0x0000000000000000
core   0: 0x000000008000ff18 (0x00e78023) sb      a4, 0(a5)
core   0: 3 0x000000008000ff18 (0x00e78023) mem 0x000000008001204b 0x00
core   0: 0x000000008000ff1c (0xfc843703) ld      a4, -56(s0)
core   0: 3 0x000000008000ff1c (0xfc843703) x14 0x0000000080012040 mem 0x0000000080031f38
core   0: 0x000000008000ff20 (0xfb843783) ld      a5, -72(s0)
core   0: 3 0x000000008000ff20 (0xfb843783) x15 0x000000000000009c mem 0x0000000080031f28
core   0: 0x000000008000ff24 (0x000097ba) c.add   a5, a4
core   0: 3 0x000000008000ff24 (0x97ba) x15 0x00000000800120dc
core   0: 0x000000008000ff26 (0xfe043703) ld      a4, -32(s0)
core   0: 3 0x000000008000ff26 (0xfe043703) x14 0x000000008001204c mem 0x0000000080031f50
core   0: 0x000000008000ff2a (0xfcf76de3) bltu    a4, a5, pc - 38
core   0: 3 0x000000008000ff2a (0xfcf76de3)
core   0: 0x000000008000ff04 (0xfe043783) ld      a5, -32(s0)
core   0: 3 0x000000008000ff04 (0xfe043783) x15 0x000000008001204c mem 0x0000000080031f50
core   0: 0x000000008000ff08 (0x00178713) addi    a4, a5, 1
core   0: 3 0x000000008000ff08 (0x00178713) x14 0x000000008001204d
core   0: 0x000000008000ff0c (0xfee43023) sd      a4, -32(s0)
core   0: 3 0x000000008000ff0c (0xfee43023) mem 0x0000000080031f50 0x000000008001204d
core   0: 0x000000008000ff10 (0xfc442703) lw      a4, -60(s0)
core   0: 3 0x000000008000ff10 (0xfc442703) x14 0x0000000000000000 mem 0x0000000080031f34
core   0: 0x000000008000ff14 (0x0ff77713) andi    a4, a4, 255
core   0: 3 0x000000008000ff14 (0x0ff77713) x14 0x0000000000000000
core   0: 0x000000008000ff18 (0x00e78023) sb      a4, 0(a5)
core   0: 3 0x000000008000ff18 (0x00e78023) mem 0x000000008001204c 0x00
core   0: 0x000000008000ff1c (0xfc843703) ld      a4, -56(s0)
core   0: 3 0x000000008000ff1c (0xfc843703) x14 0x0000000080012040 mem 0x0000000080031f38
core   0: 0x000000008000ff20 (0xfb843783) ld      a5, -72(s0)
core   0: 3 0x000000008000ff20 (0xfb843783) x15 0x000000000000009c mem 0x0000000080031f28
core   0: 0x000000008000ff24 (0x000097ba) c.add   a5, a4
core   0: 3 0x000000008000ff24 (0x97ba) x15 0x00000000800120dc
core   0: 0x000000008000ff26 (0xfe043703) ld      a4, -32(s0)
core   0: 3 0x000000008000ff26 (0xfe043703) x14 0x000000008001204d mem 0x0000000080031f50
core   0: 0x000000008000ff2a (0xfcf76de3) bltu    a4, a5, pc - 38
core   0: 3 0x000000008000ff2a (0xfcf76de3)
core   0: 0x000000008000ff04 (0xfe043783) ld      a5, -32(s0)
core   0: 3 0x000000008000ff04 (0xfe043783) x15 0x000000008001204d mem 0x0000000080031f50
core   0: 0x000000008000ff08 (0x00178713) addi    a4, a5, 1
core   0: 3 0x000000008000ff08 (0x00178713) x14 0x000000008001204e
core   0: 0x000000008000ff0c (0xfee43023) sd      a4, -32(s0)
core   0: 3 0x000000008000ff0c (0xfee43023) mem 0x0000000080031f50 0x000000008001204e
core   0: 0x000000008000ff10 (0xfc442703) lw      a4, -60(s0)
core   0: 3 0x000000008000ff10 (0xfc442703) x14 0x0000000000000000 mem 0x0000000080031f34
core   0: 0x000000008000ff14 (0x0ff77713) andi    a4, a4, 255
core   0: 3 0x000000008000ff14 (0x0ff77713) x14 0x0000000000000000
core   0: 0x000000008000ff18 (0x00e78023) sb      a4, 0(a5)
core   0: 3 0x000000008000ff18 (0x00e78023) mem 0x000000008001204d 0x00
core   0: 0x000000008000ff1c (0xfc843703) ld      a4, -56(s0)
core   0: 3 0x000000008000ff1c (0xfc843703) x14 0x0000000080012040 mem 0x0000000080031f38
core   0: 0x000000008000ff20 (0xfb843783) ld      a5, -72(s0)
core   0: 3 0x000000008000ff20 (0xfb843783) x15 0x000000000000009c mem 0x0000000080031f28
core   0: 0x000000008000ff24 (0x000097ba) c.add   a5, a4
core   0: 3 0x000000008000ff24 (0x97ba) x15 0x00000000800120dc
core   0: 0x000000008000ff26 (0xfe043703) ld      a4, -32(s0)
core   0: 3 0x000000008000ff26 (0xfe043703) x14 0x000000008001204e mem 0x0000000080031f50
core   0: 0x000000008000ff2a (0xfcf76de3) bltu    a4, a5, pc - 38
core   0: 3 0x000000008000ff2a (0xfcf76de3)
core   0: 0x000000008000ff04 (0xfe043783) ld      a5, -32(s0)
core   0: 3 0x000000008000ff04 (0xfe043783) x15 0x000000008001204e mem 0x0000000080031f50
core   0: 0x000000008000ff08 (0x00178713) addi    a4, a5, 1
core   0: 3 0x000000008000ff08 (0x00178713) x14 0x000000008001204f
core   0: 0x000000008000ff0c (0xfee43023) sd      a4, -32(s0)
core   0: 3 0x000000008000ff0c (0xfee43023) mem 0x0000000080031f50 0x000000008001204f
core   0: 0x000000008000ff10 (0xfc442703) lw      a4, -60(s0)
core   0: 3 0x000000008000ff10 (0xfc442703) x14 0x0000000000000000 mem 0x0000000080031f34
core   0: 0x000000008000ff14 (0x0ff77713) andi    a4, a4, 255
core   0: 3 0x000000008000ff14 (0x0ff77713) x14 0x0000000000000000
core   0: 0x000000008000ff18 (0x00e78023) sb      a4, 0(a5)
core   0: 3 0x000000008000ff18 (0x00e78023) mem 0x000000008001204e 0x00
core   0: 0x000000008000ff1c (0xfc843703) ld      a4, -56(s0)
core   0: 3 0x000000008000ff1c (0xfc843703) x14 0x0000000080012040 mem 0x0000000080031f38
core   0: 0x000000008000ff20 (0xfb843783) ld      a5, -72(s0)
core   0: 3 0x000000008000ff20 (0xfb843783) x15 0x000000000000009c mem 0x0000000080031f28
core   0: 0x000000008000ff24 (0x000097ba) c.add   a5, a4
core   0: 3 0x000000008000ff24 (0x97ba) x15 0x00000000800120dc
core   0: 0x000000008000ff26 (0xfe043703) ld      a4, -32(s0)
core   0: 3 0x000000008000ff26 (0xfe043703) x14 0x000000008001204f mem 0x0000000080031f50
core   0: 0x000000008000ff2a (0xfcf76de3) bltu    a4, a5, pc - 38
core   0: 3 0x000000008000ff2a (0xfcf76de3)
core   0: 0x000000008000ff04 (0xfe043783) ld      a5, -32(s0)
core   0: 3 0x000000008000ff04 (0xfe043783) x15 0x000000008001204f mem 0x0000000080031f50
core   0: 0x000000008000ff08 (0x00178713) addi    a4, a5, 1
core   0: 3 0x000000008000ff08 (0x00178713) x14 0x0000000080012050
core   0: 0x000000008000ff0c (0xfee43023) sd      a4, -32(s0)
core   0: 3 0x000000008000ff0c (0xfee43023) mem 0x0000000080031f50 0x0000000080012050
core   0: 0x000000008000ff10 (0xfc442703) lw      a4, -60(s0)
core   0: 3 0x000000008000ff10 (0xfc442703) x14 0x0000000000000000 mem 0x0000000080031f34
core   0: 0x000000008000ff14 (0x0ff77713) andi    a4, a4, 255
core   0: 3 0x000000008000ff14 (0x0ff77713) x14 0x0000000000000000
core   0: 0x000000008000ff18 (0x00e78023) sb      a4, 0(a5)
core   0: 3 0x000000008000ff18 (0x00e78023) mem 0x000000008001204f 0x00
core   0: 0x000000008000ff1c (0xfc843703) ld      a4, -56(s0)
core   0: 3 0x000000008000ff1c (0xfc843703) x14 0x0000000080012040 mem 0x0000000080031f38
core   0: 0x000000008000ff20 (0xfb843783) ld      a5, -72(s0)
core   0: 3 0x000000008000ff20 (0xfb843783) x15 0x000000000000009c mem 0x0000000080031f28
core   0: 0x000000008000ff24 (0x000097ba) c.add   a5, a4
core   0: 3 0x000000008000ff24 (0x97ba) x15 0x00000000800120dc
core   0: 0x000000008000ff26 (0xfe043703) ld      a4, -32(s0)
core   0: 3 0x000000008000ff26 (0xfe043703) x14 0x0000000080012050 mem 0x0000000080031f50
core   0: 0x000000008000ff2a (0xfcf76de3) bltu    a4, a5, pc - 38
core   0: 3 0x000000008000ff2a (0xfcf76de3)
core   0: 0x000000008000ff04 (0xfe043783) ld      a5, -32(s0)
core   0: 3 0x000000008000ff04 (0xfe043783) x15 0x0000000080012050 mem 0x0000000080031f50
core   0: 0x000000008000ff08 (0x00178713) addi    a4, a5, 1
core   0: 3 0x000000008000ff08 (0x00178713) x14 0x0000000080012051
core   0: 0x000000008000ff0c (0xfee43023) sd      a4, -32(s0)
core   0: 3 0x000000008000ff0c (0xfee43023) mem 0x0000000080031f50 0x0000000080012051
core   0: 0x000000008000ff10 (0xfc442703) lw      a4, -60(s0)
core   0: 3 0x000000008000ff10 (0xfc442703) x14 0x0000000000000000 mem 0x0000000080031f34
core   0: 0x000000008000ff14 (0x0ff77713) andi    a4, a4, 255
core   0: 3 0x000000008000ff14 (0x0ff77713) x14 0x0000000000000000
core   0: 0x000000008000ff18 (0x00e78023) sb      a4, 0(a5)
core   0: 3 0x000000008000ff18 (0x00e78023) mem 0x0000000080012050 0x00
core   0: 0x000000008000ff1c (0xfc843703) ld      a4, -56(s0)
core   0: 3 0x000000008000ff1c (0xfc843703) x14 0x0000000080012040 mem 0x0000000080031f38
core   0: 0x000000008000ff20 (0xfb843783) ld      a5, -72(s0)
core   0: 3 0x000000008000ff20 (0xfb843783) x15 0x000000000000009c mem 0x0000000080031f28
core   0: 0x000000008000ff24 (0x000097ba) c.add   a5, a4
core   0: 3 0x000000008000ff24 (0x97ba) x15 0x00000000800120dc
core   0: 0x000000008000ff26 (0xfe043703) ld      a4, -32(s0)
core   0: 3 0x000000008000ff26 (0xfe043703) x14 0x0000000080012051 mem 0x0000000080031f50
core   0: 0x000000008000ff2a (0xfcf76de3) bltu    a4, a5, pc - 38
core   0: 3 0x000000008000ff2a (0xfcf76de3)
core   0: 0x000000008000ff04 (0xfe043783) ld      a5, -32(s0)
core   0: 3 0x000000008000ff04 (0xfe043783) x15 0x0000000080012051 mem 0x0000000080031f50
core   0: 0x000000008000ff08 (0x00178713) addi    a4, a5, 1
core   0: 3 0x000000008000ff08 (0x00178713) x14 0x0000000080012052
core   0: 0x000000008000ff0c (0xfee43023) sd      a4, -32(s0)
core   0: 3 0x000000008000ff0c (0xfee43023) mem 0x0000000080031f50 0x0000000080012052
core   0: 0x000000008000ff10 (0xfc442703) lw      a4, -60(s0)
core   0: 3 0x000000008000ff10 (0xfc442703) x14 0x0000000000000000 mem 0x0000000080031f34
core   0: 0x000000008000ff14 (0x0ff77713) andi    a4, a4, 255
core   0: 3 0x000000008000ff14 (0x0ff77713) x14 0x0000000000000000
core   0: 0x000000008000ff18 (0x00e78023) sb      a4, 0(a5)
core   0: 3 0x000000008000ff18 (0x00e78023) mem 0x0000000080012051 0x00
core   0: 0x000000008000ff1c (0xfc843703) ld      a4, -56(s0)
core   0: 3 0x000000008000ff1c (0xfc843703) x14 0x0000000080012040 mem 0x0000000080031f38
core   0: 0x000000008000ff20 (0xfb843783) ld      a5, -72(s0)
core   0: 3 0x000000008000ff20 (0xfb843783) x15 0x000000000000009c mem 0x0000000080031f28
core   0: 0x000000008000ff24 (0x000097ba) c.add   a5, a4
core   0: 3 0x000000008000ff24 (0x97ba) x15 0x00000000800120dc
core   0: 0x000000008000ff26 (0xfe043703) ld      a4, -32(s0)
core   0: 3 0x000000008000ff26 (0xfe043703) x14 0x0000000080012052 mem 0x0000000080031f50
core   0: 0x000000008000ff2a (0xfcf76de3) bltu    a4, a5, pc - 38
core   0: 3 0x000000008000ff2a (0xfcf76de3)
core   0: 0x000000008000ff04 (0xfe043783) ld      a5, -32(s0)
core   0: 3 0x000000008000ff04 (0xfe043783) x15 0x0000000080012052 mem 0x0000000080031f50
core   0: 0x000000008000ff08 (0x00178713) addi    a4, a5, 1
core   0: 3 0x000000008000ff08 (0x00178713) x14 0x0000000080012053
core   0: 0x000000008000ff0c (0xfee43023) sd      a4, -32(s0)
core   0: 3 0x000000008000ff0c (0xfee43023) mem 0x0000000080031f50 0x0000000080012053
core   0: 0x000000008000ff10 (0xfc442703) lw      a4, -60(s0)
core   0: 3 0x000000008000ff10 (0xfc442703) x14 0x0000000000000000 mem 0x0000000080031f34
core   0: 0x000000008000ff14 (0x0ff77713) andi    a4, a4, 255
core   0: 3 0x000000008000ff14 (0x0ff77713) x14 0x0000000000000000
core   0: 0x000000008000ff18 (0x00e78023) sb      a4, 0(a5)
core   0: 3 0x000000008000ff18 (0x00e78023) mem 0x0000000080012052 0x00
core   0: 0x000000008000ff1c (0xfc843703) ld      a4, -56(s0)
core   0: 3 0x000000008000ff1c (0xfc843703) x14 0x0000000080012040 mem 0x0000000080031f38
core   0: 0x000000008000ff20 (0xfb843783) ld      a5, -72(s0)
core   0: 3 0x000000008000ff20 (0xfb843783) x15 0x000000000000009c mem 0x0000000080031f28
core   0: 0x000000008000ff24 (0x000097ba) c.add   a5, a4
core   0: 3 0x000000008000ff24 (0x97ba) x15 0x00000000800120dc
core   0: 0x000000008000ff26 (0xfe043703) ld      a4, -32(s0)
core   0: 3 0x000000008000ff26 (0xfe043703) x14 0x0000000080012053 mem 0x0000000080031f50
core   0: 0x000000008000ff2a (0xfcf76de3) bltu    a4, a5, pc - 38
core   0: 3 0x000000008000ff2a (0xfcf76de3)
core   0: 0x000000008000ff04 (0xfe043783) ld      a5, -32(s0)
core   0: 3 0x000000008000ff04 (0xfe043783) x15 0x0000000080012053 mem 0x0000000080031f50
core   0: 0x000000008000ff08 (0x00178713) addi    a4, a5, 1
core   0: 3 0x000000008000ff08 (0x00178713) x14 0x0000000080012054
core   0: 0x000000008000ff0c (0xfee43023) sd      a4, -32(s0)
core   0: 3 0x000000008000ff0c (0xfee43023) mem 0x0000000080031f50 0x0000000080012054
core   0: 0x000000008000ff10 (0xfc442703) lw      a4, -60(s0)
core   0: 3 0x000000008000ff10 (0xfc442703) x14 0x0000000000000000 mem 0x0000000080031f34
core   0: 0x000000008000ff14 (0x0ff77713) andi    a4, a4, 255
core   0: 3 0x000000008000ff14 (0x0ff77713) x14 0x0000000000000000
core   0: 0x000000008000ff18 (0x00e78023) sb      a4, 0(a5)
core   0: 3 0x000000008000ff18 (0x00e78023) mem 0x0000000080012053 0x00
core   0: 0x000000008000ff1c (0xfc843703) ld      a4, -56(s0)
core   0: 3 0x000000008000ff1c (0xfc843703) x14 0x0000000080012040 mem 0x0000000080031f38
core   0: 0x000000008000ff20 (0xfb843783) ld      a5, -72(s0)
core   0: 3 0x000000008000ff20 (0xfb843783) x15 0x000000000000009c mem 0x0000000080031f28
core   0: 0x000000008000ff24 (0x000097ba) c.add   a5, a4
core   0: 3 0x000000008000ff24 (0x97ba) x15 0x00000000800120dc
core   0: 0x000000008000ff26 (0xfe043703) ld      a4, -32(s0)
core   0: 3 0x000000008000ff26 (0xfe043703) x14 0x0000000080012054 mem 0x0000000080031f50
core   0: 0x000000008000ff2a (0xfcf76de3) bltu    a4, a5, pc - 38
core   0: 3 0x000000008000ff2a (0xfcf76de3)
core   0: 0x000000008000ff04 (0xfe043783) ld      a5, -32(s0)
core   0: 3 0x000000008000ff04 (0xfe043783) x15 0x0000000080012054 mem 0x0000000080031f50
core   0: 0x000000008000ff08 (0x00178713) addi    a4, a5, 1
core   0: 3 0x000000008000ff08 (0x00178713) x14 0x0000000080012055
core   0: 0x000000008000ff0c (0xfee43023) sd      a4, -32(s0)
core   0: 3 0x000000008000ff0c (0xfee43023) mem 0x0000000080031f50 0x0000000080012055
core   0: 0x000000008000ff10 (0xfc442703) lw      a4, -60(s0)
core   0: 3 0x000000008000ff10 (0xfc442703) x14 0x0000000000000000 mem 0x0000000080031f34
core   0: 0x000000008000ff14 (0x0ff77713) andi    a4, a4, 255
core   0: 3 0x000000008000ff14 (0x0ff77713) x14 0x0000000000000000
core   0: 0x000000008000ff18 (0x00e78023) sb      a4, 0(a5)
core   0: 3 0x000000008000ff18 (0x00e78023) mem 0x0000000080012054 0x00
core   0: 0x000000008000ff1c (0xfc843703) ld      a4, -56(s0)
core   0: 3 0x000000008000ff1c (0xfc843703) x14 0x0000000080012040 mem 0x0000000080031f38
core   0: 0x000000008000ff20 (0xfb843783) ld      a5, -72(s0)
core   0: 3 0x000000008000ff20 (0xfb843783) x15 0x000000000000009c mem 0x0000000080031f28
core   0: 0x000000008000ff24 (0x000097ba) c.add   a5, a4
core   0: 3 0x000000008000ff24 (0x97ba) x15 0x00000000800120dc
core   0: 0x000000008000ff26 (0xfe043703) ld      a4, -32(s0)
core   0: 3 0x000000008000ff26 (0xfe043703) x14 0x0000000080012055 mem 0x0000000080031f50
core   0: 0x000000008000ff2a (0xfcf76de3) bltu    a4, a5, pc - 38
core   0: 3 0x000000008000ff2a (0xfcf76de3)
core   0: 0x000000008000ff04 (0xfe043783) ld      a5, -32(s0)
core   0: 3 0x000000008000ff04 (0xfe043783) x15 0x0000000080012055 mem 0x0000000080031f50
core   0: 0x000000008000ff08 (0x00178713) addi    a4, a5, 1
core   0: 3 0x000000008000ff08 (0x00178713) x14 0x0000000080012056
core   0: 0x000000008000ff0c (0xfee43023) sd      a4, -32(s0)
core   0: 3 0x000000008000ff0c (0xfee43023) mem 0x0000000080031f50 0x0000000080012056
core   0: 0x000000008000ff10 (0xfc442703) lw      a4, -60(s0)
core   0: 3 0x000000008000ff10 (0xfc442703) x14 0x0000000000000000 mem 0x0000000080031f34
core   0: 0x000000008000ff14 (0x0ff77713) andi    a4, a4, 255
core   0: 3 0x000000008000ff14 (0x0ff77713) x14 0x0000000000000000
core   0: 0x000000008000ff18 (0x00e78023) sb      a4, 0(a5)
core   0: 3 0x000000008000ff18 (0x00e78023) mem 0x0000000080012055 0x00
core   0: 0x000000008000ff1c (0xfc843703) ld      a4, -56(s0)
core   0: 3 0x000000008000ff1c (0xfc843703) x14 0x0000000080012040 mem 0x0000000080031f38
core   0: 0x000000008000ff20 (0xfb843783) ld      a5, -72(s0)
core   0: 3 0x000000008000ff20 (0xfb843783) x15 0x000000000000009c mem 0x0000000080031f28
core   0: 0x000000008000ff24 (0x000097ba) c.add   a5, a4
core   0: 3 0x000000008000ff24 (0x97ba) x15 0x00000000800120dc
core   0: 0x000000008000ff26 (0xfe043703) ld      a4, -32(s0)
core   0: 3 0x000000008000ff26 (0xfe043703) x14 0x0000000080012056 mem 0x0000000080031f50
core   0: 0x000000008000ff2a (0xfcf76de3) bltu    a4, a5, pc - 38
core   0: 3 0x000000008000ff2a (0xfcf76de3)
core   0: 0x000000008000ff04 (0xfe043783) ld      a5, -32(s0)
core   0: 3 0x000000008000ff04 (0xfe043783) x15 0x0000000080012056 mem 0x0000000080031f50
core   0: 0x000000008000ff08 (0x00178713) addi    a4, a5, 1
core   0: 3 0x000000008000ff08 (0x00178713) x14 0x0000000080012057
core   0: 0x000000008000ff0c (0xfee43023) sd      a4, -32(s0)
core   0: 3 0x000000008000ff0c (0xfee43023) mem 0x0000000080031f50 0x0000000080012057
core   0: 0x000000008000ff10 (0xfc442703) lw      a4, -60(s0)
core   0: 3 0x000000008000ff10 (0xfc442703) x14 0x0000000000000000 mem 0x0000000080031f34
core   0: 0x000000008000ff14 (0x0ff77713) andi    a4, a4, 255
core   0: 3 0x000000008000ff14 (0x0ff77713) x14 0x0000000000000000
core   0: 0x000000008000ff18 (0x00e78023) sb      a4, 0(a5)
core   0: 3 0x000000008000ff18 (0x00e78023) mem 0x0000000080012056 0x00
core   0: 0x000000008000ff1c (0xfc843703) ld      a4, -56(s0)
core   0: 3 0x000000008000ff1c (0xfc843703) x14 0x0000000080012040 mem 0x0000000080031f38
core   0: 0x000000008000ff20 (0xfb843783) ld      a5, -72(s0)
core   0: 3 0x000000008000ff20 (0xfb843783) x15 0x000000000000009c mem 0x0000000080031f28
core   0: 0x000000008000ff24 (0x000097ba) c.add   a5, a4
core   0: 3 0x000000008000ff24 (0x97ba) x15 0x00000000800120dc
core   0: 0x000000008000ff26 (0xfe043703) ld      a4, -32(s0)
core   0: 3 0x000000008000ff26 (0xfe043703) x14 0x0000000080012057 mem 0x0000000080031f50
core   0: 0x000000008000ff2a (0xfcf76de3) bltu    a4, a5, pc - 38
core   0: 3 0x000000008000ff2a (0xfcf76de3)
core   0: 0x000000008000ff04 (0xfe043783) ld      a5, -32(s0)
core   0: 3 0x000000008000ff04 (0xfe043783) x15 0x0000000080012057 mem 0x0000000080031f50
core   0: 0x000000008000ff08 (0x00178713) addi    a4, a5, 1
core   0: 3 0x000000008000ff08 (0x00178713) x14 0x0000000080012058
core   0: 0x000000008000ff0c (0xfee43023) sd      a4, -32(s0)
core   0: 3 0x000000008000ff0c (0xfee43023) mem 0x0000000080031f50 0x0000000080012058
core   0: 0x000000008000ff10 (0xfc442703) lw      a4, -60(s0)
core   0: 3 0x000000008000ff10 (0xfc442703) x14 0x0000000000000000 mem 0x0000000080031f34
core   0: 0x000000008000ff14 (0x0ff77713) andi    a4, a4, 255
core   0: 3 0x000000008000ff14 (0x0ff77713) x14 0x0000000000000000
core   0: 0x000000008000ff18 (0x00e78023) sb      a4, 0(a5)
core   0: 3 0x000000008000ff18 (0x00e78023) mem 0x0000000080012057 0x00
core   0: 0x000000008000ff1c (0xfc843703) ld      a4, -56(s0)
core   0: 3 0x000000008000ff1c (0xfc843703) x14 0x0000000080012040 mem 0x0000000080031f38
core   0: 0x000000008000ff20 (0xfb843783) ld      a5, -72(s0)
core   0: 3 0x000000008000ff20 (0xfb843783) x15 0x000000000000009c mem 0x0000000080031f28
core   0: 0x000000008000ff24 (0x000097ba) c.add   a5, a4
core   0: 3 0x000000008000ff24 (0x97ba) x15 0x00000000800120dc
core   0: 0x000000008000ff26 (0xfe043703) ld      a4, -32(s0)
core   0: 3 0x000000008000ff26 (0xfe043703) x14 0x0000000080012058 mem 0x0000000080031f50
core   0: 0x000000008000ff2a (0xfcf76de3) bltu    a4, a5, pc - 38
core   0: 3 0x000000008000ff2a (0xfcf76de3)
core   0: 0x000000008000ff04 (0xfe043783) ld      a5, -32(s0)
core   0: 3 0x000000008000ff04 (0xfe043783) x15 0x0000000080012058 mem 0x0000000080031f50
core   0: 0x000000008000ff08 (0x00178713) addi    a4, a5, 1
core   0: 3 0x000000008000ff08 (0x00178713) x14 0x0000000080012059
core   0: 0x000000008000ff0c (0xfee43023) sd      a4, -32(s0)
core   0: 3 0x000000008000ff0c (0xfee43023) mem 0x0000000080031f50 0x0000000080012059
core   0: 0x000000008000ff10 (0xfc442703) lw      a4, -60(s0)
core   0: 3 0x000000008000ff10 (0xfc442703) x14 0x0000000000000000 mem 0x0000000080031f34
core   0: 0x000000008000ff14 (0x0ff77713) andi    a4, a4, 255
core   0: 3 0x000000008000ff14 (0x0ff77713) x14 0x0000000000000000
core   0: 0x000000008000ff18 (0x00e78023) sb      a4, 0(a5)
core   0: 3 0x000000008000ff18 (0x00e78023) mem 0x0000000080012058 0x00
core   0: 0x000000008000ff1c (0xfc843703) ld      a4, -56(s0)
core   0: 3 0x000000008000ff1c (0xfc843703) x14 0x0000000080012040 mem 0x0000000080031f38
core   0: 0x000000008000ff20 (0xfb843783) ld      a5, -72(s0)
core   0: 3 0x000000008000ff20 (0xfb843783) x15 0x000000000000009c mem 0x0000000080031f28
core   0: 0x000000008000ff24 (0x000097ba) c.add   a5, a4
core   0: 3 0x000000008000ff24 (0x97ba) x15 0x00000000800120dc
core   0: 0x000000008000ff26 (0xfe043703) ld      a4, -32(s0)
core   0: 3 0x000000008000ff26 (0xfe043703) x14 0x0000000080012059 mem 0x0000000080031f50
core   0: 0x000000008000ff2a (0xfcf76de3) bltu    a4, a5, pc - 38
core   0: 3 0x000000008000ff2a (0xfcf76de3)
core   0: 0x000000008000ff04 (0xfe043783) ld      a5, -32(s0)
core   0: 3 0x000000008000ff04 (0xfe043783) x15 0x0000000080012059 mem 0x0000000080031f50
core   0: 0x000000008000ff08 (0x00178713) addi    a4, a5, 1
core   0: 3 0x000000008000ff08 (0x00178713) x14 0x000000008001205a
core   0: 0x000000008000ff0c (0xfee43023) sd      a4, -32(s0)
core   0: 3 0x000000008000ff0c (0xfee43023) mem 0x0000000080031f50 0x000000008001205a
core   0: 0x000000008000ff10 (0xfc442703) lw      a4, -60(s0)
core   0: 3 0x000000008000ff10 (0xfc442703) x14 0x0000000000000000 mem 0x0000000080031f34
core   0: 0x000000008000ff14 (0x0ff77713) andi    a4, a4, 255
core   0: 3 0x000000008000ff14 (0x0ff77713) x14 0x0000000000000000
core   0: 0x000000008000ff18 (0x00e78023) sb      a4, 0(a5)
core   0: 3 0x000000008000ff18 (0x00e78023) mem 0x0000000080012059 0x00
core   0: 0x000000008000ff1c (0xfc843703) ld      a4, -56(s0)
core   0: 3 0x000000008000ff1c (0xfc843703) x14 0x0000000080012040 mem 0x0000000080031f38
core   0: 0x000000008000ff20 (0xfb843783) ld      a5, -72(s0)
core   0: 3 0x000000008000ff20 (0xfb843783) x15 0x000000000000009c mem 0x0000000080031f28
core   0: 0x000000008000ff24 (0x000097ba) c.add   a5, a4
core   0: 3 0x000000008000ff24 (0x97ba) x15 0x00000000800120dc
core   0: 0x000000008000ff26 (0xfe043703) ld      a4, -32(s0)
core   0: 3 0x000000008000ff26 (0xfe043703) x14 0x000000008001205a mem 0x0000000080031f50
core   0: 0x000000008000ff2a (0xfcf76de3) bltu    a4, a5, pc - 38
core   0: 3 0x000000008000ff2a (0xfcf76de3)
core   0: 0x000000008000ff04 (0xfe043783) ld      a5, -32(s0)
core   0: 3 0x000000008000ff04 (0xfe043783) x15 0x000000008001205a mem 0x0000000080031f50
core   0: 0x000000008000ff08 (0x00178713) addi    a4, a5, 1
core   0: 3 0x000000008000ff08 (0x00178713) x14 0x000000008001205b
core   0: 0x000000008000ff0c (0xfee43023) sd      a4, -32(s0)
core   0: 3 0x000000008000ff0c (0xfee43023) mem 0x0000000080031f50 0x000000008001205b
core   0: 0x000000008000ff10 (0xfc442703) lw      a4, -60(s0)
core   0: 3 0x000000008000ff10 (0xfc442703) x14 0x0000000000000000 mem 0x0000000080031f34
core   0: 0x000000008000ff14 (0x0ff77713) andi    a4, a4, 255
core   0: 3 0x000000008000ff14 (0x0ff77713) x14 0x0000000000000000
core   0: 0x000000008000ff18 (0x00e78023) sb      a4, 0(a5)
core   0: 3 0x000000008000ff18 (0x00e78023) mem 0x000000008001205a 0x00
core   0: 0x000000008000ff1c (0xfc843703) ld      a4, -56(s0)
core   0: 3 0x000000008000ff1c (0xfc843703) x14 0x0000000080012040 mem 0x0000000080031f38
core   0: 0x000000008000ff20 (0xfb843783) ld      a5, -72(s0)
core   0: 3 0x000000008000ff20 (0xfb843783) x15 0x000000000000009c mem 0x0000000080031f28
core   0: 0x000000008000ff24 (0x000097ba) c.add   a5, a4
core   0: 3 0x000000008000ff24 (0x97ba) x15 0x00000000800120dc
core   0: 0x000000008000ff26 (0xfe043703) ld      a4, -32(s0)
core   0: 3 0x000000008000ff26 (0xfe043703) x14 0x000000008001205b mem 0x0000000080031f50
core   0: 0x000000008000ff2a (0xfcf76de3) bltu    a4, a5, pc - 38
core   0: 3 0x000000008000ff2a (0xfcf76de3)
core   0: 0x000000008000ff04 (0xfe043783) ld      a5, -32(s0)
core   0: 3 0x000000008000ff04 (0xfe043783) x15 0x000000008001205b mem 0x0000000080031f50
core   0: 0x000000008000ff08 (0x00178713) addi    a4, a5, 1
core   0: 3 0x000000008000ff08 (0x00178713) x14 0x000000008001205c
core   0: 0x000000008000ff0c (0xfee43023) sd      a4, -32(s0)
core   0: 3 0x000000008000ff0c (0xfee43023) mem 0x0000000080031f50 0x000000008001205c
core   0: 0x000000008000ff10 (0xfc442703) lw      a4, -60(s0)
core   0: 3 0x000000008000ff10 (0xfc442703) x14 0x0000000000000000 mem 0x0000000080031f34
core   0: 0x000000008000ff14 (0x0ff77713) andi    a4, a4, 255
core   0: 3 0x000000008000ff14 (0x0ff77713) x14 0x0000000000000000
core   0: 0x000000008000ff18 (0x00e78023) sb      a4, 0(a5)
core   0: 3 0x000000008000ff18 (0x00e78023) mem 0x000000008001205b 0x00
core   0: 0x000000008000ff1c (0xfc843703) ld      a4, -56(s0)
core   0: 3 0x000000008000ff1c (0xfc843703) x14 0x0000000080012040 mem 0x0000000080031f38
core   0: 0x000000008000ff20 (0xfb843783) ld      a5, -72(s0)
core   0: 3 0x000000008000ff20 (0xfb843783) x15 0x000000000000009c mem 0x0000000080031f28
core   0: 0x000000008000ff24 (0x000097ba) c.add   a5, a4
core   0: 3 0x000000008000ff24 (0x97ba) x15 0x00000000800120dc
core   0: 0x000000008000ff26 (0xfe043703) ld      a4, -32(s0)
core   0: 3 0x000000008000ff26 (0xfe043703) x14 0x000000008001205c mem 0x0000000080031f50
core   0: 0x000000008000ff2a (0xfcf76de3) bltu    a4, a5, pc - 38
core   0: 3 0x000000008000ff2a (0xfcf76de3)
core   0: 0x000000008000ff04 (0xfe043783) ld      a5, -32(s0)
core   0: 3 0x000000008000ff04 (0xfe043783) x15 0x000000008001205c mem 0x0000000080031f50
core   0: 0x000000008000ff08 (0x00178713) addi    a4, a5, 1
core   0: 3 0x000000008000ff08 (0x00178713) x14 0x000000008001205d
core   0: 0x000000008000ff0c (0xfee43023) sd      a4, -32(s0)
core   0: 3 0x000000008000ff0c (0xfee43023) mem 0x0000000080031f50 0x000000008001205d
core   0: 0x000000008000ff10 (0xfc442703) lw      a4, -60(s0)
core   0: 3 0x000000008000ff10 (0xfc442703) x14 0x0000000000000000 mem 0x0000000080031f34
core   0: 0x000000008000ff14 (0x0ff77713) andi    a4, a4, 255
core   0: 3 0x000000008000ff14 (0x0ff77713) x14 0x0000000000000000
core   0: 0x000000008000ff18 (0x00e78023) sb      a4, 0(a5)
core   0: 3 0x000000008000ff18 (0x00e78023) mem 0x000000008001205c 0x00
core   0: 0x000000008000ff1c (0xfc843703) ld      a4, -56(s0)
core   0: 3 0x000000008000ff1c (0xfc843703) x14 0x0000000080012040 mem 0x0000000080031f38
core   0: 0x000000008000ff20 (0xfb843783) ld      a5, -72(s0)
core   0: 3 0x000000008000ff20 (0xfb843783) x15 0x000000000000009c mem 0x0000000080031f28
core   0: 0x000000008000ff24 (0x000097ba) c.add   a5, a4
core   0: 3 0x000000008000ff24 (0x97ba) x15 0x00000000800120dc
core   0: 0x000000008000ff26 (0xfe043703) ld      a4, -32(s0)
core   0: 3 0x000000008000ff26 (0xfe043703) x14 0x000000008001205d mem 0x0000000080031f50
core   0: 0x000000008000ff2a (0xfcf76de3) bltu    a4, a5, pc - 38
core   0: 3 0x000000008000ff2a (0xfcf76de3)
core   0: 0x000000008000ff04 (0xfe043783) ld      a5, -32(s0)
core   0: 3 0x000000008000ff04 (0xfe043783) x15 0x000000008001205d mem 0x0000000080031f50
core   0: 0x000000008000ff08 (0x00178713) addi    a4, a5, 1
core   0: 3 0x000000008000ff08 (0x00178713) x14 0x000000008001205e
core   0: 0x000000008000ff0c (0xfee43023) sd      a4, -32(s0)
core   0: 3 0x000000008000ff0c (0xfee43023) mem 0x0000000080031f50 0x000000008001205e
core   0: 0x000000008000ff10 (0xfc442703) lw      a4, -60(s0)
core   0: 3 0x000000008000ff10 (0xfc442703) x14 0x0000000000000000 mem 0x0000000080031f34
core   0: 0x000000008000ff14 (0x0ff77713) andi    a4, a4, 255
core   0: 3 0x000000008000ff14 (0x0ff77713) x14 0x0000000000000000
core   0: 0x000000008000ff18 (0x00e78023) sb      a4, 0(a5)
core   0: 3 0x000000008000ff18 (0x00e78023) mem 0x000000008001205d 0x00
core   0: 0x000000008000ff1c (0xfc843703) ld      a4, -56(s0)
core   0: 3 0x000000008000ff1c (0xfc843703) x14 0x0000000080012040 mem 0x0000000080031f38
core   0: 0x000000008000ff20 (0xfb843783) ld      a5, -72(s0)
core   0: 3 0x000000008000ff20 (0xfb843783) x15 0x000000000000009c mem 0x0000000080031f28
core   0: 0x000000008000ff24 (0x000097ba) c.add   a5, a4
core   0: 3 0x000000008000ff24 (0x97ba) x15 0x00000000800120dc
core   0: 0x000000008000ff26 (0xfe043703) ld      a4, -32(s0)
core   0: 3 0x000000008000ff26 (0xfe043703) x14 0x000000008001205e mem 0x0000000080031f50
core   0: 0x000000008000ff2a (0xfcf76de3) bltu    a4, a5, pc - 38
core   0: 3 0x000000008000ff2a (0xfcf76de3)
core   0: 0x000000008000ff04 (0xfe043783) ld      a5, -32(s0)
core   0: 3 0x000000008000ff04 (0xfe043783) x15 0x000000008001205e mem 0x0000000080031f50
core   0: 0x000000008000ff08 (0x00178713) addi    a4, a5, 1
core   0: 3 0x000000008000ff08 (0x00178713) x14 0x000000008001205f
core   0: 0x000000008000ff0c (0xfee43023) sd      a4, -32(s0)
core   0: 3 0x000000008000ff0c (0xfee43023) mem 0x0000000080031f50 0x000000008001205f
core   0: 0x000000008000ff10 (0xfc442703) lw      a4, -60(s0)
core   0: 3 0x000000008000ff10 (0xfc442703) x14 0x0000000000000000 mem 0x0000000080031f34
core   0: 0x000000008000ff14 (0x0ff77713) andi    a4, a4, 255
core   0: 3 0x000000008000ff14 (0x0ff77713) x14 0x0000000000000000
core   0: 0x000000008000ff18 (0x00e78023) sb      a4, 0(a5)
core   0: 3 0x000000008000ff18 (0x00e78023) mem 0x000000008001205e 0x00
core   0: 0x000000008000ff1c (0xfc843703) ld      a4, -56(s0)
core   0: 3 0x000000008000ff1c (0xfc843703) x14 0x0000000080012040 mem 0x0000000080031f38
core   0: 0x000000008000ff20 (0xfb843783) ld      a5, -72(s0)
core   0: 3 0x000000008000ff20 (0xfb843783) x15 0x000000000000009c mem 0x0000000080031f28
core   0: 0x000000008000ff24 (0x000097ba) c.add   a5, a4
core   0: 3 0x000000008000ff24 (0x97ba) x15 0x00000000800120dc
core   0: 0x000000008000ff26 (0xfe043703) ld      a4, -32(s0)
core   0: 3 0x000000008000ff26 (0xfe043703) x14 0x000000008001205f mem 0x0000000080031f50
core   0: 0x000000008000ff2a (0xfcf76de3) bltu    a4, a5, pc - 38
core   0: 3 0x000000008000ff2a (0xfcf76de3)
core   0: 0x000000008000ff04 (0xfe043783) ld      a5, -32(s0)
core   0: 3 0x000000008000ff04 (0xfe043783) x15 0x000000008001205f mem 0x0000000080031f50
core   0: 0x000000008000ff08 (0x00178713) addi    a4, a5, 1
core   0: 3 0x000000008000ff08 (0x00178713) x14 0x0000000080012060
core   0: 0x000000008000ff0c (0xfee43023) sd      a4, -32(s0)
core   0: 3 0x000000008000ff0c (0xfee43023) mem 0x0000000080031f50 0x0000000080012060
core   0: 0x000000008000ff10 (0xfc442703) lw      a4, -60(s0)
core   0: 3 0x000000008000ff10 (0xfc442703) x14 0x0000000000000000 mem 0x0000000080031f34
core   0: 0x000000008000ff14 (0x0ff77713) andi    a4, a4, 255
core   0: 3 0x000000008000ff14 (0x0ff77713) x14 0x0000000000000000
core   0: 0x000000008000ff18 (0x00e78023) sb      a4, 0(a5)
core   0: 3 0x000000008000ff18 (0x00e78023) mem 0x000000008001205f 0x00
core   0: 0x000000008000ff1c (0xfc843703) ld      a4, -56(s0)
core   0: 3 0x000000008000ff1c (0xfc843703) x14 0x0000000080012040 mem 0x0000000080031f38
core   0: 0x000000008000ff20 (0xfb843783) ld      a5, -72(s0)
core   0: 3 0x000000008000ff20 (0xfb843783) x15 0x000000000000009c mem 0x0000000080031f28
core   0: 0x000000008000ff24 (0x000097ba) c.add   a5, a4
core   0: 3 0x000000008000ff24 (0x97ba) x15 0x00000000800120dc
core   0: 0x000000008000ff26 (0xfe043703) ld      a4, -32(s0)
core   0: 3 0x000000008000ff26 (0xfe043703) x14 0x0000000080012060 mem 0x0000000080031f50
core   0: 0x000000008000ff2a (0xfcf76de3) bltu    a4, a5, pc - 38
core   0: 3 0x000000008000ff2a (0xfcf76de3)
core   0: 0x000000008000ff04 (0xfe043783) ld      a5, -32(s0)
core   0: 3 0x000000008000ff04 (0xfe043783) x15 0x0000000080012060 mem 0x0000000080031f50
core   0: 0x000000008000ff08 (0x00178713) addi    a4, a5, 1
core   0: 3 0x000000008000ff08 (0x00178713) x14 0x0000000080012061
core   0: 0x000000008000ff0c (0xfee43023) sd      a4, -32(s0)
core   0: 3 0x000000008000ff0c (0xfee43023) mem 0x0000000080031f50 0x0000000080012061
core   0: 0x000000008000ff10 (0xfc442703) lw      a4, -60(s0)
core   0: 3 0x000000008000ff10 (0xfc442703) x14 0x0000000000000000 mem 0x0000000080031f34
core   0: 0x000000008000ff14 (0x0ff77713) andi    a4, a4, 255
core   0: 3 0x000000008000ff14 (0x0ff77713) x14 0x0000000000000000
core   0: 0x000000008000ff18 (0x00e78023) sb      a4, 0(a5)
core   0: 3 0x000000008000ff18 (0x00e78023) mem 0x0000000080012060 0x00
core   0: 0x000000008000ff1c (0xfc843703) ld      a4, -56(s0)
core   0: 3 0x000000008000ff1c (0xfc843703) x14 0x0000000080012040 mem 0x0000000080031f38
core   0: 0x000000008000ff20 (0xfb843783) ld      a5, -72(s0)
core   0: 3 0x000000008000ff20 (0xfb843783) x15 0x000000000000009c mem 0x0000000080031f28
core   0: 0x000000008000ff24 (0x000097ba) c.add   a5, a4
core   0: 3 0x000000008000ff24 (0x97ba) x15 0x00000000800120dc
core   0: 0x000000008000ff26 (0xfe043703) ld      a4, -32(s0)
core   0: 3 0x000000008000ff26 (0xfe043703) x14 0x0000000080012061 mem 0x0000000080031f50
core   0: 0x000000008000ff2a (0xfcf76de3) bltu    a4, a5, pc - 38
core   0: 3 0x000000008000ff2a (0xfcf76de3)
core   0: 0x000000008000ff04 (0xfe043783) ld      a5, -32(s0)
core   0: 3 0x000000008000ff04 (0xfe043783) x15 0x0000000080012061 mem 0x0000000080031f50
core   0: 0x000000008000ff08 (0x00178713) addi    a4, a5, 1
core   0: 3 0x000000008000ff08 (0x00178713) x14 0x0000000080012062
core   0: 0x000000008000ff0c (0xfee43023) sd      a4, -32(s0)
core   0: 3 0x000000008000ff0c (0xfee43023) mem 0x0000000080031f50 0x0000000080012062
core   0: 0x000000008000ff10 (0xfc442703) lw      a4, -60(s0)
core   0: 3 0x000000008000ff10 (0xfc442703) x14 0x0000000000000000 mem 0x0000000080031f34
core   0: 0x000000008000ff14 (0x0ff77713) andi    a4, a4, 255
core   0: 3 0x000000008000ff14 (0x0ff77713) x14 0x0000000000000000
core   0: 0x000000008000ff18 (0x00e78023) sb      a4, 0(a5)
core   0: 3 0x000000008000ff18 (0x00e78023) mem 0x0000000080012061 0x00
core   0: 0x000000008000ff1c (0xfc843703) ld      a4, -56(s0)
core   0: 3 0x000000008000ff1c (0xfc843703) x14 0x0000000080012040 mem 0x0000000080031f38
core   0: 0x000000008000ff20 (0xfb843783) ld      a5, -72(s0)
core   0: 3 0x000000008000ff20 (0xfb843783) x15 0x000000000000009c mem 0x0000000080031f28
core   0: 0x000000008000ff24 (0x000097ba) c.add   a5, a4
core   0: 3 0x000000008000ff24 (0x97ba) x15 0x00000000800120dc
core   0: 0x000000008000ff26 (0xfe043703) ld      a4, -32(s0)
core   0: 3 0x000000008000ff26 (0xfe043703) x14 0x0000000080012062 mem 0x0000000080031f50
core   0: 0x000000008000ff2a (0xfcf76de3) bltu    a4, a5, pc - 38
core   0: 3 0x000000008000ff2a (0xfcf76de3)
core   0: 0x000000008000ff04 (0xfe043783) ld      a5, -32(s0)
core   0: 3 0x000000008000ff04 (0xfe043783) x15 0x0000000080012062 mem 0x0000000080031f50
core   0: 0x000000008000ff08 (0x00178713) addi    a4, a5, 1
core   0: 3 0x000000008000ff08 (0x00178713) x14 0x0000000080012063
core   0: 0x000000008000ff0c (0xfee43023) sd      a4, -32(s0)
core   0: 3 0x000000008000ff0c (0xfee43023) mem 0x0000000080031f50 0x0000000080012063
core   0: 0x000000008000ff10 (0xfc442703) lw      a4, -60(s0)
core   0: 3 0x000000008000ff10 (0xfc442703) x14 0x0000000000000000 mem 0x0000000080031f34
core   0: 0x000000008000ff14 (0x0ff77713) andi    a4, a4, 255
core   0: 3 0x000000008000ff14 (0x0ff77713) x14 0x0000000000000000
core   0: 0x000000008000ff18 (0x00e78023) sb      a4, 0(a5)
core   0: 3 0x000000008000ff18 (0x00e78023) mem 0x0000000080012062 0x00
core   0: 0x000000008000ff1c (0xfc843703) ld      a4, -56(s0)
core   0: 3 0x000000008000ff1c (0xfc843703) x14 0x0000000080012040 mem 0x0000000080031f38
core   0: 0x000000008000ff20 (0xfb843783) ld      a5, -72(s0)
core   0: 3 0x000000008000ff20 (0xfb843783) x15 0x000000000000009c mem 0x0000000080031f28
core   0: 0x000000008000ff24 (0x000097ba) c.add   a5, a4
core   0: 3 0x000000008000ff24 (0x97ba) x15 0x00000000800120dc
core   0: 0x000000008000ff26 (0xfe043703) ld      a4, -32(s0)
core   0: 3 0x000000008000ff26 (0xfe043703) x14 0x0000000080012063 mem 0x0000000080031f50
core   0: 0x000000008000ff2a (0xfcf76de3) bltu    a4, a5, pc - 38
core   0: 3 0x000000008000ff2a (0xfcf76de3)
core   0: 0x000000008000ff04 (0xfe043783) ld      a5, -32(s0)
core   0: 3 0x000000008000ff04 (0xfe043783) x15 0x0000000080012063 mem 0x0000000080031f50
core   0: 0x000000008000ff08 (0x00178713) addi    a4, a5, 1
core   0: 3 0x000000008000ff08 (0x00178713) x14 0x0000000080012064
core   0: 0x000000008000ff0c (0xfee43023) sd      a4, -32(s0)
core   0: 3 0x000000008000ff0c (0xfee43023) mem 0x0000000080031f50 0x0000000080012064
core   0: 0x000000008000ff10 (0xfc442703) lw      a4, -60(s0)
core   0: 3 0x000000008000ff10 (0xfc442703) x14 0x0000000000000000 mem 0x0000000080031f34
core   0: 0x000000008000ff14 (0x0ff77713) andi    a4, a4, 255
core   0: 3 0x000000008000ff14 (0x0ff77713) x14 0x0000000000000000
core   0: 0x000000008000ff18 (0x00e78023) sb      a4, 0(a5)
core   0: 3 0x000000008000ff18 (0x00e78023) mem 0x0000000080012063 0x00
core   0: 0x000000008000ff1c (0xfc843703) ld      a4, -56(s0)
core   0: 3 0x000000008000ff1c (0xfc843703) x14 0x0000000080012040 mem 0x0000000080031f38
core   0: 0x000000008000ff20 (0xfb843783) ld      a5, -72(s0)
core   0: 3 0x000000008000ff20 (0xfb843783) x15 0x000000000000009c mem 0x0000000080031f28
core   0: 0x000000008000ff24 (0x000097ba) c.add   a5, a4
core   0: 3 0x000000008000ff24 (0x97ba) x15 0x00000000800120dc
core   0: 0x000000008000ff26 (0xfe043703) ld      a4, -32(s0)
core   0: 3 0x000000008000ff26 (0xfe043703) x14 0x0000000080012064 mem 0x0000000080031f50
core   0: 0x000000008000ff2a (0xfcf76de3) bltu    a4, a5, pc - 38
core   0: 3 0x000000008000ff2a (0xfcf76de3)
core   0: 0x000000008000ff04 (0xfe043783) ld      a5, -32(s0)
core   0: 3 0x000000008000ff04 (0xfe043783) x15 0x0000000080012064 mem 0x0000000080031f50
core   0: 0x000000008000ff08 (0x00178713) addi    a4, a5, 1
core   0: 3 0x000000008000ff08 (0x00178713) x14 0x0000000080012065
core   0: 0x000000008000ff0c (0xfee43023) sd      a4, -32(s0)
core   0: 3 0x000000008000ff0c (0xfee43023) mem 0x0000000080031f50 0x0000000080012065
core   0: 0x000000008000ff10 (0xfc442703) lw      a4, -60(s0)
core   0: 3 0x000000008000ff10 (0xfc442703) x14 0x0000000000000000 mem 0x0000000080031f34
core   0: 0x000000008000ff14 (0x0ff77713) andi    a4, a4, 255
core   0: 3 0x000000008000ff14 (0x0ff77713) x14 0x0000000000000000
core   0: 0x000000008000ff18 (0x00e78023) sb      a4, 0(a5)
core   0: 3 0x000000008000ff18 (0x00e78023) mem 0x0000000080012064 0x00
core   0: 0x000000008000ff1c (0xfc843703) ld      a4, -56(s0)
core   0: 3 0x000000008000ff1c (0xfc843703) x14 0x0000000080012040 mem 0x0000000080031f38
core   0: 0x000000008000ff20 (0xfb843783) ld      a5, -72(s0)
core   0: 3 0x000000008000ff20 (0xfb843783) x15 0x000000000000009c mem 0x0000000080031f28
core   0: 0x000000008000ff24 (0x000097ba) c.add   a5, a4
core   0: 3 0x000000008000ff24 (0x97ba) x15 0x00000000800120dc
core   0: 0x000000008000ff26 (0xfe043703) ld      a4, -32(s0)
core   0: 3 0x000000008000ff26 (0xfe043703) x14 0x0000000080012065 mem 0x0000000080031f50
core   0: 0x000000008000ff2a (0xfcf76de3) bltu    a4, a5, pc - 38
core   0: 3 0x000000008000ff2a (0xfcf76de3)
core   0: 0x000000008000ff04 (0xfe043783) ld      a5, -32(s0)
core   0: 3 0x000000008000ff04 (0xfe043783) x15 0x0000000080012065 mem 0x0000000080031f50
core   0: 0x000000008000ff08 (0x00178713) addi    a4, a5, 1
core   0: 3 0x000000008000ff08 (0x00178713) x14 0x0000000080012066
core   0: 0x000000008000ff0c (0xfee43023) sd      a4, -32(s0)
core   0: 3 0x000000008000ff0c (0xfee43023) mem 0x0000000080031f50 0x0000000080012066
core   0: 0x000000008000ff10 (0xfc442703) lw      a4, -60(s0)
core   0: 3 0x000000008000ff10 (0xfc442703) x14 0x0000000000000000 mem 0x0000000080031f34
core   0: 0x000000008000ff14 (0x0ff77713) andi    a4, a4, 255
core   0: 3 0x000000008000ff14 (0x0ff77713) x14 0x0000000000000000
core   0: 0x000000008000ff18 (0x00e78023) sb      a4, 0(a5)
core   0: 3 0x000000008000ff18 (0x00e78023) mem 0x0000000080012065 0x00
core   0: 0x000000008000ff1c (0xfc843703) ld      a4, -56(s0)
core   0: 3 0x000000008000ff1c (0xfc843703) x14 0x0000000080012040 mem 0x0000000080031f38
core   0: 0x000000008000ff20 (0xfb843783) ld      a5, -72(s0)
core   0: 3 0x000000008000ff20 (0xfb843783) x15 0x000000000000009c mem 0x0000000080031f28
core   0: 0x000000008000ff24 (0x000097ba) c.add   a5, a4
core   0: 3 0x000000008000ff24 (0x97ba) x15 0x00000000800120dc
core   0: 0x000000008000ff26 (0xfe043703) ld      a4, -32(s0)
core   0: 3 0x000000008000ff26 (0xfe043703) x14 0x0000000080012066 mem 0x0000000080031f50
core   0: 0x000000008000ff2a (0xfcf76de3) bltu    a4, a5, pc - 38
core   0: 3 0x000000008000ff2a (0xfcf76de3)
core   0: 0x000000008000ff04 (0xfe043783) ld      a5, -32(s0)
core   0: 3 0x000000008000ff04 (0xfe043783) x15 0x0000000080012066 mem 0x0000000080031f50
core   0: 0x000000008000ff08 (0x00178713) addi    a4, a5, 1
core   0: 3 0x000000008000ff08 (0x00178713) x14 0x0000000080012067
core   0: 0x000000008000ff0c (0xfee43023) sd      a4, -32(s0)
core   0: 3 0x000000008000ff0c (0xfee43023) mem 0x0000000080031f50 0x0000000080012067
core   0: 0x000000008000ff10 (0xfc442703) lw      a4, -60(s0)
core   0: 3 0x000000008000ff10 (0xfc442703) x14 0x0000000000000000 mem 0x0000000080031f34
core   0: 0x000000008000ff14 (0x0ff77713) andi    a4, a4, 255
core   0: 3 0x000000008000ff14 (0x0ff77713) x14 0x0000000000000000
core   0: 0x000000008000ff18 (0x00e78023) sb      a4, 0(a5)
core   0: 3 0x000000008000ff18 (0x00e78023) mem 0x0000000080012066 0x00
core   0: 0x000000008000ff1c (0xfc843703) ld      a4, -56(s0)
core   0: 3 0x000000008000ff1c (0xfc843703) x14 0x0000000080012040 mem 0x0000000080031f38
core   0: 0x000000008000ff20 (0xfb843783) ld      a5, -72(s0)
core   0: 3 0x000000008000ff20 (0xfb843783) x15 0x000000000000009c mem 0x0000000080031f28
core   0: 0x000000008000ff24 (0x000097ba) c.add   a5, a4
core   0: 3 0x000000008000ff24 (0x97ba) x15 0x00000000800120dc
core   0: 0x000000008000ff26 (0xfe043703) ld      a4, -32(s0)
core   0: 3 0x000000008000ff26 (0xfe043703) x14 0x0000000080012067 mem 0x0000000080031f50
core   0: 0x000000008000ff2a (0xfcf76de3) bltu    a4, a5, pc - 38
core   0: 3 0x000000008000ff2a (0xfcf76de3)
core   0: 0x000000008000ff04 (0xfe043783) ld      a5, -32(s0)
core   0: 3 0x000000008000ff04 (0xfe043783) x15 0x0000000080012067 mem 0x0000000080031f50
core   0: 0x000000008000ff08 (0x00178713) addi    a4, a5, 1
core   0: 3 0x000000008000ff08 (0x00178713) x14 0x0000000080012068
core   0: 0x000000008000ff0c (0xfee43023) sd      a4, -32(s0)
core   0: 3 0x000000008000ff0c (0xfee43023) mem 0x0000000080031f50 0x0000000080012068
core   0: 0x000000008000ff10 (0xfc442703) lw      a4, -60(s0)
core   0: 3 0x000000008000ff10 (0xfc442703) x14 0x0000000000000000 mem 0x0000000080031f34
core   0: 0x000000008000ff14 (0x0ff77713) andi    a4, a4, 255
core   0: 3 0x000000008000ff14 (0x0ff77713) x14 0x0000000000000000
core   0: 0x000000008000ff18 (0x00e78023) sb      a4, 0(a5)
core   0: 3 0x000000008000ff18 (0x00e78023) mem 0x0000000080012067 0x00
core   0: 0x000000008000ff1c (0xfc843703) ld      a4, -56(s0)
core   0: 3 0x000000008000ff1c (0xfc843703) x14 0x0000000080012040 mem 0x0000000080031f38
core   0: 0x000000008000ff20 (0xfb843783) ld      a5, -72(s0)
core   0: 3 0x000000008000ff20 (0xfb843783) x15 0x000000000000009c mem 0x0000000080031f28
core   0: 0x000000008000ff24 (0x000097ba) c.add   a5, a4
core   0: 3 0x000000008000ff24 (0x97ba) x15 0x00000000800120dc
core   0: 0x000000008000ff26 (0xfe043703) ld      a4, -32(s0)
core   0: 3 0x000000008000ff26 (0xfe043703) x14 0x0000000080012068 mem 0x0000000080031f50
core   0: 0x000000008000ff2a (0xfcf76de3) bltu    a4, a5, pc - 38
core   0: 3 0x000000008000ff2a (0xfcf76de3)
core   0: 0x000000008000ff04 (0xfe043783) ld      a5, -32(s0)
core   0: 3 0x000000008000ff04 (0xfe043783) x15 0x0000000080012068 mem 0x0000000080031f50
core   0: 0x000000008000ff08 (0x00178713) addi    a4, a5, 1
core   0: 3 0x000000008000ff08 (0x00178713) x14 0x0000000080012069
core   0: 0x000000008000ff0c (0xfee43023) sd      a4, -32(s0)
core   0: 3 0x000000008000ff0c (0xfee43023) mem 0x0000000080031f50 0x0000000080012069
core   0: 0x000000008000ff10 (0xfc442703) lw      a4, -60(s0)
core   0: 3 0x000000008000ff10 (0xfc442703) x14 0x0000000000000000 mem 0x0000000080031f34
core   0: 0x000000008000ff14 (0x0ff77713) andi    a4, a4, 255
core   0: 3 0x000000008000ff14 (0x0ff77713) x14 0x0000000000000000
core   0: 0x000000008000ff18 (0x00e78023) sb      a4, 0(a5)
core   0: 3 0x000000008000ff18 (0x00e78023) mem 0x0000000080012068 0x00
core   0: 0x000000008000ff1c (0xfc843703) ld      a4, -56(s0)
core   0: 3 0x000000008000ff1c (0xfc843703) x14 0x0000000080012040 mem 0x0000000080031f38
core   0: 0x000000008000ff20 (0xfb843783) ld      a5, -72(s0)
core   0: 3 0x000000008000ff20 (0xfb843783) x15 0x000000000000009c mem 0x0000000080031f28
core   0: 0x000000008000ff24 (0x000097ba) c.add   a5, a4
core   0: 3 0x000000008000ff24 (0x97ba) x15 0x00000000800120dc
core   0: 0x000000008000ff26 (0xfe043703) ld      a4, -32(s0)
core   0: 3 0x000000008000ff26 (0xfe043703) x14 0x0000000080012069 mem 0x0000000080031f50
core   0: 0x000000008000ff2a (0xfcf76de3) bltu    a4, a5, pc - 38
core   0: 3 0x000000008000ff2a (0xfcf76de3)
core   0: 0x000000008000ff04 (0xfe043783) ld      a5, -32(s0)
core   0: 3 0x000000008000ff04 (0xfe043783) x15 0x0000000080012069 mem 0x0000000080031f50
core   0: 0x000000008000ff08 (0x00178713) addi    a4, a5, 1
core   0: 3 0x000000008000ff08 (0x00178713) x14 0x000000008001206a
core   0: 0x000000008000ff0c (0xfee43023) sd      a4, -32(s0)
core   0: 3 0x000000008000ff0c (0xfee43023) mem 0x0000000080031f50 0x000000008001206a
core   0: 0x000000008000ff10 (0xfc442703) lw      a4, -60(s0)
core   0: 3 0x000000008000ff10 (0xfc442703) x14 0x0000000000000000 mem 0x0000000080031f34
core   0: 0x000000008000ff14 (0x0ff77713) andi    a4, a4, 255
core   0: 3 0x000000008000ff14 (0x0ff77713) x14 0x0000000000000000
core   0: 0x000000008000ff18 (0x00e78023) sb      a4, 0(a5)
core   0: 3 0x000000008000ff18 (0x00e78023) mem 0x0000000080012069 0x00
core   0: 0x000000008000ff1c (0xfc843703) ld      a4, -56(s0)
core   0: 3 0x000000008000ff1c (0xfc843703) x14 0x0000000080012040 mem 0x0000000080031f38
core   0: 0x000000008000ff20 (0xfb843783) ld      a5, -72(s0)
core   0: 3 0x000000008000ff20 (0xfb843783) x15 0x000000000000009c mem 0x0000000080031f28
core   0: 0x000000008000ff24 (0x000097ba) c.add   a5, a4
core   0: 3 0x000000008000ff24 (0x97ba) x15 0x00000000800120dc
core   0: 0x000000008000ff26 (0xfe043703) ld      a4, -32(s0)
core   0: 3 0x000000008000ff26 (0xfe043703) x14 0x000000008001206a mem 0x0000000080031f50
core   0: 0x000000008000ff2a (0xfcf76de3) bltu    a4, a5, pc - 38
core   0: 3 0x000000008000ff2a (0xfcf76de3)
core   0: 0x000000008000ff04 (0xfe043783) ld      a5, -32(s0)
core   0: 3 0x000000008000ff04 (0xfe043783) x15 0x000000008001206a mem 0x0000000080031f50
core   0: 0x000000008000ff08 (0x00178713) addi    a4, a5, 1
core   0: 3 0x000000008000ff08 (0x00178713) x14 0x000000008001206b
core   0: 0x000000008000ff0c (0xfee43023) sd      a4, -32(s0)
core   0: 3 0x000000008000ff0c (0xfee43023) mem 0x0000000080031f50 0x000000008001206b
core   0: 0x000000008000ff10 (0xfc442703) lw      a4, -60(s0)
core   0: 3 0x000000008000ff10 (0xfc442703) x14 0x0000000000000000 mem 0x0000000080031f34
core   0: 0x000000008000ff14 (0x0ff77713) andi    a4, a4, 255
core   0: 3 0x000000008000ff14 (0x0ff77713) x14 0x0000000000000000
core   0: 0x000000008000ff18 (0x00e78023) sb      a4, 0(a5)
core   0: 3 0x000000008000ff18 (0x00e78023) mem 0x000000008001206a 0x00
core   0: 0x000000008000ff1c (0xfc843703) ld      a4, -56(s0)
core   0: 3 0x000000008000ff1c (0xfc843703) x14 0x0000000080012040 mem 0x0000000080031f38
core   0: 0x000000008000ff20 (0xfb843783) ld      a5, -72(s0)
core   0: 3 0x000000008000ff20 (0xfb843783) x15 0x000000000000009c mem 0x0000000080031f28
core   0: 0x000000008000ff24 (0x000097ba) c.add   a5, a4
core   0: 3 0x000000008000ff24 (0x97ba) x15 0x00000000800120dc
core   0: 0x000000008000ff26 (0xfe043703) ld      a4, -32(s0)
core   0: 3 0x000000008000ff26 (0xfe043703) x14 0x000000008001206b mem 0x0000000080031f50
core   0: 0x000000008000ff2a (0xfcf76de3) bltu    a4, a5, pc - 38
core   0: 3 0x000000008000ff2a (0xfcf76de3)
core   0: 0x000000008000ff04 (0xfe043783) ld      a5, -32(s0)
core   0: 3 0x000000008000ff04 (0xfe043783) x15 0x000000008001206b mem 0x0000000080031f50
core   0: 0x000000008000ff08 (0x00178713) addi    a4, a5, 1
core   0: 3 0x000000008000ff08 (0x00178713) x14 0x000000008001206c
core   0: 0x000000008000ff0c (0xfee43023) sd      a4, -32(s0)
core   0: 3 0x000000008000ff0c (0xfee43023) mem 0x0000000080031f50 0x000000008001206c
core   0: 0x000000008000ff10 (0xfc442703) lw      a4, -60(s0)
core   0: 3 0x000000008000ff10 (0xfc442703) x14 0x0000000000000000 mem 0x0000000080031f34
core   0: 0x000000008000ff14 (0x0ff77713) andi    a4, a4, 255
core   0: 3 0x000000008000ff14 (0x0ff77713) x14 0x0000000000000000
core   0: 0x000000008000ff18 (0x00e78023) sb      a4, 0(a5)
core   0: 3 0x000000008000ff18 (0x00e78023) mem 0x000000008001206b 0x00
core   0: 0x000000008000ff1c (0xfc843703) ld      a4, -56(s0)
core   0: 3 0x000000008000ff1c (0xfc843703) x14 0x0000000080012040 mem 0x0000000080031f38
core   0: 0x000000008000ff20 (0xfb843783) ld      a5, -72(s0)
core   0: 3 0x000000008000ff20 (0xfb843783) x15 0x000000000000009c mem 0x0000000080031f28
core   0: 0x000000008000ff24 (0x000097ba) c.add   a5, a4
core   0: 3 0x000000008000ff24 (0x97ba) x15 0x00000000800120dc
core   0: 0x000000008000ff26 (0xfe043703) ld      a4, -32(s0)
core   0: 3 0x000000008000ff26 (0xfe043703) x14 0x000000008001206c mem 0x0000000080031f50
core   0: 0x000000008000ff2a (0xfcf76de3) bltu    a4, a5, pc - 38
core   0: 3 0x000000008000ff2a (0xfcf76de3)
core   0: 0x000000008000ff04 (0xfe043783) ld      a5, -32(s0)
core   0: 3 0x000000008000ff04 (0xfe043783) x15 0x000000008001206c mem 0x0000000080031f50
core   0: 0x000000008000ff08 (0x00178713) addi    a4, a5, 1
core   0: 3 0x000000008000ff08 (0x00178713) x14 0x000000008001206d
core   0: 0x000000008000ff0c (0xfee43023) sd      a4, -32(s0)
core   0: 3 0x000000008000ff0c (0xfee43023) mem 0x0000000080031f50 0x000000008001206d
core   0: 0x000000008000ff10 (0xfc442703) lw      a4, -60(s0)
core   0: 3 0x000000008000ff10 (0xfc442703) x14 0x0000000000000000 mem 0x0000000080031f34
core   0: 0x000000008000ff14 (0x0ff77713) andi    a4, a4, 255
core   0: 3 0x000000008000ff14 (0x0ff77713) x14 0x0000000000000000
core   0: 0x000000008000ff18 (0x00e78023) sb      a4, 0(a5)
core   0: 3 0x000000008000ff18 (0x00e78023) mem 0x000000008001206c 0x00
core   0: 0x000000008000ff1c (0xfc843703) ld      a4, -56(s0)
core   0: 3 0x000000008000ff1c (0xfc843703) x14 0x0000000080012040 mem 0x0000000080031f38
core   0: 0x000000008000ff20 (0xfb843783) ld      a5, -72(s0)
core   0: 3 0x000000008000ff20 (0xfb843783) x15 0x000000000000009c mem 0x0000000080031f28
core   0: 0x000000008000ff24 (0x000097ba) c.add   a5, a4
core   0: 3 0x000000008000ff24 (0x97ba) x15 0x00000000800120dc
core   0: 0x000000008000ff26 (0xfe043703) ld      a4, -32(s0)
core   0: 3 0x000000008000ff26 (0xfe043703) x14 0x000000008001206d mem 0x0000000080031f50
core   0: 0x000000008000ff2a (0xfcf76de3) bltu    a4, a5, pc - 38
core   0: 3 0x000000008000ff2a (0xfcf76de3)
core   0: 0x000000008000ff04 (0xfe043783) ld      a5, -32(s0)
core   0: 3 0x000000008000ff04 (0xfe043783) x15 0x000000008001206d mem 0x0000000080031f50
core   0: 0x000000008000ff08 (0x00178713) addi    a4, a5, 1
core   0: 3 0x000000008000ff08 (0x00178713) x14 0x000000008001206e
core   0: 0x000000008000ff0c (0xfee43023) sd      a4, -32(s0)
core   0: 3 0x000000008000ff0c (0xfee43023) mem 0x0000000080031f50 0x000000008001206e
core   0: 0x000000008000ff10 (0xfc442703) lw      a4, -60(s0)
core   0: 3 0x000000008000ff10 (0xfc442703) x14 0x0000000000000000 mem 0x0000000080031f34
core   0: 0x000000008000ff14 (0x0ff77713) andi    a4, a4, 255
core   0: 3 0x000000008000ff14 (0x0ff77713) x14 0x0000000000000000
core   0: 0x000000008000ff18 (0x00e78023) sb      a4, 0(a5)
core   0: 3 0x000000008000ff18 (0x00e78023) mem 0x000000008001206d 0x00
core   0: 0x000000008000ff1c (0xfc843703) ld      a4, -56(s0)
core   0: 3 0x000000008000ff1c (0xfc843703) x14 0x0000000080012040 mem 0x0000000080031f38
core   0: 0x000000008000ff20 (0xfb843783) ld      a5, -72(s0)
core   0: 3 0x000000008000ff20 (0xfb843783) x15 0x000000000000009c mem 0x0000000080031f28
core   0: 0x000000008000ff24 (0x000097ba) c.add   a5, a4
core   0: 3 0x000000008000ff24 (0x97ba) x15 0x00000000800120dc
core   0: 0x000000008000ff26 (0xfe043703) ld      a4, -32(s0)
core   0: 3 0x000000008000ff26 (0xfe043703) x14 0x000000008001206e mem 0x0000000080031f50
core   0: 0x000000008000ff2a (0xfcf76de3) bltu    a4, a5, pc - 38
core   0: 3 0x000000008000ff2a (0xfcf76de3)
core   0: 0x000000008000ff04 (0xfe043783) ld      a5, -32(s0)
core   0: 3 0x000000008000ff04 (0xfe043783) x15 0x000000008001206e mem 0x0000000080031f50
core   0: 0x000000008000ff08 (0x00178713) addi    a4, a5, 1
core   0: 3 0x000000008000ff08 (0x00178713) x14 0x000000008001206f
core   0: 0x000000008000ff0c (0xfee43023) sd      a4, -32(s0)
core   0: 3 0x000000008000ff0c (0xfee43023) mem 0x0000000080031f50 0x000000008001206f
core   0: 0x000000008000ff10 (0xfc442703) lw      a4, -60(s0)
core   0: 3 0x000000008000ff10 (0xfc442703) x14 0x0000000000000000 mem 0x0000000080031f34
core   0: 0x000000008000ff14 (0x0ff77713) andi    a4, a4, 255
core   0: 3 0x000000008000ff14 (0x0ff77713) x14 0x0000000000000000
core   0: 0x000000008000ff18 (0x00e78023) sb      a4, 0(a5)
core   0: 3 0x000000008000ff18 (0x00e78023) mem 0x000000008001206e 0x00
core   0: 0x000000008000ff1c (0xfc843703) ld      a4, -56(s0)
core   0: 3 0x000000008000ff1c (0xfc843703) x14 0x0000000080012040 mem 0x0000000080031f38
core   0: 0x000000008000ff20 (0xfb843783) ld      a5, -72(s0)
core   0: 3 0x000000008000ff20 (0xfb843783) x15 0x000000000000009c mem 0x0000000080031f28
core   0: 0x000000008000ff24 (0x000097ba) c.add   a5, a4
core   0: 3 0x000000008000ff24 (0x97ba) x15 0x00000000800120dc
core   0: 0x000000008000ff26 (0xfe043703) ld      a4, -32(s0)
core   0: 3 0x000000008000ff26 (0xfe043703) x14 0x000000008001206f mem 0x0000000080031f50
core   0: 0x000000008000ff2a (0xfcf76de3) bltu    a4, a5, pc - 38
core   0: 3 0x000000008000ff2a (0xfcf76de3)
core   0: 0x000000008000ff04 (0xfe043783) ld      a5, -32(s0)
core   0: 3 0x000000008000ff04 (0xfe043783) x15 0x000000008001206f mem 0x0000000080031f50
core   0: 0x000000008000ff08 (0x00178713) addi    a4, a5, 1
core   0: 3 0x000000008000ff08 (0x00178713) x14 0x0000000080012070
core   0: 0x000000008000ff0c (0xfee43023) sd      a4, -32(s0)
core   0: 3 0x000000008000ff0c (0xfee43023) mem 0x0000000080031f50 0x0000000080012070
core   0: 0x000000008000ff10 (0xfc442703) lw      a4, -60(s0)
core   0: 3 0x000000008000ff10 (0xfc442703) x14 0x0000000000000000 mem 0x0000000080031f34
core   0: 0x000000008000ff14 (0x0ff77713) andi    a4, a4, 255
core   0: 3 0x000000008000ff14 (0x0ff77713) x14 0x0000000000000000
core   0: 0x000000008000ff18 (0x00e78023) sb      a4, 0(a5)
core   0: 3 0x000000008000ff18 (0x00e78023) mem 0x000000008001206f 0x00
core   0: 0x000000008000ff1c (0xfc843703) ld      a4, -56(s0)
core   0: 3 0x000000008000ff1c (0xfc843703) x14 0x0000000080012040 mem 0x0000000080031f38
core   0: 0x000000008000ff20 (0xfb843783) ld      a5, -72(s0)
core   0: 3 0x000000008000ff20 (0xfb843783) x15 0x000000000000009c mem 0x0000000080031f28
core   0: 0x000000008000ff24 (0x000097ba) c.add   a5, a4
core   0: 3 0x000000008000ff24 (0x97ba) x15 0x00000000800120dc
core   0: 0x000000008000ff26 (0xfe043703) ld      a4, -32(s0)
core   0: 3 0x000000008000ff26 (0xfe043703) x14 0x0000000080012070 mem 0x0000000080031f50
core   0: 0x000000008000ff2a (0xfcf76de3) bltu    a4, a5, pc - 38
core   0: 3 0x000000008000ff2a (0xfcf76de3)
core   0: 0x000000008000ff04 (0xfe043783) ld      a5, -32(s0)
core   0: 3 0x000000008000ff04 (0xfe043783) x15 0x0000000080012070 mem 0x0000000080031f50
core   0: 0x000000008000ff08 (0x00178713) addi    a4, a5, 1
core   0: 3 0x000000008000ff08 (0x00178713) x14 0x0000000080012071
core   0: 0x000000008000ff0c (0xfee43023) sd      a4, -32(s0)
core   0: 3 0x000000008000ff0c (0xfee43023) mem 0x0000000080031f50 0x0000000080012071
core   0: 0x000000008000ff10 (0xfc442703) lw      a4, -60(s0)
core   0: 3 0x000000008000ff10 (0xfc442703) x14 0x0000000000000000 mem 0x0000000080031f34
core   0: 0x000000008000ff14 (0x0ff77713) andi    a4, a4, 255
core   0: 3 0x000000008000ff14 (0x0ff77713) x14 0x0000000000000000
core   0: 0x000000008000ff18 (0x00e78023) sb      a4, 0(a5)
core   0: 3 0x000000008000ff18 (0x00e78023) mem 0x0000000080012070 0x00
core   0: 0x000000008000ff1c (0xfc843703) ld      a4, -56(s0)
core   0: 3 0x000000008000ff1c (0xfc843703) x14 0x0000000080012040 mem 0x0000000080031f38
core   0: 0x000000008000ff20 (0xfb843783) ld      a5, -72(s0)
core   0: 3 0x000000008000ff20 (0xfb843783) x15 0x000000000000009c mem 0x0000000080031f28
core   0: 0x000000008000ff24 (0x000097ba) c.add   a5, a4
core   0: 3 0x000000008000ff24 (0x97ba) x15 0x00000000800120dc
core   0: 0x000000008000ff26 (0xfe043703) ld      a4, -32(s0)
core   0: 3 0x000000008000ff26 (0xfe043703) x14 0x0000000080012071 mem 0x0000000080031f50
core   0: 0x000000008000ff2a (0xfcf76de3) bltu    a4, a5, pc - 38
core   0: 3 0x000000008000ff2a (0xfcf76de3)
core   0: 0x000000008000ff04 (0xfe043783) ld      a5, -32(s0)
core   0: 3 0x000000008000ff04 (0xfe043783) x15 0x0000000080012071 mem 0x0000000080031f50
core   0: 0x000000008000ff08 (0x00178713) addi    a4, a5, 1
core   0: 3 0x000000008000ff08 (0x00178713) x14 0x0000000080012072
core   0: 0x000000008000ff0c (0xfee43023) sd      a4, -32(s0)
core   0: 3 0x000000008000ff0c (0xfee43023) mem 0x0000000080031f50 0x0000000080012072
core   0: 0x000000008000ff10 (0xfc442703) lw      a4, -60(s0)
core   0: 3 0x000000008000ff10 (0xfc442703) x14 0x0000000000000000 mem 0x0000000080031f34
core   0: 0x000000008000ff14 (0x0ff77713) andi    a4, a4, 255
core   0: 3 0x000000008000ff14 (0x0ff77713) x14 0x0000000000000000
core   0: 0x000000008000ff18 (0x00e78023) sb      a4, 0(a5)
core   0: 3 0x000000008000ff18 (0x00e78023) mem 0x0000000080012071 0x00
core   0: 0x000000008000ff1c (0xfc843703) ld      a4, -56(s0)
core   0: 3 0x000000008000ff1c (0xfc843703) x14 0x0000000080012040 mem 0x0000000080031f38
core   0: 0x000000008000ff20 (0xfb843783) ld      a5, -72(s0)
core   0: 3 0x000000008000ff20 (0xfb843783) x15 0x000000000000009c mem 0x0000000080031f28
core   0: 0x000000008000ff24 (0x000097ba) c.add   a5, a4
core   0: 3 0x000000008000ff24 (0x97ba) x15 0x00000000800120dc
core   0: 0x000000008000ff26 (0xfe043703) ld      a4, -32(s0)
core   0: 3 0x000000008000ff26 (0xfe043703) x14 0x0000000080012072 mem 0x0000000080031f50
core   0: 0x000000008000ff2a (0xfcf76de3) bltu    a4, a5, pc - 38
core   0: 3 0x000000008000ff2a (0xfcf76de3)
core   0: 0x000000008000ff04 (0xfe043783) ld      a5, -32(s0)
core   0: 3 0x000000008000ff04 (0xfe043783) x15 0x0000000080012072 mem 0x0000000080031f50
core   0: 0x000000008000ff08 (0x00178713) addi    a4, a5, 1
core   0: 3 0x000000008000ff08 (0x00178713) x14 0x0000000080012073
core   0: 0x000000008000ff0c (0xfee43023) sd      a4, -32(s0)
core   0: 3 0x000000008000ff0c (0xfee43023) mem 0x0000000080031f50 0x0000000080012073
core   0: 0x000000008000ff10 (0xfc442703) lw      a4, -60(s0)
core   0: 3 0x000000008000ff10 (0xfc442703) x14 0x0000000000000000 mem 0x0000000080031f34
core   0: 0x000000008000ff14 (0x0ff77713) andi    a4, a4, 255
core   0: 3 0x000000008000ff14 (0x0ff77713) x14 0x0000000000000000
core   0: 0x000000008000ff18 (0x00e78023) sb      a4, 0(a5)
core   0: 3 0x000000008000ff18 (0x00e78023) mem 0x0000000080012072 0x00
core   0: 0x000000008000ff1c (0xfc843703) ld      a4, -56(s0)
core   0: 3 0x000000008000ff1c (0xfc843703) x14 0x0000000080012040 mem 0x0000000080031f38
core   0: 0x000000008000ff20 (0xfb843783) ld      a5, -72(s0)
core   0: 3 0x000000008000ff20 (0xfb843783) x15 0x000000000000009c mem 0x0000000080031f28
core   0: 0x000000008000ff24 (0x000097ba) c.add   a5, a4
core   0: 3 0x000000008000ff24 (0x97ba) x15 0x00000000800120dc
core   0: 0x000000008000ff26 (0xfe043703) ld      a4, -32(s0)
core   0: 3 0x000000008000ff26 (0xfe043703) x14 0x0000000080012073 mem 0x0000000080031f50
core   0: 0x000000008000ff2a (0xfcf76de3) bltu    a4, a5, pc - 38
core   0: 3 0x000000008000ff2a (0xfcf76de3)
core   0: 0x000000008000ff04 (0xfe043783) ld      a5, -32(s0)
core   0: 3 0x000000008000ff04 (0xfe043783) x15 0x0000000080012073 mem 0x0000000080031f50
core   0: 0x000000008000ff08 (0x00178713) addi    a4, a5, 1
core   0: 3 0x000000008000ff08 (0x00178713) x14 0x0000000080012074
core   0: 0x000000008000ff0c (0xfee43023) sd      a4, -32(s0)
core   0: 3 0x000000008000ff0c (0xfee43023) mem 0x0000000080031f50 0x0000000080012074
core   0: 0x000000008000ff10 (0xfc442703) lw      a4, -60(s0)
core   0: 3 0x000000008000ff10 (0xfc442703) x14 0x0000000000000000 mem 0x0000000080031f34
core   0: 0x000000008000ff14 (0x0ff77713) andi    a4, a4, 255
core   0: 3 0x000000008000ff14 (0x0ff77713) x14 0x0000000000000000
core   0: 0x000000008000ff18 (0x00e78023) sb      a4, 0(a5)
core   0: 3 0x000000008000ff18 (0x00e78023) mem 0x0000000080012073 0x00
core   0: 0x000000008000ff1c (0xfc843703) ld      a4, -56(s0)
core   0: 3 0x000000008000ff1c (0xfc843703) x14 0x0000000080012040 mem 0x0000000080031f38
core   0: 0x000000008000ff20 (0xfb843783) ld      a5, -72(s0)
core   0: 3 0x000000008000ff20 (0xfb843783) x15 0x000000000000009c mem 0x0000000080031f28
core   0: 0x000000008000ff24 (0x000097ba) c.add   a5, a4
core   0: 3 0x000000008000ff24 (0x97ba) x15 0x00000000800120dc
core   0: 0x000000008000ff26 (0xfe043703) ld      a4, -32(s0)
core   0: 3 0x000000008000ff26 (0xfe043703) x14 0x0000000080012074 mem 0x0000000080031f50
core   0: 0x000000008000ff2a (0xfcf76de3) bltu    a4, a5, pc - 38
core   0: 3 0x000000008000ff2a (0xfcf76de3)
core   0: 0x000000008000ff04 (0xfe043783) ld      a5, -32(s0)
core   0: 3 0x000000008000ff04 (0xfe043783) x15 0x0000000080012074 mem 0x0000000080031f50
core   0: 0x000000008000ff08 (0x00178713) addi    a4, a5, 1
core   0: 3 0x000000008000ff08 (0x00178713) x14 0x0000000080012075
core   0: 0x000000008000ff0c (0xfee43023) sd      a4, -32(s0)
core   0: 3 0x000000008000ff0c (0xfee43023) mem 0x0000000080031f50 0x0000000080012075
core   0: 0x000000008000ff10 (0xfc442703) lw      a4, -60(s0)
core   0: 3 0x000000008000ff10 (0xfc442703) x14 0x0000000000000000 mem 0x0000000080031f34
core   0: 0x000000008000ff14 (0x0ff77713) andi    a4, a4, 255
core   0: 3 0x000000008000ff14 (0x0ff77713) x14 0x0000000000000000
core   0: 0x000000008000ff18 (0x00e78023) sb      a4, 0(a5)
core   0: 3 0x000000008000ff18 (0x00e78023) mem 0x0000000080012074 0x00
core   0: 0x000000008000ff1c (0xfc843703) ld      a4, -56(s0)
core   0: 3 0x000000008000ff1c (0xfc843703) x14 0x0000000080012040 mem 0x0000000080031f38
core   0: 0x000000008000ff20 (0xfb843783) ld      a5, -72(s0)
core   0: 3 0x000000008000ff20 (0xfb843783) x15 0x000000000000009c mem 0x0000000080031f28
core   0: 0x000000008000ff24 (0x000097ba) c.add   a5, a4
core   0: 3 0x000000008000ff24 (0x97ba) x15 0x00000000800120dc
core   0: 0x000000008000ff26 (0xfe043703) ld      a4, -32(s0)
core   0: 3 0x000000008000ff26 (0xfe043703) x14 0x0000000080012075 mem 0x0000000080031f50
core   0: 0x000000008000ff2a (0xfcf76de3) bltu    a4, a5, pc - 38
core   0: 3 0x000000008000ff2a (0xfcf76de3)
core   0: 0x000000008000ff04 (0xfe043783) ld      a5, -32(s0)
core   0: 3 0x000000008000ff04 (0xfe043783) x15 0x0000000080012075 mem 0x0000000080031f50
core   0: 0x000000008000ff08 (0x00178713) addi    a4, a5, 1
core   0: 3 0x000000008000ff08 (0x00178713) x14 0x0000000080012076
core   0: 0x000000008000ff0c (0xfee43023) sd      a4, -32(s0)
core   0: 3 0x000000008000ff0c (0xfee43023) mem 0x0000000080031f50 0x0000000080012076
core   0: 0x000000008000ff10 (0xfc442703) lw      a4, -60(s0)
core   0: 3 0x000000008000ff10 (0xfc442703) x14 0x0000000000000000 mem 0x0000000080031f34
core   0: 0x000000008000ff14 (0x0ff77713) andi    a4, a4, 255
core   0: 3 0x000000008000ff14 (0x0ff77713) x14 0x0000000000000000
core   0: 0x000000008000ff18 (0x00e78023) sb      a4, 0(a5)
core   0: 3 0x000000008000ff18 (0x00e78023) mem 0x0000000080012075 0x00
core   0: 0x000000008000ff1c (0xfc843703) ld      a4, -56(s0)
core   0: 3 0x000000008000ff1c (0xfc843703) x14 0x0000000080012040 mem 0x0000000080031f38
core   0: 0x000000008000ff20 (0xfb843783) ld      a5, -72(s0)
core   0: 3 0x000000008000ff20 (0xfb843783) x15 0x000000000000009c mem 0x0000000080031f28
core   0: 0x000000008000ff24 (0x000097ba) c.add   a5, a4
core   0: 3 0x000000008000ff24 (0x97ba) x15 0x00000000800120dc
core   0: 0x000000008000ff26 (0xfe043703) ld      a4, -32(s0)
core   0: 3 0x000000008000ff26 (0xfe043703) x14 0x0000000080012076 mem 0x0000000080031f50
core   0: 0x000000008000ff2a (0xfcf76de3) bltu    a4, a5, pc - 38
core   0: 3 0x000000008000ff2a (0xfcf76de3)
core   0: 0x000000008000ff04 (0xfe043783) ld      a5, -32(s0)
core   0: 3 0x000000008000ff04 (0xfe043783) x15 0x0000000080012076 mem 0x0000000080031f50
core   0: 0x000000008000ff08 (0x00178713) addi    a4, a5, 1
core   0: 3 0x000000008000ff08 (0x00178713) x14 0x0000000080012077
core   0: 0x000000008000ff0c (0xfee43023) sd      a4, -32(s0)
core   0: 3 0x000000008000ff0c (0xfee43023) mem 0x0000000080031f50 0x0000000080012077
core   0: 0x000000008000ff10 (0xfc442703) lw      a4, -60(s0)
core   0: 3 0x000000008000ff10 (0xfc442703) x14 0x0000000000000000 mem 0x0000000080031f34
core   0: 0x000000008000ff14 (0x0ff77713) andi    a4, a4, 255
core   0: 3 0x000000008000ff14 (0x0ff77713) x14 0x0000000000000000
core   0: 0x000000008000ff18 (0x00e78023) sb      a4, 0(a5)
core   0: 3 0x000000008000ff18 (0x00e78023) mem 0x0000000080012076 0x00
core   0: 0x000000008000ff1c (0xfc843703) ld      a4, -56(s0)
core   0: 3 0x000000008000ff1c (0xfc843703) x14 0x0000000080012040 mem 0x0000000080031f38
core   0: 0x000000008000ff20 (0xfb843783) ld      a5, -72(s0)
core   0: 3 0x000000008000ff20 (0xfb843783) x15 0x000000000000009c mem 0x0000000080031f28
core   0: 0x000000008000ff24 (0x000097ba) c.add   a5, a4
core   0: 3 0x000000008000ff24 (0x97ba) x15 0x00000000800120dc
core   0: 0x000000008000ff26 (0xfe043703) ld      a4, -32(s0)
core   0: 3 0x000000008000ff26 (0xfe043703) x14 0x0000000080012077 mem 0x0000000080031f50
core   0: 0x000000008000ff2a (0xfcf76de3) bltu    a4, a5, pc - 38
core   0: 3 0x000000008000ff2a (0xfcf76de3)
core   0: 0x000000008000ff04 (0xfe043783) ld      a5, -32(s0)
core   0: 3 0x000000008000ff04 (0xfe043783) x15 0x0000000080012077 mem 0x0000000080031f50
core   0: 0x000000008000ff08 (0x00178713) addi    a4, a5, 1
core   0: 3 0x000000008000ff08 (0x00178713) x14 0x0000000080012078
core   0: 0x000000008000ff0c (0xfee43023) sd      a4, -32(s0)
core   0: 3 0x000000008000ff0c (0xfee43023) mem 0x0000000080031f50 0x0000000080012078
core   0: 0x000000008000ff10 (0xfc442703) lw      a4, -60(s0)
core   0: 3 0x000000008000ff10 (0xfc442703) x14 0x0000000000000000 mem 0x0000000080031f34
core   0: 0x000000008000ff14 (0x0ff77713) andi    a4, a4, 255
core   0: 3 0x000000008000ff14 (0x0ff77713) x14 0x0000000000000000
core   0: 0x000000008000ff18 (0x00e78023) sb      a4, 0(a5)
core   0: 3 0x000000008000ff18 (0x00e78023) mem 0x0000000080012077 0x00
core   0: 0x000000008000ff1c (0xfc843703) ld      a4, -56(s0)
core   0: 3 0x000000008000ff1c (0xfc843703) x14 0x0000000080012040 mem 0x0000000080031f38
core   0: 0x000000008000ff20 (0xfb843783) ld      a5, -72(s0)
core   0: 3 0x000000008000ff20 (0xfb843783) x15 0x000000000000009c mem 0x0000000080031f28
core   0: 0x000000008000ff24 (0x000097ba) c.add   a5, a4
core   0: 3 0x000000008000ff24 (0x97ba) x15 0x00000000800120dc
core   0: 0x000000008000ff26 (0xfe043703) ld      a4, -32(s0)
core   0: 3 0x000000008000ff26 (0xfe043703) x14 0x0000000080012078 mem 0x0000000080031f50
core   0: 0x000000008000ff2a (0xfcf76de3) bltu    a4, a5, pc - 38
core   0: 3 0x000000008000ff2a (0xfcf76de3)
core   0: 0x000000008000ff04 (0xfe043783) ld      a5, -32(s0)
core   0: 3 0x000000008000ff04 (0xfe043783) x15 0x0000000080012078 mem 0x0000000080031f50
core   0: 0x000000008000ff08 (0x00178713) addi    a4, a5, 1
core   0: 3 0x000000008000ff08 (0x00178713) x14 0x0000000080012079
core   0: 0x000000008000ff0c (0xfee43023) sd      a4, -32(s0)
core   0: 3 0x000000008000ff0c (0xfee43023) mem 0x0000000080031f50 0x0000000080012079
core   0: 0x000000008000ff10 (0xfc442703) lw      a4, -60(s0)
core   0: 3 0x000000008000ff10 (0xfc442703) x14 0x0000000000000000 mem 0x0000000080031f34
core   0: 0x000000008000ff14 (0x0ff77713) andi    a4, a4, 255
core   0: 3 0x000000008000ff14 (0x0ff77713) x14 0x0000000000000000
core   0: 0x000000008000ff18 (0x00e78023) sb      a4, 0(a5)
core   0: 3 0x000000008000ff18 (0x00e78023) mem 0x0000000080012078 0x00
core   0: 0x000000008000ff1c (0xfc843703) ld      a4, -56(s0)
core   0: 3 0x000000008000ff1c (0xfc843703) x14 0x0000000080012040 mem 0x0000000080031f38
core   0: 0x000000008000ff20 (0xfb843783) ld      a5, -72(s0)
core   0: 3 0x000000008000ff20 (0xfb843783) x15 0x000000000000009c mem 0x0000000080031f28
core   0: 0x000000008000ff24 (0x000097ba) c.add   a5, a4
core   0: 3 0x000000008000ff24 (0x97ba) x15 0x00000000800120dc
core   0: 0x000000008000ff26 (0xfe043703) ld      a4, -32(s0)
core   0: 3 0x000000008000ff26 (0xfe043703) x14 0x0000000080012079 mem 0x0000000080031f50
core   0: 0x000000008000ff2a (0xfcf76de3) bltu    a4, a5, pc - 38
core   0: 3 0x000000008000ff2a (0xfcf76de3)
core   0: 0x000000008000ff04 (0xfe043783) ld      a5, -32(s0)
core   0: 3 0x000000008000ff04 (0xfe043783) x15 0x0000000080012079 mem 0x0000000080031f50
core   0: 0x000000008000ff08 (0x00178713) addi    a4, a5, 1
core   0: 3 0x000000008000ff08 (0x00178713) x14 0x000000008001207a
core   0: 0x000000008000ff0c (0xfee43023) sd      a4, -32(s0)
core   0: 3 0x000000008000ff0c (0xfee43023) mem 0x0000000080031f50 0x000000008001207a
core   0: 0x000000008000ff10 (0xfc442703) lw      a4, -60(s0)
core   0: 3 0x000000008000ff10 (0xfc442703) x14 0x0000000000000000 mem 0x0000000080031f34
core   0: 0x000000008000ff14 (0x0ff77713) andi    a4, a4, 255
core   0: 3 0x000000008000ff14 (0x0ff77713) x14 0x0000000000000000
core   0: 0x000000008000ff18 (0x00e78023) sb      a4, 0(a5)
core   0: 3 0x000000008000ff18 (0x00e78023) mem 0x0000000080012079 0x00
core   0: 0x000000008000ff1c (0xfc843703) ld      a4, -56(s0)
core   0: 3 0x000000008000ff1c (0xfc843703) x14 0x0000000080012040 mem 0x0000000080031f38
core   0: 0x000000008000ff20 (0xfb843783) ld      a5, -72(s0)
core   0: 3 0x000000008000ff20 (0xfb843783) x15 0x000000000000009c mem 0x0000000080031f28
core   0: 0x000000008000ff24 (0x000097ba) c.add   a5, a4
core   0: 3 0x000000008000ff24 (0x97ba) x15 0x00000000800120dc
core   0: 0x000000008000ff26 (0xfe043703) ld      a4, -32(s0)
core   0: 3 0x000000008000ff26 (0xfe043703) x14 0x000000008001207a mem 0x0000000080031f50
core   0: 0x000000008000ff2a (0xfcf76de3) bltu    a4, a5, pc - 38
core   0: 3 0x000000008000ff2a (0xfcf76de3)
core   0: 0x000000008000ff04 (0xfe043783) ld      a5, -32(s0)
core   0: 3 0x000000008000ff04 (0xfe043783) x15 0x000000008001207a mem 0x0000000080031f50
core   0: 0x000000008000ff08 (0x00178713) addi    a4, a5, 1
core   0: 3 0x000000008000ff08 (0x00178713) x14 0x000000008001207b
core   0: 0x000000008000ff0c (0xfee43023) sd      a4, -32(s0)
core   0: 3 0x000000008000ff0c (0xfee43023) mem 0x0000000080031f50 0x000000008001207b
core   0: 0x000000008000ff10 (0xfc442703) lw      a4, -60(s0)
core   0: 3 0x000000008000ff10 (0xfc442703) x14 0x0000000000000000 mem 0x0000000080031f34
core   0: 0x000000008000ff14 (0x0ff77713) andi    a4, a4, 255
core   0: 3 0x000000008000ff14 (0x0ff77713) x14 0x0000000000000000
core   0: 0x000000008000ff18 (0x00e78023) sb      a4, 0(a5)
core   0: 3 0x000000008000ff18 (0x00e78023) mem 0x000000008001207a 0x00
core   0: 0x000000008000ff1c (0xfc843703) ld      a4, -56(s0)
core   0: 3 0x000000008000ff1c (0xfc843703) x14 0x0000000080012040 mem 0x0000000080031f38
core   0: 0x000000008000ff20 (0xfb843783) ld      a5, -72(s0)
core   0: 3 0x000000008000ff20 (0xfb843783) x15 0x000000000000009c mem 0x0000000080031f28
core   0: 0x000000008000ff24 (0x000097ba) c.add   a5, a4
core   0: 3 0x000000008000ff24 (0x97ba) x15 0x00000000800120dc
core   0: 0x000000008000ff26 (0xfe043703) ld      a4, -32(s0)
core   0: 3 0x000000008000ff26 (0xfe043703) x14 0x000000008001207b mem 0x0000000080031f50
core   0: 0x000000008000ff2a (0xfcf76de3) bltu    a4, a5, pc - 38
core   0: 3 0x000000008000ff2a (0xfcf76de3)
core   0: 0x000000008000ff04 (0xfe043783) ld      a5, -32(s0)
core   0: 3 0x000000008000ff04 (0xfe043783) x15 0x000000008001207b mem 0x0000000080031f50
core   0: 0x000000008000ff08 (0x00178713) addi    a4, a5, 1
core   0: 3 0x000000008000ff08 (0x00178713) x14 0x000000008001207c
core   0: 0x000000008000ff0c (0xfee43023) sd      a4, -32(s0)
core   0: 3 0x000000008000ff0c (0xfee43023) mem 0x0000000080031f50 0x000000008001207c
core   0: 0x000000008000ff10 (0xfc442703) lw      a4, -60(s0)
core   0: 3 0x000000008000ff10 (0xfc442703) x14 0x0000000000000000 mem 0x0000000080031f34
core   0: 0x000000008000ff14 (0x0ff77713) andi    a4, a4, 255
core   0: 3 0x000000008000ff14 (0x0ff77713) x14 0x0000000000000000
core   0: 0x000000008000ff18 (0x00e78023) sb      a4, 0(a5)
core   0: 3 0x000000008000ff18 (0x00e78023) mem 0x000000008001207b 0x00
core   0: 0x000000008000ff1c (0xfc843703) ld      a4, -56(s0)
core   0: 3 0x000000008000ff1c (0xfc843703) x14 0x0000000080012040 mem 0x0000000080031f38
core   0: 0x000000008000ff20 (0xfb843783) ld      a5, -72(s0)
core   0: 3 0x000000008000ff20 (0xfb843783) x15 0x000000000000009c mem 0x0000000080031f28
core   0: 0x000000008000ff24 (0x000097ba) c.add   a5, a4
core   0: 3 0x000000008000ff24 (0x97ba) x15 0x00000000800120dc
core   0: 0x000000008000ff26 (0xfe043703) ld      a4, -32(s0)
core   0: 3 0x000000008000ff26 (0xfe043703) x14 0x000000008001207c mem 0x0000000080031f50
core   0: 0x000000008000ff2a (0xfcf76de3) bltu    a4, a5, pc - 38
core   0: 3 0x000000008000ff2a (0xfcf76de3)
core   0: 0x000000008000ff04 (0xfe043783) ld      a5, -32(s0)
core   0: 3 0x000000008000ff04 (0xfe043783) x15 0x000000008001207c mem 0x0000000080031f50
core   0: 0x000000008000ff08 (0x00178713) addi    a4, a5, 1
core   0: 3 0x000000008000ff08 (0x00178713) x14 0x000000008001207d
core   0: 0x000000008000ff0c (0xfee43023) sd      a4, -32(s0)
core   0: 3 0x000000008000ff0c (0xfee43023) mem 0x0000000080031f50 0x000000008001207d
core   0: 0x000000008000ff10 (0xfc442703) lw      a4, -60(s0)
core   0: 3 0x000000008000ff10 (0xfc442703) x14 0x0000000000000000 mem 0x0000000080031f34
core   0: 0x000000008000ff14 (0x0ff77713) andi    a4, a4, 255
core   0: 3 0x000000008000ff14 (0x0ff77713) x14 0x0000000000000000
core   0: 0x000000008000ff18 (0x00e78023) sb      a4, 0(a5)
core   0: 3 0x000000008000ff18 (0x00e78023) mem 0x000000008001207c 0x00
core   0: 0x000000008000ff1c (0xfc843703) ld      a4, -56(s0)
core   0: 3 0x000000008000ff1c (0xfc843703) x14 0x0000000080012040 mem 0x0000000080031f38
core   0: 0x000000008000ff20 (0xfb843783) ld      a5, -72(s0)
core   0: 3 0x000000008000ff20 (0xfb843783) x15 0x000000000000009c mem 0x0000000080031f28
core   0: 0x000000008000ff24 (0x000097ba) c.add   a5, a4
core   0: 3 0x000000008000ff24 (0x97ba) x15 0x00000000800120dc
core   0: 0x000000008000ff26 (0xfe043703) ld      a4, -32(s0)
core   0: 3 0x000000008000ff26 (0xfe043703) x14 0x000000008001207d mem 0x0000000080031f50
core   0: 0x000000008000ff2a (0xfcf76de3) bltu    a4, a5, pc - 38
core   0: 3 0x000000008000ff2a (0xfcf76de3)
core   0: 0x000000008000ff04 (0xfe043783) ld      a5, -32(s0)
core   0: 3 0x000000008000ff04 (0xfe043783) x15 0x000000008001207d mem 0x0000000080031f50
core   0: 0x000000008000ff08 (0x00178713) addi    a4, a5, 1
core   0: 3 0x000000008000ff08 (0x00178713) x14 0x000000008001207e
core   0: 0x000000008000ff0c (0xfee43023) sd      a4, -32(s0)
core   0: 3 0x000000008000ff0c (0xfee43023) mem 0x0000000080031f50 0x000000008001207e
core   0: 0x000000008000ff10 (0xfc442703) lw      a4, -60(s0)
core   0: 3 0x000000008000ff10 (0xfc442703) x14 0x0000000000000000 mem 0x0000000080031f34
core   0: 0x000000008000ff14 (0x0ff77713) andi    a4, a4, 255
core   0: 3 0x000000008000ff14 (0x0ff77713) x14 0x0000000000000000
core   0: 0x000000008000ff18 (0x00e78023) sb      a4, 0(a5)
core   0: 3 0x000000008000ff18 (0x00e78023) mem 0x000000008001207d 0x00
core   0: 0x000000008000ff1c (0xfc843703) ld      a4, -56(s0)
core   0: 3 0x000000008000ff1c (0xfc843703) x14 0x0000000080012040 mem 0x0000000080031f38
core   0: 0x000000008000ff20 (0xfb843783) ld      a5, -72(s0)
core   0: 3 0x000000008000ff20 (0xfb843783) x15 0x000000000000009c mem 0x0000000080031f28
core   0: 0x000000008000ff24 (0x000097ba) c.add   a5, a4
core   0: 3 0x000000008000ff24 (0x97ba) x15 0x00000000800120dc
core   0: 0x000000008000ff26 (0xfe043703) ld      a4, -32(s0)
core   0: 3 0x000000008000ff26 (0xfe043703) x14 0x000000008001207e mem 0x0000000080031f50
core   0: 0x000000008000ff2a (0xfcf76de3) bltu    a4, a5, pc - 38
core   0: 3 0x000000008000ff2a (0xfcf76de3)
core   0: 0x000000008000ff04 (0xfe043783) ld      a5, -32(s0)
core   0: 3 0x000000008000ff04 (0xfe043783) x15 0x000000008001207e mem 0x0000000080031f50
core   0: 0x000000008000ff08 (0x00178713) addi    a4, a5, 1
core   0: 3 0x000000008000ff08 (0x00178713) x14 0x000000008001207f
core   0: 0x000000008000ff0c (0xfee43023) sd      a4, -32(s0)
core   0: 3 0x000000008000ff0c (0xfee43023) mem 0x0000000080031f50 0x000000008001207f
core   0: 0x000000008000ff10 (0xfc442703) lw      a4, -60(s0)
core   0: 3 0x000000008000ff10 (0xfc442703) x14 0x0000000000000000 mem 0x0000000080031f34
core   0: 0x000000008000ff14 (0x0ff77713) andi    a4, a4, 255
core   0: 3 0x000000008000ff14 (0x0ff77713) x14 0x0000000000000000
core   0: 0x000000008000ff18 (0x00e78023) sb      a4, 0(a5)
core   0: 3 0x000000008000ff18 (0x00e78023) mem 0x000000008001207e 0x00
core   0: 0x000000008000ff1c (0xfc843703) ld      a4, -56(s0)
core   0: 3 0x000000008000ff1c (0xfc843703) x14 0x0000000080012040 mem 0x0000000080031f38
core   0: 0x000000008000ff20 (0xfb843783) ld      a5, -72(s0)
core   0: 3 0x000000008000ff20 (0xfb843783) x15 0x000000000000009c mem 0x0000000080031f28
core   0: 0x000000008000ff24 (0x000097ba) c.add   a5, a4
core   0: 3 0x000000008000ff24 (0x97ba) x15 0x00000000800120dc
core   0: 0x000000008000ff26 (0xfe043703) ld      a4, -32(s0)
core   0: 3 0x000000008000ff26 (0xfe043703) x14 0x000000008001207f mem 0x0000000080031f50
core   0: 0x000000008000ff2a (0xfcf76de3) bltu    a4, a5, pc - 38
core   0: 3 0x000000008000ff2a (0xfcf76de3)
core   0: 0x000000008000ff04 (0xfe043783) ld      a5, -32(s0)
core   0: 3 0x000000008000ff04 (0xfe043783) x15 0x000000008001207f mem 0x0000000080031f50
core   0: 0x000000008000ff08 (0x00178713) addi    a4, a5, 1
core   0: 3 0x000000008000ff08 (0x00178713) x14 0x0000000080012080
core   0: 0x000000008000ff0c (0xfee43023) sd      a4, -32(s0)
core   0: 3 0x000000008000ff0c (0xfee43023) mem 0x0000000080031f50 0x0000000080012080
core   0: 0x000000008000ff10 (0xfc442703) lw      a4, -60(s0)
core   0: 3 0x000000008000ff10 (0xfc442703) x14 0x0000000000000000 mem 0x0000000080031f34
core   0: 0x000000008000ff14 (0x0ff77713) andi    a4, a4, 255
core   0: 3 0x000000008000ff14 (0x0ff77713) x14 0x0000000000000000
core   0: 0x000000008000ff18 (0x00e78023) sb      a4, 0(a5)
core   0: 3 0x000000008000ff18 (0x00e78023) mem 0x000000008001207f 0x00
core   0: 0x000000008000ff1c (0xfc843703) ld      a4, -56(s0)
core   0: 3 0x000000008000ff1c (0xfc843703) x14 0x0000000080012040 mem 0x0000000080031f38
core   0: 0x000000008000ff20 (0xfb843783) ld      a5, -72(s0)
core   0: 3 0x000000008000ff20 (0xfb843783) x15 0x000000000000009c mem 0x0000000080031f28
core   0: 0x000000008000ff24 (0x000097ba) c.add   a5, a4
core   0: 3 0x000000008000ff24 (0x97ba) x15 0x00000000800120dc
core   0: 0x000000008000ff26 (0xfe043703) ld      a4, -32(s0)
core   0: 3 0x000000008000ff26 (0xfe043703) x14 0x0000000080012080 mem 0x0000000080031f50
core   0: 0x000000008000ff2a (0xfcf76de3) bltu    a4, a5, pc - 38
core   0: 3 0x000000008000ff2a (0xfcf76de3)
core   0: 0x000000008000ff04 (0xfe043783) ld      a5, -32(s0)
core   0: 3 0x000000008000ff04 (0xfe043783) x15 0x0000000080012080 mem 0x0000000080031f50
core   0: 0x000000008000ff08 (0x00178713) addi    a4, a5, 1
core   0: 3 0x000000008000ff08 (0x00178713) x14 0x0000000080012081
core   0: 0x000000008000ff0c (0xfee43023) sd      a4, -32(s0)
core   0: 3 0x000000008000ff0c (0xfee43023) mem 0x0000000080031f50 0x0000000080012081
core   0: 0x000000008000ff10 (0xfc442703) lw      a4, -60(s0)
core   0: 3 0x000000008000ff10 (0xfc442703) x14 0x0000000000000000 mem 0x0000000080031f34
core   0: 0x000000008000ff14 (0x0ff77713) andi    a4, a4, 255
core   0: 3 0x000000008000ff14 (0x0ff77713) x14 0x0000000000000000
core   0: 0x000000008000ff18 (0x00e78023) sb      a4, 0(a5)
core   0: 3 0x000000008000ff18 (0x00e78023) mem 0x0000000080012080 0x00
core   0: 0x000000008000ff1c (0xfc843703) ld      a4, -56(s0)
core   0: 3 0x000000008000ff1c (0xfc843703) x14 0x0000000080012040 mem 0x0000000080031f38
core   0: 0x000000008000ff20 (0xfb843783) ld      a5, -72(s0)
core   0: 3 0x000000008000ff20 (0xfb843783) x15 0x000000000000009c mem 0x0000000080031f28
core   0: 0x000000008000ff24 (0x000097ba) c.add   a5, a4
core   0: 3 0x000000008000ff24 (0x97ba) x15 0x00000000800120dc
core   0: 0x000000008000ff26 (0xfe043703) ld      a4, -32(s0)
core   0: 3 0x000000008000ff26 (0xfe043703) x14 0x0000000080012081 mem 0x0000000080031f50
core   0: 0x000000008000ff2a (0xfcf76de3) bltu    a4, a5, pc - 38
core   0: 3 0x000000008000ff2a (0xfcf76de3)
core   0: 0x000000008000ff04 (0xfe043783) ld      a5, -32(s0)
core   0: 3 0x000000008000ff04 (0xfe043783) x15 0x0000000080012081 mem 0x0000000080031f50
core   0: 0x000000008000ff08 (0x00178713) addi    a4, a5, 1
core   0: 3 0x000000008000ff08 (0x00178713) x14 0x0000000080012082
core   0: 0x000000008000ff0c (0xfee43023) sd      a4, -32(s0)
core   0: 3 0x000000008000ff0c (0xfee43023) mem 0x0000000080031f50 0x0000000080012082
core   0: 0x000000008000ff10 (0xfc442703) lw      a4, -60(s0)
core   0: 3 0x000000008000ff10 (0xfc442703) x14 0x0000000000000000 mem 0x0000000080031f34
core   0: 0x000000008000ff14 (0x0ff77713) andi    a4, a4, 255
core   0: 3 0x000000008000ff14 (0x0ff77713) x14 0x0000000000000000
core   0: 0x000000008000ff18 (0x00e78023) sb      a4, 0(a5)
core   0: 3 0x000000008000ff18 (0x00e78023) mem 0x0000000080012081 0x00
core   0: 0x000000008000ff1c (0xfc843703) ld      a4, -56(s0)
core   0: 3 0x000000008000ff1c (0xfc843703) x14 0x0000000080012040 mem 0x0000000080031f38
core   0: 0x000000008000ff20 (0xfb843783) ld      a5, -72(s0)
core   0: 3 0x000000008000ff20 (0xfb843783) x15 0x000000000000009c mem 0x0000000080031f28
core   0: 0x000000008000ff24 (0x000097ba) c.add   a5, a4
core   0: 3 0x000000008000ff24 (0x97ba) x15 0x00000000800120dc
core   0: 0x000000008000ff26 (0xfe043703) ld      a4, -32(s0)
core   0: 3 0x000000008000ff26 (0xfe043703) x14 0x0000000080012082 mem 0x0000000080031f50
core   0: 0x000000008000ff2a (0xfcf76de3) bltu    a4, a5, pc - 38
core   0: 3 0x000000008000ff2a (0xfcf76de3)
core   0: 0x000000008000ff04 (0xfe043783) ld      a5, -32(s0)
core   0: 3 0x000000008000ff04 (0xfe043783) x15 0x0000000080012082 mem 0x0000000080031f50
core   0: 0x000000008000ff08 (0x00178713) addi    a4, a5, 1
core   0: 3 0x000000008000ff08 (0x00178713) x14 0x0000000080012083
core   0: 0x000000008000ff0c (0xfee43023) sd      a4, -32(s0)
core   0: 3 0x000000008000ff0c (0xfee43023) mem 0x0000000080031f50 0x0000000080012083
core   0: 0x000000008000ff10 (0xfc442703) lw      a4, -60(s0)
core   0: 3 0x000000008000ff10 (0xfc442703) x14 0x0000000000000000 mem 0x0000000080031f34
core   0: 0x000000008000ff14 (0x0ff77713) andi    a4, a4, 255
core   0: 3 0x000000008000ff14 (0x0ff77713) x14 0x0000000000000000
core   0: 0x000000008000ff18 (0x00e78023) sb      a4, 0(a5)
core   0: 3 0x000000008000ff18 (0x00e78023) mem 0x0000000080012082 0x00
core   0: 0x000000008000ff1c (0xfc843703) ld      a4, -56(s0)
core   0: 3 0x000000008000ff1c (0xfc843703) x14 0x0000000080012040 mem 0x0000000080031f38
core   0: 0x000000008000ff20 (0xfb843783) ld      a5, -72(s0)
core   0: 3 0x000000008000ff20 (0xfb843783) x15 0x000000000000009c mem 0x0000000080031f28
core   0: 0x000000008000ff24 (0x000097ba) c.add   a5, a4
core   0: 3 0x000000008000ff24 (0x97ba) x15 0x00000000800120dc
core   0: 0x000000008000ff26 (0xfe043703) ld      a4, -32(s0)
core   0: 3 0x000000008000ff26 (0xfe043703) x14 0x0000000080012083 mem 0x0000000080031f50
core   0: 0x000000008000ff2a (0xfcf76de3) bltu    a4, a5, pc - 38
core   0: 3 0x000000008000ff2a (0xfcf76de3)
core   0: 0x000000008000ff04 (0xfe043783) ld      a5, -32(s0)
core   0: 3 0x000000008000ff04 (0xfe043783) x15 0x0000000080012083 mem 0x0000000080031f50
core   0: 0x000000008000ff08 (0x00178713) addi    a4, a5, 1
core   0: 3 0x000000008000ff08 (0x00178713) x14 0x0000000080012084
core   0: 0x000000008000ff0c (0xfee43023) sd      a4, -32(s0)
core   0: 3 0x000000008000ff0c (0xfee43023) mem 0x0000000080031f50 0x0000000080012084
core   0: 0x000000008000ff10 (0xfc442703) lw      a4, -60(s0)
core   0: 3 0x000000008000ff10 (0xfc442703) x14 0x0000000000000000 mem 0x0000000080031f34
core   0: 0x000000008000ff14 (0x0ff77713) andi    a4, a4, 255
core   0: 3 0x000000008000ff14 (0x0ff77713) x14 0x0000000000000000
core   0: 0x000000008000ff18 (0x00e78023) sb      a4, 0(a5)
core   0: 3 0x000000008000ff18 (0x00e78023) mem 0x0000000080012083 0x00
core   0: 0x000000008000ff1c (0xfc843703) ld      a4, -56(s0)
core   0: 3 0x000000008000ff1c (0xfc843703) x14 0x0000000080012040 mem 0x0000000080031f38
core   0: 0x000000008000ff20 (0xfb843783) ld      a5, -72(s0)
core   0: 3 0x000000008000ff20 (0xfb843783) x15 0x000000000000009c mem 0x0000000080031f28
core   0: 0x000000008000ff24 (0x000097ba) c.add   a5, a4
core   0: 3 0x000000008000ff24 (0x97ba) x15 0x00000000800120dc
core   0: 0x000000008000ff26 (0xfe043703) ld      a4, -32(s0)
core   0: 3 0x000000008000ff26 (0xfe043703) x14 0x0000000080012084 mem 0x0000000080031f50
core   0: 0x000000008000ff2a (0xfcf76de3) bltu    a4, a5, pc - 38
core   0: 3 0x000000008000ff2a (0xfcf76de3)
core   0: 0x000000008000ff04 (0xfe043783) ld      a5, -32(s0)
core   0: 3 0x000000008000ff04 (0xfe043783) x15 0x0000000080012084 mem 0x0000000080031f50
core   0: 0x000000008000ff08 (0x00178713) addi    a4, a5, 1
core   0: 3 0x000000008000ff08 (0x00178713) x14 0x0000000080012085
core   0: 0x000000008000ff0c (0xfee43023) sd      a4, -32(s0)
core   0: 3 0x000000008000ff0c (0xfee43023) mem 0x0000000080031f50 0x0000000080012085
core   0: 0x000000008000ff10 (0xfc442703) lw      a4, -60(s0)
core   0: 3 0x000000008000ff10 (0xfc442703) x14 0x0000000000000000 mem 0x0000000080031f34
core   0: 0x000000008000ff14 (0x0ff77713) andi    a4, a4, 255
core   0: 3 0x000000008000ff14 (0x0ff77713) x14 0x0000000000000000
core   0: 0x000000008000ff18 (0x00e78023) sb      a4, 0(a5)
core   0: 3 0x000000008000ff18 (0x00e78023) mem 0x0000000080012084 0x00
core   0: 0x000000008000ff1c (0xfc843703) ld      a4, -56(s0)
core   0: 3 0x000000008000ff1c (0xfc843703) x14 0x0000000080012040 mem 0x0000000080031f38
core   0: 0x000000008000ff20 (0xfb843783) ld      a5, -72(s0)
core   0: 3 0x000000008000ff20 (0xfb843783) x15 0x000000000000009c mem 0x0000000080031f28
core   0: 0x000000008000ff24 (0x000097ba) c.add   a5, a4
core   0: 3 0x000000008000ff24 (0x97ba) x15 0x00000000800120dc
core   0: 0x000000008000ff26 (0xfe043703) ld      a4, -32(s0)
core   0: 3 0x000000008000ff26 (0xfe043703) x14 0x0000000080012085 mem 0x0000000080031f50
core   0: 0x000000008000ff2a (0xfcf76de3) bltu    a4, a5, pc - 38
core   0: 3 0x000000008000ff2a (0xfcf76de3)
core   0: 0x000000008000ff04 (0xfe043783) ld      a5, -32(s0)
core   0: 3 0x000000008000ff04 (0xfe043783) x15 0x0000000080012085 mem 0x0000000080031f50
core   0: 0x000000008000ff08 (0x00178713) addi    a4, a5, 1
core   0: 3 0x000000008000ff08 (0x00178713) x14 0x0000000080012086
core   0: 0x000000008000ff0c (0xfee43023) sd      a4, -32(s0)
core   0: 3 0x000000008000ff0c (0xfee43023) mem 0x0000000080031f50 0x0000000080012086
core   0: 0x000000008000ff10 (0xfc442703) lw      a4, -60(s0)
core   0: 3 0x000000008000ff10 (0xfc442703) x14 0x0000000000000000 mem 0x0000000080031f34
core   0: 0x000000008000ff14 (0x0ff77713) andi    a4, a4, 255
core   0: 3 0x000000008000ff14 (0x0ff77713) x14 0x0000000000000000
core   0: 0x000000008000ff18 (0x00e78023) sb      a4, 0(a5)
core   0: 3 0x000000008000ff18 (0x00e78023) mem 0x0000000080012085 0x00
core   0: 0x000000008000ff1c (0xfc843703) ld      a4, -56(s0)
core   0: 3 0x000000008000ff1c (0xfc843703) x14 0x0000000080012040 mem 0x0000000080031f38
core   0: 0x000000008000ff20 (0xfb843783) ld      a5, -72(s0)
core   0: 3 0x000000008000ff20 (0xfb843783) x15 0x000000000000009c mem 0x0000000080031f28
core   0: 0x000000008000ff24 (0x000097ba) c.add   a5, a4
core   0: 3 0x000000008000ff24 (0x97ba) x15 0x00000000800120dc
core   0: 0x000000008000ff26 (0xfe043703) ld      a4, -32(s0)
core   0: 3 0x000000008000ff26 (0xfe043703) x14 0x0000000080012086 mem 0x0000000080031f50
core   0: 0x000000008000ff2a (0xfcf76de3) bltu    a4, a5, pc - 38
core   0: 3 0x000000008000ff2a (0xfcf76de3)
core   0: 0x000000008000ff04 (0xfe043783) ld      a5, -32(s0)
core   0: 3 0x000000008000ff04 (0xfe043783) x15 0x0000000080012086 mem 0x0000000080031f50
core   0: 0x000000008000ff08 (0x00178713) addi    a4, a5, 1
core   0: 3 0x000000008000ff08 (0x00178713) x14 0x0000000080012087
core   0: 0x000000008000ff0c (0xfee43023) sd      a4, -32(s0)
core   0: 3 0x000000008000ff0c (0xfee43023) mem 0x0000000080031f50 0x0000000080012087
core   0: 0x000000008000ff10 (0xfc442703) lw      a4, -60(s0)
core   0: 3 0x000000008000ff10 (0xfc442703) x14 0x0000000000000000 mem 0x0000000080031f34
core   0: 0x000000008000ff14 (0x0ff77713) andi    a4, a4, 255
core   0: 3 0x000000008000ff14 (0x0ff77713) x14 0x0000000000000000
core   0: 0x000000008000ff18 (0x00e78023) sb      a4, 0(a5)
core   0: 3 0x000000008000ff18 (0x00e78023) mem 0x0000000080012086 0x00
core   0: 0x000000008000ff1c (0xfc843703) ld      a4, -56(s0)
core   0: 3 0x000000008000ff1c (0xfc843703) x14 0x0000000080012040 mem 0x0000000080031f38
core   0: 0x000000008000ff20 (0xfb843783) ld      a5, -72(s0)
core   0: 3 0x000000008000ff20 (0xfb843783) x15 0x000000000000009c mem 0x0000000080031f28
core   0: 0x000000008000ff24 (0x000097ba) c.add   a5, a4
core   0: 3 0x000000008000ff24 (0x97ba) x15 0x00000000800120dc
core   0: 0x000000008000ff26 (0xfe043703) ld      a4, -32(s0)
core   0: 3 0x000000008000ff26 (0xfe043703) x14 0x0000000080012087 mem 0x0000000080031f50
core   0: 0x000000008000ff2a (0xfcf76de3) bltu    a4, a5, pc - 38
core   0: 3 0x000000008000ff2a (0xfcf76de3)
core   0: 0x000000008000ff04 (0xfe043783) ld      a5, -32(s0)
core   0: 3 0x000000008000ff04 (0xfe043783) x15 0x0000000080012087 mem 0x0000000080031f50
core   0: 0x000000008000ff08 (0x00178713) addi    a4, a5, 1
core   0: 3 0x000000008000ff08 (0x00178713) x14 0x0000000080012088
core   0: 0x000000008000ff0c (0xfee43023) sd      a4, -32(s0)
core   0: 3 0x000000008000ff0c (0xfee43023) mem 0x0000000080031f50 0x0000000080012088
core   0: 0x000000008000ff10 (0xfc442703) lw      a4, -60(s0)
core   0: 3 0x000000008000ff10 (0xfc442703) x14 0x0000000000000000 mem 0x0000000080031f34
core   0: 0x000000008000ff14 (0x0ff77713) andi    a4, a4, 255
core   0: 3 0x000000008000ff14 (0x0ff77713) x14 0x0000000000000000
core   0: 0x000000008000ff18 (0x00e78023) sb      a4, 0(a5)
core   0: 3 0x000000008000ff18 (0x00e78023) mem 0x0000000080012087 0x00
core   0: 0x000000008000ff1c (0xfc843703) ld      a4, -56(s0)
core   0: 3 0x000000008000ff1c (0xfc843703) x14 0x0000000080012040 mem 0x0000000080031f38
core   0: 0x000000008000ff20 (0xfb843783) ld      a5, -72(s0)
core   0: 3 0x000000008000ff20 (0xfb843783) x15 0x000000000000009c mem 0x0000000080031f28
core   0: 0x000000008000ff24 (0x000097ba) c.add   a5, a4
core   0: 3 0x000000008000ff24 (0x97ba) x15 0x00000000800120dc
core   0: 0x000000008000ff26 (0xfe043703) ld      a4, -32(s0)
core   0: 3 0x000000008000ff26 (0xfe043703) x14 0x0000000080012088 mem 0x0000000080031f50
core   0: 0x000000008000ff2a (0xfcf76de3) bltu    a4, a5, pc - 38
core   0: 3 0x000000008000ff2a (0xfcf76de3)
core   0: 0x000000008000ff04 (0xfe043783) ld      a5, -32(s0)
core   0: 3 0x000000008000ff04 (0xfe043783) x15 0x0000000080012088 mem 0x0000000080031f50
core   0: 0x000000008000ff08 (0x00178713) addi    a4, a5, 1
core   0: 3 0x000000008000ff08 (0x00178713) x14 0x0000000080012089
core   0: 0x000000008000ff0c (0xfee43023) sd      a4, -32(s0)
core   0: 3 0x000000008000ff0c (0xfee43023) mem 0x0000000080031f50 0x0000000080012089
core   0: 0x000000008000ff10 (0xfc442703) lw      a4, -60(s0)
core   0: 3 0x000000008000ff10 (0xfc442703) x14 0x0000000000000000 mem 0x0000000080031f34
core   0: 0x000000008000ff14 (0x0ff77713) andi    a4, a4, 255
core   0: 3 0x000000008000ff14 (0x0ff77713) x14 0x0000000000000000
core   0: 0x000000008000ff18 (0x00e78023) sb      a4, 0(a5)
core   0: 3 0x000000008000ff18 (0x00e78023) mem 0x0000000080012088 0x00
core   0: 0x000000008000ff1c (0xfc843703) ld      a4, -56(s0)
core   0: 3 0x000000008000ff1c (0xfc843703) x14 0x0000000080012040 mem 0x0000000080031f38
core   0: 0x000000008000ff20 (0xfb843783) ld      a5, -72(s0)
core   0: 3 0x000000008000ff20 (0xfb843783) x15 0x000000000000009c mem 0x0000000080031f28
core   0: 0x000000008000ff24 (0x000097ba) c.add   a5, a4
core   0: 3 0x000000008000ff24 (0x97ba) x15 0x00000000800120dc
core   0: 0x000000008000ff26 (0xfe043703) ld      a4, -32(s0)
core   0: 3 0x000000008000ff26 (0xfe043703) x14 0x0000000080012089 mem 0x0000000080031f50
core   0: 0x000000008000ff2a (0xfcf76de3) bltu    a4, a5, pc - 38
core   0: 3 0x000000008000ff2a (0xfcf76de3)
core   0: 0x000000008000ff04 (0xfe043783) ld      a5, -32(s0)
core   0: 3 0x000000008000ff04 (0xfe043783) x15 0x0000000080012089 mem 0x0000000080031f50
core   0: 0x000000008000ff08 (0x00178713) addi    a4, a5, 1
core   0: 3 0x000000008000ff08 (0x00178713) x14 0x000000008001208a
core   0: 0x000000008000ff0c (0xfee43023) sd      a4, -32(s0)
core   0: 3 0x000000008000ff0c (0xfee43023) mem 0x0000000080031f50 0x000000008001208a
core   0: 0x000000008000ff10 (0xfc442703) lw      a4, -60(s0)
core   0: 3 0x000000008000ff10 (0xfc442703) x14 0x0000000000000000 mem 0x0000000080031f34
core   0: 0x000000008000ff14 (0x0ff77713) andi    a4, a4, 255
core   0: 3 0x000000008000ff14 (0x0ff77713) x14 0x0000000000000000
core   0: 0x000000008000ff18 (0x00e78023) sb      a4, 0(a5)
core   0: 3 0x000000008000ff18 (0x00e78023) mem 0x0000000080012089 0x00
core   0: 0x000000008000ff1c (0xfc843703) ld      a4, -56(s0)
core   0: 3 0x000000008000ff1c (0xfc843703) x14 0x0000000080012040 mem 0x0000000080031f38
core   0: 0x000000008000ff20 (0xfb843783) ld      a5, -72(s0)
core   0: 3 0x000000008000ff20 (0xfb843783) x15 0x000000000000009c mem 0x0000000080031f28
core   0: 0x000000008000ff24 (0x000097ba) c.add   a5, a4
core   0: 3 0x000000008000ff24 (0x97ba) x15 0x00000000800120dc
core   0: 0x000000008000ff26 (0xfe043703) ld      a4, -32(s0)
core   0: 3 0x000000008000ff26 (0xfe043703) x14 0x000000008001208a mem 0x0000000080031f50
core   0: 0x000000008000ff2a (0xfcf76de3) bltu    a4, a5, pc - 38
core   0: 3 0x000000008000ff2a (0xfcf76de3)
core   0: 0x000000008000ff04 (0xfe043783) ld      a5, -32(s0)
core   0: 3 0x000000008000ff04 (0xfe043783) x15 0x000000008001208a mem 0x0000000080031f50
core   0: 0x000000008000ff08 (0x00178713) addi    a4, a5, 1
core   0: 3 0x000000008000ff08 (0x00178713) x14 0x000000008001208b
core   0: 0x000000008000ff0c (0xfee43023) sd      a4, -32(s0)
core   0: 3 0x000000008000ff0c (0xfee43023) mem 0x0000000080031f50 0x000000008001208b
core   0: 0x000000008000ff10 (0xfc442703) lw      a4, -60(s0)
core   0: 3 0x000000008000ff10 (0xfc442703) x14 0x0000000000000000 mem 0x0000000080031f34
core   0: 0x000000008000ff14 (0x0ff77713) andi    a4, a4, 255
core   0: 3 0x000000008000ff14 (0x0ff77713) x14 0x0000000000000000
core   0: 0x000000008000ff18 (0x00e78023) sb      a4, 0(a5)
core   0: 3 0x000000008000ff18 (0x00e78023) mem 0x000000008001208a 0x00
core   0: 0x000000008000ff1c (0xfc843703) ld      a4, -56(s0)
core   0: 3 0x000000008000ff1c (0xfc843703) x14 0x0000000080012040 mem 0x0000000080031f38
core   0: 0x000000008000ff20 (0xfb843783) ld      a5, -72(s0)
core   0: 3 0x000000008000ff20 (0xfb843783) x15 0x000000000000009c mem 0x0000000080031f28
core   0: 0x000000008000ff24 (0x000097ba) c.add   a5, a4
core   0: 3 0x000000008000ff24 (0x97ba) x15 0x00000000800120dc
core   0: 0x000000008000ff26 (0xfe043703) ld      a4, -32(s0)
core   0: 3 0x000000008000ff26 (0xfe043703) x14 0x000000008001208b mem 0x0000000080031f50
core   0: 0x000000008000ff2a (0xfcf76de3) bltu    a4, a5, pc - 38
core   0: 3 0x000000008000ff2a (0xfcf76de3)
core   0: 0x000000008000ff04 (0xfe043783) ld      a5, -32(s0)
core   0: 3 0x000000008000ff04 (0xfe043783) x15 0x000000008001208b mem 0x0000000080031f50
core   0: 0x000000008000ff08 (0x00178713) addi    a4, a5, 1
core   0: 3 0x000000008000ff08 (0x00178713) x14 0x000000008001208c
core   0: 0x000000008000ff0c (0xfee43023) sd      a4, -32(s0)
core   0: 3 0x000000008000ff0c (0xfee43023) mem 0x0000000080031f50 0x000000008001208c
core   0: 0x000000008000ff10 (0xfc442703) lw      a4, -60(s0)
core   0: 3 0x000000008000ff10 (0xfc442703) x14 0x0000000000000000 mem 0x0000000080031f34
core   0: 0x000000008000ff14 (0x0ff77713) andi    a4, a4, 255
core   0: 3 0x000000008000ff14 (0x0ff77713) x14 0x0000000000000000
core   0: 0x000000008000ff18 (0x00e78023) sb      a4, 0(a5)
core   0: 3 0x000000008000ff18 (0x00e78023) mem 0x000000008001208b 0x00
core   0: 0x000000008000ff1c (0xfc843703) ld      a4, -56(s0)
core   0: 3 0x000000008000ff1c (0xfc843703) x14 0x0000000080012040 mem 0x0000000080031f38
core   0: 0x000000008000ff20 (0xfb843783) ld      a5, -72(s0)
core   0: 3 0x000000008000ff20 (0xfb843783) x15 0x000000000000009c mem 0x0000000080031f28
core   0: 0x000000008000ff24 (0x000097ba) c.add   a5, a4
core   0: 3 0x000000008000ff24 (0x97ba) x15 0x00000000800120dc
core   0: 0x000000008000ff26 (0xfe043703) ld      a4, -32(s0)
core   0: 3 0x000000008000ff26 (0xfe043703) x14 0x000000008001208c mem 0x0000000080031f50
core   0: 0x000000008000ff2a (0xfcf76de3) bltu    a4, a5, pc - 38
core   0: 3 0x000000008000ff2a (0xfcf76de3)
core   0: 0x000000008000ff04 (0xfe043783) ld      a5, -32(s0)
core   0: 3 0x000000008000ff04 (0xfe043783) x15 0x000000008001208c mem 0x0000000080031f50
core   0: 0x000000008000ff08 (0x00178713) addi    a4, a5, 1
core   0: 3 0x000000008000ff08 (0x00178713) x14 0x000000008001208d
core   0: 0x000000008000ff0c (0xfee43023) sd      a4, -32(s0)
core   0: 3 0x000000008000ff0c (0xfee43023) mem 0x0000000080031f50 0x000000008001208d
core   0: 0x000000008000ff10 (0xfc442703) lw      a4, -60(s0)
core   0: 3 0x000000008000ff10 (0xfc442703) x14 0x0000000000000000 mem 0x0000000080031f34
core   0: 0x000000008000ff14 (0x0ff77713) andi    a4, a4, 255
core   0: 3 0x000000008000ff14 (0x0ff77713) x14 0x0000000000000000
core   0: 0x000000008000ff18 (0x00e78023) sb      a4, 0(a5)
core   0: 3 0x000000008000ff18 (0x00e78023) mem 0x000000008001208c 0x00
core   0: 0x000000008000ff1c (0xfc843703) ld      a4, -56(s0)
core   0: 3 0x000000008000ff1c (0xfc843703) x14 0x0000000080012040 mem 0x0000000080031f38
core   0: 0x000000008000ff20 (0xfb843783) ld      a5, -72(s0)
core   0: 3 0x000000008000ff20 (0xfb843783) x15 0x000000000000009c mem 0x0000000080031f28
core   0: 0x000000008000ff24 (0x000097ba) c.add   a5, a4
core   0: 3 0x000000008000ff24 (0x97ba) x15 0x00000000800120dc
core   0: 0x000000008000ff26 (0xfe043703) ld      a4, -32(s0)
core   0: 3 0x000000008000ff26 (0xfe043703) x14 0x000000008001208d mem 0x0000000080031f50
core   0: 0x000000008000ff2a (0xfcf76de3) bltu    a4, a5, pc - 38
core   0: 3 0x000000008000ff2a (0xfcf76de3)
core   0: 0x000000008000ff04 (0xfe043783) ld      a5, -32(s0)
core   0: 3 0x000000008000ff04 (0xfe043783) x15 0x000000008001208d mem 0x0000000080031f50
core   0: 0x000000008000ff08 (0x00178713) addi    a4, a5, 1
core   0: 3 0x000000008000ff08 (0x00178713) x14 0x000000008001208e
core   0: 0x000000008000ff0c (0xfee43023) sd      a4, -32(s0)
core   0: 3 0x000000008000ff0c (0xfee43023) mem 0x0000000080031f50 0x000000008001208e
core   0: 0x000000008000ff10 (0xfc442703) lw      a4, -60(s0)
core   0: 3 0x000000008000ff10 (0xfc442703) x14 0x0000000000000000 mem 0x0000000080031f34
core   0: 0x000000008000ff14 (0x0ff77713) andi    a4, a4, 255
core   0: 3 0x000000008000ff14 (0x0ff77713) x14 0x0000000000000000
core   0: 0x000000008000ff18 (0x00e78023) sb      a4, 0(a5)
core   0: 3 0x000000008000ff18 (0x00e78023) mem 0x000000008001208d 0x00
core   0: 0x000000008000ff1c (0xfc843703) ld      a4, -56(s0)
core   0: 3 0x000000008000ff1c (0xfc843703) x14 0x0000000080012040 mem 0x0000000080031f38
core   0: 0x000000008000ff20 (0xfb843783) ld      a5, -72(s0)
core   0: 3 0x000000008000ff20 (0xfb843783) x15 0x000000000000009c mem 0x0000000080031f28
core   0: 0x000000008000ff24 (0x000097ba) c.add   a5, a4
core   0: 3 0x000000008000ff24 (0x97ba) x15 0x00000000800120dc
core   0: 0x000000008000ff26 (0xfe043703) ld      a4, -32(s0)
core   0: 3 0x000000008000ff26 (0xfe043703) x14 0x000000008001208e mem 0x0000000080031f50
core   0: 0x000000008000ff2a (0xfcf76de3) bltu    a4, a5, pc - 38
core   0: 3 0x000000008000ff2a (0xfcf76de3)
core   0: 0x000000008000ff04 (0xfe043783) ld      a5, -32(s0)
core   0: 3 0x000000008000ff04 (0xfe043783) x15 0x000000008001208e mem 0x0000000080031f50
core   0: 0x000000008000ff08 (0x00178713) addi    a4, a5, 1
core   0: 3 0x000000008000ff08 (0x00178713) x14 0x000000008001208f
core   0: 0x000000008000ff0c (0xfee43023) sd      a4, -32(s0)
core   0: 3 0x000000008000ff0c (0xfee43023) mem 0x0000000080031f50 0x000000008001208f
core   0: 0x000000008000ff10 (0xfc442703) lw      a4, -60(s0)
core   0: 3 0x000000008000ff10 (0xfc442703) x14 0x0000000000000000 mem 0x0000000080031f34
core   0: 0x000000008000ff14 (0x0ff77713) andi    a4, a4, 255
core   0: 3 0x000000008000ff14 (0x0ff77713) x14 0x0000000000000000
core   0: 0x000000008000ff18 (0x00e78023) sb      a4, 0(a5)
core   0: 3 0x000000008000ff18 (0x00e78023) mem 0x000000008001208e 0x00
core   0: 0x000000008000ff1c (0xfc843703) ld      a4, -56(s0)
core   0: 3 0x000000008000ff1c (0xfc843703) x14 0x0000000080012040 mem 0x0000000080031f38
core   0: 0x000000008000ff20 (0xfb843783) ld      a5, -72(s0)
core   0: 3 0x000000008000ff20 (0xfb843783) x15 0x000000000000009c mem 0x0000000080031f28
core   0: 0x000000008000ff24 (0x000097ba) c.add   a5, a4
core   0: 3 0x000000008000ff24 (0x97ba) x15 0x00000000800120dc
core   0: 0x000000008000ff26 (0xfe043703) ld      a4, -32(s0)
core   0: 3 0x000000008000ff26 (0xfe043703) x14 0x000000008001208f mem 0x0000000080031f50
core   0: 0x000000008000ff2a (0xfcf76de3) bltu    a4, a5, pc - 38
core   0: 3 0x000000008000ff2a (0xfcf76de3)
core   0: 0x000000008000ff04 (0xfe043783) ld      a5, -32(s0)
core   0: 3 0x000000008000ff04 (0xfe043783) x15 0x000000008001208f mem 0x0000000080031f50
core   0: 0x000000008000ff08 (0x00178713) addi    a4, a5, 1
core   0: 3 0x000000008000ff08 (0x00178713) x14 0x0000000080012090
core   0: 0x000000008000ff0c (0xfee43023) sd      a4, -32(s0)
core   0: 3 0x000000008000ff0c (0xfee43023) mem 0x0000000080031f50 0x0000000080012090
core   0: 0x000000008000ff10 (0xfc442703) lw      a4, -60(s0)
core   0: 3 0x000000008000ff10 (0xfc442703) x14 0x0000000000000000 mem 0x0000000080031f34
core   0: 0x000000008000ff14 (0x0ff77713) andi    a4, a4, 255
core   0: 3 0x000000008000ff14 (0x0ff77713) x14 0x0000000000000000
core   0: 0x000000008000ff18 (0x00e78023) sb      a4, 0(a5)
core   0: 3 0x000000008000ff18 (0x00e78023) mem 0x000000008001208f 0x00
core   0: 0x000000008000ff1c (0xfc843703) ld      a4, -56(s0)
core   0: 3 0x000000008000ff1c (0xfc843703) x14 0x0000000080012040 mem 0x0000000080031f38
core   0: 0x000000008000ff20 (0xfb843783) ld      a5, -72(s0)
core   0: 3 0x000000008000ff20 (0xfb843783) x15 0x000000000000009c mem 0x0000000080031f28
core   0: 0x000000008000ff24 (0x000097ba) c.add   a5, a4
core   0: 3 0x000000008000ff24 (0x97ba) x15 0x00000000800120dc
core   0: 0x000000008000ff26 (0xfe043703) ld      a4, -32(s0)
core   0: 3 0x000000008000ff26 (0xfe043703) x14 0x0000000080012090 mem 0x0000000080031f50
core   0: 0x000000008000ff2a (0xfcf76de3) bltu    a4, a5, pc - 38
core   0: 3 0x000000008000ff2a (0xfcf76de3)
core   0: 0x000000008000ff04 (0xfe043783) ld      a5, -32(s0)
core   0: 3 0x000000008000ff04 (0xfe043783) x15 0x0000000080012090 mem 0x0000000080031f50
core   0: 0x000000008000ff08 (0x00178713) addi    a4, a5, 1
core   0: 3 0x000000008000ff08 (0x00178713) x14 0x0000000080012091
core   0: 0x000000008000ff0c (0xfee43023) sd      a4, -32(s0)
core   0: 3 0x000000008000ff0c (0xfee43023) mem 0x0000000080031f50 0x0000000080012091
core   0: 0x000000008000ff10 (0xfc442703) lw      a4, -60(s0)
core   0: 3 0x000000008000ff10 (0xfc442703) x14 0x0000000000000000 mem 0x0000000080031f34
core   0: 0x000000008000ff14 (0x0ff77713) andi    a4, a4, 255
core   0: 3 0x000000008000ff14 (0x0ff77713) x14 0x0000000000000000
core   0: 0x000000008000ff18 (0x00e78023) sb      a4, 0(a5)
core   0: 3 0x000000008000ff18 (0x00e78023) mem 0x0000000080012090 0x00
core   0: 0x000000008000ff1c (0xfc843703) ld      a4, -56(s0)
core   0: 3 0x000000008000ff1c (0xfc843703) x14 0x0000000080012040 mem 0x0000000080031f38
core   0: 0x000000008000ff20 (0xfb843783) ld      a5, -72(s0)
core   0: 3 0x000000008000ff20 (0xfb843783) x15 0x000000000000009c mem 0x0000000080031f28
core   0: 0x000000008000ff24 (0x000097ba) c.add   a5, a4
core   0: 3 0x000000008000ff24 (0x97ba) x15 0x00000000800120dc
core   0: 0x000000008000ff26 (0xfe043703) ld      a4, -32(s0)
core   0: 3 0x000000008000ff26 (0xfe043703) x14 0x0000000080012091 mem 0x0000000080031f50
core   0: 0x000000008000ff2a (0xfcf76de3) bltu    a4, a5, pc - 38
core   0: 3 0x000000008000ff2a (0xfcf76de3)
core   0: 0x000000008000ff04 (0xfe043783) ld      a5, -32(s0)
core   0: 3 0x000000008000ff04 (0xfe043783) x15 0x0000000080012091 mem 0x0000000080031f50
core   0: 0x000000008000ff08 (0x00178713) addi    a4, a5, 1
core   0: 3 0x000000008000ff08 (0x00178713) x14 0x0000000080012092
core   0: 0x000000008000ff0c (0xfee43023) sd      a4, -32(s0)
core   0: 3 0x000000008000ff0c (0xfee43023) mem 0x0000000080031f50 0x0000000080012092
core   0: 0x000000008000ff10 (0xfc442703) lw      a4, -60(s0)
core   0: 3 0x000000008000ff10 (0xfc442703) x14 0x0000000000000000 mem 0x0000000080031f34
core   0: 0x000000008000ff14 (0x0ff77713) andi    a4, a4, 255
core   0: 3 0x000000008000ff14 (0x0ff77713) x14 0x0000000000000000
core   0: 0x000000008000ff18 (0x00e78023) sb      a4, 0(a5)
core   0: 3 0x000000008000ff18 (0x00e78023) mem 0x0000000080012091 0x00
core   0: 0x000000008000ff1c (0xfc843703) ld      a4, -56(s0)
core   0: 3 0x000000008000ff1c (0xfc843703) x14 0x0000000080012040 mem 0x0000000080031f38
core   0: 0x000000008000ff20 (0xfb843783) ld      a5, -72(s0)
core   0: 3 0x000000008000ff20 (0xfb843783) x15 0x000000000000009c mem 0x0000000080031f28
core   0: 0x000000008000ff24 (0x000097ba) c.add   a5, a4
core   0: 3 0x000000008000ff24 (0x97ba) x15 0x00000000800120dc
core   0: 0x000000008000ff26 (0xfe043703) ld      a4, -32(s0)
core   0: 3 0x000000008000ff26 (0xfe043703) x14 0x0000000080012092 mem 0x0000000080031f50
core   0: 0x000000008000ff2a (0xfcf76de3) bltu    a4, a5, pc - 38
core   0: 3 0x000000008000ff2a (0xfcf76de3)
core   0: 0x000000008000ff04 (0xfe043783) ld      a5, -32(s0)
core   0: 3 0x000000008000ff04 (0xfe043783) x15 0x0000000080012092 mem 0x0000000080031f50
core   0: 0x000000008000ff08 (0x00178713) addi    a4, a5, 1
core   0: 3 0x000000008000ff08 (0x00178713) x14 0x0000000080012093
core   0: 0x000000008000ff0c (0xfee43023) sd      a4, -32(s0)
core   0: 3 0x000000008000ff0c (0xfee43023) mem 0x0000000080031f50 0x0000000080012093
core   0: 0x000000008000ff10 (0xfc442703) lw      a4, -60(s0)
core   0: 3 0x000000008000ff10 (0xfc442703) x14 0x0000000000000000 mem 0x0000000080031f34
core   0: 0x000000008000ff14 (0x0ff77713) andi    a4, a4, 255
core   0: 3 0x000000008000ff14 (0x0ff77713) x14 0x0000000000000000
core   0: 0x000000008000ff18 (0x00e78023) sb      a4, 0(a5)
core   0: 3 0x000000008000ff18 (0x00e78023) mem 0x0000000080012092 0x00
core   0: 0x000000008000ff1c (0xfc843703) ld      a4, -56(s0)
core   0: 3 0x000000008000ff1c (0xfc843703) x14 0x0000000080012040 mem 0x0000000080031f38
core   0: 0x000000008000ff20 (0xfb843783) ld      a5, -72(s0)
core   0: 3 0x000000008000ff20 (0xfb843783) x15 0x000000000000009c mem 0x0000000080031f28
core   0: 0x000000008000ff24 (0x000097ba) c.add   a5, a4
core   0: 3 0x000000008000ff24 (0x97ba) x15 0x00000000800120dc
core   0: 0x000000008000ff26 (0xfe043703) ld      a4, -32(s0)
core   0: 3 0x000000008000ff26 (0xfe043703) x14 0x0000000080012093 mem 0x0000000080031f50
core   0: 0x000000008000ff2a (0xfcf76de3) bltu    a4, a5, pc - 38
core   0: 3 0x000000008000ff2a (0xfcf76de3)
core   0: 0x000000008000ff04 (0xfe043783) ld      a5, -32(s0)
core   0: 3 0x000000008000ff04 (0xfe043783) x15 0x0000000080012093 mem 0x0000000080031f50
core   0: 0x000000008000ff08 (0x00178713) addi    a4, a5, 1
core   0: 3 0x000000008000ff08 (0x00178713) x14 0x0000000080012094
core   0: 0x000000008000ff0c (0xfee43023) sd      a4, -32(s0)
core   0: 3 0x000000008000ff0c (0xfee43023) mem 0x0000000080031f50 0x0000000080012094
core   0: 0x000000008000ff10 (0xfc442703) lw      a4, -60(s0)
core   0: 3 0x000000008000ff10 (0xfc442703) x14 0x0000000000000000 mem 0x0000000080031f34
core   0: 0x000000008000ff14 (0x0ff77713) andi    a4, a4, 255
core   0: 3 0x000000008000ff14 (0x0ff77713) x14 0x0000000000000000
core   0: 0x000000008000ff18 (0x00e78023) sb      a4, 0(a5)
core   0: 3 0x000000008000ff18 (0x00e78023) mem 0x0000000080012093 0x00
core   0: 0x000000008000ff1c (0xfc843703) ld      a4, -56(s0)
core   0: 3 0x000000008000ff1c (0xfc843703) x14 0x0000000080012040 mem 0x0000000080031f38
core   0: 0x000000008000ff20 (0xfb843783) ld      a5, -72(s0)
core   0: 3 0x000000008000ff20 (0xfb843783) x15 0x000000000000009c mem 0x0000000080031f28
core   0: 0x000000008000ff24 (0x000097ba) c.add   a5, a4
core   0: 3 0x000000008000ff24 (0x97ba) x15 0x00000000800120dc
core   0: 0x000000008000ff26 (0xfe043703) ld      a4, -32(s0)
core   0: 3 0x000000008000ff26 (0xfe043703) x14 0x0000000080012094 mem 0x0000000080031f50
core   0: 0x000000008000ff2a (0xfcf76de3) bltu    a4, a5, pc - 38
core   0: 3 0x000000008000ff2a (0xfcf76de3)
core   0: 0x000000008000ff04 (0xfe043783) ld      a5, -32(s0)
core   0: 3 0x000000008000ff04 (0xfe043783) x15 0x0000000080012094 mem 0x0000000080031f50
core   0: 0x000000008000ff08 (0x00178713) addi    a4, a5, 1
core   0: 3 0x000000008000ff08 (0x00178713) x14 0x0000000080012095
core   0: 0x000000008000ff0c (0xfee43023) sd      a4, -32(s0)
core   0: 3 0x000000008000ff0c (0xfee43023) mem 0x0000000080031f50 0x0000000080012095
core   0: 0x000000008000ff10 (0xfc442703) lw      a4, -60(s0)
core   0: 3 0x000000008000ff10 (0xfc442703) x14 0x0000000000000000 mem 0x0000000080031f34
core   0: 0x000000008000ff14 (0x0ff77713) andi    a4, a4, 255
core   0: 3 0x000000008000ff14 (0x0ff77713) x14 0x0000000000000000
core   0: 0x000000008000ff18 (0x00e78023) sb      a4, 0(a5)
core   0: 3 0x000000008000ff18 (0x00e78023) mem 0x0000000080012094 0x00
core   0: 0x000000008000ff1c (0xfc843703) ld      a4, -56(s0)
core   0: 3 0x000000008000ff1c (0xfc843703) x14 0x0000000080012040 mem 0x0000000080031f38
core   0: 0x000000008000ff20 (0xfb843783) ld      a5, -72(s0)
core   0: 3 0x000000008000ff20 (0xfb843783) x15 0x000000000000009c mem 0x0000000080031f28
core   0: 0x000000008000ff24 (0x000097ba) c.add   a5, a4
core   0: 3 0x000000008000ff24 (0x97ba) x15 0x00000000800120dc
core   0: 0x000000008000ff26 (0xfe043703) ld      a4, -32(s0)
core   0: 3 0x000000008000ff26 (0xfe043703) x14 0x0000000080012095 mem 0x0000000080031f50
core   0: 0x000000008000ff2a (0xfcf76de3) bltu    a4, a5, pc - 38
core   0: 3 0x000000008000ff2a (0xfcf76de3)
core   0: 0x000000008000ff04 (0xfe043783) ld      a5, -32(s0)
core   0: 3 0x000000008000ff04 (0xfe043783) x15 0x0000000080012095 mem 0x0000000080031f50
core   0: 0x000000008000ff08 (0x00178713) addi    a4, a5, 1
core   0: 3 0x000000008000ff08 (0x00178713) x14 0x0000000080012096
core   0: 0x000000008000ff0c (0xfee43023) sd      a4, -32(s0)
core   0: 3 0x000000008000ff0c (0xfee43023) mem 0x0000000080031f50 0x0000000080012096
core   0: 0x000000008000ff10 (0xfc442703) lw      a4, -60(s0)
core   0: 3 0x000000008000ff10 (0xfc442703) x14 0x0000000000000000 mem 0x0000000080031f34
core   0: 0x000000008000ff14 (0x0ff77713) andi    a4, a4, 255
core   0: 3 0x000000008000ff14 (0x0ff77713) x14 0x0000000000000000
core   0: 0x000000008000ff18 (0x00e78023) sb      a4, 0(a5)
core   0: 3 0x000000008000ff18 (0x00e78023) mem 0x0000000080012095 0x00
core   0: 0x000000008000ff1c (0xfc843703) ld      a4, -56(s0)
core   0: 3 0x000000008000ff1c (0xfc843703) x14 0x0000000080012040 mem 0x0000000080031f38
core   0: 0x000000008000ff20 (0xfb843783) ld      a5, -72(s0)
core   0: 3 0x000000008000ff20 (0xfb843783) x15 0x000000000000009c mem 0x0000000080031f28
core   0: 0x000000008000ff24 (0x000097ba) c.add   a5, a4
core   0: 3 0x000000008000ff24 (0x97ba) x15 0x00000000800120dc
core   0: 0x000000008000ff26 (0xfe043703) ld      a4, -32(s0)
core   0: 3 0x000000008000ff26 (0xfe043703) x14 0x0000000080012096 mem 0x0000000080031f50
core   0: 0x000000008000ff2a (0xfcf76de3) bltu    a4, a5, pc - 38
core   0: 3 0x000000008000ff2a (0xfcf76de3)
core   0: 0x000000008000ff04 (0xfe043783) ld      a5, -32(s0)
core   0: 3 0x000000008000ff04 (0xfe043783) x15 0x0000000080012096 mem 0x0000000080031f50
core   0: 0x000000008000ff08 (0x00178713) addi    a4, a5, 1
core   0: 3 0x000000008000ff08 (0x00178713) x14 0x0000000080012097
core   0: 0x000000008000ff0c (0xfee43023) sd      a4, -32(s0)
core   0: 3 0x000000008000ff0c (0xfee43023) mem 0x0000000080031f50 0x0000000080012097
core   0: 0x000000008000ff10 (0xfc442703) lw      a4, -60(s0)
core   0: 3 0x000000008000ff10 (0xfc442703) x14 0x0000000000000000 mem 0x0000000080031f34
core   0: 0x000000008000ff14 (0x0ff77713) andi    a4, a4, 255
core   0: 3 0x000000008000ff14 (0x0ff77713) x14 0x0000000000000000
core   0: 0x000000008000ff18 (0x00e78023) sb      a4, 0(a5)
core   0: 3 0x000000008000ff18 (0x00e78023) mem 0x0000000080012096 0x00
core   0: 0x000000008000ff1c (0xfc843703) ld      a4, -56(s0)
core   0: 3 0x000000008000ff1c (0xfc843703) x14 0x0000000080012040 mem 0x0000000080031f38
core   0: 0x000000008000ff20 (0xfb843783) ld      a5, -72(s0)
core   0: 3 0x000000008000ff20 (0xfb843783) x15 0x000000000000009c mem 0x0000000080031f28
core   0: 0x000000008000ff24 (0x000097ba) c.add   a5, a4
core   0: 3 0x000000008000ff24 (0x97ba) x15 0x00000000800120dc
core   0: 0x000000008000ff26 (0xfe043703) ld      a4, -32(s0)
core   0: 3 0x000000008000ff26 (0xfe043703) x14 0x0000000080012097 mem 0x0000000080031f50
core   0: 0x000000008000ff2a (0xfcf76de3) bltu    a4, a5, pc - 38
core   0: 3 0x000000008000ff2a (0xfcf76de3)
core   0: 0x000000008000ff04 (0xfe043783) ld      a5, -32(s0)
core   0: 3 0x000000008000ff04 (0xfe043783) x15 0x0000000080012097 mem 0x0000000080031f50
core   0: 0x000000008000ff08 (0x00178713) addi    a4, a5, 1
core   0: 3 0x000000008000ff08 (0x00178713) x14 0x0000000080012098
core   0: 0x000000008000ff0c (0xfee43023) sd      a4, -32(s0)
core   0: 3 0x000000008000ff0c (0xfee43023) mem 0x0000000080031f50 0x0000000080012098
core   0: 0x000000008000ff10 (0xfc442703) lw      a4, -60(s0)
core   0: 3 0x000000008000ff10 (0xfc442703) x14 0x0000000000000000 mem 0x0000000080031f34
core   0: 0x000000008000ff14 (0x0ff77713) andi    a4, a4, 255
core   0: 3 0x000000008000ff14 (0x0ff77713) x14 0x0000000000000000
core   0: 0x000000008000ff18 (0x00e78023) sb      a4, 0(a5)
core   0: 3 0x000000008000ff18 (0x00e78023) mem 0x0000000080012097 0x00
core   0: 0x000000008000ff1c (0xfc843703) ld      a4, -56(s0)
core   0: 3 0x000000008000ff1c (0xfc843703) x14 0x0000000080012040 mem 0x0000000080031f38
core   0: 0x000000008000ff20 (0xfb843783) ld      a5, -72(s0)
core   0: 3 0x000000008000ff20 (0xfb843783) x15 0x000000000000009c mem 0x0000000080031f28
core   0: 0x000000008000ff24 (0x000097ba) c.add   a5, a4
core   0: 3 0x000000008000ff24 (0x97ba) x15 0x00000000800120dc
core   0: 0x000000008000ff26 (0xfe043703) ld      a4, -32(s0)
core   0: 3 0x000000008000ff26 (0xfe043703) x14 0x0000000080012098 mem 0x0000000080031f50
core   0: 0x000000008000ff2a (0xfcf76de3) bltu    a4, a5, pc - 38
core   0: 3 0x000000008000ff2a (0xfcf76de3)
core   0: 0x000000008000ff04 (0xfe043783) ld      a5, -32(s0)
core   0: 3 0x000000008000ff04 (0xfe043783) x15 0x0000000080012098 mem 0x0000000080031f50
core   0: 0x000000008000ff08 (0x00178713) addi    a4, a5, 1
core   0: 3 0x000000008000ff08 (0x00178713) x14 0x0000000080012099
core   0: 0x000000008000ff0c (0xfee43023) sd      a4, -32(s0)
core   0: 3 0x000000008000ff0c (0xfee43023) mem 0x0000000080031f50 0x0000000080012099
core   0: 0x000000008000ff10 (0xfc442703) lw      a4, -60(s0)
core   0: 3 0x000000008000ff10 (0xfc442703) x14 0x0000000000000000 mem 0x0000000080031f34
core   0: 0x000000008000ff14 (0x0ff77713) andi    a4, a4, 255
core   0: 3 0x000000008000ff14 (0x0ff77713) x14 0x0000000000000000
core   0: 0x000000008000ff18 (0x00e78023) sb      a4, 0(a5)
core   0: 3 0x000000008000ff18 (0x00e78023) mem 0x0000000080012098 0x00
core   0: 0x000000008000ff1c (0xfc843703) ld      a4, -56(s0)
core   0: 3 0x000000008000ff1c (0xfc843703) x14 0x0000000080012040 mem 0x0000000080031f38
core   0: 0x000000008000ff20 (0xfb843783) ld      a5, -72(s0)
core   0: 3 0x000000008000ff20 (0xfb843783) x15 0x000000000000009c mem 0x0000000080031f28
core   0: 0x000000008000ff24 (0x000097ba) c.add   a5, a4
core   0: 3 0x000000008000ff24 (0x97ba) x15 0x00000000800120dc
core   0: 0x000000008000ff26 (0xfe043703) ld      a4, -32(s0)
core   0: 3 0x000000008000ff26 (0xfe043703) x14 0x0000000080012099 mem 0x0000000080031f50
core   0: 0x000000008000ff2a (0xfcf76de3) bltu    a4, a5, pc - 38
core   0: 3 0x000000008000ff2a (0xfcf76de3)
core   0: 0x000000008000ff04 (0xfe043783) ld      a5, -32(s0)
core   0: 3 0x000000008000ff04 (0xfe043783) x15 0x0000000080012099 mem 0x0000000080031f50
core   0: 0x000000008000ff08 (0x00178713) addi    a4, a5, 1
core   0: 3 0x000000008000ff08 (0x00178713) x14 0x000000008001209a
core   0: 0x000000008000ff0c (0xfee43023) sd      a4, -32(s0)
core   0: 3 0x000000008000ff0c (0xfee43023) mem 0x0000000080031f50 0x000000008001209a
core   0: 0x000000008000ff10 (0xfc442703) lw      a4, -60(s0)
core   0: 3 0x000000008000ff10 (0xfc442703) x14 0x0000000000000000 mem 0x0000000080031f34
core   0: 0x000000008000ff14 (0x0ff77713) andi    a4, a4, 255
core   0: 3 0x000000008000ff14 (0x0ff77713) x14 0x0000000000000000
core   0: 0x000000008000ff18 (0x00e78023) sb      a4, 0(a5)
core   0: 3 0x000000008000ff18 (0x00e78023) mem 0x0000000080012099 0x00
core   0: 0x000000008000ff1c (0xfc843703) ld      a4, -56(s0)
core   0: 3 0x000000008000ff1c (0xfc843703) x14 0x0000000080012040 mem 0x0000000080031f38
core   0: 0x000000008000ff20 (0xfb843783) ld      a5, -72(s0)
core   0: 3 0x000000008000ff20 (0xfb843783) x15 0x000000000000009c mem 0x0000000080031f28
core   0: 0x000000008000ff24 (0x000097ba) c.add   a5, a4
core   0: 3 0x000000008000ff24 (0x97ba) x15 0x00000000800120dc
core   0: 0x000000008000ff26 (0xfe043703) ld      a4, -32(s0)
core   0: 3 0x000000008000ff26 (0xfe043703) x14 0x000000008001209a mem 0x0000000080031f50
core   0: 0x000000008000ff2a (0xfcf76de3) bltu    a4, a5, pc - 38
core   0: 3 0x000000008000ff2a (0xfcf76de3)
core   0: 0x000000008000ff04 (0xfe043783) ld      a5, -32(s0)
core   0: 3 0x000000008000ff04 (0xfe043783) x15 0x000000008001209a mem 0x0000000080031f50
core   0: 0x000000008000ff08 (0x00178713) addi    a4, a5, 1
core   0: 3 0x000000008000ff08 (0x00178713) x14 0x000000008001209b
core   0: 0x000000008000ff0c (0xfee43023) sd      a4, -32(s0)
core   0: 3 0x000000008000ff0c (0xfee43023) mem 0x0000000080031f50 0x000000008001209b
core   0: 0x000000008000ff10 (0xfc442703) lw      a4, -60(s0)
core   0: 3 0x000000008000ff10 (0xfc442703) x14 0x0000000000000000 mem 0x0000000080031f34
core   0: 0x000000008000ff14 (0x0ff77713) andi    a4, a4, 255
core   0: 3 0x000000008000ff14 (0x0ff77713) x14 0x0000000000000000
core   0: 0x000000008000ff18 (0x00e78023) sb      a4, 0(a5)
core   0: 3 0x000000008000ff18 (0x00e78023) mem 0x000000008001209a 0x00
core   0: 0x000000008000ff1c (0xfc843703) ld      a4, -56(s0)
core   0: 3 0x000000008000ff1c (0xfc843703) x14 0x0000000080012040 mem 0x0000000080031f38
core   0: 0x000000008000ff20 (0xfb843783) ld      a5, -72(s0)
core   0: 3 0x000000008000ff20 (0xfb843783) x15 0x000000000000009c mem 0x0000000080031f28
core   0: 0x000000008000ff24 (0x000097ba) c.add   a5, a4
core   0: 3 0x000000008000ff24 (0x97ba) x15 0x00000000800120dc
core   0: 0x000000008000ff26 (0xfe043703) ld      a4, -32(s0)
core   0: 3 0x000000008000ff26 (0xfe043703) x14 0x000000008001209b mem 0x0000000080031f50
core   0: 0x000000008000ff2a (0xfcf76de3) bltu    a4, a5, pc - 38
core   0: 3 0x000000008000ff2a (0xfcf76de3)
core   0: 0x000000008000ff04 (0xfe043783) ld      a5, -32(s0)
core   0: 3 0x000000008000ff04 (0xfe043783) x15 0x000000008001209b mem 0x0000000080031f50
core   0: 0x000000008000ff08 (0x00178713) addi    a4, a5, 1
core   0: 3 0x000000008000ff08 (0x00178713) x14 0x000000008001209c
core   0: 0x000000008000ff0c (0xfee43023) sd      a4, -32(s0)
core   0: 3 0x000000008000ff0c (0xfee43023) mem 0x0000000080031f50 0x000000008001209c
core   0: 0x000000008000ff10 (0xfc442703) lw      a4, -60(s0)
core   0: 3 0x000000008000ff10 (0xfc442703) x14 0x0000000000000000 mem 0x0000000080031f34
core   0: 0x000000008000ff14 (0x0ff77713) andi    a4, a4, 255
core   0: 3 0x000000008000ff14 (0x0ff77713) x14 0x0000000000000000
core   0: 0x000000008000ff18 (0x00e78023) sb      a4, 0(a5)
core   0: 3 0x000000008000ff18 (0x00e78023) mem 0x000000008001209b 0x00
core   0: 0x000000008000ff1c (0xfc843703) ld      a4, -56(s0)
core   0: 3 0x000000008000ff1c (0xfc843703) x14 0x0000000080012040 mem 0x0000000080031f38
core   0: 0x000000008000ff20 (0xfb843783) ld      a5, -72(s0)
core   0: 3 0x000000008000ff20 (0xfb843783) x15 0x000000000000009c mem 0x0000000080031f28
core   0: 0x000000008000ff24 (0x000097ba) c.add   a5, a4
core   0: 3 0x000000008000ff24 (0x97ba) x15 0x00000000800120dc
core   0: 0x000000008000ff26 (0xfe043703) ld      a4, -32(s0)
core   0: 3 0x000000008000ff26 (0xfe043703) x14 0x000000008001209c mem 0x0000000080031f50
core   0: 0x000000008000ff2a (0xfcf76de3) bltu    a4, a5, pc - 38
core   0: 3 0x000000008000ff2a (0xfcf76de3)
core   0: 0x000000008000ff04 (0xfe043783) ld      a5, -32(s0)
core   0: 3 0x000000008000ff04 (0xfe043783) x15 0x000000008001209c mem 0x0000000080031f50
core   0: 0x000000008000ff08 (0x00178713) addi    a4, a5, 1
core   0: 3 0x000000008000ff08 (0x00178713) x14 0x000000008001209d
core   0: 0x000000008000ff0c (0xfee43023) sd      a4, -32(s0)
core   0: 3 0x000000008000ff0c (0xfee43023) mem 0x0000000080031f50 0x000000008001209d
core   0: 0x000000008000ff10 (0xfc442703) lw      a4, -60(s0)
core   0: 3 0x000000008000ff10 (0xfc442703) x14 0x0000000000000000 mem 0x0000000080031f34
core   0: 0x000000008000ff14 (0x0ff77713) andi    a4, a4, 255
core   0: 3 0x000000008000ff14 (0x0ff77713) x14 0x0000000000000000
core   0: 0x000000008000ff18 (0x00e78023) sb      a4, 0(a5)
core   0: 3 0x000000008000ff18 (0x00e78023) mem 0x000000008001209c 0x00
core   0: 0x000000008000ff1c (0xfc843703) ld      a4, -56(s0)
core   0: 3 0x000000008000ff1c (0xfc843703) x14 0x0000000080012040 mem 0x0000000080031f38
core   0: 0x000000008000ff20 (0xfb843783) ld      a5, -72(s0)
core   0: 3 0x000000008000ff20 (0xfb843783) x15 0x000000000000009c mem 0x0000000080031f28
core   0: 0x000000008000ff24 (0x000097ba) c.add   a5, a4
core   0: 3 0x000000008000ff24 (0x97ba) x15 0x00000000800120dc
core   0: 0x000000008000ff26 (0xfe043703) ld      a4, -32(s0)
core   0: 3 0x000000008000ff26 (0xfe043703) x14 0x000000008001209d mem 0x0000000080031f50
core   0: 0x000000008000ff2a (0xfcf76de3) bltu    a4, a5, pc - 38
core   0: 3 0x000000008000ff2a (0xfcf76de3)
core   0: 0x000000008000ff04 (0xfe043783) ld      a5, -32(s0)
core   0: 3 0x000000008000ff04 (0xfe043783) x15 0x000000008001209d mem 0x0000000080031f50
core   0: 0x000000008000ff08 (0x00178713) addi    a4, a5, 1
core   0: 3 0x000000008000ff08 (0x00178713) x14 0x000000008001209e
core   0: 0x000000008000ff0c (0xfee43023) sd      a4, -32(s0)
core   0: 3 0x000000008000ff0c (0xfee43023) mem 0x0000000080031f50 0x000000008001209e
core   0: 0x000000008000ff10 (0xfc442703) lw      a4, -60(s0)
core   0: 3 0x000000008000ff10 (0xfc442703) x14 0x0000000000000000 mem 0x0000000080031f34
core   0: 0x000000008000ff14 (0x0ff77713) andi    a4, a4, 255
core   0: 3 0x000000008000ff14 (0x0ff77713) x14 0x0000000000000000
core   0: 0x000000008000ff18 (0x00e78023) sb      a4, 0(a5)
core   0: 3 0x000000008000ff18 (0x00e78023) mem 0x000000008001209d 0x00
core   0: 0x000000008000ff1c (0xfc843703) ld      a4, -56(s0)
core   0: 3 0x000000008000ff1c (0xfc843703) x14 0x0000000080012040 mem 0x0000000080031f38
core   0: 0x000000008000ff20 (0xfb843783) ld      a5, -72(s0)
core   0: 3 0x000000008000ff20 (0xfb843783) x15 0x000000000000009c mem 0x0000000080031f28
core   0: 0x000000008000ff24 (0x000097ba) c.add   a5, a4
core   0: 3 0x000000008000ff24 (0x97ba) x15 0x00000000800120dc
core   0: 0x000000008000ff26 (0xfe043703) ld      a4, -32(s0)
core   0: 3 0x000000008000ff26 (0xfe043703) x14 0x000000008001209e mem 0x0000000080031f50
core   0: 0x000000008000ff2a (0xfcf76de3) bltu    a4, a5, pc - 38
core   0: 3 0x000000008000ff2a (0xfcf76de3)
core   0: 0x000000008000ff04 (0xfe043783) ld      a5, -32(s0)
core   0: 3 0x000000008000ff04 (0xfe043783) x15 0x000000008001209e mem 0x0000000080031f50
core   0: 0x000000008000ff08 (0x00178713) addi    a4, a5, 1
core   0: 3 0x000000008000ff08 (0x00178713) x14 0x000000008001209f
core   0: 0x000000008000ff0c (0xfee43023) sd      a4, -32(s0)
core   0: 3 0x000000008000ff0c (0xfee43023) mem 0x0000000080031f50 0x000000008001209f
core   0: 0x000000008000ff10 (0xfc442703) lw      a4, -60(s0)
core   0: 3 0x000000008000ff10 (0xfc442703) x14 0x0000000000000000 mem 0x0000000080031f34
core   0: 0x000000008000ff14 (0x0ff77713) andi    a4, a4, 255
core   0: 3 0x000000008000ff14 (0x0ff77713) x14 0x0000000000000000
core   0: 0x000000008000ff18 (0x00e78023) sb      a4, 0(a5)
core   0: 3 0x000000008000ff18 (0x00e78023) mem 0x000000008001209e 0x00
core   0: 0x000000008000ff1c (0xfc843703) ld      a4, -56(s0)
core   0: 3 0x000000008000ff1c (0xfc843703) x14 0x0000000080012040 mem 0x0000000080031f38
core   0: 0x000000008000ff20 (0xfb843783) ld      a5, -72(s0)
core   0: 3 0x000000008000ff20 (0xfb843783) x15 0x000000000000009c mem 0x0000000080031f28
core   0: 0x000000008000ff24 (0x000097ba) c.add   a5, a4
core   0: 3 0x000000008000ff24 (0x97ba) x15 0x00000000800120dc
core   0: 0x000000008000ff26 (0xfe043703) ld      a4, -32(s0)
core   0: 3 0x000000008000ff26 (0xfe043703) x14 0x000000008001209f mem 0x0000000080031f50
core   0: 0x000000008000ff2a (0xfcf76de3) bltu    a4, a5, pc - 38
core   0: 3 0x000000008000ff2a (0xfcf76de3)
core   0: 0x000000008000ff04 (0xfe043783) ld      a5, -32(s0)
core   0: 3 0x000000008000ff04 (0xfe043783) x15 0x000000008001209f mem 0x0000000080031f50
core   0: 0x000000008000ff08 (0x00178713) addi    a4, a5, 1
core   0: 3 0x000000008000ff08 (0x00178713) x14 0x00000000800120a0
core   0: 0x000000008000ff0c (0xfee43023) sd      a4, -32(s0)
core   0: 3 0x000000008000ff0c (0xfee43023) mem 0x0000000080031f50 0x00000000800120a0
core   0: 0x000000008000ff10 (0xfc442703) lw      a4, -60(s0)
core   0: 3 0x000000008000ff10 (0xfc442703) x14 0x0000000000000000 mem 0x0000000080031f34
core   0: 0x000000008000ff14 (0x0ff77713) andi    a4, a4, 255
core   0: 3 0x000000008000ff14 (0x0ff77713) x14 0x0000000000000000
core   0: 0x000000008000ff18 (0x00e78023) sb      a4, 0(a5)
core   0: 3 0x000000008000ff18 (0x00e78023) mem 0x000000008001209f 0x00
core   0: 0x000000008000ff1c (0xfc843703) ld      a4, -56(s0)
core   0: 3 0x000000008000ff1c (0xfc843703) x14 0x0000000080012040 mem 0x0000000080031f38
core   0: 0x000000008000ff20 (0xfb843783) ld      a5, -72(s0)
core   0: 3 0x000000008000ff20 (0xfb843783) x15 0x000000000000009c mem 0x0000000080031f28
core   0: 0x000000008000ff24 (0x000097ba) c.add   a5, a4
core   0: 3 0x000000008000ff24 (0x97ba) x15 0x00000000800120dc
core   0: 0x000000008000ff26 (0xfe043703) ld      a4, -32(s0)
core   0: 3 0x000000008000ff26 (0xfe043703) x14 0x00000000800120a0 mem 0x0000000080031f50
core   0: 0x000000008000ff2a (0xfcf76de3) bltu    a4, a5, pc - 38
core   0: 3 0x000000008000ff2a (0xfcf76de3)
core   0: 0x000000008000ff04 (0xfe043783) ld      a5, -32(s0)
core   0: 3 0x000000008000ff04 (0xfe043783) x15 0x00000000800120a0 mem 0x0000000080031f50
core   0: 0x000000008000ff08 (0x00178713) addi    a4, a5, 1
core   0: 3 0x000000008000ff08 (0x00178713) x14 0x00000000800120a1
core   0: 0x000000008000ff0c (0xfee43023) sd      a4, -32(s0)
core   0: 3 0x000000008000ff0c (0xfee43023) mem 0x0000000080031f50 0x00000000800120a1
core   0: 0x000000008000ff10 (0xfc442703) lw      a4, -60(s0)
core   0: 3 0x000000008000ff10 (0xfc442703) x14 0x0000000000000000 mem 0x0000000080031f34
core   0: 0x000000008000ff14 (0x0ff77713) andi    a4, a4, 255
core   0: 3 0x000000008000ff14 (0x0ff77713) x14 0x0000000000000000
core   0: 0x000000008000ff18 (0x00e78023) sb      a4, 0(a5)
core   0: 3 0x000000008000ff18 (0x00e78023) mem 0x00000000800120a0 0x00
core   0: 0x000000008000ff1c (0xfc843703) ld      a4, -56(s0)
core   0: 3 0x000000008000ff1c (0xfc843703) x14 0x0000000080012040 mem 0x0000000080031f38
core   0: 0x000000008000ff20 (0xfb843783) ld      a5, -72(s0)
core   0: 3 0x000000008000ff20 (0xfb843783) x15 0x000000000000009c mem 0x0000000080031f28
core   0: 0x000000008000ff24 (0x000097ba) c.add   a5, a4
core   0: 3 0x000000008000ff24 (0x97ba) x15 0x00000000800120dc
core   0: 0x000000008000ff26 (0xfe043703) ld      a4, -32(s0)
core   0: 3 0x000000008000ff26 (0xfe043703) x14 0x00000000800120a1 mem 0x0000000080031f50
core   0: 0x000000008000ff2a (0xfcf76de3) bltu    a4, a5, pc - 38
core   0: 3 0x000000008000ff2a (0xfcf76de3)
core   0: 0x000000008000ff04 (0xfe043783) ld      a5, -32(s0)
core   0: 3 0x000000008000ff04 (0xfe043783) x15 0x00000000800120a1 mem 0x0000000080031f50
core   0: 0x000000008000ff08 (0x00178713) addi    a4, a5, 1
core   0: 3 0x000000008000ff08 (0x00178713) x14 0x00000000800120a2
core   0: 0x000000008000ff0c (0xfee43023) sd      a4, -32(s0)
core   0: 3 0x000000008000ff0c (0xfee43023) mem 0x0000000080031f50 0x00000000800120a2
core   0: 0x000000008000ff10 (0xfc442703) lw      a4, -60(s0)
core   0: 3 0x000000008000ff10 (0xfc442703) x14 0x0000000000000000 mem 0x0000000080031f34
core   0: 0x000000008000ff14 (0x0ff77713) andi    a4, a4, 255
core   0: 3 0x000000008000ff14 (0x0ff77713) x14 0x0000000000000000
core   0: 0x000000008000ff18 (0x00e78023) sb      a4, 0(a5)
core   0: 3 0x000000008000ff18 (0x00e78023) mem 0x00000000800120a1 0x00
core   0: 0x000000008000ff1c (0xfc843703) ld      a4, -56(s0)
core   0: 3 0x000000008000ff1c (0xfc843703) x14 0x0000000080012040 mem 0x0000000080031f38
core   0: 0x000000008000ff20 (0xfb843783) ld      a5, -72(s0)
core   0: 3 0x000000008000ff20 (0xfb843783) x15 0x000000000000009c mem 0x0000000080031f28
core   0: 0x000000008000ff24 (0x000097ba) c.add   a5, a4
core   0: 3 0x000000008000ff24 (0x97ba) x15 0x00000000800120dc
core   0: 0x000000008000ff26 (0xfe043703) ld      a4, -32(s0)
core   0: 3 0x000000008000ff26 (0xfe043703) x14 0x00000000800120a2 mem 0x0000000080031f50
core   0: 0x000000008000ff2a (0xfcf76de3) bltu    a4, a5, pc - 38
core   0: 3 0x000000008000ff2a (0xfcf76de3)
core   0: 0x000000008000ff04 (0xfe043783) ld      a5, -32(s0)
core   0: 3 0x000000008000ff04 (0xfe043783) x15 0x00000000800120a2 mem 0x0000000080031f50
core   0: 0x000000008000ff08 (0x00178713) addi    a4, a5, 1
core   0: 3 0x000000008000ff08 (0x00178713) x14 0x00000000800120a3
core   0: 0x000000008000ff0c (0xfee43023) sd      a4, -32(s0)
core   0: 3 0x000000008000ff0c (0xfee43023) mem 0x0000000080031f50 0x00000000800120a3
core   0: 0x000000008000ff10 (0xfc442703) lw      a4, -60(s0)
core   0: 3 0x000000008000ff10 (0xfc442703) x14 0x0000000000000000 mem 0x0000000080031f34
core   0: 0x000000008000ff14 (0x0ff77713) andi    a4, a4, 255
core   0: 3 0x000000008000ff14 (0x0ff77713) x14 0x0000000000000000
core   0: 0x000000008000ff18 (0x00e78023) sb      a4, 0(a5)
core   0: 3 0x000000008000ff18 (0x00e78023) mem 0x00000000800120a2 0x00
core   0: 0x000000008000ff1c (0xfc843703) ld      a4, -56(s0)
core   0: 3 0x000000008000ff1c (0xfc843703) x14 0x0000000080012040 mem 0x0000000080031f38
core   0: 0x000000008000ff20 (0xfb843783) ld      a5, -72(s0)
core   0: 3 0x000000008000ff20 (0xfb843783) x15 0x000000000000009c mem 0x0000000080031f28
core   0: 0x000000008000ff24 (0x000097ba) c.add   a5, a4
core   0: 3 0x000000008000ff24 (0x97ba) x15 0x00000000800120dc
core   0: 0x000000008000ff26 (0xfe043703) ld      a4, -32(s0)
core   0: 3 0x000000008000ff26 (0xfe043703) x14 0x00000000800120a3 mem 0x0000000080031f50
core   0: 0x000000008000ff2a (0xfcf76de3) bltu    a4, a5, pc - 38
core   0: 3 0x000000008000ff2a (0xfcf76de3)
core   0: 0x000000008000ff04 (0xfe043783) ld      a5, -32(s0)
core   0: 3 0x000000008000ff04 (0xfe043783) x15 0x00000000800120a3 mem 0x0000000080031f50
core   0: 0x000000008000ff08 (0x00178713) addi    a4, a5, 1
core   0: 3 0x000000008000ff08 (0x00178713) x14 0x00000000800120a4
core   0: 0x000000008000ff0c (0xfee43023) sd      a4, -32(s0)
core   0: 3 0x000000008000ff0c (0xfee43023) mem 0x0000000080031f50 0x00000000800120a4
core   0: 0x000000008000ff10 (0xfc442703) lw      a4, -60(s0)
core   0: 3 0x000000008000ff10 (0xfc442703) x14 0x0000000000000000 mem 0x0000000080031f34
core   0: 0x000000008000ff14 (0x0ff77713) andi    a4, a4, 255
core   0: 3 0x000000008000ff14 (0x0ff77713) x14 0x0000000000000000
core   0: 0x000000008000ff18 (0x00e78023) sb      a4, 0(a5)
core   0: 3 0x000000008000ff18 (0x00e78023) mem 0x00000000800120a3 0x00
core   0: 0x000000008000ff1c (0xfc843703) ld      a4, -56(s0)
core   0: 3 0x000000008000ff1c (0xfc843703) x14 0x0000000080012040 mem 0x0000000080031f38
core   0: 0x000000008000ff20 (0xfb843783) ld      a5, -72(s0)
core   0: 3 0x000000008000ff20 (0xfb843783) x15 0x000000000000009c mem 0x0000000080031f28
core   0: 0x000000008000ff24 (0x000097ba) c.add   a5, a4
core   0: 3 0x000000008000ff24 (0x97ba) x15 0x00000000800120dc
core   0: 0x000000008000ff26 (0xfe043703) ld      a4, -32(s0)
core   0: 3 0x000000008000ff26 (0xfe043703) x14 0x00000000800120a4 mem 0x0000000080031f50
core   0: 0x000000008000ff2a (0xfcf76de3) bltu    a4, a5, pc - 38
core   0: 3 0x000000008000ff2a (0xfcf76de3)
core   0: 0x000000008000ff04 (0xfe043783) ld      a5, -32(s0)
core   0: 3 0x000000008000ff04 (0xfe043783) x15 0x00000000800120a4 mem 0x0000000080031f50
core   0: 0x000000008000ff08 (0x00178713) addi    a4, a5, 1
core   0: 3 0x000000008000ff08 (0x00178713) x14 0x00000000800120a5
core   0: 0x000000008000ff0c (0xfee43023) sd      a4, -32(s0)
core   0: 3 0x000000008000ff0c (0xfee43023) mem 0x0000000080031f50 0x00000000800120a5
core   0: 0x000000008000ff10 (0xfc442703) lw      a4, -60(s0)
core   0: 3 0x000000008000ff10 (0xfc442703) x14 0x0000000000000000 mem 0x0000000080031f34
core   0: 0x000000008000ff14 (0x0ff77713) andi    a4, a4, 255
core   0: 3 0x000000008000ff14 (0x0ff77713) x14 0x0000000000000000
core   0: 0x000000008000ff18 (0x00e78023) sb      a4, 0(a5)
core   0: 3 0x000000008000ff18 (0x00e78023) mem 0x00000000800120a4 0x00
core   0: 0x000000008000ff1c (0xfc843703) ld      a4, -56(s0)
core   0: 3 0x000000008000ff1c (0xfc843703) x14 0x0000000080012040 mem 0x0000000080031f38
core   0: 0x000000008000ff20 (0xfb843783) ld      a5, -72(s0)
core   0: 3 0x000000008000ff20 (0xfb843783) x15 0x000000000000009c mem 0x0000000080031f28
core   0: 0x000000008000ff24 (0x000097ba) c.add   a5, a4
core   0: 3 0x000000008000ff24 (0x97ba) x15 0x00000000800120dc
core   0: 0x000000008000ff26 (0xfe043703) ld      a4, -32(s0)
core   0: 3 0x000000008000ff26 (0xfe043703) x14 0x00000000800120a5 mem 0x0000000080031f50
core   0: 0x000000008000ff2a (0xfcf76de3) bltu    a4, a5, pc - 38
core   0: 3 0x000000008000ff2a (0xfcf76de3)
core   0: 0x000000008000ff04 (0xfe043783) ld      a5, -32(s0)
core   0: 3 0x000000008000ff04 (0xfe043783) x15 0x00000000800120a5 mem 0x0000000080031f50
core   0: 0x000000008000ff08 (0x00178713) addi    a4, a5, 1
core   0: 3 0x000000008000ff08 (0x00178713) x14 0x00000000800120a6
core   0: 0x000000008000ff0c (0xfee43023) sd      a4, -32(s0)
core   0: 3 0x000000008000ff0c (0xfee43023) mem 0x0000000080031f50 0x00000000800120a6
core   0: 0x000000008000ff10 (0xfc442703) lw      a4, -60(s0)
core   0: 3 0x000000008000ff10 (0xfc442703) x14 0x0000000000000000 mem 0x0000000080031f34
core   0: 0x000000008000ff14 (0x0ff77713) andi    a4, a4, 255
core   0: 3 0x000000008000ff14 (0x0ff77713) x14 0x0000000000000000
core   0: 0x000000008000ff18 (0x00e78023) sb      a4, 0(a5)
core   0: 3 0x000000008000ff18 (0x00e78023) mem 0x00000000800120a5 0x00
core   0: 0x000000008000ff1c (0xfc843703) ld      a4, -56(s0)
core   0: 3 0x000000008000ff1c (0xfc843703) x14 0x0000000080012040 mem 0x0000000080031f38
core   0: 0x000000008000ff20 (0xfb843783) ld      a5, -72(s0)
core   0: 3 0x000000008000ff20 (0xfb843783) x15 0x000000000000009c mem 0x0000000080031f28
core   0: 0x000000008000ff24 (0x000097ba) c.add   a5, a4
core   0: 3 0x000000008000ff24 (0x97ba) x15 0x00000000800120dc
core   0: 0x000000008000ff26 (0xfe043703) ld      a4, -32(s0)
core   0: 3 0x000000008000ff26 (0xfe043703) x14 0x00000000800120a6 mem 0x0000000080031f50
core   0: 0x000000008000ff2a (0xfcf76de3) bltu    a4, a5, pc - 38
core   0: 3 0x000000008000ff2a (0xfcf76de3)
core   0: 0x000000008000ff04 (0xfe043783) ld      a5, -32(s0)
core   0: 3 0x000000008000ff04 (0xfe043783) x15 0x00000000800120a6 mem 0x0000000080031f50
core   0: 0x000000008000ff08 (0x00178713) addi    a4, a5, 1
core   0: 3 0x000000008000ff08 (0x00178713) x14 0x00000000800120a7
core   0: 0x000000008000ff0c (0xfee43023) sd      a4, -32(s0)
core   0: 3 0x000000008000ff0c (0xfee43023) mem 0x0000000080031f50 0x00000000800120a7
core   0: 0x000000008000ff10 (0xfc442703) lw      a4, -60(s0)
core   0: 3 0x000000008000ff10 (0xfc442703) x14 0x0000000000000000 mem 0x0000000080031f34
core   0: 0x000000008000ff14 (0x0ff77713) andi    a4, a4, 255
core   0: 3 0x000000008000ff14 (0x0ff77713) x14 0x0000000000000000
core   0: 0x000000008000ff18 (0x00e78023) sb      a4, 0(a5)
core   0: 3 0x000000008000ff18 (0x00e78023) mem 0x00000000800120a6 0x00
core   0: 0x000000008000ff1c (0xfc843703) ld      a4, -56(s0)
core   0: 3 0x000000008000ff1c (0xfc843703) x14 0x0000000080012040 mem 0x0000000080031f38
core   0: 0x000000008000ff20 (0xfb843783) ld      a5, -72(s0)
core   0: 3 0x000000008000ff20 (0xfb843783) x15 0x000000000000009c mem 0x0000000080031f28
core   0: 0x000000008000ff24 (0x000097ba) c.add   a5, a4
core   0: 3 0x000000008000ff24 (0x97ba) x15 0x00000000800120dc
core   0: 0x000000008000ff26 (0xfe043703) ld      a4, -32(s0)
core   0: 3 0x000000008000ff26 (0xfe043703) x14 0x00000000800120a7 mem 0x0000000080031f50
core   0: 0x000000008000ff2a (0xfcf76de3) bltu    a4, a5, pc - 38
core   0: 3 0x000000008000ff2a (0xfcf76de3)
core   0: 0x000000008000ff04 (0xfe043783) ld      a5, -32(s0)
core   0: 3 0x000000008000ff04 (0xfe043783) x15 0x00000000800120a7 mem 0x0000000080031f50
core   0: 0x000000008000ff08 (0x00178713) addi    a4, a5, 1
core   0: 3 0x000000008000ff08 (0x00178713) x14 0x00000000800120a8
core   0: 0x000000008000ff0c (0xfee43023) sd      a4, -32(s0)
core   0: 3 0x000000008000ff0c (0xfee43023) mem 0x0000000080031f50 0x00000000800120a8
core   0: 0x000000008000ff10 (0xfc442703) lw      a4, -60(s0)
core   0: 3 0x000000008000ff10 (0xfc442703) x14 0x0000000000000000 mem 0x0000000080031f34
core   0: 0x000000008000ff14 (0x0ff77713) andi    a4, a4, 255
core   0: 3 0x000000008000ff14 (0x0ff77713) x14 0x0000000000000000
core   0: 0x000000008000ff18 (0x00e78023) sb      a4, 0(a5)
core   0: 3 0x000000008000ff18 (0x00e78023) mem 0x00000000800120a7 0x00
core   0: 0x000000008000ff1c (0xfc843703) ld      a4, -56(s0)
core   0: 3 0x000000008000ff1c (0xfc843703) x14 0x0000000080012040 mem 0x0000000080031f38
core   0: 0x000000008000ff20 (0xfb843783) ld      a5, -72(s0)
core   0: 3 0x000000008000ff20 (0xfb843783) x15 0x000000000000009c mem 0x0000000080031f28
core   0: 0x000000008000ff24 (0x000097ba) c.add   a5, a4
core   0: 3 0x000000008000ff24 (0x97ba) x15 0x00000000800120dc
core   0: 0x000000008000ff26 (0xfe043703) ld      a4, -32(s0)
core   0: 3 0x000000008000ff26 (0xfe043703) x14 0x00000000800120a8 mem 0x0000000080031f50
core   0: 0x000000008000ff2a (0xfcf76de3) bltu    a4, a5, pc - 38
core   0: 3 0x000000008000ff2a (0xfcf76de3)
core   0: 0x000000008000ff04 (0xfe043783) ld      a5, -32(s0)
core   0: 3 0x000000008000ff04 (0xfe043783) x15 0x00000000800120a8 mem 0x0000000080031f50
core   0: 0x000000008000ff08 (0x00178713) addi    a4, a5, 1
core   0: 3 0x000000008000ff08 (0x00178713) x14 0x00000000800120a9
core   0: 0x000000008000ff0c (0xfee43023) sd      a4, -32(s0)
core   0: 3 0x000000008000ff0c (0xfee43023) mem 0x0000000080031f50 0x00000000800120a9
core   0: 0x000000008000ff10 (0xfc442703) lw      a4, -60(s0)
core   0: 3 0x000000008000ff10 (0xfc442703) x14 0x0000000000000000 mem 0x0000000080031f34
core   0: 0x000000008000ff14 (0x0ff77713) andi    a4, a4, 255
core   0: 3 0x000000008000ff14 (0x0ff77713) x14 0x0000000000000000
core   0: 0x000000008000ff18 (0x00e78023) sb      a4, 0(a5)
core   0: 3 0x000000008000ff18 (0x00e78023) mem 0x00000000800120a8 0x00
core   0: 0x000000008000ff1c (0xfc843703) ld      a4, -56(s0)
core   0: 3 0x000000008000ff1c (0xfc843703) x14 0x0000000080012040 mem 0x0000000080031f38
core   0: 0x000000008000ff20 (0xfb843783) ld      a5, -72(s0)
core   0: 3 0x000000008000ff20 (0xfb843783) x15 0x000000000000009c mem 0x0000000080031f28
core   0: 0x000000008000ff24 (0x000097ba) c.add   a5, a4
core   0: 3 0x000000008000ff24 (0x97ba) x15 0x00000000800120dc
core   0: 0x000000008000ff26 (0xfe043703) ld      a4, -32(s0)
core   0: 3 0x000000008000ff26 (0xfe043703) x14 0x00000000800120a9 mem 0x0000000080031f50
core   0: 0x000000008000ff2a (0xfcf76de3) bltu    a4, a5, pc - 38
core   0: 3 0x000000008000ff2a (0xfcf76de3)
core   0: 0x000000008000ff04 (0xfe043783) ld      a5, -32(s0)
core   0: 3 0x000000008000ff04 (0xfe043783) x15 0x00000000800120a9 mem 0x0000000080031f50
core   0: 0x000000008000ff08 (0x00178713) addi    a4, a5, 1
core   0: 3 0x000000008000ff08 (0x00178713) x14 0x00000000800120aa
core   0: 0x000000008000ff0c (0xfee43023) sd      a4, -32(s0)
core   0: 3 0x000000008000ff0c (0xfee43023) mem 0x0000000080031f50 0x00000000800120aa
core   0: 0x000000008000ff10 (0xfc442703) lw      a4, -60(s0)
core   0: 3 0x000000008000ff10 (0xfc442703) x14 0x0000000000000000 mem 0x0000000080031f34
core   0: 0x000000008000ff14 (0x0ff77713) andi    a4, a4, 255
core   0: 3 0x000000008000ff14 (0x0ff77713) x14 0x0000000000000000
core   0: 0x000000008000ff18 (0x00e78023) sb      a4, 0(a5)
core   0: 3 0x000000008000ff18 (0x00e78023) mem 0x00000000800120a9 0x00
core   0: 0x000000008000ff1c (0xfc843703) ld      a4, -56(s0)
core   0: 3 0x000000008000ff1c (0xfc843703) x14 0x0000000080012040 mem 0x0000000080031f38
core   0: 0x000000008000ff20 (0xfb843783) ld      a5, -72(s0)
core   0: 3 0x000000008000ff20 (0xfb843783) x15 0x000000000000009c mem 0x0000000080031f28
core   0: 0x000000008000ff24 (0x000097ba) c.add   a5, a4
core   0: 3 0x000000008000ff24 (0x97ba) x15 0x00000000800120dc
core   0: 0x000000008000ff26 (0xfe043703) ld      a4, -32(s0)
core   0: 3 0x000000008000ff26 (0xfe043703) x14 0x00000000800120aa mem 0x0000000080031f50
core   0: 0x000000008000ff2a (0xfcf76de3) bltu    a4, a5, pc - 38
core   0: 3 0x000000008000ff2a (0xfcf76de3)
core   0: 0x000000008000ff04 (0xfe043783) ld      a5, -32(s0)
core   0: 3 0x000000008000ff04 (0xfe043783) x15 0x00000000800120aa mem 0x0000000080031f50
core   0: 0x000000008000ff08 (0x00178713) addi    a4, a5, 1
core   0: 3 0x000000008000ff08 (0x00178713) x14 0x00000000800120ab
core   0: 0x000000008000ff0c (0xfee43023) sd      a4, -32(s0)
core   0: 3 0x000000008000ff0c (0xfee43023) mem 0x0000000080031f50 0x00000000800120ab
core   0: 0x000000008000ff10 (0xfc442703) lw      a4, -60(s0)
core   0: 3 0x000000008000ff10 (0xfc442703) x14 0x0000000000000000 mem 0x0000000080031f34
core   0: 0x000000008000ff14 (0x0ff77713) andi    a4, a4, 255
core   0: 3 0x000000008000ff14 (0x0ff77713) x14 0x0000000000000000
core   0: 0x000000008000ff18 (0x00e78023) sb      a4, 0(a5)
core   0: 3 0x000000008000ff18 (0x00e78023) mem 0x00000000800120aa 0x00
core   0: 0x000000008000ff1c (0xfc843703) ld      a4, -56(s0)
core   0: 3 0x000000008000ff1c (0xfc843703) x14 0x0000000080012040 mem 0x0000000080031f38
core   0: 0x000000008000ff20 (0xfb843783) ld      a5, -72(s0)
core   0: 3 0x000000008000ff20 (0xfb843783) x15 0x000000000000009c mem 0x0000000080031f28
core   0: 0x000000008000ff24 (0x000097ba) c.add   a5, a4
core   0: 3 0x000000008000ff24 (0x97ba) x15 0x00000000800120dc
core   0: 0x000000008000ff26 (0xfe043703) ld      a4, -32(s0)
core   0: 3 0x000000008000ff26 (0xfe043703) x14 0x00000000800120ab mem 0x0000000080031f50
core   0: 0x000000008000ff2a (0xfcf76de3) bltu    a4, a5, pc - 38
core   0: 3 0x000000008000ff2a (0xfcf76de3)
core   0: 0x000000008000ff04 (0xfe043783) ld      a5, -32(s0)
core   0: 3 0x000000008000ff04 (0xfe043783) x15 0x00000000800120ab mem 0x0000000080031f50
core   0: 0x000000008000ff08 (0x00178713) addi    a4, a5, 1
core   0: 3 0x000000008000ff08 (0x00178713) x14 0x00000000800120ac
core   0: 0x000000008000ff0c (0xfee43023) sd      a4, -32(s0)
core   0: 3 0x000000008000ff0c (0xfee43023) mem 0x0000000080031f50 0x00000000800120ac
core   0: 0x000000008000ff10 (0xfc442703) lw      a4, -60(s0)
core   0: 3 0x000000008000ff10 (0xfc442703) x14 0x0000000000000000 mem 0x0000000080031f34
core   0: 0x000000008000ff14 (0x0ff77713) andi    a4, a4, 255
core   0: 3 0x000000008000ff14 (0x0ff77713) x14 0x0000000000000000
core   0: 0x000000008000ff18 (0x00e78023) sb      a4, 0(a5)
core   0: 3 0x000000008000ff18 (0x00e78023) mem 0x00000000800120ab 0x00
core   0: 0x000000008000ff1c (0xfc843703) ld      a4, -56(s0)
core   0: 3 0x000000008000ff1c (0xfc843703) x14 0x0000000080012040 mem 0x0000000080031f38
core   0: 0x000000008000ff20 (0xfb843783) ld      a5, -72(s0)
core   0: 3 0x000000008000ff20 (0xfb843783) x15 0x000000000000009c mem 0x0000000080031f28
core   0: 0x000000008000ff24 (0x000097ba) c.add   a5, a4
core   0: 3 0x000000008000ff24 (0x97ba) x15 0x00000000800120dc
core   0: 0x000000008000ff26 (0xfe043703) ld      a4, -32(s0)
core   0: 3 0x000000008000ff26 (0xfe043703) x14 0x00000000800120ac mem 0x0000000080031f50
core   0: 0x000000008000ff2a (0xfcf76de3) bltu    a4, a5, pc - 38
core   0: 3 0x000000008000ff2a (0xfcf76de3)
core   0: 0x000000008000ff04 (0xfe043783) ld      a5, -32(s0)
core   0: 3 0x000000008000ff04 (0xfe043783) x15 0x00000000800120ac mem 0x0000000080031f50
core   0: 0x000000008000ff08 (0x00178713) addi    a4, a5, 1
core   0: 3 0x000000008000ff08 (0x00178713) x14 0x00000000800120ad
core   0: 0x000000008000ff0c (0xfee43023) sd      a4, -32(s0)
core   0: 3 0x000000008000ff0c (0xfee43023) mem 0x0000000080031f50 0x00000000800120ad
core   0: 0x000000008000ff10 (0xfc442703) lw      a4, -60(s0)
core   0: 3 0x000000008000ff10 (0xfc442703) x14 0x0000000000000000 mem 0x0000000080031f34
core   0: 0x000000008000ff14 (0x0ff77713) andi    a4, a4, 255
core   0: 3 0x000000008000ff14 (0x0ff77713) x14 0x0000000000000000
core   0: 0x000000008000ff18 (0x00e78023) sb      a4, 0(a5)
core   0: 3 0x000000008000ff18 (0x00e78023) mem 0x00000000800120ac 0x00
core   0: 0x000000008000ff1c (0xfc843703) ld      a4, -56(s0)
core   0: 3 0x000000008000ff1c (0xfc843703) x14 0x0000000080012040 mem 0x0000000080031f38
core   0: 0x000000008000ff20 (0xfb843783) ld      a5, -72(s0)
core   0: 3 0x000000008000ff20 (0xfb843783) x15 0x000000000000009c mem 0x0000000080031f28
core   0: 0x000000008000ff24 (0x000097ba) c.add   a5, a4
core   0: 3 0x000000008000ff24 (0x97ba) x15 0x00000000800120dc
core   0: 0x000000008000ff26 (0xfe043703) ld      a4, -32(s0)
core   0: 3 0x000000008000ff26 (0xfe043703) x14 0x00000000800120ad mem 0x0000000080031f50
core   0: 0x000000008000ff2a (0xfcf76de3) bltu    a4, a5, pc - 38
core   0: 3 0x000000008000ff2a (0xfcf76de3)
core   0: 0x000000008000ff04 (0xfe043783) ld      a5, -32(s0)
core   0: 3 0x000000008000ff04 (0xfe043783) x15 0x00000000800120ad mem 0x0000000080031f50
core   0: 0x000000008000ff08 (0x00178713) addi    a4, a5, 1
core   0: 3 0x000000008000ff08 (0x00178713) x14 0x00000000800120ae
core   0: 0x000000008000ff0c (0xfee43023) sd      a4, -32(s0)
core   0: 3 0x000000008000ff0c (0xfee43023) mem 0x0000000080031f50 0x00000000800120ae
core   0: 0x000000008000ff10 (0xfc442703) lw      a4, -60(s0)
core   0: 3 0x000000008000ff10 (0xfc442703) x14 0x0000000000000000 mem 0x0000000080031f34
core   0: 0x000000008000ff14 (0x0ff77713) andi    a4, a4, 255
core   0: 3 0x000000008000ff14 (0x0ff77713) x14 0x0000000000000000
core   0: 0x000000008000ff18 (0x00e78023) sb      a4, 0(a5)
core   0: 3 0x000000008000ff18 (0x00e78023) mem 0x00000000800120ad 0x00
core   0: 0x000000008000ff1c (0xfc843703) ld      a4, -56(s0)
core   0: 3 0x000000008000ff1c (0xfc843703) x14 0x0000000080012040 mem 0x0000000080031f38
core   0: 0x000000008000ff20 (0xfb843783) ld      a5, -72(s0)
core   0: 3 0x000000008000ff20 (0xfb843783) x15 0x000000000000009c mem 0x0000000080031f28
core   0: 0x000000008000ff24 (0x000097ba) c.add   a5, a4
core   0: 3 0x000000008000ff24 (0x97ba) x15 0x00000000800120dc
core   0: 0x000000008000ff26 (0xfe043703) ld      a4, -32(s0)
core   0: 3 0x000000008000ff26 (0xfe043703) x14 0x00000000800120ae mem 0x0000000080031f50
core   0: 0x000000008000ff2a (0xfcf76de3) bltu    a4, a5, pc - 38
core   0: 3 0x000000008000ff2a (0xfcf76de3)
core   0: 0x000000008000ff04 (0xfe043783) ld      a5, -32(s0)
core   0: 3 0x000000008000ff04 (0xfe043783) x15 0x00000000800120ae mem 0x0000000080031f50
core   0: 0x000000008000ff08 (0x00178713) addi    a4, a5, 1
core   0: 3 0x000000008000ff08 (0x00178713) x14 0x00000000800120af
core   0: 0x000000008000ff0c (0xfee43023) sd      a4, -32(s0)
core   0: 3 0x000000008000ff0c (0xfee43023) mem 0x0000000080031f50 0x00000000800120af
core   0: 0x000000008000ff10 (0xfc442703) lw      a4, -60(s0)
core   0: 3 0x000000008000ff10 (0xfc442703) x14 0x0000000000000000 mem 0x0000000080031f34
core   0: 0x000000008000ff14 (0x0ff77713) andi    a4, a4, 255
core   0: 3 0x000000008000ff14 (0x0ff77713) x14 0x0000000000000000
core   0: 0x000000008000ff18 (0x00e78023) sb      a4, 0(a5)
core   0: 3 0x000000008000ff18 (0x00e78023) mem 0x00000000800120ae 0x00
core   0: 0x000000008000ff1c (0xfc843703) ld      a4, -56(s0)
core   0: 3 0x000000008000ff1c (0xfc843703) x14 0x0000000080012040 mem 0x0000000080031f38
core   0: 0x000000008000ff20 (0xfb843783) ld      a5, -72(s0)
core   0: 3 0x000000008000ff20 (0xfb843783) x15 0x000000000000009c mem 0x0000000080031f28
core   0: 0x000000008000ff24 (0x000097ba) c.add   a5, a4
core   0: 3 0x000000008000ff24 (0x97ba) x15 0x00000000800120dc
core   0: 0x000000008000ff26 (0xfe043703) ld      a4, -32(s0)
core   0: 3 0x000000008000ff26 (0xfe043703) x14 0x00000000800120af mem 0x0000000080031f50
core   0: 0x000000008000ff2a (0xfcf76de3) bltu    a4, a5, pc - 38
core   0: 3 0x000000008000ff2a (0xfcf76de3)
core   0: 0x000000008000ff04 (0xfe043783) ld      a5, -32(s0)
core   0: 3 0x000000008000ff04 (0xfe043783) x15 0x00000000800120af mem 0x0000000080031f50
core   0: 0x000000008000ff08 (0x00178713) addi    a4, a5, 1
core   0: 3 0x000000008000ff08 (0x00178713) x14 0x00000000800120b0
core   0: 0x000000008000ff0c (0xfee43023) sd      a4, -32(s0)
core   0: 3 0x000000008000ff0c (0xfee43023) mem 0x0000000080031f50 0x00000000800120b0
core   0: 0x000000008000ff10 (0xfc442703) lw      a4, -60(s0)
core   0: 3 0x000000008000ff10 (0xfc442703) x14 0x0000000000000000 mem 0x0000000080031f34
core   0: 0x000000008000ff14 (0x0ff77713) andi    a4, a4, 255
core   0: 3 0x000000008000ff14 (0x0ff77713) x14 0x0000000000000000
core   0: 0x000000008000ff18 (0x00e78023) sb      a4, 0(a5)
core   0: 3 0x000000008000ff18 (0x00e78023) mem 0x00000000800120af 0x00
core   0: 0x000000008000ff1c (0xfc843703) ld      a4, -56(s0)
core   0: 3 0x000000008000ff1c (0xfc843703) x14 0x0000000080012040 mem 0x0000000080031f38
core   0: 0x000000008000ff20 (0xfb843783) ld      a5, -72(s0)
core   0: 3 0x000000008000ff20 (0xfb843783) x15 0x000000000000009c mem 0x0000000080031f28
core   0: 0x000000008000ff24 (0x000097ba) c.add   a5, a4
core   0: 3 0x000000008000ff24 (0x97ba) x15 0x00000000800120dc
core   0: 0x000000008000ff26 (0xfe043703) ld      a4, -32(s0)
core   0: 3 0x000000008000ff26 (0xfe043703) x14 0x00000000800120b0 mem 0x0000000080031f50
core   0: 0x000000008000ff2a (0xfcf76de3) bltu    a4, a5, pc - 38
core   0: 3 0x000000008000ff2a (0xfcf76de3)
core   0: 0x000000008000ff04 (0xfe043783) ld      a5, -32(s0)
core   0: 3 0x000000008000ff04 (0xfe043783) x15 0x00000000800120b0 mem 0x0000000080031f50
core   0: 0x000000008000ff08 (0x00178713) addi    a4, a5, 1
core   0: 3 0x000000008000ff08 (0x00178713) x14 0x00000000800120b1
core   0: 0x000000008000ff0c (0xfee43023) sd      a4, -32(s0)
core   0: 3 0x000000008000ff0c (0xfee43023) mem 0x0000000080031f50 0x00000000800120b1
core   0: 0x000000008000ff10 (0xfc442703) lw      a4, -60(s0)
core   0: 3 0x000000008000ff10 (0xfc442703) x14 0x0000000000000000 mem 0x0000000080031f34
core   0: 0x000000008000ff14 (0x0ff77713) andi    a4, a4, 255
core   0: 3 0x000000008000ff14 (0x0ff77713) x14 0x0000000000000000
core   0: 0x000000008000ff18 (0x00e78023) sb      a4, 0(a5)
core   0: 3 0x000000008000ff18 (0x00e78023) mem 0x00000000800120b0 0x00
core   0: 0x000000008000ff1c (0xfc843703) ld      a4, -56(s0)
core   0: 3 0x000000008000ff1c (0xfc843703) x14 0x0000000080012040 mem 0x0000000080031f38
core   0: 0x000000008000ff20 (0xfb843783) ld      a5, -72(s0)
core   0: 3 0x000000008000ff20 (0xfb843783) x15 0x000000000000009c mem 0x0000000080031f28
core   0: 0x000000008000ff24 (0x000097ba) c.add   a5, a4
core   0: 3 0x000000008000ff24 (0x97ba) x15 0x00000000800120dc
core   0: 0x000000008000ff26 (0xfe043703) ld      a4, -32(s0)
core   0: 3 0x000000008000ff26 (0xfe043703) x14 0x00000000800120b1 mem 0x0000000080031f50
core   0: 0x000000008000ff2a (0xfcf76de3) bltu    a4, a5, pc - 38
core   0: 3 0x000000008000ff2a (0xfcf76de3)
core   0: 0x000000008000ff04 (0xfe043783) ld      a5, -32(s0)
core   0: 3 0x000000008000ff04 (0xfe043783) x15 0x00000000800120b1 mem 0x0000000080031f50
core   0: 0x000000008000ff08 (0x00178713) addi    a4, a5, 1
core   0: 3 0x000000008000ff08 (0x00178713) x14 0x00000000800120b2
core   0: 0x000000008000ff0c (0xfee43023) sd      a4, -32(s0)
core   0: 3 0x000000008000ff0c (0xfee43023) mem 0x0000000080031f50 0x00000000800120b2
core   0: 0x000000008000ff10 (0xfc442703) lw      a4, -60(s0)
core   0: 3 0x000000008000ff10 (0xfc442703) x14 0x0000000000000000 mem 0x0000000080031f34
core   0: 0x000000008000ff14 (0x0ff77713) andi    a4, a4, 255
core   0: 3 0x000000008000ff14 (0x0ff77713) x14 0x0000000000000000
core   0: 0x000000008000ff18 (0x00e78023) sb      a4, 0(a5)
core   0: 3 0x000000008000ff18 (0x00e78023) mem 0x00000000800120b1 0x00
core   0: 0x000000008000ff1c (0xfc843703) ld      a4, -56(s0)
core   0: 3 0x000000008000ff1c (0xfc843703) x14 0x0000000080012040 mem 0x0000000080031f38
core   0: 0x000000008000ff20 (0xfb843783) ld      a5, -72(s0)
core   0: 3 0x000000008000ff20 (0xfb843783) x15 0x000000000000009c mem 0x0000000080031f28
core   0: 0x000000008000ff24 (0x000097ba) c.add   a5, a4
core   0: 3 0x000000008000ff24 (0x97ba) x15 0x00000000800120dc
core   0: 0x000000008000ff26 (0xfe043703) ld      a4, -32(s0)
core   0: 3 0x000000008000ff26 (0xfe043703) x14 0x00000000800120b2 mem 0x0000000080031f50
core   0: 0x000000008000ff2a (0xfcf76de3) bltu    a4, a5, pc - 38
core   0: 3 0x000000008000ff2a (0xfcf76de3)
core   0: 0x000000008000ff04 (0xfe043783) ld      a5, -32(s0)
core   0: 3 0x000000008000ff04 (0xfe043783) x15 0x00000000800120b2 mem 0x0000000080031f50
core   0: 0x000000008000ff08 (0x00178713) addi    a4, a5, 1
core   0: 3 0x000000008000ff08 (0x00178713) x14 0x00000000800120b3
core   0: 0x000000008000ff0c (0xfee43023) sd      a4, -32(s0)
core   0: 3 0x000000008000ff0c (0xfee43023) mem 0x0000000080031f50 0x00000000800120b3
core   0: 0x000000008000ff10 (0xfc442703) lw      a4, -60(s0)
core   0: 3 0x000000008000ff10 (0xfc442703) x14 0x0000000000000000 mem 0x0000000080031f34
core   0: 0x000000008000ff14 (0x0ff77713) andi    a4, a4, 255
core   0: 3 0x000000008000ff14 (0x0ff77713) x14 0x0000000000000000
core   0: 0x000000008000ff18 (0x00e78023) sb      a4, 0(a5)
core   0: 3 0x000000008000ff18 (0x00e78023) mem 0x00000000800120b2 0x00
core   0: 0x000000008000ff1c (0xfc843703) ld      a4, -56(s0)
core   0: 3 0x000000008000ff1c (0xfc843703) x14 0x0000000080012040 mem 0x0000000080031f38
core   0: 0x000000008000ff20 (0xfb843783) ld      a5, -72(s0)
core   0: 3 0x000000008000ff20 (0xfb843783) x15 0x000000000000009c mem 0x0000000080031f28
core   0: 0x000000008000ff24 (0x000097ba) c.add   a5, a4
core   0: 3 0x000000008000ff24 (0x97ba) x15 0x00000000800120dc
core   0: 0x000000008000ff26 (0xfe043703) ld      a4, -32(s0)
core   0: 3 0x000000008000ff26 (0xfe043703) x14 0x00000000800120b3 mem 0x0000000080031f50
core   0: 0x000000008000ff2a (0xfcf76de3) bltu    a4, a5, pc - 38
core   0: 3 0x000000008000ff2a (0xfcf76de3)
core   0: 0x000000008000ff04 (0xfe043783) ld      a5, -32(s0)
core   0: 3 0x000000008000ff04 (0xfe043783) x15 0x00000000800120b3 mem 0x0000000080031f50
core   0: 0x000000008000ff08 (0x00178713) addi    a4, a5, 1
core   0: 3 0x000000008000ff08 (0x00178713) x14 0x00000000800120b4
core   0: 0x000000008000ff0c (0xfee43023) sd      a4, -32(s0)
core   0: 3 0x000000008000ff0c (0xfee43023) mem 0x0000000080031f50 0x00000000800120b4
core   0: 0x000000008000ff10 (0xfc442703) lw      a4, -60(s0)
core   0: 3 0x000000008000ff10 (0xfc442703) x14 0x0000000000000000 mem 0x0000000080031f34
core   0: 0x000000008000ff14 (0x0ff77713) andi    a4, a4, 255
core   0: 3 0x000000008000ff14 (0x0ff77713) x14 0x0000000000000000
core   0: 0x000000008000ff18 (0x00e78023) sb      a4, 0(a5)
core   0: 3 0x000000008000ff18 (0x00e78023) mem 0x00000000800120b3 0x00
core   0: 0x000000008000ff1c (0xfc843703) ld      a4, -56(s0)
core   0: 3 0x000000008000ff1c (0xfc843703) x14 0x0000000080012040 mem 0x0000000080031f38
core   0: 0x000000008000ff20 (0xfb843783) ld      a5, -72(s0)
core   0: 3 0x000000008000ff20 (0xfb843783) x15 0x000000000000009c mem 0x0000000080031f28
core   0: 0x000000008000ff24 (0x000097ba) c.add   a5, a4
core   0: 3 0x000000008000ff24 (0x97ba) x15 0x00000000800120dc
core   0: 0x000000008000ff26 (0xfe043703) ld      a4, -32(s0)
core   0: 3 0x000000008000ff26 (0xfe043703) x14 0x00000000800120b4 mem 0x0000000080031f50
core   0: 0x000000008000ff2a (0xfcf76de3) bltu    a4, a5, pc - 38
core   0: 3 0x000000008000ff2a (0xfcf76de3)
core   0: 0x000000008000ff04 (0xfe043783) ld      a5, -32(s0)
core   0: 3 0x000000008000ff04 (0xfe043783) x15 0x00000000800120b4 mem 0x0000000080031f50
core   0: 0x000000008000ff08 (0x00178713) addi    a4, a5, 1
core   0: 3 0x000000008000ff08 (0x00178713) x14 0x00000000800120b5
core   0: 0x000000008000ff0c (0xfee43023) sd      a4, -32(s0)
core   0: 3 0x000000008000ff0c (0xfee43023) mem 0x0000000080031f50 0x00000000800120b5
core   0: 0x000000008000ff10 (0xfc442703) lw      a4, -60(s0)
core   0: 3 0x000000008000ff10 (0xfc442703) x14 0x0000000000000000 mem 0x0000000080031f34
core   0: 0x000000008000ff14 (0x0ff77713) andi    a4, a4, 255
core   0: 3 0x000000008000ff14 (0x0ff77713) x14 0x0000000000000000
core   0: 0x000000008000ff18 (0x00e78023) sb      a4, 0(a5)
core   0: 3 0x000000008000ff18 (0x00e78023) mem 0x00000000800120b4 0x00
core   0: 0x000000008000ff1c (0xfc843703) ld      a4, -56(s0)
core   0: 3 0x000000008000ff1c (0xfc843703) x14 0x0000000080012040 mem 0x0000000080031f38
core   0: 0x000000008000ff20 (0xfb843783) ld      a5, -72(s0)
core   0: 3 0x000000008000ff20 (0xfb843783) x15 0x000000000000009c mem 0x0000000080031f28
core   0: 0x000000008000ff24 (0x000097ba) c.add   a5, a4
core   0: 3 0x000000008000ff24 (0x97ba) x15 0x00000000800120dc
core   0: 0x000000008000ff26 (0xfe043703) ld      a4, -32(s0)
core   0: 3 0x000000008000ff26 (0xfe043703) x14 0x00000000800120b5 mem 0x0000000080031f50
core   0: 0x000000008000ff2a (0xfcf76de3) bltu    a4, a5, pc - 38
core   0: 3 0x000000008000ff2a (0xfcf76de3)
core   0: 0x000000008000ff04 (0xfe043783) ld      a5, -32(s0)
core   0: 3 0x000000008000ff04 (0xfe043783) x15 0x00000000800120b5 mem 0x0000000080031f50
core   0: 0x000000008000ff08 (0x00178713) addi    a4, a5, 1
core   0: 3 0x000000008000ff08 (0x00178713) x14 0x00000000800120b6
core   0: 0x000000008000ff0c (0xfee43023) sd      a4, -32(s0)
core   0: 3 0x000000008000ff0c (0xfee43023) mem 0x0000000080031f50 0x00000000800120b6
core   0: 0x000000008000ff10 (0xfc442703) lw      a4, -60(s0)
core   0: 3 0x000000008000ff10 (0xfc442703) x14 0x0000000000000000 mem 0x0000000080031f34
core   0: 0x000000008000ff14 (0x0ff77713) andi    a4, a4, 255
core   0: 3 0x000000008000ff14 (0x0ff77713) x14 0x0000000000000000
core   0: 0x000000008000ff18 (0x00e78023) sb      a4, 0(a5)
core   0: 3 0x000000008000ff18 (0x00e78023) mem 0x00000000800120b5 0x00
core   0: 0x000000008000ff1c (0xfc843703) ld      a4, -56(s0)
core   0: 3 0x000000008000ff1c (0xfc843703) x14 0x0000000080012040 mem 0x0000000080031f38
core   0: 0x000000008000ff20 (0xfb843783) ld      a5, -72(s0)
core   0: 3 0x000000008000ff20 (0xfb843783) x15 0x000000000000009c mem 0x0000000080031f28
core   0: 0x000000008000ff24 (0x000097ba) c.add   a5, a4
core   0: 3 0x000000008000ff24 (0x97ba) x15 0x00000000800120dc
core   0: 0x000000008000ff26 (0xfe043703) ld      a4, -32(s0)
core   0: 3 0x000000008000ff26 (0xfe043703) x14 0x00000000800120b6 mem 0x0000000080031f50
core   0: 0x000000008000ff2a (0xfcf76de3) bltu    a4, a5, pc - 38
core   0: 3 0x000000008000ff2a (0xfcf76de3)
core   0: 0x000000008000ff04 (0xfe043783) ld      a5, -32(s0)
core   0: 3 0x000000008000ff04 (0xfe043783) x15 0x00000000800120b6 mem 0x0000000080031f50
core   0: 0x000000008000ff08 (0x00178713) addi    a4, a5, 1
core   0: 3 0x000000008000ff08 (0x00178713) x14 0x00000000800120b7
core   0: 0x000000008000ff0c (0xfee43023) sd      a4, -32(s0)
core   0: 3 0x000000008000ff0c (0xfee43023) mem 0x0000000080031f50 0x00000000800120b7
core   0: 0x000000008000ff10 (0xfc442703) lw      a4, -60(s0)
core   0: 3 0x000000008000ff10 (0xfc442703) x14 0x0000000000000000 mem 0x0000000080031f34
core   0: 0x000000008000ff14 (0x0ff77713) andi    a4, a4, 255
core   0: 3 0x000000008000ff14 (0x0ff77713) x14 0x0000000000000000
core   0: 0x000000008000ff18 (0x00e78023) sb      a4, 0(a5)
core   0: 3 0x000000008000ff18 (0x00e78023) mem 0x00000000800120b6 0x00
core   0: 0x000000008000ff1c (0xfc843703) ld      a4, -56(s0)
core   0: 3 0x000000008000ff1c (0xfc843703) x14 0x0000000080012040 mem 0x0000000080031f38
core   0: 0x000000008000ff20 (0xfb843783) ld      a5, -72(s0)
core   0: 3 0x000000008000ff20 (0xfb843783) x15 0x000000000000009c mem 0x0000000080031f28
core   0: 0x000000008000ff24 (0x000097ba) c.add   a5, a4
core   0: 3 0x000000008000ff24 (0x97ba) x15 0x00000000800120dc
core   0: 0x000000008000ff26 (0xfe043703) ld      a4, -32(s0)
core   0: 3 0x000000008000ff26 (0xfe043703) x14 0x00000000800120b7 mem 0x0000000080031f50
core   0: 0x000000008000ff2a (0xfcf76de3) bltu    a4, a5, pc - 38
core   0: 3 0x000000008000ff2a (0xfcf76de3)
core   0: 0x000000008000ff04 (0xfe043783) ld      a5, -32(s0)
core   0: 3 0x000000008000ff04 (0xfe043783) x15 0x00000000800120b7 mem 0x0000000080031f50
core   0: 0x000000008000ff08 (0x00178713) addi    a4, a5, 1
core   0: 3 0x000000008000ff08 (0x00178713) x14 0x00000000800120b8
core   0: 0x000000008000ff0c (0xfee43023) sd      a4, -32(s0)
core   0: 3 0x000000008000ff0c (0xfee43023) mem 0x0000000080031f50 0x00000000800120b8
core   0: 0x000000008000ff10 (0xfc442703) lw      a4, -60(s0)
core   0: 3 0x000000008000ff10 (0xfc442703) x14 0x0000000000000000 mem 0x0000000080031f34
core   0: 0x000000008000ff14 (0x0ff77713) andi    a4, a4, 255
core   0: 3 0x000000008000ff14 (0x0ff77713) x14 0x0000000000000000
core   0: 0x000000008000ff18 (0x00e78023) sb      a4, 0(a5)
core   0: 3 0x000000008000ff18 (0x00e78023) mem 0x00000000800120b7 0x00
core   0: 0x000000008000ff1c (0xfc843703) ld      a4, -56(s0)
core   0: 3 0x000000008000ff1c (0xfc843703) x14 0x0000000080012040 mem 0x0000000080031f38
core   0: 0x000000008000ff20 (0xfb843783) ld      a5, -72(s0)
core   0: 3 0x000000008000ff20 (0xfb843783) x15 0x000000000000009c mem 0x0000000080031f28
core   0: 0x000000008000ff24 (0x000097ba) c.add   a5, a4
core   0: 3 0x000000008000ff24 (0x97ba) x15 0x00000000800120dc
core   0: 0x000000008000ff26 (0xfe043703) ld      a4, -32(s0)
core   0: 3 0x000000008000ff26 (0xfe043703) x14 0x00000000800120b8 mem 0x0000000080031f50
core   0: 0x000000008000ff2a (0xfcf76de3) bltu    a4, a5, pc - 38
core   0: 3 0x000000008000ff2a (0xfcf76de3)
core   0: 0x000000008000ff04 (0xfe043783) ld      a5, -32(s0)
core   0: 3 0x000000008000ff04 (0xfe043783) x15 0x00000000800120b8 mem 0x0000000080031f50
core   0: 0x000000008000ff08 (0x00178713) addi    a4, a5, 1
core   0: 3 0x000000008000ff08 (0x00178713) x14 0x00000000800120b9
core   0: 0x000000008000ff0c (0xfee43023) sd      a4, -32(s0)
core   0: 3 0x000000008000ff0c (0xfee43023) mem 0x0000000080031f50 0x00000000800120b9
core   0: 0x000000008000ff10 (0xfc442703) lw      a4, -60(s0)
core   0: 3 0x000000008000ff10 (0xfc442703) x14 0x0000000000000000 mem 0x0000000080031f34
core   0: 0x000000008000ff14 (0x0ff77713) andi    a4, a4, 255
core   0: 3 0x000000008000ff14 (0x0ff77713) x14 0x0000000000000000
core   0: 0x000000008000ff18 (0x00e78023) sb      a4, 0(a5)
core   0: 3 0x000000008000ff18 (0x00e78023) mem 0x00000000800120b8 0x00
core   0: 0x000000008000ff1c (0xfc843703) ld      a4, -56(s0)
core   0: 3 0x000000008000ff1c (0xfc843703) x14 0x0000000080012040 mem 0x0000000080031f38
core   0: 0x000000008000ff20 (0xfb843783) ld      a5, -72(s0)
core   0: 3 0x000000008000ff20 (0xfb843783) x15 0x000000000000009c mem 0x0000000080031f28
core   0: 0x000000008000ff24 (0x000097ba) c.add   a5, a4
core   0: 3 0x000000008000ff24 (0x97ba) x15 0x00000000800120dc
core   0: 0x000000008000ff26 (0xfe043703) ld      a4, -32(s0)
core   0: 3 0x000000008000ff26 (0xfe043703) x14 0x00000000800120b9 mem 0x0000000080031f50
core   0: 0x000000008000ff2a (0xfcf76de3) bltu    a4, a5, pc - 38
core   0: 3 0x000000008000ff2a (0xfcf76de3)
core   0: 0x000000008000ff04 (0xfe043783) ld      a5, -32(s0)
core   0: 3 0x000000008000ff04 (0xfe043783) x15 0x00000000800120b9 mem 0x0000000080031f50
core   0: 0x000000008000ff08 (0x00178713) addi    a4, a5, 1
core   0: 3 0x000000008000ff08 (0x00178713) x14 0x00000000800120ba
core   0: 0x000000008000ff0c (0xfee43023) sd      a4, -32(s0)
core   0: 3 0x000000008000ff0c (0xfee43023) mem 0x0000000080031f50 0x00000000800120ba
core   0: 0x000000008000ff10 (0xfc442703) lw      a4, -60(s0)
core   0: 3 0x000000008000ff10 (0xfc442703) x14 0x0000000000000000 mem 0x0000000080031f34
core   0: 0x000000008000ff14 (0x0ff77713) andi    a4, a4, 255
core   0: 3 0x000000008000ff14 (0x0ff77713) x14 0x0000000000000000
core   0: 0x000000008000ff18 (0x00e78023) sb      a4, 0(a5)
core   0: 3 0x000000008000ff18 (0x00e78023) mem 0x00000000800120b9 0x00
core   0: 0x000000008000ff1c (0xfc843703) ld      a4, -56(s0)
core   0: 3 0x000000008000ff1c (0xfc843703) x14 0x0000000080012040 mem 0x0000000080031f38
core   0: 0x000000008000ff20 (0xfb843783) ld      a5, -72(s0)
core   0: 3 0x000000008000ff20 (0xfb843783) x15 0x000000000000009c mem 0x0000000080031f28
core   0: 0x000000008000ff24 (0x000097ba) c.add   a5, a4
core   0: 3 0x000000008000ff24 (0x97ba) x15 0x00000000800120dc
core   0: 0x000000008000ff26 (0xfe043703) ld      a4, -32(s0)
core   0: 3 0x000000008000ff26 (0xfe043703) x14 0x00000000800120ba mem 0x0000000080031f50
core   0: 0x000000008000ff2a (0xfcf76de3) bltu    a4, a5, pc - 38
core   0: 3 0x000000008000ff2a (0xfcf76de3)
core   0: 0x000000008000ff04 (0xfe043783) ld      a5, -32(s0)
core   0: 3 0x000000008000ff04 (0xfe043783) x15 0x00000000800120ba mem 0x0000000080031f50
core   0: 0x000000008000ff08 (0x00178713) addi    a4, a5, 1
core   0: 3 0x000000008000ff08 (0x00178713) x14 0x00000000800120bb
core   0: 0x000000008000ff0c (0xfee43023) sd      a4, -32(s0)
core   0: 3 0x000000008000ff0c (0xfee43023) mem 0x0000000080031f50 0x00000000800120bb
core   0: 0x000000008000ff10 (0xfc442703) lw      a4, -60(s0)
core   0: 3 0x000000008000ff10 (0xfc442703) x14 0x0000000000000000 mem 0x0000000080031f34
core   0: 0x000000008000ff14 (0x0ff77713) andi    a4, a4, 255
core   0: 3 0x000000008000ff14 (0x0ff77713) x14 0x0000000000000000
core   0: 0x000000008000ff18 (0x00e78023) sb      a4, 0(a5)
core   0: 3 0x000000008000ff18 (0x00e78023) mem 0x00000000800120ba 0x00
core   0: 0x000000008000ff1c (0xfc843703) ld      a4, -56(s0)
core   0: 3 0x000000008000ff1c (0xfc843703) x14 0x0000000080012040 mem 0x0000000080031f38
core   0: 0x000000008000ff20 (0xfb843783) ld      a5, -72(s0)
core   0: 3 0x000000008000ff20 (0xfb843783) x15 0x000000000000009c mem 0x0000000080031f28
core   0: 0x000000008000ff24 (0x000097ba) c.add   a5, a4
core   0: 3 0x000000008000ff24 (0x97ba) x15 0x00000000800120dc
core   0: 0x000000008000ff26 (0xfe043703) ld      a4, -32(s0)
core   0: 3 0x000000008000ff26 (0xfe043703) x14 0x00000000800120bb mem 0x0000000080031f50
core   0: 0x000000008000ff2a (0xfcf76de3) bltu    a4, a5, pc - 38
core   0: 3 0x000000008000ff2a (0xfcf76de3)
core   0: 0x000000008000ff04 (0xfe043783) ld      a5, -32(s0)
core   0: 3 0x000000008000ff04 (0xfe043783) x15 0x00000000800120bb mem 0x0000000080031f50
core   0: 0x000000008000ff08 (0x00178713) addi    a4, a5, 1
core   0: 3 0x000000008000ff08 (0x00178713) x14 0x00000000800120bc
core   0: 0x000000008000ff0c (0xfee43023) sd      a4, -32(s0)
core   0: 3 0x000000008000ff0c (0xfee43023) mem 0x0000000080031f50 0x00000000800120bc
core   0: 0x000000008000ff10 (0xfc442703) lw      a4, -60(s0)
core   0: 3 0x000000008000ff10 (0xfc442703) x14 0x0000000000000000 mem 0x0000000080031f34
core   0: 0x000000008000ff14 (0x0ff77713) andi    a4, a4, 255
core   0: 3 0x000000008000ff14 (0x0ff77713) x14 0x0000000000000000
core   0: 0x000000008000ff18 (0x00e78023) sb      a4, 0(a5)
core   0: 3 0x000000008000ff18 (0x00e78023) mem 0x00000000800120bb 0x00
core   0: 0x000000008000ff1c (0xfc843703) ld      a4, -56(s0)
core   0: 3 0x000000008000ff1c (0xfc843703) x14 0x0000000080012040 mem 0x0000000080031f38
core   0: 0x000000008000ff20 (0xfb843783) ld      a5, -72(s0)
core   0: 3 0x000000008000ff20 (0xfb843783) x15 0x000000000000009c mem 0x0000000080031f28
core   0: 0x000000008000ff24 (0x000097ba) c.add   a5, a4
core   0: 3 0x000000008000ff24 (0x97ba) x15 0x00000000800120dc
core   0: 0x000000008000ff26 (0xfe043703) ld      a4, -32(s0)
core   0: 3 0x000000008000ff26 (0xfe043703) x14 0x00000000800120bc mem 0x0000000080031f50
core   0: 0x000000008000ff2a (0xfcf76de3) bltu    a4, a5, pc - 38
core   0: 3 0x000000008000ff2a (0xfcf76de3)
core   0: 0x000000008000ff04 (0xfe043783) ld      a5, -32(s0)
core   0: 3 0x000000008000ff04 (0xfe043783) x15 0x00000000800120bc mem 0x0000000080031f50
core   0: 0x000000008000ff08 (0x00178713) addi    a4, a5, 1
core   0: 3 0x000000008000ff08 (0x00178713) x14 0x00000000800120bd
core   0: 0x000000008000ff0c (0xfee43023) sd      a4, -32(s0)
core   0: 3 0x000000008000ff0c (0xfee43023) mem 0x0000000080031f50 0x00000000800120bd
core   0: 0x000000008000ff10 (0xfc442703) lw      a4, -60(s0)
core   0: 3 0x000000008000ff10 (0xfc442703) x14 0x0000000000000000 mem 0x0000000080031f34
core   0: 0x000000008000ff14 (0x0ff77713) andi    a4, a4, 255
core   0: 3 0x000000008000ff14 (0x0ff77713) x14 0x0000000000000000
core   0: 0x000000008000ff18 (0x00e78023) sb      a4, 0(a5)
core   0: 3 0x000000008000ff18 (0x00e78023) mem 0x00000000800120bc 0x00
core   0: 0x000000008000ff1c (0xfc843703) ld      a4, -56(s0)
core   0: 3 0x000000008000ff1c (0xfc843703) x14 0x0000000080012040 mem 0x0000000080031f38
core   0: 0x000000008000ff20 (0xfb843783) ld      a5, -72(s0)
core   0: 3 0x000000008000ff20 (0xfb843783) x15 0x000000000000009c mem 0x0000000080031f28
core   0: 0x000000008000ff24 (0x000097ba) c.add   a5, a4
core   0: 3 0x000000008000ff24 (0x97ba) x15 0x00000000800120dc
core   0: 0x000000008000ff26 (0xfe043703) ld      a4, -32(s0)
core   0: 3 0x000000008000ff26 (0xfe043703) x14 0x00000000800120bd mem 0x0000000080031f50
core   0: 0x000000008000ff2a (0xfcf76de3) bltu    a4, a5, pc - 38
core   0: 3 0x000000008000ff2a (0xfcf76de3)
core   0: 0x000000008000ff04 (0xfe043783) ld      a5, -32(s0)
core   0: 3 0x000000008000ff04 (0xfe043783) x15 0x00000000800120bd mem 0x0000000080031f50
core   0: 0x000000008000ff08 (0x00178713) addi    a4, a5, 1
core   0: 3 0x000000008000ff08 (0x00178713) x14 0x00000000800120be
core   0: 0x000000008000ff0c (0xfee43023) sd      a4, -32(s0)
core   0: 3 0x000000008000ff0c (0xfee43023) mem 0x0000000080031f50 0x00000000800120be
core   0: 0x000000008000ff10 (0xfc442703) lw      a4, -60(s0)
core   0: 3 0x000000008000ff10 (0xfc442703) x14 0x0000000000000000 mem 0x0000000080031f34
core   0: 0x000000008000ff14 (0x0ff77713) andi    a4, a4, 255
core   0: 3 0x000000008000ff14 (0x0ff77713) x14 0x0000000000000000
core   0: 0x000000008000ff18 (0x00e78023) sb      a4, 0(a5)
core   0: 3 0x000000008000ff18 (0x00e78023) mem 0x00000000800120bd 0x00
core   0: 0x000000008000ff1c (0xfc843703) ld      a4, -56(s0)
core   0: 3 0x000000008000ff1c (0xfc843703) x14 0x0000000080012040 mem 0x0000000080031f38
core   0: 0x000000008000ff20 (0xfb843783) ld      a5, -72(s0)
core   0: 3 0x000000008000ff20 (0xfb843783) x15 0x000000000000009c mem 0x0000000080031f28
core   0: 0x000000008000ff24 (0x000097ba) c.add   a5, a4
core   0: 3 0x000000008000ff24 (0x97ba) x15 0x00000000800120dc
core   0: 0x000000008000ff26 (0xfe043703) ld      a4, -32(s0)
core   0: 3 0x000000008000ff26 (0xfe043703) x14 0x00000000800120be mem 0x0000000080031f50
core   0: 0x000000008000ff2a (0xfcf76de3) bltu    a4, a5, pc - 38
core   0: 3 0x000000008000ff2a (0xfcf76de3)
core   0: 0x000000008000ff04 (0xfe043783) ld      a5, -32(s0)
core   0: 3 0x000000008000ff04 (0xfe043783) x15 0x00000000800120be mem 0x0000000080031f50
core   0: 0x000000008000ff08 (0x00178713) addi    a4, a5, 1
core   0: 3 0x000000008000ff08 (0x00178713) x14 0x00000000800120bf
core   0: 0x000000008000ff0c (0xfee43023) sd      a4, -32(s0)
core   0: 3 0x000000008000ff0c (0xfee43023) mem 0x0000000080031f50 0x00000000800120bf
core   0: 0x000000008000ff10 (0xfc442703) lw      a4, -60(s0)
core   0: 3 0x000000008000ff10 (0xfc442703) x14 0x0000000000000000 mem 0x0000000080031f34
core   0: 0x000000008000ff14 (0x0ff77713) andi    a4, a4, 255
core   0: 3 0x000000008000ff14 (0x0ff77713) x14 0x0000000000000000
core   0: 0x000000008000ff18 (0x00e78023) sb      a4, 0(a5)
core   0: 3 0x000000008000ff18 (0x00e78023) mem 0x00000000800120be 0x00
core   0: 0x000000008000ff1c (0xfc843703) ld      a4, -56(s0)
core   0: 3 0x000000008000ff1c (0xfc843703) x14 0x0000000080012040 mem 0x0000000080031f38
core   0: 0x000000008000ff20 (0xfb843783) ld      a5, -72(s0)
core   0: 3 0x000000008000ff20 (0xfb843783) x15 0x000000000000009c mem 0x0000000080031f28
core   0: 0x000000008000ff24 (0x000097ba) c.add   a5, a4
core   0: 3 0x000000008000ff24 (0x97ba) x15 0x00000000800120dc
core   0: 0x000000008000ff26 (0xfe043703) ld      a4, -32(s0)
core   0: 3 0x000000008000ff26 (0xfe043703) x14 0x00000000800120bf mem 0x0000000080031f50
core   0: 0x000000008000ff2a (0xfcf76de3) bltu    a4, a5, pc - 38
core   0: 3 0x000000008000ff2a (0xfcf76de3)
core   0: 0x000000008000ff04 (0xfe043783) ld      a5, -32(s0)
core   0: 3 0x000000008000ff04 (0xfe043783) x15 0x00000000800120bf mem 0x0000000080031f50
core   0: 0x000000008000ff08 (0x00178713) addi    a4, a5, 1
core   0: 3 0x000000008000ff08 (0x00178713) x14 0x00000000800120c0
core   0: 0x000000008000ff0c (0xfee43023) sd      a4, -32(s0)
core   0: 3 0x000000008000ff0c (0xfee43023) mem 0x0000000080031f50 0x00000000800120c0
core   0: 0x000000008000ff10 (0xfc442703) lw      a4, -60(s0)
core   0: 3 0x000000008000ff10 (0xfc442703) x14 0x0000000000000000 mem 0x0000000080031f34
core   0: 0x000000008000ff14 (0x0ff77713) andi    a4, a4, 255
core   0: 3 0x000000008000ff14 (0x0ff77713) x14 0x0000000000000000
core   0: 0x000000008000ff18 (0x00e78023) sb      a4, 0(a5)
core   0: 3 0x000000008000ff18 (0x00e78023) mem 0x00000000800120bf 0x00
core   0: 0x000000008000ff1c (0xfc843703) ld      a4, -56(s0)
core   0: 3 0x000000008000ff1c (0xfc843703) x14 0x0000000080012040 mem 0x0000000080031f38
core   0: 0x000000008000ff20 (0xfb843783) ld      a5, -72(s0)
core   0: 3 0x000000008000ff20 (0xfb843783) x15 0x000000000000009c mem 0x0000000080031f28
core   0: 0x000000008000ff24 (0x000097ba) c.add   a5, a4
core   0: 3 0x000000008000ff24 (0x97ba) x15 0x00000000800120dc
core   0: 0x000000008000ff26 (0xfe043703) ld      a4, -32(s0)
core   0: 3 0x000000008000ff26 (0xfe043703) x14 0x00000000800120c0 mem 0x0000000080031f50
core   0: 0x000000008000ff2a (0xfcf76de3) bltu    a4, a5, pc - 38
core   0: 3 0x000000008000ff2a (0xfcf76de3)
core   0: 0x000000008000ff04 (0xfe043783) ld      a5, -32(s0)
core   0: 3 0x000000008000ff04 (0xfe043783) x15 0x00000000800120c0 mem 0x0000000080031f50
core   0: 0x000000008000ff08 (0x00178713) addi    a4, a5, 1
core   0: 3 0x000000008000ff08 (0x00178713) x14 0x00000000800120c1
core   0: 0x000000008000ff0c (0xfee43023) sd      a4, -32(s0)
core   0: 3 0x000000008000ff0c (0xfee43023) mem 0x0000000080031f50 0x00000000800120c1
core   0: 0x000000008000ff10 (0xfc442703) lw      a4, -60(s0)
core   0: 3 0x000000008000ff10 (0xfc442703) x14 0x0000000000000000 mem 0x0000000080031f34
core   0: 0x000000008000ff14 (0x0ff77713) andi    a4, a4, 255
core   0: 3 0x000000008000ff14 (0x0ff77713) x14 0x0000000000000000
core   0: 0x000000008000ff18 (0x00e78023) sb      a4, 0(a5)
core   0: 3 0x000000008000ff18 (0x00e78023) mem 0x00000000800120c0 0x00
core   0: 0x000000008000ff1c (0xfc843703) ld      a4, -56(s0)
core   0: 3 0x000000008000ff1c (0xfc843703) x14 0x0000000080012040 mem 0x0000000080031f38
core   0: 0x000000008000ff20 (0xfb843783) ld      a5, -72(s0)
core   0: 3 0x000000008000ff20 (0xfb843783) x15 0x000000000000009c mem 0x0000000080031f28
core   0: 0x000000008000ff24 (0x000097ba) c.add   a5, a4
core   0: 3 0x000000008000ff24 (0x97ba) x15 0x00000000800120dc
core   0: 0x000000008000ff26 (0xfe043703) ld      a4, -32(s0)
core   0: 3 0x000000008000ff26 (0xfe043703) x14 0x00000000800120c1 mem 0x0000000080031f50
core   0: 0x000000008000ff2a (0xfcf76de3) bltu    a4, a5, pc - 38
core   0: 3 0x000000008000ff2a (0xfcf76de3)
core   0: 0x000000008000ff04 (0xfe043783) ld      a5, -32(s0)
core   0: 3 0x000000008000ff04 (0xfe043783) x15 0x00000000800120c1 mem 0x0000000080031f50
core   0: 0x000000008000ff08 (0x00178713) addi    a4, a5, 1
core   0: 3 0x000000008000ff08 (0x00178713) x14 0x00000000800120c2
core   0: 0x000000008000ff0c (0xfee43023) sd      a4, -32(s0)
core   0: 3 0x000000008000ff0c (0xfee43023) mem 0x0000000080031f50 0x00000000800120c2
core   0: 0x000000008000ff10 (0xfc442703) lw      a4, -60(s0)
core   0: 3 0x000000008000ff10 (0xfc442703) x14 0x0000000000000000 mem 0x0000000080031f34
core   0: 0x000000008000ff14 (0x0ff77713) andi    a4, a4, 255
core   0: 3 0x000000008000ff14 (0x0ff77713) x14 0x0000000000000000
core   0: 0x000000008000ff18 (0x00e78023) sb      a4, 0(a5)
core   0: 3 0x000000008000ff18 (0x00e78023) mem 0x00000000800120c1 0x00
core   0: 0x000000008000ff1c (0xfc843703) ld      a4, -56(s0)
core   0: 3 0x000000008000ff1c (0xfc843703) x14 0x0000000080012040 mem 0x0000000080031f38
core   0: 0x000000008000ff20 (0xfb843783) ld      a5, -72(s0)
core   0: 3 0x000000008000ff20 (0xfb843783) x15 0x000000000000009c mem 0x0000000080031f28
core   0: 0x000000008000ff24 (0x000097ba) c.add   a5, a4
core   0: 3 0x000000008000ff24 (0x97ba) x15 0x00000000800120dc
core   0: 0x000000008000ff26 (0xfe043703) ld      a4, -32(s0)
core   0: 3 0x000000008000ff26 (0xfe043703) x14 0x00000000800120c2 mem 0x0000000080031f50
core   0: 0x000000008000ff2a (0xfcf76de3) bltu    a4, a5, pc - 38
core   0: 3 0x000000008000ff2a (0xfcf76de3)
core   0: 0x000000008000ff04 (0xfe043783) ld      a5, -32(s0)
core   0: 3 0x000000008000ff04 (0xfe043783) x15 0x00000000800120c2 mem 0x0000000080031f50
core   0: 0x000000008000ff08 (0x00178713) addi    a4, a5, 1
core   0: 3 0x000000008000ff08 (0x00178713) x14 0x00000000800120c3
core   0: 0x000000008000ff0c (0xfee43023) sd      a4, -32(s0)
core   0: 3 0x000000008000ff0c (0xfee43023) mem 0x0000000080031f50 0x00000000800120c3
core   0: 0x000000008000ff10 (0xfc442703) lw      a4, -60(s0)
core   0: 3 0x000000008000ff10 (0xfc442703) x14 0x0000000000000000 mem 0x0000000080031f34
core   0: 0x000000008000ff14 (0x0ff77713) andi    a4, a4, 255
core   0: 3 0x000000008000ff14 (0x0ff77713) x14 0x0000000000000000
core   0: 0x000000008000ff18 (0x00e78023) sb      a4, 0(a5)
core   0: 3 0x000000008000ff18 (0x00e78023) mem 0x00000000800120c2 0x00
core   0: 0x000000008000ff1c (0xfc843703) ld      a4, -56(s0)
core   0: 3 0x000000008000ff1c (0xfc843703) x14 0x0000000080012040 mem 0x0000000080031f38
core   0: 0x000000008000ff20 (0xfb843783) ld      a5, -72(s0)
core   0: 3 0x000000008000ff20 (0xfb843783) x15 0x000000000000009c mem 0x0000000080031f28
core   0: 0x000000008000ff24 (0x000097ba) c.add   a5, a4
core   0: 3 0x000000008000ff24 (0x97ba) x15 0x00000000800120dc
core   0: 0x000000008000ff26 (0xfe043703) ld      a4, -32(s0)
core   0: 3 0x000000008000ff26 (0xfe043703) x14 0x00000000800120c3 mem 0x0000000080031f50
core   0: 0x000000008000ff2a (0xfcf76de3) bltu    a4, a5, pc - 38
core   0: 3 0x000000008000ff2a (0xfcf76de3)
core   0: 0x000000008000ff04 (0xfe043783) ld      a5, -32(s0)
core   0: 3 0x000000008000ff04 (0xfe043783) x15 0x00000000800120c3 mem 0x0000000080031f50
core   0: 0x000000008000ff08 (0x00178713) addi    a4, a5, 1
core   0: 3 0x000000008000ff08 (0x00178713) x14 0x00000000800120c4
core   0: 0x000000008000ff0c (0xfee43023) sd      a4, -32(s0)
core   0: 3 0x000000008000ff0c (0xfee43023) mem 0x0000000080031f50 0x00000000800120c4
core   0: 0x000000008000ff10 (0xfc442703) lw      a4, -60(s0)
core   0: 3 0x000000008000ff10 (0xfc442703) x14 0x0000000000000000 mem 0x0000000080031f34
core   0: 0x000000008000ff14 (0x0ff77713) andi    a4, a4, 255
core   0: 3 0x000000008000ff14 (0x0ff77713) x14 0x0000000000000000
core   0: 0x000000008000ff18 (0x00e78023) sb      a4, 0(a5)
core   0: 3 0x000000008000ff18 (0x00e78023) mem 0x00000000800120c3 0x00
core   0: 0x000000008000ff1c (0xfc843703) ld      a4, -56(s0)
core   0: 3 0x000000008000ff1c (0xfc843703) x14 0x0000000080012040 mem 0x0000000080031f38
core   0: 0x000000008000ff20 (0xfb843783) ld      a5, -72(s0)
core   0: 3 0x000000008000ff20 (0xfb843783) x15 0x000000000000009c mem 0x0000000080031f28
core   0: 0x000000008000ff24 (0x000097ba) c.add   a5, a4
core   0: 3 0x000000008000ff24 (0x97ba) x15 0x00000000800120dc
core   0: 0x000000008000ff26 (0xfe043703) ld      a4, -32(s0)
core   0: 3 0x000000008000ff26 (0xfe043703) x14 0x00000000800120c4 mem 0x0000000080031f50
core   0: 0x000000008000ff2a (0xfcf76de3) bltu    a4, a5, pc - 38
core   0: 3 0x000000008000ff2a (0xfcf76de3)
core   0: 0x000000008000ff04 (0xfe043783) ld      a5, -32(s0)
core   0: 3 0x000000008000ff04 (0xfe043783) x15 0x00000000800120c4 mem 0x0000000080031f50
core   0: 0x000000008000ff08 (0x00178713) addi    a4, a5, 1
core   0: 3 0x000000008000ff08 (0x00178713) x14 0x00000000800120c5
core   0: 0x000000008000ff0c (0xfee43023) sd      a4, -32(s0)
core   0: 3 0x000000008000ff0c (0xfee43023) mem 0x0000000080031f50 0x00000000800120c5
core   0: 0x000000008000ff10 (0xfc442703) lw      a4, -60(s0)
core   0: 3 0x000000008000ff10 (0xfc442703) x14 0x0000000000000000 mem 0x0000000080031f34
core   0: 0x000000008000ff14 (0x0ff77713) andi    a4, a4, 255
core   0: 3 0x000000008000ff14 (0x0ff77713) x14 0x0000000000000000
core   0: 0x000000008000ff18 (0x00e78023) sb      a4, 0(a5)
core   0: 3 0x000000008000ff18 (0x00e78023) mem 0x00000000800120c4 0x00
core   0: 0x000000008000ff1c (0xfc843703) ld      a4, -56(s0)
core   0: 3 0x000000008000ff1c (0xfc843703) x14 0x0000000080012040 mem 0x0000000080031f38
core   0: 0x000000008000ff20 (0xfb843783) ld      a5, -72(s0)
core   0: 3 0x000000008000ff20 (0xfb843783) x15 0x000000000000009c mem 0x0000000080031f28
core   0: 0x000000008000ff24 (0x000097ba) c.add   a5, a4
core   0: 3 0x000000008000ff24 (0x97ba) x15 0x00000000800120dc
core   0: 0x000000008000ff26 (0xfe043703) ld      a4, -32(s0)
core   0: 3 0x000000008000ff26 (0xfe043703) x14 0x00000000800120c5 mem 0x0000000080031f50
core   0: 0x000000008000ff2a (0xfcf76de3) bltu    a4, a5, pc - 38
core   0: 3 0x000000008000ff2a (0xfcf76de3)
core   0: 0x000000008000ff04 (0xfe043783) ld      a5, -32(s0)
core   0: 3 0x000000008000ff04 (0xfe043783) x15 0x00000000800120c5 mem 0x0000000080031f50
core   0: 0x000000008000ff08 (0x00178713) addi    a4, a5, 1
core   0: 3 0x000000008000ff08 (0x00178713) x14 0x00000000800120c6
core   0: 0x000000008000ff0c (0xfee43023) sd      a4, -32(s0)
core   0: 3 0x000000008000ff0c (0xfee43023) mem 0x0000000080031f50 0x00000000800120c6
core   0: 0x000000008000ff10 (0xfc442703) lw      a4, -60(s0)
core   0: 3 0x000000008000ff10 (0xfc442703) x14 0x0000000000000000 mem 0x0000000080031f34
core   0: 0x000000008000ff14 (0x0ff77713) andi    a4, a4, 255
core   0: 3 0x000000008000ff14 (0x0ff77713) x14 0x0000000000000000
core   0: 0x000000008000ff18 (0x00e78023) sb      a4, 0(a5)
core   0: 3 0x000000008000ff18 (0x00e78023) mem 0x00000000800120c5 0x00
core   0: 0x000000008000ff1c (0xfc843703) ld      a4, -56(s0)
core   0: 3 0x000000008000ff1c (0xfc843703) x14 0x0000000080012040 mem 0x0000000080031f38
core   0: 0x000000008000ff20 (0xfb843783) ld      a5, -72(s0)
core   0: 3 0x000000008000ff20 (0xfb843783) x15 0x000000000000009c mem 0x0000000080031f28
core   0: 0x000000008000ff24 (0x000097ba) c.add   a5, a4
core   0: 3 0x000000008000ff24 (0x97ba) x15 0x00000000800120dc
core   0: 0x000000008000ff26 (0xfe043703) ld      a4, -32(s0)
core   0: 3 0x000000008000ff26 (0xfe043703) x14 0x00000000800120c6 mem 0x0000000080031f50
core   0: 0x000000008000ff2a (0xfcf76de3) bltu    a4, a5, pc - 38
core   0: 3 0x000000008000ff2a (0xfcf76de3)
core   0: 0x000000008000ff04 (0xfe043783) ld      a5, -32(s0)
core   0: 3 0x000000008000ff04 (0xfe043783) x15 0x00000000800120c6 mem 0x0000000080031f50
core   0: 0x000000008000ff08 (0x00178713) addi    a4, a5, 1
core   0: 3 0x000000008000ff08 (0x00178713) x14 0x00000000800120c7
core   0: 0x000000008000ff0c (0xfee43023) sd      a4, -32(s0)
core   0: 3 0x000000008000ff0c (0xfee43023) mem 0x0000000080031f50 0x00000000800120c7
core   0: 0x000000008000ff10 (0xfc442703) lw      a4, -60(s0)
core   0: 3 0x000000008000ff10 (0xfc442703) x14 0x0000000000000000 mem 0x0000000080031f34
core   0: 0x000000008000ff14 (0x0ff77713) andi    a4, a4, 255
core   0: 3 0x000000008000ff14 (0x0ff77713) x14 0x0000000000000000
core   0: 0x000000008000ff18 (0x00e78023) sb      a4, 0(a5)
core   0: 3 0x000000008000ff18 (0x00e78023) mem 0x00000000800120c6 0x00
core   0: 0x000000008000ff1c (0xfc843703) ld      a4, -56(s0)
core   0: 3 0x000000008000ff1c (0xfc843703) x14 0x0000000080012040 mem 0x0000000080031f38
core   0: 0x000000008000ff20 (0xfb843783) ld      a5, -72(s0)
core   0: 3 0x000000008000ff20 (0xfb843783) x15 0x000000000000009c mem 0x0000000080031f28
core   0: 0x000000008000ff24 (0x000097ba) c.add   a5, a4
core   0: 3 0x000000008000ff24 (0x97ba) x15 0x00000000800120dc
core   0: 0x000000008000ff26 (0xfe043703) ld      a4, -32(s0)
core   0: 3 0x000000008000ff26 (0xfe043703) x14 0x00000000800120c7 mem 0x0000000080031f50
core   0: 0x000000008000ff2a (0xfcf76de3) bltu    a4, a5, pc - 38
core   0: 3 0x000000008000ff2a (0xfcf76de3)
core   0: 0x000000008000ff04 (0xfe043783) ld      a5, -32(s0)
core   0: 3 0x000000008000ff04 (0xfe043783) x15 0x00000000800120c7 mem 0x0000000080031f50
core   0: 0x000000008000ff08 (0x00178713) addi    a4, a5, 1
core   0: 3 0x000000008000ff08 (0x00178713) x14 0x00000000800120c8
core   0: 0x000000008000ff0c (0xfee43023) sd      a4, -32(s0)
core   0: 3 0x000000008000ff0c (0xfee43023) mem 0x0000000080031f50 0x00000000800120c8
core   0: 0x000000008000ff10 (0xfc442703) lw      a4, -60(s0)
core   0: 3 0x000000008000ff10 (0xfc442703) x14 0x0000000000000000 mem 0x0000000080031f34
core   0: 0x000000008000ff14 (0x0ff77713) andi    a4, a4, 255
core   0: 3 0x000000008000ff14 (0x0ff77713) x14 0x0000000000000000
core   0: 0x000000008000ff18 (0x00e78023) sb      a4, 0(a5)
core   0: 3 0x000000008000ff18 (0x00e78023) mem 0x00000000800120c7 0x00
core   0: 0x000000008000ff1c (0xfc843703) ld      a4, -56(s0)
core   0: 3 0x000000008000ff1c (0xfc843703) x14 0x0000000080012040 mem 0x0000000080031f38
core   0: 0x000000008000ff20 (0xfb843783) ld      a5, -72(s0)
core   0: 3 0x000000008000ff20 (0xfb843783) x15 0x000000000000009c mem 0x0000000080031f28
core   0: 0x000000008000ff24 (0x000097ba) c.add   a5, a4
core   0: 3 0x000000008000ff24 (0x97ba) x15 0x00000000800120dc
core   0: 0x000000008000ff26 (0xfe043703) ld      a4, -32(s0)
core   0: 3 0x000000008000ff26 (0xfe043703) x14 0x00000000800120c8 mem 0x0000000080031f50
core   0: 0x000000008000ff2a (0xfcf76de3) bltu    a4, a5, pc - 38
core   0: 3 0x000000008000ff2a (0xfcf76de3)
core   0: 0x000000008000ff04 (0xfe043783) ld      a5, -32(s0)
core   0: 3 0x000000008000ff04 (0xfe043783) x15 0x00000000800120c8 mem 0x0000000080031f50
core   0: 0x000000008000ff08 (0x00178713) addi    a4, a5, 1
core   0: 3 0x000000008000ff08 (0x00178713) x14 0x00000000800120c9
core   0: 0x000000008000ff0c (0xfee43023) sd      a4, -32(s0)
core   0: 3 0x000000008000ff0c (0xfee43023) mem 0x0000000080031f50 0x00000000800120c9
core   0: 0x000000008000ff10 (0xfc442703) lw      a4, -60(s0)
core   0: 3 0x000000008000ff10 (0xfc442703) x14 0x0000000000000000 mem 0x0000000080031f34
core   0: 0x000000008000ff14 (0x0ff77713) andi    a4, a4, 255
core   0: 3 0x000000008000ff14 (0x0ff77713) x14 0x0000000000000000
core   0: 0x000000008000ff18 (0x00e78023) sb      a4, 0(a5)
core   0: 3 0x000000008000ff18 (0x00e78023) mem 0x00000000800120c8 0x00
core   0: 0x000000008000ff1c (0xfc843703) ld      a4, -56(s0)
core   0: 3 0x000000008000ff1c (0xfc843703) x14 0x0000000080012040 mem 0x0000000080031f38
core   0: 0x000000008000ff20 (0xfb843783) ld      a5, -72(s0)
core   0: 3 0x000000008000ff20 (0xfb843783) x15 0x000000000000009c mem 0x0000000080031f28
core   0: 0x000000008000ff24 (0x000097ba) c.add   a5, a4
core   0: 3 0x000000008000ff24 (0x97ba) x15 0x00000000800120dc
core   0: 0x000000008000ff26 (0xfe043703) ld      a4, -32(s0)
core   0: 3 0x000000008000ff26 (0xfe043703) x14 0x00000000800120c9 mem 0x0000000080031f50
core   0: 0x000000008000ff2a (0xfcf76de3) bltu    a4, a5, pc - 38
core   0: 3 0x000000008000ff2a (0xfcf76de3)
core   0: 0x000000008000ff04 (0xfe043783) ld      a5, -32(s0)
core   0: 3 0x000000008000ff04 (0xfe043783) x15 0x00000000800120c9 mem 0x0000000080031f50
core   0: 0x000000008000ff08 (0x00178713) addi    a4, a5, 1
core   0: 3 0x000000008000ff08 (0x00178713) x14 0x00000000800120ca
core   0: 0x000000008000ff0c (0xfee43023) sd      a4, -32(s0)
core   0: 3 0x000000008000ff0c (0xfee43023) mem 0x0000000080031f50 0x00000000800120ca
core   0: 0x000000008000ff10 (0xfc442703) lw      a4, -60(s0)
core   0: 3 0x000000008000ff10 (0xfc442703) x14 0x0000000000000000 mem 0x0000000080031f34
core   0: 0x000000008000ff14 (0x0ff77713) andi    a4, a4, 255
core   0: 3 0x000000008000ff14 (0x0ff77713) x14 0x0000000000000000
core   0: 0x000000008000ff18 (0x00e78023) sb      a4, 0(a5)
core   0: 3 0x000000008000ff18 (0x00e78023) mem 0x00000000800120c9 0x00
core   0: 0x000000008000ff1c (0xfc843703) ld      a4, -56(s0)
core   0: 3 0x000000008000ff1c (0xfc843703) x14 0x0000000080012040 mem 0x0000000080031f38
core   0: 0x000000008000ff20 (0xfb843783) ld      a5, -72(s0)
core   0: 3 0x000000008000ff20 (0xfb843783) x15 0x000000000000009c mem 0x0000000080031f28
core   0: 0x000000008000ff24 (0x000097ba) c.add   a5, a4
core   0: 3 0x000000008000ff24 (0x97ba) x15 0x00000000800120dc
core   0: 0x000000008000ff26 (0xfe043703) ld      a4, -32(s0)
core   0: 3 0x000000008000ff26 (0xfe043703) x14 0x00000000800120ca mem 0x0000000080031f50
core   0: 0x000000008000ff2a (0xfcf76de3) bltu    a4, a5, pc - 38
core   0: 3 0x000000008000ff2a (0xfcf76de3)
core   0: 0x000000008000ff04 (0xfe043783) ld      a5, -32(s0)
core   0: 3 0x000000008000ff04 (0xfe043783) x15 0x00000000800120ca mem 0x0000000080031f50
core   0: 0x000000008000ff08 (0x00178713) addi    a4, a5, 1
core   0: 3 0x000000008000ff08 (0x00178713) x14 0x00000000800120cb
core   0: 0x000000008000ff0c (0xfee43023) sd      a4, -32(s0)
core   0: 3 0x000000008000ff0c (0xfee43023) mem 0x0000000080031f50 0x00000000800120cb
core   0: 0x000000008000ff10 (0xfc442703) lw      a4, -60(s0)
core   0: 3 0x000000008000ff10 (0xfc442703) x14 0x0000000000000000 mem 0x0000000080031f34
core   0: 0x000000008000ff14 (0x0ff77713) andi    a4, a4, 255
core   0: 3 0x000000008000ff14 (0x0ff77713) x14 0x0000000000000000
core   0: 0x000000008000ff18 (0x00e78023) sb      a4, 0(a5)
core   0: 3 0x000000008000ff18 (0x00e78023) mem 0x00000000800120ca 0x00
core   0: 0x000000008000ff1c (0xfc843703) ld      a4, -56(s0)
core   0: 3 0x000000008000ff1c (0xfc843703) x14 0x0000000080012040 mem 0x0000000080031f38
core   0: 0x000000008000ff20 (0xfb843783) ld      a5, -72(s0)
core   0: 3 0x000000008000ff20 (0xfb843783) x15 0x000000000000009c mem 0x0000000080031f28
core   0: 0x000000008000ff24 (0x000097ba) c.add   a5, a4
core   0: 3 0x000000008000ff24 (0x97ba) x15 0x00000000800120dc
core   0: 0x000000008000ff26 (0xfe043703) ld      a4, -32(s0)
core   0: 3 0x000000008000ff26 (0xfe043703) x14 0x00000000800120cb mem 0x0000000080031f50
core   0: 0x000000008000ff2a (0xfcf76de3) bltu    a4, a5, pc - 38
core   0: 3 0x000000008000ff2a (0xfcf76de3)
core   0: 0x000000008000ff04 (0xfe043783) ld      a5, -32(s0)
core   0: 3 0x000000008000ff04 (0xfe043783) x15 0x00000000800120cb mem 0x0000000080031f50
core   0: 0x000000008000ff08 (0x00178713) addi    a4, a5, 1
core   0: 3 0x000000008000ff08 (0x00178713) x14 0x00000000800120cc
core   0: 0x000000008000ff0c (0xfee43023) sd      a4, -32(s0)
core   0: 3 0x000000008000ff0c (0xfee43023) mem 0x0000000080031f50 0x00000000800120cc
core   0: 0x000000008000ff10 (0xfc442703) lw      a4, -60(s0)
core   0: 3 0x000000008000ff10 (0xfc442703) x14 0x0000000000000000 mem 0x0000000080031f34
core   0: 0x000000008000ff14 (0x0ff77713) andi    a4, a4, 255
core   0: 3 0x000000008000ff14 (0x0ff77713) x14 0x0000000000000000
core   0: 0x000000008000ff18 (0x00e78023) sb      a4, 0(a5)
core   0: 3 0x000000008000ff18 (0x00e78023) mem 0x00000000800120cb 0x00
core   0: 0x000000008000ff1c (0xfc843703) ld      a4, -56(s0)
core   0: 3 0x000000008000ff1c (0xfc843703) x14 0x0000000080012040 mem 0x0000000080031f38
core   0: 0x000000008000ff20 (0xfb843783) ld      a5, -72(s0)
core   0: 3 0x000000008000ff20 (0xfb843783) x15 0x000000000000009c mem 0x0000000080031f28
core   0: 0x000000008000ff24 (0x000097ba) c.add   a5, a4
core   0: 3 0x000000008000ff24 (0x97ba) x15 0x00000000800120dc
core   0: 0x000000008000ff26 (0xfe043703) ld      a4, -32(s0)
core   0: 3 0x000000008000ff26 (0xfe043703) x14 0x00000000800120cc mem 0x0000000080031f50
core   0: 0x000000008000ff2a (0xfcf76de3) bltu    a4, a5, pc - 38
core   0: 3 0x000000008000ff2a (0xfcf76de3)
core   0: 0x000000008000ff04 (0xfe043783) ld      a5, -32(s0)
core   0: 3 0x000000008000ff04 (0xfe043783) x15 0x00000000800120cc mem 0x0000000080031f50
core   0: 0x000000008000ff08 (0x00178713) addi    a4, a5, 1
core   0: 3 0x000000008000ff08 (0x00178713) x14 0x00000000800120cd
core   0: 0x000000008000ff0c (0xfee43023) sd      a4, -32(s0)
core   0: 3 0x000000008000ff0c (0xfee43023) mem 0x0000000080031f50 0x00000000800120cd
core   0: 0x000000008000ff10 (0xfc442703) lw      a4, -60(s0)
core   0: 3 0x000000008000ff10 (0xfc442703) x14 0x0000000000000000 mem 0x0000000080031f34
core   0: 0x000000008000ff14 (0x0ff77713) andi    a4, a4, 255
core   0: 3 0x000000008000ff14 (0x0ff77713) x14 0x0000000000000000
core   0: 0x000000008000ff18 (0x00e78023) sb      a4, 0(a5)
core   0: 3 0x000000008000ff18 (0x00e78023) mem 0x00000000800120cc 0x00
core   0: 0x000000008000ff1c (0xfc843703) ld      a4, -56(s0)
core   0: 3 0x000000008000ff1c (0xfc843703) x14 0x0000000080012040 mem 0x0000000080031f38
core   0: 0x000000008000ff20 (0xfb843783) ld      a5, -72(s0)
core   0: 3 0x000000008000ff20 (0xfb843783) x15 0x000000000000009c mem 0x0000000080031f28
core   0: 0x000000008000ff24 (0x000097ba) c.add   a5, a4
core   0: 3 0x000000008000ff24 (0x97ba) x15 0x00000000800120dc
core   0: 0x000000008000ff26 (0xfe043703) ld      a4, -32(s0)
core   0: 3 0x000000008000ff26 (0xfe043703) x14 0x00000000800120cd mem 0x0000000080031f50
core   0: 0x000000008000ff2a (0xfcf76de3) bltu    a4, a5, pc - 38
core   0: 3 0x000000008000ff2a (0xfcf76de3)
core   0: 0x000000008000ff04 (0xfe043783) ld      a5, -32(s0)
core   0: 3 0x000000008000ff04 (0xfe043783) x15 0x00000000800120cd mem 0x0000000080031f50
core   0: 0x000000008000ff08 (0x00178713) addi    a4, a5, 1
core   0: 3 0x000000008000ff08 (0x00178713) x14 0x00000000800120ce
core   0: 0x000000008000ff0c (0xfee43023) sd      a4, -32(s0)
core   0: 3 0x000000008000ff0c (0xfee43023) mem 0x0000000080031f50 0x00000000800120ce
core   0: 0x000000008000ff10 (0xfc442703) lw      a4, -60(s0)
core   0: 3 0x000000008000ff10 (0xfc442703) x14 0x0000000000000000 mem 0x0000000080031f34
core   0: 0x000000008000ff14 (0x0ff77713) andi    a4, a4, 255
core   0: 3 0x000000008000ff14 (0x0ff77713) x14 0x0000000000000000
core   0: 0x000000008000ff18 (0x00e78023) sb      a4, 0(a5)
core   0: 3 0x000000008000ff18 (0x00e78023) mem 0x00000000800120cd 0x00
core   0: 0x000000008000ff1c (0xfc843703) ld      a4, -56(s0)
core   0: 3 0x000000008000ff1c (0xfc843703) x14 0x0000000080012040 mem 0x0000000080031f38
core   0: 0x000000008000ff20 (0xfb843783) ld      a5, -72(s0)
core   0: 3 0x000000008000ff20 (0xfb843783) x15 0x000000000000009c mem 0x0000000080031f28
core   0: 0x000000008000ff24 (0x000097ba) c.add   a5, a4
core   0: 3 0x000000008000ff24 (0x97ba) x15 0x00000000800120dc
core   0: 0x000000008000ff26 (0xfe043703) ld      a4, -32(s0)
core   0: 3 0x000000008000ff26 (0xfe043703) x14 0x00000000800120ce mem 0x0000000080031f50
core   0: 0x000000008000ff2a (0xfcf76de3) bltu    a4, a5, pc - 38
core   0: 3 0x000000008000ff2a (0xfcf76de3)
core   0: 0x000000008000ff04 (0xfe043783) ld      a5, -32(s0)
core   0: 3 0x000000008000ff04 (0xfe043783) x15 0x00000000800120ce mem 0x0000000080031f50
core   0: 0x000000008000ff08 (0x00178713) addi    a4, a5, 1
core   0: 3 0x000000008000ff08 (0x00178713) x14 0x00000000800120cf
core   0: 0x000000008000ff0c (0xfee43023) sd      a4, -32(s0)
core   0: 3 0x000000008000ff0c (0xfee43023) mem 0x0000000080031f50 0x00000000800120cf
core   0: 0x000000008000ff10 (0xfc442703) lw      a4, -60(s0)
core   0: 3 0x000000008000ff10 (0xfc442703) x14 0x0000000000000000 mem 0x0000000080031f34
core   0: 0x000000008000ff14 (0x0ff77713) andi    a4, a4, 255
core   0: 3 0x000000008000ff14 (0x0ff77713) x14 0x0000000000000000
core   0: 0x000000008000ff18 (0x00e78023) sb      a4, 0(a5)
core   0: 3 0x000000008000ff18 (0x00e78023) mem 0x00000000800120ce 0x00
core   0: 0x000000008000ff1c (0xfc843703) ld      a4, -56(s0)
core   0: 3 0x000000008000ff1c (0xfc843703) x14 0x0000000080012040 mem 0x0000000080031f38
core   0: 0x000000008000ff20 (0xfb843783) ld      a5, -72(s0)
core   0: 3 0x000000008000ff20 (0xfb843783) x15 0x000000000000009c mem 0x0000000080031f28
core   0: 0x000000008000ff24 (0x000097ba) c.add   a5, a4
core   0: 3 0x000000008000ff24 (0x97ba) x15 0x00000000800120dc
core   0: 0x000000008000ff26 (0xfe043703) ld      a4, -32(s0)
core   0: 3 0x000000008000ff26 (0xfe043703) x14 0x00000000800120cf mem 0x0000000080031f50
core   0: 0x000000008000ff2a (0xfcf76de3) bltu    a4, a5, pc - 38
core   0: 3 0x000000008000ff2a (0xfcf76de3)
core   0: 0x000000008000ff04 (0xfe043783) ld      a5, -32(s0)
core   0: 3 0x000000008000ff04 (0xfe043783) x15 0x00000000800120cf mem 0x0000000080031f50
core   0: 0x000000008000ff08 (0x00178713) addi    a4, a5, 1
core   0: 3 0x000000008000ff08 (0x00178713) x14 0x00000000800120d0
core   0: 0x000000008000ff0c (0xfee43023) sd      a4, -32(s0)
core   0: 3 0x000000008000ff0c (0xfee43023) mem 0x0000000080031f50 0x00000000800120d0
core   0: 0x000000008000ff10 (0xfc442703) lw      a4, -60(s0)
core   0: 3 0x000000008000ff10 (0xfc442703) x14 0x0000000000000000 mem 0x0000000080031f34
core   0: 0x000000008000ff14 (0x0ff77713) andi    a4, a4, 255
core   0: 3 0x000000008000ff14 (0x0ff77713) x14 0x0000000000000000
core   0: 0x000000008000ff18 (0x00e78023) sb      a4, 0(a5)
core   0: 3 0x000000008000ff18 (0x00e78023) mem 0x00000000800120cf 0x00
core   0: 0x000000008000ff1c (0xfc843703) ld      a4, -56(s0)
core   0: 3 0x000000008000ff1c (0xfc843703) x14 0x0000000080012040 mem 0x0000000080031f38
core   0: 0x000000008000ff20 (0xfb843783) ld      a5, -72(s0)
core   0: 3 0x000000008000ff20 (0xfb843783) x15 0x000000000000009c mem 0x0000000080031f28
core   0: 0x000000008000ff24 (0x000097ba) c.add   a5, a4
core   0: 3 0x000000008000ff24 (0x97ba) x15 0x00000000800120dc
core   0: 0x000000008000ff26 (0xfe043703) ld      a4, -32(s0)
core   0: 3 0x000000008000ff26 (0xfe043703) x14 0x00000000800120d0 mem 0x0000000080031f50
core   0: 0x000000008000ff2a (0xfcf76de3) bltu    a4, a5, pc - 38
core   0: 3 0x000000008000ff2a (0xfcf76de3)
core   0: 0x000000008000ff04 (0xfe043783) ld      a5, -32(s0)
core   0: 3 0x000000008000ff04 (0xfe043783) x15 0x00000000800120d0 mem 0x0000000080031f50
core   0: 0x000000008000ff08 (0x00178713) addi    a4, a5, 1
core   0: 3 0x000000008000ff08 (0x00178713) x14 0x00000000800120d1
core   0: 0x000000008000ff0c (0xfee43023) sd      a4, -32(s0)
core   0: 3 0x000000008000ff0c (0xfee43023) mem 0x0000000080031f50 0x00000000800120d1
core   0: 0x000000008000ff10 (0xfc442703) lw      a4, -60(s0)
core   0: 3 0x000000008000ff10 (0xfc442703) x14 0x0000000000000000 mem 0x0000000080031f34
core   0: 0x000000008000ff14 (0x0ff77713) andi    a4, a4, 255
core   0: 3 0x000000008000ff14 (0x0ff77713) x14 0x0000000000000000
core   0: 0x000000008000ff18 (0x00e78023) sb      a4, 0(a5)
core   0: 3 0x000000008000ff18 (0x00e78023) mem 0x00000000800120d0 0x00
core   0: 0x000000008000ff1c (0xfc843703) ld      a4, -56(s0)
core   0: 3 0x000000008000ff1c (0xfc843703) x14 0x0000000080012040 mem 0x0000000080031f38
core   0: 0x000000008000ff20 (0xfb843783) ld      a5, -72(s0)
core   0: 3 0x000000008000ff20 (0xfb843783) x15 0x000000000000009c mem 0x0000000080031f28
core   0: 0x000000008000ff24 (0x000097ba) c.add   a5, a4
core   0: 3 0x000000008000ff24 (0x97ba) x15 0x00000000800120dc
core   0: 0x000000008000ff26 (0xfe043703) ld      a4, -32(s0)
core   0: 3 0x000000008000ff26 (0xfe043703) x14 0x00000000800120d1 mem 0x0000000080031f50
core   0: 0x000000008000ff2a (0xfcf76de3) bltu    a4, a5, pc - 38
core   0: 3 0x000000008000ff2a (0xfcf76de3)
core   0: 0x000000008000ff04 (0xfe043783) ld      a5, -32(s0)
core   0: 3 0x000000008000ff04 (0xfe043783) x15 0x00000000800120d1 mem 0x0000000080031f50
core   0: 0x000000008000ff08 (0x00178713) addi    a4, a5, 1
core   0: 3 0x000000008000ff08 (0x00178713) x14 0x00000000800120d2
core   0: 0x000000008000ff0c (0xfee43023) sd      a4, -32(s0)
core   0: 3 0x000000008000ff0c (0xfee43023) mem 0x0000000080031f50 0x00000000800120d2
core   0: 0x000000008000ff10 (0xfc442703) lw      a4, -60(s0)
core   0: 3 0x000000008000ff10 (0xfc442703) x14 0x0000000000000000 mem 0x0000000080031f34
core   0: 0x000000008000ff14 (0x0ff77713) andi    a4, a4, 255
core   0: 3 0x000000008000ff14 (0x0ff77713) x14 0x0000000000000000
core   0: 0x000000008000ff18 (0x00e78023) sb      a4, 0(a5)
core   0: 3 0x000000008000ff18 (0x00e78023) mem 0x00000000800120d1 0x00
core   0: 0x000000008000ff1c (0xfc843703) ld      a4, -56(s0)
core   0: 3 0x000000008000ff1c (0xfc843703) x14 0x0000000080012040 mem 0x0000000080031f38
core   0: 0x000000008000ff20 (0xfb843783) ld      a5, -72(s0)
core   0: 3 0x000000008000ff20 (0xfb843783) x15 0x000000000000009c mem 0x0000000080031f28
core   0: 0x000000008000ff24 (0x000097ba) c.add   a5, a4
core   0: 3 0x000000008000ff24 (0x97ba) x15 0x00000000800120dc
core   0: 0x000000008000ff26 (0xfe043703) ld      a4, -32(s0)
core   0: 3 0x000000008000ff26 (0xfe043703) x14 0x00000000800120d2 mem 0x0000000080031f50
core   0: 0x000000008000ff2a (0xfcf76de3) bltu    a4, a5, pc - 38
core   0: 3 0x000000008000ff2a (0xfcf76de3)
core   0: 0x000000008000ff04 (0xfe043783) ld      a5, -32(s0)
core   0: 3 0x000000008000ff04 (0xfe043783) x15 0x00000000800120d2 mem 0x0000000080031f50
core   0: 0x000000008000ff08 (0x00178713) addi    a4, a5, 1
core   0: 3 0x000000008000ff08 (0x00178713) x14 0x00000000800120d3
core   0: 0x000000008000ff0c (0xfee43023) sd      a4, -32(s0)
core   0: 3 0x000000008000ff0c (0xfee43023) mem 0x0000000080031f50 0x00000000800120d3
core   0: 0x000000008000ff10 (0xfc442703) lw      a4, -60(s0)
core   0: 3 0x000000008000ff10 (0xfc442703) x14 0x0000000000000000 mem 0x0000000080031f34
core   0: 0x000000008000ff14 (0x0ff77713) andi    a4, a4, 255
core   0: 3 0x000000008000ff14 (0x0ff77713) x14 0x0000000000000000
core   0: 0x000000008000ff18 (0x00e78023) sb      a4, 0(a5)
core   0: 3 0x000000008000ff18 (0x00e78023) mem 0x00000000800120d2 0x00
core   0: 0x000000008000ff1c (0xfc843703) ld      a4, -56(s0)
core   0: 3 0x000000008000ff1c (0xfc843703) x14 0x0000000080012040 mem 0x0000000080031f38
core   0: 0x000000008000ff20 (0xfb843783) ld      a5, -72(s0)
core   0: 3 0x000000008000ff20 (0xfb843783) x15 0x000000000000009c mem 0x0000000080031f28
core   0: 0x000000008000ff24 (0x000097ba) c.add   a5, a4
core   0: 3 0x000000008000ff24 (0x97ba) x15 0x00000000800120dc
core   0: 0x000000008000ff26 (0xfe043703) ld      a4, -32(s0)
core   0: 3 0x000000008000ff26 (0xfe043703) x14 0x00000000800120d3 mem 0x0000000080031f50
core   0: 0x000000008000ff2a (0xfcf76de3) bltu    a4, a5, pc - 38
core   0: 3 0x000000008000ff2a (0xfcf76de3)
core   0: 0x000000008000ff04 (0xfe043783) ld      a5, -32(s0)
core   0: 3 0x000000008000ff04 (0xfe043783) x15 0x00000000800120d3 mem 0x0000000080031f50
core   0: 0x000000008000ff08 (0x00178713) addi    a4, a5, 1
core   0: 3 0x000000008000ff08 (0x00178713) x14 0x00000000800120d4
core   0: 0x000000008000ff0c (0xfee43023) sd      a4, -32(s0)
core   0: 3 0x000000008000ff0c (0xfee43023) mem 0x0000000080031f50 0x00000000800120d4
core   0: 0x000000008000ff10 (0xfc442703) lw      a4, -60(s0)
core   0: 3 0x000000008000ff10 (0xfc442703) x14 0x0000000000000000 mem 0x0000000080031f34
core   0: 0x000000008000ff14 (0x0ff77713) andi    a4, a4, 255
core   0: 3 0x000000008000ff14 (0x0ff77713) x14 0x0000000000000000
core   0: 0x000000008000ff18 (0x00e78023) sb      a4, 0(a5)
core   0: 3 0x000000008000ff18 (0x00e78023) mem 0x00000000800120d3 0x00
core   0: 0x000000008000ff1c (0xfc843703) ld      a4, -56(s0)
core   0: 3 0x000000008000ff1c (0xfc843703) x14 0x0000000080012040 mem 0x0000000080031f38
core   0: 0x000000008000ff20 (0xfb843783) ld      a5, -72(s0)
core   0: 3 0x000000008000ff20 (0xfb843783) x15 0x000000000000009c mem 0x0000000080031f28
core   0: 0x000000008000ff24 (0x000097ba) c.add   a5, a4
core   0: 3 0x000000008000ff24 (0x97ba) x15 0x00000000800120dc
core   0: 0x000000008000ff26 (0xfe043703) ld      a4, -32(s0)
core   0: 3 0x000000008000ff26 (0xfe043703) x14 0x00000000800120d4 mem 0x0000000080031f50
core   0: 0x000000008000ff2a (0xfcf76de3) bltu    a4, a5, pc - 38
core   0: 3 0x000000008000ff2a (0xfcf76de3)
core   0: 0x000000008000ff04 (0xfe043783) ld      a5, -32(s0)
core   0: 3 0x000000008000ff04 (0xfe043783) x15 0x00000000800120d4 mem 0x0000000080031f50
core   0: 0x000000008000ff08 (0x00178713) addi    a4, a5, 1
core   0: 3 0x000000008000ff08 (0x00178713) x14 0x00000000800120d5
core   0: 0x000000008000ff0c (0xfee43023) sd      a4, -32(s0)
core   0: 3 0x000000008000ff0c (0xfee43023) mem 0x0000000080031f50 0x00000000800120d5
core   0: 0x000000008000ff10 (0xfc442703) lw      a4, -60(s0)
core   0: 3 0x000000008000ff10 (0xfc442703) x14 0x0000000000000000 mem 0x0000000080031f34
core   0: 0x000000008000ff14 (0x0ff77713) andi    a4, a4, 255
core   0: 3 0x000000008000ff14 (0x0ff77713) x14 0x0000000000000000
core   0: 0x000000008000ff18 (0x00e78023) sb      a4, 0(a5)
core   0: 3 0x000000008000ff18 (0x00e78023) mem 0x00000000800120d4 0x00
core   0: 0x000000008000ff1c (0xfc843703) ld      a4, -56(s0)
core   0: 3 0x000000008000ff1c (0xfc843703) x14 0x0000000080012040 mem 0x0000000080031f38
core   0: 0x000000008000ff20 (0xfb843783) ld      a5, -72(s0)
core   0: 3 0x000000008000ff20 (0xfb843783) x15 0x000000000000009c mem 0x0000000080031f28
core   0: 0x000000008000ff24 (0x000097ba) c.add   a5, a4
core   0: 3 0x000000008000ff24 (0x97ba) x15 0x00000000800120dc
core   0: 0x000000008000ff26 (0xfe043703) ld      a4, -32(s0)
core   0: 3 0x000000008000ff26 (0xfe043703) x14 0x00000000800120d5 mem 0x0000000080031f50
core   0: 0x000000008000ff2a (0xfcf76de3) bltu    a4, a5, pc - 38
core   0: 3 0x000000008000ff2a (0xfcf76de3)
core   0: 0x000000008000ff04 (0xfe043783) ld      a5, -32(s0)
core   0: 3 0x000000008000ff04 (0xfe043783) x15 0x00000000800120d5 mem 0x0000000080031f50
core   0: 0x000000008000ff08 (0x00178713) addi    a4, a5, 1
core   0: 3 0x000000008000ff08 (0x00178713) x14 0x00000000800120d6
core   0: 0x000000008000ff0c (0xfee43023) sd      a4, -32(s0)
core   0: 3 0x000000008000ff0c (0xfee43023) mem 0x0000000080031f50 0x00000000800120d6
core   0: 0x000000008000ff10 (0xfc442703) lw      a4, -60(s0)
core   0: 3 0x000000008000ff10 (0xfc442703) x14 0x0000000000000000 mem 0x0000000080031f34
core   0: 0x000000008000ff14 (0x0ff77713) andi    a4, a4, 255
core   0: 3 0x000000008000ff14 (0x0ff77713) x14 0x0000000000000000
core   0: 0x000000008000ff18 (0x00e78023) sb      a4, 0(a5)
core   0: 3 0x000000008000ff18 (0x00e78023) mem 0x00000000800120d5 0x00
core   0: 0x000000008000ff1c (0xfc843703) ld      a4, -56(s0)
core   0: 3 0x000000008000ff1c (0xfc843703) x14 0x0000000080012040 mem 0x0000000080031f38
core   0: 0x000000008000ff20 (0xfb843783) ld      a5, -72(s0)
core   0: 3 0x000000008000ff20 (0xfb843783) x15 0x000000000000009c mem 0x0000000080031f28
core   0: 0x000000008000ff24 (0x000097ba) c.add   a5, a4
core   0: 3 0x000000008000ff24 (0x97ba) x15 0x00000000800120dc
core   0: 0x000000008000ff26 (0xfe043703) ld      a4, -32(s0)
core   0: 3 0x000000008000ff26 (0xfe043703) x14 0x00000000800120d6 mem 0x0000000080031f50
core   0: 0x000000008000ff2a (0xfcf76de3) bltu    a4, a5, pc - 38
core   0: 3 0x000000008000ff2a (0xfcf76de3)
core   0: 0x000000008000ff04 (0xfe043783) ld      a5, -32(s0)
core   0: 3 0x000000008000ff04 (0xfe043783) x15 0x00000000800120d6 mem 0x0000000080031f50
core   0: 0x000000008000ff08 (0x00178713) addi    a4, a5, 1
core   0: 3 0x000000008000ff08 (0x00178713) x14 0x00000000800120d7
core   0: 0x000000008000ff0c (0xfee43023) sd      a4, -32(s0)
core   0: 3 0x000000008000ff0c (0xfee43023) mem 0x0000000080031f50 0x00000000800120d7
core   0: 0x000000008000ff10 (0xfc442703) lw      a4, -60(s0)
core   0: 3 0x000000008000ff10 (0xfc442703) x14 0x0000000000000000 mem 0x0000000080031f34
core   0: 0x000000008000ff14 (0x0ff77713) andi    a4, a4, 255
core   0: 3 0x000000008000ff14 (0x0ff77713) x14 0x0000000000000000
core   0: 0x000000008000ff18 (0x00e78023) sb      a4, 0(a5)
core   0: 3 0x000000008000ff18 (0x00e78023) mem 0x00000000800120d6 0x00
core   0: 0x000000008000ff1c (0xfc843703) ld      a4, -56(s0)
core   0: 3 0x000000008000ff1c (0xfc843703) x14 0x0000000080012040 mem 0x0000000080031f38
core   0: 0x000000008000ff20 (0xfb843783) ld      a5, -72(s0)
core   0: 3 0x000000008000ff20 (0xfb843783) x15 0x000000000000009c mem 0x0000000080031f28
core   0: 0x000000008000ff24 (0x000097ba) c.add   a5, a4
core   0: 3 0x000000008000ff24 (0x97ba) x15 0x00000000800120dc
core   0: 0x000000008000ff26 (0xfe043703) ld      a4, -32(s0)
core   0: 3 0x000000008000ff26 (0xfe043703) x14 0x00000000800120d7 mem 0x0000000080031f50
core   0: 0x000000008000ff2a (0xfcf76de3) bltu    a4, a5, pc - 38
core   0: 3 0x000000008000ff2a (0xfcf76de3)
core   0: 0x000000008000ff04 (0xfe043783) ld      a5, -32(s0)
core   0: 3 0x000000008000ff04 (0xfe043783) x15 0x00000000800120d7 mem 0x0000000080031f50
core   0: 0x000000008000ff08 (0x00178713) addi    a4, a5, 1
core   0: 3 0x000000008000ff08 (0x00178713) x14 0x00000000800120d8
core   0: 0x000000008000ff0c (0xfee43023) sd      a4, -32(s0)
core   0: 3 0x000000008000ff0c (0xfee43023) mem 0x0000000080031f50 0x00000000800120d8
core   0: 0x000000008000ff10 (0xfc442703) lw      a4, -60(s0)
core   0: 3 0x000000008000ff10 (0xfc442703) x14 0x0000000000000000 mem 0x0000000080031f34
core   0: 0x000000008000ff14 (0x0ff77713) andi    a4, a4, 255
core   0: 3 0x000000008000ff14 (0x0ff77713) x14 0x0000000000000000
core   0: 0x000000008000ff18 (0x00e78023) sb      a4, 0(a5)
core   0: 3 0x000000008000ff18 (0x00e78023) mem 0x00000000800120d7 0x00
core   0: 0x000000008000ff1c (0xfc843703) ld      a4, -56(s0)
core   0: 3 0x000000008000ff1c (0xfc843703) x14 0x0000000080012040 mem 0x0000000080031f38
core   0: 0x000000008000ff20 (0xfb843783) ld      a5, -72(s0)
core   0: 3 0x000000008000ff20 (0xfb843783) x15 0x000000000000009c mem 0x0000000080031f28
core   0: 0x000000008000ff24 (0x000097ba) c.add   a5, a4
core   0: 3 0x000000008000ff24 (0x97ba) x15 0x00000000800120dc
core   0: 0x000000008000ff26 (0xfe043703) ld      a4, -32(s0)
core   0: 3 0x000000008000ff26 (0xfe043703) x14 0x00000000800120d8 mem 0x0000000080031f50
core   0: 0x000000008000ff2a (0xfcf76de3) bltu    a4, a5, pc - 38
core   0: 3 0x000000008000ff2a (0xfcf76de3)
core   0: 0x000000008000ff04 (0xfe043783) ld      a5, -32(s0)
core   0: 3 0x000000008000ff04 (0xfe043783) x15 0x00000000800120d8 mem 0x0000000080031f50
core   0: 0x000000008000ff08 (0x00178713) addi    a4, a5, 1
core   0: 3 0x000000008000ff08 (0x00178713) x14 0x00000000800120d9
core   0: 0x000000008000ff0c (0xfee43023) sd      a4, -32(s0)
core   0: 3 0x000000008000ff0c (0xfee43023) mem 0x0000000080031f50 0x00000000800120d9
core   0: 0x000000008000ff10 (0xfc442703) lw      a4, -60(s0)
core   0: 3 0x000000008000ff10 (0xfc442703) x14 0x0000000000000000 mem 0x0000000080031f34
core   0: 0x000000008000ff14 (0x0ff77713) andi    a4, a4, 255
core   0: 3 0x000000008000ff14 (0x0ff77713) x14 0x0000000000000000
core   0: 0x000000008000ff18 (0x00e78023) sb      a4, 0(a5)
core   0: 3 0x000000008000ff18 (0x00e78023) mem 0x00000000800120d8 0x00
core   0: 0x000000008000ff1c (0xfc843703) ld      a4, -56(s0)
core   0: 3 0x000000008000ff1c (0xfc843703) x14 0x0000000080012040 mem 0x0000000080031f38
core   0: 0x000000008000ff20 (0xfb843783) ld      a5, -72(s0)
core   0: 3 0x000000008000ff20 (0xfb843783) x15 0x000000000000009c mem 0x0000000080031f28
core   0: 0x000000008000ff24 (0x000097ba) c.add   a5, a4
core   0: 3 0x000000008000ff24 (0x97ba) x15 0x00000000800120dc
core   0: 0x000000008000ff26 (0xfe043703) ld      a4, -32(s0)
core   0: 3 0x000000008000ff26 (0xfe043703) x14 0x00000000800120d9 mem 0x0000000080031f50
core   0: 0x000000008000ff2a (0xfcf76de3) bltu    a4, a5, pc - 38
core   0: 3 0x000000008000ff2a (0xfcf76de3)
core   0: 0x000000008000ff04 (0xfe043783) ld      a5, -32(s0)
core   0: 3 0x000000008000ff04 (0xfe043783) x15 0x00000000800120d9 mem 0x0000000080031f50
core   0: 0x000000008000ff08 (0x00178713) addi    a4, a5, 1
core   0: 3 0x000000008000ff08 (0x00178713) x14 0x00000000800120da
core   0: 0x000000008000ff0c (0xfee43023) sd      a4, -32(s0)
core   0: 3 0x000000008000ff0c (0xfee43023) mem 0x0000000080031f50 0x00000000800120da
core   0: 0x000000008000ff10 (0xfc442703) lw      a4, -60(s0)
core   0: 3 0x000000008000ff10 (0xfc442703) x14 0x0000000000000000 mem 0x0000000080031f34
core   0: 0x000000008000ff14 (0x0ff77713) andi    a4, a4, 255
core   0: 3 0x000000008000ff14 (0x0ff77713) x14 0x0000000000000000
core   0: 0x000000008000ff18 (0x00e78023) sb      a4, 0(a5)
core   0: 3 0x000000008000ff18 (0x00e78023) mem 0x00000000800120d9 0x00
core   0: 0x000000008000ff1c (0xfc843703) ld      a4, -56(s0)
core   0: 3 0x000000008000ff1c (0xfc843703) x14 0x0000000080012040 mem 0x0000000080031f38
core   0: 0x000000008000ff20 (0xfb843783) ld      a5, -72(s0)
core   0: 3 0x000000008000ff20 (0xfb843783) x15 0x000000000000009c mem 0x0000000080031f28
core   0: 0x000000008000ff24 (0x000097ba) c.add   a5, a4
core   0: 3 0x000000008000ff24 (0x97ba) x15 0x00000000800120dc
core   0: 0x000000008000ff26 (0xfe043703) ld      a4, -32(s0)
core   0: 3 0x000000008000ff26 (0xfe043703) x14 0x00000000800120da mem 0x0000000080031f50
core   0: 0x000000008000ff2a (0xfcf76de3) bltu    a4, a5, pc - 38
core   0: 3 0x000000008000ff2a (0xfcf76de3)
core   0: 0x000000008000ff04 (0xfe043783) ld      a5, -32(s0)
core   0: 3 0x000000008000ff04 (0xfe043783) x15 0x00000000800120da mem 0x0000000080031f50
core   0: 0x000000008000ff08 (0x00178713) addi    a4, a5, 1
core   0: 3 0x000000008000ff08 (0x00178713) x14 0x00000000800120db
core   0: 0x000000008000ff0c (0xfee43023) sd      a4, -32(s0)
core   0: 3 0x000000008000ff0c (0xfee43023) mem 0x0000000080031f50 0x00000000800120db
core   0: 0x000000008000ff10 (0xfc442703) lw      a4, -60(s0)
core   0: 3 0x000000008000ff10 (0xfc442703) x14 0x0000000000000000 mem 0x0000000080031f34
core   0: 0x000000008000ff14 (0x0ff77713) andi    a4, a4, 255
core   0: 3 0x000000008000ff14 (0x0ff77713) x14 0x0000000000000000
core   0: 0x000000008000ff18 (0x00e78023) sb      a4, 0(a5)
core   0: 3 0x000000008000ff18 (0x00e78023) mem 0x00000000800120da 0x00
core   0: 0x000000008000ff1c (0xfc843703) ld      a4, -56(s0)
core   0: 3 0x000000008000ff1c (0xfc843703) x14 0x0000000080012040 mem 0x0000000080031f38
core   0: 0x000000008000ff20 (0xfb843783) ld      a5, -72(s0)
core   0: 3 0x000000008000ff20 (0xfb843783) x15 0x000000000000009c mem 0x0000000080031f28
core   0: 0x000000008000ff24 (0x000097ba) c.add   a5, a4
core   0: 3 0x000000008000ff24 (0x97ba) x15 0x00000000800120dc
core   0: 0x000000008000ff26 (0xfe043703) ld      a4, -32(s0)
core   0: 3 0x000000008000ff26 (0xfe043703) x14 0x00000000800120db mem 0x0000000080031f50
core   0: 0x000000008000ff2a (0xfcf76de3) bltu    a4, a5, pc - 38
core   0: 3 0x000000008000ff2a (0xfcf76de3)
core   0: 0x000000008000ff04 (0xfe043783) ld      a5, -32(s0)
core   0: 3 0x000000008000ff04 (0xfe043783) x15 0x00000000800120db mem 0x0000000080031f50
core   0: 0x000000008000ff08 (0x00178713) addi    a4, a5, 1
core   0: 3 0x000000008000ff08 (0x00178713) x14 0x00000000800120dc
core   0: 0x000000008000ff0c (0xfee43023) sd      a4, -32(s0)
core   0: 3 0x000000008000ff0c (0xfee43023) mem 0x0000000080031f50 0x00000000800120dc
core   0: 0x000000008000ff10 (0xfc442703) lw      a4, -60(s0)
core   0: 3 0x000000008000ff10 (0xfc442703) x14 0x0000000000000000 mem 0x0000000080031f34
core   0: 0x000000008000ff14 (0x0ff77713) andi    a4, a4, 255
core   0: 3 0x000000008000ff14 (0x0ff77713) x14 0x0000000000000000
core   0: 0x000000008000ff18 (0x00e78023) sb      a4, 0(a5)
core   0: 3 0x000000008000ff18 (0x00e78023) mem 0x00000000800120db 0x00
core   0: 0x000000008000ff1c (0xfc843703) ld      a4, -56(s0)
core   0: 3 0x000000008000ff1c (0xfc843703) x14 0x0000000080012040 mem 0x0000000080031f38
core   0: 0x000000008000ff20 (0xfb843783) ld      a5, -72(s0)
core   0: 3 0x000000008000ff20 (0xfb843783) x15 0x000000000000009c mem 0x0000000080031f28
core   0: 0x000000008000ff24 (0x000097ba) c.add   a5, a4
core   0: 3 0x000000008000ff24 (0x97ba) x15 0x00000000800120dc
core   0: 0x000000008000ff26 (0xfe043703) ld      a4, -32(s0)
core   0: 3 0x000000008000ff26 (0xfe043703) x14 0x00000000800120dc mem 0x0000000080031f50
core   0: 0x000000008000ff2a (0xfcf76de3) bltu    a4, a5, pc - 38
core   0: 3 0x000000008000ff2a (0xfcf76de3)
core   0: 0x000000008000ff2e (0xfc843783) ld      a5, -56(s0)
core   0: 3 0x000000008000ff2e (0xfc843783) x15 0x0000000080012040 mem 0x0000000080031f38
core   0: 0x000000008000ff32 (0x0000853e) c.mv    a0, a5
core   0: 3 0x000000008000ff32 (0x853e) x10 0x0000000080012040
core   0: 0x000000008000ff34 (0x00006426) c.ldsp  s0, 72(sp)
core   0: 3 0x000000008000ff34 (0x6426) x8  0x0000000080031f90 mem 0x0000000080031f68
core   0: 0x000000008000ff36 (0x00006161) c.addi16sp sp, 80
core   0: 3 0x000000008000ff36 (0x6161) x2  0x0000000080031f70
core   0: 0x000000008000ff38 (0x00008082) ret
core   0: 3 0x000000008000ff38 (0x8082)
core   0: 0x000000008000f4ec (0x00000001) c.nop
core   0: 3 0x000000008000f4ec (0x0001)
core   0: 0x000000008000f4ee (0x000060e2) c.ldsp  ra, 24(sp)
core   0: 3 0x000000008000f4ee (0x60e2) x1  0x000000008000f52c mem 0x0000000080031f88
core   0: 0x000000008000f4f0 (0x00006442) c.ldsp  s0, 16(sp)
core   0: 3 0x000000008000f4f0 (0x6442) x8  0x0000000080032040 mem 0x0000000080031f80
core   0: 0x000000008000f4f2 (0x00006105) c.addi16sp sp, 32
core   0: 3 0x000000008000f4f2 (0x6105) x2  0x0000000080031f90
core   0: 0x000000008000f4f4 (0x00008082) ret
core   0: 3 0x000000008000f4f4 (0x8082)
core   0: 0x000000008000f52c (0xf5842703) lw      a4, -168(s0)
core   0: 3 0x000000008000f52c (0xf5842703) x14 0x0000000000000001 mem 0x0000000080031f98
core   0: 0x000000008000f530 (0xf5c42783) lw      a5, -164(s0)
core   0: 3 0x000000008000f530 (0xf5c42783) x15 0x0000000000000000 mem 0x0000000080031f9c
core   0: 0x000000008000f534 (0x000085ba) c.mv    a1, a4
core   0: 3 0x000000008000f534 (0x85ba) x11 0x0000000000000001
core   0: 0x000000008000f536 (0x0000853e) c.mv    a0, a5
core   0: 3 0x000000008000f536 (0x853e) x10 0x0000000000000000
core   0: 0x000000008000f538 (0xf03ff0ef) jal     pc - 0xfe
core   0: 3 0x000000008000f538 (0xf03ff0ef) x1  0x000000008000f53c
core   0: >>>>  thread_entry
core   0: 0x000000008000f43a (0x00001101) c.addi  sp, -32
core   0: 3 0x000000008000f43a (0x1101) x2  0x0000000080031f70
core   0: 0x000000008000f43c (0x0000ec22) c.sdsp  s0, 24(sp)
core   0: 3 0x000000008000f43c (0xec22) mem 0x0000000080031f88 0x0000000080032040
core   0: 0x000000008000f43e (0x00001000) c.addi4spn s0, sp, 32
core   0: 3 0x000000008000f43e (0x1000) x8  0x0000000080031f90
core   0: 0x000000008000f440 (0x000087aa) c.mv    a5, a0
core   0: 3 0x000000008000f440 (0x87aa) x15 0x0000000000000000
core   0: 0x000000008000f442 (0x0000872e) c.mv    a4, a1
core   0: 3 0x000000008000f442 (0x872e) x14 0x0000000000000001
core   0: 0x000000008000f444 (0xfef42623) sw      a5, -20(s0)
core   0: 3 0x000000008000f444 (0xfef42623) mem 0x0000000080031f7c 0x00000000
core   0: 0x000000008000f448 (0x000087ba) c.mv    a5, a4
core   0: 3 0x000000008000f448 (0x87ba) x15 0x0000000000000001
core   0: 0x000000008000f44a (0xfef42423) sw      a5, -24(s0)
core   0: 3 0x000000008000f44a (0xfef42423) mem 0x0000000080031f78 0x00000001
core   0: 0x000000008000f44e (0x00000001) c.nop
core   0: 3 0x000000008000f44e (0x0001)
core   0: 0x000000008000f450 (0xfec42783) lw      a5, -20(s0)
core   0: 3 0x000000008000f450 (0xfec42783) x15 0x0000000000000000 mem 0x0000000080031f7c
core   0: 0x000000008000f454 (0x00002781) c.addiw a5, 0
core   0: 3 0x000000008000f454 (0x2781) x15 0x0000000000000000
core   0: 0x000000008000f456 (0x0000ffed) c.bnez  a5, pc - 6
core   0: 3 0x000000008000f456 (0xffed)
core   0: 0x000000008000f458 (0x00000001) c.nop
core   0: 3 0x000000008000f458 (0x0001)
core   0: 0x000000008000f45a (0x00000001) c.nop
core   0: 3 0x000000008000f45a (0x0001)
core   0: 0x000000008000f45c (0x00006462) c.ldsp  s0, 24(sp)
core   0: 3 0x000000008000f45c (0x6462) x8  0x0000000080032040 mem 0x0000000080031f88
core   0: 0x000000008000f45e (0x00006105) c.addi16sp sp, 32
core   0: 3 0x000000008000f45e (0x6105) x2  0x0000000080031f90
core   0: 0x000000008000f460 (0x00008082) ret
core   0: 3 0x000000008000f460 (0x8082)
core   0: 0x000000008000f53c (0x00004581) c.li    a1, 0
core   0: 3 0x000000008000f53c (0x4581) x11 0x0000000000000000
core   0: 0x000000008000f53e (0x00004501) c.li    a0, 0
core   0: 3 0x000000008000f53e (0x4501) x10 0x0000000000000000
core   0: 0x000000008000f540 (0xac1f20ef) jal     pc - 0xd540
core   0: 3 0x000000008000f540 (0xac1f20ef) x1  0x000000008000f544
core   0: >>>>  main
core   0: 0x0000000080002000 (0x00000001) c.nop
core   0: 3 0x0000000080002000 (0x0001)
core   0: >>>>  trap_vec_init
core   0: 0x0000000080002002 (0x00002797) auipc   a5, 0x2
core   0: 3 0x0000000080002002 (0x00002797) x15 0x0000000080004002
core   0: 0x0000000080002006 (0xffe78793) addi    a5, a5, -2
core   0: 3 0x0000000080002006 (0xffe78793) x15 0x0000000080004000
core   0: 0x000000008000200a (0x30579073) csrrw   zero, mtvec, a5
core   0: 3 0x000000008000200a (0x30579073) c773_mtvec 0x0000000080004000
core   0: >>>>  pmp_setup
core   0: 0x000000008000200e (0x00002c17) auipc   s8, 0x2
core   0: 3 0x000000008000200e (0x00002c17) x24 0x000000008000400e
core   0: 0x0000000080002012 (0x022c0c13) addi    s8, s8, 34
core   0: 3 0x0000000080002012 (0x022c0c13) x24 0x0000000080004030
core   0: 0x0000000080002016 (0x00004781) c.li    a5, 0
core   0: 3 0x0000000080002016 (0x4781) x15 0x0000000000000000
core   0: 0x0000000080002018 (0x00009c3e) c.add   s8, a5
core   0: 3 0x0000000080002018 (0x9c3e) x24 0x0000000080004030
core   0: 0x000000008000201a (0x3b0c1073) csrrw   zero, pmpaddr0, s8
core   0: 3 0x000000008000201a (0x3b0c1073) c944_pmpaddr0 0x0000000080004030
core   0: 0x000000008000201e (0x00004c3d) c.li    s8, 15
core   0: 3 0x000000008000201e (0x4c3d) x24 0x000000000000000f
core   0: 0x0000000080002020 (0x3a0c1073) csrrw   zero, pmpcfg0, s8
core   0: 3 0x0000000080002020 (0x3a0c1073) c928_pmpcfg0 0x000000000000000f
core   0: 0x0000000080002024 (0x12000073) sfence.vma zero, zero
core   0: 3 0x0000000080002024 (0x12000073)
core   0: >>>>  mepc_setup
core   0: 0x0000000080002028 (0x00002797) auipc   a5, 0x2
core   0: 3 0x0000000080002028 (0x00002797) x15 0x0000000080004028
core   0: 0x000000008000202c (0x00878793) addi    a5, a5, 8
core   0: 3 0x000000008000202c (0x00878793) x15 0x0000000080004030
core   0: 0x0000000080002030 (0x34179073) csrrw   zero, mepc, a5
core   0: 3 0x0000000080002030 (0x34179073) c833_mepc 0x0000000080004030
core   0: >>>>  custom_csr_setup
core   0: 0x0000000080002034 (0x00100f9b) addiw   t6, zero, 1
core   0: 3 0x0000000080002034 (0x00100f9b) x31 0x0000000000000001
core   0: 0x0000000080002038 (0x00000ffe) c.slli  t6, 31
core   0: 3 0x0000000080002038 (0x0ffe) x31 0x0000000080000000
core   0: 0x000000008000203a (0x00000001) c.nop
core   0: 3 0x000000008000203a (0x0001)
core   0: >>>>  init_s_mode
core   0: 0x000000008000203c (0xfff0079b) addiw   a5, zero, -1
core   0: 3 0x000000008000203c (0xfff0079b) x15 0xffffffffffffffff
core   0: 0x0000000080002040 (0x000017fe) c.slli  a5, 63
core   0: 3 0x0000000080002040 (0x17fe) x15 0x8000000000000000
core   0: 0x0000000080002042 (0x18079073) csrrw   zero, satp, a5
core   0: 3 0x0000000080002042 (0x18079073) c384_satp 0x8000000000000000
core   0: 0x0000000080002046 (0x0000f797) auipc   a5, 0xf
core   0: 3 0x0000000080002046 (0x0000f797) x15 0x0000000080011046
core   0: 0x000000008000204a (0xfba78793) addi    a5, a5, -70
core   0: 3 0x000000008000204a (0xfba78793) x15 0x0000000080011000
core   0: 0x000000008000204e (0x000083b1) c.srli  a5, 12
core   0: 3 0x000000008000204e (0x83b1) x15 0x0000000000080011
core   0: 0x0000000080002050 (0x0010061b) addiw   a2, zero, 1
core   0: 3 0x0000000080002050 (0x0010061b) x12 0x0000000000000001
core   0: 0x0000000080002054 (0x00001632) c.slli  a2, 44
core   0: 3 0x0000000080002054 (0x1632) x12 0x0000100000000000
core   0: 0x0000000080002056 (0x0000167d) c.addi  a2, -1
core   0: 3 0x0000000080002056 (0x167d) x12 0x00000fffffffffff
core   0: 0x0000000080002058 (0x00008ff1) c.and   a5, a2
core   0: 3 0x0000000080002058 (0x8ff1) x15 0x0000000000080011
core   0: 0x000000008000205a (0x1807a073) csrrs   zero, satp, a5
core   0: 3 0x000000008000205a (0x1807a073) c384_satp 0x8000000000080011
core   0: 0x000000008000205e (0x00a005b7) lui     a1, 0xa00
core   0: 3 0x000000008000205e (0x00a005b7) x11 0x0000000000a00000
core   0: 0x0000000080002062 (0x10b5859b) addiw   a1, a1, 267
core   0: 3 0x0000000080002062 (0x10b5859b) x11 0x0000000000a0010b
core   0: 0x0000000080002066 (0x000005b2) c.slli  a1, 12
core   0: 3 0x0000000080002066 (0x05b2) x11 0x0000000a0010b000
core   0: 0x0000000080002068 (0xa0058593) addi    a1, a1, -1536
core   0: 3 0x0000000080002068 (0xa0058593) x11 0x0000000a0010aa00
core   0: 0x000000008000206c (0x30059073) csrrw   zero, mstatus, a1
core   0: 3 0x000000008000206c (0x30059073) c768_mstatus 0x0000000a00102800
core   0: 0x0000000080002070 (0x30459073) csrrw   zero, mie, a1
core   0: 3 0x0000000080002070 (0x30459073) c772_mie 0x0000000000000a00
core   0: 0x0000000080002074 (0x00a005b7) lui     a1, 0xa00
core   0: 3 0x0000000080002074 (0x00a005b7) x11 0x0000000000a00000
core   0: 0x0000000080002078 (0x10b5859b) addiw   a1, a1, 267
core   0: 3 0x0000000080002078 (0x10b5859b) x11 0x0000000000a0010b
core   0: 0x000000008000207c (0x000005b2) c.slli  a1, 12
core   0: 3 0x000000008000207c (0x05b2) x11 0x0000000a0010b000
core   0: 0x000000008000207e (0xa0058593) addi    a1, a1, -1536
core   0: 3 0x000000008000207e (0xa0058593) x11 0x0000000a0010aa00
core   0: 0x0000000080002082 (0x10059073) csrrw   zero, sstatus, a1
core   0: 3 0x0000000080002082 (0x10059073) c768_mstatus 0x0000000a00102800
core   0: 0x0000000080002086 (0x10459073) csrrw   zero, sie, a1
core   0: 3 0x0000000080002086 (0x10459073) c772_mie 0x0000000000000a00
core   0: 0x000000008000208a (0x30200073) mret
core   0: 3 0x000000008000208a (0x30200073) c768_mstatus 0x0000000a00102080
core   0: >>>>  main_g
core   0: 0x0000000080004030 (0x00a898b3) sll     a7, a7, a0
core   0: 1 0x0000000080004030 (0x00a898b3) x17 0x0000000000000000
core   0: 0x0000000080004034 (0xd020fed3) fcvt.s.l ft9, ra
core   0: 1 0x0000000080004034 (0xd020fed3) c1_fflags 0x0000000000000001 c768_mstatus 0x8000000a00106080 f29 0xffffffff4f0000f5
core   0: 0x0000000080004038 (0x031c6333) rem     t1, s8, a7
core   0: 1 0x0000000080004038 (0x031c6333) x6  0x000000000000000f
core   0: 0x000000008000403c (0x014a1333) sll     t1, s4, s4
core   0: 1 0x000000008000403c (0x014a1333) x6  0x0000000000000000
core   0: 0x0000000080004040 (0x23beadd3) fsgnjx.d fs11, ft9, fs11
core   0: 1 0x0000000080004040 (0x23beadd3) f27 0x7fffffff4f0000f5
core   0: 0x0000000080004044 (0x01f89a9b) slliw   s5, a7, 31
core   0: 1 0x0000000080004044 (0x01f89a9b) x21 0x0000000000000000
core   0: 0x0000000080004048 (0x41d00ebb) subw    t4, zero, t4
core   0: 1 0x0000000080004048 (0x41d00ebb) x29 0x0000000000000000
core   0: 0x000000008000404c (0x401d7d53) fcvt.s.d fs10, fs10
core   0: 1 0x000000008000404c (0x401d7d53) f26 0xffffffff7fc00000
core   0: 0x0000000080004050 (0x22baa0d3) fsgnjx.d ft1, fs5, fa1
core   0: 1 0x0000000080004050 (0x22baa0d3) f1  0x7fffffff00000000
core   0: 0x0000000080004054 (0xa3a88153) fle.d   sp, fa7, fs10
core   0: 1 0x0000000080004054 (0xa3a88153) c1_fflags 0x0000000000000011 x2  0x0000000000000000
core   0: 0x0000000080004058 (0x0243e33b) remw    t1, t2, tp
core   0: 1 0x0000000080004058 (0x0243e33b) x6  0x0000000000000000
core   0: 0x000000008000405c (0x74138e93) addi    t4, t2, 1857
core   0: 1 0x000000008000405c (0x74138e93) x29 0x0000000000000741
core   0: 0x0000000080004060 (0xe494041b) addiw   s0, s0, -439
core   0: 1 0x0000000080004060 (0xe494041b) x8  0xffffffff80031e89
core   0: 0x0000000080004064 (0x006b50b3) srl     ra, s6, t1
core   0: 1 0x0000000080004064 (0x006b50b3) x1  0x0000000000000000
core   0: 0x0000000080004068 (0x5a057753) fsqrt.d fa4, fa0
core   0: 1 0x0000000080004068 (0x5a057753) f14 0x7ff8000000000000
core   0: 0x000000008000406c (0xc035be73) csrrc   t3, hpmcounter3, a1
core   0: exception trap_illegal_instruction, epc 0x000000008000406c
core   0:           tval 0x00000000c035be73
core   0: >>>>  $xrv64i2p1_m2p0_a2p1_f2p2_d2p2_zicsr2p0_zifencei2p0_zmmul1p0_zba1p0_zbb1p0_zbc1p0_zbs1p0
core   0: 0x0000000080004000 (0x0080006f) j       pc + 0x8
core   0: 3 0x0000000080004000 (0x0080006f)
core   0: >>>>  mmode_exception_handler
core   0: 0x0000000080004008 (0x00002c17) auipc   s8, 0x2
core   0: 3 0x0000000080004008 (0x00002c17) x24 0x0000000080006008
core   0: 0x000000008000400c (0x04ec0c13) addi    s8, s8, 78
core   0: 3 0x000000008000400c (0x04ec0c13) x24 0x0000000080006056
core   0: 0x0000000080004010 (0x000c00e7) jalr    s8
core   0: 3 0x0000000080004010 (0x000c00e7) x1  0x0000000080004014
core   0: >>>>  any_handler
core   0: 0x0000000080006056 (0x341027f3) csrrs   a5, mepc, zero
core   0: 3 0x0000000080006056 (0x341027f3) x15 0x000000008000406c
core   0: 0x000000008000605a (0x34202773) csrrs   a4, mcause, zero
core   0: 3 0x000000008000605a (0x34202773) x14 0x0000000000000002
core   0: 0x000000008000605e (0x142026f3) csrrs   a3, scause, zero
core   0: 3 0x000000008000605e (0x142026f3) x13 0x0000000000000000
core   0: 0x0000000080006062 (0x30402673) csrrs   a2, mie, zero
core   0: 3 0x0000000080006062 (0x30402673) x12 0x0000000000000a00
core   0: 0x0000000080006066 (0x344025f3) csrrs   a1, mip, zero
core   0: 3 0x0000000080006066 (0x344025f3) x11 0x0000000000000080
core   0: 0x000000008000606a (0x343025f3) csrrs   a1, mtval, zero
core   0: 3 0x000000008000606a (0x343025f3) x11 0x00000000c035be73
core   0: 0x000000008000606e (0x14302573) csrrs   a0, stval, zero
core   0: 3 0x000000008000606e (0x14302573) x10 0x0000000000000000
core   0: 0x0000000080006072 (0xb02024f3) csrrs   s1, minstret, zero
core   0: 3 0x0000000080006072 (0xb02024f3) x9  0x00000000000007da
core   0: 0x0000000080006076 (0x0000a811) c.j     pc + 20
core   0: 3 0x0000000080006076 (0xa811)
core   0: >>>>  mepc_4
core   0: 0x000000008000608a (0x00000791) c.addi  a5, 4
core   0: 3 0x000000008000608a (0x0791) x15 0x0000000080004070
core   0: 0x000000008000608c (0x34179073) csrrw   zero, mepc, a5
core   0: 3 0x000000008000608c (0x34179073) c833_mepc 0x0000000080004070
core   0: 0x0000000080006090 (0x30200073) mret
core   0: 3 0x0000000080006090 (0x30200073) c768_mstatus 0x8000000a00106080
core   0: 0x0000000080004070 (0x000b6b13) ori     s6, s6, 0
core   0: 1 0x0000000080004070 (0x000b6b13) x22 0x0000000000000000
core   0: 0x0000000080004074 (0xc218f7d3) fcvt.wu.d a5, fa7
core   0: 1 0x0000000080004074 (0xc218f7d3) c1_fflags 0x0000000000000011 x15 0xffffffffffffffff
core   0: 0x0000000080004078 (0x000690b3) sll     ra, a3, zero
core   0: 1 0x0000000080004078 (0x000690b3) x1  0x0000000000000000
core   0: 0x000000008000407c (0x00009dbe) c.add   s11, a5
core   0: 1 0x000000008000407c (0x9dbe) x27 0xffffffffffffffff
core   0: 0x000000008000407e (0x4061db9b) sraiw   s7, gp, 6
core   0: 1 0x000000008000407e (0x4061db9b) x23 0xfffffffffe0004a0
core   0: 0x0000000080004082 (0x001d8eb3) add     t4, s11, ra
core   0: 1 0x0000000080004082 (0x001d8eb3) x29 0xffffffffffffffff
core   0: 0x0000000080004086 (0x02d3633b) remw    t1, t1, a3
core   0: 1 0x0000000080004086 (0x02d3633b) x6  0x0000000000000000
core   0: 0x000000008000408a (0x03f3db13) srli    s6, t2, 63
core   0: 1 0x000000008000408a (0x03f3db13) x22 0x0000000000000000
core   0: 0x000000008000408e (0x016193bb) sllw    t2, gp, s6
core   0: 1 0x000000008000408e (0x016193bb) x7  0xffffffff80012828
core   0: 0x0000000080004092 (0x74158ab7) lui     s5, 0x74158
core   0: 1 0x0000000080004092 (0x74158ab7) x21 0x0000000074158000
core   0: 0x0000000080004096 (0xd0317c53) fcvt.s.lu fs8, sp
core   0: 1 0x0000000080004096 (0xd0317c53) f24 0xffffffff00000000
core   0: 0x000000008000409a (0x000a9113) slli    sp, s5, 0
core   0: 1 0x000000008000409a (0x000a9113) x2  0x0000000074158000
core   0: 0x000000008000409e (0x02c3debb) divuw   t4, t2, a2
core   0: 1 0x000000008000409e (0x02c3debb) x29 0x00000000000cccea
core   0: 0x00000000800040a2 (0xc2377953) fcvt.lu.d s2, fa4
core   0: 1 0x00000000800040a2 (0xc2377953) c1_fflags 0x0000000000000011 x18 0xffffffffffffffff
core   0: 0x00000000800040a6 (0x00060333) add     t1, a2, zero
core   0: 1 0x00000000800040a6 (0x00060333) x6  0x0000000000000a00
core   0: 0x00000000800040aa (0x01266533) or      a0, a2, s2
core   0: 1 0x00000000800040aa (0x01266533) x10 0xffffffffffffffff
core   0: 0x00000000800040ae (0x02b6c8bb) divw    a7, a3, a1
core   0: 1 0x00000000800040ae (0x02b6c8bb) x17 0x0000000000000000
core   0: 0x00000000800040b2 (0x00bbddbb) srlw    s11, s7, a1
core   0: 1 0x00000000800040b2 (0x00bbddbb) x27 0x0000000000001fc0
core   0: 0x00000000800040b6 (0x00d10833) add     a6, sp, a3
core   0: 1 0x00000000800040b6 (0x00d10833) x16 0x0000000074158000
core   0: 0x00000000800040ba (0x005dae33) slt     t3, s11, t0
core   0: 1 0x00000000800040ba (0x005dae33) x28 0x0000000000000001
core   0: 0x00000000800040be (0xd2120d53) fcvt.d.wu fs10, tp
core   0: 1 0x00000000800040be (0xd2120d53) f26 0x41e0002408000000
core   0: 0x00000000800040c2 (0xc3aefec7) fmsub.d ft9, ft9, fs10, fs8
core   0: 1 0x00000000800040c2 (0xc3aefec7) f29 0x7ff8000000000000
core   0: 0x00000000800040c6 (0x03254933) div     s2, a0, s2
core   0: 1 0x00000000800040c6 (0x03254933) x18 0x0000000000000001
core   0: 0x00000000800040ca (0x001690f3) csrrw   ra, fflags, a3
core   0: 1 0x00000000800040ca (0x001690f3) x1  0x0000000000000011 c1_fflags 0x0000000000000000
core   0: 0x00000000800040ce (0x02108433) mul     s0, ra, ra
core   0: 1 0x00000000800040ce (0x02108433) x8  0x0000000000000121
core   0: 0x00000000800040d2 (0x00000001) c.nop
core   0: 1 0x00000000800040d2 (0x0001)
core   0: 0x00000000800040d4 (0x400001b3) sub     gp, zero, zero
core   0: 1 0x00000000800040d4 (0x400001b3) x3  0x0000000000000000
core   0: 0x00000000800040d8 (0x00202bf3) csrrs   s7, frm, zero
core   0: 1 0x00000000800040d8 (0x00202bf3) x23 0x0000000000000000
core   0: 0x00000000800040dc (0xd022f653) fcvt.s.l fa2, t0
core   0: 1 0x00000000800040dc (0xd022f653) c1_fflags 0x0000000000000001 f12 0xffffffff4f000001
core   0: 0x00000000800040e0 (0x28314b17) auipc   s6, 0x28314
core   0: 1 0x00000000800040e0 (0x28314b17) x22 0x00000000a83180e0
core   0: 0x00000000800040e4 (0x22eb8ed3) fsgnj.d ft9, fs7, fa4
core   0: 1 0x00000000800040e4 (0x22eb8ed3) f29 0x7fffffff00000000
core   0: 0x00000000800040e8 (0xc22bf6d3) fcvt.l.d a3, fs7
core   0: 1 0x00000000800040e8 (0xc22bf6d3) c1_fflags 0x0000000000000011 x13 0x7fffffffffffffff
core   0: 0x00000000800040ec (0x00968c3b) addw    s8, a3, s1
core   0: 1 0x00000000800040ec (0x00968c3b) x24 0x00000000000007d9
core   0: 0x00000000800040f0 (0x409bd61b) sraiw   a2, s7, 9
core   0: 1 0x00000000800040f0 (0x409bd61b) x12 0x0000000000000000
core   0: 0x00000000800040f4 (0x235e9453) fsgnjn.d fs0, ft9, fs5
core   0: 1 0x00000000800040f4 (0x235e9453) f8  0x7fffffff00000000
core   0: 0x00000000800040f8 (0x40a68717) auipc   a4, 0x40a68
core   0: 1 0x00000000800040f8 (0x40a68717) x14 0x00000000c0a6c0f8
core   0: 0x00000000800040fc (0x0048521b) srliw   tp, a6, 4
core   0: 1 0x00000000800040fc (0x0048521b) x4  0x0000000007415800
core   0: 0x0000000080004100 (0x02c99293) slli    t0, s3, 44
core   0: 1 0x0000000080004100 (0x02c99293) x5  0x0000000000000000
core   0: 0x0000000080004104 (0xebdef24b) fnmsub.d ft4, ft9, ft9, ft9
core   0: 1 0x0000000080004104 (0xebdef24b) f4  0x7ff8000000000000
core   0: 0x0000000080004108 (0x23db9d53) fsgnjn.d fs10, fs7, ft9
core   0: 1 0x0000000080004108 (0x23db9d53) f26 0xffffffff00000000
core   0: 0x000000008000410c (0xaa958197) auipc   gp, 0xaa958
core   0: 1 0x000000008000410c (0xaa958197) x3  0x000000002a95c10c
core   0: 0x0000000080004110 (0x00181613) slli    a2, a6, 1
core   0: 1 0x0000000080004110 (0x00181613) x12 0x00000000e82b0000
core   0: 0x0000000080004114 (0x0451bbb7) lui     s7, 0x451b
core   0: 1 0x0000000080004114 (0x0451bbb7) x23 0x000000000451b000
core   0: 0x0000000080004118 (0xaf3b8b9b) addiw   s7, s7, -1293
core   0: 1 0x0000000080004118 (0xaf3b8b9b) x23 0x000000000451aaf3
core   0: 0x000000008000411c (0x00000bb2) c.slli  s7, 12
core   0: 1 0x000000008000411c (0x0bb2) x23 0x000000451aaf3000
core   0: 0x000000008000411e (0x883b8b93) addi    s7, s7, -1917
core   0: 1 0x000000008000411e (0x883b8b93) x23 0x000000451aaf2883
core   0: 0x0000000080004122 (0x2a0a8ad3) fmin.d  fs5, fs5, ft0
core   0: 1 0x0000000080004122 (0x2a0a8ad3) f21 0x7ff8000000000000
core   0: 0x0000000080004126 (0x3437acf3) csrrs   s9, mtval, a5
core   0: exception trap_illegal_instruction, epc 0x0000000080004126
core   0:           tval 0x000000003437acf3
core   0: >>>>  $xrv64i2p1_m2p0_a2p1_f2p2_d2p2_zicsr2p0_zifencei2p0_zmmul1p0_zba1p0_zbb1p0_zbc1p0_zbs1p0
core   0: 0x0000000080004000 (0x0080006f) j       pc + 0x8
core   0: 3 0x0000000080004000 (0x0080006f)
core   0: >>>>  mmode_exception_handler
core   0: 0x0000000080004008 (0x00002c17) auipc   s8, 0x2
core   0: 3 0x0000000080004008 (0x00002c17) x24 0x0000000080006008
core   0: 0x000000008000400c (0x04ec0c13) addi    s8, s8, 78
core   0: 3 0x000000008000400c (0x04ec0c13) x24 0x0000000080006056
core   0: 0x0000000080004010 (0x000c00e7) jalr    s8
core   0: 3 0x0000000080004010 (0x000c00e7) x1  0x0000000080004014
core   0: >>>>  any_handler
core   0: 0x0000000080006056 (0x341027f3) csrrs   a5, mepc, zero
core   0: 3 0x0000000080006056 (0x341027f3) x15 0x0000000080004126
core   0: 0x000000008000605a (0x34202773) csrrs   a4, mcause, zero
core   0: 3 0x000000008000605a (0x34202773) x14 0x0000000000000002
core   0: 0x000000008000605e (0x142026f3) csrrs   a3, scause, zero
core   0: 3 0x000000008000605e (0x142026f3) x13 0x0000000000000000
core   0: 0x0000000080006062 (0x30402673) csrrs   a2, mie, zero
core   0: 3 0x0000000080006062 (0x30402673) x12 0x0000000000000a00
core   0: 0x0000000080006066 (0x344025f3) csrrs   a1, mip, zero
core   0: 3 0x0000000080006066 (0x344025f3) x11 0x0000000000000080
core   0: 0x000000008000606a (0x343025f3) csrrs   a1, mtval, zero
core   0: 3 0x000000008000606a (0x343025f3) x11 0x000000003437acf3
core   0: 0x000000008000606e (0x14302573) csrrs   a0, stval, zero
core   0: 3 0x000000008000606e (0x14302573) x10 0x0000000000000000
core   0: 0x0000000080006072 (0xb02024f3) csrrs   s1, minstret, zero
core   0: 3 0x0000000080006072 (0xb02024f3) x9  0x0000000000000819
core   0: 0x0000000080006076 (0x0000a811) c.j     pc + 20
core   0: 3 0x0000000080006076 (0xa811)
core   0: >>>>  mepc_4
core   0: 0x000000008000608a (0x00000791) c.addi  a5, 4
core   0: 3 0x000000008000608a (0x0791) x15 0x000000008000412a
core   0: 0x000000008000608c (0x34179073) csrrw   zero, mepc, a5
core   0: 3 0x000000008000608c (0x34179073) c833_mepc 0x000000008000412a
core   0: 0x0000000080006090 (0x30200073) mret
core   0: 3 0x0000000080006090 (0x30200073) c768_mstatus 0x8000000a00106080
core   0: 0x000000008000412a (0x089b0b1b) addiw   s6, s6, 137
core   0: 1 0x000000008000412a (0x089b0b1b) x22 0xffffffffa8318169
core   0: 0x000000008000412e (0x74715673) csrrwi  a2, mseccfg, 2
core   0: exception trap_illegal_instruction, epc 0x000000008000412e
core   0:           tval 0x0000000074715673
core   0: >>>>  $xrv64i2p1_m2p0_a2p1_f2p2_d2p2_zicsr2p0_zifencei2p0_zmmul1p0_zba1p0_zbb1p0_zbc1p0_zbs1p0
core   0: 0x0000000080004000 (0x0080006f) j       pc + 0x8
core   0: 3 0x0000000080004000 (0x0080006f)
core   0: >>>>  mmode_exception_handler
core   0: 0x0000000080004008 (0x00002c17) auipc   s8, 0x2
core   0: 3 0x0000000080004008 (0x00002c17) x24 0x0000000080006008
core   0: 0x000000008000400c (0x04ec0c13) addi    s8, s8, 78
core   0: 3 0x000000008000400c (0x04ec0c13) x24 0x0000000080006056
core   0: 0x0000000080004010 (0x000c00e7) jalr    s8
core   0: 3 0x0000000080004010 (0x000c00e7) x1  0x0000000080004014
core   0: >>>>  any_handler
core   0: 0x0000000080006056 (0x341027f3) csrrs   a5, mepc, zero
core   0: 3 0x0000000080006056 (0x341027f3) x15 0x000000008000412e
core   0: 0x000000008000605a (0x34202773) csrrs   a4, mcause, zero
core   0: 3 0x000000008000605a (0x34202773) x14 0x0000000000000002
core   0: 0x000000008000605e (0x142026f3) csrrs   a3, scause, zero
core   0: 3 0x000000008000605e (0x142026f3) x13 0x0000000000000000
core   0: 0x0000000080006062 (0x30402673) csrrs   a2, mie, zero
core   0: 3 0x0000000080006062 (0x30402673) x12 0x0000000000000a00
core   0: 0x0000000080006066 (0x344025f3) csrrs   a1, mip, zero
core   0: 3 0x0000000080006066 (0x344025f3) x11 0x0000000000000080
core   0: 0x000000008000606a (0x343025f3) csrrs   a1, mtval, zero
core   0: 3 0x000000008000606a (0x343025f3) x11 0x0000000074715673
core   0: 0x000000008000606e (0x14302573) csrrs   a0, stval, zero
core   0: 3 0x000000008000606e (0x14302573) x10 0x0000000000000000
core   0: 0x0000000080006072 (0xb02024f3) csrrs   s1, minstret, zero
core   0: 3 0x0000000080006072 (0xb02024f3) x9  0x000000000000082a
core   0: 0x0000000080006076 (0x0000a811) c.j     pc + 20
core   0: 3 0x0000000080006076 (0xa811)
core   0: >>>>  mepc_4
core   0: 0x000000008000608a (0x00000791) c.addi  a5, 4
core   0: 3 0x000000008000608a (0x0791) x15 0x0000000080004132
core   0: 0x000000008000608c (0x34179073) csrrw   zero, mepc, a5
core   0: 3 0x000000008000608c (0x34179073) c833_mepc 0x0000000080004132
core   0: 0x0000000080006090 (0x30200073) mret
core   0: 3 0x0000000080006090 (0x30200073) c768_mstatus 0x8000000a00106080
core   0: 0x0000000080004132 (0x00202bf3) csrrs   s7, frm, zero
core   0: 1 0x0000000080004132 (0x00202bf3) x23 0x0000000000000000
core   0: 0x0000000080004136 (0x039337b3) mulhu   a5, t1, s9
core   0: 1 0x0000000080004136 (0x039337b3) x15 0x0000000000000000
core   0: 0x000000008000413a (0x00f557bb) srlw    a5, a0, a5
core   0: 1 0x000000008000413a (0x00f557bb) x15 0x0000000000000000
core   0: 0x000000008000413e (0x4096d9b3) sra     s3, a3, s1
core   0: 1 0x000000008000413e (0x4096d9b3) x19 0x0000000000000000
core   0: 0x0000000080004142 (0x2b9585d3) fmin.d  fa1, fa1, fs9
core   0: 1 0x0000000080004142 (0x2b9585d3) f11 0x7ff8000000000000
core   0: 0x0000000080004146 (0x01a0931b) slliw   t1, ra, 26
core   0: 1 0x0000000080004146 (0x01a0931b) x6  0x0000000050000000
core   0: 0x000000008000414a (0x12c67853) fmul.d  fa6, fa2, fa2
core   0: 1 0x000000008000414a (0x12c67853) f16 0x7ff8000000000000
core   0: 0x000000008000414e (0xd224f953) fcvt.d.l fs2, s1
core   0: 1 0x000000008000414e (0xd224f953) f18 0x40a0540000000000
core   0: 0x0000000080004152 (0x0ff0000f) fence   iorw,iorw
core   0: 1 0x0000000080004152 (0x0ff0000f)
core   0: 0x0000000080004156 (0xe20901d3) fmv.x.d gp, fs2
core   0: 1 0x0000000080004156 (0xe20901d3) x3  0x40a0540000000000
core   0: 0x000000008000415a (0x42018253) fcvt.d.s ft4, ft3
core   0: 1 0x000000008000415a (0x42018253) f4  0x0000000000000000
core   0: 0x000000008000415e (0x747068f3) csrrsi  a7, mseccfg, 0
core   0: exception trap_illegal_instruction, epc 0x000000008000415e
core   0:           tval 0x00000000747068f3
core   0: >>>>  $xrv64i2p1_m2p0_a2p1_f2p2_d2p2_zicsr2p0_zifencei2p0_zmmul1p0_zba1p0_zbb1p0_zbc1p0_zbs1p0
core   0: 0x0000000080004000 (0x0080006f) j       pc + 0x8
core   0: 3 0x0000000080004000 (0x0080006f)
core   0: >>>>  mmode_exception_handler
core   0: 0x0000000080004008 (0x00002c17) auipc   s8, 0x2
core   0: 3 0x0000000080004008 (0x00002c17) x24 0x0000000080006008
core   0: 0x000000008000400c (0x04ec0c13) addi    s8, s8, 78
core   0: 3 0x000000008000400c (0x04ec0c13) x24 0x0000000080006056
core   0: 0x0000000080004010 (0x000c00e7) jalr    s8
core   0: 3 0x0000000080004010 (0x000c00e7) x1  0x0000000080004014
core   0: >>>>  any_handler
core   0: 0x0000000080006056 (0x341027f3) csrrs   a5, mepc, zero
core   0: 3 0x0000000080006056 (0x341027f3) x15 0x000000008000415e
core   0: 0x000000008000605a (0x34202773) csrrs   a4, mcause, zero
core   0: 3 0x000000008000605a (0x34202773) x14 0x0000000000000002
core   0: 0x000000008000605e (0x142026f3) csrrs   a3, scause, zero
core   0: 3 0x000000008000605e (0x142026f3) x13 0x0000000000000000
core   0: 0x0000000080006062 (0x30402673) csrrs   a2, mie, zero
core   0: 3 0x0000000080006062 (0x30402673) x12 0x0000000000000a00
core   0: 0x0000000080006066 (0x344025f3) csrrs   a1, mip, zero
core   0: 3 0x0000000080006066 (0x344025f3) x11 0x0000000000000080
core   0: 0x000000008000606a (0x343025f3) csrrs   a1, mtval, zero
core   0: 3 0x000000008000606a (0x343025f3) x11 0x00000000747068f3
core   0: 0x000000008000606e (0x14302573) csrrs   a0, stval, zero
core   0: 3 0x000000008000606e (0x14302573) x10 0x0000000000000000
core   0: 0x0000000080006072 (0xb02024f3) csrrs   s1, minstret, zero
core   0: 3 0x0000000080006072 (0xb02024f3) x9  0x0000000000000845
core   0: 0x0000000080006076 (0x0000a811) c.j     pc + 20
core   0: 3 0x0000000080006076 (0xa811)
core   0: >>>>  mepc_4
core   0: 0x000000008000608a (0x00000791) c.addi  a5, 4
core   0: 3 0x000000008000608a (0x0791) x15 0x0000000080004162
core   0: 0x000000008000608c (0x34179073) csrrw   zero, mepc, a5
core   0: 3 0x000000008000608c (0x34179073) c833_mepc 0x0000000080004162
core   0: 0x0000000080006090 (0x30200073) mret
core   0: 3 0x0000000080006090 (0x30200073) c768_mstatus 0x8000000a00106080
core   0: 0x0000000080004162 (0x02c8f3bb) remuw   t2, a7, a2
core   0: 1 0x0000000080004162 (0x02c8f3bb) x7  0x0000000000000000
core   0: 0x0000000080004166 (0x0238ddb3) divu    s11, a7, gp
core   0: 1 0x0000000080004166 (0x0238ddb3) x27 0x0000000000000000
core   0: 0x000000008000416a (0x01f8181b) slliw   a6, a6, 31
core   0: 1 0x000000008000416a (0x01f8181b) x16 0x0000000000000000
core   0: 0x000000008000416e (0xbb52f147) fmsub.d ft2, ft5, fs5, fs7
core   0: 1 0x000000008000416e (0xbb52f147) f2  0x7ff8000000000000
core   0: 0x0000000080004172 (0x0157d6b3) srl     a3, a5, s5
core   0: 1 0x0000000080004172 (0x0157d6b3) x13 0x0000000080004162
core   0: 0x0000000080004176 (0x2a3e1a53) fmax.d  fs4, ft8, ft3
core   0: 1 0x0000000080004176 (0x2a3e1a53) f20 0x7ff8000000000000
core   0: 0x000000008000417a (0x0011d193) srli    gp, gp, 1
core   0: 1 0x000000008000417a (0x0011d193) x3  0x20502a0000000000
core   0: 0x000000008000417e (0xd2237553) fcvt.d.l fa0, t1
core   0: 1 0x000000008000417e (0xd2237553) f10 0x41d4000000000000
core   0: 0x0000000080004182 (0xbb7d764f) fnmadd.d fa2, fs10, fs7, fs7
core   0: 1 0x0000000080004182 (0xbb7d764f) f12 0x7ff8000000000000
core   0: 0x0000000080004186 (0xac36f737) lui     a4, 0xac36f
core   0: 1 0x0000000080004186 (0xac36f737) x14 0xffffffffac36f000
core   0: 0x000000008000418a (0x1aa2fad3) fdiv.d  fs5, ft5, fa0
core   0: 1 0x000000008000418a (0x1aa2fad3) f21 0x7ff8000000000000
core   0: 0x000000008000418e (0x4004d493) srai    s1, s1, 0
core   0: 1 0x000000008000418e (0x4004d493) x9  0x0000000000000845
core   0: 0x0000000080004192 (0x4005531b) sraiw   t1, a0, 0
core   0: 1 0x0000000080004192 (0x4005531b) x6  0x0000000000000000
core   0: 0x0000000080004196 (0x0ff0000f) fence   iorw,iorw
core   0: 1 0x0000000080004196 (0x0ff0000f)
core   0: 0x000000008000419a (0x00a31733) sll     a4, t1, a0
core   0: 1 0x000000008000419a (0x00a31733) x14 0x0000000000000000
core   0: 0x000000008000419e (0x00e351bb) srlw    gp, t1, a4
core   0: 1 0x000000008000419e (0x00e351bb) x3  0x0000000000000000
core   0: 0x00000000800041a2 (0x401e7dd3) fcvt.s.d fs11, ft8
core   0: 1 0x00000000800041a2 (0x401e7dd3) f27 0xffffffff7fc00000
core   0: 0x00000000800041a6 (0x02304cbb) divw    s9, zero, gp
core   0: 1 0x00000000800041a6 (0x02304cbb) x25 0xffffffffffffffff
core   0: 0x00000000800041aa (0x00259973) csrrw   s2, frm, a1
core   0: 1 0x00000000800041aa (0x00259973) x18 0x0000000000000000 c2_frm 0x0000000000000003
core   0: 0x00000000800041ae (0xe38ffa43) fmadd.d fs4, ft11, fs8, ft8
core   0: 1 0x00000000800041ae (0xe38ffa43) f20 0x7ff8000000000000
core   0: 0x00000000800041b2 (0x00f0d01b) srliw   zero, ra, 15
core   0: 1 0x00000000800041b2 (0x00f0d01b)
core   0: 0x00000000800041b6 (0x4090003b) subw    zero, zero, s1
core   0: 1 0x00000000800041b6 (0x4090003b)
core   0: 0x00000000800041ba (0x00102073) csrrs   zero, fflags, zero
core   0: 1 0x00000000800041ba (0x00102073)
core   0: 0x00000000800041be (0xfff07b13) andi    s6, zero, -1
core   0: 1 0x00000000800041be (0xfff07b13) x22 0x0000000000000000
core   0: 0x00000000800041c2 (0x00000001) c.nop
core   0: 1 0x00000000800041c2 (0x0001)
core   0: 0x00000000800041c4 (0x008d91bb) sllw    gp, s11, s0
core   0: 1 0x00000000800041c4 (0x008d91bb) x3  0x0000000000000000
core   0: 0x00000000800041c8 (0x0032f333) and     t1, t0, gp
core   0: 1 0x00000000800041c8 (0x0032f333) x6  0x0000000000000000
core   0: 0x00000000800041cc (0x2b641b53) fmax.d  fs6, fs0, fs6
core   0: 1 0x00000000800041cc (0x2b641b53) f22 0x7ff8000000000000
core   0: 0x00000000800041d0 (0x001c1973) csrrw   s2, fflags, s8
core   0: 1 0x00000000800041d0 (0x001c1973) x18 0x0000000000000011 c1_fflags 0x0000000000000016
core   0: 0x00000000800041d4 (0x16f2f893) andi    a7, t0, 367
core   0: 1 0x00000000800041d4 (0x16f2f893) x17 0x0000000000000000
core   0: 0x00000000800041d8 (0x0015c5b3) xor     a1, a1, ra
core   0: 1 0x00000000800041d8 (0x0015c5b3) x11 0x00000000f47028e7
core   0: 0x00000000800041dc (0x024a2a33) mulhsu  s4, s4, tp
core   0: 1 0x00000000800041dc (0x024a2a33) x20 0x0000000000000000
core   0: 0x00000000800041e0 (0x02000b33) mul     s6, zero, zero
core   0: 1 0x00000000800041e0 (0x02000b33) x22 0x0000000000000000
core   0: 0x00000000800041e4 (0xc03df0d3) fcvt.lu.s ra, fs11
core   0: 1 0x00000000800041e4 (0xc03df0d3) c1_fflags 0x0000000000000016 x1  0xffffffffffffffff
core   0: 0x00000000800041e8 (0x00c2c333) xor     t1, t0, a2
core   0: 1 0x00000000800041e8 (0x00c2c333) x6  0x0000000000000a00
core   0: 0x00000000800041ec (0x2b091953) fmax.d  fs2, fs2, fa6
core   0: 1 0x00000000800041ec (0x2b091953) f18 0x40a0540000000000
core   0: 0x00000000800041f0 (0x006b0a3b) addw    s4, s6, t1
core   0: 1 0x00000000800041f0 (0x006b0a3b) x20 0x0000000000000a00
core   0: 0x00000000800041f4 (0x0006561b) srliw   a2, a2, 0
core   0: 1 0x00000000800041f4 (0x0006561b) x12 0x0000000000000a00
core   0: 0x00000000800041f8 (0x0a51ea97) auipc   s5, 0xa51e
core   0: 1 0x00000000800041f8 (0x0a51ea97) x21 0x000000008a5221f8
core   0: 0x00000000800041fc (0x0397ccbb) divw    s9, a5, s9
core   0: 1 0x00000000800041fc (0x0397ccbb) x25 0x000000007fffbe9e
core   0: 0x0000000080004200 (0x40155113) srai    sp, a0, 1
core   0: 1 0x0000000080004200 (0x40155113) x2  0x0000000000000000
core   0: 0x0000000080004204 (0xc20ef0d3) fcvt.w.d ra, ft9
core   0: 1 0x0000000080004204 (0xc20ef0d3) c1_fflags 0x0000000000000016 x1  0x000000007fffffff
core   0: 0x0000000080004208 (0x005315b3) sll     a1, t1, t0
core   0: 1 0x0000000080004208 (0x005315b3) x11 0x0000000000000a00
core   0: 0x000000008000420c (0xc0397dd3) fcvt.lu.s s11, fs2
core   0: 1 0x000000008000420c (0xc0397dd3) c1_fflags 0x0000000000000016 x27 0xffffffffffffffff
core   0: 0x0000000080004210 (0x7c047413) andi    s0, s0, 1984
core   0: 1 0x0000000080004210 (0x7c047413) x8  0x0000000000000100
core   0: 0x0000000080004214 (0x0018dc1b) srliw   s8, a7, 1
core   0: 1 0x0000000080004214 (0x0018dc1b) x24 0x0000000000000000
core   0: 0x0000000080004218 (0x306c29f3) csrrs   s3, mcounteren, s8
core   0: exception trap_illegal_instruction, epc 0x0000000080004218
core   0:           tval 0x00000000306c29f3
core   0: >>>>  $xrv64i2p1_m2p0_a2p1_f2p2_d2p2_zicsr2p0_zifencei2p0_zmmul1p0_zba1p0_zbb1p0_zbc1p0_zbs1p0
core   0: 0x0000000080004000 (0x0080006f) j       pc + 0x8
core   0: 3 0x0000000080004000 (0x0080006f)
core   0: >>>>  mmode_exception_handler
core   0: 0x0000000080004008 (0x00002c17) auipc   s8, 0x2
core   0: 3 0x0000000080004008 (0x00002c17) x24 0x0000000080006008
core   0: 0x000000008000400c (0x04ec0c13) addi    s8, s8, 78
core   0: 3 0x000000008000400c (0x04ec0c13) x24 0x0000000080006056
core   0: 0x0000000080004010 (0x000c00e7) jalr    s8
core   0: 3 0x0000000080004010 (0x000c00e7) x1  0x0000000080004014
core   0: >>>>  any_handler
core   0: 0x0000000080006056 (0x341027f3) csrrs   a5, mepc, zero
core   0: 3 0x0000000080006056 (0x341027f3) x15 0x0000000080004218
core   0: 0x000000008000605a (0x34202773) csrrs   a4, mcause, zero
core   0: 3 0x000000008000605a (0x34202773) x14 0x0000000000000002
core   0: 0x000000008000605e (0x142026f3) csrrs   a3, scause, zero
core   0: 3 0x000000008000605e (0x142026f3) x13 0x0000000000000000
core   0: 0x0000000080006062 (0x30402673) csrrs   a2, mie, zero
core   0: 3 0x0000000080006062 (0x30402673) x12 0x0000000000000a00
core   0: 0x0000000080006066 (0x344025f3) csrrs   a1, mip, zero
core   0: 3 0x0000000080006066 (0x344025f3) x11 0x0000000000000080
core   0: 0x000000008000606a (0x343025f3) csrrs   a1, mtval, zero
core   0: 3 0x000000008000606a (0x343025f3) x11 0x00000000306c29f3
core   0: 0x000000008000606e (0x14302573) csrrs   a0, stval, zero
core   0: 3 0x000000008000606e (0x14302573) x10 0x0000000000000000
core   0: 0x0000000080006072 (0xb02024f3) csrrs   s1, minstret, zero
core   0: 3 0x0000000080006072 (0xb02024f3) x9  0x0000000000000883
core   0: 0x0000000080006076 (0x0000a811) c.j     pc + 20
core   0: 3 0x0000000080006076 (0xa811)
core   0: >>>>  mepc_4
core   0: 0x000000008000608a (0x00000791) c.addi  a5, 4
core   0: 3 0x000000008000608a (0x0791) x15 0x000000008000421c
core   0: 0x000000008000608c (0x34179073) csrrw   zero, mepc, a5
core   0: 3 0x000000008000608c (0x34179073) c833_mepc 0x000000008000421c
core   0: 0x0000000080006090 (0x30200073) mret
core   0: 3 0x0000000080006090 (0x30200073) c768_mstatus 0x8000000a00106080
core   0: 0x000000008000421c (0x0b087dd3) fsub.d  fs11, fa6, fa6
core   0: 1 0x000000008000421c (0x0b087dd3) f27 0x7ff8000000000000
core   0: 0x0000000080004220 (0x02b15113) srli    sp, sp, 43
core   0: 1 0x0000000080004220 (0x02b15113) x2  0x0000000000000000
core   0: 0x0000000080004224 (0x0103183b) sllw    a6, t1, a6
core   0: 1 0x0000000080004224 (0x0103183b) x16 0x0000000000000a00
core   0: 0x0000000080004228 (0xd23cffd3) fcvt.d.lu ft11, s9
core   0: 1 0x0000000080004228 (0xd23cffd3) f31 0x41dfffefa7800000
core   0: 0x000000008000422c (0x00202073) csrrs   zero, frm, zero
core   0: 1 0x000000008000422c (0x00202073)
core   0: 0x0000000080004230 (0xd20c88d3) fcvt.d.w fa7, s9
core   0: 1 0x0000000080004230 (0xd20c88d3) f17 0x41dfffefa7800000
core   0: 0x0000000080004234 (0xfa0cce93) xori    t4, s9, -96
core   0: 1 0x0000000080004234 (0xfa0cce93) x29 0xffffffff8000413e
core   0: 0x0000000080004238 (0x00dea533) slt     a0, t4, a3
core   0: 1 0x0000000080004238 (0x00dea533) x10 0x0000000000000001
core   0: 0x000000008000423c (0x0178593b) srlw    s2, a6, s7
core   0: 1 0x000000008000423c (0x0178593b) x18 0x0000000000000a00
core   0: 0x0000000080004240 (0xd037fa53) fcvt.s.lu fs4, a5
core   0: 1 0x0000000080004240 (0xd037fa53) c1_fflags 0x0000000000000017 f20 0xffffffff4f000043
core   0: 0x0000000080004244 (0x00131773) csrrw   a4, fflags, t1
core   0: 1 0x0000000080004244 (0x00131773) x14 0x0000000000000017 c1_fflags 0x0000000000000000
core   0: 0x0000000080004248 (0x019e5e13) srli    t3, t3, 25
core   0: 1 0x0000000080004248 (0x019e5e13) x28 0x0000000000000000
core   0: 0x000000008000424c (0x535af247) fmsub.d ft4, fs5, fs5, fa0
core   0: 1 0x000000008000424c (0x535af247) f4  0x7ff8000000000000
core   0: 0x0000000080004250 (0x0ff0000f) fence   iorw,iorw
core   0: 1 0x0000000080004250 (0x0ff0000f)
core   0: 0x0000000080004254 (0x4014d21b) sraiw   tp, s1, 1
core   0: 1 0x0000000080004254 (0x4014d21b) x4  0x0000000000000441
core   0: 0x0000000080004258 (0x418cdcb3) sra     s9, s9, s8
core   0: 1 0x0000000080004258 (0x418cdcb3) x25 0x00000000000001ff
core   0: 0x000000008000425c (0x420284d3) fcvt.d.s fs1, ft5
core   0: 1 0x000000008000425c (0x420284d3) f9  0x0000000000000000
core   0: 0x0000000080004260 (0x41960633) sub     a2, a2, s9
core   0: 1 0x0000000080004260 (0x41960633) x12 0x0000000000000801
core   0: 0x0000000080004264 (0x634df64b) fnmsub.d fa2, fs11, fs4, fa2
core   0: 1 0x0000000080004264 (0x634df64b) f12 0x7ff8000000000000
core   0: 0x0000000080004268 (0xf326099b) addiw   s3, a2, -206
core   0: 1 0x0000000080004268 (0xf326099b) x19 0x0000000000000733
core   0: 0x000000008000426c (0x34407d73) csrrci  s10, mip, 0
core   0: exception trap_illegal_instruction, epc 0x000000008000426c
core   0:           tval 0x0000000034407d73
core   0: >>>>  $xrv64i2p1_m2p0_a2p1_f2p2_d2p2_zicsr2p0_zifencei2p0_zmmul1p0_zba1p0_zbb1p0_zbc1p0_zbs1p0
core   0: 0x0000000080004000 (0x0080006f) j       pc + 0x8
core   0: 3 0x0000000080004000 (0x0080006f)
core   0: >>>>  mmode_exception_handler
core   0: 0x0000000080004008 (0x00002c17) auipc   s8, 0x2
core   0: 3 0x0000000080004008 (0x00002c17) x24 0x0000000080006008
core   0: 0x000000008000400c (0x04ec0c13) addi    s8, s8, 78
core   0: 3 0x000000008000400c (0x04ec0c13) x24 0x0000000080006056
core   0: 0x0000000080004010 (0x000c00e7) jalr    s8
core   0: 3 0x0000000080004010 (0x000c00e7) x1  0x0000000080004014
core   0: >>>>  any_handler
core   0: 0x0000000080006056 (0x341027f3) csrrs   a5, mepc, zero
core   0: 3 0x0000000080006056 (0x341027f3) x15 0x000000008000426c
core   0: 0x000000008000605a (0x34202773) csrrs   a4, mcause, zero
core   0: 3 0x000000008000605a (0x34202773) x14 0x0000000000000002
core   0: 0x000000008000605e (0x142026f3) csrrs   a3, scause, zero
core   0: 3 0x000000008000605e (0x142026f3) x13 0x0000000000000000
core   0: 0x0000000080006062 (0x30402673) csrrs   a2, mie, zero
core   0: 3 0x0000000080006062 (0x30402673) x12 0x0000000000000a00
core   0: 0x0000000080006066 (0x344025f3) csrrs   a1, mip, zero
core   0: 3 0x0000000080006066 (0x344025f3) x11 0x0000000000000080
core   0: 0x000000008000606a (0x343025f3) csrrs   a1, mtval, zero
core   0: 3 0x000000008000606a (0x343025f3) x11 0x0000000034407d73
core   0: 0x000000008000606e (0x14302573) csrrs   a0, stval, zero
core   0: 3 0x000000008000606e (0x14302573) x10 0x0000000000000000
core   0: 0x0000000080006072 (0xb02024f3) csrrs   s1, minstret, zero
core   0: 3 0x0000000080006072 (0xb02024f3) x9  0x00000000000008a7
core   0: 0x0000000080006076 (0x0000a811) c.j     pc + 20
core   0: 3 0x0000000080006076 (0xa811)
core   0: >>>>  mepc_4
core   0: 0x000000008000608a (0x00000791) c.addi  a5, 4
core   0: 3 0x000000008000608a (0x0791) x15 0x0000000080004270
core   0: 0x000000008000608c (0x34179073) csrrw   zero, mepc, a5
core   0: 3 0x000000008000608c (0x34179073) c833_mepc 0x0000000080004270
core   0: 0x0000000080006090 (0x30200073) mret
core   0: 3 0x0000000080006090 (0x30200073) c768_mstatus 0x8000000a00106080
core   0: 0x0000000080004270 (0x41a4523b) sraw    tp, s0, s10
core   0: 1 0x0000000080004270 (0x41a4523b) x4  0x0000000000000100
core   0: 0x0000000080004274 (0x13327cd3) fmul.d  fs9, ft4, fs3
core   0: 1 0x0000000080004274 (0x13327cd3) f25 0x7ff8000000000000
core   0: 0x0000000080004278 (0x40ae0633) sub     a2, t3, a0
core   0: 1 0x0000000080004278 (0x40ae0633) x12 0x0000000000000000
core   0: 0x000000008000427c (0x2b0e0e53) fmin.d  ft8, ft8, fa6
core   0: 1 0x000000008000427c (0x2b0e0e53) f28 0x7ff8000000000000
core   0: 0x0000000080004280 (0x0a32f6d3) fsub.d  fa3, ft5, ft3
core   0: 1 0x0000000080004280 (0x0a32f6d3) f13 0x7ff8000000000000
core   0: 0x0000000080004284 (0x00f3d8b3) srl     a7, t2, a5
core   0: 1 0x0000000080004284 (0x00f3d8b3) x17 0x0000000000000000
core   0: 0x0000000080004288 (0xd221f4d3) fcvt.d.l fs1, gp
core   0: 1 0x0000000080004288 (0xd221f4d3) f9  0x0000000000000000
core   0: 0x000000008000428c (0xff03a4b7) lui     s1, 0xff03a
core   0: 1 0x000000008000428c (0xff03a4b7) x9  0xffffffffff03a000
core   0: 0x0000000080004290 (0xb2b4849b) addiw   s1, s1, -1237
core   0: 1 0x0000000080004290 (0xb2b4849b) x9  0xffffffffff039b2b
core   0: 0x0000000080004294 (0x000004be) c.slli  s1, 15
core   0: 1 0x0000000080004294 (0x04be) x9  0xffffff81cd958000
core   0: 0x0000000080004296 (0x8e948493) addi    s1, s1, -1815
core   0: 1 0x0000000080004296 (0x8e948493) x9  0xffffff81cd9578e9
core   0: 0x000000008000429a (0xfff78393) addi    t2, a5, -1
core   0: 1 0x000000008000429a (0xfff78393) x7  0x000000008000426f
core   0: 0x000000008000429e (0x6a007d37) lui     s10, 0x6a007
core   0: 1 0x000000008000429e (0x6a007d37) x26 0x000000006a007000
core   0: 0x00000000800042a2 (0xd2048f53) fcvt.d.w ft10, s1
core   0: 1 0x00000000800042a2 (0xd2048f53) f30 0xc1c935438b800000
core   0: 0x00000000800042a6 (0x42b1cc37) lui     s8, 0x42b1c
core   0: 1 0x00000000800042a6 (0x42b1cc37) x24 0x0000000042b1c000
core   0: 0x00000000800042aa (0x037e6737) lui     a4, 0x37e6
core   0: 1 0x00000000800042aa (0x037e6737) x14 0x00000000037e6000
core   0: 0x00000000800042ae (0xcd97071b) addiw   a4, a4, -807
core   0: 1 0x00000000800042ae (0xcd97071b) x14 0x00000000037e5cd9
core   0: 0x00000000800042b2 (0x00000736) c.slli  a4, 13
core   0: 1 0x00000000800042b2 (0x0736) x14 0x0000006fcb9b2000
core   0: 0x00000000800042b4 (0xe0570713) addi    a4, a4, -507
core   0: 1 0x00000000800042b4 (0xe0570713) x14 0x0000006fcb9b1e05
core   0: 0x00000000800042b8 (0xfcd280b7) lui     ra, 0xfcd28
core   0: 1 0x00000000800042b8 (0xfcd280b7) x1  0xfffffffffcd28000
core   0: 0x00000000800042bc (0x66b0809b) addiw   ra, ra, 1643
core   0: 1 0x00000000800042bc (0x66b0809b) x1  0xfffffffffcd2866b
core   0: 0x00000000800042c0 (0x000000b2) c.slli  ra, 12
core   0: 1 0x00000000800042c0 (0x00b2) x1  0xffffffcd2866b000
core   0: 0x00000000800042c2 (0xc7708093) addi    ra, ra, -905
core   0: 1 0x00000000800042c2 (0xc7708093) x1  0xffffffcd2866ac77
core   0: 0x00000000800042c6 (0x02c371d3) fadd.d  ft3, ft6, fa2
core   0: 1 0x00000000800042c6 (0x02c371d3) f3  0x7ff8000000000000
core   0: 0x00000000800042ca (0x0b207fd3) fsub.d  ft11, ft0, fs2
core   0: 1 0x00000000800042ca (0x0b207fd3) f31 0x7ff8000000000000
core   0: 0x00000000800042ce (0xd23c7d53) fcvt.d.lu fs10, s8
core   0: 1 0x00000000800042ce (0xd23c7d53) f26 0x41d0ac7000000000
core   0: 0x00000000800042d2 (0x03de1437) lui     s0, 0x3de1
core   0: 1 0x00000000800042d2 (0x03de1437) x8  0x0000000003de1000
core   0: 0x00000000800042d6 (0x83b4041b) addiw   s0, s0, -1989
core   0: 1 0x00000000800042d6 (0x83b4041b) x8  0x0000000003de083b
core   0: 0x00000000800042da (0x00000432) c.slli  s0, 12
core   0: 1 0x00000000800042da (0x0432) x8  0x0000003de083b000
core   0: 0x00000000800042dc (0x27040413) addi    s0, s0, 624
core   0: 1 0x00000000800042dc (0x27040413) x8  0x0000003de083b270
core   0: 0x00000000800042e0 (0xc2067cd3) fcvt.w.d s9, fa2
core   0: 1 0x00000000800042e0 (0xc2067cd3) c1_fflags 0x0000000000000010 x25 0x000000007fffffff
core   0: 0x00000000800042e4 (0xc237f5d3) fcvt.lu.d a1, fa5
core   0: 1 0x00000000800042e4 (0xc237f5d3) c1_fflags 0x0000000000000010 x11 0xffffffffffffffff
core   0: 0x00000000800042e8 (0x0204e033) rem     zero, s1, zero
core   0: 1 0x00000000800042e8 (0x0204e033)
core   0: 0x00000000800042ec (0xc20ffd53) fcvt.w.d s10, ft11
core   0: 1 0x00000000800042ec (0xc20ffd53) c1_fflags 0x0000000000000010 x26 0x000000007fffffff
core   0: 0x00000000800042f0 (0x01781bbb) sllw    s7, a6, s7
core   0: 1 0x00000000800042f0 (0x01781bbb) x23 0x0000000000000a00
core   0: 0x00000000800042f4 (0x0355f0bb) remuw   ra, a1, s5
core   0: 1 0x00000000800042f4 (0x0355f0bb) x1  0x0000000075adde07
core   0: 0x00000000800042f8 (0x164a3397) auipc   t2, 0x164a3
core   0: 1 0x00000000800042f8 (0x164a3397) x7  0x00000000964a72f8
core   0: 0x00000000800042fc (0x00426233) or      tp, tp, tp
core   0: 1 0x00000000800042fc (0x00426233) x4  0x0000000000000100
core   0: 0x0000000080004300 (0xb02721f3) csrrs   gp, minstret, a4
core   0: exception trap_illegal_instruction, epc 0x0000000080004300
core   0:           tval 0x00000000b02721f3
core   0: >>>>  $xrv64i2p1_m2p0_a2p1_f2p2_d2p2_zicsr2p0_zifencei2p0_zmmul1p0_zba1p0_zbb1p0_zbc1p0_zbs1p0
core   0: 0x0000000080004000 (0x0080006f) j       pc + 0x8
core   0: 3 0x0000000080004000 (0x0080006f)
core   0: >>>>  mmode_exception_handler
core   0: 0x0000000080004008 (0x00002c17) auipc   s8, 0x2
core   0: 3 0x0000000080004008 (0x00002c17) x24 0x0000000080006008
core   0: 0x000000008000400c (0x04ec0c13) addi    s8, s8, 78
core   0: 3 0x000000008000400c (0x04ec0c13) x24 0x0000000080006056
core   0: 0x0000000080004010 (0x000c00e7) jalr    s8
core   0: 3 0x0000000080004010 (0x000c00e7) x1  0x0000000080004014
core   0: >>>>  any_handler
core   0: 0x0000000080006056 (0x341027f3) csrrs   a5, mepc, zero
core   0: 3 0x0000000080006056 (0x341027f3) x15 0x0000000080004300
core   0: 0x000000008000605a (0x34202773) csrrs   a4, mcause, zero
core   0: 3 0x000000008000605a (0x34202773) x14 0x0000000000000002
core   0: 0x000000008000605e (0x142026f3) csrrs   a3, scause, zero
core   0: 3 0x000000008000605e (0x142026f3) x13 0x0000000000000000
core   0: 0x0000000080006062 (0x30402673) csrrs   a2, mie, zero
core   0: 3 0x0000000080006062 (0x30402673) x12 0x0000000000000a00
core   0: 0x0000000080006066 (0x344025f3) csrrs   a1, mip, zero
core   0: 3 0x0000000080006066 (0x344025f3) x11 0x0000000000000080
core   0: 0x000000008000606a (0x343025f3) csrrs   a1, mtval, zero
core   0: 3 0x000000008000606a (0x343025f3) x11 0x00000000b02721f3
core   0: 0x000000008000606e (0x14302573) csrrs   a0, stval, zero
core   0: 3 0x000000008000606e (0x14302573) x10 0x0000000000000000
core   0: 0x0000000080006072 (0xb02024f3) csrrs   s1, minstret, zero
core   0: 3 0x0000000080006072 (0xb02024f3) x9  0x00000000000008dd
core   0: 0x0000000080006076 (0x0000a811) c.j     pc + 20
core   0: 3 0x0000000080006076 (0xa811)
core   0: >>>>  mepc_4
core   0: 0x000000008000608a (0x00000791) c.addi  a5, 4
core   0: 3 0x000000008000608a (0x0791) x15 0x0000000080004304
core   0: 0x000000008000608c (0x34179073) csrrw   zero, mepc, a5
core   0: 3 0x000000008000608c (0x34179073) c833_mepc 0x0000000080004304
core   0: 0x0000000080006090 (0x30200073) mret
core   0: 3 0x0000000080006090 (0x30200073) c768_mstatus 0x8000000a00106080
core   0: 0x0000000080004304 (0x1aad7553) fdiv.d  fa0, fs10, fa0
core   0: 1 0x0000000080004304 (0x1aad7553) f10 0x3feaad8000000000
core   0: 0x0000000080004308 (0x7b9e0e1b) addiw   t3, t3, 1977
core   0: 1 0x0000000080004308 (0x7b9e0e1b) x28 0x00000000000007b9
core   0: 0x000000008000430c (0x4053d2b3) sra     t0, t2, t0
core   0: 1 0x000000008000430c (0x4053d2b3) x5  0x00000000964a72f8
core   0: 0x0000000080004310 (0x104fd4f3) csrrwi  s1, sie, 31
core   0: 1 0x0000000080004310 (0x104fd4f3) x9  0x0000000000000000 c772_mie 0x0000000000000a00
core   0: 0x0000000080004314 (0x00000001) c.nop
core   0: 1 0x0000000080004314 (0x0001)
core   0: 0x0000000080004316 (0x43f4d993) srai    s3, s1, 63
core   0: 1 0x0000000080004316 (0x43f4d993) x19 0x0000000000000000
core   0: 0x000000008000431a (0xa27f8053) fle.d   zero, ft11, ft7
core   0: 1 0x000000008000431a (0xa27f8053) c1_fflags 0x0000000000000010
core   0: 0x000000008000431e (0xc20573d3) fcvt.w.d t2, fa0
core   0: 1 0x000000008000431e (0xc20573d3) c1_fflags 0x0000000000000011 x7  0x0000000000000001
core   0: 0x0000000080004322 (0xd2000153) fcvt.d.w ft2, zero
core   0: 1 0x0000000080004322 (0xd2000153) f2  0x0000000000000000
core   0: 0x0000000080004326 (0xfff6c693) not     a3, a3
core   0: 1 0x0000000080004326 (0xfff6c693) x13 0xffffffffffffffff
core   0: 0x000000008000432a (0xc23dfd53) fcvt.lu.d s10, fs11
core   0: 1 0x000000008000432a (0xc23dfd53) c1_fflags 0x0000000000000011 x26 0xffffffffffffffff
core   0: 0x000000008000432e (0x406ed193) srai    gp, t4, 6
core   0: 1 0x000000008000432e (0x406ed193) x3  0xfffffffffe000104
core   0: 0x0000000080004332 (0xd021fad3) fcvt.s.l fs5, gp
core   0: 1 0x0000000080004332 (0xd021fad3) f21 0xffffffffcbffff7e
core   0: 0x0000000080004336 (0x023677bb) remuw   a5, a2, gp
core   0: 1 0x0000000080004336 (0x023677bb) x15 0x0000000000000a00
core   0: 0x000000008000433a (0x2a3715d3) fmax.d  fa1, fa4, ft3
core   0: 1 0x000000008000433a (0x2a3715d3) f11 0x7ff8000000000000
core   0: 0x000000008000433e (0x00d7833b) addw    t1, a5, a3
core   0: 1 0x000000008000433e (0x00d7833b) x6  0x00000000000009ff
core   0: 0x0000000080004342 (0x226b011b) addiw   sp, s6, 550
core   0: 1 0x0000000080004342 (0x226b011b) x2  0x0000000000000226
core   0: 0x0000000080004346 (0x00da6933) or      s2, s4, a3
core   0: 1 0x0000000080004346 (0x00da6933) x18 0xffffffffffffffff
core   0: 0x000000008000434a (0x22e11053) fsgnjn.d ft0, ft2, fa4
core   0: 1 0x000000008000434a (0x22e11053) f0  0x8000000000000000
core   0: 0x000000008000434e (0x029d77bb) remuw   a5, s10, s1
core   0: 1 0x000000008000434e (0x029d77bb) x15 0xffffffffffffffff
core   0: 0x0000000080004352 (0x01889bb3) sll     s7, a7, s8
core   0: 1 0x0000000080004352 (0x01889bb3) x23 0x0000000000000000
core   0: 0x0000000080004356 (0x002b9af3) csrrw   s5, frm, s7
core   0: 1 0x0000000080004356 (0x002b9af3) x21 0x0000000000000003 c2_frm 0x0000000000000000
core   0: 0x000000008000435a (0x03a67653) fadd.d  fa2, fa2, fs10
core   0: 1 0x000000008000435a (0x03a67653) f12 0x7ff8000000000000
core   0: 0x000000008000435e (0x002b933b) sllw    t1, s7, sp
core   0: 1 0x000000008000435e (0x002b933b) x6  0x0000000000000000
core   0: 0x0000000080004362 (0x5a05f5d3) fsqrt.d fa1, fa1
core   0: 1 0x0000000080004362 (0x5a05f5d3) f11 0x7ff8000000000000
core   0: 0x0000000080004366 (0x03c0f0bb) remuw   ra, ra, t3
core   0: 1 0x0000000080004366 (0x03c0f0bb) x1  0x000000000000063b
core   0: 0x000000008000436a (0x401088bb) subw    a7, ra, ra
core   0: 1 0x000000008000436a (0x401088bb) x17 0x0000000000000000
core   0: 0x000000008000436e (0xfd3e0c13) addi    s8, t3, -45
core   0: 1 0x000000008000436e (0xfd3e0c13) x24 0x000000000000078c
core   0: 0x0000000080004372 (0x000007a2) c.slli  a5, 8
core   0: 1 0x0000000080004372 (0x07a2) x15 0xffffffffffffff00
core   0: 0x0000000080004374 (0x401d78d3) fcvt.s.d fa7, fs10
core   0: 1 0x0000000080004374 (0x401d78d3) f17 0xffffffff4e856380
core   0: 0x0000000080004378 (0xc0267bd3) fcvt.l.s s7, fa2
core   0: 1 0x0000000080004378 (0xc0267bd3) c1_fflags 0x0000000000000011 x23 0x7fffffffffffffff
core   0: 0x000000008000437c (0x000dd31b) srliw   t1, s11, 0
core   0: 1 0x000000008000437c (0x000dd31b) x6  0xffffffffffffffff
core   0: 0x0000000080004380 (0xc02970d3) fcvt.l.s ra, fs2
core   0: 1 0x0000000080004380 (0xc02970d3) c1_fflags 0x0000000000000011 x1  0x7fffffffffffffff
core   0: 0x0000000080004384 (0x0002171b) slliw   a4, tp, 0
core   0: 1 0x0000000080004384 (0x0002171b) x14 0x0000000000000100
core   0: 0x0000000080004388 (0x00136313) ori     t1, t1, 1
core   0: 1 0x0000000080004388 (0x00136313) x6  0xffffffffffffffff
core   0: 0x000000008000438c (0xe20e06d3) fmv.x.d a3, ft8
core   0: 1 0x000000008000438c (0xe20e06d3) x13 0x7ff8000000000000
core   0: 0x0000000080004390 (0x747c9cf3) csrrw   s9, mseccfg, s9
core   0: exception trap_illegal_instruction, epc 0x0000000080004390
core   0:           tval 0x00000000747c9cf3
core   0: >>>>  $xrv64i2p1_m2p0_a2p1_f2p2_d2p2_zicsr2p0_zifencei2p0_zmmul1p0_zba1p0_zbb1p0_zbc1p0_zbs1p0
core   0: 0x0000000080004000 (0x0080006f) j       pc + 0x8
core   0: 3 0x0000000080004000 (0x0080006f)
core   0: >>>>  mmode_exception_handler
core   0: 0x0000000080004008 (0x00002c17) auipc   s8, 0x2
core   0: 3 0x0000000080004008 (0x00002c17) x24 0x0000000080006008
core   0: 0x000000008000400c (0x04ec0c13) addi    s8, s8, 78
core   0: 3 0x000000008000400c (0x04ec0c13) x24 0x0000000080006056
core   0: 0x0000000080004010 (0x000c00e7) jalr    s8
core   0: 3 0x0000000080004010 (0x000c00e7) x1  0x0000000080004014
core   0: >>>>  any_handler
core   0: 0x0000000080006056 (0x341027f3) csrrs   a5, mepc, zero
core   0: 3 0x0000000080006056 (0x341027f3) x15 0x0000000080004390
core   0: 0x000000008000605a (0x34202773) csrrs   a4, mcause, zero
core   0: 3 0x000000008000605a (0x34202773) x14 0x0000000000000002
core   0: 0x000000008000605e (0x142026f3) csrrs   a3, scause, zero
core   0: 3 0x000000008000605e (0x142026f3) x13 0x0000000000000000
core   0: 0x0000000080006062 (0x30402673) csrrs   a2, mie, zero
core   0: 3 0x0000000080006062 (0x30402673) x12 0x0000000000000a00
core   0: 0x0000000080006066 (0x344025f3) csrrs   a1, mip, zero
core   0: 3 0x0000000080006066 (0x344025f3) x11 0x0000000000000080
core   0: 0x000000008000606a (0x343025f3) csrrs   a1, mtval, zero
core   0: 3 0x000000008000606a (0x343025f3) x11 0x00000000747c9cf3
core   0: 0x000000008000606e (0x14302573) csrrs   a0, stval, zero
core   0: 3 0x000000008000606e (0x14302573) x10 0x0000000000000000
core   0: 0x0000000080006072 (0xb02024f3) csrrs   s1, minstret, zero
core   0: 3 0x0000000080006072 (0xb02024f3) x9  0x0000000000000911
core   0: 0x0000000080006076 (0x0000a811) c.j     pc + 20
core   0: 3 0x0000000080006076 (0xa811)
core   0: >>>>  mepc_4
core   0: 0x000000008000608a (0x00000791) c.addi  a5, 4
core   0: 3 0x000000008000608a (0x0791) x15 0x0000000080004394
core   0: 0x000000008000608c (0x34179073) csrrw   zero, mepc, a5
core   0: 3 0x000000008000608c (0x34179073) c833_mepc 0x0000000080004394
core   0: 0x0000000080006090 (0x30200073) mret
core   0: 3 0x0000000080006090 (0x30200073) c768_mstatus 0x8000000a00106080
core   0: 0x0000000080004394 (0x0071013b) addw    sp, sp, t2
core   0: 1 0x0000000080004394 (0x0071013b) x2  0x0000000000000227
core   0: 0x0000000080004398 (0x0395ddb3) divu    s11, a1, s9
core   0: 1 0x0000000080004398 (0x0395ddb3) x27 0x0000000000000000
core   0: 0x000000008000439c (0x4026dd3b) sraw    s10, a3, sp
core   0: 1 0x000000008000439c (0x4026dd3b) x26 0x0000000000000000
core   0: 0x00000000800043a0 (0x00b905bb) addw    a1, s2, a1
core   0: 1 0x00000000800043a0 (0x00b905bb) x11 0x00000000747c9cf2
core   0: 0x00000000800043a4 (0xa1cd1137) lui     sp, 0xa1cd1
core   0: 1 0x00000000800043a4 (0xa1cd1137) x2  0xffffffffa1cd1000
core   0: 0x00000000800043a8 (0xc2067b53) fcvt.w.d s6, fa2
core   0: 1 0x00000000800043a8 (0xc2067b53) c1_fflags 0x0000000000000011 x22 0x000000007fffffff
core   0: 0x00000000800043ac (0x02cb44b3) div     s1, s6, a2
core   0: 1 0x00000000800043ac (0x02cb44b3) x9  0x00000000000ccccc
core   0: 0x00000000800043b0 (0x600b879b) addiw   a5, s7, 1536
core   0: 1 0x00000000800043b0 (0x600b879b) x15 0x00000000000005ff
core   0: 0x00000000800043b4 (0x0004da9b) srliw   s5, s1, 0
core   0: 1 0x00000000800043b4 (0x0004da9b) x21 0x00000000000ccccc
core   0: 0x00000000800043b8 (0x00e9969b) slliw   a3, s3, 14
core   0: 1 0x00000000800043b8 (0x00e9969b) x13 0x0000000000000000
core   0: 0x00000000800043bc (0xd2068753) fcvt.d.w fa4, a3
core   0: 1 0x00000000800043bc (0xd2068753) f14 0x0000000000000000
core   0: 0x00000000800043c0 (0x00ecd5b3) srl     a1, s9, a4
core   0: 1 0x00000000800043c0 (0x00ecd5b3) x11 0x000000001fffffff
core   0: 0x00000000800043c4 (0x41bb0dbb) subw    s11, s6, s11
core   0: 1 0x00000000800043c4 (0x41bb0dbb) x27 0x000000007fffffff
core   0: 0x00000000800043c8 (0x5a03f953) fsqrt.d fs2, ft7
core   0: 1 0x00000000800043c8 (0x5a03f953) f18 0x7ff8000000000000
core   0: 0x00000000800043cc (0x8ab9f9cb) fnmsub.d fs3, fs3, fa1, fa7
core   0: 1 0x00000000800043cc (0x8ab9f9cb) f19 0x7ff8000000000000
core   0: 0x00000000800043d0 (0x418c57b3) sra     a5, s8, s8
core   0: 1 0x00000000800043d0 (0x418c57b3) x15 0x0000000000000200
core   0: 0x00000000800043d4 (0x0004949b) slliw   s1, s1, 0
core   0: 1 0x00000000800043d4 (0x0004949b) x9  0x00000000000ccccc
core   0: 0x00000000800043d8 (0x01a6d433) srl     s0, a3, s10
core   0: 1 0x00000000800043d8 (0x01a6d433) x8  0x0000000000000000
core   0: 0x00000000800043dc (0xd225f3d3) fcvt.d.l ft7, a1
core   0: 1 0x00000000800043dc (0xd225f3d3) f7  0x41bfffffff000000
core   0: 0x00000000800043e0 (0x01a3533b) srlw    t1, t1, s10
core   0: 1 0x00000000800043e0 (0x01a3533b) x6  0xffffffffffffffff
core   0: 0x00000000800043e4 (0x0278f253) fadd.d  ft4, fa7, ft7
core   0: 1 0x00000000800043e4 (0x0278f253) f4  0x7ff8000000000000
core   0: 0x00000000800043e8 (0x0019db13) srli    s6, s3, 1
core   0: 1 0x00000000800043e8 (0x0019db13) x22 0x0000000000000000
core   0: 0x00000000800043ec (0xe20985d3) fmv.x.d a1, fs3
core   0: 1 0x00000000800043ec (0xe20985d3) x11 0x7ff8000000000000
core   0: 0x00000000800043f0 (0x024af0d3) fadd.d  ft1, fs5, ft4
core   0: 1 0x00000000800043f0 (0x024af0d3) f1  0x7ff8000000000000
core   0: 0x00000000800043f4 (0xd21387d3) fcvt.d.wu fa5, t2
core   0: 1 0x00000000800043f4 (0xd21387d3) f15 0x3ff0000000000000
core   0: 0x00000000800043f8 (0xc03b3073) csrrc   zero, hpmcounter3, s6
core   0: exception trap_illegal_instruction, epc 0x00000000800043f8
core   0:           tval 0x00000000c03b3073
core   0: >>>>  $xrv64i2p1_m2p0_a2p1_f2p2_d2p2_zicsr2p0_zifencei2p0_zmmul1p0_zba1p0_zbb1p0_zbc1p0_zbs1p0
core   0: 0x0000000080004000 (0x0080006f) j       pc + 0x8
core   0: 3 0x0000000080004000 (0x0080006f)
core   0: >>>>  mmode_exception_handler
core   0: 0x0000000080004008 (0x00002c17) auipc   s8, 0x2
core   0: 3 0x0000000080004008 (0x00002c17) x24 0x0000000080006008
core   0: 0x000000008000400c (0x04ec0c13) addi    s8, s8, 78
core   0: 3 0x000000008000400c (0x04ec0c13) x24 0x0000000080006056
core   0: 0x0000000080004010 (0x000c00e7) jalr    s8
core   0: 3 0x0000000080004010 (0x000c00e7) x1  0x0000000080004014
core   0: >>>>  any_handler
core   0: 0x0000000080006056 (0x341027f3) csrrs   a5, mepc, zero
core   0: 3 0x0000000080006056 (0x341027f3) x15 0x00000000800043f8
core   0: 0x000000008000605a (0x34202773) csrrs   a4, mcause, zero
core   0: 3 0x000000008000605a (0x34202773) x14 0x0000000000000002
core   0: 0x000000008000605e (0x142026f3) csrrs   a3, scause, zero
core   0: 3 0x000000008000605e (0x142026f3) x13 0x0000000000000000
core   0: 0x0000000080006062 (0x30402673) csrrs   a2, mie, zero
core   0: 3 0x0000000080006062 (0x30402673) x12 0x0000000000000a00
core   0: 0x0000000080006066 (0x344025f3) csrrs   a1, mip, zero
core   0: 3 0x0000000080006066 (0x344025f3) x11 0x0000000000000080
core   0: 0x000000008000606a (0x343025f3) csrrs   a1, mtval, zero
core   0: 3 0x000000008000606a (0x343025f3) x11 0x00000000c03b3073
core   0: 0x000000008000606e (0x14302573) csrrs   a0, stval, zero
core   0: 3 0x000000008000606e (0x14302573) x10 0x0000000000000000
core   0: 0x0000000080006072 (0xb02024f3) csrrs   s1, minstret, zero
core   0: 3 0x0000000080006072 (0xb02024f3) x9  0x000000000000093a
core   0: 0x0000000080006076 (0x0000a811) c.j     pc + 20
core   0: 3 0x0000000080006076 (0xa811)
core   0: >>>>  mepc_4
core   0: 0x000000008000608a (0x00000791) c.addi  a5, 4
core   0: 3 0x000000008000608a (0x0791) x15 0x00000000800043fc
core   0: 0x000000008000608c (0x34179073) csrrw   zero, mepc, a5
core   0: 3 0x000000008000608c (0x34179073) c833_mepc 0x00000000800043fc
core   0: 0x0000000080006090 (0x30200073) mret
core   0: 3 0x0000000080006090 (0x30200073) c768_mstatus 0x8000000a00106080
core   0: 0x00000000800043fc (0x02564e3b) divw    t3, a2, t0
core   0: 1 0x00000000800043fc (0x02564e3b) x28 0x0000000000000000
core   0: 0x0000000080004400 (0x4180549b) sraiw   s1, zero, 24
core   0: 1 0x0000000080004400 (0x4180549b) x9  0x0000000000000000
core   0: 0x0000000080004404 (0x01dc0233) add     tp, s8, t4
core   0: 1 0x0000000080004404 (0x01dc0233) x4  0x000000000000a194
core   0: 0x0000000080004408 (0xfdc98ab7) lui     s5, 0xfdc98
core   0: 1 0x0000000080004408 (0xfdc98ab7) x21 0xfffffffffdc98000
core   0: 0x000000008000440c (0xfcba8a9b) addiw   s5, s5, -53
core   0: 1 0x000000008000440c (0xfcba8a9b) x21 0xfffffffffdc97fcb
core   0: 0x0000000080004410 (0x00000ab6) c.slli  s5, 13
core   0: 1 0x0000000080004410 (0x0ab6) x21 0xffffffb92ff96000
core   0: 0x0000000080004412 (0x09ba8a93) addi    s5, s5, 155
core   0: 1 0x0000000080004412 (0x09ba8a93) x21 0xffffffb92ff9609b
core   0: 0x0000000080004416 (0x2af78953) fmin.d  fs2, fa5, fa5
core   0: 1 0x0000000080004416 (0x2af78953) f18 0x3ff0000000000000
core   0: 0x000000008000441a (0x009494b3) sll     s1, s1, s1
core   0: 1 0x000000008000441a (0x009494b3) x9  0x0000000000000000
core   0: 0x000000008000441e (0x0331013b) mulw    sp, sp, s3
core   0: 1 0x000000008000441e (0x0331013b) x2  0x0000000000000000
core   0: 0x0000000080004422 (0x00422333) slt     t1, tp, tp
core   0: 1 0x0000000080004422 (0x00422333) x6  0x0000000000000000
core   0: 0x0000000080004426 (0x0006111b) slliw   sp, a2, 0
core   0: 1 0x0000000080004426 (0x0006111b) x2  0x0000000000000a00
core   0: 0x000000008000442a (0x00e3921b) slliw   tp, t2, 14
core   0: 1 0x000000008000442a (0x00e3921b) x4  0x0000000000004000
core   0: 0x000000008000442e (0x3407ecf3) csrrsi  s9, mscratch, 15
core   0: exception trap_illegal_instruction, epc 0x000000008000442e
core   0:           tval 0x000000003407ecf3
core   0: >>>>  $xrv64i2p1_m2p0_a2p1_f2p2_d2p2_zicsr2p0_zifencei2p0_zmmul1p0_zba1p0_zbb1p0_zbc1p0_zbs1p0
core   0: 0x0000000080004000 (0x0080006f) j       pc + 0x8
core   0: 3 0x0000000080004000 (0x0080006f)
core   0: >>>>  mmode_exception_handler
core   0: 0x0000000080004008 (0x00002c17) auipc   s8, 0x2
core   0: 3 0x0000000080004008 (0x00002c17) x24 0x0000000080006008
core   0: 0x000000008000400c (0x04ec0c13) addi    s8, s8, 78
core   0: 3 0x000000008000400c (0x04ec0c13) x24 0x0000000080006056
core   0: 0x0000000080004010 (0x000c00e7) jalr    s8
core   0: 3 0x0000000080004010 (0x000c00e7) x1  0x0000000080004014
core   0: >>>>  any_handler
core   0: 0x0000000080006056 (0x341027f3) csrrs   a5, mepc, zero
core   0: 3 0x0000000080006056 (0x341027f3) x15 0x000000008000442e
core   0: 0x000000008000605a (0x34202773) csrrs   a4, mcause, zero
core   0: 3 0x000000008000605a (0x34202773) x14 0x0000000000000002
core   0: 0x000000008000605e (0x142026f3) csrrs   a3, scause, zero
core   0: 3 0x000000008000605e (0x142026f3) x13 0x0000000000000000
core   0: 0x0000000080006062 (0x30402673) csrrs   a2, mie, zero
core   0: 3 0x0000000080006062 (0x30402673) x12 0x0000000000000a00
core   0: 0x0000000080006066 (0x344025f3) csrrs   a1, mip, zero
core   0: 3 0x0000000080006066 (0x344025f3) x11 0x0000000000000080
core   0: 0x000000008000606a (0x343025f3) csrrs   a1, mtval, zero
core   0: 3 0x000000008000606a (0x343025f3) x11 0x000000003407ecf3
core   0: 0x000000008000606e (0x14302573) csrrs   a0, stval, zero
core   0: 3 0x000000008000606e (0x14302573) x10 0x0000000000000000
core   0: 0x0000000080006072 (0xb02024f3) csrrs   s1, minstret, zero
core   0: 3 0x0000000080006072 (0xb02024f3) x9  0x0000000000000957
core   0: 0x0000000080006076 (0x0000a811) c.j     pc + 20
core   0: 3 0x0000000080006076 (0xa811)
core   0: >>>>  mepc_4
core   0: 0x000000008000608a (0x00000791) c.addi  a5, 4
core   0: 3 0x000000008000608a (0x0791) x15 0x0000000080004432
core   0: 0x000000008000608c (0x34179073) csrrw   zero, mepc, a5
core   0: 3 0x000000008000608c (0x34179073) c833_mepc 0x0000000080004432
core   0: 0x0000000080006090 (0x30200073) mret
core   0: 3 0x0000000080006090 (0x30200073) c768_mstatus 0x8000000a00106080
core   0: 0x0000000080004432 (0x027181bb) mulw    gp, gp, t2
core   0: 1 0x0000000080004432 (0x027181bb) x3  0xfffffffffe000104
core   0: 0x0000000080004436 (0x660c4a93) xori    s5, s8, 1632
core   0: 1 0x0000000080004436 (0x660c4a93) x21 0x0000000080006636
core   0: 0x000000008000443a (0x0157db9b) srliw   s7, a5, 21
core   0: 1 0x000000008000443a (0x0157db9b) x23 0x0000000000000400
core   0: 0x000000008000443e (0x03d47653) fadd.d  fa2, fs0, ft9
core   0: 1 0x000000008000443e (0x03d47653) f12 0x7ff8000000000000
core   0: 0x0000000080004442 (0x42080853) fcvt.d.s fa6, fa6
core   0: 1 0x0000000080004442 (0x42080853) f16 0x7ff8000000000000
core   0: 0x0000000080004446 (0xc22bfcd3) fcvt.l.d s9, fs7
core   0: 1 0x0000000080004446 (0xc22bfcd3) c1_fflags 0x0000000000000011 x25 0x7fffffffffffffff
core   0: 0x000000008000444a (0xd02a7dd3) fcvt.s.l fs11, s4
core   0: 1 0x000000008000444a (0xd02a7dd3) f27 0xffffffff45200000
core   0: 0x000000008000444e (0x00c985b3) add     a1, s3, a2
core   0: 1 0x000000008000444e (0x00c985b3) x11 0x0000000000000a00
core   0: 0x0000000080004452 (0xc20c7153) fcvt.w.d sp, fs8
core   0: 1 0x0000000080004452 (0xc20c7153) c1_fflags 0x0000000000000011 x2  0x000000007fffffff
core   0: 0x0000000080004456 (0x00f11bbb) sllw    s7, sp, a5
core   0: 1 0x0000000080004456 (0x00f11bbb) x23 0xfffffffffffc0000
core   0: 0x000000008000445a (0x00202c73) csrrs   s8, frm, zero
core   0: 1 0x000000008000445a (0x00202c73) x24 0x0000000000000000
core   0: 0x000000008000445e (0x13007bd3) fmul.d  fs7, ft0, fa6
core   0: 1 0x000000008000445e (0x13007bd3) f23 0x7ff8000000000000
core   0: 0x0000000080004462 (0x930dfdc3) fmadd.d fs11, fs11, fa6, fs2
core   0: 1 0x0000000080004462 (0x930dfdc3) f27 0x7ff8000000000000
core   0: 0x0000000080004466 (0xc03074d3) fcvt.lu.s s1, ft0
core   0: 1 0x0000000080004466 (0xc03074d3) c1_fflags 0x0000000000000011 x9  0xffffffffffffffff
core   0: 0x000000008000446a (0x029e723b) remuw   tp, t3, s1
core   0: 1 0x000000008000446a (0x029e723b) x4  0x0000000000000000
core   0: 0x000000008000446e (0xf11d1973) csrrw   s2, mvendorid, s10
core   0: exception trap_illegal_instruction, epc 0x000000008000446e
core   0:           tval 0x00000000f11d1973
core   0: >>>>  $xrv64i2p1_m2p0_a2p1_f2p2_d2p2_zicsr2p0_zifencei2p0_zmmul1p0_zba1p0_zbb1p0_zbc1p0_zbs1p0
core   0: 0x0000000080004000 (0x0080006f) j       pc + 0x8
core   0: 3 0x0000000080004000 (0x0080006f)
core   0: >>>>  mmode_exception_handler
core   0: 0x0000000080004008 (0x00002c17) auipc   s8, 0x2
core   0: 3 0x0000000080004008 (0x00002c17) x24 0x0000000080006008
core   0: 0x000000008000400c (0x04ec0c13) addi    s8, s8, 78
core   0: 3 0x000000008000400c (0x04ec0c13) x24 0x0000000080006056
core   0: 0x0000000080004010 (0x000c00e7) jalr    s8
core   0: 3 0x0000000080004010 (0x000c00e7) x1  0x0000000080004014
core   0: >>>>  any_handler
core   0: 0x0000000080006056 (0x341027f3) csrrs   a5, mepc, zero
core   0: 3 0x0000000080006056 (0x341027f3) x15 0x000000008000446e
core   0: 0x000000008000605a (0x34202773) csrrs   a4, mcause, zero
core   0: 3 0x000000008000605a (0x34202773) x14 0x0000000000000002
core   0: 0x000000008000605e (0x142026f3) csrrs   a3, scause, zero
core   0: 3 0x000000008000605e (0x142026f3) x13 0x0000000000000000
core   0: 0x0000000080006062 (0x30402673) csrrs   a2, mie, zero
core   0: 3 0x0000000080006062 (0x30402673) x12 0x0000000000000a00
core   0: 0x0000000080006066 (0x344025f3) csrrs   a1, mip, zero
core   0: 3 0x0000000080006066 (0x344025f3) x11 0x0000000000000080
core   0: 0x000000008000606a (0x343025f3) csrrs   a1, mtval, zero
core   0: 3 0x000000008000606a (0x343025f3) x11 0x00000000f11d1973
core   0: 0x000000008000606e (0x14302573) csrrs   a0, stval, zero
core   0: 3 0x000000008000606e (0x14302573) x10 0x0000000000000000
core   0: 0x0000000080006072 (0xb02024f3) csrrs   s1, minstret, zero
core   0: 3 0x0000000080006072 (0xb02024f3) x9  0x0000000000000976
core   0: 0x0000000080006076 (0x0000a811) c.j     pc + 20
core   0: 3 0x0000000080006076 (0xa811)
core   0: >>>>  mepc_4
core   0: 0x000000008000608a (0x00000791) c.addi  a5, 4
core   0: 3 0x000000008000608a (0x0791) x15 0x0000000080004472
core   0: 0x000000008000608c (0x34179073) csrrw   zero, mepc, a5
core   0: 3 0x000000008000608c (0x34179073) c833_mepc 0x0000000080004472
core   0: 0x0000000080006090 (0x30200073) mret
core   0: 3 0x0000000080006090 (0x30200073) c768_mstatus 0x8000000a00106080
core   0: 0x0000000080004472 (0x0073133b) sllw    t1, t1, t2
core   0: 1 0x0000000080004472 (0x0073133b) x6  0x0000000000000000
core   0: 0x0000000080004476 (0x0367d2bb) divuw   t0, a5, s6
core   0: 1 0x0000000080004476 (0x0367d2bb) x5  0xffffffffffffffff
core   0: 0x000000008000447a (0x401bffd3) fcvt.s.d ft11, fs7
core   0: 1 0x000000008000447a (0x401bffd3) f31 0xffffffff7fc00000
core   0: 0x000000008000447e (0x0130189b) slliw   a7, zero, 19
core   0: 1 0x000000008000447e (0x0130189b) x17 0x0000000000000000
core   0: 0x0000000080004482 (0x03aa5533) divu    a0, s4, s10
core   0: 1 0x0000000080004482 (0x03aa5533) x10 0xffffffffffffffff
core   0: 0x0000000080004486 (0x00199b9b) slliw   s7, s3, 1
core   0: 1 0x0000000080004486 (0x00199b9b) x23 0x0000000000000000
core   0: 0x000000008000448a (0x00000001) c.nop
core   0: 1 0x000000008000448a (0x0001)
core   0: 0x000000008000448c (0x121bfcd3) fmul.d  fs9, fs7, ft1
core   0: 1 0x000000008000448c (0x121bfcd3) f25 0x7ff8000000000000
core   0: 0x0000000080004490 (0x402ada3b) sraw    s4, s5, sp
core   0: 1 0x0000000080004490 (0x402ada3b) x20 0xffffffffffffffff
core   0: 0x0000000080004494 (0x4025d3bb) sraw    t2, a1, sp
core   0: 1 0x0000000080004494 (0x4025d3bb) x7  0xffffffffffffffff
core   0: 0x0000000080004498 (0x420d8fd3) fcvt.d.s ft11, fs11
core   0: 1 0x0000000080004498 (0x420d8fd3) f31 0x7ff8000000000000
core   0: 0x000000008000449c (0x02a77ab3) remu    s5, a4, a0
core   0: 1 0x000000008000449c (0x02a77ab3) x21 0x0000000000000002
core   0: 0x00000000800044a0 (0xd029fa53) fcvt.s.l fs4, s3
core   0: 1 0x00000000800044a0 (0xd029fa53) f20 0xffffffff00000000
core   0: 0x00000000800044a4 (0x03256a33) rem     s4, a0, s2
core   0: 1 0x00000000800044a4 (0x03256a33) x20 0x0000000000000000
core   0: 0x00000000800044a8 (0xa25f7f43) fmadd.d ft10, ft10, ft5, fs4
core   0: 1 0x00000000800044a8 (0xa25f7f43) f30 0x7ff8000000000000
core   0: 0x00000000800044ac (0x02c8a433) mulhsu  s0, a7, a2
core   0: 1 0x00000000800044ac (0x02c8a433) x8  0x0000000000000000
core   0: 0x00000000800044b0 (0xa7c3d897) auipc   a7, 0xa7c3d
core   0: 1 0x00000000800044b0 (0xa7c3d897) x17 0x0000000027c414b0
core   0: 0x00000000800044b4 (0x00980abb) addw    s5, a6, s1
core   0: 1 0x00000000800044b4 (0x00980abb) x21 0x0000000000001376
core   0: 0x00000000800044b8 (0x401cf7d3) fcvt.s.d fa5, fs9
core   0: 1 0x00000000800044b8 (0x401cf7d3) f15 0xffffffff7fc00000
core   0: 0x00000000800044bc (0x40b98bb3) sub     s7, s3, a1
core   0: 1 0x00000000800044bc (0x40b98bb3) x23 0xffffffff0ee2e68d
core   0: 0x00000000800044c0 (0x410b8dbb) subw    s11, s7, a6
core   0: 1 0x00000000800044c0 (0x410b8dbb) x27 0x000000000ee2dc8d
core   0: 0x00000000800044c4 (0x4013f2d3) fcvt.s.d ft5, ft7
core   0: 1 0x00000000800044c4 (0x4013f2d3) c1_fflags 0x0000000000000011 f5  0xffffffff4e000000
core   0: 0x00000000800044c8 (0x00000001) c.nop
core   0: 1 0x00000000800044c8 (0x0001)
core   0: 0x00000000800044ca (0x02ddd613) srli    a2, s11, 45
core   0: 1 0x00000000800044ca (0x02ddd613) x12 0x0000000000000000
core   0: 0x00000000800044ce (0xc020f853) fcvt.l.s a6, ft1
core   0: 1 0x00000000800044ce (0xc020f853) c1_fflags 0x0000000000000011 x16 0x7fffffffffffffff
core   0: 0x00000000800044d2 (0x02460033) mul     zero, a2, tp
core   0: 1 0x00000000800044d2 (0x02460033)
core   0: 0x00000000800044d6 (0x01ba9db3) sll     s11, s5, s11
core   0: 1 0x00000000800044d6 (0x01ba9db3) x27 0x00000000026ec000
core   0: 0x00000000800044da (0xd17c07b7) lui     a5, 0xd17c0
core   0: 1 0x00000000800044da (0xd17c07b7) x15 0xffffffffd17c0000
core   0: 0x00000000800044de (0xd21d88d3) fcvt.d.wu fa7, s11
core   0: 1 0x00000000800044de (0xd21d88d3) f17 0x4183760000000000
core   0: 0x00000000800044e2 (0x0070923b) sllw    tp, ra, t2
core   0: 1 0x00000000800044e2 (0x0070923b) x4  0x0000000000000000
core   0: 0x00000000800044e6 (0x41b556b3) sra     a3, a0, s11
core   0: 1 0x00000000800044e6 (0x41b556b3) x13 0xffffffffffffffff
core   0: 0x00000000800044ea (0x0375f2d3) fadd.d  ft5, fa1, fs7
core   0: 1 0x00000000800044ea (0x0375f2d3) f5  0x7ff8000000000000
core   0: 0x00000000800044ee (0x404258bb) sraw    a7, tp, tp
core   0: 1 0x00000000800044ee (0x404258bb) x17 0x0000000000000000
core   0: 0x00000000800044f2 (0x020dd03b) divuw   zero, s11, zero
core   0: 1 0x00000000800044f2 (0x020dd03b)
core   0: 0x00000000800044f6 (0xc02879d3) fcvt.l.s s3, fa6
core   0: 1 0x00000000800044f6 (0xc02879d3) c1_fflags 0x0000000000000011 x19 0x7fffffffffffffff
core   0: 0x00000000800044fa (0x01f25e9b) srliw   t4, tp, 31
core   0: 1 0x00000000800044fa (0x01f25e9b) x29 0x0000000000000000
core   0: 0x00000000800044fe (0x03d0ad33) mulhsu  s10, ra, t4
core   0: 1 0x00000000800044fe (0x03d0ad33) x26 0x0000000000000000
core   0: 0x0000000080004502 (0x41108233) sub     tp, ra, a7
core   0: 1 0x0000000080004502 (0x41108233) x4  0x0000000080004014
core   0: 0x0000000080004506 (0x027b0b33) mul     s6, s6, t2
core   0: 1 0x0000000080004506 (0x027b0b33) x22 0x0000000000000000
core   0: 0x000000008000450a (0x006b52bb) srlw    t0, s6, t1
core   0: 1 0x000000008000450a (0x006b52bb) x5  0x0000000000000000
core   0: 0x000000008000450e (0x40cd88bb) subw    a7, s11, a2
core   0: 1 0x000000008000450e (0x40cd88bb) x17 0x00000000026ec000
core   0: 0x0000000080004512 (0x002dc4b3) xor     s1, s11, sp
core   0: 1 0x0000000080004512 (0x002dc4b3) x9  0x000000007d913fff
core   0: 0x0000000080004516 (0x22bb97d3) fsgnjn.d fa5, fs7, fa1
core   0: 1 0x0000000080004516 (0x22bb97d3) f15 0xfff8000000000000
core   0: 0x000000008000451a (0x031483b3) mul     t2, s1, a7
core   0: 1 0x000000008000451a (0x031483b3) x7  0x013175166d914000
core   0: 0x000000008000451e (0x00000001) c.nop
core   0: 1 0x000000008000451e (0x0001)
core   0: 0x0000000080004520 (0x01f9d0b7) lui     ra, 0x1f9d
core   0: 1 0x0000000080004520 (0x01f9d0b7) x1  0x0000000001f9d000
core   0: 0x0000000080004524 (0x7650809b) addiw   ra, ra, 1893
core   0: 1 0x0000000080004524 (0x7650809b) x1  0x0000000001f9d765
core   0: 0x0000000080004528 (0x000000b2) c.slli  ra, 12
core   0: 1 0x0000000080004528 (0x00b2) x1  0x0000001f9d765000
core   0: 0x000000008000452a (0x80908093) addi    ra, ra, -2039
core   0: 1 0x000000008000452a (0x80908093) x1  0x0000001f9d764809
core   0: 0x000000008000452e (0x2b6408d3) fmin.d  fa7, fs0, fs6
core   0: 1 0x000000008000452e (0x2b6408d3) f17 0x7ff8000000000000
core   0: 0x0000000080004532 (0x0ff0000f) fence   iorw,iorw
core   0: 1 0x0000000080004532 (0x0ff0000f)
core   0: 0x0000000080004536 (0x00000001) c.nop
core   0: 1 0x0000000080004536 (0x0001)
core   0: 0x0000000080004538 (0x02b087bb) mulw    a5, ra, a1
core   0: 1 0x0000000080004538 (0x02b087bb) x15 0xffffffffeb303d0b
core   0: 0x000000008000453c (0x01f9959b) slliw   a1, s3, 31
core   0: 1 0x000000008000453c (0x01f9959b) x11 0xffffffff80000000
core   0: 0x0000000080004540 (0x0061d49b) srliw   s1, gp, 6
core   0: 1 0x0000000080004540 (0x0061d49b) x9  0x0000000003f80004
core   0: 0x0000000080004544 (0xc03073d3) fcvt.lu.s t2, ft0
core   0: 1 0x0000000080004544 (0xc03073d3) c1_fflags 0x0000000000000011 x7  0xffffffffffffffff
core   0: 0x0000000080004548 (0xcd599997) auipc   s3, 0xcd599
core   0: 1 0x0000000080004548 (0xcd599997) x19 0x000000004d59d548
core   0: 0x000000008000454c (0xd233f4d3) fcvt.d.lu fs1, t2
core   0: 1 0x000000008000454c (0xd233f4d3) c1_fflags 0x0000000000000011 f9  0x43f0000000000000
core   0: 0x0000000080004550 (0x41395b33) sra     s6, s2, s3
core   0: 1 0x0000000080004550 (0x41395b33) x22 0xffffffffffffffff
core   0: 0x0000000080004554 (0x3433b373) csrrc   t1, mtval, t2
core   0: exception trap_illegal_instruction, epc 0x0000000080004554
core   0:           tval 0x000000003433b373
core   0: >>>>  $xrv64i2p1_m2p0_a2p1_f2p2_d2p2_zicsr2p0_zifencei2p0_zmmul1p0_zba1p0_zbb1p0_zbc1p0_zbs1p0
core   0: 0x0000000080004000 (0x0080006f) j       pc + 0x8
core   0: 3 0x0000000080004000 (0x0080006f)
core   0: >>>>  mmode_exception_handler
core   0: 0x0000000080004008 (0x00002c17) auipc   s8, 0x2
core   0: 3 0x0000000080004008 (0x00002c17) x24 0x0000000080006008
core   0: 0x000000008000400c (0x04ec0c13) addi    s8, s8, 78
core   0: 3 0x000000008000400c (0x04ec0c13) x24 0x0000000080006056
core   0: 0x0000000080004010 (0x000c00e7) jalr    s8
core   0: 3 0x0000000080004010 (0x000c00e7) x1  0x0000000080004014
core   0: >>>>  any_handler
core   0: 0x0000000080006056 (0x341027f3) csrrs   a5, mepc, zero
core   0: 3 0x0000000080006056 (0x341027f3) x15 0x0000000080004554
core   0: 0x000000008000605a (0x34202773) csrrs   a4, mcause, zero
core   0: 3 0x000000008000605a (0x34202773) x14 0x0000000000000002
core   0: 0x000000008000605e (0x142026f3) csrrs   a3, scause, zero
core   0: 3 0x000000008000605e (0x142026f3) x13 0x0000000000000000
core   0: 0x0000000080006062 (0x30402673) csrrs   a2, mie, zero
core   0: 3 0x0000000080006062 (0x30402673) x12 0x0000000000000a00
core   0: 0x0000000080006066 (0x344025f3) csrrs   a1, mip, zero
core   0: 3 0x0000000080006066 (0x344025f3) x11 0x0000000000000080
core   0: 0x000000008000606a (0x343025f3) csrrs   a1, mtval, zero
core   0: 3 0x000000008000606a (0x343025f3) x11 0x000000003433b373
core   0: 0x000000008000606e (0x14302573) csrrs   a0, stval, zero
core   0: 3 0x000000008000606e (0x14302573) x10 0x0000000000000000
core   0: 0x0000000080006072 (0xb02024f3) csrrs   s1, minstret, zero
core   0: 3 0x0000000080006072 (0xb02024f3) x9  0x00000000000009c1
core   0: 0x0000000080006076 (0x0000a811) c.j     pc + 20
core   0: 3 0x0000000080006076 (0xa811)
core   0: >>>>  mepc_4
core   0: 0x000000008000608a (0x00000791) c.addi  a5, 4
core   0: 3 0x000000008000608a (0x0791) x15 0x0000000080004558
core   0: 0x000000008000608c (0x34179073) csrrw   zero, mepc, a5
core   0: 3 0x000000008000608c (0x34179073) c833_mepc 0x0000000080004558
core   0: 0x0000000080006090 (0x30200073) mret
core   0: 3 0x0000000080006090 (0x30200073) c768_mstatus 0x8000000a00106080
core   0: 0x0000000080004558 (0x43b8db93) srai    s7, a7, 59
core   0: 1 0x0000000080004558 (0x43b8db93) x23 0x0000000000000000
core   0: 0x000000008000455c (0x0ff0000f) fence   iorw,iorw
core   0: 1 0x000000008000455c (0x0ff0000f)
core   0: 0x0000000080004560 (0x019011b3) sll     gp, zero, s9
core   0: 1 0x0000000080004560 (0x019011b3) x3  0x0000000000000000
core   0: 0x0000000080004564 (0xdaa4f7c3) fmadd.d fa5, fs1, fa0, fs11
core   0: 1 0x0000000080004564 (0xdaa4f7c3) f15 0x7ff8000000000000
core   0: 0x0000000080004568 (0x0171c2b3) xor     t0, gp, s7
core   0: 1 0x0000000080004568 (0x0171c2b3) x5  0x0000000000000000
core   0: 0x000000008000456c (0x420b8bd3) fcvt.d.s fs7, fs7
core   0: 1 0x000000008000456c (0x420b8bd3) f23 0x7ff8000000000000
core   0: 0x0000000080004570 (0x407a83b3) sub     t2, s5, t2
core   0: 1 0x0000000080004570 (0x407a83b3) x7  0x0000000000001377
core   0: 0x0000000080004574 (0x015b8bbb) addw    s7, s7, s5
core   0: 1 0x0000000080004574 (0x015b8bbb) x23 0x0000000000001376
core   0: 0x0000000080004578 (0xc20af8d3) fcvt.w.d a7, fs5
core   0: 1 0x0000000080004578 (0xc20af8d3) c1_fflags 0x0000000000000011 x17 0x000000007fffffff
core   0: 0x000000008000457c (0xc069e673) csrrsi  a2, hpmcounter6, 19
core   0: exception trap_illegal_instruction, epc 0x000000008000457c
core   0:           tval 0x00000000c069e673
core   0: >>>>  $xrv64i2p1_m2p0_a2p1_f2p2_d2p2_zicsr2p0_zifencei2p0_zmmul1p0_zba1p0_zbb1p0_zbc1p0_zbs1p0
core   0: 0x0000000080004000 (0x0080006f) j       pc + 0x8
core   0: 3 0x0000000080004000 (0x0080006f)
core   0: >>>>  mmode_exception_handler
core   0: 0x0000000080004008 (0x00002c17) auipc   s8, 0x2
core   0: 3 0x0000000080004008 (0x00002c17) x24 0x0000000080006008
core   0: 0x000000008000400c (0x04ec0c13) addi    s8, s8, 78
core   0: 3 0x000000008000400c (0x04ec0c13) x24 0x0000000080006056
core   0: 0x0000000080004010 (0x000c00e7) jalr    s8
core   0: 3 0x0000000080004010 (0x000c00e7) x1  0x0000000080004014
core   0: >>>>  any_handler
core   0: 0x0000000080006056 (0x341027f3) csrrs   a5, mepc, zero
core   0: 3 0x0000000080006056 (0x341027f3) x15 0x000000008000457c
core   0: 0x000000008000605a (0x34202773) csrrs   a4, mcause, zero
core   0: 3 0x000000008000605a (0x34202773) x14 0x0000000000000002
core   0: 0x000000008000605e (0x142026f3) csrrs   a3, scause, zero
core   0: 3 0x000000008000605e (0x142026f3) x13 0x0000000000000000
core   0: 0x0000000080006062 (0x30402673) csrrs   a2, mie, zero
core   0: 3 0x0000000080006062 (0x30402673) x12 0x0000000000000a00
core   0: 0x0000000080006066 (0x344025f3) csrrs   a1, mip, zero
core   0: 3 0x0000000080006066 (0x344025f3) x11 0x0000000000000080
core   0: 0x000000008000606a (0x343025f3) csrrs   a1, mtval, zero
core   0: 3 0x000000008000606a (0x343025f3) x11 0x00000000c069e673
core   0: 0x000000008000606e (0x14302573) csrrs   a0, stval, zero
core   0: 3 0x000000008000606e (0x14302573) x10 0x0000000000000000
core   0: 0x0000000080006072 (0xb02024f3) csrrs   s1, minstret, zero
core   0: 3 0x0000000080006072 (0xb02024f3) x9  0x00000000000009da
core   0: 0x0000000080006076 (0x0000a811) c.j     pc + 20
core   0: 3 0x0000000080006076 (0xa811)
core   0: >>>>  mepc_4
core   0: 0x000000008000608a (0x00000791) c.addi  a5, 4
core   0: 3 0x000000008000608a (0x0791) x15 0x0000000080004580
core   0: 0x000000008000608c (0x34179073) csrrw   zero, mepc, a5
core   0: 3 0x000000008000608c (0x34179073) c833_mepc 0x0000000080004580
core   0: 0x0000000080006090 (0x30200073) mret
core   0: 3 0x0000000080006090 (0x30200073) c768_mstatus 0x8000000a00106080
core   0: 0x0000000080004580 (0x016668b3) or      a7, a2, s6
core   0: 1 0x0000000080004580 (0x016668b3) x17 0xffffffffffffffff
core   0: 0x0000000080004584 (0x00000001) c.nop
core   0: 1 0x0000000080004584 (0x0001)
core   0: 0x0000000080004586 (0x023d5993) srli    s3, s10, 35
core   0: 1 0x0000000080004586 (0x023d5993) x19 0x0000000000000000
core   0: 0x000000008000458a (0x41ad5433) sra     s0, s10, s10
core   0: 1 0x000000008000458a (0x41ad5433) x8  0x0000000000000000
core   0: 0x000000008000458e (0x03a285b3) mul     a1, t0, s10
core   0: 1 0x000000008000458e (0x03a285b3) x11 0x0000000000000000
core   0: 0x0000000080004592 (0x02c67c33) remu    s8, a2, a2
core   0: 1 0x0000000080004592 (0x02c67c33) x24 0x0000000000000000
core   0: 0x0000000080004596 (0x02cd8db3) mul     s11, s11, a2
core   0: 1 0x0000000080004596 (0x02cd8db3) x27 0x0000001853800000
core   0: 0x000000008000459a (0x02213d33) mulhu   s10, sp, sp
core   0: 1 0x000000008000459a (0x02213d33) x26 0x0000000000000000
core   0: 0x000000008000459e (0x23998d53) fsgnj.d fs10, fs3, fs9
core   0: 1 0x000000008000459e (0x23998d53) f26 0x7ff8000000000000
core   0: 0x00000000800045a2 (0x026d6bbb) remw    s7, s10, t1
core   0: 1 0x00000000800045a2 (0x026d6bbb) x23 0x0000000000000000
core   0: 0x00000000800045a6 (0x0391cb3b) divw    s6, gp, s9
core   0: 1 0x00000000800045a6 (0x0391cb3b) x22 0x0000000000000000
core   0: 0x00000000800045aa (0x99463c17) auipc   s8, 0x99463
core   0: 1 0x00000000800045aa (0x99463c17) x24 0x00000000194675aa
core   0: 0x00000000800045ae (0x0ff0000f) fence   iorw,iorw
core   0: 1 0x00000000800045ae (0x0ff0000f)
core   0: 0x00000000800045b2 (0x00005b33) srl     s6, zero, zero
core   0: 1 0x00000000800045b2 (0x00005b33) x22 0x0000000000000000
core   0: 0x00000000800045b6 (0x000dd2b3) srl     t0, s11, zero
core   0: 1 0x00000000800045b6 (0x000dd2b3) x5  0x0000001853800000
core   0: 0x00000000800045ba (0x005d893b) addw    s2, s11, t0
core   0: 1 0x00000000800045ba (0x005d893b) x18 0xffffffffa7000000
core   0: 0x00000000800045be (0x2939e993) ori     s3, s3, 659
core   0: 1 0x00000000800045be (0x2939e993) x19 0x0000000000000293
core   0: 0x00000000800045c2 (0xefa26093) ori     ra, tp, -262
core   0: 1 0x00000000800045c2 (0xefa26093) x1  0xfffffffffffffefe
core   0: 0x00000000800045c6 (0x0210feb3) remu    t4, ra, ra
core   0: 1 0x00000000800045c6 (0x0210feb3) x29 0x0000000000000000
core   0: 0x00000000800045ca (0x86fc0513) addi    a0, s8, -1937
core   0: 1 0x00000000800045ca (0x86fc0513) x10 0x0000000019466e19
core   0: 0x00000000800045ce (0x1a26f253) fdiv.d  ft4, fa3, ft2
core   0: 1 0x00000000800045ce (0x1a26f253) f4  0x7ff8000000000000
core   0: 0x00000000800045d2 (0x037efabb) remuw   s5, t4, s7
core   0: 1 0x00000000800045d2 (0x037efabb) x21 0x0000000000000000
core   0: 0x00000000800045d6 (0x415e58b3) sra     a7, t3, s5
core   0: 1 0x00000000800045d6 (0x415e58b3) x17 0x0000000000000000
core   0: 0x00000000800045da (0x91bbcc13) xori    s8, s7, -1765
core   0: 1 0x00000000800045da (0x91bbcc13) x24 0xfffffffffffff91b
core   0: 0x00000000800045de (0xe2020dd3) fmv.x.d s11, ft4
core   0: 1 0x00000000800045de (0xe2020dd3) x27 0x7ff8000000000000
core   0: 0x00000000800045e2 (0xc179f993) andi    s3, s3, -1001
core   0: 1 0x00000000800045e2 (0xc179f993) x19 0x0000000000000013
core   0: 0x00000000800045e6 (0xd20b0b53) fcvt.d.w fs6, s6
core   0: 1 0x00000000800045e6 (0xd20b0b53) f22 0x0000000000000000
core   0: 0x00000000800045ea (0x9b2d3ab7) lui     s5, 0x9b2d3
core   0: 1 0x00000000800045ea (0x9b2d3ab7) x21 0xffffffff9b2d3000
core   0: 0x00000000800045ee (0x5a017dd3) fsqrt.d fs11, ft2
core   0: 1 0x00000000800045ee (0x5a017dd3) f27 0x0000000000000000
core   0: 0x00000000800045f2 (0xd229f8d3) fcvt.d.l fa7, s3
core   0: 1 0x00000000800045f2 (0xd229f8d3) f17 0x4033000000000000
core   0: 0x00000000800045f6 (0x037adbb3) divu    s7, s5, s7
core   0: 1 0x00000000800045f6 (0x037adbb3) x23 0xffffffffffffffff
core   0: 0x00000000800045fa (0x00000001) c.nop
core   0: 1 0x00000000800045fa (0x0001)
core   0: 0x00000000800045fc (0x3a2e14b7) lui     s1, 0x3a2e1
core   0: 1 0x00000000800045fc (0x3a2e14b7) x9  0x000000003a2e1000
core   0: 0x0000000080004600 (0x2a029553) fmax.d  fa0, ft5, ft0
core   0: 1 0x0000000080004600 (0x2a029553) f10 0x8000000000000000
core   0: 0x0000000080004604 (0x00148c1b) addiw   s8, s1, 1
core   0: 1 0x0000000080004604 (0x00148c1b) x24 0x000000003a2e1001
core   0: 0x0000000080004608 (0x02db5b33) divu    s6, s6, a3
core   0: 1 0x0000000080004608 (0x02db5b33) x22 0xffffffffffffffff
core   0: 0x000000008000460c (0x41640c3b) subw    s8, s0, s6
core   0: 1 0x000000008000460c (0x41640c3b) x24 0x0000000000000001
core   0: 0x0000000080004610 (0x00d16133) or      sp, sp, a3
core   0: 1 0x0000000080004610 (0x00d16133) x2  0x000000007fffffff
core   0: 0x0000000080004614 (0x02d6ccbb) divw    s9, a3, a3
core   0: 1 0x0000000080004614 (0x02d6ccbb) x25 0xffffffffffffffff
core   0: 0x0000000080004618 (0x00552c33) slt     s8, a0, t0
core   0: 1 0x0000000080004618 (0x00552c33) x24 0x0000000000000001
core   0: 0x000000008000461c (0x002efc33) and     s8, t4, sp
core   0: 1 0x000000008000461c (0x002efc33) x24 0x0000000000000000
core   0: 0x0000000080004620 (0x00bed833) srl     a6, t4, a1
core   0: 1 0x0000000080004620 (0x00bed833) x16 0x0000000000000000
core   0: 0x0000000080004624 (0xaa057643) fmadd.d fa2, fa0, ft0, fs5
core   0: 1 0x0000000080004624 (0xaa057643) f12 0x7ff8000000000000
core   0: 0x0000000080004628 (0x00455bbb) srlw    s7, a0, tp
core   0: 1 0x0000000080004628 (0x00455bbb) x23 0x0000000000000194
core   0: 0x000000008000462c (0x03ed9893) slli    a7, s11, 62
core   0: 1 0x000000008000462c (0x03ed9893) x17 0x0000000000000000
core   0: 0x0000000080004630 (0x01a2083b) addw    a6, tp, s10
core   0: 1 0x0000000080004630 (0x01a2083b) x16 0xffffffff80004014
core   0: 0x0000000080004634 (0x4002561b) sraiw   a2, tp, 0
core   0: 1 0x0000000080004634 (0x4002561b) x12 0xffffffff80004014
core   0: 0x0000000080004638 (0x00000001) c.nop
core   0: 1 0x0000000080004638 (0x0001)
core   0: 0x000000008000463a (0x00102ef3) csrrs   t4, fflags, zero
core   0: 1 0x000000008000463a (0x00102ef3) x29 0x0000000000000011
core   0: 0x000000008000463e (0x409dddbb) sraw    s11, s11, s1
core   0: 1 0x000000008000463e (0x409dddbb) x27 0x0000000000000000
core   0: 0x0000000080004642 (0xd03c7c53) fcvt.s.lu fs8, s8
core   0: 1 0x0000000080004642 (0xd03c7c53) f24 0xffffffff00000000
core   0: 0x0000000080004646 (0x4026d69b) sraiw   a3, a3, 2
core   0: 1 0x0000000080004646 (0x4026d69b) x13 0x0000000000000000
core   0: 0x000000008000464a (0xc05a72f3) csrrci  t0, hpmcounter5, 20
core   0: exception trap_illegal_instruction, epc 0x000000008000464a
core   0:           tval 0x00000000c05a72f3
core   0: >>>>  $xrv64i2p1_m2p0_a2p1_f2p2_d2p2_zicsr2p0_zifencei2p0_zmmul1p0_zba1p0_zbb1p0_zbc1p0_zbs1p0
core   0: 0x0000000080004000 (0x0080006f) j       pc + 0x8
core   0: 3 0x0000000080004000 (0x0080006f)
core   0: >>>>  mmode_exception_handler
core   0: 0x0000000080004008 (0x00002c17) auipc   s8, 0x2
core   0: 3 0x0000000080004008 (0x00002c17) x24 0x0000000080006008
core   0: 0x000000008000400c (0x04ec0c13) addi    s8, s8, 78
core   0: 3 0x000000008000400c (0x04ec0c13) x24 0x0000000080006056
core   0: 0x0000000080004010 (0x000c00e7) jalr    s8
core   0: 3 0x0000000080004010 (0x000c00e7) x1  0x0000000080004014
core   0: >>>>  any_handler
core   0: 0x0000000080006056 (0x341027f3) csrrs   a5, mepc, zero
core   0: 3 0x0000000080006056 (0x341027f3) x15 0x000000008000464a
core   0: 0x000000008000605a (0x34202773) csrrs   a4, mcause, zero
core   0: 3 0x000000008000605a (0x34202773) x14 0x0000000000000002
core   0: 0x000000008000605e (0x142026f3) csrrs   a3, scause, zero
core   0: 3 0x000000008000605e (0x142026f3) x13 0x0000000000000000
core   0: 0x0000000080006062 (0x30402673) csrrs   a2, mie, zero
core   0: 3 0x0000000080006062 (0x30402673) x12 0x0000000000000a00
core   0: 0x0000000080006066 (0x344025f3) csrrs   a1, mip, zero
core   0: 3 0x0000000080006066 (0x344025f3) x11 0x0000000000000080
core   0: 0x000000008000606a (0x343025f3) csrrs   a1, mtval, zero
core   0: 3 0x000000008000606a (0x343025f3) x11 0x00000000c05a72f3
core   0: 0x000000008000606e (0x14302573) csrrs   a0, stval, zero
core   0: 3 0x000000008000606e (0x14302573) x10 0x0000000000000000
core   0: 0x0000000080006072 (0xb02024f3) csrrs   s1, minstret, zero
core   0: 3 0x0000000080006072 (0xb02024f3) x9  0x0000000000000a1e
core   0: 0x0000000080006076 (0x0000a811) c.j     pc + 20
core   0: 3 0x0000000080006076 (0xa811)
core   0: >>>>  mepc_4
core   0: 0x000000008000608a (0x00000791) c.addi  a5, 4
core   0: 3 0x000000008000608a (0x0791) x15 0x000000008000464e
core   0: 0x000000008000608c (0x34179073) csrrw   zero, mepc, a5
core   0: 3 0x000000008000608c (0x34179073) c833_mepc 0x000000008000464e
core   0: 0x0000000080006090 (0x30200073) mret
core   0: 3 0x0000000080006090 (0x30200073) c768_mstatus 0x8000000a00106080
core   0: 0x000000008000464e (0x03bbce33) div     t3, s7, s11
core   0: 1 0x000000008000464e (0x03bbce33) x28 0xffffffffffffffff
core   0: 0x0000000080004652 (0x22888b53) fsgnj.d fs6, fa7, fs0
core   0: 1 0x0000000080004652 (0x22888b53) f22 0x4033000000000000
core   0: 0x0000000080004656 (0xdb7dfbc7) fmsub.d fs7, fs11, fs7, fs11
core   0: 1 0x0000000080004656 (0xdb7dfbc7) f23 0x7ff8000000000000
core   0: 0x000000008000465a (0xd022f6d3) fcvt.s.l fa3, t0
core   0: 1 0x000000008000465a (0xd022f6d3) f13 0xffffffff51c29c00
core   0: 0x000000008000465e (0x419cd6bb) sraw    a3, s9, s9
core   0: 1 0x000000008000465e (0x419cd6bb) x13 0xffffffffffffffff
core   0: 0x0000000080004662 (0x9b33fa4b) fnmsub.d fs4, ft7, fs3, fs3
core   0: 1 0x0000000080004662 (0x9b33fa4b) f20 0x7ff8000000000000
core   0: 0x0000000080004666 (0x031a99b3) mulh    s3, s5, a7
core   0: 1 0x0000000080004666 (0x031a99b3) x19 0x0000000000000000
core   0: 0x000000008000466a (0x03c06e33) rem     t3, zero, t3
core   0: 1 0x000000008000466a (0x03c06e33) x28 0x0000000000000000
core   0: 0x000000008000466e (0xc23a7753) fcvt.lu.d a4, fs4
core   0: 1 0x000000008000466e (0xc23a7753) c1_fflags 0x0000000000000011 x14 0xffffffffffffffff
core   0: 0x0000000080004672 (0x00501c3b) sllw    s8, zero, t0
core   0: 1 0x0000000080004672 (0x00501c3b) x24 0x0000000000000000
core   0: 0x0000000080004676 (0xbf54fd13) andi    s10, s1, -1035
core   0: 1 0x0000000080004676 (0xbf54fd13) x26 0x0000000000000a14
core   0: 0x000000008000467a (0x00529833) sll     a6, t0, t0
core   0: 1 0x000000008000467a (0x00529833) x16 0x0000001853800000
core   0: 0x000000008000467e (0x01305193) srli    gp, zero, 19
core   0: 1 0x000000008000467e (0x01305193) x3  0x0000000000000000
core   0: 0x0000000080004682 (0x00fdc3b3) xor     t2, s11, a5
core   0: 1 0x0000000080004682 (0x00fdc3b3) x7  0x000000008000464e
core   0: 0x0000000080004686 (0x1294fed3) fmul.d  ft9, fs1, fs1
core   0: 1 0x0000000080004686 (0x1294fed3) f29 0x47f0000000000000
core   0: 0x000000008000468a (0x0232abb3) mulhsu  s7, t0, gp
core   0: 1 0x000000008000468a (0x0232abb3) x23 0x0000000000000000
core   0: 0x000000008000468e (0x40a150b3) sra     ra, sp, a0
core   0: 1 0x000000008000468e (0x40a150b3) x1  0x000000007fffffff
core   0: 0x0000000080004692 (0xc0347bd3) fcvt.lu.s s7, fs0
core   0: 1 0x0000000080004692 (0xc0347bd3) c1_fflags 0x0000000000000011 x23 0xffffffffffffffff
core   0: 0x0000000080004696 (0x00000001) c.nop
core   0: 1 0x0000000080004696 (0x0001)
core   0: 0x0000000080004698 (0x0046581b) srliw   a6, a2, 4
core   0: 1 0x0000000080004698 (0x0046581b) x16 0x00000000000000a0
core   0: 0x000000008000469c (0xc02475d3) fcvt.l.s a1, fs0
core   0: 1 0x000000008000469c (0xc02475d3) c1_fflags 0x0000000000000011 x11 0x7fffffffffffffff
core   0: 0x00000000800046a0 (0x01490a3b) addw    s4, s2, s4
core   0: 1 0x00000000800046a0 (0x01490a3b) x20 0xffffffffa7000000
core   0: 0x00000000800046a4 (0x42050653) fcvt.d.s fa2, fa0
core   0: 1 0x00000000800046a4 (0x42050653) f12 0x7ff8000000000000
core   0: 0x00000000800046a8 (0x0078f3b3) and     t2, a7, t2
core   0: 1 0x00000000800046a8 (0x0078f3b3) x7  0x0000000000000000
core   0: 0x00000000800046ac (0x1a8671cb) fnmsub.d ft3, fa2, fs0, ft3
core   0: 1 0x00000000800046ac (0x1a8671cb) f3  0x7ff8000000000000
core   0: 0x00000000800046b0 (0xc039f1d3) fcvt.lu.s gp, fs3
core   0: 1 0x00000000800046b0 (0xc039f1d3) c1_fflags 0x0000000000000011 x3  0xffffffffffffffff
core   0: 0x00000000800046b4 (0xd038f453) fcvt.s.lu fs0, a7
core   0: 1 0x00000000800046b4 (0xd038f453) f8  0xffffffff00000000
core   0: 0x00000000800046b8 (0x63e1fa43) fmadd.d fs4, ft3, ft10, fa2
core   0: 1 0x00000000800046b8 (0x63e1fa43) f20 0x7ff8000000000000
core   0: 0x00000000800046bc (0x2aaf1553) fmax.d  fa0, ft10, fa0
core   0: 1 0x00000000800046bc (0x2aaf1553) f10 0x8000000000000000
core   0: 0x00000000800046c0 (0x12eff753) fmul.d  fa4, ft11, fa4
core   0: 1 0x00000000800046c0 (0x12eff753) f14 0x7ff8000000000000
core   0: 0x00000000800046c4 (0x01be5b33) srl     s6, t3, s11
core   0: 1 0x00000000800046c4 (0x01be5b33) x22 0x0000000000000000
core   0: 0x00000000800046c8 (0x0289b9b3) mulhu   s3, s3, s0
core   0: 1 0x00000000800046c8 (0x0289b9b3) x19 0x0000000000000000
core   0: 0x00000000800046cc (0x2b2a83d3) fmin.d  ft7, fs5, fs2
core   0: 1 0x00000000800046cc (0x2b2a83d3) f7  0x3ff0000000000000
core   0: 0x00000000800046d0 (0x00a3db1b) srliw   s6, t2, 10
core   0: 1 0x00000000800046d0 (0x00a3db1b) x22 0x0000000000000000
core   0: 0x00000000800046d4 (0x01ad7133) and     sp, s10, s10
core   0: 1 0x00000000800046d4 (0x01ad7133) x2  0x0000000000000a14
core   0: 0x00000000800046d8 (0x1b2970d3) fdiv.d  ft1, fs2, fs2
core   0: 1 0x00000000800046d8 (0x1b2970d3) f1  0x3ff0000000000000
core   0: 0x00000000800046dc (0x303054f3) csrrwi  s1, mideleg, 0
core   0: exception trap_illegal_instruction, epc 0x00000000800046dc
core   0:           tval 0x00000000303054f3
core   0: >>>>  $xrv64i2p1_m2p0_a2p1_f2p2_d2p2_zicsr2p0_zifencei2p0_zmmul1p0_zba1p0_zbb1p0_zbc1p0_zbs1p0
core   0: 0x0000000080004000 (0x0080006f) j       pc + 0x8
core   0: 3 0x0000000080004000 (0x0080006f)
core   0: >>>>  mmode_exception_handler
core   0: 0x0000000080004008 (0x00002c17) auipc   s8, 0x2
core   0: 3 0x0000000080004008 (0x00002c17) x24 0x0000000080006008
core   0: 0x000000008000400c (0x04ec0c13) addi    s8, s8, 78
core   0: 3 0x000000008000400c (0x04ec0c13) x24 0x0000000080006056
core   0: 0x0000000080004010 (0x000c00e7) jalr    s8
core   0: 3 0x0000000080004010 (0x000c00e7) x1  0x0000000080004014
core   0: >>>>  any_handler
core   0: 0x0000000080006056 (0x341027f3) csrrs   a5, mepc, zero
core   0: 3 0x0000000080006056 (0x341027f3) x15 0x00000000800046dc
core   0: 0x000000008000605a (0x34202773) csrrs   a4, mcause, zero
core   0: 3 0x000000008000605a (0x34202773) x14 0x0000000000000002
core   0: 0x000000008000605e (0x142026f3) csrrs   a3, scause, zero
core   0: 3 0x000000008000605e (0x142026f3) x13 0x0000000000000000
core   0: 0x0000000080006062 (0x30402673) csrrs   a2, mie, zero
core   0: 3 0x0000000080006062 (0x30402673) x12 0x0000000000000a00
core   0: 0x0000000080006066 (0x344025f3) csrrs   a1, mip, zero
core   0: 3 0x0000000080006066 (0x344025f3) x11 0x0000000000000080
core   0: 0x000000008000606a (0x343025f3) csrrs   a1, mtval, zero
core   0: 3 0x000000008000606a (0x343025f3) x11 0x00000000303054f3
core   0: 0x000000008000606e (0x14302573) csrrs   a0, stval, zero
core   0: 3 0x000000008000606e (0x14302573) x10 0x0000000000000000
core   0: 0x0000000080006072 (0xb02024f3) csrrs   s1, minstret, zero
core   0: 3 0x0000000080006072 (0xb02024f3) x9  0x0000000000000a52
core   0: 0x0000000080006076 (0x0000a811) c.j     pc + 20
core   0: 3 0x0000000080006076 (0xa811)
core   0: >>>>  mepc_4
core   0: 0x000000008000608a (0x00000791) c.addi  a5, 4
core   0: 3 0x000000008000608a (0x0791) x15 0x00000000800046e0
core   0: 0x000000008000608c (0x34179073) csrrw   zero, mepc, a5
core   0: 3 0x000000008000608c (0x34179073) c833_mepc 0x00000000800046e0
core   0: 0x0000000080006090 (0x30200073) mret
core   0: 3 0x0000000080006090 (0x30200073) c768_mstatus 0x8000000a00106080
core   0: 0x00000000800046e0 (0x0b567853) fsub.d  fa6, fa2, fs5
core   0: 1 0x00000000800046e0 (0x0b567853) f16 0x7ff8000000000000
core   0: 0x00000000800046e4 (0x4102d29b) sraiw   t0, t0, 16
core   0: 1 0x00000000800046e4 (0x4102d29b) x5  0x0000000000005380
core   0: 0x00000000800046e8 (0x0ff0000f) fence   iorw,iorw
core   0: 1 0x00000000800046e8 (0x0ff0000f)
core   0: 0x00000000800046ec (0x40b5d3bb) sraw    t2, a1, a1
core   0: 1 0x00000000800046ec (0x40b5d3bb) x7  0x0000000000000606
core   0: 0x00000000800046f0 (0xa28a8153) fle.d   sp, fs5, fs0
core   0: 1 0x00000000800046f0 (0xa28a8153) c1_fflags 0x0000000000000011 x2  0x0000000000000000
core   0: 0x00000000800046f4 (0xc20af753) fcvt.w.d a4, fs5
core   0: 1 0x00000000800046f4 (0xc20af753) c1_fflags 0x0000000000000011 x14 0x000000007fffffff
core   0: 0x00000000800046f8 (0xfbca18b7) lui     a7, 0xfbca1
core   0: 1 0x00000000800046f8 (0xfbca18b7) x17 0xfffffffffbca1000
core   0: 0x00000000800046fc (0x0638889b) addiw   a7, a7, 99
core   0: 1 0x00000000800046fc (0x0638889b) x17 0xfffffffffbca1063
core   0: 0x0000000080004700 (0x000008b2) c.slli  a7, 12
core   0: 1 0x0000000080004700 (0x08b2) x17 0xffffffbca1063000
core   0: 0x0000000080004702 (0x5e188893) addi    a7, a7, 1505
core   0: 1 0x0000000080004702 (0x5e188893) x17 0xffffffbca10635e1
core   0: 0x0000000080004706 (0xc0387d53) fcvt.lu.s s10, fa6
core   0: 1 0x0000000080004706 (0xc0387d53) c1_fflags 0x0000000000000011 x26 0xffffffffffffffff
core   0: 0x000000008000470a (0x01388533) add     a0, a7, s3
core   0: 1 0x000000008000470a (0x01388533) x10 0xffffffbca10635e1
core   0: 0x000000008000470e (0xc0287a53) fcvt.l.s s4, fa6
core   0: 1 0x000000008000470e (0xc0287a53) c1_fflags 0x0000000000000011 x20 0x7fffffffffffffff
core   0: 0x0000000080004712 (0xc225f653) fcvt.l.d a2, fa1
core   0: 1 0x0000000080004712 (0xc225f653) c1_fflags 0x0000000000000011 x12 0x7fffffffffffffff
core   0: 0x0000000080004716 (0x3432d3f3) csrrwi  t2, mtval, 5
core   0: exception trap_illegal_instruction, epc 0x0000000080004716
core   0:           tval 0x000000003432d3f3
core   0: >>>>  $xrv64i2p1_m2p0_a2p1_f2p2_d2p2_zicsr2p0_zifencei2p0_zmmul1p0_zba1p0_zbb1p0_zbc1p0_zbs1p0
core   0: 0x0000000080004000 (0x0080006f) j       pc + 0x8
core   0: 3 0x0000000080004000 (0x0080006f)
core   0: >>>>  mmode_exception_handler
core   0: 0x0000000080004008 (0x00002c17) auipc   s8, 0x2
core   0: 3 0x0000000080004008 (0x00002c17) x24 0x0000000080006008
core   0: 0x000000008000400c (0x04ec0c13) addi    s8, s8, 78
core   0: 3 0x000000008000400c (0x04ec0c13) x24 0x0000000080006056
core   0: 0x0000000080004010 (0x000c00e7) jalr    s8
core   0: 3 0x0000000080004010 (0x000c00e7) x1  0x0000000080004014
core   0: >>>>  any_handler
core   0: 0x0000000080006056 (0x341027f3) csrrs   a5, mepc, zero
core   0: 3 0x0000000080006056 (0x341027f3) x15 0x0000000080004716
core   0: 0x000000008000605a (0x34202773) csrrs   a4, mcause, zero
core   0: 3 0x000000008000605a (0x34202773) x14 0x0000000000000002
core   0: 0x000000008000605e (0x142026f3) csrrs   a3, scause, zero
core   0: 3 0x000000008000605e (0x142026f3) x13 0x0000000000000000
core   0: 0x0000000080006062 (0x30402673) csrrs   a2, mie, zero
core   0: 3 0x0000000080006062 (0x30402673) x12 0x0000000000000a00
core   0: 0x0000000080006066 (0x344025f3) csrrs   a1, mip, zero
core   0: 3 0x0000000080006066 (0x344025f3) x11 0x0000000000000080
core   0: 0x000000008000606a (0x343025f3) csrrs   a1, mtval, zero
core   0: 3 0x000000008000606a (0x343025f3) x11 0x000000003432d3f3
core   0: 0x000000008000606e (0x14302573) csrrs   a0, stval, zero
core   0: 3 0x000000008000606e (0x14302573) x10 0x0000000000000000
core   0: 0x0000000080006072 (0xb02024f3) csrrs   s1, minstret, zero
core   0: 3 0x0000000080006072 (0xb02024f3) x9  0x0000000000000a70
core   0: 0x0000000080006076 (0x0000a811) c.j     pc + 20
core   0: 3 0x0000000080006076 (0xa811)
core   0: >>>>  mepc_4
core   0: 0x000000008000608a (0x00000791) c.addi  a5, 4
core   0: 3 0x000000008000608a (0x0791) x15 0x000000008000471a
core   0: 0x000000008000608c (0x34179073) csrrw   zero, mepc, a5
core   0: 3 0x000000008000608c (0x34179073) c833_mepc 0x000000008000471a
core   0: 0x0000000080006090 (0x30200073) mret
core   0: 3 0x0000000080006090 (0x30200073) c768_mstatus 0x8000000a00106080
core   0: 0x000000008000471a (0x00487833) and     a6, a6, tp
core   0: 1 0x000000008000471a (0x00487833) x16 0x0000000000000000
core   0: 0x000000008000471e (0x1309fed3) fmul.d  ft9, fs3, fa6
core   0: 1 0x000000008000471e (0x1309fed3) f29 0x7ff8000000000000
core   0: 0x0000000080004722 (0x03f25913) srli    s2, tp, 63
core   0: 1 0x0000000080004722 (0x03f25913) x18 0x0000000000000000
core   0: 0x0000000080004726 (0x023c863b) mulw    a2, s9, gp
core   0: 1 0x0000000080004726 (0x023c863b) x12 0x0000000000000001
core   0: 0x000000008000472a (0x408687b3) sub     a5, a3, s0
core   0: 1 0x000000008000472a (0x408687b3) x15 0x0000000000000000
core   0: 0x000000008000472e (0x02f074b3) remu    s1, zero, a5
core   0: 1 0x000000008000472e (0x02f074b3) x9  0x0000000000000000
core   0: 0x0000000080004732 (0xc2167053) fcvt.wu.d zero, fa2
core   0: 1 0x0000000080004732 (0xc2167053) c1_fflags 0x0000000000000011
core   0: 0x0000000080004736 (0x0157c633) xor     a2, a5, s5
core   0: 1 0x0000000080004736 (0x0157c633) x12 0xffffffff9b2d3000
core   0: 0x000000008000473a (0x13137fd3) fmul.d  ft11, ft6, fa7
core   0: 1 0x000000008000473a (0x13137fd3) f31 0x7ff8000000000000
core   0: 0x000000008000473e (0x0ff0000f) fence   iorw,iorw
core   0: 1 0x000000008000473e (0x0ff0000f)
core   0: 0x0000000080004742 (0x001a1bf3) csrrw   s7, fflags, s4
core   0: 1 0x0000000080004742 (0x001a1bf3) x23 0x0000000000000011 c1_fflags 0x000000000000001f
core   0: 0x0000000080004746 (0x026b8233) mul     tp, s7, t1
core   0: 1 0x0000000080004746 (0x026b8233) x4  0x0000000000000000
core   0: 0x000000008000474a (0x023bb933) mulhu   s2, s7, gp
core   0: 1 0x000000008000474a (0x023bb933) x18 0x0000000000000010
core   0: 0x000000008000474e (0x01c6969b) slliw   a3, a3, 28
core   0: 1 0x000000008000474e (0x01c6969b) x13 0x0000000000000000
core   0: 0x0000000080004752 (0x0032db33) srl     s6, t0, gp
core   0: 1 0x0000000080004752 (0x0032db33) x22 0x0000000000000000
core   0: 0x0000000080004756 (0xc006f3f3) csrrci  t2, cycle, 13
core   0: exception trap_illegal_instruction, epc 0x0000000080004756
core   0:           tval 0x00000000c006f3f3
core   0: >>>>  $xrv64i2p1_m2p0_a2p1_f2p2_d2p2_zicsr2p0_zifencei2p0_zmmul1p0_zba1p0_zbb1p0_zbc1p0_zbs1p0
core   0: 0x0000000080004000 (0x0080006f) j       pc + 0x8
core   0: 3 0x0000000080004000 (0x0080006f)
core   0: >>>>  mmode_exception_handler
core   0: 0x0000000080004008 (0x00002c17) auipc   s8, 0x2
core   0: 3 0x0000000080004008 (0x00002c17) x24 0x0000000080006008
core   0: 0x000000008000400c (0x04ec0c13) addi    s8, s8, 78
core   0: 3 0x000000008000400c (0x04ec0c13) x24 0x0000000080006056
core   0: 0x0000000080004010 (0x000c00e7) jalr    s8
core   0: 3 0x0000000080004010 (0x000c00e7) x1  0x0000000080004014
core   0: >>>>  any_handler
core   0: 0x0000000080006056 (0x341027f3) csrrs   a5, mepc, zero
core   0: 3 0x0000000080006056 (0x341027f3) x15 0x0000000080004756
core   0: 0x000000008000605a (0x34202773) csrrs   a4, mcause, zero
core   0: 3 0x000000008000605a (0x34202773) x14 0x0000000000000002
core   0: 0x000000008000605e (0x142026f3) csrrs   a3, scause, zero
core   0: 3 0x000000008000605e (0x142026f3) x13 0x0000000000000000
core   0: 0x0000000080006062 (0x30402673) csrrs   a2, mie, zero
core   0: 3 0x0000000080006062 (0x30402673) x12 0x0000000000000a00
core   0: 0x0000000080006066 (0x344025f3) csrrs   a1, mip, zero
core   0: 3 0x0000000080006066 (0x344025f3) x11 0x0000000000000080
core   0: 0x000000008000606a (0x343025f3) csrrs   a1, mtval, zero
core   0: 3 0x000000008000606a (0x343025f3) x11 0x00000000c006f3f3
core   0: 0x000000008000606e (0x14302573) csrrs   a0, stval, zero
core   0: 3 0x000000008000606e (0x14302573) x10 0x0000000000000000
core   0: 0x0000000080006072 (0xb02024f3) csrrs   s1, minstret, zero
core   0: 3 0x0000000080006072 (0xb02024f3) x9  0x0000000000000a8f
core   0: 0x0000000080006076 (0x0000a811) c.j     pc + 20
core   0: 3 0x0000000080006076 (0xa811)
core   0: >>>>  mepc_4
core   0: 0x000000008000608a (0x00000791) c.addi  a5, 4
core   0: 3 0x000000008000608a (0x0791) x15 0x000000008000475a
core   0: 0x000000008000608c (0x34179073) csrrw   zero, mepc, a5
core   0: 3 0x000000008000608c (0x34179073) c833_mepc 0x000000008000475a
core   0: 0x0000000080006090 (0x30200073) mret
core   0: 3 0x0000000080006090 (0x30200073) c768_mstatus 0x8000000a00106080
core   0: 0x000000008000475a (0xd23e7ed3) fcvt.d.lu ft9, t3
core   0: 1 0x000000008000475a (0xd23e7ed3) f29 0x0000000000000000
core   0: 0x000000008000475e (0x41568733) sub     a4, a3, s5
core   0: 1 0x000000008000475e (0x41568733) x14 0x0000000064d2d000
core   0: 0x0000000080004762 (0x00e75dbb) srlw    s11, a4, a4
core   0: 1 0x0000000080004762 (0x00e75dbb) x27 0x0000000064d2d000
core   0: 0x0000000080004766 (0xd029fbd3) fcvt.s.l fs7, s3
core   0: 1 0x0000000080004766 (0xd029fbd3) f23 0xffffffff00000000
core   0: 0x000000008000476a (0x2787021b) addiw   tp, a4, 632
core   0: 1 0x000000008000476a (0x2787021b) x4  0x0000000064d2d278
core   0: 0x000000008000476e (0x4012519b) sraiw   gp, tp, 1
core   0: 1 0x000000008000476e (0x4012519b) x3  0x000000003269693c
core   0: 0x0000000080004772 (0x0311eabb) remw    s5, gp, a7
core   0: 1 0x0000000080004772 (0x0311eabb) x21 0x000000003269693c
core   0: 0x0000000080004776 (0xc2047dd3) fcvt.w.d s11, fs0
core   0: 1 0x0000000080004776 (0xc2047dd3) c1_fflags 0x000000000000001f x27 0x000000007fffffff
core   0: 0x000000008000477a (0x0315553b) divuw   a0, a0, a7
core   0: 1 0x000000008000477a (0x0315553b) x10 0x0000000000000000
core   0: 0x000000008000477e (0xfe357d93) andi    s11, a0, -29
core   0: 1 0x000000008000477e (0xfe357d93) x27 0x0000000000000000
core   0: 0x0000000080004782 (0xf20288d3) fmv.d.x fa7, t0
core   0: 1 0x0000000080004782 (0xf20288d3) f17 0x0000000000005380
core   0: 0x0000000080004786 (0x02007653) fadd.d  fa2, ft0, ft0
core   0: 1 0x0000000080004786 (0x02007653) f12 0x8000000000000000
core   0: 0x000000008000478a (0xd03576d3) fcvt.s.lu fa3, a0
core   0: 1 0x000000008000478a (0xd03576d3) f13 0xffffffff00000000
core   0: 0x000000008000478e (0x01be193b) sllw    s2, t3, s11
core   0: 1 0x000000008000478e (0x01be193b) x18 0x0000000000000000
core   0: 0x0000000080004792 (0x03490633) mul     a2, s2, s4
core   0: 1 0x0000000080004792 (0x03490633) x12 0x0000000000000000
core   0: 0x0000000080004796 (0xf9af07b7) lui     a5, 0xf9af0
core   0: 1 0x0000000080004796 (0xf9af07b7) x15 0xfffffffff9af0000
core   0: 0x000000008000479a (0xc377879b) addiw   a5, a5, -969
core   0: 1 0x000000008000479a (0xc377879b) x15 0xfffffffff9aefc37
core   0: 0x000000008000479e (0x000007b2) c.slli  a5, 12
core   0: 1 0x000000008000479e (0x07b2) x15 0xffffff9aefc37000
core   0: 0x00000000800047a0 (0x59c78793) addi    a5, a5, 1436
core   0: 1 0x00000000800047a0 (0x59c78793) x15 0xffffff9aefc3759c
core   0: 0x00000000800047a4 (0x22d89cd3) fsgnjn.d fs9, fa7, fa3
core   0: 1 0x00000000800047a4 (0x22d89cd3) f25 0x0000000000005380
core   0: 0x00000000800047a8 (0x01b30833) add     a6, t1, s11
core   0: 1 0x00000000800047a8 (0x01b30833) x16 0x0000000000000000
core   0: 0x00000000800047ac (0x00000001) c.nop
core   0: 1 0x00000000800047ac (0x0001)
core   0: 0x00000000800047ae (0xc296f2cf) fnmadd.d ft5, fa3, fs1, fs8
core   0: 1 0x00000000800047ae (0xc296f2cf) f5  0x7ff8000000000000
core   0: 0x00000000800047b2 (0x4182ddb3) sra     s11, t0, s8
core   0: 1 0x00000000800047b2 (0x4182ddb3) x27 0x0000000000000000
core   0: 0x00000000800047b6 (0x8002e393) ori     t2, t0, -2048
core   0: 1 0x00000000800047b6 (0x8002e393) x7  0xfffffffffffffb80
core   0: 0x00000000800047ba (0x2be4fecf) fnmadd.d ft9, fs1, ft10, ft5
core   0: 1 0x00000000800047ba (0x2be4fecf) f29 0x7ff8000000000000
core   0: 0x00000000800047be (0x40e9d23b) sraw    tp, s3, a4
core   0: 1 0x00000000800047be (0x40e9d23b) x4  0x0000000000000000
core   0: 0x00000000800047c2 (0x02f0e9bb) remw    s3, ra, a5
core   0: 1 0x00000000800047c2 (0x02f0e9bb) x19 0xfffffffff1a808d0
core   0: 0x00000000800047c6 (0x00f1f333) and     t1, gp, a5
core   0: 1 0x00000000800047c6 (0x00f1f333) x6  0x000000002241611c
core   0: 0x00000000800047ca (0x0154e433) or      s0, s1, s5
core   0: 1 0x00000000800047ca (0x0154e433) x8  0x0000000032696bbf
core   0: 0x00000000800047ce (0x00241773) csrrw   a4, frm, s0
core   0: 1 0x00000000800047ce (0x00241773) x14 0x0000000000000000 c2_frm 0x0000000000000007
core   0: 0x00000000800047d2 (0x6bd0704f) fnmadd.d ft0, ft0, ft9, fa3
core   0: exception trap_illegal_instruction, epc 0x00000000800047d2
core   0:           tval 0x000000006bd0704f
core   0: >>>>  $xrv64i2p1_m2p0_a2p1_f2p2_d2p2_zicsr2p0_zifencei2p0_zmmul1p0_zba1p0_zbb1p0_zbc1p0_zbs1p0
core   0: 0x0000000080004000 (0x0080006f) j       pc + 0x8
core   0: 3 0x0000000080004000 (0x0080006f)
core   0: >>>>  mmode_exception_handler
core   0: 0x0000000080004008 (0x00002c17) auipc   s8, 0x2
core   0: 3 0x0000000080004008 (0x00002c17) x24 0x0000000080006008
core   0: 0x000000008000400c (0x04ec0c13) addi    s8, s8, 78
core   0: 3 0x000000008000400c (0x04ec0c13) x24 0x0000000080006056
core   0: 0x0000000080004010 (0x000c00e7) jalr    s8
core   0: 3 0x0000000080004010 (0x000c00e7) x1  0x0000000080004014
core   0: >>>>  any_handler
core   0: 0x0000000080006056 (0x341027f3) csrrs   a5, mepc, zero
core   0: 3 0x0000000080006056 (0x341027f3) x15 0x00000000800047d2
core   0: 0x000000008000605a (0x34202773) csrrs   a4, mcause, zero
core   0: 3 0x000000008000605a (0x34202773) x14 0x0000000000000002
core   0: 0x000000008000605e (0x142026f3) csrrs   a3, scause, zero
core   0: 3 0x000000008000605e (0x142026f3) x13 0x0000000000000000
core   0: 0x0000000080006062 (0x30402673) csrrs   a2, mie, zero
core   0: 3 0x0000000080006062 (0x30402673) x12 0x0000000000000a00
core   0: 0x0000000080006066 (0x344025f3) csrrs   a1, mip, zero
core   0: 3 0x0000000080006066 (0x344025f3) x11 0x0000000000000080
core   0: 0x000000008000606a (0x343025f3) csrrs   a1, mtval, zero
core   0: 3 0x000000008000606a (0x343025f3) x11 0x000000006bd0704f
core   0: 0x000000008000606e (0x14302573) csrrs   a0, stval, zero
core   0: 3 0x000000008000606e (0x14302573) x10 0x0000000000000000
core   0: 0x0000000080006072 (0xb02024f3) csrrs   s1, minstret, zero
core   0: 3 0x0000000080006072 (0xb02024f3) x9  0x0000000000000abe
core   0: 0x0000000080006076 (0x0000a811) c.j     pc + 20
core   0: 3 0x0000000080006076 (0xa811)
core   0: >>>>  mepc_4
core   0: 0x000000008000608a (0x00000791) c.addi  a5, 4
core   0: 3 0x000000008000608a (0x0791) x15 0x00000000800047d6
core   0: 0x000000008000608c (0x34179073) csrrw   zero, mepc, a5
core   0: 3 0x000000008000608c (0x34179073) c833_mepc 0x00000000800047d6
core   0: 0x0000000080006090 (0x30200073) mret
core   0: 3 0x0000000080006090 (0x30200073) c768_mstatus 0x8000000a00106080
core   0: 0x00000000800047d6 (0x104458f3) csrrwi  a7, sie, 8
core   0: 1 0x00000000800047d6 (0x104458f3) x17 0x0000000000000000 c772_mie 0x0000000000000a00
core   0: 0x00000000800047da (0x02b7643b) remw    s0, a4, a1
core   0: 1 0x00000000800047da (0x02b7643b) x8  0x0000000000000002
core   0: 0x00000000800047de (0x036c66bb) remw    a3, s8, s6
core   0: 1 0x00000000800047de (0x036c66bb) x13 0xffffffff80006056
core   0: 0x00000000800047e2 (0x0246c2b3) div     t0, a3, tp
core   0: 1 0x00000000800047e2 (0x0246c2b3) x5  0xffffffffffffffff
core   0: 0x00000000800047e6 (0x2a0183d3) fmin.d  ft7, ft3, ft0
core   0: 1 0x00000000800047e6 (0x2a0183d3) f7  0x8000000000000000
core   0: 0x00000000800047ea (0xc67b0b13) addi    s6, s6, -921
core   0: 1 0x00000000800047ea (0xc67b0b13) x22 0xfffffffffffffc67
core   0: 0x00000000800047ee (0x85e68337) lui     t1, 0x85e68
core   0: 1 0x00000000800047ee (0x85e68337) x6  0xffffffff85e68000
core   0: 0x00000000800047f2 (0xc203fed3) fcvt.w.d t4, ft7
core   0: exception trap_illegal_instruction, epc 0x00000000800047f2
core   0:           tval 0x00000000c203fed3
core   0: >>>>  $xrv64i2p1_m2p0_a2p1_f2p2_d2p2_zicsr2p0_zifencei2p0_zmmul1p0_zba1p0_zbb1p0_zbc1p0_zbs1p0
core   0: 0x0000000080004000 (0x0080006f) j       pc + 0x8
core   0: 3 0x0000000080004000 (0x0080006f)
core   0: >>>>  mmode_exception_handler
core   0: 0x0000000080004008 (0x00002c17) auipc   s8, 0x2
core   0: 3 0x0000000080004008 (0x00002c17) x24 0x0000000080006008
core   0: 0x000000008000400c (0x04ec0c13) addi    s8, s8, 78
core   0: 3 0x000000008000400c (0x04ec0c13) x24 0x0000000080006056
core   0: 0x0000000080004010 (0x000c00e7) jalr    s8
core   0: 3 0x0000000080004010 (0x000c00e7) x1  0x0000000080004014
core   0: >>>>  any_handler
core   0: 0x0000000080006056 (0x341027f3) csrrs   a5, mepc, zero
core   0: 3 0x0000000080006056 (0x341027f3) x15 0x00000000800047f2
core   0: 0x000000008000605a (0x34202773) csrrs   a4, mcause, zero
core   0: 3 0x000000008000605a (0x34202773) x14 0x0000000000000002
core   0: 0x000000008000605e (0x142026f3) csrrs   a3, scause, zero
core   0: 3 0x000000008000605e (0x142026f3) x13 0x0000000000000000
core   0: 0x0000000080006062 (0x30402673) csrrs   a2, mie, zero
core   0: 3 0x0000000080006062 (0x30402673) x12 0x0000000000000a00
core   0: 0x0000000080006066 (0x344025f3) csrrs   a1, mip, zero
core   0: 3 0x0000000080006066 (0x344025f3) x11 0x0000000000000080
core   0: 0x000000008000606a (0x343025f3) csrrs   a1, mtval, zero
core   0: 3 0x000000008000606a (0x343025f3) x11 0x00000000c203fed3
core   0: 0x000000008000606e (0x14302573) csrrs   a0, stval, zero
core   0: 3 0x000000008000606e (0x14302573) x10 0x0000000000000000
core   0: 0x0000000080006072 (0xb02024f3) csrrs   s1, minstret, zero
core   0: 3 0x0000000080006072 (0xb02024f3) x9  0x0000000000000ad5
core   0: 0x0000000080006076 (0x0000a811) c.j     pc + 20
core   0: 3 0x0000000080006076 (0xa811)
core   0: >>>>  mepc_4
core   0: 0x000000008000608a (0x00000791) c.addi  a5, 4
core   0: 3 0x000000008000608a (0x0791) x15 0x00000000800047f6
core   0: 0x000000008000608c (0x34179073) csrrw   zero, mepc, a5
core   0: 3 0x000000008000608c (0x34179073) c833_mepc 0x00000000800047f6
core   0: 0x0000000080006090 (0x30200073) mret
core   0: 3 0x0000000080006090 (0x30200073) c768_mstatus 0x8000000a00106080
core   0: 0x00000000800047f6 (0xf2070953) fmv.d.x fs2, a4
core   0: 1 0x00000000800047f6 (0xf2070953) f18 0x0000000000000002
core   0: 0x00000000800047fa (0xc03c7653) fcvt.lu.s a2, fs8
core   0: exception trap_illegal_instruction, epc 0x00000000800047fa
core   0:           tval 0x00000000c03c7653
core   0: >>>>  $xrv64i2p1_m2p0_a2p1_f2p2_d2p2_zicsr2p0_zifencei2p0_zmmul1p0_zba1p0_zbb1p0_zbc1p0_zbs1p0
core   0: 0x0000000080004000 (0x0080006f) j       pc + 0x8
core   0: 3 0x0000000080004000 (0x0080006f)
core   0: >>>>  mmode_exception_handler
core   0: 0x0000000080004008 (0x00002c17) auipc   s8, 0x2
core   0: 3 0x0000000080004008 (0x00002c17) x24 0x0000000080006008
core   0: 0x000000008000400c (0x04ec0c13) addi    s8, s8, 78
core   0: 3 0x000000008000400c (0x04ec0c13) x24 0x0000000080006056
core   0: 0x0000000080004010 (0x000c00e7) jalr    s8
core   0: 3 0x0000000080004010 (0x000c00e7) x1  0x0000000080004014
core   0: >>>>  any_handler
core   0: 0x0000000080006056 (0x341027f3) csrrs   a5, mepc, zero
core   0: 3 0x0000000080006056 (0x341027f3) x15 0x00000000800047fa
core   0: 0x000000008000605a (0x34202773) csrrs   a4, mcause, zero
core   0: 3 0x000000008000605a (0x34202773) x14 0x0000000000000002
core   0: 0x000000008000605e (0x142026f3) csrrs   a3, scause, zero
core   0: 3 0x000000008000605e (0x142026f3) x13 0x0000000000000000
core   0: 0x0000000080006062 (0x30402673) csrrs   a2, mie, zero
core   0: 3 0x0000000080006062 (0x30402673) x12 0x0000000000000a00
core   0: 0x0000000080006066 (0x344025f3) csrrs   a1, mip, zero
core   0: 3 0x0000000080006066 (0x344025f3) x11 0x0000000000000080
core   0: 0x000000008000606a (0x343025f3) csrrs   a1, mtval, zero
core   0: 3 0x000000008000606a (0x343025f3) x11 0x00000000c03c7653
core   0: 0x000000008000606e (0x14302573) csrrs   a0, stval, zero
core   0: 3 0x000000008000606e (0x14302573) x10 0x0000000000000000
core   0: 0x0000000080006072 (0xb02024f3) csrrs   s1, minstret, zero
core   0: 3 0x0000000080006072 (0xb02024f3) x9  0x0000000000000ae6
core   0: 0x0000000080006076 (0x0000a811) c.j     pc + 20
core   0: 3 0x0000000080006076 (0xa811)
core   0: >>>>  mepc_4
core   0: 0x000000008000608a (0x00000791) c.addi  a5, 4
core   0: 3 0x000000008000608a (0x0791) x15 0x00000000800047fe
core   0: 0x000000008000608c (0x34179073) csrrw   zero, mepc, a5
core   0: 3 0x000000008000608c (0x34179073) c833_mepc 0x00000000800047fe
core   0: 0x0000000080006090 (0x30200073) mret
core   0: 3 0x0000000080006090 (0x30200073) c768_mstatus 0x8000000a00106080
core   0: 0x00000000800047fe (0x01579c3b) sllw    s8, a5, s5
core   0: 1 0x00000000800047fe (0x01579c3b) x24 0xffffffffe0000000
core   0: 0x0000000080004802 (0x02540eb3) mul     t4, s0, t0
core   0: 1 0x0000000080004802 (0x02540eb3) x29 0xfffffffffffffffe
core   0: 0x0000000080004806 (0xc23071d3) fcvt.lu.d gp, ft0
core   0: exception trap_illegal_instruction, epc 0x0000000080004806
core   0:           tval 0x00000000c23071d3
core   0: >>>>  $xrv64i2p1_m2p0_a2p1_f2p2_d2p2_zicsr2p0_zifencei2p0_zmmul1p0_zba1p0_zbb1p0_zbc1p0_zbs1p0
core   0: 0x0000000080004000 (0x0080006f) j       pc + 0x8
core   0: 3 0x0000000080004000 (0x0080006f)
core   0: >>>>  mmode_exception_handler
core   0: 0x0000000080004008 (0x00002c17) auipc   s8, 0x2
core   0: 3 0x0000000080004008 (0x00002c17) x24 0x0000000080006008
core   0: 0x000000008000400c (0x04ec0c13) addi    s8, s8, 78
core   0: 3 0x000000008000400c (0x04ec0c13) x24 0x0000000080006056
core   0: 0x0000000080004010 (0x000c00e7) jalr    s8
core   0: 3 0x0000000080004010 (0x000c00e7) x1  0x0000000080004014
core   0: >>>>  any_handler
core   0: 0x0000000080006056 (0x341027f3) csrrs   a5, mepc, zero
core   0: 3 0x0000000080006056 (0x341027f3) x15 0x0000000080004806
core   0: 0x000000008000605a (0x34202773) csrrs   a4, mcause, zero
core   0: 3 0x000000008000605a (0x34202773) x14 0x0000000000000002
core   0: 0x000000008000605e (0x142026f3) csrrs   a3, scause, zero
core   0: 3 0x000000008000605e (0x142026f3) x13 0x0000000000000000
core   0: 0x0000000080006062 (0x30402673) csrrs   a2, mie, zero
core   0: 3 0x0000000080006062 (0x30402673) x12 0x0000000000000a00
core   0: 0x0000000080006066 (0x344025f3) csrrs   a1, mip, zero
core   0: 3 0x0000000080006066 (0x344025f3) x11 0x0000000000000080
core   0: 0x000000008000606a (0x343025f3) csrrs   a1, mtval, zero
core   0: 3 0x000000008000606a (0x343025f3) x11 0x00000000c23071d3
core   0: 0x000000008000606e (0x14302573) csrrs   a0, stval, zero
core   0: 3 0x000000008000606e (0x14302573) x10 0x0000000000000000
core   0: 0x0000000080006072 (0xb02024f3) csrrs   s1, minstret, zero
core   0: 3 0x0000000080006072 (0xb02024f3) x9  0x0000000000000af8
core   0: 0x0000000080006076 (0x0000a811) c.j     pc + 20
core   0: 3 0x0000000080006076 (0xa811)
core   0: >>>>  mepc_4
core   0: 0x000000008000608a (0x00000791) c.addi  a5, 4
core   0: 3 0x000000008000608a (0x0791) x15 0x000000008000480a
core   0: 0x000000008000608c (0x34179073) csrrw   zero, mepc, a5
core   0: 3 0x000000008000608c (0x34179073) c833_mepc 0x000000008000480a
core   0: 0x0000000080006090 (0x30200073) mret
core   0: 3 0x0000000080006090 (0x30200073) c768_mstatus 0x8000000a00106080
core   0: 0x000000008000480a (0x008d5d33) srl     s10, s10, s0
core   0: 1 0x000000008000480a (0x008d5d33) x26 0x3fffffffffffffff
core   0: 0x000000008000480e (0x028b56bb) divuw   a3, s6, s0
core   0: 1 0x000000008000480e (0x028b56bb) x13 0x000000007ffffe33
core   0: 0x0000000080004812 (0x00079b9b) slliw   s7, a5, 0
core   0: 1 0x0000000080004812 (0x00079b9b) x23 0xffffffff8000480a
core   0: 0x0000000080004816 (0x41755233) sra     tp, a0, s7
core   0: 1 0x0000000080004816 (0x41755233) x4  0x0000000000000000
core   0: 0x000000008000481a (0x01ab999b) slliw   s3, s7, 26
core   0: 1 0x000000008000481a (0x01ab999b) x19 0x0000000028000000
core   0: 0x000000008000481e (0x2a728c53) fmin.d  fs8, ft5, ft7
core   0: 1 0x000000008000481e (0x2a728c53) f24 0x8000000000000000
core   0: 0x0000000080004822 (0x41c1513b) sraw    sp, sp, t3
core   0: 1 0x0000000080004822 (0x41c1513b) x2  0x0000000000000000
core   0: 0x0000000080004826 (0x00102c73) csrrs   s8, fflags, zero
core   0: 1 0x0000000080004826 (0x00102c73) x24 0x000000000000001f
core   0: 0x000000008000482a (0x007c7e33) and     t3, s8, t2
core   0: 1 0x000000008000482a (0x007c7e33) x28 0x0000000000000000
core   0: 0x000000008000482e (0x028614b3) mulh    s1, a2, s0
core   0: 1 0x000000008000482e (0x028614b3) x9  0x0000000000000000
core   0: 0x0000000080004832 (0x00102173) csrrs   sp, fflags, zero
core   0: 1 0x0000000080004832 (0x00102173) x2  0x000000000000001f
core   0: 0x0000000080004836 (0x0265ccbb) divw    s9, a1, t1
core   0: 1 0x0000000080004836 (0x0265ccbb) x25 0x0000000000000000
core   0: 0x000000008000483a (0x400d5393) srai    t2, s10, 0
core   0: 1 0x000000008000483a (0x400d5393) x7  0x3fffffffffffffff
core   0: 0x000000008000483e (0x00271b73) csrrw   s6, frm, a4
core   0: 1 0x000000008000483e (0x00271b73) x22 0x0000000000000007 c2_frm 0x0000000000000002
core   0: 0x0000000080004842 (0x4039093b) subw    s2, s2, gp
core   0: 1 0x0000000080004842 (0x4039093b) x18 0xffffffffcd9696c4
core   0: 0x0000000080004846 (0x8199cb13) xori    s6, s3, -2023
core   0: 1 0x0000000080004846 (0x8199cb13) x22 0xffffffffd7fff819
core   0: 0x000000008000484a (0x00c9963b) sllw    a2, s3, a2
core   0: 1 0x000000008000484a (0x00c9963b) x12 0x0000000028000000
core   0: 0x000000008000484e (0x5a0679d3) fsqrt.d fs3, fa2
core   0: 1 0x000000008000484e (0x5a0679d3) f19 0x8000000000000000
core   0: 0x0000000080004852 (0x00765a9b) srliw   s5, a2, 7
core   0: 1 0x0000000080004852 (0x00765a9b) x21 0x0000000000500000
core   0: 0x0000000080004856 (0x400bd413) srai    s0, s7, 0
core   0: 1 0x0000000080004856 (0x400bd413) x8  0xffffffff8000480a
core   0: 0x000000008000485a (0x401d5a1b) sraiw   s4, s10, 1
core   0: 1 0x000000008000485a (0x401d5a1b) x20 0xffffffffffffffff
core   0: 0x000000008000485e (0xd22d7953) fcvt.d.l fs2, s10
core   0: 1 0x000000008000485e (0xd22d7953) c1_fflags 0x000000000000001f f18 0x43cfffffffffffff
core   0: 0x0000000080004862 (0x0294e4b3) rem     s1, s1, s1
core   0: 1 0x0000000080004862 (0x0294e4b3) x9  0x0000000000000000
core   0: 0x0000000080004866 (0x419cdcbb) sraw    s9, s9, s9
core   0: 1 0x0000000080004866 (0x419cdcbb) x25 0x0000000000000000
core   0: 0x000000008000486a (0x00531e1b) slliw   t3, t1, 5
core   0: 1 0x000000008000486a (0x00531e1b) x28 0xffffffffbcd00000
core   0: 0x000000008000486e (0x00630db3) add     s11, t1, t1
core   0: 1 0x000000008000486e (0x00630db3) x27 0xffffffff0bcd0000
core   0: 0x0000000080004872 (0x00000001) c.nop
core   0: 1 0x0000000080004872 (0x0001)
core   0: 0x0000000080004874 (0x7ff1f193) andi    gp, gp, 2047
core   0: 1 0x0000000080004874 (0x7ff1f193) x3  0x000000000000013c
core   0: 0x0000000080004878 (0xa3218c53) fle.d   s8, ft3, fs2
core   0: 1 0x0000000080004878 (0xa3218c53) c1_fflags 0x000000000000001f x24 0x0000000000000000
core   0: 0x000000008000487c (0x000e9313) slli    t1, t4, 0
core   0: 1 0x000000008000487c (0x000e9313) x6  0xfffffffffffffffe
core   0: 0x0000000080004880 (0x018299bb) sllw    s3, t0, s8
core   0: 1 0x0000000080004880 (0x018299bb) x19 0xffffffffffffffff
core   0: 0x0000000080004884 (0x001027f3) csrrs   a5, fflags, zero
core   0: 1 0x0000000080004884 (0x001027f3) x15 0x000000000000001f
core   0: 0x0000000080004888 (0x0073571b) srliw   a4, t1, 7
core   0: 1 0x0000000080004888 (0x0073571b) x14 0x0000000001ffffff
core   0: 0x000000008000488c (0x01fe939b) slliw   t2, t4, 31
core   0: 1 0x000000008000488c (0x01fe939b) x7  0x0000000000000000
core   0: 0x0000000080004890 (0x0283523b) divuw   tp, t1, s0
core   0: 1 0x0000000080004890 (0x0283523b) x4  0x0000000000000001
core   0: 0x0000000080004894 (0x420f87d3) fcvt.d.s fa5, ft11
core   0: 1 0x0000000080004894 (0x420f87d3) f15 0x7ff8000000000000
core   0: 0x0000000080004898 (0x694e8c93) addi    s9, t4, 1684
core   0: 1 0x0000000080004898 (0x694e8c93) x25 0x0000000000000692
core   0: 0x000000008000489c (0x01dcfbb3) and     s7, s9, t4
core   0: 1 0x000000008000489c (0x01dcfbb3) x23 0x0000000000000692
core   0: 0x00000000800048a0 (0x01965d3b) srlw    s10, a2, s9
core   0: 1 0x00000000800048a0 (0x01965d3b) x26 0x0000000000000a00
core   0: 0x00000000800048a4 (0x0223d533) divu    a0, t2, sp
core   0: 1 0x00000000800048a4 (0x0223d533) x10 0x0000000000000000
core   0: 0x00000000800048a8 (0x00e49b13) slli    s6, s1, 14
core   0: 1 0x00000000800048a8 (0x00e49b13) x22 0x0000000000000000
core   0: 0x00000000800048ac (0x41ab01bb) subw    gp, s6, s10
core   0: 1 0x00000000800048ac (0x41ab01bb) x3  0xfffffffffffff600
core   0: 0x00000000800048b0 (0x7bb8f44f) fnmadd.d fs0, fa7, fs11, fa5
core   0: 1 0x00000000800048b0 (0x7bb8f44f) f8  0x7ff8000000000000
core   0: 0x00000000800048b4 (0x0ff0000f) fence   iorw,iorw
core   0: 1 0x00000000800048b4 (0x0ff0000f)
core   0: 0x00000000800048b8 (0x00274533) xor     a0, a4, sp
core   0: 1 0x00000000800048b8 (0x00274533) x10 0x0000000001ffffe0
core   0: 0x00000000800048bc (0x03425a33) divu    s4, tp, s4
core   0: 1 0x00000000800048bc (0x03425a33) x20 0x0000000000000000
core   0: 0x00000000800048c0 (0x40127953) fcvt.s.d fs2, ft4
core   0: 1 0x00000000800048c0 (0x40127953) f18 0xffffffff7fc00000
core   0: 0x00000000800048c4 (0x008a4eb3) xor     t4, s4, s0
core   0: 1 0x00000000800048c4 (0x008a4eb3) x29 0xffffffff8000480a
core   0: 0x00000000800048c8 (0x03d1d6b3) divu    a3, gp, t4
core   0: 1 0x00000000800048c8 (0x03d1d6b3) x13 0x0000000000000001
core   0: 0x00000000800048cc (0x0ff0000f) fence   iorw,iorw
core   0: 1 0x00000000800048cc (0x0ff0000f)
core   0: 0x00000000800048d0 (0x2b1398d3) fmax.d  fa7, ft7, fa7
core   0: 1 0x00000000800048d0 (0x2b1398d3) f17 0x0000000000005380
core   0: 0x00000000800048d4 (0x00500033) add     zero, zero, t0
core   0: 1 0x00000000800048d4 (0x00500033)
core   0: 0x00000000800048d8 (0x00801433) sll     s0, zero, s0
core   0: 1 0x00000000800048d8 (0x00801433) x8  0x0000000000000000
core   0: 0x00000000800048dc (0x01079abb) sllw    s5, a5, a6
core   0: 1 0x00000000800048dc (0x01079abb) x21 0x000000000000001f
core   0: 0x00000000800048e0 (0x0003dd9b) srliw   s11, t2, 0
core   0: 1 0x00000000800048e0 (0x0003dd9b) x27 0x0000000000000000
core   0: 0x00000000800048e4 (0x03ce04b3) mul     s1, t3, t3
core   0: 1 0x00000000800048e4 (0x03ce04b3) x9  0x11a2290000000000
core   0: 0x00000000800048e8 (0x002e9ef3) csrrw   t4, frm, t4
core   0: 1 0x00000000800048e8 (0x002e9ef3) x29 0x0000000000000002 c2_frm 0x0000000000000002
core   0: 0x00000000800048ec (0x00000001) c.nop
core   0: 1 0x00000000800048ec (0x0001)
core   0: 0x00000000800048ee (0x23b58053) fsgnj.d ft0, fa1, fs11
core   0: 1 0x00000000800048ee (0x23b58053) f0  0x7ff8000000000000
core   0: 0x00000000800048f2 (0x41be59bb) sraw    s3, t3, s11
core   0: 1 0x00000000800048f2 (0x41be59bb) x19 0xffffffffbcd00000
core   0: 0x00000000800048f6 (0x0294f93b) remuw   s2, s1, s1
core   0: 1 0x00000000800048f6 (0x0294f93b) x18 0x0000000000000000
core   0: 0x00000000800048fa (0xf1262d73) csrrs   s10, marchid, a2
core   0: exception trap_illegal_instruction, epc 0x00000000800048fa
core   0:           tval 0x00000000f1262d73
core   0: >>>>  $xrv64i2p1_m2p0_a2p1_f2p2_d2p2_zicsr2p0_zifencei2p0_zmmul1p0_zba1p0_zbb1p0_zbc1p0_zbs1p0
core   0: 0x0000000080004000 (0x0080006f) j       pc + 0x8
core   0: 3 0x0000000080004000 (0x0080006f)
core   0: >>>>  mmode_exception_handler
core   0: 0x0000000080004008 (0x00002c17) auipc   s8, 0x2
core   0: 3 0x0000000080004008 (0x00002c17) x24 0x0000000080006008
core   0: 0x000000008000400c (0x04ec0c13) addi    s8, s8, 78
core   0: 3 0x000000008000400c (0x04ec0c13) x24 0x0000000080006056
core   0: 0x0000000080004010 (0x000c00e7) jalr    s8
core   0: 3 0x0000000080004010 (0x000c00e7) x1  0x0000000080004014
core   0: >>>>  any_handler
core   0: 0x0000000080006056 (0x341027f3) csrrs   a5, mepc, zero
core   0: 3 0x0000000080006056 (0x341027f3) x15 0x00000000800048fa
core   0: 0x000000008000605a (0x34202773) csrrs   a4, mcause, zero
core   0: 3 0x000000008000605a (0x34202773) x14 0x0000000000000002
core   0: 0x000000008000605e (0x142026f3) csrrs   a3, scause, zero
core   0: 3 0x000000008000605e (0x142026f3) x13 0x0000000000000000
core   0: 0x0000000080006062 (0x30402673) csrrs   a2, mie, zero
core   0: 3 0x0000000080006062 (0x30402673) x12 0x0000000000000a00
core   0: 0x0000000080006066 (0x344025f3) csrrs   a1, mip, zero
core   0: 3 0x0000000080006066 (0x344025f3) x11 0x0000000000000080
core   0: 0x000000008000606a (0x343025f3) csrrs   a1, mtval, zero
core   0: 3 0x000000008000606a (0x343025f3) x11 0x00000000f1262d73
core   0: 0x000000008000606e (0x14302573) csrrs   a0, stval, zero
core   0: 3 0x000000008000606e (0x14302573) x10 0x0000000000000000
core   0: 0x0000000080006072 (0xb02024f3) csrrs   s1, minstret, zero
core   0: 3 0x0000000080006072 (0xb02024f3) x9  0x0000000000000b45
core   0: 0x0000000080006076 (0x0000a811) c.j     pc + 20
core   0: 3 0x0000000080006076 (0xa811)
core   0: >>>>  mepc_4
core   0: 0x000000008000608a (0x00000791) c.addi  a5, 4
core   0: 3 0x000000008000608a (0x0791) x15 0x00000000800048fe
core   0: 0x000000008000608c (0x34179073) csrrw   zero, mepc, a5
core   0: 3 0x000000008000608c (0x34179073) c833_mepc 0x00000000800048fe
core   0: 0x0000000080006090 (0x30200073) mret
core   0: 3 0x0000000080006090 (0x30200073) c768_mstatus 0x8000000a00106080
core   0: 0x00000000800048fe (0x23b605d3) fsgnj.d fa1, fa2, fs11
core   0: 1 0x00000000800048fe (0x23b605d3) f11 0x0000000000000000
core   0: 0x0000000080004902 (0x012c181b) slliw   a6, s8, 18
core   0: 1 0x0000000080004902 (0x012c181b) x16 0xffffffff81580000
core   0: 0x0000000080004906 (0x2a2b06d3) fmin.d  fa3, fs6, ft2
core   0: 1 0x0000000080004906 (0x2a2b06d3) f13 0x0000000000000000
core   0: 0x000000008000490a (0x40ad8ebb) subw    t4, s11, a0
core   0: 1 0x000000008000490a (0x40ad8ebb) x29 0x0000000000000000
core   0: 0x000000008000490e (0x5a06f953) fsqrt.d fs2, fa3
core   0: 1 0x000000008000490e (0x5a06f953) f18 0x0000000000000000
core   0: 0x0000000080004912 (0x03038733) mul     a4, t2, a6
core   0: 1 0x0000000080004912 (0x03038733) x14 0x0000000000000000
core   0: 0x0000000080004916 (0x03b30333) mul     t1, t1, s11
core   0: 1 0x0000000080004916 (0x03b30333) x6  0x0000000000000000
core   0: 0x000000008000491a (0x2bde8753) fmin.d  fa4, ft9, ft9
core   0: 1 0x000000008000491a (0x2bde8753) f14 0x7ff8000000000000
core   0: 0x000000008000491e (0xc030f873) csrrci  a6, hpmcounter3, 1
core   0: exception trap_illegal_instruction, epc 0x000000008000491e
core   0:           tval 0x00000000c030f873
core   0: >>>>  $xrv64i2p1_m2p0_a2p1_f2p2_d2p2_zicsr2p0_zifencei2p0_zmmul1p0_zba1p0_zbb1p0_zbc1p0_zbs1p0
core   0: 0x0000000080004000 (0x0080006f) j       pc + 0x8
core   0: 3 0x0000000080004000 (0x0080006f)
core   0: >>>>  mmode_exception_handler
core   0: 0x0000000080004008 (0x00002c17) auipc   s8, 0x2
core   0: 3 0x0000000080004008 (0x00002c17) x24 0x0000000080006008
core   0: 0x000000008000400c (0x04ec0c13) addi    s8, s8, 78
core   0: 3 0x000000008000400c (0x04ec0c13) x24 0x0000000080006056
core   0: 0x0000000080004010 (0x000c00e7) jalr    s8
core   0: 3 0x0000000080004010 (0x000c00e7) x1  0x0000000080004014
core   0: >>>>  any_handler
core   0: 0x0000000080006056 (0x341027f3) csrrs   a5, mepc, zero
core   0: 3 0x0000000080006056 (0x341027f3) x15 0x000000008000491e
core   0: 0x000000008000605a (0x34202773) csrrs   a4, mcause, zero
core   0: 3 0x000000008000605a (0x34202773) x14 0x0000000000000002
core   0: 0x000000008000605e (0x142026f3) csrrs   a3, scause, zero
core   0: 3 0x000000008000605e (0x142026f3) x13 0x0000000000000000
core   0: 0x0000000080006062 (0x30402673) csrrs   a2, mie, zero
core   0: 3 0x0000000080006062 (0x30402673) x12 0x0000000000000a00
core   0: 0x0000000080006066 (0x344025f3) csrrs   a1, mip, zero
core   0: 3 0x0000000080006066 (0x344025f3) x11 0x0000000000000080
core   0: 0x000000008000606a (0x343025f3) csrrs   a1, mtval, zero
core   0: 3 0x000000008000606a (0x343025f3) x11 0x00000000c030f873
core   0: 0x000000008000606e (0x14302573) csrrs   a0, stval, zero
core   0: 3 0x000000008000606e (0x14302573) x10 0x0000000000000000
core   0: 0x0000000080006072 (0xb02024f3) csrrs   s1, minstret, zero
core   0: 3 0x0000000080006072 (0xb02024f3) x9  0x0000000000000b5d
core   0: 0x0000000080006076 (0x0000a811) c.j     pc + 20
core   0: 3 0x0000000080006076 (0xa811)
core   0: >>>>  mepc_4
core   0: 0x000000008000608a (0x00000791) c.addi  a5, 4
core   0: 3 0x000000008000608a (0x0791) x15 0x0000000080004922
core   0: 0x000000008000608c (0x34179073) csrrw   zero, mepc, a5
core   0: 3 0x000000008000608c (0x34179073) c833_mepc 0x0000000080004922
core   0: 0x0000000080006090 (0x30200073) mret
core   0: 3 0x0000000080006090 (0x30200073) c768_mstatus 0x8000000a00106080
core   0: 0x0000000080004922 (0x03044333) div     t1, s0, a6
core   0: 1 0x0000000080004922 (0x03044333) x6  0x0000000000000000
core   0: 0x0000000080004926 (0xf84854b7) lui     s1, 0xf8485
core   0: 1 0x0000000080004926 (0xf84854b7) x9  0xfffffffff8485000
core   0: 0x000000008000492a (0xe0f4849b) addiw   s1, s1, -497
core   0: 1 0x000000008000492a (0xe0f4849b) x9  0xfffffffff8484e0f
core   0: 0x000000008000492e (0x000004b2) c.slli  s1, 12
core   0: 1 0x000000008000492e (0x04b2) x9  0xffffff8484e0f000
core   0: 0x0000000080004930 (0xc6448493) addi    s1, s1, -924
core   0: 1 0x0000000080004930 (0xc6448493) x9  0xffffff8484e0ec64
core   0: 0x0000000080004934 (0x2bc30e53) fmin.d  ft8, ft6, ft8
core   0: 1 0x0000000080004934 (0x2bc30e53) f28 0x7ff8000000000000
core   0: 0x0000000080004938 (0x039e9cb3) mulh    s9, t4, s9
core   0: 1 0x0000000080004938 (0x039e9cb3) x25 0x0000000000000000
core   0: 0x000000008000493c (0xf20e8253) fmv.d.x ft4, t4
core   0: 1 0x000000008000493c (0xf20e8253) f4  0x0000000000000000
core   0: 0x0000000080004940 (0xe2070e53) fmv.x.d t3, fa4
core   0: 1 0x0000000080004940 (0xe2070e53) x28 0x7ff8000000000000
core   0: 0x0000000080004944 (0x03239a13) slli    s4, t2, 50
core   0: 1 0x0000000080004944 (0x03239a13) x20 0x0000000000000000
core   0: 0x0000000080004948 (0x014691bb) sllw    gp, a3, s4
core   0: 1 0x0000000080004948 (0x014691bb) x3  0x0000000000000000
core   0: 0x000000008000494c (0x229d1d53) fsgnjn.d fs10, fs10, fs1
core   0: 1 0x000000008000494c (0x229d1d53) f26 0xfff8000000000000
core   0: 0x0000000080004950 (0xc0357953) fcvt.lu.s s2, fa0
core   0: 1 0x0000000080004950 (0xc0357953) c1_fflags 0x000000000000001f x18 0xffffffffffffffff
core   0: 0x0000000080004954 (0x920dff43) fmadd.d ft10, fs11, ft0, fs2
core   0: 1 0x0000000080004954 (0x920dff43) f30 0x7ff8000000000000
core   0: 0x0000000080004958 (0x02e9c733) div     a4, s3, a4
core   0: 1 0x0000000080004958 (0x02e9c733) x14 0xffffffffde680000
core   0: 0x000000008000495c (0x402cd13b) sraw    sp, s9, sp
core   0: 1 0x000000008000495c (0x402cd13b) x2  0x0000000000000000
core   0: 0x0000000080004960 (0x00199273) csrrw   tp, fflags, s3
core   0: 1 0x0000000080004960 (0x00199273) x4  0x000000000000001f c1_fflags 0x0000000000000000
core   0: 0x0000000080004964 (0x5a0df0d3) fsqrt.d ft1, fs11
core   0: 1 0x0000000080004964 (0x5a0df0d3) f1  0x0000000000000000
core   0: 0x0000000080004968 (0x106b9073) csrrw   zero, scounteren, s7
core   0: 1 0x0000000080004968 (0x106b9073) c262_scounteren 0x0000000000000000
core   0: 0x000000008000496c (0x00fbd33b) srlw    t1, s7, a5
core   0: 1 0x000000008000496c (0x00fbd33b) x6  0x00000000000001a4
core   0: 0x0000000080004970 (0x0004e493) ori     s1, s1, 0
core   0: 1 0x0000000080004970 (0x0004e493) x9  0xffffff8484e0ec64
core   0: 0x0000000080004974 (0x02829433) mulh    s0, t0, s0
core   0: 1 0x0000000080004974 (0x02829433) x8  0x0000000000000000
core   0: 0x0000000080004978 (0x039a7b53) fadd.d  fs6, fs4, fs9
core   0: 1 0x0000000080004978 (0x039a7b53) f22 0x7ff8000000000000
core   0: 0x000000008000497c (0xf8c1c513) xori    a0, gp, -116
core   0: 1 0x000000008000497c (0xf8c1c513) x10 0xffffffffffffff8c
core   0: 0x0000000080004980 (0xfff7861b) addiw   a2, a5, -1
core   0: 1 0x0000000080004980 (0xfff7861b) x12 0xffffffff80004921
core   0: 0x0000000080004984 (0x01266933) or      s2, a2, s2
core   0: 1 0x0000000080004984 (0x01266933) x18 0xffffffffffffffff
core   0: 0x0000000080004988 (0xc22f76d3) fcvt.l.d a3, ft10
core   0: 1 0x0000000080004988 (0xc22f76d3) c1_fflags 0x0000000000000010 x13 0x7fffffffffffffff
core   0: 0x000000008000498c (0xb8296773) csrrsi  a4, minstreth, 18
core   0: exception trap_illegal_instruction, epc 0x000000008000498c
core   0:           tval 0x00000000b8296773
core   0: >>>>  $xrv64i2p1_m2p0_a2p1_f2p2_d2p2_zicsr2p0_zifencei2p0_zmmul1p0_zba1p0_zbb1p0_zbc1p0_zbs1p0
core   0: 0x0000000080004000 (0x0080006f) j       pc + 0x8
core   0: 3 0x0000000080004000 (0x0080006f)
core   0: >>>>  mmode_exception_handler
core   0: 0x0000000080004008 (0x00002c17) auipc   s8, 0x2
core   0: 3 0x0000000080004008 (0x00002c17) x24 0x0000000080006008
core   0: 0x000000008000400c (0x04ec0c13) addi    s8, s8, 78
core   0: 3 0x000000008000400c (0x04ec0c13) x24 0x0000000080006056
core   0: 0x0000000080004010 (0x000c00e7) jalr    s8
core   0: 3 0x0000000080004010 (0x000c00e7) x1  0x0000000080004014
core   0: >>>>  any_handler
core   0: 0x0000000080006056 (0x341027f3) csrrs   a5, mepc, zero
core   0: 3 0x0000000080006056 (0x341027f3) x15 0x000000008000498c
core   0: 0x000000008000605a (0x34202773) csrrs   a4, mcause, zero
core   0: 3 0x000000008000605a (0x34202773) x14 0x0000000000000002
core   0: 0x000000008000605e (0x142026f3) csrrs   a3, scause, zero
core   0: 3 0x000000008000605e (0x142026f3) x13 0x0000000000000000
core   0: 0x0000000080006062 (0x30402673) csrrs   a2, mie, zero
core   0: 3 0x0000000080006062 (0x30402673) x12 0x0000000000000a00
core   0: 0x0000000080006066 (0x344025f3) csrrs   a1, mip, zero
core   0: 3 0x0000000080006066 (0x344025f3) x11 0x0000000000000080
core   0: 0x000000008000606a (0x343025f3) csrrs   a1, mtval, zero
core   0: 3 0x000000008000606a (0x343025f3) x11 0x00000000b8296773
core   0: 0x000000008000606e (0x14302573) csrrs   a0, stval, zero
core   0: 3 0x000000008000606e (0x14302573) x10 0x0000000000000000
core   0: 0x0000000080006072 (0xb02024f3) csrrs   s1, minstret, zero
core   0: 3 0x0000000080006072 (0xb02024f3) x9  0x0000000000000b88
core   0: 0x0000000080006076 (0x0000a811) c.j     pc + 20
core   0: 3 0x0000000080006076 (0xa811)
core   0: >>>>  mepc_4
core   0: 0x000000008000608a (0x00000791) c.addi  a5, 4
core   0: 3 0x000000008000608a (0x0791) x15 0x0000000080004990
core   0: 0x000000008000608c (0x34179073) csrrw   zero, mepc, a5
core   0: 3 0x000000008000608c (0x34179073) c833_mepc 0x0000000080004990
core   0: 0x0000000080006090 (0x30200073) mret
core   0: 3 0x0000000080006090 (0x30200073) c768_mstatus 0x8000000a00106080
core   0: 0x0000000080004990 (0x025d72b3) remu    t0, s10, t0
core   0: 1 0x0000000080004990 (0x025d72b3) x5  0x0000000000000a00
core   0: 0x0000000080004994 (0x029a74d3) fadd.d  fs1, fs4, fs1
core   0: 1 0x0000000080004994 (0x029a74d3) f9  0x7ff8000000000000
core   0: 0x0000000080004998 (0xc208f0d3) fcvt.w.d ra, fa7
core   0: 1 0x0000000080004998 (0xc208f0d3) c1_fflags 0x0000000000000011 x1  0x0000000000000000
core   0: 0x000000008000499c (0xd032f753) fcvt.s.lu fa4, t0
core   0: 1 0x000000008000499c (0xd032f753) f14 0xffffffff45200000
core   0: 0x00000000800049a0 (0x412a5b13) srai    s6, s4, 18
core   0: 1 0x00000000800049a0 (0x412a5b13) x22 0x0000000000000000
core   0: 0x00000000800049a4 (0x0314063b) mulw    a2, s0, a7
core   0: 1 0x00000000800049a4 (0x0314063b) x12 0x0000000000000000
core   0: 0x00000000800049a8 (0x007ea3b3) slt     t2, t4, t2
core   0: 1 0x00000000800049a8 (0x007ea3b3) x7  0x0000000000000000
core   0: 0x00000000800049ac (0x41dedc1b) sraiw   s8, t4, 29
core   0: 1 0x00000000800049ac (0x41dedc1b) x24 0x0000000000000000
core   0: 0x00000000800049b0 (0x018b1ebb) sllw    t4, s6, s8
core   0: 1 0x00000000800049b0 (0x018b1ebb) x29 0x0000000000000000
core   0: 0x00000000800049b4 (0x400ed9bb) sraw    s3, t4, zero
core   0: 1 0x00000000800049b4 (0x400ed9bb) x19 0x0000000000000000
core   0: 0x00000000800049b8 (0x03dae2bb) remw    t0, s5, t4
core   0: 1 0x00000000800049b8 (0x03dae2bb) x5  0x000000000000001f
core   0: 0x00000000800049bc (0x00000001) c.nop
core   0: 1 0x00000000800049bc (0x0001)
core   0: 0x00000000800049be (0x00099113) slli    sp, s3, 0
core   0: 1 0x00000000800049be (0x00099113) x2  0x0000000000000000
core   0: 0x00000000800049c2 (0xf1415973) csrrwi  s2, mhartid, 2
core   0: exception trap_illegal_instruction, epc 0x00000000800049c2
core   0:           tval 0x00000000f1415973
core   0: >>>>  $xrv64i2p1_m2p0_a2p1_f2p2_d2p2_zicsr2p0_zifencei2p0_zmmul1p0_zba1p0_zbb1p0_zbc1p0_zbs1p0
core   0: 0x0000000080004000 (0x0080006f) j       pc + 0x8
core   0: 3 0x0000000080004000 (0x0080006f)
core   0: >>>>  mmode_exception_handler
core   0: 0x0000000080004008 (0x00002c17) auipc   s8, 0x2
core   0: 3 0x0000000080004008 (0x00002c17) x24 0x0000000080006008
core   0: 0x000000008000400c (0x04ec0c13) addi    s8, s8, 78
core   0: 3 0x000000008000400c (0x04ec0c13) x24 0x0000000080006056
core   0: 0x0000000080004010 (0x000c00e7) jalr    s8
core   0: 3 0x0000000080004010 (0x000c00e7) x1  0x0000000080004014
core   0: >>>>  any_handler
core   0: 0x0000000080006056 (0x341027f3) csrrs   a5, mepc, zero
core   0: 3 0x0000000080006056 (0x341027f3) x15 0x00000000800049c2
core   0: 0x000000008000605a (0x34202773) csrrs   a4, mcause, zero
core   0: 3 0x000000008000605a (0x34202773) x14 0x0000000000000002
core   0: 0x000000008000605e (0x142026f3) csrrs   a3, scause, zero
core   0: 3 0x000000008000605e (0x142026f3) x13 0x0000000000000000
core   0: 0x0000000080006062 (0x30402673) csrrs   a2, mie, zero
core   0: 3 0x0000000080006062 (0x30402673) x12 0x0000000000000a00
core   0: 0x0000000080006066 (0x344025f3) csrrs   a1, mip, zero
core   0: 3 0x0000000080006066 (0x344025f3) x11 0x0000000000000080
core   0: 0x000000008000606a (0x343025f3) csrrs   a1, mtval, zero
core   0: 3 0x000000008000606a (0x343025f3) x11 0x00000000f1415973
core   0: 0x000000008000606e (0x14302573) csrrs   a0, stval, zero
core   0: 3 0x000000008000606e (0x14302573) x10 0x0000000000000000
core   0: 0x0000000080006072 (0xb02024f3) csrrs   s1, minstret, zero
core   0: 3 0x0000000080006072 (0xb02024f3) x9  0x0000000000000ba5
core   0: 0x0000000080006076 (0x0000a811) c.j     pc + 20
core   0: 3 0x0000000080006076 (0xa811)
core   0: >>>>  mepc_4
core   0: 0x000000008000608a (0x00000791) c.addi  a5, 4
core   0: 3 0x000000008000608a (0x0791) x15 0x00000000800049c6
core   0: 0x000000008000608c (0x34179073) csrrw   zero, mepc, a5
core   0: 3 0x000000008000608c (0x34179073) c833_mepc 0x00000000800049c6
core   0: 0x0000000080006090 (0x30200073) mret
core   0: 3 0x0000000080006090 (0x30200073) c768_mstatus 0x8000000a00106080
core   0: 0x00000000800049c6 (0x22948dd3) fsgnj.d fs11, fs1, fs1
core   0: 1 0x00000000800049c6 (0x22948dd3) f27 0x7ff8000000000000
core   0: 0x00000000800049ca (0x029e84bb) mulw    s1, t4, s1
core   0: 1 0x00000000800049ca (0x029e84bb) x9  0x0000000000000000
core   0: 0x00000000800049ce (0x9812a293) slti    t0, t0, -1663
core   0: 1 0x00000000800049ce (0x9812a293) x5  0x0000000000000000
core   0: 0x00000000800049d2 (0xc22df4d3) fcvt.l.d s1, fs11
core   0: 1 0x00000000800049d2 (0xc22df4d3) c1_fflags 0x0000000000000011 x9  0x7fffffffffffffff
core   0: 0x00000000800049d6 (0x42c9d813) srai    a6, s3, 44
core   0: 1 0x00000000800049d6 (0x42c9d813) x16 0x0000000000000000
core   0: 0x00000000800049da (0xc21b7853) fcvt.wu.d a6, fs6
core   0: 1 0x00000000800049da (0xc21b7853) c1_fflags 0x0000000000000011 x16 0xffffffffffffffff
core   0: 0x00000000800049de (0xa27f8353) fle.d   t1, ft11, ft7
core   0: 1 0x00000000800049de (0xa27f8353) c1_fflags 0x0000000000000011 x6  0x0000000000000000
core   0: 0x00000000800049e2 (0x00169013) slli    zero, a3, 1
core   0: 1 0x00000000800049e2 (0x00169013)
core   0: 0x00000000800049e6 (0x02f777d3) fadd.d  fa5, fa4, fa5
core   0: 1 0x00000000800049e6 (0x02f777d3) f15 0x7ff8000000000000
core   0: 0x00000000800049ea (0x000093da) c.add   t2, s6
core   0: 1 0x00000000800049ea (0x93da) x7  0x0000000000000000
core   0: 0x00000000800049ec (0x0083d19b) srliw   gp, t2, 8
core   0: 1 0x00000000800049ec (0x0083d19b) x3  0x0000000000000000
core   0: 0x00000000800049f0 (0x40378b3b) subw    s6, a5, gp
core   0: 1 0x00000000800049f0 (0x40378b3b) x22 0xffffffff800049c6
core   0: 0x00000000800049f4 (0xfffeee93) ori     t4, t4, -1
core   0: 1 0x00000000800049f4 (0xfffeee93) x29 0xffffffffffffffff
core   0: 0x00000000800049f8 (0x02dc1793) slli    a5, s8, 45
core   0: 1 0x00000000800049f8 (0x02dc1793) x15 0x0c0ac00000000000
core   0: 0x00000000800049fc (0x001026f3) csrrs   a3, fflags, zero
core   0: 1 0x00000000800049fc (0x001026f3) x13 0x0000000000000011
core   0: 0x0000000080004a00 (0x001b9d73) csrrw   s10, fflags, s7
core   0: 1 0x0000000080004a00 (0x001b9d73) x26 0x0000000000000011 c1_fflags 0x0000000000000012
core   0: 0x0000000080004a04 (0x00102073) csrrs   zero, fflags, zero
core   0: 1 0x0000000080004a04 (0x00102073)
core   0: 0x0000000080004a08 (0xc22771d3) fcvt.l.d gp, fa4
core   0: 1 0x0000000080004a08 (0xc22771d3) c1_fflags 0x0000000000000012 x3  0x7fffffffffffffff
core   0: 0x0000000080004a0c (0x0003909b) slliw   ra, t2, 0
core   0: 1 0x0000000080004a0c (0x0003909b) x1  0x0000000000000000
core   0: 0x0000000080004a10 (0x7bd77fcb) fnmsub.d ft11, fa4, ft9, fa5
core   0: 1 0x0000000080004a10 (0x7bd77fcb) f31 0x7ff8000000000000
core   0: 0x0000000080004a14 (0x01ad133b) sllw    t1, s10, s10
core   0: 1 0x0000000080004a14 (0x01ad133b) x6  0x0000000000220000
core   0: 0x0000000080004a18 (0x0334aa33) mulhsu  s4, s1, s3
core   0: 1 0x0000000080004a18 (0x0334aa33) x20 0x0000000000000000
core   0: 0x0000000080004a1c (0x0210d733) divu    a4, ra, ra
core   0: 1 0x0000000080004a1c (0x0210d733) x14 0xffffffffffffffff
core   0: 0x0000000080004a20 (0x420402d3) fcvt.d.s ft5, fs0
core   0: 1 0x0000000080004a20 (0x420402d3) f5  0x7ff8000000000000
core   0: 0x0000000080004a24 (0x00000001) c.nop
core   0: 1 0x0000000080004a24 (0x0001)
core   0: 0x0000000080004a26 (0x6a21704f) fnmadd.d ft0, ft2, ft2, fa3
core   0: 1 0x0000000080004a26 (0x6a21704f) f0  0x8000000000000000
core   0: 0x0000000080004a2a (0x0032929b) slliw   t0, t0, 3
core   0: 1 0x0000000080004a2a (0x0032929b) x5  0x0000000000000000
core   0: 0x0000000080004a2e (0x0553c013) xori    zero, t2, 85
core   0: 1 0x0000000080004a2e (0x0553c013)
core   0: 0x0000000080004a32 (0xd22affd3) fcvt.d.l ft11, s5
core   0: 1 0x0000000080004a32 (0xd22affd3) f31 0x403f000000000000
core   0: 0x0000000080004a36 (0xd22dff53) fcvt.d.l ft10, s11
core   0: 1 0x0000000080004a36 (0xd22dff53) f30 0x0000000000000000
core   0: 0x0000000080004a3a (0x0395d5bb) divuw   a1, a1, s9
core   0: 1 0x0000000080004a3a (0x0395d5bb) x11 0xffffffffffffffff
core   0: 0x0000000080004a3e (0x0acef153) fsub.d  ft2, ft9, fa2
core   0: 1 0x0000000080004a3e (0x0acef153) f2  0x7ff8000000000000
core   0: 0x0000000080004a42 (0x013265b3) or      a1, tp, s3
core   0: 1 0x0000000080004a42 (0x013265b3) x11 0x000000000000001f
core   0: 0x0000000080004a46 (0x42098a53) fcvt.d.s fs4, fs3
core   0: 1 0x0000000080004a46 (0x42098a53) f20 0x7ff8000000000000
core   0: 0x0000000080004a4a (0x22840653) fsgnj.d fa2, fs0, fs0
core   0: 1 0x0000000080004a4a (0x22840653) f12 0x7ff8000000000000
core   0: 0x0000000080004a4e (0x034b8c33) mul     s8, s7, s4
core   0: 1 0x0000000080004a4e (0x034b8c33) x24 0x0000000000000000
core   0: 0x0000000080004a52 (0xf20a01d3) fmv.d.x ft3, s4
core   0: 1 0x0000000080004a52 (0xf20a01d3) f3  0x0000000000000000
core   0: 0x0000000080004a56 (0x4087d813) srai    a6, a5, 8
core   0: 1 0x0000000080004a56 (0x4087d813) x16 0x000c0ac000000000
core   0: 0x0000000080004a5a (0x016a9093) slli    ra, s5, 22
core   0: 1 0x0000000080004a5a (0x016a9093) x1  0x0000000007c00000
core   0: 0x0000000080004a5e (0x00000001) c.nop
core   0: 1 0x0000000080004a5e (0x0001)
core   0: 0x0000000080004a60 (0x0210cbb3) div     s7, ra, ra
core   0: 1 0x0000000080004a60 (0x0210cbb3) x23 0x0000000000000001
core   0: 0x0000000080004a64 (0x42367ec3) fmadd.d ft9, fa2, ft3, fs0
core   0: 1 0x0000000080004a64 (0x42367ec3) f29 0x7ff8000000000000
core   0: 0x0000000080004a68 (0x01b615b3) sll     a1, a2, s11
core   0: 1 0x0000000080004a68 (0x01b615b3) x11 0x0000000000000a00
core   0: 0x0000000080004a6c (0x000cdc9b) srliw   s9, s9, 0
core   0: 1 0x0000000080004a6c (0x000cdc9b) x25 0x0000000000000000
core   0: 0x0000000080004a70 (0x926f7fc7) fmsub.d ft11, ft10, ft6, fs2
core   0: 1 0x0000000080004a70 (0x926f7fc7) f31 0x7ff8000000000000
core   0: 0x0000000080004a74 (0x002791f3) csrrw   gp, frm, a5
core   0: 1 0x0000000080004a74 (0x002791f3) x3  0x0000000000000002 c2_frm 0x0000000000000000
core   0: 0x0000000080004a78 (0x00000001) c.nop
core   0: 1 0x0000000080004a78 (0x0001)
core   0: 0x0000000080004a7a (0xc03ff3d3) fcvt.lu.s t2, ft11
core   0: 1 0x0000000080004a7a (0xc03ff3d3) c1_fflags 0x0000000000000012 x7  0xffffffffffffffff
core   0: 0x0000000080004a7e (0xc0337753) fcvt.lu.s a4, ft6
core   0: 1 0x0000000080004a7e (0xc0337753) x14 0x0000000000000000
core   0: 0x0000000080004a82 (0x00000001) c.nop
core   0: 1 0x0000000080004a82 (0x0001)
core   0: 0x0000000080004a84 (0x017dfbb3) and     s7, s11, s7
core   0: 1 0x0000000080004a84 (0x017dfbb3) x23 0x0000000000000000
core   0: 0x0000000080004a88 (0x41748333) sub     t1, s1, s7
core   0: 1 0x0000000080004a88 (0x41748333) x6  0x7fffffffffffffff
core   0: 0x0000000080004a8c (0x7befff4f) fnmadd.d ft10, ft11, ft10, fa5
core   0: 1 0x0000000080004a8c (0x7befff4f) f30 0x7ff8000000000000
core   0: 0x0000000080004a90 (0x016efcb3) and     s9, t4, s6
core   0: 1 0x0000000080004a90 (0x016efcb3) x25 0xffffffff800049c6
core   0: 0x0000000080004a94 (0x23b70dd3) fsgnj.d fs11, fa4, fs11
core   0: 1 0x0000000080004a94 (0x23b70dd3) f27 0x7fffffff45200000
core   0: 0x0000000080004a98 (0x03a802bb) mulw    t0, a6, s10
core   0: 1 0x0000000080004a98 (0x03a802bb) x5  0x0000000000000000
core   0: 0x0000000080004a9c (0x400e5e13) srai    t3, t3, 0
core   0: 1 0x0000000080004a9c (0x400e5e13) x28 0x7ff8000000000000
core   0: 0x0000000080004aa0 (0xd0337cd3) fcvt.s.lu fs9, t1
core   0: 1 0x0000000080004aa0 (0xd0337cd3) c1_fflags 0x0000000000000013 f25 0xffffffff5f000000
core   0: 0x0000000080004aa4 (0x0acb6193) ori     gp, s6, 172
core   0: 1 0x0000000080004aa4 (0x0acb6193) x3  0xffffffff800049ee
core   0: 0x0000000080004aa8 (0x41cad133) sra     sp, s5, t3
core   0: 1 0x0000000080004aa8 (0x41cad133) x2  0x000000000000001f
core   0: 0x0000000080004aac (0x001ad91b) srliw   s2, s5, 1
core   0: 1 0x0000000080004aac (0x001ad91b) x18 0x000000000000000f
core   0: 0x0000000080004ab0 (0x4d39081b) addiw   a6, s2, 1235
core   0: 1 0x0000000080004ab0 (0x4d39081b) x16 0x00000000000004e2
core   0: 0x0000000080004ab4 (0x014753b3) srl     t2, a4, s4
core   0: 1 0x0000000080004ab4 (0x014753b3) x7  0x0000000000000000
core   0: 0x0000000080004ab8 (0x420b05d3) fcvt.d.s fa1, fs6
core   0: 1 0x0000000080004ab8 (0x420b05d3) f11 0x7ff8000000000000
core   0: 0x0000000080004abc (0x5a0cf1d3) fsqrt.d ft3, fs9
core   0: 1 0x0000000080004abc (0x5a0cf1d3) f3  0x7ff8000000000000
core   0: 0x0000000080004ac0 (0x414e8ebb) subw    t4, t4, s4
core   0: 1 0x0000000080004ac0 (0x414e8ebb) x29 0xffffffffffffffff
core   0: 0x0000000080004ac4 (0xeb46811b) addiw   sp, a3, -332
core   0: 1 0x0000000080004ac4 (0xeb46811b) x2  0xfffffffffffffec5
core   0: 0x0000000080004ac8 (0x0025a1b3) slt     gp, a1, sp
core   0: 1 0x0000000080004ac8 (0x0025a1b3) x3  0x0000000000000000
core   0: 0x0000000080004acc (0x6a43f6c7) fmsub.d fa3, ft7, ft4, fa3
core   0: 1 0x0000000080004acc (0x6a43f6c7) f13 0x8000000000000000
core   0: 0x0000000080004ad0 (0x0210c73b) divw    a4, ra, ra
core   0: 1 0x0000000080004ad0 (0x0210c73b) x14 0x0000000000000001
core   0: 0x0000000080004ad4 (0x0000583b) srlw    a6, zero, zero
core   0: 1 0x0000000080004ad4 (0x0000583b) x16 0x0000000000000000
core   0: 0x0000000080004ad8 (0x0377c1b3) div     gp, a5, s7
core   0: 1 0x0000000080004ad8 (0x0377c1b3) x3  0xffffffffffffffff
core   0: 0x0000000080004adc (0x23c69553) fsgnjn.d fa0, fa3, ft8
core   0: 1 0x0000000080004adc (0x23c69553) f10 0x8000000000000000
core   0: 0x0000000080004ae0 (0x00b7d71b) srliw   a4, a5, 11
core   0: 1 0x0000000080004ae0 (0x00b7d71b) x14 0x0000000000000000
core   0: 0x0000000080004ae4 (0xc039fe53) fcvt.lu.s t3, fs3
core   0: 1 0x0000000080004ae4 (0xc039fe53) c1_fflags 0x0000000000000013 x28 0xffffffffffffffff
core   0: 0x0000000080004ae8 (0xd033f153) fcvt.s.lu ft2, t2
core   0: 1 0x0000000080004ae8 (0xd033f153) f2  0xffffffff00000000
core   0: 0x0000000080004aec (0x000adc1b) srliw   s8, s5, 0
core   0: 1 0x0000000080004aec (0x000adc1b) x24 0x000000000000001f
core   0: 0x0000000080004af0 (0x02728233) mul     tp, t0, t2
core   0: 1 0x0000000080004af0 (0x02728233) x4  0x0000000000000000
core   0: 0x0000000080004af4 (0x000080e9) c.srli  s1, 26
core   0: 1 0x0000000080004af4 (0x80e9) x9  0x0000001fffffffff
core   0: 0x0000000080004af6 (0x00000001) c.nop
core   0: 1 0x0000000080004af6 (0x0001)
core   0: 0x0000000080004af8 (0x039ec9b3) div     s3, t4, s9
core   0: 1 0x0000000080004af8 (0x039ec9b3) x19 0x0000000000000000
core   0: 0x0000000080004afc (0x9a267613) andi    a2, a2, -1630
core   0: 1 0x0000000080004afc (0x9a267613) x12 0x0000000000000800
core   0: 0x0000000080004b00 (0x00000001) c.nop
core   0: 1 0x0000000080004b00 (0x0001)
core   0: 0x0000000080004b02 (0x40f55b9b) sraiw   s7, a0, 15
core   0: 1 0x0000000080004b02 (0x40f55b9b) x23 0x0000000000000000
core   0: 0x0000000080004b06 (0x037e1e33) mulh    t3, t3, s7
core   0: 1 0x0000000080004b06 (0x037e1e33) x28 0x0000000000000000
core   0: 0x0000000080004b0a (0x020c71b3) remu    gp, s8, zero
core   0: 1 0x0000000080004b0a (0x020c71b3) x3  0x000000000000001f
core   0: 0x0000000080004b0e (0x67929c37) lui     s8, 0x67929
core   0: 1 0x0000000080004b0e (0x67929c37) x24 0x0000000067929000
core   0: 0x0000000080004b12 (0x03135033) divu    zero, t1, a7
core   0: 1 0x0000000080004b12 (0x03135033)
core   0: 0x0000000080004b16 (0x00d15733) srl     a4, sp, a3
core   0: 1 0x0000000080004b16 (0x00d15733) x14 0x00007fffffffffff
core   0: 0x0000000080004b1a (0x00a24133) xor     sp, tp, a0
core   0: 1 0x0000000080004b1a (0x00a24133) x2  0x0000000000000000
core   0: 0x0000000080004b1e (0x024a65bb) remw    a1, s4, tp
core   0: 1 0x0000000080004b1e (0x024a65bb) x11 0x0000000000000000
core   0: 0x0000000080004b22 (0x085a0597) auipc   a1, 0x85a0
core   0: 1 0x0000000080004b22 (0x085a0597) x11 0x00000000885a4b22
core   0: 0x0000000080004b26 (0xd23e7553) fcvt.d.lu fa0, t3
core   0: 1 0x0000000080004b26 (0xd23e7553) f10 0x0000000000000000
core   0: 0x0000000080004b2a (0x23812653) fsgnjx.d fa2, ft2, fs8
core   0: 1 0x0000000080004b2a (0x23812653) f12 0x7fffffff00000000
core   0: 0x0000000080004b2e (0x0084193b) sllw    s2, s0, s0
core   0: 1 0x0000000080004b2e (0x0084193b) x18 0x0000000000000000
core   0: 0x0000000080004b32 (0x0366ac33) mulhsu  s8, a3, s6
core   0: 1 0x0000000080004b32 (0x0366ac33) x24 0x0000000000000010
core   0: 0x0000000080004b36 (0x02e70a3b) mulw    s4, a4, a4
core   0: 1 0x0000000080004b36 (0x02e70a3b) x20 0x0000000000000001
core   0: 0x0000000080004b3a (0x00d6a0b3) slt     ra, a3, a3
core   0: 1 0x0000000080004b3a (0x00d6a0b3) x1  0x0000000000000000
core   0: 0x0000000080004b3e (0x024e893b) mulw    s2, t4, tp
core   0: 1 0x0000000080004b3e (0x024e893b) x18 0x0000000000000000
core   0: 0x0000000080004b42 (0x2210aad3) fsgnjx.d fs5, ft1, ft1
core   0: 1 0x0000000080004b42 (0x2210aad3) f21 0x0000000000000000
core   0: 0x0000000080004b46 (0xf20201d3) fmv.d.x ft3, tp
core   0: 1 0x0000000080004b46 (0xf20201d3) f3  0x0000000000000000
core   0: 0x0000000080004b4a (0x00079313) slli    t1, a5, 0
core   0: 1 0x0000000080004b4a (0x00079313) x6  0x0c0ac00000000000
core   0: 0x0000000080004b4e (0x124af3d3) fmul.d  ft7, fs5, ft4
core   0: 1 0x0000000080004b4e (0x124af3d3) f7  0x0000000000000000
core   0: 0x0000000080004b52 (0x0300d693) srli    a3, ra, 48
core   0: 1 0x0000000080004b52 (0x0300d693) x13 0x0000000000000000
core   0: 0x0000000080004b56 (0x0273f053) fadd.d  ft0, ft7, ft7
core   0: 1 0x0000000080004b56 (0x0273f053) f0  0x0000000000000000
core   0: 0x0000000080004b5a (0xaa76cb93) xori    s7, a3, -1369
core   0: 1 0x0000000080004b5a (0xaa76cb93) x23 0xfffffffffffffaa7
core   0: 0x0000000080004b5e (0xd20402d3) fcvt.d.w ft5, s0
core   0: 1 0x0000000080004b5e (0xd20402d3) f5  0x0000000000000000
core   0: 0x0000000080004b62 (0x03d09eb3) mulh    t4, ra, t4
core   0: 1 0x0000000080004b62 (0x03d09eb3) x29 0x0000000000000000
core   0: 0x0000000080004b66 (0x021443bb) divw    t2, s0, ra
core   0: 1 0x0000000080004b66 (0x021443bb) x7  0xffffffffffffffff
core   0: 0x0000000080004b6a (0x5a02f5d3) fsqrt.d fa1, ft5
core   0: 1 0x0000000080004b6a (0x5a02f5d3) f11 0x0000000000000000
core   0: 0x0000000080004b6e (0x0380f6bb) remuw   a3, ra, s8
core   0: 1 0x0000000080004b6e (0x0380f6bb) x13 0x0000000000000000
core   0: 0x0000000080004b72 (0x0f9c6893) ori     a7, s8, 249
core   0: 1 0x0000000080004b72 (0x0f9c6893) x17 0x00000000000000f9
core   0: 0x0000000080004b76 (0x02da7053) fadd.d  ft0, fs4, fa3
core   0: 1 0x0000000080004b76 (0x02da7053) f0  0x7ff8000000000000
core   0: 0x0000000080004b7a (0x43fbdb93) srai    s7, s7, 63
core   0: 1 0x0000000080004b7a (0x43fbdb93) x23 0xffffffffffffffff
core   0: 0x0000000080004b7e (0xa8239c17) auipc   s8, 0xa8239
core   0: 1 0x0000000080004b7e (0xa8239c17) x24 0x000000002823db7e
core   0: 0x0000000080004b82 (0xd21c0e53) fcvt.d.wu ft8, s8
core   0: 1 0x0000000080004b82 (0xd21c0e53) f28 0x41c411edbf000000
core   0: 0x0000000080004b86 (0xd20c0253) fcvt.d.w ft4, s8
core   0: 1 0x0000000080004b86 (0xd20c0253) f4  0x41c411edbf000000
core   0: 0x0000000080004b8a (0x800c059b) addiw   a1, s8, -2048
core   0: 1 0x0000000080004b8a (0x800c059b) x11 0x000000002823d37e
core   0: 0x0000000080004b8e (0xc039f553) fcvt.lu.s a0, fs3
core   0: 1 0x0000000080004b8e (0xc039f553) c1_fflags 0x0000000000000013 x10 0xffffffffffffffff
core   0: 0x0000000080004b92 (0x89a9c813) xori    a6, s3, -1894
core   0: 1 0x0000000080004b92 (0x89a9c813) x16 0xfffffffffffff89a
core   0: 0x0000000080004b96 (0xc222fc53) fcvt.l.d s8, ft5
core   0: 1 0x0000000080004b96 (0xc222fc53) x24 0x0000000000000000
core   0: 0x0000000080004b9a (0x9ead5a37) lui     s4, 0x9ead5
core   0: 1 0x0000000080004b9a (0x9ead5a37) x20 0xffffffff9ead5000
core   0: 0x0000000080004b9e (0xc212f0d3) fcvt.wu.d ra, ft5
core   0: 1 0x0000000080004b9e (0xc212f0d3) x1  0x0000000000000000
core   0: 0x0000000080004ba2 (0x415ad03b) sraw    zero, s5, s5
core   0: 1 0x0000000080004ba2 (0x415ad03b)
core   0: 0x0000000080004ba6 (0xa2d890d3) flt.d   ra, fa7, fa3
core   0: 1 0x0000000080004ba6 (0xa2d890d3) x1  0x0000000000000000
core   0: 0x0000000080004baa (0x10488237) lui     tp, 0x10488
core   0: 1 0x0000000080004baa (0x10488237) x4  0x0000000010488000
core   0: 0x0000000080004bae (0x42080853) fcvt.d.s fa6, fa6
core   0: 1 0x0000000080004bae (0x42080853) f16 0x7ff8000000000000
core   0: 0x0000000080004bb2 (0x01859cb3) sll     s9, a1, s8
core   0: 1 0x0000000080004bb2 (0x01859cb3) x25 0x000000002823d37e
core   0: 0x0000000080004bb6 (0x0ff0000f) fence   iorw,iorw
core   0: 1 0x0000000080004bb6 (0x0ff0000f)
core   0: 0x0000000080004bba (0xd22af0d3) fcvt.d.l ft1, s5
core   0: 1 0x0000000080004bba (0xd22af0d3) f1  0x403f000000000000
core   0: 0x0000000080004bbe (0xa3760153) fle.d   sp, fa2, fs7
core   0: 1 0x0000000080004bbe (0xa3760153) c1_fflags 0x0000000000000013 x2  0x0000000000000000
core   0: 0x0000000080004bc2 (0x0ff0000f) fence   iorw,iorw
core   0: 1 0x0000000080004bc2 (0x0ff0000f)
core   0: 0x0000000080004bc6 (0x8001061b) addiw   a2, sp, -2048
core   0: 1 0x0000000080004bc6 (0x8001061b) x12 0xfffffffffffff800
core   0: 0x0000000080004bca (0x2ba61b53) fmax.d  fs6, fa2, fs10
core   0: 1 0x0000000080004bca (0x2ba61b53) f22 0x7ff8000000000000
core   0: 0x0000000080004bce (0x00c11abb) sllw    s5, sp, a2
core   0: 1 0x0000000080004bce (0x00c11abb) x21 0x0000000000000000
core   0: 0x0000000080004bd2 (0xa7b1c193) xori    gp, gp, -1413
core   0: 1 0x0000000080004bd2 (0xa7b1c193) x3  0xfffffffffffffa64
core   0: 0x0000000080004bd6 (0x40197953) fcvt.s.d fs2, fs2
core   0: 1 0x0000000080004bd6 (0x40197953) f18 0xffffffff00000000
core   0: 0x0000000080004bda (0x003800b3) add     ra, a6, gp
core   0: 1 0x0000000080004bda (0x003800b3) x1  0xfffffffffffff2fe
core   0: 0x0000000080004bde (0x0019911b) slliw   sp, s3, 1
core   0: 1 0x0000000080004bde (0x0019911b) x2  0x0000000000000000
core   0: 0x0000000080004be2 (0xc37e7e43) fmadd.d ft8, ft8, fs7, fs8
core   0: 1 0x0000000080004be2 (0xc37e7e43) f28 0x7ff8000000000000
core   0: 0x0000000080004be6 (0x028b8513) addi    a0, s7, 40
core   0: 1 0x0000000080004be6 (0x028b8513) x10 0x0000000000000027
core   0: 0x0000000080004bea (0x01c521b3) slt     gp, a0, t3
core   0: 1 0x0000000080004bea (0x01c521b3) x3  0x0000000000000000
core   0: 0x0000000080004bee (0x02a5de33) divu    t3, a1, a0
core   0: 1 0x0000000080004bee (0x02a5de33) x28 0x0000000001077b93
core   0: 0x0000000080004bf2 (0x0040101b) slliw   zero, zero, 4
core   0: 1 0x0000000080004bf2 (0x0040101b)
core   0: 0x0000000080004bf6 (0x40eb8d3b) subw    s10, s7, a4
core   0: 1 0x0000000080004bf6 (0x40eb8d3b) x26 0x0000000000000000
core   0: 0x0000000080004bfa (0xc22c7ad3) fcvt.l.d s5, fs8
core   0: 1 0x0000000080004bfa (0xc22c7ad3) x21 0x0000000000000000
core   0: 0x0000000080004bfe (0x412e89bb) subw    s3, t4, s2
core   0: 1 0x0000000080004bfe (0x412e89bb) x19 0x0000000000000000
core   0: 0x0000000080004c02 (0x017094bb) sllw    s1, ra, s7
core   0: 1 0x0000000080004c02 (0x017094bb) x9  0x0000000000000000
core   0: 0x0000000080004c06 (0xd23bf2d3) fcvt.d.lu ft5, s7
core   0: 1 0x0000000080004c06 (0xd23bf2d3) c1_fflags 0x0000000000000013 f5  0x43f0000000000000
core   0: 0x0000000080004c0a (0x00051413) slli    s0, a0, 0
core   0: 1 0x0000000080004c0a (0x00051413) x8  0x0000000000000027
core   0: 0x0000000080004c0e (0xf2048fd3) fmv.d.x ft11, s1
core   0: 1 0x0000000080004c0e (0xf2048fd3) f31 0x0000000000000000
core   0: 0x0000000080004c12 (0x00fc5bbb) srlw    s7, s8, a5
core   0: 1 0x0000000080004c12 (0x00fc5bbb) x23 0x0000000000000000
core   0: 0x0000000080004c16 (0x00854033) xor     zero, a0, s0
core   0: 1 0x0000000080004c16 (0x00854033)
core   0: 0x0000000080004c1a (0x2af501d3) fmin.d  ft3, fa0, fa5
core   0: 1 0x0000000080004c1a (0x2af501d3) f3  0x0000000000000000
core   0: 0x0000000080004c1e (0x00202d73) csrrs   s10, frm, zero
core   0: 1 0x0000000080004c1e (0x00202d73) x26 0x0000000000000000
core   0: 0x0000000080004c22 (0x02ad7a33) remu    s4, s10, a0
core   0: 1 0x0000000080004c22 (0x02ad7a33) x20 0x0000000000000000
core   0: 0x0000000080004c26 (0x01a1cdb3) xor     s11, gp, s10
core   0: 1 0x0000000080004c26 (0x01a1cdb3) x27 0x0000000000000000
core   0: 0x0000000080004c2a (0x03c31793) slli    a5, t1, 60
core   0: 1 0x0000000080004c2a (0x03c31793) x15 0x0000000000000000
core   0: 0x0000000080004c2e (0x5fc3fc93) andi    s9, t2, 1532
core   0: 1 0x0000000080004c2e (0x5fc3fc93) x25 0x00000000000005fc
core   0: 0x0000000080004c32 (0x343161f3) csrrsi  gp, mtval, 2
core   0: exception trap_illegal_instruction, epc 0x0000000080004c32
core   0:           tval 0x00000000343161f3
core   0: >>>>  $xrv64i2p1_m2p0_a2p1_f2p2_d2p2_zicsr2p0_zifencei2p0_zmmul1p0_zba1p0_zbb1p0_zbc1p0_zbs1p0
core   0: 0x0000000080004000 (0x0080006f) j       pc + 0x8
core   0: 3 0x0000000080004000 (0x0080006f)
core   0: >>>>  mmode_exception_handler
core   0: 0x0000000080004008 (0x00002c17) auipc   s8, 0x2
core   0: 3 0x0000000080004008 (0x00002c17) x24 0x0000000080006008
core   0: 0x000000008000400c (0x04ec0c13) addi    s8, s8, 78
core   0: 3 0x000000008000400c (0x04ec0c13) x24 0x0000000080006056
core   0: 0x0000000080004010 (0x000c00e7) jalr    s8
core   0: 3 0x0000000080004010 (0x000c00e7) x1  0x0000000080004014
core   0: >>>>  any_handler
core   0: 0x0000000080006056 (0x341027f3) csrrs   a5, mepc, zero
core   0: 3 0x0000000080006056 (0x341027f3) x15 0x0000000080004c32
core   0: 0x000000008000605a (0x34202773) csrrs   a4, mcause, zero
core   0: 3 0x000000008000605a (0x34202773) x14 0x0000000000000002
core   0: 0x000000008000605e (0x142026f3) csrrs   a3, scause, zero
core   0: 3 0x000000008000605e (0x142026f3) x13 0x0000000000000000
core   0: 0x0000000080006062 (0x30402673) csrrs   a2, mie, zero
core   0: 3 0x0000000080006062 (0x30402673) x12 0x0000000000000a00
core   0: 0x0000000080006066 (0x344025f3) csrrs   a1, mip, zero
core   0: 3 0x0000000080006066 (0x344025f3) x11 0x0000000000000080
core   0: 0x000000008000606a (0x343025f3) csrrs   a1, mtval, zero
core   0: 3 0x000000008000606a (0x343025f3) x11 0x00000000343161f3
core   0: 0x000000008000606e (0x14302573) csrrs   a0, stval, zero
core   0: 3 0x000000008000606e (0x14302573) x10 0x0000000000000000
core   0: 0x0000000080006072 (0xb02024f3) csrrs   s1, minstret, zero
core   0: 3 0x0000000080006072 (0xb02024f3) x9  0x0000000000000c54
core   0: 0x0000000080006076 (0x0000a811) c.j     pc + 20
core   0: 3 0x0000000080006076 (0xa811)
core   0: >>>>  mepc_4
core   0: 0x000000008000608a (0x00000791) c.addi  a5, 4
core   0: 3 0x000000008000608a (0x0791) x15 0x0000000080004c36
core   0: 0x000000008000608c (0x34179073) csrrw   zero, mepc, a5
core   0: 3 0x000000008000608c (0x34179073) c833_mepc 0x0000000080004c36
core   0: 0x0000000080006090 (0x30200073) mret
core   0: 3 0x0000000080006090 (0x30200073) c768_mstatus 0x8000000a00106080
core   0: 0x0000000080004c36 (0x5a0972d3) fsqrt.d ft5, fs2
core   0: 1 0x0000000080004c36 (0x5a0972d3) f5  0x7ff8000000000000
core   0: 0x0000000080004c3a (0xe20308d3) fmv.x.d a7, ft6
core   0: 1 0x0000000080004c3a (0xe20308d3) x17 0xffffffff00000000
core   0: 0x0000000080004c3e (0x40f407bb) subw    a5, s0, a5
core   0: 1 0x0000000080004c3e (0x40f407bb) x15 0x000000007fffb3f1
core   0: 0x0000000080004c42 (0x0026e6b3) or      a3, a3, sp
core   0: 1 0x0000000080004c42 (0x0026e6b3) x13 0x0000000000000000
core   0: 0x0000000080004c46 (0x00b8d89b) srliw   a7, a7, 11
core   0: 1 0x0000000080004c46 (0x00b8d89b) x17 0x0000000000000000
core   0: 0x0000000080004c4a (0x4126d933) sra     s2, a3, s2
core   0: 1 0x0000000080004c4a (0x4126d933) x18 0x0000000000000000
core   0: 0x0000000080004c4e (0x012d44b3) xor     s1, s10, s2
core   0: 1 0x0000000080004c4e (0x012d44b3) x9  0x0000000000000000
core   0: 0x0000000080004c52 (0x000086a6) c.mv    a3, s1
core   0: 1 0x0000000080004c52 (0x86a6) x13 0x0000000000000000
core   0: 0x0000000080004c54 (0xc88d6d93) ori     s11, s10, -888
core   0: 1 0x0000000080004c54 (0xc88d6d93) x27 0xfffffffffffffc88
core   0: 0x0000000080004c58 (0x010967b3) or      a5, s2, a6
core   0: 1 0x0000000080004c58 (0x010967b3) x15 0xfffffffffffff89a
core   0: 0x0000000080004c5c (0x00202773) csrrs   a4, frm, zero
core   0: 1 0x0000000080004c5c (0x00202773) x14 0x0000000000000000
core   0: 0x0000000080004c60 (0x5a05f1d3) fsqrt.d ft3, fa1
core   0: 1 0x0000000080004c60 (0x5a05f1d3) f3  0x0000000000000000
core   0: 0x0000000080004c64 (0x03bdf5b3) remu    a1, s11, s11
core   0: 1 0x0000000080004c64 (0x03bdf5b3) x11 0x0000000000000000
core   0: 0x0000000080004c68 (0x00008641) c.srai  a2, 16
core   0: 1 0x0000000080004c68 (0x8641) x12 0x0000000000000000
core   0: 0x0000000080004c6a (0x07c06137) lui     sp, 0x7c06
core   0: 1 0x0000000080004c6a (0x07c06137) x2  0x0000000007c06000
core   0: 0x0000000080004c6e (0xf8b1011b) addiw   sp, sp, -117
core   0: 1 0x0000000080004c6e (0xf8b1011b) x2  0x0000000007c05f8b
core   0: 0x0000000080004c72 (0x00000132) c.slli  sp, 12
core   0: 1 0x0000000080004c72 (0x0132) x2  0x0000007c05f8b000
core   0: 0x0000000080004c74 (0x91b10113) addi    sp, sp, -1765
core   0: 1 0x0000000080004c74 (0x91b10113) x2  0x0000007c05f8a91b
core   0: 0x0000000080004c78 (0x51482a93) slti    s5, a6, 1300
core   0: 1 0x0000000080004c78 (0x51482a93) x21 0x0000000000000001
core   0: 0x0000000080004c7c (0xd2377cd3) fcvt.d.lu fs9, a4
core   0: 1 0x0000000080004c7c (0xd2377cd3) f25 0x0000000000000000
core   0: 0x0000000080004c80 (0x000dab33) slt     s6, s11, zero
core   0: 1 0x0000000080004c80 (0x000dab33) x22 0x0000000000000001
core   0: 0x0000000080004c84 (0x016b1233) sll     tp, s6, s6
core   0: 1 0x0000000080004c84 (0x016b1233) x4  0x0000000000000002
core   0: 0x0000000080004c88 (0x00000001) c.nop
core   0: 1 0x0000000080004c88 (0x0001)
core   0: 0x0000000080004c8a (0x0ff0000f) fence   iorw,iorw
core   0: 1 0x0000000080004c8a (0x0ff0000f)
core   0: 0x0000000080004c8e (0x0240fa3b) remuw   s4, ra, tp
core   0: 1 0x0000000080004c8e (0x0240fa3b) x20 0x0000000000000000
core   0: 0x0000000080004c92 (0x013b0cb7) lui     s9, 0x13b0
core   0: 1 0x0000000080004c92 (0x013b0cb7) x25 0x00000000013b0000
core   0: 0x0000000080004c96 (0x965c8c9b) addiw   s9, s9, -1691
core   0: 1 0x0000000080004c96 (0x965c8c9b) x25 0x00000000013af965
core   0: 0x0000000080004c9a (0x00000cb6) c.slli  s9, 13
core   0: 1 0x0000000080004c9a (0x0cb6) x25 0x000000275f2ca000
core   0: 0x0000000080004c9c (0x2dec8c93) addi    s9, s9, 734
core   0: 1 0x0000000080004c9c (0x2dec8c93) x25 0x000000275f2ca2de
core   0: 0x0000000080004ca0 (0x02e8d233) divu    tp, a7, a4
core   0: 1 0x0000000080004ca0 (0x02e8d233) x4  0xffffffffffffffff
core   0: 0x0000000080004ca4 (0x411b5cbb) sraw    s9, s6, a7
core   0: 1 0x0000000080004ca4 (0x411b5cbb) x25 0x0000000000000001
core   0: 0x0000000080004ca8 (0xa3960a53) fle.d   s4, fa2, fs9
core   0: 1 0x0000000080004ca8 (0xa3960a53) c1_fflags 0x0000000000000013 x20 0x0000000000000000
core   0: 0x0000000080004cac (0x40197953) fcvt.s.d fs2, fs2
core   0: 1 0x0000000080004cac (0x40197953) f18 0xffffffff7fc00000
core   0: 0x0000000080004cb0 (0x00171cf3) csrrw   s9, fflags, a4
core   0: 1 0x0000000080004cb0 (0x00171cf3) x25 0x0000000000000013 c1_fflags 0x0000000000000000
core   0: 0x0000000080004cb4 (0x0095eab3) or      s5, a1, s1
core   0: 1 0x0000000080004cb4 (0x0095eab3) x21 0x0000000000000000
core   0: 0x0000000080004cb8 (0xd038fd53) fcvt.s.lu fs10, a7
core   0: 1 0x0000000080004cb8 (0xd038fd53) f26 0xffffffff00000000
core   0: 0x0000000080004cbc (0x40b100bb) subw    ra, sp, a1
core   0: 1 0x0000000080004cbc (0x40b100bb) x1  0x0000000005f8a91b
core   0: 0x0000000080004cc0 (0x849e6793) ori     a5, t3, -1975
core   0: 1 0x0000000080004cc0 (0x849e6793) x15 0xfffffffffffffbdb
core   0: 0x0000000080004cc4 (0xa2c90453) fle.d   s0, fs2, fa2
core   0: 1 0x0000000080004cc4 (0xa2c90453) c1_fflags 0x0000000000000010 x8  0x0000000000000000
core   0: 0x0000000080004cc8 (0x01621b1b) slliw   s6, tp, 22
core   0: 1 0x0000000080004cc8 (0x01621b1b) x22 0xffffffffffc00000
core   0: 0x0000000080004ccc (0x7ffb0993) addi    s3, s6, 2047
core   0: 1 0x0000000080004ccc (0x7ffb0993) x19 0xffffffffffc007ff
core   0: 0x0000000080004cd0 (0x026c5db3) divu    s11, s8, t1
core   0: 1 0x0000000080004cd0 (0x026c5db3) x27 0x0000000000000000
core   0: 0x0000000080004cd4 (0x400ddb33) sra     s6, s11, zero
core   0: 1 0x0000000080004cd4 (0x400ddb33) x22 0x0000000000000000
core   0: 0x0000000080004cd8 (0xf20b8ed3) fmv.d.x ft9, s7
core   0: 1 0x0000000080004cd8 (0xf20b8ed3) f29 0x0000000000000000
core   0: 0x0000000080004cdc (0x40de813b) subw    sp, t4, a3
core   0: 1 0x0000000080004cdc (0x40de813b) x2  0x0000000000000000
core   0: 0x0000000080004ce0 (0x1ba5f2d3) fdiv.d  ft5, fa1, fs10
core   0: 1 0x0000000080004ce0 (0x1ba5f2d3) f5  0x7ff8000000000000
core   0: 0x0000000080004ce4 (0x02e6883b) mulw    a6, a3, a4
core   0: 1 0x0000000080004ce4 (0x02e6883b) x16 0x0000000000000000
core   0: 0x0000000080004ce8 (0x5a02fcd3) fsqrt.d fs9, ft5
core   0: 1 0x0000000080004ce8 (0x5a02fcd3) f25 0x7ff8000000000000
core   0: 0x0000000080004cec (0x02058cbb) mulw    s9, a1, zero
core   0: 1 0x0000000080004cec (0x02058cbb) x25 0x0000000000000000
core   0: 0x0000000080004cf0 (0x0143de33) srl     t3, t2, s4
core   0: 1 0x0000000080004cf0 (0x0143de33) x28 0xffffffffffffffff
core   0: 0x0000000080004cf4 (0xd2110353) fcvt.d.wu ft6, sp
core   0: 1 0x0000000080004cf4 (0xd2110353) f6  0x0000000000000000
core   0: 0x0000000080004cf8 (0x420c8cd3) fcvt.d.s fs9, fs9
core   0: 1 0x0000000080004cf8 (0x420c8cd3) f25 0x7ff8000000000000
core   0: 0x0000000080004cfc (0x00049013) slli    zero, s1, 0
core   0: 1 0x0000000080004cfc (0x00049013)
core   0: 0x0000000080004d00 (0x00084693) xori    a3, a6, 0
core   0: 1 0x0000000080004d00 (0x00084693) x13 0x0000000000000000
core   0: 0x0000000080004d04 (0xbb6d6c93) ori     s9, s10, -1098
core   0: 1 0x0000000080004d04 (0xbb6d6c93) x25 0xfffffffffffffbb6
core   0: 0x0000000080004d08 (0x0006db1b) srliw   s6, a3, 0
core   0: 1 0x0000000080004d08 (0x0006db1b) x22 0x0000000000000000
core   0: 0x0000000080004d0c (0xc02b1273) csrrw   tp, instret, s6
core   0: exception trap_illegal_instruction, epc 0x0000000080004d0c
core   0:           tval 0x00000000c02b1273
core   0: >>>>  $xrv64i2p1_m2p0_a2p1_f2p2_d2p2_zicsr2p0_zifencei2p0_zmmul1p0_zba1p0_zbb1p0_zbc1p0_zbs1p0
core   0: 0x0000000080004000 (0x0080006f) j       pc + 0x8
core   0: 3 0x0000000080004000 (0x0080006f)
core   0: >>>>  mmode_exception_handler
core   0: 0x0000000080004008 (0x00002c17) auipc   s8, 0x2
core   0: 3 0x0000000080004008 (0x00002c17) x24 0x0000000080006008
core   0: 0x000000008000400c (0x04ec0c13) addi    s8, s8, 78
core   0: 3 0x000000008000400c (0x04ec0c13) x24 0x0000000080006056
core   0: 0x0000000080004010 (0x000c00e7) jalr    s8
core   0: 3 0x0000000080004010 (0x000c00e7) x1  0x0000000080004014
core   0: >>>>  any_handler
core   0: 0x0000000080006056 (0x341027f3) csrrs   a5, mepc, zero
core   0: 3 0x0000000080006056 (0x341027f3) x15 0x0000000080004d0c
core   0: 0x000000008000605a (0x34202773) csrrs   a4, mcause, zero
core   0: 3 0x000000008000605a (0x34202773) x14 0x0000000000000002
core   0: 0x000000008000605e (0x142026f3) csrrs   a3, scause, zero
core   0: 3 0x000000008000605e (0x142026f3) x13 0x0000000000000000
core   0: 0x0000000080006062 (0x30402673) csrrs   a2, mie, zero
core   0: 3 0x0000000080006062 (0x30402673) x12 0x0000000000000a00
core   0: 0x0000000080006066 (0x344025f3) csrrs   a1, mip, zero
core   0: 3 0x0000000080006066 (0x344025f3) x11 0x0000000000000080
core   0: 0x000000008000606a (0x343025f3) csrrs   a1, mtval, zero
core   0: 3 0x000000008000606a (0x343025f3) x11 0x00000000c02b1273
core   0: 0x000000008000606e (0x14302573) csrrs   a0, stval, zero
core   0: 3 0x000000008000606e (0x14302573) x10 0x0000000000000000
core   0: 0x0000000080006072 (0xb02024f3) csrrs   s1, minstret, zero
core   0: 3 0x0000000080006072 (0xb02024f3) x9  0x0000000000000c9c
core   0: 0x0000000080006076 (0x0000a811) c.j     pc + 20
core   0: 3 0x0000000080006076 (0xa811)
core   0: >>>>  mepc_4
core   0: 0x000000008000608a (0x00000791) c.addi  a5, 4
core   0: 3 0x000000008000608a (0x0791) x15 0x0000000080004d10
core   0: 0x000000008000608c (0x34179073) csrrw   zero, mepc, a5
core   0: 3 0x000000008000608c (0x34179073) c833_mepc 0x0000000080004d10
core   0: 0x0000000080006090 (0x30200073) mret
core   0: 3 0x0000000080006090 (0x30200073) c768_mstatus 0x8000000a00106080
core   0: 0x0000000080004d10 (0x5a097553) fsqrt.d fa0, fs2
core   0: 1 0x0000000080004d10 (0x5a097553) f10 0x7ff8000000000000
core   0: 0x0000000080004d14 (0x025252bb) divuw   t0, tp, t0
core   0: 1 0x0000000080004d14 (0x025252bb) x5  0xffffffffffffffff
core   0: 0x0000000080004d18 (0x039ecebb) divw    t4, t4, s9
core   0: 1 0x0000000080004d18 (0x039ecebb) x29 0x0000000000000000
core   0: 0x0000000080004d1c (0x000ca493) slti    s1, s9, 0
core   0: 1 0x0000000080004d1c (0x000ca493) x9  0x0000000000000001
core   0: 0x0000000080004d20 (0x000d4893) xori    a7, s10, 0
core   0: 1 0x0000000080004d20 (0x000d4893) x17 0x0000000000000000
core   0: 0x0000000080004d24 (0xa2a30dd3) fle.d   s11, ft6, fa0
core   0: 1 0x0000000080004d24 (0xa2a30dd3) c1_fflags 0x0000000000000010 x27 0x0000000000000000
core   0: 0x0000000080004d28 (0x01958233) add     tp, a1, s9
core   0: 1 0x0000000080004d28 (0x01958233) x4  0x00000000c02b0e29
core   0: 0x0000000080004d2c (0x01dedeb3) srl     t4, t4, t4
core   0: 1 0x0000000080004d2c (0x01dedeb3) x29 0x0000000000000000
core   0: 0x0000000080004d30 (0xe8cd8b1b) addiw   s6, s11, -372
core   0: 1 0x0000000080004d30 (0xe8cd8b1b) x22 0xfffffffffffffe8c
core   0: 0x0000000080004d34 (0x026b61b3) rem     gp, s6, t1
core   0: 1 0x0000000080004d34 (0x026b61b3) x3  0xfffffffffffffe8c
core   0: 0x0000000080004d38 (0x000cc493) xori    s1, s9, 0
core   0: 1 0x0000000080004d38 (0x000cc493) x9  0xfffffffffffffbb6
core   0: 0x0000000080004d3c (0x0ff0000f) fence   iorw,iorw
core   0: 1 0x0000000080004d3c (0x0ff0000f)
core   0: 0x0000000080004d40 (0x00ab6b33) or      s6, s6, a0
core   0: 1 0x0000000080004d40 (0x00ab6b33) x22 0xfffffffffffffe8c
core   0: 0x0000000080004d44 (0x228a1d53) fsgnjn.d fs10, fs4, fs0
core   0: 1 0x0000000080004d44 (0x228a1d53) f26 0xfff8000000000000
core   0: 0x0000000080004d48 (0xd9b34cb7) lui     s9, 0xd9b34
core   0: 1 0x0000000080004d48 (0xd9b34cb7) x25 0xffffffffd9b34000
core   0: 0x0000000080004d4c (0xd2357bd3) fcvt.d.lu fs7, a0
core   0: 1 0x0000000080004d4c (0xd2357bd3) f23 0x0000000000000000
core   0: 0x0000000080004d50 (0x0ff0000f) fence   iorw,iorw
core   0: 1 0x0000000080004d50 (0x0ff0000f)
core   0: 0x0000000080004d54 (0xd023fed3) fcvt.s.l ft9, t2
core   0: 1 0x0000000080004d54 (0xd023fed3) f29 0xffffffffbf800000
core   0: 0x0000000080004d58 (0xeba4704b) fnmsub.d ft0, fs0, fs10, ft9
core   0: 1 0x0000000080004d58 (0xeba4704b) f0  0x7ff8000000000000
core   0: 0x0000000080004d5c (0x72108993) addi    s3, ra, 1825
core   0: 1 0x0000000080004d5c (0x72108993) x19 0x0000000080004735
core   0: 0x0000000080004d60 (0x3557f093) andi    ra, a5, 853
core   0: 1 0x0000000080004d60 (0x3557f093) x1  0x0000000000000110
core   0: 0x0000000080004d64 (0x4130dc3b) sraw    s8, ra, s3
core   0: 1 0x0000000080004d64 (0x4130dc3b) x24 0x0000000000000000
core   0: 0x0000000080004d68 (0x401bd913) srai    s2, s7, 1
core   0: 1 0x0000000080004d68 (0x401bd913) x18 0x0000000000000000
core   0: 0x0000000080004d6c (0x41715113) srai    sp, sp, 23
core   0: 1 0x0000000080004d6c (0x41715113) x2  0x0000000000000000
core   0: 0x0000000080004d70 (0xc02ff153) fcvt.l.s sp, ft11
core   0: 1 0x0000000080004d70 (0xc02ff153) c1_fflags 0x0000000000000010 x2  0x7fffffffffffffff
core   0: 0x0000000080004d74 (0x002c1c73) csrrw   s8, frm, s8
core   0: 1 0x0000000080004d74 (0x002c1c73) x24 0x0000000000000000 c2_frm 0x0000000000000000
core   0: 0x0000000080004d78 (0x4155dbbb) sraw    s7, a1, s5
core   0: 1 0x0000000080004d78 (0x4155dbbb) x23 0xffffffffc02b1273
core   0: 0x0000000080004d7c (0xc02072d3) fcvt.l.s t0, ft0
core   0: 1 0x0000000080004d7c (0xc02072d3) c1_fflags 0x0000000000000010 x5  0x7fffffffffffffff
core   0: 0x0000000080004d80 (0xfff78a1b) addiw   s4, a5, -1
core   0: 1 0x0000000080004d80 (0xfff78a1b) x20 0xffffffff80004d0f
core   0: 0x0000000080004d84 (0x001a60b3) or      ra, s4, ra
core   0: 1 0x0000000080004d84 (0x001a60b3) x1  0xffffffff80004d1f
core   0: 0x0000000080004d88 (0x02177733) remu    a4, a4, ra
core   0: 1 0x0000000080004d88 (0x02177733) x14 0x0000000000000002
core   0: 0x0000000080004d8c (0x00121dbb) sllw    s11, tp, ra
core   0: 1 0x0000000080004d8c (0x00121dbb) x27 0xffffffff80000000
core   0: 0x0000000080004d90 (0x0002929b) slliw   t0, t0, 0
core   0: 1 0x0000000080004d90 (0x0002929b) x5  0xffffffffffffffff
core   0: 0x0000000080004d94 (0x00000001) c.nop
core   0: 1 0x0000000080004d94 (0x0001)
core   0: 0x0000000080004d96 (0x01b5533b) srlw    t1, a0, s11
core   0: 1 0x0000000080004d96 (0x01b5533b) x6  0x0000000000000000
core   0: 0x0000000080004d9a (0x0000919b) slliw   gp, ra, 0
core   0: 1 0x0000000080004d9a (0x0000919b) x3  0xffffffff80004d1f
core   0: 0x0000000080004d9e (0x03917c53) fadd.d  fs8, ft2, fs9
core   0: 1 0x0000000080004d9e (0x03917c53) f24 0x7ff8000000000000
core   0: 0x0000000080004da2 (0xc03c7853) fcvt.lu.s a6, fs8
core   0: 1 0x0000000080004da2 (0xc03c7853) c1_fflags 0x0000000000000010 x16 0xffffffffffffffff
core   0: 0x0000000080004da6 (0x03ad7ebb) remuw   t4, s10, s10
core   0: 1 0x0000000080004da6 (0x03ad7ebb) x29 0x0000000000000000
core   0: 0x0000000080004daa (0x00009d9b) slliw   s11, ra, 0
core   0: 1 0x0000000080004daa (0x00009d9b) x27 0xffffffff80004d1f
core   0: 0x0000000080004dae (0x02add833) divu    a6, s11, a0
core   0: 1 0x0000000080004dae (0x02add833) x16 0xffffffffffffffff
core   0: 0x0000000080004db2 (0x00b59533) sll     a0, a1, a1
core   0: 1 0x0000000080004db2 (0x00b59533) x10 0x9398000000000000
core   0: 0x0000000080004db6 (0x001011f3) csrrw   gp, fflags, zero
core   0: 1 0x0000000080004db6 (0x001011f3) x3  0x0000000000000010 c1_fflags 0x0000000000000000
core   0: 0x0000000080004dba (0x00202e73) csrrs   t3, frm, zero
core   0: 1 0x0000000080004dba (0x00202e73) x28 0x0000000000000000
core   0: 0x0000000080004dbe (0x001024b3) slt     s1, zero, ra
core   0: 1 0x0000000080004dbe (0x001024b3) x9  0x0000000000000000
core   0: 0x0000000080004dc2 (0x00d9813b) addw    sp, s3, a3
core   0: 1 0x0000000080004dc2 (0x00d9813b) x2  0xffffffff80004735
core   0: 0x0000000080004dc6 (0x22630853) fsgnj.d fa6, ft6, ft6
core   0: 1 0x0000000080004dc6 (0x22630853) f16 0x0000000000000000
core   0: 0x0000000080004dca (0x416b87bb) subw    a5, s7, s6
core   0: 1 0x0000000080004dca (0x416b87bb) x15 0xffffffffc02b13e7
core   0: 0x0000000080004dce (0x0a0df2d3) fsub.d  ft5, fs11, ft0
core   0: 1 0x0000000080004dce (0x0a0df2d3) f5  0x7ff8000000000000
core   0: 0x0000000080004dd2 (0x01711bb3) sll     s7, sp, s7
core   0: 1 0x0000000080004dd2 (0x01711bb3) x23 0x39a8000000000000
core   0: 0x0000000080004dd6 (0xc022f853) fcvt.l.s a6, ft5
core   0: 1 0x0000000080004dd6 (0xc022f853) c1_fflags 0x0000000000000010 x16 0x7fffffffffffffff
core   0: 0x0000000080004dda (0xd234f753) fcvt.d.lu fa4, s1
core   0: 1 0x0000000080004dda (0xd234f753) f14 0x0000000000000000
core   0: 0x0000000080004dde (0x015cda33) srl     s4, s9, s5
core   0: 1 0x0000000080004dde (0x015cda33) x20 0xffffffffd9b34000
core   0: 0x0000000080004de2 (0xa2127247) fmsub.d ft4, ft4, ft1, fs4
core   0: 1 0x0000000080004de2 (0xa2127247) f4  0x7ff8000000000000
core   0: 0x0000000080004de6 (0x037824b3) mulhsu  s1, a6, s7
core   0: 1 0x0000000080004de6 (0x037824b3) x9  0x1cd3ffffffffffff
core   0: 0x0000000080004dea (0x4004d513) srai    a0, s1, 0
core   0: 1 0x0000000080004dea (0x4004d513) x10 0x1cd3ffffffffffff
core   0: 0x0000000080004dee (0x0029813b) addw    sp, s3, sp
core   0: 1 0x0000000080004dee (0x0029813b) x2  0x0000000000008e6a
core   0: 0x0000000080004df2 (0x01fbdb1b) srliw   s6, s7, 31
core   0: 1 0x0000000080004df2 (0x01fbdb1b) x22 0x0000000000000000
core   0: 0x0000000080004df6 (0x000b881b) sext.w  a6, s7
core   0: 1 0x0000000080004df6 (0x000b881b) x16 0x0000000000000000
core   0: 0x0000000080004dfa (0x401b5b1b) sraiw   s6, s6, 1
core   0: 1 0x0000000080004dfa (0x401b5b1b) x22 0x0000000000000000
core   0: 0x0000000080004dfe (0x0297c03b) divw    zero, a5, s1
core   0: 1 0x0000000080004dfe (0x0297c03b)
core   0: 0x0000000080004e02 (0x024a5633) divu    a2, s4, tp
core   0: 1 0x0000000080004e02 (0x024a5633) x12 0x000000015508db87
core   0: 0x0000000080004e06 (0xc229f453) fcvt.l.d s0, fs3
core   0: 1 0x0000000080004e06 (0xc229f453) x8  0x0000000000000000
core   0: 0x0000000080004e0a (0x8cb13a97) auipc   s5, 0x8cb13
core   0: 1 0x0000000080004e0a (0x8cb13a97) x21 0x000000000cb17e0a
core   0: 0x0000000080004e0e (0x0221643b) remw    s0, sp, sp
core   0: 1 0x0000000080004e0e (0x0221643b) x8  0x0000000000000000
core   0: 0x0000000080004e12 (0xd2267c53) fcvt.d.l fs8, a2
core   0: 1 0x0000000080004e12 (0xd2267c53) f24 0x41f5508db8700000
core   0: 0x0000000080004e16 (0x4011f1d3) fcvt.s.d ft3, ft3
core   0: 1 0x0000000080004e16 (0x4011f1d3) f3  0xffffffff00000000
core   0: 0x0000000080004e1a (0x2381f7cb) fnmsub.d fa5, ft3, fs8, ft4
core   0: 1 0x0000000080004e1a (0x2381f7cb) f15 0x7ff8000000000000
core   0: 0x0000000080004e1e (0xd2158653) fcvt.d.wu fa2, a1
core   0: 1 0x0000000080004e1e (0xd2158653) f12 0x41e805624e600000
core   0: 0x0000000080004e22 (0x418c5c33) sra     s8, s8, s8
core   0: 1 0x0000000080004e22 (0x418c5c33) x24 0x0000000000000000
core   0: 0x0000000080004e26 (0x001ada93) srli    s5, s5, 1
core   0: 1 0x0000000080004e26 (0x001ada93) x21 0x000000000658bf05
core   0: 0x0000000080004e2a (0xe6763697) auipc   a3, 0xe6763
core   0: 1 0x0000000080004e2a (0xe6763697) x13 0x0000000066767e2a
core   0: 0x0000000080004e2e (0x33927c97) auipc   s9, 0x33927
core   0: 1 0x0000000080004e2e (0x33927c97) x25 0x00000000b392be2e
core   0: 0x0000000080004e32 (0x419881bb) subw    gp, a7, s9
core   0: 1 0x0000000080004e32 (0x419881bb) x3  0x000000004c6d41d2
core   0: 0x0000000080004e36 (0x0231c933) div     s2, gp, gp
core   0: 1 0x0000000080004e36 (0x0231c933) x18 0x0000000000000001
core   0: 0x0000000080004e3a (0x000e5e13) srli    t3, t3, 0
core   0: 1 0x0000000080004e3a (0x000e5e13) x28 0x0000000000000000
core   0: 0x0000000080004e3e (0x01db1933) sll     s2, s6, t4
core   0: 1 0x0000000080004e3e (0x01db1933) x18 0x0000000000000000
core   0: 0x0000000080004e42 (0xc03c7cd3) fcvt.lu.s s9, fs8
core   0: 1 0x0000000080004e42 (0xc03c7cd3) c1_fflags 0x0000000000000010 x25 0xffffffffffffffff
core   0: 0x0000000080004e46 (0x002691f3) csrrw   gp, frm, a3
core   0: 1 0x0000000080004e46 (0x002691f3) x3  0x0000000000000000 c2_frm 0x0000000000000002
core   0: 0x0000000080004e4a (0x02c808b3) mul     a7, a6, a2
core   0: 1 0x0000000080004e4a (0x02c808b3) x17 0x0000000000000000
core   0: 0x0000000080004e4e (0x41610633) sub     a2, sp, s6
core   0: 1 0x0000000080004e4e (0x41610633) x12 0x0000000000008e6a
core   0: 0x0000000080004e52 (0xc02d7ad3) fcvt.l.s s5, fs10
core   0: 1 0x0000000080004e52 (0xc02d7ad3) c1_fflags 0x0000000000000010 x21 0x7fffffffffffffff
core   0: 0x0000000080004e56 (0x01875c33) srl     s8, a4, s8
core   0: 1 0x0000000080004e56 (0x01875c33) x24 0x0000000000000002
core   0: 0x0000000080004e5a (0x037c5593) srli    a1, s8, 55
core   0: 1 0x0000000080004e5a (0x037c5593) x11 0x0000000000000000
core   0: 0x0000000080004e5e (0xb0f5ca93) xori    s5, a1, -1265
core   0: 1 0x0000000080004e5e (0xb0f5ca93) x21 0xfffffffffffffb0f
core   0: 0x0000000080004e62 (0x4007581b) sraiw   a6, a4, 0
core   0: 1 0x0000000080004e62 (0x4007581b) x16 0x0000000000000002
core   0: 0x0000000080004e66 (0x3f522917) auipc   s2, 0x3f522
core   0: 1 0x0000000080004e66 (0x3f522917) x18 0x00000000bf526e66
core   0: 0x0000000080004e6a (0x422a51b7) lui     gp, 0x422a5
core   0: 1 0x0000000080004e6a (0x422a51b7) x3  0x00000000422a5000
core   0: 0x0000000080004e6e (0x00000001) c.nop
core   0: 1 0x0000000080004e6e (0x0001)
core   0: 0x0000000080004e70 (0x4018fa53) fcvt.s.d fs4, fa7
core   0: 1 0x0000000080004e70 (0x4018fa53) c1_fflags 0x0000000000000013 f20 0xffffffff00000000
core   0: 0x0000000080004e74 (0xccf18613) addi    a2, gp, -817
core   0: 1 0x0000000080004e74 (0xccf18613) x12 0x00000000422a4ccf
core   0: 0x0000000080004e78 (0x01b99bbb) sllw    s7, s3, s11
core   0: 1 0x0000000080004e78 (0x01b99bbb) x23 0xffffffff80000000
core   0: 0x0000000080004e7c (0xd20606d3) fcvt.d.w fa3, a2
core   0: 1 0x0000000080004e7c (0xd20606d3) f13 0x41d08a9333c00000
core   0: 0x0000000080004e80 (0xbb70f4c3) fmadd.d fs1, ft1, fs7, fs7
core   0: 1 0x0000000080004e80 (0xbb70f4c3) f9  0x0000000000000000
core   0: 0x0000000080004e84 (0xff4780b7) lui     ra, 0xff478
core   0: 1 0x0000000080004e84 (0xff4780b7) x1  0xffffffffff478000
core   0: 0x0000000080004e88 (0xc390809b) addiw   ra, ra, -967
core   0: 1 0x0000000080004e88 (0xc390809b) x1  0xffffffffff477c39
core   0: 0x0000000080004e8c (0x000000b6) c.slli  ra, 13
core   0: 1 0x0000000080004e8c (0x00b6) x1  0xffffffe8ef872000
core   0: 0x0000000080004e8e (0x000000d1) c.addi  ra, 20
core   0: 1 0x0000000080004e8e (0x00d1) x1  0xffffffe8ef872014
core   0: 0x0000000080004e90 (0xa29482d3) fle.d   t0, fs1, fs1
core   0: 1 0x0000000080004e90 (0xa29482d3) x5  0x0000000000000001
core   0: 0x0000000080004e94 (0x4059853b) subw    a0, s3, t0
core   0: 1 0x0000000080004e94 (0x4059853b) x10 0xffffffff80004734
core   0: 0x0000000080004e98 (0x01256a33) or      s4, a0, s2
core   0: 1 0x0000000080004e98 (0x01256a33) x20 0xffffffffbf526f76
core   0: 0x0000000080004e9c (0x411e0e3b) subw    t3, t3, a7
core   0: 1 0x0000000080004e9c (0x411e0e3b) x28 0x0000000000000000
core   0: 0x0000000080004ea0 (0x1afd7253) fdiv.d  ft4, fs10, fa5
core   0: 1 0x0000000080004ea0 (0x1afd7253) f4  0x7ff8000000000000
core   0: 0x0000000080004ea4 (0xc02a7753) fcvt.l.s a4, fs4
core   0: 1 0x0000000080004ea4 (0xc02a7753) x14 0x0000000000000000
core   0: 0x0000000080004ea8 (0x0017db13) srli    s6, a5, 1
core   0: 1 0x0000000080004ea8 (0x0017db13) x22 0x7fffffffe01589f3
core   0: 0x0000000080004eac (0x7ff04e93) xori    t4, zero, 2047
core   0: 1 0x0000000080004eac (0x7ff04e93) x29 0x00000000000007ff
core   0: 0x0000000080004eb0 (0x22968353) fsgnj.d ft6, fa3, fs1
core   0: 1 0x0000000080004eb0 (0x22968353) f6  0x41d08a9333c00000
core   0: 0x0000000080004eb4 (0xc20d7c53) fcvt.w.d s8, fs10
core   0: 1 0x0000000080004eb4 (0xc20d7c53) c1_fflags 0x0000000000000013 x24 0x000000007fffffff
core   0: 0x0000000080004eb8 (0x0043d39b) srliw   t2, t2, 4
core   0: 1 0x0000000080004eb8 (0x0043d39b) x7  0x000000000fffffff
core   0: 0x0000000080004ebc (0x401bfbd3) fcvt.s.d fs7, fs7
core   0: 1 0x0000000080004ebc (0x401bfbd3) f23 0xffffffff00000000
core   0: 0x0000000080004ec0 (0x400e561b) sraiw   a2, t3, 0
core   0: 1 0x0000000080004ec0 (0x400e561b) x12 0x0000000000000000
core   0: 0x0000000080004ec4 (0xc20b7d53) fcvt.w.d s10, fs6
core   0: 1 0x0000000080004ec4 (0xc20b7d53) c1_fflags 0x0000000000000013 x26 0x000000007fffffff
core   0: 0x0000000080004ec8 (0x001152b3) srl     t0, sp, ra
core   0: 1 0x0000000080004ec8 (0x001152b3) x5  0x0000000000000000
core   0: 0x0000000080004ecc (0xeaa6f8cf) fnmadd.d fa7, fa3, fa0, ft9
core   0: 1 0x0000000080004ecc (0xeaa6f8cf) f17 0x7ff8000000000000
core   0: 0x0000000080004ed0 (0x22fe97d3) fsgnjn.d fa5, ft9, fa5
core   0: 1 0x0000000080004ed0 (0x22fe97d3) f15 0xffffffffbf800000
core   0: 0x0000000080004ed4 (0x010d571b) srliw   a4, s10, 16
core   0: 1 0x0000000080004ed4 (0x010d571b) x14 0x0000000000007fff
core   0: 0x0000000080004ed8 (0x5a0cf853) fsqrt.d fa6, fs9
core   0: 1 0x0000000080004ed8 (0x5a0cf853) f16 0x7ff8000000000000
core   0: 0x0000000080004edc (0x00ee5eb3) srl     t4, t3, a4
core   0: 1 0x0000000080004edc (0x00ee5eb3) x29 0x0000000000000000
core   0: 0x0000000080004ee0 (0x000bd813) srli    a6, s7, 0
core   0: 1 0x0000000080004ee0 (0x000bd813) x16 0xffffffff80000000
core   0: 0x0000000080004ee4 (0x01285933) srl     s2, a6, s2
core   0: 1 0x0000000080004ee4 (0x01285933) x18 0x0000000003ffffff
core   0: 0x0000000080004ee8 (0x10ab1073) csrrw   zero, senvcfg, s6
core   0: 1 0x0000000080004ee8 (0x10ab1073) c266_senvcfg 0x0000000000000000
core   0: 0x0000000080004eec (0x00009e06) c.add   t3, ra
core   0: 1 0x0000000080004eec (0x9e06) x28 0xffffffe8ef872014
core   0: 0x0000000080004eee (0xf2088ad3) fmv.d.x fs5, a7
core   0: 1 0x0000000080004eee (0xf2088ad3) f21 0x0000000000000000
core   0: 0x0000000080004ef2 (0x5a0efe53) fsqrt.d ft8, ft9
core   0: 1 0x0000000080004ef2 (0x5a0efe53) f28 0x7ff8000000000000
core   0: 0x0000000080004ef6 (0xc4bb069b) addiw   a3, s6, -949
core   0: 1 0x0000000080004ef6 (0xc4bb069b) x13 0xffffffffe015863e
core   0: 0x0000000080004efa (0x8006c913) xori    s2, a3, -2048
core   0: 1 0x0000000080004efa (0x8006c913) x18 0x000000001fea7e3e
core   0: 0x0000000080004efe (0x23a020d3) fsgnjx.d ft1, ft0, fs10
core   0: 1 0x0000000080004efe (0x23a020d3) f1  0xfff8000000000000
core   0: 0x0000000080004f02 (0x0ff0000f) fence   iorw,iorw
core   0: 1 0x0000000080004f02 (0x0ff0000f)
core   0: 0x0000000080004f06 (0x00000001) c.nop
core   0: 1 0x0000000080004f06 (0x0001)
core   0: 0x0000000080004f08 (0x02180233) mul     tp, a6, ra
core   0: 1 0x0000000080004f08 (0x02180233) x4  0x883c6ff600000000
core   0: 0x0000000080004f0c (0xc03c7bd3) fcvt.lu.s s7, fs8
core   0: 1 0x0000000080004f0c (0xc03c7bd3) c1_fflags 0x0000000000000013 x23 0xffffffffffffffff
core   0: 0x0000000080004f10 (0x036b2e33) mulhsu  t3, s6, s6
core   0: 1 0x0000000080004f10 (0x036b2e33) x28 0x3fffffffe01589f3
core   0: 0x0000000080004f14 (0xd23e7953) fcvt.d.lu fs2, t3
core   0: 1 0x0000000080004f14 (0xd23e7953) c1_fflags 0x0000000000000013 f18 0x43cffffffff00ac4
core   0: 0x0000000080004f18 (0x00b0a0b3) slt     ra, ra, a1
core   0: 1 0x0000000080004f18 (0x00b0a0b3) x1  0x0000000000000001
core   0: 0x0000000080004f1c (0x12197b53) fmul.d  fs6, fs2, ft1
core   0: 1 0x0000000080004f1c (0x12197b53) f22 0x7ff8000000000000
core   0: 0x0000000080004f20 (0x00102c73) csrrs   s8, fflags, zero
core   0: 1 0x0000000080004f20 (0x00102c73) x24 0x0000000000000013
core   0: 0x0000000080004f24 (0x010a9ab3) sll     s5, s5, a6
core   0: 1 0x0000000080004f24 (0x010a9ab3) x21 0xfffffffffffffb0f
core   0: 0x0000000080004f28 (0x00202973) csrrs   s2, frm, zero
core   0: 1 0x0000000080004f28 (0x00202973) x18 0x0000000000000002
core   0: 0x0000000080004f2c (0x01d913b3) sll     t2, s2, t4
core   0: 1 0x0000000080004f2c (0x01d913b3) x7  0x0000000000000002
core   0: 0x0000000080004f30 (0xd5070e9b) addiw   t4, a4, -688
core   0: 1 0x0000000080004f30 (0xd5070e9b) x29 0x0000000000007d4f
core   0: 0x0000000080004f34 (0x3b18fd4f) fnmadd.d fs10, fa7, fa7, ft7
core   0: 1 0x0000000080004f34 (0x3b18fd4f) f26 0x7ff8000000000000
core   0: 0x0000000080004f38 (0x01ddc433) xor     s0, s11, t4
core   0: 1 0x0000000080004f38 (0x01ddc433) x8  0xffffffff80003050
core   0: 0x0000000080004f3c (0xa3408893) addi    a7, ra, -1484
core   0: 1 0x0000000080004f3c (0xa3408893) x17 0xfffffffffffffa35
core   0: 0x0000000080004f40 (0x42088ad3) fcvt.d.s fs5, fa7
core   0: 1 0x0000000080004f40 (0x42088ad3) f21 0x7ff8000000000000
core   0: 0x0000000080004f44 (0x80056393) ori     t2, a0, -2048
core   0: 1 0x0000000080004f44 (0x80056393) x7  0xffffffffffffff34
core   0: 0x0000000080004f48 (0x0174929b) slliw   t0, s1, 23
core   0: 1 0x0000000080004f48 (0x0174929b) x5  0xffffffffff800000
core   0: 0x0000000080004f4c (0x0012911b) slliw   sp, t0, 1
core   0: 1 0x0000000080004f4c (0x0012911b) x2  0xffffffffff000000
core   0: 0x0000000080004f50 (0x8cdbf893) andi    a7, s7, -1843
core   0: 1 0x0000000080004f50 (0x8cdbf893) x17 0xfffffffffffff8cd
core   0: 0x0000000080004f54 (0xd378fccf) fnmadd.d fs9, fa7, fs7, fs10
core   0: 1 0x0000000080004f54 (0xd378fccf) f25 0x7ff8000000000000
core   0: 0x0000000080004f58 (0xc0291df3) csrrw   s11, instret, s2
core   0: exception trap_illegal_instruction, epc 0x0000000080004f58
core   0:           tval 0x00000000c0291df3
core   0: >>>>  $xrv64i2p1_m2p0_a2p1_f2p2_d2p2_zicsr2p0_zifencei2p0_zmmul1p0_zba1p0_zbb1p0_zbc1p0_zbs1p0
core   0: 0x0000000080004000 (0x0080006f) j       pc + 0x8
core   0: 3 0x0000000080004000 (0x0080006f)
core   0: >>>>  mmode_exception_handler
core   0: 0x0000000080004008 (0x00002c17) auipc   s8, 0x2
core   0: 3 0x0000000080004008 (0x00002c17) x24 0x0000000080006008
core   0: 0x000000008000400c (0x04ec0c13) addi    s8, s8, 78
core   0: 3 0x000000008000400c (0x04ec0c13) x24 0x0000000080006056
core   0: 0x0000000080004010 (0x000c00e7) jalr    s8
core   0: 3 0x0000000080004010 (0x000c00e7) x1  0x0000000080004014
core   0: >>>>  any_handler
core   0: 0x0000000080006056 (0x341027f3) csrrs   a5, mepc, zero
core   0: 3 0x0000000080006056 (0x341027f3) x15 0x0000000080004f58
core   0: 0x000000008000605a (0x34202773) csrrs   a4, mcause, zero
core   0: 3 0x000000008000605a (0x34202773) x14 0x0000000000000002
core   0: 0x000000008000605e (0x142026f3) csrrs   a3, scause, zero
core   0: 3 0x000000008000605e (0x142026f3) x13 0x0000000000000000
core   0: 0x0000000080006062 (0x30402673) csrrs   a2, mie, zero
core   0: 3 0x0000000080006062 (0x30402673) x12 0x0000000000000a00
core   0: 0x0000000080006066 (0x344025f3) csrrs   a1, mip, zero
core   0: 3 0x0000000080006066 (0x344025f3) x11 0x0000000000000080
core   0: 0x000000008000606a (0x343025f3) csrrs   a1, mtval, zero
core   0: 3 0x000000008000606a (0x343025f3) x11 0x00000000c0291df3
core   0: 0x000000008000606e (0x14302573) csrrs   a0, stval, zero
core   0: 3 0x000000008000606e (0x14302573) x10 0x0000000000000000
core   0: 0x0000000080006072 (0xb02024f3) csrrs   s1, minstret, zero
core   0: 3 0x0000000080006072 (0xb02024f3) x9  0x0000000000000d41
core   0: 0x0000000080006076 (0x0000a811) c.j     pc + 20
core   0: 3 0x0000000080006076 (0xa811)
core   0: >>>>  mepc_4
core   0: 0x000000008000608a (0x00000791) c.addi  a5, 4
core   0: 3 0x000000008000608a (0x0791) x15 0x0000000080004f5c
core   0: 0x000000008000608c (0x34179073) csrrw   zero, mepc, a5
core   0: 3 0x000000008000608c (0x34179073) c833_mepc 0x0000000080004f5c
core   0: 0x0000000080006090 (0x30200073) mret
core   0: 3 0x0000000080006090 (0x30200073) c768_mstatus 0x8000000a00106080
core   0: 0x0000000080004f5c (0x000091ca) c.add   gp, s2
core   0: 1 0x0000000080004f5c (0x91ca) x3  0x00000000422a5002
core   0: 0x0000000080004f5e (0xc21af553) fcvt.wu.d a0, fs5
core   0: 1 0x0000000080004f5e (0xc21af553) c1_fflags 0x0000000000000013 x10 0xffffffffffffffff
core   0: 0x0000000080004f62 (0x50299c97) auipc   s9, 0x50299
core   0: 1 0x0000000080004f62 (0x50299c97) x25 0x00000000d029df62
core   0: 0x0000000080004f66 (0x00202df3) csrrs   s11, frm, zero
core   0: 1 0x0000000080004f66 (0x00202df3) x27 0x0000000000000002
core   0: 0x0000000080004f6a (0x03ec6c13) ori     s8, s8, 62
core   0: 1 0x0000000080004f6a (0x03ec6c13) x24 0x000000008000607e
core   0: 0x0000000080004f6e (0x00296133) or      sp, s2, sp
core   0: 1 0x0000000080004f6e (0x00296133) x2  0xffffffffff000002
core   0: 0x0000000080004f72 (0x02191b93) slli    s7, s2, 33
core   0: 1 0x0000000080004f72 (0x02191b93) x23 0x0000000400000000
core   0: 0x0000000080004f76 (0x01c2de33) srl     t3, t0, t3
core   0: 1 0x0000000080004f76 (0x01c2de33) x28 0x0000000000001fff
core   0: 0x0000000080004f7a (0x00abed33) or      s10, s7, a0
core   0: 1 0x0000000080004f7a (0x00abed33) x26 0xffffffffffffffff
core   0: 0x0000000080004f7e (0xd20381d3) fcvt.d.w ft3, t2
core   0: 1 0x0000000080004f7e (0xd20381d3) f3  0xc069800000000000
core   0: 0x0000000080004f82 (0xd23bfdd3) fcvt.d.lu fs11, s7
core   0: 1 0x0000000080004f82 (0xd23bfdd3) f27 0x4210000000000000
core   0: 0x0000000080004f86 (0x01665b1b) srliw   s6, a2, 22
core   0: 1 0x0000000080004f86 (0x01665b1b) x22 0x0000000000000000
core   0: 0x0000000080004f8a (0xc026f4d3) fcvt.l.s s1, fa3
core   0: 1 0x0000000080004f8a (0xc026f4d3) c1_fflags 0x0000000000000013 x9  0x7fffffffffffffff
core   0: 0x0000000080004f8e (0x03fdd013) srli    zero, s11, 63
core   0: 1 0x0000000080004f8e (0x03fdd013)
core   0: 0x0000000080004f92 (0xd21e0653) fcvt.d.wu fa2, t3
core   0: 1 0x0000000080004f92 (0xd21e0653) f12 0x40bfff0000000000
core   0: 0x0000000080004f96 (0xc221fbd3) fcvt.l.d s7, ft3
core   0: 1 0x0000000080004f96 (0xc221fbd3) x23 0xffffffffffffff34
core   0: 0x0000000080004f9a (0x5a06f0d3) fsqrt.d ft1, fa3
core   0: 1 0x0000000080004f9a (0x5a06f0d3) c1_fflags 0x0000000000000013 f1  0x40e044b6100fe5b2
core   0: 0x0000000080004f9e (0x0af0fcc7) fmsub.d fs9, ft1, fa5, ft1
core   0: 1 0x0000000080004f9e (0x0af0fcc7) f25 0x7ff8000000000000
core   0: 0x0000000080004fa2 (0x01c2521b) srliw   tp, tp, 28
core   0: 1 0x0000000080004fa2 (0x01c2521b) x4  0x0000000000000000
core   0: 0x0000000080004fa6 (0x01c905bb) addw    a1, s2, t3
core   0: 1 0x0000000080004fa6 (0x01c905bb) x11 0x0000000000002001
core   0: 0x0000000080004faa (0x1b50fe53) fdiv.d  ft8, ft1, fs5
core   0: 1 0x0000000080004faa (0x1b50fe53) f28 0x7ff8000000000000
core   0: 0x0000000080004fae (0x124ef053) fmul.d  ft0, ft9, ft4
core   0: 1 0x0000000080004fae (0x124ef053) f0  0x7ff8000000000000
core   0: 0x0000000080004fb2 (0xe2000153) fmv.x.d sp, ft0
core   0: 1 0x0000000080004fb2 (0xe2000153) x2  0x7ff8000000000000
core   0: 0x0000000080004fb6 (0x003df1b3) and     gp, s11, gp
core   0: 1 0x0000000080004fb6 (0x003df1b3) x3  0x0000000000000002
core   0: 0x0000000080004fba (0x000c9c93) slli    s9, s9, 0
core   0: 1 0x0000000080004fba (0x000c9c93) x25 0x00000000d029df62
core   0: 0x0000000080004fbe (0xc011ac73) csrrs   s8, time, gp
core   0: exception trap_illegal_instruction, epc 0x0000000080004fbe
core   0:           tval 0x00000000c011ac73
core   0: >>>>  $xrv64i2p1_m2p0_a2p1_f2p2_d2p2_zicsr2p0_zifencei2p0_zmmul1p0_zba1p0_zbb1p0_zbc1p0_zbs1p0
core   0: 0x0000000080004000 (0x0080006f) j       pc + 0x8
core   0: 3 0x0000000080004000 (0x0080006f)
core   0: >>>>  mmode_exception_handler
core   0: 0x0000000080004008 (0x00002c17) auipc   s8, 0x2
core   0: 3 0x0000000080004008 (0x00002c17) x24 0x0000000080006008
core   0: 0x000000008000400c (0x04ec0c13) addi    s8, s8, 78
core   0: 3 0x000000008000400c (0x04ec0c13) x24 0x0000000080006056
core   0: 0x0000000080004010 (0x000c00e7) jalr    s8
core   0: 3 0x0000000080004010 (0x000c00e7) x1  0x0000000080004014
core   0: >>>>  any_handler
core   0: 0x0000000080006056 (0x341027f3) csrrs   a5, mepc, zero
core   0: 3 0x0000000080006056 (0x341027f3) x15 0x0000000080004fbe
core   0: 0x000000008000605a (0x34202773) csrrs   a4, mcause, zero
core   0: 3 0x000000008000605a (0x34202773) x14 0x0000000000000002
core   0: 0x000000008000605e (0x142026f3) csrrs   a3, scause, zero
core   0: 3 0x000000008000605e (0x142026f3) x13 0x0000000000000000
core   0: 0x0000000080006062 (0x30402673) csrrs   a2, mie, zero
core   0: 3 0x0000000080006062 (0x30402673) x12 0x0000000000000a00
core   0: 0x0000000080006066 (0x344025f3) csrrs   a1, mip, zero
core   0: 3 0x0000000080006066 (0x344025f3) x11 0x0000000000000080
core   0: 0x000000008000606a (0x343025f3) csrrs   a1, mtval, zero
core   0: 3 0x000000008000606a (0x343025f3) x11 0x00000000c011ac73
core   0: 0x000000008000606e (0x14302573) csrrs   a0, stval, zero
core   0: 3 0x000000008000606e (0x14302573) x10 0x0000000000000000
core   0: 0x0000000080006072 (0xb02024f3) csrrs   s1, minstret, zero
core   0: 3 0x0000000080006072 (0xb02024f3) x9  0x0000000000000d6a
core   0: 0x0000000080006076 (0x0000a811) c.j     pc + 20
core   0: 3 0x0000000080006076 (0xa811)
core   0: >>>>  mepc_4
core   0: 0x000000008000608a (0x00000791) c.addi  a5, 4
core   0: 3 0x000000008000608a (0x0791) x15 0x0000000080004fc2
core   0: 0x000000008000608c (0x34179073) csrrw   zero, mepc, a5
core   0: 3 0x000000008000608c (0x34179073) c833_mepc 0x0000000080004fc2
core   0: 0x0000000080006090 (0x30200073) mret
core   0: 3 0x0000000080006090 (0x30200073) c768_mstatus 0x8000000a00106080
core   0: 0x0000000080004fc2 (0x401ef753) fcvt.s.d fa4, ft9
core   0: 1 0x0000000080004fc2 (0x401ef753) f14 0xffffffff7fc00000
core   0: 0x0000000080004fc6 (0x40cad2bb) sraw    t0, s5, a2
core   0: 1 0x0000000080004fc6 (0x40cad2bb) x5  0xfffffffffffffb0f
core   0: 0x0000000080004fca (0x0159151b) slliw   a0, s2, 21
core   0: 1 0x0000000080004fca (0x0159151b) x10 0x0000000000400000
core   0: 0x0000000080004fce (0xd2367b53) fcvt.d.lu fs6, a2
core   0: 1 0x0000000080004fce (0xd2367b53) f22 0x40a4000000000000
core   0: 0x0000000080004fd2 (0x00db0b3b) addw    s6, s6, a3
core   0: 1 0x0000000080004fd2 (0x00db0b3b) x22 0x0000000000000000
core   0: 0x0000000080004fd6 (0x01a999b3) sll     s3, s3, s10
core   0: 1 0x0000000080004fd6 (0x01a999b3) x19 0x8000000000000000
core   0: 0x0000000080004fda (0x1ae5f4c7) fmsub.d fs1, fa1, fa4, ft3
core   0: 1 0x0000000080004fda (0x1ae5f4c7) f9  0x7ff8000000000000
core   0: 0x0000000080004fde (0xd234f0d3) fcvt.d.lu ft1, s1
core   0: 1 0x0000000080004fde (0xd234f0d3) f1  0x40aad40000000000
core   0: 0x0000000080004fe2 (0x5def1537) lui     a0, 0x5def1
core   0: 1 0x0000000080004fe2 (0x5def1537) x10 0x000000005def1000
core   0: 0x0000000080004fe6 (0xc234f453) fcvt.lu.d s0, fs1
core   0: 1 0x0000000080004fe6 (0xc234f453) c1_fflags 0x0000000000000013 x8  0xffffffffffffffff
core   0: 0x0000000080004fea (0x2ab082d3) fmin.d  ft5, ft1, fa1
core   0: 1 0x0000000080004fea (0x2ab082d3) f5  0x0000000000000000
core   0: 0x0000000080004fee (0x23e00f53) fsgnj.d ft10, ft0, ft10
core   0: 1 0x0000000080004fee (0x23e00f53) f30 0x7ff8000000000000
core   0: 0x0000000080004ff2 (0x01565c93) srli    s9, a2, 21
core   0: 1 0x0000000080004ff2 (0x01565c93) x25 0x0000000000000000
core   0: 0x0000000080004ff6 (0xc230fbd3) fcvt.lu.d s7, ft1
core   0: 1 0x0000000080004ff6 (0xc230fbd3) x23 0x0000000000000d6a
core   0: 0x0000000080004ffa (0x0176163b) sllw    a2, a2, s7
core   0: 1 0x0000000080004ffa (0x0176163b) x12 0x0000000000280000
core   0: 0x0000000080004ffe (0x00049a1b) slliw   s4, s1, 0
core   0: 1 0x0000000080004ffe (0x00049a1b) x20 0x0000000000000d6a
core   0: 0x0000000080005002 (0x02b17153) fadd.d  ft2, ft2, fa1
core   0: 1 0x0000000080005002 (0x02b17153) f2  0x7ff8000000000000
core   0: 0x0000000080005006 (0x4178d53b) sraw    a0, a7, s7
core   0: 1 0x0000000080005006 (0x4178d53b) x10 0xfffffffffffffffe
core   0: 0x000000008000500a (0xd27ce113) ori     sp, s9, -729
core   0: 1 0x000000008000500a (0xd27ce113) x2  0xfffffffffffffd27
core   0: 0x000000008000500e (0x0abf774b) fnmsub.d fa4, ft10, fa1, ft1
core   0: 1 0x000000008000500e (0x0abf774b) f14 0x7ff8000000000000
core   0: 0x0000000080005012 (0x01775b3b) srlw    s6, a4, s7
core   0: 1 0x0000000080005012 (0x01775b3b) x22 0x0000000000000000
core   0: 0x0000000080005016 (0x00000001) c.nop
core   0: 1 0x0000000080005016 (0x0001)
core   0: 0x0000000080005018 (0xe2078ad3) fmv.x.d s5, fa5
core   0: 1 0x0000000080005018 (0xe2078ad3) x21 0xffffffffbf800000
core   0: 0x000000008000501c (0x13437fd3) fmul.d  ft11, ft6, fs4
core   0: 1 0x000000008000501c (0x13437fd3) f31 0x7ff8000000000000
core   0: 0x0000000080005020 (0x00eb5033) srl     zero, s6, a4
core   0: 1 0x0000000080005020 (0x00eb5033)
core   0: 0x0000000080005024 (0xc21ffbd3) fcvt.wu.d s7, ft11
core   0: 1 0x0000000080005024 (0xc21ffbd3) c1_fflags 0x0000000000000013 x23 0xffffffffffffffff
core   0: 0x0000000080005028 (0x0209f0bb) remuw   ra, s3, zero
core   0: 1 0x0000000080005028 (0x0209f0bb) x1  0x0000000000000000
core   0: 0x000000008000502c (0x001c92f3) csrrw   t0, fflags, s9
core   0: 1 0x000000008000502c (0x001c92f3) x5  0x0000000000000013 c1_fflags 0x0000000000000000
core   0: 0x0000000080005030 (0x3443ea73) csrrsi  s4, mip, 7
core   0: exception trap_illegal_instruction, epc 0x0000000080005030
core   0:           tval 0x000000003443ea73
core   0: >>>>  $xrv64i2p1_m2p0_a2p1_f2p2_d2p2_zicsr2p0_zifencei2p0_zmmul1p0_zba1p0_zbb1p0_zbc1p0_zbs1p0
core   0: 0x0000000080004000 (0x0080006f) j       pc + 0x8
core   0: 3 0x0000000080004000 (0x0080006f)
core   0: >>>>  mmode_exception_handler
core   0: 0x0000000080004008 (0x00002c17) auipc   s8, 0x2
core   0: 3 0x0000000080004008 (0x00002c17) x24 0x0000000080006008
core   0: 0x000000008000400c (0x04ec0c13) addi    s8, s8, 78
core   0: 3 0x000000008000400c (0x04ec0c13) x24 0x0000000080006056
core   0: 0x0000000080004010 (0x000c00e7) jalr    s8
core   0: 3 0x0000000080004010 (0x000c00e7) x1  0x0000000080004014
core   0: >>>>  any_handler
core   0: 0x0000000080006056 (0x341027f3) csrrs   a5, mepc, zero
core   0: 3 0x0000000080006056 (0x341027f3) x15 0x0000000080005030
core   0: 0x000000008000605a (0x34202773) csrrs   a4, mcause, zero
core   0: 3 0x000000008000605a (0x34202773) x14 0x0000000000000002
core   0: 0x000000008000605e (0x142026f3) csrrs   a3, scause, zero
core   0: 3 0x000000008000605e (0x142026f3) x13 0x0000000000000000
core   0: 0x0000000080006062 (0x30402673) csrrs   a2, mie, zero
core   0: 3 0x0000000080006062 (0x30402673) x12 0x0000000000000a00
core   0: 0x0000000080006066 (0x344025f3) csrrs   a1, mip, zero
core   0: 3 0x0000000080006066 (0x344025f3) x11 0x0000000000000080
core   0: 0x000000008000606a (0x343025f3) csrrs   a1, mtval, zero
core   0: 3 0x000000008000606a (0x343025f3) x11 0x000000003443ea73
core   0: 0x000000008000606e (0x14302573) csrrs   a0, stval, zero
core   0: 3 0x000000008000606e (0x14302573) x10 0x0000000000000000
core   0: 0x0000000080006072 (0xb02024f3) csrrs   s1, minstret, zero
core   0: 3 0x0000000080006072 (0xb02024f3) x9  0x0000000000000d96
core   0: 0x0000000080006076 (0x0000a811) c.j     pc + 20
core   0: 3 0x0000000080006076 (0xa811)
core   0: >>>>  mepc_4
core   0: 0x000000008000608a (0x00000791) c.addi  a5, 4
core   0: 3 0x000000008000608a (0x0791) x15 0x0000000080005034
core   0: 0x000000008000608c (0x34179073) csrrw   zero, mepc, a5
core   0: 3 0x000000008000608c (0x34179073) c833_mepc 0x0000000080005034
core   0: 0x0000000080006090 (0x30200073) mret
core   0: 3 0x0000000080006090 (0x30200073) c768_mstatus 0x8000000a00106080
core   0: 0x0000000080005034 (0xb8aa6613) ori     a2, s4, -1142
core   0: 1 0x0000000080005034 (0xb8aa6613) x12 0xffffffffffffffea
core   0: 0x0000000080005038 (0x420483d3) fcvt.d.s ft7, fs1
core   0: 1 0x0000000080005038 (0x420483d3) f7  0x7ff8000000000000
core   0: 0x000000008000503c (0x02f017b3) mulh    a5, zero, a5
core   0: 1 0x000000008000503c (0x02f017b3) x15 0x0000000000000000
core   0: 0x0000000080005040 (0x414a82b3) sub     t0, s5, s4
core   0: 1 0x0000000080005040 (0x414a82b3) x5  0xffffffffbf7ff296
core   0: 0x0000000080005044 (0x417a8bb3) sub     s7, s5, s7
core   0: 1 0x0000000080005044 (0x417a8bb3) x23 0xffffffffbf800001
core   0: 0x0000000080005048 (0x006d9693) slli    a3, s11, 6
core   0: 1 0x0000000080005048 (0x006d9693) x13 0x0000000000000080
core   0: 0x000000008000504c (0xe26c7c47) fmsub.d fs8, fs8, ft6, ft8
core   0: 1 0x000000008000504c (0xe26c7c47) f24 0x7ff8000000000000
core   0: 0x0000000080005050 (0xd21685d3) fcvt.d.wu fa1, a3
core   0: 1 0x0000000080005050 (0xd21685d3) f11 0x4060000000000000
core   0: 0x0000000080005054 (0x006380bb) addw    ra, t2, t1
core   0: 1 0x0000000080005054 (0x006380bb) x1  0xffffffffffffff34
core   0: 0x0000000080005058 (0x40f70c33) sub     s8, a4, a5
core   0: 1 0x0000000080005058 (0x40f70c33) x24 0x0000000000000002
core   0: 0x000000008000505c (0x4011f1d3) fcvt.s.d ft3, ft3
core   0: 1 0x000000008000505c (0x4011f1d3) f3  0xffffffffc34c0000
core   0: 0x0000000080005060 (0x1a457553) fdiv.d  fa0, fa0, ft4
core   0: 1 0x0000000080005060 (0x1a457553) f10 0x7ff8000000000000
core   0: 0x0000000080005064 (0x4013dc93) srai    s9, t2, 1
core   0: 1 0x0000000080005064 (0x4013dc93) x25 0xffffffffffffff9a
core   0: 0x0000000080005068 (0x002021f3) csrrs   gp, frm, zero
core   0: 1 0x0000000080005068 (0x002021f3) x3  0x0000000000000002
core   0: 0x000000008000506c (0x017e6e33) or      t3, t3, s7
core   0: 1 0x000000008000506c (0x017e6e33) x28 0xffffffffbf801fff
core   0: 0x0000000080005070 (0x5a0a7a53) fsqrt.d fs4, fs4
core   0: 1 0x0000000080005070 (0x5a0a7a53) f20 0x7ff8000000000000
core   0: 0x0000000080005074 (0x00081693) slli    a3, a6, 0
core   0: 1 0x0000000080005074 (0x00081693) x13 0xffffffff80000000
core   0: 0x0000000080005078 (0x235a0ad3) fsgnj.d fs5, fs4, fs5
core   0: 1 0x0000000080005078 (0x235a0ad3) f21 0x7ff8000000000000
core   0: 0x000000008000507c (0x82357d47) fmsub.d fs10, fa0, ft3, fa6
core   0: 1 0x000000008000507c (0x82357d47) f26 0x7ff8000000000000
core   0: 0x0000000080005080 (0x14319af3) csrrw   s5, stval, gp
core   0: 1 0x0000000080005080 (0x14319af3) x21 0x0000000000000000 c323_stval 0x0000000000000002
core   0: 0x0000000080005084 (0x015d1ebb) sllw    t4, s10, s5
core   0: 1 0x0000000080005084 (0x015d1ebb) x29 0xffffffffffffffff
core   0: 0x0000000080005088 (0x02a1e733) rem     a4, gp, a0
core   0: 1 0x0000000080005088 (0x02a1e733) x14 0x0000000000000002
core   0: 0x000000008000508c (0xd226fe53) fcvt.d.l ft8, a3
core   0: 1 0x000000008000508c (0xd226fe53) f28 0xc1e0000000000000
core   0: 0x0000000080005090 (0x8aec4213) xori    tp, s8, -1874
core   0: 1 0x0000000080005090 (0x8aec4213) x4  0xfffffffffffff8ac
core   0: 0x0000000080005094 (0xb9670113) addi    sp, a4, -1130
core   0: 1 0x0000000080005094 (0xb9670113) x2  0xfffffffffffffb98
core   0: 0x0000000080005098 (0x017eacb3) slt     s9, t4, s7
core   0: 1 0x0000000080005098 (0x017eacb3) x25 0x0000000000000000
core   0: 0x000000008000509c (0x0006969b) slliw   a3, a3, 0
core   0: 1 0x000000008000509c (0x0006969b) x13 0xffffffff80000000
core   0: 0x00000000800050a0 (0x400cdd93) srai    s11, s9, 0
core   0: 1 0x00000000800050a0 (0x400cdd93) x27 0x0000000000000000
core   0: 0x00000000800050a4 (0x02abfbd3) fadd.d  fs7, fs7, fa0
core   0: 1 0x00000000800050a4 (0x02abfbd3) f23 0x7ff8000000000000
core   0: 0x00000000800050a8 (0x02f0d0bb) divuw   ra, ra, a5
core   0: 1 0x00000000800050a8 (0x02f0d0bb) x1  0xffffffffffffffff
core   0: 0x00000000800050ac (0x343e7c73) csrrci  s8, mtval, 28
core   0: exception trap_illegal_instruction, epc 0x00000000800050ac
core   0:           tval 0x00000000343e7c73
core   0: >>>>  $xrv64i2p1_m2p0_a2p1_f2p2_d2p2_zicsr2p0_zifencei2p0_zmmul1p0_zba1p0_zbb1p0_zbc1p0_zbs1p0
core   0: 0x0000000080004000 (0x0080006f) j       pc + 0x8
core   0: 3 0x0000000080004000 (0x0080006f)
core   0: >>>>  mmode_exception_handler
core   0: 0x0000000080004008 (0x00002c17) auipc   s8, 0x2
core   0: 3 0x0000000080004008 (0x00002c17) x24 0x0000000080006008
core   0: 0x000000008000400c (0x04ec0c13) addi    s8, s8, 78
core   0: 3 0x000000008000400c (0x04ec0c13) x24 0x0000000080006056
core   0: 0x0000000080004010 (0x000c00e7) jalr    s8
core   0: 3 0x0000000080004010 (0x000c00e7) x1  0x0000000080004014
core   0: >>>>  any_handler
core   0: 0x0000000080006056 (0x341027f3) csrrs   a5, mepc, zero
core   0: 3 0x0000000080006056 (0x341027f3) x15 0x00000000800050ac
core   0: 0x000000008000605a (0x34202773) csrrs   a4, mcause, zero
core   0: 3 0x000000008000605a (0x34202773) x14 0x0000000000000002
core   0: 0x000000008000605e (0x142026f3) csrrs   a3, scause, zero
core   0: 3 0x000000008000605e (0x142026f3) x13 0x0000000000000000
core   0: 0x0000000080006062 (0x30402673) csrrs   a2, mie, zero
core   0: 3 0x0000000080006062 (0x30402673) x12 0x0000000000000a00
core   0: 0x0000000080006066 (0x344025f3) csrrs   a1, mip, zero
core   0: 3 0x0000000080006066 (0x344025f3) x11 0x0000000000000080
core   0: 0x000000008000606a (0x343025f3) csrrs   a1, mtval, zero
core   0: 3 0x000000008000606a (0x343025f3) x11 0x00000000343e7c73
core   0: 0x000000008000606e (0x14302573) csrrs   a0, stval, zero
core   0: 3 0x000000008000606e (0x14302573) x10 0x0000000000000002
core   0: 0x0000000080006072 (0xb02024f3) csrrs   s1, minstret, zero
core   0: 3 0x0000000080006072 (0xb02024f3) x9  0x0000000000000dc4
core   0: 0x0000000080006076 (0x0000a811) c.j     pc + 20
core   0: 3 0x0000000080006076 (0xa811)
core   0: >>>>  mepc_4
core   0: 0x000000008000608a (0x00000791) c.addi  a5, 4
core   0: 3 0x000000008000608a (0x0791) x15 0x00000000800050b0
core   0: 0x000000008000608c (0x34179073) csrrw   zero, mepc, a5
core   0: 3 0x000000008000608c (0x34179073) c833_mepc 0x00000000800050b0
core   0: 0x0000000080006090 (0x30200073) mret
core   0: 3 0x0000000080006090 (0x30200073) c768_mstatus 0x8000000a00106080
core   0: 0x00000000800050b0 (0xd03c7c53) fcvt.s.lu fs8, s8
core   0: 1 0x00000000800050b0 (0xd03c7c53) c1_fflags 0x0000000000000001 f24 0xffffffff4f000060
core   0: 0x00000000800050b4 (0xd230f253) fcvt.d.lu ft4, ra
core   0: 1 0x00000000800050b4 (0xd230f253) f4  0x41e0000802800000
core   0: 0x00000000800050b8 (0x00000001) c.nop
core   0: 1 0x00000000800050b8 (0x0001)
core   0: 0x00000000800050ba (0x014e08bb) addw    a7, t3, s4
core   0: 1 0x00000000800050ba (0x014e08bb) x17 0xffffffffbf802d69
core   0: 0x00000000800050be (0x0003939b) slliw   t2, t2, 0
core   0: 1 0x00000000800050be (0x0003939b) x7  0xffffffffffffff34
core   0: 0x00000000800050c2 (0x02e0403b) divw    zero, zero, a4
core   0: 1 0x00000000800050c2 (0x02e0403b)
core   0: 0x00000000800050c6 (0x0203e03b) remw    zero, t2, zero
core   0: 1 0x00000000800050c6 (0x0203e03b)
core   0: 0x00000000800050ca (0x0b7c7353) fsub.d  ft6, fs8, fs7
core   0: 1 0x00000000800050ca (0x0b7c7353) f6  0x7ff8000000000000
core   0: 0x00000000800050ce (0x12987853) fmul.d  fa6, fa6, fs1
core   0: 1 0x00000000800050ce (0x12987853) f16 0x7ff8000000000000
core   0: 0x00000000800050d2 (0x019a5e17) auipc   t3, 0x19a5
core   0: 1 0x00000000800050d2 (0x019a5e17) x28 0x00000000819aa0d2
core   0: 0x00000000800050d6 (0x22a08a53) fsgnj.d fs4, ft1, fa0
core   0: 1 0x00000000800050d6 (0x22a08a53) f20 0x40aad40000000000
core   0: 0x00000000800050da (0x0151583b) srlw    a6, sp, s5
core   0: 1 0x00000000800050da (0x0151583b) x16 0xfffffffffffffb98
core   0: 0x00000000800050de (0x310cb673) csrrc   a2, mstatush, s9
core   0: exception trap_illegal_instruction, epc 0x00000000800050de
core   0:           tval 0x00000000310cb673
core   0: >>>>  $xrv64i2p1_m2p0_a2p1_f2p2_d2p2_zicsr2p0_zifencei2p0_zmmul1p0_zba1p0_zbb1p0_zbc1p0_zbs1p0
core   0: 0x0000000080004000 (0x0080006f) j       pc + 0x8
core   0: 3 0x0000000080004000 (0x0080006f)
core   0: >>>>  mmode_exception_handler
core   0: 0x0000000080004008 (0x00002c17) auipc   s8, 0x2
core   0: 3 0x0000000080004008 (0x00002c17) x24 0x0000000080006008
core   0: 0x000000008000400c (0x04ec0c13) addi    s8, s8, 78
core   0: 3 0x000000008000400c (0x04ec0c13) x24 0x0000000080006056
core   0: 0x0000000080004010 (0x000c00e7) jalr    s8
core   0: 3 0x0000000080004010 (0x000c00e7) x1  0x0000000080004014
core   0: >>>>  any_handler
core   0: 0x0000000080006056 (0x341027f3) csrrs   a5, mepc, zero
core   0: 3 0x0000000080006056 (0x341027f3) x15 0x00000000800050de
core   0: 0x000000008000605a (0x34202773) csrrs   a4, mcause, zero
core   0: 3 0x000000008000605a (0x34202773) x14 0x0000000000000002
core   0: 0x000000008000605e (0x142026f3) csrrs   a3, scause, zero
core   0: 3 0x000000008000605e (0x142026f3) x13 0x0000000000000000
core   0: 0x0000000080006062 (0x30402673) csrrs   a2, mie, zero
core   0: 3 0x0000000080006062 (0x30402673) x12 0x0000000000000a00
core   0: 0x0000000080006066 (0x344025f3) csrrs   a1, mip, zero
core   0: 3 0x0000000080006066 (0x344025f3) x11 0x0000000000000080
core   0: 0x000000008000606a (0x343025f3) csrrs   a1, mtval, zero
core   0: 3 0x000000008000606a (0x343025f3) x11 0x00000000310cb673
core   0: 0x000000008000606e (0x14302573) csrrs   a0, stval, zero
core   0: 3 0x000000008000606e (0x14302573) x10 0x0000000000000002
core   0: 0x0000000080006072 (0xb02024f3) csrrs   s1, minstret, zero
core   0: 3 0x0000000080006072 (0xb02024f3) x9  0x0000000000000de0
core   0: 0x0000000080006076 (0x0000a811) c.j     pc + 20
core   0: 3 0x0000000080006076 (0xa811)
core   0: >>>>  mepc_4
core   0: 0x000000008000608a (0x00000791) c.addi  a5, 4
core   0: 3 0x000000008000608a (0x0791) x15 0x00000000800050e2
core   0: 0x000000008000608c (0x34179073) csrrw   zero, mepc, a5
core   0: 3 0x000000008000608c (0x34179073) c833_mepc 0x00000000800050e2
core   0: 0x0000000080006090 (0x30200073) mret
core   0: 3 0x0000000080006090 (0x30200073) c768_mstatus 0x8000000a00106080
core   0: 0x00000000800050e2 (0x000a9693) slli    a3, s5, 0
core   0: 1 0x00000000800050e2 (0x000a9693) x13 0x0000000000000000
core   0: 0x00000000800050e6 (0x0156ccb3) xor     s9, a3, s5
core   0: 1 0x00000000800050e6 (0x0156ccb3) x25 0x0000000000000000
core   0: 0x00000000800050ea (0x01051bbb) sllw    s7, a0, a6
core   0: 1 0x00000000800050ea (0x01051bbb) x23 0x0000000002000000
core   0: 0x00000000800050ee (0xc236fb53) fcvt.lu.d s6, fa3
core   0: 1 0x00000000800050ee (0xc236fb53) x22 0x00000000422a4ccf
core   0: 0x00000000800050f2 (0xe08e1db7) lui     s11, 0xe08e1
core   0: 1 0x00000000800050f2 (0xe08e1db7) x27 0xffffffffe08e1000
core   0: 0x00000000800050f6 (0xa3068953) fle.d   s2, fa3, fa6
core   0: 1 0x00000000800050f6 (0xa3068953) c1_fflags 0x0000000000000011 x18 0x0000000000000000
core   0: 0x00000000800050fa (0xc028f5d3) fcvt.l.s a1, fa7
core   0: 1 0x00000000800050fa (0xc028f5d3) c1_fflags 0x0000000000000011 x11 0x7fffffffffffffff
core   0: 0x00000000800050fe (0x00091693) slli    a3, s2, 0
core   0: 1 0x00000000800050fe (0x00091693) x13 0x0000000000000000
core   0: 0x0000000080005102 (0xc81991f3) csrrw   gp, timeh, s3
core   0: exception trap_illegal_instruction, epc 0x0000000080005102
core   0:           tval 0x00000000c81991f3
core   0: >>>>  $xrv64i2p1_m2p0_a2p1_f2p2_d2p2_zicsr2p0_zifencei2p0_zmmul1p0_zba1p0_zbb1p0_zbc1p0_zbs1p0
core   0: 0x0000000080004000 (0x0080006f) j       pc + 0x8
core   0: 3 0x0000000080004000 (0x0080006f)
core   0: >>>>  mmode_exception_handler
core   0: 0x0000000080004008 (0x00002c17) auipc   s8, 0x2
core   0: 3 0x0000000080004008 (0x00002c17) x24 0x0000000080006008
core   0: 0x000000008000400c (0x04ec0c13) addi    s8, s8, 78
core   0: 3 0x000000008000400c (0x04ec0c13) x24 0x0000000080006056
core   0: 0x0000000080004010 (0x000c00e7) jalr    s8
core   0: 3 0x0000000080004010 (0x000c00e7) x1  0x0000000080004014
core   0: >>>>  any_handler
core   0: 0x0000000080006056 (0x341027f3) csrrs   a5, mepc, zero
core   0: 3 0x0000000080006056 (0x341027f3) x15 0x0000000080005102
core   0: 0x000000008000605a (0x34202773) csrrs   a4, mcause, zero
core   0: 3 0x000000008000605a (0x34202773) x14 0x0000000000000002
core   0: 0x000000008000605e (0x142026f3) csrrs   a3, scause, zero
core   0: 3 0x000000008000605e (0x142026f3) x13 0x0000000000000000
core   0: 0x0000000080006062 (0x30402673) csrrs   a2, mie, zero
core   0: 3 0x0000000080006062 (0x30402673) x12 0x0000000000000a00
core   0: 0x0000000080006066 (0x344025f3) csrrs   a1, mip, zero
core   0: 3 0x0000000080006066 (0x344025f3) x11 0x0000000000000080
core   0: 0x000000008000606a (0x343025f3) csrrs   a1, mtval, zero
core   0: 3 0x000000008000606a (0x343025f3) x11 0x00000000c81991f3
core   0: 0x000000008000606e (0x14302573) csrrs   a0, stval, zero
core   0: 3 0x000000008000606e (0x14302573) x10 0x0000000000000002
core   0: 0x0000000080006072 (0xb02024f3) csrrs   s1, minstret, zero
core   0: 3 0x0000000080006072 (0xb02024f3) x9  0x0000000000000df8
core   0: 0x0000000080006076 (0x0000a811) c.j     pc + 20
core   0: 3 0x0000000080006076 (0xa811)
core   0: >>>>  mepc_4
core   0: 0x000000008000608a (0x00000791) c.addi  a5, 4
core   0: 3 0x000000008000608a (0x0791) x15 0x0000000080005106
core   0: 0x000000008000608c (0x34179073) csrrw   zero, mepc, a5
core   0: 3 0x000000008000608c (0x34179073) c833_mepc 0x0000000080005106
core   0: 0x0000000080006090 (0x30200073) mret
core   0: 3 0x0000000080006090 (0x30200073) c768_mstatus 0x8000000a00106080
core   0: 0x0000000080005106 (0x403adcb3) sra     s9, s5, gp
core   0: 1 0x0000000080005106 (0x403adcb3) x25 0x0000000000000000
core   0: 0x000000008000510a (0x006aab33) slt     s6, s5, t1
core   0: 1 0x000000008000510a (0x006aab33) x22 0x0000000000000000
core   0: 0x000000008000510e (0x4f0b0b93) addi    s7, s6, 1264
core   0: 1 0x000000008000510e (0x4f0b0b93) x23 0x00000000000004f0
core   0: 0x0000000080005112 (0x001cd99b) srliw   s3, s9, 1
core   0: 1 0x0000000080005112 (0x001cd99b) x19 0x0000000000000000
core   0: 0x0000000080005116 (0x13907053) fmul.d  ft0, ft0, fs9
core   0: 1 0x0000000080005116 (0x13907053) f0  0x7ff8000000000000
core   0: 0x000000008000511a (0x0ff0000f) fence   iorw,iorw
core   0: 1 0x000000008000511a (0x0ff0000f)
core   0: 0x000000008000511e (0x00ab13b3) sll     t2, s6, a0
core   0: 1 0x000000008000511e (0x00ab13b3) x7  0x0000000000000000
core   0: 0x0000000080005122 (0x027520b3) mulhsu  ra, a0, t2
core   0: 1 0x0000000080005122 (0x027520b3) x1  0x0000000000000000
core   0: 0x0000000080005126 (0x0213893b) mulw    s2, t2, ra
core   0: 1 0x0000000080005126 (0x0213893b) x18 0x0000000000000000
core   0: 0x000000008000512a (0x036ef6b3) remu    a3, t4, s6
core   0: 1 0x000000008000512a (0x036ef6b3) x13 0xffffffffffffffff
core   0: 0x000000008000512e (0x028da733) mulhsu  a4, s11, s0
core   0: 1 0x000000008000512e (0x028da733) x14 0xffffffffe08e1000
core   0: 0x0000000080005132 (0x011701bb) addw    gp, a4, a7
core   0: 1 0x0000000080005132 (0x011701bb) x3  0xffffffffa00e3d69
core   0: 0x0000000080005136 (0x023752b3) divu    t0, a4, gp
core   0: 1 0x0000000080005136 (0x023752b3) x5  0x0000000000000001
core   0: 0x000000008000513a (0x00102bf3) csrrs   s7, fflags, zero
core   0: 1 0x000000008000513a (0x00102bf3) x23 0x0000000000000011
core   0: 0x000000008000513e (0x0052ccb3) xor     s9, t0, t0
core   0: 1 0x000000008000513e (0x0052ccb3) x25 0x0000000000000000
core   0: 0x0000000080005142 (0x00f1bab3) sltu    s5, gp, a5
core   0: 1 0x0000000080005142 (0x00f1bab3) x21 0x0000000000000000
core   0: 0x0000000080005146 (0x415b83bb) subw    t2, s7, s5
core   0: 1 0x0000000080005146 (0x415b83bb) x7  0x0000000000000011
core   0: 0x000000008000514a (0x4011d193) srai    gp, gp, 1
core   0: 1 0x000000008000514a (0x4011d193) x3  0xffffffffd0071eb4
core   0: 0x000000008000514e (0x4001db9b) sraiw   s7, gp, 0
core   0: 1 0x000000008000514e (0x4001db9b) x23 0xffffffffd0071eb4
core   0: 0x0000000080005152 (0x400cd03b) sraw    zero, s9, zero
core   0: 1 0x0000000080005152 (0x400cd03b)
core   0: 0x0000000080005156 (0x021d5bbb) divuw   s7, s10, ra
core   0: 1 0x0000000080005156 (0x021d5bbb) x23 0xffffffffffffffff
core   0: 0x000000008000515a (0x00c08d33) add     s10, ra, a2
core   0: 1 0x000000008000515a (0x00c08d33) x26 0x0000000000000a00
core   0: 0x000000008000515e (0x9359f797) auipc   a5, 0x9359f
core   0: 1 0x000000008000515e (0x9359f797) x15 0x00000000135a415e
core   0: 0x0000000080005162 (0x021d44b3) div     s1, s10, ra
core   0: 1 0x0000000080005162 (0x021d44b3) x9  0xffffffffffffffff
core   0: 0x0000000080005166 (0xc20078d3) fcvt.w.d a7, ft0
core   0: 1 0x0000000080005166 (0xc20078d3) c1_fflags 0x0000000000000011 x17 0x000000007fffffff
core   0: 0x000000008000516a (0x03d11bb3) mulh    s7, sp, t4
core   0: 1 0x000000008000516a (0x03d11bb3) x23 0x0000000000000000
core   0: 0x000000008000516e (0xdbddf543) fmadd.d fa0, fs11, ft9, fs11
core   0: 1 0x000000008000516e (0xdbddf543) f10 0x7ff8000000000000
core   0: 0x0000000080005172 (0x001595f3) csrrw   a1, fflags, a1
core   0: 1 0x0000000080005172 (0x001595f3) x11 0x0000000000000011 c1_fflags 0x0000000000000013
core   0: 0x0000000080005176 (0x7ff10c13) addi    s8, sp, 2047
core   0: 1 0x0000000080005176 (0x7ff10c13) x24 0x0000000000000397
core   0: 0x000000008000517a (0x02b879d3) fadd.d  fs3, fa6, fa1
core   0: 1 0x000000008000517a (0x02b879d3) f19 0x7ff8000000000000
core   0: 0x000000008000517e (0x0005989b) slliw   a7, a1, 0
core   0: 1 0x000000008000517e (0x0005989b) x17 0x0000000000000011
core   0: 0x0000000080005182 (0xf2080ed3) fmv.d.x ft9, a6
core   0: 1 0x0000000080005182 (0xf2080ed3) f29 0xfffffffffffffb98
core   0: 0x0000000080005186 (0xf20c06d3) fmv.d.x fa3, s8
core   0: 1 0x0000000080005186 (0xf20c06d3) f13 0x0000000000000397
core   0: 0x000000008000518a (0xd2030dd3) fcvt.d.w fs11, t1
core   0: 1 0x000000008000518a (0xd2030dd3) f27 0x0000000000000000
core   0: 0x000000008000518e (0x00d85513) srli    a0, a6, 13
core   0: 1 0x000000008000518e (0x00d85513) x10 0x0007ffffffffffff
core   0: 0x0000000080005192 (0x03027733) remu    a4, tp, a6
core   0: 1 0x0000000080005192 (0x03027733) x14 0xfffffffffffff8ac
core   0: 0x0000000080005196 (0xd2188753) fcvt.d.wu fa4, a7
core   0: 1 0x0000000080005196 (0xd2188753) f14 0x4031000000000000
core   0: 0x000000008000519a (0x6289764f) fnmadd.d fa2, fs2, fs0, fa2
core   0: 1 0x000000008000519a (0x6289764f) f12 0x7ff8000000000000
core   0: 0x000000008000519e (0x22f88293) addi    t0, a7, 559
core   0: 1 0x000000008000519e (0x22f88293) x5  0x0000000000000240
core   0: 0x00000000800051a2 (0x67e5bc97) auipc   s9, 0x67e5b
core   0: 1 0x00000000800051a2 (0x67e5bc97) x25 0x00000000e7e601a2
core   0: 0x00000000800051a6 (0x4151dcb3) sra     s9, gp, s5
core   0: 1 0x00000000800051a6 (0x4151dcb3) x25 0xffffffffd0071eb4
core   0: 0x00000000800051aa (0x320fd773) csrrwi  a4, mcountinhibit, 31
core   0: exception trap_illegal_instruction, epc 0x00000000800051aa
core   0:           tval 0x00000000320fd773
core   0: >>>>  $xrv64i2p1_m2p0_a2p1_f2p2_d2p2_zicsr2p0_zifencei2p0_zmmul1p0_zba1p0_zbb1p0_zbc1p0_zbs1p0
core   0: 0x0000000080004000 (0x0080006f) j       pc + 0x8
core   0: 3 0x0000000080004000 (0x0080006f)
core   0: >>>>  mmode_exception_handler
core   0: 0x0000000080004008 (0x00002c17) auipc   s8, 0x2
core   0: 3 0x0000000080004008 (0x00002c17) x24 0x0000000080006008
core   0: 0x000000008000400c (0x04ec0c13) addi    s8, s8, 78
core   0: 3 0x000000008000400c (0x04ec0c13) x24 0x0000000080006056
core   0: 0x0000000080004010 (0x000c00e7) jalr    s8
core   0: 3 0x0000000080004010 (0x000c00e7) x1  0x0000000080004014
core   0: >>>>  any_handler
core   0: 0x0000000080006056 (0x341027f3) csrrs   a5, mepc, zero
core   0: 3 0x0000000080006056 (0x341027f3) x15 0x00000000800051aa
core   0: 0x000000008000605a (0x34202773) csrrs   a4, mcause, zero
core   0: 3 0x000000008000605a (0x34202773) x14 0x0000000000000002
core   0: 0x000000008000605e (0x142026f3) csrrs   a3, scause, zero
core   0: 3 0x000000008000605e (0x142026f3) x13 0x0000000000000000
core   0: 0x0000000080006062 (0x30402673) csrrs   a2, mie, zero
core   0: 3 0x0000000080006062 (0x30402673) x12 0x0000000000000a00
core   0: 0x0000000080006066 (0x344025f3) csrrs   a1, mip, zero
core   0: 3 0x0000000080006066 (0x344025f3) x11 0x0000000000000080
core   0: 0x000000008000606a (0x343025f3) csrrs   a1, mtval, zero
core   0: 3 0x000000008000606a (0x343025f3) x11 0x00000000320fd773
core   0: 0x000000008000606e (0x14302573) csrrs   a0, stval, zero
core   0: 3 0x000000008000606e (0x14302573) x10 0x0000000000000002
core   0: 0x0000000080006072 (0xb02024f3) csrrs   s1, minstret, zero
core   0: 3 0x0000000080006072 (0xb02024f3) x9  0x0000000000000e31
core   0: 0x0000000080006076 (0x0000a811) c.j     pc + 20
core   0: 3 0x0000000080006076 (0xa811)
core   0: >>>>  mepc_4
core   0: 0x000000008000608a (0x00000791) c.addi  a5, 4
core   0: 3 0x000000008000608a (0x0791) x15 0x00000000800051ae
core   0: 0x000000008000608c (0x34179073) csrrw   zero, mepc, a5
core   0: 3 0x000000008000608c (0x34179073) c833_mepc 0x00000000800051ae
core   0: 0x0000000080006090 (0x30200073) mret
core   0: 3 0x0000000080006090 (0x30200073) c768_mstatus 0x8000000a00106080
core   0: 0x00000000800051ae (0x12377753) fmul.d  fa4, fa4, ft3
core   0: 1 0x00000000800051ae (0x12377753) f14 0x7ff8000000000000
core   0: 0x00000000800051b2 (0x016b5b33) srl     s6, s6, s6
core   0: 1 0x00000000800051b2 (0x016b5b33) x22 0x0000000000000000
core   0: 0x00000000800051b6 (0xc2097653) fcvt.w.d a2, fs2
core   0: 1 0x00000000800051b6 (0xc2097653) c1_fflags 0x0000000000000013 x12 0x000000007fffffff
core   0: 0x00000000800051ba (0x42068053) fcvt.d.s ft0, fa3
core   0: 1 0x00000000800051ba (0x42068053) f0  0x7ff8000000000000
core   0: 0x00000000800051be (0xc2fa5117) auipc   sp, 0xc2fa5
core   0: 1 0x00000000800051be (0xc2fa5117) x2  0x0000000042faa1be
core   0: 0x00000000800051c2 (0x0169923b) sllw    tp, s3, s6
core   0: 1 0x00000000800051c2 (0x0169923b) x4  0x0000000000000000
core   0: 0x00000000800051c6 (0x01308b3b) addw    s6, ra, s3
core   0: 1 0x00000000800051c6 (0x01308b3b) x22 0xffffffff80004014
core   0: 0x00000000800051ca (0x004b1333) sll     t1, s6, tp
core   0: 1 0x00000000800051ca (0x004b1333) x6  0xffffffff80004014
core   0: 0x00000000800051ce (0xd0237253) fcvt.s.l ft4, t1
core   0: 1 0x00000000800051ce (0xd0237253) c1_fflags 0x0000000000000013 f4  0xffffffffceffff80
core   0: 0x00000000800051d2 (0x323b6413) ori     s0, s6, 803
core   0: 1 0x00000000800051d2 (0x323b6413) x8  0xffffffff80004337
core   0: 0x00000000800051d6 (0x02426ebb) remw    t4, tp, tp
core   0: 1 0x00000000800051d6 (0x02426ebb) x29 0x0000000000000000
core   0: 0x00000000800051da (0x018b1c3b) sllw    s8, s6, s8
core   0: 1 0x00000000800051da (0x018b1c3b) x24 0x0000000005000000
core   0: 0x00000000800051de (0xd21c0453) fcvt.d.wu fs0, s8
core   0: 1 0x00000000800051de (0xd21c0453) f8  0x4194000000000000
core   0: 0x00000000800051e2 (0x001028f3) csrrs   a7, fflags, zero
core   0: 1 0x00000000800051e2 (0x001028f3) x17 0x0000000000000013
core   0: 0x00000000800051e6 (0x033c80bb) mulw    ra, s9, s3
core   0: 1 0x00000000800051e6 (0x033c80bb) x1  0x0000000000000000
core   0: 0x00000000800051ea (0x4096d333) sra     t1, a3, s1
core   0: 1 0x00000000800051ea (0x4096d333) x6  0x0000000000000000
core   0: 0x00000000800051ee (0x00136693) ori     a3, t1, 1
core   0: 1 0x00000000800051ee (0x00136693) x13 0x0000000000000001
core   0: 0x00000000800051f2 (0x7b079073) csrrw   zero, dcsr, a5
core   0: exception trap_illegal_instruction, epc 0x00000000800051f2
core   0:           tval 0x000000007b079073
core   0: >>>>  $xrv64i2p1_m2p0_a2p1_f2p2_d2p2_zicsr2p0_zifencei2p0_zmmul1p0_zba1p0_zbb1p0_zbc1p0_zbs1p0
core   0: 0x0000000080004000 (0x0080006f) j       pc + 0x8
core   0: 3 0x0000000080004000 (0x0080006f)
core   0: >>>>  mmode_exception_handler
core   0: 0x0000000080004008 (0x00002c17) auipc   s8, 0x2
core   0: 3 0x0000000080004008 (0x00002c17) x24 0x0000000080006008
core   0: 0x000000008000400c (0x04ec0c13) addi    s8, s8, 78
core   0: 3 0x000000008000400c (0x04ec0c13) x24 0x0000000080006056
core   0: 0x0000000080004010 (0x000c00e7) jalr    s8
core   0: 3 0x0000000080004010 (0x000c00e7) x1  0x0000000080004014
core   0: >>>>  any_handler
core   0: 0x0000000080006056 (0x341027f3) csrrs   a5, mepc, zero
core   0: 3 0x0000000080006056 (0x341027f3) x15 0x00000000800051f2
core   0: 0x000000008000605a (0x34202773) csrrs   a4, mcause, zero
core   0: 3 0x000000008000605a (0x34202773) x14 0x0000000000000002
core   0: 0x000000008000605e (0x142026f3) csrrs   a3, scause, zero
core   0: 3 0x000000008000605e (0x142026f3) x13 0x0000000000000000
core   0: 0x0000000080006062 (0x30402673) csrrs   a2, mie, zero
core   0: 3 0x0000000080006062 (0x30402673) x12 0x0000000000000a00
core   0: 0x0000000080006066 (0x344025f3) csrrs   a1, mip, zero
core   0: 3 0x0000000080006066 (0x344025f3) x11 0x0000000000000080
core   0: 0x000000008000606a (0x343025f3) csrrs   a1, mtval, zero
core   0: 3 0x000000008000606a (0x343025f3) x11 0x000000007b079073
core   0: 0x000000008000606e (0x14302573) csrrs   a0, stval, zero
core   0: 3 0x000000008000606e (0x14302573) x10 0x0000000000000002
core   0: 0x0000000080006072 (0xb02024f3) csrrs   s1, minstret, zero
core   0: 3 0x0000000080006072 (0xb02024f3) x9  0x0000000000000e52
core   0: 0x0000000080006076 (0x0000a811) c.j     pc + 20
core   0: 3 0x0000000080006076 (0xa811)
core   0: >>>>  mepc_4
core   0: 0x000000008000608a (0x00000791) c.addi  a5, 4
core   0: 3 0x000000008000608a (0x0791) x15 0x00000000800051f6
core   0: 0x000000008000608c (0x34179073) csrrw   zero, mepc, a5
core   0: 3 0x000000008000608c (0x34179073) c833_mepc 0x00000000800051f6
core   0: 0x0000000080006090 (0x30200073) mret
core   0: 3 0x0000000080006090 (0x30200073) c768_mstatus 0x8000000a00106080
core   0: 0x00000000800051f6 (0xead47ecf) fnmadd.d ft9, fs0, fa3, ft9
core   0: 1 0x00000000800051f6 (0xead47ecf) f29 0x7ff8000000000000
core   0: 0x00000000800051fa (0x00f06733) or      a4, zero, a5
core   0: 1 0x00000000800051fa (0x00f06733) x14 0x00000000800051f6
core   0: 0x00000000800051fe (0x0167111b) slliw   sp, a4, 22
core   0: 1 0x00000000800051fe (0x0167111b) x2  0x000000007d800000
core   0: 0x0000000080005202 (0xc236fed3) fcvt.lu.d t4, fa3
core   0: 1 0x0000000080005202 (0xc236fed3) c1_fflags 0x0000000000000013 x29 0x0000000000000000
core   0: 0x0000000080005206 (0x2bda0a53) fmin.d  fs4, fs4, ft9
core   0: 1 0x0000000080005206 (0x2bda0a53) f20 0x40aad40000000000
core   0: 0x000000008000520a (0xfff9891b) addiw   s2, s3, -1
core   0: 1 0x000000008000520a (0xfff9891b) x18 0xffffffffffffffff
core   0: 0x000000008000520e (0xd22e70d3) fcvt.d.l ft1, t3
core   0: 1 0x000000008000520e (0xd22e70d3) f1  0x41e033541a400000
core   0: 0x0000000080005212 (0x02428bbb) mulw    s7, t0, tp
core   0: 1 0x0000000080005212 (0x02428bbb) x23 0x0000000000000000
core   0: 0x0000000080005216 (0x03cf6637) lui     a2, 0x3cf6
core   0: 1 0x0000000080005216 (0x03cf6637) x12 0x0000000003cf6000
core   0: 0x000000008000521a (0x4b96061b) addiw   a2, a2, 1209
core   0: 1 0x000000008000521a (0x4b96061b) x12 0x0000000003cf64b9
core   0: 0x000000008000521e (0x00000636) c.slli  a2, 13
core   0: 1 0x000000008000521e (0x0636) x12 0x00000079ec972000
core   0: 0x0000000080005220 (0x2b860613) addi    a2, a2, 696
core   0: 1 0x0000000080005220 (0x2b860613) x12 0x00000079ec9722b8
core   0: 0x0000000080005224 (0xab9c8c9b) addiw   s9, s9, -1351
core   0: 1 0x0000000080005224 (0xab9c8c9b) x25 0xffffffffd007196d
core   0: 0x0000000080005228 (0x00ce1433) sll     s0, t3, a2
core   0: 1 0x0000000080005228 (0x00ce1433) x8  0xd200000000000000
core   0: 0x000000008000522c (0x9b40fc43) fmadd.d fs8, ft1, fs4, fs3
core   0: 1 0x000000008000522c (0x9b40fc43) f24 0x7ff8000000000000
core   0: 0x0000000080005230 (0xc20cf1d3) fcvt.w.d gp, fs9
core   0: 1 0x0000000080005230 (0xc20cf1d3) c1_fflags 0x0000000000000013 x3  0x000000007fffffff
core   0: 0x0000000080005234 (0x000989bb) addw    s3, s3, zero
core   0: 1 0x0000000080005234 (0x000989bb) x19 0x0000000000000000
core   0: 0x0000000080005238 (0x8004849b) addiw   s1, s1, -2048
core   0: 1 0x0000000080005238 (0x8004849b) x9  0x0000000000000652
core   0: 0x000000008000523c (0x0bf4f3d3) fsub.d  ft7, fs1, ft11
core   0: 1 0x000000008000523c (0x0bf4f3d3) f7  0x7ff8000000000000
core   0: 0x0000000080005240 (0x41f4d69b) sraiw   a3, s1, 31
core   0: 1 0x0000000080005240 (0x41f4d69b) x13 0x0000000000000000
core   0: 0x0000000080005244 (0x018c5e33) srl     t3, s8, s8
core   0: 1 0x0000000080005244 (0x018c5e33) x28 0x0000000000000200
core   0: 0x0000000080005248 (0x41fe531b) sraiw   t1, t3, 31
core   0: 1 0x0000000080005248 (0x41fe531b) x6  0x0000000000000000
core   0: 0x000000008000524c (0x000dd093) srli    ra, s11, 0
core   0: 1 0x000000008000524c (0x000dd093) x1  0xffffffffe08e1000
core   0: 0x0000000080005250 (0x02ebcb33) div     s6, s7, a4
core   0: 1 0x0000000080005250 (0x02ebcb33) x22 0x0000000000000000
core   0: 0x0000000080005254 (0x036edeb3) divu    t4, t4, s6
core   0: 1 0x0000000080005254 (0x036edeb3) x29 0xffffffffffffffff
core   0: 0x0000000080005258 (0x01d0983b) sllw    a6, ra, t4
core   0: 1 0x0000000080005258 (0x01d0983b) x16 0x0000000000000000
core   0: 0x000000008000525c (0x4013f1d3) fcvt.s.d ft3, ft7
core   0: 1 0x000000008000525c (0x4013f1d3) f3  0xffffffff7fc00000
core   0: 0x0000000080005260 (0x432d7447) fmsub.d fs0, fs10, fs2, fs0
core   0: 1 0x0000000080005260 (0x432d7447) f8  0x7ff8000000000000
core   0: 0x0000000080005264 (0x034e42b3) div     t0, t3, s4
core   0: 1 0x0000000080005264 (0x034e42b3) x5  0x0000000000000000
core   0: 0x0000000080005268 (0x01485db3) srl     s11, a6, s4
core   0: 1 0x0000000080005268 (0x01485db3) x27 0x0000000000000000
core   0: 0x000000008000526c (0xc211f453) fcvt.wu.d s0, ft3
core   0: 1 0x000000008000526c (0xc211f453) c1_fflags 0x0000000000000013 x8  0xffffffffffffffff
core   0: 0x0000000080005270 (0x01f85a9b) srliw   s5, a6, 31
core   0: 1 0x0000000080005270 (0x01f85a9b) x21 0x0000000000000000
core   0: 0x0000000080005274 (0x4088d133) sra     sp, a7, s0
core   0: 1 0x0000000080005274 (0x4088d133) x2  0x0000000000000000
core   0: 0x0000000080005278 (0xe2018053) fmv.x.d zero, ft3
core   0: 1 0x0000000080005278 (0xe2018053)
core   0: 0x000000008000527c (0x000c7933) and     s2, s8, zero
core   0: 1 0x000000008000527c (0x000c7933) x18 0x0000000000000000
core   0: 0x0000000080005280 (0x1271fdd3) fmul.d  fs11, ft3, ft7
core   0: 1 0x0000000080005280 (0x1271fdd3) f27 0x7ff8000000000000
core   0: 0x0000000080005284 (0x00161773) csrrw   a4, fflags, a2
core   0: 1 0x0000000080005284 (0x00161773) x14 0x0000000000000013 c1_fflags 0x0000000000000018
core   0: 0x0000000080005288 (0xb1c64113) xori    sp, a2, -1252
core   0: 1 0x0000000080005288 (0xb1c64113) x2  0xffffff861368d9a4
core   0: 0x000000008000528c (0xd21d8053) fcvt.d.wu ft0, s11
core   0: 1 0x000000008000528c (0xd21d8053) f0  0x0000000000000000
core   0: 0x0000000080005290 (0x40db07bb) subw    a5, s6, a3
core   0: 1 0x0000000080005290 (0x40db07bb) x15 0x0000000000000000
core   0: 0x0000000080005294 (0x065bfe37) lui     t3, 0x65bf
core   0: 1 0x0000000080005294 (0x065bfe37) x28 0x00000000065bf000
core   0: 0x0000000080005298 (0xf59e0e1b) addiw   t3, t3, -167
core   0: 1 0x0000000080005298 (0xf59e0e1b) x28 0x00000000065bef59
core   0: 0x000000008000529c (0x00000e32) c.slli  t3, 12
core   0: 1 0x000000008000529c (0x0e32) x28 0x00000065bef59000
core   0: 0x000000008000529e (0xd7ae0e13) addi    t3, t3, -646
core   0: 1 0x000000008000529e (0xd7ae0e13) x28 0x00000065bef58d7a
core   0: 0x00000000800052a2 (0x00d9e6b3) or      a3, s3, a3
core   0: 1 0x00000000800052a2 (0x00d9e6b3) x13 0x0000000000000000
core   0: 0x00000000800052a6 (0xa21383d3) fle.d   t2, ft7, ft1
core   0: 1 0x00000000800052a6 (0xa21383d3) c1_fflags 0x0000000000000018 x7  0x0000000000000000
core   0: 0x00000000800052aa (0x01879ebb) sllw    t4, a5, s8
core   0: 1 0x00000000800052aa (0x01879ebb) x29 0x0000000000000000
core   0: 0x00000000800052ae (0x40425abb) sraw    s5, tp, tp
core   0: 1 0x00000000800052ae (0x40425abb) x21 0x0000000000000000
core   0: 0x00000000800052b2 (0xd2f96eb7) lui     t4, 0xd2f96
core   0: 1 0x00000000800052b2 (0xd2f96eb7) x29 0xffffffffd2f96000
core   0: 0x00000000800052b6 (0xf20e8ad3) fmv.d.x fs5, t4
core   0: 1 0x00000000800052b6 (0xf20e8ad3) f21 0xffffffffd2f96000
core   0: 0x00000000800052ba (0xc21673d3) fcvt.wu.d t2, fa2
core   0: 1 0x00000000800052ba (0xc21673d3) c1_fflags 0x0000000000000018 x7  0xffffffffffffffff
core   0: 0x00000000800052be (0x01b498b3) sll     a7, s1, s11
core   0: 1 0x00000000800052be (0x01b498b3) x17 0x0000000000000652
core   0: 0x00000000800052c2 (0xd223f953) fcvt.d.l fs2, t2
core   0: 1 0x00000000800052c2 (0xd223f953) f18 0xbff0000000000000
core   0: 0x00000000800052c6 (0x00d4db33) srl     s6, s1, a3
core   0: 1 0x00000000800052c6 (0x00d4db33) x22 0x0000000000000652
core   0: 0x00000000800052ca (0x14013173) csrrc   sp, sscratch, sp
core   0: 1 0x00000000800052ca (0x14013173) x2  0x0000000000000000 c320_sscratch 0x0000000000000000
core   0: 0x00000000800052ce (0xc038f5d3) fcvt.lu.s a1, fa7
core   0: 1 0x00000000800052ce (0xc038f5d3) c1_fflags 0x0000000000000018 x11 0xffffffffffffffff
core   0: 0x00000000800052d2 (0x0b5af853) fsub.d  fa6, fs5, fs5
core   0: 1 0x00000000800052d2 (0x0b5af853) f16 0x7ff8000000000000
core   0: 0x00000000800052d6 (0xd02b7653) fcvt.s.l fa2, s6
core   0: 1 0x00000000800052d6 (0xd02b7653) f12 0xffffffff44ca4000
core   0: 0x00000000800052da (0x00b41db3) sll     s11, s0, a1
core   0: 1 0x00000000800052da (0x00b41db3) x27 0x8000000000000000
core   0: 0x00000000800052de (0xf5b85497) auipc   s1, 0xf5b85
core   0: 1 0x00000000800052de (0xf5b85497) x9  0x0000000075b8a2de
core   0: 0x00000000800052e2 (0xc03afbd3) fcvt.lu.s s7, fs5
core   0: 1 0x00000000800052e2 (0xc03afbd3) c1_fflags 0x0000000000000018 x23 0x0000000000000000
core   0: 0x00000000800052e6 (0x2c6af237) lui     tp, 0x2c6af
core   0: 1 0x00000000800052e6 (0x2c6af237) x4  0x000000002c6af000
core   0: 0x00000000800052ea (0xf20b8553) fmv.d.x fa0, s7
core   0: 1 0x00000000800052ea (0xf20b8553) f10 0x0000000000000000
core   0: 0x00000000800052ee (0xe2068b53) fmv.x.d s6, fa3
core   0: 1 0x00000000800052ee (0xe2068b53) x22 0x0000000000000397
core   0: 0x00000000800052f2 (0xd026f2d3) fcvt.s.l ft5, a3
core   0: 1 0x00000000800052f2 (0xd026f2d3) f5  0xffffffff00000000
core   0: 0x00000000800052f6 (0x029b87bb) mulw    a5, s7, s1
core   0: 1 0x00000000800052f6 (0x029b87bb) x15 0x0000000000000000
core   0: 0x00000000800052fa (0x2b3819d3) fmax.d  fs3, fa6, fs3
core   0: 1 0x00000000800052fa (0x2b3819d3) f19 0x7ff8000000000000
core   0: 0x00000000800052fe (0x011cca33) xor     s4, s9, a7
core   0: 1 0x00000000800052fe (0x011cca33) x20 0xffffffffd0071f3f
core   0: 0x0000000080005302 (0xfffd0c13) addi    s8, s10, -1
core   0: 1 0x0000000080005302 (0xfffd0c13) x24 0x00000000000009ff
core   0: 0x0000000080005306 (0x0b3c7bd3) fsub.d  fs7, fs8, fs3
core   0: 1 0x0000000080005306 (0x0b3c7bd3) f23 0x7ff8000000000000
core   0: 0x000000008000530a (0x0187f3b3) and     t2, a5, s8
core   0: 1 0x000000008000530a (0x0187f3b3) x7  0x0000000000000000
core   0: 0x000000008000530e (0x034bc933) div     s2, s7, s4
core   0: 1 0x000000008000530e (0x034bc933) x18 0x0000000000000000
core   0: 0x0000000080005312 (0x4313d413) srai    s0, t2, 49
core   0: 1 0x0000000080005312 (0x4313d413) x8  0x0000000000000000
core   0: 0x0000000080005316 (0x0023d09b) srliw   ra, t2, 2
core   0: 1 0x0000000080005316 (0x0023d09b) x1  0x0000000000000000
core   0: 0x000000008000531a (0x036edeb3) divu    t4, t4, s6
core   0: 1 0x000000008000531a (0x036edeb3) x29 0x00474ff2a0f5f6e9
core   0: 0x000000008000531e (0x01675813) srli    a6, a4, 22
core   0: 1 0x000000008000531e (0x01675813) x16 0x0000000000000000
core   0: 0x0000000080005322 (0x01d86e33) or      t3, a6, t4
core   0: 1 0x0000000080005322 (0x01d86e33) x28 0x00474ff2a0f5f6e9
core   0: 0x0000000080005326 (0x43745913) srai    s2, s0, 55
core   0: 1 0x0000000080005326 (0x43745913) x18 0x0000000000000000
core   0: 0x000000008000532a (0xf20a0853) fmv.d.x fa6, s4
core   0: 1 0x000000008000532a (0xf20a0853) f16 0xffffffffd0071f3f
core   0: 0x000000008000532e (0xd23ef6d3) fcvt.d.lu fa3, t4
core   0: 1 0x000000008000532e (0xd23ef6d3) c1_fflags 0x0000000000000019 f13 0x4351d3fca83d7dba
core   0: 0x0000000080005332 (0x026269b3) rem     s3, tp, t1
core   0: 1 0x0000000080005332 (0x026269b3) x19 0x000000002c6af000
core   0: 0x0000000080005336 (0x02a9d3bb) divuw   t2, s3, a0
core   0: 1 0x0000000080005336 (0x02a9d3bb) x7  0x0000000016357800
core   0: 0x000000008000533a (0x002e6d33) or      s10, t3, sp
core   0: 1 0x000000008000533a (0x002e6d33) x26 0x00474ff2a0f5f6e9
core   0: 0x000000008000533e (0xf2010953) fmv.d.x fs2, sp
core   0: 1 0x000000008000533e (0xf2010953) f18 0x0000000000000000
core   0: 0x0000000080005342 (0x0031d0b3) srl     ra, gp, gp
core   0: 1 0x0000000080005342 (0x0031d0b3) x1  0x0000000000000000
core   0: 0x0000000080005346 (0x00000001) c.nop
core   0: 1 0x0000000080005346 (0x0001)
core   0: 0x0000000080005348 (0x018c7cb3) and     s9, s8, s8
core   0: 1 0x0000000080005348 (0x018c7cb3) x25 0x00000000000009ff
core   0: 0x000000008000534c (0x00dce6b3) or      a3, s9, a3
core   0: 1 0x000000008000534c (0x00dce6b3) x13 0x00000000000009ff
core   0: 0x0000000080005350 (0x010404b3) add     s1, s0, a6
core   0: 1 0x0000000080005350 (0x010404b3) x9  0x0000000000000000
core   0: 0x0000000080005354 (0x49913837) lui     a6, 0x49913
core   0: 1 0x0000000080005354 (0x49913837) x16 0x0000000049913000
core   0: 0x0000000080005358 (0xf2048e53) fmv.d.x ft8, s1
core   0: 1 0x0000000080005358 (0xf2048e53) f28 0x0000000000000000
core   0: 0x000000008000535c (0x0ff0000f) fence   iorw,iorw
core   0: 1 0x000000008000535c (0x0ff0000f)
core   0: 0x0000000080005360 (0x0308743b) remuw   s0, a6, a6
core   0: 1 0x0000000080005360 (0x0308743b) x8  0x0000000000000000
core   0: 0x0000000080005364 (0x23cd1853) fsgnjn.d fa6, fs10, ft8
core   0: 1 0x0000000080005364 (0x23cd1853) f16 0xfff8000000000000
core   0: 0x0000000080005368 (0x00000001) c.nop
core   0: 1 0x0000000080005368 (0x0001)
core   0: 0x000000008000536a (0x003e86b3) add     a3, t4, gp
core   0: 1 0x000000008000536a (0x003e86b3) x13 0x00474ff320f5f6e8
core   0: 0x000000008000536e (0x020d7053) fadd.d  ft0, fs10, ft0
core   0: 1 0x000000008000536e (0x020d7053) f0  0x7ff8000000000000
core   0: 0x0000000080005372 (0x003a93bb) sllw    t2, s5, gp
core   0: 1 0x0000000080005372 (0x003a93bb) x7  0x0000000000000000
core   0: 0x0000000080005376 (0x00d6ae33) slt     t3, a3, a3
core   0: 1 0x0000000080005376 (0x00d6ae33) x28 0x0000000000000000
core   0: 0x000000008000537a (0x5a087dd3) fsqrt.d fs11, fa6
core   0: 1 0x000000008000537a (0x5a087dd3) f27 0x7ff8000000000000
core   0: 0x000000008000537e (0xc03c7353) fcvt.lu.s t1, fs8
core   0: 1 0x000000008000537e (0xc03c7353) c1_fflags 0x0000000000000019 x6  0xffffffffffffffff
core   0: 0x0000000080005382 (0xd02370d3) fcvt.s.l ft1, t1
core   0: 1 0x0000000080005382 (0xd02370d3) f1  0xffffffffbf800000
core   0: 0x0000000080005386 (0x03c449b3) div     s3, s0, t3
core   0: 1 0x0000000080005386 (0x03c449b3) x19 0xffffffffffffffff
core   0: 0x000000008000538a (0x2bbc12d3) fmax.d  ft5, fs8, fs11
core   0: 1 0x000000008000538a (0x2bbc12d3) f5  0x7ff8000000000000
core   0: 0x000000008000538e (0x0b747bd3) fsub.d  fs7, fs0, fs7
core   0: 1 0x000000008000538e (0x0b747bd3) f23 0x7ff8000000000000
core   0: 0x0000000080005392 (0x0364d293) srli    t0, s1, 54
core   0: 1 0x0000000080005392 (0x0364d293) x5  0x0000000000000000
core   0: 0x0000000080005396 (0x4139893b) subw    s2, s3, s3
core   0: 1 0x0000000080005396 (0x4139893b) x18 0x0000000000000000
core   0: 0x000000008000539a (0x417c0c3b) subw    s8, s8, s7
core   0: 1 0x000000008000539a (0x417c0c3b) x24 0x00000000000009ff
core   0: 0x000000008000539e (0x005d45b3) xor     a1, s10, t0
core   0: 1 0x000000008000539e (0x005d45b3) x11 0x00474ff2a0f5f6e9
core   0: 0x00000000800053a2 (0xf2090dd3) fmv.d.x fs11, s2
core   0: 1 0x00000000800053a2 (0xf2090dd3) f27 0x0000000000000000
core   0: 0x00000000800053a6 (0x01236933) or      s2, t1, s2
core   0: 1 0x00000000800053a6 (0x01236933) x18 0xffffffffffffffff
core   0: 0x00000000800053aa (0x02691e33) mulh    t3, s2, t1
core   0: 1 0x00000000800053aa (0x02691e33) x28 0x0000000000000000
core   0: 0x00000000800053ae (0x032689b3) mul     s3, a3, s2
core   0: 1 0x00000000800053ae (0x032689b3) x19 0xffb8b00cdf0a0918
core   0: 0x00000000800053b2 (0x40157553) fcvt.s.d fa0, fa0
core   0: 1 0x00000000800053b2 (0x40157553) f10 0xffffffff00000000
core   0: 0x00000000800053b6 (0xc20ef753) fcvt.w.d a4, ft9
core   0: 1 0x00000000800053b6 (0xc20ef753) c1_fflags 0x0000000000000019 x14 0x000000007fffffff
core   0: 0x00000000800053ba (0x00102bf3) csrrs   s7, fflags, zero
core   0: 1 0x00000000800053ba (0x00102bf3) x23 0x0000000000000019
core   0: 0x00000000800053be (0x002022f3) csrrs   t0, frm, zero
core   0: 1 0x00000000800053be (0x002022f3) x5  0x0000000000000002
core   0: 0x00000000800053c2 (0x412e5a93) srai    s5, t3, 18
core   0: 1 0x00000000800053c2 (0x412e5a93) x21 0x0000000000000000
core   0: 0x00000000800053c6 (0x40f9dcb3) sra     s9, s3, a5
core   0: 1 0x00000000800053c6 (0x40f9dcb3) x25 0xffb8b00cdf0a0918
core   0: 0x00000000800053ca (0xf20c81d3) fmv.d.x ft3, s9
core   0: 1 0x00000000800053ca (0xf20c81d3) f3  0xffb8b00cdf0a0918
core   0: 0x00000000800053ce (0x00102a73) csrrs   s4, fflags, zero
core   0: 1 0x00000000800053ce (0x00102a73) x20 0x0000000000000019
core   0: 0x00000000800053d2 (0x002b1b33) sll     s6, s6, sp
core   0: 1 0x00000000800053d2 (0x002b1b33) x22 0x0000000000000397
core   0: 0x00000000800053d6 (0x407a5dbb) sraw    s11, s4, t2
core   0: 1 0x00000000800053d6 (0x407a5dbb) x27 0x0000000000000019
core   0: 0x00000000800053da (0x036570b3) remu    ra, a0, s6
core   0: 1 0x00000000800053da (0x036570b3) x1  0x0000000000000002
core   0: 0x00000000800053de (0x029a89b3) mul     s3, s5, s1
core   0: 1 0x00000000800053de (0x029a89b3) x19 0x0000000000000000
core   0: 0x00000000800053e2 (0x0ff0000f) fence   iorw,iorw
core   0: 1 0x00000000800053e2 (0x0ff0000f)
core   0: 0x00000000800053e6 (0x062f38b7) lui     a7, 0x62f3
core   0: 1 0x00000000800053e6 (0x062f38b7) x17 0x00000000062f3000
core   0: 0x00000000800053ea (0x415dd613) srai    a2, s11, 21
core   0: 1 0x00000000800053ea (0x415dd613) x12 0x0000000000000000
core   0: 0x00000000800053ee (0xa2b7f4b7) lui     s1, 0xa2b7f
core   0: 1 0x00000000800053ee (0xa2b7f4b7) x9  0xffffffffa2b7f000
core   0: 0x00000000800053f2 (0xe20df04b) fnmsub.d ft0, fs11, ft0, ft8
core   0: 1 0x00000000800053f2 (0xe20df04b) f0  0x7ff8000000000000
core   0: 0x00000000800053f6 (0x41d8d01b) sraiw   zero, a7, 29
core   0: 1 0x00000000800053f6 (0x41d8d01b)
core   0: 0x00000000800053fa (0x02970733) mul     a4, a4, s1
core   0: 1 0x00000000800053fa (0x02970733) x14 0xd15bf8005d481000
core   0: 0x00000000800053fe (0x0146de33) srl     t3, a3, s4
core   0: 1 0x00000000800053fe (0x0146de33) x28 0x0000000023a7f990
core   0: 0x0000000080005402 (0x40db00b3) sub     ra, s6, a3
core   0: 1 0x0000000080005402 (0x40db00b3) x1  0xffb8b00cdf0a0caf
core   0: 0x0000000080005406 (0x017e58bb) srlw    a7, t3, s7
core   0: 1 0x0000000080005406 (0x017e58bb) x17 0x0000000000000011
core   0: 0x000000008000540a (0x0ff0000f) fence   iorw,iorw
core   0: 1 0x000000008000540a (0x0ff0000f)
core   0: 0x000000008000540e (0x419cdcb3) sra     s9, s9, s9
core   0: 1 0x000000008000540e (0x419cdcb3) x25 0xffffffffb8b00cdf
core   0: 0x0000000080005412 (0x0294f4d3) fadd.d  fs1, fs1, fs1
core   0: 1 0x0000000080005412 (0x0294f4d3) f9  0x7ff8000000000000
core   0: 0x0000000080005416 (0x22ea9653) fsgnjn.d fa2, fs5, fa4
core   0: 1 0x0000000080005416 (0x22ea9653) f12 0xffffffffd2f96000
core   0: 0x000000008000541a (0x001027f3) csrrs   a5, fflags, zero
core   0: 1 0x000000008000541a (0x001027f3) x15 0x0000000000000019
core   0: 0x000000008000541e (0x40e800bb) subw    ra, a6, a4
core   0: 1 0x000000008000541e (0x40e800bb) x1  0xffffffffec492000
core   0: 0x0000000080005422 (0x00075893) srli    a7, a4, 0
core   0: 1 0x0000000080005422 (0x00075893) x17 0xd15bf8005d481000
core   0: 0x0000000080005426 (0x02bdc5bb) divw    a1, s11, a1
core   0: 1 0x0000000080005426 (0x02bdc5bb) x11 0x0000000000000000
core   0: 0x000000008000542a (0x405181b3) sub     gp, gp, t0
core   0: 1 0x000000008000542a (0x405181b3) x3  0x000000007ffffffd
core   0: 0x000000008000542e (0xdb3671cb) fnmsub.d ft3, fa2, fs3, fs11
core   0: 1 0x000000008000542e (0xdb3671cb) f3  0x7ff8000000000000
core   0: 0x0000000080005432 (0x23ab2d53) fsgnjx.d fs10, fs6, fs10
core   0: 1 0x0000000080005432 (0x23ab2d53) f26 0x40a4000000000000
core   0: 0x0000000080005436 (0x1a8d754f) fnmadd.d fa0, fs10, fs0, ft3
core   0: 1 0x0000000080005436 (0x1a8d754f) f10 0x7ff8000000000000
core   0: 0x000000008000543a (0x4035d63b) sraw    a2, a1, gp
core   0: 1 0x000000008000543a (0x4035d63b) x12 0x0000000000000000
core   0: 0x000000008000543e (0x4019f9d3) fcvt.s.d fs3, fs3
core   0: 1 0x000000008000543e (0x4019f9d3) f19 0xffffffff7fc00000
core   0: 0x0000000080005442 (0x80067393) andi    t2, a2, -2048
core   0: 1 0x0000000080005442 (0x80067393) x7  0x0000000000000000
core   0: 0x0000000080005446 (0x233c8cd3) fsgnj.d fs9, fs9, fs3
core   0: 1 0x0000000080005446 (0x233c8cd3) f25 0xfff8000000000000
core   0: 0x000000008000544a (0x1c367913) andi    s2, a2, 451
core   0: 1 0x000000008000544a (0x1c367913) x18 0x0000000000000000
core   0: 0x000000008000544e (0x038dfdbb) remuw   s11, s11, s8
core   0: 1 0x000000008000544e (0x038dfdbb) x27 0x0000000000000019
core   0: 0x0000000080005452 (0x139cfc53) fmul.d  fs8, fs9, fs9
core   0: 1 0x0000000080005452 (0x139cfc53) f24 0x7ff8000000000000
core   0: 0x0000000080005456 (0x00202273) csrrs   tp, frm, zero
core   0: 1 0x0000000080005456 (0x00202273) x4  0x0000000000000002
core   0: 0x000000008000545a (0x34301073) csrrw   zero, mtval, zero
core   0: exception trap_illegal_instruction, epc 0x000000008000545a
core   0:           tval 0x0000000034301073
core   0: >>>>  $xrv64i2p1_m2p0_a2p1_f2p2_d2p2_zicsr2p0_zifencei2p0_zmmul1p0_zba1p0_zbb1p0_zbc1p0_zbs1p0
core   0: 0x0000000080004000 (0x0080006f) j       pc + 0x8
core   0: 3 0x0000000080004000 (0x0080006f)
core   0: >>>>  mmode_exception_handler
core   0: 0x0000000080004008 (0x00002c17) auipc   s8, 0x2
core   0: 3 0x0000000080004008 (0x00002c17) x24 0x0000000080006008
core   0: 0x000000008000400c (0x04ec0c13) addi    s8, s8, 78
core   0: 3 0x000000008000400c (0x04ec0c13) x24 0x0000000080006056
core   0: 0x0000000080004010 (0x000c00e7) jalr    s8
core   0: 3 0x0000000080004010 (0x000c00e7) x1  0x0000000080004014
core   0: >>>>  any_handler
core   0: 0x0000000080006056 (0x341027f3) csrrs   a5, mepc, zero
core   0: 3 0x0000000080006056 (0x341027f3) x15 0x000000008000545a
core   0: 0x000000008000605a (0x34202773) csrrs   a4, mcause, zero
core   0: 3 0x000000008000605a (0x34202773) x14 0x0000000000000002
core   0: 0x000000008000605e (0x142026f3) csrrs   a3, scause, zero
core   0: 3 0x000000008000605e (0x142026f3) x13 0x0000000000000000
core   0: 0x0000000080006062 (0x30402673) csrrs   a2, mie, zero
core   0: 3 0x0000000080006062 (0x30402673) x12 0x0000000000000a00
core   0: 0x0000000080006066 (0x344025f3) csrrs   a1, mip, zero
core   0: 3 0x0000000080006066 (0x344025f3) x11 0x0000000000000080
core   0: 0x000000008000606a (0x343025f3) csrrs   a1, mtval, zero
core   0: 3 0x000000008000606a (0x343025f3) x11 0x0000000034301073
core   0: 0x000000008000606e (0x14302573) csrrs   a0, stval, zero
core   0: 3 0x000000008000606e (0x14302573) x10 0x0000000000000002
core   0: 0x0000000080006072 (0xb02024f3) csrrs   s1, minstret, zero
core   0: 3 0x0000000080006072 (0xb02024f3) x9  0x0000000000000efd
core   0: 0x0000000080006076 (0x0000a811) c.j     pc + 20
core   0: 3 0x0000000080006076 (0xa811)
core   0: >>>>  mepc_4
core   0: 0x000000008000608a (0x00000791) c.addi  a5, 4
core   0: 3 0x000000008000608a (0x0791) x15 0x000000008000545e
core   0: 0x000000008000608c (0x34179073) csrrw   zero, mepc, a5
core   0: 3 0x000000008000608c (0x34179073) c833_mepc 0x000000008000545e
core   0: 0x0000000080006090 (0x30200073) mret
core   0: 3 0x0000000080006090 (0x30200073) c768_mstatus 0x8000000a00106080
core   0: 0x000000008000545e (0x133cfed3) fmul.d  ft9, fs9, fs3
core   0: 1 0x000000008000545e (0x133cfed3) f29 0x7ff8000000000000
core   0: 0x0000000080005462 (0x0008d313) srli    t1, a7, 0
core   0: 1 0x0000000080005462 (0x0008d313) x6  0xd15bf8005d481000
core   0: 0x0000000080005466 (0x5636829b) addiw   t0, a3, 1379
core   0: 1 0x0000000080005466 (0x5636829b) x5  0x0000000000000563
core   0: 0x000000008000546a (0x03ccd7bb) divuw   a5, s9, t3
core   0: 1 0x000000008000546a (0x03ccd7bb) x15 0x0000000000000005
core   0: 0x000000008000546e (0x12707253) fmul.d  ft4, ft0, ft7
core   0: 1 0x000000008000546e (0x12707253) f4  0x7ff8000000000000
core   0: 0x0000000080005472 (0x10ae9073) csrrw   zero, senvcfg, t4
core   0: 1 0x0000000080005472 (0x10ae9073) c266_senvcfg 0x0000000000000000
core   0: 0x0000000080005476 (0xea76f547) fmsub.d fa0, fa3, ft7, ft9
core   0: 1 0x0000000080005476 (0xea76f547) f10 0x7ff8000000000000
core   0: 0x000000008000547a (0x03bdf933) remu    s2, s11, s11
core   0: 1 0x000000008000547a (0x03bdf933) x18 0x0000000000000000
core   0: 0x000000008000547e (0xd02dfa53) fcvt.s.l fs4, s11
core   0: 1 0x000000008000547e (0xd02dfa53) f20 0xffffffff41c80000
core   0: 0x0000000080005482 (0xb3bd77cf) fnmadd.d fa5, fs10, fs11, fs6
core   0: 1 0x0000000080005482 (0xb3bd77cf) f15 0xc0a4000000000000
core   0: 0x0000000080005486 (0x00000256) c.slli  tp, 21
core   0: 1 0x0000000080005486 (0x0256) x4  0x0000000000400000
core   0: 0x0000000080005488 (0x0278d893) srli    a7, a7, 39
core   0: 1 0x0000000080005488 (0x0278d893) x17 0x0000000001a2b7f0
core   0: 0x000000008000548c (0x009c1893) slli    a7, s8, 9
core   0: 1 0x000000008000548c (0x009c1893) x17 0x0000010000c0ac00
core   0: 0x0000000080005490 (0x57294293) xori    t0, s2, 1394
core   0: 1 0x0000000080005490 (0x57294293) x5  0x0000000000000572
core   0: 0x0000000080005494 (0x0242bab3) mulhu   s5, t0, tp
core   0: 1 0x0000000080005494 (0x0242bab3) x21 0x0000000000000000
core   0: 0x0000000080005498 (0x00484233) xor     tp, a6, tp
core   0: 1 0x0000000080005498 (0x00484233) x4  0x0000000049d13000
core   0: 0x000000008000549c (0x40e2573b) sraw    a4, tp, a4
core   0: 1 0x000000008000549c (0x40e2573b) x14 0x0000000012744c00
core   0: 0x00000000800054a0 (0x001c15f3) csrrw   a1, fflags, s8
core   0: 1 0x00000000800054a0 (0x001c15f3) x11 0x0000000000000019 c1_fflags 0x0000000000000016
core   0: 0x00000000800054a4 (0x03678d33) mul     s10, a5, s6
core   0: 1 0x00000000800054a4 (0x03678d33) x26 0x00000000000011f3
core   0: 0x00000000800054a8 (0x013988b3) add     a7, s3, s3
core   0: 1 0x00000000800054a8 (0x013988b3) x17 0x0000000000000000
core   0: 0x00000000800054ac (0x2c91f837) lui     a6, 0x2c91f
core   0: 1 0x00000000800054ac (0x2c91f837) x16 0x000000002c91f000
core   0: 0x00000000800054b0 (0x5a02fed3) fsqrt.d ft9, ft5
core   0: 1 0x00000000800054b0 (0x5a02fed3) f29 0x7ff8000000000000
core   0: 0x00000000800054b4 (0x10a3e073) csrrsi  zero, senvcfg, 7
core   0: 1 0x00000000800054b4 (0x10a3e073) c266_senvcfg 0x0000000000000000
core   0: 0x00000000800054b8 (0x02c30633) mul     a2, t1, a2
core   0: 1 0x00000000800054b8 (0x02c30633) x12 0x97b003a4d0a00000
core   0: 0x00000000800054bc (0xd22872d3) fcvt.d.l ft5, a6
core   0: 1 0x00000000800054bc (0xd22872d3) f5  0x41c648f800000000
core   0: 0x00000000800054c0 (0x01587233) and     tp, a6, s5
core   0: 1 0x00000000800054c0 (0x01587233) x4  0x0000000000000000
core   0: 0x00000000800054c4 (0x004677b3) and     a5, a2, tp
core   0: 1 0x00000000800054c4 (0x004677b3) x15 0x0000000000000000
core   0: 0x00000000800054c8 (0x03725d13) srli    s10, tp, 55
core   0: 1 0x00000000800054c8 (0x03725d13) x26 0x0000000000000000
core   0: 0x00000000800054cc (0xd20d03d3) fcvt.d.w ft7, s10
core   0: 1 0x00000000800054cc (0xd20d03d3) f7  0x0000000000000000
core   0: 0x00000000800054d0 (0x42028fd3) fcvt.d.s ft11, ft5
core   0: 1 0x00000000800054d0 (0x42028fd3) f31 0x7ff8000000000000
core   0: 0x00000000800054d4 (0x036a55bb) divuw   a1, s4, s6
core   0: 1 0x00000000800054d4 (0x036a55bb) x11 0x0000000000000000
core   0: 0x00000000800054d8 (0x031b58bb) divuw   a7, s6, a7
core   0: 1 0x00000000800054d8 (0x031b58bb) x17 0xffffffffffffffff
core   0: 0x00000000800054dc (0x4010d0bb) sraw    ra, ra, ra
core   0: 1 0x00000000800054dc (0x4010d0bb) x1  0xfffffffffffff800
core   0: 0x00000000800054e0 (0x40187ad3) fcvt.s.d fs5, fa6
core   0: 1 0x00000000800054e0 (0x40187ad3) f21 0xffffffff7fc00000
core   0: 0x00000000800054e4 (0x00102cf3) csrrs   s9, fflags, zero
core   0: 1 0x00000000800054e4 (0x00102cf3) x25 0x0000000000000016
core   0: 0x00000000800054e8 (0xa24a8bd3) fle.d   s7, fs5, ft4
core   0: 1 0x00000000800054e8 (0xa24a8bd3) c1_fflags 0x0000000000000016 x23 0x0000000000000000
core   0: 0x00000000800054ec (0x031ba333) mulhsu  t1, s7, a7
core   0: 1 0x00000000800054ec (0x031ba333) x6  0x0000000000000000
core   0: 0x00000000800054f0 (0x2274a3d3) fsgnjx.d ft7, fs1, ft7
core   0: 1 0x00000000800054f0 (0x2274a3d3) f7  0x7ff8000000000000
core   0: 0x00000000800054f4 (0x00000001) c.nop
core   0: 1 0x00000000800054f4 (0x0001)
core   0: 0x00000000800054f6 (0x031bd6b3) divu    a3, s7, a7
core   0: 1 0x00000000800054f6 (0x031bd6b3) x13 0x0000000000000000
core   0: 0x00000000800054fa (0xc804acf3) csrrs   s9, cycleh, s1
core   0: exception trap_illegal_instruction, epc 0x00000000800054fa
core   0:           tval 0x00000000c804acf3
core   0: >>>>  $xrv64i2p1_m2p0_a2p1_f2p2_d2p2_zicsr2p0_zifencei2p0_zmmul1p0_zba1p0_zbb1p0_zbc1p0_zbs1p0
core   0: 0x0000000080004000 (0x0080006f) j       pc + 0x8
core   0: 3 0x0000000080004000 (0x0080006f)
core   0: >>>>  mmode_exception_handler
core   0: 0x0000000080004008 (0x00002c17) auipc   s8, 0x2
core   0: 3 0x0000000080004008 (0x00002c17) x24 0x0000000080006008
core   0: 0x000000008000400c (0x04ec0c13) addi    s8, s8, 78
core   0: 3 0x000000008000400c (0x04ec0c13) x24 0x0000000080006056
core   0: 0x0000000080004010 (0x000c00e7) jalr    s8
core   0: 3 0x0000000080004010 (0x000c00e7) x1  0x0000000080004014
core   0: >>>>  any_handler
core   0: 0x0000000080006056 (0x341027f3) csrrs   a5, mepc, zero
core   0: 3 0x0000000080006056 (0x341027f3) x15 0x00000000800054fa
core   0: 0x000000008000605a (0x34202773) csrrs   a4, mcause, zero
core   0: 3 0x000000008000605a (0x34202773) x14 0x0000000000000002
core   0: 0x000000008000605e (0x142026f3) csrrs   a3, scause, zero
core   0: 3 0x000000008000605e (0x142026f3) x13 0x0000000000000000
core   0: 0x0000000080006062 (0x30402673) csrrs   a2, mie, zero
core   0: 3 0x0000000080006062 (0x30402673) x12 0x0000000000000a00
core   0: 0x0000000080006066 (0x344025f3) csrrs   a1, mip, zero
core   0: 3 0x0000000080006066 (0x344025f3) x11 0x0000000000000080
core   0: 0x000000008000606a (0x343025f3) csrrs   a1, mtval, zero
core   0: 3 0x000000008000606a (0x343025f3) x11 0x00000000c804acf3
core   0: 0x000000008000606e (0x14302573) csrrs   a0, stval, zero
core   0: 3 0x000000008000606e (0x14302573) x10 0x0000000000000002
core   0: 0x0000000080006072 (0xb02024f3) csrrs   s1, minstret, zero
core   0: 3 0x0000000080006072 (0xb02024f3) x9  0x0000000000000f35
core   0: 0x0000000080006076 (0x0000a811) c.j     pc + 20
core   0: 3 0x0000000080006076 (0xa811)
core   0: >>>>  mepc_4
core   0: 0x000000008000608a (0x00000791) c.addi  a5, 4
core   0: 3 0x000000008000608a (0x0791) x15 0x00000000800054fe
core   0: 0x000000008000608c (0x34179073) csrrw   zero, mepc, a5
core   0: 3 0x000000008000608c (0x34179073) c833_mepc 0x00000000800054fe
core   0: 0x0000000080006090 (0x30200073) mret
core   0: 3 0x0000000080006090 (0x30200073) c768_mstatus 0x8000000a00106080
core   0: 0x00000000800054fe (0x22038b53) fsgnj.d fs6, ft7, ft0
core   0: 1 0x00000000800054fe (0x22038b53) f22 0x7ff8000000000000
core   0: 0x0000000080005502 (0x400008b3) sub     a7, zero, zero
core   0: 1 0x0000000080005502 (0x400008b3) x17 0x0000000000000000
core   0: 0x0000000080005506 (0x027a7653) fadd.d  fa2, fs4, ft7
core   0: 1 0x0000000080005506 (0x027a7653) f12 0x7ff8000000000000
core   0: 0x000000008000550a (0xfff8e613) ori     a2, a7, -1
core   0: 1 0x000000008000550a (0xfff8e613) x12 0xffffffffffffffff
core   0: 0x000000008000550e (0x031098b3) mulh    a7, ra, a7
core   0: 1 0x000000008000550e (0x031098b3) x17 0x0000000000000000
core   0: 0x0000000080005512 (0xf20309d3) fmv.d.x fs3, t1
core   0: 1 0x0000000080005512 (0xf20309d3) f19 0x0000000000000000
core   0: 0x0000000080005516 (0x02001ab3) mulh    s5, zero, zero
core   0: 1 0x0000000080005516 (0x02001ab3) x21 0x0000000000000000
core   0: 0x000000008000551a (0x411887bb) subw    a5, a7, a7
core   0: 1 0x000000008000551a (0x411887bb) x15 0x0000000000000000
core   0: 0x000000008000551e (0x011c0c3b) addw    s8, s8, a7
core   0: 1 0x000000008000551e (0x011c0c3b) x24 0xffffffff80006056
core   0: 0x0000000080005522 (0xd230fa53) fcvt.d.lu fs4, ra
core   0: 1 0x0000000080005522 (0xd230fa53) f20 0x41e0000802800000
core   0: 0x0000000080005526 (0x1ac67553) fdiv.d  fa0, fa2, fa2
core   0: 1 0x0000000080005526 (0x1ac67553) f10 0x7ff8000000000000
core   0: 0x000000008000552a (0x401ff4d3) fcvt.s.d fs1, ft11
core   0: 1 0x000000008000552a (0x401ff4d3) f9  0xffffffff7fc00000
core   0: 0x000000008000552e (0xf11058f3) csrrwi  a7, mvendorid, 0
core   0: exception trap_illegal_instruction, epc 0x000000008000552e
core   0:           tval 0x00000000f11058f3
core   0: >>>>  $xrv64i2p1_m2p0_a2p1_f2p2_d2p2_zicsr2p0_zifencei2p0_zmmul1p0_zba1p0_zbb1p0_zbc1p0_zbs1p0
core   0: 0x0000000080004000 (0x0080006f) j       pc + 0x8
core   0: 3 0x0000000080004000 (0x0080006f)
core   0: >>>>  mmode_exception_handler
core   0: 0x0000000080004008 (0x00002c17) auipc   s8, 0x2
core   0: 3 0x0000000080004008 (0x00002c17) x24 0x0000000080006008
core   0: 0x000000008000400c (0x04ec0c13) addi    s8, s8, 78
core   0: 3 0x000000008000400c (0x04ec0c13) x24 0x0000000080006056
core   0: 0x0000000080004010 (0x000c00e7) jalr    s8
core   0: 3 0x0000000080004010 (0x000c00e7) x1  0x0000000080004014
core   0: >>>>  any_handler
core   0: 0x0000000080006056 (0x341027f3) csrrs   a5, mepc, zero
core   0: 3 0x0000000080006056 (0x341027f3) x15 0x000000008000552e
core   0: 0x000000008000605a (0x34202773) csrrs   a4, mcause, zero
core   0: 3 0x000000008000605a (0x34202773) x14 0x0000000000000002
core   0: 0x000000008000605e (0x142026f3) csrrs   a3, scause, zero
core   0: 3 0x000000008000605e (0x142026f3) x13 0x0000000000000000
core   0: 0x0000000080006062 (0x30402673) csrrs   a2, mie, zero
core   0: 3 0x0000000080006062 (0x30402673) x12 0x0000000000000a00
core   0: 0x0000000080006066 (0x344025f3) csrrs   a1, mip, zero
core   0: 3 0x0000000080006066 (0x344025f3) x11 0x0000000000000080
core   0: 0x000000008000606a (0x343025f3) csrrs   a1, mtval, zero
core   0: 3 0x000000008000606a (0x343025f3) x11 0x00000000f11058f3
core   0: 0x000000008000606e (0x14302573) csrrs   a0, stval, zero
core   0: 3 0x000000008000606e (0x14302573) x10 0x0000000000000002
core   0: 0x0000000080006072 (0xb02024f3) csrrs   s1, minstret, zero
core   0: 3 0x0000000080006072 (0xb02024f3) x9  0x0000000000000f51
core   0: 0x0000000080006076 (0x0000a811) c.j     pc + 20
core   0: 3 0x0000000080006076 (0xa811)
core   0: >>>>  mepc_4
core   0: 0x000000008000608a (0x00000791) c.addi  a5, 4
core   0: 3 0x000000008000608a (0x0791) x15 0x0000000080005532
core   0: 0x000000008000608c (0x34179073) csrrw   zero, mepc, a5
core   0: 3 0x000000008000608c (0x34179073) c833_mepc 0x0000000080005532
core   0: 0x0000000080006090 (0x30200073) mret
core   0: 3 0x0000000080006090 (0x30200073) c768_mstatus 0x8000000a00106080
core   0: 0x0000000080005532 (0x00e90e33) add     t3, s2, a4
core   0: 1 0x0000000080005532 (0x00e90e33) x28 0x0000000000000002
core   0: 0x0000000080005536 (0x010777b3) and     a5, a4, a6
core   0: 1 0x0000000080005536 (0x010777b3) x15 0x0000000000000000
core   0: 0x000000008000553a (0x00102d73) csrrs   s10, fflags, zero
core   0: 1 0x000000008000553a (0x00102d73) x26 0x0000000000000016
core   0: 0x000000008000553e (0x0ff0000f) fence   iorw,iorw
core   0: 1 0x000000008000553e (0x0ff0000f)
core   0: 0x0000000080005542 (0xc21a7bd3) fcvt.wu.d s7, fs4
core   0: 1 0x0000000080005542 (0xc21a7bd3) x23 0xffffffff80004014
core   0: 0x0000000080005546 (0x01aa08bb) addw    a7, s4, s10
core   0: 1 0x0000000080005546 (0x01aa08bb) x17 0x000000000000002f
core   0: 0x000000008000554a (0x7ffb8c9b) addiw   s9, s7, 2047
core   0: 1 0x000000008000554a (0x7ffb8c9b) x25 0xffffffff80004813
core   0: 0x000000008000554e (0xd20c8d53) fcvt.d.w fs10, s9
core   0: 1 0x000000008000554e (0xd20c8d53) f26 0xc1dfffedfb400000
core   0: 0x0000000080005552 (0x14455bf3) csrrwi  s7, sip, 10
core   0: 1 0x0000000080005552 (0x14455bf3) x23 0x0000000000000000 c836_mip 0x0000000000000080
core   0: 0x0000000080005556 (0x0ff0000f) fence   iorw,iorw
core   0: 1 0x0000000080005556 (0x0ff0000f)
core   0: 0x000000008000555a (0xc223f3d3) fcvt.l.d t2, ft7
core   0: 1 0x000000008000555a (0xc223f3d3) c1_fflags 0x0000000000000016 x7  0x7fffffffffffffff
core   0: 0x000000008000555e (0x01260e3b) addw    t3, a2, s2
core   0: 1 0x000000008000555e (0x01260e3b) x28 0x0000000000000a00
core   0: 0x0000000080005562 (0x01551333) sll     t1, a0, s5
core   0: 1 0x0000000080005562 (0x01551333) x6  0x0000000000000002
core   0: 0x0000000080005566 (0x18177113) andi    sp, a4, 385
core   0: 1 0x0000000080005566 (0x18177113) x2  0x0000000000000000
core   0: 0x000000008000556a (0x021250bb) divuw   ra, tp, ra
core   0: 1 0x000000008000556a (0x021250bb) x1  0x0000000000000000
core   0: 0x000000008000556e (0x01f25e9b) srliw   t4, tp, 31
core   0: 1 0x000000008000556e (0x01f25e9b) x29 0x0000000000000000
core   0: 0x0000000080005572 (0x800ee513) ori     a0, t4, -2048
core   0: 1 0x0000000080005572 (0x800ee513) x10 0xfffffffffffff800
core   0: 0x0000000080005576 (0x01da5833) srl     a6, s4, t4
core   0: 1 0x0000000080005576 (0x01da5833) x16 0x0000000000000019
core   0: 0x000000008000557a (0x5b9375cb) fnmsub.d fa1, ft6, fs9, fa1
core   0: 1 0x000000008000557a (0x5b9375cb) f11 0x7ff8000000000000
core   0: 0x000000008000557e (0x0025549b) srliw   s1, a0, 2
core   0: 1 0x000000008000557e (0x0025549b) x9  0x000000003ffffe00
core   0: 0x0000000080005582 (0x02983db3) mulhu   s11, a6, s1
core   0: 1 0x0000000080005582 (0x02983db3) x27 0x0000000000000000
core   0: 0x0000000080005586 (0x42058cd3) fcvt.d.s fs9, fa1
core   0: 1 0x0000000080005586 (0x42058cd3) f25 0x7ff8000000000000
core   0: 0x000000008000558a (0x07d06913) ori     s2, zero, 125
core   0: 1 0x000000008000558a (0x07d06913) x18 0x000000000000007d
core   0: 0x000000008000558e (0x026e5313) srli    t1, t3, 38
core   0: 1 0x000000008000558e (0x026e5313) x6  0x0000000000000000
core   0: 0x0000000080005592 (0x02adfdb3) remu    s11, s11, a0
core   0: 1 0x0000000080005592 (0x02adfdb3) x27 0x0000000000000000
core   0: 0x0000000080005596 (0x93bcfbc7) fmsub.d fs7, fs9, fs11, fs2
core   0: 1 0x0000000080005596 (0x93bcfbc7) f23 0x7ff8000000000000
core   0: 0x000000008000559a (0x1b05fed3) fdiv.d  ft9, fa1, fa6
core   0: 1 0x000000008000559a (0x1b05fed3) f29 0x7ff8000000000000
core   0: 0x000000008000559e (0x40d756bb) sraw    a3, a4, a3
core   0: 1 0x000000008000559e (0x40d756bb) x13 0x0000000000000002
core   0: 0x00000000800055a2 (0x00199873) csrrw   a6, fflags, s3
core   0: 1 0x00000000800055a2 (0x00199873) x16 0x0000000000000016 c1_fflags 0x0000000000000000
core   0: 0x00000000800055a6 (0xd23e7fd3) fcvt.d.lu ft11, t3
core   0: 1 0x00000000800055a6 (0xd23e7fd3) f31 0x40a4000000000000
core   0: 0x00000000800055aa (0x0181189b) slliw   a7, sp, 24
core   0: 1 0x00000000800055aa (0x0181189b) x17 0x0000000000000000
core   0: 0x00000000800055ae (0x0035f2b3) and     t0, a1, gp
core   0: 1 0x00000000800055ae (0x0035f2b3) x5  0x00000000711058f1
core   0: 0x00000000800055b2 (0x01631a3b) sllw    s4, t1, s6
core   0: 1 0x00000000800055b2 (0x01631a3b) x20 0x0000000000000000
core   0: 0x00000000800055b6 (0x01a92933) slt     s2, s2, s10
core   0: 1 0x00000000800055b6 (0x01a92933) x18 0x0000000000000000
core   0: 0x00000000800055ba (0x0ff0000f) fence   iorw,iorw
core   0: 1 0x00000000800055ba (0x0ff0000f)
core   0: 0x00000000800055be (0xfff67a93) andi    s5, a2, -1
core   0: 1 0x00000000800055be (0xfff67a93) x21 0x0000000000000a00
core   0: 0x00000000800055c2 (0x026d633b) remw    t1, s10, t1
core   0: 1 0x00000000800055c2 (0x026d633b) x6  0x0000000000000016
core   0: 0x00000000800055c6 (0xc03d7753) fcvt.lu.s a4, fs10
core   0: 1 0x00000000800055c6 (0xc03d7753) c1_fflags 0x0000000000000010 x14 0xffffffffffffffff
core   0: 0x00000000800055ca (0x006d4db3) xor     s11, s10, t1
core   0: 1 0x00000000800055ca (0x006d4db3) x27 0x0000000000000000
core   0: 0x00000000800055ce (0x40e1d2b3) sra     t0, gp, a4
core   0: 1 0x00000000800055ce (0x40e1d2b3) x5  0x0000000000000000
core   0: 0x00000000800055d2 (0xc23175d3) fcvt.lu.d a1, ft2
core   0: 1 0x00000000800055d2 (0xc23175d3) c1_fflags 0x0000000000000010 x11 0xffffffffffffffff
core   0: 0x00000000800055d6 (0x5a03f1d3) fsqrt.d ft3, ft7
core   0: 1 0x00000000800055d6 (0x5a03f1d3) f3  0x7ff8000000000000
core   0: 0x00000000800055da (0x0385ac33) mulhsu  s8, a1, s8
core   0: 1 0x00000000800055da (0x0385ac33) x24 0xffffffffffffffff
core   0: 0x00000000800055de (0x00000001) c.nop
core   0: 1 0x00000000800055de (0x0001)
core   0: 0x00000000800055e0 (0x140c7873) csrrci  a6, sscratch, 24
core   0: 1 0x00000000800055e0 (0x140c7873) x16 0x0000000000000000 c320_sscratch 0x0000000000000000
core   0: 0x00000000800055e4 (0xc21ff553) fcvt.wu.d a0, ft11
core   0: 1 0x00000000800055e4 (0xc21ff553) x10 0x0000000000000a00
core   0: 0x00000000800055e8 (0x020a7ebb) remuw   t4, s4, zero
core   0: 1 0x00000000800055e8 (0x020a7ebb) x29 0x0000000000000000
core   0: 0x00000000800055ec (0xffd20ab7) lui     s5, 0xffd20
core   0: 1 0x00000000800055ec (0xffd20ab7) x21 0xffffffffffd20000
core   0: 0x00000000800055f0 (0x931a8a9b) addiw   s5, s5, -1743
core   0: 1 0x00000000800055f0 (0x931a8a9b) x21 0xffffffffffd1f931
core   0: 0x00000000800055f4 (0x00000ab2) c.slli  s5, 12
core   0: 1 0x00000000800055f4 (0x0ab2) x21 0xfffffffd1f931000
core   0: 0x00000000800055f6 (0xda7a8a93) addi    s5, s5, -601
core   0: 1 0x00000000800055f6 (0xda7a8a93) x21 0xfffffffd1f930da7
core   0: 0x00000000800055fa (0x018ad893) srli    a7, s5, 24
core   0: 1 0x00000000800055fa (0x018ad893) x17 0x000000fffffffd1f
core   0: 0x00000000800055fe (0xbaa77dcb) fnmsub.d fs11, fa4, fa0, fs7
core   0: 1 0x00000000800055fe (0xbaa77dcb) f27 0x7ff8000000000000
core   0: 0x0000000080005602 (0x223d8d53) fsgnj.d fs10, fs11, ft3
core   0: 1 0x0000000080005602 (0x223d8d53) f26 0x7ff8000000000000
core   0: 0x0000000080005606 (0x23819c53) fsgnjn.d fs8, ft3, fs8
core   0: 1 0x0000000080005606 (0x23819c53) f24 0xfff8000000000000
core   0: 0x000000008000560a (0xd22ef353) fcvt.d.l ft6, t4
core   0: 1 0x000000008000560a (0xd22ef353) f6  0x0000000000000000
core   0: 0x000000008000560e (0x2b8973cb) fnmsub.d ft7, fs2, fs8, ft5
core   0: 1 0x000000008000560e (0x2b8973cb) f7  0x7ff8000000000000
core   0: 0x0000000080005612 (0x2b290ed3) fmin.d  ft9, fs2, fs2
core   0: 1 0x0000000080005612 (0x2b290ed3) f29 0x0000000000000000
core   0: 0x0000000080005616 (0xc0407df3) csrrci  s11, hpmcounter4, 0
core   0: exception trap_illegal_instruction, epc 0x0000000080005616
core   0:           tval 0x00000000c0407df3
core   0: >>>>  $xrv64i2p1_m2p0_a2p1_f2p2_d2p2_zicsr2p0_zifencei2p0_zmmul1p0_zba1p0_zbb1p0_zbc1p0_zbs1p0
core   0: 0x0000000080004000 (0x0080006f) j       pc + 0x8
core   0: 3 0x0000000080004000 (0x0080006f)
core   0: >>>>  mmode_exception_handler
core   0: 0x0000000080004008 (0x00002c17) auipc   s8, 0x2
core   0: 3 0x0000000080004008 (0x00002c17) x24 0x0000000080006008
core   0: 0x000000008000400c (0x04ec0c13) addi    s8, s8, 78
core   0: 3 0x000000008000400c (0x04ec0c13) x24 0x0000000080006056
core   0: 0x0000000080004010 (0x000c00e7) jalr    s8
core   0: 3 0x0000000080004010 (0x000c00e7) x1  0x0000000080004014
core   0: >>>>  any_handler
core   0: 0x0000000080006056 (0x341027f3) csrrs   a5, mepc, zero
core   0: 3 0x0000000080006056 (0x341027f3) x15 0x0000000080005616
core   0: 0x000000008000605a (0x34202773) csrrs   a4, mcause, zero
core   0: 3 0x000000008000605a (0x34202773) x14 0x0000000000000002
core   0: 0x000000008000605e (0x142026f3) csrrs   a3, scause, zero
core   0: 3 0x000000008000605e (0x142026f3) x13 0x0000000000000000
core   0: 0x0000000080006062 (0x30402673) csrrs   a2, mie, zero
core   0: 3 0x0000000080006062 (0x30402673) x12 0x0000000000000a00
core   0: 0x0000000080006066 (0x344025f3) csrrs   a1, mip, zero
core   0: 3 0x0000000080006066 (0x344025f3) x11 0x0000000000000080
core   0: 0x000000008000606a (0x343025f3) csrrs   a1, mtval, zero
core   0: 3 0x000000008000606a (0x343025f3) x11 0x00000000c0407df3
core   0: 0x000000008000606e (0x14302573) csrrs   a0, stval, zero
core   0: 3 0x000000008000606e (0x14302573) x10 0x0000000000000002
core   0: 0x0000000080006072 (0xb02024f3) csrrs   s1, minstret, zero
core   0: 3 0x0000000080006072 (0xb02024f3) x9  0x0000000000000f9b
core   0: 0x0000000080006076 (0x0000a811) c.j     pc + 20
core   0: 3 0x0000000080006076 (0xa811)
core   0: >>>>  mepc_4
core   0: 0x000000008000608a (0x00000791) c.addi  a5, 4
core   0: 3 0x000000008000608a (0x0791) x15 0x000000008000561a
core   0: 0x000000008000608c (0x34179073) csrrw   zero, mepc, a5
core   0: 3 0x000000008000608c (0x34179073) c833_mepc 0x000000008000561a
core   0: 0x0000000080006090 (0x30200073) mret
core   0: 3 0x0000000080006090 (0x30200073) c768_mstatus 0x8000000a00106080
core   0: 0x000000008000561a (0xd22dfb53) fcvt.d.l fs6, s11
core   0: 1 0x000000008000561a (0xd22dfb53) f22 0x0000000000000000
core   0: 0x000000008000561e (0x035a9bb3) mulh    s7, s5, s5
core   0: 1 0x000000008000561e (0x035a9bb3) x23 0x0000000000000008
core   0: 0x0000000080005622 (0x034c22b3) mulhsu  t0, s8, s4
core   0: 1 0x0000000080005622 (0x034c22b3) x5  0x0000000000000000
core   0: 0x0000000080005626 (0xd2098bd3) fcvt.d.w fs7, s3
core   0: 1 0x0000000080005626 (0xd2098bd3) f23 0x0000000000000000
core   0: 0x000000008000562a (0xd028fb53) fcvt.s.l fs6, a7
core   0: 1 0x000000008000562a (0xd028fb53) c1_fflags 0x0000000000000011 f22 0xffffffff537fffff
core   0: 0x000000008000562e (0x2b381753) fmax.d  fa4, fa6, fs3
core   0: 1 0x000000008000562e (0x2b381753) f14 0x0000000000000000
core   0: 0x0000000080005632 (0x031bd193) srli    gp, s7, 49
core   0: 1 0x0000000080005632 (0x031bd193) x3  0x0000000000000000
core   0: 0x0000000080005636 (0x027090b3) mulh    ra, ra, t2
core   0: 1 0x0000000080005636 (0x027090b3) x1  0x0000000040002009
core   0: 0x000000008000563a (0x413ed2b3) sra     t0, t4, s3
core   0: 1 0x000000008000563a (0x413ed2b3) x5  0x0000000000000000
core   0: 0x000000008000563e (0x001e9bf3) csrrw   s7, fflags, t4
core   0: 1 0x000000008000563e (0x001e9bf3) x23 0x0000000000000011 c1_fflags 0x0000000000000000
core   0: 0x0000000080005642 (0x2ae718d3) fmax.d  fa7, fa4, fa4
core   0: 1 0x0000000080005642 (0x2ae718d3) f17 0x0000000000000000
core   0: 0x0000000080005646 (0x22b815d3) fsgnjn.d fa1, fa6, fa1
core   0: 1 0x0000000080005646 (0x22b815d3) f11 0xfff8000000000000
core   0: 0x000000008000564a (0x008871b3) and     gp, a6, s0
core   0: 1 0x000000008000564a (0x008871b3) x3  0x0000000000000000
core   0: 0x000000008000564e (0x00102bf3) csrrs   s7, fflags, zero
core   0: 1 0x000000008000564e (0x00102bf3) x23 0x0000000000000000
core   0: 0x0000000080005652 (0x430cd093) srai    ra, s9, 48
core   0: 1 0x0000000080005652 (0x430cd093) x1  0xffffffffffffffff
core   0: 0x0000000080005656 (0x409a561b) sraiw   a2, s4, 9
core   0: 1 0x0000000080005656 (0x409a561b) x12 0x0000000000000000
core   0: 0x000000008000565a (0x002027f3) csrrs   a5, frm, zero
core   0: 1 0x000000008000565a (0x002027f3) x15 0x0000000000000002
core   0: 0x000000008000565e (0x8003001b) addiw   zero, t1, -2048
core   0: 1 0x000000008000565e (0x8003001b)
core   0: 0x0000000080005662 (0xfae60537) lui     a0, 0xfae60
core   0: 1 0x0000000080005662 (0xfae60537) x10 0xfffffffffae60000
core   0: 0x0000000080005666 (0xe955051b) addiw   a0, a0, -363
core   0: 1 0x0000000080005666 (0xe955051b) x10 0xfffffffffae5fe95
core   0: 0x000000008000566a (0x00000532) c.slli  a0, 12
core   0: 1 0x000000008000566a (0x0532) x10 0xffffffae5fe95000
core   0: 0x000000008000566c (0x1b250513) addi    a0, a0, 434
core   0: 1 0x000000008000566c (0x1b250513) x10 0xffffffae5fe951b2
core   0: 0x0000000080005670 (0x02c075bb) remuw   a1, zero, a2
core   0: 1 0x0000000080005670 (0x02c075bb) x11 0x0000000000000000
core   0: 0x0000000080005674 (0x0255e9bb) remw    s3, a1, t0
core   0: 1 0x0000000080005674 (0x0255e9bb) x19 0x0000000000000000
core   0: 0x0000000080005678 (0x03dadeb3) divu    t4, s5, t4
core   0: 1 0x0000000080005678 (0x03dadeb3) x29 0xffffffffffffffff
core   0: 0x000000008000567c (0x0018dc3b) srlw    s8, a7, ra
core   0: 1 0x000000008000567c (0x0018dc3b) x24 0x0000000000000001
core   0: 0x0000000080005680 (0x0185d59b) srliw   a1, a1, 24
core   0: 1 0x0000000080005680 (0x0185d59b) x11 0x0000000000000000
core   0: 0x0000000080005684 (0x01aeceb3) xor     t4, t4, s10
core   0: 1 0x0000000080005684 (0x01aeceb3) x29 0xffffffffffffffe9
core   0: 0x0000000080005688 (0x4008d99b) sraiw   s3, a7, 0
core   0: 1 0x0000000080005688 (0x4008d99b) x19 0xfffffffffffffd1f
core   0: 0x000000008000568c (0x001495f3) csrrw   a1, fflags, s1
core   0: 1 0x000000008000568c (0x001495f3) x11 0x0000000000000000 c1_fflags 0x000000000000001b
core   0: 0x0000000080005690 (0x03922733) mulhsu  a4, tp, s9
core   0: 1 0x0000000080005690 (0x03922733) x14 0x0000000000000000
core   0: 0x0000000080005694 (0xc21776d3) fcvt.wu.d a3, fa4
core   0: 1 0x0000000080005694 (0xc21776d3) x13 0x0000000000000000
core   0: 0x0000000080005698 (0x00b609bb) addw    s3, a2, a1
core   0: 1 0x0000000080005698 (0x00b609bb) x19 0x0000000000000000
core   0: 0x000000008000569c (0x033d1533) mulh    a0, s10, s3
core   0: 1 0x000000008000569c (0x033d1533) x10 0x0000000000000000
core   0: 0x00000000800056a0 (0x013c919b) slliw   gp, s9, 19
core   0: 1 0x00000000800056a0 (0x013c919b) x3  0x0000000040980000
core   0: 0x00000000800056a4 (0x5a087353) fsqrt.d ft6, fa6
core   0: 1 0x00000000800056a4 (0x5a087353) f6  0x7ff8000000000000
core   0: 0x00000000800056a8 (0x005202bb) addw    t0, tp, t0
core   0: 1 0x00000000800056a8 (0x005202bb) x5  0x0000000000000000
core   0: 0x00000000800056ac (0x0244463b) divw    a2, s0, tp
core   0: 1 0x00000000800056ac (0x0244463b) x12 0xffffffffffffffff
core   0: 0x00000000800056b0 (0x2a6b0653) fmin.d  fa2, fs6, ft6
core   0: 1 0x00000000800056b0 (0x2a6b0653) f12 0x7ff8000000000000
core   0: 0x00000000800056b4 (0x02648e3b) mulw    t3, s1, t1
core   0: 1 0x00000000800056b4 (0x02648e3b) x28 0x0000000000015752
core   0: 0x00000000800056b8 (0x0ff0000f) fence   iorw,iorw
core   0: 1 0x00000000800056b8 (0x0ff0000f)
core   0: 0x00000000800056bc (0x0003d813) srli    a6, t2, 0
core   0: 1 0x00000000800056bc (0x0003d813) x16 0x7fffffffffffffff
core   0: 0x00000000800056c0 (0x409d8dbb) subw    s11, s11, s1
core   0: 1 0x00000000800056c0 (0x409d8dbb) x27 0xfffffffffffff065
core   0: 0x00000000800056c4 (0x40a0d533) sra     a0, ra, a0
core   0: 1 0x00000000800056c4 (0x40a0d533) x10 0xffffffffffffffff
core   0: 0x00000000800056c8 (0xc2077d53) fcvt.w.d s10, fa4
core   0: 1 0x00000000800056c8 (0xc2077d53) x26 0x0000000000000000
core   0: 0x00000000800056cc (0x0140d5bb) srlw    a1, ra, s4
core   0: 1 0x00000000800056cc (0x0140d5bb) x11 0xffffffffffffffff
core   0: 0x00000000800056d0 (0x776a4413) xori    s0, s4, 1910
core   0: 1 0x00000000800056d0 (0x776a4413) x8  0x0000000000000776
core   0: 0x00000000800056d4 (0x01f5de13) srli    t3, a1, 31
core   0: 1 0x00000000800056d4 (0x01f5de13) x28 0x00000001ffffffff
core   0: 0x00000000800056d8 (0x4005d91b) sraiw   s2, a1, 0
core   0: 1 0x00000000800056d8 (0x4005d91b) x18 0xffffffffffffffff
core   0: 0x00000000800056dc (0x026bfcd3) fadd.d  fs9, fs7, ft6
core   0: 1 0x00000000800056dc (0x026bfcd3) f25 0x7ff8000000000000
core   0: 0x00000000800056e0 (0x4022dbbb) sraw    s7, t0, sp
core   0: 1 0x00000000800056e0 (0x4022dbbb) x23 0x0000000000000000
core   0: 0x00000000800056e4 (0x00000001) c.nop
core   0: 1 0x00000000800056e4 (0x0001)
core   0: 0x00000000800056e6 (0x2643c517) auipc   a0, 0x2643c
core   0: 1 0x00000000800056e6 (0x2643c517) x10 0x00000000a64416e6
core   0: 0x00000000800056ea (0x03b90033) mul     zero, s2, s11
core   0: 1 0x00000000800056ea (0x03b90033)
core   0: 0x00000000800056ee (0x00000001) c.nop
core   0: 1 0x00000000800056ee (0x0001)
core   0: 0x00000000800056f0 (0x03606d3b) remw    s10, zero, s6
core   0: 1 0x00000000800056f0 (0x03606d3b) x26 0x0000000000000000
core   0: 0x00000000800056f4 (0xb39f8997) auipc   s3, 0xb39f8
core   0: 1 0x00000000800056f4 (0xb39f8997) x19 0x00000000339fd6f4
core   0: 0x00000000800056f8 (0x0299fb3b) remuw   s6, s3, s1
core   0: 1 0x00000000800056f8 (0x0299fb3b) x22 0x00000000000004ef
core   0: 0x00000000800056fc (0x00099393) slli    t2, s3, 0
core   0: 1 0x00000000800056fc (0x00099393) x7  0x00000000339fd6f4
core   0: 0x0000000080005700 (0x40c08eb3) sub     t4, ra, a2
core   0: 1 0x0000000080005700 (0x40c08eb3) x29 0x0000000000000000
core   0: 0x0000000080005704 (0x40ce8633) sub     a2, t4, a2
core   0: 1 0x0000000080005704 (0x40ce8633) x12 0x0000000000000001
core   0: 0x0000000080005708 (0xc0297053) fcvt.l.s zero, fs2
core   0: 1 0x0000000080005708 (0xc0297053) c1_fflags 0x000000000000001b
core   0: 0x000000008000570c (0x001b9273) csrrw   tp, fflags, s7
core   0: 1 0x000000008000570c (0x001b9273) x4  0x000000000000001b c1_fflags 0x0000000000000000
core   0: 0x0000000080005710 (0x40460533) sub     a0, a2, tp
core   0: 1 0x0000000080005710 (0x40460533) x10 0xffffffffffffffe6
core   0: 0x0000000080005714 (0x0052509b) srliw   ra, tp, 5
core   0: 1 0x0000000080005714 (0x0052509b) x1  0x0000000000000000
core   0: 0x0000000080005718 (0x00000001) c.nop
core   0: 1 0x0000000080005718 (0x0001)
core   0: 0x000000008000571a (0x40125913) srai    s2, tp, 1
core   0: 1 0x000000008000571a (0x40125913) x18 0x000000000000000d
core   0: 0x000000008000571e (0x032da233) mulhsu  tp, s11, s2
core   0: 1 0x000000008000571e (0x032da233) x4  0xffffffffffffffff
core   0: 0x0000000080005722 (0x4078d43b) sraw    s0, a7, t2
core   0: 1 0x0000000080005722 (0x4078d43b) x8  0xffffffffffffffff
core   0: 0x0000000080005726 (0x411d08b3) sub     a7, s10, a7
core   0: 1 0x0000000080005726 (0x411d08b3) x17 0xffffff00000002e1
core   0: 0x000000008000572a (0x4174d4bb) sraw    s1, s1, s7
core   0: 1 0x000000008000572a (0x4174d4bb) x9  0x0000000000000f9b
core   0: 0x000000008000572e (0x00000001) c.nop
core   0: 1 0x000000008000572e (0x0001)
core   0: 0x0000000080005730 (0xc0367b53) fcvt.lu.s s6, fa2
core   0: 1 0x0000000080005730 (0xc0367b53) c1_fflags 0x0000000000000010 x22 0xffffffffffffffff
core   0: 0x0000000080005734 (0xa3158e53) fle.d   t3, fa1, fa7
core   0: 1 0x0000000080005734 (0xa3158e53) c1_fflags 0x0000000000000010 x28 0x0000000000000000
core   0: 0x0000000080005738 (0x005eaeb3) slt     t4, t4, t0
core   0: 1 0x0000000080005738 (0x005eaeb3) x29 0x0000000000000000
core   0: 0x000000008000573c (0x0091d4bb) srlw    s1, gp, s1
core   0: 1 0x000000008000573c (0x0091d4bb) x9  0x0000000000000008
core   0: 0x0000000080005740 (0x02d482b3) mul     t0, s1, a3
core   0: 1 0x0000000080005740 (0x02d482b3) x5  0x0000000000000000
core   0: 0x0000000080005744 (0x5a0670d3) fsqrt.d ft1, fa2
core   0: 1 0x0000000080005744 (0x5a0670d3) f1  0x7ff8000000000000
core   0: 0x0000000080005748 (0x02e1c0bb) divw    ra, gp, a4
core   0: 1 0x0000000080005748 (0x02e1c0bb) x1  0xffffffffffffffff
core   0: 0x000000008000574c (0xf11033f3) csrrc   t2, mvendorid, zero
core   0: exception trap_illegal_instruction, epc 0x000000008000574c
core   0:           tval 0x00000000f11033f3
core   0: >>>>  $xrv64i2p1_m2p0_a2p1_f2p2_d2p2_zicsr2p0_zifencei2p0_zmmul1p0_zba1p0_zbb1p0_zbc1p0_zbs1p0
core   0: 0x0000000080004000 (0x0080006f) j       pc + 0x8
core   0: 3 0x0000000080004000 (0x0080006f)
core   0: >>>>  mmode_exception_handler
core   0: 0x0000000080004008 (0x00002c17) auipc   s8, 0x2
core   0: 3 0x0000000080004008 (0x00002c17) x24 0x0000000080006008
core   0: 0x000000008000400c (0x04ec0c13) addi    s8, s8, 78
core   0: 3 0x000000008000400c (0x04ec0c13) x24 0x0000000080006056
core   0: 0x0000000080004010 (0x000c00e7) jalr    s8
core   0: 3 0x0000000080004010 (0x000c00e7) x1  0x0000000080004014
core   0: >>>>  any_handler
core   0: 0x0000000080006056 (0x341027f3) csrrs   a5, mepc, zero
core   0: 3 0x0000000080006056 (0x341027f3) x15 0x000000008000574c
core   0: 0x000000008000605a (0x34202773) csrrs   a4, mcause, zero
core   0: 3 0x000000008000605a (0x34202773) x14 0x0000000000000002
core   0: 0x000000008000605e (0x142026f3) csrrs   a3, scause, zero
core   0: 3 0x000000008000605e (0x142026f3) x13 0x0000000000000000
core   0: 0x0000000080006062 (0x30402673) csrrs   a2, mie, zero
core   0: 3 0x0000000080006062 (0x30402673) x12 0x0000000000000a00
core   0: 0x0000000080006066 (0x344025f3) csrrs   a1, mip, zero
core   0: 3 0x0000000080006066 (0x344025f3) x11 0x0000000000000080
core   0: 0x000000008000606a (0x343025f3) csrrs   a1, mtval, zero
core   0: 3 0x000000008000606a (0x343025f3) x11 0x00000000f11033f3
core   0: 0x000000008000606e (0x14302573) csrrs   a0, stval, zero
core   0: 3 0x000000008000606e (0x14302573) x10 0x0000000000000002
core   0: 0x0000000080006072 (0xb02024f3) csrrs   s1, minstret, zero
core   0: 3 0x0000000080006072 (0xb02024f3) x9  0x0000000000000ffa
core   0: 0x0000000080006076 (0x0000a811) c.j     pc + 20
core   0: 3 0x0000000080006076 (0xa811)
core   0: >>>>  mepc_4
core   0: 0x000000008000608a (0x00000791) c.addi  a5, 4
core   0: 3 0x000000008000608a (0x0791) x15 0x0000000080005750
core   0: 0x000000008000608c (0x34179073) csrrw   zero, mepc, a5
core   0: 3 0x000000008000608c (0x34179073) c833_mepc 0x0000000080005750
core   0: 0x0000000080006090 (0x30200073) mret
core   0: 3 0x0000000080006090 (0x30200073) c768_mstatus 0x8000000a00106080
core   0: 0x0000000080005750 (0x016977b3) and     a5, s2, s6
core   0: 1 0x0000000080005750 (0x016977b3) x15 0x000000000000000d
core   0: 0x0000000080005754 (0xd02c7a53) fcvt.s.l fs4, s8
core   0: 1 0x0000000080005754 (0xd02c7a53) c1_fflags 0x0000000000000011 f20 0xffffffff4f000060
core   0: 0x0000000080005758 (0x238e9c53) fsgnjn.d fs8, ft9, fs8
core   0: 1 0x0000000080005758 (0x238e9c53) f24 0x0000000000000000
core   0: 0x000000008000575c (0x22b5a153) fsgnjx.d ft2, fa1, fa1
core   0: 1 0x000000008000575c (0x22b5a153) f2  0x7ff8000000000000
core   0: 0x0000000080005760 (0x4071833b) subw    t1, gp, t2
core   0: 1 0x0000000080005760 (0x4071833b) x6  0x000000000cf8290c
core   0: 0x0000000080005764 (0x00f1843b) addw    s0, gp, a5
core   0: 1 0x0000000080005764 (0x00f1843b) x8  0x000000004098000d
core   0: 0x0000000080005768 (0x02e41e13) slli    t3, s0, 46
core   0: 1 0x0000000080005768 (0x02e41e13) x28 0x0003400000000000
core   0: 0x000000008000576c (0x0ff0000f) fence   iorw,iorw
core   0: 1 0x000000008000576c (0x0ff0000f)
core   0: 0x0000000080005770 (0x420a01d3) fcvt.d.s ft3, fs4
core   0: 1 0x0000000080005770 (0x420a01d3) f3  0x41e0000c00000000
core   0: 0x0000000080005774 (0x123d7ccf) fnmadd.d fs9, fs10, ft3, ft2
core   0: 1 0x0000000080005774 (0x123d7ccf) f25 0x7ff8000000000000
core   0: 0x0000000080005778 (0x4004d593) srai    a1, s1, 0
core   0: 1 0x0000000080005778 (0x4004d593) x11 0x0000000000000ffa
core   0: 0x000000008000577c (0xc215fad3) fcvt.wu.d s5, fa1
core   0: 1 0x000000008000577c (0xc215fad3) c1_fflags 0x0000000000000011 x21 0xffffffffffffffff
core   0: 0x0000000080005780 (0x5a01fe53) fsqrt.d ft8, ft3
core   0: 1 0x0000000080005780 (0x5a01fe53) c1_fflags 0x0000000000000011 f28 0x40e6a0a6e2b90af1
core   0: 0x0000000080005784 (0xe2040d53) fmv.x.d s10, fs0
core   0: 1 0x0000000080005784 (0xe2040d53) x26 0x7ff8000000000000
core   0: 0x0000000080005788 (0xc20ff3d3) fcvt.w.d t2, ft11
core   0: 1 0x0000000080005788 (0xc20ff3d3) x7  0x0000000000000a00
core   0: 0x000000008000578c (0xa8e26397) auipc   t2, 0xa8e26
core   0: 1 0x000000008000578c (0xa8e26397) x7  0x0000000028e2b78c
core   0: 0x0000000080005790 (0x00102273) csrrs   tp, fflags, zero
core   0: 1 0x0000000080005790 (0x00102273) x4  0x0000000000000011
core   0: 0x0000000080005794 (0x027ca5b3) mulhsu  a1, s9, t2
core   0: 1 0x0000000080005794 (0x027ca5b3) x11 0xffffffffffffffff
core   0: 0x0000000080005798 (0x32307373) csrrci  t1, mhpmevent3, 0
core   0: exception trap_illegal_instruction, epc 0x0000000080005798
core   0:           tval 0x0000000032307373
core   0: >>>>  $xrv64i2p1_m2p0_a2p1_f2p2_d2p2_zicsr2p0_zifencei2p0_zmmul1p0_zba1p0_zbb1p0_zbc1p0_zbs1p0
core   0: 0x0000000080004000 (0x0080006f) j       pc + 0x8
core   0: 3 0x0000000080004000 (0x0080006f)
core   0: >>>>  mmode_exception_handler
core   0: 0x0000000080004008 (0x00002c17) auipc   s8, 0x2
core   0: 3 0x0000000080004008 (0x00002c17) x24 0x0000000080006008
core   0: 0x000000008000400c (0x04ec0c13) addi    s8, s8, 78
core   0: 3 0x000000008000400c (0x04ec0c13) x24 0x0000000080006056
core   0: 0x0000000080004010 (0x000c00e7) jalr    s8
core   0: 3 0x0000000080004010 (0x000c00e7) x1  0x0000000080004014
core   0: >>>>  any_handler
core   0: 0x0000000080006056 (0x341027f3) csrrs   a5, mepc, zero
core   0: 3 0x0000000080006056 (0x341027f3) x15 0x0000000080005798
core   0: 0x000000008000605a (0x34202773) csrrs   a4, mcause, zero
core   0: 3 0x000000008000605a (0x34202773) x14 0x0000000000000002
core   0: 0x000000008000605e (0x142026f3) csrrs   a3, scause, zero
core   0: 3 0x000000008000605e (0x142026f3) x13 0x0000000000000000
core   0: 0x0000000080006062 (0x30402673) csrrs   a2, mie, zero
core   0: 3 0x0000000080006062 (0x30402673) x12 0x0000000000000a00
core   0: 0x0000000080006066 (0x344025f3) csrrs   a1, mip, zero
core   0: 3 0x0000000080006066 (0x344025f3) x11 0x0000000000000080
core   0: 0x000000008000606a (0x343025f3) csrrs   a1, mtval, zero
core   0: 3 0x000000008000606a (0x343025f3) x11 0x0000000032307373
core   0: 0x000000008000606e (0x14302573) csrrs   a0, stval, zero
core   0: 3 0x000000008000606e (0x14302573) x10 0x0000000000000002
core   0: 0x0000000080006072 (0xb02024f3) csrrs   s1, minstret, zero
core   0: 3 0x0000000080006072 (0xb02024f3) x9  0x000000000000101c
core   0: 0x0000000080006076 (0x0000a811) c.j     pc + 20
core   0: 3 0x0000000080006076 (0xa811)
core   0: >>>>  mepc_4
core   0: 0x000000008000608a (0x00000791) c.addi  a5, 4
core   0: 3 0x000000008000608a (0x0791) x15 0x000000008000579c
core   0: 0x000000008000608c (0x34179073) csrrw   zero, mepc, a5
core   0: 3 0x000000008000608c (0x34179073) c833_mepc 0x000000008000579c
core   0: 0x0000000080006090 (0x30200073) mret
core   0: 3 0x0000000080006090 (0x30200073) c768_mstatus 0x8000000a00106080
core   0: 0x000000008000579c (0x0012dd9b) srliw   s11, t0, 1
core   0: 1 0x000000008000579c (0x0012dd9b) x27 0x0000000000000000
core   0: 0x00000000800057a0 (0x800b8b9b) addiw   s7, s7, -2048
core   0: 1 0x00000000800057a0 (0x800b8b9b) x23 0xfffffffffffff800
core   0: 0x00000000800057a4 (0x02758033) mul     zero, a1, t2
core   0: 1 0x00000000800057a4 (0x02758033)
core   0: 0x00000000800057a8 (0x7ff5e093) ori     ra, a1, 2047
core   0: 1 0x00000000800057a8 (0x7ff5e093) x1  0x00000000323077ff
core   0: 0x00000000800057ac (0x0b8fff53) fsub.d  ft10, ft11, fs8
core   0: 1 0x00000000800057ac (0x0b8fff53) f30 0x40a4000000000000
core   0: 0x00000000800057b0 (0xd02af5d3) fcvt.s.l fa1, s5
core   0: 1 0x00000000800057b0 (0xd02af5d3) f11 0xffffffffbf800000
core   0: 0x00000000800057b4 (0x00000d86) c.slli  s11, 1
core   0: 1 0x00000000800057b4 (0x0d86) x27 0x0000000000000000
core   0: 0x00000000800057b6 (0x002d9a73) csrrw   s4, frm, s11
core   0: 1 0x00000000800057b6 (0x002d9a73) x20 0x0000000000000002 c2_frm 0x0000000000000000
core   0: 0x00000000800057ba (0xd23dfed3) fcvt.d.lu ft9, s11
core   0: 1 0x00000000800057ba (0xd23dfed3) f29 0x0000000000000000
core   0: 0x00000000800057be (0x401ef5d3) fcvt.s.d fa1, ft9
core   0: 1 0x00000000800057be (0x401ef5d3) f11 0xffffffff00000000
core   0: 0x00000000800057c2 (0x033879d3) fadd.d  fs3, fa6, fs3
core   0: 1 0x00000000800057c2 (0x033879d3) f19 0x7ff8000000000000
core   0: 0x00000000800057c6 (0x021deb3b) remw    s6, s11, ra
core   0: 1 0x00000000800057c6 (0x021deb3b) x22 0x0000000000000000
core   0: 0x00000000800057ca (0x34406af3) csrrsi  s5, mip, 0
core   0: exception trap_illegal_instruction, epc 0x00000000800057ca
core   0:           tval 0x0000000034406af3
core   0: >>>>  $xrv64i2p1_m2p0_a2p1_f2p2_d2p2_zicsr2p0_zifencei2p0_zmmul1p0_zba1p0_zbb1p0_zbc1p0_zbs1p0
core   0: 0x0000000080004000 (0x0080006f) j       pc + 0x8
core   0: 3 0x0000000080004000 (0x0080006f)
core   0: >>>>  mmode_exception_handler
core   0: 0x0000000080004008 (0x00002c17) auipc   s8, 0x2
core   0: 3 0x0000000080004008 (0x00002c17) x24 0x0000000080006008
core   0: 0x000000008000400c (0x04ec0c13) addi    s8, s8, 78
core   0: 3 0x000000008000400c (0x04ec0c13) x24 0x0000000080006056
core   0: 0x0000000080004010 (0x000c00e7) jalr    s8
core   0: 3 0x0000000080004010 (0x000c00e7) x1  0x0000000080004014
core   0: >>>>  any_handler
core   0: 0x0000000080006056 (0x341027f3) csrrs   a5, mepc, zero
core   0: 3 0x0000000080006056 (0x341027f3) x15 0x00000000800057ca
core   0: 0x000000008000605a (0x34202773) csrrs   a4, mcause, zero
core   0: 3 0x000000008000605a (0x34202773) x14 0x0000000000000002
core   0: 0x000000008000605e (0x142026f3) csrrs   a3, scause, zero
core   0: 3 0x000000008000605e (0x142026f3) x13 0x0000000000000000
core   0: 0x0000000080006062 (0x30402673) csrrs   a2, mie, zero
core   0: 3 0x0000000080006062 (0x30402673) x12 0x0000000000000a00
core   0: 0x0000000080006066 (0x344025f3) csrrs   a1, mip, zero
core   0: 3 0x0000000080006066 (0x344025f3) x11 0x0000000000000080
core   0: 0x000000008000606a (0x343025f3) csrrs   a1, mtval, zero
core   0: 3 0x000000008000606a (0x343025f3) x11 0x0000000034406af3
core   0: 0x000000008000606e (0x14302573) csrrs   a0, stval, zero
core   0: 3 0x000000008000606e (0x14302573) x10 0x0000000000000002
core   0: 0x0000000080006072 (0xb02024f3) csrrs   s1, minstret, zero
core   0: 3 0x0000000080006072 (0xb02024f3) x9  0x0000000000001038
core   0: 0x0000000080006076 (0x0000a811) c.j     pc + 20
core   0: 3 0x0000000080006076 (0xa811)
core   0: >>>>  mepc_4
core   0: 0x000000008000608a (0x00000791) c.addi  a5, 4
core   0: 3 0x000000008000608a (0x0791) x15 0x00000000800057ce
core   0: 0x000000008000608c (0x34179073) csrrw   zero, mepc, a5
core   0: 3 0x000000008000608c (0x34179073) c833_mepc 0x00000000800057ce
core   0: 0x0000000080006090 (0x30200073) mret
core   0: 3 0x0000000080006090 (0x30200073) c768_mstatus 0x8000000a00106080
core   0: 0x00000000800057ce (0x01d4d19b) srliw   gp, s1, 29
core   0: 1 0x00000000800057ce (0x01d4d19b) x3  0x0000000000000000
core   0: 0x00000000800057d2 (0x0032cc33) xor     s8, t0, gp
core   0: 1 0x00000000800057d2 (0x0032cc33) x24 0x0000000000000000
core   0: 0x00000000800057d6 (0x00000001) c.nop
core   0: 1 0x00000000800057d6 (0x0001)
core   0: 0x00000000800057d8 (0x5bd87ac3) fmadd.d fs5, fa6, ft9, fa1
core   0: 1 0x00000000800057d8 (0x5bd87ac3) f21 0x7ff8000000000000
core   0: 0x00000000800057dc (0x019e199b) slliw   s3, t3, 25
core   0: 1 0x00000000800057dc (0x019e199b) x19 0x0000000000000000
core   0: 0x00000000800057e0 (0x2b5188d3) fmin.d  fa7, ft3, fs5
core   0: 1 0x00000000800057e0 (0x2b5188d3) f17 0x41e0000c00000000
core   0: 0x00000000800057e4 (0x415a8ab3) sub     s5, s5, s5
core   0: 1 0x00000000800057e4 (0x415a8ab3) x21 0x0000000000000000
core   0: 0x00000000800057e8 (0x4059d593) srai    a1, s3, 5
core   0: 1 0x00000000800057e8 (0x4059d593) x11 0x0000000000000000
core   0: 0x00000000800057ec (0x371e8e9b) addiw   t4, t4, 881
core   0: 1 0x00000000800057ec (0x371e8e9b) x29 0x0000000000000371
core   0: 0x00000000800057f0 (0x033adb33) divu    s6, s5, s3
core   0: 1 0x00000000800057f0 (0x033adb33) x22 0xffffffffffffffff
core   0: 0x00000000800057f4 (0x0329abb3) mulhsu  s7, s3, s2
core   0: 1 0x00000000800057f4 (0x0329abb3) x23 0x0000000000000000
core   0: 0x00000000800057f8 (0x416cde33) sra     t3, s9, s6
core   0: 1 0x00000000800057f8 (0x416cde33) x28 0xffffffffffffffff
core   0: 0x00000000800057fc (0x001028f3) csrrs   a7, fflags, zero
core   0: 1 0x00000000800057fc (0x001028f3) x17 0x0000000000000011
core   0: 0x0000000080005800 (0xd23478d3) fcvt.d.lu fa7, s0
core   0: 1 0x0000000080005800 (0xd23478d3) f17 0x41d0260003400000
core   0: 0x0000000080005804 (0x0ff0000f) fence   iorw,iorw
core   0: 1 0x0000000080005804 (0x0ff0000f)
core   0: 0x0000000080005808 (0xfe131737) lui     a4, 0xfe131
core   0: 1 0x0000000080005808 (0xfe131737) x14 0xfffffffffe131000
core   0: 0x000000008000580c (0x4957071b) addiw   a4, a4, 1173
core   0: 1 0x000000008000580c (0x4957071b) x14 0xfffffffffe131495
core   0: 0x0000000080005810 (0x0000073a) c.slli  a4, 14
core   0: 1 0x0000000080005810 (0x073a) x14 0xffffff84c5254000
core   0: 0x0000000080005812 (0x53270713) addi    a4, a4, 1330
core   0: 1 0x0000000080005812 (0x53270713) x14 0xffffff84c5254532
core   0: 0x0000000080005816 (0x01f99d1b) slliw   s10, s3, 31
core   0: 1 0x0000000080005816 (0x01f99d1b) x26 0x0000000000000000
core   0: 0x000000008000581a (0x017293b3) sll     t2, t0, s7
core   0: 1 0x000000008000581a (0x017293b3) x7  0x0000000000000000
core   0: 0x000000008000581e (0x80094b13) xori    s6, s2, -2048
core   0: 1 0x000000008000581e (0x80094b13) x22 0xfffffffffffff80d
core   0: 0x0000000080005822 (0xbaf9fbc7) fmsub.d fs7, fs3, fa5, fs7
core   0: 1 0x0000000080005822 (0xbaf9fbc7) f23 0x7ff8000000000000
core   0: 0x0000000080005826 (0xf30c6c13) ori     s8, s8, -208
core   0: 1 0x0000000080005826 (0xf30c6c13) x24 0xffffffffffffff30
core   0: 0x000000008000582a (0x08ec8eb7) lui     t4, 0x8ec8
core   0: 1 0x000000008000582a (0x08ec8eb7) x29 0x0000000008ec8000
core   0: 0x000000008000582e (0x02837333) remu    t1, t1, s0
core   0: 1 0x000000008000582e (0x02837333) x6  0x000000000cf8290c
core   0: 0x0000000080005832 (0x02637353) fadd.d  ft6, ft6, ft6
core   0: 1 0x0000000080005832 (0x02637353) f6  0x7ff8000000000000
core   0: 0x0000000080005836 (0x01841513) slli    a0, s0, 24
core   0: 1 0x0000000080005836 (0x01841513) x10 0x004098000d000000
core   0: 0x000000008000583a (0x00ac893b) addw    s2, s9, a0
core   0: 1 0x000000008000583a (0x00ac893b) x18 0xffffffff8d004813
core   0: 0x000000008000583e (0x03455a33) divu    s4, a0, s4
core   0: 1 0x000000008000583e (0x03455a33) x20 0x00204c0006800000
core   0: 0x0000000080005842 (0xb820de73) csrrwi  t3, minstreth, 1
core   0: exception trap_illegal_instruction, epc 0x0000000080005842
core   0:           tval 0x00000000b820de73
core   0: >>>>  $xrv64i2p1_m2p0_a2p1_f2p2_d2p2_zicsr2p0_zifencei2p0_zmmul1p0_zba1p0_zbb1p0_zbc1p0_zbs1p0
core   0: 0x0000000080004000 (0x0080006f) j       pc + 0x8
core   0: 3 0x0000000080004000 (0x0080006f)
core   0: >>>>  mmode_exception_handler
core   0: 0x0000000080004008 (0x00002c17) auipc   s8, 0x2
core   0: 3 0x0000000080004008 (0x00002c17) x24 0x0000000080006008
core   0: 0x000000008000400c (0x04ec0c13) addi    s8, s8, 78
core   0: 3 0x000000008000400c (0x04ec0c13) x24 0x0000000080006056
core   0: 0x0000000080004010 (0x000c00e7) jalr    s8
core   0: 3 0x0000000080004010 (0x000c00e7) x1  0x0000000080004014
core   0: >>>>  any_handler
core   0: 0x0000000080006056 (0x341027f3) csrrs   a5, mepc, zero
core   0: 3 0x0000000080006056 (0x341027f3) x15 0x0000000080005842
core   0: 0x000000008000605a (0x34202773) csrrs   a4, mcause, zero
core   0: 3 0x000000008000605a (0x34202773) x14 0x0000000000000002
core   0: 0x000000008000605e (0x142026f3) csrrs   a3, scause, zero
core   0: 3 0x000000008000605e (0x142026f3) x13 0x0000000000000000
core   0: 0x0000000080006062 (0x30402673) csrrs   a2, mie, zero
core   0: 3 0x0000000080006062 (0x30402673) x12 0x0000000000000a00
core   0: 0x0000000080006066 (0x344025f3) csrrs   a1, mip, zero
core   0: 3 0x0000000080006066 (0x344025f3) x11 0x0000000000000080
core   0: 0x000000008000606a (0x343025f3) csrrs   a1, mtval, zero
core   0: 3 0x000000008000606a (0x343025f3) x11 0x00000000b820de73
core   0: 0x000000008000606e (0x14302573) csrrs   a0, stval, zero
core   0: 3 0x000000008000606e (0x14302573) x10 0x0000000000000002
core   0: 0x0000000080006072 (0xb02024f3) csrrs   s1, minstret, zero
core   0: 3 0x0000000080006072 (0xb02024f3) x9  0x0000000000001066
core   0: 0x0000000080006076 (0x0000a811) c.j     pc + 20
core   0: 3 0x0000000080006076 (0xa811)
core   0: >>>>  mepc_4
core   0: 0x000000008000608a (0x00000791) c.addi  a5, 4
core   0: 3 0x000000008000608a (0x0791) x15 0x0000000080005846
core   0: 0x000000008000608c (0x34179073) csrrw   zero, mepc, a5
core   0: 3 0x000000008000608c (0x34179073) c833_mepc 0x0000000080005846
core   0: 0x0000000080006090 (0x30200073) mret
core   0: 3 0x0000000080006090 (0x30200073) c768_mstatus 0x8000000a00106080
core   0: 0x0000000080005846 (0x2af406d3) fmin.d  fa3, fs0, fa5
core   0: 1 0x0000000080005846 (0x2af406d3) f13 0xc0a4000000000000
core   0: 0x000000008000584a (0x78c89597) auipc   a1, 0x78c89
core   0: 1 0x000000008000584a (0x78c89597) x11 0x00000000f8c8e84a
core   0: 0x000000008000584e (0x022c73d3) fadd.d  ft7, fs8, ft2
core   0: 1 0x000000008000584e (0x022c73d3) f7  0x7ff8000000000000
core   0: 0x0000000080005852 (0x4184d61b) sraiw   a2, s1, 24
core   0: 1 0x0000000080005852 (0x4184d61b) x12 0x0000000000000000
core   0: 0x0000000080005856 (0x0314a2b3) mulhsu  t0, s1, a7
core   0: 1 0x0000000080005856 (0x0314a2b3) x5  0x0000000000000000
core   0: 0x000000008000585a (0x4161db33) sra     s6, gp, s6
core   0: 1 0x000000008000585a (0x4161db33) x22 0x0000000000000000
core   0: 0x000000008000585e (0xc27bfdc7) fmsub.d fs11, fs7, ft7, fs8
core   0: 1 0x000000008000585e (0xc27bfdc7) f27 0x7ff8000000000000
core   0: 0x0000000080005862 (0x00a1fd33) and     s10, gp, a0
core   0: 1 0x0000000080005862 (0x00a1fd33) x26 0x0000000000000000
core   0: 0x0000000080005866 (0x01a5173b) sllw    a4, a0, s10
core   0: 1 0x0000000080005866 (0x01a5173b) x14 0x0000000000000002
core   0: 0x000000008000586a (0x02ed09bb) mulw    s3, s10, a4
core   0: 1 0x000000008000586a (0x02ed09bb) x19 0x0000000000000000
core   0: 0x000000008000586e (0x001a98f3) csrrw   a7, fflags, s5
core   0: 1 0x000000008000586e (0x001a98f3) x17 0x0000000000000011 c1_fflags 0x0000000000000000
core   0: 0x0000000080005872 (0x0319fbb3) remu    s7, s3, a7
core   0: 1 0x0000000080005872 (0x0319fbb3) x23 0x0000000000000000
core   0: 0x0000000080005876 (0x01799dbb) sllw    s11, s3, s7
core   0: 1 0x0000000080005876 (0x01799dbb) x27 0x0000000000000000
core   0: 0x000000008000587a (0x02715113) srli    sp, sp, 39
core   0: 1 0x000000008000587a (0x02715113) x2  0x0000000000000000
core   0: 0x000000008000587e (0x00000001) c.nop
core   0: 1 0x000000008000587e (0x0001)
core   0: 0x0000000080005880 (0x42a15813) srai    a6, sp, 42
core   0: 1 0x0000000080005880 (0x42a15813) x16 0x0000000000000000
core   0: 0x0000000080005884 (0xc0307bd3) fcvt.lu.s s7, ft0
core   0: 1 0x0000000080005884 (0xc0307bd3) c1_fflags 0x0000000000000010 x23 0xffffffffffffffff
core   0: 0x0000000080005888 (0x4008551b) sraiw   a0, a6, 0
core   0: 1 0x0000000080005888 (0x4008551b) x10 0x0000000000000000
core   0: 0x000000008000588c (0x037901bb) mulw    gp, s2, s7
core   0: 1 0x000000008000588c (0x037901bb) x3  0x0000000072ffb7ed
core   0: 0x0000000080005890 (0x02f33933) mulhu   s2, t1, a5
core   0: 1 0x0000000080005890 (0x02f33933) x18 0x0000000000000000
core   0: 0x0000000080005894 (0x1f554197) auipc   gp, 0x1f554
core   0: 1 0x0000000080005894 (0x1f554197) x3  0x000000009f559894
core   0: 0x0000000080005898 (0x4076d7bb) sraw    a5, a3, t2
core   0: 1 0x0000000080005898 (0x4076d7bb) x15 0x0000000000000000
core   0: 0x000000008000589c (0x02f6fc3b) remuw   s8, a3, a5
core   0: 1 0x000000008000589c (0x02f6fc3b) x24 0x0000000000000000
core   0: 0x00000000800058a0 (0x4016d5b3) sra     a1, a3, ra
core   0: 1 0x00000000800058a0 (0x4016d5b3) x11 0x0000000000000000
core   0: 0x00000000800058a4 (0xd03c74d3) fcvt.s.lu fs1, s8
core   0: 1 0x00000000800058a4 (0xd03c74d3) f9  0xffffffff00000000
core   0: 0x00000000800058a8 (0x0b15fd53) fsub.d  fs10, fa1, fa7
core   0: 1 0x00000000800058a8 (0x0b15fd53) f26 0x7ff8000000000000
core   0: 0x00000000800058ac (0x41b05a13) srai    s4, zero, 27
core   0: 1 0x00000000800058ac (0x41b05a13) x20 0x0000000000000000
core   0: 0x00000000800058b0 (0x401ff4d3) fcvt.s.d fs1, ft11
core   0: 1 0x00000000800058b0 (0x401ff4d3) f9  0xffffffff45200000
core   0: 0x00000000800058b4 (0x2ad49ad3) fmax.d  fs5, fs1, fa3
core   0: 1 0x00000000800058b4 (0x2ad49ad3) f21 0xc0a4000000000000
core   0: 0x00000000800058b8 (0x23538853) fsgnj.d fa6, ft7, fs5
core   0: 1 0x00000000800058b8 (0x23538853) f16 0xfff8000000000000
core   0: 0x00000000800058bc (0x00000001) c.nop
core   0: 1 0x00000000800058bc (0x0001)
core   0: 0x00000000800058be (0x410b863b) subw    a2, s7, a6
core   0: 1 0x00000000800058be (0x410b863b) x12 0xffffffffffffffff
core   0: 0x00000000800058c2 (0x00000001) c.nop
core   0: 1 0x00000000800058c2 (0x0001)
core   0: 0x00000000800058c4 (0x002020f3) csrrs   ra, frm, zero
core   0: 1 0x00000000800058c4 (0x002020f3) x1  0x0000000000000000
core   0: 0x00000000800058c8 (0x03fdd593) srli    a1, s11, 63
core   0: 1 0x00000000800058c8 (0x03fdd593) x11 0x0000000000000000
core   0: 0x00000000800058cc (0xc22af153) fcvt.l.d sp, fs5
core   0: 1 0x00000000800058cc (0xc22af153) x2  0xfffffffffffff600
core   0: 0x00000000800058d0 (0xd224fad3) fcvt.d.l fs5, s1
core   0: 1 0x00000000800058d0 (0xd224fad3) f21 0x40b0660000000000
core   0: 0x00000000800058d4 (0x02bc79b3) remu    s3, s8, a1
core   0: 1 0x00000000800058d4 (0x02bc79b3) x19 0x0000000000000000
core   0: 0x00000000800058d8 (0xe6e34913) xori    s2, t1, -402
core   0: 1 0x00000000800058d8 (0xe6e34913) x18 0xfffffffff307d762
core   0: 0x00000000800058dc (0xc023f0d3) fcvt.l.s ra, ft7
core   0: 1 0x00000000800058dc (0xc023f0d3) c1_fflags 0x0000000000000010 x1  0x7fffffffffffffff
core   0: 0x00000000800058e0 (0x2a141453) fmax.d  fs0, fs0, ft1
core   0: 1 0x00000000800058e0 (0x2a141453) f8  0x7ff8000000000000
core   0: 0x00000000800058e4 (0x61f3db17) auipc   s6, 0x61f3d
core   0: 1 0x00000000800058e4 (0x61f3db17) x22 0x00000000e1f428e4
core   0: 0x00000000800058e8 (0x00102df3) csrrs   s11, fflags, zero
core   0: 1 0x00000000800058e8 (0x00102df3) x27 0x0000000000000010
core   0: 0x00000000800058ec (0xca637ccb) fnmsub.d fs9, ft6, ft6, fs9
core   0: 1 0x00000000800058ec (0xca637ccb) f25 0x7ff8000000000000
core   0: 0x00000000800058f0 (0x01cdd0b3) srl     ra, s11, t3
core   0: 1 0x00000000800058f0 (0x01cdd0b3) x1  0x0000000000000000
core   0: 0x00000000800058f4 (0x10aea073) csrrs   zero, senvcfg, t4
core   0: 1 0x00000000800058f4 (0x10aea073) c266_senvcfg 0x0000000000000000
core   0: 0x00000000800058f8 (0xb2607b43) fmadd.d fs6, ft0, ft6, fs6
core   0: 1 0x00000000800058f8 (0xb2607b43) f22 0x7ff8000000000000
core   0: 0x00000000800058fc (0x0188503b) srlw    zero, a6, s8
core   0: 1 0x00000000800058fc (0x0188503b)
core   0: 0x0000000080005900 (0xff08a9b7) lui     s3, 0xff08a
core   0: 1 0x0000000080005900 (0xff08a9b7) x19 0xffffffffff08a000
core   0: 0x0000000080005904 (0xb419899b) addiw   s3, s3, -1215
core   0: 1 0x0000000080005904 (0xb419899b) x19 0xffffffffff089b41
core   0: 0x0000000080005908 (0x000009b2) c.slli  s3, 12
core   0: 1 0x0000000080005908 (0x09b2) x19 0xfffffff089b41000
core   0: 0x000000008000590a (0x43b98993) addi    s3, s3, 1083
core   0: 1 0x000000008000590a (0x43b98993) x19 0xfffffff089b4143b
core   0: 0x000000008000590e (0x020479cf) fnmadd.d fs3, fs0, ft0, ft0
core   0: 1 0x000000008000590e (0x020479cf) f19 0x7ff8000000000000
core   0: 0x0000000080005912 (0x01310ebb) addw    t4, sp, s3
core   0: 1 0x0000000080005912 (0x01310ebb) x29 0xffffffff89b40a3b
core   0: 0x0000000080005916 (0x03de5933) divu    s2, t3, t4
core   0: 1 0x0000000080005916 (0x03de5933) x18 0x0000000000000001
core   0: 0x000000008000591a (0x01590133) add     sp, s2, s5
core   0: 1 0x000000008000591a (0x01590133) x2  0x0000000000000001
core   0: 0x000000008000591e (0x0a3a7a53) fsub.d  fs4, fs4, ft3
core   0: 1 0x000000008000591e (0x0a3a7a53) f20 0x7ff8000000000000
core   0: 0x0000000080005922 (0x015909bb) addw    s3, s2, s5
core   0: 1 0x0000000080005922 (0x015909bb) x19 0x0000000000000001
core   0: 0x0000000080005926 (0x40f5dc9b) sraiw   s9, a1, 15
core   0: 1 0x0000000080005926 (0x40f5dc9b) x25 0x0000000000000000
core   0: 0x000000008000592a (0x033ae2b3) rem     t0, s5, s3
core   0: 1 0x000000008000592a (0x033ae2b3) x5  0x0000000000000000
core   0: 0x000000008000592e (0x00000001) c.nop
core   0: 1 0x000000008000592e (0x0001)
core   0: 0x0000000080005930 (0x4013d193) srai    gp, t2, 1
core   0: 1 0x0000000080005930 (0x4013d193) x3  0x0000000000000000
core   0: 0x0000000080005934 (0xc207f453) fcvt.w.d s0, fa5
core   0: 1 0x0000000080005934 (0xc207f453) x8  0xfffffffffffff600
core   0: 0x0000000080005938 (0x8c523eb7) lui     t4, 0x8c523
core   0: 1 0x0000000080005938 (0x8c523eb7) x29 0xffffffff8c523000
core   0: 0x000000008000593c (0xa2547543) fmadd.d fa0, fs0, ft5, fs4
core   0: 1 0x000000008000593c (0xa2547543) f10 0x7ff8000000000000
core   0: 0x0000000080005940 (0xd22ef9d3) fcvt.d.l fs3, t4
core   0: 1 0x0000000080005940 (0xd22ef9d3) f19 0xc1dceb7400000000
core   0: 0x0000000080005944 (0x41d357bb) sraw    a5, t1, t4
core   0: 1 0x0000000080005944 (0x41d357bb) x15 0x000000000cf8290c
core   0: 0x0000000080005948 (0xc23d71d3) fcvt.lu.d gp, fs10
core   0: 1 0x0000000080005948 (0xc23d71d3) c1_fflags 0x0000000000000010 x3  0xffffffffffffffff
core   0: 0x000000008000594c (0x0ff0000f) fence   iorw,iorw
core   0: 1 0x000000008000594c (0x0ff0000f)
core   0: 0x0000000080005950 (0x9aa37cc3) fmadd.d fs9, ft6, fa0, fs3
core   0: 1 0x0000000080005950 (0x9aa37cc3) f25 0x7ff8000000000000
core   0: 0x0000000080005954 (0x001292f3) csrrw   t0, fflags, t0
core   0: 1 0x0000000080005954 (0x001292f3) x5  0x0000000000000010 c1_fflags 0x0000000000000000
core   0: 0x0000000080005958 (0x00358733) add     a4, a1, gp
core   0: 1 0x0000000080005958 (0x00358733) x14 0xffffffffffffffff
core   0: 0x000000008000595c (0x2394ab53) fsgnjx.d fs6, fs1, fs9
core   0: 1 0x000000008000595c (0x2394ab53) f22 0xffffffff45200000
core   0: 0x0000000080005960 (0x5a0cf253) fsqrt.d ft4, fs9
core   0: 1 0x0000000080005960 (0x5a0cf253) f4  0x7ff8000000000000
core   0: 0x0000000080005964 (0x1ad97dd3) fdiv.d  fs11, fs2, fa3
core   0: 1 0x0000000080005964 (0x1ad97dd3) f27 0x8000000000000000
core   0: 0x0000000080005968 (0x0052e933) or      s2, t0, t0
core   0: 1 0x0000000080005968 (0x0052e933) x18 0x0000000000000010
core   0: 0x000000008000596c (0x00000001) c.nop
core   0: 1 0x000000008000596c (0x0001)
core   0: 0x000000008000596e (0x02a1a1b3) mulhsu  gp, gp, a0
core   0: 1 0x000000008000596e (0x02a1a1b3) x3  0x0000000000000000
core   0: 0x0000000080005972 (0xfef08637) lui     a2, 0xfef08
core   0: 1 0x0000000080005972 (0xfef08637) x12 0xfffffffffef08000
core   0: 0x0000000080005976 (0x1c96061b) addiw   a2, a2, 457
core   0: 1 0x0000000080005976 (0x1c96061b) x12 0xfffffffffef081c9
core   0: 0x000000008000597a (0x00000636) c.slli  a2, 13
core   0: 1 0x000000008000597a (0x0636) x12 0xffffffde10392000
core   0: 0x000000008000597c (0x68260613) addi    a2, a2, 1666
core   0: 1 0x000000008000597c (0x68260613) x12 0xffffffde10392682
core   0: 0x0000000080005980 (0x01961cb3) sll     s9, a2, s9
core   0: 1 0x0000000080005980 (0x01961cb3) x25 0xffffffde10392682
core   0: 0x0000000080005984 (0x0394fb3b) remuw   s6, s1, s9
core   0: 1 0x0000000080005984 (0x0394fb3b) x22 0x0000000000001066
core   0: 0x0000000080005988 (0x420f8ad3) fcvt.d.s fs5, ft11
core   0: 1 0x0000000080005988 (0x420f8ad3) f21 0x7ff8000000000000
core   0: 0x000000008000598c (0x02db7c33) remu    s8, s6, a3
core   0: 1 0x000000008000598c (0x02db7c33) x24 0x0000000000001066
core   0: 0x0000000080005990 (0xdbba36b7) lui     a3, 0xdbba3
core   0: 1 0x0000000080005990 (0xdbba36b7) x13 0xffffffffdbba3000
core   0: 0x0000000080005994 (0x00282833) slt     a6, a6, sp
core   0: 1 0x0000000080005994 (0x00282833) x16 0x0000000000000001
core   0: 0x0000000080005998 (0x00fcd337) lui     t1, 0xfcd
core   0: 1 0x0000000080005998 (0x00fcd337) x6  0x0000000000fcd000
core   0: 0x000000008000599c (0x9b13031b) addiw   t1, t1, -1615
core   0: 1 0x000000008000599c (0x9b13031b) x6  0x0000000000fcc9b1
core   0: 0x00000000800059a0 (0x00000332) c.slli  t1, 12
core   0: 1 0x00000000800059a0 (0x0332) x6  0x0000000fcc9b1000
core   0: 0x00000000800059a2 (0x54730313) addi    t1, t1, 1351
core   0: 1 0x00000000800059a2 (0x54730313) x6  0x0000000fcc9b1547
core   0: 0x00000000800059a6 (0x0294be33) mulhu   t3, s1, s1
core   0: 1 0x00000000800059a6 (0x0294be33) x28 0x0000000000000000
core   0: 0x00000000800059aa (0x01c0c2b3) xor     t0, ra, t3
core   0: 1 0x00000000800059aa (0x01c0c2b3) x5  0x0000000000000000
core   0: 0x00000000800059ae (0x235b9b53) fsgnjn.d fs6, fs7, fs5
core   0: 1 0x00000000800059ae (0x235b9b53) f22 0xfff8000000000000
core   0: 0x00000000800059b2 (0x00101a9b) slliw   s5, zero, 1
core   0: 1 0x00000000800059b2 (0x00101a9b) x21 0x0000000000000000
core   0: 0x00000000800059b6 (0x010ce833) or      a6, s9, a6
core   0: 1 0x00000000800059b6 (0x010ce833) x16 0xffffffde10392683
core   0: 0x00000000800059ba (0x0019971b) slliw   a4, s3, 1
core   0: 1 0x00000000800059ba (0x0019971b) x14 0x0000000000000002
core   0: 0x00000000800059be (0x0282743b) remuw   s0, tp, s0
core   0: 1 0x00000000800059be (0x0282743b) x8  0x0000000000000011
core   0: 0x00000000800059c2 (0xc2227353) fcvt.l.d t1, ft4
core   0: 1 0x00000000800059c2 (0xc2227353) c1_fflags 0x0000000000000010 x6  0x7fffffffffffffff
core   0: 0x00000000800059c6 (0x01b416bb) sllw    a3, s0, s11
core   0: 1 0x00000000800059c6 (0x01b416bb) x13 0x0000000000110000
core   0: 0x00000000800059ca (0x002e15f3) csrrw   a1, frm, t3
core   0: 1 0x00000000800059ca (0x002e15f3) x11 0x0000000000000000 c2_frm 0x0000000000000000
core   0: 0x00000000800059ce (0x003a94b3) sll     s1, s5, gp
core   0: 1 0x00000000800059ce (0x003a94b3) x9  0x0000000000000000
core   0: 0x00000000800059d2 (0xe133ac37) lui     s8, 0xe133a
core   0: 1 0x00000000800059d2 (0xe133ac37) x24 0xffffffffe133a000
core   0: 0x00000000800059d6 (0x004cc233) xor     tp, s9, tp
core   0: 1 0x00000000800059d6 (0x004cc233) x4  0xffffffde10392693
core   0: 0x00000000800059da (0x0ff0000f) fence   iorw,iorw
core   0: 1 0x00000000800059da (0x0ff0000f)
core   0: 0x00000000800059de (0x02f90733) mul     a4, s2, a5
core   0: 1 0x00000000800059de (0x02f90733) x14 0x00000000cf8290c0
core   0: 0x00000000800059e2 (0xf2020553) fmv.d.x fa0, tp
core   0: 1 0x00000000800059e2 (0xf2020553) f10 0xffffffde10392693
core   0: 0x00000000800059e6 (0x02e178bb) remuw   a7, sp, a4
core   0: 1 0x00000000800059e6 (0x02e178bb) x17 0x0000000000000001
core   0: 0x00000000800059ea (0x0375d63b) divuw   a2, a1, s7
core   0: 1 0x00000000800059ea (0x0375d63b) x12 0x0000000000000000
core   0: 0x00000000800059ee (0x01620b3b) addw    s6, tp, s6
core   0: 1 0x00000000800059ee (0x01620b3b) x22 0x00000000103936f9
core   0: 0x00000000800059f2 (0xc03afbd3) fcvt.lu.s s7, fs5
core   0: 1 0x00000000800059f2 (0xc03afbd3) c1_fflags 0x0000000000000010 x23 0xffffffffffffffff
core   0: 0x00000000800059f6 (0x02e77733) remu    a4, a4, a4
core   0: 1 0x00000000800059f6 (0x02e77733) x14 0x0000000000000000
core   0: 0x00000000800059fa (0x58bc0a93) addi    s5, s8, 1419
core   0: 1 0x00000000800059fa (0x58bc0a93) x21 0xffffffffe133a58b
core   0: 0x00000000800059fe (0x33db7ecb) fnmsub.d ft9, fs6, ft9, ft6
core   0: 1 0x00000000800059fe (0x33db7ecb) f29 0x7ff8000000000000
core   0: 0x0000000080005a02 (0x0060d33b) srlw    t1, ra, t1
core   0: 1 0x0000000080005a02 (0x0060d33b) x6  0x0000000000000000
core   0: 0x0000000080005a06 (0x00051113) slli    sp, a0, 0
core   0: 1 0x0000000080005a06 (0x00051113) x2  0x0000000000000000
core   0: 0x0000000080005a0a (0xd020ff53) fcvt.s.l ft10, ra
core   0: 1 0x0000000080005a0a (0xd020ff53) f30 0xffffffff00000000
core   0: 0x0000000080005a0e (0x647afa93) andi    s5, s5, 1607
core   0: 1 0x0000000080005a0e (0x647afa93) x21 0x0000000000000403
core   0: 0x0000000080005a12 (0x7ffa8013) addi    zero, s5, 2047
core   0: 1 0x0000000080005a12 (0x7ffa8013)
core   0: 0x0000000080005a16 (0xd4044393) xori    t2, s0, -704
core   0: 1 0x0000000080005a16 (0xd4044393) x7  0xfffffffffffffd51
core   0: 0x0000000080005a1a (0x41ca5bb3) sra     s7, s4, t3
core   0: 1 0x0000000080005a1a (0x41ca5bb3) x23 0x0000000000000000
core   0: 0x0000000080005a1e (0x00184b93) xori    s7, a6, 1
core   0: 1 0x0000000080005a1e (0x00184b93) x23 0xffffffde10392682
core   0: 0x0000000080005a22 (0xd0337a53) fcvt.s.lu fs4, t1
core   0: 1 0x0000000080005a22 (0xd0337a53) f20 0xffffffff00000000
core   0: 0x0000000080005a26 (0x001b511b) srliw   sp, s6, 1
core   0: 1 0x0000000080005a26 (0x001b511b) x2  0x00000000081c9b7c
core   0: 0x0000000080005a2a (0x5a007a53) fsqrt.d fs4, ft0
core   0: 1 0x0000000080005a2a (0x5a007a53) f20 0x7ff8000000000000
core   0: 0x0000000080005a2e (0x0bd8f853) fsub.d  fa6, fa7, ft9
core   0: 1 0x0000000080005a2e (0x0bd8f853) f16 0x7ff8000000000000
core   0: 0x0000000080005a32 (0x020a4abb) divw    s5, s4, zero
core   0: 1 0x0000000080005a32 (0x020a4abb) x21 0xffffffffffffffff
core   0: 0x0000000080005a36 (0x638c764b) fnmsub.d fa2, fs8, fs8, fa2
core   0: 1 0x0000000080005a36 (0x638c764b) f12 0x7ff8000000000000
core   0: 0x0000000080005a3a (0x406b5313) srai    t1, s6, 6
core   0: 1 0x0000000080005a3a (0x406b5313) x6  0x000000000040e4db
core   0: 0x0000000080005a3e (0x01830933) add     s2, t1, s8
core   0: 1 0x0000000080005a3e (0x01830933) x18 0xffffffffe17484db
core   0: 0x0000000080005a42 (0x2b2617d3) fmax.d  fa5, fa2, fs2
core   0: 1 0x0000000080005a42 (0x2b2617d3) f15 0x0000000000000000
core   0: 0x0000000080005a46 (0x2af29d53) fmax.d  fs10, ft5, fa5
core   0: 1 0x0000000080005a46 (0x2af29d53) f26 0x41c648f800000000
core   0: 0x0000000080005a4a (0x00009fa5) c.addw  a5, s1
core   0: 1 0x0000000080005a4a (0x9fa5) x15 0x000000000cf8290c
core   0: 0x0000000080005a4c (0xd2fafbc3) fmadd.d fs7, fs5, fa5, fs10
core   0: 1 0x0000000080005a4c (0xd2fafbc3) f23 0x7ff8000000000000
core   0: 0x0000000080005a50 (0x02f7f233) remu    tp, a5, a5
core   0: 1 0x0000000080005a50 (0x02f7f233) x4  0x0000000000000000
core   0: 0x0000000080005a54 (0xf20a8053) fmv.d.x ft0, s5
core   0: 1 0x0000000080005a54 (0xf20a8053) f0  0xffffffffffffffff
core   0: 0x0000000080005a58 (0x01478eb3) add     t4, a5, s4
core   0: 1 0x0000000080005a58 (0x01478eb3) x29 0x000000000cf8290c
core   0: 0x0000000080005a5c (0x00024313) xori    t1, tp, 0
core   0: 1 0x0000000080005a5c (0x00024313) x6  0x0000000000000000
core   0: 0x0000000080005a60 (0x002a1873) csrrw   a6, frm, s4
core   0: 1 0x0000000080005a60 (0x002a1873) x16 0x0000000000000000 c2_frm 0x0000000000000000
core   0: 0x0000000080005a64 (0x4072023b) subw    tp, tp, t2
core   0: 1 0x0000000080005a64 (0x4072023b) x4  0x00000000000002af
core   0: 0x0000000080005a68 (0x0a60f0c3) fmadd.d ft1, ft1, ft6, ft1
core   0: 1 0x0000000080005a68 (0x0a60f0c3) f1  0x7ff8000000000000
core   0: 0x0000000080005a6c (0x5a037153) fsqrt.d ft2, ft6
core   0: 1 0x0000000080005a6c (0x5a037153) f2  0x7ff8000000000000
core   0: 0x0000000080005a70 (0x6cb4cc93) xori    s9, s1, 1739
core   0: 1 0x0000000080005a70 (0x6cb4cc93) x25 0x00000000000006cb
core   0: 0x0000000080005a74 (0xc21074d3) fcvt.wu.d s1, ft0
core   0: 1 0x0000000080005a74 (0xc21074d3) c1_fflags 0x0000000000000010 x9  0xffffffffffffffff
core   0: 0x0000000080005a78 (0xc21477d3) fcvt.wu.d a5, fs0
core   0: 1 0x0000000080005a78 (0xc21477d3) c1_fflags 0x0000000000000010 x15 0xffffffffffffffff
core   0: 0x0000000080005a7c (0xd034f3d3) fcvt.s.lu ft7, s1
core   0: 1 0x0000000080005a7c (0xd034f3d3) c1_fflags 0x0000000000000011 f7  0xffffffff5f800000
core   0: 0x0000000080005a80 (0xd03272d3) fcvt.s.lu ft5, tp
core   0: 1 0x0000000080005a80 (0xd03272d3) f5  0xffffffff442bc000
core   0: 0x0000000080005a84 (0x00000001) c.nop
core   0: 1 0x0000000080005a84 (0x0001)
core   0: 0x0000000080005a86 (0x4006d113) srai    sp, a3, 0
core   0: 1 0x0000000080005a86 (0x4006d113) x2  0x0000000000110000
core   0: 0x0000000080005a8a (0x0004043b) addw    s0, s0, zero
core   0: 1 0x0000000080005a8a (0x0004043b) x8  0x0000000000000011
core   0: 0x0000000080005a8e (0xd20601d3) fcvt.d.w ft3, a2
core   0: 1 0x0000000080005a8e (0xd20601d3) f3  0x0000000000000000
core   0: 0x0000000080005a92 (0x034111b3) mulh    gp, sp, s4
core   0: 1 0x0000000080005a92 (0x034111b3) x3  0x0000000000000000
core   0: 0x0000000080005a96 (0x42018253) fcvt.d.s ft4, ft3
core   0: 1 0x0000000080005a96 (0x42018253) f4  0x7ff8000000000000
core   0: 0x0000000080005a9a (0x31aa2973) csrrs   s2, menvcfgh, s4
core   0: exception trap_illegal_instruction, epc 0x0000000080005a9a
core   0:           tval 0x0000000031aa2973
core   0: >>>>  $xrv64i2p1_m2p0_a2p1_f2p2_d2p2_zicsr2p0_zifencei2p0_zmmul1p0_zba1p0_zbb1p0_zbc1p0_zbs1p0
core   0: 0x0000000080004000 (0x0080006f) j       pc + 0x8
core   0: 3 0x0000000080004000 (0x0080006f)
core   0: >>>>  mmode_exception_handler
core   0: 0x0000000080004008 (0x00002c17) auipc   s8, 0x2
core   0: 3 0x0000000080004008 (0x00002c17) x24 0x0000000080006008
core   0: 0x000000008000400c (0x04ec0c13) addi    s8, s8, 78
core   0: 3 0x000000008000400c (0x04ec0c13) x24 0x0000000080006056
core   0: 0x0000000080004010 (0x000c00e7) jalr    s8
core   0: 3 0x0000000080004010 (0x000c00e7) x1  0x0000000080004014
core   0: >>>>  any_handler
core   0: 0x0000000080006056 (0x341027f3) csrrs   a5, mepc, zero
core   0: 3 0x0000000080006056 (0x341027f3) x15 0x0000000080005a9a
core   0: 0x000000008000605a (0x34202773) csrrs   a4, mcause, zero
core   0: 3 0x000000008000605a (0x34202773) x14 0x0000000000000002
core   0: 0x000000008000605e (0x142026f3) csrrs   a3, scause, zero
core   0: 3 0x000000008000605e (0x142026f3) x13 0x0000000000000000
core   0: 0x0000000080006062 (0x30402673) csrrs   a2, mie, zero
core   0: 3 0x0000000080006062 (0x30402673) x12 0x0000000000000a00
core   0: 0x0000000080006066 (0x344025f3) csrrs   a1, mip, zero
core   0: 3 0x0000000080006066 (0x344025f3) x11 0x0000000000000080
core   0: 0x000000008000606a (0x343025f3) csrrs   a1, mtval, zero
core   0: 3 0x000000008000606a (0x343025f3) x11 0x0000000031aa2973
core   0: 0x000000008000606e (0x14302573) csrrs   a0, stval, zero
core   0: 3 0x000000008000606e (0x14302573) x10 0x0000000000000002
core   0: 0x0000000080006072 (0xb02024f3) csrrs   s1, minstret, zero
core   0: 3 0x0000000080006072 (0xb02024f3) x9  0x0000000000001110
core   0: 0x0000000080006076 (0x0000a811) c.j     pc + 20
core   0: 3 0x0000000080006076 (0xa811)
core   0: >>>>  mepc_4
core   0: 0x000000008000608a (0x00000791) c.addi  a5, 4
core   0: 3 0x000000008000608a (0x0791) x15 0x0000000080005a9e
core   0: 0x000000008000608c (0x34179073) csrrw   zero, mepc, a5
core   0: 3 0x000000008000608c (0x34179073) c833_mepc 0x0000000080005a9e
core   0: 0x0000000080006090 (0x30200073) mret
core   0: 3 0x0000000080006090 (0x30200073) c768_mstatus 0x8000000a00106080
core   0: 0x0000000080005a9e (0xc033fbd3) fcvt.lu.s s7, ft7
core   0: 1 0x0000000080005a9e (0xc033fbd3) c1_fflags 0x0000000000000011 x23 0xffffffffffffffff
core   0: 0x0000000080005aa2 (0x037786b3) mul     a3, a5, s7
core   0: 1 0x0000000080005aa2 (0x037786b3) x13 0xffffffff7fffa562
core   0: 0x0000000080005aa6 (0x00d954b3) srl     s1, s2, a3
core   0: 1 0x0000000080005aa6 (0x00d954b3) x9  0x000000003fffffff
core   0: 0x0000000080005aaa (0x417d85bb) subw    a1, s11, s7
core   0: 1 0x0000000080005aaa (0x417d85bb) x11 0x0000000000000011
core   0: 0x0000000080005aae (0x23f027d3) fsgnjx.d fa5, ft0, ft11
core   0: 1 0x0000000080005aae (0x23f027d3) f15 0xffffffffffffffff
core   0: 0x0000000080005ab2 (0x2f378813) addi    a6, a5, 755
core   0: 1 0x0000000080005ab2 (0x2f378813) x16 0x0000000080005d91
core   0: 0x0000000080005ab6 (0x02ca5a33) divu    s4, s4, a2
core   0: 1 0x0000000080005ab6 (0x02ca5a33) x20 0x0000000000000000
core   0: 0x0000000080005aba (0xdc453137) lui     sp, 0xdc453
core   0: 1 0x0000000080005aba (0xdc453137) x2  0xffffffffdc453000
core   0: 0x0000000080005abe (0xe2018e53) fmv.x.d t3, ft3
core   0: 1 0x0000000080005abe (0xe2018e53) x28 0x0000000000000000
core   0: 0x0000000080005ac2 (0x01c7983b) sllw    a6, a5, t3
core   0: 1 0x0000000080005ac2 (0x01c7983b) x16 0xffffffff80005a9e
core   0: 0x0000000080005ac6 (0x7ff1ce93) xori    t4, gp, 2047
core   0: 1 0x0000000080005ac6 (0x7ff1ce93) x29 0x00000000000007ff
core   0: 0x0000000080005aca (0x1a37f64b) fnmsub.d fa2, fa5, ft3, ft3
core   0: 1 0x0000000080005aca (0x1a37f64b) f12 0x7ff8000000000000
core   0: 0x0000000080005ace (0x0000879a) c.mv    a5, t1
core   0: 1 0x0000000080005ace (0x879a) x15 0x0000000000000000
core   0: 0x0000000080005ad0 (0x41985db3) sra     s11, a6, s9
core   0: 1 0x0000000080005ad0 (0x41985db3) x27 0xfffffffffff0000b
core   0: 0x0000000080005ad4 (0x9e4858b7) lui     a7, 0x9e485
core   0: 1 0x0000000080005ad4 (0x9e4858b7) x17 0xffffffff9e485000
core   0: 0x0000000080005ad8 (0x02fef93b) remuw   s2, t4, a5
core   0: 1 0x0000000080005ad8 (0x02fef93b) x18 0x00000000000007ff
core   0: 0x0000000080005adc (0x00f393b3) sll     t2, t2, a5
core   0: 1 0x0000000080005adc (0x00f393b3) x7  0xfffffffffffffd51
core   0: 0x0000000080005ae0 (0x9b130e1b) addiw   t3, t1, -1615
core   0: 1 0x0000000080005ae0 (0x9b130e1b) x28 0xfffffffffffff9b1
core   0: 0x0000000080005ae4 (0x01fe509b) srliw   ra, t3, 31
core   0: 1 0x0000000080005ae4 (0x01fe509b) x1  0x0000000000000001
core   0: 0x0000000080005ae8 (0x00138a9b) addiw   s5, t2, 1
core   0: 1 0x0000000080005ae8 (0x00138a9b) x21 0xfffffffffffffd52
core   0: 0x0000000080005aec (0xc0327953) fcvt.lu.s s2, ft4
core   0: 1 0x0000000080005aec (0xc0327953) c1_fflags 0x0000000000000011 x18 0xffffffffffffffff
core   0: 0x0000000080005af0 (0x03594cb3) div     s9, s2, s5
core   0: 1 0x0000000080005af0 (0x03594cb3) x25 0x0000000000000000
core   0: 0x0000000080005af4 (0xa2078553) fle.d   a0, fa5, ft0
core   0: 1 0x0000000080005af4 (0xa2078553) c1_fflags 0x0000000000000011 x10 0x0000000000000000
core   0: 0x0000000080005af8 (0x0118d6bb) srlw    a3, a7, a7
core   0: 1 0x0000000080005af8 (0x0118d6bb) x13 0xffffffff9e485000
core   0: 0x0000000080005afc (0x016b053b) addw    a0, s6, s6
core   0: 1 0x0000000080005afc (0x016b053b) x10 0x0000000020726df2
core   0: 0x0000000080005b00 (0x227aa353) fsgnjx.d ft6, fs5, ft7
core   0: 1 0x0000000080005b00 (0x227aa353) f6  0xfff8000000000000
core   0: 0x0000000080005b04 (0x42080853) fcvt.d.s fa6, fa6
core   0: 1 0x0000000080005b04 (0x42080853) f16 0x7ff8000000000000
core   0: 0x0000000080005b08 (0xd20905d3) fcvt.d.w fa1, s2
core   0: 1 0x0000000080005b08 (0xd20905d3) f11 0xbff0000000000000
core   0: 0x0000000080005b0c (0x018b61b3) or      gp, s6, s8
core   0: 1 0x0000000080005b0c (0x018b61b3) x3  0x00000000903976ff
core   0: 0x0000000080005b10 (0x403b59b3) sra     s3, s6, gp
core   0: 1 0x0000000080005b10 (0x403b59b3) x19 0x0000000000000000
core   0: 0x0000000080005b14 (0x00000001) c.nop
core   0: 1 0x0000000080005b14 (0x0001)
core   0: 0x0000000080005b16 (0xc020f4d3) fcvt.l.s s1, ft1
core   0: 1 0x0000000080005b16 (0xc020f4d3) c1_fflags 0x0000000000000011 x9  0x7fffffffffffffff
core   0: 0x0000000080005b1a (0x9d7d4513) xori    a0, s10, -1577
core   0: 1 0x0000000080005b1a (0x9d7d4513) x10 0xfffffffffffff9d7
core   0: 0x0000000080005b1e (0x12b9f653) fmul.d  fa2, fs3, fa1
core   0: 1 0x0000000080005b1e (0x12b9f653) f12 0x41dceb7400000000
core   0: 0x0000000080005b22 (0x80044293) xori    t0, s0, -2048
core   0: 1 0x0000000080005b22 (0x80044293) x5  0xfffffffffffff811
core   0: 0x0000000080005b26 (0x7ff2f313) andi    t1, t0, 2047
core   0: 1 0x0000000080005b26 (0x7ff2f313) x6  0x0000000000000011
core   0: 0x0000000080005b2a (0x005afab3) and     s5, s5, t0
core   0: 1 0x0000000080005b2a (0x005afab3) x21 0xfffffffffffff810
core   0: 0x0000000080005b2e (0x03704c3b) divw    s8, zero, s7
core   0: 1 0x0000000080005b2e (0x03704c3b) x24 0x0000000000000000
core   0: 0x0000000080005b32 (0x5a0e7cd3) fsqrt.d fs9, ft8
core   0: 1 0x0000000080005b32 (0x5a0e7cd3) c1_fflags 0x0000000000000011 f25 0x406ae8a4a4f7552a
core   0: 0x0000000080005b36 (0xc2257953) fcvt.l.d s2, fa0
core   0: 1 0x0000000080005b36 (0xc2257953) c1_fflags 0x0000000000000011 x18 0x7fffffffffffffff
core   0: 0x0000000080005b3a (0x12857dd3) fmul.d  fs11, fa0, fs0
core   0: 1 0x0000000080005b3a (0x12857dd3) f27 0x7ff8000000000000
core   0: 0x0000000080005b3e (0x01dad133) srl     sp, s5, t4
core   0: 1 0x0000000080005b3e (0x01dad133) x2  0x0000000000000001
core   0: 0x0000000080005b42 (0x0351453b) divw    a0, sp, s5
core   0: 1 0x0000000080005b42 (0x0351453b) x10 0x0000000000000000
core   0: 0x0000000080005b46 (0xc239f3d3) fcvt.lu.d t2, fs3
core   0: 1 0x0000000080005b46 (0xc239f3d3) c1_fflags 0x0000000000000011 x7  0x0000000000000000
core   0: 0x0000000080005b4a (0xd20c05d3) fcvt.d.w fa1, s8
core   0: 1 0x0000000080005b4a (0xd20c05d3) f11 0x0000000000000000
core   0: 0x0000000080005b4e (0x03bd79d3) fadd.d  fs3, fs10, fs11
core   0: 1 0x0000000080005b4e (0x03bd79d3) f19 0x7ff8000000000000
core   0: 0x0000000080005b52 (0x00e85a33) srl     s4, a6, a4
core   0: 1 0x0000000080005b52 (0x00e85a33) x20 0x3fffffffe00016a7
core   0: 0x0000000080005b56 (0x000dc513) xori    a0, s11, 0
core   0: 1 0x0000000080005b56 (0x000dc513) x10 0xfffffffffff0000b
core   0: 0x0000000080005b5a (0x00000001) c.nop
core   0: 1 0x0000000080005b5a (0x0001)
core   0: 0x0000000080005b5c (0x4186dc3b) sraw    s8, a3, s8
core   0: 1 0x0000000080005b5c (0x4186dc3b) x24 0xffffffff9e485000
core   0: 0x0000000080005b60 (0x40c6d09b) sraiw   ra, a3, 12
core   0: 1 0x0000000080005b60 (0x40c6d09b) x1  0xfffffffffff9e485
core   0: 0x0000000080005b64 (0x00de903b) sllw    zero, t4, a3
core   0: 1 0x0000000080005b64 (0x00de903b)
core   0: 0x0000000080005b68 (0xf13061f3) csrrsi  gp, mimpid, 0
core   0: exception trap_illegal_instruction, epc 0x0000000080005b68
core   0:           tval 0x00000000f13061f3
core   0: >>>>  $xrv64i2p1_m2p0_a2p1_f2p2_d2p2_zicsr2p0_zifencei2p0_zmmul1p0_zba1p0_zbb1p0_zbc1p0_zbs1p0
core   0: 0x0000000080004000 (0x0080006f) j       pc + 0x8
core   0: 3 0x0000000080004000 (0x0080006f)
core   0: >>>>  mmode_exception_handler
core   0: 0x0000000080004008 (0x00002c17) auipc   s8, 0x2
core   0: 3 0x0000000080004008 (0x00002c17) x24 0x0000000080006008
core   0: 0x000000008000400c (0x04ec0c13) addi    s8, s8, 78
core   0: 3 0x000000008000400c (0x04ec0c13) x24 0x0000000080006056
core   0: 0x0000000080004010 (0x000c00e7) jalr    s8
core   0: 3 0x0000000080004010 (0x000c00e7) x1  0x0000000080004014
core   0: >>>>  any_handler
core   0: 0x0000000080006056 (0x341027f3) csrrs   a5, mepc, zero
core   0: 3 0x0000000080006056 (0x341027f3) x15 0x0000000080005b68
core   0: 0x000000008000605a (0x34202773) csrrs   a4, mcause, zero
core   0: 3 0x000000008000605a (0x34202773) x14 0x0000000000000002
core   0: 0x000000008000605e (0x142026f3) csrrs   a3, scause, zero
core   0: 3 0x000000008000605e (0x142026f3) x13 0x0000000000000000
core   0: 0x0000000080006062 (0x30402673) csrrs   a2, mie, zero
core   0: 3 0x0000000080006062 (0x30402673) x12 0x0000000000000a00
core   0: 0x0000000080006066 (0x344025f3) csrrs   a1, mip, zero
core   0: 3 0x0000000080006066 (0x344025f3) x11 0x0000000000000080
core   0: 0x000000008000606a (0x343025f3) csrrs   a1, mtval, zero
core   0: 3 0x000000008000606a (0x343025f3) x11 0x00000000f13061f3
core   0: 0x000000008000606e (0x14302573) csrrs   a0, stval, zero
core   0: 3 0x000000008000606e (0x14302573) x10 0x0000000000000002
core   0: 0x0000000080006072 (0xb02024f3) csrrs   s1, minstret, zero
core   0: 3 0x0000000080006072 (0xb02024f3) x9  0x0000000000001154
core   0: 0x0000000080006076 (0x0000a811) c.j     pc + 20
core   0: 3 0x0000000080006076 (0xa811)
core   0: >>>>  mepc_4
core   0: 0x000000008000608a (0x00000791) c.addi  a5, 4
core   0: 3 0x000000008000608a (0x0791) x15 0x0000000080005b6c
core   0: 0x000000008000608c (0x34179073) csrrw   zero, mepc, a5
core   0: 3 0x000000008000608c (0x34179073) c833_mepc 0x0000000080005b6c
core   0: 0x0000000080006090 (0x30200073) mret
core   0: 3 0x0000000080006090 (0x30200073) c768_mstatus 0x8000000a00106080
core   0: 0x0000000080005b6c (0x0003d39b) srliw   t2, t2, 0
core   0: 1 0x0000000080005b6c (0x0003d39b) x7  0x0000000000000000
core   0: 0x0000000080005b70 (0x00e3f733) and     a4, t2, a4
core   0: 1 0x0000000080005b70 (0x00e3f733) x14 0x0000000000000000
core   0: 0x0000000080005b74 (0xb2fe0b9b) addiw   s7, t3, -1233
core   0: 1 0x0000000080005b74 (0xb2fe0b9b) x23 0xfffffffffffff4e0
core   0: 0x0000000080005b78 (0x40de529b) sraiw   t0, t3, 13
core   0: 1 0x0000000080005b78 (0x40de529b) x5  0xffffffffffffffff
core   0: 0x0000000080005b7c (0x16576413) ori     s0, a4, 357
core   0: 1 0x0000000080005b7c (0x16576413) x8  0x0000000000000165
core   0: 0x0000000080005b80 (0x1420f573) csrrci  a0, scause, 1
core   0: 1 0x0000000080005b80 (0x1420f573) x10 0x0000000000000000 c322_scause 0x0000000000000000
core   0: 0x0000000080005b84 (0xa39c95d3) flt.d   a1, fs9, fs9
core   0: 1 0x0000000080005b84 (0xa39c95d3) x11 0x0000000000000000
core   0: 0x0000000080005b88 (0xc4977113) andi    sp, a4, -951
core   0: 1 0x0000000080005b88 (0xc4977113) x2  0x0000000000000000
core   0: 0x0000000080005b8c (0x41678b33) sub     s6, a5, s6
core   0: 1 0x0000000080005b8c (0x41678b33) x22 0x000000006fc72473
core   0: 0x0000000080005b90 (0x036780bb) mulw    ra, a5, s6
core   0: 1 0x0000000080005b90 (0x036780bb) x1  0x0000000071f84184
core   0: 0x0000000080005b94 (0xc20d7953) fcvt.w.d s2, fs10
core   0: 1 0x0000000080005b94 (0xc20d7953) x18 0x000000002c91f000
core   0: 0x0000000080005b98 (0x0ff0000f) fence   iorw,iorw
core   0: 1 0x0000000080005b98 (0x0ff0000f)
core   0: 0x0000000080005b9c (0xf14c3873) csrrc   a6, mhartid, s8
core   0: exception trap_illegal_instruction, epc 0x0000000080005b9c
core   0:           tval 0x00000000f14c3873
core   0: >>>>  $xrv64i2p1_m2p0_a2p1_f2p2_d2p2_zicsr2p0_zifencei2p0_zmmul1p0_zba1p0_zbb1p0_zbc1p0_zbs1p0
core   0: 0x0000000080004000 (0x0080006f) j       pc + 0x8
core   0: 3 0x0000000080004000 (0x0080006f)
core   0: >>>>  mmode_exception_handler
core   0: 0x0000000080004008 (0x00002c17) auipc   s8, 0x2
core   0: 3 0x0000000080004008 (0x00002c17) x24 0x0000000080006008
core   0: 0x000000008000400c (0x04ec0c13) addi    s8, s8, 78
core   0: 3 0x000000008000400c (0x04ec0c13) x24 0x0000000080006056
core   0: 0x0000000080004010 (0x000c00e7) jalr    s8
core   0: 3 0x0000000080004010 (0x000c00e7) x1  0x0000000080004014
core   0: >>>>  any_handler
core   0: 0x0000000080006056 (0x341027f3) csrrs   a5, mepc, zero
core   0: 3 0x0000000080006056 (0x341027f3) x15 0x0000000080005b9c
core   0: 0x000000008000605a (0x34202773) csrrs   a4, mcause, zero
core   0: 3 0x000000008000605a (0x34202773) x14 0x0000000000000002
core   0: 0x000000008000605e (0x142026f3) csrrs   a3, scause, zero
core   0: 3 0x000000008000605e (0x142026f3) x13 0x0000000000000000
core   0: 0x0000000080006062 (0x30402673) csrrs   a2, mie, zero
core   0: 3 0x0000000080006062 (0x30402673) x12 0x0000000000000a00
core   0: 0x0000000080006066 (0x344025f3) csrrs   a1, mip, zero
core   0: 3 0x0000000080006066 (0x344025f3) x11 0x0000000000000080
core   0: 0x000000008000606a (0x343025f3) csrrs   a1, mtval, zero
core   0: 3 0x000000008000606a (0x343025f3) x11 0x00000000f14c3873
core   0: 0x000000008000606e (0x14302573) csrrs   a0, stval, zero
core   0: 3 0x000000008000606e (0x14302573) x10 0x0000000000000002
core   0: 0x0000000080006072 (0xb02024f3) csrrs   s1, minstret, zero
core   0: 3 0x0000000080006072 (0xb02024f3) x9  0x0000000000001170
core   0: 0x0000000080006076 (0x0000a811) c.j     pc + 20
core   0: 3 0x0000000080006076 (0xa811)
core   0: >>>>  mepc_4
core   0: 0x000000008000608a (0x00000791) c.addi  a5, 4
core   0: 3 0x000000008000608a (0x0791) x15 0x0000000080005ba0
core   0: 0x000000008000608c (0x34179073) csrrw   zero, mepc, a5
core   0: 3 0x000000008000608c (0x34179073) c833_mepc 0x0000000080005ba0
core   0: 0x0000000080006090 (0x30200073) mret
core   0: 3 0x0000000080006090 (0x30200073) c768_mstatus 0x8000000a00106080
core   0: 0x0000000080005ba0 (0x03f2d713) srli    a4, t0, 63
core   0: 1 0x0000000080005ba0 (0x03f2d713) x14 0x0000000000000001
core   0: 0x0000000080005ba4 (0x42038453) fcvt.d.s fs0, ft7
core   0: 1 0x0000000080005ba4 (0x42038453) f8  0x43f0000000000000
core   0: 0x0000000080005ba8 (0x141999f3) csrrw   s3, sepc, s3
core   0: 1 0x0000000080005ba8 (0x141999f3) x19 0x0000000000000000 c321_sepc 0x0000000000000000
core   0: 0x0000000080005bac (0xc229f053) fcvt.l.d zero, fs3
core   0: 1 0x0000000080005bac (0xc229f053) c1_fflags 0x0000000000000011
core   0: 0x0000000080005bb0 (0xd22076d3) fcvt.d.l fa3, zero
core   0: 1 0x0000000080005bb0 (0xd22076d3) f13 0x0000000000000000
core   0: 0x0000000080005bb4 (0x012b5993) srli    s3, s6, 18
core   0: 1 0x0000000080005bb4 (0x012b5993) x19 0x0000000000001bf1
core   0: 0x0000000080005bb8 (0x000a5a1b) srliw   s4, s4, 0
core   0: 1 0x0000000080005bb8 (0x000a5a1b) x20 0xffffffffe00016a7
core   0: 0x0000000080005bbc (0x40470233) sub     tp, a4, tp
core   0: 1 0x0000000080005bbc (0x40470233) x4  0xfffffffffffffd52
core   0: 0x0000000080005bc0 (0x0ff0000f) fence   iorw,iorw
core   0: 1 0x0000000080005bc0 (0x0ff0000f)
core   0: 0x0000000080005bc4 (0x414a5e3b) sraw    t3, s4, s4
core   0: 1 0x0000000080005bc4 (0x414a5e3b) x28 0xffffffffffc0002d
core   0: 0x0000000080005bc8 (0x1a037fd3) fdiv.d  ft11, ft6, ft0
core   0: 1 0x0000000080005bc8 (0x1a037fd3) f31 0x7ff8000000000000
core   0: 0x0000000080005bcc (0xc2127ad3) fcvt.wu.d s5, ft4
core   0: 1 0x0000000080005bcc (0xc2127ad3) c1_fflags 0x0000000000000011 x21 0xffffffffffffffff
core   0: 0x0000000080005bd0 (0x00d802b3) add     t0, a6, a3
core   0: 1 0x0000000080005bd0 (0x00d802b3) x5  0xffffffff80005a9e
core   0: 0x0000000080005bd4 (0xd232f8d3) fcvt.d.lu fa7, t0
core   0: 1 0x0000000080005bd4 (0xd232f8d3) c1_fflags 0x0000000000000011 f17 0x43effffffff0000b
core   0: 0x0000000080005bd8 (0x020c7db7) lui     s11, 0x20c7
core   0: 1 0x0000000080005bd8 (0x020c7db7) x27 0x00000000020c7000
core   0: 0x0000000080005bdc (0x6e9d8d9b) addiw   s11, s11, 1769
core   0: 1 0x0000000080005bdc (0x6e9d8d9b) x27 0x00000000020c76e9
core   0: 0x0000000080005be0 (0x00000db6) c.slli  s11, 13
core   0: 1 0x0000000080005be0 (0x0db6) x27 0x000000418edd2000
core   0: 0x0000000080005be2 (0xb3ed8d93) addi    s11, s11, -1218
core   0: 1 0x0000000080005be2 (0xb3ed8d93) x27 0x000000418edd1b3e
core   0: 0x0000000080005be6 (0x003dd2bb) srlw    t0, s11, gp
core   0: 1 0x0000000080005be6 (0x003dd2bb) x5  0x0000000000000001
core   0: 0x0000000080005bea (0x408a5a33) sra     s4, s4, s0
core   0: 1 0x0000000080005bea (0x408a5a33) x20 0xffffffffffffffff
core   0: 0x0000000080005bee (0x42028953) fcvt.d.s fs2, ft5
core   0: 1 0x0000000080005bee (0x42028953) f18 0x4085780000000000
core   0: 0x0000000080005bf2 (0x001a0bb3) add     s7, s4, ra
core   0: 1 0x0000000080005bf2 (0x001a0bb3) x23 0x0000000080004013
core   0: 0x0000000080005bf6 (0x42090fd3) fcvt.d.s ft11, fs2
core   0: 1 0x0000000080005bf6 (0x42090fd3) f31 0x7ff8000000000000
core   0: 0x0000000080005bfa (0x800b869b) addiw   a3, s7, -2048
core   0: 1 0x0000000080005bfa (0x800b869b) x13 0xffffffff80003813
core   0: 0x0000000080005bfe (0xd035f353) fcvt.s.lu ft6, a1
core   0: 1 0x0000000080005bfe (0xd035f353) c1_fflags 0x0000000000000011 f6  0xffffffff4f714c38
core   0: 0x0000000080005c02 (0x00dae4b3) or      s1, s5, a3
core   0: 1 0x0000000080005c02 (0x00dae4b3) x9  0xffffffffffffffff
core   0: 0x0000000080005c06 (0x018c16bb) sllw    a3, s8, s8
core   0: 1 0x0000000080005c06 (0x018c16bb) x13 0x0000000015800000
core   0: 0x0000000080005c0a (0x033d62b3) rem     t0, s10, s3
core   0: 1 0x0000000080005c0a (0x033d62b3) x5  0x0000000000000000
core   0: 0x0000000080005c0e (0x00d2953b) sllw    a0, t0, a3
core   0: 1 0x0000000080005c0e (0x00d2953b) x10 0x0000000000000000
core   0: 0x0000000080005c12 (0x684a2637) lui     a2, 0x684a2
core   0: 1 0x0000000080005c12 (0x684a2637) x12 0x00000000684a2000
core   0: 0x0000000080005c16 (0x00165593) srli    a1, a2, 1
core   0: 1 0x0000000080005c16 (0x00165593) x11 0x0000000034251000
core   0: 0x0000000080005c1a (0x00f5fe33) and     t3, a1, a5
core   0: 1 0x0000000080005c1a (0x00f5fe33) x28 0x0000000000001000
core   0: 0x0000000080005c1e (0x23812653) fsgnjx.d fa2, ft2, fs8
core   0: 1 0x0000000080005c1e (0x23812653) f12 0x7ff8000000000000
core   0: 0x0000000080005c22 (0xc22c7cd3) fcvt.l.d s9, fs8
core   0: 1 0x0000000080005c22 (0xc22c7cd3) x25 0x0000000000000000
core   0: 0x0000000080005c26 (0x018474b3) and     s1, s0, s8
core   0: 1 0x0000000080005c26 (0x018474b3) x9  0x0000000000000044
core   0: 0x0000000080005c2a (0x01c45e13) srli    t3, s0, 28
core   0: 1 0x0000000080005c2a (0x01c45e13) x28 0x0000000000000000
core   0: 0x0000000080005c2e (0x40b4d5bb) sraw    a1, s1, a1
core   0: 1 0x0000000080005c2e (0x40b4d5bb) x11 0x0000000000000044
core   0: 0x0000000080005c32 (0x01b1a1b3) slt     gp, gp, s11
core   0: 1 0x0000000080005c32 (0x01b1a1b3) x3  0x0000000000000001
core   0: 0x0000000080005c36 (0x03834533) div     a0, t1, s8
core   0: 1 0x0000000080005c36 (0x03834533) x10 0x0000000000000000
core   0: 0x0000000080005c3a (0xc02ff453) fcvt.l.s s0, ft11
core   0: 1 0x0000000080005c3a (0xc02ff453) c1_fflags 0x0000000000000011 x8  0x7fffffffffffffff
core   0: 0x0000000080005c3e (0x41d88e3b) subw    t3, a7, t4
core   0: 1 0x0000000080005c3e (0x41d88e3b) x28 0xffffffff9e484801
core   0: 0x0000000080005c42 (0x01ce4633) xor     a2, t3, t3
core   0: 1 0x0000000080005c42 (0x01ce4633) x12 0x0000000000000000
core   0: 0x0000000080005c46 (0x40ce02b3) sub     t0, t3, a2
core   0: 1 0x0000000080005c46 (0x40ce02b3) x5  0xffffffff9e484801
core   0: 0x0000000080005c4a (0x403dd3b3) sra     t2, s11, gp
core   0: 1 0x0000000080005c4a (0x403dd3b3) x7  0x00000020c76e8d9f
core   0: 0x0000000080005c4e (0x41438a33) sub     s4, t2, s4
core   0: 1 0x0000000080005c4e (0x41438a33) x20 0x00000020c76e8da0
core   0: 0x0000000080005c52 (0x00000a86) c.slli  s5, 1
core   0: 1 0x0000000080005c52 (0x0a86) x21 0xfffffffffffffffe
core   0: 0x0000000080005c54 (0x011adc33) srl     s8, s5, a7
core   0: 1 0x0000000080005c54 (0x011adc33) x24 0xfffffffffffffffe
core   0: 0x0000000080005c58 (0xc21d71d3) fcvt.wu.d gp, fs10
core   0: 1 0x0000000080005c58 (0xc21d71d3) x3  0x000000002c91f000
core   0: 0x0000000080005c5c (0x0ff0000f) fence   iorw,iorw
core   0: 1 0x0000000080005c5c (0x0ff0000f)
core   0: 0x0000000080005c60 (0xd028fdd3) fcvt.s.l fs11, a7
core   0: 1 0x0000000080005c60 (0xd028fdd3) f27 0xffffffffcec36f60
core   0: 0x0000000080005c64 (0x023ab2b3) mulhu   t0, s5, gp
core   0: 1 0x0000000080005c64 (0x023ab2b3) x5  0x000000002c91efff
core   0: 0x0000000080005c68 (0x40095313) srai    t1, s2, 0
core   0: 1 0x0000000080005c68 (0x40095313) x6  0x000000002c91f000
core   0: 0x0000000080005c6c (0x0299dd93) srli    s11, s3, 41
core   0: 1 0x0000000080005c6c (0x0299dd93) x27 0x0000000000000000
core   0: 0x0000000080005c70 (0xd225f8d3) fcvt.d.l fa7, a1
core   0: 1 0x0000000080005c70 (0xd225f8d3) f17 0x4051000000000000
core   0: 0x0000000080005c74 (0x10081bf3) csrrw   s7, sstatus, a6
core   0: 1 0x0000000080005c74 (0x10081bf3) x23 0x8000000200006000 c768_mstatus 0x0000000a00104082
core   0: 0x0000000080005c78 (0xd02bf453) fcvt.s.l fs0, s7
core   0: 1 0x0000000080005c78 (0xd02bf453) c1_fflags 0x0000000000000011 c768_mstatus 0x8000000a00106082 f8  0xffffffffdf000000
core   0: 0x0000000080005c7c (0x006ca033) slt     zero, s9, t1
core   0: 1 0x0000000080005c7c (0x006ca033)
core   0: 0x0000000080005c80 (0x43a35b13) srai    s6, t1, 58
core   0: 1 0x0000000080005c80 (0x43a35b13) x22 0x0000000000000000
core   0: 0x0000000080005c84 (0x01f1139b) slliw   t2, sp, 31
core   0: 1 0x0000000080005c84 (0x01f1139b) x7  0x0000000000000000
core   0: 0x0000000080005c88 (0x00f14bb3) xor     s7, sp, a5
core   0: 1 0x0000000080005c88 (0x00f14bb3) x23 0x0000000080005ba0
core   0: 0x0000000080005c8c (0x03b67233) remu    tp, a2, s11
core   0: 1 0x0000000080005c8c (0x03b67233) x4  0x0000000000000000
core   0: 0x0000000080005c90 (0xc06cbe73) csrrc   t3, hpmcounter6, s9
core   0: exception trap_illegal_instruction, epc 0x0000000080005c90
core   0:           tval 0x00000000c06cbe73
core   0: >>>>  $xrv64i2p1_m2p0_a2p1_f2p2_d2p2_zicsr2p0_zifencei2p0_zmmul1p0_zba1p0_zbb1p0_zbc1p0_zbs1p0
core   0: 0x0000000080004000 (0x0080006f) j       pc + 0x8
core   0: 3 0x0000000080004000 (0x0080006f)
core   0: >>>>  mmode_exception_handler
core   0: 0x0000000080004008 (0x00002c17) auipc   s8, 0x2
core   0: 3 0x0000000080004008 (0x00002c17) x24 0x0000000080006008
core   0: 0x000000008000400c (0x04ec0c13) addi    s8, s8, 78
core   0: 3 0x000000008000400c (0x04ec0c13) x24 0x0000000080006056
core   0: 0x0000000080004010 (0x000c00e7) jalr    s8
core   0: 3 0x0000000080004010 (0x000c00e7) x1  0x0000000080004014
core   0: >>>>  any_handler
core   0: 0x0000000080006056 (0x341027f3) csrrs   a5, mepc, zero
core   0: 3 0x0000000080006056 (0x341027f3) x15 0x0000000080005c90
core   0: 0x000000008000605a (0x34202773) csrrs   a4, mcause, zero
core   0: 3 0x000000008000605a (0x34202773) x14 0x0000000000000002
core   0: 0x000000008000605e (0x142026f3) csrrs   a3, scause, zero
core   0: 3 0x000000008000605e (0x142026f3) x13 0x0000000000000000
core   0: 0x0000000080006062 (0x30402673) csrrs   a2, mie, zero
core   0: 3 0x0000000080006062 (0x30402673) x12 0x0000000000000a00
core   0: 0x0000000080006066 (0x344025f3) csrrs   a1, mip, zero
core   0: 3 0x0000000080006066 (0x344025f3) x11 0x0000000000000080
core   0: 0x000000008000606a (0x343025f3) csrrs   a1, mtval, zero
core   0: 3 0x000000008000606a (0x343025f3) x11 0x00000000c06cbe73
core   0: 0x000000008000606e (0x14302573) csrrs   a0, stval, zero
core   0: 3 0x000000008000606e (0x14302573) x10 0x0000000000000002
core   0: 0x0000000080006072 (0xb02024f3) csrrs   s1, minstret, zero
core   0: 3 0x0000000080006072 (0xb02024f3) x9  0x00000000000011bd
core   0: 0x0000000080006076 (0x0000a811) c.j     pc + 20
core   0: 3 0x0000000080006076 (0xa811)
core   0: >>>>  mepc_4
core   0: 0x000000008000608a (0x00000791) c.addi  a5, 4
core   0: 3 0x000000008000608a (0x0791) x15 0x0000000080005c94
core   0: 0x000000008000608c (0x34179073) csrrw   zero, mepc, a5
core   0: 3 0x000000008000608c (0x34179073) c833_mepc 0x0000000080005c94
core   0: 0x0000000080006090 (0x30200073) mret
core   0: 3 0x0000000080006090 (0x30200073) c768_mstatus 0x8000000a00106082
core   0: 0x0000000080005c94 (0x7d9e7093) andi    ra, t3, 2009
core   0: 1 0x0000000080005c94 (0x7d9e7093) x1  0x0000000000000001
core   0: 0x0000000080005c98 (0x0190503b) srlw    zero, zero, s9
core   0: 1 0x0000000080005c98 (0x0190503b)
core   0: 0x0000000080005c9c (0x22ef2753) fsgnjx.d fa4, ft10, fa4
core   0: 1 0x0000000080005c9c (0x22ef2753) f14 0xffffffff00000000
core   0: 0x0000000080005ca0 (0x0ff0000f) fence   iorw,iorw
core   0: 1 0x0000000080005ca0 (0x0ff0000f)
core   0: 0x0000000080005ca4 (0x41a28433) sub     s0, t0, s10
core   0: 1 0x0000000080005ca4 (0x41a28433) x8  0x000000002c91efff
core   0: 0x0000000080005ca8 (0x2a4716d3) fmax.d  fa3, fa4, ft4
core   0: 1 0x0000000080005ca8 (0x2a4716d3) f13 0x7ff8000000000000
core   0: 0x0000000080005cac (0xcb500e97) auipc   t4, 0xcb500
core   0: 1 0x0000000080005cac (0xcb500e97) x29 0x000000004b505cac
core   0: 0x0000000080005cb0 (0x800ec513) xori    a0, t4, -2048
core   0: 1 0x0000000080005cb0 (0x800ec513) x10 0xffffffffb4afa4ac
core   0: 0x0000000080005cb4 (0x12b17147) fmsub.d ft2, ft2, fa1, ft2
core   0: 1 0x0000000080005cb4 (0x12b17147) f2  0x7ff8000000000000
core   0: 0x0000000080005cb8 (0xaf4ee013) ori     zero, t4, -1292
core   0: 1 0x0000000080005cb8 (0xaf4ee013)
core   0: 0x0000000080005cbc (0x40818d3b) subw    s10, gp, s0
core   0: 1 0x0000000080005cbc (0x40818d3b) x26 0x0000000000000001
core   0: 0x0000000080005cc0 (0xa5b989b7) lui     s3, 0xa5b98
core   0: 1 0x0000000080005cc0 (0xa5b989b7) x19 0xffffffffa5b98000
core   0: 0x0000000080005cc4 (0x1a94f8d3) fdiv.d  fa7, fs1, fs1
core   0: 1 0x0000000080005cc4 (0x1a94f8d3) f17 0x7ff8000000000000
core   0: 0x0000000080005cc8 (0x2aed1953) fmax.d  fs2, fs10, fa4
core   0: 1 0x0000000080005cc8 (0x2aed1953) f18 0x41c648f800000000
core   0: 0x0000000080005ccc (0xc20977d3) fcvt.w.d a5, fs2
core   0: 1 0x0000000080005ccc (0xc20977d3) x15 0x000000002c91f000
core   0: 0x0000000080005cd0 (0x2b5387d3) fmin.d  fa5, ft7, fs5
core   0: 1 0x0000000080005cd0 (0x2b5387d3) f15 0x7ff8000000000000
core   0: 0x0000000080005cd4 (0xc00a12f3) csrrw   t0, cycle, s4
core   0: exception trap_illegal_instruction, epc 0x0000000080005cd4
core   0:           tval 0x00000000c00a12f3
core   0: >>>>  $xrv64i2p1_m2p0_a2p1_f2p2_d2p2_zicsr2p0_zifencei2p0_zmmul1p0_zba1p0_zbb1p0_zbc1p0_zbs1p0
core   0: 0x0000000080004000 (0x0080006f) j       pc + 0x8
core   0: 3 0x0000000080004000 (0x0080006f)
core   0: >>>>  mmode_exception_handler
core   0: 0x0000000080004008 (0x00002c17) auipc   s8, 0x2
core   0: 3 0x0000000080004008 (0x00002c17) x24 0x0000000080006008
core   0: 0x000000008000400c (0x04ec0c13) addi    s8, s8, 78
core   0: 3 0x000000008000400c (0x04ec0c13) x24 0x0000000080006056
core   0: 0x0000000080004010 (0x000c00e7) jalr    s8
core   0: 3 0x0000000080004010 (0x000c00e7) x1  0x0000000080004014
core   0: >>>>  any_handler
core   0: 0x0000000080006056 (0x341027f3) csrrs   a5, mepc, zero
core   0: 3 0x0000000080006056 (0x341027f3) x15 0x0000000080005cd4
core   0: 0x000000008000605a (0x34202773) csrrs   a4, mcause, zero
core   0: 3 0x000000008000605a (0x34202773) x14 0x0000000000000002
core   0: 0x000000008000605e (0x142026f3) csrrs   a3, scause, zero
core   0: 3 0x000000008000605e (0x142026f3) x13 0x0000000000000000
core   0: 0x0000000080006062 (0x30402673) csrrs   a2, mie, zero
core   0: 3 0x0000000080006062 (0x30402673) x12 0x0000000000000a00
core   0: 0x0000000080006066 (0x344025f3) csrrs   a1, mip, zero
core   0: 3 0x0000000080006066 (0x344025f3) x11 0x0000000000000080
core   0: 0x000000008000606a (0x343025f3) csrrs   a1, mtval, zero
core   0: 3 0x000000008000606a (0x343025f3) x11 0x00000000c00a12f3
core   0: 0x000000008000606e (0x14302573) csrrs   a0, stval, zero
core   0: 3 0x000000008000606e (0x14302573) x10 0x0000000000000002
core   0: 0x0000000080006072 (0xb02024f3) csrrs   s1, minstret, zero
core   0: 3 0x0000000080006072 (0xb02024f3) x9  0x00000000000011dd
core   0: 0x0000000080006076 (0x0000a811) c.j     pc + 20
core   0: 3 0x0000000080006076 (0xa811)
core   0: >>>>  mepc_4
core   0: 0x000000008000608a (0x00000791) c.addi  a5, 4
core   0: 3 0x000000008000608a (0x0791) x15 0x0000000080005cd8
core   0: 0x000000008000608c (0x34179073) csrrw   zero, mepc, a5
core   0: 3 0x000000008000608c (0x34179073) c833_mepc 0x0000000080005cd8
core   0: 0x0000000080006090 (0x30200073) mret
core   0: 3 0x0000000080006090 (0x30200073) c768_mstatus 0x8000000a00106082
core   0: 0x0000000080005cd8 (0x000a1a1b) slliw   s4, s4, 0
core   0: 1 0x0000000080005cd8 (0x000a1a1b) x20 0xffffffffc76e8da0
core   0: 0x0000000080005cdc (0x0252e73b) remw    a4, t0, t0
core   0: 1 0x0000000080005cdc (0x0252e73b) x14 0x0000000000000000
core   0: 0x0000000080005ce0 (0x44a7049b) addiw   s1, a4, 1098
core   0: 1 0x0000000080005ce0 (0x44a7049b) x9  0x000000000000044a
core   0: 0x0000000080005ce4 (0x009772b3) and     t0, a4, s1
core   0: 1 0x0000000080005ce4 (0x009772b3) x5  0x0000000000000000
core   0: 0x0000000080005ce8 (0x5a0af353) fsqrt.d ft6, fs5
core   0: 1 0x0000000080005ce8 (0x5a0af353) f6  0x7ff8000000000000
core   0: 0x0000000080005cec (0x010e4933) xor     s2, t3, a6
core   0: 1 0x0000000080005cec (0x010e4933) x18 0x000000001e48129f
core   0: 0x0000000080005cf0 (0x009b4b33) xor     s6, s6, s1
core   0: 1 0x0000000080005cf0 (0x009b4b33) x22 0x000000000000044a
core   0: 0x0000000080005cf4 (0x0120153b) sllw    a0, zero, s2
core   0: 1 0x0000000080005cf4 (0x0120153b) x10 0x0000000000000000
core   0: 0x0000000080005cf8 (0x00000001) c.nop
core   0: 1 0x0000000080005cf8 (0x0001)
core   0: 0x0000000080005cfa (0x001e10f3) csrrw   ra, fflags, t3
core   0: 1 0x0000000080005cfa (0x001e10f3) x1  0x0000000000000011 c1_fflags 0x0000000000000001
core   0: 0x0000000080005cfe (0x03dc8bb3) mul     s7, s9, t4
core   0: 1 0x0000000080005cfe (0x03dc8bb3) x23 0x0000000000000000
core   0: 0x0000000080005d02 (0x00a52db3) slt     s11, a0, a0
core   0: 1 0x0000000080005d02 (0x00a52db3) x27 0x0000000000000000
core   0: 0x0000000080005d06 (0x33297f43) fmadd.d ft10, fs2, fs2, ft6
core   0: 1 0x0000000080005d06 (0x33297f43) f30 0x7ff8000000000000
core   0: 0x0000000080005d0a (0x01b114bb) sllw    s1, sp, s11
core   0: 1 0x0000000080005d0a (0x01b114bb) x9  0x0000000000000000
core   0: 0x0000000080005d0e (0x01859793) slli    a5, a1, 24
core   0: 1 0x0000000080005d0e (0x01859793) x15 0x00c00a12f3000000
core   0: 0x0000000080005d12 (0x41fc561b) sraiw   a2, s8, 31
core   0: 1 0x0000000080005d12 (0x41fc561b) x12 0xffffffffffffffff
core   0: 0x0000000080005d16 (0x2b578f53) fmin.d  ft10, fa5, fs5
core   0: 1 0x0000000080005d16 (0x2b578f53) f30 0x7ff8000000000000
core   0: 0x0000000080005d1a (0x412a873b) subw    a4, s5, s2
core   0: 1 0x0000000080005d1a (0x412a873b) x14 0xffffffffe1b7ed5f
core   0: 0x0000000080005d1e (0xf87cdcb7) lui     s9, 0xf87cd
core   0: 1 0x0000000080005d1e (0xf87cdcb7) x25 0xfffffffff87cd000
core   0: 0x0000000080005d22 (0x01270d3b) addw    s10, a4, s2
core   0: 1 0x0000000080005d22 (0x01270d3b) x26 0xfffffffffffffffe
core   0: 0x0000000080005d26 (0x59f749b7) lui     s3, 0x59f74
core   0: 1 0x0000000080005d26 (0x59f749b7) x19 0x0000000059f74000
core   0: 0x0000000080005d2a (0x00044213) xori    tp, s0, 0
core   0: 1 0x0000000080005d2a (0x00044213) x4  0x000000002c91efff
core   0: 0x0000000080005d2e (0x03526abb) remw    s5, tp, s5
core   0: 1 0x0000000080005d2e (0x03526abb) x21 0x0000000000000001
core   0: 0x0000000080005d32 (0x00111173) csrrw   sp, fflags, sp
core   0: 1 0x0000000080005d32 (0x00111173) x2  0x0000000000000001 c1_fflags 0x0000000000000000
core   0: 0x0000000080005d36 (0x1b207453) fdiv.d  fs0, ft0, fs2
core   0: 1 0x0000000080005d36 (0x1b207453) f8  0x7ff8000000000000
core   0: 0x0000000080005d3a (0x017941b3) xor     gp, s2, s7
core   0: 1 0x0000000080005d3a (0x017941b3) x3  0x000000001e48129f
core   0: 0x0000000080005d3e (0x02312d33) mulhsu  s10, sp, gp
core   0: 1 0x0000000080005d3e (0x02312d33) x26 0x0000000000000000
core   0: 0x0000000080005d42 (0x23acad53) fsgnjx.d fs10, fs9, fs10
core   0: 1 0x0000000080005d42 (0x23acad53) f26 0x406ae8a4a4f7552a
core   0: 0x0000000080005d46 (0xc6e9adb7) lui     s11, 0xc6e9a
core   0: 1 0x0000000080005d46 (0xc6e9adb7) x27 0xffffffffc6e9a000
core   0: 0x0000000080005d4a (0xa229ba37) lui     s4, 0xa229b
core   0: 1 0x0000000080005d4a (0xa229ba37) x20 0xffffffffa229b000
core   0: 0x0000000080005d4e (0xd22bf2d3) fcvt.d.l ft5, s7
core   0: 1 0x0000000080005d4e (0xd22bf2d3) f5  0x0000000000000000
core   0: 0x0000000080005d52 (0x5ab5fa43) fmadd.d fs4, fa1, fa1, fa1
core   0: 1 0x0000000080005d52 (0x5ab5fa43) f20 0x0000000000000000
core   0: 0x0000000080005d56 (0x00202af3) csrrs   s5, frm, zero
core   0: 1 0x0000000080005d56 (0x00202af3) x21 0x0000000000000000
core   0: 0x0000000080005d5a (0xc0007973) csrrci  s2, cycle, 0
core   0: exception trap_illegal_instruction, epc 0x0000000080005d5a
core   0:           tval 0x00000000c0007973
core   0: >>>>  $xrv64i2p1_m2p0_a2p1_f2p2_d2p2_zicsr2p0_zifencei2p0_zmmul1p0_zba1p0_zbb1p0_zbc1p0_zbs1p0
core   0: 0x0000000080004000 (0x0080006f) j       pc + 0x8
core   0: 3 0x0000000080004000 (0x0080006f)
core   0: >>>>  mmode_exception_handler
core   0: 0x0000000080004008 (0x00002c17) auipc   s8, 0x2
core   0: 3 0x0000000080004008 (0x00002c17) x24 0x0000000080006008
core   0: 0x000000008000400c (0x04ec0c13) addi    s8, s8, 78
core   0: 3 0x000000008000400c (0x04ec0c13) x24 0x0000000080006056
core   0: 0x0000000080004010 (0x000c00e7) jalr    s8
core   0: 3 0x0000000080004010 (0x000c00e7) x1  0x0000000080004014
core   0: >>>>  any_handler
core   0: 0x0000000080006056 (0x341027f3) csrrs   a5, mepc, zero
core   0: 3 0x0000000080006056 (0x341027f3) x15 0x0000000080005d5a
core   0: 0x000000008000605a (0x34202773) csrrs   a4, mcause, zero
core   0: 3 0x000000008000605a (0x34202773) x14 0x0000000000000002
core   0: 0x000000008000605e (0x142026f3) csrrs   a3, scause, zero
core   0: 3 0x000000008000605e (0x142026f3) x13 0x0000000000000000
core   0: 0x0000000080006062 (0x30402673) csrrs   a2, mie, zero
core   0: 3 0x0000000080006062 (0x30402673) x12 0x0000000000000a00
core   0: 0x0000000080006066 (0x344025f3) csrrs   a1, mip, zero
core   0: 3 0x0000000080006066 (0x344025f3) x11 0x0000000000000080
core   0: 0x000000008000606a (0x343025f3) csrrs   a1, mtval, zero
core   0: 3 0x000000008000606a (0x343025f3) x11 0x00000000c0007973
core   0: 0x000000008000606e (0x14302573) csrrs   a0, stval, zero
core   0: 3 0x000000008000606e (0x14302573) x10 0x0000000000000002
core   0: 0x0000000080006072 (0xb02024f3) csrrs   s1, minstret, zero
core   0: 3 0x0000000080006072 (0xb02024f3) x9  0x000000000000120e
core   0: 0x0000000080006076 (0x0000a811) c.j     pc + 20
core   0: 3 0x0000000080006076 (0xa811)
core   0: >>>>  mepc_4
core   0: 0x000000008000608a (0x00000791) c.addi  a5, 4
core   0: 3 0x000000008000608a (0x0791) x15 0x0000000080005d5e
core   0: 0x000000008000608c (0x34179073) csrrw   zero, mepc, a5
core   0: 3 0x000000008000608c (0x34179073) c833_mepc 0x0000000080005d5e
core   0: 0x0000000080006090 (0x30200073) mret
core   0: 3 0x0000000080006090 (0x30200073) c768_mstatus 0x8000000a00106082
core   0: 0x0000000080005d5e (0x014c1d33) sll     s10, s8, s4
core   0: 1 0x0000000080005d5e (0x014c1d33) x26 0x0000000080006056
core   0: 0x0000000080005d62 (0xd38b9837) lui     a6, 0xd38b9
core   0: 1 0x0000000080005d62 (0xd38b9837) x16 0xffffffffd38b9000
core   0: 0x0000000080005d66 (0x0026f6b3) and     a3, a3, sp
core   0: 1 0x0000000080005d66 (0x0026f6b3) x13 0x0000000000000000
core   0: 0x0000000080005d6a (0x22301dd3) fsgnjn.d fs11, ft0, ft3
core   0: 1 0x0000000080005d6a (0x22301dd3) f27 0xffffffffffffffff
core   0: 0x0000000080005d6e (0x4111dbbb) sraw    s7, gp, a7
core   0: 1 0x0000000080005d6e (0x4111dbbb) x23 0x000000001e48129f
core   0: 0x0000000080005d72 (0x00712a33) slt     s4, sp, t2
core   0: 1 0x0000000080005d72 (0x00712a33) x20 0x0000000000000000
core   0: 0x0000000080005d76 (0xc030eef3) csrrsi  t4, hpmcounter3, 1
core   0: exception trap_illegal_instruction, epc 0x0000000080005d76
core   0:           tval 0x00000000c030eef3
core   0: >>>>  $xrv64i2p1_m2p0_a2p1_f2p2_d2p2_zicsr2p0_zifencei2p0_zmmul1p0_zba1p0_zbb1p0_zbc1p0_zbs1p0
core   0: 0x0000000080004000 (0x0080006f) j       pc + 0x8
core   0: 3 0x0000000080004000 (0x0080006f)
core   0: >>>>  mmode_exception_handler
core   0: 0x0000000080004008 (0x00002c17) auipc   s8, 0x2
core   0: 3 0x0000000080004008 (0x00002c17) x24 0x0000000080006008
core   0: 0x000000008000400c (0x04ec0c13) addi    s8, s8, 78
core   0: 3 0x000000008000400c (0x04ec0c13) x24 0x0000000080006056
core   0: 0x0000000080004010 (0x000c00e7) jalr    s8
core   0: 3 0x0000000080004010 (0x000c00e7) x1  0x0000000080004014
core   0: >>>>  any_handler
core   0: 0x0000000080006056 (0x341027f3) csrrs   a5, mepc, zero
core   0: 3 0x0000000080006056 (0x341027f3) x15 0x0000000080005d76
core   0: 0x000000008000605a (0x34202773) csrrs   a4, mcause, zero
core   0: 3 0x000000008000605a (0x34202773) x14 0x0000000000000002
core   0: 0x000000008000605e (0x142026f3) csrrs   a3, scause, zero
core   0: 3 0x000000008000605e (0x142026f3) x13 0x0000000000000000
core   0: 0x0000000080006062 (0x30402673) csrrs   a2, mie, zero
core   0: 3 0x0000000080006062 (0x30402673) x12 0x0000000000000a00
core   0: 0x0000000080006066 (0x344025f3) csrrs   a1, mip, zero
core   0: 3 0x0000000080006066 (0x344025f3) x11 0x0000000000000080
core   0: 0x000000008000606a (0x343025f3) csrrs   a1, mtval, zero
core   0: 3 0x000000008000606a (0x343025f3) x11 0x00000000c030eef3
core   0: 0x000000008000606e (0x14302573) csrrs   a0, stval, zero
core   0: 3 0x000000008000606e (0x14302573) x10 0x0000000000000002
core   0: 0x0000000080006072 (0xb02024f3) csrrs   s1, minstret, zero
core   0: 3 0x0000000080006072 (0xb02024f3) x9  0x0000000000001224
core   0: 0x0000000080006076 (0x0000a811) c.j     pc + 20
core   0: 3 0x0000000080006076 (0xa811)
core   0: >>>>  mepc_4
core   0: 0x000000008000608a (0x00000791) c.addi  a5, 4
core   0: 3 0x000000008000608a (0x0791) x15 0x0000000080005d7a
core   0: 0x000000008000608c (0x34179073) csrrw   zero, mepc, a5
core   0: 3 0x000000008000608c (0x34179073) c833_mepc 0x0000000080005d7a
core   0: 0x0000000080006090 (0x30200073) mret
core   0: 3 0x0000000080006090 (0x30200073) c768_mstatus 0x8000000a00106082
core   0: 0x0000000080005d7a (0x017a063b) addw    a2, s4, s7
core   0: 1 0x0000000080005d7a (0x017a063b) x12 0x000000001e48129f
core   0: 0x0000000080005d7e (0x017b8b3b) addw    s6, s7, s7
core   0: 1 0x0000000080005d7e (0x017b8b3b) x22 0x000000003c90253e
core   0: 0x0000000080005d82 (0xa34d8c53) fle.d   s8, fs11, fs4
core   0: 1 0x0000000080005d82 (0xa34d8c53) c1_fflags 0x0000000000000010 x24 0x0000000000000000
core   0: 0x0000000080005d86 (0x9acd93b7) lui     t2, 0x9acd9
core   0: 1 0x0000000080005d86 (0x9acd93b7) x7  0xffffffff9acd9000
core   0: 0x0000000080005d8a (0x01f41e9b) slliw   t4, s0, 31
core   0: 1 0x0000000080005d8a (0x01f41e9b) x29 0xffffffff80000000
core   0: 0x0000000080005d8e (0xbcfa0a1b) addiw   s4, s4, -1073
core   0: 1 0x0000000080005d8e (0xbcfa0a1b) x20 0xfffffffffffffbcf
core   0: 0x0000000080005d92 (0x03aa5e13) srli    t3, s4, 58
core   0: 1 0x0000000080005d92 (0x03aa5e13) x28 0x000000000000003f
core   0: 0x0000000080005d96 (0x4009d693) srai    a3, s3, 0
core   0: 1 0x0000000080005d96 (0x4009d693) x13 0x0000000059f74000
core   0: 0x0000000080005d9a (0x03ca65b3) rem     a1, s4, t3
core   0: 1 0x0000000080005d9a (0x03ca65b3) x11 0xfffffffffffffffe
core   0: 0x0000000080005d9e (0xd226fbd3) fcvt.d.l fs7, a3
core   0: 1 0x0000000080005d9e (0xd226fbd3) f23 0x41d67dd000000000
core   0: 0x0000000080005da2 (0x03ca8abb) mulw    s5, s5, t3
core   0: 1 0x0000000080005da2 (0x03ca8abb) x21 0x0000000000000000
core   0: 0x0000000080005da6 (0x415582b3) sub     t0, a1, s5
core   0: 1 0x0000000080005da6 (0x415582b3) x5  0xfffffffffffffffe
core   0: 0x0000000080005daa (0x417b8bb3) sub     s7, s7, s7
core   0: 1 0x0000000080005daa (0x417b8bb3) x23 0x0000000000000000
core   0: 0x0000000080005dae (0xd20a8053) fcvt.d.w ft0, s5
core   0: 1 0x0000000080005dae (0xd20a8053) f0  0x0000000000000000
core   0: 0x0000000080005db2 (0x00202d73) csrrs   s10, frm, zero
core   0: 1 0x0000000080005db2 (0x00202d73) x26 0x0000000000000000
core   0: 0x0000000080005db6 (0x400a5c9b) sraiw   s9, s4, 0
core   0: 1 0x0000000080005db6 (0x400a5c9b) x25 0xfffffffffffffbcf
core   0: 0x0000000080005dba (0x03932db3) mulhsu  s11, t1, s9
core   0: 1 0x0000000080005dba (0x03932db3) x27 0x000000002c91efff
core   0: 0x0000000080005dbe (0x424cfe93) andi    t4, s9, 1060
core   0: 1 0x0000000080005dbe (0x424cfe93) x29 0x0000000000000004
core   0: 0x0000000080005dc2 (0x03029233) mulh    tp, t0, a6
core   0: 1 0x0000000080005dc2 (0x03029233) x4  0x0000000000000000
core   0: 0x0000000080005dc6 (0x0121d1bb) srlw    gp, gp, s2
core   0: 1 0x0000000080005dc6 (0x0121d1bb) x3  0x0000000000000000
core   0: 0x0000000080005dca (0x404200b3) sub     ra, tp, tp
core   0: 1 0x0000000080005dca (0x404200b3) x1  0x0000000000000000
core   0: 0x0000000080005dce (0x03fdc2b7) lui     t0, 0x3fdc
core   0: 1 0x0000000080005dce (0x03fdc2b7) x5  0x0000000003fdc000
core   0: 0x0000000080005dd2 (0x7f12829b) addiw   t0, t0, 2033
core   0: 1 0x0000000080005dd2 (0x7f12829b) x5  0x0000000003fdc7f1
core   0: 0x0000000080005dd6 (0x000002b2) c.slli  t0, 12
core   0: 1 0x0000000080005dd6 (0x02b2) x5  0x0000003fdc7f1000
core   0: 0x0000000080005dd8 (0x99428293) addi    t0, t0, -1644
core   0: 1 0x0000000080005dd8 (0x99428293) x5  0x0000003fdc7f0994
core   0: 0x0000000080005ddc (0x0171d1bb) srlw    gp, gp, s7
core   0: 1 0x0000000080005ddc (0x0171d1bb) x3  0x0000000000000000
core   0: 0x0000000080005de0 (0xc23bfcd3) fcvt.lu.d s9, fs7
core   0: 1 0x0000000080005de0 (0xc23bfcd3) x25 0x0000000059f74000
core   0: 0x0000000080005de4 (0xe20b8753) fmv.x.d a4, fs7
core   0: 1 0x0000000080005de4 (0xe20b8753) x14 0x41d67dd000000000
core   0: 0x0000000080005de8 (0x01f4141b) slliw   s0, s0, 31
core   0: 1 0x0000000080005de8 (0x01f4141b) x8  0xffffffff80000000
core   0: 0x0000000080005dec (0x0104559b) srliw   a1, s0, 16
core   0: 1 0x0000000080005dec (0x0104559b) x11 0x0000000000008000
core   0: 0x0000000080005df0 (0x002e9d73) csrrw   s10, frm, t4
core   0: 1 0x0000000080005df0 (0x002e9d73) x26 0x0000000000000000 c2_frm 0x0000000000000004
core   0: 0x0000000080005df4 (0x00b98ebb) addw    t4, s3, a1
core   0: 1 0x0000000080005df4 (0x00b98ebb) x29 0x0000000059f7c000
core   0: 0x0000000080005df8 (0x4021513b) sraw    sp, sp, sp
core   0: 1 0x0000000080005df8 (0x4021513b) x2  0x0000000000000000
core   0: 0x0000000080005dfc (0x03ae9e33) mulh    t3, t4, s10
core   0: 1 0x0000000080005dfc (0x03ae9e33) x28 0x0000000000000000
core   0: 0x0000000080005e00 (0xc22c7753) fcvt.l.d a4, fs8
core   0: 1 0x0000000080005e00 (0xc22c7753) x14 0x0000000000000000
core   0: 0x0000000080005e04 (0xd2070053) fcvt.d.w ft0, a4
core   0: 1 0x0000000080005e04 (0xd2070053) f0  0x0000000000000000
core   0: 0x0000000080005e08 (0x02f349bb) divw    s3, t1, a5
core   0: 1 0x0000000080005e08 (0x02f349bb) x19 0x0000000000000000
core   0: 0x0000000080005e0c (0x9d09c193) xori    gp, s3, -1584
core   0: 1 0x0000000080005e0c (0x9d09c193) x3  0xfffffffffffff9d0
core   0: 0x0000000080005e10 (0x80077e93) andi    t4, a4, -2048
core   0: 1 0x0000000080005e10 (0x80077e93) x29 0x0000000000000000
core   0: 0x0000000080005e14 (0x01a7dd3b) srlw    s10, a5, s10
core   0: 1 0x0000000080005e14 (0x01a7dd3b) x26 0xffffffff80005d7a
core   0: 0x0000000080005e18 (0x22fa9ad3) fsgnjn.d fs5, fs5, fa5
core   0: 1 0x0000000080005e18 (0x22fa9ad3) f21 0xfff8000000000000
core   0: 0x0000000080005e1c (0x47824613) xori    a2, tp, 1144
core   0: 1 0x0000000080005e1c (0x47824613) x12 0x0000000000000478
core   0: 0x0000000080005e20 (0x001026f3) csrrs   a3, fflags, zero
core   0: 1 0x0000000080005e20 (0x001026f3) x13 0x0000000000000010
core   0: 0x0000000080005e24 (0x00053b37) lui     s6, 0x53
core   0: 1 0x0000000080005e24 (0x00053b37) x22 0x0000000000053000
core   0: 0x0000000080005e28 (0xb37b0b1b) addiw   s6, s6, -1225
core   0: 1 0x0000000080005e28 (0xb37b0b1b) x22 0x0000000000052b37
core   0: 0x0000000080005e2c (0x00000b3e) c.slli  s6, 15
core   0: 1 0x0000000080005e2c (0x0b3e) x22 0x00000002959b8000
core   0: 0x0000000080005e2e (0x0c4b0b13) addi    s6, s6, 196
core   0: 1 0x0000000080005e2e (0x0c4b0b13) x22 0x00000002959b80c4
core   0: 0x0000000080005e32 (0x0d0f33b7) lui     t2, 0xd0f3
core   0: 1 0x0000000080005e32 (0x0d0f33b7) x7  0x000000000d0f3000
core   0: 0x0000000080005e36 (0x00003e7d) c.addiw t3, -1
core   0: 1 0x0000000080005e36 (0x3e7d) x28 0xffffffffffffffff
core   0: 0x0000000080005e38 (0x03d81a33) mulh    s4, a6, t4
core   0: 1 0x0000000080005e38 (0x03d81a33) x20 0x0000000000000000
core   0: 0x0000000080005e3c (0x026edb93) srli    s7, t4, 38
core   0: 1 0x0000000080005e3c (0x026edb93) x23 0x0000000000000000
core   0: 0x0000000080005e40 (0x41fa5e1b) sraiw   t3, s4, 31
core   0: 1 0x0000000080005e40 (0x41fa5e1b) x28 0x0000000000000000
core   0: 0x0000000080005e44 (0x00000001) c.nop
core   0: 1 0x0000000080005e44 (0x0001)
core   0: 0x0000000080005e46 (0x0044c4b3) xor     s1, s1, tp
core   0: 1 0x0000000080005e46 (0x0044c4b3) x9  0x0000000000001224
core   0: 0x0000000080005e4a (0x00202c73) csrrs   s8, frm, zero
core   0: 1 0x0000000080005e4a (0x00202c73) x24 0x0000000000000004
core   0: 0x0000000080005e4e (0xd2d6f2cf) fnmadd.d ft5, fa3, fa3, fs10
core   0: 1 0x0000000080005e4e (0xd2d6f2cf) f5  0x7ff8000000000000
core   0: 0x0000000080005e52 (0x03c4deb3) divu    t4, s1, t3
core   0: 1 0x0000000080005e52 (0x03c4deb3) x29 0xffffffffffffffff
core   0: 0x0000000080005e56 (0xff3c7c37) lui     s8, 0xff3c7
core   0: 1 0x0000000080005e56 (0xff3c7c37) x24 0xffffffffff3c7000
core   0: 0x0000000080005e5a (0x973c0c1b) addiw   s8, s8, -1677
core   0: 1 0x0000000080005e5a (0x973c0c1b) x24 0xffffffffff3c6973
core   0: 0x0000000080005e5e (0x00000c36) c.slli  s8, 13
core   0: 1 0x0000000080005e5e (0x0c36) x24 0xffffffe78d2e6000
core   0: 0x0000000080005e60 (0xc2fc0c13) addi    s8, s8, -977
core   0: 1 0x0000000080005e60 (0xc2fc0c13) x24 0xffffffe78d2e5c2f
core   0: 0x0000000080005e64 (0x2a1874c3) fmadd.d fs1, fa6, ft1, ft5
core   0: 1 0x0000000080005e64 (0x2a1874c3) f9  0x7ff8000000000000
core   0: 0x0000000080005e68 (0x0053183b) sllw    a6, t1, t0
core   0: 1 0x0000000080005e68 (0x0053183b) x16 0x0000000000000000
core   0: 0x0000000080005e6c (0xfff50593) addi    a1, a0, -1
core   0: 1 0x0000000080005e6c (0xfff50593) x11 0x0000000000000001
core   0: 0x0000000080005e70 (0xc218f253) fcvt.wu.d tp, fa7
core   0: 1 0x0000000080005e70 (0xc218f253) c1_fflags 0x0000000000000010 x4  0xffffffffffffffff
core   0: 0x0000000080005e74 (0x00202ef3) csrrs   t4, frm, zero
core   0: 1 0x0000000080005e74 (0x00202ef3) x29 0x0000000000000004
core   0: 0x0000000080005e78 (0xd0327453) fcvt.s.lu fs0, tp
core   0: 1 0x0000000080005e78 (0xd0327453) c1_fflags 0x0000000000000011 f8  0xffffffff5f800000
core   0: 0x0000000080005e7c (0x03aa3a33) mulhu   s4, s4, s10
core   0: 1 0x0000000080005e7c (0x03aa3a33) x20 0x0000000000000000
core   0: 0x0000000080005e80 (0xc2127153) fcvt.wu.d sp, ft4
core   0: 1 0x0000000080005e80 (0xc2127153) c1_fflags 0x0000000000000011 x2  0xffffffffffffffff
core   0: 0x0000000080005e84 (0x40dbdb1b) sraiw   s6, s7, 13
core   0: 1 0x0000000080005e84 (0x40dbdb1b) x22 0x0000000000000000
core   0: 0x0000000080005e88 (0x001b1473) csrrw   s0, fflags, s6
core   0: 1 0x0000000080005e88 (0x001b1473) x8  0x0000000000000011 c1_fflags 0x0000000000000000
core   0: 0x0000000080005e8c (0xd23bfed3) fcvt.d.lu ft9, s7
core   0: 1 0x0000000080005e8c (0xd23bfed3) f29 0x0000000000000000
core   0: 0x0000000080005e90 (0x00817033) and     zero, sp, s0
core   0: 1 0x0000000080005e90 (0x00817033)
core   0: 0x0000000080005e94 (0x00202e73) csrrs   t3, frm, zero
core   0: 1 0x0000000080005e94 (0x00202e73) x28 0x0000000000000004
core   0: 0x0000000080005e98 (0x00e6163b) sllw    a2, a2, a4
core   0: 1 0x0000000080005e98 (0x00e6163b) x12 0x0000000000000478
core   0: 0x0000000080005e9c (0xc21279d3) fcvt.wu.d s3, ft4
core   0: 1 0x0000000080005e9c (0xc21279d3) c1_fflags 0x0000000000000010 x19 0xffffffffffffffff
core   0: 0x0000000080005ea0 (0xd21601d3) fcvt.d.wu ft3, a2
core   0: 1 0x0000000080005ea0 (0xd21601d3) f3  0x4091e00000000000
core   0: 0x0000000080005ea4 (0x0138a8b3) slt     a7, a7, s3
core   0: 1 0x0000000080005ea4 (0x0138a8b3) x17 0x0000000000000001
core   0: 0x0000000080005ea8 (0x403181b3) sub     gp, gp, gp
core   0: 1 0x0000000080005ea8 (0x403181b3) x3  0x0000000000000000
core   0: 0x0000000080005eac (0xc20ef3d3) fcvt.w.d t2, ft9
core   0: 1 0x0000000080005eac (0xc20ef3d3) x7  0x0000000000000000
core   0: 0x0000000080005eb0 (0x407c8c3b) subw    s8, s9, t2
core   0: 1 0x0000000080005eb0 (0x407c8c3b) x24 0x0000000059f74000
core   0: 0x0000000080005eb4 (0x0ff0000f) fence   iorw,iorw
core   0: 1 0x0000000080005eb4 (0x0ff0000f)
core   0: 0x0000000080005eb8 (0xea31f043) fmadd.d ft0, ft3, ft3, ft9
core   0: 1 0x0000000080005eb8 (0xea31f043) f0  0x4133f84000000000
core   0: 0x0000000080005ebc (0x030c2833) mulhsu  a6, s8, a6
core   0: 1 0x0000000080005ebc (0x030c2833) x16 0x0000000000000000
core   0: 0x0000000080005ec0 (0x5a06f153) fsqrt.d ft2, fa3
core   0: 1 0x0000000080005ec0 (0x5a06f153) f2  0x7ff8000000000000
core   0: 0x0000000080005ec4 (0x4143d71b) sraiw   a4, t2, 20
core   0: 1 0x0000000080005ec4 (0x4143d71b) x14 0x0000000000000000
core   0: 0x0000000080005ec8 (0x02e3e3b3) rem     t2, t2, a4
core   0: 1 0x0000000080005ec8 (0x02e3e3b3) x7  0x0000000000000000
core   0: 0x0000000080005ecc (0x0236f84f) fnmadd.d fa6, fa3, ft3, ft0
core   0: 1 0x0000000080005ecc (0x0236f84f) f16 0x7ff8000000000000
core   0: 0x0000000080005ed0 (0xd1880c1b) addiw   s8, a6, -744
core   0: 1 0x0000000080005ed0 (0xd1880c1b) x24 0xfffffffffffffd18
core   0: 0x0000000080005ed4 (0x0383ea33) rem     s4, t2, s8
core   0: 1 0x0000000080005ed4 (0x0383ea33) x20 0x0000000000000000
core   0: 0x0000000080005ed8 (0x40538d33) sub     s10, t2, t0
core   0: 1 0x0000000080005ed8 (0x40538d33) x26 0xffffffc02380f66c
core   0: 0x0000000080005edc (0x323b58f3) csrrwi  a7, mhpmevent3, 22
core   0: exception trap_illegal_instruction, epc 0x0000000080005edc
core   0:           tval 0x00000000323b58f3
core   0: >>>>  $xrv64i2p1_m2p0_a2p1_f2p2_d2p2_zicsr2p0_zifencei2p0_zmmul1p0_zba1p0_zbb1p0_zbc1p0_zbs1p0
core   0: 0x0000000080004000 (0x0080006f) j       pc + 0x8
core   0: 3 0x0000000080004000 (0x0080006f)
core   0: >>>>  mmode_exception_handler
core   0: 0x0000000080004008 (0x00002c17) auipc   s8, 0x2
core   0: 3 0x0000000080004008 (0x00002c17) x24 0x0000000080006008
core   0: 0x000000008000400c (0x04ec0c13) addi    s8, s8, 78
core   0: 3 0x000000008000400c (0x04ec0c13) x24 0x0000000080006056
core   0: 0x0000000080004010 (0x000c00e7) jalr    s8
core   0: 3 0x0000000080004010 (0x000c00e7) x1  0x0000000080004014
core   0: >>>>  any_handler
core   0: 0x0000000080006056 (0x341027f3) csrrs   a5, mepc, zero
core   0: 3 0x0000000080006056 (0x341027f3) x15 0x0000000080005edc
core   0: 0x000000008000605a (0x34202773) csrrs   a4, mcause, zero
core   0: 3 0x000000008000605a (0x34202773) x14 0x0000000000000002
core   0: 0x000000008000605e (0x142026f3) csrrs   a3, scause, zero
core   0: 3 0x000000008000605e (0x142026f3) x13 0x0000000000000000
core   0: 0x0000000080006062 (0x30402673) csrrs   a2, mie, zero
core   0: 3 0x0000000080006062 (0x30402673) x12 0x0000000000000a00
core   0: 0x0000000080006066 (0x344025f3) csrrs   a1, mip, zero
core   0: 3 0x0000000080006066 (0x344025f3) x11 0x0000000000000080
core   0: 0x000000008000606a (0x343025f3) csrrs   a1, mtval, zero
core   0: 3 0x000000008000606a (0x343025f3) x11 0x00000000323b58f3
core   0: 0x000000008000606e (0x14302573) csrrs   a0, stval, zero
core   0: 3 0x000000008000606e (0x14302573) x10 0x0000000000000002
core   0: 0x0000000080006072 (0xb02024f3) csrrs   s1, minstret, zero
core   0: 3 0x0000000080006072 (0xb02024f3) x9  0x000000000000128f
core   0: 0x0000000080006076 (0x0000a811) c.j     pc + 20
core   0: 3 0x0000000080006076 (0xa811)
core   0: >>>>  mepc_4
core   0: 0x000000008000608a (0x00000791) c.addi  a5, 4
core   0: 3 0x000000008000608a (0x0791) x15 0x0000000080005ee0
core   0: 0x000000008000608c (0x34179073) csrrw   zero, mepc, a5
core   0: 3 0x000000008000608c (0x34179073) c833_mepc 0x0000000080005ee0
core   0: 0x0000000080006090 (0x30200073) mret
core   0: 3 0x0000000080006090 (0x30200073) c768_mstatus 0x8000000a00106082
core   0: 0x0000000080005ee0 (0x02f87acf) fnmadd.d fs5, fa6, fa5, ft0
core   0: 1 0x0000000080005ee0 (0x02f87acf) f21 0x7ff8000000000000
core   0: 0x0000000080005ee4 (0x20694537) lui     a0, 0x20694
core   0: 1 0x0000000080005ee4 (0x20694537) x10 0x0000000020694000
core   0: 0x0000000080005ee8 (0x00bd5933) srl     s2, s10, a1
core   0: 1 0x0000000080005ee8 (0x00bd5933) x18 0x0000000000001fff
core   0: 0x0000000080005eec (0x02bbabb3) mulhsu  s7, s7, a1
core   0: 1 0x0000000080005eec (0x02bbabb3) x23 0x0000000000000000
core   0: 0x0000000080005ef0 (0x0ff0000f) fence   iorw,iorw
core   0: 1 0x0000000080005ef0 (0x0ff0000f)
core   0: 0x0000000080005ef4 (0x65ab6d13) ori     s10, s6, 1626
core   0: 1 0x0000000080005ef4 (0x65ab6d13) x26 0x000000000000065a
core   0: 0x0000000080005ef8 (0x420502d3) fcvt.d.s ft5, fa0
core   0: 1 0x0000000080005ef8 (0x420502d3) f5  0x7ff8000000000000
core   0: 0x0000000080005efc (0x42765113) srai    sp, a2, 39
core   0: 1 0x0000000080005efc (0x42765113) x2  0x0000000000000000
core   0: 0x0000000080005f00 (0xc03efa53) fcvt.lu.s s4, ft9
core   0: 1 0x0000000080005f00 (0xc03efa53) c1_fflags 0x0000000000000010 x20 0xffffffffffffffff
core   0: 0x0000000080005f04 (0x019aa933) slt     s2, s5, s9
core   0: 1 0x0000000080005f04 (0x019aa933) x18 0x0000000000000001
core   0: 0x0000000080005f08 (0x019c0833) add     a6, s8, s9
core   0: 1 0x0000000080005f08 (0x019c0833) x16 0x00000000d9f7a056
core   0: 0x0000000080005f0c (0xaacdd697) auipc   a3, 0xaacdd
core   0: 1 0x0000000080005f0c (0xaacdd697) x13 0x000000002ace2f0c
core   0: 0x0000000080005f10 (0x002e9c73) csrrw   s8, frm, t4
core   0: 1 0x0000000080005f10 (0x002e9c73) x24 0x0000000000000004 c2_frm 0x0000000000000004
core   0: 0x0000000080005f14 (0xeaf2829b) addiw   t0, t0, -337
core   0: 1 0x0000000080005f14 (0xeaf2829b) x5  0xffffffffdc7f0843
core   0: 0x0000000080005f18 (0xc02ef953) fcvt.l.s s2, ft9
core   0: 1 0x0000000080005f18 (0xc02ef953) c1_fflags 0x0000000000000010 x18 0x7fffffffffffffff
core   0: 0x0000000080005f1c (0x00f52437) lui     s0, 0xf52
core   0: 1 0x0000000080005f1c (0x00f52437) x8  0x0000000000f52000
core   0: 0x0000000080005f20 (0xb854041b) addiw   s0, s0, -1147
core   0: 1 0x0000000080005f20 (0xb854041b) x8  0x0000000000f51b85
core   0: 0x0000000080005f24 (0x0000043e) c.slli  s0, 15
core   0: 1 0x0000000080005f24 (0x043e) x8  0x0000007a8dc28000
core   0: 0x0000000080005f26 (0x2ff40413) addi    s0, s0, 767
core   0: 1 0x0000000080005f26 (0x2ff40413) x8  0x0000007a8dc282ff
core   0: 0x0000000080005f2a (0xa3f286d3) fle.d   a3, ft5, ft11
core   0: 1 0x0000000080005f2a (0xa3f286d3) c1_fflags 0x0000000000000010 x13 0x0000000000000000
core   0: 0x0000000080005f2e (0x4154533b) sraw    t1, s0, s5
core   0: 1 0x0000000080005f2e (0x4154533b) x6  0xffffffff8dc282ff
core   0: 0x0000000080005f32 (0xa25808d3) fle.d   a7, fa6, ft5
core   0: 1 0x0000000080005f32 (0xa25808d3) c1_fflags 0x0000000000000010 x17 0x0000000000000000
core   0: 0x0000000080005f36 (0xd0307253) fcvt.s.lu ft4, zero
core   0: 1 0x0000000080005f36 (0xd0307253) f4  0xffffffff00000000
core   0: 0x0000000080005f3a (0x4000501b) sraiw   zero, zero, 0
core   0: 1 0x0000000080005f3a (0x4000501b)
core   0: 0x0000000080005f3e (0x400ad093) srai    ra, s5, 0
core   0: 1 0x0000000080005f3e (0x400ad093) x1  0x0000000000000000
core   0: 0x0000000080005f42 (0xd20a8853) fcvt.d.w fa6, s5
core   0: 1 0x0000000080005f42 (0xd20a8853) f16 0x0000000000000000
core   0: 0x0000000080005f46 (0x0016133b) sllw    t1, a2, ra
core   0: 1 0x0000000080005f46 (0x0016133b) x6  0x0000000000000a00
core   0: 0x0000000080005f4a (0x0010dd9b) srliw   s11, ra, 1
core   0: 1 0x0000000080005f4a (0x0010dd9b) x27 0x0000000000000000
core   0: 0x0000000080005f4e (0xfe1064b7) lui     s1, 0xfe106
core   0: 1 0x0000000080005f4e (0xfe1064b7) x9  0xfffffffffe106000
core   0: 0x0000000080005f52 (0x53b4849b) addiw   s1, s1, 1339
core   0: 1 0x0000000080005f52 (0x53b4849b) x9  0xfffffffffe10653b
core   0: 0x0000000080005f56 (0x000004b2) c.slli  s1, 12
core   0: 1 0x0000000080005f56 (0x04b2) x9  0xffffffe10653b000
core   0: 0x0000000080005f58 (0x94a48493) addi    s1, s1, -1718
core   0: 1 0x0000000080005f58 (0x94a48493) x9  0xffffffe10653a94a
core   0: 0x0000000080005f5c (0x00ad9913) slli    s2, s11, 10
core   0: 1 0x0000000080005f5c (0x00ad9913) x18 0x0000000000000000
core   0: 0x0000000080005f60 (0xff0503b7) lui     t2, 0xff050
core   0: 1 0x0000000080005f60 (0xff0503b7) x7  0xffffffffff050000
core   0: 0x0000000080005f64 (0xe1d3839b) addiw   t2, t2, -483
core   0: 1 0x0000000080005f64 (0xe1d3839b) x7  0xffffffffff04fe1d
core   0: 0x0000000080005f68 (0x000003be) c.slli  t2, 15
core   0: 1 0x0000000080005f68 (0x03be) x7  0xffffff827f0e8000
core   0: 0x0000000080005f6a (0x42a38393) addi    t2, t2, 1066
core   0: 1 0x0000000080005f6a (0x42a38393) x7  0xffffff827f0e842a
core   0: 0x0000000080005f6e (0xfff4801b) addiw   zero, s1, -1
core   0: 1 0x0000000080005f6e (0xfff4801b)
core   0: 0x0000000080005f72 (0x0013d193) srli    gp, t2, 1
core   0: 1 0x0000000080005f72 (0x0013d193) x3  0x7fffffc13f874215
core   0: 0x0000000080005f76 (0x01e5189b) slliw   a7, a0, 30
core   0: 1 0x0000000080005f76 (0x01e5189b) x17 0x0000000000000000
core   0: 0x0000000080005f7a (0xc20efa53) fcvt.w.d s4, ft9
core   0: 1 0x0000000080005f7a (0xc20efa53) x20 0x0000000000000000
core   0: 0x0000000080005f7e (0xffed3037) lui     zero, 0xffed3
core   0: 1 0x0000000080005f7e (0xffed3037)
core   0: 0x0000000080005f82 (0xa130001b) addiw   zero, zero, -1517
core   0: 1 0x0000000080005f82 (0xa130001b)
core   0: 0x0000000080005f86 (0x01101013) slli    zero, zero, 17
core   0: 1 0x0000000080005f86 (0x01101013)
core   0: 0x0000000080005f8a (0xa0e00013) li      zero, -1522
core   0: 1 0x0000000080005f8a (0xa0e00013)
core   0: 0x0000000080005f8e (0x01ac5d33) srl     s10, s8, s10
core   0: 1 0x0000000080005f8e (0x01ac5d33) x26 0x0000000000000000
core   0: 0x0000000080005f92 (0x01a35cbb) srlw    s9, t1, s10
core   0: 1 0x0000000080005f92 (0x01a35cbb) x25 0x0000000000000a00
core   0: 0x0000000080005f96 (0x0369f1b3) remu    gp, s3, s6
core   0: 1 0x0000000080005f96 (0x0369f1b3) x3  0xffffffffffffffff
core   0: 0x0000000080005f9a (0x401878d3) fcvt.s.d fa7, fa6
core   0: 1 0x0000000080005f9a (0x401878d3) f17 0xffffffff00000000
core   0: 0x0000000080005f9e (0xfc976937) lui     s2, 0xfc976
core   0: 1 0x0000000080005f9e (0xfc976937) x18 0xfffffffffc976000
core   0: 0x0000000080005fa2 (0xb559091b) addiw   s2, s2, -1195
core   0: 1 0x0000000080005fa2 (0xb559091b) x18 0xfffffffffc975b55
core   0: 0x0000000080005fa6 (0x00000932) c.slli  s2, 12
core   0: 1 0x0000000080005fa6 (0x0932) x18 0xffffffc975b55000
core   0: 0x0000000080005fa8 (0x89890913) addi    s2, s2, -1896
core   0: 1 0x0000000080005fa8 (0x89890913) x18 0xffffffc975b54898
core   0: 0x0000000080005fac (0x005c89bb) addw    s3, s9, t0
core   0: 1 0x0000000080005fac (0x005c89bb) x19 0xffffffffdc7f1243
core   0: 0x0000000080005fb0 (0x142ff5f3) csrrci  a1, scause, 31
core   0: 1 0x0000000080005fb0 (0x142ff5f3) x11 0x0000000000000000 c322_scause 0x0000000000000000
core   0: 0x0000000080005fb4 (0x0348783b) remuw   a6, a6, s4
core   0: 1 0x0000000080005fb4 (0x0348783b) x16 0xffffffffd9f7a056
core   0: 0x0000000080005fb8 (0x037253bb) divuw   t2, tp, s7
core   0: 1 0x0000000080005fb8 (0x037253bb) x7  0xffffffffffffffff
core   0: 0x0000000080005fbc (0x001d1d73) csrrw   s10, fflags, s10
core   0: 1 0x0000000080005fbc (0x001d1d73) x26 0x0000000000000010 c1_fflags 0x0000000000000000
core   0: 0x0000000080005fc0 (0x07845c37) lui     s8, 0x7845
core   0: 1 0x0000000080005fc0 (0x07845c37) x24 0x0000000007845000
core   0: 0x0000000080005fc4 (0xba7c0c1b) addiw   s8, s8, -1113
core   0: 1 0x0000000080005fc4 (0xba7c0c1b) x24 0x0000000007844ba7
core   0: 0x0000000080005fc8 (0x00000c32) c.slli  s8, 12
core   0: 1 0x0000000080005fc8 (0x0c32) x24 0x0000007844ba7000
core   0: 0x0000000080005fca (0x3fac0c13) addi    s8, s8, 1018
core   0: 1 0x0000000080005fca (0x3fac0c13) x24 0x0000007844ba73fa
core   0: 0x0000000080005fce (0x012b893b) addw    s2, s7, s2
core   0: 1 0x0000000080005fce (0x012b893b) x18 0x0000000075b54898
core   0: 0x0000000080005fd2 (0x0ff0000f) fence   iorw,iorw
core   0: 1 0x0000000080005fd2 (0x0ff0000f)
core   0: 0x0000000080005fd6 (0x0693f513) andi    a0, t2, 105
core   0: 1 0x0000000080005fd6 (0x0693f513) x10 0x0000000000000069
core   0: 0x0000000080005fda (0x02a43b33) mulhu   s6, s0, a0
core   0: 1 0x0000000080005fda (0x02a43b33) x22 0x0000000000000000
core   0: 0x0000000080005fde (0x343b6e73) csrrsi  t3, mtval, 22
core   0: exception trap_illegal_instruction, epc 0x0000000080005fde
core   0:           tval 0x00000000343b6e73
core   0: >>>>  $xrv64i2p1_m2p0_a2p1_f2p2_d2p2_zicsr2p0_zifencei2p0_zmmul1p0_zba1p0_zbb1p0_zbc1p0_zbs1p0
core   0: 0x0000000080004000 (0x0080006f) j       pc + 0x8
core   0: 3 0x0000000080004000 (0x0080006f)
core   0: >>>>  mmode_exception_handler
core   0: 0x0000000080004008 (0x00002c17) auipc   s8, 0x2
core   0: 3 0x0000000080004008 (0x00002c17) x24 0x0000000080006008
core   0: 0x000000008000400c (0x04ec0c13) addi    s8, s8, 78
core   0: 3 0x000000008000400c (0x04ec0c13) x24 0x0000000080006056
core   0: 0x0000000080004010 (0x000c00e7) jalr    s8
core   0: 3 0x0000000080004010 (0x000c00e7) x1  0x0000000080004014
core   0: >>>>  any_handler
core   0: 0x0000000080006056 (0x341027f3) csrrs   a5, mepc, zero
core   0: 3 0x0000000080006056 (0x341027f3) x15 0x0000000080005fde
core   0: 0x000000008000605a (0x34202773) csrrs   a4, mcause, zero
core   0: 3 0x000000008000605a (0x34202773) x14 0x0000000000000002
core   0: 0x000000008000605e (0x142026f3) csrrs   a3, scause, zero
core   0: 3 0x000000008000605e (0x142026f3) x13 0x0000000000000000
core   0: 0x0000000080006062 (0x30402673) csrrs   a2, mie, zero
core   0: 3 0x0000000080006062 (0x30402673) x12 0x0000000000000a00
core   0: 0x0000000080006066 (0x344025f3) csrrs   a1, mip, zero
core   0: 3 0x0000000080006066 (0x344025f3) x11 0x0000000000000080
core   0: 0x000000008000606a (0x343025f3) csrrs   a1, mtval, zero
core   0: 3 0x000000008000606a (0x343025f3) x11 0x00000000343b6e73
core   0: 0x000000008000606e (0x14302573) csrrs   a0, stval, zero
core   0: 3 0x000000008000606e (0x14302573) x10 0x0000000000000002
core   0: 0x0000000080006072 (0xb02024f3) csrrs   s1, minstret, zero
core   0: 3 0x0000000080006072 (0xb02024f3) x9  0x00000000000012e1
core   0: 0x0000000080006076 (0x0000a811) c.j     pc + 20
core   0: 3 0x0000000080006076 (0xa811)
core   0: >>>>  mepc_4
core   0: 0x000000008000608a (0x00000791) c.addi  a5, 4
core   0: 3 0x000000008000608a (0x0791) x15 0x0000000080005fe2
core   0: 0x000000008000608c (0x34179073) csrrw   zero, mepc, a5
core   0: 3 0x000000008000608c (0x34179073) c833_mepc 0x0000000080005fe2
core   0: 0x0000000080006090 (0x30200073) mret
core   0: 3 0x0000000080006090 (0x30200073) c768_mstatus 0x8000000a00106082
core   0: 0x0000000080005fe2 (0x8249f9cb) fnmsub.d fs3, fs3, ft4, fa6
core   0: 1 0x0000000080005fe2 (0x8249f9cb) f19 0x7ff8000000000000
core   0: 0x0000000080005fe6 (0x02ee53bb) divuw   t2, t3, a4
core   0: 1 0x0000000080005fe6 (0x02ee53bb) x7  0x0000000000000002
core   0: 0x0000000080005fea (0x01b3929b) slliw   t0, t2, 27
core   0: 1 0x0000000080005fea (0x01b3929b) x5  0x0000000010000000
core   0: 0x0000000080005fee (0xd2030a53) fcvt.d.w fs4, t1
core   0: 1 0x0000000080005fee (0xd2030a53) f20 0x40a4000000000000
core   0: 0x0000000080005ff2 (0x03f9ffd3) fadd.d  ft11, fs3, ft11
core   0: 1 0x0000000080005ff2 (0x03f9ffd3) f31 0x7ff8000000000000
core   0: 0x0000000080005ff6 (0x1d9d6d93) ori     s11, s10, 473
core   0: 1 0x0000000080005ff6 (0x1d9d6d93) x27 0x00000000000001d9
core   0: 0x0000000080005ffa (0x142db6f3) csrrc   a3, scause, s11
core   0: 1 0x0000000080005ffa (0x142db6f3) x13 0x0000000000000000 c322_scause 0x0000000000000000
core   0: 0x0000000080005ffe (0xc209f653) fcvt.w.d a2, fs3
core   0: 1 0x0000000080005ffe (0xc209f653) c1_fflags 0x0000000000000010 x12 0x000000007fffffff
core   0: 0x0000000080006002 (0x3a7ff747) fmsub.d fa4, ft11, ft7, ft7
core   0: 1 0x0000000080006002 (0x3a7ff747) f14 0x7ff8000000000000
core   0: 0x0000000080006006 (0x07e75d37) lui     s10, 0x7e75
core   0: 1 0x0000000080006006 (0x07e75d37) x26 0x0000000007e75000
core   0: 0x000000008000600a (0x1b9d0d1b) addiw   s10, s10, 441
core   0: 1 0x000000008000600a (0x1b9d0d1b) x26 0x0000000007e751b9
core   0: 0x000000008000600e (0x00000d32) c.slli  s10, 12
core   0: 1 0x000000008000600e (0x0d32) x26 0x0000007e751b9000
core   0: 0x0000000080006010 (0x309d0d13) addi    s10, s10, 777
core   0: 1 0x0000000080006010 (0x309d0d13) x26 0x0000007e751b9309
core   0: 0x0000000080006014 (0x033d5533) divu    a0, s10, s3
core   0: 1 0x0000000080006014 (0x033d5533) x10 0x0000000000000000
core   0: 0x0000000080006018 (0x02ad03bb) mulw    t2, s10, a0
core   0: 1 0x0000000080006018 (0x02ad03bb) x7  0x0000000000000000
core   0: 0x000000008000601c (0x02e67d53) fadd.d  fs10, fa2, fa4
core   0: 1 0x000000008000601c (0x02e67d53) f26 0x7ff8000000000000
core   0: 0x0000000080006020 (0xaae3e493) ori     s1, t2, -1362
core   0: 1 0x0000000080006020 (0xaae3e493) x9  0xfffffffffffffaae
core   0: 0x0000000080006024 (0x02d533b3) mulhu   t2, a0, a3
core   0: 1 0x0000000080006024 (0x02d533b3) x7  0x0000000000000000
core   0: 0x0000000080006028 (0x03f3da93) srli    s5, t2, 63
core   0: 1 0x0000000080006028 (0x03f3da93) x21 0x0000000000000000
core   0: 0x000000008000602c (0xc0377b53) fcvt.lu.s s6, fa4
core   0: 1 0x000000008000602c (0xc0377b53) c1_fflags 0x0000000000000010 x22 0xffffffffffffffff
core   0: 0x0000000080006030 (0x0017de1b) srliw   t3, a5, 1
core   0: 1 0x0000000080006030 (0x0017de1b) x28 0x0000000040002ff1
core   0: 0x0000000080006034 (0x41bc8dbb) subw    s11, s9, s11
core   0: 1 0x0000000080006034 (0x41bc8dbb) x27 0x0000000000000827
core   0: 0x0000000080006038 (0x021e40bb) divw    ra, t3, ra
core   0: 1 0x0000000080006038 (0x021e40bb) x1  0x0000000000000000
core   0: 0x000000008000603c (0x00aa553b) srlw    a0, s4, a0
core   0: 1 0x000000008000603c (0x00aa553b) x10 0x0000000000000000
core   0: 0x0000000080006040 (0x68cb6213) ori     tp, s6, 1676
core   0: 1 0x0000000080006040 (0x68cb6213) x4  0xffffffffffffffff
core   0: 0x0000000080006044 (0x420c81d3) fcvt.d.s ft3, fs9
core   0: 1 0x0000000080006044 (0x420c81d3) f3  0x7ff8000000000000
core   0: 0x0000000080006048 (0x80036a13) ori     s4, t1, -2048
core   0: 1 0x0000000080006048 (0x80036a13) x20 0xfffffffffffffa00
core   0: 0x000000008000604c (0x032027b3) mulhsu  a5, zero, s2
core   0: 1 0x000000008000604c (0x032027b3) x15 0x0000000000000000
core   0: >>>>  write_tohost
core   0: 0x0000000080006050 (0x994fa0ef) jal     pc - 0x5e6c
core   0: 1 0x0000000080006050 (0x994fa0ef) x1  0x0000000080006054
core   0: >>>>  _exit
core   0: 0x00000000800001e4 (0x00004505) c.li    a0, 1
core   0: 1 0x00000000800001e4 (0x4505) x10 0x0000000000000001
core   0: 0x00000000800001e6 (0x00001f17) auipc   t5, 0x1
core   0: 1 0x00000000800001e6 (0x00001f17) x30 0x00000000800011e6
core   0: 0x00000000800001ea (0xe0af2d23) sw      a0, -486(t5)
core   0: 1 0x00000000800001ea (0xe0af2d23) mem 0x0000000080001000 0x00000001
cp /home/server/RISCV/cva6/verif/sim/out/seed_213/spike_sim/new_seeds_213_.cv64a6_imafdc_sv39.log.iss /home/server/RISCV/cva6/verif/sim/out/seed_213/spike_sim/new_seeds_213_.cv64a6_imafdc_sv39.log
