Makefile:14: must set CVA6_REPO_DIR to point at the root of CVA6 sources and CVA6_TB_DIR to point here -- doing it for you...
LD_LIBRARY_PATH="$(realpath ../../tools/spike/lib):$LD_LIBRARY_PATH" \
	/home/server/RISCV/cva6/tools/spike/bin/spike --steps=2000000  --log-commits --isa=rv64gc_zba_zbb_zbs_zbc_zicsr_zifencei --priv=msu -l /home/server/RISCV/cva6/verif/sim/out/seed_1329/directed_asm_tests/new_seeds_1329_.o
[SPIKE] Max simulation steps: 2000000
[SPIKE] Proc 0 | ISA: rv64gc_zba_zbb_zbs_zbc_zicsr_zifencei PRIV: msu
[SPIKE] Initializing memories...
core   0: 0x0000000000010000 (0x00100413) li      s0, 1
core   0: 3 0x0000000000010000 (0x00100413) x8  0x0000000000000001
core   0: 0x0000000000010004 (0x01f41413) slli    s0, s0, 31
core   0: 3 0x0000000000010004 (0x01f41413) x8  0x0000000080000000
core   0: 0x0000000000010008 (0xf1402573) csrrs   a0, mhartid, zero
core   0: 3 0x0000000000010008 (0xf1402573) x10 0x0000000000000000
core   0: 0x000000000001000c (0x00000597) auipc   a1, 0x0
core   0: 3 0x000000000001000c (0x00000597) x11 0x000000000001000c
core   0: 0x0000000000010010 (0x07458593) addi    a1, a1, 116
core   0: 3 0x0000000000010010 (0x07458593) x11 0x0000000000010080
core   0: 0x0000000000010014 (0x00040067) jr      s0
core   0: 3 0x0000000000010014 (0x00040067)
core   0: >>>>  _start
core   0: 0x0000000080000000 (0x00004081) c.li    ra, 0
core   0: 3 0x0000000080000000 (0x4081) x1  0x0000000000000000
core   0: 0x0000000080000002 (0x00004101) c.li    sp, 0
core   0: 3 0x0000000080000002 (0x4101) x2  0x0000000000000000
core   0: 0x0000000080000004 (0x00004181) c.li    gp, 0
core   0: 3 0x0000000080000004 (0x4181) x3  0x0000000000000000
core   0: 0x0000000080000006 (0x00004201) c.li    tp, 0
core   0: 3 0x0000000080000006 (0x4201) x4  0x0000000000000000
core   0: 0x0000000080000008 (0x00004281) c.li    t0, 0
core   0: 3 0x0000000080000008 (0x4281) x5  0x0000000000000000
core   0: 0x000000008000000a (0x00004301) c.li    t1, 0
core   0: 3 0x000000008000000a (0x4301) x6  0x0000000000000000
core   0: 0x000000008000000c (0x00004381) c.li    t2, 0
core   0: 3 0x000000008000000c (0x4381) x7  0x0000000000000000
core   0: 0x000000008000000e (0x00004401) c.li    s0, 0
core   0: 3 0x000000008000000e (0x4401) x8  0x0000000000000000
core   0: 0x0000000080000010 (0x00004481) c.li    s1, 0
core   0: 3 0x0000000080000010 (0x4481) x9  0x0000000000000000
core   0: 0x0000000080000012 (0x00004501) c.li    a0, 0
core   0: 3 0x0000000080000012 (0x4501) x10 0x0000000000000000
core   0: 0x0000000080000014 (0x00004581) c.li    a1, 0
core   0: 3 0x0000000080000014 (0x4581) x11 0x0000000000000000
core   0: 0x0000000080000016 (0x00004601) c.li    a2, 0
core   0: 3 0x0000000080000016 (0x4601) x12 0x0000000000000000
core   0: 0x0000000080000018 (0x00004681) c.li    a3, 0
core   0: 3 0x0000000080000018 (0x4681) x13 0x0000000000000000
core   0: 0x000000008000001a (0x00004701) c.li    a4, 0
core   0: 3 0x000000008000001a (0x4701) x14 0x0000000000000000
core   0: 0x000000008000001c (0x00004781) c.li    a5, 0
core   0: 3 0x000000008000001c (0x4781) x15 0x0000000000000000
core   0: 0x000000008000001e (0x00004801) c.li    a6, 0
core   0: 3 0x000000008000001e (0x4801) x16 0x0000000000000000
core   0: 0x0000000080000020 (0x00004881) c.li    a7, 0
core   0: 3 0x0000000080000020 (0x4881) x17 0x0000000000000000
core   0: 0x0000000080000022 (0x00004901) c.li    s2, 0
core   0: 3 0x0000000080000022 (0x4901) x18 0x0000000000000000
core   0: 0x0000000080000024 (0x00004981) c.li    s3, 0
core   0: 3 0x0000000080000024 (0x4981) x19 0x0000000000000000
core   0: 0x0000000080000026 (0x00004a01) c.li    s4, 0
core   0: 3 0x0000000080000026 (0x4a01) x20 0x0000000000000000
core   0: 0x0000000080000028 (0x00004a81) c.li    s5, 0
core   0: 3 0x0000000080000028 (0x4a81) x21 0x0000000000000000
core   0: 0x000000008000002a (0x00004b01) c.li    s6, 0
core   0: 3 0x000000008000002a (0x4b01) x22 0x0000000000000000
core   0: 0x000000008000002c (0x00004b81) c.li    s7, 0
core   0: 3 0x000000008000002c (0x4b81) x23 0x0000000000000000
core   0: 0x000000008000002e (0x00004c01) c.li    s8, 0
core   0: 3 0x000000008000002e (0x4c01) x24 0x0000000000000000
core   0: 0x0000000080000030 (0x00004c81) c.li    s9, 0
core   0: 3 0x0000000080000030 (0x4c81) x25 0x0000000000000000
core   0: 0x0000000080000032 (0x00004d01) c.li    s10, 0
core   0: 3 0x0000000080000032 (0x4d01) x26 0x0000000000000000
core   0: 0x0000000080000034 (0x00004d81) c.li    s11, 0
core   0: 3 0x0000000080000034 (0x4d81) x27 0x0000000000000000
core   0: 0x0000000080000036 (0x00004e01) c.li    t3, 0
core   0: 3 0x0000000080000036 (0x4e01) x28 0x0000000000000000
core   0: 0x0000000080000038 (0x00004e81) c.li    t4, 0
core   0: 3 0x0000000080000038 (0x4e81) x29 0x0000000000000000
core   0: 0x000000008000003a (0x00004f01) c.li    t5, 0
core   0: 3 0x000000008000003a (0x4f01) x30 0x0000000000000000
core   0: 0x000000008000003c (0x00004f81) c.li    t6, 0
core   0: 3 0x000000008000003c (0x4f81) x31 0x0000000000000000
core   0: 0x000000008000003e (0x000062f9) c.lui   t0, 0x1e
core   0: 3 0x000000008000003e (0x62f9) x5  0x000000000001e000
core   0: 0x0000000080000040 (0x3002a073) csrrs   zero, mstatus, t0
core   0: 3 0x0000000080000040 (0x3002a073) c768_mstatus 0x8000000a00006000
core   0: 0x0000000080000044 (0x00004285) c.li    t0, 1
core   0: 3 0x0000000080000044 (0x4285) x5  0x0000000000000001
core   0: 0x0000000080000046 (0x000002fe) c.slli  t0, 31
core   0: 3 0x0000000080000046 (0x02fe) x5  0x0000000080000000
core   0: 0x0000000080000048 (0x0002d863) bge     t0, zero, pc + 16
core   0: 3 0x0000000080000048 (0x0002d863)
core   0: 0x0000000080000058 (0x00000297) auipc   t0, 0x0
core   0: 3 0x0000000080000058 (0x00000297) x5  0x0000000080000058
core   0: 0x000000008000005c (0x09028293) addi    t0, t0, 144
core   0: 3 0x000000008000005c (0x09028293) x5  0x00000000800000e8
core   0: 0x0000000080000060 (0x30529073) csrrw   zero, mtvec, t0
core   0: 3 0x0000000080000060 (0x30529073) c773_mtvec 0x00000000800000e8
core   0: 0x0000000080000064 (0x00301073) csrrw   zero, fcsr, zero
core   0: 3 0x0000000080000064 (0x00301073) c1_fflags 0x0000000000000000 c2_frm 0x0000000000000000
core   0: 0x0000000080000068 (0xf0000053) fmv.w.x ft0, zero
core   0: 3 0x0000000080000068 (0xf0000053) f0  0xffffffff00000000
core   0: 0x000000008000006c (0xf00000d3) fmv.w.x ft1, zero
core   0: 3 0x000000008000006c (0xf00000d3) f1  0xffffffff00000000
core   0: 0x0000000080000070 (0xf0000153) fmv.w.x ft2, zero
core   0: 3 0x0000000080000070 (0xf0000153) f2  0xffffffff00000000
core   0: 0x0000000080000074 (0xf00001d3) fmv.w.x ft3, zero
core   0: 3 0x0000000080000074 (0xf00001d3) f3  0xffffffff00000000
core   0: 0x0000000080000078 (0xf0000253) fmv.w.x ft4, zero
core   0: 3 0x0000000080000078 (0xf0000253) f4  0xffffffff00000000
core   0: 0x000000008000007c (0xf00002d3) fmv.w.x ft5, zero
core   0: 3 0x000000008000007c (0xf00002d3) f5  0xffffffff00000000
core   0: 0x0000000080000080 (0xf0000353) fmv.w.x ft6, zero
core   0: 3 0x0000000080000080 (0xf0000353) f6  0xffffffff00000000
core   0: 0x0000000080000084 (0xf00003d3) fmv.w.x ft7, zero
core   0: 3 0x0000000080000084 (0xf00003d3) f7  0xffffffff00000000
core   0: 0x0000000080000088 (0xf0000453) fmv.w.x fs0, zero
core   0: 3 0x0000000080000088 (0xf0000453) f8  0xffffffff00000000
core   0: 0x000000008000008c (0xf00004d3) fmv.w.x fs1, zero
core   0: 3 0x000000008000008c (0xf00004d3) f9  0xffffffff00000000
core   0: 0x0000000080000090 (0xf0000553) fmv.w.x fa0, zero
core   0: 3 0x0000000080000090 (0xf0000553) f10 0xffffffff00000000
core   0: 0x0000000080000094 (0xf00005d3) fmv.w.x fa1, zero
core   0: 3 0x0000000080000094 (0xf00005d3) f11 0xffffffff00000000
core   0: 0x0000000080000098 (0xf0000653) fmv.w.x fa2, zero
core   0: 3 0x0000000080000098 (0xf0000653) f12 0xffffffff00000000
core   0: 0x000000008000009c (0xf00006d3) fmv.w.x fa3, zero
core   0: 3 0x000000008000009c (0xf00006d3) f13 0xffffffff00000000
core   0: 0x00000000800000a0 (0xf0000753) fmv.w.x fa4, zero
core   0: 3 0x00000000800000a0 (0xf0000753) f14 0xffffffff00000000
core   0: 0x00000000800000a4 (0xf00007d3) fmv.w.x fa5, zero
core   0: 3 0x00000000800000a4 (0xf00007d3) f15 0xffffffff00000000
core   0: 0x00000000800000a8 (0xf0000853) fmv.w.x fa6, zero
core   0: 3 0x00000000800000a8 (0xf0000853) f16 0xffffffff00000000
core   0: 0x00000000800000ac (0xf00008d3) fmv.w.x fa7, zero
core   0: 3 0x00000000800000ac (0xf00008d3) f17 0xffffffff00000000
core   0: 0x00000000800000b0 (0xf0000953) fmv.w.x fs2, zero
core   0: 3 0x00000000800000b0 (0xf0000953) f18 0xffffffff00000000
core   0: 0x00000000800000b4 (0xf00009d3) fmv.w.x fs3, zero
core   0: 3 0x00000000800000b4 (0xf00009d3) f19 0xffffffff00000000
core   0: 0x00000000800000b8 (0xf0000a53) fmv.w.x fs4, zero
core   0: 3 0x00000000800000b8 (0xf0000a53) f20 0xffffffff00000000
core   0: 0x00000000800000bc (0xf0000ad3) fmv.w.x fs5, zero
core   0: 3 0x00000000800000bc (0xf0000ad3) f21 0xffffffff00000000
core   0: 0x00000000800000c0 (0xf0000b53) fmv.w.x fs6, zero
core   0: 3 0x00000000800000c0 (0xf0000b53) f22 0xffffffff00000000
core   0: 0x00000000800000c4 (0xf0000bd3) fmv.w.x fs7, zero
core   0: 3 0x00000000800000c4 (0xf0000bd3) f23 0xffffffff00000000
core   0: 0x00000000800000c8 (0xf0000c53) fmv.w.x fs8, zero
core   0: 3 0x00000000800000c8 (0xf0000c53) f24 0xffffffff00000000
core   0: 0x00000000800000cc (0xf0000cd3) fmv.w.x fs9, zero
core   0: 3 0x00000000800000cc (0xf0000cd3) f25 0xffffffff00000000
core   0: 0x00000000800000d0 (0xf0000d53) fmv.w.x fs10, zero
core   0: 3 0x00000000800000d0 (0xf0000d53) f26 0xffffffff00000000
core   0: 0x00000000800000d4 (0xf0000dd3) fmv.w.x fs11, zero
core   0: 3 0x00000000800000d4 (0xf0000dd3) f27 0xffffffff00000000
core   0: 0x00000000800000d8 (0xf0000e53) fmv.w.x ft8, zero
core   0: 3 0x00000000800000d8 (0xf0000e53) f28 0xffffffff00000000
core   0: 0x00000000800000dc (0xf0000ed3) fmv.w.x ft9, zero
core   0: 3 0x00000000800000dc (0xf0000ed3) f29 0xffffffff00000000
core   0: 0x00000000800000e0 (0xf0000f53) fmv.w.x ft10, zero
core   0: 3 0x00000000800000e0 (0xf0000f53) f30 0xffffffff00000000
core   0: 0x00000000800000e4 (0xf0000fd3) fmv.w.x ft11, zero
core   0: 3 0x00000000800000e4 (0xf0000fd3) f31 0xffffffff00000000
core   0: 0x00000000800000e8 (0x00000297) auipc   t0, 0x0
core   0: 3 0x00000000800000e8 (0x00000297) x5  0x00000000800000e8
core   0: 0x00000000800000ec (0x03c28293) addi    t0, t0, 60
core   0: 3 0x00000000800000ec (0x03c28293) x5  0x0000000080000124
core   0: 0x00000000800000f0 (0x30529073) csrrw   zero, mtvec, t0
core   0: 3 0x00000000800000f0 (0x30529073) c773_mtvec 0x0000000080000124
core   0: 0x00000000800000f4 (0x00012197) auipc   gp, 0x12
core   0: 3 0x00000000800000f4 (0x00012197) x3  0x00000000800120f4
core   0: 0x00000000800000f8 (0x73418193) addi    gp, gp, 1844
core   0: 3 0x00000000800000f8 (0x73418193) x3  0x0000000080012828
core   0: 0x00000000800000fc (0x00012217) auipc   tp, 0x12
core   0: 3 0x00000000800000fc (0x00012217) x4  0x00000000800120fc
core   0: 0x0000000080000100 (0xf8320213) addi    tp, tp, -125
core   0: 3 0x0000000080000100 (0xf8320213) x4  0x000000008001207f
core   0: 0x0000000080000104 (0xfc027213) andi    tp, tp, -64
core   0: 3 0x0000000080000104 (0xfc027213) x4  0x0000000080012040
core   0: 0x0000000080000108 (0xf1402573) csrrs   a0, mhartid, zero
core   0: 3 0x0000000080000108 (0xf1402573) x10 0x0000000000000000
core   0: 0x000000008000010c (0x00004585) c.li    a1, 1
core   0: 3 0x000000008000010c (0x4585) x11 0x0000000000000001
core   0: 0x000000008000010e (0x00b57063) bgeu    a0, a1, pc + 0
core   0: 3 0x000000008000010e (0x00b57063)
core   0: 0x0000000080000112 (0x00150113) addi    sp, a0, 1
core   0: 3 0x0000000080000112 (0x00150113) x2  0x0000000000000001
core   0: 0x0000000080000116 (0x00000146) c.slli  sp, 17
core   0: 3 0x0000000080000116 (0x0146) x2  0x0000000000020000
core   0: 0x0000000080000118 (0x00009112) c.add   sp, tp
core   0: 3 0x0000000080000118 (0x9112) x2  0x0000000080032040
core   0: 0x000000008000011a (0x01151613) slli    a2, a0, 17
core   0: 3 0x000000008000011a (0x01151613) x12 0x0000000000000000
core   0: 0x000000008000011e (0x00009232) c.add   tp, a2
core   0: 3 0x000000008000011e (0x9232) x4  0x0000000080012040
core   0: 0x0000000080000120 (0x4280f06f) j       pc + 0xf428
core   0: 3 0x0000000080000120 (0x4280f06f)
core   0: >>>>  _init
core   0: 0x000000008000f548 (0x00007171) c.addi16sp sp, -176
core   0: 3 0x000000008000f548 (0x7171) x2  0x0000000080031f90
core   0: 0x000000008000f54a (0x0000f506) c.sdsp  ra, 168(sp)
core   0: 3 0x000000008000f54a (0xf506) mem 0x0000000080032038 0x0000000000000000
core   0: 0x000000008000f54c (0x0000f122) c.sdsp  s0, 160(sp)
core   0: 3 0x000000008000f54c (0xf122) mem 0x0000000080032030 0x0000000000000000
core   0: 0x000000008000f54e (0x0000ed26) c.sdsp  s1, 152(sp)
core   0: 3 0x000000008000f54e (0xed26) mem 0x0000000080032028 0x0000000000000000
core   0: 0x000000008000f550 (0x00001900) c.addi4spn s0, sp, 176
core   0: 3 0x000000008000f550 (0x1900) x8  0x0000000080032040
core   0: 0x000000008000f552 (0x000087aa) c.mv    a5, a0
core   0: 3 0x000000008000f552 (0x87aa) x15 0x0000000000000000
core   0: 0x000000008000f554 (0x0000872e) c.mv    a4, a1
core   0: 3 0x000000008000f554 (0x872e) x14 0x0000000000000001
core   0: 0x000000008000f556 (0xf4f42e23) sw      a5, -164(s0)
core   0: 3 0x000000008000f556 (0xf4f42e23) mem 0x0000000080031f9c 0x00000000
core   0: 0x000000008000f55a (0x000087ba) c.mv    a5, a4
core   0: 3 0x000000008000f55a (0x87ba) x15 0x0000000000000001
core   0: 0x000000008000f55c (0xf4f42c23) sw      a5, -168(s0)
core   0: 3 0x000000008000f55c (0xf4f42c23) mem 0x0000000080031f98 0x00000001
core   0: 0x000000008000f560 (0xfe040793) addi    a5, s0, -32
core   0: 3 0x000000008000f560 (0xfe040793) x15 0x0000000080032020
core   0: 0x000000008000f564 (0xf4f43823) sd      a5, -176(s0)
core   0: 3 0x000000008000f564 (0xf4f43823) mem 0x0000000080031f90 0x0000000080032020
core   0: 0x000000008000f568 (0xf5043783) ld      a5, -176(s0)
core   0: 3 0x000000008000f568 (0xf5043783) x15 0x0000000080032020 mem 0x0000000080031f90
core   0: 0x000000008000f56c (0xf8078793) addi    a5, a5, -128
core   0: 3 0x000000008000f56c (0xf8078793) x15 0x0000000080031fa0
core   0: 0x000000008000f570 (0x03f78793) addi    a5, a5, 63
core   0: 3 0x000000008000f570 (0x03f78793) x15 0x0000000080031fdf
core   0: 0x000000008000f574 (0x00008399) c.srli  a5, 6
core   0: 3 0x000000008000f574 (0x8399) x15 0x0000000002000c7f
core   0: 0x000000008000f576 (0x00679493) slli    s1, a5, 6
core   0: 3 0x000000008000f576 (0x00679493) x9  0x0000000080031fc0
core   0: 0x000000008000f57a (0xf65ff0ef) jal     pc - 0x9c
core   0: 3 0x000000008000f57a (0xf65ff0ef) x1  0x000000008000f57e
core   0: >>>>  init_tls
core   0: 0x000000008000f4de (0x00001101) c.addi  sp, -32
core   0: 3 0x000000008000f4de (0x1101) x2  0x0000000080031f70
core   0: 0x000000008000f4e0 (0x0000ec06) c.sdsp  ra, 24(sp)
core   0: 3 0x000000008000f4e0 (0xec06) mem 0x0000000080031f88 0x000000008000f57e
core   0: 0x000000008000f4e2 (0x0000e822) c.sdsp  s0, 16(sp)
core   0: 3 0x000000008000f4e2 (0xe822) mem 0x0000000080031f80 0x0000000080032040
core   0: 0x000000008000f4e4 (0x00001000) c.addi4spn s0, sp, 32
core   0: 3 0x000000008000f4e4 (0x1000) x8  0x0000000080031f90
core   0: 0x000000008000f4e6 (0x00003717) auipc   a4, 0x3
core   0: 3 0x000000008000f4e6 (0x00003717) x14 0x00000000800124e6
core   0: 0x000000008000f4ea (0xb4270713) addi    a4, a4, -1214
core   0: 3 0x000000008000f4ea (0xb4270713) x14 0x0000000080012028
core   0: 0x000000008000f4ee (0x00003797) auipc   a5, 0x3
core   0: 3 0x000000008000f4ee (0x00003797) x15 0x00000000800124ee
core   0: 0x000000008000f4f2 (0xb3a78793) addi    a5, a5, -1222
core   0: 3 0x000000008000f4f2 (0xb3a78793) x15 0x0000000080012028
core   0: 0x000000008000f4f6 (0x40f707b3) sub     a5, a4, a5
core   0: 3 0x000000008000f4f6 (0x40f707b3) x15 0x0000000000000000
core   0: 0x000000008000f4fa (0xfef43423) sd      a5, -24(s0)
core   0: 3 0x000000008000f4fa (0xfef43423) mem 0x0000000080031f78 0x0000000000000000
core   0: 0x000000008000f4fe (0x00008792) c.mv    a5, tp
core   0: 3 0x000000008000f4fe (0x8792) x15 0x0000000080012040
core   0: 0x000000008000f500 (0xfe843603) ld      a2, -24(s0)
core   0: 3 0x000000008000f500 (0xfe843603) x12 0x0000000000000000 mem 0x0000000080031f78
core   0: 0x000000008000f504 (0x00003597) auipc   a1, 0x3
core   0: 3 0x000000008000f504 (0x00003597) x11 0x0000000080012504
core   0: 0x000000008000f508 (0xb2458593) addi    a1, a1, -1244
core   0: 3 0x000000008000f508 (0xb2458593) x11 0x0000000080012028
core   0: 0x000000008000f50c (0x0000853e) c.mv    a0, a5
core   0: 3 0x000000008000f50c (0x853e) x10 0x0000000080012040
core   0: 0x000000008000f50e (0x0f9000ef) jal     pc + 0x8f8
core   0: 3 0x000000008000f50e (0x0f9000ef) x1  0x000000008000f512
core   0: >>>>  memcpy
core   0: 0x000000008000fe06 (0x0000715d) c.addi16sp sp, -80
core   0: 3 0x000000008000fe06 (0x715d) x2  0x0000000080031f20
core   0: 0x000000008000fe08 (0x0000e4a2) c.sdsp  s0, 72(sp)
core   0: 3 0x000000008000fe08 (0xe4a2) mem 0x0000000080031f68 0x0000000080031f90
core   0: 0x000000008000fe0a (0x00000880) c.addi4spn s0, sp, 80
core   0: 3 0x000000008000fe0a (0x0880) x8  0x0000000080031f70
core   0: 0x000000008000fe0c (0xfca43423) sd      a0, -56(s0)
core   0: 3 0x000000008000fe0c (0xfca43423) mem 0x0000000080031f38 0x0000000080012040
core   0: 0x000000008000fe10 (0xfcb43023) sd      a1, -64(s0)
core   0: 3 0x000000008000fe10 (0xfcb43023) mem 0x0000000080031f30 0x0000000080012028
core   0: 0x000000008000fe14 (0xfac43c23) sd      a2, -72(s0)
core   0: 3 0x000000008000fe14 (0xfac43c23) mem 0x0000000080031f28 0x0000000000000000
core   0: 0x000000008000fe18 (0xfc843703) ld      a4, -56(s0)
core   0: 3 0x000000008000fe18 (0xfc843703) x14 0x0000000080012040 mem 0x0000000080031f38
core   0: 0x000000008000fe1c (0xfc043783) ld      a5, -64(s0)
core   0: 3 0x000000008000fe1c (0xfc043783) x15 0x0000000080012028 mem 0x0000000080031f30
core   0: 0x000000008000fe20 (0x00008f5d) c.or    a4, a5
core   0: 3 0x000000008000fe20 (0x8f5d) x14 0x0000000080012068
core   0: 0x000000008000fe22 (0xfb843783) ld      a5, -72(s0)
core   0: 3 0x000000008000fe22 (0xfb843783) x15 0x0000000000000000 mem 0x0000000080031f28
core   0: 0x000000008000fe26 (0x00008fd9) c.or    a5, a4
core   0: 3 0x000000008000fe26 (0x8fd9) x15 0x0000000080012068
core   0: 0x000000008000fe28 (0x00008b9d) c.andi  a5, 7
core   0: 3 0x000000008000fe28 (0x8b9d) x15 0x0000000000000000
core   0: 0x000000008000fe2a (0x0000e3b1) c.bnez  a5, pc + 68
core   0: 3 0x000000008000fe2a (0xe3b1)
core   0: 0x000000008000fe2c (0xfc043783) ld      a5, -64(s0)
core   0: 3 0x000000008000fe2c (0xfc043783) x15 0x0000000080012028 mem 0x0000000080031f30
core   0: 0x000000008000fe30 (0xfef43423) sd      a5, -24(s0)
core   0: 3 0x000000008000fe30 (0xfef43423) mem 0x0000000080031f58 0x0000000080012028
core   0: 0x000000008000fe34 (0xfc843783) ld      a5, -56(s0)
core   0: 3 0x000000008000fe34 (0xfc843783) x15 0x0000000080012040 mem 0x0000000080031f38
core   0: 0x000000008000fe38 (0xfef43023) sd      a5, -32(s0)
core   0: 3 0x000000008000fe38 (0xfef43023) mem 0x0000000080031f50 0x0000000080012040
core   0: 0x000000008000fe3c (0x0000a839) c.j     pc + 30
core   0: 3 0x000000008000fe3c (0xa839)
core   0: 0x000000008000fe5a (0xfc843703) ld      a4, -56(s0)
core   0: 3 0x000000008000fe5a (0xfc843703) x14 0x0000000080012040 mem 0x0000000080031f38
core   0: 0x000000008000fe5e (0xfb843783) ld      a5, -72(s0)
core   0: 3 0x000000008000fe5e (0xfb843783) x15 0x0000000000000000 mem 0x0000000080031f28
core   0: 0x000000008000fe62 (0x000097ba) c.add   a5, a4
core   0: 3 0x000000008000fe62 (0x97ba) x15 0x0000000080012040
core   0: 0x000000008000fe64 (0xfe043703) ld      a4, -32(s0)
core   0: 3 0x000000008000fe64 (0xfe043703) x14 0x0000000080012040 mem 0x0000000080031f50
core   0: 0x000000008000fe68 (0xfcf76be3) bltu    a4, a5, pc - 42
core   0: 3 0x000000008000fe68 (0xfcf76be3)
core   0: 0x000000008000fe6c (0x0000a099) c.j     pc + 70
core   0: 3 0x000000008000fe6c (0xa099)
core   0: 0x000000008000feb2 (0xfc843783) ld      a5, -56(s0)
core   0: 3 0x000000008000feb2 (0xfc843783) x15 0x0000000080012040 mem 0x0000000080031f38
core   0: 0x000000008000feb6 (0x0000853e) c.mv    a0, a5
core   0: 3 0x000000008000feb6 (0x853e) x10 0x0000000080012040
core   0: 0x000000008000feb8 (0x00006426) c.ldsp  s0, 72(sp)
core   0: 3 0x000000008000feb8 (0x6426) x8  0x0000000080031f90 mem 0x0000000080031f68
core   0: 0x000000008000feba (0x00006161) c.addi16sp sp, 80
core   0: 3 0x000000008000feba (0x6161) x2  0x0000000080031f70
core   0: 0x000000008000febc (0x00008082) ret
core   0: 3 0x000000008000febc (0x8082)
core   0: 0x000000008000f512 (0x00003717) auipc   a4, 0x3
core   0: 3 0x000000008000f512 (0x00003717) x14 0x0000000080012512
core   0: 0x000000008000f516 (0xbb270713) addi    a4, a4, -1102
core   0: 3 0x000000008000f516 (0xbb270713) x14 0x00000000800120c4
core   0: 0x000000008000f51a (0x00003797) auipc   a5, 0x3
core   0: 3 0x000000008000f51a (0x00003797) x15 0x000000008001251a
core   0: 0x000000008000f51e (0xb0e78793) addi    a5, a5, -1266
core   0: 3 0x000000008000f51e (0xb0e78793) x15 0x0000000080012028
core   0: 0x000000008000f522 (0x40f707b3) sub     a5, a4, a5
core   0: 3 0x000000008000f522 (0x40f707b3) x15 0x000000000000009c
core   0: 0x000000008000f526 (0xfef43023) sd      a5, -32(s0)
core   0: 3 0x000000008000f526 (0xfef43023) mem 0x0000000080031f70 0x000000000000009c
core   0: 0x000000008000f52a (0x00008712) c.mv    a4, tp
core   0: 3 0x000000008000f52a (0x8712) x14 0x0000000080012040
core   0: 0x000000008000f52c (0xfe843783) ld      a5, -24(s0)
core   0: 3 0x000000008000f52c (0xfe843783) x15 0x0000000000000000 mem 0x0000000080031f78
core   0: 0x000000008000f530 (0x000097ba) c.add   a5, a4
core   0: 3 0x000000008000f530 (0x97ba) x15 0x0000000080012040
core   0: 0x000000008000f532 (0xfe043603) ld      a2, -32(s0)
core   0: 3 0x000000008000f532 (0xfe043603) x12 0x000000000000009c mem 0x0000000080031f70
core   0: 0x000000008000f536 (0x00004581) c.li    a1, 0
core   0: 3 0x000000008000f536 (0x4581) x11 0x0000000000000000
core   0: 0x000000008000f538 (0x0000853e) c.mv    a0, a5
core   0: 3 0x000000008000f538 (0x853e) x10 0x0000000080012040
core   0: 0x000000008000f53a (0x185000ef) jal     pc + 0x984
core   0: 3 0x000000008000f53a (0x185000ef) x1  0x000000008000f53e
core   0: >>>>  memset
core   0: 0x000000008000febe (0x0000715d) c.addi16sp sp, -80
core   0: 3 0x000000008000febe (0x715d) x2  0x0000000080031f20
core   0: 0x000000008000fec0 (0x0000e4a2) c.sdsp  s0, 72(sp)
core   0: 3 0x000000008000fec0 (0xe4a2) mem 0x0000000080031f68 0x0000000080031f90
core   0: 0x000000008000fec2 (0x00000880) c.addi4spn s0, sp, 80
core   0: 3 0x000000008000fec2 (0x0880) x8  0x0000000080031f70
core   0: 0x000000008000fec4 (0xfca43423) sd      a0, -56(s0)
core   0: 3 0x000000008000fec4 (0xfca43423) mem 0x0000000080031f38 0x0000000080012040
core   0: 0x000000008000fec8 (0x000087ae) c.mv    a5, a1
core   0: 3 0x000000008000fec8 (0x87ae) x15 0x0000000000000000
core   0: 0x000000008000feca (0xfac43c23) sd      a2, -72(s0)
core   0: 3 0x000000008000feca (0xfac43c23) mem 0x0000000080031f28 0x000000000000009c
core   0: 0x000000008000fece (0xfcf42223) sw      a5, -60(s0)
core   0: 3 0x000000008000fece (0xfcf42223) mem 0x0000000080031f34 0x00000000
core   0: 0x000000008000fed2 (0xfc843703) ld      a4, -56(s0)
core   0: 3 0x000000008000fed2 (0xfc843703) x14 0x0000000080012040 mem 0x0000000080031f38
core   0: 0x000000008000fed6 (0xfb843783) ld      a5, -72(s0)
core   0: 3 0x000000008000fed6 (0xfb843783) x15 0x000000000000009c mem 0x0000000080031f28
core   0: 0x000000008000feda (0x00008fd9) c.or    a5, a4
core   0: 3 0x000000008000feda (0x8fd9) x15 0x00000000800120dc
core   0: 0x000000008000fedc (0x00008b9d) c.andi  a5, 7
core   0: 3 0x000000008000fedc (0x8b9d) x15 0x0000000000000004
core   0: 0x000000008000fede (0x0000e7bd) c.bnez  a5, pc + 110
core   0: 3 0x000000008000fede (0xe7bd)
core   0: 0x000000008000ff4c (0xfc843783) ld      a5, -56(s0)
core   0: 3 0x000000008000ff4c (0xfc843783) x15 0x0000000080012040 mem 0x0000000080031f38
core   0: 0x000000008000ff50 (0xfef43023) sd      a5, -32(s0)
core   0: 3 0x000000008000ff50 (0xfef43023) mem 0x0000000080031f50 0x0000000080012040
core   0: 0x000000008000ff54 (0x0000a829) c.j     pc + 26
core   0: 3 0x000000008000ff54 (0xa829)
core   0: 0x000000008000ff6e (0xfc843703) ld      a4, -56(s0)
core   0: 3 0x000000008000ff6e (0xfc843703) x14 0x0000000080012040 mem 0x0000000080031f38
core   0: 0x000000008000ff72 (0xfb843783) ld      a5, -72(s0)
core   0: 3 0x000000008000ff72 (0xfb843783) x15 0x000000000000009c mem 0x0000000080031f28
core   0: 0x000000008000ff76 (0x000097ba) c.add   a5, a4
core   0: 3 0x000000008000ff76 (0x97ba) x15 0x00000000800120dc
core   0: 0x000000008000ff78 (0xfe043703) ld      a4, -32(s0)
core   0: 3 0x000000008000ff78 (0xfe043703) x14 0x0000000080012040 mem 0x0000000080031f50
core   0: 0x000000008000ff7c (0xfcf76de3) bltu    a4, a5, pc - 38
core   0: 3 0x000000008000ff7c (0xfcf76de3)
core   0: 0x000000008000ff56 (0xfe043783) ld      a5, -32(s0)
core   0: 3 0x000000008000ff56 (0xfe043783) x15 0x0000000080012040 mem 0x0000000080031f50
core   0: 0x000000008000ff5a (0x00178713) addi    a4, a5, 1
core   0: 3 0x000000008000ff5a (0x00178713) x14 0x0000000080012041
core   0: 0x000000008000ff5e (0xfee43023) sd      a4, -32(s0)
core   0: 3 0x000000008000ff5e (0xfee43023) mem 0x0000000080031f50 0x0000000080012041
core   0: 0x000000008000ff62 (0xfc442703) lw      a4, -60(s0)
core   0: 3 0x000000008000ff62 (0xfc442703) x14 0x0000000000000000 mem 0x0000000080031f34
core   0: 0x000000008000ff66 (0x0ff77713) andi    a4, a4, 255
core   0: 3 0x000000008000ff66 (0x0ff77713) x14 0x0000000000000000
core   0: 0x000000008000ff6a (0x00e78023) sb      a4, 0(a5)
core   0: 3 0x000000008000ff6a (0x00e78023) mem 0x0000000080012040 0x00
core   0: 0x000000008000ff6e (0xfc843703) ld      a4, -56(s0)
core   0: 3 0x000000008000ff6e (0xfc843703) x14 0x0000000080012040 mem 0x0000000080031f38
core   0: 0x000000008000ff72 (0xfb843783) ld      a5, -72(s0)
core   0: 3 0x000000008000ff72 (0xfb843783) x15 0x000000000000009c mem 0x0000000080031f28
core   0: 0x000000008000ff76 (0x000097ba) c.add   a5, a4
core   0: 3 0x000000008000ff76 (0x97ba) x15 0x00000000800120dc
core   0: 0x000000008000ff78 (0xfe043703) ld      a4, -32(s0)
core   0: 3 0x000000008000ff78 (0xfe043703) x14 0x0000000080012041 mem 0x0000000080031f50
core   0: 0x000000008000ff7c (0xfcf76de3) bltu    a4, a5, pc - 38
core   0: 3 0x000000008000ff7c (0xfcf76de3)
core   0: 0x000000008000ff56 (0xfe043783) ld      a5, -32(s0)
core   0: 3 0x000000008000ff56 (0xfe043783) x15 0x0000000080012041 mem 0x0000000080031f50
core   0: 0x000000008000ff5a (0x00178713) addi    a4, a5, 1
core   0: 3 0x000000008000ff5a (0x00178713) x14 0x0000000080012042
core   0: 0x000000008000ff5e (0xfee43023) sd      a4, -32(s0)
core   0: 3 0x000000008000ff5e (0xfee43023) mem 0x0000000080031f50 0x0000000080012042
core   0: 0x000000008000ff62 (0xfc442703) lw      a4, -60(s0)
core   0: 3 0x000000008000ff62 (0xfc442703) x14 0x0000000000000000 mem 0x0000000080031f34
core   0: 0x000000008000ff66 (0x0ff77713) andi    a4, a4, 255
core   0: 3 0x000000008000ff66 (0x0ff77713) x14 0x0000000000000000
core   0: 0x000000008000ff6a (0x00e78023) sb      a4, 0(a5)
core   0: 3 0x000000008000ff6a (0x00e78023) mem 0x0000000080012041 0x00
core   0: 0x000000008000ff6e (0xfc843703) ld      a4, -56(s0)
core   0: 3 0x000000008000ff6e (0xfc843703) x14 0x0000000080012040 mem 0x0000000080031f38
core   0: 0x000000008000ff72 (0xfb843783) ld      a5, -72(s0)
core   0: 3 0x000000008000ff72 (0xfb843783) x15 0x000000000000009c mem 0x0000000080031f28
core   0: 0x000000008000ff76 (0x000097ba) c.add   a5, a4
core   0: 3 0x000000008000ff76 (0x97ba) x15 0x00000000800120dc
core   0: 0x000000008000ff78 (0xfe043703) ld      a4, -32(s0)
core   0: 3 0x000000008000ff78 (0xfe043703) x14 0x0000000080012042 mem 0x0000000080031f50
core   0: 0x000000008000ff7c (0xfcf76de3) bltu    a4, a5, pc - 38
core   0: 3 0x000000008000ff7c (0xfcf76de3)
core   0: 0x000000008000ff56 (0xfe043783) ld      a5, -32(s0)
core   0: 3 0x000000008000ff56 (0xfe043783) x15 0x0000000080012042 mem 0x0000000080031f50
core   0: 0x000000008000ff5a (0x00178713) addi    a4, a5, 1
core   0: 3 0x000000008000ff5a (0x00178713) x14 0x0000000080012043
core   0: 0x000000008000ff5e (0xfee43023) sd      a4, -32(s0)
core   0: 3 0x000000008000ff5e (0xfee43023) mem 0x0000000080031f50 0x0000000080012043
core   0: 0x000000008000ff62 (0xfc442703) lw      a4, -60(s0)
core   0: 3 0x000000008000ff62 (0xfc442703) x14 0x0000000000000000 mem 0x0000000080031f34
core   0: 0x000000008000ff66 (0x0ff77713) andi    a4, a4, 255
core   0: 3 0x000000008000ff66 (0x0ff77713) x14 0x0000000000000000
core   0: 0x000000008000ff6a (0x00e78023) sb      a4, 0(a5)
core   0: 3 0x000000008000ff6a (0x00e78023) mem 0x0000000080012042 0x00
core   0: 0x000000008000ff6e (0xfc843703) ld      a4, -56(s0)
core   0: 3 0x000000008000ff6e (0xfc843703) x14 0x0000000080012040 mem 0x0000000080031f38
core   0: 0x000000008000ff72 (0xfb843783) ld      a5, -72(s0)
core   0: 3 0x000000008000ff72 (0xfb843783) x15 0x000000000000009c mem 0x0000000080031f28
core   0: 0x000000008000ff76 (0x000097ba) c.add   a5, a4
core   0: 3 0x000000008000ff76 (0x97ba) x15 0x00000000800120dc
core   0: 0x000000008000ff78 (0xfe043703) ld      a4, -32(s0)
core   0: 3 0x000000008000ff78 (0xfe043703) x14 0x0000000080012043 mem 0x0000000080031f50
core   0: 0x000000008000ff7c (0xfcf76de3) bltu    a4, a5, pc - 38
core   0: 3 0x000000008000ff7c (0xfcf76de3)
core   0: 0x000000008000ff56 (0xfe043783) ld      a5, -32(s0)
core   0: 3 0x000000008000ff56 (0xfe043783) x15 0x0000000080012043 mem 0x0000000080031f50
core   0: 0x000000008000ff5a (0x00178713) addi    a4, a5, 1
core   0: 3 0x000000008000ff5a (0x00178713) x14 0x0000000080012044
core   0: 0x000000008000ff5e (0xfee43023) sd      a4, -32(s0)
core   0: 3 0x000000008000ff5e (0xfee43023) mem 0x0000000080031f50 0x0000000080012044
core   0: 0x000000008000ff62 (0xfc442703) lw      a4, -60(s0)
core   0: 3 0x000000008000ff62 (0xfc442703) x14 0x0000000000000000 mem 0x0000000080031f34
core   0: 0x000000008000ff66 (0x0ff77713) andi    a4, a4, 255
core   0: 3 0x000000008000ff66 (0x0ff77713) x14 0x0000000000000000
core   0: 0x000000008000ff6a (0x00e78023) sb      a4, 0(a5)
core   0: 3 0x000000008000ff6a (0x00e78023) mem 0x0000000080012043 0x00
core   0: 0x000000008000ff6e (0xfc843703) ld      a4, -56(s0)
core   0: 3 0x000000008000ff6e (0xfc843703) x14 0x0000000080012040 mem 0x0000000080031f38
core   0: 0x000000008000ff72 (0xfb843783) ld      a5, -72(s0)
core   0: 3 0x000000008000ff72 (0xfb843783) x15 0x000000000000009c mem 0x0000000080031f28
core   0: 0x000000008000ff76 (0x000097ba) c.add   a5, a4
core   0: 3 0x000000008000ff76 (0x97ba) x15 0x00000000800120dc
core   0: 0x000000008000ff78 (0xfe043703) ld      a4, -32(s0)
core   0: 3 0x000000008000ff78 (0xfe043703) x14 0x0000000080012044 mem 0x0000000080031f50
core   0: 0x000000008000ff7c (0xfcf76de3) bltu    a4, a5, pc - 38
core   0: 3 0x000000008000ff7c (0xfcf76de3)
core   0: 0x000000008000ff56 (0xfe043783) ld      a5, -32(s0)
core   0: 3 0x000000008000ff56 (0xfe043783) x15 0x0000000080012044 mem 0x0000000080031f50
core   0: 0x000000008000ff5a (0x00178713) addi    a4, a5, 1
core   0: 3 0x000000008000ff5a (0x00178713) x14 0x0000000080012045
core   0: 0x000000008000ff5e (0xfee43023) sd      a4, -32(s0)
core   0: 3 0x000000008000ff5e (0xfee43023) mem 0x0000000080031f50 0x0000000080012045
core   0: 0x000000008000ff62 (0xfc442703) lw      a4, -60(s0)
core   0: 3 0x000000008000ff62 (0xfc442703) x14 0x0000000000000000 mem 0x0000000080031f34
core   0: 0x000000008000ff66 (0x0ff77713) andi    a4, a4, 255
core   0: 3 0x000000008000ff66 (0x0ff77713) x14 0x0000000000000000
core   0: 0x000000008000ff6a (0x00e78023) sb      a4, 0(a5)
core   0: 3 0x000000008000ff6a (0x00e78023) mem 0x0000000080012044 0x00
core   0: 0x000000008000ff6e (0xfc843703) ld      a4, -56(s0)
core   0: 3 0x000000008000ff6e (0xfc843703) x14 0x0000000080012040 mem 0x0000000080031f38
core   0: 0x000000008000ff72 (0xfb843783) ld      a5, -72(s0)
core   0: 3 0x000000008000ff72 (0xfb843783) x15 0x000000000000009c mem 0x0000000080031f28
core   0: 0x000000008000ff76 (0x000097ba) c.add   a5, a4
core   0: 3 0x000000008000ff76 (0x97ba) x15 0x00000000800120dc
core   0: 0x000000008000ff78 (0xfe043703) ld      a4, -32(s0)
core   0: 3 0x000000008000ff78 (0xfe043703) x14 0x0000000080012045 mem 0x0000000080031f50
core   0: 0x000000008000ff7c (0xfcf76de3) bltu    a4, a5, pc - 38
core   0: 3 0x000000008000ff7c (0xfcf76de3)
core   0: 0x000000008000ff56 (0xfe043783) ld      a5, -32(s0)
core   0: 3 0x000000008000ff56 (0xfe043783) x15 0x0000000080012045 mem 0x0000000080031f50
core   0: 0x000000008000ff5a (0x00178713) addi    a4, a5, 1
core   0: 3 0x000000008000ff5a (0x00178713) x14 0x0000000080012046
core   0: 0x000000008000ff5e (0xfee43023) sd      a4, -32(s0)
core   0: 3 0x000000008000ff5e (0xfee43023) mem 0x0000000080031f50 0x0000000080012046
core   0: 0x000000008000ff62 (0xfc442703) lw      a4, -60(s0)
core   0: 3 0x000000008000ff62 (0xfc442703) x14 0x0000000000000000 mem 0x0000000080031f34
core   0: 0x000000008000ff66 (0x0ff77713) andi    a4, a4, 255
core   0: 3 0x000000008000ff66 (0x0ff77713) x14 0x0000000000000000
core   0: 0x000000008000ff6a (0x00e78023) sb      a4, 0(a5)
core   0: 3 0x000000008000ff6a (0x00e78023) mem 0x0000000080012045 0x00
core   0: 0x000000008000ff6e (0xfc843703) ld      a4, -56(s0)
core   0: 3 0x000000008000ff6e (0xfc843703) x14 0x0000000080012040 mem 0x0000000080031f38
core   0: 0x000000008000ff72 (0xfb843783) ld      a5, -72(s0)
core   0: 3 0x000000008000ff72 (0xfb843783) x15 0x000000000000009c mem 0x0000000080031f28
core   0: 0x000000008000ff76 (0x000097ba) c.add   a5, a4
core   0: 3 0x000000008000ff76 (0x97ba) x15 0x00000000800120dc
core   0: 0x000000008000ff78 (0xfe043703) ld      a4, -32(s0)
core   0: 3 0x000000008000ff78 (0xfe043703) x14 0x0000000080012046 mem 0x0000000080031f50
core   0: 0x000000008000ff7c (0xfcf76de3) bltu    a4, a5, pc - 38
core   0: 3 0x000000008000ff7c (0xfcf76de3)
core   0: 0x000000008000ff56 (0xfe043783) ld      a5, -32(s0)
core   0: 3 0x000000008000ff56 (0xfe043783) x15 0x0000000080012046 mem 0x0000000080031f50
core   0: 0x000000008000ff5a (0x00178713) addi    a4, a5, 1
core   0: 3 0x000000008000ff5a (0x00178713) x14 0x0000000080012047
core   0: 0x000000008000ff5e (0xfee43023) sd      a4, -32(s0)
core   0: 3 0x000000008000ff5e (0xfee43023) mem 0x0000000080031f50 0x0000000080012047
core   0: 0x000000008000ff62 (0xfc442703) lw      a4, -60(s0)
core   0: 3 0x000000008000ff62 (0xfc442703) x14 0x0000000000000000 mem 0x0000000080031f34
core   0: 0x000000008000ff66 (0x0ff77713) andi    a4, a4, 255
core   0: 3 0x000000008000ff66 (0x0ff77713) x14 0x0000000000000000
core   0: 0x000000008000ff6a (0x00e78023) sb      a4, 0(a5)
core   0: 3 0x000000008000ff6a (0x00e78023) mem 0x0000000080012046 0x00
core   0: 0x000000008000ff6e (0xfc843703) ld      a4, -56(s0)
core   0: 3 0x000000008000ff6e (0xfc843703) x14 0x0000000080012040 mem 0x0000000080031f38
core   0: 0x000000008000ff72 (0xfb843783) ld      a5, -72(s0)
core   0: 3 0x000000008000ff72 (0xfb843783) x15 0x000000000000009c mem 0x0000000080031f28
core   0: 0x000000008000ff76 (0x000097ba) c.add   a5, a4
core   0: 3 0x000000008000ff76 (0x97ba) x15 0x00000000800120dc
core   0: 0x000000008000ff78 (0xfe043703) ld      a4, -32(s0)
core   0: 3 0x000000008000ff78 (0xfe043703) x14 0x0000000080012047 mem 0x0000000080031f50
core   0: 0x000000008000ff7c (0xfcf76de3) bltu    a4, a5, pc - 38
core   0: 3 0x000000008000ff7c (0xfcf76de3)
core   0: 0x000000008000ff56 (0xfe043783) ld      a5, -32(s0)
core   0: 3 0x000000008000ff56 (0xfe043783) x15 0x0000000080012047 mem 0x0000000080031f50
core   0: 0x000000008000ff5a (0x00178713) addi    a4, a5, 1
core   0: 3 0x000000008000ff5a (0x00178713) x14 0x0000000080012048
core   0: 0x000000008000ff5e (0xfee43023) sd      a4, -32(s0)
core   0: 3 0x000000008000ff5e (0xfee43023) mem 0x0000000080031f50 0x0000000080012048
core   0: 0x000000008000ff62 (0xfc442703) lw      a4, -60(s0)
core   0: 3 0x000000008000ff62 (0xfc442703) x14 0x0000000000000000 mem 0x0000000080031f34
core   0: 0x000000008000ff66 (0x0ff77713) andi    a4, a4, 255
core   0: 3 0x000000008000ff66 (0x0ff77713) x14 0x0000000000000000
core   0: 0x000000008000ff6a (0x00e78023) sb      a4, 0(a5)
core   0: 3 0x000000008000ff6a (0x00e78023) mem 0x0000000080012047 0x00
core   0: 0x000000008000ff6e (0xfc843703) ld      a4, -56(s0)
core   0: 3 0x000000008000ff6e (0xfc843703) x14 0x0000000080012040 mem 0x0000000080031f38
core   0: 0x000000008000ff72 (0xfb843783) ld      a5, -72(s0)
core   0: 3 0x000000008000ff72 (0xfb843783) x15 0x000000000000009c mem 0x0000000080031f28
core   0: 0x000000008000ff76 (0x000097ba) c.add   a5, a4
core   0: 3 0x000000008000ff76 (0x97ba) x15 0x00000000800120dc
core   0: 0x000000008000ff78 (0xfe043703) ld      a4, -32(s0)
core   0: 3 0x000000008000ff78 (0xfe043703) x14 0x0000000080012048 mem 0x0000000080031f50
core   0: 0x000000008000ff7c (0xfcf76de3) bltu    a4, a5, pc - 38
core   0: 3 0x000000008000ff7c (0xfcf76de3)
core   0: 0x000000008000ff56 (0xfe043783) ld      a5, -32(s0)
core   0: 3 0x000000008000ff56 (0xfe043783) x15 0x0000000080012048 mem 0x0000000080031f50
core   0: 0x000000008000ff5a (0x00178713) addi    a4, a5, 1
core   0: 3 0x000000008000ff5a (0x00178713) x14 0x0000000080012049
core   0: 0x000000008000ff5e (0xfee43023) sd      a4, -32(s0)
core   0: 3 0x000000008000ff5e (0xfee43023) mem 0x0000000080031f50 0x0000000080012049
core   0: 0x000000008000ff62 (0xfc442703) lw      a4, -60(s0)
core   0: 3 0x000000008000ff62 (0xfc442703) x14 0x0000000000000000 mem 0x0000000080031f34
core   0: 0x000000008000ff66 (0x0ff77713) andi    a4, a4, 255
core   0: 3 0x000000008000ff66 (0x0ff77713) x14 0x0000000000000000
core   0: 0x000000008000ff6a (0x00e78023) sb      a4, 0(a5)
core   0: 3 0x000000008000ff6a (0x00e78023) mem 0x0000000080012048 0x00
core   0: 0x000000008000ff6e (0xfc843703) ld      a4, -56(s0)
core   0: 3 0x000000008000ff6e (0xfc843703) x14 0x0000000080012040 mem 0x0000000080031f38
core   0: 0x000000008000ff72 (0xfb843783) ld      a5, -72(s0)
core   0: 3 0x000000008000ff72 (0xfb843783) x15 0x000000000000009c mem 0x0000000080031f28
core   0: 0x000000008000ff76 (0x000097ba) c.add   a5, a4
core   0: 3 0x000000008000ff76 (0x97ba) x15 0x00000000800120dc
core   0: 0x000000008000ff78 (0xfe043703) ld      a4, -32(s0)
core   0: 3 0x000000008000ff78 (0xfe043703) x14 0x0000000080012049 mem 0x0000000080031f50
core   0: 0x000000008000ff7c (0xfcf76de3) bltu    a4, a5, pc - 38
core   0: 3 0x000000008000ff7c (0xfcf76de3)
core   0: 0x000000008000ff56 (0xfe043783) ld      a5, -32(s0)
core   0: 3 0x000000008000ff56 (0xfe043783) x15 0x0000000080012049 mem 0x0000000080031f50
core   0: 0x000000008000ff5a (0x00178713) addi    a4, a5, 1
core   0: 3 0x000000008000ff5a (0x00178713) x14 0x000000008001204a
core   0: 0x000000008000ff5e (0xfee43023) sd      a4, -32(s0)
core   0: 3 0x000000008000ff5e (0xfee43023) mem 0x0000000080031f50 0x000000008001204a
core   0: 0x000000008000ff62 (0xfc442703) lw      a4, -60(s0)
core   0: 3 0x000000008000ff62 (0xfc442703) x14 0x0000000000000000 mem 0x0000000080031f34
core   0: 0x000000008000ff66 (0x0ff77713) andi    a4, a4, 255
core   0: 3 0x000000008000ff66 (0x0ff77713) x14 0x0000000000000000
core   0: 0x000000008000ff6a (0x00e78023) sb      a4, 0(a5)
core   0: 3 0x000000008000ff6a (0x00e78023) mem 0x0000000080012049 0x00
core   0: 0x000000008000ff6e (0xfc843703) ld      a4, -56(s0)
core   0: 3 0x000000008000ff6e (0xfc843703) x14 0x0000000080012040 mem 0x0000000080031f38
core   0: 0x000000008000ff72 (0xfb843783) ld      a5, -72(s0)
core   0: 3 0x000000008000ff72 (0xfb843783) x15 0x000000000000009c mem 0x0000000080031f28
core   0: 0x000000008000ff76 (0x000097ba) c.add   a5, a4
core   0: 3 0x000000008000ff76 (0x97ba) x15 0x00000000800120dc
core   0: 0x000000008000ff78 (0xfe043703) ld      a4, -32(s0)
core   0: 3 0x000000008000ff78 (0xfe043703) x14 0x000000008001204a mem 0x0000000080031f50
core   0: 0x000000008000ff7c (0xfcf76de3) bltu    a4, a5, pc - 38
core   0: 3 0x000000008000ff7c (0xfcf76de3)
core   0: 0x000000008000ff56 (0xfe043783) ld      a5, -32(s0)
core   0: 3 0x000000008000ff56 (0xfe043783) x15 0x000000008001204a mem 0x0000000080031f50
core   0: 0x000000008000ff5a (0x00178713) addi    a4, a5, 1
core   0: 3 0x000000008000ff5a (0x00178713) x14 0x000000008001204b
core   0: 0x000000008000ff5e (0xfee43023) sd      a4, -32(s0)
core   0: 3 0x000000008000ff5e (0xfee43023) mem 0x0000000080031f50 0x000000008001204b
core   0: 0x000000008000ff62 (0xfc442703) lw      a4, -60(s0)
core   0: 3 0x000000008000ff62 (0xfc442703) x14 0x0000000000000000 mem 0x0000000080031f34
core   0: 0x000000008000ff66 (0x0ff77713) andi    a4, a4, 255
core   0: 3 0x000000008000ff66 (0x0ff77713) x14 0x0000000000000000
core   0: 0x000000008000ff6a (0x00e78023) sb      a4, 0(a5)
core   0: 3 0x000000008000ff6a (0x00e78023) mem 0x000000008001204a 0x00
core   0: 0x000000008000ff6e (0xfc843703) ld      a4, -56(s0)
core   0: 3 0x000000008000ff6e (0xfc843703) x14 0x0000000080012040 mem 0x0000000080031f38
core   0: 0x000000008000ff72 (0xfb843783) ld      a5, -72(s0)
core   0: 3 0x000000008000ff72 (0xfb843783) x15 0x000000000000009c mem 0x0000000080031f28
core   0: 0x000000008000ff76 (0x000097ba) c.add   a5, a4
core   0: 3 0x000000008000ff76 (0x97ba) x15 0x00000000800120dc
core   0: 0x000000008000ff78 (0xfe043703) ld      a4, -32(s0)
core   0: 3 0x000000008000ff78 (0xfe043703) x14 0x000000008001204b mem 0x0000000080031f50
core   0: 0x000000008000ff7c (0xfcf76de3) bltu    a4, a5, pc - 38
core   0: 3 0x000000008000ff7c (0xfcf76de3)
core   0: 0x000000008000ff56 (0xfe043783) ld      a5, -32(s0)
core   0: 3 0x000000008000ff56 (0xfe043783) x15 0x000000008001204b mem 0x0000000080031f50
core   0: 0x000000008000ff5a (0x00178713) addi    a4, a5, 1
core   0: 3 0x000000008000ff5a (0x00178713) x14 0x000000008001204c
core   0: 0x000000008000ff5e (0xfee43023) sd      a4, -32(s0)
core   0: 3 0x000000008000ff5e (0xfee43023) mem 0x0000000080031f50 0x000000008001204c
core   0: 0x000000008000ff62 (0xfc442703) lw      a4, -60(s0)
core   0: 3 0x000000008000ff62 (0xfc442703) x14 0x0000000000000000 mem 0x0000000080031f34
core   0: 0x000000008000ff66 (0x0ff77713) andi    a4, a4, 255
core   0: 3 0x000000008000ff66 (0x0ff77713) x14 0x0000000000000000
core   0: 0x000000008000ff6a (0x00e78023) sb      a4, 0(a5)
core   0: 3 0x000000008000ff6a (0x00e78023) mem 0x000000008001204b 0x00
core   0: 0x000000008000ff6e (0xfc843703) ld      a4, -56(s0)
core   0: 3 0x000000008000ff6e (0xfc843703) x14 0x0000000080012040 mem 0x0000000080031f38
core   0: 0x000000008000ff72 (0xfb843783) ld      a5, -72(s0)
core   0: 3 0x000000008000ff72 (0xfb843783) x15 0x000000000000009c mem 0x0000000080031f28
core   0: 0x000000008000ff76 (0x000097ba) c.add   a5, a4
core   0: 3 0x000000008000ff76 (0x97ba) x15 0x00000000800120dc
core   0: 0x000000008000ff78 (0xfe043703) ld      a4, -32(s0)
core   0: 3 0x000000008000ff78 (0xfe043703) x14 0x000000008001204c mem 0x0000000080031f50
core   0: 0x000000008000ff7c (0xfcf76de3) bltu    a4, a5, pc - 38
core   0: 3 0x000000008000ff7c (0xfcf76de3)
core   0: 0x000000008000ff56 (0xfe043783) ld      a5, -32(s0)
core   0: 3 0x000000008000ff56 (0xfe043783) x15 0x000000008001204c mem 0x0000000080031f50
core   0: 0x000000008000ff5a (0x00178713) addi    a4, a5, 1
core   0: 3 0x000000008000ff5a (0x00178713) x14 0x000000008001204d
core   0: 0x000000008000ff5e (0xfee43023) sd      a4, -32(s0)
core   0: 3 0x000000008000ff5e (0xfee43023) mem 0x0000000080031f50 0x000000008001204d
core   0: 0x000000008000ff62 (0xfc442703) lw      a4, -60(s0)
core   0: 3 0x000000008000ff62 (0xfc442703) x14 0x0000000000000000 mem 0x0000000080031f34
core   0: 0x000000008000ff66 (0x0ff77713) andi    a4, a4, 255
core   0: 3 0x000000008000ff66 (0x0ff77713) x14 0x0000000000000000
core   0: 0x000000008000ff6a (0x00e78023) sb      a4, 0(a5)
core   0: 3 0x000000008000ff6a (0x00e78023) mem 0x000000008001204c 0x00
core   0: 0x000000008000ff6e (0xfc843703) ld      a4, -56(s0)
core   0: 3 0x000000008000ff6e (0xfc843703) x14 0x0000000080012040 mem 0x0000000080031f38
core   0: 0x000000008000ff72 (0xfb843783) ld      a5, -72(s0)
core   0: 3 0x000000008000ff72 (0xfb843783) x15 0x000000000000009c mem 0x0000000080031f28
core   0: 0x000000008000ff76 (0x000097ba) c.add   a5, a4
core   0: 3 0x000000008000ff76 (0x97ba) x15 0x00000000800120dc
core   0: 0x000000008000ff78 (0xfe043703) ld      a4, -32(s0)
core   0: 3 0x000000008000ff78 (0xfe043703) x14 0x000000008001204d mem 0x0000000080031f50
core   0: 0x000000008000ff7c (0xfcf76de3) bltu    a4, a5, pc - 38
core   0: 3 0x000000008000ff7c (0xfcf76de3)
core   0: 0x000000008000ff56 (0xfe043783) ld      a5, -32(s0)
core   0: 3 0x000000008000ff56 (0xfe043783) x15 0x000000008001204d mem 0x0000000080031f50
core   0: 0x000000008000ff5a (0x00178713) addi    a4, a5, 1
core   0: 3 0x000000008000ff5a (0x00178713) x14 0x000000008001204e
core   0: 0x000000008000ff5e (0xfee43023) sd      a4, -32(s0)
core   0: 3 0x000000008000ff5e (0xfee43023) mem 0x0000000080031f50 0x000000008001204e
core   0: 0x000000008000ff62 (0xfc442703) lw      a4, -60(s0)
core   0: 3 0x000000008000ff62 (0xfc442703) x14 0x0000000000000000 mem 0x0000000080031f34
core   0: 0x000000008000ff66 (0x0ff77713) andi    a4, a4, 255
core   0: 3 0x000000008000ff66 (0x0ff77713) x14 0x0000000000000000
core   0: 0x000000008000ff6a (0x00e78023) sb      a4, 0(a5)
core   0: 3 0x000000008000ff6a (0x00e78023) mem 0x000000008001204d 0x00
core   0: 0x000000008000ff6e (0xfc843703) ld      a4, -56(s0)
core   0: 3 0x000000008000ff6e (0xfc843703) x14 0x0000000080012040 mem 0x0000000080031f38
core   0: 0x000000008000ff72 (0xfb843783) ld      a5, -72(s0)
core   0: 3 0x000000008000ff72 (0xfb843783) x15 0x000000000000009c mem 0x0000000080031f28
core   0: 0x000000008000ff76 (0x000097ba) c.add   a5, a4
core   0: 3 0x000000008000ff76 (0x97ba) x15 0x00000000800120dc
core   0: 0x000000008000ff78 (0xfe043703) ld      a4, -32(s0)
core   0: 3 0x000000008000ff78 (0xfe043703) x14 0x000000008001204e mem 0x0000000080031f50
core   0: 0x000000008000ff7c (0xfcf76de3) bltu    a4, a5, pc - 38
core   0: 3 0x000000008000ff7c (0xfcf76de3)
core   0: 0x000000008000ff56 (0xfe043783) ld      a5, -32(s0)
core   0: 3 0x000000008000ff56 (0xfe043783) x15 0x000000008001204e mem 0x0000000080031f50
core   0: 0x000000008000ff5a (0x00178713) addi    a4, a5, 1
core   0: 3 0x000000008000ff5a (0x00178713) x14 0x000000008001204f
core   0: 0x000000008000ff5e (0xfee43023) sd      a4, -32(s0)
core   0: 3 0x000000008000ff5e (0xfee43023) mem 0x0000000080031f50 0x000000008001204f
core   0: 0x000000008000ff62 (0xfc442703) lw      a4, -60(s0)
core   0: 3 0x000000008000ff62 (0xfc442703) x14 0x0000000000000000 mem 0x0000000080031f34
core   0: 0x000000008000ff66 (0x0ff77713) andi    a4, a4, 255
core   0: 3 0x000000008000ff66 (0x0ff77713) x14 0x0000000000000000
core   0: 0x000000008000ff6a (0x00e78023) sb      a4, 0(a5)
core   0: 3 0x000000008000ff6a (0x00e78023) mem 0x000000008001204e 0x00
core   0: 0x000000008000ff6e (0xfc843703) ld      a4, -56(s0)
core   0: 3 0x000000008000ff6e (0xfc843703) x14 0x0000000080012040 mem 0x0000000080031f38
core   0: 0x000000008000ff72 (0xfb843783) ld      a5, -72(s0)
core   0: 3 0x000000008000ff72 (0xfb843783) x15 0x000000000000009c mem 0x0000000080031f28
core   0: 0x000000008000ff76 (0x000097ba) c.add   a5, a4
core   0: 3 0x000000008000ff76 (0x97ba) x15 0x00000000800120dc
core   0: 0x000000008000ff78 (0xfe043703) ld      a4, -32(s0)
core   0: 3 0x000000008000ff78 (0xfe043703) x14 0x000000008001204f mem 0x0000000080031f50
core   0: 0x000000008000ff7c (0xfcf76de3) bltu    a4, a5, pc - 38
core   0: 3 0x000000008000ff7c (0xfcf76de3)
core   0: 0x000000008000ff56 (0xfe043783) ld      a5, -32(s0)
core   0: 3 0x000000008000ff56 (0xfe043783) x15 0x000000008001204f mem 0x0000000080031f50
core   0: 0x000000008000ff5a (0x00178713) addi    a4, a5, 1
core   0: 3 0x000000008000ff5a (0x00178713) x14 0x0000000080012050
core   0: 0x000000008000ff5e (0xfee43023) sd      a4, -32(s0)
core   0: 3 0x000000008000ff5e (0xfee43023) mem 0x0000000080031f50 0x0000000080012050
core   0: 0x000000008000ff62 (0xfc442703) lw      a4, -60(s0)
core   0: 3 0x000000008000ff62 (0xfc442703) x14 0x0000000000000000 mem 0x0000000080031f34
core   0: 0x000000008000ff66 (0x0ff77713) andi    a4, a4, 255
core   0: 3 0x000000008000ff66 (0x0ff77713) x14 0x0000000000000000
core   0: 0x000000008000ff6a (0x00e78023) sb      a4, 0(a5)
core   0: 3 0x000000008000ff6a (0x00e78023) mem 0x000000008001204f 0x00
core   0: 0x000000008000ff6e (0xfc843703) ld      a4, -56(s0)
core   0: 3 0x000000008000ff6e (0xfc843703) x14 0x0000000080012040 mem 0x0000000080031f38
core   0: 0x000000008000ff72 (0xfb843783) ld      a5, -72(s0)
core   0: 3 0x000000008000ff72 (0xfb843783) x15 0x000000000000009c mem 0x0000000080031f28
core   0: 0x000000008000ff76 (0x000097ba) c.add   a5, a4
core   0: 3 0x000000008000ff76 (0x97ba) x15 0x00000000800120dc
core   0: 0x000000008000ff78 (0xfe043703) ld      a4, -32(s0)
core   0: 3 0x000000008000ff78 (0xfe043703) x14 0x0000000080012050 mem 0x0000000080031f50
core   0: 0x000000008000ff7c (0xfcf76de3) bltu    a4, a5, pc - 38
core   0: 3 0x000000008000ff7c (0xfcf76de3)
core   0: 0x000000008000ff56 (0xfe043783) ld      a5, -32(s0)
core   0: 3 0x000000008000ff56 (0xfe043783) x15 0x0000000080012050 mem 0x0000000080031f50
core   0: 0x000000008000ff5a (0x00178713) addi    a4, a5, 1
core   0: 3 0x000000008000ff5a (0x00178713) x14 0x0000000080012051
core   0: 0x000000008000ff5e (0xfee43023) sd      a4, -32(s0)
core   0: 3 0x000000008000ff5e (0xfee43023) mem 0x0000000080031f50 0x0000000080012051
core   0: 0x000000008000ff62 (0xfc442703) lw      a4, -60(s0)
core   0: 3 0x000000008000ff62 (0xfc442703) x14 0x0000000000000000 mem 0x0000000080031f34
core   0: 0x000000008000ff66 (0x0ff77713) andi    a4, a4, 255
core   0: 3 0x000000008000ff66 (0x0ff77713) x14 0x0000000000000000
core   0: 0x000000008000ff6a (0x00e78023) sb      a4, 0(a5)
core   0: 3 0x000000008000ff6a (0x00e78023) mem 0x0000000080012050 0x00
core   0: 0x000000008000ff6e (0xfc843703) ld      a4, -56(s0)
core   0: 3 0x000000008000ff6e (0xfc843703) x14 0x0000000080012040 mem 0x0000000080031f38
core   0: 0x000000008000ff72 (0xfb843783) ld      a5, -72(s0)
core   0: 3 0x000000008000ff72 (0xfb843783) x15 0x000000000000009c mem 0x0000000080031f28
core   0: 0x000000008000ff76 (0x000097ba) c.add   a5, a4
core   0: 3 0x000000008000ff76 (0x97ba) x15 0x00000000800120dc
core   0: 0x000000008000ff78 (0xfe043703) ld      a4, -32(s0)
core   0: 3 0x000000008000ff78 (0xfe043703) x14 0x0000000080012051 mem 0x0000000080031f50
core   0: 0x000000008000ff7c (0xfcf76de3) bltu    a4, a5, pc - 38
core   0: 3 0x000000008000ff7c (0xfcf76de3)
core   0: 0x000000008000ff56 (0xfe043783) ld      a5, -32(s0)
core   0: 3 0x000000008000ff56 (0xfe043783) x15 0x0000000080012051 mem 0x0000000080031f50
core   0: 0x000000008000ff5a (0x00178713) addi    a4, a5, 1
core   0: 3 0x000000008000ff5a (0x00178713) x14 0x0000000080012052
core   0: 0x000000008000ff5e (0xfee43023) sd      a4, -32(s0)
core   0: 3 0x000000008000ff5e (0xfee43023) mem 0x0000000080031f50 0x0000000080012052
core   0: 0x000000008000ff62 (0xfc442703) lw      a4, -60(s0)
core   0: 3 0x000000008000ff62 (0xfc442703) x14 0x0000000000000000 mem 0x0000000080031f34
core   0: 0x000000008000ff66 (0x0ff77713) andi    a4, a4, 255
core   0: 3 0x000000008000ff66 (0x0ff77713) x14 0x0000000000000000
core   0: 0x000000008000ff6a (0x00e78023) sb      a4, 0(a5)
core   0: 3 0x000000008000ff6a (0x00e78023) mem 0x0000000080012051 0x00
core   0: 0x000000008000ff6e (0xfc843703) ld      a4, -56(s0)
core   0: 3 0x000000008000ff6e (0xfc843703) x14 0x0000000080012040 mem 0x0000000080031f38
core   0: 0x000000008000ff72 (0xfb843783) ld      a5, -72(s0)
core   0: 3 0x000000008000ff72 (0xfb843783) x15 0x000000000000009c mem 0x0000000080031f28
core   0: 0x000000008000ff76 (0x000097ba) c.add   a5, a4
core   0: 3 0x000000008000ff76 (0x97ba) x15 0x00000000800120dc
core   0: 0x000000008000ff78 (0xfe043703) ld      a4, -32(s0)
core   0: 3 0x000000008000ff78 (0xfe043703) x14 0x0000000080012052 mem 0x0000000080031f50
core   0: 0x000000008000ff7c (0xfcf76de3) bltu    a4, a5, pc - 38
core   0: 3 0x000000008000ff7c (0xfcf76de3)
core   0: 0x000000008000ff56 (0xfe043783) ld      a5, -32(s0)
core   0: 3 0x000000008000ff56 (0xfe043783) x15 0x0000000080012052 mem 0x0000000080031f50
core   0: 0x000000008000ff5a (0x00178713) addi    a4, a5, 1
core   0: 3 0x000000008000ff5a (0x00178713) x14 0x0000000080012053
core   0: 0x000000008000ff5e (0xfee43023) sd      a4, -32(s0)
core   0: 3 0x000000008000ff5e (0xfee43023) mem 0x0000000080031f50 0x0000000080012053
core   0: 0x000000008000ff62 (0xfc442703) lw      a4, -60(s0)
core   0: 3 0x000000008000ff62 (0xfc442703) x14 0x0000000000000000 mem 0x0000000080031f34
core   0: 0x000000008000ff66 (0x0ff77713) andi    a4, a4, 255
core   0: 3 0x000000008000ff66 (0x0ff77713) x14 0x0000000000000000
core   0: 0x000000008000ff6a (0x00e78023) sb      a4, 0(a5)
core   0: 3 0x000000008000ff6a (0x00e78023) mem 0x0000000080012052 0x00
core   0: 0x000000008000ff6e (0xfc843703) ld      a4, -56(s0)
core   0: 3 0x000000008000ff6e (0xfc843703) x14 0x0000000080012040 mem 0x0000000080031f38
core   0: 0x000000008000ff72 (0xfb843783) ld      a5, -72(s0)
core   0: 3 0x000000008000ff72 (0xfb843783) x15 0x000000000000009c mem 0x0000000080031f28
core   0: 0x000000008000ff76 (0x000097ba) c.add   a5, a4
core   0: 3 0x000000008000ff76 (0x97ba) x15 0x00000000800120dc
core   0: 0x000000008000ff78 (0xfe043703) ld      a4, -32(s0)
core   0: 3 0x000000008000ff78 (0xfe043703) x14 0x0000000080012053 mem 0x0000000080031f50
core   0: 0x000000008000ff7c (0xfcf76de3) bltu    a4, a5, pc - 38
core   0: 3 0x000000008000ff7c (0xfcf76de3)
core   0: 0x000000008000ff56 (0xfe043783) ld      a5, -32(s0)
core   0: 3 0x000000008000ff56 (0xfe043783) x15 0x0000000080012053 mem 0x0000000080031f50
core   0: 0x000000008000ff5a (0x00178713) addi    a4, a5, 1
core   0: 3 0x000000008000ff5a (0x00178713) x14 0x0000000080012054
core   0: 0x000000008000ff5e (0xfee43023) sd      a4, -32(s0)
core   0: 3 0x000000008000ff5e (0xfee43023) mem 0x0000000080031f50 0x0000000080012054
core   0: 0x000000008000ff62 (0xfc442703) lw      a4, -60(s0)
core   0: 3 0x000000008000ff62 (0xfc442703) x14 0x0000000000000000 mem 0x0000000080031f34
core   0: 0x000000008000ff66 (0x0ff77713) andi    a4, a4, 255
core   0: 3 0x000000008000ff66 (0x0ff77713) x14 0x0000000000000000
core   0: 0x000000008000ff6a (0x00e78023) sb      a4, 0(a5)
core   0: 3 0x000000008000ff6a (0x00e78023) mem 0x0000000080012053 0x00
core   0: 0x000000008000ff6e (0xfc843703) ld      a4, -56(s0)
core   0: 3 0x000000008000ff6e (0xfc843703) x14 0x0000000080012040 mem 0x0000000080031f38
core   0: 0x000000008000ff72 (0xfb843783) ld      a5, -72(s0)
core   0: 3 0x000000008000ff72 (0xfb843783) x15 0x000000000000009c mem 0x0000000080031f28
core   0: 0x000000008000ff76 (0x000097ba) c.add   a5, a4
core   0: 3 0x000000008000ff76 (0x97ba) x15 0x00000000800120dc
core   0: 0x000000008000ff78 (0xfe043703) ld      a4, -32(s0)
core   0: 3 0x000000008000ff78 (0xfe043703) x14 0x0000000080012054 mem 0x0000000080031f50
core   0: 0x000000008000ff7c (0xfcf76de3) bltu    a4, a5, pc - 38
core   0: 3 0x000000008000ff7c (0xfcf76de3)
core   0: 0x000000008000ff56 (0xfe043783) ld      a5, -32(s0)
core   0: 3 0x000000008000ff56 (0xfe043783) x15 0x0000000080012054 mem 0x0000000080031f50
core   0: 0x000000008000ff5a (0x00178713) addi    a4, a5, 1
core   0: 3 0x000000008000ff5a (0x00178713) x14 0x0000000080012055
core   0: 0x000000008000ff5e (0xfee43023) sd      a4, -32(s0)
core   0: 3 0x000000008000ff5e (0xfee43023) mem 0x0000000080031f50 0x0000000080012055
core   0: 0x000000008000ff62 (0xfc442703) lw      a4, -60(s0)
core   0: 3 0x000000008000ff62 (0xfc442703) x14 0x0000000000000000 mem 0x0000000080031f34
core   0: 0x000000008000ff66 (0x0ff77713) andi    a4, a4, 255
core   0: 3 0x000000008000ff66 (0x0ff77713) x14 0x0000000000000000
core   0: 0x000000008000ff6a (0x00e78023) sb      a4, 0(a5)
core   0: 3 0x000000008000ff6a (0x00e78023) mem 0x0000000080012054 0x00
core   0: 0x000000008000ff6e (0xfc843703) ld      a4, -56(s0)
core   0: 3 0x000000008000ff6e (0xfc843703) x14 0x0000000080012040 mem 0x0000000080031f38
core   0: 0x000000008000ff72 (0xfb843783) ld      a5, -72(s0)
core   0: 3 0x000000008000ff72 (0xfb843783) x15 0x000000000000009c mem 0x0000000080031f28
core   0: 0x000000008000ff76 (0x000097ba) c.add   a5, a4
core   0: 3 0x000000008000ff76 (0x97ba) x15 0x00000000800120dc
core   0: 0x000000008000ff78 (0xfe043703) ld      a4, -32(s0)
core   0: 3 0x000000008000ff78 (0xfe043703) x14 0x0000000080012055 mem 0x0000000080031f50
core   0: 0x000000008000ff7c (0xfcf76de3) bltu    a4, a5, pc - 38
core   0: 3 0x000000008000ff7c (0xfcf76de3)
core   0: 0x000000008000ff56 (0xfe043783) ld      a5, -32(s0)
core   0: 3 0x000000008000ff56 (0xfe043783) x15 0x0000000080012055 mem 0x0000000080031f50
core   0: 0x000000008000ff5a (0x00178713) addi    a4, a5, 1
core   0: 3 0x000000008000ff5a (0x00178713) x14 0x0000000080012056
core   0: 0x000000008000ff5e (0xfee43023) sd      a4, -32(s0)
core   0: 3 0x000000008000ff5e (0xfee43023) mem 0x0000000080031f50 0x0000000080012056
core   0: 0x000000008000ff62 (0xfc442703) lw      a4, -60(s0)
core   0: 3 0x000000008000ff62 (0xfc442703) x14 0x0000000000000000 mem 0x0000000080031f34
core   0: 0x000000008000ff66 (0x0ff77713) andi    a4, a4, 255
core   0: 3 0x000000008000ff66 (0x0ff77713) x14 0x0000000000000000
core   0: 0x000000008000ff6a (0x00e78023) sb      a4, 0(a5)
core   0: 3 0x000000008000ff6a (0x00e78023) mem 0x0000000080012055 0x00
core   0: 0x000000008000ff6e (0xfc843703) ld      a4, -56(s0)
core   0: 3 0x000000008000ff6e (0xfc843703) x14 0x0000000080012040 mem 0x0000000080031f38
core   0: 0x000000008000ff72 (0xfb843783) ld      a5, -72(s0)
core   0: 3 0x000000008000ff72 (0xfb843783) x15 0x000000000000009c mem 0x0000000080031f28
core   0: 0x000000008000ff76 (0x000097ba) c.add   a5, a4
core   0: 3 0x000000008000ff76 (0x97ba) x15 0x00000000800120dc
core   0: 0x000000008000ff78 (0xfe043703) ld      a4, -32(s0)
core   0: 3 0x000000008000ff78 (0xfe043703) x14 0x0000000080012056 mem 0x0000000080031f50
core   0: 0x000000008000ff7c (0xfcf76de3) bltu    a4, a5, pc - 38
core   0: 3 0x000000008000ff7c (0xfcf76de3)
core   0: 0x000000008000ff56 (0xfe043783) ld      a5, -32(s0)
core   0: 3 0x000000008000ff56 (0xfe043783) x15 0x0000000080012056 mem 0x0000000080031f50
core   0: 0x000000008000ff5a (0x00178713) addi    a4, a5, 1
core   0: 3 0x000000008000ff5a (0x00178713) x14 0x0000000080012057
core   0: 0x000000008000ff5e (0xfee43023) sd      a4, -32(s0)
core   0: 3 0x000000008000ff5e (0xfee43023) mem 0x0000000080031f50 0x0000000080012057
core   0: 0x000000008000ff62 (0xfc442703) lw      a4, -60(s0)
core   0: 3 0x000000008000ff62 (0xfc442703) x14 0x0000000000000000 mem 0x0000000080031f34
core   0: 0x000000008000ff66 (0x0ff77713) andi    a4, a4, 255
core   0: 3 0x000000008000ff66 (0x0ff77713) x14 0x0000000000000000
core   0: 0x000000008000ff6a (0x00e78023) sb      a4, 0(a5)
core   0: 3 0x000000008000ff6a (0x00e78023) mem 0x0000000080012056 0x00
core   0: 0x000000008000ff6e (0xfc843703) ld      a4, -56(s0)
core   0: 3 0x000000008000ff6e (0xfc843703) x14 0x0000000080012040 mem 0x0000000080031f38
core   0: 0x000000008000ff72 (0xfb843783) ld      a5, -72(s0)
core   0: 3 0x000000008000ff72 (0xfb843783) x15 0x000000000000009c mem 0x0000000080031f28
core   0: 0x000000008000ff76 (0x000097ba) c.add   a5, a4
core   0: 3 0x000000008000ff76 (0x97ba) x15 0x00000000800120dc
core   0: 0x000000008000ff78 (0xfe043703) ld      a4, -32(s0)
core   0: 3 0x000000008000ff78 (0xfe043703) x14 0x0000000080012057 mem 0x0000000080031f50
core   0: 0x000000008000ff7c (0xfcf76de3) bltu    a4, a5, pc - 38
core   0: 3 0x000000008000ff7c (0xfcf76de3)
core   0: 0x000000008000ff56 (0xfe043783) ld      a5, -32(s0)
core   0: 3 0x000000008000ff56 (0xfe043783) x15 0x0000000080012057 mem 0x0000000080031f50
core   0: 0x000000008000ff5a (0x00178713) addi    a4, a5, 1
core   0: 3 0x000000008000ff5a (0x00178713) x14 0x0000000080012058
core   0: 0x000000008000ff5e (0xfee43023) sd      a4, -32(s0)
core   0: 3 0x000000008000ff5e (0xfee43023) mem 0x0000000080031f50 0x0000000080012058
core   0: 0x000000008000ff62 (0xfc442703) lw      a4, -60(s0)
core   0: 3 0x000000008000ff62 (0xfc442703) x14 0x0000000000000000 mem 0x0000000080031f34
core   0: 0x000000008000ff66 (0x0ff77713) andi    a4, a4, 255
core   0: 3 0x000000008000ff66 (0x0ff77713) x14 0x0000000000000000
core   0: 0x000000008000ff6a (0x00e78023) sb      a4, 0(a5)
core   0: 3 0x000000008000ff6a (0x00e78023) mem 0x0000000080012057 0x00
core   0: 0x000000008000ff6e (0xfc843703) ld      a4, -56(s0)
core   0: 3 0x000000008000ff6e (0xfc843703) x14 0x0000000080012040 mem 0x0000000080031f38
core   0: 0x000000008000ff72 (0xfb843783) ld      a5, -72(s0)
core   0: 3 0x000000008000ff72 (0xfb843783) x15 0x000000000000009c mem 0x0000000080031f28
core   0: 0x000000008000ff76 (0x000097ba) c.add   a5, a4
core   0: 3 0x000000008000ff76 (0x97ba) x15 0x00000000800120dc
core   0: 0x000000008000ff78 (0xfe043703) ld      a4, -32(s0)
core   0: 3 0x000000008000ff78 (0xfe043703) x14 0x0000000080012058 mem 0x0000000080031f50
core   0: 0x000000008000ff7c (0xfcf76de3) bltu    a4, a5, pc - 38
core   0: 3 0x000000008000ff7c (0xfcf76de3)
core   0: 0x000000008000ff56 (0xfe043783) ld      a5, -32(s0)
core   0: 3 0x000000008000ff56 (0xfe043783) x15 0x0000000080012058 mem 0x0000000080031f50
core   0: 0x000000008000ff5a (0x00178713) addi    a4, a5, 1
core   0: 3 0x000000008000ff5a (0x00178713) x14 0x0000000080012059
core   0: 0x000000008000ff5e (0xfee43023) sd      a4, -32(s0)
core   0: 3 0x000000008000ff5e (0xfee43023) mem 0x0000000080031f50 0x0000000080012059
core   0: 0x000000008000ff62 (0xfc442703) lw      a4, -60(s0)
core   0: 3 0x000000008000ff62 (0xfc442703) x14 0x0000000000000000 mem 0x0000000080031f34
core   0: 0x000000008000ff66 (0x0ff77713) andi    a4, a4, 255
core   0: 3 0x000000008000ff66 (0x0ff77713) x14 0x0000000000000000
core   0: 0x000000008000ff6a (0x00e78023) sb      a4, 0(a5)
core   0: 3 0x000000008000ff6a (0x00e78023) mem 0x0000000080012058 0x00
core   0: 0x000000008000ff6e (0xfc843703) ld      a4, -56(s0)
core   0: 3 0x000000008000ff6e (0xfc843703) x14 0x0000000080012040 mem 0x0000000080031f38
core   0: 0x000000008000ff72 (0xfb843783) ld      a5, -72(s0)
core   0: 3 0x000000008000ff72 (0xfb843783) x15 0x000000000000009c mem 0x0000000080031f28
core   0: 0x000000008000ff76 (0x000097ba) c.add   a5, a4
core   0: 3 0x000000008000ff76 (0x97ba) x15 0x00000000800120dc
core   0: 0x000000008000ff78 (0xfe043703) ld      a4, -32(s0)
core   0: 3 0x000000008000ff78 (0xfe043703) x14 0x0000000080012059 mem 0x0000000080031f50
core   0: 0x000000008000ff7c (0xfcf76de3) bltu    a4, a5, pc - 38
core   0: 3 0x000000008000ff7c (0xfcf76de3)
core   0: 0x000000008000ff56 (0xfe043783) ld      a5, -32(s0)
core   0: 3 0x000000008000ff56 (0xfe043783) x15 0x0000000080012059 mem 0x0000000080031f50
core   0: 0x000000008000ff5a (0x00178713) addi    a4, a5, 1
core   0: 3 0x000000008000ff5a (0x00178713) x14 0x000000008001205a
core   0: 0x000000008000ff5e (0xfee43023) sd      a4, -32(s0)
core   0: 3 0x000000008000ff5e (0xfee43023) mem 0x0000000080031f50 0x000000008001205a
core   0: 0x000000008000ff62 (0xfc442703) lw      a4, -60(s0)
core   0: 3 0x000000008000ff62 (0xfc442703) x14 0x0000000000000000 mem 0x0000000080031f34
core   0: 0x000000008000ff66 (0x0ff77713) andi    a4, a4, 255
core   0: 3 0x000000008000ff66 (0x0ff77713) x14 0x0000000000000000
core   0: 0x000000008000ff6a (0x00e78023) sb      a4, 0(a5)
core   0: 3 0x000000008000ff6a (0x00e78023) mem 0x0000000080012059 0x00
core   0: 0x000000008000ff6e (0xfc843703) ld      a4, -56(s0)
core   0: 3 0x000000008000ff6e (0xfc843703) x14 0x0000000080012040 mem 0x0000000080031f38
core   0: 0x000000008000ff72 (0xfb843783) ld      a5, -72(s0)
core   0: 3 0x000000008000ff72 (0xfb843783) x15 0x000000000000009c mem 0x0000000080031f28
core   0: 0x000000008000ff76 (0x000097ba) c.add   a5, a4
core   0: 3 0x000000008000ff76 (0x97ba) x15 0x00000000800120dc
core   0: 0x000000008000ff78 (0xfe043703) ld      a4, -32(s0)
core   0: 3 0x000000008000ff78 (0xfe043703) x14 0x000000008001205a mem 0x0000000080031f50
core   0: 0x000000008000ff7c (0xfcf76de3) bltu    a4, a5, pc - 38
core   0: 3 0x000000008000ff7c (0xfcf76de3)
core   0: 0x000000008000ff56 (0xfe043783) ld      a5, -32(s0)
core   0: 3 0x000000008000ff56 (0xfe043783) x15 0x000000008001205a mem 0x0000000080031f50
core   0: 0x000000008000ff5a (0x00178713) addi    a4, a5, 1
core   0: 3 0x000000008000ff5a (0x00178713) x14 0x000000008001205b
core   0: 0x000000008000ff5e (0xfee43023) sd      a4, -32(s0)
core   0: 3 0x000000008000ff5e (0xfee43023) mem 0x0000000080031f50 0x000000008001205b
core   0: 0x000000008000ff62 (0xfc442703) lw      a4, -60(s0)
core   0: 3 0x000000008000ff62 (0xfc442703) x14 0x0000000000000000 mem 0x0000000080031f34
core   0: 0x000000008000ff66 (0x0ff77713) andi    a4, a4, 255
core   0: 3 0x000000008000ff66 (0x0ff77713) x14 0x0000000000000000
core   0: 0x000000008000ff6a (0x00e78023) sb      a4, 0(a5)
core   0: 3 0x000000008000ff6a (0x00e78023) mem 0x000000008001205a 0x00
core   0: 0x000000008000ff6e (0xfc843703) ld      a4, -56(s0)
core   0: 3 0x000000008000ff6e (0xfc843703) x14 0x0000000080012040 mem 0x0000000080031f38
core   0: 0x000000008000ff72 (0xfb843783) ld      a5, -72(s0)
core   0: 3 0x000000008000ff72 (0xfb843783) x15 0x000000000000009c mem 0x0000000080031f28
core   0: 0x000000008000ff76 (0x000097ba) c.add   a5, a4
core   0: 3 0x000000008000ff76 (0x97ba) x15 0x00000000800120dc
core   0: 0x000000008000ff78 (0xfe043703) ld      a4, -32(s0)
core   0: 3 0x000000008000ff78 (0xfe043703) x14 0x000000008001205b mem 0x0000000080031f50
core   0: 0x000000008000ff7c (0xfcf76de3) bltu    a4, a5, pc - 38
core   0: 3 0x000000008000ff7c (0xfcf76de3)
core   0: 0x000000008000ff56 (0xfe043783) ld      a5, -32(s0)
core   0: 3 0x000000008000ff56 (0xfe043783) x15 0x000000008001205b mem 0x0000000080031f50
core   0: 0x000000008000ff5a (0x00178713) addi    a4, a5, 1
core   0: 3 0x000000008000ff5a (0x00178713) x14 0x000000008001205c
core   0: 0x000000008000ff5e (0xfee43023) sd      a4, -32(s0)
core   0: 3 0x000000008000ff5e (0xfee43023) mem 0x0000000080031f50 0x000000008001205c
core   0: 0x000000008000ff62 (0xfc442703) lw      a4, -60(s0)
core   0: 3 0x000000008000ff62 (0xfc442703) x14 0x0000000000000000 mem 0x0000000080031f34
core   0: 0x000000008000ff66 (0x0ff77713) andi    a4, a4, 255
core   0: 3 0x000000008000ff66 (0x0ff77713) x14 0x0000000000000000
core   0: 0x000000008000ff6a (0x00e78023) sb      a4, 0(a5)
core   0: 3 0x000000008000ff6a (0x00e78023) mem 0x000000008001205b 0x00
core   0: 0x000000008000ff6e (0xfc843703) ld      a4, -56(s0)
core   0: 3 0x000000008000ff6e (0xfc843703) x14 0x0000000080012040 mem 0x0000000080031f38
core   0: 0x000000008000ff72 (0xfb843783) ld      a5, -72(s0)
core   0: 3 0x000000008000ff72 (0xfb843783) x15 0x000000000000009c mem 0x0000000080031f28
core   0: 0x000000008000ff76 (0x000097ba) c.add   a5, a4
core   0: 3 0x000000008000ff76 (0x97ba) x15 0x00000000800120dc
core   0: 0x000000008000ff78 (0xfe043703) ld      a4, -32(s0)
core   0: 3 0x000000008000ff78 (0xfe043703) x14 0x000000008001205c mem 0x0000000080031f50
core   0: 0x000000008000ff7c (0xfcf76de3) bltu    a4, a5, pc - 38
core   0: 3 0x000000008000ff7c (0xfcf76de3)
core   0: 0x000000008000ff56 (0xfe043783) ld      a5, -32(s0)
core   0: 3 0x000000008000ff56 (0xfe043783) x15 0x000000008001205c mem 0x0000000080031f50
core   0: 0x000000008000ff5a (0x00178713) addi    a4, a5, 1
core   0: 3 0x000000008000ff5a (0x00178713) x14 0x000000008001205d
core   0: 0x000000008000ff5e (0xfee43023) sd      a4, -32(s0)
core   0: 3 0x000000008000ff5e (0xfee43023) mem 0x0000000080031f50 0x000000008001205d
core   0: 0x000000008000ff62 (0xfc442703) lw      a4, -60(s0)
core   0: 3 0x000000008000ff62 (0xfc442703) x14 0x0000000000000000 mem 0x0000000080031f34
core   0: 0x000000008000ff66 (0x0ff77713) andi    a4, a4, 255
core   0: 3 0x000000008000ff66 (0x0ff77713) x14 0x0000000000000000
core   0: 0x000000008000ff6a (0x00e78023) sb      a4, 0(a5)
core   0: 3 0x000000008000ff6a (0x00e78023) mem 0x000000008001205c 0x00
core   0: 0x000000008000ff6e (0xfc843703) ld      a4, -56(s0)
core   0: 3 0x000000008000ff6e (0xfc843703) x14 0x0000000080012040 mem 0x0000000080031f38
core   0: 0x000000008000ff72 (0xfb843783) ld      a5, -72(s0)
core   0: 3 0x000000008000ff72 (0xfb843783) x15 0x000000000000009c mem 0x0000000080031f28
core   0: 0x000000008000ff76 (0x000097ba) c.add   a5, a4
core   0: 3 0x000000008000ff76 (0x97ba) x15 0x00000000800120dc
core   0: 0x000000008000ff78 (0xfe043703) ld      a4, -32(s0)
core   0: 3 0x000000008000ff78 (0xfe043703) x14 0x000000008001205d mem 0x0000000080031f50
core   0: 0x000000008000ff7c (0xfcf76de3) bltu    a4, a5, pc - 38
core   0: 3 0x000000008000ff7c (0xfcf76de3)
core   0: 0x000000008000ff56 (0xfe043783) ld      a5, -32(s0)
core   0: 3 0x000000008000ff56 (0xfe043783) x15 0x000000008001205d mem 0x0000000080031f50
core   0: 0x000000008000ff5a (0x00178713) addi    a4, a5, 1
core   0: 3 0x000000008000ff5a (0x00178713) x14 0x000000008001205e
core   0: 0x000000008000ff5e (0xfee43023) sd      a4, -32(s0)
core   0: 3 0x000000008000ff5e (0xfee43023) mem 0x0000000080031f50 0x000000008001205e
core   0: 0x000000008000ff62 (0xfc442703) lw      a4, -60(s0)
core   0: 3 0x000000008000ff62 (0xfc442703) x14 0x0000000000000000 mem 0x0000000080031f34
core   0: 0x000000008000ff66 (0x0ff77713) andi    a4, a4, 255
core   0: 3 0x000000008000ff66 (0x0ff77713) x14 0x0000000000000000
core   0: 0x000000008000ff6a (0x00e78023) sb      a4, 0(a5)
core   0: 3 0x000000008000ff6a (0x00e78023) mem 0x000000008001205d 0x00
core   0: 0x000000008000ff6e (0xfc843703) ld      a4, -56(s0)
core   0: 3 0x000000008000ff6e (0xfc843703) x14 0x0000000080012040 mem 0x0000000080031f38
core   0: 0x000000008000ff72 (0xfb843783) ld      a5, -72(s0)
core   0: 3 0x000000008000ff72 (0xfb843783) x15 0x000000000000009c mem 0x0000000080031f28
core   0: 0x000000008000ff76 (0x000097ba) c.add   a5, a4
core   0: 3 0x000000008000ff76 (0x97ba) x15 0x00000000800120dc
core   0: 0x000000008000ff78 (0xfe043703) ld      a4, -32(s0)
core   0: 3 0x000000008000ff78 (0xfe043703) x14 0x000000008001205e mem 0x0000000080031f50
core   0: 0x000000008000ff7c (0xfcf76de3) bltu    a4, a5, pc - 38
core   0: 3 0x000000008000ff7c (0xfcf76de3)
core   0: 0x000000008000ff56 (0xfe043783) ld      a5, -32(s0)
core   0: 3 0x000000008000ff56 (0xfe043783) x15 0x000000008001205e mem 0x0000000080031f50
core   0: 0x000000008000ff5a (0x00178713) addi    a4, a5, 1
core   0: 3 0x000000008000ff5a (0x00178713) x14 0x000000008001205f
core   0: 0x000000008000ff5e (0xfee43023) sd      a4, -32(s0)
core   0: 3 0x000000008000ff5e (0xfee43023) mem 0x0000000080031f50 0x000000008001205f
core   0: 0x000000008000ff62 (0xfc442703) lw      a4, -60(s0)
core   0: 3 0x000000008000ff62 (0xfc442703) x14 0x0000000000000000 mem 0x0000000080031f34
core   0: 0x000000008000ff66 (0x0ff77713) andi    a4, a4, 255
core   0: 3 0x000000008000ff66 (0x0ff77713) x14 0x0000000000000000
core   0: 0x000000008000ff6a (0x00e78023) sb      a4, 0(a5)
core   0: 3 0x000000008000ff6a (0x00e78023) mem 0x000000008001205e 0x00
core   0: 0x000000008000ff6e (0xfc843703) ld      a4, -56(s0)
core   0: 3 0x000000008000ff6e (0xfc843703) x14 0x0000000080012040 mem 0x0000000080031f38
core   0: 0x000000008000ff72 (0xfb843783) ld      a5, -72(s0)
core   0: 3 0x000000008000ff72 (0xfb843783) x15 0x000000000000009c mem 0x0000000080031f28
core   0: 0x000000008000ff76 (0x000097ba) c.add   a5, a4
core   0: 3 0x000000008000ff76 (0x97ba) x15 0x00000000800120dc
core   0: 0x000000008000ff78 (0xfe043703) ld      a4, -32(s0)
core   0: 3 0x000000008000ff78 (0xfe043703) x14 0x000000008001205f mem 0x0000000080031f50
core   0: 0x000000008000ff7c (0xfcf76de3) bltu    a4, a5, pc - 38
core   0: 3 0x000000008000ff7c (0xfcf76de3)
core   0: 0x000000008000ff56 (0xfe043783) ld      a5, -32(s0)
core   0: 3 0x000000008000ff56 (0xfe043783) x15 0x000000008001205f mem 0x0000000080031f50
core   0: 0x000000008000ff5a (0x00178713) addi    a4, a5, 1
core   0: 3 0x000000008000ff5a (0x00178713) x14 0x0000000080012060
core   0: 0x000000008000ff5e (0xfee43023) sd      a4, -32(s0)
core   0: 3 0x000000008000ff5e (0xfee43023) mem 0x0000000080031f50 0x0000000080012060
core   0: 0x000000008000ff62 (0xfc442703) lw      a4, -60(s0)
core   0: 3 0x000000008000ff62 (0xfc442703) x14 0x0000000000000000 mem 0x0000000080031f34
core   0: 0x000000008000ff66 (0x0ff77713) andi    a4, a4, 255
core   0: 3 0x000000008000ff66 (0x0ff77713) x14 0x0000000000000000
core   0: 0x000000008000ff6a (0x00e78023) sb      a4, 0(a5)
core   0: 3 0x000000008000ff6a (0x00e78023) mem 0x000000008001205f 0x00
core   0: 0x000000008000ff6e (0xfc843703) ld      a4, -56(s0)
core   0: 3 0x000000008000ff6e (0xfc843703) x14 0x0000000080012040 mem 0x0000000080031f38
core   0: 0x000000008000ff72 (0xfb843783) ld      a5, -72(s0)
core   0: 3 0x000000008000ff72 (0xfb843783) x15 0x000000000000009c mem 0x0000000080031f28
core   0: 0x000000008000ff76 (0x000097ba) c.add   a5, a4
core   0: 3 0x000000008000ff76 (0x97ba) x15 0x00000000800120dc
core   0: 0x000000008000ff78 (0xfe043703) ld      a4, -32(s0)
core   0: 3 0x000000008000ff78 (0xfe043703) x14 0x0000000080012060 mem 0x0000000080031f50
core   0: 0x000000008000ff7c (0xfcf76de3) bltu    a4, a5, pc - 38
core   0: 3 0x000000008000ff7c (0xfcf76de3)
core   0: 0x000000008000ff56 (0xfe043783) ld      a5, -32(s0)
core   0: 3 0x000000008000ff56 (0xfe043783) x15 0x0000000080012060 mem 0x0000000080031f50
core   0: 0x000000008000ff5a (0x00178713) addi    a4, a5, 1
core   0: 3 0x000000008000ff5a (0x00178713) x14 0x0000000080012061
core   0: 0x000000008000ff5e (0xfee43023) sd      a4, -32(s0)
core   0: 3 0x000000008000ff5e (0xfee43023) mem 0x0000000080031f50 0x0000000080012061
core   0: 0x000000008000ff62 (0xfc442703) lw      a4, -60(s0)
core   0: 3 0x000000008000ff62 (0xfc442703) x14 0x0000000000000000 mem 0x0000000080031f34
core   0: 0x000000008000ff66 (0x0ff77713) andi    a4, a4, 255
core   0: 3 0x000000008000ff66 (0x0ff77713) x14 0x0000000000000000
core   0: 0x000000008000ff6a (0x00e78023) sb      a4, 0(a5)
core   0: 3 0x000000008000ff6a (0x00e78023) mem 0x0000000080012060 0x00
core   0: 0x000000008000ff6e (0xfc843703) ld      a4, -56(s0)
core   0: 3 0x000000008000ff6e (0xfc843703) x14 0x0000000080012040 mem 0x0000000080031f38
core   0: 0x000000008000ff72 (0xfb843783) ld      a5, -72(s0)
core   0: 3 0x000000008000ff72 (0xfb843783) x15 0x000000000000009c mem 0x0000000080031f28
core   0: 0x000000008000ff76 (0x000097ba) c.add   a5, a4
core   0: 3 0x000000008000ff76 (0x97ba) x15 0x00000000800120dc
core   0: 0x000000008000ff78 (0xfe043703) ld      a4, -32(s0)
core   0: 3 0x000000008000ff78 (0xfe043703) x14 0x0000000080012061 mem 0x0000000080031f50
core   0: 0x000000008000ff7c (0xfcf76de3) bltu    a4, a5, pc - 38
core   0: 3 0x000000008000ff7c (0xfcf76de3)
core   0: 0x000000008000ff56 (0xfe043783) ld      a5, -32(s0)
core   0: 3 0x000000008000ff56 (0xfe043783) x15 0x0000000080012061 mem 0x0000000080031f50
core   0: 0x000000008000ff5a (0x00178713) addi    a4, a5, 1
core   0: 3 0x000000008000ff5a (0x00178713) x14 0x0000000080012062
core   0: 0x000000008000ff5e (0xfee43023) sd      a4, -32(s0)
core   0: 3 0x000000008000ff5e (0xfee43023) mem 0x0000000080031f50 0x0000000080012062
core   0: 0x000000008000ff62 (0xfc442703) lw      a4, -60(s0)
core   0: 3 0x000000008000ff62 (0xfc442703) x14 0x0000000000000000 mem 0x0000000080031f34
core   0: 0x000000008000ff66 (0x0ff77713) andi    a4, a4, 255
core   0: 3 0x000000008000ff66 (0x0ff77713) x14 0x0000000000000000
core   0: 0x000000008000ff6a (0x00e78023) sb      a4, 0(a5)
core   0: 3 0x000000008000ff6a (0x00e78023) mem 0x0000000080012061 0x00
core   0: 0x000000008000ff6e (0xfc843703) ld      a4, -56(s0)
core   0: 3 0x000000008000ff6e (0xfc843703) x14 0x0000000080012040 mem 0x0000000080031f38
core   0: 0x000000008000ff72 (0xfb843783) ld      a5, -72(s0)
core   0: 3 0x000000008000ff72 (0xfb843783) x15 0x000000000000009c mem 0x0000000080031f28
core   0: 0x000000008000ff76 (0x000097ba) c.add   a5, a4
core   0: 3 0x000000008000ff76 (0x97ba) x15 0x00000000800120dc
core   0: 0x000000008000ff78 (0xfe043703) ld      a4, -32(s0)
core   0: 3 0x000000008000ff78 (0xfe043703) x14 0x0000000080012062 mem 0x0000000080031f50
core   0: 0x000000008000ff7c (0xfcf76de3) bltu    a4, a5, pc - 38
core   0: 3 0x000000008000ff7c (0xfcf76de3)
core   0: 0x000000008000ff56 (0xfe043783) ld      a5, -32(s0)
core   0: 3 0x000000008000ff56 (0xfe043783) x15 0x0000000080012062 mem 0x0000000080031f50
core   0: 0x000000008000ff5a (0x00178713) addi    a4, a5, 1
core   0: 3 0x000000008000ff5a (0x00178713) x14 0x0000000080012063
core   0: 0x000000008000ff5e (0xfee43023) sd      a4, -32(s0)
core   0: 3 0x000000008000ff5e (0xfee43023) mem 0x0000000080031f50 0x0000000080012063
core   0: 0x000000008000ff62 (0xfc442703) lw      a4, -60(s0)
core   0: 3 0x000000008000ff62 (0xfc442703) x14 0x0000000000000000 mem 0x0000000080031f34
core   0: 0x000000008000ff66 (0x0ff77713) andi    a4, a4, 255
core   0: 3 0x000000008000ff66 (0x0ff77713) x14 0x0000000000000000
core   0: 0x000000008000ff6a (0x00e78023) sb      a4, 0(a5)
core   0: 3 0x000000008000ff6a (0x00e78023) mem 0x0000000080012062 0x00
core   0: 0x000000008000ff6e (0xfc843703) ld      a4, -56(s0)
core   0: 3 0x000000008000ff6e (0xfc843703) x14 0x0000000080012040 mem 0x0000000080031f38
core   0: 0x000000008000ff72 (0xfb843783) ld      a5, -72(s0)
core   0: 3 0x000000008000ff72 (0xfb843783) x15 0x000000000000009c mem 0x0000000080031f28
core   0: 0x000000008000ff76 (0x000097ba) c.add   a5, a4
core   0: 3 0x000000008000ff76 (0x97ba) x15 0x00000000800120dc
core   0: 0x000000008000ff78 (0xfe043703) ld      a4, -32(s0)
core   0: 3 0x000000008000ff78 (0xfe043703) x14 0x0000000080012063 mem 0x0000000080031f50
core   0: 0x000000008000ff7c (0xfcf76de3) bltu    a4, a5, pc - 38
core   0: 3 0x000000008000ff7c (0xfcf76de3)
core   0: 0x000000008000ff56 (0xfe043783) ld      a5, -32(s0)
core   0: 3 0x000000008000ff56 (0xfe043783) x15 0x0000000080012063 mem 0x0000000080031f50
core   0: 0x000000008000ff5a (0x00178713) addi    a4, a5, 1
core   0: 3 0x000000008000ff5a (0x00178713) x14 0x0000000080012064
core   0: 0x000000008000ff5e (0xfee43023) sd      a4, -32(s0)
core   0: 3 0x000000008000ff5e (0xfee43023) mem 0x0000000080031f50 0x0000000080012064
core   0: 0x000000008000ff62 (0xfc442703) lw      a4, -60(s0)
core   0: 3 0x000000008000ff62 (0xfc442703) x14 0x0000000000000000 mem 0x0000000080031f34
core   0: 0x000000008000ff66 (0x0ff77713) andi    a4, a4, 255
core   0: 3 0x000000008000ff66 (0x0ff77713) x14 0x0000000000000000
core   0: 0x000000008000ff6a (0x00e78023) sb      a4, 0(a5)
core   0: 3 0x000000008000ff6a (0x00e78023) mem 0x0000000080012063 0x00
core   0: 0x000000008000ff6e (0xfc843703) ld      a4, -56(s0)
core   0: 3 0x000000008000ff6e (0xfc843703) x14 0x0000000080012040 mem 0x0000000080031f38
core   0: 0x000000008000ff72 (0xfb843783) ld      a5, -72(s0)
core   0: 3 0x000000008000ff72 (0xfb843783) x15 0x000000000000009c mem 0x0000000080031f28
core   0: 0x000000008000ff76 (0x000097ba) c.add   a5, a4
core   0: 3 0x000000008000ff76 (0x97ba) x15 0x00000000800120dc
core   0: 0x000000008000ff78 (0xfe043703) ld      a4, -32(s0)
core   0: 3 0x000000008000ff78 (0xfe043703) x14 0x0000000080012064 mem 0x0000000080031f50
core   0: 0x000000008000ff7c (0xfcf76de3) bltu    a4, a5, pc - 38
core   0: 3 0x000000008000ff7c (0xfcf76de3)
core   0: 0x000000008000ff56 (0xfe043783) ld      a5, -32(s0)
core   0: 3 0x000000008000ff56 (0xfe043783) x15 0x0000000080012064 mem 0x0000000080031f50
core   0: 0x000000008000ff5a (0x00178713) addi    a4, a5, 1
core   0: 3 0x000000008000ff5a (0x00178713) x14 0x0000000080012065
core   0: 0x000000008000ff5e (0xfee43023) sd      a4, -32(s0)
core   0: 3 0x000000008000ff5e (0xfee43023) mem 0x0000000080031f50 0x0000000080012065
core   0: 0x000000008000ff62 (0xfc442703) lw      a4, -60(s0)
core   0: 3 0x000000008000ff62 (0xfc442703) x14 0x0000000000000000 mem 0x0000000080031f34
core   0: 0x000000008000ff66 (0x0ff77713) andi    a4, a4, 255
core   0: 3 0x000000008000ff66 (0x0ff77713) x14 0x0000000000000000
core   0: 0x000000008000ff6a (0x00e78023) sb      a4, 0(a5)
core   0: 3 0x000000008000ff6a (0x00e78023) mem 0x0000000080012064 0x00
core   0: 0x000000008000ff6e (0xfc843703) ld      a4, -56(s0)
core   0: 3 0x000000008000ff6e (0xfc843703) x14 0x0000000080012040 mem 0x0000000080031f38
core   0: 0x000000008000ff72 (0xfb843783) ld      a5, -72(s0)
core   0: 3 0x000000008000ff72 (0xfb843783) x15 0x000000000000009c mem 0x0000000080031f28
core   0: 0x000000008000ff76 (0x000097ba) c.add   a5, a4
core   0: 3 0x000000008000ff76 (0x97ba) x15 0x00000000800120dc
core   0: 0x000000008000ff78 (0xfe043703) ld      a4, -32(s0)
core   0: 3 0x000000008000ff78 (0xfe043703) x14 0x0000000080012065 mem 0x0000000080031f50
core   0: 0x000000008000ff7c (0xfcf76de3) bltu    a4, a5, pc - 38
core   0: 3 0x000000008000ff7c (0xfcf76de3)
core   0: 0x000000008000ff56 (0xfe043783) ld      a5, -32(s0)
core   0: 3 0x000000008000ff56 (0xfe043783) x15 0x0000000080012065 mem 0x0000000080031f50
core   0: 0x000000008000ff5a (0x00178713) addi    a4, a5, 1
core   0: 3 0x000000008000ff5a (0x00178713) x14 0x0000000080012066
core   0: 0x000000008000ff5e (0xfee43023) sd      a4, -32(s0)
core   0: 3 0x000000008000ff5e (0xfee43023) mem 0x0000000080031f50 0x0000000080012066
core   0: 0x000000008000ff62 (0xfc442703) lw      a4, -60(s0)
core   0: 3 0x000000008000ff62 (0xfc442703) x14 0x0000000000000000 mem 0x0000000080031f34
core   0: 0x000000008000ff66 (0x0ff77713) andi    a4, a4, 255
core   0: 3 0x000000008000ff66 (0x0ff77713) x14 0x0000000000000000
core   0: 0x000000008000ff6a (0x00e78023) sb      a4, 0(a5)
core   0: 3 0x000000008000ff6a (0x00e78023) mem 0x0000000080012065 0x00
core   0: 0x000000008000ff6e (0xfc843703) ld      a4, -56(s0)
core   0: 3 0x000000008000ff6e (0xfc843703) x14 0x0000000080012040 mem 0x0000000080031f38
core   0: 0x000000008000ff72 (0xfb843783) ld      a5, -72(s0)
core   0: 3 0x000000008000ff72 (0xfb843783) x15 0x000000000000009c mem 0x0000000080031f28
core   0: 0x000000008000ff76 (0x000097ba) c.add   a5, a4
core   0: 3 0x000000008000ff76 (0x97ba) x15 0x00000000800120dc
core   0: 0x000000008000ff78 (0xfe043703) ld      a4, -32(s0)
core   0: 3 0x000000008000ff78 (0xfe043703) x14 0x0000000080012066 mem 0x0000000080031f50
core   0: 0x000000008000ff7c (0xfcf76de3) bltu    a4, a5, pc - 38
core   0: 3 0x000000008000ff7c (0xfcf76de3)
core   0: 0x000000008000ff56 (0xfe043783) ld      a5, -32(s0)
core   0: 3 0x000000008000ff56 (0xfe043783) x15 0x0000000080012066 mem 0x0000000080031f50
core   0: 0x000000008000ff5a (0x00178713) addi    a4, a5, 1
core   0: 3 0x000000008000ff5a (0x00178713) x14 0x0000000080012067
core   0: 0x000000008000ff5e (0xfee43023) sd      a4, -32(s0)
core   0: 3 0x000000008000ff5e (0xfee43023) mem 0x0000000080031f50 0x0000000080012067
core   0: 0x000000008000ff62 (0xfc442703) lw      a4, -60(s0)
core   0: 3 0x000000008000ff62 (0xfc442703) x14 0x0000000000000000 mem 0x0000000080031f34
core   0: 0x000000008000ff66 (0x0ff77713) andi    a4, a4, 255
core   0: 3 0x000000008000ff66 (0x0ff77713) x14 0x0000000000000000
core   0: 0x000000008000ff6a (0x00e78023) sb      a4, 0(a5)
core   0: 3 0x000000008000ff6a (0x00e78023) mem 0x0000000080012066 0x00
core   0: 0x000000008000ff6e (0xfc843703) ld      a4, -56(s0)
core   0: 3 0x000000008000ff6e (0xfc843703) x14 0x0000000080012040 mem 0x0000000080031f38
core   0: 0x000000008000ff72 (0xfb843783) ld      a5, -72(s0)
core   0: 3 0x000000008000ff72 (0xfb843783) x15 0x000000000000009c mem 0x0000000080031f28
core   0: 0x000000008000ff76 (0x000097ba) c.add   a5, a4
core   0: 3 0x000000008000ff76 (0x97ba) x15 0x00000000800120dc
core   0: 0x000000008000ff78 (0xfe043703) ld      a4, -32(s0)
core   0: 3 0x000000008000ff78 (0xfe043703) x14 0x0000000080012067 mem 0x0000000080031f50
core   0: 0x000000008000ff7c (0xfcf76de3) bltu    a4, a5, pc - 38
core   0: 3 0x000000008000ff7c (0xfcf76de3)
core   0: 0x000000008000ff56 (0xfe043783) ld      a5, -32(s0)
core   0: 3 0x000000008000ff56 (0xfe043783) x15 0x0000000080012067 mem 0x0000000080031f50
core   0: 0x000000008000ff5a (0x00178713) addi    a4, a5, 1
core   0: 3 0x000000008000ff5a (0x00178713) x14 0x0000000080012068
core   0: 0x000000008000ff5e (0xfee43023) sd      a4, -32(s0)
core   0: 3 0x000000008000ff5e (0xfee43023) mem 0x0000000080031f50 0x0000000080012068
core   0: 0x000000008000ff62 (0xfc442703) lw      a4, -60(s0)
core   0: 3 0x000000008000ff62 (0xfc442703) x14 0x0000000000000000 mem 0x0000000080031f34
core   0: 0x000000008000ff66 (0x0ff77713) andi    a4, a4, 255
core   0: 3 0x000000008000ff66 (0x0ff77713) x14 0x0000000000000000
core   0: 0x000000008000ff6a (0x00e78023) sb      a4, 0(a5)
core   0: 3 0x000000008000ff6a (0x00e78023) mem 0x0000000080012067 0x00
core   0: 0x000000008000ff6e (0xfc843703) ld      a4, -56(s0)
core   0: 3 0x000000008000ff6e (0xfc843703) x14 0x0000000080012040 mem 0x0000000080031f38
core   0: 0x000000008000ff72 (0xfb843783) ld      a5, -72(s0)
core   0: 3 0x000000008000ff72 (0xfb843783) x15 0x000000000000009c mem 0x0000000080031f28
core   0: 0x000000008000ff76 (0x000097ba) c.add   a5, a4
core   0: 3 0x000000008000ff76 (0x97ba) x15 0x00000000800120dc
core   0: 0x000000008000ff78 (0xfe043703) ld      a4, -32(s0)
core   0: 3 0x000000008000ff78 (0xfe043703) x14 0x0000000080012068 mem 0x0000000080031f50
core   0: 0x000000008000ff7c (0xfcf76de3) bltu    a4, a5, pc - 38
core   0: 3 0x000000008000ff7c (0xfcf76de3)
core   0: 0x000000008000ff56 (0xfe043783) ld      a5, -32(s0)
core   0: 3 0x000000008000ff56 (0xfe043783) x15 0x0000000080012068 mem 0x0000000080031f50
core   0: 0x000000008000ff5a (0x00178713) addi    a4, a5, 1
core   0: 3 0x000000008000ff5a (0x00178713) x14 0x0000000080012069
core   0: 0x000000008000ff5e (0xfee43023) sd      a4, -32(s0)
core   0: 3 0x000000008000ff5e (0xfee43023) mem 0x0000000080031f50 0x0000000080012069
core   0: 0x000000008000ff62 (0xfc442703) lw      a4, -60(s0)
core   0: 3 0x000000008000ff62 (0xfc442703) x14 0x0000000000000000 mem 0x0000000080031f34
core   0: 0x000000008000ff66 (0x0ff77713) andi    a4, a4, 255
core   0: 3 0x000000008000ff66 (0x0ff77713) x14 0x0000000000000000
core   0: 0x000000008000ff6a (0x00e78023) sb      a4, 0(a5)
core   0: 3 0x000000008000ff6a (0x00e78023) mem 0x0000000080012068 0x00
core   0: 0x000000008000ff6e (0xfc843703) ld      a4, -56(s0)
core   0: 3 0x000000008000ff6e (0xfc843703) x14 0x0000000080012040 mem 0x0000000080031f38
core   0: 0x000000008000ff72 (0xfb843783) ld      a5, -72(s0)
core   0: 3 0x000000008000ff72 (0xfb843783) x15 0x000000000000009c mem 0x0000000080031f28
core   0: 0x000000008000ff76 (0x000097ba) c.add   a5, a4
core   0: 3 0x000000008000ff76 (0x97ba) x15 0x00000000800120dc
core   0: 0x000000008000ff78 (0xfe043703) ld      a4, -32(s0)
core   0: 3 0x000000008000ff78 (0xfe043703) x14 0x0000000080012069 mem 0x0000000080031f50
core   0: 0x000000008000ff7c (0xfcf76de3) bltu    a4, a5, pc - 38
core   0: 3 0x000000008000ff7c (0xfcf76de3)
core   0: 0x000000008000ff56 (0xfe043783) ld      a5, -32(s0)
core   0: 3 0x000000008000ff56 (0xfe043783) x15 0x0000000080012069 mem 0x0000000080031f50
core   0: 0x000000008000ff5a (0x00178713) addi    a4, a5, 1
core   0: 3 0x000000008000ff5a (0x00178713) x14 0x000000008001206a
core   0: 0x000000008000ff5e (0xfee43023) sd      a4, -32(s0)
core   0: 3 0x000000008000ff5e (0xfee43023) mem 0x0000000080031f50 0x000000008001206a
core   0: 0x000000008000ff62 (0xfc442703) lw      a4, -60(s0)
core   0: 3 0x000000008000ff62 (0xfc442703) x14 0x0000000000000000 mem 0x0000000080031f34
core   0: 0x000000008000ff66 (0x0ff77713) andi    a4, a4, 255
core   0: 3 0x000000008000ff66 (0x0ff77713) x14 0x0000000000000000
core   0: 0x000000008000ff6a (0x00e78023) sb      a4, 0(a5)
core   0: 3 0x000000008000ff6a (0x00e78023) mem 0x0000000080012069 0x00
core   0: 0x000000008000ff6e (0xfc843703) ld      a4, -56(s0)
core   0: 3 0x000000008000ff6e (0xfc843703) x14 0x0000000080012040 mem 0x0000000080031f38
core   0: 0x000000008000ff72 (0xfb843783) ld      a5, -72(s0)
core   0: 3 0x000000008000ff72 (0xfb843783) x15 0x000000000000009c mem 0x0000000080031f28
core   0: 0x000000008000ff76 (0x000097ba) c.add   a5, a4
core   0: 3 0x000000008000ff76 (0x97ba) x15 0x00000000800120dc
core   0: 0x000000008000ff78 (0xfe043703) ld      a4, -32(s0)
core   0: 3 0x000000008000ff78 (0xfe043703) x14 0x000000008001206a mem 0x0000000080031f50
core   0: 0x000000008000ff7c (0xfcf76de3) bltu    a4, a5, pc - 38
core   0: 3 0x000000008000ff7c (0xfcf76de3)
core   0: 0x000000008000ff56 (0xfe043783) ld      a5, -32(s0)
core   0: 3 0x000000008000ff56 (0xfe043783) x15 0x000000008001206a mem 0x0000000080031f50
core   0: 0x000000008000ff5a (0x00178713) addi    a4, a5, 1
core   0: 3 0x000000008000ff5a (0x00178713) x14 0x000000008001206b
core   0: 0x000000008000ff5e (0xfee43023) sd      a4, -32(s0)
core   0: 3 0x000000008000ff5e (0xfee43023) mem 0x0000000080031f50 0x000000008001206b
core   0: 0x000000008000ff62 (0xfc442703) lw      a4, -60(s0)
core   0: 3 0x000000008000ff62 (0xfc442703) x14 0x0000000000000000 mem 0x0000000080031f34
core   0: 0x000000008000ff66 (0x0ff77713) andi    a4, a4, 255
core   0: 3 0x000000008000ff66 (0x0ff77713) x14 0x0000000000000000
core   0: 0x000000008000ff6a (0x00e78023) sb      a4, 0(a5)
core   0: 3 0x000000008000ff6a (0x00e78023) mem 0x000000008001206a 0x00
core   0: 0x000000008000ff6e (0xfc843703) ld      a4, -56(s0)
core   0: 3 0x000000008000ff6e (0xfc843703) x14 0x0000000080012040 mem 0x0000000080031f38
core   0: 0x000000008000ff72 (0xfb843783) ld      a5, -72(s0)
core   0: 3 0x000000008000ff72 (0xfb843783) x15 0x000000000000009c mem 0x0000000080031f28
core   0: 0x000000008000ff76 (0x000097ba) c.add   a5, a4
core   0: 3 0x000000008000ff76 (0x97ba) x15 0x00000000800120dc
core   0: 0x000000008000ff78 (0xfe043703) ld      a4, -32(s0)
core   0: 3 0x000000008000ff78 (0xfe043703) x14 0x000000008001206b mem 0x0000000080031f50
core   0: 0x000000008000ff7c (0xfcf76de3) bltu    a4, a5, pc - 38
core   0: 3 0x000000008000ff7c (0xfcf76de3)
core   0: 0x000000008000ff56 (0xfe043783) ld      a5, -32(s0)
core   0: 3 0x000000008000ff56 (0xfe043783) x15 0x000000008001206b mem 0x0000000080031f50
core   0: 0x000000008000ff5a (0x00178713) addi    a4, a5, 1
core   0: 3 0x000000008000ff5a (0x00178713) x14 0x000000008001206c
core   0: 0x000000008000ff5e (0xfee43023) sd      a4, -32(s0)
core   0: 3 0x000000008000ff5e (0xfee43023) mem 0x0000000080031f50 0x000000008001206c
core   0: 0x000000008000ff62 (0xfc442703) lw      a4, -60(s0)
core   0: 3 0x000000008000ff62 (0xfc442703) x14 0x0000000000000000 mem 0x0000000080031f34
core   0: 0x000000008000ff66 (0x0ff77713) andi    a4, a4, 255
core   0: 3 0x000000008000ff66 (0x0ff77713) x14 0x0000000000000000
core   0: 0x000000008000ff6a (0x00e78023) sb      a4, 0(a5)
core   0: 3 0x000000008000ff6a (0x00e78023) mem 0x000000008001206b 0x00
core   0: 0x000000008000ff6e (0xfc843703) ld      a4, -56(s0)
core   0: 3 0x000000008000ff6e (0xfc843703) x14 0x0000000080012040 mem 0x0000000080031f38
core   0: 0x000000008000ff72 (0xfb843783) ld      a5, -72(s0)
core   0: 3 0x000000008000ff72 (0xfb843783) x15 0x000000000000009c mem 0x0000000080031f28
core   0: 0x000000008000ff76 (0x000097ba) c.add   a5, a4
core   0: 3 0x000000008000ff76 (0x97ba) x15 0x00000000800120dc
core   0: 0x000000008000ff78 (0xfe043703) ld      a4, -32(s0)
core   0: 3 0x000000008000ff78 (0xfe043703) x14 0x000000008001206c mem 0x0000000080031f50
core   0: 0x000000008000ff7c (0xfcf76de3) bltu    a4, a5, pc - 38
core   0: 3 0x000000008000ff7c (0xfcf76de3)
core   0: 0x000000008000ff56 (0xfe043783) ld      a5, -32(s0)
core   0: 3 0x000000008000ff56 (0xfe043783) x15 0x000000008001206c mem 0x0000000080031f50
core   0: 0x000000008000ff5a (0x00178713) addi    a4, a5, 1
core   0: 3 0x000000008000ff5a (0x00178713) x14 0x000000008001206d
core   0: 0x000000008000ff5e (0xfee43023) sd      a4, -32(s0)
core   0: 3 0x000000008000ff5e (0xfee43023) mem 0x0000000080031f50 0x000000008001206d
core   0: 0x000000008000ff62 (0xfc442703) lw      a4, -60(s0)
core   0: 3 0x000000008000ff62 (0xfc442703) x14 0x0000000000000000 mem 0x0000000080031f34
core   0: 0x000000008000ff66 (0x0ff77713) andi    a4, a4, 255
core   0: 3 0x000000008000ff66 (0x0ff77713) x14 0x0000000000000000
core   0: 0x000000008000ff6a (0x00e78023) sb      a4, 0(a5)
core   0: 3 0x000000008000ff6a (0x00e78023) mem 0x000000008001206c 0x00
core   0: 0x000000008000ff6e (0xfc843703) ld      a4, -56(s0)
core   0: 3 0x000000008000ff6e (0xfc843703) x14 0x0000000080012040 mem 0x0000000080031f38
core   0: 0x000000008000ff72 (0xfb843783) ld      a5, -72(s0)
core   0: 3 0x000000008000ff72 (0xfb843783) x15 0x000000000000009c mem 0x0000000080031f28
core   0: 0x000000008000ff76 (0x000097ba) c.add   a5, a4
core   0: 3 0x000000008000ff76 (0x97ba) x15 0x00000000800120dc
core   0: 0x000000008000ff78 (0xfe043703) ld      a4, -32(s0)
core   0: 3 0x000000008000ff78 (0xfe043703) x14 0x000000008001206d mem 0x0000000080031f50
core   0: 0x000000008000ff7c (0xfcf76de3) bltu    a4, a5, pc - 38
core   0: 3 0x000000008000ff7c (0xfcf76de3)
core   0: 0x000000008000ff56 (0xfe043783) ld      a5, -32(s0)
core   0: 3 0x000000008000ff56 (0xfe043783) x15 0x000000008001206d mem 0x0000000080031f50
core   0: 0x000000008000ff5a (0x00178713) addi    a4, a5, 1
core   0: 3 0x000000008000ff5a (0x00178713) x14 0x000000008001206e
core   0: 0x000000008000ff5e (0xfee43023) sd      a4, -32(s0)
core   0: 3 0x000000008000ff5e (0xfee43023) mem 0x0000000080031f50 0x000000008001206e
core   0: 0x000000008000ff62 (0xfc442703) lw      a4, -60(s0)
core   0: 3 0x000000008000ff62 (0xfc442703) x14 0x0000000000000000 mem 0x0000000080031f34
core   0: 0x000000008000ff66 (0x0ff77713) andi    a4, a4, 255
core   0: 3 0x000000008000ff66 (0x0ff77713) x14 0x0000000000000000
core   0: 0x000000008000ff6a (0x00e78023) sb      a4, 0(a5)
core   0: 3 0x000000008000ff6a (0x00e78023) mem 0x000000008001206d 0x00
core   0: 0x000000008000ff6e (0xfc843703) ld      a4, -56(s0)
core   0: 3 0x000000008000ff6e (0xfc843703) x14 0x0000000080012040 mem 0x0000000080031f38
core   0: 0x000000008000ff72 (0xfb843783) ld      a5, -72(s0)
core   0: 3 0x000000008000ff72 (0xfb843783) x15 0x000000000000009c mem 0x0000000080031f28
core   0: 0x000000008000ff76 (0x000097ba) c.add   a5, a4
core   0: 3 0x000000008000ff76 (0x97ba) x15 0x00000000800120dc
core   0: 0x000000008000ff78 (0xfe043703) ld      a4, -32(s0)
core   0: 3 0x000000008000ff78 (0xfe043703) x14 0x000000008001206e mem 0x0000000080031f50
core   0: 0x000000008000ff7c (0xfcf76de3) bltu    a4, a5, pc - 38
core   0: 3 0x000000008000ff7c (0xfcf76de3)
core   0: 0x000000008000ff56 (0xfe043783) ld      a5, -32(s0)
core   0: 3 0x000000008000ff56 (0xfe043783) x15 0x000000008001206e mem 0x0000000080031f50
core   0: 0x000000008000ff5a (0x00178713) addi    a4, a5, 1
core   0: 3 0x000000008000ff5a (0x00178713) x14 0x000000008001206f
core   0: 0x000000008000ff5e (0xfee43023) sd      a4, -32(s0)
core   0: 3 0x000000008000ff5e (0xfee43023) mem 0x0000000080031f50 0x000000008001206f
core   0: 0x000000008000ff62 (0xfc442703) lw      a4, -60(s0)
core   0: 3 0x000000008000ff62 (0xfc442703) x14 0x0000000000000000 mem 0x0000000080031f34
core   0: 0x000000008000ff66 (0x0ff77713) andi    a4, a4, 255
core   0: 3 0x000000008000ff66 (0x0ff77713) x14 0x0000000000000000
core   0: 0x000000008000ff6a (0x00e78023) sb      a4, 0(a5)
core   0: 3 0x000000008000ff6a (0x00e78023) mem 0x000000008001206e 0x00
core   0: 0x000000008000ff6e (0xfc843703) ld      a4, -56(s0)
core   0: 3 0x000000008000ff6e (0xfc843703) x14 0x0000000080012040 mem 0x0000000080031f38
core   0: 0x000000008000ff72 (0xfb843783) ld      a5, -72(s0)
core   0: 3 0x000000008000ff72 (0xfb843783) x15 0x000000000000009c mem 0x0000000080031f28
core   0: 0x000000008000ff76 (0x000097ba) c.add   a5, a4
core   0: 3 0x000000008000ff76 (0x97ba) x15 0x00000000800120dc
core   0: 0x000000008000ff78 (0xfe043703) ld      a4, -32(s0)
core   0: 3 0x000000008000ff78 (0xfe043703) x14 0x000000008001206f mem 0x0000000080031f50
core   0: 0x000000008000ff7c (0xfcf76de3) bltu    a4, a5, pc - 38
core   0: 3 0x000000008000ff7c (0xfcf76de3)
core   0: 0x000000008000ff56 (0xfe043783) ld      a5, -32(s0)
core   0: 3 0x000000008000ff56 (0xfe043783) x15 0x000000008001206f mem 0x0000000080031f50
core   0: 0x000000008000ff5a (0x00178713) addi    a4, a5, 1
core   0: 3 0x000000008000ff5a (0x00178713) x14 0x0000000080012070
core   0: 0x000000008000ff5e (0xfee43023) sd      a4, -32(s0)
core   0: 3 0x000000008000ff5e (0xfee43023) mem 0x0000000080031f50 0x0000000080012070
core   0: 0x000000008000ff62 (0xfc442703) lw      a4, -60(s0)
core   0: 3 0x000000008000ff62 (0xfc442703) x14 0x0000000000000000 mem 0x0000000080031f34
core   0: 0x000000008000ff66 (0x0ff77713) andi    a4, a4, 255
core   0: 3 0x000000008000ff66 (0x0ff77713) x14 0x0000000000000000
core   0: 0x000000008000ff6a (0x00e78023) sb      a4, 0(a5)
core   0: 3 0x000000008000ff6a (0x00e78023) mem 0x000000008001206f 0x00
core   0: 0x000000008000ff6e (0xfc843703) ld      a4, -56(s0)
core   0: 3 0x000000008000ff6e (0xfc843703) x14 0x0000000080012040 mem 0x0000000080031f38
core   0: 0x000000008000ff72 (0xfb843783) ld      a5, -72(s0)
core   0: 3 0x000000008000ff72 (0xfb843783) x15 0x000000000000009c mem 0x0000000080031f28
core   0: 0x000000008000ff76 (0x000097ba) c.add   a5, a4
core   0: 3 0x000000008000ff76 (0x97ba) x15 0x00000000800120dc
core   0: 0x000000008000ff78 (0xfe043703) ld      a4, -32(s0)
core   0: 3 0x000000008000ff78 (0xfe043703) x14 0x0000000080012070 mem 0x0000000080031f50
core   0: 0x000000008000ff7c (0xfcf76de3) bltu    a4, a5, pc - 38
core   0: 3 0x000000008000ff7c (0xfcf76de3)
core   0: 0x000000008000ff56 (0xfe043783) ld      a5, -32(s0)
core   0: 3 0x000000008000ff56 (0xfe043783) x15 0x0000000080012070 mem 0x0000000080031f50
core   0: 0x000000008000ff5a (0x00178713) addi    a4, a5, 1
core   0: 3 0x000000008000ff5a (0x00178713) x14 0x0000000080012071
core   0: 0x000000008000ff5e (0xfee43023) sd      a4, -32(s0)
core   0: 3 0x000000008000ff5e (0xfee43023) mem 0x0000000080031f50 0x0000000080012071
core   0: 0x000000008000ff62 (0xfc442703) lw      a4, -60(s0)
core   0: 3 0x000000008000ff62 (0xfc442703) x14 0x0000000000000000 mem 0x0000000080031f34
core   0: 0x000000008000ff66 (0x0ff77713) andi    a4, a4, 255
core   0: 3 0x000000008000ff66 (0x0ff77713) x14 0x0000000000000000
core   0: 0x000000008000ff6a (0x00e78023) sb      a4, 0(a5)
core   0: 3 0x000000008000ff6a (0x00e78023) mem 0x0000000080012070 0x00
core   0: 0x000000008000ff6e (0xfc843703) ld      a4, -56(s0)
core   0: 3 0x000000008000ff6e (0xfc843703) x14 0x0000000080012040 mem 0x0000000080031f38
core   0: 0x000000008000ff72 (0xfb843783) ld      a5, -72(s0)
core   0: 3 0x000000008000ff72 (0xfb843783) x15 0x000000000000009c mem 0x0000000080031f28
core   0: 0x000000008000ff76 (0x000097ba) c.add   a5, a4
core   0: 3 0x000000008000ff76 (0x97ba) x15 0x00000000800120dc
core   0: 0x000000008000ff78 (0xfe043703) ld      a4, -32(s0)
core   0: 3 0x000000008000ff78 (0xfe043703) x14 0x0000000080012071 mem 0x0000000080031f50
core   0: 0x000000008000ff7c (0xfcf76de3) bltu    a4, a5, pc - 38
core   0: 3 0x000000008000ff7c (0xfcf76de3)
core   0: 0x000000008000ff56 (0xfe043783) ld      a5, -32(s0)
core   0: 3 0x000000008000ff56 (0xfe043783) x15 0x0000000080012071 mem 0x0000000080031f50
core   0: 0x000000008000ff5a (0x00178713) addi    a4, a5, 1
core   0: 3 0x000000008000ff5a (0x00178713) x14 0x0000000080012072
core   0: 0x000000008000ff5e (0xfee43023) sd      a4, -32(s0)
core   0: 3 0x000000008000ff5e (0xfee43023) mem 0x0000000080031f50 0x0000000080012072
core   0: 0x000000008000ff62 (0xfc442703) lw      a4, -60(s0)
core   0: 3 0x000000008000ff62 (0xfc442703) x14 0x0000000000000000 mem 0x0000000080031f34
core   0: 0x000000008000ff66 (0x0ff77713) andi    a4, a4, 255
core   0: 3 0x000000008000ff66 (0x0ff77713) x14 0x0000000000000000
core   0: 0x000000008000ff6a (0x00e78023) sb      a4, 0(a5)
core   0: 3 0x000000008000ff6a (0x00e78023) mem 0x0000000080012071 0x00
core   0: 0x000000008000ff6e (0xfc843703) ld      a4, -56(s0)
core   0: 3 0x000000008000ff6e (0xfc843703) x14 0x0000000080012040 mem 0x0000000080031f38
core   0: 0x000000008000ff72 (0xfb843783) ld      a5, -72(s0)
core   0: 3 0x000000008000ff72 (0xfb843783) x15 0x000000000000009c mem 0x0000000080031f28
core   0: 0x000000008000ff76 (0x000097ba) c.add   a5, a4
core   0: 3 0x000000008000ff76 (0x97ba) x15 0x00000000800120dc
core   0: 0x000000008000ff78 (0xfe043703) ld      a4, -32(s0)
core   0: 3 0x000000008000ff78 (0xfe043703) x14 0x0000000080012072 mem 0x0000000080031f50
core   0: 0x000000008000ff7c (0xfcf76de3) bltu    a4, a5, pc - 38
core   0: 3 0x000000008000ff7c (0xfcf76de3)
core   0: 0x000000008000ff56 (0xfe043783) ld      a5, -32(s0)
core   0: 3 0x000000008000ff56 (0xfe043783) x15 0x0000000080012072 mem 0x0000000080031f50
core   0: 0x000000008000ff5a (0x00178713) addi    a4, a5, 1
core   0: 3 0x000000008000ff5a (0x00178713) x14 0x0000000080012073
core   0: 0x000000008000ff5e (0xfee43023) sd      a4, -32(s0)
core   0: 3 0x000000008000ff5e (0xfee43023) mem 0x0000000080031f50 0x0000000080012073
core   0: 0x000000008000ff62 (0xfc442703) lw      a4, -60(s0)
core   0: 3 0x000000008000ff62 (0xfc442703) x14 0x0000000000000000 mem 0x0000000080031f34
core   0: 0x000000008000ff66 (0x0ff77713) andi    a4, a4, 255
core   0: 3 0x000000008000ff66 (0x0ff77713) x14 0x0000000000000000
core   0: 0x000000008000ff6a (0x00e78023) sb      a4, 0(a5)
core   0: 3 0x000000008000ff6a (0x00e78023) mem 0x0000000080012072 0x00
core   0: 0x000000008000ff6e (0xfc843703) ld      a4, -56(s0)
core   0: 3 0x000000008000ff6e (0xfc843703) x14 0x0000000080012040 mem 0x0000000080031f38
core   0: 0x000000008000ff72 (0xfb843783) ld      a5, -72(s0)
core   0: 3 0x000000008000ff72 (0xfb843783) x15 0x000000000000009c mem 0x0000000080031f28
core   0: 0x000000008000ff76 (0x000097ba) c.add   a5, a4
core   0: 3 0x000000008000ff76 (0x97ba) x15 0x00000000800120dc
core   0: 0x000000008000ff78 (0xfe043703) ld      a4, -32(s0)
core   0: 3 0x000000008000ff78 (0xfe043703) x14 0x0000000080012073 mem 0x0000000080031f50
core   0: 0x000000008000ff7c (0xfcf76de3) bltu    a4, a5, pc - 38
core   0: 3 0x000000008000ff7c (0xfcf76de3)
core   0: 0x000000008000ff56 (0xfe043783) ld      a5, -32(s0)
core   0: 3 0x000000008000ff56 (0xfe043783) x15 0x0000000080012073 mem 0x0000000080031f50
core   0: 0x000000008000ff5a (0x00178713) addi    a4, a5, 1
core   0: 3 0x000000008000ff5a (0x00178713) x14 0x0000000080012074
core   0: 0x000000008000ff5e (0xfee43023) sd      a4, -32(s0)
core   0: 3 0x000000008000ff5e (0xfee43023) mem 0x0000000080031f50 0x0000000080012074
core   0: 0x000000008000ff62 (0xfc442703) lw      a4, -60(s0)
core   0: 3 0x000000008000ff62 (0xfc442703) x14 0x0000000000000000 mem 0x0000000080031f34
core   0: 0x000000008000ff66 (0x0ff77713) andi    a4, a4, 255
core   0: 3 0x000000008000ff66 (0x0ff77713) x14 0x0000000000000000
core   0: 0x000000008000ff6a (0x00e78023) sb      a4, 0(a5)
core   0: 3 0x000000008000ff6a (0x00e78023) mem 0x0000000080012073 0x00
core   0: 0x000000008000ff6e (0xfc843703) ld      a4, -56(s0)
core   0: 3 0x000000008000ff6e (0xfc843703) x14 0x0000000080012040 mem 0x0000000080031f38
core   0: 0x000000008000ff72 (0xfb843783) ld      a5, -72(s0)
core   0: 3 0x000000008000ff72 (0xfb843783) x15 0x000000000000009c mem 0x0000000080031f28
core   0: 0x000000008000ff76 (0x000097ba) c.add   a5, a4
core   0: 3 0x000000008000ff76 (0x97ba) x15 0x00000000800120dc
core   0: 0x000000008000ff78 (0xfe043703) ld      a4, -32(s0)
core   0: 3 0x000000008000ff78 (0xfe043703) x14 0x0000000080012074 mem 0x0000000080031f50
core   0: 0x000000008000ff7c (0xfcf76de3) bltu    a4, a5, pc - 38
core   0: 3 0x000000008000ff7c (0xfcf76de3)
core   0: 0x000000008000ff56 (0xfe043783) ld      a5, -32(s0)
core   0: 3 0x000000008000ff56 (0xfe043783) x15 0x0000000080012074 mem 0x0000000080031f50
core   0: 0x000000008000ff5a (0x00178713) addi    a4, a5, 1
core   0: 3 0x000000008000ff5a (0x00178713) x14 0x0000000080012075
core   0: 0x000000008000ff5e (0xfee43023) sd      a4, -32(s0)
core   0: 3 0x000000008000ff5e (0xfee43023) mem 0x0000000080031f50 0x0000000080012075
core   0: 0x000000008000ff62 (0xfc442703) lw      a4, -60(s0)
core   0: 3 0x000000008000ff62 (0xfc442703) x14 0x0000000000000000 mem 0x0000000080031f34
core   0: 0x000000008000ff66 (0x0ff77713) andi    a4, a4, 255
core   0: 3 0x000000008000ff66 (0x0ff77713) x14 0x0000000000000000
core   0: 0x000000008000ff6a (0x00e78023) sb      a4, 0(a5)
core   0: 3 0x000000008000ff6a (0x00e78023) mem 0x0000000080012074 0x00
core   0: 0x000000008000ff6e (0xfc843703) ld      a4, -56(s0)
core   0: 3 0x000000008000ff6e (0xfc843703) x14 0x0000000080012040 mem 0x0000000080031f38
core   0: 0x000000008000ff72 (0xfb843783) ld      a5, -72(s0)
core   0: 3 0x000000008000ff72 (0xfb843783) x15 0x000000000000009c mem 0x0000000080031f28
core   0: 0x000000008000ff76 (0x000097ba) c.add   a5, a4
core   0: 3 0x000000008000ff76 (0x97ba) x15 0x00000000800120dc
core   0: 0x000000008000ff78 (0xfe043703) ld      a4, -32(s0)
core   0: 3 0x000000008000ff78 (0xfe043703) x14 0x0000000080012075 mem 0x0000000080031f50
core   0: 0x000000008000ff7c (0xfcf76de3) bltu    a4, a5, pc - 38
core   0: 3 0x000000008000ff7c (0xfcf76de3)
core   0: 0x000000008000ff56 (0xfe043783) ld      a5, -32(s0)
core   0: 3 0x000000008000ff56 (0xfe043783) x15 0x0000000080012075 mem 0x0000000080031f50
core   0: 0x000000008000ff5a (0x00178713) addi    a4, a5, 1
core   0: 3 0x000000008000ff5a (0x00178713) x14 0x0000000080012076
core   0: 0x000000008000ff5e (0xfee43023) sd      a4, -32(s0)
core   0: 3 0x000000008000ff5e (0xfee43023) mem 0x0000000080031f50 0x0000000080012076
core   0: 0x000000008000ff62 (0xfc442703) lw      a4, -60(s0)
core   0: 3 0x000000008000ff62 (0xfc442703) x14 0x0000000000000000 mem 0x0000000080031f34
core   0: 0x000000008000ff66 (0x0ff77713) andi    a4, a4, 255
core   0: 3 0x000000008000ff66 (0x0ff77713) x14 0x0000000000000000
core   0: 0x000000008000ff6a (0x00e78023) sb      a4, 0(a5)
core   0: 3 0x000000008000ff6a (0x00e78023) mem 0x0000000080012075 0x00
core   0: 0x000000008000ff6e (0xfc843703) ld      a4, -56(s0)
core   0: 3 0x000000008000ff6e (0xfc843703) x14 0x0000000080012040 mem 0x0000000080031f38
core   0: 0x000000008000ff72 (0xfb843783) ld      a5, -72(s0)
core   0: 3 0x000000008000ff72 (0xfb843783) x15 0x000000000000009c mem 0x0000000080031f28
core   0: 0x000000008000ff76 (0x000097ba) c.add   a5, a4
core   0: 3 0x000000008000ff76 (0x97ba) x15 0x00000000800120dc
core   0: 0x000000008000ff78 (0xfe043703) ld      a4, -32(s0)
core   0: 3 0x000000008000ff78 (0xfe043703) x14 0x0000000080012076 mem 0x0000000080031f50
core   0: 0x000000008000ff7c (0xfcf76de3) bltu    a4, a5, pc - 38
core   0: 3 0x000000008000ff7c (0xfcf76de3)
core   0: 0x000000008000ff56 (0xfe043783) ld      a5, -32(s0)
core   0: 3 0x000000008000ff56 (0xfe043783) x15 0x0000000080012076 mem 0x0000000080031f50
core   0: 0x000000008000ff5a (0x00178713) addi    a4, a5, 1
core   0: 3 0x000000008000ff5a (0x00178713) x14 0x0000000080012077
core   0: 0x000000008000ff5e (0xfee43023) sd      a4, -32(s0)
core   0: 3 0x000000008000ff5e (0xfee43023) mem 0x0000000080031f50 0x0000000080012077
core   0: 0x000000008000ff62 (0xfc442703) lw      a4, -60(s0)
core   0: 3 0x000000008000ff62 (0xfc442703) x14 0x0000000000000000 mem 0x0000000080031f34
core   0: 0x000000008000ff66 (0x0ff77713) andi    a4, a4, 255
core   0: 3 0x000000008000ff66 (0x0ff77713) x14 0x0000000000000000
core   0: 0x000000008000ff6a (0x00e78023) sb      a4, 0(a5)
core   0: 3 0x000000008000ff6a (0x00e78023) mem 0x0000000080012076 0x00
core   0: 0x000000008000ff6e (0xfc843703) ld      a4, -56(s0)
core   0: 3 0x000000008000ff6e (0xfc843703) x14 0x0000000080012040 mem 0x0000000080031f38
core   0: 0x000000008000ff72 (0xfb843783) ld      a5, -72(s0)
core   0: 3 0x000000008000ff72 (0xfb843783) x15 0x000000000000009c mem 0x0000000080031f28
core   0: 0x000000008000ff76 (0x000097ba) c.add   a5, a4
core   0: 3 0x000000008000ff76 (0x97ba) x15 0x00000000800120dc
core   0: 0x000000008000ff78 (0xfe043703) ld      a4, -32(s0)
core   0: 3 0x000000008000ff78 (0xfe043703) x14 0x0000000080012077 mem 0x0000000080031f50
core   0: 0x000000008000ff7c (0xfcf76de3) bltu    a4, a5, pc - 38
core   0: 3 0x000000008000ff7c (0xfcf76de3)
core   0: 0x000000008000ff56 (0xfe043783) ld      a5, -32(s0)
core   0: 3 0x000000008000ff56 (0xfe043783) x15 0x0000000080012077 mem 0x0000000080031f50
core   0: 0x000000008000ff5a (0x00178713) addi    a4, a5, 1
core   0: 3 0x000000008000ff5a (0x00178713) x14 0x0000000080012078
core   0: 0x000000008000ff5e (0xfee43023) sd      a4, -32(s0)
core   0: 3 0x000000008000ff5e (0xfee43023) mem 0x0000000080031f50 0x0000000080012078
core   0: 0x000000008000ff62 (0xfc442703) lw      a4, -60(s0)
core   0: 3 0x000000008000ff62 (0xfc442703) x14 0x0000000000000000 mem 0x0000000080031f34
core   0: 0x000000008000ff66 (0x0ff77713) andi    a4, a4, 255
core   0: 3 0x000000008000ff66 (0x0ff77713) x14 0x0000000000000000
core   0: 0x000000008000ff6a (0x00e78023) sb      a4, 0(a5)
core   0: 3 0x000000008000ff6a (0x00e78023) mem 0x0000000080012077 0x00
core   0: 0x000000008000ff6e (0xfc843703) ld      a4, -56(s0)
core   0: 3 0x000000008000ff6e (0xfc843703) x14 0x0000000080012040 mem 0x0000000080031f38
core   0: 0x000000008000ff72 (0xfb843783) ld      a5, -72(s0)
core   0: 3 0x000000008000ff72 (0xfb843783) x15 0x000000000000009c mem 0x0000000080031f28
core   0: 0x000000008000ff76 (0x000097ba) c.add   a5, a4
core   0: 3 0x000000008000ff76 (0x97ba) x15 0x00000000800120dc
core   0: 0x000000008000ff78 (0xfe043703) ld      a4, -32(s0)
core   0: 3 0x000000008000ff78 (0xfe043703) x14 0x0000000080012078 mem 0x0000000080031f50
core   0: 0x000000008000ff7c (0xfcf76de3) bltu    a4, a5, pc - 38
core   0: 3 0x000000008000ff7c (0xfcf76de3)
core   0: 0x000000008000ff56 (0xfe043783) ld      a5, -32(s0)
core   0: 3 0x000000008000ff56 (0xfe043783) x15 0x0000000080012078 mem 0x0000000080031f50
core   0: 0x000000008000ff5a (0x00178713) addi    a4, a5, 1
core   0: 3 0x000000008000ff5a (0x00178713) x14 0x0000000080012079
core   0: 0x000000008000ff5e (0xfee43023) sd      a4, -32(s0)
core   0: 3 0x000000008000ff5e (0xfee43023) mem 0x0000000080031f50 0x0000000080012079
core   0: 0x000000008000ff62 (0xfc442703) lw      a4, -60(s0)
core   0: 3 0x000000008000ff62 (0xfc442703) x14 0x0000000000000000 mem 0x0000000080031f34
core   0: 0x000000008000ff66 (0x0ff77713) andi    a4, a4, 255
core   0: 3 0x000000008000ff66 (0x0ff77713) x14 0x0000000000000000
core   0: 0x000000008000ff6a (0x00e78023) sb      a4, 0(a5)
core   0: 3 0x000000008000ff6a (0x00e78023) mem 0x0000000080012078 0x00
core   0: 0x000000008000ff6e (0xfc843703) ld      a4, -56(s0)
core   0: 3 0x000000008000ff6e (0xfc843703) x14 0x0000000080012040 mem 0x0000000080031f38
core   0: 0x000000008000ff72 (0xfb843783) ld      a5, -72(s0)
core   0: 3 0x000000008000ff72 (0xfb843783) x15 0x000000000000009c mem 0x0000000080031f28
core   0: 0x000000008000ff76 (0x000097ba) c.add   a5, a4
core   0: 3 0x000000008000ff76 (0x97ba) x15 0x00000000800120dc
core   0: 0x000000008000ff78 (0xfe043703) ld      a4, -32(s0)
core   0: 3 0x000000008000ff78 (0xfe043703) x14 0x0000000080012079 mem 0x0000000080031f50
core   0: 0x000000008000ff7c (0xfcf76de3) bltu    a4, a5, pc - 38
core   0: 3 0x000000008000ff7c (0xfcf76de3)
core   0: 0x000000008000ff56 (0xfe043783) ld      a5, -32(s0)
core   0: 3 0x000000008000ff56 (0xfe043783) x15 0x0000000080012079 mem 0x0000000080031f50
core   0: 0x000000008000ff5a (0x00178713) addi    a4, a5, 1
core   0: 3 0x000000008000ff5a (0x00178713) x14 0x000000008001207a
core   0: 0x000000008000ff5e (0xfee43023) sd      a4, -32(s0)
core   0: 3 0x000000008000ff5e (0xfee43023) mem 0x0000000080031f50 0x000000008001207a
core   0: 0x000000008000ff62 (0xfc442703) lw      a4, -60(s0)
core   0: 3 0x000000008000ff62 (0xfc442703) x14 0x0000000000000000 mem 0x0000000080031f34
core   0: 0x000000008000ff66 (0x0ff77713) andi    a4, a4, 255
core   0: 3 0x000000008000ff66 (0x0ff77713) x14 0x0000000000000000
core   0: 0x000000008000ff6a (0x00e78023) sb      a4, 0(a5)
core   0: 3 0x000000008000ff6a (0x00e78023) mem 0x0000000080012079 0x00
core   0: 0x000000008000ff6e (0xfc843703) ld      a4, -56(s0)
core   0: 3 0x000000008000ff6e (0xfc843703) x14 0x0000000080012040 mem 0x0000000080031f38
core   0: 0x000000008000ff72 (0xfb843783) ld      a5, -72(s0)
core   0: 3 0x000000008000ff72 (0xfb843783) x15 0x000000000000009c mem 0x0000000080031f28
core   0: 0x000000008000ff76 (0x000097ba) c.add   a5, a4
core   0: 3 0x000000008000ff76 (0x97ba) x15 0x00000000800120dc
core   0: 0x000000008000ff78 (0xfe043703) ld      a4, -32(s0)
core   0: 3 0x000000008000ff78 (0xfe043703) x14 0x000000008001207a mem 0x0000000080031f50
core   0: 0x000000008000ff7c (0xfcf76de3) bltu    a4, a5, pc - 38
core   0: 3 0x000000008000ff7c (0xfcf76de3)
core   0: 0x000000008000ff56 (0xfe043783) ld      a5, -32(s0)
core   0: 3 0x000000008000ff56 (0xfe043783) x15 0x000000008001207a mem 0x0000000080031f50
core   0: 0x000000008000ff5a (0x00178713) addi    a4, a5, 1
core   0: 3 0x000000008000ff5a (0x00178713) x14 0x000000008001207b
core   0: 0x000000008000ff5e (0xfee43023) sd      a4, -32(s0)
core   0: 3 0x000000008000ff5e (0xfee43023) mem 0x0000000080031f50 0x000000008001207b
core   0: 0x000000008000ff62 (0xfc442703) lw      a4, -60(s0)
core   0: 3 0x000000008000ff62 (0xfc442703) x14 0x0000000000000000 mem 0x0000000080031f34
core   0: 0x000000008000ff66 (0x0ff77713) andi    a4, a4, 255
core   0: 3 0x000000008000ff66 (0x0ff77713) x14 0x0000000000000000
core   0: 0x000000008000ff6a (0x00e78023) sb      a4, 0(a5)
core   0: 3 0x000000008000ff6a (0x00e78023) mem 0x000000008001207a 0x00
core   0: 0x000000008000ff6e (0xfc843703) ld      a4, -56(s0)
core   0: 3 0x000000008000ff6e (0xfc843703) x14 0x0000000080012040 mem 0x0000000080031f38
core   0: 0x000000008000ff72 (0xfb843783) ld      a5, -72(s0)
core   0: 3 0x000000008000ff72 (0xfb843783) x15 0x000000000000009c mem 0x0000000080031f28
core   0: 0x000000008000ff76 (0x000097ba) c.add   a5, a4
core   0: 3 0x000000008000ff76 (0x97ba) x15 0x00000000800120dc
core   0: 0x000000008000ff78 (0xfe043703) ld      a4, -32(s0)
core   0: 3 0x000000008000ff78 (0xfe043703) x14 0x000000008001207b mem 0x0000000080031f50
core   0: 0x000000008000ff7c (0xfcf76de3) bltu    a4, a5, pc - 38
core   0: 3 0x000000008000ff7c (0xfcf76de3)
core   0: 0x000000008000ff56 (0xfe043783) ld      a5, -32(s0)
core   0: 3 0x000000008000ff56 (0xfe043783) x15 0x000000008001207b mem 0x0000000080031f50
core   0: 0x000000008000ff5a (0x00178713) addi    a4, a5, 1
core   0: 3 0x000000008000ff5a (0x00178713) x14 0x000000008001207c
core   0: 0x000000008000ff5e (0xfee43023) sd      a4, -32(s0)
core   0: 3 0x000000008000ff5e (0xfee43023) mem 0x0000000080031f50 0x000000008001207c
core   0: 0x000000008000ff62 (0xfc442703) lw      a4, -60(s0)
core   0: 3 0x000000008000ff62 (0xfc442703) x14 0x0000000000000000 mem 0x0000000080031f34
core   0: 0x000000008000ff66 (0x0ff77713) andi    a4, a4, 255
core   0: 3 0x000000008000ff66 (0x0ff77713) x14 0x0000000000000000
core   0: 0x000000008000ff6a (0x00e78023) sb      a4, 0(a5)
core   0: 3 0x000000008000ff6a (0x00e78023) mem 0x000000008001207b 0x00
core   0: 0x000000008000ff6e (0xfc843703) ld      a4, -56(s0)
core   0: 3 0x000000008000ff6e (0xfc843703) x14 0x0000000080012040 mem 0x0000000080031f38
core   0: 0x000000008000ff72 (0xfb843783) ld      a5, -72(s0)
core   0: 3 0x000000008000ff72 (0xfb843783) x15 0x000000000000009c mem 0x0000000080031f28
core   0: 0x000000008000ff76 (0x000097ba) c.add   a5, a4
core   0: 3 0x000000008000ff76 (0x97ba) x15 0x00000000800120dc
core   0: 0x000000008000ff78 (0xfe043703) ld      a4, -32(s0)
core   0: 3 0x000000008000ff78 (0xfe043703) x14 0x000000008001207c mem 0x0000000080031f50
core   0: 0x000000008000ff7c (0xfcf76de3) bltu    a4, a5, pc - 38
core   0: 3 0x000000008000ff7c (0xfcf76de3)
core   0: 0x000000008000ff56 (0xfe043783) ld      a5, -32(s0)
core   0: 3 0x000000008000ff56 (0xfe043783) x15 0x000000008001207c mem 0x0000000080031f50
core   0: 0x000000008000ff5a (0x00178713) addi    a4, a5, 1
core   0: 3 0x000000008000ff5a (0x00178713) x14 0x000000008001207d
core   0: 0x000000008000ff5e (0xfee43023) sd      a4, -32(s0)
core   0: 3 0x000000008000ff5e (0xfee43023) mem 0x0000000080031f50 0x000000008001207d
core   0: 0x000000008000ff62 (0xfc442703) lw      a4, -60(s0)
core   0: 3 0x000000008000ff62 (0xfc442703) x14 0x0000000000000000 mem 0x0000000080031f34
core   0: 0x000000008000ff66 (0x0ff77713) andi    a4, a4, 255
core   0: 3 0x000000008000ff66 (0x0ff77713) x14 0x0000000000000000
core   0: 0x000000008000ff6a (0x00e78023) sb      a4, 0(a5)
core   0: 3 0x000000008000ff6a (0x00e78023) mem 0x000000008001207c 0x00
core   0: 0x000000008000ff6e (0xfc843703) ld      a4, -56(s0)
core   0: 3 0x000000008000ff6e (0xfc843703) x14 0x0000000080012040 mem 0x0000000080031f38
core   0: 0x000000008000ff72 (0xfb843783) ld      a5, -72(s0)
core   0: 3 0x000000008000ff72 (0xfb843783) x15 0x000000000000009c mem 0x0000000080031f28
core   0: 0x000000008000ff76 (0x000097ba) c.add   a5, a4
core   0: 3 0x000000008000ff76 (0x97ba) x15 0x00000000800120dc
core   0: 0x000000008000ff78 (0xfe043703) ld      a4, -32(s0)
core   0: 3 0x000000008000ff78 (0xfe043703) x14 0x000000008001207d mem 0x0000000080031f50
core   0: 0x000000008000ff7c (0xfcf76de3) bltu    a4, a5, pc - 38
core   0: 3 0x000000008000ff7c (0xfcf76de3)
core   0: 0x000000008000ff56 (0xfe043783) ld      a5, -32(s0)
core   0: 3 0x000000008000ff56 (0xfe043783) x15 0x000000008001207d mem 0x0000000080031f50
core   0: 0x000000008000ff5a (0x00178713) addi    a4, a5, 1
core   0: 3 0x000000008000ff5a (0x00178713) x14 0x000000008001207e
core   0: 0x000000008000ff5e (0xfee43023) sd      a4, -32(s0)
core   0: 3 0x000000008000ff5e (0xfee43023) mem 0x0000000080031f50 0x000000008001207e
core   0: 0x000000008000ff62 (0xfc442703) lw      a4, -60(s0)
core   0: 3 0x000000008000ff62 (0xfc442703) x14 0x0000000000000000 mem 0x0000000080031f34
core   0: 0x000000008000ff66 (0x0ff77713) andi    a4, a4, 255
core   0: 3 0x000000008000ff66 (0x0ff77713) x14 0x0000000000000000
core   0: 0x000000008000ff6a (0x00e78023) sb      a4, 0(a5)
core   0: 3 0x000000008000ff6a (0x00e78023) mem 0x000000008001207d 0x00
core   0: 0x000000008000ff6e (0xfc843703) ld      a4, -56(s0)
core   0: 3 0x000000008000ff6e (0xfc843703) x14 0x0000000080012040 mem 0x0000000080031f38
core   0: 0x000000008000ff72 (0xfb843783) ld      a5, -72(s0)
core   0: 3 0x000000008000ff72 (0xfb843783) x15 0x000000000000009c mem 0x0000000080031f28
core   0: 0x000000008000ff76 (0x000097ba) c.add   a5, a4
core   0: 3 0x000000008000ff76 (0x97ba) x15 0x00000000800120dc
core   0: 0x000000008000ff78 (0xfe043703) ld      a4, -32(s0)
core   0: 3 0x000000008000ff78 (0xfe043703) x14 0x000000008001207e mem 0x0000000080031f50
core   0: 0x000000008000ff7c (0xfcf76de3) bltu    a4, a5, pc - 38
core   0: 3 0x000000008000ff7c (0xfcf76de3)
core   0: 0x000000008000ff56 (0xfe043783) ld      a5, -32(s0)
core   0: 3 0x000000008000ff56 (0xfe043783) x15 0x000000008001207e mem 0x0000000080031f50
core   0: 0x000000008000ff5a (0x00178713) addi    a4, a5, 1
core   0: 3 0x000000008000ff5a (0x00178713) x14 0x000000008001207f
core   0: 0x000000008000ff5e (0xfee43023) sd      a4, -32(s0)
core   0: 3 0x000000008000ff5e (0xfee43023) mem 0x0000000080031f50 0x000000008001207f
core   0: 0x000000008000ff62 (0xfc442703) lw      a4, -60(s0)
core   0: 3 0x000000008000ff62 (0xfc442703) x14 0x0000000000000000 mem 0x0000000080031f34
core   0: 0x000000008000ff66 (0x0ff77713) andi    a4, a4, 255
core   0: 3 0x000000008000ff66 (0x0ff77713) x14 0x0000000000000000
core   0: 0x000000008000ff6a (0x00e78023) sb      a4, 0(a5)
core   0: 3 0x000000008000ff6a (0x00e78023) mem 0x000000008001207e 0x00
core   0: 0x000000008000ff6e (0xfc843703) ld      a4, -56(s0)
core   0: 3 0x000000008000ff6e (0xfc843703) x14 0x0000000080012040 mem 0x0000000080031f38
core   0: 0x000000008000ff72 (0xfb843783) ld      a5, -72(s0)
core   0: 3 0x000000008000ff72 (0xfb843783) x15 0x000000000000009c mem 0x0000000080031f28
core   0: 0x000000008000ff76 (0x000097ba) c.add   a5, a4
core   0: 3 0x000000008000ff76 (0x97ba) x15 0x00000000800120dc
core   0: 0x000000008000ff78 (0xfe043703) ld      a4, -32(s0)
core   0: 3 0x000000008000ff78 (0xfe043703) x14 0x000000008001207f mem 0x0000000080031f50
core   0: 0x000000008000ff7c (0xfcf76de3) bltu    a4, a5, pc - 38
core   0: 3 0x000000008000ff7c (0xfcf76de3)
core   0: 0x000000008000ff56 (0xfe043783) ld      a5, -32(s0)
core   0: 3 0x000000008000ff56 (0xfe043783) x15 0x000000008001207f mem 0x0000000080031f50
core   0: 0x000000008000ff5a (0x00178713) addi    a4, a5, 1
core   0: 3 0x000000008000ff5a (0x00178713) x14 0x0000000080012080
core   0: 0x000000008000ff5e (0xfee43023) sd      a4, -32(s0)
core   0: 3 0x000000008000ff5e (0xfee43023) mem 0x0000000080031f50 0x0000000080012080
core   0: 0x000000008000ff62 (0xfc442703) lw      a4, -60(s0)
core   0: 3 0x000000008000ff62 (0xfc442703) x14 0x0000000000000000 mem 0x0000000080031f34
core   0: 0x000000008000ff66 (0x0ff77713) andi    a4, a4, 255
core   0: 3 0x000000008000ff66 (0x0ff77713) x14 0x0000000000000000
core   0: 0x000000008000ff6a (0x00e78023) sb      a4, 0(a5)
core   0: 3 0x000000008000ff6a (0x00e78023) mem 0x000000008001207f 0x00
core   0: 0x000000008000ff6e (0xfc843703) ld      a4, -56(s0)
core   0: 3 0x000000008000ff6e (0xfc843703) x14 0x0000000080012040 mem 0x0000000080031f38
core   0: 0x000000008000ff72 (0xfb843783) ld      a5, -72(s0)
core   0: 3 0x000000008000ff72 (0xfb843783) x15 0x000000000000009c mem 0x0000000080031f28
core   0: 0x000000008000ff76 (0x000097ba) c.add   a5, a4
core   0: 3 0x000000008000ff76 (0x97ba) x15 0x00000000800120dc
core   0: 0x000000008000ff78 (0xfe043703) ld      a4, -32(s0)
core   0: 3 0x000000008000ff78 (0xfe043703) x14 0x0000000080012080 mem 0x0000000080031f50
core   0: 0x000000008000ff7c (0xfcf76de3) bltu    a4, a5, pc - 38
core   0: 3 0x000000008000ff7c (0xfcf76de3)
core   0: 0x000000008000ff56 (0xfe043783) ld      a5, -32(s0)
core   0: 3 0x000000008000ff56 (0xfe043783) x15 0x0000000080012080 mem 0x0000000080031f50
core   0: 0x000000008000ff5a (0x00178713) addi    a4, a5, 1
core   0: 3 0x000000008000ff5a (0x00178713) x14 0x0000000080012081
core   0: 0x000000008000ff5e (0xfee43023) sd      a4, -32(s0)
core   0: 3 0x000000008000ff5e (0xfee43023) mem 0x0000000080031f50 0x0000000080012081
core   0: 0x000000008000ff62 (0xfc442703) lw      a4, -60(s0)
core   0: 3 0x000000008000ff62 (0xfc442703) x14 0x0000000000000000 mem 0x0000000080031f34
core   0: 0x000000008000ff66 (0x0ff77713) andi    a4, a4, 255
core   0: 3 0x000000008000ff66 (0x0ff77713) x14 0x0000000000000000
core   0: 0x000000008000ff6a (0x00e78023) sb      a4, 0(a5)
core   0: 3 0x000000008000ff6a (0x00e78023) mem 0x0000000080012080 0x00
core   0: 0x000000008000ff6e (0xfc843703) ld      a4, -56(s0)
core   0: 3 0x000000008000ff6e (0xfc843703) x14 0x0000000080012040 mem 0x0000000080031f38
core   0: 0x000000008000ff72 (0xfb843783) ld      a5, -72(s0)
core   0: 3 0x000000008000ff72 (0xfb843783) x15 0x000000000000009c mem 0x0000000080031f28
core   0: 0x000000008000ff76 (0x000097ba) c.add   a5, a4
core   0: 3 0x000000008000ff76 (0x97ba) x15 0x00000000800120dc
core   0: 0x000000008000ff78 (0xfe043703) ld      a4, -32(s0)
core   0: 3 0x000000008000ff78 (0xfe043703) x14 0x0000000080012081 mem 0x0000000080031f50
core   0: 0x000000008000ff7c (0xfcf76de3) bltu    a4, a5, pc - 38
core   0: 3 0x000000008000ff7c (0xfcf76de3)
core   0: 0x000000008000ff56 (0xfe043783) ld      a5, -32(s0)
core   0: 3 0x000000008000ff56 (0xfe043783) x15 0x0000000080012081 mem 0x0000000080031f50
core   0: 0x000000008000ff5a (0x00178713) addi    a4, a5, 1
core   0: 3 0x000000008000ff5a (0x00178713) x14 0x0000000080012082
core   0: 0x000000008000ff5e (0xfee43023) sd      a4, -32(s0)
core   0: 3 0x000000008000ff5e (0xfee43023) mem 0x0000000080031f50 0x0000000080012082
core   0: 0x000000008000ff62 (0xfc442703) lw      a4, -60(s0)
core   0: 3 0x000000008000ff62 (0xfc442703) x14 0x0000000000000000 mem 0x0000000080031f34
core   0: 0x000000008000ff66 (0x0ff77713) andi    a4, a4, 255
core   0: 3 0x000000008000ff66 (0x0ff77713) x14 0x0000000000000000
core   0: 0x000000008000ff6a (0x00e78023) sb      a4, 0(a5)
core   0: 3 0x000000008000ff6a (0x00e78023) mem 0x0000000080012081 0x00
core   0: 0x000000008000ff6e (0xfc843703) ld      a4, -56(s0)
core   0: 3 0x000000008000ff6e (0xfc843703) x14 0x0000000080012040 mem 0x0000000080031f38
core   0: 0x000000008000ff72 (0xfb843783) ld      a5, -72(s0)
core   0: 3 0x000000008000ff72 (0xfb843783) x15 0x000000000000009c mem 0x0000000080031f28
core   0: 0x000000008000ff76 (0x000097ba) c.add   a5, a4
core   0: 3 0x000000008000ff76 (0x97ba) x15 0x00000000800120dc
core   0: 0x000000008000ff78 (0xfe043703) ld      a4, -32(s0)
core   0: 3 0x000000008000ff78 (0xfe043703) x14 0x0000000080012082 mem 0x0000000080031f50
core   0: 0x000000008000ff7c (0xfcf76de3) bltu    a4, a5, pc - 38
core   0: 3 0x000000008000ff7c (0xfcf76de3)
core   0: 0x000000008000ff56 (0xfe043783) ld      a5, -32(s0)
core   0: 3 0x000000008000ff56 (0xfe043783) x15 0x0000000080012082 mem 0x0000000080031f50
core   0: 0x000000008000ff5a (0x00178713) addi    a4, a5, 1
core   0: 3 0x000000008000ff5a (0x00178713) x14 0x0000000080012083
core   0: 0x000000008000ff5e (0xfee43023) sd      a4, -32(s0)
core   0: 3 0x000000008000ff5e (0xfee43023) mem 0x0000000080031f50 0x0000000080012083
core   0: 0x000000008000ff62 (0xfc442703) lw      a4, -60(s0)
core   0: 3 0x000000008000ff62 (0xfc442703) x14 0x0000000000000000 mem 0x0000000080031f34
core   0: 0x000000008000ff66 (0x0ff77713) andi    a4, a4, 255
core   0: 3 0x000000008000ff66 (0x0ff77713) x14 0x0000000000000000
core   0: 0x000000008000ff6a (0x00e78023) sb      a4, 0(a5)
core   0: 3 0x000000008000ff6a (0x00e78023) mem 0x0000000080012082 0x00
core   0: 0x000000008000ff6e (0xfc843703) ld      a4, -56(s0)
core   0: 3 0x000000008000ff6e (0xfc843703) x14 0x0000000080012040 mem 0x0000000080031f38
core   0: 0x000000008000ff72 (0xfb843783) ld      a5, -72(s0)
core   0: 3 0x000000008000ff72 (0xfb843783) x15 0x000000000000009c mem 0x0000000080031f28
core   0: 0x000000008000ff76 (0x000097ba) c.add   a5, a4
core   0: 3 0x000000008000ff76 (0x97ba) x15 0x00000000800120dc
core   0: 0x000000008000ff78 (0xfe043703) ld      a4, -32(s0)
core   0: 3 0x000000008000ff78 (0xfe043703) x14 0x0000000080012083 mem 0x0000000080031f50
core   0: 0x000000008000ff7c (0xfcf76de3) bltu    a4, a5, pc - 38
core   0: 3 0x000000008000ff7c (0xfcf76de3)
core   0: 0x000000008000ff56 (0xfe043783) ld      a5, -32(s0)
core   0: 3 0x000000008000ff56 (0xfe043783) x15 0x0000000080012083 mem 0x0000000080031f50
core   0: 0x000000008000ff5a (0x00178713) addi    a4, a5, 1
core   0: 3 0x000000008000ff5a (0x00178713) x14 0x0000000080012084
core   0: 0x000000008000ff5e (0xfee43023) sd      a4, -32(s0)
core   0: 3 0x000000008000ff5e (0xfee43023) mem 0x0000000080031f50 0x0000000080012084
core   0: 0x000000008000ff62 (0xfc442703) lw      a4, -60(s0)
core   0: 3 0x000000008000ff62 (0xfc442703) x14 0x0000000000000000 mem 0x0000000080031f34
core   0: 0x000000008000ff66 (0x0ff77713) andi    a4, a4, 255
core   0: 3 0x000000008000ff66 (0x0ff77713) x14 0x0000000000000000
core   0: 0x000000008000ff6a (0x00e78023) sb      a4, 0(a5)
core   0: 3 0x000000008000ff6a (0x00e78023) mem 0x0000000080012083 0x00
core   0: 0x000000008000ff6e (0xfc843703) ld      a4, -56(s0)
core   0: 3 0x000000008000ff6e (0xfc843703) x14 0x0000000080012040 mem 0x0000000080031f38
core   0: 0x000000008000ff72 (0xfb843783) ld      a5, -72(s0)
core   0: 3 0x000000008000ff72 (0xfb843783) x15 0x000000000000009c mem 0x0000000080031f28
core   0: 0x000000008000ff76 (0x000097ba) c.add   a5, a4
core   0: 3 0x000000008000ff76 (0x97ba) x15 0x00000000800120dc
core   0: 0x000000008000ff78 (0xfe043703) ld      a4, -32(s0)
core   0: 3 0x000000008000ff78 (0xfe043703) x14 0x0000000080012084 mem 0x0000000080031f50
core   0: 0x000000008000ff7c (0xfcf76de3) bltu    a4, a5, pc - 38
core   0: 3 0x000000008000ff7c (0xfcf76de3)
core   0: 0x000000008000ff56 (0xfe043783) ld      a5, -32(s0)
core   0: 3 0x000000008000ff56 (0xfe043783) x15 0x0000000080012084 mem 0x0000000080031f50
core   0: 0x000000008000ff5a (0x00178713) addi    a4, a5, 1
core   0: 3 0x000000008000ff5a (0x00178713) x14 0x0000000080012085
core   0: 0x000000008000ff5e (0xfee43023) sd      a4, -32(s0)
core   0: 3 0x000000008000ff5e (0xfee43023) mem 0x0000000080031f50 0x0000000080012085
core   0: 0x000000008000ff62 (0xfc442703) lw      a4, -60(s0)
core   0: 3 0x000000008000ff62 (0xfc442703) x14 0x0000000000000000 mem 0x0000000080031f34
core   0: 0x000000008000ff66 (0x0ff77713) andi    a4, a4, 255
core   0: 3 0x000000008000ff66 (0x0ff77713) x14 0x0000000000000000
core   0: 0x000000008000ff6a (0x00e78023) sb      a4, 0(a5)
core   0: 3 0x000000008000ff6a (0x00e78023) mem 0x0000000080012084 0x00
core   0: 0x000000008000ff6e (0xfc843703) ld      a4, -56(s0)
core   0: 3 0x000000008000ff6e (0xfc843703) x14 0x0000000080012040 mem 0x0000000080031f38
core   0: 0x000000008000ff72 (0xfb843783) ld      a5, -72(s0)
core   0: 3 0x000000008000ff72 (0xfb843783) x15 0x000000000000009c mem 0x0000000080031f28
core   0: 0x000000008000ff76 (0x000097ba) c.add   a5, a4
core   0: 3 0x000000008000ff76 (0x97ba) x15 0x00000000800120dc
core   0: 0x000000008000ff78 (0xfe043703) ld      a4, -32(s0)
core   0: 3 0x000000008000ff78 (0xfe043703) x14 0x0000000080012085 mem 0x0000000080031f50
core   0: 0x000000008000ff7c (0xfcf76de3) bltu    a4, a5, pc - 38
core   0: 3 0x000000008000ff7c (0xfcf76de3)
core   0: 0x000000008000ff56 (0xfe043783) ld      a5, -32(s0)
core   0: 3 0x000000008000ff56 (0xfe043783) x15 0x0000000080012085 mem 0x0000000080031f50
core   0: 0x000000008000ff5a (0x00178713) addi    a4, a5, 1
core   0: 3 0x000000008000ff5a (0x00178713) x14 0x0000000080012086
core   0: 0x000000008000ff5e (0xfee43023) sd      a4, -32(s0)
core   0: 3 0x000000008000ff5e (0xfee43023) mem 0x0000000080031f50 0x0000000080012086
core   0: 0x000000008000ff62 (0xfc442703) lw      a4, -60(s0)
core   0: 3 0x000000008000ff62 (0xfc442703) x14 0x0000000000000000 mem 0x0000000080031f34
core   0: 0x000000008000ff66 (0x0ff77713) andi    a4, a4, 255
core   0: 3 0x000000008000ff66 (0x0ff77713) x14 0x0000000000000000
core   0: 0x000000008000ff6a (0x00e78023) sb      a4, 0(a5)
core   0: 3 0x000000008000ff6a (0x00e78023) mem 0x0000000080012085 0x00
core   0: 0x000000008000ff6e (0xfc843703) ld      a4, -56(s0)
core   0: 3 0x000000008000ff6e (0xfc843703) x14 0x0000000080012040 mem 0x0000000080031f38
core   0: 0x000000008000ff72 (0xfb843783) ld      a5, -72(s0)
core   0: 3 0x000000008000ff72 (0xfb843783) x15 0x000000000000009c mem 0x0000000080031f28
core   0: 0x000000008000ff76 (0x000097ba) c.add   a5, a4
core   0: 3 0x000000008000ff76 (0x97ba) x15 0x00000000800120dc
core   0: 0x000000008000ff78 (0xfe043703) ld      a4, -32(s0)
core   0: 3 0x000000008000ff78 (0xfe043703) x14 0x0000000080012086 mem 0x0000000080031f50
core   0: 0x000000008000ff7c (0xfcf76de3) bltu    a4, a5, pc - 38
core   0: 3 0x000000008000ff7c (0xfcf76de3)
core   0: 0x000000008000ff56 (0xfe043783) ld      a5, -32(s0)
core   0: 3 0x000000008000ff56 (0xfe043783) x15 0x0000000080012086 mem 0x0000000080031f50
core   0: 0x000000008000ff5a (0x00178713) addi    a4, a5, 1
core   0: 3 0x000000008000ff5a (0x00178713) x14 0x0000000080012087
core   0: 0x000000008000ff5e (0xfee43023) sd      a4, -32(s0)
core   0: 3 0x000000008000ff5e (0xfee43023) mem 0x0000000080031f50 0x0000000080012087
core   0: 0x000000008000ff62 (0xfc442703) lw      a4, -60(s0)
core   0: 3 0x000000008000ff62 (0xfc442703) x14 0x0000000000000000 mem 0x0000000080031f34
core   0: 0x000000008000ff66 (0x0ff77713) andi    a4, a4, 255
core   0: 3 0x000000008000ff66 (0x0ff77713) x14 0x0000000000000000
core   0: 0x000000008000ff6a (0x00e78023) sb      a4, 0(a5)
core   0: 3 0x000000008000ff6a (0x00e78023) mem 0x0000000080012086 0x00
core   0: 0x000000008000ff6e (0xfc843703) ld      a4, -56(s0)
core   0: 3 0x000000008000ff6e (0xfc843703) x14 0x0000000080012040 mem 0x0000000080031f38
core   0: 0x000000008000ff72 (0xfb843783) ld      a5, -72(s0)
core   0: 3 0x000000008000ff72 (0xfb843783) x15 0x000000000000009c mem 0x0000000080031f28
core   0: 0x000000008000ff76 (0x000097ba) c.add   a5, a4
core   0: 3 0x000000008000ff76 (0x97ba) x15 0x00000000800120dc
core   0: 0x000000008000ff78 (0xfe043703) ld      a4, -32(s0)
core   0: 3 0x000000008000ff78 (0xfe043703) x14 0x0000000080012087 mem 0x0000000080031f50
core   0: 0x000000008000ff7c (0xfcf76de3) bltu    a4, a5, pc - 38
core   0: 3 0x000000008000ff7c (0xfcf76de3)
core   0: 0x000000008000ff56 (0xfe043783) ld      a5, -32(s0)
core   0: 3 0x000000008000ff56 (0xfe043783) x15 0x0000000080012087 mem 0x0000000080031f50
core   0: 0x000000008000ff5a (0x00178713) addi    a4, a5, 1
core   0: 3 0x000000008000ff5a (0x00178713) x14 0x0000000080012088
core   0: 0x000000008000ff5e (0xfee43023) sd      a4, -32(s0)
core   0: 3 0x000000008000ff5e (0xfee43023) mem 0x0000000080031f50 0x0000000080012088
core   0: 0x000000008000ff62 (0xfc442703) lw      a4, -60(s0)
core   0: 3 0x000000008000ff62 (0xfc442703) x14 0x0000000000000000 mem 0x0000000080031f34
core   0: 0x000000008000ff66 (0x0ff77713) andi    a4, a4, 255
core   0: 3 0x000000008000ff66 (0x0ff77713) x14 0x0000000000000000
core   0: 0x000000008000ff6a (0x00e78023) sb      a4, 0(a5)
core   0: 3 0x000000008000ff6a (0x00e78023) mem 0x0000000080012087 0x00
core   0: 0x000000008000ff6e (0xfc843703) ld      a4, -56(s0)
core   0: 3 0x000000008000ff6e (0xfc843703) x14 0x0000000080012040 mem 0x0000000080031f38
core   0: 0x000000008000ff72 (0xfb843783) ld      a5, -72(s0)
core   0: 3 0x000000008000ff72 (0xfb843783) x15 0x000000000000009c mem 0x0000000080031f28
core   0: 0x000000008000ff76 (0x000097ba) c.add   a5, a4
core   0: 3 0x000000008000ff76 (0x97ba) x15 0x00000000800120dc
core   0: 0x000000008000ff78 (0xfe043703) ld      a4, -32(s0)
core   0: 3 0x000000008000ff78 (0xfe043703) x14 0x0000000080012088 mem 0x0000000080031f50
core   0: 0x000000008000ff7c (0xfcf76de3) bltu    a4, a5, pc - 38
core   0: 3 0x000000008000ff7c (0xfcf76de3)
core   0: 0x000000008000ff56 (0xfe043783) ld      a5, -32(s0)
core   0: 3 0x000000008000ff56 (0xfe043783) x15 0x0000000080012088 mem 0x0000000080031f50
core   0: 0x000000008000ff5a (0x00178713) addi    a4, a5, 1
core   0: 3 0x000000008000ff5a (0x00178713) x14 0x0000000080012089
core   0: 0x000000008000ff5e (0xfee43023) sd      a4, -32(s0)
core   0: 3 0x000000008000ff5e (0xfee43023) mem 0x0000000080031f50 0x0000000080012089
core   0: 0x000000008000ff62 (0xfc442703) lw      a4, -60(s0)
core   0: 3 0x000000008000ff62 (0xfc442703) x14 0x0000000000000000 mem 0x0000000080031f34
core   0: 0x000000008000ff66 (0x0ff77713) andi    a4, a4, 255
core   0: 3 0x000000008000ff66 (0x0ff77713) x14 0x0000000000000000
core   0: 0x000000008000ff6a (0x00e78023) sb      a4, 0(a5)
core   0: 3 0x000000008000ff6a (0x00e78023) mem 0x0000000080012088 0x00
core   0: 0x000000008000ff6e (0xfc843703) ld      a4, -56(s0)
core   0: 3 0x000000008000ff6e (0xfc843703) x14 0x0000000080012040 mem 0x0000000080031f38
core   0: 0x000000008000ff72 (0xfb843783) ld      a5, -72(s0)
core   0: 3 0x000000008000ff72 (0xfb843783) x15 0x000000000000009c mem 0x0000000080031f28
core   0: 0x000000008000ff76 (0x000097ba) c.add   a5, a4
core   0: 3 0x000000008000ff76 (0x97ba) x15 0x00000000800120dc
core   0: 0x000000008000ff78 (0xfe043703) ld      a4, -32(s0)
core   0: 3 0x000000008000ff78 (0xfe043703) x14 0x0000000080012089 mem 0x0000000080031f50
core   0: 0x000000008000ff7c (0xfcf76de3) bltu    a4, a5, pc - 38
core   0: 3 0x000000008000ff7c (0xfcf76de3)
core   0: 0x000000008000ff56 (0xfe043783) ld      a5, -32(s0)
core   0: 3 0x000000008000ff56 (0xfe043783) x15 0x0000000080012089 mem 0x0000000080031f50
core   0: 0x000000008000ff5a (0x00178713) addi    a4, a5, 1
core   0: 3 0x000000008000ff5a (0x00178713) x14 0x000000008001208a
core   0: 0x000000008000ff5e (0xfee43023) sd      a4, -32(s0)
core   0: 3 0x000000008000ff5e (0xfee43023) mem 0x0000000080031f50 0x000000008001208a
core   0: 0x000000008000ff62 (0xfc442703) lw      a4, -60(s0)
core   0: 3 0x000000008000ff62 (0xfc442703) x14 0x0000000000000000 mem 0x0000000080031f34
core   0: 0x000000008000ff66 (0x0ff77713) andi    a4, a4, 255
core   0: 3 0x000000008000ff66 (0x0ff77713) x14 0x0000000000000000
core   0: 0x000000008000ff6a (0x00e78023) sb      a4, 0(a5)
core   0: 3 0x000000008000ff6a (0x00e78023) mem 0x0000000080012089 0x00
core   0: 0x000000008000ff6e (0xfc843703) ld      a4, -56(s0)
core   0: 3 0x000000008000ff6e (0xfc843703) x14 0x0000000080012040 mem 0x0000000080031f38
core   0: 0x000000008000ff72 (0xfb843783) ld      a5, -72(s0)
core   0: 3 0x000000008000ff72 (0xfb843783) x15 0x000000000000009c mem 0x0000000080031f28
core   0: 0x000000008000ff76 (0x000097ba) c.add   a5, a4
core   0: 3 0x000000008000ff76 (0x97ba) x15 0x00000000800120dc
core   0: 0x000000008000ff78 (0xfe043703) ld      a4, -32(s0)
core   0: 3 0x000000008000ff78 (0xfe043703) x14 0x000000008001208a mem 0x0000000080031f50
core   0: 0x000000008000ff7c (0xfcf76de3) bltu    a4, a5, pc - 38
core   0: 3 0x000000008000ff7c (0xfcf76de3)
core   0: 0x000000008000ff56 (0xfe043783) ld      a5, -32(s0)
core   0: 3 0x000000008000ff56 (0xfe043783) x15 0x000000008001208a mem 0x0000000080031f50
core   0: 0x000000008000ff5a (0x00178713) addi    a4, a5, 1
core   0: 3 0x000000008000ff5a (0x00178713) x14 0x000000008001208b
core   0: 0x000000008000ff5e (0xfee43023) sd      a4, -32(s0)
core   0: 3 0x000000008000ff5e (0xfee43023) mem 0x0000000080031f50 0x000000008001208b
core   0: 0x000000008000ff62 (0xfc442703) lw      a4, -60(s0)
core   0: 3 0x000000008000ff62 (0xfc442703) x14 0x0000000000000000 mem 0x0000000080031f34
core   0: 0x000000008000ff66 (0x0ff77713) andi    a4, a4, 255
core   0: 3 0x000000008000ff66 (0x0ff77713) x14 0x0000000000000000
core   0: 0x000000008000ff6a (0x00e78023) sb      a4, 0(a5)
core   0: 3 0x000000008000ff6a (0x00e78023) mem 0x000000008001208a 0x00
core   0: 0x000000008000ff6e (0xfc843703) ld      a4, -56(s0)
core   0: 3 0x000000008000ff6e (0xfc843703) x14 0x0000000080012040 mem 0x0000000080031f38
core   0: 0x000000008000ff72 (0xfb843783) ld      a5, -72(s0)
core   0: 3 0x000000008000ff72 (0xfb843783) x15 0x000000000000009c mem 0x0000000080031f28
core   0: 0x000000008000ff76 (0x000097ba) c.add   a5, a4
core   0: 3 0x000000008000ff76 (0x97ba) x15 0x00000000800120dc
core   0: 0x000000008000ff78 (0xfe043703) ld      a4, -32(s0)
core   0: 3 0x000000008000ff78 (0xfe043703) x14 0x000000008001208b mem 0x0000000080031f50
core   0: 0x000000008000ff7c (0xfcf76de3) bltu    a4, a5, pc - 38
core   0: 3 0x000000008000ff7c (0xfcf76de3)
core   0: 0x000000008000ff56 (0xfe043783) ld      a5, -32(s0)
core   0: 3 0x000000008000ff56 (0xfe043783) x15 0x000000008001208b mem 0x0000000080031f50
core   0: 0x000000008000ff5a (0x00178713) addi    a4, a5, 1
core   0: 3 0x000000008000ff5a (0x00178713) x14 0x000000008001208c
core   0: 0x000000008000ff5e (0xfee43023) sd      a4, -32(s0)
core   0: 3 0x000000008000ff5e (0xfee43023) mem 0x0000000080031f50 0x000000008001208c
core   0: 0x000000008000ff62 (0xfc442703) lw      a4, -60(s0)
core   0: 3 0x000000008000ff62 (0xfc442703) x14 0x0000000000000000 mem 0x0000000080031f34
core   0: 0x000000008000ff66 (0x0ff77713) andi    a4, a4, 255
core   0: 3 0x000000008000ff66 (0x0ff77713) x14 0x0000000000000000
core   0: 0x000000008000ff6a (0x00e78023) sb      a4, 0(a5)
core   0: 3 0x000000008000ff6a (0x00e78023) mem 0x000000008001208b 0x00
core   0: 0x000000008000ff6e (0xfc843703) ld      a4, -56(s0)
core   0: 3 0x000000008000ff6e (0xfc843703) x14 0x0000000080012040 mem 0x0000000080031f38
core   0: 0x000000008000ff72 (0xfb843783) ld      a5, -72(s0)
core   0: 3 0x000000008000ff72 (0xfb843783) x15 0x000000000000009c mem 0x0000000080031f28
core   0: 0x000000008000ff76 (0x000097ba) c.add   a5, a4
core   0: 3 0x000000008000ff76 (0x97ba) x15 0x00000000800120dc
core   0: 0x000000008000ff78 (0xfe043703) ld      a4, -32(s0)
core   0: 3 0x000000008000ff78 (0xfe043703) x14 0x000000008001208c mem 0x0000000080031f50
core   0: 0x000000008000ff7c (0xfcf76de3) bltu    a4, a5, pc - 38
core   0: 3 0x000000008000ff7c (0xfcf76de3)
core   0: 0x000000008000ff56 (0xfe043783) ld      a5, -32(s0)
core   0: 3 0x000000008000ff56 (0xfe043783) x15 0x000000008001208c mem 0x0000000080031f50
core   0: 0x000000008000ff5a (0x00178713) addi    a4, a5, 1
core   0: 3 0x000000008000ff5a (0x00178713) x14 0x000000008001208d
core   0: 0x000000008000ff5e (0xfee43023) sd      a4, -32(s0)
core   0: 3 0x000000008000ff5e (0xfee43023) mem 0x0000000080031f50 0x000000008001208d
core   0: 0x000000008000ff62 (0xfc442703) lw      a4, -60(s0)
core   0: 3 0x000000008000ff62 (0xfc442703) x14 0x0000000000000000 mem 0x0000000080031f34
core   0: 0x000000008000ff66 (0x0ff77713) andi    a4, a4, 255
core   0: 3 0x000000008000ff66 (0x0ff77713) x14 0x0000000000000000
core   0: 0x000000008000ff6a (0x00e78023) sb      a4, 0(a5)
core   0: 3 0x000000008000ff6a (0x00e78023) mem 0x000000008001208c 0x00
core   0: 0x000000008000ff6e (0xfc843703) ld      a4, -56(s0)
core   0: 3 0x000000008000ff6e (0xfc843703) x14 0x0000000080012040 mem 0x0000000080031f38
core   0: 0x000000008000ff72 (0xfb843783) ld      a5, -72(s0)
core   0: 3 0x000000008000ff72 (0xfb843783) x15 0x000000000000009c mem 0x0000000080031f28
core   0: 0x000000008000ff76 (0x000097ba) c.add   a5, a4
core   0: 3 0x000000008000ff76 (0x97ba) x15 0x00000000800120dc
core   0: 0x000000008000ff78 (0xfe043703) ld      a4, -32(s0)
core   0: 3 0x000000008000ff78 (0xfe043703) x14 0x000000008001208d mem 0x0000000080031f50
core   0: 0x000000008000ff7c (0xfcf76de3) bltu    a4, a5, pc - 38
core   0: 3 0x000000008000ff7c (0xfcf76de3)
core   0: 0x000000008000ff56 (0xfe043783) ld      a5, -32(s0)
core   0: 3 0x000000008000ff56 (0xfe043783) x15 0x000000008001208d mem 0x0000000080031f50
core   0: 0x000000008000ff5a (0x00178713) addi    a4, a5, 1
core   0: 3 0x000000008000ff5a (0x00178713) x14 0x000000008001208e
core   0: 0x000000008000ff5e (0xfee43023) sd      a4, -32(s0)
core   0: 3 0x000000008000ff5e (0xfee43023) mem 0x0000000080031f50 0x000000008001208e
core   0: 0x000000008000ff62 (0xfc442703) lw      a4, -60(s0)
core   0: 3 0x000000008000ff62 (0xfc442703) x14 0x0000000000000000 mem 0x0000000080031f34
core   0: 0x000000008000ff66 (0x0ff77713) andi    a4, a4, 255
core   0: 3 0x000000008000ff66 (0x0ff77713) x14 0x0000000000000000
core   0: 0x000000008000ff6a (0x00e78023) sb      a4, 0(a5)
core   0: 3 0x000000008000ff6a (0x00e78023) mem 0x000000008001208d 0x00
core   0: 0x000000008000ff6e (0xfc843703) ld      a4, -56(s0)
core   0: 3 0x000000008000ff6e (0xfc843703) x14 0x0000000080012040 mem 0x0000000080031f38
core   0: 0x000000008000ff72 (0xfb843783) ld      a5, -72(s0)
core   0: 3 0x000000008000ff72 (0xfb843783) x15 0x000000000000009c mem 0x0000000080031f28
core   0: 0x000000008000ff76 (0x000097ba) c.add   a5, a4
core   0: 3 0x000000008000ff76 (0x97ba) x15 0x00000000800120dc
core   0: 0x000000008000ff78 (0xfe043703) ld      a4, -32(s0)
core   0: 3 0x000000008000ff78 (0xfe043703) x14 0x000000008001208e mem 0x0000000080031f50
core   0: 0x000000008000ff7c (0xfcf76de3) bltu    a4, a5, pc - 38
core   0: 3 0x000000008000ff7c (0xfcf76de3)
core   0: 0x000000008000ff56 (0xfe043783) ld      a5, -32(s0)
core   0: 3 0x000000008000ff56 (0xfe043783) x15 0x000000008001208e mem 0x0000000080031f50
core   0: 0x000000008000ff5a (0x00178713) addi    a4, a5, 1
core   0: 3 0x000000008000ff5a (0x00178713) x14 0x000000008001208f
core   0: 0x000000008000ff5e (0xfee43023) sd      a4, -32(s0)
core   0: 3 0x000000008000ff5e (0xfee43023) mem 0x0000000080031f50 0x000000008001208f
core   0: 0x000000008000ff62 (0xfc442703) lw      a4, -60(s0)
core   0: 3 0x000000008000ff62 (0xfc442703) x14 0x0000000000000000 mem 0x0000000080031f34
core   0: 0x000000008000ff66 (0x0ff77713) andi    a4, a4, 255
core   0: 3 0x000000008000ff66 (0x0ff77713) x14 0x0000000000000000
core   0: 0x000000008000ff6a (0x00e78023) sb      a4, 0(a5)
core   0: 3 0x000000008000ff6a (0x00e78023) mem 0x000000008001208e 0x00
core   0: 0x000000008000ff6e (0xfc843703) ld      a4, -56(s0)
core   0: 3 0x000000008000ff6e (0xfc843703) x14 0x0000000080012040 mem 0x0000000080031f38
core   0: 0x000000008000ff72 (0xfb843783) ld      a5, -72(s0)
core   0: 3 0x000000008000ff72 (0xfb843783) x15 0x000000000000009c mem 0x0000000080031f28
core   0: 0x000000008000ff76 (0x000097ba) c.add   a5, a4
core   0: 3 0x000000008000ff76 (0x97ba) x15 0x00000000800120dc
core   0: 0x000000008000ff78 (0xfe043703) ld      a4, -32(s0)
core   0: 3 0x000000008000ff78 (0xfe043703) x14 0x000000008001208f mem 0x0000000080031f50
core   0: 0x000000008000ff7c (0xfcf76de3) bltu    a4, a5, pc - 38
core   0: 3 0x000000008000ff7c (0xfcf76de3)
core   0: 0x000000008000ff56 (0xfe043783) ld      a5, -32(s0)
core   0: 3 0x000000008000ff56 (0xfe043783) x15 0x000000008001208f mem 0x0000000080031f50
core   0: 0x000000008000ff5a (0x00178713) addi    a4, a5, 1
core   0: 3 0x000000008000ff5a (0x00178713) x14 0x0000000080012090
core   0: 0x000000008000ff5e (0xfee43023) sd      a4, -32(s0)
core   0: 3 0x000000008000ff5e (0xfee43023) mem 0x0000000080031f50 0x0000000080012090
core   0: 0x000000008000ff62 (0xfc442703) lw      a4, -60(s0)
core   0: 3 0x000000008000ff62 (0xfc442703) x14 0x0000000000000000 mem 0x0000000080031f34
core   0: 0x000000008000ff66 (0x0ff77713) andi    a4, a4, 255
core   0: 3 0x000000008000ff66 (0x0ff77713) x14 0x0000000000000000
core   0: 0x000000008000ff6a (0x00e78023) sb      a4, 0(a5)
core   0: 3 0x000000008000ff6a (0x00e78023) mem 0x000000008001208f 0x00
core   0: 0x000000008000ff6e (0xfc843703) ld      a4, -56(s0)
core   0: 3 0x000000008000ff6e (0xfc843703) x14 0x0000000080012040 mem 0x0000000080031f38
core   0: 0x000000008000ff72 (0xfb843783) ld      a5, -72(s0)
core   0: 3 0x000000008000ff72 (0xfb843783) x15 0x000000000000009c mem 0x0000000080031f28
core   0: 0x000000008000ff76 (0x000097ba) c.add   a5, a4
core   0: 3 0x000000008000ff76 (0x97ba) x15 0x00000000800120dc
core   0: 0x000000008000ff78 (0xfe043703) ld      a4, -32(s0)
core   0: 3 0x000000008000ff78 (0xfe043703) x14 0x0000000080012090 mem 0x0000000080031f50
core   0: 0x000000008000ff7c (0xfcf76de3) bltu    a4, a5, pc - 38
core   0: 3 0x000000008000ff7c (0xfcf76de3)
core   0: 0x000000008000ff56 (0xfe043783) ld      a5, -32(s0)
core   0: 3 0x000000008000ff56 (0xfe043783) x15 0x0000000080012090 mem 0x0000000080031f50
core   0: 0x000000008000ff5a (0x00178713) addi    a4, a5, 1
core   0: 3 0x000000008000ff5a (0x00178713) x14 0x0000000080012091
core   0: 0x000000008000ff5e (0xfee43023) sd      a4, -32(s0)
core   0: 3 0x000000008000ff5e (0xfee43023) mem 0x0000000080031f50 0x0000000080012091
core   0: 0x000000008000ff62 (0xfc442703) lw      a4, -60(s0)
core   0: 3 0x000000008000ff62 (0xfc442703) x14 0x0000000000000000 mem 0x0000000080031f34
core   0: 0x000000008000ff66 (0x0ff77713) andi    a4, a4, 255
core   0: 3 0x000000008000ff66 (0x0ff77713) x14 0x0000000000000000
core   0: 0x000000008000ff6a (0x00e78023) sb      a4, 0(a5)
core   0: 3 0x000000008000ff6a (0x00e78023) mem 0x0000000080012090 0x00
core   0: 0x000000008000ff6e (0xfc843703) ld      a4, -56(s0)
core   0: 3 0x000000008000ff6e (0xfc843703) x14 0x0000000080012040 mem 0x0000000080031f38
core   0: 0x000000008000ff72 (0xfb843783) ld      a5, -72(s0)
core   0: 3 0x000000008000ff72 (0xfb843783) x15 0x000000000000009c mem 0x0000000080031f28
core   0: 0x000000008000ff76 (0x000097ba) c.add   a5, a4
core   0: 3 0x000000008000ff76 (0x97ba) x15 0x00000000800120dc
core   0: 0x000000008000ff78 (0xfe043703) ld      a4, -32(s0)
core   0: 3 0x000000008000ff78 (0xfe043703) x14 0x0000000080012091 mem 0x0000000080031f50
core   0: 0x000000008000ff7c (0xfcf76de3) bltu    a4, a5, pc - 38
core   0: 3 0x000000008000ff7c (0xfcf76de3)
core   0: 0x000000008000ff56 (0xfe043783) ld      a5, -32(s0)
core   0: 3 0x000000008000ff56 (0xfe043783) x15 0x0000000080012091 mem 0x0000000080031f50
core   0: 0x000000008000ff5a (0x00178713) addi    a4, a5, 1
core   0: 3 0x000000008000ff5a (0x00178713) x14 0x0000000080012092
core   0: 0x000000008000ff5e (0xfee43023) sd      a4, -32(s0)
core   0: 3 0x000000008000ff5e (0xfee43023) mem 0x0000000080031f50 0x0000000080012092
core   0: 0x000000008000ff62 (0xfc442703) lw      a4, -60(s0)
core   0: 3 0x000000008000ff62 (0xfc442703) x14 0x0000000000000000 mem 0x0000000080031f34
core   0: 0x000000008000ff66 (0x0ff77713) andi    a4, a4, 255
core   0: 3 0x000000008000ff66 (0x0ff77713) x14 0x0000000000000000
core   0: 0x000000008000ff6a (0x00e78023) sb      a4, 0(a5)
core   0: 3 0x000000008000ff6a (0x00e78023) mem 0x0000000080012091 0x00
core   0: 0x000000008000ff6e (0xfc843703) ld      a4, -56(s0)
core   0: 3 0x000000008000ff6e (0xfc843703) x14 0x0000000080012040 mem 0x0000000080031f38
core   0: 0x000000008000ff72 (0xfb843783) ld      a5, -72(s0)
core   0: 3 0x000000008000ff72 (0xfb843783) x15 0x000000000000009c mem 0x0000000080031f28
core   0: 0x000000008000ff76 (0x000097ba) c.add   a5, a4
core   0: 3 0x000000008000ff76 (0x97ba) x15 0x00000000800120dc
core   0: 0x000000008000ff78 (0xfe043703) ld      a4, -32(s0)
core   0: 3 0x000000008000ff78 (0xfe043703) x14 0x0000000080012092 mem 0x0000000080031f50
core   0: 0x000000008000ff7c (0xfcf76de3) bltu    a4, a5, pc - 38
core   0: 3 0x000000008000ff7c (0xfcf76de3)
core   0: 0x000000008000ff56 (0xfe043783) ld      a5, -32(s0)
core   0: 3 0x000000008000ff56 (0xfe043783) x15 0x0000000080012092 mem 0x0000000080031f50
core   0: 0x000000008000ff5a (0x00178713) addi    a4, a5, 1
core   0: 3 0x000000008000ff5a (0x00178713) x14 0x0000000080012093
core   0: 0x000000008000ff5e (0xfee43023) sd      a4, -32(s0)
core   0: 3 0x000000008000ff5e (0xfee43023) mem 0x0000000080031f50 0x0000000080012093
core   0: 0x000000008000ff62 (0xfc442703) lw      a4, -60(s0)
core   0: 3 0x000000008000ff62 (0xfc442703) x14 0x0000000000000000 mem 0x0000000080031f34
core   0: 0x000000008000ff66 (0x0ff77713) andi    a4, a4, 255
core   0: 3 0x000000008000ff66 (0x0ff77713) x14 0x0000000000000000
core   0: 0x000000008000ff6a (0x00e78023) sb      a4, 0(a5)
core   0: 3 0x000000008000ff6a (0x00e78023) mem 0x0000000080012092 0x00
core   0: 0x000000008000ff6e (0xfc843703) ld      a4, -56(s0)
core   0: 3 0x000000008000ff6e (0xfc843703) x14 0x0000000080012040 mem 0x0000000080031f38
core   0: 0x000000008000ff72 (0xfb843783) ld      a5, -72(s0)
core   0: 3 0x000000008000ff72 (0xfb843783) x15 0x000000000000009c mem 0x0000000080031f28
core   0: 0x000000008000ff76 (0x000097ba) c.add   a5, a4
core   0: 3 0x000000008000ff76 (0x97ba) x15 0x00000000800120dc
core   0: 0x000000008000ff78 (0xfe043703) ld      a4, -32(s0)
core   0: 3 0x000000008000ff78 (0xfe043703) x14 0x0000000080012093 mem 0x0000000080031f50
core   0: 0x000000008000ff7c (0xfcf76de3) bltu    a4, a5, pc - 38
core   0: 3 0x000000008000ff7c (0xfcf76de3)
core   0: 0x000000008000ff56 (0xfe043783) ld      a5, -32(s0)
core   0: 3 0x000000008000ff56 (0xfe043783) x15 0x0000000080012093 mem 0x0000000080031f50
core   0: 0x000000008000ff5a (0x00178713) addi    a4, a5, 1
core   0: 3 0x000000008000ff5a (0x00178713) x14 0x0000000080012094
core   0: 0x000000008000ff5e (0xfee43023) sd      a4, -32(s0)
core   0: 3 0x000000008000ff5e (0xfee43023) mem 0x0000000080031f50 0x0000000080012094
core   0: 0x000000008000ff62 (0xfc442703) lw      a4, -60(s0)
core   0: 3 0x000000008000ff62 (0xfc442703) x14 0x0000000000000000 mem 0x0000000080031f34
core   0: 0x000000008000ff66 (0x0ff77713) andi    a4, a4, 255
core   0: 3 0x000000008000ff66 (0x0ff77713) x14 0x0000000000000000
core   0: 0x000000008000ff6a (0x00e78023) sb      a4, 0(a5)
core   0: 3 0x000000008000ff6a (0x00e78023) mem 0x0000000080012093 0x00
core   0: 0x000000008000ff6e (0xfc843703) ld      a4, -56(s0)
core   0: 3 0x000000008000ff6e (0xfc843703) x14 0x0000000080012040 mem 0x0000000080031f38
core   0: 0x000000008000ff72 (0xfb843783) ld      a5, -72(s0)
core   0: 3 0x000000008000ff72 (0xfb843783) x15 0x000000000000009c mem 0x0000000080031f28
core   0: 0x000000008000ff76 (0x000097ba) c.add   a5, a4
core   0: 3 0x000000008000ff76 (0x97ba) x15 0x00000000800120dc
core   0: 0x000000008000ff78 (0xfe043703) ld      a4, -32(s0)
core   0: 3 0x000000008000ff78 (0xfe043703) x14 0x0000000080012094 mem 0x0000000080031f50
core   0: 0x000000008000ff7c (0xfcf76de3) bltu    a4, a5, pc - 38
core   0: 3 0x000000008000ff7c (0xfcf76de3)
core   0: 0x000000008000ff56 (0xfe043783) ld      a5, -32(s0)
core   0: 3 0x000000008000ff56 (0xfe043783) x15 0x0000000080012094 mem 0x0000000080031f50
core   0: 0x000000008000ff5a (0x00178713) addi    a4, a5, 1
core   0: 3 0x000000008000ff5a (0x00178713) x14 0x0000000080012095
core   0: 0x000000008000ff5e (0xfee43023) sd      a4, -32(s0)
core   0: 3 0x000000008000ff5e (0xfee43023) mem 0x0000000080031f50 0x0000000080012095
core   0: 0x000000008000ff62 (0xfc442703) lw      a4, -60(s0)
core   0: 3 0x000000008000ff62 (0xfc442703) x14 0x0000000000000000 mem 0x0000000080031f34
core   0: 0x000000008000ff66 (0x0ff77713) andi    a4, a4, 255
core   0: 3 0x000000008000ff66 (0x0ff77713) x14 0x0000000000000000
core   0: 0x000000008000ff6a (0x00e78023) sb      a4, 0(a5)
core   0: 3 0x000000008000ff6a (0x00e78023) mem 0x0000000080012094 0x00
core   0: 0x000000008000ff6e (0xfc843703) ld      a4, -56(s0)
core   0: 3 0x000000008000ff6e (0xfc843703) x14 0x0000000080012040 mem 0x0000000080031f38
core   0: 0x000000008000ff72 (0xfb843783) ld      a5, -72(s0)
core   0: 3 0x000000008000ff72 (0xfb843783) x15 0x000000000000009c mem 0x0000000080031f28
core   0: 0x000000008000ff76 (0x000097ba) c.add   a5, a4
core   0: 3 0x000000008000ff76 (0x97ba) x15 0x00000000800120dc
core   0: 0x000000008000ff78 (0xfe043703) ld      a4, -32(s0)
core   0: 3 0x000000008000ff78 (0xfe043703) x14 0x0000000080012095 mem 0x0000000080031f50
core   0: 0x000000008000ff7c (0xfcf76de3) bltu    a4, a5, pc - 38
core   0: 3 0x000000008000ff7c (0xfcf76de3)
core   0: 0x000000008000ff56 (0xfe043783) ld      a5, -32(s0)
core   0: 3 0x000000008000ff56 (0xfe043783) x15 0x0000000080012095 mem 0x0000000080031f50
core   0: 0x000000008000ff5a (0x00178713) addi    a4, a5, 1
core   0: 3 0x000000008000ff5a (0x00178713) x14 0x0000000080012096
core   0: 0x000000008000ff5e (0xfee43023) sd      a4, -32(s0)
core   0: 3 0x000000008000ff5e (0xfee43023) mem 0x0000000080031f50 0x0000000080012096
core   0: 0x000000008000ff62 (0xfc442703) lw      a4, -60(s0)
core   0: 3 0x000000008000ff62 (0xfc442703) x14 0x0000000000000000 mem 0x0000000080031f34
core   0: 0x000000008000ff66 (0x0ff77713) andi    a4, a4, 255
core   0: 3 0x000000008000ff66 (0x0ff77713) x14 0x0000000000000000
core   0: 0x000000008000ff6a (0x00e78023) sb      a4, 0(a5)
core   0: 3 0x000000008000ff6a (0x00e78023) mem 0x0000000080012095 0x00
core   0: 0x000000008000ff6e (0xfc843703) ld      a4, -56(s0)
core   0: 3 0x000000008000ff6e (0xfc843703) x14 0x0000000080012040 mem 0x0000000080031f38
core   0: 0x000000008000ff72 (0xfb843783) ld      a5, -72(s0)
core   0: 3 0x000000008000ff72 (0xfb843783) x15 0x000000000000009c mem 0x0000000080031f28
core   0: 0x000000008000ff76 (0x000097ba) c.add   a5, a4
core   0: 3 0x000000008000ff76 (0x97ba) x15 0x00000000800120dc
core   0: 0x000000008000ff78 (0xfe043703) ld      a4, -32(s0)
core   0: 3 0x000000008000ff78 (0xfe043703) x14 0x0000000080012096 mem 0x0000000080031f50
core   0: 0x000000008000ff7c (0xfcf76de3) bltu    a4, a5, pc - 38
core   0: 3 0x000000008000ff7c (0xfcf76de3)
core   0: 0x000000008000ff56 (0xfe043783) ld      a5, -32(s0)
core   0: 3 0x000000008000ff56 (0xfe043783) x15 0x0000000080012096 mem 0x0000000080031f50
core   0: 0x000000008000ff5a (0x00178713) addi    a4, a5, 1
core   0: 3 0x000000008000ff5a (0x00178713) x14 0x0000000080012097
core   0: 0x000000008000ff5e (0xfee43023) sd      a4, -32(s0)
core   0: 3 0x000000008000ff5e (0xfee43023) mem 0x0000000080031f50 0x0000000080012097
core   0: 0x000000008000ff62 (0xfc442703) lw      a4, -60(s0)
core   0: 3 0x000000008000ff62 (0xfc442703) x14 0x0000000000000000 mem 0x0000000080031f34
core   0: 0x000000008000ff66 (0x0ff77713) andi    a4, a4, 255
core   0: 3 0x000000008000ff66 (0x0ff77713) x14 0x0000000000000000
core   0: 0x000000008000ff6a (0x00e78023) sb      a4, 0(a5)
core   0: 3 0x000000008000ff6a (0x00e78023) mem 0x0000000080012096 0x00
core   0: 0x000000008000ff6e (0xfc843703) ld      a4, -56(s0)
core   0: 3 0x000000008000ff6e (0xfc843703) x14 0x0000000080012040 mem 0x0000000080031f38
core   0: 0x000000008000ff72 (0xfb843783) ld      a5, -72(s0)
core   0: 3 0x000000008000ff72 (0xfb843783) x15 0x000000000000009c mem 0x0000000080031f28
core   0: 0x000000008000ff76 (0x000097ba) c.add   a5, a4
core   0: 3 0x000000008000ff76 (0x97ba) x15 0x00000000800120dc
core   0: 0x000000008000ff78 (0xfe043703) ld      a4, -32(s0)
core   0: 3 0x000000008000ff78 (0xfe043703) x14 0x0000000080012097 mem 0x0000000080031f50
core   0: 0x000000008000ff7c (0xfcf76de3) bltu    a4, a5, pc - 38
core   0: 3 0x000000008000ff7c (0xfcf76de3)
core   0: 0x000000008000ff56 (0xfe043783) ld      a5, -32(s0)
core   0: 3 0x000000008000ff56 (0xfe043783) x15 0x0000000080012097 mem 0x0000000080031f50
core   0: 0x000000008000ff5a (0x00178713) addi    a4, a5, 1
core   0: 3 0x000000008000ff5a (0x00178713) x14 0x0000000080012098
core   0: 0x000000008000ff5e (0xfee43023) sd      a4, -32(s0)
core   0: 3 0x000000008000ff5e (0xfee43023) mem 0x0000000080031f50 0x0000000080012098
core   0: 0x000000008000ff62 (0xfc442703) lw      a4, -60(s0)
core   0: 3 0x000000008000ff62 (0xfc442703) x14 0x0000000000000000 mem 0x0000000080031f34
core   0: 0x000000008000ff66 (0x0ff77713) andi    a4, a4, 255
core   0: 3 0x000000008000ff66 (0x0ff77713) x14 0x0000000000000000
core   0: 0x000000008000ff6a (0x00e78023) sb      a4, 0(a5)
core   0: 3 0x000000008000ff6a (0x00e78023) mem 0x0000000080012097 0x00
core   0: 0x000000008000ff6e (0xfc843703) ld      a4, -56(s0)
core   0: 3 0x000000008000ff6e (0xfc843703) x14 0x0000000080012040 mem 0x0000000080031f38
core   0: 0x000000008000ff72 (0xfb843783) ld      a5, -72(s0)
core   0: 3 0x000000008000ff72 (0xfb843783) x15 0x000000000000009c mem 0x0000000080031f28
core   0: 0x000000008000ff76 (0x000097ba) c.add   a5, a4
core   0: 3 0x000000008000ff76 (0x97ba) x15 0x00000000800120dc
core   0: 0x000000008000ff78 (0xfe043703) ld      a4, -32(s0)
core   0: 3 0x000000008000ff78 (0xfe043703) x14 0x0000000080012098 mem 0x0000000080031f50
core   0: 0x000000008000ff7c (0xfcf76de3) bltu    a4, a5, pc - 38
core   0: 3 0x000000008000ff7c (0xfcf76de3)
core   0: 0x000000008000ff56 (0xfe043783) ld      a5, -32(s0)
core   0: 3 0x000000008000ff56 (0xfe043783) x15 0x0000000080012098 mem 0x0000000080031f50
core   0: 0x000000008000ff5a (0x00178713) addi    a4, a5, 1
core   0: 3 0x000000008000ff5a (0x00178713) x14 0x0000000080012099
core   0: 0x000000008000ff5e (0xfee43023) sd      a4, -32(s0)
core   0: 3 0x000000008000ff5e (0xfee43023) mem 0x0000000080031f50 0x0000000080012099
core   0: 0x000000008000ff62 (0xfc442703) lw      a4, -60(s0)
core   0: 3 0x000000008000ff62 (0xfc442703) x14 0x0000000000000000 mem 0x0000000080031f34
core   0: 0x000000008000ff66 (0x0ff77713) andi    a4, a4, 255
core   0: 3 0x000000008000ff66 (0x0ff77713) x14 0x0000000000000000
core   0: 0x000000008000ff6a (0x00e78023) sb      a4, 0(a5)
core   0: 3 0x000000008000ff6a (0x00e78023) mem 0x0000000080012098 0x00
core   0: 0x000000008000ff6e (0xfc843703) ld      a4, -56(s0)
core   0: 3 0x000000008000ff6e (0xfc843703) x14 0x0000000080012040 mem 0x0000000080031f38
core   0: 0x000000008000ff72 (0xfb843783) ld      a5, -72(s0)
core   0: 3 0x000000008000ff72 (0xfb843783) x15 0x000000000000009c mem 0x0000000080031f28
core   0: 0x000000008000ff76 (0x000097ba) c.add   a5, a4
core   0: 3 0x000000008000ff76 (0x97ba) x15 0x00000000800120dc
core   0: 0x000000008000ff78 (0xfe043703) ld      a4, -32(s0)
core   0: 3 0x000000008000ff78 (0xfe043703) x14 0x0000000080012099 mem 0x0000000080031f50
core   0: 0x000000008000ff7c (0xfcf76de3) bltu    a4, a5, pc - 38
core   0: 3 0x000000008000ff7c (0xfcf76de3)
core   0: 0x000000008000ff56 (0xfe043783) ld      a5, -32(s0)
core   0: 3 0x000000008000ff56 (0xfe043783) x15 0x0000000080012099 mem 0x0000000080031f50
core   0: 0x000000008000ff5a (0x00178713) addi    a4, a5, 1
core   0: 3 0x000000008000ff5a (0x00178713) x14 0x000000008001209a
core   0: 0x000000008000ff5e (0xfee43023) sd      a4, -32(s0)
core   0: 3 0x000000008000ff5e (0xfee43023) mem 0x0000000080031f50 0x000000008001209a
core   0: 0x000000008000ff62 (0xfc442703) lw      a4, -60(s0)
core   0: 3 0x000000008000ff62 (0xfc442703) x14 0x0000000000000000 mem 0x0000000080031f34
core   0: 0x000000008000ff66 (0x0ff77713) andi    a4, a4, 255
core   0: 3 0x000000008000ff66 (0x0ff77713) x14 0x0000000000000000
core   0: 0x000000008000ff6a (0x00e78023) sb      a4, 0(a5)
core   0: 3 0x000000008000ff6a (0x00e78023) mem 0x0000000080012099 0x00
core   0: 0x000000008000ff6e (0xfc843703) ld      a4, -56(s0)
core   0: 3 0x000000008000ff6e (0xfc843703) x14 0x0000000080012040 mem 0x0000000080031f38
core   0: 0x000000008000ff72 (0xfb843783) ld      a5, -72(s0)
core   0: 3 0x000000008000ff72 (0xfb843783) x15 0x000000000000009c mem 0x0000000080031f28
core   0: 0x000000008000ff76 (0x000097ba) c.add   a5, a4
core   0: 3 0x000000008000ff76 (0x97ba) x15 0x00000000800120dc
core   0: 0x000000008000ff78 (0xfe043703) ld      a4, -32(s0)
core   0: 3 0x000000008000ff78 (0xfe043703) x14 0x000000008001209a mem 0x0000000080031f50
core   0: 0x000000008000ff7c (0xfcf76de3) bltu    a4, a5, pc - 38
core   0: 3 0x000000008000ff7c (0xfcf76de3)
core   0: 0x000000008000ff56 (0xfe043783) ld      a5, -32(s0)
core   0: 3 0x000000008000ff56 (0xfe043783) x15 0x000000008001209a mem 0x0000000080031f50
core   0: 0x000000008000ff5a (0x00178713) addi    a4, a5, 1
core   0: 3 0x000000008000ff5a (0x00178713) x14 0x000000008001209b
core   0: 0x000000008000ff5e (0xfee43023) sd      a4, -32(s0)
core   0: 3 0x000000008000ff5e (0xfee43023) mem 0x0000000080031f50 0x000000008001209b
core   0: 0x000000008000ff62 (0xfc442703) lw      a4, -60(s0)
core   0: 3 0x000000008000ff62 (0xfc442703) x14 0x0000000000000000 mem 0x0000000080031f34
core   0: 0x000000008000ff66 (0x0ff77713) andi    a4, a4, 255
core   0: 3 0x000000008000ff66 (0x0ff77713) x14 0x0000000000000000
core   0: 0x000000008000ff6a (0x00e78023) sb      a4, 0(a5)
core   0: 3 0x000000008000ff6a (0x00e78023) mem 0x000000008001209a 0x00
core   0: 0x000000008000ff6e (0xfc843703) ld      a4, -56(s0)
core   0: 3 0x000000008000ff6e (0xfc843703) x14 0x0000000080012040 mem 0x0000000080031f38
core   0: 0x000000008000ff72 (0xfb843783) ld      a5, -72(s0)
core   0: 3 0x000000008000ff72 (0xfb843783) x15 0x000000000000009c mem 0x0000000080031f28
core   0: 0x000000008000ff76 (0x000097ba) c.add   a5, a4
core   0: 3 0x000000008000ff76 (0x97ba) x15 0x00000000800120dc
core   0: 0x000000008000ff78 (0xfe043703) ld      a4, -32(s0)
core   0: 3 0x000000008000ff78 (0xfe043703) x14 0x000000008001209b mem 0x0000000080031f50
core   0: 0x000000008000ff7c (0xfcf76de3) bltu    a4, a5, pc - 38
core   0: 3 0x000000008000ff7c (0xfcf76de3)
core   0: 0x000000008000ff56 (0xfe043783) ld      a5, -32(s0)
core   0: 3 0x000000008000ff56 (0xfe043783) x15 0x000000008001209b mem 0x0000000080031f50
core   0: 0x000000008000ff5a (0x00178713) addi    a4, a5, 1
core   0: 3 0x000000008000ff5a (0x00178713) x14 0x000000008001209c
core   0: 0x000000008000ff5e (0xfee43023) sd      a4, -32(s0)
core   0: 3 0x000000008000ff5e (0xfee43023) mem 0x0000000080031f50 0x000000008001209c
core   0: 0x000000008000ff62 (0xfc442703) lw      a4, -60(s0)
core   0: 3 0x000000008000ff62 (0xfc442703) x14 0x0000000000000000 mem 0x0000000080031f34
core   0: 0x000000008000ff66 (0x0ff77713) andi    a4, a4, 255
core   0: 3 0x000000008000ff66 (0x0ff77713) x14 0x0000000000000000
core   0: 0x000000008000ff6a (0x00e78023) sb      a4, 0(a5)
core   0: 3 0x000000008000ff6a (0x00e78023) mem 0x000000008001209b 0x00
core   0: 0x000000008000ff6e (0xfc843703) ld      a4, -56(s0)
core   0: 3 0x000000008000ff6e (0xfc843703) x14 0x0000000080012040 mem 0x0000000080031f38
core   0: 0x000000008000ff72 (0xfb843783) ld      a5, -72(s0)
core   0: 3 0x000000008000ff72 (0xfb843783) x15 0x000000000000009c mem 0x0000000080031f28
core   0: 0x000000008000ff76 (0x000097ba) c.add   a5, a4
core   0: 3 0x000000008000ff76 (0x97ba) x15 0x00000000800120dc
core   0: 0x000000008000ff78 (0xfe043703) ld      a4, -32(s0)
core   0: 3 0x000000008000ff78 (0xfe043703) x14 0x000000008001209c mem 0x0000000080031f50
core   0: 0x000000008000ff7c (0xfcf76de3) bltu    a4, a5, pc - 38
core   0: 3 0x000000008000ff7c (0xfcf76de3)
core   0: 0x000000008000ff56 (0xfe043783) ld      a5, -32(s0)
core   0: 3 0x000000008000ff56 (0xfe043783) x15 0x000000008001209c mem 0x0000000080031f50
core   0: 0x000000008000ff5a (0x00178713) addi    a4, a5, 1
core   0: 3 0x000000008000ff5a (0x00178713) x14 0x000000008001209d
core   0: 0x000000008000ff5e (0xfee43023) sd      a4, -32(s0)
core   0: 3 0x000000008000ff5e (0xfee43023) mem 0x0000000080031f50 0x000000008001209d
core   0: 0x000000008000ff62 (0xfc442703) lw      a4, -60(s0)
core   0: 3 0x000000008000ff62 (0xfc442703) x14 0x0000000000000000 mem 0x0000000080031f34
core   0: 0x000000008000ff66 (0x0ff77713) andi    a4, a4, 255
core   0: 3 0x000000008000ff66 (0x0ff77713) x14 0x0000000000000000
core   0: 0x000000008000ff6a (0x00e78023) sb      a4, 0(a5)
core   0: 3 0x000000008000ff6a (0x00e78023) mem 0x000000008001209c 0x00
core   0: 0x000000008000ff6e (0xfc843703) ld      a4, -56(s0)
core   0: 3 0x000000008000ff6e (0xfc843703) x14 0x0000000080012040 mem 0x0000000080031f38
core   0: 0x000000008000ff72 (0xfb843783) ld      a5, -72(s0)
core   0: 3 0x000000008000ff72 (0xfb843783) x15 0x000000000000009c mem 0x0000000080031f28
core   0: 0x000000008000ff76 (0x000097ba) c.add   a5, a4
core   0: 3 0x000000008000ff76 (0x97ba) x15 0x00000000800120dc
core   0: 0x000000008000ff78 (0xfe043703) ld      a4, -32(s0)
core   0: 3 0x000000008000ff78 (0xfe043703) x14 0x000000008001209d mem 0x0000000080031f50
core   0: 0x000000008000ff7c (0xfcf76de3) bltu    a4, a5, pc - 38
core   0: 3 0x000000008000ff7c (0xfcf76de3)
core   0: 0x000000008000ff56 (0xfe043783) ld      a5, -32(s0)
core   0: 3 0x000000008000ff56 (0xfe043783) x15 0x000000008001209d mem 0x0000000080031f50
core   0: 0x000000008000ff5a (0x00178713) addi    a4, a5, 1
core   0: 3 0x000000008000ff5a (0x00178713) x14 0x000000008001209e
core   0: 0x000000008000ff5e (0xfee43023) sd      a4, -32(s0)
core   0: 3 0x000000008000ff5e (0xfee43023) mem 0x0000000080031f50 0x000000008001209e
core   0: 0x000000008000ff62 (0xfc442703) lw      a4, -60(s0)
core   0: 3 0x000000008000ff62 (0xfc442703) x14 0x0000000000000000 mem 0x0000000080031f34
core   0: 0x000000008000ff66 (0x0ff77713) andi    a4, a4, 255
core   0: 3 0x000000008000ff66 (0x0ff77713) x14 0x0000000000000000
core   0: 0x000000008000ff6a (0x00e78023) sb      a4, 0(a5)
core   0: 3 0x000000008000ff6a (0x00e78023) mem 0x000000008001209d 0x00
core   0: 0x000000008000ff6e (0xfc843703) ld      a4, -56(s0)
core   0: 3 0x000000008000ff6e (0xfc843703) x14 0x0000000080012040 mem 0x0000000080031f38
core   0: 0x000000008000ff72 (0xfb843783) ld      a5, -72(s0)
core   0: 3 0x000000008000ff72 (0xfb843783) x15 0x000000000000009c mem 0x0000000080031f28
core   0: 0x000000008000ff76 (0x000097ba) c.add   a5, a4
core   0: 3 0x000000008000ff76 (0x97ba) x15 0x00000000800120dc
core   0: 0x000000008000ff78 (0xfe043703) ld      a4, -32(s0)
core   0: 3 0x000000008000ff78 (0xfe043703) x14 0x000000008001209e mem 0x0000000080031f50
core   0: 0x000000008000ff7c (0xfcf76de3) bltu    a4, a5, pc - 38
core   0: 3 0x000000008000ff7c (0xfcf76de3)
core   0: 0x000000008000ff56 (0xfe043783) ld      a5, -32(s0)
core   0: 3 0x000000008000ff56 (0xfe043783) x15 0x000000008001209e mem 0x0000000080031f50
core   0: 0x000000008000ff5a (0x00178713) addi    a4, a5, 1
core   0: 3 0x000000008000ff5a (0x00178713) x14 0x000000008001209f
core   0: 0x000000008000ff5e (0xfee43023) sd      a4, -32(s0)
core   0: 3 0x000000008000ff5e (0xfee43023) mem 0x0000000080031f50 0x000000008001209f
core   0: 0x000000008000ff62 (0xfc442703) lw      a4, -60(s0)
core   0: 3 0x000000008000ff62 (0xfc442703) x14 0x0000000000000000 mem 0x0000000080031f34
core   0: 0x000000008000ff66 (0x0ff77713) andi    a4, a4, 255
core   0: 3 0x000000008000ff66 (0x0ff77713) x14 0x0000000000000000
core   0: 0x000000008000ff6a (0x00e78023) sb      a4, 0(a5)
core   0: 3 0x000000008000ff6a (0x00e78023) mem 0x000000008001209e 0x00
core   0: 0x000000008000ff6e (0xfc843703) ld      a4, -56(s0)
core   0: 3 0x000000008000ff6e (0xfc843703) x14 0x0000000080012040 mem 0x0000000080031f38
core   0: 0x000000008000ff72 (0xfb843783) ld      a5, -72(s0)
core   0: 3 0x000000008000ff72 (0xfb843783) x15 0x000000000000009c mem 0x0000000080031f28
core   0: 0x000000008000ff76 (0x000097ba) c.add   a5, a4
core   0: 3 0x000000008000ff76 (0x97ba) x15 0x00000000800120dc
core   0: 0x000000008000ff78 (0xfe043703) ld      a4, -32(s0)
core   0: 3 0x000000008000ff78 (0xfe043703) x14 0x000000008001209f mem 0x0000000080031f50
core   0: 0x000000008000ff7c (0xfcf76de3) bltu    a4, a5, pc - 38
core   0: 3 0x000000008000ff7c (0xfcf76de3)
core   0: 0x000000008000ff56 (0xfe043783) ld      a5, -32(s0)
core   0: 3 0x000000008000ff56 (0xfe043783) x15 0x000000008001209f mem 0x0000000080031f50
core   0: 0x000000008000ff5a (0x00178713) addi    a4, a5, 1
core   0: 3 0x000000008000ff5a (0x00178713) x14 0x00000000800120a0
core   0: 0x000000008000ff5e (0xfee43023) sd      a4, -32(s0)
core   0: 3 0x000000008000ff5e (0xfee43023) mem 0x0000000080031f50 0x00000000800120a0
core   0: 0x000000008000ff62 (0xfc442703) lw      a4, -60(s0)
core   0: 3 0x000000008000ff62 (0xfc442703) x14 0x0000000000000000 mem 0x0000000080031f34
core   0: 0x000000008000ff66 (0x0ff77713) andi    a4, a4, 255
core   0: 3 0x000000008000ff66 (0x0ff77713) x14 0x0000000000000000
core   0: 0x000000008000ff6a (0x00e78023) sb      a4, 0(a5)
core   0: 3 0x000000008000ff6a (0x00e78023) mem 0x000000008001209f 0x00
core   0: 0x000000008000ff6e (0xfc843703) ld      a4, -56(s0)
core   0: 3 0x000000008000ff6e (0xfc843703) x14 0x0000000080012040 mem 0x0000000080031f38
core   0: 0x000000008000ff72 (0xfb843783) ld      a5, -72(s0)
core   0: 3 0x000000008000ff72 (0xfb843783) x15 0x000000000000009c mem 0x0000000080031f28
core   0: 0x000000008000ff76 (0x000097ba) c.add   a5, a4
core   0: 3 0x000000008000ff76 (0x97ba) x15 0x00000000800120dc
core   0: 0x000000008000ff78 (0xfe043703) ld      a4, -32(s0)
core   0: 3 0x000000008000ff78 (0xfe043703) x14 0x00000000800120a0 mem 0x0000000080031f50
core   0: 0x000000008000ff7c (0xfcf76de3) bltu    a4, a5, pc - 38
core   0: 3 0x000000008000ff7c (0xfcf76de3)
core   0: 0x000000008000ff56 (0xfe043783) ld      a5, -32(s0)
core   0: 3 0x000000008000ff56 (0xfe043783) x15 0x00000000800120a0 mem 0x0000000080031f50
core   0: 0x000000008000ff5a (0x00178713) addi    a4, a5, 1
core   0: 3 0x000000008000ff5a (0x00178713) x14 0x00000000800120a1
core   0: 0x000000008000ff5e (0xfee43023) sd      a4, -32(s0)
core   0: 3 0x000000008000ff5e (0xfee43023) mem 0x0000000080031f50 0x00000000800120a1
core   0: 0x000000008000ff62 (0xfc442703) lw      a4, -60(s0)
core   0: 3 0x000000008000ff62 (0xfc442703) x14 0x0000000000000000 mem 0x0000000080031f34
core   0: 0x000000008000ff66 (0x0ff77713) andi    a4, a4, 255
core   0: 3 0x000000008000ff66 (0x0ff77713) x14 0x0000000000000000
core   0: 0x000000008000ff6a (0x00e78023) sb      a4, 0(a5)
core   0: 3 0x000000008000ff6a (0x00e78023) mem 0x00000000800120a0 0x00
core   0: 0x000000008000ff6e (0xfc843703) ld      a4, -56(s0)
core   0: 3 0x000000008000ff6e (0xfc843703) x14 0x0000000080012040 mem 0x0000000080031f38
core   0: 0x000000008000ff72 (0xfb843783) ld      a5, -72(s0)
core   0: 3 0x000000008000ff72 (0xfb843783) x15 0x000000000000009c mem 0x0000000080031f28
core   0: 0x000000008000ff76 (0x000097ba) c.add   a5, a4
core   0: 3 0x000000008000ff76 (0x97ba) x15 0x00000000800120dc
core   0: 0x000000008000ff78 (0xfe043703) ld      a4, -32(s0)
core   0: 3 0x000000008000ff78 (0xfe043703) x14 0x00000000800120a1 mem 0x0000000080031f50
core   0: 0x000000008000ff7c (0xfcf76de3) bltu    a4, a5, pc - 38
core   0: 3 0x000000008000ff7c (0xfcf76de3)
core   0: 0x000000008000ff56 (0xfe043783) ld      a5, -32(s0)
core   0: 3 0x000000008000ff56 (0xfe043783) x15 0x00000000800120a1 mem 0x0000000080031f50
core   0: 0x000000008000ff5a (0x00178713) addi    a4, a5, 1
core   0: 3 0x000000008000ff5a (0x00178713) x14 0x00000000800120a2
core   0: 0x000000008000ff5e (0xfee43023) sd      a4, -32(s0)
core   0: 3 0x000000008000ff5e (0xfee43023) mem 0x0000000080031f50 0x00000000800120a2
core   0: 0x000000008000ff62 (0xfc442703) lw      a4, -60(s0)
core   0: 3 0x000000008000ff62 (0xfc442703) x14 0x0000000000000000 mem 0x0000000080031f34
core   0: 0x000000008000ff66 (0x0ff77713) andi    a4, a4, 255
core   0: 3 0x000000008000ff66 (0x0ff77713) x14 0x0000000000000000
core   0: 0x000000008000ff6a (0x00e78023) sb      a4, 0(a5)
core   0: 3 0x000000008000ff6a (0x00e78023) mem 0x00000000800120a1 0x00
core   0: 0x000000008000ff6e (0xfc843703) ld      a4, -56(s0)
core   0: 3 0x000000008000ff6e (0xfc843703) x14 0x0000000080012040 mem 0x0000000080031f38
core   0: 0x000000008000ff72 (0xfb843783) ld      a5, -72(s0)
core   0: 3 0x000000008000ff72 (0xfb843783) x15 0x000000000000009c mem 0x0000000080031f28
core   0: 0x000000008000ff76 (0x000097ba) c.add   a5, a4
core   0: 3 0x000000008000ff76 (0x97ba) x15 0x00000000800120dc
core   0: 0x000000008000ff78 (0xfe043703) ld      a4, -32(s0)
core   0: 3 0x000000008000ff78 (0xfe043703) x14 0x00000000800120a2 mem 0x0000000080031f50
core   0: 0x000000008000ff7c (0xfcf76de3) bltu    a4, a5, pc - 38
core   0: 3 0x000000008000ff7c (0xfcf76de3)
core   0: 0x000000008000ff56 (0xfe043783) ld      a5, -32(s0)
core   0: 3 0x000000008000ff56 (0xfe043783) x15 0x00000000800120a2 mem 0x0000000080031f50
core   0: 0x000000008000ff5a (0x00178713) addi    a4, a5, 1
core   0: 3 0x000000008000ff5a (0x00178713) x14 0x00000000800120a3
core   0: 0x000000008000ff5e (0xfee43023) sd      a4, -32(s0)
core   0: 3 0x000000008000ff5e (0xfee43023) mem 0x0000000080031f50 0x00000000800120a3
core   0: 0x000000008000ff62 (0xfc442703) lw      a4, -60(s0)
core   0: 3 0x000000008000ff62 (0xfc442703) x14 0x0000000000000000 mem 0x0000000080031f34
core   0: 0x000000008000ff66 (0x0ff77713) andi    a4, a4, 255
core   0: 3 0x000000008000ff66 (0x0ff77713) x14 0x0000000000000000
core   0: 0x000000008000ff6a (0x00e78023) sb      a4, 0(a5)
core   0: 3 0x000000008000ff6a (0x00e78023) mem 0x00000000800120a2 0x00
core   0: 0x000000008000ff6e (0xfc843703) ld      a4, -56(s0)
core   0: 3 0x000000008000ff6e (0xfc843703) x14 0x0000000080012040 mem 0x0000000080031f38
core   0: 0x000000008000ff72 (0xfb843783) ld      a5, -72(s0)
core   0: 3 0x000000008000ff72 (0xfb843783) x15 0x000000000000009c mem 0x0000000080031f28
core   0: 0x000000008000ff76 (0x000097ba) c.add   a5, a4
core   0: 3 0x000000008000ff76 (0x97ba) x15 0x00000000800120dc
core   0: 0x000000008000ff78 (0xfe043703) ld      a4, -32(s0)
core   0: 3 0x000000008000ff78 (0xfe043703) x14 0x00000000800120a3 mem 0x0000000080031f50
core   0: 0x000000008000ff7c (0xfcf76de3) bltu    a4, a5, pc - 38
core   0: 3 0x000000008000ff7c (0xfcf76de3)
core   0: 0x000000008000ff56 (0xfe043783) ld      a5, -32(s0)
core   0: 3 0x000000008000ff56 (0xfe043783) x15 0x00000000800120a3 mem 0x0000000080031f50
core   0: 0x000000008000ff5a (0x00178713) addi    a4, a5, 1
core   0: 3 0x000000008000ff5a (0x00178713) x14 0x00000000800120a4
core   0: 0x000000008000ff5e (0xfee43023) sd      a4, -32(s0)
core   0: 3 0x000000008000ff5e (0xfee43023) mem 0x0000000080031f50 0x00000000800120a4
core   0: 0x000000008000ff62 (0xfc442703) lw      a4, -60(s0)
core   0: 3 0x000000008000ff62 (0xfc442703) x14 0x0000000000000000 mem 0x0000000080031f34
core   0: 0x000000008000ff66 (0x0ff77713) andi    a4, a4, 255
core   0: 3 0x000000008000ff66 (0x0ff77713) x14 0x0000000000000000
core   0: 0x000000008000ff6a (0x00e78023) sb      a4, 0(a5)
core   0: 3 0x000000008000ff6a (0x00e78023) mem 0x00000000800120a3 0x00
core   0: 0x000000008000ff6e (0xfc843703) ld      a4, -56(s0)
core   0: 3 0x000000008000ff6e (0xfc843703) x14 0x0000000080012040 mem 0x0000000080031f38
core   0: 0x000000008000ff72 (0xfb843783) ld      a5, -72(s0)
core   0: 3 0x000000008000ff72 (0xfb843783) x15 0x000000000000009c mem 0x0000000080031f28
core   0: 0x000000008000ff76 (0x000097ba) c.add   a5, a4
core   0: 3 0x000000008000ff76 (0x97ba) x15 0x00000000800120dc
core   0: 0x000000008000ff78 (0xfe043703) ld      a4, -32(s0)
core   0: 3 0x000000008000ff78 (0xfe043703) x14 0x00000000800120a4 mem 0x0000000080031f50
core   0: 0x000000008000ff7c (0xfcf76de3) bltu    a4, a5, pc - 38
core   0: 3 0x000000008000ff7c (0xfcf76de3)
core   0: 0x000000008000ff56 (0xfe043783) ld      a5, -32(s0)
core   0: 3 0x000000008000ff56 (0xfe043783) x15 0x00000000800120a4 mem 0x0000000080031f50
core   0: 0x000000008000ff5a (0x00178713) addi    a4, a5, 1
core   0: 3 0x000000008000ff5a (0x00178713) x14 0x00000000800120a5
core   0: 0x000000008000ff5e (0xfee43023) sd      a4, -32(s0)
core   0: 3 0x000000008000ff5e (0xfee43023) mem 0x0000000080031f50 0x00000000800120a5
core   0: 0x000000008000ff62 (0xfc442703) lw      a4, -60(s0)
core   0: 3 0x000000008000ff62 (0xfc442703) x14 0x0000000000000000 mem 0x0000000080031f34
core   0: 0x000000008000ff66 (0x0ff77713) andi    a4, a4, 255
core   0: 3 0x000000008000ff66 (0x0ff77713) x14 0x0000000000000000
core   0: 0x000000008000ff6a (0x00e78023) sb      a4, 0(a5)
core   0: 3 0x000000008000ff6a (0x00e78023) mem 0x00000000800120a4 0x00
core   0: 0x000000008000ff6e (0xfc843703) ld      a4, -56(s0)
core   0: 3 0x000000008000ff6e (0xfc843703) x14 0x0000000080012040 mem 0x0000000080031f38
core   0: 0x000000008000ff72 (0xfb843783) ld      a5, -72(s0)
core   0: 3 0x000000008000ff72 (0xfb843783) x15 0x000000000000009c mem 0x0000000080031f28
core   0: 0x000000008000ff76 (0x000097ba) c.add   a5, a4
core   0: 3 0x000000008000ff76 (0x97ba) x15 0x00000000800120dc
core   0: 0x000000008000ff78 (0xfe043703) ld      a4, -32(s0)
core   0: 3 0x000000008000ff78 (0xfe043703) x14 0x00000000800120a5 mem 0x0000000080031f50
core   0: 0x000000008000ff7c (0xfcf76de3) bltu    a4, a5, pc - 38
core   0: 3 0x000000008000ff7c (0xfcf76de3)
core   0: 0x000000008000ff56 (0xfe043783) ld      a5, -32(s0)
core   0: 3 0x000000008000ff56 (0xfe043783) x15 0x00000000800120a5 mem 0x0000000080031f50
core   0: 0x000000008000ff5a (0x00178713) addi    a4, a5, 1
core   0: 3 0x000000008000ff5a (0x00178713) x14 0x00000000800120a6
core   0: 0x000000008000ff5e (0xfee43023) sd      a4, -32(s0)
core   0: 3 0x000000008000ff5e (0xfee43023) mem 0x0000000080031f50 0x00000000800120a6
core   0: 0x000000008000ff62 (0xfc442703) lw      a4, -60(s0)
core   0: 3 0x000000008000ff62 (0xfc442703) x14 0x0000000000000000 mem 0x0000000080031f34
core   0: 0x000000008000ff66 (0x0ff77713) andi    a4, a4, 255
core   0: 3 0x000000008000ff66 (0x0ff77713) x14 0x0000000000000000
core   0: 0x000000008000ff6a (0x00e78023) sb      a4, 0(a5)
core   0: 3 0x000000008000ff6a (0x00e78023) mem 0x00000000800120a5 0x00
core   0: 0x000000008000ff6e (0xfc843703) ld      a4, -56(s0)
core   0: 3 0x000000008000ff6e (0xfc843703) x14 0x0000000080012040 mem 0x0000000080031f38
core   0: 0x000000008000ff72 (0xfb843783) ld      a5, -72(s0)
core   0: 3 0x000000008000ff72 (0xfb843783) x15 0x000000000000009c mem 0x0000000080031f28
core   0: 0x000000008000ff76 (0x000097ba) c.add   a5, a4
core   0: 3 0x000000008000ff76 (0x97ba) x15 0x00000000800120dc
core   0: 0x000000008000ff78 (0xfe043703) ld      a4, -32(s0)
core   0: 3 0x000000008000ff78 (0xfe043703) x14 0x00000000800120a6 mem 0x0000000080031f50
core   0: 0x000000008000ff7c (0xfcf76de3) bltu    a4, a5, pc - 38
core   0: 3 0x000000008000ff7c (0xfcf76de3)
core   0: 0x000000008000ff56 (0xfe043783) ld      a5, -32(s0)
core   0: 3 0x000000008000ff56 (0xfe043783) x15 0x00000000800120a6 mem 0x0000000080031f50
core   0: 0x000000008000ff5a (0x00178713) addi    a4, a5, 1
core   0: 3 0x000000008000ff5a (0x00178713) x14 0x00000000800120a7
core   0: 0x000000008000ff5e (0xfee43023) sd      a4, -32(s0)
core   0: 3 0x000000008000ff5e (0xfee43023) mem 0x0000000080031f50 0x00000000800120a7
core   0: 0x000000008000ff62 (0xfc442703) lw      a4, -60(s0)
core   0: 3 0x000000008000ff62 (0xfc442703) x14 0x0000000000000000 mem 0x0000000080031f34
core   0: 0x000000008000ff66 (0x0ff77713) andi    a4, a4, 255
core   0: 3 0x000000008000ff66 (0x0ff77713) x14 0x0000000000000000
core   0: 0x000000008000ff6a (0x00e78023) sb      a4, 0(a5)
core   0: 3 0x000000008000ff6a (0x00e78023) mem 0x00000000800120a6 0x00
core   0: 0x000000008000ff6e (0xfc843703) ld      a4, -56(s0)
core   0: 3 0x000000008000ff6e (0xfc843703) x14 0x0000000080012040 mem 0x0000000080031f38
core   0: 0x000000008000ff72 (0xfb843783) ld      a5, -72(s0)
core   0: 3 0x000000008000ff72 (0xfb843783) x15 0x000000000000009c mem 0x0000000080031f28
core   0: 0x000000008000ff76 (0x000097ba) c.add   a5, a4
core   0: 3 0x000000008000ff76 (0x97ba) x15 0x00000000800120dc
core   0: 0x000000008000ff78 (0xfe043703) ld      a4, -32(s0)
core   0: 3 0x000000008000ff78 (0xfe043703) x14 0x00000000800120a7 mem 0x0000000080031f50
core   0: 0x000000008000ff7c (0xfcf76de3) bltu    a4, a5, pc - 38
core   0: 3 0x000000008000ff7c (0xfcf76de3)
core   0: 0x000000008000ff56 (0xfe043783) ld      a5, -32(s0)
core   0: 3 0x000000008000ff56 (0xfe043783) x15 0x00000000800120a7 mem 0x0000000080031f50
core   0: 0x000000008000ff5a (0x00178713) addi    a4, a5, 1
core   0: 3 0x000000008000ff5a (0x00178713) x14 0x00000000800120a8
core   0: 0x000000008000ff5e (0xfee43023) sd      a4, -32(s0)
core   0: 3 0x000000008000ff5e (0xfee43023) mem 0x0000000080031f50 0x00000000800120a8
core   0: 0x000000008000ff62 (0xfc442703) lw      a4, -60(s0)
core   0: 3 0x000000008000ff62 (0xfc442703) x14 0x0000000000000000 mem 0x0000000080031f34
core   0: 0x000000008000ff66 (0x0ff77713) andi    a4, a4, 255
core   0: 3 0x000000008000ff66 (0x0ff77713) x14 0x0000000000000000
core   0: 0x000000008000ff6a (0x00e78023) sb      a4, 0(a5)
core   0: 3 0x000000008000ff6a (0x00e78023) mem 0x00000000800120a7 0x00
core   0: 0x000000008000ff6e (0xfc843703) ld      a4, -56(s0)
core   0: 3 0x000000008000ff6e (0xfc843703) x14 0x0000000080012040 mem 0x0000000080031f38
core   0: 0x000000008000ff72 (0xfb843783) ld      a5, -72(s0)
core   0: 3 0x000000008000ff72 (0xfb843783) x15 0x000000000000009c mem 0x0000000080031f28
core   0: 0x000000008000ff76 (0x000097ba) c.add   a5, a4
core   0: 3 0x000000008000ff76 (0x97ba) x15 0x00000000800120dc
core   0: 0x000000008000ff78 (0xfe043703) ld      a4, -32(s0)
core   0: 3 0x000000008000ff78 (0xfe043703) x14 0x00000000800120a8 mem 0x0000000080031f50
core   0: 0x000000008000ff7c (0xfcf76de3) bltu    a4, a5, pc - 38
core   0: 3 0x000000008000ff7c (0xfcf76de3)
core   0: 0x000000008000ff56 (0xfe043783) ld      a5, -32(s0)
core   0: 3 0x000000008000ff56 (0xfe043783) x15 0x00000000800120a8 mem 0x0000000080031f50
core   0: 0x000000008000ff5a (0x00178713) addi    a4, a5, 1
core   0: 3 0x000000008000ff5a (0x00178713) x14 0x00000000800120a9
core   0: 0x000000008000ff5e (0xfee43023) sd      a4, -32(s0)
core   0: 3 0x000000008000ff5e (0xfee43023) mem 0x0000000080031f50 0x00000000800120a9
core   0: 0x000000008000ff62 (0xfc442703) lw      a4, -60(s0)
core   0: 3 0x000000008000ff62 (0xfc442703) x14 0x0000000000000000 mem 0x0000000080031f34
core   0: 0x000000008000ff66 (0x0ff77713) andi    a4, a4, 255
core   0: 3 0x000000008000ff66 (0x0ff77713) x14 0x0000000000000000
core   0: 0x000000008000ff6a (0x00e78023) sb      a4, 0(a5)
core   0: 3 0x000000008000ff6a (0x00e78023) mem 0x00000000800120a8 0x00
core   0: 0x000000008000ff6e (0xfc843703) ld      a4, -56(s0)
core   0: 3 0x000000008000ff6e (0xfc843703) x14 0x0000000080012040 mem 0x0000000080031f38
core   0: 0x000000008000ff72 (0xfb843783) ld      a5, -72(s0)
core   0: 3 0x000000008000ff72 (0xfb843783) x15 0x000000000000009c mem 0x0000000080031f28
core   0: 0x000000008000ff76 (0x000097ba) c.add   a5, a4
core   0: 3 0x000000008000ff76 (0x97ba) x15 0x00000000800120dc
core   0: 0x000000008000ff78 (0xfe043703) ld      a4, -32(s0)
core   0: 3 0x000000008000ff78 (0xfe043703) x14 0x00000000800120a9 mem 0x0000000080031f50
core   0: 0x000000008000ff7c (0xfcf76de3) bltu    a4, a5, pc - 38
core   0: 3 0x000000008000ff7c (0xfcf76de3)
core   0: 0x000000008000ff56 (0xfe043783) ld      a5, -32(s0)
core   0: 3 0x000000008000ff56 (0xfe043783) x15 0x00000000800120a9 mem 0x0000000080031f50
core   0: 0x000000008000ff5a (0x00178713) addi    a4, a5, 1
core   0: 3 0x000000008000ff5a (0x00178713) x14 0x00000000800120aa
core   0: 0x000000008000ff5e (0xfee43023) sd      a4, -32(s0)
core   0: 3 0x000000008000ff5e (0xfee43023) mem 0x0000000080031f50 0x00000000800120aa
core   0: 0x000000008000ff62 (0xfc442703) lw      a4, -60(s0)
core   0: 3 0x000000008000ff62 (0xfc442703) x14 0x0000000000000000 mem 0x0000000080031f34
core   0: 0x000000008000ff66 (0x0ff77713) andi    a4, a4, 255
core   0: 3 0x000000008000ff66 (0x0ff77713) x14 0x0000000000000000
core   0: 0x000000008000ff6a (0x00e78023) sb      a4, 0(a5)
core   0: 3 0x000000008000ff6a (0x00e78023) mem 0x00000000800120a9 0x00
core   0: 0x000000008000ff6e (0xfc843703) ld      a4, -56(s0)
core   0: 3 0x000000008000ff6e (0xfc843703) x14 0x0000000080012040 mem 0x0000000080031f38
core   0: 0x000000008000ff72 (0xfb843783) ld      a5, -72(s0)
core   0: 3 0x000000008000ff72 (0xfb843783) x15 0x000000000000009c mem 0x0000000080031f28
core   0: 0x000000008000ff76 (0x000097ba) c.add   a5, a4
core   0: 3 0x000000008000ff76 (0x97ba) x15 0x00000000800120dc
core   0: 0x000000008000ff78 (0xfe043703) ld      a4, -32(s0)
core   0: 3 0x000000008000ff78 (0xfe043703) x14 0x00000000800120aa mem 0x0000000080031f50
core   0: 0x000000008000ff7c (0xfcf76de3) bltu    a4, a5, pc - 38
core   0: 3 0x000000008000ff7c (0xfcf76de3)
core   0: 0x000000008000ff56 (0xfe043783) ld      a5, -32(s0)
core   0: 3 0x000000008000ff56 (0xfe043783) x15 0x00000000800120aa mem 0x0000000080031f50
core   0: 0x000000008000ff5a (0x00178713) addi    a4, a5, 1
core   0: 3 0x000000008000ff5a (0x00178713) x14 0x00000000800120ab
core   0: 0x000000008000ff5e (0xfee43023) sd      a4, -32(s0)
core   0: 3 0x000000008000ff5e (0xfee43023) mem 0x0000000080031f50 0x00000000800120ab
core   0: 0x000000008000ff62 (0xfc442703) lw      a4, -60(s0)
core   0: 3 0x000000008000ff62 (0xfc442703) x14 0x0000000000000000 mem 0x0000000080031f34
core   0: 0x000000008000ff66 (0x0ff77713) andi    a4, a4, 255
core   0: 3 0x000000008000ff66 (0x0ff77713) x14 0x0000000000000000
core   0: 0x000000008000ff6a (0x00e78023) sb      a4, 0(a5)
core   0: 3 0x000000008000ff6a (0x00e78023) mem 0x00000000800120aa 0x00
core   0: 0x000000008000ff6e (0xfc843703) ld      a4, -56(s0)
core   0: 3 0x000000008000ff6e (0xfc843703) x14 0x0000000080012040 mem 0x0000000080031f38
core   0: 0x000000008000ff72 (0xfb843783) ld      a5, -72(s0)
core   0: 3 0x000000008000ff72 (0xfb843783) x15 0x000000000000009c mem 0x0000000080031f28
core   0: 0x000000008000ff76 (0x000097ba) c.add   a5, a4
core   0: 3 0x000000008000ff76 (0x97ba) x15 0x00000000800120dc
core   0: 0x000000008000ff78 (0xfe043703) ld      a4, -32(s0)
core   0: 3 0x000000008000ff78 (0xfe043703) x14 0x00000000800120ab mem 0x0000000080031f50
core   0: 0x000000008000ff7c (0xfcf76de3) bltu    a4, a5, pc - 38
core   0: 3 0x000000008000ff7c (0xfcf76de3)
core   0: 0x000000008000ff56 (0xfe043783) ld      a5, -32(s0)
core   0: 3 0x000000008000ff56 (0xfe043783) x15 0x00000000800120ab mem 0x0000000080031f50
core   0: 0x000000008000ff5a (0x00178713) addi    a4, a5, 1
core   0: 3 0x000000008000ff5a (0x00178713) x14 0x00000000800120ac
core   0: 0x000000008000ff5e (0xfee43023) sd      a4, -32(s0)
core   0: 3 0x000000008000ff5e (0xfee43023) mem 0x0000000080031f50 0x00000000800120ac
core   0: 0x000000008000ff62 (0xfc442703) lw      a4, -60(s0)
core   0: 3 0x000000008000ff62 (0xfc442703) x14 0x0000000000000000 mem 0x0000000080031f34
core   0: 0x000000008000ff66 (0x0ff77713) andi    a4, a4, 255
core   0: 3 0x000000008000ff66 (0x0ff77713) x14 0x0000000000000000
core   0: 0x000000008000ff6a (0x00e78023) sb      a4, 0(a5)
core   0: 3 0x000000008000ff6a (0x00e78023) mem 0x00000000800120ab 0x00
core   0: 0x000000008000ff6e (0xfc843703) ld      a4, -56(s0)
core   0: 3 0x000000008000ff6e (0xfc843703) x14 0x0000000080012040 mem 0x0000000080031f38
core   0: 0x000000008000ff72 (0xfb843783) ld      a5, -72(s0)
core   0: 3 0x000000008000ff72 (0xfb843783) x15 0x000000000000009c mem 0x0000000080031f28
core   0: 0x000000008000ff76 (0x000097ba) c.add   a5, a4
core   0: 3 0x000000008000ff76 (0x97ba) x15 0x00000000800120dc
core   0: 0x000000008000ff78 (0xfe043703) ld      a4, -32(s0)
core   0: 3 0x000000008000ff78 (0xfe043703) x14 0x00000000800120ac mem 0x0000000080031f50
core   0: 0x000000008000ff7c (0xfcf76de3) bltu    a4, a5, pc - 38
core   0: 3 0x000000008000ff7c (0xfcf76de3)
core   0: 0x000000008000ff56 (0xfe043783) ld      a5, -32(s0)
core   0: 3 0x000000008000ff56 (0xfe043783) x15 0x00000000800120ac mem 0x0000000080031f50
core   0: 0x000000008000ff5a (0x00178713) addi    a4, a5, 1
core   0: 3 0x000000008000ff5a (0x00178713) x14 0x00000000800120ad
core   0: 0x000000008000ff5e (0xfee43023) sd      a4, -32(s0)
core   0: 3 0x000000008000ff5e (0xfee43023) mem 0x0000000080031f50 0x00000000800120ad
core   0: 0x000000008000ff62 (0xfc442703) lw      a4, -60(s0)
core   0: 3 0x000000008000ff62 (0xfc442703) x14 0x0000000000000000 mem 0x0000000080031f34
core   0: 0x000000008000ff66 (0x0ff77713) andi    a4, a4, 255
core   0: 3 0x000000008000ff66 (0x0ff77713) x14 0x0000000000000000
core   0: 0x000000008000ff6a (0x00e78023) sb      a4, 0(a5)
core   0: 3 0x000000008000ff6a (0x00e78023) mem 0x00000000800120ac 0x00
core   0: 0x000000008000ff6e (0xfc843703) ld      a4, -56(s0)
core   0: 3 0x000000008000ff6e (0xfc843703) x14 0x0000000080012040 mem 0x0000000080031f38
core   0: 0x000000008000ff72 (0xfb843783) ld      a5, -72(s0)
core   0: 3 0x000000008000ff72 (0xfb843783) x15 0x000000000000009c mem 0x0000000080031f28
core   0: 0x000000008000ff76 (0x000097ba) c.add   a5, a4
core   0: 3 0x000000008000ff76 (0x97ba) x15 0x00000000800120dc
core   0: 0x000000008000ff78 (0xfe043703) ld      a4, -32(s0)
core   0: 3 0x000000008000ff78 (0xfe043703) x14 0x00000000800120ad mem 0x0000000080031f50
core   0: 0x000000008000ff7c (0xfcf76de3) bltu    a4, a5, pc - 38
core   0: 3 0x000000008000ff7c (0xfcf76de3)
core   0: 0x000000008000ff56 (0xfe043783) ld      a5, -32(s0)
core   0: 3 0x000000008000ff56 (0xfe043783) x15 0x00000000800120ad mem 0x0000000080031f50
core   0: 0x000000008000ff5a (0x00178713) addi    a4, a5, 1
core   0: 3 0x000000008000ff5a (0x00178713) x14 0x00000000800120ae
core   0: 0x000000008000ff5e (0xfee43023) sd      a4, -32(s0)
core   0: 3 0x000000008000ff5e (0xfee43023) mem 0x0000000080031f50 0x00000000800120ae
core   0: 0x000000008000ff62 (0xfc442703) lw      a4, -60(s0)
core   0: 3 0x000000008000ff62 (0xfc442703) x14 0x0000000000000000 mem 0x0000000080031f34
core   0: 0x000000008000ff66 (0x0ff77713) andi    a4, a4, 255
core   0: 3 0x000000008000ff66 (0x0ff77713) x14 0x0000000000000000
core   0: 0x000000008000ff6a (0x00e78023) sb      a4, 0(a5)
core   0: 3 0x000000008000ff6a (0x00e78023) mem 0x00000000800120ad 0x00
core   0: 0x000000008000ff6e (0xfc843703) ld      a4, -56(s0)
core   0: 3 0x000000008000ff6e (0xfc843703) x14 0x0000000080012040 mem 0x0000000080031f38
core   0: 0x000000008000ff72 (0xfb843783) ld      a5, -72(s0)
core   0: 3 0x000000008000ff72 (0xfb843783) x15 0x000000000000009c mem 0x0000000080031f28
core   0: 0x000000008000ff76 (0x000097ba) c.add   a5, a4
core   0: 3 0x000000008000ff76 (0x97ba) x15 0x00000000800120dc
core   0: 0x000000008000ff78 (0xfe043703) ld      a4, -32(s0)
core   0: 3 0x000000008000ff78 (0xfe043703) x14 0x00000000800120ae mem 0x0000000080031f50
core   0: 0x000000008000ff7c (0xfcf76de3) bltu    a4, a5, pc - 38
core   0: 3 0x000000008000ff7c (0xfcf76de3)
core   0: 0x000000008000ff56 (0xfe043783) ld      a5, -32(s0)
core   0: 3 0x000000008000ff56 (0xfe043783) x15 0x00000000800120ae mem 0x0000000080031f50
core   0: 0x000000008000ff5a (0x00178713) addi    a4, a5, 1
core   0: 3 0x000000008000ff5a (0x00178713) x14 0x00000000800120af
core   0: 0x000000008000ff5e (0xfee43023) sd      a4, -32(s0)
core   0: 3 0x000000008000ff5e (0xfee43023) mem 0x0000000080031f50 0x00000000800120af
core   0: 0x000000008000ff62 (0xfc442703) lw      a4, -60(s0)
core   0: 3 0x000000008000ff62 (0xfc442703) x14 0x0000000000000000 mem 0x0000000080031f34
core   0: 0x000000008000ff66 (0x0ff77713) andi    a4, a4, 255
core   0: 3 0x000000008000ff66 (0x0ff77713) x14 0x0000000000000000
core   0: 0x000000008000ff6a (0x00e78023) sb      a4, 0(a5)
core   0: 3 0x000000008000ff6a (0x00e78023) mem 0x00000000800120ae 0x00
core   0: 0x000000008000ff6e (0xfc843703) ld      a4, -56(s0)
core   0: 3 0x000000008000ff6e (0xfc843703) x14 0x0000000080012040 mem 0x0000000080031f38
core   0: 0x000000008000ff72 (0xfb843783) ld      a5, -72(s0)
core   0: 3 0x000000008000ff72 (0xfb843783) x15 0x000000000000009c mem 0x0000000080031f28
core   0: 0x000000008000ff76 (0x000097ba) c.add   a5, a4
core   0: 3 0x000000008000ff76 (0x97ba) x15 0x00000000800120dc
core   0: 0x000000008000ff78 (0xfe043703) ld      a4, -32(s0)
core   0: 3 0x000000008000ff78 (0xfe043703) x14 0x00000000800120af mem 0x0000000080031f50
core   0: 0x000000008000ff7c (0xfcf76de3) bltu    a4, a5, pc - 38
core   0: 3 0x000000008000ff7c (0xfcf76de3)
core   0: 0x000000008000ff56 (0xfe043783) ld      a5, -32(s0)
core   0: 3 0x000000008000ff56 (0xfe043783) x15 0x00000000800120af mem 0x0000000080031f50
core   0: 0x000000008000ff5a (0x00178713) addi    a4, a5, 1
core   0: 3 0x000000008000ff5a (0x00178713) x14 0x00000000800120b0
core   0: 0x000000008000ff5e (0xfee43023) sd      a4, -32(s0)
core   0: 3 0x000000008000ff5e (0xfee43023) mem 0x0000000080031f50 0x00000000800120b0
core   0: 0x000000008000ff62 (0xfc442703) lw      a4, -60(s0)
core   0: 3 0x000000008000ff62 (0xfc442703) x14 0x0000000000000000 mem 0x0000000080031f34
core   0: 0x000000008000ff66 (0x0ff77713) andi    a4, a4, 255
core   0: 3 0x000000008000ff66 (0x0ff77713) x14 0x0000000000000000
core   0: 0x000000008000ff6a (0x00e78023) sb      a4, 0(a5)
core   0: 3 0x000000008000ff6a (0x00e78023) mem 0x00000000800120af 0x00
core   0: 0x000000008000ff6e (0xfc843703) ld      a4, -56(s0)
core   0: 3 0x000000008000ff6e (0xfc843703) x14 0x0000000080012040 mem 0x0000000080031f38
core   0: 0x000000008000ff72 (0xfb843783) ld      a5, -72(s0)
core   0: 3 0x000000008000ff72 (0xfb843783) x15 0x000000000000009c mem 0x0000000080031f28
core   0: 0x000000008000ff76 (0x000097ba) c.add   a5, a4
core   0: 3 0x000000008000ff76 (0x97ba) x15 0x00000000800120dc
core   0: 0x000000008000ff78 (0xfe043703) ld      a4, -32(s0)
core   0: 3 0x000000008000ff78 (0xfe043703) x14 0x00000000800120b0 mem 0x0000000080031f50
core   0: 0x000000008000ff7c (0xfcf76de3) bltu    a4, a5, pc - 38
core   0: 3 0x000000008000ff7c (0xfcf76de3)
core   0: 0x000000008000ff56 (0xfe043783) ld      a5, -32(s0)
core   0: 3 0x000000008000ff56 (0xfe043783) x15 0x00000000800120b0 mem 0x0000000080031f50
core   0: 0x000000008000ff5a (0x00178713) addi    a4, a5, 1
core   0: 3 0x000000008000ff5a (0x00178713) x14 0x00000000800120b1
core   0: 0x000000008000ff5e (0xfee43023) sd      a4, -32(s0)
core   0: 3 0x000000008000ff5e (0xfee43023) mem 0x0000000080031f50 0x00000000800120b1
core   0: 0x000000008000ff62 (0xfc442703) lw      a4, -60(s0)
core   0: 3 0x000000008000ff62 (0xfc442703) x14 0x0000000000000000 mem 0x0000000080031f34
core   0: 0x000000008000ff66 (0x0ff77713) andi    a4, a4, 255
core   0: 3 0x000000008000ff66 (0x0ff77713) x14 0x0000000000000000
core   0: 0x000000008000ff6a (0x00e78023) sb      a4, 0(a5)
core   0: 3 0x000000008000ff6a (0x00e78023) mem 0x00000000800120b0 0x00
core   0: 0x000000008000ff6e (0xfc843703) ld      a4, -56(s0)
core   0: 3 0x000000008000ff6e (0xfc843703) x14 0x0000000080012040 mem 0x0000000080031f38
core   0: 0x000000008000ff72 (0xfb843783) ld      a5, -72(s0)
core   0: 3 0x000000008000ff72 (0xfb843783) x15 0x000000000000009c mem 0x0000000080031f28
core   0: 0x000000008000ff76 (0x000097ba) c.add   a5, a4
core   0: 3 0x000000008000ff76 (0x97ba) x15 0x00000000800120dc
core   0: 0x000000008000ff78 (0xfe043703) ld      a4, -32(s0)
core   0: 3 0x000000008000ff78 (0xfe043703) x14 0x00000000800120b1 mem 0x0000000080031f50
core   0: 0x000000008000ff7c (0xfcf76de3) bltu    a4, a5, pc - 38
core   0: 3 0x000000008000ff7c (0xfcf76de3)
core   0: 0x000000008000ff56 (0xfe043783) ld      a5, -32(s0)
core   0: 3 0x000000008000ff56 (0xfe043783) x15 0x00000000800120b1 mem 0x0000000080031f50
core   0: 0x000000008000ff5a (0x00178713) addi    a4, a5, 1
core   0: 3 0x000000008000ff5a (0x00178713) x14 0x00000000800120b2
core   0: 0x000000008000ff5e (0xfee43023) sd      a4, -32(s0)
core   0: 3 0x000000008000ff5e (0xfee43023) mem 0x0000000080031f50 0x00000000800120b2
core   0: 0x000000008000ff62 (0xfc442703) lw      a4, -60(s0)
core   0: 3 0x000000008000ff62 (0xfc442703) x14 0x0000000000000000 mem 0x0000000080031f34
core   0: 0x000000008000ff66 (0x0ff77713) andi    a4, a4, 255
core   0: 3 0x000000008000ff66 (0x0ff77713) x14 0x0000000000000000
core   0: 0x000000008000ff6a (0x00e78023) sb      a4, 0(a5)
core   0: 3 0x000000008000ff6a (0x00e78023) mem 0x00000000800120b1 0x00
core   0: 0x000000008000ff6e (0xfc843703) ld      a4, -56(s0)
core   0: 3 0x000000008000ff6e (0xfc843703) x14 0x0000000080012040 mem 0x0000000080031f38
core   0: 0x000000008000ff72 (0xfb843783) ld      a5, -72(s0)
core   0: 3 0x000000008000ff72 (0xfb843783) x15 0x000000000000009c mem 0x0000000080031f28
core   0: 0x000000008000ff76 (0x000097ba) c.add   a5, a4
core   0: 3 0x000000008000ff76 (0x97ba) x15 0x00000000800120dc
core   0: 0x000000008000ff78 (0xfe043703) ld      a4, -32(s0)
core   0: 3 0x000000008000ff78 (0xfe043703) x14 0x00000000800120b2 mem 0x0000000080031f50
core   0: 0x000000008000ff7c (0xfcf76de3) bltu    a4, a5, pc - 38
core   0: 3 0x000000008000ff7c (0xfcf76de3)
core   0: 0x000000008000ff56 (0xfe043783) ld      a5, -32(s0)
core   0: 3 0x000000008000ff56 (0xfe043783) x15 0x00000000800120b2 mem 0x0000000080031f50
core   0: 0x000000008000ff5a (0x00178713) addi    a4, a5, 1
core   0: 3 0x000000008000ff5a (0x00178713) x14 0x00000000800120b3
core   0: 0x000000008000ff5e (0xfee43023) sd      a4, -32(s0)
core   0: 3 0x000000008000ff5e (0xfee43023) mem 0x0000000080031f50 0x00000000800120b3
core   0: 0x000000008000ff62 (0xfc442703) lw      a4, -60(s0)
core   0: 3 0x000000008000ff62 (0xfc442703) x14 0x0000000000000000 mem 0x0000000080031f34
core   0: 0x000000008000ff66 (0x0ff77713) andi    a4, a4, 255
core   0: 3 0x000000008000ff66 (0x0ff77713) x14 0x0000000000000000
core   0: 0x000000008000ff6a (0x00e78023) sb      a4, 0(a5)
core   0: 3 0x000000008000ff6a (0x00e78023) mem 0x00000000800120b2 0x00
core   0: 0x000000008000ff6e (0xfc843703) ld      a4, -56(s0)
core   0: 3 0x000000008000ff6e (0xfc843703) x14 0x0000000080012040 mem 0x0000000080031f38
core   0: 0x000000008000ff72 (0xfb843783) ld      a5, -72(s0)
core   0: 3 0x000000008000ff72 (0xfb843783) x15 0x000000000000009c mem 0x0000000080031f28
core   0: 0x000000008000ff76 (0x000097ba) c.add   a5, a4
core   0: 3 0x000000008000ff76 (0x97ba) x15 0x00000000800120dc
core   0: 0x000000008000ff78 (0xfe043703) ld      a4, -32(s0)
core   0: 3 0x000000008000ff78 (0xfe043703) x14 0x00000000800120b3 mem 0x0000000080031f50
core   0: 0x000000008000ff7c (0xfcf76de3) bltu    a4, a5, pc - 38
core   0: 3 0x000000008000ff7c (0xfcf76de3)
core   0: 0x000000008000ff56 (0xfe043783) ld      a5, -32(s0)
core   0: 3 0x000000008000ff56 (0xfe043783) x15 0x00000000800120b3 mem 0x0000000080031f50
core   0: 0x000000008000ff5a (0x00178713) addi    a4, a5, 1
core   0: 3 0x000000008000ff5a (0x00178713) x14 0x00000000800120b4
core   0: 0x000000008000ff5e (0xfee43023) sd      a4, -32(s0)
core   0: 3 0x000000008000ff5e (0xfee43023) mem 0x0000000080031f50 0x00000000800120b4
core   0: 0x000000008000ff62 (0xfc442703) lw      a4, -60(s0)
core   0: 3 0x000000008000ff62 (0xfc442703) x14 0x0000000000000000 mem 0x0000000080031f34
core   0: 0x000000008000ff66 (0x0ff77713) andi    a4, a4, 255
core   0: 3 0x000000008000ff66 (0x0ff77713) x14 0x0000000000000000
core   0: 0x000000008000ff6a (0x00e78023) sb      a4, 0(a5)
core   0: 3 0x000000008000ff6a (0x00e78023) mem 0x00000000800120b3 0x00
core   0: 0x000000008000ff6e (0xfc843703) ld      a4, -56(s0)
core   0: 3 0x000000008000ff6e (0xfc843703) x14 0x0000000080012040 mem 0x0000000080031f38
core   0: 0x000000008000ff72 (0xfb843783) ld      a5, -72(s0)
core   0: 3 0x000000008000ff72 (0xfb843783) x15 0x000000000000009c mem 0x0000000080031f28
core   0: 0x000000008000ff76 (0x000097ba) c.add   a5, a4
core   0: 3 0x000000008000ff76 (0x97ba) x15 0x00000000800120dc
core   0: 0x000000008000ff78 (0xfe043703) ld      a4, -32(s0)
core   0: 3 0x000000008000ff78 (0xfe043703) x14 0x00000000800120b4 mem 0x0000000080031f50
core   0: 0x000000008000ff7c (0xfcf76de3) bltu    a4, a5, pc - 38
core   0: 3 0x000000008000ff7c (0xfcf76de3)
core   0: 0x000000008000ff56 (0xfe043783) ld      a5, -32(s0)
core   0: 3 0x000000008000ff56 (0xfe043783) x15 0x00000000800120b4 mem 0x0000000080031f50
core   0: 0x000000008000ff5a (0x00178713) addi    a4, a5, 1
core   0: 3 0x000000008000ff5a (0x00178713) x14 0x00000000800120b5
core   0: 0x000000008000ff5e (0xfee43023) sd      a4, -32(s0)
core   0: 3 0x000000008000ff5e (0xfee43023) mem 0x0000000080031f50 0x00000000800120b5
core   0: 0x000000008000ff62 (0xfc442703) lw      a4, -60(s0)
core   0: 3 0x000000008000ff62 (0xfc442703) x14 0x0000000000000000 mem 0x0000000080031f34
core   0: 0x000000008000ff66 (0x0ff77713) andi    a4, a4, 255
core   0: 3 0x000000008000ff66 (0x0ff77713) x14 0x0000000000000000
core   0: 0x000000008000ff6a (0x00e78023) sb      a4, 0(a5)
core   0: 3 0x000000008000ff6a (0x00e78023) mem 0x00000000800120b4 0x00
core   0: 0x000000008000ff6e (0xfc843703) ld      a4, -56(s0)
core   0: 3 0x000000008000ff6e (0xfc843703) x14 0x0000000080012040 mem 0x0000000080031f38
core   0: 0x000000008000ff72 (0xfb843783) ld      a5, -72(s0)
core   0: 3 0x000000008000ff72 (0xfb843783) x15 0x000000000000009c mem 0x0000000080031f28
core   0: 0x000000008000ff76 (0x000097ba) c.add   a5, a4
core   0: 3 0x000000008000ff76 (0x97ba) x15 0x00000000800120dc
core   0: 0x000000008000ff78 (0xfe043703) ld      a4, -32(s0)
core   0: 3 0x000000008000ff78 (0xfe043703) x14 0x00000000800120b5 mem 0x0000000080031f50
core   0: 0x000000008000ff7c (0xfcf76de3) bltu    a4, a5, pc - 38
core   0: 3 0x000000008000ff7c (0xfcf76de3)
core   0: 0x000000008000ff56 (0xfe043783) ld      a5, -32(s0)
core   0: 3 0x000000008000ff56 (0xfe043783) x15 0x00000000800120b5 mem 0x0000000080031f50
core   0: 0x000000008000ff5a (0x00178713) addi    a4, a5, 1
core   0: 3 0x000000008000ff5a (0x00178713) x14 0x00000000800120b6
core   0: 0x000000008000ff5e (0xfee43023) sd      a4, -32(s0)
core   0: 3 0x000000008000ff5e (0xfee43023) mem 0x0000000080031f50 0x00000000800120b6
core   0: 0x000000008000ff62 (0xfc442703) lw      a4, -60(s0)
core   0: 3 0x000000008000ff62 (0xfc442703) x14 0x0000000000000000 mem 0x0000000080031f34
core   0: 0x000000008000ff66 (0x0ff77713) andi    a4, a4, 255
core   0: 3 0x000000008000ff66 (0x0ff77713) x14 0x0000000000000000
core   0: 0x000000008000ff6a (0x00e78023) sb      a4, 0(a5)
core   0: 3 0x000000008000ff6a (0x00e78023) mem 0x00000000800120b5 0x00
core   0: 0x000000008000ff6e (0xfc843703) ld      a4, -56(s0)
core   0: 3 0x000000008000ff6e (0xfc843703) x14 0x0000000080012040 mem 0x0000000080031f38
core   0: 0x000000008000ff72 (0xfb843783) ld      a5, -72(s0)
core   0: 3 0x000000008000ff72 (0xfb843783) x15 0x000000000000009c mem 0x0000000080031f28
core   0: 0x000000008000ff76 (0x000097ba) c.add   a5, a4
core   0: 3 0x000000008000ff76 (0x97ba) x15 0x00000000800120dc
core   0: 0x000000008000ff78 (0xfe043703) ld      a4, -32(s0)
core   0: 3 0x000000008000ff78 (0xfe043703) x14 0x00000000800120b6 mem 0x0000000080031f50
core   0: 0x000000008000ff7c (0xfcf76de3) bltu    a4, a5, pc - 38
core   0: 3 0x000000008000ff7c (0xfcf76de3)
core   0: 0x000000008000ff56 (0xfe043783) ld      a5, -32(s0)
core   0: 3 0x000000008000ff56 (0xfe043783) x15 0x00000000800120b6 mem 0x0000000080031f50
core   0: 0x000000008000ff5a (0x00178713) addi    a4, a5, 1
core   0: 3 0x000000008000ff5a (0x00178713) x14 0x00000000800120b7
core   0: 0x000000008000ff5e (0xfee43023) sd      a4, -32(s0)
core   0: 3 0x000000008000ff5e (0xfee43023) mem 0x0000000080031f50 0x00000000800120b7
core   0: 0x000000008000ff62 (0xfc442703) lw      a4, -60(s0)
core   0: 3 0x000000008000ff62 (0xfc442703) x14 0x0000000000000000 mem 0x0000000080031f34
core   0: 0x000000008000ff66 (0x0ff77713) andi    a4, a4, 255
core   0: 3 0x000000008000ff66 (0x0ff77713) x14 0x0000000000000000
core   0: 0x000000008000ff6a (0x00e78023) sb      a4, 0(a5)
core   0: 3 0x000000008000ff6a (0x00e78023) mem 0x00000000800120b6 0x00
core   0: 0x000000008000ff6e (0xfc843703) ld      a4, -56(s0)
core   0: 3 0x000000008000ff6e (0xfc843703) x14 0x0000000080012040 mem 0x0000000080031f38
core   0: 0x000000008000ff72 (0xfb843783) ld      a5, -72(s0)
core   0: 3 0x000000008000ff72 (0xfb843783) x15 0x000000000000009c mem 0x0000000080031f28
core   0: 0x000000008000ff76 (0x000097ba) c.add   a5, a4
core   0: 3 0x000000008000ff76 (0x97ba) x15 0x00000000800120dc
core   0: 0x000000008000ff78 (0xfe043703) ld      a4, -32(s0)
core   0: 3 0x000000008000ff78 (0xfe043703) x14 0x00000000800120b7 mem 0x0000000080031f50
core   0: 0x000000008000ff7c (0xfcf76de3) bltu    a4, a5, pc - 38
core   0: 3 0x000000008000ff7c (0xfcf76de3)
core   0: 0x000000008000ff56 (0xfe043783) ld      a5, -32(s0)
core   0: 3 0x000000008000ff56 (0xfe043783) x15 0x00000000800120b7 mem 0x0000000080031f50
core   0: 0x000000008000ff5a (0x00178713) addi    a4, a5, 1
core   0: 3 0x000000008000ff5a (0x00178713) x14 0x00000000800120b8
core   0: 0x000000008000ff5e (0xfee43023) sd      a4, -32(s0)
core   0: 3 0x000000008000ff5e (0xfee43023) mem 0x0000000080031f50 0x00000000800120b8
core   0: 0x000000008000ff62 (0xfc442703) lw      a4, -60(s0)
core   0: 3 0x000000008000ff62 (0xfc442703) x14 0x0000000000000000 mem 0x0000000080031f34
core   0: 0x000000008000ff66 (0x0ff77713) andi    a4, a4, 255
core   0: 3 0x000000008000ff66 (0x0ff77713) x14 0x0000000000000000
core   0: 0x000000008000ff6a (0x00e78023) sb      a4, 0(a5)
core   0: 3 0x000000008000ff6a (0x00e78023) mem 0x00000000800120b7 0x00
core   0: 0x000000008000ff6e (0xfc843703) ld      a4, -56(s0)
core   0: 3 0x000000008000ff6e (0xfc843703) x14 0x0000000080012040 mem 0x0000000080031f38
core   0: 0x000000008000ff72 (0xfb843783) ld      a5, -72(s0)
core   0: 3 0x000000008000ff72 (0xfb843783) x15 0x000000000000009c mem 0x0000000080031f28
core   0: 0x000000008000ff76 (0x000097ba) c.add   a5, a4
core   0: 3 0x000000008000ff76 (0x97ba) x15 0x00000000800120dc
core   0: 0x000000008000ff78 (0xfe043703) ld      a4, -32(s0)
core   0: 3 0x000000008000ff78 (0xfe043703) x14 0x00000000800120b8 mem 0x0000000080031f50
core   0: 0x000000008000ff7c (0xfcf76de3) bltu    a4, a5, pc - 38
core   0: 3 0x000000008000ff7c (0xfcf76de3)
core   0: 0x000000008000ff56 (0xfe043783) ld      a5, -32(s0)
core   0: 3 0x000000008000ff56 (0xfe043783) x15 0x00000000800120b8 mem 0x0000000080031f50
core   0: 0x000000008000ff5a (0x00178713) addi    a4, a5, 1
core   0: 3 0x000000008000ff5a (0x00178713) x14 0x00000000800120b9
core   0: 0x000000008000ff5e (0xfee43023) sd      a4, -32(s0)
core   0: 3 0x000000008000ff5e (0xfee43023) mem 0x0000000080031f50 0x00000000800120b9
core   0: 0x000000008000ff62 (0xfc442703) lw      a4, -60(s0)
core   0: 3 0x000000008000ff62 (0xfc442703) x14 0x0000000000000000 mem 0x0000000080031f34
core   0: 0x000000008000ff66 (0x0ff77713) andi    a4, a4, 255
core   0: 3 0x000000008000ff66 (0x0ff77713) x14 0x0000000000000000
core   0: 0x000000008000ff6a (0x00e78023) sb      a4, 0(a5)
core   0: 3 0x000000008000ff6a (0x00e78023) mem 0x00000000800120b8 0x00
core   0: 0x000000008000ff6e (0xfc843703) ld      a4, -56(s0)
core   0: 3 0x000000008000ff6e (0xfc843703) x14 0x0000000080012040 mem 0x0000000080031f38
core   0: 0x000000008000ff72 (0xfb843783) ld      a5, -72(s0)
core   0: 3 0x000000008000ff72 (0xfb843783) x15 0x000000000000009c mem 0x0000000080031f28
core   0: 0x000000008000ff76 (0x000097ba) c.add   a5, a4
core   0: 3 0x000000008000ff76 (0x97ba) x15 0x00000000800120dc
core   0: 0x000000008000ff78 (0xfe043703) ld      a4, -32(s0)
core   0: 3 0x000000008000ff78 (0xfe043703) x14 0x00000000800120b9 mem 0x0000000080031f50
core   0: 0x000000008000ff7c (0xfcf76de3) bltu    a4, a5, pc - 38
core   0: 3 0x000000008000ff7c (0xfcf76de3)
core   0: 0x000000008000ff56 (0xfe043783) ld      a5, -32(s0)
core   0: 3 0x000000008000ff56 (0xfe043783) x15 0x00000000800120b9 mem 0x0000000080031f50
core   0: 0x000000008000ff5a (0x00178713) addi    a4, a5, 1
core   0: 3 0x000000008000ff5a (0x00178713) x14 0x00000000800120ba
core   0: 0x000000008000ff5e (0xfee43023) sd      a4, -32(s0)
core   0: 3 0x000000008000ff5e (0xfee43023) mem 0x0000000080031f50 0x00000000800120ba
core   0: 0x000000008000ff62 (0xfc442703) lw      a4, -60(s0)
core   0: 3 0x000000008000ff62 (0xfc442703) x14 0x0000000000000000 mem 0x0000000080031f34
core   0: 0x000000008000ff66 (0x0ff77713) andi    a4, a4, 255
core   0: 3 0x000000008000ff66 (0x0ff77713) x14 0x0000000000000000
core   0: 0x000000008000ff6a (0x00e78023) sb      a4, 0(a5)
core   0: 3 0x000000008000ff6a (0x00e78023) mem 0x00000000800120b9 0x00
core   0: 0x000000008000ff6e (0xfc843703) ld      a4, -56(s0)
core   0: 3 0x000000008000ff6e (0xfc843703) x14 0x0000000080012040 mem 0x0000000080031f38
core   0: 0x000000008000ff72 (0xfb843783) ld      a5, -72(s0)
core   0: 3 0x000000008000ff72 (0xfb843783) x15 0x000000000000009c mem 0x0000000080031f28
core   0: 0x000000008000ff76 (0x000097ba) c.add   a5, a4
core   0: 3 0x000000008000ff76 (0x97ba) x15 0x00000000800120dc
core   0: 0x000000008000ff78 (0xfe043703) ld      a4, -32(s0)
core   0: 3 0x000000008000ff78 (0xfe043703) x14 0x00000000800120ba mem 0x0000000080031f50
core   0: 0x000000008000ff7c (0xfcf76de3) bltu    a4, a5, pc - 38
core   0: 3 0x000000008000ff7c (0xfcf76de3)
core   0: 0x000000008000ff56 (0xfe043783) ld      a5, -32(s0)
core   0: 3 0x000000008000ff56 (0xfe043783) x15 0x00000000800120ba mem 0x0000000080031f50
core   0: 0x000000008000ff5a (0x00178713) addi    a4, a5, 1
core   0: 3 0x000000008000ff5a (0x00178713) x14 0x00000000800120bb
core   0: 0x000000008000ff5e (0xfee43023) sd      a4, -32(s0)
core   0: 3 0x000000008000ff5e (0xfee43023) mem 0x0000000080031f50 0x00000000800120bb
core   0: 0x000000008000ff62 (0xfc442703) lw      a4, -60(s0)
core   0: 3 0x000000008000ff62 (0xfc442703) x14 0x0000000000000000 mem 0x0000000080031f34
core   0: 0x000000008000ff66 (0x0ff77713) andi    a4, a4, 255
core   0: 3 0x000000008000ff66 (0x0ff77713) x14 0x0000000000000000
core   0: 0x000000008000ff6a (0x00e78023) sb      a4, 0(a5)
core   0: 3 0x000000008000ff6a (0x00e78023) mem 0x00000000800120ba 0x00
core   0: 0x000000008000ff6e (0xfc843703) ld      a4, -56(s0)
core   0: 3 0x000000008000ff6e (0xfc843703) x14 0x0000000080012040 mem 0x0000000080031f38
core   0: 0x000000008000ff72 (0xfb843783) ld      a5, -72(s0)
core   0: 3 0x000000008000ff72 (0xfb843783) x15 0x000000000000009c mem 0x0000000080031f28
core   0: 0x000000008000ff76 (0x000097ba) c.add   a5, a4
core   0: 3 0x000000008000ff76 (0x97ba) x15 0x00000000800120dc
core   0: 0x000000008000ff78 (0xfe043703) ld      a4, -32(s0)
core   0: 3 0x000000008000ff78 (0xfe043703) x14 0x00000000800120bb mem 0x0000000080031f50
core   0: 0x000000008000ff7c (0xfcf76de3) bltu    a4, a5, pc - 38
core   0: 3 0x000000008000ff7c (0xfcf76de3)
core   0: 0x000000008000ff56 (0xfe043783) ld      a5, -32(s0)
core   0: 3 0x000000008000ff56 (0xfe043783) x15 0x00000000800120bb mem 0x0000000080031f50
core   0: 0x000000008000ff5a (0x00178713) addi    a4, a5, 1
core   0: 3 0x000000008000ff5a (0x00178713) x14 0x00000000800120bc
core   0: 0x000000008000ff5e (0xfee43023) sd      a4, -32(s0)
core   0: 3 0x000000008000ff5e (0xfee43023) mem 0x0000000080031f50 0x00000000800120bc
core   0: 0x000000008000ff62 (0xfc442703) lw      a4, -60(s0)
core   0: 3 0x000000008000ff62 (0xfc442703) x14 0x0000000000000000 mem 0x0000000080031f34
core   0: 0x000000008000ff66 (0x0ff77713) andi    a4, a4, 255
core   0: 3 0x000000008000ff66 (0x0ff77713) x14 0x0000000000000000
core   0: 0x000000008000ff6a (0x00e78023) sb      a4, 0(a5)
core   0: 3 0x000000008000ff6a (0x00e78023) mem 0x00000000800120bb 0x00
core   0: 0x000000008000ff6e (0xfc843703) ld      a4, -56(s0)
core   0: 3 0x000000008000ff6e (0xfc843703) x14 0x0000000080012040 mem 0x0000000080031f38
core   0: 0x000000008000ff72 (0xfb843783) ld      a5, -72(s0)
core   0: 3 0x000000008000ff72 (0xfb843783) x15 0x000000000000009c mem 0x0000000080031f28
core   0: 0x000000008000ff76 (0x000097ba) c.add   a5, a4
core   0: 3 0x000000008000ff76 (0x97ba) x15 0x00000000800120dc
core   0: 0x000000008000ff78 (0xfe043703) ld      a4, -32(s0)
core   0: 3 0x000000008000ff78 (0xfe043703) x14 0x00000000800120bc mem 0x0000000080031f50
core   0: 0x000000008000ff7c (0xfcf76de3) bltu    a4, a5, pc - 38
core   0: 3 0x000000008000ff7c (0xfcf76de3)
core   0: 0x000000008000ff56 (0xfe043783) ld      a5, -32(s0)
core   0: 3 0x000000008000ff56 (0xfe043783) x15 0x00000000800120bc mem 0x0000000080031f50
core   0: 0x000000008000ff5a (0x00178713) addi    a4, a5, 1
core   0: 3 0x000000008000ff5a (0x00178713) x14 0x00000000800120bd
core   0: 0x000000008000ff5e (0xfee43023) sd      a4, -32(s0)
core   0: 3 0x000000008000ff5e (0xfee43023) mem 0x0000000080031f50 0x00000000800120bd
core   0: 0x000000008000ff62 (0xfc442703) lw      a4, -60(s0)
core   0: 3 0x000000008000ff62 (0xfc442703) x14 0x0000000000000000 mem 0x0000000080031f34
core   0: 0x000000008000ff66 (0x0ff77713) andi    a4, a4, 255
core   0: 3 0x000000008000ff66 (0x0ff77713) x14 0x0000000000000000
core   0: 0x000000008000ff6a (0x00e78023) sb      a4, 0(a5)
core   0: 3 0x000000008000ff6a (0x00e78023) mem 0x00000000800120bc 0x00
core   0: 0x000000008000ff6e (0xfc843703) ld      a4, -56(s0)
core   0: 3 0x000000008000ff6e (0xfc843703) x14 0x0000000080012040 mem 0x0000000080031f38
core   0: 0x000000008000ff72 (0xfb843783) ld      a5, -72(s0)
core   0: 3 0x000000008000ff72 (0xfb843783) x15 0x000000000000009c mem 0x0000000080031f28
core   0: 0x000000008000ff76 (0x000097ba) c.add   a5, a4
core   0: 3 0x000000008000ff76 (0x97ba) x15 0x00000000800120dc
core   0: 0x000000008000ff78 (0xfe043703) ld      a4, -32(s0)
core   0: 3 0x000000008000ff78 (0xfe043703) x14 0x00000000800120bd mem 0x0000000080031f50
core   0: 0x000000008000ff7c (0xfcf76de3) bltu    a4, a5, pc - 38
core   0: 3 0x000000008000ff7c (0xfcf76de3)
core   0: 0x000000008000ff56 (0xfe043783) ld      a5, -32(s0)
core   0: 3 0x000000008000ff56 (0xfe043783) x15 0x00000000800120bd mem 0x0000000080031f50
core   0: 0x000000008000ff5a (0x00178713) addi    a4, a5, 1
core   0: 3 0x000000008000ff5a (0x00178713) x14 0x00000000800120be
core   0: 0x000000008000ff5e (0xfee43023) sd      a4, -32(s0)
core   0: 3 0x000000008000ff5e (0xfee43023) mem 0x0000000080031f50 0x00000000800120be
core   0: 0x000000008000ff62 (0xfc442703) lw      a4, -60(s0)
core   0: 3 0x000000008000ff62 (0xfc442703) x14 0x0000000000000000 mem 0x0000000080031f34
core   0: 0x000000008000ff66 (0x0ff77713) andi    a4, a4, 255
core   0: 3 0x000000008000ff66 (0x0ff77713) x14 0x0000000000000000
core   0: 0x000000008000ff6a (0x00e78023) sb      a4, 0(a5)
core   0: 3 0x000000008000ff6a (0x00e78023) mem 0x00000000800120bd 0x00
core   0: 0x000000008000ff6e (0xfc843703) ld      a4, -56(s0)
core   0: 3 0x000000008000ff6e (0xfc843703) x14 0x0000000080012040 mem 0x0000000080031f38
core   0: 0x000000008000ff72 (0xfb843783) ld      a5, -72(s0)
core   0: 3 0x000000008000ff72 (0xfb843783) x15 0x000000000000009c mem 0x0000000080031f28
core   0: 0x000000008000ff76 (0x000097ba) c.add   a5, a4
core   0: 3 0x000000008000ff76 (0x97ba) x15 0x00000000800120dc
core   0: 0x000000008000ff78 (0xfe043703) ld      a4, -32(s0)
core   0: 3 0x000000008000ff78 (0xfe043703) x14 0x00000000800120be mem 0x0000000080031f50
core   0: 0x000000008000ff7c (0xfcf76de3) bltu    a4, a5, pc - 38
core   0: 3 0x000000008000ff7c (0xfcf76de3)
core   0: 0x000000008000ff56 (0xfe043783) ld      a5, -32(s0)
core   0: 3 0x000000008000ff56 (0xfe043783) x15 0x00000000800120be mem 0x0000000080031f50
core   0: 0x000000008000ff5a (0x00178713) addi    a4, a5, 1
core   0: 3 0x000000008000ff5a (0x00178713) x14 0x00000000800120bf
core   0: 0x000000008000ff5e (0xfee43023) sd      a4, -32(s0)
core   0: 3 0x000000008000ff5e (0xfee43023) mem 0x0000000080031f50 0x00000000800120bf
core   0: 0x000000008000ff62 (0xfc442703) lw      a4, -60(s0)
core   0: 3 0x000000008000ff62 (0xfc442703) x14 0x0000000000000000 mem 0x0000000080031f34
core   0: 0x000000008000ff66 (0x0ff77713) andi    a4, a4, 255
core   0: 3 0x000000008000ff66 (0x0ff77713) x14 0x0000000000000000
core   0: 0x000000008000ff6a (0x00e78023) sb      a4, 0(a5)
core   0: 3 0x000000008000ff6a (0x00e78023) mem 0x00000000800120be 0x00
core   0: 0x000000008000ff6e (0xfc843703) ld      a4, -56(s0)
core   0: 3 0x000000008000ff6e (0xfc843703) x14 0x0000000080012040 mem 0x0000000080031f38
core   0: 0x000000008000ff72 (0xfb843783) ld      a5, -72(s0)
core   0: 3 0x000000008000ff72 (0xfb843783) x15 0x000000000000009c mem 0x0000000080031f28
core   0: 0x000000008000ff76 (0x000097ba) c.add   a5, a4
core   0: 3 0x000000008000ff76 (0x97ba) x15 0x00000000800120dc
core   0: 0x000000008000ff78 (0xfe043703) ld      a4, -32(s0)
core   0: 3 0x000000008000ff78 (0xfe043703) x14 0x00000000800120bf mem 0x0000000080031f50
core   0: 0x000000008000ff7c (0xfcf76de3) bltu    a4, a5, pc - 38
core   0: 3 0x000000008000ff7c (0xfcf76de3)
core   0: 0x000000008000ff56 (0xfe043783) ld      a5, -32(s0)
core   0: 3 0x000000008000ff56 (0xfe043783) x15 0x00000000800120bf mem 0x0000000080031f50
core   0: 0x000000008000ff5a (0x00178713) addi    a4, a5, 1
core   0: 3 0x000000008000ff5a (0x00178713) x14 0x00000000800120c0
core   0: 0x000000008000ff5e (0xfee43023) sd      a4, -32(s0)
core   0: 3 0x000000008000ff5e (0xfee43023) mem 0x0000000080031f50 0x00000000800120c0
core   0: 0x000000008000ff62 (0xfc442703) lw      a4, -60(s0)
core   0: 3 0x000000008000ff62 (0xfc442703) x14 0x0000000000000000 mem 0x0000000080031f34
core   0: 0x000000008000ff66 (0x0ff77713) andi    a4, a4, 255
core   0: 3 0x000000008000ff66 (0x0ff77713) x14 0x0000000000000000
core   0: 0x000000008000ff6a (0x00e78023) sb      a4, 0(a5)
core   0: 3 0x000000008000ff6a (0x00e78023) mem 0x00000000800120bf 0x00
core   0: 0x000000008000ff6e (0xfc843703) ld      a4, -56(s0)
core   0: 3 0x000000008000ff6e (0xfc843703) x14 0x0000000080012040 mem 0x0000000080031f38
core   0: 0x000000008000ff72 (0xfb843783) ld      a5, -72(s0)
core   0: 3 0x000000008000ff72 (0xfb843783) x15 0x000000000000009c mem 0x0000000080031f28
core   0: 0x000000008000ff76 (0x000097ba) c.add   a5, a4
core   0: 3 0x000000008000ff76 (0x97ba) x15 0x00000000800120dc
core   0: 0x000000008000ff78 (0xfe043703) ld      a4, -32(s0)
core   0: 3 0x000000008000ff78 (0xfe043703) x14 0x00000000800120c0 mem 0x0000000080031f50
core   0: 0x000000008000ff7c (0xfcf76de3) bltu    a4, a5, pc - 38
core   0: 3 0x000000008000ff7c (0xfcf76de3)
core   0: 0x000000008000ff56 (0xfe043783) ld      a5, -32(s0)
core   0: 3 0x000000008000ff56 (0xfe043783) x15 0x00000000800120c0 mem 0x0000000080031f50
core   0: 0x000000008000ff5a (0x00178713) addi    a4, a5, 1
core   0: 3 0x000000008000ff5a (0x00178713) x14 0x00000000800120c1
core   0: 0x000000008000ff5e (0xfee43023) sd      a4, -32(s0)
core   0: 3 0x000000008000ff5e (0xfee43023) mem 0x0000000080031f50 0x00000000800120c1
core   0: 0x000000008000ff62 (0xfc442703) lw      a4, -60(s0)
core   0: 3 0x000000008000ff62 (0xfc442703) x14 0x0000000000000000 mem 0x0000000080031f34
core   0: 0x000000008000ff66 (0x0ff77713) andi    a4, a4, 255
core   0: 3 0x000000008000ff66 (0x0ff77713) x14 0x0000000000000000
core   0: 0x000000008000ff6a (0x00e78023) sb      a4, 0(a5)
core   0: 3 0x000000008000ff6a (0x00e78023) mem 0x00000000800120c0 0x00
core   0: 0x000000008000ff6e (0xfc843703) ld      a4, -56(s0)
core   0: 3 0x000000008000ff6e (0xfc843703) x14 0x0000000080012040 mem 0x0000000080031f38
core   0: 0x000000008000ff72 (0xfb843783) ld      a5, -72(s0)
core   0: 3 0x000000008000ff72 (0xfb843783) x15 0x000000000000009c mem 0x0000000080031f28
core   0: 0x000000008000ff76 (0x000097ba) c.add   a5, a4
core   0: 3 0x000000008000ff76 (0x97ba) x15 0x00000000800120dc
core   0: 0x000000008000ff78 (0xfe043703) ld      a4, -32(s0)
core   0: 3 0x000000008000ff78 (0xfe043703) x14 0x00000000800120c1 mem 0x0000000080031f50
core   0: 0x000000008000ff7c (0xfcf76de3) bltu    a4, a5, pc - 38
core   0: 3 0x000000008000ff7c (0xfcf76de3)
core   0: 0x000000008000ff56 (0xfe043783) ld      a5, -32(s0)
core   0: 3 0x000000008000ff56 (0xfe043783) x15 0x00000000800120c1 mem 0x0000000080031f50
core   0: 0x000000008000ff5a (0x00178713) addi    a4, a5, 1
core   0: 3 0x000000008000ff5a (0x00178713) x14 0x00000000800120c2
core   0: 0x000000008000ff5e (0xfee43023) sd      a4, -32(s0)
core   0: 3 0x000000008000ff5e (0xfee43023) mem 0x0000000080031f50 0x00000000800120c2
core   0: 0x000000008000ff62 (0xfc442703) lw      a4, -60(s0)
core   0: 3 0x000000008000ff62 (0xfc442703) x14 0x0000000000000000 mem 0x0000000080031f34
core   0: 0x000000008000ff66 (0x0ff77713) andi    a4, a4, 255
core   0: 3 0x000000008000ff66 (0x0ff77713) x14 0x0000000000000000
core   0: 0x000000008000ff6a (0x00e78023) sb      a4, 0(a5)
core   0: 3 0x000000008000ff6a (0x00e78023) mem 0x00000000800120c1 0x00
core   0: 0x000000008000ff6e (0xfc843703) ld      a4, -56(s0)
core   0: 3 0x000000008000ff6e (0xfc843703) x14 0x0000000080012040 mem 0x0000000080031f38
core   0: 0x000000008000ff72 (0xfb843783) ld      a5, -72(s0)
core   0: 3 0x000000008000ff72 (0xfb843783) x15 0x000000000000009c mem 0x0000000080031f28
core   0: 0x000000008000ff76 (0x000097ba) c.add   a5, a4
core   0: 3 0x000000008000ff76 (0x97ba) x15 0x00000000800120dc
core   0: 0x000000008000ff78 (0xfe043703) ld      a4, -32(s0)
core   0: 3 0x000000008000ff78 (0xfe043703) x14 0x00000000800120c2 mem 0x0000000080031f50
core   0: 0x000000008000ff7c (0xfcf76de3) bltu    a4, a5, pc - 38
core   0: 3 0x000000008000ff7c (0xfcf76de3)
core   0: 0x000000008000ff56 (0xfe043783) ld      a5, -32(s0)
core   0: 3 0x000000008000ff56 (0xfe043783) x15 0x00000000800120c2 mem 0x0000000080031f50
core   0: 0x000000008000ff5a (0x00178713) addi    a4, a5, 1
core   0: 3 0x000000008000ff5a (0x00178713) x14 0x00000000800120c3
core   0: 0x000000008000ff5e (0xfee43023) sd      a4, -32(s0)
core   0: 3 0x000000008000ff5e (0xfee43023) mem 0x0000000080031f50 0x00000000800120c3
core   0: 0x000000008000ff62 (0xfc442703) lw      a4, -60(s0)
core   0: 3 0x000000008000ff62 (0xfc442703) x14 0x0000000000000000 mem 0x0000000080031f34
core   0: 0x000000008000ff66 (0x0ff77713) andi    a4, a4, 255
core   0: 3 0x000000008000ff66 (0x0ff77713) x14 0x0000000000000000
core   0: 0x000000008000ff6a (0x00e78023) sb      a4, 0(a5)
core   0: 3 0x000000008000ff6a (0x00e78023) mem 0x00000000800120c2 0x00
core   0: 0x000000008000ff6e (0xfc843703) ld      a4, -56(s0)
core   0: 3 0x000000008000ff6e (0xfc843703) x14 0x0000000080012040 mem 0x0000000080031f38
core   0: 0x000000008000ff72 (0xfb843783) ld      a5, -72(s0)
core   0: 3 0x000000008000ff72 (0xfb843783) x15 0x000000000000009c mem 0x0000000080031f28
core   0: 0x000000008000ff76 (0x000097ba) c.add   a5, a4
core   0: 3 0x000000008000ff76 (0x97ba) x15 0x00000000800120dc
core   0: 0x000000008000ff78 (0xfe043703) ld      a4, -32(s0)
core   0: 3 0x000000008000ff78 (0xfe043703) x14 0x00000000800120c3 mem 0x0000000080031f50
core   0: 0x000000008000ff7c (0xfcf76de3) bltu    a4, a5, pc - 38
core   0: 3 0x000000008000ff7c (0xfcf76de3)
core   0: 0x000000008000ff56 (0xfe043783) ld      a5, -32(s0)
core   0: 3 0x000000008000ff56 (0xfe043783) x15 0x00000000800120c3 mem 0x0000000080031f50
core   0: 0x000000008000ff5a (0x00178713) addi    a4, a5, 1
core   0: 3 0x000000008000ff5a (0x00178713) x14 0x00000000800120c4
core   0: 0x000000008000ff5e (0xfee43023) sd      a4, -32(s0)
core   0: 3 0x000000008000ff5e (0xfee43023) mem 0x0000000080031f50 0x00000000800120c4
core   0: 0x000000008000ff62 (0xfc442703) lw      a4, -60(s0)
core   0: 3 0x000000008000ff62 (0xfc442703) x14 0x0000000000000000 mem 0x0000000080031f34
core   0: 0x000000008000ff66 (0x0ff77713) andi    a4, a4, 255
core   0: 3 0x000000008000ff66 (0x0ff77713) x14 0x0000000000000000
core   0: 0x000000008000ff6a (0x00e78023) sb      a4, 0(a5)
core   0: 3 0x000000008000ff6a (0x00e78023) mem 0x00000000800120c3 0x00
core   0: 0x000000008000ff6e (0xfc843703) ld      a4, -56(s0)
core   0: 3 0x000000008000ff6e (0xfc843703) x14 0x0000000080012040 mem 0x0000000080031f38
core   0: 0x000000008000ff72 (0xfb843783) ld      a5, -72(s0)
core   0: 3 0x000000008000ff72 (0xfb843783) x15 0x000000000000009c mem 0x0000000080031f28
core   0: 0x000000008000ff76 (0x000097ba) c.add   a5, a4
core   0: 3 0x000000008000ff76 (0x97ba) x15 0x00000000800120dc
core   0: 0x000000008000ff78 (0xfe043703) ld      a4, -32(s0)
core   0: 3 0x000000008000ff78 (0xfe043703) x14 0x00000000800120c4 mem 0x0000000080031f50
core   0: 0x000000008000ff7c (0xfcf76de3) bltu    a4, a5, pc - 38
core   0: 3 0x000000008000ff7c (0xfcf76de3)
core   0: 0x000000008000ff56 (0xfe043783) ld      a5, -32(s0)
core   0: 3 0x000000008000ff56 (0xfe043783) x15 0x00000000800120c4 mem 0x0000000080031f50
core   0: 0x000000008000ff5a (0x00178713) addi    a4, a5, 1
core   0: 3 0x000000008000ff5a (0x00178713) x14 0x00000000800120c5
core   0: 0x000000008000ff5e (0xfee43023) sd      a4, -32(s0)
core   0: 3 0x000000008000ff5e (0xfee43023) mem 0x0000000080031f50 0x00000000800120c5
core   0: 0x000000008000ff62 (0xfc442703) lw      a4, -60(s0)
core   0: 3 0x000000008000ff62 (0xfc442703) x14 0x0000000000000000 mem 0x0000000080031f34
core   0: 0x000000008000ff66 (0x0ff77713) andi    a4, a4, 255
core   0: 3 0x000000008000ff66 (0x0ff77713) x14 0x0000000000000000
core   0: 0x000000008000ff6a (0x00e78023) sb      a4, 0(a5)
core   0: 3 0x000000008000ff6a (0x00e78023) mem 0x00000000800120c4 0x00
core   0: 0x000000008000ff6e (0xfc843703) ld      a4, -56(s0)
core   0: 3 0x000000008000ff6e (0xfc843703) x14 0x0000000080012040 mem 0x0000000080031f38
core   0: 0x000000008000ff72 (0xfb843783) ld      a5, -72(s0)
core   0: 3 0x000000008000ff72 (0xfb843783) x15 0x000000000000009c mem 0x0000000080031f28
core   0: 0x000000008000ff76 (0x000097ba) c.add   a5, a4
core   0: 3 0x000000008000ff76 (0x97ba) x15 0x00000000800120dc
core   0: 0x000000008000ff78 (0xfe043703) ld      a4, -32(s0)
core   0: 3 0x000000008000ff78 (0xfe043703) x14 0x00000000800120c5 mem 0x0000000080031f50
core   0: 0x000000008000ff7c (0xfcf76de3) bltu    a4, a5, pc - 38
core   0: 3 0x000000008000ff7c (0xfcf76de3)
core   0: 0x000000008000ff56 (0xfe043783) ld      a5, -32(s0)
core   0: 3 0x000000008000ff56 (0xfe043783) x15 0x00000000800120c5 mem 0x0000000080031f50
core   0: 0x000000008000ff5a (0x00178713) addi    a4, a5, 1
core   0: 3 0x000000008000ff5a (0x00178713) x14 0x00000000800120c6
core   0: 0x000000008000ff5e (0xfee43023) sd      a4, -32(s0)
core   0: 3 0x000000008000ff5e (0xfee43023) mem 0x0000000080031f50 0x00000000800120c6
core   0: 0x000000008000ff62 (0xfc442703) lw      a4, -60(s0)
core   0: 3 0x000000008000ff62 (0xfc442703) x14 0x0000000000000000 mem 0x0000000080031f34
core   0: 0x000000008000ff66 (0x0ff77713) andi    a4, a4, 255
core   0: 3 0x000000008000ff66 (0x0ff77713) x14 0x0000000000000000
core   0: 0x000000008000ff6a (0x00e78023) sb      a4, 0(a5)
core   0: 3 0x000000008000ff6a (0x00e78023) mem 0x00000000800120c5 0x00
core   0: 0x000000008000ff6e (0xfc843703) ld      a4, -56(s0)
core   0: 3 0x000000008000ff6e (0xfc843703) x14 0x0000000080012040 mem 0x0000000080031f38
core   0: 0x000000008000ff72 (0xfb843783) ld      a5, -72(s0)
core   0: 3 0x000000008000ff72 (0xfb843783) x15 0x000000000000009c mem 0x0000000080031f28
core   0: 0x000000008000ff76 (0x000097ba) c.add   a5, a4
core   0: 3 0x000000008000ff76 (0x97ba) x15 0x00000000800120dc
core   0: 0x000000008000ff78 (0xfe043703) ld      a4, -32(s0)
core   0: 3 0x000000008000ff78 (0xfe043703) x14 0x00000000800120c6 mem 0x0000000080031f50
core   0: 0x000000008000ff7c (0xfcf76de3) bltu    a4, a5, pc - 38
core   0: 3 0x000000008000ff7c (0xfcf76de3)
core   0: 0x000000008000ff56 (0xfe043783) ld      a5, -32(s0)
core   0: 3 0x000000008000ff56 (0xfe043783) x15 0x00000000800120c6 mem 0x0000000080031f50
core   0: 0x000000008000ff5a (0x00178713) addi    a4, a5, 1
core   0: 3 0x000000008000ff5a (0x00178713) x14 0x00000000800120c7
core   0: 0x000000008000ff5e (0xfee43023) sd      a4, -32(s0)
core   0: 3 0x000000008000ff5e (0xfee43023) mem 0x0000000080031f50 0x00000000800120c7
core   0: 0x000000008000ff62 (0xfc442703) lw      a4, -60(s0)
core   0: 3 0x000000008000ff62 (0xfc442703) x14 0x0000000000000000 mem 0x0000000080031f34
core   0: 0x000000008000ff66 (0x0ff77713) andi    a4, a4, 255
core   0: 3 0x000000008000ff66 (0x0ff77713) x14 0x0000000000000000
core   0: 0x000000008000ff6a (0x00e78023) sb      a4, 0(a5)
core   0: 3 0x000000008000ff6a (0x00e78023) mem 0x00000000800120c6 0x00
core   0: 0x000000008000ff6e (0xfc843703) ld      a4, -56(s0)
core   0: 3 0x000000008000ff6e (0xfc843703) x14 0x0000000080012040 mem 0x0000000080031f38
core   0: 0x000000008000ff72 (0xfb843783) ld      a5, -72(s0)
core   0: 3 0x000000008000ff72 (0xfb843783) x15 0x000000000000009c mem 0x0000000080031f28
core   0: 0x000000008000ff76 (0x000097ba) c.add   a5, a4
core   0: 3 0x000000008000ff76 (0x97ba) x15 0x00000000800120dc
core   0: 0x000000008000ff78 (0xfe043703) ld      a4, -32(s0)
core   0: 3 0x000000008000ff78 (0xfe043703) x14 0x00000000800120c7 mem 0x0000000080031f50
core   0: 0x000000008000ff7c (0xfcf76de3) bltu    a4, a5, pc - 38
core   0: 3 0x000000008000ff7c (0xfcf76de3)
core   0: 0x000000008000ff56 (0xfe043783) ld      a5, -32(s0)
core   0: 3 0x000000008000ff56 (0xfe043783) x15 0x00000000800120c7 mem 0x0000000080031f50
core   0: 0x000000008000ff5a (0x00178713) addi    a4, a5, 1
core   0: 3 0x000000008000ff5a (0x00178713) x14 0x00000000800120c8
core   0: 0x000000008000ff5e (0xfee43023) sd      a4, -32(s0)
core   0: 3 0x000000008000ff5e (0xfee43023) mem 0x0000000080031f50 0x00000000800120c8
core   0: 0x000000008000ff62 (0xfc442703) lw      a4, -60(s0)
core   0: 3 0x000000008000ff62 (0xfc442703) x14 0x0000000000000000 mem 0x0000000080031f34
core   0: 0x000000008000ff66 (0x0ff77713) andi    a4, a4, 255
core   0: 3 0x000000008000ff66 (0x0ff77713) x14 0x0000000000000000
core   0: 0x000000008000ff6a (0x00e78023) sb      a4, 0(a5)
core   0: 3 0x000000008000ff6a (0x00e78023) mem 0x00000000800120c7 0x00
core   0: 0x000000008000ff6e (0xfc843703) ld      a4, -56(s0)
core   0: 3 0x000000008000ff6e (0xfc843703) x14 0x0000000080012040 mem 0x0000000080031f38
core   0: 0x000000008000ff72 (0xfb843783) ld      a5, -72(s0)
core   0: 3 0x000000008000ff72 (0xfb843783) x15 0x000000000000009c mem 0x0000000080031f28
core   0: 0x000000008000ff76 (0x000097ba) c.add   a5, a4
core   0: 3 0x000000008000ff76 (0x97ba) x15 0x00000000800120dc
core   0: 0x000000008000ff78 (0xfe043703) ld      a4, -32(s0)
core   0: 3 0x000000008000ff78 (0xfe043703) x14 0x00000000800120c8 mem 0x0000000080031f50
core   0: 0x000000008000ff7c (0xfcf76de3) bltu    a4, a5, pc - 38
core   0: 3 0x000000008000ff7c (0xfcf76de3)
core   0: 0x000000008000ff56 (0xfe043783) ld      a5, -32(s0)
core   0: 3 0x000000008000ff56 (0xfe043783) x15 0x00000000800120c8 mem 0x0000000080031f50
core   0: 0x000000008000ff5a (0x00178713) addi    a4, a5, 1
core   0: 3 0x000000008000ff5a (0x00178713) x14 0x00000000800120c9
core   0: 0x000000008000ff5e (0xfee43023) sd      a4, -32(s0)
core   0: 3 0x000000008000ff5e (0xfee43023) mem 0x0000000080031f50 0x00000000800120c9
core   0: 0x000000008000ff62 (0xfc442703) lw      a4, -60(s0)
core   0: 3 0x000000008000ff62 (0xfc442703) x14 0x0000000000000000 mem 0x0000000080031f34
core   0: 0x000000008000ff66 (0x0ff77713) andi    a4, a4, 255
core   0: 3 0x000000008000ff66 (0x0ff77713) x14 0x0000000000000000
core   0: 0x000000008000ff6a (0x00e78023) sb      a4, 0(a5)
core   0: 3 0x000000008000ff6a (0x00e78023) mem 0x00000000800120c8 0x00
core   0: 0x000000008000ff6e (0xfc843703) ld      a4, -56(s0)
core   0: 3 0x000000008000ff6e (0xfc843703) x14 0x0000000080012040 mem 0x0000000080031f38
core   0: 0x000000008000ff72 (0xfb843783) ld      a5, -72(s0)
core   0: 3 0x000000008000ff72 (0xfb843783) x15 0x000000000000009c mem 0x0000000080031f28
core   0: 0x000000008000ff76 (0x000097ba) c.add   a5, a4
core   0: 3 0x000000008000ff76 (0x97ba) x15 0x00000000800120dc
core   0: 0x000000008000ff78 (0xfe043703) ld      a4, -32(s0)
core   0: 3 0x000000008000ff78 (0xfe043703) x14 0x00000000800120c9 mem 0x0000000080031f50
core   0: 0x000000008000ff7c (0xfcf76de3) bltu    a4, a5, pc - 38
core   0: 3 0x000000008000ff7c (0xfcf76de3)
core   0: 0x000000008000ff56 (0xfe043783) ld      a5, -32(s0)
core   0: 3 0x000000008000ff56 (0xfe043783) x15 0x00000000800120c9 mem 0x0000000080031f50
core   0: 0x000000008000ff5a (0x00178713) addi    a4, a5, 1
core   0: 3 0x000000008000ff5a (0x00178713) x14 0x00000000800120ca
core   0: 0x000000008000ff5e (0xfee43023) sd      a4, -32(s0)
core   0: 3 0x000000008000ff5e (0xfee43023) mem 0x0000000080031f50 0x00000000800120ca
core   0: 0x000000008000ff62 (0xfc442703) lw      a4, -60(s0)
core   0: 3 0x000000008000ff62 (0xfc442703) x14 0x0000000000000000 mem 0x0000000080031f34
core   0: 0x000000008000ff66 (0x0ff77713) andi    a4, a4, 255
core   0: 3 0x000000008000ff66 (0x0ff77713) x14 0x0000000000000000
core   0: 0x000000008000ff6a (0x00e78023) sb      a4, 0(a5)
core   0: 3 0x000000008000ff6a (0x00e78023) mem 0x00000000800120c9 0x00
core   0: 0x000000008000ff6e (0xfc843703) ld      a4, -56(s0)
core   0: 3 0x000000008000ff6e (0xfc843703) x14 0x0000000080012040 mem 0x0000000080031f38
core   0: 0x000000008000ff72 (0xfb843783) ld      a5, -72(s0)
core   0: 3 0x000000008000ff72 (0xfb843783) x15 0x000000000000009c mem 0x0000000080031f28
core   0: 0x000000008000ff76 (0x000097ba) c.add   a5, a4
core   0: 3 0x000000008000ff76 (0x97ba) x15 0x00000000800120dc
core   0: 0x000000008000ff78 (0xfe043703) ld      a4, -32(s0)
core   0: 3 0x000000008000ff78 (0xfe043703) x14 0x00000000800120ca mem 0x0000000080031f50
core   0: 0x000000008000ff7c (0xfcf76de3) bltu    a4, a5, pc - 38
core   0: 3 0x000000008000ff7c (0xfcf76de3)
core   0: 0x000000008000ff56 (0xfe043783) ld      a5, -32(s0)
core   0: 3 0x000000008000ff56 (0xfe043783) x15 0x00000000800120ca mem 0x0000000080031f50
core   0: 0x000000008000ff5a (0x00178713) addi    a4, a5, 1
core   0: 3 0x000000008000ff5a (0x00178713) x14 0x00000000800120cb
core   0: 0x000000008000ff5e (0xfee43023) sd      a4, -32(s0)
core   0: 3 0x000000008000ff5e (0xfee43023) mem 0x0000000080031f50 0x00000000800120cb
core   0: 0x000000008000ff62 (0xfc442703) lw      a4, -60(s0)
core   0: 3 0x000000008000ff62 (0xfc442703) x14 0x0000000000000000 mem 0x0000000080031f34
core   0: 0x000000008000ff66 (0x0ff77713) andi    a4, a4, 255
core   0: 3 0x000000008000ff66 (0x0ff77713) x14 0x0000000000000000
core   0: 0x000000008000ff6a (0x00e78023) sb      a4, 0(a5)
core   0: 3 0x000000008000ff6a (0x00e78023) mem 0x00000000800120ca 0x00
core   0: 0x000000008000ff6e (0xfc843703) ld      a4, -56(s0)
core   0: 3 0x000000008000ff6e (0xfc843703) x14 0x0000000080012040 mem 0x0000000080031f38
core   0: 0x000000008000ff72 (0xfb843783) ld      a5, -72(s0)
core   0: 3 0x000000008000ff72 (0xfb843783) x15 0x000000000000009c mem 0x0000000080031f28
core   0: 0x000000008000ff76 (0x000097ba) c.add   a5, a4
core   0: 3 0x000000008000ff76 (0x97ba) x15 0x00000000800120dc
core   0: 0x000000008000ff78 (0xfe043703) ld      a4, -32(s0)
core   0: 3 0x000000008000ff78 (0xfe043703) x14 0x00000000800120cb mem 0x0000000080031f50
core   0: 0x000000008000ff7c (0xfcf76de3) bltu    a4, a5, pc - 38
core   0: 3 0x000000008000ff7c (0xfcf76de3)
core   0: 0x000000008000ff56 (0xfe043783) ld      a5, -32(s0)
core   0: 3 0x000000008000ff56 (0xfe043783) x15 0x00000000800120cb mem 0x0000000080031f50
core   0: 0x000000008000ff5a (0x00178713) addi    a4, a5, 1
core   0: 3 0x000000008000ff5a (0x00178713) x14 0x00000000800120cc
core   0: 0x000000008000ff5e (0xfee43023) sd      a4, -32(s0)
core   0: 3 0x000000008000ff5e (0xfee43023) mem 0x0000000080031f50 0x00000000800120cc
core   0: 0x000000008000ff62 (0xfc442703) lw      a4, -60(s0)
core   0: 3 0x000000008000ff62 (0xfc442703) x14 0x0000000000000000 mem 0x0000000080031f34
core   0: 0x000000008000ff66 (0x0ff77713) andi    a4, a4, 255
core   0: 3 0x000000008000ff66 (0x0ff77713) x14 0x0000000000000000
core   0: 0x000000008000ff6a (0x00e78023) sb      a4, 0(a5)
core   0: 3 0x000000008000ff6a (0x00e78023) mem 0x00000000800120cb 0x00
core   0: 0x000000008000ff6e (0xfc843703) ld      a4, -56(s0)
core   0: 3 0x000000008000ff6e (0xfc843703) x14 0x0000000080012040 mem 0x0000000080031f38
core   0: 0x000000008000ff72 (0xfb843783) ld      a5, -72(s0)
core   0: 3 0x000000008000ff72 (0xfb843783) x15 0x000000000000009c mem 0x0000000080031f28
core   0: 0x000000008000ff76 (0x000097ba) c.add   a5, a4
core   0: 3 0x000000008000ff76 (0x97ba) x15 0x00000000800120dc
core   0: 0x000000008000ff78 (0xfe043703) ld      a4, -32(s0)
core   0: 3 0x000000008000ff78 (0xfe043703) x14 0x00000000800120cc mem 0x0000000080031f50
core   0: 0x000000008000ff7c (0xfcf76de3) bltu    a4, a5, pc - 38
core   0: 3 0x000000008000ff7c (0xfcf76de3)
core   0: 0x000000008000ff56 (0xfe043783) ld      a5, -32(s0)
core   0: 3 0x000000008000ff56 (0xfe043783) x15 0x00000000800120cc mem 0x0000000080031f50
core   0: 0x000000008000ff5a (0x00178713) addi    a4, a5, 1
core   0: 3 0x000000008000ff5a (0x00178713) x14 0x00000000800120cd
core   0: 0x000000008000ff5e (0xfee43023) sd      a4, -32(s0)
core   0: 3 0x000000008000ff5e (0xfee43023) mem 0x0000000080031f50 0x00000000800120cd
core   0: 0x000000008000ff62 (0xfc442703) lw      a4, -60(s0)
core   0: 3 0x000000008000ff62 (0xfc442703) x14 0x0000000000000000 mem 0x0000000080031f34
core   0: 0x000000008000ff66 (0x0ff77713) andi    a4, a4, 255
core   0: 3 0x000000008000ff66 (0x0ff77713) x14 0x0000000000000000
core   0: 0x000000008000ff6a (0x00e78023) sb      a4, 0(a5)
core   0: 3 0x000000008000ff6a (0x00e78023) mem 0x00000000800120cc 0x00
core   0: 0x000000008000ff6e (0xfc843703) ld      a4, -56(s0)
core   0: 3 0x000000008000ff6e (0xfc843703) x14 0x0000000080012040 mem 0x0000000080031f38
core   0: 0x000000008000ff72 (0xfb843783) ld      a5, -72(s0)
core   0: 3 0x000000008000ff72 (0xfb843783) x15 0x000000000000009c mem 0x0000000080031f28
core   0: 0x000000008000ff76 (0x000097ba) c.add   a5, a4
core   0: 3 0x000000008000ff76 (0x97ba) x15 0x00000000800120dc
core   0: 0x000000008000ff78 (0xfe043703) ld      a4, -32(s0)
core   0: 3 0x000000008000ff78 (0xfe043703) x14 0x00000000800120cd mem 0x0000000080031f50
core   0: 0x000000008000ff7c (0xfcf76de3) bltu    a4, a5, pc - 38
core   0: 3 0x000000008000ff7c (0xfcf76de3)
core   0: 0x000000008000ff56 (0xfe043783) ld      a5, -32(s0)
core   0: 3 0x000000008000ff56 (0xfe043783) x15 0x00000000800120cd mem 0x0000000080031f50
core   0: 0x000000008000ff5a (0x00178713) addi    a4, a5, 1
core   0: 3 0x000000008000ff5a (0x00178713) x14 0x00000000800120ce
core   0: 0x000000008000ff5e (0xfee43023) sd      a4, -32(s0)
core   0: 3 0x000000008000ff5e (0xfee43023) mem 0x0000000080031f50 0x00000000800120ce
core   0: 0x000000008000ff62 (0xfc442703) lw      a4, -60(s0)
core   0: 3 0x000000008000ff62 (0xfc442703) x14 0x0000000000000000 mem 0x0000000080031f34
core   0: 0x000000008000ff66 (0x0ff77713) andi    a4, a4, 255
core   0: 3 0x000000008000ff66 (0x0ff77713) x14 0x0000000000000000
core   0: 0x000000008000ff6a (0x00e78023) sb      a4, 0(a5)
core   0: 3 0x000000008000ff6a (0x00e78023) mem 0x00000000800120cd 0x00
core   0: 0x000000008000ff6e (0xfc843703) ld      a4, -56(s0)
core   0: 3 0x000000008000ff6e (0xfc843703) x14 0x0000000080012040 mem 0x0000000080031f38
core   0: 0x000000008000ff72 (0xfb843783) ld      a5, -72(s0)
core   0: 3 0x000000008000ff72 (0xfb843783) x15 0x000000000000009c mem 0x0000000080031f28
core   0: 0x000000008000ff76 (0x000097ba) c.add   a5, a4
core   0: 3 0x000000008000ff76 (0x97ba) x15 0x00000000800120dc
core   0: 0x000000008000ff78 (0xfe043703) ld      a4, -32(s0)
core   0: 3 0x000000008000ff78 (0xfe043703) x14 0x00000000800120ce mem 0x0000000080031f50
core   0: 0x000000008000ff7c (0xfcf76de3) bltu    a4, a5, pc - 38
core   0: 3 0x000000008000ff7c (0xfcf76de3)
core   0: 0x000000008000ff56 (0xfe043783) ld      a5, -32(s0)
core   0: 3 0x000000008000ff56 (0xfe043783) x15 0x00000000800120ce mem 0x0000000080031f50
core   0: 0x000000008000ff5a (0x00178713) addi    a4, a5, 1
core   0: 3 0x000000008000ff5a (0x00178713) x14 0x00000000800120cf
core   0: 0x000000008000ff5e (0xfee43023) sd      a4, -32(s0)
core   0: 3 0x000000008000ff5e (0xfee43023) mem 0x0000000080031f50 0x00000000800120cf
core   0: 0x000000008000ff62 (0xfc442703) lw      a4, -60(s0)
core   0: 3 0x000000008000ff62 (0xfc442703) x14 0x0000000000000000 mem 0x0000000080031f34
core   0: 0x000000008000ff66 (0x0ff77713) andi    a4, a4, 255
core   0: 3 0x000000008000ff66 (0x0ff77713) x14 0x0000000000000000
core   0: 0x000000008000ff6a (0x00e78023) sb      a4, 0(a5)
core   0: 3 0x000000008000ff6a (0x00e78023) mem 0x00000000800120ce 0x00
core   0: 0x000000008000ff6e (0xfc843703) ld      a4, -56(s0)
core   0: 3 0x000000008000ff6e (0xfc843703) x14 0x0000000080012040 mem 0x0000000080031f38
core   0: 0x000000008000ff72 (0xfb843783) ld      a5, -72(s0)
core   0: 3 0x000000008000ff72 (0xfb843783) x15 0x000000000000009c mem 0x0000000080031f28
core   0: 0x000000008000ff76 (0x000097ba) c.add   a5, a4
core   0: 3 0x000000008000ff76 (0x97ba) x15 0x00000000800120dc
core   0: 0x000000008000ff78 (0xfe043703) ld      a4, -32(s0)
core   0: 3 0x000000008000ff78 (0xfe043703) x14 0x00000000800120cf mem 0x0000000080031f50
core   0: 0x000000008000ff7c (0xfcf76de3) bltu    a4, a5, pc - 38
core   0: 3 0x000000008000ff7c (0xfcf76de3)
core   0: 0x000000008000ff56 (0xfe043783) ld      a5, -32(s0)
core   0: 3 0x000000008000ff56 (0xfe043783) x15 0x00000000800120cf mem 0x0000000080031f50
core   0: 0x000000008000ff5a (0x00178713) addi    a4, a5, 1
core   0: 3 0x000000008000ff5a (0x00178713) x14 0x00000000800120d0
core   0: 0x000000008000ff5e (0xfee43023) sd      a4, -32(s0)
core   0: 3 0x000000008000ff5e (0xfee43023) mem 0x0000000080031f50 0x00000000800120d0
core   0: 0x000000008000ff62 (0xfc442703) lw      a4, -60(s0)
core   0: 3 0x000000008000ff62 (0xfc442703) x14 0x0000000000000000 mem 0x0000000080031f34
core   0: 0x000000008000ff66 (0x0ff77713) andi    a4, a4, 255
core   0: 3 0x000000008000ff66 (0x0ff77713) x14 0x0000000000000000
core   0: 0x000000008000ff6a (0x00e78023) sb      a4, 0(a5)
core   0: 3 0x000000008000ff6a (0x00e78023) mem 0x00000000800120cf 0x00
core   0: 0x000000008000ff6e (0xfc843703) ld      a4, -56(s0)
core   0: 3 0x000000008000ff6e (0xfc843703) x14 0x0000000080012040 mem 0x0000000080031f38
core   0: 0x000000008000ff72 (0xfb843783) ld      a5, -72(s0)
core   0: 3 0x000000008000ff72 (0xfb843783) x15 0x000000000000009c mem 0x0000000080031f28
core   0: 0x000000008000ff76 (0x000097ba) c.add   a5, a4
core   0: 3 0x000000008000ff76 (0x97ba) x15 0x00000000800120dc
core   0: 0x000000008000ff78 (0xfe043703) ld      a4, -32(s0)
core   0: 3 0x000000008000ff78 (0xfe043703) x14 0x00000000800120d0 mem 0x0000000080031f50
core   0: 0x000000008000ff7c (0xfcf76de3) bltu    a4, a5, pc - 38
core   0: 3 0x000000008000ff7c (0xfcf76de3)
core   0: 0x000000008000ff56 (0xfe043783) ld      a5, -32(s0)
core   0: 3 0x000000008000ff56 (0xfe043783) x15 0x00000000800120d0 mem 0x0000000080031f50
core   0: 0x000000008000ff5a (0x00178713) addi    a4, a5, 1
core   0: 3 0x000000008000ff5a (0x00178713) x14 0x00000000800120d1
core   0: 0x000000008000ff5e (0xfee43023) sd      a4, -32(s0)
core   0: 3 0x000000008000ff5e (0xfee43023) mem 0x0000000080031f50 0x00000000800120d1
core   0: 0x000000008000ff62 (0xfc442703) lw      a4, -60(s0)
core   0: 3 0x000000008000ff62 (0xfc442703) x14 0x0000000000000000 mem 0x0000000080031f34
core   0: 0x000000008000ff66 (0x0ff77713) andi    a4, a4, 255
core   0: 3 0x000000008000ff66 (0x0ff77713) x14 0x0000000000000000
core   0: 0x000000008000ff6a (0x00e78023) sb      a4, 0(a5)
core   0: 3 0x000000008000ff6a (0x00e78023) mem 0x00000000800120d0 0x00
core   0: 0x000000008000ff6e (0xfc843703) ld      a4, -56(s0)
core   0: 3 0x000000008000ff6e (0xfc843703) x14 0x0000000080012040 mem 0x0000000080031f38
core   0: 0x000000008000ff72 (0xfb843783) ld      a5, -72(s0)
core   0: 3 0x000000008000ff72 (0xfb843783) x15 0x000000000000009c mem 0x0000000080031f28
core   0: 0x000000008000ff76 (0x000097ba) c.add   a5, a4
core   0: 3 0x000000008000ff76 (0x97ba) x15 0x00000000800120dc
core   0: 0x000000008000ff78 (0xfe043703) ld      a4, -32(s0)
core   0: 3 0x000000008000ff78 (0xfe043703) x14 0x00000000800120d1 mem 0x0000000080031f50
core   0: 0x000000008000ff7c (0xfcf76de3) bltu    a4, a5, pc - 38
core   0: 3 0x000000008000ff7c (0xfcf76de3)
core   0: 0x000000008000ff56 (0xfe043783) ld      a5, -32(s0)
core   0: 3 0x000000008000ff56 (0xfe043783) x15 0x00000000800120d1 mem 0x0000000080031f50
core   0: 0x000000008000ff5a (0x00178713) addi    a4, a5, 1
core   0: 3 0x000000008000ff5a (0x00178713) x14 0x00000000800120d2
core   0: 0x000000008000ff5e (0xfee43023) sd      a4, -32(s0)
core   0: 3 0x000000008000ff5e (0xfee43023) mem 0x0000000080031f50 0x00000000800120d2
core   0: 0x000000008000ff62 (0xfc442703) lw      a4, -60(s0)
core   0: 3 0x000000008000ff62 (0xfc442703) x14 0x0000000000000000 mem 0x0000000080031f34
core   0: 0x000000008000ff66 (0x0ff77713) andi    a4, a4, 255
core   0: 3 0x000000008000ff66 (0x0ff77713) x14 0x0000000000000000
core   0: 0x000000008000ff6a (0x00e78023) sb      a4, 0(a5)
core   0: 3 0x000000008000ff6a (0x00e78023) mem 0x00000000800120d1 0x00
core   0: 0x000000008000ff6e (0xfc843703) ld      a4, -56(s0)
core   0: 3 0x000000008000ff6e (0xfc843703) x14 0x0000000080012040 mem 0x0000000080031f38
core   0: 0x000000008000ff72 (0xfb843783) ld      a5, -72(s0)
core   0: 3 0x000000008000ff72 (0xfb843783) x15 0x000000000000009c mem 0x0000000080031f28
core   0: 0x000000008000ff76 (0x000097ba) c.add   a5, a4
core   0: 3 0x000000008000ff76 (0x97ba) x15 0x00000000800120dc
core   0: 0x000000008000ff78 (0xfe043703) ld      a4, -32(s0)
core   0: 3 0x000000008000ff78 (0xfe043703) x14 0x00000000800120d2 mem 0x0000000080031f50
core   0: 0x000000008000ff7c (0xfcf76de3) bltu    a4, a5, pc - 38
core   0: 3 0x000000008000ff7c (0xfcf76de3)
core   0: 0x000000008000ff56 (0xfe043783) ld      a5, -32(s0)
core   0: 3 0x000000008000ff56 (0xfe043783) x15 0x00000000800120d2 mem 0x0000000080031f50
core   0: 0x000000008000ff5a (0x00178713) addi    a4, a5, 1
core   0: 3 0x000000008000ff5a (0x00178713) x14 0x00000000800120d3
core   0: 0x000000008000ff5e (0xfee43023) sd      a4, -32(s0)
core   0: 3 0x000000008000ff5e (0xfee43023) mem 0x0000000080031f50 0x00000000800120d3
core   0: 0x000000008000ff62 (0xfc442703) lw      a4, -60(s0)
core   0: 3 0x000000008000ff62 (0xfc442703) x14 0x0000000000000000 mem 0x0000000080031f34
core   0: 0x000000008000ff66 (0x0ff77713) andi    a4, a4, 255
core   0: 3 0x000000008000ff66 (0x0ff77713) x14 0x0000000000000000
core   0: 0x000000008000ff6a (0x00e78023) sb      a4, 0(a5)
core   0: 3 0x000000008000ff6a (0x00e78023) mem 0x00000000800120d2 0x00
core   0: 0x000000008000ff6e (0xfc843703) ld      a4, -56(s0)
core   0: 3 0x000000008000ff6e (0xfc843703) x14 0x0000000080012040 mem 0x0000000080031f38
core   0: 0x000000008000ff72 (0xfb843783) ld      a5, -72(s0)
core   0: 3 0x000000008000ff72 (0xfb843783) x15 0x000000000000009c mem 0x0000000080031f28
core   0: 0x000000008000ff76 (0x000097ba) c.add   a5, a4
core   0: 3 0x000000008000ff76 (0x97ba) x15 0x00000000800120dc
core   0: 0x000000008000ff78 (0xfe043703) ld      a4, -32(s0)
core   0: 3 0x000000008000ff78 (0xfe043703) x14 0x00000000800120d3 mem 0x0000000080031f50
core   0: 0x000000008000ff7c (0xfcf76de3) bltu    a4, a5, pc - 38
core   0: 3 0x000000008000ff7c (0xfcf76de3)
core   0: 0x000000008000ff56 (0xfe043783) ld      a5, -32(s0)
core   0: 3 0x000000008000ff56 (0xfe043783) x15 0x00000000800120d3 mem 0x0000000080031f50
core   0: 0x000000008000ff5a (0x00178713) addi    a4, a5, 1
core   0: 3 0x000000008000ff5a (0x00178713) x14 0x00000000800120d4
core   0: 0x000000008000ff5e (0xfee43023) sd      a4, -32(s0)
core   0: 3 0x000000008000ff5e (0xfee43023) mem 0x0000000080031f50 0x00000000800120d4
core   0: 0x000000008000ff62 (0xfc442703) lw      a4, -60(s0)
core   0: 3 0x000000008000ff62 (0xfc442703) x14 0x0000000000000000 mem 0x0000000080031f34
core   0: 0x000000008000ff66 (0x0ff77713) andi    a4, a4, 255
core   0: 3 0x000000008000ff66 (0x0ff77713) x14 0x0000000000000000
core   0: 0x000000008000ff6a (0x00e78023) sb      a4, 0(a5)
core   0: 3 0x000000008000ff6a (0x00e78023) mem 0x00000000800120d3 0x00
core   0: 0x000000008000ff6e (0xfc843703) ld      a4, -56(s0)
core   0: 3 0x000000008000ff6e (0xfc843703) x14 0x0000000080012040 mem 0x0000000080031f38
core   0: 0x000000008000ff72 (0xfb843783) ld      a5, -72(s0)
core   0: 3 0x000000008000ff72 (0xfb843783) x15 0x000000000000009c mem 0x0000000080031f28
core   0: 0x000000008000ff76 (0x000097ba) c.add   a5, a4
core   0: 3 0x000000008000ff76 (0x97ba) x15 0x00000000800120dc
core   0: 0x000000008000ff78 (0xfe043703) ld      a4, -32(s0)
core   0: 3 0x000000008000ff78 (0xfe043703) x14 0x00000000800120d4 mem 0x0000000080031f50
core   0: 0x000000008000ff7c (0xfcf76de3) bltu    a4, a5, pc - 38
core   0: 3 0x000000008000ff7c (0xfcf76de3)
core   0: 0x000000008000ff56 (0xfe043783) ld      a5, -32(s0)
core   0: 3 0x000000008000ff56 (0xfe043783) x15 0x00000000800120d4 mem 0x0000000080031f50
core   0: 0x000000008000ff5a (0x00178713) addi    a4, a5, 1
core   0: 3 0x000000008000ff5a (0x00178713) x14 0x00000000800120d5
core   0: 0x000000008000ff5e (0xfee43023) sd      a4, -32(s0)
core   0: 3 0x000000008000ff5e (0xfee43023) mem 0x0000000080031f50 0x00000000800120d5
core   0: 0x000000008000ff62 (0xfc442703) lw      a4, -60(s0)
core   0: 3 0x000000008000ff62 (0xfc442703) x14 0x0000000000000000 mem 0x0000000080031f34
core   0: 0x000000008000ff66 (0x0ff77713) andi    a4, a4, 255
core   0: 3 0x000000008000ff66 (0x0ff77713) x14 0x0000000000000000
core   0: 0x000000008000ff6a (0x00e78023) sb      a4, 0(a5)
core   0: 3 0x000000008000ff6a (0x00e78023) mem 0x00000000800120d4 0x00
core   0: 0x000000008000ff6e (0xfc843703) ld      a4, -56(s0)
core   0: 3 0x000000008000ff6e (0xfc843703) x14 0x0000000080012040 mem 0x0000000080031f38
core   0: 0x000000008000ff72 (0xfb843783) ld      a5, -72(s0)
core   0: 3 0x000000008000ff72 (0xfb843783) x15 0x000000000000009c mem 0x0000000080031f28
core   0: 0x000000008000ff76 (0x000097ba) c.add   a5, a4
core   0: 3 0x000000008000ff76 (0x97ba) x15 0x00000000800120dc
core   0: 0x000000008000ff78 (0xfe043703) ld      a4, -32(s0)
core   0: 3 0x000000008000ff78 (0xfe043703) x14 0x00000000800120d5 mem 0x0000000080031f50
core   0: 0x000000008000ff7c (0xfcf76de3) bltu    a4, a5, pc - 38
core   0: 3 0x000000008000ff7c (0xfcf76de3)
core   0: 0x000000008000ff56 (0xfe043783) ld      a5, -32(s0)
core   0: 3 0x000000008000ff56 (0xfe043783) x15 0x00000000800120d5 mem 0x0000000080031f50
core   0: 0x000000008000ff5a (0x00178713) addi    a4, a5, 1
core   0: 3 0x000000008000ff5a (0x00178713) x14 0x00000000800120d6
core   0: 0x000000008000ff5e (0xfee43023) sd      a4, -32(s0)
core   0: 3 0x000000008000ff5e (0xfee43023) mem 0x0000000080031f50 0x00000000800120d6
core   0: 0x000000008000ff62 (0xfc442703) lw      a4, -60(s0)
core   0: 3 0x000000008000ff62 (0xfc442703) x14 0x0000000000000000 mem 0x0000000080031f34
core   0: 0x000000008000ff66 (0x0ff77713) andi    a4, a4, 255
core   0: 3 0x000000008000ff66 (0x0ff77713) x14 0x0000000000000000
core   0: 0x000000008000ff6a (0x00e78023) sb      a4, 0(a5)
core   0: 3 0x000000008000ff6a (0x00e78023) mem 0x00000000800120d5 0x00
core   0: 0x000000008000ff6e (0xfc843703) ld      a4, -56(s0)
core   0: 3 0x000000008000ff6e (0xfc843703) x14 0x0000000080012040 mem 0x0000000080031f38
core   0: 0x000000008000ff72 (0xfb843783) ld      a5, -72(s0)
core   0: 3 0x000000008000ff72 (0xfb843783) x15 0x000000000000009c mem 0x0000000080031f28
core   0: 0x000000008000ff76 (0x000097ba) c.add   a5, a4
core   0: 3 0x000000008000ff76 (0x97ba) x15 0x00000000800120dc
core   0: 0x000000008000ff78 (0xfe043703) ld      a4, -32(s0)
core   0: 3 0x000000008000ff78 (0xfe043703) x14 0x00000000800120d6 mem 0x0000000080031f50
core   0: 0x000000008000ff7c (0xfcf76de3) bltu    a4, a5, pc - 38
core   0: 3 0x000000008000ff7c (0xfcf76de3)
core   0: 0x000000008000ff56 (0xfe043783) ld      a5, -32(s0)
core   0: 3 0x000000008000ff56 (0xfe043783) x15 0x00000000800120d6 mem 0x0000000080031f50
core   0: 0x000000008000ff5a (0x00178713) addi    a4, a5, 1
core   0: 3 0x000000008000ff5a (0x00178713) x14 0x00000000800120d7
core   0: 0x000000008000ff5e (0xfee43023) sd      a4, -32(s0)
core   0: 3 0x000000008000ff5e (0xfee43023) mem 0x0000000080031f50 0x00000000800120d7
core   0: 0x000000008000ff62 (0xfc442703) lw      a4, -60(s0)
core   0: 3 0x000000008000ff62 (0xfc442703) x14 0x0000000000000000 mem 0x0000000080031f34
core   0: 0x000000008000ff66 (0x0ff77713) andi    a4, a4, 255
core   0: 3 0x000000008000ff66 (0x0ff77713) x14 0x0000000000000000
core   0: 0x000000008000ff6a (0x00e78023) sb      a4, 0(a5)
core   0: 3 0x000000008000ff6a (0x00e78023) mem 0x00000000800120d6 0x00
core   0: 0x000000008000ff6e (0xfc843703) ld      a4, -56(s0)
core   0: 3 0x000000008000ff6e (0xfc843703) x14 0x0000000080012040 mem 0x0000000080031f38
core   0: 0x000000008000ff72 (0xfb843783) ld      a5, -72(s0)
core   0: 3 0x000000008000ff72 (0xfb843783) x15 0x000000000000009c mem 0x0000000080031f28
core   0: 0x000000008000ff76 (0x000097ba) c.add   a5, a4
core   0: 3 0x000000008000ff76 (0x97ba) x15 0x00000000800120dc
core   0: 0x000000008000ff78 (0xfe043703) ld      a4, -32(s0)
core   0: 3 0x000000008000ff78 (0xfe043703) x14 0x00000000800120d7 mem 0x0000000080031f50
core   0: 0x000000008000ff7c (0xfcf76de3) bltu    a4, a5, pc - 38
core   0: 3 0x000000008000ff7c (0xfcf76de3)
core   0: 0x000000008000ff56 (0xfe043783) ld      a5, -32(s0)
core   0: 3 0x000000008000ff56 (0xfe043783) x15 0x00000000800120d7 mem 0x0000000080031f50
core   0: 0x000000008000ff5a (0x00178713) addi    a4, a5, 1
core   0: 3 0x000000008000ff5a (0x00178713) x14 0x00000000800120d8
core   0: 0x000000008000ff5e (0xfee43023) sd      a4, -32(s0)
core   0: 3 0x000000008000ff5e (0xfee43023) mem 0x0000000080031f50 0x00000000800120d8
core   0: 0x000000008000ff62 (0xfc442703) lw      a4, -60(s0)
core   0: 3 0x000000008000ff62 (0xfc442703) x14 0x0000000000000000 mem 0x0000000080031f34
core   0: 0x000000008000ff66 (0x0ff77713) andi    a4, a4, 255
core   0: 3 0x000000008000ff66 (0x0ff77713) x14 0x0000000000000000
core   0: 0x000000008000ff6a (0x00e78023) sb      a4, 0(a5)
core   0: 3 0x000000008000ff6a (0x00e78023) mem 0x00000000800120d7 0x00
core   0: 0x000000008000ff6e (0xfc843703) ld      a4, -56(s0)
core   0: 3 0x000000008000ff6e (0xfc843703) x14 0x0000000080012040 mem 0x0000000080031f38
core   0: 0x000000008000ff72 (0xfb843783) ld      a5, -72(s0)
core   0: 3 0x000000008000ff72 (0xfb843783) x15 0x000000000000009c mem 0x0000000080031f28
core   0: 0x000000008000ff76 (0x000097ba) c.add   a5, a4
core   0: 3 0x000000008000ff76 (0x97ba) x15 0x00000000800120dc
core   0: 0x000000008000ff78 (0xfe043703) ld      a4, -32(s0)
core   0: 3 0x000000008000ff78 (0xfe043703) x14 0x00000000800120d8 mem 0x0000000080031f50
core   0: 0x000000008000ff7c (0xfcf76de3) bltu    a4, a5, pc - 38
core   0: 3 0x000000008000ff7c (0xfcf76de3)
core   0: 0x000000008000ff56 (0xfe043783) ld      a5, -32(s0)
core   0: 3 0x000000008000ff56 (0xfe043783) x15 0x00000000800120d8 mem 0x0000000080031f50
core   0: 0x000000008000ff5a (0x00178713) addi    a4, a5, 1
core   0: 3 0x000000008000ff5a (0x00178713) x14 0x00000000800120d9
core   0: 0x000000008000ff5e (0xfee43023) sd      a4, -32(s0)
core   0: 3 0x000000008000ff5e (0xfee43023) mem 0x0000000080031f50 0x00000000800120d9
core   0: 0x000000008000ff62 (0xfc442703) lw      a4, -60(s0)
core   0: 3 0x000000008000ff62 (0xfc442703) x14 0x0000000000000000 mem 0x0000000080031f34
core   0: 0x000000008000ff66 (0x0ff77713) andi    a4, a4, 255
core   0: 3 0x000000008000ff66 (0x0ff77713) x14 0x0000000000000000
core   0: 0x000000008000ff6a (0x00e78023) sb      a4, 0(a5)
core   0: 3 0x000000008000ff6a (0x00e78023) mem 0x00000000800120d8 0x00
core   0: 0x000000008000ff6e (0xfc843703) ld      a4, -56(s0)
core   0: 3 0x000000008000ff6e (0xfc843703) x14 0x0000000080012040 mem 0x0000000080031f38
core   0: 0x000000008000ff72 (0xfb843783) ld      a5, -72(s0)
core   0: 3 0x000000008000ff72 (0xfb843783) x15 0x000000000000009c mem 0x0000000080031f28
core   0: 0x000000008000ff76 (0x000097ba) c.add   a5, a4
core   0: 3 0x000000008000ff76 (0x97ba) x15 0x00000000800120dc
core   0: 0x000000008000ff78 (0xfe043703) ld      a4, -32(s0)
core   0: 3 0x000000008000ff78 (0xfe043703) x14 0x00000000800120d9 mem 0x0000000080031f50
core   0: 0x000000008000ff7c (0xfcf76de3) bltu    a4, a5, pc - 38
core   0: 3 0x000000008000ff7c (0xfcf76de3)
core   0: 0x000000008000ff56 (0xfe043783) ld      a5, -32(s0)
core   0: 3 0x000000008000ff56 (0xfe043783) x15 0x00000000800120d9 mem 0x0000000080031f50
core   0: 0x000000008000ff5a (0x00178713) addi    a4, a5, 1
core   0: 3 0x000000008000ff5a (0x00178713) x14 0x00000000800120da
core   0: 0x000000008000ff5e (0xfee43023) sd      a4, -32(s0)
core   0: 3 0x000000008000ff5e (0xfee43023) mem 0x0000000080031f50 0x00000000800120da
core   0: 0x000000008000ff62 (0xfc442703) lw      a4, -60(s0)
core   0: 3 0x000000008000ff62 (0xfc442703) x14 0x0000000000000000 mem 0x0000000080031f34
core   0: 0x000000008000ff66 (0x0ff77713) andi    a4, a4, 255
core   0: 3 0x000000008000ff66 (0x0ff77713) x14 0x0000000000000000
core   0: 0x000000008000ff6a (0x00e78023) sb      a4, 0(a5)
core   0: 3 0x000000008000ff6a (0x00e78023) mem 0x00000000800120d9 0x00
core   0: 0x000000008000ff6e (0xfc843703) ld      a4, -56(s0)
core   0: 3 0x000000008000ff6e (0xfc843703) x14 0x0000000080012040 mem 0x0000000080031f38
core   0: 0x000000008000ff72 (0xfb843783) ld      a5, -72(s0)
core   0: 3 0x000000008000ff72 (0xfb843783) x15 0x000000000000009c mem 0x0000000080031f28
core   0: 0x000000008000ff76 (0x000097ba) c.add   a5, a4
core   0: 3 0x000000008000ff76 (0x97ba) x15 0x00000000800120dc
core   0: 0x000000008000ff78 (0xfe043703) ld      a4, -32(s0)
core   0: 3 0x000000008000ff78 (0xfe043703) x14 0x00000000800120da mem 0x0000000080031f50
core   0: 0x000000008000ff7c (0xfcf76de3) bltu    a4, a5, pc - 38
core   0: 3 0x000000008000ff7c (0xfcf76de3)
core   0: 0x000000008000ff56 (0xfe043783) ld      a5, -32(s0)
core   0: 3 0x000000008000ff56 (0xfe043783) x15 0x00000000800120da mem 0x0000000080031f50
core   0: 0x000000008000ff5a (0x00178713) addi    a4, a5, 1
core   0: 3 0x000000008000ff5a (0x00178713) x14 0x00000000800120db
core   0: 0x000000008000ff5e (0xfee43023) sd      a4, -32(s0)
core   0: 3 0x000000008000ff5e (0xfee43023) mem 0x0000000080031f50 0x00000000800120db
core   0: 0x000000008000ff62 (0xfc442703) lw      a4, -60(s0)
core   0: 3 0x000000008000ff62 (0xfc442703) x14 0x0000000000000000 mem 0x0000000080031f34
core   0: 0x000000008000ff66 (0x0ff77713) andi    a4, a4, 255
core   0: 3 0x000000008000ff66 (0x0ff77713) x14 0x0000000000000000
core   0: 0x000000008000ff6a (0x00e78023) sb      a4, 0(a5)
core   0: 3 0x000000008000ff6a (0x00e78023) mem 0x00000000800120da 0x00
core   0: 0x000000008000ff6e (0xfc843703) ld      a4, -56(s0)
core   0: 3 0x000000008000ff6e (0xfc843703) x14 0x0000000080012040 mem 0x0000000080031f38
core   0: 0x000000008000ff72 (0xfb843783) ld      a5, -72(s0)
core   0: 3 0x000000008000ff72 (0xfb843783) x15 0x000000000000009c mem 0x0000000080031f28
core   0: 0x000000008000ff76 (0x000097ba) c.add   a5, a4
core   0: 3 0x000000008000ff76 (0x97ba) x15 0x00000000800120dc
core   0: 0x000000008000ff78 (0xfe043703) ld      a4, -32(s0)
core   0: 3 0x000000008000ff78 (0xfe043703) x14 0x00000000800120db mem 0x0000000080031f50
core   0: 0x000000008000ff7c (0xfcf76de3) bltu    a4, a5, pc - 38
core   0: 3 0x000000008000ff7c (0xfcf76de3)
core   0: 0x000000008000ff56 (0xfe043783) ld      a5, -32(s0)
core   0: 3 0x000000008000ff56 (0xfe043783) x15 0x00000000800120db mem 0x0000000080031f50
core   0: 0x000000008000ff5a (0x00178713) addi    a4, a5, 1
core   0: 3 0x000000008000ff5a (0x00178713) x14 0x00000000800120dc
core   0: 0x000000008000ff5e (0xfee43023) sd      a4, -32(s0)
core   0: 3 0x000000008000ff5e (0xfee43023) mem 0x0000000080031f50 0x00000000800120dc
core   0: 0x000000008000ff62 (0xfc442703) lw      a4, -60(s0)
core   0: 3 0x000000008000ff62 (0xfc442703) x14 0x0000000000000000 mem 0x0000000080031f34
core   0: 0x000000008000ff66 (0x0ff77713) andi    a4, a4, 255
core   0: 3 0x000000008000ff66 (0x0ff77713) x14 0x0000000000000000
core   0: 0x000000008000ff6a (0x00e78023) sb      a4, 0(a5)
core   0: 3 0x000000008000ff6a (0x00e78023) mem 0x00000000800120db 0x00
core   0: 0x000000008000ff6e (0xfc843703) ld      a4, -56(s0)
core   0: 3 0x000000008000ff6e (0xfc843703) x14 0x0000000080012040 mem 0x0000000080031f38
core   0: 0x000000008000ff72 (0xfb843783) ld      a5, -72(s0)
core   0: 3 0x000000008000ff72 (0xfb843783) x15 0x000000000000009c mem 0x0000000080031f28
core   0: 0x000000008000ff76 (0x000097ba) c.add   a5, a4
core   0: 3 0x000000008000ff76 (0x97ba) x15 0x00000000800120dc
core   0: 0x000000008000ff78 (0xfe043703) ld      a4, -32(s0)
core   0: 3 0x000000008000ff78 (0xfe043703) x14 0x00000000800120dc mem 0x0000000080031f50
core   0: 0x000000008000ff7c (0xfcf76de3) bltu    a4, a5, pc - 38
core   0: 3 0x000000008000ff7c (0xfcf76de3)
core   0: 0x000000008000ff80 (0xfc843783) ld      a5, -56(s0)
core   0: 3 0x000000008000ff80 (0xfc843783) x15 0x0000000080012040 mem 0x0000000080031f38
core   0: 0x000000008000ff84 (0x0000853e) c.mv    a0, a5
core   0: 3 0x000000008000ff84 (0x853e) x10 0x0000000080012040
core   0: 0x000000008000ff86 (0x00006426) c.ldsp  s0, 72(sp)
core   0: 3 0x000000008000ff86 (0x6426) x8  0x0000000080031f90 mem 0x0000000080031f68
core   0: 0x000000008000ff88 (0x00006161) c.addi16sp sp, 80
core   0: 3 0x000000008000ff88 (0x6161) x2  0x0000000080031f70
core   0: 0x000000008000ff8a (0x00008082) ret
core   0: 3 0x000000008000ff8a (0x8082)
core   0: 0x000000008000f53e (0x00000001) c.nop
core   0: 3 0x000000008000f53e (0x0001)
core   0: 0x000000008000f540 (0x000060e2) c.ldsp  ra, 24(sp)
core   0: 3 0x000000008000f540 (0x60e2) x1  0x000000008000f57e mem 0x0000000080031f88
core   0: 0x000000008000f542 (0x00006442) c.ldsp  s0, 16(sp)
core   0: 3 0x000000008000f542 (0x6442) x8  0x0000000080032040 mem 0x0000000080031f80
core   0: 0x000000008000f544 (0x00006105) c.addi16sp sp, 32
core   0: 3 0x000000008000f544 (0x6105) x2  0x0000000080031f90
core   0: 0x000000008000f546 (0x00008082) ret
core   0: 3 0x000000008000f546 (0x8082)
core   0: 0x000000008000f57e (0xf5842703) lw      a4, -168(s0)
core   0: 3 0x000000008000f57e (0xf5842703) x14 0x0000000000000001 mem 0x0000000080031f98
core   0: 0x000000008000f582 (0xf5c42783) lw      a5, -164(s0)
core   0: 3 0x000000008000f582 (0xf5c42783) x15 0x0000000000000000 mem 0x0000000080031f9c
core   0: 0x000000008000f586 (0x000085ba) c.mv    a1, a4
core   0: 3 0x000000008000f586 (0x85ba) x11 0x0000000000000001
core   0: 0x000000008000f588 (0x0000853e) c.mv    a0, a5
core   0: 3 0x000000008000f588 (0x853e) x10 0x0000000000000000
core   0: 0x000000008000f58a (0xf03ff0ef) jal     pc - 0xfe
core   0: 3 0x000000008000f58a (0xf03ff0ef) x1  0x000000008000f58e
core   0: >>>>  thread_entry
core   0: 0x000000008000f48c (0x00001101) c.addi  sp, -32
core   0: 3 0x000000008000f48c (0x1101) x2  0x0000000080031f70
core   0: 0x000000008000f48e (0x0000ec22) c.sdsp  s0, 24(sp)
core   0: 3 0x000000008000f48e (0xec22) mem 0x0000000080031f88 0x0000000080032040
core   0: 0x000000008000f490 (0x00001000) c.addi4spn s0, sp, 32
core   0: 3 0x000000008000f490 (0x1000) x8  0x0000000080031f90
core   0: 0x000000008000f492 (0x000087aa) c.mv    a5, a0
core   0: 3 0x000000008000f492 (0x87aa) x15 0x0000000000000000
core   0: 0x000000008000f494 (0x0000872e) c.mv    a4, a1
core   0: 3 0x000000008000f494 (0x872e) x14 0x0000000000000001
core   0: 0x000000008000f496 (0xfef42623) sw      a5, -20(s0)
core   0: 3 0x000000008000f496 (0xfef42623) mem 0x0000000080031f7c 0x00000000
core   0: 0x000000008000f49a (0x000087ba) c.mv    a5, a4
core   0: 3 0x000000008000f49a (0x87ba) x15 0x0000000000000001
core   0: 0x000000008000f49c (0xfef42423) sw      a5, -24(s0)
core   0: 3 0x000000008000f49c (0xfef42423) mem 0x0000000080031f78 0x00000001
core   0: 0x000000008000f4a0 (0x00000001) c.nop
core   0: 3 0x000000008000f4a0 (0x0001)
core   0: 0x000000008000f4a2 (0xfec42783) lw      a5, -20(s0)
core   0: 3 0x000000008000f4a2 (0xfec42783) x15 0x0000000000000000 mem 0x0000000080031f7c
core   0: 0x000000008000f4a6 (0x00002781) c.addiw a5, 0
core   0: 3 0x000000008000f4a6 (0x2781) x15 0x0000000000000000
core   0: 0x000000008000f4a8 (0x0000ffed) c.bnez  a5, pc - 6
core   0: 3 0x000000008000f4a8 (0xffed)
core   0: 0x000000008000f4aa (0x00000001) c.nop
core   0: 3 0x000000008000f4aa (0x0001)
core   0: 0x000000008000f4ac (0x00000001) c.nop
core   0: 3 0x000000008000f4ac (0x0001)
core   0: 0x000000008000f4ae (0x00006462) c.ldsp  s0, 24(sp)
core   0: 3 0x000000008000f4ae (0x6462) x8  0x0000000080032040 mem 0x0000000080031f88
core   0: 0x000000008000f4b0 (0x00006105) c.addi16sp sp, 32
core   0: 3 0x000000008000f4b0 (0x6105) x2  0x0000000080031f90
core   0: 0x000000008000f4b2 (0x00008082) ret
core   0: 3 0x000000008000f4b2 (0x8082)
core   0: 0x000000008000f58e (0x00004581) c.li    a1, 0
core   0: 3 0x000000008000f58e (0x4581) x11 0x0000000000000000
core   0: 0x000000008000f590 (0x00004501) c.li    a0, 0
core   0: 3 0x000000008000f590 (0x4501) x10 0x0000000000000000
core   0: 0x000000008000f592 (0xa6ff20ef) jal     pc - 0xd592
core   0: 3 0x000000008000f592 (0xa6ff20ef) x1  0x000000008000f596
core   0: >>>>  main
core   0: 0x0000000080002000 (0x00000001) c.nop
core   0: 3 0x0000000080002000 (0x0001)
core   0: >>>>  trap_vec_init
core   0: 0x0000000080002002 (0x00002797) auipc   a5, 0x2
core   0: 3 0x0000000080002002 (0x00002797) x15 0x0000000080004002
core   0: 0x0000000080002006 (0xffe78793) addi    a5, a5, -2
core   0: 3 0x0000000080002006 (0xffe78793) x15 0x0000000080004000
core   0: 0x000000008000200a (0x30579073) csrrw   zero, mtvec, a5
core   0: 3 0x000000008000200a (0x30579073) c773_mtvec 0x0000000080004000
core   0: >>>>  pmp_setup
core   0: 0x000000008000200e (0x00002c17) auipc   s8, 0x2
core   0: 3 0x000000008000200e (0x00002c17) x24 0x000000008000400e
core   0: 0x0000000080002012 (0x022c0c13) addi    s8, s8, 34
core   0: 3 0x0000000080002012 (0x022c0c13) x24 0x0000000080004030
core   0: 0x0000000080002016 (0x00004781) c.li    a5, 0
core   0: 3 0x0000000080002016 (0x4781) x15 0x0000000000000000
core   0: 0x0000000080002018 (0x00009c3e) c.add   s8, a5
core   0: 3 0x0000000080002018 (0x9c3e) x24 0x0000000080004030
core   0: 0x000000008000201a (0x3b0c1073) csrrw   zero, pmpaddr0, s8
core   0: 3 0x000000008000201a (0x3b0c1073) c944_pmpaddr0 0x0000000080004030
core   0: 0x000000008000201e (0x00004c3d) c.li    s8, 15
core   0: 3 0x000000008000201e (0x4c3d) x24 0x000000000000000f
core   0: 0x0000000080002020 (0x3a0c1073) csrrw   zero, pmpcfg0, s8
core   0: 3 0x0000000080002020 (0x3a0c1073) c928_pmpcfg0 0x000000000000000f
core   0: 0x0000000080002024 (0x12000073) sfence.vma zero, zero
core   0: 3 0x0000000080002024 (0x12000073)
core   0: >>>>  mepc_setup
core   0: 0x0000000080002028 (0x00002797) auipc   a5, 0x2
core   0: 3 0x0000000080002028 (0x00002797) x15 0x0000000080004028
core   0: 0x000000008000202c (0x00878793) addi    a5, a5, 8
core   0: 3 0x000000008000202c (0x00878793) x15 0x0000000080004030
core   0: 0x0000000080002030 (0x34179073) csrrw   zero, mepc, a5
core   0: 3 0x0000000080002030 (0x34179073) c833_mepc 0x0000000080004030
core   0: >>>>  custom_csr_setup
core   0: 0x0000000080002034 (0x00100f9b) addiw   t6, zero, 1
core   0: 3 0x0000000080002034 (0x00100f9b) x31 0x0000000000000001
core   0: 0x0000000080002038 (0x00000ffe) c.slli  t6, 31
core   0: 3 0x0000000080002038 (0x0ffe) x31 0x0000000080000000
core   0: 0x000000008000203a (0x00000001) c.nop
core   0: 3 0x000000008000203a (0x0001)
core   0: >>>>  init_s_mode
core   0: 0x000000008000203c (0xfff0079b) addiw   a5, zero, -1
core   0: 3 0x000000008000203c (0xfff0079b) x15 0xffffffffffffffff
core   0: 0x0000000080002040 (0x000017fe) c.slli  a5, 63
core   0: 3 0x0000000080002040 (0x17fe) x15 0x8000000000000000
core   0: 0x0000000080002042 (0x18079073) csrrw   zero, satp, a5
core   0: 3 0x0000000080002042 (0x18079073) c384_satp 0x8000000000000000
core   0: 0x0000000080002046 (0x0000f797) auipc   a5, 0xf
core   0: 3 0x0000000080002046 (0x0000f797) x15 0x0000000080011046
core   0: 0x000000008000204a (0xfba78793) addi    a5, a5, -70
core   0: 3 0x000000008000204a (0xfba78793) x15 0x0000000080011000
core   0: 0x000000008000204e (0x000083b1) c.srli  a5, 12
core   0: 3 0x000000008000204e (0x83b1) x15 0x0000000000080011
core   0: 0x0000000080002050 (0x0010061b) addiw   a2, zero, 1
core   0: 3 0x0000000080002050 (0x0010061b) x12 0x0000000000000001
core   0: 0x0000000080002054 (0x00001632) c.slli  a2, 44
core   0: 3 0x0000000080002054 (0x1632) x12 0x0000100000000000
core   0: 0x0000000080002056 (0x0000167d) c.addi  a2, -1
core   0: 3 0x0000000080002056 (0x167d) x12 0x00000fffffffffff
core   0: 0x0000000080002058 (0x00008ff1) c.and   a5, a2
core   0: 3 0x0000000080002058 (0x8ff1) x15 0x0000000000080011
core   0: 0x000000008000205a (0x1807a073) csrrs   zero, satp, a5
core   0: 3 0x000000008000205a (0x1807a073) c384_satp 0x8000000000080011
core   0: 0x000000008000205e (0x00a005b7) lui     a1, 0xa00
core   0: 3 0x000000008000205e (0x00a005b7) x11 0x0000000000a00000
core   0: 0x0000000080002062 (0x10b5859b) addiw   a1, a1, 267
core   0: 3 0x0000000080002062 (0x10b5859b) x11 0x0000000000a0010b
core   0: 0x0000000080002066 (0x000005b2) c.slli  a1, 12
core   0: 3 0x0000000080002066 (0x05b2) x11 0x0000000a0010b000
core   0: 0x0000000080002068 (0xa0058593) addi    a1, a1, -1536
core   0: 3 0x0000000080002068 (0xa0058593) x11 0x0000000a0010aa00
core   0: 0x000000008000206c (0x30059073) csrrw   zero, mstatus, a1
core   0: 3 0x000000008000206c (0x30059073) c768_mstatus 0x0000000a00102800
core   0: 0x0000000080002070 (0x30459073) csrrw   zero, mie, a1
core   0: 3 0x0000000080002070 (0x30459073) c772_mie 0x0000000000000a00
core   0: 0x0000000080002074 (0x00a005b7) lui     a1, 0xa00
core   0: 3 0x0000000080002074 (0x00a005b7) x11 0x0000000000a00000
core   0: 0x0000000080002078 (0x10b5859b) addiw   a1, a1, 267
core   0: 3 0x0000000080002078 (0x10b5859b) x11 0x0000000000a0010b
core   0: 0x000000008000207c (0x000005b2) c.slli  a1, 12
core   0: 3 0x000000008000207c (0x05b2) x11 0x0000000a0010b000
core   0: 0x000000008000207e (0xa0058593) addi    a1, a1, -1536
core   0: 3 0x000000008000207e (0xa0058593) x11 0x0000000a0010aa00
core   0: 0x0000000080002082 (0x10059073) csrrw   zero, sstatus, a1
core   0: 3 0x0000000080002082 (0x10059073) c768_mstatus 0x0000000a00102800
core   0: 0x0000000080002086 (0x10459073) csrrw   zero, sie, a1
core   0: 3 0x0000000080002086 (0x10459073) c772_mie 0x0000000000000a00
core   0: 0x000000008000208a (0x30200073) mret
core   0: 3 0x000000008000208a (0x30200073) c768_mstatus 0x0000000a00102080
core   0: >>>>  main_g
core   0: 0x0000000080004030 (0x010e54b3) srl     s1, t3, a6
core   0: 1 0x0000000080004030 (0x010e54b3) x9  0x0000000000000000
core   0: 0x0000000080004034 (0x00908b33) add     s6, ra, s1
core   0: 1 0x0000000080004034 (0x00908b33) x22 0x000000008000f596
core   0: 0x0000000080004038 (0xc216f3d3) fcvt.wu.d t2, fa3
core   0: 1 0x0000000080004038 (0xc216f3d3) c1_fflags 0x0000000000000010 c768_mstatus 0x8000000a00106080 x7  0xffffffffffffffff
core   0: 0x000000008000403c (0x00a951b3) srl     gp, s2, a0
core   0: 1 0x000000008000403c (0x00a951b3) x3  0x0000000000000000
core   0: 0x0000000080004040 (0xda8a0a1b) addiw   s4, s4, -600
core   0: 1 0x0000000080004040 (0xda8a0a1b) x20 0xfffffffffffffda8
core   0: 0x0000000080004044 (0x017acab3) xor     s5, s5, s7
core   0: 1 0x0000000080004044 (0x017acab3) x21 0x0000000000000000
core   0: 0x0000000080004048 (0x41e9d893) srai    a7, s3, 30
core   0: 1 0x0000000080004048 (0x41e9d893) x17 0x0000000000000000
core   0: 0x000000008000404c (0x00000001) c.nop
core   0: 1 0x000000008000404c (0x0001)
core   0: 0x000000008000404e (0x035883b3) mul     t2, a7, s5
core   0: 1 0x000000008000404e (0x035883b3) x7  0x0000000000000000
core   0: 0x0000000080004052 (0x009bd1bb) srlw    gp, s7, s1
core   0: 1 0x0000000080004052 (0x009bd1bb) x3  0x0000000000000000
core   0: 0x0000000080004056 (0xd224f6d3) fcvt.d.l fa3, s1
core   0: 1 0x0000000080004056 (0xd224f6d3) f13 0x0000000000000000
core   0: 0x000000008000405a (0xc02c7b53) fcvt.l.s s6, fs8
core   0: 1 0x000000008000405a (0xc02c7b53) x22 0x0000000000000000
core   0: 0x000000008000405e (0x00ed1d3b) sllw    s10, s10, a4
core   0: 1 0x000000008000405e (0x00ed1d3b) x26 0x0000000000000000
core   0: 0x0000000080004062 (0x5a86ae17) auipc   t3, 0x5a86a
core   0: 1 0x0000000080004062 (0x5a86ae17) x28 0x00000000da86e062
core   0: 0x0000000080004066 (0xe20c09d3) fmv.x.d s3, fs8
core   0: 1 0x0000000080004066 (0xe20c09d3) x19 0xffffffff00000000
core   0: 0x000000008000406a (0x00102d73) csrrs   s10, fflags, zero
core   0: 1 0x000000008000406a (0x00102d73) x26 0x0000000000000010
core   0: 0x000000008000406e (0x0036d71b) srliw   a4, a3, 3
core   0: 1 0x000000008000406e (0x0036d71b) x14 0x0000000000000000
core   0: 0x0000000080004072 (0x0006801b) sext.w  zero, a3
core   0: 1 0x0000000080004072 (0x0006801b)
core   0: 0x0000000080004076 (0x0000569b) srliw   a3, zero, 0
core   0: 1 0x0000000080004076 (0x0000569b) x13 0x0000000000000000
core   0: 0x000000008000407a (0x0210e3bb) remw    t2, ra, ra
core   0: 1 0x000000008000407a (0x0210e3bb) x7  0x0000000000000000
core   0: 0x000000008000407e (0x012c9cbb) sllw    s9, s9, s2
core   0: 1 0x000000008000407e (0x012c9cbb) x25 0x0000000000000000
core   0: 0x0000000080004082 (0xc22976d3) fcvt.l.d a3, fs2
core   0: 1 0x0000000080004082 (0xc22976d3) c1_fflags 0x0000000000000010 x13 0x7fffffffffffffff
core   0: 0x0000000080004086 (0x6a157643) fmadd.d fa2, fa0, ft1, fa3
core   0: 1 0x0000000080004086 (0x6a157643) f12 0x7ff8000000000000
core   0: 0x000000008000408a (0x40385d3b) sraw    s10, a6, gp
core   0: 1 0x000000008000408a (0x40385d3b) x26 0x0000000000000000
core   0: 0x000000008000408e (0x001e9073) csrrw   zero, fflags, t4
core   0: 1 0x000000008000408e (0x001e9073) c1_fflags 0x0000000000000000
core   0: 0x0000000080004092 (0xbbdef993) andi    s3, t4, -1091
core   0: 1 0x0000000080004092 (0xbbdef993) x19 0x0000000000000000
core   0: 0x0000000080004096 (0xa28b8b53) fle.d   s6, fs7, fs0
core   0: 1 0x0000000080004096 (0xa28b8b53) c1_fflags 0x0000000000000010 x22 0x0000000000000000
core   0: 0x000000008000409a (0xc21df3d3) fcvt.wu.d t2, fs11
core   0: 1 0x000000008000409a (0xc21df3d3) c1_fflags 0x0000000000000010 x7  0xffffffffffffffff
core   0: 0x000000008000409e (0x404789b3) sub     s3, a5, tp
core   0: 1 0x000000008000409e (0x404789b3) x19 0xffffffff8006dfd1
core   0: 0x00000000800040a2 (0xd2357453) fcvt.d.lu fs0, a0
core   0: 1 0x00000000800040a2 (0xd2357453) f8  0x0000000000000000
core   0: 0x00000000800040a6 (0x132f77d3) fmul.d  fa5, ft10, fs2
core   0: 1 0x00000000800040a6 (0x132f77d3) f15 0x7ff8000000000000
core   0: 0x00000000800040aa (0x4062dd33) sra     s10, t0, t1
core   0: 1 0x00000000800040aa (0x4062dd33) x26 0x0000000080000124
core   0: 0x00000000800040ae (0xd20400d3) fcvt.d.w ft1, s0
core   0: 1 0x00000000800040ae (0xd20400d3) f1  0xc1dfff37f0000000
core   0: 0x00000000800040b2 (0x01cc5e3b) srlw    t3, s8, t3
core   0: 1 0x00000000800040b2 (0x01cc5e3b) x28 0x0000000000000003
core   0: 0x00000000800040b6 (0x01198a3b) addw    s4, s3, a7
core   0: 1 0x00000000800040b6 (0x01198a3b) x20 0xffffffff8006dfd1
core   0: 0x00000000800040ba (0x42050553) fcvt.d.s fa0, fa0
core   0: 1 0x00000000800040ba (0x42050553) f10 0x0000000000000000
core   0: 0x00000000800040be (0x01a441b3) xor     gp, s0, s10
core   0: 1 0x00000000800040be (0x01a441b3) x3  0x0000000000032164
core   0: 0x00000000800040c2 (0xc237fbd3) fcvt.lu.d s7, fa5
core   0: 1 0x00000000800040c2 (0xc237fbd3) c1_fflags 0x0000000000000010 x23 0xffffffffffffffff
core   0: 0x00000000800040c6 (0x00d29a93) slli    s5, t0, 13
core   0: 1 0x00000000800040c6 (0x00d29a93) x21 0x0000100000248000
core   0: 0x00000000800040ca (0x02faa2b3) mulhsu  t0, s5, a5
core   0: 1 0x00000000800040ca (0x02faa2b3) x5  0x0000000000000000
core   0: 0x00000000800040ce (0x00c8563b) srlw    a2, a6, a2
core   0: 1 0x00000000800040ce (0x00c8563b) x12 0x0000000000000000
core   0: 0x00000000800040d2 (0x02bb22b3) mulhsu  t0, s6, a1
core   0: 1 0x00000000800040d2 (0x02bb22b3) x5  0x0000000000000000
core   0: 0x00000000800040d6 (0x0ff0000f) fence   iorw,iorw
core   0: 1 0x00000000800040d6 (0x0ff0000f)
core   0: 0x00000000800040da (0x000012b6) c.slli  t0, 45
core   0: 1 0x00000000800040da (0x12b6) x5  0x0000000000000000
core   0: 0x00000000800040dc (0x00000001) c.nop
core   0: 1 0x00000000800040dc (0x0001)
core   0: 0x00000000800040de (0x030a48b3) div     a7, s4, a6
core   0: 1 0x00000000800040de (0x030a48b3) x17 0xffffffffffffffff
core   0: 0x00000000800040e2 (0x233408d3) fsgnj.d fa7, fs0, fs3
core   0: 1 0x00000000800040e2 (0x233408d3) f17 0x8000000000000000
core   0: 0x00000000800040e6 (0x038c23b3) mulhsu  t2, s8, s8
core   0: 1 0x00000000800040e6 (0x038c23b3) x7  0x0000000000000000
core   0: 0x00000000800040ea (0x02dbd313) srli    t1, s7, 45
core   0: 1 0x00000000800040ea (0x02dbd313) x6  0x000000000007ffff
core   0: 0x00000000800040ee (0x002049b7) lui     s3, 0x204
core   0: 1 0x00000000800040ee (0x002049b7) x19 0x0000000000204000
core   0: 0x00000000800040f2 (0xf159899b) addiw   s3, s3, -235
core   0: 1 0x00000000800040f2 (0xf159899b) x19 0x0000000000203f15
core   0: 0x00000000800040f6 (0x000009c6) c.slli  s3, 17
core   0: 1 0x00000000800040f6 (0x09c6) x19 0x000000407e2a0000
core   0: 0x00000000800040f8 (0x06e98993) addi    s3, s3, 110
core   0: 1 0x00000000800040f8 (0x06e98993) x19 0x000000407e2a006e
core   0: 0x00000000800040fc (0x0016f5b3) and     a1, a3, ra
core   0: 1 0x00000000800040fc (0x0016f5b3) x11 0x000000008000f596
core   0: 0x0000000080004100 (0x3ea3c913) xori    s2, t2, 1002
core   0: 1 0x0000000080004100 (0x3ea3c913) x18 0x00000000000003ea
core   0: 0x0000000080004104 (0x03849e93) slli    t4, s1, 56
core   0: 1 0x0000000080004104 (0x03849e93) x29 0x0000000000000000
core   0: 0x0000000080004108 (0x008ae733) or      a4, s5, s0
core   0: 1 0x0000000080004108 (0x008ae733) x14 0x000010008027a040
core   0: 0x000000008000410c (0x00001a93) slli    s5, zero, 0
core   0: 1 0x000000008000410c (0x00001a93) x21 0x0000000000000000
core   0: 0x0000000080004110 (0x40f80bbb) subw    s7, a6, a5
core   0: 1 0x0000000080004110 (0x40f80bbb) x23 0xfffffffffff7ffef
core   0: 0x0000000080004114 (0x40f3d11b) sraiw   sp, t2, 15
core   0: 1 0x0000000080004114 (0x40f3d11b) x2  0x0000000000000000
core   0: 0x0000000080004118 (0x00000001) c.nop
core   0: 1 0x0000000080004118 (0x0001)
core   0: 0x000000008000411a (0x01110d33) add     s10, sp, a7
core   0: 1 0x000000008000411a (0x01110d33) x26 0xffffffffffffffff
core   0: 0x000000008000411e (0xd023f6d3) fcvt.s.l fa3, t2
core   0: 1 0x000000008000411e (0xd023f6d3) f13 0xffffffff00000000
core   0: 0x0000000080004122 (0x000099a2) c.add   s3, s0
core   0: 1 0x0000000080004122 (0x99a2) x19 0x00000040fe2d20ae
core   0: 0x0000000080004124 (0x00000001) c.nop
core   0: 1 0x0000000080004124 (0x0001)
core   0: 0x0000000080004126 (0x002cd6bb) srlw    a3, s9, sp
core   0: 1 0x0000000080004126 (0x002cd6bb) x13 0x0000000000000000
core   0: 0x000000008000412a (0x0318f3d3) fadd.d  ft7, fa7, fa7
core   0: 1 0x000000008000412a (0x0318f3d3) f7  0x8000000000000000
core   0: 0x000000008000412e (0x08ee2217) auipc   tp, 0x8ee2
core   0: 1 0x000000008000412e (0x08ee2217) x4  0x0000000088ee612e
core   0: 0x0000000080004132 (0xd23efcd3) fcvt.d.lu fs9, t4
core   0: 1 0x0000000080004132 (0xd23efcd3) f25 0x0000000000000000
core   0: 0x0000000080004136 (0x03b27dbb) remuw   s11, tp, s11
core   0: 1 0x0000000080004136 (0x03b27dbb) x27 0xffffffff88ee612e
core   0: 0x000000008000413a (0x0050d413) srli    s0, ra, 5
core   0: 1 0x000000008000413a (0x0050d413) x8  0x00000000040007ac
core   0: 0x000000008000413e (0x001518f3) csrrw   a7, fflags, a0
core   0: 1 0x000000008000413e (0x001518f3) x17 0x0000000000000010 c1_fflags 0x0000000000000000
core   0: 0x0000000080004142 (0x2245a2d3) fsgnjx.d ft5, fa1, ft4
core   0: 1 0x0000000080004142 (0x2245a2d3) f5  0x7fffffff00000000
core   0: 0x0000000080004146 (0x00202873) csrrs   a6, frm, zero
core   0: 1 0x0000000080004146 (0x00202873) x16 0x0000000000000000
core   0: 0x000000008000414a (0x016b68b3) or      a7, s6, s6
core   0: 1 0x000000008000414a (0x016b68b3) x17 0x0000000000000000
core   0: 0x000000008000414e (0xa20e8dd3) fle.d   s11, ft9, ft0
core   0: 1 0x000000008000414e (0xa20e8dd3) c1_fflags 0x0000000000000010 x27 0x0000000000000000
core   0: 0x0000000080004152 (0xd21d8c53) fcvt.d.wu fs8, s11
core   0: 1 0x0000000080004152 (0xd21d8c53) f24 0x0000000000000000
core   0: 0x0000000080004156 (0x0de68e93) addi    t4, a3, 222
core   0: 1 0x0000000080004156 (0x0de68e93) x29 0x00000000000000de
core   0: 0x000000008000415a (0x00319833) sll     a6, gp, gp
core   0: 1 0x000000008000415a (0x00319833) x16 0x0032164000000000
core   0: 0x000000008000415e (0x01dad9bb) srlw    s3, s5, t4
core   0: 1 0x000000008000415e (0x01dad9bb) x19 0x0000000000000000
core   0: 0x0000000080004162 (0x4012f9d3) fcvt.s.d fs3, ft5
core   0: 1 0x0000000080004162 (0x4012f9d3) f19 0xffffffff7fc00000
core   0: 0x0000000080004166 (0x7189cb13) xori    s6, s3, 1816
core   0: 1 0x0000000080004166 (0x7189cb13) x22 0x0000000000000718
core   0: 0x000000008000416a (0xc212f353) fcvt.wu.d t1, ft5
core   0: 1 0x000000008000416a (0xc212f353) c1_fflags 0x0000000000000010 x6  0xffffffffffffffff
core   0: 0x000000008000416e (0x02449d13) slli    s10, s1, 36
core   0: 1 0x000000008000416e (0x02449d13) x26 0x0000000000000000
core   0: 0x0000000080004172 (0x00686c33) or      s8, a6, t1
core   0: 1 0x0000000080004172 (0x00686c33) x24 0xffffffffffffffff
core   0: 0x0000000080004176 (0x00000001) c.nop
core   0: 1 0x0000000080004176 (0x0001)
core   0: 0x0000000080004178 (0x00202473) csrrs   s0, frm, zero
core   0: 1 0x0000000080004178 (0x00202473) x8  0x0000000000000000
core   0: 0x000000008000417c (0x00102df3) csrrs   s11, fflags, zero
core   0: 1 0x000000008000417c (0x00102df3) x27 0x0000000000000010
core   0: 0x0000000080004180 (0x2b4a0353) fmin.d  ft6, fs4, fs4
core   0: 1 0x0000000080004180 (0x2b4a0353) f6  0x7ff8000000000000
core   0: 0x0000000080004184 (0x13bdfdd3) fmul.d  fs11, fs11, fs11
core   0: 1 0x0000000080004184 (0x13bdfdd3) f27 0x7ff8000000000000
core   0: 0x0000000080004188 (0x00076e93) ori     t4, a4, 0
core   0: 1 0x0000000080004188 (0x00076e93) x29 0x000010008027a040
core   0: 0x000000008000418c (0xc057f173) csrrci  sp, hpmcounter5, 15
core   0: exception trap_illegal_instruction, epc 0x000000008000418c
core   0:           tval 0x00000000c057f173
core   0: >>>>  $xrv64i2p1_m2p0_a2p1_f2p2_d2p2_zicsr2p0_zifencei2p0_zmmul1p0_zba1p0_zbb1p0_zbc1p0_zbs1p0
core   0: 0x0000000080004000 (0x0080006f) j       pc + 0x8
core   0: 3 0x0000000080004000 (0x0080006f)
core   0: >>>>  mmode_exception_handler
core   0: 0x0000000080004008 (0x00002c17) auipc   s8, 0x2
core   0: 3 0x0000000080004008 (0x00002c17) x24 0x0000000080006008
core   0: 0x000000008000400c (0xffcc0c13) addi    s8, s8, -4
core   0: 3 0x000000008000400c (0xffcc0c13) x24 0x0000000080006004
core   0: 0x0000000080004010 (0x000c00e7) jalr    s8
core   0: 3 0x0000000080004010 (0x000c00e7) x1  0x0000000080004014
core   0: >>>>  any_handler
core   0: 0x0000000080006004 (0x341027f3) csrrs   a5, mepc, zero
core   0: 3 0x0000000080006004 (0x341027f3) x15 0x000000008000418c
core   0: 0x0000000080006008 (0x34202773) csrrs   a4, mcause, zero
core   0: 3 0x0000000080006008 (0x34202773) x14 0x0000000000000002
core   0: 0x000000008000600c (0x142026f3) csrrs   a3, scause, zero
core   0: 3 0x000000008000600c (0x142026f3) x13 0x0000000000000000
core   0: 0x0000000080006010 (0x30402673) csrrs   a2, mie, zero
core   0: 3 0x0000000080006010 (0x30402673) x12 0x0000000000000a00
core   0: 0x0000000080006014 (0x344025f3) csrrs   a1, mip, zero
core   0: 3 0x0000000080006014 (0x344025f3) x11 0x0000000000000080
core   0: 0x0000000080006018 (0x343025f3) csrrs   a1, mtval, zero
core   0: 3 0x0000000080006018 (0x343025f3) x11 0x00000000c057f173
core   0: 0x000000008000601c (0x14302573) csrrs   a0, stval, zero
core   0: 3 0x000000008000601c (0x14302573) x10 0x0000000000000000
core   0: 0x0000000080006020 (0xb02024f3) csrrs   s1, minstret, zero
core   0: 3 0x0000000080006020 (0xb02024f3) x9  0x0000000000000826
core   0: 0x0000000080006024 (0x0000a811) c.j     pc + 20
core   0: 3 0x0000000080006024 (0xa811)
core   0: >>>>  mepc_4
core   0: 0x0000000080006038 (0x00000791) c.addi  a5, 4
core   0: 3 0x0000000080006038 (0x0791) x15 0x0000000080004190
core   0: 0x000000008000603a (0x34179073) csrrw   zero, mepc, a5
core   0: 3 0x000000008000603a (0x34179073) c833_mepc 0x0000000080004190
core   0: 0x000000008000603e (0x30200073) mret
core   0: 3 0x000000008000603e (0x30200073) c768_mstatus 0x8000000a00106080
core   0: 0x0000000080004190 (0x41a88ebb) subw    t4, a7, s10
core   0: 1 0x0000000080004190 (0x41a88ebb) x29 0x0000000000000000
core   0: 0x0000000080004194 (0x03dd47bb) divw    a5, s10, t4
core   0: 1 0x0000000080004194 (0x03dd47bb) x15 0xffffffffffffffff
core   0: 0x0000000080004198 (0xc234fb53) fcvt.lu.d s6, fs1
core   0: 1 0x0000000080004198 (0xc234fb53) c1_fflags 0x0000000000000010 x22 0xffffffffffffffff
core   0: 0x000000008000419c (0xf125a5f3) csrrs   a1, marchid, a1
core   0: exception trap_illegal_instruction, epc 0x000000008000419c
core   0:           tval 0x00000000f125a5f3
core   0: >>>>  $xrv64i2p1_m2p0_a2p1_f2p2_d2p2_zicsr2p0_zifencei2p0_zmmul1p0_zba1p0_zbb1p0_zbc1p0_zbs1p0
core   0: 0x0000000080004000 (0x0080006f) j       pc + 0x8
core   0: 3 0x0000000080004000 (0x0080006f)
core   0: >>>>  mmode_exception_handler
core   0: 0x0000000080004008 (0x00002c17) auipc   s8, 0x2
core   0: 3 0x0000000080004008 (0x00002c17) x24 0x0000000080006008
core   0: 0x000000008000400c (0xffcc0c13) addi    s8, s8, -4
core   0: 3 0x000000008000400c (0xffcc0c13) x24 0x0000000080006004
core   0: 0x0000000080004010 (0x000c00e7) jalr    s8
core   0: 3 0x0000000080004010 (0x000c00e7) x1  0x0000000080004014
core   0: >>>>  any_handler
core   0: 0x0000000080006004 (0x341027f3) csrrs   a5, mepc, zero
core   0: 3 0x0000000080006004 (0x341027f3) x15 0x000000008000419c
core   0: 0x0000000080006008 (0x34202773) csrrs   a4, mcause, zero
core   0: 3 0x0000000080006008 (0x34202773) x14 0x0000000000000002
core   0: 0x000000008000600c (0x142026f3) csrrs   a3, scause, zero
core   0: 3 0x000000008000600c (0x142026f3) x13 0x0000000000000000
core   0: 0x0000000080006010 (0x30402673) csrrs   a2, mie, zero
core   0: 3 0x0000000080006010 (0x30402673) x12 0x0000000000000a00
core   0: 0x0000000080006014 (0x344025f3) csrrs   a1, mip, zero
core   0: 3 0x0000000080006014 (0x344025f3) x11 0x0000000000000080
core   0: 0x0000000080006018 (0x343025f3) csrrs   a1, mtval, zero
core   0: 3 0x0000000080006018 (0x343025f3) x11 0x00000000f125a5f3
core   0: 0x000000008000601c (0x14302573) csrrs   a0, stval, zero
core   0: 3 0x000000008000601c (0x14302573) x10 0x0000000000000000
core   0: 0x0000000080006020 (0xb02024f3) csrrs   s1, minstret, zero
core   0: 3 0x0000000080006020 (0xb02024f3) x9  0x0000000000000839
core   0: 0x0000000080006024 (0x0000a811) c.j     pc + 20
core   0: 3 0x0000000080006024 (0xa811)
core   0: >>>>  mepc_4
core   0: 0x0000000080006038 (0x00000791) c.addi  a5, 4
core   0: 3 0x0000000080006038 (0x0791) x15 0x00000000800041a0
core   0: 0x000000008000603a (0x34179073) csrrw   zero, mepc, a5
core   0: 3 0x000000008000603a (0x34179073) c833_mepc 0x00000000800041a0
core   0: 0x000000008000603e (0x30200073) mret
core   0: 3 0x000000008000603e (0x30200073) c768_mstatus 0x8000000a00106080
core   0: 0x00000000800041a0 (0x002027f3) csrrs   a5, frm, zero
core   0: 1 0x00000000800041a0 (0x002027f3) x15 0x0000000000000000
core   0: 0x00000000800041a4 (0x1b077b53) fdiv.d  fs6, fa4, fa6
core   0: 1 0x00000000800041a4 (0x1b077b53) f22 0x7ff8000000000000
core   0: 0x00000000800041a8 (0x7b072cf3) csrrs   s9, dcsr, a4
core   0: exception trap_illegal_instruction, epc 0x00000000800041a8
core   0:           tval 0x000000007b072cf3
core   0: >>>>  $xrv64i2p1_m2p0_a2p1_f2p2_d2p2_zicsr2p0_zifencei2p0_zmmul1p0_zba1p0_zbb1p0_zbc1p0_zbs1p0
core   0: 0x0000000080004000 (0x0080006f) j       pc + 0x8
core   0: 3 0x0000000080004000 (0x0080006f)
core   0: >>>>  mmode_exception_handler
core   0: 0x0000000080004008 (0x00002c17) auipc   s8, 0x2
core   0: 3 0x0000000080004008 (0x00002c17) x24 0x0000000080006008
core   0: 0x000000008000400c (0xffcc0c13) addi    s8, s8, -4
core   0: 3 0x000000008000400c (0xffcc0c13) x24 0x0000000080006004
core   0: 0x0000000080004010 (0x000c00e7) jalr    s8
core   0: 3 0x0000000080004010 (0x000c00e7) x1  0x0000000080004014
core   0: >>>>  any_handler
core   0: 0x0000000080006004 (0x341027f3) csrrs   a5, mepc, zero
core   0: 3 0x0000000080006004 (0x341027f3) x15 0x00000000800041a8
core   0: 0x0000000080006008 (0x34202773) csrrs   a4, mcause, zero
core   0: 3 0x0000000080006008 (0x34202773) x14 0x0000000000000002
core   0: 0x000000008000600c (0x142026f3) csrrs   a3, scause, zero
core   0: 3 0x000000008000600c (0x142026f3) x13 0x0000000000000000
core   0: 0x0000000080006010 (0x30402673) csrrs   a2, mie, zero
core   0: 3 0x0000000080006010 (0x30402673) x12 0x0000000000000a00
core   0: 0x0000000080006014 (0x344025f3) csrrs   a1, mip, zero
core   0: 3 0x0000000080006014 (0x344025f3) x11 0x0000000000000080
core   0: 0x0000000080006018 (0x343025f3) csrrs   a1, mtval, zero
core   0: 3 0x0000000080006018 (0x343025f3) x11 0x000000007b072cf3
core   0: 0x000000008000601c (0x14302573) csrrs   a0, stval, zero
core   0: 3 0x000000008000601c (0x14302573) x10 0x0000000000000000
core   0: 0x0000000080006020 (0xb02024f3) csrrs   s1, minstret, zero
core   0: 3 0x0000000080006020 (0xb02024f3) x9  0x000000000000084b
core   0: 0x0000000080006024 (0x0000a811) c.j     pc + 20
core   0: 3 0x0000000080006024 (0xa811)
core   0: >>>>  mepc_4
core   0: 0x0000000080006038 (0x00000791) c.addi  a5, 4
core   0: 3 0x0000000080006038 (0x0791) x15 0x00000000800041ac
core   0: 0x000000008000603a (0x34179073) csrrw   zero, mepc, a5
core   0: 3 0x000000008000603a (0x34179073) c833_mepc 0x00000000800041ac
core   0: 0x000000008000603e (0x30200073) mret
core   0: 3 0x000000008000603e (0x30200073) c768_mstatus 0x8000000a00106080
core   0: 0x00000000800041ac (0x34015df3) csrrwi  s11, mscratch, 2
core   0: exception trap_illegal_instruction, epc 0x00000000800041ac
core   0:           tval 0x0000000034015df3
core   0: >>>>  $xrv64i2p1_m2p0_a2p1_f2p2_d2p2_zicsr2p0_zifencei2p0_zmmul1p0_zba1p0_zbb1p0_zbc1p0_zbs1p0
core   0: 0x0000000080004000 (0x0080006f) j       pc + 0x8
core   0: 3 0x0000000080004000 (0x0080006f)
core   0: >>>>  mmode_exception_handler
core   0: 0x0000000080004008 (0x00002c17) auipc   s8, 0x2
core   0: 3 0x0000000080004008 (0x00002c17) x24 0x0000000080006008
core   0: 0x000000008000400c (0xffcc0c13) addi    s8, s8, -4
core   0: 3 0x000000008000400c (0xffcc0c13) x24 0x0000000080006004
core   0: 0x0000000080004010 (0x000c00e7) jalr    s8
core   0: 3 0x0000000080004010 (0x000c00e7) x1  0x0000000080004014
core   0: >>>>  any_handler
core   0: 0x0000000080006004 (0x341027f3) csrrs   a5, mepc, zero
core   0: 3 0x0000000080006004 (0x341027f3) x15 0x00000000800041ac
core   0: 0x0000000080006008 (0x34202773) csrrs   a4, mcause, zero
core   0: 3 0x0000000080006008 (0x34202773) x14 0x0000000000000002
core   0: 0x000000008000600c (0x142026f3) csrrs   a3, scause, zero
core   0: 3 0x000000008000600c (0x142026f3) x13 0x0000000000000000
core   0: 0x0000000080006010 (0x30402673) csrrs   a2, mie, zero
core   0: 3 0x0000000080006010 (0x30402673) x12 0x0000000000000a00
core   0: 0x0000000080006014 (0x344025f3) csrrs   a1, mip, zero
core   0: 3 0x0000000080006014 (0x344025f3) x11 0x0000000000000080
core   0: 0x0000000080006018 (0x343025f3) csrrs   a1, mtval, zero
core   0: 3 0x0000000080006018 (0x343025f3) x11 0x0000000034015df3
core   0: 0x000000008000601c (0x14302573) csrrs   a0, stval, zero
core   0: 3 0x000000008000601c (0x14302573) x10 0x0000000000000000
core   0: 0x0000000080006020 (0xb02024f3) csrrs   s1, minstret, zero
core   0: 3 0x0000000080006020 (0xb02024f3) x9  0x000000000000085b
core   0: 0x0000000080006024 (0x0000a811) c.j     pc + 20
core   0: 3 0x0000000080006024 (0xa811)
core   0: >>>>  mepc_4
core   0: 0x0000000080006038 (0x00000791) c.addi  a5, 4
core   0: 3 0x0000000080006038 (0x0791) x15 0x00000000800041b0
core   0: 0x000000008000603a (0x34179073) csrrw   zero, mepc, a5
core   0: 3 0x000000008000603a (0x34179073) c833_mepc 0x00000000800041b0
core   0: 0x000000008000603e (0x30200073) mret
core   0: 3 0x000000008000603e (0x30200073) c768_mstatus 0x8000000a00106080
core   0: 0x00000000800041b0 (0x03b4f533) remu    a0, s1, s11
core   0: 1 0x00000000800041b0 (0x03b4f533) x10 0x000000000000000b
core   0: 0x00000000800041b4 (0x768d7193) andi    gp, s10, 1896
core   0: 1 0x00000000800041b4 (0x768d7193) x3  0x0000000000000000
core   0: 0x00000000800041b8 (0x00418ebb) addw    t4, gp, tp
core   0: 1 0x00000000800041b8 (0x00418ebb) x29 0xffffffff88ee612e
core   0: 0x00000000800041bc (0x03291e33) mulh    t3, s2, s2
core   0: 1 0x00000000800041bc (0x03291e33) x28 0x0000000000000000
core   0: 0x00000000800041c0 (0x030d813b) mulw    sp, s11, a6
core   0: 1 0x00000000800041c0 (0x030d813b) x2  0x0000000000000000
core   0: 0x00000000800041c4 (0xd21e09d3) fcvt.d.wu fs3, t3
core   0: 1 0x00000000800041c4 (0xd21e09d3) f19 0x0000000000000000
core   0: 0x00000000800041c8 (0x00e483bb) addw    t2, s1, a4
core   0: 1 0x00000000800041c8 (0x00e483bb) x7  0x000000000000085d
core   0: 0x00000000800041cc (0xf2098553) fmv.d.x fa0, s3
core   0: 1 0x00000000800041cc (0xf2098553) f10 0x0000000000000000
core   0: 0x00000000800041d0 (0x00a3eb33) or      s6, t2, a0
core   0: 1 0x00000000800041d0 (0x00a3eb33) x22 0x000000000000085f
core   0: 0x00000000800041d4 (0xe20b9653) fclass.d a2, fs7
core   0: 1 0x00000000800041d4 (0xe20b9653) x12 0x0000000000000200
core   0: 0x00000000800041d8 (0x01189c13) slli    s8, a7, 17
core   0: 1 0x00000000800041d8 (0x01189c13) x24 0x0000000000000000
core   0: 0x00000000800041dc (0x03104b3b) divw    s6, zero, a7
core   0: 1 0x00000000800041dc (0x03104b3b) x22 0xffffffffffffffff
core   0: 0x00000000800041e0 (0x00661333) sll     t1, a2, t1
core   0: 1 0x00000000800041e0 (0x00661333) x6  0x0000000000000000
core   0: 0x00000000800041e4 (0x003b5293) srli    t0, s6, 3
core   0: 1 0x00000000800041e4 (0x003b5293) x5  0x1fffffffffffffff
core   0: 0x00000000800041e8 (0x9baf7d4b) fnmsub.d fs10, ft10, fs10, fs3
core   0: 1 0x00000000800041e8 (0x9baf7d4b) f26 0x7ff8000000000000
core   0: 0x00000000800041ec (0x00000001) c.nop
core   0: 1 0x00000000800041ec (0x0001)
core   0: 0x00000000800041ee (0x0082ec33) or      s8, t0, s0
core   0: 1 0x00000000800041ee (0x0082ec33) x24 0x1fffffffffffffff
core   0: 0x00000000800041f2 (0x0072d333) srl     t1, t0, t2
core   0: 1 0x00000000800041f2 (0x0072d333) x6  0x00000000ffffffff
core   0: 0x00000000800041f6 (0x42000c53) fcvt.d.s fs8, ft0
core   0: 1 0x00000000800041f6 (0x42000c53) f24 0x0000000000000000
core   0: 0x00000000800041fa (0x01aa5d3b) srlw    s10, s4, s10
core   0: 1 0x00000000800041fa (0x01aa5d3b) x26 0xffffffff8006dfd1
core   0: 0x00000000800041fe (0x2a700e53) fmin.d  ft8, ft0, ft7
core   0: 1 0x00000000800041fe (0x2a700e53) f28 0x8000000000000000
core   0: 0x0000000080004202 (0x011a4233) xor     tp, s4, a7
core   0: 1 0x0000000080004202 (0x011a4233) x4  0xffffffff8006dfd1
core   0: 0x0000000080004206 (0x00077e13) andi    t3, a4, 0
core   0: 1 0x0000000080004206 (0x00077e13) x28 0x0000000000000000
core   0: 0x000000008000420a (0xc21d76d3) fcvt.wu.d a3, fs10
core   0: 1 0x000000008000420a (0xc21d76d3) c1_fflags 0x0000000000000010 x13 0xffffffffffffffff
core   0: 0x000000008000420e (0x017d09bb) addw    s3, s10, s7
core   0: 1 0x000000008000420e (0x017d09bb) x19 0x000000007ffedfc0
core   0: 0x0000000080004212 (0x03db6b3b) remw    s6, s6, t4
core   0: 1 0x0000000080004212 (0x03db6b3b) x22 0xffffffffffffffff
core   0: 0x0000000080004216 (0x40bb55bb) sraw    a1, s6, a1
core   0: 1 0x0000000080004216 (0x40bb55bb) x11 0xffffffffffffffff
core   0: 0x000000008000421a (0x13707bd3) fmul.d  fs7, ft0, fs7
core   0: 1 0x000000008000421a (0x13707bd3) f23 0x7ff8000000000000
core   0: 0x000000008000421e (0x12807b53) fmul.d  fs6, ft0, fs0
core   0: 1 0x000000008000421e (0x12807b53) f22 0x7ff8000000000000
core   0: 0x0000000080004222 (0x00102a73) csrrs   s4, fflags, zero
core   0: 1 0x0000000080004222 (0x00102a73) x20 0x0000000000000010
core   0: 0x0000000080004226 (0xe20b0b53) fmv.x.d s6, fs6
core   0: 1 0x0000000080004226 (0xe20b0b53) x22 0x7ff8000000000000
core   0: 0x000000008000422a (0x00b9929b) slliw   t0, s3, 11
core   0: 1 0x000000008000422a (0x00b9929b) x5  0xfffffffff6fe0000
core   0: 0x000000008000422e (0xd2138353) fcvt.d.wu ft6, t2
core   0: 1 0x000000008000422e (0xd2138353) f6  0x40a0ba0000000000
core   0: 0x0000000080004232 (0xa2658253) fle.d   tp, fa1, ft6
core   0: 1 0x0000000080004232 (0xa2658253) c1_fflags 0x0000000000000010 x4  0x0000000000000000
core   0: 0x0000000080004236 (0x4004d69b) sraiw   a3, s1, 0
core   0: 1 0x0000000080004236 (0x4004d69b) x13 0x000000000000085b
core   0: 0x000000008000423a (0x0326e4b3) rem     s1, a3, s2
core   0: 1 0x000000008000423a (0x0326e4b3) x9  0x0000000000000087
core   0: 0x000000008000423e (0x00000001) c.nop
core   0: 1 0x000000008000423e (0x0001)
core   0: 0x0000000080004240 (0x0228f033) remu    zero, a7, sp
core   0: 1 0x0000000080004240 (0x0228f033)
core   0: 0x0000000080004244 (0xfa17f937) lui     s2, 0xfa17f
core   0: 1 0x0000000080004244 (0xfa17f937) x18 0xfffffffffa17f000
core   0: 0x0000000080004248 (0x9e99091b) addiw   s2, s2, -1559
core   0: 1 0x0000000080004248 (0x9e99091b) x18 0xfffffffffa17e9e9
core   0: 0x000000008000424c (0x00000932) c.slli  s2, 12
core   0: 1 0x000000008000424c (0x0932) x18 0xffffffa17e9e9000
core   0: 0x000000008000424e (0xce690913) addi    s2, s2, -794
core   0: 1 0x000000008000424e (0xce690913) x18 0xffffffa17e9e8ce6
core   0: 0x0000000080004252 (0x02006ebb) remw    t4, zero, zero
core   0: 1 0x0000000080004252 (0x02006ebb) x29 0x0000000000000000
core   0: 0x0000000080004256 (0x001470b3) and     ra, s0, ra
core   0: 1 0x0000000080004256 (0x001470b3) x1  0x0000000000000000
core   0: 0x000000008000425a (0x0348deb3) divu    t4, a7, s4
core   0: 1 0x000000008000425a (0x0348deb3) x29 0x0000000000000000
core   0: 0x000000008000425e (0x8004891b) addiw   s2, s1, -2048
core   0: 1 0x000000008000425e (0x8004891b) x18 0xfffffffffffff887
core   0: 0x0000000080004262 (0x6bf001b7) lui     gp, 0x6bf00
core   0: 1 0x0000000080004262 (0x6bf001b7) x3  0x000000006bf00000
core   0: 0x0000000080004266 (0x00049b13) slli    s6, s1, 0
core   0: 1 0x0000000080004266 (0x00049b13) x22 0x0000000000000087
core   0: 0x000000008000426a (0x0349ba33) mulhu   s4, s3, s4
core   0: 1 0x000000008000426a (0x0349ba33) x20 0x0000000000000000
core   0: 0x000000008000426e (0x0332f0bb) remuw   ra, t0, s3
core   0: 1 0x000000008000426e (0x0332f0bb) x1  0x0000000076ff2040
core   0: 0x0000000080004272 (0x2ae71753) fmax.d  fa4, fa4, fa4
core   0: 1 0x0000000080004272 (0x2ae71753) f14 0x7ff8000000000000
core   0: 0x0000000080004276 (0xf20c0b53) fmv.d.x fs6, s8
core   0: 1 0x0000000080004276 (0xf20c0b53) f22 0x1fffffffffffffff
core   0: 0x000000008000427a (0xc05b58f3) csrrwi  a7, hpmcounter5, 22
core   0: exception trap_illegal_instruction, epc 0x000000008000427a
core   0:           tval 0x00000000c05b58f3
core   0: >>>>  $xrv64i2p1_m2p0_a2p1_f2p2_d2p2_zicsr2p0_zifencei2p0_zmmul1p0_zba1p0_zbb1p0_zbc1p0_zbs1p0
core   0: 0x0000000080004000 (0x0080006f) j       pc + 0x8
core   0: 3 0x0000000080004000 (0x0080006f)
core   0: >>>>  mmode_exception_handler
core   0: 0x0000000080004008 (0x00002c17) auipc   s8, 0x2
core   0: 3 0x0000000080004008 (0x00002c17) x24 0x0000000080006008
core   0: 0x000000008000400c (0xffcc0c13) addi    s8, s8, -4
core   0: 3 0x000000008000400c (0xffcc0c13) x24 0x0000000080006004
core   0: 0x0000000080004010 (0x000c00e7) jalr    s8
core   0: 3 0x0000000080004010 (0x000c00e7) x1  0x0000000080004014
core   0: >>>>  any_handler
core   0: 0x0000000080006004 (0x341027f3) csrrs   a5, mepc, zero
core   0: 3 0x0000000080006004 (0x341027f3) x15 0x000000008000427a
core   0: 0x0000000080006008 (0x34202773) csrrs   a4, mcause, zero
core   0: 3 0x0000000080006008 (0x34202773) x14 0x0000000000000002
core   0: 0x000000008000600c (0x142026f3) csrrs   a3, scause, zero
core   0: 3 0x000000008000600c (0x142026f3) x13 0x0000000000000000
core   0: 0x0000000080006010 (0x30402673) csrrs   a2, mie, zero
core   0: 3 0x0000000080006010 (0x30402673) x12 0x0000000000000a00
core   0: 0x0000000080006014 (0x344025f3) csrrs   a1, mip, zero
core   0: 3 0x0000000080006014 (0x344025f3) x11 0x0000000000000080
core   0: 0x0000000080006018 (0x343025f3) csrrs   a1, mtval, zero
core   0: 3 0x0000000080006018 (0x343025f3) x11 0x00000000c05b58f3
core   0: 0x000000008000601c (0x14302573) csrrs   a0, stval, zero
core   0: 3 0x000000008000601c (0x14302573) x10 0x0000000000000000
core   0: 0x0000000080006020 (0xb02024f3) csrrs   s1, minstret, zero
core   0: 3 0x0000000080006020 (0xb02024f3) x9  0x000000000000089f
core   0: 0x0000000080006024 (0x0000a811) c.j     pc + 20
core   0: 3 0x0000000080006024 (0xa811)
core   0: >>>>  mepc_4
core   0: 0x0000000080006038 (0x00000791) c.addi  a5, 4
core   0: 3 0x0000000080006038 (0x0791) x15 0x000000008000427e
core   0: 0x000000008000603a (0x34179073) csrrw   zero, mepc, a5
core   0: 3 0x000000008000603a (0x34179073) c833_mepc 0x000000008000427e
core   0: 0x000000008000603e (0x30200073) mret
core   0: 3 0x000000008000603e (0x30200073) c768_mstatus 0x8000000a00106080
core   0: 0x000000008000427e (0x0ff0000f) fence   iorw,iorw
core   0: 1 0x000000008000427e (0x0ff0000f)
core   0: 0x0000000080004282 (0xc234f9d3) fcvt.lu.d s3, fs1
core   0: 1 0x0000000080004282 (0xc234f9d3) c1_fflags 0x0000000000000010 x19 0xffffffffffffffff
core   0: 0x0000000080004286 (0x000d139b) slliw   t2, s10, 0
core   0: 1 0x0000000080004286 (0x000d139b) x7  0xffffffff8006dfd1
core   0: 0x000000008000428a (0x0a337353) fsub.d  ft6, ft6, ft3
core   0: 1 0x000000008000428a (0x0a337353) f6  0x7ff8000000000000
core   0: 0x000000008000428e (0x41d1deb3) sra     t4, gp, t4
core   0: 1 0x000000008000428e (0x41d1deb3) x29 0x000000006bf00000
core   0: 0x0000000080004292 (0xd21780d3) fcvt.d.wu ft1, a5
core   0: 1 0x0000000080004292 (0xd21780d3) f1  0x41e000084fc00000
core   0: 0x0000000080004296 (0x02cb79b3) remu    s3, s6, a2
core   0: 1 0x0000000080004296 (0x02cb79b3) x19 0x0000000000000087
core   0: 0x000000008000429a (0xd0347f53) fcvt.s.lu ft10, s0
core   0: 1 0x000000008000429a (0xd0347f53) f30 0xffffffff00000000
core   0: 0x000000008000429e (0x012d9213) slli    tp, s11, 18
core   0: 1 0x000000008000429e (0x012d9213) x4  0x0000000000400000
core   0: 0x00000000800042a2 (0x42060a53) fcvt.d.s fs4, fa2
core   0: 1 0x00000000800042a2 (0x42060a53) f20 0x7ff8000000000000
core   0: 0x00000000800042a6 (0xa2e600d3) fle.d   ra, fa2, fa4
core   0: 1 0x00000000800042a6 (0xa2e600d3) c1_fflags 0x0000000000000010 x1  0x0000000000000000
core   0: 0x00000000800042aa (0x012c02bb) addw    t0, s8, s2
core   0: 1 0x00000000800042aa (0x012c02bb) x5  0xffffffff8000588b
core   0: 0x00000000800042ae (0xd231f053) fcvt.d.lu ft0, gp
core   0: 1 0x00000000800042ae (0xd231f053) f0  0x41dafc0000000000
core   0: 0x00000000800042b2 (0x1b1df8d3) fdiv.d  fa7, fs11, fa7
core   0: 1 0x00000000800042b2 (0x1b1df8d3) f17 0x7ff8000000000000
core   0: 0x00000000800042b6 (0x8b4a704b) fnmsub.d ft0, fs4, fs4, fa7
core   0: 1 0x00000000800042b6 (0x8b4a704b) f0  0x7ff8000000000000
core   0: 0x00000000800042ba (0xf1117173) csrrci  sp, mvendorid, 2
core   0: exception trap_illegal_instruction, epc 0x00000000800042ba
core   0:           tval 0x00000000f1117173
core   0: >>>>  $xrv64i2p1_m2p0_a2p1_f2p2_d2p2_zicsr2p0_zifencei2p0_zmmul1p0_zba1p0_zbb1p0_zbc1p0_zbs1p0
core   0: 0x0000000080004000 (0x0080006f) j       pc + 0x8
core   0: 3 0x0000000080004000 (0x0080006f)
core   0: >>>>  mmode_exception_handler
core   0: 0x0000000080004008 (0x00002c17) auipc   s8, 0x2
core   0: 3 0x0000000080004008 (0x00002c17) x24 0x0000000080006008
core   0: 0x000000008000400c (0xffcc0c13) addi    s8, s8, -4
core   0: 3 0x000000008000400c (0xffcc0c13) x24 0x0000000080006004
core   0: 0x0000000080004010 (0x000c00e7) jalr    s8
core   0: 3 0x0000000080004010 (0x000c00e7) x1  0x0000000080004014
core   0: >>>>  any_handler
core   0: 0x0000000080006004 (0x341027f3) csrrs   a5, mepc, zero
core   0: 3 0x0000000080006004 (0x341027f3) x15 0x00000000800042ba
core   0: 0x0000000080006008 (0x34202773) csrrs   a4, mcause, zero
core   0: 3 0x0000000080006008 (0x34202773) x14 0x0000000000000002
core   0: 0x000000008000600c (0x142026f3) csrrs   a3, scause, zero
core   0: 3 0x000000008000600c (0x142026f3) x13 0x0000000000000000
core   0: 0x0000000080006010 (0x30402673) csrrs   a2, mie, zero
core   0: 3 0x0000000080006010 (0x30402673) x12 0x0000000000000a00
core   0: 0x0000000080006014 (0x344025f3) csrrs   a1, mip, zero
core   0: 3 0x0000000080006014 (0x344025f3) x11 0x0000000000000080
core   0: 0x0000000080006018 (0x343025f3) csrrs   a1, mtval, zero
core   0: 3 0x0000000080006018 (0x343025f3) x11 0x00000000f1117173
core   0: 0x000000008000601c (0x14302573) csrrs   a0, stval, zero
core   0: 3 0x000000008000601c (0x14302573) x10 0x0000000000000000
core   0: 0x0000000080006020 (0xb02024f3) csrrs   s1, minstret, zero
core   0: 3 0x0000000080006020 (0xb02024f3) x9  0x00000000000008be
core   0: 0x0000000080006024 (0x0000a811) c.j     pc + 20
core   0: 3 0x0000000080006024 (0xa811)
core   0: >>>>  mepc_4
core   0: 0x0000000080006038 (0x00000791) c.addi  a5, 4
core   0: 3 0x0000000080006038 (0x0791) x15 0x00000000800042be
core   0: 0x000000008000603a (0x34179073) csrrw   zero, mepc, a5
core   0: 3 0x000000008000603a (0x34179073) c833_mepc 0x00000000800042be
core   0: 0x000000008000603e (0x30200073) mret
core   0: 3 0x000000008000603e (0x30200073) c768_mstatus 0x8000000a00106080
core   0: 0x00000000800042be (0xd03efed3) fcvt.s.lu ft9, t4
core   0: 1 0x00000000800042be (0xd03efed3) f29 0xffffffff4ed7e000
core   0: 0x00000000800042c2 (0xa2ca784f) fnmadd.d fa6, fs4, fa2, fs4
core   0: 1 0x00000000800042c2 (0xa2ca784f) f16 0x7ff8000000000000
core   0: 0x00000000800042c6 (0x4a0dfdc7) fmsub.d fs11, fs11, ft0, fs1
core   0: 1 0x00000000800042c6 (0x4a0dfdc7) f27 0x7ff8000000000000
core   0: 0x00000000800042ca (0xa34e09d3) fle.d   s3, ft8, fs4
core   0: 1 0x00000000800042ca (0xa34e09d3) c1_fflags 0x0000000000000010 x19 0x0000000000000000
core   0: 0x00000000800042ce (0x40d6dabb) sraw    s5, a3, a3
core   0: 1 0x00000000800042ce (0x40d6dabb) x21 0x0000000000000000
core   0: 0x00000000800042d2 (0x4059d9bb) sraw    s3, s3, t0
core   0: 1 0x00000000800042d2 (0x4059d9bb) x19 0x0000000000000000
core   0: 0x00000000800042d6 (0xd22c7ad3) fcvt.d.l fs5, s8
core   0: 1 0x00000000800042d6 (0xd22c7ad3) f21 0x41e0000c00800000
core   0: 0x00000000800042da (0xd22c7253) fcvt.d.l ft4, s8
core   0: 1 0x00000000800042da (0xd22c7253) f4  0x41e0000c00800000
core   0: 0x00000000800042de (0xd02e7c53) fcvt.s.l fs8, t3
core   0: 1 0x00000000800042de (0xd02e7c53) f24 0xffffffff00000000
core   0: 0x00000000800042e2 (0x5b65fccf) fnmadd.d fs9, fa1, fs6, fa1
core   0: 1 0x00000000800042e2 (0x5b65fccf) f25 0x7ff8000000000000
core   0: 0x00000000800042e6 (0x0389dbb3) divu    s7, s3, s8
core   0: 1 0x00000000800042e6 (0x0389dbb3) x23 0x0000000000000000
core   0: 0x00000000800042ea (0x01571633) sll     a2, a4, s5
core   0: 1 0x00000000800042ea (0x01571633) x12 0x0000000000000002
core   0: 0x00000000800042ee (0x0276b3b3) mulhu   t2, a3, t2
core   0: 1 0x00000000800042ee (0x0276b3b3) x7  0x0000000000000000
core   0: 0x00000000800042f2 (0x41a7593b) sraw    s2, a4, s10
core   0: 1 0x00000000800042f2 (0x41a7593b) x18 0x0000000000000000
core   0: 0x00000000800042f6 (0x00bad813) srli    a6, s5, 11
core   0: 1 0x00000000800042f6 (0x00bad813) x16 0x0000000000000000
core   0: 0x00000000800042fa (0xc23d7a53) fcvt.lu.d s4, fs10
core   0: 1 0x00000000800042fa (0xc23d7a53) c1_fflags 0x0000000000000010 x20 0xffffffffffffffff
core   0: 0x00000000800042fe (0xc22d7553) fcvt.l.d a0, fs10
core   0: 1 0x00000000800042fe (0xc22d7553) c1_fflags 0x0000000000000010 x10 0x7fffffffffffffff
core   0: 0x0000000080004302 (0x10023273) csrrc   tp, sstatus, tp
core   0: 1 0x0000000080004302 (0x10023273) x4  0x8000000200006000 c768_mstatus 0x8000000a00106080
core   0: 0x0000000080004306 (0x002021f3) csrrs   gp, frm, zero
core   0: 1 0x0000000080004306 (0x002021f3) x3  0x0000000000000000
core   0: 0x000000008000430a (0xe20d0ed3) fmv.x.d t4, fs10
core   0: 1 0x000000008000430a (0xe20d0ed3) x29 0x7ff8000000000000
core   0: 0x000000008000430e (0x4138083b) subw    a6, a6, s3
core   0: 1 0x000000008000430e (0x4138083b) x16 0x0000000000000000
core   0: 0x0000000080004312 (0x03019033) mulh    zero, gp, a6
core   0: 1 0x0000000080004312 (0x03019033)
core   0: 0x0000000080004316 (0x00000001) c.nop
core   0: 1 0x0000000080004316 (0x0001)
core   0: 0x0000000080004318 (0x020122b3) mulhsu  t0, sp, zero
core   0: 1 0x0000000080004318 (0x020122b3) x5  0x0000000000000000
core   0: 0x000000008000431c (0x005a4a33) xor     s4, s4, t0
core   0: 1 0x000000008000431c (0x005a4a33) x20 0xffffffffffffffff
core   0: 0x0000000080004320 (0x031b1cb3) mulh    s9, s6, a7
core   0: 1 0x0000000080004320 (0x031b1cb3) x25 0x0000000000000000
core   0: 0x0000000080004324 (0x417e5293) srai    t0, t3, 23
core   0: 1 0x0000000080004324 (0x417e5293) x5  0x0000000000000000
core   0: 0x0000000080004328 (0x0052523b) srlw    tp, tp, t0
core   0: 1 0x0000000080004328 (0x0052523b) x4  0x0000000000006000
core   0: 0x000000008000432c (0x0000101b) slliw   zero, zero, 0
core   0: 1 0x000000008000432c (0x0000101b)
core   0: 0x0000000080004330 (0x013ac733) xor     a4, s5, s3
core   0: 1 0x0000000080004330 (0x013ac733) x14 0x0000000000000000
core   0: 0x0000000080004334 (0xc02b75d3) fcvt.l.s a1, fs6
core   0: 1 0x0000000080004334 (0xc02b75d3) c1_fflags 0x0000000000000010 x11 0x7fffffffffffffff
core   0: 0x0000000080004338 (0x01d59933) sll     s2, a1, t4
core   0: 1 0x0000000080004338 (0x01d59933) x18 0x7fffffffffffffff
core   0: 0x000000008000433c (0xd025fed3) fcvt.s.l ft9, a1
core   0: 1 0x000000008000433c (0xd025fed3) c1_fflags 0x0000000000000011 f29 0xffffffff5f000000
core   0: 0x0000000080004340 (0x006ed6bb) srlw    a3, t4, t1
core   0: 1 0x0000000080004340 (0x006ed6bb) x13 0x0000000000000000
core   0: 0x0000000080004344 (0x182c6c13) ori     s8, s8, 386
core   0: 1 0x0000000080004344 (0x182c6c13) x24 0x0000000080006186
core   0: 0x0000000080004348 (0x2644b897) auipc   a7, 0x2644b
core   0: 1 0x0000000080004348 (0x2644b897) x17 0x00000000a644f348
core   0: 0x000000008000434c (0x4026d8bb) sraw    a7, a3, sp
core   0: 1 0x000000008000434c (0x4026d8bb) x17 0x0000000000000000
core   0: 0x0000000080004350 (0x1392f14f) fnmadd.d ft2, ft5, fs9, ft2
core   0: 1 0x0000000080004350 (0x1392f14f) f2  0x7ff8000000000000
core   0: 0x0000000080004354 (0x1048b673) csrrc   a2, sie, a7
core   0: 1 0x0000000080004354 (0x1048b673) x12 0x0000000000000000 c772_mie 0x0000000000000a00
core   0: 0x0000000080004358 (0x004202b3) add     t0, tp, tp
core   0: 1 0x0000000080004358 (0x004202b3) x5  0x000000000000c000
core   0: 0x000000008000435c (0x035e9593) slli    a1, t4, 53
core   0: 1 0x000000008000435c (0x035e9593) x11 0x0000000000000000
core   0: 0x0000000080004360 (0x001b1373) csrrw   t1, fflags, s6
core   0: 1 0x0000000080004360 (0x001b1373) x6  0x0000000000000011 c1_fflags 0x0000000000000007
core   0: 0x0000000080004364 (0x02da6d33) rem     s10, s4, a3
core   0: 1 0x0000000080004364 (0x02da6d33) x26 0xffffffffffffffff
core   0: 0x0000000080004368 (0x40157353) fcvt.s.d ft6, fa0
core   0: 1 0x0000000080004368 (0x40157353) f6  0xffffffff00000000
core   0: 0x000000008000436c (0x00bc89bb) addw    s3, s9, a1
core   0: 1 0x000000008000436c (0x00bc89bb) x19 0x0000000000000000
core   0: 0x0000000080004370 (0x22cf86d3) fsgnj.d fa3, ft11, fa2
core   0: 1 0x0000000080004370 (0x22cf86d3) f13 0x7fffffff00000000
core   0: 0x0000000080004374 (0x0303f3d3) fadd.d  ft7, ft7, fa6
core   0: 1 0x0000000080004374 (0x0303f3d3) f7  0x7ff8000000000000
core   0: 0x0000000080004378 (0xc23d7153) fcvt.lu.d sp, fs10
core   0: 1 0x0000000080004378 (0xc23d7153) c1_fflags 0x0000000000000017 x2  0xffffffffffffffff
core   0: 0x000000008000437c (0x402c5a33) sra     s4, s8, sp
core   0: 1 0x000000008000437c (0x402c5a33) x20 0x0000000000000000
core   0: 0x0000000080004380 (0x4018ffd3) fcvt.s.d ft11, fa7
core   0: 1 0x0000000080004380 (0x4018ffd3) f31 0xffffffff7fc00000
core   0: 0x0000000080004384 (0x34206773) csrrsi  a4, mcause, 0
core   0: exception trap_illegal_instruction, epc 0x0000000080004384
core   0:           tval 0x0000000034206773
core   0: >>>>  $xrv64i2p1_m2p0_a2p1_f2p2_d2p2_zicsr2p0_zifencei2p0_zmmul1p0_zba1p0_zbb1p0_zbc1p0_zbs1p0
core   0: 0x0000000080004000 (0x0080006f) j       pc + 0x8
core   0: 3 0x0000000080004000 (0x0080006f)
core   0: >>>>  mmode_exception_handler
core   0: 0x0000000080004008 (0x00002c17) auipc   s8, 0x2
core   0: 3 0x0000000080004008 (0x00002c17) x24 0x0000000080006008
core   0: 0x000000008000400c (0xffcc0c13) addi    s8, s8, -4
core   0: 3 0x000000008000400c (0xffcc0c13) x24 0x0000000080006004
core   0: 0x0000000080004010 (0x000c00e7) jalr    s8
core   0: 3 0x0000000080004010 (0x000c00e7) x1  0x0000000080004014
core   0: >>>>  any_handler
core   0: 0x0000000080006004 (0x341027f3) csrrs   a5, mepc, zero
core   0: 3 0x0000000080006004 (0x341027f3) x15 0x0000000080004384
core   0: 0x0000000080006008 (0x34202773) csrrs   a4, mcause, zero
core   0: 3 0x0000000080006008 (0x34202773) x14 0x0000000000000002
core   0: 0x000000008000600c (0x142026f3) csrrs   a3, scause, zero
core   0: 3 0x000000008000600c (0x142026f3) x13 0x0000000000000000
core   0: 0x0000000080006010 (0x30402673) csrrs   a2, mie, zero
core   0: 3 0x0000000080006010 (0x30402673) x12 0x0000000000000a00
core   0: 0x0000000080006014 (0x344025f3) csrrs   a1, mip, zero
core   0: 3 0x0000000080006014 (0x344025f3) x11 0x0000000000000080
core   0: 0x0000000080006018 (0x343025f3) csrrs   a1, mtval, zero
core   0: 3 0x0000000080006018 (0x343025f3) x11 0x0000000034206773
core   0: 0x000000008000601c (0x14302573) csrrs   a0, stval, zero
core   0: 3 0x000000008000601c (0x14302573) x10 0x0000000000000000
core   0: 0x0000000080006020 (0xb02024f3) csrrs   s1, minstret, zero
core   0: 3 0x0000000080006020 (0xb02024f3) x9  0x0000000000000900
core   0: 0x0000000080006024 (0x0000a811) c.j     pc + 20
core   0: 3 0x0000000080006024 (0xa811)
core   0: >>>>  mepc_4
core   0: 0x0000000080006038 (0x00000791) c.addi  a5, 4
core   0: 3 0x0000000080006038 (0x0791) x15 0x0000000080004388
core   0: 0x000000008000603a (0x34179073) csrrw   zero, mepc, a5
core   0: 3 0x000000008000603a (0x34179073) c833_mepc 0x0000000080004388
core   0: 0x000000008000603e (0x30200073) mret
core   0: 3 0x000000008000603e (0x30200073) c768_mstatus 0x8000000a00106080
core   0: 0x0000000080004388 (0x03509693) slli    a3, ra, 53
core   0: 1 0x0000000080004388 (0x03509693) x13 0x0280000000000000
core   0: 0x000000008000438c (0x002c9073) csrrw   zero, frm, s9
core   0: 1 0x000000008000438c (0x002c9073) c2_frm 0x0000000000000000
core   0: 0x0000000080004390 (0xfcb87c37) lui     s8, 0xfcb87
core   0: 1 0x0000000080004390 (0xfcb87c37) x24 0xfffffffffcb87000
core   0: 0x0000000080004394 (0x2d1c0c1b) addiw   s8, s8, 721
core   0: 1 0x0000000080004394 (0x2d1c0c1b) x24 0xfffffffffcb872d1
core   0: 0x0000000080004398 (0x00000c32) c.slli  s8, 12
core   0: 1 0x0000000080004398 (0x0c32) x24 0xffffffcb872d1000
core   0: 0x000000008000439a (0x2aec0c13) addi    s8, s8, 686
core   0: 1 0x000000008000439a (0x2aec0c13) x24 0xffffffcb872d12ae
core   0: 0x000000008000439e (0x00104733) xor     a4, zero, ra
core   0: 1 0x000000008000439e (0x00104733) x14 0x0000000080004014
core   0: 0x00000000800043a2 (0x017c14b3) sll     s1, s8, s7
core   0: 1 0x00000000800043a2 (0x017c14b3) x9  0xffffffcb872d12ae
core   0: 0x00000000800043a6 (0x1afd7d53) fdiv.d  fs10, fs10, fa5
core   0: 1 0x00000000800043a6 (0x1afd7d53) f26 0x7ff8000000000000
core   0: 0x00000000800043aa (0x00000001) c.nop
core   0: 1 0x00000000800043aa (0x0001)
core   0: 0x00000000800043ac (0xe3cdfdc3) fmadd.d fs11, fs11, ft8, ft8
core   0: 1 0x00000000800043ac (0xe3cdfdc3) f27 0x7ff8000000000000
core   0: 0x00000000800043b0 (0x409b8133) sub     sp, s7, s1
core   0: 1 0x00000000800043b0 (0x409b8133) x2  0x0000003478d2ed52
core   0: 0x00000000800043b4 (0x40e3863b) subw    a2, t2, a4
core   0: 1 0x00000000800043b4 (0x40e3863b) x12 0x000000007fffbfec
core   0: 0x00000000800043b8 (0x02a75933) divu    s2, a4, a0
core   0: 1 0x00000000800043b8 (0x02a75933) x18 0xffffffffffffffff
core   0: 0x00000000800043bc (0x815b4b93) xori    s7, s6, -2027
core   0: 1 0x00000000800043bc (0x815b4b93) x23 0xfffffffffffff892
core   0: 0x00000000800043c0 (0x4077d49b) sraiw   s1, a5, 7
core   0: 1 0x00000000800043c0 (0x4077d49b) x9  0xffffffffff000087
core   0: 0x00000000800043c4 (0x83b9f843) fmadd.d fa6, fs3, fs11, fa6
core   0: 1 0x00000000800043c4 (0x83b9f843) f16 0x7ff8000000000000
core   0: 0x00000000800043c8 (0x22c61ed3) fsgnjn.d ft9, fa2, fa2
core   0: 1 0x00000000800043c8 (0x22c61ed3) f29 0xfff8000000000000
core   0: 0x00000000800043cc (0xc027f453) fcvt.l.s s0, fa5
core   0: 1 0x00000000800043cc (0xc027f453) c1_fflags 0x0000000000000017 x8  0x7fffffffffffffff
core   0: 0x00000000800043d0 (0x00000001) c.nop
core   0: 1 0x00000000800043d0 (0x0001)
core   0: 0x00000000800043d2 (0xfff9c993) not     s3, s3
core   0: 1 0x00000000800043d2 (0xfff9c993) x19 0xffffffffffffffff
core   0: 0x00000000800043d6 (0x0aeeffcf) fnmadd.d ft11, ft9, fa4, ft1
core   0: 1 0x00000000800043d6 (0x0aeeffcf) f31 0x7ff8000000000000
core   0: 0x00000000800043da (0xe3b80a1b) addiw   s4, a6, -453
core   0: 1 0x00000000800043da (0xe3b80a1b) x20 0xfffffffffffffe3b
core   0: 0x00000000800043de (0x003b549b) srliw   s1, s6, 3
core   0: 1 0x00000000800043de (0x003b549b) x9  0x0000000000000010
core   0: 0x00000000800043e2 (0x007eadb3) slt     s11, t4, t2
core   0: 1 0x00000000800043e2 (0x007eadb3) x27 0x0000000000000000
core   0: 0x00000000800043e6 (0xd2098bd3) fcvt.d.w fs7, s3
core   0: 1 0x00000000800043e6 (0xd2098bd3) f23 0xbff0000000000000
core   0: 0x00000000800043ea (0xc224f953) fcvt.l.d s2, fs1
core   0: 1 0x00000000800043ea (0xc224f953) c1_fflags 0x0000000000000017 x18 0x7fffffffffffffff
core   0: 0x00000000800043ee (0x02603db3) mulhu   s11, zero, t1
core   0: 1 0x00000000800043ee (0x02603db3) x27 0x0000000000000000
core   0: 0x00000000800043f2 (0xc221f853) fcvt.l.d a6, ft3
core   0: 1 0x00000000800043f2 (0xc221f853) c1_fflags 0x0000000000000017 x16 0x7fffffffffffffff
core   0: 0x00000000800043f6 (0x00000001) c.nop
core   0: 1 0x00000000800043f6 (0x0001)
core   0: 0x00000000800043f8 (0x0160b137) lui     sp, 0x160b
core   0: 1 0x00000000800043f8 (0x0160b137) x2  0x000000000160b000
core   0: 0x00000000800043fc (0x8731011b) addiw   sp, sp, -1933
core   0: 1 0x00000000800043fc (0x8731011b) x2  0x000000000160a873
core   0: 0x0000000080004400 (0x00000136) c.slli  sp, 13
core   0: 1 0x0000000080004400 (0x0136) x2  0x0000002c150e6000
core   0: 0x0000000080004402 (0x8a410113) addi    sp, sp, -1884
core   0: 1 0x0000000080004402 (0x8a410113) x2  0x0000002c150e58a4
core   0: 0x0000000080004406 (0x008867b3) or      a5, a6, s0
core   0: 1 0x0000000080004406 (0x008867b3) x15 0x7fffffffffffffff
core   0: 0x000000008000440a (0x41d75db3) sra     s11, a4, t4
core   0: 1 0x000000008000440a (0x41d75db3) x27 0x0000000080004014
core   0: 0x000000008000440e (0x009bddbb) srlw    s11, s7, s1
core   0: 1 0x000000008000440e (0x009bddbb) x27 0x000000000000ffff
core   0: 0x0000000080004412 (0xa32270c3) fmadd.d ft1, ft4, fs2, fs4
core   0: 1 0x0000000080004412 (0xa32270c3) f1  0x7ff8000000000000
core   0: 0x0000000080004416 (0x001d97f3) csrrw   a5, fflags, s11
core   0: 1 0x0000000080004416 (0x001d97f3) x15 0x0000000000000017 c1_fflags 0x000000000000001f
core   0: 0x000000008000441a (0x0194e0b3) or      ra, s1, s9
core   0: 1 0x000000008000441a (0x0194e0b3) x1  0x0000000000000010
core   0: 0x000000008000441e (0xd2178ad3) fcvt.d.wu fs5, a5
core   0: 1 0x000000008000441e (0xd2178ad3) f21 0x4037000000000000
core   0: 0x0000000080004422 (0x00fbea33) or      s4, s7, a5
core   0: 1 0x0000000080004422 (0x00fbea33) x20 0xfffffffffffff897
core   0: 0x0000000080004426 (0x036b893b) mulw    s2, s7, s6
core   0: 1 0x0000000080004426 (0x036b893b) x18 0xfffffffffffc14fe
core   0: 0x000000008000442a (0x7ffd819b) addiw   gp, s11, 2047
core   0: 1 0x000000008000442a (0x7ffd819b) x3  0x00000000000107fe
core   0: 0x000000008000442e (0xdb2df947) fmsub.d fs2, fs11, fs2, fs11
core   0: 1 0x000000008000442e (0xdb2df947) f18 0x7ff8000000000000
core   0: 0x0000000080004432 (0x800bed93) ori     s11, s7, -2048
core   0: 1 0x0000000080004432 (0x800bed93) x27 0xfffffffffffff892
core   0: 0x0000000080004436 (0xffe4e0b7) lui     ra, 0xffe4e
core   0: 1 0x0000000080004436 (0xffe4e0b7) x1  0xffffffffffe4e000
core   0: 0x000000008000443a (0xd050809b) addiw   ra, ra, -763
core   0: 1 0x000000008000443a (0xd050809b) x1  0xffffffffffe4dd05
core   0: 0x000000008000443e (0x000000c6) c.slli  ra, 17
core   0: 1 0x000000008000443e (0x00c6) x1  0xffffffc9ba0a0000
core   0: 0x0000000080004440 (0x0000108d) c.addi  ra, -29
core   0: 1 0x0000000080004440 (0x108d) x1  0xffffffc9ba09ffe3
core   0: 0x0000000080004442 (0x02a53eb3) mulhu   t4, a0, a0
core   0: 1 0x0000000080004442 (0x02a53eb3) x29 0x0000000000000000
core   0: 0x0000000080004446 (0x142fe5f3) csrrsi  a1, scause, 31
core   0: 1 0x0000000080004446 (0x142fe5f3) x11 0x0000000000000000 c322_scause 0x000000000000001f
core   0: 0x000000008000444a (0x03d587bb) mulw    a5, a1, t4
core   0: 1 0x000000008000444a (0x03d587bb) x15 0x0000000000000000
core   0: 0x000000008000444e (0x42080453) fcvt.d.s fs0, fa6
core   0: 1 0x000000008000444e (0x42080453) f8  0x7ff8000000000000
core   0: 0x0000000080004452 (0xc2147ad3) fcvt.wu.d s5, fs0
core   0: 1 0x0000000080004452 (0xc2147ad3) c1_fflags 0x000000000000001f x21 0xffffffffffffffff
core   0: 0x0000000080004456 (0x416686bb) subw    a3, a3, s6
core   0: 1 0x0000000080004456 (0x416686bb) x13 0xffffffffffffff79
core   0: 0x000000008000445a (0x321a70c3) fmadd.d ft1, fs4, ft1, ft6
core   0: 1 0x000000008000445a (0x321a70c3) f1  0x7ff8000000000000
core   0: 0x000000008000445e (0x033141b3) div     gp, sp, s3
core   0: 1 0x000000008000445e (0x033141b3) x3  0xffffffd3eaf1a75c
core   0: 0x0000000080004462 (0x00102173) csrrs   sp, fflags, zero
core   0: 1 0x0000000080004462 (0x00102173) x2  0x000000000000001f
core   0: 0x0000000080004466 (0x01717bb3) and     s7, sp, s7
core   0: 1 0x0000000080004466 (0x01717bb3) x23 0x0000000000000012
core   0: 0x000000008000446a (0xb34a7b47) fmsub.d fs6, fs4, fs4, fs6
core   0: 1 0x000000008000446a (0xb34a7b47) f22 0x7ff8000000000000
core   0: 0x000000008000446e (0x00202ef3) csrrs   t4, frm, zero
core   0: 1 0x000000008000446e (0x00202ef3) x29 0x0000000000000000
core   0: 0x0000000080004472 (0x229b0fd3) fsgnj.d ft11, fs6, fs1
core   0: 1 0x0000000080004472 (0x229b0fd3) f31 0xfff8000000000000
core   0: 0x0000000080004476 (0xc02b7ad3) fcvt.l.s s5, fs6
core   0: 1 0x0000000080004476 (0xc02b7ad3) c1_fflags 0x000000000000001f x21 0x7fffffffffffffff
core   0: 0x000000008000447a (0x0107083b) addw    a6, a4, a6
core   0: 1 0x000000008000447a (0x0107083b) x16 0xffffffff80004013
core   0: 0x000000008000447e (0x0308d8b3) divu    a7, a7, a6
core   0: 1 0x000000008000447e (0x0308d8b3) x17 0x0000000000000000
core   0: 0x0000000080004482 (0xd21188d3) fcvt.d.wu fa7, gp
core   0: 1 0x0000000080004482 (0xd21188d3) f17 0x41ed5e34eb800000
core   0: 0x0000000080004486 (0x00a70133) add     sp, a4, a0
core   0: 1 0x0000000080004486 (0x00a70133) x2  0x0000000080004014
core   0: 0x000000008000448a (0x8b687b4b) fnmsub.d fs6, fa6, fs6, fa7
core   0: 1 0x000000008000448a (0x8b687b4b) f22 0x7ff8000000000000
core   0: 0x000000008000448e (0x01174cb3) xor     s9, a4, a7
core   0: 1 0x000000008000448e (0x01174cb3) x25 0x0000000080004014
core   0: 0x0000000080004492 (0x129de913) ori     s2, s11, 297
core   0: 1 0x0000000080004492 (0x129de913) x18 0xfffffffffffff9bb
core   0: 0x0000000080004496 (0x23081d53) fsgnjn.d fs10, fa6, fa6
core   0: 1 0x0000000080004496 (0x23081d53) f26 0xfff8000000000000
core   0: 0x000000008000449a (0x01e3d89b) srliw   a7, t2, 30
core   0: 1 0x000000008000449a (0x01e3d89b) x17 0x0000000000000000
core   0: 0x000000008000449e (0x014bdb1b) srliw   s6, s7, 20
core   0: 1 0x000000008000449e (0x014bdb1b) x22 0x0000000000000000
core   0: 0x00000000800044a2 (0x007d97b3) sll     a5, s11, t2
core   0: 1 0x00000000800044a2 (0x007d97b3) x15 0xfffffffffffff892
core   0: 0x00000000800044a6 (0x03b954bb) divuw   s1, s2, s11
core   0: 1 0x00000000800044a6 (0x03b954bb) x9  0x0000000000000001
core   0: 0x00000000800044aa (0xfff6029b) addiw   t0, a2, -1
core   0: 1 0x00000000800044aa (0xfff6029b) x5  0x000000007fffbfeb
core   0: 0x00000000800044ae (0x5a08fd53) fsqrt.d fs10, fa7
core   0: 1 0x00000000800044ae (0x5a08fd53) c1_fflags 0x000000000000001f f26 0x40eea7e01efd416e
core   0: 0x00000000800044b2 (0x13c970cb) fnmsub.d ft1, fs2, ft8, ft2
core   0: 1 0x00000000800044b2 (0x13c970cb) f1  0x7ff8000000000000
core   0: 0x00000000800044b6 (0x006e85b3) add     a1, t4, t1
core   0: 1 0x00000000800044b6 (0x006e85b3) x11 0x0000000000000011
core   0: 0x00000000800044ba (0x00000001) c.nop
core   0: 1 0x00000000800044ba (0x0001)
core   0: 0x00000000800044bc (0x23a0aad3) fsgnjx.d fs5, ft1, fs10
core   0: 1 0x00000000800044bc (0x23a0aad3) f21 0x7ff8000000000000
core   0: 0x00000000800044c0 (0x22949f53) fsgnjn.d ft10, fs1, fs1
core   0: 1 0x00000000800044c0 (0x22949f53) f30 0x7fffffff00000000
core   0: 0x00000000800044c4 (0x013763b3) or      t2, a4, s3
core   0: 1 0x00000000800044c4 (0x013763b3) x7  0xffffffffffffffff
core   0: 0x00000000800044c8 (0x001e199b) slliw   s3, t3, 1
core   0: 1 0x00000000800044c8 (0x001e199b) x19 0x0000000000000000
core   0: 0x00000000800044cc (0x0258f8bb) remuw   a7, a7, t0
core   0: 1 0x00000000800044cc (0x0258f8bb) x17 0x0000000000000000
core   0: 0x00000000800044d0 (0x41588733) sub     a4, a7, s5
core   0: 1 0x00000000800044d0 (0x41588733) x14 0x8000000000000001
core   0: 0x00000000800044d4 (0x404a8233) sub     tp, s5, tp
core   0: 1 0x00000000800044d4 (0x404a8233) x4  0x7fffffffffff9fff
core   0: 0x00000000800044d8 (0x00f45b3b) srlw    s6, s0, a5
core   0: 1 0x00000000800044d8 (0x00f45b3b) x22 0x0000000000003fff
core   0: 0x00000000800044dc (0x014240b3) xor     ra, tp, s4
core   0: 1 0x00000000800044dc (0x014240b3) x1  0x8000000000006768
core   0: 0x00000000800044e0 (0xc22f7c53) fcvt.l.d s8, ft10
core   0: 1 0x00000000800044e0 (0xc22f7c53) c1_fflags 0x000000000000001f x24 0x7fffffffffffffff
core   0: 0x00000000800044e4 (0x038e7e33) remu    t3, t3, s8
core   0: 1 0x00000000800044e4 (0x038e7e33) x28 0x0000000000000000
core   0: 0x00000000800044e8 (0x2b3999d3) fmax.d  fs3, fs3, fs3
core   0: 1 0x00000000800044e8 (0x2b3999d3) f19 0x0000000000000000
core   0: 0x00000000800044ec (0x00102b73) csrrs   s6, fflags, zero
core   0: 1 0x00000000800044ec (0x00102b73) x22 0x000000000000001f
core   0: 0x00000000800044f0 (0x5a0ef4d3) fsqrt.d fs1, ft9
core   0: 1 0x00000000800044f0 (0x5a0ef4d3) f9  0x7ff8000000000000
core   0: 0x00000000800044f4 (0x41325d93) srai    s11, tp, 19
core   0: 1 0x00000000800044f4 (0x41325d93) x27 0x00000fffffffffff
core   0: 0x00000000800044f8 (0xf617089b) addiw   a7, a4, -159
core   0: 1 0x00000000800044f8 (0xf617089b) x17 0xffffffffffffff62
core   0: 0x00000000800044fc (0xd03272d3) fcvt.s.lu ft5, tp
core   0: 1 0x00000000800044fc (0xd03272d3) c1_fflags 0x000000000000001f f5  0xffffffff5f000000
core   0: 0x0000000080004500 (0x7ffdfb93) andi    s7, s11, 2047
core   0: 1 0x0000000080004500 (0x7ffdfb93) x23 0x00000000000007ff
core   0: 0x0000000080004504 (0xebcb7b4b) fnmsub.d fs6, fs6, ft8, ft9
core   0: 1 0x0000000080004504 (0xebcb7b4b) f22 0x7ff8000000000000
core   0: 0x0000000080004508 (0x001b9073) csrrw   zero, fflags, s7
core   0: 1 0x0000000080004508 (0x001b9073) c1_fflags 0x000000000000001f
core   0: 0x000000008000450c (0xc03cf3d3) fcvt.lu.s t2, fs9
core   0: 1 0x000000008000450c (0xc03cf3d3) c1_fflags 0x000000000000001f x7  0xffffffffffffffff
core   0: 0x0000000080004510 (0x00c1fb33) and     s6, gp, a2
core   0: 1 0x0000000080004510 (0x00c1fb33) x22 0x000000006af1a74c
core   0: 0x0000000080004514 (0x5af2f613) andi    a2, t0, 1455
core   0: 1 0x0000000080004514 (0x5af2f613) x12 0x00000000000005ab
core   0: 0x0000000080004518 (0x0083033b) addw    t1, t1, s0
core   0: 1 0x0000000080004518 (0x0083033b) x6  0x0000000000000010
core   0: 0x000000008000451c (0x034d9793) slli    a5, s11, 52
core   0: 1 0x000000008000451c (0x034d9793) x15 0xfff0000000000000
core   0: 0x0000000080004520 (0x00179cf3) csrrw   s9, fflags, a5
core   0: 1 0x0000000080004520 (0x00179cf3) x25 0x000000000000001f c1_fflags 0x0000000000000000
core   0: 0x0000000080004524 (0x039ac6b3) div     a3, s5, s9
core   0: 1 0x0000000080004524 (0x039ac6b3) x13 0x0421084210842108
core   0: 0x0000000080004528 (0xc032fe73) csrrci  t3, hpmcounter3, 5
core   0: exception trap_illegal_instruction, epc 0x0000000080004528
core   0:           tval 0x00000000c032fe73
core   0: >>>>  $xrv64i2p1_m2p0_a2p1_f2p2_d2p2_zicsr2p0_zifencei2p0_zmmul1p0_zba1p0_zbb1p0_zbc1p0_zbs1p0
core   0: 0x0000000080004000 (0x0080006f) j       pc + 0x8
core   0: 3 0x0000000080004000 (0x0080006f)
core   0: >>>>  mmode_exception_handler
core   0: 0x0000000080004008 (0x00002c17) auipc   s8, 0x2
core   0: 3 0x0000000080004008 (0x00002c17) x24 0x0000000080006008
core   0: 0x000000008000400c (0xffcc0c13) addi    s8, s8, -4
core   0: 3 0x000000008000400c (0xffcc0c13) x24 0x0000000080006004
core   0: 0x0000000080004010 (0x000c00e7) jalr    s8
core   0: 3 0x0000000080004010 (0x000c00e7) x1  0x0000000080004014
core   0: >>>>  any_handler
core   0: 0x0000000080006004 (0x341027f3) csrrs   a5, mepc, zero
core   0: 3 0x0000000080006004 (0x341027f3) x15 0x0000000080004528
core   0: 0x0000000080006008 (0x34202773) csrrs   a4, mcause, zero
core   0: 3 0x0000000080006008 (0x34202773) x14 0x0000000000000002
core   0: 0x000000008000600c (0x142026f3) csrrs   a3, scause, zero
core   0: 3 0x000000008000600c (0x142026f3) x13 0x000000000000001f
core   0: 0x0000000080006010 (0x30402673) csrrs   a2, mie, zero
core   0: 3 0x0000000080006010 (0x30402673) x12 0x0000000000000a00
core   0: 0x0000000080006014 (0x344025f3) csrrs   a1, mip, zero
core   0: 3 0x0000000080006014 (0x344025f3) x11 0x0000000000000080
core   0: 0x0000000080006018 (0x343025f3) csrrs   a1, mtval, zero
core   0: 3 0x0000000080006018 (0x343025f3) x11 0x00000000c032fe73
core   0: 0x000000008000601c (0x14302573) csrrs   a0, stval, zero
core   0: 3 0x000000008000601c (0x14302573) x10 0x0000000000000000
core   0: 0x0000000080006020 (0xb02024f3) csrrs   s1, minstret, zero
core   0: 3 0x0000000080006020 (0xb02024f3) x9  0x000000000000097c
core   0: 0x0000000080006024 (0x0000a811) c.j     pc + 20
core   0: 3 0x0000000080006024 (0xa811)
core   0: >>>>  mepc_4
core   0: 0x0000000080006038 (0x00000791) c.addi  a5, 4
core   0: 3 0x0000000080006038 (0x0791) x15 0x000000008000452c
core   0: 0x000000008000603a (0x34179073) csrrw   zero, mepc, a5
core   0: 3 0x000000008000603a (0x34179073) c833_mepc 0x000000008000452c
core   0: 0x000000008000603e (0x30200073) mret
core   0: 3 0x000000008000603e (0x30200073) c768_mstatus 0x8000000a00106080
core   0: 0x000000008000452c (0x03c2feb3) remu    t4, t0, t3
core   0: 1 0x000000008000452c (0x03c2feb3) x29 0x000000007fffbfeb
core   0: 0x0000000080004530 (0x01c726b3) slt     a3, a4, t3
core   0: 1 0x0000000080004530 (0x01c726b3) x13 0x0000000000000000
core   0: 0x0000000080004534 (0x01d6c5b3) xor     a1, a3, t4
core   0: 1 0x0000000080004534 (0x01d6c5b3) x11 0x000000007fffbfeb
core   0: 0x0000000080004538 (0x12af7553) fmul.d  fa0, ft10, fa0
core   0: 1 0x0000000080004538 (0x12af7553) f10 0x7ff8000000000000
core   0: 0x000000008000453c (0x01f45e9b) srliw   t4, s0, 31
core   0: 1 0x000000008000453c (0x01f45e9b) x29 0x0000000000000001
core   0: 0x0000000080004540 (0x2a3f01d3) fmin.d  ft3, ft10, ft3
core   0: 1 0x0000000080004540 (0x2a3f01d3) f3  0x7ff8000000000000
core   0: 0x0000000080004544 (0x0167d8b3) srl     a7, a5, s6
core   0: 1 0x0000000080004544 (0x0167d8b3) x17 0x0000000000080004
core   0: 0x0000000080004548 (0x1231fd53) fmul.d  fs10, ft3, ft3
core   0: 1 0x0000000080004548 (0x1231fd53) f26 0x7ff8000000000000
core   0: 0x000000008000454c (0x03cb6e3b) remw    t3, s6, t3
core   0: 1 0x000000008000454c (0x03cb6e3b) x28 0x000000006af1a74c
core   0: 0x0000000080004550 (0x011b7533) and     a0, s6, a7
core   0: 1 0x0000000080004550 (0x011b7533) x10 0x0000000000000004
core   0: 0x0000000080004554 (0x23b88953) fsgnj.d fs2, fa7, fs11
core   0: 1 0x0000000080004554 (0x23b88953) f18 0x41ed5e34eb800000
core   0: 0x0000000080004558 (0x416d549b) sraiw   s1, s10, 22
core   0: 1 0x0000000080004558 (0x416d549b) x9  0xffffffffffffffff
core   0: 0x000000008000455c (0x03b1a133) mulhsu  sp, gp, s11
core   0: 1 0x000000008000455c (0x03b1a133) x2  0xfffffffffffd3eaf
core   0: 0x0000000080004560 (0x0110da1b) srliw   s4, ra, 17
core   0: 1 0x0000000080004560 (0x0110da1b) x20 0x0000000000004000
core   0: 0x0000000080004564 (0x00000001) c.nop
core   0: 1 0x0000000080004564 (0x0001)
core   0: 0x0000000080004566 (0x952e56b7) lui     a3, 0x952e5
core   0: 1 0x0000000080004566 (0x952e56b7) x13 0xffffffff952e5000
core   0: 0x000000008000456a (0x4010fad3) fcvt.s.d fs5, ft1
core   0: 1 0x000000008000456a (0x4010fad3) f21 0xffffffff7fc00000
core   0: 0x000000008000456e (0x4067033b) subw    t1, a4, t1
core   0: 1 0x000000008000456e (0x4067033b) x6  0xfffffffffffffff2
core   0: 0x0000000080004572 (0x00db4237) lui     tp, 0xdb4
core   0: 1 0x0000000080004572 (0x00db4237) x4  0x0000000000db4000
core   0: 0x0000000080004576 (0x9472021b) addiw   tp, tp, -1721
core   0: 1 0x0000000080004576 (0x9472021b) x4  0x0000000000db3947
core   0: 0x000000008000457a (0x00000236) c.slli  tp, 13
core   0: 1 0x000000008000457a (0x0236) x4  0x0000001b6728e000
core   0: 0x000000008000457c (0xc8c20213) addi    tp, tp, -884
core   0: 1 0x000000008000457c (0xc8c20213) x4  0x0000001b6728dc8c
core   0: 0x0000000080004580 (0x4f020a1b) addiw   s4, tp, 1264
core   0: 1 0x0000000080004580 (0x4f020a1b) x20 0x000000006728e17c
core   0: 0x0000000080004584 (0x0372c4bb) divw    s1, t0, s7
core   0: 1 0x0000000080004584 (0x0372c4bb) x9  0x00000000001001f8
core   0: 0x0000000080004588 (0x000492b3) sll     t0, s1, zero
core   0: 1 0x0000000080004588 (0x000492b3) x5  0x00000000001001f8
core   0: 0x000000008000458c (0x400c5193) srai    gp, s8, 0
core   0: 1 0x000000008000458c (0x400c5193) x3  0x0000000080006004
core   0: 0x0000000080004590 (0xd2180c53) fcvt.d.wu fs8, a6
core   0: 1 0x0000000080004590 (0xd2180c53) f24 0x41e0000802600000
core   0: 0x0000000080004594 (0x00000001) c.nop
core   0: 1 0x0000000080004594 (0x0001)
core   0: 0x0000000080004596 (0x0084543b) srlw    s0, s0, s0
core   0: 1 0x0000000080004596 (0x0084543b) x8  0x0000000000000001
core   0: 0x000000008000459a (0xaa89e613) ori     a2, s3, -1368
core   0: 1 0x000000008000459a (0xaa89e613) x12 0xfffffffffffffaa8
core   0: 0x000000008000459e (0x002796f3) csrrw   a3, frm, a5
core   0: 1 0x000000008000459e (0x002796f3) x13 0x0000000000000000 c2_frm 0x0000000000000004
core   0: 0x00000000800045a2 (0x19a79337) lui     t1, 0x19a79
core   0: 1 0x00000000800045a2 (0x19a79337) x6  0x0000000019a79000
core   0: 0x00000000800045a6 (0x2a210653) fmin.d  fa2, ft2, ft2
core   0: 1 0x00000000800045a6 (0x2a210653) f12 0x7ff8000000000000
core   0: 0x00000000800045aa (0x01212cb3) slt     s9, sp, s2
core   0: 1 0x00000000800045aa (0x01212cb3) x25 0x0000000000000001
core   0: 0x00000000800045ae (0x40378bb3) sub     s7, a5, gp
core   0: 1 0x00000000800045ae (0x40378bb3) x23 0xffffffffffffe528
core   0: 0x00000000800045b2 (0x122874c7) fmsub.d fs1, fa6, ft2, ft2
core   0: 1 0x00000000800045b2 (0x122874c7) f9  0x7ff8000000000000
core   0: 0x00000000800045b6 (0x0002149b) slliw   s1, tp, 0
core   0: 1 0x00000000800045b6 (0x0002149b) x9  0x000000006728dc8c
core   0: 0x00000000800045ba (0x23efaf53) fsgnjx.d ft10, ft11, ft10
core   0: 1 0x00000000800045ba (0x23efaf53) f30 0xfff8000000000000
core   0: 0x00000000800045be (0xd22cfa53) fcvt.d.l fs4, s9
core   0: 1 0x00000000800045be (0xd22cfa53) f20 0x3ff0000000000000
core   0: 0x00000000800045c2 (0x015d883b) addw    a6, s11, s5
core   0: 1 0x00000000800045c2 (0x015d883b) x16 0xfffffffffffffffe
core   0: 0x00000000800045c6 (0xf2078bd3) fmv.d.x fs7, a5
core   0: 1 0x00000000800045c6 (0xf2078bd3) f23 0x000000008000452c
core   0: 0x00000000800045ca (0x03abf2b3) remu    t0, s7, s10
core   0: 1 0x00000000800045ca (0x03abf2b3) x5  0xffffffffffffe528
core   0: 0x00000000800045ce (0x020d1133) mulh    sp, s10, zero
core   0: 1 0x00000000800045ce (0x020d1133) x2  0x0000000000000000
core   0: 0x00000000800045d2 (0x01e0109b) slliw   ra, zero, 30
core   0: 1 0x00000000800045d2 (0x01e0109b) x1  0x0000000000000000
core   0: 0x00000000800045d6 (0x037c7c33) remu    s8, s8, s7
core   0: 1 0x00000000800045d6 (0x037c7c33) x24 0x0000000080006004
core   0: 0x00000000800045da (0x03659617) auipc   a2, 0x3659
core   0: 1 0x00000000800045da (0x03659617) x12 0x000000008365d5da
core   0: 0x00000000800045de (0xc0462573) csrrs   a0, hpmcounter4, a2
core   0: exception trap_illegal_instruction, epc 0x00000000800045de
core   0:           tval 0x00000000c0462573
core   0: >>>>  $xrv64i2p1_m2p0_a2p1_f2p2_d2p2_zicsr2p0_zifencei2p0_zmmul1p0_zba1p0_zbb1p0_zbc1p0_zbs1p0
core   0: 0x0000000080004000 (0x0080006f) j       pc + 0x8
core   0: 3 0x0000000080004000 (0x0080006f)
core   0: >>>>  mmode_exception_handler
core   0: 0x0000000080004008 (0x00002c17) auipc   s8, 0x2
core   0: 3 0x0000000080004008 (0x00002c17) x24 0x0000000080006008
core   0: 0x000000008000400c (0xffcc0c13) addi    s8, s8, -4
core   0: 3 0x000000008000400c (0xffcc0c13) x24 0x0000000080006004
core   0: 0x0000000080004010 (0x000c00e7) jalr    s8
core   0: 3 0x0000000080004010 (0x000c00e7) x1  0x0000000080004014
core   0: >>>>  any_handler
core   0: 0x0000000080006004 (0x341027f3) csrrs   a5, mepc, zero
core   0: 3 0x0000000080006004 (0x341027f3) x15 0x00000000800045de
core   0: 0x0000000080006008 (0x34202773) csrrs   a4, mcause, zero
core   0: 3 0x0000000080006008 (0x34202773) x14 0x0000000000000002
core   0: 0x000000008000600c (0x142026f3) csrrs   a3, scause, zero
core   0: 3 0x000000008000600c (0x142026f3) x13 0x000000000000001f
core   0: 0x0000000080006010 (0x30402673) csrrs   a2, mie, zero
core   0: 3 0x0000000080006010 (0x30402673) x12 0x0000000000000a00
core   0: 0x0000000080006014 (0x344025f3) csrrs   a1, mip, zero
core   0: 3 0x0000000080006014 (0x344025f3) x11 0x0000000000000080
core   0: 0x0000000080006018 (0x343025f3) csrrs   a1, mtval, zero
core   0: 3 0x0000000080006018 (0x343025f3) x11 0x00000000c0462573
core   0: 0x000000008000601c (0x14302573) csrrs   a0, stval, zero
core   0: 3 0x000000008000601c (0x14302573) x10 0x0000000000000000
core   0: 0x0000000080006020 (0xb02024f3) csrrs   s1, minstret, zero
core   0: 3 0x0000000080006020 (0xb02024f3) x9  0x00000000000009ba
core   0: 0x0000000080006024 (0x0000a811) c.j     pc + 20
core   0: 3 0x0000000080006024 (0xa811)
core   0: >>>>  mepc_4
core   0: 0x0000000080006038 (0x00000791) c.addi  a5, 4
core   0: 3 0x0000000080006038 (0x0791) x15 0x00000000800045e2
core   0: 0x000000008000603a (0x34179073) csrrw   zero, mepc, a5
core   0: 3 0x000000008000603a (0x34179073) c833_mepc 0x00000000800045e2
core   0: 0x000000008000603e (0x30200073) mret
core   0: 3 0x000000008000603e (0x30200073) c768_mstatus 0x8000000a00106080
core   0: 0x00000000800045e2 (0xc22f7c53) fcvt.l.d s8, ft10
core   0: 1 0x00000000800045e2 (0xc22f7c53) c1_fflags 0x0000000000000010 x24 0x7fffffffffffffff
core   0: 0x00000000800045e6 (0x00102373) csrrs   t1, fflags, zero
core   0: 1 0x00000000800045e6 (0x00102373) x6  0x0000000000000010
core   0: 0x00000000800045ea (0xce6386b7) lui     a3, 0xce638
core   0: 1 0x00000000800045ea (0xce6386b7) x13 0xffffffffce638000
core   0: 0x00000000800045ee (0xc22bf5d3) fcvt.l.d a1, fs7
core   0: 1 0x00000000800045ee (0xc22bf5d3) c1_fflags 0x0000000000000011 x11 0x0000000000000000
core   0: 0x00000000800045f2 (0x026ede93) srli    t4, t4, 38
core   0: 1 0x00000000800045f2 (0x026ede93) x29 0x0000000000000000
core   0: 0x00000000800045f6 (0x41d8043b) subw    s0, a6, t4
core   0: 1 0x00000000800045f6 (0x41d8043b) x8  0xfffffffffffffffe
core   0: 0x00000000800045fa (0x00c0d93b) srlw    s2, ra, a2
core   0: 1 0x00000000800045fa (0x00c0d93b) x18 0xffffffff80004014
core   0: 0x00000000800045fe (0x00000001) c.nop
core   0: 1 0x00000000800045fe (0x0001)
core   0: 0x0000000080004600 (0x0359433b) divw    t1, s2, s5
core   0: 1 0x0000000080004600 (0x0359433b) x6  0x000000007fffbfec
core   0: 0x0000000080004604 (0x015aa8b3) slt     a7, s5, s5
core   0: 1 0x0000000080004604 (0x015aa8b3) x17 0x0000000000000000
core   0: 0x0000000080004608 (0x0218d0b3) divu    ra, a7, ra
core   0: 1 0x0000000080004608 (0x0218d0b3) x1  0x0000000000000000
core   0: 0x000000008000460c (0x00102cf3) csrrs   s9, fflags, zero
core   0: 1 0x000000008000460c (0x00102cf3) x25 0x0000000000000011
core   0: 0x0000000080004610 (0x1e2de913) ori     s2, s11, 482
core   0: 1 0x0000000080004610 (0x1e2de913) x18 0x00000fffffffffff
core   0: 0x0000000080004614 (0x00591d1b) slliw   s10, s2, 5
core   0: 1 0x0000000080004614 (0x00591d1b) x26 0xffffffffffffffe0
core   0: 0x0000000080004618 (0x0170973b) sllw    a4, ra, s7
core   0: 1 0x0000000080004618 (0x0170973b) x14 0x0000000000000000
core   0: 0x000000008000461c (0x010d50bb) srlw    ra, s10, a6
core   0: 1 0x000000008000461c (0x010d50bb) x1  0x0000000000000003
core   0: 0x0000000080004620 (0xc810e2f3) csrrsi  t0, timeh, 1
core   0: exception trap_illegal_instruction, epc 0x0000000080004620
core   0:           tval 0x00000000c810e2f3
core   0: >>>>  $xrv64i2p1_m2p0_a2p1_f2p2_d2p2_zicsr2p0_zifencei2p0_zmmul1p0_zba1p0_zbb1p0_zbc1p0_zbs1p0
core   0: 0x0000000080004000 (0x0080006f) j       pc + 0x8
core   0: 3 0x0000000080004000 (0x0080006f)
core   0: >>>>  mmode_exception_handler
core   0: 0x0000000080004008 (0x00002c17) auipc   s8, 0x2
core   0: 3 0x0000000080004008 (0x00002c17) x24 0x0000000080006008
core   0: 0x000000008000400c (0xffcc0c13) addi    s8, s8, -4
core   0: 3 0x000000008000400c (0xffcc0c13) x24 0x0000000080006004
core   0: 0x0000000080004010 (0x000c00e7) jalr    s8
core   0: 3 0x0000000080004010 (0x000c00e7) x1  0x0000000080004014
core   0: >>>>  any_handler
core   0: 0x0000000080006004 (0x341027f3) csrrs   a5, mepc, zero
core   0: 3 0x0000000080006004 (0x341027f3) x15 0x0000000080004620
core   0: 0x0000000080006008 (0x34202773) csrrs   a4, mcause, zero
core   0: 3 0x0000000080006008 (0x34202773) x14 0x0000000000000002
core   0: 0x000000008000600c (0x142026f3) csrrs   a3, scause, zero
core   0: 3 0x000000008000600c (0x142026f3) x13 0x000000000000001f
core   0: 0x0000000080006010 (0x30402673) csrrs   a2, mie, zero
core   0: 3 0x0000000080006010 (0x30402673) x12 0x0000000000000a00
core   0: 0x0000000080006014 (0x344025f3) csrrs   a1, mip, zero
core   0: 3 0x0000000080006014 (0x344025f3) x11 0x0000000000000080
core   0: 0x0000000080006018 (0x343025f3) csrrs   a1, mtval, zero
core   0: 3 0x0000000080006018 (0x343025f3) x11 0x00000000c810e2f3
core   0: 0x000000008000601c (0x14302573) csrrs   a0, stval, zero
core   0: 3 0x000000008000601c (0x14302573) x10 0x0000000000000000
core   0: 0x0000000080006020 (0xb02024f3) csrrs   s1, minstret, zero
core   0: 3 0x0000000080006020 (0xb02024f3) x9  0x00000000000009da
core   0: 0x0000000080006024 (0x0000a811) c.j     pc + 20
core   0: 3 0x0000000080006024 (0xa811)
core   0: >>>>  mepc_4
core   0: 0x0000000080006038 (0x00000791) c.addi  a5, 4
core   0: 3 0x0000000080006038 (0x0791) x15 0x0000000080004624
core   0: 0x000000008000603a (0x34179073) csrrw   zero, mepc, a5
core   0: 3 0x000000008000603a (0x34179073) c833_mepc 0x0000000080004624
core   0: 0x000000008000603e (0x30200073) mret
core   0: 3 0x000000008000603e (0x30200073) c768_mstatus 0x8000000a00106080
core   0: 0x0000000080004624 (0x00131573) csrrw   a0, fflags, t1
core   0: 1 0x0000000080004624 (0x00131573) x10 0x0000000000000011 c1_fflags 0x000000000000000c
core   0: 0x0000000080004628 (0x0007849b) sext.w  s1, a5
core   0: 1 0x0000000080004628 (0x0007849b) x9  0xffffffff80004624
core   0: 0x000000008000462c (0xc216f153) fcvt.wu.d sp, fa3
core   0: 1 0x000000008000462c (0xc216f153) c1_fflags 0x000000000000001c x2  0xffffffffffffffff
core   0: 0x0000000080004630 (0xfffbe813) ori     a6, s7, -1
core   0: 1 0x0000000080004630 (0xfffbe813) x16 0xffffffffffffffff
core   0: 0x0000000080004634 (0xd03171d3) fcvt.s.lu ft3, sp
core   0: 1 0x0000000080004634 (0xd03171d3) c1_fflags 0x000000000000001d f3  0xffffffff5f800000
core   0: 0x0000000080004638 (0x13b1f753) fmul.d  fa4, ft3, fs11
core   0: 1 0x0000000080004638 (0x13b1f753) f14 0x7ff8000000000000
core   0: 0x000000008000463c (0x01209933) sll     s2, ra, s2
core   0: 1 0x000000008000463c (0x01209933) x18 0x0000000000000000
core   0: 0x0000000080004640 (0xc23bf453) fcvt.lu.d s0, fs7
core   0: 1 0x0000000080004640 (0xc23bf453) c1_fflags 0x000000000000001d x8  0x0000000000000000
core   0: 0x0000000080004644 (0xa37306d3) fle.d   a3, ft6, fs7
core   0: 1 0x0000000080004644 (0xa37306d3) c1_fflags 0x000000000000001d x13 0x0000000000000000
core   0: 0x0000000080004648 (0x2b349e53) fmax.d  ft8, fs1, fs3
core   0: 1 0x0000000080004648 (0x2b349e53) f28 0x0000000000000000
core   0: 0x000000008000464c (0x039ce3bb) remw    t2, s9, s9
core   0: 1 0x000000008000464c (0x039ce3bb) x7  0x0000000000000000
core   0: 0x0000000080004650 (0xfabc7c13) andi    s8, s8, -85
core   0: 1 0x0000000080004650 (0xfabc7c13) x24 0x0000000080006000
core   0: 0x0000000080004654 (0x019c9cb3) sll     s9, s9, s9
core   0: 1 0x0000000080004654 (0x019c9cb3) x25 0x0000000000220000
core   0: 0x0000000080004658 (0xd21386d3) fcvt.d.wu fa3, t2
core   0: 1 0x0000000080004658 (0xd21386d3) f13 0x0000000000000000
core   0: 0x000000008000465c (0x40a18e33) sub     t3, gp, a0
core   0: 1 0x000000008000465c (0x40a18e33) x28 0x0000000080005ff3
core   0: 0x0000000080004660 (0x027e6db3) rem     s11, t3, t2
core   0: 1 0x0000000080004660 (0x027e6db3) x27 0x0000000080005ff3
core   0: 0x0000000080004664 (0x03b9f733) remu    a4, s3, s11
core   0: 1 0x0000000080004664 (0x03b9f733) x14 0x0000000000000000
core   0: 0x0000000080004668 (0xd029f353) fcvt.s.l ft6, s3
core   0: 1 0x0000000080004668 (0xd029f353) f6  0xffffffff00000000
core   0: 0x000000008000466c (0x5a027c53) fsqrt.d fs8, ft4
core   0: 1 0x000000008000466c (0x5a027c53) c1_fflags 0x000000000000001d f24 0x40e6a0a6e3138d49
core   0: 0x0000000080004670 (0x13f97153) fmul.d  ft2, fs2, ft11
core   0: 1 0x0000000080004670 (0x13f97153) f2  0x7ff8000000000000
core   0: 0x0000000080004674 (0x015e9ebb) sllw    t4, t4, s5
core   0: 1 0x0000000080004674 (0x015e9ebb) x29 0x0000000000000000
core   0: 0x0000000080004678 (0x03df7ed3) fadd.d  ft9, ft10, ft9
core   0: 1 0x0000000080004678 (0x03df7ed3) f29 0x7ff8000000000000
core   0: 0x000000008000467c (0x02c96633) rem     a2, s2, a2
core   0: 1 0x000000008000467c (0x02c96633) x12 0x0000000000000000
core   0: 0x0000000080004680 (0x0ff0000f) fence   iorw,iorw
core   0: 1 0x0000000080004680 (0x0ff0000f)
core   0: 0x0000000080004684 (0x4003d69b) sraiw   a3, t2, 0
core   0: 1 0x0000000080004684 (0x4003d69b) x13 0x0000000000000000
core   0: 0x0000000080004688 (0x40d3db33) sra     s6, t2, a3
core   0: 1 0x0000000080004688 (0x40d3db33) x22 0x0000000000000000
core   0: 0x000000008000468c (0x00000001) c.nop
core   0: 1 0x000000008000468c (0x0001)
core   0: 0x000000008000468e (0x0010181b) slliw   a6, zero, 1
core   0: 1 0x000000008000468e (0x0010181b) x16 0x0000000000000000
core   0: 0x0000000080004692 (0x43e35893) srai    a7, t1, 62
core   0: 1 0x0000000080004692 (0x43e35893) x17 0x0000000000000000
core   0: 0x0000000080004696 (0x03337a33) remu    s4, t1, s3
core   0: 1 0x0000000080004696 (0x03337a33) x20 0x000000007fffbfec
core   0: 0x000000008000469a (0x461e0017) auipc   zero, 0x461e0
core   0: 1 0x000000008000469a (0x461e0017)
core   0: 0x000000008000469e (0x0121a3b3) slt     t2, gp, s2
core   0: 1 0x000000008000469e (0x0121a3b3) x7  0x0000000000000000
core   0: 0x00000000800046a2 (0x01f4141b) slliw   s0, s0, 31
core   0: 1 0x00000000800046a2 (0x01f4141b) x8  0x0000000000000000
core   0: 0x00000000800046a6 (0x00191173) csrrw   sp, fflags, s2
core   0: 1 0x00000000800046a6 (0x00191173) x2  0x000000000000001d c1_fflags 0x0000000000000000
core   0: 0x00000000800046aa (0x00102bf3) csrrs   s7, fflags, zero
core   0: 1 0x00000000800046aa (0x00102bf3) x23 0x0000000000000000
core   0: 0x00000000800046ae (0x0179053b) addw    a0, s2, s7
core   0: 1 0x00000000800046ae (0x0179053b) x10 0x0000000000000000
core   0: 0x00000000800046b2 (0x80050e1b) addiw   t3, a0, -2048
core   0: 1 0x00000000800046b2 (0x80050e1b) x28 0xfffffffffffff800
core   0: 0x00000000800046b6 (0x0252cabb) divw    s5, t0, t0
core   0: 1 0x00000000800046b6 (0x0252cabb) x21 0x0000000000000001
core   0: 0x00000000800046ba (0x00378cbb) addw    s9, a5, gp
core   0: 1 0x00000000800046ba (0x00378cbb) x25 0x000000000000a628
core   0: 0x00000000800046be (0x0ff0000f) fence   iorw,iorw
core   0: 1 0x00000000800046be (0x0ff0000f)
core   0: 0x00000000800046c2 (0x80054713) xori    a4, a0, -2048
core   0: 1 0x00000000800046c2 (0x80054713) x14 0xfffffffffffff800
core   0: 0x00000000800046c6 (0x00467033) and     zero, a2, tp
core   0: 1 0x00000000800046c6 (0x00467033)
core   0: 0x00000000800046ca (0x5c65f793) andi    a5, a1, 1478
core   0: 1 0x00000000800046ca (0x5c65f793) x15 0x00000000000000c2
core   0: 0x00000000800046ce (0x03a7ddbb) divuw   s11, a5, s10
core   0: 1 0x00000000800046ce (0x03a7ddbb) x27 0x0000000000000000
core   0: 0x00000000800046d2 (0x0209f653) fadd.d  fa2, fs3, ft0
core   0: 1 0x00000000800046d2 (0x0209f653) f12 0x7ff8000000000000
core   0: 0x00000000800046d6 (0x012b55bb) srlw    a1, s6, s2
core   0: 1 0x00000000800046d6 (0x012b55bb) x11 0x0000000000000000
core   0: 0x00000000800046da (0x5688c893) xori    a7, a7, 1384
core   0: 1 0x00000000800046da (0x5688c893) x17 0x0000000000000568
core   0: 0x00000000800046de (0x41998a3b) subw    s4, s3, s9
core   0: 1 0x00000000800046de (0x41998a3b) x20 0xffffffffffff59d8
core   0: 0x00000000800046e2 (0x32fc734f) fnmadd.d ft6, fs8, fa5, ft6
core   0: 1 0x00000000800046e2 (0x32fc734f) f6  0x7ff8000000000000
core   0: 0x00000000800046e6 (0x23e101d3) fsgnj.d ft3, ft2, ft10
core   0: 1 0x00000000800046e6 (0x23e101d3) f3  0xfff8000000000000
core   0: 0x00000000800046ea (0x33ab79cb) fnmsub.d fs3, fs6, fs10, ft6
core   0: 1 0x00000000800046ea (0x33ab79cb) f19 0x7ff8000000000000
core   0: 0x00000000800046ee (0x0340573b) divuw   a4, zero, s4
core   0: 1 0x00000000800046ee (0x0340573b) x14 0x0000000000000000
core   0: 0x00000000800046f2 (0x409284bb) subw    s1, t0, s1
core   0: 1 0x00000000800046f2 (0x409284bb) x9  0x000000007fff9f04
core   0: 0x00000000800046f6 (0x2ba309d3) fmin.d  fs3, ft6, fs10
core   0: 1 0x00000000800046f6 (0x2ba309d3) f19 0x7ff8000000000000
core   0: 0x00000000800046fa (0xfff48e9b) addiw   t4, s1, -1
core   0: 1 0x00000000800046fa (0xfff48e9b) x29 0x000000007fff9f03
core   0: 0x00000000800046fe (0x001028f3) csrrs   a7, fflags, zero
core   0: 1 0x00000000800046fe (0x001028f3) x17 0x0000000000000000
core   0: 0x0000000080004702 (0x420900d3) fcvt.d.s ft1, fs2
core   0: 1 0x0000000080004702 (0x420900d3) f1  0x7ff8000000000000
core   0: 0x0000000080004706 (0x0262cb3b) divw    s6, t0, t1
core   0: 1 0x0000000080004706 (0x0262cb3b) x22 0x0000000000000000
core   0: 0x000000008000470a (0x002919f3) csrrw   s3, frm, s2
core   0: 1 0x000000008000470a (0x002919f3) x19 0x0000000000000004 c2_frm 0x0000000000000000
core   0: 0x000000008000470e (0x0264e0bb) remw    ra, s1, t1
core   0: 1 0x000000008000470e (0x0264e0bb) x1  0x000000007fff9f04
core   0: 0x0000000080004712 (0x009999bb) sllw    s3, s3, s1
core   0: 1 0x0000000080004712 (0x009999bb) x19 0x0000000000000040
core   0: 0x0000000080004716 (0xd23977d3) fcvt.d.lu fa5, s2
core   0: 1 0x0000000080004716 (0xd23977d3) f15 0x0000000000000000
core   0: 0x000000008000471a (0xd039fad3) fcvt.s.lu fs5, s3
core   0: 1 0x000000008000471a (0xd039fad3) f21 0xffffffff42800000
core   0: 0x000000008000471e (0x41025cbb) sraw    s9, tp, a6
core   0: 1 0x000000008000471e (0x41025cbb) x25 0x000000006728dc8c
core   0: 0x0000000080004722 (0x03911db3) mulh    s11, sp, s9
core   0: 1 0x0000000080004722 (0x03911db3) x27 0x0000000000000000
core   0: 0x0000000080004726 (0x2ad69ed3) fmax.d  ft9, fa3, fa3
core   0: 1 0x0000000080004726 (0x2ad69ed3) f29 0x0000000000000000
core   0: 0x000000008000472a (0x00202273) csrrs   tp, frm, zero
core   0: 1 0x000000008000472a (0x00202273) x4  0x0000000000000000
core   0: 0x000000008000472e (0x13237953) fmul.d  fs2, ft6, fs2
core   0: 1 0x000000008000472e (0x13237953) f18 0x7ff8000000000000
core   0: 0x0000000080004732 (0x42090dd3) fcvt.d.s fs11, fs2
core   0: 1 0x0000000080004732 (0x42090dd3) f27 0x7ff8000000000000
core   0: 0x0000000080004736 (0x004e82b3) add     t0, t4, tp
core   0: 1 0x0000000080004736 (0x004e82b3) x5  0x000000007fff9f03
core   0: 0x000000008000473a (0x2b5a8153) fmin.d  ft2, fs5, fs5
core   0: 1 0x000000008000473a (0x2b5a8153) f2  0x7ff8000000000000
core   0: 0x000000008000473e (0x0145193b) sllw    s2, a0, s4
core   0: 1 0x000000008000473e (0x0145193b) x18 0x0000000000000000
core   0: 0x0000000080004742 (0x0052f133) and     sp, t0, t0
core   0: 1 0x0000000080004742 (0x0052f133) x2  0x000000007fff9f03
core   0: 0x0000000080004746 (0x0ff0000f) fence   iorw,iorw
core   0: 1 0x0000000080004746 (0x0ff0000f)
core   0: 0x000000008000474a (0x1a657353) fdiv.d  ft6, fa0, ft6
core   0: 1 0x000000008000474a (0x1a657353) f6  0x7ff8000000000000
core   0: 0x000000008000474e (0xd02e7dd3) fcvt.s.l fs11, t3
core   0: 1 0x000000008000474e (0xd02e7dd3) f27 0xffffffffc5000000
core   0: 0x0000000080004752 (0x001ad0b3) srl     ra, s5, ra
core   0: 1 0x0000000080004752 (0x001ad0b3) x1  0x0000000000000000
core   0: 0x0000000080004756 (0x000013c6) c.slli  t2, 49
core   0: 1 0x0000000080004756 (0x13c6) x7  0x0000000000000000
core   0: 0x0000000080004758 (0x7ff5c293) xori    t0, a1, 2047
core   0: 1 0x0000000080004758 (0x7ff5c293) x5  0x00000000000007ff
core   0: 0x000000008000475c (0xd023ffd3) fcvt.s.l ft11, t2
core   0: 1 0x000000008000475c (0xd023ffd3) f31 0xffffffff00000000
core   0: 0x0000000080004760 (0x001595f3) csrrw   a1, fflags, a1
core   0: 1 0x0000000080004760 (0x001595f3) x11 0x0000000000000000 c1_fflags 0x0000000000000000
core   0: 0x0000000080004764 (0x401386bb) subw    a3, t2, ra
core   0: 1 0x0000000080004764 (0x401386bb) x13 0x0000000000000000
core   0: 0x0000000080004768 (0xeaa1f54b) fnmsub.d fa0, ft3, fa0, ft9
core   0: 1 0x0000000080004768 (0xeaa1f54b) f10 0x7ff8000000000000
core   0: 0x000000008000476c (0xd2227d53) fcvt.d.l fs10, tp
core   0: 1 0x000000008000476c (0xd2227d53) f26 0x0000000000000000
core   0: 0x0000000080004770 (0x011ed1b3) srl     gp, t4, a7
core   0: 1 0x0000000080004770 (0x011ed1b3) x3  0x000000007fff9f03
core   0: 0x0000000080004774 (0x00726733) or      a4, tp, t2
core   0: 1 0x0000000080004774 (0x00726733) x14 0x0000000000000000
core   0: 0x0000000080004778 (0x4068d293) srai    t0, a7, 6
core   0: 1 0x0000000080004778 (0x4068d293) x5  0x0000000000000000
core   0: 0x000000008000477c (0x00ea9abb) sllw    s5, s5, a4
core   0: 1 0x000000008000477c (0x00ea9abb) x21 0x0000000000000001
core   0: 0x0000000080004780 (0xffdc00b7) lui     ra, 0xffdc0
core   0: 1 0x0000000080004780 (0xffdc00b7) x1  0xffffffffffdc0000
core   0: 0x0000000080004784 (0x2870809b) addiw   ra, ra, 647
core   0: 1 0x0000000080004784 (0x2870809b) x1  0xffffffffffdc0287
core   0: 0x0000000080004788 (0x000000c2) c.slli  ra, 16
core   0: 1 0x0000000080004788 (0x00c2) x1  0xffffffdc02870000
core   0: 0x000000008000478a (0x19c08093) addi    ra, ra, 412
core   0: 1 0x000000008000478a (0x19c08093) x1  0xffffffdc0287019c
core   0: 0x000000008000478e (0x008d7b33) and     s6, s10, s0
core   0: 1 0x000000008000478e (0x008d7b33) x22 0x0000000000000000
core   0: 0x0000000080004792 (0xc20575d3) fcvt.w.d a1, fa0
core   0: 1 0x0000000080004792 (0xc20575d3) c1_fflags 0x0000000000000010 x11 0x000000007fffffff
core   0: 0x0000000080004796 (0xec786493) ori     s1, a6, -313
core   0: 1 0x0000000080004796 (0xec786493) x9  0xfffffffffffffec7
core   0: 0x000000008000479a (0x0220513b) divuw   sp, zero, sp
core   0: 1 0x000000008000479a (0x0220513b) x2  0x0000000000000000
core   0: 0x000000008000479e (0x03026b3b) remw    s6, tp, a6
core   0: 1 0x000000008000479e (0x03026b3b) x22 0x0000000000000000
core   0: 0x00000000800047a2 (0x95d17e13) andi    t3, sp, -1699
core   0: 1 0x00000000800047a2 (0x95d17e13) x28 0x0000000000000000
core   0: 0x00000000800047a6 (0x31a17b73) csrrci  s6, menvcfgh, 2
core   0: exception trap_illegal_instruction, epc 0x00000000800047a6
core   0:           tval 0x0000000031a17b73
core   0: >>>>  $xrv64i2p1_m2p0_a2p1_f2p2_d2p2_zicsr2p0_zifencei2p0_zmmul1p0_zba1p0_zbb1p0_zbc1p0_zbs1p0
core   0: 0x0000000080004000 (0x0080006f) j       pc + 0x8
core   0: 3 0x0000000080004000 (0x0080006f)
core   0: >>>>  mmode_exception_handler
core   0: 0x0000000080004008 (0x00002c17) auipc   s8, 0x2
core   0: 3 0x0000000080004008 (0x00002c17) x24 0x0000000080006008
core   0: 0x000000008000400c (0xffcc0c13) addi    s8, s8, -4
core   0: 3 0x000000008000400c (0xffcc0c13) x24 0x0000000080006004
core   0: 0x0000000080004010 (0x000c00e7) jalr    s8
core   0: 3 0x0000000080004010 (0x000c00e7) x1  0x0000000080004014
core   0: >>>>  any_handler
core   0: 0x0000000080006004 (0x341027f3) csrrs   a5, mepc, zero
core   0: 3 0x0000000080006004 (0x341027f3) x15 0x00000000800047a6
core   0: 0x0000000080006008 (0x34202773) csrrs   a4, mcause, zero
core   0: 3 0x0000000080006008 (0x34202773) x14 0x0000000000000002
core   0: 0x000000008000600c (0x142026f3) csrrs   a3, scause, zero
core   0: 3 0x000000008000600c (0x142026f3) x13 0x000000000000001f
core   0: 0x0000000080006010 (0x30402673) csrrs   a2, mie, zero
core   0: 3 0x0000000080006010 (0x30402673) x12 0x0000000000000a00
core   0: 0x0000000080006014 (0x344025f3) csrrs   a1, mip, zero
core   0: 3 0x0000000080006014 (0x344025f3) x11 0x0000000000000080
core   0: 0x0000000080006018 (0x343025f3) csrrs   a1, mtval, zero
core   0: 3 0x0000000080006018 (0x343025f3) x11 0x0000000031a17b73
core   0: 0x000000008000601c (0x14302573) csrrs   a0, stval, zero
core   0: 3 0x000000008000601c (0x14302573) x10 0x0000000000000000
core   0: 0x0000000080006020 (0xb02024f3) csrrs   s1, minstret, zero
core   0: 3 0x0000000080006020 (0xb02024f3) x9  0x0000000000000a4c
core   0: 0x0000000080006024 (0x0000a811) c.j     pc + 20
core   0: 3 0x0000000080006024 (0xa811)
core   0: >>>>  mepc_4
core   0: 0x0000000080006038 (0x00000791) c.addi  a5, 4
core   0: 3 0x0000000080006038 (0x0791) x15 0x00000000800047aa
core   0: 0x000000008000603a (0x34179073) csrrw   zero, mepc, a5
core   0: 3 0x000000008000603a (0x34179073) c833_mepc 0x00000000800047aa
core   0: 0x000000008000603e (0x30200073) mret
core   0: 3 0x000000008000603e (0x30200073) c768_mstatus 0x8000000a00106080
core   0: 0x00000000800047aa (0x0feb0213) addi    tp, s6, 254
core   0: 1 0x00000000800047aa (0x0feb0213) x4  0x00000000000000fe
core   0: 0x00000000800047ae (0x2250a5d3) fsgnjx.d fa1, ft1, ft5
core   0: 1 0x00000000800047ae (0x2250a5d3) f11 0xfff8000000000000
core   0: 0x00000000800047b2 (0x0004d49b) srliw   s1, s1, 0
core   0: 1 0x00000000800047b2 (0x0004d49b) x9  0x0000000000000a4c
core   0: 0x00000000800047b6 (0x2b478353) fmin.d  ft6, fa5, fs4
core   0: 1 0x00000000800047b6 (0x2b478353) f6  0x0000000000000000
core   0: 0x00000000800047ba (0x418b07b3) sub     a5, s6, s8
core   0: 1 0x00000000800047ba (0x418b07b3) x15 0xffffffff7fff9ffc
core   0: 0x00000000800047be (0x22f79153) fsgnjn.d ft2, fa5, fa5
core   0: 1 0x00000000800047be (0x22f79153) f2  0x8000000000000000
core   0: 0x00000000800047c2 (0x02e1673b) remw    a4, sp, a4
core   0: 1 0x00000000800047c2 (0x02e1673b) x14 0x0000000000000000
core   0: 0x00000000800047c6 (0x014c05bb) addw    a1, s8, s4
core   0: 1 0x00000000800047c6 (0x014c05bb) x11 0x000000007fffb9dc
core   0: 0x00000000800047ca (0x001b1473) csrrw   s0, fflags, s6
core   0: 1 0x00000000800047ca (0x001b1473) x8  0x0000000000000010 c1_fflags 0x0000000000000000
core   0: 0x00000000800047ce (0x4ccd2337) lui     t1, 0x4ccd2
core   0: 1 0x00000000800047ce (0x4ccd2337) x6  0x000000004ccd2000
core   0: 0x00000000800047d2 (0x0142c3b3) xor     t2, t0, s4
core   0: 1 0x00000000800047d2 (0x0142c3b3) x7  0xffffffffffff59d8
core   0: 0x00000000800047d6 (0xe20f05d3) fmv.x.d a1, ft10
core   0: 1 0x00000000800047d6 (0xe20f05d3) x11 0xfff8000000000000
core   0: 0x00000000800047da (0x40ebd693) srai    a3, s7, 14
core   0: 1 0x00000000800047da (0x40ebd693) x13 0x0000000000000000
core   0: 0x00000000800047de (0xc05f1517) auipc   a0, 0xc05f1
core   0: 1 0x00000000800047de (0xc05f1517) x10 0x00000000405f57de
core   0: 0x00000000800047e2 (0x40d5d2bb) sraw    t0, a1, a3
core   0: 1 0x00000000800047e2 (0x40d5d2bb) x5  0x0000000000000000
core   0: 0x00000000800047e6 (0x0038159b) slliw   a1, a6, 3
core   0: 1 0x00000000800047e6 (0x0038159b) x11 0x0000000000000000
core   0: 0x00000000800047ea (0xbb967cc3) fmadd.d fs9, fa2, fs9, fs7
core   0: 1 0x00000000800047ea (0xbb967cc3) f25 0x7ff8000000000000
core   0: 0x00000000800047ee (0xd035f4d3) fcvt.s.lu fs1, a1
core   0: 1 0x00000000800047ee (0xd035f4d3) f9  0xffffffff00000000
core   0: 0x00000000800047f2 (0x00000001) c.nop
core   0: 1 0x00000000800047f2 (0x0001)
core   0: 0x00000000800047f4 (0x01070cbb) addw    s9, a4, a6
core   0: 1 0x00000000800047f4 (0x01070cbb) x25 0x0000000000000000
core   0: 0x00000000800047f8 (0x23349f53) fsgnjn.d ft10, fs1, fs3
core   0: 1 0x00000000800047f8 (0x23349f53) f30 0xffffffff00000000
core   0: 0x00000000800047fc (0x415e0abb) subw    s5, t3, s5
core   0: 1 0x00000000800047fc (0x415e0abb) x21 0xffffffffffffffff
core   0: 0x0000000080004800 (0x02137333) remu    t1, t1, ra
core   0: 1 0x0000000080004800 (0x02137333) x6  0x000000004ccd2000
core   0: 0x0000000080004804 (0xb25b2d13) slti    s10, s6, -1243
core   0: 1 0x0000000080004804 (0xb25b2d13) x26 0x0000000000000000
core   0: 0x0000000080004808 (0x4016f6d3) fcvt.s.d fa3, fa3
core   0: 1 0x0000000080004808 (0x4016f6d3) f13 0xffffffff00000000
core   0: 0x000000008000480c (0x1a30f0d3) fdiv.d  ft1, ft1, ft3
core   0: 1 0x000000008000480c (0x1a30f0d3) f1  0x7ff8000000000000
core   0: 0x0000000080004810 (0x400d579b) sraiw   a5, s10, 0
core   0: 1 0x0000000080004810 (0x400d579b) x15 0x0000000000000000
core   0: 0x0000000080004814 (0xd21c0353) fcvt.d.wu ft6, s8
core   0: 1 0x0000000080004814 (0xd21c0353) f6  0x41e0000c00800000
core   0: 0x0000000080004818 (0x0287bc33) mulhu   s8, a5, s0
core   0: 1 0x0000000080004818 (0x0287bc33) x24 0x0000000000000000
core   0: 0x000000008000481c (0xa2408c53) fle.d   s8, ft1, ft4
core   0: 1 0x000000008000481c (0xa2408c53) c1_fflags 0x0000000000000010 x24 0x0000000000000000
core   0: 0x0000000080004820 (0x320c21f3) csrrs   gp, mcountinhibit, s8
core   0: exception trap_illegal_instruction, epc 0x0000000080004820
core   0:           tval 0x00000000320c21f3
core   0: >>>>  $xrv64i2p1_m2p0_a2p1_f2p2_d2p2_zicsr2p0_zifencei2p0_zmmul1p0_zba1p0_zbb1p0_zbc1p0_zbs1p0
core   0: 0x0000000080004000 (0x0080006f) j       pc + 0x8
core   0: 3 0x0000000080004000 (0x0080006f)
core   0: >>>>  mmode_exception_handler
core   0: 0x0000000080004008 (0x00002c17) auipc   s8, 0x2
core   0: 3 0x0000000080004008 (0x00002c17) x24 0x0000000080006008
core   0: 0x000000008000400c (0xffcc0c13) addi    s8, s8, -4
core   0: 3 0x000000008000400c (0xffcc0c13) x24 0x0000000080006004
core   0: 0x0000000080004010 (0x000c00e7) jalr    s8
core   0: 3 0x0000000080004010 (0x000c00e7) x1  0x0000000080004014
core   0: >>>>  any_handler
core   0: 0x0000000080006004 (0x341027f3) csrrs   a5, mepc, zero
core   0: 3 0x0000000080006004 (0x341027f3) x15 0x0000000080004820
core   0: 0x0000000080006008 (0x34202773) csrrs   a4, mcause, zero
core   0: 3 0x0000000080006008 (0x34202773) x14 0x0000000000000002
core   0: 0x000000008000600c (0x142026f3) csrrs   a3, scause, zero
core   0: 3 0x000000008000600c (0x142026f3) x13 0x000000000000001f
core   0: 0x0000000080006010 (0x30402673) csrrs   a2, mie, zero
core   0: 3 0x0000000080006010 (0x30402673) x12 0x0000000000000a00
core   0: 0x0000000080006014 (0x344025f3) csrrs   a1, mip, zero
core   0: 3 0x0000000080006014 (0x344025f3) x11 0x0000000000000080
core   0: 0x0000000080006018 (0x343025f3) csrrs   a1, mtval, zero
core   0: 3 0x0000000080006018 (0x343025f3) x11 0x00000000320c21f3
core   0: 0x000000008000601c (0x14302573) csrrs   a0, stval, zero
core   0: 3 0x000000008000601c (0x14302573) x10 0x0000000000000000
core   0: 0x0000000080006020 (0xb02024f3) csrrs   s1, minstret, zero
core   0: 3 0x0000000080006020 (0xb02024f3) x9  0x0000000000000a7a
core   0: 0x0000000080006024 (0x0000a811) c.j     pc + 20
core   0: 3 0x0000000080006024 (0xa811)
core   0: >>>>  mepc_4
core   0: 0x0000000080006038 (0x00000791) c.addi  a5, 4
core   0: 3 0x0000000080006038 (0x0791) x15 0x0000000080004824
core   0: 0x000000008000603a (0x34179073) csrrw   zero, mepc, a5
core   0: 3 0x000000008000603a (0x34179073) c833_mepc 0x0000000080004824
core   0: 0x000000008000603e (0x30200073) mret
core   0: 3 0x000000008000603e (0x30200073) c768_mstatus 0x8000000a00106080
core   0: 0x0000000080004824 (0xd0277a53) fcvt.s.l fs4, a4
core   0: 1 0x0000000080004824 (0xd0277a53) f20 0xffffffff40000000
core   0: 0x0000000080004828 (0x400c52b3) sra     t0, s8, zero
core   0: 1 0x0000000080004828 (0x400c52b3) x5  0x0000000080006004
core   0: 0x000000008000482c (0xc2027453) fcvt.w.d s0, ft4
core   0: 1 0x000000008000482c (0xc2027453) c1_fflags 0x0000000000000010 x8  0x000000007fffffff
core   0: 0x0000000080004830 (0x0195e233) or      tp, a1, s9
core   0: 1 0x0000000080004830 (0x0195e233) x4  0x00000000320c21f3
core   0: 0x0000000080004834 (0x02117bbb) remuw   s7, sp, ra
core   0: 1 0x0000000080004834 (0x02117bbb) x23 0x0000000000000000
core   0: 0x0000000080004838 (0x01dceeb3) or      t4, s9, t4
core   0: 1 0x0000000080004838 (0x01dceeb3) x29 0x000000007fff9f03
core   0: 0x000000008000483c (0x00ec573b) srlw    a4, s8, a4
core   0: 1 0x000000008000483c (0x00ec573b) x14 0x0000000020001801
core   0: 0x0000000080004840 (0x0010059b) addiw   a1, zero, 1
core   0: 1 0x0000000080004840 (0x0010059b) x11 0x0000000000000001
core   0: 0x0000000080004844 (0x0394c4b3) div     s1, s1, s9
core   0: 1 0x0000000080004844 (0x0394c4b3) x9  0xffffffffffffffff
core   0: 0x0000000080004848 (0x00166a93) ori     s5, a2, 1
core   0: 1 0x0000000080004848 (0x00166a93) x21 0x0000000000000a01
core   0: 0x000000008000484c (0x00000001) c.nop
core   0: 1 0x000000008000484c (0x0001)
core   0: 0x000000008000484e (0xd03670d3) fcvt.s.lu ft1, a2
core   0: 1 0x000000008000484e (0xd03670d3) f1  0xffffffff45200000
core   0: 0x0000000080004852 (0x237188d3) fsgnj.d fa7, ft3, fs7
core   0: 1 0x0000000080004852 (0x237188d3) f17 0x7ff8000000000000
core   0: 0x0000000080004856 (0x0002c293) xori    t0, t0, 0
core   0: 1 0x0000000080004856 (0x0002c293) x5  0x0000000080006004
core   0: 0x000000008000485a (0x420a09d3) fcvt.d.s fs3, fs4
core   0: 1 0x000000008000485a (0x420a09d3) f19 0x4000000000000000
core   0: 0x000000008000485e (0x026dda33) divu    s4, s11, t1
core   0: 1 0x000000008000485e (0x026dda33) x20 0x0000000000000000
core   0: 0x0000000080004862 (0x420289d3) fcvt.d.s fs3, ft5
core   0: 1 0x0000000080004862 (0x420289d3) f19 0x43e0000000000000
core   0: 0x0000000080004866 (0x00000001) c.nop
core   0: 1 0x0000000080004866 (0x0001)
core   0: 0x0000000080004868 (0x0141143b) sllw    s0, sp, s4
core   0: 1 0x0000000080004868 (0x0141143b) x8  0x0000000000000000
core   0: 0x000000008000486c (0x5a057e53) fsqrt.d ft8, fa0
core   0: 1 0x000000008000486c (0x5a057e53) f28 0x7ff8000000000000
core   0: 0x0000000080004870 (0x41780d3b) subw    s10, a6, s7
core   0: 1 0x0000000080004870 (0x41780d3b) x26 0x0000000000000000
core   0: 0x0000000080004874 (0xa2170c53) fle.d   s8, fa4, ft1
core   0: 1 0x0000000080004874 (0xa2170c53) c1_fflags 0x0000000000000010 x24 0x0000000000000000
core   0: 0x0000000080004878 (0xc03e7253) fcvt.lu.s tp, ft8
core   0: 1 0x0000000080004878 (0xc03e7253) c1_fflags 0x0000000000000010 x4  0xffffffffffffffff
core   0: 0x000000008000487c (0x03d67cbb) remuw   s9, a2, t4
core   0: 1 0x000000008000487c (0x03d67cbb) x25 0x0000000000000a00
core   0: 0x0000000080004880 (0x23189153) fsgnjn.d ft2, fa7, fa7
core   0: 1 0x0000000080004880 (0x23189153) f2  0xfff8000000000000
core   0: 0x0000000080004884 (0xc21172d3) fcvt.wu.d t0, ft2
core   0: 1 0x0000000080004884 (0xc21172d3) c1_fflags 0x0000000000000010 x5  0xffffffffffffffff
core   0: 0x0000000080004888 (0xf151d973) csrrwi  s2, mconfigptr, 3
core   0: exception trap_illegal_instruction, epc 0x0000000080004888
core   0:           tval 0x00000000f151d973
core   0: >>>>  $xrv64i2p1_m2p0_a2p1_f2p2_d2p2_zicsr2p0_zifencei2p0_zmmul1p0_zba1p0_zbb1p0_zbc1p0_zbs1p0
core   0: 0x0000000080004000 (0x0080006f) j       pc + 0x8
core   0: 3 0x0000000080004000 (0x0080006f)
core   0: >>>>  mmode_exception_handler
core   0: 0x0000000080004008 (0x00002c17) auipc   s8, 0x2
core   0: 3 0x0000000080004008 (0x00002c17) x24 0x0000000080006008
core   0: 0x000000008000400c (0xffcc0c13) addi    s8, s8, -4
core   0: 3 0x000000008000400c (0xffcc0c13) x24 0x0000000080006004
core   0: 0x0000000080004010 (0x000c00e7) jalr    s8
core   0: 3 0x0000000080004010 (0x000c00e7) x1  0x0000000080004014
core   0: >>>>  any_handler
core   0: 0x0000000080006004 (0x341027f3) csrrs   a5, mepc, zero
core   0: 3 0x0000000080006004 (0x341027f3) x15 0x0000000080004888
core   0: 0x0000000080006008 (0x34202773) csrrs   a4, mcause, zero
core   0: 3 0x0000000080006008 (0x34202773) x14 0x0000000000000002
core   0: 0x000000008000600c (0x142026f3) csrrs   a3, scause, zero
core   0: 3 0x000000008000600c (0x142026f3) x13 0x000000000000001f
core   0: 0x0000000080006010 (0x30402673) csrrs   a2, mie, zero
core   0: 3 0x0000000080006010 (0x30402673) x12 0x0000000000000a00
core   0: 0x0000000080006014 (0x344025f3) csrrs   a1, mip, zero
core   0: 3 0x0000000080006014 (0x344025f3) x11 0x0000000000000080
core   0: 0x0000000080006018 (0x343025f3) csrrs   a1, mtval, zero
core   0: 3 0x0000000080006018 (0x343025f3) x11 0x00000000f151d973
core   0: 0x000000008000601c (0x14302573) csrrs   a0, stval, zero
core   0: 3 0x000000008000601c (0x14302573) x10 0x0000000000000000
core   0: 0x0000000080006020 (0xb02024f3) csrrs   s1, minstret, zero
core   0: 3 0x0000000080006020 (0xb02024f3) x9  0x0000000000000aa4
core   0: 0x0000000080006024 (0x0000a811) c.j     pc + 20
core   0: 3 0x0000000080006024 (0xa811)
core   0: >>>>  mepc_4
core   0: 0x0000000080006038 (0x00000791) c.addi  a5, 4
core   0: 3 0x0000000080006038 (0x0791) x15 0x000000008000488c
core   0: 0x000000008000603a (0x34179073) csrrw   zero, mepc, a5
core   0: 3 0x000000008000603a (0x34179073) c833_mepc 0x000000008000488c
core   0: 0x000000008000603e (0x30200073) mret
core   0: 3 0x000000008000603e (0x30200073) c768_mstatus 0x8000000a00106080
core   0: 0x000000008000488c (0x0ff0000f) fence   iorw,iorw
core   0: 1 0x000000008000488c (0x0ff0000f)
core   0: 0x0000000080004890 (0xd2128ad3) fcvt.d.wu fs5, t0
core   0: 1 0x0000000080004890 (0xd2128ad3) f21 0x41efffffffe00000
core   0: 0x0000000080004894 (0x00e90c3b) addw    s8, s2, a4
core   0: 1 0x0000000080004894 (0x00e90c3b) x24 0x0000000000000002
core   0: 0x0000000080004898 (0x004c1dbb) sllw    s11, s8, tp
core   0: 1 0x0000000080004898 (0x004c1dbb) x27 0x0000000000000000
core   0: 0x000000008000489c (0x00000001) c.nop
core   0: 1 0x000000008000489c (0x0001)
core   0: 0x000000008000489e (0x409ed43b) sraw    s0, t4, s1
core   0: 1 0x000000008000489e (0x409ed43b) x8  0x0000000007fff9f0
core   0: 0x00000000800048a2 (0xd21d8cd3) fcvt.d.wu fs9, s11
core   0: 1 0x00000000800048a2 (0xd21d8cd3) f25 0x0000000000000000
core   0: 0x00000000800048a6 (0x01bdd8b3) srl     a7, s11, s11
core   0: 1 0x00000000800048a6 (0x01bdd8b3) x17 0x0000000000000000
core   0: 0x00000000800048aa (0x0000894a) c.mv    s2, s2
core   0: 1 0x00000000800048aa (0x894a) x18 0x0000000000000000
core   0: 0x00000000800048ac (0x0188dc33) srl     s8, a7, s8
core   0: 1 0x00000000800048ac (0x0188dc33) x24 0x0000000000000000
core   0: 0x00000000800048b0 (0xd222f6d3) fcvt.d.l fa3, t0
core   0: 1 0x00000000800048b0 (0xd222f6d3) f13 0xbff0000000000000
core   0: 0x00000000800048b4 (0x0002979b) slliw   a5, t0, 0
core   0: 1 0x00000000800048b4 (0x0002979b) x15 0xffffffffffffffff
core   0: 0x00000000800048b8 (0x00001bce) c.slli  s7, 51
core   0: 1 0x00000000800048b8 (0x1bce) x23 0x0000000000000000
core   0: 0x00000000800048ba (0xd23bf253) fcvt.d.lu ft4, s7
core   0: 1 0x00000000800048ba (0xd23bf253) f4  0x0000000000000000
core   0: 0x00000000800048be (0x401978d3) fcvt.s.d fa7, fs2
core   0: 1 0x00000000800048be (0x401978d3) f17 0xffffffff7fc00000
core   0: 0x00000000800048c2 (0x40c1509b) sraiw   ra, sp, 12
core   0: 1 0x00000000800048c2 (0x40c1509b) x1  0x0000000000000000
core   0: 0x00000000800048c6 (0x420d8bd3) fcvt.d.s fs7, fs11
core   0: 1 0x00000000800048c6 (0x420d8bd3) f23 0xc0a0000000000000
core   0: 0x00000000800048ca (0x0006c313) xori    t1, a3, 0
core   0: 1 0x00000000800048ca (0x0006c313) x6  0x000000000000001f
core   0: 0x00000000800048ce (0xba097943) fmadd.d fs2, fs2, ft0, fs7
core   0: 1 0x00000000800048ce (0xba097943) f18 0x7ff8000000000000
core   0: 0x00000000800048d2 (0xd20c8753) fcvt.d.w fa4, s9
core   0: 1 0x00000000800048d2 (0xd20c8753) f14 0x40a4000000000000
core   0: 0x00000000800048d6 (0xd02cfb53) fcvt.s.l fs6, s9
core   0: 1 0x00000000800048d6 (0xd02cfb53) f22 0xffffffff45200000
core   0: 0x00000000800048da (0x0000116a) c.slli  sp, 58
core   0: 1 0x00000000800048da (0x116a) x2  0x0000000000000000
core   0: 0x00000000800048dc (0x4189d01b) sraiw   zero, s3, 24
core   0: 1 0x00000000800048dc (0x4189d01b)
core   0: 0x00000000800048e0 (0xf6000937) lui     s2, 0xf6000
core   0: 1 0x00000000800048e0 (0xf6000937) x18 0xfffffffff6000000
core   0: 0x00000000800048e4 (0x019b5b1b) srliw   s6, s6, 25
core   0: 1 0x00000000800048e4 (0x019b5b1b) x22 0x0000000000000000
core   0: 0x00000000800048e8 (0x3200d4f3) csrrwi  s1, mcountinhibit, 1
core   0: exception trap_illegal_instruction, epc 0x00000000800048e8
core   0:           tval 0x000000003200d4f3
core   0: >>>>  $xrv64i2p1_m2p0_a2p1_f2p2_d2p2_zicsr2p0_zifencei2p0_zmmul1p0_zba1p0_zbb1p0_zbc1p0_zbs1p0
core   0: 0x0000000080004000 (0x0080006f) j       pc + 0x8
core   0: 3 0x0000000080004000 (0x0080006f)
core   0: >>>>  mmode_exception_handler
core   0: 0x0000000080004008 (0x00002c17) auipc   s8, 0x2
core   0: 3 0x0000000080004008 (0x00002c17) x24 0x0000000080006008
core   0: 0x000000008000400c (0xffcc0c13) addi    s8, s8, -4
core   0: 3 0x000000008000400c (0xffcc0c13) x24 0x0000000080006004
core   0: 0x0000000080004010 (0x000c00e7) jalr    s8
core   0: 3 0x0000000080004010 (0x000c00e7) x1  0x0000000080004014
core   0: >>>>  any_handler
core   0: 0x0000000080006004 (0x341027f3) csrrs   a5, mepc, zero
core   0: 3 0x0000000080006004 (0x341027f3) x15 0x00000000800048e8
core   0: 0x0000000080006008 (0x34202773) csrrs   a4, mcause, zero
core   0: 3 0x0000000080006008 (0x34202773) x14 0x0000000000000002
core   0: 0x000000008000600c (0x142026f3) csrrs   a3, scause, zero
core   0: 3 0x000000008000600c (0x142026f3) x13 0x000000000000001f
core   0: 0x0000000080006010 (0x30402673) csrrs   a2, mie, zero
core   0: 3 0x0000000080006010 (0x30402673) x12 0x0000000000000a00
core   0: 0x0000000080006014 (0x344025f3) csrrs   a1, mip, zero
core   0: 3 0x0000000080006014 (0x344025f3) x11 0x0000000000000080
core   0: 0x0000000080006018 (0x343025f3) csrrs   a1, mtval, zero
core   0: 3 0x0000000080006018 (0x343025f3) x11 0x000000003200d4f3
core   0: 0x000000008000601c (0x14302573) csrrs   a0, stval, zero
core   0: 3 0x000000008000601c (0x14302573) x10 0x0000000000000000
core   0: 0x0000000080006020 (0xb02024f3) csrrs   s1, minstret, zero
core   0: 3 0x0000000080006020 (0xb02024f3) x9  0x0000000000000acd
core   0: 0x0000000080006024 (0x0000a811) c.j     pc + 20
core   0: 3 0x0000000080006024 (0xa811)
core   0: >>>>  mepc_4
core   0: 0x0000000080006038 (0x00000791) c.addi  a5, 4
core   0: 3 0x0000000080006038 (0x0791) x15 0x00000000800048ec
core   0: 0x000000008000603a (0x34179073) csrrw   zero, mepc, a5
core   0: 3 0x000000008000603a (0x34179073) c833_mepc 0x00000000800048ec
core   0: 0x000000008000603e (0x30200073) mret
core   0: 3 0x000000008000603e (0x30200073) c768_mstatus 0x8000000a00106080
core   0: 0x00000000800048ec (0x2b9a1153) fmax.d  ft2, fs4, fs9
core   0: 1 0x00000000800048ec (0x2b9a1153) f2  0x0000000000000000
core   0: 0x00000000800048f0 (0x4049d913) srai    s2, s3, 4
core   0: 1 0x00000000800048f0 (0x4049d913) x18 0x0000000000000004
core   0: 0x00000000800048f4 (0x0139a5b3) slt     a1, s3, s3
core   0: 1 0x00000000800048f4 (0x0139a5b3) x11 0x0000000000000000
core   0: 0x00000000800048f8 (0x0081d433) srl     s0, gp, s0
core   0: 1 0x00000000800048f8 (0x0081d433) x8  0x0000000000000000
core   0: 0x00000000800048fc (0x012b58b3) srl     a7, s6, s2
core   0: 1 0x00000000800048fc (0x012b58b3) x17 0x0000000000000000
core   0: 0x0000000080004900 (0xd0756593) ori     a1, a0, -761
core   0: 1 0x0000000080004900 (0xd0756593) x11 0xfffffffffffffd07
core   0: 0x0000000080004904 (0xc21f7c53) fcvt.wu.d s8, ft10
core   0: 1 0x0000000080004904 (0xc21f7c53) c1_fflags 0x0000000000000010 x24 0xffffffffffffffff
core   0: 0x0000000080004908 (0x00016993) ori     s3, sp, 0
core   0: 1 0x0000000080004908 (0x00016993) x19 0x0000000000000000
core   0: 0x000000008000490c (0x03b4e4b3) rem     s1, s1, s11
core   0: 1 0x000000008000490c (0x03b4e4b3) x9  0x0000000000000acd
core   0: 0x0000000080004910 (0x414056b3) sra     a3, zero, s4
core   0: 1 0x0000000080004910 (0x414056b3) x13 0x0000000000000000
core   0: 0x0000000080004914 (0x41fa559b) sraiw   a1, s4, 31
core   0: 1 0x0000000080004914 (0x41fa559b) x11 0x0000000000000000
core   0: 0x0000000080004918 (0x410d571b) sraiw   a4, s10, 16
core   0: 1 0x0000000080004918 (0x410d571b) x14 0x0000000000000000
core   0: 0x000000008000491c (0x42008153) fcvt.d.s ft2, ft1
core   0: 1 0x000000008000491c (0x42008153) f2  0x40a4000000000000
core   0: 0x0000000080004920 (0x026a2633) mulhsu  a2, s4, t1
core   0: 1 0x0000000080004920 (0x026a2633) x12 0x0000000000000000
core   0: 0x0000000080004924 (0x0000137d) c.addi  t1, -1
core   0: 1 0x0000000080004924 (0x137d) x6  0x000000000000001e
core   0: 0x0000000080004926 (0x00680133) add     sp, a6, t1
core   0: 1 0x0000000080004926 (0x00680133) x2  0x000000000000001e
core   0: 0x000000008000492a (0x5a0fffd3) fsqrt.d ft11, ft11
core   0: 1 0x000000008000492a (0x5a0fffd3) f31 0x7ff8000000000000
core   0: 0x000000008000492e (0xf69b7413) andi    s0, s6, -151
core   0: 1 0x000000008000492e (0xf69b7413) x8  0x0000000000000000
core   0: 0x0000000080004932 (0x00b42b33) slt     s6, s0, a1
core   0: 1 0x0000000080004932 (0x00b42b33) x22 0x0000000000000000
core   0: 0x0000000080004936 (0xd2317353) fcvt.d.lu ft6, sp
core   0: 1 0x0000000080004936 (0xd2317353) f6  0x403e000000000000
core   0: 0x000000008000493a (0x0169c8b3) xor     a7, s3, s6
core   0: 1 0x000000008000493a (0x0169c8b3) x17 0x0000000000000000
core   0: 0x000000008000493e (0xc22bfa53) fcvt.l.d s4, fs7
core   0: 1 0x000000008000493e (0xc22bfa53) x20 0xfffffffffffff800
core   0: 0x0000000080004942 (0x023d84b3) mul     s1, s11, gp
core   0: 1 0x0000000080004942 (0x023d84b3) x9  0x0000000000000000
core   0: 0x0000000080004946 (0x4043d63b) sraw    a2, t2, tp
core   0: 1 0x0000000080004946 (0x4043d63b) x12 0xffffffffffffffff
core   0: 0x000000008000494a (0xa3660453) fle.d   s0, fa2, fs6
core   0: 1 0x000000008000494a (0xa3660453) c1_fflags 0x0000000000000010 x8  0x0000000000000000
core   0: 0x000000008000494e (0xc23df153) fcvt.lu.d sp, fs11
core   0: 1 0x000000008000494e (0xc23df153) c1_fflags 0x0000000000000010 x2  0xffffffffffffffff
core   0: 0x0000000080004952 (0x013726b3) slt     a3, a4, s3
core   0: 1 0x0000000080004952 (0x013726b3) x13 0x0000000000000000
core   0: 0x0000000080004956 (0x00004013) xori    zero, zero, 0
core   0: 1 0x0000000080004956 (0x00004013)
core   0: 0x000000008000495a (0x02bcf5bb) remuw   a1, s9, a1
core   0: 1 0x000000008000495a (0x02bcf5bb) x11 0x0000000000000a00
core   0: 0x000000008000495e (0x02b49813) slli    a6, s1, 43
core   0: 1 0x000000008000495e (0x02b49813) x16 0x0000000000000000
core   0: 0x0000000080004962 (0x413bdcbb) sraw    s9, s7, s3
core   0: 1 0x0000000080004962 (0x413bdcbb) x25 0x0000000000000000
core   0: 0x0000000080004966 (0xd20c8f53) fcvt.d.w ft10, s9
core   0: 1 0x0000000080004966 (0xd20c8f53) f30 0x0000000000000000
core   0: 0x000000008000496a (0x9ed10113) addi    sp, sp, -1555
core   0: 1 0x000000008000496a (0x9ed10113) x2  0xfffffffffffff9ec
core   0: 0x000000008000496e (0xf149e373) csrrsi  t1, mhartid, 19
core   0: exception trap_illegal_instruction, epc 0x000000008000496e
core   0:           tval 0x00000000f149e373
core   0: >>>>  $xrv64i2p1_m2p0_a2p1_f2p2_d2p2_zicsr2p0_zifencei2p0_zmmul1p0_zba1p0_zbb1p0_zbc1p0_zbs1p0
core   0: 0x0000000080004000 (0x0080006f) j       pc + 0x8
core   0: 3 0x0000000080004000 (0x0080006f)
core   0: >>>>  mmode_exception_handler
core   0: 0x0000000080004008 (0x00002c17) auipc   s8, 0x2
core   0: 3 0x0000000080004008 (0x00002c17) x24 0x0000000080006008
core   0: 0x000000008000400c (0xffcc0c13) addi    s8, s8, -4
core   0: 3 0x000000008000400c (0xffcc0c13) x24 0x0000000080006004
core   0: 0x0000000080004010 (0x000c00e7) jalr    s8
core   0: 3 0x0000000080004010 (0x000c00e7) x1  0x0000000080004014
core   0: >>>>  any_handler
core   0: 0x0000000080006004 (0x341027f3) csrrs   a5, mepc, zero
core   0: 3 0x0000000080006004 (0x341027f3) x15 0x000000008000496e
core   0: 0x0000000080006008 (0x34202773) csrrs   a4, mcause, zero
core   0: 3 0x0000000080006008 (0x34202773) x14 0x0000000000000002
core   0: 0x000000008000600c (0x142026f3) csrrs   a3, scause, zero
core   0: 3 0x000000008000600c (0x142026f3) x13 0x000000000000001f
core   0: 0x0000000080006010 (0x30402673) csrrs   a2, mie, zero
core   0: 3 0x0000000080006010 (0x30402673) x12 0x0000000000000a00
core   0: 0x0000000080006014 (0x344025f3) csrrs   a1, mip, zero
core   0: 3 0x0000000080006014 (0x344025f3) x11 0x0000000000000080
core   0: 0x0000000080006018 (0x343025f3) csrrs   a1, mtval, zero
core   0: 3 0x0000000080006018 (0x343025f3) x11 0x00000000f149e373
core   0: 0x000000008000601c (0x14302573) csrrs   a0, stval, zero
core   0: 3 0x000000008000601c (0x14302573) x10 0x0000000000000000
core   0: 0x0000000080006020 (0xb02024f3) csrrs   s1, minstret, zero
core   0: 3 0x0000000080006020 (0xb02024f3) x9  0x0000000000000afe
core   0: 0x0000000080006024 (0x0000a811) c.j     pc + 20
core   0: 3 0x0000000080006024 (0xa811)
core   0: >>>>  mepc_4
core   0: 0x0000000080006038 (0x00000791) c.addi  a5, 4
core   0: 3 0x0000000080006038 (0x0791) x15 0x0000000080004972
core   0: 0x000000008000603a (0x34179073) csrrw   zero, mepc, a5
core   0: 3 0x000000008000603a (0x34179073) c833_mepc 0x0000000080004972
core   0: 0x000000008000603e (0x30200073) mret
core   0: 3 0x000000008000603e (0x30200073) c768_mstatus 0x8000000a00106080
core   0: 0x0000000080004972 (0xc035b3f3) csrrc   t2, hpmcounter3, a1
core   0: exception trap_illegal_instruction, epc 0x0000000080004972
core   0:           tval 0x00000000c035b3f3
core   0: >>>>  $xrv64i2p1_m2p0_a2p1_f2p2_d2p2_zicsr2p0_zifencei2p0_zmmul1p0_zba1p0_zbb1p0_zbc1p0_zbs1p0
core   0: 0x0000000080004000 (0x0080006f) j       pc + 0x8
core   0: 3 0x0000000080004000 (0x0080006f)
core   0: >>>>  mmode_exception_handler
core   0: 0x0000000080004008 (0x00002c17) auipc   s8, 0x2
core   0: 3 0x0000000080004008 (0x00002c17) x24 0x0000000080006008
core   0: 0x000000008000400c (0xffcc0c13) addi    s8, s8, -4
core   0: 3 0x000000008000400c (0xffcc0c13) x24 0x0000000080006004
core   0: 0x0000000080004010 (0x000c00e7) jalr    s8
core   0: 3 0x0000000080004010 (0x000c00e7) x1  0x0000000080004014
core   0: >>>>  any_handler
core   0: 0x0000000080006004 (0x341027f3) csrrs   a5, mepc, zero
core   0: 3 0x0000000080006004 (0x341027f3) x15 0x0000000080004972
core   0: 0x0000000080006008 (0x34202773) csrrs   a4, mcause, zero
core   0: 3 0x0000000080006008 (0x34202773) x14 0x0000000000000002
core   0: 0x000000008000600c (0x142026f3) csrrs   a3, scause, zero
core   0: 3 0x000000008000600c (0x142026f3) x13 0x000000000000001f
core   0: 0x0000000080006010 (0x30402673) csrrs   a2, mie, zero
core   0: 3 0x0000000080006010 (0x30402673) x12 0x0000000000000a00
core   0: 0x0000000080006014 (0x344025f3) csrrs   a1, mip, zero
core   0: 3 0x0000000080006014 (0x344025f3) x11 0x0000000000000080
core   0: 0x0000000080006018 (0x343025f3) csrrs   a1, mtval, zero
core   0: 3 0x0000000080006018 (0x343025f3) x11 0x00000000c035b3f3
core   0: 0x000000008000601c (0x14302573) csrrs   a0, stval, zero
core   0: 3 0x000000008000601c (0x14302573) x10 0x0000000000000000
core   0: 0x0000000080006020 (0xb02024f3) csrrs   s1, minstret, zero
core   0: 3 0x0000000080006020 (0xb02024f3) x9  0x0000000000000b0e
core   0: 0x0000000080006024 (0x0000a811) c.j     pc + 20
core   0: 3 0x0000000080006024 (0xa811)
core   0: >>>>  mepc_4
core   0: 0x0000000080006038 (0x00000791) c.addi  a5, 4
core   0: 3 0x0000000080006038 (0x0791) x15 0x0000000080004976
core   0: 0x000000008000603a (0x34179073) csrrw   zero, mepc, a5
core   0: 3 0x000000008000603a (0x34179073) c833_mepc 0x0000000080004976
core   0: 0x000000008000603e (0x30200073) mret
core   0: 3 0x000000008000603e (0x30200073) c768_mstatus 0x8000000a00106080
core   0: 0x0000000080004976 (0x005a9abb) sllw    s5, s5, t0
core   0: 1 0x0000000080004976 (0x005a9abb) x21 0xffffffff80000000
core   0: 0x000000008000497a (0x00000001) c.nop
core   0: 1 0x000000008000497a (0x0001)
core   0: 0x000000008000497c (0x01549dbb) sllw    s11, s1, s5
core   0: 1 0x000000008000497c (0x01549dbb) x27 0x0000000000000b0e
core   0: 0x0000000080004980 (0x07cdfb93) andi    s7, s11, 124
core   0: 1 0x0000000080004980 (0x07cdfb93) x23 0x000000000000000c
core   0: 0x0000000080004984 (0xe20f0e53) fmv.x.d t3, ft10
core   0: 1 0x0000000080004984 (0xe20f0e53) x28 0x0000000000000000
core   0: 0x0000000080004988 (0x00905637) lui     a2, 0x905
core   0: 1 0x0000000080004988 (0x00905637) x12 0x0000000000905000
core   0: 0x000000008000498c (0x0476061b) addiw   a2, a2, 71
core   0: 1 0x000000008000498c (0x0476061b) x12 0x0000000000905047
core   0: 0x0000000080004990 (0x00000636) c.slli  a2, 13
core   0: 1 0x0000000080004990 (0x0636) x12 0x000000120a08e000
core   0: 0x0000000080004992 (0x2d160613) addi    a2, a2, 721
core   0: 1 0x0000000080004992 (0x2d160613) x12 0x000000120a08e2d1
core   0: 0x0000000080004996 (0x01ce25b3) slt     a1, t3, t3
core   0: 1 0x0000000080004996 (0x01ce25b3) x11 0x0000000000000000
core   0: 0x000000008000499a (0x011b1b3b) sllw    s6, s6, a7
core   0: 1 0x000000008000499a (0x011b1b3b) x22 0x0000000000000000
core   0: 0x000000008000499e (0x00008ede) c.mv    t4, s7
core   0: 1 0x000000008000499e (0x8ede) x29 0x000000000000000c
core   0: 0x00000000800049a0 (0x401e7253) fcvt.s.d ft4, ft8
core   0: 1 0x00000000800049a0 (0x401e7253) f4  0xffffffff7fc00000
core   0: 0x00000000800049a4 (0x5a047453) fsqrt.d fs0, fs0
core   0: 1 0x00000000800049a4 (0x5a047453) f8  0x7ff8000000000000
core   0: 0x00000000800049a8 (0x417808bb) subw    a7, a6, s7
core   0: 1 0x00000000800049a8 (0x417808bb) x17 0xfffffffffffffff4
core   0: 0x00000000800049ac (0xa3608c53) fle.d   s8, ft1, fs6
core   0: 1 0x00000000800049ac (0xa3608c53) c1_fflags 0x0000000000000010 x24 0x0000000000000000
core   0: 0x00000000800049b0 (0xc22b7353) fcvt.l.d t1, fs6
core   0: 1 0x00000000800049b0 (0xc22b7353) c1_fflags 0x0000000000000010 x6  0x7fffffffffffffff
core   0: 0x00000000800049b4 (0xb61bf993) andi    s3, s7, -1183
core   0: 1 0x00000000800049b4 (0xb61bf993) x19 0x0000000000000000
core   0: 0x00000000800049b8 (0xf20a84d3) fmv.d.x fs1, s5
core   0: 1 0x00000000800049b8 (0xf20a84d3) f9  0xffffffff80000000
core   0: 0x00000000800049bc (0x0150503b) srlw    zero, zero, s5
core   0: 1 0x00000000800049bc (0x0150503b)
core   0: 0x00000000800049c0 (0x430ce693) ori     a3, s9, 1072
core   0: 1 0x00000000800049c0 (0x430ce693) x13 0x0000000000000430
core   0: 0x00000000800049c4 (0x418c57b3) sra     a5, s8, s8
core   0: 1 0x00000000800049c4 (0x418c57b3) x15 0x0000000000000000
core   0: 0x00000000800049c8 (0x2325a3d3) fsgnjx.d ft7, fa1, fs2
core   0: 1 0x00000000800049c8 (0x2325a3d3) f7  0xfff8000000000000
core   0: 0x00000000800049cc (0xd237fbd3) fcvt.d.lu fs7, a5
core   0: 1 0x00000000800049cc (0xd237fbd3) f23 0x0000000000000000
core   0: 0x00000000800049d0 (0x00000001) c.nop
core   0: 1 0x00000000800049d0 (0x0001)
core   0: 0x00000000800049d2 (0x018d9a33) sll     s4, s11, s8
core   0: 1 0x00000000800049d2 (0x018d9a33) x20 0x0000000000000b0e
core   0: 0x00000000800049d6 (0xd21a8253) fcvt.d.wu ft4, s5
core   0: 1 0x00000000800049d6 (0xd21a8253) f4  0x41e0000000000000
core   0: 0x00000000800049da (0x8002029b) addiw   t0, tp, -2048
core   0: 1 0x00000000800049da (0x8002029b) x5  0xfffffffffffff7ff
core   0: 0x00000000800049de (0x022c4ebb) divw    t4, s8, sp
core   0: 1 0x00000000800049de (0x022c4ebb) x29 0x0000000000000000
core   0: 0x00000000800049e2 (0x03dec733) div     a4, t4, t4
core   0: 1 0x00000000800049e2 (0x03dec733) x14 0xffffffffffffffff
core   0: 0x00000000800049e6 (0x01c295b3) sll     a1, t0, t3
core   0: 1 0x00000000800049e6 (0x01c295b3) x11 0xfffffffffffff7ff
core   0: 0x00000000800049ea (0x343133f3) csrrc   t2, mtval, sp
core   0: exception trap_illegal_instruction, epc 0x00000000800049ea
core   0:           tval 0x00000000343133f3
core   0: >>>>  $xrv64i2p1_m2p0_a2p1_f2p2_d2p2_zicsr2p0_zifencei2p0_zmmul1p0_zba1p0_zbb1p0_zbc1p0_zbs1p0
core   0: 0x0000000080004000 (0x0080006f) j       pc + 0x8
core   0: 3 0x0000000080004000 (0x0080006f)
core   0: >>>>  mmode_exception_handler
core   0: 0x0000000080004008 (0x00002c17) auipc   s8, 0x2
core   0: 3 0x0000000080004008 (0x00002c17) x24 0x0000000080006008
core   0: 0x000000008000400c (0xffcc0c13) addi    s8, s8, -4
core   0: 3 0x000000008000400c (0xffcc0c13) x24 0x0000000080006004
core   0: 0x0000000080004010 (0x000c00e7) jalr    s8
core   0: 3 0x0000000080004010 (0x000c00e7) x1  0x0000000080004014
core   0: >>>>  any_handler
core   0: 0x0000000080006004 (0x341027f3) csrrs   a5, mepc, zero
core   0: 3 0x0000000080006004 (0x341027f3) x15 0x00000000800049ea
core   0: 0x0000000080006008 (0x34202773) csrrs   a4, mcause, zero
core   0: 3 0x0000000080006008 (0x34202773) x14 0x0000000000000002
core   0: 0x000000008000600c (0x142026f3) csrrs   a3, scause, zero
core   0: 3 0x000000008000600c (0x142026f3) x13 0x000000000000001f
core   0: 0x0000000080006010 (0x30402673) csrrs   a2, mie, zero
core   0: 3 0x0000000080006010 (0x30402673) x12 0x0000000000000a00
core   0: 0x0000000080006014 (0x344025f3) csrrs   a1, mip, zero
core   0: 3 0x0000000080006014 (0x344025f3) x11 0x0000000000000080
core   0: 0x0000000080006018 (0x343025f3) csrrs   a1, mtval, zero
core   0: 3 0x0000000080006018 (0x343025f3) x11 0x00000000343133f3
core   0: 0x000000008000601c (0x14302573) csrrs   a0, stval, zero
core   0: 3 0x000000008000601c (0x14302573) x10 0x0000000000000000
core   0: 0x0000000080006020 (0xb02024f3) csrrs   s1, minstret, zero
core   0: 3 0x0000000080006020 (0xb02024f3) x9  0x0000000000000b3d
core   0: 0x0000000080006024 (0x0000a811) c.j     pc + 20
core   0: 3 0x0000000080006024 (0xa811)
core   0: >>>>  mepc_4
core   0: 0x0000000080006038 (0x00000791) c.addi  a5, 4
core   0: 3 0x0000000080006038 (0x0791) x15 0x00000000800049ee
core   0: 0x000000008000603a (0x34179073) csrrw   zero, mepc, a5
core   0: 3 0x000000008000603a (0x34179073) c833_mepc 0x00000000800049ee
core   0: 0x000000008000603e (0x30200073) mret
core   0: 3 0x000000008000603e (0x30200073) c768_mstatus 0x8000000a00106080
core   0: 0x00000000800049ee (0xd21288d3) fcvt.d.wu fa7, t0
core   0: 1 0x00000000800049ee (0xd21288d3) f17 0x41effffeffe00000
core   0: 0x00000000800049f2 (0x7ff3f313) andi    t1, t2, 2047
core   0: 1 0x00000000800049f2 (0x7ff3f313) x6  0x00000000000001d8
core   0: 0x00000000800049f6 (0x00075c1b) srliw   s8, a4, 0
core   0: 1 0x00000000800049f6 (0x00075c1b) x24 0x0000000000000002
core   0: 0x00000000800049fa (0xe20889d3) fmv.x.d s3, fa7
core   0: 1 0x00000000800049fa (0xe20889d3) x19 0x41effffeffe00000
core   0: 0x00000000800049fe (0x00008885) c.andi  s1, 1
core   0: 1 0x00000000800049fe (0x8885) x9  0x0000000000000001
core   0: 0x0000000080004a00 (0x409a5833) sra     a6, s4, s1
core   0: 1 0x0000000080004a00 (0x409a5833) x16 0x0000000000000587
core   0: 0x0000000080004a04 (0x02dc46bb) divw    a3, s8, a3
core   0: 1 0x0000000080004a04 (0x02dc46bb) x13 0x0000000000000000
core   0: 0x0000000080004a08 (0x00000001) c.nop
core   0: 1 0x0000000080004a08 (0x0001)
core   0: 0x0000000080004a0a (0x00000001) c.nop
core   0: 1 0x0000000080004a0a (0x0001)
core   0: 0x0000000080004a0c (0xe6ed8d93) addi    s11, s11, -402
core   0: 1 0x0000000080004a0c (0xe6ed8d93) x27 0x000000000000097c
core   0: 0x0000000080004a10 (0x0101e2b3) or      t0, gp, a6
core   0: 1 0x0000000080004a10 (0x0101e2b3) x5  0x000000007fff9f87
core   0: 0x0000000080004a14 (0x3e7d831b) addiw   t1, s11, 999
core   0: 1 0x0000000080004a14 (0x3e7d831b) x6  0x0000000000000d63
core   0: 0x0000000080004a18 (0x0033a837) lui     a6, 0x33a
core   0: 1 0x0000000080004a18 (0x0033a837) x16 0x000000000033a000
core   0: 0x0000000080004a1c (0x00544433) xor     s0, s0, t0
core   0: 1 0x0000000080004a1c (0x00544433) x8  0x000000007fff9f87
core   0: 0x0000000080004a20 (0x420a0b53) fcvt.d.s fs6, fs4
core   0: 1 0x0000000080004a20 (0x420a0b53) f22 0x4000000000000000
core   0: 0x0000000080004a24 (0x03081c33) mulh    s8, a6, a6
core   0: 1 0x0000000080004a24 (0x03081c33) x24 0x0000000000000000
core   0: 0x0000000080004a28 (0x02e25e93) srli    t4, tp, 46
core   0: 1 0x0000000080004a28 (0x02e25e93) x29 0x000000000003ffff
core   0: 0x0000000080004a2c (0xe89e4813) xori    a6, t3, -375
core   0: 1 0x0000000080004a2c (0xe89e4813) x16 0xfffffffffffffe89
core   0: 0x0000000080004a30 (0x41045733) sra     a4, s0, a6
core   0: 1 0x0000000080004a30 (0x41045733) x14 0x00000000003fffcf
core   0: 0x0000000080004a34 (0x4063d193) srai    gp, t2, 6
core   0: 1 0x0000000080004a34 (0x4063d193) x3  0xfffffffffffffd67
core   0: 0x0000000080004a38 (0x4182dabb) sraw    s5, t0, s8
core   0: 1 0x0000000080004a38 (0x4182dabb) x21 0x000000007fff9f87
core   0: 0x0000000080004a3c (0x02ba8733) mul     a4, s5, a1
core   0: 1 0x0000000080004a3c (0x02ba8733) x14 0x1a18864e61435225
core   0: 0x0000000080004a40 (0x401972d3) fcvt.s.d ft5, fs2
core   0: 1 0x0000000080004a40 (0x401972d3) f5  0xffffffff7fc00000
core   0: 0x0000000080004a44 (0xd2070053) fcvt.d.w ft0, a4
core   0: 1 0x0000000080004a44 (0xd2070053) f0  0x41d850d489400000
core   0: 0x0000000080004a48 (0x237b8653) fsgnj.d fa2, fs7, fs7
core   0: 1 0x0000000080004a48 (0x237b8653) f12 0x0000000000000000
core   0: 0x0000000080004a4c (0x023c4c33) div     s8, s8, gp
core   0: 1 0x0000000080004a4c (0x023c4c33) x24 0x0000000000000000
core   0: 0x0000000080004a50 (0x00128a1b) addiw   s4, t0, 1
core   0: 1 0x0000000080004a50 (0x00128a1b) x20 0x000000007fff9f88
core   0: 0x0000000080004a54 (0x00965c3b) srlw    s8, a2, s1
core   0: 1 0x0000000080004a54 (0x00965c3b) x24 0x0000000000000500
core   0: 0x0000000080004a58 (0x223e2e53) fsgnjx.d ft8, ft8, ft3
core   0: 1 0x0000000080004a58 (0x223e2e53) f28 0xfff8000000000000
core   0: 0x0000000080004a5c (0x5edf1697) auipc   a3, 0x5edf1
core   0: 1 0x0000000080004a5c (0x5edf1697) x13 0x00000000dedf5a5c
core   0: 0x0000000080004a60 (0x0107513b) srlw    sp, a4, a6
core   0: 1 0x0000000080004a60 (0x0107513b) x2  0x000000000030a1a9
core   0: 0x0000000080004a64 (0xe2088ed3) fmv.x.d t4, fa7
core   0: 1 0x0000000080004a64 (0xe2088ed3) x29 0x41effffeffe00000
core   0: 0x0000000080004a68 (0x00ce559b) srliw   a1, t3, 12
core   0: 1 0x0000000080004a68 (0x00ce559b) x11 0x0000000000000000
core   0: 0x0000000080004a6c (0xd025f4d3) fcvt.s.l fs1, a1
core   0: 1 0x0000000080004a6c (0xd025f4d3) f9  0xffffffff00000000
core   0: 0x0000000080004a70 (0x01f1919b) slliw   gp, gp, 31
core   0: 1 0x0000000080004a70 (0x01f1919b) x3  0xffffffff80000000
core   0: 0x0000000080004a74 (0x00000001) c.nop
core   0: 1 0x0000000080004a74 (0x0001)
core   0: 0x0000000080004a76 (0xd20d8253) fcvt.d.w ft4, s11
core   0: 1 0x0000000080004a76 (0xd20d8253) f4  0x40a2f80000000000
core   0: 0x0000000080004a7a (0xf1537873) csrrci  a6, mconfigptr, 6
core   0: exception trap_illegal_instruction, epc 0x0000000080004a7a
core   0:           tval 0x00000000f1537873
core   0: >>>>  $xrv64i2p1_m2p0_a2p1_f2p2_d2p2_zicsr2p0_zifencei2p0_zmmul1p0_zba1p0_zbb1p0_zbc1p0_zbs1p0
core   0: 0x0000000080004000 (0x0080006f) j       pc + 0x8
core   0: 3 0x0000000080004000 (0x0080006f)
core   0: >>>>  mmode_exception_handler
core   0: 0x0000000080004008 (0x00002c17) auipc   s8, 0x2
core   0: 3 0x0000000080004008 (0x00002c17) x24 0x0000000080006008
core   0: 0x000000008000400c (0xffcc0c13) addi    s8, s8, -4
core   0: 3 0x000000008000400c (0xffcc0c13) x24 0x0000000080006004
core   0: 0x0000000080004010 (0x000c00e7) jalr    s8
core   0: 3 0x0000000080004010 (0x000c00e7) x1  0x0000000080004014
core   0: >>>>  any_handler
core   0: 0x0000000080006004 (0x341027f3) csrrs   a5, mepc, zero
core   0: 3 0x0000000080006004 (0x341027f3) x15 0x0000000080004a7a
core   0: 0x0000000080006008 (0x34202773) csrrs   a4, mcause, zero
core   0: 3 0x0000000080006008 (0x34202773) x14 0x0000000000000002
core   0: 0x000000008000600c (0x142026f3) csrrs   a3, scause, zero
core   0: 3 0x000000008000600c (0x142026f3) x13 0x000000000000001f
core   0: 0x0000000080006010 (0x30402673) csrrs   a2, mie, zero
core   0: 3 0x0000000080006010 (0x30402673) x12 0x0000000000000a00
core   0: 0x0000000080006014 (0x344025f3) csrrs   a1, mip, zero
core   0: 3 0x0000000080006014 (0x344025f3) x11 0x0000000000000080
core   0: 0x0000000080006018 (0x343025f3) csrrs   a1, mtval, zero
core   0: 3 0x0000000080006018 (0x343025f3) x11 0x00000000f1537873
core   0: 0x000000008000601c (0x14302573) csrrs   a0, stval, zero
core   0: 3 0x000000008000601c (0x14302573) x10 0x0000000000000000
core   0: 0x0000000080006020 (0xb02024f3) csrrs   s1, minstret, zero
core   0: 3 0x0000000080006020 (0xb02024f3) x9  0x0000000000000b72
core   0: 0x0000000080006024 (0x0000a811) c.j     pc + 20
core   0: 3 0x0000000080006024 (0xa811)
core   0: >>>>  mepc_4
core   0: 0x0000000080006038 (0x00000791) c.addi  a5, 4
core   0: 3 0x0000000080006038 (0x0791) x15 0x0000000080004a7e
core   0: 0x000000008000603a (0x34179073) csrrw   zero, mepc, a5
core   0: 3 0x000000008000603a (0x34179073) c833_mepc 0x0000000080004a7e
core   0: 0x000000008000603e (0x30200073) mret
core   0: 3 0x000000008000603e (0x30200073) c768_mstatus 0x8000000a00106080
core   0: 0x0000000080004a7e (0xd21e8b53) fcvt.d.wu fs6, t4
core   0: 1 0x0000000080004a7e (0xd21e8b53) f22 0x41effc0000000000
core   0: 0x0000000080004a82 (0x4085d893) srai    a7, a1, 8
core   0: 1 0x0000000080004a82 (0x4085d893) x17 0x0000000000f15378
core   0: 0x0000000080004a86 (0x00000001) c.nop
core   0: 1 0x0000000080004a86 (0x0001)
core   0: 0x0000000080004a88 (0x02620dbb) mulw    s11, tp, t1
core   0: 1 0x0000000080004a88 (0x02620dbb) x27 0xfffffffffffff29d
core   0: 0x0000000080004a8c (0x016e1e33) sll     t3, t3, s6
core   0: 1 0x0000000080004a8c (0x016e1e33) x28 0x0000000000000000
core   0: 0x0000000080004a90 (0xb289f44f) fnmadd.d fs0, fs3, fs0, fs6
core   0: 1 0x0000000080004a90 (0xb289f44f) f8  0x7ff8000000000000
core   0: 0x0000000080004a94 (0xc22af2d3) fcvt.l.d t0, fs5
core   0: 1 0x0000000080004a94 (0xc22af2d3) x5  0x00000000ffffffff
core   0: 0x0000000080004a98 (0xd232fed3) fcvt.d.lu ft9, t0
core   0: 1 0x0000000080004a98 (0xd232fed3) f29 0x41efffffffe00000
core   0: 0x0000000080004a9c (0xa258a3d3) feq.d   t2, fa7, ft5
core   0: 1 0x0000000080004a9c (0xa258a3d3) x7  0x0000000000000000
core   0: 0x0000000080004aa0 (0x002810f3) csrrw   ra, frm, a6
core   0: 1 0x0000000080004aa0 (0x002810f3) x1  0x0000000000000000 c2_frm 0x0000000000000001
core   0: 0x0000000080004aa4 (0x015c4c33) xor     s8, s8, s5
core   0: 1 0x0000000080004aa4 (0x015c4c33) x24 0x00000000ffffff83
core   0: 0x0000000080004aa8 (0x00119773) csrrw   a4, fflags, gp
core   0: 1 0x0000000080004aa8 (0x00119773) x14 0x0000000000000010 c1_fflags 0x0000000000000000
core   0: 0x0000000080004aac (0x03bd9eb3) mulh    t4, s11, s11
core   0: 1 0x0000000080004aac (0x03bd9eb3) x29 0x0000000000000000
core   0: 0x0000000080004ab0 (0x001c4b93) xori    s7, s8, 1
core   0: 1 0x0000000080004ab0 (0x001c4b93) x23 0x00000000ffffff82
core   0: 0x0000000080004ab4 (0x80057513) andi    a0, a0, -2048
core   0: 1 0x0000000080004ab4 (0x80057513) x10 0x0000000000000000
core   0: 0x0000000080004ab8 (0xc21af9d3) fcvt.wu.d s3, fs5
core   0: 1 0x0000000080004ab8 (0xc21af9d3) x19 0xffffffffffffffff
core   0: 0x0000000080004abc (0x00008f55) c.or    a4, a3
core   0: 1 0x0000000080004abc (0x8f55) x14 0x000000000000001f
core   0: 0x0000000080004abe (0x129275d3) fmul.d  fa1, ft4, fs1
core   0: 1 0x0000000080004abe (0x129275d3) f11 0x7ff8000000000000
core   0: 0x0000000080004ac2 (0x02ea73b3) remu    t2, s4, a4
core   0: 1 0x0000000080004ac2 (0x02ea73b3) x7  0x000000000000000d
core   0: 0x0000000080004ac6 (0x00871813) slli    a6, a4, 8
core   0: 1 0x0000000080004ac6 (0x00871813) x16 0x0000000000001f00
core   0: 0x0000000080004aca (0x4147da33) sra     s4, a5, s4
core   0: 1 0x0000000080004aca (0x4147da33) x20 0x000000000080004a
core   0: 0x0000000080004ace (0x01f5d59b) srliw   a1, a1, 31
core   0: 1 0x0000000080004ace (0x01f5d59b) x11 0x0000000000000001
core   0: 0x0000000080004ad2 (0x013079b3) and     s3, zero, s3
core   0: 1 0x0000000080004ad2 (0x013079b3) x19 0x0000000000000000
core   0: 0x0000000080004ad6 (0xc2127c53) fcvt.wu.d s8, ft4
core   0: 1 0x0000000080004ad6 (0xc2127c53) x24 0x000000000000097c
core   0: 0x0000000080004ada (0x409b84b3) sub     s1, s7, s1
core   0: 1 0x0000000080004ada (0x409b84b3) x9  0x00000000fffff410
core   0: 0x0000000080004ade (0xbcebc093) xori    ra, s7, -1074
core   0: 1 0x0000000080004ade (0xbcebc093) x1  0xffffffff0000044c
core   0: 0x0000000080004ae2 (0x0011931b) slliw   t1, gp, 1
core   0: 1 0x0000000080004ae2 (0x0011931b) x6  0x0000000000000000
core   0: 0x0000000080004ae6 (0xfd2c8c37) lui     s8, 0xfd2c8
core   0: 1 0x0000000080004ae6 (0xfd2c8c37) x24 0xfffffffffd2c8000
core   0: 0x0000000080004aea (0xf2068bd3) fmv.d.x fs7, a3
core   0: 1 0x0000000080004aea (0xf2068bd3) f23 0x000000000000001f
core   0: 0x0000000080004aee (0x01ce96bb) sllw    a3, t4, t3
core   0: 1 0x0000000080004aee (0x01ce96bb) x13 0x0000000000000000
core   0: 0x0000000080004af2 (0x0ff0000f) fence   iorw,iorw
core   0: 1 0x0000000080004af2 (0x0ff0000f)
core   0: 0x0000000080004af6 (0x000e561b) srliw   a2, t3, 0
core   0: 1 0x0000000080004af6 (0x000e561b) x12 0x0000000000000000
core   0: 0x0000000080004afa (0x02cd52bb) divuw   t0, s10, a2
core   0: 1 0x0000000080004afa (0x02cd52bb) x5  0xffffffffffffffff
core   0: 0x0000000080004afe (0x00471e3b) sllw    t3, a4, tp
core   0: 1 0x0000000080004afe (0x00471e3b) x28 0xffffffff80000000
core   0: 0x0000000080004b02 (0x0bd5fc53) fsub.d  fs8, fa1, ft9
core   0: 1 0x0000000080004b02 (0x0bd5fc53) f24 0x7ff8000000000000
core   0: 0x0000000080004b06 (0x401ef1d3) fcvt.s.d ft3, ft9
core   0: 1 0x0000000080004b06 (0x401ef1d3) c1_fflags 0x0000000000000001 f3  0xffffffff4f7fffff
core   0: 0x0000000080004b0a (0x40c85933) sra     s2, a6, a2
core   0: 1 0x0000000080004b0a (0x40c85933) x18 0x0000000000001f00
core   0: 0x0000000080004b0e (0x00000001) c.nop
core   0: 1 0x0000000080004b0e (0x0001)
core   0: 0x0000000080004b10 (0x50974713) xori    a4, a4, 1289
core   0: 1 0x0000000080004b10 (0x50974713) x14 0x0000000000000516
core   0: 0x0000000080004b14 (0xa38e80d3) fle.d   ra, ft9, fs8
core   0: 1 0x0000000080004b14 (0xa38e80d3) c1_fflags 0x0000000000000011 x1  0x0000000000000000
core   0: 0x0000000080004b18 (0x23be98d3) fsgnjn.d fa7, ft9, fs11
core   0: 1 0x0000000080004b18 (0x23be98d3) f17 0x41efffffffe00000
core   0: 0x0000000080004b1c (0x42000fd3) fcvt.d.s ft11, ft0
core   0: 1 0x0000000080004b1c (0x42000fd3) f31 0x7ff8000000000000
core   0: 0x0000000080004b20 (0x02c0ed3b) remw    s10, ra, a2
core   0: 1 0x0000000080004b20 (0x02c0ed3b) x26 0x0000000000000000
core   0: 0x0000000080004b24 (0xf20e00d3) fmv.d.x ft1, t3
core   0: 1 0x0000000080004b24 (0xf20e00d3) f1  0xffffffff80000000
core   0: 0x0000000080004b28 (0x03395c93) srli    s9, s2, 51
core   0: 1 0x0000000080004b28 (0x03395c93) x25 0x0000000000000000
core   0: 0x0000000080004b2c (0xdb8e6b93) ori     s7, t3, -584
core   0: 1 0x0000000080004b2c (0xdb8e6b93) x23 0xfffffffffffffdb8
core   0: 0x0000000080004b30 (0x104d7173) csrrci  sp, sie, 26
core   0: 1 0x0000000080004b30 (0x104d7173) x2  0x0000000000000000 c772_mie 0x0000000000000a00
core   0: 0x0000000080004b34 (0xd22bfbd3) fcvt.d.l fs7, s7
core   0: 1 0x0000000080004b34 (0xd22bfbd3) f23 0xc082400000000000
core   0: 0x0000000080004b38 (0x00eb8db3) add     s11, s7, a4
core   0: 1 0x0000000080004b38 (0x00eb8db3) x27 0x00000000000002ce
core   0: 0x0000000080004b3c (0x00345113) srli    sp, s0, 3
core   0: 1 0x0000000080004b3c (0x00345113) x2  0x000000000ffff3f0
core   0: 0x0000000080004b40 (0x0000117e) c.slli  sp, 63
core   0: 1 0x0000000080004b40 (0x117e) x2  0x0000000000000000
core   0: 0x0000000080004b42 (0xd2010dd3) fcvt.d.w fs11, sp
core   0: 1 0x0000000080004b42 (0xd2010dd3) f27 0x0000000000000000
core   0: 0x0000000080004b46 (0xc70de197) auipc   gp, 0xc70de
core   0: 1 0x0000000080004b46 (0xc70de197) x3  0x00000000470e2b46
core   0: 0x0000000080004b4a (0x0011d813) srli    a6, gp, 1
core   0: 1 0x0000000080004b4a (0x0011d813) x16 0x00000000238715a3
core   0: 0x0000000080004b4e (0x00102c73) csrrs   s8, fflags, zero
core   0: 1 0x0000000080004b4e (0x00102c73) x24 0x0000000000000011
core   0: 0x0000000080004b52 (0x41f7d79b) sraiw   a5, a5, 31
core   0: 1 0x0000000080004b52 (0x41f7d79b) x15 0xffffffffffffffff
core   0: 0x0000000080004b56 (0x02821a93) slli    s5, tp, 40
core   0: 1 0x0000000080004b56 (0x02821a93) x21 0xffffff0000000000
core   0: 0x0000000080004b5a (0x02f7ed3b) remw    s10, a5, a5
core   0: 1 0x0000000080004b5a (0x02f7ed3b) x26 0x0000000000000000
core   0: 0x0000000080004b5e (0x016213bb) sllw    t2, tp, s6
core   0: 1 0x0000000080004b5e (0x016213bb) x7  0xffffffffffffffff
core   0: 0x0000000080004b62 (0x10606073) csrrsi  zero, scounteren, 0
core   0: 1 0x0000000080004b62 (0x10606073)
core   0: 0x0000000080004b66 (0x037b88bb) mulw    a7, s7, s7
core   0: 1 0x0000000080004b66 (0x037b88bb) x17 0x0000000000053440
core   0: 0x0000000080004b6a (0x001020f3) csrrs   ra, fflags, zero
core   0: 1 0x0000000080004b6a (0x001020f3) x1  0x0000000000000011
core   0: 0x0000000080004b6e (0x00208ebb) addw    t4, ra, sp
core   0: 1 0x0000000080004b6e (0x00208ebb) x29 0x0000000000000011
core   0: 0x0000000080004b72 (0x001eadb3) slt     s11, t4, ra
core   0: 1 0x0000000080004b72 (0x001eadb3) x27 0x0000000000000000
core   0: 0x0000000080004b76 (0x401a533b) sraw    t1, s4, ra
core   0: 1 0x0000000080004b76 (0x401a533b) x6  0x0000000000000040
core   0: 0x0000000080004b7a (0x00000001) c.nop
core   0: 1 0x0000000080004b7a (0x0001)
core   0: 0x0000000080004b7c (0x747fd173) csrrwi  sp, mseccfg, 31
core   0: exception trap_illegal_instruction, epc 0x0000000080004b7c
core   0:           tval 0x00000000747fd173
core   0: >>>>  $xrv64i2p1_m2p0_a2p1_f2p2_d2p2_zicsr2p0_zifencei2p0_zmmul1p0_zba1p0_zbb1p0_zbc1p0_zbs1p0
core   0: 0x0000000080004000 (0x0080006f) j       pc + 0x8
core   0: 3 0x0000000080004000 (0x0080006f)
core   0: >>>>  mmode_exception_handler
core   0: 0x0000000080004008 (0x00002c17) auipc   s8, 0x2
core   0: 3 0x0000000080004008 (0x00002c17) x24 0x0000000080006008
core   0: 0x000000008000400c (0xffcc0c13) addi    s8, s8, -4
core   0: 3 0x000000008000400c (0xffcc0c13) x24 0x0000000080006004
core   0: 0x0000000080004010 (0x000c00e7) jalr    s8
core   0: 3 0x0000000080004010 (0x000c00e7) x1  0x0000000080004014
core   0: >>>>  any_handler
core   0: 0x0000000080006004 (0x341027f3) csrrs   a5, mepc, zero
core   0: 3 0x0000000080006004 (0x341027f3) x15 0x0000000080004b7c
core   0: 0x0000000080006008 (0x34202773) csrrs   a4, mcause, zero
core   0: 3 0x0000000080006008 (0x34202773) x14 0x0000000000000002
core   0: 0x000000008000600c (0x142026f3) csrrs   a3, scause, zero
core   0: 3 0x000000008000600c (0x142026f3) x13 0x000000000000001f
core   0: 0x0000000080006010 (0x30402673) csrrs   a2, mie, zero
core   0: 3 0x0000000080006010 (0x30402673) x12 0x0000000000000a00
core   0: 0x0000000080006014 (0x344025f3) csrrs   a1, mip, zero
core   0: 3 0x0000000080006014 (0x344025f3) x11 0x0000000000000080
core   0: 0x0000000080006018 (0x343025f3) csrrs   a1, mtval, zero
core   0: 3 0x0000000080006018 (0x343025f3) x11 0x00000000747fd173
core   0: 0x000000008000601c (0x14302573) csrrs   a0, stval, zero
core   0: 3 0x000000008000601c (0x14302573) x10 0x0000000000000000
core   0: 0x0000000080006020 (0xb02024f3) csrrs   s1, minstret, zero
core   0: 3 0x0000000080006020 (0xb02024f3) x9  0x0000000000000bc4
core   0: 0x0000000080006024 (0x0000a811) c.j     pc + 20
core   0: 3 0x0000000080006024 (0xa811)
core   0: >>>>  mepc_4
core   0: 0x0000000080006038 (0x00000791) c.addi  a5, 4
core   0: 3 0x0000000080006038 (0x0791) x15 0x0000000080004b80
core   0: 0x000000008000603a (0x34179073) csrrw   zero, mepc, a5
core   0: 3 0x000000008000603a (0x34179073) c833_mepc 0x0000000080004b80
core   0: 0x000000008000603e (0x30200073) mret
core   0: 3 0x000000008000603e (0x30200073) c768_mstatus 0x8000000a00106080
core   0: 0x0000000080004b80 (0x037bf0bb) remuw   ra, s7, s7
core   0: 1 0x0000000080004b80 (0x037bf0bb) x1  0x0000000000000000
core   0: 0x0000000080004b84 (0xf2008cd3) fmv.d.x fs9, ra
core   0: 1 0x0000000080004b84 (0xf2008cd3) f25 0x0000000000000000
core   0: 0x0000000080004b88 (0x418bdc3b) sraw    s8, s7, s8
core   0: 1 0x0000000080004b88 (0x418bdc3b) x24 0xffffffffffffffdb
core   0: 0x0000000080004b8c (0x1b91f653) fdiv.d  fa2, ft3, fs9
core   0: 1 0x0000000080004b8c (0x1b91f653) f12 0x7ff8000000000000
core   0: 0x0000000080004b90 (0x1aa17753) fdiv.d  fa4, ft2, fa0
core   0: 1 0x0000000080004b90 (0x1aa17753) f14 0x7ff8000000000000
core   0: 0x0000000080004b94 (0x4134d193) srai    gp, s1, 19
core   0: 1 0x0000000080004b94 (0x4134d193) x3  0x0000000000000000
core   0: 0x0000000080004b98 (0x001ed11b) srliw   sp, t4, 1
core   0: 1 0x0000000080004b98 (0x001ed11b) x2  0x0000000000000008
core   0: 0x0000000080004b9c (0x02006633) rem     a2, zero, zero
core   0: 1 0x0000000080004b9c (0x02006633) x12 0x0000000000000000
core   0: 0x0000000080004ba0 (0x02c90933) mul     s2, s2, a2
core   0: 1 0x0000000080004ba0 (0x02c90933) x18 0x0000000000000000
core   0: 0x0000000080004ba4 (0x0b71d037) lui     zero, 0xb71d
core   0: 1 0x0000000080004ba4 (0x0b71d037)
core   0: 0x0000000080004ba8 (0xd2277453) fcvt.d.l fs0, a4
core   0: 1 0x0000000080004ba8 (0xd2277453) f8  0x4000000000000000
core   0: 0x0000000080004bac (0x12a37fd3) fmul.d  ft11, ft6, fa0
core   0: 1 0x0000000080004bac (0x12a37fd3) f31 0x7ff8000000000000
core   0: 0x0000000080004bb0 (0x2a6c1353) fmax.d  ft6, fs8, ft6
core   0: 1 0x0000000080004bb0 (0x2a6c1353) f6  0x403e000000000000
core   0: 0x0000000080004bb4 (0xc0237d53) fcvt.l.s s10, ft6
core   0: 1 0x0000000080004bb4 (0xc0237d53) c1_fflags 0x0000000000000011 x26 0x7fffffffffffffff
core   0: 0x0000000080004bb8 (0xc037fe53) fcvt.lu.s t3, fa5
core   0: 1 0x0000000080004bb8 (0xc037fe53) c1_fflags 0x0000000000000011 x28 0xffffffffffffffff
core   0: 0x0000000080004bbc (0x00e55713) srli    a4, a0, 14
core   0: 1 0x0000000080004bbc (0x00e55713) x14 0x0000000000000000
core   0: 0x0000000080004bc0 (0x800d841b) addiw   s0, s11, -2048
core   0: 1 0x0000000080004bc0 (0x800d841b) x8  0xfffffffffffff800
core   0: 0x0000000080004bc4 (0x036de93b) remw    s2, s11, s6
core   0: 1 0x0000000080004bc4 (0x036de93b) x18 0x0000000000000000
core   0: 0x0000000080004bc8 (0xc03a7653) fcvt.lu.s a2, fs4
core   0: 1 0x0000000080004bc8 (0xc03a7653) x12 0x0000000000000002
core   0: 0x0000000080004bcc (0x4049823b) subw    tp, s3, tp
core   0: 1 0x0000000080004bcc (0x4049823b) x4  0x0000000000000001
core   0: 0x0000000080004bd0 (0x4011d0bb) sraw    ra, gp, ra
core   0: 1 0x0000000080004bd0 (0x4011d0bb) x1  0x0000000000000000
core   0: 0x0000000080004bd4 (0x7a6ff047) fmsub.d ft0, ft11, ft6, fa5
core   0: 1 0x0000000080004bd4 (0x7a6ff047) f0  0x7ff8000000000000
core   0: 0x0000000080004bd8 (0x00b6523b) srlw    tp, a2, a1
core   0: 1 0x0000000080004bd8 (0x00b6523b) x4  0x0000000000000000
core   0: 0x0000000080004bdc (0x2baa0d53) fmin.d  fs10, fs4, fs10
core   0: 1 0x0000000080004bdc (0x2baa0d53) f26 0x0000000000000000
core   0: 0x0000000080004be0 (0xd235fdd3) fcvt.d.lu fs11, a1
core   0: 1 0x0000000080004be0 (0xd235fdd3) f27 0x41dd1ff45cc00000
core   0: 0x0000000080004be4 (0x001599f3) csrrw   s3, fflags, a1
core   0: 1 0x0000000080004be4 (0x001599f3) x19 0x0000000000000011 c1_fflags 0x0000000000000013
core   0: 0x0000000080004be8 (0xd2160dd3) fcvt.d.wu fs11, a2
core   0: 1 0x0000000080004be8 (0xd2160dd3) f27 0x4000000000000000
core   0: 0x0000000080004bec (0x722a76cb) fnmsub.d fa3, fs4, ft2, fa4
core   0: 1 0x0000000080004bec (0x722a76cb) f13 0x7ff8000000000000
core   0: 0x0000000080004bf0 (0x7a25ee93) ori     t4, a1, 1954
core   0: 1 0x0000000080004bf0 (0x7a25ee93) x29 0x00000000747fd7f3
core   0: 0x0000000080004bf4 (0x023953b3) divu    t2, s2, gp
core   0: 1 0x0000000080004bf4 (0x023953b3) x7  0xffffffffffffffff
core   0: 0x0000000080004bf8 (0x23ff9253) fsgnjn.d ft4, ft11, ft11
core   0: 1 0x0000000080004bf8 (0x23ff9253) f4  0xfff8000000000000
core   0: 0x0000000080004bfc (0x0a457553) fsub.d  fa0, fa0, ft4
core   0: 1 0x0000000080004bfc (0x0a457553) f10 0x7ff8000000000000
core   0: 0x0000000080004c00 (0x41e7879b) addiw   a5, a5, 1054
core   0: 1 0x0000000080004c00 (0x41e7879b) x15 0xffffffff80004f9e
core   0: 0x0000000080004c04 (0x0121f733) and     a4, gp, s2
core   0: 1 0x0000000080004c04 (0x0121f733) x14 0x0000000000000000
core   0: 0x0000000080004c08 (0xbab8fec7) fmsub.d ft9, fa7, fa1, fs7
core   0: 1 0x0000000080004c08 (0xbab8fec7) f29 0x7ff8000000000000
core   0: 0x0000000080004c0c (0x00e648b3) xor     a7, a2, a4
core   0: 1 0x0000000080004c0c (0x00e648b3) x17 0x0000000000000002
core   0: 0x0000000080004c10 (0xe3e5d397) auipc   t2, 0xe3e5d
core   0: 1 0x0000000080004c10 (0xe3e5d397) x7  0x0000000063e61c10
core   0: 0x0000000080004c14 (0x4000d4bb) sraw    s1, ra, zero
core   0: 1 0x0000000080004c14 (0x4000d4bb) x9  0x0000000000000000
core   0: 0x0000000080004c18 (0x00137613) andi    a2, t1, 1
core   0: 1 0x0000000080004c18 (0x00137613) x12 0x0000000000000000
core   0: 0x0000000080004c1c (0xd0337753) fcvt.s.lu fa4, t1
core   0: 1 0x0000000080004c1c (0xd0337753) f14 0xffffffff42800000
core   0: 0x0000000080004c20 (0x5a05f1d3) fsqrt.d ft3, fa1
core   0: 1 0x0000000080004c20 (0x5a05f1d3) f3  0x7ff8000000000000
core   0: 0x0000000080004c24 (0x00111d73) csrrw   s10, fflags, sp
core   0: 1 0x0000000080004c24 (0x00111d73) x26 0x0000000000000013 c1_fflags 0x0000000000000008
core   0: 0x0000000080004c28 (0x0003d41b) srliw   s0, t2, 0
core   0: 1 0x0000000080004c28 (0x0003d41b) x8  0x0000000063e61c10
core   0: 0x0000000080004c2c (0xc205f5d3) fcvt.w.d a1, fa1
core   0: 1 0x0000000080004c2c (0xc205f5d3) c1_fflags 0x0000000000000018 x11 0x000000007fffffff
core   0: 0x0000000080004c30 (0x4171d113) srai    sp, gp, 23
core   0: 1 0x0000000080004c30 (0x4171d113) x2  0x0000000000000000
core   0: 0x0000000080004c34 (0x000c5013) srli    zero, s8, 0
core   0: 1 0x0000000080004c34 (0x000c5013)
core   0: 0x0000000080004c38 (0x80034c93) xori    s9, t1, -2048
core   0: 1 0x0000000080004c38 (0x80034c93) x25 0xfffffffffffff840
core   0: 0x0000000080004c3c (0x80056413) ori     s0, a0, -2048
core   0: 1 0x0000000080004c3c (0x80056413) x8  0xfffffffffffff800
core   0: 0x0000000080004c40 (0x406450bb) sraw    ra, s0, t1
core   0: 1 0x0000000080004c40 (0x406450bb) x1  0xfffffffffffff800
core   0: 0x0000000080004c44 (0x2a9a7a4f) fnmadd.d fs4, fs4, fs1, ft5
core   0: 1 0x0000000080004c44 (0x2a9a7a4f) f20 0x7ff8000000000000
core   0: 0x0000000080004c48 (0x0014101b) slliw   zero, s0, 1
core   0: 1 0x0000000080004c48 (0x0014101b)
core   0: 0x0000000080004c4c (0x03f7db13) srli    s6, a5, 63
core   0: 1 0x0000000080004c4c (0x03f7db13) x22 0x0000000000000001
core   0: 0x0000000080004c50 (0x012e189b) slliw   a7, t3, 18
core   0: 1 0x0000000080004c50 (0x012e189b) x17 0xfffffffffffc0000
core   0: 0x0000000080004c54 (0xf2080fd3) fmv.d.x ft11, a6
core   0: 1 0x0000000080004c54 (0xf2080fd3) f31 0x00000000238715a3
core   0: 0x0000000080004c58 (0x0241e433) rem     s0, gp, tp
core   0: 1 0x0000000080004c58 (0x0241e433) x8  0x0000000000000000
core   0: 0x0000000080004c5c (0x80087393) andi    t2, a6, -2048
core   0: 1 0x0000000080004c5c (0x80087393) x7  0x0000000023871000
core   0: 0x0000000080004c60 (0xd2088053) fcvt.d.w ft0, a7
core   0: 1 0x0000000080004c60 (0xd2088053) f0  0xc110000000000000
core   0: 0x0000000080004c64 (0x02bb23b3) mulhsu  t2, s6, a1
core   0: 1 0x0000000080004c64 (0x02bb23b3) x7  0x0000000000000000
core   0: 0x0000000080004c68 (0x3ba676cf) fnmadd.d fa3, fa2, fs10, ft7
core   0: 1 0x0000000080004c68 (0x3ba676cf) f13 0x7ff8000000000000
core   0: 0x0000000080004c6c (0x0392fed3) fadd.d  ft9, ft5, fs9
core   0: 1 0x0000000080004c6c (0x0392fed3) f29 0x7ff8000000000000
core   0: 0x0000000080004c70 (0x8003fc13) andi    s8, t2, -2048
core   0: 1 0x0000000080004c70 (0x8003fc13) x24 0x0000000000000000
core   0: 0x0000000080004c74 (0xc20cf7d3) fcvt.w.d a5, fs9
core   0: 1 0x0000000080004c74 (0xc20cf7d3) x15 0x0000000000000000
core   0: 0x0000000080004c78 (0x1227f847) fmsub.d fa6, fa5, ft2, ft2
core   0: 1 0x0000000080004c78 (0x1227f847) f16 0xc0a4000000000000
core   0: 0x0000000080004c7c (0x022c9233) mulh    tp, s9, sp
core   0: 1 0x0000000080004c7c (0x022c9233) x4  0x0000000000000000
core   0: 0x0000000080004c80 (0x00045413) srli    s0, s0, 0
core   0: 1 0x0000000080004c80 (0x00045413) x8  0x0000000000000000
core   0: 0x0000000080004c84 (0x01a46733) or      a4, s0, s10
core   0: 1 0x0000000080004c84 (0x01a46733) x14 0x0000000000000013
core   0: 0x0000000080004c88 (0x4016519b) sraiw   gp, a2, 1
core   0: 1 0x0000000080004c88 (0x4016519b) x3  0x0000000000000000
core   0: 0x0000000080004c8c (0x0094dc33) srl     s8, s1, s1
core   0: 1 0x0000000080004c8c (0x0094dc33) x24 0x0000000000000000
core   0: 0x0000000080004c90 (0x02c40e33) mul     t3, s0, a2
core   0: 1 0x0000000080004c90 (0x02c40e33) x28 0x0000000000000000
core   0: 0x0000000080004c94 (0x0ff0000f) fence   iorw,iorw
core   0: 1 0x0000000080004c94 (0x0ff0000f)
core   0: 0x0000000080004c98 (0x23c20e53) fsgnj.d ft8, ft4, ft8
core   0: 1 0x0000000080004c98 (0x23c20e53) f28 0xfff8000000000000
core   0: 0x0000000080004c9c (0x001e5893) srli    a7, t3, 1
core   0: 1 0x0000000080004c9c (0x001e5893) x17 0x0000000000000000
core   0: 0x0000000080004ca0 (0x00209373) csrrw   t1, frm, ra
core   0: 1 0x0000000080004ca0 (0x00209373) x6  0x0000000000000001 c2_frm 0x0000000000000000
core   0: 0x0000000080004ca4 (0x00a564b3) or      s1, a0, a0
core   0: 1 0x0000000080004ca4 (0x00a564b3) x9  0x0000000000000000
core   0: 0x0000000080004ca8 (0x22d4acd3) fsgnjx.d fs9, fs1, fa3
core   0: 1 0x0000000080004ca8 (0x22d4acd3) f25 0xffffffff00000000
core   0: 0x0000000080004cac (0x022cecbb) remw    s9, s9, sp
core   0: 1 0x0000000080004cac (0x022cecbb) x25 0xfffffffffffff840
core   0: 0x0000000080004cb0 (0xfd9a05b7) lui     a1, 0xfd9a0
core   0: 1 0x0000000080004cb0 (0xfd9a05b7) x11 0xfffffffffd9a0000
core   0: 0x0000000080004cb4 (0xf9b5859b) addiw   a1, a1, -101
core   0: 1 0x0000000080004cb4 (0xf9b5859b) x11 0xfffffffffd99ff9b
core   0: 0x0000000080004cb8 (0x000005b2) c.slli  a1, 12
core   0: 1 0x0000000080004cb8 (0x05b2) x11 0xffffffd99ff9b000
core   0: 0x0000000080004cba (0x18758593) addi    a1, a1, 391
core   0: 1 0x0000000080004cba (0x18758593) x11 0xffffffd99ff9b187
core   0: 0x0000000080004cbe (0x005c02bb) addw    t0, s8, t0
core   0: 1 0x0000000080004cbe (0x005c02bb) x5  0xffffffffffffffff
core   0: 0x0000000080004cc2 (0x038ee0b3) rem     ra, t4, s8
core   0: 1 0x0000000080004cc2 (0x038ee0b3) x1  0x00000000747fd7f3
core   0: 0x0000000080004cc6 (0x0140ad33) slt     s10, ra, s4
core   0: 1 0x0000000080004cc6 (0x0140ad33) x26 0x0000000000000000
core   0: 0x0000000080004cca (0x00019d33) sll     s10, gp, zero
core   0: 1 0x0000000080004cca (0x00019d33) x26 0x0000000000000000
core   0: 0x0000000080004cce (0xd0250813) addi    a6, a0, -766
core   0: 1 0x0000000080004cce (0xd0250813) x16 0xfffffffffffffd02
core   0: 0x0000000080004cd2 (0x018d573b) srlw    a4, s10, s8
core   0: 1 0x0000000080004cd2 (0x018d573b) x14 0x0000000000000000
core   0: 0x0000000080004cd6 (0x400e5e13) srai    t3, t3, 0
core   0: 1 0x0000000080004cd6 (0x400e5e13) x28 0x0000000000000000
core   0: 0x0000000080004cda (0xc81036f3) csrrc   a3, timeh, zero
core   0: exception trap_illegal_instruction, epc 0x0000000080004cda
core   0:           tval 0x00000000c81036f3
core   0: >>>>  $xrv64i2p1_m2p0_a2p1_f2p2_d2p2_zicsr2p0_zifencei2p0_zmmul1p0_zba1p0_zbb1p0_zbc1p0_zbs1p0
core   0: 0x0000000080004000 (0x0080006f) j       pc + 0x8
core   0: 3 0x0000000080004000 (0x0080006f)
core   0: >>>>  mmode_exception_handler
core   0: 0x0000000080004008 (0x00002c17) auipc   s8, 0x2
core   0: 3 0x0000000080004008 (0x00002c17) x24 0x0000000080006008
core   0: 0x000000008000400c (0xffcc0c13) addi    s8, s8, -4
core   0: 3 0x000000008000400c (0xffcc0c13) x24 0x0000000080006004
core   0: 0x0000000080004010 (0x000c00e7) jalr    s8
core   0: 3 0x0000000080004010 (0x000c00e7) x1  0x0000000080004014
core   0: >>>>  any_handler
core   0: 0x0000000080006004 (0x341027f3) csrrs   a5, mepc, zero
core   0: 3 0x0000000080006004 (0x341027f3) x15 0x0000000080004cda
core   0: 0x0000000080006008 (0x34202773) csrrs   a4, mcause, zero
core   0: 3 0x0000000080006008 (0x34202773) x14 0x0000000000000002
core   0: 0x000000008000600c (0x142026f3) csrrs   a3, scause, zero
core   0: 3 0x000000008000600c (0x142026f3) x13 0x000000000000001f
core   0: 0x0000000080006010 (0x30402673) csrrs   a2, mie, zero
core   0: 3 0x0000000080006010 (0x30402673) x12 0x0000000000000a00
core   0: 0x0000000080006014 (0x344025f3) csrrs   a1, mip, zero
core   0: 3 0x0000000080006014 (0x344025f3) x11 0x0000000000000080
core   0: 0x0000000080006018 (0x343025f3) csrrs   a1, mtval, zero
core   0: 3 0x0000000080006018 (0x343025f3) x11 0x00000000c81036f3
core   0: 0x000000008000601c (0x14302573) csrrs   a0, stval, zero
core   0: 3 0x000000008000601c (0x14302573) x10 0x0000000000000000
core   0: 0x0000000080006020 (0xb02024f3) csrrs   s1, minstret, zero
core   0: 3 0x0000000080006020 (0xb02024f3) x9  0x0000000000000c2b
core   0: 0x0000000080006024 (0x0000a811) c.j     pc + 20
core   0: 3 0x0000000080006024 (0xa811)
core   0: >>>>  mepc_4
core   0: 0x0000000080006038 (0x00000791) c.addi  a5, 4
core   0: 3 0x0000000080006038 (0x0791) x15 0x0000000080004cde
core   0: 0x000000008000603a (0x34179073) csrrw   zero, mepc, a5
core   0: 3 0x000000008000603a (0x34179073) c833_mepc 0x0000000080004cde
core   0: 0x000000008000603e (0x30200073) mret
core   0: 3 0x000000008000603e (0x30200073) c768_mstatus 0x8000000a00106080
core   0: 0x0000000080004cde (0x230b0c53) fsgnj.d fs8, fs6, fa6
core   0: 1 0x0000000080004cde (0x230b0c53) f24 0xc1effc0000000000
core   0: 0x0000000080004ce2 (0x2382ac53) fsgnjx.d fs8, ft5, fs8
core   0: 1 0x0000000080004ce2 (0x2382ac53) f24 0x7fffffff7fc00000
core   0: 0x0000000080004ce6 (0x00000001) c.nop
core   0: 1 0x0000000080004ce6 (0x0001)
core   0: 0x0000000080004ce8 (0x40d5d5b3) sra     a1, a1, a3
core   0: 1 0x0000000080004ce8 (0x40d5d5b3) x11 0x0000000000000001
core   0: 0x0000000080004cec (0x0131d0bb) srlw    ra, gp, s3
core   0: 1 0x0000000080004cec (0x0131d0bb) x1  0x0000000000000000
core   0: 0x0000000080004cf0 (0x42078f53) fcvt.d.s ft10, fa5
core   0: 1 0x0000000080004cf0 (0x42078f53) f30 0x7ff8000000000000
core   0: 0x0000000080004cf4 (0xfff7cc13) not     s8, a5
core   0: 1 0x0000000080004cf4 (0xfff7cc13) x24 0xffffffff7fffb321
core   0: 0x0000000080004cf8 (0x143e3a73) csrrc   s4, stval, t3
core   0: 1 0x0000000080004cf8 (0x143e3a73) x20 0x0000000000000000 c323_stval 0x0000000000000000
core   0: 0x0000000080004cfc (0x4199533b) sraw    t1, s2, s9
core   0: 1 0x0000000080004cfc (0x4199533b) x6  0x0000000000000000
core   0: 0x0000000080004d00 (0x00011a1b) slliw   s4, sp, 0
core   0: 1 0x0000000080004d00 (0x00011a1b) x20 0x0000000000000000
core   0: 0x0000000080004d04 (0x40da85bb) subw    a1, s5, a3
core   0: 1 0x0000000080004d04 (0x40da85bb) x11 0xffffffffffffffe1
core   0: 0x0000000080004d08 (0x015a901b) slliw   zero, s5, 21
core   0: 1 0x0000000080004d08 (0x015a901b)
core   0: 0x0000000080004d0c (0x01881c3b) sllw    s8, a6, s8
core   0: 1 0x0000000080004d0c (0x01881c3b) x24 0xfffffffffffffa04
core   0: 0x0000000080004d10 (0x001896f3) csrrw   a3, fflags, a7
core   0: 1 0x0000000080004d10 (0x001896f3) x13 0x0000000000000018 c1_fflags 0x0000000000000000
core   0: 0x0000000080004d14 (0xa3bf0ed3) fle.d   t4, ft10, fs11
core   0: 1 0x0000000080004d14 (0xa3bf0ed3) c1_fflags 0x0000000000000010 x29 0x0000000000000000
core   0: 0x0000000080004d18 (0x42008853) fcvt.d.s fa6, ft1
core   0: 1 0x0000000080004d18 (0x42008853) f16 0x8000000000000000
core   0: 0x0000000080004d1c (0xfaa205b7) lui     a1, 0xfaa20
core   0: 1 0x0000000080004d1c (0xfaa205b7) x11 0xfffffffffaa20000
core   0: 0x0000000080004d20 (0xbab5859b) addiw   a1, a1, -1109
core   0: 1 0x0000000080004d20 (0xbab5859b) x11 0xfffffffffaa1fbab
core   0: 0x0000000080004d24 (0x000005b2) c.slli  a1, 12
core   0: 1 0x0000000080004d24 (0x05b2) x11 0xffffffaa1fbab000
core   0: 0x0000000080004d26 (0x5b158593) addi    a1, a1, 1457
core   0: 1 0x0000000080004d26 (0x5b158593) x11 0xffffffaa1fbab5b1
core   0: 0x0000000080004d2a (0xead6fecb) fnmsub.d ft9, fa3, fa3, ft9
core   0: 1 0x0000000080004d2a (0xead6fecb) f29 0x7ff8000000000000
core   0: 0x0000000080004d2e (0x03087133) remu    sp, a6, a6
core   0: 1 0x0000000080004d2e (0x03087133) x2  0x0000000000000000
core   0: 0x0000000080004d32 (0xf20809d3) fmv.d.x fs3, a6
core   0: 1 0x0000000080004d32 (0xf20809d3) f19 0xfffffffffffffd02
core   0: 0x0000000080004d36 (0x414c5e9b) sraiw   t4, s8, 20
core   0: 1 0x0000000080004d36 (0x414c5e9b) x29 0xffffffffffffffff
core   0: 0x0000000080004d3a (0x2a130353) fmin.d  ft6, ft6, ft1
core   0: 1 0x0000000080004d3a (0x2a130353) f6  0x403e000000000000
core   0: 0x0000000080004d3e (0xfdf31117) auipc   sp, 0xfdf31
core   0: 1 0x0000000080004d3e (0xfdf31117) x2  0x000000007df35d3e
core   0: 0x0000000080004d42 (0x42a3d393) srai    t2, t2, 42
core   0: 1 0x0000000080004d42 (0x42a3d393) x7  0x0000000000000000
core   0: 0x0000000080004d46 (0x5a0f7f53) fsqrt.d ft10, ft10
core   0: 1 0x0000000080004d46 (0x5a0f7f53) f30 0x7ff8000000000000
core   0: 0x0000000080004d4a (0x22f68553) fsgnj.d fa0, fa3, fa5
core   0: 1 0x0000000080004d4a (0x22f68553) f10 0x7ff8000000000000
core   0: 0x0000000080004d4e (0x2bde9ed3) fmax.d  ft9, ft9, ft9
core   0: 1 0x0000000080004d4e (0x2bde9ed3) f29 0x7ff8000000000000
core   0: 0x0000000080004d52 (0xa8290e1b) addiw   t3, s2, -1406
core   0: 1 0x0000000080004d52 (0xa8290e1b) x28 0xfffffffffffffa82
core   0: 0x0000000080004d56 (0x935d7943) fmadd.d fs2, fs10, fs5, fs2
core   0: 1 0x0000000080004d56 (0x935d7943) f18 0x7ff8000000000000
core   0: 0x0000000080004d5a (0x23851153) fsgnjn.d ft2, fa0, fs8
core   0: 1 0x0000000080004d5a (0x23851153) f2  0xfff8000000000000
core   0: 0x0000000080004d5e (0x0ff0000f) fence   iorw,iorw
core   0: 1 0x0000000080004d5e (0x0ff0000f)
core   0: 0x0000000080004d62 (0x00f6dc9b) srliw   s9, a3, 15
core   0: 1 0x0000000080004d62 (0x00f6dc9b) x25 0x0000000000000000
core   0: 0x0000000080004d66 (0x7ff96513) ori     a0, s2, 2047
core   0: 1 0x0000000080004d66 (0x7ff96513) x10 0x00000000000007ff
core   0: 0x0000000080004d6a (0x02601b93) slli    s7, zero, 38
core   0: 1 0x0000000080004d6a (0x02601b93) x23 0x0000000000000000
core   0: 0x0000000080004d6e (0x00000001) c.nop
core   0: 1 0x0000000080004d6e (0x0001)
core   0: 0x0000000080004d70 (0x01774bb3) xor     s7, a4, s7
core   0: 1 0x0000000080004d70 (0x01774bb3) x23 0x0000000000000002
core   0: 0x0000000080004d74 (0xe2050b53) fmv.x.d s6, fa0
core   0: 1 0x0000000080004d74 (0xe2050b53) x22 0x7ff8000000000000
core   0: 0x0000000080004d78 (0xd02376d3) fcvt.s.l fa3, t1
core   0: 1 0x0000000080004d78 (0xd02376d3) f13 0xffffffff00000000
core   0: 0x0000000080004d7c (0x00775e3b) srlw    t3, a4, t2
core   0: 1 0x0000000080004d7c (0x00775e3b) x28 0x0000000000000002
core   0: 0x0000000080004d80 (0xc2357653) fcvt.lu.d a2, fa0
core   0: 1 0x0000000080004d80 (0xc2357653) c1_fflags 0x0000000000000010 x12 0xffffffffffffffff
core   0: 0x0000000080004d84 (0x0ff0000f) fence   iorw,iorw
core   0: 1 0x0000000080004d84 (0x0ff0000f)
core   0: 0x0000000080004d88 (0x02c83633) mulhu   a2, a6, a2
core   0: 1 0x0000000080004d88 (0x02c83633) x12 0xfffffffffffffd01
core   0: 0x0000000080004d8c (0x40135093) srai    ra, t1, 1
core   0: 1 0x0000000080004d8c (0x40135093) x1  0x0000000000000000
core   0: 0x0000000080004d90 (0x008453bb) srlw    t2, s0, s0
core   0: 1 0x0000000080004d90 (0x008453bb) x7  0x0000000000000000
core   0: 0x0000000080004d94 (0x8be54c17) auipc   s8, 0x8be54
core   0: 1 0x0000000080004d94 (0x8be54c17) x24 0x000000000be58d94
core   0: 0x0000000080004d98 (0xa7366d93) ori     s11, a2, -1421
core   0: 1 0x0000000080004d98 (0xa7366d93) x27 0xffffffffffffff73
core   0: 0x0000000080004d9c (0x00c394bb) sllw    s1, t2, a2
core   0: 1 0x0000000080004d9c (0x00c394bb) x9  0x0000000000000000
core   0: 0x0000000080004da0 (0x007d9233) sll     tp, s11, t2
core   0: 1 0x0000000080004da0 (0x007d9233) x4  0xffffffffffffff73
core   0: 0x0000000080004da4 (0x531dd6b7) lui     a3, 0x531dd
core   0: 1 0x0000000080004da4 (0x531dd6b7) x13 0x00000000531dd000
core   0: 0x0000000080004da8 (0x75d6869b) addiw   a3, a3, 1885
core   0: 1 0x0000000080004da8 (0x75d6869b) x13 0x00000000531dd75d
core   0: 0x0000000080004dac (0x003554bb) srlw    s1, a0, gp
core   0: 1 0x0000000080004dac (0x003554bb) x9  0x00000000000007ff
core   0: 0x0000000080004db0 (0x00000001) c.nop
core   0: 1 0x0000000080004db0 (0x0001)
core   0: 0x0000000080004db2 (0x00056093) ori     ra, a0, 0
core   0: 1 0x0000000080004db2 (0x00056093) x1  0x00000000000007ff
core   0: 0x0000000080004db6 (0x02a8683b) remw    a6, a6, a0
core   0: 1 0x0000000080004db6 (0x02a8683b) x16 0xfffffffffffffd02
core   0: 0x0000000080004dba (0x40ae5e3b) sraw    t3, t3, a0
core   0: 1 0x0000000080004dba (0x40ae5e3b) x28 0x0000000000000000
core   0: 0x0000000080004dbe (0x013a57b3) srl     a5, s4, s3
core   0: 1 0x0000000080004dbe (0x013a57b3) x15 0x0000000000000000
core   0: 0x0000000080004dc2 (0x001a1af3) csrrw   s5, fflags, s4
core   0: 1 0x0000000080004dc2 (0x001a1af3) x21 0x0000000000000010 c1_fflags 0x0000000000000000
core   0: 0x0000000080004dc6 (0x40045c33) sra     s8, s0, zero
core   0: 1 0x0000000080004dc6 (0x40045c33) x24 0x0000000000000000
core   0: 0x0000000080004dca (0xde87c113) xori    sp, a5, -536
core   0: 1 0x0000000080004dca (0xde87c113) x2  0xfffffffffffffde8
core   0: 0x0000000080004dce (0x0017d413) srli    s0, a5, 1
core   0: 1 0x0000000080004dce (0x0017d413) x8  0x0000000000000000
core   0: 0x0000000080004dd2 (0x0dd7cb97) auipc   s7, 0xdd7c
core   0: 1 0x0000000080004dd2 (0x0dd7cb97) x23 0x000000008dd80dd2
core   0: 0x0000000080004dd6 (0xf6078d9b) addiw   s11, a5, -160
core   0: 1 0x0000000080004dd6 (0xf6078d9b) x27 0xffffffffffffff60
core   0: 0x0000000080004dda (0x02420e37) lui     t3, 0x2420
core   0: 1 0x0000000080004dda (0x02420e37) x28 0x0000000002420000
core   0: 0x0000000080004dde (0xbd3e0e1b) addiw   t3, t3, -1069
core   0: 1 0x0000000080004dde (0xbd3e0e1b) x28 0x000000000241fbd3
core   0: 0x0000000080004de2 (0x00000e36) c.slli  t3, 13
core   0: 1 0x0000000080004de2 (0x0e36) x28 0x000000483f7a6000
core   0: 0x0000000080004de4 (0xc55e0e13) addi    t3, t3, -939
core   0: 1 0x0000000080004de4 (0xc55e0e13) x28 0x000000483f7a5c55
core   0: 0x0000000080004de8 (0x03b63633) mulhu   a2, a2, s11
core   0: 1 0x0000000080004de8 (0x03b63633) x12 0xfffffffffffffc61
core   0: 0x0000000080004dec (0xf0b68237) lui     tp, 0xf0b68
core   0: 1 0x0000000080004dec (0xf0b68237) x4  0xfffffffff0b68000
core   0: 0x0000000080004df0 (0xa2268ad3) fle.d   s5, fa3, ft2
core   0: 1 0x0000000080004df0 (0xa2268ad3) c1_fflags 0x0000000000000010 x21 0x0000000000000000
core   0: 0x0000000080004df4 (0x409cc993) xori    s3, s9, 1033
core   0: 1 0x0000000080004df4 (0x409cc993) x19 0x0000000000000409
core   0: 0x0000000080004df8 (0x002e88bb) addw    a7, t4, sp
core   0: 1 0x0000000080004df8 (0x002e88bb) x17 0xfffffffffffffde7
core   0: 0x0000000080004dfc (0x03004cb3) div     s9, zero, a6
core   0: 1 0x0000000080004dfc (0x03004cb3) x25 0x0000000000000000
core   0: 0x0000000080004e00 (0x68e8c593) xori    a1, a7, 1678
core   0: 1 0x0000000080004e00 (0x68e8c593) x11 0xfffffffffffffb69
core   0: 0x0000000080004e04 (0x22d6a953) fsgnjx.d fs2, fa3, fa3
core   0: 1 0x0000000080004e04 (0x22d6a953) f18 0x7fffffff00000000
core   0: 0x0000000080004e08 (0x22212bd3) fsgnjx.d fs7, ft2, ft2
core   0: 1 0x0000000080004e08 (0x22212bd3) f23 0x7ff8000000000000
core   0: 0x0000000080004e0c (0x223d81d3) fsgnj.d ft3, fs11, ft3
core   0: 1 0x0000000080004e0c (0x223d81d3) f3  0x4000000000000000
core   0: 0x0000000080004e10 (0x5a01f053) fsqrt.d ft0, ft3
core   0: 1 0x0000000080004e10 (0x5a01f053) c1_fflags 0x0000000000000011 f0  0x3ff6a09e667f3bcd
core   0: 0x0000000080004e14 (0xc22bf453) fcvt.l.d s0, fs7
core   0: 1 0x0000000080004e14 (0xc22bf453) c1_fflags 0x0000000000000011 x8  0x7fffffffffffffff
core   0: 0x0000000080004e18 (0xd20582d3) fcvt.d.w ft5, a1
core   0: 1 0x0000000080004e18 (0xd20582d3) f5  0xc0925c0000000000
core   0: 0x0000000080004e1c (0xd0297ed3) fcvt.s.l ft9, s2
core   0: 1 0x0000000080004e1c (0xd0297ed3) f29 0xffffffff00000000
core   0: 0x0000000080004e20 (0xd03cf653) fcvt.s.lu fa2, s9
core   0: 1 0x0000000080004e20 (0xd03cf653) f12 0xffffffff00000000
core   0: 0x0000000080004e24 (0x5a0978d3) fsqrt.d fa7, fs2
core   0: 1 0x0000000080004e24 (0x5a0978d3) f17 0x7ff8000000000000
core   0: 0x0000000080004e28 (0xc06d3073) csrrc   zero, hpmcounter6, s10
core   0: exception trap_illegal_instruction, epc 0x0000000080004e28
core   0:           tval 0x00000000c06d3073
core   0: >>>>  $xrv64i2p1_m2p0_a2p1_f2p2_d2p2_zicsr2p0_zifencei2p0_zmmul1p0_zba1p0_zbb1p0_zbc1p0_zbs1p0
core   0: 0x0000000080004000 (0x0080006f) j       pc + 0x8
core   0: 3 0x0000000080004000 (0x0080006f)
core   0: >>>>  mmode_exception_handler
core   0: 0x0000000080004008 (0x00002c17) auipc   s8, 0x2
core   0: 3 0x0000000080004008 (0x00002c17) x24 0x0000000080006008
core   0: 0x000000008000400c (0xffcc0c13) addi    s8, s8, -4
core   0: 3 0x000000008000400c (0xffcc0c13) x24 0x0000000080006004
core   0: 0x0000000080004010 (0x000c00e7) jalr    s8
core   0: 3 0x0000000080004010 (0x000c00e7) x1  0x0000000080004014
core   0: >>>>  any_handler
core   0: 0x0000000080006004 (0x341027f3) csrrs   a5, mepc, zero
core   0: 3 0x0000000080006004 (0x341027f3) x15 0x0000000080004e28
core   0: 0x0000000080006008 (0x34202773) csrrs   a4, mcause, zero
core   0: 3 0x0000000080006008 (0x34202773) x14 0x0000000000000002
core   0: 0x000000008000600c (0x142026f3) csrrs   a3, scause, zero
core   0: 3 0x000000008000600c (0x142026f3) x13 0x000000000000001f
core   0: 0x0000000080006010 (0x30402673) csrrs   a2, mie, zero
core   0: 3 0x0000000080006010 (0x30402673) x12 0x0000000000000a00
core   0: 0x0000000080006014 (0x344025f3) csrrs   a1, mip, zero
core   0: 3 0x0000000080006014 (0x344025f3) x11 0x0000000000000080
core   0: 0x0000000080006018 (0x343025f3) csrrs   a1, mtval, zero
core   0: 3 0x0000000080006018 (0x343025f3) x11 0x00000000c06d3073
core   0: 0x000000008000601c (0x14302573) csrrs   a0, stval, zero
core   0: 3 0x000000008000601c (0x14302573) x10 0x0000000000000000
core   0: 0x0000000080006020 (0xb02024f3) csrrs   s1, minstret, zero
core   0: 3 0x0000000080006020 (0xb02024f3) x9  0x0000000000000c90
core   0: 0x0000000080006024 (0x0000a811) c.j     pc + 20
core   0: 3 0x0000000080006024 (0xa811)
core   0: >>>>  mepc_4
core   0: 0x0000000080006038 (0x00000791) c.addi  a5, 4
core   0: 3 0x0000000080006038 (0x0791) x15 0x0000000080004e2c
core   0: 0x000000008000603a (0x34179073) csrrw   zero, mepc, a5
core   0: 3 0x000000008000603a (0x34179073) c833_mepc 0x0000000080004e2c
core   0: 0x000000008000603e (0x30200073) mret
core   0: 3 0x000000008000603e (0x30200073) c768_mstatus 0x8000000a00106080
core   0: 0x0000000080004e2c (0x2a088853) fmin.d  fa6, fa7, ft0
core   0: 1 0x0000000080004e2c (0x2a088853) f16 0x3ff6a09e667f3bcd
core   0: 0x0000000080004e30 (0x00009922) c.add   s2, s0
core   0: 1 0x0000000080004e30 (0x9922) x18 0x7fffffffffffffff
core   0: 0x0000000080004e32 (0x000ddcbb) srlw    s9, s11, zero
core   0: 1 0x0000000080004e32 (0x000ddcbb) x25 0xffffffffffffff60
core   0: 0x0000000080004e36 (0x1a2bf5d3) fdiv.d  fa1, fs7, ft2
core   0: 1 0x0000000080004e36 (0x1a2bf5d3) f11 0x7ff8000000000000
core   0: 0x0000000080004e3a (0x009481b3) add     gp, s1, s1
core   0: 1 0x0000000080004e3a (0x009481b3) x3  0x0000000000001920
core   0: 0x0000000080004e3e (0x0177abb3) slt     s7, a5, s7
core   0: 1 0x0000000080004e3e (0x0177abb3) x23 0x0000000000000001
core   0: 0x0000000080004e42 (0x02f0e133) rem     sp, ra, a5
core   0: 1 0x0000000080004e42 (0x02f0e133) x2  0x0000000080004014
core   0: 0x0000000080004e46 (0x00b39cb3) sll     s9, t2, a1
core   0: 1 0x0000000080004e46 (0x00b39cb3) x25 0x0000000000000000
core   0: 0x0000000080004e4a (0x02e57e33) remu    t3, a0, a4
core   0: 1 0x0000000080004e4a (0x02e57e33) x28 0x0000000000000000
core   0: 0x0000000080004e4e (0xd20d83d3) fcvt.d.w ft7, s11
core   0: 1 0x0000000080004e4e (0xd20d83d3) f7  0xc064000000000000
core   0: 0x0000000080004e52 (0xf7d9f193) andi    gp, s3, -131
core   0: 1 0x0000000080004e52 (0xf7d9f193) x3  0x0000000000000409
core   0: 0x0000000080004e56 (0xd22e7ed3) fcvt.d.l ft9, t3
core   0: 1 0x0000000080004e56 (0xd22e7ed3) f29 0x0000000000000000
core   0: 0x0000000080004e5a (0xc22277d3) fcvt.l.d a5, ft4
core   0: 1 0x0000000080004e5a (0xc22277d3) c1_fflags 0x0000000000000011 x15 0x7fffffffffffffff
core   0: 0x0000000080004e5e (0x00db103b) sllw    zero, s6, a3
core   0: 1 0x0000000080004e5e (0x00db103b)
core   0: 0x0000000080004e62 (0x002595f3) csrrw   a1, frm, a1
core   0: 1 0x0000000080004e62 (0x002595f3) x11 0x0000000000000000 c2_frm 0x0000000000000003
core   0: 0x0000000080004e66 (0x016c1933) sll     s2, s8, s6
core   0: 1 0x0000000080004e66 (0x016c1933) x18 0x0000000080006004
core   0: 0x0000000080004e6a (0x0a50fa53) fsub.d  fs4, ft1, ft5
core   0: 1 0x0000000080004e6a (0x0a50fa53) f20 0x7ff8000000000000
core   0: 0x0000000080004e6e (0xc235f953) fcvt.lu.d s2, fa1
core   0: 1 0x0000000080004e6e (0xc235f953) c1_fflags 0x0000000000000011 x18 0xffffffffffffffff
core   0: 0x0000000080004e72 (0xc20a78d3) fcvt.w.d a7, fs4
core   0: 1 0x0000000080004e72 (0xc20a78d3) c1_fflags 0x0000000000000011 x17 0x000000007fffffff
core   0: 0x0000000080004e76 (0x4017571b) sraiw   a4, a4, 1
core   0: 1 0x0000000080004e76 (0x4017571b) x14 0x0000000000000001
core   0: 0x0000000080004e7a (0xd05f2b97) auipc   s7, 0xd05f2
core   0: 1 0x0000000080004e7a (0xd05f2b97) x23 0x00000000505f6e7a
core   0: 0x0000000080004e7e (0xc029f7d3) fcvt.l.s a5, fs3
core   0: 1 0x0000000080004e7e (0xc029f7d3) c1_fflags 0x0000000000000011 x15 0x7fffffffffffffff
core   0: 0x0000000080004e82 (0x13ca7e53) fmul.d  ft8, fs4, ft8
core   0: 1 0x0000000080004e82 (0x13ca7e53) f28 0x7ff8000000000000
core   0: 0x0000000080004e86 (0x0384beb3) mulhu   t4, s1, s8
core   0: 1 0x0000000080004e86 (0x0384beb3) x29 0x0000000000000000
core   0: 0x0000000080004e8a (0x001e109b) slliw   ra, t3, 1
core   0: 1 0x0000000080004e8a (0x001e109b) x1  0x0000000000000000
core   0: 0x0000000080004e8e (0x000d62b3) or      t0, s10, zero
core   0: 1 0x0000000080004e8e (0x000d62b3) x5  0x0000000000000000
core   0: 0x0000000080004e92 (0x1b18f2d3) fdiv.d  ft5, fa7, fa7
core   0: 1 0x0000000080004e92 (0x1b18f2d3) f5  0x7ff8000000000000
core   0: 0x0000000080004e96 (0x407c5633) sra     a2, s8, t2
core   0: 1 0x0000000080004e96 (0x407c5633) x12 0x0000000080006004
core   0: 0x0000000080004e9a (0x04966e93) ori     t4, a2, 73
core   0: 1 0x0000000080004e9a (0x04966e93) x29 0x000000008000604d
core   0: 0x0000000080004e9e (0x03db98b3) mulh    a7, s7, t4
core   0: 1 0x0000000080004e9e (0x03db98b3) x17 0x0000000000000000
core   0: 0x0000000080004ea2 (0xe2028bd3) fmv.x.d s7, ft5
core   0: 1 0x0000000080004ea2 (0xe2028bd3) x23 0x7ff8000000000000
core   0: 0x0000000080004ea6 (0x11c64517) auipc   a0, 0x11c64
core   0: 1 0x0000000080004ea6 (0x11c64517) x10 0x0000000091c68ea6
core   0: 0x0000000080004eaa (0x33a7cb13) xori    s6, a5, 826
core   0: 1 0x0000000080004eaa (0x33a7cb13) x22 0x7ffffffffffffcc5
core   0: 0x0000000080004eae (0x2aa29653) fmax.d  fa2, ft5, fa0
core   0: 1 0x0000000080004eae (0x2aa29653) f12 0x7ff8000000000000
core   0: 0x0000000080004eb2 (0x00079b1b) slliw   s6, a5, 0
core   0: 1 0x0000000080004eb2 (0x00079b1b) x22 0xffffffffffffffff
core   0: 0x0000000080004eb6 (0x0ac57bcb) fnmsub.d fs7, fa0, fa2, ft1
core   0: 1 0x0000000080004eb6 (0x0ac57bcb) f23 0x7ff8000000000000
core   0: 0x0000000080004eba (0x7ff5081b) addiw   a6, a0, 2047
core   0: 1 0x0000000080004eba (0x7ff5081b) x16 0xffffffff91c696a5
core   0: 0x0000000080004ebe (0x00696c33) or      s8, s2, t1
core   0: 1 0x0000000080004ebe (0x00696c33) x24 0xffffffffffffffff
core   0: 0x0000000080004ec2 (0x00085d93) srli    s11, a6, 0
core   0: 1 0x0000000080004ec2 (0x00085d93) x27 0xffffffff91c696a5
core   0: 0x0000000080004ec6 (0x1b837453) fdiv.d  fs0, ft6, fs8
core   0: 1 0x0000000080004ec6 (0x1b837453) f8  0x7ff8000000000000
core   0: 0x0000000080004eca (0x401b7b53) fcvt.s.d fs6, fs6
core   0: 1 0x0000000080004eca (0x401b7b53) f22 0xffffffff4f7fe000
core   0: 0x0000000080004ece (0xd22df7d3) fcvt.d.l fa5, s11
core   0: 1 0x0000000080004ece (0xd22df7d3) f15 0xc1db8e5a56c00000
core   0: 0x0000000080004ed2 (0x0327e7b3) rem     a5, a5, s2
core   0: 1 0x0000000080004ed2 (0x0327e7b3) x15 0x0000000000000000
core   0: 0x0000000080004ed6 (0x02211193) slli    gp, sp, 34
core   0: 1 0x0000000080004ed6 (0x02211193) x3  0x0001005000000000
core   0: 0x0000000080004eda (0x01c52533) slt     a0, a0, t3
core   0: 1 0x0000000080004eda (0x01c52533) x10 0x0000000000000000
core   0: 0x0000000080004ede (0x001e90f3) csrrw   ra, fflags, t4
core   0: 1 0x0000000080004ede (0x001e90f3) x1  0x0000000000000011 c1_fflags 0x000000000000000d
core   0: 0x0000000080004ee2 (0x0087173b) sllw    a4, a4, s0
core   0: 1 0x0000000080004ee2 (0x0087173b) x14 0xffffffff80000000
core   0: 0x0000000080004ee6 (0x00000001) c.nop
core   0: 1 0x0000000080004ee6 (0x0001)
core   0: 0x0000000080004ee8 (0xc0377653) fcvt.lu.s a2, fa4
core   0: 1 0x0000000080004ee8 (0xc0377653) x12 0x0000000000000040
core   0: 0x0000000080004eec (0x34405d73) csrrwi  s10, mip, 0
core   0: exception trap_illegal_instruction, epc 0x0000000080004eec
core   0:           tval 0x0000000034405d73
core   0: >>>>  $xrv64i2p1_m2p0_a2p1_f2p2_d2p2_zicsr2p0_zifencei2p0_zmmul1p0_zba1p0_zbb1p0_zbc1p0_zbs1p0
core   0: 0x0000000080004000 (0x0080006f) j       pc + 0x8
core   0: 3 0x0000000080004000 (0x0080006f)
core   0: >>>>  mmode_exception_handler
core   0: 0x0000000080004008 (0x00002c17) auipc   s8, 0x2
core   0: 3 0x0000000080004008 (0x00002c17) x24 0x0000000080006008
core   0: 0x000000008000400c (0xffcc0c13) addi    s8, s8, -4
core   0: 3 0x000000008000400c (0xffcc0c13) x24 0x0000000080006004
core   0: 0x0000000080004010 (0x000c00e7) jalr    s8
core   0: 3 0x0000000080004010 (0x000c00e7) x1  0x0000000080004014
core   0: >>>>  any_handler
core   0: 0x0000000080006004 (0x341027f3) csrrs   a5, mepc, zero
core   0: 3 0x0000000080006004 (0x341027f3) x15 0x0000000080004eec
core   0: 0x0000000080006008 (0x34202773) csrrs   a4, mcause, zero
core   0: 3 0x0000000080006008 (0x34202773) x14 0x0000000000000002
core   0: 0x000000008000600c (0x142026f3) csrrs   a3, scause, zero
core   0: 3 0x000000008000600c (0x142026f3) x13 0x000000000000001f
core   0: 0x0000000080006010 (0x30402673) csrrs   a2, mie, zero
core   0: 3 0x0000000080006010 (0x30402673) x12 0x0000000000000a00
core   0: 0x0000000080006014 (0x344025f3) csrrs   a1, mip, zero
core   0: 3 0x0000000080006014 (0x344025f3) x11 0x0000000000000080
core   0: 0x0000000080006018 (0x343025f3) csrrs   a1, mtval, zero
core   0: 3 0x0000000080006018 (0x343025f3) x11 0x0000000034405d73
core   0: 0x000000008000601c (0x14302573) csrrs   a0, stval, zero
core   0: 3 0x000000008000601c (0x14302573) x10 0x0000000000000000
core   0: 0x0000000080006020 (0xb02024f3) csrrs   s1, minstret, zero
core   0: 3 0x0000000080006020 (0xb02024f3) x9  0x0000000000000cd1
core   0: 0x0000000080006024 (0x0000a811) c.j     pc + 20
core   0: 3 0x0000000080006024 (0xa811)
core   0: >>>>  mepc_4
core   0: 0x0000000080006038 (0x00000791) c.addi  a5, 4
core   0: 3 0x0000000080006038 (0x0791) x15 0x0000000080004ef0
core   0: 0x000000008000603a (0x34179073) csrrw   zero, mepc, a5
core   0: 3 0x000000008000603a (0x34179073) c833_mepc 0x0000000080004ef0
core   0: 0x000000008000603e (0x30200073) mret
core   0: 3 0x000000008000603e (0x30200073) c768_mstatus 0x8000000a00106080
core   0: 0x0000000080004ef0 (0x40810433) sub     s0, sp, s0
core   0: 1 0x0000000080004ef0 (0x40810433) x8  0x8000000080004015
core   0: 0x0000000080004ef4 (0x0003131b) slliw   t1, t1, 0
core   0: 1 0x0000000080004ef4 (0x0003131b) x6  0x0000000000000000
core   0: 0x0000000080004ef8 (0x000084bd) c.srai  s1, 15
core   0: 1 0x0000000080004ef8 (0x84bd) x9  0x0000000000000000
core   0: 0x0000000080004efa (0x81e53797) auipc   a5, 0x81e53
core   0: 1 0x0000000080004efa (0x81e53797) x15 0x0000000001e57efa
core   0: 0x0000000080004efe (0x2bc59e53) fmax.d  ft8, fa1, ft8
core   0: 1 0x0000000080004efe (0x2bc59e53) f28 0x7ff8000000000000
core   0: 0x0000000080004f02 (0x76f24013) xori    zero, tp, 1903
core   0: 1 0x0000000080004f02 (0x76f24013)
core   0: 0x0000000080004f06 (0x2a8d9b53) fmax.d  fs6, fs11, fs0
core   0: 1 0x0000000080004f06 (0x2a8d9b53) f22 0x4000000000000000
core   0: 0x0000000080004f0a (0xff08ea37) lui     s4, 0xff08e
core   0: 1 0x0000000080004f0a (0xff08ea37) x20 0xffffffffff08e000
core   0: 0x0000000080004f0e (0x9afa0a1b) addiw   s4, s4, -1617
core   0: 1 0x0000000080004f0e (0x9afa0a1b) x20 0xffffffffff08d9af
core   0: 0x0000000080004f12 (0x00000a32) c.slli  s4, 12
core   0: 1 0x0000000080004f12 (0x0a32) x20 0xfffffff08d9af000
core   0: 0x0000000080004f14 (0xaa2a0a13) addi    s4, s4, -1374
core   0: 1 0x0000000080004f14 (0xaa2a0a13) x20 0xfffffff08d9aeaa2
core   0: 0x0000000080004f18 (0x008ac5b3) xor     a1, s5, s0
core   0: 1 0x0000000080004f18 (0x008ac5b3) x11 0x8000000080004015
core   0: 0x0000000080004f1c (0xb31bf8cf) fnmadd.d fa7, fs7, fa7, fs6
core   0: 1 0x0000000080004f1c (0xb31bf8cf) f17 0x7ff8000000000000
core   0: 0x0000000080004f20 (0xe2d6fe47) fmsub.d ft8, fa3, fa3, ft8
core   0: 1 0x0000000080004f20 (0xe2d6fe47) f28 0x7ff8000000000000
core   0: 0x0000000080004f24 (0xd035f2d3) fcvt.s.lu ft5, a1
core   0: 1 0x0000000080004f24 (0xd035f2d3) c1_fflags 0x000000000000000d f5  0xffffffff5f000001
core   0: 0x0000000080004f28 (0x40107953) fcvt.s.d fs2, ft0
core   0: 1 0x0000000080004f28 (0x40107953) c1_fflags 0x000000000000000d f18 0xffffffff3fb504f4
core   0: 0x0000000080004f2c (0xc0416473) csrrsi  s0, hpmcounter4, 2
core   0: exception trap_illegal_instruction, epc 0x0000000080004f2c
core   0:           tval 0x00000000c0416473
core   0: >>>>  $xrv64i2p1_m2p0_a2p1_f2p2_d2p2_zicsr2p0_zifencei2p0_zmmul1p0_zba1p0_zbb1p0_zbc1p0_zbs1p0
core   0: 0x0000000080004000 (0x0080006f) j       pc + 0x8
core   0: 3 0x0000000080004000 (0x0080006f)
core   0: >>>>  mmode_exception_handler
core   0: 0x0000000080004008 (0x00002c17) auipc   s8, 0x2
core   0: 3 0x0000000080004008 (0x00002c17) x24 0x0000000080006008
core   0: 0x000000008000400c (0xffcc0c13) addi    s8, s8, -4
core   0: 3 0x000000008000400c (0xffcc0c13) x24 0x0000000080006004
core   0: 0x0000000080004010 (0x000c00e7) jalr    s8
core   0: 3 0x0000000080004010 (0x000c00e7) x1  0x0000000080004014
core   0: >>>>  any_handler
core   0: 0x0000000080006004 (0x341027f3) csrrs   a5, mepc, zero
core   0: 3 0x0000000080006004 (0x341027f3) x15 0x0000000080004f2c
core   0: 0x0000000080006008 (0x34202773) csrrs   a4, mcause, zero
core   0: 3 0x0000000080006008 (0x34202773) x14 0x0000000000000002
core   0: 0x000000008000600c (0x142026f3) csrrs   a3, scause, zero
core   0: 3 0x000000008000600c (0x142026f3) x13 0x000000000000001f
core   0: 0x0000000080006010 (0x30402673) csrrs   a2, mie, zero
core   0: 3 0x0000000080006010 (0x30402673) x12 0x0000000000000a00
core   0: 0x0000000080006014 (0x344025f3) csrrs   a1, mip, zero
core   0: 3 0x0000000080006014 (0x344025f3) x11 0x0000000000000080
core   0: 0x0000000080006018 (0x343025f3) csrrs   a1, mtval, zero
core   0: 3 0x0000000080006018 (0x343025f3) x11 0x00000000c0416473
core   0: 0x000000008000601c (0x14302573) csrrs   a0, stval, zero
core   0: 3 0x000000008000601c (0x14302573) x10 0x0000000000000000
core   0: 0x0000000080006020 (0xb02024f3) csrrs   s1, minstret, zero
core   0: 3 0x0000000080006020 (0xb02024f3) x9  0x0000000000000cf1
core   0: 0x0000000080006024 (0x0000a811) c.j     pc + 20
core   0: 3 0x0000000080006024 (0xa811)
core   0: >>>>  mepc_4
core   0: 0x0000000080006038 (0x00000791) c.addi  a5, 4
core   0: 3 0x0000000080006038 (0x0791) x15 0x0000000080004f30
core   0: 0x000000008000603a (0x34179073) csrrw   zero, mepc, a5
core   0: 3 0x000000008000603a (0x34179073) c833_mepc 0x0000000080004f30
core   0: 0x000000008000603e (0x30200073) mret
core   0: 3 0x000000008000603e (0x30200073) c768_mstatus 0x8000000a00106080
core   0: 0x0000000080004f30 (0xbcddaa97) auipc   s5, 0xbcdda
core   0: 1 0x0000000080004f30 (0xbcddaa97) x21 0x000000003cddef30
core   0: 0x0000000080004f34 (0x025977d3) fadd.d  fa5, fs2, ft5
core   0: 1 0x0000000080004f34 (0x025977d3) f15 0x7ff8000000000000
core   0: 0x0000000080004f38 (0xc4c47d13) andi    s10, s0, -948
core   0: 1 0x0000000080004f38 (0xc4c47d13) x26 0x8000000080004004
core   0: 0x0000000080004f3c (0xd22b7e53) fcvt.d.l ft8, s6
core   0: 1 0x0000000080004f3c (0xd22b7e53) f28 0xbff0000000000000
core   0: 0x0000000080004f40 (0x00000001) c.nop
core   0: 1 0x0000000080004f40 (0x0001)
core   0: 0x0000000080004f42 (0x0354813b) mulw    sp, s1, s5
core   0: 1 0x0000000080004f42 (0x0354813b) x2  0xffffffffb4246c30
core   0: 0x0000000080004f46 (0x0316b1b3) mulhu   gp, a3, a7
core   0: 1 0x0000000080004f46 (0x0316b1b3) x3  0x0000000000000000
core   0: 0x0000000080004f4a (0x010883bb) addw    t2, a7, a6
core   0: 1 0x0000000080004f4a (0x010883bb) x7  0xffffffff91c696a5
core   0: 0x0000000080004f4e (0x029f74d3) fadd.d  fs1, ft10, fs1
core   0: 1 0x0000000080004f4e (0x029f74d3) f9  0x7ff8000000000000
core   0: 0x0000000080004f52 (0x02b85833) divu    a6, a6, a1
core   0: 1 0x0000000080004f52 (0x02b85833) x16 0x0000000154e13c12
core   0: 0x0000000080004f56 (0xd235f853) fcvt.d.lu fa6, a1
core   0: 1 0x0000000080004f56 (0xd235f853) f16 0x41e8082c8e600000
core   0: 0x0000000080004f5a (0x41c85533) sra     a0, a6, t3
core   0: 1 0x0000000080004f5a (0x41c85533) x10 0x0000000154e13c12
core   0: 0x0000000080004f5e (0xd21a0bd3) fcvt.d.wu fs7, s4
core   0: 1 0x0000000080004f5e (0xd21a0bd3) f23 0x41e1b35d54400000
core   0: 0x0000000080004f62 (0x40468333) sub     t1, a3, tp
core   0: 1 0x0000000080004f62 (0x40468333) x6  0x000000000f49801f
core   0: 0x0000000080004f66 (0x03862833) mulhsu  a6, a2, s8
core   0: 1 0x0000000080004f66 (0x03862833) x16 0x0000000000000000
core   0: 0x0000000080004f6a (0x00000001) c.nop
core   0: 1 0x0000000080004f6a (0x0001)
core   0: 0x0000000080004f6c (0x23702053) fsgnjx.d ft0, ft0, fs7
core   0: 1 0x0000000080004f6c (0x23702053) f0  0x3ff6a09e667f3bcd
core   0: 0x0000000080004f70 (0x5a0bfd53) fsqrt.d fs10, fs7
core   0: 1 0x0000000080004f70 (0x5a0bfd53) c1_fflags 0x000000000000000d f26 0x40e7ccb20cb1b83c
core   0: 0x0000000080004f74 (0x005c8e3b) addw    t3, s9, t0
core   0: 1 0x0000000080004f74 (0x005c8e3b) x28 0x0000000000000000
core   0: 0x0000000080004f78 (0x037bfed3) fadd.d  ft9, fs7, fs7
core   0: 1 0x0000000080004f78 (0x037bfed3) f29 0x41f1b35d54400000
core   0: 0x0000000080004f7c (0x400a5993) srai    s3, s4, 0
core   0: 1 0x0000000080004f7c (0x400a5993) x19 0xfffffff08d9aeaa2
core   0: 0x0000000080004f80 (0x41c7d733) sra     a4, a5, t3
core   0: 1 0x0000000080004f80 (0x41c7d733) x14 0x0000000080004f30
core   0: 0x0000000080004f84 (0x223198d3) fsgnjn.d fa7, ft3, ft3
core   0: 1 0x0000000080004f84 (0x223198d3) f17 0xc000000000000000
core   0: 0x0000000080004f88 (0x000ddb9b) srliw   s7, s11, 0
core   0: 1 0x0000000080004f88 (0x000ddb9b) x23 0xffffffff91c696a5
core   0: 0x0000000080004f8c (0xe20b8353) fmv.x.d t1, fs7
core   0: 1 0x0000000080004f8c (0xe20b8353) x6  0x41e1b35d54400000
core   0: 0x0000000080004f90 (0x0257f7d3) fadd.d  fa5, fa5, ft5
core   0: 1 0x0000000080004f90 (0x0257f7d3) f15 0x7ff8000000000000
core   0: 0x0000000080004f94 (0x0ff0000f) fence   iorw,iorw
core   0: 1 0x0000000080004f94 (0x0ff0000f)
core   0: 0x0000000080004f98 (0xed7e3517) auipc   a0, 0xed7e3
core   0: 1 0x0000000080004f98 (0xed7e3517) x10 0x000000006d7e7f98
core   0: 0x0000000080004f9c (0xc208f653) fcvt.w.d a2, fa7
core   0: 1 0x0000000080004f9c (0xc208f653) x12 0xfffffffffffffffe
core   0: 0x0000000080004fa0 (0x012e6433) or      s0, t3, s2
core   0: 1 0x0000000080004fa0 (0x012e6433) x8  0xffffffffffffffff
core   0: 0x0000000080004fa4 (0x22bd9dd3) fsgnjn.d fs11, fs11, fa1
core   0: 1 0x0000000080004fa4 (0x22bd9dd3) f27 0xc000000000000000
core   0: 0x0000000080004fa8 (0x0ff0000f) fence   iorw,iorw
core   0: 1 0x0000000080004fa8 (0x0ff0000f)
core   0: 0x0000000080004fac (0x003cd4bb) srlw    s1, s9, gp
core   0: 1 0x0000000080004fac (0x003cd4bb) x9  0x0000000000000000
core   0: 0x0000000080004fb0 (0x00126393) ori     t2, tp, 1
core   0: 1 0x0000000080004fb0 (0x00126393) x7  0xfffffffff0b68001
core   0: 0x0000000080004fb4 (0x0374c5bb) divw    a1, s1, s7
core   0: 1 0x0000000080004fb4 (0x0374c5bb) x11 0x0000000000000000
core   0: 0x0000000080004fb8 (0xbf324d37) lui     s10, 0xbf324
core   0: 1 0x0000000080004fb8 (0xbf324d37) x26 0xffffffffbf324000
core   0: 0x0000000080004fbc (0xc03df4d3) fcvt.lu.s s1, fs11
core   0: 1 0x0000000080004fbc (0xc03df4d3) c1_fflags 0x000000000000001d x9  0xffffffffffffffff
core   0: 0x0000000080004fc0 (0x00009692) c.add   a3, tp
core   0: 1 0x0000000080004fc0 (0x9692) x13 0xfffffffff0b6801f
core   0: 0x0000000080004fc2 (0x021e60bb) remw    ra, t3, ra
core   0: 1 0x0000000080004fc2 (0x021e60bb) x1  0x0000000000000000
core   0: 0x0000000080004fc6 (0x546ad217) auipc   tp, 0x546ad
core   0: 1 0x0000000080004fc6 (0x546ad217) x4  0x00000000d46b1fc6
core   0: 0x0000000080004fca (0x0235663b) remw    a2, a0, gp
core   0: 1 0x0000000080004fca (0x0235663b) x12 0x000000006d7e7f98
core   0: 0x0000000080004fce (0x00d8b333) sltu    t1, a7, a3
core   0: 1 0x0000000080004fce (0x00d8b333) x6  0x0000000000000001
core   0: 0x0000000080004fd2 (0x85dbde37) lui     t3, 0x85dbd
core   0: 1 0x0000000080004fd2 (0x85dbde37) x28 0xffffffff85dbd000
core   0: 0x0000000080004fd6 (0x01c6063b) addw    a2, a2, t3
core   0: 1 0x0000000080004fd6 (0x01c6063b) x12 0xfffffffff35a4f98
core   0: 0x0000000080004fda (0x226484d3) fsgnj.d fs1, fs1, ft6
core   0: 1 0x0000000080004fda (0x226484d3) f9  0x7ff8000000000000
core   0: 0x0000000080004fde (0x41d1d49b) sraiw   s1, gp, 29
core   0: 1 0x0000000080004fde (0x41d1d49b) x9  0x0000000000000000
core   0: 0x0000000080004fe2 (0x01924533) xor     a0, tp, s9
core   0: 1 0x0000000080004fe2 (0x01924533) x10 0x00000000d46b1fc6
core   0: 0x0000000080004fe6 (0x0016961b) slliw   a2, a3, 1
core   0: 1 0x0000000080004fe6 (0x0016961b) x12 0xffffffffe16d003e
core   0: 0x0000000080004fea (0x7ff3e213) ori     tp, t2, 2047
core   0: 1 0x0000000080004fea (0x7ff3e213) x4  0xfffffffff0b687ff
core   0: 0x0000000080004fee (0xdad1fe4f) fnmadd.d ft8, ft3, fa3, fs11
core   0: 1 0x0000000080004fee (0xdad1fe4f) f28 0x7ff8000000000000
core   0: 0x0000000080004ff2 (0xd0327153) fcvt.s.lu ft2, tp
core   0: 1 0x0000000080004ff2 (0xd0327153) c1_fflags 0x000000000000001d f2  0xffffffff5f800000
core   0: 0x0000000080004ff6 (0x00000001) c.nop
core   0: 1 0x0000000080004ff6 (0x0001)
core   0: 0x0000000080004ff8 (0x0bcf7ad3) fsub.d  fs5, ft10, ft8
core   0: 1 0x0000000080004ff8 (0x0bcf7ad3) f21 0x7ff8000000000000
core   0: 0x0000000080004ffc (0x3eeaf193) andi    gp, s5, 1006
core   0: 1 0x0000000080004ffc (0x3eeaf193) x3  0x0000000000000320
core   0: 0x0000000080005000 (0x00438d3b) addw    s10, t2, tp
core   0: 1 0x0000000080005000 (0x00438d3b) x26 0xffffffffe16d0800
core   0: 0x0000000080005004 (0x000d0bbb) addw    s7, s10, zero
core   0: 1 0x0000000080005004 (0x000d0bbb) x23 0xffffffffe16d0800
core   0: 0x0000000080005008 (0x41d3d593) srai    a1, t2, 29
core   0: 1 0x0000000080005008 (0x41d3d593) x11 0xffffffffffffffff
core   0: 0x000000008000500c (0x406b00b3) sub     ra, s6, t1
core   0: 1 0x000000008000500c (0x406b00b3) x1  0xfffffffffffffffe
core   0: 0x0000000080005010 (0x031ef2b7) lui     t0, 0x31ef
core   0: 1 0x0000000080005010 (0x031ef2b7) x5  0x00000000031ef000
core   0: 0x0000000080005014 (0x5272829b) addiw   t0, t0, 1319
core   0: 1 0x0000000080005014 (0x5272829b) x5  0x00000000031ef527
core   0: 0x0000000080005018 (0x000002b2) c.slli  t0, 12
core   0: 1 0x0000000080005018 (0x02b2) x5  0x00000031ef527000
core   0: 0x000000008000501a (0x96928293) addi    t0, t0, -1687
core   0: 1 0x000000008000501a (0x96928293) x5  0x00000031ef526969
core   0: 0x000000008000501e (0x4010d61b) sraiw   a2, ra, 1
core   0: 1 0x000000008000501e (0x4010d61b) x12 0xffffffffffffffff
core   0: 0x0000000080005022 (0xc03afcd3) fcvt.lu.s s9, fs5
core   0: 1 0x0000000080005022 (0xc03afcd3) c1_fflags 0x000000000000001d x25 0xffffffffffffffff
core   0: 0x0000000080005026 (0xa39588d3) fle.d   a7, fa1, fs9
core   0: 1 0x0000000080005026 (0xa39588d3) c1_fflags 0x000000000000001d x17 0x0000000000000000
core   0: 0x000000008000502a (0xc22af7d3) fcvt.l.d a5, fs5
core   0: 1 0x000000008000502a (0xc22af7d3) c1_fflags 0x000000000000001d x15 0x7fffffffffffffff
core   0: 0x000000008000502e (0x9221794b) fnmsub.d fs2, ft2, ft2, fs2
core   0: 1 0x000000008000502e (0x9221794b) f18 0x7ff8000000000000
core   0: 0x0000000080005032 (0x008696b3) sll     a3, a3, s0
core   0: 1 0x0000000080005032 (0x008696b3) x13 0x8000000000000000
core   0: 0x0000000080005036 (0x02c191b3) mulh    gp, gp, a2
core   0: 1 0x0000000080005036 (0x02c191b3) x3  0xffffffffffffffff
core   0: 0x000000008000503a (0x001d1e93) slli    t4, s10, 1
core   0: 1 0x000000008000503a (0x001d1e93) x29 0xffffffffc2da1000
core   0: 0x000000008000503e (0x007d2633) slt     a2, s10, t2
core   0: 1 0x000000008000503e (0x007d2633) x12 0x0000000000000001
core   0: 0x0000000080005042 (0xfff66c13) ori     s8, a2, -1
core   0: 1 0x0000000080005042 (0xfff66c13) x24 0xffffffffffffffff
core   0: 0x0000000080005046 (0x3400eef3) csrrsi  t4, mscratch, 1
core   0: exception trap_illegal_instruction, epc 0x0000000080005046
core   0:           tval 0x000000003400eef3
core   0: >>>>  $xrv64i2p1_m2p0_a2p1_f2p2_d2p2_zicsr2p0_zifencei2p0_zmmul1p0_zba1p0_zbb1p0_zbc1p0_zbs1p0
core   0: 0x0000000080004000 (0x0080006f) j       pc + 0x8
core   0: 3 0x0000000080004000 (0x0080006f)
core   0: >>>>  mmode_exception_handler
core   0: 0x0000000080004008 (0x00002c17) auipc   s8, 0x2
core   0: 3 0x0000000080004008 (0x00002c17) x24 0x0000000080006008
core   0: 0x000000008000400c (0xffcc0c13) addi    s8, s8, -4
core   0: 3 0x000000008000400c (0xffcc0c13) x24 0x0000000080006004
core   0: 0x0000000080004010 (0x000c00e7) jalr    s8
core   0: 3 0x0000000080004010 (0x000c00e7) x1  0x0000000080004014
core   0: >>>>  any_handler
core   0: 0x0000000080006004 (0x341027f3) csrrs   a5, mepc, zero
core   0: 3 0x0000000080006004 (0x341027f3) x15 0x0000000080005046
core   0: 0x0000000080006008 (0x34202773) csrrs   a4, mcause, zero
core   0: 3 0x0000000080006008 (0x34202773) x14 0x0000000000000002
core   0: 0x000000008000600c (0x142026f3) csrrs   a3, scause, zero
core   0: 3 0x000000008000600c (0x142026f3) x13 0x000000000000001f
core   0: 0x0000000080006010 (0x30402673) csrrs   a2, mie, zero
core   0: 3 0x0000000080006010 (0x30402673) x12 0x0000000000000a00
core   0: 0x0000000080006014 (0x344025f3) csrrs   a1, mip, zero
core   0: 3 0x0000000080006014 (0x344025f3) x11 0x0000000000000080
core   0: 0x0000000080006018 (0x343025f3) csrrs   a1, mtval, zero
core   0: 3 0x0000000080006018 (0x343025f3) x11 0x000000003400eef3
core   0: 0x000000008000601c (0x14302573) csrrs   a0, stval, zero
core   0: 3 0x000000008000601c (0x14302573) x10 0x0000000000000000
core   0: 0x0000000080006020 (0xb02024f3) csrrs   s1, minstret, zero
core   0: 3 0x0000000080006020 (0xb02024f3) x9  0x0000000000000d49
core   0: 0x0000000080006024 (0x0000a811) c.j     pc + 20
core   0: 3 0x0000000080006024 (0xa811)
core   0: >>>>  mepc_4
core   0: 0x0000000080006038 (0x00000791) c.addi  a5, 4
core   0: 3 0x0000000080006038 (0x0791) x15 0x000000008000504a
core   0: 0x000000008000603a (0x34179073) csrrw   zero, mepc, a5
core   0: 3 0x000000008000603a (0x34179073) c833_mepc 0x000000008000504a
core   0: 0x000000008000603e (0x30200073) mret
core   0: 3 0x000000008000603e (0x30200073) c768_mstatus 0x8000000a00106080
core   0: 0x000000008000504a (0xfffa8213) addi    tp, s5, -1
core   0: 1 0x000000008000504a (0xfffa8213) x4  0x000000003cddef2f
core   0: 0x000000008000504e (0x00121173) csrrw   sp, fflags, tp
core   0: 1 0x000000008000504e (0x00121173) x2  0x000000000000001d c1_fflags 0x000000000000000f
core   0: 0x0000000080005052 (0x000c5793) srli    a5, s8, 0
core   0: 1 0x0000000080005052 (0x000c5793) x15 0x0000000080006004
core   0: 0x0000000080005056 (0x00202bf3) csrrs   s7, frm, zero
core   0: 1 0x0000000080005056 (0x00202bf3) x23 0x0000000000000003
core   0: 0x000000008000505a (0x5a017753) fsqrt.d fa4, ft2
core   0: 1 0x000000008000505a (0x5a017753) f14 0x7ff8000000000000
core   0: 0x000000008000505e (0x02fbd2b3) divu    t0, s7, a5
core   0: 1 0x000000008000505e (0x02fbd2b3) x5  0x0000000000000000
core   0: 0x0000000080005062 (0x4015d5bb) sraw    a1, a1, ra
core   0: 1 0x0000000080005062 (0x4015d5bb) x11 0x0000000000000340
core   0: 0x0000000080005066 (0x02b8d4bb) divuw   s1, a7, a1
core   0: 1 0x0000000080005066 (0x02b8d4bb) x9  0x0000000000000000
core   0: 0x000000008000506a (0xd038f753) fcvt.s.lu fa4, a7
core   0: 1 0x000000008000506a (0xd038f753) f14 0xffffffff00000000
core   0: 0x000000008000506e (0xd025f5d3) fcvt.s.l fa1, a1
core   0: 1 0x000000008000506e (0xd025f5d3) f11 0xffffffff44500000
core   0: 0x0000000080005072 (0xc20cf653) fcvt.w.d a2, fs9
core   0: 1 0x0000000080005072 (0xc20cf653) c1_fflags 0x000000000000001f x12 0x000000007fffffff
core   0: 0x0000000080005076 (0x1a847453) fdiv.d  fs0, fs0, fs0
core   0: 1 0x0000000080005076 (0x1a847453) f8  0x7ff8000000000000
core   0: 0x000000008000507a (0x010366b3) or      a3, t1, a6
core   0: 1 0x000000008000507a (0x010366b3) x13 0x0000000000000001
core   0: 0x000000008000507e (0x00009a12) c.add   s4, tp
core   0: 1 0x000000008000507e (0x9a12) x20 0xfffffff0ca78d9d1
core   0: 0x0000000080005080 (0x00187e33) and     t3, a6, ra
core   0: 1 0x0000000080005080 (0x00187e33) x28 0x0000000000000000
core   0: 0x0000000080005084 (0x0ff0000f) fence   iorw,iorw
core   0: 1 0x0000000080005084 (0x0ff0000f)
core   0: 0x0000000080005088 (0x2a1b9753) fmax.d  fa4, fs7, ft1
core   0: 1 0x0000000080005088 (0x2a1b9753) f14 0x41e1b35d54400000
core   0: 0x000000008000508c (0xf2008e53) fmv.d.x ft8, ra
core   0: 1 0x000000008000508c (0xf2008e53) f28 0x0000000080004014
core   0: 0x0000000080005090 (0x00100013) li      zero, 1
core   0: 1 0x0000000080005090 (0x00100013)
core   0: 0x0000000080005094 (0xc21af953) fcvt.wu.d s2, fs5
core   0: 1 0x0000000080005094 (0xc21af953) c1_fflags 0x000000000000001f x18 0xffffffffffffffff
core   0: 0x0000000080005098 (0xf2038353) fmv.d.x ft6, t2
core   0: 1 0x0000000080005098 (0xf2038353) f6  0xfffffffff0b68001
core   0: 0x000000008000509c (0x2bea8ad3) fmin.d  fs5, fs5, ft10
core   0: 1 0x000000008000509c (0x2bea8ad3) f21 0x7ff8000000000000
core   0: 0x00000000800050a0 (0xf2aaf24b) fnmsub.d ft4, fs5, fa0, ft10
core   0: 1 0x00000000800050a0 (0xf2aaf24b) f4  0x7ff8000000000000
core   0: 0x00000000800050a4 (0x0061963b) sllw    a2, gp, t1
core   0: 1 0x00000000800050a4 (0x0061963b) x12 0xfffffffffffffffe
core   0: 0x00000000800050a8 (0x02690a3b) mulw    s4, s2, t1
core   0: 1 0x00000000800050a8 (0x02690a3b) x20 0xffffffffffffffff
core   0: 0x00000000800050ac (0x0016941b) slliw   s0, a3, 1
core   0: 1 0x00000000800050ac (0x0016941b) x8  0x0000000000000002
core   0: 0x00000000800050b0 (0xb3dffbcf) fnmadd.d fs7, ft11, ft9, fs6
core   0: 1 0x00000000800050b0 (0xb3dffbcf) c1_fflags 0x000000000000001f f23 0xc000000000000000
core   0: 0x00000000800050b4 (0x8ed56013) ori     zero, a0, -1811
core   0: 1 0x00000000800050b4 (0x8ed56013)
core   0: 0x00000000800050b8 (0x437b5a93) srai    s5, s6, 55
core   0: 1 0x00000000800050b8 (0x437b5a93) x21 0xffffffffffffffff
core   0: 0x00000000800050bc (0x01624233) xor     tp, tp, s6
core   0: 1 0x00000000800050bc (0x01624233) x4  0xffffffffc32210d0
core   0: 0x00000000800050c0 (0x0a3bf0cf) fnmadd.d ft1, fs7, ft3, ft1
core   0: 1 0x00000000800050c0 (0x0a3bf0cf) f1  0x7ff8000000000000
core   0: 0x00000000800050c4 (0x00000001) c.nop
core   0: 1 0x00000000800050c4 (0x0001)
core   0: 0x00000000800050c6 (0xc23d71d3) fcvt.lu.d gp, fs10
core   0: 1 0x00000000800050c6 (0xc23d71d3) c1_fflags 0x000000000000001f x3  0x000000000000be66
core   0: 0x00000000800050ca (0x80098993) addi    s3, s3, -2048
core   0: 1 0x00000000800050ca (0x80098993) x19 0xfffffff08d9ae2a2
core   0: 0x00000000800050ce (0x023cfcbb) remuw   s9, s9, gp
core   0: 1 0x00000000800050ce (0x023cfcbb) x25 0x0000000000004347
core   0: 0x00000000800050d2 (0x01b15b3b) srlw    s6, sp, s11
core   0: 1 0x00000000800050d2 (0x01b15b3b) x22 0x0000000000000000
core   0: 0x00000000800050d6 (0x2bdb9553) fmax.d  fa0, fs7, ft9
core   0: 1 0x00000000800050d6 (0x2bdb9553) f10 0x41f1b35d54400000
core   0: 0x00000000800050da (0x40bcd193) srai    gp, s9, 11
core   0: 1 0x00000000800050da (0x40bcd193) x3  0x0000000000000008
core   0: 0x00000000800050de (0x013257b3) srl     a5, tp, s3
core   0: 1 0x00000000800050de (0x013257b3) x15 0x000000003fffffff
core   0: 0x00000000800050e2 (0x017e1033) sll     zero, t3, s7
core   0: 1 0x00000000800050e2 (0x017e1033)
core   0: 0x00000000800050e6 (0x00f9c033) xor     zero, s3, a5
core   0: 1 0x00000000800050e6 (0x00f9c033)
core   0: 0x00000000800050ea (0x7a009b37) lui     s6, 0x7a009
core   0: 1 0x00000000800050ea (0x7a009b37) x22 0x000000007a009000
core   0: 0x00000000800050ee (0x4177573b) sraw    a4, a4, s7
core   0: 1 0x00000000800050ee (0x4177573b) x14 0x0000000000000000
core   0: 0x00000000800050f2 (0x020052bb) divuw   t0, zero, zero
core   0: 1 0x00000000800050f2 (0x020052bb) x5  0xffffffffffffffff
core   0: 0x00000000800050f6 (0x0322edbb) remw    s11, t0, s2
core   0: 1 0x00000000800050f6 (0x0322edbb) x27 0x0000000000000000
core   0: 0x00000000800050fa (0x001b9cf3) csrrw   s9, fflags, s7
core   0: 1 0x00000000800050fa (0x001b9cf3) x25 0x000000000000001f c1_fflags 0x0000000000000003
core   0: 0x00000000800050fe (0x4137d33b) sraw    t1, a5, s3
core   0: 1 0x00000000800050fe (0x4137d33b) x6  0x000000000fffffff
core   0: 0x0000000080005102 (0xe2008c53) fmv.x.d s8, ft1
core   0: 1 0x0000000080005102 (0xe2008c53) x24 0x7ff8000000000000
core   0: 0x0000000080005106 (0xc33c7b43) fmadd.d fs6, fs8, fs3, fs8
core   0: 1 0x0000000080005106 (0xc33c7b43) f22 0x7ff8000000000000
core   0: 0x000000008000510a (0x002029f3) csrrs   s3, frm, zero
core   0: 1 0x000000008000510a (0x002029f3) x19 0x0000000000000003
core   0: 0x000000008000510e (0xc02c7b53) fcvt.l.s s6, fs8
core   0: 1 0x000000008000510e (0xc02c7b53) c1_fflags 0x0000000000000013 x22 0x7fffffffffffffff
core   0: 0x0000000080005112 (0x019e8ab3) add     s5, t4, s9
core   0: 1 0x0000000080005112 (0x019e8ab3) x21 0xffffffffc2da101f
core   0: 0x0000000080005116 (0x016e42b3) xor     t0, t3, s6
core   0: 1 0x0000000080005116 (0x016e42b3) x5  0x7fffffffffffffff
core   0: 0x000000008000511a (0x01a627b3) slt     a5, a2, s10
core   0: 1 0x000000008000511a (0x01a627b3) x15 0x0000000000000000
core   0: 0x000000008000511e (0x022e6e3b) remw    t3, t3, sp
core   0: 1 0x000000008000511e (0x022e6e3b) x28 0x0000000000000000
core   0: 0x0000000080005122 (0x4c99059b) addiw   a1, s2, 1225
core   0: 1 0x0000000080005122 (0x4c99059b) x11 0x00000000000004c8
core   0: 0x0000000080005126 (0x21638997) auipc   s3, 0x21638
core   0: 1 0x0000000080005126 (0x21638997) x19 0x00000000a163d126
core   0: 0x000000008000512a (0x00000001) c.nop
core   0: 1 0x000000008000512a (0x0001)
core   0: 0x000000008000512c (0x40bc0a33) sub     s4, s8, a1
core   0: 1 0x000000008000512c (0x40bc0a33) x20 0x7ff7fffffffffb38
core   0: 0x0000000080005130 (0xf2058fd3) fmv.d.x ft11, a1
core   0: 1 0x0000000080005130 (0xf2058fd3) f31 0x00000000000004c8
core   0: 0x0000000080005134 (0xd039fe53) fcvt.s.lu ft8, s3
core   0: 1 0x0000000080005134 (0xd039fe53) c1_fflags 0x0000000000000013 f28 0xffffffff4f2163d2
core   0: 0x0000000080005138 (0x420a0a53) fcvt.d.s fs4, fs4
core   0: 1 0x0000000080005138 (0x420a0a53) f20 0x7ff8000000000000
core   0: 0x000000008000513c (0x038ce9b3) rem     s3, s9, s8
core   0: 1 0x000000008000513c (0x038ce9b3) x19 0x000000000000001f
core   0: 0x0000000080005140 (0x00181a9b) slliw   s5, a6, 1
core   0: 1 0x0000000080005140 (0x00181a9b) x21 0x0000000000000000
core   0: 0x0000000080005144 (0x4001d21b) sraiw   tp, gp, 0
core   0: 1 0x0000000080005144 (0x4001d21b) x4  0x0000000000000008
core   0: 0x0000000080005148 (0x0005d593) srli    a1, a1, 0
core   0: 1 0x0000000080005148 (0x0005d593) x11 0x00000000000004c8
core   0: 0x000000008000514c (0x002e1973) csrrw   s2, frm, t3
core   0: 1 0x000000008000514c (0x002e1973) x18 0x0000000000000003 c2_frm 0x0000000000000000
core   0: 0x0000000080005150 (0x02004c3b) divw    s8, zero, zero
core   0: 1 0x0000000080005150 (0x02004c3b) x24 0xffffffffffffffff
core   0: 0x0000000080005154 (0x418c02bb) subw    t0, s8, s8
core   0: 1 0x0000000080005154 (0x418c02bb) x5  0x0000000000000000
core   0: 0x0000000080005158 (0xd0337f53) fcvt.s.lu ft10, t1
core   0: 1 0x0000000080005158 (0xd0337f53) c1_fflags 0x0000000000000013 f30 0xffffffff4d800000
core   0: 0x000000008000515c (0x2aa17147) fmsub.d ft2, ft2, fa0, ft5
core   0: 1 0x000000008000515c (0x2aa17147) f2  0x7ff8000000000000
core   0: 0x0000000080005160 (0x034c43b3) div     t2, s8, s4
core   0: 1 0x0000000080005160 (0x034c43b3) x7  0x0000000000000000
core   0: 0x0000000080005164 (0x56197593) andi    a1, s2, 1377
core   0: 1 0x0000000080005164 (0x56197593) x11 0x0000000000000001
core   0: 0x0000000080005168 (0x13336313) ori     t1, t1, 307
core   0: 1 0x0000000080005168 (0x13336313) x6  0x000000000fffffff
core   0: 0x000000008000516c (0x0265b3b3) mulhu   t2, a1, t1
core   0: 1 0x000000008000516c (0x0265b3b3) x7  0x0000000000000000
core   0: 0x0000000080005170 (0x52f0f3cf) fnmadd.d ft7, ft1, fa5, fa0
core   0: 1 0x0000000080005170 (0x52f0f3cf) f7  0x7ff8000000000000
core   0: 0x0000000080005174 (0x2b4a1a53) fmax.d  fs4, fs4, fs4
core   0: 1 0x0000000080005174 (0x2b4a1a53) f20 0x7ff8000000000000
core   0: 0x0000000080005178 (0x3cf5001b) addiw   zero, a0, 975
core   0: 1 0x0000000080005178 (0x3cf5001b)
core   0: 0x000000008000517c (0x2af699d3) fmax.d  fs3, fa3, fa5
core   0: 1 0x000000008000517c (0x2af699d3) f19 0x7ff8000000000000
core   0: 0x0000000080005180 (0x41e8519b) sraiw   gp, a6, 30
core   0: 1 0x0000000080005180 (0x41e8519b) x3  0x0000000000000000
core   0: 0x0000000080005184 (0xc037fdd3) fcvt.lu.s s11, fa5
core   0: 1 0x0000000080005184 (0xc037fdd3) c1_fflags 0x0000000000000013 x27 0xffffffffffffffff
core   0: 0x0000000080005188 (0x41490a3b) subw    s4, s2, s4
core   0: 1 0x0000000080005188 (0x41490a3b) x20 0x00000000000004cb
core   0: 0x000000008000518c (0xa2f90c93) addi    s9, s2, -1489
core   0: 1 0x000000008000518c (0xa2f90c93) x25 0xfffffffffffffa32
core   0: 0x0000000080005190 (0x001d7593) andi    a1, s10, 1
core   0: 1 0x0000000080005190 (0x001d7593) x11 0x0000000000000000
core   0: 0x0000000080005194 (0x0325db13) srli    s6, a1, 50
core   0: 1 0x0000000080005194 (0x0325db13) x22 0x0000000000000000
core   0: 0x0000000080005198 (0x0ff0000f) fence   iorw,iorw
core   0: 1 0x0000000080005198 (0x0ff0000f)
core   0: 0x000000008000519c (0x00202ef3) csrrs   t4, frm, zero
core   0: 1 0x000000008000519c (0x00202ef3) x29 0x0000000000000000
core   0: 0x00000000800051a0 (0x80094d93) xori    s11, s2, -2048
core   0: 1 0x00000000800051a0 (0x80094d93) x27 0xfffffffffffff803
core   0: 0x00000000800051a4 (0xc05d32f3) csrrc   t0, hpmcounter5, s10
core   0: exception trap_illegal_instruction, epc 0x00000000800051a4
core   0:           tval 0x00000000c05d32f3
core   0: >>>>  $xrv64i2p1_m2p0_a2p1_f2p2_d2p2_zicsr2p0_zifencei2p0_zmmul1p0_zba1p0_zbb1p0_zbc1p0_zbs1p0
core   0: 0x0000000080004000 (0x0080006f) j       pc + 0x8
core   0: 3 0x0000000080004000 (0x0080006f)
core   0: >>>>  mmode_exception_handler
core   0: 0x0000000080004008 (0x00002c17) auipc   s8, 0x2
core   0: 3 0x0000000080004008 (0x00002c17) x24 0x0000000080006008
core   0: 0x000000008000400c (0xffcc0c13) addi    s8, s8, -4
core   0: 3 0x000000008000400c (0xffcc0c13) x24 0x0000000080006004
core   0: 0x0000000080004010 (0x000c00e7) jalr    s8
core   0: 3 0x0000000080004010 (0x000c00e7) x1  0x0000000080004014
core   0: >>>>  any_handler
core   0: 0x0000000080006004 (0x341027f3) csrrs   a5, mepc, zero
core   0: 3 0x0000000080006004 (0x341027f3) x15 0x00000000800051a4
core   0: 0x0000000080006008 (0x34202773) csrrs   a4, mcause, zero
core   0: 3 0x0000000080006008 (0x34202773) x14 0x0000000000000002
core   0: 0x000000008000600c (0x142026f3) csrrs   a3, scause, zero
core   0: 3 0x000000008000600c (0x142026f3) x13 0x000000000000001f
core   0: 0x0000000080006010 (0x30402673) csrrs   a2, mie, zero
core   0: 3 0x0000000080006010 (0x30402673) x12 0x0000000000000a00
core   0: 0x0000000080006014 (0x344025f3) csrrs   a1, mip, zero
core   0: 3 0x0000000080006014 (0x344025f3) x11 0x0000000000000080
core   0: 0x0000000080006018 (0x343025f3) csrrs   a1, mtval, zero
core   0: 3 0x0000000080006018 (0x343025f3) x11 0x00000000c05d32f3
core   0: 0x000000008000601c (0x14302573) csrrs   a0, stval, zero
core   0: 3 0x000000008000601c (0x14302573) x10 0x0000000000000000
core   0: 0x0000000080006020 (0xb02024f3) csrrs   s1, minstret, zero
core   0: 3 0x0000000080006020 (0xb02024f3) x9  0x0000000000000db1
core   0: 0x0000000080006024 (0x0000a811) c.j     pc + 20
core   0: 3 0x0000000080006024 (0xa811)
core   0: >>>>  mepc_4
core   0: 0x0000000080006038 (0x00000791) c.addi  a5, 4
core   0: 3 0x0000000080006038 (0x0791) x15 0x00000000800051a8
core   0: 0x000000008000603a (0x34179073) csrrw   zero, mepc, a5
core   0: 3 0x000000008000603a (0x34179073) c833_mepc 0x00000000800051a8
core   0: 0x000000008000603e (0x30200073) mret
core   0: 3 0x000000008000603e (0x30200073) c768_mstatus 0x8000000a00106080
core   0: 0x00000000800051a8 (0x017c1c1b) slliw   s8, s8, 23
core   0: 1 0x00000000800051a8 (0x017c1c1b) x24 0x0000000002000000
core   0: 0x00000000800051ac (0x0117d693) srli    a3, a5, 17
core   0: 1 0x00000000800051ac (0x0117d693) x13 0x0000000000004000
core   0: 0x00000000800051b0 (0x233585d3) fsgnj.d fa1, fa1, fs3
core   0: 1 0x00000000800051b0 (0x233585d3) f11 0x7fffffff44500000
core   0: 0x00000000800051b4 (0x4080d2bb) sraw    t0, ra, s0
core   0: 1 0x00000000800051b4 (0x4080d2bb) x5  0xffffffffe0001005
core   0: 0x00000000800051b8 (0x41d85e33) sra     t3, a6, t4
core   0: 1 0x00000000800051b8 (0x41d85e33) x28 0x0000000000000000
core   0: 0x00000000800051bc (0x22331353) fsgnjn.d ft6, ft6, ft3
core   0: 1 0x00000000800051bc (0x22331353) f6  0xfffffffff0b68001
core   0: 0x00000000800051c0 (0x024c643b) remw    s0, s8, tp
core   0: 1 0x00000000800051c0 (0x024c643b) x8  0x0000000000000000
core   0: 0x00000000800051c4 (0xb020e873) csrrsi  a6, minstret, 1
core   0: exception trap_illegal_instruction, epc 0x00000000800051c4
core   0:           tval 0x00000000b020e873
core   0: >>>>  $xrv64i2p1_m2p0_a2p1_f2p2_d2p2_zicsr2p0_zifencei2p0_zmmul1p0_zba1p0_zbb1p0_zbc1p0_zbs1p0
core   0: 0x0000000080004000 (0x0080006f) j       pc + 0x8
core   0: 3 0x0000000080004000 (0x0080006f)
core   0: >>>>  mmode_exception_handler
core   0: 0x0000000080004008 (0x00002c17) auipc   s8, 0x2
core   0: 3 0x0000000080004008 (0x00002c17) x24 0x0000000080006008
core   0: 0x000000008000400c (0xffcc0c13) addi    s8, s8, -4
core   0: 3 0x000000008000400c (0xffcc0c13) x24 0x0000000080006004
core   0: 0x0000000080004010 (0x000c00e7) jalr    s8
core   0: 3 0x0000000080004010 (0x000c00e7) x1  0x0000000080004014
core   0: >>>>  any_handler
core   0: 0x0000000080006004 (0x341027f3) csrrs   a5, mepc, zero
core   0: 3 0x0000000080006004 (0x341027f3) x15 0x00000000800051c4
core   0: 0x0000000080006008 (0x34202773) csrrs   a4, mcause, zero
core   0: 3 0x0000000080006008 (0x34202773) x14 0x0000000000000002
core   0: 0x000000008000600c (0x142026f3) csrrs   a3, scause, zero
core   0: 3 0x000000008000600c (0x142026f3) x13 0x000000000000001f
core   0: 0x0000000080006010 (0x30402673) csrrs   a2, mie, zero
core   0: 3 0x0000000080006010 (0x30402673) x12 0x0000000000000a00
core   0: 0x0000000080006014 (0x344025f3) csrrs   a1, mip, zero
core   0: 3 0x0000000080006014 (0x344025f3) x11 0x0000000000000080
core   0: 0x0000000080006018 (0x343025f3) csrrs   a1, mtval, zero
core   0: 3 0x0000000080006018 (0x343025f3) x11 0x00000000b020e873
core   0: 0x000000008000601c (0x14302573) csrrs   a0, stval, zero
core   0: 3 0x000000008000601c (0x14302573) x10 0x0000000000000000
core   0: 0x0000000080006020 (0xb02024f3) csrrs   s1, minstret, zero
core   0: 3 0x0000000080006020 (0xb02024f3) x9  0x0000000000000dc8
core   0: 0x0000000080006024 (0x0000a811) c.j     pc + 20
core   0: 3 0x0000000080006024 (0xa811)
core   0: >>>>  mepc_4
core   0: 0x0000000080006038 (0x00000791) c.addi  a5, 4
core   0: 3 0x0000000080006038 (0x0791) x15 0x00000000800051c8
core   0: 0x000000008000603a (0x34179073) csrrw   zero, mepc, a5
core   0: 3 0x000000008000603a (0x34179073) c833_mepc 0x00000000800051c8
core   0: 0x000000008000603e (0x30200073) mret
core   0: 3 0x000000008000603e (0x30200073) c768_mstatus 0x8000000a00106080
core   0: 0x00000000800051c8 (0xfb450c1b) addiw   s8, a0, -76
core   0: 1 0x00000000800051c8 (0xfb450c1b) x24 0xffffffffffffffb4
core   0: 0x00000000800051cc (0x4042553b) sraw    a0, tp, tp
core   0: 1 0x00000000800051cc (0x4042553b) x10 0x0000000000000000
core   0: 0x00000000800051d0 (0x00fb47b3) xor     a5, s6, a5
core   0: 1 0x00000000800051d0 (0x00fb47b3) x15 0x00000000800051c8
core   0: 0x00000000800051d4 (0xd357ee93) ori     t4, a5, -715
core   0: 1 0x00000000800051d4 (0xd357ee93) x29 0xfffffffffffffdfd
core   0: 0x00000000800051d8 (0xf14babf3) csrrs   s7, mhartid, s7
core   0: exception trap_illegal_instruction, epc 0x00000000800051d8
core   0:           tval 0x00000000f14babf3
core   0: >>>>  $xrv64i2p1_m2p0_a2p1_f2p2_d2p2_zicsr2p0_zifencei2p0_zmmul1p0_zba1p0_zbb1p0_zbc1p0_zbs1p0
core   0: 0x0000000080004000 (0x0080006f) j       pc + 0x8
core   0: 3 0x0000000080004000 (0x0080006f)
core   0: >>>>  mmode_exception_handler
core   0: 0x0000000080004008 (0x00002c17) auipc   s8, 0x2
core   0: 3 0x0000000080004008 (0x00002c17) x24 0x0000000080006008
core   0: 0x000000008000400c (0xffcc0c13) addi    s8, s8, -4
core   0: 3 0x000000008000400c (0xffcc0c13) x24 0x0000000080006004
core   0: 0x0000000080004010 (0x000c00e7) jalr    s8
core   0: 3 0x0000000080004010 (0x000c00e7) x1  0x0000000080004014
core   0: >>>>  any_handler
core   0: 0x0000000080006004 (0x341027f3) csrrs   a5, mepc, zero
core   0: 3 0x0000000080006004 (0x341027f3) x15 0x00000000800051d8
core   0: 0x0000000080006008 (0x34202773) csrrs   a4, mcause, zero
core   0: 3 0x0000000080006008 (0x34202773) x14 0x0000000000000002
core   0: 0x000000008000600c (0x142026f3) csrrs   a3, scause, zero
core   0: 3 0x000000008000600c (0x142026f3) x13 0x000000000000001f
core   0: 0x0000000080006010 (0x30402673) csrrs   a2, mie, zero
core   0: 3 0x0000000080006010 (0x30402673) x12 0x0000000000000a00
core   0: 0x0000000080006014 (0x344025f3) csrrs   a1, mip, zero
core   0: 3 0x0000000080006014 (0x344025f3) x11 0x0000000000000080
core   0: 0x0000000080006018 (0x343025f3) csrrs   a1, mtval, zero
core   0: 3 0x0000000080006018 (0x343025f3) x11 0x00000000f14babf3
core   0: 0x000000008000601c (0x14302573) csrrs   a0, stval, zero
core   0: 3 0x000000008000601c (0x14302573) x10 0x0000000000000000
core   0: 0x0000000080006020 (0xb02024f3) csrrs   s1, minstret, zero
core   0: 3 0x0000000080006020 (0xb02024f3) x9  0x0000000000000ddc
core   0: 0x0000000080006024 (0x0000a811) c.j     pc + 20
core   0: 3 0x0000000080006024 (0xa811)
core   0: >>>>  mepc_4
core   0: 0x0000000080006038 (0x00000791) c.addi  a5, 4
core   0: 3 0x0000000080006038 (0x0791) x15 0x00000000800051dc
core   0: 0x000000008000603a (0x34179073) csrrw   zero, mepc, a5
core   0: 3 0x000000008000603a (0x34179073) c833_mepc 0x00000000800051dc
core   0: 0x000000008000603e (0x30200073) mret
core   0: 3 0x000000008000603e (0x30200073) c768_mstatus 0x8000000a00106080
core   0: 0x00000000800051dc (0x03798ab3) mul     s5, s3, s7
core   0: 1 0x00000000800051dc (0x03798ab3) x21 0x000000000000005d
core   0: 0x00000000800051e0 (0x03fad093) srli    ra, s5, 63
core   0: 1 0x00000000800051e0 (0x03fad093) x1  0x0000000000000000
core   0: 0x00000000800051e4 (0x1bff7fd3) fdiv.d  ft11, ft10, ft11
core   0: 1 0x00000000800051e4 (0x1bff7fd3) f31 0x7ff8000000000000
core   0: 0x00000000800051e8 (0xd249f24f) fnmadd.d ft4, fs3, ft4, fs10
core   0: 1 0x00000000800051e8 (0xd249f24f) f4  0x7ff8000000000000
core   0: 0x00000000800051ec (0x234eaed3) fsgnjx.d ft9, ft9, fs4
core   0: 1 0x00000000800051ec (0x234eaed3) f29 0x41f1b35d54400000
core   0: 0x00000000800051f0 (0x00000001) c.nop
core   0: 1 0x00000000800051f0 (0x0001)
core   0: 0x00000000800051f2 (0x0000d913) srli    s2, ra, 0
core   0: 1 0x00000000800051f2 (0x0000d913) x18 0x0000000000000000
core   0: 0x00000000800051f6 (0x001027f3) csrrs   a5, fflags, zero
core   0: 1 0x00000000800051f6 (0x001027f3) x15 0x0000000000000013
core   0: 0x00000000800051fa (0xc029f9d3) fcvt.l.s s3, fs3
core   0: 1 0x00000000800051fa (0xc029f9d3) c1_fflags 0x0000000000000013 x19 0x7fffffffffffffff
core   0: 0x00000000800051fe (0x001022f3) csrrs   t0, fflags, zero
core   0: 1 0x00000000800051fe (0x001022f3) x5  0x0000000000000013
core   0: 0x0000000080005202 (0x5a0cf253) fsqrt.d ft4, fs9
core   0: 1 0x0000000080005202 (0x5a0cf253) f4  0x7ff8000000000000
core   0: 0x0000000080005206 (0xd20305d3) fcvt.d.w fa1, t1
core   0: 1 0x0000000080005206 (0xd20305d3) f11 0x41affffffe000000
core   0: 0x000000008000520a (0xf2090d53) fmv.d.x fs10, s2
core   0: 1 0x000000008000520a (0xf2090d53) f26 0x0000000000000000
core   0: 0x000000008000520e (0xc038f153) fcvt.lu.s sp, fa7
core   0: 1 0x000000008000520e (0xc038f153) c1_fflags 0x0000000000000013 x2  0xffffffffffffffff
core   0: 0x0000000080005212 (0xc0491df3) csrrw   s11, hpmcounter4, s2
core   0: exception trap_illegal_instruction, epc 0x0000000080005212
core   0:           tval 0x00000000c0491df3
core   0: >>>>  $xrv64i2p1_m2p0_a2p1_f2p2_d2p2_zicsr2p0_zifencei2p0_zmmul1p0_zba1p0_zbb1p0_zbc1p0_zbs1p0
core   0: 0x0000000080004000 (0x0080006f) j       pc + 0x8
core   0: 3 0x0000000080004000 (0x0080006f)
core   0: >>>>  mmode_exception_handler
core   0: 0x0000000080004008 (0x00002c17) auipc   s8, 0x2
core   0: 3 0x0000000080004008 (0x00002c17) x24 0x0000000080006008
core   0: 0x000000008000400c (0xffcc0c13) addi    s8, s8, -4
core   0: 3 0x000000008000400c (0xffcc0c13) x24 0x0000000080006004
core   0: 0x0000000080004010 (0x000c00e7) jalr    s8
core   0: 3 0x0000000080004010 (0x000c00e7) x1  0x0000000080004014
core   0: >>>>  any_handler
core   0: 0x0000000080006004 (0x341027f3) csrrs   a5, mepc, zero
core   0: 3 0x0000000080006004 (0x341027f3) x15 0x0000000080005212
core   0: 0x0000000080006008 (0x34202773) csrrs   a4, mcause, zero
core   0: 3 0x0000000080006008 (0x34202773) x14 0x0000000000000002
core   0: 0x000000008000600c (0x142026f3) csrrs   a3, scause, zero
core   0: 3 0x000000008000600c (0x142026f3) x13 0x000000000000001f
core   0: 0x0000000080006010 (0x30402673) csrrs   a2, mie, zero
core   0: 3 0x0000000080006010 (0x30402673) x12 0x0000000000000a00
core   0: 0x0000000080006014 (0x344025f3) csrrs   a1, mip, zero
core   0: 3 0x0000000080006014 (0x344025f3) x11 0x0000000000000080
core   0: 0x0000000080006018 (0x343025f3) csrrs   a1, mtval, zero
core   0: 3 0x0000000080006018 (0x343025f3) x11 0x00000000c0491df3
core   0: 0x000000008000601c (0x14302573) csrrs   a0, stval, zero
core   0: 3 0x000000008000601c (0x14302573) x10 0x0000000000000000
core   0: 0x0000000080006020 (0xb02024f3) csrrs   s1, minstret, zero
core   0: 3 0x0000000080006020 (0xb02024f3) x9  0x0000000000000dfa
core   0: 0x0000000080006024 (0x0000a811) c.j     pc + 20
core   0: 3 0x0000000080006024 (0xa811)
core   0: >>>>  mepc_4
core   0: 0x0000000080006038 (0x00000791) c.addi  a5, 4
core   0: 3 0x0000000080006038 (0x0791) x15 0x0000000080005216
core   0: 0x000000008000603a (0x34179073) csrrw   zero, mepc, a5
core   0: 3 0x000000008000603a (0x34179073) c833_mepc 0x0000000080005216
core   0: 0x000000008000603e (0x30200073) mret
core   0: 3 0x000000008000603e (0x30200073) c768_mstatus 0x8000000a00106080
core   0: 0x0000000080005216 (0x00009596) c.add   a1, t0
core   0: 1 0x0000000080005216 (0x9596) x11 0x00000000c0491e06
core   0: 0x0000000080005218 (0x12ebf653) fmul.d  fa2, fs7, fa4
core   0: 1 0x0000000080005218 (0x12ebf653) f12 0xc1f1b35d54400000
core   0: 0x000000008000521c (0xc20bfad3) fcvt.w.d s5, fs7
core   0: 1 0x000000008000521c (0xc20bfad3) x21 0xfffffffffffffffe
core   0: 0x0000000080005220 (0x005ace33) xor     t3, s5, t0
core   0: 1 0x0000000080005220 (0x005ace33) x28 0xffffffffffffffed
core   0: 0x0000000080005224 (0xd222f353) fcvt.d.l ft6, t0
core   0: 1 0x0000000080005224 (0xd222f353) f6  0x4033000000000000
core   0: 0x0000000080005228 (0xf20c04d3) fmv.d.x fs1, s8
core   0: 1 0x0000000080005228 (0xf20c04d3) f9  0x0000000080006004
core   0: 0x000000008000522c (0x031488b3) mul     a7, s1, a7
core   0: 1 0x000000008000522c (0x031488b3) x17 0x0000000000000000
core   0: 0x0000000080005230 (0x411a8733) sub     a4, s5, a7
core   0: 1 0x0000000080005230 (0x411a8733) x14 0xfffffffffffffffe
core   0: 0x0000000080005234 (0xfc7654b7) lui     s1, 0xfc765
core   0: 1 0x0000000080005234 (0xfc7654b7) x9  0xfffffffffc765000
core   0: 0x0000000080005238 (0x8774849b) addiw   s1, s1, -1929
core   0: 1 0x0000000080005238 (0x8774849b) x9  0xfffffffffc764877
core   0: 0x000000008000523c (0x000004b6) c.slli  s1, 13
core   0: 1 0x000000008000523c (0x04b6) x9  0xffffff8ec90ee000
core   0: 0x000000008000523e (0xc3b48493) addi    s1, s1, -965
core   0: 1 0x000000008000523e (0xc3b48493) x9  0xffffff8ec90edc3b
core   0: 0x0000000080005242 (0x26191737) lui     a4, 0x26191
core   0: 1 0x0000000080005242 (0x26191737) x14 0x0000000026191000
core   0: 0x0000000080005246 (0xc2167bd3) fcvt.wu.d s7, fa2
core   0: 1 0x0000000080005246 (0xc2167bd3) c1_fflags 0x0000000000000013 x23 0x0000000000000000
core   0: 0x000000008000524a (0xc22376d3) fcvt.l.d a3, ft6
core   0: 1 0x000000008000524a (0xc22376d3) x13 0x0000000000000013
core   0: 0x000000008000524e (0xc034f3d3) fcvt.lu.s t2, fs1
core   0: 1 0x000000008000524e (0xc034f3d3) c1_fflags 0x0000000000000013 x7  0xffffffffffffffff
core   0: 0x0000000080005252 (0x4137dcbb) sraw    s9, a5, s3
core   0: 1 0x0000000080005252 (0x4137dcbb) x25 0xffffffffffffffff
core   0: 0x0000000080005256 (0x0278843b) mulw    s0, a7, t2
core   0: 1 0x0000000080005256 (0x0278843b) x8  0x0000000000000000
core   0: 0x000000008000525a (0x007cfeb3) and     t4, s9, t2
core   0: 1 0x000000008000525a (0x007cfeb3) x29 0xffffffffffffffff
core   0: 0x000000008000525e (0xc9007937) lui     s2, 0xc9007
core   0: 1 0x000000008000525e (0xc9007937) x18 0xffffffffc9007000
core   0: 0x0000000080005262 (0x00000001) c.nop
core   0: 1 0x0000000080005262 (0x0001)
core   0: 0x0000000080005264 (0xd22cf453) fcvt.d.l fs0, s9
core   0: 1 0x0000000080005264 (0xd22cf453) f8  0xbff0000000000000
core   0: 0x0000000080005268 (0x1420ae73) csrrs   t3, scause, ra
core   0: 1 0x0000000080005268 (0x1420ae73) x28 0x000000000000001f c322_scause 0x000000008000401f
core   0: 0x000000008000526c (0x5d698893) addi    a7, s3, 1494
core   0: 1 0x000000008000526c (0x5d698893) x17 0x80000000000005d5
core   0: 0x0000000080005270 (0xc2237b53) fcvt.l.d s6, ft6
core   0: 1 0x0000000080005270 (0xc2237b53) x22 0x0000000000000013
core   0: 0x0000000080005274 (0x0163f4b3) and     s1, t2, s6
core   0: 1 0x0000000080005274 (0x0163f4b3) x9  0x0000000000000013
core   0: 0x0000000080005278 (0x401670d3) fcvt.s.d ft1, fa2
core   0: 1 0x0000000080005278 (0x401670d3) c1_fflags 0x0000000000000013 f1  0xffffffffcf8d9aeb
core   0: 0x000000008000527c (0x5a9a2017) auipc   zero, 0x5a9a2
core   0: 1 0x000000008000527c (0x5a9a2017)
core   0: 0x0000000080005280 (0xc06fe573) csrrsi  a0, hpmcounter6, 31
core   0: exception trap_illegal_instruction, epc 0x0000000080005280
core   0:           tval 0x00000000c06fe573
core   0: >>>>  $xrv64i2p1_m2p0_a2p1_f2p2_d2p2_zicsr2p0_zifencei2p0_zmmul1p0_zba1p0_zbb1p0_zbc1p0_zbs1p0
core   0: 0x0000000080004000 (0x0080006f) j       pc + 0x8
core   0: 3 0x0000000080004000 (0x0080006f)
core   0: >>>>  mmode_exception_handler
core   0: 0x0000000080004008 (0x00002c17) auipc   s8, 0x2
core   0: 3 0x0000000080004008 (0x00002c17) x24 0x0000000080006008
core   0: 0x000000008000400c (0xffcc0c13) addi    s8, s8, -4
core   0: 3 0x000000008000400c (0xffcc0c13) x24 0x0000000080006004
core   0: 0x0000000080004010 (0x000c00e7) jalr    s8
core   0: 3 0x0000000080004010 (0x000c00e7) x1  0x0000000080004014
core   0: >>>>  any_handler
core   0: 0x0000000080006004 (0x341027f3) csrrs   a5, mepc, zero
core   0: 3 0x0000000080006004 (0x341027f3) x15 0x0000000080005280
core   0: 0x0000000080006008 (0x34202773) csrrs   a4, mcause, zero
core   0: 3 0x0000000080006008 (0x34202773) x14 0x0000000000000002
core   0: 0x000000008000600c (0x142026f3) csrrs   a3, scause, zero
core   0: 3 0x000000008000600c (0x142026f3) x13 0x000000008000401f
core   0: 0x0000000080006010 (0x30402673) csrrs   a2, mie, zero
core   0: 3 0x0000000080006010 (0x30402673) x12 0x0000000000000a00
core   0: 0x0000000080006014 (0x344025f3) csrrs   a1, mip, zero
core   0: 3 0x0000000080006014 (0x344025f3) x11 0x0000000000000080
core   0: 0x0000000080006018 (0x343025f3) csrrs   a1, mtval, zero
core   0: 3 0x0000000080006018 (0x343025f3) x11 0x00000000c06fe573
core   0: 0x000000008000601c (0x14302573) csrrs   a0, stval, zero
core   0: 3 0x000000008000601c (0x14302573) x10 0x0000000000000000
core   0: 0x0000000080006020 (0xb02024f3) csrrs   s1, minstret, zero
core   0: 3 0x0000000080006020 (0xb02024f3) x9  0x0000000000000e26
core   0: 0x0000000080006024 (0x0000a811) c.j     pc + 20
core   0: 3 0x0000000080006024 (0xa811)
core   0: >>>>  mepc_4
core   0: 0x0000000080006038 (0x00000791) c.addi  a5, 4
core   0: 3 0x0000000080006038 (0x0791) x15 0x0000000080005284
core   0: 0x000000008000603a (0x34179073) csrrw   zero, mepc, a5
core   0: 3 0x000000008000603a (0x34179073) c833_mepc 0x0000000080005284
core   0: 0x000000008000603e (0x30200073) mret
core   0: 3 0x000000008000603e (0x30200073) c768_mstatus 0x8000000a00106080
core   0: 0x0000000080005284 (0x14406473) csrrsi  s0, sip, 0
core   0: 1 0x0000000080005284 (0x14406473) x8  0x0000000000000000
core   0: 0x0000000080005288 (0x016d581b) srliw   a6, s10, 22
core   0: 1 0x0000000080005288 (0x016d581b) x16 0x0000000000000385
core   0: 0x000000008000528c (0xc0347cd3) fcvt.lu.s s9, fs0
core   0: 1 0x000000008000528c (0xc0347cd3) c1_fflags 0x0000000000000013 x25 0xffffffffffffffff
core   0: 0x0000000080005290 (0x029ed233) divu    tp, t4, s1
core   0: 1 0x0000000080005290 (0x029ed233) x4  0x00121807ea837699
core   0: 0x0000000080005294 (0x413dd53b) sraw    a0, s11, s3
core   0: 1 0x0000000080005294 (0x413dd53b) x10 0xffffffffffffffff
core   0: 0x0000000080005298 (0x2adc9253) fmax.d  ft4, fs9, fa3
core   0: 1 0x0000000080005298 (0x2adc9253) f4  0x7ff8000000000000
core   0: 0x000000008000529c (0x011ac733) xor     a4, s5, a7
core   0: 1 0x000000008000529c (0x011ac733) x14 0x7ffffffffffffa2b
core   0: 0x00000000800052a0 (0x00b84133) xor     sp, a6, a1
core   0: 1 0x00000000800052a0 (0x00b84133) x2  0x00000000c06fe6f6
core   0: 0x00000000800052a4 (0x0ff0000f) fence   iorw,iorw
core   0: 1 0x00000000800052a4 (0x0ff0000f)
core   0: 0x00000000800052a8 (0x72dd7d47) fmsub.d fs10, fs10, fa3, fa4
core   0: 1 0x00000000800052a8 (0x72dd7d47) f26 0x7ff8000000000000
core   0: 0x00000000800052ac (0x000099fd) c.andi  a1, -1
core   0: 1 0x00000000800052ac (0x99fd) x11 0x00000000c06fe573
core   0: 0x00000000800052ae (0x343d1673) csrrw   a2, mtval, s10
core   0: exception trap_illegal_instruction, epc 0x00000000800052ae
core   0:           tval 0x00000000343d1673
core   0: >>>>  $xrv64i2p1_m2p0_a2p1_f2p2_d2p2_zicsr2p0_zifencei2p0_zmmul1p0_zba1p0_zbb1p0_zbc1p0_zbs1p0
core   0: 0x0000000080004000 (0x0080006f) j       pc + 0x8
core   0: 3 0x0000000080004000 (0x0080006f)
core   0: >>>>  mmode_exception_handler
core   0: 0x0000000080004008 (0x00002c17) auipc   s8, 0x2
core   0: 3 0x0000000080004008 (0x00002c17) x24 0x0000000080006008
core   0: 0x000000008000400c (0xffcc0c13) addi    s8, s8, -4
core   0: 3 0x000000008000400c (0xffcc0c13) x24 0x0000000080006004
core   0: 0x0000000080004010 (0x000c00e7) jalr    s8
core   0: 3 0x0000000080004010 (0x000c00e7) x1  0x0000000080004014
core   0: >>>>  any_handler
core   0: 0x0000000080006004 (0x341027f3) csrrs   a5, mepc, zero
core   0: 3 0x0000000080006004 (0x341027f3) x15 0x00000000800052ae
core   0: 0x0000000080006008 (0x34202773) csrrs   a4, mcause, zero
core   0: 3 0x0000000080006008 (0x34202773) x14 0x0000000000000002
core   0: 0x000000008000600c (0x142026f3) csrrs   a3, scause, zero
core   0: 3 0x000000008000600c (0x142026f3) x13 0x000000008000401f
core   0: 0x0000000080006010 (0x30402673) csrrs   a2, mie, zero
core   0: 3 0x0000000080006010 (0x30402673) x12 0x0000000000000a00
core   0: 0x0000000080006014 (0x344025f3) csrrs   a1, mip, zero
core   0: 3 0x0000000080006014 (0x344025f3) x11 0x0000000000000080
core   0: 0x0000000080006018 (0x343025f3) csrrs   a1, mtval, zero
core   0: 3 0x0000000080006018 (0x343025f3) x11 0x00000000343d1673
core   0: 0x000000008000601c (0x14302573) csrrs   a0, stval, zero
core   0: 3 0x000000008000601c (0x14302573) x10 0x0000000000000000
core   0: 0x0000000080006020 (0xb02024f3) csrrs   s1, minstret, zero
core   0: 3 0x0000000080006020 (0xb02024f3) x9  0x0000000000000e41
core   0: 0x0000000080006024 (0x0000a811) c.j     pc + 20
core   0: 3 0x0000000080006024 (0xa811)
core   0: >>>>  mepc_4
core   0: 0x0000000080006038 (0x00000791) c.addi  a5, 4
core   0: 3 0x0000000080006038 (0x0791) x15 0x00000000800052b2
core   0: 0x000000008000603a (0x34179073) csrrw   zero, mepc, a5
core   0: 3 0x000000008000603a (0x34179073) c833_mepc 0x00000000800052b2
core   0: 0x000000008000603e (0x30200073) mret
core   0: 3 0x000000008000603e (0x30200073) c768_mstatus 0x8000000a00106080
core   0: 0x00000000800052b2 (0x01f7db9b) srliw   s7, a5, 31
core   0: 1 0x00000000800052b2 (0x01f7db9b) x23 0x0000000000000001
core   0: 0x00000000800052b6 (0x03dbceb3) div     t4, s7, t4
core   0: 1 0x00000000800052b6 (0x03dbceb3) x29 0xffffffffffffffff
core   0: 0x00000000800052ba (0x2b2c0c53) fmin.d  fs8, fs8, fs2
core   0: 1 0x00000000800052ba (0x2b2c0c53) f24 0x7ff8000000000000
core   0: 0x00000000800052be (0xd27aca93) xori    s5, s5, -729
core   0: 1 0x00000000800052be (0xd27aca93) x21 0x00000000000002d9
core   0: 0x00000000800052c2 (0x4050d2b3) sra     t0, ra, t0
core   0: 1 0x00000000800052c2 (0x4050d2b3) x5  0x0000000000001000
core   0: 0x00000000800052c6 (0xd2028953) fcvt.d.w fs2, t0
core   0: 1 0x00000000800052c6 (0xd2028953) f18 0x40b0000000000000
core   0: 0x00000000800052ca (0x00202373) csrrs   t1, frm, zero
core   0: 1 0x00000000800052ca (0x00202373) x6  0x0000000000000000
core   0: 0x00000000800052ce (0x005113b3) sll     t2, sp, t0
core   0: 1 0x00000000800052ce (0x005113b3) x7  0x00000000c06fe6f6
core   0: 0x00000000800052d2 (0x017ac6b3) xor     a3, s5, s7
core   0: 1 0x00000000800052d2 (0x017ac6b3) x13 0x00000000000002d8
core   0: 0x00000000800052d6 (0x40145a13) srai    s4, s0, 1
core   0: 1 0x00000000800052d6 (0x40145a13) x20 0x0000000000000000
core   0: 0x00000000800052da (0x030a0e33) mul     t3, s4, a6
core   0: 1 0x00000000800052da (0x030a0e33) x28 0x0000000000000000
core   0: 0x00000000800052de (0x010bf233) and     tp, s7, a6
core   0: 1 0x00000000800052de (0x010bf233) x4  0x0000000000000001
core   0: 0x00000000800052e2 (0x005577b3) and     a5, a0, t0
core   0: 1 0x00000000800052e2 (0x005577b3) x15 0x0000000000000000
core   0: 0x00000000800052e6 (0x0267e4b3) rem     s1, a5, t1
core   0: 1 0x00000000800052e6 (0x0267e4b3) x9  0x0000000000000000
core   0: 0x00000000800052ea (0x02f02e33) mulhsu  t3, zero, a5
core   0: 1 0x00000000800052ea (0x02f02e33) x28 0x0000000000000000
core   0: 0x00000000800052ee (0x18657d13) andi    s10, a0, 390
core   0: 1 0x00000000800052ee (0x18657d13) x26 0x0000000000000000
core   0: 0x00000000800052f2 (0x2a768453) fmin.d  fs0, fa3, ft7
core   0: 1 0x00000000800052f2 (0x2a768453) f8  0x7ff8000000000000
core   0: 0x00000000800052f6 (0xf1307973) csrrci  s2, mimpid, 0
core   0: exception trap_illegal_instruction, epc 0x00000000800052f6
core   0:           tval 0x00000000f1307973
core   0: >>>>  $xrv64i2p1_m2p0_a2p1_f2p2_d2p2_zicsr2p0_zifencei2p0_zmmul1p0_zba1p0_zbb1p0_zbc1p0_zbs1p0
core   0: 0x0000000080004000 (0x0080006f) j       pc + 0x8
core   0: 3 0x0000000080004000 (0x0080006f)
core   0: >>>>  mmode_exception_handler
core   0: 0x0000000080004008 (0x00002c17) auipc   s8, 0x2
core   0: 3 0x0000000080004008 (0x00002c17) x24 0x0000000080006008
core   0: 0x000000008000400c (0xffcc0c13) addi    s8, s8, -4
core   0: 3 0x000000008000400c (0xffcc0c13) x24 0x0000000080006004
core   0: 0x0000000080004010 (0x000c00e7) jalr    s8
core   0: 3 0x0000000080004010 (0x000c00e7) x1  0x0000000080004014
core   0: >>>>  any_handler
core   0: 0x0000000080006004 (0x341027f3) csrrs   a5, mepc, zero
core   0: 3 0x0000000080006004 (0x341027f3) x15 0x00000000800052f6
core   0: 0x0000000080006008 (0x34202773) csrrs   a4, mcause, zero
core   0: 3 0x0000000080006008 (0x34202773) x14 0x0000000000000002
core   0: 0x000000008000600c (0x142026f3) csrrs   a3, scause, zero
core   0: 3 0x000000008000600c (0x142026f3) x13 0x000000008000401f
core   0: 0x0000000080006010 (0x30402673) csrrs   a2, mie, zero
core   0: 3 0x0000000080006010 (0x30402673) x12 0x0000000000000a00
core   0: 0x0000000080006014 (0x344025f3) csrrs   a1, mip, zero
core   0: 3 0x0000000080006014 (0x344025f3) x11 0x0000000000000080
core   0: 0x0000000080006018 (0x343025f3) csrrs   a1, mtval, zero
core   0: 3 0x0000000080006018 (0x343025f3) x11 0x00000000f1307973
core   0: 0x000000008000601c (0x14302573) csrrs   a0, stval, zero
core   0: 3 0x000000008000601c (0x14302573) x10 0x0000000000000000
core   0: 0x0000000080006020 (0xb02024f3) csrrs   s1, minstret, zero
core   0: 3 0x0000000080006020 (0xb02024f3) x9  0x0000000000000e62
core   0: 0x0000000080006024 (0x0000a811) c.j     pc + 20
core   0: 3 0x0000000080006024 (0xa811)
core   0: >>>>  mepc_4
core   0: 0x0000000080006038 (0x00000791) c.addi  a5, 4
core   0: 3 0x0000000080006038 (0x0791) x15 0x00000000800052fa
core   0: 0x000000008000603a (0x34179073) csrrw   zero, mepc, a5
core   0: 3 0x000000008000603a (0x34179073) c833_mepc 0x00000000800052fa
core   0: 0x000000008000603e (0x30200073) mret
core   0: 3 0x000000008000603e (0x30200073) c768_mstatus 0x8000000a00106080
core   0: 0x00000000800052fa (0xf837b3b7) lui     t2, 0xf837b
core   0: 1 0x00000000800052fa (0xf837b3b7) x7  0xfffffffff837b000
core   0: 0x00000000800052fe (0x9513839b) addiw   t2, t2, -1711
core   0: 1 0x00000000800052fe (0x9513839b) x7  0xfffffffff837a951
core   0: 0x0000000080005302 (0x000003b2) c.slli  t2, 12
core   0: 1 0x0000000080005302 (0x03b2) x7  0xffffff837a951000
core   0: 0x0000000080005304 (0xf3338393) addi    t2, t2, -205
core   0: 1 0x0000000080005304 (0xf3338393) x7  0xffffff837a950f33
core   0: 0x0000000080005308 (0xed481e17) auipc   t3, 0xed481
core   0: 1 0x0000000080005308 (0xed481e17) x28 0x000000006d486308
core   0: 0x000000008000530c (0x01f9d69b) srliw   a3, s3, 31
core   0: 1 0x000000008000530c (0x01f9d69b) x13 0x0000000000000001
core   0: 0x0000000080005310 (0x00000001) c.nop
core   0: 1 0x0000000080005310 (0x0001)
core   0: 0x0000000080005312 (0x0006d993) srli    s3, a3, 0
core   0: 1 0x0000000080005312 (0x0006d993) x19 0x0000000000000001
core   0: 0x0000000080005316 (0x03399bb3) mulh    s7, s3, s3
core   0: 1 0x0000000080005316 (0x03399bb3) x23 0x0000000000000000
core   0: 0x000000008000531a (0x43bbf947) fmsub.d fs2, fs7, fs11, fs0
core   0: 1 0x000000008000531a (0x43bbf947) f18 0x7ff8000000000000
core   0: 0x000000008000531e (0x22b02e53) fsgnjx.d ft8, ft0, fa1
core   0: 1 0x000000008000531e (0x22b02e53) f28 0x3ff6a09e667f3bcd
core   0: 0x0000000080005322 (0x22c406d3) fsgnj.d fa3, fs0, fa2
core   0: 1 0x0000000080005322 (0x22c406d3) f13 0xfff8000000000000
core   0: 0x0000000080005326 (0xc81e25f3) csrrs   a1, timeh, t3
core   0: exception trap_illegal_instruction, epc 0x0000000080005326
core   0:           tval 0x00000000c81e25f3
core   0: >>>>  $xrv64i2p1_m2p0_a2p1_f2p2_d2p2_zicsr2p0_zifencei2p0_zmmul1p0_zba1p0_zbb1p0_zbc1p0_zbs1p0
core   0: 0x0000000080004000 (0x0080006f) j       pc + 0x8
core   0: 3 0x0000000080004000 (0x0080006f)
core   0: >>>>  mmode_exception_handler
core   0: 0x0000000080004008 (0x00002c17) auipc   s8, 0x2
core   0: 3 0x0000000080004008 (0x00002c17) x24 0x0000000080006008
core   0: 0x000000008000400c (0xffcc0c13) addi    s8, s8, -4
core   0: 3 0x000000008000400c (0xffcc0c13) x24 0x0000000080006004
core   0: 0x0000000080004010 (0x000c00e7) jalr    s8
core   0: 3 0x0000000080004010 (0x000c00e7) x1  0x0000000080004014
core   0: >>>>  any_handler
core   0: 0x0000000080006004 (0x341027f3) csrrs   a5, mepc, zero
core   0: 3 0x0000000080006004 (0x341027f3) x15 0x0000000080005326
core   0: 0x0000000080006008 (0x34202773) csrrs   a4, mcause, zero
core   0: 3 0x0000000080006008 (0x34202773) x14 0x0000000000000002
core   0: 0x000000008000600c (0x142026f3) csrrs   a3, scause, zero
core   0: 3 0x000000008000600c (0x142026f3) x13 0x000000008000401f
core   0: 0x0000000080006010 (0x30402673) csrrs   a2, mie, zero
core   0: 3 0x0000000080006010 (0x30402673) x12 0x0000000000000a00
core   0: 0x0000000080006014 (0x344025f3) csrrs   a1, mip, zero
core   0: 3 0x0000000080006014 (0x344025f3) x11 0x0000000000000080
core   0: 0x0000000080006018 (0x343025f3) csrrs   a1, mtval, zero
core   0: 3 0x0000000080006018 (0x343025f3) x11 0x00000000c81e25f3
core   0: 0x000000008000601c (0x14302573) csrrs   a0, stval, zero
core   0: 3 0x000000008000601c (0x14302573) x10 0x0000000000000000
core   0: 0x0000000080006020 (0xb02024f3) csrrs   s1, minstret, zero
core   0: 3 0x0000000080006020 (0xb02024f3) x9  0x0000000000000e7e
core   0: 0x0000000080006024 (0x0000a811) c.j     pc + 20
core   0: 3 0x0000000080006024 (0xa811)
core   0: >>>>  mepc_4
core   0: 0x0000000080006038 (0x00000791) c.addi  a5, 4
core   0: 3 0x0000000080006038 (0x0791) x15 0x000000008000532a
core   0: 0x000000008000603a (0x34179073) csrrw   zero, mepc, a5
core   0: 3 0x000000008000603a (0x34179073) c833_mepc 0x000000008000532a
core   0: 0x000000008000603e (0x30200073) mret
core   0: 3 0x000000008000603e (0x30200073) c768_mstatus 0x8000000a00106080
core   0: 0x000000008000532a (0x92490913) addi    s2, s2, -1756
core   0: 1 0x000000008000532a (0x92490913) x18 0xffffffffc9006924
core   0: 0x000000008000532e (0x00102a73) csrrs   s4, fflags, zero
core   0: 1 0x000000008000532e (0x00102a73) x20 0x0000000000000013
core   0: 0x0000000080005332 (0x2ad18c53) fmin.d  fs8, ft3, fa3
core   0: 1 0x0000000080005332 (0x2ad18c53) f24 0x4000000000000000
core   0: 0x0000000080005336 (0x401cdc9b) sraiw   s9, s9, 1
core   0: 1 0x0000000080005336 (0x401cdc9b) x25 0xffffffffffffffff
core   0: 0x000000008000533a (0xd2287753) fcvt.d.l fa4, a6
core   0: 1 0x000000008000533a (0xd2287753) f14 0x408c280000000000
core   0: 0x000000008000533e (0x0053f933) and     s2, t2, t0
core   0: 1 0x000000008000533e (0x0053f933) x18 0x0000000000000000
core   0: 0x0000000080005342 (0x009952b3) srl     t0, s2, s1
core   0: 1 0x0000000080005342 (0x009952b3) x5  0x0000000000000000
core   0: 0x0000000080005346 (0x419a0a33) sub     s4, s4, s9
core   0: 1 0x0000000080005346 (0x419a0a33) x20 0x0000000000000014
core   0: 0x000000008000534a (0x028dd133) divu    sp, s11, s0
core   0: 1 0x000000008000534a (0x028dd133) x2  0xffffffffffffffff
core   0: 0x000000008000534e (0x237b8bd3) fsgnj.d fs7, fs7, fs7
core   0: 1 0x000000008000534e (0x237b8bd3) f23 0xc000000000000000
core   0: 0x0000000080005352 (0x401c7ad3) fcvt.s.d fs5, fs8
core   0: 1 0x0000000080005352 (0x401c7ad3) f21 0xffffffff40000000
core   0: 0x0000000080005356 (0x01424233) xor     tp, tp, s4
core   0: 1 0x0000000080005356 (0x01424233) x4  0x0000000000000015
core   0: 0x000000008000535a (0x43960d13) addi    s10, a2, 1081
core   0: 1 0x000000008000535a (0x43960d13) x26 0x0000000000000e39
core   0: 0x000000008000535e (0x23f97947) fmsub.d fs2, fs2, ft11, ft4
core   0: 1 0x000000008000535e (0x23f97947) f18 0x7ff8000000000000
core   0: 0x0000000080005362 (0xf149a3f3) csrrs   t2, mhartid, s3
core   0: exception trap_illegal_instruction, epc 0x0000000080005362
core   0:           tval 0x00000000f149a3f3
core   0: >>>>  $xrv64i2p1_m2p0_a2p1_f2p2_d2p2_zicsr2p0_zifencei2p0_zmmul1p0_zba1p0_zbb1p0_zbc1p0_zbs1p0
core   0: 0x0000000080004000 (0x0080006f) j       pc + 0x8
core   0: 3 0x0000000080004000 (0x0080006f)
core   0: >>>>  mmode_exception_handler
core   0: 0x0000000080004008 (0x00002c17) auipc   s8, 0x2
core   0: 3 0x0000000080004008 (0x00002c17) x24 0x0000000080006008
core   0: 0x000000008000400c (0xffcc0c13) addi    s8, s8, -4
core   0: 3 0x000000008000400c (0xffcc0c13) x24 0x0000000080006004
core   0: 0x0000000080004010 (0x000c00e7) jalr    s8
core   0: 3 0x0000000080004010 (0x000c00e7) x1  0x0000000080004014
core   0: >>>>  any_handler
core   0: 0x0000000080006004 (0x341027f3) csrrs   a5, mepc, zero
core   0: 3 0x0000000080006004 (0x341027f3) x15 0x0000000080005362
core   0: 0x0000000080006008 (0x34202773) csrrs   a4, mcause, zero
core   0: 3 0x0000000080006008 (0x34202773) x14 0x0000000000000002
core   0: 0x000000008000600c (0x142026f3) csrrs   a3, scause, zero
core   0: 3 0x000000008000600c (0x142026f3) x13 0x000000008000401f
core   0: 0x0000000080006010 (0x30402673) csrrs   a2, mie, zero
core   0: 3 0x0000000080006010 (0x30402673) x12 0x0000000000000a00
core   0: 0x0000000080006014 (0x344025f3) csrrs   a1, mip, zero
core   0: 3 0x0000000080006014 (0x344025f3) x11 0x0000000000000080
core   0: 0x0000000080006018 (0x343025f3) csrrs   a1, mtval, zero
core   0: 3 0x0000000080006018 (0x343025f3) x11 0x00000000f149a3f3
core   0: 0x000000008000601c (0x14302573) csrrs   a0, stval, zero
core   0: 3 0x000000008000601c (0x14302573) x10 0x0000000000000000
core   0: 0x0000000080006020 (0xb02024f3) csrrs   s1, minstret, zero
core   0: 3 0x0000000080006020 (0xb02024f3) x9  0x0000000000000e9c
core   0: 0x0000000080006024 (0x0000a811) c.j     pc + 20
core   0: 3 0x0000000080006024 (0xa811)
core   0: >>>>  mepc_4
core   0: 0x0000000080006038 (0x00000791) c.addi  a5, 4
core   0: 3 0x0000000080006038 (0x0791) x15 0x0000000080005366
core   0: 0x000000008000603a (0x34179073) csrrw   zero, mepc, a5
core   0: 3 0x000000008000603a (0x34179073) c833_mepc 0x0000000080005366
core   0: 0x000000008000603e (0x30200073) mret
core   0: 3 0x000000008000603e (0x30200073) c768_mstatus 0x8000000a00106080
core   0: 0x0000000080005366 (0xc2327c53) fcvt.lu.d s8, ft4
core   0: 1 0x0000000080005366 (0xc2327c53) c1_fflags 0x0000000000000013 x24 0xffffffffffffffff
core   0: 0x000000008000536a (0x71b06637) lui     a2, 0x71b06
core   0: 1 0x000000008000536a (0x71b06637) x12 0x0000000071b06000
core   0: 0x000000008000536e (0xd22575d3) fcvt.d.l fa1, a0
core   0: 1 0x000000008000536e (0xd22575d3) f11 0x0000000000000000
core   0: 0x0000000080005372 (0x03d90033) mul     zero, s2, t4
core   0: 1 0x0000000080005372 (0x03d90033)
core   0: 0x0000000080005376 (0x00f82833) slt     a6, a6, a5
core   0: 1 0x0000000080005376 (0x00f82833) x16 0x0000000000000001
core   0: 0x000000008000537a (0xd0387d53) fcvt.s.lu fs10, a6
core   0: 1 0x000000008000537a (0xd0387d53) f26 0xffffffff3f800000
core   0: 0x000000008000537e (0xd2000453) fcvt.d.w fs0, zero
core   0: 1 0x000000008000537e (0xd2000453) f8  0x0000000000000000
core   0: 0x0000000080005382 (0x400b5b13) srai    s6, s6, 0
core   0: 1 0x0000000080005382 (0x400b5b13) x22 0x0000000000000013
core   0: 0x0000000080005386 (0x00185137) lui     sp, 0x185
core   0: 1 0x0000000080005386 (0x00185137) x2  0x0000000000185000
core   0: 0x000000008000538a (0xbc11011b) addiw   sp, sp, -1087
core   0: 1 0x000000008000538a (0xbc11011b) x2  0x0000000000184bc1
core   0: 0x000000008000538e (0x0000013e) c.slli  sp, 15
core   0: 1 0x000000008000538e (0x013e) x2  0x0000000c25e08000
core   0: 0x0000000080005390 (0x07b10113) addi    sp, sp, 123
core   0: 1 0x0000000080005390 (0x07b10113) x2  0x0000000c25e0807b
core   0: 0x0000000080005394 (0x024eae33) mulhsu  t3, t4, tp
core   0: 1 0x0000000080005394 (0x024eae33) x28 0xffffffffffffffff
core   0: 0x0000000080005398 (0x011892bb) sllw    t0, a7, a7
core   0: 1 0x0000000080005398 (0x011892bb) x5  0xffffffffbaa00000
core   0: 0x000000008000539c (0x00709e1b) slliw   t3, ra, 7
core   0: 1 0x000000008000539c (0x00709e1b) x28 0x0000000000200a00
core   0: 0x00000000800053a0 (0x036a4d3b) divw    s10, s4, s6
core   0: 1 0x00000000800053a0 (0x036a4d3b) x26 0x0000000000000001
core   0: 0x00000000800053a4 (0x0284e2b3) rem     t0, s1, s0
core   0: 1 0x00000000800053a4 (0x0284e2b3) x5  0x0000000000000e9c
core   0: 0x00000000800053a8 (0xc21b7453) fcvt.wu.d s0, fs6
core   0: 1 0x00000000800053a8 (0xc21b7453) c1_fflags 0x0000000000000013 x8  0xffffffffffffffff
core   0: 0x00000000800053ac (0x01476a33) or      s4, a4, s4
core   0: 1 0x00000000800053ac (0x01476a33) x20 0x0000000000000016
core   0: 0x00000000800053b0 (0xe20f0dd3) fmv.x.d s11, ft10
core   0: 1 0x00000000800053b0 (0xe20f0dd3) x27 0xffffffff4d800000
core   0: 0x00000000800053b4 (0x0ff0000f) fence   iorw,iorw
core   0: 1 0x00000000800053b4 (0x0ff0000f)
core   0: 0x00000000800053b8 (0x1abffdd3) fdiv.d  fs11, ft11, fa1
core   0: 1 0x00000000800053b8 (0x1abffdd3) f27 0x7ff8000000000000
core   0: 0x00000000800053bc (0x03b07ebb) remuw   t4, zero, s11
core   0: 1 0x00000000800053bc (0x03b07ebb) x29 0x0000000000000000
core   0: 0x00000000800053c0 (0x34037bf3) csrrci  s7, mscratch, 6
core   0: exception trap_illegal_instruction, epc 0x00000000800053c0
core   0:           tval 0x0000000034037bf3
core   0: >>>>  $xrv64i2p1_m2p0_a2p1_f2p2_d2p2_zicsr2p0_zifencei2p0_zmmul1p0_zba1p0_zbb1p0_zbc1p0_zbs1p0
core   0: 0x0000000080004000 (0x0080006f) j       pc + 0x8
core   0: 3 0x0000000080004000 (0x0080006f)
core   0: >>>>  mmode_exception_handler
core   0: 0x0000000080004008 (0x00002c17) auipc   s8, 0x2
core   0: 3 0x0000000080004008 (0x00002c17) x24 0x0000000080006008
core   0: 0x000000008000400c (0xffcc0c13) addi    s8, s8, -4
core   0: 3 0x000000008000400c (0xffcc0c13) x24 0x0000000080006004
core   0: 0x0000000080004010 (0x000c00e7) jalr    s8
core   0: 3 0x0000000080004010 (0x000c00e7) x1  0x0000000080004014
core   0: >>>>  any_handler
core   0: 0x0000000080006004 (0x341027f3) csrrs   a5, mepc, zero
core   0: 3 0x0000000080006004 (0x341027f3) x15 0x00000000800053c0
core   0: 0x0000000080006008 (0x34202773) csrrs   a4, mcause, zero
core   0: 3 0x0000000080006008 (0x34202773) x14 0x0000000000000002
core   0: 0x000000008000600c (0x142026f3) csrrs   a3, scause, zero
core   0: 3 0x000000008000600c (0x142026f3) x13 0x000000008000401f
core   0: 0x0000000080006010 (0x30402673) csrrs   a2, mie, zero
core   0: 3 0x0000000080006010 (0x30402673) x12 0x0000000000000a00
core   0: 0x0000000080006014 (0x344025f3) csrrs   a1, mip, zero
core   0: 3 0x0000000080006014 (0x344025f3) x11 0x0000000000000080
core   0: 0x0000000080006018 (0x343025f3) csrrs   a1, mtval, zero
core   0: 3 0x0000000080006018 (0x343025f3) x11 0x0000000034037bf3
core   0: 0x000000008000601c (0x14302573) csrrs   a0, stval, zero
core   0: 3 0x000000008000601c (0x14302573) x10 0x0000000000000000
core   0: 0x0000000080006020 (0xb02024f3) csrrs   s1, minstret, zero
core   0: 3 0x0000000080006020 (0xb02024f3) x9  0x0000000000000ec3
core   0: 0x0000000080006024 (0x0000a811) c.j     pc + 20
core   0: 3 0x0000000080006024 (0xa811)
core   0: >>>>  mepc_4
core   0: 0x0000000080006038 (0x00000791) c.addi  a5, 4
core   0: 3 0x0000000080006038 (0x0791) x15 0x00000000800053c4
core   0: 0x000000008000603a (0x34179073) csrrw   zero, mepc, a5
core   0: 3 0x000000008000603a (0x34179073) c833_mepc 0x00000000800053c4
core   0: 0x000000008000603e (0x30200073) mret
core   0: 3 0x000000008000603e (0x30200073) c768_mstatus 0x8000000a00106080
core   0: 0x00000000800053c4 (0x02bcd33b) divuw   t1, s9, a1
core   0: 1 0x00000000800053c4 (0x02bcd33b) x6  0x0000000000000004
core   0: 0x00000000800053c8 (0x0198d933) srl     s2, a7, s9
core   0: 1 0x00000000800053c8 (0x0198d933) x18 0x0000000000000001
core   0: 0x00000000800053cc (0xd2130553) fcvt.d.wu fa0, t1
core   0: 1 0x00000000800053cc (0xd2130553) f10 0x4010000000000000
core   0: 0x00000000800053d0 (0x00119373) csrrw   t1, fflags, gp
core   0: 1 0x00000000800053d0 (0x00119373) x6  0x0000000000000013 c1_fflags 0x0000000000000000
core   0: 0x00000000800053d4 (0x0245a1b3) mulhsu  gp, a1, tp
core   0: 1 0x00000000800053d4 (0x0245a1b3) x3  0x0000000000000000
core   0: 0x00000000800053d8 (0x00a72233) slt     tp, a4, a0
core   0: 1 0x00000000800053d8 (0x00a72233) x4  0x0000000000000000
core   0: 0x00000000800053dc (0x00c2591b) srliw   s2, tp, 12
core   0: 1 0x00000000800053dc (0x00c2591b) x18 0x0000000000000000
core   0: 0x00000000800053e0 (0x93bafecf) fnmadd.d ft9, fs5, fs11, fs2
core   0: 1 0x00000000800053e0 (0x93bafecf) f29 0x7ff8000000000000
core   0: 0x00000000800053e4 (0x017ac833) xor     a6, s5, s7
core   0: 1 0x00000000800053e4 (0x017ac833) x16 0x00000000000002d9
core   0: 0x00000000800053e8 (0x12a57e53) fmul.d  ft8, fa0, fa0
core   0: 1 0x00000000800053e8 (0x12a57e53) f28 0x4030000000000000
core   0: 0x00000000800053ec (0x18a97137) lui     sp, 0x18a97
core   0: 1 0x00000000800053ec (0x18a97137) x2  0x0000000018a97000
core   0: 0x00000000800053f0 (0x010153bb) srlw    t2, sp, a6
core   0: 1 0x00000000800053f0 (0x010153bb) x7  0x000000000000000c
core   0: 0x00000000800053f4 (0x22ec0753) fsgnj.d fa4, fs8, fa4
core   0: 1 0x00000000800053f4 (0x22ec0753) f14 0x4000000000000000
core   0: 0x00000000800053f8 (0x0045d51b) srliw   a0, a1, 4
core   0: 1 0x00000000800053f8 (0x0045d51b) x10 0x00000000034037bf
core   0: 0x00000000800053fc (0x00d24333) xor     t1, tp, a3
core   0: 1 0x00000000800053fc (0x00d24333) x6  0x000000008000401f
core   0: 0x0000000080005400 (0x0224a533) mulhsu  a0, s1, sp
core   0: 1 0x0000000080005400 (0x0224a533) x10 0x0000000000000000
core   0: 0x0000000080005404 (0x0073033b) addw    t1, t1, t2
core   0: 1 0x0000000080005404 (0x0073033b) x6  0xffffffff8000402b
core   0: 0x0000000080005408 (0x4005541b) sraiw   s0, a0, 0
core   0: 1 0x0000000080005408 (0x4005541b) x8  0x0000000000000000
core   0: 0x000000008000540c (0x01641133) sll     sp, s0, s6
core   0: 1 0x000000008000540c (0x01641133) x2  0x0000000000000000
core   0: 0x0000000080005410 (0xd2287453) fcvt.d.l fs0, a6
core   0: 1 0x0000000080005410 (0xd2287453) f8  0x4086c80000000000
core   0: 0x0000000080005414 (0x01b8553b) srlw    a0, a6, s11
core   0: 1 0x0000000080005414 (0x01b8553b) x10 0x00000000000002d9
core   0: 0x0000000080005418 (0x00150b1b) addiw   s6, a0, 1
core   0: 1 0x0000000080005418 (0x00150b1b) x22 0x00000000000002da
core   0: 0x000000008000541c (0x00c94033) xor     zero, s2, a2
core   0: 1 0x000000008000541c (0x00c94033)
core   0: 0x0000000080005420 (0x02fe8733) mul     a4, t4, a5
core   0: 1 0x0000000080005420 (0x02fe8733) x14 0x0000000000000000
core   0: 0x0000000080005424 (0x00000001) c.nop
core   0: 1 0x0000000080005424 (0x0001)
core   0: 0x0000000080005426 (0xe2020a53) fmv.x.d s4, ft4
core   0: 1 0x0000000080005426 (0xe2020a53) x20 0x7ff8000000000000
core   0: 0x000000008000542a (0x0054823b) addw    tp, s1, t0
core   0: 1 0x000000008000542a (0x0054823b) x4  0x0000000000001d5f
core   0: 0x000000008000542e (0xd22675d3) fcvt.d.l fa1, a2
core   0: 1 0x000000008000542e (0xd22675d3) f11 0x40a4000000000000
core   0: 0x0000000080005432 (0x0057f3b3) and     t2, a5, t0
core   0: 1 0x0000000080005432 (0x0057f3b3) x7  0x0000000000000284
core   0: 0x0000000080005436 (0x004255bb) srlw    a1, tp, tp
core   0: 1 0x0000000080005436 (0x004255bb) x11 0x0000000000000000
core   0: 0x000000008000543a (0xa265cc13) xori    s8, a1, -1498
core   0: 1 0x000000008000543a (0xa265cc13) x24 0xfffffffffffffa26
core   0: 0x000000008000543e (0xc03cfbd3) fcvt.lu.s s7, fs9
core   0: 1 0x000000008000543e (0xc03cfbd3) x23 0x0000000000000000
core   0: 0x0000000080005442 (0x00000485) c.addi  s1, 1
core   0: 1 0x0000000080005442 (0x0485) x9  0x0000000000000ec4
core   0: 0x0000000080005444 (0x10a0f073) csrrci  zero, senvcfg, 1
core   0: 1 0x0000000080005444 (0x10a0f073) c266_senvcfg 0x0000000000000000
core   0: 0x0000000080005448 (0xfbe1fc37) lui     s8, 0xfbe1f
core   0: 1 0x0000000080005448 (0xfbe1fc37) x24 0xfffffffffbe1f000
core   0: 0x000000008000544c (0x5afc0c1b) addiw   s8, s8, 1455
core   0: 1 0x000000008000544c (0x5afc0c1b) x24 0xfffffffffbe1f5af
core   0: 0x0000000080005450 (0x00000c32) c.slli  s8, 12
core   0: 1 0x0000000080005450 (0x0c32) x24 0xffffffbe1f5af000
core   0: 0x0000000080005452 (0xc92c0c13) addi    s8, s8, -878
core   0: 1 0x0000000080005452 (0xc92c0c13) x24 0xffffffbe1f5aec92
core   0: 0x0000000080005456 (0xe20c89d3) fmv.x.d s3, fs9
core   0: 1 0x0000000080005456 (0xe20c89d3) x19 0xffffffff00000000
core   0: 0x000000008000545a (0x432b5313) srai    t1, s6, 50
core   0: 1 0x000000008000545a (0x432b5313) x6  0x0000000000000000
core   0: 0x000000008000545e (0x0b4bf253) fsub.d  ft4, fs7, fs4
core   0: 1 0x000000008000545e (0x0b4bf253) f4  0x7ff8000000000000
core   0: 0x0000000080005462 (0x002021f3) csrrs   gp, frm, zero
core   0: 1 0x0000000080005462 (0x002021f3) x3  0x0000000000000000
core   0: 0x0000000080005466 (0x41c35593) srai    a1, t1, 28
core   0: 1 0x0000000080005466 (0x41c35593) x11 0x0000000000000000
core   0: 0x000000008000546a (0xc03a7053) fcvt.lu.s zero, fs4
core   0: 1 0x000000008000546a (0xc03a7053) c1_fflags 0x0000000000000010
core   0: 0x000000008000546e (0x4cf24e93) xori    t4, tp, 1231
core   0: 1 0x000000008000546e (0x4cf24e93) x29 0x0000000000001990
core   0: 0x0000000080005472 (0xc02cf5d3) fcvt.l.s a1, fs9
core   0: 1 0x0000000080005472 (0xc02cf5d3) x11 0x0000000000000000
core   0: 0x0000000080005476 (0x01a58e3b) addw    t3, a1, s10
core   0: 1 0x0000000080005476 (0x01a58e3b) x28 0x0000000000000001
core   0: 0x000000008000547a (0xd22af8d3) fcvt.d.l fa7, s5
core   0: 1 0x000000008000547a (0xd22af8d3) f17 0x4086c80000000000
core   0: 0x000000008000547e (0x41ad05bb) subw    a1, s10, s10
core   0: 1 0x000000008000547e (0x41ad05bb) x11 0x0000000000000000
core   0: 0x0000000080005482 (0x0239d9bb) divuw   s3, s3, gp
core   0: 1 0x0000000080005482 (0x0239d9bb) x19 0xffffffffffffffff
core   0: 0x0000000080005486 (0xc2127a53) fcvt.wu.d s4, ft4
core   0: 1 0x0000000080005486 (0xc2127a53) c1_fflags 0x0000000000000010 x20 0xffffffffffffffff
core   0: 0x000000008000548a (0x23fd2153) fsgnjx.d ft2, fs10, ft11
core   0: 1 0x000000008000548a (0x23fd2153) f2  0xffffffff3f800000
core   0: 0x000000008000548e (0x00094093) xori    ra, s2, 0
core   0: 1 0x000000008000548e (0x00094093) x1  0x0000000000000000
core   0: 0x0000000080005492 (0x6ae6f6c7) fmsub.d fa3, fa3, fa4, fa3
core   0: 1 0x0000000080005492 (0x6ae6f6c7) f13 0x7ff8000000000000
core   0: 0x0000000080005496 (0x7c715197) auipc   gp, 0x7c715
core   0: 1 0x0000000080005496 (0x7c715197) x3  0x00000000fc71a496
core   0: 0x000000008000549a (0x034d52bb) divuw   t0, s10, s4
core   0: 1 0x000000008000549a (0x034d52bb) x5  0x0000000000000000
core   0: 0x000000008000549e (0x400a8bbb) subw    s7, s5, zero
core   0: 1 0x000000008000549e (0x400a8bbb) x23 0x00000000000002d9
core   0: 0x00000000800054a2 (0xfd019537) lui     a0, 0xfd019
core   0: 1 0x00000000800054a2 (0xfd019537) x10 0xfffffffffd019000
core   0: 0x00000000800054a6 (0x8375051b) addiw   a0, a0, -1993
core   0: 1 0x00000000800054a6 (0x8375051b) x10 0xfffffffffd018837
core   0: 0x00000000800054aa (0x00000536) c.slli  a0, 13
core   0: 1 0x00000000800054aa (0x0536) x10 0xffffffa03106e000
core   0: 0x00000000800054ac (0x86a50513) addi    a0, a0, -1942
core   0: 1 0x00000000800054ac (0x86a50513) x10 0xffffffa03106d86a
core   0: 0x00000000800054b0 (0xa2f78953) fle.d   s2, fa5, fa5
core   0: 1 0x00000000800054b0 (0xa2f78953) c1_fflags 0x0000000000000010 x18 0x0000000000000000
core   0: 0x00000000800054b4 (0x02176b33) rem     s6, a4, ra
core   0: 1 0x00000000800054b4 (0x02176b33) x22 0x0000000000000000
core   0: 0x00000000800054b8 (0x00000001) c.nop
core   0: 1 0x00000000800054b8 (0x0001)
core   0: 0x00000000800054ba (0x01db5a33) srl     s4, s6, t4
core   0: 1 0x00000000800054ba (0x01db5a33) x20 0x0000000000000000
core   0: 0x00000000800054be (0x01425d3b) srlw    s10, tp, s4
core   0: 1 0x00000000800054be (0x01425d3b) x26 0x0000000000001d5f
core   0: 0x00000000800054c2 (0x02ac5ebb) divuw   t4, s8, a0
core   0: 1 0x00000000800054c2 (0x02ac5ebb) x29 0x0000000000000000
core   0: 0x00000000800054c6 (0x5a067a53) fsqrt.d fs4, fa2
core   0: 1 0x00000000800054c6 (0x5a067a53) c1_fflags 0x0000000000000010 f20 0x7ff8000000000000
core   0: 0x00000000800054ca (0x002564b3) or      s1, a0, sp
core   0: 1 0x00000000800054ca (0x002564b3) x9  0xffffffa03106d86a
core   0: 0x00000000800054ce (0x4014d0b3) sra     ra, s1, ra
core   0: 1 0x00000000800054ce (0x4014d0b3) x1  0xffffffa03106d86a
core   0: 0x00000000800054d2 (0x00000001) c.nop
core   0: 1 0x00000000800054d2 (0x0001)
core   0: 0x00000000800054d4 (0x0ae57d53) fsub.d  fs10, fa0, fa4
core   0: 1 0x00000000800054d4 (0x0ae57d53) f26 0x4000000000000000
core   0: 0x00000000800054d8 (0x52ed7a43) fmadd.d fs4, fs10, fa4, fa0
core   0: 1 0x00000000800054d8 (0x52ed7a43) f20 0x4020000000000000
core   0: 0x00000000800054dc (0x008d1bbb) sllw    s7, s10, s0
core   0: 1 0x00000000800054dc (0x008d1bbb) x23 0x0000000000001d5f
core   0: 0x00000000800054e0 (0xd2008453) fcvt.d.w fs0, ra
core   0: 1 0x00000000800054e0 (0xd2008453) f8  0x41c8836c35000000
core   0: 0x00000000800054e4 (0xd024fad3) fcvt.s.l fs5, s1
core   0: 1 0x00000000800054e4 (0xd024fad3) c1_fflags 0x0000000000000011 f21 0xffffffffd2bf9df2
core   0: 0x00000000800054e8 (0x03c4d4b3) divu    s1, s1, t3
core   0: 1 0x00000000800054e8 (0x03c4d4b3) x9  0xffffffa03106d86a
core   0: 0x00000000800054ec (0x41c2083b) subw    a6, tp, t3
core   0: 1 0x00000000800054ec (0x41c2083b) x16 0x0000000000001d5e
core   0: 0x00000000800054f0 (0x615ae213) ori     tp, s5, 1557
core   0: 1 0x00000000800054f0 (0x615ae213) x4  0x00000000000006dd
core   0: 0x00000000800054f4 (0x00202773) csrrs   a4, frm, zero
core   0: 1 0x00000000800054f4 (0x00202773) x14 0x0000000000000000
core   0: 0x00000000800054f8 (0x001b9cf3) csrrw   s9, fflags, s7
core   0: 1 0x00000000800054f8 (0x001b9cf3) x25 0x0000000000000011 c1_fflags 0x000000000000001f
core   0: 0x00000000800054fc (0x8b73f2c3) fmadd.d ft5, ft7, fs7, fa7
core   0: 1 0x00000000800054fc (0x8b73f2c3) f5  0x7ff8000000000000
core   0: 0x0000000080005500 (0x0034d89b) srliw   a7, s1, 3
core   0: 1 0x0000000080005500 (0x0034d89b) x17 0x000000000620db0d
core   0: 0x0000000080005504 (0x00000001) c.nop
core   0: 1 0x0000000080005504 (0x0001)
core   0: 0x0000000080005506 (0x01a8c133) xor     sp, a7, s10
core   0: 1 0x0000000080005506 (0x01a8c133) x2  0x000000000620c652
core   0: 0x000000008000550a (0x0028e333) or      t1, a7, sp
core   0: 1 0x000000008000550a (0x0028e333) x6  0x000000000620df5f
core   0: 0x000000008000550e (0x227e2fd3) fsgnjx.d ft11, ft8, ft7
core   0: 1 0x000000008000550e (0x227e2fd3) f31 0x4030000000000000
core   0: 0x0000000080005512 (0x001d839b) addiw   t2, s11, 1
core   0: 1 0x0000000080005512 (0x001d839b) x7  0x000000004d800001
core   0: 0x0000000080005516 (0x00000001) c.nop
core   0: 1 0x0000000080005516 (0x0001)
core   0: 0x0000000080005518 (0xc038f453) fcvt.lu.s s0, fa7
core   0: 1 0x0000000080005518 (0xc038f453) c1_fflags 0x000000000000001f x8  0xffffffffffffffff
core   0: 0x000000008000551c (0xd0237f53) fcvt.s.l ft10, t1
core   0: 1 0x000000008000551c (0xd0237f53) c1_fflags 0x000000000000001f f30 0xffffffff4cc41bec
core   0: 0x0000000080005520 (0xfff0f293) andi    t0, ra, -1
core   0: 1 0x0000000080005520 (0xfff0f293) x5  0xffffffa03106d86a
core   0: 0x0000000080005524 (0x42048dd3) fcvt.d.s fs11, fs1
core   0: 1 0x0000000080005524 (0x42048dd3) f27 0x7ff8000000000000
core   0: 0x0000000080005528 (0x0ff0000f) fence   iorw,iorw
core   0: 1 0x0000000080005528 (0x0ff0000f)
core   0: 0x000000008000552c (0x100ae8f3) csrrsi  a7, sstatus, 21
core   0: 1 0x000000008000552c (0x100ae8f3) x17 0x8000000200006000 c768_mstatus 0x8000000a00106080
core   0: 0x0000000080005530 (0x400585bb) subw    a1, a1, zero
core   0: 1 0x0000000080005530 (0x400585bb) x11 0x0000000000000000
core   0: 0x0000000080005534 (0x2331a153) fsgnjx.d ft2, ft3, fs3
core   0: 1 0x0000000080005534 (0x2331a153) f2  0x4000000000000000
core   0: 0x0000000080005538 (0xa22f0ed3) fle.d   t4, ft10, ft2
core   0: 1 0x0000000080005538 (0xa22f0ed3) c1_fflags 0x000000000000001f x29 0x0000000000000000
core   0: 0x000000008000553c (0xd21e02d3) fcvt.d.wu ft5, t3
core   0: 1 0x000000008000553c (0xd21e02d3) f5  0x3ff0000000000000
core   0: 0x0000000080005540 (0x12527253) fmul.d  ft4, ft4, ft5
core   0: 1 0x0000000080005540 (0x12527253) f4  0x7ff8000000000000
core   0: 0x0000000080005544 (0x2ae29bd3) fmax.d  fs7, ft5, fa4
core   0: 1 0x0000000080005544 (0x2ae29bd3) f23 0x4000000000000000
core   0: 0x0000000080005548 (0x0000923e) c.add   tp, a5
core   0: 1 0x0000000080005548 (0x923e) x4  0x0000000080005aa1
core   0: 0x000000008000554a (0x00202773) csrrs   a4, frm, zero
core   0: 1 0x000000008000554a (0x00202773) x14 0x0000000000000000
core   0: 0x000000008000554e (0x2b7509d3) fmin.d  fs3, fa0, fs7
core   0: 1 0x000000008000554e (0x2b7509d3) f19 0x4000000000000000
core   0: 0x0000000080005552 (0xfc55f837) lui     a6, 0xfc55f
core   0: 1 0x0000000080005552 (0xfc55f837) x16 0xfffffffffc55f000
core   0: 0x0000000080005556 (0x06b8081b) addiw   a6, a6, 107
core   0: 1 0x0000000080005556 (0x06b8081b) x16 0xfffffffffc55f06b
core   0: 0x000000008000555a (0x00000832) c.slli  a6, 12
core   0: 1 0x000000008000555a (0x0832) x16 0xffffffc55f06b000
core   0: 0x000000008000555c (0x9c280813) addi    a6, a6, -1598
core   0: 1 0x000000008000555c (0x9c280813) x16 0xffffffc55f06a9c2
core   0: 0x0000000080005560 (0xc029fdd3) fcvt.l.s s11, fs3
core   0: 1 0x0000000080005560 (0xc029fdd3) c1_fflags 0x000000000000001f x27 0x7fffffffffffffff
core   0: 0x0000000080005564 (0x472db417) auipc   s0, 0x472db
core   0: 1 0x0000000080005564 (0x472db417) x8  0x00000000c72e0564
core   0: 0x0000000080005568 (0x40125e9b) sraiw   t4, tp, 1
core   0: 1 0x0000000080005568 (0x40125e9b) x29 0xffffffffc0002d50
core   0: 0x000000008000556c (0x00000001) c.nop
core   0: 1 0x000000008000556c (0x0001)
core   0: 0x000000008000556e (0x2aed8dd3) fmin.d  fs11, fs11, fa4
core   0: 1 0x000000008000556e (0x2aed8dd3) f27 0x4000000000000000
core   0: 0x0000000080005572 (0x0122d933) srl     s2, t0, s2
core   0: 1 0x0000000080005572 (0x0122d933) x18 0xffffffa03106d86a
core   0: 0x0000000080005576 (0x00064593) xori    a1, a2, 0
core   0: 1 0x0000000080005576 (0x00064593) x11 0x0000000000000a00
core   0: 0x000000008000557a (0xf2058653) fmv.d.x fa2, a1
core   0: 1 0x000000008000557a (0xf2058653) f12 0x0000000000000a00
core   0: 0x000000008000557e (0x4129033b) subw    t1, s2, s2
core   0: 1 0x000000008000557e (0x4129033b) x6  0x0000000000000000
core   0: 0x0000000080005582 (0x5a06f553) fsqrt.d fa0, fa3
core   0: 1 0x0000000080005582 (0x5a06f553) f10 0x7ff8000000000000
core   0: 0x0000000080005586 (0x00128e93) addi    t4, t0, 1
core   0: 1 0x0000000080005586 (0x00128e93) x29 0xffffffa03106d86b
core   0: 0x000000008000558a (0x000093fd) c.srli  a5, 63
core   0: 1 0x000000008000558a (0x93fd) x15 0x0000000000000000
core   0: 0x000000008000558c (0x0212e73b) remw    a4, t0, ra
core   0: 1 0x000000008000558c (0x0212e73b) x14 0x0000000000000000
core   0: 0x0000000080005590 (0x03f25113) srli    sp, tp, 63
core   0: 1 0x0000000080005590 (0x03f25113) x2  0x0000000000000000
core   0: 0x0000000080005594 (0xc2207053) fcvt.l.d zero, ft0
core   0: 1 0x0000000080005594 (0xc2207053) c1_fflags 0x000000000000001f
core   0: 0x0000000080005598 (0x4097d3b3) sra     t2, a5, s1
core   0: 1 0x0000000080005598 (0x4097d3b3) x7  0x0000000000000000
core   0: 0x000000008000559c (0x02c342bb) divw    t0, t1, a2
core   0: 1 0x000000008000559c (0x02c342bb) x5  0x0000000000000000
core   0: 0x00000000800055a0 (0x005a2a33) slt     s4, s4, t0
core   0: 1 0x00000000800055a0 (0x005a2a33) x20 0x0000000000000000
core   0: 0x00000000800055a4 (0x00528abb) addw    s5, t0, t0
core   0: 1 0x00000000800055a4 (0x00528abb) x21 0x0000000000000000
core   0: 0x00000000800055a8 (0x0286a8b3) mulhsu  a7, a3, s0
core   0: 1 0x00000000800055a8 (0x0286a8b3) x17 0x0000000000000000
core   0: 0x00000000800055ac (0x402104bb) subw    s1, sp, sp
core   0: 1 0x00000000800055ac (0x402104bb) x9  0x0000000000000000
core   0: 0x00000000800055b0 (0x00202273) csrrs   tp, frm, zero
core   0: 1 0x00000000800055b0 (0x00202273) x4  0x0000000000000000
core   0: 0x00000000800055b4 (0x10a21073) csrrw   zero, senvcfg, tp
core   0: 1 0x00000000800055b4 (0x10a21073) c266_senvcfg 0x0000000000000000
core   0: 0x00000000800055b8 (0x02bd60b3) rem     ra, s10, a1
core   0: 1 0x00000000800055b8 (0x02bd60b3) x1  0x000000000000095f
core   0: 0x00000000800055bc (0xf8c86613) ori     a2, a6, -116
core   0: 1 0x00000000800055bc (0xf8c86613) x12 0xffffffffffffffce
core   0: 0x00000000800055c0 (0x128df0d3) fmul.d  ft1, fs11, fs0
core   0: 1 0x00000000800055c0 (0x128df0d3) f1  0x41d8836c35000000
core   0: 0x00000000800055c4 (0x034bf0bb) remuw   ra, s7, s4
core   0: 1 0x00000000800055c4 (0x034bf0bb) x1  0x0000000000001d5f
core   0: 0x00000000800055c8 (0x002023f3) csrrs   t2, frm, zero
core   0: 1 0x00000000800055c8 (0x002023f3) x7  0x0000000000000000
core   0: 0x00000000800055cc (0x01890c3b) addw    s8, s2, s8
core   0: 1 0x00000000800055cc (0x01890c3b) x24 0x000000005061c4fc
core   0: 0x00000000800055d0 (0x40a9053b) subw    a0, s2, a0
core   0: 1 0x00000000800055d0 (0x40a9053b) x10 0x0000000000000000
core   0: 0x00000000800055d4 (0x007c14b3) sll     s1, s8, t2
core   0: 1 0x00000000800055d4 (0x007c14b3) x9  0x000000005061c4fc
core   0: 0x00000000800055d8 (0xd5e4da97) auipc   s5, 0xd5e4d
core   0: 1 0x00000000800055d8 (0xd5e4da97) x21 0x0000000055e525d8
core   0: 0x00000000800055dc (0x22622353) fsgnjx.d ft6, ft4, ft6
core   0: 1 0x00000000800055dc (0x22622353) f6  0x7ff8000000000000
core   0: 0x00000000800055e0 (0x0008541b) srliw   s0, a6, 0
core   0: 1 0x00000000800055e0 (0x0008541b) x8  0x000000005f06a9c2
core   0: 0x00000000800055e4 (0x00000001) c.nop
core   0: 1 0x00000000800055e4 (0x0001)
core   0: 0x00000000800055e6 (0x000b7633) and     a2, s6, zero
core   0: 1 0x00000000800055e6 (0x000b7633) x12 0x0000000000000000
core   0: 0x00000000800055ea (0x1a2478d3) fdiv.d  fa7, fs0, ft2
core   0: 1 0x00000000800055ea (0x1a2478d3) f17 0x41b8836c35000000
core   0: 0x00000000800055ee (0xd02cfc53) fcvt.s.l fs8, s9
core   0: 1 0x00000000800055ee (0xd02cfc53) f24 0xffffffff41880000
core   0: 0x00000000800055f2 (0x00261773) csrrw   a4, frm, a2
core   0: 1 0x00000000800055f2 (0x00261773) x14 0x0000000000000000 c2_frm 0x0000000000000000
core   0: 0x00000000800055f6 (0x02eda6b3) mulhsu  a3, s11, a4
core   0: 1 0x00000000800055f6 (0x02eda6b3) x13 0x0000000000000000
core   0: 0x00000000800055fa (0x22bd08d3) fsgnj.d fa7, fs10, fa1
core   0: 1 0x00000000800055fa (0x22bd08d3) f17 0x4000000000000000
core   0: 0x00000000800055fe (0x02e5f653) fadd.d  fa2, fa1, fa4
core   0: 1 0x00000000800055fe (0x02e5f653) f12 0x40a4040000000000
core   0: 0x0000000080005602 (0x40490a33) sub     s4, s2, tp
core   0: 1 0x0000000080005602 (0x40490a33) x20 0xffffffa03106d86a
core   0: 0x0000000080005606 (0x0350d693) srli    a3, ra, 53
core   0: 1 0x0000000080005606 (0x0350d693) x13 0x0000000000000000
core   0: 0x000000008000560a (0x03d6d7b3) divu    a5, a3, t4
core   0: 1 0x000000008000560a (0x03d6d7b3) x15 0x0000000000000000
core   0: 0x000000008000560e (0x00f417bb) sllw    a5, s0, a5
core   0: 1 0x000000008000560e (0x00f417bb) x15 0x000000005f06a9c2
core   0: 0x0000000080005612 (0x00179393) slli    t2, a5, 1
core   0: 1 0x0000000080005612 (0x00179393) x7  0x00000000be0d5384
core   0: 0x0000000080005616 (0xe3f5f9cb) fnmsub.d fs3, fa1, ft11, ft8
core   0: 1 0x0000000080005616 (0xe3f5f9cb) f19 0xc0e3fe0000000000
core   0: 0x000000008000561a (0x1259f547) fmsub.d fa0, fs3, ft5, ft2
core   0: 1 0x000000008000561a (0x1259f547) f10 0xc0e3fe4000000000
core   0: 0x000000008000561e (0xa348fac7) fmsub.d fs5, fa7, fs4, fs4
core   0: 1 0x000000008000561e (0xa348fac7) f21 0x4020000000000000
core   0: 0x0000000080005622 (0x0bc1f1d3) fsub.d  ft3, ft3, ft8
core   0: 1 0x0000000080005622 (0x0bc1f1d3) f3  0xc02c000000000000
core   0: 0x0000000080005626 (0x22ecadd3) fsgnjx.d fs11, fs9, fa4
core   0: 1 0x0000000080005626 (0x22ecadd3) f27 0xffffffff00000000
core   0: 0x000000008000562a (0x408181bb) subw    gp, gp, s0
core   0: 1 0x000000008000562a (0x408181bb) x3  0xffffffff9d6afad4
core   0: 0x000000008000562e (0x0ff0000f) fence   iorw,iorw
core   0: 1 0x000000008000562e (0x0ff0000f)
core   0: 0x0000000080005632 (0x01ba5c9b) srliw   s9, s4, 27
core   0: 1 0x0000000080005632 (0x01ba5c9b) x25 0x0000000000000006
core   0: 0x0000000080005636 (0x002023f3) csrrs   t2, frm, zero
core   0: 1 0x0000000080005636 (0x002023f3) x7  0x0000000000000000
core   0: 0x000000008000563a (0x02aca933) mulhsu  s2, s9, a0
core   0: 1 0x000000008000563a (0x02aca933) x18 0x0000000000000000
core   0: 0x000000008000563e (0xd36c831b) addiw   t1, s9, -714
core   0: 1 0x000000008000563e (0xd36c831b) x6  0xfffffffffffffd3c
core   0: 0x0000000080005642 (0x00b09a3b) sllw    s4, ra, a1
core   0: 1 0x0000000080005642 (0x00b09a3b) x20 0x0000000000001d5f
core   0: 0x0000000080005646 (0x420d8053) fcvt.d.s ft0, fs11
core   0: 1 0x0000000080005646 (0x420d8053) f0  0x0000000000000000
core   0: 0x000000008000564a (0x00068013) mv      zero, a3
core   0: 1 0x000000008000564a (0x00068013)
core   0: 0x000000008000564e (0xb5e44537) lui     a0, 0xb5e44
core   0: 1 0x000000008000564e (0xb5e44537) x10 0xffffffffb5e44000
core   0: 0x0000000080005652 (0x8accfccf) fnmadd.d fs9, fs9, fa2, fa7
core   0: 1 0x0000000080005652 (0x8accfccf) f25 0x7ff8000000000000
core   0: 0x0000000080005656 (0x03500ab3) mul     s5, zero, s5
core   0: 1 0x0000000080005656 (0x03500ab3) x21 0x0000000000000000
core   0: 0x000000008000565a (0xaa9afacf) fnmadd.d fs5, fs5, fs1, fs5
core   0: 1 0x000000008000565a (0xaa9afacf) c1_fflags 0x000000000000001f f21 0xc020000000000000
core   0: 0x000000008000565e (0x01d529b3) slt     s3, a0, t4
core   0: 1 0x000000008000565e (0x01d529b3) x19 0x0000000000000000
core   0: 0x0000000080005662 (0x033eb233) mulhu   tp, t4, s3
core   0: 1 0x0000000080005662 (0x033eb233) x4  0x0000000000000000
core   0: 0x0000000080005666 (0x418e863b) subw    a2, t4, s8
core   0: 1 0x0000000080005666 (0x418e863b) x12 0xffffffffe0a5136f
core   0: 0x000000008000566a (0x02fa67bb) remw    a5, s4, a5
core   0: 1 0x000000008000566a (0x02fa67bb) x15 0x0000000000001d5f
core   0: 0x000000008000566e (0x0137d0bb) srlw    ra, a5, s3
core   0: 1 0x000000008000566e (0x0137d0bb) x1  0x0000000000001d5f
core   0: 0x0000000080005672 (0xd2078b53) fcvt.d.w fs6, a5
core   0: 1 0x0000000080005672 (0xd2078b53) f22 0x40bd5f0000000000
core   0: 0x0000000080005676 (0x01154533) xor     a0, a0, a7
core   0: 1 0x0000000080005676 (0x01154533) x10 0xffffffffb5e44000
core   0: 0x000000008000567a (0xd2080ed3) fcvt.d.w ft9, a6
core   0: 1 0x000000008000567a (0xd2080ed3) f29 0x41d7c1aa70800000
core   0: 0x000000008000567e (0xc02af253) fcvt.l.s tp, fs5
core   0: 1 0x000000008000567e (0xc02af253) c1_fflags 0x000000000000001f x4  0x7fffffffffffffff
core   0: 0x0000000080005682 (0xc212f153) fcvt.wu.d sp, ft5
core   0: 1 0x0000000080005682 (0xc212f153) x2  0x0000000000000001
core   0: 0x0000000080005686 (0x02dd5ab3) divu    s5, s10, a3
core   0: 1 0x0000000080005686 (0x02dd5ab3) x21 0xffffffffffffffff
core   0: 0x000000008000568a (0xc20af253) fcvt.w.d tp, fs5
core   0: 1 0x000000008000568a (0xc20af253) x4  0xfffffffffffffff8
core   0: 0x000000008000568e (0x225b0b53) fsgnj.d fs6, fs6, ft5
core   0: 1 0x000000008000568e (0x225b0b53) f22 0x40bd5f0000000000
core   0: 0x0000000080005692 (0x401ff1d3) fcvt.s.d ft3, ft11
core   0: 1 0x0000000080005692 (0x401ff1d3) f3  0xffffffff41800000
core   0: 0x0000000080005696 (0x0008d03b) srlw    zero, a7, zero
core   0: 1 0x0000000080005696 (0x0008d03b)
core   0: 0x000000008000569a (0xd2347c53) fcvt.d.lu fs8, s0
core   0: 1 0x000000008000569a (0xd2347c53) f24 0x41d7c1aa70800000
core   0: 0x000000008000569e (0x02c07d3b) remuw   s10, zero, a2
core   0: 1 0x000000008000569e (0x02c07d3b) x26 0x0000000000000000
core   0: 0x00000000800056a2 (0xd20b84d3) fcvt.d.w fs1, s7
core   0: 1 0x00000000800056a2 (0xd20b84d3) f9  0x40bd5f0000000000
core   0: 0x00000000800056a6 (0xdbe8f64b) fnmsub.d fa2, fa7, ft10, fs11
core   0: 1 0x00000000800056a6 (0xdbe8f64b) f12 0x7ff8000000000000
core   0: 0x00000000800056aa (0xea6df743) fmadd.d fa4, fs11, ft6, ft9
core   0: 1 0x00000000800056aa (0xea6df743) f14 0x7ff8000000000000
core   0: 0x00000000800056ae (0xe7cbfa93) andi    s5, s7, -388
core   0: 1 0x00000000800056ae (0xe7cbfa93) x21 0x0000000000001c5c
core   0: 0x00000000800056b2 (0x659cba17) auipc   s4, 0x659cb
core   0: 1 0x00000000800056b2 (0x659cba17) x20 0x00000000e59d06b2
core   0: 0x00000000800056b6 (0xd038fb53) fcvt.s.lu fs6, a7
core   0: 1 0x00000000800056b6 (0xd038fb53) f22 0xffffffff00000000
core   0: 0x00000000800056ba (0x037ab333) mulhu   t1, s5, s7
core   0: 1 0x00000000800056ba (0x037ab333) x6  0x0000000000000000
core   0: 0x00000000800056be (0x73fdf7c7) fmsub.d fa5, fs11, ft11, fa4
core   0: 1 0x00000000800056be (0x73fdf7c7) f15 0x7ff8000000000000
core   0: 0x00000000800056c2 (0x4105d833) sra     a6, a1, a6
core   0: 1 0x00000000800056c2 (0x4105d833) x16 0x0000000000000280
core   0: 0x00000000800056c6 (0x00009ed6) c.add   t4, s5
core   0: 1 0x00000000800056c6 (0x9ed6) x29 0xffffffa03106f4c7
core   0: 0x00000000800056c8 (0x4dbef737) lui     a4, 0x4dbef
core   0: 1 0x00000000800056c8 (0x4dbef737) x14 0x000000004dbef000
core   0: 0x00000000800056cc (0x010727b3) slt     a5, a4, a6
core   0: 1 0x00000000800056cc (0x010727b3) x15 0x0000000000000000
core   0: 0x00000000800056d0 (0x02f722b3) mulhsu  t0, a4, a5
core   0: 1 0x00000000800056d0 (0x02f722b3) x5  0x0000000000000000
core   0: 0x00000000800056d4 (0x002693f3) csrrw   t2, frm, a3
core   0: 1 0x00000000800056d4 (0x002693f3) x7  0x0000000000000000 c2_frm 0x0000000000000000
core   0: 0x00000000800056d8 (0xd2397cd3) fcvt.d.lu fs9, s2
core   0: 1 0x00000000800056d8 (0xd2397cd3) f25 0x0000000000000000
core   0: 0x00000000800056dc (0xd24ffb4f) fnmadd.d fs6, ft11, ft4, fs10
core   0: 1 0x00000000800056dc (0xd24ffb4f) f22 0x7ff8000000000000
core   0: 0x00000000800056e0 (0x00769b3b) sllw    s6, a3, t2
core   0: 1 0x00000000800056e0 (0x00769b3b) x22 0x0000000000000000
core   0: 0x00000000800056e4 (0x1b2e7e53) fdiv.d  ft8, ft8, fs2
core   0: 1 0x00000000800056e4 (0x1b2e7e53) f28 0x7ff8000000000000
core   0: 0x00000000800056e8 (0x001556b3) srl     a3, a0, ra
core   0: 1 0x00000000800056e8 (0x001556b3) x13 0x00000001ffffffff
core   0: 0x00000000800056ec (0xb820e3f3) csrrsi  t2, minstreth, 1
core   0: exception trap_illegal_instruction, epc 0x00000000800056ec
core   0:           tval 0x00000000b820e3f3
core   0: >>>>  $xrv64i2p1_m2p0_a2p1_f2p2_d2p2_zicsr2p0_zifencei2p0_zmmul1p0_zba1p0_zbb1p0_zbc1p0_zbs1p0
core   0: 0x0000000080004000 (0x0080006f) j       pc + 0x8
core   0: 3 0x0000000080004000 (0x0080006f)
core   0: >>>>  mmode_exception_handler
core   0: 0x0000000080004008 (0x00002c17) auipc   s8, 0x2
core   0: 3 0x0000000080004008 (0x00002c17) x24 0x0000000080006008
core   0: 0x000000008000400c (0xffcc0c13) addi    s8, s8, -4
core   0: 3 0x000000008000400c (0xffcc0c13) x24 0x0000000080006004
core   0: 0x0000000080004010 (0x000c00e7) jalr    s8
core   0: 3 0x0000000080004010 (0x000c00e7) x1  0x0000000080004014
core   0: >>>>  any_handler
core   0: 0x0000000080006004 (0x341027f3) csrrs   a5, mepc, zero
core   0: 3 0x0000000080006004 (0x341027f3) x15 0x00000000800056ec
core   0: 0x0000000080006008 (0x34202773) csrrs   a4, mcause, zero
core   0: 3 0x0000000080006008 (0x34202773) x14 0x0000000000000002
core   0: 0x000000008000600c (0x142026f3) csrrs   a3, scause, zero
core   0: 3 0x000000008000600c (0x142026f3) x13 0x000000008000401f
core   0: 0x0000000080006010 (0x30402673) csrrs   a2, mie, zero
core   0: 3 0x0000000080006010 (0x30402673) x12 0x0000000000000a00
core   0: 0x0000000080006014 (0x344025f3) csrrs   a1, mip, zero
core   0: 3 0x0000000080006014 (0x344025f3) x11 0x0000000000000080
core   0: 0x0000000080006018 (0x343025f3) csrrs   a1, mtval, zero
core   0: 3 0x0000000080006018 (0x343025f3) x11 0x00000000b820e3f3
core   0: 0x000000008000601c (0x14302573) csrrs   a0, stval, zero
core   0: 3 0x000000008000601c (0x14302573) x10 0x0000000000000000
core   0: 0x0000000080006020 (0xb02024f3) csrrs   s1, minstret, zero
core   0: 3 0x0000000080006020 (0xb02024f3) x9  0x0000000000000fa4
core   0: 0x0000000080006024 (0x0000a811) c.j     pc + 20
core   0: 3 0x0000000080006024 (0xa811)
core   0: >>>>  mepc_4
core   0: 0x0000000080006038 (0x00000791) c.addi  a5, 4
core   0: 3 0x0000000080006038 (0x0791) x15 0x00000000800056f0
core   0: 0x000000008000603a (0x34179073) csrrw   zero, mepc, a5
core   0: 3 0x000000008000603a (0x34179073) c833_mepc 0x00000000800056f0
core   0: 0x000000008000603e (0x30200073) mret
core   0: 3 0x000000008000603e (0x30200073) c768_mstatus 0x8000000a00106080
core   0: 0x00000000800056f0 (0x0004189b) slliw   a7, s0, 0
core   0: 1 0x00000000800056f0 (0x0004189b) x17 0x000000005f06a9c2
core   0: 0x00000000800056f4 (0x01ada7b3) slt     a5, s11, s10
core   0: 1 0x00000000800056f4 (0x01ada7b3) x15 0x0000000000000000
core   0: 0x00000000800056f8 (0x01b894bb) sllw    s1, a7, s11
core   0: 1 0x00000000800056f8 (0x01b894bb) x9  0x0000000000000000
core   0: 0x00000000800056fc (0x02e8feb3) remu    t4, a7, a4
core   0: 1 0x00000000800056fc (0x02e8feb3) x29 0x0000000000000000
core   0: 0x0000000080005700 (0x000d9d9b) slliw   s11, s11, 0
core   0: 1 0x0000000080005700 (0x000d9d9b) x27 0xffffffffffffffff
core   0: 0x0000000080005704 (0x5a0ef653) fsqrt.d fa2, ft9
core   0: 1 0x0000000080005704 (0x5a0ef653) c1_fflags 0x000000000000001f f12 0x40e37f0ad2ccbac4
core   0: 0x0000000080005708 (0x00845c3b) srlw    s8, s0, s0
core   0: 1 0x0000000080005708 (0x00845c3b) x24 0x0000000017c1aa70
core   0: 0x000000008000570c (0x40005e1b) sraiw   t3, zero, 0
core   0: 1 0x000000008000570c (0x40005e1b) x28 0x0000000000000000
core   0: 0x0000000080005710 (0x42080153) fcvt.d.s ft2, fa6
core   0: 1 0x0000000080005710 (0x42080153) f2  0x7ff8000000000000
core   0: 0x0000000080005714 (0xd20481d3) fcvt.d.w ft3, s1
core   0: 1 0x0000000080005714 (0xd20481d3) f3  0x0000000000000000
core   0: 0x0000000080005718 (0x03b05513) srli    a0, zero, 59
core   0: 1 0x0000000080005718 (0x03b05513) x10 0x0000000000000000
core   0: 0x000000008000571c (0x7ff6881b) addiw   a6, a3, 2047
core   0: 1 0x000000008000571c (0x7ff6881b) x16 0xffffffff8000481e
core   0: 0x0000000080005720 (0x001019f3) csrrw   s3, fflags, zero
core   0: 1 0x0000000080005720 (0x001019f3) x19 0x000000000000001f c1_fflags 0x0000000000000000
core   0: 0x0000000080005724 (0x4083803b) subw    zero, t2, s0
core   0: 1 0x0000000080005724 (0x4083803b)
core   0: 0x0000000080005728 (0x406c541b) sraiw   s0, s8, 6
core   0: 1 0x0000000080005728 (0x406c541b) x8  0x00000000005f06a9
core   0: 0x000000008000572c (0x236110d3) fsgnjn.d ft1, ft2, fs6
core   0: 1 0x000000008000572c (0x236110d3) f1  0xfff8000000000000
core   0: 0x0000000080005730 (0xd21d0ad3) fcvt.d.wu fs5, s10
core   0: 1 0x0000000080005730 (0xd21d0ad3) f21 0x0000000000000000
core   0: 0x0000000080005734 (0x03f49913) slli    s2, s1, 63
core   0: 1 0x0000000080005734 (0x03f49913) x18 0x0000000000000000
core   0: 0x0000000080005738 (0x00000001) c.nop
core   0: 1 0x0000000080005738 (0x0001)
core   0: 0x000000008000573a (0x018d5b9b) srliw   s7, s10, 24
core   0: 1 0x000000008000573a (0x018d5b9b) x23 0x0000000000000000
core   0: 0x000000008000573e (0x0129dabb) srlw    s5, s3, s2
core   0: 1 0x000000008000573e (0x0129dabb) x21 0x000000000000001f
core   0: 0x0000000080005742 (0x03fad013) srli    zero, s5, 63
core   0: 1 0x0000000080005742 (0x03fad013)
core   0: 0x0000000080005746 (0x00d0533b) srlw    t1, zero, a3
core   0: 1 0x0000000080005746 (0x00d0533b) x6  0x0000000000000000
core   0: 0x000000008000574a (0x7ffac993) xori    s3, s5, 2047
core   0: 1 0x000000008000574a (0x7ffac993) x19 0x00000000000007e0
core   0: 0x000000008000574e (0x01d9093b) addw    s2, s2, t4
core   0: 1 0x000000008000574e (0x01d9093b) x18 0x0000000000000000
core   0: 0x0000000080005752 (0x00191b73) csrrw   s6, fflags, s2
core   0: 1 0x0000000080005752 (0x00191b73) x22 0x0000000000000000 c1_fflags 0x0000000000000000
core   0: 0x0000000080005756 (0x22f412d3) fsgnjn.d ft5, fs0, fa5
core   0: 1 0x0000000080005756 (0x22f412d3) f5  0xc1c8836c35000000
core   0: 0x000000008000575a (0x0cb00c9b) addiw   s9, zero, 203
core   0: 1 0x000000008000575a (0x0cb00c9b) x25 0x00000000000000cb
core   0: 0x000000008000575e (0x4193d33b) sraw    t1, t2, s9
core   0: 1 0x000000008000575e (0x4193d33b) x6  0x0000000000000000
core   0: 0x0000000080005762 (0x8001061b) addiw   a2, sp, -2048
core   0: 1 0x0000000080005762 (0x8001061b) x12 0xfffffffffffff801
core   0: 0x0000000080005766 (0xc0566873) csrrsi  a6, hpmcounter5, 12
core   0: exception trap_illegal_instruction, epc 0x0000000080005766
core   0:           tval 0x00000000c0566873
core   0: >>>>  $xrv64i2p1_m2p0_a2p1_f2p2_d2p2_zicsr2p0_zifencei2p0_zmmul1p0_zba1p0_zbb1p0_zbc1p0_zbs1p0
core   0: 0x0000000080004000 (0x0080006f) j       pc + 0x8
core   0: 3 0x0000000080004000 (0x0080006f)
core   0: >>>>  mmode_exception_handler
core   0: 0x0000000080004008 (0x00002c17) auipc   s8, 0x2
core   0: 3 0x0000000080004008 (0x00002c17) x24 0x0000000080006008
core   0: 0x000000008000400c (0xffcc0c13) addi    s8, s8, -4
core   0: 3 0x000000008000400c (0xffcc0c13) x24 0x0000000080006004
core   0: 0x0000000080004010 (0x000c00e7) jalr    s8
core   0: 3 0x0000000080004010 (0x000c00e7) x1  0x0000000080004014
core   0: >>>>  any_handler
core   0: 0x0000000080006004 (0x341027f3) csrrs   a5, mepc, zero
core   0: 3 0x0000000080006004 (0x341027f3) x15 0x0000000080005766
core   0: 0x0000000080006008 (0x34202773) csrrs   a4, mcause, zero
core   0: 3 0x0000000080006008 (0x34202773) x14 0x0000000000000002
core   0: 0x000000008000600c (0x142026f3) csrrs   a3, scause, zero
core   0: 3 0x000000008000600c (0x142026f3) x13 0x000000008000401f
core   0: 0x0000000080006010 (0x30402673) csrrs   a2, mie, zero
core   0: 3 0x0000000080006010 (0x30402673) x12 0x0000000000000a00
core   0: 0x0000000080006014 (0x344025f3) csrrs   a1, mip, zero
core   0: 3 0x0000000080006014 (0x344025f3) x11 0x0000000000000080
core   0: 0x0000000080006018 (0x343025f3) csrrs   a1, mtval, zero
core   0: 3 0x0000000080006018 (0x343025f3) x11 0x00000000c0566873
core   0: 0x000000008000601c (0x14302573) csrrs   a0, stval, zero
core   0: 3 0x000000008000601c (0x14302573) x10 0x0000000000000000
core   0: 0x0000000080006020 (0xb02024f3) csrrs   s1, minstret, zero
core   0: 3 0x0000000080006020 (0xb02024f3) x9  0x0000000000000fd2
core   0: 0x0000000080006024 (0x0000a811) c.j     pc + 20
core   0: 3 0x0000000080006024 (0xa811)
core   0: >>>>  mepc_4
core   0: 0x0000000080006038 (0x00000791) c.addi  a5, 4
core   0: 3 0x0000000080006038 (0x0791) x15 0x000000008000576a
core   0: 0x000000008000603a (0x34179073) csrrw   zero, mepc, a5
core   0: 3 0x000000008000603a (0x34179073) c833_mepc 0x000000008000576a
core   0: 0x000000008000603e (0x30200073) mret
core   0: 3 0x000000008000603e (0x30200073) c768_mstatus 0x8000000a00106080
core   0: 0x000000008000576a (0xa25a8753) fle.d   a4, fs5, ft5
core   0: 1 0x000000008000576a (0xa25a8753) x14 0x0000000000000000
core   0: 0x000000008000576e (0xa2c601d3) fle.d   gp, fa2, fa2
core   0: 1 0x000000008000576e (0xa2c601d3) x3  0x0000000000000001
core   0: 0x0000000080005772 (0xa2c286d3) fle.d   a3, ft5, fa2
core   0: 1 0x0000000080005772 (0xa2c286d3) x13 0x0000000000000001
core   0: 0x0000000080005776 (0x2af01053) fmax.d  ft0, ft0, fa5
core   0: 1 0x0000000080005776 (0x2af01053) f0  0x0000000000000000
core   0: 0x000000008000577a (0x00a2a2b3) slt     t0, t0, a0
core   0: 1 0x000000008000577a (0x00a2a2b3) x5  0x0000000000000000
core   0: 0x000000008000577e (0x00fe58bb) srlw    a7, t3, a5
core   0: 1 0x000000008000577e (0x00fe58bb) x17 0x0000000000000000
core   0: 0x0000000080005782 (0xc2367453) fcvt.lu.d s0, fa2
core   0: 1 0x0000000080005782 (0xc2367453) c1_fflags 0x0000000000000001 x8  0x0000000000009bf8
core   0: 0x0000000080005786 (0x2205744f) fnmadd.d fs0, fa0, ft0, ft4
core   0: 1 0x0000000080005786 (0x2205744f) f8  0x7ff8000000000000
core   0: 0x000000008000578a (0xc043b173) csrrc   sp, hpmcounter4, t2
core   0: exception trap_illegal_instruction, epc 0x000000008000578a
core   0:           tval 0x00000000c043b173
core   0: >>>>  $xrv64i2p1_m2p0_a2p1_f2p2_d2p2_zicsr2p0_zifencei2p0_zmmul1p0_zba1p0_zbb1p0_zbc1p0_zbs1p0
core   0: 0x0000000080004000 (0x0080006f) j       pc + 0x8
core   0: 3 0x0000000080004000 (0x0080006f)
core   0: >>>>  mmode_exception_handler
core   0: 0x0000000080004008 (0x00002c17) auipc   s8, 0x2
core   0: 3 0x0000000080004008 (0x00002c17) x24 0x0000000080006008
core   0: 0x000000008000400c (0xffcc0c13) addi    s8, s8, -4
core   0: 3 0x000000008000400c (0xffcc0c13) x24 0x0000000080006004
core   0: 0x0000000080004010 (0x000c00e7) jalr    s8
core   0: 3 0x0000000080004010 (0x000c00e7) x1  0x0000000080004014
core   0: >>>>  any_handler
core   0: 0x0000000080006004 (0x341027f3) csrrs   a5, mepc, zero
core   0: 3 0x0000000080006004 (0x341027f3) x15 0x000000008000578a
core   0: 0x0000000080006008 (0x34202773) csrrs   a4, mcause, zero
core   0: 3 0x0000000080006008 (0x34202773) x14 0x0000000000000002
core   0: 0x000000008000600c (0x142026f3) csrrs   a3, scause, zero
core   0: 3 0x000000008000600c (0x142026f3) x13 0x000000008000401f
core   0: 0x0000000080006010 (0x30402673) csrrs   a2, mie, zero
core   0: 3 0x0000000080006010 (0x30402673) x12 0x0000000000000a00
core   0: 0x0000000080006014 (0x344025f3) csrrs   a1, mip, zero
core   0: 3 0x0000000080006014 (0x344025f3) x11 0x0000000000000080
core   0: 0x0000000080006018 (0x343025f3) csrrs   a1, mtval, zero
core   0: 3 0x0000000080006018 (0x343025f3) x11 0x00000000c043b173
core   0: 0x000000008000601c (0x14302573) csrrs   a0, stval, zero
core   0: 3 0x000000008000601c (0x14302573) x10 0x0000000000000000
core   0: 0x0000000080006020 (0xb02024f3) csrrs   s1, minstret, zero
core   0: 3 0x0000000080006020 (0xb02024f3) x9  0x0000000000000fea
core   0: 0x0000000080006024 (0x0000a811) c.j     pc + 20
core   0: 3 0x0000000080006024 (0xa811)
core   0: >>>>  mepc_4
core   0: 0x0000000080006038 (0x00000791) c.addi  a5, 4
core   0: 3 0x0000000080006038 (0x0791) x15 0x000000008000578e
core   0: 0x000000008000603a (0x34179073) csrrw   zero, mepc, a5
core   0: 3 0x000000008000603a (0x34179073) c833_mepc 0x000000008000578e
core   0: 0x000000008000603e (0x30200073) mret
core   0: 3 0x000000008000603e (0x30200073) c768_mstatus 0x8000000a00106080
core   0: 0x000000008000578e (0x03241933) mulh    s2, s0, s2
core   0: 1 0x000000008000578e (0x03241933) x18 0x0000000000000000
core   0: 0x0000000080005792 (0x02ccb733) mulhu   a4, s9, a2
core   0: 1 0x0000000080005792 (0x02ccb733) x14 0x0000000000000000
core   0: 0x0000000080005796 (0xa6d483b7) lui     t2, 0xa6d48
core   0: 1 0x0000000080005796 (0xa6d483b7) x7  0xffffffffa6d48000
core   0: 0x000000008000579a (0x03936cb3) rem     s9, t1, s9
core   0: 1 0x000000008000579a (0x03936cb3) x25 0x0000000000000000
core   0: 0x000000008000579e (0xc02c7e53) fcvt.l.s t3, fs8
core   0: 1 0x000000008000579e (0xc02c7e53) c1_fflags 0x0000000000000011 x28 0x7fffffffffffffff
core   0: 0x00000000800057a2 (0x00008362) c.mv    t1, s8
core   0: 1 0x00000000800057a2 (0x8362) x6  0x0000000080006004
core   0: 0x00000000800057a4 (0x00000001) c.nop
core   0: 1 0x00000000800057a4 (0x0001)
core   0: 0x00000000800057a6 (0x032373bb) remuw   t2, t1, s2
core   0: 1 0x00000000800057a6 (0x032373bb) x7  0xffffffff80006004
core   0: 0x00000000800057aa (0xf20e0a53) fmv.d.x fs4, t3
core   0: 1 0x00000000800057aa (0xf20e0a53) f20 0x7fffffffffffffff
core   0: 0x00000000800057ae (0x4071d133) sra     sp, gp, t2
core   0: 1 0x00000000800057ae (0x4071d133) x2  0x0000000000000000
core   0: 0x00000000800057b2 (0xc20af4d3) fcvt.w.d s1, fs5
core   0: 1 0x00000000800057b2 (0xc20af4d3) x9  0x0000000000000000
core   0: 0x00000000800057b6 (0x4bbd4617) auipc   a2, 0x4bbd4
core   0: 1 0x00000000800057b6 (0x4bbd4617) x12 0x00000000cbbd97b6
core   0: 0x00000000800057ba (0x017eceb3) xor     t4, t4, s7
core   0: 1 0x00000000800057ba (0x017eceb3) x29 0x0000000000000000
core   0: 0x00000000800057be (0x03524e3b) divw    t3, tp, s5
core   0: 1 0x00000000800057be (0x03524e3b) x28 0x0000000000000000
core   0: 0x00000000800057c2 (0xc02c7653) fcvt.l.s a2, fs8
core   0: 1 0x00000000800057c2 (0xc02c7653) c1_fflags 0x0000000000000011 x12 0x7fffffffffffffff
core   0: 0x00000000800057c6 (0x001d5913) srli    s2, s10, 1
core   0: 1 0x00000000800057c6 (0x001d5913) x18 0x0000000000000000
core   0: 0x00000000800057ca (0xd21a0ed3) fcvt.d.wu ft9, s4
core   0: 1 0x00000000800057ca (0xd21a0ed3) f29 0x41ecb3a0d6400000
core   0: 0x00000000800057ce (0xd21085d3) fcvt.d.wu fa1, ra
core   0: 1 0x00000000800057ce (0xd21085d3) f11 0x41e0000802800000
core   0: 0x00000000800057d2 (0x7ff90193) addi    gp, s2, 2047
core   0: 1 0x00000000800057d2 (0x7ff90193) x3  0x00000000000007ff
core   0: 0x00000000800057d6 (0xcab9f44f) fnmadd.d fs0, fs3, fa1, fs9
core   0: 1 0x00000000800057d6 (0xcab9f44f) f8  0x42d3fe0a021fb000
core   0: 0x00000000800057da (0xe20982d3) fmv.x.d t0, fs3
core   0: 1 0x00000000800057da (0xe20982d3) x5  0xc0e3fe0000000000
core   0: 0x00000000800057de (0xe2058a53) fmv.x.d s4, fa1
core   0: 1 0x00000000800057de (0xe2058a53) x20 0x41e0000802800000
core   0: 0x00000000800057e2 (0x6ff18c13) addi    s8, gp, 1791
core   0: 1 0x00000000800057e2 (0x6ff18c13) x24 0x0000000000000efe
core   0: 0x00000000800057e6 (0x6966c513) xori    a0, a3, 1686
core   0: 1 0x00000000800057e6 (0x6966c513) x10 0x0000000080004689
core   0: 0x00000000800057ea (0x002c563b) srlw    a2, s8, sp
core   0: 1 0x00000000800057ea (0x002c563b) x12 0x0000000000000efe
core   0: 0x00000000800057ee (0xa20007d3) fle.d   a5, ft0, ft0
core   0: 1 0x00000000800057ee (0xa20007d3) x15 0x0000000000000001
core   0: 0x00000000800057f2 (0xf8b64b93) xori    s7, a2, -117
core   0: 1 0x00000000800057f2 (0xf8b64b93) x23 0xfffffffffffff175
core   0: 0x00000000800057f6 (0x009b9a1b) slliw   s4, s7, 9
core   0: 1 0x00000000800057f6 (0x009b9a1b) x20 0xffffffffffe2ea00
core   0: 0x00000000800057fa (0xeb09724b) fnmsub.d ft4, fs2, fa6, ft9
core   0: 1 0x00000000800057fa (0xeb09724b) f4  0x7ff8000000000000
core   0: 0x00000000800057fe (0xd22af9d3) fcvt.d.l fs3, s5
core   0: 1 0x00000000800057fe (0xd22af9d3) f19 0x403f000000000000
core   0: 0x0000000080005802 (0x02b782b3) mul     t0, a5, a1
core   0: 1 0x0000000080005802 (0x02b782b3) x5  0x00000000c043b173
core   0: 0x0000000080005806 (0x0165de13) srli    t3, a1, 22
core   0: 1 0x0000000080005806 (0x0165de13) x28 0x0000000000000301
core   0: 0x000000008000580a (0x00000001) c.nop
core   0: 1 0x000000008000580a (0x0001)
core   0: 0x000000008000580c (0x401ad91b) sraiw   s2, s5, 1
core   0: 1 0x000000008000580c (0x401ad91b) x18 0x000000000000000f
core   0: 0x0000000080005810 (0xe20204d3) fmv.x.d s1, ft4
core   0: 1 0x0000000080005810 (0xe20204d3) x9  0x7ff8000000000000
core   0: 0x0000000080005814 (0x017be133) or      sp, s7, s7
core   0: 1 0x0000000080005814 (0x017be133) x2  0xfffffffffffff175
core   0: 0x0000000080005818 (0x00055513) srli    a0, a0, 0
core   0: 1 0x0000000080005818 (0x00055513) x10 0x0000000080004689
core   0: 0x000000008000581c (0xc034f753) fcvt.lu.s a4, fs1
core   0: 1 0x000000008000581c (0xc034f753) c1_fflags 0x0000000000000011 x14 0xffffffffffffffff
core   0: 0x0000000080005820 (0x03f55d93) srli    s11, a0, 63
core   0: 1 0x0000000080005820 (0x03f55d93) x27 0x0000000000000000
core   0: 0x0000000080005824 (0xbe5393b7) lui     t2, 0xbe539
core   0: 1 0x0000000080005824 (0xbe5393b7) x7  0xffffffffbe539000
core   0: 0x0000000080005828 (0xc5ade993) ori     s3, s11, -934
core   0: 1 0x0000000080005828 (0xc5ade993) x19 0xfffffffffffffc5a
core   0: 0x000000008000582c (0x01101913) slli    s2, zero, 17
core   0: 1 0x000000008000582c (0x01101913) x18 0x0000000000000000
core   0: 0x0000000080005830 (0x01de9ebb) sllw    t4, t4, t4
core   0: 1 0x0000000080005830 (0x01de9ebb) x29 0x0000000000000000
core   0: 0x0000000080005834 (0xc029f9d3) fcvt.l.s s3, fs3
core   0: 1 0x0000000080005834 (0xc029f9d3) c1_fflags 0x0000000000000011 x19 0x7fffffffffffffff
core   0: 0x0000000080005838 (0x00265b3b) srlw    s6, a2, sp
core   0: 1 0x0000000080005838 (0x00265b3b) x22 0x0000000000000000
core   0: 0x000000008000583c (0x406e8ebb) subw    t4, t4, t1
core   0: 1 0x000000008000583c (0x406e8ebb) x29 0x000000007fff9ffc
core   0: 0x0000000080005840 (0x01e25213) srli    tp, tp, 30
core   0: 1 0x0000000080005840 (0x01e25213) x4  0x00000003ffffffff
core   0: 0x0000000080005844 (0x41d258bb) sraw    a7, tp, t4
core   0: 1 0x0000000080005844 (0x41d258bb) x17 0xffffffffffffffff
core   0: 0x0000000080005848 (0xd03b7553) fcvt.s.lu fa0, s6
core   0: 1 0x0000000080005848 (0xd03b7553) f10 0xffffffff00000000
core   0: 0x000000008000584c (0x1048b473) csrrc   s0, sie, a7
core   0: 1 0x000000008000584c (0x1048b473) x8  0x0000000000000000 c772_mie 0x0000000000000a00
core   0: 0x0000000080005850 (0x02636933) rem     s2, t1, t1
core   0: 1 0x0000000080005850 (0x02636933) x18 0x0000000000000000
core   0: 0x0000000080005854 (0x00a9553b) srlw    a0, s2, a0
core   0: 1 0x0000000080005854 (0x00a9553b) x10 0x0000000000000000
core   0: 0x0000000080005858 (0x2b458f53) fmin.d  ft10, fa1, fs4
core   0: 1 0x0000000080005858 (0x2b458f53) f30 0x41e0000802800000
core   0: 0x000000008000585c (0x01cace33) xor     t3, s5, t3
core   0: 1 0x000000008000585c (0x01cace33) x28 0x000000000000031e
core   0: 0x0000000080005860 (0x2baa8c53) fmin.d  fs8, fs5, fs10
core   0: 1 0x0000000080005860 (0x2baa8c53) f24 0x0000000000000000
core   0: 0x0000000080005864 (0xf238f14f) fnmadd.d ft2, fa7, ft3, ft10
core   0: 1 0x0000000080005864 (0xf238f14f) f2  0xc1e0000802800000
core   0: 0x0000000080005868 (0x9a397147) fmsub.d ft2, fs2, ft3, fs3
core   0: 1 0x0000000080005868 (0x9a397147) f2  0x7ff8000000000000
core   0: 0x000000008000586c (0x033569bb) remw    s3, a0, s3
core   0: 1 0x000000008000586c (0x033569bb) x19 0x0000000000000000
core   0: 0x0000000080005870 (0x00e0e733) or      a4, ra, a4
core   0: 1 0x0000000080005870 (0x00e0e733) x14 0xffffffffffffffff
core   0: 0x0000000080005874 (0x41d754bb) sraw    s1, a4, t4
core   0: 1 0x0000000080005874 (0x41d754bb) x9  0xffffffffffffffff
core   0: 0x0000000080005878 (0x02e0d033) divu    zero, ra, a4
core   0: 1 0x0000000080005878 (0x02e0d033)
core   0: 0x000000008000587c (0xfc9261b7) lui     gp, 0xfc926
core   0: 1 0x000000008000587c (0xfc9261b7) x3  0xfffffffffc926000
core   0: 0x0000000080005880 (0xb571819b) addiw   gp, gp, -1193
core   0: 1 0x0000000080005880 (0xb571819b) x3  0xfffffffffc925b57
core   0: 0x0000000080005884 (0x000001b2) c.slli  gp, 12
core   0: 1 0x0000000080005884 (0x01b2) x3  0xffffffc925b57000
core   0: 0x0000000080005886 (0xa8218193) addi    gp, gp, -1406
core   0: 1 0x0000000080005886 (0xa8218193) x3  0xffffffc925b56a82
core   0: 0x000000008000588a (0x0141d7bb) srlw    a5, gp, s4
core   0: 1 0x000000008000588a (0x0141d7bb) x15 0x0000000025b56a82
core   0: 0x000000008000588e (0x00009d6e) c.add   s10, s11
core   0: 1 0x000000008000588e (0x9d6e) x26 0x0000000000000000
core   0: 0x0000000080005890 (0xf20c09d3) fmv.d.x fs3, s8
core   0: 1 0x0000000080005890 (0xf20c09d3) f19 0x0000000000000efe
core   0: 0x0000000080005894 (0x02fc07bb) mulw    a5, s8, a5
core   0: 1 0x0000000080005894 (0x02fc07bb) x15 0x0000000055d2c8fc
core   0: 0x0000000080005898 (0x03c9fe53) fadd.d  ft8, fs3, ft8
core   0: 1 0x0000000080005898 (0x03c9fe53) f28 0x7ff8000000000000
core   0: 0x000000008000589c (0xc21178d3) fcvt.wu.d a7, ft2
core   0: 1 0x000000008000589c (0xc21178d3) c1_fflags 0x0000000000000011 x17 0xffffffffffffffff
core   0: 0x00000000800058a0 (0x001023f3) csrrs   t2, fflags, zero
core   0: 1 0x00000000800058a0 (0x001023f3) x7  0x0000000000000011
core   0: 0x00000000800058a4 (0x0ff0000f) fence   iorw,iorw
core   0: 1 0x00000000800058a4 (0x0ff0000f)
core   0: 0x00000000800058a8 (0xc21173d3) fcvt.wu.d t2, ft2
core   0: 1 0x00000000800058a8 (0xc21173d3) c1_fflags 0x0000000000000011 x7  0xffffffffffffffff
core   0: 0x00000000800058ac (0x038ae3bb) remw    t2, s5, s8
core   0: 1 0x00000000800058ac (0x038ae3bb) x7  0x000000000000001f
core   0: 0x00000000800058b0 (0x010826b3) slt     a3, a6, a6
core   0: 1 0x00000000800058b0 (0x010826b3) x13 0x0000000000000000
core   0: 0x00000000800058b4 (0xa33789d3) fle.d   s3, fa5, fs3
core   0: 1 0x00000000800058b4 (0xa33789d3) c1_fflags 0x0000000000000011 x19 0x0000000000000000
core   0: 0x00000000800058b8 (0x0252583b) divuw   a6, tp, t0
core   0: 1 0x00000000800058b8 (0x0252583b) x16 0x0000000000000001
core   0: 0x00000000800058bc (0x1441ea73) csrrsi  s4, sip, 3
core   0: 1 0x00000000800058bc (0x1441ea73) x20 0x0000000000000000 c836_mip 0x0000000000000080
core   0: 0x00000000800058c0 (0x01f8191b) slliw   s2, a6, 31
core   0: 1 0x00000000800058c0 (0x01f8191b) x18 0xffffffff80000000
core   0: 0x00000000800058c4 (0x41150c3b) subw    s8, a0, a7
core   0: 1 0x00000000800058c4 (0x41150c3b) x24 0x0000000000000001
core   0: 0x00000000800058c8 (0x00000001) c.nop
core   0: 1 0x00000000800058c8 (0x0001)
core   0: 0x00000000800058ca (0xd23df853) fcvt.d.lu fa6, s11
core   0: 1 0x00000000800058ca (0xd23df853) f16 0x0000000000000000
core   0: 0x00000000800058ce (0x013064b3) or      s1, zero, s3
core   0: 1 0x00000000800058ce (0x013064b3) x9  0x0000000000000000
core   0: 0x00000000800058d2 (0xd2020ad3) fcvt.d.w fs5, tp
core   0: 1 0x00000000800058d2 (0xd2020ad3) f21 0xbff0000000000000
core   0: 0x00000000800058d6 (0x01364433) xor     s0, a2, s3
core   0: 1 0x00000000800058d6 (0x01364433) x8  0x0000000000000efe
core   0: 0x00000000800058da (0x00102273) csrrs   tp, fflags, zero
core   0: 1 0x00000000800058da (0x00102273) x4  0x0000000000000011
core   0: 0x00000000800058de (0x4018f053) fcvt.s.d ft0, fa7
core   0: 1 0x00000000800058de (0x4018f053) f0  0xffffffff40000000
core   0: 0x00000000800058e2 (0x40a282b3) sub     t0, t0, a0
core   0: 1 0x00000000800058e2 (0x40a282b3) x5  0x00000000c043b173
core   0: 0x00000000800058e6 (0x00202bf3) csrrs   s7, frm, zero
core   0: 1 0x00000000800058e6 (0x00202bf3) x23 0x0000000000000000
core   0: 0x00000000800058ea (0x0251c1b3) div     gp, gp, t0
core   0: 1 0x00000000800058ea (0x0251c1b3) x3  0xffffffffffffffb7
core   0: 0x00000000800058ee (0x42068353) fcvt.d.s ft6, fa3
core   0: 1 0x00000000800058ee (0x42068353) f6  0x7ff8000000000000
core   0: 0x00000000800058f2 (0x00bedab3) srl     s5, t4, a1
core   0: 1 0x00000000800058f2 (0x00bedab3) x21 0x0000000000000000
core   0: 0x00000000800058f6 (0x001e59b3) srl     s3, t3, ra
core   0: 1 0x00000000800058f6 (0x001e59b3) x19 0x0000000000000000
core   0: 0x00000000800058fa (0x035a553b) divuw   a0, s4, s5
core   0: 1 0x00000000800058fa (0x035a553b) x10 0xffffffffffffffff
core   0: 0x00000000800058fe (0x035b4abb) divw    s5, s6, s5
core   0: 1 0x00000000800058fe (0x035b4abb) x21 0xffffffffffffffff
core   0: 0x0000000080005902 (0xc020f753) fcvt.l.s a4, ft1
core   0: 1 0x0000000080005902 (0xc020f753) c1_fflags 0x0000000000000011 x14 0x7fffffffffffffff
core   0: 0x0000000080005906 (0x00e0d73b) srlw    a4, ra, a4
core   0: 1 0x0000000080005906 (0x00e0d73b) x14 0x0000000000000001
core   0: 0x000000008000590a (0x002c9273) csrrw   tp, frm, s9
core   0: 1 0x000000008000590a (0x002c9273) x4  0x0000000000000000 c2_frm 0x0000000000000000
core   0: 0x000000008000590e (0xc01218f3) csrrw   a7, time, tp
core   0: exception trap_illegal_instruction, epc 0x000000008000590e
core   0:           tval 0x00000000c01218f3
core   0: >>>>  $xrv64i2p1_m2p0_a2p1_f2p2_d2p2_zicsr2p0_zifencei2p0_zmmul1p0_zba1p0_zbb1p0_zbc1p0_zbs1p0
core   0: 0x0000000080004000 (0x0080006f) j       pc + 0x8
core   0: 3 0x0000000080004000 (0x0080006f)
core   0: >>>>  mmode_exception_handler
core   0: 0x0000000080004008 (0x00002c17) auipc   s8, 0x2
core   0: 3 0x0000000080004008 (0x00002c17) x24 0x0000000080006008
core   0: 0x000000008000400c (0xffcc0c13) addi    s8, s8, -4
core   0: 3 0x000000008000400c (0xffcc0c13) x24 0x0000000080006004
core   0: 0x0000000080004010 (0x000c00e7) jalr    s8
core   0: 3 0x0000000080004010 (0x000c00e7) x1  0x0000000080004014
core   0: >>>>  any_handler
core   0: 0x0000000080006004 (0x341027f3) csrrs   a5, mepc, zero
core   0: 3 0x0000000080006004 (0x341027f3) x15 0x000000008000590e
core   0: 0x0000000080006008 (0x34202773) csrrs   a4, mcause, zero
core   0: 3 0x0000000080006008 (0x34202773) x14 0x0000000000000002
core   0: 0x000000008000600c (0x142026f3) csrrs   a3, scause, zero
core   0: 3 0x000000008000600c (0x142026f3) x13 0x000000008000401f
core   0: 0x0000000080006010 (0x30402673) csrrs   a2, mie, zero
core   0: 3 0x0000000080006010 (0x30402673) x12 0x0000000000000a00
core   0: 0x0000000080006014 (0x344025f3) csrrs   a1, mip, zero
core   0: 3 0x0000000080006014 (0x344025f3) x11 0x0000000000000080
core   0: 0x0000000080006018 (0x343025f3) csrrs   a1, mtval, zero
core   0: 3 0x0000000080006018 (0x343025f3) x11 0x00000000c01218f3
core   0: 0x000000008000601c (0x14302573) csrrs   a0, stval, zero
core   0: 3 0x000000008000601c (0x14302573) x10 0x0000000000000000
core   0: 0x0000000080006020 (0xb02024f3) csrrs   s1, minstret, zero
core   0: 3 0x0000000080006020 (0xb02024f3) x9  0x000000000000105d
core   0: 0x0000000080006024 (0x0000a811) c.j     pc + 20
core   0: 3 0x0000000080006024 (0xa811)
core   0: >>>>  mepc_4
core   0: 0x0000000080006038 (0x00000791) c.addi  a5, 4
core   0: 3 0x0000000080006038 (0x0791) x15 0x0000000080005912
core   0: 0x000000008000603a (0x34179073) csrrw   zero, mepc, a5
core   0: 3 0x000000008000603a (0x34179073) c833_mepc 0x0000000080005912
core   0: 0x000000008000603e (0x30200073) mret
core   0: 3 0x000000008000603e (0x30200073) c768_mstatus 0x8000000a00106080
core   0: 0x0000000080005912 (0x025202bb) mulw    t0, tp, t0
core   0: 1 0x0000000080005912 (0x025202bb) x5  0x0000000000000000
core   0: 0x0000000080005916 (0x01b7511b) srliw   sp, a4, 27
core   0: 1 0x0000000080005916 (0x01b7511b) x2  0x0000000000000000
core   0: 0x000000008000591a (0x40415a93) srai    s5, sp, 4
core   0: 1 0x000000008000591a (0x40415a93) x21 0x0000000000000000
core   0: 0x000000008000591e (0x4013f353) fcvt.s.d ft6, ft7
core   0: 1 0x000000008000591e (0x4013f353) f6  0xffffffff7fc00000
core   0: 0x0000000080005922 (0x2a1910d3) fmax.d  ft1, fs2, ft1
core   0: 1 0x0000000080005922 (0x2a1910d3) f1  0x7ff8000000000000
core   0: 0x0000000080005926 (0x0294e4bb) remw    s1, s1, s1
core   0: 1 0x0000000080005926 (0x0294e4bb) x9  0x0000000000000000
core   0: 0x000000008000592a (0x2af41453) fmax.d  fs0, fs0, fa5
core   0: 1 0x000000008000592a (0x2af41453) f8  0x42d3fe0a021fb000
core   0: 0x000000008000592e (0x959da237) lui     tp, 0x959da
core   0: 1 0x000000008000592e (0x959da237) x4  0xffffffff959da000
core   0: 0x0000000080005932 (0x000cd11b) srliw   sp, s9, 0
core   0: 1 0x0000000080005932 (0x000cd11b) x2  0x0000000000000000
core   0: 0x0000000080005936 (0xfaf78913) addi    s2, a5, -81
core   0: 1 0x0000000080005936 (0xfaf78913) x18 0x00000000800058c1
core   0: 0x000000008000593a (0x15316413) ori     s0, sp, 339
core   0: 1 0x000000008000593a (0x15316413) x8  0x0000000000000153
core   0: 0x000000008000593e (0xa2fa8353) fle.d   t1, fs5, fa5
core   0: 1 0x000000008000593e (0xa2fa8353) c1_fflags 0x0000000000000011 x6  0x0000000000000000
core   0: 0x0000000080005942 (0xe9cfe2b7) lui     t0, 0xe9cfe
core   0: 1 0x0000000080005942 (0xe9cfe2b7) x5  0xffffffffe9cfe000
core   0: 0x0000000080005946 (0x00687d33) and     s10, a6, t1
core   0: 1 0x0000000080005946 (0x00687d33) x26 0x0000000000000000
core   0: 0x000000008000594a (0x002299f3) csrrw   s3, frm, t0
core   0: 1 0x000000008000594a (0x002299f3) x19 0x0000000000000000 c2_frm 0x0000000000000000
core   0: 0x000000008000594e (0x02d79413) slli    s0, a5, 45
core   0: 1 0x000000008000594e (0x02d79413) x8  0x0b22400000000000
core   0: 0x0000000080005952 (0xd2140d53) fcvt.d.wu fs10, s0
core   0: 1 0x0000000080005952 (0xd2140d53) f26 0x0000000000000000
core   0: 0x0000000080005956 (0x02b90233) mul     tp, s2, a1
core   0: 1 0x0000000080005956 (0x02b90233) x4  0x60094f1086385733
core   0: 0x000000008000595a (0x00125d1b) srliw   s10, tp, 1
core   0: 1 0x000000008000595a (0x00125d1b) x26 0x00000000431c2b99
core   0: 0x000000008000595e (0x41ce5c3b) sraw    s8, t3, t3
core   0: 1 0x000000008000595e (0x41ce5c3b) x24 0x0000000000000000
core   0: 0x0000000080005962 (0x407e5733) sra     a4, t3, t2
core   0: 1 0x0000000080005962 (0x407e5733) x14 0x0000000000000000
core   0: 0x0000000080005966 (0x022ec6b3) div     a3, t4, sp
core   0: 1 0x0000000080005966 (0x022ec6b3) x13 0xffffffffffffffff
core   0: 0x000000008000596a (0x000d971b) slliw   a4, s11, 0
core   0: 1 0x000000008000596a (0x000d971b) x14 0x0000000000000000
core   0: 0x000000008000596e (0x011df833) and     a6, s11, a7
core   0: 1 0x000000008000596e (0x011df833) x16 0x0000000000000000
core   0: 0x0000000080005972 (0x00000001) c.nop
core   0: 1 0x0000000080005972 (0x0001)
core   0: 0x0000000080005974 (0x0018089b) addiw   a7, a6, 1
core   0: 1 0x0000000080005974 (0x0018089b) x17 0x0000000000000001
core   0: 0x0000000080005978 (0x00b3f4b3) and     s1, t2, a1
core   0: 1 0x0000000080005978 (0x00b3f4b3) x9  0x0000000000000013
core   0: 0x000000008000597c (0x0244d233) divu    tp, s1, tp
core   0: 1 0x000000008000597c (0x0244d233) x4  0x0000000000000000
core   0: 0x0000000080005980 (0x004ad233) srl     tp, s5, tp
core   0: 1 0x0000000080005980 (0x004ad233) x4  0x0000000000000000
core   0: 0x0000000080005984 (0xd21a0b53) fcvt.d.wu fs6, s4
core   0: 1 0x0000000080005984 (0xd21a0b53) f22 0x0000000000000000
core   0: 0x0000000080005988 (0x00aa9c9b) slliw   s9, s5, 10
core   0: 1 0x0000000080005988 (0x00aa9c9b) x25 0x0000000000000000
core   0: 0x000000008000598c (0x02fd4bbb) divw    s7, s10, a5
core   0: 1 0x000000008000598c (0x02fd4bbb) x23 0x0000000000000000
core   0: 0x0000000080005990 (0x002d1ef3) csrrw   t4, frm, s10
core   0: 1 0x0000000080005990 (0x002d1ef3) x29 0x0000000000000000 c2_frm 0x0000000000000001
core   0: 0x0000000080005994 (0x8000871b) addiw   a4, ra, -2048
core   0: 1 0x0000000080005994 (0x8000871b) x14 0xffffffff80003814
core   0: 0x0000000080005998 (0xc00062f3) csrrsi  t0, cycle, 0
core   0: exception trap_illegal_instruction, epc 0x0000000080005998
core   0:           tval 0x00000000c00062f3
core   0: >>>>  $xrv64i2p1_m2p0_a2p1_f2p2_d2p2_zicsr2p0_zifencei2p0_zmmul1p0_zba1p0_zbb1p0_zbc1p0_zbs1p0
core   0: 0x0000000080004000 (0x0080006f) j       pc + 0x8
core   0: 3 0x0000000080004000 (0x0080006f)
core   0: >>>>  mmode_exception_handler
core   0: 0x0000000080004008 (0x00002c17) auipc   s8, 0x2
core   0: 3 0x0000000080004008 (0x00002c17) x24 0x0000000080006008
core   0: 0x000000008000400c (0xffcc0c13) addi    s8, s8, -4
core   0: 3 0x000000008000400c (0xffcc0c13) x24 0x0000000080006004
core   0: 0x0000000080004010 (0x000c00e7) jalr    s8
core   0: 3 0x0000000080004010 (0x000c00e7) x1  0x0000000080004014
core   0: >>>>  any_handler
core   0: 0x0000000080006004 (0x341027f3) csrrs   a5, mepc, zero
core   0: 3 0x0000000080006004 (0x341027f3) x15 0x0000000080005998
core   0: 0x0000000080006008 (0x34202773) csrrs   a4, mcause, zero
core   0: 3 0x0000000080006008 (0x34202773) x14 0x0000000000000002
core   0: 0x000000008000600c (0x142026f3) csrrs   a3, scause, zero
core   0: 3 0x000000008000600c (0x142026f3) x13 0x000000008000401f
core   0: 0x0000000080006010 (0x30402673) csrrs   a2, mie, zero
core   0: 3 0x0000000080006010 (0x30402673) x12 0x0000000000000a00
core   0: 0x0000000080006014 (0x344025f3) csrrs   a1, mip, zero
core   0: 3 0x0000000080006014 (0x344025f3) x11 0x0000000000000080
core   0: 0x0000000080006018 (0x343025f3) csrrs   a1, mtval, zero
core   0: 3 0x0000000080006018 (0x343025f3) x11 0x00000000c00062f3
core   0: 0x000000008000601c (0x14302573) csrrs   a0, stval, zero
core   0: 3 0x000000008000601c (0x14302573) x10 0x0000000000000000
core   0: 0x0000000080006020 (0xb02024f3) csrrs   s1, minstret, zero
core   0: 3 0x0000000080006020 (0xb02024f3) x9  0x000000000000108f
core   0: 0x0000000080006024 (0x0000a811) c.j     pc + 20
core   0: 3 0x0000000080006024 (0xa811)
core   0: >>>>  mepc_4
core   0: 0x0000000080006038 (0x00000791) c.addi  a5, 4
core   0: 3 0x0000000080006038 (0x0791) x15 0x000000008000599c
core   0: 0x000000008000603a (0x34179073) csrrw   zero, mepc, a5
core   0: 3 0x000000008000603a (0x34179073) c833_mepc 0x000000008000599c
core   0: 0x000000008000603e (0x30200073) mret
core   0: 3 0x000000008000603e (0x30200073) c768_mstatus 0x8000000a00106080
core   0: 0x000000008000599c (0x23509453) fsgnjn.d fs0, ft1, fs5
core   0: 1 0x000000008000599c (0x23509453) f8  0x7ff8000000000000
core   0: 0x00000000800059a0 (0x415c8cbb) subw    s9, s9, s5
core   0: 1 0x00000000800059a0 (0x415c8cbb) x25 0x0000000000000000
core   0: 0x00000000800059a4 (0x1a8b7b53) fdiv.d  fs6, fs6, fs0
core   0: 1 0x00000000800059a4 (0x1a8b7b53) f22 0x7ff8000000000000
core   0: 0x00000000800059a8 (0x0ff0000f) fence   iorw,iorw
core   0: 1 0x00000000800059a8 (0x0ff0000f)
core   0: 0x00000000800059ac (0x00000001) c.nop
core   0: 1 0x00000000800059ac (0x0001)
core   0: 0x00000000800059ae (0xc0257d53) fcvt.l.s s10, fa0
core   0: 1 0x00000000800059ae (0xc0257d53) x26 0x0000000000000000
core   0: 0x00000000800059b2 (0x001d1e73) csrrw   t3, fflags, s10
core   0: 1 0x00000000800059b2 (0x001d1e73) x28 0x0000000000000011 c1_fflags 0x0000000000000000
core   0: 0x00000000800059b6 (0x02b3ecb3) rem     s9, t2, a1
core   0: 1 0x00000000800059b6 (0x02b3ecb3) x25 0x000000000000001f
core   0: 0x00000000800059ba (0x40d8d8bb) sraw    a7, a7, a3
core   0: 1 0x00000000800059ba (0x40d8d8bb) x17 0x0000000000000000
core   0: 0x00000000800059be (0x01a586b3) add     a3, a1, s10
core   0: 1 0x00000000800059be (0x01a586b3) x13 0x00000000c00062f3
core   0: 0x00000000800059c2 (0x001e5413) srli    s0, t3, 1
core   0: 1 0x00000000800059c2 (0x001e5413) x8  0x0000000000000008
core   0: 0x00000000800059c6 (0x03f15293) srli    t0, sp, 63
core   0: 1 0x00000000800059c6 (0x03f15293) x5  0x0000000000000000
core   0: 0x00000000800059ca (0xc2107cd3) fcvt.wu.d s9, ft0
core   0: 1 0x00000000800059ca (0xc2107cd3) c1_fflags 0x0000000000000010 x25 0xffffffffffffffff
core   0: 0x00000000800059ce (0xc23073d3) fcvt.lu.d t2, ft0
core   0: 1 0x00000000800059ce (0xc23073d3) c1_fflags 0x0000000000000010 x7  0xffffffffffffffff
core   0: 0x00000000800059d2 (0x01825413) srli    s0, tp, 24
core   0: 1 0x00000000800059d2 (0x01825413) x8  0x0000000000000000
core   0: 0x00000000800059d6 (0x0238f633) remu    a2, a7, gp
core   0: 1 0x00000000800059d6 (0x0238f633) x12 0x0000000000000000
core   0: 0x00000000800059da (0x41f3531b) sraiw   t1, t1, 31
core   0: 1 0x00000000800059da (0x41f3531b) x6  0x0000000000000000
core   0: 0x00000000800059de (0x00a5093b) addw    s2, a0, a0
core   0: 1 0x00000000800059de (0x00a5093b) x18 0x0000000000000000
core   0: 0x00000000800059e2 (0x00081893) slli    a7, a6, 0
core   0: 1 0x00000000800059e2 (0x00081893) x17 0x0000000000000000
core   0: 0x00000000800059e6 (0xc22e7ed3) fcvt.l.d t4, ft8
core   0: 1 0x00000000800059e6 (0xc22e7ed3) c1_fflags 0x0000000000000010 x29 0x7fffffffffffffff
core   0: 0x00000000800059ea (0x42d2d793) srai    a5, t0, 45
core   0: 1 0x00000000800059ea (0x42d2d793) x15 0x0000000000000000
core   0: 0x00000000800059ee (0x001791f3) csrrw   gp, fflags, a5
core   0: 1 0x00000000800059ee (0x001791f3) x3  0x0000000000000010 c1_fflags 0x0000000000000000
core   0: 0x00000000800059f2 (0x80057893) andi    a7, a0, -2048
core   0: 1 0x00000000800059f2 (0x80057893) x17 0x0000000000000000
core   0: 0x00000000800059f6 (0x0163d633) srl     a2, t2, s6
core   0: 1 0x00000000800059f6 (0x0163d633) x12 0xffffffffffffffff
core   0: 0x00000000800059fa (0xc21af1d3) fcvt.wu.d gp, fs5
core   0: 1 0x00000000800059fa (0xc21af1d3) c1_fflags 0x0000000000000010 x3  0x0000000000000000
core   0: 0x00000000800059fe (0x00a3053b) addw    a0, t1, a0
core   0: 1 0x00000000800059fe (0x00a3053b) x10 0x0000000000000000
core   0: 0x0000000080005a02 (0x42e9dd13) srai    s10, s3, 46
core   0: 1 0x0000000080005a02 (0x42e9dd13) x26 0x0000000000000000
core   0: 0x0000000080005a06 (0x40a15ebb) sraw    t4, sp, a0
core   0: 1 0x0000000080005a06 (0x40a15ebb) x29 0x0000000000000000
core   0: 0x0000000080005a0a (0x0bd3fed3) fsub.d  ft9, ft7, ft9
core   0: 1 0x0000000080005a0a (0x0bd3fed3) f29 0x7ff8000000000000
core   0: 0x0000000080005a0e (0xa2a57347) fmsub.d ft6, fa0, fa0, fs4
core   0: 1 0x0000000080005a0e (0xa2a57347) f6  0x7ff8000000000000
core   0: 0x0000000080005a12 (0xc02e71d3) fcvt.l.s gp, ft8
core   0: 1 0x0000000080005a12 (0xc02e71d3) c1_fflags 0x0000000000000010 x3  0x7fffffffffffffff
core   0: 0x0000000080005a16 (0x4182521b) sraiw   tp, tp, 24
core   0: 1 0x0000000080005a16 (0x4182521b) x4  0x0000000000000000
core   0: 0x0000000080005a1a (0xc23cf2d3) fcvt.lu.d t0, fs9
core   0: 1 0x0000000080005a1a (0xc23cf2d3) x5  0x0000000000000000
core   0: 0x0000000080005a1e (0x0045d0b3) srl     ra, a1, tp
core   0: 1 0x0000000080005a1e (0x0045d0b3) x1  0x00000000c00062f3
core   0: 0x0000000080005a22 (0x725ad597) auipc   a1, 0x725ad
core   0: 1 0x0000000080005a22 (0x725ad597) x11 0x00000000f25b2a22
core   0: 0x0000000080005a26 (0x41b1dd3b) sraw    s10, gp, s11
core   0: 1 0x0000000080005a26 (0x41b1dd3b) x26 0xffffffffffffffff
core   0: 0x0000000080005a2a (0x01bd8bbb) addw    s7, s11, s11
core   0: 1 0x0000000080005a2a (0x01bd8bbb) x23 0x0000000000000000
core   0: 0x0000000080005a2e (0x0173533b) srlw    t1, t1, s7
core   0: 1 0x0000000080005a2e (0x0173533b) x6  0x0000000000000000
core   0: 0x0000000080005a32 (0x32055bf3) csrrwi  s7, mcountinhibit, 10
core   0: exception trap_illegal_instruction, epc 0x0000000080005a32
core   0:           tval 0x0000000032055bf3
core   0: >>>>  $xrv64i2p1_m2p0_a2p1_f2p2_d2p2_zicsr2p0_zifencei2p0_zmmul1p0_zba1p0_zbb1p0_zbc1p0_zbs1p0
core   0: 0x0000000080004000 (0x0080006f) j       pc + 0x8
core   0: 3 0x0000000080004000 (0x0080006f)
core   0: >>>>  mmode_exception_handler
core   0: 0x0000000080004008 (0x00002c17) auipc   s8, 0x2
core   0: 3 0x0000000080004008 (0x00002c17) x24 0x0000000080006008
core   0: 0x000000008000400c (0xffcc0c13) addi    s8, s8, -4
core   0: 3 0x000000008000400c (0xffcc0c13) x24 0x0000000080006004
core   0: 0x0000000080004010 (0x000c00e7) jalr    s8
core   0: 3 0x0000000080004010 (0x000c00e7) x1  0x0000000080004014
core   0: >>>>  any_handler
core   0: 0x0000000080006004 (0x341027f3) csrrs   a5, mepc, zero
core   0: 3 0x0000000080006004 (0x341027f3) x15 0x0000000080005a32
core   0: 0x0000000080006008 (0x34202773) csrrs   a4, mcause, zero
core   0: 3 0x0000000080006008 (0x34202773) x14 0x0000000000000002
core   0: 0x000000008000600c (0x142026f3) csrrs   a3, scause, zero
core   0: 3 0x000000008000600c (0x142026f3) x13 0x000000008000401f
core   0: 0x0000000080006010 (0x30402673) csrrs   a2, mie, zero
core   0: 3 0x0000000080006010 (0x30402673) x12 0x0000000000000a00
core   0: 0x0000000080006014 (0x344025f3) csrrs   a1, mip, zero
core   0: 3 0x0000000080006014 (0x344025f3) x11 0x0000000000000080
core   0: 0x0000000080006018 (0x343025f3) csrrs   a1, mtval, zero
core   0: 3 0x0000000080006018 (0x343025f3) x11 0x0000000032055bf3
core   0: 0x000000008000601c (0x14302573) csrrs   a0, stval, zero
core   0: 3 0x000000008000601c (0x14302573) x10 0x0000000000000000
core   0: 0x0000000080006020 (0xb02024f3) csrrs   s1, minstret, zero
core   0: 3 0x0000000080006020 (0xb02024f3) x9  0x00000000000010c5
core   0: 0x0000000080006024 (0x0000a811) c.j     pc + 20
core   0: 3 0x0000000080006024 (0xa811)
core   0: >>>>  mepc_4
core   0: 0x0000000080006038 (0x00000791) c.addi  a5, 4
core   0: 3 0x0000000080006038 (0x0791) x15 0x0000000080005a36
core   0: 0x000000008000603a (0x34179073) csrrw   zero, mepc, a5
core   0: 3 0x000000008000603a (0x34179073) c833_mepc 0x0000000080005a36
core   0: 0x000000008000603e (0x30200073) mret
core   0: 3 0x000000008000603e (0x30200073) c768_mstatus 0x8000000a00106080
core   0: 0x0000000080005a36 (0x000bd63b) srlw    a2, s7, zero
core   0: 1 0x0000000080005a36 (0x000bd63b) x12 0x0000000000000000
core   0: 0x0000000080005a3a (0xc02b7c53) fcvt.l.s s8, fs6
core   0: 1 0x0000000080005a3a (0xc02b7c53) c1_fflags 0x0000000000000010 x24 0x7fffffffffffffff
core   0: 0x0000000080005a3e (0xfffc009b) addiw   ra, s8, -1
core   0: 1 0x0000000080005a3e (0xfffc009b) x1  0xfffffffffffffffe
core   0: 0x0000000080005a42 (0x4a90f647) fmsub.d fa2, ft1, fs1, fs1
core   0: 1 0x0000000080005a42 (0x4a90f647) f12 0x7ff8000000000000
core   0: 0x0000000080005a46 (0xff915137) lui     sp, 0xff915
core   0: 1 0x0000000080005a46 (0xff915137) x2  0xffffffffff915000
core   0: 0x0000000080005a4a (0x41d1011b) addiw   sp, sp, 1053
core   0: 1 0x0000000080005a4a (0x41d1011b) x2  0xffffffffff91541d
core   0: 0x0000000080005a4e (0x0000013a) c.slli  sp, 14
core   0: 1 0x0000000080005a4e (0x013a) x2  0xffffffe455074000
core   0: 0x0000000080005a50 (0xac210113) addi    sp, sp, -1342
core   0: 1 0x0000000080005a50 (0xac210113) x2  0xffffffe455073ac2
core   0: 0x0000000080005a54 (0x68e86813) ori     a6, a6, 1678
core   0: 1 0x0000000080005a54 (0x68e86813) x16 0x000000000000068e
core   0: 0x0000000080005a58 (0x408a8d3b) subw    s10, s5, s0
core   0: 1 0x0000000080005a58 (0x408a8d3b) x26 0x0000000000000000
core   0: 0x0000000080005a5c (0x002755b3) srl     a1, a4, sp
core   0: 1 0x0000000080005a5c (0x002755b3) x11 0x0000000000000000
core   0: 0x0000000080005a60 (0x01b19a1b) slliw   s4, gp, 27
core   0: 1 0x0000000080005a60 (0x01b19a1b) x20 0xfffffffff8000000
core   0: 0x0000000080005a64 (0x03f7d493) srli    s1, a5, 63
core   0: 1 0x0000000080005a64 (0x03f7d493) x9  0x0000000000000000
core   0: 0x0000000080005a68 (0x05d542b7) lui     t0, 0x5d54
core   0: 1 0x0000000080005a68 (0x05d542b7) x5  0x0000000005d54000
core   0: 0x0000000080005a6c (0x1f72829b) addiw   t0, t0, 503
core   0: 1 0x0000000080005a6c (0x1f72829b) x5  0x0000000005d541f7
core   0: 0x0000000080005a70 (0x000002b2) c.slli  t0, 12
core   0: 1 0x0000000080005a70 (0x02b2) x5  0x0000005d541f7000
core   0: 0x0000000080005a72 (0x03c28293) addi    t0, t0, 60
core   0: 1 0x0000000080005a72 (0x03c28293) x5  0x0000005d541f703c
core   0: 0x0000000080005a76 (0x0006549b) srliw   s1, a2, 0
core   0: 1 0x0000000080005a76 (0x0006549b) x9  0x0000000000000000
core   0: 0x0000000080005a7a (0x02905033) divu    zero, zero, s1
core   0: 1 0x0000000080005a7a (0x02905033)
core   0: 0x0000000080005a7e (0x20646413) ori     s0, s0, 518
core   0: 1 0x0000000080005a7e (0x20646413) x8  0x0000000000000206
core   0: 0x0000000080005a82 (0x03d01393) slli    t2, zero, 61
core   0: 1 0x0000000080005a82 (0x03d01393) x7  0x0000000000000000
core   0: 0x0000000080005a86 (0x02736bbb) remw    s7, t1, t2
core   0: 1 0x0000000080005a86 (0x02736bbb) x23 0x0000000000000000
core   0: 0x0000000080005a8a (0x023ce1b3) rem     gp, s9, gp
core   0: 1 0x0000000080005a8a (0x023ce1b3) x3  0xffffffffffffffff
core   0: 0x0000000080005a8e (0xd031ffd3) fcvt.s.lu ft11, gp
core   0: 1 0x0000000080005a8e (0xd031ffd3) c1_fflags 0x0000000000000011 f31 0xffffffff5f7fffff
core   0: 0x0000000080005a92 (0x400dd713) srai    a4, s11, 0
core   0: 1 0x0000000080005a92 (0x400dd713) x14 0x0000000000000000
core   0: 0x0000000080005a96 (0xf2030253) fmv.d.x ft4, t1
core   0: 1 0x0000000080005a96 (0xf2030253) f4  0x0000000000000000
core   0: 0x0000000080005a9a (0x000d5213) srli    tp, s10, 0
core   0: 1 0x0000000080005a9a (0x000d5213) x4  0x0000000000000000
core   0: 0x0000000080005a9e (0x03c3ae33) mulhsu  t3, t2, t3
core   0: 1 0x0000000080005a9e (0x03c3ae33) x28 0x0000000000000000
core   0: 0x0000000080005aa2 (0x02e3e833) rem     a6, t2, a4
core   0: 1 0x0000000080005aa2 (0x02e3e833) x16 0x0000000000000000
core   0: 0x0000000080005aa6 (0xfff7079b) addiw   a5, a4, -1
core   0: 1 0x0000000080005aa6 (0xfff7079b) x15 0xffffffffffffffff
core   0: 0x0000000080005aaa (0x02989cb3) mulh    s9, a7, s1
core   0: 1 0x0000000080005aaa (0x02989cb3) x25 0x0000000000000000
core   0: 0x0000000080005aae (0x40f158b3) sra     a7, sp, a5
core   0: 1 0x0000000080005aae (0x40f158b3) x17 0xffffffffffffffff
core   0: 0x0000000080005ab2 (0x7ffe039b) addiw   t2, t3, 2047
core   0: 1 0x0000000080005ab2 (0x7ffe039b) x7  0x00000000000007ff
core   0: 0x0000000080005ab6 (0x0000d013) srli    zero, ra, 0
core   0: 1 0x0000000080005ab6 (0x0000d013)
core   0: 0x0000000080005aba (0x223d8cd3) fsgnj.d fs9, fs11, ft3
core   0: 1 0x0000000080005aba (0x223d8cd3) f25 0x7fffffff00000000
core   0: 0x0000000080005abe (0x4141d7bb) sraw    a5, gp, s4
core   0: 1 0x0000000080005abe (0x4141d7bb) x15 0xffffffffffffffff
core   0: 0x0000000080005ac2 (0x001024f3) csrrs   s1, fflags, zero
core   0: 1 0x0000000080005ac2 (0x001024f3) x9  0x0000000000000011
core   0: 0x0000000080005ac6 (0xd44b3d97) auipc   s11, 0xd44b3
core   0: 1 0x0000000080005ac6 (0xd44b3d97) x27 0x00000000544b8ac6
core   0: 0x0000000080005aca (0x00d2aeb3) slt     t4, t0, a3
core   0: 1 0x0000000080005aca (0x00d2aeb3) x29 0x0000000000000000
core   0: 0x0000000080005ace (0x001b139b) slliw   t2, s6, 1
core   0: 1 0x0000000080005ace (0x001b139b) x7  0x0000000000000000
core   0: 0x0000000080005ad2 (0x6b9cfbcf) fnmadd.d fs7, fs9, fs9, fa3
core   0: 1 0x0000000080005ad2 (0x6b9cfbcf) f23 0x7ff8000000000000
core   0: 0x0000000080005ad6 (0x2a1b9ad3) fmax.d  fs5, fs7, ft1
core   0: 1 0x0000000080005ad6 (0x2a1b9ad3) f21 0x7ff8000000000000
core   0: 0x0000000080005ada (0x001cc0b3) xor     ra, s9, ra
core   0: 1 0x0000000080005ada (0x001cc0b3) x1  0xfffffffffffffffe
core   0: 0x0000000080005ade (0x8ed26693) ori     a3, tp, -1811
core   0: 1 0x0000000080005ade (0x8ed26693) x13 0xfffffffffffff8ed
core   0: 0x0000000080005ae2 (0x03297bbb) remuw   s7, s2, s2
core   0: 1 0x0000000080005ae2 (0x03297bbb) x23 0x0000000000000000
core   0: 0x0000000080005ae6 (0xea8ef14b) fnmsub.d ft2, ft9, fs0, ft9
core   0: 1 0x0000000080005ae6 (0xea8ef14b) f2  0x7ff8000000000000
core   0: 0x0000000080005aea (0x320a2373) csrrs   t1, mcountinhibit, s4
core   0: exception trap_illegal_instruction, epc 0x0000000080005aea
core   0:           tval 0x00000000320a2373
core   0: >>>>  $xrv64i2p1_m2p0_a2p1_f2p2_d2p2_zicsr2p0_zifencei2p0_zmmul1p0_zba1p0_zbb1p0_zbc1p0_zbs1p0
core   0: 0x0000000080004000 (0x0080006f) j       pc + 0x8
core   0: 3 0x0000000080004000 (0x0080006f)
core   0: >>>>  mmode_exception_handler
core   0: 0x0000000080004008 (0x00002c17) auipc   s8, 0x2
core   0: 3 0x0000000080004008 (0x00002c17) x24 0x0000000080006008
core   0: 0x000000008000400c (0xffcc0c13) addi    s8, s8, -4
core   0: 3 0x000000008000400c (0xffcc0c13) x24 0x0000000080006004
core   0: 0x0000000080004010 (0x000c00e7) jalr    s8
core   0: 3 0x0000000080004010 (0x000c00e7) x1  0x0000000080004014
core   0: >>>>  any_handler
core   0: 0x0000000080006004 (0x341027f3) csrrs   a5, mepc, zero
core   0: 3 0x0000000080006004 (0x341027f3) x15 0x0000000080005aea
core   0: 0x0000000080006008 (0x34202773) csrrs   a4, mcause, zero
core   0: 3 0x0000000080006008 (0x34202773) x14 0x0000000000000002
core   0: 0x000000008000600c (0x142026f3) csrrs   a3, scause, zero
core   0: 3 0x000000008000600c (0x142026f3) x13 0x000000008000401f
core   0: 0x0000000080006010 (0x30402673) csrrs   a2, mie, zero
core   0: 3 0x0000000080006010 (0x30402673) x12 0x0000000000000a00
core   0: 0x0000000080006014 (0x344025f3) csrrs   a1, mip, zero
core   0: 3 0x0000000080006014 (0x344025f3) x11 0x0000000000000080
core   0: 0x0000000080006018 (0x343025f3) csrrs   a1, mtval, zero
core   0: 3 0x0000000080006018 (0x343025f3) x11 0x00000000320a2373
core   0: 0x000000008000601c (0x14302573) csrrs   a0, stval, zero
core   0: 3 0x000000008000601c (0x14302573) x10 0x0000000000000000
core   0: 0x0000000080006020 (0xb02024f3) csrrs   s1, minstret, zero
core   0: 3 0x0000000080006020 (0xb02024f3) x9  0x0000000000001103
core   0: 0x0000000080006024 (0x0000a811) c.j     pc + 20
core   0: 3 0x0000000080006024 (0xa811)
core   0: >>>>  mepc_4
core   0: 0x0000000080006038 (0x00000791) c.addi  a5, 4
core   0: 3 0x0000000080006038 (0x0791) x15 0x0000000080005aee
core   0: 0x000000008000603a (0x34179073) csrrw   zero, mepc, a5
core   0: 3 0x000000008000603a (0x34179073) c833_mepc 0x0000000080005aee
core   0: 0x000000008000603e (0x30200073) mret
core   0: 3 0x000000008000603e (0x30200073) c768_mstatus 0x8000000a00106080
core   0: 0x0000000080005aee (0x008bc1b3) xor     gp, s7, s0
core   0: 1 0x0000000080005aee (0x008bc1b3) x3  0x0000000000000206
core   0: 0x0000000080005af2 (0x406d8933) sub     s2, s11, t1
core   0: 1 0x0000000080005af2 (0x406d8933) x18 0x00000000544b8ac6
core   0: 0x0000000080005af6 (0xfbdfa037) lui     zero, 0xfbdfa
core   0: 1 0x0000000080005af6 (0xfbdfa037)
core   0: 0x0000000080005afa (0x4f90001b) addiw   zero, zero, 1273
core   0: 1 0x0000000080005afa (0x4f90001b)
core   0: 0x0000000080005afe (0x00c01013) slli    zero, zero, 12
core   0: 1 0x0000000080005afe (0x00c01013)
core   0: 0x0000000080005b02 (0x6b100013) li      zero, 1713
core   0: 1 0x0000000080005b02 (0x6b100013)
core   0: 0x0000000080005b06 (0x40995c1b) sraiw   s8, s2, 9
core   0: 1 0x0000000080005b06 (0x40995c1b) x24 0x00000000002a25c5
core   0: 0x0000000080005b0a (0x0ff0000f) fence   iorw,iorw
core   0: 1 0x0000000080005b0a (0x0ff0000f)
core   0: 0x0000000080005b0e (0x326479c3) fmadd.d fs3, fs0, ft6, ft6
core   0: 1 0x0000000080005b0e (0x326479c3) f19 0x7ff8000000000000
core   0: 0x0000000080005b12 (0xc0387e53) fcvt.lu.s t3, fa6
core   0: 1 0x0000000080005b12 (0xc0387e53) c1_fflags 0x0000000000000011 x28 0xffffffffffffffff
core   0: 0x0000000080005b16 (0x00bb75b3) and     a1, s6, a1
core   0: 1 0x0000000080005b16 (0x00bb75b3) x11 0x0000000000000000
core   0: 0x0000000080005b1a (0x02c9cdb3) div     s11, s3, a2
core   0: 1 0x0000000080005b1a (0x02c9cdb3) x27 0x0000000000000000
core   0: 0x0000000080005b1e (0x2bcb15d3) fmax.d  fa1, fs6, ft8
core   0: 1 0x0000000080005b1e (0x2bcb15d3) f11 0x7ff8000000000000
core   0: 0x0000000080005b22 (0x85266193) ori     gp, a2, -1966
core   0: 1 0x0000000080005b22 (0x85266193) x3  0xfffffffffffffa52
core   0: 0x0000000080005b26 (0x00202073) csrrs   zero, frm, zero
core   0: 1 0x0000000080005b26 (0x00202073)
core   0: 0x0000000080005b2a (0x01468133) add     sp, a3, s4
core   0: 1 0x0000000080005b2a (0x01468133) x2  0x000000007800401f
core   0: 0x0000000080005b2e (0xf118a273) csrrs   tp, mvendorid, a7
core   0: exception trap_illegal_instruction, epc 0x0000000080005b2e
core   0:           tval 0x00000000f118a273
core   0: >>>>  $xrv64i2p1_m2p0_a2p1_f2p2_d2p2_zicsr2p0_zifencei2p0_zmmul1p0_zba1p0_zbb1p0_zbc1p0_zbs1p0
core   0: 0x0000000080004000 (0x0080006f) j       pc + 0x8
core   0: 3 0x0000000080004000 (0x0080006f)
core   0: >>>>  mmode_exception_handler
core   0: 0x0000000080004008 (0x00002c17) auipc   s8, 0x2
core   0: 3 0x0000000080004008 (0x00002c17) x24 0x0000000080006008
core   0: 0x000000008000400c (0xffcc0c13) addi    s8, s8, -4
core   0: 3 0x000000008000400c (0xffcc0c13) x24 0x0000000080006004
core   0: 0x0000000080004010 (0x000c00e7) jalr    s8
core   0: 3 0x0000000080004010 (0x000c00e7) x1  0x0000000080004014
core   0: >>>>  any_handler
core   0: 0x0000000080006004 (0x341027f3) csrrs   a5, mepc, zero
core   0: 3 0x0000000080006004 (0x341027f3) x15 0x0000000080005b2e
core   0: 0x0000000080006008 (0x34202773) csrrs   a4, mcause, zero
core   0: 3 0x0000000080006008 (0x34202773) x14 0x0000000000000002
core   0: 0x000000008000600c (0x142026f3) csrrs   a3, scause, zero
core   0: 3 0x000000008000600c (0x142026f3) x13 0x000000008000401f
core   0: 0x0000000080006010 (0x30402673) csrrs   a2, mie, zero
core   0: 3 0x0000000080006010 (0x30402673) x12 0x0000000000000a00
core   0: 0x0000000080006014 (0x344025f3) csrrs   a1, mip, zero
core   0: 3 0x0000000080006014 (0x344025f3) x11 0x0000000000000080
core   0: 0x0000000080006018 (0x343025f3) csrrs   a1, mtval, zero
core   0: 3 0x0000000080006018 (0x343025f3) x11 0x00000000f118a273
core   0: 0x000000008000601c (0x14302573) csrrs   a0, stval, zero
core   0: 3 0x000000008000601c (0x14302573) x10 0x0000000000000000
core   0: 0x0000000080006020 (0xb02024f3) csrrs   s1, minstret, zero
core   0: 3 0x0000000080006020 (0xb02024f3) x9  0x0000000000001123
core   0: 0x0000000080006024 (0x0000a811) c.j     pc + 20
core   0: 3 0x0000000080006024 (0xa811)
core   0: >>>>  mepc_4
core   0: 0x0000000080006038 (0x00000791) c.addi  a5, 4
core   0: 3 0x0000000080006038 (0x0791) x15 0x0000000080005b32
core   0: 0x000000008000603a (0x34179073) csrrw   zero, mepc, a5
core   0: 3 0x000000008000603a (0x34179073) c833_mepc 0x0000000080005b32
core   0: 0x000000008000603e (0x30200073) mret
core   0: 3 0x000000008000603e (0x30200073) c768_mstatus 0x8000000a00106080
core   0: 0x0000000080005b32 (0x00000001) c.nop
core   0: 1 0x0000000080005b32 (0x0001)
core   0: 0x0000000080005b34 (0x407a5533) sra     a0, s4, t2
core   0: 1 0x0000000080005b34 (0x407a5533) x10 0xfffffffff8000000
core   0: 0x0000000080005b38 (0x0ff0000f) fence   iorw,iorw
core   0: 1 0x0000000080005b38 (0x0ff0000f)
core   0: 0x0000000080005b3c (0xc035fbd3) fcvt.lu.s s7, fa1
core   0: 1 0x0000000080005b3c (0xc035fbd3) c1_fflags 0x0000000000000011 x23 0xffffffffffffffff
core   0: 0x0000000080005b40 (0x01bb2b33) slt     s6, s6, s11
core   0: 1 0x0000000080005b40 (0x01bb2b33) x22 0x0000000000000000
core   0: 0x0000000080005b44 (0x000b1313) slli    t1, s6, 0
core   0: 1 0x0000000080005b44 (0x000b1313) x6  0x0000000000000000
core   0: 0x0000000080005b48 (0x02355533) divu    a0, a0, gp
core   0: 1 0x0000000080005b48 (0x02355533) x10 0x0000000000000000
core   0: 0x0000000080005b4c (0x00b5dcb3) srl     s9, a1, a1
core   0: 1 0x0000000080005b4c (0x00b5dcb3) x25 0x0000000000000000
core   0: 0x0000000080005b50 (0xf20486d3) fmv.d.x fa3, s1
core   0: 1 0x0000000080005b50 (0xf20486d3) f13 0x0000000000001123
core   0: 0x0000000080005b54 (0xd024fe53) fcvt.s.l ft8, s1
core   0: 1 0x0000000080005b54 (0xd024fe53) f28 0xffffffff45891800
core   0: 0x0000000080005b58 (0x01bd9db3) sll     s11, s11, s11
core   0: 1 0x0000000080005b58 (0x01bd9db3) x27 0x0000000000000000
core   0: 0x0000000080005b5c (0x2b921353) fmax.d  ft6, ft4, fs9
core   0: 1 0x0000000080005b5c (0x2b921353) f6  0x0000000000000000
core   0: 0x0000000080005b60 (0x027c4533) div     a0, s8, t2
core   0: 1 0x0000000080005b60 (0x027c4533) x10 0xffffffffffffffff
core   0: 0x0000000080005b64 (0xc21bfdd3) fcvt.wu.d s11, fs7
core   0: 1 0x0000000080005b64 (0xc21bfdd3) c1_fflags 0x0000000000000011 x27 0xffffffffffffffff
core   0: 0x0000000080005b68 (0xc20f7153) fcvt.w.d sp, ft10
core   0: 1 0x0000000080005b68 (0xc20f7153) c1_fflags 0x0000000000000011 x2  0x000000007fffffff
core   0: 0x0000000080005b6c (0x01a11733) sll     a4, sp, s10
core   0: 1 0x0000000080005b6c (0x01a11733) x14 0x000000007fffffff
core   0: 0x0000000080005b70 (0x00002505) c.addiw a0, 1
core   0: 1 0x0000000080005b70 (0x2505) x10 0x0000000000000000
core   0: 0x0000000080005b72 (0x4029d9bb) sraw    s3, s3, sp
core   0: 1 0x0000000080005b72 (0x4029d9bb) x19 0x0000000000000000
core   0: 0x0000000080005b76 (0x01f6919b) slliw   gp, a3, 31
core   0: 1 0x0000000080005b76 (0x01f6919b) x3  0xffffffff80000000
core   0: 0x0000000080005b7a (0x0070beb7) lui     t4, 0x70b
core   0: 1 0x0000000080005b7a (0x0070beb7) x29 0x000000000070b000
core   0: 0x0000000080005b7e (0xbd5e8e9b) addiw   t4, t4, -1067
core   0: 1 0x0000000080005b7e (0xbd5e8e9b) x29 0x000000000070abd5
core   0: 0x0000000080005b82 (0x00000eb2) c.slli  t4, 12
core   0: 1 0x0000000080005b82 (0x0eb2) x29 0x000000070abd5000
core   0: 0x0000000080005b84 (0xdc4e8e93) addi    t4, t4, -572
core   0: 1 0x0000000080005b84 (0xdc4e8e93) x29 0x000000070abd4dc4
core   0: 0x0000000080005b88 (0x01de7133) and     sp, t3, t4
core   0: 1 0x0000000080005b88 (0x01de7133) x2  0x000000070abd4dc4
core   0: 0x0000000080005b8c (0x02b77d3b) remuw   s10, a4, a1
core   0: 1 0x0000000080005b8c (0x02b77d3b) x26 0x000000007fffffff
core   0: 0x0000000080005b90 (0x03a260b3) rem     ra, tp, s10
core   0: 1 0x0000000080005b90 (0x03a260b3) x1  0x0000000000000000
core   0: 0x0000000080005b94 (0x01669593) slli    a1, a3, 22
core   0: 1 0x0000000080005b94 (0x01669593) x11 0x0020001007c00000
core   0: 0x0000000080005b98 (0x0268b8b3) mulhu   a7, a7, t1
core   0: 1 0x0000000080005b98 (0x0268b8b3) x17 0x0000000000000000
core   0: 0x0000000080005b9c (0x012907bb) addw    a5, s2, s2
core   0: 1 0x0000000080005b9c (0x012907bb) x15 0xffffffffa897158c
core   0: 0x0000000080005ba0 (0x401b08bb) subw    a7, s6, ra
core   0: 1 0x0000000080005ba0 (0x401b08bb) x17 0x0000000000000000
core   0: 0x0000000080005ba4 (0x036ff5d3) fadd.d  fa1, ft11, fs6
core   0: 1 0x0000000080005ba4 (0x036ff5d3) f11 0x7ff8000000000000
core   0: 0x0000000080005ba8 (0x4016d013) srai    zero, a3, 1
core   0: 1 0x0000000080005ba8 (0x4016d013)
core   0: 0x0000000080005bac (0x020d00bb) mulw    ra, s10, zero
core   0: 1 0x0000000080005bac (0x020d00bb) x1  0x0000000000000000
core   0: 0x0000000080005bb0 (0xc03371d3) fcvt.lu.s gp, ft6
core   0: 1 0x0000000080005bb0 (0xc03371d3) c1_fflags 0x0000000000000011 x3  0xffffffffffffffff
core   0: 0x0000000080005bb4 (0xd2100bd3) fcvt.d.wu fs7, zero
core   0: 1 0x0000000080005bb4 (0xd2100bd3) f23 0x0000000000000000
core   0: 0x0000000080005bb8 (0x000dd33b) srlw    t1, s11, zero
core   0: 1 0x0000000080005bb8 (0x000dd33b) x6  0xffffffffffffffff
core   0: 0x0000000080005bbc (0xc236f253) fcvt.lu.d tp, fa3
core   0: 1 0x0000000080005bbc (0xc236f253) c1_fflags 0x0000000000000011 x4  0x0000000000000000
core   0: 0x0000000080005bc0 (0x00f856bb) srlw    a3, a6, a5
core   0: 1 0x0000000080005bc0 (0x00f856bb) x13 0x0000000000000000
core   0: 0x0000000080005bc4 (0x40368d33) sub     s10, a3, gp
core   0: 1 0x0000000080005bc4 (0x40368d33) x26 0x0000000000000001
core   0: 0x0000000080005bc8 (0x420b8c53) fcvt.d.s fs8, fs7
core   0: 1 0x0000000080005bc8 (0x420b8c53) f24 0x7ff8000000000000
core   0: 0x0000000080005bcc (0x00202173) csrrs   sp, frm, zero
core   0: 1 0x0000000080005bcc (0x00202173) x2  0x0000000000000001
core   0: 0x0000000080005bd0 (0x4133d21b) sraiw   tp, t2, 19
core   0: 1 0x0000000080005bd0 (0x4133d21b) x4  0x0000000000000000
core   0: 0x0000000080005bd4 (0x0054521b) srliw   tp, s0, 5
core   0: 1 0x0000000080005bd4 (0x0054521b) x4  0x0000000000000010
core   0: 0x0000000080005bd8 (0x00001cfe) c.slli  s9, 63
core   0: 1 0x0000000080005bd8 (0x1cfe) x25 0x0000000000000000
core   0: 0x0000000080005bda (0x005649b3) xor     s3, a2, t0
core   0: 1 0x0000000080005bda (0x005649b3) x19 0x0000005d541f7a3c
core   0: 0x0000000080005bde (0x40b6511b) sraiw   sp, a2, 11
core   0: 1 0x0000000080005bde (0x40b6511b) x2  0x0000000000000001
core   0: 0x0000000080005be2 (0x01d81ebb) sllw    t4, a6, t4
core   0: 1 0x0000000080005be2 (0x01d81ebb) x29 0x0000000000000000
core   0: 0x0000000080005be6 (0x0004ca93) xori    s5, s1, 0
core   0: 1 0x0000000080005be6 (0x0004ca93) x21 0x0000000000001123
core   0: 0x0000000080005bea (0x0140d89b) srliw   a7, ra, 20
core   0: 1 0x0000000080005bea (0x0140d89b) x17 0x0000000000000000
core   0: 0x0000000080005bee (0x013ac533) xor     a0, s5, s3
core   0: 1 0x0000000080005bee (0x013ac533) x10 0x0000005d541f6b1f
core   0: 0x0000000080005bf2 (0x41aa06bb) subw    a3, s4, s10
core   0: 1 0x0000000080005bf2 (0x41aa06bb) x13 0xfffffffff7ffffff
core   0: 0x0000000080005bf6 (0x00437c33) and     s8, t1, tp
core   0: 1 0x0000000080005bf6 (0x00437c33) x24 0x0000000000000010
core   0: 0x0000000080005bfa (0x00202473) csrrs   s0, frm, zero
core   0: 1 0x0000000080005bfa (0x00202473) x8  0x0000000000000001
core   0: 0x0000000080005bfe (0x0280b933) mulhu   s2, ra, s0
core   0: 1 0x0000000080005bfe (0x0280b933) x18 0x0000000000000000
core   0: 0x0000000080005c02 (0x8254f843) fmadd.d fa6, fs1, ft5, fa6
core   0: 1 0x0000000080005c02 (0x8254f843) f16 0xc2967fe039455800
core   0: 0x0000000080005c06 (0x03d405bb) mulw    a1, s0, t4
core   0: 1 0x0000000080005c06 (0x03d405bb) x11 0x0000000000000000
core   0: 0x0000000080005c0a (0x00baf5b3) and     a1, s5, a1
core   0: 1 0x0000000080005c0a (0x00baf5b3) x11 0x0000000000000000
core   0: 0x0000000080005c0e (0x0ff0000f) fence   iorw,iorw
core   0: 1 0x0000000080005c0e (0x0ff0000f)
core   0: 0x0000000080005c12 (0x015074b7) lui     s1, 0x1507
core   0: 1 0x0000000080005c12 (0x015074b7) x9  0x0000000001507000
core   0: 0x0000000080005c16 (0x44d4849b) addiw   s1, s1, 1101
core   0: 1 0x0000000080005c16 (0x44d4849b) x9  0x000000000150744d
core   0: 0x0000000080005c1a (0x000004b6) c.slli  s1, 13
core   0: 1 0x0000000080005c1a (0x04b6) x9  0x0000002a0e89a000
core   0: 0x0000000080005c1c (0x83f48493) addi    s1, s1, -1985
core   0: 1 0x0000000080005c1c (0x83f48493) x9  0x0000002a0e89983f
core   0: 0x0000000080005c20 (0xf11075f3) csrrci  a1, mvendorid, 0
core   0: exception trap_illegal_instruction, epc 0x0000000080005c20
core   0:           tval 0x00000000f11075f3
core   0: >>>>  $xrv64i2p1_m2p0_a2p1_f2p2_d2p2_zicsr2p0_zifencei2p0_zmmul1p0_zba1p0_zbb1p0_zbc1p0_zbs1p0
core   0: 0x0000000080004000 (0x0080006f) j       pc + 0x8
core   0: 3 0x0000000080004000 (0x0080006f)
core   0: >>>>  mmode_exception_handler
core   0: 0x0000000080004008 (0x00002c17) auipc   s8, 0x2
core   0: 3 0x0000000080004008 (0x00002c17) x24 0x0000000080006008
core   0: 0x000000008000400c (0xffcc0c13) addi    s8, s8, -4
core   0: 3 0x000000008000400c (0xffcc0c13) x24 0x0000000080006004
core   0: 0x0000000080004010 (0x000c00e7) jalr    s8
core   0: 3 0x0000000080004010 (0x000c00e7) x1  0x0000000080004014
core   0: >>>>  any_handler
core   0: 0x0000000080006004 (0x341027f3) csrrs   a5, mepc, zero
core   0: 3 0x0000000080006004 (0x341027f3) x15 0x0000000080005c20
core   0: 0x0000000080006008 (0x34202773) csrrs   a4, mcause, zero
core   0: 3 0x0000000080006008 (0x34202773) x14 0x0000000000000002
core   0: 0x000000008000600c (0x142026f3) csrrs   a3, scause, zero
core   0: 3 0x000000008000600c (0x142026f3) x13 0x000000008000401f
core   0: 0x0000000080006010 (0x30402673) csrrs   a2, mie, zero
core   0: 3 0x0000000080006010 (0x30402673) x12 0x0000000000000a00
core   0: 0x0000000080006014 (0x344025f3) csrrs   a1, mip, zero
core   0: 3 0x0000000080006014 (0x344025f3) x11 0x0000000000000080
core   0: 0x0000000080006018 (0x343025f3) csrrs   a1, mtval, zero
core   0: 3 0x0000000080006018 (0x343025f3) x11 0x00000000f11075f3
core   0: 0x000000008000601c (0x14302573) csrrs   a0, stval, zero
core   0: 3 0x000000008000601c (0x14302573) x10 0x0000000000000000
core   0: 0x0000000080006020 (0xb02024f3) csrrs   s1, minstret, zero
core   0: 3 0x0000000080006020 (0xb02024f3) x9  0x0000000000001171
core   0: 0x0000000080006024 (0x0000a811) c.j     pc + 20
core   0: 3 0x0000000080006024 (0xa811)
core   0: >>>>  mepc_4
core   0: 0x0000000080006038 (0x00000791) c.addi  a5, 4
core   0: 3 0x0000000080006038 (0x0791) x15 0x0000000080005c24
core   0: 0x000000008000603a (0x34179073) csrrw   zero, mepc, a5
core   0: 3 0x000000008000603a (0x34179073) c833_mepc 0x0000000080005c24
core   0: 0x000000008000603e (0x30200073) mret
core   0: 3 0x000000008000603e (0x30200073) c768_mstatus 0x8000000a00106080
core   0: 0x0000000080005c24 (0x415c5c33) sra     s8, s8, s5
core   0: 1 0x0000000080005c24 (0x415c5c33) x24 0x0000000000000000
core   0: 0x0000000080005c28 (0xcb58881b) addiw   a6, a7, -843
core   0: 1 0x0000000080005c28 (0xcb58881b) x16 0xfffffffffffffcb5
core   0: 0x0000000080005c2c (0x006cdb33) srl     s6, s9, t1
core   0: 1 0x0000000080005c2c (0x006cdb33) x22 0x0000000000000000
core   0: 0x0000000080005c30 (0xc20d7453) fcvt.w.d s0, fs10
core   0: 1 0x0000000080005c30 (0xc20d7453) x8  0x0000000000000000
core   0: 0x0000000080005c34 (0x407adab3) sra     s5, s5, t2
core   0: 1 0x0000000080005c34 (0x407adab3) x21 0x0000000000001123
core   0: 0x0000000080005c38 (0x4ad17343) fmadd.d ft6, ft2, fa3, fs1
core   0: 1 0x0000000080005c38 (0x4ad17343) f6  0x7ff8000000000000
core   0: 0x0000000080005c3c (0x019d911b) slliw   sp, s11, 25
core   0: 1 0x0000000080005c3c (0x019d911b) x2  0xfffffffffe000000
core   0: 0x0000000080005c40 (0x0387e6bb) remw    a3, a5, s8
core   0: 1 0x0000000080005c40 (0x0387e6bb) x13 0xffffffff80005c24
core   0: 0x0000000080005c44 (0x018ed093) srli    ra, t4, 24
core   0: 1 0x0000000080005c44 (0x018ed093) x1  0x0000000000000000
core   0: 0x0000000080005c48 (0xc206fed3) fcvt.w.d t4, fa3
core   0: 1 0x0000000080005c48 (0xc206fed3) c1_fflags 0x0000000000000011 x29 0x0000000000000000
core   0: 0x0000000080005c4c (0x00000001) c.nop
core   0: 1 0x0000000080005c4c (0x0001)
core   0: 0x0000000080005c4e (0x13067853) fmul.d  fa6, fa2, fa6
core   0: 1 0x0000000080005c4e (0x13067853) f16 0x7ff8000000000000
core   0: 0x0000000080005c52 (0x0084153b) sllw    a0, s0, s0
core   0: 1 0x0000000080005c52 (0x0084153b) x10 0x0000000000000000
core   0: 0x0000000080005c56 (0x001a4d13) xori    s10, s4, 1
core   0: 1 0x0000000080005c56 (0x001a4d13) x26 0xfffffffff8000001
core   0: 0x0000000080005c5a (0x00b58eb3) add     t4, a1, a1
core   0: 1 0x0000000080005c5a (0x00b58eb3) x29 0x00000001e220ebe6
core   0: 0x0000000080005c5e (0x0ff0000f) fence   iorw,iorw
core   0: 1 0x0000000080005c5e (0x0ff0000f)
core   0: 0x0000000080005c62 (0x014bdb93) srli    s7, s7, 20
core   0: 1 0x0000000080005c62 (0x014bdb93) x23 0x00000fffffffffff
core   0: 0x0000000080005c66 (0x00ea08bb) addw    a7, s4, a4
core   0: 1 0x0000000080005c66 (0x00ea08bb) x17 0xfffffffff8000002
core   0: 0x0000000080005c6a (0xc035f5d3) fcvt.lu.s a1, fa1
core   0: 1 0x0000000080005c6a (0xc035f5d3) c1_fflags 0x0000000000000011 x11 0xffffffffffffffff
core   0: 0x0000000080005c6e (0x00c89633) sll     a2, a7, a2
core   0: 1 0x0000000080005c6e (0x00c89633) x12 0xfffffffff8000002
core   0: 0x0000000080005c72 (0x02925233) divu    tp, tp, s1
core   0: 1 0x0000000080005c72 (0x02925233) x4  0x0000000000000000
core   0: 0x0000000080005c76 (0x231e00d3) fsgnj.d ft1, ft8, fa7
core   0: 1 0x0000000080005c76 (0x231e00d3) f1  0x7fffffff45891800
core   0: 0x0000000080005c7a (0x1259fad3) fmul.d  fs5, fs3, ft5
core   0: 1 0x0000000080005c7a (0x1259fad3) f21 0x7ff8000000000000
core   0: 0x0000000080005c7e (0xc23bf1d3) fcvt.lu.d gp, fs7
core   0: 1 0x0000000080005c7e (0xc23bf1d3) x3  0x0000000000000000
core   0: 0x0000000080005c82 (0x00042eb3) slt     t4, s0, zero
core   0: 1 0x0000000080005c82 (0x00042eb3) x29 0x0000000000000000
core   0: 0x0000000080005c86 (0x00000001) c.nop
core   0: 1 0x0000000080005c86 (0x0001)
core   0: 0x0000000080005c88 (0x2a0516d3) fmax.d  fa3, fa0, ft0
core   0: 1 0x0000000080005c88 (0x2a0516d3) f13 0x7ff8000000000000
core   0: 0x0000000080005c8c (0x00000001) c.nop
core   0: 1 0x0000000080005c8c (0x0001)
core   0: 0x0000000080005c8e (0xaa76f74b) fnmsub.d fa4, fa3, ft7, fs5
core   0: 1 0x0000000080005c8e (0xaa76f74b) f14 0x7ff8000000000000
core   0: 0x0000000080005c92 (0xd20383d3) fcvt.d.w ft7, t2
core   0: 1 0x0000000080005c92 (0xd20383d3) f7  0x0000000000000000
core   0: 0x0000000080005c96 (0x23630753) fsgnj.d fa4, ft6, fs6
core   0: 1 0x0000000080005c96 (0x23630753) f14 0x7ff8000000000000
core   0: 0x0000000080005c9a (0x0281ea33) rem     s4, gp, s0
core   0: 1 0x0000000080005c9a (0x0281ea33) x20 0x0000000000000000
core   0: 0x0000000080005c9e (0x23e1a1d3) fsgnjx.d ft3, ft3, ft10
core   0: 1 0x0000000080005c9e (0x23e1a1d3) f3  0x0000000000000000
core   0: 0x0000000080005ca2 (0x00d16633) or      a2, sp, a3
core   0: 1 0x0000000080005ca2 (0x00d16633) x12 0xfffffffffe005c24
core   0: 0x0000000080005ca6 (0xdb9facb7) lui     s9, 0xdb9fa
core   0: 1 0x0000000080005ca6 (0xdb9facb7) x25 0xffffffffdb9fa000
core   0: 0x0000000080005caa (0x237ba0d3) fsgnjx.d ft1, fs7, fs7
core   0: 1 0x0000000080005caa (0x237ba0d3) f1  0x0000000000000000
core   0: 0x0000000080005cae (0x001cc293) xori    t0, s9, 1
core   0: 1 0x0000000080005cae (0x001cc293) x5  0xffffffffdb9fa001
core   0: 0x0000000080005cb2 (0x41cddb3b) sraw    s6, s11, t3
core   0: 1 0x0000000080005cb2 (0x41cddb3b) x22 0xffffffffffffffff
core   0: 0x0000000080005cb6 (0x037e6333) rem     t1, t3, s7
core   0: 1 0x0000000080005cb6 (0x037e6333) x6  0xffffffffffffffff
core   0: 0x0000000080005cba (0x40ee063b) subw    a2, t3, a4
core   0: 1 0x0000000080005cba (0x40ee063b) x12 0xfffffffffffffffd
core   0: 0x0000000080005cbe (0xebdffec7) fmsub.d ft9, ft11, ft9, ft9
core   0: 1 0x0000000080005cbe (0xebdffec7) f29 0x7ff8000000000000
core   0: 0x0000000080005cc2 (0x0262d2bb) divuw   t0, t0, t1
core   0: 1 0x0000000080005cc2 (0x0262d2bb) x5  0x0000000000000000
core   0: 0x0000000080005cc6 (0x0124cdb3) xor     s11, s1, s2
core   0: 1 0x0000000080005cc6 (0x0124cdb3) x27 0x0000000000001171
core   0: 0x0000000080005cca (0x013d88bb) addw    a7, s11, s3
core   0: 1 0x0000000080005cca (0x013d88bb) x17 0x00000000541f8bad
core   0: 0x0000000080005cce (0x0312b2b3) mulhu   t0, t0, a7
core   0: 1 0x0000000080005cce (0x0312b2b3) x5  0x0000000000000000
core   0: 0x0000000080005cd2 (0xc200f153) fcvt.w.d sp, ft1
core   0: 1 0x0000000080005cd2 (0xc200f153) x2  0x0000000000000000
core   0: 0x0000000080005cd6 (0x00008846) c.mv    a6, a7
core   0: 1 0x0000000080005cd6 (0x8846) x16 0x00000000541f8bad
core   0: 0x0000000080005cd8 (0x00157993) andi    s3, a0, 1
core   0: 1 0x0000000080005cd8 (0x00157993) x19 0x0000000000000000
core   0: 0x0000000080005cdc (0x401ede1b) sraiw   t3, t4, 1
core   0: 1 0x0000000080005cdc (0x401ede1b) x28 0x0000000000000000
core   0: 0x0000000080005ce0 (0x02f86bb3) rem     s7, a6, a5
core   0: 1 0x0000000080005ce0 (0x02f86bb3) x23 0x00000000541f8bad
core   0: 0x0000000080005ce4 (0x018798b3) sll     a7, a5, s8
core   0: 1 0x0000000080005ce4 (0x018798b3) x17 0x0000000080005c24
core   0: 0x0000000080005ce8 (0x5a087dd3) fsqrt.d fs11, fa6
core   0: 1 0x0000000080005ce8 (0x5a087dd3) f27 0x7ff8000000000000
core   0: 0x0000000080005cec (0xe20281d3) fmv.x.d gp, ft5
core   0: 1 0x0000000080005cec (0xe20281d3) x3  0xc1c8836c35000000
core   0: 0x0000000080005cf0 (0xc2067cd3) fcvt.w.d s9, fa2
core   0: 1 0x0000000080005cf0 (0xc2067cd3) c1_fflags 0x0000000000000011 x25 0x000000007fffffff
core   0: 0x0000000080005cf4 (0x40485113) srai    sp, a6, 4
core   0: 1 0x0000000080005cf4 (0x40485113) x2  0x000000000541f8ba
core   0: 0x0000000080005cf8 (0x800b841b) addiw   s0, s7, -2048
core   0: 1 0x0000000080005cf8 (0x800b841b) x8  0x00000000541f83ad
core   0: 0x0000000080005cfc (0x03891613) slli    a2, s2, 56
core   0: 1 0x0000000080005cfc (0x03891613) x12 0x0000000000000000
core   0: 0x0000000080005d00 (0x32557343) fmadd.d ft6, fa0, ft5, ft6
core   0: 1 0x0000000080005d00 (0x32557343) f6  0x7ff8000000000000
core   0: 0x0000000080005d04 (0x420b0b53) fcvt.d.s fs6, fs6
core   0: 1 0x0000000080005d04 (0x420b0b53) f22 0x7ff8000000000000
core   0: 0x0000000080005d08 (0x01f6941b) slliw   s0, a3, 31
core   0: 1 0x0000000080005d08 (0x01f6941b) x8  0x0000000000000000
core   0: 0x0000000080005d0c (0xd23df4d3) fcvt.d.lu fs1, s11
core   0: 1 0x0000000080005d0c (0xd23df4d3) f9  0x40b1710000000000
core   0: 0x0000000080005d10 (0xc02b7753) fcvt.l.s a4, fs6
core   0: 1 0x0000000080005d10 (0xc02b7753) c1_fflags 0x0000000000000011 x14 0x7fffffffffffffff
core   0: 0x0000000080005d14 (0x01cd8533) add     a0, s11, t3
core   0: 1 0x0000000080005d14 (0x01cd8533) x10 0x0000000000001171
core   0: 0x0000000080005d18 (0x22958c53) fsgnj.d fs8, fa1, fs1
core   0: 1 0x0000000080005d18 (0x22958c53) f24 0x7ff8000000000000
core   0: 0x0000000080005d1c (0x1a95f0d3) fdiv.d  ft1, fa1, fs1
core   0: 1 0x0000000080005d1c (0x1a95f0d3) f1  0x7ff8000000000000
core   0: 0x0000000080005d20 (0xc224fe53) fcvt.l.d t3, fs1
core   0: 1 0x0000000080005d20 (0xc224fe53) x28 0x0000000000001171
core   0: 0x0000000080005d24 (0x41be521b) sraiw   tp, t3, 27
core   0: 1 0x0000000080005d24 (0x41be521b) x4  0x0000000000000000
core   0: 0x0000000080005d28 (0x00260dbb) addw    s11, a2, sp
core   0: 1 0x0000000080005d28 (0x00260dbb) x27 0x000000000541f8ba
core   0: 0x0000000080005d2c (0x23ff8353) fsgnj.d ft6, ft11, ft11
core   0: 1 0x0000000080005d2c (0x23ff8353) f6  0xffffffff5f7fffff
core   0: 0x0000000080005d30 (0x02076d33) rem     s10, a4, zero
core   0: 1 0x0000000080005d30 (0x02076d33) x26 0x7fffffffffffffff
core   0: 0x0000000080005d34 (0xff085eb7) lui     t4, 0xff085
core   0: 1 0x0000000080005d34 (0xff085eb7) x29 0xffffffffff085000
core   0: 0x0000000080005d38 (0x9fbe8e9b) addiw   t4, t4, -1541
core   0: 1 0x0000000080005d38 (0x9fbe8e9b) x29 0xffffffffff0849fb
core   0: 0x0000000080005d3c (0x00000eba) c.slli  t4, 14
core   0: 1 0x0000000080005d3c (0x0eba) x29 0xffffffc2127ec000
core   0: 0x0000000080005d3e (0x139e8e93) addi    t4, t4, 313
core   0: 1 0x0000000080005d3e (0x139e8e93) x29 0xffffffc2127ec139
core   0: 0x0000000080005d42 (0x4005553b) sraw    a0, a0, zero
core   0: 1 0x0000000080005d42 (0x4005553b) x10 0x0000000000001171
core   0: 0x0000000080005d46 (0x70c80c97) auipc   s9, 0x70c80
core   0: 1 0x0000000080005d46 (0x70c80c97) x25 0x00000000f0c85d46
core   0: 0x0000000080005d4a (0xfd458ab7) lui     s5, 0xfd458
core   0: 1 0x0000000080005d4a (0xfd458ab7) x21 0xfffffffffd458000
core   0: 0x0000000080005d4e (0xf61a8a9b) addiw   s5, s5, -159
core   0: 1 0x0000000080005d4e (0xf61a8a9b) x21 0xfffffffffd457f61
core   0: 0x0000000080005d52 (0x00000ab6) c.slli  s5, 13
core   0: 1 0x0000000080005d52 (0x0ab6) x21 0xffffffa8afec2000
core   0: 0x0000000080005d54 (0x14da8a93) addi    s5, s5, 333
core   0: 1 0x0000000080005d54 (0x14da8a93) x21 0xffffffa8afec214d
core   0: 0x0000000080005d58 (0xc035fdd3) fcvt.lu.s s11, fa1
core   0: 1 0x0000000080005d58 (0xc035fdd3) c1_fflags 0x0000000000000011 x27 0xffffffffffffffff
core   0: 0x0000000080005d5c (0xd03673d3) fcvt.s.lu ft7, a2
core   0: 1 0x0000000080005d5c (0xd03673d3) f7  0xffffffff00000000
core   0: 0x0000000080005d60 (0xf13065f3) csrrsi  a1, mimpid, 0
core   0: exception trap_illegal_instruction, epc 0x0000000080005d60
core   0:           tval 0x00000000f13065f3
core   0: >>>>  $xrv64i2p1_m2p0_a2p1_f2p2_d2p2_zicsr2p0_zifencei2p0_zmmul1p0_zba1p0_zbb1p0_zbc1p0_zbs1p0
core   0: 0x0000000080004000 (0x0080006f) j       pc + 0x8
core   0: 3 0x0000000080004000 (0x0080006f)
core   0: >>>>  mmode_exception_handler
core   0: 0x0000000080004008 (0x00002c17) auipc   s8, 0x2
core   0: 3 0x0000000080004008 (0x00002c17) x24 0x0000000080006008
core   0: 0x000000008000400c (0xffcc0c13) addi    s8, s8, -4
core   0: 3 0x000000008000400c (0xffcc0c13) x24 0x0000000080006004
core   0: 0x0000000080004010 (0x000c00e7) jalr    s8
core   0: 3 0x0000000080004010 (0x000c00e7) x1  0x0000000080004014
core   0: >>>>  any_handler
core   0: 0x0000000080006004 (0x341027f3) csrrs   a5, mepc, zero
core   0: 3 0x0000000080006004 (0x341027f3) x15 0x0000000080005d60
core   0: 0x0000000080006008 (0x34202773) csrrs   a4, mcause, zero
core   0: 3 0x0000000080006008 (0x34202773) x14 0x0000000000000002
core   0: 0x000000008000600c (0x142026f3) csrrs   a3, scause, zero
core   0: 3 0x000000008000600c (0x142026f3) x13 0x000000008000401f
core   0: 0x0000000080006010 (0x30402673) csrrs   a2, mie, zero
core   0: 3 0x0000000080006010 (0x30402673) x12 0x0000000000000a00
core   0: 0x0000000080006014 (0x344025f3) csrrs   a1, mip, zero
core   0: 3 0x0000000080006014 (0x344025f3) x11 0x0000000000000080
core   0: 0x0000000080006018 (0x343025f3) csrrs   a1, mtval, zero
core   0: 3 0x0000000080006018 (0x343025f3) x11 0x00000000f13065f3
core   0: 0x000000008000601c (0x14302573) csrrs   a0, stval, zero
core   0: 3 0x000000008000601c (0x14302573) x10 0x0000000000000000
core   0: 0x0000000080006020 (0xb02024f3) csrrs   s1, minstret, zero
core   0: 3 0x0000000080006020 (0xb02024f3) x9  0x00000000000011d3
core   0: 0x0000000080006024 (0x0000a811) c.j     pc + 20
core   0: 3 0x0000000080006024 (0xa811)
core   0: >>>>  mepc_4
core   0: 0x0000000080006038 (0x00000791) c.addi  a5, 4
core   0: 3 0x0000000080006038 (0x0791) x15 0x0000000080005d64
core   0: 0x000000008000603a (0x34179073) csrrw   zero, mepc, a5
core   0: 3 0x000000008000603a (0x34179073) c833_mepc 0x0000000080005d64
core   0: 0x000000008000603e (0x30200073) mret
core   0: 3 0x000000008000603e (0x30200073) c768_mstatus 0x8000000a00106080
core   0: 0x0000000080005d64 (0x418886bb) subw    a3, a7, s8
core   0: 1 0x0000000080005d64 (0x418886bb) x13 0xfffffffffffffc20
core   0: 0x0000000080005d68 (0xd225f1d3) fcvt.d.l ft3, a1
core   0: 1 0x0000000080005d68 (0xd225f1d3) f3  0x41ee260cbe600000
core   0: 0x0000000080005d6c (0x039dc43b) divw    s0, s11, s9
core   0: 1 0x0000000080005d6c (0x039dc43b) x8  0x0000000000000000
core   0: 0x0000000080005d70 (0x40085813) srai    a6, a6, 0
core   0: 1 0x0000000080005d70 (0x40085813) x16 0x00000000541f8bad
core   0: 0x0000000080005d74 (0x40d405b3) sub     a1, s0, a3
core   0: 1 0x0000000080005d74 (0x40d405b3) x11 0x00000000000003e0
core   0: 0x0000000080005d78 (0x00008e4d) c.or    a2, a1
core   0: 1 0x0000000080005d78 (0x8e4d) x12 0x0000000000000be0
core   0: 0x0000000080005d7a (0x411d53bb) sraw    t2, s10, a7
core   0: 1 0x0000000080005d7a (0x411d53bb) x7  0xffffffffffffffff
core   0: 0x0000000080005d7e (0xa3f191d3) flt.d   gp, ft3, ft11
core   0: 1 0x0000000080005d7e (0xa3f191d3) c1_fflags 0x0000000000000011 x3  0x0000000000000000
core   0: 0x0000000080005d82 (0x63b88313) addi    t1, a7, 1595
core   0: 1 0x0000000080005d82 (0x63b88313) x6  0x000000008000625f
core   0: 0x0000000080005d86 (0x403b82bb) subw    t0, s7, gp
core   0: 1 0x0000000080005d86 (0x403b82bb) x5  0x00000000541f8bad
core   0: 0x0000000080005d8a (0x02f774d3) fadd.d  fs1, fa4, fa5
core   0: 1 0x0000000080005d8a (0x02f774d3) f9  0x7ff8000000000000
core   0: 0x0000000080005d8e (0x2ad81753) fmax.d  fa4, fa6, fa3
core   0: 1 0x0000000080005d8e (0x2ad81753) f14 0x7ff8000000000000
core   0: 0x0000000080005d92 (0x00000e86) c.slli  t4, 1
core   0: 1 0x0000000080005d92 (0x0e86) x29 0xffffff8424fd8272
core   0: 0x0000000080005d94 (0x420700d3) fcvt.d.s ft1, fa4
core   0: 1 0x0000000080005d94 (0x420700d3) f1  0x7ff8000000000000
core   0: 0x0000000080005d98 (0x35e65617) auipc   a2, 0x35e65
core   0: 1 0x0000000080005d98 (0x35e65617) x12 0x00000000b5e6ad98
core   0: 0x0000000080005d9c (0xf2060c53) fmv.d.x fs8, a2
core   0: 1 0x0000000080005d9c (0xf2060c53) f24 0x00000000b5e6ad98
core   0: 0x0000000080005da0 (0x03f59a93) slli    s5, a1, 63
core   0: 1 0x0000000080005da0 (0x03f59a93) x21 0x0000000000000000
core   0: 0x0000000080005da4 (0x00211073) csrrw   zero, frm, sp
core   0: 1 0x0000000080005da4 (0x00211073) c2_frm 0x0000000000000002
core   0: 0x0000000080005da8 (0x0339d9bb) divuw   s3, s3, s3
core   0: 1 0x0000000080005da8 (0x0339d9bb) x19 0xffffffffffffffff
core   0: 0x0000000080005dac (0xc03a7153) fcvt.lu.s sp, fs4
core   0: 1 0x0000000080005dac (0xc03a7153) c1_fflags 0x0000000000000011 x2  0xffffffffffffffff
core   0: 0x0000000080005db0 (0xd21a8ed3) fcvt.d.wu ft9, s5
core   0: 1 0x0000000080005db0 (0xd21a8ed3) f29 0x0000000000000000
core   0: 0x0000000080005db4 (0x034a44bb) divw    s1, s4, s4
core   0: 1 0x0000000080005db4 (0x034a44bb) x9  0xffffffffffffffff
core   0: 0x0000000080005db8 (0xffb01937) lui     s2, 0xffb01
core   0: 1 0x0000000080005db8 (0xffb01937) x18 0xffffffffffb01000
core   0: 0x0000000080005dbc (0xb0b9091b) addiw   s2, s2, -1269
core   0: 1 0x0000000080005dbc (0xb0b9091b) x18 0xffffffffffb00b0b
core   0: 0x0000000080005dc0 (0x0000093e) c.slli  s2, 15
core   0: 1 0x0000000080005dc0 (0x093e) x18 0xffffffd805858000
core   0: 0x0000000080005dc2 (0xf3890913) addi    s2, s2, -200
core   0: 1 0x0000000080005dc2 (0xf3890913) x18 0xffffffd805857f38
core   0: 0x0000000080005dc6 (0xf2000f53) fmv.d.x ft10, zero
core   0: 1 0x0000000080005dc6 (0xf2000f53) f30 0x0000000000000000
core   0: 0x0000000080005dca (0x43f95613) srai    a2, s2, 63
core   0: 1 0x0000000080005dca (0x43f95613) x12 0xffffffffffffffff
core   0: 0x0000000080005dce (0x80070713) addi    a4, a4, -2048
core   0: 1 0x0000000080005dce (0x80070713) x14 0xfffffffffffff802
core   0: 0x0000000080005dd2 (0x4e11a997) auipc   s3, 0x4e11a
core   0: 1 0x0000000080005dd2 (0x4e11a997) x19 0x00000000ce11fdd2
core   0: 0x0000000080005dd6 (0x036e5113) srli    sp, t3, 54
core   0: 1 0x0000000080005dd6 (0x036e5113) x2  0x0000000000000000
core   0: 0x0000000080005dda (0x407a8cbb) subw    s9, s5, t2
core   0: 1 0x0000000080005dda (0x407a8cbb) x25 0x0000000000000001
core   0: 0x0000000080005dde (0x007cd2bb) srlw    t0, s9, t2
core   0: 1 0x0000000080005dde (0x007cd2bb) x5  0x0000000000000000
core   0: 0x0000000080005de2 (0xcba8c937) lui     s2, 0xcba8c
core   0: 1 0x0000000080005de2 (0xcba8c937) x18 0xffffffffcba8c000
core   0: 0x0000000080005de6 (0x01ea121b) slliw   tp, s4, 30
core   0: 1 0x0000000080005de6 (0x01ea121b) x4  0x0000000000000000
core   0: 0x0000000080005dea (0x02ed073b) mulw    a4, s10, a4
core   0: 1 0x0000000080005dea (0x02ed073b) x14 0x00000000000007fe
core   0: 0x0000000080005dee (0x80008213) addi    tp, ra, -2048
core   0: 1 0x0000000080005dee (0x80008213) x4  0x0000000080003814
core   0: 0x0000000080005df2 (0x2aa18fd3) fmin.d  ft11, ft3, fa0
core   0: 1 0x0000000080005df2 (0x2aa18fd3) f31 0x41ee260cbe600000
core   0: 0x0000000080005df6 (0x43d25d93) srai    s11, tp, 61
core   0: 1 0x0000000080005df6 (0x43d25d93) x27 0x0000000000000000
core   0: 0x0000000080005dfa (0x0008deb3) srl     t4, a7, zero
core   0: 1 0x0000000080005dfa (0x0008deb3) x29 0x0000000080005c24
core   0: 0x0000000080005dfe (0xb823841b) addiw   s0, t2, -1150
core   0: 1 0x0000000080005dfe (0xb823841b) x8  0xfffffffffffffb81
core   0: 0x0000000080005e02 (0x03f21813) slli    a6, tp, 63
core   0: 1 0x0000000080005e02 (0x03f21813) x16 0x0000000000000000
core   0: 0x0000000080005e06 (0x1ae0f4d3) fdiv.d  fs1, ft1, fa4
core   0: 1 0x0000000080005e06 (0x1ae0f4d3) f9  0x7ff8000000000000
core   0: 0x0000000080005e0a (0x000094a6) c.add   s1, s1
core   0: 1 0x0000000080005e0a (0x94a6) x9  0xfffffffffffffffe
core   0: 0x0000000080005e0c (0x002029f3) csrrs   s3, frm, zero
core   0: 1 0x0000000080005e0c (0x002029f3) x19 0x0000000000000002
core   0: 0x0000000080005e10 (0xfcd2e137) lui     sp, 0xfcd2e
core   0: 1 0x0000000080005e10 (0xfcd2e137) x2  0xfffffffffcd2e000
core   0: 0x0000000080005e14 (0xfff9e593) ori     a1, s3, -1
core   0: 1 0x0000000080005e14 (0xfff9e593) x11 0xffffffffffffffff
core   0: 0x0000000080005e18 (0xd02e77d3) fcvt.s.l fa5, t3
core   0: 1 0x0000000080005e18 (0xd02e77d3) f15 0xffffffff458b8800
core   0: 0x0000000080005e1c (0x00000001) c.nop
core   0: 1 0x0000000080005e1c (0x0001)
core   0: 0x0000000080005e1e (0x03758333) mul     t1, a1, s7
core   0: 1 0x0000000080005e1e (0x03758333) x6  0xffffffffabe07453
core   0: 0x0000000080005e22 (0xc034f653) fcvt.lu.s a2, fs1
core   0: 1 0x0000000080005e22 (0xc034f653) c1_fflags 0x0000000000000011 x12 0xffffffffffffffff
core   0: 0x0000000080005e26 (0xfa78ea13) ori     s4, a7, -89
core   0: 1 0x0000000080005e26 (0xfa78ea13) x20 0xffffffffffffffa7
core   0: 0x0000000080005e2a (0x4164073b) subw    a4, s0, s6
core   0: 1 0x0000000080005e2a (0x4164073b) x14 0xfffffffffffffb82
core   0: 0x0000000080005e2e (0xd237fd53) fcvt.d.lu fs10, a5
core   0: 1 0x0000000080005e2e (0xd237fd53) f26 0x41e0000bac800000
core   0: 0x0000000080005e32 (0x00e2ddbb) srlw    s11, t0, a4
core   0: 1 0x0000000080005e32 (0x00e2ddbb) x27 0x0000000000000000
core   0: 0x0000000080005e36 (0xa21f8d53) fle.d   s10, ft11, ft1
core   0: 1 0x0000000080005e36 (0xa21f8d53) c1_fflags 0x0000000000000011 x26 0x0000000000000000
core   0: 0x0000000080005e3a (0x000d119b) slliw   gp, s10, 0
core   0: 1 0x0000000080005e3a (0x000d119b) x3  0x0000000000000000
core   0: 0x0000000080005e3e (0x8d57c493) xori    s1, a5, -1835
core   0: 1 0x0000000080005e3e (0x8d57c493) x9  0xffffffff7fffa5b1
core   0: 0x0000000080005e42 (0x002490f3) csrrw   ra, frm, s1
core   0: 1 0x0000000080005e42 (0x002490f3) x1  0x0000000000000002 c2_frm 0x0000000000000001
core   0: 0x0000000080005e46 (0x03a54d3b) divw    s10, a0, s10
core   0: 1 0x0000000080005e46 (0x03a54d3b) x26 0xffffffffffffffff
core   0: 0x0000000080005e4a (0x119cc193) xori    gp, s9, 281
core   0: 1 0x0000000080005e4a (0x119cc193) x3  0x0000000000000118
core   0: 0x0000000080005e4e (0x80078793) addi    a5, a5, -2048
core   0: 1 0x0000000080005e4e (0x80078793) x15 0x0000000080005564
core   0: 0x0000000080005e52 (0xc222f6d3) fcvt.l.d a3, ft5
core   0: 1 0x0000000080005e52 (0xc222f6d3) x13 0xffffffffcef92796
core   0: 0x0000000080005e56 (0x8007ad93) slti    s11, a5, -2048
core   0: 1 0x0000000080005e56 (0x8007ad93) x27 0x0000000000000000
core   0: 0x0000000080005e5a (0x0566f293) andi    t0, a3, 86
core   0: 1 0x0000000080005e5a (0x0566f293) x5  0x0000000000000016
core   0: 0x0000000080005e5e (0x02a7ecbb) remw    s9, a5, a0
core   0: 1 0x0000000080005e5e (0x02a7ecbb) x25 0xffffffff80005564
core   0: 0x0000000080005e62 (0x4abcfcc3) fmadd.d fs9, fs9, fa1, fs1
core   0: 1 0x0000000080005e62 (0x4abcfcc3) f25 0x7ff8000000000000
core   0: 0x0000000080005e66 (0x032650b3) divu    ra, a2, s2
core   0: 1 0x0000000080005e66 (0x032650b3) x1  0x0000000000000001
core   0: 0x0000000080005e6a (0x00102073) csrrs   zero, fflags, zero
core   0: 1 0x0000000080005e6a (0x00102073)
core   0: 0x0000000080005e6e (0x40900533) sub     a0, zero, s1
core   0: 1 0x0000000080005e6e (0x40900533) x10 0x0000000080005a4f
core   0: 0x0000000080005e72 (0x63087847) fmsub.d fa6, fa6, fa6, fa2
core   0: 1 0x0000000080005e72 (0x63087847) f16 0x7ff8000000000000
core   0: 0x0000000080005e76 (0x0ff0000f) fence   iorw,iorw
core   0: 1 0x0000000080005e76 (0x0ff0000f)
core   0: 0x0000000080005e7a (0x01987133) and     sp, a6, s9
core   0: 1 0x0000000080005e7a (0x01987133) x2  0x0000000000000000
core   0: 0x0000000080005e7e (0x022cb6b3) mulhu   a3, s9, sp
core   0: 1 0x0000000080005e7e (0x022cb6b3) x13 0x0000000000000000
core   0: 0x0000000080005e82 (0xd2010bd3) fcvt.d.w fs7, sp
core   0: 1 0x0000000080005e82 (0xd2010bd3) f23 0x0000000000000000
core   0: 0x0000000080005e86 (0x001cd593) srli    a1, s9, 1
core   0: 1 0x0000000080005e86 (0x001cd593) x11 0x7fffffffc0002ab2
core   0: 0x0000000080005e8a (0x007a2537) lui     a0, 0x7a2
core   0: 1 0x0000000080005e8a (0x007a2537) x10 0x00000000007a2000
core   0: 0x0000000080005e8e (0x8355051b) addiw   a0, a0, -1995
core   0: 1 0x0000000080005e8e (0x8355051b) x10 0x00000000007a1835
core   0: 0x0000000080005e92 (0x0000053e) c.slli  a0, 15
core   0: 1 0x0000000080005e92 (0x053e) x10 0x0000003d0c1a8000
core   0: 0x0000000080005e94 (0x60550513) addi    a0, a0, 1541
core   0: 1 0x0000000080005e94 (0x60550513) x10 0x0000003d0c1a8605
core   0: 0x0000000080005e98 (0x8796e813) ori     a6, a3, -1927
core   0: 1 0x0000000080005e98 (0x8796e813) x16 0xfffffffffffff879
core   0: 0x0000000080005e9c (0x13087853) fmul.d  fa6, fa6, fa6
core   0: 1 0x0000000080005e9c (0x13087853) f16 0x7ff8000000000000
core   0: 0x0000000080005ea0 (0x03161337) lui     t1, 0x3161
core   0: 1 0x0000000080005ea0 (0x03161337) x6  0x0000000003161000
core   0: 0x0000000080005ea4 (0xb2b3031b) addiw   t1, t1, -1237
core   0: 1 0x0000000080005ea4 (0xb2b3031b) x6  0x0000000003160b2b
core   0: 0x0000000080005ea8 (0x00000332) c.slli  t1, 12
core   0: 1 0x0000000080005ea8 (0x0332) x6  0x0000003160b2b000
core   0: 0x0000000080005eaa (0x4dc30313) addi    t1, t1, 1244
core   0: 1 0x0000000080005eaa (0x4dc30313) x6  0x0000003160b2b4dc
core   0: 0x0000000080005eae (0xc20f72d3) fcvt.w.d t0, ft10
core   0: 1 0x0000000080005eae (0xc20f72d3) x5  0x0000000000000000
core   0: 0x0000000080005eb2 (0x01975ebb) srlw    t4, a4, s9
core   0: 1 0x0000000080005eb2 (0x01975ebb) x29 0x000000000fffffb8
core   0: 0x0000000080005eb6 (0x032ed393) srli    t2, t4, 50
core   0: 1 0x0000000080005eb6 (0x032ed393) x7  0x0000000000000000
core   0: 0x0000000080005eba (0x005d5613) srli    a2, s10, 5
core   0: 1 0x0000000080005eba (0x005d5613) x12 0x07ffffffffffffff
core   0: 0x0000000080005ebe (0x028b4eb3) div     t4, s6, s0
core   0: 1 0x0000000080005ebe (0x028b4eb3) x29 0x0000000000000000
core   0: 0x0000000080005ec2 (0x02f4dbb3) divu    s7, s1, a5
core   0: 1 0x0000000080005ec2 (0x02f4dbb3) x23 0x00000001fffeaa6f
core   0: 0x0000000080005ec6 (0x7ffec013) xori    zero, t4, 2047
core   0: 1 0x0000000080005ec6 (0x7ffec013)
core   0: 0x0000000080005eca (0x022bfdb3) remu    s11, s7, sp
core   0: 1 0x0000000080005eca (0x022bfdb3) x27 0x00000001fffeaa6f
core   0: 0x0000000080005ece (0x0009d39b) srliw   t2, s3, 0
core   0: 1 0x0000000080005ece (0x0009d39b) x7  0x0000000000000002
core   0: 0x0000000080005ed2 (0x41b50833) sub     a6, a0, s11
core   0: 1 0x0000000080005ed2 (0x41b50833) x16 0x0000003b0c1bdb96
core   0: 0x0000000080005ed6 (0x001020f3) csrrs   ra, fflags, zero
core   0: 1 0x0000000080005ed6 (0x001020f3) x1  0x0000000000000011
core   0: 0x0000000080005eda (0x0bbff153) fsub.d  ft2, ft11, fs11
core   0: 1 0x0000000080005eda (0x0bbff153) f2  0x7ff8000000000000
core   0: 0x0000000080005ede (0xd2050ed3) fcvt.d.w ft9, a0
core   0: 1 0x0000000080005ede (0xd2050ed3) f29 0x41a8350c0a000000
core   0: 0x0000000080005ee2 (0x2bbe2b97) auipc   s7, 0x2bbe2
core   0: 1 0x0000000080005ee2 (0x2bbe2b97) x23 0x00000000abbe7ee2
core   0: 0x0000000080005ee6 (0x00011613) slli    a2, sp, 0
core   0: 1 0x0000000080005ee6 (0x00011613) x12 0x0000000000000000
core   0: 0x0000000080005eea (0xc232fed3) fcvt.lu.d t4, ft5
core   0: 1 0x0000000080005eea (0xc232fed3) c1_fflags 0x0000000000000011 x29 0x0000000000000000
core   0: 0x0000000080005eee (0x401ef7d3) fcvt.s.d fa5, ft9
core   0: 1 0x0000000080005eee (0x401ef7d3) c1_fflags 0x0000000000000011 f15 0xffffffff4d41a860
core   0: 0x0000000080005ef2 (0x00000001) c.nop
core   0: 1 0x0000000080005ef2 (0x0001)
core   0: 0x0000000080005ef4 (0x03d642b3) div     t0, a2, t4
core   0: 1 0x0000000080005ef4 (0x03d642b3) x5  0xffffffffffffffff
core   0: 0x0000000080005ef8 (0x40137153) fcvt.s.d ft2, ft6
core   0: 1 0x0000000080005ef8 (0x40137153) f2  0xffffffff7fc00000
core   0: 0x0000000080005efc (0x2339a4d3) fsgnjx.d fs1, fs3, fs3
core   0: 1 0x0000000080005efc (0x2339a4d3) f9  0x7ff8000000000000
core   0: 0x0000000080005f00 (0xc0c9ea13) ori     s4, s3, -1012
core   0: 1 0x0000000080005f00 (0xc0c9ea13) x20 0xfffffffffffffc0e
core   0: 0x0000000080005f04 (0x8528899b) addiw   s3, a7, -1966
core   0: 1 0x0000000080005f04 (0x8528899b) x19 0xffffffff80005476
core   0: 0x0000000080005f08 (0xe20586d3) fmv.x.d a3, fa1
core   0: 1 0x0000000080005f08 (0xe20586d3) x13 0x7ff8000000000000
core   0: 0x0000000080005f0c (0x407c5c33) sra     s8, s8, t2
core   0: 1 0x0000000080005f0c (0x407c5c33) x24 0x0000000020001801
core   0: 0x0000000080005f10 (0xd40142b7) lui     t0, 0xd4014
core   0: 1 0x0000000080005f10 (0xd40142b7) x5  0xffffffffd4014000
core   0: 0x0000000080005f14 (0xbe9808b7) lui     a7, 0xbe980
core   0: 1 0x0000000080005f14 (0xbe9808b7) x17 0xffffffffbe980000
core   0: 0x0000000080005f18 (0x028440b3) div     ra, s0, s0
core   0: 1 0x0000000080005f18 (0x028440b3) x1  0x0000000000000001
core   0: 0x0000000080005f1c (0x03a05313) srli    t1, zero, 58
core   0: 1 0x0000000080005f1c (0x03a05313) x6  0x0000000000000000
core   0: 0x0000000080005f20 (0xcc790d9b) addiw   s11, s2, -825
core   0: 1 0x0000000080005f20 (0xcc790d9b) x27 0xffffffffcba8bcc7
core   0: 0x0000000080005f24 (0x03727253) fadd.d  ft4, ft4, fs7
core   0: 1 0x0000000080005f24 (0x03727253) f4  0x0000000000000000
core   0: 0x0000000080005f28 (0x0ff0000f) fence   iorw,iorw
core   0: 1 0x0000000080005f28 (0x0ff0000f)
core   0: 0x0000000080005f2c (0x00c1599b) srliw   s3, sp, 12
core   0: 1 0x0000000080005f2c (0x00c1599b) x19 0x0000000000000000
core   0: 0x0000000080005f30 (0x186c8b9b) addiw   s7, s9, 390
core   0: 1 0x0000000080005f30 (0x186c8b9b) x23 0xffffffff800056ea
core   0: 0x0000000080005f34 (0x00fbec33) or      s8, s7, a5
core   0: 1 0x0000000080005f34 (0x00fbec33) x24 0xffffffff800057ee
core   0: 0x0000000080005f38 (0xd22c74d3) fcvt.d.l fs1, s8
core   0: 1 0x0000000080005f38 (0xd22c74d3) f9  0xc1dfffea04800000
core   0: 0x0000000080005f3c (0x9000ea17) auipc   s4, 0x9000e
core   0: 1 0x0000000080005f3c (0x9000ea17) x20 0x0000000010013f3c
core   0: 0x0000000080005f40 (0x021c7db3) remu    s11, s8, ra
core   0: 1 0x0000000080005f40 (0x021c7db3) x27 0x0000000000000000
core   0: 0x0000000080005f44 (0xd2198153) fcvt.d.wu ft2, s3
core   0: 1 0x0000000080005f44 (0xd2198153) f2  0x0000000000000000
core   0: 0x0000000080005f48 (0xd229f453) fcvt.d.l fs0, s3
core   0: 1 0x0000000080005f48 (0xd229f453) f8  0x0000000000000000
core   0: 0x0000000080005f4c (0x028df1d3) fadd.d  ft3, fs11, fs0
core   0: 1 0x0000000080005f4c (0x028df1d3) f3  0x7ff8000000000000
core   0: 0x0000000080005f50 (0x7ffd849b) addiw   s1, s11, 2047
core   0: 1 0x0000000080005f50 (0x7ffd849b) x9  0x00000000000007ff
core   0: 0x0000000080005f54 (0xbb7ef6c3) fmadd.d fa3, ft9, fs7, fs7
core   0: 1 0x0000000080005f54 (0xbb7ef6c3) f13 0x0000000000000000
core   0: 0x0000000080005f58 (0x03b0b1b3) mulhu   gp, ra, s11
core   0: 1 0x0000000080005f58 (0x03b0b1b3) x3  0x0000000000000000
core   0: 0x0000000080005f5c (0x00d3d9bb) srlw    s3, t2, a3
core   0: 1 0x0000000080005f5c (0x00d3d9bb) x19 0x0000000000000002
core   0: 0x0000000080005f60 (0x00e6919b) slliw   gp, a3, 14
core   0: 1 0x0000000080005f60 (0x00e6919b) x3  0x0000000000000000
core   0: 0x0000000080005f64 (0x0041cc33) xor     s8, gp, tp
core   0: 1 0x0000000080005f64 (0x0041cc33) x24 0x0000000080003814
core   0: 0x0000000080005f68 (0xd2227153) fcvt.d.l ft2, tp
core   0: 1 0x0000000080005f68 (0xd2227153) f2  0x41e0000702800000
core   0: 0x0000000080005f6c (0xd21301d3) fcvt.d.wu ft3, t1
core   0: 1 0x0000000080005f6c (0xd21301d3) f3  0x0000000000000000
core   0: 0x0000000080005f70 (0x0000e693) ori     a3, ra, 0
core   0: 1 0x0000000080005f70 (0x0000e693) x13 0x0000000000000001
core   0: 0x0000000080005f74 (0x40b2d33b) sraw    t1, t0, a1
core   0: 1 0x0000000080005f74 (0x40b2d33b) x6  0xfffffffffffff500
core   0: 0x0000000080005f78 (0x02694c33) div     s8, s2, t1
core   0: 1 0x0000000080005f78 (0x02694c33) x24 0x000000000004c21d
core   0: 0x0000000080005f7c (0xd2b77f4f) fnmadd.d ft10, fa4, fa1, fs10
core   0: 1 0x0000000080005f7c (0xd2b77f4f) f30 0x7ff8000000000000
core   0: 0x0000000080005f80 (0x40e35813) srai    a6, t1, 14
core   0: 1 0x0000000080005f80 (0x40e35813) x16 0xffffffffffffffff
core   0: 0x0000000080005f84 (0x400802b3) sub     t0, a6, zero
core   0: 1 0x0000000080005f84 (0x400802b3) x5  0xffffffffffffffff
core   0: 0x0000000080005f88 (0xd2287ad3) fcvt.d.l fs5, a6
core   0: 1 0x0000000080005f88 (0xd2287ad3) f21 0xbff0000000000000
core   0: 0x0000000080005f8c (0x4051823b) subw    tp, gp, t0
core   0: 1 0x0000000080005f8c (0x4051823b) x4  0x0000000000000001
core   0: 0x0000000080005f90 (0xc02e7ed3) fcvt.l.s t4, ft8
core   0: 1 0x0000000080005f90 (0xc02e7ed3) x29 0x0000000000001123
core   0: 0x0000000080005f94 (0x137af6d3) fmul.d  fa3, fs5, fs7
core   0: 1 0x0000000080005f94 (0x137af6d3) f13 0x8000000000000000
core   0: 0x0000000080005f98 (0x40fbd49b) sraiw   s1, s7, 15
core   0: 1 0x0000000080005f98 (0x40fbd49b) x9  0xffffffffffff0000
core   0: 0x0000000080005f9c (0x066cac93) slti    s9, s9, 102
core   0: 1 0x0000000080005f9c (0x066cac93) x25 0x0000000000000001
core   0: 0x0000000080005fa0 (0x001e9a73) csrrw   s4, fflags, t4
core   0: 1 0x0000000080005fa0 (0x001e9a73) x20 0x0000000000000011 c1_fflags 0x0000000000000003
core   0: 0x0000000080005fa4 (0x12ddfcd3) fmul.d  fs9, fs11, fa3
core   0: 1 0x0000000080005fa4 (0x12ddfcd3) f25 0x7ff8000000000000
core   0: 0x0000000080005fa8 (0xcbaa744b) fnmsub.d fs0, fs4, fs10, fs9
core   0: 1 0x0000000080005fa8 (0xcbaa744b) f8  0x7ff8000000000000
core   0: 0x0000000080005fac (0x019a5e3b) srlw    t3, s4, s9
core   0: 1 0x0000000080005fac (0x019a5e3b) x28 0x0000000000000008
core   0: 0x0000000080005fb0 (0x2aff0ad3) fmin.d  fs5, ft10, fa5
core   0: 1 0x0000000080005fb0 (0x2aff0ad3) f21 0x7ff8000000000000
core   0: 0x0000000080005fb4 (0x03a7053b) mulw    a0, a4, s10
core   0: 1 0x0000000080005fb4 (0x03a7053b) x10 0x000000000000047e
core   0: 0x0000000080005fb8 (0x01a3d833) srl     a6, t2, s10
core   0: 1 0x0000000080005fb8 (0x01a3d833) x16 0x0000000000000000
core   0: 0x0000000080005fbc (0x005d6db3) or      s11, s10, t0
core   0: 1 0x0000000080005fbc (0x005d6db3) x27 0xffffffffffffffff
core   0: 0x0000000080005fc0 (0x41000033) sub     zero, zero, a6
core   0: 1 0x0000000080005fc0 (0x41000033)
core   0: 0x0000000080005fc4 (0x4088d7b3) sra     a5, a7, s0
core   0: 1 0x0000000080005fc4 (0x4088d7b3) x15 0xffffffffdf4c0000
core   0: 0x0000000080005fc8 (0xb363fb47) fmsub.d fs6, ft7, fs6, fs6
core   0: 1 0x0000000080005fc8 (0xb363fb47) f22 0x7ff8000000000000
core   0: 0x0000000080005fcc (0x000a5a13) srli    s4, s4, 0
core   0: 1 0x0000000080005fcc (0x000a5a13) x20 0x0000000000000011
core   0: 0x0000000080005fd0 (0x029a5eb3) divu    t4, s4, s1
core   0: 1 0x0000000080005fd0 (0x029a5eb3) x29 0x0000000000000000
core   0: 0x0000000080005fd4 (0x88be2a97) auipc   s5, 0x88be2
core   0: 1 0x0000000080005fd4 (0x88be2a97) x21 0x0000000008be7fd4
core   0: 0x0000000080005fd8 (0x03ce8d33) mul     s10, t4, t3
core   0: 1 0x0000000080005fd8 (0x03ce8d33) x26 0x0000000000000000
core   0: 0x0000000080005fdc (0x00000001) c.nop
core   0: 1 0x0000000080005fdc (0x0001)
core   0: 0x0000000080005fde (0x401b7bd3) fcvt.s.d fs7, fs6
core   0: 1 0x0000000080005fde (0x401b7bd3) f23 0xffffffff7fc00000
core   0: 0x0000000080005fe2 (0x22719553) fsgnjn.d fa0, ft3, ft7
core   0: 1 0x0000000080005fe2 (0x22719553) f10 0x0000000000000000
core   0: 0x0000000080005fe6 (0x5b317dc3) fmadd.d fs11, ft2, fs3, fa1
core   0: 1 0x0000000080005fe6 (0x5b317dc3) f27 0x7ff8000000000000
core   0: 0x0000000080005fea (0x80077613) andi    a2, a4, -2048
core   0: 1 0x0000000080005fea (0x80077613) x12 0xfffffffffffff800
core   0: 0x0000000080005fee (0x00267db3) and     s11, a2, sp
core   0: 1 0x0000000080005fee (0x00267db3) x27 0x0000000000000000
core   0: 0x0000000080005ff2 (0x01baca33) xor     s4, s5, s11
core   0: 1 0x0000000080005ff2 (0x01baca33) x20 0x0000000008be7fd4
core   0: 0x0000000080005ff6 (0x031ae3b3) rem     t2, s5, a7
core   0: 1 0x0000000080005ff6 (0x031ae3b3) x7  0x0000000008be7fd4
core   0: 0x0000000080005ffa (0x40a3d1bb) sraw    gp, t2, a0
core   0: 1 0x0000000080005ffa (0x40a3d1bb) x3  0x0000000000000000
core   0: >>>>  write_tohost
core   0: 0x0000000080005ffe (0x9e6fa0ef) jal     pc - 0x5e1a
core   0: 1 0x0000000080005ffe (0x9e6fa0ef) x1  0x0000000080006002
core   0: >>>>  _exit
core   0: 0x00000000800001e4 (0x00004505) c.li    a0, 1
core   0: 1 0x00000000800001e4 (0x4505) x10 0x0000000000000001
core   0: 0x00000000800001e6 (0x00001f17) auipc   t5, 0x1
core   0: 1 0x00000000800001e6 (0x00001f17) x30 0x00000000800011e6
core   0: 0x00000000800001ea (0xe0af2d23) sw      a0, -486(t5)
core   0: 1 0x00000000800001ea (0xe0af2d23) mem 0x0000000080001000 0x00000001
cp /home/server/RISCV/cva6/verif/sim/out/seed_1329/spike_sim/new_seeds_1329_.cv64a6_imafdc_sv39.log.iss /home/server/RISCV/cva6/verif/sim/out/seed_1329/spike_sim/new_seeds_1329_.cv64a6_imafdc_sv39.log
