Makefile:14: must set CVA6_REPO_DIR to point at the root of CVA6 sources and CVA6_TB_DIR to point here -- doing it for you...
LD_LIBRARY_PATH="$(realpath ../../tools/spike/lib):$LD_LIBRARY_PATH" \
	/home/server/RISCV/cva6/tools/spike/bin/spike --steps=2000000  --log-commits --isa=rv64gc_zba_zbb_zbs_zbc_zicsr_zifencei --priv=msu -l /home/server/RISCV/cva6/verif/sim/out/seed_1627/directed_asm_tests/new_seeds_1627_.o
[SPIKE] Max simulation steps: 2000000
[SPIKE] Proc 0 | ISA: rv64gc_zba_zbb_zbs_zbc_zicsr_zifencei PRIV: msu
[SPIKE] Initializing memories...
core   0: 0x0000000000010000 (0x00100413) li      s0, 1
core   0: 3 0x0000000000010000 (0x00100413) x8  0x0000000000000001
core   0: 0x0000000000010004 (0x01f41413) slli    s0, s0, 31
core   0: 3 0x0000000000010004 (0x01f41413) x8  0x0000000080000000
core   0: 0x0000000000010008 (0xf1402573) csrrs   a0, mhartid, zero
core   0: 3 0x0000000000010008 (0xf1402573) x10 0x0000000000000000
core   0: 0x000000000001000c (0x00000597) auipc   a1, 0x0
core   0: 3 0x000000000001000c (0x00000597) x11 0x000000000001000c
core   0: 0x0000000000010010 (0x07458593) addi    a1, a1, 116
core   0: 3 0x0000000000010010 (0x07458593) x11 0x0000000000010080
core   0: 0x0000000000010014 (0x00040067) jr      s0
core   0: 3 0x0000000000010014 (0x00040067)
core   0: >>>>  _start
core   0: 0x0000000080000000 (0x00004081) c.li    ra, 0
core   0: 3 0x0000000080000000 (0x4081) x1  0x0000000000000000
core   0: 0x0000000080000002 (0x00004101) c.li    sp, 0
core   0: 3 0x0000000080000002 (0x4101) x2  0x0000000000000000
core   0: 0x0000000080000004 (0x00004181) c.li    gp, 0
core   0: 3 0x0000000080000004 (0x4181) x3  0x0000000000000000
core   0: 0x0000000080000006 (0x00004201) c.li    tp, 0
core   0: 3 0x0000000080000006 (0x4201) x4  0x0000000000000000
core   0: 0x0000000080000008 (0x00004281) c.li    t0, 0
core   0: 3 0x0000000080000008 (0x4281) x5  0x0000000000000000
core   0: 0x000000008000000a (0x00004301) c.li    t1, 0
core   0: 3 0x000000008000000a (0x4301) x6  0x0000000000000000
core   0: 0x000000008000000c (0x00004381) c.li    t2, 0
core   0: 3 0x000000008000000c (0x4381) x7  0x0000000000000000
core   0: 0x000000008000000e (0x00004401) c.li    s0, 0
core   0: 3 0x000000008000000e (0x4401) x8  0x0000000000000000
core   0: 0x0000000080000010 (0x00004481) c.li    s1, 0
core   0: 3 0x0000000080000010 (0x4481) x9  0x0000000000000000
core   0: 0x0000000080000012 (0x00004501) c.li    a0, 0
core   0: 3 0x0000000080000012 (0x4501) x10 0x0000000000000000
core   0: 0x0000000080000014 (0x00004581) c.li    a1, 0
core   0: 3 0x0000000080000014 (0x4581) x11 0x0000000000000000
core   0: 0x0000000080000016 (0x00004601) c.li    a2, 0
core   0: 3 0x0000000080000016 (0x4601) x12 0x0000000000000000
core   0: 0x0000000080000018 (0x00004681) c.li    a3, 0
core   0: 3 0x0000000080000018 (0x4681) x13 0x0000000000000000
core   0: 0x000000008000001a (0x00004701) c.li    a4, 0
core   0: 3 0x000000008000001a (0x4701) x14 0x0000000000000000
core   0: 0x000000008000001c (0x00004781) c.li    a5, 0
core   0: 3 0x000000008000001c (0x4781) x15 0x0000000000000000
core   0: 0x000000008000001e (0x00004801) c.li    a6, 0
core   0: 3 0x000000008000001e (0x4801) x16 0x0000000000000000
core   0: 0x0000000080000020 (0x00004881) c.li    a7, 0
core   0: 3 0x0000000080000020 (0x4881) x17 0x0000000000000000
core   0: 0x0000000080000022 (0x00004901) c.li    s2, 0
core   0: 3 0x0000000080000022 (0x4901) x18 0x0000000000000000
core   0: 0x0000000080000024 (0x00004981) c.li    s3, 0
core   0: 3 0x0000000080000024 (0x4981) x19 0x0000000000000000
core   0: 0x0000000080000026 (0x00004a01) c.li    s4, 0
core   0: 3 0x0000000080000026 (0x4a01) x20 0x0000000000000000
core   0: 0x0000000080000028 (0x00004a81) c.li    s5, 0
core   0: 3 0x0000000080000028 (0x4a81) x21 0x0000000000000000
core   0: 0x000000008000002a (0x00004b01) c.li    s6, 0
core   0: 3 0x000000008000002a (0x4b01) x22 0x0000000000000000
core   0: 0x000000008000002c (0x00004b81) c.li    s7, 0
core   0: 3 0x000000008000002c (0x4b81) x23 0x0000000000000000
core   0: 0x000000008000002e (0x00004c01) c.li    s8, 0
core   0: 3 0x000000008000002e (0x4c01) x24 0x0000000000000000
core   0: 0x0000000080000030 (0x00004c81) c.li    s9, 0
core   0: 3 0x0000000080000030 (0x4c81) x25 0x0000000000000000
core   0: 0x0000000080000032 (0x00004d01) c.li    s10, 0
core   0: 3 0x0000000080000032 (0x4d01) x26 0x0000000000000000
core   0: 0x0000000080000034 (0x00004d81) c.li    s11, 0
core   0: 3 0x0000000080000034 (0x4d81) x27 0x0000000000000000
core   0: 0x0000000080000036 (0x00004e01) c.li    t3, 0
core   0: 3 0x0000000080000036 (0x4e01) x28 0x0000000000000000
core   0: 0x0000000080000038 (0x00004e81) c.li    t4, 0
core   0: 3 0x0000000080000038 (0x4e81) x29 0x0000000000000000
core   0: 0x000000008000003a (0x00004f01) c.li    t5, 0
core   0: 3 0x000000008000003a (0x4f01) x30 0x0000000000000000
core   0: 0x000000008000003c (0x00004f81) c.li    t6, 0
core   0: 3 0x000000008000003c (0x4f81) x31 0x0000000000000000
core   0: 0x000000008000003e (0x000062f9) c.lui   t0, 0x1e
core   0: 3 0x000000008000003e (0x62f9) x5  0x000000000001e000
core   0: 0x0000000080000040 (0x3002a073) csrrs   zero, mstatus, t0
core   0: 3 0x0000000080000040 (0x3002a073) c768_mstatus 0x8000000a00006000
core   0: 0x0000000080000044 (0x00004285) c.li    t0, 1
core   0: 3 0x0000000080000044 (0x4285) x5  0x0000000000000001
core   0: 0x0000000080000046 (0x000002fe) c.slli  t0, 31
core   0: 3 0x0000000080000046 (0x02fe) x5  0x0000000080000000
core   0: 0x0000000080000048 (0x0002d863) bge     t0, zero, pc + 16
core   0: 3 0x0000000080000048 (0x0002d863)
core   0: 0x0000000080000058 (0x00000297) auipc   t0, 0x0
core   0: 3 0x0000000080000058 (0x00000297) x5  0x0000000080000058
core   0: 0x000000008000005c (0x09028293) addi    t0, t0, 144
core   0: 3 0x000000008000005c (0x09028293) x5  0x00000000800000e8
core   0: 0x0000000080000060 (0x30529073) csrrw   zero, mtvec, t0
core   0: 3 0x0000000080000060 (0x30529073) c773_mtvec 0x00000000800000e8
core   0: 0x0000000080000064 (0x00301073) csrrw   zero, fcsr, zero
core   0: 3 0x0000000080000064 (0x00301073) c1_fflags 0x0000000000000000 c2_frm 0x0000000000000000
core   0: 0x0000000080000068 (0xf0000053) fmv.w.x ft0, zero
core   0: 3 0x0000000080000068 (0xf0000053) f0  0xffffffff00000000
core   0: 0x000000008000006c (0xf00000d3) fmv.w.x ft1, zero
core   0: 3 0x000000008000006c (0xf00000d3) f1  0xffffffff00000000
core   0: 0x0000000080000070 (0xf0000153) fmv.w.x ft2, zero
core   0: 3 0x0000000080000070 (0xf0000153) f2  0xffffffff00000000
core   0: 0x0000000080000074 (0xf00001d3) fmv.w.x ft3, zero
core   0: 3 0x0000000080000074 (0xf00001d3) f3  0xffffffff00000000
core   0: 0x0000000080000078 (0xf0000253) fmv.w.x ft4, zero
core   0: 3 0x0000000080000078 (0xf0000253) f4  0xffffffff00000000
core   0: 0x000000008000007c (0xf00002d3) fmv.w.x ft5, zero
core   0: 3 0x000000008000007c (0xf00002d3) f5  0xffffffff00000000
core   0: 0x0000000080000080 (0xf0000353) fmv.w.x ft6, zero
core   0: 3 0x0000000080000080 (0xf0000353) f6  0xffffffff00000000
core   0: 0x0000000080000084 (0xf00003d3) fmv.w.x ft7, zero
core   0: 3 0x0000000080000084 (0xf00003d3) f7  0xffffffff00000000
core   0: 0x0000000080000088 (0xf0000453) fmv.w.x fs0, zero
core   0: 3 0x0000000080000088 (0xf0000453) f8  0xffffffff00000000
core   0: 0x000000008000008c (0xf00004d3) fmv.w.x fs1, zero
core   0: 3 0x000000008000008c (0xf00004d3) f9  0xffffffff00000000
core   0: 0x0000000080000090 (0xf0000553) fmv.w.x fa0, zero
core   0: 3 0x0000000080000090 (0xf0000553) f10 0xffffffff00000000
core   0: 0x0000000080000094 (0xf00005d3) fmv.w.x fa1, zero
core   0: 3 0x0000000080000094 (0xf00005d3) f11 0xffffffff00000000
core   0: 0x0000000080000098 (0xf0000653) fmv.w.x fa2, zero
core   0: 3 0x0000000080000098 (0xf0000653) f12 0xffffffff00000000
core   0: 0x000000008000009c (0xf00006d3) fmv.w.x fa3, zero
core   0: 3 0x000000008000009c (0xf00006d3) f13 0xffffffff00000000
core   0: 0x00000000800000a0 (0xf0000753) fmv.w.x fa4, zero
core   0: 3 0x00000000800000a0 (0xf0000753) f14 0xffffffff00000000
core   0: 0x00000000800000a4 (0xf00007d3) fmv.w.x fa5, zero
core   0: 3 0x00000000800000a4 (0xf00007d3) f15 0xffffffff00000000
core   0: 0x00000000800000a8 (0xf0000853) fmv.w.x fa6, zero
core   0: 3 0x00000000800000a8 (0xf0000853) f16 0xffffffff00000000
core   0: 0x00000000800000ac (0xf00008d3) fmv.w.x fa7, zero
core   0: 3 0x00000000800000ac (0xf00008d3) f17 0xffffffff00000000
core   0: 0x00000000800000b0 (0xf0000953) fmv.w.x fs2, zero
core   0: 3 0x00000000800000b0 (0xf0000953) f18 0xffffffff00000000
core   0: 0x00000000800000b4 (0xf00009d3) fmv.w.x fs3, zero
core   0: 3 0x00000000800000b4 (0xf00009d3) f19 0xffffffff00000000
core   0: 0x00000000800000b8 (0xf0000a53) fmv.w.x fs4, zero
core   0: 3 0x00000000800000b8 (0xf0000a53) f20 0xffffffff00000000
core   0: 0x00000000800000bc (0xf0000ad3) fmv.w.x fs5, zero
core   0: 3 0x00000000800000bc (0xf0000ad3) f21 0xffffffff00000000
core   0: 0x00000000800000c0 (0xf0000b53) fmv.w.x fs6, zero
core   0: 3 0x00000000800000c0 (0xf0000b53) f22 0xffffffff00000000
core   0: 0x00000000800000c4 (0xf0000bd3) fmv.w.x fs7, zero
core   0: 3 0x00000000800000c4 (0xf0000bd3) f23 0xffffffff00000000
core   0: 0x00000000800000c8 (0xf0000c53) fmv.w.x fs8, zero
core   0: 3 0x00000000800000c8 (0xf0000c53) f24 0xffffffff00000000
core   0: 0x00000000800000cc (0xf0000cd3) fmv.w.x fs9, zero
core   0: 3 0x00000000800000cc (0xf0000cd3) f25 0xffffffff00000000
core   0: 0x00000000800000d0 (0xf0000d53) fmv.w.x fs10, zero
core   0: 3 0x00000000800000d0 (0xf0000d53) f26 0xffffffff00000000
core   0: 0x00000000800000d4 (0xf0000dd3) fmv.w.x fs11, zero
core   0: 3 0x00000000800000d4 (0xf0000dd3) f27 0xffffffff00000000
core   0: 0x00000000800000d8 (0xf0000e53) fmv.w.x ft8, zero
core   0: 3 0x00000000800000d8 (0xf0000e53) f28 0xffffffff00000000
core   0: 0x00000000800000dc (0xf0000ed3) fmv.w.x ft9, zero
core   0: 3 0x00000000800000dc (0xf0000ed3) f29 0xffffffff00000000
core   0: 0x00000000800000e0 (0xf0000f53) fmv.w.x ft10, zero
core   0: 3 0x00000000800000e0 (0xf0000f53) f30 0xffffffff00000000
core   0: 0x00000000800000e4 (0xf0000fd3) fmv.w.x ft11, zero
core   0: 3 0x00000000800000e4 (0xf0000fd3) f31 0xffffffff00000000
core   0: 0x00000000800000e8 (0x00000297) auipc   t0, 0x0
core   0: 3 0x00000000800000e8 (0x00000297) x5  0x00000000800000e8
core   0: 0x00000000800000ec (0x03c28293) addi    t0, t0, 60
core   0: 3 0x00000000800000ec (0x03c28293) x5  0x0000000080000124
core   0: 0x00000000800000f0 (0x30529073) csrrw   zero, mtvec, t0
core   0: 3 0x00000000800000f0 (0x30529073) c773_mtvec 0x0000000080000124
core   0: 0x00000000800000f4 (0x00012197) auipc   gp, 0x12
core   0: 3 0x00000000800000f4 (0x00012197) x3  0x00000000800120f4
core   0: 0x00000000800000f8 (0x73418193) addi    gp, gp, 1844
core   0: 3 0x00000000800000f8 (0x73418193) x3  0x0000000080012828
core   0: 0x00000000800000fc (0x00012217) auipc   tp, 0x12
core   0: 3 0x00000000800000fc (0x00012217) x4  0x00000000800120fc
core   0: 0x0000000080000100 (0xf8320213) addi    tp, tp, -125
core   0: 3 0x0000000080000100 (0xf8320213) x4  0x000000008001207f
core   0: 0x0000000080000104 (0xfc027213) andi    tp, tp, -64
core   0: 3 0x0000000080000104 (0xfc027213) x4  0x0000000080012040
core   0: 0x0000000080000108 (0xf1402573) csrrs   a0, mhartid, zero
core   0: 3 0x0000000080000108 (0xf1402573) x10 0x0000000000000000
core   0: 0x000000008000010c (0x00004585) c.li    a1, 1
core   0: 3 0x000000008000010c (0x4585) x11 0x0000000000000001
core   0: 0x000000008000010e (0x00b57063) bgeu    a0, a1, pc + 0
core   0: 3 0x000000008000010e (0x00b57063)
core   0: 0x0000000080000112 (0x00150113) addi    sp, a0, 1
core   0: 3 0x0000000080000112 (0x00150113) x2  0x0000000000000001
core   0: 0x0000000080000116 (0x00000146) c.slli  sp, 17
core   0: 3 0x0000000080000116 (0x0146) x2  0x0000000000020000
core   0: 0x0000000080000118 (0x00009112) c.add   sp, tp
core   0: 3 0x0000000080000118 (0x9112) x2  0x0000000080032040
core   0: 0x000000008000011a (0x01151613) slli    a2, a0, 17
core   0: 3 0x000000008000011a (0x01151613) x12 0x0000000000000000
core   0: 0x000000008000011e (0x00009232) c.add   tp, a2
core   0: 3 0x000000008000011e (0x9232) x4  0x0000000080012040
core   0: 0x0000000080000120 (0x41c0f06f) j       pc + 0xf41c
core   0: 3 0x0000000080000120 (0x41c0f06f)
core   0: >>>>  _init
core   0: 0x000000008000f53c (0x00007171) c.addi16sp sp, -176
core   0: 3 0x000000008000f53c (0x7171) x2  0x0000000080031f90
core   0: 0x000000008000f53e (0x0000f506) c.sdsp  ra, 168(sp)
core   0: 3 0x000000008000f53e (0xf506) mem 0x0000000080032038 0x0000000000000000
core   0: 0x000000008000f540 (0x0000f122) c.sdsp  s0, 160(sp)
core   0: 3 0x000000008000f540 (0xf122) mem 0x0000000080032030 0x0000000000000000
core   0: 0x000000008000f542 (0x0000ed26) c.sdsp  s1, 152(sp)
core   0: 3 0x000000008000f542 (0xed26) mem 0x0000000080032028 0x0000000000000000
core   0: 0x000000008000f544 (0x00001900) c.addi4spn s0, sp, 176
core   0: 3 0x000000008000f544 (0x1900) x8  0x0000000080032040
core   0: 0x000000008000f546 (0x000087aa) c.mv    a5, a0
core   0: 3 0x000000008000f546 (0x87aa) x15 0x0000000000000000
core   0: 0x000000008000f548 (0x0000872e) c.mv    a4, a1
core   0: 3 0x000000008000f548 (0x872e) x14 0x0000000000000001
core   0: 0x000000008000f54a (0xf4f42e23) sw      a5, -164(s0)
core   0: 3 0x000000008000f54a (0xf4f42e23) mem 0x0000000080031f9c 0x00000000
core   0: 0x000000008000f54e (0x000087ba) c.mv    a5, a4
core   0: 3 0x000000008000f54e (0x87ba) x15 0x0000000000000001
core   0: 0x000000008000f550 (0xf4f42c23) sw      a5, -168(s0)
core   0: 3 0x000000008000f550 (0xf4f42c23) mem 0x0000000080031f98 0x00000001
core   0: 0x000000008000f554 (0xfe040793) addi    a5, s0, -32
core   0: 3 0x000000008000f554 (0xfe040793) x15 0x0000000080032020
core   0: 0x000000008000f558 (0xf4f43823) sd      a5, -176(s0)
core   0: 3 0x000000008000f558 (0xf4f43823) mem 0x0000000080031f90 0x0000000080032020
core   0: 0x000000008000f55c (0xf5043783) ld      a5, -176(s0)
core   0: 3 0x000000008000f55c (0xf5043783) x15 0x0000000080032020 mem 0x0000000080031f90
core   0: 0x000000008000f560 (0xf8078793) addi    a5, a5, -128
core   0: 3 0x000000008000f560 (0xf8078793) x15 0x0000000080031fa0
core   0: 0x000000008000f564 (0x03f78793) addi    a5, a5, 63
core   0: 3 0x000000008000f564 (0x03f78793) x15 0x0000000080031fdf
core   0: 0x000000008000f568 (0x00008399) c.srli  a5, 6
core   0: 3 0x000000008000f568 (0x8399) x15 0x0000000002000c7f
core   0: 0x000000008000f56a (0x00679493) slli    s1, a5, 6
core   0: 3 0x000000008000f56a (0x00679493) x9  0x0000000080031fc0
core   0: 0x000000008000f56e (0xf65ff0ef) jal     pc - 0x9c
core   0: 3 0x000000008000f56e (0xf65ff0ef) x1  0x000000008000f572
core   0: >>>>  init_tls
core   0: 0x000000008000f4d2 (0x00001101) c.addi  sp, -32
core   0: 3 0x000000008000f4d2 (0x1101) x2  0x0000000080031f70
core   0: 0x000000008000f4d4 (0x0000ec06) c.sdsp  ra, 24(sp)
core   0: 3 0x000000008000f4d4 (0xec06) mem 0x0000000080031f88 0x000000008000f572
core   0: 0x000000008000f4d6 (0x0000e822) c.sdsp  s0, 16(sp)
core   0: 3 0x000000008000f4d6 (0xe822) mem 0x0000000080031f80 0x0000000080032040
core   0: 0x000000008000f4d8 (0x00001000) c.addi4spn s0, sp, 32
core   0: 3 0x000000008000f4d8 (0x1000) x8  0x0000000080031f90
core   0: 0x000000008000f4da (0x00003717) auipc   a4, 0x3
core   0: 3 0x000000008000f4da (0x00003717) x14 0x00000000800124da
core   0: 0x000000008000f4de (0xb4e70713) addi    a4, a4, -1202
core   0: 3 0x000000008000f4de (0xb4e70713) x14 0x0000000080012028
core   0: 0x000000008000f4e2 (0x00003797) auipc   a5, 0x3
core   0: 3 0x000000008000f4e2 (0x00003797) x15 0x00000000800124e2
core   0: 0x000000008000f4e6 (0xb4678793) addi    a5, a5, -1210
core   0: 3 0x000000008000f4e6 (0xb4678793) x15 0x0000000080012028
core   0: 0x000000008000f4ea (0x40f707b3) sub     a5, a4, a5
core   0: 3 0x000000008000f4ea (0x40f707b3) x15 0x0000000000000000
core   0: 0x000000008000f4ee (0xfef43423) sd      a5, -24(s0)
core   0: 3 0x000000008000f4ee (0xfef43423) mem 0x0000000080031f78 0x0000000000000000
core   0: 0x000000008000f4f2 (0x00008792) c.mv    a5, tp
core   0: 3 0x000000008000f4f2 (0x8792) x15 0x0000000080012040
core   0: 0x000000008000f4f4 (0xfe843603) ld      a2, -24(s0)
core   0: 3 0x000000008000f4f4 (0xfe843603) x12 0x0000000000000000 mem 0x0000000080031f78
core   0: 0x000000008000f4f8 (0x00003597) auipc   a1, 0x3
core   0: 3 0x000000008000f4f8 (0x00003597) x11 0x00000000800124f8
core   0: 0x000000008000f4fc (0xb3058593) addi    a1, a1, -1232
core   0: 3 0x000000008000f4fc (0xb3058593) x11 0x0000000080012028
core   0: 0x000000008000f500 (0x0000853e) c.mv    a0, a5
core   0: 3 0x000000008000f500 (0x853e) x10 0x0000000080012040
core   0: 0x000000008000f502 (0x0f9000ef) jal     pc + 0x8f8
core   0: 3 0x000000008000f502 (0x0f9000ef) x1  0x000000008000f506
core   0: >>>>  memcpy
core   0: 0x000000008000fdfa (0x0000715d) c.addi16sp sp, -80
core   0: 3 0x000000008000fdfa (0x715d) x2  0x0000000080031f20
core   0: 0x000000008000fdfc (0x0000e4a2) c.sdsp  s0, 72(sp)
core   0: 3 0x000000008000fdfc (0xe4a2) mem 0x0000000080031f68 0x0000000080031f90
core   0: 0x000000008000fdfe (0x00000880) c.addi4spn s0, sp, 80
core   0: 3 0x000000008000fdfe (0x0880) x8  0x0000000080031f70
core   0: 0x000000008000fe00 (0xfca43423) sd      a0, -56(s0)
core   0: 3 0x000000008000fe00 (0xfca43423) mem 0x0000000080031f38 0x0000000080012040
core   0: 0x000000008000fe04 (0xfcb43023) sd      a1, -64(s0)
core   0: 3 0x000000008000fe04 (0xfcb43023) mem 0x0000000080031f30 0x0000000080012028
core   0: 0x000000008000fe08 (0xfac43c23) sd      a2, -72(s0)
core   0: 3 0x000000008000fe08 (0xfac43c23) mem 0x0000000080031f28 0x0000000000000000
core   0: 0x000000008000fe0c (0xfc843703) ld      a4, -56(s0)
core   0: 3 0x000000008000fe0c (0xfc843703) x14 0x0000000080012040 mem 0x0000000080031f38
core   0: 0x000000008000fe10 (0xfc043783) ld      a5, -64(s0)
core   0: 3 0x000000008000fe10 (0xfc043783) x15 0x0000000080012028 mem 0x0000000080031f30
core   0: 0x000000008000fe14 (0x00008f5d) c.or    a4, a5
core   0: 3 0x000000008000fe14 (0x8f5d) x14 0x0000000080012068
core   0: 0x000000008000fe16 (0xfb843783) ld      a5, -72(s0)
core   0: 3 0x000000008000fe16 (0xfb843783) x15 0x0000000000000000 mem 0x0000000080031f28
core   0: 0x000000008000fe1a (0x00008fd9) c.or    a5, a4
core   0: 3 0x000000008000fe1a (0x8fd9) x15 0x0000000080012068
core   0: 0x000000008000fe1c (0x00008b9d) c.andi  a5, 7
core   0: 3 0x000000008000fe1c (0x8b9d) x15 0x0000000000000000
core   0: 0x000000008000fe1e (0x0000e3b1) c.bnez  a5, pc + 68
core   0: 3 0x000000008000fe1e (0xe3b1)
core   0: 0x000000008000fe20 (0xfc043783) ld      a5, -64(s0)
core   0: 3 0x000000008000fe20 (0xfc043783) x15 0x0000000080012028 mem 0x0000000080031f30
core   0: 0x000000008000fe24 (0xfef43423) sd      a5, -24(s0)
core   0: 3 0x000000008000fe24 (0xfef43423) mem 0x0000000080031f58 0x0000000080012028
core   0: 0x000000008000fe28 (0xfc843783) ld      a5, -56(s0)
core   0: 3 0x000000008000fe28 (0xfc843783) x15 0x0000000080012040 mem 0x0000000080031f38
core   0: 0x000000008000fe2c (0xfef43023) sd      a5, -32(s0)
core   0: 3 0x000000008000fe2c (0xfef43023) mem 0x0000000080031f50 0x0000000080012040
core   0: 0x000000008000fe30 (0x0000a839) c.j     pc + 30
core   0: 3 0x000000008000fe30 (0xa839)
core   0: 0x000000008000fe4e (0xfc843703) ld      a4, -56(s0)
core   0: 3 0x000000008000fe4e (0xfc843703) x14 0x0000000080012040 mem 0x0000000080031f38
core   0: 0x000000008000fe52 (0xfb843783) ld      a5, -72(s0)
core   0: 3 0x000000008000fe52 (0xfb843783) x15 0x0000000000000000 mem 0x0000000080031f28
core   0: 0x000000008000fe56 (0x000097ba) c.add   a5, a4
core   0: 3 0x000000008000fe56 (0x97ba) x15 0x0000000080012040
core   0: 0x000000008000fe58 (0xfe043703) ld      a4, -32(s0)
core   0: 3 0x000000008000fe58 (0xfe043703) x14 0x0000000080012040 mem 0x0000000080031f50
core   0: 0x000000008000fe5c (0xfcf76be3) bltu    a4, a5, pc - 42
core   0: 3 0x000000008000fe5c (0xfcf76be3)
core   0: 0x000000008000fe60 (0x0000a099) c.j     pc + 70
core   0: 3 0x000000008000fe60 (0xa099)
core   0: 0x000000008000fea6 (0xfc843783) ld      a5, -56(s0)
core   0: 3 0x000000008000fea6 (0xfc843783) x15 0x0000000080012040 mem 0x0000000080031f38
core   0: 0x000000008000feaa (0x0000853e) c.mv    a0, a5
core   0: 3 0x000000008000feaa (0x853e) x10 0x0000000080012040
core   0: 0x000000008000feac (0x00006426) c.ldsp  s0, 72(sp)
core   0: 3 0x000000008000feac (0x6426) x8  0x0000000080031f90 mem 0x0000000080031f68
core   0: 0x000000008000feae (0x00006161) c.addi16sp sp, 80
core   0: 3 0x000000008000feae (0x6161) x2  0x0000000080031f70
core   0: 0x000000008000feb0 (0x00008082) ret
core   0: 3 0x000000008000feb0 (0x8082)
core   0: 0x000000008000f506 (0x00003717) auipc   a4, 0x3
core   0: 3 0x000000008000f506 (0x00003717) x14 0x0000000080012506
core   0: 0x000000008000f50a (0xbbe70713) addi    a4, a4, -1090
core   0: 3 0x000000008000f50a (0xbbe70713) x14 0x00000000800120c4
core   0: 0x000000008000f50e (0x00003797) auipc   a5, 0x3
core   0: 3 0x000000008000f50e (0x00003797) x15 0x000000008001250e
core   0: 0x000000008000f512 (0xb1a78793) addi    a5, a5, -1254
core   0: 3 0x000000008000f512 (0xb1a78793) x15 0x0000000080012028
core   0: 0x000000008000f516 (0x40f707b3) sub     a5, a4, a5
core   0: 3 0x000000008000f516 (0x40f707b3) x15 0x000000000000009c
core   0: 0x000000008000f51a (0xfef43023) sd      a5, -32(s0)
core   0: 3 0x000000008000f51a (0xfef43023) mem 0x0000000080031f70 0x000000000000009c
core   0: 0x000000008000f51e (0x00008712) c.mv    a4, tp
core   0: 3 0x000000008000f51e (0x8712) x14 0x0000000080012040
core   0: 0x000000008000f520 (0xfe843783) ld      a5, -24(s0)
core   0: 3 0x000000008000f520 (0xfe843783) x15 0x0000000000000000 mem 0x0000000080031f78
core   0: 0x000000008000f524 (0x000097ba) c.add   a5, a4
core   0: 3 0x000000008000f524 (0x97ba) x15 0x0000000080012040
core   0: 0x000000008000f526 (0xfe043603) ld      a2, -32(s0)
core   0: 3 0x000000008000f526 (0xfe043603) x12 0x000000000000009c mem 0x0000000080031f70
core   0: 0x000000008000f52a (0x00004581) c.li    a1, 0
core   0: 3 0x000000008000f52a (0x4581) x11 0x0000000000000000
core   0: 0x000000008000f52c (0x0000853e) c.mv    a0, a5
core   0: 3 0x000000008000f52c (0x853e) x10 0x0000000080012040
core   0: 0x000000008000f52e (0x185000ef) jal     pc + 0x984
core   0: 3 0x000000008000f52e (0x185000ef) x1  0x000000008000f532
core   0: >>>>  memset
core   0: 0x000000008000feb2 (0x0000715d) c.addi16sp sp, -80
core   0: 3 0x000000008000feb2 (0x715d) x2  0x0000000080031f20
core   0: 0x000000008000feb4 (0x0000e4a2) c.sdsp  s0, 72(sp)
core   0: 3 0x000000008000feb4 (0xe4a2) mem 0x0000000080031f68 0x0000000080031f90
core   0: 0x000000008000feb6 (0x00000880) c.addi4spn s0, sp, 80
core   0: 3 0x000000008000feb6 (0x0880) x8  0x0000000080031f70
core   0: 0x000000008000feb8 (0xfca43423) sd      a0, -56(s0)
core   0: 3 0x000000008000feb8 (0xfca43423) mem 0x0000000080031f38 0x0000000080012040
core   0: 0x000000008000febc (0x000087ae) c.mv    a5, a1
core   0: 3 0x000000008000febc (0x87ae) x15 0x0000000000000000
core   0: 0x000000008000febe (0xfac43c23) sd      a2, -72(s0)
core   0: 3 0x000000008000febe (0xfac43c23) mem 0x0000000080031f28 0x000000000000009c
core   0: 0x000000008000fec2 (0xfcf42223) sw      a5, -60(s0)
core   0: 3 0x000000008000fec2 (0xfcf42223) mem 0x0000000080031f34 0x00000000
core   0: 0x000000008000fec6 (0xfc843703) ld      a4, -56(s0)
core   0: 3 0x000000008000fec6 (0xfc843703) x14 0x0000000080012040 mem 0x0000000080031f38
core   0: 0x000000008000feca (0xfb843783) ld      a5, -72(s0)
core   0: 3 0x000000008000feca (0xfb843783) x15 0x000000000000009c mem 0x0000000080031f28
core   0: 0x000000008000fece (0x00008fd9) c.or    a5, a4
core   0: 3 0x000000008000fece (0x8fd9) x15 0x00000000800120dc
core   0: 0x000000008000fed0 (0x00008b9d) c.andi  a5, 7
core   0: 3 0x000000008000fed0 (0x8b9d) x15 0x0000000000000004
core   0: 0x000000008000fed2 (0x0000e7bd) c.bnez  a5, pc + 110
core   0: 3 0x000000008000fed2 (0xe7bd)
core   0: 0x000000008000ff40 (0xfc843783) ld      a5, -56(s0)
core   0: 3 0x000000008000ff40 (0xfc843783) x15 0x0000000080012040 mem 0x0000000080031f38
core   0: 0x000000008000ff44 (0xfef43023) sd      a5, -32(s0)
core   0: 3 0x000000008000ff44 (0xfef43023) mem 0x0000000080031f50 0x0000000080012040
core   0: 0x000000008000ff48 (0x0000a829) c.j     pc + 26
core   0: 3 0x000000008000ff48 (0xa829)
core   0: 0x000000008000ff62 (0xfc843703) ld      a4, -56(s0)
core   0: 3 0x000000008000ff62 (0xfc843703) x14 0x0000000080012040 mem 0x0000000080031f38
core   0: 0x000000008000ff66 (0xfb843783) ld      a5, -72(s0)
core   0: 3 0x000000008000ff66 (0xfb843783) x15 0x000000000000009c mem 0x0000000080031f28
core   0: 0x000000008000ff6a (0x000097ba) c.add   a5, a4
core   0: 3 0x000000008000ff6a (0x97ba) x15 0x00000000800120dc
core   0: 0x000000008000ff6c (0xfe043703) ld      a4, -32(s0)
core   0: 3 0x000000008000ff6c (0xfe043703) x14 0x0000000080012040 mem 0x0000000080031f50
core   0: 0x000000008000ff70 (0xfcf76de3) bltu    a4, a5, pc - 38
core   0: 3 0x000000008000ff70 (0xfcf76de3)
core   0: 0x000000008000ff4a (0xfe043783) ld      a5, -32(s0)
core   0: 3 0x000000008000ff4a (0xfe043783) x15 0x0000000080012040 mem 0x0000000080031f50
core   0: 0x000000008000ff4e (0x00178713) addi    a4, a5, 1
core   0: 3 0x000000008000ff4e (0x00178713) x14 0x0000000080012041
core   0: 0x000000008000ff52 (0xfee43023) sd      a4, -32(s0)
core   0: 3 0x000000008000ff52 (0xfee43023) mem 0x0000000080031f50 0x0000000080012041
core   0: 0x000000008000ff56 (0xfc442703) lw      a4, -60(s0)
core   0: 3 0x000000008000ff56 (0xfc442703) x14 0x0000000000000000 mem 0x0000000080031f34
core   0: 0x000000008000ff5a (0x0ff77713) andi    a4, a4, 255
core   0: 3 0x000000008000ff5a (0x0ff77713) x14 0x0000000000000000
core   0: 0x000000008000ff5e (0x00e78023) sb      a4, 0(a5)
core   0: 3 0x000000008000ff5e (0x00e78023) mem 0x0000000080012040 0x00
core   0: 0x000000008000ff62 (0xfc843703) ld      a4, -56(s0)
core   0: 3 0x000000008000ff62 (0xfc843703) x14 0x0000000080012040 mem 0x0000000080031f38
core   0: 0x000000008000ff66 (0xfb843783) ld      a5, -72(s0)
core   0: 3 0x000000008000ff66 (0xfb843783) x15 0x000000000000009c mem 0x0000000080031f28
core   0: 0x000000008000ff6a (0x000097ba) c.add   a5, a4
core   0: 3 0x000000008000ff6a (0x97ba) x15 0x00000000800120dc
core   0: 0x000000008000ff6c (0xfe043703) ld      a4, -32(s0)
core   0: 3 0x000000008000ff6c (0xfe043703) x14 0x0000000080012041 mem 0x0000000080031f50
core   0: 0x000000008000ff70 (0xfcf76de3) bltu    a4, a5, pc - 38
core   0: 3 0x000000008000ff70 (0xfcf76de3)
core   0: 0x000000008000ff4a (0xfe043783) ld      a5, -32(s0)
core   0: 3 0x000000008000ff4a (0xfe043783) x15 0x0000000080012041 mem 0x0000000080031f50
core   0: 0x000000008000ff4e (0x00178713) addi    a4, a5, 1
core   0: 3 0x000000008000ff4e (0x00178713) x14 0x0000000080012042
core   0: 0x000000008000ff52 (0xfee43023) sd      a4, -32(s0)
core   0: 3 0x000000008000ff52 (0xfee43023) mem 0x0000000080031f50 0x0000000080012042
core   0: 0x000000008000ff56 (0xfc442703) lw      a4, -60(s0)
core   0: 3 0x000000008000ff56 (0xfc442703) x14 0x0000000000000000 mem 0x0000000080031f34
core   0: 0x000000008000ff5a (0x0ff77713) andi    a4, a4, 255
core   0: 3 0x000000008000ff5a (0x0ff77713) x14 0x0000000000000000
core   0: 0x000000008000ff5e (0x00e78023) sb      a4, 0(a5)
core   0: 3 0x000000008000ff5e (0x00e78023) mem 0x0000000080012041 0x00
core   0: 0x000000008000ff62 (0xfc843703) ld      a4, -56(s0)
core   0: 3 0x000000008000ff62 (0xfc843703) x14 0x0000000080012040 mem 0x0000000080031f38
core   0: 0x000000008000ff66 (0xfb843783) ld      a5, -72(s0)
core   0: 3 0x000000008000ff66 (0xfb843783) x15 0x000000000000009c mem 0x0000000080031f28
core   0: 0x000000008000ff6a (0x000097ba) c.add   a5, a4
core   0: 3 0x000000008000ff6a (0x97ba) x15 0x00000000800120dc
core   0: 0x000000008000ff6c (0xfe043703) ld      a4, -32(s0)
core   0: 3 0x000000008000ff6c (0xfe043703) x14 0x0000000080012042 mem 0x0000000080031f50
core   0: 0x000000008000ff70 (0xfcf76de3) bltu    a4, a5, pc - 38
core   0: 3 0x000000008000ff70 (0xfcf76de3)
core   0: 0x000000008000ff4a (0xfe043783) ld      a5, -32(s0)
core   0: 3 0x000000008000ff4a (0xfe043783) x15 0x0000000080012042 mem 0x0000000080031f50
core   0: 0x000000008000ff4e (0x00178713) addi    a4, a5, 1
core   0: 3 0x000000008000ff4e (0x00178713) x14 0x0000000080012043
core   0: 0x000000008000ff52 (0xfee43023) sd      a4, -32(s0)
core   0: 3 0x000000008000ff52 (0xfee43023) mem 0x0000000080031f50 0x0000000080012043
core   0: 0x000000008000ff56 (0xfc442703) lw      a4, -60(s0)
core   0: 3 0x000000008000ff56 (0xfc442703) x14 0x0000000000000000 mem 0x0000000080031f34
core   0: 0x000000008000ff5a (0x0ff77713) andi    a4, a4, 255
core   0: 3 0x000000008000ff5a (0x0ff77713) x14 0x0000000000000000
core   0: 0x000000008000ff5e (0x00e78023) sb      a4, 0(a5)
core   0: 3 0x000000008000ff5e (0x00e78023) mem 0x0000000080012042 0x00
core   0: 0x000000008000ff62 (0xfc843703) ld      a4, -56(s0)
core   0: 3 0x000000008000ff62 (0xfc843703) x14 0x0000000080012040 mem 0x0000000080031f38
core   0: 0x000000008000ff66 (0xfb843783) ld      a5, -72(s0)
core   0: 3 0x000000008000ff66 (0xfb843783) x15 0x000000000000009c mem 0x0000000080031f28
core   0: 0x000000008000ff6a (0x000097ba) c.add   a5, a4
core   0: 3 0x000000008000ff6a (0x97ba) x15 0x00000000800120dc
core   0: 0x000000008000ff6c (0xfe043703) ld      a4, -32(s0)
core   0: 3 0x000000008000ff6c (0xfe043703) x14 0x0000000080012043 mem 0x0000000080031f50
core   0: 0x000000008000ff70 (0xfcf76de3) bltu    a4, a5, pc - 38
core   0: 3 0x000000008000ff70 (0xfcf76de3)
core   0: 0x000000008000ff4a (0xfe043783) ld      a5, -32(s0)
core   0: 3 0x000000008000ff4a (0xfe043783) x15 0x0000000080012043 mem 0x0000000080031f50
core   0: 0x000000008000ff4e (0x00178713) addi    a4, a5, 1
core   0: 3 0x000000008000ff4e (0x00178713) x14 0x0000000080012044
core   0: 0x000000008000ff52 (0xfee43023) sd      a4, -32(s0)
core   0: 3 0x000000008000ff52 (0xfee43023) mem 0x0000000080031f50 0x0000000080012044
core   0: 0x000000008000ff56 (0xfc442703) lw      a4, -60(s0)
core   0: 3 0x000000008000ff56 (0xfc442703) x14 0x0000000000000000 mem 0x0000000080031f34
core   0: 0x000000008000ff5a (0x0ff77713) andi    a4, a4, 255
core   0: 3 0x000000008000ff5a (0x0ff77713) x14 0x0000000000000000
core   0: 0x000000008000ff5e (0x00e78023) sb      a4, 0(a5)
core   0: 3 0x000000008000ff5e (0x00e78023) mem 0x0000000080012043 0x00
core   0: 0x000000008000ff62 (0xfc843703) ld      a4, -56(s0)
core   0: 3 0x000000008000ff62 (0xfc843703) x14 0x0000000080012040 mem 0x0000000080031f38
core   0: 0x000000008000ff66 (0xfb843783) ld      a5, -72(s0)
core   0: 3 0x000000008000ff66 (0xfb843783) x15 0x000000000000009c mem 0x0000000080031f28
core   0: 0x000000008000ff6a (0x000097ba) c.add   a5, a4
core   0: 3 0x000000008000ff6a (0x97ba) x15 0x00000000800120dc
core   0: 0x000000008000ff6c (0xfe043703) ld      a4, -32(s0)
core   0: 3 0x000000008000ff6c (0xfe043703) x14 0x0000000080012044 mem 0x0000000080031f50
core   0: 0x000000008000ff70 (0xfcf76de3) bltu    a4, a5, pc - 38
core   0: 3 0x000000008000ff70 (0xfcf76de3)
core   0: 0x000000008000ff4a (0xfe043783) ld      a5, -32(s0)
core   0: 3 0x000000008000ff4a (0xfe043783) x15 0x0000000080012044 mem 0x0000000080031f50
core   0: 0x000000008000ff4e (0x00178713) addi    a4, a5, 1
core   0: 3 0x000000008000ff4e (0x00178713) x14 0x0000000080012045
core   0: 0x000000008000ff52 (0xfee43023) sd      a4, -32(s0)
core   0: 3 0x000000008000ff52 (0xfee43023) mem 0x0000000080031f50 0x0000000080012045
core   0: 0x000000008000ff56 (0xfc442703) lw      a4, -60(s0)
core   0: 3 0x000000008000ff56 (0xfc442703) x14 0x0000000000000000 mem 0x0000000080031f34
core   0: 0x000000008000ff5a (0x0ff77713) andi    a4, a4, 255
core   0: 3 0x000000008000ff5a (0x0ff77713) x14 0x0000000000000000
core   0: 0x000000008000ff5e (0x00e78023) sb      a4, 0(a5)
core   0: 3 0x000000008000ff5e (0x00e78023) mem 0x0000000080012044 0x00
core   0: 0x000000008000ff62 (0xfc843703) ld      a4, -56(s0)
core   0: 3 0x000000008000ff62 (0xfc843703) x14 0x0000000080012040 mem 0x0000000080031f38
core   0: 0x000000008000ff66 (0xfb843783) ld      a5, -72(s0)
core   0: 3 0x000000008000ff66 (0xfb843783) x15 0x000000000000009c mem 0x0000000080031f28
core   0: 0x000000008000ff6a (0x000097ba) c.add   a5, a4
core   0: 3 0x000000008000ff6a (0x97ba) x15 0x00000000800120dc
core   0: 0x000000008000ff6c (0xfe043703) ld      a4, -32(s0)
core   0: 3 0x000000008000ff6c (0xfe043703) x14 0x0000000080012045 mem 0x0000000080031f50
core   0: 0x000000008000ff70 (0xfcf76de3) bltu    a4, a5, pc - 38
core   0: 3 0x000000008000ff70 (0xfcf76de3)
core   0: 0x000000008000ff4a (0xfe043783) ld      a5, -32(s0)
core   0: 3 0x000000008000ff4a (0xfe043783) x15 0x0000000080012045 mem 0x0000000080031f50
core   0: 0x000000008000ff4e (0x00178713) addi    a4, a5, 1
core   0: 3 0x000000008000ff4e (0x00178713) x14 0x0000000080012046
core   0: 0x000000008000ff52 (0xfee43023) sd      a4, -32(s0)
core   0: 3 0x000000008000ff52 (0xfee43023) mem 0x0000000080031f50 0x0000000080012046
core   0: 0x000000008000ff56 (0xfc442703) lw      a4, -60(s0)
core   0: 3 0x000000008000ff56 (0xfc442703) x14 0x0000000000000000 mem 0x0000000080031f34
core   0: 0x000000008000ff5a (0x0ff77713) andi    a4, a4, 255
core   0: 3 0x000000008000ff5a (0x0ff77713) x14 0x0000000000000000
core   0: 0x000000008000ff5e (0x00e78023) sb      a4, 0(a5)
core   0: 3 0x000000008000ff5e (0x00e78023) mem 0x0000000080012045 0x00
core   0: 0x000000008000ff62 (0xfc843703) ld      a4, -56(s0)
core   0: 3 0x000000008000ff62 (0xfc843703) x14 0x0000000080012040 mem 0x0000000080031f38
core   0: 0x000000008000ff66 (0xfb843783) ld      a5, -72(s0)
core   0: 3 0x000000008000ff66 (0xfb843783) x15 0x000000000000009c mem 0x0000000080031f28
core   0: 0x000000008000ff6a (0x000097ba) c.add   a5, a4
core   0: 3 0x000000008000ff6a (0x97ba) x15 0x00000000800120dc
core   0: 0x000000008000ff6c (0xfe043703) ld      a4, -32(s0)
core   0: 3 0x000000008000ff6c (0xfe043703) x14 0x0000000080012046 mem 0x0000000080031f50
core   0: 0x000000008000ff70 (0xfcf76de3) bltu    a4, a5, pc - 38
core   0: 3 0x000000008000ff70 (0xfcf76de3)
core   0: 0x000000008000ff4a (0xfe043783) ld      a5, -32(s0)
core   0: 3 0x000000008000ff4a (0xfe043783) x15 0x0000000080012046 mem 0x0000000080031f50
core   0: 0x000000008000ff4e (0x00178713) addi    a4, a5, 1
core   0: 3 0x000000008000ff4e (0x00178713) x14 0x0000000080012047
core   0: 0x000000008000ff52 (0xfee43023) sd      a4, -32(s0)
core   0: 3 0x000000008000ff52 (0xfee43023) mem 0x0000000080031f50 0x0000000080012047
core   0: 0x000000008000ff56 (0xfc442703) lw      a4, -60(s0)
core   0: 3 0x000000008000ff56 (0xfc442703) x14 0x0000000000000000 mem 0x0000000080031f34
core   0: 0x000000008000ff5a (0x0ff77713) andi    a4, a4, 255
core   0: 3 0x000000008000ff5a (0x0ff77713) x14 0x0000000000000000
core   0: 0x000000008000ff5e (0x00e78023) sb      a4, 0(a5)
core   0: 3 0x000000008000ff5e (0x00e78023) mem 0x0000000080012046 0x00
core   0: 0x000000008000ff62 (0xfc843703) ld      a4, -56(s0)
core   0: 3 0x000000008000ff62 (0xfc843703) x14 0x0000000080012040 mem 0x0000000080031f38
core   0: 0x000000008000ff66 (0xfb843783) ld      a5, -72(s0)
core   0: 3 0x000000008000ff66 (0xfb843783) x15 0x000000000000009c mem 0x0000000080031f28
core   0: 0x000000008000ff6a (0x000097ba) c.add   a5, a4
core   0: 3 0x000000008000ff6a (0x97ba) x15 0x00000000800120dc
core   0: 0x000000008000ff6c (0xfe043703) ld      a4, -32(s0)
core   0: 3 0x000000008000ff6c (0xfe043703) x14 0x0000000080012047 mem 0x0000000080031f50
core   0: 0x000000008000ff70 (0xfcf76de3) bltu    a4, a5, pc - 38
core   0: 3 0x000000008000ff70 (0xfcf76de3)
core   0: 0x000000008000ff4a (0xfe043783) ld      a5, -32(s0)
core   0: 3 0x000000008000ff4a (0xfe043783) x15 0x0000000080012047 mem 0x0000000080031f50
core   0: 0x000000008000ff4e (0x00178713) addi    a4, a5, 1
core   0: 3 0x000000008000ff4e (0x00178713) x14 0x0000000080012048
core   0: 0x000000008000ff52 (0xfee43023) sd      a4, -32(s0)
core   0: 3 0x000000008000ff52 (0xfee43023) mem 0x0000000080031f50 0x0000000080012048
core   0: 0x000000008000ff56 (0xfc442703) lw      a4, -60(s0)
core   0: 3 0x000000008000ff56 (0xfc442703) x14 0x0000000000000000 mem 0x0000000080031f34
core   0: 0x000000008000ff5a (0x0ff77713) andi    a4, a4, 255
core   0: 3 0x000000008000ff5a (0x0ff77713) x14 0x0000000000000000
core   0: 0x000000008000ff5e (0x00e78023) sb      a4, 0(a5)
core   0: 3 0x000000008000ff5e (0x00e78023) mem 0x0000000080012047 0x00
core   0: 0x000000008000ff62 (0xfc843703) ld      a4, -56(s0)
core   0: 3 0x000000008000ff62 (0xfc843703) x14 0x0000000080012040 mem 0x0000000080031f38
core   0: 0x000000008000ff66 (0xfb843783) ld      a5, -72(s0)
core   0: 3 0x000000008000ff66 (0xfb843783) x15 0x000000000000009c mem 0x0000000080031f28
core   0: 0x000000008000ff6a (0x000097ba) c.add   a5, a4
core   0: 3 0x000000008000ff6a (0x97ba) x15 0x00000000800120dc
core   0: 0x000000008000ff6c (0xfe043703) ld      a4, -32(s0)
core   0: 3 0x000000008000ff6c (0xfe043703) x14 0x0000000080012048 mem 0x0000000080031f50
core   0: 0x000000008000ff70 (0xfcf76de3) bltu    a4, a5, pc - 38
core   0: 3 0x000000008000ff70 (0xfcf76de3)
core   0: 0x000000008000ff4a (0xfe043783) ld      a5, -32(s0)
core   0: 3 0x000000008000ff4a (0xfe043783) x15 0x0000000080012048 mem 0x0000000080031f50
core   0: 0x000000008000ff4e (0x00178713) addi    a4, a5, 1
core   0: 3 0x000000008000ff4e (0x00178713) x14 0x0000000080012049
core   0: 0x000000008000ff52 (0xfee43023) sd      a4, -32(s0)
core   0: 3 0x000000008000ff52 (0xfee43023) mem 0x0000000080031f50 0x0000000080012049
core   0: 0x000000008000ff56 (0xfc442703) lw      a4, -60(s0)
core   0: 3 0x000000008000ff56 (0xfc442703) x14 0x0000000000000000 mem 0x0000000080031f34
core   0: 0x000000008000ff5a (0x0ff77713) andi    a4, a4, 255
core   0: 3 0x000000008000ff5a (0x0ff77713) x14 0x0000000000000000
core   0: 0x000000008000ff5e (0x00e78023) sb      a4, 0(a5)
core   0: 3 0x000000008000ff5e (0x00e78023) mem 0x0000000080012048 0x00
core   0: 0x000000008000ff62 (0xfc843703) ld      a4, -56(s0)
core   0: 3 0x000000008000ff62 (0xfc843703) x14 0x0000000080012040 mem 0x0000000080031f38
core   0: 0x000000008000ff66 (0xfb843783) ld      a5, -72(s0)
core   0: 3 0x000000008000ff66 (0xfb843783) x15 0x000000000000009c mem 0x0000000080031f28
core   0: 0x000000008000ff6a (0x000097ba) c.add   a5, a4
core   0: 3 0x000000008000ff6a (0x97ba) x15 0x00000000800120dc
core   0: 0x000000008000ff6c (0xfe043703) ld      a4, -32(s0)
core   0: 3 0x000000008000ff6c (0xfe043703) x14 0x0000000080012049 mem 0x0000000080031f50
core   0: 0x000000008000ff70 (0xfcf76de3) bltu    a4, a5, pc - 38
core   0: 3 0x000000008000ff70 (0xfcf76de3)
core   0: 0x000000008000ff4a (0xfe043783) ld      a5, -32(s0)
core   0: 3 0x000000008000ff4a (0xfe043783) x15 0x0000000080012049 mem 0x0000000080031f50
core   0: 0x000000008000ff4e (0x00178713) addi    a4, a5, 1
core   0: 3 0x000000008000ff4e (0x00178713) x14 0x000000008001204a
core   0: 0x000000008000ff52 (0xfee43023) sd      a4, -32(s0)
core   0: 3 0x000000008000ff52 (0xfee43023) mem 0x0000000080031f50 0x000000008001204a
core   0: 0x000000008000ff56 (0xfc442703) lw      a4, -60(s0)
core   0: 3 0x000000008000ff56 (0xfc442703) x14 0x0000000000000000 mem 0x0000000080031f34
core   0: 0x000000008000ff5a (0x0ff77713) andi    a4, a4, 255
core   0: 3 0x000000008000ff5a (0x0ff77713) x14 0x0000000000000000
core   0: 0x000000008000ff5e (0x00e78023) sb      a4, 0(a5)
core   0: 3 0x000000008000ff5e (0x00e78023) mem 0x0000000080012049 0x00
core   0: 0x000000008000ff62 (0xfc843703) ld      a4, -56(s0)
core   0: 3 0x000000008000ff62 (0xfc843703) x14 0x0000000080012040 mem 0x0000000080031f38
core   0: 0x000000008000ff66 (0xfb843783) ld      a5, -72(s0)
core   0: 3 0x000000008000ff66 (0xfb843783) x15 0x000000000000009c mem 0x0000000080031f28
core   0: 0x000000008000ff6a (0x000097ba) c.add   a5, a4
core   0: 3 0x000000008000ff6a (0x97ba) x15 0x00000000800120dc
core   0: 0x000000008000ff6c (0xfe043703) ld      a4, -32(s0)
core   0: 3 0x000000008000ff6c (0xfe043703) x14 0x000000008001204a mem 0x0000000080031f50
core   0: 0x000000008000ff70 (0xfcf76de3) bltu    a4, a5, pc - 38
core   0: 3 0x000000008000ff70 (0xfcf76de3)
core   0: 0x000000008000ff4a (0xfe043783) ld      a5, -32(s0)
core   0: 3 0x000000008000ff4a (0xfe043783) x15 0x000000008001204a mem 0x0000000080031f50
core   0: 0x000000008000ff4e (0x00178713) addi    a4, a5, 1
core   0: 3 0x000000008000ff4e (0x00178713) x14 0x000000008001204b
core   0: 0x000000008000ff52 (0xfee43023) sd      a4, -32(s0)
core   0: 3 0x000000008000ff52 (0xfee43023) mem 0x0000000080031f50 0x000000008001204b
core   0: 0x000000008000ff56 (0xfc442703) lw      a4, -60(s0)
core   0: 3 0x000000008000ff56 (0xfc442703) x14 0x0000000000000000 mem 0x0000000080031f34
core   0: 0x000000008000ff5a (0x0ff77713) andi    a4, a4, 255
core   0: 3 0x000000008000ff5a (0x0ff77713) x14 0x0000000000000000
core   0: 0x000000008000ff5e (0x00e78023) sb      a4, 0(a5)
core   0: 3 0x000000008000ff5e (0x00e78023) mem 0x000000008001204a 0x00
core   0: 0x000000008000ff62 (0xfc843703) ld      a4, -56(s0)
core   0: 3 0x000000008000ff62 (0xfc843703) x14 0x0000000080012040 mem 0x0000000080031f38
core   0: 0x000000008000ff66 (0xfb843783) ld      a5, -72(s0)
core   0: 3 0x000000008000ff66 (0xfb843783) x15 0x000000000000009c mem 0x0000000080031f28
core   0: 0x000000008000ff6a (0x000097ba) c.add   a5, a4
core   0: 3 0x000000008000ff6a (0x97ba) x15 0x00000000800120dc
core   0: 0x000000008000ff6c (0xfe043703) ld      a4, -32(s0)
core   0: 3 0x000000008000ff6c (0xfe043703) x14 0x000000008001204b mem 0x0000000080031f50
core   0: 0x000000008000ff70 (0xfcf76de3) bltu    a4, a5, pc - 38
core   0: 3 0x000000008000ff70 (0xfcf76de3)
core   0: 0x000000008000ff4a (0xfe043783) ld      a5, -32(s0)
core   0: 3 0x000000008000ff4a (0xfe043783) x15 0x000000008001204b mem 0x0000000080031f50
core   0: 0x000000008000ff4e (0x00178713) addi    a4, a5, 1
core   0: 3 0x000000008000ff4e (0x00178713) x14 0x000000008001204c
core   0: 0x000000008000ff52 (0xfee43023) sd      a4, -32(s0)
core   0: 3 0x000000008000ff52 (0xfee43023) mem 0x0000000080031f50 0x000000008001204c
core   0: 0x000000008000ff56 (0xfc442703) lw      a4, -60(s0)
core   0: 3 0x000000008000ff56 (0xfc442703) x14 0x0000000000000000 mem 0x0000000080031f34
core   0: 0x000000008000ff5a (0x0ff77713) andi    a4, a4, 255
core   0: 3 0x000000008000ff5a (0x0ff77713) x14 0x0000000000000000
core   0: 0x000000008000ff5e (0x00e78023) sb      a4, 0(a5)
core   0: 3 0x000000008000ff5e (0x00e78023) mem 0x000000008001204b 0x00
core   0: 0x000000008000ff62 (0xfc843703) ld      a4, -56(s0)
core   0: 3 0x000000008000ff62 (0xfc843703) x14 0x0000000080012040 mem 0x0000000080031f38
core   0: 0x000000008000ff66 (0xfb843783) ld      a5, -72(s0)
core   0: 3 0x000000008000ff66 (0xfb843783) x15 0x000000000000009c mem 0x0000000080031f28
core   0: 0x000000008000ff6a (0x000097ba) c.add   a5, a4
core   0: 3 0x000000008000ff6a (0x97ba) x15 0x00000000800120dc
core   0: 0x000000008000ff6c (0xfe043703) ld      a4, -32(s0)
core   0: 3 0x000000008000ff6c (0xfe043703) x14 0x000000008001204c mem 0x0000000080031f50
core   0: 0x000000008000ff70 (0xfcf76de3) bltu    a4, a5, pc - 38
core   0: 3 0x000000008000ff70 (0xfcf76de3)
core   0: 0x000000008000ff4a (0xfe043783) ld      a5, -32(s0)
core   0: 3 0x000000008000ff4a (0xfe043783) x15 0x000000008001204c mem 0x0000000080031f50
core   0: 0x000000008000ff4e (0x00178713) addi    a4, a5, 1
core   0: 3 0x000000008000ff4e (0x00178713) x14 0x000000008001204d
core   0: 0x000000008000ff52 (0xfee43023) sd      a4, -32(s0)
core   0: 3 0x000000008000ff52 (0xfee43023) mem 0x0000000080031f50 0x000000008001204d
core   0: 0x000000008000ff56 (0xfc442703) lw      a4, -60(s0)
core   0: 3 0x000000008000ff56 (0xfc442703) x14 0x0000000000000000 mem 0x0000000080031f34
core   0: 0x000000008000ff5a (0x0ff77713) andi    a4, a4, 255
core   0: 3 0x000000008000ff5a (0x0ff77713) x14 0x0000000000000000
core   0: 0x000000008000ff5e (0x00e78023) sb      a4, 0(a5)
core   0: 3 0x000000008000ff5e (0x00e78023) mem 0x000000008001204c 0x00
core   0: 0x000000008000ff62 (0xfc843703) ld      a4, -56(s0)
core   0: 3 0x000000008000ff62 (0xfc843703) x14 0x0000000080012040 mem 0x0000000080031f38
core   0: 0x000000008000ff66 (0xfb843783) ld      a5, -72(s0)
core   0: 3 0x000000008000ff66 (0xfb843783) x15 0x000000000000009c mem 0x0000000080031f28
core   0: 0x000000008000ff6a (0x000097ba) c.add   a5, a4
core   0: 3 0x000000008000ff6a (0x97ba) x15 0x00000000800120dc
core   0: 0x000000008000ff6c (0xfe043703) ld      a4, -32(s0)
core   0: 3 0x000000008000ff6c (0xfe043703) x14 0x000000008001204d mem 0x0000000080031f50
core   0: 0x000000008000ff70 (0xfcf76de3) bltu    a4, a5, pc - 38
core   0: 3 0x000000008000ff70 (0xfcf76de3)
core   0: 0x000000008000ff4a (0xfe043783) ld      a5, -32(s0)
core   0: 3 0x000000008000ff4a (0xfe043783) x15 0x000000008001204d mem 0x0000000080031f50
core   0: 0x000000008000ff4e (0x00178713) addi    a4, a5, 1
core   0: 3 0x000000008000ff4e (0x00178713) x14 0x000000008001204e
core   0: 0x000000008000ff52 (0xfee43023) sd      a4, -32(s0)
core   0: 3 0x000000008000ff52 (0xfee43023) mem 0x0000000080031f50 0x000000008001204e
core   0: 0x000000008000ff56 (0xfc442703) lw      a4, -60(s0)
core   0: 3 0x000000008000ff56 (0xfc442703) x14 0x0000000000000000 mem 0x0000000080031f34
core   0: 0x000000008000ff5a (0x0ff77713) andi    a4, a4, 255
core   0: 3 0x000000008000ff5a (0x0ff77713) x14 0x0000000000000000
core   0: 0x000000008000ff5e (0x00e78023) sb      a4, 0(a5)
core   0: 3 0x000000008000ff5e (0x00e78023) mem 0x000000008001204d 0x00
core   0: 0x000000008000ff62 (0xfc843703) ld      a4, -56(s0)
core   0: 3 0x000000008000ff62 (0xfc843703) x14 0x0000000080012040 mem 0x0000000080031f38
core   0: 0x000000008000ff66 (0xfb843783) ld      a5, -72(s0)
core   0: 3 0x000000008000ff66 (0xfb843783) x15 0x000000000000009c mem 0x0000000080031f28
core   0: 0x000000008000ff6a (0x000097ba) c.add   a5, a4
core   0: 3 0x000000008000ff6a (0x97ba) x15 0x00000000800120dc
core   0: 0x000000008000ff6c (0xfe043703) ld      a4, -32(s0)
core   0: 3 0x000000008000ff6c (0xfe043703) x14 0x000000008001204e mem 0x0000000080031f50
core   0: 0x000000008000ff70 (0xfcf76de3) bltu    a4, a5, pc - 38
core   0: 3 0x000000008000ff70 (0xfcf76de3)
core   0: 0x000000008000ff4a (0xfe043783) ld      a5, -32(s0)
core   0: 3 0x000000008000ff4a (0xfe043783) x15 0x000000008001204e mem 0x0000000080031f50
core   0: 0x000000008000ff4e (0x00178713) addi    a4, a5, 1
core   0: 3 0x000000008000ff4e (0x00178713) x14 0x000000008001204f
core   0: 0x000000008000ff52 (0xfee43023) sd      a4, -32(s0)
core   0: 3 0x000000008000ff52 (0xfee43023) mem 0x0000000080031f50 0x000000008001204f
core   0: 0x000000008000ff56 (0xfc442703) lw      a4, -60(s0)
core   0: 3 0x000000008000ff56 (0xfc442703) x14 0x0000000000000000 mem 0x0000000080031f34
core   0: 0x000000008000ff5a (0x0ff77713) andi    a4, a4, 255
core   0: 3 0x000000008000ff5a (0x0ff77713) x14 0x0000000000000000
core   0: 0x000000008000ff5e (0x00e78023) sb      a4, 0(a5)
core   0: 3 0x000000008000ff5e (0x00e78023) mem 0x000000008001204e 0x00
core   0: 0x000000008000ff62 (0xfc843703) ld      a4, -56(s0)
core   0: 3 0x000000008000ff62 (0xfc843703) x14 0x0000000080012040 mem 0x0000000080031f38
core   0: 0x000000008000ff66 (0xfb843783) ld      a5, -72(s0)
core   0: 3 0x000000008000ff66 (0xfb843783) x15 0x000000000000009c mem 0x0000000080031f28
core   0: 0x000000008000ff6a (0x000097ba) c.add   a5, a4
core   0: 3 0x000000008000ff6a (0x97ba) x15 0x00000000800120dc
core   0: 0x000000008000ff6c (0xfe043703) ld      a4, -32(s0)
core   0: 3 0x000000008000ff6c (0xfe043703) x14 0x000000008001204f mem 0x0000000080031f50
core   0: 0x000000008000ff70 (0xfcf76de3) bltu    a4, a5, pc - 38
core   0: 3 0x000000008000ff70 (0xfcf76de3)
core   0: 0x000000008000ff4a (0xfe043783) ld      a5, -32(s0)
core   0: 3 0x000000008000ff4a (0xfe043783) x15 0x000000008001204f mem 0x0000000080031f50
core   0: 0x000000008000ff4e (0x00178713) addi    a4, a5, 1
core   0: 3 0x000000008000ff4e (0x00178713) x14 0x0000000080012050
core   0: 0x000000008000ff52 (0xfee43023) sd      a4, -32(s0)
core   0: 3 0x000000008000ff52 (0xfee43023) mem 0x0000000080031f50 0x0000000080012050
core   0: 0x000000008000ff56 (0xfc442703) lw      a4, -60(s0)
core   0: 3 0x000000008000ff56 (0xfc442703) x14 0x0000000000000000 mem 0x0000000080031f34
core   0: 0x000000008000ff5a (0x0ff77713) andi    a4, a4, 255
core   0: 3 0x000000008000ff5a (0x0ff77713) x14 0x0000000000000000
core   0: 0x000000008000ff5e (0x00e78023) sb      a4, 0(a5)
core   0: 3 0x000000008000ff5e (0x00e78023) mem 0x000000008001204f 0x00
core   0: 0x000000008000ff62 (0xfc843703) ld      a4, -56(s0)
core   0: 3 0x000000008000ff62 (0xfc843703) x14 0x0000000080012040 mem 0x0000000080031f38
core   0: 0x000000008000ff66 (0xfb843783) ld      a5, -72(s0)
core   0: 3 0x000000008000ff66 (0xfb843783) x15 0x000000000000009c mem 0x0000000080031f28
core   0: 0x000000008000ff6a (0x000097ba) c.add   a5, a4
core   0: 3 0x000000008000ff6a (0x97ba) x15 0x00000000800120dc
core   0: 0x000000008000ff6c (0xfe043703) ld      a4, -32(s0)
core   0: 3 0x000000008000ff6c (0xfe043703) x14 0x0000000080012050 mem 0x0000000080031f50
core   0: 0x000000008000ff70 (0xfcf76de3) bltu    a4, a5, pc - 38
core   0: 3 0x000000008000ff70 (0xfcf76de3)
core   0: 0x000000008000ff4a (0xfe043783) ld      a5, -32(s0)
core   0: 3 0x000000008000ff4a (0xfe043783) x15 0x0000000080012050 mem 0x0000000080031f50
core   0: 0x000000008000ff4e (0x00178713) addi    a4, a5, 1
core   0: 3 0x000000008000ff4e (0x00178713) x14 0x0000000080012051
core   0: 0x000000008000ff52 (0xfee43023) sd      a4, -32(s0)
core   0: 3 0x000000008000ff52 (0xfee43023) mem 0x0000000080031f50 0x0000000080012051
core   0: 0x000000008000ff56 (0xfc442703) lw      a4, -60(s0)
core   0: 3 0x000000008000ff56 (0xfc442703) x14 0x0000000000000000 mem 0x0000000080031f34
core   0: 0x000000008000ff5a (0x0ff77713) andi    a4, a4, 255
core   0: 3 0x000000008000ff5a (0x0ff77713) x14 0x0000000000000000
core   0: 0x000000008000ff5e (0x00e78023) sb      a4, 0(a5)
core   0: 3 0x000000008000ff5e (0x00e78023) mem 0x0000000080012050 0x00
core   0: 0x000000008000ff62 (0xfc843703) ld      a4, -56(s0)
core   0: 3 0x000000008000ff62 (0xfc843703) x14 0x0000000080012040 mem 0x0000000080031f38
core   0: 0x000000008000ff66 (0xfb843783) ld      a5, -72(s0)
core   0: 3 0x000000008000ff66 (0xfb843783) x15 0x000000000000009c mem 0x0000000080031f28
core   0: 0x000000008000ff6a (0x000097ba) c.add   a5, a4
core   0: 3 0x000000008000ff6a (0x97ba) x15 0x00000000800120dc
core   0: 0x000000008000ff6c (0xfe043703) ld      a4, -32(s0)
core   0: 3 0x000000008000ff6c (0xfe043703) x14 0x0000000080012051 mem 0x0000000080031f50
core   0: 0x000000008000ff70 (0xfcf76de3) bltu    a4, a5, pc - 38
core   0: 3 0x000000008000ff70 (0xfcf76de3)
core   0: 0x000000008000ff4a (0xfe043783) ld      a5, -32(s0)
core   0: 3 0x000000008000ff4a (0xfe043783) x15 0x0000000080012051 mem 0x0000000080031f50
core   0: 0x000000008000ff4e (0x00178713) addi    a4, a5, 1
core   0: 3 0x000000008000ff4e (0x00178713) x14 0x0000000080012052
core   0: 0x000000008000ff52 (0xfee43023) sd      a4, -32(s0)
core   0: 3 0x000000008000ff52 (0xfee43023) mem 0x0000000080031f50 0x0000000080012052
core   0: 0x000000008000ff56 (0xfc442703) lw      a4, -60(s0)
core   0: 3 0x000000008000ff56 (0xfc442703) x14 0x0000000000000000 mem 0x0000000080031f34
core   0: 0x000000008000ff5a (0x0ff77713) andi    a4, a4, 255
core   0: 3 0x000000008000ff5a (0x0ff77713) x14 0x0000000000000000
core   0: 0x000000008000ff5e (0x00e78023) sb      a4, 0(a5)
core   0: 3 0x000000008000ff5e (0x00e78023) mem 0x0000000080012051 0x00
core   0: 0x000000008000ff62 (0xfc843703) ld      a4, -56(s0)
core   0: 3 0x000000008000ff62 (0xfc843703) x14 0x0000000080012040 mem 0x0000000080031f38
core   0: 0x000000008000ff66 (0xfb843783) ld      a5, -72(s0)
core   0: 3 0x000000008000ff66 (0xfb843783) x15 0x000000000000009c mem 0x0000000080031f28
core   0: 0x000000008000ff6a (0x000097ba) c.add   a5, a4
core   0: 3 0x000000008000ff6a (0x97ba) x15 0x00000000800120dc
core   0: 0x000000008000ff6c (0xfe043703) ld      a4, -32(s0)
core   0: 3 0x000000008000ff6c (0xfe043703) x14 0x0000000080012052 mem 0x0000000080031f50
core   0: 0x000000008000ff70 (0xfcf76de3) bltu    a4, a5, pc - 38
core   0: 3 0x000000008000ff70 (0xfcf76de3)
core   0: 0x000000008000ff4a (0xfe043783) ld      a5, -32(s0)
core   0: 3 0x000000008000ff4a (0xfe043783) x15 0x0000000080012052 mem 0x0000000080031f50
core   0: 0x000000008000ff4e (0x00178713) addi    a4, a5, 1
core   0: 3 0x000000008000ff4e (0x00178713) x14 0x0000000080012053
core   0: 0x000000008000ff52 (0xfee43023) sd      a4, -32(s0)
core   0: 3 0x000000008000ff52 (0xfee43023) mem 0x0000000080031f50 0x0000000080012053
core   0: 0x000000008000ff56 (0xfc442703) lw      a4, -60(s0)
core   0: 3 0x000000008000ff56 (0xfc442703) x14 0x0000000000000000 mem 0x0000000080031f34
core   0: 0x000000008000ff5a (0x0ff77713) andi    a4, a4, 255
core   0: 3 0x000000008000ff5a (0x0ff77713) x14 0x0000000000000000
core   0: 0x000000008000ff5e (0x00e78023) sb      a4, 0(a5)
core   0: 3 0x000000008000ff5e (0x00e78023) mem 0x0000000080012052 0x00
core   0: 0x000000008000ff62 (0xfc843703) ld      a4, -56(s0)
core   0: 3 0x000000008000ff62 (0xfc843703) x14 0x0000000080012040 mem 0x0000000080031f38
core   0: 0x000000008000ff66 (0xfb843783) ld      a5, -72(s0)
core   0: 3 0x000000008000ff66 (0xfb843783) x15 0x000000000000009c mem 0x0000000080031f28
core   0: 0x000000008000ff6a (0x000097ba) c.add   a5, a4
core   0: 3 0x000000008000ff6a (0x97ba) x15 0x00000000800120dc
core   0: 0x000000008000ff6c (0xfe043703) ld      a4, -32(s0)
core   0: 3 0x000000008000ff6c (0xfe043703) x14 0x0000000080012053 mem 0x0000000080031f50
core   0: 0x000000008000ff70 (0xfcf76de3) bltu    a4, a5, pc - 38
core   0: 3 0x000000008000ff70 (0xfcf76de3)
core   0: 0x000000008000ff4a (0xfe043783) ld      a5, -32(s0)
core   0: 3 0x000000008000ff4a (0xfe043783) x15 0x0000000080012053 mem 0x0000000080031f50
core   0: 0x000000008000ff4e (0x00178713) addi    a4, a5, 1
core   0: 3 0x000000008000ff4e (0x00178713) x14 0x0000000080012054
core   0: 0x000000008000ff52 (0xfee43023) sd      a4, -32(s0)
core   0: 3 0x000000008000ff52 (0xfee43023) mem 0x0000000080031f50 0x0000000080012054
core   0: 0x000000008000ff56 (0xfc442703) lw      a4, -60(s0)
core   0: 3 0x000000008000ff56 (0xfc442703) x14 0x0000000000000000 mem 0x0000000080031f34
core   0: 0x000000008000ff5a (0x0ff77713) andi    a4, a4, 255
core   0: 3 0x000000008000ff5a (0x0ff77713) x14 0x0000000000000000
core   0: 0x000000008000ff5e (0x00e78023) sb      a4, 0(a5)
core   0: 3 0x000000008000ff5e (0x00e78023) mem 0x0000000080012053 0x00
core   0: 0x000000008000ff62 (0xfc843703) ld      a4, -56(s0)
core   0: 3 0x000000008000ff62 (0xfc843703) x14 0x0000000080012040 mem 0x0000000080031f38
core   0: 0x000000008000ff66 (0xfb843783) ld      a5, -72(s0)
core   0: 3 0x000000008000ff66 (0xfb843783) x15 0x000000000000009c mem 0x0000000080031f28
core   0: 0x000000008000ff6a (0x000097ba) c.add   a5, a4
core   0: 3 0x000000008000ff6a (0x97ba) x15 0x00000000800120dc
core   0: 0x000000008000ff6c (0xfe043703) ld      a4, -32(s0)
core   0: 3 0x000000008000ff6c (0xfe043703) x14 0x0000000080012054 mem 0x0000000080031f50
core   0: 0x000000008000ff70 (0xfcf76de3) bltu    a4, a5, pc - 38
core   0: 3 0x000000008000ff70 (0xfcf76de3)
core   0: 0x000000008000ff4a (0xfe043783) ld      a5, -32(s0)
core   0: 3 0x000000008000ff4a (0xfe043783) x15 0x0000000080012054 mem 0x0000000080031f50
core   0: 0x000000008000ff4e (0x00178713) addi    a4, a5, 1
core   0: 3 0x000000008000ff4e (0x00178713) x14 0x0000000080012055
core   0: 0x000000008000ff52 (0xfee43023) sd      a4, -32(s0)
core   0: 3 0x000000008000ff52 (0xfee43023) mem 0x0000000080031f50 0x0000000080012055
core   0: 0x000000008000ff56 (0xfc442703) lw      a4, -60(s0)
core   0: 3 0x000000008000ff56 (0xfc442703) x14 0x0000000000000000 mem 0x0000000080031f34
core   0: 0x000000008000ff5a (0x0ff77713) andi    a4, a4, 255
core   0: 3 0x000000008000ff5a (0x0ff77713) x14 0x0000000000000000
core   0: 0x000000008000ff5e (0x00e78023) sb      a4, 0(a5)
core   0: 3 0x000000008000ff5e (0x00e78023) mem 0x0000000080012054 0x00
core   0: 0x000000008000ff62 (0xfc843703) ld      a4, -56(s0)
core   0: 3 0x000000008000ff62 (0xfc843703) x14 0x0000000080012040 mem 0x0000000080031f38
core   0: 0x000000008000ff66 (0xfb843783) ld      a5, -72(s0)
core   0: 3 0x000000008000ff66 (0xfb843783) x15 0x000000000000009c mem 0x0000000080031f28
core   0: 0x000000008000ff6a (0x000097ba) c.add   a5, a4
core   0: 3 0x000000008000ff6a (0x97ba) x15 0x00000000800120dc
core   0: 0x000000008000ff6c (0xfe043703) ld      a4, -32(s0)
core   0: 3 0x000000008000ff6c (0xfe043703) x14 0x0000000080012055 mem 0x0000000080031f50
core   0: 0x000000008000ff70 (0xfcf76de3) bltu    a4, a5, pc - 38
core   0: 3 0x000000008000ff70 (0xfcf76de3)
core   0: 0x000000008000ff4a (0xfe043783) ld      a5, -32(s0)
core   0: 3 0x000000008000ff4a (0xfe043783) x15 0x0000000080012055 mem 0x0000000080031f50
core   0: 0x000000008000ff4e (0x00178713) addi    a4, a5, 1
core   0: 3 0x000000008000ff4e (0x00178713) x14 0x0000000080012056
core   0: 0x000000008000ff52 (0xfee43023) sd      a4, -32(s0)
core   0: 3 0x000000008000ff52 (0xfee43023) mem 0x0000000080031f50 0x0000000080012056
core   0: 0x000000008000ff56 (0xfc442703) lw      a4, -60(s0)
core   0: 3 0x000000008000ff56 (0xfc442703) x14 0x0000000000000000 mem 0x0000000080031f34
core   0: 0x000000008000ff5a (0x0ff77713) andi    a4, a4, 255
core   0: 3 0x000000008000ff5a (0x0ff77713) x14 0x0000000000000000
core   0: 0x000000008000ff5e (0x00e78023) sb      a4, 0(a5)
core   0: 3 0x000000008000ff5e (0x00e78023) mem 0x0000000080012055 0x00
core   0: 0x000000008000ff62 (0xfc843703) ld      a4, -56(s0)
core   0: 3 0x000000008000ff62 (0xfc843703) x14 0x0000000080012040 mem 0x0000000080031f38
core   0: 0x000000008000ff66 (0xfb843783) ld      a5, -72(s0)
core   0: 3 0x000000008000ff66 (0xfb843783) x15 0x000000000000009c mem 0x0000000080031f28
core   0: 0x000000008000ff6a (0x000097ba) c.add   a5, a4
core   0: 3 0x000000008000ff6a (0x97ba) x15 0x00000000800120dc
core   0: 0x000000008000ff6c (0xfe043703) ld      a4, -32(s0)
core   0: 3 0x000000008000ff6c (0xfe043703) x14 0x0000000080012056 mem 0x0000000080031f50
core   0: 0x000000008000ff70 (0xfcf76de3) bltu    a4, a5, pc - 38
core   0: 3 0x000000008000ff70 (0xfcf76de3)
core   0: 0x000000008000ff4a (0xfe043783) ld      a5, -32(s0)
core   0: 3 0x000000008000ff4a (0xfe043783) x15 0x0000000080012056 mem 0x0000000080031f50
core   0: 0x000000008000ff4e (0x00178713) addi    a4, a5, 1
core   0: 3 0x000000008000ff4e (0x00178713) x14 0x0000000080012057
core   0: 0x000000008000ff52 (0xfee43023) sd      a4, -32(s0)
core   0: 3 0x000000008000ff52 (0xfee43023) mem 0x0000000080031f50 0x0000000080012057
core   0: 0x000000008000ff56 (0xfc442703) lw      a4, -60(s0)
core   0: 3 0x000000008000ff56 (0xfc442703) x14 0x0000000000000000 mem 0x0000000080031f34
core   0: 0x000000008000ff5a (0x0ff77713) andi    a4, a4, 255
core   0: 3 0x000000008000ff5a (0x0ff77713) x14 0x0000000000000000
core   0: 0x000000008000ff5e (0x00e78023) sb      a4, 0(a5)
core   0: 3 0x000000008000ff5e (0x00e78023) mem 0x0000000080012056 0x00
core   0: 0x000000008000ff62 (0xfc843703) ld      a4, -56(s0)
core   0: 3 0x000000008000ff62 (0xfc843703) x14 0x0000000080012040 mem 0x0000000080031f38
core   0: 0x000000008000ff66 (0xfb843783) ld      a5, -72(s0)
core   0: 3 0x000000008000ff66 (0xfb843783) x15 0x000000000000009c mem 0x0000000080031f28
core   0: 0x000000008000ff6a (0x000097ba) c.add   a5, a4
core   0: 3 0x000000008000ff6a (0x97ba) x15 0x00000000800120dc
core   0: 0x000000008000ff6c (0xfe043703) ld      a4, -32(s0)
core   0: 3 0x000000008000ff6c (0xfe043703) x14 0x0000000080012057 mem 0x0000000080031f50
core   0: 0x000000008000ff70 (0xfcf76de3) bltu    a4, a5, pc - 38
core   0: 3 0x000000008000ff70 (0xfcf76de3)
core   0: 0x000000008000ff4a (0xfe043783) ld      a5, -32(s0)
core   0: 3 0x000000008000ff4a (0xfe043783) x15 0x0000000080012057 mem 0x0000000080031f50
core   0: 0x000000008000ff4e (0x00178713) addi    a4, a5, 1
core   0: 3 0x000000008000ff4e (0x00178713) x14 0x0000000080012058
core   0: 0x000000008000ff52 (0xfee43023) sd      a4, -32(s0)
core   0: 3 0x000000008000ff52 (0xfee43023) mem 0x0000000080031f50 0x0000000080012058
core   0: 0x000000008000ff56 (0xfc442703) lw      a4, -60(s0)
core   0: 3 0x000000008000ff56 (0xfc442703) x14 0x0000000000000000 mem 0x0000000080031f34
core   0: 0x000000008000ff5a (0x0ff77713) andi    a4, a4, 255
core   0: 3 0x000000008000ff5a (0x0ff77713) x14 0x0000000000000000
core   0: 0x000000008000ff5e (0x00e78023) sb      a4, 0(a5)
core   0: 3 0x000000008000ff5e (0x00e78023) mem 0x0000000080012057 0x00
core   0: 0x000000008000ff62 (0xfc843703) ld      a4, -56(s0)
core   0: 3 0x000000008000ff62 (0xfc843703) x14 0x0000000080012040 mem 0x0000000080031f38
core   0: 0x000000008000ff66 (0xfb843783) ld      a5, -72(s0)
core   0: 3 0x000000008000ff66 (0xfb843783) x15 0x000000000000009c mem 0x0000000080031f28
core   0: 0x000000008000ff6a (0x000097ba) c.add   a5, a4
core   0: 3 0x000000008000ff6a (0x97ba) x15 0x00000000800120dc
core   0: 0x000000008000ff6c (0xfe043703) ld      a4, -32(s0)
core   0: 3 0x000000008000ff6c (0xfe043703) x14 0x0000000080012058 mem 0x0000000080031f50
core   0: 0x000000008000ff70 (0xfcf76de3) bltu    a4, a5, pc - 38
core   0: 3 0x000000008000ff70 (0xfcf76de3)
core   0: 0x000000008000ff4a (0xfe043783) ld      a5, -32(s0)
core   0: 3 0x000000008000ff4a (0xfe043783) x15 0x0000000080012058 mem 0x0000000080031f50
core   0: 0x000000008000ff4e (0x00178713) addi    a4, a5, 1
core   0: 3 0x000000008000ff4e (0x00178713) x14 0x0000000080012059
core   0: 0x000000008000ff52 (0xfee43023) sd      a4, -32(s0)
core   0: 3 0x000000008000ff52 (0xfee43023) mem 0x0000000080031f50 0x0000000080012059
core   0: 0x000000008000ff56 (0xfc442703) lw      a4, -60(s0)
core   0: 3 0x000000008000ff56 (0xfc442703) x14 0x0000000000000000 mem 0x0000000080031f34
core   0: 0x000000008000ff5a (0x0ff77713) andi    a4, a4, 255
core   0: 3 0x000000008000ff5a (0x0ff77713) x14 0x0000000000000000
core   0: 0x000000008000ff5e (0x00e78023) sb      a4, 0(a5)
core   0: 3 0x000000008000ff5e (0x00e78023) mem 0x0000000080012058 0x00
core   0: 0x000000008000ff62 (0xfc843703) ld      a4, -56(s0)
core   0: 3 0x000000008000ff62 (0xfc843703) x14 0x0000000080012040 mem 0x0000000080031f38
core   0: 0x000000008000ff66 (0xfb843783) ld      a5, -72(s0)
core   0: 3 0x000000008000ff66 (0xfb843783) x15 0x000000000000009c mem 0x0000000080031f28
core   0: 0x000000008000ff6a (0x000097ba) c.add   a5, a4
core   0: 3 0x000000008000ff6a (0x97ba) x15 0x00000000800120dc
core   0: 0x000000008000ff6c (0xfe043703) ld      a4, -32(s0)
core   0: 3 0x000000008000ff6c (0xfe043703) x14 0x0000000080012059 mem 0x0000000080031f50
core   0: 0x000000008000ff70 (0xfcf76de3) bltu    a4, a5, pc - 38
core   0: 3 0x000000008000ff70 (0xfcf76de3)
core   0: 0x000000008000ff4a (0xfe043783) ld      a5, -32(s0)
core   0: 3 0x000000008000ff4a (0xfe043783) x15 0x0000000080012059 mem 0x0000000080031f50
core   0: 0x000000008000ff4e (0x00178713) addi    a4, a5, 1
core   0: 3 0x000000008000ff4e (0x00178713) x14 0x000000008001205a
core   0: 0x000000008000ff52 (0xfee43023) sd      a4, -32(s0)
core   0: 3 0x000000008000ff52 (0xfee43023) mem 0x0000000080031f50 0x000000008001205a
core   0: 0x000000008000ff56 (0xfc442703) lw      a4, -60(s0)
core   0: 3 0x000000008000ff56 (0xfc442703) x14 0x0000000000000000 mem 0x0000000080031f34
core   0: 0x000000008000ff5a (0x0ff77713) andi    a4, a4, 255
core   0: 3 0x000000008000ff5a (0x0ff77713) x14 0x0000000000000000
core   0: 0x000000008000ff5e (0x00e78023) sb      a4, 0(a5)
core   0: 3 0x000000008000ff5e (0x00e78023) mem 0x0000000080012059 0x00
core   0: 0x000000008000ff62 (0xfc843703) ld      a4, -56(s0)
core   0: 3 0x000000008000ff62 (0xfc843703) x14 0x0000000080012040 mem 0x0000000080031f38
core   0: 0x000000008000ff66 (0xfb843783) ld      a5, -72(s0)
core   0: 3 0x000000008000ff66 (0xfb843783) x15 0x000000000000009c mem 0x0000000080031f28
core   0: 0x000000008000ff6a (0x000097ba) c.add   a5, a4
core   0: 3 0x000000008000ff6a (0x97ba) x15 0x00000000800120dc
core   0: 0x000000008000ff6c (0xfe043703) ld      a4, -32(s0)
core   0: 3 0x000000008000ff6c (0xfe043703) x14 0x000000008001205a mem 0x0000000080031f50
core   0: 0x000000008000ff70 (0xfcf76de3) bltu    a4, a5, pc - 38
core   0: 3 0x000000008000ff70 (0xfcf76de3)
core   0: 0x000000008000ff4a (0xfe043783) ld      a5, -32(s0)
core   0: 3 0x000000008000ff4a (0xfe043783) x15 0x000000008001205a mem 0x0000000080031f50
core   0: 0x000000008000ff4e (0x00178713) addi    a4, a5, 1
core   0: 3 0x000000008000ff4e (0x00178713) x14 0x000000008001205b
core   0: 0x000000008000ff52 (0xfee43023) sd      a4, -32(s0)
core   0: 3 0x000000008000ff52 (0xfee43023) mem 0x0000000080031f50 0x000000008001205b
core   0: 0x000000008000ff56 (0xfc442703) lw      a4, -60(s0)
core   0: 3 0x000000008000ff56 (0xfc442703) x14 0x0000000000000000 mem 0x0000000080031f34
core   0: 0x000000008000ff5a (0x0ff77713) andi    a4, a4, 255
core   0: 3 0x000000008000ff5a (0x0ff77713) x14 0x0000000000000000
core   0: 0x000000008000ff5e (0x00e78023) sb      a4, 0(a5)
core   0: 3 0x000000008000ff5e (0x00e78023) mem 0x000000008001205a 0x00
core   0: 0x000000008000ff62 (0xfc843703) ld      a4, -56(s0)
core   0: 3 0x000000008000ff62 (0xfc843703) x14 0x0000000080012040 mem 0x0000000080031f38
core   0: 0x000000008000ff66 (0xfb843783) ld      a5, -72(s0)
core   0: 3 0x000000008000ff66 (0xfb843783) x15 0x000000000000009c mem 0x0000000080031f28
core   0: 0x000000008000ff6a (0x000097ba) c.add   a5, a4
core   0: 3 0x000000008000ff6a (0x97ba) x15 0x00000000800120dc
core   0: 0x000000008000ff6c (0xfe043703) ld      a4, -32(s0)
core   0: 3 0x000000008000ff6c (0xfe043703) x14 0x000000008001205b mem 0x0000000080031f50
core   0: 0x000000008000ff70 (0xfcf76de3) bltu    a4, a5, pc - 38
core   0: 3 0x000000008000ff70 (0xfcf76de3)
core   0: 0x000000008000ff4a (0xfe043783) ld      a5, -32(s0)
core   0: 3 0x000000008000ff4a (0xfe043783) x15 0x000000008001205b mem 0x0000000080031f50
core   0: 0x000000008000ff4e (0x00178713) addi    a4, a5, 1
core   0: 3 0x000000008000ff4e (0x00178713) x14 0x000000008001205c
core   0: 0x000000008000ff52 (0xfee43023) sd      a4, -32(s0)
core   0: 3 0x000000008000ff52 (0xfee43023) mem 0x0000000080031f50 0x000000008001205c
core   0: 0x000000008000ff56 (0xfc442703) lw      a4, -60(s0)
core   0: 3 0x000000008000ff56 (0xfc442703) x14 0x0000000000000000 mem 0x0000000080031f34
core   0: 0x000000008000ff5a (0x0ff77713) andi    a4, a4, 255
core   0: 3 0x000000008000ff5a (0x0ff77713) x14 0x0000000000000000
core   0: 0x000000008000ff5e (0x00e78023) sb      a4, 0(a5)
core   0: 3 0x000000008000ff5e (0x00e78023) mem 0x000000008001205b 0x00
core   0: 0x000000008000ff62 (0xfc843703) ld      a4, -56(s0)
core   0: 3 0x000000008000ff62 (0xfc843703) x14 0x0000000080012040 mem 0x0000000080031f38
core   0: 0x000000008000ff66 (0xfb843783) ld      a5, -72(s0)
core   0: 3 0x000000008000ff66 (0xfb843783) x15 0x000000000000009c mem 0x0000000080031f28
core   0: 0x000000008000ff6a (0x000097ba) c.add   a5, a4
core   0: 3 0x000000008000ff6a (0x97ba) x15 0x00000000800120dc
core   0: 0x000000008000ff6c (0xfe043703) ld      a4, -32(s0)
core   0: 3 0x000000008000ff6c (0xfe043703) x14 0x000000008001205c mem 0x0000000080031f50
core   0: 0x000000008000ff70 (0xfcf76de3) bltu    a4, a5, pc - 38
core   0: 3 0x000000008000ff70 (0xfcf76de3)
core   0: 0x000000008000ff4a (0xfe043783) ld      a5, -32(s0)
core   0: 3 0x000000008000ff4a (0xfe043783) x15 0x000000008001205c mem 0x0000000080031f50
core   0: 0x000000008000ff4e (0x00178713) addi    a4, a5, 1
core   0: 3 0x000000008000ff4e (0x00178713) x14 0x000000008001205d
core   0: 0x000000008000ff52 (0xfee43023) sd      a4, -32(s0)
core   0: 3 0x000000008000ff52 (0xfee43023) mem 0x0000000080031f50 0x000000008001205d
core   0: 0x000000008000ff56 (0xfc442703) lw      a4, -60(s0)
core   0: 3 0x000000008000ff56 (0xfc442703) x14 0x0000000000000000 mem 0x0000000080031f34
core   0: 0x000000008000ff5a (0x0ff77713) andi    a4, a4, 255
core   0: 3 0x000000008000ff5a (0x0ff77713) x14 0x0000000000000000
core   0: 0x000000008000ff5e (0x00e78023) sb      a4, 0(a5)
core   0: 3 0x000000008000ff5e (0x00e78023) mem 0x000000008001205c 0x00
core   0: 0x000000008000ff62 (0xfc843703) ld      a4, -56(s0)
core   0: 3 0x000000008000ff62 (0xfc843703) x14 0x0000000080012040 mem 0x0000000080031f38
core   0: 0x000000008000ff66 (0xfb843783) ld      a5, -72(s0)
core   0: 3 0x000000008000ff66 (0xfb843783) x15 0x000000000000009c mem 0x0000000080031f28
core   0: 0x000000008000ff6a (0x000097ba) c.add   a5, a4
core   0: 3 0x000000008000ff6a (0x97ba) x15 0x00000000800120dc
core   0: 0x000000008000ff6c (0xfe043703) ld      a4, -32(s0)
core   0: 3 0x000000008000ff6c (0xfe043703) x14 0x000000008001205d mem 0x0000000080031f50
core   0: 0x000000008000ff70 (0xfcf76de3) bltu    a4, a5, pc - 38
core   0: 3 0x000000008000ff70 (0xfcf76de3)
core   0: 0x000000008000ff4a (0xfe043783) ld      a5, -32(s0)
core   0: 3 0x000000008000ff4a (0xfe043783) x15 0x000000008001205d mem 0x0000000080031f50
core   0: 0x000000008000ff4e (0x00178713) addi    a4, a5, 1
core   0: 3 0x000000008000ff4e (0x00178713) x14 0x000000008001205e
core   0: 0x000000008000ff52 (0xfee43023) sd      a4, -32(s0)
core   0: 3 0x000000008000ff52 (0xfee43023) mem 0x0000000080031f50 0x000000008001205e
core   0: 0x000000008000ff56 (0xfc442703) lw      a4, -60(s0)
core   0: 3 0x000000008000ff56 (0xfc442703) x14 0x0000000000000000 mem 0x0000000080031f34
core   0: 0x000000008000ff5a (0x0ff77713) andi    a4, a4, 255
core   0: 3 0x000000008000ff5a (0x0ff77713) x14 0x0000000000000000
core   0: 0x000000008000ff5e (0x00e78023) sb      a4, 0(a5)
core   0: 3 0x000000008000ff5e (0x00e78023) mem 0x000000008001205d 0x00
core   0: 0x000000008000ff62 (0xfc843703) ld      a4, -56(s0)
core   0: 3 0x000000008000ff62 (0xfc843703) x14 0x0000000080012040 mem 0x0000000080031f38
core   0: 0x000000008000ff66 (0xfb843783) ld      a5, -72(s0)
core   0: 3 0x000000008000ff66 (0xfb843783) x15 0x000000000000009c mem 0x0000000080031f28
core   0: 0x000000008000ff6a (0x000097ba) c.add   a5, a4
core   0: 3 0x000000008000ff6a (0x97ba) x15 0x00000000800120dc
core   0: 0x000000008000ff6c (0xfe043703) ld      a4, -32(s0)
core   0: 3 0x000000008000ff6c (0xfe043703) x14 0x000000008001205e mem 0x0000000080031f50
core   0: 0x000000008000ff70 (0xfcf76de3) bltu    a4, a5, pc - 38
core   0: 3 0x000000008000ff70 (0xfcf76de3)
core   0: 0x000000008000ff4a (0xfe043783) ld      a5, -32(s0)
core   0: 3 0x000000008000ff4a (0xfe043783) x15 0x000000008001205e mem 0x0000000080031f50
core   0: 0x000000008000ff4e (0x00178713) addi    a4, a5, 1
core   0: 3 0x000000008000ff4e (0x00178713) x14 0x000000008001205f
core   0: 0x000000008000ff52 (0xfee43023) sd      a4, -32(s0)
core   0: 3 0x000000008000ff52 (0xfee43023) mem 0x0000000080031f50 0x000000008001205f
core   0: 0x000000008000ff56 (0xfc442703) lw      a4, -60(s0)
core   0: 3 0x000000008000ff56 (0xfc442703) x14 0x0000000000000000 mem 0x0000000080031f34
core   0: 0x000000008000ff5a (0x0ff77713) andi    a4, a4, 255
core   0: 3 0x000000008000ff5a (0x0ff77713) x14 0x0000000000000000
core   0: 0x000000008000ff5e (0x00e78023) sb      a4, 0(a5)
core   0: 3 0x000000008000ff5e (0x00e78023) mem 0x000000008001205e 0x00
core   0: 0x000000008000ff62 (0xfc843703) ld      a4, -56(s0)
core   0: 3 0x000000008000ff62 (0xfc843703) x14 0x0000000080012040 mem 0x0000000080031f38
core   0: 0x000000008000ff66 (0xfb843783) ld      a5, -72(s0)
core   0: 3 0x000000008000ff66 (0xfb843783) x15 0x000000000000009c mem 0x0000000080031f28
core   0: 0x000000008000ff6a (0x000097ba) c.add   a5, a4
core   0: 3 0x000000008000ff6a (0x97ba) x15 0x00000000800120dc
core   0: 0x000000008000ff6c (0xfe043703) ld      a4, -32(s0)
core   0: 3 0x000000008000ff6c (0xfe043703) x14 0x000000008001205f mem 0x0000000080031f50
core   0: 0x000000008000ff70 (0xfcf76de3) bltu    a4, a5, pc - 38
core   0: 3 0x000000008000ff70 (0xfcf76de3)
core   0: 0x000000008000ff4a (0xfe043783) ld      a5, -32(s0)
core   0: 3 0x000000008000ff4a (0xfe043783) x15 0x000000008001205f mem 0x0000000080031f50
core   0: 0x000000008000ff4e (0x00178713) addi    a4, a5, 1
core   0: 3 0x000000008000ff4e (0x00178713) x14 0x0000000080012060
core   0: 0x000000008000ff52 (0xfee43023) sd      a4, -32(s0)
core   0: 3 0x000000008000ff52 (0xfee43023) mem 0x0000000080031f50 0x0000000080012060
core   0: 0x000000008000ff56 (0xfc442703) lw      a4, -60(s0)
core   0: 3 0x000000008000ff56 (0xfc442703) x14 0x0000000000000000 mem 0x0000000080031f34
core   0: 0x000000008000ff5a (0x0ff77713) andi    a4, a4, 255
core   0: 3 0x000000008000ff5a (0x0ff77713) x14 0x0000000000000000
core   0: 0x000000008000ff5e (0x00e78023) sb      a4, 0(a5)
core   0: 3 0x000000008000ff5e (0x00e78023) mem 0x000000008001205f 0x00
core   0: 0x000000008000ff62 (0xfc843703) ld      a4, -56(s0)
core   0: 3 0x000000008000ff62 (0xfc843703) x14 0x0000000080012040 mem 0x0000000080031f38
core   0: 0x000000008000ff66 (0xfb843783) ld      a5, -72(s0)
core   0: 3 0x000000008000ff66 (0xfb843783) x15 0x000000000000009c mem 0x0000000080031f28
core   0: 0x000000008000ff6a (0x000097ba) c.add   a5, a4
core   0: 3 0x000000008000ff6a (0x97ba) x15 0x00000000800120dc
core   0: 0x000000008000ff6c (0xfe043703) ld      a4, -32(s0)
core   0: 3 0x000000008000ff6c (0xfe043703) x14 0x0000000080012060 mem 0x0000000080031f50
core   0: 0x000000008000ff70 (0xfcf76de3) bltu    a4, a5, pc - 38
core   0: 3 0x000000008000ff70 (0xfcf76de3)
core   0: 0x000000008000ff4a (0xfe043783) ld      a5, -32(s0)
core   0: 3 0x000000008000ff4a (0xfe043783) x15 0x0000000080012060 mem 0x0000000080031f50
core   0: 0x000000008000ff4e (0x00178713) addi    a4, a5, 1
core   0: 3 0x000000008000ff4e (0x00178713) x14 0x0000000080012061
core   0: 0x000000008000ff52 (0xfee43023) sd      a4, -32(s0)
core   0: 3 0x000000008000ff52 (0xfee43023) mem 0x0000000080031f50 0x0000000080012061
core   0: 0x000000008000ff56 (0xfc442703) lw      a4, -60(s0)
core   0: 3 0x000000008000ff56 (0xfc442703) x14 0x0000000000000000 mem 0x0000000080031f34
core   0: 0x000000008000ff5a (0x0ff77713) andi    a4, a4, 255
core   0: 3 0x000000008000ff5a (0x0ff77713) x14 0x0000000000000000
core   0: 0x000000008000ff5e (0x00e78023) sb      a4, 0(a5)
core   0: 3 0x000000008000ff5e (0x00e78023) mem 0x0000000080012060 0x00
core   0: 0x000000008000ff62 (0xfc843703) ld      a4, -56(s0)
core   0: 3 0x000000008000ff62 (0xfc843703) x14 0x0000000080012040 mem 0x0000000080031f38
core   0: 0x000000008000ff66 (0xfb843783) ld      a5, -72(s0)
core   0: 3 0x000000008000ff66 (0xfb843783) x15 0x000000000000009c mem 0x0000000080031f28
core   0: 0x000000008000ff6a (0x000097ba) c.add   a5, a4
core   0: 3 0x000000008000ff6a (0x97ba) x15 0x00000000800120dc
core   0: 0x000000008000ff6c (0xfe043703) ld      a4, -32(s0)
core   0: 3 0x000000008000ff6c (0xfe043703) x14 0x0000000080012061 mem 0x0000000080031f50
core   0: 0x000000008000ff70 (0xfcf76de3) bltu    a4, a5, pc - 38
core   0: 3 0x000000008000ff70 (0xfcf76de3)
core   0: 0x000000008000ff4a (0xfe043783) ld      a5, -32(s0)
core   0: 3 0x000000008000ff4a (0xfe043783) x15 0x0000000080012061 mem 0x0000000080031f50
core   0: 0x000000008000ff4e (0x00178713) addi    a4, a5, 1
core   0: 3 0x000000008000ff4e (0x00178713) x14 0x0000000080012062
core   0: 0x000000008000ff52 (0xfee43023) sd      a4, -32(s0)
core   0: 3 0x000000008000ff52 (0xfee43023) mem 0x0000000080031f50 0x0000000080012062
core   0: 0x000000008000ff56 (0xfc442703) lw      a4, -60(s0)
core   0: 3 0x000000008000ff56 (0xfc442703) x14 0x0000000000000000 mem 0x0000000080031f34
core   0: 0x000000008000ff5a (0x0ff77713) andi    a4, a4, 255
core   0: 3 0x000000008000ff5a (0x0ff77713) x14 0x0000000000000000
core   0: 0x000000008000ff5e (0x00e78023) sb      a4, 0(a5)
core   0: 3 0x000000008000ff5e (0x00e78023) mem 0x0000000080012061 0x00
core   0: 0x000000008000ff62 (0xfc843703) ld      a4, -56(s0)
core   0: 3 0x000000008000ff62 (0xfc843703) x14 0x0000000080012040 mem 0x0000000080031f38
core   0: 0x000000008000ff66 (0xfb843783) ld      a5, -72(s0)
core   0: 3 0x000000008000ff66 (0xfb843783) x15 0x000000000000009c mem 0x0000000080031f28
core   0: 0x000000008000ff6a (0x000097ba) c.add   a5, a4
core   0: 3 0x000000008000ff6a (0x97ba) x15 0x00000000800120dc
core   0: 0x000000008000ff6c (0xfe043703) ld      a4, -32(s0)
core   0: 3 0x000000008000ff6c (0xfe043703) x14 0x0000000080012062 mem 0x0000000080031f50
core   0: 0x000000008000ff70 (0xfcf76de3) bltu    a4, a5, pc - 38
core   0: 3 0x000000008000ff70 (0xfcf76de3)
core   0: 0x000000008000ff4a (0xfe043783) ld      a5, -32(s0)
core   0: 3 0x000000008000ff4a (0xfe043783) x15 0x0000000080012062 mem 0x0000000080031f50
core   0: 0x000000008000ff4e (0x00178713) addi    a4, a5, 1
core   0: 3 0x000000008000ff4e (0x00178713) x14 0x0000000080012063
core   0: 0x000000008000ff52 (0xfee43023) sd      a4, -32(s0)
core   0: 3 0x000000008000ff52 (0xfee43023) mem 0x0000000080031f50 0x0000000080012063
core   0: 0x000000008000ff56 (0xfc442703) lw      a4, -60(s0)
core   0: 3 0x000000008000ff56 (0xfc442703) x14 0x0000000000000000 mem 0x0000000080031f34
core   0: 0x000000008000ff5a (0x0ff77713) andi    a4, a4, 255
core   0: 3 0x000000008000ff5a (0x0ff77713) x14 0x0000000000000000
core   0: 0x000000008000ff5e (0x00e78023) sb      a4, 0(a5)
core   0: 3 0x000000008000ff5e (0x00e78023) mem 0x0000000080012062 0x00
core   0: 0x000000008000ff62 (0xfc843703) ld      a4, -56(s0)
core   0: 3 0x000000008000ff62 (0xfc843703) x14 0x0000000080012040 mem 0x0000000080031f38
core   0: 0x000000008000ff66 (0xfb843783) ld      a5, -72(s0)
core   0: 3 0x000000008000ff66 (0xfb843783) x15 0x000000000000009c mem 0x0000000080031f28
core   0: 0x000000008000ff6a (0x000097ba) c.add   a5, a4
core   0: 3 0x000000008000ff6a (0x97ba) x15 0x00000000800120dc
core   0: 0x000000008000ff6c (0xfe043703) ld      a4, -32(s0)
core   0: 3 0x000000008000ff6c (0xfe043703) x14 0x0000000080012063 mem 0x0000000080031f50
core   0: 0x000000008000ff70 (0xfcf76de3) bltu    a4, a5, pc - 38
core   0: 3 0x000000008000ff70 (0xfcf76de3)
core   0: 0x000000008000ff4a (0xfe043783) ld      a5, -32(s0)
core   0: 3 0x000000008000ff4a (0xfe043783) x15 0x0000000080012063 mem 0x0000000080031f50
core   0: 0x000000008000ff4e (0x00178713) addi    a4, a5, 1
core   0: 3 0x000000008000ff4e (0x00178713) x14 0x0000000080012064
core   0: 0x000000008000ff52 (0xfee43023) sd      a4, -32(s0)
core   0: 3 0x000000008000ff52 (0xfee43023) mem 0x0000000080031f50 0x0000000080012064
core   0: 0x000000008000ff56 (0xfc442703) lw      a4, -60(s0)
core   0: 3 0x000000008000ff56 (0xfc442703) x14 0x0000000000000000 mem 0x0000000080031f34
core   0: 0x000000008000ff5a (0x0ff77713) andi    a4, a4, 255
core   0: 3 0x000000008000ff5a (0x0ff77713) x14 0x0000000000000000
core   0: 0x000000008000ff5e (0x00e78023) sb      a4, 0(a5)
core   0: 3 0x000000008000ff5e (0x00e78023) mem 0x0000000080012063 0x00
core   0: 0x000000008000ff62 (0xfc843703) ld      a4, -56(s0)
core   0: 3 0x000000008000ff62 (0xfc843703) x14 0x0000000080012040 mem 0x0000000080031f38
core   0: 0x000000008000ff66 (0xfb843783) ld      a5, -72(s0)
core   0: 3 0x000000008000ff66 (0xfb843783) x15 0x000000000000009c mem 0x0000000080031f28
core   0: 0x000000008000ff6a (0x000097ba) c.add   a5, a4
core   0: 3 0x000000008000ff6a (0x97ba) x15 0x00000000800120dc
core   0: 0x000000008000ff6c (0xfe043703) ld      a4, -32(s0)
core   0: 3 0x000000008000ff6c (0xfe043703) x14 0x0000000080012064 mem 0x0000000080031f50
core   0: 0x000000008000ff70 (0xfcf76de3) bltu    a4, a5, pc - 38
core   0: 3 0x000000008000ff70 (0xfcf76de3)
core   0: 0x000000008000ff4a (0xfe043783) ld      a5, -32(s0)
core   0: 3 0x000000008000ff4a (0xfe043783) x15 0x0000000080012064 mem 0x0000000080031f50
core   0: 0x000000008000ff4e (0x00178713) addi    a4, a5, 1
core   0: 3 0x000000008000ff4e (0x00178713) x14 0x0000000080012065
core   0: 0x000000008000ff52 (0xfee43023) sd      a4, -32(s0)
core   0: 3 0x000000008000ff52 (0xfee43023) mem 0x0000000080031f50 0x0000000080012065
core   0: 0x000000008000ff56 (0xfc442703) lw      a4, -60(s0)
core   0: 3 0x000000008000ff56 (0xfc442703) x14 0x0000000000000000 mem 0x0000000080031f34
core   0: 0x000000008000ff5a (0x0ff77713) andi    a4, a4, 255
core   0: 3 0x000000008000ff5a (0x0ff77713) x14 0x0000000000000000
core   0: 0x000000008000ff5e (0x00e78023) sb      a4, 0(a5)
core   0: 3 0x000000008000ff5e (0x00e78023) mem 0x0000000080012064 0x00
core   0: 0x000000008000ff62 (0xfc843703) ld      a4, -56(s0)
core   0: 3 0x000000008000ff62 (0xfc843703) x14 0x0000000080012040 mem 0x0000000080031f38
core   0: 0x000000008000ff66 (0xfb843783) ld      a5, -72(s0)
core   0: 3 0x000000008000ff66 (0xfb843783) x15 0x000000000000009c mem 0x0000000080031f28
core   0: 0x000000008000ff6a (0x000097ba) c.add   a5, a4
core   0: 3 0x000000008000ff6a (0x97ba) x15 0x00000000800120dc
core   0: 0x000000008000ff6c (0xfe043703) ld      a4, -32(s0)
core   0: 3 0x000000008000ff6c (0xfe043703) x14 0x0000000080012065 mem 0x0000000080031f50
core   0: 0x000000008000ff70 (0xfcf76de3) bltu    a4, a5, pc - 38
core   0: 3 0x000000008000ff70 (0xfcf76de3)
core   0: 0x000000008000ff4a (0xfe043783) ld      a5, -32(s0)
core   0: 3 0x000000008000ff4a (0xfe043783) x15 0x0000000080012065 mem 0x0000000080031f50
core   0: 0x000000008000ff4e (0x00178713) addi    a4, a5, 1
core   0: 3 0x000000008000ff4e (0x00178713) x14 0x0000000080012066
core   0: 0x000000008000ff52 (0xfee43023) sd      a4, -32(s0)
core   0: 3 0x000000008000ff52 (0xfee43023) mem 0x0000000080031f50 0x0000000080012066
core   0: 0x000000008000ff56 (0xfc442703) lw      a4, -60(s0)
core   0: 3 0x000000008000ff56 (0xfc442703) x14 0x0000000000000000 mem 0x0000000080031f34
core   0: 0x000000008000ff5a (0x0ff77713) andi    a4, a4, 255
core   0: 3 0x000000008000ff5a (0x0ff77713) x14 0x0000000000000000
core   0: 0x000000008000ff5e (0x00e78023) sb      a4, 0(a5)
core   0: 3 0x000000008000ff5e (0x00e78023) mem 0x0000000080012065 0x00
core   0: 0x000000008000ff62 (0xfc843703) ld      a4, -56(s0)
core   0: 3 0x000000008000ff62 (0xfc843703) x14 0x0000000080012040 mem 0x0000000080031f38
core   0: 0x000000008000ff66 (0xfb843783) ld      a5, -72(s0)
core   0: 3 0x000000008000ff66 (0xfb843783) x15 0x000000000000009c mem 0x0000000080031f28
core   0: 0x000000008000ff6a (0x000097ba) c.add   a5, a4
core   0: 3 0x000000008000ff6a (0x97ba) x15 0x00000000800120dc
core   0: 0x000000008000ff6c (0xfe043703) ld      a4, -32(s0)
core   0: 3 0x000000008000ff6c (0xfe043703) x14 0x0000000080012066 mem 0x0000000080031f50
core   0: 0x000000008000ff70 (0xfcf76de3) bltu    a4, a5, pc - 38
core   0: 3 0x000000008000ff70 (0xfcf76de3)
core   0: 0x000000008000ff4a (0xfe043783) ld      a5, -32(s0)
core   0: 3 0x000000008000ff4a (0xfe043783) x15 0x0000000080012066 mem 0x0000000080031f50
core   0: 0x000000008000ff4e (0x00178713) addi    a4, a5, 1
core   0: 3 0x000000008000ff4e (0x00178713) x14 0x0000000080012067
core   0: 0x000000008000ff52 (0xfee43023) sd      a4, -32(s0)
core   0: 3 0x000000008000ff52 (0xfee43023) mem 0x0000000080031f50 0x0000000080012067
core   0: 0x000000008000ff56 (0xfc442703) lw      a4, -60(s0)
core   0: 3 0x000000008000ff56 (0xfc442703) x14 0x0000000000000000 mem 0x0000000080031f34
core   0: 0x000000008000ff5a (0x0ff77713) andi    a4, a4, 255
core   0: 3 0x000000008000ff5a (0x0ff77713) x14 0x0000000000000000
core   0: 0x000000008000ff5e (0x00e78023) sb      a4, 0(a5)
core   0: 3 0x000000008000ff5e (0x00e78023) mem 0x0000000080012066 0x00
core   0: 0x000000008000ff62 (0xfc843703) ld      a4, -56(s0)
core   0: 3 0x000000008000ff62 (0xfc843703) x14 0x0000000080012040 mem 0x0000000080031f38
core   0: 0x000000008000ff66 (0xfb843783) ld      a5, -72(s0)
core   0: 3 0x000000008000ff66 (0xfb843783) x15 0x000000000000009c mem 0x0000000080031f28
core   0: 0x000000008000ff6a (0x000097ba) c.add   a5, a4
core   0: 3 0x000000008000ff6a (0x97ba) x15 0x00000000800120dc
core   0: 0x000000008000ff6c (0xfe043703) ld      a4, -32(s0)
core   0: 3 0x000000008000ff6c (0xfe043703) x14 0x0000000080012067 mem 0x0000000080031f50
core   0: 0x000000008000ff70 (0xfcf76de3) bltu    a4, a5, pc - 38
core   0: 3 0x000000008000ff70 (0xfcf76de3)
core   0: 0x000000008000ff4a (0xfe043783) ld      a5, -32(s0)
core   0: 3 0x000000008000ff4a (0xfe043783) x15 0x0000000080012067 mem 0x0000000080031f50
core   0: 0x000000008000ff4e (0x00178713) addi    a4, a5, 1
core   0: 3 0x000000008000ff4e (0x00178713) x14 0x0000000080012068
core   0: 0x000000008000ff52 (0xfee43023) sd      a4, -32(s0)
core   0: 3 0x000000008000ff52 (0xfee43023) mem 0x0000000080031f50 0x0000000080012068
core   0: 0x000000008000ff56 (0xfc442703) lw      a4, -60(s0)
core   0: 3 0x000000008000ff56 (0xfc442703) x14 0x0000000000000000 mem 0x0000000080031f34
core   0: 0x000000008000ff5a (0x0ff77713) andi    a4, a4, 255
core   0: 3 0x000000008000ff5a (0x0ff77713) x14 0x0000000000000000
core   0: 0x000000008000ff5e (0x00e78023) sb      a4, 0(a5)
core   0: 3 0x000000008000ff5e (0x00e78023) mem 0x0000000080012067 0x00
core   0: 0x000000008000ff62 (0xfc843703) ld      a4, -56(s0)
core   0: 3 0x000000008000ff62 (0xfc843703) x14 0x0000000080012040 mem 0x0000000080031f38
core   0: 0x000000008000ff66 (0xfb843783) ld      a5, -72(s0)
core   0: 3 0x000000008000ff66 (0xfb843783) x15 0x000000000000009c mem 0x0000000080031f28
core   0: 0x000000008000ff6a (0x000097ba) c.add   a5, a4
core   0: 3 0x000000008000ff6a (0x97ba) x15 0x00000000800120dc
core   0: 0x000000008000ff6c (0xfe043703) ld      a4, -32(s0)
core   0: 3 0x000000008000ff6c (0xfe043703) x14 0x0000000080012068 mem 0x0000000080031f50
core   0: 0x000000008000ff70 (0xfcf76de3) bltu    a4, a5, pc - 38
core   0: 3 0x000000008000ff70 (0xfcf76de3)
core   0: 0x000000008000ff4a (0xfe043783) ld      a5, -32(s0)
core   0: 3 0x000000008000ff4a (0xfe043783) x15 0x0000000080012068 mem 0x0000000080031f50
core   0: 0x000000008000ff4e (0x00178713) addi    a4, a5, 1
core   0: 3 0x000000008000ff4e (0x00178713) x14 0x0000000080012069
core   0: 0x000000008000ff52 (0xfee43023) sd      a4, -32(s0)
core   0: 3 0x000000008000ff52 (0xfee43023) mem 0x0000000080031f50 0x0000000080012069
core   0: 0x000000008000ff56 (0xfc442703) lw      a4, -60(s0)
core   0: 3 0x000000008000ff56 (0xfc442703) x14 0x0000000000000000 mem 0x0000000080031f34
core   0: 0x000000008000ff5a (0x0ff77713) andi    a4, a4, 255
core   0: 3 0x000000008000ff5a (0x0ff77713) x14 0x0000000000000000
core   0: 0x000000008000ff5e (0x00e78023) sb      a4, 0(a5)
core   0: 3 0x000000008000ff5e (0x00e78023) mem 0x0000000080012068 0x00
core   0: 0x000000008000ff62 (0xfc843703) ld      a4, -56(s0)
core   0: 3 0x000000008000ff62 (0xfc843703) x14 0x0000000080012040 mem 0x0000000080031f38
core   0: 0x000000008000ff66 (0xfb843783) ld      a5, -72(s0)
core   0: 3 0x000000008000ff66 (0xfb843783) x15 0x000000000000009c mem 0x0000000080031f28
core   0: 0x000000008000ff6a (0x000097ba) c.add   a5, a4
core   0: 3 0x000000008000ff6a (0x97ba) x15 0x00000000800120dc
core   0: 0x000000008000ff6c (0xfe043703) ld      a4, -32(s0)
core   0: 3 0x000000008000ff6c (0xfe043703) x14 0x0000000080012069 mem 0x0000000080031f50
core   0: 0x000000008000ff70 (0xfcf76de3) bltu    a4, a5, pc - 38
core   0: 3 0x000000008000ff70 (0xfcf76de3)
core   0: 0x000000008000ff4a (0xfe043783) ld      a5, -32(s0)
core   0: 3 0x000000008000ff4a (0xfe043783) x15 0x0000000080012069 mem 0x0000000080031f50
core   0: 0x000000008000ff4e (0x00178713) addi    a4, a5, 1
core   0: 3 0x000000008000ff4e (0x00178713) x14 0x000000008001206a
core   0: 0x000000008000ff52 (0xfee43023) sd      a4, -32(s0)
core   0: 3 0x000000008000ff52 (0xfee43023) mem 0x0000000080031f50 0x000000008001206a
core   0: 0x000000008000ff56 (0xfc442703) lw      a4, -60(s0)
core   0: 3 0x000000008000ff56 (0xfc442703) x14 0x0000000000000000 mem 0x0000000080031f34
core   0: 0x000000008000ff5a (0x0ff77713) andi    a4, a4, 255
core   0: 3 0x000000008000ff5a (0x0ff77713) x14 0x0000000000000000
core   0: 0x000000008000ff5e (0x00e78023) sb      a4, 0(a5)
core   0: 3 0x000000008000ff5e (0x00e78023) mem 0x0000000080012069 0x00
core   0: 0x000000008000ff62 (0xfc843703) ld      a4, -56(s0)
core   0: 3 0x000000008000ff62 (0xfc843703) x14 0x0000000080012040 mem 0x0000000080031f38
core   0: 0x000000008000ff66 (0xfb843783) ld      a5, -72(s0)
core   0: 3 0x000000008000ff66 (0xfb843783) x15 0x000000000000009c mem 0x0000000080031f28
core   0: 0x000000008000ff6a (0x000097ba) c.add   a5, a4
core   0: 3 0x000000008000ff6a (0x97ba) x15 0x00000000800120dc
core   0: 0x000000008000ff6c (0xfe043703) ld      a4, -32(s0)
core   0: 3 0x000000008000ff6c (0xfe043703) x14 0x000000008001206a mem 0x0000000080031f50
core   0: 0x000000008000ff70 (0xfcf76de3) bltu    a4, a5, pc - 38
core   0: 3 0x000000008000ff70 (0xfcf76de3)
core   0: 0x000000008000ff4a (0xfe043783) ld      a5, -32(s0)
core   0: 3 0x000000008000ff4a (0xfe043783) x15 0x000000008001206a mem 0x0000000080031f50
core   0: 0x000000008000ff4e (0x00178713) addi    a4, a5, 1
core   0: 3 0x000000008000ff4e (0x00178713) x14 0x000000008001206b
core   0: 0x000000008000ff52 (0xfee43023) sd      a4, -32(s0)
core   0: 3 0x000000008000ff52 (0xfee43023) mem 0x0000000080031f50 0x000000008001206b
core   0: 0x000000008000ff56 (0xfc442703) lw      a4, -60(s0)
core   0: 3 0x000000008000ff56 (0xfc442703) x14 0x0000000000000000 mem 0x0000000080031f34
core   0: 0x000000008000ff5a (0x0ff77713) andi    a4, a4, 255
core   0: 3 0x000000008000ff5a (0x0ff77713) x14 0x0000000000000000
core   0: 0x000000008000ff5e (0x00e78023) sb      a4, 0(a5)
core   0: 3 0x000000008000ff5e (0x00e78023) mem 0x000000008001206a 0x00
core   0: 0x000000008000ff62 (0xfc843703) ld      a4, -56(s0)
core   0: 3 0x000000008000ff62 (0xfc843703) x14 0x0000000080012040 mem 0x0000000080031f38
core   0: 0x000000008000ff66 (0xfb843783) ld      a5, -72(s0)
core   0: 3 0x000000008000ff66 (0xfb843783) x15 0x000000000000009c mem 0x0000000080031f28
core   0: 0x000000008000ff6a (0x000097ba) c.add   a5, a4
core   0: 3 0x000000008000ff6a (0x97ba) x15 0x00000000800120dc
core   0: 0x000000008000ff6c (0xfe043703) ld      a4, -32(s0)
core   0: 3 0x000000008000ff6c (0xfe043703) x14 0x000000008001206b mem 0x0000000080031f50
core   0: 0x000000008000ff70 (0xfcf76de3) bltu    a4, a5, pc - 38
core   0: 3 0x000000008000ff70 (0xfcf76de3)
core   0: 0x000000008000ff4a (0xfe043783) ld      a5, -32(s0)
core   0: 3 0x000000008000ff4a (0xfe043783) x15 0x000000008001206b mem 0x0000000080031f50
core   0: 0x000000008000ff4e (0x00178713) addi    a4, a5, 1
core   0: 3 0x000000008000ff4e (0x00178713) x14 0x000000008001206c
core   0: 0x000000008000ff52 (0xfee43023) sd      a4, -32(s0)
core   0: 3 0x000000008000ff52 (0xfee43023) mem 0x0000000080031f50 0x000000008001206c
core   0: 0x000000008000ff56 (0xfc442703) lw      a4, -60(s0)
core   0: 3 0x000000008000ff56 (0xfc442703) x14 0x0000000000000000 mem 0x0000000080031f34
core   0: 0x000000008000ff5a (0x0ff77713) andi    a4, a4, 255
core   0: 3 0x000000008000ff5a (0x0ff77713) x14 0x0000000000000000
core   0: 0x000000008000ff5e (0x00e78023) sb      a4, 0(a5)
core   0: 3 0x000000008000ff5e (0x00e78023) mem 0x000000008001206b 0x00
core   0: 0x000000008000ff62 (0xfc843703) ld      a4, -56(s0)
core   0: 3 0x000000008000ff62 (0xfc843703) x14 0x0000000080012040 mem 0x0000000080031f38
core   0: 0x000000008000ff66 (0xfb843783) ld      a5, -72(s0)
core   0: 3 0x000000008000ff66 (0xfb843783) x15 0x000000000000009c mem 0x0000000080031f28
core   0: 0x000000008000ff6a (0x000097ba) c.add   a5, a4
core   0: 3 0x000000008000ff6a (0x97ba) x15 0x00000000800120dc
core   0: 0x000000008000ff6c (0xfe043703) ld      a4, -32(s0)
core   0: 3 0x000000008000ff6c (0xfe043703) x14 0x000000008001206c mem 0x0000000080031f50
core   0: 0x000000008000ff70 (0xfcf76de3) bltu    a4, a5, pc - 38
core   0: 3 0x000000008000ff70 (0xfcf76de3)
core   0: 0x000000008000ff4a (0xfe043783) ld      a5, -32(s0)
core   0: 3 0x000000008000ff4a (0xfe043783) x15 0x000000008001206c mem 0x0000000080031f50
core   0: 0x000000008000ff4e (0x00178713) addi    a4, a5, 1
core   0: 3 0x000000008000ff4e (0x00178713) x14 0x000000008001206d
core   0: 0x000000008000ff52 (0xfee43023) sd      a4, -32(s0)
core   0: 3 0x000000008000ff52 (0xfee43023) mem 0x0000000080031f50 0x000000008001206d
core   0: 0x000000008000ff56 (0xfc442703) lw      a4, -60(s0)
core   0: 3 0x000000008000ff56 (0xfc442703) x14 0x0000000000000000 mem 0x0000000080031f34
core   0: 0x000000008000ff5a (0x0ff77713) andi    a4, a4, 255
core   0: 3 0x000000008000ff5a (0x0ff77713) x14 0x0000000000000000
core   0: 0x000000008000ff5e (0x00e78023) sb      a4, 0(a5)
core   0: 3 0x000000008000ff5e (0x00e78023) mem 0x000000008001206c 0x00
core   0: 0x000000008000ff62 (0xfc843703) ld      a4, -56(s0)
core   0: 3 0x000000008000ff62 (0xfc843703) x14 0x0000000080012040 mem 0x0000000080031f38
core   0: 0x000000008000ff66 (0xfb843783) ld      a5, -72(s0)
core   0: 3 0x000000008000ff66 (0xfb843783) x15 0x000000000000009c mem 0x0000000080031f28
core   0: 0x000000008000ff6a (0x000097ba) c.add   a5, a4
core   0: 3 0x000000008000ff6a (0x97ba) x15 0x00000000800120dc
core   0: 0x000000008000ff6c (0xfe043703) ld      a4, -32(s0)
core   0: 3 0x000000008000ff6c (0xfe043703) x14 0x000000008001206d mem 0x0000000080031f50
core   0: 0x000000008000ff70 (0xfcf76de3) bltu    a4, a5, pc - 38
core   0: 3 0x000000008000ff70 (0xfcf76de3)
core   0: 0x000000008000ff4a (0xfe043783) ld      a5, -32(s0)
core   0: 3 0x000000008000ff4a (0xfe043783) x15 0x000000008001206d mem 0x0000000080031f50
core   0: 0x000000008000ff4e (0x00178713) addi    a4, a5, 1
core   0: 3 0x000000008000ff4e (0x00178713) x14 0x000000008001206e
core   0: 0x000000008000ff52 (0xfee43023) sd      a4, -32(s0)
core   0: 3 0x000000008000ff52 (0xfee43023) mem 0x0000000080031f50 0x000000008001206e
core   0: 0x000000008000ff56 (0xfc442703) lw      a4, -60(s0)
core   0: 3 0x000000008000ff56 (0xfc442703) x14 0x0000000000000000 mem 0x0000000080031f34
core   0: 0x000000008000ff5a (0x0ff77713) andi    a4, a4, 255
core   0: 3 0x000000008000ff5a (0x0ff77713) x14 0x0000000000000000
core   0: 0x000000008000ff5e (0x00e78023) sb      a4, 0(a5)
core   0: 3 0x000000008000ff5e (0x00e78023) mem 0x000000008001206d 0x00
core   0: 0x000000008000ff62 (0xfc843703) ld      a4, -56(s0)
core   0: 3 0x000000008000ff62 (0xfc843703) x14 0x0000000080012040 mem 0x0000000080031f38
core   0: 0x000000008000ff66 (0xfb843783) ld      a5, -72(s0)
core   0: 3 0x000000008000ff66 (0xfb843783) x15 0x000000000000009c mem 0x0000000080031f28
core   0: 0x000000008000ff6a (0x000097ba) c.add   a5, a4
core   0: 3 0x000000008000ff6a (0x97ba) x15 0x00000000800120dc
core   0: 0x000000008000ff6c (0xfe043703) ld      a4, -32(s0)
core   0: 3 0x000000008000ff6c (0xfe043703) x14 0x000000008001206e mem 0x0000000080031f50
core   0: 0x000000008000ff70 (0xfcf76de3) bltu    a4, a5, pc - 38
core   0: 3 0x000000008000ff70 (0xfcf76de3)
core   0: 0x000000008000ff4a (0xfe043783) ld      a5, -32(s0)
core   0: 3 0x000000008000ff4a (0xfe043783) x15 0x000000008001206e mem 0x0000000080031f50
core   0: 0x000000008000ff4e (0x00178713) addi    a4, a5, 1
core   0: 3 0x000000008000ff4e (0x00178713) x14 0x000000008001206f
core   0: 0x000000008000ff52 (0xfee43023) sd      a4, -32(s0)
core   0: 3 0x000000008000ff52 (0xfee43023) mem 0x0000000080031f50 0x000000008001206f
core   0: 0x000000008000ff56 (0xfc442703) lw      a4, -60(s0)
core   0: 3 0x000000008000ff56 (0xfc442703) x14 0x0000000000000000 mem 0x0000000080031f34
core   0: 0x000000008000ff5a (0x0ff77713) andi    a4, a4, 255
core   0: 3 0x000000008000ff5a (0x0ff77713) x14 0x0000000000000000
core   0: 0x000000008000ff5e (0x00e78023) sb      a4, 0(a5)
core   0: 3 0x000000008000ff5e (0x00e78023) mem 0x000000008001206e 0x00
core   0: 0x000000008000ff62 (0xfc843703) ld      a4, -56(s0)
core   0: 3 0x000000008000ff62 (0xfc843703) x14 0x0000000080012040 mem 0x0000000080031f38
core   0: 0x000000008000ff66 (0xfb843783) ld      a5, -72(s0)
core   0: 3 0x000000008000ff66 (0xfb843783) x15 0x000000000000009c mem 0x0000000080031f28
core   0: 0x000000008000ff6a (0x000097ba) c.add   a5, a4
core   0: 3 0x000000008000ff6a (0x97ba) x15 0x00000000800120dc
core   0: 0x000000008000ff6c (0xfe043703) ld      a4, -32(s0)
core   0: 3 0x000000008000ff6c (0xfe043703) x14 0x000000008001206f mem 0x0000000080031f50
core   0: 0x000000008000ff70 (0xfcf76de3) bltu    a4, a5, pc - 38
core   0: 3 0x000000008000ff70 (0xfcf76de3)
core   0: 0x000000008000ff4a (0xfe043783) ld      a5, -32(s0)
core   0: 3 0x000000008000ff4a (0xfe043783) x15 0x000000008001206f mem 0x0000000080031f50
core   0: 0x000000008000ff4e (0x00178713) addi    a4, a5, 1
core   0: 3 0x000000008000ff4e (0x00178713) x14 0x0000000080012070
core   0: 0x000000008000ff52 (0xfee43023) sd      a4, -32(s0)
core   0: 3 0x000000008000ff52 (0xfee43023) mem 0x0000000080031f50 0x0000000080012070
core   0: 0x000000008000ff56 (0xfc442703) lw      a4, -60(s0)
core   0: 3 0x000000008000ff56 (0xfc442703) x14 0x0000000000000000 mem 0x0000000080031f34
core   0: 0x000000008000ff5a (0x0ff77713) andi    a4, a4, 255
core   0: 3 0x000000008000ff5a (0x0ff77713) x14 0x0000000000000000
core   0: 0x000000008000ff5e (0x00e78023) sb      a4, 0(a5)
core   0: 3 0x000000008000ff5e (0x00e78023) mem 0x000000008001206f 0x00
core   0: 0x000000008000ff62 (0xfc843703) ld      a4, -56(s0)
core   0: 3 0x000000008000ff62 (0xfc843703) x14 0x0000000080012040 mem 0x0000000080031f38
core   0: 0x000000008000ff66 (0xfb843783) ld      a5, -72(s0)
core   0: 3 0x000000008000ff66 (0xfb843783) x15 0x000000000000009c mem 0x0000000080031f28
core   0: 0x000000008000ff6a (0x000097ba) c.add   a5, a4
core   0: 3 0x000000008000ff6a (0x97ba) x15 0x00000000800120dc
core   0: 0x000000008000ff6c (0xfe043703) ld      a4, -32(s0)
core   0: 3 0x000000008000ff6c (0xfe043703) x14 0x0000000080012070 mem 0x0000000080031f50
core   0: 0x000000008000ff70 (0xfcf76de3) bltu    a4, a5, pc - 38
core   0: 3 0x000000008000ff70 (0xfcf76de3)
core   0: 0x000000008000ff4a (0xfe043783) ld      a5, -32(s0)
core   0: 3 0x000000008000ff4a (0xfe043783) x15 0x0000000080012070 mem 0x0000000080031f50
core   0: 0x000000008000ff4e (0x00178713) addi    a4, a5, 1
core   0: 3 0x000000008000ff4e (0x00178713) x14 0x0000000080012071
core   0: 0x000000008000ff52 (0xfee43023) sd      a4, -32(s0)
core   0: 3 0x000000008000ff52 (0xfee43023) mem 0x0000000080031f50 0x0000000080012071
core   0: 0x000000008000ff56 (0xfc442703) lw      a4, -60(s0)
core   0: 3 0x000000008000ff56 (0xfc442703) x14 0x0000000000000000 mem 0x0000000080031f34
core   0: 0x000000008000ff5a (0x0ff77713) andi    a4, a4, 255
core   0: 3 0x000000008000ff5a (0x0ff77713) x14 0x0000000000000000
core   0: 0x000000008000ff5e (0x00e78023) sb      a4, 0(a5)
core   0: 3 0x000000008000ff5e (0x00e78023) mem 0x0000000080012070 0x00
core   0: 0x000000008000ff62 (0xfc843703) ld      a4, -56(s0)
core   0: 3 0x000000008000ff62 (0xfc843703) x14 0x0000000080012040 mem 0x0000000080031f38
core   0: 0x000000008000ff66 (0xfb843783) ld      a5, -72(s0)
core   0: 3 0x000000008000ff66 (0xfb843783) x15 0x000000000000009c mem 0x0000000080031f28
core   0: 0x000000008000ff6a (0x000097ba) c.add   a5, a4
core   0: 3 0x000000008000ff6a (0x97ba) x15 0x00000000800120dc
core   0: 0x000000008000ff6c (0xfe043703) ld      a4, -32(s0)
core   0: 3 0x000000008000ff6c (0xfe043703) x14 0x0000000080012071 mem 0x0000000080031f50
core   0: 0x000000008000ff70 (0xfcf76de3) bltu    a4, a5, pc - 38
core   0: 3 0x000000008000ff70 (0xfcf76de3)
core   0: 0x000000008000ff4a (0xfe043783) ld      a5, -32(s0)
core   0: 3 0x000000008000ff4a (0xfe043783) x15 0x0000000080012071 mem 0x0000000080031f50
core   0: 0x000000008000ff4e (0x00178713) addi    a4, a5, 1
core   0: 3 0x000000008000ff4e (0x00178713) x14 0x0000000080012072
core   0: 0x000000008000ff52 (0xfee43023) sd      a4, -32(s0)
core   0: 3 0x000000008000ff52 (0xfee43023) mem 0x0000000080031f50 0x0000000080012072
core   0: 0x000000008000ff56 (0xfc442703) lw      a4, -60(s0)
core   0: 3 0x000000008000ff56 (0xfc442703) x14 0x0000000000000000 mem 0x0000000080031f34
core   0: 0x000000008000ff5a (0x0ff77713) andi    a4, a4, 255
core   0: 3 0x000000008000ff5a (0x0ff77713) x14 0x0000000000000000
core   0: 0x000000008000ff5e (0x00e78023) sb      a4, 0(a5)
core   0: 3 0x000000008000ff5e (0x00e78023) mem 0x0000000080012071 0x00
core   0: 0x000000008000ff62 (0xfc843703) ld      a4, -56(s0)
core   0: 3 0x000000008000ff62 (0xfc843703) x14 0x0000000080012040 mem 0x0000000080031f38
core   0: 0x000000008000ff66 (0xfb843783) ld      a5, -72(s0)
core   0: 3 0x000000008000ff66 (0xfb843783) x15 0x000000000000009c mem 0x0000000080031f28
core   0: 0x000000008000ff6a (0x000097ba) c.add   a5, a4
core   0: 3 0x000000008000ff6a (0x97ba) x15 0x00000000800120dc
core   0: 0x000000008000ff6c (0xfe043703) ld      a4, -32(s0)
core   0: 3 0x000000008000ff6c (0xfe043703) x14 0x0000000080012072 mem 0x0000000080031f50
core   0: 0x000000008000ff70 (0xfcf76de3) bltu    a4, a5, pc - 38
core   0: 3 0x000000008000ff70 (0xfcf76de3)
core   0: 0x000000008000ff4a (0xfe043783) ld      a5, -32(s0)
core   0: 3 0x000000008000ff4a (0xfe043783) x15 0x0000000080012072 mem 0x0000000080031f50
core   0: 0x000000008000ff4e (0x00178713) addi    a4, a5, 1
core   0: 3 0x000000008000ff4e (0x00178713) x14 0x0000000080012073
core   0: 0x000000008000ff52 (0xfee43023) sd      a4, -32(s0)
core   0: 3 0x000000008000ff52 (0xfee43023) mem 0x0000000080031f50 0x0000000080012073
core   0: 0x000000008000ff56 (0xfc442703) lw      a4, -60(s0)
core   0: 3 0x000000008000ff56 (0xfc442703) x14 0x0000000000000000 mem 0x0000000080031f34
core   0: 0x000000008000ff5a (0x0ff77713) andi    a4, a4, 255
core   0: 3 0x000000008000ff5a (0x0ff77713) x14 0x0000000000000000
core   0: 0x000000008000ff5e (0x00e78023) sb      a4, 0(a5)
core   0: 3 0x000000008000ff5e (0x00e78023) mem 0x0000000080012072 0x00
core   0: 0x000000008000ff62 (0xfc843703) ld      a4, -56(s0)
core   0: 3 0x000000008000ff62 (0xfc843703) x14 0x0000000080012040 mem 0x0000000080031f38
core   0: 0x000000008000ff66 (0xfb843783) ld      a5, -72(s0)
core   0: 3 0x000000008000ff66 (0xfb843783) x15 0x000000000000009c mem 0x0000000080031f28
core   0: 0x000000008000ff6a (0x000097ba) c.add   a5, a4
core   0: 3 0x000000008000ff6a (0x97ba) x15 0x00000000800120dc
core   0: 0x000000008000ff6c (0xfe043703) ld      a4, -32(s0)
core   0: 3 0x000000008000ff6c (0xfe043703) x14 0x0000000080012073 mem 0x0000000080031f50
core   0: 0x000000008000ff70 (0xfcf76de3) bltu    a4, a5, pc - 38
core   0: 3 0x000000008000ff70 (0xfcf76de3)
core   0: 0x000000008000ff4a (0xfe043783) ld      a5, -32(s0)
core   0: 3 0x000000008000ff4a (0xfe043783) x15 0x0000000080012073 mem 0x0000000080031f50
core   0: 0x000000008000ff4e (0x00178713) addi    a4, a5, 1
core   0: 3 0x000000008000ff4e (0x00178713) x14 0x0000000080012074
core   0: 0x000000008000ff52 (0xfee43023) sd      a4, -32(s0)
core   0: 3 0x000000008000ff52 (0xfee43023) mem 0x0000000080031f50 0x0000000080012074
core   0: 0x000000008000ff56 (0xfc442703) lw      a4, -60(s0)
core   0: 3 0x000000008000ff56 (0xfc442703) x14 0x0000000000000000 mem 0x0000000080031f34
core   0: 0x000000008000ff5a (0x0ff77713) andi    a4, a4, 255
core   0: 3 0x000000008000ff5a (0x0ff77713) x14 0x0000000000000000
core   0: 0x000000008000ff5e (0x00e78023) sb      a4, 0(a5)
core   0: 3 0x000000008000ff5e (0x00e78023) mem 0x0000000080012073 0x00
core   0: 0x000000008000ff62 (0xfc843703) ld      a4, -56(s0)
core   0: 3 0x000000008000ff62 (0xfc843703) x14 0x0000000080012040 mem 0x0000000080031f38
core   0: 0x000000008000ff66 (0xfb843783) ld      a5, -72(s0)
core   0: 3 0x000000008000ff66 (0xfb843783) x15 0x000000000000009c mem 0x0000000080031f28
core   0: 0x000000008000ff6a (0x000097ba) c.add   a5, a4
core   0: 3 0x000000008000ff6a (0x97ba) x15 0x00000000800120dc
core   0: 0x000000008000ff6c (0xfe043703) ld      a4, -32(s0)
core   0: 3 0x000000008000ff6c (0xfe043703) x14 0x0000000080012074 mem 0x0000000080031f50
core   0: 0x000000008000ff70 (0xfcf76de3) bltu    a4, a5, pc - 38
core   0: 3 0x000000008000ff70 (0xfcf76de3)
core   0: 0x000000008000ff4a (0xfe043783) ld      a5, -32(s0)
core   0: 3 0x000000008000ff4a (0xfe043783) x15 0x0000000080012074 mem 0x0000000080031f50
core   0: 0x000000008000ff4e (0x00178713) addi    a4, a5, 1
core   0: 3 0x000000008000ff4e (0x00178713) x14 0x0000000080012075
core   0: 0x000000008000ff52 (0xfee43023) sd      a4, -32(s0)
core   0: 3 0x000000008000ff52 (0xfee43023) mem 0x0000000080031f50 0x0000000080012075
core   0: 0x000000008000ff56 (0xfc442703) lw      a4, -60(s0)
core   0: 3 0x000000008000ff56 (0xfc442703) x14 0x0000000000000000 mem 0x0000000080031f34
core   0: 0x000000008000ff5a (0x0ff77713) andi    a4, a4, 255
core   0: 3 0x000000008000ff5a (0x0ff77713) x14 0x0000000000000000
core   0: 0x000000008000ff5e (0x00e78023) sb      a4, 0(a5)
core   0: 3 0x000000008000ff5e (0x00e78023) mem 0x0000000080012074 0x00
core   0: 0x000000008000ff62 (0xfc843703) ld      a4, -56(s0)
core   0: 3 0x000000008000ff62 (0xfc843703) x14 0x0000000080012040 mem 0x0000000080031f38
core   0: 0x000000008000ff66 (0xfb843783) ld      a5, -72(s0)
core   0: 3 0x000000008000ff66 (0xfb843783) x15 0x000000000000009c mem 0x0000000080031f28
core   0: 0x000000008000ff6a (0x000097ba) c.add   a5, a4
core   0: 3 0x000000008000ff6a (0x97ba) x15 0x00000000800120dc
core   0: 0x000000008000ff6c (0xfe043703) ld      a4, -32(s0)
core   0: 3 0x000000008000ff6c (0xfe043703) x14 0x0000000080012075 mem 0x0000000080031f50
core   0: 0x000000008000ff70 (0xfcf76de3) bltu    a4, a5, pc - 38
core   0: 3 0x000000008000ff70 (0xfcf76de3)
core   0: 0x000000008000ff4a (0xfe043783) ld      a5, -32(s0)
core   0: 3 0x000000008000ff4a (0xfe043783) x15 0x0000000080012075 mem 0x0000000080031f50
core   0: 0x000000008000ff4e (0x00178713) addi    a4, a5, 1
core   0: 3 0x000000008000ff4e (0x00178713) x14 0x0000000080012076
core   0: 0x000000008000ff52 (0xfee43023) sd      a4, -32(s0)
core   0: 3 0x000000008000ff52 (0xfee43023) mem 0x0000000080031f50 0x0000000080012076
core   0: 0x000000008000ff56 (0xfc442703) lw      a4, -60(s0)
core   0: 3 0x000000008000ff56 (0xfc442703) x14 0x0000000000000000 mem 0x0000000080031f34
core   0: 0x000000008000ff5a (0x0ff77713) andi    a4, a4, 255
core   0: 3 0x000000008000ff5a (0x0ff77713) x14 0x0000000000000000
core   0: 0x000000008000ff5e (0x00e78023) sb      a4, 0(a5)
core   0: 3 0x000000008000ff5e (0x00e78023) mem 0x0000000080012075 0x00
core   0: 0x000000008000ff62 (0xfc843703) ld      a4, -56(s0)
core   0: 3 0x000000008000ff62 (0xfc843703) x14 0x0000000080012040 mem 0x0000000080031f38
core   0: 0x000000008000ff66 (0xfb843783) ld      a5, -72(s0)
core   0: 3 0x000000008000ff66 (0xfb843783) x15 0x000000000000009c mem 0x0000000080031f28
core   0: 0x000000008000ff6a (0x000097ba) c.add   a5, a4
core   0: 3 0x000000008000ff6a (0x97ba) x15 0x00000000800120dc
core   0: 0x000000008000ff6c (0xfe043703) ld      a4, -32(s0)
core   0: 3 0x000000008000ff6c (0xfe043703) x14 0x0000000080012076 mem 0x0000000080031f50
core   0: 0x000000008000ff70 (0xfcf76de3) bltu    a4, a5, pc - 38
core   0: 3 0x000000008000ff70 (0xfcf76de3)
core   0: 0x000000008000ff4a (0xfe043783) ld      a5, -32(s0)
core   0: 3 0x000000008000ff4a (0xfe043783) x15 0x0000000080012076 mem 0x0000000080031f50
core   0: 0x000000008000ff4e (0x00178713) addi    a4, a5, 1
core   0: 3 0x000000008000ff4e (0x00178713) x14 0x0000000080012077
core   0: 0x000000008000ff52 (0xfee43023) sd      a4, -32(s0)
core   0: 3 0x000000008000ff52 (0xfee43023) mem 0x0000000080031f50 0x0000000080012077
core   0: 0x000000008000ff56 (0xfc442703) lw      a4, -60(s0)
core   0: 3 0x000000008000ff56 (0xfc442703) x14 0x0000000000000000 mem 0x0000000080031f34
core   0: 0x000000008000ff5a (0x0ff77713) andi    a4, a4, 255
core   0: 3 0x000000008000ff5a (0x0ff77713) x14 0x0000000000000000
core   0: 0x000000008000ff5e (0x00e78023) sb      a4, 0(a5)
core   0: 3 0x000000008000ff5e (0x00e78023) mem 0x0000000080012076 0x00
core   0: 0x000000008000ff62 (0xfc843703) ld      a4, -56(s0)
core   0: 3 0x000000008000ff62 (0xfc843703) x14 0x0000000080012040 mem 0x0000000080031f38
core   0: 0x000000008000ff66 (0xfb843783) ld      a5, -72(s0)
core   0: 3 0x000000008000ff66 (0xfb843783) x15 0x000000000000009c mem 0x0000000080031f28
core   0: 0x000000008000ff6a (0x000097ba) c.add   a5, a4
core   0: 3 0x000000008000ff6a (0x97ba) x15 0x00000000800120dc
core   0: 0x000000008000ff6c (0xfe043703) ld      a4, -32(s0)
core   0: 3 0x000000008000ff6c (0xfe043703) x14 0x0000000080012077 mem 0x0000000080031f50
core   0: 0x000000008000ff70 (0xfcf76de3) bltu    a4, a5, pc - 38
core   0: 3 0x000000008000ff70 (0xfcf76de3)
core   0: 0x000000008000ff4a (0xfe043783) ld      a5, -32(s0)
core   0: 3 0x000000008000ff4a (0xfe043783) x15 0x0000000080012077 mem 0x0000000080031f50
core   0: 0x000000008000ff4e (0x00178713) addi    a4, a5, 1
core   0: 3 0x000000008000ff4e (0x00178713) x14 0x0000000080012078
core   0: 0x000000008000ff52 (0xfee43023) sd      a4, -32(s0)
core   0: 3 0x000000008000ff52 (0xfee43023) mem 0x0000000080031f50 0x0000000080012078
core   0: 0x000000008000ff56 (0xfc442703) lw      a4, -60(s0)
core   0: 3 0x000000008000ff56 (0xfc442703) x14 0x0000000000000000 mem 0x0000000080031f34
core   0: 0x000000008000ff5a (0x0ff77713) andi    a4, a4, 255
core   0: 3 0x000000008000ff5a (0x0ff77713) x14 0x0000000000000000
core   0: 0x000000008000ff5e (0x00e78023) sb      a4, 0(a5)
core   0: 3 0x000000008000ff5e (0x00e78023) mem 0x0000000080012077 0x00
core   0: 0x000000008000ff62 (0xfc843703) ld      a4, -56(s0)
core   0: 3 0x000000008000ff62 (0xfc843703) x14 0x0000000080012040 mem 0x0000000080031f38
core   0: 0x000000008000ff66 (0xfb843783) ld      a5, -72(s0)
core   0: 3 0x000000008000ff66 (0xfb843783) x15 0x000000000000009c mem 0x0000000080031f28
core   0: 0x000000008000ff6a (0x000097ba) c.add   a5, a4
core   0: 3 0x000000008000ff6a (0x97ba) x15 0x00000000800120dc
core   0: 0x000000008000ff6c (0xfe043703) ld      a4, -32(s0)
core   0: 3 0x000000008000ff6c (0xfe043703) x14 0x0000000080012078 mem 0x0000000080031f50
core   0: 0x000000008000ff70 (0xfcf76de3) bltu    a4, a5, pc - 38
core   0: 3 0x000000008000ff70 (0xfcf76de3)
core   0: 0x000000008000ff4a (0xfe043783) ld      a5, -32(s0)
core   0: 3 0x000000008000ff4a (0xfe043783) x15 0x0000000080012078 mem 0x0000000080031f50
core   0: 0x000000008000ff4e (0x00178713) addi    a4, a5, 1
core   0: 3 0x000000008000ff4e (0x00178713) x14 0x0000000080012079
core   0: 0x000000008000ff52 (0xfee43023) sd      a4, -32(s0)
core   0: 3 0x000000008000ff52 (0xfee43023) mem 0x0000000080031f50 0x0000000080012079
core   0: 0x000000008000ff56 (0xfc442703) lw      a4, -60(s0)
core   0: 3 0x000000008000ff56 (0xfc442703) x14 0x0000000000000000 mem 0x0000000080031f34
core   0: 0x000000008000ff5a (0x0ff77713) andi    a4, a4, 255
core   0: 3 0x000000008000ff5a (0x0ff77713) x14 0x0000000000000000
core   0: 0x000000008000ff5e (0x00e78023) sb      a4, 0(a5)
core   0: 3 0x000000008000ff5e (0x00e78023) mem 0x0000000080012078 0x00
core   0: 0x000000008000ff62 (0xfc843703) ld      a4, -56(s0)
core   0: 3 0x000000008000ff62 (0xfc843703) x14 0x0000000080012040 mem 0x0000000080031f38
core   0: 0x000000008000ff66 (0xfb843783) ld      a5, -72(s0)
core   0: 3 0x000000008000ff66 (0xfb843783) x15 0x000000000000009c mem 0x0000000080031f28
core   0: 0x000000008000ff6a (0x000097ba) c.add   a5, a4
core   0: 3 0x000000008000ff6a (0x97ba) x15 0x00000000800120dc
core   0: 0x000000008000ff6c (0xfe043703) ld      a4, -32(s0)
core   0: 3 0x000000008000ff6c (0xfe043703) x14 0x0000000080012079 mem 0x0000000080031f50
core   0: 0x000000008000ff70 (0xfcf76de3) bltu    a4, a5, pc - 38
core   0: 3 0x000000008000ff70 (0xfcf76de3)
core   0: 0x000000008000ff4a (0xfe043783) ld      a5, -32(s0)
core   0: 3 0x000000008000ff4a (0xfe043783) x15 0x0000000080012079 mem 0x0000000080031f50
core   0: 0x000000008000ff4e (0x00178713) addi    a4, a5, 1
core   0: 3 0x000000008000ff4e (0x00178713) x14 0x000000008001207a
core   0: 0x000000008000ff52 (0xfee43023) sd      a4, -32(s0)
core   0: 3 0x000000008000ff52 (0xfee43023) mem 0x0000000080031f50 0x000000008001207a
core   0: 0x000000008000ff56 (0xfc442703) lw      a4, -60(s0)
core   0: 3 0x000000008000ff56 (0xfc442703) x14 0x0000000000000000 mem 0x0000000080031f34
core   0: 0x000000008000ff5a (0x0ff77713) andi    a4, a4, 255
core   0: 3 0x000000008000ff5a (0x0ff77713) x14 0x0000000000000000
core   0: 0x000000008000ff5e (0x00e78023) sb      a4, 0(a5)
core   0: 3 0x000000008000ff5e (0x00e78023) mem 0x0000000080012079 0x00
core   0: 0x000000008000ff62 (0xfc843703) ld      a4, -56(s0)
core   0: 3 0x000000008000ff62 (0xfc843703) x14 0x0000000080012040 mem 0x0000000080031f38
core   0: 0x000000008000ff66 (0xfb843783) ld      a5, -72(s0)
core   0: 3 0x000000008000ff66 (0xfb843783) x15 0x000000000000009c mem 0x0000000080031f28
core   0: 0x000000008000ff6a (0x000097ba) c.add   a5, a4
core   0: 3 0x000000008000ff6a (0x97ba) x15 0x00000000800120dc
core   0: 0x000000008000ff6c (0xfe043703) ld      a4, -32(s0)
core   0: 3 0x000000008000ff6c (0xfe043703) x14 0x000000008001207a mem 0x0000000080031f50
core   0: 0x000000008000ff70 (0xfcf76de3) bltu    a4, a5, pc - 38
core   0: 3 0x000000008000ff70 (0xfcf76de3)
core   0: 0x000000008000ff4a (0xfe043783) ld      a5, -32(s0)
core   0: 3 0x000000008000ff4a (0xfe043783) x15 0x000000008001207a mem 0x0000000080031f50
core   0: 0x000000008000ff4e (0x00178713) addi    a4, a5, 1
core   0: 3 0x000000008000ff4e (0x00178713) x14 0x000000008001207b
core   0: 0x000000008000ff52 (0xfee43023) sd      a4, -32(s0)
core   0: 3 0x000000008000ff52 (0xfee43023) mem 0x0000000080031f50 0x000000008001207b
core   0: 0x000000008000ff56 (0xfc442703) lw      a4, -60(s0)
core   0: 3 0x000000008000ff56 (0xfc442703) x14 0x0000000000000000 mem 0x0000000080031f34
core   0: 0x000000008000ff5a (0x0ff77713) andi    a4, a4, 255
core   0: 3 0x000000008000ff5a (0x0ff77713) x14 0x0000000000000000
core   0: 0x000000008000ff5e (0x00e78023) sb      a4, 0(a5)
core   0: 3 0x000000008000ff5e (0x00e78023) mem 0x000000008001207a 0x00
core   0: 0x000000008000ff62 (0xfc843703) ld      a4, -56(s0)
core   0: 3 0x000000008000ff62 (0xfc843703) x14 0x0000000080012040 mem 0x0000000080031f38
core   0: 0x000000008000ff66 (0xfb843783) ld      a5, -72(s0)
core   0: 3 0x000000008000ff66 (0xfb843783) x15 0x000000000000009c mem 0x0000000080031f28
core   0: 0x000000008000ff6a (0x000097ba) c.add   a5, a4
core   0: 3 0x000000008000ff6a (0x97ba) x15 0x00000000800120dc
core   0: 0x000000008000ff6c (0xfe043703) ld      a4, -32(s0)
core   0: 3 0x000000008000ff6c (0xfe043703) x14 0x000000008001207b mem 0x0000000080031f50
core   0: 0x000000008000ff70 (0xfcf76de3) bltu    a4, a5, pc - 38
core   0: 3 0x000000008000ff70 (0xfcf76de3)
core   0: 0x000000008000ff4a (0xfe043783) ld      a5, -32(s0)
core   0: 3 0x000000008000ff4a (0xfe043783) x15 0x000000008001207b mem 0x0000000080031f50
core   0: 0x000000008000ff4e (0x00178713) addi    a4, a5, 1
core   0: 3 0x000000008000ff4e (0x00178713) x14 0x000000008001207c
core   0: 0x000000008000ff52 (0xfee43023) sd      a4, -32(s0)
core   0: 3 0x000000008000ff52 (0xfee43023) mem 0x0000000080031f50 0x000000008001207c
core   0: 0x000000008000ff56 (0xfc442703) lw      a4, -60(s0)
core   0: 3 0x000000008000ff56 (0xfc442703) x14 0x0000000000000000 mem 0x0000000080031f34
core   0: 0x000000008000ff5a (0x0ff77713) andi    a4, a4, 255
core   0: 3 0x000000008000ff5a (0x0ff77713) x14 0x0000000000000000
core   0: 0x000000008000ff5e (0x00e78023) sb      a4, 0(a5)
core   0: 3 0x000000008000ff5e (0x00e78023) mem 0x000000008001207b 0x00
core   0: 0x000000008000ff62 (0xfc843703) ld      a4, -56(s0)
core   0: 3 0x000000008000ff62 (0xfc843703) x14 0x0000000080012040 mem 0x0000000080031f38
core   0: 0x000000008000ff66 (0xfb843783) ld      a5, -72(s0)
core   0: 3 0x000000008000ff66 (0xfb843783) x15 0x000000000000009c mem 0x0000000080031f28
core   0: 0x000000008000ff6a (0x000097ba) c.add   a5, a4
core   0: 3 0x000000008000ff6a (0x97ba) x15 0x00000000800120dc
core   0: 0x000000008000ff6c (0xfe043703) ld      a4, -32(s0)
core   0: 3 0x000000008000ff6c (0xfe043703) x14 0x000000008001207c mem 0x0000000080031f50
core   0: 0x000000008000ff70 (0xfcf76de3) bltu    a4, a5, pc - 38
core   0: 3 0x000000008000ff70 (0xfcf76de3)
core   0: 0x000000008000ff4a (0xfe043783) ld      a5, -32(s0)
core   0: 3 0x000000008000ff4a (0xfe043783) x15 0x000000008001207c mem 0x0000000080031f50
core   0: 0x000000008000ff4e (0x00178713) addi    a4, a5, 1
core   0: 3 0x000000008000ff4e (0x00178713) x14 0x000000008001207d
core   0: 0x000000008000ff52 (0xfee43023) sd      a4, -32(s0)
core   0: 3 0x000000008000ff52 (0xfee43023) mem 0x0000000080031f50 0x000000008001207d
core   0: 0x000000008000ff56 (0xfc442703) lw      a4, -60(s0)
core   0: 3 0x000000008000ff56 (0xfc442703) x14 0x0000000000000000 mem 0x0000000080031f34
core   0: 0x000000008000ff5a (0x0ff77713) andi    a4, a4, 255
core   0: 3 0x000000008000ff5a (0x0ff77713) x14 0x0000000000000000
core   0: 0x000000008000ff5e (0x00e78023) sb      a4, 0(a5)
core   0: 3 0x000000008000ff5e (0x00e78023) mem 0x000000008001207c 0x00
core   0: 0x000000008000ff62 (0xfc843703) ld      a4, -56(s0)
core   0: 3 0x000000008000ff62 (0xfc843703) x14 0x0000000080012040 mem 0x0000000080031f38
core   0: 0x000000008000ff66 (0xfb843783) ld      a5, -72(s0)
core   0: 3 0x000000008000ff66 (0xfb843783) x15 0x000000000000009c mem 0x0000000080031f28
core   0: 0x000000008000ff6a (0x000097ba) c.add   a5, a4
core   0: 3 0x000000008000ff6a (0x97ba) x15 0x00000000800120dc
core   0: 0x000000008000ff6c (0xfe043703) ld      a4, -32(s0)
core   0: 3 0x000000008000ff6c (0xfe043703) x14 0x000000008001207d mem 0x0000000080031f50
core   0: 0x000000008000ff70 (0xfcf76de3) bltu    a4, a5, pc - 38
core   0: 3 0x000000008000ff70 (0xfcf76de3)
core   0: 0x000000008000ff4a (0xfe043783) ld      a5, -32(s0)
core   0: 3 0x000000008000ff4a (0xfe043783) x15 0x000000008001207d mem 0x0000000080031f50
core   0: 0x000000008000ff4e (0x00178713) addi    a4, a5, 1
core   0: 3 0x000000008000ff4e (0x00178713) x14 0x000000008001207e
core   0: 0x000000008000ff52 (0xfee43023) sd      a4, -32(s0)
core   0: 3 0x000000008000ff52 (0xfee43023) mem 0x0000000080031f50 0x000000008001207e
core   0: 0x000000008000ff56 (0xfc442703) lw      a4, -60(s0)
core   0: 3 0x000000008000ff56 (0xfc442703) x14 0x0000000000000000 mem 0x0000000080031f34
core   0: 0x000000008000ff5a (0x0ff77713) andi    a4, a4, 255
core   0: 3 0x000000008000ff5a (0x0ff77713) x14 0x0000000000000000
core   0: 0x000000008000ff5e (0x00e78023) sb      a4, 0(a5)
core   0: 3 0x000000008000ff5e (0x00e78023) mem 0x000000008001207d 0x00
core   0: 0x000000008000ff62 (0xfc843703) ld      a4, -56(s0)
core   0: 3 0x000000008000ff62 (0xfc843703) x14 0x0000000080012040 mem 0x0000000080031f38
core   0: 0x000000008000ff66 (0xfb843783) ld      a5, -72(s0)
core   0: 3 0x000000008000ff66 (0xfb843783) x15 0x000000000000009c mem 0x0000000080031f28
core   0: 0x000000008000ff6a (0x000097ba) c.add   a5, a4
core   0: 3 0x000000008000ff6a (0x97ba) x15 0x00000000800120dc
core   0: 0x000000008000ff6c (0xfe043703) ld      a4, -32(s0)
core   0: 3 0x000000008000ff6c (0xfe043703) x14 0x000000008001207e mem 0x0000000080031f50
core   0: 0x000000008000ff70 (0xfcf76de3) bltu    a4, a5, pc - 38
core   0: 3 0x000000008000ff70 (0xfcf76de3)
core   0: 0x000000008000ff4a (0xfe043783) ld      a5, -32(s0)
core   0: 3 0x000000008000ff4a (0xfe043783) x15 0x000000008001207e mem 0x0000000080031f50
core   0: 0x000000008000ff4e (0x00178713) addi    a4, a5, 1
core   0: 3 0x000000008000ff4e (0x00178713) x14 0x000000008001207f
core   0: 0x000000008000ff52 (0xfee43023) sd      a4, -32(s0)
core   0: 3 0x000000008000ff52 (0xfee43023) mem 0x0000000080031f50 0x000000008001207f
core   0: 0x000000008000ff56 (0xfc442703) lw      a4, -60(s0)
core   0: 3 0x000000008000ff56 (0xfc442703) x14 0x0000000000000000 mem 0x0000000080031f34
core   0: 0x000000008000ff5a (0x0ff77713) andi    a4, a4, 255
core   0: 3 0x000000008000ff5a (0x0ff77713) x14 0x0000000000000000
core   0: 0x000000008000ff5e (0x00e78023) sb      a4, 0(a5)
core   0: 3 0x000000008000ff5e (0x00e78023) mem 0x000000008001207e 0x00
core   0: 0x000000008000ff62 (0xfc843703) ld      a4, -56(s0)
core   0: 3 0x000000008000ff62 (0xfc843703) x14 0x0000000080012040 mem 0x0000000080031f38
core   0: 0x000000008000ff66 (0xfb843783) ld      a5, -72(s0)
core   0: 3 0x000000008000ff66 (0xfb843783) x15 0x000000000000009c mem 0x0000000080031f28
core   0: 0x000000008000ff6a (0x000097ba) c.add   a5, a4
core   0: 3 0x000000008000ff6a (0x97ba) x15 0x00000000800120dc
core   0: 0x000000008000ff6c (0xfe043703) ld      a4, -32(s0)
core   0: 3 0x000000008000ff6c (0xfe043703) x14 0x000000008001207f mem 0x0000000080031f50
core   0: 0x000000008000ff70 (0xfcf76de3) bltu    a4, a5, pc - 38
core   0: 3 0x000000008000ff70 (0xfcf76de3)
core   0: 0x000000008000ff4a (0xfe043783) ld      a5, -32(s0)
core   0: 3 0x000000008000ff4a (0xfe043783) x15 0x000000008001207f mem 0x0000000080031f50
core   0: 0x000000008000ff4e (0x00178713) addi    a4, a5, 1
core   0: 3 0x000000008000ff4e (0x00178713) x14 0x0000000080012080
core   0: 0x000000008000ff52 (0xfee43023) sd      a4, -32(s0)
core   0: 3 0x000000008000ff52 (0xfee43023) mem 0x0000000080031f50 0x0000000080012080
core   0: 0x000000008000ff56 (0xfc442703) lw      a4, -60(s0)
core   0: 3 0x000000008000ff56 (0xfc442703) x14 0x0000000000000000 mem 0x0000000080031f34
core   0: 0x000000008000ff5a (0x0ff77713) andi    a4, a4, 255
core   0: 3 0x000000008000ff5a (0x0ff77713) x14 0x0000000000000000
core   0: 0x000000008000ff5e (0x00e78023) sb      a4, 0(a5)
core   0: 3 0x000000008000ff5e (0x00e78023) mem 0x000000008001207f 0x00
core   0: 0x000000008000ff62 (0xfc843703) ld      a4, -56(s0)
core   0: 3 0x000000008000ff62 (0xfc843703) x14 0x0000000080012040 mem 0x0000000080031f38
core   0: 0x000000008000ff66 (0xfb843783) ld      a5, -72(s0)
core   0: 3 0x000000008000ff66 (0xfb843783) x15 0x000000000000009c mem 0x0000000080031f28
core   0: 0x000000008000ff6a (0x000097ba) c.add   a5, a4
core   0: 3 0x000000008000ff6a (0x97ba) x15 0x00000000800120dc
core   0: 0x000000008000ff6c (0xfe043703) ld      a4, -32(s0)
core   0: 3 0x000000008000ff6c (0xfe043703) x14 0x0000000080012080 mem 0x0000000080031f50
core   0: 0x000000008000ff70 (0xfcf76de3) bltu    a4, a5, pc - 38
core   0: 3 0x000000008000ff70 (0xfcf76de3)
core   0: 0x000000008000ff4a (0xfe043783) ld      a5, -32(s0)
core   0: 3 0x000000008000ff4a (0xfe043783) x15 0x0000000080012080 mem 0x0000000080031f50
core   0: 0x000000008000ff4e (0x00178713) addi    a4, a5, 1
core   0: 3 0x000000008000ff4e (0x00178713) x14 0x0000000080012081
core   0: 0x000000008000ff52 (0xfee43023) sd      a4, -32(s0)
core   0: 3 0x000000008000ff52 (0xfee43023) mem 0x0000000080031f50 0x0000000080012081
core   0: 0x000000008000ff56 (0xfc442703) lw      a4, -60(s0)
core   0: 3 0x000000008000ff56 (0xfc442703) x14 0x0000000000000000 mem 0x0000000080031f34
core   0: 0x000000008000ff5a (0x0ff77713) andi    a4, a4, 255
core   0: 3 0x000000008000ff5a (0x0ff77713) x14 0x0000000000000000
core   0: 0x000000008000ff5e (0x00e78023) sb      a4, 0(a5)
core   0: 3 0x000000008000ff5e (0x00e78023) mem 0x0000000080012080 0x00
core   0: 0x000000008000ff62 (0xfc843703) ld      a4, -56(s0)
core   0: 3 0x000000008000ff62 (0xfc843703) x14 0x0000000080012040 mem 0x0000000080031f38
core   0: 0x000000008000ff66 (0xfb843783) ld      a5, -72(s0)
core   0: 3 0x000000008000ff66 (0xfb843783) x15 0x000000000000009c mem 0x0000000080031f28
core   0: 0x000000008000ff6a (0x000097ba) c.add   a5, a4
core   0: 3 0x000000008000ff6a (0x97ba) x15 0x00000000800120dc
core   0: 0x000000008000ff6c (0xfe043703) ld      a4, -32(s0)
core   0: 3 0x000000008000ff6c (0xfe043703) x14 0x0000000080012081 mem 0x0000000080031f50
core   0: 0x000000008000ff70 (0xfcf76de3) bltu    a4, a5, pc - 38
core   0: 3 0x000000008000ff70 (0xfcf76de3)
core   0: 0x000000008000ff4a (0xfe043783) ld      a5, -32(s0)
core   0: 3 0x000000008000ff4a (0xfe043783) x15 0x0000000080012081 mem 0x0000000080031f50
core   0: 0x000000008000ff4e (0x00178713) addi    a4, a5, 1
core   0: 3 0x000000008000ff4e (0x00178713) x14 0x0000000080012082
core   0: 0x000000008000ff52 (0xfee43023) sd      a4, -32(s0)
core   0: 3 0x000000008000ff52 (0xfee43023) mem 0x0000000080031f50 0x0000000080012082
core   0: 0x000000008000ff56 (0xfc442703) lw      a4, -60(s0)
core   0: 3 0x000000008000ff56 (0xfc442703) x14 0x0000000000000000 mem 0x0000000080031f34
core   0: 0x000000008000ff5a (0x0ff77713) andi    a4, a4, 255
core   0: 3 0x000000008000ff5a (0x0ff77713) x14 0x0000000000000000
core   0: 0x000000008000ff5e (0x00e78023) sb      a4, 0(a5)
core   0: 3 0x000000008000ff5e (0x00e78023) mem 0x0000000080012081 0x00
core   0: 0x000000008000ff62 (0xfc843703) ld      a4, -56(s0)
core   0: 3 0x000000008000ff62 (0xfc843703) x14 0x0000000080012040 mem 0x0000000080031f38
core   0: 0x000000008000ff66 (0xfb843783) ld      a5, -72(s0)
core   0: 3 0x000000008000ff66 (0xfb843783) x15 0x000000000000009c mem 0x0000000080031f28
core   0: 0x000000008000ff6a (0x000097ba) c.add   a5, a4
core   0: 3 0x000000008000ff6a (0x97ba) x15 0x00000000800120dc
core   0: 0x000000008000ff6c (0xfe043703) ld      a4, -32(s0)
core   0: 3 0x000000008000ff6c (0xfe043703) x14 0x0000000080012082 mem 0x0000000080031f50
core   0: 0x000000008000ff70 (0xfcf76de3) bltu    a4, a5, pc - 38
core   0: 3 0x000000008000ff70 (0xfcf76de3)
core   0: 0x000000008000ff4a (0xfe043783) ld      a5, -32(s0)
core   0: 3 0x000000008000ff4a (0xfe043783) x15 0x0000000080012082 mem 0x0000000080031f50
core   0: 0x000000008000ff4e (0x00178713) addi    a4, a5, 1
core   0: 3 0x000000008000ff4e (0x00178713) x14 0x0000000080012083
core   0: 0x000000008000ff52 (0xfee43023) sd      a4, -32(s0)
core   0: 3 0x000000008000ff52 (0xfee43023) mem 0x0000000080031f50 0x0000000080012083
core   0: 0x000000008000ff56 (0xfc442703) lw      a4, -60(s0)
core   0: 3 0x000000008000ff56 (0xfc442703) x14 0x0000000000000000 mem 0x0000000080031f34
core   0: 0x000000008000ff5a (0x0ff77713) andi    a4, a4, 255
core   0: 3 0x000000008000ff5a (0x0ff77713) x14 0x0000000000000000
core   0: 0x000000008000ff5e (0x00e78023) sb      a4, 0(a5)
core   0: 3 0x000000008000ff5e (0x00e78023) mem 0x0000000080012082 0x00
core   0: 0x000000008000ff62 (0xfc843703) ld      a4, -56(s0)
core   0: 3 0x000000008000ff62 (0xfc843703) x14 0x0000000080012040 mem 0x0000000080031f38
core   0: 0x000000008000ff66 (0xfb843783) ld      a5, -72(s0)
core   0: 3 0x000000008000ff66 (0xfb843783) x15 0x000000000000009c mem 0x0000000080031f28
core   0: 0x000000008000ff6a (0x000097ba) c.add   a5, a4
core   0: 3 0x000000008000ff6a (0x97ba) x15 0x00000000800120dc
core   0: 0x000000008000ff6c (0xfe043703) ld      a4, -32(s0)
core   0: 3 0x000000008000ff6c (0xfe043703) x14 0x0000000080012083 mem 0x0000000080031f50
core   0: 0x000000008000ff70 (0xfcf76de3) bltu    a4, a5, pc - 38
core   0: 3 0x000000008000ff70 (0xfcf76de3)
core   0: 0x000000008000ff4a (0xfe043783) ld      a5, -32(s0)
core   0: 3 0x000000008000ff4a (0xfe043783) x15 0x0000000080012083 mem 0x0000000080031f50
core   0: 0x000000008000ff4e (0x00178713) addi    a4, a5, 1
core   0: 3 0x000000008000ff4e (0x00178713) x14 0x0000000080012084
core   0: 0x000000008000ff52 (0xfee43023) sd      a4, -32(s0)
core   0: 3 0x000000008000ff52 (0xfee43023) mem 0x0000000080031f50 0x0000000080012084
core   0: 0x000000008000ff56 (0xfc442703) lw      a4, -60(s0)
core   0: 3 0x000000008000ff56 (0xfc442703) x14 0x0000000000000000 mem 0x0000000080031f34
core   0: 0x000000008000ff5a (0x0ff77713) andi    a4, a4, 255
core   0: 3 0x000000008000ff5a (0x0ff77713) x14 0x0000000000000000
core   0: 0x000000008000ff5e (0x00e78023) sb      a4, 0(a5)
core   0: 3 0x000000008000ff5e (0x00e78023) mem 0x0000000080012083 0x00
core   0: 0x000000008000ff62 (0xfc843703) ld      a4, -56(s0)
core   0: 3 0x000000008000ff62 (0xfc843703) x14 0x0000000080012040 mem 0x0000000080031f38
core   0: 0x000000008000ff66 (0xfb843783) ld      a5, -72(s0)
core   0: 3 0x000000008000ff66 (0xfb843783) x15 0x000000000000009c mem 0x0000000080031f28
core   0: 0x000000008000ff6a (0x000097ba) c.add   a5, a4
core   0: 3 0x000000008000ff6a (0x97ba) x15 0x00000000800120dc
core   0: 0x000000008000ff6c (0xfe043703) ld      a4, -32(s0)
core   0: 3 0x000000008000ff6c (0xfe043703) x14 0x0000000080012084 mem 0x0000000080031f50
core   0: 0x000000008000ff70 (0xfcf76de3) bltu    a4, a5, pc - 38
core   0: 3 0x000000008000ff70 (0xfcf76de3)
core   0: 0x000000008000ff4a (0xfe043783) ld      a5, -32(s0)
core   0: 3 0x000000008000ff4a (0xfe043783) x15 0x0000000080012084 mem 0x0000000080031f50
core   0: 0x000000008000ff4e (0x00178713) addi    a4, a5, 1
core   0: 3 0x000000008000ff4e (0x00178713) x14 0x0000000080012085
core   0: 0x000000008000ff52 (0xfee43023) sd      a4, -32(s0)
core   0: 3 0x000000008000ff52 (0xfee43023) mem 0x0000000080031f50 0x0000000080012085
core   0: 0x000000008000ff56 (0xfc442703) lw      a4, -60(s0)
core   0: 3 0x000000008000ff56 (0xfc442703) x14 0x0000000000000000 mem 0x0000000080031f34
core   0: 0x000000008000ff5a (0x0ff77713) andi    a4, a4, 255
core   0: 3 0x000000008000ff5a (0x0ff77713) x14 0x0000000000000000
core   0: 0x000000008000ff5e (0x00e78023) sb      a4, 0(a5)
core   0: 3 0x000000008000ff5e (0x00e78023) mem 0x0000000080012084 0x00
core   0: 0x000000008000ff62 (0xfc843703) ld      a4, -56(s0)
core   0: 3 0x000000008000ff62 (0xfc843703) x14 0x0000000080012040 mem 0x0000000080031f38
core   0: 0x000000008000ff66 (0xfb843783) ld      a5, -72(s0)
core   0: 3 0x000000008000ff66 (0xfb843783) x15 0x000000000000009c mem 0x0000000080031f28
core   0: 0x000000008000ff6a (0x000097ba) c.add   a5, a4
core   0: 3 0x000000008000ff6a (0x97ba) x15 0x00000000800120dc
core   0: 0x000000008000ff6c (0xfe043703) ld      a4, -32(s0)
core   0: 3 0x000000008000ff6c (0xfe043703) x14 0x0000000080012085 mem 0x0000000080031f50
core   0: 0x000000008000ff70 (0xfcf76de3) bltu    a4, a5, pc - 38
core   0: 3 0x000000008000ff70 (0xfcf76de3)
core   0: 0x000000008000ff4a (0xfe043783) ld      a5, -32(s0)
core   0: 3 0x000000008000ff4a (0xfe043783) x15 0x0000000080012085 mem 0x0000000080031f50
core   0: 0x000000008000ff4e (0x00178713) addi    a4, a5, 1
core   0: 3 0x000000008000ff4e (0x00178713) x14 0x0000000080012086
core   0: 0x000000008000ff52 (0xfee43023) sd      a4, -32(s0)
core   0: 3 0x000000008000ff52 (0xfee43023) mem 0x0000000080031f50 0x0000000080012086
core   0: 0x000000008000ff56 (0xfc442703) lw      a4, -60(s0)
core   0: 3 0x000000008000ff56 (0xfc442703) x14 0x0000000000000000 mem 0x0000000080031f34
core   0: 0x000000008000ff5a (0x0ff77713) andi    a4, a4, 255
core   0: 3 0x000000008000ff5a (0x0ff77713) x14 0x0000000000000000
core   0: 0x000000008000ff5e (0x00e78023) sb      a4, 0(a5)
core   0: 3 0x000000008000ff5e (0x00e78023) mem 0x0000000080012085 0x00
core   0: 0x000000008000ff62 (0xfc843703) ld      a4, -56(s0)
core   0: 3 0x000000008000ff62 (0xfc843703) x14 0x0000000080012040 mem 0x0000000080031f38
core   0: 0x000000008000ff66 (0xfb843783) ld      a5, -72(s0)
core   0: 3 0x000000008000ff66 (0xfb843783) x15 0x000000000000009c mem 0x0000000080031f28
core   0: 0x000000008000ff6a (0x000097ba) c.add   a5, a4
core   0: 3 0x000000008000ff6a (0x97ba) x15 0x00000000800120dc
core   0: 0x000000008000ff6c (0xfe043703) ld      a4, -32(s0)
core   0: 3 0x000000008000ff6c (0xfe043703) x14 0x0000000080012086 mem 0x0000000080031f50
core   0: 0x000000008000ff70 (0xfcf76de3) bltu    a4, a5, pc - 38
core   0: 3 0x000000008000ff70 (0xfcf76de3)
core   0: 0x000000008000ff4a (0xfe043783) ld      a5, -32(s0)
core   0: 3 0x000000008000ff4a (0xfe043783) x15 0x0000000080012086 mem 0x0000000080031f50
core   0: 0x000000008000ff4e (0x00178713) addi    a4, a5, 1
core   0: 3 0x000000008000ff4e (0x00178713) x14 0x0000000080012087
core   0: 0x000000008000ff52 (0xfee43023) sd      a4, -32(s0)
core   0: 3 0x000000008000ff52 (0xfee43023) mem 0x0000000080031f50 0x0000000080012087
core   0: 0x000000008000ff56 (0xfc442703) lw      a4, -60(s0)
core   0: 3 0x000000008000ff56 (0xfc442703) x14 0x0000000000000000 mem 0x0000000080031f34
core   0: 0x000000008000ff5a (0x0ff77713) andi    a4, a4, 255
core   0: 3 0x000000008000ff5a (0x0ff77713) x14 0x0000000000000000
core   0: 0x000000008000ff5e (0x00e78023) sb      a4, 0(a5)
core   0: 3 0x000000008000ff5e (0x00e78023) mem 0x0000000080012086 0x00
core   0: 0x000000008000ff62 (0xfc843703) ld      a4, -56(s0)
core   0: 3 0x000000008000ff62 (0xfc843703) x14 0x0000000080012040 mem 0x0000000080031f38
core   0: 0x000000008000ff66 (0xfb843783) ld      a5, -72(s0)
core   0: 3 0x000000008000ff66 (0xfb843783) x15 0x000000000000009c mem 0x0000000080031f28
core   0: 0x000000008000ff6a (0x000097ba) c.add   a5, a4
core   0: 3 0x000000008000ff6a (0x97ba) x15 0x00000000800120dc
core   0: 0x000000008000ff6c (0xfe043703) ld      a4, -32(s0)
core   0: 3 0x000000008000ff6c (0xfe043703) x14 0x0000000080012087 mem 0x0000000080031f50
core   0: 0x000000008000ff70 (0xfcf76de3) bltu    a4, a5, pc - 38
core   0: 3 0x000000008000ff70 (0xfcf76de3)
core   0: 0x000000008000ff4a (0xfe043783) ld      a5, -32(s0)
core   0: 3 0x000000008000ff4a (0xfe043783) x15 0x0000000080012087 mem 0x0000000080031f50
core   0: 0x000000008000ff4e (0x00178713) addi    a4, a5, 1
core   0: 3 0x000000008000ff4e (0x00178713) x14 0x0000000080012088
core   0: 0x000000008000ff52 (0xfee43023) sd      a4, -32(s0)
core   0: 3 0x000000008000ff52 (0xfee43023) mem 0x0000000080031f50 0x0000000080012088
core   0: 0x000000008000ff56 (0xfc442703) lw      a4, -60(s0)
core   0: 3 0x000000008000ff56 (0xfc442703) x14 0x0000000000000000 mem 0x0000000080031f34
core   0: 0x000000008000ff5a (0x0ff77713) andi    a4, a4, 255
core   0: 3 0x000000008000ff5a (0x0ff77713) x14 0x0000000000000000
core   0: 0x000000008000ff5e (0x00e78023) sb      a4, 0(a5)
core   0: 3 0x000000008000ff5e (0x00e78023) mem 0x0000000080012087 0x00
core   0: 0x000000008000ff62 (0xfc843703) ld      a4, -56(s0)
core   0: 3 0x000000008000ff62 (0xfc843703) x14 0x0000000080012040 mem 0x0000000080031f38
core   0: 0x000000008000ff66 (0xfb843783) ld      a5, -72(s0)
core   0: 3 0x000000008000ff66 (0xfb843783) x15 0x000000000000009c mem 0x0000000080031f28
core   0: 0x000000008000ff6a (0x000097ba) c.add   a5, a4
core   0: 3 0x000000008000ff6a (0x97ba) x15 0x00000000800120dc
core   0: 0x000000008000ff6c (0xfe043703) ld      a4, -32(s0)
core   0: 3 0x000000008000ff6c (0xfe043703) x14 0x0000000080012088 mem 0x0000000080031f50
core   0: 0x000000008000ff70 (0xfcf76de3) bltu    a4, a5, pc - 38
core   0: 3 0x000000008000ff70 (0xfcf76de3)
core   0: 0x000000008000ff4a (0xfe043783) ld      a5, -32(s0)
core   0: 3 0x000000008000ff4a (0xfe043783) x15 0x0000000080012088 mem 0x0000000080031f50
core   0: 0x000000008000ff4e (0x00178713) addi    a4, a5, 1
core   0: 3 0x000000008000ff4e (0x00178713) x14 0x0000000080012089
core   0: 0x000000008000ff52 (0xfee43023) sd      a4, -32(s0)
core   0: 3 0x000000008000ff52 (0xfee43023) mem 0x0000000080031f50 0x0000000080012089
core   0: 0x000000008000ff56 (0xfc442703) lw      a4, -60(s0)
core   0: 3 0x000000008000ff56 (0xfc442703) x14 0x0000000000000000 mem 0x0000000080031f34
core   0: 0x000000008000ff5a (0x0ff77713) andi    a4, a4, 255
core   0: 3 0x000000008000ff5a (0x0ff77713) x14 0x0000000000000000
core   0: 0x000000008000ff5e (0x00e78023) sb      a4, 0(a5)
core   0: 3 0x000000008000ff5e (0x00e78023) mem 0x0000000080012088 0x00
core   0: 0x000000008000ff62 (0xfc843703) ld      a4, -56(s0)
core   0: 3 0x000000008000ff62 (0xfc843703) x14 0x0000000080012040 mem 0x0000000080031f38
core   0: 0x000000008000ff66 (0xfb843783) ld      a5, -72(s0)
core   0: 3 0x000000008000ff66 (0xfb843783) x15 0x000000000000009c mem 0x0000000080031f28
core   0: 0x000000008000ff6a (0x000097ba) c.add   a5, a4
core   0: 3 0x000000008000ff6a (0x97ba) x15 0x00000000800120dc
core   0: 0x000000008000ff6c (0xfe043703) ld      a4, -32(s0)
core   0: 3 0x000000008000ff6c (0xfe043703) x14 0x0000000080012089 mem 0x0000000080031f50
core   0: 0x000000008000ff70 (0xfcf76de3) bltu    a4, a5, pc - 38
core   0: 3 0x000000008000ff70 (0xfcf76de3)
core   0: 0x000000008000ff4a (0xfe043783) ld      a5, -32(s0)
core   0: 3 0x000000008000ff4a (0xfe043783) x15 0x0000000080012089 mem 0x0000000080031f50
core   0: 0x000000008000ff4e (0x00178713) addi    a4, a5, 1
core   0: 3 0x000000008000ff4e (0x00178713) x14 0x000000008001208a
core   0: 0x000000008000ff52 (0xfee43023) sd      a4, -32(s0)
core   0: 3 0x000000008000ff52 (0xfee43023) mem 0x0000000080031f50 0x000000008001208a
core   0: 0x000000008000ff56 (0xfc442703) lw      a4, -60(s0)
core   0: 3 0x000000008000ff56 (0xfc442703) x14 0x0000000000000000 mem 0x0000000080031f34
core   0: 0x000000008000ff5a (0x0ff77713) andi    a4, a4, 255
core   0: 3 0x000000008000ff5a (0x0ff77713) x14 0x0000000000000000
core   0: 0x000000008000ff5e (0x00e78023) sb      a4, 0(a5)
core   0: 3 0x000000008000ff5e (0x00e78023) mem 0x0000000080012089 0x00
core   0: 0x000000008000ff62 (0xfc843703) ld      a4, -56(s0)
core   0: 3 0x000000008000ff62 (0xfc843703) x14 0x0000000080012040 mem 0x0000000080031f38
core   0: 0x000000008000ff66 (0xfb843783) ld      a5, -72(s0)
core   0: 3 0x000000008000ff66 (0xfb843783) x15 0x000000000000009c mem 0x0000000080031f28
core   0: 0x000000008000ff6a (0x000097ba) c.add   a5, a4
core   0: 3 0x000000008000ff6a (0x97ba) x15 0x00000000800120dc
core   0: 0x000000008000ff6c (0xfe043703) ld      a4, -32(s0)
core   0: 3 0x000000008000ff6c (0xfe043703) x14 0x000000008001208a mem 0x0000000080031f50
core   0: 0x000000008000ff70 (0xfcf76de3) bltu    a4, a5, pc - 38
core   0: 3 0x000000008000ff70 (0xfcf76de3)
core   0: 0x000000008000ff4a (0xfe043783) ld      a5, -32(s0)
core   0: 3 0x000000008000ff4a (0xfe043783) x15 0x000000008001208a mem 0x0000000080031f50
core   0: 0x000000008000ff4e (0x00178713) addi    a4, a5, 1
core   0: 3 0x000000008000ff4e (0x00178713) x14 0x000000008001208b
core   0: 0x000000008000ff52 (0xfee43023) sd      a4, -32(s0)
core   0: 3 0x000000008000ff52 (0xfee43023) mem 0x0000000080031f50 0x000000008001208b
core   0: 0x000000008000ff56 (0xfc442703) lw      a4, -60(s0)
core   0: 3 0x000000008000ff56 (0xfc442703) x14 0x0000000000000000 mem 0x0000000080031f34
core   0: 0x000000008000ff5a (0x0ff77713) andi    a4, a4, 255
core   0: 3 0x000000008000ff5a (0x0ff77713) x14 0x0000000000000000
core   0: 0x000000008000ff5e (0x00e78023) sb      a4, 0(a5)
core   0: 3 0x000000008000ff5e (0x00e78023) mem 0x000000008001208a 0x00
core   0: 0x000000008000ff62 (0xfc843703) ld      a4, -56(s0)
core   0: 3 0x000000008000ff62 (0xfc843703) x14 0x0000000080012040 mem 0x0000000080031f38
core   0: 0x000000008000ff66 (0xfb843783) ld      a5, -72(s0)
core   0: 3 0x000000008000ff66 (0xfb843783) x15 0x000000000000009c mem 0x0000000080031f28
core   0: 0x000000008000ff6a (0x000097ba) c.add   a5, a4
core   0: 3 0x000000008000ff6a (0x97ba) x15 0x00000000800120dc
core   0: 0x000000008000ff6c (0xfe043703) ld      a4, -32(s0)
core   0: 3 0x000000008000ff6c (0xfe043703) x14 0x000000008001208b mem 0x0000000080031f50
core   0: 0x000000008000ff70 (0xfcf76de3) bltu    a4, a5, pc - 38
core   0: 3 0x000000008000ff70 (0xfcf76de3)
core   0: 0x000000008000ff4a (0xfe043783) ld      a5, -32(s0)
core   0: 3 0x000000008000ff4a (0xfe043783) x15 0x000000008001208b mem 0x0000000080031f50
core   0: 0x000000008000ff4e (0x00178713) addi    a4, a5, 1
core   0: 3 0x000000008000ff4e (0x00178713) x14 0x000000008001208c
core   0: 0x000000008000ff52 (0xfee43023) sd      a4, -32(s0)
core   0: 3 0x000000008000ff52 (0xfee43023) mem 0x0000000080031f50 0x000000008001208c
core   0: 0x000000008000ff56 (0xfc442703) lw      a4, -60(s0)
core   0: 3 0x000000008000ff56 (0xfc442703) x14 0x0000000000000000 mem 0x0000000080031f34
core   0: 0x000000008000ff5a (0x0ff77713) andi    a4, a4, 255
core   0: 3 0x000000008000ff5a (0x0ff77713) x14 0x0000000000000000
core   0: 0x000000008000ff5e (0x00e78023) sb      a4, 0(a5)
core   0: 3 0x000000008000ff5e (0x00e78023) mem 0x000000008001208b 0x00
core   0: 0x000000008000ff62 (0xfc843703) ld      a4, -56(s0)
core   0: 3 0x000000008000ff62 (0xfc843703) x14 0x0000000080012040 mem 0x0000000080031f38
core   0: 0x000000008000ff66 (0xfb843783) ld      a5, -72(s0)
core   0: 3 0x000000008000ff66 (0xfb843783) x15 0x000000000000009c mem 0x0000000080031f28
core   0: 0x000000008000ff6a (0x000097ba) c.add   a5, a4
core   0: 3 0x000000008000ff6a (0x97ba) x15 0x00000000800120dc
core   0: 0x000000008000ff6c (0xfe043703) ld      a4, -32(s0)
core   0: 3 0x000000008000ff6c (0xfe043703) x14 0x000000008001208c mem 0x0000000080031f50
core   0: 0x000000008000ff70 (0xfcf76de3) bltu    a4, a5, pc - 38
core   0: 3 0x000000008000ff70 (0xfcf76de3)
core   0: 0x000000008000ff4a (0xfe043783) ld      a5, -32(s0)
core   0: 3 0x000000008000ff4a (0xfe043783) x15 0x000000008001208c mem 0x0000000080031f50
core   0: 0x000000008000ff4e (0x00178713) addi    a4, a5, 1
core   0: 3 0x000000008000ff4e (0x00178713) x14 0x000000008001208d
core   0: 0x000000008000ff52 (0xfee43023) sd      a4, -32(s0)
core   0: 3 0x000000008000ff52 (0xfee43023) mem 0x0000000080031f50 0x000000008001208d
core   0: 0x000000008000ff56 (0xfc442703) lw      a4, -60(s0)
core   0: 3 0x000000008000ff56 (0xfc442703) x14 0x0000000000000000 mem 0x0000000080031f34
core   0: 0x000000008000ff5a (0x0ff77713) andi    a4, a4, 255
core   0: 3 0x000000008000ff5a (0x0ff77713) x14 0x0000000000000000
core   0: 0x000000008000ff5e (0x00e78023) sb      a4, 0(a5)
core   0: 3 0x000000008000ff5e (0x00e78023) mem 0x000000008001208c 0x00
core   0: 0x000000008000ff62 (0xfc843703) ld      a4, -56(s0)
core   0: 3 0x000000008000ff62 (0xfc843703) x14 0x0000000080012040 mem 0x0000000080031f38
core   0: 0x000000008000ff66 (0xfb843783) ld      a5, -72(s0)
core   0: 3 0x000000008000ff66 (0xfb843783) x15 0x000000000000009c mem 0x0000000080031f28
core   0: 0x000000008000ff6a (0x000097ba) c.add   a5, a4
core   0: 3 0x000000008000ff6a (0x97ba) x15 0x00000000800120dc
core   0: 0x000000008000ff6c (0xfe043703) ld      a4, -32(s0)
core   0: 3 0x000000008000ff6c (0xfe043703) x14 0x000000008001208d mem 0x0000000080031f50
core   0: 0x000000008000ff70 (0xfcf76de3) bltu    a4, a5, pc - 38
core   0: 3 0x000000008000ff70 (0xfcf76de3)
core   0: 0x000000008000ff4a (0xfe043783) ld      a5, -32(s0)
core   0: 3 0x000000008000ff4a (0xfe043783) x15 0x000000008001208d mem 0x0000000080031f50
core   0: 0x000000008000ff4e (0x00178713) addi    a4, a5, 1
core   0: 3 0x000000008000ff4e (0x00178713) x14 0x000000008001208e
core   0: 0x000000008000ff52 (0xfee43023) sd      a4, -32(s0)
core   0: 3 0x000000008000ff52 (0xfee43023) mem 0x0000000080031f50 0x000000008001208e
core   0: 0x000000008000ff56 (0xfc442703) lw      a4, -60(s0)
core   0: 3 0x000000008000ff56 (0xfc442703) x14 0x0000000000000000 mem 0x0000000080031f34
core   0: 0x000000008000ff5a (0x0ff77713) andi    a4, a4, 255
core   0: 3 0x000000008000ff5a (0x0ff77713) x14 0x0000000000000000
core   0: 0x000000008000ff5e (0x00e78023) sb      a4, 0(a5)
core   0: 3 0x000000008000ff5e (0x00e78023) mem 0x000000008001208d 0x00
core   0: 0x000000008000ff62 (0xfc843703) ld      a4, -56(s0)
core   0: 3 0x000000008000ff62 (0xfc843703) x14 0x0000000080012040 mem 0x0000000080031f38
core   0: 0x000000008000ff66 (0xfb843783) ld      a5, -72(s0)
core   0: 3 0x000000008000ff66 (0xfb843783) x15 0x000000000000009c mem 0x0000000080031f28
core   0: 0x000000008000ff6a (0x000097ba) c.add   a5, a4
core   0: 3 0x000000008000ff6a (0x97ba) x15 0x00000000800120dc
core   0: 0x000000008000ff6c (0xfe043703) ld      a4, -32(s0)
core   0: 3 0x000000008000ff6c (0xfe043703) x14 0x000000008001208e mem 0x0000000080031f50
core   0: 0x000000008000ff70 (0xfcf76de3) bltu    a4, a5, pc - 38
core   0: 3 0x000000008000ff70 (0xfcf76de3)
core   0: 0x000000008000ff4a (0xfe043783) ld      a5, -32(s0)
core   0: 3 0x000000008000ff4a (0xfe043783) x15 0x000000008001208e mem 0x0000000080031f50
core   0: 0x000000008000ff4e (0x00178713) addi    a4, a5, 1
core   0: 3 0x000000008000ff4e (0x00178713) x14 0x000000008001208f
core   0: 0x000000008000ff52 (0xfee43023) sd      a4, -32(s0)
core   0: 3 0x000000008000ff52 (0xfee43023) mem 0x0000000080031f50 0x000000008001208f
core   0: 0x000000008000ff56 (0xfc442703) lw      a4, -60(s0)
core   0: 3 0x000000008000ff56 (0xfc442703) x14 0x0000000000000000 mem 0x0000000080031f34
core   0: 0x000000008000ff5a (0x0ff77713) andi    a4, a4, 255
core   0: 3 0x000000008000ff5a (0x0ff77713) x14 0x0000000000000000
core   0: 0x000000008000ff5e (0x00e78023) sb      a4, 0(a5)
core   0: 3 0x000000008000ff5e (0x00e78023) mem 0x000000008001208e 0x00
core   0: 0x000000008000ff62 (0xfc843703) ld      a4, -56(s0)
core   0: 3 0x000000008000ff62 (0xfc843703) x14 0x0000000080012040 mem 0x0000000080031f38
core   0: 0x000000008000ff66 (0xfb843783) ld      a5, -72(s0)
core   0: 3 0x000000008000ff66 (0xfb843783) x15 0x000000000000009c mem 0x0000000080031f28
core   0: 0x000000008000ff6a (0x000097ba) c.add   a5, a4
core   0: 3 0x000000008000ff6a (0x97ba) x15 0x00000000800120dc
core   0: 0x000000008000ff6c (0xfe043703) ld      a4, -32(s0)
core   0: 3 0x000000008000ff6c (0xfe043703) x14 0x000000008001208f mem 0x0000000080031f50
core   0: 0x000000008000ff70 (0xfcf76de3) bltu    a4, a5, pc - 38
core   0: 3 0x000000008000ff70 (0xfcf76de3)
core   0: 0x000000008000ff4a (0xfe043783) ld      a5, -32(s0)
core   0: 3 0x000000008000ff4a (0xfe043783) x15 0x000000008001208f mem 0x0000000080031f50
core   0: 0x000000008000ff4e (0x00178713) addi    a4, a5, 1
core   0: 3 0x000000008000ff4e (0x00178713) x14 0x0000000080012090
core   0: 0x000000008000ff52 (0xfee43023) sd      a4, -32(s0)
core   0: 3 0x000000008000ff52 (0xfee43023) mem 0x0000000080031f50 0x0000000080012090
core   0: 0x000000008000ff56 (0xfc442703) lw      a4, -60(s0)
core   0: 3 0x000000008000ff56 (0xfc442703) x14 0x0000000000000000 mem 0x0000000080031f34
core   0: 0x000000008000ff5a (0x0ff77713) andi    a4, a4, 255
core   0: 3 0x000000008000ff5a (0x0ff77713) x14 0x0000000000000000
core   0: 0x000000008000ff5e (0x00e78023) sb      a4, 0(a5)
core   0: 3 0x000000008000ff5e (0x00e78023) mem 0x000000008001208f 0x00
core   0: 0x000000008000ff62 (0xfc843703) ld      a4, -56(s0)
core   0: 3 0x000000008000ff62 (0xfc843703) x14 0x0000000080012040 mem 0x0000000080031f38
core   0: 0x000000008000ff66 (0xfb843783) ld      a5, -72(s0)
core   0: 3 0x000000008000ff66 (0xfb843783) x15 0x000000000000009c mem 0x0000000080031f28
core   0: 0x000000008000ff6a (0x000097ba) c.add   a5, a4
core   0: 3 0x000000008000ff6a (0x97ba) x15 0x00000000800120dc
core   0: 0x000000008000ff6c (0xfe043703) ld      a4, -32(s0)
core   0: 3 0x000000008000ff6c (0xfe043703) x14 0x0000000080012090 mem 0x0000000080031f50
core   0: 0x000000008000ff70 (0xfcf76de3) bltu    a4, a5, pc - 38
core   0: 3 0x000000008000ff70 (0xfcf76de3)
core   0: 0x000000008000ff4a (0xfe043783) ld      a5, -32(s0)
core   0: 3 0x000000008000ff4a (0xfe043783) x15 0x0000000080012090 mem 0x0000000080031f50
core   0: 0x000000008000ff4e (0x00178713) addi    a4, a5, 1
core   0: 3 0x000000008000ff4e (0x00178713) x14 0x0000000080012091
core   0: 0x000000008000ff52 (0xfee43023) sd      a4, -32(s0)
core   0: 3 0x000000008000ff52 (0xfee43023) mem 0x0000000080031f50 0x0000000080012091
core   0: 0x000000008000ff56 (0xfc442703) lw      a4, -60(s0)
core   0: 3 0x000000008000ff56 (0xfc442703) x14 0x0000000000000000 mem 0x0000000080031f34
core   0: 0x000000008000ff5a (0x0ff77713) andi    a4, a4, 255
core   0: 3 0x000000008000ff5a (0x0ff77713) x14 0x0000000000000000
core   0: 0x000000008000ff5e (0x00e78023) sb      a4, 0(a5)
core   0: 3 0x000000008000ff5e (0x00e78023) mem 0x0000000080012090 0x00
core   0: 0x000000008000ff62 (0xfc843703) ld      a4, -56(s0)
core   0: 3 0x000000008000ff62 (0xfc843703) x14 0x0000000080012040 mem 0x0000000080031f38
core   0: 0x000000008000ff66 (0xfb843783) ld      a5, -72(s0)
core   0: 3 0x000000008000ff66 (0xfb843783) x15 0x000000000000009c mem 0x0000000080031f28
core   0: 0x000000008000ff6a (0x000097ba) c.add   a5, a4
core   0: 3 0x000000008000ff6a (0x97ba) x15 0x00000000800120dc
core   0: 0x000000008000ff6c (0xfe043703) ld      a4, -32(s0)
core   0: 3 0x000000008000ff6c (0xfe043703) x14 0x0000000080012091 mem 0x0000000080031f50
core   0: 0x000000008000ff70 (0xfcf76de3) bltu    a4, a5, pc - 38
core   0: 3 0x000000008000ff70 (0xfcf76de3)
core   0: 0x000000008000ff4a (0xfe043783) ld      a5, -32(s0)
core   0: 3 0x000000008000ff4a (0xfe043783) x15 0x0000000080012091 mem 0x0000000080031f50
core   0: 0x000000008000ff4e (0x00178713) addi    a4, a5, 1
core   0: 3 0x000000008000ff4e (0x00178713) x14 0x0000000080012092
core   0: 0x000000008000ff52 (0xfee43023) sd      a4, -32(s0)
core   0: 3 0x000000008000ff52 (0xfee43023) mem 0x0000000080031f50 0x0000000080012092
core   0: 0x000000008000ff56 (0xfc442703) lw      a4, -60(s0)
core   0: 3 0x000000008000ff56 (0xfc442703) x14 0x0000000000000000 mem 0x0000000080031f34
core   0: 0x000000008000ff5a (0x0ff77713) andi    a4, a4, 255
core   0: 3 0x000000008000ff5a (0x0ff77713) x14 0x0000000000000000
core   0: 0x000000008000ff5e (0x00e78023) sb      a4, 0(a5)
core   0: 3 0x000000008000ff5e (0x00e78023) mem 0x0000000080012091 0x00
core   0: 0x000000008000ff62 (0xfc843703) ld      a4, -56(s0)
core   0: 3 0x000000008000ff62 (0xfc843703) x14 0x0000000080012040 mem 0x0000000080031f38
core   0: 0x000000008000ff66 (0xfb843783) ld      a5, -72(s0)
core   0: 3 0x000000008000ff66 (0xfb843783) x15 0x000000000000009c mem 0x0000000080031f28
core   0: 0x000000008000ff6a (0x000097ba) c.add   a5, a4
core   0: 3 0x000000008000ff6a (0x97ba) x15 0x00000000800120dc
core   0: 0x000000008000ff6c (0xfe043703) ld      a4, -32(s0)
core   0: 3 0x000000008000ff6c (0xfe043703) x14 0x0000000080012092 mem 0x0000000080031f50
core   0: 0x000000008000ff70 (0xfcf76de3) bltu    a4, a5, pc - 38
core   0: 3 0x000000008000ff70 (0xfcf76de3)
core   0: 0x000000008000ff4a (0xfe043783) ld      a5, -32(s0)
core   0: 3 0x000000008000ff4a (0xfe043783) x15 0x0000000080012092 mem 0x0000000080031f50
core   0: 0x000000008000ff4e (0x00178713) addi    a4, a5, 1
core   0: 3 0x000000008000ff4e (0x00178713) x14 0x0000000080012093
core   0: 0x000000008000ff52 (0xfee43023) sd      a4, -32(s0)
core   0: 3 0x000000008000ff52 (0xfee43023) mem 0x0000000080031f50 0x0000000080012093
core   0: 0x000000008000ff56 (0xfc442703) lw      a4, -60(s0)
core   0: 3 0x000000008000ff56 (0xfc442703) x14 0x0000000000000000 mem 0x0000000080031f34
core   0: 0x000000008000ff5a (0x0ff77713) andi    a4, a4, 255
core   0: 3 0x000000008000ff5a (0x0ff77713) x14 0x0000000000000000
core   0: 0x000000008000ff5e (0x00e78023) sb      a4, 0(a5)
core   0: 3 0x000000008000ff5e (0x00e78023) mem 0x0000000080012092 0x00
core   0: 0x000000008000ff62 (0xfc843703) ld      a4, -56(s0)
core   0: 3 0x000000008000ff62 (0xfc843703) x14 0x0000000080012040 mem 0x0000000080031f38
core   0: 0x000000008000ff66 (0xfb843783) ld      a5, -72(s0)
core   0: 3 0x000000008000ff66 (0xfb843783) x15 0x000000000000009c mem 0x0000000080031f28
core   0: 0x000000008000ff6a (0x000097ba) c.add   a5, a4
core   0: 3 0x000000008000ff6a (0x97ba) x15 0x00000000800120dc
core   0: 0x000000008000ff6c (0xfe043703) ld      a4, -32(s0)
core   0: 3 0x000000008000ff6c (0xfe043703) x14 0x0000000080012093 mem 0x0000000080031f50
core   0: 0x000000008000ff70 (0xfcf76de3) bltu    a4, a5, pc - 38
core   0: 3 0x000000008000ff70 (0xfcf76de3)
core   0: 0x000000008000ff4a (0xfe043783) ld      a5, -32(s0)
core   0: 3 0x000000008000ff4a (0xfe043783) x15 0x0000000080012093 mem 0x0000000080031f50
core   0: 0x000000008000ff4e (0x00178713) addi    a4, a5, 1
core   0: 3 0x000000008000ff4e (0x00178713) x14 0x0000000080012094
core   0: 0x000000008000ff52 (0xfee43023) sd      a4, -32(s0)
core   0: 3 0x000000008000ff52 (0xfee43023) mem 0x0000000080031f50 0x0000000080012094
core   0: 0x000000008000ff56 (0xfc442703) lw      a4, -60(s0)
core   0: 3 0x000000008000ff56 (0xfc442703) x14 0x0000000000000000 mem 0x0000000080031f34
core   0: 0x000000008000ff5a (0x0ff77713) andi    a4, a4, 255
core   0: 3 0x000000008000ff5a (0x0ff77713) x14 0x0000000000000000
core   0: 0x000000008000ff5e (0x00e78023) sb      a4, 0(a5)
core   0: 3 0x000000008000ff5e (0x00e78023) mem 0x0000000080012093 0x00
core   0: 0x000000008000ff62 (0xfc843703) ld      a4, -56(s0)
core   0: 3 0x000000008000ff62 (0xfc843703) x14 0x0000000080012040 mem 0x0000000080031f38
core   0: 0x000000008000ff66 (0xfb843783) ld      a5, -72(s0)
core   0: 3 0x000000008000ff66 (0xfb843783) x15 0x000000000000009c mem 0x0000000080031f28
core   0: 0x000000008000ff6a (0x000097ba) c.add   a5, a4
core   0: 3 0x000000008000ff6a (0x97ba) x15 0x00000000800120dc
core   0: 0x000000008000ff6c (0xfe043703) ld      a4, -32(s0)
core   0: 3 0x000000008000ff6c (0xfe043703) x14 0x0000000080012094 mem 0x0000000080031f50
core   0: 0x000000008000ff70 (0xfcf76de3) bltu    a4, a5, pc - 38
core   0: 3 0x000000008000ff70 (0xfcf76de3)
core   0: 0x000000008000ff4a (0xfe043783) ld      a5, -32(s0)
core   0: 3 0x000000008000ff4a (0xfe043783) x15 0x0000000080012094 mem 0x0000000080031f50
core   0: 0x000000008000ff4e (0x00178713) addi    a4, a5, 1
core   0: 3 0x000000008000ff4e (0x00178713) x14 0x0000000080012095
core   0: 0x000000008000ff52 (0xfee43023) sd      a4, -32(s0)
core   0: 3 0x000000008000ff52 (0xfee43023) mem 0x0000000080031f50 0x0000000080012095
core   0: 0x000000008000ff56 (0xfc442703) lw      a4, -60(s0)
core   0: 3 0x000000008000ff56 (0xfc442703) x14 0x0000000000000000 mem 0x0000000080031f34
core   0: 0x000000008000ff5a (0x0ff77713) andi    a4, a4, 255
core   0: 3 0x000000008000ff5a (0x0ff77713) x14 0x0000000000000000
core   0: 0x000000008000ff5e (0x00e78023) sb      a4, 0(a5)
core   0: 3 0x000000008000ff5e (0x00e78023) mem 0x0000000080012094 0x00
core   0: 0x000000008000ff62 (0xfc843703) ld      a4, -56(s0)
core   0: 3 0x000000008000ff62 (0xfc843703) x14 0x0000000080012040 mem 0x0000000080031f38
core   0: 0x000000008000ff66 (0xfb843783) ld      a5, -72(s0)
core   0: 3 0x000000008000ff66 (0xfb843783) x15 0x000000000000009c mem 0x0000000080031f28
core   0: 0x000000008000ff6a (0x000097ba) c.add   a5, a4
core   0: 3 0x000000008000ff6a (0x97ba) x15 0x00000000800120dc
core   0: 0x000000008000ff6c (0xfe043703) ld      a4, -32(s0)
core   0: 3 0x000000008000ff6c (0xfe043703) x14 0x0000000080012095 mem 0x0000000080031f50
core   0: 0x000000008000ff70 (0xfcf76de3) bltu    a4, a5, pc - 38
core   0: 3 0x000000008000ff70 (0xfcf76de3)
core   0: 0x000000008000ff4a (0xfe043783) ld      a5, -32(s0)
core   0: 3 0x000000008000ff4a (0xfe043783) x15 0x0000000080012095 mem 0x0000000080031f50
core   0: 0x000000008000ff4e (0x00178713) addi    a4, a5, 1
core   0: 3 0x000000008000ff4e (0x00178713) x14 0x0000000080012096
core   0: 0x000000008000ff52 (0xfee43023) sd      a4, -32(s0)
core   0: 3 0x000000008000ff52 (0xfee43023) mem 0x0000000080031f50 0x0000000080012096
core   0: 0x000000008000ff56 (0xfc442703) lw      a4, -60(s0)
core   0: 3 0x000000008000ff56 (0xfc442703) x14 0x0000000000000000 mem 0x0000000080031f34
core   0: 0x000000008000ff5a (0x0ff77713) andi    a4, a4, 255
core   0: 3 0x000000008000ff5a (0x0ff77713) x14 0x0000000000000000
core   0: 0x000000008000ff5e (0x00e78023) sb      a4, 0(a5)
core   0: 3 0x000000008000ff5e (0x00e78023) mem 0x0000000080012095 0x00
core   0: 0x000000008000ff62 (0xfc843703) ld      a4, -56(s0)
core   0: 3 0x000000008000ff62 (0xfc843703) x14 0x0000000080012040 mem 0x0000000080031f38
core   0: 0x000000008000ff66 (0xfb843783) ld      a5, -72(s0)
core   0: 3 0x000000008000ff66 (0xfb843783) x15 0x000000000000009c mem 0x0000000080031f28
core   0: 0x000000008000ff6a (0x000097ba) c.add   a5, a4
core   0: 3 0x000000008000ff6a (0x97ba) x15 0x00000000800120dc
core   0: 0x000000008000ff6c (0xfe043703) ld      a4, -32(s0)
core   0: 3 0x000000008000ff6c (0xfe043703) x14 0x0000000080012096 mem 0x0000000080031f50
core   0: 0x000000008000ff70 (0xfcf76de3) bltu    a4, a5, pc - 38
core   0: 3 0x000000008000ff70 (0xfcf76de3)
core   0: 0x000000008000ff4a (0xfe043783) ld      a5, -32(s0)
core   0: 3 0x000000008000ff4a (0xfe043783) x15 0x0000000080012096 mem 0x0000000080031f50
core   0: 0x000000008000ff4e (0x00178713) addi    a4, a5, 1
core   0: 3 0x000000008000ff4e (0x00178713) x14 0x0000000080012097
core   0: 0x000000008000ff52 (0xfee43023) sd      a4, -32(s0)
core   0: 3 0x000000008000ff52 (0xfee43023) mem 0x0000000080031f50 0x0000000080012097
core   0: 0x000000008000ff56 (0xfc442703) lw      a4, -60(s0)
core   0: 3 0x000000008000ff56 (0xfc442703) x14 0x0000000000000000 mem 0x0000000080031f34
core   0: 0x000000008000ff5a (0x0ff77713) andi    a4, a4, 255
core   0: 3 0x000000008000ff5a (0x0ff77713) x14 0x0000000000000000
core   0: 0x000000008000ff5e (0x00e78023) sb      a4, 0(a5)
core   0: 3 0x000000008000ff5e (0x00e78023) mem 0x0000000080012096 0x00
core   0: 0x000000008000ff62 (0xfc843703) ld      a4, -56(s0)
core   0: 3 0x000000008000ff62 (0xfc843703) x14 0x0000000080012040 mem 0x0000000080031f38
core   0: 0x000000008000ff66 (0xfb843783) ld      a5, -72(s0)
core   0: 3 0x000000008000ff66 (0xfb843783) x15 0x000000000000009c mem 0x0000000080031f28
core   0: 0x000000008000ff6a (0x000097ba) c.add   a5, a4
core   0: 3 0x000000008000ff6a (0x97ba) x15 0x00000000800120dc
core   0: 0x000000008000ff6c (0xfe043703) ld      a4, -32(s0)
core   0: 3 0x000000008000ff6c (0xfe043703) x14 0x0000000080012097 mem 0x0000000080031f50
core   0: 0x000000008000ff70 (0xfcf76de3) bltu    a4, a5, pc - 38
core   0: 3 0x000000008000ff70 (0xfcf76de3)
core   0: 0x000000008000ff4a (0xfe043783) ld      a5, -32(s0)
core   0: 3 0x000000008000ff4a (0xfe043783) x15 0x0000000080012097 mem 0x0000000080031f50
core   0: 0x000000008000ff4e (0x00178713) addi    a4, a5, 1
core   0: 3 0x000000008000ff4e (0x00178713) x14 0x0000000080012098
core   0: 0x000000008000ff52 (0xfee43023) sd      a4, -32(s0)
core   0: 3 0x000000008000ff52 (0xfee43023) mem 0x0000000080031f50 0x0000000080012098
core   0: 0x000000008000ff56 (0xfc442703) lw      a4, -60(s0)
core   0: 3 0x000000008000ff56 (0xfc442703) x14 0x0000000000000000 mem 0x0000000080031f34
core   0: 0x000000008000ff5a (0x0ff77713) andi    a4, a4, 255
core   0: 3 0x000000008000ff5a (0x0ff77713) x14 0x0000000000000000
core   0: 0x000000008000ff5e (0x00e78023) sb      a4, 0(a5)
core   0: 3 0x000000008000ff5e (0x00e78023) mem 0x0000000080012097 0x00
core   0: 0x000000008000ff62 (0xfc843703) ld      a4, -56(s0)
core   0: 3 0x000000008000ff62 (0xfc843703) x14 0x0000000080012040 mem 0x0000000080031f38
core   0: 0x000000008000ff66 (0xfb843783) ld      a5, -72(s0)
core   0: 3 0x000000008000ff66 (0xfb843783) x15 0x000000000000009c mem 0x0000000080031f28
core   0: 0x000000008000ff6a (0x000097ba) c.add   a5, a4
core   0: 3 0x000000008000ff6a (0x97ba) x15 0x00000000800120dc
core   0: 0x000000008000ff6c (0xfe043703) ld      a4, -32(s0)
core   0: 3 0x000000008000ff6c (0xfe043703) x14 0x0000000080012098 mem 0x0000000080031f50
core   0: 0x000000008000ff70 (0xfcf76de3) bltu    a4, a5, pc - 38
core   0: 3 0x000000008000ff70 (0xfcf76de3)
core   0: 0x000000008000ff4a (0xfe043783) ld      a5, -32(s0)
core   0: 3 0x000000008000ff4a (0xfe043783) x15 0x0000000080012098 mem 0x0000000080031f50
core   0: 0x000000008000ff4e (0x00178713) addi    a4, a5, 1
core   0: 3 0x000000008000ff4e (0x00178713) x14 0x0000000080012099
core   0: 0x000000008000ff52 (0xfee43023) sd      a4, -32(s0)
core   0: 3 0x000000008000ff52 (0xfee43023) mem 0x0000000080031f50 0x0000000080012099
core   0: 0x000000008000ff56 (0xfc442703) lw      a4, -60(s0)
core   0: 3 0x000000008000ff56 (0xfc442703) x14 0x0000000000000000 mem 0x0000000080031f34
core   0: 0x000000008000ff5a (0x0ff77713) andi    a4, a4, 255
core   0: 3 0x000000008000ff5a (0x0ff77713) x14 0x0000000000000000
core   0: 0x000000008000ff5e (0x00e78023) sb      a4, 0(a5)
core   0: 3 0x000000008000ff5e (0x00e78023) mem 0x0000000080012098 0x00
core   0: 0x000000008000ff62 (0xfc843703) ld      a4, -56(s0)
core   0: 3 0x000000008000ff62 (0xfc843703) x14 0x0000000080012040 mem 0x0000000080031f38
core   0: 0x000000008000ff66 (0xfb843783) ld      a5, -72(s0)
core   0: 3 0x000000008000ff66 (0xfb843783) x15 0x000000000000009c mem 0x0000000080031f28
core   0: 0x000000008000ff6a (0x000097ba) c.add   a5, a4
core   0: 3 0x000000008000ff6a (0x97ba) x15 0x00000000800120dc
core   0: 0x000000008000ff6c (0xfe043703) ld      a4, -32(s0)
core   0: 3 0x000000008000ff6c (0xfe043703) x14 0x0000000080012099 mem 0x0000000080031f50
core   0: 0x000000008000ff70 (0xfcf76de3) bltu    a4, a5, pc - 38
core   0: 3 0x000000008000ff70 (0xfcf76de3)
core   0: 0x000000008000ff4a (0xfe043783) ld      a5, -32(s0)
core   0: 3 0x000000008000ff4a (0xfe043783) x15 0x0000000080012099 mem 0x0000000080031f50
core   0: 0x000000008000ff4e (0x00178713) addi    a4, a5, 1
core   0: 3 0x000000008000ff4e (0x00178713) x14 0x000000008001209a
core   0: 0x000000008000ff52 (0xfee43023) sd      a4, -32(s0)
core   0: 3 0x000000008000ff52 (0xfee43023) mem 0x0000000080031f50 0x000000008001209a
core   0: 0x000000008000ff56 (0xfc442703) lw      a4, -60(s0)
core   0: 3 0x000000008000ff56 (0xfc442703) x14 0x0000000000000000 mem 0x0000000080031f34
core   0: 0x000000008000ff5a (0x0ff77713) andi    a4, a4, 255
core   0: 3 0x000000008000ff5a (0x0ff77713) x14 0x0000000000000000
core   0: 0x000000008000ff5e (0x00e78023) sb      a4, 0(a5)
core   0: 3 0x000000008000ff5e (0x00e78023) mem 0x0000000080012099 0x00
core   0: 0x000000008000ff62 (0xfc843703) ld      a4, -56(s0)
core   0: 3 0x000000008000ff62 (0xfc843703) x14 0x0000000080012040 mem 0x0000000080031f38
core   0: 0x000000008000ff66 (0xfb843783) ld      a5, -72(s0)
core   0: 3 0x000000008000ff66 (0xfb843783) x15 0x000000000000009c mem 0x0000000080031f28
core   0: 0x000000008000ff6a (0x000097ba) c.add   a5, a4
core   0: 3 0x000000008000ff6a (0x97ba) x15 0x00000000800120dc
core   0: 0x000000008000ff6c (0xfe043703) ld      a4, -32(s0)
core   0: 3 0x000000008000ff6c (0xfe043703) x14 0x000000008001209a mem 0x0000000080031f50
core   0: 0x000000008000ff70 (0xfcf76de3) bltu    a4, a5, pc - 38
core   0: 3 0x000000008000ff70 (0xfcf76de3)
core   0: 0x000000008000ff4a (0xfe043783) ld      a5, -32(s0)
core   0: 3 0x000000008000ff4a (0xfe043783) x15 0x000000008001209a mem 0x0000000080031f50
core   0: 0x000000008000ff4e (0x00178713) addi    a4, a5, 1
core   0: 3 0x000000008000ff4e (0x00178713) x14 0x000000008001209b
core   0: 0x000000008000ff52 (0xfee43023) sd      a4, -32(s0)
core   0: 3 0x000000008000ff52 (0xfee43023) mem 0x0000000080031f50 0x000000008001209b
core   0: 0x000000008000ff56 (0xfc442703) lw      a4, -60(s0)
core   0: 3 0x000000008000ff56 (0xfc442703) x14 0x0000000000000000 mem 0x0000000080031f34
core   0: 0x000000008000ff5a (0x0ff77713) andi    a4, a4, 255
core   0: 3 0x000000008000ff5a (0x0ff77713) x14 0x0000000000000000
core   0: 0x000000008000ff5e (0x00e78023) sb      a4, 0(a5)
core   0: 3 0x000000008000ff5e (0x00e78023) mem 0x000000008001209a 0x00
core   0: 0x000000008000ff62 (0xfc843703) ld      a4, -56(s0)
core   0: 3 0x000000008000ff62 (0xfc843703) x14 0x0000000080012040 mem 0x0000000080031f38
core   0: 0x000000008000ff66 (0xfb843783) ld      a5, -72(s0)
core   0: 3 0x000000008000ff66 (0xfb843783) x15 0x000000000000009c mem 0x0000000080031f28
core   0: 0x000000008000ff6a (0x000097ba) c.add   a5, a4
core   0: 3 0x000000008000ff6a (0x97ba) x15 0x00000000800120dc
core   0: 0x000000008000ff6c (0xfe043703) ld      a4, -32(s0)
core   0: 3 0x000000008000ff6c (0xfe043703) x14 0x000000008001209b mem 0x0000000080031f50
core   0: 0x000000008000ff70 (0xfcf76de3) bltu    a4, a5, pc - 38
core   0: 3 0x000000008000ff70 (0xfcf76de3)
core   0: 0x000000008000ff4a (0xfe043783) ld      a5, -32(s0)
core   0: 3 0x000000008000ff4a (0xfe043783) x15 0x000000008001209b mem 0x0000000080031f50
core   0: 0x000000008000ff4e (0x00178713) addi    a4, a5, 1
core   0: 3 0x000000008000ff4e (0x00178713) x14 0x000000008001209c
core   0: 0x000000008000ff52 (0xfee43023) sd      a4, -32(s0)
core   0: 3 0x000000008000ff52 (0xfee43023) mem 0x0000000080031f50 0x000000008001209c
core   0: 0x000000008000ff56 (0xfc442703) lw      a4, -60(s0)
core   0: 3 0x000000008000ff56 (0xfc442703) x14 0x0000000000000000 mem 0x0000000080031f34
core   0: 0x000000008000ff5a (0x0ff77713) andi    a4, a4, 255
core   0: 3 0x000000008000ff5a (0x0ff77713) x14 0x0000000000000000
core   0: 0x000000008000ff5e (0x00e78023) sb      a4, 0(a5)
core   0: 3 0x000000008000ff5e (0x00e78023) mem 0x000000008001209b 0x00
core   0: 0x000000008000ff62 (0xfc843703) ld      a4, -56(s0)
core   0: 3 0x000000008000ff62 (0xfc843703) x14 0x0000000080012040 mem 0x0000000080031f38
core   0: 0x000000008000ff66 (0xfb843783) ld      a5, -72(s0)
core   0: 3 0x000000008000ff66 (0xfb843783) x15 0x000000000000009c mem 0x0000000080031f28
core   0: 0x000000008000ff6a (0x000097ba) c.add   a5, a4
core   0: 3 0x000000008000ff6a (0x97ba) x15 0x00000000800120dc
core   0: 0x000000008000ff6c (0xfe043703) ld      a4, -32(s0)
core   0: 3 0x000000008000ff6c (0xfe043703) x14 0x000000008001209c mem 0x0000000080031f50
core   0: 0x000000008000ff70 (0xfcf76de3) bltu    a4, a5, pc - 38
core   0: 3 0x000000008000ff70 (0xfcf76de3)
core   0: 0x000000008000ff4a (0xfe043783) ld      a5, -32(s0)
core   0: 3 0x000000008000ff4a (0xfe043783) x15 0x000000008001209c mem 0x0000000080031f50
core   0: 0x000000008000ff4e (0x00178713) addi    a4, a5, 1
core   0: 3 0x000000008000ff4e (0x00178713) x14 0x000000008001209d
core   0: 0x000000008000ff52 (0xfee43023) sd      a4, -32(s0)
core   0: 3 0x000000008000ff52 (0xfee43023) mem 0x0000000080031f50 0x000000008001209d
core   0: 0x000000008000ff56 (0xfc442703) lw      a4, -60(s0)
core   0: 3 0x000000008000ff56 (0xfc442703) x14 0x0000000000000000 mem 0x0000000080031f34
core   0: 0x000000008000ff5a (0x0ff77713) andi    a4, a4, 255
core   0: 3 0x000000008000ff5a (0x0ff77713) x14 0x0000000000000000
core   0: 0x000000008000ff5e (0x00e78023) sb      a4, 0(a5)
core   0: 3 0x000000008000ff5e (0x00e78023) mem 0x000000008001209c 0x00
core   0: 0x000000008000ff62 (0xfc843703) ld      a4, -56(s0)
core   0: 3 0x000000008000ff62 (0xfc843703) x14 0x0000000080012040 mem 0x0000000080031f38
core   0: 0x000000008000ff66 (0xfb843783) ld      a5, -72(s0)
core   0: 3 0x000000008000ff66 (0xfb843783) x15 0x000000000000009c mem 0x0000000080031f28
core   0: 0x000000008000ff6a (0x000097ba) c.add   a5, a4
core   0: 3 0x000000008000ff6a (0x97ba) x15 0x00000000800120dc
core   0: 0x000000008000ff6c (0xfe043703) ld      a4, -32(s0)
core   0: 3 0x000000008000ff6c (0xfe043703) x14 0x000000008001209d mem 0x0000000080031f50
core   0: 0x000000008000ff70 (0xfcf76de3) bltu    a4, a5, pc - 38
core   0: 3 0x000000008000ff70 (0xfcf76de3)
core   0: 0x000000008000ff4a (0xfe043783) ld      a5, -32(s0)
core   0: 3 0x000000008000ff4a (0xfe043783) x15 0x000000008001209d mem 0x0000000080031f50
core   0: 0x000000008000ff4e (0x00178713) addi    a4, a5, 1
core   0: 3 0x000000008000ff4e (0x00178713) x14 0x000000008001209e
core   0: 0x000000008000ff52 (0xfee43023) sd      a4, -32(s0)
core   0: 3 0x000000008000ff52 (0xfee43023) mem 0x0000000080031f50 0x000000008001209e
core   0: 0x000000008000ff56 (0xfc442703) lw      a4, -60(s0)
core   0: 3 0x000000008000ff56 (0xfc442703) x14 0x0000000000000000 mem 0x0000000080031f34
core   0: 0x000000008000ff5a (0x0ff77713) andi    a4, a4, 255
core   0: 3 0x000000008000ff5a (0x0ff77713) x14 0x0000000000000000
core   0: 0x000000008000ff5e (0x00e78023) sb      a4, 0(a5)
core   0: 3 0x000000008000ff5e (0x00e78023) mem 0x000000008001209d 0x00
core   0: 0x000000008000ff62 (0xfc843703) ld      a4, -56(s0)
core   0: 3 0x000000008000ff62 (0xfc843703) x14 0x0000000080012040 mem 0x0000000080031f38
core   0: 0x000000008000ff66 (0xfb843783) ld      a5, -72(s0)
core   0: 3 0x000000008000ff66 (0xfb843783) x15 0x000000000000009c mem 0x0000000080031f28
core   0: 0x000000008000ff6a (0x000097ba) c.add   a5, a4
core   0: 3 0x000000008000ff6a (0x97ba) x15 0x00000000800120dc
core   0: 0x000000008000ff6c (0xfe043703) ld      a4, -32(s0)
core   0: 3 0x000000008000ff6c (0xfe043703) x14 0x000000008001209e mem 0x0000000080031f50
core   0: 0x000000008000ff70 (0xfcf76de3) bltu    a4, a5, pc - 38
core   0: 3 0x000000008000ff70 (0xfcf76de3)
core   0: 0x000000008000ff4a (0xfe043783) ld      a5, -32(s0)
core   0: 3 0x000000008000ff4a (0xfe043783) x15 0x000000008001209e mem 0x0000000080031f50
core   0: 0x000000008000ff4e (0x00178713) addi    a4, a5, 1
core   0: 3 0x000000008000ff4e (0x00178713) x14 0x000000008001209f
core   0: 0x000000008000ff52 (0xfee43023) sd      a4, -32(s0)
core   0: 3 0x000000008000ff52 (0xfee43023) mem 0x0000000080031f50 0x000000008001209f
core   0: 0x000000008000ff56 (0xfc442703) lw      a4, -60(s0)
core   0: 3 0x000000008000ff56 (0xfc442703) x14 0x0000000000000000 mem 0x0000000080031f34
core   0: 0x000000008000ff5a (0x0ff77713) andi    a4, a4, 255
core   0: 3 0x000000008000ff5a (0x0ff77713) x14 0x0000000000000000
core   0: 0x000000008000ff5e (0x00e78023) sb      a4, 0(a5)
core   0: 3 0x000000008000ff5e (0x00e78023) mem 0x000000008001209e 0x00
core   0: 0x000000008000ff62 (0xfc843703) ld      a4, -56(s0)
core   0: 3 0x000000008000ff62 (0xfc843703) x14 0x0000000080012040 mem 0x0000000080031f38
core   0: 0x000000008000ff66 (0xfb843783) ld      a5, -72(s0)
core   0: 3 0x000000008000ff66 (0xfb843783) x15 0x000000000000009c mem 0x0000000080031f28
core   0: 0x000000008000ff6a (0x000097ba) c.add   a5, a4
core   0: 3 0x000000008000ff6a (0x97ba) x15 0x00000000800120dc
core   0: 0x000000008000ff6c (0xfe043703) ld      a4, -32(s0)
core   0: 3 0x000000008000ff6c (0xfe043703) x14 0x000000008001209f mem 0x0000000080031f50
core   0: 0x000000008000ff70 (0xfcf76de3) bltu    a4, a5, pc - 38
core   0: 3 0x000000008000ff70 (0xfcf76de3)
core   0: 0x000000008000ff4a (0xfe043783) ld      a5, -32(s0)
core   0: 3 0x000000008000ff4a (0xfe043783) x15 0x000000008001209f mem 0x0000000080031f50
core   0: 0x000000008000ff4e (0x00178713) addi    a4, a5, 1
core   0: 3 0x000000008000ff4e (0x00178713) x14 0x00000000800120a0
core   0: 0x000000008000ff52 (0xfee43023) sd      a4, -32(s0)
core   0: 3 0x000000008000ff52 (0xfee43023) mem 0x0000000080031f50 0x00000000800120a0
core   0: 0x000000008000ff56 (0xfc442703) lw      a4, -60(s0)
core   0: 3 0x000000008000ff56 (0xfc442703) x14 0x0000000000000000 mem 0x0000000080031f34
core   0: 0x000000008000ff5a (0x0ff77713) andi    a4, a4, 255
core   0: 3 0x000000008000ff5a (0x0ff77713) x14 0x0000000000000000
core   0: 0x000000008000ff5e (0x00e78023) sb      a4, 0(a5)
core   0: 3 0x000000008000ff5e (0x00e78023) mem 0x000000008001209f 0x00
core   0: 0x000000008000ff62 (0xfc843703) ld      a4, -56(s0)
core   0: 3 0x000000008000ff62 (0xfc843703) x14 0x0000000080012040 mem 0x0000000080031f38
core   0: 0x000000008000ff66 (0xfb843783) ld      a5, -72(s0)
core   0: 3 0x000000008000ff66 (0xfb843783) x15 0x000000000000009c mem 0x0000000080031f28
core   0: 0x000000008000ff6a (0x000097ba) c.add   a5, a4
core   0: 3 0x000000008000ff6a (0x97ba) x15 0x00000000800120dc
core   0: 0x000000008000ff6c (0xfe043703) ld      a4, -32(s0)
core   0: 3 0x000000008000ff6c (0xfe043703) x14 0x00000000800120a0 mem 0x0000000080031f50
core   0: 0x000000008000ff70 (0xfcf76de3) bltu    a4, a5, pc - 38
core   0: 3 0x000000008000ff70 (0xfcf76de3)
core   0: 0x000000008000ff4a (0xfe043783) ld      a5, -32(s0)
core   0: 3 0x000000008000ff4a (0xfe043783) x15 0x00000000800120a0 mem 0x0000000080031f50
core   0: 0x000000008000ff4e (0x00178713) addi    a4, a5, 1
core   0: 3 0x000000008000ff4e (0x00178713) x14 0x00000000800120a1
core   0: 0x000000008000ff52 (0xfee43023) sd      a4, -32(s0)
core   0: 3 0x000000008000ff52 (0xfee43023) mem 0x0000000080031f50 0x00000000800120a1
core   0: 0x000000008000ff56 (0xfc442703) lw      a4, -60(s0)
core   0: 3 0x000000008000ff56 (0xfc442703) x14 0x0000000000000000 mem 0x0000000080031f34
core   0: 0x000000008000ff5a (0x0ff77713) andi    a4, a4, 255
core   0: 3 0x000000008000ff5a (0x0ff77713) x14 0x0000000000000000
core   0: 0x000000008000ff5e (0x00e78023) sb      a4, 0(a5)
core   0: 3 0x000000008000ff5e (0x00e78023) mem 0x00000000800120a0 0x00
core   0: 0x000000008000ff62 (0xfc843703) ld      a4, -56(s0)
core   0: 3 0x000000008000ff62 (0xfc843703) x14 0x0000000080012040 mem 0x0000000080031f38
core   0: 0x000000008000ff66 (0xfb843783) ld      a5, -72(s0)
core   0: 3 0x000000008000ff66 (0xfb843783) x15 0x000000000000009c mem 0x0000000080031f28
core   0: 0x000000008000ff6a (0x000097ba) c.add   a5, a4
core   0: 3 0x000000008000ff6a (0x97ba) x15 0x00000000800120dc
core   0: 0x000000008000ff6c (0xfe043703) ld      a4, -32(s0)
core   0: 3 0x000000008000ff6c (0xfe043703) x14 0x00000000800120a1 mem 0x0000000080031f50
core   0: 0x000000008000ff70 (0xfcf76de3) bltu    a4, a5, pc - 38
core   0: 3 0x000000008000ff70 (0xfcf76de3)
core   0: 0x000000008000ff4a (0xfe043783) ld      a5, -32(s0)
core   0: 3 0x000000008000ff4a (0xfe043783) x15 0x00000000800120a1 mem 0x0000000080031f50
core   0: 0x000000008000ff4e (0x00178713) addi    a4, a5, 1
core   0: 3 0x000000008000ff4e (0x00178713) x14 0x00000000800120a2
core   0: 0x000000008000ff52 (0xfee43023) sd      a4, -32(s0)
core   0: 3 0x000000008000ff52 (0xfee43023) mem 0x0000000080031f50 0x00000000800120a2
core   0: 0x000000008000ff56 (0xfc442703) lw      a4, -60(s0)
core   0: 3 0x000000008000ff56 (0xfc442703) x14 0x0000000000000000 mem 0x0000000080031f34
core   0: 0x000000008000ff5a (0x0ff77713) andi    a4, a4, 255
core   0: 3 0x000000008000ff5a (0x0ff77713) x14 0x0000000000000000
core   0: 0x000000008000ff5e (0x00e78023) sb      a4, 0(a5)
core   0: 3 0x000000008000ff5e (0x00e78023) mem 0x00000000800120a1 0x00
core   0: 0x000000008000ff62 (0xfc843703) ld      a4, -56(s0)
core   0: 3 0x000000008000ff62 (0xfc843703) x14 0x0000000080012040 mem 0x0000000080031f38
core   0: 0x000000008000ff66 (0xfb843783) ld      a5, -72(s0)
core   0: 3 0x000000008000ff66 (0xfb843783) x15 0x000000000000009c mem 0x0000000080031f28
core   0: 0x000000008000ff6a (0x000097ba) c.add   a5, a4
core   0: 3 0x000000008000ff6a (0x97ba) x15 0x00000000800120dc
core   0: 0x000000008000ff6c (0xfe043703) ld      a4, -32(s0)
core   0: 3 0x000000008000ff6c (0xfe043703) x14 0x00000000800120a2 mem 0x0000000080031f50
core   0: 0x000000008000ff70 (0xfcf76de3) bltu    a4, a5, pc - 38
core   0: 3 0x000000008000ff70 (0xfcf76de3)
core   0: 0x000000008000ff4a (0xfe043783) ld      a5, -32(s0)
core   0: 3 0x000000008000ff4a (0xfe043783) x15 0x00000000800120a2 mem 0x0000000080031f50
core   0: 0x000000008000ff4e (0x00178713) addi    a4, a5, 1
core   0: 3 0x000000008000ff4e (0x00178713) x14 0x00000000800120a3
core   0: 0x000000008000ff52 (0xfee43023) sd      a4, -32(s0)
core   0: 3 0x000000008000ff52 (0xfee43023) mem 0x0000000080031f50 0x00000000800120a3
core   0: 0x000000008000ff56 (0xfc442703) lw      a4, -60(s0)
core   0: 3 0x000000008000ff56 (0xfc442703) x14 0x0000000000000000 mem 0x0000000080031f34
core   0: 0x000000008000ff5a (0x0ff77713) andi    a4, a4, 255
core   0: 3 0x000000008000ff5a (0x0ff77713) x14 0x0000000000000000
core   0: 0x000000008000ff5e (0x00e78023) sb      a4, 0(a5)
core   0: 3 0x000000008000ff5e (0x00e78023) mem 0x00000000800120a2 0x00
core   0: 0x000000008000ff62 (0xfc843703) ld      a4, -56(s0)
core   0: 3 0x000000008000ff62 (0xfc843703) x14 0x0000000080012040 mem 0x0000000080031f38
core   0: 0x000000008000ff66 (0xfb843783) ld      a5, -72(s0)
core   0: 3 0x000000008000ff66 (0xfb843783) x15 0x000000000000009c mem 0x0000000080031f28
core   0: 0x000000008000ff6a (0x000097ba) c.add   a5, a4
core   0: 3 0x000000008000ff6a (0x97ba) x15 0x00000000800120dc
core   0: 0x000000008000ff6c (0xfe043703) ld      a4, -32(s0)
core   0: 3 0x000000008000ff6c (0xfe043703) x14 0x00000000800120a3 mem 0x0000000080031f50
core   0: 0x000000008000ff70 (0xfcf76de3) bltu    a4, a5, pc - 38
core   0: 3 0x000000008000ff70 (0xfcf76de3)
core   0: 0x000000008000ff4a (0xfe043783) ld      a5, -32(s0)
core   0: 3 0x000000008000ff4a (0xfe043783) x15 0x00000000800120a3 mem 0x0000000080031f50
core   0: 0x000000008000ff4e (0x00178713) addi    a4, a5, 1
core   0: 3 0x000000008000ff4e (0x00178713) x14 0x00000000800120a4
core   0: 0x000000008000ff52 (0xfee43023) sd      a4, -32(s0)
core   0: 3 0x000000008000ff52 (0xfee43023) mem 0x0000000080031f50 0x00000000800120a4
core   0: 0x000000008000ff56 (0xfc442703) lw      a4, -60(s0)
core   0: 3 0x000000008000ff56 (0xfc442703) x14 0x0000000000000000 mem 0x0000000080031f34
core   0: 0x000000008000ff5a (0x0ff77713) andi    a4, a4, 255
core   0: 3 0x000000008000ff5a (0x0ff77713) x14 0x0000000000000000
core   0: 0x000000008000ff5e (0x00e78023) sb      a4, 0(a5)
core   0: 3 0x000000008000ff5e (0x00e78023) mem 0x00000000800120a3 0x00
core   0: 0x000000008000ff62 (0xfc843703) ld      a4, -56(s0)
core   0: 3 0x000000008000ff62 (0xfc843703) x14 0x0000000080012040 mem 0x0000000080031f38
core   0: 0x000000008000ff66 (0xfb843783) ld      a5, -72(s0)
core   0: 3 0x000000008000ff66 (0xfb843783) x15 0x000000000000009c mem 0x0000000080031f28
core   0: 0x000000008000ff6a (0x000097ba) c.add   a5, a4
core   0: 3 0x000000008000ff6a (0x97ba) x15 0x00000000800120dc
core   0: 0x000000008000ff6c (0xfe043703) ld      a4, -32(s0)
core   0: 3 0x000000008000ff6c (0xfe043703) x14 0x00000000800120a4 mem 0x0000000080031f50
core   0: 0x000000008000ff70 (0xfcf76de3) bltu    a4, a5, pc - 38
core   0: 3 0x000000008000ff70 (0xfcf76de3)
core   0: 0x000000008000ff4a (0xfe043783) ld      a5, -32(s0)
core   0: 3 0x000000008000ff4a (0xfe043783) x15 0x00000000800120a4 mem 0x0000000080031f50
core   0: 0x000000008000ff4e (0x00178713) addi    a4, a5, 1
core   0: 3 0x000000008000ff4e (0x00178713) x14 0x00000000800120a5
core   0: 0x000000008000ff52 (0xfee43023) sd      a4, -32(s0)
core   0: 3 0x000000008000ff52 (0xfee43023) mem 0x0000000080031f50 0x00000000800120a5
core   0: 0x000000008000ff56 (0xfc442703) lw      a4, -60(s0)
core   0: 3 0x000000008000ff56 (0xfc442703) x14 0x0000000000000000 mem 0x0000000080031f34
core   0: 0x000000008000ff5a (0x0ff77713) andi    a4, a4, 255
core   0: 3 0x000000008000ff5a (0x0ff77713) x14 0x0000000000000000
core   0: 0x000000008000ff5e (0x00e78023) sb      a4, 0(a5)
core   0: 3 0x000000008000ff5e (0x00e78023) mem 0x00000000800120a4 0x00
core   0: 0x000000008000ff62 (0xfc843703) ld      a4, -56(s0)
core   0: 3 0x000000008000ff62 (0xfc843703) x14 0x0000000080012040 mem 0x0000000080031f38
core   0: 0x000000008000ff66 (0xfb843783) ld      a5, -72(s0)
core   0: 3 0x000000008000ff66 (0xfb843783) x15 0x000000000000009c mem 0x0000000080031f28
core   0: 0x000000008000ff6a (0x000097ba) c.add   a5, a4
core   0: 3 0x000000008000ff6a (0x97ba) x15 0x00000000800120dc
core   0: 0x000000008000ff6c (0xfe043703) ld      a4, -32(s0)
core   0: 3 0x000000008000ff6c (0xfe043703) x14 0x00000000800120a5 mem 0x0000000080031f50
core   0: 0x000000008000ff70 (0xfcf76de3) bltu    a4, a5, pc - 38
core   0: 3 0x000000008000ff70 (0xfcf76de3)
core   0: 0x000000008000ff4a (0xfe043783) ld      a5, -32(s0)
core   0: 3 0x000000008000ff4a (0xfe043783) x15 0x00000000800120a5 mem 0x0000000080031f50
core   0: 0x000000008000ff4e (0x00178713) addi    a4, a5, 1
core   0: 3 0x000000008000ff4e (0x00178713) x14 0x00000000800120a6
core   0: 0x000000008000ff52 (0xfee43023) sd      a4, -32(s0)
core   0: 3 0x000000008000ff52 (0xfee43023) mem 0x0000000080031f50 0x00000000800120a6
core   0: 0x000000008000ff56 (0xfc442703) lw      a4, -60(s0)
core   0: 3 0x000000008000ff56 (0xfc442703) x14 0x0000000000000000 mem 0x0000000080031f34
core   0: 0x000000008000ff5a (0x0ff77713) andi    a4, a4, 255
core   0: 3 0x000000008000ff5a (0x0ff77713) x14 0x0000000000000000
core   0: 0x000000008000ff5e (0x00e78023) sb      a4, 0(a5)
core   0: 3 0x000000008000ff5e (0x00e78023) mem 0x00000000800120a5 0x00
core   0: 0x000000008000ff62 (0xfc843703) ld      a4, -56(s0)
core   0: 3 0x000000008000ff62 (0xfc843703) x14 0x0000000080012040 mem 0x0000000080031f38
core   0: 0x000000008000ff66 (0xfb843783) ld      a5, -72(s0)
core   0: 3 0x000000008000ff66 (0xfb843783) x15 0x000000000000009c mem 0x0000000080031f28
core   0: 0x000000008000ff6a (0x000097ba) c.add   a5, a4
core   0: 3 0x000000008000ff6a (0x97ba) x15 0x00000000800120dc
core   0: 0x000000008000ff6c (0xfe043703) ld      a4, -32(s0)
core   0: 3 0x000000008000ff6c (0xfe043703) x14 0x00000000800120a6 mem 0x0000000080031f50
core   0: 0x000000008000ff70 (0xfcf76de3) bltu    a4, a5, pc - 38
core   0: 3 0x000000008000ff70 (0xfcf76de3)
core   0: 0x000000008000ff4a (0xfe043783) ld      a5, -32(s0)
core   0: 3 0x000000008000ff4a (0xfe043783) x15 0x00000000800120a6 mem 0x0000000080031f50
core   0: 0x000000008000ff4e (0x00178713) addi    a4, a5, 1
core   0: 3 0x000000008000ff4e (0x00178713) x14 0x00000000800120a7
core   0: 0x000000008000ff52 (0xfee43023) sd      a4, -32(s0)
core   0: 3 0x000000008000ff52 (0xfee43023) mem 0x0000000080031f50 0x00000000800120a7
core   0: 0x000000008000ff56 (0xfc442703) lw      a4, -60(s0)
core   0: 3 0x000000008000ff56 (0xfc442703) x14 0x0000000000000000 mem 0x0000000080031f34
core   0: 0x000000008000ff5a (0x0ff77713) andi    a4, a4, 255
core   0: 3 0x000000008000ff5a (0x0ff77713) x14 0x0000000000000000
core   0: 0x000000008000ff5e (0x00e78023) sb      a4, 0(a5)
core   0: 3 0x000000008000ff5e (0x00e78023) mem 0x00000000800120a6 0x00
core   0: 0x000000008000ff62 (0xfc843703) ld      a4, -56(s0)
core   0: 3 0x000000008000ff62 (0xfc843703) x14 0x0000000080012040 mem 0x0000000080031f38
core   0: 0x000000008000ff66 (0xfb843783) ld      a5, -72(s0)
core   0: 3 0x000000008000ff66 (0xfb843783) x15 0x000000000000009c mem 0x0000000080031f28
core   0: 0x000000008000ff6a (0x000097ba) c.add   a5, a4
core   0: 3 0x000000008000ff6a (0x97ba) x15 0x00000000800120dc
core   0: 0x000000008000ff6c (0xfe043703) ld      a4, -32(s0)
core   0: 3 0x000000008000ff6c (0xfe043703) x14 0x00000000800120a7 mem 0x0000000080031f50
core   0: 0x000000008000ff70 (0xfcf76de3) bltu    a4, a5, pc - 38
core   0: 3 0x000000008000ff70 (0xfcf76de3)
core   0: 0x000000008000ff4a (0xfe043783) ld      a5, -32(s0)
core   0: 3 0x000000008000ff4a (0xfe043783) x15 0x00000000800120a7 mem 0x0000000080031f50
core   0: 0x000000008000ff4e (0x00178713) addi    a4, a5, 1
core   0: 3 0x000000008000ff4e (0x00178713) x14 0x00000000800120a8
core   0: 0x000000008000ff52 (0xfee43023) sd      a4, -32(s0)
core   0: 3 0x000000008000ff52 (0xfee43023) mem 0x0000000080031f50 0x00000000800120a8
core   0: 0x000000008000ff56 (0xfc442703) lw      a4, -60(s0)
core   0: 3 0x000000008000ff56 (0xfc442703) x14 0x0000000000000000 mem 0x0000000080031f34
core   0: 0x000000008000ff5a (0x0ff77713) andi    a4, a4, 255
core   0: 3 0x000000008000ff5a (0x0ff77713) x14 0x0000000000000000
core   0: 0x000000008000ff5e (0x00e78023) sb      a4, 0(a5)
core   0: 3 0x000000008000ff5e (0x00e78023) mem 0x00000000800120a7 0x00
core   0: 0x000000008000ff62 (0xfc843703) ld      a4, -56(s0)
core   0: 3 0x000000008000ff62 (0xfc843703) x14 0x0000000080012040 mem 0x0000000080031f38
core   0: 0x000000008000ff66 (0xfb843783) ld      a5, -72(s0)
core   0: 3 0x000000008000ff66 (0xfb843783) x15 0x000000000000009c mem 0x0000000080031f28
core   0: 0x000000008000ff6a (0x000097ba) c.add   a5, a4
core   0: 3 0x000000008000ff6a (0x97ba) x15 0x00000000800120dc
core   0: 0x000000008000ff6c (0xfe043703) ld      a4, -32(s0)
core   0: 3 0x000000008000ff6c (0xfe043703) x14 0x00000000800120a8 mem 0x0000000080031f50
core   0: 0x000000008000ff70 (0xfcf76de3) bltu    a4, a5, pc - 38
core   0: 3 0x000000008000ff70 (0xfcf76de3)
core   0: 0x000000008000ff4a (0xfe043783) ld      a5, -32(s0)
core   0: 3 0x000000008000ff4a (0xfe043783) x15 0x00000000800120a8 mem 0x0000000080031f50
core   0: 0x000000008000ff4e (0x00178713) addi    a4, a5, 1
core   0: 3 0x000000008000ff4e (0x00178713) x14 0x00000000800120a9
core   0: 0x000000008000ff52 (0xfee43023) sd      a4, -32(s0)
core   0: 3 0x000000008000ff52 (0xfee43023) mem 0x0000000080031f50 0x00000000800120a9
core   0: 0x000000008000ff56 (0xfc442703) lw      a4, -60(s0)
core   0: 3 0x000000008000ff56 (0xfc442703) x14 0x0000000000000000 mem 0x0000000080031f34
core   0: 0x000000008000ff5a (0x0ff77713) andi    a4, a4, 255
core   0: 3 0x000000008000ff5a (0x0ff77713) x14 0x0000000000000000
core   0: 0x000000008000ff5e (0x00e78023) sb      a4, 0(a5)
core   0: 3 0x000000008000ff5e (0x00e78023) mem 0x00000000800120a8 0x00
core   0: 0x000000008000ff62 (0xfc843703) ld      a4, -56(s0)
core   0: 3 0x000000008000ff62 (0xfc843703) x14 0x0000000080012040 mem 0x0000000080031f38
core   0: 0x000000008000ff66 (0xfb843783) ld      a5, -72(s0)
core   0: 3 0x000000008000ff66 (0xfb843783) x15 0x000000000000009c mem 0x0000000080031f28
core   0: 0x000000008000ff6a (0x000097ba) c.add   a5, a4
core   0: 3 0x000000008000ff6a (0x97ba) x15 0x00000000800120dc
core   0: 0x000000008000ff6c (0xfe043703) ld      a4, -32(s0)
core   0: 3 0x000000008000ff6c (0xfe043703) x14 0x00000000800120a9 mem 0x0000000080031f50
core   0: 0x000000008000ff70 (0xfcf76de3) bltu    a4, a5, pc - 38
core   0: 3 0x000000008000ff70 (0xfcf76de3)
core   0: 0x000000008000ff4a (0xfe043783) ld      a5, -32(s0)
core   0: 3 0x000000008000ff4a (0xfe043783) x15 0x00000000800120a9 mem 0x0000000080031f50
core   0: 0x000000008000ff4e (0x00178713) addi    a4, a5, 1
core   0: 3 0x000000008000ff4e (0x00178713) x14 0x00000000800120aa
core   0: 0x000000008000ff52 (0xfee43023) sd      a4, -32(s0)
core   0: 3 0x000000008000ff52 (0xfee43023) mem 0x0000000080031f50 0x00000000800120aa
core   0: 0x000000008000ff56 (0xfc442703) lw      a4, -60(s0)
core   0: 3 0x000000008000ff56 (0xfc442703) x14 0x0000000000000000 mem 0x0000000080031f34
core   0: 0x000000008000ff5a (0x0ff77713) andi    a4, a4, 255
core   0: 3 0x000000008000ff5a (0x0ff77713) x14 0x0000000000000000
core   0: 0x000000008000ff5e (0x00e78023) sb      a4, 0(a5)
core   0: 3 0x000000008000ff5e (0x00e78023) mem 0x00000000800120a9 0x00
core   0: 0x000000008000ff62 (0xfc843703) ld      a4, -56(s0)
core   0: 3 0x000000008000ff62 (0xfc843703) x14 0x0000000080012040 mem 0x0000000080031f38
core   0: 0x000000008000ff66 (0xfb843783) ld      a5, -72(s0)
core   0: 3 0x000000008000ff66 (0xfb843783) x15 0x000000000000009c mem 0x0000000080031f28
core   0: 0x000000008000ff6a (0x000097ba) c.add   a5, a4
core   0: 3 0x000000008000ff6a (0x97ba) x15 0x00000000800120dc
core   0: 0x000000008000ff6c (0xfe043703) ld      a4, -32(s0)
core   0: 3 0x000000008000ff6c (0xfe043703) x14 0x00000000800120aa mem 0x0000000080031f50
core   0: 0x000000008000ff70 (0xfcf76de3) bltu    a4, a5, pc - 38
core   0: 3 0x000000008000ff70 (0xfcf76de3)
core   0: 0x000000008000ff4a (0xfe043783) ld      a5, -32(s0)
core   0: 3 0x000000008000ff4a (0xfe043783) x15 0x00000000800120aa mem 0x0000000080031f50
core   0: 0x000000008000ff4e (0x00178713) addi    a4, a5, 1
core   0: 3 0x000000008000ff4e (0x00178713) x14 0x00000000800120ab
core   0: 0x000000008000ff52 (0xfee43023) sd      a4, -32(s0)
core   0: 3 0x000000008000ff52 (0xfee43023) mem 0x0000000080031f50 0x00000000800120ab
core   0: 0x000000008000ff56 (0xfc442703) lw      a4, -60(s0)
core   0: 3 0x000000008000ff56 (0xfc442703) x14 0x0000000000000000 mem 0x0000000080031f34
core   0: 0x000000008000ff5a (0x0ff77713) andi    a4, a4, 255
core   0: 3 0x000000008000ff5a (0x0ff77713) x14 0x0000000000000000
core   0: 0x000000008000ff5e (0x00e78023) sb      a4, 0(a5)
core   0: 3 0x000000008000ff5e (0x00e78023) mem 0x00000000800120aa 0x00
core   0: 0x000000008000ff62 (0xfc843703) ld      a4, -56(s0)
core   0: 3 0x000000008000ff62 (0xfc843703) x14 0x0000000080012040 mem 0x0000000080031f38
core   0: 0x000000008000ff66 (0xfb843783) ld      a5, -72(s0)
core   0: 3 0x000000008000ff66 (0xfb843783) x15 0x000000000000009c mem 0x0000000080031f28
core   0: 0x000000008000ff6a (0x000097ba) c.add   a5, a4
core   0: 3 0x000000008000ff6a (0x97ba) x15 0x00000000800120dc
core   0: 0x000000008000ff6c (0xfe043703) ld      a4, -32(s0)
core   0: 3 0x000000008000ff6c (0xfe043703) x14 0x00000000800120ab mem 0x0000000080031f50
core   0: 0x000000008000ff70 (0xfcf76de3) bltu    a4, a5, pc - 38
core   0: 3 0x000000008000ff70 (0xfcf76de3)
core   0: 0x000000008000ff4a (0xfe043783) ld      a5, -32(s0)
core   0: 3 0x000000008000ff4a (0xfe043783) x15 0x00000000800120ab mem 0x0000000080031f50
core   0: 0x000000008000ff4e (0x00178713) addi    a4, a5, 1
core   0: 3 0x000000008000ff4e (0x00178713) x14 0x00000000800120ac
core   0: 0x000000008000ff52 (0xfee43023) sd      a4, -32(s0)
core   0: 3 0x000000008000ff52 (0xfee43023) mem 0x0000000080031f50 0x00000000800120ac
core   0: 0x000000008000ff56 (0xfc442703) lw      a4, -60(s0)
core   0: 3 0x000000008000ff56 (0xfc442703) x14 0x0000000000000000 mem 0x0000000080031f34
core   0: 0x000000008000ff5a (0x0ff77713) andi    a4, a4, 255
core   0: 3 0x000000008000ff5a (0x0ff77713) x14 0x0000000000000000
core   0: 0x000000008000ff5e (0x00e78023) sb      a4, 0(a5)
core   0: 3 0x000000008000ff5e (0x00e78023) mem 0x00000000800120ab 0x00
core   0: 0x000000008000ff62 (0xfc843703) ld      a4, -56(s0)
core   0: 3 0x000000008000ff62 (0xfc843703) x14 0x0000000080012040 mem 0x0000000080031f38
core   0: 0x000000008000ff66 (0xfb843783) ld      a5, -72(s0)
core   0: 3 0x000000008000ff66 (0xfb843783) x15 0x000000000000009c mem 0x0000000080031f28
core   0: 0x000000008000ff6a (0x000097ba) c.add   a5, a4
core   0: 3 0x000000008000ff6a (0x97ba) x15 0x00000000800120dc
core   0: 0x000000008000ff6c (0xfe043703) ld      a4, -32(s0)
core   0: 3 0x000000008000ff6c (0xfe043703) x14 0x00000000800120ac mem 0x0000000080031f50
core   0: 0x000000008000ff70 (0xfcf76de3) bltu    a4, a5, pc - 38
core   0: 3 0x000000008000ff70 (0xfcf76de3)
core   0: 0x000000008000ff4a (0xfe043783) ld      a5, -32(s0)
core   0: 3 0x000000008000ff4a (0xfe043783) x15 0x00000000800120ac mem 0x0000000080031f50
core   0: 0x000000008000ff4e (0x00178713) addi    a4, a5, 1
core   0: 3 0x000000008000ff4e (0x00178713) x14 0x00000000800120ad
core   0: 0x000000008000ff52 (0xfee43023) sd      a4, -32(s0)
core   0: 3 0x000000008000ff52 (0xfee43023) mem 0x0000000080031f50 0x00000000800120ad
core   0: 0x000000008000ff56 (0xfc442703) lw      a4, -60(s0)
core   0: 3 0x000000008000ff56 (0xfc442703) x14 0x0000000000000000 mem 0x0000000080031f34
core   0: 0x000000008000ff5a (0x0ff77713) andi    a4, a4, 255
core   0: 3 0x000000008000ff5a (0x0ff77713) x14 0x0000000000000000
core   0: 0x000000008000ff5e (0x00e78023) sb      a4, 0(a5)
core   0: 3 0x000000008000ff5e (0x00e78023) mem 0x00000000800120ac 0x00
core   0: 0x000000008000ff62 (0xfc843703) ld      a4, -56(s0)
core   0: 3 0x000000008000ff62 (0xfc843703) x14 0x0000000080012040 mem 0x0000000080031f38
core   0: 0x000000008000ff66 (0xfb843783) ld      a5, -72(s0)
core   0: 3 0x000000008000ff66 (0xfb843783) x15 0x000000000000009c mem 0x0000000080031f28
core   0: 0x000000008000ff6a (0x000097ba) c.add   a5, a4
core   0: 3 0x000000008000ff6a (0x97ba) x15 0x00000000800120dc
core   0: 0x000000008000ff6c (0xfe043703) ld      a4, -32(s0)
core   0: 3 0x000000008000ff6c (0xfe043703) x14 0x00000000800120ad mem 0x0000000080031f50
core   0: 0x000000008000ff70 (0xfcf76de3) bltu    a4, a5, pc - 38
core   0: 3 0x000000008000ff70 (0xfcf76de3)
core   0: 0x000000008000ff4a (0xfe043783) ld      a5, -32(s0)
core   0: 3 0x000000008000ff4a (0xfe043783) x15 0x00000000800120ad mem 0x0000000080031f50
core   0: 0x000000008000ff4e (0x00178713) addi    a4, a5, 1
core   0: 3 0x000000008000ff4e (0x00178713) x14 0x00000000800120ae
core   0: 0x000000008000ff52 (0xfee43023) sd      a4, -32(s0)
core   0: 3 0x000000008000ff52 (0xfee43023) mem 0x0000000080031f50 0x00000000800120ae
core   0: 0x000000008000ff56 (0xfc442703) lw      a4, -60(s0)
core   0: 3 0x000000008000ff56 (0xfc442703) x14 0x0000000000000000 mem 0x0000000080031f34
core   0: 0x000000008000ff5a (0x0ff77713) andi    a4, a4, 255
core   0: 3 0x000000008000ff5a (0x0ff77713) x14 0x0000000000000000
core   0: 0x000000008000ff5e (0x00e78023) sb      a4, 0(a5)
core   0: 3 0x000000008000ff5e (0x00e78023) mem 0x00000000800120ad 0x00
core   0: 0x000000008000ff62 (0xfc843703) ld      a4, -56(s0)
core   0: 3 0x000000008000ff62 (0xfc843703) x14 0x0000000080012040 mem 0x0000000080031f38
core   0: 0x000000008000ff66 (0xfb843783) ld      a5, -72(s0)
core   0: 3 0x000000008000ff66 (0xfb843783) x15 0x000000000000009c mem 0x0000000080031f28
core   0: 0x000000008000ff6a (0x000097ba) c.add   a5, a4
core   0: 3 0x000000008000ff6a (0x97ba) x15 0x00000000800120dc
core   0: 0x000000008000ff6c (0xfe043703) ld      a4, -32(s0)
core   0: 3 0x000000008000ff6c (0xfe043703) x14 0x00000000800120ae mem 0x0000000080031f50
core   0: 0x000000008000ff70 (0xfcf76de3) bltu    a4, a5, pc - 38
core   0: 3 0x000000008000ff70 (0xfcf76de3)
core   0: 0x000000008000ff4a (0xfe043783) ld      a5, -32(s0)
core   0: 3 0x000000008000ff4a (0xfe043783) x15 0x00000000800120ae mem 0x0000000080031f50
core   0: 0x000000008000ff4e (0x00178713) addi    a4, a5, 1
core   0: 3 0x000000008000ff4e (0x00178713) x14 0x00000000800120af
core   0: 0x000000008000ff52 (0xfee43023) sd      a4, -32(s0)
core   0: 3 0x000000008000ff52 (0xfee43023) mem 0x0000000080031f50 0x00000000800120af
core   0: 0x000000008000ff56 (0xfc442703) lw      a4, -60(s0)
core   0: 3 0x000000008000ff56 (0xfc442703) x14 0x0000000000000000 mem 0x0000000080031f34
core   0: 0x000000008000ff5a (0x0ff77713) andi    a4, a4, 255
core   0: 3 0x000000008000ff5a (0x0ff77713) x14 0x0000000000000000
core   0: 0x000000008000ff5e (0x00e78023) sb      a4, 0(a5)
core   0: 3 0x000000008000ff5e (0x00e78023) mem 0x00000000800120ae 0x00
core   0: 0x000000008000ff62 (0xfc843703) ld      a4, -56(s0)
core   0: 3 0x000000008000ff62 (0xfc843703) x14 0x0000000080012040 mem 0x0000000080031f38
core   0: 0x000000008000ff66 (0xfb843783) ld      a5, -72(s0)
core   0: 3 0x000000008000ff66 (0xfb843783) x15 0x000000000000009c mem 0x0000000080031f28
core   0: 0x000000008000ff6a (0x000097ba) c.add   a5, a4
core   0: 3 0x000000008000ff6a (0x97ba) x15 0x00000000800120dc
core   0: 0x000000008000ff6c (0xfe043703) ld      a4, -32(s0)
core   0: 3 0x000000008000ff6c (0xfe043703) x14 0x00000000800120af mem 0x0000000080031f50
core   0: 0x000000008000ff70 (0xfcf76de3) bltu    a4, a5, pc - 38
core   0: 3 0x000000008000ff70 (0xfcf76de3)
core   0: 0x000000008000ff4a (0xfe043783) ld      a5, -32(s0)
core   0: 3 0x000000008000ff4a (0xfe043783) x15 0x00000000800120af mem 0x0000000080031f50
core   0: 0x000000008000ff4e (0x00178713) addi    a4, a5, 1
core   0: 3 0x000000008000ff4e (0x00178713) x14 0x00000000800120b0
core   0: 0x000000008000ff52 (0xfee43023) sd      a4, -32(s0)
core   0: 3 0x000000008000ff52 (0xfee43023) mem 0x0000000080031f50 0x00000000800120b0
core   0: 0x000000008000ff56 (0xfc442703) lw      a4, -60(s0)
core   0: 3 0x000000008000ff56 (0xfc442703) x14 0x0000000000000000 mem 0x0000000080031f34
core   0: 0x000000008000ff5a (0x0ff77713) andi    a4, a4, 255
core   0: 3 0x000000008000ff5a (0x0ff77713) x14 0x0000000000000000
core   0: 0x000000008000ff5e (0x00e78023) sb      a4, 0(a5)
core   0: 3 0x000000008000ff5e (0x00e78023) mem 0x00000000800120af 0x00
core   0: 0x000000008000ff62 (0xfc843703) ld      a4, -56(s0)
core   0: 3 0x000000008000ff62 (0xfc843703) x14 0x0000000080012040 mem 0x0000000080031f38
core   0: 0x000000008000ff66 (0xfb843783) ld      a5, -72(s0)
core   0: 3 0x000000008000ff66 (0xfb843783) x15 0x000000000000009c mem 0x0000000080031f28
core   0: 0x000000008000ff6a (0x000097ba) c.add   a5, a4
core   0: 3 0x000000008000ff6a (0x97ba) x15 0x00000000800120dc
core   0: 0x000000008000ff6c (0xfe043703) ld      a4, -32(s0)
core   0: 3 0x000000008000ff6c (0xfe043703) x14 0x00000000800120b0 mem 0x0000000080031f50
core   0: 0x000000008000ff70 (0xfcf76de3) bltu    a4, a5, pc - 38
core   0: 3 0x000000008000ff70 (0xfcf76de3)
core   0: 0x000000008000ff4a (0xfe043783) ld      a5, -32(s0)
core   0: 3 0x000000008000ff4a (0xfe043783) x15 0x00000000800120b0 mem 0x0000000080031f50
core   0: 0x000000008000ff4e (0x00178713) addi    a4, a5, 1
core   0: 3 0x000000008000ff4e (0x00178713) x14 0x00000000800120b1
core   0: 0x000000008000ff52 (0xfee43023) sd      a4, -32(s0)
core   0: 3 0x000000008000ff52 (0xfee43023) mem 0x0000000080031f50 0x00000000800120b1
core   0: 0x000000008000ff56 (0xfc442703) lw      a4, -60(s0)
core   0: 3 0x000000008000ff56 (0xfc442703) x14 0x0000000000000000 mem 0x0000000080031f34
core   0: 0x000000008000ff5a (0x0ff77713) andi    a4, a4, 255
core   0: 3 0x000000008000ff5a (0x0ff77713) x14 0x0000000000000000
core   0: 0x000000008000ff5e (0x00e78023) sb      a4, 0(a5)
core   0: 3 0x000000008000ff5e (0x00e78023) mem 0x00000000800120b0 0x00
core   0: 0x000000008000ff62 (0xfc843703) ld      a4, -56(s0)
core   0: 3 0x000000008000ff62 (0xfc843703) x14 0x0000000080012040 mem 0x0000000080031f38
core   0: 0x000000008000ff66 (0xfb843783) ld      a5, -72(s0)
core   0: 3 0x000000008000ff66 (0xfb843783) x15 0x000000000000009c mem 0x0000000080031f28
core   0: 0x000000008000ff6a (0x000097ba) c.add   a5, a4
core   0: 3 0x000000008000ff6a (0x97ba) x15 0x00000000800120dc
core   0: 0x000000008000ff6c (0xfe043703) ld      a4, -32(s0)
core   0: 3 0x000000008000ff6c (0xfe043703) x14 0x00000000800120b1 mem 0x0000000080031f50
core   0: 0x000000008000ff70 (0xfcf76de3) bltu    a4, a5, pc - 38
core   0: 3 0x000000008000ff70 (0xfcf76de3)
core   0: 0x000000008000ff4a (0xfe043783) ld      a5, -32(s0)
core   0: 3 0x000000008000ff4a (0xfe043783) x15 0x00000000800120b1 mem 0x0000000080031f50
core   0: 0x000000008000ff4e (0x00178713) addi    a4, a5, 1
core   0: 3 0x000000008000ff4e (0x00178713) x14 0x00000000800120b2
core   0: 0x000000008000ff52 (0xfee43023) sd      a4, -32(s0)
core   0: 3 0x000000008000ff52 (0xfee43023) mem 0x0000000080031f50 0x00000000800120b2
core   0: 0x000000008000ff56 (0xfc442703) lw      a4, -60(s0)
core   0: 3 0x000000008000ff56 (0xfc442703) x14 0x0000000000000000 mem 0x0000000080031f34
core   0: 0x000000008000ff5a (0x0ff77713) andi    a4, a4, 255
core   0: 3 0x000000008000ff5a (0x0ff77713) x14 0x0000000000000000
core   0: 0x000000008000ff5e (0x00e78023) sb      a4, 0(a5)
core   0: 3 0x000000008000ff5e (0x00e78023) mem 0x00000000800120b1 0x00
core   0: 0x000000008000ff62 (0xfc843703) ld      a4, -56(s0)
core   0: 3 0x000000008000ff62 (0xfc843703) x14 0x0000000080012040 mem 0x0000000080031f38
core   0: 0x000000008000ff66 (0xfb843783) ld      a5, -72(s0)
core   0: 3 0x000000008000ff66 (0xfb843783) x15 0x000000000000009c mem 0x0000000080031f28
core   0: 0x000000008000ff6a (0x000097ba) c.add   a5, a4
core   0: 3 0x000000008000ff6a (0x97ba) x15 0x00000000800120dc
core   0: 0x000000008000ff6c (0xfe043703) ld      a4, -32(s0)
core   0: 3 0x000000008000ff6c (0xfe043703) x14 0x00000000800120b2 mem 0x0000000080031f50
core   0: 0x000000008000ff70 (0xfcf76de3) bltu    a4, a5, pc - 38
core   0: 3 0x000000008000ff70 (0xfcf76de3)
core   0: 0x000000008000ff4a (0xfe043783) ld      a5, -32(s0)
core   0: 3 0x000000008000ff4a (0xfe043783) x15 0x00000000800120b2 mem 0x0000000080031f50
core   0: 0x000000008000ff4e (0x00178713) addi    a4, a5, 1
core   0: 3 0x000000008000ff4e (0x00178713) x14 0x00000000800120b3
core   0: 0x000000008000ff52 (0xfee43023) sd      a4, -32(s0)
core   0: 3 0x000000008000ff52 (0xfee43023) mem 0x0000000080031f50 0x00000000800120b3
core   0: 0x000000008000ff56 (0xfc442703) lw      a4, -60(s0)
core   0: 3 0x000000008000ff56 (0xfc442703) x14 0x0000000000000000 mem 0x0000000080031f34
core   0: 0x000000008000ff5a (0x0ff77713) andi    a4, a4, 255
core   0: 3 0x000000008000ff5a (0x0ff77713) x14 0x0000000000000000
core   0: 0x000000008000ff5e (0x00e78023) sb      a4, 0(a5)
core   0: 3 0x000000008000ff5e (0x00e78023) mem 0x00000000800120b2 0x00
core   0: 0x000000008000ff62 (0xfc843703) ld      a4, -56(s0)
core   0: 3 0x000000008000ff62 (0xfc843703) x14 0x0000000080012040 mem 0x0000000080031f38
core   0: 0x000000008000ff66 (0xfb843783) ld      a5, -72(s0)
core   0: 3 0x000000008000ff66 (0xfb843783) x15 0x000000000000009c mem 0x0000000080031f28
core   0: 0x000000008000ff6a (0x000097ba) c.add   a5, a4
core   0: 3 0x000000008000ff6a (0x97ba) x15 0x00000000800120dc
core   0: 0x000000008000ff6c (0xfe043703) ld      a4, -32(s0)
core   0: 3 0x000000008000ff6c (0xfe043703) x14 0x00000000800120b3 mem 0x0000000080031f50
core   0: 0x000000008000ff70 (0xfcf76de3) bltu    a4, a5, pc - 38
core   0: 3 0x000000008000ff70 (0xfcf76de3)
core   0: 0x000000008000ff4a (0xfe043783) ld      a5, -32(s0)
core   0: 3 0x000000008000ff4a (0xfe043783) x15 0x00000000800120b3 mem 0x0000000080031f50
core   0: 0x000000008000ff4e (0x00178713) addi    a4, a5, 1
core   0: 3 0x000000008000ff4e (0x00178713) x14 0x00000000800120b4
core   0: 0x000000008000ff52 (0xfee43023) sd      a4, -32(s0)
core   0: 3 0x000000008000ff52 (0xfee43023) mem 0x0000000080031f50 0x00000000800120b4
core   0: 0x000000008000ff56 (0xfc442703) lw      a4, -60(s0)
core   0: 3 0x000000008000ff56 (0xfc442703) x14 0x0000000000000000 mem 0x0000000080031f34
core   0: 0x000000008000ff5a (0x0ff77713) andi    a4, a4, 255
core   0: 3 0x000000008000ff5a (0x0ff77713) x14 0x0000000000000000
core   0: 0x000000008000ff5e (0x00e78023) sb      a4, 0(a5)
core   0: 3 0x000000008000ff5e (0x00e78023) mem 0x00000000800120b3 0x00
core   0: 0x000000008000ff62 (0xfc843703) ld      a4, -56(s0)
core   0: 3 0x000000008000ff62 (0xfc843703) x14 0x0000000080012040 mem 0x0000000080031f38
core   0: 0x000000008000ff66 (0xfb843783) ld      a5, -72(s0)
core   0: 3 0x000000008000ff66 (0xfb843783) x15 0x000000000000009c mem 0x0000000080031f28
core   0: 0x000000008000ff6a (0x000097ba) c.add   a5, a4
core   0: 3 0x000000008000ff6a (0x97ba) x15 0x00000000800120dc
core   0: 0x000000008000ff6c (0xfe043703) ld      a4, -32(s0)
core   0: 3 0x000000008000ff6c (0xfe043703) x14 0x00000000800120b4 mem 0x0000000080031f50
core   0: 0x000000008000ff70 (0xfcf76de3) bltu    a4, a5, pc - 38
core   0: 3 0x000000008000ff70 (0xfcf76de3)
core   0: 0x000000008000ff4a (0xfe043783) ld      a5, -32(s0)
core   0: 3 0x000000008000ff4a (0xfe043783) x15 0x00000000800120b4 mem 0x0000000080031f50
core   0: 0x000000008000ff4e (0x00178713) addi    a4, a5, 1
core   0: 3 0x000000008000ff4e (0x00178713) x14 0x00000000800120b5
core   0: 0x000000008000ff52 (0xfee43023) sd      a4, -32(s0)
core   0: 3 0x000000008000ff52 (0xfee43023) mem 0x0000000080031f50 0x00000000800120b5
core   0: 0x000000008000ff56 (0xfc442703) lw      a4, -60(s0)
core   0: 3 0x000000008000ff56 (0xfc442703) x14 0x0000000000000000 mem 0x0000000080031f34
core   0: 0x000000008000ff5a (0x0ff77713) andi    a4, a4, 255
core   0: 3 0x000000008000ff5a (0x0ff77713) x14 0x0000000000000000
core   0: 0x000000008000ff5e (0x00e78023) sb      a4, 0(a5)
core   0: 3 0x000000008000ff5e (0x00e78023) mem 0x00000000800120b4 0x00
core   0: 0x000000008000ff62 (0xfc843703) ld      a4, -56(s0)
core   0: 3 0x000000008000ff62 (0xfc843703) x14 0x0000000080012040 mem 0x0000000080031f38
core   0: 0x000000008000ff66 (0xfb843783) ld      a5, -72(s0)
core   0: 3 0x000000008000ff66 (0xfb843783) x15 0x000000000000009c mem 0x0000000080031f28
core   0: 0x000000008000ff6a (0x000097ba) c.add   a5, a4
core   0: 3 0x000000008000ff6a (0x97ba) x15 0x00000000800120dc
core   0: 0x000000008000ff6c (0xfe043703) ld      a4, -32(s0)
core   0: 3 0x000000008000ff6c (0xfe043703) x14 0x00000000800120b5 mem 0x0000000080031f50
core   0: 0x000000008000ff70 (0xfcf76de3) bltu    a4, a5, pc - 38
core   0: 3 0x000000008000ff70 (0xfcf76de3)
core   0: 0x000000008000ff4a (0xfe043783) ld      a5, -32(s0)
core   0: 3 0x000000008000ff4a (0xfe043783) x15 0x00000000800120b5 mem 0x0000000080031f50
core   0: 0x000000008000ff4e (0x00178713) addi    a4, a5, 1
core   0: 3 0x000000008000ff4e (0x00178713) x14 0x00000000800120b6
core   0: 0x000000008000ff52 (0xfee43023) sd      a4, -32(s0)
core   0: 3 0x000000008000ff52 (0xfee43023) mem 0x0000000080031f50 0x00000000800120b6
core   0: 0x000000008000ff56 (0xfc442703) lw      a4, -60(s0)
core   0: 3 0x000000008000ff56 (0xfc442703) x14 0x0000000000000000 mem 0x0000000080031f34
core   0: 0x000000008000ff5a (0x0ff77713) andi    a4, a4, 255
core   0: 3 0x000000008000ff5a (0x0ff77713) x14 0x0000000000000000
core   0: 0x000000008000ff5e (0x00e78023) sb      a4, 0(a5)
core   0: 3 0x000000008000ff5e (0x00e78023) mem 0x00000000800120b5 0x00
core   0: 0x000000008000ff62 (0xfc843703) ld      a4, -56(s0)
core   0: 3 0x000000008000ff62 (0xfc843703) x14 0x0000000080012040 mem 0x0000000080031f38
core   0: 0x000000008000ff66 (0xfb843783) ld      a5, -72(s0)
core   0: 3 0x000000008000ff66 (0xfb843783) x15 0x000000000000009c mem 0x0000000080031f28
core   0: 0x000000008000ff6a (0x000097ba) c.add   a5, a4
core   0: 3 0x000000008000ff6a (0x97ba) x15 0x00000000800120dc
core   0: 0x000000008000ff6c (0xfe043703) ld      a4, -32(s0)
core   0: 3 0x000000008000ff6c (0xfe043703) x14 0x00000000800120b6 mem 0x0000000080031f50
core   0: 0x000000008000ff70 (0xfcf76de3) bltu    a4, a5, pc - 38
core   0: 3 0x000000008000ff70 (0xfcf76de3)
core   0: 0x000000008000ff4a (0xfe043783) ld      a5, -32(s0)
core   0: 3 0x000000008000ff4a (0xfe043783) x15 0x00000000800120b6 mem 0x0000000080031f50
core   0: 0x000000008000ff4e (0x00178713) addi    a4, a5, 1
core   0: 3 0x000000008000ff4e (0x00178713) x14 0x00000000800120b7
core   0: 0x000000008000ff52 (0xfee43023) sd      a4, -32(s0)
core   0: 3 0x000000008000ff52 (0xfee43023) mem 0x0000000080031f50 0x00000000800120b7
core   0: 0x000000008000ff56 (0xfc442703) lw      a4, -60(s0)
core   0: 3 0x000000008000ff56 (0xfc442703) x14 0x0000000000000000 mem 0x0000000080031f34
core   0: 0x000000008000ff5a (0x0ff77713) andi    a4, a4, 255
core   0: 3 0x000000008000ff5a (0x0ff77713) x14 0x0000000000000000
core   0: 0x000000008000ff5e (0x00e78023) sb      a4, 0(a5)
core   0: 3 0x000000008000ff5e (0x00e78023) mem 0x00000000800120b6 0x00
core   0: 0x000000008000ff62 (0xfc843703) ld      a4, -56(s0)
core   0: 3 0x000000008000ff62 (0xfc843703) x14 0x0000000080012040 mem 0x0000000080031f38
core   0: 0x000000008000ff66 (0xfb843783) ld      a5, -72(s0)
core   0: 3 0x000000008000ff66 (0xfb843783) x15 0x000000000000009c mem 0x0000000080031f28
core   0: 0x000000008000ff6a (0x000097ba) c.add   a5, a4
core   0: 3 0x000000008000ff6a (0x97ba) x15 0x00000000800120dc
core   0: 0x000000008000ff6c (0xfe043703) ld      a4, -32(s0)
core   0: 3 0x000000008000ff6c (0xfe043703) x14 0x00000000800120b7 mem 0x0000000080031f50
core   0: 0x000000008000ff70 (0xfcf76de3) bltu    a4, a5, pc - 38
core   0: 3 0x000000008000ff70 (0xfcf76de3)
core   0: 0x000000008000ff4a (0xfe043783) ld      a5, -32(s0)
core   0: 3 0x000000008000ff4a (0xfe043783) x15 0x00000000800120b7 mem 0x0000000080031f50
core   0: 0x000000008000ff4e (0x00178713) addi    a4, a5, 1
core   0: 3 0x000000008000ff4e (0x00178713) x14 0x00000000800120b8
core   0: 0x000000008000ff52 (0xfee43023) sd      a4, -32(s0)
core   0: 3 0x000000008000ff52 (0xfee43023) mem 0x0000000080031f50 0x00000000800120b8
core   0: 0x000000008000ff56 (0xfc442703) lw      a4, -60(s0)
core   0: 3 0x000000008000ff56 (0xfc442703) x14 0x0000000000000000 mem 0x0000000080031f34
core   0: 0x000000008000ff5a (0x0ff77713) andi    a4, a4, 255
core   0: 3 0x000000008000ff5a (0x0ff77713) x14 0x0000000000000000
core   0: 0x000000008000ff5e (0x00e78023) sb      a4, 0(a5)
core   0: 3 0x000000008000ff5e (0x00e78023) mem 0x00000000800120b7 0x00
core   0: 0x000000008000ff62 (0xfc843703) ld      a4, -56(s0)
core   0: 3 0x000000008000ff62 (0xfc843703) x14 0x0000000080012040 mem 0x0000000080031f38
core   0: 0x000000008000ff66 (0xfb843783) ld      a5, -72(s0)
core   0: 3 0x000000008000ff66 (0xfb843783) x15 0x000000000000009c mem 0x0000000080031f28
core   0: 0x000000008000ff6a (0x000097ba) c.add   a5, a4
core   0: 3 0x000000008000ff6a (0x97ba) x15 0x00000000800120dc
core   0: 0x000000008000ff6c (0xfe043703) ld      a4, -32(s0)
core   0: 3 0x000000008000ff6c (0xfe043703) x14 0x00000000800120b8 mem 0x0000000080031f50
core   0: 0x000000008000ff70 (0xfcf76de3) bltu    a4, a5, pc - 38
core   0: 3 0x000000008000ff70 (0xfcf76de3)
core   0: 0x000000008000ff4a (0xfe043783) ld      a5, -32(s0)
core   0: 3 0x000000008000ff4a (0xfe043783) x15 0x00000000800120b8 mem 0x0000000080031f50
core   0: 0x000000008000ff4e (0x00178713) addi    a4, a5, 1
core   0: 3 0x000000008000ff4e (0x00178713) x14 0x00000000800120b9
core   0: 0x000000008000ff52 (0xfee43023) sd      a4, -32(s0)
core   0: 3 0x000000008000ff52 (0xfee43023) mem 0x0000000080031f50 0x00000000800120b9
core   0: 0x000000008000ff56 (0xfc442703) lw      a4, -60(s0)
core   0: 3 0x000000008000ff56 (0xfc442703) x14 0x0000000000000000 mem 0x0000000080031f34
core   0: 0x000000008000ff5a (0x0ff77713) andi    a4, a4, 255
core   0: 3 0x000000008000ff5a (0x0ff77713) x14 0x0000000000000000
core   0: 0x000000008000ff5e (0x00e78023) sb      a4, 0(a5)
core   0: 3 0x000000008000ff5e (0x00e78023) mem 0x00000000800120b8 0x00
core   0: 0x000000008000ff62 (0xfc843703) ld      a4, -56(s0)
core   0: 3 0x000000008000ff62 (0xfc843703) x14 0x0000000080012040 mem 0x0000000080031f38
core   0: 0x000000008000ff66 (0xfb843783) ld      a5, -72(s0)
core   0: 3 0x000000008000ff66 (0xfb843783) x15 0x000000000000009c mem 0x0000000080031f28
core   0: 0x000000008000ff6a (0x000097ba) c.add   a5, a4
core   0: 3 0x000000008000ff6a (0x97ba) x15 0x00000000800120dc
core   0: 0x000000008000ff6c (0xfe043703) ld      a4, -32(s0)
core   0: 3 0x000000008000ff6c (0xfe043703) x14 0x00000000800120b9 mem 0x0000000080031f50
core   0: 0x000000008000ff70 (0xfcf76de3) bltu    a4, a5, pc - 38
core   0: 3 0x000000008000ff70 (0xfcf76de3)
core   0: 0x000000008000ff4a (0xfe043783) ld      a5, -32(s0)
core   0: 3 0x000000008000ff4a (0xfe043783) x15 0x00000000800120b9 mem 0x0000000080031f50
core   0: 0x000000008000ff4e (0x00178713) addi    a4, a5, 1
core   0: 3 0x000000008000ff4e (0x00178713) x14 0x00000000800120ba
core   0: 0x000000008000ff52 (0xfee43023) sd      a4, -32(s0)
core   0: 3 0x000000008000ff52 (0xfee43023) mem 0x0000000080031f50 0x00000000800120ba
core   0: 0x000000008000ff56 (0xfc442703) lw      a4, -60(s0)
core   0: 3 0x000000008000ff56 (0xfc442703) x14 0x0000000000000000 mem 0x0000000080031f34
core   0: 0x000000008000ff5a (0x0ff77713) andi    a4, a4, 255
core   0: 3 0x000000008000ff5a (0x0ff77713) x14 0x0000000000000000
core   0: 0x000000008000ff5e (0x00e78023) sb      a4, 0(a5)
core   0: 3 0x000000008000ff5e (0x00e78023) mem 0x00000000800120b9 0x00
core   0: 0x000000008000ff62 (0xfc843703) ld      a4, -56(s0)
core   0: 3 0x000000008000ff62 (0xfc843703) x14 0x0000000080012040 mem 0x0000000080031f38
core   0: 0x000000008000ff66 (0xfb843783) ld      a5, -72(s0)
core   0: 3 0x000000008000ff66 (0xfb843783) x15 0x000000000000009c mem 0x0000000080031f28
core   0: 0x000000008000ff6a (0x000097ba) c.add   a5, a4
core   0: 3 0x000000008000ff6a (0x97ba) x15 0x00000000800120dc
core   0: 0x000000008000ff6c (0xfe043703) ld      a4, -32(s0)
core   0: 3 0x000000008000ff6c (0xfe043703) x14 0x00000000800120ba mem 0x0000000080031f50
core   0: 0x000000008000ff70 (0xfcf76de3) bltu    a4, a5, pc - 38
core   0: 3 0x000000008000ff70 (0xfcf76de3)
core   0: 0x000000008000ff4a (0xfe043783) ld      a5, -32(s0)
core   0: 3 0x000000008000ff4a (0xfe043783) x15 0x00000000800120ba mem 0x0000000080031f50
core   0: 0x000000008000ff4e (0x00178713) addi    a4, a5, 1
core   0: 3 0x000000008000ff4e (0x00178713) x14 0x00000000800120bb
core   0: 0x000000008000ff52 (0xfee43023) sd      a4, -32(s0)
core   0: 3 0x000000008000ff52 (0xfee43023) mem 0x0000000080031f50 0x00000000800120bb
core   0: 0x000000008000ff56 (0xfc442703) lw      a4, -60(s0)
core   0: 3 0x000000008000ff56 (0xfc442703) x14 0x0000000000000000 mem 0x0000000080031f34
core   0: 0x000000008000ff5a (0x0ff77713) andi    a4, a4, 255
core   0: 3 0x000000008000ff5a (0x0ff77713) x14 0x0000000000000000
core   0: 0x000000008000ff5e (0x00e78023) sb      a4, 0(a5)
core   0: 3 0x000000008000ff5e (0x00e78023) mem 0x00000000800120ba 0x00
core   0: 0x000000008000ff62 (0xfc843703) ld      a4, -56(s0)
core   0: 3 0x000000008000ff62 (0xfc843703) x14 0x0000000080012040 mem 0x0000000080031f38
core   0: 0x000000008000ff66 (0xfb843783) ld      a5, -72(s0)
core   0: 3 0x000000008000ff66 (0xfb843783) x15 0x000000000000009c mem 0x0000000080031f28
core   0: 0x000000008000ff6a (0x000097ba) c.add   a5, a4
core   0: 3 0x000000008000ff6a (0x97ba) x15 0x00000000800120dc
core   0: 0x000000008000ff6c (0xfe043703) ld      a4, -32(s0)
core   0: 3 0x000000008000ff6c (0xfe043703) x14 0x00000000800120bb mem 0x0000000080031f50
core   0: 0x000000008000ff70 (0xfcf76de3) bltu    a4, a5, pc - 38
core   0: 3 0x000000008000ff70 (0xfcf76de3)
core   0: 0x000000008000ff4a (0xfe043783) ld      a5, -32(s0)
core   0: 3 0x000000008000ff4a (0xfe043783) x15 0x00000000800120bb mem 0x0000000080031f50
core   0: 0x000000008000ff4e (0x00178713) addi    a4, a5, 1
core   0: 3 0x000000008000ff4e (0x00178713) x14 0x00000000800120bc
core   0: 0x000000008000ff52 (0xfee43023) sd      a4, -32(s0)
core   0: 3 0x000000008000ff52 (0xfee43023) mem 0x0000000080031f50 0x00000000800120bc
core   0: 0x000000008000ff56 (0xfc442703) lw      a4, -60(s0)
core   0: 3 0x000000008000ff56 (0xfc442703) x14 0x0000000000000000 mem 0x0000000080031f34
core   0: 0x000000008000ff5a (0x0ff77713) andi    a4, a4, 255
core   0: 3 0x000000008000ff5a (0x0ff77713) x14 0x0000000000000000
core   0: 0x000000008000ff5e (0x00e78023) sb      a4, 0(a5)
core   0: 3 0x000000008000ff5e (0x00e78023) mem 0x00000000800120bb 0x00
core   0: 0x000000008000ff62 (0xfc843703) ld      a4, -56(s0)
core   0: 3 0x000000008000ff62 (0xfc843703) x14 0x0000000080012040 mem 0x0000000080031f38
core   0: 0x000000008000ff66 (0xfb843783) ld      a5, -72(s0)
core   0: 3 0x000000008000ff66 (0xfb843783) x15 0x000000000000009c mem 0x0000000080031f28
core   0: 0x000000008000ff6a (0x000097ba) c.add   a5, a4
core   0: 3 0x000000008000ff6a (0x97ba) x15 0x00000000800120dc
core   0: 0x000000008000ff6c (0xfe043703) ld      a4, -32(s0)
core   0: 3 0x000000008000ff6c (0xfe043703) x14 0x00000000800120bc mem 0x0000000080031f50
core   0: 0x000000008000ff70 (0xfcf76de3) bltu    a4, a5, pc - 38
core   0: 3 0x000000008000ff70 (0xfcf76de3)
core   0: 0x000000008000ff4a (0xfe043783) ld      a5, -32(s0)
core   0: 3 0x000000008000ff4a (0xfe043783) x15 0x00000000800120bc mem 0x0000000080031f50
core   0: 0x000000008000ff4e (0x00178713) addi    a4, a5, 1
core   0: 3 0x000000008000ff4e (0x00178713) x14 0x00000000800120bd
core   0: 0x000000008000ff52 (0xfee43023) sd      a4, -32(s0)
core   0: 3 0x000000008000ff52 (0xfee43023) mem 0x0000000080031f50 0x00000000800120bd
core   0: 0x000000008000ff56 (0xfc442703) lw      a4, -60(s0)
core   0: 3 0x000000008000ff56 (0xfc442703) x14 0x0000000000000000 mem 0x0000000080031f34
core   0: 0x000000008000ff5a (0x0ff77713) andi    a4, a4, 255
core   0: 3 0x000000008000ff5a (0x0ff77713) x14 0x0000000000000000
core   0: 0x000000008000ff5e (0x00e78023) sb      a4, 0(a5)
core   0: 3 0x000000008000ff5e (0x00e78023) mem 0x00000000800120bc 0x00
core   0: 0x000000008000ff62 (0xfc843703) ld      a4, -56(s0)
core   0: 3 0x000000008000ff62 (0xfc843703) x14 0x0000000080012040 mem 0x0000000080031f38
core   0: 0x000000008000ff66 (0xfb843783) ld      a5, -72(s0)
core   0: 3 0x000000008000ff66 (0xfb843783) x15 0x000000000000009c mem 0x0000000080031f28
core   0: 0x000000008000ff6a (0x000097ba) c.add   a5, a4
core   0: 3 0x000000008000ff6a (0x97ba) x15 0x00000000800120dc
core   0: 0x000000008000ff6c (0xfe043703) ld      a4, -32(s0)
core   0: 3 0x000000008000ff6c (0xfe043703) x14 0x00000000800120bd mem 0x0000000080031f50
core   0: 0x000000008000ff70 (0xfcf76de3) bltu    a4, a5, pc - 38
core   0: 3 0x000000008000ff70 (0xfcf76de3)
core   0: 0x000000008000ff4a (0xfe043783) ld      a5, -32(s0)
core   0: 3 0x000000008000ff4a (0xfe043783) x15 0x00000000800120bd mem 0x0000000080031f50
core   0: 0x000000008000ff4e (0x00178713) addi    a4, a5, 1
core   0: 3 0x000000008000ff4e (0x00178713) x14 0x00000000800120be
core   0: 0x000000008000ff52 (0xfee43023) sd      a4, -32(s0)
core   0: 3 0x000000008000ff52 (0xfee43023) mem 0x0000000080031f50 0x00000000800120be
core   0: 0x000000008000ff56 (0xfc442703) lw      a4, -60(s0)
core   0: 3 0x000000008000ff56 (0xfc442703) x14 0x0000000000000000 mem 0x0000000080031f34
core   0: 0x000000008000ff5a (0x0ff77713) andi    a4, a4, 255
core   0: 3 0x000000008000ff5a (0x0ff77713) x14 0x0000000000000000
core   0: 0x000000008000ff5e (0x00e78023) sb      a4, 0(a5)
core   0: 3 0x000000008000ff5e (0x00e78023) mem 0x00000000800120bd 0x00
core   0: 0x000000008000ff62 (0xfc843703) ld      a4, -56(s0)
core   0: 3 0x000000008000ff62 (0xfc843703) x14 0x0000000080012040 mem 0x0000000080031f38
core   0: 0x000000008000ff66 (0xfb843783) ld      a5, -72(s0)
core   0: 3 0x000000008000ff66 (0xfb843783) x15 0x000000000000009c mem 0x0000000080031f28
core   0: 0x000000008000ff6a (0x000097ba) c.add   a5, a4
core   0: 3 0x000000008000ff6a (0x97ba) x15 0x00000000800120dc
core   0: 0x000000008000ff6c (0xfe043703) ld      a4, -32(s0)
core   0: 3 0x000000008000ff6c (0xfe043703) x14 0x00000000800120be mem 0x0000000080031f50
core   0: 0x000000008000ff70 (0xfcf76de3) bltu    a4, a5, pc - 38
core   0: 3 0x000000008000ff70 (0xfcf76de3)
core   0: 0x000000008000ff4a (0xfe043783) ld      a5, -32(s0)
core   0: 3 0x000000008000ff4a (0xfe043783) x15 0x00000000800120be mem 0x0000000080031f50
core   0: 0x000000008000ff4e (0x00178713) addi    a4, a5, 1
core   0: 3 0x000000008000ff4e (0x00178713) x14 0x00000000800120bf
core   0: 0x000000008000ff52 (0xfee43023) sd      a4, -32(s0)
core   0: 3 0x000000008000ff52 (0xfee43023) mem 0x0000000080031f50 0x00000000800120bf
core   0: 0x000000008000ff56 (0xfc442703) lw      a4, -60(s0)
core   0: 3 0x000000008000ff56 (0xfc442703) x14 0x0000000000000000 mem 0x0000000080031f34
core   0: 0x000000008000ff5a (0x0ff77713) andi    a4, a4, 255
core   0: 3 0x000000008000ff5a (0x0ff77713) x14 0x0000000000000000
core   0: 0x000000008000ff5e (0x00e78023) sb      a4, 0(a5)
core   0: 3 0x000000008000ff5e (0x00e78023) mem 0x00000000800120be 0x00
core   0: 0x000000008000ff62 (0xfc843703) ld      a4, -56(s0)
core   0: 3 0x000000008000ff62 (0xfc843703) x14 0x0000000080012040 mem 0x0000000080031f38
core   0: 0x000000008000ff66 (0xfb843783) ld      a5, -72(s0)
core   0: 3 0x000000008000ff66 (0xfb843783) x15 0x000000000000009c mem 0x0000000080031f28
core   0: 0x000000008000ff6a (0x000097ba) c.add   a5, a4
core   0: 3 0x000000008000ff6a (0x97ba) x15 0x00000000800120dc
core   0: 0x000000008000ff6c (0xfe043703) ld      a4, -32(s0)
core   0: 3 0x000000008000ff6c (0xfe043703) x14 0x00000000800120bf mem 0x0000000080031f50
core   0: 0x000000008000ff70 (0xfcf76de3) bltu    a4, a5, pc - 38
core   0: 3 0x000000008000ff70 (0xfcf76de3)
core   0: 0x000000008000ff4a (0xfe043783) ld      a5, -32(s0)
core   0: 3 0x000000008000ff4a (0xfe043783) x15 0x00000000800120bf mem 0x0000000080031f50
core   0: 0x000000008000ff4e (0x00178713) addi    a4, a5, 1
core   0: 3 0x000000008000ff4e (0x00178713) x14 0x00000000800120c0
core   0: 0x000000008000ff52 (0xfee43023) sd      a4, -32(s0)
core   0: 3 0x000000008000ff52 (0xfee43023) mem 0x0000000080031f50 0x00000000800120c0
core   0: 0x000000008000ff56 (0xfc442703) lw      a4, -60(s0)
core   0: 3 0x000000008000ff56 (0xfc442703) x14 0x0000000000000000 mem 0x0000000080031f34
core   0: 0x000000008000ff5a (0x0ff77713) andi    a4, a4, 255
core   0: 3 0x000000008000ff5a (0x0ff77713) x14 0x0000000000000000
core   0: 0x000000008000ff5e (0x00e78023) sb      a4, 0(a5)
core   0: 3 0x000000008000ff5e (0x00e78023) mem 0x00000000800120bf 0x00
core   0: 0x000000008000ff62 (0xfc843703) ld      a4, -56(s0)
core   0: 3 0x000000008000ff62 (0xfc843703) x14 0x0000000080012040 mem 0x0000000080031f38
core   0: 0x000000008000ff66 (0xfb843783) ld      a5, -72(s0)
core   0: 3 0x000000008000ff66 (0xfb843783) x15 0x000000000000009c mem 0x0000000080031f28
core   0: 0x000000008000ff6a (0x000097ba) c.add   a5, a4
core   0: 3 0x000000008000ff6a (0x97ba) x15 0x00000000800120dc
core   0: 0x000000008000ff6c (0xfe043703) ld      a4, -32(s0)
core   0: 3 0x000000008000ff6c (0xfe043703) x14 0x00000000800120c0 mem 0x0000000080031f50
core   0: 0x000000008000ff70 (0xfcf76de3) bltu    a4, a5, pc - 38
core   0: 3 0x000000008000ff70 (0xfcf76de3)
core   0: 0x000000008000ff4a (0xfe043783) ld      a5, -32(s0)
core   0: 3 0x000000008000ff4a (0xfe043783) x15 0x00000000800120c0 mem 0x0000000080031f50
core   0: 0x000000008000ff4e (0x00178713) addi    a4, a5, 1
core   0: 3 0x000000008000ff4e (0x00178713) x14 0x00000000800120c1
core   0: 0x000000008000ff52 (0xfee43023) sd      a4, -32(s0)
core   0: 3 0x000000008000ff52 (0xfee43023) mem 0x0000000080031f50 0x00000000800120c1
core   0: 0x000000008000ff56 (0xfc442703) lw      a4, -60(s0)
core   0: 3 0x000000008000ff56 (0xfc442703) x14 0x0000000000000000 mem 0x0000000080031f34
core   0: 0x000000008000ff5a (0x0ff77713) andi    a4, a4, 255
core   0: 3 0x000000008000ff5a (0x0ff77713) x14 0x0000000000000000
core   0: 0x000000008000ff5e (0x00e78023) sb      a4, 0(a5)
core   0: 3 0x000000008000ff5e (0x00e78023) mem 0x00000000800120c0 0x00
core   0: 0x000000008000ff62 (0xfc843703) ld      a4, -56(s0)
core   0: 3 0x000000008000ff62 (0xfc843703) x14 0x0000000080012040 mem 0x0000000080031f38
core   0: 0x000000008000ff66 (0xfb843783) ld      a5, -72(s0)
core   0: 3 0x000000008000ff66 (0xfb843783) x15 0x000000000000009c mem 0x0000000080031f28
core   0: 0x000000008000ff6a (0x000097ba) c.add   a5, a4
core   0: 3 0x000000008000ff6a (0x97ba) x15 0x00000000800120dc
core   0: 0x000000008000ff6c (0xfe043703) ld      a4, -32(s0)
core   0: 3 0x000000008000ff6c (0xfe043703) x14 0x00000000800120c1 mem 0x0000000080031f50
core   0: 0x000000008000ff70 (0xfcf76de3) bltu    a4, a5, pc - 38
core   0: 3 0x000000008000ff70 (0xfcf76de3)
core   0: 0x000000008000ff4a (0xfe043783) ld      a5, -32(s0)
core   0: 3 0x000000008000ff4a (0xfe043783) x15 0x00000000800120c1 mem 0x0000000080031f50
core   0: 0x000000008000ff4e (0x00178713) addi    a4, a5, 1
core   0: 3 0x000000008000ff4e (0x00178713) x14 0x00000000800120c2
core   0: 0x000000008000ff52 (0xfee43023) sd      a4, -32(s0)
core   0: 3 0x000000008000ff52 (0xfee43023) mem 0x0000000080031f50 0x00000000800120c2
core   0: 0x000000008000ff56 (0xfc442703) lw      a4, -60(s0)
core   0: 3 0x000000008000ff56 (0xfc442703) x14 0x0000000000000000 mem 0x0000000080031f34
core   0: 0x000000008000ff5a (0x0ff77713) andi    a4, a4, 255
core   0: 3 0x000000008000ff5a (0x0ff77713) x14 0x0000000000000000
core   0: 0x000000008000ff5e (0x00e78023) sb      a4, 0(a5)
core   0: 3 0x000000008000ff5e (0x00e78023) mem 0x00000000800120c1 0x00
core   0: 0x000000008000ff62 (0xfc843703) ld      a4, -56(s0)
core   0: 3 0x000000008000ff62 (0xfc843703) x14 0x0000000080012040 mem 0x0000000080031f38
core   0: 0x000000008000ff66 (0xfb843783) ld      a5, -72(s0)
core   0: 3 0x000000008000ff66 (0xfb843783) x15 0x000000000000009c mem 0x0000000080031f28
core   0: 0x000000008000ff6a (0x000097ba) c.add   a5, a4
core   0: 3 0x000000008000ff6a (0x97ba) x15 0x00000000800120dc
core   0: 0x000000008000ff6c (0xfe043703) ld      a4, -32(s0)
core   0: 3 0x000000008000ff6c (0xfe043703) x14 0x00000000800120c2 mem 0x0000000080031f50
core   0: 0x000000008000ff70 (0xfcf76de3) bltu    a4, a5, pc - 38
core   0: 3 0x000000008000ff70 (0xfcf76de3)
core   0: 0x000000008000ff4a (0xfe043783) ld      a5, -32(s0)
core   0: 3 0x000000008000ff4a (0xfe043783) x15 0x00000000800120c2 mem 0x0000000080031f50
core   0: 0x000000008000ff4e (0x00178713) addi    a4, a5, 1
core   0: 3 0x000000008000ff4e (0x00178713) x14 0x00000000800120c3
core   0: 0x000000008000ff52 (0xfee43023) sd      a4, -32(s0)
core   0: 3 0x000000008000ff52 (0xfee43023) mem 0x0000000080031f50 0x00000000800120c3
core   0: 0x000000008000ff56 (0xfc442703) lw      a4, -60(s0)
core   0: 3 0x000000008000ff56 (0xfc442703) x14 0x0000000000000000 mem 0x0000000080031f34
core   0: 0x000000008000ff5a (0x0ff77713) andi    a4, a4, 255
core   0: 3 0x000000008000ff5a (0x0ff77713) x14 0x0000000000000000
core   0: 0x000000008000ff5e (0x00e78023) sb      a4, 0(a5)
core   0: 3 0x000000008000ff5e (0x00e78023) mem 0x00000000800120c2 0x00
core   0: 0x000000008000ff62 (0xfc843703) ld      a4, -56(s0)
core   0: 3 0x000000008000ff62 (0xfc843703) x14 0x0000000080012040 mem 0x0000000080031f38
core   0: 0x000000008000ff66 (0xfb843783) ld      a5, -72(s0)
core   0: 3 0x000000008000ff66 (0xfb843783) x15 0x000000000000009c mem 0x0000000080031f28
core   0: 0x000000008000ff6a (0x000097ba) c.add   a5, a4
core   0: 3 0x000000008000ff6a (0x97ba) x15 0x00000000800120dc
core   0: 0x000000008000ff6c (0xfe043703) ld      a4, -32(s0)
core   0: 3 0x000000008000ff6c (0xfe043703) x14 0x00000000800120c3 mem 0x0000000080031f50
core   0: 0x000000008000ff70 (0xfcf76de3) bltu    a4, a5, pc - 38
core   0: 3 0x000000008000ff70 (0xfcf76de3)
core   0: 0x000000008000ff4a (0xfe043783) ld      a5, -32(s0)
core   0: 3 0x000000008000ff4a (0xfe043783) x15 0x00000000800120c3 mem 0x0000000080031f50
core   0: 0x000000008000ff4e (0x00178713) addi    a4, a5, 1
core   0: 3 0x000000008000ff4e (0x00178713) x14 0x00000000800120c4
core   0: 0x000000008000ff52 (0xfee43023) sd      a4, -32(s0)
core   0: 3 0x000000008000ff52 (0xfee43023) mem 0x0000000080031f50 0x00000000800120c4
core   0: 0x000000008000ff56 (0xfc442703) lw      a4, -60(s0)
core   0: 3 0x000000008000ff56 (0xfc442703) x14 0x0000000000000000 mem 0x0000000080031f34
core   0: 0x000000008000ff5a (0x0ff77713) andi    a4, a4, 255
core   0: 3 0x000000008000ff5a (0x0ff77713) x14 0x0000000000000000
core   0: 0x000000008000ff5e (0x00e78023) sb      a4, 0(a5)
core   0: 3 0x000000008000ff5e (0x00e78023) mem 0x00000000800120c3 0x00
core   0: 0x000000008000ff62 (0xfc843703) ld      a4, -56(s0)
core   0: 3 0x000000008000ff62 (0xfc843703) x14 0x0000000080012040 mem 0x0000000080031f38
core   0: 0x000000008000ff66 (0xfb843783) ld      a5, -72(s0)
core   0: 3 0x000000008000ff66 (0xfb843783) x15 0x000000000000009c mem 0x0000000080031f28
core   0: 0x000000008000ff6a (0x000097ba) c.add   a5, a4
core   0: 3 0x000000008000ff6a (0x97ba) x15 0x00000000800120dc
core   0: 0x000000008000ff6c (0xfe043703) ld      a4, -32(s0)
core   0: 3 0x000000008000ff6c (0xfe043703) x14 0x00000000800120c4 mem 0x0000000080031f50
core   0: 0x000000008000ff70 (0xfcf76de3) bltu    a4, a5, pc - 38
core   0: 3 0x000000008000ff70 (0xfcf76de3)
core   0: 0x000000008000ff4a (0xfe043783) ld      a5, -32(s0)
core   0: 3 0x000000008000ff4a (0xfe043783) x15 0x00000000800120c4 mem 0x0000000080031f50
core   0: 0x000000008000ff4e (0x00178713) addi    a4, a5, 1
core   0: 3 0x000000008000ff4e (0x00178713) x14 0x00000000800120c5
core   0: 0x000000008000ff52 (0xfee43023) sd      a4, -32(s0)
core   0: 3 0x000000008000ff52 (0xfee43023) mem 0x0000000080031f50 0x00000000800120c5
core   0: 0x000000008000ff56 (0xfc442703) lw      a4, -60(s0)
core   0: 3 0x000000008000ff56 (0xfc442703) x14 0x0000000000000000 mem 0x0000000080031f34
core   0: 0x000000008000ff5a (0x0ff77713) andi    a4, a4, 255
core   0: 3 0x000000008000ff5a (0x0ff77713) x14 0x0000000000000000
core   0: 0x000000008000ff5e (0x00e78023) sb      a4, 0(a5)
core   0: 3 0x000000008000ff5e (0x00e78023) mem 0x00000000800120c4 0x00
core   0: 0x000000008000ff62 (0xfc843703) ld      a4, -56(s0)
core   0: 3 0x000000008000ff62 (0xfc843703) x14 0x0000000080012040 mem 0x0000000080031f38
core   0: 0x000000008000ff66 (0xfb843783) ld      a5, -72(s0)
core   0: 3 0x000000008000ff66 (0xfb843783) x15 0x000000000000009c mem 0x0000000080031f28
core   0: 0x000000008000ff6a (0x000097ba) c.add   a5, a4
core   0: 3 0x000000008000ff6a (0x97ba) x15 0x00000000800120dc
core   0: 0x000000008000ff6c (0xfe043703) ld      a4, -32(s0)
core   0: 3 0x000000008000ff6c (0xfe043703) x14 0x00000000800120c5 mem 0x0000000080031f50
core   0: 0x000000008000ff70 (0xfcf76de3) bltu    a4, a5, pc - 38
core   0: 3 0x000000008000ff70 (0xfcf76de3)
core   0: 0x000000008000ff4a (0xfe043783) ld      a5, -32(s0)
core   0: 3 0x000000008000ff4a (0xfe043783) x15 0x00000000800120c5 mem 0x0000000080031f50
core   0: 0x000000008000ff4e (0x00178713) addi    a4, a5, 1
core   0: 3 0x000000008000ff4e (0x00178713) x14 0x00000000800120c6
core   0: 0x000000008000ff52 (0xfee43023) sd      a4, -32(s0)
core   0: 3 0x000000008000ff52 (0xfee43023) mem 0x0000000080031f50 0x00000000800120c6
core   0: 0x000000008000ff56 (0xfc442703) lw      a4, -60(s0)
core   0: 3 0x000000008000ff56 (0xfc442703) x14 0x0000000000000000 mem 0x0000000080031f34
core   0: 0x000000008000ff5a (0x0ff77713) andi    a4, a4, 255
core   0: 3 0x000000008000ff5a (0x0ff77713) x14 0x0000000000000000
core   0: 0x000000008000ff5e (0x00e78023) sb      a4, 0(a5)
core   0: 3 0x000000008000ff5e (0x00e78023) mem 0x00000000800120c5 0x00
core   0: 0x000000008000ff62 (0xfc843703) ld      a4, -56(s0)
core   0: 3 0x000000008000ff62 (0xfc843703) x14 0x0000000080012040 mem 0x0000000080031f38
core   0: 0x000000008000ff66 (0xfb843783) ld      a5, -72(s0)
core   0: 3 0x000000008000ff66 (0xfb843783) x15 0x000000000000009c mem 0x0000000080031f28
core   0: 0x000000008000ff6a (0x000097ba) c.add   a5, a4
core   0: 3 0x000000008000ff6a (0x97ba) x15 0x00000000800120dc
core   0: 0x000000008000ff6c (0xfe043703) ld      a4, -32(s0)
core   0: 3 0x000000008000ff6c (0xfe043703) x14 0x00000000800120c6 mem 0x0000000080031f50
core   0: 0x000000008000ff70 (0xfcf76de3) bltu    a4, a5, pc - 38
core   0: 3 0x000000008000ff70 (0xfcf76de3)
core   0: 0x000000008000ff4a (0xfe043783) ld      a5, -32(s0)
core   0: 3 0x000000008000ff4a (0xfe043783) x15 0x00000000800120c6 mem 0x0000000080031f50
core   0: 0x000000008000ff4e (0x00178713) addi    a4, a5, 1
core   0: 3 0x000000008000ff4e (0x00178713) x14 0x00000000800120c7
core   0: 0x000000008000ff52 (0xfee43023) sd      a4, -32(s0)
core   0: 3 0x000000008000ff52 (0xfee43023) mem 0x0000000080031f50 0x00000000800120c7
core   0: 0x000000008000ff56 (0xfc442703) lw      a4, -60(s0)
core   0: 3 0x000000008000ff56 (0xfc442703) x14 0x0000000000000000 mem 0x0000000080031f34
core   0: 0x000000008000ff5a (0x0ff77713) andi    a4, a4, 255
core   0: 3 0x000000008000ff5a (0x0ff77713) x14 0x0000000000000000
core   0: 0x000000008000ff5e (0x00e78023) sb      a4, 0(a5)
core   0: 3 0x000000008000ff5e (0x00e78023) mem 0x00000000800120c6 0x00
core   0: 0x000000008000ff62 (0xfc843703) ld      a4, -56(s0)
core   0: 3 0x000000008000ff62 (0xfc843703) x14 0x0000000080012040 mem 0x0000000080031f38
core   0: 0x000000008000ff66 (0xfb843783) ld      a5, -72(s0)
core   0: 3 0x000000008000ff66 (0xfb843783) x15 0x000000000000009c mem 0x0000000080031f28
core   0: 0x000000008000ff6a (0x000097ba) c.add   a5, a4
core   0: 3 0x000000008000ff6a (0x97ba) x15 0x00000000800120dc
core   0: 0x000000008000ff6c (0xfe043703) ld      a4, -32(s0)
core   0: 3 0x000000008000ff6c (0xfe043703) x14 0x00000000800120c7 mem 0x0000000080031f50
core   0: 0x000000008000ff70 (0xfcf76de3) bltu    a4, a5, pc - 38
core   0: 3 0x000000008000ff70 (0xfcf76de3)
core   0: 0x000000008000ff4a (0xfe043783) ld      a5, -32(s0)
core   0: 3 0x000000008000ff4a (0xfe043783) x15 0x00000000800120c7 mem 0x0000000080031f50
core   0: 0x000000008000ff4e (0x00178713) addi    a4, a5, 1
core   0: 3 0x000000008000ff4e (0x00178713) x14 0x00000000800120c8
core   0: 0x000000008000ff52 (0xfee43023) sd      a4, -32(s0)
core   0: 3 0x000000008000ff52 (0xfee43023) mem 0x0000000080031f50 0x00000000800120c8
core   0: 0x000000008000ff56 (0xfc442703) lw      a4, -60(s0)
core   0: 3 0x000000008000ff56 (0xfc442703) x14 0x0000000000000000 mem 0x0000000080031f34
core   0: 0x000000008000ff5a (0x0ff77713) andi    a4, a4, 255
core   0: 3 0x000000008000ff5a (0x0ff77713) x14 0x0000000000000000
core   0: 0x000000008000ff5e (0x00e78023) sb      a4, 0(a5)
core   0: 3 0x000000008000ff5e (0x00e78023) mem 0x00000000800120c7 0x00
core   0: 0x000000008000ff62 (0xfc843703) ld      a4, -56(s0)
core   0: 3 0x000000008000ff62 (0xfc843703) x14 0x0000000080012040 mem 0x0000000080031f38
core   0: 0x000000008000ff66 (0xfb843783) ld      a5, -72(s0)
core   0: 3 0x000000008000ff66 (0xfb843783) x15 0x000000000000009c mem 0x0000000080031f28
core   0: 0x000000008000ff6a (0x000097ba) c.add   a5, a4
core   0: 3 0x000000008000ff6a (0x97ba) x15 0x00000000800120dc
core   0: 0x000000008000ff6c (0xfe043703) ld      a4, -32(s0)
core   0: 3 0x000000008000ff6c (0xfe043703) x14 0x00000000800120c8 mem 0x0000000080031f50
core   0: 0x000000008000ff70 (0xfcf76de3) bltu    a4, a5, pc - 38
core   0: 3 0x000000008000ff70 (0xfcf76de3)
core   0: 0x000000008000ff4a (0xfe043783) ld      a5, -32(s0)
core   0: 3 0x000000008000ff4a (0xfe043783) x15 0x00000000800120c8 mem 0x0000000080031f50
core   0: 0x000000008000ff4e (0x00178713) addi    a4, a5, 1
core   0: 3 0x000000008000ff4e (0x00178713) x14 0x00000000800120c9
core   0: 0x000000008000ff52 (0xfee43023) sd      a4, -32(s0)
core   0: 3 0x000000008000ff52 (0xfee43023) mem 0x0000000080031f50 0x00000000800120c9
core   0: 0x000000008000ff56 (0xfc442703) lw      a4, -60(s0)
core   0: 3 0x000000008000ff56 (0xfc442703) x14 0x0000000000000000 mem 0x0000000080031f34
core   0: 0x000000008000ff5a (0x0ff77713) andi    a4, a4, 255
core   0: 3 0x000000008000ff5a (0x0ff77713) x14 0x0000000000000000
core   0: 0x000000008000ff5e (0x00e78023) sb      a4, 0(a5)
core   0: 3 0x000000008000ff5e (0x00e78023) mem 0x00000000800120c8 0x00
core   0: 0x000000008000ff62 (0xfc843703) ld      a4, -56(s0)
core   0: 3 0x000000008000ff62 (0xfc843703) x14 0x0000000080012040 mem 0x0000000080031f38
core   0: 0x000000008000ff66 (0xfb843783) ld      a5, -72(s0)
core   0: 3 0x000000008000ff66 (0xfb843783) x15 0x000000000000009c mem 0x0000000080031f28
core   0: 0x000000008000ff6a (0x000097ba) c.add   a5, a4
core   0: 3 0x000000008000ff6a (0x97ba) x15 0x00000000800120dc
core   0: 0x000000008000ff6c (0xfe043703) ld      a4, -32(s0)
core   0: 3 0x000000008000ff6c (0xfe043703) x14 0x00000000800120c9 mem 0x0000000080031f50
core   0: 0x000000008000ff70 (0xfcf76de3) bltu    a4, a5, pc - 38
core   0: 3 0x000000008000ff70 (0xfcf76de3)
core   0: 0x000000008000ff4a (0xfe043783) ld      a5, -32(s0)
core   0: 3 0x000000008000ff4a (0xfe043783) x15 0x00000000800120c9 mem 0x0000000080031f50
core   0: 0x000000008000ff4e (0x00178713) addi    a4, a5, 1
core   0: 3 0x000000008000ff4e (0x00178713) x14 0x00000000800120ca
core   0: 0x000000008000ff52 (0xfee43023) sd      a4, -32(s0)
core   0: 3 0x000000008000ff52 (0xfee43023) mem 0x0000000080031f50 0x00000000800120ca
core   0: 0x000000008000ff56 (0xfc442703) lw      a4, -60(s0)
core   0: 3 0x000000008000ff56 (0xfc442703) x14 0x0000000000000000 mem 0x0000000080031f34
core   0: 0x000000008000ff5a (0x0ff77713) andi    a4, a4, 255
core   0: 3 0x000000008000ff5a (0x0ff77713) x14 0x0000000000000000
core   0: 0x000000008000ff5e (0x00e78023) sb      a4, 0(a5)
core   0: 3 0x000000008000ff5e (0x00e78023) mem 0x00000000800120c9 0x00
core   0: 0x000000008000ff62 (0xfc843703) ld      a4, -56(s0)
core   0: 3 0x000000008000ff62 (0xfc843703) x14 0x0000000080012040 mem 0x0000000080031f38
core   0: 0x000000008000ff66 (0xfb843783) ld      a5, -72(s0)
core   0: 3 0x000000008000ff66 (0xfb843783) x15 0x000000000000009c mem 0x0000000080031f28
core   0: 0x000000008000ff6a (0x000097ba) c.add   a5, a4
core   0: 3 0x000000008000ff6a (0x97ba) x15 0x00000000800120dc
core   0: 0x000000008000ff6c (0xfe043703) ld      a4, -32(s0)
core   0: 3 0x000000008000ff6c (0xfe043703) x14 0x00000000800120ca mem 0x0000000080031f50
core   0: 0x000000008000ff70 (0xfcf76de3) bltu    a4, a5, pc - 38
core   0: 3 0x000000008000ff70 (0xfcf76de3)
core   0: 0x000000008000ff4a (0xfe043783) ld      a5, -32(s0)
core   0: 3 0x000000008000ff4a (0xfe043783) x15 0x00000000800120ca mem 0x0000000080031f50
core   0: 0x000000008000ff4e (0x00178713) addi    a4, a5, 1
core   0: 3 0x000000008000ff4e (0x00178713) x14 0x00000000800120cb
core   0: 0x000000008000ff52 (0xfee43023) sd      a4, -32(s0)
core   0: 3 0x000000008000ff52 (0xfee43023) mem 0x0000000080031f50 0x00000000800120cb
core   0: 0x000000008000ff56 (0xfc442703) lw      a4, -60(s0)
core   0: 3 0x000000008000ff56 (0xfc442703) x14 0x0000000000000000 mem 0x0000000080031f34
core   0: 0x000000008000ff5a (0x0ff77713) andi    a4, a4, 255
core   0: 3 0x000000008000ff5a (0x0ff77713) x14 0x0000000000000000
core   0: 0x000000008000ff5e (0x00e78023) sb      a4, 0(a5)
core   0: 3 0x000000008000ff5e (0x00e78023) mem 0x00000000800120ca 0x00
core   0: 0x000000008000ff62 (0xfc843703) ld      a4, -56(s0)
core   0: 3 0x000000008000ff62 (0xfc843703) x14 0x0000000080012040 mem 0x0000000080031f38
core   0: 0x000000008000ff66 (0xfb843783) ld      a5, -72(s0)
core   0: 3 0x000000008000ff66 (0xfb843783) x15 0x000000000000009c mem 0x0000000080031f28
core   0: 0x000000008000ff6a (0x000097ba) c.add   a5, a4
core   0: 3 0x000000008000ff6a (0x97ba) x15 0x00000000800120dc
core   0: 0x000000008000ff6c (0xfe043703) ld      a4, -32(s0)
core   0: 3 0x000000008000ff6c (0xfe043703) x14 0x00000000800120cb mem 0x0000000080031f50
core   0: 0x000000008000ff70 (0xfcf76de3) bltu    a4, a5, pc - 38
core   0: 3 0x000000008000ff70 (0xfcf76de3)
core   0: 0x000000008000ff4a (0xfe043783) ld      a5, -32(s0)
core   0: 3 0x000000008000ff4a (0xfe043783) x15 0x00000000800120cb mem 0x0000000080031f50
core   0: 0x000000008000ff4e (0x00178713) addi    a4, a5, 1
core   0: 3 0x000000008000ff4e (0x00178713) x14 0x00000000800120cc
core   0: 0x000000008000ff52 (0xfee43023) sd      a4, -32(s0)
core   0: 3 0x000000008000ff52 (0xfee43023) mem 0x0000000080031f50 0x00000000800120cc
core   0: 0x000000008000ff56 (0xfc442703) lw      a4, -60(s0)
core   0: 3 0x000000008000ff56 (0xfc442703) x14 0x0000000000000000 mem 0x0000000080031f34
core   0: 0x000000008000ff5a (0x0ff77713) andi    a4, a4, 255
core   0: 3 0x000000008000ff5a (0x0ff77713) x14 0x0000000000000000
core   0: 0x000000008000ff5e (0x00e78023) sb      a4, 0(a5)
core   0: 3 0x000000008000ff5e (0x00e78023) mem 0x00000000800120cb 0x00
core   0: 0x000000008000ff62 (0xfc843703) ld      a4, -56(s0)
core   0: 3 0x000000008000ff62 (0xfc843703) x14 0x0000000080012040 mem 0x0000000080031f38
core   0: 0x000000008000ff66 (0xfb843783) ld      a5, -72(s0)
core   0: 3 0x000000008000ff66 (0xfb843783) x15 0x000000000000009c mem 0x0000000080031f28
core   0: 0x000000008000ff6a (0x000097ba) c.add   a5, a4
core   0: 3 0x000000008000ff6a (0x97ba) x15 0x00000000800120dc
core   0: 0x000000008000ff6c (0xfe043703) ld      a4, -32(s0)
core   0: 3 0x000000008000ff6c (0xfe043703) x14 0x00000000800120cc mem 0x0000000080031f50
core   0: 0x000000008000ff70 (0xfcf76de3) bltu    a4, a5, pc - 38
core   0: 3 0x000000008000ff70 (0xfcf76de3)
core   0: 0x000000008000ff4a (0xfe043783) ld      a5, -32(s0)
core   0: 3 0x000000008000ff4a (0xfe043783) x15 0x00000000800120cc mem 0x0000000080031f50
core   0: 0x000000008000ff4e (0x00178713) addi    a4, a5, 1
core   0: 3 0x000000008000ff4e (0x00178713) x14 0x00000000800120cd
core   0: 0x000000008000ff52 (0xfee43023) sd      a4, -32(s0)
core   0: 3 0x000000008000ff52 (0xfee43023) mem 0x0000000080031f50 0x00000000800120cd
core   0: 0x000000008000ff56 (0xfc442703) lw      a4, -60(s0)
core   0: 3 0x000000008000ff56 (0xfc442703) x14 0x0000000000000000 mem 0x0000000080031f34
core   0: 0x000000008000ff5a (0x0ff77713) andi    a4, a4, 255
core   0: 3 0x000000008000ff5a (0x0ff77713) x14 0x0000000000000000
core   0: 0x000000008000ff5e (0x00e78023) sb      a4, 0(a5)
core   0: 3 0x000000008000ff5e (0x00e78023) mem 0x00000000800120cc 0x00
core   0: 0x000000008000ff62 (0xfc843703) ld      a4, -56(s0)
core   0: 3 0x000000008000ff62 (0xfc843703) x14 0x0000000080012040 mem 0x0000000080031f38
core   0: 0x000000008000ff66 (0xfb843783) ld      a5, -72(s0)
core   0: 3 0x000000008000ff66 (0xfb843783) x15 0x000000000000009c mem 0x0000000080031f28
core   0: 0x000000008000ff6a (0x000097ba) c.add   a5, a4
core   0: 3 0x000000008000ff6a (0x97ba) x15 0x00000000800120dc
core   0: 0x000000008000ff6c (0xfe043703) ld      a4, -32(s0)
core   0: 3 0x000000008000ff6c (0xfe043703) x14 0x00000000800120cd mem 0x0000000080031f50
core   0: 0x000000008000ff70 (0xfcf76de3) bltu    a4, a5, pc - 38
core   0: 3 0x000000008000ff70 (0xfcf76de3)
core   0: 0x000000008000ff4a (0xfe043783) ld      a5, -32(s0)
core   0: 3 0x000000008000ff4a (0xfe043783) x15 0x00000000800120cd mem 0x0000000080031f50
core   0: 0x000000008000ff4e (0x00178713) addi    a4, a5, 1
core   0: 3 0x000000008000ff4e (0x00178713) x14 0x00000000800120ce
core   0: 0x000000008000ff52 (0xfee43023) sd      a4, -32(s0)
core   0: 3 0x000000008000ff52 (0xfee43023) mem 0x0000000080031f50 0x00000000800120ce
core   0: 0x000000008000ff56 (0xfc442703) lw      a4, -60(s0)
core   0: 3 0x000000008000ff56 (0xfc442703) x14 0x0000000000000000 mem 0x0000000080031f34
core   0: 0x000000008000ff5a (0x0ff77713) andi    a4, a4, 255
core   0: 3 0x000000008000ff5a (0x0ff77713) x14 0x0000000000000000
core   0: 0x000000008000ff5e (0x00e78023) sb      a4, 0(a5)
core   0: 3 0x000000008000ff5e (0x00e78023) mem 0x00000000800120cd 0x00
core   0: 0x000000008000ff62 (0xfc843703) ld      a4, -56(s0)
core   0: 3 0x000000008000ff62 (0xfc843703) x14 0x0000000080012040 mem 0x0000000080031f38
core   0: 0x000000008000ff66 (0xfb843783) ld      a5, -72(s0)
core   0: 3 0x000000008000ff66 (0xfb843783) x15 0x000000000000009c mem 0x0000000080031f28
core   0: 0x000000008000ff6a (0x000097ba) c.add   a5, a4
core   0: 3 0x000000008000ff6a (0x97ba) x15 0x00000000800120dc
core   0: 0x000000008000ff6c (0xfe043703) ld      a4, -32(s0)
core   0: 3 0x000000008000ff6c (0xfe043703) x14 0x00000000800120ce mem 0x0000000080031f50
core   0: 0x000000008000ff70 (0xfcf76de3) bltu    a4, a5, pc - 38
core   0: 3 0x000000008000ff70 (0xfcf76de3)
core   0: 0x000000008000ff4a (0xfe043783) ld      a5, -32(s0)
core   0: 3 0x000000008000ff4a (0xfe043783) x15 0x00000000800120ce mem 0x0000000080031f50
core   0: 0x000000008000ff4e (0x00178713) addi    a4, a5, 1
core   0: 3 0x000000008000ff4e (0x00178713) x14 0x00000000800120cf
core   0: 0x000000008000ff52 (0xfee43023) sd      a4, -32(s0)
core   0: 3 0x000000008000ff52 (0xfee43023) mem 0x0000000080031f50 0x00000000800120cf
core   0: 0x000000008000ff56 (0xfc442703) lw      a4, -60(s0)
core   0: 3 0x000000008000ff56 (0xfc442703) x14 0x0000000000000000 mem 0x0000000080031f34
core   0: 0x000000008000ff5a (0x0ff77713) andi    a4, a4, 255
core   0: 3 0x000000008000ff5a (0x0ff77713) x14 0x0000000000000000
core   0: 0x000000008000ff5e (0x00e78023) sb      a4, 0(a5)
core   0: 3 0x000000008000ff5e (0x00e78023) mem 0x00000000800120ce 0x00
core   0: 0x000000008000ff62 (0xfc843703) ld      a4, -56(s0)
core   0: 3 0x000000008000ff62 (0xfc843703) x14 0x0000000080012040 mem 0x0000000080031f38
core   0: 0x000000008000ff66 (0xfb843783) ld      a5, -72(s0)
core   0: 3 0x000000008000ff66 (0xfb843783) x15 0x000000000000009c mem 0x0000000080031f28
core   0: 0x000000008000ff6a (0x000097ba) c.add   a5, a4
core   0: 3 0x000000008000ff6a (0x97ba) x15 0x00000000800120dc
core   0: 0x000000008000ff6c (0xfe043703) ld      a4, -32(s0)
core   0: 3 0x000000008000ff6c (0xfe043703) x14 0x00000000800120cf mem 0x0000000080031f50
core   0: 0x000000008000ff70 (0xfcf76de3) bltu    a4, a5, pc - 38
core   0: 3 0x000000008000ff70 (0xfcf76de3)
core   0: 0x000000008000ff4a (0xfe043783) ld      a5, -32(s0)
core   0: 3 0x000000008000ff4a (0xfe043783) x15 0x00000000800120cf mem 0x0000000080031f50
core   0: 0x000000008000ff4e (0x00178713) addi    a4, a5, 1
core   0: 3 0x000000008000ff4e (0x00178713) x14 0x00000000800120d0
core   0: 0x000000008000ff52 (0xfee43023) sd      a4, -32(s0)
core   0: 3 0x000000008000ff52 (0xfee43023) mem 0x0000000080031f50 0x00000000800120d0
core   0: 0x000000008000ff56 (0xfc442703) lw      a4, -60(s0)
core   0: 3 0x000000008000ff56 (0xfc442703) x14 0x0000000000000000 mem 0x0000000080031f34
core   0: 0x000000008000ff5a (0x0ff77713) andi    a4, a4, 255
core   0: 3 0x000000008000ff5a (0x0ff77713) x14 0x0000000000000000
core   0: 0x000000008000ff5e (0x00e78023) sb      a4, 0(a5)
core   0: 3 0x000000008000ff5e (0x00e78023) mem 0x00000000800120cf 0x00
core   0: 0x000000008000ff62 (0xfc843703) ld      a4, -56(s0)
core   0: 3 0x000000008000ff62 (0xfc843703) x14 0x0000000080012040 mem 0x0000000080031f38
core   0: 0x000000008000ff66 (0xfb843783) ld      a5, -72(s0)
core   0: 3 0x000000008000ff66 (0xfb843783) x15 0x000000000000009c mem 0x0000000080031f28
core   0: 0x000000008000ff6a (0x000097ba) c.add   a5, a4
core   0: 3 0x000000008000ff6a (0x97ba) x15 0x00000000800120dc
core   0: 0x000000008000ff6c (0xfe043703) ld      a4, -32(s0)
core   0: 3 0x000000008000ff6c (0xfe043703) x14 0x00000000800120d0 mem 0x0000000080031f50
core   0: 0x000000008000ff70 (0xfcf76de3) bltu    a4, a5, pc - 38
core   0: 3 0x000000008000ff70 (0xfcf76de3)
core   0: 0x000000008000ff4a (0xfe043783) ld      a5, -32(s0)
core   0: 3 0x000000008000ff4a (0xfe043783) x15 0x00000000800120d0 mem 0x0000000080031f50
core   0: 0x000000008000ff4e (0x00178713) addi    a4, a5, 1
core   0: 3 0x000000008000ff4e (0x00178713) x14 0x00000000800120d1
core   0: 0x000000008000ff52 (0xfee43023) sd      a4, -32(s0)
core   0: 3 0x000000008000ff52 (0xfee43023) mem 0x0000000080031f50 0x00000000800120d1
core   0: 0x000000008000ff56 (0xfc442703) lw      a4, -60(s0)
core   0: 3 0x000000008000ff56 (0xfc442703) x14 0x0000000000000000 mem 0x0000000080031f34
core   0: 0x000000008000ff5a (0x0ff77713) andi    a4, a4, 255
core   0: 3 0x000000008000ff5a (0x0ff77713) x14 0x0000000000000000
core   0: 0x000000008000ff5e (0x00e78023) sb      a4, 0(a5)
core   0: 3 0x000000008000ff5e (0x00e78023) mem 0x00000000800120d0 0x00
core   0: 0x000000008000ff62 (0xfc843703) ld      a4, -56(s0)
core   0: 3 0x000000008000ff62 (0xfc843703) x14 0x0000000080012040 mem 0x0000000080031f38
core   0: 0x000000008000ff66 (0xfb843783) ld      a5, -72(s0)
core   0: 3 0x000000008000ff66 (0xfb843783) x15 0x000000000000009c mem 0x0000000080031f28
core   0: 0x000000008000ff6a (0x000097ba) c.add   a5, a4
core   0: 3 0x000000008000ff6a (0x97ba) x15 0x00000000800120dc
core   0: 0x000000008000ff6c (0xfe043703) ld      a4, -32(s0)
core   0: 3 0x000000008000ff6c (0xfe043703) x14 0x00000000800120d1 mem 0x0000000080031f50
core   0: 0x000000008000ff70 (0xfcf76de3) bltu    a4, a5, pc - 38
core   0: 3 0x000000008000ff70 (0xfcf76de3)
core   0: 0x000000008000ff4a (0xfe043783) ld      a5, -32(s0)
core   0: 3 0x000000008000ff4a (0xfe043783) x15 0x00000000800120d1 mem 0x0000000080031f50
core   0: 0x000000008000ff4e (0x00178713) addi    a4, a5, 1
core   0: 3 0x000000008000ff4e (0x00178713) x14 0x00000000800120d2
core   0: 0x000000008000ff52 (0xfee43023) sd      a4, -32(s0)
core   0: 3 0x000000008000ff52 (0xfee43023) mem 0x0000000080031f50 0x00000000800120d2
core   0: 0x000000008000ff56 (0xfc442703) lw      a4, -60(s0)
core   0: 3 0x000000008000ff56 (0xfc442703) x14 0x0000000000000000 mem 0x0000000080031f34
core   0: 0x000000008000ff5a (0x0ff77713) andi    a4, a4, 255
core   0: 3 0x000000008000ff5a (0x0ff77713) x14 0x0000000000000000
core   0: 0x000000008000ff5e (0x00e78023) sb      a4, 0(a5)
core   0: 3 0x000000008000ff5e (0x00e78023) mem 0x00000000800120d1 0x00
core   0: 0x000000008000ff62 (0xfc843703) ld      a4, -56(s0)
core   0: 3 0x000000008000ff62 (0xfc843703) x14 0x0000000080012040 mem 0x0000000080031f38
core   0: 0x000000008000ff66 (0xfb843783) ld      a5, -72(s0)
core   0: 3 0x000000008000ff66 (0xfb843783) x15 0x000000000000009c mem 0x0000000080031f28
core   0: 0x000000008000ff6a (0x000097ba) c.add   a5, a4
core   0: 3 0x000000008000ff6a (0x97ba) x15 0x00000000800120dc
core   0: 0x000000008000ff6c (0xfe043703) ld      a4, -32(s0)
core   0: 3 0x000000008000ff6c (0xfe043703) x14 0x00000000800120d2 mem 0x0000000080031f50
core   0: 0x000000008000ff70 (0xfcf76de3) bltu    a4, a5, pc - 38
core   0: 3 0x000000008000ff70 (0xfcf76de3)
core   0: 0x000000008000ff4a (0xfe043783) ld      a5, -32(s0)
core   0: 3 0x000000008000ff4a (0xfe043783) x15 0x00000000800120d2 mem 0x0000000080031f50
core   0: 0x000000008000ff4e (0x00178713) addi    a4, a5, 1
core   0: 3 0x000000008000ff4e (0x00178713) x14 0x00000000800120d3
core   0: 0x000000008000ff52 (0xfee43023) sd      a4, -32(s0)
core   0: 3 0x000000008000ff52 (0xfee43023) mem 0x0000000080031f50 0x00000000800120d3
core   0: 0x000000008000ff56 (0xfc442703) lw      a4, -60(s0)
core   0: 3 0x000000008000ff56 (0xfc442703) x14 0x0000000000000000 mem 0x0000000080031f34
core   0: 0x000000008000ff5a (0x0ff77713) andi    a4, a4, 255
core   0: 3 0x000000008000ff5a (0x0ff77713) x14 0x0000000000000000
core   0: 0x000000008000ff5e (0x00e78023) sb      a4, 0(a5)
core   0: 3 0x000000008000ff5e (0x00e78023) mem 0x00000000800120d2 0x00
core   0: 0x000000008000ff62 (0xfc843703) ld      a4, -56(s0)
core   0: 3 0x000000008000ff62 (0xfc843703) x14 0x0000000080012040 mem 0x0000000080031f38
core   0: 0x000000008000ff66 (0xfb843783) ld      a5, -72(s0)
core   0: 3 0x000000008000ff66 (0xfb843783) x15 0x000000000000009c mem 0x0000000080031f28
core   0: 0x000000008000ff6a (0x000097ba) c.add   a5, a4
core   0: 3 0x000000008000ff6a (0x97ba) x15 0x00000000800120dc
core   0: 0x000000008000ff6c (0xfe043703) ld      a4, -32(s0)
core   0: 3 0x000000008000ff6c (0xfe043703) x14 0x00000000800120d3 mem 0x0000000080031f50
core   0: 0x000000008000ff70 (0xfcf76de3) bltu    a4, a5, pc - 38
core   0: 3 0x000000008000ff70 (0xfcf76de3)
core   0: 0x000000008000ff4a (0xfe043783) ld      a5, -32(s0)
core   0: 3 0x000000008000ff4a (0xfe043783) x15 0x00000000800120d3 mem 0x0000000080031f50
core   0: 0x000000008000ff4e (0x00178713) addi    a4, a5, 1
core   0: 3 0x000000008000ff4e (0x00178713) x14 0x00000000800120d4
core   0: 0x000000008000ff52 (0xfee43023) sd      a4, -32(s0)
core   0: 3 0x000000008000ff52 (0xfee43023) mem 0x0000000080031f50 0x00000000800120d4
core   0: 0x000000008000ff56 (0xfc442703) lw      a4, -60(s0)
core   0: 3 0x000000008000ff56 (0xfc442703) x14 0x0000000000000000 mem 0x0000000080031f34
core   0: 0x000000008000ff5a (0x0ff77713) andi    a4, a4, 255
core   0: 3 0x000000008000ff5a (0x0ff77713) x14 0x0000000000000000
core   0: 0x000000008000ff5e (0x00e78023) sb      a4, 0(a5)
core   0: 3 0x000000008000ff5e (0x00e78023) mem 0x00000000800120d3 0x00
core   0: 0x000000008000ff62 (0xfc843703) ld      a4, -56(s0)
core   0: 3 0x000000008000ff62 (0xfc843703) x14 0x0000000080012040 mem 0x0000000080031f38
core   0: 0x000000008000ff66 (0xfb843783) ld      a5, -72(s0)
core   0: 3 0x000000008000ff66 (0xfb843783) x15 0x000000000000009c mem 0x0000000080031f28
core   0: 0x000000008000ff6a (0x000097ba) c.add   a5, a4
core   0: 3 0x000000008000ff6a (0x97ba) x15 0x00000000800120dc
core   0: 0x000000008000ff6c (0xfe043703) ld      a4, -32(s0)
core   0: 3 0x000000008000ff6c (0xfe043703) x14 0x00000000800120d4 mem 0x0000000080031f50
core   0: 0x000000008000ff70 (0xfcf76de3) bltu    a4, a5, pc - 38
core   0: 3 0x000000008000ff70 (0xfcf76de3)
core   0: 0x000000008000ff4a (0xfe043783) ld      a5, -32(s0)
core   0: 3 0x000000008000ff4a (0xfe043783) x15 0x00000000800120d4 mem 0x0000000080031f50
core   0: 0x000000008000ff4e (0x00178713) addi    a4, a5, 1
core   0: 3 0x000000008000ff4e (0x00178713) x14 0x00000000800120d5
core   0: 0x000000008000ff52 (0xfee43023) sd      a4, -32(s0)
core   0: 3 0x000000008000ff52 (0xfee43023) mem 0x0000000080031f50 0x00000000800120d5
core   0: 0x000000008000ff56 (0xfc442703) lw      a4, -60(s0)
core   0: 3 0x000000008000ff56 (0xfc442703) x14 0x0000000000000000 mem 0x0000000080031f34
core   0: 0x000000008000ff5a (0x0ff77713) andi    a4, a4, 255
core   0: 3 0x000000008000ff5a (0x0ff77713) x14 0x0000000000000000
core   0: 0x000000008000ff5e (0x00e78023) sb      a4, 0(a5)
core   0: 3 0x000000008000ff5e (0x00e78023) mem 0x00000000800120d4 0x00
core   0: 0x000000008000ff62 (0xfc843703) ld      a4, -56(s0)
core   0: 3 0x000000008000ff62 (0xfc843703) x14 0x0000000080012040 mem 0x0000000080031f38
core   0: 0x000000008000ff66 (0xfb843783) ld      a5, -72(s0)
core   0: 3 0x000000008000ff66 (0xfb843783) x15 0x000000000000009c mem 0x0000000080031f28
core   0: 0x000000008000ff6a (0x000097ba) c.add   a5, a4
core   0: 3 0x000000008000ff6a (0x97ba) x15 0x00000000800120dc
core   0: 0x000000008000ff6c (0xfe043703) ld      a4, -32(s0)
core   0: 3 0x000000008000ff6c (0xfe043703) x14 0x00000000800120d5 mem 0x0000000080031f50
core   0: 0x000000008000ff70 (0xfcf76de3) bltu    a4, a5, pc - 38
core   0: 3 0x000000008000ff70 (0xfcf76de3)
core   0: 0x000000008000ff4a (0xfe043783) ld      a5, -32(s0)
core   0: 3 0x000000008000ff4a (0xfe043783) x15 0x00000000800120d5 mem 0x0000000080031f50
core   0: 0x000000008000ff4e (0x00178713) addi    a4, a5, 1
core   0: 3 0x000000008000ff4e (0x00178713) x14 0x00000000800120d6
core   0: 0x000000008000ff52 (0xfee43023) sd      a4, -32(s0)
core   0: 3 0x000000008000ff52 (0xfee43023) mem 0x0000000080031f50 0x00000000800120d6
core   0: 0x000000008000ff56 (0xfc442703) lw      a4, -60(s0)
core   0: 3 0x000000008000ff56 (0xfc442703) x14 0x0000000000000000 mem 0x0000000080031f34
core   0: 0x000000008000ff5a (0x0ff77713) andi    a4, a4, 255
core   0: 3 0x000000008000ff5a (0x0ff77713) x14 0x0000000000000000
core   0: 0x000000008000ff5e (0x00e78023) sb      a4, 0(a5)
core   0: 3 0x000000008000ff5e (0x00e78023) mem 0x00000000800120d5 0x00
core   0: 0x000000008000ff62 (0xfc843703) ld      a4, -56(s0)
core   0: 3 0x000000008000ff62 (0xfc843703) x14 0x0000000080012040 mem 0x0000000080031f38
core   0: 0x000000008000ff66 (0xfb843783) ld      a5, -72(s0)
core   0: 3 0x000000008000ff66 (0xfb843783) x15 0x000000000000009c mem 0x0000000080031f28
core   0: 0x000000008000ff6a (0x000097ba) c.add   a5, a4
core   0: 3 0x000000008000ff6a (0x97ba) x15 0x00000000800120dc
core   0: 0x000000008000ff6c (0xfe043703) ld      a4, -32(s0)
core   0: 3 0x000000008000ff6c (0xfe043703) x14 0x00000000800120d6 mem 0x0000000080031f50
core   0: 0x000000008000ff70 (0xfcf76de3) bltu    a4, a5, pc - 38
core   0: 3 0x000000008000ff70 (0xfcf76de3)
core   0: 0x000000008000ff4a (0xfe043783) ld      a5, -32(s0)
core   0: 3 0x000000008000ff4a (0xfe043783) x15 0x00000000800120d6 mem 0x0000000080031f50
core   0: 0x000000008000ff4e (0x00178713) addi    a4, a5, 1
core   0: 3 0x000000008000ff4e (0x00178713) x14 0x00000000800120d7
core   0: 0x000000008000ff52 (0xfee43023) sd      a4, -32(s0)
core   0: 3 0x000000008000ff52 (0xfee43023) mem 0x0000000080031f50 0x00000000800120d7
core   0: 0x000000008000ff56 (0xfc442703) lw      a4, -60(s0)
core   0: 3 0x000000008000ff56 (0xfc442703) x14 0x0000000000000000 mem 0x0000000080031f34
core   0: 0x000000008000ff5a (0x0ff77713) andi    a4, a4, 255
core   0: 3 0x000000008000ff5a (0x0ff77713) x14 0x0000000000000000
core   0: 0x000000008000ff5e (0x00e78023) sb      a4, 0(a5)
core   0: 3 0x000000008000ff5e (0x00e78023) mem 0x00000000800120d6 0x00
core   0: 0x000000008000ff62 (0xfc843703) ld      a4, -56(s0)
core   0: 3 0x000000008000ff62 (0xfc843703) x14 0x0000000080012040 mem 0x0000000080031f38
core   0: 0x000000008000ff66 (0xfb843783) ld      a5, -72(s0)
core   0: 3 0x000000008000ff66 (0xfb843783) x15 0x000000000000009c mem 0x0000000080031f28
core   0: 0x000000008000ff6a (0x000097ba) c.add   a5, a4
core   0: 3 0x000000008000ff6a (0x97ba) x15 0x00000000800120dc
core   0: 0x000000008000ff6c (0xfe043703) ld      a4, -32(s0)
core   0: 3 0x000000008000ff6c (0xfe043703) x14 0x00000000800120d7 mem 0x0000000080031f50
core   0: 0x000000008000ff70 (0xfcf76de3) bltu    a4, a5, pc - 38
core   0: 3 0x000000008000ff70 (0xfcf76de3)
core   0: 0x000000008000ff4a (0xfe043783) ld      a5, -32(s0)
core   0: 3 0x000000008000ff4a (0xfe043783) x15 0x00000000800120d7 mem 0x0000000080031f50
core   0: 0x000000008000ff4e (0x00178713) addi    a4, a5, 1
core   0: 3 0x000000008000ff4e (0x00178713) x14 0x00000000800120d8
core   0: 0x000000008000ff52 (0xfee43023) sd      a4, -32(s0)
core   0: 3 0x000000008000ff52 (0xfee43023) mem 0x0000000080031f50 0x00000000800120d8
core   0: 0x000000008000ff56 (0xfc442703) lw      a4, -60(s0)
core   0: 3 0x000000008000ff56 (0xfc442703) x14 0x0000000000000000 mem 0x0000000080031f34
core   0: 0x000000008000ff5a (0x0ff77713) andi    a4, a4, 255
core   0: 3 0x000000008000ff5a (0x0ff77713) x14 0x0000000000000000
core   0: 0x000000008000ff5e (0x00e78023) sb      a4, 0(a5)
core   0: 3 0x000000008000ff5e (0x00e78023) mem 0x00000000800120d7 0x00
core   0: 0x000000008000ff62 (0xfc843703) ld      a4, -56(s0)
core   0: 3 0x000000008000ff62 (0xfc843703) x14 0x0000000080012040 mem 0x0000000080031f38
core   0: 0x000000008000ff66 (0xfb843783) ld      a5, -72(s0)
core   0: 3 0x000000008000ff66 (0xfb843783) x15 0x000000000000009c mem 0x0000000080031f28
core   0: 0x000000008000ff6a (0x000097ba) c.add   a5, a4
core   0: 3 0x000000008000ff6a (0x97ba) x15 0x00000000800120dc
core   0: 0x000000008000ff6c (0xfe043703) ld      a4, -32(s0)
core   0: 3 0x000000008000ff6c (0xfe043703) x14 0x00000000800120d8 mem 0x0000000080031f50
core   0: 0x000000008000ff70 (0xfcf76de3) bltu    a4, a5, pc - 38
core   0: 3 0x000000008000ff70 (0xfcf76de3)
core   0: 0x000000008000ff4a (0xfe043783) ld      a5, -32(s0)
core   0: 3 0x000000008000ff4a (0xfe043783) x15 0x00000000800120d8 mem 0x0000000080031f50
core   0: 0x000000008000ff4e (0x00178713) addi    a4, a5, 1
core   0: 3 0x000000008000ff4e (0x00178713) x14 0x00000000800120d9
core   0: 0x000000008000ff52 (0xfee43023) sd      a4, -32(s0)
core   0: 3 0x000000008000ff52 (0xfee43023) mem 0x0000000080031f50 0x00000000800120d9
core   0: 0x000000008000ff56 (0xfc442703) lw      a4, -60(s0)
core   0: 3 0x000000008000ff56 (0xfc442703) x14 0x0000000000000000 mem 0x0000000080031f34
core   0: 0x000000008000ff5a (0x0ff77713) andi    a4, a4, 255
core   0: 3 0x000000008000ff5a (0x0ff77713) x14 0x0000000000000000
core   0: 0x000000008000ff5e (0x00e78023) sb      a4, 0(a5)
core   0: 3 0x000000008000ff5e (0x00e78023) mem 0x00000000800120d8 0x00
core   0: 0x000000008000ff62 (0xfc843703) ld      a4, -56(s0)
core   0: 3 0x000000008000ff62 (0xfc843703) x14 0x0000000080012040 mem 0x0000000080031f38
core   0: 0x000000008000ff66 (0xfb843783) ld      a5, -72(s0)
core   0: 3 0x000000008000ff66 (0xfb843783) x15 0x000000000000009c mem 0x0000000080031f28
core   0: 0x000000008000ff6a (0x000097ba) c.add   a5, a4
core   0: 3 0x000000008000ff6a (0x97ba) x15 0x00000000800120dc
core   0: 0x000000008000ff6c (0xfe043703) ld      a4, -32(s0)
core   0: 3 0x000000008000ff6c (0xfe043703) x14 0x00000000800120d9 mem 0x0000000080031f50
core   0: 0x000000008000ff70 (0xfcf76de3) bltu    a4, a5, pc - 38
core   0: 3 0x000000008000ff70 (0xfcf76de3)
core   0: 0x000000008000ff4a (0xfe043783) ld      a5, -32(s0)
core   0: 3 0x000000008000ff4a (0xfe043783) x15 0x00000000800120d9 mem 0x0000000080031f50
core   0: 0x000000008000ff4e (0x00178713) addi    a4, a5, 1
core   0: 3 0x000000008000ff4e (0x00178713) x14 0x00000000800120da
core   0: 0x000000008000ff52 (0xfee43023) sd      a4, -32(s0)
core   0: 3 0x000000008000ff52 (0xfee43023) mem 0x0000000080031f50 0x00000000800120da
core   0: 0x000000008000ff56 (0xfc442703) lw      a4, -60(s0)
core   0: 3 0x000000008000ff56 (0xfc442703) x14 0x0000000000000000 mem 0x0000000080031f34
core   0: 0x000000008000ff5a (0x0ff77713) andi    a4, a4, 255
core   0: 3 0x000000008000ff5a (0x0ff77713) x14 0x0000000000000000
core   0: 0x000000008000ff5e (0x00e78023) sb      a4, 0(a5)
core   0: 3 0x000000008000ff5e (0x00e78023) mem 0x00000000800120d9 0x00
core   0: 0x000000008000ff62 (0xfc843703) ld      a4, -56(s0)
core   0: 3 0x000000008000ff62 (0xfc843703) x14 0x0000000080012040 mem 0x0000000080031f38
core   0: 0x000000008000ff66 (0xfb843783) ld      a5, -72(s0)
core   0: 3 0x000000008000ff66 (0xfb843783) x15 0x000000000000009c mem 0x0000000080031f28
core   0: 0x000000008000ff6a (0x000097ba) c.add   a5, a4
core   0: 3 0x000000008000ff6a (0x97ba) x15 0x00000000800120dc
core   0: 0x000000008000ff6c (0xfe043703) ld      a4, -32(s0)
core   0: 3 0x000000008000ff6c (0xfe043703) x14 0x00000000800120da mem 0x0000000080031f50
core   0: 0x000000008000ff70 (0xfcf76de3) bltu    a4, a5, pc - 38
core   0: 3 0x000000008000ff70 (0xfcf76de3)
core   0: 0x000000008000ff4a (0xfe043783) ld      a5, -32(s0)
core   0: 3 0x000000008000ff4a (0xfe043783) x15 0x00000000800120da mem 0x0000000080031f50
core   0: 0x000000008000ff4e (0x00178713) addi    a4, a5, 1
core   0: 3 0x000000008000ff4e (0x00178713) x14 0x00000000800120db
core   0: 0x000000008000ff52 (0xfee43023) sd      a4, -32(s0)
core   0: 3 0x000000008000ff52 (0xfee43023) mem 0x0000000080031f50 0x00000000800120db
core   0: 0x000000008000ff56 (0xfc442703) lw      a4, -60(s0)
core   0: 3 0x000000008000ff56 (0xfc442703) x14 0x0000000000000000 mem 0x0000000080031f34
core   0: 0x000000008000ff5a (0x0ff77713) andi    a4, a4, 255
core   0: 3 0x000000008000ff5a (0x0ff77713) x14 0x0000000000000000
core   0: 0x000000008000ff5e (0x00e78023) sb      a4, 0(a5)
core   0: 3 0x000000008000ff5e (0x00e78023) mem 0x00000000800120da 0x00
core   0: 0x000000008000ff62 (0xfc843703) ld      a4, -56(s0)
core   0: 3 0x000000008000ff62 (0xfc843703) x14 0x0000000080012040 mem 0x0000000080031f38
core   0: 0x000000008000ff66 (0xfb843783) ld      a5, -72(s0)
core   0: 3 0x000000008000ff66 (0xfb843783) x15 0x000000000000009c mem 0x0000000080031f28
core   0: 0x000000008000ff6a (0x000097ba) c.add   a5, a4
core   0: 3 0x000000008000ff6a (0x97ba) x15 0x00000000800120dc
core   0: 0x000000008000ff6c (0xfe043703) ld      a4, -32(s0)
core   0: 3 0x000000008000ff6c (0xfe043703) x14 0x00000000800120db mem 0x0000000080031f50
core   0: 0x000000008000ff70 (0xfcf76de3) bltu    a4, a5, pc - 38
core   0: 3 0x000000008000ff70 (0xfcf76de3)
core   0: 0x000000008000ff4a (0xfe043783) ld      a5, -32(s0)
core   0: 3 0x000000008000ff4a (0xfe043783) x15 0x00000000800120db mem 0x0000000080031f50
core   0: 0x000000008000ff4e (0x00178713) addi    a4, a5, 1
core   0: 3 0x000000008000ff4e (0x00178713) x14 0x00000000800120dc
core   0: 0x000000008000ff52 (0xfee43023) sd      a4, -32(s0)
core   0: 3 0x000000008000ff52 (0xfee43023) mem 0x0000000080031f50 0x00000000800120dc
core   0: 0x000000008000ff56 (0xfc442703) lw      a4, -60(s0)
core   0: 3 0x000000008000ff56 (0xfc442703) x14 0x0000000000000000 mem 0x0000000080031f34
core   0: 0x000000008000ff5a (0x0ff77713) andi    a4, a4, 255
core   0: 3 0x000000008000ff5a (0x0ff77713) x14 0x0000000000000000
core   0: 0x000000008000ff5e (0x00e78023) sb      a4, 0(a5)
core   0: 3 0x000000008000ff5e (0x00e78023) mem 0x00000000800120db 0x00
core   0: 0x000000008000ff62 (0xfc843703) ld      a4, -56(s0)
core   0: 3 0x000000008000ff62 (0xfc843703) x14 0x0000000080012040 mem 0x0000000080031f38
core   0: 0x000000008000ff66 (0xfb843783) ld      a5, -72(s0)
core   0: 3 0x000000008000ff66 (0xfb843783) x15 0x000000000000009c mem 0x0000000080031f28
core   0: 0x000000008000ff6a (0x000097ba) c.add   a5, a4
core   0: 3 0x000000008000ff6a (0x97ba) x15 0x00000000800120dc
core   0: 0x000000008000ff6c (0xfe043703) ld      a4, -32(s0)
core   0: 3 0x000000008000ff6c (0xfe043703) x14 0x00000000800120dc mem 0x0000000080031f50
core   0: 0x000000008000ff70 (0xfcf76de3) bltu    a4, a5, pc - 38
core   0: 3 0x000000008000ff70 (0xfcf76de3)
core   0: 0x000000008000ff74 (0xfc843783) ld      a5, -56(s0)
core   0: 3 0x000000008000ff74 (0xfc843783) x15 0x0000000080012040 mem 0x0000000080031f38
core   0: 0x000000008000ff78 (0x0000853e) c.mv    a0, a5
core   0: 3 0x000000008000ff78 (0x853e) x10 0x0000000080012040
core   0: 0x000000008000ff7a (0x00006426) c.ldsp  s0, 72(sp)
core   0: 3 0x000000008000ff7a (0x6426) x8  0x0000000080031f90 mem 0x0000000080031f68
core   0: 0x000000008000ff7c (0x00006161) c.addi16sp sp, 80
core   0: 3 0x000000008000ff7c (0x6161) x2  0x0000000080031f70
core   0: 0x000000008000ff7e (0x00008082) ret
core   0: 3 0x000000008000ff7e (0x8082)
core   0: 0x000000008000f532 (0x00000001) c.nop
core   0: 3 0x000000008000f532 (0x0001)
core   0: 0x000000008000f534 (0x000060e2) c.ldsp  ra, 24(sp)
core   0: 3 0x000000008000f534 (0x60e2) x1  0x000000008000f572 mem 0x0000000080031f88
core   0: 0x000000008000f536 (0x00006442) c.ldsp  s0, 16(sp)
core   0: 3 0x000000008000f536 (0x6442) x8  0x0000000080032040 mem 0x0000000080031f80
core   0: 0x000000008000f538 (0x00006105) c.addi16sp sp, 32
core   0: 3 0x000000008000f538 (0x6105) x2  0x0000000080031f90
core   0: 0x000000008000f53a (0x00008082) ret
core   0: 3 0x000000008000f53a (0x8082)
core   0: 0x000000008000f572 (0xf5842703) lw      a4, -168(s0)
core   0: 3 0x000000008000f572 (0xf5842703) x14 0x0000000000000001 mem 0x0000000080031f98
core   0: 0x000000008000f576 (0xf5c42783) lw      a5, -164(s0)
core   0: 3 0x000000008000f576 (0xf5c42783) x15 0x0000000000000000 mem 0x0000000080031f9c
core   0: 0x000000008000f57a (0x000085ba) c.mv    a1, a4
core   0: 3 0x000000008000f57a (0x85ba) x11 0x0000000000000001
core   0: 0x000000008000f57c (0x0000853e) c.mv    a0, a5
core   0: 3 0x000000008000f57c (0x853e) x10 0x0000000000000000
core   0: 0x000000008000f57e (0xf03ff0ef) jal     pc - 0xfe
core   0: 3 0x000000008000f57e (0xf03ff0ef) x1  0x000000008000f582
core   0: >>>>  thread_entry
core   0: 0x000000008000f480 (0x00001101) c.addi  sp, -32
core   0: 3 0x000000008000f480 (0x1101) x2  0x0000000080031f70
core   0: 0x000000008000f482 (0x0000ec22) c.sdsp  s0, 24(sp)
core   0: 3 0x000000008000f482 (0xec22) mem 0x0000000080031f88 0x0000000080032040
core   0: 0x000000008000f484 (0x00001000) c.addi4spn s0, sp, 32
core   0: 3 0x000000008000f484 (0x1000) x8  0x0000000080031f90
core   0: 0x000000008000f486 (0x000087aa) c.mv    a5, a0
core   0: 3 0x000000008000f486 (0x87aa) x15 0x0000000000000000
core   0: 0x000000008000f488 (0x0000872e) c.mv    a4, a1
core   0: 3 0x000000008000f488 (0x872e) x14 0x0000000000000001
core   0: 0x000000008000f48a (0xfef42623) sw      a5, -20(s0)
core   0: 3 0x000000008000f48a (0xfef42623) mem 0x0000000080031f7c 0x00000000
core   0: 0x000000008000f48e (0x000087ba) c.mv    a5, a4
core   0: 3 0x000000008000f48e (0x87ba) x15 0x0000000000000001
core   0: 0x000000008000f490 (0xfef42423) sw      a5, -24(s0)
core   0: 3 0x000000008000f490 (0xfef42423) mem 0x0000000080031f78 0x00000001
core   0: 0x000000008000f494 (0x00000001) c.nop
core   0: 3 0x000000008000f494 (0x0001)
core   0: 0x000000008000f496 (0xfec42783) lw      a5, -20(s0)
core   0: 3 0x000000008000f496 (0xfec42783) x15 0x0000000000000000 mem 0x0000000080031f7c
core   0: 0x000000008000f49a (0x00002781) c.addiw a5, 0
core   0: 3 0x000000008000f49a (0x2781) x15 0x0000000000000000
core   0: 0x000000008000f49c (0x0000ffed) c.bnez  a5, pc - 6
core   0: 3 0x000000008000f49c (0xffed)
core   0: 0x000000008000f49e (0x00000001) c.nop
core   0: 3 0x000000008000f49e (0x0001)
core   0: 0x000000008000f4a0 (0x00000001) c.nop
core   0: 3 0x000000008000f4a0 (0x0001)
core   0: 0x000000008000f4a2 (0x00006462) c.ldsp  s0, 24(sp)
core   0: 3 0x000000008000f4a2 (0x6462) x8  0x0000000080032040 mem 0x0000000080031f88
core   0: 0x000000008000f4a4 (0x00006105) c.addi16sp sp, 32
core   0: 3 0x000000008000f4a4 (0x6105) x2  0x0000000080031f90
core   0: 0x000000008000f4a6 (0x00008082) ret
core   0: 3 0x000000008000f4a6 (0x8082)
core   0: 0x000000008000f582 (0x00004581) c.li    a1, 0
core   0: 3 0x000000008000f582 (0x4581) x11 0x0000000000000000
core   0: 0x000000008000f584 (0x00004501) c.li    a0, 0
core   0: 3 0x000000008000f584 (0x4501) x10 0x0000000000000000
core   0: 0x000000008000f586 (0xa7bf20ef) jal     pc - 0xd586
core   0: 3 0x000000008000f586 (0xa7bf20ef) x1  0x000000008000f58a
core   0: >>>>  main
core   0: 0x0000000080002000 (0x00000001) c.nop
core   0: 3 0x0000000080002000 (0x0001)
core   0: >>>>  trap_vec_init
core   0: 0x0000000080002002 (0x00002797) auipc   a5, 0x2
core   0: 3 0x0000000080002002 (0x00002797) x15 0x0000000080004002
core   0: 0x0000000080002006 (0xffe78793) addi    a5, a5, -2
core   0: 3 0x0000000080002006 (0xffe78793) x15 0x0000000080004000
core   0: 0x000000008000200a (0x30579073) csrrw   zero, mtvec, a5
core   0: 3 0x000000008000200a (0x30579073) c773_mtvec 0x0000000080004000
core   0: >>>>  pmp_setup
core   0: 0x000000008000200e (0x00002c17) auipc   s8, 0x2
core   0: 3 0x000000008000200e (0x00002c17) x24 0x000000008000400e
core   0: 0x0000000080002012 (0x022c0c13) addi    s8, s8, 34
core   0: 3 0x0000000080002012 (0x022c0c13) x24 0x0000000080004030
core   0: 0x0000000080002016 (0x00004781) c.li    a5, 0
core   0: 3 0x0000000080002016 (0x4781) x15 0x0000000000000000
core   0: 0x0000000080002018 (0x00009c3e) c.add   s8, a5
core   0: 3 0x0000000080002018 (0x9c3e) x24 0x0000000080004030
core   0: 0x000000008000201a (0x3b0c1073) csrrw   zero, pmpaddr0, s8
core   0: 3 0x000000008000201a (0x3b0c1073) c944_pmpaddr0 0x0000000080004030
core   0: 0x000000008000201e (0x00004c3d) c.li    s8, 15
core   0: 3 0x000000008000201e (0x4c3d) x24 0x000000000000000f
core   0: 0x0000000080002020 (0x3a0c1073) csrrw   zero, pmpcfg0, s8
core   0: 3 0x0000000080002020 (0x3a0c1073) c928_pmpcfg0 0x000000000000000f
core   0: 0x0000000080002024 (0x12000073) sfence.vma zero, zero
core   0: 3 0x0000000080002024 (0x12000073)
core   0: >>>>  mepc_setup
core   0: 0x0000000080002028 (0x00002797) auipc   a5, 0x2
core   0: 3 0x0000000080002028 (0x00002797) x15 0x0000000080004028
core   0: 0x000000008000202c (0x00878793) addi    a5, a5, 8
core   0: 3 0x000000008000202c (0x00878793) x15 0x0000000080004030
core   0: 0x0000000080002030 (0x34179073) csrrw   zero, mepc, a5
core   0: 3 0x0000000080002030 (0x34179073) c833_mepc 0x0000000080004030
core   0: >>>>  custom_csr_setup
core   0: 0x0000000080002034 (0x00100f9b) addiw   t6, zero, 1
core   0: 3 0x0000000080002034 (0x00100f9b) x31 0x0000000000000001
core   0: 0x0000000080002038 (0x00000ffe) c.slli  t6, 31
core   0: 3 0x0000000080002038 (0x0ffe) x31 0x0000000080000000
core   0: 0x000000008000203a (0x00000001) c.nop
core   0: 3 0x000000008000203a (0x0001)
core   0: >>>>  init_s_mode
core   0: 0x000000008000203c (0xfff0079b) addiw   a5, zero, -1
core   0: 3 0x000000008000203c (0xfff0079b) x15 0xffffffffffffffff
core   0: 0x0000000080002040 (0x000017fe) c.slli  a5, 63
core   0: 3 0x0000000080002040 (0x17fe) x15 0x8000000000000000
core   0: 0x0000000080002042 (0x18079073) csrrw   zero, satp, a5
core   0: 3 0x0000000080002042 (0x18079073) c384_satp 0x8000000000000000
core   0: 0x0000000080002046 (0x0000f797) auipc   a5, 0xf
core   0: 3 0x0000000080002046 (0x0000f797) x15 0x0000000080011046
core   0: 0x000000008000204a (0xfba78793) addi    a5, a5, -70
core   0: 3 0x000000008000204a (0xfba78793) x15 0x0000000080011000
core   0: 0x000000008000204e (0x000083b1) c.srli  a5, 12
core   0: 3 0x000000008000204e (0x83b1) x15 0x0000000000080011
core   0: 0x0000000080002050 (0x0010061b) addiw   a2, zero, 1
core   0: 3 0x0000000080002050 (0x0010061b) x12 0x0000000000000001
core   0: 0x0000000080002054 (0x00001632) c.slli  a2, 44
core   0: 3 0x0000000080002054 (0x1632) x12 0x0000100000000000
core   0: 0x0000000080002056 (0x0000167d) c.addi  a2, -1
core   0: 3 0x0000000080002056 (0x167d) x12 0x00000fffffffffff
core   0: 0x0000000080002058 (0x00008ff1) c.and   a5, a2
core   0: 3 0x0000000080002058 (0x8ff1) x15 0x0000000000080011
core   0: 0x000000008000205a (0x1807a073) csrrs   zero, satp, a5
core   0: 3 0x000000008000205a (0x1807a073) c384_satp 0x8000000000080011
core   0: 0x000000008000205e (0x00a005b7) lui     a1, 0xa00
core   0: 3 0x000000008000205e (0x00a005b7) x11 0x0000000000a00000
core   0: 0x0000000080002062 (0x10b5859b) addiw   a1, a1, 267
core   0: 3 0x0000000080002062 (0x10b5859b) x11 0x0000000000a0010b
core   0: 0x0000000080002066 (0x000005b2) c.slli  a1, 12
core   0: 3 0x0000000080002066 (0x05b2) x11 0x0000000a0010b000
core   0: 0x0000000080002068 (0xa0058593) addi    a1, a1, -1536
core   0: 3 0x0000000080002068 (0xa0058593) x11 0x0000000a0010aa00
core   0: 0x000000008000206c (0x30059073) csrrw   zero, mstatus, a1
core   0: 3 0x000000008000206c (0x30059073) c768_mstatus 0x0000000a00102800
core   0: 0x0000000080002070 (0x30459073) csrrw   zero, mie, a1
core   0: 3 0x0000000080002070 (0x30459073) c772_mie 0x0000000000000a00
core   0: 0x0000000080002074 (0x00a005b7) lui     a1, 0xa00
core   0: 3 0x0000000080002074 (0x00a005b7) x11 0x0000000000a00000
core   0: 0x0000000080002078 (0x10b5859b) addiw   a1, a1, 267
core   0: 3 0x0000000080002078 (0x10b5859b) x11 0x0000000000a0010b
core   0: 0x000000008000207c (0x000005b2) c.slli  a1, 12
core   0: 3 0x000000008000207c (0x05b2) x11 0x0000000a0010b000
core   0: 0x000000008000207e (0xa0058593) addi    a1, a1, -1536
core   0: 3 0x000000008000207e (0xa0058593) x11 0x0000000a0010aa00
core   0: 0x0000000080002082 (0x10059073) csrrw   zero, sstatus, a1
core   0: 3 0x0000000080002082 (0x10059073) c768_mstatus 0x0000000a00102800
core   0: 0x0000000080002086 (0x10459073) csrrw   zero, sie, a1
core   0: 3 0x0000000080002086 (0x10459073) c772_mie 0x0000000000000a00
core   0: 0x000000008000208a (0x30200073) mret
core   0: 3 0x000000008000208a (0x30200073) c768_mstatus 0x0000000a00102080
core   0: >>>>  main_g
core   0: 0x0000000080004030 (0x13c87e53) fmul.d  ft8, fa6, ft8
core   0: 1 0x0000000080004030 (0x13c87e53) c768_mstatus 0x8000000a00106080 f28 0x7ff8000000000000
core   0: 0x0000000080004034 (0x4015fbd3) fcvt.s.d fs7, fa1
core   0: 1 0x0000000080004034 (0x4015fbd3) f23 0xffffffff7fc00000
core   0: 0x0000000080004038 (0x009e893b) addw    s2, t4, s1
core   0: 1 0x0000000080004038 (0x009e893b) x18 0xffffffff80031fc0
core   0: 0x000000008000403c (0xbb087d43) fmadd.d fs10, fa6, fa6, fs7
core   0: 1 0x000000008000403c (0xbb087d43) f26 0x7ff8000000000000
core   0: 0x0000000080004040 (0xf2088c53) fmv.d.x fs8, a7
core   0: 1 0x0000000080004040 (0xf2088c53) f24 0x0000000000000000
core   0: 0x0000000080004044 (0x00f619bb) sllw    s3, a2, a5
core   0: 1 0x0000000080004044 (0x00f619bb) x19 0xfffffffffffe0000
core   0: 0x0000000080004048 (0x00000001) c.nop
core   0: 1 0x0000000080004048 (0x0001)
core   0: 0x000000008000404a (0xe20c0453) fmv.x.d s0, fs8
core   0: 1 0x000000008000404a (0xe20c0453) x8  0x0000000000000000
core   0: 0x000000008000404e (0x43b5db13) srai    s6, a1, 59
core   0: 1 0x000000008000404e (0x43b5db13) x22 0x0000000000000000
core   0: 0x0000000080004052 (0xa32ac817) auipc   a6, 0xa32ac
core   0: 1 0x0000000080004052 (0xa32ac817) x16 0x00000000232b0052
core   0: 0x0000000080004056 (0x131c7f53) fmul.d  ft10, fs8, fa7
core   0: 1 0x0000000080004056 (0x131c7f53) f30 0x7ff8000000000000
core   0: 0x000000008000405a (0xd20e83d3) fcvt.d.w ft7, t4
core   0: 1 0x000000008000405a (0xd20e83d3) f7  0x0000000000000000
core   0: 0x000000008000405e (0x0ff0000f) fence   iorw,iorw
core   0: 1 0x000000008000405e (0x0ff0000f)
core   0: 0x0000000080004062 (0xc03bf653) fcvt.lu.s a2, fs7
core   0: 1 0x0000000080004062 (0xc03bf653) c1_fflags 0x0000000000000010 x12 0xffffffffffffffff
core   0: 0x0000000080004066 (0x16e0b197) auipc   gp, 0x16e0b
core   0: 1 0x0000000080004066 (0x16e0b197) x3  0x0000000096e0f066
core   0: 0x000000008000406a (0x6103c213) xori    tp, t2, 1552
core   0: 1 0x000000008000406a (0x6103c213) x4  0x0000000000000610
core   0: 0x000000008000406e (0xc03bf2d3) fcvt.lu.s t0, fs7
core   0: 1 0x000000008000406e (0xc03bf2d3) c1_fflags 0x0000000000000010 x5  0xffffffffffffffff
core   0: 0x0000000080004072 (0x02ed7c33) remu    s8, s10, a4
core   0: 1 0x0000000080004072 (0x02ed7c33) x24 0x0000000000000000
core   0: 0x0000000080004076 (0x4156d81b) sraiw   a6, a3, 21
core   0: 1 0x0000000080004076 (0x4156d81b) x16 0x0000000000000000
core   0: 0x000000008000407a (0x2273a453) fsgnjx.d fs0, ft7, ft7
core   0: 1 0x000000008000407a (0x2273a453) f8  0x0000000000000000
core   0: 0x000000008000407e (0x7ff5c593) xori    a1, a1, 2047
core   0: 1 0x000000008000407e (0x7ff5c593) x11 0x0000000a0010adff
core   0: 0x0000000080004082 (0x00e75d33) srl     s10, a4, a4
core   0: 1 0x0000000080004082 (0x00e75d33) x26 0x0000000000000000
core   0: 0x0000000080004086 (0x001e4a93) xori    s5, t3, 1
core   0: 1 0x0000000080004086 (0x001e4a93) x21 0x0000000000000001
core   0: 0x000000008000408a (0x00202973) csrrs   s2, frm, zero
core   0: 1 0x000000008000408a (0x00202973) x18 0x0000000000000000
core   0: 0x000000008000408e (0x4038d39b) sraiw   t2, a7, 3
core   0: 1 0x000000008000408e (0x4038d39b) x7  0x0000000000000000
core   0: 0x0000000080004092 (0x5ac96593) ori     a1, s2, 1452
core   0: 1 0x0000000080004092 (0x5ac96593) x11 0x00000000000005ac
core   0: 0x0000000080004096 (0x4133da3b) sraw    s4, t2, s3
core   0: 1 0x0000000080004096 (0x4133da3b) x20 0x0000000000000000
core   0: 0x000000008000409a (0xc0207853) fcvt.l.s a6, ft0
core   0: 1 0x000000008000409a (0xc0207853) x16 0x0000000000000000
core   0: 0x000000008000409e (0xa9186c93) ori     s9, a6, -1391
core   0: 1 0x000000008000409e (0xa9186c93) x25 0xfffffffffffffa91
core   0: 0x00000000800040a2 (0x2a149153) fmax.d  ft2, fs1, ft1
core   0: 1 0x00000000800040a2 (0x2a149153) f2  0x7ff8000000000000
core   0: 0x00000000800040a6 (0xd23875d3) fcvt.d.lu fa1, a6
core   0: 1 0x00000000800040a6 (0xd23875d3) f11 0x0000000000000000
core   0: 0x00000000800040aa (0x00fadab3) srl     s5, s5, a5
core   0: 1 0x00000000800040aa (0x00fadab3) x21 0x0000000000000000
core   0: 0x00000000800040ae (0xd2180653) fcvt.d.wu fa2, a6
core   0: 1 0x00000000800040ae (0xd2180653) f12 0x0000000000000000
core   0: 0x00000000800040b2 (0x4052d33b) sraw    t1, t0, t0
core   0: 1 0x00000000800040b2 (0x4052d33b) x6  0xffffffffffffffff
core   0: 0x00000000800040b6 (0x9c63099b) addiw   s3, t1, -1594
core   0: 1 0x00000000800040b6 (0x9c63099b) x19 0xfffffffffffff9c5
core   0: 0x00000000800040ba (0x0ff0000f) fence   iorw,iorw
core   0: 1 0x00000000800040ba (0x0ff0000f)
core   0: 0x00000000800040be (0xe2060cd3) fmv.x.d s9, fa2
core   0: 1 0x00000000800040be (0xe2060cd3) x25 0x0000000000000000
core   0: 0x00000000800040c2 (0x404200bb) subw    ra, tp, tp
core   0: 1 0x00000000800040c2 (0x404200bb) x1  0x0000000000000000
core   0: 0x00000000800040c6 (0x0a2ef493) andi    s1, t4, 162
core   0: 1 0x00000000800040c6 (0x0a2ef493) x9  0x0000000000000000
core   0: 0x00000000800040ca (0xd030f4d3) fcvt.s.lu fs1, ra
core   0: 1 0x00000000800040ca (0xd030f4d3) f9  0xffffffff00000000
core   0: 0x00000000800040ce (0xc033f973) csrrci  s2, hpmcounter3, 7
core   0: exception trap_illegal_instruction, epc 0x00000000800040ce
core   0:           tval 0x00000000c033f973
core   0: >>>>  $xrv64i2p1_m2p0_a2p1_f2p2_d2p2_zicsr2p0_zifencei2p0_zmmul1p0_zba1p0_zbb1p0_zbc1p0_zbs1p0
core   0: 0x0000000080004000 (0x0080006f) j       pc + 0x8
core   0: 3 0x0000000080004000 (0x0080006f)
core   0: >>>>  mmode_exception_handler
core   0: 0x0000000080004008 (0x00002c17) auipc   s8, 0x2
core   0: 3 0x0000000080004008 (0x00002c17) x24 0x0000000080006008
core   0: 0x000000008000400c (0x008c0c13) addi    s8, s8, 8
core   0: 3 0x000000008000400c (0x008c0c13) x24 0x0000000080006010
core   0: 0x0000000080004010 (0x000c00e7) jalr    s8
core   0: 3 0x0000000080004010 (0x000c00e7) x1  0x0000000080004014
core   0: >>>>  any_handler
core   0: 0x0000000080006010 (0x341027f3) csrrs   a5, mepc, zero
core   0: 3 0x0000000080006010 (0x341027f3) x15 0x00000000800040ce
core   0: 0x0000000080006014 (0x34202773) csrrs   a4, mcause, zero
core   0: 3 0x0000000080006014 (0x34202773) x14 0x0000000000000002
core   0: 0x0000000080006018 (0x142026f3) csrrs   a3, scause, zero
core   0: 3 0x0000000080006018 (0x142026f3) x13 0x0000000000000000
core   0: 0x000000008000601c (0x30402673) csrrs   a2, mie, zero
core   0: 3 0x000000008000601c (0x30402673) x12 0x0000000000000a00
core   0: 0x0000000080006020 (0x344025f3) csrrs   a1, mip, zero
core   0: 3 0x0000000080006020 (0x344025f3) x11 0x0000000000000080
core   0: 0x0000000080006024 (0x343025f3) csrrs   a1, mtval, zero
core   0: 3 0x0000000080006024 (0x343025f3) x11 0x00000000c033f973
core   0: 0x0000000080006028 (0x14302573) csrrs   a0, stval, zero
core   0: 3 0x0000000080006028 (0x14302573) x10 0x0000000000000000
core   0: 0x000000008000602c (0xb02024f3) csrrs   s1, minstret, zero
core   0: 3 0x000000008000602c (0xb02024f3) x9  0x00000000000007f3
core   0: 0x0000000080006030 (0x0000a811) c.j     pc + 20
core   0: 3 0x0000000080006030 (0xa811)
core   0: >>>>  mepc_4
core   0: 0x0000000080006044 (0x00000791) c.addi  a5, 4
core   0: 3 0x0000000080006044 (0x0791) x15 0x00000000800040d2
core   0: 0x0000000080006046 (0x34179073) csrrw   zero, mepc, a5
core   0: 3 0x0000000080006046 (0x34179073) c833_mepc 0x00000000800040d2
core   0: 0x000000008000604a (0x30200073) mret
core   0: 3 0x000000008000604a (0x30200073) c768_mstatus 0x8000000a00106080
core   0: 0x00000000800040d2 (0x401e7e53) fcvt.s.d ft8, ft8
core   0: 1 0x00000000800040d2 (0x401e7e53) f28 0xffffffff7fc00000
core   0: 0x00000000800040d6 (0x002c1df3) csrrw   s11, frm, s8
core   0: 1 0x00000000800040d6 (0x002c1df3) x27 0x0000000000000000 c2_frm 0x0000000000000000
core   0: 0x00000000800040da (0x001028f3) csrrs   a7, fflags, zero
core   0: 1 0x00000000800040da (0x001028f3) x17 0x0000000000000010
core   0: 0x00000000800040de (0x2bc09e53) fmax.d  ft8, ft1, ft8
core   0: 1 0x00000000800040de (0x2bc09e53) f28 0x7ff8000000000000
core   0: 0x00000000800040e2 (0x13d1f9d3) fmul.d  fs3, ft3, ft9
core   0: 1 0x00000000800040e2 (0x13d1f9d3) f19 0x7ff8000000000000
core   0: 0x00000000800040e6 (0x001a9d93) slli    s11, s5, 1
core   0: 1 0x00000000800040e6 (0x001a9d93) x27 0x0000000000000000
core   0: 0x00000000800040ea (0xf20c0e53) fmv.d.x ft8, s8
core   0: 1 0x00000000800040ea (0xf20c0e53) f28 0x0000000080006010
core   0: 0x00000000800040ee (0x01fd129b) slliw   t0, s10, 31
core   0: 1 0x00000000800040ee (0x01fd129b) x5  0x0000000000000000
core   0: 0x00000000800040f2 (0x0139e9b3) or      s3, s3, s3
core   0: 1 0x00000000800040f2 (0x0139e9b3) x19 0xfffffffffffff9c5
core   0: 0x00000000800040f6 (0x125e7c53) fmul.d  fs8, ft8, ft5
core   0: 1 0x00000000800040f6 (0x125e7c53) f24 0x7ff8000000000000
core   0: 0x00000000800040fa (0xd02efa53) fcvt.s.l fs4, t4
core   0: 1 0x00000000800040fa (0xd02efa53) f20 0xffffffff00000000
core   0: 0x00000000800040fe (0x0259c833) div     a6, s3, t0
core   0: 1 0x00000000800040fe (0x0259c833) x16 0xffffffffffffffff
core   0: 0x0000000080004102 (0x0256ffd3) fadd.d  ft11, fa3, ft5
core   0: 1 0x0000000080004102 (0x0256ffd3) f31 0x7ff8000000000000
core   0: 0x0000000080004106 (0x00411a9b) slliw   s5, sp, 4
core   0: 1 0x0000000080004106 (0x00411a9b) x21 0x000000000031f900
core   0: 0x000000008000410a (0x0083adb7) lui     s11, 0x83a
core   0: 1 0x000000008000410a (0x0083adb7) x27 0x000000000083a000
core   0: 0x000000008000410e (0x81bd8d9b) addiw   s11, s11, -2021
core   0: 1 0x000000008000410e (0x81bd8d9b) x27 0x000000000083981b
core   0: 0x0000000080004112 (0x00000db6) c.slli  s11, 13
core   0: 1 0x0000000080004112 (0x0db6) x27 0x0000001073036000
core   0: 0x0000000080004114 (0x7b1d8d93) addi    s11, s11, 1969
core   0: 1 0x0000000080004114 (0x7b1d8d93) x27 0x00000010730367b1
core   0: 0x0000000080004118 (0x01415a3b) srlw    s4, sp, s4
core   0: 1 0x0000000080004118 (0x01415a3b) x20 0xffffffff80031f90
core   0: 0x000000008000411c (0x23312bd3) fsgnjx.d fs7, ft2, fs3
core   0: 1 0x000000008000411c (0x23312bd3) f23 0x7ff8000000000000
core   0: 0x0000000080004120 (0x019185b3) add     a1, gp, s9
core   0: 1 0x0000000080004120 (0x019185b3) x11 0x0000000096e0f066
core   0: 0x0000000080004124 (0x00191ef3) csrrw   t4, fflags, s2
core   0: 1 0x0000000080004124 (0x00191ef3) x29 0x0000000000000010 c1_fflags 0x0000000000000000
core   0: 0x0000000080004128 (0xc2317a53) fcvt.lu.d s4, ft2
core   0: 1 0x0000000080004128 (0xc2317a53) c1_fflags 0x0000000000000010 x20 0xffffffffffffffff
core   0: 0x000000008000412c (0x40b1d5b3) sra     a1, gp, a1
core   0: 1 0x000000008000412c (0x40b1d5b3) x11 0x0000000000000000
core   0: 0x0000000080004130 (0x413cd9b3) sra     s3, s9, s3
core   0: 1 0x0000000080004130 (0x413cd9b3) x19 0x0000000000000000
core   0: 0x0000000080004134 (0xc20d77d3) fcvt.w.d a5, fs10
core   0: 1 0x0000000080004134 (0xc20d77d3) c1_fflags 0x0000000000000010 x15 0x000000007fffffff
core   0: 0x0000000080004138 (0x2b7b88d3) fmin.d  fa7, fs7, fs7
core   0: 1 0x0000000080004138 (0x2b7b88d3) f17 0x7ff8000000000000
core   0: 0x000000008000413c (0xd03675d3) fcvt.s.lu fa1, a2
core   0: 1 0x000000008000413c (0xd03675d3) f11 0xffffffff45200000
core   0: 0x0000000080004140 (0xc021fdd3) fcvt.l.s s11, ft3
core   0: 1 0x0000000080004140 (0xc021fdd3) x27 0x0000000000000000
core   0: 0x0000000080004144 (0x00250833) add     a6, a0, sp
core   0: 1 0x0000000080004144 (0x00250833) x16 0x0000000080031f90
core   0: 0x0000000080004148 (0x030a8ab3) mul     s5, s5, a6
core   0: 1 0x0000000080004148 (0x030a8ab3) x21 0x0018fd1c14431000
core   0: 0x000000008000414c (0x0282c43b) divw    s0, t0, s0
core   0: 1 0x000000008000414c (0x0282c43b) x8  0xffffffffffffffff
core   0: 0x0000000080004150 (0x0045163b) sllw    a2, a0, tp
core   0: 1 0x0000000080004150 (0x0045163b) x12 0x0000000000000000
core   0: 0x0000000080004154 (0x40c606b3) sub     a3, a2, a2
core   0: 1 0x0000000080004154 (0x40c606b3) x13 0x0000000000000000
core   0: 0x0000000080004158 (0xea67f7c7) fmsub.d fa5, fa5, ft6, ft9
core   0: 1 0x0000000080004158 (0xea67f7c7) f15 0x7ff8000000000000
core   0: 0x000000008000415c (0xc239f8d3) fcvt.lu.d a7, fs3
core   0: 1 0x000000008000415c (0xc239f8d3) c1_fflags 0x0000000000000010 x17 0xffffffffffffffff
core   0: 0x0000000080004160 (0xc024f4d3) fcvt.l.s s1, fs1
core   0: 1 0x0000000080004160 (0xc024f4d3) x9  0x0000000000000000
core   0: 0x0000000080004164 (0x03f61813) slli    a6, a2, 63
core   0: 1 0x0000000080004164 (0x03f61813) x16 0x0000000000000000
core   0: 0x0000000080004168 (0x02285e93) srli    t4, a6, 34
core   0: 1 0x0000000080004168 (0x02285e93) x29 0x0000000000000000
core   0: 0x000000008000416c (0x030eed33) rem     s10, t4, a6
core   0: 1 0x000000008000416c (0x030eed33) x26 0x0000000000000000
core   0: 0x0000000080004170 (0xd02ef4d3) fcvt.s.l fs1, t4
core   0: 1 0x0000000080004170 (0xd02ef4d3) f9  0xffffffff00000000
core   0: 0x0000000080004174 (0x007a83bb) addw    t2, s5, t2
core   0: 1 0x0000000080004174 (0x007a83bb) x7  0x0000000014431000
core   0: 0x0000000080004178 (0xe20889d3) fmv.x.d s3, fa7
core   0: 1 0x0000000080004178 (0xe20889d3) x19 0x7ff8000000000000
core   0: 0x000000008000417c (0x233103d3) fsgnj.d ft7, ft2, fs3
core   0: 1 0x000000008000417c (0x233103d3) f7  0x7ff8000000000000
core   0: 0x0000000080004180 (0x10ad5073) csrrwi  zero, senvcfg, 26
core   0: 1 0x0000000080004180 (0x10ad5073) c266_senvcfg 0x0000000000000000
core   0: 0x0000000080004184 (0x036963bb) remw    t2, s2, s6
core   0: 1 0x0000000080004184 (0x036963bb) x7  0x0000000000000000
core   0: 0x0000000080004188 (0x037977bb) remuw   a5, s2, s7
core   0: 1 0x0000000080004188 (0x037977bb) x15 0x0000000000000000
core   0: 0x000000008000418c (0xd037f2d3) fcvt.s.lu ft5, a5
core   0: 1 0x000000008000418c (0xd037f2d3) f5  0xffffffff00000000
core   0: 0x0000000080004190 (0x1ab475c3) fmadd.d fa1, fs0, fa1, ft3
core   0: 1 0x0000000080004190 (0x1ab475c3) f11 0x7ff8000000000000
core   0: 0x0000000080004194 (0x323898f3) csrrw   a7, mhpmevent3, a7
core   0: exception trap_illegal_instruction, epc 0x0000000080004194
core   0:           tval 0x00000000323898f3
core   0: >>>>  $xrv64i2p1_m2p0_a2p1_f2p2_d2p2_zicsr2p0_zifencei2p0_zmmul1p0_zba1p0_zbb1p0_zbc1p0_zbs1p0
core   0: 0x0000000080004000 (0x0080006f) j       pc + 0x8
core   0: 3 0x0000000080004000 (0x0080006f)
core   0: >>>>  mmode_exception_handler
core   0: 0x0000000080004008 (0x00002c17) auipc   s8, 0x2
core   0: 3 0x0000000080004008 (0x00002c17) x24 0x0000000080006008
core   0: 0x000000008000400c (0x008c0c13) addi    s8, s8, 8
core   0: 3 0x000000008000400c (0x008c0c13) x24 0x0000000080006010
core   0: 0x0000000080004010 (0x000c00e7) jalr    s8
core   0: 3 0x0000000080004010 (0x000c00e7) x1  0x0000000080004014
core   0: >>>>  any_handler
core   0: 0x0000000080006010 (0x341027f3) csrrs   a5, mepc, zero
core   0: 3 0x0000000080006010 (0x341027f3) x15 0x0000000080004194
core   0: 0x0000000080006014 (0x34202773) csrrs   a4, mcause, zero
core   0: 3 0x0000000080006014 (0x34202773) x14 0x0000000000000002
core   0: 0x0000000080006018 (0x142026f3) csrrs   a3, scause, zero
core   0: 3 0x0000000080006018 (0x142026f3) x13 0x0000000000000000
core   0: 0x000000008000601c (0x30402673) csrrs   a2, mie, zero
core   0: 3 0x000000008000601c (0x30402673) x12 0x0000000000000a00
core   0: 0x0000000080006020 (0x344025f3) csrrs   a1, mip, zero
core   0: 3 0x0000000080006020 (0x344025f3) x11 0x0000000000000080
core   0: 0x0000000080006024 (0x343025f3) csrrs   a1, mtval, zero
core   0: 3 0x0000000080006024 (0x343025f3) x11 0x00000000323898f3
core   0: 0x0000000080006028 (0x14302573) csrrs   a0, stval, zero
core   0: 3 0x0000000080006028 (0x14302573) x10 0x0000000000000000
core   0: 0x000000008000602c (0xb02024f3) csrrs   s1, minstret, zero
core   0: 3 0x000000008000602c (0xb02024f3) x9  0x0000000000000834
core   0: 0x0000000080006030 (0x0000a811) c.j     pc + 20
core   0: 3 0x0000000080006030 (0xa811)
core   0: >>>>  mepc_4
core   0: 0x0000000080006044 (0x00000791) c.addi  a5, 4
core   0: 3 0x0000000080006044 (0x0791) x15 0x0000000080004198
core   0: 0x0000000080006046 (0x34179073) csrrw   zero, mepc, a5
core   0: 3 0x0000000080006046 (0x34179073) c833_mepc 0x0000000080004198
core   0: 0x000000008000604a (0x30200073) mret
core   0: 3 0x000000008000604a (0x30200073) c768_mstatus 0x8000000a00106080
core   0: 0x0000000080004198 (0xa3ef0b53) fle.d   s6, ft10, ft10
core   0: 1 0x0000000080004198 (0xa3ef0b53) c1_fflags 0x0000000000000010 x22 0x0000000000000000
core   0: 0x000000008000419c (0xf20b0ad3) fmv.d.x fs5, s6
core   0: 1 0x000000008000419c (0xf20b0ad3) f21 0x0000000000000000
core   0: 0x00000000800041a0 (0xd238fed3) fcvt.d.lu ft9, a7
core   0: 1 0x00000000800041a0 (0xd238fed3) c1_fflags 0x0000000000000011 f29 0x43f0000000000000
core   0: 0x00000000800041a4 (0xc20475d3) fcvt.w.d a1, fs0
core   0: 1 0x00000000800041a4 (0xc20475d3) x11 0x0000000000000000
core   0: 0x00000000800041a8 (0x01889bbb) sllw    s7, a7, s8
core   0: 1 0x00000000800041a8 (0x01889bbb) x23 0xffffffffffff0000
core   0: 0x00000000800041ac (0x3f923617) auipc   a2, 0x3f923
core   0: 1 0x00000000800041ac (0x3f923617) x12 0x00000000bf9271ac
core   0: 0x00000000800041b0 (0x2a0888d3) fmin.d  fa7, fa7, ft0
core   0: 1 0x00000000800041b0 (0x2a0888d3) f17 0x7ff8000000000000
core   0: 0x00000000800041b4 (0x000b9793) slli    a5, s7, 0
core   0: 1 0x00000000800041b4 (0x000b9793) x15 0xffffffffffff0000
core   0: 0x00000000800041b8 (0xc238f153) fcvt.lu.d sp, fa7
core   0: 1 0x00000000800041b8 (0xc238f153) c1_fflags 0x0000000000000011 x2  0xffffffffffffffff
core   0: 0x00000000800041bc (0x401a7a53) fcvt.s.d fs4, fs4
core   0: 1 0x00000000800041bc (0x401a7a53) f20 0xffffffff7fc00000
core   0: 0x00000000800041c0 (0x40050333) sub     t1, a0, zero
core   0: 1 0x00000000800041c0 (0x40050333) x6  0x0000000000000000
core   0: 0x00000000800041c4 (0x8ee892b7) lui     t0, 0x8ee89
core   0: 1 0x00000000800041c4 (0x8ee892b7) x5  0xffffffff8ee89000
core   0: 0x00000000800041c8 (0xd235f6d3) fcvt.d.lu fa3, a1
core   0: 1 0x00000000800041c8 (0xd235f6d3) f13 0x0000000000000000
core   0: 0x00000000800041cc (0x03cd5e3b) divuw   t3, s10, t3
core   0: 1 0x00000000800041cc (0x03cd5e3b) x28 0xffffffffffffffff
core   0: 0x00000000800041d0 (0x224b8bd3) fsgnj.d fs7, fs7, ft4
core   0: 1 0x00000000800041d0 (0x224b8bd3) f23 0xfff8000000000000
core   0: 0x00000000800041d4 (0xd0337dd3) fcvt.s.lu fs11, t1
core   0: 1 0x00000000800041d4 (0xd0337dd3) f27 0xffffffff00000000
core   0: 0x00000000800041d8 (0x002ea9b3) slt     s3, t4, sp
core   0: 1 0x00000000800041d8 (0x002ea9b3) x19 0x0000000000000000
core   0: 0x00000000800041dc (0x01a98433) add     s0, s3, s10
core   0: 1 0x00000000800041dc (0x01a98433) x8  0x0000000000000000
core   0: 0x00000000800041e0 (0xa2439953) flt.d   s2, ft7, ft4
core   0: 1 0x00000000800041e0 (0xa2439953) c1_fflags 0x0000000000000011 x18 0x0000000000000000
core   0: 0x00000000800041e4 (0x03adc3b3) div     t2, s11, s10
core   0: 1 0x00000000800041e4 (0x03adc3b3) x7  0xffffffffffffffff
core   0: 0x00000000800041e8 (0xc20bf5d3) fcvt.w.d a1, fs7
core   0: 1 0x00000000800041e8 (0xc20bf5d3) c1_fflags 0x0000000000000011 x11 0x000000007fffffff
core   0: 0x00000000800041ec (0x00000001) c.nop
core   0: 1 0x00000000800041ec (0x0001)
core   0: 0x00000000800041ee (0xc3cbfbcb) fnmsub.d fs7, fs7, ft8, fs8
core   0: 1 0x00000000800041ee (0xc3cbfbcb) f23 0x7ff8000000000000
core   0: 0x00000000800041f2 (0x237e1b53) fsgnjn.d fs6, ft8, fs7
core   0: 1 0x00000000800041f2 (0x237e1b53) f22 0x8000000080006010
core   0: 0x00000000800041f6 (0x128af853) fmul.d  fa6, fs5, fs0
core   0: 1 0x00000000800041f6 (0x128af853) f16 0x0000000000000000
core   0: 0x00000000800041fa (0x401273d3) fcvt.s.d ft7, ft4
core   0: 1 0x00000000800041fa (0x401273d3) f7  0xffffffff7fc00000
core   0: 0x00000000800041fe (0x0148d8b3) srl     a7, a7, s4
core   0: 1 0x00000000800041fe (0x0148d8b3) x17 0x0000000000000001
core   0: 0x0000000080004202 (0x0088873b) addw    a4, a7, s0
core   0: 1 0x0000000080004202 (0x0088873b) x14 0x0000000000000001
core   0: 0x0000000080004206 (0x01f2de9b) srliw   t4, t0, 31
core   0: 1 0x0000000080004206 (0x01f2de9b) x29 0x0000000000000001
core   0: 0x000000008000420a (0xa22c23b7) lui     t2, 0xa22c2
core   0: 1 0x000000008000420a (0xa22c23b7) x7  0xffffffffa22c2000
core   0: 0x000000008000420e (0x00102573) csrrs   a0, fflags, zero
core   0: 1 0x000000008000420e (0x00102573) x10 0x0000000000000011
core   0: 0x0000000080004212 (0x5a09fed3) fsqrt.d ft9, fs3
core   0: 1 0x0000000080004212 (0x5a09fed3) f29 0x7ff8000000000000
core   0: 0x0000000080004216 (0x1afef8d3) fdiv.d  fa7, ft9, fa5
core   0: 1 0x0000000080004216 (0x1afef8d3) f17 0x7ff8000000000000
core   0: 0x000000008000421a (0xeaf4fecb) fnmsub.d ft9, fs1, fa5, ft9
core   0: 1 0x000000008000421a (0xeaf4fecb) f29 0x7ff8000000000000
core   0: 0x000000008000421e (0x023554b3) divu    s1, a0, gp
core   0: 1 0x000000008000421e (0x023554b3) x9  0x0000000000000000
core   0: 0x0000000080004222 (0x03b688b3) mul     a7, a3, s11
core   0: 1 0x0000000080004222 (0x03b688b3) x17 0x0000000000000000
core   0: 0x0000000080004226 (0x03c901bb) mulw    gp, s2, t3
core   0: 1 0x0000000080004226 (0x03c901bb) x3  0x0000000000000000
core   0: 0x000000008000422a (0x002a9973) csrrw   s2, frm, s5
core   0: 1 0x000000008000422a (0x002a9973) x18 0x0000000000000000 c2_frm 0x0000000000000000
core   0: 0x000000008000422e (0x0091e7b3) or      a5, gp, s1
core   0: 1 0x000000008000422e (0x0091e7b3) x15 0x0000000000000000
core   0: 0x0000000080004232 (0x02fc88b3) mul     a7, s9, a5
core   0: 1 0x0000000080004232 (0x02fc88b3) x17 0x0000000000000000
core   0: 0x0000000080004236 (0x0142183b) sllw    a6, tp, s4
core   0: 1 0x0000000080004236 (0x0142183b) x16 0x0000000000000000
core   0: 0x000000008000423a (0x0256c133) div     sp, a3, t0
core   0: 1 0x000000008000423a (0x0256c133) x2  0x0000000000000000
core   0: 0x000000008000423e (0x036beb3b) remw    s6, s7, s6
core   0: 1 0x000000008000423e (0x036beb3b) x22 0xffffffffffff0000
core   0: 0x0000000080004242 (0xa2f00653) fle.d   a2, ft0, fa5
core   0: 1 0x0000000080004242 (0xa2f00653) c1_fflags 0x0000000000000011 x12 0x0000000000000000
core   0: 0x0000000080004246 (0x02ce4dbb) divw    s11, t3, a2
core   0: 1 0x0000000080004246 (0x02ce4dbb) x27 0xffffffffffffffff
core   0: 0x000000008000424a (0x00000001) c.nop
core   0: 1 0x000000008000424a (0x0001)
core   0: 0x000000008000424c (0x4200db13) srai    s6, ra, 32
core   0: 1 0x000000008000424c (0x4200db13) x22 0x0000000000000000
core   0: 0x0000000080004250 (0x22a60553) fsgnj.d fa0, fa2, fa0
core   0: 1 0x0000000080004250 (0x22a60553) f10 0x8000000000000000
core   0: 0x0000000080004254 (0x00365a3b) srlw    s4, a2, gp
core   0: 1 0x0000000080004254 (0x00365a3b) x20 0x0000000000000000
core   0: 0x0000000080004258 (0x42040453) fcvt.d.s fs0, fs0
core   0: 1 0x0000000080004258 (0x42040453) f8  0x7ff8000000000000
core   0: 0x000000008000425c (0x40ca063b) subw    a2, s4, a2
core   0: 1 0x000000008000425c (0x40ca063b) x12 0x0000000000000000
core   0: 0x0000000080004260 (0x42008a53) fcvt.d.s fs4, ft1
core   0: 1 0x0000000080004260 (0x42008a53) f20 0x0000000000000000
core   0: 0x0000000080004264 (0xc029bbf3) csrrc   s7, instret, s3
core   0: exception trap_illegal_instruction, epc 0x0000000080004264
core   0:           tval 0x00000000c029bbf3
core   0: >>>>  $xrv64i2p1_m2p0_a2p1_f2p2_d2p2_zicsr2p0_zifencei2p0_zmmul1p0_zba1p0_zbb1p0_zbc1p0_zbs1p0
core   0: 0x0000000080004000 (0x0080006f) j       pc + 0x8
core   0: 3 0x0000000080004000 (0x0080006f)
core   0: >>>>  mmode_exception_handler
core   0: 0x0000000080004008 (0x00002c17) auipc   s8, 0x2
core   0: 3 0x0000000080004008 (0x00002c17) x24 0x0000000080006008
core   0: 0x000000008000400c (0x008c0c13) addi    s8, s8, 8
core   0: 3 0x000000008000400c (0x008c0c13) x24 0x0000000080006010
core   0: 0x0000000080004010 (0x000c00e7) jalr    s8
core   0: 3 0x0000000080004010 (0x000c00e7) x1  0x0000000080004014
core   0: >>>>  any_handler
core   0: 0x0000000080006010 (0x341027f3) csrrs   a5, mepc, zero
core   0: 3 0x0000000080006010 (0x341027f3) x15 0x0000000080004264
core   0: 0x0000000080006014 (0x34202773) csrrs   a4, mcause, zero
core   0: 3 0x0000000080006014 (0x34202773) x14 0x0000000000000002
core   0: 0x0000000080006018 (0x142026f3) csrrs   a3, scause, zero
core   0: 3 0x0000000080006018 (0x142026f3) x13 0x0000000000000000
core   0: 0x000000008000601c (0x30402673) csrrs   a2, mie, zero
core   0: 3 0x000000008000601c (0x30402673) x12 0x0000000000000a00
core   0: 0x0000000080006020 (0x344025f3) csrrs   a1, mip, zero
core   0: 3 0x0000000080006020 (0x344025f3) x11 0x0000000000000080
core   0: 0x0000000080006024 (0x343025f3) csrrs   a1, mtval, zero
core   0: 3 0x0000000080006024 (0x343025f3) x11 0x00000000c029bbf3
core   0: 0x0000000080006028 (0x14302573) csrrs   a0, stval, zero
core   0: 3 0x0000000080006028 (0x14302573) x10 0x0000000000000000
core   0: 0x000000008000602c (0xb02024f3) csrrs   s1, minstret, zero
core   0: 3 0x000000008000602c (0xb02024f3) x9  0x0000000000000878
core   0: 0x0000000080006030 (0x0000a811) c.j     pc + 20
core   0: 3 0x0000000080006030 (0xa811)
core   0: >>>>  mepc_4
core   0: 0x0000000080006044 (0x00000791) c.addi  a5, 4
core   0: 3 0x0000000080006044 (0x0791) x15 0x0000000080004268
core   0: 0x0000000080006046 (0x34179073) csrrw   zero, mepc, a5
core   0: 3 0x0000000080006046 (0x34179073) c833_mepc 0x0000000080004268
core   0: 0x000000008000604a (0x30200073) mret
core   0: 3 0x000000008000604a (0x30200073) c768_mstatus 0x8000000a00106080
core   0: 0x0000000080004268 (0x010c19b7) lui     s3, 0x10c1
core   0: 1 0x0000000080004268 (0x010c19b7) x19 0x00000000010c1000
core   0: 0x000000008000426c (0x24b9899b) addiw   s3, s3, 587
core   0: 1 0x000000008000426c (0x24b9899b) x19 0x00000000010c124b
core   0: 0x0000000080004270 (0x000009b2) c.slli  s3, 12
core   0: 1 0x0000000080004270 (0x09b2) x19 0x00000010c124b000
core   0: 0x0000000080004272 (0x3b698993) addi    s3, s3, 950
core   0: 1 0x0000000080004272 (0x3b698993) x19 0x00000010c124b3b6
core   0: 0x0000000080004276 (0x1a3cf1cb) fnmsub.d ft3, fs9, ft3, ft3
core   0: 1 0x0000000080004276 (0x1a3cf1cb) f3  0x7ff8000000000000
core   0: 0x000000008000427a (0x013be8b3) or      a7, s7, s3
core   0: 1 0x000000008000427a (0x013be8b3) x17 0xffffffffffffb3b6
core   0: 0x000000008000427e (0x0ff0000f) fence   iorw,iorw
core   0: 1 0x000000008000427e (0x0ff0000f)
core   0: 0x0000000080004282 (0x02b9f5b3) remu    a1, s3, a1
core   0: 1 0x0000000080004282 (0x02b9f5b3) x11 0x000000003d8e8cd4
core   0: 0x0000000080004286 (0x02248a3b) mulw    s4, s1, sp
core   0: 1 0x0000000080004286 (0x02248a3b) x20 0x0000000000000000
core   0: 0x000000008000428a (0x7302fa4b) fnmsub.d fs4, ft5, fa6, fa4
core   0: 1 0x000000008000428a (0x7302fa4b) f20 0x7ff8000000000000
core   0: 0x000000008000428e (0xc237f853) fcvt.lu.d a6, fa5
core   0: 1 0x000000008000428e (0xc237f853) c1_fflags 0x0000000000000011 x16 0xffffffffffffffff
core   0: 0x0000000080004292 (0x00478e3b) addw    t3, a5, tp
core   0: 1 0x0000000080004292 (0x00478e3b) x28 0xffffffff80004878
core   0: 0x0000000080004296 (0x036e1b13) slli    s6, t3, 54
core   0: 1 0x0000000080004296 (0x036e1b13) x22 0x1e00000000000000
core   0: 0x000000008000429a (0x015384b3) add     s1, t2, s5
core   0: 1 0x000000008000429a (0x015384b3) x9  0x0018fd1bb66f3000
core   0: 0x000000008000429e (0x00dd81bb) addw    gp, s11, a3
core   0: 1 0x000000008000429e (0x00dd81bb) x3  0xffffffffffffffff
core   0: 0x00000000800042a2 (0xc20a7953) fcvt.w.d s2, fs4
core   0: 1 0x00000000800042a2 (0xc20a7953) c1_fflags 0x0000000000000011 x18 0x000000007fffffff
core   0: 0x00000000800042a6 (0xc209f053) fcvt.w.d zero, fs3
core   0: 1 0x00000000800042a6 (0xc209f053) c1_fflags 0x0000000000000011
core   0: 0x00000000800042aa (0x0016d79b) srliw   a5, a3, 1
core   0: 1 0x00000000800042aa (0x0016d79b) x15 0x0000000000000000
core   0: 0x00000000800042ae (0x4397dc13) srai    s8, a5, 57
core   0: 1 0x00000000800042ae (0x4397dc13) x24 0x0000000000000000
core   0: 0x00000000800042b2 (0x42090b53) fcvt.d.s fs6, fs2
core   0: 1 0x00000000800042b2 (0x42090b53) f22 0x0000000000000000
core   0: 0x00000000800042b6 (0x0387e53b) remw    a0, a5, s8
core   0: 1 0x00000000800042b6 (0x0387e53b) x10 0x0000000000000000
core   0: 0x00000000800042ba (0xd0237f53) fcvt.s.l ft10, t1
core   0: 1 0x00000000800042ba (0xd0237f53) f30 0xffffffff00000000
core   0: 0x00000000800042be (0x00000001) c.nop
core   0: 1 0x00000000800042be (0x0001)
core   0: 0x00000000800042c0 (0x7ffd4d13) xori    s10, s10, 2047
core   0: 1 0x00000000800042c0 (0x7ffd4d13) x26 0x00000000000007ff
core   0: 0x00000000800042c4 (0x01824c33) xor     s8, tp, s8
core   0: 1 0x00000000800042c4 (0x01824c33) x24 0x0000000000000610
core   0: 0x00000000800042c8 (0x02b41d33) mulh    s10, s0, a1
core   0: 1 0x00000000800042c8 (0x02b41d33) x26 0x0000000000000000
core   0: 0x00000000800042cc (0x1401dc73) csrrwi  s8, sscratch, 3
core   0: 1 0x00000000800042cc (0x1401dc73) x24 0x0000000000000000 c320_sscratch 0x0000000000000003
core   0: 0x00000000800042d0 (0xe20902d3) fmv.x.d t0, fs2
core   0: 1 0x00000000800042d0 (0xe20902d3) x5  0xffffffff00000000
core   0: 0x00000000800042d4 (0x6af7f1cf) fnmadd.d ft3, fa5, fa5, fa3
core   0: 1 0x00000000800042d4 (0x6af7f1cf) f3  0x7ff8000000000000
core   0: 0x00000000800042d8 (0x3e0b071b) addiw   a4, s6, 992
core   0: 1 0x00000000800042d8 (0x3e0b071b) x14 0x00000000000003e0
core   0: 0x00000000800042dc (0xc2187653) fcvt.wu.d a2, fa6
core   0: 1 0x00000000800042dc (0xc2187653) x12 0x0000000000000000
core   0: 0x00000000800042e0 (0x01488abb) addw    s5, a7, s4
core   0: 1 0x00000000800042e0 (0x01488abb) x21 0xffffffffffffb3b6
core   0: 0x00000000800042e4 (0x001310bb) sllw    ra, t1, ra
core   0: 1 0x00000000800042e4 (0x001310bb) x1  0x0000000000000000
core   0: 0x00000000800042e8 (0x011a933b) sllw    t1, s5, a7
core   0: 1 0x00000000800042e8 (0x011a933b) x6  0xffffffffed800000
core   0: 0x00000000800042ec (0x02645833) divu    a6, s0, t1
core   0: 1 0x00000000800042ec (0x02645833) x16 0x0000000000000000
core   0: 0x00000000800042f0 (0xe37b7693) andi    a3, s6, -457
core   0: 1 0x00000000800042f0 (0xe37b7693) x13 0x1e00000000000000
core   0: 0x00000000800042f4 (0x030203b3) mul     t2, tp, a6
core   0: 1 0x00000000800042f4 (0x030203b3) x7  0x0000000000000000
core   0: 0x00000000800042f8 (0x1b82fed3) fdiv.d  ft9, ft5, fs8
core   0: 1 0x00000000800042f8 (0x1b82fed3) f29 0x7ff8000000000000
core   0: 0x00000000800042fc (0x2a288953) fmin.d  fs2, fa7, ft2
core   0: 1 0x00000000800042fc (0x2a288953) f18 0x7ff8000000000000
core   0: 0x0000000080004300 (0x039218b3) mulh    a7, tp, s9
core   0: 1 0x0000000080004300 (0x039218b3) x17 0x0000000000000000
core   0: 0x0000000080004304 (0x433d5293) srai    t0, s10, 51
core   0: 1 0x0000000080004304 (0x433d5293) x5  0x0000000000000000
core   0: 0x0000000080004308 (0xe85dfa13) andi    s4, s11, -379
core   0: 1 0x0000000080004308 (0xe85dfa13) x20 0xfffffffffffffe85
core   0: 0x000000008000430c (0x03bdecbb) remw    s9, s11, s11
core   0: 1 0x000000008000430c (0x03bdecbb) x25 0x0000000000000000
core   0: 0x0000000080004310 (0x0033d9bb) srlw    s3, t2, gp
core   0: 1 0x0000000080004310 (0x0033d9bb) x19 0x0000000000000000
core   0: 0x0000000080004314 (0xc20a7e53) fcvt.w.d t3, fs4
core   0: 1 0x0000000080004314 (0xc20a7e53) c1_fflags 0x0000000000000011 x28 0x000000007fffffff
core   0: 0x0000000080004318 (0xf2098cd3) fmv.d.x fs9, s3
core   0: 1 0x0000000080004318 (0xf2098cd3) f25 0x0000000000000000
core   0: 0x000000008000431c (0x4073d13b) sraw    sp, t2, t2
core   0: 1 0x000000008000431c (0x4073d13b) x2  0x0000000000000000
core   0: 0x0000000080004320 (0x0000970a) c.add   a4, sp
core   0: 1 0x0000000080004320 (0x970a) x14 0x00000000000003e0
core   0: 0x0000000080004322 (0x0226c8b3) div     a7, a3, sp
core   0: 1 0x0000000080004322 (0x0226c8b3) x17 0xffffffffffffffff
core   0: 0x0000000080004326 (0xd3c16a93) ori     s5, sp, -708
core   0: 1 0x0000000080004326 (0xd3c16a93) x21 0xfffffffffffffd3c
core   0: 0x000000008000432a (0x034bacb3) mulhsu  s9, s7, s4
core   0: 1 0x000000008000432a (0x034bacb3) x25 0xffffffffffff0000
core   0: 0x000000008000432e (0x0169fab3) and     s5, s3, s6
core   0: 1 0x000000008000432e (0x0169fab3) x21 0x0000000000000000
core   0: 0x0000000080004332 (0x40cc05b3) sub     a1, s8, a2
core   0: 1 0x0000000080004332 (0x40cc05b3) x11 0x0000000000000000
core   0: 0x0000000080004336 (0xd21c0cd3) fcvt.d.wu fs9, s8
core   0: 1 0x0000000080004336 (0xd21c0cd3) f25 0x0000000000000000
core   0: 0x000000008000433a (0x23712153) fsgnjx.d ft2, ft2, fs7
core   0: 1 0x000000008000433a (0x23712153) f2  0x7ff8000000000000
core   0: 0x000000008000433e (0x031d7533) remu    a0, s10, a7
core   0: 1 0x000000008000433e (0x031d7533) x10 0x0000000000000000
core   0: 0x0000000080004342 (0xfc4fe737) lui     a4, 0xfc4fe
core   0: 1 0x0000000080004342 (0xfc4fe737) x14 0xfffffffffc4fe000
core   0: 0x0000000080004346 (0x22b7071b) addiw   a4, a4, 555
core   0: 1 0x0000000080004346 (0x22b7071b) x14 0xfffffffffc4fe22b
core   0: 0x000000008000434a (0x00000732) c.slli  a4, 12
core   0: 1 0x000000008000434a (0x0732) x14 0xffffffc4fe22b000
core   0: 0x000000008000434c (0x98a70713) addi    a4, a4, -1654
core   0: 1 0x000000008000434c (0x98a70713) x14 0xffffffc4fe22a98a
core   0: 0x0000000080004350 (0xc038f653) fcvt.lu.s a2, fa7
core   0: 1 0x0000000080004350 (0xc038f653) c1_fflags 0x0000000000000011 x12 0xffffffffffffffff
core   0: 0x0000000080004354 (0x0b1bf8d3) fsub.d  fa7, fs7, fa7
core   0: 1 0x0000000080004354 (0x0b1bf8d3) f17 0x7ff8000000000000
core   0: 0x0000000080004358 (0x40d6d6b3) sra     a3, a3, a3
core   0: 1 0x0000000080004358 (0x40d6d6b3) x13 0x1e00000000000000
core   0: 0x000000008000435c (0xd038fd53) fcvt.s.lu fs10, a7
core   0: 1 0x000000008000435c (0xd038fd53) c1_fflags 0x0000000000000011 f26 0xffffffff5f800000
core   0: 0x0000000080004360 (0x4008dc93) srai    s9, a7, 0
core   0: 1 0x0000000080004360 (0x4008dc93) x25 0xffffffffffffffff
core   0: 0x0000000080004364 (0x00000001) c.nop
core   0: 1 0x0000000080004364 (0x0001)
core   0: 0x0000000080004366 (0x023cfe3b) remuw   t3, s9, gp
core   0: 1 0x0000000080004366 (0x023cfe3b) x28 0x0000000000000000
core   0: 0x000000008000436a (0x2278a3d3) fsgnjx.d ft7, fa7, ft7
core   0: 1 0x000000008000436a (0x2278a3d3) f7  0xfff8000000000000
core   0: 0x000000008000436e (0x40b584b3) sub     s1, a1, a1
core   0: 1 0x000000008000436e (0x40b584b3) x9  0x0000000000000000
core   0: 0x0000000080004372 (0x00e8173b) sllw    a4, a6, a4
core   0: 1 0x0000000080004372 (0x00e8173b) x14 0x0000000000000000
core   0: 0x0000000080004376 (0x401b5593) srai    a1, s6, 1
core   0: 1 0x0000000080004376 (0x401b5593) x11 0x0f00000000000000
core   0: 0x000000008000437a (0xa2758953) fle.d   s2, fa1, ft7
core   0: 1 0x000000008000437a (0xa2758953) c1_fflags 0x0000000000000011 x18 0x0000000000000000
core   0: 0x000000008000437e (0x0ff0000f) fence   iorw,iorw
core   0: 1 0x000000008000437e (0x0ff0000f)
core   0: 0x0000000080004382 (0x03f1d193) srli    gp, gp, 63
core   0: 1 0x0000000080004382 (0x03f1d193) x3  0x0000000000000001
core   0: 0x0000000080004386 (0x002168b3) or      a7, sp, sp
core   0: 1 0x0000000080004386 (0x002168b3) x17 0x0000000000000000
core   0: 0x000000008000438a (0x00acf3b7) lui     t2, 0xacf
core   0: 1 0x000000008000438a (0x00acf3b7) x7  0x0000000000acf000
core   0: 0x000000008000438e (0xc20178d3) fcvt.w.d a7, ft2
core   0: 1 0x000000008000438e (0xc20178d3) c1_fflags 0x0000000000000011 x17 0x000000007fffffff
core   0: 0x0000000080004392 (0x00d7173b) sllw    a4, a4, a3
core   0: 1 0x0000000080004392 (0x00d7173b) x14 0x0000000000000000
core   0: 0x0000000080004396 (0x004165b3) or      a1, sp, tp
core   0: 1 0x0000000080004396 (0x004165b3) x11 0x0000000000000610
core   0: 0x000000008000439a (0x0035993b) sllw    s2, a1, gp
core   0: 1 0x000000008000439a (0x0035993b) x18 0x0000000000000c20
core   0: 0x000000008000439e (0x005b72b3) and     t0, s6, t0
core   0: 1 0x000000008000439e (0x005b72b3) x5  0x0000000000000000
core   0: 0x00000000800043a2 (0x12c575cb) fnmsub.d fa1, fa0, fa2, ft2
core   0: 1 0x00000000800043a2 (0x12c575cb) f11 0x7ff8000000000000
core   0: 0x00000000800043a6 (0xa3610e53) fle.d   t3, ft2, fs6
core   0: 1 0x00000000800043a6 (0xa3610e53) c1_fflags 0x0000000000000011 x28 0x0000000000000000
core   0: 0x00000000800043aa (0x00102073) csrrs   zero, fflags, zero
core   0: 1 0x00000000800043aa (0x00102073)
core   0: 0x00000000800043ae (0xd03875d3) fcvt.s.lu fa1, a6
core   0: 1 0x00000000800043ae (0xd03875d3) f11 0xffffffff00000000
core   0: 0x00000000800043b2 (0x0000918a) c.add   gp, sp
core   0: 1 0x00000000800043b2 (0x918a) x3  0x0000000000000001
core   0: 0x00000000800043b4 (0x22f9abd3) fsgnjx.d fs7, fs3, fa5
core   0: 1 0x00000000800043b4 (0x22f9abd3) f23 0x7ff8000000000000
core   0: 0x00000000800043b8 (0x0254003b) mulw    zero, s0, t0
core   0: 1 0x00000000800043b8 (0x0254003b)
core   0: 0x00000000800043bc (0x00009da5) c.addw  a1, s1
core   0: 1 0x00000000800043bc (0x9da5) x11 0x0000000000000610
core   0: 0x00000000800043be (0x2a0f8cd3) fmin.d  fs9, ft11, ft0
core   0: 1 0x00000000800043be (0x2a0f8cd3) f25 0x7ff8000000000000
core   0: 0x00000000800043c2 (0xd239fed3) fcvt.d.lu ft9, s3
core   0: 1 0x00000000800043c2 (0xd239fed3) f29 0x0000000000000000
core   0: 0x00000000800043c6 (0x00202573) csrrs   a0, frm, zero
core   0: 1 0x00000000800043c6 (0x00202573) x10 0x0000000000000000
core   0: 0x00000000800043ca (0x2ac38653) fmin.d  fa2, ft7, fa2
core   0: 1 0x00000000800043ca (0x2ac38653) f12 0x0000000000000000
core   0: 0x00000000800043ce (0x104ff873) csrrci  a6, sie, 31
core   0: 1 0x00000000800043ce (0x104ff873) x16 0x0000000000000000 c772_mie 0x0000000000000a00
core   0: 0x00000000800043d2 (0x2a770953) fmin.d  fs2, fa4, ft7
core   0: 1 0x00000000800043d2 (0x2a770953) f18 0x7ff8000000000000
core   0: 0x00000000800043d6 (0xc22672d3) fcvt.l.d t0, fa2
core   0: 1 0x00000000800043d6 (0xc22672d3) x5  0x0000000000000000
core   0: 0x00000000800043da (0x222700d3) fsgnj.d ft1, fa4, ft2
core   0: 1 0x00000000800043da (0x222700d3) f1  0x7fffffff00000000
core   0: 0x00000000800043de (0x405854bb) sraw    s1, a6, t0
core   0: 1 0x00000000800043de (0x405854bb) x9  0x0000000000000000
core   0: 0x00000000800043e2 (0x001e0e9b) addiw   t4, t3, 1
core   0: 1 0x00000000800043e2 (0x001e0e9b) x29 0x0000000000000001
core   0: 0x00000000800043e6 (0x40147a53) fcvt.s.d fs4, fs0
core   0: 1 0x00000000800043e6 (0x40147a53) f20 0xffffffff7fc00000
core   0: 0x00000000800043ea (0x7ff6061b) addiw   a2, a2, 2047
core   0: 1 0x00000000800043ea (0x7ff6061b) x12 0x00000000000007fe
core   0: 0x00000000800043ee (0x12377153) fmul.d  ft2, fa4, ft3
core   0: 1 0x00000000800043ee (0x12377153) f2  0x7ff8000000000000
core   0: 0x00000000800043f2 (0x01a14d33) xor     s10, sp, s10
core   0: 1 0x00000000800043f2 (0x01a14d33) x26 0x0000000000000000
core   0: 0x00000000800043f6 (0x01a18a3b) addw    s4, gp, s10
core   0: 1 0x00000000800043f6 (0x01a18a3b) x20 0x0000000000000001
core   0: 0x00000000800043fa (0x0086943b) sllw    s0, a3, s0
core   0: 1 0x00000000800043fa (0x0086943b) x8  0x0000000000000000
core   0: 0x00000000800043fe (0x4082d03b) sraw    zero, t0, s0
core   0: 1 0x00000000800043fe (0x4082d03b)
core   0: 0x0000000080004402 (0x0ff0000f) fence   iorw,iorw
core   0: 1 0x0000000080004402 (0x0ff0000f)
core   0: 0x0000000080004406 (0x001020f3) csrrs   ra, fflags, zero
core   0: 1 0x0000000080004406 (0x001020f3) x1  0x0000000000000011
core   0: 0x000000008000440a (0xf20d0b53) fmv.d.x fs6, s10
core   0: 1 0x000000008000440a (0xf20d0b53) f22 0x0000000000000000
core   0: 0x000000008000440e (0x019b573b) srlw    a4, s6, s9
core   0: 1 0x000000008000440e (0x019b573b) x14 0x0000000000000000
core   0: 0x0000000080004412 (0x0ff0000f) fence   iorw,iorw
core   0: 1 0x0000000080004412 (0x0ff0000f)
core   0: 0x0000000080004416 (0x00000001) c.nop
core   0: 1 0x0000000080004416 (0x0001)
core   0: 0x0000000080004418 (0xf2ecb917) auipc   s2, 0xf2ecb
core   0: 1 0x0000000080004418 (0xf2ecb917) x18 0x0000000072ecf418
core   0: 0x000000008000441c (0xd0347053) fcvt.s.lu ft0, s0
core   0: 1 0x000000008000441c (0xd0347053) f0  0xffffffff00000000
core   0: 0x0000000080004420 (0xd2148653) fcvt.d.wu fa2, s1
core   0: 1 0x0000000080004420 (0xd2148653) f12 0x0000000000000000
core   0: 0x0000000080004424 (0x03deaeb3) mulhsu  t4, t4, t4
core   0: 1 0x0000000080004424 (0x03deaeb3) x29 0x0000000000000000
core   0: 0x0000000080004428 (0x42375e93) srai    t4, a4, 35
core   0: 1 0x0000000080004428 (0x42375e93) x29 0x0000000000000000
core   0: 0x000000008000442c (0x0108033b) addw    t1, a6, a6
core   0: 1 0x000000008000442c (0x0108033b) x6  0x0000000000000000
core   0: 0x0000000080004430 (0x010d9a3b) sllw    s4, s11, a6
core   0: 1 0x0000000080004430 (0x010d9a3b) x20 0xffffffffffffffff
core   0: 0x0000000080004434 (0xa29981d3) fle.d   gp, fs3, fs1
core   0: 1 0x0000000080004434 (0xa29981d3) c1_fflags 0x0000000000000011 x3  0x0000000000000000
core   0: 0x0000000080004438 (0x000d1d13) slli    s10, s10, 0
core   0: 1 0x0000000080004438 (0x000d1d13) x26 0x0000000000000000
core   0: 0x000000008000443c (0x03fc9a13) slli    s4, s9, 63
core   0: 1 0x000000008000443c (0x03fc9a13) x20 0x8000000000000000
core   0: 0x0000000080004440 (0x2a4304d3) fmin.d  fs1, ft6, ft4
core   0: 1 0x0000000080004440 (0x2a4304d3) f9  0x7ff8000000000000
core   0: 0x0000000080004444 (0xd21401d3) fcvt.d.wu ft3, s0
core   0: 1 0x0000000080004444 (0xd21401d3) f3  0x0000000000000000
core   0: 0x0000000080004448 (0x0247f4b3) remu    s1, a5, tp
core   0: 1 0x0000000080004448 (0x0247f4b3) x9  0x0000000000000000
core   0: 0x000000008000444c (0x030802b3) mul     t0, a6, a6
core   0: 1 0x000000008000444c (0x030802b3) x5  0x0000000000000000
core   0: 0x0000000080004450 (0xd23a7b53) fcvt.d.lu fs6, s4
core   0: 1 0x0000000080004450 (0xd23a7b53) f22 0x43e0000000000000
core   0: 0x0000000080004454 (0xc231f053) fcvt.lu.d zero, ft3
core   0: 1 0x0000000080004454 (0xc231f053)
core   0: 0x0000000080004458 (0x036aa133) mulhsu  sp, s5, s6
core   0: 1 0x0000000080004458 (0x036aa133) x2  0x0000000000000000
core   0: 0x000000008000445c (0x01a11433) sll     s0, sp, s10
core   0: 1 0x000000008000445c (0x01a11433) x8  0x0000000000000000
core   0: 0x0000000080004460 (0x0011099b) addiw   s3, sp, 1
core   0: 1 0x0000000080004460 (0x0011099b) x19 0x0000000000000001
core   0: 0x0000000080004464 (0xf14a9af3) csrrw   s5, mhartid, s5
core   0: exception trap_illegal_instruction, epc 0x0000000080004464
core   0:           tval 0x00000000f14a9af3
core   0: >>>>  $xrv64i2p1_m2p0_a2p1_f2p2_d2p2_zicsr2p0_zifencei2p0_zmmul1p0_zba1p0_zbb1p0_zbc1p0_zbs1p0
core   0: 0x0000000080004000 (0x0080006f) j       pc + 0x8
core   0: 3 0x0000000080004000 (0x0080006f)
core   0: >>>>  mmode_exception_handler
core   0: 0x0000000080004008 (0x00002c17) auipc   s8, 0x2
core   0: 3 0x0000000080004008 (0x00002c17) x24 0x0000000080006008
core   0: 0x000000008000400c (0x008c0c13) addi    s8, s8, 8
core   0: 3 0x000000008000400c (0x008c0c13) x24 0x0000000080006010
core   0: 0x0000000080004010 (0x000c00e7) jalr    s8
core   0: 3 0x0000000080004010 (0x000c00e7) x1  0x0000000080004014
core   0: >>>>  any_handler
core   0: 0x0000000080006010 (0x341027f3) csrrs   a5, mepc, zero
core   0: 3 0x0000000080006010 (0x341027f3) x15 0x0000000080004464
core   0: 0x0000000080006014 (0x34202773) csrrs   a4, mcause, zero
core   0: 3 0x0000000080006014 (0x34202773) x14 0x0000000000000002
core   0: 0x0000000080006018 (0x142026f3) csrrs   a3, scause, zero
core   0: 3 0x0000000080006018 (0x142026f3) x13 0x0000000000000000
core   0: 0x000000008000601c (0x30402673) csrrs   a2, mie, zero
core   0: 3 0x000000008000601c (0x30402673) x12 0x0000000000000a00
core   0: 0x0000000080006020 (0x344025f3) csrrs   a1, mip, zero
core   0: 3 0x0000000080006020 (0x344025f3) x11 0x0000000000000080
core   0: 0x0000000080006024 (0x343025f3) csrrs   a1, mtval, zero
core   0: 3 0x0000000080006024 (0x343025f3) x11 0x00000000f14a9af3
core   0: 0x0000000080006028 (0x14302573) csrrs   a0, stval, zero
core   0: 3 0x0000000080006028 (0x14302573) x10 0x0000000000000000
core   0: 0x000000008000602c (0xb02024f3) csrrs   s1, minstret, zero
core   0: 3 0x000000008000602c (0xb02024f3) x9  0x000000000000090b
core   0: 0x0000000080006030 (0x0000a811) c.j     pc + 20
core   0: 3 0x0000000080006030 (0xa811)
core   0: >>>>  mepc_4
core   0: 0x0000000080006044 (0x00000791) c.addi  a5, 4
core   0: 3 0x0000000080006044 (0x0791) x15 0x0000000080004468
core   0: 0x0000000080006046 (0x34179073) csrrw   zero, mepc, a5
core   0: 3 0x0000000080006046 (0x34179073) c833_mepc 0x0000000080004468
core   0: 0x000000008000604a (0x30200073) mret
core   0: 3 0x000000008000604a (0x30200073) c768_mstatus 0x8000000a00106080
core   0: 0x0000000080004468 (0x0271543b) divuw   s0, sp, t2
core   0: 1 0x0000000080004468 (0x0271543b) x8  0x0000000000000000
core   0: 0x000000008000446c (0xa3b81c53) flt.d   s8, fa6, fs11
core   0: 1 0x000000008000446c (0xa3b81c53) c1_fflags 0x0000000000000011 x24 0x0000000000000000
core   0: 0x0000000080004470 (0xc022f1d3) fcvt.l.s gp, ft5
core   0: 1 0x0000000080004470 (0xc022f1d3) x3  0x0000000000000000
core   0: 0x0000000080004474 (0x00000001) c.nop
core   0: 1 0x0000000080004474 (0x0001)
core   0: 0x0000000080004476 (0x023bba33) mulhu   s4, s7, gp
core   0: 1 0x0000000080004476 (0x023bba33) x20 0x0000000000000000
core   0: 0x000000008000447a (0x038c25b3) mulhsu  a1, s8, s8
core   0: 1 0x000000008000447a (0x038c25b3) x11 0x0000000000000000
core   0: 0x000000008000447e (0x5a0876d3) fsqrt.d fa3, fa6
core   0: 1 0x000000008000447e (0x5a0876d3) f13 0x0000000000000000
core   0: 0x0000000080004482 (0x40187553) fcvt.s.d fa0, fa6
core   0: 1 0x0000000080004482 (0x40187553) f10 0xffffffff00000000
core   0: 0x0000000080004486 (0xdc334c93) xori    s9, t1, -573
core   0: 1 0x0000000080004486 (0xdc334c93) x25 0xfffffffffffffdc3
core   0: 0x000000008000448a (0x01c224b3) slt     s1, tp, t3
core   0: 1 0x000000008000448a (0x01c224b3) x9  0x0000000000000000
core   0: 0x000000008000448e (0x03632633) mulhsu  a2, t1, s6
core   0: 1 0x000000008000448e (0x03632633) x12 0x0000000000000000
core   0: 0x0000000080004492 (0x420d8653) fcvt.d.s fa2, fs11
core   0: 1 0x0000000080004492 (0x420d8653) f12 0x0000000000000000
core   0: 0x0000000080004496 (0x5a0af353) fsqrt.d ft6, fs5
core   0: 1 0x0000000080004496 (0x5a0af353) f6  0x0000000000000000
core   0: 0x000000008000449a (0xcf048013) addi    zero, s1, -784
core   0: 1 0x000000008000449a (0xcf048013)
core   0: 0x000000008000449e (0x4009d39b) sraiw   t2, s3, 0
core   0: 1 0x000000008000449e (0x4009d39b) x7  0x0000000000000001
core   0: 0x00000000800044a2 (0x018464b3) or      s1, s0, s8
core   0: 1 0x00000000800044a2 (0x018464b3) x9  0x0000000000000000
core   0: 0x00000000800044a6 (0x0004809b) sext.w  ra, s1
core   0: 1 0x00000000800044a6 (0x0004809b) x1  0x0000000000000000
core   0: 0x00000000800044aa (0x9e896a13) ori     s4, s2, -1560
core   0: 1 0x00000000800044aa (0x9e896a13) x20 0xfffffffffffffdf8
core   0: 0x00000000800044ae (0x00111b1b) slliw   s6, sp, 1
core   0: 1 0x00000000800044ae (0x00111b1b) x22 0x0000000000000000
core   0: 0x00000000800044b2 (0x01a4d793) srli    a5, s1, 26
core   0: 1 0x00000000800044b2 (0x01a4d793) x15 0x0000000000000000
core   0: 0x00000000800044b6 (0x2a660fd3) fmin.d  ft11, fa2, ft6
core   0: 1 0x00000000800044b6 (0x2a660fd3) f31 0x0000000000000000
core   0: 0x00000000800044ba (0x00a3fe33) and     t3, t2, a0
core   0: 1 0x00000000800044ba (0x00a3fe33) x28 0x0000000000000000
core   0: 0x00000000800044be (0x4209da93) srai    s5, s3, 32
core   0: 1 0x00000000800044be (0x4209da93) x21 0x0000000000000000
core   0: 0x00000000800044c2 (0xa23b0a53) fle.d   s4, fs6, ft3
core   0: 1 0x00000000800044c2 (0xa23b0a53) x20 0x0000000000000000
core   0: 0x00000000800044c6 (0x420e8ed3) fcvt.d.s ft9, ft9
core   0: 1 0x00000000800044c6 (0x420e8ed3) f29 0x7ff8000000000000
core   0: 0x00000000800044ca (0x03ce27b3) mulhsu  a5, t3, t3
core   0: 1 0x00000000800044ca (0x03ce27b3) x15 0x0000000000000000
core   0: 0x00000000800044ce (0xb82e2773) csrrs   a4, minstreth, t3
core   0: exception trap_illegal_instruction, epc 0x00000000800044ce
core   0:           tval 0x00000000b82e2773
core   0: >>>>  $xrv64i2p1_m2p0_a2p1_f2p2_d2p2_zicsr2p0_zifencei2p0_zmmul1p0_zba1p0_zbb1p0_zbc1p0_zbs1p0
core   0: 0x0000000080004000 (0x0080006f) j       pc + 0x8
core   0: 3 0x0000000080004000 (0x0080006f)
core   0: >>>>  mmode_exception_handler
core   0: 0x0000000080004008 (0x00002c17) auipc   s8, 0x2
core   0: 3 0x0000000080004008 (0x00002c17) x24 0x0000000080006008
core   0: 0x000000008000400c (0x008c0c13) addi    s8, s8, 8
core   0: 3 0x000000008000400c (0x008c0c13) x24 0x0000000080006010
core   0: 0x0000000080004010 (0x000c00e7) jalr    s8
core   0: 3 0x0000000080004010 (0x000c00e7) x1  0x0000000080004014
core   0: >>>>  any_handler
core   0: 0x0000000080006010 (0x341027f3) csrrs   a5, mepc, zero
core   0: 3 0x0000000080006010 (0x341027f3) x15 0x00000000800044ce
core   0: 0x0000000080006014 (0x34202773) csrrs   a4, mcause, zero
core   0: 3 0x0000000080006014 (0x34202773) x14 0x0000000000000002
core   0: 0x0000000080006018 (0x142026f3) csrrs   a3, scause, zero
core   0: 3 0x0000000080006018 (0x142026f3) x13 0x0000000000000000
core   0: 0x000000008000601c (0x30402673) csrrs   a2, mie, zero
core   0: 3 0x000000008000601c (0x30402673) x12 0x0000000000000a00
core   0: 0x0000000080006020 (0x344025f3) csrrs   a1, mip, zero
core   0: 3 0x0000000080006020 (0x344025f3) x11 0x0000000000000080
core   0: 0x0000000080006024 (0x343025f3) csrrs   a1, mtval, zero
core   0: 3 0x0000000080006024 (0x343025f3) x11 0x00000000b82e2773
core   0: 0x0000000080006028 (0x14302573) csrrs   a0, stval, zero
core   0: 3 0x0000000080006028 (0x14302573) x10 0x0000000000000000
core   0: 0x000000008000602c (0xb02024f3) csrrs   s1, minstret, zero
core   0: 3 0x000000008000602c (0xb02024f3) x9  0x0000000000000935
core   0: 0x0000000080006030 (0x0000a811) c.j     pc + 20
core   0: 3 0x0000000080006030 (0xa811)
core   0: >>>>  mepc_4
core   0: 0x0000000080006044 (0x00000791) c.addi  a5, 4
core   0: 3 0x0000000080006044 (0x0791) x15 0x00000000800044d2
core   0: 0x0000000080006046 (0x34179073) csrrw   zero, mepc, a5
core   0: 3 0x0000000080006046 (0x34179073) c833_mepc 0x00000000800044d2
core   0: 0x000000008000604a (0x30200073) mret
core   0: 3 0x000000008000604a (0x30200073) c768_mstatus 0x8000000a00106080
core   0: 0x00000000800044d2 (0x0093561b) srliw   a2, t1, 9
core   0: 1 0x00000000800044d2 (0x0093561b) x12 0x0000000000000000
core   0: 0x00000000800044d6 (0xfa26bb37) lui     s6, 0xfa26b
core   0: 1 0x00000000800044d6 (0xfa26bb37) x22 0xfffffffffa26b000
core   0: 0x00000000800044da (0xe87b0b1b) addiw   s6, s6, -377
core   0: 1 0x00000000800044da (0xe87b0b1b) x22 0xfffffffffa26ae87
core   0: 0x00000000800044de (0x00000b32) c.slli  s6, 12
core   0: 1 0x00000000800044de (0x0b32) x22 0xffffffa26ae87000
core   0: 0x00000000800044e0 (0xb1bb0b13) addi    s6, s6, -1253
core   0: 1 0x00000000800044e0 (0xb1bb0b13) x22 0xffffffa26ae86b1b
core   0: 0x00000000800044e4 (0x024e48bb) divw    a7, t3, tp
core   0: 1 0x00000000800044e4 (0x024e48bb) x17 0x0000000000000000
core   0: 0x00000000800044e8 (0x021c6d33) rem     s10, s8, ra
core   0: 1 0x00000000800044e8 (0x021c6d33) x26 0x0000000000001ffc
core   0: 0x00000000800044ec (0x2adb83d3) fmin.d  ft7, fs7, fa3
core   0: 1 0x00000000800044ec (0x2adb83d3) f7  0x0000000000000000
core   0: 0x00000000800044f0 (0x019b981b) slliw   a6, s7, 25
core   0: 1 0x00000000800044f0 (0x019b981b) x16 0x0000000000000000
core   0: 0x00000000800044f4 (0xc203f153) fcvt.w.d sp, ft7
core   0: 1 0x00000000800044f4 (0xc203f153) x2  0x0000000000000000
core   0: 0x00000000800044f8 (0x012ede9b) srliw   t4, t4, 18
core   0: 1 0x00000000800044f8 (0x012ede9b) x29 0x0000000000000000
core   0: 0x00000000800044fc (0x7e312d97) auipc   s11, 0x7e312
core   0: 1 0x00000000800044fc (0x7e312d97) x27 0x00000000fe3164fc
core   0: 0x0000000080004500 (0x417ddd3b) sraw    s10, s11, s7
core   0: 1 0x0000000080004500 (0x417ddd3b) x26 0xfffffffffe3164fc
core   0: 0x0000000080004504 (0x020cfa53) fadd.d  fs4, fs9, ft0
core   0: 1 0x0000000080004504 (0x020cfa53) f20 0x7ff8000000000000
core   0: 0x0000000080004508 (0x00802433) slt     s0, zero, s0
core   0: 1 0x0000000080004508 (0x00802433) x8  0x0000000000000000
core   0: 0x000000008000450c (0xf20100d3) fmv.d.x ft1, sp
core   0: 1 0x000000008000450c (0xf20100d3) f1  0x0000000000000000
core   0: 0x0000000080004510 (0xa345a853) feq.d   a6, fa1, fs4
core   0: 1 0x0000000080004510 (0xa345a853) x16 0x0000000000000000
core   0: 0x0000000080004514 (0xc20c7dd3) fcvt.w.d s11, fs8
core   0: 1 0x0000000080004514 (0xc20c7dd3) c1_fflags 0x0000000000000011 x27 0x000000007fffffff
core   0: 0x0000000080004518 (0xd03df8d3) fcvt.s.lu fa7, s11
core   0: 1 0x0000000080004518 (0xd03df8d3) c1_fflags 0x0000000000000011 f17 0xffffffff4f000000
core   0: 0x000000008000451c (0x0344f433) remu    s0, s1, s4
core   0: 1 0x000000008000451c (0x0344f433) x8  0x0000000000000935
core   0: 0x0000000080004520 (0x00915c13) srli    s8, sp, 9
core   0: 1 0x0000000080004520 (0x00915c13) x24 0x0000000000000000
core   0: 0x0000000080004524 (0x420e07d3) fcvt.d.s fa5, ft8
core   0: 1 0x0000000080004524 (0x420e07d3) f15 0x7ff8000000000000
core   0: 0x0000000080004528 (0x2ae68753) fmin.d  fa4, fa3, fa4
core   0: 1 0x0000000080004528 (0x2ae68753) f14 0x0000000000000000
core   0: 0x000000008000452c (0x00019993) slli    s3, gp, 0
core   0: 1 0x000000008000452c (0x00019993) x19 0x0000000000000000
core   0: 0x0000000080004530 (0xb33af9c7) fmsub.d fs3, fs5, fs3, fs6
core   0: 1 0x0000000080004530 (0xb33af9c7) f19 0x7ff8000000000000
core   0: 0x0000000080004534 (0x03099833) mulh    a6, s3, a6
core   0: 1 0x0000000080004534 (0x03099833) x16 0x0000000000000000
core   0: 0x0000000080004538 (0x00102e73) csrrs   t3, fflags, zero
core   0: 1 0x0000000080004538 (0x00102e73) x28 0x0000000000000011
core   0: 0x000000008000453c (0x02846d33) rem     s10, s0, s0
core   0: 1 0x000000008000453c (0x02846d33) x26 0x0000000000000000
core   0: 0x0000000080004540 (0x4c0d4a13) xori    s4, s10, 1216
core   0: 1 0x0000000080004540 (0x4c0d4a13) x20 0x00000000000004c0
core   0: 0x0000000080004544 (0x417bd7bb) sraw    a5, s7, s7
core   0: 1 0x0000000080004544 (0x417bd7bb) x15 0xffffffffffff0000
core   0: 0x0000000080004548 (0x43f9d113) srai    sp, s3, 63
core   0: 1 0x0000000080004548 (0x43f9d113) x2  0x0000000000000000
core   0: 0x000000008000454c (0x03de9ab3) mulh    s5, t4, t4
core   0: 1 0x000000008000454c (0x03de9ab3) x21 0x0000000000000000
core   0: 0x0000000080004550 (0x0158181b) slliw   a6, a6, 21
core   0: 1 0x0000000080004550 (0x0158181b) x16 0x0000000000000000
core   0: 0x0000000080004554 (0x47e76d37) lui     s10, 0x47e76
core   0: 1 0x0000000080004554 (0x47e76d37) x26 0x0000000047e76000
core   0: 0x0000000080004558 (0x00241e13) slli    t3, s0, 2
core   0: 1 0x0000000080004558 (0x00241e13) x28 0x00000000000024d4
core   0: 0x000000008000455c (0x4001539b) sraiw   t2, sp, 0
core   0: 1 0x000000008000455c (0x4001539b) x7  0x0000000000000000
core   0: 0x0000000080004560 (0x2b368153) fmin.d  ft2, fa3, fs3
core   0: 1 0x0000000080004560 (0x2b368153) f2  0x0000000000000000
core   0: 0x0000000080004564 (0x02f5d63b) divuw   a2, a1, a5
core   0: 1 0x0000000080004564 (0x02f5d63b) x12 0x0000000000000000
core   0: 0x0000000080004568 (0x034625b3) mulhsu  a1, a2, s4
core   0: 1 0x0000000080004568 (0x034625b3) x11 0x0000000000000000
core   0: 0x000000008000456c (0x00202b73) csrrs   s6, frm, zero
core   0: 1 0x000000008000456c (0x00202b73) x22 0x0000000000000000
core   0: 0x0000000080004570 (0x01bb131b) slliw   t1, s6, 27
core   0: 1 0x0000000080004570 (0x01bb131b) x6  0x0000000000000000
core   0: 0x0000000080004574 (0x00780437) lui     s0, 0x780
core   0: 1 0x0000000080004574 (0x00780437) x8  0x0000000000780000
core   0: 0x0000000080004578 (0xf0d4041b) addiw   s0, s0, -243
core   0: 1 0x0000000080004578 (0xf0d4041b) x8  0x000000000077ff0d
core   0: 0x000000008000457c (0x00000436) c.slli  s0, 13
core   0: 1 0x000000008000457c (0x0436) x8  0x0000000effe1a000
core   0: 0x000000008000457e (0xd9540413) addi    s0, s0, -619
core   0: 1 0x000000008000457e (0xd9540413) x8  0x0000000effe19d95
core   0: 0x0000000080004582 (0x29430113) addi    sp, t1, 660
core   0: 1 0x0000000080004582 (0x29430113) x2  0x0000000000000294
core   0: 0x0000000080004586 (0x43d9839b) addiw   t2, s3, 1085
core   0: 1 0x0000000080004586 (0x43d9839b) x7  0x000000000000043d
core   0: 0x000000008000458a (0x02814b3b) divw    s6, sp, s0
core   0: 1 0x000000008000458a (0x02814b3b) x22 0x0000000000000000
core   0: 0x000000008000458e (0x31ab15f3) csrrw   a1, menvcfgh, s6
core   0: exception trap_illegal_instruction, epc 0x000000008000458e
core   0:           tval 0x0000000031ab15f3
core   0: >>>>  $xrv64i2p1_m2p0_a2p1_f2p2_d2p2_zicsr2p0_zifencei2p0_zmmul1p0_zba1p0_zbb1p0_zbc1p0_zbs1p0
core   0: 0x0000000080004000 (0x0080006f) j       pc + 0x8
core   0: 3 0x0000000080004000 (0x0080006f)
core   0: >>>>  mmode_exception_handler
core   0: 0x0000000080004008 (0x00002c17) auipc   s8, 0x2
core   0: 3 0x0000000080004008 (0x00002c17) x24 0x0000000080006008
core   0: 0x000000008000400c (0x008c0c13) addi    s8, s8, 8
core   0: 3 0x000000008000400c (0x008c0c13) x24 0x0000000080006010
core   0: 0x0000000080004010 (0x000c00e7) jalr    s8
core   0: 3 0x0000000080004010 (0x000c00e7) x1  0x0000000080004014
core   0: >>>>  any_handler
core   0: 0x0000000080006010 (0x341027f3) csrrs   a5, mepc, zero
core   0: 3 0x0000000080006010 (0x341027f3) x15 0x000000008000458e
core   0: 0x0000000080006014 (0x34202773) csrrs   a4, mcause, zero
core   0: 3 0x0000000080006014 (0x34202773) x14 0x0000000000000002
core   0: 0x0000000080006018 (0x142026f3) csrrs   a3, scause, zero
core   0: 3 0x0000000080006018 (0x142026f3) x13 0x0000000000000000
core   0: 0x000000008000601c (0x30402673) csrrs   a2, mie, zero
core   0: 3 0x000000008000601c (0x30402673) x12 0x0000000000000a00
core   0: 0x0000000080006020 (0x344025f3) csrrs   a1, mip, zero
core   0: 3 0x0000000080006020 (0x344025f3) x11 0x0000000000000080
core   0: 0x0000000080006024 (0x343025f3) csrrs   a1, mtval, zero
core   0: 3 0x0000000080006024 (0x343025f3) x11 0x0000000031ab15f3
core   0: 0x0000000080006028 (0x14302573) csrrs   a0, stval, zero
core   0: 3 0x0000000080006028 (0x14302573) x10 0x0000000000000000
core   0: 0x000000008000602c (0xb02024f3) csrrs   s1, minstret, zero
core   0: 3 0x000000008000602c (0xb02024f3) x9  0x0000000000000975
core   0: 0x0000000080006030 (0x0000a811) c.j     pc + 20
core   0: 3 0x0000000080006030 (0xa811)
core   0: >>>>  mepc_4
core   0: 0x0000000080006044 (0x00000791) c.addi  a5, 4
core   0: 3 0x0000000080006044 (0x0791) x15 0x0000000080004592
core   0: 0x0000000080006046 (0x34179073) csrrw   zero, mepc, a5
core   0: 3 0x0000000080006046 (0x34179073) c833_mepc 0x0000000080004592
core   0: 0x000000008000604a (0x30200073) mret
core   0: 3 0x000000008000604a (0x30200073) c768_mstatus 0x8000000a00106080
core   0: 0x0000000080004592 (0x7cf16417) auipc   s0, 0x7cf16
core   0: 1 0x0000000080004592 (0x7cf16417) x8  0x00000000fcf1a592
core   0: 0x0000000080004596 (0x03ab753b) remuw   a0, s6, s10
core   0: 1 0x0000000080004596 (0x03ab753b) x10 0x0000000000000000
core   0: 0x000000008000459a (0x75b87813) andi    a6, a6, 1883
core   0: 1 0x000000008000459a (0x75b87813) x16 0x0000000000000000
core   0: 0x000000008000459e (0x42eadd13) srai    s10, s5, 46
core   0: 1 0x000000008000459e (0x42eadd13) x26 0x0000000000000000
core   0: 0x00000000800045a2 (0x2b009ed3) fmax.d  ft9, ft1, fa6
core   0: 1 0x00000000800045a2 (0x2b009ed3) f29 0x0000000000000000
core   0: 0x00000000800045a6 (0x88940c13) addi    s8, s0, -1911
core   0: 1 0x00000000800045a6 (0x88940c13) x24 0x00000000fcf19e1b
core   0: 0x00000000800045aa (0x0bdffad3) fsub.d  fs5, ft11, ft9
core   0: 1 0x00000000800045aa (0x0bdffad3) f21 0x0000000000000000
core   0: 0x00000000800045ae (0x002022f3) csrrs   t0, frm, zero
core   0: 1 0x00000000800045ae (0x002022f3) x5  0x0000000000000000
core   0: 0x00000000800045b2 (0xc200f0d3) fcvt.w.d ra, ft1
core   0: 1 0x00000000800045b2 (0xc200f0d3) x1  0x0000000000000000
core   0: 0x00000000800045b6 (0xc03ef9d3) fcvt.lu.s s3, ft9
core   0: 1 0x00000000800045b6 (0xc03ef9d3) c1_fflags 0x0000000000000011 x19 0xffffffffffffffff
core   0: 0x00000000800045ba (0x8289829b) addiw   t0, s3, -2008
core   0: 1 0x00000000800045ba (0x8289829b) x5  0xfffffffffffff827
core   0: 0x00000000800045be (0x0210e0bb) remw    ra, ra, ra
core   0: 1 0x00000000800045be (0x0210e0bb) x1  0x0000000000000000
core   0: 0x00000000800045c2 (0x01d796bb) sllw    a3, a5, t4
core   0: 1 0x00000000800045c2 (0x01d796bb) x13 0xffffffff80004592
core   0: 0x00000000800045c6 (0xd030f4d3) fcvt.s.lu fs1, ra
core   0: 1 0x00000000800045c6 (0xd030f4d3) f9  0xffffffff00000000
core   0: 0x00000000800045ca (0x0248ec3b) remw    s8, a7, tp
core   0: 1 0x00000000800045ca (0x0248ec3b) x24 0x0000000000000000
core   0: 0x00000000800045ce (0x002355bb) srlw    a1, t1, sp
core   0: 1 0x00000000800045ce (0x002355bb) x11 0x0000000000000000
core   0: 0x00000000800045d2 (0x40147e53) fcvt.s.d ft8, fs0
core   0: 1 0x00000000800045d2 (0x40147e53) f28 0xffffffff7fc00000
core   0: 0x00000000800045d6 (0x10561af3) csrrw   s5, stvec, a2
core   0: 1 0x00000000800045d6 (0x10561af3) x21 0x0000000000000000 c261_stvec 0x0000000000000a00
core   0: 0x00000000800045da (0x0242dd13) srli    s10, t0, 36
core   0: 1 0x00000000800045da (0x0242dd13) x26 0x000000000fffffff
core   0: 0x00000000800045de (0x0293b4b3) mulhu   s1, t2, s1
core   0: 1 0x00000000800045de (0x0293b4b3) x9  0x0000000000000000
core   0: 0x00000000800045e2 (0x02959db3) mulh    s11, a1, s1
core   0: 1 0x00000000800045e2 (0x02959db3) x27 0x0000000000000000
core   0: 0x00000000800045e6 (0x40f5d013) srai    zero, a1, 15
core   0: 1 0x00000000800045e6 (0x40f5d013)
core   0: 0x00000000800045ea (0x00a9a9b3) slt     s3, s3, a0
core   0: 1 0x00000000800045ea (0x00a9a9b3) x19 0x0000000000000001
core   0: 0x00000000800045ee (0x00aa00bb) addw    ra, s4, a0
core   0: 1 0x00000000800045ee (0x00aa00bb) x1  0x00000000000004c0
core   0: 0x00000000800045f2 (0x02fb0b33) mul     s6, s6, a5
core   0: 1 0x00000000800045f2 (0x02fb0b33) x22 0x0000000000000000
core   0: 0x00000000800045f6 (0x23849bd3) fsgnjn.d fs7, fs1, fs8
core   0: 1 0x00000000800045f6 (0x23849bd3) f23 0xffffffff00000000
core   0: 0x00000000800045fa (0x22388bd3) fsgnj.d fs7, fa7, ft3
core   0: 1 0x00000000800045fa (0x22388bd3) f23 0x7fffffff4f000000
core   0: 0x00000000800045fe (0xd02a70d3) fcvt.s.l ft1, s4
core   0: 1 0x00000000800045fe (0xd02a70d3) f1  0xffffffff44980000
core   0: 0x0000000080004602 (0xc21675d3) fcvt.wu.d a1, fa2
core   0: 1 0x0000000080004602 (0xc21675d3) x11 0x0000000000000000
core   0: 0x0000000080004606 (0x400d5193) srai    gp, s10, 0
core   0: 1 0x0000000080004606 (0x400d5193) x3  0x000000000fffffff
core   0: 0x000000008000460a (0x0031f133) and     sp, gp, gp
core   0: 1 0x000000008000460a (0x0031f133) x2  0x000000000fffffff
core   0: 0x000000008000460e (0x02aa4ab3) div     s5, s4, a0
core   0: 1 0x000000008000460e (0x02aa4ab3) x21 0xffffffffffffffff
core   0: 0x0000000080004612 (0x41fc579b) sraiw   a5, s8, 31
core   0: 1 0x0000000080004612 (0x41fc579b) x15 0x0000000000000000
core   0: 0x0000000080004616 (0x01da9813) slli    a6, s5, 29
core   0: 1 0x0000000080004616 (0x01da9813) x16 0xffffffffe0000000
core   0: 0x000000008000461a (0x015e5bbb) srlw    s7, t3, s5
core   0: 1 0x000000008000461a (0x015e5bbb) x23 0x0000000000000000
core   0: 0x000000008000461e (0x020ec033) div     zero, t4, zero
core   0: 1 0x000000008000461e (0x020ec033)
core   0: 0x0000000080004622 (0x001bcb93) xori    s7, s7, 1
core   0: 1 0x0000000080004622 (0x001bcb93) x23 0x0000000000000001
core   0: 0x0000000080004626 (0x00000001) c.nop
core   0: 1 0x0000000080004626 (0x0001)
core   0: 0x0000000080004628 (0x0a31f7d3) fsub.d  fa5, ft3, ft3
core   0: 1 0x0000000080004628 (0x0a31f7d3) f15 0x0000000000000000
core   0: 0x000000008000462c (0x00005013) srli    zero, zero, 0
core   0: 1 0x000000008000462c (0x00005013)
core   0: 0x0000000080004630 (0xd030f6d3) fcvt.s.lu fa3, ra
core   0: 1 0x0000000080004630 (0xd030f6d3) f13 0xffffffff44980000
core   0: 0x0000000080004634 (0x0189ec33) or      s8, s3, s8
core   0: 1 0x0000000080004634 (0x0189ec33) x24 0x0000000000000001
core   0: 0x0000000080004638 (0x00fa6a33) or      s4, s4, a5
core   0: 1 0x0000000080004638 (0x00fa6a33) x20 0x00000000000004c0
core   0: 0x000000008000463c (0x238b1bd3) fsgnjn.d fs7, fs6, fs8
core   0: 1 0x000000008000463c (0x238b1bd3) f23 0xc3e0000000000000
core   0: 0x0000000080004640 (0x40f6dd3b) sraw    s10, a3, a5
core   0: 1 0x0000000080004640 (0x40f6dd3b) x26 0xffffffff80004592
core   0: 0x0000000080004644 (0x12bbf7c3) fmadd.d fa5, fs7, fa1, ft2
core   0: 1 0x0000000080004644 (0x12bbf7c3) f15 0x7ff8000000000000
core   0: 0x0000000080004648 (0x0171dbb3) srl     s7, gp, s7
core   0: 1 0x0000000080004648 (0x0171dbb3) x23 0x0000000007ffffff
core   0: 0x000000008000464c (0x10653073) csrrc   zero, scounteren, a0
core   0: 1 0x000000008000464c (0x10653073) c262_scounteren 0x0000000000000000
core   0: 0x0000000080004650 (0xc02ef5d3) fcvt.l.s a1, ft9
core   0: 1 0x0000000080004650 (0xc02ef5d3) c1_fflags 0x0000000000000011 x11 0x7fffffffffffffff
core   0: 0x0000000080004654 (0x00b4deb3) srl     t4, s1, a1
core   0: 1 0x0000000080004654 (0x00b4deb3) x29 0x0000000000000000
core   0: 0x0000000080004658 (0x22631053) fsgnjn.d ft0, ft6, ft6
core   0: 1 0x0000000080004658 (0x22631053) f0  0x8000000000000000
core   0: 0x000000008000465c (0x000a5b13) srli    s6, s4, 0
core   0: 1 0x000000008000465c (0x000a5b13) x22 0x00000000000004c0
core   0: 0x0000000080004660 (0x03f0d093) srli    ra, ra, 63
core   0: 1 0x0000000080004660 (0x03f0d093) x1  0x0000000000000000
core   0: 0x0000000080004664 (0x42020253) fcvt.d.s ft4, ft4
core   0: 1 0x0000000080004664 (0x42020253) f4  0x0000000000000000
core   0: 0x0000000080004668 (0x00065d93) srli    s11, a2, 0
core   0: 1 0x0000000080004668 (0x00065d93) x27 0x0000000000000a00
core   0: 0x000000008000466c (0x006b1b33) sll     s6, s6, t1
core   0: 1 0x000000008000466c (0x006b1b33) x22 0x00000000000004c0
core   0: 0x0000000080004670 (0xc2007e53) fcvt.w.d t3, ft0
core   0: 1 0x0000000080004670 (0xc2007e53) x28 0x0000000000000000
core   0: 0x0000000080004674 (0x414a8d3b) subw    s10, s5, s4
core   0: 1 0x0000000080004674 (0x414a8d3b) x26 0xfffffffffffffb3f
core   0: 0x0000000080004678 (0x00000001) c.nop
core   0: 1 0x0000000080004678 (0x0001)
core   0: 0x000000008000467a (0x40155a9b) sraiw   s5, a0, 1
core   0: 1 0x000000008000467a (0x40155a9b) x21 0x0000000000000000
core   0: 0x000000008000467e (0x406cd5b3) sra     a1, s9, t1
core   0: 1 0x000000008000467e (0x406cd5b3) x11 0xfffffffffffffdc3
core   0: 0x0000000080004682 (0x0370fbb3) remu    s7, ra, s7
core   0: 1 0x0000000080004682 (0x0370fbb3) x23 0x0000000000000000
core   0: 0x0000000080004686 (0x004a9ab3) sll     s5, s5, tp
core   0: 1 0x0000000080004686 (0x004a9ab3) x21 0x0000000000000000
core   0: 0x000000008000468a (0xc218f253) fcvt.wu.d tp, fa7
core   0: 1 0x000000008000468a (0xc218f253) c1_fflags 0x0000000000000011 x4  0xffffffffffffffff
core   0: 0x000000008000468e (0x0354b9b3) mulhu   s3, s1, s5
core   0: 1 0x000000008000468e (0x0354b9b3) x19 0x0000000000000000
core   0: 0x0000000080004692 (0x0301553b) divuw   a0, sp, a6
core   0: 1 0x0000000080004692 (0x0301553b) x10 0x0000000000000000
core   0: 0x0000000080004696 (0xc0227053) fcvt.l.s zero, ft4
core   0: 1 0x0000000080004696 (0xc0227053) c1_fflags 0x0000000000000011
core   0: 0x000000008000469a (0x422cd993) srai    s3, s9, 34
core   0: 1 0x000000008000469a (0x422cd993) x19 0xffffffffffffffff
core   0: 0x000000008000469e (0x23182853) fsgnjx.d fa6, fa6, fa7
core   0: 1 0x000000008000469e (0x23182853) f16 0x8000000000000000
core   0: 0x00000000800046a2 (0x00000001) c.nop
core   0: 1 0x00000000800046a2 (0x0001)
core   0: 0x00000000800046a4 (0x00845eb3) srl     t4, s0, s0
core   0: 1 0x00000000800046a4 (0x00845eb3) x29 0x0000000000003f3c
core   0: 0x00000000800046a8 (0xe20c0053) fmv.x.d zero, fs8
core   0: 1 0x00000000800046a8 (0xe20c0053)
core   0: 0x00000000800046ac (0xa2a00cd3) fle.d   s9, ft0, fa0
core   0: 1 0x00000000800046ac (0xa2a00cd3) c1_fflags 0x0000000000000011 x25 0x0000000000000000
core   0: 0x00000000800046b0 (0x40d352b3) sra     t0, t1, a3
core   0: 1 0x00000000800046b0 (0x40d352b3) x5  0x0000000000000000
core   0: 0x00000000800046b4 (0x00a2a0b3) slt     ra, t0, a0
core   0: 1 0x00000000800046b4 (0x00a2a0b3) x1  0x0000000000000000
core   0: 0x00000000800046b8 (0x00000001) c.nop
core   0: 1 0x00000000800046b8 (0x0001)
core   0: 0x00000000800046ba (0x00202873) csrrs   a6, frm, zero
core   0: 1 0x00000000800046ba (0x00202873) x16 0x0000000000000000
core   0: 0x00000000800046be (0xd21309d3) fcvt.d.wu fs3, t1
core   0: 1 0x00000000800046be (0xd21309d3) f19 0x0000000000000000
core   0: 0x00000000800046c2 (0x41c38e3b) subw    t3, t2, t3
core   0: 1 0x00000000800046c2 (0x41c38e3b) x28 0x000000000000043d
core   0: 0x00000000800046c6 (0x030e023b) mulw    tp, t3, a6
core   0: 1 0x00000000800046c6 (0x030e023b) x4  0x0000000000000000
core   0: 0x00000000800046ca (0x000010fe) c.slli  ra, 63
core   0: 1 0x00000000800046ca (0x10fe) x1  0x0000000000000000
core   0: 0x00000000800046cc (0x40115e9b) sraiw   t4, sp, 1
core   0: 1 0x00000000800046cc (0x40115e9b) x29 0x0000000007ffffff
core   0: 0x00000000800046d0 (0x7a1e1d17) auipc   s10, 0x7a1e1
core   0: 1 0x00000000800046d0 (0x7a1e1d17) x26 0x00000000fa1e56d0
core   0: 0x00000000800046d4 (0x1349f3d3) fmul.d  ft7, fs3, fs4
core   0: 1 0x00000000800046d4 (0x1349f3d3) f7  0x7ff8000000000000
core   0: 0x00000000800046d8 (0x038ed9b3) divu    s3, t4, s8
core   0: 1 0x00000000800046d8 (0x038ed9b3) x19 0x0000000007ffffff
core   0: 0x00000000800046dc (0x029d6d33) rem     s10, s10, s1
core   0: 1 0x00000000800046dc (0x029d6d33) x26 0x00000000fa1e56d0
core   0: 0x00000000800046e0 (0x02e5ec3b) remw    s8, a1, a4
core   0: 1 0x00000000800046e0 (0x02e5ec3b) x24 0xffffffffffffffff
core   0: 0x00000000800046e4 (0x00002281) c.addiw t0, 0
core   0: 1 0x00000000800046e4 (0x2281) x5  0x0000000000000000
core   0: 0x00000000800046e6 (0x037399b3) mulh    s3, t2, s7
core   0: 1 0x00000000800046e6 (0x037399b3) x19 0x0000000000000000
core   0: 0x00000000800046ea (0x002d9573) csrrw   a0, frm, s11
core   0: 1 0x00000000800046ea (0x002d9573) x10 0x0000000000000000 c2_frm 0x0000000000000000
core   0: 0x00000000800046ee (0x00a181bb) addw    gp, gp, a0
core   0: 1 0x00000000800046ee (0x00a181bb) x3  0x000000000fffffff
core   0: 0x00000000800046f2 (0x02f1a0b3) mulhsu  ra, gp, a5
core   0: 1 0x00000000800046f2 (0x02f1a0b3) x1  0x0000000000000000
core   0: 0x00000000800046f6 (0x01c09033) sll     zero, ra, t3
core   0: 1 0x00000000800046f6 (0x01c09033)
core   0: 0x00000000800046fa (0x01d8141b) slliw   s0, a6, 29
core   0: 1 0x00000000800046fa (0x01d8141b) x8  0x0000000000000000
core   0: 0x00000000800046fe (0x1dbc0c1b) addiw   s8, s8, 475
core   0: 1 0x00000000800046fe (0x1dbc0c1b) x24 0x00000000000001da
core   0: 0x0000000080004702 (0x021ad0bb) divuw   ra, s5, ra
core   0: 1 0x0000000080004702 (0x021ad0bb) x1  0xffffffffffffffff
core   0: 0x0000000080004706 (0x0014a2b3) slt     t0, s1, ra
core   0: 1 0x0000000080004706 (0x0014a2b3) x5  0x0000000000000000
core   0: 0x000000008000470a (0xd234fc53) fcvt.d.lu fs8, s1
core   0: 1 0x000000008000470a (0xd234fc53) f24 0x0000000000000000
core   0: 0x000000008000470e (0x0ff0000f) fence   iorw,iorw
core   0: 1 0x000000008000470e (0x0ff0000f)
core   0: 0x0000000080004712 (0x1040d473) csrrwi  s0, sie, 1
core   0: 1 0x0000000080004712 (0x1040d473) x8  0x0000000000000000 c772_mie 0x0000000000000a00
core   0: 0x0000000080004716 (0xc21f7d53) fcvt.wu.d s10, ft10
core   0: 1 0x0000000080004716 (0xc21f7d53) c1_fflags 0x0000000000000011 x26 0xffffffffffffffff
core   0: 0x000000008000471a (0x025326b3) mulhsu  a3, t1, t0
core   0: 1 0x000000008000471a (0x025326b3) x13 0x0000000000000000
core   0: 0x000000008000471e (0x43f05193) srai    gp, zero, 63
core   0: 1 0x000000008000471e (0x43f05193) x3  0x0000000000000000
core   0: 0x0000000080004722 (0x00000001) c.nop
core   0: 1 0x0000000080004722 (0x0001)
core   0: 0x0000000080004724 (0xc20c70d3) fcvt.w.d ra, fs8
core   0: 1 0x0000000080004724 (0xc20c70d3) x1  0x0000000000000000
core   0: 0x0000000080004728 (0x02c0f133) remu    sp, ra, a2
core   0: 1 0x0000000080004728 (0x02c0f133) x2  0x0000000000000000
core   0: 0x000000008000472c (0x4205db93) srai    s7, a1, 32
core   0: 1 0x000000008000472c (0x4205db93) x23 0xffffffffffffffff
core   0: 0x0000000080004730 (0x037bdc33) divu    s8, s7, s7
core   0: 1 0x0000000080004730 (0x037bdc33) x24 0x0000000000000001
core   0: 0x0000000080004734 (0x8001011b) addiw   sp, sp, -2048
core   0: 1 0x0000000080004734 (0x8001011b) x2  0xfffffffffffff800
core   0: 0x0000000080004738 (0x01156733) or      a4, a0, a7
core   0: 1 0x0000000080004738 (0x01156733) x14 0x0000000000000000
core   0: 0x000000008000473c (0xbb32f9cb) fnmsub.d fs3, ft5, fs3, fs7
core   0: 1 0x000000008000473c (0xbb32f9cb) f19 0x7ff8000000000000
core   0: 0x0000000080004740 (0x01075d33) srl     s10, a4, a6
core   0: 1 0x0000000080004740 (0x01075d33) x26 0x0000000000000000
core   0: 0x0000000080004744 (0xc022f553) fcvt.l.s a0, ft5
core   0: 1 0x0000000080004744 (0xc022f553) x10 0x0000000000000000
core   0: 0x0000000080004748 (0x00451313) slli    t1, a0, 4
core   0: 1 0x0000000080004748 (0x00451313) x6  0x0000000000000000
core   0: 0x000000008000474c (0xc017a473) csrrs   s0, time, a5
core   0: exception trap_illegal_instruction, epc 0x000000008000474c
core   0:           tval 0x00000000c017a473
core   0: >>>>  $xrv64i2p1_m2p0_a2p1_f2p2_d2p2_zicsr2p0_zifencei2p0_zmmul1p0_zba1p0_zbb1p0_zbc1p0_zbs1p0
core   0: 0x0000000080004000 (0x0080006f) j       pc + 0x8
core   0: 3 0x0000000080004000 (0x0080006f)
core   0: >>>>  mmode_exception_handler
core   0: 0x0000000080004008 (0x00002c17) auipc   s8, 0x2
core   0: 3 0x0000000080004008 (0x00002c17) x24 0x0000000080006008
core   0: 0x000000008000400c (0x008c0c13) addi    s8, s8, 8
core   0: 3 0x000000008000400c (0x008c0c13) x24 0x0000000080006010
core   0: 0x0000000080004010 (0x000c00e7) jalr    s8
core   0: 3 0x0000000080004010 (0x000c00e7) x1  0x0000000080004014
core   0: >>>>  any_handler
core   0: 0x0000000080006010 (0x341027f3) csrrs   a5, mepc, zero
core   0: 3 0x0000000080006010 (0x341027f3) x15 0x000000008000474c
core   0: 0x0000000080006014 (0x34202773) csrrs   a4, mcause, zero
core   0: 3 0x0000000080006014 (0x34202773) x14 0x0000000000000002
core   0: 0x0000000080006018 (0x142026f3) csrrs   a3, scause, zero
core   0: 3 0x0000000080006018 (0x142026f3) x13 0x0000000000000000
core   0: 0x000000008000601c (0x30402673) csrrs   a2, mie, zero
core   0: 3 0x000000008000601c (0x30402673) x12 0x0000000000000a00
core   0: 0x0000000080006020 (0x344025f3) csrrs   a1, mip, zero
core   0: 3 0x0000000080006020 (0x344025f3) x11 0x0000000000000080
core   0: 0x0000000080006024 (0x343025f3) csrrs   a1, mtval, zero
core   0: 3 0x0000000080006024 (0x343025f3) x11 0x00000000c017a473
core   0: 0x0000000080006028 (0x14302573) csrrs   a0, stval, zero
core   0: 3 0x0000000080006028 (0x14302573) x10 0x0000000000000000
core   0: 0x000000008000602c (0xb02024f3) csrrs   s1, minstret, zero
core   0: 3 0x000000008000602c (0xb02024f3) x9  0x00000000000009f7
core   0: 0x0000000080006030 (0x0000a811) c.j     pc + 20
core   0: 3 0x0000000080006030 (0xa811)
core   0: >>>>  mepc_4
core   0: 0x0000000080006044 (0x00000791) c.addi  a5, 4
core   0: 3 0x0000000080006044 (0x0791) x15 0x0000000080004750
core   0: 0x0000000080006046 (0x34179073) csrrw   zero, mepc, a5
core   0: 3 0x0000000080006046 (0x34179073) c833_mepc 0x0000000080004750
core   0: 0x000000008000604a (0x30200073) mret
core   0: 3 0x000000008000604a (0x30200073) c768_mstatus 0x8000000a00106080
core   0: 0x0000000080004750 (0x4064083b) subw    a6, s0, t1
core   0: 1 0x0000000080004750 (0x4064083b) x16 0x0000000000000000
core   0: 0x0000000080004754 (0xc239f253) fcvt.lu.d tp, fs3
core   0: 1 0x0000000080004754 (0xc239f253) c1_fflags 0x0000000000000011 x4  0xffffffffffffffff
core   0: 0x0000000080004758 (0x12e5cc93) xori    s9, a1, 302
core   0: 1 0x0000000080004758 (0x12e5cc93) x25 0x00000000c017a55d
core   0: 0x000000008000475c (0x0010519b) srliw   gp, zero, 1
core   0: 1 0x000000008000475c (0x0010519b) x3  0x0000000000000000
core   0: 0x0000000080004760 (0x001023f3) csrrs   t2, fflags, zero
core   0: 1 0x0000000080004760 (0x001023f3) x7  0x0000000000000011
core   0: 0x0000000080004764 (0x0ff0000f) fence   iorw,iorw
core   0: 1 0x0000000080004764 (0x0ff0000f)
core   0: 0x0000000080004768 (0x271a6a17) auipc   s4, 0x271a6
core   0: 1 0x0000000080004768 (0x271a6a17) x20 0x00000000a71aa768
core   0: 0x000000008000476c (0x46ad6313) ori     t1, s10, 1130
core   0: 1 0x000000008000476c (0x46ad6313) x6  0x000000000000046a
core   0: 0x0000000080004770 (0x22698453) fsgnj.d fs0, fs3, ft6
core   0: 1 0x0000000080004770 (0x22698453) f8  0x7ff8000000000000
core   0: 0x0000000080004774 (0x033472d3) fadd.d  ft5, fs0, fs3
core   0: 1 0x0000000080004774 (0x033472d3) f5  0x7ff8000000000000
core   0: 0x0000000080004778 (0x3a8dff47) fmsub.d ft10, fs11, fs0, ft7
core   0: 1 0x0000000080004778 (0x3a8dff47) f30 0x7ff8000000000000
core   0: 0x000000008000477c (0x008c569b) srliw   a3, s8, 8
core   0: 1 0x000000008000477c (0x008c569b) x13 0x0000000000800060
core   0: 0x0000000080004780 (0x2ae28753) fmin.d  fa4, ft5, fa4
core   0: 1 0x0000000080004780 (0x2ae28753) f14 0x0000000000000000
core   0: 0x0000000080004784 (0x0335d733) divu    a4, a1, s3
core   0: 1 0x0000000080004784 (0x0335d733) x14 0xffffffffffffffff
core   0: 0x0000000080004788 (0x03c4ce3b) divw    t3, s1, t3
core   0: 1 0x0000000080004788 (0x03c4ce3b) x28 0x0000000000000002
core   0: 0x000000008000478c (0xf20a0453) fmv.d.x fs0, s4
core   0: 1 0x000000008000478c (0xf20a0453) f8  0x00000000a71aa768
core   0: 0x0000000080004790 (0x10586073) csrrsi  zero, stvec, 16
core   0: 1 0x0000000080004790 (0x10586073) c261_stvec 0x0000000000000a10
core   0: 0x0000000080004794 (0x0000357d) c.addiw a0, -1
core   0: 1 0x0000000080004794 (0x357d) x10 0xffffffffffffffff
core   0: 0x0000000080004796 (0x401a7853) fcvt.s.d fa6, fs4
core   0: 1 0x0000000080004796 (0x401a7853) f16 0xffffffff7fc00000
core   0: 0x000000008000479a (0xf119b9f3) csrrc   s3, mvendorid, s3
core   0: exception trap_illegal_instruction, epc 0x000000008000479a
core   0:           tval 0x00000000f119b9f3
core   0: >>>>  $xrv64i2p1_m2p0_a2p1_f2p2_d2p2_zicsr2p0_zifencei2p0_zmmul1p0_zba1p0_zbb1p0_zbc1p0_zbs1p0
core   0: 0x0000000080004000 (0x0080006f) j       pc + 0x8
core   0: 3 0x0000000080004000 (0x0080006f)
core   0: >>>>  mmode_exception_handler
core   0: 0x0000000080004008 (0x00002c17) auipc   s8, 0x2
core   0: 3 0x0000000080004008 (0x00002c17) x24 0x0000000080006008
core   0: 0x000000008000400c (0x008c0c13) addi    s8, s8, 8
core   0: 3 0x000000008000400c (0x008c0c13) x24 0x0000000080006010
core   0: 0x0000000080004010 (0x000c00e7) jalr    s8
core   0: 3 0x0000000080004010 (0x000c00e7) x1  0x0000000080004014
core   0: >>>>  any_handler
core   0: 0x0000000080006010 (0x341027f3) csrrs   a5, mepc, zero
core   0: 3 0x0000000080006010 (0x341027f3) x15 0x000000008000479a
core   0: 0x0000000080006014 (0x34202773) csrrs   a4, mcause, zero
core   0: 3 0x0000000080006014 (0x34202773) x14 0x0000000000000002
core   0: 0x0000000080006018 (0x142026f3) csrrs   a3, scause, zero
core   0: 3 0x0000000080006018 (0x142026f3) x13 0x0000000000000000
core   0: 0x000000008000601c (0x30402673) csrrs   a2, mie, zero
core   0: 3 0x000000008000601c (0x30402673) x12 0x0000000000000a00
core   0: 0x0000000080006020 (0x344025f3) csrrs   a1, mip, zero
core   0: 3 0x0000000080006020 (0x344025f3) x11 0x0000000000000080
core   0: 0x0000000080006024 (0x343025f3) csrrs   a1, mtval, zero
core   0: 3 0x0000000080006024 (0x343025f3) x11 0x00000000f119b9f3
core   0: 0x0000000080006028 (0x14302573) csrrs   a0, stval, zero
core   0: 3 0x0000000080006028 (0x14302573) x10 0x0000000000000000
core   0: 0x000000008000602c (0xb02024f3) csrrs   s1, minstret, zero
core   0: 3 0x000000008000602c (0xb02024f3) x9  0x0000000000000a1a
core   0: 0x0000000080006030 (0x0000a811) c.j     pc + 20
core   0: 3 0x0000000080006030 (0xa811)
core   0: >>>>  mepc_4
core   0: 0x0000000080006044 (0x00000791) c.addi  a5, 4
core   0: 3 0x0000000080006044 (0x0791) x15 0x000000008000479e
core   0: 0x0000000080006046 (0x34179073) csrrw   zero, mepc, a5
core   0: 3 0x0000000080006046 (0x34179073) c833_mepc 0x000000008000479e
core   0: 0x000000008000604a (0x30200073) mret
core   0: 3 0x000000008000604a (0x30200073) c768_mstatus 0x8000000a00106080
core   0: 0x000000008000479e (0xa3440553) fle.d   a0, fs0, fs4
core   0: 1 0x000000008000479e (0xa3440553) c1_fflags 0x0000000000000011 x10 0x0000000000000000
core   0: 0x00000000800047a2 (0x02ab61b3) rem     gp, s6, a0
core   0: 1 0x00000000800047a2 (0x02ab61b3) x3  0x00000000000004c0
core   0: 0x00000000800047a6 (0x02f7c833) div     a6, a5, a5
core   0: 1 0x00000000800047a6 (0x02f7c833) x16 0x0000000000000001
core   0: 0x00000000800047aa (0x0acb021b) addiw   tp, s6, 172
core   0: 1 0x00000000800047aa (0x0acb021b) x4  0x000000000000056c
core   0: 0x00000000800047ae (0x03ae63b3) rem     t2, t3, s10
core   0: 1 0x00000000800047ae (0x03ae63b3) x7  0x0000000000000002
core   0: 0x00000000800047b2 (0x5a077753) fsqrt.d fa4, fa4
core   0: 1 0x00000000800047b2 (0x5a077753) f14 0x0000000000000000
core   0: 0x00000000800047b6 (0x01c3d59b) srliw   a1, t2, 28
core   0: 1 0x00000000800047b6 (0x01c3d59b) x11 0x0000000000000000
core   0: 0x00000000800047ba (0xc03b7253) fcvt.lu.s tp, fs6
core   0: 1 0x00000000800047ba (0xc03b7253) c1_fflags 0x0000000000000011 x4  0xffffffffffffffff
core   0: 0x00000000800047be (0x00000001) c.nop
core   0: 1 0x00000000800047be (0x0001)
core   0: 0x00000000800047c0 (0xd36870cf) fnmadd.d ft1, fa6, fs6, fs10
core   0: 1 0x00000000800047c0 (0xd36870cf) f1  0x7ff8000000000000
core   0: 0x00000000800047c4 (0x1105c517) auipc   a0, 0x1105c
core   0: 1 0x00000000800047c4 (0x1105c517) x10 0x00000000910607c4
core   0: 0x00000000800047c8 (0xa3aa8353) fle.d   t1, fs5, fs10
core   0: 1 0x00000000800047c8 (0xa3aa8353) c1_fflags 0x0000000000000011 x6  0x0000000000000000
core   0: 0x00000000800047cc (0x000dd433) srl     s0, s11, zero
core   0: 1 0x00000000800047cc (0x000dd433) x8  0x0000000000000a00
core   0: 0x00000000800047d0 (0x0009f0b3) and     ra, s3, zero
core   0: 1 0x00000000800047d0 (0x0009f0b3) x1  0x0000000000000000
core   0: 0x00000000800047d4 (0x13aaf1d3) fmul.d  ft3, fs5, fs10
core   0: 1 0x00000000800047d4 (0x13aaf1d3) f3  0x7ff8000000000000
core   0: 0x00000000800047d8 (0xfffcfe93) andi    t4, s9, -1
core   0: 1 0x00000000800047d8 (0xfffcfe93) x29 0x00000000c017a55d
core   0: 0x00000000800047dc (0x0302f853) fadd.d  fa6, ft5, fa6
core   0: 1 0x00000000800047dc (0x0302f853) f16 0x7ff8000000000000
core   0: 0x00000000800047e0 (0x40a282bb) subw    t0, t0, a0
core   0: 1 0x00000000800047e0 (0x40a282bb) x5  0x000000006ef9f83c
core   0: 0x00000000800047e4 (0x01ad523b) srlw    tp, s10, s10
core   0: 1 0x00000000800047e4 (0x01ad523b) x4  0x0000000000000000
core   0: 0x00000000800047e8 (0x0ff0000f) fence   iorw,iorw
core   0: 1 0x00000000800047e8 (0x0ff0000f)
core   0: 0x00000000800047ec (0xe20405d3) fmv.x.d a1, fs0
core   0: 1 0x00000000800047ec (0xe20405d3) x11 0x00000000a71aa768
core   0: 0x00000000800047f0 (0x02a60a33) mul     s4, a2, a0
core   0: 1 0x00000000800047f0 (0x02a60a33) x20 0x000005aa3c4da800
core   0: 0x00000000800047f4 (0xf8d4b637) lui     a2, 0xf8d4b
core   0: 1 0x00000000800047f4 (0xf8d4b637) x12 0xfffffffff8d4b000
core   0: 0x00000000800047f8 (0xd876061b) addiw   a2, a2, -633
core   0: 1 0x00000000800047f8 (0xd876061b) x12 0xfffffffff8d4ad87
core   0: 0x00000000800047fc (0x00000632) c.slli  a2, 12
core   0: 1 0x00000000800047fc (0x0632) x12 0xffffff8d4ad87000
core   0: 0x00000000800047fe (0x66760613) addi    a2, a2, 1639
core   0: 1 0x00000000800047fe (0x66760613) x12 0xffffff8d4ad87667
core   0: 0x0000000080004802 (0x00545d3b) srlw    s10, s0, t0
core   0: 1 0x0000000080004802 (0x00545d3b) x26 0x0000000000000000
core   0: 0x0000000080004806 (0xc021fa53) fcvt.l.s s4, ft3
core   0: 1 0x0000000080004806 (0xc021fa53) c1_fflags 0x0000000000000011 x20 0x7fffffffffffffff
core   0: 0x000000008000480a (0x014c6633) or      a2, s8, s4
core   0: 1 0x000000008000480a (0x014c6633) x12 0x7fffffffffffffff
core   0: 0x000000008000480e (0x8524881b) addiw   a6, s1, -1966
core   0: 1 0x000000008000480e (0x8524881b) x16 0x000000000000026c
core   0: 0x0000000080004812 (0x4144d21b) sraiw   tp, s1, 20
core   0: 1 0x0000000080004812 (0x4144d21b) x4  0x0000000000000000
core   0: 0x0000000080004816 (0x004adb3b) srlw    s6, s5, tp
core   0: 1 0x0000000080004816 (0x004adb3b) x22 0x0000000000000000
core   0: 0x000000008000481a (0x001e1873) csrrw   a6, fflags, t3
core   0: 1 0x000000008000481a (0x001e1873) x16 0x0000000000000011 c1_fflags 0x0000000000000002
core   0: 0x000000008000481e (0x03de4433) div     s0, t3, t4
core   0: 1 0x000000008000481e (0x03de4433) x8  0x0000000000000000
core   0: 0x0000000080004822 (0xf2080553) fmv.d.x fa0, a6
core   0: 1 0x0000000080004822 (0xf2080553) f10 0x0000000000000011
core   0: 0x0000000080004826 (0x2a6e0353) fmin.d  ft6, ft8, ft6
core   0: 1 0x0000000080004826 (0x2a6e0353) f6  0x0000000000000000
core   0: 0x000000008000482a (0x4014fdd3) fcvt.s.d fs11, fs1
core   0: 1 0x000000008000482a (0x4014fdd3) f27 0xffffffff7fc00000
core   0: 0x000000008000482e (0x400cdc93) srai    s9, s9, 0
core   0: 1 0x000000008000482e (0x400cdc93) x25 0x00000000c017a55d
core   0: 0x0000000080004832 (0x024983bb) mulw    t2, s3, tp
core   0: 1 0x0000000080004832 (0x024983bb) x7  0x0000000000000000
core   0: 0x0000000080004836 (0x007ce4b3) or      s1, s9, t2
core   0: 1 0x0000000080004836 (0x007ce4b3) x9  0x00000000c017a55d
core   0: 0x000000008000483a (0x000add93) srli    s11, s5, 0
core   0: 1 0x000000008000483a (0x000add93) x27 0x0000000000000000
core   0: 0x000000008000483e (0x226324d3) fsgnjx.d fs1, ft6, ft6
core   0: 1 0x000000008000483e (0x226324d3) f9  0x0000000000000000
core   0: 0x0000000080004842 (0xc03df8d3) fcvt.lu.s a7, fs11
core   0: 1 0x0000000080004842 (0xc03df8d3) c1_fflags 0x0000000000000012 x17 0xffffffffffffffff
core   0: 0x0000000080004846 (0x00102173) csrrs   sp, fflags, zero
core   0: 1 0x0000000080004846 (0x00102173) x2  0x0000000000000012
core   0: 0x000000008000484a (0x03bdadb3) mulhsu  s11, s11, s11
core   0: 1 0x000000008000484a (0x03bdadb3) x27 0x0000000000000000
core   0: 0x000000008000484e (0x002c1bf3) csrrw   s7, frm, s8
core   0: 1 0x000000008000484e (0x002c1bf3) x23 0x0000000000000000 c2_frm 0x0000000000000000
core   0: 0x0000000080004852 (0x26e7879b) addiw   a5, a5, 622
core   0: 1 0x0000000080004852 (0x26e7879b) x15 0xffffffff80004a0c
core   0: 0x0000000080004856 (0x1344f343) fmadd.d ft6, fs1, fs4, ft2
core   0: 1 0x0000000080004856 (0x1344f343) f6  0x7ff8000000000000
core   0: 0x000000008000485a (0x0377f23b) remuw   tp, a5, s7
core   0: 1 0x000000008000485a (0x0377f23b) x4  0xffffffff80004a0c
core   0: 0x000000008000485e (0x401bf9d3) fcvt.s.d fs3, fs7
core   0: 1 0x000000008000485e (0x401bf9d3) f19 0xffffffffdf000000
core   0: 0x0000000080004862 (0x00441933) sll     s2, s0, tp
core   0: 1 0x0000000080004862 (0x00441933) x18 0x0000000000000000
core   0: 0x0000000080004866 (0xa2318a53) fle.d   s4, ft3, ft3
core   0: 1 0x0000000080004866 (0xa2318a53) c1_fflags 0x0000000000000012 x20 0x0000000000000000
core   0: 0x000000008000486a (0x22632d53) fsgnjx.d fs10, ft6, ft6
core   0: 1 0x000000008000486a (0x22632d53) f26 0x7ff8000000000000
core   0: 0x000000008000486e (0x414ad29b) sraiw   t0, s5, 20
core   0: 1 0x000000008000486e (0x414ad29b) x5  0x0000000000000000
core   0: 0x0000000080004872 (0x020d0233) mul     tp, s10, zero
core   0: 1 0x0000000080004872 (0x020d0233) x4  0x0000000000000000
core   0: 0x0000000080004876 (0x5b3bf5cf) fnmadd.d fa1, fs7, fs3, fa1
core   0: 1 0x0000000080004876 (0x5b3bf5cf) f11 0x7ff8000000000000
core   0: 0x000000008000487a (0xd2b5fec3) fmadd.d ft9, fa1, fa1, fs10
core   0: 1 0x000000008000487a (0xd2b5fec3) f29 0x7ff8000000000000
core   0: 0x000000008000487e (0x4004d59b) sraiw   a1, s1, 0
core   0: 1 0x000000008000487e (0x4004d59b) x11 0xffffffffc017a55d
core   0: 0x0000000080004882 (0x41585ab3) sra     s5, a6, s5
core   0: 1 0x0000000080004882 (0x41585ab3) x21 0x0000000000000011
core   0: 0x0000000080004886 (0xc025fe53) fcvt.l.s t3, fa1
core   0: 1 0x0000000080004886 (0xc025fe53) c1_fflags 0x0000000000000012 x28 0x7fffffffffffffff
core   0: 0x000000008000488a (0x400adc9b) sraiw   s9, s5, 0
core   0: 1 0x000000008000488a (0x400adc9b) x25 0x0000000000000011
core   0: 0x000000008000488e (0x36bb75b7) lui     a1, 0x36bb7
core   0: 1 0x000000008000488e (0x36bb75b7) x11 0x0000000036bb7000
core   0: 0x0000000080004892 (0x00052033) slt     zero, a0, zero
core   0: 1 0x0000000080004892 (0x00052033)
core   0: 0x0000000080004896 (0x0b5ef653) fsub.d  fa2, ft9, fs5
core   0: 1 0x0000000080004896 (0x0b5ef653) f12 0x7ff8000000000000
core   0: 0x000000008000489a (0x016ed733) srl     a4, t4, s6
core   0: 1 0x000000008000489a (0x016ed733) x14 0x00000000c017a55d
core   0: 0x000000008000489e (0xf2038dd3) fmv.d.x fs11, t2
core   0: 1 0x000000008000489e (0xf2038dd3) f27 0x0000000000000000
core   0: 0x00000000800048a2 (0x0096eb33) or      s6, a3, s1
core   0: 1 0x00000000800048a2 (0x0096eb33) x22 0x00000000c017a55d
core   0: 0x00000000800048a6 (0x0216d8bb) divuw   a7, a3, ra
core   0: 1 0x00000000800048a6 (0x0216d8bb) x17 0xffffffffffffffff
core   0: 0x00000000800048aa (0x01971293) slli    t0, a4, 25
core   0: 1 0x00000000800048aa (0x01971293) x5  0x01802f4aba000000
core   0: 0x00000000800048ae (0xfff707b7) lui     a5, 0xfff70
core   0: 1 0x00000000800048ae (0xfff707b7) x15 0xfffffffffff70000
core   0: 0x00000000800048b2 (0x4e17879b) addiw   a5, a5, 1249
core   0: 1 0x00000000800048b2 (0x4e17879b) x15 0xfffffffffff704e1
core   0: 0x00000000800048b6 (0x000007c6) c.slli  a5, 17
core   0: 1 0x00000000800048b6 (0x07c6) x15 0xffffffee09c20000
core   0: 0x00000000800048b8 (0xdea78793) addi    a5, a5, -534
core   0: 1 0x00000000800048b8 (0xdea78793) x15 0xffffffee09c1fdea
core   0: 0x00000000800048bc (0xe3744597) auipc   a1, 0xe3744
core   0: 1 0x00000000800048bc (0xe3744597) x11 0x00000000637488bc
core   0: 0x00000000800048c0 (0xc0267d53) fcvt.l.s s10, fa2
core   0: 1 0x00000000800048c0 (0xc0267d53) c1_fflags 0x0000000000000012 x26 0x7fffffffffffffff
core   0: 0x00000000800048c4 (0x00429e1b) slliw   t3, t0, 4
core   0: 1 0x00000000800048c4 (0x00429e1b) x28 0xffffffffa0000000
core   0: 0x00000000800048c8 (0x0090d83b) srlw    a6, ra, s1
core   0: 1 0x00000000800048c8 (0x0090d83b) x16 0x0000000000000000
core   0: 0x00000000800048cc (0x40915113) srai    sp, sp, 9
core   0: 1 0x00000000800048cc (0x40915113) x2  0x0000000000000000
core   0: 0x00000000800048d0 (0x0319c4b3) div     s1, s3, a7
core   0: 1 0x00000000800048d0 (0x0319c4b3) x9  0x0000000000000000
core   0: 0x00000000800048d4 (0x0ff0000f) fence   iorw,iorw
core   0: 1 0x00000000800048d4 (0x0ff0000f)
core   0: 0x00000000800048d8 (0x2b800ad3) fmin.d  fs5, ft0, fs8
core   0: 1 0x00000000800048d8 (0x2b800ad3) f21 0x8000000000000000
core   0: 0x00000000800048dc (0x31acd1f3) csrrwi  gp, menvcfgh, 25
core   0: exception trap_illegal_instruction, epc 0x00000000800048dc
core   0:           tval 0x0000000031acd1f3
core   0: >>>>  $xrv64i2p1_m2p0_a2p1_f2p2_d2p2_zicsr2p0_zifencei2p0_zmmul1p0_zba1p0_zbb1p0_zbc1p0_zbs1p0
core   0: 0x0000000080004000 (0x0080006f) j       pc + 0x8
core   0: 3 0x0000000080004000 (0x0080006f)
core   0: >>>>  mmode_exception_handler
core   0: 0x0000000080004008 (0x00002c17) auipc   s8, 0x2
core   0: 3 0x0000000080004008 (0x00002c17) x24 0x0000000080006008
core   0: 0x000000008000400c (0x008c0c13) addi    s8, s8, 8
core   0: 3 0x000000008000400c (0x008c0c13) x24 0x0000000080006010
core   0: 0x0000000080004010 (0x000c00e7) jalr    s8
core   0: 3 0x0000000080004010 (0x000c00e7) x1  0x0000000080004014
core   0: >>>>  any_handler
core   0: 0x0000000080006010 (0x341027f3) csrrs   a5, mepc, zero
core   0: 3 0x0000000080006010 (0x341027f3) x15 0x00000000800048dc
core   0: 0x0000000080006014 (0x34202773) csrrs   a4, mcause, zero
core   0: 3 0x0000000080006014 (0x34202773) x14 0x0000000000000002
core   0: 0x0000000080006018 (0x142026f3) csrrs   a3, scause, zero
core   0: 3 0x0000000080006018 (0x142026f3) x13 0x0000000000000000
core   0: 0x000000008000601c (0x30402673) csrrs   a2, mie, zero
core   0: 3 0x000000008000601c (0x30402673) x12 0x0000000000000a00
core   0: 0x0000000080006020 (0x344025f3) csrrs   a1, mip, zero
core   0: 3 0x0000000080006020 (0x344025f3) x11 0x0000000000000080
core   0: 0x0000000080006024 (0x343025f3) csrrs   a1, mtval, zero
core   0: 3 0x0000000080006024 (0x343025f3) x11 0x0000000031acd1f3
core   0: 0x0000000080006028 (0x14302573) csrrs   a0, stval, zero
core   0: 3 0x0000000080006028 (0x14302573) x10 0x0000000000000000
core   0: 0x000000008000602c (0xb02024f3) csrrs   s1, minstret, zero
core   0: 3 0x000000008000602c (0xb02024f3) x9  0x0000000000000a7b
core   0: 0x0000000080006030 (0x0000a811) c.j     pc + 20
core   0: 3 0x0000000080006030 (0xa811)
core   0: >>>>  mepc_4
core   0: 0x0000000080006044 (0x00000791) c.addi  a5, 4
core   0: 3 0x0000000080006044 (0x0791) x15 0x00000000800048e0
core   0: 0x0000000080006046 (0x34179073) csrrw   zero, mepc, a5
core   0: 3 0x0000000080006046 (0x34179073) c833_mepc 0x00000000800048e0
core   0: 0x000000008000604a (0x30200073) mret
core   0: 3 0x000000008000604a (0x30200073) c768_mstatus 0x8000000a00106080
core   0: 0x00000000800048e0 (0xc22df4d3) fcvt.l.d s1, fs11
core   0: 1 0x00000000800048e0 (0xc22df4d3) x9  0x0000000000000000
core   0: 0x00000000800048e4 (0x0299093b) mulw    s2, s2, s1
core   0: 1 0x00000000800048e4 (0x0299093b) x18 0x0000000000000000
core   0: 0x00000000800048e8 (0x001212bb) sllw    t0, tp, ra
core   0: 1 0x00000000800048e8 (0x001212bb) x5  0x0000000000000000
core   0: 0x00000000800048ec (0x0214d4b3) divu    s1, s1, ra
core   0: 1 0x00000000800048ec (0x0214d4b3) x9  0x0000000000000000
core   0: 0x00000000800048f0 (0x1363f253) fmul.d  ft4, ft7, fs6
core   0: 1 0x00000000800048f0 (0x1363f253) f4  0x7ff8000000000000
core   0: 0x00000000800048f4 (0x41790933) sub     s2, s2, s7
core   0: 1 0x00000000800048f4 (0x41790933) x18 0x0000000000000000
core   0: 0x00000000800048f8 (0x497c8a93) addi    s5, s9, 1175
core   0: 1 0x00000000800048f8 (0x497c8a93) x21 0x00000000000004a8
core   0: 0x00000000800048fc (0x02bef13b) remuw   sp, t4, a1
core   0: 1 0x00000000800048fc (0x02bef13b) x2  0x000000002b112f84
core   0: 0x0000000080004900 (0x00008f4d) c.or    a4, a1
core   0: 1 0x0000000080004900 (0x8f4d) x14 0x0000000031acd1f3
core   0: 0x0000000080004902 (0xd03176d3) fcvt.s.lu fa3, sp
core   0: 1 0x0000000080004902 (0xd03176d3) c1_fflags 0x0000000000000013 f13 0xffffffff4e2c44be
core   0: 0x0000000080004906 (0x3f0ef213) andi    tp, t4, 1008
core   0: 1 0x0000000080004906 (0x3f0ef213) x4  0x0000000000000150
core   0: 0x000000008000490a (0x01d8dd33) srl     s10, a7, t4
core   0: 1 0x000000008000490a (0x01d8dd33) x26 0x00000007ffffffff
core   0: 0x000000008000490e (0x00000001) c.nop
core   0: 1 0x000000008000490e (0x0001)
core   0: 0x0000000080004910 (0x000d563b) srlw    a2, s10, zero
core   0: 1 0x0000000080004910 (0x000d563b) x12 0xffffffffffffffff
core   0: 0x0000000080004914 (0x00c6e433) or      s0, a3, a2
core   0: 1 0x0000000080004914 (0x00c6e433) x8  0xffffffffffffffff
core   0: 0x0000000080004918 (0x00611133) sll     sp, sp, t1
core   0: 1 0x0000000080004918 (0x00611133) x2  0x000000002b112f84
core   0: 0x000000008000491c (0xd034f6d3) fcvt.s.lu fa3, s1
core   0: 1 0x000000008000491c (0xd034f6d3) f13 0xffffffff00000000
core   0: 0x0000000080004920 (0xab22724b) fnmsub.d ft4, ft4, fs2, fs5
core   0: 1 0x0000000080004920 (0xab22724b) f4  0x7ff8000000000000
core   0: 0x0000000080004924 (0x00000001) c.nop
core   0: 1 0x0000000080004924 (0x0001)
core   0: 0x0000000080004926 (0x039c7c53) fadd.d  fs8, fs8, fs9
core   0: 1 0x0000000080004926 (0x039c7c53) f24 0x7ff8000000000000
core   0: 0x000000008000492a (0x002191bb) sllw    gp, gp, sp
core   0: 1 0x000000008000492a (0x002191bb) x3  0x0000000000004c00
core   0: 0x000000008000492e (0x7ffbe613) ori     a2, s7, 2047
core   0: 1 0x000000008000492e (0x7ffbe613) x12 0x00000000000007ff
core   0: 0x0000000080004932 (0x000d1d33) sll     s10, s10, zero
core   0: 1 0x0000000080004932 (0x000d1d33) x26 0x00000007ffffffff
core   0: 0x0000000080004936 (0xc0297e53) fcvt.l.s t3, fs2
core   0: 1 0x0000000080004936 (0xc0297e53) c1_fflags 0x0000000000000013 x28 0x7fffffffffffffff
core   0: 0x000000008000493a (0x40165d9b) sraiw   s11, a2, 1
core   0: 1 0x000000008000493a (0x40165d9b) x27 0x00000000000003ff
core   0: 0x000000008000493e (0x132b7a53) fmul.d  fs4, fs6, fs2
core   0: 1 0x000000008000493e (0x132b7a53) f20 0x7ff8000000000000
core   0: 0x0000000080004942 (0x43f25893) srai    a7, tp, 63
core   0: 1 0x0000000080004942 (0x43f25893) x17 0x0000000000000000
core   0: 0x0000000080004946 (0x01d7d51b) srliw   a0, a5, 29
core   0: 1 0x0000000080004946 (0x01d7d51b) x10 0x0000000000000004
core   0: 0x000000008000494a (0xda4bc893) xori    a7, s7, -604
core   0: 1 0x000000008000494a (0xda4bc893) x17 0xfffffffffffffda4
core   0: 0x000000008000494e (0x4017fad3) fcvt.s.d fs5, fa5
core   0: 1 0x000000008000494e (0x4017fad3) f21 0xffffffff7fc00000
core   0: 0x0000000080004952 (0x011497bb) sllw    a5, s1, a7
core   0: 1 0x0000000080004952 (0x011497bb) x15 0x0000000000000000
core   0: 0x0000000080004956 (0x01179033) sll     zero, a5, a7
core   0: 1 0x0000000080004956 (0x01179033)
core   0: 0x000000008000495a (0x02e77dd3) fadd.d  fs11, fa4, fa4
core   0: 1 0x000000008000495a (0x02e77dd3) f27 0x0000000000000000
core   0: 0x000000008000495e (0x02f03533) mulhu   a0, zero, a5
core   0: 1 0x000000008000495e (0x02f03533) x10 0x0000000000000000
core   0: 0x0000000080004962 (0x0052d6bb) srlw    a3, t0, t0
core   0: 1 0x0000000080004962 (0x0052d6bb) x13 0x0000000000000000
core   0: 0x0000000080004966 (0x01fcd41b) srliw   s0, s9, 31
core   0: 1 0x0000000080004966 (0x01fcd41b) x8  0x0000000000000000
core   0: 0x000000008000496a (0xd03472d3) fcvt.s.lu ft5, s0
core   0: 1 0x000000008000496a (0xd03472d3) f5  0xffffffff00000000
core   0: 0x000000008000496e (0x2af99e53) fmax.d  ft8, fs3, fa5
core   0: 1 0x000000008000496e (0x2af99e53) f28 0x7ff8000000000000
core   0: 0x0000000080004972 (0x001410b3) sll     ra, s0, ra
core   0: 1 0x0000000080004972 (0x001410b3) x1  0x0000000000000000
core   0: 0x0000000080004976 (0x001c0ebb) addw    t4, s8, ra
core   0: 1 0x0000000080004976 (0x001c0ebb) x29 0xffffffff80006010
core   0: 0x000000008000497a (0x0241b3b3) mulhu   t2, gp, tp
core   0: 1 0x000000008000497a (0x0241b3b3) x7  0x0000000000000000
core   0: 0x000000008000497e (0x03f8d093) srli    ra, a7, 63
core   0: 1 0x000000008000497e (0x03f8d093) x1  0x0000000000000001
core   0: 0x0000000080004982 (0x63396097) auipc   ra, 0x63396
core   0: 1 0x0000000080004982 (0x63396097) x1  0x00000000e339a982
core   0: 0x0000000080004986 (0x002021f3) csrrs   gp, frm, zero
core   0: 1 0x0000000080004986 (0x002021f3) x3  0x0000000000000000
core   0: 0x000000008000498a (0x4104043b) subw    s0, s0, a6
core   0: 1 0x000000008000498a (0x4104043b) x8  0x0000000000000000
core   0: 0x000000008000498e (0x00ba953b) sllw    a0, s5, a1
core   0: 1 0x000000008000498e (0x00ba953b) x10 0x0000000025400000
core   0: 0x0000000080004992 (0xd20100d3) fcvt.d.w ft1, sp
core   0: 1 0x0000000080004992 (0xd20100d3) f1  0x41c58897c2000000
core   0: 0x0000000080004996 (0x342dba73) csrrc   s4, mcause, s11
core   0: exception trap_illegal_instruction, epc 0x0000000080004996
core   0:           tval 0x00000000342dba73
core   0: >>>>  $xrv64i2p1_m2p0_a2p1_f2p2_d2p2_zicsr2p0_zifencei2p0_zmmul1p0_zba1p0_zbb1p0_zbc1p0_zbs1p0
core   0: 0x0000000080004000 (0x0080006f) j       pc + 0x8
core   0: 3 0x0000000080004000 (0x0080006f)
core   0: >>>>  mmode_exception_handler
core   0: 0x0000000080004008 (0x00002c17) auipc   s8, 0x2
core   0: 3 0x0000000080004008 (0x00002c17) x24 0x0000000080006008
core   0: 0x000000008000400c (0x008c0c13) addi    s8, s8, 8
core   0: 3 0x000000008000400c (0x008c0c13) x24 0x0000000080006010
core   0: 0x0000000080004010 (0x000c00e7) jalr    s8
core   0: 3 0x0000000080004010 (0x000c00e7) x1  0x0000000080004014
core   0: >>>>  any_handler
core   0: 0x0000000080006010 (0x341027f3) csrrs   a5, mepc, zero
core   0: 3 0x0000000080006010 (0x341027f3) x15 0x0000000080004996
core   0: 0x0000000080006014 (0x34202773) csrrs   a4, mcause, zero
core   0: 3 0x0000000080006014 (0x34202773) x14 0x0000000000000002
core   0: 0x0000000080006018 (0x142026f3) csrrs   a3, scause, zero
core   0: 3 0x0000000080006018 (0x142026f3) x13 0x0000000000000000
core   0: 0x000000008000601c (0x30402673) csrrs   a2, mie, zero
core   0: 3 0x000000008000601c (0x30402673) x12 0x0000000000000a00
core   0: 0x0000000080006020 (0x344025f3) csrrs   a1, mip, zero
core   0: 3 0x0000000080006020 (0x344025f3) x11 0x0000000000000080
core   0: 0x0000000080006024 (0x343025f3) csrrs   a1, mtval, zero
core   0: 3 0x0000000080006024 (0x343025f3) x11 0x00000000342dba73
core   0: 0x0000000080006028 (0x14302573) csrrs   a0, stval, zero
core   0: 3 0x0000000080006028 (0x14302573) x10 0x0000000000000000
core   0: 0x000000008000602c (0xb02024f3) csrrs   s1, minstret, zero
core   0: 3 0x000000008000602c (0xb02024f3) x9  0x0000000000000aba
core   0: 0x0000000080006030 (0x0000a811) c.j     pc + 20
core   0: 3 0x0000000080006030 (0xa811)
core   0: >>>>  mepc_4
core   0: 0x0000000080006044 (0x00000791) c.addi  a5, 4
core   0: 3 0x0000000080006044 (0x0791) x15 0x000000008000499a
core   0: 0x0000000080006046 (0x34179073) csrrw   zero, mepc, a5
core   0: 3 0x0000000080006046 (0x34179073) c833_mepc 0x000000008000499a
core   0: 0x000000008000604a (0x30200073) mret
core   0: 3 0x000000008000604a (0x30200073) c768_mstatus 0x8000000a00106080
core   0: 0x000000008000499a (0xc0612d73) csrrs   s10, hpmcounter6, sp
core   0: exception trap_illegal_instruction, epc 0x000000008000499a
core   0:           tval 0x00000000c0612d73
core   0: >>>>  $xrv64i2p1_m2p0_a2p1_f2p2_d2p2_zicsr2p0_zifencei2p0_zmmul1p0_zba1p0_zbb1p0_zbc1p0_zbs1p0
core   0: 0x0000000080004000 (0x0080006f) j       pc + 0x8
core   0: 3 0x0000000080004000 (0x0080006f)
core   0: >>>>  mmode_exception_handler
core   0: 0x0000000080004008 (0x00002c17) auipc   s8, 0x2
core   0: 3 0x0000000080004008 (0x00002c17) x24 0x0000000080006008
core   0: 0x000000008000400c (0x008c0c13) addi    s8, s8, 8
core   0: 3 0x000000008000400c (0x008c0c13) x24 0x0000000080006010
core   0: 0x0000000080004010 (0x000c00e7) jalr    s8
core   0: 3 0x0000000080004010 (0x000c00e7) x1  0x0000000080004014
core   0: >>>>  any_handler
core   0: 0x0000000080006010 (0x341027f3) csrrs   a5, mepc, zero
core   0: 3 0x0000000080006010 (0x341027f3) x15 0x000000008000499a
core   0: 0x0000000080006014 (0x34202773) csrrs   a4, mcause, zero
core   0: 3 0x0000000080006014 (0x34202773) x14 0x0000000000000002
core   0: 0x0000000080006018 (0x142026f3) csrrs   a3, scause, zero
core   0: 3 0x0000000080006018 (0x142026f3) x13 0x0000000000000000
core   0: 0x000000008000601c (0x30402673) csrrs   a2, mie, zero
core   0: 3 0x000000008000601c (0x30402673) x12 0x0000000000000a00
core   0: 0x0000000080006020 (0x344025f3) csrrs   a1, mip, zero
core   0: 3 0x0000000080006020 (0x344025f3) x11 0x0000000000000080
core   0: 0x0000000080006024 (0x343025f3) csrrs   a1, mtval, zero
core   0: 3 0x0000000080006024 (0x343025f3) x11 0x00000000c0612d73
core   0: 0x0000000080006028 (0x14302573) csrrs   a0, stval, zero
core   0: 3 0x0000000080006028 (0x14302573) x10 0x0000000000000000
core   0: 0x000000008000602c (0xb02024f3) csrrs   s1, minstret, zero
core   0: 3 0x000000008000602c (0xb02024f3) x9  0x0000000000000aca
core   0: 0x0000000080006030 (0x0000a811) c.j     pc + 20
core   0: 3 0x0000000080006030 (0xa811)
core   0: >>>>  mepc_4
core   0: 0x0000000080006044 (0x00000791) c.addi  a5, 4
core   0: 3 0x0000000080006044 (0x0791) x15 0x000000008000499e
core   0: 0x0000000080006046 (0x34179073) csrrw   zero, mepc, a5
core   0: 3 0x0000000080006046 (0x34179073) c833_mepc 0x000000008000499e
core   0: 0x000000008000604a (0x30200073) mret
core   0: 3 0x000000008000604a (0x30200073) c768_mstatus 0x8000000a00106080
core   0: 0x000000008000499e (0x402b553b) sraw    a0, s6, sp
core   0: 1 0x000000008000499e (0x402b553b) x10 0xfffffffffc017a55
core   0: 0x00000000800049a2 (0x1b9cfcd3) fdiv.d  fs9, fs9, fs9
core   0: 1 0x00000000800049a2 (0x1b9cfcd3) f25 0x7ff8000000000000
core   0: 0x00000000800049a6 (0x00a595bb) sllw    a1, a1, a0
core   0: 1 0x00000000800049a6 (0x00a595bb) x11 0xffffffffae600000
core   0: 0x00000000800049aa (0xc20b7453) fcvt.w.d s0, fs6
core   0: 1 0x00000000800049aa (0xc20b7453) c1_fflags 0x0000000000000013 x8  0x000000007fffffff
core   0: 0x00000000800049ae (0xf20400d3) fmv.d.x ft1, s0
core   0: 1 0x00000000800049ae (0xf20400d3) f1  0x000000007fffffff
core   0: 0x00000000800049b2 (0x23ff88d3) fsgnj.d fa7, ft11, ft11
core   0: 1 0x00000000800049b2 (0x23ff88d3) f17 0x0000000000000000
core   0: 0x00000000800049b6 (0x00d366b3) or      a3, t1, a3
core   0: 1 0x00000000800049b6 (0x00d366b3) x13 0x0000000000000000
core   0: 0x00000000800049ba (0x00000001) c.nop
core   0: 1 0x00000000800049ba (0x0001)
core   0: 0x00000000800049bc (0x0ff0000f) fence   iorw,iorw
core   0: 1 0x00000000800049bc (0x0ff0000f)
core   0: 0x00000000800049c0 (0x0afe71d3) fsub.d  ft3, ft8, fa5
core   0: 1 0x00000000800049c0 (0x0afe71d3) f3  0x7ff8000000000000
core   0: 0x00000000800049c4 (0x01ce19b3) sll     s3, t3, t3
core   0: 1 0x00000000800049c4 (0x01ce19b3) x19 0x8000000000000000
core   0: 0x00000000800049c8 (0x40425e9b) sraiw   t4, tp, 4
core   0: 1 0x00000000800049c8 (0x40425e9b) x29 0x0000000000000015
core   0: 0x00000000800049cc (0x00fb57bb) srlw    a5, s6, a5
core   0: 1 0x00000000800049cc (0x00fb57bb) x15 0x0000000000000003
core   0: 0x00000000800049d0 (0x02765833) divu    a6, a2, t2
core   0: 1 0x00000000800049d0 (0x02765833) x16 0xffffffffffffffff
core   0: 0x00000000800049d4 (0x03e3ff53) fadd.d  ft10, ft7, ft10
core   0: 1 0x00000000800049d4 (0x03e3ff53) f30 0x7ff8000000000000
core   0: 0x00000000800049d8 (0x011a28b3) slt     a7, s4, a7
core   0: 1 0x00000000800049d8 (0x011a28b3) x17 0x0000000000000000
core   0: 0x00000000800049dc (0x0160f0b3) and     ra, ra, s6
core   0: 1 0x00000000800049dc (0x0160f0b3) x1  0x0000000080000014
core   0: 0x00000000800049e0 (0xc235fad3) fcvt.lu.d s5, fa1
core   0: 1 0x00000000800049e0 (0xc235fad3) c1_fflags 0x0000000000000013 x21 0xffffffffffffffff
core   0: 0x00000000800049e4 (0x00000001) c.nop
core   0: 1 0x00000000800049e4 (0x0001)
core   0: 0x00000000800049e6 (0x007396b3) sll     a3, t2, t2
core   0: 1 0x00000000800049e6 (0x007396b3) x13 0x0000000000000000
core   0: 0x00000000800049ea (0x00aa153b) sllw    a0, s4, a0
core   0: 1 0x00000000800049ea (0x00aa153b) x10 0x0000000000000000
core   0: 0x00000000800049ee (0x02b05c3b) divuw   s8, zero, a1
core   0: 1 0x00000000800049ee (0x02b05c3b) x24 0x0000000000000000
core   0: 0x00000000800049f2 (0x0bba7dd3) fsub.d  fs11, fs4, fs11
core   0: 1 0x00000000800049f2 (0x0bba7dd3) f27 0x7ff8000000000000
core   0: 0x00000000800049f6 (0xd23572d3) fcvt.d.lu ft5, a0
core   0: 1 0x00000000800049f6 (0xd23572d3) f5  0x0000000000000000
core   0: 0x00000000800049fa (0x40ebdc1b) sraiw   s8, s7, 14
core   0: 1 0x00000000800049fa (0x40ebdc1b) x24 0x0000000000000000
core   0: 0x00000000800049fe (0xea597e93) andi    t4, s2, -347
core   0: 1 0x00000000800049fe (0xea597e93) x29 0x0000000000000000
core   0: 0x0000000080004a02 (0x0be37343) fmadd.d ft6, ft6, ft10, ft1
core   0: 1 0x0000000080004a02 (0x0be37343) f6  0x7ff8000000000000
core   0: 0x0000000080004a06 (0xd025fa53) fcvt.s.l fs4, a1
core   0: 1 0x0000000080004a06 (0xd025fa53) f20 0xffffffffcea34000
core   0: 0x0000000080004a0a (0x010142b7) lui     t0, 0x1014
core   0: 1 0x0000000080004a0a (0x010142b7) x5  0x0000000001014000
core   0: 0x0000000080004a0e (0xe4b2829b) addiw   t0, t0, -437
core   0: 1 0x0000000080004a0e (0xe4b2829b) x5  0x0000000001013e4b
core   0: 0x0000000080004a12 (0x000002ba) c.slli  t0, 14
core   0: 1 0x0000000080004a12 (0x02ba) x5  0x000000404f92c000
core   0: 0x0000000080004a14 (0xb0628293) addi    t0, t0, -1274
core   0: 1 0x0000000080004a14 (0xb0628293) x5  0x000000404f92bb06
core   0: 0x0000000080004a18 (0x2a6004d3) fmin.d  fs1, ft0, ft6
core   0: 1 0x0000000080004a18 (0x2a6004d3) f9  0x8000000000000000
core   0: 0x0000000080004a1c (0x01ae843b) addw    s0, t4, s10
core   0: 1 0x0000000080004a1c (0x01ae843b) x8  0xffffffffffffffff
core   0: 0x0000000080004a20 (0x00102e73) csrrs   t3, fflags, zero
core   0: 1 0x0000000080004a20 (0x00102e73) x28 0x0000000000000013
core   0: 0x0000000080004a24 (0x005e1833) sll     a6, t3, t0
core   0: 1 0x0000000080004a24 (0x005e1833) x16 0x00000000000004c0
core   0: 0x0000000080004a28 (0x01c53a33) sltu    s4, a0, t3
core   0: 1 0x0000000080004a28 (0x01c53a33) x20 0x0000000000000001
core   0: 0x0000000080004a2c (0x1305f2d3) fmul.d  ft5, fa1, fa6
core   0: 1 0x0000000080004a2c (0x1305f2d3) f5  0x7ff8000000000000
core   0: 0x0000000080004a30 (0xc03ef7d3) fcvt.lu.s a5, ft9
core   0: 1 0x0000000080004a30 (0xc03ef7d3) c1_fflags 0x0000000000000013 x15 0xffffffffffffffff
core   0: 0x0000000080004a34 (0x02890d3b) mulw    s10, s2, s0
core   0: 1 0x0000000080004a34 (0x02890d3b) x26 0x0000000000000000
core   0: 0x0000000080004a38 (0x01c696b3) sll     a3, a3, t3
core   0: 1 0x0000000080004a38 (0x01c696b3) x13 0x0000000000000000
core   0: 0x0000000080004a3c (0xfff9f813) andi    a6, s3, -1
core   0: 1 0x0000000080004a3c (0xfff9f813) x16 0x8000000000000000
core   0: 0x0000000080004a40 (0x4003d293) srai    t0, t2, 0
core   0: 1 0x0000000080004a40 (0x4003d293) x5  0x0000000000000000
core   0: 0x0000000080004a44 (0x0210d0b3) divu    ra, ra, ra
core   0: 1 0x0000000080004a44 (0x0210d0b3) x1  0x0000000000000001
core   0: 0x0000000080004a48 (0x02507ebb) remuw   t4, zero, t0
core   0: 1 0x0000000080004a48 (0x02507ebb) x29 0x0000000000000000
core   0: 0x0000000080004a4c (0xa25487d3) fle.d   a5, fs1, ft5
core   0: 1 0x0000000080004a4c (0xa25487d3) c1_fflags 0x0000000000000013 x15 0x0000000000000000
core   0: 0x0000000080004a50 (0x00fca7b3) slt     a5, s9, a5
core   0: 1 0x0000000080004a50 (0x00fca7b3) x15 0x0000000000000000
core   0: 0x0000000080004a54 (0x406d0bb3) sub     s7, s10, t1
core   0: 1 0x0000000080004a54 (0x406d0bb3) x23 0x0000000000000000
core   0: 0x0000000080004a58 (0x0b7afad3) fsub.d  fs5, fs5, fs7
core   0: 1 0x0000000080004a58 (0x0b7afad3) f21 0x7ff8000000000000
core   0: 0x0000000080004a5c (0x01d6a6b3) slt     a3, a3, t4
core   0: 1 0x0000000080004a5c (0x01d6a6b3) x13 0x0000000000000000
core   0: 0x0000000080004a60 (0x00102e73) csrrs   t3, fflags, zero
core   0: 1 0x0000000080004a60 (0x00102e73) x28 0x0000000000000013
core   0: 0x0000000080004a64 (0x034e0033) mul     zero, t3, s4
core   0: 1 0x0000000080004a64 (0x034e0033)
core   0: 0x0000000080004a68 (0x00000001) c.nop
core   0: 1 0x0000000080004a68 (0x0001)
core   0: 0x0000000080004a6a (0xd0207153) fcvt.s.l ft2, zero
core   0: 1 0x0000000080004a6a (0xd0207153) f2  0xffffffff00000000
core   0: 0x0000000080004a6e (0x40a7d59b) sraiw   a1, a5, 10
core   0: 1 0x0000000080004a6e (0x40a7d59b) x11 0x0000000000000000
core   0: 0x0000000080004a72 (0x00194093) xori    ra, s2, 1
core   0: 1 0x0000000080004a72 (0x00194093) x1  0x0000000000000001
core   0: 0x0000000080004a76 (0x00739a3b) sllw    s4, t2, t2
core   0: 1 0x0000000080004a76 (0x00739a3b) x20 0x0000000000000000
core   0: 0x0000000080004a7a (0x414a04bb) subw    s1, s4, s4
core   0: 1 0x0000000080004a7a (0x414a04bb) x9  0x0000000000000000
core   0: 0x0000000080004a7e (0x230a8953) fsgnj.d fs2, fs5, fa6
core   0: 1 0x0000000080004a7e (0x230a8953) f18 0x7ff8000000000000
core   0: 0x0000000080004a82 (0x00231373) csrrw   t1, frm, t1
core   0: 1 0x0000000080004a82 (0x00231373) x6  0x0000000000000000 c2_frm 0x0000000000000000
core   0: 0x0000000080004a86 (0xe20a8e53) fmv.x.d t3, fs5
core   0: 1 0x0000000080004a86 (0xe20a8e53) x28 0x7ff8000000000000
core   0: 0x0000000080004a8a (0x30651573) csrrw   a0, mcounteren, a0
core   0: exception trap_illegal_instruction, epc 0x0000000080004a8a
core   0:           tval 0x0000000030651573
core   0: >>>>  $xrv64i2p1_m2p0_a2p1_f2p2_d2p2_zicsr2p0_zifencei2p0_zmmul1p0_zba1p0_zbb1p0_zbc1p0_zbs1p0
core   0: 0x0000000080004000 (0x0080006f) j       pc + 0x8
core   0: 3 0x0000000080004000 (0x0080006f)
core   0: >>>>  mmode_exception_handler
core   0: 0x0000000080004008 (0x00002c17) auipc   s8, 0x2
core   0: 3 0x0000000080004008 (0x00002c17) x24 0x0000000080006008
core   0: 0x000000008000400c (0x008c0c13) addi    s8, s8, 8
core   0: 3 0x000000008000400c (0x008c0c13) x24 0x0000000080006010
core   0: 0x0000000080004010 (0x000c00e7) jalr    s8
core   0: 3 0x0000000080004010 (0x000c00e7) x1  0x0000000080004014
core   0: >>>>  any_handler
core   0: 0x0000000080006010 (0x341027f3) csrrs   a5, mepc, zero
core   0: 3 0x0000000080006010 (0x341027f3) x15 0x0000000080004a8a
core   0: 0x0000000080006014 (0x34202773) csrrs   a4, mcause, zero
core   0: 3 0x0000000080006014 (0x34202773) x14 0x0000000000000002
core   0: 0x0000000080006018 (0x142026f3) csrrs   a3, scause, zero
core   0: 3 0x0000000080006018 (0x142026f3) x13 0x0000000000000000
core   0: 0x000000008000601c (0x30402673) csrrs   a2, mie, zero
core   0: 3 0x000000008000601c (0x30402673) x12 0x0000000000000a00
core   0: 0x0000000080006020 (0x344025f3) csrrs   a1, mip, zero
core   0: 3 0x0000000080006020 (0x344025f3) x11 0x0000000000000080
core   0: 0x0000000080006024 (0x343025f3) csrrs   a1, mtval, zero
core   0: 3 0x0000000080006024 (0x343025f3) x11 0x0000000030651573
core   0: 0x0000000080006028 (0x14302573) csrrs   a0, stval, zero
core   0: 3 0x0000000080006028 (0x14302573) x10 0x0000000000000000
core   0: 0x000000008000602c (0xb02024f3) csrrs   s1, minstret, zero
core   0: 3 0x000000008000602c (0xb02024f3) x9  0x0000000000000b17
core   0: 0x0000000080006030 (0x0000a811) c.j     pc + 20
core   0: 3 0x0000000080006030 (0xa811)
core   0: >>>>  mepc_4
core   0: 0x0000000080006044 (0x00000791) c.addi  a5, 4
core   0: 3 0x0000000080006044 (0x0791) x15 0x0000000080004a8e
core   0: 0x0000000080006046 (0x34179073) csrrw   zero, mepc, a5
core   0: 3 0x0000000080006046 (0x34179073) c833_mepc 0x0000000080004a8e
core   0: 0x000000008000604a (0x30200073) mret
core   0: 3 0x000000008000604a (0x30200073) c768_mstatus 0x8000000a00106080
core   0: 0x0000000080004a8e (0x9352e293) ori     t0, t0, -1739
core   0: 1 0x0000000080004a8e (0x9352e293) x5  0xfffffffffffff935
core   0: 0x0000000080004a92 (0xc8fffb97) auipc   s7, 0xc8fff
core   0: 1 0x0000000080004a92 (0xc8fffb97) x23 0x0000000049003a92
core   0: 0x0000000080004a96 (0x5a017653) fsqrt.d fa2, ft2
core   0: 1 0x0000000080004a96 (0x5a017653) f12 0x7ff8000000000000
core   0: 0x0000000080004a9a (0x029284bb) mulw    s1, t0, s1
core   0: 1 0x0000000080004a9a (0x029284bb) x9  0xffffffffffb4aac3
core   0: 0x0000000080004a9e (0x401ad31b) sraiw   t1, s5, 1
core   0: 1 0x0000000080004a9e (0x401ad31b) x6  0xffffffffffffffff
core   0: 0x0000000080004aa2 (0xc237fa53) fcvt.lu.d s4, fa5
core   0: 1 0x0000000080004aa2 (0xc237fa53) c1_fflags 0x0000000000000013 x20 0xffffffffffffffff
core   0: 0x0000000080004aa6 (0x1b117ad3) fdiv.d  fs5, ft2, fa7
core   0: 1 0x0000000080004aa6 (0x1b117ad3) f21 0x7ff8000000000000
core   0: 0x0000000080004aaa (0x037d4d3b) divw    s10, s10, s7
core   0: 1 0x0000000080004aaa (0x037d4d3b) x26 0x0000000000000000
core   0: 0x0000000080004aae (0x00db9bb3) sll     s7, s7, a3
core   0: 1 0x0000000080004aae (0x00db9bb3) x23 0x0000000049003a92
core   0: 0x0000000080004ab2 (0x7995861b) addiw   a2, a1, 1945
core   0: 1 0x0000000080004ab2 (0x7995861b) x12 0x0000000030651d0c
core   0: 0x0000000080004ab6 (0x40dbd99b) sraiw   s3, s7, 13
core   0: 1 0x0000000080004ab6 (0x40dbd99b) x19 0x0000000000024801
core   0: 0x0000000080004aba (0x122c70d3) fmul.d  ft1, fs8, ft2
core   0: 1 0x0000000080004aba (0x122c70d3) f1  0x7ff8000000000000
core   0: 0x0000000080004abe (0x40075d13) srai    s10, a4, 0
core   0: 1 0x0000000080004abe (0x40075d13) x26 0x0000000000000002
core   0: 0x0000000080004ac2 (0x027d78b3) remu    a7, s10, t2
core   0: 1 0x0000000080004ac2 (0x027d78b3) x17 0x0000000000000002
core   0: 0x0000000080004ac6 (0x2ac603d3) fmin.d  ft7, fa2, fa2
core   0: 1 0x0000000080004ac6 (0x2ac603d3) f7  0x7ff8000000000000
core   0: 0x0000000080004aca (0x406e599b) sraiw   s3, t3, 6
core   0: 1 0x0000000080004aca (0x406e599b) x19 0x0000000000000000
core   0: 0x0000000080004ace (0x7ab3f7c3) fmadd.d fa5, ft7, fa1, fa5
core   0: 1 0x0000000080004ace (0x7ab3f7c3) f15 0x7ff8000000000000
core   0: 0x0000000080004ad2 (0x02ade533) rem     a0, s11, a0
core   0: 1 0x0000000080004ad2 (0x02ade533) x10 0x00000000000003ff
core   0: 0x0000000080004ad6 (0x40c655bb) sraw    a1, a2, a2
core   0: 1 0x0000000080004ad6 (0x40c655bb) x11 0x0000000000030651
core   0: 0x0000000080004ada (0x02ba60b3) rem     ra, s4, a1
core   0: 1 0x0000000080004ada (0x02ba60b3) x1  0xffffffffffffffff
core   0: 0x0000000080004ade (0x000c9a13) slli    s4, s9, 0
core   0: 1 0x0000000080004ade (0x000c9a13) x20 0x0000000000000011
core   0: 0x0000000080004ae2 (0x8008fc13) andi    s8, a7, -2048
core   0: 1 0x0000000080004ae2 (0x8008fc13) x24 0x0000000000000000
core   0: 0x0000000080004ae6 (0x0003151b) slliw   a0, t1, 0
core   0: 1 0x0000000080004ae6 (0x0003151b) x10 0xffffffffffffffff
core   0: 0x0000000080004aea (0xff83f2b7) lui     t0, 0xff83f
core   0: 1 0x0000000080004aea (0xff83f2b7) x5  0xffffffffff83f000
core   0: 0x0000000080004aee (0xa952829b) addiw   t0, t0, -1387
core   0: 1 0x0000000080004aee (0xa952829b) x5  0xffffffffff83ea95
core   0: 0x0000000080004af2 (0x000002ba) c.slli  t0, 14
core   0: 1 0x0000000080004af2 (0x02ba) x5  0xffffffe0faa54000
core   0: 0x0000000080004af4 (0x00000295) c.addi  t0, 5
core   0: 1 0x0000000080004af4 (0x0295) x5  0xffffffe0faa54005
core   0: 0x0000000080004af6 (0x121bf053) fmul.d  ft0, fs7, ft1
core   0: 1 0x0000000080004af6 (0x121bf053) f0  0x7ff8000000000000
core   0: 0x0000000080004afa (0x000090f1) c.srli  s1, 60
core   0: 1 0x0000000080004afa (0x90f1) x9  0x000000000000000f
core   0: 0x0000000080004afc (0x009ad73b) srlw    a4, s5, s1
core   0: 1 0x0000000080004afc (0x009ad73b) x14 0x000000000001ffff
core   0: 0x0000000080004b00 (0x41b68633) sub     a2, a3, s11
core   0: 1 0x0000000080004b00 (0x41b68633) x12 0xfffffffffffffc01
core   0: 0x0000000080004b04 (0x00202c73) csrrs   s8, frm, zero
core   0: 1 0x0000000080004b04 (0x00202c73) x24 0x0000000000000000
core   0: 0x0000000080004b08 (0xa31b8b53) fle.d   s6, fs7, fa7
core   0: 1 0x0000000080004b08 (0xa31b8b53) x22 0x0000000000000001
core   0: 0x0000000080004b0c (0x0330f94f) fnmadd.d fs2, ft1, fs3, ft0
core   0: 1 0x0000000080004b0c (0x0330f94f) f18 0x7ff8000000000000
core   0: 0x0000000080004b10 (0x03875393) srli    t2, a4, 56
core   0: 1 0x0000000080004b10 (0x03875393) x7  0x0000000000000000
core   0: 0x0000000080004b14 (0x02ce764f) fnmadd.d fa2, ft8, fa2, ft0
core   0: 1 0x0000000080004b14 (0x02ce764f) f12 0x7ff8000000000000
core   0: 0x0000000080004b18 (0xc220f6d3) fcvt.l.d a3, ft1
core   0: 1 0x0000000080004b18 (0xc220f6d3) c1_fflags 0x0000000000000013 x13 0x7fffffffffffffff
core   0: 0x0000000080004b1c (0x4006d29b) sraiw   t0, a3, 0
core   0: 1 0x0000000080004b1c (0x4006d29b) x5  0xffffffffffffffff
core   0: 0x0000000080004b20 (0xd02efa53) fcvt.s.l fs4, t4
core   0: 1 0x0000000080004b20 (0xd02efa53) f20 0xffffffff00000000
core   0: 0x0000000080004b24 (0xc22d73d3) fcvt.l.d t2, fs10
core   0: 1 0x0000000080004b24 (0xc22d73d3) c1_fflags 0x0000000000000013 x7  0x7fffffffffffffff
core   0: 0x0000000080004b28 (0x401b79d3) fcvt.s.d fs3, fs6
core   0: 1 0x0000000080004b28 (0x401b79d3) f19 0xffffffff5f000000
core   0: 0x0000000080004b2c (0xc21872d3) fcvt.wu.d t0, fa6
core   0: 1 0x0000000080004b2c (0xc21872d3) c1_fflags 0x0000000000000013 x5  0xffffffffffffffff
core   0: 0x0000000080004b30 (0x03516abb) remw    s5, sp, s5
core   0: 1 0x0000000080004b30 (0x03516abb) x21 0x0000000000000000
core   0: 0x0000000080004b34 (0x008a2db3) slt     s11, s4, s0
core   0: 1 0x0000000080004b34 (0x008a2db3) x27 0x0000000000000000
core   0: 0x0000000080004b38 (0x416d523b) sraw    tp, s10, s6
core   0: 1 0x0000000080004b38 (0x416d523b) x4  0x0000000000000001
core   0: 0x0000000080004b3c (0xa0594513) xori    a0, s2, -1531
core   0: 1 0x0000000080004b3c (0xa0594513) x10 0xfffffffffffffa05
core   0: 0x0000000080004b40 (0xa31d0a53) fle.d   s4, fs10, fa7
core   0: 1 0x0000000080004b40 (0xa31d0a53) c1_fflags 0x0000000000000013 x20 0x0000000000000000
core   0: 0x0000000080004b44 (0x018bd81b) srliw   a6, s7, 24
core   0: 1 0x0000000080004b44 (0x018bd81b) x16 0x0000000000000049
core   0: 0x0000000080004b48 (0x00000001) c.nop
core   0: 1 0x0000000080004b48 (0x0001)
core   0: 0x0000000080004b4a (0x2e23891b) addiw   s2, t2, 738
core   0: 1 0x0000000080004b4a (0x2e23891b) x18 0x00000000000002e1
core   0: 0x0000000080004b4e (0xd21b82d3) fcvt.d.wu ft5, s7
core   0: 1 0x0000000080004b4e (0xd21b82d3) f5  0x41d2400ea4800000
core   0: 0x0000000080004b52 (0x01f8539b) srliw   t2, a6, 31
core   0: 1 0x0000000080004b52 (0x01f8539b) x7  0x0000000000000000
core   0: 0x0000000080004b56 (0x5a077853) fsqrt.d fa6, fa4
core   0: 1 0x0000000080004b56 (0x5a077853) f16 0x0000000000000000
core   0: 0x0000000080004b5a (0x00139b93) slli    s7, t2, 1
core   0: 1 0x0000000080004b5a (0x00139b93) x23 0x0000000000000000
core   0: 0x0000000080004b5e (0xe94c879b) addiw   a5, s9, -364
core   0: 1 0x0000000080004b5e (0xe94c879b) x15 0xfffffffffffffea5
core   0: 0x0000000080004b62 (0x4141d5b3) sra     a1, gp, s4
core   0: 1 0x0000000080004b62 (0x4141d5b3) x11 0x0000000000000000
core   0: 0x0000000080004b66 (0x0143e7b3) or      a5, t2, s4
core   0: 1 0x0000000080004b66 (0x0143e7b3) x15 0x0000000000000000
core   0: 0x0000000080004b6a (0x00fc1233) sll     tp, s8, a5
core   0: 1 0x0000000080004b6a (0x00fc1233) x4  0x0000000000000000
core   0: 0x0000000080004b6e (0x00149973) csrrw   s2, fflags, s1
core   0: 1 0x0000000080004b6e (0x00149973) x18 0x0000000000000013 c1_fflags 0x000000000000000f
core   0: 0x0000000080004b72 (0xd02571d3) fcvt.s.l ft3, a0
core   0: 1 0x0000000080004b72 (0xd02571d3) f3  0xffffffffc4bf6000
core   0: 0x0000000080004b76 (0x23e494d3) fsgnjn.d fs1, fs1, ft10
core   0: 1 0x0000000080004b76 (0x23e494d3) f9  0x8000000000000000
core   0: 0x0000000080004b7a (0xd2377353) fcvt.d.lu ft6, a4
core   0: 1 0x0000000080004b7a (0xd2377353) f6  0x40fffff000000000
core   0: 0x0000000080004b7e (0x01d3feb3) and     t4, t2, t4
core   0: 1 0x0000000080004b7e (0x01d3feb3) x29 0x0000000000000000
core   0: 0x0000000080004b82 (0x00202b73) csrrs   s6, frm, zero
core   0: 1 0x0000000080004b82 (0x00202b73) x22 0x0000000000000000
core   0: 0x0000000080004b86 (0xc056a2f3) csrrs   t0, hpmcounter5, a3
core   0: exception trap_illegal_instruction, epc 0x0000000080004b86
core   0:           tval 0x00000000c056a2f3
core   0: >>>>  $xrv64i2p1_m2p0_a2p1_f2p2_d2p2_zicsr2p0_zifencei2p0_zmmul1p0_zba1p0_zbb1p0_zbc1p0_zbs1p0
core   0: 0x0000000080004000 (0x0080006f) j       pc + 0x8
core   0: 3 0x0000000080004000 (0x0080006f)
core   0: >>>>  mmode_exception_handler
core   0: 0x0000000080004008 (0x00002c17) auipc   s8, 0x2
core   0: 3 0x0000000080004008 (0x00002c17) x24 0x0000000080006008
core   0: 0x000000008000400c (0x008c0c13) addi    s8, s8, 8
core   0: 3 0x000000008000400c (0x008c0c13) x24 0x0000000080006010
core   0: 0x0000000080004010 (0x000c00e7) jalr    s8
core   0: 3 0x0000000080004010 (0x000c00e7) x1  0x0000000080004014
core   0: >>>>  any_handler
core   0: 0x0000000080006010 (0x341027f3) csrrs   a5, mepc, zero
core   0: 3 0x0000000080006010 (0x341027f3) x15 0x0000000080004b86
core   0: 0x0000000080006014 (0x34202773) csrrs   a4, mcause, zero
core   0: 3 0x0000000080006014 (0x34202773) x14 0x0000000000000002
core   0: 0x0000000080006018 (0x142026f3) csrrs   a3, scause, zero
core   0: 3 0x0000000080006018 (0x142026f3) x13 0x0000000000000000
core   0: 0x000000008000601c (0x30402673) csrrs   a2, mie, zero
core   0: 3 0x000000008000601c (0x30402673) x12 0x0000000000000a00
core   0: 0x0000000080006020 (0x344025f3) csrrs   a1, mip, zero
core   0: 3 0x0000000080006020 (0x344025f3) x11 0x0000000000000080
core   0: 0x0000000080006024 (0x343025f3) csrrs   a1, mtval, zero
core   0: 3 0x0000000080006024 (0x343025f3) x11 0x00000000c056a2f3
core   0: 0x0000000080006028 (0x14302573) csrrs   a0, stval, zero
core   0: 3 0x0000000080006028 (0x14302573) x10 0x0000000000000000
core   0: 0x000000008000602c (0xb02024f3) csrrs   s1, minstret, zero
core   0: 3 0x000000008000602c (0xb02024f3) x9  0x0000000000000b67
core   0: 0x0000000080006030 (0x0000a811) c.j     pc + 20
core   0: 3 0x0000000080006030 (0xa811)
core   0: >>>>  mepc_4
core   0: 0x0000000080006044 (0x00000791) c.addi  a5, 4
core   0: 3 0x0000000080006044 (0x0791) x15 0x0000000080004b8a
core   0: 0x0000000080006046 (0x34179073) csrrw   zero, mepc, a5
core   0: 3 0x0000000080006046 (0x34179073) c833_mepc 0x0000000080004b8a
core   0: 0x000000008000604a (0x30200073) mret
core   0: 3 0x000000008000604a (0x30200073) c768_mstatus 0x8000000a00106080
core   0: 0x0000000080004b8a (0x029664bb) remw    s1, a2, s1
core   0: 1 0x0000000080004b8a (0x029664bb) x9  0x0000000000000a00
core   0: 0x0000000080004b8e (0xc0129373) csrrw   t1, time, t0
core   0: exception trap_illegal_instruction, epc 0x0000000080004b8e
core   0:           tval 0x00000000c0129373
core   0: >>>>  $xrv64i2p1_m2p0_a2p1_f2p2_d2p2_zicsr2p0_zifencei2p0_zmmul1p0_zba1p0_zbb1p0_zbc1p0_zbs1p0
core   0: 0x0000000080004000 (0x0080006f) j       pc + 0x8
core   0: 3 0x0000000080004000 (0x0080006f)
core   0: >>>>  mmode_exception_handler
core   0: 0x0000000080004008 (0x00002c17) auipc   s8, 0x2
core   0: 3 0x0000000080004008 (0x00002c17) x24 0x0000000080006008
core   0: 0x000000008000400c (0x008c0c13) addi    s8, s8, 8
core   0: 3 0x000000008000400c (0x008c0c13) x24 0x0000000080006010
core   0: 0x0000000080004010 (0x000c00e7) jalr    s8
core   0: 3 0x0000000080004010 (0x000c00e7) x1  0x0000000080004014
core   0: >>>>  any_handler
core   0: 0x0000000080006010 (0x341027f3) csrrs   a5, mepc, zero
core   0: 3 0x0000000080006010 (0x341027f3) x15 0x0000000080004b8e
core   0: 0x0000000080006014 (0x34202773) csrrs   a4, mcause, zero
core   0: 3 0x0000000080006014 (0x34202773) x14 0x0000000000000002
core   0: 0x0000000080006018 (0x142026f3) csrrs   a3, scause, zero
core   0: 3 0x0000000080006018 (0x142026f3) x13 0x0000000000000000
core   0: 0x000000008000601c (0x30402673) csrrs   a2, mie, zero
core   0: 3 0x000000008000601c (0x30402673) x12 0x0000000000000a00
core   0: 0x0000000080006020 (0x344025f3) csrrs   a1, mip, zero
core   0: 3 0x0000000080006020 (0x344025f3) x11 0x0000000000000080
core   0: 0x0000000080006024 (0x343025f3) csrrs   a1, mtval, zero
core   0: 3 0x0000000080006024 (0x343025f3) x11 0x00000000c0129373
core   0: 0x0000000080006028 (0x14302573) csrrs   a0, stval, zero
core   0: 3 0x0000000080006028 (0x14302573) x10 0x0000000000000000
core   0: 0x000000008000602c (0xb02024f3) csrrs   s1, minstret, zero
core   0: 3 0x000000008000602c (0xb02024f3) x9  0x0000000000000b78
core   0: 0x0000000080006030 (0x0000a811) c.j     pc + 20
core   0: 3 0x0000000080006030 (0xa811)
core   0: >>>>  mepc_4
core   0: 0x0000000080006044 (0x00000791) c.addi  a5, 4
core   0: 3 0x0000000080006044 (0x0791) x15 0x0000000080004b92
core   0: 0x0000000080006046 (0x34179073) csrrw   zero, mepc, a5
core   0: 3 0x0000000080006046 (0x34179073) c833_mepc 0x0000000080004b92
core   0: 0x000000008000604a (0x30200073) mret
core   0: 3 0x000000008000604a (0x30200073) c768_mstatus 0x8000000a00106080
core   0: 0x0000000080004b92 (0x40605bb3) sra     s7, zero, t1
core   0: 1 0x0000000080004b92 (0x40605bb3) x23 0x0000000000000000
core   0: 0x0000000080004b96 (0x038111b3) mulh    gp, sp, s8
core   0: 1 0x0000000080004b96 (0x038111b3) x3  0x0000000000000000
core   0: 0x0000000080004b9a (0xc0387253) fcvt.lu.s tp, fa6
core   0: 1 0x0000000080004b9a (0xc0387253) c1_fflags 0x000000000000001f x4  0xffffffffffffffff
core   0: 0x0000000080004b9e (0x22640153) fsgnj.d ft2, fs0, ft6
core   0: 1 0x0000000080004b9e (0x22640153) f2  0x00000000a71aa768
core   0: 0x0000000080004ba2 (0xd20d0053) fcvt.d.w ft0, s10
core   0: 1 0x0000000080004ba2 (0xd20d0053) f0  0x4000000000000000
core   0: 0x0000000080004ba6 (0x000e6793) ori     a5, t3, 0
core   0: 1 0x0000000080004ba6 (0x000e6793) x15 0x7ff8000000000000
core   0: 0x0000000080004baa (0xc226f1d3) fcvt.l.d gp, fa3
core   0: 1 0x0000000080004baa (0xc226f1d3) c1_fflags 0x000000000000001f x3  0x7fffffffffffffff
core   0: 0x0000000080004bae (0x00019613) slli    a2, gp, 0
core   0: 1 0x0000000080004bae (0x00019613) x12 0x7fffffffffffffff
core   0: 0x0000000080004bb2 (0x02c5dcb3) divu    s9, a1, a2
core   0: 1 0x0000000080004bb2 (0x02c5dcb3) x25 0x0000000000000000
core   0: 0x0000000080004bb6 (0xada92537) lui     a0, 0xada92
core   0: 1 0x0000000080004bb6 (0xada92537) x10 0xffffffffada92000
core   0: 0x0000000080004bba (0x80018b93) addi    s7, gp, -2048
core   0: 1 0x0000000080004bba (0x80018b93) x23 0x7ffffffffffff7ff
core   0: 0x0000000080004bbe (0x2b658bd3) fmin.d  fs7, fa1, fs6
core   0: 1 0x0000000080004bbe (0x2b658bd3) f23 0x43e0000000000000
core   0: 0x0000000080004bc2 (0x40025913) srai    s2, tp, 0
core   0: 1 0x0000000080004bc2 (0x40025913) x18 0xffffffffffffffff
core   0: 0x0000000080004bc6 (0x009297bb) sllw    a5, t0, s1
core   0: 1 0x0000000080004bc6 (0x009297bb) x15 0xffffffffff000000
core   0: 0x0000000080004bca (0x00c4dd3b) srlw    s10, s1, a2
core   0: 1 0x0000000080004bca (0x00c4dd3b) x26 0x0000000000000000
core   0: 0x0000000080004bce (0x001d1df3) csrrw   s11, fflags, s10
core   0: 1 0x0000000080004bce (0x001d1df3) x27 0x000000000000001f c1_fflags 0x0000000000000000
core   0: 0x0000000080004bd2 (0x01d21cbb) sllw    s9, tp, t4
core   0: 1 0x0000000080004bd2 (0x01d21cbb) x25 0xffffffffffffffff
core   0: 0x0000000080004bd6 (0x0045cd33) xor     s10, a1, tp
core   0: 1 0x0000000080004bd6 (0x0045cd33) x26 0xffffffff3fed6c8c
core   0: 0x0000000080004bda (0x01d0003b) addw    zero, zero, t4
core   0: 1 0x0000000080004bda (0x01d0003b)
core   0: 0x0000000080004bde (0x03809b93) slli    s7, ra, 56
core   0: 1 0x0000000080004bde (0x03809b93) x23 0x1400000000000000
core   0: 0x0000000080004be2 (0xc225fdd3) fcvt.l.d s11, fa1
core   0: 1 0x0000000080004be2 (0xc225fdd3) c1_fflags 0x0000000000000010 x27 0x7fffffffffffffff
core   0: 0x0000000080004be6 (0xf371fdcb) fnmsub.d fs11, ft3, fs7, ft10
core   0: 1 0x0000000080004be6 (0xf371fdcb) f27 0x7ff8000000000000
core   0: 0x0000000080004bea (0x00000001) c.nop
core   0: 1 0x0000000080004bea (0x0001)
core   0: 0x0000000080004bec (0x0142023b) addw    tp, tp, s4
core   0: 1 0x0000000080004bec (0x0142023b) x4  0xffffffffffffffff
core   0: 0x0000000080004bf0 (0xc031f553) fcvt.lu.s a0, ft3
core   0: 1 0x0000000080004bf0 (0xc031f553) c1_fflags 0x0000000000000010 x10 0x0000000000000000
core   0: 0x0000000080004bf4 (0x00f86833) or      a6, a6, a5
core   0: 1 0x0000000080004bf4 (0x00f86833) x16 0xffffffffff000049
core   0: 0x0000000080004bf8 (0x01080db3) add     s11, a6, a6
core   0: 1 0x0000000080004bf8 (0x01080db3) x27 0xfffffffffe000092
core   0: 0x0000000080004bfc (0x41ab599b) sraiw   s3, s6, 26
core   0: 1 0x0000000080004bfc (0x41ab599b) x19 0x0000000000000000
core   0: 0x0000000080004c00 (0x5a0bf4d3) fsqrt.d fs1, fs7
core   0: 1 0x0000000080004c00 (0x5a0bf4d3) c1_fflags 0x0000000000000011 f9  0x41e6a09e667f3bcd
core   0: 0x0000000080004c04 (0xd22b7553) fcvt.d.l fa0, s6
core   0: 1 0x0000000080004c04 (0xd22b7553) f10 0x0000000000000000
core   0: 0x0000000080004c08 (0x7ff5001b) addiw   zero, a0, 2047
core   0: 1 0x0000000080004c08 (0x7ff5001b)
core   0: 0x0000000080004c0c (0x00000001) c.nop
core   0: 1 0x0000000080004c0c (0x0001)
core   0: 0x0000000080004c0e (0x83557acb) fnmsub.d fs5, fa0, fs5, fa6
core   0: 1 0x0000000080004c0e (0x83557acb) f21 0x7ff8000000000000
core   0: 0x0000000080004c12 (0x03f95513) srli    a0, s2, 63
core   0: 1 0x0000000080004c12 (0x03f95513) x10 0x0000000000000001
core   0: 0x0000000080004c16 (0x0829da17) auipc   s4, 0x829d
core   0: 1 0x0000000080004c16 (0x0829da17) x20 0x00000000882a1c16
core   0: 0x0000000080004c1a (0x0ff0000f) fence   iorw,iorw
core   0: 1 0x0000000080004c1a (0x0ff0000f)
core   0: 0x0000000080004c1e (0x9a683297) auipc   t0, 0x9a683
core   0: 1 0x0000000080004c1e (0x9a683297) x5  0x000000001a687c1e
core   0: 0x0000000080004c22 (0xc22573d3) fcvt.l.d t2, fa0
core   0: 1 0x0000000080004c22 (0xc22573d3) x7  0x0000000000000000
core   0: 0x0000000080004c26 (0x0073a433) slt     s0, t2, t2
core   0: 1 0x0000000080004c26 (0x0073a433) x8  0x0000000000000000
core   0: 0x0000000080004c2a (0x02f9813b) mulw    sp, s3, a5
core   0: 1 0x0000000080004c2a (0x02f9813b) x2  0x0000000000000000
core   0: 0x0000000080004c2e (0xc234f153) fcvt.lu.d sp, fs1
core   0: 1 0x0000000080004c2e (0xc234f153) c1_fflags 0x0000000000000011 x2  0x00000000b504f334
core   0: 0x0000000080004c32 (0x03213eb3) mulhu   t4, sp, s2
core   0: 1 0x0000000080004c32 (0x03213eb3) x29 0x00000000b504f333
core   0: 0x0000000080004c36 (0xc034fdd3) fcvt.lu.s s11, fs1
core   0: 1 0x0000000080004c36 (0xc034fdd3) c1_fflags 0x0000000000000011 x27 0xffffffffffffffff
core   0: 0x0000000080004c3a (0xe2048353) fmv.x.d t1, fs1
core   0: 1 0x0000000080004c3a (0xe2048353) x6  0x41e6a09e667f3bcd
core   0: 0x0000000080004c3e (0x40528cb3) sub     s9, t0, t0
core   0: 1 0x0000000080004c3e (0x40528cb3) x25 0x0000000000000000
core   0: 0x0000000080004c42 (0x62acfcc3) fmadd.d fs9, fs9, fa0, fa2
core   0: 1 0x0000000080004c42 (0x62acfcc3) f25 0x7ff8000000000000
core   0: 0x0000000080004c46 (0x0262033b) mulw    t1, tp, t1
core   0: 1 0x0000000080004c46 (0x0262033b) x6  0xffffffff9980c433
core   0: 0x0000000080004c4a (0xc214fb53) fcvt.wu.d s6, fs1
core   0: 1 0x0000000080004c4a (0xc214fb53) c1_fflags 0x0000000000000011 x22 0xffffffffb504f334
core   0: 0x0000000080004c4e (0x00d6983b) sllw    a6, a3, a3
core   0: 1 0x0000000080004c4e (0x00d6983b) x16 0x0000000000000000
core   0: 0x0000000080004c52 (0x018d53b3) srl     t2, s10, s8
core   0: 1 0x0000000080004c52 (0x018d53b3) x7  0x0000ffffffff3fed
core   0: 0x0000000080004c56 (0x001020f3) csrrs   ra, fflags, zero
core   0: 1 0x0000000080004c56 (0x001020f3) x1  0x0000000000000011
core   0: 0x0000000080004c5a (0x2b580153) fmin.d  ft2, fa6, fs5
core   0: 1 0x0000000080004c5a (0x2b580153) f2  0x0000000000000000
core   0: 0x0000000080004c5e (0xfe17d1b7) lui     gp, 0xfe17d
core   0: 1 0x0000000080004c5e (0xfe17d1b7) x3  0xfffffffffe17d000
core   0: 0x0000000080004c62 (0xa0f1819b) addiw   gp, gp, -1521
core   0: 1 0x0000000080004c62 (0xa0f1819b) x3  0xfffffffffe17ca0f
core   0: 0x0000000080004c66 (0x000001b6) c.slli  gp, 13
core   0: 1 0x0000000080004c66 (0x01b6) x3  0xffffffc2f941e000
core   0: 0x0000000080004c68 (0x9cc18193) addi    gp, gp, -1588
core   0: 1 0x0000000080004c68 (0x9cc18193) x3  0xffffffc2f941d9cc
core   0: 0x0000000080004c6c (0x029480bb) mulw    ra, s1, s1
core   0: 1 0x0000000080004c6c (0x029480bb) x1  0x0000000000838840
core   0: 0x0000000080004c70 (0x401d7d53) fcvt.s.d fs10, fs10
core   0: 1 0x0000000080004c70 (0x401d7d53) f26 0xffffffff7fc00000
core   0: 0x0000000080004c74 (0x4003d39b) sraiw   t2, t2, 0
core   0: 1 0x0000000080004c74 (0x4003d39b) x7  0xffffffffffff3fed
core   0: 0x0000000080004c78 (0x00a4fa33) and     s4, s1, a0
core   0: 1 0x0000000080004c78 (0x00a4fa33) x20 0x0000000000000000
core   0: 0x0000000080004c7c (0x2a6711d3) fmax.d  ft3, fa4, ft6
core   0: 1 0x0000000080004c7c (0x2a6711d3) f3  0x40fffff000000000
core   0: 0x0000000080004c80 (0x00d9dc1b) srliw   s8, s3, 13
core   0: 1 0x0000000080004c80 (0x00d9dc1b) x24 0x0000000000000000
core   0: 0x0000000080004c84 (0x00a3119b) slliw   gp, t1, 10
core   0: 1 0x0000000080004c84 (0x00a3119b) x3  0x000000000310cc00
core   0: 0x0000000080004c88 (0x026e3433) mulhu   s0, t3, t1
core   0: 1 0x0000000080004c88 (0x026e3433) x8  0x7ff7ffffccc39613
core   0: 0x0000000080004c8c (0x5a4a8913) addi    s2, s5, 1444
core   0: 1 0x0000000080004c8c (0x5a4a8913) x18 0x00000000000005a4
core   0: 0x0000000080004c90 (0x800b8b1b) addiw   s6, s7, -2048
core   0: 1 0x0000000080004c90 (0x800b8b1b) x22 0xfffffffffffff800
core   0: 0x0000000080004c94 (0xc02bb073) csrrc   zero, instret, s7
core   0: exception trap_illegal_instruction, epc 0x0000000080004c94
core   0:           tval 0x00000000c02bb073
core   0: >>>>  $xrv64i2p1_m2p0_a2p1_f2p2_d2p2_zicsr2p0_zifencei2p0_zmmul1p0_zba1p0_zbb1p0_zbc1p0_zbs1p0
core   0: 0x0000000080004000 (0x0080006f) j       pc + 0x8
core   0: 3 0x0000000080004000 (0x0080006f)
core   0: >>>>  mmode_exception_handler
core   0: 0x0000000080004008 (0x00002c17) auipc   s8, 0x2
core   0: 3 0x0000000080004008 (0x00002c17) x24 0x0000000080006008
core   0: 0x000000008000400c (0x008c0c13) addi    s8, s8, 8
core   0: 3 0x000000008000400c (0x008c0c13) x24 0x0000000080006010
core   0: 0x0000000080004010 (0x000c00e7) jalr    s8
core   0: 3 0x0000000080004010 (0x000c00e7) x1  0x0000000080004014
core   0: >>>>  any_handler
core   0: 0x0000000080006010 (0x341027f3) csrrs   a5, mepc, zero
core   0: 3 0x0000000080006010 (0x341027f3) x15 0x0000000080004c94
core   0: 0x0000000080006014 (0x34202773) csrrs   a4, mcause, zero
core   0: 3 0x0000000080006014 (0x34202773) x14 0x0000000000000002
core   0: 0x0000000080006018 (0x142026f3) csrrs   a3, scause, zero
core   0: 3 0x0000000080006018 (0x142026f3) x13 0x0000000000000000
core   0: 0x000000008000601c (0x30402673) csrrs   a2, mie, zero
core   0: 3 0x000000008000601c (0x30402673) x12 0x0000000000000a00
core   0: 0x0000000080006020 (0x344025f3) csrrs   a1, mip, zero
core   0: 3 0x0000000080006020 (0x344025f3) x11 0x0000000000000080
core   0: 0x0000000080006024 (0x343025f3) csrrs   a1, mtval, zero
core   0: 3 0x0000000080006024 (0x343025f3) x11 0x00000000c02bb073
core   0: 0x0000000080006028 (0x14302573) csrrs   a0, stval, zero
core   0: 3 0x0000000080006028 (0x14302573) x10 0x0000000000000000
core   0: 0x000000008000602c (0xb02024f3) csrrs   s1, minstret, zero
core   0: 3 0x000000008000602c (0xb02024f3) x9  0x0000000000000bca
core   0: 0x0000000080006030 (0x0000a811) c.j     pc + 20
core   0: 3 0x0000000080006030 (0xa811)
core   0: >>>>  mepc_4
core   0: 0x0000000080006044 (0x00000791) c.addi  a5, 4
core   0: 3 0x0000000080006044 (0x0791) x15 0x0000000080004c98
core   0: 0x0000000080006046 (0x34179073) csrrw   zero, mepc, a5
core   0: 3 0x0000000080006046 (0x34179073) c833_mepc 0x0000000080004c98
core   0: 0x000000008000604a (0x30200073) mret
core   0: 3 0x000000008000604a (0x30200073) c768_mstatus 0x8000000a00106080
core   0: 0x0000000080004c98 (0x0002929b) slliw   t0, t0, 0
core   0: 1 0x0000000080004c98 (0x0002929b) x5  0x000000001a687c1e
core   0: 0x0000000080004c9c (0x0006161b) slliw   a2, a2, 0
core   0: 1 0x0000000080004c9c (0x0006161b) x12 0x0000000000000a00
core   0: 0x0000000080004ca0 (0x0329c73b) divw    a4, s3, s2
core   0: 1 0x0000000080004ca0 (0x0329c73b) x14 0x0000000000000000
core   0: 0x0000000080004ca4 (0x012cd3bb) srlw    t2, s9, s2
core   0: 1 0x0000000080004ca4 (0x012cd3bb) x7  0x0000000000000000
core   0: 0x0000000080004ca8 (0x02037033) remu    zero, t1, zero
core   0: 1 0x0000000080004ca8 (0x02037033)
core   0: 0x0000000080004cac (0x4001573b) sraw    a4, sp, zero
core   0: 1 0x0000000080004cac (0x4001573b) x14 0xffffffffb504f334
core   0: 0x0000000080004cb0 (0x032905bb) mulw    a1, s2, s2
core   0: 1 0x0000000080004cb0 (0x032905bb) x11 0x00000000001fd110
core   0: 0x0000000080004cb4 (0x42030e53) fcvt.d.s ft8, ft6
core   0: 1 0x0000000080004cb4 (0x42030e53) f28 0x7ff8000000000000
core   0: 0x0000000080004cb8 (0x40d68cbb) subw    s9, a3, a3
core   0: 1 0x0000000080004cb8 (0x40d68cbb) x25 0x0000000000000000
core   0: 0x0000000080004cbc (0x025a053b) mulw    a0, s4, t0
core   0: 1 0x0000000080004cbc (0x025a053b) x10 0x0000000000000000
core   0: 0x0000000080004cc0 (0x0136f9b3) and     s3, a3, s3
core   0: 1 0x0000000080004cc0 (0x0136f9b3) x19 0x0000000000000000
core   0: 0x0000000080004cc4 (0x017b5cbb) srlw    s9, s6, s7
core   0: 1 0x0000000080004cc4 (0x017b5cbb) x25 0xfffffffffffff800
core   0: 0x0000000080004cc8 (0x037bb1b3) mulhu   gp, s7, s7
core   0: 1 0x0000000080004cc8 (0x037bb1b3) x3  0x0190000000000000
core   0: 0x0000000080004ccc (0x0233433b) divw    t1, t1, gp
core   0: 1 0x0000000080004ccc (0x0233433b) x6  0xffffffffffffffff
core   0: 0x0000000080004cd0 (0xd031f0d3) fcvt.s.lu ft1, gp
core   0: 1 0x0000000080004cd0 (0xd031f0d3) f1  0xffffffff5bc80000
core   0: 0x0000000080004cd4 (0xa21b86d3) fle.d   a3, fs7, ft1
core   0: 1 0x0000000080004cd4 (0xa21b86d3) c1_fflags 0x0000000000000011 x13 0x0000000000000000
core   0: 0x0000000080004cd8 (0xd0297ad3) fcvt.s.l fs5, s2
core   0: 1 0x0000000080004cd8 (0xd0297ad3) f21 0xffffffff44b48000
core   0: 0x0000000080004cdc (0x019cd73b) srlw    a4, s9, s9
core   0: 1 0x0000000080004cdc (0x019cd73b) x14 0xfffffffffffff800
core   0: 0x0000000080004ce0 (0x022d77b7) lui     a5, 0x22d7
core   0: 1 0x0000000080004ce0 (0x022d77b7) x15 0x00000000022d7000
core   0: 0x0000000080004ce4 (0x9a97879b) addiw   a5, a5, -1623
core   0: 1 0x0000000080004ce4 (0x9a97879b) x15 0x00000000022d69a9
core   0: 0x0000000080004ce8 (0x000007b2) c.slli  a5, 12
core   0: 1 0x0000000080004ce8 (0x07b2) x15 0x00000022d69a9000
core   0: 0x0000000080004cea (0xcfd78793) addi    a5, a5, -771
core   0: 1 0x0000000080004cea (0xcfd78793) x15 0x00000022d69a8cfd
core   0: 0x0000000080004cee (0xfcd09a37) lui     s4, 0xfcd09
core   0: 1 0x0000000080004cee (0xfcd09a37) x20 0xfffffffffcd09000
core   0: 0x0000000080004cf2 (0xd83a0a1b) addiw   s4, s4, -637
core   0: 1 0x0000000080004cf2 (0xd83a0a1b) x20 0xfffffffffcd08d83
core   0: 0x0000000080004cf6 (0x00000a36) c.slli  s4, 13
core   0: 1 0x0000000080004cf6 (0x0a36) x20 0xffffff9a11b06000
core   0: 0x0000000080004cf8 (0xb6fa0a13) addi    s4, s4, -1169
core   0: 1 0x0000000080004cf8 (0xb6fa0a13) x20 0xffffff9a11b05b6f
core   0: 0x0000000080004cfc (0xab1576c7) fmsub.d fa3, fa0, fa7, fs5
core   0: 1 0x0000000080004cfc (0xab1576c7) f13 0x7ff8000000000000
core   0: 0x0000000080004d00 (0x8005859b) addiw   a1, a1, -2048
core   0: 1 0x0000000080004d00 (0x8005859b) x11 0x00000000001fc910
core   0: 0x0000000080004d04 (0x0145933b) sllw    t1, a1, s4
core   0: 1 0x0000000080004d04 (0x0145933b) x6  0xffffffffe4880000
core   0: 0x0000000080004d08 (0x01de9d3b) sllw    s10, t4, t4
core   0: 1 0x0000000080004d08 (0x01de9d3b) x26 0xffffffff99980000
core   0: 0x0000000080004d0c (0x4012fcd3) fcvt.s.d fs9, ft5
core   0: 1 0x0000000080004d0c (0x4012fcd3) c1_fflags 0x0000000000000011 f25 0xffffffff4e920075
core   0: 0x0000000080004d10 (0x0389fa33) remu    s4, s3, s8
core   0: 1 0x0000000080004d10 (0x0389fa33) x20 0x0000000000000000
core   0: 0x0000000080004d14 (0x00000001) c.nop
core   0: 1 0x0000000080004d14 (0x0001)
core   0: 0x0000000080004d16 (0x0b21fed3) fsub.d  ft9, ft3, fs2
core   0: 1 0x0000000080004d16 (0x0b21fed3) f29 0x7ff8000000000000
core   0: 0x0000000080004d1a (0x00000001) c.nop
core   0: 1 0x0000000080004d1a (0x0001)
core   0: 0x0000000080004d1c (0x00f1e133) or      sp, gp, a5
core   0: 1 0x0000000080004d1c (0x00f1e133) x2  0x01900022d69a8cfd
core   0: 0x0000000080004d20 (0x40995cbb) sraw    s9, s2, s1
core   0: 1 0x0000000080004d20 (0x40995cbb) x25 0x0000000000000001
core   0: 0x0000000080004d24 (0xc03efa53) fcvt.lu.s s4, ft9
core   0: 1 0x0000000080004d24 (0xc03efa53) c1_fflags 0x0000000000000011 x20 0xffffffffffffffff
core   0: 0x0000000080004d28 (0x01c85793) srli    a5, a6, 28
core   0: 1 0x0000000080004d28 (0x01c85793) x15 0x0000000000000000
core   0: 0x0000000080004d2c (0x4007d49b) sraiw   s1, a5, 0
core   0: 1 0x0000000080004d2c (0x4007d49b) x9  0x0000000000000000
core   0: 0x0000000080004d30 (0xc049f3f3) csrrci  t2, hpmcounter4, 19
core   0: exception trap_illegal_instruction, epc 0x0000000080004d30
core   0:           tval 0x00000000c049f3f3
core   0: >>>>  $xrv64i2p1_m2p0_a2p1_f2p2_d2p2_zicsr2p0_zifencei2p0_zmmul1p0_zba1p0_zbb1p0_zbc1p0_zbs1p0
core   0: 0x0000000080004000 (0x0080006f) j       pc + 0x8
core   0: 3 0x0000000080004000 (0x0080006f)
core   0: >>>>  mmode_exception_handler
core   0: 0x0000000080004008 (0x00002c17) auipc   s8, 0x2
core   0: 3 0x0000000080004008 (0x00002c17) x24 0x0000000080006008
core   0: 0x000000008000400c (0x008c0c13) addi    s8, s8, 8
core   0: 3 0x000000008000400c (0x008c0c13) x24 0x0000000080006010
core   0: 0x0000000080004010 (0x000c00e7) jalr    s8
core   0: 3 0x0000000080004010 (0x000c00e7) x1  0x0000000080004014
core   0: >>>>  any_handler
core   0: 0x0000000080006010 (0x341027f3) csrrs   a5, mepc, zero
core   0: 3 0x0000000080006010 (0x341027f3) x15 0x0000000080004d30
core   0: 0x0000000080006014 (0x34202773) csrrs   a4, mcause, zero
core   0: 3 0x0000000080006014 (0x34202773) x14 0x0000000000000002
core   0: 0x0000000080006018 (0x142026f3) csrrs   a3, scause, zero
core   0: 3 0x0000000080006018 (0x142026f3) x13 0x0000000000000000
core   0: 0x000000008000601c (0x30402673) csrrs   a2, mie, zero
core   0: 3 0x000000008000601c (0x30402673) x12 0x0000000000000a00
core   0: 0x0000000080006020 (0x344025f3) csrrs   a1, mip, zero
core   0: 3 0x0000000080006020 (0x344025f3) x11 0x0000000000000080
core   0: 0x0000000080006024 (0x343025f3) csrrs   a1, mtval, zero
core   0: 3 0x0000000080006024 (0x343025f3) x11 0x00000000c049f3f3
core   0: 0x0000000080006028 (0x14302573) csrrs   a0, stval, zero
core   0: 3 0x0000000080006028 (0x14302573) x10 0x0000000000000000
core   0: 0x000000008000602c (0xb02024f3) csrrs   s1, minstret, zero
core   0: 3 0x000000008000602c (0xb02024f3) x9  0x0000000000000c02
core   0: 0x0000000080006030 (0x0000a811) c.j     pc + 20
core   0: 3 0x0000000080006030 (0xa811)
core   0: >>>>  mepc_4
core   0: 0x0000000080006044 (0x00000791) c.addi  a5, 4
core   0: 3 0x0000000080006044 (0x0791) x15 0x0000000080004d34
core   0: 0x0000000080006046 (0x34179073) csrrw   zero, mepc, a5
core   0: 3 0x0000000080006046 (0x34179073) c833_mepc 0x0000000080004d34
core   0: 0x000000008000604a (0x30200073) mret
core   0: 3 0x000000008000604a (0x30200073) c768_mstatus 0x8000000a00106080
core   0: 0x0000000080004d34 (0xa3e476cb) fnmsub.d fa3, fs0, ft10, fs4
core   0: 1 0x0000000080004d34 (0xa3e476cb) f13 0x7ff8000000000000
core   0: 0x0000000080004d38 (0xa35682d3) fle.d   t0, fa3, fs5
core   0: 1 0x0000000080004d38 (0xa35682d3) c1_fflags 0x0000000000000011 x5  0x0000000000000000
core   0: 0x0000000080004d3c (0x229a2d53) fsgnjx.d fs10, fs4, fs1
core   0: 1 0x0000000080004d3c (0x229a2d53) f26 0xffffffff00000000
core   0: 0x0000000080004d40 (0x0258453b) divw    a0, a6, t0
core   0: 1 0x0000000080004d40 (0x0258453b) x10 0xffffffffffffffff
core   0: 0x0000000080004d44 (0x007a083b) addw    a6, s4, t2
core   0: 1 0x0000000080004d44 (0x007a083b) x16 0xffffffffffffffff
core   0: 0x0000000080004d48 (0x00000001) c.nop
core   0: 1 0x0000000080004d48 (0x0001)
core   0: 0x0000000080004d4a (0xa3d40153) fle.d   sp, fs0, ft9
core   0: 1 0x0000000080004d4a (0xa3d40153) c1_fflags 0x0000000000000011 x2  0x0000000000000000
core   0: 0x0000000080004d4e (0x0002d213) srli    tp, t0, 0
core   0: 1 0x0000000080004d4e (0x0002d213) x4  0x0000000000000000
core   0: 0x0000000080004d52 (0x134f7cd3) fmul.d  fs9, ft10, fs4
core   0: 1 0x0000000080004d52 (0x134f7cd3) f25 0x7ff8000000000000
core   0: 0x0000000080004d56 (0x0205e0bb) remw    ra, a1, zero
core   0: 1 0x0000000080004d56 (0x0205e0bb) x1  0xffffffffc049f3f3
core   0: 0x0000000080004d5a (0xd2030353) fcvt.d.w ft6, t1
core   0: 1 0x0000000080004d5a (0xd2030353) f6  0xc1bb780000000000
core   0: 0x0000000080004d5e (0x00e353bb) srlw    t2, t1, a4
core   0: 1 0x0000000080004d5e (0x00e353bb) x7  0x0000000039220000
core   0: 0x0000000080004d62 (0x02029213) slli    tp, t0, 32
core   0: 1 0x0000000080004d62 (0x02029213) x4  0x0000000000000000
core   0: 0x0000000080004d66 (0x43f5d413) srai    s0, a1, 63
core   0: 1 0x0000000080004d66 (0x43f5d413) x8  0x0000000000000000
core   0: 0x0000000080004d6a (0x7ff1821b) addiw   tp, gp, 2047
core   0: 1 0x0000000080004d6a (0x7ff1821b) x4  0x00000000000007ff
core   0: 0x0000000080004d6e (0xd0297dd3) fcvt.s.l fs11, s2
core   0: 1 0x0000000080004d6e (0xd0297dd3) f27 0xffffffff44b48000
core   0: 0x0000000080004d72 (0x227b83d3) fsgnj.d ft7, fs7, ft7
core   0: 1 0x0000000080004d72 (0x227b83d3) f7  0x43e0000000000000
core   0: 0x0000000080004d76 (0x420282d3) fcvt.d.s ft5, ft5
core   0: 1 0x0000000080004d76 (0x420282d3) f5  0x7ff8000000000000
core   0: 0x0000000080004d7a (0x2ab5f0cf) fnmadd.d ft1, fa1, fa1, ft5
core   0: 1 0x0000000080004d7a (0x2ab5f0cf) f1  0x7ff8000000000000
core   0: 0x0000000080004d7e (0xf20a8553) fmv.d.x fa0, s5
core   0: 1 0x0000000080004d7e (0xf20a8553) f10 0x0000000000000000
core   0: 0x0000000080004d82 (0x002d1a73) csrrw   s4, frm, s10
core   0: 1 0x0000000080004d82 (0x002d1a73) x20 0x0000000000000000 c2_frm 0x0000000000000000
core   0: 0x0000000080004d86 (0x63c4899b) addiw   s3, s1, 1596
core   0: 1 0x0000000080004d86 (0x63c4899b) x19 0x000000000000123e
core   0: 0x0000000080004d8a (0x00102df3) csrrs   s11, fflags, zero
core   0: 1 0x0000000080004d8a (0x00102df3) x27 0x0000000000000011
core   0: 0x0000000080004d8e (0x42048a53) fcvt.d.s fs4, fs1
core   0: 1 0x0000000080004d8e (0x42048a53) f20 0x7ff8000000000000
core   0: 0x0000000080004d92 (0x014355bb) srlw    a1, t1, s4
core   0: 1 0x0000000080004d92 (0x014355bb) x11 0xffffffffe4880000
core   0: 0x0000000080004d96 (0x03c5ce33) div     t3, a1, t3
core   0: 1 0x0000000080004d96 (0x03c5ce33) x28 0x0000000000000000
core   0: 0x0000000080004d9a (0x02475593) srli    a1, a4, 36
core   0: 1 0x0000000080004d9a (0x02475593) x11 0x0000000000000000
core   0: 0x0000000080004d9e (0x00271b3b) sllw    s6, a4, sp
core   0: 1 0x0000000080004d9e (0x00271b3b) x22 0x0000000000000002
core   0: 0x0000000080004da2 (0xc21a7d53) fcvt.wu.d s10, fs4
core   0: 1 0x0000000080004da2 (0xc21a7d53) c1_fflags 0x0000000000000011 x26 0xffffffffffffffff
core   0: 0x0000000080004da6 (0x401e7f53) fcvt.s.d ft10, ft8
core   0: 1 0x0000000080004da6 (0x401e7f53) f30 0xffffffff7fc00000
core   0: 0x0000000080004daa (0x41a80833) sub     a6, a6, s10
core   0: 1 0x0000000080004daa (0x41a80833) x16 0x0000000000000000
core   0: 0x0000000080004dae (0xdf7c7e93) andi    t4, s8, -521
core   0: 1 0x0000000080004dae (0xdf7c7e93) x29 0x0000000080006010
core   0: 0x0000000080004db2 (0x7ff56313) ori     t1, a0, 2047
core   0: 1 0x0000000080004db2 (0x7ff56313) x6  0xffffffffffffffff
core   0: 0x0000000080004db6 (0x00222133) slt     sp, tp, sp
core   0: 1 0x0000000080004db6 (0x00222133) x2  0x0000000000000000
core   0: 0x0000000080004dba (0x4011589b) sraiw   a7, sp, 1
core   0: 1 0x0000000080004dba (0x4011589b) x17 0x0000000000000000
core   0: 0x0000000080004dbe (0x000ee693) ori     a3, t4, 0
core   0: 1 0x0000000080004dbe (0x000ee693) x13 0x0000000080006010
core   0: 0x0000000080004dc2 (0x034aa533) mulhsu  a0, s5, s4
core   0: 1 0x0000000080004dc2 (0x034aa533) x10 0x0000000000000000
core   0: 0x0000000080004dc6 (0x41f1d59b) sraiw   a1, gp, 31
core   0: 1 0x0000000080004dc6 (0x41f1d59b) x11 0x0000000000000000
core   0: 0x0000000080004dca (0x40c009b3) sub     s3, zero, a2
core   0: 1 0x0000000080004dca (0x40c009b3) x19 0xfffffffffffff600
core   0: 0x0000000080004dce (0xd0307353) fcvt.s.lu ft6, zero
core   0: 1 0x0000000080004dce (0xd0307353) f6  0xffffffff00000000
core   0: 0x0000000080004dd2 (0x7538c593) xori    a1, a7, 1875
core   0: 1 0x0000000080004dd2 (0x7538c593) x11 0x0000000000000753
core   0: 0x0000000080004dd6 (0xd23bff53) fcvt.d.lu ft10, s7
core   0: 1 0x0000000080004dd6 (0xd23bff53) f30 0x43b4000000000000
core   0: 0x0000000080004dda (0x12334d93) xori    s11, t1, 291
core   0: 1 0x0000000080004dda (0x12334d93) x27 0xfffffffffffffedc
core   0: 0x0000000080004dde (0x970758b7) lui     a7, 0x97075
core   0: 1 0x0000000080004dde (0x970758b7) x17 0xffffffff97075000
core   0: 0x0000000080004de2 (0xc020f6d3) fcvt.l.s a3, ft1
core   0: 1 0x0000000080004de2 (0xc020f6d3) c1_fflags 0x0000000000000011 x13 0x7fffffffffffffff
core   0: 0x0000000080004de6 (0x400cd91b) sraiw   s2, s9, 0
core   0: 1 0x0000000080004de6 (0x400cd91b) x18 0x0000000000000001
core   0: 0x0000000080004dea (0x40128a3b) subw    s4, t0, ra
core   0: 1 0x0000000080004dea (0x40128a3b) x20 0x000000003fb60c0d
core   0: 0x0000000080004dee (0x002a1573) csrrw   a0, frm, s4
core   0: 1 0x0000000080004dee (0x002a1573) x10 0x0000000000000000 c2_frm 0x0000000000000005
core   0: 0x0000000080004df2 (0xa3e90ed3) fle.d   t4, fs2, ft10
core   0: 1 0x0000000080004df2 (0xa3e90ed3) c1_fflags 0x0000000000000011 x29 0x0000000000000000
core   0: 0x0000000080004df6 (0x00ec073b) addw    a4, s8, a4
core   0: 1 0x0000000080004df6 (0x00ec073b) x14 0xffffffff80006012
core   0: 0x0000000080004dfa (0xe20f8ed3) fmv.x.d t4, ft11
core   0: 1 0x0000000080004dfa (0xe20f8ed3) x29 0x0000000000000000
core   0: 0x0000000080004dfe (0x2a6016d3) fmax.d  fa3, ft0, ft6
core   0: 1 0x0000000080004dfe (0x2a6016d3) f13 0x4000000000000000
core   0: 0x0000000080004e02 (0xd0347553) fcvt.s.lu fa0, s0
core   0: exception trap_illegal_instruction, epc 0x0000000080004e02
core   0:           tval 0x00000000d0347553
core   0: >>>>  $xrv64i2p1_m2p0_a2p1_f2p2_d2p2_zicsr2p0_zifencei2p0_zmmul1p0_zba1p0_zbb1p0_zbc1p0_zbs1p0
core   0: 0x0000000080004000 (0x0080006f) j       pc + 0x8
core   0: 3 0x0000000080004000 (0x0080006f)
core   0: >>>>  mmode_exception_handler
core   0: 0x0000000080004008 (0x00002c17) auipc   s8, 0x2
core   0: 3 0x0000000080004008 (0x00002c17) x24 0x0000000080006008
core   0: 0x000000008000400c (0x008c0c13) addi    s8, s8, 8
core   0: 3 0x000000008000400c (0x008c0c13) x24 0x0000000080006010
core   0: 0x0000000080004010 (0x000c00e7) jalr    s8
core   0: 3 0x0000000080004010 (0x000c00e7) x1  0x0000000080004014
core   0: >>>>  any_handler
core   0: 0x0000000080006010 (0x341027f3) csrrs   a5, mepc, zero
core   0: 3 0x0000000080006010 (0x341027f3) x15 0x0000000080004e02
core   0: 0x0000000080006014 (0x34202773) csrrs   a4, mcause, zero
core   0: 3 0x0000000080006014 (0x34202773) x14 0x0000000000000002
core   0: 0x0000000080006018 (0x142026f3) csrrs   a3, scause, zero
core   0: 3 0x0000000080006018 (0x142026f3) x13 0x0000000000000000
core   0: 0x000000008000601c (0x30402673) csrrs   a2, mie, zero
core   0: 3 0x000000008000601c (0x30402673) x12 0x0000000000000a00
core   0: 0x0000000080006020 (0x344025f3) csrrs   a1, mip, zero
core   0: 3 0x0000000080006020 (0x344025f3) x11 0x0000000000000080
core   0: 0x0000000080006024 (0x343025f3) csrrs   a1, mtval, zero
core   0: 3 0x0000000080006024 (0x343025f3) x11 0x00000000d0347553
core   0: 0x0000000080006028 (0x14302573) csrrs   a0, stval, zero
core   0: 3 0x0000000080006028 (0x14302573) x10 0x0000000000000000
core   0: 0x000000008000602c (0xb02024f3) csrrs   s1, minstret, zero
core   0: 3 0x000000008000602c (0xb02024f3) x9  0x0000000000000c46
core   0: 0x0000000080006030 (0x0000a811) c.j     pc + 20
core   0: 3 0x0000000080006030 (0xa811)
core   0: >>>>  mepc_4
core   0: 0x0000000080006044 (0x00000791) c.addi  a5, 4
core   0: 3 0x0000000080006044 (0x0791) x15 0x0000000080004e06
core   0: 0x0000000080006046 (0x34179073) csrrw   zero, mepc, a5
core   0: 3 0x0000000080006046 (0x34179073) c833_mepc 0x0000000080004e06
core   0: 0x000000008000604a (0x30200073) mret
core   0: 3 0x000000008000604a (0x30200073) c768_mstatus 0x8000000a00106080
core   0: 0x0000000080004e06 (0x0ff0000f) fence   iorw,iorw
core   0: 1 0x0000000080004e06 (0x0ff0000f)
core   0: 0x0000000080004e0a (0x2220afd3) fsgnjx.d ft11, ft1, ft2
core   0: 1 0x0000000080004e0a (0x2220afd3) f31 0x7ff8000000000000
core   0: 0x0000000080004e0e (0x5221764b) fnmsub.d fa2, ft2, ft2, fa0
core   0: exception trap_illegal_instruction, epc 0x0000000080004e0e
core   0:           tval 0x000000005221764b
core   0: >>>>  $xrv64i2p1_m2p0_a2p1_f2p2_d2p2_zicsr2p0_zifencei2p0_zmmul1p0_zba1p0_zbb1p0_zbc1p0_zbs1p0
core   0: 0x0000000080004000 (0x0080006f) j       pc + 0x8
core   0: 3 0x0000000080004000 (0x0080006f)
core   0: >>>>  mmode_exception_handler
core   0: 0x0000000080004008 (0x00002c17) auipc   s8, 0x2
core   0: 3 0x0000000080004008 (0x00002c17) x24 0x0000000080006008
core   0: 0x000000008000400c (0x008c0c13) addi    s8, s8, 8
core   0: 3 0x000000008000400c (0x008c0c13) x24 0x0000000080006010
core   0: 0x0000000080004010 (0x000c00e7) jalr    s8
core   0: 3 0x0000000080004010 (0x000c00e7) x1  0x0000000080004014
core   0: >>>>  any_handler
core   0: 0x0000000080006010 (0x341027f3) csrrs   a5, mepc, zero
core   0: 3 0x0000000080006010 (0x341027f3) x15 0x0000000080004e0e
core   0: 0x0000000080006014 (0x34202773) csrrs   a4, mcause, zero
core   0: 3 0x0000000080006014 (0x34202773) x14 0x0000000000000002
core   0: 0x0000000080006018 (0x142026f3) csrrs   a3, scause, zero
core   0: 3 0x0000000080006018 (0x142026f3) x13 0x0000000000000000
core   0: 0x000000008000601c (0x30402673) csrrs   a2, mie, zero
core   0: 3 0x000000008000601c (0x30402673) x12 0x0000000000000a00
core   0: 0x0000000080006020 (0x344025f3) csrrs   a1, mip, zero
core   0: 3 0x0000000080006020 (0x344025f3) x11 0x0000000000000080
core   0: 0x0000000080006024 (0x343025f3) csrrs   a1, mtval, zero
core   0: 3 0x0000000080006024 (0x343025f3) x11 0x000000005221764b
core   0: 0x0000000080006028 (0x14302573) csrrs   a0, stval, zero
core   0: 3 0x0000000080006028 (0x14302573) x10 0x0000000000000000
core   0: 0x000000008000602c (0xb02024f3) csrrs   s1, minstret, zero
core   0: 3 0x000000008000602c (0xb02024f3) x9  0x0000000000000c58
core   0: 0x0000000080006030 (0x0000a811) c.j     pc + 20
core   0: 3 0x0000000080006030 (0xa811)
core   0: >>>>  mepc_4
core   0: 0x0000000080006044 (0x00000791) c.addi  a5, 4
core   0: 3 0x0000000080006044 (0x0791) x15 0x0000000080004e12
core   0: 0x0000000080006046 (0x34179073) csrrw   zero, mepc, a5
core   0: 3 0x0000000080006046 (0x34179073) c833_mepc 0x0000000080004e12
core   0: 0x000000008000604a (0x30200073) mret
core   0: 3 0x000000008000604a (0x30200073) c768_mstatus 0x8000000a00106080
core   0: 0x0000000080004e12 (0x02d0e63b) remw    a2, ra, a3
core   0: 1 0x0000000080004e12 (0x02d0e63b) x12 0xffffffff80004014
core   0: 0x0000000080004e16 (0x002020f3) csrrs   ra, frm, zero
core   0: 1 0x0000000080004e16 (0x002020f3) x1  0x0000000000000005
core   0: 0x0000000080004e1a (0x12987b53) fmul.d  fs6, fa6, fs1
core   0: exception trap_illegal_instruction, epc 0x0000000080004e1a
core   0:           tval 0x0000000012987b53
core   0: >>>>  $xrv64i2p1_m2p0_a2p1_f2p2_d2p2_zicsr2p0_zifencei2p0_zmmul1p0_zba1p0_zbb1p0_zbc1p0_zbs1p0
core   0: 0x0000000080004000 (0x0080006f) j       pc + 0x8
core   0: 3 0x0000000080004000 (0x0080006f)
core   0: >>>>  mmode_exception_handler
core   0: 0x0000000080004008 (0x00002c17) auipc   s8, 0x2
core   0: 3 0x0000000080004008 (0x00002c17) x24 0x0000000080006008
core   0: 0x000000008000400c (0x008c0c13) addi    s8, s8, 8
core   0: 3 0x000000008000400c (0x008c0c13) x24 0x0000000080006010
core   0: 0x0000000080004010 (0x000c00e7) jalr    s8
core   0: 3 0x0000000080004010 (0x000c00e7) x1  0x0000000080004014
core   0: >>>>  any_handler
core   0: 0x0000000080006010 (0x341027f3) csrrs   a5, mepc, zero
core   0: 3 0x0000000080006010 (0x341027f3) x15 0x0000000080004e1a
core   0: 0x0000000080006014 (0x34202773) csrrs   a4, mcause, zero
core   0: 3 0x0000000080006014 (0x34202773) x14 0x0000000000000002
core   0: 0x0000000080006018 (0x142026f3) csrrs   a3, scause, zero
core   0: 3 0x0000000080006018 (0x142026f3) x13 0x0000000000000000
core   0: 0x000000008000601c (0x30402673) csrrs   a2, mie, zero
core   0: 3 0x000000008000601c (0x30402673) x12 0x0000000000000a00
core   0: 0x0000000080006020 (0x344025f3) csrrs   a1, mip, zero
core   0: 3 0x0000000080006020 (0x344025f3) x11 0x0000000000000080
core   0: 0x0000000080006024 (0x343025f3) csrrs   a1, mtval, zero
core   0: 3 0x0000000080006024 (0x343025f3) x11 0x0000000012987b53
core   0: 0x0000000080006028 (0x14302573) csrrs   a0, stval, zero
core   0: 3 0x0000000080006028 (0x14302573) x10 0x0000000000000000
core   0: 0x000000008000602c (0xb02024f3) csrrs   s1, minstret, zero
core   0: 3 0x000000008000602c (0xb02024f3) x9  0x0000000000000c6a
core   0: 0x0000000080006030 (0x0000a811) c.j     pc + 20
core   0: 3 0x0000000080006030 (0xa811)
core   0: >>>>  mepc_4
core   0: 0x0000000080006044 (0x00000791) c.addi  a5, 4
core   0: 3 0x0000000080006044 (0x0791) x15 0x0000000080004e1e
core   0: 0x0000000080006046 (0x34179073) csrrw   zero, mepc, a5
core   0: 3 0x0000000080006046 (0x34179073) c833_mepc 0x0000000080004e1e
core   0: 0x000000008000604a (0x30200073) mret
core   0: 3 0x000000008000604a (0x30200073) c768_mstatus 0x8000000a00106080
core   0: 0x0000000080004e1e (0x03ce91b7) lui     gp, 0x3ce9
core   0: 1 0x0000000080004e1e (0x03ce91b7) x3  0x0000000003ce9000
core   0: 0x0000000080004e22 (0x02f89333) mulh    t1, a7, a5
core   0: 1 0x0000000080004e22 (0x02f89333) x6  0xffffffffffffffff
core   0: 0x0000000080004e26 (0xc22afb53) fcvt.l.d s6, fs5
core   0: exception trap_illegal_instruction, epc 0x0000000080004e26
core   0:           tval 0x00000000c22afb53
core   0: >>>>  $xrv64i2p1_m2p0_a2p1_f2p2_d2p2_zicsr2p0_zifencei2p0_zmmul1p0_zba1p0_zbb1p0_zbc1p0_zbs1p0
core   0: 0x0000000080004000 (0x0080006f) j       pc + 0x8
core   0: 3 0x0000000080004000 (0x0080006f)
core   0: >>>>  mmode_exception_handler
core   0: 0x0000000080004008 (0x00002c17) auipc   s8, 0x2
core   0: 3 0x0000000080004008 (0x00002c17) x24 0x0000000080006008
core   0: 0x000000008000400c (0x008c0c13) addi    s8, s8, 8
core   0: 3 0x000000008000400c (0x008c0c13) x24 0x0000000080006010
core   0: 0x0000000080004010 (0x000c00e7) jalr    s8
core   0: 3 0x0000000080004010 (0x000c00e7) x1  0x0000000080004014
core   0: >>>>  any_handler
core   0: 0x0000000080006010 (0x341027f3) csrrs   a5, mepc, zero
core   0: 3 0x0000000080006010 (0x341027f3) x15 0x0000000080004e26
core   0: 0x0000000080006014 (0x34202773) csrrs   a4, mcause, zero
core   0: 3 0x0000000080006014 (0x34202773) x14 0x0000000000000002
core   0: 0x0000000080006018 (0x142026f3) csrrs   a3, scause, zero
core   0: 3 0x0000000080006018 (0x142026f3) x13 0x0000000000000000
core   0: 0x000000008000601c (0x30402673) csrrs   a2, mie, zero
core   0: 3 0x000000008000601c (0x30402673) x12 0x0000000000000a00
core   0: 0x0000000080006020 (0x344025f3) csrrs   a1, mip, zero
core   0: 3 0x0000000080006020 (0x344025f3) x11 0x0000000000000080
core   0: 0x0000000080006024 (0x343025f3) csrrs   a1, mtval, zero
core   0: 3 0x0000000080006024 (0x343025f3) x11 0x00000000c22afb53
core   0: 0x0000000080006028 (0x14302573) csrrs   a0, stval, zero
core   0: 3 0x0000000080006028 (0x14302573) x10 0x0000000000000000
core   0: 0x000000008000602c (0xb02024f3) csrrs   s1, minstret, zero
core   0: 3 0x000000008000602c (0xb02024f3) x9  0x0000000000000c7c
core   0: 0x0000000080006030 (0x0000a811) c.j     pc + 20
core   0: 3 0x0000000080006030 (0xa811)
core   0: >>>>  mepc_4
core   0: 0x0000000080006044 (0x00000791) c.addi  a5, 4
core   0: 3 0x0000000080006044 (0x0791) x15 0x0000000080004e2a
core   0: 0x0000000080006046 (0x34179073) csrrw   zero, mepc, a5
core   0: 3 0x0000000080006046 (0x34179073) c833_mepc 0x0000000080004e2a
core   0: 0x000000008000604a (0x30200073) mret
core   0: 3 0x000000008000604a (0x30200073) c768_mstatus 0x8000000a00106080
core   0: 0x0000000080004e2a (0x02feddb3) divu    s11, t4, a5
core   0: 1 0x0000000080004e2a (0x02feddb3) x27 0x0000000000000000
core   0: 0x0000000080004e2e (0x00ae5e13) srli    t3, t3, 10
core   0: 1 0x0000000080004e2e (0x00ae5e13) x28 0x0000000000000000
core   0: 0x0000000080004e32 (0x002022f3) csrrs   t0, frm, zero
core   0: 1 0x0000000080004e32 (0x002022f3) x5  0x0000000000000005
core   0: 0x0000000080004e36 (0x03aa5a33) divu    s4, s4, s10
core   0: 1 0x0000000080004e36 (0x03aa5a33) x20 0x0000000000000000
core   0: 0x0000000080004e3a (0x40e10b33) sub     s6, sp, a4
core   0: 1 0x0000000080004e3a (0x40e10b33) x22 0xfffffffffffffffe
core   0: 0x0000000080004e3e (0xc23cf9d3) fcvt.lu.d s3, fs9
core   0: exception trap_illegal_instruction, epc 0x0000000080004e3e
core   0:           tval 0x00000000c23cf9d3
core   0: >>>>  $xrv64i2p1_m2p0_a2p1_f2p2_d2p2_zicsr2p0_zifencei2p0_zmmul1p0_zba1p0_zbb1p0_zbc1p0_zbs1p0
core   0: 0x0000000080004000 (0x0080006f) j       pc + 0x8
core   0: 3 0x0000000080004000 (0x0080006f)
core   0: >>>>  mmode_exception_handler
core   0: 0x0000000080004008 (0x00002c17) auipc   s8, 0x2
core   0: 3 0x0000000080004008 (0x00002c17) x24 0x0000000080006008
core   0: 0x000000008000400c (0x008c0c13) addi    s8, s8, 8
core   0: 3 0x000000008000400c (0x008c0c13) x24 0x0000000080006010
core   0: 0x0000000080004010 (0x000c00e7) jalr    s8
core   0: 3 0x0000000080004010 (0x000c00e7) x1  0x0000000080004014
core   0: >>>>  any_handler
core   0: 0x0000000080006010 (0x341027f3) csrrs   a5, mepc, zero
core   0: 3 0x0000000080006010 (0x341027f3) x15 0x0000000080004e3e
core   0: 0x0000000080006014 (0x34202773) csrrs   a4, mcause, zero
core   0: 3 0x0000000080006014 (0x34202773) x14 0x0000000000000002
core   0: 0x0000000080006018 (0x142026f3) csrrs   a3, scause, zero
core   0: 3 0x0000000080006018 (0x142026f3) x13 0x0000000000000000
core   0: 0x000000008000601c (0x30402673) csrrs   a2, mie, zero
core   0: 3 0x000000008000601c (0x30402673) x12 0x0000000000000a00
core   0: 0x0000000080006020 (0x344025f3) csrrs   a1, mip, zero
core   0: 3 0x0000000080006020 (0x344025f3) x11 0x0000000000000080
core   0: 0x0000000080006024 (0x343025f3) csrrs   a1, mtval, zero
core   0: 3 0x0000000080006024 (0x343025f3) x11 0x00000000c23cf9d3
core   0: 0x0000000080006028 (0x14302573) csrrs   a0, stval, zero
core   0: 3 0x0000000080006028 (0x14302573) x10 0x0000000000000000
core   0: 0x000000008000602c (0xb02024f3) csrrs   s1, minstret, zero
core   0: 3 0x000000008000602c (0xb02024f3) x9  0x0000000000000c91
core   0: 0x0000000080006030 (0x0000a811) c.j     pc + 20
core   0: 3 0x0000000080006030 (0xa811)
core   0: >>>>  mepc_4
core   0: 0x0000000080006044 (0x00000791) c.addi  a5, 4
core   0: 3 0x0000000080006044 (0x0791) x15 0x0000000080004e42
core   0: 0x0000000080006046 (0x34179073) csrrw   zero, mepc, a5
core   0: 3 0x0000000080006046 (0x34179073) c833_mepc 0x0000000080004e42
core   0: 0x000000008000604a (0x30200073) mret
core   0: 3 0x000000008000604a (0x30200073) c768_mstatus 0x8000000a00106080
core   0: 0x0000000080004e42 (0xd20381d3) fcvt.d.w ft3, t2
core   0: 1 0x0000000080004e42 (0xd20381d3) f3  0x41cc910000000000
core   0: 0x0000000080004e46 (0x01cb78b3) and     a7, s6, t3
core   0: 1 0x0000000080004e46 (0x01cb78b3) x17 0x0000000000000000
core   0: 0x0000000080004e4a (0xd239f7d3) fcvt.d.lu fa5, s3
core   0: exception trap_illegal_instruction, epc 0x0000000080004e4a
core   0:           tval 0x00000000d239f7d3
core   0: >>>>  $xrv64i2p1_m2p0_a2p1_f2p2_d2p2_zicsr2p0_zifencei2p0_zmmul1p0_zba1p0_zbb1p0_zbc1p0_zbs1p0
core   0: 0x0000000080004000 (0x0080006f) j       pc + 0x8
core   0: 3 0x0000000080004000 (0x0080006f)
core   0: >>>>  mmode_exception_handler
core   0: 0x0000000080004008 (0x00002c17) auipc   s8, 0x2
core   0: 3 0x0000000080004008 (0x00002c17) x24 0x0000000080006008
core   0: 0x000000008000400c (0x008c0c13) addi    s8, s8, 8
core   0: 3 0x000000008000400c (0x008c0c13) x24 0x0000000080006010
core   0: 0x0000000080004010 (0x000c00e7) jalr    s8
core   0: 3 0x0000000080004010 (0x000c00e7) x1  0x0000000080004014
core   0: >>>>  any_handler
core   0: 0x0000000080006010 (0x341027f3) csrrs   a5, mepc, zero
core   0: 3 0x0000000080006010 (0x341027f3) x15 0x0000000080004e4a
core   0: 0x0000000080006014 (0x34202773) csrrs   a4, mcause, zero
core   0: 3 0x0000000080006014 (0x34202773) x14 0x0000000000000002
core   0: 0x0000000080006018 (0x142026f3) csrrs   a3, scause, zero
core   0: 3 0x0000000080006018 (0x142026f3) x13 0x0000000000000000
core   0: 0x000000008000601c (0x30402673) csrrs   a2, mie, zero
core   0: 3 0x000000008000601c (0x30402673) x12 0x0000000000000a00
core   0: 0x0000000080006020 (0x344025f3) csrrs   a1, mip, zero
core   0: 3 0x0000000080006020 (0x344025f3) x11 0x0000000000000080
core   0: 0x0000000080006024 (0x343025f3) csrrs   a1, mtval, zero
core   0: 3 0x0000000080006024 (0x343025f3) x11 0x00000000d239f7d3
core   0: 0x0000000080006028 (0x14302573) csrrs   a0, stval, zero
core   0: 3 0x0000000080006028 (0x14302573) x10 0x0000000000000000
core   0: 0x000000008000602c (0xb02024f3) csrrs   s1, minstret, zero
core   0: 3 0x000000008000602c (0xb02024f3) x9  0x0000000000000ca3
core   0: 0x0000000080006030 (0x0000a811) c.j     pc + 20
core   0: 3 0x0000000080006030 (0xa811)
core   0: >>>>  mepc_4
core   0: 0x0000000080006044 (0x00000791) c.addi  a5, 4
core   0: 3 0x0000000080006044 (0x0791) x15 0x0000000080004e4e
core   0: 0x0000000080006046 (0x34179073) csrrw   zero, mepc, a5
core   0: 3 0x0000000080006046 (0x34179073) c833_mepc 0x0000000080004e4e
core   0: 0x000000008000604a (0x30200073) mret
core   0: 3 0x000000008000604a (0x30200073) c768_mstatus 0x8000000a00106080
core   0: 0x0000000080004e4e (0xc217fe53) fcvt.wu.d t3, fa5
core   0: exception trap_illegal_instruction, epc 0x0000000080004e4e
core   0:           tval 0x00000000c217fe53
core   0: >>>>  $xrv64i2p1_m2p0_a2p1_f2p2_d2p2_zicsr2p0_zifencei2p0_zmmul1p0_zba1p0_zbb1p0_zbc1p0_zbs1p0
core   0: 0x0000000080004000 (0x0080006f) j       pc + 0x8
core   0: 3 0x0000000080004000 (0x0080006f)
core   0: >>>>  mmode_exception_handler
core   0: 0x0000000080004008 (0x00002c17) auipc   s8, 0x2
core   0: 3 0x0000000080004008 (0x00002c17) x24 0x0000000080006008
core   0: 0x000000008000400c (0x008c0c13) addi    s8, s8, 8
core   0: 3 0x000000008000400c (0x008c0c13) x24 0x0000000080006010
core   0: 0x0000000080004010 (0x000c00e7) jalr    s8
core   0: 3 0x0000000080004010 (0x000c00e7) x1  0x0000000080004014
core   0: >>>>  any_handler
core   0: 0x0000000080006010 (0x341027f3) csrrs   a5, mepc, zero
core   0: 3 0x0000000080006010 (0x341027f3) x15 0x0000000080004e4e
core   0: 0x0000000080006014 (0x34202773) csrrs   a4, mcause, zero
core   0: 3 0x0000000080006014 (0x34202773) x14 0x0000000000000002
core   0: 0x0000000080006018 (0x142026f3) csrrs   a3, scause, zero
core   0: 3 0x0000000080006018 (0x142026f3) x13 0x0000000000000000
core   0: 0x000000008000601c (0x30402673) csrrs   a2, mie, zero
core   0: 3 0x000000008000601c (0x30402673) x12 0x0000000000000a00
core   0: 0x0000000080006020 (0x344025f3) csrrs   a1, mip, zero
core   0: 3 0x0000000080006020 (0x344025f3) x11 0x0000000000000080
core   0: 0x0000000080006024 (0x343025f3) csrrs   a1, mtval, zero
core   0: 3 0x0000000080006024 (0x343025f3) x11 0x00000000c217fe53
core   0: 0x0000000080006028 (0x14302573) csrrs   a0, stval, zero
core   0: 3 0x0000000080006028 (0x14302573) x10 0x0000000000000000
core   0: 0x000000008000602c (0xb02024f3) csrrs   s1, minstret, zero
core   0: 3 0x000000008000602c (0xb02024f3) x9  0x0000000000000cb3
core   0: 0x0000000080006030 (0x0000a811) c.j     pc + 20
core   0: 3 0x0000000080006030 (0xa811)
core   0: >>>>  mepc_4
core   0: 0x0000000080006044 (0x00000791) c.addi  a5, 4
core   0: 3 0x0000000080006044 (0x0791) x15 0x0000000080004e52
core   0: 0x0000000080006046 (0x34179073) csrrw   zero, mepc, a5
core   0: 3 0x0000000080006046 (0x34179073) c833_mepc 0x0000000080004e52
core   0: 0x000000008000604a (0x30200073) mret
core   0: 3 0x000000008000604a (0x30200073) c768_mstatus 0x8000000a00106080
core   0: 0x0000000080004e52 (0x00926233) or      tp, tp, s1
core   0: 1 0x0000000080004e52 (0x00926233) x4  0x0000000000000fff
core   0: 0x0000000080004e56 (0x013259b3) srl     s3, tp, s3
core   0: 1 0x0000000080004e56 (0x013259b3) x19 0x0000000000000fff
core   0: 0x0000000080004e5a (0x400ed09b) sraiw   ra, t4, 0
core   0: 1 0x0000000080004e5a (0x400ed09b) x1  0x0000000000000000
core   0: 0x0000000080004e5e (0xc227fe53) fcvt.l.d t3, fa5
core   0: exception trap_illegal_instruction, epc 0x0000000080004e5e
core   0:           tval 0x00000000c227fe53
core   0: >>>>  $xrv64i2p1_m2p0_a2p1_f2p2_d2p2_zicsr2p0_zifencei2p0_zmmul1p0_zba1p0_zbb1p0_zbc1p0_zbs1p0
core   0: 0x0000000080004000 (0x0080006f) j       pc + 0x8
core   0: 3 0x0000000080004000 (0x0080006f)
core   0: >>>>  mmode_exception_handler
core   0: 0x0000000080004008 (0x00002c17) auipc   s8, 0x2
core   0: 3 0x0000000080004008 (0x00002c17) x24 0x0000000080006008
core   0: 0x000000008000400c (0x008c0c13) addi    s8, s8, 8
core   0: 3 0x000000008000400c (0x008c0c13) x24 0x0000000080006010
core   0: 0x0000000080004010 (0x000c00e7) jalr    s8
core   0: 3 0x0000000080004010 (0x000c00e7) x1  0x0000000080004014
core   0: >>>>  any_handler
core   0: 0x0000000080006010 (0x341027f3) csrrs   a5, mepc, zero
core   0: 3 0x0000000080006010 (0x341027f3) x15 0x0000000080004e5e
core   0: 0x0000000080006014 (0x34202773) csrrs   a4, mcause, zero
core   0: 3 0x0000000080006014 (0x34202773) x14 0x0000000000000002
core   0: 0x0000000080006018 (0x142026f3) csrrs   a3, scause, zero
core   0: 3 0x0000000080006018 (0x142026f3) x13 0x0000000000000000
core   0: 0x000000008000601c (0x30402673) csrrs   a2, mie, zero
core   0: 3 0x000000008000601c (0x30402673) x12 0x0000000000000a00
core   0: 0x0000000080006020 (0x344025f3) csrrs   a1, mip, zero
core   0: 3 0x0000000080006020 (0x344025f3) x11 0x0000000000000080
core   0: 0x0000000080006024 (0x343025f3) csrrs   a1, mtval, zero
core   0: 3 0x0000000080006024 (0x343025f3) x11 0x00000000c227fe53
core   0: 0x0000000080006028 (0x14302573) csrrs   a0, stval, zero
core   0: 3 0x0000000080006028 (0x14302573) x10 0x0000000000000000
core   0: 0x000000008000602c (0xb02024f3) csrrs   s1, minstret, zero
core   0: 3 0x000000008000602c (0xb02024f3) x9  0x0000000000000cc6
core   0: 0x0000000080006030 (0x0000a811) c.j     pc + 20
core   0: 3 0x0000000080006030 (0xa811)
core   0: >>>>  mepc_4
core   0: 0x0000000080006044 (0x00000791) c.addi  a5, 4
core   0: 3 0x0000000080006044 (0x0791) x15 0x0000000080004e62
core   0: 0x0000000080006046 (0x34179073) csrrw   zero, mepc, a5
core   0: 3 0x0000000080006046 (0x34179073) c833_mepc 0x0000000080004e62
core   0: 0x000000008000604a (0x30200073) mret
core   0: 3 0x000000008000604a (0x30200073) c768_mstatus 0x8000000a00106080
core   0: 0x0000000080004e62 (0x00000001) c.nop
core   0: 1 0x0000000080004e62 (0x0001)
core   0: 0x0000000080004e64 (0xfa3e3eb7) lui     t4, 0xfa3e3
core   0: 1 0x0000000080004e64 (0xfa3e3eb7) x29 0xfffffffffa3e3000
core   0: 0x0000000080004e68 (0x10de8e9b) addiw   t4, t4, 269
core   0: 1 0x0000000080004e68 (0x10de8e9b) x29 0xfffffffffa3e310d
core   0: 0x0000000080004e6c (0x00000eb2) c.slli  t4, 12
core   0: 1 0x0000000080004e6c (0x0eb2) x29 0xffffffa3e310d000
core   0: 0x0000000080004e6e (0x675e8e93) addi    t4, t4, 1653
core   0: 1 0x0000000080004e6e (0x675e8e93) x29 0xffffffa3e310d675
core   0: 0x0000000080004e72 (0x0ff0000f) fence   iorw,iorw
core   0: 1 0x0000000080004e72 (0x0ff0000f)
core   0: 0x0000000080004e76 (0x40148cbb) subw    s9, s1, ra
core   0: 1 0x0000000080004e76 (0x40148cbb) x25 0x000000007fffccb2
core   0: 0x0000000080004e7a (0x13f17153) fmul.d  ft2, ft2, ft11
core   0: exception trap_illegal_instruction, epc 0x0000000080004e7a
core   0:           tval 0x0000000013f17153
core   0: >>>>  $xrv64i2p1_m2p0_a2p1_f2p2_d2p2_zicsr2p0_zifencei2p0_zmmul1p0_zba1p0_zbb1p0_zbc1p0_zbs1p0
core   0: 0x0000000080004000 (0x0080006f) j       pc + 0x8
core   0: 3 0x0000000080004000 (0x0080006f)
core   0: >>>>  mmode_exception_handler
core   0: 0x0000000080004008 (0x00002c17) auipc   s8, 0x2
core   0: 3 0x0000000080004008 (0x00002c17) x24 0x0000000080006008
core   0: 0x000000008000400c (0x008c0c13) addi    s8, s8, 8
core   0: 3 0x000000008000400c (0x008c0c13) x24 0x0000000080006010
core   0: 0x0000000080004010 (0x000c00e7) jalr    s8
core   0: 3 0x0000000080004010 (0x000c00e7) x1  0x0000000080004014
core   0: >>>>  any_handler
core   0: 0x0000000080006010 (0x341027f3) csrrs   a5, mepc, zero
core   0: 3 0x0000000080006010 (0x341027f3) x15 0x0000000080004e7a
core   0: 0x0000000080006014 (0x34202773) csrrs   a4, mcause, zero
core   0: 3 0x0000000080006014 (0x34202773) x14 0x0000000000000002
core   0: 0x0000000080006018 (0x142026f3) csrrs   a3, scause, zero
core   0: 3 0x0000000080006018 (0x142026f3) x13 0x0000000000000000
core   0: 0x000000008000601c (0x30402673) csrrs   a2, mie, zero
core   0: 3 0x000000008000601c (0x30402673) x12 0x0000000000000a00
core   0: 0x0000000080006020 (0x344025f3) csrrs   a1, mip, zero
core   0: 3 0x0000000080006020 (0x344025f3) x11 0x0000000000000080
core   0: 0x0000000080006024 (0x343025f3) csrrs   a1, mtval, zero
core   0: 3 0x0000000080006024 (0x343025f3) x11 0x0000000013f17153
core   0: 0x0000000080006028 (0x14302573) csrrs   a0, stval, zero
core   0: 3 0x0000000080006028 (0x14302573) x10 0x0000000000000000
core   0: 0x000000008000602c (0xb02024f3) csrrs   s1, minstret, zero
core   0: 3 0x000000008000602c (0xb02024f3) x9  0x0000000000000cdd
core   0: 0x0000000080006030 (0x0000a811) c.j     pc + 20
core   0: 3 0x0000000080006030 (0xa811)
core   0: >>>>  mepc_4
core   0: 0x0000000080006044 (0x00000791) c.addi  a5, 4
core   0: 3 0x0000000080006044 (0x0791) x15 0x0000000080004e7e
core   0: 0x0000000080006046 (0x34179073) csrrw   zero, mepc, a5
core   0: 3 0x0000000080006046 (0x34179073) c833_mepc 0x0000000080004e7e
core   0: 0x000000008000604a (0x30200073) mret
core   0: 3 0x000000008000604a (0x30200073) c768_mstatus 0x8000000a00106080
core   0: 0x0000000080004e7e (0x41695913) srai    s2, s2, 22
core   0: 1 0x0000000080004e7e (0x41695913) x18 0x0000000000000000
core   0: 0x0000000080004e82 (0xcc9a95b7) lui     a1, 0xcc9a9
core   0: 1 0x0000000080004e82 (0xcc9a95b7) x11 0xffffffffcc9a9000
core   0: 0x0000000080004e86 (0xc21178d3) fcvt.wu.d a7, ft2
core   0: exception trap_illegal_instruction, epc 0x0000000080004e86
core   0:           tval 0x00000000c21178d3
core   0: >>>>  $xrv64i2p1_m2p0_a2p1_f2p2_d2p2_zicsr2p0_zifencei2p0_zmmul1p0_zba1p0_zbb1p0_zbc1p0_zbs1p0
core   0: 0x0000000080004000 (0x0080006f) j       pc + 0x8
core   0: 3 0x0000000080004000 (0x0080006f)
core   0: >>>>  mmode_exception_handler
core   0: 0x0000000080004008 (0x00002c17) auipc   s8, 0x2
core   0: 3 0x0000000080004008 (0x00002c17) x24 0x0000000080006008
core   0: 0x000000008000400c (0x008c0c13) addi    s8, s8, 8
core   0: 3 0x000000008000400c (0x008c0c13) x24 0x0000000080006010
core   0: 0x0000000080004010 (0x000c00e7) jalr    s8
core   0: 3 0x0000000080004010 (0x000c00e7) x1  0x0000000080004014
core   0: >>>>  any_handler
core   0: 0x0000000080006010 (0x341027f3) csrrs   a5, mepc, zero
core   0: 3 0x0000000080006010 (0x341027f3) x15 0x0000000080004e86
core   0: 0x0000000080006014 (0x34202773) csrrs   a4, mcause, zero
core   0: 3 0x0000000080006014 (0x34202773) x14 0x0000000000000002
core   0: 0x0000000080006018 (0x142026f3) csrrs   a3, scause, zero
core   0: 3 0x0000000080006018 (0x142026f3) x13 0x0000000000000000
core   0: 0x000000008000601c (0x30402673) csrrs   a2, mie, zero
core   0: 3 0x000000008000601c (0x30402673) x12 0x0000000000000a00
core   0: 0x0000000080006020 (0x344025f3) csrrs   a1, mip, zero
core   0: 3 0x0000000080006020 (0x344025f3) x11 0x0000000000000080
core   0: 0x0000000080006024 (0x343025f3) csrrs   a1, mtval, zero
core   0: 3 0x0000000080006024 (0x343025f3) x11 0x00000000c21178d3
core   0: 0x0000000080006028 (0x14302573) csrrs   a0, stval, zero
core   0: 3 0x0000000080006028 (0x14302573) x10 0x0000000000000000
core   0: 0x000000008000602c (0xb02024f3) csrrs   s1, minstret, zero
core   0: 3 0x000000008000602c (0xb02024f3) x9  0x0000000000000cef
core   0: 0x0000000080006030 (0x0000a811) c.j     pc + 20
core   0: 3 0x0000000080006030 (0xa811)
core   0: >>>>  mepc_4
core   0: 0x0000000080006044 (0x00000791) c.addi  a5, 4
core   0: 3 0x0000000080006044 (0x0791) x15 0x0000000080004e8a
core   0: 0x0000000080006046 (0x34179073) csrrw   zero, mepc, a5
core   0: 3 0x0000000080006046 (0x34179073) c833_mepc 0x0000000080004e8a
core   0: 0x000000008000604a (0x30200073) mret
core   0: 3 0x000000008000604a (0x30200073) c768_mstatus 0x8000000a00106080
core   0: 0x0000000080004e8a (0x000d9d93) slli    s11, s11, 0
core   0: 1 0x0000000080004e8a (0x000d9d93) x27 0x0000000000000000
core   0: 0x0000000080004e8e (0x03c831b3) mulhu   gp, a6, t3
core   0: 1 0x0000000080004e8e (0x03c831b3) x3  0x0000000000000000
core   0: 0x0000000080004e92 (0x016607b3) add     a5, a2, s6
core   0: 1 0x0000000080004e92 (0x016607b3) x15 0x00000000000009fe
core   0: 0x0000000080004e96 (0xf20a83d3) fmv.d.x ft7, s5
core   0: 1 0x0000000080004e96 (0xf20a83d3) f7  0x0000000000000000
core   0: 0x0000000080004e9a (0x800b6713) ori     a4, s6, -2048
core   0: 1 0x0000000080004e9a (0x800b6713) x14 0xfffffffffffffffe
core   0: 0x0000000080004e9e (0x01084833) xor     a6, a6, a6
core   0: 1 0x0000000080004e9e (0x01084833) x16 0x0000000000000000
core   0: 0x0000000080004ea2 (0xc22ff8d3) fcvt.l.d a7, ft11
core   0: exception trap_illegal_instruction, epc 0x0000000080004ea2
core   0:           tval 0x00000000c22ff8d3
core   0: >>>>  $xrv64i2p1_m2p0_a2p1_f2p2_d2p2_zicsr2p0_zifencei2p0_zmmul1p0_zba1p0_zbb1p0_zbc1p0_zbs1p0
core   0: 0x0000000080004000 (0x0080006f) j       pc + 0x8
core   0: 3 0x0000000080004000 (0x0080006f)
core   0: >>>>  mmode_exception_handler
core   0: 0x0000000080004008 (0x00002c17) auipc   s8, 0x2
core   0: 3 0x0000000080004008 (0x00002c17) x24 0x0000000080006008
core   0: 0x000000008000400c (0x008c0c13) addi    s8, s8, 8
core   0: 3 0x000000008000400c (0x008c0c13) x24 0x0000000080006010
core   0: 0x0000000080004010 (0x000c00e7) jalr    s8
core   0: 3 0x0000000080004010 (0x000c00e7) x1  0x0000000080004014
core   0: >>>>  any_handler
core   0: 0x0000000080006010 (0x341027f3) csrrs   a5, mepc, zero
core   0: 3 0x0000000080006010 (0x341027f3) x15 0x0000000080004ea2
core   0: 0x0000000080006014 (0x34202773) csrrs   a4, mcause, zero
core   0: 3 0x0000000080006014 (0x34202773) x14 0x0000000000000002
core   0: 0x0000000080006018 (0x142026f3) csrrs   a3, scause, zero
core   0: 3 0x0000000080006018 (0x142026f3) x13 0x0000000000000000
core   0: 0x000000008000601c (0x30402673) csrrs   a2, mie, zero
core   0: 3 0x000000008000601c (0x30402673) x12 0x0000000000000a00
core   0: 0x0000000080006020 (0x344025f3) csrrs   a1, mip, zero
core   0: 3 0x0000000080006020 (0x344025f3) x11 0x0000000000000080
core   0: 0x0000000080006024 (0x343025f3) csrrs   a1, mtval, zero
core   0: 3 0x0000000080006024 (0x343025f3) x11 0x00000000c22ff8d3
core   0: 0x0000000080006028 (0x14302573) csrrs   a0, stval, zero
core   0: 3 0x0000000080006028 (0x14302573) x10 0x0000000000000000
core   0: 0x000000008000602c (0xb02024f3) csrrs   s1, minstret, zero
core   0: 3 0x000000008000602c (0xb02024f3) x9  0x0000000000000d05
core   0: 0x0000000080006030 (0x0000a811) c.j     pc + 20
core   0: 3 0x0000000080006030 (0xa811)
core   0: >>>>  mepc_4
core   0: 0x0000000080006044 (0x00000791) c.addi  a5, 4
core   0: 3 0x0000000080006044 (0x0791) x15 0x0000000080004ea6
core   0: 0x0000000080006046 (0x34179073) csrrw   zero, mepc, a5
core   0: 3 0x0000000080006046 (0x34179073) c833_mepc 0x0000000080004ea6
core   0: 0x000000008000604a (0x30200073) mret
core   0: 3 0x000000008000604a (0x30200073) c768_mstatus 0x8000000a00106080
core   0: 0x0000000080004ea6 (0x01c88e3b) addw    t3, a7, t3
core   0: 1 0x0000000080004ea6 (0x01c88e3b) x28 0x0000000000000000
core   0: 0x0000000080004eaa (0xd023f753) fcvt.s.l fa4, t2
core   0: exception trap_illegal_instruction, epc 0x0000000080004eaa
core   0:           tval 0x00000000d023f753
core   0: >>>>  $xrv64i2p1_m2p0_a2p1_f2p2_d2p2_zicsr2p0_zifencei2p0_zmmul1p0_zba1p0_zbb1p0_zbc1p0_zbs1p0
core   0: 0x0000000080004000 (0x0080006f) j       pc + 0x8
core   0: 3 0x0000000080004000 (0x0080006f)
core   0: >>>>  mmode_exception_handler
core   0: 0x0000000080004008 (0x00002c17) auipc   s8, 0x2
core   0: 3 0x0000000080004008 (0x00002c17) x24 0x0000000080006008
core   0: 0x000000008000400c (0x008c0c13) addi    s8, s8, 8
core   0: 3 0x000000008000400c (0x008c0c13) x24 0x0000000080006010
core   0: 0x0000000080004010 (0x000c00e7) jalr    s8
core   0: 3 0x0000000080004010 (0x000c00e7) x1  0x0000000080004014
core   0: >>>>  any_handler
core   0: 0x0000000080006010 (0x341027f3) csrrs   a5, mepc, zero
core   0: 3 0x0000000080006010 (0x341027f3) x15 0x0000000080004eaa
core   0: 0x0000000080006014 (0x34202773) csrrs   a4, mcause, zero
core   0: 3 0x0000000080006014 (0x34202773) x14 0x0000000000000002
core   0: 0x0000000080006018 (0x142026f3) csrrs   a3, scause, zero
core   0: 3 0x0000000080006018 (0x142026f3) x13 0x0000000000000000
core   0: 0x000000008000601c (0x30402673) csrrs   a2, mie, zero
core   0: 3 0x000000008000601c (0x30402673) x12 0x0000000000000a00
core   0: 0x0000000080006020 (0x344025f3) csrrs   a1, mip, zero
core   0: 3 0x0000000080006020 (0x344025f3) x11 0x0000000000000080
core   0: 0x0000000080006024 (0x343025f3) csrrs   a1, mtval, zero
core   0: 3 0x0000000080006024 (0x343025f3) x11 0x00000000d023f753
core   0: 0x0000000080006028 (0x14302573) csrrs   a0, stval, zero
core   0: 3 0x0000000080006028 (0x14302573) x10 0x0000000000000000
core   0: 0x000000008000602c (0xb02024f3) csrrs   s1, minstret, zero
core   0: 3 0x000000008000602c (0xb02024f3) x9  0x0000000000000d16
core   0: 0x0000000080006030 (0x0000a811) c.j     pc + 20
core   0: 3 0x0000000080006030 (0xa811)
core   0: >>>>  mepc_4
core   0: 0x0000000080006044 (0x00000791) c.addi  a5, 4
core   0: 3 0x0000000080006044 (0x0791) x15 0x0000000080004eae
core   0: 0x0000000080006046 (0x34179073) csrrw   zero, mepc, a5
core   0: 3 0x0000000080006046 (0x34179073) c833_mepc 0x0000000080004eae
core   0: 0x000000008000604a (0x30200073) mret
core   0: 3 0x000000008000604a (0x30200073) c768_mstatus 0x8000000a00106080
core   0: 0x0000000080004eae (0x0351c533) div     a0, gp, s5
core   0: 1 0x0000000080004eae (0x0351c533) x10 0xffffffffffffffff
core   0: 0x0000000080004eb2 (0xb89a6893) ori     a7, s4, -1143
core   0: 1 0x0000000080004eb2 (0xb89a6893) x17 0xfffffffffffffb89
core   0: 0x0000000080004eb6 (0x010b4333) xor     t1, s6, a6
core   0: 1 0x0000000080004eb6 (0x010b4333) x6  0xfffffffffffffffe
core   0: 0x0000000080004eba (0x01821a3b) sllw    s4, tp, s8
core   0: 1 0x0000000080004eba (0x01821a3b) x20 0x000000000fff0000
core   0: 0x0000000080004ebe (0x1b89f9d3) fdiv.d  fs3, fs3, fs8
core   0: exception trap_illegal_instruction, epc 0x0000000080004ebe
core   0:           tval 0x000000001b89f9d3
core   0: >>>>  $xrv64i2p1_m2p0_a2p1_f2p2_d2p2_zicsr2p0_zifencei2p0_zmmul1p0_zba1p0_zbb1p0_zbc1p0_zbs1p0
core   0: 0x0000000080004000 (0x0080006f) j       pc + 0x8
core   0: 3 0x0000000080004000 (0x0080006f)
core   0: >>>>  mmode_exception_handler
core   0: 0x0000000080004008 (0x00002c17) auipc   s8, 0x2
core   0: 3 0x0000000080004008 (0x00002c17) x24 0x0000000080006008
core   0: 0x000000008000400c (0x008c0c13) addi    s8, s8, 8
core   0: 3 0x000000008000400c (0x008c0c13) x24 0x0000000080006010
core   0: 0x0000000080004010 (0x000c00e7) jalr    s8
core   0: 3 0x0000000080004010 (0x000c00e7) x1  0x0000000080004014
core   0: >>>>  any_handler
core   0: 0x0000000080006010 (0x341027f3) csrrs   a5, mepc, zero
core   0: 3 0x0000000080006010 (0x341027f3) x15 0x0000000080004ebe
core   0: 0x0000000080006014 (0x34202773) csrrs   a4, mcause, zero
core   0: 3 0x0000000080006014 (0x34202773) x14 0x0000000000000002
core   0: 0x0000000080006018 (0x142026f3) csrrs   a3, scause, zero
core   0: 3 0x0000000080006018 (0x142026f3) x13 0x0000000000000000
core   0: 0x000000008000601c (0x30402673) csrrs   a2, mie, zero
core   0: 3 0x000000008000601c (0x30402673) x12 0x0000000000000a00
core   0: 0x0000000080006020 (0x344025f3) csrrs   a1, mip, zero
core   0: 3 0x0000000080006020 (0x344025f3) x11 0x0000000000000080
core   0: 0x0000000080006024 (0x343025f3) csrrs   a1, mtval, zero
core   0: 3 0x0000000080006024 (0x343025f3) x11 0x000000001b89f9d3
core   0: 0x0000000080006028 (0x14302573) csrrs   a0, stval, zero
core   0: 3 0x0000000080006028 (0x14302573) x10 0x0000000000000000
core   0: 0x000000008000602c (0xb02024f3) csrrs   s1, minstret, zero
core   0: 3 0x000000008000602c (0xb02024f3) x9  0x0000000000000d2a
core   0: 0x0000000080006030 (0x0000a811) c.j     pc + 20
core   0: 3 0x0000000080006030 (0xa811)
core   0: >>>>  mepc_4
core   0: 0x0000000080006044 (0x00000791) c.addi  a5, 4
core   0: 3 0x0000000080006044 (0x0791) x15 0x0000000080004ec2
core   0: 0x0000000080006046 (0x34179073) csrrw   zero, mepc, a5
core   0: 3 0x0000000080006046 (0x34179073) c833_mepc 0x0000000080004ec2
core   0: 0x000000008000604a (0x30200073) mret
core   0: 3 0x000000008000604a (0x30200073) c768_mstatus 0x8000000a00106080
core   0: 0x0000000080004ec2 (0x0012929b) slliw   t0, t0, 1
core   0: 1 0x0000000080004ec2 (0x0012929b) x5  0x000000000000000a
core   0: 0x0000000080004ec6 (0x1a217d53) fdiv.d  fs10, ft2, ft2
core   0: exception trap_illegal_instruction, epc 0x0000000080004ec6
core   0:           tval 0x000000001a217d53
core   0: >>>>  $xrv64i2p1_m2p0_a2p1_f2p2_d2p2_zicsr2p0_zifencei2p0_zmmul1p0_zba1p0_zbb1p0_zbc1p0_zbs1p0
core   0: 0x0000000080004000 (0x0080006f) j       pc + 0x8
core   0: 3 0x0000000080004000 (0x0080006f)
core   0: >>>>  mmode_exception_handler
core   0: 0x0000000080004008 (0x00002c17) auipc   s8, 0x2
core   0: 3 0x0000000080004008 (0x00002c17) x24 0x0000000080006008
core   0: 0x000000008000400c (0x008c0c13) addi    s8, s8, 8
core   0: 3 0x000000008000400c (0x008c0c13) x24 0x0000000080006010
core   0: 0x0000000080004010 (0x000c00e7) jalr    s8
core   0: 3 0x0000000080004010 (0x000c00e7) x1  0x0000000080004014
core   0: >>>>  any_handler
core   0: 0x0000000080006010 (0x341027f3) csrrs   a5, mepc, zero
core   0: 3 0x0000000080006010 (0x341027f3) x15 0x0000000080004ec6
core   0: 0x0000000080006014 (0x34202773) csrrs   a4, mcause, zero
core   0: 3 0x0000000080006014 (0x34202773) x14 0x0000000000000002
core   0: 0x0000000080006018 (0x142026f3) csrrs   a3, scause, zero
core   0: 3 0x0000000080006018 (0x142026f3) x13 0x0000000000000000
core   0: 0x000000008000601c (0x30402673) csrrs   a2, mie, zero
core   0: 3 0x000000008000601c (0x30402673) x12 0x0000000000000a00
core   0: 0x0000000080006020 (0x344025f3) csrrs   a1, mip, zero
core   0: 3 0x0000000080006020 (0x344025f3) x11 0x0000000000000080
core   0: 0x0000000080006024 (0x343025f3) csrrs   a1, mtval, zero
core   0: 3 0x0000000080006024 (0x343025f3) x11 0x000000001a217d53
core   0: 0x0000000080006028 (0x14302573) csrrs   a0, stval, zero
core   0: 3 0x0000000080006028 (0x14302573) x10 0x0000000000000000
core   0: 0x000000008000602c (0xb02024f3) csrrs   s1, minstret, zero
core   0: 3 0x000000008000602c (0xb02024f3) x9  0x0000000000000d3b
core   0: 0x0000000080006030 (0x0000a811) c.j     pc + 20
core   0: 3 0x0000000080006030 (0xa811)
core   0: >>>>  mepc_4
core   0: 0x0000000080006044 (0x00000791) c.addi  a5, 4
core   0: 3 0x0000000080006044 (0x0791) x15 0x0000000080004eca
core   0: 0x0000000080006046 (0x34179073) csrrw   zero, mepc, a5
core   0: 3 0x0000000080006046 (0x34179073) c833_mepc 0x0000000080004eca
core   0: 0x000000008000604a (0x30200073) mret
core   0: 3 0x000000008000604a (0x30200073) c768_mstatus 0x8000000a00106080
core   0: 0x0000000080004eca (0x02027d3b) remuw   s10, tp, zero
core   0: 1 0x0000000080004eca (0x02027d3b) x26 0x0000000000000fff
core   0: 0x0000000080004ece (0x0155c633) xor     a2, a1, s5
core   0: 1 0x0000000080004ece (0x0155c633) x12 0x000000001a217d53
core   0: 0x0000000080004ed2 (0x230f8853) fsgnj.d fa6, ft11, fa6
core   0: 1 0x0000000080004ed2 (0x230f8853) f16 0x7ff8000000000000
core   0: 0x0000000080004ed6 (0xd039f9d3) fcvt.s.lu fs3, s3
core   0: exception trap_illegal_instruction, epc 0x0000000080004ed6
core   0:           tval 0x00000000d039f9d3
core   0: >>>>  $xrv64i2p1_m2p0_a2p1_f2p2_d2p2_zicsr2p0_zifencei2p0_zmmul1p0_zba1p0_zbb1p0_zbc1p0_zbs1p0
core   0: 0x0000000080004000 (0x0080006f) j       pc + 0x8
core   0: 3 0x0000000080004000 (0x0080006f)
core   0: >>>>  mmode_exception_handler
core   0: 0x0000000080004008 (0x00002c17) auipc   s8, 0x2
core   0: 3 0x0000000080004008 (0x00002c17) x24 0x0000000080006008
core   0: 0x000000008000400c (0x008c0c13) addi    s8, s8, 8
core   0: 3 0x000000008000400c (0x008c0c13) x24 0x0000000080006010
core   0: 0x0000000080004010 (0x000c00e7) jalr    s8
core   0: 3 0x0000000080004010 (0x000c00e7) x1  0x0000000080004014
core   0: >>>>  any_handler
core   0: 0x0000000080006010 (0x341027f3) csrrs   a5, mepc, zero
core   0: 3 0x0000000080006010 (0x341027f3) x15 0x0000000080004ed6
core   0: 0x0000000080006014 (0x34202773) csrrs   a4, mcause, zero
core   0: 3 0x0000000080006014 (0x34202773) x14 0x0000000000000002
core   0: 0x0000000080006018 (0x142026f3) csrrs   a3, scause, zero
core   0: 3 0x0000000080006018 (0x142026f3) x13 0x0000000000000000
core   0: 0x000000008000601c (0x30402673) csrrs   a2, mie, zero
core   0: 3 0x000000008000601c (0x30402673) x12 0x0000000000000a00
core   0: 0x0000000080006020 (0x344025f3) csrrs   a1, mip, zero
core   0: 3 0x0000000080006020 (0x344025f3) x11 0x0000000000000080
core   0: 0x0000000080006024 (0x343025f3) csrrs   a1, mtval, zero
core   0: 3 0x0000000080006024 (0x343025f3) x11 0x00000000d039f9d3
core   0: 0x0000000080006028 (0x14302573) csrrs   a0, stval, zero
core   0: 3 0x0000000080006028 (0x14302573) x10 0x0000000000000000
core   0: 0x000000008000602c (0xb02024f3) csrrs   s1, minstret, zero
core   0: 3 0x000000008000602c (0xb02024f3) x9  0x0000000000000d4e
core   0: 0x0000000080006030 (0x0000a811) c.j     pc + 20
core   0: 3 0x0000000080006030 (0xa811)
core   0: >>>>  mepc_4
core   0: 0x0000000080006044 (0x00000791) c.addi  a5, 4
core   0: 3 0x0000000080006044 (0x0791) x15 0x0000000080004eda
core   0: 0x0000000080006046 (0x34179073) csrrw   zero, mepc, a5
core   0: 3 0x0000000080006046 (0x34179073) c833_mepc 0x0000000080004eda
core   0: 0x000000008000604a (0x30200073) mret
core   0: 3 0x000000008000604a (0x30200073) c768_mstatus 0x8000000a00106080
core   0: 0x0000000080004eda (0x00cad533) srl     a0, s5, a2
core   0: 1 0x0000000080004eda (0x00cad533) x10 0x0000000000000000
core   0: 0x0000000080004ede (0x402555bb) sraw    a1, a0, sp
core   0: 1 0x0000000080004ede (0x402555bb) x11 0x0000000000000000
core   0: 0x0000000080004ee2 (0x2bd916d3) fmax.d  fa3, fs2, ft9
core   0: 1 0x0000000080004ee2 (0x2bd916d3) f13 0x7ff8000000000000
core   0: 0x0000000080004ee6 (0x00202cf3) csrrs   s9, frm, zero
core   0: 1 0x0000000080004ee6 (0x00202cf3) x25 0x0000000000000005
core   0: 0x0000000080004eea (0x00002133) slt     sp, zero, zero
core   0: 1 0x0000000080004eea (0x00002133) x2  0x0000000000000000
core   0: 0x0000000080004eee (0x000bd193) srli    gp, s7, 0
core   0: 1 0x0000000080004eee (0x000bd193) x3  0x1400000000000000
core   0: 0x0000000080004ef2 (0xc2317e53) fcvt.lu.d t3, ft2
core   0: exception trap_illegal_instruction, epc 0x0000000080004ef2
core   0:           tval 0x00000000c2317e53
core   0: >>>>  $xrv64i2p1_m2p0_a2p1_f2p2_d2p2_zicsr2p0_zifencei2p0_zmmul1p0_zba1p0_zbb1p0_zbc1p0_zbs1p0
core   0: 0x0000000080004000 (0x0080006f) j       pc + 0x8
core   0: 3 0x0000000080004000 (0x0080006f)
core   0: >>>>  mmode_exception_handler
core   0: 0x0000000080004008 (0x00002c17) auipc   s8, 0x2
core   0: 3 0x0000000080004008 (0x00002c17) x24 0x0000000080006008
core   0: 0x000000008000400c (0x008c0c13) addi    s8, s8, 8
core   0: 3 0x000000008000400c (0x008c0c13) x24 0x0000000080006010
core   0: 0x0000000080004010 (0x000c00e7) jalr    s8
core   0: 3 0x0000000080004010 (0x000c00e7) x1  0x0000000080004014
core   0: >>>>  any_handler
core   0: 0x0000000080006010 (0x341027f3) csrrs   a5, mepc, zero
core   0: 3 0x0000000080006010 (0x341027f3) x15 0x0000000080004ef2
core   0: 0x0000000080006014 (0x34202773) csrrs   a4, mcause, zero
core   0: 3 0x0000000080006014 (0x34202773) x14 0x0000000000000002
core   0: 0x0000000080006018 (0x142026f3) csrrs   a3, scause, zero
core   0: 3 0x0000000080006018 (0x142026f3) x13 0x0000000000000000
core   0: 0x000000008000601c (0x30402673) csrrs   a2, mie, zero
core   0: 3 0x000000008000601c (0x30402673) x12 0x0000000000000a00
core   0: 0x0000000080006020 (0x344025f3) csrrs   a1, mip, zero
core   0: 3 0x0000000080006020 (0x344025f3) x11 0x0000000000000080
core   0: 0x0000000080006024 (0x343025f3) csrrs   a1, mtval, zero
core   0: 3 0x0000000080006024 (0x343025f3) x11 0x00000000c2317e53
core   0: 0x0000000080006028 (0x14302573) csrrs   a0, stval, zero
core   0: 3 0x0000000080006028 (0x14302573) x10 0x0000000000000000
core   0: 0x000000008000602c (0xb02024f3) csrrs   s1, minstret, zero
core   0: 3 0x000000008000602c (0xb02024f3) x9  0x0000000000000d64
core   0: 0x0000000080006030 (0x0000a811) c.j     pc + 20
core   0: 3 0x0000000080006030 (0xa811)
core   0: >>>>  mepc_4
core   0: 0x0000000080006044 (0x00000791) c.addi  a5, 4
core   0: 3 0x0000000080006044 (0x0791) x15 0x0000000080004ef6
core   0: 0x0000000080006046 (0x34179073) csrrw   zero, mepc, a5
core   0: 3 0x0000000080006046 (0x34179073) c833_mepc 0x0000000080004ef6
core   0: 0x000000008000604a (0x30200073) mret
core   0: 3 0x000000008000604a (0x30200073) c768_mstatus 0x8000000a00106080
core   0: 0x0000000080004ef6 (0x00251973) csrrw   s2, frm, a0
core   0: 1 0x0000000080004ef6 (0x00251973) x18 0x0000000000000005 c2_frm 0x0000000000000000
core   0: 0x0000000080004efa (0x0325cebb) divw    t4, a1, s2
core   0: 1 0x0000000080004efa (0x0325cebb) x29 0xfffffffff3a37fab
core   0: 0x0000000080004efe (0x010ea5b3) slt     a1, t4, a6
core   0: 1 0x0000000080004efe (0x010ea5b3) x11 0x0000000000000001
core   0: 0x0000000080004f02 (0x40c98d3b) subw    s10, s3, a2
core   0: 1 0x0000000080004f02 (0x40c98d3b) x26 0x00000000000005ff
core   0: 0x0000000080004f06 (0x22db0dd3) fsgnj.d fs11, fs6, fa3
core   0: 1 0x0000000080004f06 (0x22db0dd3) f27 0x43e0000000000000
core   0: 0x0000000080004f0a (0x1229f447) fmsub.d fs0, fs3, ft2, ft2
core   0: 1 0x0000000080004f0a (0x1229f447) f8  0x7ff8000000000000
core   0: 0x0000000080004f0e (0x01795e1b) srliw   t3, s2, 23
core   0: 1 0x0000000080004f0e (0x01795e1b) x28 0x0000000000000000
core   0: 0x0000000080004f12 (0xc239f953) fcvt.lu.d s2, fs3
core   0: 1 0x0000000080004f12 (0xc239f953) c1_fflags 0x0000000000000011 x18 0xffffffffffffffff
core   0: 0x0000000080004f16 (0x23c504d3) fsgnj.d fs1, fa0, ft8
core   0: 1 0x0000000080004f16 (0x23c504d3) f9  0x0000000000000000
core   0: 0x0000000080004f1a (0x74670d9b) addiw   s11, a4, 1862
core   0: 1 0x0000000080004f1a (0x74670d9b) x27 0x0000000000000748
core   0: 0x0000000080004f1e (0x416d863b) subw    a2, s11, s6
core   0: 1 0x0000000080004f1e (0x416d863b) x12 0x000000000000074a
core   0: 0x0000000080004f22 (0x84803a37) lui     s4, 0x84803
core   0: 1 0x0000000080004f22 (0x84803a37) x20 0xffffffff84803000
core   0: 0x0000000080004f26 (0x011966b3) or      a3, s2, a7
core   0: 1 0x0000000080004f26 (0x011966b3) x13 0xffffffffffffffff
core   0: 0x0000000080004f2a (0x413d513b) sraw    sp, s10, s3
core   0: 1 0x0000000080004f2a (0x413d513b) x2  0x0000000000000000
core   0: 0x0000000080004f2e (0x2ae111d3) fmax.d  ft3, ft2, fa4
core   0: 1 0x0000000080004f2e (0x2ae111d3) f3  0x0000000000000000
core   0: 0x0000000080004f32 (0xd21a0b53) fcvt.d.wu fs6, s4
core   0: 1 0x0000000080004f32 (0xd21a0b53) f22 0x41e0900600000000
core   0: 0x0000000080004f36 (0xc03b71d3) fcvt.lu.s gp, fs6
core   0: 1 0x0000000080004f36 (0xc03b71d3) c1_fflags 0x0000000000000011 x3  0xffffffffffffffff
core   0: 0x0000000080004f3a (0x0132d69b) srliw   a3, t0, 19
core   0: 1 0x0000000080004f3a (0x0132d69b) x13 0x0000000000000000
core   0: 0x0000000080004f3e (0xa32181d3) fle.d   gp, ft3, fs2
core   0: 1 0x0000000080004f3e (0xa32181d3) c1_fflags 0x0000000000000011 x3  0x0000000000000000
core   0: 0x0000000080004f42 (0x400ed89b) sraiw   a7, t4, 0
core   0: 1 0x0000000080004f42 (0x400ed89b) x17 0xfffffffff3a37fab
core   0: 0x0000000080004f46 (0x0094fcb3) and     s9, s1, s1
core   0: 1 0x0000000080004f46 (0x0094fcb3) x25 0x0000000000000d64
core   0: 0x0000000080004f4a (0x4194883b) subw    a6, s1, s9
core   0: 1 0x0000000080004f4a (0x4194883b) x16 0x0000000000000000
core   0: 0x0000000080004f4e (0x00008db9) c.xor   a1, a4
core   0: 1 0x0000000080004f4e (0x8db9) x11 0x0000000000000003
core   0: 0x0000000080004f50 (0x409854b3) sra     s1, a6, s1
core   0: 1 0x0000000080004f50 (0x409854b3) x9  0x0000000000000000
core   0: 0x0000000080004f54 (0x0051dd1b) srliw   s10, gp, 5
core   0: 1 0x0000000080004f54 (0x0051dd1b) x26 0x0000000000000000
core   0: 0x0000000080004f58 (0x23ff8253) fsgnj.d ft4, ft11, ft11
core   0: 1 0x0000000080004f58 (0x23ff8253) f4  0x7ff8000000000000
core   0: 0x0000000080004f5c (0x5ab679cb) fnmsub.d fs3, fa2, fa1, fa1
core   0: 1 0x0000000080004f5c (0x5ab679cb) f19 0x7ff8000000000000
core   0: 0x0000000080004f60 (0x03d82833) mulhsu  a6, a6, t4
core   0: 1 0x0000000080004f60 (0x03d82833) x16 0x0000000000000000
core   0: 0x0000000080004f64 (0x01becdb3) xor     s11, t4, s11
core   0: 1 0x0000000080004f64 (0x01becdb3) x27 0xfffffffff3a378e3
core   0: 0x0000000080004f68 (0xd229f453) fcvt.d.l fs0, s3
core   0: 1 0x0000000080004f68 (0xd229f453) f8  0x40affe0000000000
core   0: 0x0000000080004f6c (0x00030333) add     t1, t1, zero
core   0: 1 0x0000000080004f6c (0x00030333) x6  0xfffffffffffffffe
core   0: 0x0000000080004f70 (0x5a010e9b) addiw   t4, sp, 1440
core   0: 1 0x0000000080004f70 (0x5a010e9b) x29 0x00000000000005a0
core   0: 0x0000000080004f74 (0x4103583b) sraw    a6, t1, a6
core   0: 1 0x0000000080004f74 (0x4103583b) x16 0xfffffffffffffffe
core   0: 0x0000000080004f78 (0x00a06133) or      sp, zero, a0
core   0: 1 0x0000000080004f78 (0x00a06133) x2  0x0000000000000000
core   0: 0x0000000080004f7c (0xb82c6cf3) csrrsi  s9, minstreth, 24
core   0: exception trap_illegal_instruction, epc 0x0000000080004f7c
core   0:           tval 0x00000000b82c6cf3
core   0: >>>>  $xrv64i2p1_m2p0_a2p1_f2p2_d2p2_zicsr2p0_zifencei2p0_zmmul1p0_zba1p0_zbb1p0_zbc1p0_zbs1p0
core   0: 0x0000000080004000 (0x0080006f) j       pc + 0x8
core   0: 3 0x0000000080004000 (0x0080006f)
core   0: >>>>  mmode_exception_handler
core   0: 0x0000000080004008 (0x00002c17) auipc   s8, 0x2
core   0: 3 0x0000000080004008 (0x00002c17) x24 0x0000000080006008
core   0: 0x000000008000400c (0x008c0c13) addi    s8, s8, 8
core   0: 3 0x000000008000400c (0x008c0c13) x24 0x0000000080006010
core   0: 0x0000000080004010 (0x000c00e7) jalr    s8
core   0: 3 0x0000000080004010 (0x000c00e7) x1  0x0000000080004014
core   0: >>>>  any_handler
core   0: 0x0000000080006010 (0x341027f3) csrrs   a5, mepc, zero
core   0: 3 0x0000000080006010 (0x341027f3) x15 0x0000000080004f7c
core   0: 0x0000000080006014 (0x34202773) csrrs   a4, mcause, zero
core   0: 3 0x0000000080006014 (0x34202773) x14 0x0000000000000002
core   0: 0x0000000080006018 (0x142026f3) csrrs   a3, scause, zero
core   0: 3 0x0000000080006018 (0x142026f3) x13 0x0000000000000000
core   0: 0x000000008000601c (0x30402673) csrrs   a2, mie, zero
core   0: 3 0x000000008000601c (0x30402673) x12 0x0000000000000a00
core   0: 0x0000000080006020 (0x344025f3) csrrs   a1, mip, zero
core   0: 3 0x0000000080006020 (0x344025f3) x11 0x0000000000000080
core   0: 0x0000000080006024 (0x343025f3) csrrs   a1, mtval, zero
core   0: 3 0x0000000080006024 (0x343025f3) x11 0x00000000b82c6cf3
core   0: 0x0000000080006028 (0x14302573) csrrs   a0, stval, zero
core   0: 3 0x0000000080006028 (0x14302573) x10 0x0000000000000000
core   0: 0x000000008000602c (0xb02024f3) csrrs   s1, minstret, zero
core   0: 3 0x000000008000602c (0xb02024f3) x9  0x0000000000000d96
core   0: 0x0000000080006030 (0x0000a811) c.j     pc + 20
core   0: 3 0x0000000080006030 (0xa811)
core   0: >>>>  mepc_4
core   0: 0x0000000080006044 (0x00000791) c.addi  a5, 4
core   0: 3 0x0000000080006044 (0x0791) x15 0x0000000080004f80
core   0: 0x0000000080006046 (0x34179073) csrrw   zero, mepc, a5
core   0: 3 0x0000000080006046 (0x34179073) c833_mepc 0x0000000080004f80
core   0: 0x000000008000604a (0x30200073) mret
core   0: 3 0x000000008000604a (0x30200073) c768_mstatus 0x8000000a00106080
core   0: 0x0000000080004f80 (0xc227fed3) fcvt.l.d t4, fa5
core   0: 1 0x0000000080004f80 (0xc227fed3) c1_fflags 0x0000000000000011 x29 0x7fffffffffffffff
core   0: 0x0000000080004f84 (0x8db77693) andi    a3, a4, -1829
core   0: 1 0x0000000080004f84 (0x8db77693) x13 0x0000000000000002
core   0: 0x0000000080004f88 (0xc203fbd3) fcvt.w.d s7, ft7
core   0: 1 0x0000000080004f88 (0xc203fbd3) x23 0x0000000000000000
core   0: 0x0000000080004f8c (0x01602433) slt     s0, zero, s6
core   0: 1 0x0000000080004f8c (0x01602433) x8  0x0000000000000000
core   0: 0x0000000080004f90 (0x0004d693) srli    a3, s1, 0
core   0: 1 0x0000000080004f90 (0x0004d693) x13 0x0000000000000d96
core   0: 0x0000000080004f94 (0xc213f253) fcvt.wu.d tp, ft7
core   0: 1 0x0000000080004f94 (0xc213f253) x4  0x0000000000000000
core   0: 0x0000000080004f98 (0x6a7afac3) fmadd.d fs5, fs5, ft7, fa3
core   0: 1 0x0000000080004f98 (0x6a7afac3) f21 0x7ff8000000000000
core   0: 0x0000000080004f9c (0xd63a7313) andi    t1, s4, -669
core   0: 1 0x0000000080004f9c (0xd63a7313) x6  0xffffffff84803000
core   0: 0x0000000080004fa0 (0x400e5e1b) sraiw   t3, t3, 0
core   0: 1 0x0000000080004fa0 (0x400e5e1b) x28 0x0000000000000000
core   0: 0x0000000080004fa4 (0xfdf28637) lui     a2, 0xfdf28
core   0: 1 0x0000000080004fa4 (0xfdf28637) x12 0xfffffffffdf28000
core   0: 0x0000000080004fa8 (0x4eb6061b) addiw   a2, a2, 1259
core   0: 1 0x0000000080004fa8 (0x4eb6061b) x12 0xfffffffffdf284eb
core   0: 0x0000000080004fac (0x00000636) c.slli  a2, 13
core   0: 1 0x0000000080004fac (0x0636) x12 0xffffffbe509d6000
core   0: 0x0000000080004fae (0x00001611) c.addi  a2, -28
core   0: 1 0x0000000080004fae (0x1611) x12 0xffffffbe509d5fe4
core   0: 0x0000000080004fb0 (0x007e56bb) srlw    a3, t3, t2
core   0: 1 0x0000000080004fb0 (0x007e56bb) x13 0x0000000000000000
core   0: 0x0000000080004fb4 (0xc027fad3) fcvt.l.s s5, fa5
core   0: 1 0x0000000080004fb4 (0xc027fad3) c1_fflags 0x0000000000000011 x21 0x7fffffffffffffff
core   0: 0x0000000080004fb8 (0x00000001) c.nop
core   0: 1 0x0000000080004fb8 (0x0001)
core   0: 0x0000000080004fba (0xc027f053) fcvt.l.s zero, fa5
core   0: 1 0x0000000080004fba (0xc027f053) c1_fflags 0x0000000000000011
core   0: 0x0000000080004fbe (0x01a020b3) slt     ra, zero, s10
core   0: 1 0x0000000080004fbe (0x01a020b3) x1  0x0000000000000000
core   0: 0x0000000080004fc2 (0x6b5efd47) fmsub.d fs10, ft9, fs5, fa3
core   0: 1 0x0000000080004fc2 (0x6b5efd47) f26 0x7ff8000000000000
core   0: 0x0000000080004fc6 (0xc226fc53) fcvt.l.d s8, fa3
core   0: 1 0x0000000080004fc6 (0xc226fc53) c1_fflags 0x0000000000000011 x24 0x7fffffffffffffff
core   0: 0x0000000080004fca (0x00000aba) c.slli  s5, 14
core   0: 1 0x0000000080004fca (0x0aba) x21 0xffffffffffffc000
core   0: 0x0000000080004fcc (0xd230f053) fcvt.d.lu ft0, ra
core   0: 1 0x0000000080004fcc (0xd230f053) f0  0x0000000000000000
core   0: 0x0000000080004fd0 (0x00000001) c.nop
core   0: 1 0x0000000080004fd0 (0x0001)
core   0: 0x0000000080004fd2 (0x1bae0617) auipc   a2, 0x1bae0
core   0: 1 0x0000000080004fd2 (0x1bae0617) x12 0x000000009bae4fd2
core   0: 0x0000000080004fd6 (0x02a572d3) fadd.d  ft5, fa0, fa0
core   0: 1 0x0000000080004fd6 (0x02a572d3) f5  0x0000000000000000
core   0: 0x0000000080004fda (0x2a001353) fmax.d  ft6, ft0, ft0
core   0: 1 0x0000000080004fda (0x2a001353) f6  0x0000000000000000
core   0: 0x0000000080004fde (0x01995933) srl     s2, s2, s9
core   0: 1 0x0000000080004fde (0x01995933) x18 0x000000000fffffff
core   0: 0x0000000080004fe2 (0x0009f993) andi    s3, s3, 0
core   0: 1 0x0000000080004fe2 (0x0009f993) x19 0x0000000000000000
core   0: 0x0000000080004fe6 (0x9dc23437) lui     s0, 0x9dc23
core   0: 1 0x0000000080004fe6 (0x9dc23437) x8  0xffffffff9dc23000
core   0: 0x0000000080004fea (0x4148553b) sraw    a0, a6, s4
core   0: 1 0x0000000080004fea (0x4148553b) x10 0xfffffffffffffffe
core   0: 0x0000000080004fee (0x407d013b) subw    sp, s10, t2
core   0: 1 0x0000000080004fee (0x407d013b) x2  0xffffffffc6de0000
core   0: 0x0000000080004ff2 (0x7ac2764b) fnmsub.d fa2, ft4, fa2, fa5
core   0: 1 0x0000000080004ff2 (0x7ac2764b) f12 0x7ff8000000000000
core   0: 0x0000000080004ff6 (0xea5ff147) fmsub.d ft2, ft11, ft5, ft9
core   0: 1 0x0000000080004ff6 (0xea5ff147) f2  0x7ff8000000000000
core   0: 0x0000000080004ffa (0xd21d0853) fcvt.d.wu fa6, s10
core   0: 1 0x0000000080004ffa (0xd21d0853) f16 0x0000000000000000
core   0: 0x0000000080004ffe (0x00211bbb) sllw    s7, sp, sp
core   0: 1 0x0000000080004ffe (0x00211bbb) x23 0xffffffffc6de0000
core   0: 0x0000000080005002 (0x002a91f3) csrrw   gp, frm, s5
core   0: 1 0x0000000080005002 (0x002a91f3) x3  0x0000000000000000 c2_frm 0x0000000000000000
core   0: 0x0000000080005006 (0x406282bb) subw    t0, t0, t1
core   0: 1 0x0000000080005006 (0x406282bb) x5  0x000000007b7fd00a
core   0: 0x000000008000500a (0x00000001) c.nop
core   0: 1 0x000000008000500a (0x0001)
core   0: 0x000000008000500c (0x1bd77747) fmsub.d fa4, fa4, ft9, ft3
core   0: 1 0x000000008000500c (0x1bd77747) f14 0x7ff8000000000000
core   0: 0x0000000080005010 (0x5a05fcd3) fsqrt.d fs9, fa1
core   0: 1 0x0000000080005010 (0x5a05fcd3) f25 0x7ff8000000000000
core   0: 0x0000000080005014 (0x0273a533) mulhsu  a0, t2, t2
core   0: 1 0x0000000080005014 (0x0273a533) x10 0x0000000000000000
core   0: 0x0000000080005018 (0x400cd61b) sraiw   a2, s9, 0
core   0: 1 0x0000000080005018 (0x400cd61b) x12 0x0000000000000d64
core   0: 0x000000008000501c (0x80057213) andi    tp, a0, -2048
core   0: 1 0x000000008000501c (0x80057213) x4  0x0000000000000000
core   0: 0x0000000080005020 (0x035538b3) mulhu   a7, a0, s5
core   0: 1 0x0000000080005020 (0x035538b3) x17 0x0000000000000000
core   0: 0x0000000080005024 (0xa28c8353) fle.d   t1, fs9, fs0
core   0: 1 0x0000000080005024 (0xa28c8353) c1_fflags 0x0000000000000011 x6  0x0000000000000000
core   0: 0x0000000080005028 (0x026348b3) div     a7, t1, t1
core   0: 1 0x0000000080005028 (0x026348b3) x17 0xffffffffffffffff
core   0: 0x000000008000502c (0x01ca86bb) addw    a3, s5, t3
core   0: 1 0x000000008000502c (0x01ca86bb) x13 0xffffffffffffc000
core   0: 0x0000000080005030 (0x00104533) xor     a0, zero, ra
core   0: 1 0x0000000080005030 (0x00104533) x10 0x0000000000000000
core   0: 0x0000000080005034 (0x01d56eb3) or      t4, a0, t4
core   0: 1 0x0000000080005034 (0x01d56eb3) x29 0x7fffffffffffffff
core   0: 0x0000000080005038 (0x22d696d3) fsgnjn.d fa3, fa3, fa3
core   0: 1 0x0000000080005038 (0x22d696d3) f13 0xfff8000000000000
core   0: 0x000000008000503c (0x006308bb) addw    a7, t1, t1
core   0: 1 0x000000008000503c (0x006308bb) x17 0x0000000000000000
core   0: 0x0000000080005040 (0x02fc25b3) mulhsu  a1, s8, a5
core   0: 1 0x0000000080005040 (0x02fc25b3) x11 0x00000000400027bf
core   0: 0x0000000080005044 (0x0ff0000f) fence   iorw,iorw
core   0: 1 0x0000000080005044 (0x0ff0000f)
core   0: 0x0000000080005048 (0x0048f133) and     sp, a7, tp
core   0: 1 0x0000000080005048 (0x0048f133) x2  0x0000000000000000
core   0: 0x000000008000504c (0xc2017553) fcvt.w.d a0, ft2
core   0: 1 0x000000008000504c (0xc2017553) c1_fflags 0x0000000000000011 x10 0x000000007fffffff
core   0: 0x0000000080005050 (0x009e123b) sllw    tp, t3, s1
core   0: 1 0x0000000080005050 (0x009e123b) x4  0x0000000000000000
core   0: 0x0000000080005054 (0x0002001b) sext.w  zero, tp
core   0: 1 0x0000000080005054 (0x0002001b)
core   0: 0x0000000080005058 (0xba05fcc3) fmadd.d fs9, fa1, ft0, fs7
core   0: 1 0x0000000080005058 (0xba05fcc3) f25 0x7ff8000000000000
core   0: 0x000000008000505c (0x000e1b1b) slliw   s6, t3, 0
core   0: 1 0x000000008000505c (0x000e1b1b) x22 0x0000000000000000
core   0: 0x0000000080005060 (0x00241e73) csrrw   t3, frm, s0
core   0: 1 0x0000000080005060 (0x00241e73) x28 0x0000000000000000 c2_frm 0x0000000000000000
core   0: 0x0000000080005064 (0x003ed893) srli    a7, t4, 3
core   0: 1 0x0000000080005064 (0x003ed893) x17 0x0fffffffffffffff
core   0: 0x0000000080005068 (0xd2078553) fcvt.d.w fa0, a5
core   0: 1 0x0000000080005068 (0xd2078553) f10 0xc1dfffec20000000
core   0: 0x000000008000506c (0x23022b53) fsgnjx.d fs6, ft4, fa6
core   0: 1 0x000000008000506c (0x23022b53) f22 0x7ff8000000000000
core   0: 0x0000000080005070 (0x1308f253) fmul.d  ft4, fa7, fa6
core   0: 1 0x0000000080005070 (0x1308f253) f4  0x0000000000000000
core   0: 0x0000000080005074 (0x03e39c13) slli    s8, t2, 62
core   0: 1 0x0000000080005074 (0x03e39c13) x24 0x0000000000000000
core   0: 0x0000000080005078 (0x00189573) csrrw   a0, fflags, a7
core   0: 1 0x0000000080005078 (0x00189573) x10 0x0000000000000011 c1_fflags 0x000000000000001f
core   0: 0x000000008000507c (0x00a52bb3) slt     s7, a0, a0
core   0: 1 0x000000008000507c (0x00a52bb3) x23 0x0000000000000000
core   0: 0x0000000080005080 (0x10091d73) csrrw   s10, sstatus, s2
core   0: 1 0x0000000080005080 (0x10091d73) x26 0x8000000200006000 c768_mstatus 0x8000000a001c61a2
core   0: 0x0000000080005084 (0x824571c3) fmadd.d ft3, fa0, ft4, fa6
core   0: 1 0x0000000080005084 (0x824571c3) f3  0x0000000000000000
core   0: 0x0000000080005088 (0xc02b7ad3) fcvt.l.s s5, fs6
core   0: 1 0x0000000080005088 (0xc02b7ad3) c1_fflags 0x000000000000001f x21 0x7fffffffffffffff
core   0: 0x000000008000508c (0x850e2317) auipc   t1, 0x850e2
core   0: 1 0x000000008000508c (0x850e2317) x6  0x00000000050e708c
core   0: 0x0000000080005090 (0xc03b74d3) fcvt.lu.s s1, fs6
core   0: 1 0x0000000080005090 (0xc03b74d3) c1_fflags 0x000000000000001f x9  0xffffffffffffffff
core   0: 0x0000000080005094 (0xe20187d3) fmv.x.d a5, ft3
core   0: 1 0x0000000080005094 (0xe20187d3) x15 0x0000000000000000
core   0: 0x0000000080005098 (0x40fa5a3b) sraw    s4, s4, a5
core   0: 1 0x0000000080005098 (0x40fa5a3b) x20 0xffffffff84803000
core   0: 0x000000008000509c (0x7a280693) addi    a3, a6, 1954
core   0: 1 0x000000008000509c (0x7a280693) x13 0x00000000000007a0
core   0: 0x00000000800050a0 (0x409200b3) sub     ra, tp, s1
core   0: 1 0x00000000800050a0 (0x409200b3) x1  0x0000000000000001
core   0: 0x00000000800050a4 (0x00158ab3) add     s5, a1, ra
core   0: 1 0x00000000800050a4 (0x00158ab3) x21 0x00000000400027c0
core   0: 0x00000000800050a8 (0x03620cbb) mulw    s9, tp, s6
core   0: 1 0x00000000800050a8 (0x03620cbb) x25 0x0000000000000000
core   0: 0x00000000800050ac (0x071b3637) lui     a2, 0x71b3
core   0: 1 0x00000000800050ac (0x071b3637) x12 0x00000000071b3000
core   0: 0x00000000800050b0 (0xf716061b) addiw   a2, a2, -143
core   0: 1 0x00000000800050b0 (0xf716061b) x12 0x00000000071b2f71
core   0: 0x00000000800050b4 (0x00000632) c.slli  a2, 12
core   0: 1 0x00000000800050b4 (0x0632) x12 0x00000071b2f71000
core   0: 0x00000000800050b6 (0x5a160613) addi    a2, a2, 1441
core   0: 1 0x00000000800050b6 (0x5a160613) x12 0x00000071b2f715a1
core   0: 0x00000000800050ba (0x300ce993) ori     s3, s9, 768
core   0: 1 0x00000000800050ba (0x300ce993) x19 0x0000000000000300
core   0: 0x00000000800050be (0x02ed5d93) srli    s11, s10, 46
core   0: 1 0x00000000800050be (0x02ed5d93) x27 0x0000000000020000
core   0: 0x00000000800050c2 (0x037088bb) mulw    a7, ra, s7
core   0: 1 0x00000000800050c2 (0x037088bb) x17 0x0000000000000000
core   0: 0x00000000800050c6 (0xc220fe53) fcvt.l.d t3, ft1
core   0: 1 0x00000000800050c6 (0xc220fe53) c1_fflags 0x000000000000001f x28 0x7fffffffffffffff
core   0: 0x00000000800050ca (0x0208c033) div     zero, a7, zero
core   0: 1 0x00000000800050ca (0x0208c033)
core   0: 0x00000000800050ce (0x16e20c13) addi    s8, tp, 366
core   0: 1 0x00000000800050ce (0x16e20c13) x24 0x000000000000016e
core   0: 0x00000000800050d2 (0xc020f553) fcvt.l.s a0, ft1
core   0: 1 0x00000000800050d2 (0xc020f553) c1_fflags 0x000000000000001f x10 0x7fffffffffffffff
core   0: 0x00000000800050d6 (0x98a48793) addi    a5, s1, -1654
core   0: 1 0x00000000800050d6 (0x98a48793) x15 0xfffffffffffff989
core   0: 0x00000000800050da (0x02f08433) mul     s0, ra, a5
core   0: 1 0x00000000800050da (0x02f08433) x8  0xfffffffffffff989
core   0: 0x00000000800050de (0x00144213) xori    tp, s0, 1
core   0: 1 0x00000000800050de (0x00144213) x4  0xfffffffffffff988
core   0: 0x00000000800050e2 (0x40bb5c1b) sraiw   s8, s6, 11
core   0: 1 0x00000000800050e2 (0x40bb5c1b) x24 0x0000000000000000
core   0: 0x00000000800050e6 (0xc21279d3) fcvt.wu.d s3, ft4
core   0: 1 0x00000000800050e6 (0xc21279d3) x19 0x0000000000000000
core   0: 0x00000000800050ea (0x012800bb) addw    ra, a6, s2
core   0: 1 0x00000000800050ea (0x012800bb) x1  0x000000000ffffffd
core   0: 0x00000000800050ee (0x00c818bb) sllw    a7, a6, a2
core   0: 1 0x00000000800050ee (0x00c818bb) x17 0xfffffffffffffffc
core   0: 0x00000000800050f2 (0x873d821b) addiw   tp, s11, -1933
core   0: 1 0x00000000800050f2 (0x873d821b) x4  0x000000000001f873
core   0: 0x00000000800050f6 (0x0001199b) slliw   s3, sp, 0
core   0: 1 0x00000000800050f6 (0x0001199b) x19 0x0000000000000000
core   0: 0x00000000800050fa (0x01c6c037) lui     zero, 0x1c6c
core   0: 1 0x00000000800050fa (0x01c6c037)
core   0: 0x00000000800050fe (0xdf50001b) addiw   zero, zero, -523
core   0: 1 0x00000000800050fe (0xdf50001b)
core   0: 0x0000000080005102 (0x00d01013) slli    zero, zero, 13
core   0: 1 0x0000000080005102 (0x00d01013)
core   0: 0x0000000080005106 (0xa2700013) li      zero, -1497
core   0: 1 0x0000000080005106 (0xa2700013)
core   0: 0x000000008000510a (0x4013d49b) sraiw   s1, t2, 1
core   0: 1 0x000000008000510a (0x4013d49b) x9  0x000000001c910000
core   0: 0x000000008000510e (0x23bb9dd3) fsgnjn.d fs11, fs7, fs11
core   0: 1 0x000000008000510e (0x23bb9dd3) f27 0xc3e0000000000000
core   0: 0x0000000080005112 (0x40a45d13) srai    s10, s0, 10
core   0: 1 0x0000000080005112 (0x40a45d13) x26 0xfffffffffffffffe
core   0: 0x0000000080005116 (0xc021f053) fcvt.l.s zero, ft3
core   0: 1 0x0000000080005116 (0xc021f053) c1_fflags 0x000000000000001f
core   0: 0x000000008000511a (0x000d5d33) srl     s10, s10, zero
core   0: 1 0x000000008000511a (0x000d5d33) x26 0xfffffffffffffffe
core   0: 0x000000008000511e (0x00fd61b3) or      gp, s10, a5
core   0: 1 0x000000008000511e (0x00fd61b3) x3  0xffffffffffffffff
core   0: 0x0000000080005122 (0x86b5e6b7) lui     a3, 0x86b5e
core   0: 1 0x0000000080005122 (0x86b5e6b7) x13 0xffffffff86b5e000
core   0: 0x0000000080005126 (0x0278cbb3) div     s7, a7, t2
core   0: 1 0x0000000080005126 (0x0278cbb3) x23 0x0000000000000000
core   0: 0x000000008000512a (0x0b6b7fd3) fsub.d  ft11, fs6, fs6
core   0: 1 0x000000008000512a (0x0b6b7fd3) f31 0x7ff8000000000000
core   0: 0x000000008000512e (0x007a4733) xor     a4, s4, t2
core   0: 1 0x000000008000512e (0x007a4733) x14 0xffffffffbda23000
core   0: 0x0000000080005132 (0x00069913) slli    s2, a3, 0
core   0: 1 0x0000000080005132 (0x00069913) x18 0xffffffff86b5e000
core   0: 0x0000000080005136 (0xc20dfd53) fcvt.w.d s10, fs11
core   0: 1 0x0000000080005136 (0xc20dfd53) c1_fflags 0x000000000000001f x26 0xffffffff80000000
core   0: 0x000000008000513a (0x23b08f53) fsgnj.d ft10, ft1, fs11
core   0: 1 0x000000008000513a (0x23b08f53) f30 0xfff8000000000000
core   0: 0x000000008000513e (0x6a7a8a9b) addiw   s5, s5, 1703
core   0: 1 0x000000008000513e (0x6a7a8a9b) x21 0x0000000040002e67
core   0: 0x0000000080005142 (0x00279a73) csrrw   s4, frm, a5
core   0: 1 0x0000000080005142 (0x00279a73) x20 0x0000000000000000 c2_frm 0x0000000000000001
core   0: 0x0000000080005146 (0x016cd79b) srliw   a5, s9, 22
core   0: 1 0x0000000080005146 (0x016cd79b) x15 0x0000000000000000
core   0: 0x000000008000514a (0x03aaf4b3) remu    s1, s5, s10
core   0: 1 0x000000008000514a (0x03aaf4b3) x9  0x0000000040002e67
core   0: 0x000000008000514e (0x0ff0000f) fence   iorw,iorw
core   0: 1 0x000000008000514e (0x0ff0000f)
core   0: 0x0000000080005152 (0x42f7fec3) fmadd.d ft9, fa5, fa5, fs0
core   0: 1 0x0000000080005152 (0x42f7fec3) f29 0x7ff8000000000000
core   0: 0x0000000080005156 (0x0ff0000f) fence   iorw,iorw
core   0: 1 0x0000000080005156 (0x0ff0000f)
core   0: 0x000000008000515a (0x03050133) mul     sp, a0, a6
core   0: 1 0x000000008000515a (0x03050133) x2  0x0000000000000002
core   0: 0x000000008000515e (0x01528c3b) addw    s8, t0, s5
core   0: 1 0x000000008000515e (0x01528c3b) x24 0xffffffffbb7ffe71
core   0: 0x0000000080005162 (0x01168eb3) add     t4, a3, a7
core   0: 1 0x0000000080005162 (0x01168eb3) x29 0xffffffff86b5dffc
core   0: 0x0000000080005166 (0x43cf7dc7) fmsub.d fs11, ft10, ft8, fs0
core   0: 1 0x0000000080005166 (0x43cf7dc7) f27 0x7ff8000000000000
core   0: 0x000000008000516a (0x00000001) c.nop
core   0: 1 0x000000008000516a (0x0001)
core   0: 0x000000008000516c (0x00f109bb) addw    s3, sp, a5
core   0: 1 0x000000008000516c (0x00f109bb) x19 0x0000000000000002
core   0: 0x0000000080005170 (0x0368f433) remu    s0, a7, s6
core   0: 1 0x0000000080005170 (0x0368f433) x8  0xfffffffffffffffc
core   0: 0x0000000080005174 (0xd23570d3) fcvt.d.lu ft1, a0
core   0: 1 0x0000000080005174 (0xd23570d3) c1_fflags 0x000000000000001f f1  0x43dfffffffffffff
core   0: 0x0000000080005178 (0x0bdef853) fsub.d  fa6, ft9, ft9
core   0: 1 0x0000000080005178 (0x0bdef853) f16 0x7ff8000000000000
core   0: 0x000000008000517c (0x0003d793) srli    a5, t2, 0
core   0: 1 0x000000008000517c (0x0003d793) x15 0x0000000039220000
core   0: 0x0000000080005180 (0x40ce511b) sraiw   sp, t3, 12
core   0: 1 0x0000000080005180 (0x40ce511b) x2  0xffffffffffffffff
core   0: 0x0000000080005184 (0x00132bb3) slt     s7, t1, ra
core   0: 1 0x0000000080005184 (0x00132bb3) x23 0x0000000000000001
core   0: 0x0000000080005188 (0xd2040153) fcvt.d.w ft2, s0
core   0: 1 0x0000000080005188 (0xd2040153) f2  0xc010000000000000
core   0: 0x000000008000518c (0x038d1593) slli    a1, s10, 56
core   0: 1 0x000000008000518c (0x038d1593) x11 0x0000000000000000
core   0: 0x0000000080005190 (0x0010d49b) srliw   s1, ra, 1
core   0: 1 0x0000000080005190 (0x0010d49b) x9  0x0000000007fffffe
core   0: 0x0000000080005194 (0x2a4201d3) fmin.d  ft3, ft4, ft4
core   0: 1 0x0000000080005194 (0x2a4201d3) f3  0x0000000000000000
core   0: 0x0000000080005198 (0x0094823b) addw    tp, s1, s1
core   0: 1 0x0000000080005198 (0x0094823b) x4  0x000000000ffffffc
core   0: 0x000000008000519c (0xd028fed3) fcvt.s.l ft9, a7
core   0: 1 0x000000008000519c (0xd028fed3) f29 0xffffffffc0800000
core   0: 0x00000000800051a0 (0x2b619b53) fmax.d  fs6, ft3, fs6
core   0: 1 0x00000000800051a0 (0x2b619b53) f22 0x0000000000000000
core   0: 0x00000000800051a4 (0xa23b0bd3) fle.d   s7, fs6, ft3
core   0: 1 0x00000000800051a4 (0xa23b0bd3) x23 0x0000000000000001
core   0: 0x00000000800051a8 (0x00feceb3) xor     t4, t4, a5
core   0: 1 0x00000000800051a8 (0x00feceb3) x29 0xffffffffbf97dffc
core   0: 0x00000000800051ac (0x5a0e7ad3) fsqrt.d fs5, ft8
core   0: 1 0x00000000800051ac (0x5a0e7ad3) f21 0x7ff8000000000000
core   0: 0x00000000800051b0 (0x03a85133) divu    sp, a6, s10
core   0: 1 0x00000000800051b0 (0x03a85133) x2  0x0000000000000001
core   0: 0x00000000800051b4 (0xfaf59597) auipc   a1, 0xfaf59
core   0: 1 0x00000000800051b4 (0xfaf59597) x11 0x000000007af5e1b4
core   0: 0x00000000800051b8 (0x005812b3) sll     t0, a6, t0
core   0: 1 0x00000000800051b8 (0x005812b3) x5  0xfffffffffffff800
core   0: 0x00000000800051bc (0xfa4affcb) fnmsub.d ft11, fs5, ft4, ft11
core   0: 1 0x00000000800051bc (0xfa4affcb) f31 0x7ff8000000000000
core   0: 0x00000000800051c0 (0x41268933) sub     s2, a3, s2
core   0: 1 0x00000000800051c0 (0x41268933) x18 0x0000000000000000
core   0: 0x00000000800051c4 (0x224aad53) fsgnjx.d fs10, fs5, ft4
core   0: 1 0x00000000800051c4 (0x224aad53) f26 0x7ff8000000000000
core   0: 0x00000000800051c8 (0xfff2e013) ori     zero, t0, -1
core   0: 1 0x00000000800051c8 (0xfff2e013)
core   0: 0x00000000800051cc (0x00171d73) csrrw   s10, fflags, a4
core   0: 1 0x00000000800051cc (0x00171d73) x26 0x000000000000001f c1_fflags 0x0000000000000000
core   0: 0x00000000800051d0 (0xf16b6717) auipc   a4, 0xf16b6
core   0: 1 0x00000000800051d0 (0xf16b6717) x14 0x00000000716bb1d0
core   0: 0x00000000800051d4 (0x4000539b) sraiw   t2, zero, 0
core   0: 1 0x00000000800051d4 (0x4000539b) x7  0x0000000000000000
core   0: 0x00000000800051d8 (0xd234fe53) fcvt.d.lu ft8, s1
core   0: 1 0x00000000800051d8 (0xd234fe53) f28 0x419ffffff8000000
core   0: 0x00000000800051dc (0x00eb6033) or      zero, s6, a4
core   0: 1 0x00000000800051dc (0x00eb6033)
core   0: 0x00000000800051e0 (0x2bef1f53) fmax.d  ft10, ft10, ft10
core   0: 1 0x00000000800051e0 (0x2bef1f53) f30 0x7ff8000000000000
core   0: 0x00000000800051e4 (0x0ff0000f) fence   iorw,iorw
core   0: 1 0x00000000800051e4 (0x0ff0000f)
core   0: 0x00000000800051e8 (0x05929e37) lui     t3, 0x5929
core   0: 1 0x00000000800051e8 (0x05929e37) x28 0x0000000005929000
core   0: 0x00000000800051ec (0xac5e0e1b) addiw   t3, t3, -1339
core   0: 1 0x00000000800051ec (0xac5e0e1b) x28 0x0000000005928ac5
core   0: 0x00000000800051f0 (0x00000e32) c.slli  t3, 12
core   0: 1 0x00000000800051f0 (0x0e32) x28 0x0000005928ac5000
core   0: 0x00000000800051f2 (0xf5ae0e13) addi    t3, t3, -166
core   0: 1 0x00000000800051f2 (0xf5ae0e13) x28 0x0000005928ac4f5a
core   0: 0x00000000800051f6 (0xc22f70d3) fcvt.l.d ra, ft10
core   0: 1 0x00000000800051f6 (0xc22f70d3) c1_fflags 0x0000000000000010 x1  0x7fffffffffffffff
core   0: 0x00000000800051fa (0xa20e06d3) fle.d   a3, ft8, ft0
core   0: 1 0x00000000800051fa (0xa20e06d3) x13 0x0000000000000000
core   0: 0x00000000800051fe (0xf6c97297) auipc   t0, 0xf6c97
core   0: 1 0x00000000800051fe (0xf6c97297) x5  0x0000000076c9c1fe
core   0: 0x0000000080005202 (0x00596233) or      tp, s2, t0
core   0: 1 0x0000000080005202 (0x00596233) x4  0x0000000076c9c1fe
core   0: 0x0000000080005206 (0x0008d31b) srliw   t1, a7, 0
core   0: 1 0x0000000080005206 (0x0008d31b) x6  0xfffffffffffffffc
core   0: 0x000000008000520a (0x00002105) c.addiw sp, 1
core   0: 1 0x000000008000520a (0x2105) x2  0x0000000000000002
core   0: 0x000000008000520c (0xc03c7553) fcvt.lu.s a0, fs8
core   0: 1 0x000000008000520c (0xc03c7553) c1_fflags 0x0000000000000010 x10 0xffffffffffffffff
core   0: 0x0000000080005210 (0x00102df3) csrrs   s11, fflags, zero
core   0: 1 0x0000000080005210 (0x00102df3) x27 0x0000000000000010
core   0: 0x0000000080005214 (0xa38e0453) fle.d   s0, ft8, fs8
core   0: 1 0x0000000080005214 (0xa38e0453) c1_fflags 0x0000000000000010 x8  0x0000000000000000
core   0: 0x0000000080005218 (0x015add3b) srlw    s10, s5, s5
core   0: 1 0x0000000080005218 (0x015add3b) x26 0x000000000080005c
core   0: 0x000000008000521c (0x001028f3) csrrs   a7, fflags, zero
core   0: 1 0x000000008000521c (0x001028f3) x17 0x0000000000000010
core   0: 0x0000000080005220 (0xe2b67643) fmadd.d fa2, fa2, fa1, ft8
core   0: 1 0x0000000080005220 (0xe2b67643) f12 0x7ff8000000000000
core   0: 0x0000000080005224 (0x03e5f9d3) fadd.d  fs3, fa1, ft10
core   0: 1 0x0000000080005224 (0x03e5f9d3) f19 0x7ff8000000000000
core   0: 0x0000000080005228 (0xc22ffbd3) fcvt.l.d s7, ft11
core   0: 1 0x0000000080005228 (0xc22ffbd3) c1_fflags 0x0000000000000010 x23 0x7fffffffffffffff
core   0: 0x000000008000522c (0xfff60a1b) addiw   s4, a2, -1
core   0: 1 0x000000008000522c (0xfff60a1b) x20 0xffffffffb2f715a0
core   0: 0x0000000080005230 (0x4070541b) sraiw   s0, zero, 7
core   0: 1 0x0000000080005230 (0x4070541b) x8  0x0000000000000000
core   0: 0x0000000080005234 (0xd23bfbd3) fcvt.d.lu fs7, s7
core   0: 1 0x0000000080005234 (0xd23bfbd3) c1_fflags 0x0000000000000011 f23 0x43dfffffffffffff
core   0: 0x0000000080005238 (0xd22bfa53) fcvt.d.l fs4, s7
core   0: 1 0x0000000080005238 (0xd22bfa53) c1_fflags 0x0000000000000011 f20 0x43dfffffffffffff
core   0: 0x000000008000523c (0x009a5e33) srl     t3, s4, s1
core   0: 1 0x000000008000523c (0x009a5e33) x28 0x0000000000000003
core   0: 0x0000000080005240 (0x408e04bb) subw    s1, t3, s0
core   0: 1 0x0000000080005240 (0x408e04bb) x9  0x0000000000000003
core   0: 0x0000000080005244 (0x02143eb3) mulhu   t4, s0, ra
core   0: 1 0x0000000080005244 (0x02143eb3) x29 0x0000000000000000
core   0: 0x0000000080005248 (0xa3c70ad3) fle.d   s5, fa4, ft8
core   0: 1 0x0000000080005248 (0xa3c70ad3) c1_fflags 0x0000000000000011 x21 0x0000000000000000
core   0: 0x000000008000524c (0x03d1f43b) remuw   s0, gp, t4
core   0: 1 0x000000008000524c (0x03d1f43b) x8  0xffffffffffffffff
core   0: 0x0000000080005250 (0x00202a73) csrrs   s4, frm, zero
core   0: 1 0x0000000080005250 (0x00202a73) x20 0x0000000000000001
core   0: 0x0000000080005254 (0x03997cb3) remu    s9, s2, s9
core   0: 1 0x0000000080005254 (0x03997cb3) x25 0x0000000000000000
core   0: 0x0000000080005258 (0x40575b93) srai    s7, a4, 5
core   0: 1 0x0000000080005258 (0x40575b93) x23 0x00000000038b5d8e
core   0: 0x000000008000525c (0x0121173b) sllw    a4, sp, s2
core   0: 1 0x000000008000525c (0x0121173b) x14 0x0000000000000002
core   0: 0x0000000080005260 (0xd0217ed3) fcvt.s.l ft9, sp
core   0: 1 0x0000000080005260 (0xd0217ed3) f29 0xffffffff40000000
core   0: 0x0000000080005264 (0x0a1efd53) fsub.d  fs10, ft9, ft1
core   0: 1 0x0000000080005264 (0x0a1efd53) f26 0x7ff8000000000000
core   0: 0x0000000080005268 (0x00000001) c.nop
core   0: 1 0x0000000080005268 (0x0001)
core   0: 0x000000008000526a (0x0003dc3b) srlw    s8, t2, zero
core   0: 1 0x000000008000526a (0x0003dc3b) x24 0x0000000000000000
core   0: 0x000000008000526e (0x7ff16e13) ori     t3, sp, 2047
core   0: 1 0x000000008000526e (0x7ff16e13) x28 0x00000000000007ff
core   0: 0x0000000080005272 (0x00e7fa33) and     s4, a5, a4
core   0: 1 0x0000000080005272 (0x00e7fa33) x20 0x0000000000000000
core   0: 0x0000000080005276 (0xd025f4d3) fcvt.s.l fs1, a1
core   0: 1 0x0000000080005276 (0xd025f4d3) c1_fflags 0x0000000000000011 f9  0xffffffff4ef5ebc3
core   0: 0x000000008000527a (0x00171c1b) slliw   s8, a4, 1
core   0: 1 0x000000008000527a (0x00171c1b) x24 0x0000000000000004
core   0: 0x000000008000527e (0x2b746b13) ori     s6, s0, 695
core   0: 1 0x000000008000527e (0x2b746b13) x22 0xffffffffffffffff
core   0: 0x0000000080005282 (0x005c58bb) srlw    a7, s8, t0
core   0: 1 0x0000000080005282 (0x005c58bb) x17 0x0000000000000000
core   0: 0x0000000080005286 (0x1276f453) fmul.d  fs0, fa3, ft7
core   0: 1 0x0000000080005286 (0x1276f453) f8  0x7ff8000000000000
core   0: 0x000000008000528a (0x400b5613) srai    a2, s6, 0
core   0: 1 0x000000008000528a (0x400b5613) x12 0xffffffffffffffff
core   0: 0x000000008000528e (0x00495413) srli    s0, s2, 4
core   0: 1 0x000000008000528e (0x00495413) x8  0x0000000000000000
core   0: 0x0000000080005292 (0x012d0eb3) add     t4, s10, s2
core   0: 1 0x0000000080005292 (0x012d0eb3) x29 0x000000000080005c
core   0: 0x0000000080005296 (0x2a7183d3) fmin.d  ft7, ft3, ft7
core   0: 1 0x0000000080005296 (0x2a7183d3) f7  0x0000000000000000
core   0: 0x000000008000529a (0x408d57bb) sraw    a5, s10, s0
core   0: 1 0x000000008000529a (0x408d57bb) x15 0x000000000080005c
core   0: 0x000000008000529e (0x7e23cc37) lui     s8, 0x7e23c
core   0: 1 0x000000008000529e (0x7e23cc37) x24 0x000000007e23c000
core   0: 0x00000000800052a2 (0x40275a3b) sraw    s4, a4, sp
core   0: 1 0x00000000800052a2 (0x40275a3b) x20 0x0000000000000000
core   0: 0x00000000800052a6 (0x008c5d3b) srlw    s10, s8, s0
core   0: 1 0x00000000800052a6 (0x008c5d3b) x26 0x000000007e23c000
core   0: 0x00000000800052aa (0x011700b3) add     ra, a4, a7
core   0: 1 0x00000000800052aa (0x011700b3) x1  0x0000000000000002
core   0: 0x00000000800052ae (0x417adbb3) sra     s7, s5, s7
core   0: 1 0x00000000800052ae (0x417adbb3) x23 0x0000000000000000
core   0: 0x00000000800052b2 (0x0039d1bb) srlw    gp, s3, gp
core   0: 1 0x00000000800052b2 (0x0039d1bb) x3  0x0000000000000000
core   0: 0x00000000800052b6 (0x0012003b) addw    zero, tp, ra
core   0: 1 0x00000000800052b6 (0x0012003b)
core   0: 0x00000000800052ba (0xc02bf953) fcvt.l.s s2, fs7
core   0: 1 0x00000000800052ba (0xc02bf953) c1_fflags 0x0000000000000011 x18 0x7fffffffffffffff
core   0: 0x00000000800052be (0x4196dbbb) sraw    s7, a3, s9
core   0: 1 0x00000000800052be (0x4196dbbb) x23 0x0000000000000000
core   0: 0x00000000800052c2 (0x1bd3fed3) fdiv.d  ft9, ft7, ft9
core   0: 1 0x00000000800052c2 (0x1bd3fed3) f29 0x7ff8000000000000
core   0: 0x00000000800052c6 (0x2a1bf2cb) fnmsub.d ft5, fs7, ft1, ft5
core   0: 1 0x00000000800052c6 (0x2a1bf2cb) c1_fflags 0x0000000000000011 f5  0xc7cffffffffffffe
core   0: 0x00000000800052ca (0x41305e1b) sraiw   t3, zero, 19
core   0: 1 0x00000000800052ca (0x41305e1b) x28 0x0000000000000000
core   0: 0x00000000800052ce (0x03030433) mul     s0, t1, a6
core   0: 1 0x00000000800052ce (0x03030433) x8  0x0000000000000008
core   0: 0x00000000800052d2 (0x03f01a13) slli    s4, zero, 63
core   0: 1 0x00000000800052d2 (0x03f01a13) x20 0x0000000000000000
core   0: 0x00000000800052d6 (0x0298693b) remw    s2, a6, s1
core   0: 1 0x00000000800052d6 (0x0298693b) x18 0xfffffffffffffffe
core   0: 0x00000000800052da (0xff731e37) lui     t3, 0xff731
core   0: 1 0x00000000800052da (0xff731e37) x28 0xffffffffff731000
core   0: 0x00000000800052de (0xb5be0e1b) addiw   t3, t3, -1189
core   0: 1 0x00000000800052de (0xb5be0e1b) x28 0xffffffffff730b5b
core   0: 0x00000000800052e2 (0x00000e3e) c.slli  t3, 15
core   0: 1 0x00000000800052e2 (0x0e3e) x28 0xffffffb985ad8000
core   0: 0x00000000800052e4 (0xe7de0e13) addi    t3, t3, -387
core   0: 1 0x00000000800052e4 (0xe7de0e13) x28 0xffffffb985ad7e7d
core   0: 0x00000000800052e8 (0x01976733) or      a4, a4, s9
core   0: 1 0x00000000800052e8 (0x01976733) x14 0x0000000000000002
core   0: 0x00000000800052ec (0xc2237253) fcvt.l.d tp, ft6
core   0: 1 0x00000000800052ec (0xc2237253) x4  0x0000000000000000
core   0: 0x00000000800052f0 (0x4029511b) sraiw   sp, s2, 2
core   0: 1 0x00000000800052f0 (0x4029511b) x2  0xffffffffffffffff
core   0: 0x00000000800052f4 (0x00202473) csrrs   s0, frm, zero
core   0: 1 0x00000000800052f4 (0x00202473) x8  0x0000000000000001
core   0: 0x00000000800052f8 (0x01c9971b) slliw   a4, s3, 28
core   0: 1 0x00000000800052f8 (0x01c9971b) x14 0x0000000020000000
core   0: 0x00000000800052fc (0x137dfdd3) fmul.d  fs11, fs11, fs7
core   0: 1 0x00000000800052fc (0x137dfdd3) f27 0x7ff8000000000000
core   0: 0x0000000080005300 (0x02f12eb3) mulhsu  t4, sp, a5
core   0: 1 0x0000000080005300 (0x02f12eb3) x29 0xffffffffffffffff
core   0: 0x0000000080005304 (0x0097999b) slliw   s3, a5, 9
core   0: 1 0x0000000080005304 (0x0097999b) x19 0x000000000000b800
core   0: 0x0000000080005308 (0x0ff0000f) fence   iorw,iorw
core   0: 1 0x0000000080005308 (0x0ff0000f)
core   0: 0x000000008000530c (0x025cfcc3) fmadd.d fs9, fs9, ft5, ft0
core   0: 1 0x000000008000530c (0x025cfcc3) f25 0x7ff8000000000000
core   0: 0x0000000080005310 (0x0004d49b) srliw   s1, s1, 0
core   0: 1 0x0000000080005310 (0x0004d49b) x9  0x0000000000000003
core   0: 0x0000000080005314 (0xc21a72d3) fcvt.wu.d t0, fs4
core   0: 1 0x0000000080005314 (0xc21a72d3) c1_fflags 0x0000000000000011 x5  0xffffffffffffffff
core   0: 0x0000000080005318 (0x122df3d3) fmul.d  ft7, fs11, ft2
core   0: 1 0x0000000080005318 (0x122df3d3) f7  0x7ff8000000000000
core   0: 0x000000008000531c (0x012b53b7) lui     t2, 0x12b5
core   0: 1 0x000000008000531c (0x012b53b7) x7  0x00000000012b5000
core   0: 0x0000000080005320 (0xbef3839b) addiw   t2, t2, -1041
core   0: 1 0x0000000080005320 (0xbef3839b) x7  0x00000000012b4bef
core   0: 0x0000000080005324 (0x000003b6) c.slli  t2, 13
core   0: 1 0x0000000080005324 (0x03b6) x7  0x00000025697de000
core   0: 0x0000000080005326 (0x2f238393) addi    t2, t2, 754
core   0: 1 0x0000000080005326 (0x2f238393) x7  0x00000025697de2f2
core   0: 0x000000008000532a (0x2397ad53) fsgnjx.d fs10, fa5, fs9
core   0: 1 0x000000008000532a (0x2397ad53) f26 0x7ff8000000000000
core   0: 0x000000008000532e (0x0128a433) slt     s0, a7, s2
core   0: 1 0x000000008000532e (0x0128a433) x8  0x0000000000000000
core   0: 0x0000000080005332 (0xd036f4d3) fcvt.s.lu fs1, a3
core   0: 1 0x0000000080005332 (0xd036f4d3) f9  0xffffffff00000000
core   0: 0x0000000080005336 (0x027bf6bb) remuw   a3, s7, t2
core   0: 1 0x0000000080005336 (0x027bf6bb) x13 0x0000000000000000
core   0: 0x000000008000533a (0x00156113) ori     sp, a0, 1
core   0: 1 0x000000008000533a (0x00156113) x2  0xffffffffffffffff
core   0: 0x000000008000533e (0x002a9973) csrrw   s2, frm, s5
core   0: 1 0x000000008000533e (0x002a9973) x18 0x0000000000000001 c2_frm 0x0000000000000000
core   0: 0x0000000080005342 (0x7d8a809b) addiw   ra, s5, 2008
core   0: 1 0x0000000080005342 (0x7d8a809b) x1  0x00000000000007d8
core   0: 0x0000000080005346 (0x00102d73) csrrs   s10, fflags, zero
core   0: 1 0x0000000080005346 (0x00102d73) x26 0x0000000000000011
core   0: 0x000000008000534a (0x41595733) sra     a4, s2, s5
core   0: 1 0x000000008000534a (0x41595733) x14 0x0000000000000001
core   0: 0x000000008000534e (0x0327adb3) mulhsu  s11, a5, s2
core   0: 1 0x000000008000534e (0x0327adb3) x27 0x0000000000000000
core   0: 0x0000000080005352 (0x00839ab3) sll     s5, t2, s0
core   0: 1 0x0000000080005352 (0x00839ab3) x21 0x00000025697de2f2
core   0: 0x0000000080005356 (0x01acfcb3) and     s9, s9, s10
core   0: 1 0x0000000080005356 (0x01acfcb3) x25 0x0000000000000000
core   0: 0x000000008000535a (0x41fcd59b) sraiw   a1, s9, 31
core   0: 1 0x000000008000535a (0x41fcd59b) x11 0x0000000000000000
core   0: 0x000000008000535e (0x23908cd3) fsgnj.d fs9, ft1, fs9
core   0: 1 0x000000008000535e (0x23908cd3) f25 0x43dfffffffffffff
core   0: 0x0000000080005362 (0x031a5b3b) divuw   s6, s4, a7
core   0: 1 0x0000000080005362 (0x031a5b3b) x22 0xffffffffffffffff
core   0: 0x0000000080005366 (0xd027f4d3) fcvt.s.l fs1, a5
core   0: 1 0x0000000080005366 (0xd027f4d3) f9  0xffffffff4b00005c
core   0: 0x000000008000536a (0xb948ce93) xori    t4, a7, -1132
core   0: 1 0x000000008000536a (0xb948ce93) x29 0xfffffffffffffb94
core   0: 0x000000008000536e (0x41665093) srai    ra, a2, 22
core   0: 1 0x000000008000536e (0x41665093) x1  0xffffffffffffffff
core   0: 0x0000000080005372 (0x00102973) csrrs   s2, fflags, zero
core   0: 1 0x0000000080005372 (0x00102973) x18 0x0000000000000011
core   0: 0x0000000080005376 (0x0ff0000f) fence   iorw,iorw
core   0: 1 0x0000000080005376 (0x0ff0000f)
core   0: 0x000000008000537a (0x4062d033) sra     zero, t0, t1
core   0: 1 0x000000008000537a (0x4062d033)
core   0: 0x000000008000537e (0xc204f3d3) fcvt.w.d t2, fs1
core   0: 1 0x000000008000537e (0xc204f3d3) c1_fflags 0x0000000000000011 x7  0x000000007fffffff
core   0: 0x0000000080005382 (0x00109273) csrrw   tp, fflags, ra
core   0: 1 0x0000000080005382 (0x00109273) x4  0x0000000000000011 c1_fflags 0x000000000000001f
core   0: 0x0000000080005386 (0x40e48a33) sub     s4, s1, a4
core   0: 1 0x0000000080005386 (0x40e48a33) x20 0x0000000000000002
core   0: 0x000000008000538a (0x07454637) lui     a2, 0x7454
core   0: 1 0x000000008000538a (0x07454637) x12 0x0000000007454000
core   0: 0x000000008000538e (0x8756061b) addiw   a2, a2, -1931
core   0: 1 0x000000008000538e (0x8756061b) x12 0x0000000007453875
core   0: 0x0000000080005392 (0x00000632) c.slli  a2, 12
core   0: 1 0x0000000080005392 (0x0632) x12 0x0000007453875000
core   0: 0x0000000080005394 (0x15f60613) addi    a2, a2, 351
core   0: 1 0x0000000080005394 (0x15f60613) x12 0x000000745387515f
core   0: 0x0000000080005398 (0x41808ebb) subw    t4, ra, s8
core   0: 1 0x0000000080005398 (0x41808ebb) x29 0xffffffff81dc3fff
core   0: 0x000000008000539c (0x132e7bd3) fmul.d  fs7, ft8, fs2
core   0: 1 0x000000008000539c (0x132e7bd3) f23 0x7ff8000000000000
core   0: 0x00000000800053a0 (0x00000001) c.nop
core   0: 1 0x00000000800053a0 (0x0001)
core   0: 0x00000000800053a2 (0x03da1293) slli    t0, s4, 61
core   0: 1 0x00000000800053a2 (0x03da1293) x5  0x4000000000000000
core   0: 0x00000000800053a6 (0x0017fa93) andi    s5, a5, 1
core   0: 1 0x00000000800053a6 (0x0017fa93) x21 0x0000000000000000
core   0: 0x00000000800053aa (0x00102bf3) csrrs   s7, fflags, zero
core   0: 1 0x00000000800053aa (0x00102bf3) x23 0x000000000000001f
core   0: 0x00000000800053ae (0xc222f3d3) fcvt.l.d t2, ft5
core   0: 1 0x00000000800053ae (0xc222f3d3) c1_fflags 0x000000000000001f x7  0x8000000000000000
core   0: 0x00000000800053b2 (0xb3630a93) addi    s5, t1, -1226
core   0: 1 0x00000000800053b2 (0xb3630a93) x21 0xfffffffffffffb32
core   0: 0x00000000800053b6 (0x03540833) mul     a6, s0, s5
core   0: 1 0x00000000800053b6 (0x03540833) x16 0x0000000000000000
core   0: 0x00000000800053ba (0x036b3533) mulhu   a0, s6, s6
core   0: 1 0x00000000800053ba (0x036b3533) x10 0xfffffffffffffffe
core   0: 0x00000000800053be (0xd23779d3) fcvt.d.lu fs3, a4
core   0: 1 0x00000000800053be (0xd23779d3) f19 0x3ff0000000000000
core   0: 0x00000000800053c2 (0x0010189b) slliw   a7, zero, 1
core   0: 1 0x00000000800053c2 (0x0010189b) x17 0x0000000000000000
core   0: 0x00000000800053c6 (0x0b2bf5d3) fsub.d  fa1, fs7, fs2
core   0: 1 0x00000000800053c6 (0x0b2bf5d3) f11 0x7ff8000000000000
core   0: 0x00000000800053ca (0x0040189b) slliw   a7, zero, 4
core   0: 1 0x00000000800053ca (0x0040189b) x17 0x0000000000000000
core   0: 0x00000000800053ce (0x00202873) csrrs   a6, frm, zero
core   0: 1 0x00000000800053ce (0x00202873) x16 0x0000000000000000
core   0: 0x00000000800053d2 (0x03f7f353) fadd.d  ft6, fa5, ft11
core   0: 1 0x00000000800053d2 (0x03f7f353) f6  0x7ff8000000000000
core   0: 0x00000000800053d6 (0x03617153) fadd.d  ft2, ft2, fs6
core   0: 1 0x00000000800053d6 (0x03617153) f2  0xc010000000000000
core   0: 0x00000000800053da (0xc039f9d3) fcvt.lu.s s3, fs3
core   0: 1 0x00000000800053da (0xc039f9d3) c1_fflags 0x000000000000001f x19 0xffffffffffffffff
core   0: 0x00000000800053de (0x4017fbd3) fcvt.s.d fs7, fa5
core   0: 1 0x00000000800053de (0x4017fbd3) f23 0xffffffff7fc00000
core   0: 0x00000000800053e2 (0x00039e13) slli    t3, t2, 0
core   0: 1 0x00000000800053e2 (0x00039e13) x28 0x8000000000000000
core   0: 0x00000000800053e6 (0x00c65dbb) srlw    s11, a2, a2
core   0: 1 0x00000000800053e6 (0x00c65dbb) x27 0x0000000000000000
core   0: 0x00000000800053ea (0xc02174d3) fcvt.l.s s1, ft2
core   0: 1 0x00000000800053ea (0xc02174d3) c1_fflags 0x000000000000001f x9  0x7fffffffffffffff
core   0: 0x00000000800053ee (0x401b083b) subw    a6, s6, ra
core   0: 1 0x00000000800053ee (0x401b083b) x16 0x0000000000000000
core   0: 0x00000000800053f2 (0x01452133) slt     sp, a0, s4
core   0: 1 0x00000000800053f2 (0x01452133) x2  0x0000000000000001
core   0: 0x00000000800053f6 (0x23a20d53) fsgnj.d fs10, ft4, fs10
core   0: 1 0x00000000800053f6 (0x23a20d53) f26 0x0000000000000000
core   0: 0x00000000800053fa (0xdb48ffcb) fnmsub.d ft11, fa7, fs4, fs11
core   0: 1 0x00000000800053fa (0xdb48ffcb) f31 0x7ff8000000000000
core   0: 0x00000000800053fe (0x03498633) mul     a2, s3, s4
core   0: 1 0x00000000800053fe (0x03498633) x12 0xfffffffffffffffe
core   0: 0x0000000080005402 (0x0004d493) srli    s1, s1, 0
core   0: 1 0x0000000080005402 (0x0004d493) x9  0x7fffffffffffffff
core   0: 0x0000000080005406 (0x40328db3) sub     s11, t0, gp
core   0: 1 0x0000000080005406 (0x40328db3) x27 0x4000000000000000
core   0: 0x000000008000540a (0x00000e05) c.addi  t3, 1
core   0: 1 0x000000008000540a (0x0e05) x28 0x8000000000000001
core   0: 0x000000008000540c (0x00314933) xor     s2, sp, gp
core   0: 1 0x000000008000540c (0x00314933) x18 0x0000000000000001
core   0: 0x0000000080005410 (0x00095b1b) srliw   s6, s2, 0
core   0: 1 0x0000000080005410 (0x00095b1b) x22 0x0000000000000001
core   0: 0x0000000080005414 (0x01cb6e33) or      t3, s6, t3
core   0: 1 0x0000000080005414 (0x01cb6e33) x28 0x8000000000000001
core   0: 0x0000000080005418 (0x1b877153) fdiv.d  ft2, fa4, fs8
core   0: 1 0x0000000080005418 (0x1b877153) f2  0x7ff8000000000000
core   0: 0x000000008000541c (0x41578ab3) sub     s5, a5, s5
core   0: 1 0x000000008000541c (0x41578ab3) x21 0x000000000080052a
core   0: 0x0000000080005420 (0x02fe46b3) div     a3, t3, a5
core   0: 1 0x0000000080005420 (0x02fe46b3) x13 0xffffff0000b7ff7c
core   0: 0x0000000080005424 (0x0ad37a53) fsub.d  fs4, ft6, fa3
core   0: 1 0x0000000080005424 (0x0ad37a53) f20 0x7ff8000000000000
core   0: 0x0000000080005428 (0xc03bfbd3) fcvt.lu.s s7, fs7
core   0: 1 0x0000000080005428 (0xc03bfbd3) c1_fflags 0x000000000000001f x23 0xffffffffffffffff
core   0: 0x000000008000542c (0xb36a71cf) fnmadd.d ft3, fs4, fs6, fs6
core   0: 1 0x000000008000542c (0xb36a71cf) f3  0x7ff8000000000000
core   0: 0x0000000080005430 (0xc226fad3) fcvt.l.d s5, fa3
core   0: 1 0x0000000080005430 (0xc226fad3) c1_fflags 0x000000000000001f x21 0x7fffffffffffffff
core   0: 0x0000000080005434 (0x00ecd793) srli    a5, s9, 14
core   0: 1 0x0000000080005434 (0x00ecd793) x15 0x0000000000000000
core   0: 0x0000000080005438 (0x417c55b3) sra     a1, s8, s7
core   0: 1 0x0000000080005438 (0x417c55b3) x11 0x0000000000000000
core   0: 0x000000008000543c (0x409a0a3b) subw    s4, s4, s1
core   0: 1 0x000000008000543c (0x409a0a3b) x20 0x0000000000000003
core   0: 0x0000000080005440 (0x022b5c33) divu    s8, s6, sp
core   0: 1 0x0000000080005440 (0x022b5c33) x24 0x0000000000000001
core   0: 0x0000000080005444 (0xc20b75d3) fcvt.w.d a1, fs6
core   0: 1 0x0000000080005444 (0xc20b75d3) x11 0x0000000000000000
core   0: 0x0000000080005448 (0x1a99f953) fdiv.d  fs2, fs3, fs1
core   0: 1 0x0000000080005448 (0x1a99f953) f18 0x7ff8000000000000
core   0: 0x000000008000544c (0x001a1273) csrrw   tp, fflags, s4
core   0: 1 0x000000008000544c (0x001a1273) x4  0x000000000000001f c1_fflags 0x0000000000000003
core   0: 0x0000000080005450 (0x42040e53) fcvt.d.s ft8, fs0
core   0: 1 0x0000000080005450 (0x42040e53) f28 0x7ff8000000000000
core   0: 0x0000000080005454 (0xfff24593) not     a1, tp
core   0: 1 0x0000000080005454 (0xfff24593) x11 0xffffffffffffffe0
core   0: 0x0000000080005458 (0x0023e033) or      zero, t2, sp
core   0: 1 0x0000000080005458 (0x0023e033)
core   0: 0x000000008000545c (0xc020f0d3) fcvt.l.s ra, ft1
core   0: 1 0x000000008000545c (0xc020f0d3) c1_fflags 0x0000000000000013 x1  0x7fffffffffffffff
core   0: 0x0000000080005460 (0x40197853) fcvt.s.d fa6, fs2
core   0: 1 0x0000000080005460 (0x40197853) f16 0xffffffff7fc00000
core   0: 0x0000000080005464 (0xd23579d3) fcvt.d.lu fs3, a0
core   0: 1 0x0000000080005464 (0xd23579d3) c1_fflags 0x0000000000000013 f19 0x43f0000000000000
core   0: 0x0000000080005468 (0xcc878893) addi    a7, a5, -824
core   0: 1 0x0000000080005468 (0xcc878893) x17 0xfffffffffffffcc8
core   0: 0x000000008000546c (0x01c1113b) sllw    sp, sp, t3
core   0: 1 0x000000008000546c (0x01c1113b) x2  0x0000000000000002
core   0: 0x0000000080005470 (0x1f000813) li      a6, 496
core   0: 1 0x0000000080005470 (0x1f000813) x16 0x00000000000001f0
core   0: 0x0000000080005474 (0x017c149b) slliw   s1, s8, 23
core   0: 1 0x0000000080005474 (0x017c149b) x9  0x0000000000800000
core   0: 0x0000000080005478 (0x1a99fe53) fdiv.d  ft8, fs3, fs1
core   0: 1 0x0000000080005478 (0x1a99fe53) f28 0x7ff8000000000000
core   0: 0x000000008000547c (0x5a0af1d3) fsqrt.d ft3, fs5
core   0: 1 0x000000008000547c (0x5a0af1d3) f3  0x7ff8000000000000
core   0: 0x0000000080005480 (0x003b11bb) sllw    gp, s6, gp
core   0: 1 0x0000000080005480 (0x003b11bb) x3  0x0000000000000001
core   0: 0x0000000080005484 (0x00cb2533) slt     a0, s6, a2
core   0: 1 0x0000000080005484 (0x00cb2533) x10 0x0000000000000000
core   0: 0x0000000080005488 (0x00009a42) c.add   s4, a6
core   0: 1 0x0000000080005488 (0x9a42) x20 0x00000000000001f3
core   0: 0x000000008000548a (0x000c569b) srliw   a3, s8, 0
core   0: 1 0x000000008000548a (0x000c569b) x13 0x0000000000000001
core   0: 0x000000008000548e (0x3e714a13) xori    s4, sp, 999
core   0: 1 0x000000008000548e (0x3e714a13) x20 0x00000000000003e5
core   0: 0x0000000080005492 (0xc03d77d3) fcvt.lu.s a5, fs10
core   0: 1 0x0000000080005492 (0xc03d77d3) c1_fflags 0x0000000000000013 x15 0xffffffffffffffff
core   0: 0x0000000080005496 (0x41d080b3) sub     ra, ra, t4
core   0: 1 0x0000000080005496 (0x41d080b3) x1  0x800000007e23c000
core   0: 0x000000008000549a (0x41a006bb) subw    a3, zero, s10
core   0: 1 0x000000008000549a (0x41a006bb) x13 0xffffffffffffffef
core   0: 0x000000008000549e (0x0013053b) addw    a0, t1, ra
core   0: 1 0x000000008000549e (0x0013053b) x10 0x000000007e23bffc
core   0: 0x00000000800054a2 (0x038709bb) mulw    s3, a4, s8
core   0: 1 0x00000000800054a2 (0x038709bb) x19 0x0000000000000001
core   0: 0x00000000800054a6 (0x001028f3) csrrs   a7, fflags, zero
core   0: 1 0x00000000800054a6 (0x001028f3) x17 0x0000000000000013
core   0: 0x00000000800054aa (0xc0287853) fcvt.l.s a6, fa6
core   0: 1 0x00000000800054aa (0xc0287853) c1_fflags 0x0000000000000013 x16 0x7fffffffffffffff
core   0: 0x00000000800054ae (0x029acab3) div     s5, s5, s1
core   0: 1 0x00000000800054ae (0x029acab3) x21 0x000000ffffffffff
core   0: 0x00000000800054b2 (0xd2247ad3) fcvt.d.l fs5, s0
core   0: 1 0x00000000800054b2 (0xd2247ad3) f21 0x0000000000000000
core   0: 0x00000000800054b6 (0x3e240d13) addi    s10, s0, 994
core   0: 1 0x00000000800054b6 (0x3e240d13) x26 0x00000000000003e2
core   0: 0x00000000800054ba (0x018c17bb) sllw    a5, s8, s8
core   0: 1 0x00000000800054ba (0x018c17bb) x15 0x0000000000000002
core   0: 0x00000000800054be (0x0ff0000f) fence   iorw,iorw
core   0: 1 0x00000000800054be (0x0ff0000f)
core   0: 0x00000000800054c2 (0x22602053) fsgnjx.d ft0, ft0, ft6
core   0: 1 0x00000000800054c2 (0x22602053) f0  0x0000000000000000
core   0: 0x00000000800054c6 (0xa26785d3) fle.d   a1, fa5, ft6
core   0: 1 0x00000000800054c6 (0xa26785d3) c1_fflags 0x0000000000000013 x11 0x0000000000000000
core   0: 0x00000000800054ca (0x0007043b) addw    s0, a4, zero
core   0: 1 0x00000000800054ca (0x0007043b) x8  0x0000000000000001
core   0: 0x00000000800054ce (0x1a9074d3) fdiv.d  fs1, ft0, fs1
core   0: 1 0x00000000800054ce (0x1a9074d3) f9  0x7ff8000000000000
core   0: 0x00000000800054d2 (0x41600b3b) subw    s6, zero, s6
core   0: 1 0x00000000800054d2 (0x41600b3b) x22 0xffffffffffffffff
core   0: 0x00000000800054d6 (0x40345133) sra     sp, s0, gp
core   0: 1 0x00000000800054d6 (0x40345133) x2  0x0000000000000000
core   0: 0x00000000800054da (0x00025613) srli    a2, tp, 0
core   0: 1 0x00000000800054da (0x00025613) x12 0x000000000000001f
core   0: 0x00000000800054de (0xd0337ed3) fcvt.s.lu ft9, t1
core   0: 1 0x00000000800054de (0xd0337ed3) c1_fflags 0x0000000000000013 f29 0xffffffff5f800000
core   0: 0x00000000800054e2 (0x03083833) mulhu   a6, a6, a6
core   0: 1 0x00000000800054e2 (0x03083833) x16 0x3fffffffffffffff
core   0: 0x00000000800054e6 (0x224ea553) fsgnjx.d fa0, ft9, ft4
core   0: 1 0x00000000800054e6 (0x224ea553) f10 0xffffffff5f800000
core   0: 0x00000000800054ea (0xf2058253) fmv.d.x ft4, a1
core   0: 1 0x00000000800054ea (0xf2058253) f4  0x0000000000000000
core   0: 0x00000000800054ee (0x4010d43b) sraw    s0, ra, ra
core   0: 1 0x00000000800054ee (0x4010d43b) x8  0x000000007e23c000
core   0: 0x00000000800054f2 (0x0b4a7553) fsub.d  fa0, fs4, fs4
core   0: 1 0x00000000800054f2 (0x0b4a7553) f10 0x7ff8000000000000
core   0: 0x00000000800054f6 (0x4e1c5537) lui     a0, 0x4e1c5
core   0: 1 0x00000000800054f6 (0x4e1c5537) x10 0x000000004e1c5000
core   0: 0x00000000800054fa (0x12c57453) fmul.d  fs0, fa0, fa2
core   0: 1 0x00000000800054fa (0x12c57453) f8  0x7ff8000000000000
core   0: 0x00000000800054fe (0x01675033) srl     zero, a4, s6
core   0: 1 0x00000000800054fe (0x01675033)
core   0: 0x0000000080005502 (0x12c1714b) fnmsub.d ft2, ft2, fa2, ft2
core   0: 1 0x0000000080005502 (0x12c1714b) f2  0x7ff8000000000000
core   0: 0x0000000080005506 (0x00e94933) xor     s2, s2, a4
core   0: 1 0x0000000080005506 (0x00e94933) x18 0x0000000000000000
core   0: 0x000000008000550a (0x40304e13) xori    t3, zero, 1027
core   0: 1 0x000000008000550a (0x40304e13) x28 0x0000000000000403
core   0: 0x000000008000550e (0x00ab853b) addw    a0, s7, a0
core   0: 1 0x000000008000550e (0x00ab853b) x10 0x000000004e1c4fff
core   0: 0x0000000080005512 (0x2b3a1053) fmax.d  ft0, fs4, fs3
core   0: 1 0x0000000080005512 (0x2b3a1053) f0  0x43f0000000000000
core   0: 0x0000000080005516 (0x400b5193) srai    gp, s6, 0
core   0: 1 0x0000000080005516 (0x400b5193) x3  0xffffffffffffffff
core   0: 0x000000008000551a (0x7c00861b) addiw   a2, ra, 1984
core   0: 1 0x000000008000551a (0x7c00861b) x12 0x000000007e23c7c0
core   0: 0x000000008000551e (0x03fd7953) fadd.d  fs2, fs10, ft11
core   0: 1 0x000000008000551e (0x03fd7953) f18 0x7ff8000000000000
core   0: 0x0000000080005522 (0xc21078d3) fcvt.wu.d a7, ft0
core   0: 1 0x0000000080005522 (0xc21078d3) c1_fflags 0x0000000000000013 x17 0xffffffffffffffff
core   0: 0x0000000080005526 (0x41d789bb) subw    s3, a5, t4
core   0: 1 0x0000000080005526 (0x41d789bb) x19 0x000000007e23c003
core   0: 0x000000008000552a (0x013b953b) sllw    a0, s7, s3
core   0: 1 0x000000008000552a (0x013b953b) x10 0xfffffffffffffff8
core   0: 0x000000008000552e (0x5847ca13) xori    s4, a5, 1412
core   0: 1 0x000000008000552e (0x5847ca13) x20 0x0000000000000586
core   0: 0x0000000080005532 (0x40720633) sub     a2, tp, t2
core   0: 1 0x0000000080005532 (0x40720633) x12 0x800000000000001f
core   0: 0x0000000080005536 (0x0186d71b) srliw   a4, a3, 24
core   0: 1 0x0000000080005536 (0x0186d71b) x14 0x00000000000000ff
core   0: 0x000000008000553a (0x01a6c7b3) xor     a5, a3, s10
core   0: 1 0x000000008000553a (0x01a6c7b3) x15 0xfffffffffffffc0d
core   0: 0x000000008000553e (0x6aa6ff4b) fnmsub.d ft10, fa3, fa0, fa3
core   0: 1 0x000000008000553e (0x6aa6ff4b) f30 0x7ff8000000000000
core   0: 0x0000000080005542 (0x028a543b) divuw   s0, s4, s0
core   0: 1 0x0000000080005542 (0x028a543b) x8  0x0000000000000000
core   0: 0x0000000080005546 (0x0284683b) remw    a6, s0, s0
core   0: 1 0x0000000080005546 (0x0284683b) x16 0x0000000000000000
core   0: 0x000000008000554a (0xc2097153) fcvt.w.d sp, fs2
core   0: 1 0x000000008000554a (0xc2097153) c1_fflags 0x0000000000000013 x2  0x000000007fffffff
core   0: 0x000000008000554e (0x00eed19b) srliw   gp, t4, 14
core   0: 1 0x000000008000554e (0x00eed19b) x3  0x0000000000020770
core   0: 0x0000000080005552 (0x01ca173b) sllw    a4, s4, t3
core   0: 1 0x0000000080005552 (0x01ca173b) x14 0x0000000000002c30
core   0: 0x0000000080005556 (0x800aec93) ori     s9, s5, -2048
core   0: 1 0x0000000080005556 (0x800aec93) x25 0xffffffffffffffff
core   0: 0x000000008000555a (0x0395deb3) divu    t4, a1, s9
core   0: 1 0x000000008000555a (0x0395deb3) x29 0x0000000000000000
core   0: 0x000000008000555e (0x420c8453) fcvt.d.s fs0, fs9
core   0: 1 0x000000008000555e (0x420c8453) f8  0x7ff8000000000000
core   0: 0x0000000080005562 (0x135afbcf) fnmadd.d fs7, fs5, fs5, ft2
core   0: 1 0x0000000080005562 (0x135afbcf) f23 0x7ff8000000000000
core   0: 0x0000000080005566 (0x23e01f53) fsgnjn.d ft10, ft0, ft10
core   0: 1 0x0000000080005566 (0x23e01f53) f30 0xc3f0000000000000
core   0: 0x000000008000556a (0x40c458bb) sraw    a7, s0, a2
core   0: 1 0x000000008000556a (0x40c458bb) x17 0x0000000000000000
core   0: 0x000000008000556e (0x41b65013) srai    zero, a2, 27
core   0: 1 0x000000008000556e (0x41b65013)
core   0: 0x0000000080005572 (0x00140c9b) addiw   s9, s0, 1
core   0: 1 0x0000000080005572 (0x00140c9b) x25 0x0000000000000001
core   0: 0x0000000080005576 (0x222898d3) fsgnjn.d fa7, fa7, ft2
core   0: 1 0x0000000080005576 (0x222898d3) f17 0x8000000000000000
core   0: 0x000000008000557a (0x010c5c33) srl     s8, s8, a6
core   0: 1 0x000000008000557a (0x010c5c33) x24 0x0000000000000001
core   0: 0x000000008000557e (0x420681d3) fcvt.d.s ft3, fa3
core   0: 1 0x000000008000557e (0x420681d3) f3  0x7ff8000000000000
core   0: 0x0000000080005582 (0x238a26d3) fsgnjx.d fa3, fs4, fs8
core   0: 1 0x0000000080005582 (0x238a26d3) f13 0x7ff8000000000000
core   0: 0x0000000080005586 (0x80050613) addi    a2, a0, -2048
core   0: 1 0x0000000080005586 (0x80050613) x12 0xfffffffffffff7f8
core   0: 0x000000008000558a (0x0ff0000f) fence   iorw,iorw
core   0: 1 0x000000008000558a (0x0ff0000f)
core   0: 0x000000008000558e (0x0273d6bb) divuw   a3, t2, t2
core   0: 1 0x000000008000558e (0x0273d6bb) x13 0xffffffffffffffff
core   0: 0x0000000080005592 (0x02215133) divu    sp, sp, sp
core   0: 1 0x0000000080005592 (0x02215133) x2  0x0000000000000001
core   0: 0x0000000080005596 (0x4100d0bb) sraw    ra, ra, a6
core   0: 1 0x0000000080005596 (0x4100d0bb) x1  0x000000007e23c000
core   0: 0x000000008000559a (0x00202a73) csrrs   s4, frm, zero
core   0: 1 0x000000008000559a (0x00202a73) x20 0x0000000000000000
core   0: 0x000000008000559e (0xfffa0e9b) addiw   t4, s4, -1
core   0: 1 0x000000008000559e (0xfffa0e9b) x29 0xffffffffffffffff
core   0: 0x00000000800055a2 (0x034a6a3b) remw    s4, s4, s4
core   0: 1 0x00000000800055a2 (0x034a6a3b) x20 0x0000000000000000
core   0: 0x00000000800055a6 (0x0009ce93) xori    t4, s3, 0
core   0: 1 0x00000000800055a6 (0x0009ce93) x29 0x000000007e23c003
core   0: 0x00000000800055aa (0x03d847b3) div     a5, a6, t4
core   0: 1 0x00000000800055aa (0x03d847b3) x15 0x0000000000000000
core   0: 0x00000000800055ae (0xa2d708d3) fle.d   a7, fa4, fa3
core   0: 1 0x00000000800055ae (0xa2d708d3) c1_fflags 0x0000000000000013 x17 0x0000000000000000
core   0: 0x00000000800055b2 (0x40f78a3b) subw    s4, a5, a5
core   0: 1 0x00000000800055b2 (0x40f78a3b) x20 0x0000000000000000
core   0: 0x00000000800055b6 (0x12d8fe53) fmul.d  ft8, fa7, fa3
core   0: 1 0x00000000800055b6 (0x12d8fe53) f28 0x7ff8000000000000
core   0: 0x00000000800055ba (0x02f89eb3) mulh    t4, a7, a5
core   0: 1 0x00000000800055ba (0x02f89eb3) x29 0x0000000000000000
core   0: 0x00000000800055be (0x001026f3) csrrs   a3, fflags, zero
core   0: 1 0x00000000800055be (0x001026f3) x13 0x0000000000000013
core   0: 0x00000000800055c2 (0x023cc1b3) div     gp, s9, gp
core   0: 1 0x00000000800055c2 (0x023cc1b3) x3  0x0000000000000000
core   0: 0x00000000800055c6 (0x0112961b) slliw   a2, t0, 17
core   0: 1 0x00000000800055c6 (0x0112961b) x12 0x0000000000000000
core   0: 0x00000000800055ca (0xc227f1d3) fcvt.l.d gp, fa5
core   0: 1 0x00000000800055ca (0xc227f1d3) c1_fflags 0x0000000000000013 x3  0x7fffffffffffffff
core   0: 0x00000000800055ce (0x01f1dc9b) srliw   s9, gp, 31
core   0: 1 0x00000000800055ce (0x01f1dc9b) x25 0x0000000000000001
core   0: 0x00000000800055d2 (0x00102d73) csrrs   s10, fflags, zero
core   0: 1 0x00000000800055d2 (0x00102d73) x26 0x0000000000000013
core   0: 0x00000000800055d6 (0x0139aa33) slt     s4, s3, s3
core   0: 1 0x00000000800055d6 (0x0139aa33) x20 0x0000000000000000
core   0: 0x00000000800055da (0x408dd53b) sraw    a0, s11, s0
core   0: 1 0x00000000800055da (0x408dd53b) x10 0x0000000000000000
core   0: 0x00000000800055de (0x2af69853) fmax.d  fa6, fa3, fa5
core   0: 1 0x00000000800055de (0x2af69853) f16 0x7ff8000000000000
core   0: 0x00000000800055e2 (0xc233f1d3) fcvt.lu.d gp, ft7
core   0: 1 0x00000000800055e2 (0xc233f1d3) c1_fflags 0x0000000000000013 x3  0xffffffffffffffff
core   0: 0x00000000800055e6 (0x0ff0000f) fence   iorw,iorw
core   0: 1 0x00000000800055e6 (0x0ff0000f)
core   0: 0x00000000800055ea (0x03ae06bb) mulw    a3, t3, s10
core   0: 1 0x00000000800055ea (0x03ae06bb) x13 0x0000000000004c39
core   0: 0x00000000800055ee (0xd022f253) fcvt.s.l ft4, t0
core   0: 1 0x00000000800055ee (0xd022f253) f4  0xffffffff5e800000
core   0: 0x00000000800055f2 (0x0011501b) srliw   zero, sp, 1
core   0: 1 0x00000000800055f2 (0x0011501b)
core   0: 0x00000000800055f6 (0x411a8abb) subw    s5, s5, a7
core   0: 1 0x00000000800055f6 (0x411a8abb) x21 0xffffffffffffffff
core   0: 0x00000000800055fa (0x0009d793) srli    a5, s3, 0
core   0: 1 0x00000000800055fa (0x0009d793) x15 0x000000007e23c003
core   0: 0x00000000800055fe (0x00f81733) sll     a4, a6, a5
core   0: 1 0x00000000800055fe (0x00f81733) x14 0x0000000000000000
core   0: 0x0000000080005602 (0xd033f2d3) fcvt.s.lu ft5, t2
core   0: 1 0x0000000080005602 (0xd033f2d3) f5  0xffffffff5f000000
core   0: 0x0000000080005606 (0x41dd5e1b) sraiw   t3, s10, 29
core   0: 1 0x0000000080005606 (0x41dd5e1b) x28 0x0000000000000000
core   0: 0x000000008000560a (0x0392023b) mulw    tp, tp, s9
core   0: 1 0x000000008000560a (0x0392023b) x4  0x000000000000001f
core   0: 0x000000008000560e (0xd0227353) fcvt.s.l ft6, tp
core   0: 1 0x000000008000560e (0xd0227353) f6  0xffffffff41f80000
core   0: 0x0000000080005612 (0x01080c33) add     s8, a6, a6
core   0: 1 0x0000000080005612 (0x01080c33) x24 0x0000000000000000
core   0: 0x0000000080005616 (0x2894c493) xori    s1, s1, 649
core   0: 1 0x0000000080005616 (0x2894c493) x9  0x0000000000800289
core   0: 0x000000008000561a (0x00b2f2b3) and     t0, t0, a1
core   0: 1 0x000000008000561a (0x00b2f2b3) x5  0x0000000000000000
core   0: 0x000000008000561e (0x40137c53) fcvt.s.d fs8, ft6
core   0: 1 0x000000008000561e (0x40137c53) f24 0xffffffff7fc00000
core   0: 0x0000000080005622 (0x9eb06013) ori     zero, zero, -1557
core   0: 1 0x0000000080005622 (0x9eb06013)
core   0: 0x0000000080005626 (0x9a4270c3) fmadd.d ft1, ft4, ft4, fs3
core   0: 1 0x0000000080005626 (0x9a4270c3) f1  0x7ff8000000000000
core   0: 0x000000008000562a (0x617d8c93) addi    s9, s11, 1559
core   0: 1 0x000000008000562a (0x617d8c93) x25 0x4000000000000617
core   0: 0x000000008000562e (0x41a5d793) srai    a5, a1, 26
core   0: 1 0x000000008000562e (0x41a5d793) x15 0x0000000000000000
core   0: 0x0000000080005632 (0xd02ef453) fcvt.s.l fs0, t4
core   0: 1 0x0000000080005632 (0xd02ef453) f8  0xffffffff00000000
core   0: 0x0000000080005636 (0x02e73733) mulhu   a4, a4, a4
core   0: 1 0x0000000080005636 (0x02e73733) x14 0x0000000000000000
core   0: 0x000000008000563a (0x2ae50553) fmin.d  fa0, fa0, fa4
core   0: 1 0x000000008000563a (0x2ae50553) f10 0x7ff8000000000000
core   0: 0x000000008000563e (0x783f0a17) auipc   s4, 0x783f0
core   0: 1 0x000000008000563e (0x783f0a17) x20 0x00000000f83f563e
core   0: 0x0000000080005642 (0xd022f653) fcvt.s.l fa2, t0
core   0: 1 0x0000000080005642 (0xd022f653) f12 0xffffffff00000000
core   0: 0x0000000080005646 (0x800ae393) ori     t2, s5, -2048
core   0: 1 0x0000000080005646 (0x800ae393) x7  0xffffffffffffffff
core   0: 0x000000008000564a (0xa3bd8ad3) fle.d   s5, fs11, fs11
core   0: 1 0x000000008000564a (0xa3bd8ad3) c1_fflags 0x0000000000000013 x21 0x0000000000000000
core   0: 0x000000008000564e (0xd3f6784b) fnmsub.d fa6, fa2, ft11, fs10
core   0: 1 0x000000008000564e (0xd3f6784b) f16 0x7ff8000000000000
core   0: 0x0000000080005652 (0x00000001) c.nop
core   0: 1 0x0000000080005652 (0x0001)
core   0: 0x0000000080005654 (0x00da65b3) or      a1, s4, a3
core   0: 1 0x0000000080005654 (0x00da65b3) x11 0x00000000f83f5e3f
core   0: 0x0000000080005658 (0x00e5a4b3) slt     s1, a1, a4
core   0: 1 0x0000000080005658 (0x00e5a4b3) x9  0x0000000000000000
core   0: 0x000000008000565c (0x0223853b) mulw    a0, t2, sp
core   0: 1 0x000000008000565c (0x0223853b) x10 0xffffffffffffffff
core   0: 0x0000000080005660 (0xf1392cf3) csrrs   s9, mimpid, s2
core   0: exception trap_illegal_instruction, epc 0x0000000080005660
core   0:           tval 0x00000000f1392cf3
core   0: >>>>  $xrv64i2p1_m2p0_a2p1_f2p2_d2p2_zicsr2p0_zifencei2p0_zmmul1p0_zba1p0_zbb1p0_zbc1p0_zbs1p0
core   0: 0x0000000080004000 (0x0080006f) j       pc + 0x8
core   0: 3 0x0000000080004000 (0x0080006f)
core   0: >>>>  mmode_exception_handler
core   0: 0x0000000080004008 (0x00002c17) auipc   s8, 0x2
core   0: 3 0x0000000080004008 (0x00002c17) x24 0x0000000080006008
core   0: 0x000000008000400c (0x008c0c13) addi    s8, s8, 8
core   0: 3 0x000000008000400c (0x008c0c13) x24 0x0000000080006010
core   0: 0x0000000080004010 (0x000c00e7) jalr    s8
core   0: 3 0x0000000080004010 (0x000c00e7) x1  0x0000000080004014
core   0: >>>>  any_handler
core   0: 0x0000000080006010 (0x341027f3) csrrs   a5, mepc, zero
core   0: 3 0x0000000080006010 (0x341027f3) x15 0x0000000080005660
core   0: 0x0000000080006014 (0x34202773) csrrs   a4, mcause, zero
core   0: 3 0x0000000080006014 (0x34202773) x14 0x0000000000000002
core   0: 0x0000000080006018 (0x142026f3) csrrs   a3, scause, zero
core   0: 3 0x0000000080006018 (0x142026f3) x13 0x0000000000000000
core   0: 0x000000008000601c (0x30402673) csrrs   a2, mie, zero
core   0: 3 0x000000008000601c (0x30402673) x12 0x0000000000000a00
core   0: 0x0000000080006020 (0x344025f3) csrrs   a1, mip, zero
core   0: 3 0x0000000080006020 (0x344025f3) x11 0x0000000000000080
core   0: 0x0000000080006024 (0x343025f3) csrrs   a1, mtval, zero
core   0: 3 0x0000000080006024 (0x343025f3) x11 0x00000000f1392cf3
core   0: 0x0000000080006028 (0x14302573) csrrs   a0, stval, zero
core   0: 3 0x0000000080006028 (0x14302573) x10 0x0000000000000000
core   0: 0x000000008000602c (0xb02024f3) csrrs   s1, minstret, zero
core   0: 3 0x000000008000602c (0xb02024f3) x9  0x0000000000000f67
core   0: 0x0000000080006030 (0x0000a811) c.j     pc + 20
core   0: 3 0x0000000080006030 (0xa811)
core   0: >>>>  mepc_4
core   0: 0x0000000080006044 (0x00000791) c.addi  a5, 4
core   0: 3 0x0000000080006044 (0x0791) x15 0x0000000080005664
core   0: 0x0000000080006046 (0x34179073) csrrw   zero, mepc, a5
core   0: 3 0x0000000080006046 (0x34179073) c833_mepc 0x0000000080005664
core   0: 0x000000008000604a (0x30200073) mret
core   0: 3 0x000000008000604a (0x30200073) c768_mstatus 0x8000000a001c61a2
core   0: 0x0000000080005664 (0x015ed03b) srlw    zero, t4, s5
core   0: 1 0x0000000080005664 (0x015ed03b)
core   0: 0x0000000080005668 (0x40d9d713) srai    a4, s3, 13
core   0: 1 0x0000000080005668 (0x40d9d713) x14 0x000000000003f11e
core   0: 0x000000008000566c (0xd20e83d3) fcvt.d.w ft7, t4
core   0: 1 0x000000008000566c (0xd20e83d3) f7  0x0000000000000000
core   0: 0x0000000080005670 (0x9c85fa93) andi    s5, a1, -1592
core   0: 1 0x0000000080005670 (0x9c85fa93) x21 0x00000000f13928c0
core   0: 0x0000000080005674 (0xff9a8c37) lui     s8, 0xff9a8
core   0: 1 0x0000000080005674 (0xff9a8c37) x24 0xffffffffff9a8000
core   0: 0x0000000080005678 (0x0c1c0c1b) addiw   s8, s8, 193
core   0: 1 0x0000000080005678 (0x0c1c0c1b) x24 0xffffffffff9a80c1
core   0: 0x000000008000567c (0x00000c36) c.slli  s8, 13
core   0: 1 0x000000008000567c (0x0c36) x24 0xfffffff350182000
core   0: 0x000000008000567e (0x949c0c13) addi    s8, s8, -1719
core   0: 1 0x000000008000567e (0x949c0c13) x24 0xfffffff350181949
core   0: 0x0000000080005682 (0xd21e8153) fcvt.d.wu ft2, t4
core   0: 1 0x0000000080005682 (0xd21e8153) f2  0x0000000000000000
core   0: 0x0000000080005686 (0xc2227d53) fcvt.l.d s10, ft4
core   0: 1 0x0000000080005686 (0xc2227d53) c1_fflags 0x0000000000000013 x26 0x7fffffffffffffff
core   0: 0x000000008000568a (0x41b58ebb) subw    t4, a1, s11
core   0: 1 0x000000008000568a (0x41b58ebb) x29 0xfffffffff1392cf3
core   0: 0x000000008000568e (0x800e841b) addiw   s0, t4, -2048
core   0: 1 0x000000008000568e (0x800e841b) x8  0xfffffffff13924f3
core   0: 0x0000000080005692 (0x1049a5b7) lui     a1, 0x1049a
core   0: 1 0x0000000080005692 (0x1049a5b7) x11 0x000000001049a000
core   0: 0x0000000080005696 (0x800ec893) xori    a7, t4, -2048
core   0: 1 0x0000000080005696 (0x800ec893) x17 0x000000000ec6d4f3
core   0: 0x000000008000569a (0x03c5f24f) fnmadd.d ft4, fa1, ft8, ft0
core   0: 1 0x000000008000569a (0x03c5f24f) f4  0x7ff8000000000000
core   0: 0x000000008000569e (0xf11d7973) csrrci  s2, mvendorid, 26
core   0: exception trap_illegal_instruction, epc 0x000000008000569e
core   0:           tval 0x00000000f11d7973
core   0: >>>>  $xrv64i2p1_m2p0_a2p1_f2p2_d2p2_zicsr2p0_zifencei2p0_zmmul1p0_zba1p0_zbb1p0_zbc1p0_zbs1p0
core   0: 0x0000000080004000 (0x0080006f) j       pc + 0x8
core   0: 3 0x0000000080004000 (0x0080006f)
core   0: >>>>  mmode_exception_handler
core   0: 0x0000000080004008 (0x00002c17) auipc   s8, 0x2
core   0: 3 0x0000000080004008 (0x00002c17) x24 0x0000000080006008
core   0: 0x000000008000400c (0x008c0c13) addi    s8, s8, 8
core   0: 3 0x000000008000400c (0x008c0c13) x24 0x0000000080006010
core   0: 0x0000000080004010 (0x000c00e7) jalr    s8
core   0: 3 0x0000000080004010 (0x000c00e7) x1  0x0000000080004014
core   0: >>>>  any_handler
core   0: 0x0000000080006010 (0x341027f3) csrrs   a5, mepc, zero
core   0: 3 0x0000000080006010 (0x341027f3) x15 0x000000008000569e
core   0: 0x0000000080006014 (0x34202773) csrrs   a4, mcause, zero
core   0: 3 0x0000000080006014 (0x34202773) x14 0x0000000000000002
core   0: 0x0000000080006018 (0x142026f3) csrrs   a3, scause, zero
core   0: 3 0x0000000080006018 (0x142026f3) x13 0x0000000000000000
core   0: 0x000000008000601c (0x30402673) csrrs   a2, mie, zero
core   0: 3 0x000000008000601c (0x30402673) x12 0x0000000000000a00
core   0: 0x0000000080006020 (0x344025f3) csrrs   a1, mip, zero
core   0: 3 0x0000000080006020 (0x344025f3) x11 0x0000000000000080
core   0: 0x0000000080006024 (0x343025f3) csrrs   a1, mtval, zero
core   0: 3 0x0000000080006024 (0x343025f3) x11 0x00000000f11d7973
core   0: 0x0000000080006028 (0x14302573) csrrs   a0, stval, zero
core   0: 3 0x0000000080006028 (0x14302573) x10 0x0000000000000000
core   0: 0x000000008000602c (0xb02024f3) csrrs   s1, minstret, zero
core   0: 3 0x000000008000602c (0xb02024f3) x9  0x0000000000000f86
core   0: 0x0000000080006030 (0x0000a811) c.j     pc + 20
core   0: 3 0x0000000080006030 (0xa811)
core   0: >>>>  mepc_4
core   0: 0x0000000080006044 (0x00000791) c.addi  a5, 4
core   0: 3 0x0000000080006044 (0x0791) x15 0x00000000800056a2
core   0: 0x0000000080006046 (0x34179073) csrrw   zero, mepc, a5
core   0: 3 0x0000000080006046 (0x34179073) c833_mepc 0x00000000800056a2
core   0: 0x000000008000604a (0x30200073) mret
core   0: 3 0x000000008000604a (0x30200073) c768_mstatus 0x8000000a001c61a2
core   0: 0x00000000800056a2 (0xf11911f3) csrrw   gp, mvendorid, s2
core   0: exception trap_illegal_instruction, epc 0x00000000800056a2
core   0:           tval 0x00000000f11911f3
core   0: >>>>  $xrv64i2p1_m2p0_a2p1_f2p2_d2p2_zicsr2p0_zifencei2p0_zmmul1p0_zba1p0_zbb1p0_zbc1p0_zbs1p0
core   0: 0x0000000080004000 (0x0080006f) j       pc + 0x8
core   0: 3 0x0000000080004000 (0x0080006f)
core   0: >>>>  mmode_exception_handler
core   0: 0x0000000080004008 (0x00002c17) auipc   s8, 0x2
core   0: 3 0x0000000080004008 (0x00002c17) x24 0x0000000080006008
core   0: 0x000000008000400c (0x008c0c13) addi    s8, s8, 8
core   0: 3 0x000000008000400c (0x008c0c13) x24 0x0000000080006010
core   0: 0x0000000080004010 (0x000c00e7) jalr    s8
core   0: 3 0x0000000080004010 (0x000c00e7) x1  0x0000000080004014
core   0: >>>>  any_handler
core   0: 0x0000000080006010 (0x341027f3) csrrs   a5, mepc, zero
core   0: 3 0x0000000080006010 (0x341027f3) x15 0x00000000800056a2
core   0: 0x0000000080006014 (0x34202773) csrrs   a4, mcause, zero
core   0: 3 0x0000000080006014 (0x34202773) x14 0x0000000000000002
core   0: 0x0000000080006018 (0x142026f3) csrrs   a3, scause, zero
core   0: 3 0x0000000080006018 (0x142026f3) x13 0x0000000000000000
core   0: 0x000000008000601c (0x30402673) csrrs   a2, mie, zero
core   0: 3 0x000000008000601c (0x30402673) x12 0x0000000000000a00
core   0: 0x0000000080006020 (0x344025f3) csrrs   a1, mip, zero
core   0: 3 0x0000000080006020 (0x344025f3) x11 0x0000000000000080
core   0: 0x0000000080006024 (0x343025f3) csrrs   a1, mtval, zero
core   0: 3 0x0000000080006024 (0x343025f3) x11 0x00000000f11911f3
core   0: 0x0000000080006028 (0x14302573) csrrs   a0, stval, zero
core   0: 3 0x0000000080006028 (0x14302573) x10 0x0000000000000000
core   0: 0x000000008000602c (0xb02024f3) csrrs   s1, minstret, zero
core   0: 3 0x000000008000602c (0xb02024f3) x9  0x0000000000000f96
core   0: 0x0000000080006030 (0x0000a811) c.j     pc + 20
core   0: 3 0x0000000080006030 (0xa811)
core   0: >>>>  mepc_4
core   0: 0x0000000080006044 (0x00000791) c.addi  a5, 4
core   0: 3 0x0000000080006044 (0x0791) x15 0x00000000800056a6
core   0: 0x0000000080006046 (0x34179073) csrrw   zero, mepc, a5
core   0: 3 0x0000000080006046 (0x34179073) c833_mepc 0x00000000800056a6
core   0: 0x000000008000604a (0x30200073) mret
core   0: 3 0x000000008000604a (0x30200073) c768_mstatus 0x8000000a001c61a2
core   0: 0x00000000800056a6 (0x2b1488d3) fmin.d  fa7, fs1, fa7
core   0: 1 0x00000000800056a6 (0x2b1488d3) f17 0x8000000000000000
core   0: 0x00000000800056aa (0x022d533b) divuw   t1, s10, sp
core   0: 1 0x00000000800056aa (0x022d533b) x6  0xffffffffffffffff
core   0: 0x00000000800056ae (0x52daf6cf) fnmadd.d fa3, fs5, fa3, fa0
core   0: 1 0x00000000800056ae (0x52daf6cf) f13 0x7ff8000000000000
core   0: 0x00000000800056b2 (0x5a017a53) fsqrt.d fs4, ft2
core   0: 1 0x00000000800056b2 (0x5a017a53) f20 0x0000000000000000
core   0: 0x00000000800056b6 (0x020a7033) remu    zero, s4, zero
core   0: 1 0x00000000800056b6 (0x020a7033)
core   0: 0x00000000800056ba (0x02925eb3) divu    t4, tp, s1
core   0: 1 0x00000000800056ba (0x02925eb3) x29 0x0000000000000000
core   0: 0x00000000800056be (0x370fee37) lui     t3, 0x370fe
core   0: 1 0x00000000800056be (0x370fee37) x28 0x00000000370fe000
core   0: 0x00000000800056c2 (0x00821433) sll     s0, tp, s0
core   0: 1 0x00000000800056c2 (0x00821433) x8  0x00f8000000000000
core   0: 0x00000000800056c6 (0x00140033) add     zero, s0, ra
core   0: 1 0x00000000800056c6 (0x00140033)
core   0: 0x00000000800056ca (0x1e436493) ori     s1, t1, 484
core   0: 1 0x00000000800056ca (0x1e436493) x9  0xffffffffffffffff
core   0: 0x00000000800056ce (0x5a077653) fsqrt.d fa2, fa4
core   0: 1 0x00000000800056ce (0x5a077653) f12 0x7ff8000000000000
core   0: 0x00000000800056d2 (0x80048d1b) addiw   s10, s1, -2048
core   0: 1 0x00000000800056d2 (0x80048d1b) x26 0xfffffffffffff7ff
core   0: 0x00000000800056d6 (0x000cd99b) srliw   s3, s9, 0
core   0: 1 0x00000000800056d6 (0x000cd99b) x19 0x0000000000000617
core   0: 0x00000000800056da (0xc23b77d3) fcvt.lu.d a5, fs6
core   0: 1 0x00000000800056da (0xc23b77d3) x15 0x0000000000000000
core   0: 0x00000000800056de (0x00102073) csrrs   zero, fflags, zero
core   0: 1 0x00000000800056de (0x00102073)
core   0: 0x00000000800056e2 (0x014d1d1b) slliw   s10, s10, 20
core   0: 1 0x00000000800056e2 (0x014d1d1b) x26 0x000000007ff00000
core   0: 0x00000000800056e6 (0x3fa0b497) auipc   s1, 0x3fa0b
core   0: 1 0x00000000800056e6 (0x3fa0b497) x9  0x00000000bfa106e6
core   0: 0x00000000800056ea (0x40570e33) sub     t3, a4, t0
core   0: 1 0x00000000800056ea (0x40570e33) x28 0x0000000000000002
core   0: 0x00000000800056ee (0x003d5dbb) srlw    s11, s10, gp
core   0: 1 0x00000000800056ee (0x003d5dbb) x27 0x0000000000000000
core   0: 0x00000000800056f2 (0x00008c01) c.sub   s0, s0
core   0: 1 0x00000000800056f2 (0x8c01) x8  0x0000000000000000
core   0: 0x00000000800056f4 (0x434cdd93) srai    s11, s9, 52
core   0: 1 0x00000000800056f4 (0x434cdd93) x27 0x0000000000000400
core   0: 0x00000000800056f8 (0x53d571cf) fnmadd.d ft3, fa0, ft9, fa0
core   0: 1 0x00000000800056f8 (0x53d571cf) f3  0x7ff8000000000000
core   0: 0x00000000800056fc (0x4003529b) sraiw   t0, t1, 0
core   0: 1 0x00000000800056fc (0x4003529b) x5  0xffffffffffffffff
core   0: 0x0000000080005700 (0x020cd793) srli    a5, s9, 32
core   0: 1 0x0000000080005700 (0x020cd793) x15 0x0000000040000000
core   0: 0x0000000080005704 (0x00fd94b3) sll     s1, s11, a5
core   0: 1 0x0000000080005704 (0x00fd94b3) x9  0x0000000000000400
core   0: 0x0000000080005708 (0x0ff0000f) fence   iorw,iorw
core   0: 1 0x0000000080005708 (0x0ff0000f)
core   0: 0x000000008000570c (0x0000901b) slliw   zero, ra, 0
core   0: 1 0x000000008000570c (0x0000901b)
core   0: 0x0000000080005710 (0x0137f2b3) and     t0, a5, s3
core   0: 1 0x0000000080005710 (0x0137f2b3) x5  0x0000000000000000
core   0: 0x0000000080005714 (0x013a1b3b) sllw    s6, s4, s3
core   0: 1 0x0000000080005714 (0x013a1b3b) x22 0x000000001f000000
core   0: 0x0000000080005718 (0x0143c333) xor     t1, t2, s4
core   0: 1 0x0000000080005718 (0x0143c333) x6  0xffffffff07c0a9c1
core   0: 0x000000008000571c (0x00121a73) csrrw   s4, fflags, tp
core   0: 1 0x000000008000571c (0x00121a73) x20 0x0000000000000013 c1_fflags 0x000000000000001f
core   0: 0x0000000080005720 (0x03627b33) remu    s6, tp, s6
core   0: 1 0x0000000080005720 (0x03627b33) x22 0x000000000000001f
core   0: 0x0000000080005724 (0xc20afdd3) fcvt.w.d s11, fs5
core   0: 1 0x0000000080005724 (0xc20afdd3) x27 0x0000000000000000
core   0: 0x0000000080005728 (0x010393b3) sll     t2, t2, a6
core   0: 1 0x0000000080005728 (0x010393b3) x7  0xffffffffffffffff
core   0: 0x000000008000572c (0x2aa687d3) fmin.d  fa5, fa3, fa0
core   0: 1 0x000000008000572c (0x2aa687d3) f15 0x7ff8000000000000
core   0: 0x0000000080005730 (0xc23679d3) fcvt.lu.d s3, fa2
core   0: 1 0x0000000080005730 (0xc23679d3) c1_fflags 0x000000000000001f x19 0xffffffffffffffff
core   0: 0x0000000080005734 (0x1d536093) ori     ra, t1, 469
core   0: 1 0x0000000080005734 (0x1d536093) x1  0xffffffff07c0a9d5
core   0: 0x0000000080005738 (0xc226fc53) fcvt.l.d s8, fa3
core   0: 1 0x0000000080005738 (0xc226fc53) c1_fflags 0x000000000000001f x24 0x7fffffffffffffff
core   0: 0x000000008000573c (0x40be5033) sra     zero, t3, a1
core   0: 1 0x000000008000573c (0x40be5033)
core   0: 0x0000000080005740 (0x00001413) slli    s0, zero, 0
core   0: 1 0x0000000080005740 (0x00001413) x8  0x0000000000000000
core   0: 0x0000000080005744 (0xc26f7897) auipc   a7, 0xc26f7
core   0: 1 0x0000000080005744 (0xc26f7897) x17 0x00000000426fc744
core   0: 0x0000000080005748 (0x02f570d3) fadd.d  ft1, fa0, fa5
core   0: 1 0x0000000080005748 (0x02f570d3) f1  0x7ff8000000000000
core   0: 0x000000008000574c (0x0010f9b3) and     s3, ra, ra
core   0: 1 0x000000008000574c (0x0010f9b3) x19 0xffffffff07c0a9d5
core   0: 0x0000000080005750 (0x2270a3d3) fsgnjx.d ft7, ft1, ft7
core   0: 1 0x0000000080005750 (0x2270a3d3) f7  0x7ff8000000000000
core   0: 0x0000000080005754 (0x003d1e33) sll     t3, s10, gp
core   0: 1 0x0000000080005754 (0x003d1e33) x28 0x0000000000000000
core   0: 0x0000000080005758 (0x5a0e7e53) fsqrt.d ft8, ft8
core   0: 1 0x0000000080005758 (0x5a0e7e53) f28 0x7ff8000000000000
core   0: 0x000000008000575c (0x323cfa47) fmsub.d fs4, fs9, ft3, ft6
core   0: 1 0x000000008000575c (0x323cfa47) f20 0x7ff8000000000000
core   0: 0x0000000080005760 (0x23c513d3) fsgnjn.d ft7, fa0, ft8
core   0: 1 0x0000000080005760 (0x23c513d3) f7  0xfff8000000000000
core   0: 0x0000000080005764 (0x40f5d51b) sraiw   a0, a1, 15
core   0: 1 0x0000000080005764 (0x40f5d51b) x10 0xffffffffffffe232
core   0: 0x0000000080005768 (0xc21cfa53) fcvt.wu.d s4, fs9
core   0: 1 0x0000000080005768 (0xc21cfa53) c1_fflags 0x000000000000001f x20 0xffffffffffffffff
core   0: 0x000000008000576c (0x002e19f3) csrrw   s3, frm, t3
core   0: 1 0x000000008000576c (0x002e19f3) x19 0x0000000000000000 c2_frm 0x0000000000000000
core   0: 0x0000000080005770 (0x0b63fb53) fsub.d  fs6, ft7, fs6
core   0: 1 0x0000000080005770 (0x0b63fb53) f22 0x7ff8000000000000
core   0: 0x0000000080005774 (0x01f9dd1b) srliw   s10, s3, 31
core   0: 1 0x0000000080005774 (0x01f9dd1b) x26 0x0000000000000000
core   0: 0x0000000080005778 (0xe2028c53) fmv.x.d s8, ft5
core   0: 1 0x0000000080005778 (0xe2028c53) x24 0xffffffff5f000000
core   0: 0x000000008000577c (0x401bd813) srai    a6, s7, 1
core   0: 1 0x000000008000577c (0x401bd813) x16 0xffffffffffffffff
core   0: 0x0000000080005780 (0x2b3203d3) fmin.d  ft7, ft4, fs3
core   0: 1 0x0000000080005780 (0x2b3203d3) f7  0x43f0000000000000
core   0: 0x0000000080005784 (0x3c0fdcb7) lui     s9, 0x3c0fd
core   0: 1 0x0000000080005784 (0x3c0fdcb7) x25 0x000000003c0fd000
core   0: 0x0000000080005788 (0x1a137fd3) fdiv.d  ft11, ft6, ft1
core   0: 1 0x0000000080005788 (0x1a137fd3) f31 0x7ff8000000000000
core   0: 0x000000008000578c (0x00000001) c.nop
core   0: 1 0x000000008000578c (0x0001)
core   0: 0x000000008000578e (0x0371bcb3) mulhu   s9, gp, s7
core   0: 1 0x000000008000578e (0x0371bcb3) x25 0xfffffffffffffffe
core   0: 0x0000000080005792 (0x0336d1bb) divuw   gp, a3, s3
core   0: 1 0x0000000080005792 (0x0336d1bb) x3  0xffffffffffffffff
core   0: 0x0000000080005796 (0x015a92b3) sll     t0, s5, s5
core   0: 1 0x0000000080005796 (0x015a92b3) x5  0x00000000f13928c0
core   0: 0x000000008000579a (0x22f5a9d3) fsgnjx.d fs3, fa1, fa5
core   0: 1 0x000000008000579a (0x22f5a9d3) f19 0x7ff8000000000000
core   0: 0x000000008000579e (0xd21888d3) fcvt.d.wu fa7, a7
core   0: 1 0x000000008000579e (0xd21888d3) f17 0x41d09bf1d1000000
core   0: 0x00000000800057a2 (0x00118dbb) addw    s11, gp, ra
core   0: 1 0x00000000800057a2 (0x00118dbb) x27 0x0000000007c0a9d4
core   0: 0x00000000800057a6 (0x00625233) srl     tp, tp, t1
core   0: 1 0x00000000800057a6 (0x00625233) x4  0x000000000000000f
core   0: 0x00000000800057aa (0x40e7d7bb) sraw    a5, a5, a4
core   0: 1 0x00000000800057aa (0x40e7d7bb) x15 0x0000000010000000
core   0: 0x00000000800057ae (0xc238fe53) fcvt.lu.d t3, fa7
core   0: 1 0x00000000800057ae (0xc238fe53) x28 0x00000000426fc744
core   0: 0x00000000800057b2 (0xd03776d3) fcvt.s.lu fa3, a4
core   0: 1 0x00000000800057b2 (0xd03776d3) f13 0xffffffff40000000
core   0: 0x00000000800057b6 (0xc201f1c7) fmsub.d ft3, ft3, ft0, fs8
core   0: 1 0x00000000800057b6 (0xc201f1c7) f3  0x7ff8000000000000
core   0: 0x00000000800057ba (0x405287bb) subw    a5, t0, t0
core   0: 1 0x00000000800057ba (0x405287bb) x15 0x0000000000000000
core   0: 0x00000000800057be (0xd22bf153) fcvt.d.l ft2, s7
core   0: 1 0x00000000800057be (0xd22bf153) f2  0xbff0000000000000
core   0: 0x00000000800057c2 (0x91804593) xori    a1, zero, -1768
core   0: 1 0x00000000800057c2 (0x91804593) x11 0xfffffffffffff918
core   0: 0x00000000800057c6 (0x001026f3) csrrs   a3, fflags, zero
core   0: 1 0x00000000800057c6 (0x001026f3) x13 0x000000000000001f
core   0: 0x00000000800057ca (0x223813d3) fsgnjn.d ft7, fa6, ft3
core   0: 1 0x00000000800057ca (0x223813d3) f7  0xfff8000000000000
core   0: 0x00000000800057ce (0x0008091b) sext.w  s2, a6
core   0: 1 0x00000000800057ce (0x0008091b) x18 0xffffffffffffffff
core   0: 0x00000000800057d2 (0x00008c55) c.or    s0, a3
core   0: 1 0x00000000800057d2 (0x8c55) x8  0x000000000000001f
core   0: 0x00000000800057d4 (0xab2d7bcb) fnmsub.d fs7, fs10, fs2, fs5
core   0: 1 0x00000000800057d4 (0xab2d7bcb) f23 0x7ff8000000000000
core   0: 0x00000000800057d8 (0x5c8ab113) sltiu   sp, s5, 1480
core   0: 1 0x00000000800057d8 (0x5c8ab113) x2  0x0000000000000000
core   0: 0x00000000800057dc (0x61910c1b) addiw   s8, sp, 1561
core   0: 1 0x00000000800057dc (0x61910c1b) x24 0x0000000000000619
core   0: 0x00000000800057e0 (0x00202273) csrrs   tp, frm, zero
core   0: 1 0x00000000800057e0 (0x00202273) x4  0x0000000000000000
core   0: 0x00000000800057e4 (0xd20408d3) fcvt.d.w fa7, s0
core   0: 1 0x00000000800057e4 (0xd20408d3) f17 0x403f000000000000
core   0: 0x00000000800057e8 (0xc21f7553) fcvt.wu.d a0, ft10
core   0: 1 0x00000000800057e8 (0xc21f7553) c1_fflags 0x000000000000001f x10 0x0000000000000000
core   0: 0x00000000800057ec (0x40f90abb) subw    s5, s2, a5
core   0: 1 0x00000000800057ec (0x40f90abb) x21 0xffffffffffffffff
core   0: 0x00000000800057f0 (0x41ec521b) sraiw   tp, s8, 30
core   0: 1 0x00000000800057f0 (0x41ec521b) x4  0x0000000000000000
core   0: 0x00000000800057f4 (0x00009c26) c.add   s8, s1
core   0: 1 0x00000000800057f4 (0x9c26) x24 0x0000000000000a19
core   0: 0x00000000800057f6 (0x40e28dbb) subw    s11, t0, a4
core   0: 1 0x00000000800057f6 (0x40e28dbb) x27 0xfffffffff13928be
core   0: 0x00000000800057fa (0x01ddd03b) srlw    zero, s11, t4
core   0: 1 0x00000000800057fa (0x01ddd03b)
core   0: 0x00000000800057fe (0x0000858e) c.mv    a1, gp
core   0: 1 0x00000000800057fe (0x858e) x11 0xffffffffffffffff
core   0: 0x0000000080005800 (0x40d5073b) subw    a4, a0, a3
core   0: 1 0x0000000080005800 (0x40d5073b) x14 0xffffffffffffffe1
core   0: 0x0000000080005804 (0x03c5e0b3) rem     ra, a1, t3
core   0: 1 0x0000000080005804 (0x03c5e0b3) x1  0xffffffffffffffff
core   0: 0x0000000080005808 (0x036a593b) divuw   s2, s4, s6
core   0: 1 0x0000000080005808 (0x036a593b) x18 0x0000000008421084
core   0: 0x000000008000580c (0xd21a8253) fcvt.d.wu ft4, s5
core   0: 1 0x000000008000580c (0xd21a8253) f4  0x41efffffffe00000
core   0: 0x0000000080005810 (0xc2217cd3) fcvt.l.d s9, ft2
core   0: 1 0x0000000080005810 (0xc2217cd3) x25 0xffffffffffffffff
core   0: 0x0000000080005814 (0x323fe9f3) csrrsi  s3, mhpmevent3, 31
core   0: exception trap_illegal_instruction, epc 0x0000000080005814
core   0:           tval 0x00000000323fe9f3
core   0: >>>>  $xrv64i2p1_m2p0_a2p1_f2p2_d2p2_zicsr2p0_zifencei2p0_zmmul1p0_zba1p0_zbb1p0_zbc1p0_zbs1p0
core   0: 0x0000000080004000 (0x0080006f) j       pc + 0x8
core   0: 3 0x0000000080004000 (0x0080006f)
core   0: >>>>  mmode_exception_handler
core   0: 0x0000000080004008 (0x00002c17) auipc   s8, 0x2
core   0: 3 0x0000000080004008 (0x00002c17) x24 0x0000000080006008
core   0: 0x000000008000400c (0x008c0c13) addi    s8, s8, 8
core   0: 3 0x000000008000400c (0x008c0c13) x24 0x0000000080006010
core   0: 0x0000000080004010 (0x000c00e7) jalr    s8
core   0: 3 0x0000000080004010 (0x000c00e7) x1  0x0000000080004014
core   0: >>>>  any_handler
core   0: 0x0000000080006010 (0x341027f3) csrrs   a5, mepc, zero
core   0: 3 0x0000000080006010 (0x341027f3) x15 0x0000000080005814
core   0: 0x0000000080006014 (0x34202773) csrrs   a4, mcause, zero
core   0: 3 0x0000000080006014 (0x34202773) x14 0x0000000000000002
core   0: 0x0000000080006018 (0x142026f3) csrrs   a3, scause, zero
core   0: 3 0x0000000080006018 (0x142026f3) x13 0x0000000000000000
core   0: 0x000000008000601c (0x30402673) csrrs   a2, mie, zero
core   0: 3 0x000000008000601c (0x30402673) x12 0x0000000000000a00
core   0: 0x0000000080006020 (0x344025f3) csrrs   a1, mip, zero
core   0: 3 0x0000000080006020 (0x344025f3) x11 0x0000000000000080
core   0: 0x0000000080006024 (0x343025f3) csrrs   a1, mtval, zero
core   0: 3 0x0000000080006024 (0x343025f3) x11 0x00000000323fe9f3
core   0: 0x0000000080006028 (0x14302573) csrrs   a0, stval, zero
core   0: 3 0x0000000080006028 (0x14302573) x10 0x0000000000000000
core   0: 0x000000008000602c (0xb02024f3) csrrs   s1, minstret, zero
core   0: 3 0x000000008000602c (0xb02024f3) x9  0x0000000000001004
core   0: 0x0000000080006030 (0x0000a811) c.j     pc + 20
core   0: 3 0x0000000080006030 (0xa811)
core   0: >>>>  mepc_4
core   0: 0x0000000080006044 (0x00000791) c.addi  a5, 4
core   0: 3 0x0000000080006044 (0x0791) x15 0x0000000080005818
core   0: 0x0000000080006046 (0x34179073) csrrw   zero, mepc, a5
core   0: 3 0x0000000080006046 (0x34179073) c833_mepc 0x0000000080005818
core   0: 0x000000008000604a (0x30200073) mret
core   0: 3 0x000000008000604a (0x30200073) c768_mstatus 0x8000000a001c61a2
core   0: 0x0000000080005818 (0x02e1cdb3) div     s11, gp, a4
core   0: 1 0x0000000080005818 (0x02e1cdb3) x27 0x0000000000000000
core   0: 0x000000008000581c (0x0071969b) slliw   a3, gp, 7
core   0: 1 0x000000008000581c (0x0071969b) x13 0xffffffffffffff80
core   0: 0x0000000080005820 (0x01681dbb) sllw    s11, a6, s6
core   0: 1 0x0000000080005820 (0x01681dbb) x27 0xffffffff80000000
core   0: 0x0000000080005824 (0x02d5f5d3) fadd.d  fa1, fa1, fa3
core   0: 1 0x0000000080005824 (0x02d5f5d3) f11 0x7ff8000000000000
core   0: 0x0000000080005828 (0xd23bfc53) fcvt.d.lu fs8, s7
core   0: 1 0x0000000080005828 (0xd23bfc53) c1_fflags 0x000000000000001f f24 0x43f0000000000000
core   0: 0x000000008000582c (0x1abbf853) fdiv.d  fa6, fs7, fa1
core   0: 1 0x000000008000582c (0x1abbf853) f16 0x7ff8000000000000
core   0: 0x0000000080005830 (0x01aeed33) or      s10, t4, s10
core   0: 1 0x0000000080005830 (0x01aeed33) x26 0x0000000000000000
core   0: 0x0000000080005834 (0x010e1bb3) sll     s7, t3, a6
core   0: 1 0x0000000080005834 (0x010e1bb3) x23 0x0000000000000000
core   0: 0x0000000080005838 (0xc0207dd3) fcvt.l.s s11, ft0
core   0: 1 0x0000000080005838 (0xc0207dd3) c1_fflags 0x000000000000001f x27 0x7fffffffffffffff
core   0: 0x000000008000583c (0x12e770d3) fmul.d  ft1, fa4, fa4
core   0: 1 0x000000008000583c (0x12e770d3) f1  0x7ff8000000000000
core   0: 0x0000000080005840 (0x2b171d53) fmax.d  fs10, fa4, fa7
core   0: 1 0x0000000080005840 (0x2b171d53) f26 0x403f000000000000
core   0: 0x0000000080005844 (0x5a0af6d3) fsqrt.d fa3, fs5
core   0: 1 0x0000000080005844 (0x5a0af6d3) f13 0x0000000000000000
core   0: 0x0000000080005848 (0xd0287fd3) fcvt.s.l ft11, a6
core   0: 1 0x0000000080005848 (0xd0287fd3) f31 0xffffffffbf800000
core   0: 0x000000008000584c (0x01bd5b3b) srlw    s6, s10, s11
core   0: 1 0x000000008000584c (0x01bd5b3b) x22 0x0000000000000000
core   0: 0x0000000080005850 (0x42078453) fcvt.d.s fs0, fa5
core   0: 1 0x0000000080005850 (0x42078453) f8  0x7ff8000000000000
core   0: 0x0000000080005854 (0x01079abb) sllw    s5, a5, a6
core   0: 1 0x0000000080005854 (0x01079abb) x21 0x0000000000000000
core   0: 0x0000000080005858 (0x01339a93) slli    s5, t2, 19
core   0: 1 0x0000000080005858 (0x01339a93) x21 0xfffffffffff80000
core   0: 0x000000008000585c (0x016ca033) slt     zero, s9, s6
core   0: 1 0x000000008000585c (0x016ca033)
core   0: 0x0000000080005860 (0x5a01fb53) fsqrt.d fs6, ft3
core   0: 1 0x0000000080005860 (0x5a01fb53) f22 0x7ff8000000000000
core   0: 0x0000000080005864 (0x00b38db3) add     s11, t2, a1
core   0: 1 0x0000000080005864 (0x00b38db3) x27 0x00000000323fe9f2
core   0: 0x0000000080005868 (0x4000dc13) srai    s8, ra, 0
core   0: 1 0x0000000080005868 (0x4000dc13) x24 0x0000000080004014
core   0: 0x000000008000586c (0x236d8fd3) fsgnj.d ft11, fs11, fs6
core   0: 1 0x000000008000586c (0x236d8fd3) f31 0x7ff8000000000000
core   0: 0x0000000080005870 (0x03dad313) srli    t1, s5, 61
core   0: 1 0x0000000080005870 (0x03dad313) x6  0x0000000000000007
core   0: 0x0000000080005874 (0x0271b633) mulhu   a2, gp, t2
core   0: 1 0x0000000080005874 (0x0271b633) x12 0xfffffffffffffffe
core   0: 0x0000000080005878 (0xa2cb0ed3) fle.d   t4, fs6, fa2
core   0: 1 0x0000000080005878 (0xa2cb0ed3) c1_fflags 0x000000000000001f x29 0x0000000000000000
core   0: 0x000000008000587c (0x0057103b) sllw    zero, a4, t0
core   0: 1 0x000000008000587c (0x0057103b)
core   0: 0x0000000080005880 (0x00000001) c.nop
core   0: 1 0x0000000080005880 (0x0001)
core   0: 0x0000000080005882 (0x00000001) c.nop
core   0: 1 0x0000000080005882 (0x0001)
core   0: 0x0000000080005884 (0x2b9c84d3) fmin.d  fs1, fs9, fs9
core   0: 1 0x0000000080005884 (0x2b9c84d3) f9  0x43dfffffffffffff
core   0: 0x0000000080005888 (0x5a0072d3) fsqrt.d ft5, ft0
core   0: 1 0x0000000080005888 (0x5a0072d3) f5  0x41f0000000000000
core   0: 0x000000008000588c (0x015c9c9b) slliw   s9, s9, 21
core   0: 1 0x000000008000588c (0x015c9c9b) x25 0xffffffffffe00000
core   0: 0x0000000080005890 (0x01779033) sll     zero, a5, s7
core   0: 1 0x0000000080005890 (0x01779033)
core   0: 0x0000000080005894 (0x8a18f94b) fnmsub.d fs2, fa7, ft1, fa7
core   0: 1 0x0000000080005894 (0x8a18f94b) f18 0x7ff8000000000000
core   0: 0x0000000080005898 (0x01bc0c3b) addw    s8, s8, s11
core   0: 1 0x0000000080005898 (0x01bc0c3b) x24 0xffffffffb2402a06
core   0: 0x000000008000589c (0xbb27facf) fnmadd.d fs5, fa5, fs2, fs7
core   0: 1 0x000000008000589c (0xbb27facf) f21 0x7ff8000000000000
core   0: 0x00000000800058a0 (0x1351fcd3) fmul.d  fs9, ft3, fs5
core   0: 1 0x00000000800058a0 (0x1351fcd3) f25 0x7ff8000000000000
core   0: 0x00000000800058a4 (0x0a6c7f53) fsub.d  ft10, fs8, ft6
core   0: 1 0x00000000800058a4 (0x0a6c7f53) f30 0x7ff8000000000000
core   0: 0x00000000800058a8 (0x01f7531b) srliw   t1, a4, 31
core   0: 1 0x00000000800058a8 (0x01f7531b) x6  0x0000000000000000
core   0: 0x00000000800058ac (0x0b9ff7d3) fsub.d  fa5, ft11, fs9
core   0: 1 0x00000000800058ac (0x0b9ff7d3) f15 0x7ff8000000000000
core   0: 0x00000000800058b0 (0x7a10f547) fmsub.d fa0, ft1, ft1, fa5
core   0: 1 0x00000000800058b0 (0x7a10f547) f10 0x7ff8000000000000
core   0: 0x00000000800058b4 (0x00d26533) or      a0, tp, a3
core   0: 1 0x00000000800058b4 (0x00d26533) x10 0xffffffffffffff80
core   0: 0x00000000800058b8 (0x00456933) or      s2, a0, tp
core   0: 1 0x00000000800058b8 (0x00456933) x18 0xffffffffffffff80
core   0: 0x00000000800058bc (0xd036f1d3) fcvt.s.lu ft3, a3
core   0: 1 0x00000000800058bc (0xd036f1d3) c1_fflags 0x000000000000001f f3  0xffffffff5f800000
core   0: 0x00000000800058c0 (0x008d5593) srli    a1, s10, 8
core   0: 1 0x00000000800058c0 (0x008d5593) x11 0x0000000000000000
core   0: 0x00000000800058c4 (0x00000001) c.nop
core   0: 1 0x00000000800058c4 (0x0001)
core   0: 0x00000000800058c6 (0x01a96eb3) or      t4, s2, s10
core   0: 1 0x00000000800058c6 (0x01a96eb3) x29 0xffffffffffffff80
core   0: 0x00000000800058ca (0x000c7eb3) and     t4, s8, zero
core   0: 1 0x00000000800058ca (0x000c7eb3) x29 0x0000000000000000
core   0: 0x00000000800058ce (0x08128493) addi    s1, t0, 129
core   0: 1 0x00000000800058ce (0x08128493) x9  0x00000000f1392941
core   0: 0x00000000800058d2 (0x03defe3b) remuw   t3, t4, t4
core   0: 1 0x00000000800058d2 (0x03defe3b) x28 0x0000000000000000
core   0: 0x00000000800058d6 (0x01f79d1b) slliw   s10, a5, 31
core   0: 1 0x00000000800058d6 (0x01f79d1b) x26 0x0000000000000000
core   0: 0x00000000800058da (0x0283c83b) divw    a6, t2, s0
core   0: 1 0x00000000800058da (0x0283c83b) x16 0x0000000000000000
core   0: 0x00000000800058de (0x4163883b) subw    a6, t2, s6
core   0: 1 0x00000000800058de (0x4163883b) x16 0xffffffffffffffff
core   0: 0x00000000800058e2 (0x2afe8d53) fmin.d  fs10, ft9, fa5
core   0: 1 0x00000000800058e2 (0x2afe8d53) f26 0x7ff8000000000000
core   0: 0x00000000800058e6 (0x303f5df3) csrrwi  s11, mideleg, 30
core   0: exception trap_illegal_instruction, epc 0x00000000800058e6
core   0:           tval 0x00000000303f5df3
core   0: >>>>  $xrv64i2p1_m2p0_a2p1_f2p2_d2p2_zicsr2p0_zifencei2p0_zmmul1p0_zba1p0_zbb1p0_zbc1p0_zbs1p0
core   0: 0x0000000080004000 (0x0080006f) j       pc + 0x8
core   0: 3 0x0000000080004000 (0x0080006f)
core   0: >>>>  mmode_exception_handler
core   0: 0x0000000080004008 (0x00002c17) auipc   s8, 0x2
core   0: 3 0x0000000080004008 (0x00002c17) x24 0x0000000080006008
core   0: 0x000000008000400c (0x008c0c13) addi    s8, s8, 8
core   0: 3 0x000000008000400c (0x008c0c13) x24 0x0000000080006010
core   0: 0x0000000080004010 (0x000c00e7) jalr    s8
core   0: 3 0x0000000080004010 (0x000c00e7) x1  0x0000000080004014
core   0: >>>>  any_handler
core   0: 0x0000000080006010 (0x341027f3) csrrs   a5, mepc, zero
core   0: 3 0x0000000080006010 (0x341027f3) x15 0x00000000800058e6
core   0: 0x0000000080006014 (0x34202773) csrrs   a4, mcause, zero
core   0: 3 0x0000000080006014 (0x34202773) x14 0x0000000000000002
core   0: 0x0000000080006018 (0x142026f3) csrrs   a3, scause, zero
core   0: 3 0x0000000080006018 (0x142026f3) x13 0x0000000000000000
core   0: 0x000000008000601c (0x30402673) csrrs   a2, mie, zero
core   0: 3 0x000000008000601c (0x30402673) x12 0x0000000000000a00
core   0: 0x0000000080006020 (0x344025f3) csrrs   a1, mip, zero
core   0: 3 0x0000000080006020 (0x344025f3) x11 0x0000000000000080
core   0: 0x0000000080006024 (0x343025f3) csrrs   a1, mtval, zero
core   0: 3 0x0000000080006024 (0x343025f3) x11 0x00000000303f5df3
core   0: 0x0000000080006028 (0x14302573) csrrs   a0, stval, zero
core   0: 3 0x0000000080006028 (0x14302573) x10 0x0000000000000000
core   0: 0x000000008000602c (0xb02024f3) csrrs   s1, minstret, zero
core   0: 3 0x000000008000602c (0xb02024f3) x9  0x0000000000001049
core   0: 0x0000000080006030 (0x0000a811) c.j     pc + 20
core   0: 3 0x0000000080006030 (0xa811)
core   0: >>>>  mepc_4
core   0: 0x0000000080006044 (0x00000791) c.addi  a5, 4
core   0: 3 0x0000000080006044 (0x0791) x15 0x00000000800058ea
core   0: 0x0000000080006046 (0x34179073) csrrw   zero, mepc, a5
core   0: 3 0x0000000080006046 (0x34179073) c833_mepc 0x00000000800058ea
core   0: 0x000000008000604a (0x30200073) mret
core   0: 3 0x000000008000604a (0x30200073) c768_mstatus 0x8000000a001c61a2
core   0: 0x00000000800058ea (0xac124793) xori    a5, tp, -1343
core   0: 1 0x00000000800058ea (0xac124793) x15 0xfffffffffffffac1
core   0: 0x00000000800058ee (0xf20202d3) fmv.d.x ft5, tp
core   0: 1 0x00000000800058ee (0xf20202d3) f5  0x0000000000000000
core   0: 0x00000000800058f2 (0xc0377353) fcvt.lu.s t1, fa4
core   0: 1 0x00000000800058f2 (0xc0377353) c1_fflags 0x000000000000001f x6  0xffffffffffffffff
core   0: 0x00000000800058f6 (0x0003561b) srliw   a2, t1, 0
core   0: 1 0x00000000800058f6 (0x0003561b) x12 0xffffffffffffffff
core   0: 0x00000000800058fa (0x02fdd7b3) divu    a5, s11, a5
core   0: 1 0x00000000800058fa (0x02fdd7b3) x15 0x0000000000000000
core   0: 0x00000000800058fe (0x01b04eb3) xor     t4, zero, s11
core   0: 1 0x00000000800058fe (0x01b04eb3) x29 0x00000000323fe9f2
core   0: 0x0000000080005902 (0x43a5d813) srai    a6, a1, 58
core   0: 1 0x0000000080005902 (0x43a5d813) x16 0x0000000000000000
core   0: 0x0000000080005906 (0x40fd033b) subw    t1, s10, a5
core   0: 1 0x0000000080005906 (0x40fd033b) x6  0x0000000000000000
core   0: 0x000000008000590a (0x00202cf3) csrrs   s9, frm, zero
core   0: 1 0x000000008000590a (0x00202cf3) x25 0x0000000000000000
core   0: 0x000000008000590e (0x002020f3) csrrs   ra, frm, zero
core   0: 1 0x000000008000590e (0x002020f3) x1  0x0000000000000000
core   0: 0x0000000080005912 (0x01c310bb) sllw    ra, t1, t3
core   0: 1 0x0000000080005912 (0x01c310bb) x1  0x0000000000000000
core   0: 0x0000000080005916 (0x800ce493) ori     s1, s9, -2048
core   0: 1 0x0000000080005916 (0x800ce493) x9  0xfffffffffffff800
core   0: 0x000000008000591a (0x41b95dbb) sraw    s11, s2, s11
core   0: 1 0x000000008000591a (0x41b95dbb) x27 0xffffffffffffffff
core   0: 0x000000008000591e (0x003415bb) sllw    a1, s0, gp
core   0: 1 0x000000008000591e (0x003415bb) x11 0xffffffff80000000
core   0: 0x0000000080005922 (0x42020e53) fcvt.d.s ft8, ft4
core   0: 1 0x0000000080005922 (0x42020e53) f28 0x7ff8000000000000
core   0: 0x0000000080005926 (0x019d80bb) addw    ra, s11, s9
core   0: 1 0x0000000080005926 (0x019d80bb) x1  0xffffffffffffffff
core   0: 0x000000008000592a (0x2a4d13d3) fmax.d  ft7, fs10, ft4
core   0: 1 0x000000008000592a (0x2a4d13d3) f7  0x41efffffffe00000
core   0: 0x000000008000592e (0x0081d533) srl     a0, gp, s0
core   0: 1 0x000000008000592e (0x0081d533) x10 0x00000001ffffffff
core   0: 0x0000000080005932 (0xc213f753) fcvt.wu.d a4, ft7
core   0: 1 0x0000000080005932 (0xc213f753) x14 0xffffffffffffffff
core   0: 0x0000000080005936 (0x8b39f4cf) fnmadd.d fs1, fs3, fs3, fa7
core   0: 1 0x0000000080005936 (0x8b39f4cf) f9  0x7ff8000000000000
core   0: 0x000000008000593a (0x0ff0000f) fence   iorw,iorw
core   0: 1 0x000000008000593a (0x0ff0000f)
core   0: 0x000000008000593e (0x03ba9933) mulh    s2, s5, s11
core   0: 1 0x000000008000593e (0x03ba9933) x18 0x0000000000000000
core   0: 0x0000000080005942 (0x015e83bb) addw    t2, t4, s5
core   0: 1 0x0000000080005942 (0x015e83bb) x7  0x000000003237e9f2
core   0: 0x0000000080005946 (0xc209fa53) fcvt.w.d s4, fs3
core   0: 1 0x0000000080005946 (0xc209fa53) c1_fflags 0x000000000000001f x20 0x000000007fffffff
core   0: 0x000000008000594a (0x000a23b3) slt     t2, s4, zero
core   0: 1 0x000000008000594a (0x000a23b3) x7  0x0000000000000000
core   0: 0x000000008000594e (0xd2110b53) fcvt.d.wu fs6, sp
core   0: 1 0x000000008000594e (0xd2110b53) f22 0x0000000000000000
core   0: 0x0000000080005952 (0xa21d0553) fle.d   a0, fs10, ft1
core   0: 1 0x0000000080005952 (0xa21d0553) c1_fflags 0x000000000000001f x10 0x0000000000000000
core   0: 0x0000000080005956 (0x02b271d3) fadd.d  ft3, ft4, fa1
core   0: 1 0x0000000080005956 (0x02b271d3) f3  0x7ff8000000000000
core   0: 0x000000008000595a (0x03f7d213) srli    tp, a5, 63
core   0: 1 0x000000008000595a (0x03f7d213) x4  0x0000000000000000
core   0: 0x000000008000595e (0x401f73d3) fcvt.s.d ft7, ft10
core   0: 1 0x000000008000595e (0x401f73d3) f7  0xffffffff7fc00000
core   0: 0x0000000080005962 (0x61640193) addi    gp, s0, 1558
core   0: 1 0x0000000080005962 (0x61640193) x3  0x0000000000000635
core   0: 0x0000000080005966 (0xe2080bd3) fmv.x.d s7, fa6
core   0: 1 0x0000000080005966 (0xe2080bd3) x23 0x7ff8000000000000
core   0: 0x000000008000596a (0x00075b9b) srliw   s7, a4, 0
core   0: 1 0x000000008000596a (0x00075b9b) x23 0xffffffffffffffff
core   0: 0x000000008000596e (0x34019c73) csrrw   s8, mscratch, gp
core   0: exception trap_illegal_instruction, epc 0x000000008000596e
core   0:           tval 0x0000000034019c73
core   0: >>>>  $xrv64i2p1_m2p0_a2p1_f2p2_d2p2_zicsr2p0_zifencei2p0_zmmul1p0_zba1p0_zbb1p0_zbc1p0_zbs1p0
core   0: 0x0000000080004000 (0x0080006f) j       pc + 0x8
core   0: 3 0x0000000080004000 (0x0080006f)
core   0: >>>>  mmode_exception_handler
core   0: 0x0000000080004008 (0x00002c17) auipc   s8, 0x2
core   0: 3 0x0000000080004008 (0x00002c17) x24 0x0000000080006008
core   0: 0x000000008000400c (0x008c0c13) addi    s8, s8, 8
core   0: 3 0x000000008000400c (0x008c0c13) x24 0x0000000080006010
core   0: 0x0000000080004010 (0x000c00e7) jalr    s8
core   0: 3 0x0000000080004010 (0x000c00e7) x1  0x0000000080004014
core   0: >>>>  any_handler
core   0: 0x0000000080006010 (0x341027f3) csrrs   a5, mepc, zero
core   0: 3 0x0000000080006010 (0x341027f3) x15 0x000000008000596e
core   0: 0x0000000080006014 (0x34202773) csrrs   a4, mcause, zero
core   0: 3 0x0000000080006014 (0x34202773) x14 0x0000000000000002
core   0: 0x0000000080006018 (0x142026f3) csrrs   a3, scause, zero
core   0: 3 0x0000000080006018 (0x142026f3) x13 0x0000000000000000
core   0: 0x000000008000601c (0x30402673) csrrs   a2, mie, zero
core   0: 3 0x000000008000601c (0x30402673) x12 0x0000000000000a00
core   0: 0x0000000080006020 (0x344025f3) csrrs   a1, mip, zero
core   0: 3 0x0000000080006020 (0x344025f3) x11 0x0000000000000080
core   0: 0x0000000080006024 (0x343025f3) csrrs   a1, mtval, zero
core   0: 3 0x0000000080006024 (0x343025f3) x11 0x0000000034019c73
core   0: 0x0000000080006028 (0x14302573) csrrs   a0, stval, zero
core   0: 3 0x0000000080006028 (0x14302573) x10 0x0000000000000000
core   0: 0x000000008000602c (0xb02024f3) csrrs   s1, minstret, zero
core   0: 3 0x000000008000602c (0xb02024f3) x9  0x000000000000107a
core   0: 0x0000000080006030 (0x0000a811) c.j     pc + 20
core   0: 3 0x0000000080006030 (0xa811)
core   0: >>>>  mepc_4
core   0: 0x0000000080006044 (0x00000791) c.addi  a5, 4
core   0: 3 0x0000000080006044 (0x0791) x15 0x0000000080005972
core   0: 0x0000000080006046 (0x34179073) csrrw   zero, mepc, a5
core   0: 3 0x0000000080006046 (0x34179073) c833_mepc 0x0000000080005972
core   0: 0x000000008000604a (0x30200073) mret
core   0: 3 0x000000008000604a (0x30200073) c768_mstatus 0x8000000a001c61a2
core   0: 0x0000000080005972 (0x032d56bb) divuw   a3, s10, s2
core   0: 1 0x0000000080005972 (0x032d56bb) x13 0xffffffffffffffff
core   0: 0x0000000080005976 (0x01d42b33) slt     s6, s0, t4
core   0: 1 0x0000000080005976 (0x01d42b33) x22 0x0000000000000001
core   0: 0x000000008000597a (0x2b149e53) fmax.d  ft8, fs1, fa7
core   0: 1 0x000000008000597a (0x2b149e53) f28 0x403f000000000000
core   0: 0x000000008000597e (0xa2948e53) fle.d   t3, fs1, fs1
core   0: 1 0x000000008000597e (0xa2948e53) c1_fflags 0x000000000000001f x28 0x0000000000000000
core   0: 0x0000000080005982 (0x40de5d9b) sraiw   s11, t3, 13
core   0: 1 0x0000000080005982 (0x40de5d9b) x27 0x0000000000000000
core   0: 0x0000000080005986 (0x22802953) fsgnjx.d fs2, ft0, fs0
core   0: 1 0x0000000080005986 (0x22802953) f18 0x43f0000000000000
core   0: 0x000000008000598a (0x1ac675d3) fdiv.d  fa1, fa2, fa2
core   0: 1 0x000000008000598a (0x1ac675d3) f11 0x7ff8000000000000
core   0: 0x000000008000598e (0x00d57833) and     a6, a0, a3
core   0: 1 0x000000008000598e (0x00d57833) x16 0x0000000000000000
core   0: 0x0000000080005992 (0x00221773) csrrw   a4, frm, tp
core   0: 1 0x0000000080005992 (0x00221773) x14 0x0000000000000000 c2_frm 0x0000000000000000
core   0: 0x0000000080005996 (0xd9b74d93) xori    s11, a4, -613
core   0: 1 0x0000000080005996 (0xd9b74d93) x27 0xfffffffffffffd9b
core   0: 0x000000008000599a (0x0a4af553) fsub.d  fa0, fs5, ft4
core   0: 1 0x000000008000599a (0x0a4af553) f10 0x7ff8000000000000
core   0: 0x000000008000599e (0x00008c62) c.mv    s8, s8
core   0: 1 0x000000008000599e (0x8c62) x24 0x0000000080006010
core   0: 0x00000000800059a0 (0xc2257ed3) fcvt.l.d t4, fa0
core   0: 1 0x00000000800059a0 (0xc2257ed3) c1_fflags 0x000000000000001f x29 0x7fffffffffffffff
core   0: 0x00000000800059a4 (0x00e351bb) srlw    gp, t1, a4
core   0: 1 0x00000000800059a4 (0x00e351bb) x3  0x0000000000000000
core   0: 0x00000000800059a8 (0x00008fc9) c.or    a5, a0
core   0: 1 0x00000000800059a8 (0x8fc9) x15 0x0000000080005972
core   0: 0x00000000800059aa (0x41188ebb) subw    t4, a7, a7
core   0: 1 0x00000000800059aa (0x41188ebb) x29 0x0000000000000000
core   0: 0x00000000800059ae (0x306ebbf3) csrrc   s7, mcounteren, t4
core   0: exception trap_illegal_instruction, epc 0x00000000800059ae
core   0:           tval 0x00000000306ebbf3
core   0: >>>>  $xrv64i2p1_m2p0_a2p1_f2p2_d2p2_zicsr2p0_zifencei2p0_zmmul1p0_zba1p0_zbb1p0_zbc1p0_zbs1p0
core   0: 0x0000000080004000 (0x0080006f) j       pc + 0x8
core   0: 3 0x0000000080004000 (0x0080006f)
core   0: >>>>  mmode_exception_handler
core   0: 0x0000000080004008 (0x00002c17) auipc   s8, 0x2
core   0: 3 0x0000000080004008 (0x00002c17) x24 0x0000000080006008
core   0: 0x000000008000400c (0x008c0c13) addi    s8, s8, 8
core   0: 3 0x000000008000400c (0x008c0c13) x24 0x0000000080006010
core   0: 0x0000000080004010 (0x000c00e7) jalr    s8
core   0: 3 0x0000000080004010 (0x000c00e7) x1  0x0000000080004014
core   0: >>>>  any_handler
core   0: 0x0000000080006010 (0x341027f3) csrrs   a5, mepc, zero
core   0: 3 0x0000000080006010 (0x341027f3) x15 0x00000000800059ae
core   0: 0x0000000080006014 (0x34202773) csrrs   a4, mcause, zero
core   0: 3 0x0000000080006014 (0x34202773) x14 0x0000000000000002
core   0: 0x0000000080006018 (0x142026f3) csrrs   a3, scause, zero
core   0: 3 0x0000000080006018 (0x142026f3) x13 0x0000000000000000
core   0: 0x000000008000601c (0x30402673) csrrs   a2, mie, zero
core   0: 3 0x000000008000601c (0x30402673) x12 0x0000000000000a00
core   0: 0x0000000080006020 (0x344025f3) csrrs   a1, mip, zero
core   0: 3 0x0000000080006020 (0x344025f3) x11 0x0000000000000080
core   0: 0x0000000080006024 (0x343025f3) csrrs   a1, mtval, zero
core   0: 3 0x0000000080006024 (0x343025f3) x11 0x00000000306ebbf3
core   0: 0x0000000080006028 (0x14302573) csrrs   a0, stval, zero
core   0: 3 0x0000000080006028 (0x14302573) x10 0x0000000000000000
core   0: 0x000000008000602c (0xb02024f3) csrrs   s1, minstret, zero
core   0: 3 0x000000008000602c (0xb02024f3) x9  0x000000000000109a
core   0: 0x0000000080006030 (0x0000a811) c.j     pc + 20
core   0: 3 0x0000000080006030 (0xa811)
core   0: >>>>  mepc_4
core   0: 0x0000000080006044 (0x00000791) c.addi  a5, 4
core   0: 3 0x0000000080006044 (0x0791) x15 0x00000000800059b2
core   0: 0x0000000080006046 (0x34179073) csrrw   zero, mepc, a5
core   0: 3 0x0000000080006046 (0x34179073) c833_mepc 0x00000000800059b2
core   0: 0x000000008000604a (0x30200073) mret
core   0: 3 0x000000008000604a (0x30200073) c768_mstatus 0x8000000a001c61a2
core   0: 0x00000000800059b2 (0xfffb809b) addiw   ra, s7, -1
core   0: 1 0x00000000800059b2 (0xfffb809b) x1  0xfffffffffffffffe
core   0: 0x00000000800059b6 (0x018c8c3b) addw    s8, s9, s8
core   0: 1 0x00000000800059b6 (0x018c8c3b) x24 0xffffffff80006010
core   0: 0x00000000800059ba (0x402e03bb) subw    t2, t3, sp
core   0: 1 0x00000000800059ba (0x402e03bb) x7  0x0000000000000000
core   0: 0x00000000800059be (0x428ed093) srai    ra, t4, 40
core   0: 1 0x00000000800059be (0x428ed093) x1  0x0000000000000000
core   0: 0x00000000800059c2 (0x001022f3) csrrs   t0, fflags, zero
core   0: 1 0x00000000800059c2 (0x001022f3) x5  0x000000000000001f
core   0: 0x00000000800059c6 (0xd225f4d3) fcvt.d.l fs1, a1
core   0: 1 0x00000000800059c6 (0xd225f4d3) f9  0x41c8375df9800000
core   0: 0x00000000800059ca (0x0322f7bb) remuw   a5, t0, s2
core   0: 1 0x00000000800059ca (0x0322f7bb) x15 0x000000000000001f
core   0: 0x00000000800059ce (0x4054d6b3) sra     a3, s1, t0
core   0: 1 0x00000000800059ce (0x4054d6b3) x13 0x0000000000000000
core   0: 0x00000000800059d2 (0xa29e0953) fle.d   s2, ft8, fs1
core   0: 1 0x00000000800059d2 (0xa29e0953) x18 0x0000000000000001
core   0: 0x00000000800059d6 (0x0ff0000f) fence   iorw,iorw
core   0: 1 0x00000000800059d6 (0x0ff0000f)
core   0: 0x00000000800059da (0x012e5e3b) srlw    t3, t3, s2
core   0: 1 0x00000000800059da (0x012e5e3b) x28 0x0000000000000000
core   0: 0x00000000800059de (0x001e9b73) csrrw   s6, fflags, t4
core   0: 1 0x00000000800059de (0x001e9b73) x22 0x000000000000001f c1_fflags 0x0000000000000000
core   0: 0x00000000800059e2 (0x03ca003b) mulw    zero, s4, t3
core   0: 1 0x00000000800059e2 (0x03ca003b)
core   0: 0x00000000800059e6 (0xa664bc17) auipc   s8, 0xa664b
core   0: 1 0x00000000800059e6 (0xa664bc17) x24 0x00000000266509e6
core   0: 0x00000000800059ea (0x03551333) mulh    t1, a0, s5
core   0: 1 0x00000000800059ea (0x03551333) x6  0x0000000000000000
core   0: 0x00000000800059ee (0xc20e73d3) fcvt.w.d t2, ft8
core   0: 1 0x00000000800059ee (0xc20e73d3) x7  0x000000000000001f
core   0: 0x00000000800059f2 (0x31a19e73) csrrw   t3, menvcfgh, gp
core   0: exception trap_illegal_instruction, epc 0x00000000800059f2
core   0:           tval 0x0000000031a19e73
core   0: >>>>  $xrv64i2p1_m2p0_a2p1_f2p2_d2p2_zicsr2p0_zifencei2p0_zmmul1p0_zba1p0_zbb1p0_zbc1p0_zbs1p0
core   0: 0x0000000080004000 (0x0080006f) j       pc + 0x8
core   0: 3 0x0000000080004000 (0x0080006f)
core   0: >>>>  mmode_exception_handler
core   0: 0x0000000080004008 (0x00002c17) auipc   s8, 0x2
core   0: 3 0x0000000080004008 (0x00002c17) x24 0x0000000080006008
core   0: 0x000000008000400c (0x008c0c13) addi    s8, s8, 8
core   0: 3 0x000000008000400c (0x008c0c13) x24 0x0000000080006010
core   0: 0x0000000080004010 (0x000c00e7) jalr    s8
core   0: 3 0x0000000080004010 (0x000c00e7) x1  0x0000000080004014
core   0: >>>>  any_handler
core   0: 0x0000000080006010 (0x341027f3) csrrs   a5, mepc, zero
core   0: 3 0x0000000080006010 (0x341027f3) x15 0x00000000800059f2
core   0: 0x0000000080006014 (0x34202773) csrrs   a4, mcause, zero
core   0: 3 0x0000000080006014 (0x34202773) x14 0x0000000000000002
core   0: 0x0000000080006018 (0x142026f3) csrrs   a3, scause, zero
core   0: 3 0x0000000080006018 (0x142026f3) x13 0x0000000000000000
core   0: 0x000000008000601c (0x30402673) csrrs   a2, mie, zero
core   0: 3 0x000000008000601c (0x30402673) x12 0x0000000000000a00
core   0: 0x0000000080006020 (0x344025f3) csrrs   a1, mip, zero
core   0: 3 0x0000000080006020 (0x344025f3) x11 0x0000000000000080
core   0: 0x0000000080006024 (0x343025f3) csrrs   a1, mtval, zero
core   0: 3 0x0000000080006024 (0x343025f3) x11 0x0000000031a19e73
core   0: 0x0000000080006028 (0x14302573) csrrs   a0, stval, zero
core   0: 3 0x0000000080006028 (0x14302573) x10 0x0000000000000000
core   0: 0x000000008000602c (0xb02024f3) csrrs   s1, minstret, zero
core   0: 3 0x000000008000602c (0xb02024f3) x9  0x00000000000010ba
core   0: 0x0000000080006030 (0x0000a811) c.j     pc + 20
core   0: 3 0x0000000080006030 (0xa811)
core   0: >>>>  mepc_4
core   0: 0x0000000080006044 (0x00000791) c.addi  a5, 4
core   0: 3 0x0000000080006044 (0x0791) x15 0x00000000800059f6
core   0: 0x0000000080006046 (0x34179073) csrrw   zero, mepc, a5
core   0: 3 0x0000000080006046 (0x34179073) c833_mepc 0x00000000800059f6
core   0: 0x000000008000604a (0x30200073) mret
core   0: 3 0x000000008000604a (0x30200073) c768_mstatus 0x8000000a001c61a2
core   0: 0x00000000800059f6 (0xe3cc78cf) fnmadd.d fa7, fs8, ft8, ft8
core   0: 1 0x00000000800059f6 (0xe3cc78cf) c1_fflags 0x0000000000000001 f17 0xc43f000000000000
core   0: 0x00000000800059fa (0x01a71133) sll     sp, a4, s10
core   0: 1 0x00000000800059fa (0x01a71133) x2  0x0000000000000002
core   0: 0x00000000800059fe (0xd2317ad3) fcvt.d.lu fs5, sp
core   0: 1 0x00000000800059fe (0xd2317ad3) f21 0x4000000000000000
core   0: 0x0000000080005a02 (0x2a168293) addi    t0, a3, 673
core   0: 1 0x0000000080005a02 (0x2a168293) x5  0x00000000000002a1
core   0: 0x0000000080005a06 (0x2310a9d3) fsgnjx.d fs3, ft1, fa7
core   0: 1 0x0000000080005a06 (0x2310a9d3) f19 0xfff8000000000000
core   0: 0x0000000080005a0a (0x40088e3b) subw    t3, a7, zero
core   0: 1 0x0000000080005a0a (0x40088e3b) x28 0x00000000426fc744
core   0: 0x0000000080005a0e (0x0017171b) slliw   a4, a4, 1
core   0: 1 0x0000000080005a0e (0x0017171b) x14 0x0000000000000004
core   0: 0x0000000080005a12 (0x03ca8bb3) mul     s7, s5, t3
core   0: 1 0x0000000080005a12 (0x03ca8bb3) x23 0xfffdec81c5e00000
core   0: 0x0000000080005a16 (0xd03af1d3) fcvt.s.lu ft3, s5
core   0: 1 0x0000000080005a16 (0xd03af1d3) c1_fflags 0x0000000000000001 f3  0xffffffff5f800000
core   0: 0x0000000080005a1a (0x144ea873) csrrs   a6, sip, t4
core   0: 1 0x0000000080005a1a (0x144ea873) x16 0x0000000000000000 c836_mip 0x0000000000000080
core   0: 0x0000000080005a1e (0xc039f553) fcvt.lu.s a0, fs3
core   0: 1 0x0000000080005a1e (0xc039f553) c1_fflags 0x0000000000000011 x10 0xffffffffffffffff
core   0: 0x0000000080005a22 (0x03ab2db3) mulhsu  s11, s6, s10
core   0: 1 0x0000000080005a22 (0x03ab2db3) x27 0x0000000000000000
core   0: 0x0000000080005a26 (0xb0255873) csrrwi  a6, minstret, 10
core   0: exception trap_illegal_instruction, epc 0x0000000080005a26
core   0:           tval 0x00000000b0255873
core   0: >>>>  $xrv64i2p1_m2p0_a2p1_f2p2_d2p2_zicsr2p0_zifencei2p0_zmmul1p0_zba1p0_zbb1p0_zbc1p0_zbs1p0
core   0: 0x0000000080004000 (0x0080006f) j       pc + 0x8
core   0: 3 0x0000000080004000 (0x0080006f)
core   0: >>>>  mmode_exception_handler
core   0: 0x0000000080004008 (0x00002c17) auipc   s8, 0x2
core   0: 3 0x0000000080004008 (0x00002c17) x24 0x0000000080006008
core   0: 0x000000008000400c (0x008c0c13) addi    s8, s8, 8
core   0: 3 0x000000008000400c (0x008c0c13) x24 0x0000000080006010
core   0: 0x0000000080004010 (0x000c00e7) jalr    s8
core   0: 3 0x0000000080004010 (0x000c00e7) x1  0x0000000080004014
core   0: >>>>  any_handler
core   0: 0x0000000080006010 (0x341027f3) csrrs   a5, mepc, zero
core   0: 3 0x0000000080006010 (0x341027f3) x15 0x0000000080005a26
core   0: 0x0000000080006014 (0x34202773) csrrs   a4, mcause, zero
core   0: 3 0x0000000080006014 (0x34202773) x14 0x0000000000000002
core   0: 0x0000000080006018 (0x142026f3) csrrs   a3, scause, zero
core   0: 3 0x0000000080006018 (0x142026f3) x13 0x0000000000000000
core   0: 0x000000008000601c (0x30402673) csrrs   a2, mie, zero
core   0: 3 0x000000008000601c (0x30402673) x12 0x0000000000000a00
core   0: 0x0000000080006020 (0x344025f3) csrrs   a1, mip, zero
core   0: 3 0x0000000080006020 (0x344025f3) x11 0x0000000000000080
core   0: 0x0000000080006024 (0x343025f3) csrrs   a1, mtval, zero
core   0: 3 0x0000000080006024 (0x343025f3) x11 0x00000000b0255873
core   0: 0x0000000080006028 (0x14302573) csrrs   a0, stval, zero
core   0: 3 0x0000000080006028 (0x14302573) x10 0x0000000000000000
core   0: 0x000000008000602c (0xb02024f3) csrrs   s1, minstret, zero
core   0: 3 0x000000008000602c (0xb02024f3) x9  0x00000000000010d6
core   0: 0x0000000080006030 (0x0000a811) c.j     pc + 20
core   0: 3 0x0000000080006030 (0xa811)
core   0: >>>>  mepc_4
core   0: 0x0000000080006044 (0x00000791) c.addi  a5, 4
core   0: 3 0x0000000080006044 (0x0791) x15 0x0000000080005a2a
core   0: 0x0000000080006046 (0x34179073) csrrw   zero, mepc, a5
core   0: 3 0x0000000080006046 (0x34179073) c833_mepc 0x0000000080005a2a
core   0: 0x000000008000604a (0x30200073) mret
core   0: 3 0x000000008000604a (0x30200073) c768_mstatus 0x8000000a001c61a2
core   0: 0x0000000080005a2a (0xfa1e08b7) lui     a7, 0xfa1e0
core   0: 1 0x0000000080005a2a (0xfa1e08b7) x17 0xfffffffffa1e0000
core   0: 0x0000000080005a2e (0xae38889b) addiw   a7, a7, -1309
core   0: 1 0x0000000080005a2e (0xae38889b) x17 0xfffffffffa1dfae3
core   0: 0x0000000080005a32 (0x000008b2) c.slli  a7, 12
core   0: 1 0x0000000080005a32 (0x08b2) x17 0xffffffa1dfae3000
core   0: 0x0000000080005a34 (0xaa988893) addi    a7, a7, -1367
core   0: 1 0x0000000080005a34 (0xaa988893) x17 0xffffffa1dfae2aa9
core   0: 0x0000000080005a38 (0x0379e933) rem     s2, s3, s7
core   0: 1 0x0000000080005a38 (0x0379e933) x18 0x0000000000000000
core   0: 0x0000000080005a3c (0xc2377953) fcvt.lu.d s2, fa4
core   0: 1 0x0000000080005a3c (0xc2377953) c1_fflags 0x0000000000000011 x18 0xffffffffffffffff
core   0: 0x0000000080005a40 (0x006dddb3) srl     s11, s11, t1
core   0: 1 0x0000000080005a40 (0x006dddb3) x27 0x0000000000000000
core   0: 0x0000000080005a44 (0x1bbdf4d3) fdiv.d  fs1, fs11, fs11
core   0: 1 0x0000000080005a44 (0x1bbdf4d3) f9  0x7ff8000000000000
core   0: 0x0000000080005a48 (0xe2018a53) fmv.x.d s4, ft3
core   0: 1 0x0000000080005a48 (0xe2018a53) x20 0xffffffff5f800000
core   0: 0x0000000080005a4c (0x039a9ab3) mulh    s5, s5, s9
core   0: 1 0x0000000080005a4c (0x039a9ab3) x21 0x0000000000000000
core   0: 0x0000000080005a50 (0x0324eabb) remw    s5, s1, s2
core   0: 1 0x0000000080005a50 (0x0324eabb) x21 0x0000000000000000
core   0: 0x0000000080005a54 (0xc211fcd3) fcvt.wu.d s9, ft3
core   0: 1 0x0000000080005a54 (0xc211fcd3) c1_fflags 0x0000000000000011 x25 0xffffffffffffffff
core   0: 0x0000000080005a58 (0x2bf20fd3) fmin.d  ft11, ft4, ft11
core   0: 1 0x0000000080005a58 (0x2bf20fd3) f31 0x41efffffffe00000
core   0: 0x0000000080005a5c (0x40840933) sub     s2, s0, s0
core   0: 1 0x0000000080005a5c (0x40840933) x18 0x0000000000000000
core   0: 0x0000000080005a60 (0xfff1ec93) ori     s9, gp, -1
core   0: 1 0x0000000080005a60 (0xfff1ec93) x25 0xffffffffffffffff
core   0: 0x0000000080005a64 (0x00000001) c.nop
core   0: 1 0x0000000080005a64 (0x0001)
core   0: 0x0000000080005a66 (0x10a41073) csrrw   zero, senvcfg, s0
core   0: 1 0x0000000080005a66 (0x10a41073) c266_senvcfg 0x0000000000000000
core   0: 0x0000000080005a6a (0x40a7053b) subw    a0, a4, a0
core   0: 1 0x0000000080005a6a (0x40a7053b) x10 0x0000000000000002
core   0: 0x0000000080005a6e (0xc0217353) fcvt.l.s t1, ft2
core   0: 1 0x0000000080005a6e (0xc0217353) c1_fflags 0x0000000000000011 x6  0x7fffffffffffffff
core   0: 0x0000000080005a72 (0x0048ed33) or      s10, a7, tp
core   0: 1 0x0000000080005a72 (0x0048ed33) x26 0xffffffa1dfae2aa9
core   0: 0x0000000080005a76 (0x029d6cb3) rem     s9, s10, s1
core   0: 1 0x0000000080005a76 (0x029d6cb3) x25 0xfffffffffffff0d1
core   0: 0x0000000080005a7a (0x03fdfed3) fadd.d  ft9, fs11, ft11
core   0: 1 0x0000000080005a7a (0x03fdfed3) f29 0x7ff8000000000000
core   0: 0x0000000080005a7e (0x5a097953) fsqrt.d fs2, fs2
core   0: 1 0x0000000080005a7e (0x5a097953) f18 0x41f0000000000000
core   0: 0x0000000080005a82 (0xaaf67ac3) fmadd.d fs5, fa2, fa5, fs5
core   0: 1 0x0000000080005a82 (0xaaf67ac3) f21 0x7ff8000000000000
core   0: 0x0000000080005a86 (0x2bef0f53) fmin.d  ft10, ft10, ft10
core   0: 1 0x0000000080005a86 (0x2bef0f53) f30 0x7ff8000000000000
core   0: 0x0000000080005a8a (0x01ad02bb) addw    t0, s10, s10
core   0: 1 0x0000000080005a8a (0x01ad02bb) x5  0xffffffffbf5c5552
core   0: 0x0000000080005a8e (0xf20688d3) fmv.d.x fa7, a3
core   0: 1 0x0000000080005a8e (0xf20688d3) f17 0x0000000000000000
core   0: 0x0000000080005a92 (0x02f692b3) mulh    t0, a3, a5
core   0: 1 0x0000000080005a92 (0x02f692b3) x5  0x0000000000000000
core   0: 0x0000000080005a96 (0x41a50d33) sub     s10, a0, s10
core   0: 1 0x0000000080005a96 (0x41a50d33) x26 0x0000005e2051d559
core   0: 0x0000000080005a9a (0x13b8f2d3) fmul.d  ft5, fa7, fs11
core   0: 1 0x0000000080005a9a (0x13b8f2d3) f5  0x7ff8000000000000
core   0: 0x0000000080005a9e (0x02bd013b) mulw    sp, s10, a1
core   0: 1 0x0000000080005a9e (0x02bd013b) x2  0xffffffffabf66efb
core   0: 0x0000000080005aa2 (0x5a0d74d3) fsqrt.d fs1, fs10
core   0: 1 0x0000000080005aa2 (0x5a0d74d3) f9  0x7ff8000000000000
core   0: 0x0000000080005aa6 (0xc20d71d3) fcvt.w.d gp, fs10
core   0: 1 0x0000000080005aa6 (0xc20d71d3) c1_fflags 0x0000000000000011 x3  0x000000007fffffff
core   0: 0x0000000080005aaa (0xc22e7bd3) fcvt.l.d s7, ft8
core   0: 1 0x0000000080005aaa (0xc22e7bd3) x23 0x000000000000001f
core   0: 0x0000000080005aae (0x03623b33) mulhu   s6, tp, s6
core   0: 1 0x0000000080005aae (0x03623b33) x22 0x0000000000000000
core   0: 0x0000000080005ab2 (0x413b8b13) addi    s6, s7, 1043
core   0: 1 0x0000000080005ab2 (0x413b8b13) x22 0x0000000000000432
core   0: 0x0000000080005ab6 (0xc21ef7d3) fcvt.wu.d a5, ft9
core   0: 1 0x0000000080005ab6 (0xc21ef7d3) c1_fflags 0x0000000000000011 x15 0xffffffffffffffff
core   0: 0x0000000080005aba (0x5a0efc53) fsqrt.d fs8, ft9
core   0: 1 0x0000000080005aba (0x5a0efc53) f24 0x7ff8000000000000
core   0: 0x0000000080005abe (0x00586633) or      a2, a6, t0
core   0: 1 0x0000000080005abe (0x00586633) x12 0x0000000000000000
core   0: 0x0000000080005ac2 (0xd032f953) fcvt.s.lu fs2, t0
core   0: 1 0x0000000080005ac2 (0xd032f953) f18 0xffffffff00000000
core   0: 0x0000000080005ac6 (0xc22dfc53) fcvt.l.d s8, fs11
core   0: 1 0x0000000080005ac6 (0xc22dfc53) c1_fflags 0x0000000000000011 x24 0x7fffffffffffffff
core   0: 0x0000000080005aca (0x01e1511b) srliw   sp, sp, 30
core   0: 1 0x0000000080005aca (0x01e1511b) x2  0x0000000000000002
core   0: 0x0000000080005ace (0xd21e0cd3) fcvt.d.wu fs9, t3
core   0: 1 0x0000000080005ace (0xd21e0cd3) f25 0x41d09bf1d1000000
core   0: 0x0000000080005ad2 (0x23c60f53) fsgnj.d ft10, fa2, ft8
core   0: 1 0x0000000080005ad2 (0x23c60f53) f30 0x7ff8000000000000
core   0: 0x0000000080005ad6 (0x03fcd993) srli    s3, s9, 63
core   0: 1 0x0000000080005ad6 (0x03fcd993) x19 0x0000000000000001
core   0: 0x0000000080005ada (0xd0227cd3) fcvt.s.l fs9, tp
core   0: 1 0x0000000080005ada (0xd0227cd3) f25 0xffffffff00000000
core   0: 0x0000000080005ade (0xc22877d3) fcvt.l.d a5, fa6
core   0: 1 0x0000000080005ade (0xc22877d3) c1_fflags 0x0000000000000011 x15 0x7fffffffffffffff
core   0: 0x0000000080005ae2 (0x400159bb) sraw    s3, sp, zero
core   0: 1 0x0000000080005ae2 (0x400159bb) x19 0x0000000000000002
core   0: 0x0000000080005ae6 (0x41305d33) sra     s10, zero, s3
core   0: 1 0x0000000080005ae6 (0x41305d33) x26 0x0000000000000000
core   0: 0x0000000080005aea (0x887c6e93) ori     t4, s8, -1913
core   0: 1 0x0000000080005aea (0x887c6e93) x29 0xffffffffffffffff
core   0: 0x0000000080005aee (0x42585193) srai    gp, a6, 37
core   0: 1 0x0000000080005aee (0x42585193) x3  0x0000000000000000
core   0: 0x0000000080005af2 (0x01e09a1b) slliw   s4, ra, 30
core   0: 1 0x0000000080005af2 (0x01e09a1b) x20 0x0000000000000000
core   0: 0x0000000080005af6 (0xe900ce13) xori    t3, ra, -368
core   0: 1 0x0000000080005af6 (0xe900ce13) x28 0xffffffff7fffbe84
core   0: 0x0000000080005afa (0x7ff7029b) addiw   t0, a4, 2047
core   0: 1 0x0000000080005afa (0x7ff7029b) x5  0x0000000000000801
core   0: 0x0000000080005afe (0x01c45d33) srl     s10, s0, t3
core   0: 1 0x0000000080005afe (0x01c45d33) x26 0x0000000000000001
core   0: 0x0000000080005b02 (0x02993ab3) mulhu   s5, s2, s1
core   0: 1 0x0000000080005b02 (0x02993ab3) x21 0x0000000000000000
core   0: 0x0000000080005b06 (0x233010d3) fsgnjn.d ft1, ft0, fs3
core   0: 1 0x0000000080005b06 (0x233010d3) f1  0x43f0000000000000
core   0: 0x0000000080005b0a (0x1dce6413) ori     s0, t3, 476
core   0: 1 0x0000000080005b0a (0x1dce6413) x8  0xffffffff7fffbfdc
core   0: 0x0000000080005b0e (0x404ad73b) sraw    a4, s5, tp
core   0: 1 0x0000000080005b0e (0x404ad73b) x14 0x0000000000000000
core   0: 0x0000000080005b12 (0x03477a3b) remuw   s4, a4, s4
core   0: 1 0x0000000080005b12 (0x03477a3b) x20 0x0000000000000000
core   0: 0x0000000080005b16 (0xd20705d3) fcvt.d.w fa1, a4
core   0: 1 0x0000000080005b16 (0xd20705d3) f11 0x0000000000000000
core   0: 0x0000000080005b1a (0xd23e7653) fcvt.d.lu fa2, t3
core   0: 1 0x0000000080005b1a (0xd23e7653) c1_fflags 0x0000000000000011 f12 0x43efffffffeffff8
core   0: 0x0000000080005b1e (0xf72d8d9b) addiw   s11, s11, -142
core   0: 1 0x0000000080005b1e (0xf72d8d9b) x27 0xffffffffffffff72
core   0: 0x0000000080005b22 (0x03d9c8bb) divw    a7, s3, t4
core   0: 1 0x0000000080005b22 (0x03d9c8bb) x17 0xfffffffffffffffe
core   0: 0x0000000080005b26 (0xa2c08253) fle.d   tp, ft1, fa2
core   0: 1 0x0000000080005b26 (0xa2c08253) x4  0x0000000000000000
core   0: 0x0000000080005b2a (0xc23b76d3) fcvt.lu.d a3, fs6
core   0: 1 0x0000000080005b2a (0xc23b76d3) x13 0x0000000000000000
core   0: 0x0000000080005b2e (0x40d98713) addi    a4, s3, 1037
core   0: 1 0x0000000080005b2e (0x40d98713) x14 0x000000000000040f
core   0: 0x0000000080005b32 (0x0019fb13) andi    s6, s3, 1
core   0: 1 0x0000000080005b32 (0x0019fb13) x22 0x0000000000000000
core   0: 0x0000000080005b36 (0x03075533) divu    a0, a4, a6
core   0: 1 0x0000000080005b36 (0x03075533) x10 0xffffffffffffffff
core   0: 0x0000000080005b3a (0x0ff0000f) fence   iorw,iorw
core   0: 1 0x0000000080005b3a (0x0ff0000f)
core   0: 0x0000000080005b3e (0x2b8e0153) fmin.d  ft2, ft8, fs8
core   0: 1 0x0000000080005b3e (0x2b8e0153) f2  0x403f000000000000
core   0: 0x0000000080005b42 (0x42c0d613) srai    a2, ra, 44
core   0: 1 0x0000000080005b42 (0x42c0d613) x12 0x0000000000000000
core   0: 0x0000000080005b46 (0x00c5ca33) xor     s4, a1, a2
core   0: 1 0x0000000080005b46 (0x00c5ca33) x20 0x00000000b0255873
core   0: 0x0000000080005b4a (0x7b063673) csrrc   a2, dcsr, a2
core   0: exception trap_illegal_instruction, epc 0x0000000080005b4a
core   0:           tval 0x000000007b063673
core   0: >>>>  $xrv64i2p1_m2p0_a2p1_f2p2_d2p2_zicsr2p0_zifencei2p0_zmmul1p0_zba1p0_zbb1p0_zbc1p0_zbs1p0
core   0: 0x0000000080004000 (0x0080006f) j       pc + 0x8
core   0: 3 0x0000000080004000 (0x0080006f)
core   0: >>>>  mmode_exception_handler
core   0: 0x0000000080004008 (0x00002c17) auipc   s8, 0x2
core   0: 3 0x0000000080004008 (0x00002c17) x24 0x0000000080006008
core   0: 0x000000008000400c (0x008c0c13) addi    s8, s8, 8
core   0: 3 0x000000008000400c (0x008c0c13) x24 0x0000000080006010
core   0: 0x0000000080004010 (0x000c00e7) jalr    s8
core   0: 3 0x0000000080004010 (0x000c00e7) x1  0x0000000080004014
core   0: >>>>  any_handler
core   0: 0x0000000080006010 (0x341027f3) csrrs   a5, mepc, zero
core   0: 3 0x0000000080006010 (0x341027f3) x15 0x0000000080005b4a
core   0: 0x0000000080006014 (0x34202773) csrrs   a4, mcause, zero
core   0: 3 0x0000000080006014 (0x34202773) x14 0x0000000000000002
core   0: 0x0000000080006018 (0x142026f3) csrrs   a3, scause, zero
core   0: 3 0x0000000080006018 (0x142026f3) x13 0x0000000000000000
core   0: 0x000000008000601c (0x30402673) csrrs   a2, mie, zero
core   0: 3 0x000000008000601c (0x30402673) x12 0x0000000000000a00
core   0: 0x0000000080006020 (0x344025f3) csrrs   a1, mip, zero
core   0: 3 0x0000000080006020 (0x344025f3) x11 0x0000000000000080
core   0: 0x0000000080006024 (0x343025f3) csrrs   a1, mtval, zero
core   0: 3 0x0000000080006024 (0x343025f3) x11 0x000000007b063673
core   0: 0x0000000080006028 (0x14302573) csrrs   a0, stval, zero
core   0: 3 0x0000000080006028 (0x14302573) x10 0x0000000000000000
core   0: 0x000000008000602c (0xb02024f3) csrrs   s1, minstret, zero
core   0: 3 0x000000008000602c (0xb02024f3) x9  0x000000000000112f
core   0: 0x0000000080006030 (0x0000a811) c.j     pc + 20
core   0: 3 0x0000000080006030 (0xa811)
core   0: >>>>  mepc_4
core   0: 0x0000000080006044 (0x00000791) c.addi  a5, 4
core   0: 3 0x0000000080006044 (0x0791) x15 0x0000000080005b4e
core   0: 0x0000000080006046 (0x34179073) csrrw   zero, mepc, a5
core   0: 3 0x0000000080006046 (0x34179073) c833_mepc 0x0000000080005b4e
core   0: 0x000000008000604a (0x30200073) mret
core   0: 3 0x000000008000604a (0x30200073) c768_mstatus 0x8000000a001c61a2
core   0: 0x0000000080005b4e (0x023874bb) remuw   s1, a6, gp
core   0: 1 0x0000000080005b4e (0x023874bb) x9  0x0000000000000000
core   0: 0x0000000080005b52 (0x40400c3b) subw    s8, zero, tp
core   0: 1 0x0000000080005b52 (0x40400c3b) x24 0x0000000000000000
core   0: 0x0000000080005b56 (0x13ec7f53) fmul.d  ft10, fs8, ft10
core   0: 1 0x0000000080005b56 (0x13ec7f53) f30 0x7ff8000000000000
core   0: 0x0000000080005b5a (0x001d1973) csrrw   s2, fflags, s10
core   0: 1 0x0000000080005b5a (0x001d1973) x18 0x0000000000000011 c1_fflags 0x0000000000000001
core   0: 0x0000000080005b5e (0x0004d49b) srliw   s1, s1, 0
core   0: 1 0x0000000080005b5e (0x0004d49b) x9  0x0000000000000000
core   0: 0x0000000080005b62 (0x0308013b) mulw    sp, a6, a6
core   0: 1 0x0000000080005b62 (0x0308013b) x2  0x0000000000000000
core   0: 0x0000000080005b66 (0xc22f7453) fcvt.l.d s0, ft10
core   0: 1 0x0000000080005b66 (0xc22f7453) c1_fflags 0x0000000000000011 x8  0x7fffffffffffffff
core   0: 0x0000000080005b6a (0x2a3e01d3) fmin.d  ft3, ft8, ft3
core   0: 1 0x0000000080005b6a (0x2a3e01d3) f3  0x403f000000000000
core   0: 0x0000000080005b6e (0x037b8db3) mul     s11, s7, s7
core   0: 1 0x0000000080005b6e (0x037b8db3) x27 0x00000000000003c1
core   0: 0x0000000080005b72 (0x00a504b3) add     s1, a0, a0
core   0: 1 0x0000000080005b72 (0x00a504b3) x9  0x0000000000000000
core   0: 0x0000000080005b76 (0xd2487c93) andi    s9, a6, -732
core   0: 1 0x0000000080005b76 (0xd2487c93) x25 0x0000000000000000
core   0: 0x0000000080005b7a (0xc2217453) fcvt.l.d s0, ft2
core   0: 1 0x0000000080005b7a (0xc2217453) x8  0x000000000000001f
core   0: 0x0000000080005b7e (0x0111f1b3) and     gp, gp, a7
core   0: 1 0x0000000080005b7e (0x0111f1b3) x3  0x0000000000000000
core   0: 0x0000000080005b82 (0x03745eb3) divu    t4, s0, s7
core   0: 1 0x0000000080005b82 (0x03745eb3) x29 0x0000000000000001
core   0: 0x0000000080005b86 (0x012112bb) sllw    t0, sp, s2
core   0: 1 0x0000000080005b86 (0x012112bb) x5  0x0000000000000000
core   0: 0x0000000080005b8a (0xade3bd17) auipc   s10, 0xade3b
core   0: 1 0x0000000080005b8a (0xade3bd17) x26 0x000000002de40b8a
core   0: 0x0000000080005b8e (0x001b4293) xori    t0, s6, 1
core   0: 1 0x0000000080005b8e (0x001b4293) x5  0x0000000000000001
core   0: 0x0000000080005b92 (0x0ff0000f) fence   iorw,iorw
core   0: 1 0x0000000080005b92 (0x0ff0000f)
core   0: 0x0000000080005b96 (0x00fc05bb) addw    a1, s8, a5
core   0: 1 0x0000000080005b96 (0x00fc05bb) x11 0xffffffff80005b4e
core   0: 0x0000000080005b9a (0xf2080fd3) fmv.d.x ft11, a6
core   0: 1 0x0000000080005b9a (0xf2080fd3) f31 0x0000000000000000
core   0: 0x0000000080005b9e (0xea3bd297) auipc   t0, 0xea3bd
core   0: 1 0x0000000080005b9e (0xea3bd297) x5  0x000000006a3c2b9e
core   0: 0x0000000080005ba2 (0xc23f76d3) fcvt.lu.d a3, ft10
core   0: 1 0x0000000080005ba2 (0xc23f76d3) c1_fflags 0x0000000000000011 x13 0xffffffffffffffff
core   0: 0x0000000080005ba6 (0xd232f3d3) fcvt.d.lu ft7, t0
core   0: 1 0x0000000080005ba6 (0xd232f3d3) f7  0x41da8f0ae7800000
core   0: 0x0000000080005baa (0xc0327cd3) fcvt.lu.s s9, ft4
core   0: 1 0x0000000080005baa (0xc0327cd3) c1_fflags 0x0000000000000011 x25 0xffffffffffffffff
core   0: 0x0000000080005bae (0xf11ff7f3) csrrci  a5, mvendorid, 31
core   0: exception trap_illegal_instruction, epc 0x0000000080005bae
core   0:           tval 0x00000000f11ff7f3
core   0: >>>>  $xrv64i2p1_m2p0_a2p1_f2p2_d2p2_zicsr2p0_zifencei2p0_zmmul1p0_zba1p0_zbb1p0_zbc1p0_zbs1p0
core   0: 0x0000000080004000 (0x0080006f) j       pc + 0x8
core   0: 3 0x0000000080004000 (0x0080006f)
core   0: >>>>  mmode_exception_handler
core   0: 0x0000000080004008 (0x00002c17) auipc   s8, 0x2
core   0: 3 0x0000000080004008 (0x00002c17) x24 0x0000000080006008
core   0: 0x000000008000400c (0x008c0c13) addi    s8, s8, 8
core   0: 3 0x000000008000400c (0x008c0c13) x24 0x0000000080006010
core   0: 0x0000000080004010 (0x000c00e7) jalr    s8
core   0: 3 0x0000000080004010 (0x000c00e7) x1  0x0000000080004014
core   0: >>>>  any_handler
core   0: 0x0000000080006010 (0x341027f3) csrrs   a5, mepc, zero
core   0: 3 0x0000000080006010 (0x341027f3) x15 0x0000000080005bae
core   0: 0x0000000080006014 (0x34202773) csrrs   a4, mcause, zero
core   0: 3 0x0000000080006014 (0x34202773) x14 0x0000000000000002
core   0: 0x0000000080006018 (0x142026f3) csrrs   a3, scause, zero
core   0: 3 0x0000000080006018 (0x142026f3) x13 0x0000000000000000
core   0: 0x000000008000601c (0x30402673) csrrs   a2, mie, zero
core   0: 3 0x000000008000601c (0x30402673) x12 0x0000000000000a00
core   0: 0x0000000080006020 (0x344025f3) csrrs   a1, mip, zero
core   0: 3 0x0000000080006020 (0x344025f3) x11 0x0000000000000080
core   0: 0x0000000080006024 (0x343025f3) csrrs   a1, mtval, zero
core   0: 3 0x0000000080006024 (0x343025f3) x11 0x00000000f11ff7f3
core   0: 0x0000000080006028 (0x14302573) csrrs   a0, stval, zero
core   0: 3 0x0000000080006028 (0x14302573) x10 0x0000000000000000
core   0: 0x000000008000602c (0xb02024f3) csrrs   s1, minstret, zero
core   0: 3 0x000000008000602c (0xb02024f3) x9  0x0000000000001157
core   0: 0x0000000080006030 (0x0000a811) c.j     pc + 20
core   0: 3 0x0000000080006030 (0xa811)
core   0: >>>>  mepc_4
core   0: 0x0000000080006044 (0x00000791) c.addi  a5, 4
core   0: 3 0x0000000080006044 (0x0791) x15 0x0000000080005bb2
core   0: 0x0000000080006046 (0x34179073) csrrw   zero, mepc, a5
core   0: 3 0x0000000080006046 (0x34179073) c833_mepc 0x0000000080005bb2
core   0: 0x000000008000604a (0x30200073) mret
core   0: 3 0x000000008000604a (0x30200073) c768_mstatus 0x8000000a001c61a2
core   0: 0x0000000080005bb2 (0x002814f3) csrrw   s1, frm, a6
core   0: 1 0x0000000080005bb2 (0x002814f3) x9  0x0000000000000000 c2_frm 0x0000000000000000
core   0: 0x0000000080005bb6 (0x7ffde393) ori     t2, s11, 2047
core   0: 1 0x0000000080005bb6 (0x7ffde393) x7  0x00000000000007ff
core   0: 0x0000000080005bba (0x0021513b) srlw    sp, sp, sp
core   0: 1 0x0000000080005bba (0x0021513b) x2  0x0000000000000000
core   0: 0x0000000080005bbe (0x0261c43b) divw    s0, gp, t1
core   0: 1 0x0000000080005bbe (0x0261c43b) x8  0x0000000000000000
core   0: 0x0000000080005bc2 (0x40800033) sub     zero, zero, s0
core   0: 1 0x0000000080005bc2 (0x40800033)
core   0: 0x0000000080005bc6 (0xae000393) li      t2, -1312
core   0: 1 0x0000000080005bc6 (0xae000393) x7  0xfffffffffffffae0
core   0: 0x0000000080005bca (0x1aed7453) fdiv.d  fs0, fs10, fa4
core   0: 1 0x0000000080005bca (0x1aed7453) f8  0x7ff8000000000000
core   0: 0x0000000080005bce (0xc06be9f3) csrrsi  s3, hpmcounter6, 23
core   0: exception trap_illegal_instruction, epc 0x0000000080005bce
core   0:           tval 0x00000000c06be9f3
core   0: >>>>  $xrv64i2p1_m2p0_a2p1_f2p2_d2p2_zicsr2p0_zifencei2p0_zmmul1p0_zba1p0_zbb1p0_zbc1p0_zbs1p0
core   0: 0x0000000080004000 (0x0080006f) j       pc + 0x8
core   0: 3 0x0000000080004000 (0x0080006f)
core   0: >>>>  mmode_exception_handler
core   0: 0x0000000080004008 (0x00002c17) auipc   s8, 0x2
core   0: 3 0x0000000080004008 (0x00002c17) x24 0x0000000080006008
core   0: 0x000000008000400c (0x008c0c13) addi    s8, s8, 8
core   0: 3 0x000000008000400c (0x008c0c13) x24 0x0000000080006010
core   0: 0x0000000080004010 (0x000c00e7) jalr    s8
core   0: 3 0x0000000080004010 (0x000c00e7) x1  0x0000000080004014
core   0: >>>>  any_handler
core   0: 0x0000000080006010 (0x341027f3) csrrs   a5, mepc, zero
core   0: 3 0x0000000080006010 (0x341027f3) x15 0x0000000080005bce
core   0: 0x0000000080006014 (0x34202773) csrrs   a4, mcause, zero
core   0: 3 0x0000000080006014 (0x34202773) x14 0x0000000000000002
core   0: 0x0000000080006018 (0x142026f3) csrrs   a3, scause, zero
core   0: 3 0x0000000080006018 (0x142026f3) x13 0x0000000000000000
core   0: 0x000000008000601c (0x30402673) csrrs   a2, mie, zero
core   0: 3 0x000000008000601c (0x30402673) x12 0x0000000000000a00
core   0: 0x0000000080006020 (0x344025f3) csrrs   a1, mip, zero
core   0: 3 0x0000000080006020 (0x344025f3) x11 0x0000000000000080
core   0: 0x0000000080006024 (0x343025f3) csrrs   a1, mtval, zero
core   0: 3 0x0000000080006024 (0x343025f3) x11 0x00000000c06be9f3
core   0: 0x0000000080006028 (0x14302573) csrrs   a0, stval, zero
core   0: 3 0x0000000080006028 (0x14302573) x10 0x0000000000000000
core   0: 0x000000008000602c (0xb02024f3) csrrs   s1, minstret, zero
core   0: 3 0x000000008000602c (0xb02024f3) x9  0x000000000000116e
core   0: 0x0000000080006030 (0x0000a811) c.j     pc + 20
core   0: 3 0x0000000080006030 (0xa811)
core   0: >>>>  mepc_4
core   0: 0x0000000080006044 (0x00000791) c.addi  a5, 4
core   0: 3 0x0000000080006044 (0x0791) x15 0x0000000080005bd2
core   0: 0x0000000080006046 (0x34179073) csrrw   zero, mepc, a5
core   0: 3 0x0000000080006046 (0x34179073) c833_mepc 0x0000000080005bd2
core   0: 0x000000008000604a (0x30200073) mret
core   0: 3 0x000000008000604a (0x30200073) c768_mstatus 0x8000000a001c61a2
core   0: 0x0000000080005bd2 (0x02f7c7b3) div     a5, a5, a5
core   0: 1 0x0000000080005bd2 (0x02f7c7b3) x15 0x0000000000000001
core   0: 0x0000000080005bd6 (0x02fd4133) div     sp, s10, a5
core   0: 1 0x0000000080005bd6 (0x02fd4133) x2  0x000000002de40b8a
core   0: 0x0000000080005bda (0xc026f0d3) fcvt.l.s ra, fa3
core   0: 1 0x0000000080005bda (0xc026f0d3) c1_fflags 0x0000000000000011 x1  0x7fffffffffffffff
core   0: 0x0000000080005bde (0x00b61eb3) sll     t4, a2, a1
core   0: 1 0x0000000080005bde (0x00b61eb3) x29 0x5000000000000000
core   0: 0x0000000080005be2 (0x0307a7b3) mulhsu  a5, a5, a6
core   0: 1 0x0000000080005be2 (0x0307a7b3) x15 0x0000000000000000
core   0: 0x0000000080005be6 (0x03670033) mul     zero, a4, s6
core   0: 1 0x0000000080005be6 (0x03670033)
core   0: 0x0000000080005bea (0xd20c8553) fcvt.d.w fa0, s9
core   0: 1 0x0000000080005bea (0xd20c8553) f10 0xbff0000000000000
core   0: 0x0000000080005bee (0xc20d7253) fcvt.w.d tp, fs10
core   0: 1 0x0000000080005bee (0xc20d7253) c1_fflags 0x0000000000000011 x4  0x000000007fffffff
core   0: 0x0000000080005bf2 (0x009879b3) and     s3, a6, s1
core   0: 1 0x0000000080005bf2 (0x009879b3) x19 0x0000000000000000
core   0: 0x0000000080005bf6 (0x8008f793) andi    a5, a7, -2048
core   0: 1 0x0000000080005bf6 (0x8008f793) x15 0xfffffffffffff800
core   0: 0x0000000080005bfa (0x0363ee33) rem     t3, t2, s6
core   0: 1 0x0000000080005bfa (0x0363ee33) x28 0xfffffffffffffae0
core   0: 0x0000000080005bfe (0xfac17643) fmadd.d fa2, ft2, fa2, ft11
core   0: 1 0x0000000080005bfe (0xfac17643) c1_fflags 0x0000000000000011 f12 0x443efffffff07ff8
core   0: 0x0000000080005c02 (0x002e10f3) csrrw   ra, frm, t3
core   0: 1 0x0000000080005c02 (0x002e10f3) x1  0x0000000000000000 c2_frm 0x0000000000000000
core   0: 0x0000000080005c06 (0x00129c33) sll     s8, t0, ra
core   0: 1 0x0000000080005c06 (0x00129c33) x24 0x000000006a3c2b9e
core   0: 0x0000000080005c0a (0x7fa0a837) lui     a6, 0x7fa0a
core   0: 1 0x0000000080005c0a (0x7fa0a837) x16 0x000000007fa0a000
core   0: 0x0000000080005c0e (0x004c58b3) srl     a7, s8, tp
core   0: 1 0x0000000080005c0e (0x004c58b3) x17 0x0000000000000000
core   0: 0x0000000080005c12 (0x43345193) srai    gp, s0, 51
core   0: 1 0x0000000080005c12 (0x43345193) x3  0x0000000000000000
core   0: 0x0000000080005c16 (0x0051d23b) srlw    tp, gp, t0
core   0: 1 0x0000000080005c16 (0x0051d23b) x4  0x0000000000000000
core   0: 0x0000000080005c1a (0x4118d8b3) sra     a7, a7, a7
core   0: 1 0x0000000080005c1a (0x4118d8b3) x17 0x0000000000000000
core   0: 0x0000000080005c1e (0x42060bd3) fcvt.d.s fs7, fa2
core   0: 1 0x0000000080005c1e (0x42060bd3) f23 0x7ff8000000000000
core   0: 0x0000000080005c22 (0xe2029553) fclass.d a0, ft5
core   0: 1 0x0000000080005c22 (0xe2029553) x10 0x0000000000000200
core   0: 0x0000000080005c26 (0x63494317) auipc   t1, 0x63494
core   0: 1 0x0000000080005c26 (0x63494317) x6  0x00000000e3499c26
core   0: 0x0000000080005c2a (0x02aaed3b) remw    s10, s5, a0
core   0: 1 0x0000000080005c2a (0x02aaed3b) x26 0x0000000000000000
core   0: 0x0000000080005c2e (0xe75d4693) xori    a3, s10, -395
core   0: 1 0x0000000080005c2e (0xe75d4693) x13 0xfffffffffffffe75
core   0: 0x0000000080005c32 (0x3974f413) andi    s0, s1, 919
core   0: 1 0x0000000080005c32 (0x3974f413) x8  0x0000000000000106
core   0: 0x0000000080005c36 (0xc0367953) fcvt.lu.s s2, fa2
core   0: 1 0x0000000080005c36 (0xc0367953) c1_fflags 0x0000000000000011 x18 0xffffffffffffffff
core   0: 0x0000000080005c3a (0x0084143b) sllw    s0, s0, s0
core   0: 1 0x0000000080005c3a (0x0084143b) x8  0x0000000000004180
core   0: 0x0000000080005c3e (0x00e26033) or      zero, tp, a4
core   0: 1 0x0000000080005c3e (0x00e26033)
core   0: 0x0000000080005c42 (0x413454bb) sraw    s1, s0, s3
core   0: 1 0x0000000080005c42 (0x413454bb) x9  0x0000000000004180
core   0: 0x0000000080005c46 (0x00705cbb) srlw    s9, zero, t2
core   0: 1 0x0000000080005c46 (0x00705cbb) x25 0x0000000000000000
core   0: 0x0000000080005c4a (0xa2cc8553) fle.d   a0, fs9, fa2
core   0: 1 0x0000000080005c4a (0xa2cc8553) c1_fflags 0x0000000000000011 x10 0x0000000000000000
core   0: 0x0000000080005c4e (0x01555313) srli    t1, a0, 21
core   0: 1 0x0000000080005c4e (0x01555313) x6  0x0000000000000000
core   0: 0x0000000080005c52 (0x23201053) fsgnjn.d ft0, ft0, fs2
core   0: 1 0x0000000080005c52 (0x23201053) f0  0x43f0000000000000
core   0: 0x0000000080005c56 (0xd22e7ad3) fcvt.d.l fs5, t3
core   0: 1 0x0000000080005c56 (0xd22e7ad3) f21 0xc094800000000000
core   0: 0x0000000080005c5a (0x03c06dbb) remw    s11, zero, t3
core   0: 1 0x0000000080005c5a (0x03c06dbb) x27 0x0000000000000000
core   0: 0x0000000080005c5e (0x000e01bb) addw    gp, t3, zero
core   0: 1 0x0000000080005c5e (0x000e01bb) x3  0xfffffffffffffae0
core   0: 0x0000000080005c62 (0x00111173) csrrw   sp, fflags, sp
core   0: 1 0x0000000080005c62 (0x00111173) x2  0x0000000000000011 c1_fflags 0x000000000000000a
core   0: 0x0000000080005c66 (0x4174d2b3) sra     t0, s1, s7
core   0: 1 0x0000000080005c66 (0x4174d2b3) x5  0x0000000000000000
core   0: 0x0000000080005c6a (0x0011919b) slliw   gp, gp, 1
core   0: 1 0x0000000080005c6a (0x0011919b) x3  0xfffffffffffff5c0
core   0: 0x0000000080005c6e (0x4016529b) sraiw   t0, a2, 1
core   0: 1 0x0000000080005c6e (0x4016529b) x5  0x0000000000000500
core   0: 0x0000000080005c72 (0x406cd73b) sraw    a4, s9, t1
core   0: 1 0x0000000080005c72 (0x406cd73b) x14 0x0000000000000000
core   0: 0x0000000080005c76 (0x03834bbb) divw    s7, t1, s8
core   0: 1 0x0000000080005c76 (0x03834bbb) x23 0x0000000000000000
core   0: 0x0000000080005c7a (0x22aa99d3) fsgnjn.d fs3, fs5, fa0
core   0: 1 0x0000000080005c7a (0x22aa99d3) f19 0x4094800000000000
core   0: 0x0000000080005c7e (0xd21087d3) fcvt.d.wu fa5, ra
core   0: 1 0x0000000080005c7e (0xd21087d3) f15 0x0000000000000000
core   0: 0x0000000080005c82 (0x418bdc13) srai    s8, s7, 24
core   0: 1 0x0000000080005c82 (0x418bdc13) x24 0x0000000000000000
core   0: 0x0000000080005c86 (0x343f60f3) csrrsi  ra, mtval, 30
core   0: exception trap_illegal_instruction, epc 0x0000000080005c86
core   0:           tval 0x00000000343f60f3
core   0: >>>>  $xrv64i2p1_m2p0_a2p1_f2p2_d2p2_zicsr2p0_zifencei2p0_zmmul1p0_zba1p0_zbb1p0_zbc1p0_zbs1p0
core   0: 0x0000000080004000 (0x0080006f) j       pc + 0x8
core   0: 3 0x0000000080004000 (0x0080006f)
core   0: >>>>  mmode_exception_handler
core   0: 0x0000000080004008 (0x00002c17) auipc   s8, 0x2
core   0: 3 0x0000000080004008 (0x00002c17) x24 0x0000000080006008
core   0: 0x000000008000400c (0x008c0c13) addi    s8, s8, 8
core   0: 3 0x000000008000400c (0x008c0c13) x24 0x0000000080006010
core   0: 0x0000000080004010 (0x000c00e7) jalr    s8
core   0: 3 0x0000000080004010 (0x000c00e7) x1  0x0000000080004014
core   0: >>>>  any_handler
core   0: 0x0000000080006010 (0x341027f3) csrrs   a5, mepc, zero
core   0: 3 0x0000000080006010 (0x341027f3) x15 0x0000000080005c86
core   0: 0x0000000080006014 (0x34202773) csrrs   a4, mcause, zero
core   0: 3 0x0000000080006014 (0x34202773) x14 0x0000000000000002
core   0: 0x0000000080006018 (0x142026f3) csrrs   a3, scause, zero
core   0: 3 0x0000000080006018 (0x142026f3) x13 0x0000000000000000
core   0: 0x000000008000601c (0x30402673) csrrs   a2, mie, zero
core   0: 3 0x000000008000601c (0x30402673) x12 0x0000000000000a00
core   0: 0x0000000080006020 (0x344025f3) csrrs   a1, mip, zero
core   0: 3 0x0000000080006020 (0x344025f3) x11 0x0000000000000080
core   0: 0x0000000080006024 (0x343025f3) csrrs   a1, mtval, zero
core   0: 3 0x0000000080006024 (0x343025f3) x11 0x00000000343f60f3
core   0: 0x0000000080006028 (0x14302573) csrrs   a0, stval, zero
core   0: 3 0x0000000080006028 (0x14302573) x10 0x0000000000000000
core   0: 0x000000008000602c (0xb02024f3) csrrs   s1, minstret, zero
core   0: 3 0x000000008000602c (0xb02024f3) x9  0x00000000000011ab
core   0: 0x0000000080006030 (0x0000a811) c.j     pc + 20
core   0: 3 0x0000000080006030 (0xa811)
core   0: >>>>  mepc_4
core   0: 0x0000000080006044 (0x00000791) c.addi  a5, 4
core   0: 3 0x0000000080006044 (0x0791) x15 0x0000000080005c8a
core   0: 0x0000000080006046 (0x34179073) csrrw   zero, mepc, a5
core   0: 3 0x0000000080006046 (0x34179073) c833_mepc 0x0000000080005c8a
core   0: 0x000000008000604a (0x30200073) mret
core   0: 3 0x000000008000604a (0x30200073) c768_mstatus 0x8000000a001c61a2
core   0: 0x0000000080005c8a (0x0089541b) srliw   s0, s2, 8
core   0: 1 0x0000000080005c8a (0x0089541b) x8  0x0000000000ffffff
core   0: 0x0000000080005c8e (0x015785bb) addw    a1, a5, s5
core   0: 1 0x0000000080005c8e (0x015785bb) x11 0xffffffff80005c8a
core   0: 0x0000000080005c92 (0x0b7b7453) fsub.d  fs0, fs6, fs7
core   0: 1 0x0000000080005c92 (0x0b7b7453) f8  0x7ff8000000000000
core   0: 0x0000000080005c96 (0x00202df3) csrrs   s11, frm, zero
core   0: 1 0x0000000080005c96 (0x00202df3) x27 0x0000000000000000
core   0: 0x0000000080005c9a (0x2b710153) fmin.d  ft2, ft2, fs7
core   0: 1 0x0000000080005c9a (0x2b710153) f2  0x403f000000000000
core   0: 0x0000000080005c9e (0x40965213) srai    tp, a2, 9
core   0: 1 0x0000000080005c9e (0x40965213) x4  0x0000000000000005
core   0: 0x0000000080005ca2 (0xc203f753) fcvt.w.d a4, ft7
core   0: 1 0x0000000080005ca2 (0xc203f753) x14 0x000000006a3c2b9e
core   0: 0x0000000080005ca6 (0xc2107653) fcvt.wu.d a2, ft0
core   0: 1 0x0000000080005ca6 (0xc2107653) c1_fflags 0x000000000000001a x12 0xffffffffffffffff
core   0: 0x0000000080005caa (0x007666b3) or      a3, a2, t2
core   0: 1 0x0000000080005caa (0x007666b3) x13 0xffffffffffffffff
core   0: 0x0000000080005cae (0xc2017053) fcvt.w.d zero, ft2
core   0: 1 0x0000000080005cae (0xc2017053)
core   0: 0x0000000080005cb2 (0x02f11693) slli    a3, sp, 47
core   0: 1 0x0000000080005cb2 (0x02f11693) x13 0x0008800000000000
core   0: 0x0000000080005cb6 (0xd221f4d3) fcvt.d.l fs1, gp
core   0: 1 0x0000000080005cb6 (0xd221f4d3) f9  0xc0a4800000000000
core   0: 0x0000000080005cba (0xd2357653) fcvt.d.lu fa2, a0
core   0: 1 0x0000000080005cba (0xd2357653) f12 0x0000000000000000
core   0: 0x0000000080005cbe (0x22416137) lui     sp, 0x22416
core   0: 1 0x0000000080005cbe (0x22416137) x2  0x0000000022416000
core   0: 0x0000000080005cc2 (0x00d6adb3) slt     s11, a3, a3
core   0: 1 0x0000000080005cc2 (0x00d6adb3) x27 0x0000000000000000
core   0: 0x0000000080005cc6 (0x02290abb) mulw    s5, s2, sp
core   0: 1 0x0000000080005cc6 (0x02290abb) x21 0xffffffffddbea000
core   0: 0x0000000080005cca (0x03ce5b3b) divuw   s6, t3, t3
core   0: 1 0x0000000080005cca (0x03ce5b3b) x22 0x0000000000000001
core   0: 0x0000000080005cce (0x00102d73) csrrs   s10, fflags, zero
core   0: 1 0x0000000080005cce (0x00102d73) x26 0x000000000000001a
core   0: 0x0000000080005cd2 (0x00009fad) c.addw  a5, a1
core   0: 1 0x0000000080005cd2 (0x9fad) x15 0x000000000000b914
core   0: 0x0000000080005cd4 (0xd02a7ed3) fcvt.s.l ft9, s4
core   0: 1 0x0000000080005cd4 (0xd02a7ed3) c1_fflags 0x000000000000001b f29 0xffffffff4f302558
core   0: 0x0000000080005cd8 (0x41385e93) srai    t4, a6, 19
core   0: 1 0x0000000080005cd8 (0x41385e93) x29 0x0000000000000ff4
core   0: 0x0000000080005cdc (0x0013d59b) srliw   a1, t2, 1
core   0: 1 0x0000000080005cdc (0x0013d59b) x11 0x000000007ffffd70
core   0: 0x0000000080005ce0 (0x025db2b3) mulhu   t0, s11, t0
core   0: 1 0x0000000080005ce0 (0x025db2b3) x5  0x0000000000000000
core   0: 0x0000000080005ce4 (0x02b173bb) remuw   t2, sp, a1
core   0: 1 0x0000000080005ce4 (0x02b173bb) x7  0x0000000022416000
core   0: 0x0000000080005ce8 (0xd2118753) fcvt.d.wu fa4, gp
core   0: 1 0x0000000080005ce8 (0xd2118753) f14 0x41effffeb8000000
core   0: 0x0000000080005cec (0x2aab8a53) fmin.d  fs4, fs7, fa0
core   0: 1 0x0000000080005cec (0x2aab8a53) f20 0xbff0000000000000
core   0: 0x0000000080005cf0 (0xffde4eb7) lui     t4, 0xffde4
core   0: 1 0x0000000080005cf0 (0xffde4eb7) x29 0xffffffffffde4000
core   0: 0x0000000080005cf4 (0x0d5e8e9b) addiw   t4, t4, 213
core   0: 1 0x0000000080005cf4 (0x0d5e8e9b) x29 0xffffffffffde40d5
core   0: 0x0000000080005cf8 (0x00000ebe) c.slli  t4, 15
core   0: 1 0x0000000080005cf8 (0x0ebe) x29 0xffffffef206a8000
core   0: 0x0000000080005cfa (0x65fe8e93) addi    t4, t4, 1631
core   0: 1 0x0000000080005cfa (0x65fe8e93) x29 0xffffffef206a865f
core   0: 0x0000000080005cfe (0xfba6f7cb) fnmsub.d fa5, fa3, fs10, ft11
core   0: 1 0x0000000080005cfe (0xfba6f7cb) f15 0x7ff8000000000000
core   0: 0x0000000080005d02 (0x0175dcb3) srl     s9, a1, s7
core   0: 1 0x0000000080005d02 (0x0175dcb3) x25 0x000000007ffffd70
core   0: 0x0000000080005d06 (0x0192d83b) srlw    a6, t0, s9
core   0: 1 0x0000000080005d06 (0x0192d83b) x16 0x0000000000000000
core   0: 0x0000000080005d0a (0xc03376d3) fcvt.lu.s a3, ft6
core   0: 1 0x0000000080005d0a (0xc03376d3) x13 0x000000000000001f
core   0: 0x0000000080005d0e (0x03768a3b) mulw    s4, a3, s7
core   0: 1 0x0000000080005d0e (0x03768a3b) x20 0x0000000000000000
core   0: 0x0000000080005d12 (0x13def553) fmul.d  fa0, ft9, ft9
core   0: 1 0x0000000080005d12 (0x13def553) f10 0x7ff8000000000000
core   0: 0x0000000080005d16 (0xc23ffa53) fcvt.lu.d s4, ft11
core   0: 1 0x0000000080005d16 (0xc23ffa53) x20 0x0000000000000000
core   0: 0x0000000080005d1a (0x000e4a13) xori    s4, t3, 0
core   0: 1 0x0000000080005d1a (0x000e4a13) x20 0xfffffffffffffae0
core   0: 0x0000000080005d1e (0x001606bb) addw    a3, a2, ra
core   0: 1 0x0000000080005d1e (0x001606bb) x13 0xffffffff80004013
core   0: 0x0000000080005d22 (0x5a07f0d3) fsqrt.d ft1, fa5
core   0: 1 0x0000000080005d22 (0x5a07f0d3) f1  0x7ff8000000000000
core   0: 0x0000000080005d26 (0x40cc813b) subw    sp, s9, a2
core   0: 1 0x0000000080005d26 (0x40cc813b) x2  0x000000007ffffd71
core   0: 0x0000000080005d2a (0x41e05d9b) sraiw   s11, zero, 30
core   0: 1 0x0000000080005d2a (0x41e05d9b) x27 0x0000000000000000
core   0: 0x0000000080005d2e (0x02c1433b) divw    t1, sp, a2
core   0: 1 0x0000000080005d2e (0x02c1433b) x6  0xffffffff8000028f
core   0: 0x0000000080005d32 (0x4093569b) sraiw   a3, t1, 9
core   0: 1 0x0000000080005d32 (0x4093569b) x13 0xffffffffffc00001
core   0: 0x0000000080005d36 (0xd036f1d3) fcvt.s.lu ft3, a3
core   0: 1 0x0000000080005d36 (0xd036f1d3) c1_fflags 0x000000000000001b f3  0xffffffff5f800000
core   0: 0x0000000080005d3a (0x015a5a3b) srlw    s4, s4, s5
core   0: 1 0x0000000080005d3a (0x015a5a3b) x20 0xfffffffffffffae0
core   0: 0x0000000080005d3e (0x12d176d3) fmul.d  fa3, ft2, fa3
core   0: 1 0x0000000080005d3e (0x12d176d3) f13 0x0000000000000000
core   0: 0x0000000080005d42 (0xc23f7353) fcvt.lu.d t1, ft10
core   0: 1 0x0000000080005d42 (0xc23f7353) c1_fflags 0x000000000000001b x6  0xffffffffffffffff
core   0: 0x0000000080005d46 (0x0aec7e53) fsub.d  ft8, fs8, fa4
core   0: 1 0x0000000080005d46 (0x0aec7e53) f28 0x7ff8000000000000
core   0: 0x0000000080005d4a (0x414a56bb) sraw    a3, s4, s4
core   0: 1 0x0000000080005d4a (0x414a56bb) x13 0xfffffffffffffae0
core   0: 0x0000000080005d4e (0xc22afe53) fcvt.l.d t3, fs5
core   0: 1 0x0000000080005d4e (0xc22afe53) x28 0xfffffffffffffae0
core   0: 0x0000000080005d52 (0x5ae775c3) fmadd.d fa1, fa4, fa4, fa1
core   0: 1 0x0000000080005d52 (0x5ae775c3) f11 0x43effffd70000d22
core   0: 0x0000000080005d56 (0x41c7d33b) sraw    t1, a5, t3
core   0: 1 0x0000000080005d56 (0x41c7d33b) x6  0x000000000000b914
core   0: 0x0000000080005d5a (0x01d39b9b) slliw   s7, t2, 29
core   0: 1 0x0000000080005d5a (0x01d39b9b) x23 0x0000000000000000
core   0: 0x0000000080005d5e (0x01cbfab3) and     s5, s7, t3
core   0: 1 0x0000000080005d5e (0x01cbfab3) x21 0x0000000000000000
core   0: 0x0000000080005d62 (0xd038fbd3) fcvt.s.lu fs7, a7
core   0: 1 0x0000000080005d62 (0xd038fbd3) f23 0xffffffff00000000
core   0: 0x0000000080005d66 (0x00331733) sll     a4, t1, gp
core   0: 1 0x0000000080005d66 (0x00331733) x14 0x000000000000b914
core   0: 0x0000000080005d6a (0x02e60ebb) mulw    t4, a2, a4
core   0: 1 0x0000000080005d6a (0x02e60ebb) x29 0xffffffffffff46ec
core   0: 0x0000000080005d6e (0x03de41b3) div     gp, t3, t4
core   0: 1 0x0000000080005d6e (0x03de41b3) x3  0x0000000000000000
core   0: 0x0000000080005d72 (0x400a5413) srai    s0, s4, 0
core   0: 1 0x0000000080005d72 (0x400a5413) x8  0xfffffffffffffae0
core   0: 0x0000000080005d76 (0x9aaafacb) fnmsub.d fs5, fs5, fa0, fs3
core   0: 1 0x0000000080005d76 (0x9aaafacb) f21 0x7ff8000000000000
core   0: 0x0000000080005d7a (0x41fe529b) sraiw   t0, t3, 31
core   0: 1 0x0000000080005d7a (0x41fe529b) x5  0xffffffffffffffff
core   0: 0x0000000080005d7e (0x2a4e98d3) fmax.d  fa7, ft9, ft4
core   0: 1 0x0000000080005d7e (0x2a4e98d3) f17 0x41efffffffe00000
core   0: 0x0000000080005d82 (0x231d8353) fsgnj.d ft6, fs11, fa7
core   0: 1 0x0000000080005d82 (0x231d8353) f6  0x7ff8000000000000
core   0: 0x0000000080005d86 (0x000b5593) srli    a1, s6, 0
core   0: 1 0x0000000080005d86 (0x000b5593) x11 0x0000000000000001
core   0: 0x0000000080005d8a (0x80018193) addi    gp, gp, -2048
core   0: 1 0x0000000080005d8a (0x80018193) x3  0xfffffffffffff800
core   0: 0x0000000080005d8e (0xaaf28293) addi    t0, t0, -1361
core   0: 1 0x0000000080005d8e (0xaaf28293) x5  0xfffffffffffffaae
core   0: 0x0000000080005d92 (0x00e29693) slli    a3, t0, 14
core   0: 1 0x0000000080005d92 (0x00e29693) x13 0xfffffffffeab8000
core   0: 0x0000000080005d96 (0x02d7cc33) div     s8, a5, a3
core   0: 1 0x0000000080005d96 (0x02d7cc33) x24 0x0000000000000000
core   0: 0x0000000080005d9a (0x320ce1b7) lui     gp, 0x320ce
core   0: 1 0x0000000080005d9a (0x320ce1b7) x3  0x00000000320ce000
core   0: 0x0000000080005d9e (0xa3e205d3) fle.d   a1, ft4, ft10
core   0: 1 0x0000000080005d9e (0xa3e205d3) c1_fflags 0x000000000000001b x11 0x0000000000000000
core   0: 0x0000000080005da2 (0x01475433) srl     s0, a4, s4
core   0: 1 0x0000000080005da2 (0x01475433) x8  0x0000000000000000
core   0: 0x0000000080005da6 (0x237f9253) fsgnjn.d ft4, ft11, fs7
core   0: 1 0x0000000080005da6 (0x237f9253) f4  0x0000000000000000
core   0: 0x0000000080005daa (0x40f257bb) sraw    a5, tp, a5
core   0: 1 0x0000000080005daa (0x40f257bb) x15 0x0000000000000000
core   0: 0x0000000080005dae (0x40fd5d33) sra     s10, s10, a5
core   0: 1 0x0000000080005dae (0x40fd5d33) x26 0x000000000000001a
core   0: 0x0000000080005db2 (0x4008d8b3) sra     a7, a7, zero
core   0: 1 0x0000000080005db2 (0x4008d8b3) x17 0x0000000000000000
core   0: 0x0000000080005db6 (0x5fad5917) auipc   s2, 0x5fad5
core   0: 1 0x0000000080005db6 (0x5fad5917) x18 0x00000000dfadadb6
core   0: 0x0000000080005dba (0x22010dd3) fsgnj.d fs11, ft2, ft0
core   0: 1 0x0000000080005dba (0x22010dd3) f27 0x403f000000000000
core   0: 0x0000000080005dbe (0x0a847ed3) fsub.d  ft9, fs0, fs0
core   0: 1 0x0000000080005dbe (0x0a847ed3) f29 0x7ff8000000000000
core   0: 0x0000000080005dc2 (0x7ff5051b) addiw   a0, a0, 2047
core   0: 1 0x0000000080005dc2 (0x7ff5051b) x10 0x00000000000007ff
core   0: 0x0000000080005dc6 (0x01a52b33) slt     s6, a0, s10
core   0: 1 0x0000000080005dc6 (0x01a52b33) x22 0x0000000000000000
core   0: 0x0000000080005dca (0x022977b3) remu    a5, s2, sp
core   0: 1 0x0000000080005dca (0x022977b3) x15 0x000000005fadb045
core   0: 0x0000000080005dce (0x00000001) c.nop
core   0: 1 0x0000000080005dce (0x0001)
core   0: 0x0000000080005dd0 (0x41cb00b3) sub     ra, s6, t3
core   0: 1 0x0000000080005dd0 (0x41cb00b3) x1  0x0000000000000520
core   0: 0x0000000080005dd4 (0x0017db1b) srliw   s6, a5, 1
core   0: 1 0x0000000080005dd4 (0x0017db1b) x22 0x000000002fd6d822
core   0: 0x0000000080005dd8 (0x00000001) c.nop
core   0: 1 0x0000000080005dd8 (0x0001)
core   0: 0x0000000080005dda (0x001d4313) xori    t1, s10, 1
core   0: 1 0x0000000080005dda (0x001d4313) x6  0x000000000000001b
core   0: 0x0000000080005dde (0x016d5a3b) srlw    s4, s10, s6
core   0: 1 0x0000000080005dde (0x016d5a3b) x20 0x0000000000000006
core   0: 0x0000000080005de2 (0x006d5d3b) srlw    s10, s10, t1
core   0: 1 0x0000000080005de2 (0x006d5d3b) x26 0x0000000000000000
core   0: 0x0000000080005de6 (0xd20408d3) fcvt.d.w fa7, s0
core   0: 1 0x0000000080005de6 (0xd20408d3) f17 0x0000000000000000
core   0: 0x0000000080005dea (0xa2990e53) fle.d   t3, fs2, fs1
core   0: 1 0x0000000080005dea (0xa2990e53) c1_fflags 0x000000000000001b x28 0x0000000000000000
core   0: 0x0000000080005dee (0x03a9eeb3) rem     t4, s3, s10
core   0: 1 0x0000000080005dee (0x03a9eeb3) x29 0x0000000000000000
core   0: 0x0000000080005df2 (0x420502d3) fcvt.d.s ft5, fa0
core   0: 1 0x0000000080005df2 (0x420502d3) f5  0x7ff8000000000000
core   0: 0x0000000080005df6 (0x0227ccbb) divw    s9, a5, sp
core   0: 1 0x0000000080005df6 (0x0227ccbb) x25 0x0000000000000000
core   0: 0x0000000080005dfa (0x5a03f4d3) fsqrt.d fs1, ft7
core   0: 1 0x0000000080005dfa (0x5a03f4d3) c1_fflags 0x000000000000001b f9  0x40e49d34230f39ff
core   0: 0x0000000080005dfe (0x40a15a9b) sraiw   s5, sp, 10
core   0: 1 0x0000000080005dfe (0x40a15a9b) x21 0x00000000001fffff
core   0: 0x0000000080005e02 (0x0092929b) slliw   t0, t0, 9
core   0: 1 0x0000000080005e02 (0x0092929b) x5  0xfffffffffff55c00
core   0: 0x0000000080005e06 (0x9932079b) addiw   a5, tp, -1645
core   0: 1 0x0000000080005e06 (0x9932079b) x15 0xfffffffffffff998
core   0: 0x0000000080005e0a (0x00d2d31b) srliw   t1, t0, 13
core   0: 1 0x0000000080005e0a (0x00d2d31b) x6  0x000000000007ffaa
core   0: 0x0000000080005e0e (0xd23cfe53) fcvt.d.lu ft8, s9
core   0: 1 0x0000000080005e0e (0xd23cfe53) f28 0x0000000000000000
core   0: 0x0000000080005e12 (0xda8ffbc3) fmadd.d fs7, ft11, fs0, fs11
core   0: 1 0x0000000080005e12 (0xda8ffbc3) f23 0x7ff8000000000000
core   0: 0x0000000080005e16 (0x0ff0000f) fence   iorw,iorw
core   0: 1 0x0000000080005e16 (0x0ff0000f)
core   0: 0x0000000080005e1a (0x03ce0d33) mul     s10, t3, t3
core   0: 1 0x0000000080005e1a (0x03ce0d33) x26 0x0000000000000000
core   0: 0x0000000080005e1e (0x0014f993) andi    s3, s1, 1
core   0: 1 0x0000000080005e1e (0x0014f993) x19 0x0000000000000001
core   0: 0x0000000080005e22 (0x02ee6c33) rem     s8, t3, a4
core   0: 1 0x0000000080005e22 (0x02ee6c33) x24 0x0000000000000000
core   0: 0x0000000080005e26 (0x00948bb3) add     s7, s1, s1
core   0: 1 0x0000000080005e26 (0x00948bb3) x23 0x0000000000002356
core   0: 0x0000000080005e2a (0x00ea4033) xor     zero, s4, a4
core   0: 1 0x0000000080005e2a (0x00ea4033)
core   0: 0x0000000080005e2e (0x12e77753) fmul.d  fa4, fa4, fa4
core   0: 1 0x0000000080005e2e (0x12e77753) f14 0x43effffd70000d22
core   0: 0x0000000080005e32 (0xd029fa53) fcvt.s.l fs4, s3
core   0: 1 0x0000000080005e32 (0xd029fa53) f20 0xffffffff3f800000
core   0: 0x0000000080005e36 (0xfafda2b7) lui     t0, 0xfafda
core   0: 1 0x0000000080005e36 (0xfafda2b7) x5  0xfffffffffafda000
core   0: 0x0000000080005e3a (0x23458f53) fsgnj.d ft10, fa1, fs4
core   0: 1 0x0000000080005e3a (0x23458f53) f30 0xc3effffd70000d22
core   0: 0x0000000080005e3e (0x4021043b) subw    s0, sp, sp
core   0: 1 0x0000000080005e3e (0x4021043b) x8  0x0000000000000000
core   0: 0x0000000080005e42 (0x012b0b3b) addw    s6, s6, s2
core   0: 1 0x0000000080005e42 (0x012b0b3b) x22 0x000000000f8485d8
core   0: 0x0000000080005e46 (0x02a22033) mulhsu  zero, tp, a0
core   0: 1 0x0000000080005e46 (0x02a22033)
core   0: 0x0000000080005e4a (0x036b6a3b) remw    s4, s6, s6
core   0: 1 0x0000000080005e4a (0x036b6a3b) x20 0x0000000000000000
core   0: 0x0000000080005e4e (0x42365393) srai    t2, a2, 35
core   0: 1 0x0000000080005e4e (0x42365393) x7  0xffffffffffffffff
core   0: 0x0000000080005e52 (0x00ca079b) addiw   a5, s4, 12
core   0: 1 0x0000000080005e52 (0x00ca079b) x15 0x000000000000000c
core   0: 0x0000000080005e56 (0xf11b9773) csrrw   a4, mvendorid, s7
core   0: exception trap_illegal_instruction, epc 0x0000000080005e56
core   0:           tval 0x00000000f11b9773
core   0: >>>>  $xrv64i2p1_m2p0_a2p1_f2p2_d2p2_zicsr2p0_zifencei2p0_zmmul1p0_zba1p0_zbb1p0_zbc1p0_zbs1p0
core   0: 0x0000000080004000 (0x0080006f) j       pc + 0x8
core   0: 3 0x0000000080004000 (0x0080006f)
core   0: >>>>  mmode_exception_handler
core   0: 0x0000000080004008 (0x00002c17) auipc   s8, 0x2
core   0: 3 0x0000000080004008 (0x00002c17) x24 0x0000000080006008
core   0: 0x000000008000400c (0x008c0c13) addi    s8, s8, 8
core   0: 3 0x000000008000400c (0x008c0c13) x24 0x0000000080006010
core   0: 0x0000000080004010 (0x000c00e7) jalr    s8
core   0: 3 0x0000000080004010 (0x000c00e7) x1  0x0000000080004014
core   0: >>>>  any_handler
core   0: 0x0000000080006010 (0x341027f3) csrrs   a5, mepc, zero
core   0: 3 0x0000000080006010 (0x341027f3) x15 0x0000000080005e56
core   0: 0x0000000080006014 (0x34202773) csrrs   a4, mcause, zero
core   0: 3 0x0000000080006014 (0x34202773) x14 0x0000000000000002
core   0: 0x0000000080006018 (0x142026f3) csrrs   a3, scause, zero
core   0: 3 0x0000000080006018 (0x142026f3) x13 0x0000000000000000
core   0: 0x000000008000601c (0x30402673) csrrs   a2, mie, zero
core   0: 3 0x000000008000601c (0x30402673) x12 0x0000000000000a00
core   0: 0x0000000080006020 (0x344025f3) csrrs   a1, mip, zero
core   0: 3 0x0000000080006020 (0x344025f3) x11 0x0000000000000080
core   0: 0x0000000080006024 (0x343025f3) csrrs   a1, mtval, zero
core   0: 3 0x0000000080006024 (0x343025f3) x11 0x00000000f11b9773
core   0: 0x0000000080006028 (0x14302573) csrrs   a0, stval, zero
core   0: 3 0x0000000080006028 (0x14302573) x10 0x0000000000000000
core   0: 0x000000008000602c (0xb02024f3) csrrs   s1, minstret, zero
core   0: 3 0x000000008000602c (0xb02024f3) x9  0x0000000000001230
core   0: 0x0000000080006030 (0x0000a811) c.j     pc + 20
core   0: 3 0x0000000080006030 (0xa811)
core   0: >>>>  mepc_4
core   0: 0x0000000080006044 (0x00000791) c.addi  a5, 4
core   0: 3 0x0000000080006044 (0x0791) x15 0x0000000080005e5a
core   0: 0x0000000080006046 (0x34179073) csrrw   zero, mepc, a5
core   0: 3 0x0000000080006046 (0x34179073) c833_mepc 0x0000000080005e5a
core   0: 0x000000008000604a (0x30200073) mret
core   0: 3 0x000000008000604a (0x30200073) c768_mstatus 0x8000000a001c61a2
core   0: 0x0000000080005e5a (0xb48d879b) addiw   a5, s11, -1208
core   0: 1 0x0000000080005e5a (0xb48d879b) x15 0xfffffffffffffb48
core   0: 0x0000000080005e5e (0x0094c2b3) xor     t0, s1, s1
core   0: 1 0x0000000080005e5e (0x0094c2b3) x5  0x0000000000000000
core   0: 0x0000000080005e62 (0x010cfb33) and     s6, s9, a6
core   0: 1 0x0000000080005e62 (0x010cfb33) x22 0x0000000000000000
core   0: 0x0000000080005e66 (0x027b423b) divw    tp, s6, t2
core   0: 1 0x0000000080005e66 (0x027b423b) x4  0x0000000000000000
core   0: 0x0000000080005e6a (0x002024f3) csrrs   s1, frm, zero
core   0: 1 0x0000000080005e6a (0x002024f3) x9  0x0000000000000000
core   0: 0x0000000080005e6e (0x9cdb0c9b) addiw   s9, s6, -1587
core   0: 1 0x0000000080005e6e (0x9cdb0c9b) x25 0xfffffffffffff9cd
core   0: 0x0000000080005e72 (0x4094813b) subw    sp, s1, s1
core   0: 1 0x0000000080005e72 (0x4094813b) x2  0x0000000000000000
core   0: 0x0000000080005e76 (0x0397d7bb) divuw   a5, a5, s9
core   0: 1 0x0000000080005e76 (0x0397d7bb) x15 0x0000000000000001
core   0: 0x0000000080005e7a (0x0a4cfe53) fsub.d  ft8, fs9, ft4
core   0: 1 0x0000000080005e7a (0x0a4cfe53) f28 0x7ff8000000000000
core   0: 0x0000000080005e7e (0x40595c1b) sraiw   s8, s2, 5
core   0: 1 0x0000000080005e7e (0x40595c1b) x24 0xfffffffffefd6d6d
core   0: 0x0000000080005e82 (0x01fd1d1b) slliw   s10, s10, 31
core   0: 1 0x0000000080005e82 (0x01fd1d1b) x26 0x0000000000000000
core   0: 0x0000000080005e86 (0x0146003b) addw    zero, a2, s4
core   0: 1 0x0000000080005e86 (0x0146003b)
core   0: 0x0000000080005e8a (0x419c8b33) sub     s6, s9, s9
core   0: 1 0x0000000080005e8a (0x419c8b33) x22 0x0000000000000000
core   0: 0x0000000080005e8e (0x001b1e33) sll     t3, s6, ra
core   0: 1 0x0000000080005e8e (0x001b1e33) x28 0x0000000000000000
core   0: 0x0000000080005e92 (0x010a9c3b) sllw    s8, s5, a6
core   0: 1 0x0000000080005e92 (0x010a9c3b) x24 0x00000000001fffff
core   0: 0x0000000080005e96 (0xd21d8053) fcvt.d.wu ft0, s11
core   0: 1 0x0000000080005e96 (0xd21d8053) f0  0x0000000000000000
core   0: 0x0000000080005e9a (0xa2c58e53) fle.d   t3, fa1, fa2
core   0: 1 0x0000000080005e9a (0xa2c58e53) x28 0x0000000000000000
core   0: 0x0000000080005e9e (0x0b10f7cf) fnmadd.d fa5, ft1, fa7, ft1
core   0: 1 0x0000000080005e9e (0x0b10f7cf) f15 0x7ff8000000000000
core   0: 0x0000000080005ea2 (0x00be7833) and     a6, t3, a1
core   0: 1 0x0000000080005ea2 (0x00be7833) x16 0x0000000000000000
core   0: 0x0000000080005ea6 (0xe7207193) andi    gp, zero, -398
core   0: 1 0x0000000080005ea6 (0xe7207193) x3  0x0000000000000000
core   0: 0x0000000080005eaa (0xf136daf3) csrrwi  s5, mimpid, 13
core   0: exception trap_illegal_instruction, epc 0x0000000080005eaa
core   0:           tval 0x00000000f136daf3
core   0: >>>>  $xrv64i2p1_m2p0_a2p1_f2p2_d2p2_zicsr2p0_zifencei2p0_zmmul1p0_zba1p0_zbb1p0_zbc1p0_zbs1p0
core   0: 0x0000000080004000 (0x0080006f) j       pc + 0x8
core   0: 3 0x0000000080004000 (0x0080006f)
core   0: >>>>  mmode_exception_handler
core   0: 0x0000000080004008 (0x00002c17) auipc   s8, 0x2
core   0: 3 0x0000000080004008 (0x00002c17) x24 0x0000000080006008
core   0: 0x000000008000400c (0x008c0c13) addi    s8, s8, 8
core   0: 3 0x000000008000400c (0x008c0c13) x24 0x0000000080006010
core   0: 0x0000000080004010 (0x000c00e7) jalr    s8
core   0: 3 0x0000000080004010 (0x000c00e7) x1  0x0000000080004014
core   0: >>>>  any_handler
core   0: 0x0000000080006010 (0x341027f3) csrrs   a5, mepc, zero
core   0: 3 0x0000000080006010 (0x341027f3) x15 0x0000000080005eaa
core   0: 0x0000000080006014 (0x34202773) csrrs   a4, mcause, zero
core   0: 3 0x0000000080006014 (0x34202773) x14 0x0000000000000002
core   0: 0x0000000080006018 (0x142026f3) csrrs   a3, scause, zero
core   0: 3 0x0000000080006018 (0x142026f3) x13 0x0000000000000000
core   0: 0x000000008000601c (0x30402673) csrrs   a2, mie, zero
core   0: 3 0x000000008000601c (0x30402673) x12 0x0000000000000a00
core   0: 0x0000000080006020 (0x344025f3) csrrs   a1, mip, zero
core   0: 3 0x0000000080006020 (0x344025f3) x11 0x0000000000000080
core   0: 0x0000000080006024 (0x343025f3) csrrs   a1, mtval, zero
core   0: 3 0x0000000080006024 (0x343025f3) x11 0x00000000f136daf3
core   0: 0x0000000080006028 (0x14302573) csrrs   a0, stval, zero
core   0: 3 0x0000000080006028 (0x14302573) x10 0x0000000000000000
core   0: 0x000000008000602c (0xb02024f3) csrrs   s1, minstret, zero
core   0: 3 0x000000008000602c (0xb02024f3) x9  0x0000000000001254
core   0: 0x0000000080006030 (0x0000a811) c.j     pc + 20
core   0: 3 0x0000000080006030 (0xa811)
core   0: >>>>  mepc_4
core   0: 0x0000000080006044 (0x00000791) c.addi  a5, 4
core   0: 3 0x0000000080006044 (0x0791) x15 0x0000000080005eae
core   0: 0x0000000080006046 (0x34179073) csrrw   zero, mepc, a5
core   0: 3 0x0000000080006046 (0x34179073) c833_mepc 0x0000000080005eae
core   0: 0x000000008000604a (0x30200073) mret
core   0: 3 0x000000008000604a (0x30200073) c768_mstatus 0x8000000a001c61a2
core   0: 0x0000000080005eae (0x2875e313) ori     t1, a1, 647
core   0: 1 0x0000000080005eae (0x2875e313) x6  0x00000000f136daf7
core   0: 0x0000000080005eb2 (0x002bd933) srl     s2, s7, sp
core   0: 1 0x0000000080005eb2 (0x002bd933) x18 0x0000000000002356
core   0: 0x0000000080005eb6 (0x420383d3) fcvt.d.s ft7, ft7
core   0: 1 0x0000000080005eb6 (0x420383d3) f7  0x7ff8000000000000
core   0: 0x0000000080005eba (0x419bd1bb) sraw    gp, s7, s9
core   0: 1 0x0000000080005eba (0x419bd1bb) x3  0x0000000000000001
core   0: 0x0000000080005ebe (0x10417d73) csrrci  s10, sie, 2
core   0: 1 0x0000000080005ebe (0x10417d73) x26 0x0000000000000000 c772_mie 0x0000000000000a00
core   0: 0x0000000080005ec2 (0x00202473) csrrs   s0, frm, zero
core   0: 1 0x0000000080005ec2 (0x00202473) x8  0x0000000000000000
core   0: 0x0000000080005ec6 (0xb46c0d9b) addiw   s11, s8, -1210
core   0: 1 0x0000000080005ec6 (0xb46c0d9b) x27 0xffffffff80005b56
core   0: 0x0000000080005eca (0x294b8093) addi    ra, s7, 660
core   0: 1 0x0000000080005eca (0x294b8093) x1  0x00000000000025ea
core   0: 0x0000000080005ece (0x0380beb3) mulhu   t4, ra, s8
core   0: 1 0x0000000080005ece (0x0380beb3) x29 0x0000000000000000
core   0: 0x0000000080005ed2 (0x402e87bb) subw    a5, t4, sp
core   0: 1 0x0000000080005ed2 (0x402e87bb) x15 0x0000000000000000
core   0: 0x0000000080005ed6 (0x0b8cf0d3) fsub.d  ft1, fs9, fs8
core   0: 1 0x0000000080005ed6 (0x0b8cf0d3) f1  0x7ff8000000000000
core   0: 0x0000000080005eda (0x00102573) csrrs   a0, fflags, zero
core   0: 1 0x0000000080005eda (0x00102573) x10 0x000000000000001b
core   0: 0x0000000080005ede (0x00202073) csrrs   zero, frm, zero
core   0: 1 0x0000000080005ede (0x00202073)
core   0: 0x0000000080005ee2 (0xc030f253) fcvt.lu.s tp, ft1
core   0: 1 0x0000000080005ee2 (0xc030f253) c1_fflags 0x000000000000001b x4  0xffffffffffffffff
core   0: 0x0000000080005ee6 (0xf273fac7) fmsub.d fs5, ft7, ft7, ft10
core   0: 1 0x0000000080005ee6 (0xf273fac7) f21 0x7ff8000000000000
core   0: 0x0000000080005eea (0x02024b3b) divw    s6, tp, zero
core   0: 1 0x0000000080005eea (0x02024b3b) x22 0xffffffffffffffff
core   0: 0x0000000080005eee (0xc22f7953) fcvt.l.d s2, ft10
core   0: 1 0x0000000080005eee (0xc22f7953) c1_fflags 0x000000000000001b x18 0x8000000000000000
core   0: 0x0000000080005ef2 (0x02895713) srli    a4, s2, 40
core   0: 1 0x0000000080005ef2 (0x02895713) x14 0x0000000000800000
core   0: 0x0000000080005ef6 (0x338efec3) fmadd.d ft9, ft9, fs8, ft6
core   0: 1 0x0000000080005ef6 (0x338efec3) f29 0x7ff8000000000000
core   0: 0x0000000080005efa (0x01ce1abb) sllw    s5, t3, t3
core   0: 1 0x0000000080005efa (0x01ce1abb) x21 0x0000000000000000
core   0: 0x0000000080005efe (0x0005d71b) srliw   a4, a1, 0
core   0: 1 0x0000000080005efe (0x0005d71b) x14 0xfffffffff136daf3
core   0: 0x0000000080005f02 (0x23522c53) fsgnjx.d fs8, ft4, fs5
core   0: 1 0x0000000080005f02 (0x23522c53) f24 0x0000000000000000
core   0: 0x0000000080005f06 (0x68550517) auipc   a0, 0x68550
core   0: 1 0x0000000080005f06 (0x68550517) x10 0x00000000e8555f06
core   0: 0x0000000080005f0a (0x8be6fdc7) fmsub.d fs11, fa3, ft10, fa7
core   0: 1 0x0000000080005f0a (0x8be6fdc7) f27 0x8000000000000000
core   0: 0x0000000080005f0e (0xd22df3d3) fcvt.d.l ft7, s11
core   0: 1 0x0000000080005f0e (0xd22df3d3) f7  0xc1dfffe92a800000
core   0: 0x0000000080005f12 (0x001020f3) csrrs   ra, fflags, zero
core   0: 1 0x0000000080005f12 (0x001020f3) x1  0x000000000000001b
core   0: 0x0000000080005f16 (0x02faa7b3) mulhsu  a5, s5, a5
core   0: 1 0x0000000080005f16 (0x02faa7b3) x15 0x0000000000000000
core   0: 0x0000000080005f1a (0xc23df353) fcvt.lu.d t1, fs11
core   0: 1 0x0000000080005f1a (0xc23df353) x6  0x0000000000000000
core   0: 0x0000000080005f1e (0x5a06f453) fsqrt.d fs0, fa3
core   0: 1 0x0000000080005f1e (0x5a06f453) f8  0x0000000000000000
core   0: 0x0000000080005f22 (0x001024f3) csrrs   s1, fflags, zero
core   0: 1 0x0000000080005f22 (0x001024f3) x9  0x000000000000001b
core   0: 0x0000000080005f26 (0x4104d83b) sraw    a6, s1, a6
core   0: 1 0x0000000080005f26 (0x4104d83b) x16 0x000000000000001b
core   0: 0x0000000080005f2a (0x406686bb) subw    a3, a3, t1
core   0: 1 0x0000000080005f2a (0x406686bb) x13 0x0000000000000000
core   0: 0x0000000080005f2e (0x00177b13) andi    s6, a4, 1
core   0: 1 0x0000000080005f2e (0x00177b13) x22 0x0000000000000001
core   0: 0x0000000080005f32 (0xd21b0153) fcvt.d.wu ft2, s6
core   0: 1 0x0000000080005f32 (0xd21b0153) f2  0x3ff0000000000000
core   0: 0x0000000080005f36 (0xc234fad3) fcvt.lu.d s5, fs1
core   0: 1 0x0000000080005f36 (0xc234fad3) c1_fflags 0x000000000000001b x21 0x000000000000a4ea
core   0: 0x0000000080005f3a (0x020370b3) remu    ra, t1, zero
core   0: 1 0x0000000080005f3a (0x020370b3) x1  0x0000000000000000
core   0: 0x0000000080005f3e (0x01f4d39b) srliw   t2, s1, 31
core   0: 1 0x0000000080005f3e (0x01f4d39b) x7  0x0000000000000000
core   0: 0x0000000080005f42 (0x03bb9933) mulh    s2, s7, s11
core   0: 1 0x0000000080005f42 (0x03bb9933) x18 0xffffffffffffffff
core   0: 0x0000000080005f46 (0xc2157cd3) fcvt.wu.d s9, fa0
core   0: 1 0x0000000080005f46 (0xc2157cd3) c1_fflags 0x000000000000001b x25 0xffffffffffffffff
core   0: 0x0000000080005f4a (0x0194f4b3) and     s1, s1, s9
core   0: 1 0x0000000080005f4a (0x0194f4b3) x9  0x000000000000001b
core   0: 0x0000000080005f4e (0x029b89b3) mul     s3, s7, s1
core   0: 1 0x0000000080005f4e (0x029b89b3) x19 0x000000000003ba12
core   0: 0x0000000080005f52 (0xd2347453) fcvt.d.lu fs0, s0
core   0: 1 0x0000000080005f52 (0xd2347453) f8  0x0000000000000000
core   0: 0x0000000080005f56 (0x0299c8b3) div     a7, s3, s1
core   0: 1 0x0000000080005f56 (0x0299c8b3) x17 0x0000000000002356
core   0: 0x0000000080005f5a (0x002026f3) csrrs   a3, frm, zero
core   0: 1 0x0000000080005f5a (0x002026f3) x13 0x0000000000000000
core   0: 0x0000000080005f5e (0x401c529b) sraiw   t0, s8, 1
core   0: 1 0x0000000080005f5e (0x401c529b) x5  0xffffffffc0003008
core   0: 0x0000000080005f62 (0x400e80bb) subw    ra, t4, zero
core   0: 1 0x0000000080005f62 (0x400e80bb) x1  0x0000000000000000
core   0: 0x0000000080005f66 (0x400700bb) subw    ra, a4, zero
core   0: 1 0x0000000080005f66 (0x400700bb) x1  0xfffffffff136daf3
core   0: 0x0000000080005f6a (0x00885433) srl     s0, a6, s0
core   0: 1 0x0000000080005f6a (0x00885433) x8  0x000000000000001b
core   0: 0x0000000080005f6e (0xe542d297) auipc   t0, 0xe542d
core   0: 1 0x0000000080005f6e (0xe542d297) x5  0x0000000065432f6e
core   0: 0x0000000080005f72 (0x025b30b3) mulhu   ra, s6, t0
core   0: 1 0x0000000080005f72 (0x025b30b3) x1  0x0000000000000000
core   0: 0x0000000080005f76 (0x2ad286d3) fmin.d  fa3, ft5, fa3
core   0: 1 0x0000000080005f76 (0x2ad286d3) f13 0x0000000000000000
core   0: 0x0000000080005f7a (0xc2037553) fcvt.w.d a0, ft6
core   0: 1 0x0000000080005f7a (0xc2037553) c1_fflags 0x000000000000001b x10 0x000000007fffffff
core   0: 0x0000000080005f7e (0xc23c7453) fcvt.lu.d s0, fs8
core   0: 1 0x0000000080005f7e (0xc23c7453) x8  0x0000000000000000
core   0: 0x0000000080005f82 (0x000e939b) slliw   t2, t4, 0
core   0: 1 0x0000000080005f82 (0x000e939b) x7  0x0000000000000000
core   0: 0x0000000080005f86 (0xa2217143) fmadd.d ft2, ft2, ft2, fs4
core   0: 1 0x0000000080005f86 (0xa2217143) f2  0x7ff8000000000000
core   0: 0x0000000080005f8a (0x00c0d53b) srlw    a0, ra, a2
core   0: 1 0x0000000080005f8a (0x00c0d53b) x10 0x0000000000000000
core   0: 0x0000000080005f8e (0x02044033) div     zero, s0, zero
core   0: 1 0x0000000080005f8e (0x02044033)
core   0: 0x0000000080005f92 (0x0084023b) addw    tp, s0, s0
core   0: 1 0x0000000080005f92 (0x0084023b) x4  0x0000000000000000
core   0: 0x0000000080005f96 (0xd0347cd3) fcvt.s.lu fs9, s0
core   0: 1 0x0000000080005f96 (0xd0347cd3) f25 0xffffffff00000000
core   0: 0x0000000080005f9a (0x40ac5d3b) sraw    s10, s8, a0
core   0: 1 0x0000000080005f9a (0x40ac5d3b) x26 0xffffffff80006010
core   0: 0x0000000080005f9e (0x025af5b3) remu    a1, s5, t0
core   0: 1 0x0000000080005f9e (0x025af5b3) x11 0x000000000000a4ea
core   0: 0x0000000080005fa2 (0x01fa961b) slliw   a2, s5, 31
core   0: 1 0x0000000080005fa2 (0x01fa961b) x12 0x0000000000000000
core   0: 0x0000000080005fa6 (0x00161b73) csrrw   s6, fflags, a2
core   0: 1 0x0000000080005fa6 (0x00161b73) x22 0x000000000000001b c1_fflags 0x0000000000000000
core   0: 0x0000000080005faa (0x0b417a4b) fnmsub.d fs4, ft2, fs4, ft1
core   0: 1 0x0000000080005faa (0x0b417a4b) f20 0x7ff8000000000000
core   0: 0x0000000080005fae (0x002022f3) csrrs   t0, frm, zero
core   0: 1 0x0000000080005fae (0x002022f3) x5  0x0000000000000000
core   0: 0x0000000080005fb2 (0xea7efec3) fmadd.d ft9, ft9, ft7, ft9
core   0: 1 0x0000000080005fb2 (0xea7efec3) f29 0x7ff8000000000000
core   0: 0x0000000080005fb6 (0x0254673b) remw    a4, s0, t0
core   0: 1 0x0000000080005fb6 (0x0254673b) x14 0x0000000000000000
core   0: 0x0000000080005fba (0x023aecb3) rem     s9, s5, gp
core   0: 1 0x0000000080005fba (0x023aecb3) x25 0x0000000000000000
core   0: 0x0000000080005fbe (0x7ffa8913) addi    s2, s5, 2047
core   0: 1 0x0000000080005fbe (0x7ffa8913) x18 0x000000000000ace9
core   0: 0x0000000080005fc2 (0x02ed0033) mul     zero, s10, a4
core   0: 1 0x0000000080005fc2 (0x02ed0033)
core   0: 0x0000000080005fc6 (0xc23ef9d3) fcvt.lu.d s3, ft9
core   0: 1 0x0000000080005fc6 (0xc23ef9d3) c1_fflags 0x0000000000000010 x19 0xffffffffffffffff
core   0: 0x0000000080005fca (0xd2000353) fcvt.d.w ft6, zero
core   0: 1 0x0000000080005fca (0xd2000353) f6  0x0000000000000000
core   0: 0x0000000080005fce (0xc02679d3) fcvt.l.s s3, fa2
core   0: 1 0x0000000080005fce (0xc02679d3) c1_fflags 0x0000000000000010 x19 0x7fffffffffffffff
core   0: 0x0000000080005fd2 (0x00d988bb) addw    a7, s3, a3
core   0: 1 0x0000000080005fd2 (0x00d988bb) x17 0xffffffffffffffff
core   0: 0x0000000080005fd6 (0x03a6bd33) mulhu   s10, a3, s10
core   0: 1 0x0000000080005fd6 (0x03a6bd33) x26 0x0000000000000000
core   0: 0x0000000080005fda (0x195b7493) andi    s1, s6, 405
core   0: 1 0x0000000080005fda (0x195b7493) x9  0x0000000000000011
core   0: 0x0000000080005fde (0xd034f153) fcvt.s.lu ft2, s1
core   0: 1 0x0000000080005fde (0xd034f153) f2  0xffffffff41880000
core   0: 0x0000000080005fe2 (0x00eb5c9b) srliw   s9, s6, 14
core   0: 1 0x0000000080005fe2 (0x00eb5c9b) x25 0x0000000000000000
core   0: 0x0000000080005fe6 (0x40388c3b) subw    s8, a7, gp
core   0: 1 0x0000000080005fe6 (0x40388c3b) x24 0xfffffffffffffffe
core   0: 0x0000000080005fea (0x40185013) srai    zero, a6, 1
core   0: 1 0x0000000080005fea (0x40185013)
core   0: 0x0000000080005fee (0x40780893) addi    a7, a6, 1031
core   0: 1 0x0000000080005fee (0x40780893) x17 0x0000000000000422
core   0: 0x0000000080005ff2 (0xd2080cd3) fcvt.d.w fs9, a6
core   0: 1 0x0000000080005ff2 (0xd2080cd3) f25 0x403b000000000000
core   0: 0x0000000080005ff6 (0x02c8fe33) remu    t3, a7, a2
core   0: 1 0x0000000080005ff6 (0x02c8fe33) x28 0x0000000000000422
core   0: 0x0000000080005ffa (0x021dd4bb) divuw   s1, s11, ra
core   0: 1 0x0000000080005ffa (0x021dd4bb) x9  0xffffffffffffffff
core   0: 0x0000000080005ffe (0xd238f5d3) fcvt.d.lu fa1, a7
core   0: 1 0x0000000080005ffe (0xd238f5d3) f11 0x4090880000000000
core   0: 0x0000000080006002 (0x02a657bb) divuw   a5, a2, a0
core   0: 1 0x0000000080006002 (0x02a657bb) x15 0xffffffffffffffff
core   0: 0x0000000080006006 (0x5f936613) ori     a2, t1, 1529
core   0: 1 0x0000000080006006 (0x5f936613) x12 0x00000000000005f9
core   0: >>>>  write_tohost
core   0: 0x000000008000600a (0x9dafa0ef) jal     pc - 0x5e26
core   0: 1 0x000000008000600a (0x9dafa0ef) x1  0x000000008000600e
core   0: >>>>  _exit
core   0: 0x00000000800001e4 (0x00004505) c.li    a0, 1
core   0: 1 0x00000000800001e4 (0x4505) x10 0x0000000000000001
core   0: 0x00000000800001e6 (0x00001f17) auipc   t5, 0x1
core   0: 1 0x00000000800001e6 (0x00001f17) x30 0x00000000800011e6
core   0: 0x00000000800001ea (0xe0af2d23) sw      a0, -486(t5)
core   0: 1 0x00000000800001ea (0xe0af2d23) mem 0x0000000080001000 0x00000001
cp /home/server/RISCV/cva6/verif/sim/out/seed_1627/spike_sim/new_seeds_1627_.cv64a6_imafdc_sv39.log.iss /home/server/RISCV/cva6/verif/sim/out/seed_1627/spike_sim/new_seeds_1627_.cv64a6_imafdc_sv39.log
