Makefile:14: must set CVA6_REPO_DIR to point at the root of CVA6 sources and CVA6_TB_DIR to point here -- doing it for you...
LD_LIBRARY_PATH="$(realpath ../../tools/spike/lib):$LD_LIBRARY_PATH" \
	/home/server/RISCV/cva6/tools/spike/bin/spike --steps=2000000  --log-commits --isa=rv64gc_zba_zbb_zbs_zbc_zicsr_zifencei --priv=msu -l /home/server/RISCV/cva6/verif/sim/out/seed_1631/directed_asm_tests/new_seeds_1631_.o
[SPIKE] Max simulation steps: 2000000
[SPIKE] Proc 0 | ISA: rv64gc_zba_zbb_zbs_zbc_zicsr_zifencei PRIV: msu
[SPIKE] Initializing memories...
core   0: 0x0000000000010000 (0x00100413) li      s0, 1
core   0: 3 0x0000000000010000 (0x00100413) x8  0x0000000000000001
core   0: 0x0000000000010004 (0x01f41413) slli    s0, s0, 31
core   0: 3 0x0000000000010004 (0x01f41413) x8  0x0000000080000000
core   0: 0x0000000000010008 (0xf1402573) csrrs   a0, mhartid, zero
core   0: 3 0x0000000000010008 (0xf1402573) x10 0x0000000000000000
core   0: 0x000000000001000c (0x00000597) auipc   a1, 0x0
core   0: 3 0x000000000001000c (0x00000597) x11 0x000000000001000c
core   0: 0x0000000000010010 (0x07458593) addi    a1, a1, 116
core   0: 3 0x0000000000010010 (0x07458593) x11 0x0000000000010080
core   0: 0x0000000000010014 (0x00040067) jr      s0
core   0: 3 0x0000000000010014 (0x00040067)
core   0: >>>>  _start
core   0: 0x0000000080000000 (0x00004081) c.li    ra, 0
core   0: 3 0x0000000080000000 (0x4081) x1  0x0000000000000000
core   0: 0x0000000080000002 (0x00004101) c.li    sp, 0
core   0: 3 0x0000000080000002 (0x4101) x2  0x0000000000000000
core   0: 0x0000000080000004 (0x00004181) c.li    gp, 0
core   0: 3 0x0000000080000004 (0x4181) x3  0x0000000000000000
core   0: 0x0000000080000006 (0x00004201) c.li    tp, 0
core   0: 3 0x0000000080000006 (0x4201) x4  0x0000000000000000
core   0: 0x0000000080000008 (0x00004281) c.li    t0, 0
core   0: 3 0x0000000080000008 (0x4281) x5  0x0000000000000000
core   0: 0x000000008000000a (0x00004301) c.li    t1, 0
core   0: 3 0x000000008000000a (0x4301) x6  0x0000000000000000
core   0: 0x000000008000000c (0x00004381) c.li    t2, 0
core   0: 3 0x000000008000000c (0x4381) x7  0x0000000000000000
core   0: 0x000000008000000e (0x00004401) c.li    s0, 0
core   0: 3 0x000000008000000e (0x4401) x8  0x0000000000000000
core   0: 0x0000000080000010 (0x00004481) c.li    s1, 0
core   0: 3 0x0000000080000010 (0x4481) x9  0x0000000000000000
core   0: 0x0000000080000012 (0x00004501) c.li    a0, 0
core   0: 3 0x0000000080000012 (0x4501) x10 0x0000000000000000
core   0: 0x0000000080000014 (0x00004581) c.li    a1, 0
core   0: 3 0x0000000080000014 (0x4581) x11 0x0000000000000000
core   0: 0x0000000080000016 (0x00004601) c.li    a2, 0
core   0: 3 0x0000000080000016 (0x4601) x12 0x0000000000000000
core   0: 0x0000000080000018 (0x00004681) c.li    a3, 0
core   0: 3 0x0000000080000018 (0x4681) x13 0x0000000000000000
core   0: 0x000000008000001a (0x00004701) c.li    a4, 0
core   0: 3 0x000000008000001a (0x4701) x14 0x0000000000000000
core   0: 0x000000008000001c (0x00004781) c.li    a5, 0
core   0: 3 0x000000008000001c (0x4781) x15 0x0000000000000000
core   0: 0x000000008000001e (0x00004801) c.li    a6, 0
core   0: 3 0x000000008000001e (0x4801) x16 0x0000000000000000
core   0: 0x0000000080000020 (0x00004881) c.li    a7, 0
core   0: 3 0x0000000080000020 (0x4881) x17 0x0000000000000000
core   0: 0x0000000080000022 (0x00004901) c.li    s2, 0
core   0: 3 0x0000000080000022 (0x4901) x18 0x0000000000000000
core   0: 0x0000000080000024 (0x00004981) c.li    s3, 0
core   0: 3 0x0000000080000024 (0x4981) x19 0x0000000000000000
core   0: 0x0000000080000026 (0x00004a01) c.li    s4, 0
core   0: 3 0x0000000080000026 (0x4a01) x20 0x0000000000000000
core   0: 0x0000000080000028 (0x00004a81) c.li    s5, 0
core   0: 3 0x0000000080000028 (0x4a81) x21 0x0000000000000000
core   0: 0x000000008000002a (0x00004b01) c.li    s6, 0
core   0: 3 0x000000008000002a (0x4b01) x22 0x0000000000000000
core   0: 0x000000008000002c (0x00004b81) c.li    s7, 0
core   0: 3 0x000000008000002c (0x4b81) x23 0x0000000000000000
core   0: 0x000000008000002e (0x00004c01) c.li    s8, 0
core   0: 3 0x000000008000002e (0x4c01) x24 0x0000000000000000
core   0: 0x0000000080000030 (0x00004c81) c.li    s9, 0
core   0: 3 0x0000000080000030 (0x4c81) x25 0x0000000000000000
core   0: 0x0000000080000032 (0x00004d01) c.li    s10, 0
core   0: 3 0x0000000080000032 (0x4d01) x26 0x0000000000000000
core   0: 0x0000000080000034 (0x00004d81) c.li    s11, 0
core   0: 3 0x0000000080000034 (0x4d81) x27 0x0000000000000000
core   0: 0x0000000080000036 (0x00004e01) c.li    t3, 0
core   0: 3 0x0000000080000036 (0x4e01) x28 0x0000000000000000
core   0: 0x0000000080000038 (0x00004e81) c.li    t4, 0
core   0: 3 0x0000000080000038 (0x4e81) x29 0x0000000000000000
core   0: 0x000000008000003a (0x00004f01) c.li    t5, 0
core   0: 3 0x000000008000003a (0x4f01) x30 0x0000000000000000
core   0: 0x000000008000003c (0x00004f81) c.li    t6, 0
core   0: 3 0x000000008000003c (0x4f81) x31 0x0000000000000000
core   0: 0x000000008000003e (0x000062f9) c.lui   t0, 0x1e
core   0: 3 0x000000008000003e (0x62f9) x5  0x000000000001e000
core   0: 0x0000000080000040 (0x3002a073) csrrs   zero, mstatus, t0
core   0: 3 0x0000000080000040 (0x3002a073) c768_mstatus 0x8000000a00006000
core   0: 0x0000000080000044 (0x00004285) c.li    t0, 1
core   0: 3 0x0000000080000044 (0x4285) x5  0x0000000000000001
core   0: 0x0000000080000046 (0x000002fe) c.slli  t0, 31
core   0: 3 0x0000000080000046 (0x02fe) x5  0x0000000080000000
core   0: 0x0000000080000048 (0x0002d863) bge     t0, zero, pc + 16
core   0: 3 0x0000000080000048 (0x0002d863)
core   0: 0x0000000080000058 (0x00000297) auipc   t0, 0x0
core   0: 3 0x0000000080000058 (0x00000297) x5  0x0000000080000058
core   0: 0x000000008000005c (0x09028293) addi    t0, t0, 144
core   0: 3 0x000000008000005c (0x09028293) x5  0x00000000800000e8
core   0: 0x0000000080000060 (0x30529073) csrrw   zero, mtvec, t0
core   0: 3 0x0000000080000060 (0x30529073) c773_mtvec 0x00000000800000e8
core   0: 0x0000000080000064 (0x00301073) csrrw   zero, fcsr, zero
core   0: 3 0x0000000080000064 (0x00301073) c1_fflags 0x0000000000000000 c2_frm 0x0000000000000000
core   0: 0x0000000080000068 (0xf0000053) fmv.w.x ft0, zero
core   0: 3 0x0000000080000068 (0xf0000053) f0  0xffffffff00000000
core   0: 0x000000008000006c (0xf00000d3) fmv.w.x ft1, zero
core   0: 3 0x000000008000006c (0xf00000d3) f1  0xffffffff00000000
core   0: 0x0000000080000070 (0xf0000153) fmv.w.x ft2, zero
core   0: 3 0x0000000080000070 (0xf0000153) f2  0xffffffff00000000
core   0: 0x0000000080000074 (0xf00001d3) fmv.w.x ft3, zero
core   0: 3 0x0000000080000074 (0xf00001d3) f3  0xffffffff00000000
core   0: 0x0000000080000078 (0xf0000253) fmv.w.x ft4, zero
core   0: 3 0x0000000080000078 (0xf0000253) f4  0xffffffff00000000
core   0: 0x000000008000007c (0xf00002d3) fmv.w.x ft5, zero
core   0: 3 0x000000008000007c (0xf00002d3) f5  0xffffffff00000000
core   0: 0x0000000080000080 (0xf0000353) fmv.w.x ft6, zero
core   0: 3 0x0000000080000080 (0xf0000353) f6  0xffffffff00000000
core   0: 0x0000000080000084 (0xf00003d3) fmv.w.x ft7, zero
core   0: 3 0x0000000080000084 (0xf00003d3) f7  0xffffffff00000000
core   0: 0x0000000080000088 (0xf0000453) fmv.w.x fs0, zero
core   0: 3 0x0000000080000088 (0xf0000453) f8  0xffffffff00000000
core   0: 0x000000008000008c (0xf00004d3) fmv.w.x fs1, zero
core   0: 3 0x000000008000008c (0xf00004d3) f9  0xffffffff00000000
core   0: 0x0000000080000090 (0xf0000553) fmv.w.x fa0, zero
core   0: 3 0x0000000080000090 (0xf0000553) f10 0xffffffff00000000
core   0: 0x0000000080000094 (0xf00005d3) fmv.w.x fa1, zero
core   0: 3 0x0000000080000094 (0xf00005d3) f11 0xffffffff00000000
core   0: 0x0000000080000098 (0xf0000653) fmv.w.x fa2, zero
core   0: 3 0x0000000080000098 (0xf0000653) f12 0xffffffff00000000
core   0: 0x000000008000009c (0xf00006d3) fmv.w.x fa3, zero
core   0: 3 0x000000008000009c (0xf00006d3) f13 0xffffffff00000000
core   0: 0x00000000800000a0 (0xf0000753) fmv.w.x fa4, zero
core   0: 3 0x00000000800000a0 (0xf0000753) f14 0xffffffff00000000
core   0: 0x00000000800000a4 (0xf00007d3) fmv.w.x fa5, zero
core   0: 3 0x00000000800000a4 (0xf00007d3) f15 0xffffffff00000000
core   0: 0x00000000800000a8 (0xf0000853) fmv.w.x fa6, zero
core   0: 3 0x00000000800000a8 (0xf0000853) f16 0xffffffff00000000
core   0: 0x00000000800000ac (0xf00008d3) fmv.w.x fa7, zero
core   0: 3 0x00000000800000ac (0xf00008d3) f17 0xffffffff00000000
core   0: 0x00000000800000b0 (0xf0000953) fmv.w.x fs2, zero
core   0: 3 0x00000000800000b0 (0xf0000953) f18 0xffffffff00000000
core   0: 0x00000000800000b4 (0xf00009d3) fmv.w.x fs3, zero
core   0: 3 0x00000000800000b4 (0xf00009d3) f19 0xffffffff00000000
core   0: 0x00000000800000b8 (0xf0000a53) fmv.w.x fs4, zero
core   0: 3 0x00000000800000b8 (0xf0000a53) f20 0xffffffff00000000
core   0: 0x00000000800000bc (0xf0000ad3) fmv.w.x fs5, zero
core   0: 3 0x00000000800000bc (0xf0000ad3) f21 0xffffffff00000000
core   0: 0x00000000800000c0 (0xf0000b53) fmv.w.x fs6, zero
core   0: 3 0x00000000800000c0 (0xf0000b53) f22 0xffffffff00000000
core   0: 0x00000000800000c4 (0xf0000bd3) fmv.w.x fs7, zero
core   0: 3 0x00000000800000c4 (0xf0000bd3) f23 0xffffffff00000000
core   0: 0x00000000800000c8 (0xf0000c53) fmv.w.x fs8, zero
core   0: 3 0x00000000800000c8 (0xf0000c53) f24 0xffffffff00000000
core   0: 0x00000000800000cc (0xf0000cd3) fmv.w.x fs9, zero
core   0: 3 0x00000000800000cc (0xf0000cd3) f25 0xffffffff00000000
core   0: 0x00000000800000d0 (0xf0000d53) fmv.w.x fs10, zero
core   0: 3 0x00000000800000d0 (0xf0000d53) f26 0xffffffff00000000
core   0: 0x00000000800000d4 (0xf0000dd3) fmv.w.x fs11, zero
core   0: 3 0x00000000800000d4 (0xf0000dd3) f27 0xffffffff00000000
core   0: 0x00000000800000d8 (0xf0000e53) fmv.w.x ft8, zero
core   0: 3 0x00000000800000d8 (0xf0000e53) f28 0xffffffff00000000
core   0: 0x00000000800000dc (0xf0000ed3) fmv.w.x ft9, zero
core   0: 3 0x00000000800000dc (0xf0000ed3) f29 0xffffffff00000000
core   0: 0x00000000800000e0 (0xf0000f53) fmv.w.x ft10, zero
core   0: 3 0x00000000800000e0 (0xf0000f53) f30 0xffffffff00000000
core   0: 0x00000000800000e4 (0xf0000fd3) fmv.w.x ft11, zero
core   0: 3 0x00000000800000e4 (0xf0000fd3) f31 0xffffffff00000000
core   0: 0x00000000800000e8 (0x00000297) auipc   t0, 0x0
core   0: 3 0x00000000800000e8 (0x00000297) x5  0x00000000800000e8
core   0: 0x00000000800000ec (0x03c28293) addi    t0, t0, 60
core   0: 3 0x00000000800000ec (0x03c28293) x5  0x0000000080000124
core   0: 0x00000000800000f0 (0x30529073) csrrw   zero, mtvec, t0
core   0: 3 0x00000000800000f0 (0x30529073) c773_mtvec 0x0000000080000124
core   0: 0x00000000800000f4 (0x00012197) auipc   gp, 0x12
core   0: 3 0x00000000800000f4 (0x00012197) x3  0x00000000800120f4
core   0: 0x00000000800000f8 (0x73418193) addi    gp, gp, 1844
core   0: 3 0x00000000800000f8 (0x73418193) x3  0x0000000080012828
core   0: 0x00000000800000fc (0x00012217) auipc   tp, 0x12
core   0: 3 0x00000000800000fc (0x00012217) x4  0x00000000800120fc
core   0: 0x0000000080000100 (0xf8320213) addi    tp, tp, -125
core   0: 3 0x0000000080000100 (0xf8320213) x4  0x000000008001207f
core   0: 0x0000000080000104 (0xfc027213) andi    tp, tp, -64
core   0: 3 0x0000000080000104 (0xfc027213) x4  0x0000000080012040
core   0: 0x0000000080000108 (0xf1402573) csrrs   a0, mhartid, zero
core   0: 3 0x0000000080000108 (0xf1402573) x10 0x0000000000000000
core   0: 0x000000008000010c (0x00004585) c.li    a1, 1
core   0: 3 0x000000008000010c (0x4585) x11 0x0000000000000001
core   0: 0x000000008000010e (0x00b57063) bgeu    a0, a1, pc + 0
core   0: 3 0x000000008000010e (0x00b57063)
core   0: 0x0000000080000112 (0x00150113) addi    sp, a0, 1
core   0: 3 0x0000000080000112 (0x00150113) x2  0x0000000000000001
core   0: 0x0000000080000116 (0x00000146) c.slli  sp, 17
core   0: 3 0x0000000080000116 (0x0146) x2  0x0000000000020000
core   0: 0x0000000080000118 (0x00009112) c.add   sp, tp
core   0: 3 0x0000000080000118 (0x9112) x2  0x0000000080032040
core   0: 0x000000008000011a (0x01151613) slli    a2, a0, 17
core   0: 3 0x000000008000011a (0x01151613) x12 0x0000000000000000
core   0: 0x000000008000011e (0x00009232) c.add   tp, a2
core   0: 3 0x000000008000011e (0x9232) x4  0x0000000080012040
core   0: 0x0000000080000120 (0x3a40f06f) j       pc + 0xf3a4
core   0: 3 0x0000000080000120 (0x3a40f06f)
core   0: >>>>  _init
core   0: 0x000000008000f4c4 (0x00007171) c.addi16sp sp, -176
core   0: 3 0x000000008000f4c4 (0x7171) x2  0x0000000080031f90
core   0: 0x000000008000f4c6 (0x0000f506) c.sdsp  ra, 168(sp)
core   0: 3 0x000000008000f4c6 (0xf506) mem 0x0000000080032038 0x0000000000000000
core   0: 0x000000008000f4c8 (0x0000f122) c.sdsp  s0, 160(sp)
core   0: 3 0x000000008000f4c8 (0xf122) mem 0x0000000080032030 0x0000000000000000
core   0: 0x000000008000f4ca (0x0000ed26) c.sdsp  s1, 152(sp)
core   0: 3 0x000000008000f4ca (0xed26) mem 0x0000000080032028 0x0000000000000000
core   0: 0x000000008000f4cc (0x00001900) c.addi4spn s0, sp, 176
core   0: 3 0x000000008000f4cc (0x1900) x8  0x0000000080032040
core   0: 0x000000008000f4ce (0x000087aa) c.mv    a5, a0
core   0: 3 0x000000008000f4ce (0x87aa) x15 0x0000000000000000
core   0: 0x000000008000f4d0 (0x0000872e) c.mv    a4, a1
core   0: 3 0x000000008000f4d0 (0x872e) x14 0x0000000000000001
core   0: 0x000000008000f4d2 (0xf4f42e23) sw      a5, -164(s0)
core   0: 3 0x000000008000f4d2 (0xf4f42e23) mem 0x0000000080031f9c 0x00000000
core   0: 0x000000008000f4d6 (0x000087ba) c.mv    a5, a4
core   0: 3 0x000000008000f4d6 (0x87ba) x15 0x0000000000000001
core   0: 0x000000008000f4d8 (0xf4f42c23) sw      a5, -168(s0)
core   0: 3 0x000000008000f4d8 (0xf4f42c23) mem 0x0000000080031f98 0x00000001
core   0: 0x000000008000f4dc (0xfe040793) addi    a5, s0, -32
core   0: 3 0x000000008000f4dc (0xfe040793) x15 0x0000000080032020
core   0: 0x000000008000f4e0 (0xf4f43823) sd      a5, -176(s0)
core   0: 3 0x000000008000f4e0 (0xf4f43823) mem 0x0000000080031f90 0x0000000080032020
core   0: 0x000000008000f4e4 (0xf5043783) ld      a5, -176(s0)
core   0: 3 0x000000008000f4e4 (0xf5043783) x15 0x0000000080032020 mem 0x0000000080031f90
core   0: 0x000000008000f4e8 (0xf8078793) addi    a5, a5, -128
core   0: 3 0x000000008000f4e8 (0xf8078793) x15 0x0000000080031fa0
core   0: 0x000000008000f4ec (0x03f78793) addi    a5, a5, 63
core   0: 3 0x000000008000f4ec (0x03f78793) x15 0x0000000080031fdf
core   0: 0x000000008000f4f0 (0x00008399) c.srli  a5, 6
core   0: 3 0x000000008000f4f0 (0x8399) x15 0x0000000002000c7f
core   0: 0x000000008000f4f2 (0x00679493) slli    s1, a5, 6
core   0: 3 0x000000008000f4f2 (0x00679493) x9  0x0000000080031fc0
core   0: 0x000000008000f4f6 (0xf65ff0ef) jal     pc - 0x9c
core   0: 3 0x000000008000f4f6 (0xf65ff0ef) x1  0x000000008000f4fa
core   0: >>>>  init_tls
core   0: 0x000000008000f45a (0x00001101) c.addi  sp, -32
core   0: 3 0x000000008000f45a (0x1101) x2  0x0000000080031f70
core   0: 0x000000008000f45c (0x0000ec06) c.sdsp  ra, 24(sp)
core   0: 3 0x000000008000f45c (0xec06) mem 0x0000000080031f88 0x000000008000f4fa
core   0: 0x000000008000f45e (0x0000e822) c.sdsp  s0, 16(sp)
core   0: 3 0x000000008000f45e (0xe822) mem 0x0000000080031f80 0x0000000080032040
core   0: 0x000000008000f460 (0x00001000) c.addi4spn s0, sp, 32
core   0: 3 0x000000008000f460 (0x1000) x8  0x0000000080031f90
core   0: 0x000000008000f462 (0x00003717) auipc   a4, 0x3
core   0: 3 0x000000008000f462 (0x00003717) x14 0x0000000080012462
core   0: 0x000000008000f466 (0xbc670713) addi    a4, a4, -1082
core   0: 3 0x000000008000f466 (0xbc670713) x14 0x0000000080012028
core   0: 0x000000008000f46a (0x00003797) auipc   a5, 0x3
core   0: 3 0x000000008000f46a (0x00003797) x15 0x000000008001246a
core   0: 0x000000008000f46e (0xbbe78793) addi    a5, a5, -1090
core   0: 3 0x000000008000f46e (0xbbe78793) x15 0x0000000080012028
core   0: 0x000000008000f472 (0x40f707b3) sub     a5, a4, a5
core   0: 3 0x000000008000f472 (0x40f707b3) x15 0x0000000000000000
core   0: 0x000000008000f476 (0xfef43423) sd      a5, -24(s0)
core   0: 3 0x000000008000f476 (0xfef43423) mem 0x0000000080031f78 0x0000000000000000
core   0: 0x000000008000f47a (0x00008792) c.mv    a5, tp
core   0: 3 0x000000008000f47a (0x8792) x15 0x0000000080012040
core   0: 0x000000008000f47c (0xfe843603) ld      a2, -24(s0)
core   0: 3 0x000000008000f47c (0xfe843603) x12 0x0000000000000000 mem 0x0000000080031f78
core   0: 0x000000008000f480 (0x00003597) auipc   a1, 0x3
core   0: 3 0x000000008000f480 (0x00003597) x11 0x0000000080012480
core   0: 0x000000008000f484 (0xba858593) addi    a1, a1, -1112
core   0: 3 0x000000008000f484 (0xba858593) x11 0x0000000080012028
core   0: 0x000000008000f488 (0x0000853e) c.mv    a0, a5
core   0: 3 0x000000008000f488 (0x853e) x10 0x0000000080012040
core   0: 0x000000008000f48a (0x0f9000ef) jal     pc + 0x8f8
core   0: 3 0x000000008000f48a (0x0f9000ef) x1  0x000000008000f48e
core   0: >>>>  memcpy
core   0: 0x000000008000fd82 (0x0000715d) c.addi16sp sp, -80
core   0: 3 0x000000008000fd82 (0x715d) x2  0x0000000080031f20
core   0: 0x000000008000fd84 (0x0000e4a2) c.sdsp  s0, 72(sp)
core   0: 3 0x000000008000fd84 (0xe4a2) mem 0x0000000080031f68 0x0000000080031f90
core   0: 0x000000008000fd86 (0x00000880) c.addi4spn s0, sp, 80
core   0: 3 0x000000008000fd86 (0x0880) x8  0x0000000080031f70
core   0: 0x000000008000fd88 (0xfca43423) sd      a0, -56(s0)
core   0: 3 0x000000008000fd88 (0xfca43423) mem 0x0000000080031f38 0x0000000080012040
core   0: 0x000000008000fd8c (0xfcb43023) sd      a1, -64(s0)
core   0: 3 0x000000008000fd8c (0xfcb43023) mem 0x0000000080031f30 0x0000000080012028
core   0: 0x000000008000fd90 (0xfac43c23) sd      a2, -72(s0)
core   0: 3 0x000000008000fd90 (0xfac43c23) mem 0x0000000080031f28 0x0000000000000000
core   0: 0x000000008000fd94 (0xfc843703) ld      a4, -56(s0)
core   0: 3 0x000000008000fd94 (0xfc843703) x14 0x0000000080012040 mem 0x0000000080031f38
core   0: 0x000000008000fd98 (0xfc043783) ld      a5, -64(s0)
core   0: 3 0x000000008000fd98 (0xfc043783) x15 0x0000000080012028 mem 0x0000000080031f30
core   0: 0x000000008000fd9c (0x00008f5d) c.or    a4, a5
core   0: 3 0x000000008000fd9c (0x8f5d) x14 0x0000000080012068
core   0: 0x000000008000fd9e (0xfb843783) ld      a5, -72(s0)
core   0: 3 0x000000008000fd9e (0xfb843783) x15 0x0000000000000000 mem 0x0000000080031f28
core   0: 0x000000008000fda2 (0x00008fd9) c.or    a5, a4
core   0: 3 0x000000008000fda2 (0x8fd9) x15 0x0000000080012068
core   0: 0x000000008000fda4 (0x00008b9d) c.andi  a5, 7
core   0: 3 0x000000008000fda4 (0x8b9d) x15 0x0000000000000000
core   0: 0x000000008000fda6 (0x0000e3b1) c.bnez  a5, pc + 68
core   0: 3 0x000000008000fda6 (0xe3b1)
core   0: 0x000000008000fda8 (0xfc043783) ld      a5, -64(s0)
core   0: 3 0x000000008000fda8 (0xfc043783) x15 0x0000000080012028 mem 0x0000000080031f30
core   0: 0x000000008000fdac (0xfef43423) sd      a5, -24(s0)
core   0: 3 0x000000008000fdac (0xfef43423) mem 0x0000000080031f58 0x0000000080012028
core   0: 0x000000008000fdb0 (0xfc843783) ld      a5, -56(s0)
core   0: 3 0x000000008000fdb0 (0xfc843783) x15 0x0000000080012040 mem 0x0000000080031f38
core   0: 0x000000008000fdb4 (0xfef43023) sd      a5, -32(s0)
core   0: 3 0x000000008000fdb4 (0xfef43023) mem 0x0000000080031f50 0x0000000080012040
core   0: 0x000000008000fdb8 (0x0000a839) c.j     pc + 30
core   0: 3 0x000000008000fdb8 (0xa839)
core   0: 0x000000008000fdd6 (0xfc843703) ld      a4, -56(s0)
core   0: 3 0x000000008000fdd6 (0xfc843703) x14 0x0000000080012040 mem 0x0000000080031f38
core   0: 0x000000008000fdda (0xfb843783) ld      a5, -72(s0)
core   0: 3 0x000000008000fdda (0xfb843783) x15 0x0000000000000000 mem 0x0000000080031f28
core   0: 0x000000008000fdde (0x000097ba) c.add   a5, a4
core   0: 3 0x000000008000fdde (0x97ba) x15 0x0000000080012040
core   0: 0x000000008000fde0 (0xfe043703) ld      a4, -32(s0)
core   0: 3 0x000000008000fde0 (0xfe043703) x14 0x0000000080012040 mem 0x0000000080031f50
core   0: 0x000000008000fde4 (0xfcf76be3) bltu    a4, a5, pc - 42
core   0: 3 0x000000008000fde4 (0xfcf76be3)
core   0: 0x000000008000fde8 (0x0000a099) c.j     pc + 70
core   0: 3 0x000000008000fde8 (0xa099)
core   0: 0x000000008000fe2e (0xfc843783) ld      a5, -56(s0)
core   0: 3 0x000000008000fe2e (0xfc843783) x15 0x0000000080012040 mem 0x0000000080031f38
core   0: 0x000000008000fe32 (0x0000853e) c.mv    a0, a5
core   0: 3 0x000000008000fe32 (0x853e) x10 0x0000000080012040
core   0: 0x000000008000fe34 (0x00006426) c.ldsp  s0, 72(sp)
core   0: 3 0x000000008000fe34 (0x6426) x8  0x0000000080031f90 mem 0x0000000080031f68
core   0: 0x000000008000fe36 (0x00006161) c.addi16sp sp, 80
core   0: 3 0x000000008000fe36 (0x6161) x2  0x0000000080031f70
core   0: 0x000000008000fe38 (0x00008082) ret
core   0: 3 0x000000008000fe38 (0x8082)
core   0: 0x000000008000f48e (0x00003717) auipc   a4, 0x3
core   0: 3 0x000000008000f48e (0x00003717) x14 0x000000008001248e
core   0: 0x000000008000f492 (0xc3670713) addi    a4, a4, -970
core   0: 3 0x000000008000f492 (0xc3670713) x14 0x00000000800120c4
core   0: 0x000000008000f496 (0x00003797) auipc   a5, 0x3
core   0: 3 0x000000008000f496 (0x00003797) x15 0x0000000080012496
core   0: 0x000000008000f49a (0xb9278793) addi    a5, a5, -1134
core   0: 3 0x000000008000f49a (0xb9278793) x15 0x0000000080012028
core   0: 0x000000008000f49e (0x40f707b3) sub     a5, a4, a5
core   0: 3 0x000000008000f49e (0x40f707b3) x15 0x000000000000009c
core   0: 0x000000008000f4a2 (0xfef43023) sd      a5, -32(s0)
core   0: 3 0x000000008000f4a2 (0xfef43023) mem 0x0000000080031f70 0x000000000000009c
core   0: 0x000000008000f4a6 (0x00008712) c.mv    a4, tp
core   0: 3 0x000000008000f4a6 (0x8712) x14 0x0000000080012040
core   0: 0x000000008000f4a8 (0xfe843783) ld      a5, -24(s0)
core   0: 3 0x000000008000f4a8 (0xfe843783) x15 0x0000000000000000 mem 0x0000000080031f78
core   0: 0x000000008000f4ac (0x000097ba) c.add   a5, a4
core   0: 3 0x000000008000f4ac (0x97ba) x15 0x0000000080012040
core   0: 0x000000008000f4ae (0xfe043603) ld      a2, -32(s0)
core   0: 3 0x000000008000f4ae (0xfe043603) x12 0x000000000000009c mem 0x0000000080031f70
core   0: 0x000000008000f4b2 (0x00004581) c.li    a1, 0
core   0: 3 0x000000008000f4b2 (0x4581) x11 0x0000000000000000
core   0: 0x000000008000f4b4 (0x0000853e) c.mv    a0, a5
core   0: 3 0x000000008000f4b4 (0x853e) x10 0x0000000080012040
core   0: 0x000000008000f4b6 (0x185000ef) jal     pc + 0x984
core   0: 3 0x000000008000f4b6 (0x185000ef) x1  0x000000008000f4ba
core   0: >>>>  memset
core   0: 0x000000008000fe3a (0x0000715d) c.addi16sp sp, -80
core   0: 3 0x000000008000fe3a (0x715d) x2  0x0000000080031f20
core   0: 0x000000008000fe3c (0x0000e4a2) c.sdsp  s0, 72(sp)
core   0: 3 0x000000008000fe3c (0xe4a2) mem 0x0000000080031f68 0x0000000080031f90
core   0: 0x000000008000fe3e (0x00000880) c.addi4spn s0, sp, 80
core   0: 3 0x000000008000fe3e (0x0880) x8  0x0000000080031f70
core   0: 0x000000008000fe40 (0xfca43423) sd      a0, -56(s0)
core   0: 3 0x000000008000fe40 (0xfca43423) mem 0x0000000080031f38 0x0000000080012040
core   0: 0x000000008000fe44 (0x000087ae) c.mv    a5, a1
core   0: 3 0x000000008000fe44 (0x87ae) x15 0x0000000000000000
core   0: 0x000000008000fe46 (0xfac43c23) sd      a2, -72(s0)
core   0: 3 0x000000008000fe46 (0xfac43c23) mem 0x0000000080031f28 0x000000000000009c
core   0: 0x000000008000fe4a (0xfcf42223) sw      a5, -60(s0)
core   0: 3 0x000000008000fe4a (0xfcf42223) mem 0x0000000080031f34 0x00000000
core   0: 0x000000008000fe4e (0xfc843703) ld      a4, -56(s0)
core   0: 3 0x000000008000fe4e (0xfc843703) x14 0x0000000080012040 mem 0x0000000080031f38
core   0: 0x000000008000fe52 (0xfb843783) ld      a5, -72(s0)
core   0: 3 0x000000008000fe52 (0xfb843783) x15 0x000000000000009c mem 0x0000000080031f28
core   0: 0x000000008000fe56 (0x00008fd9) c.or    a5, a4
core   0: 3 0x000000008000fe56 (0x8fd9) x15 0x00000000800120dc
core   0: 0x000000008000fe58 (0x00008b9d) c.andi  a5, 7
core   0: 3 0x000000008000fe58 (0x8b9d) x15 0x0000000000000004
core   0: 0x000000008000fe5a (0x0000e7bd) c.bnez  a5, pc + 110
core   0: 3 0x000000008000fe5a (0xe7bd)
core   0: 0x000000008000fec8 (0xfc843783) ld      a5, -56(s0)
core   0: 3 0x000000008000fec8 (0xfc843783) x15 0x0000000080012040 mem 0x0000000080031f38
core   0: 0x000000008000fecc (0xfef43023) sd      a5, -32(s0)
core   0: 3 0x000000008000fecc (0xfef43023) mem 0x0000000080031f50 0x0000000080012040
core   0: 0x000000008000fed0 (0x0000a829) c.j     pc + 26
core   0: 3 0x000000008000fed0 (0xa829)
core   0: 0x000000008000feea (0xfc843703) ld      a4, -56(s0)
core   0: 3 0x000000008000feea (0xfc843703) x14 0x0000000080012040 mem 0x0000000080031f38
core   0: 0x000000008000feee (0xfb843783) ld      a5, -72(s0)
core   0: 3 0x000000008000feee (0xfb843783) x15 0x000000000000009c mem 0x0000000080031f28
core   0: 0x000000008000fef2 (0x000097ba) c.add   a5, a4
core   0: 3 0x000000008000fef2 (0x97ba) x15 0x00000000800120dc
core   0: 0x000000008000fef4 (0xfe043703) ld      a4, -32(s0)
core   0: 3 0x000000008000fef4 (0xfe043703) x14 0x0000000080012040 mem 0x0000000080031f50
core   0: 0x000000008000fef8 (0xfcf76de3) bltu    a4, a5, pc - 38
core   0: 3 0x000000008000fef8 (0xfcf76de3)
core   0: 0x000000008000fed2 (0xfe043783) ld      a5, -32(s0)
core   0: 3 0x000000008000fed2 (0xfe043783) x15 0x0000000080012040 mem 0x0000000080031f50
core   0: 0x000000008000fed6 (0x00178713) addi    a4, a5, 1
core   0: 3 0x000000008000fed6 (0x00178713) x14 0x0000000080012041
core   0: 0x000000008000feda (0xfee43023) sd      a4, -32(s0)
core   0: 3 0x000000008000feda (0xfee43023) mem 0x0000000080031f50 0x0000000080012041
core   0: 0x000000008000fede (0xfc442703) lw      a4, -60(s0)
core   0: 3 0x000000008000fede (0xfc442703) x14 0x0000000000000000 mem 0x0000000080031f34
core   0: 0x000000008000fee2 (0x0ff77713) andi    a4, a4, 255
core   0: 3 0x000000008000fee2 (0x0ff77713) x14 0x0000000000000000
core   0: 0x000000008000fee6 (0x00e78023) sb      a4, 0(a5)
core   0: 3 0x000000008000fee6 (0x00e78023) mem 0x0000000080012040 0x00
core   0: 0x000000008000feea (0xfc843703) ld      a4, -56(s0)
core   0: 3 0x000000008000feea (0xfc843703) x14 0x0000000080012040 mem 0x0000000080031f38
core   0: 0x000000008000feee (0xfb843783) ld      a5, -72(s0)
core   0: 3 0x000000008000feee (0xfb843783) x15 0x000000000000009c mem 0x0000000080031f28
core   0: 0x000000008000fef2 (0x000097ba) c.add   a5, a4
core   0: 3 0x000000008000fef2 (0x97ba) x15 0x00000000800120dc
core   0: 0x000000008000fef4 (0xfe043703) ld      a4, -32(s0)
core   0: 3 0x000000008000fef4 (0xfe043703) x14 0x0000000080012041 mem 0x0000000080031f50
core   0: 0x000000008000fef8 (0xfcf76de3) bltu    a4, a5, pc - 38
core   0: 3 0x000000008000fef8 (0xfcf76de3)
core   0: 0x000000008000fed2 (0xfe043783) ld      a5, -32(s0)
core   0: 3 0x000000008000fed2 (0xfe043783) x15 0x0000000080012041 mem 0x0000000080031f50
core   0: 0x000000008000fed6 (0x00178713) addi    a4, a5, 1
core   0: 3 0x000000008000fed6 (0x00178713) x14 0x0000000080012042
core   0: 0x000000008000feda (0xfee43023) sd      a4, -32(s0)
core   0: 3 0x000000008000feda (0xfee43023) mem 0x0000000080031f50 0x0000000080012042
core   0: 0x000000008000fede (0xfc442703) lw      a4, -60(s0)
core   0: 3 0x000000008000fede (0xfc442703) x14 0x0000000000000000 mem 0x0000000080031f34
core   0: 0x000000008000fee2 (0x0ff77713) andi    a4, a4, 255
core   0: 3 0x000000008000fee2 (0x0ff77713) x14 0x0000000000000000
core   0: 0x000000008000fee6 (0x00e78023) sb      a4, 0(a5)
core   0: 3 0x000000008000fee6 (0x00e78023) mem 0x0000000080012041 0x00
core   0: 0x000000008000feea (0xfc843703) ld      a4, -56(s0)
core   0: 3 0x000000008000feea (0xfc843703) x14 0x0000000080012040 mem 0x0000000080031f38
core   0: 0x000000008000feee (0xfb843783) ld      a5, -72(s0)
core   0: 3 0x000000008000feee (0xfb843783) x15 0x000000000000009c mem 0x0000000080031f28
core   0: 0x000000008000fef2 (0x000097ba) c.add   a5, a4
core   0: 3 0x000000008000fef2 (0x97ba) x15 0x00000000800120dc
core   0: 0x000000008000fef4 (0xfe043703) ld      a4, -32(s0)
core   0: 3 0x000000008000fef4 (0xfe043703) x14 0x0000000080012042 mem 0x0000000080031f50
core   0: 0x000000008000fef8 (0xfcf76de3) bltu    a4, a5, pc - 38
core   0: 3 0x000000008000fef8 (0xfcf76de3)
core   0: 0x000000008000fed2 (0xfe043783) ld      a5, -32(s0)
core   0: 3 0x000000008000fed2 (0xfe043783) x15 0x0000000080012042 mem 0x0000000080031f50
core   0: 0x000000008000fed6 (0x00178713) addi    a4, a5, 1
core   0: 3 0x000000008000fed6 (0x00178713) x14 0x0000000080012043
core   0: 0x000000008000feda (0xfee43023) sd      a4, -32(s0)
core   0: 3 0x000000008000feda (0xfee43023) mem 0x0000000080031f50 0x0000000080012043
core   0: 0x000000008000fede (0xfc442703) lw      a4, -60(s0)
core   0: 3 0x000000008000fede (0xfc442703) x14 0x0000000000000000 mem 0x0000000080031f34
core   0: 0x000000008000fee2 (0x0ff77713) andi    a4, a4, 255
core   0: 3 0x000000008000fee2 (0x0ff77713) x14 0x0000000000000000
core   0: 0x000000008000fee6 (0x00e78023) sb      a4, 0(a5)
core   0: 3 0x000000008000fee6 (0x00e78023) mem 0x0000000080012042 0x00
core   0: 0x000000008000feea (0xfc843703) ld      a4, -56(s0)
core   0: 3 0x000000008000feea (0xfc843703) x14 0x0000000080012040 mem 0x0000000080031f38
core   0: 0x000000008000feee (0xfb843783) ld      a5, -72(s0)
core   0: 3 0x000000008000feee (0xfb843783) x15 0x000000000000009c mem 0x0000000080031f28
core   0: 0x000000008000fef2 (0x000097ba) c.add   a5, a4
core   0: 3 0x000000008000fef2 (0x97ba) x15 0x00000000800120dc
core   0: 0x000000008000fef4 (0xfe043703) ld      a4, -32(s0)
core   0: 3 0x000000008000fef4 (0xfe043703) x14 0x0000000080012043 mem 0x0000000080031f50
core   0: 0x000000008000fef8 (0xfcf76de3) bltu    a4, a5, pc - 38
core   0: 3 0x000000008000fef8 (0xfcf76de3)
core   0: 0x000000008000fed2 (0xfe043783) ld      a5, -32(s0)
core   0: 3 0x000000008000fed2 (0xfe043783) x15 0x0000000080012043 mem 0x0000000080031f50
core   0: 0x000000008000fed6 (0x00178713) addi    a4, a5, 1
core   0: 3 0x000000008000fed6 (0x00178713) x14 0x0000000080012044
core   0: 0x000000008000feda (0xfee43023) sd      a4, -32(s0)
core   0: 3 0x000000008000feda (0xfee43023) mem 0x0000000080031f50 0x0000000080012044
core   0: 0x000000008000fede (0xfc442703) lw      a4, -60(s0)
core   0: 3 0x000000008000fede (0xfc442703) x14 0x0000000000000000 mem 0x0000000080031f34
core   0: 0x000000008000fee2 (0x0ff77713) andi    a4, a4, 255
core   0: 3 0x000000008000fee2 (0x0ff77713) x14 0x0000000000000000
core   0: 0x000000008000fee6 (0x00e78023) sb      a4, 0(a5)
core   0: 3 0x000000008000fee6 (0x00e78023) mem 0x0000000080012043 0x00
core   0: 0x000000008000feea (0xfc843703) ld      a4, -56(s0)
core   0: 3 0x000000008000feea (0xfc843703) x14 0x0000000080012040 mem 0x0000000080031f38
core   0: 0x000000008000feee (0xfb843783) ld      a5, -72(s0)
core   0: 3 0x000000008000feee (0xfb843783) x15 0x000000000000009c mem 0x0000000080031f28
core   0: 0x000000008000fef2 (0x000097ba) c.add   a5, a4
core   0: 3 0x000000008000fef2 (0x97ba) x15 0x00000000800120dc
core   0: 0x000000008000fef4 (0xfe043703) ld      a4, -32(s0)
core   0: 3 0x000000008000fef4 (0xfe043703) x14 0x0000000080012044 mem 0x0000000080031f50
core   0: 0x000000008000fef8 (0xfcf76de3) bltu    a4, a5, pc - 38
core   0: 3 0x000000008000fef8 (0xfcf76de3)
core   0: 0x000000008000fed2 (0xfe043783) ld      a5, -32(s0)
core   0: 3 0x000000008000fed2 (0xfe043783) x15 0x0000000080012044 mem 0x0000000080031f50
core   0: 0x000000008000fed6 (0x00178713) addi    a4, a5, 1
core   0: 3 0x000000008000fed6 (0x00178713) x14 0x0000000080012045
core   0: 0x000000008000feda (0xfee43023) sd      a4, -32(s0)
core   0: 3 0x000000008000feda (0xfee43023) mem 0x0000000080031f50 0x0000000080012045
core   0: 0x000000008000fede (0xfc442703) lw      a4, -60(s0)
core   0: 3 0x000000008000fede (0xfc442703) x14 0x0000000000000000 mem 0x0000000080031f34
core   0: 0x000000008000fee2 (0x0ff77713) andi    a4, a4, 255
core   0: 3 0x000000008000fee2 (0x0ff77713) x14 0x0000000000000000
core   0: 0x000000008000fee6 (0x00e78023) sb      a4, 0(a5)
core   0: 3 0x000000008000fee6 (0x00e78023) mem 0x0000000080012044 0x00
core   0: 0x000000008000feea (0xfc843703) ld      a4, -56(s0)
core   0: 3 0x000000008000feea (0xfc843703) x14 0x0000000080012040 mem 0x0000000080031f38
core   0: 0x000000008000feee (0xfb843783) ld      a5, -72(s0)
core   0: 3 0x000000008000feee (0xfb843783) x15 0x000000000000009c mem 0x0000000080031f28
core   0: 0x000000008000fef2 (0x000097ba) c.add   a5, a4
core   0: 3 0x000000008000fef2 (0x97ba) x15 0x00000000800120dc
core   0: 0x000000008000fef4 (0xfe043703) ld      a4, -32(s0)
core   0: 3 0x000000008000fef4 (0xfe043703) x14 0x0000000080012045 mem 0x0000000080031f50
core   0: 0x000000008000fef8 (0xfcf76de3) bltu    a4, a5, pc - 38
core   0: 3 0x000000008000fef8 (0xfcf76de3)
core   0: 0x000000008000fed2 (0xfe043783) ld      a5, -32(s0)
core   0: 3 0x000000008000fed2 (0xfe043783) x15 0x0000000080012045 mem 0x0000000080031f50
core   0: 0x000000008000fed6 (0x00178713) addi    a4, a5, 1
core   0: 3 0x000000008000fed6 (0x00178713) x14 0x0000000080012046
core   0: 0x000000008000feda (0xfee43023) sd      a4, -32(s0)
core   0: 3 0x000000008000feda (0xfee43023) mem 0x0000000080031f50 0x0000000080012046
core   0: 0x000000008000fede (0xfc442703) lw      a4, -60(s0)
core   0: 3 0x000000008000fede (0xfc442703) x14 0x0000000000000000 mem 0x0000000080031f34
core   0: 0x000000008000fee2 (0x0ff77713) andi    a4, a4, 255
core   0: 3 0x000000008000fee2 (0x0ff77713) x14 0x0000000000000000
core   0: 0x000000008000fee6 (0x00e78023) sb      a4, 0(a5)
core   0: 3 0x000000008000fee6 (0x00e78023) mem 0x0000000080012045 0x00
core   0: 0x000000008000feea (0xfc843703) ld      a4, -56(s0)
core   0: 3 0x000000008000feea (0xfc843703) x14 0x0000000080012040 mem 0x0000000080031f38
core   0: 0x000000008000feee (0xfb843783) ld      a5, -72(s0)
core   0: 3 0x000000008000feee (0xfb843783) x15 0x000000000000009c mem 0x0000000080031f28
core   0: 0x000000008000fef2 (0x000097ba) c.add   a5, a4
core   0: 3 0x000000008000fef2 (0x97ba) x15 0x00000000800120dc
core   0: 0x000000008000fef4 (0xfe043703) ld      a4, -32(s0)
core   0: 3 0x000000008000fef4 (0xfe043703) x14 0x0000000080012046 mem 0x0000000080031f50
core   0: 0x000000008000fef8 (0xfcf76de3) bltu    a4, a5, pc - 38
core   0: 3 0x000000008000fef8 (0xfcf76de3)
core   0: 0x000000008000fed2 (0xfe043783) ld      a5, -32(s0)
core   0: 3 0x000000008000fed2 (0xfe043783) x15 0x0000000080012046 mem 0x0000000080031f50
core   0: 0x000000008000fed6 (0x00178713) addi    a4, a5, 1
core   0: 3 0x000000008000fed6 (0x00178713) x14 0x0000000080012047
core   0: 0x000000008000feda (0xfee43023) sd      a4, -32(s0)
core   0: 3 0x000000008000feda (0xfee43023) mem 0x0000000080031f50 0x0000000080012047
core   0: 0x000000008000fede (0xfc442703) lw      a4, -60(s0)
core   0: 3 0x000000008000fede (0xfc442703) x14 0x0000000000000000 mem 0x0000000080031f34
core   0: 0x000000008000fee2 (0x0ff77713) andi    a4, a4, 255
core   0: 3 0x000000008000fee2 (0x0ff77713) x14 0x0000000000000000
core   0: 0x000000008000fee6 (0x00e78023) sb      a4, 0(a5)
core   0: 3 0x000000008000fee6 (0x00e78023) mem 0x0000000080012046 0x00
core   0: 0x000000008000feea (0xfc843703) ld      a4, -56(s0)
core   0: 3 0x000000008000feea (0xfc843703) x14 0x0000000080012040 mem 0x0000000080031f38
core   0: 0x000000008000feee (0xfb843783) ld      a5, -72(s0)
core   0: 3 0x000000008000feee (0xfb843783) x15 0x000000000000009c mem 0x0000000080031f28
core   0: 0x000000008000fef2 (0x000097ba) c.add   a5, a4
core   0: 3 0x000000008000fef2 (0x97ba) x15 0x00000000800120dc
core   0: 0x000000008000fef4 (0xfe043703) ld      a4, -32(s0)
core   0: 3 0x000000008000fef4 (0xfe043703) x14 0x0000000080012047 mem 0x0000000080031f50
core   0: 0x000000008000fef8 (0xfcf76de3) bltu    a4, a5, pc - 38
core   0: 3 0x000000008000fef8 (0xfcf76de3)
core   0: 0x000000008000fed2 (0xfe043783) ld      a5, -32(s0)
core   0: 3 0x000000008000fed2 (0xfe043783) x15 0x0000000080012047 mem 0x0000000080031f50
core   0: 0x000000008000fed6 (0x00178713) addi    a4, a5, 1
core   0: 3 0x000000008000fed6 (0x00178713) x14 0x0000000080012048
core   0: 0x000000008000feda (0xfee43023) sd      a4, -32(s0)
core   0: 3 0x000000008000feda (0xfee43023) mem 0x0000000080031f50 0x0000000080012048
core   0: 0x000000008000fede (0xfc442703) lw      a4, -60(s0)
core   0: 3 0x000000008000fede (0xfc442703) x14 0x0000000000000000 mem 0x0000000080031f34
core   0: 0x000000008000fee2 (0x0ff77713) andi    a4, a4, 255
core   0: 3 0x000000008000fee2 (0x0ff77713) x14 0x0000000000000000
core   0: 0x000000008000fee6 (0x00e78023) sb      a4, 0(a5)
core   0: 3 0x000000008000fee6 (0x00e78023) mem 0x0000000080012047 0x00
core   0: 0x000000008000feea (0xfc843703) ld      a4, -56(s0)
core   0: 3 0x000000008000feea (0xfc843703) x14 0x0000000080012040 mem 0x0000000080031f38
core   0: 0x000000008000feee (0xfb843783) ld      a5, -72(s0)
core   0: 3 0x000000008000feee (0xfb843783) x15 0x000000000000009c mem 0x0000000080031f28
core   0: 0x000000008000fef2 (0x000097ba) c.add   a5, a4
core   0: 3 0x000000008000fef2 (0x97ba) x15 0x00000000800120dc
core   0: 0x000000008000fef4 (0xfe043703) ld      a4, -32(s0)
core   0: 3 0x000000008000fef4 (0xfe043703) x14 0x0000000080012048 mem 0x0000000080031f50
core   0: 0x000000008000fef8 (0xfcf76de3) bltu    a4, a5, pc - 38
core   0: 3 0x000000008000fef8 (0xfcf76de3)
core   0: 0x000000008000fed2 (0xfe043783) ld      a5, -32(s0)
core   0: 3 0x000000008000fed2 (0xfe043783) x15 0x0000000080012048 mem 0x0000000080031f50
core   0: 0x000000008000fed6 (0x00178713) addi    a4, a5, 1
core   0: 3 0x000000008000fed6 (0x00178713) x14 0x0000000080012049
core   0: 0x000000008000feda (0xfee43023) sd      a4, -32(s0)
core   0: 3 0x000000008000feda (0xfee43023) mem 0x0000000080031f50 0x0000000080012049
core   0: 0x000000008000fede (0xfc442703) lw      a4, -60(s0)
core   0: 3 0x000000008000fede (0xfc442703) x14 0x0000000000000000 mem 0x0000000080031f34
core   0: 0x000000008000fee2 (0x0ff77713) andi    a4, a4, 255
core   0: 3 0x000000008000fee2 (0x0ff77713) x14 0x0000000000000000
core   0: 0x000000008000fee6 (0x00e78023) sb      a4, 0(a5)
core   0: 3 0x000000008000fee6 (0x00e78023) mem 0x0000000080012048 0x00
core   0: 0x000000008000feea (0xfc843703) ld      a4, -56(s0)
core   0: 3 0x000000008000feea (0xfc843703) x14 0x0000000080012040 mem 0x0000000080031f38
core   0: 0x000000008000feee (0xfb843783) ld      a5, -72(s0)
core   0: 3 0x000000008000feee (0xfb843783) x15 0x000000000000009c mem 0x0000000080031f28
core   0: 0x000000008000fef2 (0x000097ba) c.add   a5, a4
core   0: 3 0x000000008000fef2 (0x97ba) x15 0x00000000800120dc
core   0: 0x000000008000fef4 (0xfe043703) ld      a4, -32(s0)
core   0: 3 0x000000008000fef4 (0xfe043703) x14 0x0000000080012049 mem 0x0000000080031f50
core   0: 0x000000008000fef8 (0xfcf76de3) bltu    a4, a5, pc - 38
core   0: 3 0x000000008000fef8 (0xfcf76de3)
core   0: 0x000000008000fed2 (0xfe043783) ld      a5, -32(s0)
core   0: 3 0x000000008000fed2 (0xfe043783) x15 0x0000000080012049 mem 0x0000000080031f50
core   0: 0x000000008000fed6 (0x00178713) addi    a4, a5, 1
core   0: 3 0x000000008000fed6 (0x00178713) x14 0x000000008001204a
core   0: 0x000000008000feda (0xfee43023) sd      a4, -32(s0)
core   0: 3 0x000000008000feda (0xfee43023) mem 0x0000000080031f50 0x000000008001204a
core   0: 0x000000008000fede (0xfc442703) lw      a4, -60(s0)
core   0: 3 0x000000008000fede (0xfc442703) x14 0x0000000000000000 mem 0x0000000080031f34
core   0: 0x000000008000fee2 (0x0ff77713) andi    a4, a4, 255
core   0: 3 0x000000008000fee2 (0x0ff77713) x14 0x0000000000000000
core   0: 0x000000008000fee6 (0x00e78023) sb      a4, 0(a5)
core   0: 3 0x000000008000fee6 (0x00e78023) mem 0x0000000080012049 0x00
core   0: 0x000000008000feea (0xfc843703) ld      a4, -56(s0)
core   0: 3 0x000000008000feea (0xfc843703) x14 0x0000000080012040 mem 0x0000000080031f38
core   0: 0x000000008000feee (0xfb843783) ld      a5, -72(s0)
core   0: 3 0x000000008000feee (0xfb843783) x15 0x000000000000009c mem 0x0000000080031f28
core   0: 0x000000008000fef2 (0x000097ba) c.add   a5, a4
core   0: 3 0x000000008000fef2 (0x97ba) x15 0x00000000800120dc
core   0: 0x000000008000fef4 (0xfe043703) ld      a4, -32(s0)
core   0: 3 0x000000008000fef4 (0xfe043703) x14 0x000000008001204a mem 0x0000000080031f50
core   0: 0x000000008000fef8 (0xfcf76de3) bltu    a4, a5, pc - 38
core   0: 3 0x000000008000fef8 (0xfcf76de3)
core   0: 0x000000008000fed2 (0xfe043783) ld      a5, -32(s0)
core   0: 3 0x000000008000fed2 (0xfe043783) x15 0x000000008001204a mem 0x0000000080031f50
core   0: 0x000000008000fed6 (0x00178713) addi    a4, a5, 1
core   0: 3 0x000000008000fed6 (0x00178713) x14 0x000000008001204b
core   0: 0x000000008000feda (0xfee43023) sd      a4, -32(s0)
core   0: 3 0x000000008000feda (0xfee43023) mem 0x0000000080031f50 0x000000008001204b
core   0: 0x000000008000fede (0xfc442703) lw      a4, -60(s0)
core   0: 3 0x000000008000fede (0xfc442703) x14 0x0000000000000000 mem 0x0000000080031f34
core   0: 0x000000008000fee2 (0x0ff77713) andi    a4, a4, 255
core   0: 3 0x000000008000fee2 (0x0ff77713) x14 0x0000000000000000
core   0: 0x000000008000fee6 (0x00e78023) sb      a4, 0(a5)
core   0: 3 0x000000008000fee6 (0x00e78023) mem 0x000000008001204a 0x00
core   0: 0x000000008000feea (0xfc843703) ld      a4, -56(s0)
core   0: 3 0x000000008000feea (0xfc843703) x14 0x0000000080012040 mem 0x0000000080031f38
core   0: 0x000000008000feee (0xfb843783) ld      a5, -72(s0)
core   0: 3 0x000000008000feee (0xfb843783) x15 0x000000000000009c mem 0x0000000080031f28
core   0: 0x000000008000fef2 (0x000097ba) c.add   a5, a4
core   0: 3 0x000000008000fef2 (0x97ba) x15 0x00000000800120dc
core   0: 0x000000008000fef4 (0xfe043703) ld      a4, -32(s0)
core   0: 3 0x000000008000fef4 (0xfe043703) x14 0x000000008001204b mem 0x0000000080031f50
core   0: 0x000000008000fef8 (0xfcf76de3) bltu    a4, a5, pc - 38
core   0: 3 0x000000008000fef8 (0xfcf76de3)
core   0: 0x000000008000fed2 (0xfe043783) ld      a5, -32(s0)
core   0: 3 0x000000008000fed2 (0xfe043783) x15 0x000000008001204b mem 0x0000000080031f50
core   0: 0x000000008000fed6 (0x00178713) addi    a4, a5, 1
core   0: 3 0x000000008000fed6 (0x00178713) x14 0x000000008001204c
core   0: 0x000000008000feda (0xfee43023) sd      a4, -32(s0)
core   0: 3 0x000000008000feda (0xfee43023) mem 0x0000000080031f50 0x000000008001204c
core   0: 0x000000008000fede (0xfc442703) lw      a4, -60(s0)
core   0: 3 0x000000008000fede (0xfc442703) x14 0x0000000000000000 mem 0x0000000080031f34
core   0: 0x000000008000fee2 (0x0ff77713) andi    a4, a4, 255
core   0: 3 0x000000008000fee2 (0x0ff77713) x14 0x0000000000000000
core   0: 0x000000008000fee6 (0x00e78023) sb      a4, 0(a5)
core   0: 3 0x000000008000fee6 (0x00e78023) mem 0x000000008001204b 0x00
core   0: 0x000000008000feea (0xfc843703) ld      a4, -56(s0)
core   0: 3 0x000000008000feea (0xfc843703) x14 0x0000000080012040 mem 0x0000000080031f38
core   0: 0x000000008000feee (0xfb843783) ld      a5, -72(s0)
core   0: 3 0x000000008000feee (0xfb843783) x15 0x000000000000009c mem 0x0000000080031f28
core   0: 0x000000008000fef2 (0x000097ba) c.add   a5, a4
core   0: 3 0x000000008000fef2 (0x97ba) x15 0x00000000800120dc
core   0: 0x000000008000fef4 (0xfe043703) ld      a4, -32(s0)
core   0: 3 0x000000008000fef4 (0xfe043703) x14 0x000000008001204c mem 0x0000000080031f50
core   0: 0x000000008000fef8 (0xfcf76de3) bltu    a4, a5, pc - 38
core   0: 3 0x000000008000fef8 (0xfcf76de3)
core   0: 0x000000008000fed2 (0xfe043783) ld      a5, -32(s0)
core   0: 3 0x000000008000fed2 (0xfe043783) x15 0x000000008001204c mem 0x0000000080031f50
core   0: 0x000000008000fed6 (0x00178713) addi    a4, a5, 1
core   0: 3 0x000000008000fed6 (0x00178713) x14 0x000000008001204d
core   0: 0x000000008000feda (0xfee43023) sd      a4, -32(s0)
core   0: 3 0x000000008000feda (0xfee43023) mem 0x0000000080031f50 0x000000008001204d
core   0: 0x000000008000fede (0xfc442703) lw      a4, -60(s0)
core   0: 3 0x000000008000fede (0xfc442703) x14 0x0000000000000000 mem 0x0000000080031f34
core   0: 0x000000008000fee2 (0x0ff77713) andi    a4, a4, 255
core   0: 3 0x000000008000fee2 (0x0ff77713) x14 0x0000000000000000
core   0: 0x000000008000fee6 (0x00e78023) sb      a4, 0(a5)
core   0: 3 0x000000008000fee6 (0x00e78023) mem 0x000000008001204c 0x00
core   0: 0x000000008000feea (0xfc843703) ld      a4, -56(s0)
core   0: 3 0x000000008000feea (0xfc843703) x14 0x0000000080012040 mem 0x0000000080031f38
core   0: 0x000000008000feee (0xfb843783) ld      a5, -72(s0)
core   0: 3 0x000000008000feee (0xfb843783) x15 0x000000000000009c mem 0x0000000080031f28
core   0: 0x000000008000fef2 (0x000097ba) c.add   a5, a4
core   0: 3 0x000000008000fef2 (0x97ba) x15 0x00000000800120dc
core   0: 0x000000008000fef4 (0xfe043703) ld      a4, -32(s0)
core   0: 3 0x000000008000fef4 (0xfe043703) x14 0x000000008001204d mem 0x0000000080031f50
core   0: 0x000000008000fef8 (0xfcf76de3) bltu    a4, a5, pc - 38
core   0: 3 0x000000008000fef8 (0xfcf76de3)
core   0: 0x000000008000fed2 (0xfe043783) ld      a5, -32(s0)
core   0: 3 0x000000008000fed2 (0xfe043783) x15 0x000000008001204d mem 0x0000000080031f50
core   0: 0x000000008000fed6 (0x00178713) addi    a4, a5, 1
core   0: 3 0x000000008000fed6 (0x00178713) x14 0x000000008001204e
core   0: 0x000000008000feda (0xfee43023) sd      a4, -32(s0)
core   0: 3 0x000000008000feda (0xfee43023) mem 0x0000000080031f50 0x000000008001204e
core   0: 0x000000008000fede (0xfc442703) lw      a4, -60(s0)
core   0: 3 0x000000008000fede (0xfc442703) x14 0x0000000000000000 mem 0x0000000080031f34
core   0: 0x000000008000fee2 (0x0ff77713) andi    a4, a4, 255
core   0: 3 0x000000008000fee2 (0x0ff77713) x14 0x0000000000000000
core   0: 0x000000008000fee6 (0x00e78023) sb      a4, 0(a5)
core   0: 3 0x000000008000fee6 (0x00e78023) mem 0x000000008001204d 0x00
core   0: 0x000000008000feea (0xfc843703) ld      a4, -56(s0)
core   0: 3 0x000000008000feea (0xfc843703) x14 0x0000000080012040 mem 0x0000000080031f38
core   0: 0x000000008000feee (0xfb843783) ld      a5, -72(s0)
core   0: 3 0x000000008000feee (0xfb843783) x15 0x000000000000009c mem 0x0000000080031f28
core   0: 0x000000008000fef2 (0x000097ba) c.add   a5, a4
core   0: 3 0x000000008000fef2 (0x97ba) x15 0x00000000800120dc
core   0: 0x000000008000fef4 (0xfe043703) ld      a4, -32(s0)
core   0: 3 0x000000008000fef4 (0xfe043703) x14 0x000000008001204e mem 0x0000000080031f50
core   0: 0x000000008000fef8 (0xfcf76de3) bltu    a4, a5, pc - 38
core   0: 3 0x000000008000fef8 (0xfcf76de3)
core   0: 0x000000008000fed2 (0xfe043783) ld      a5, -32(s0)
core   0: 3 0x000000008000fed2 (0xfe043783) x15 0x000000008001204e mem 0x0000000080031f50
core   0: 0x000000008000fed6 (0x00178713) addi    a4, a5, 1
core   0: 3 0x000000008000fed6 (0x00178713) x14 0x000000008001204f
core   0: 0x000000008000feda (0xfee43023) sd      a4, -32(s0)
core   0: 3 0x000000008000feda (0xfee43023) mem 0x0000000080031f50 0x000000008001204f
core   0: 0x000000008000fede (0xfc442703) lw      a4, -60(s0)
core   0: 3 0x000000008000fede (0xfc442703) x14 0x0000000000000000 mem 0x0000000080031f34
core   0: 0x000000008000fee2 (0x0ff77713) andi    a4, a4, 255
core   0: 3 0x000000008000fee2 (0x0ff77713) x14 0x0000000000000000
core   0: 0x000000008000fee6 (0x00e78023) sb      a4, 0(a5)
core   0: 3 0x000000008000fee6 (0x00e78023) mem 0x000000008001204e 0x00
core   0: 0x000000008000feea (0xfc843703) ld      a4, -56(s0)
core   0: 3 0x000000008000feea (0xfc843703) x14 0x0000000080012040 mem 0x0000000080031f38
core   0: 0x000000008000feee (0xfb843783) ld      a5, -72(s0)
core   0: 3 0x000000008000feee (0xfb843783) x15 0x000000000000009c mem 0x0000000080031f28
core   0: 0x000000008000fef2 (0x000097ba) c.add   a5, a4
core   0: 3 0x000000008000fef2 (0x97ba) x15 0x00000000800120dc
core   0: 0x000000008000fef4 (0xfe043703) ld      a4, -32(s0)
core   0: 3 0x000000008000fef4 (0xfe043703) x14 0x000000008001204f mem 0x0000000080031f50
core   0: 0x000000008000fef8 (0xfcf76de3) bltu    a4, a5, pc - 38
core   0: 3 0x000000008000fef8 (0xfcf76de3)
core   0: 0x000000008000fed2 (0xfe043783) ld      a5, -32(s0)
core   0: 3 0x000000008000fed2 (0xfe043783) x15 0x000000008001204f mem 0x0000000080031f50
core   0: 0x000000008000fed6 (0x00178713) addi    a4, a5, 1
core   0: 3 0x000000008000fed6 (0x00178713) x14 0x0000000080012050
core   0: 0x000000008000feda (0xfee43023) sd      a4, -32(s0)
core   0: 3 0x000000008000feda (0xfee43023) mem 0x0000000080031f50 0x0000000080012050
core   0: 0x000000008000fede (0xfc442703) lw      a4, -60(s0)
core   0: 3 0x000000008000fede (0xfc442703) x14 0x0000000000000000 mem 0x0000000080031f34
core   0: 0x000000008000fee2 (0x0ff77713) andi    a4, a4, 255
core   0: 3 0x000000008000fee2 (0x0ff77713) x14 0x0000000000000000
core   0: 0x000000008000fee6 (0x00e78023) sb      a4, 0(a5)
core   0: 3 0x000000008000fee6 (0x00e78023) mem 0x000000008001204f 0x00
core   0: 0x000000008000feea (0xfc843703) ld      a4, -56(s0)
core   0: 3 0x000000008000feea (0xfc843703) x14 0x0000000080012040 mem 0x0000000080031f38
core   0: 0x000000008000feee (0xfb843783) ld      a5, -72(s0)
core   0: 3 0x000000008000feee (0xfb843783) x15 0x000000000000009c mem 0x0000000080031f28
core   0: 0x000000008000fef2 (0x000097ba) c.add   a5, a4
core   0: 3 0x000000008000fef2 (0x97ba) x15 0x00000000800120dc
core   0: 0x000000008000fef4 (0xfe043703) ld      a4, -32(s0)
core   0: 3 0x000000008000fef4 (0xfe043703) x14 0x0000000080012050 mem 0x0000000080031f50
core   0: 0x000000008000fef8 (0xfcf76de3) bltu    a4, a5, pc - 38
core   0: 3 0x000000008000fef8 (0xfcf76de3)
core   0: 0x000000008000fed2 (0xfe043783) ld      a5, -32(s0)
core   0: 3 0x000000008000fed2 (0xfe043783) x15 0x0000000080012050 mem 0x0000000080031f50
core   0: 0x000000008000fed6 (0x00178713) addi    a4, a5, 1
core   0: 3 0x000000008000fed6 (0x00178713) x14 0x0000000080012051
core   0: 0x000000008000feda (0xfee43023) sd      a4, -32(s0)
core   0: 3 0x000000008000feda (0xfee43023) mem 0x0000000080031f50 0x0000000080012051
core   0: 0x000000008000fede (0xfc442703) lw      a4, -60(s0)
core   0: 3 0x000000008000fede (0xfc442703) x14 0x0000000000000000 mem 0x0000000080031f34
core   0: 0x000000008000fee2 (0x0ff77713) andi    a4, a4, 255
core   0: 3 0x000000008000fee2 (0x0ff77713) x14 0x0000000000000000
core   0: 0x000000008000fee6 (0x00e78023) sb      a4, 0(a5)
core   0: 3 0x000000008000fee6 (0x00e78023) mem 0x0000000080012050 0x00
core   0: 0x000000008000feea (0xfc843703) ld      a4, -56(s0)
core   0: 3 0x000000008000feea (0xfc843703) x14 0x0000000080012040 mem 0x0000000080031f38
core   0: 0x000000008000feee (0xfb843783) ld      a5, -72(s0)
core   0: 3 0x000000008000feee (0xfb843783) x15 0x000000000000009c mem 0x0000000080031f28
core   0: 0x000000008000fef2 (0x000097ba) c.add   a5, a4
core   0: 3 0x000000008000fef2 (0x97ba) x15 0x00000000800120dc
core   0: 0x000000008000fef4 (0xfe043703) ld      a4, -32(s0)
core   0: 3 0x000000008000fef4 (0xfe043703) x14 0x0000000080012051 mem 0x0000000080031f50
core   0: 0x000000008000fef8 (0xfcf76de3) bltu    a4, a5, pc - 38
core   0: 3 0x000000008000fef8 (0xfcf76de3)
core   0: 0x000000008000fed2 (0xfe043783) ld      a5, -32(s0)
core   0: 3 0x000000008000fed2 (0xfe043783) x15 0x0000000080012051 mem 0x0000000080031f50
core   0: 0x000000008000fed6 (0x00178713) addi    a4, a5, 1
core   0: 3 0x000000008000fed6 (0x00178713) x14 0x0000000080012052
core   0: 0x000000008000feda (0xfee43023) sd      a4, -32(s0)
core   0: 3 0x000000008000feda (0xfee43023) mem 0x0000000080031f50 0x0000000080012052
core   0: 0x000000008000fede (0xfc442703) lw      a4, -60(s0)
core   0: 3 0x000000008000fede (0xfc442703) x14 0x0000000000000000 mem 0x0000000080031f34
core   0: 0x000000008000fee2 (0x0ff77713) andi    a4, a4, 255
core   0: 3 0x000000008000fee2 (0x0ff77713) x14 0x0000000000000000
core   0: 0x000000008000fee6 (0x00e78023) sb      a4, 0(a5)
core   0: 3 0x000000008000fee6 (0x00e78023) mem 0x0000000080012051 0x00
core   0: 0x000000008000feea (0xfc843703) ld      a4, -56(s0)
core   0: 3 0x000000008000feea (0xfc843703) x14 0x0000000080012040 mem 0x0000000080031f38
core   0: 0x000000008000feee (0xfb843783) ld      a5, -72(s0)
core   0: 3 0x000000008000feee (0xfb843783) x15 0x000000000000009c mem 0x0000000080031f28
core   0: 0x000000008000fef2 (0x000097ba) c.add   a5, a4
core   0: 3 0x000000008000fef2 (0x97ba) x15 0x00000000800120dc
core   0: 0x000000008000fef4 (0xfe043703) ld      a4, -32(s0)
core   0: 3 0x000000008000fef4 (0xfe043703) x14 0x0000000080012052 mem 0x0000000080031f50
core   0: 0x000000008000fef8 (0xfcf76de3) bltu    a4, a5, pc - 38
core   0: 3 0x000000008000fef8 (0xfcf76de3)
core   0: 0x000000008000fed2 (0xfe043783) ld      a5, -32(s0)
core   0: 3 0x000000008000fed2 (0xfe043783) x15 0x0000000080012052 mem 0x0000000080031f50
core   0: 0x000000008000fed6 (0x00178713) addi    a4, a5, 1
core   0: 3 0x000000008000fed6 (0x00178713) x14 0x0000000080012053
core   0: 0x000000008000feda (0xfee43023) sd      a4, -32(s0)
core   0: 3 0x000000008000feda (0xfee43023) mem 0x0000000080031f50 0x0000000080012053
core   0: 0x000000008000fede (0xfc442703) lw      a4, -60(s0)
core   0: 3 0x000000008000fede (0xfc442703) x14 0x0000000000000000 mem 0x0000000080031f34
core   0: 0x000000008000fee2 (0x0ff77713) andi    a4, a4, 255
core   0: 3 0x000000008000fee2 (0x0ff77713) x14 0x0000000000000000
core   0: 0x000000008000fee6 (0x00e78023) sb      a4, 0(a5)
core   0: 3 0x000000008000fee6 (0x00e78023) mem 0x0000000080012052 0x00
core   0: 0x000000008000feea (0xfc843703) ld      a4, -56(s0)
core   0: 3 0x000000008000feea (0xfc843703) x14 0x0000000080012040 mem 0x0000000080031f38
core   0: 0x000000008000feee (0xfb843783) ld      a5, -72(s0)
core   0: 3 0x000000008000feee (0xfb843783) x15 0x000000000000009c mem 0x0000000080031f28
core   0: 0x000000008000fef2 (0x000097ba) c.add   a5, a4
core   0: 3 0x000000008000fef2 (0x97ba) x15 0x00000000800120dc
core   0: 0x000000008000fef4 (0xfe043703) ld      a4, -32(s0)
core   0: 3 0x000000008000fef4 (0xfe043703) x14 0x0000000080012053 mem 0x0000000080031f50
core   0: 0x000000008000fef8 (0xfcf76de3) bltu    a4, a5, pc - 38
core   0: 3 0x000000008000fef8 (0xfcf76de3)
core   0: 0x000000008000fed2 (0xfe043783) ld      a5, -32(s0)
core   0: 3 0x000000008000fed2 (0xfe043783) x15 0x0000000080012053 mem 0x0000000080031f50
core   0: 0x000000008000fed6 (0x00178713) addi    a4, a5, 1
core   0: 3 0x000000008000fed6 (0x00178713) x14 0x0000000080012054
core   0: 0x000000008000feda (0xfee43023) sd      a4, -32(s0)
core   0: 3 0x000000008000feda (0xfee43023) mem 0x0000000080031f50 0x0000000080012054
core   0: 0x000000008000fede (0xfc442703) lw      a4, -60(s0)
core   0: 3 0x000000008000fede (0xfc442703) x14 0x0000000000000000 mem 0x0000000080031f34
core   0: 0x000000008000fee2 (0x0ff77713) andi    a4, a4, 255
core   0: 3 0x000000008000fee2 (0x0ff77713) x14 0x0000000000000000
core   0: 0x000000008000fee6 (0x00e78023) sb      a4, 0(a5)
core   0: 3 0x000000008000fee6 (0x00e78023) mem 0x0000000080012053 0x00
core   0: 0x000000008000feea (0xfc843703) ld      a4, -56(s0)
core   0: 3 0x000000008000feea (0xfc843703) x14 0x0000000080012040 mem 0x0000000080031f38
core   0: 0x000000008000feee (0xfb843783) ld      a5, -72(s0)
core   0: 3 0x000000008000feee (0xfb843783) x15 0x000000000000009c mem 0x0000000080031f28
core   0: 0x000000008000fef2 (0x000097ba) c.add   a5, a4
core   0: 3 0x000000008000fef2 (0x97ba) x15 0x00000000800120dc
core   0: 0x000000008000fef4 (0xfe043703) ld      a4, -32(s0)
core   0: 3 0x000000008000fef4 (0xfe043703) x14 0x0000000080012054 mem 0x0000000080031f50
core   0: 0x000000008000fef8 (0xfcf76de3) bltu    a4, a5, pc - 38
core   0: 3 0x000000008000fef8 (0xfcf76de3)
core   0: 0x000000008000fed2 (0xfe043783) ld      a5, -32(s0)
core   0: 3 0x000000008000fed2 (0xfe043783) x15 0x0000000080012054 mem 0x0000000080031f50
core   0: 0x000000008000fed6 (0x00178713) addi    a4, a5, 1
core   0: 3 0x000000008000fed6 (0x00178713) x14 0x0000000080012055
core   0: 0x000000008000feda (0xfee43023) sd      a4, -32(s0)
core   0: 3 0x000000008000feda (0xfee43023) mem 0x0000000080031f50 0x0000000080012055
core   0: 0x000000008000fede (0xfc442703) lw      a4, -60(s0)
core   0: 3 0x000000008000fede (0xfc442703) x14 0x0000000000000000 mem 0x0000000080031f34
core   0: 0x000000008000fee2 (0x0ff77713) andi    a4, a4, 255
core   0: 3 0x000000008000fee2 (0x0ff77713) x14 0x0000000000000000
core   0: 0x000000008000fee6 (0x00e78023) sb      a4, 0(a5)
core   0: 3 0x000000008000fee6 (0x00e78023) mem 0x0000000080012054 0x00
core   0: 0x000000008000feea (0xfc843703) ld      a4, -56(s0)
core   0: 3 0x000000008000feea (0xfc843703) x14 0x0000000080012040 mem 0x0000000080031f38
core   0: 0x000000008000feee (0xfb843783) ld      a5, -72(s0)
core   0: 3 0x000000008000feee (0xfb843783) x15 0x000000000000009c mem 0x0000000080031f28
core   0: 0x000000008000fef2 (0x000097ba) c.add   a5, a4
core   0: 3 0x000000008000fef2 (0x97ba) x15 0x00000000800120dc
core   0: 0x000000008000fef4 (0xfe043703) ld      a4, -32(s0)
core   0: 3 0x000000008000fef4 (0xfe043703) x14 0x0000000080012055 mem 0x0000000080031f50
core   0: 0x000000008000fef8 (0xfcf76de3) bltu    a4, a5, pc - 38
core   0: 3 0x000000008000fef8 (0xfcf76de3)
core   0: 0x000000008000fed2 (0xfe043783) ld      a5, -32(s0)
core   0: 3 0x000000008000fed2 (0xfe043783) x15 0x0000000080012055 mem 0x0000000080031f50
core   0: 0x000000008000fed6 (0x00178713) addi    a4, a5, 1
core   0: 3 0x000000008000fed6 (0x00178713) x14 0x0000000080012056
core   0: 0x000000008000feda (0xfee43023) sd      a4, -32(s0)
core   0: 3 0x000000008000feda (0xfee43023) mem 0x0000000080031f50 0x0000000080012056
core   0: 0x000000008000fede (0xfc442703) lw      a4, -60(s0)
core   0: 3 0x000000008000fede (0xfc442703) x14 0x0000000000000000 mem 0x0000000080031f34
core   0: 0x000000008000fee2 (0x0ff77713) andi    a4, a4, 255
core   0: 3 0x000000008000fee2 (0x0ff77713) x14 0x0000000000000000
core   0: 0x000000008000fee6 (0x00e78023) sb      a4, 0(a5)
core   0: 3 0x000000008000fee6 (0x00e78023) mem 0x0000000080012055 0x00
core   0: 0x000000008000feea (0xfc843703) ld      a4, -56(s0)
core   0: 3 0x000000008000feea (0xfc843703) x14 0x0000000080012040 mem 0x0000000080031f38
core   0: 0x000000008000feee (0xfb843783) ld      a5, -72(s0)
core   0: 3 0x000000008000feee (0xfb843783) x15 0x000000000000009c mem 0x0000000080031f28
core   0: 0x000000008000fef2 (0x000097ba) c.add   a5, a4
core   0: 3 0x000000008000fef2 (0x97ba) x15 0x00000000800120dc
core   0: 0x000000008000fef4 (0xfe043703) ld      a4, -32(s0)
core   0: 3 0x000000008000fef4 (0xfe043703) x14 0x0000000080012056 mem 0x0000000080031f50
core   0: 0x000000008000fef8 (0xfcf76de3) bltu    a4, a5, pc - 38
core   0: 3 0x000000008000fef8 (0xfcf76de3)
core   0: 0x000000008000fed2 (0xfe043783) ld      a5, -32(s0)
core   0: 3 0x000000008000fed2 (0xfe043783) x15 0x0000000080012056 mem 0x0000000080031f50
core   0: 0x000000008000fed6 (0x00178713) addi    a4, a5, 1
core   0: 3 0x000000008000fed6 (0x00178713) x14 0x0000000080012057
core   0: 0x000000008000feda (0xfee43023) sd      a4, -32(s0)
core   0: 3 0x000000008000feda (0xfee43023) mem 0x0000000080031f50 0x0000000080012057
core   0: 0x000000008000fede (0xfc442703) lw      a4, -60(s0)
core   0: 3 0x000000008000fede (0xfc442703) x14 0x0000000000000000 mem 0x0000000080031f34
core   0: 0x000000008000fee2 (0x0ff77713) andi    a4, a4, 255
core   0: 3 0x000000008000fee2 (0x0ff77713) x14 0x0000000000000000
core   0: 0x000000008000fee6 (0x00e78023) sb      a4, 0(a5)
core   0: 3 0x000000008000fee6 (0x00e78023) mem 0x0000000080012056 0x00
core   0: 0x000000008000feea (0xfc843703) ld      a4, -56(s0)
core   0: 3 0x000000008000feea (0xfc843703) x14 0x0000000080012040 mem 0x0000000080031f38
core   0: 0x000000008000feee (0xfb843783) ld      a5, -72(s0)
core   0: 3 0x000000008000feee (0xfb843783) x15 0x000000000000009c mem 0x0000000080031f28
core   0: 0x000000008000fef2 (0x000097ba) c.add   a5, a4
core   0: 3 0x000000008000fef2 (0x97ba) x15 0x00000000800120dc
core   0: 0x000000008000fef4 (0xfe043703) ld      a4, -32(s0)
core   0: 3 0x000000008000fef4 (0xfe043703) x14 0x0000000080012057 mem 0x0000000080031f50
core   0: 0x000000008000fef8 (0xfcf76de3) bltu    a4, a5, pc - 38
core   0: 3 0x000000008000fef8 (0xfcf76de3)
core   0: 0x000000008000fed2 (0xfe043783) ld      a5, -32(s0)
core   0: 3 0x000000008000fed2 (0xfe043783) x15 0x0000000080012057 mem 0x0000000080031f50
core   0: 0x000000008000fed6 (0x00178713) addi    a4, a5, 1
core   0: 3 0x000000008000fed6 (0x00178713) x14 0x0000000080012058
core   0: 0x000000008000feda (0xfee43023) sd      a4, -32(s0)
core   0: 3 0x000000008000feda (0xfee43023) mem 0x0000000080031f50 0x0000000080012058
core   0: 0x000000008000fede (0xfc442703) lw      a4, -60(s0)
core   0: 3 0x000000008000fede (0xfc442703) x14 0x0000000000000000 mem 0x0000000080031f34
core   0: 0x000000008000fee2 (0x0ff77713) andi    a4, a4, 255
core   0: 3 0x000000008000fee2 (0x0ff77713) x14 0x0000000000000000
core   0: 0x000000008000fee6 (0x00e78023) sb      a4, 0(a5)
core   0: 3 0x000000008000fee6 (0x00e78023) mem 0x0000000080012057 0x00
core   0: 0x000000008000feea (0xfc843703) ld      a4, -56(s0)
core   0: 3 0x000000008000feea (0xfc843703) x14 0x0000000080012040 mem 0x0000000080031f38
core   0: 0x000000008000feee (0xfb843783) ld      a5, -72(s0)
core   0: 3 0x000000008000feee (0xfb843783) x15 0x000000000000009c mem 0x0000000080031f28
core   0: 0x000000008000fef2 (0x000097ba) c.add   a5, a4
core   0: 3 0x000000008000fef2 (0x97ba) x15 0x00000000800120dc
core   0: 0x000000008000fef4 (0xfe043703) ld      a4, -32(s0)
core   0: 3 0x000000008000fef4 (0xfe043703) x14 0x0000000080012058 mem 0x0000000080031f50
core   0: 0x000000008000fef8 (0xfcf76de3) bltu    a4, a5, pc - 38
core   0: 3 0x000000008000fef8 (0xfcf76de3)
core   0: 0x000000008000fed2 (0xfe043783) ld      a5, -32(s0)
core   0: 3 0x000000008000fed2 (0xfe043783) x15 0x0000000080012058 mem 0x0000000080031f50
core   0: 0x000000008000fed6 (0x00178713) addi    a4, a5, 1
core   0: 3 0x000000008000fed6 (0x00178713) x14 0x0000000080012059
core   0: 0x000000008000feda (0xfee43023) sd      a4, -32(s0)
core   0: 3 0x000000008000feda (0xfee43023) mem 0x0000000080031f50 0x0000000080012059
core   0: 0x000000008000fede (0xfc442703) lw      a4, -60(s0)
core   0: 3 0x000000008000fede (0xfc442703) x14 0x0000000000000000 mem 0x0000000080031f34
core   0: 0x000000008000fee2 (0x0ff77713) andi    a4, a4, 255
core   0: 3 0x000000008000fee2 (0x0ff77713) x14 0x0000000000000000
core   0: 0x000000008000fee6 (0x00e78023) sb      a4, 0(a5)
core   0: 3 0x000000008000fee6 (0x00e78023) mem 0x0000000080012058 0x00
core   0: 0x000000008000feea (0xfc843703) ld      a4, -56(s0)
core   0: 3 0x000000008000feea (0xfc843703) x14 0x0000000080012040 mem 0x0000000080031f38
core   0: 0x000000008000feee (0xfb843783) ld      a5, -72(s0)
core   0: 3 0x000000008000feee (0xfb843783) x15 0x000000000000009c mem 0x0000000080031f28
core   0: 0x000000008000fef2 (0x000097ba) c.add   a5, a4
core   0: 3 0x000000008000fef2 (0x97ba) x15 0x00000000800120dc
core   0: 0x000000008000fef4 (0xfe043703) ld      a4, -32(s0)
core   0: 3 0x000000008000fef4 (0xfe043703) x14 0x0000000080012059 mem 0x0000000080031f50
core   0: 0x000000008000fef8 (0xfcf76de3) bltu    a4, a5, pc - 38
core   0: 3 0x000000008000fef8 (0xfcf76de3)
core   0: 0x000000008000fed2 (0xfe043783) ld      a5, -32(s0)
core   0: 3 0x000000008000fed2 (0xfe043783) x15 0x0000000080012059 mem 0x0000000080031f50
core   0: 0x000000008000fed6 (0x00178713) addi    a4, a5, 1
core   0: 3 0x000000008000fed6 (0x00178713) x14 0x000000008001205a
core   0: 0x000000008000feda (0xfee43023) sd      a4, -32(s0)
core   0: 3 0x000000008000feda (0xfee43023) mem 0x0000000080031f50 0x000000008001205a
core   0: 0x000000008000fede (0xfc442703) lw      a4, -60(s0)
core   0: 3 0x000000008000fede (0xfc442703) x14 0x0000000000000000 mem 0x0000000080031f34
core   0: 0x000000008000fee2 (0x0ff77713) andi    a4, a4, 255
core   0: 3 0x000000008000fee2 (0x0ff77713) x14 0x0000000000000000
core   0: 0x000000008000fee6 (0x00e78023) sb      a4, 0(a5)
core   0: 3 0x000000008000fee6 (0x00e78023) mem 0x0000000080012059 0x00
core   0: 0x000000008000feea (0xfc843703) ld      a4, -56(s0)
core   0: 3 0x000000008000feea (0xfc843703) x14 0x0000000080012040 mem 0x0000000080031f38
core   0: 0x000000008000feee (0xfb843783) ld      a5, -72(s0)
core   0: 3 0x000000008000feee (0xfb843783) x15 0x000000000000009c mem 0x0000000080031f28
core   0: 0x000000008000fef2 (0x000097ba) c.add   a5, a4
core   0: 3 0x000000008000fef2 (0x97ba) x15 0x00000000800120dc
core   0: 0x000000008000fef4 (0xfe043703) ld      a4, -32(s0)
core   0: 3 0x000000008000fef4 (0xfe043703) x14 0x000000008001205a mem 0x0000000080031f50
core   0: 0x000000008000fef8 (0xfcf76de3) bltu    a4, a5, pc - 38
core   0: 3 0x000000008000fef8 (0xfcf76de3)
core   0: 0x000000008000fed2 (0xfe043783) ld      a5, -32(s0)
core   0: 3 0x000000008000fed2 (0xfe043783) x15 0x000000008001205a mem 0x0000000080031f50
core   0: 0x000000008000fed6 (0x00178713) addi    a4, a5, 1
core   0: 3 0x000000008000fed6 (0x00178713) x14 0x000000008001205b
core   0: 0x000000008000feda (0xfee43023) sd      a4, -32(s0)
core   0: 3 0x000000008000feda (0xfee43023) mem 0x0000000080031f50 0x000000008001205b
core   0: 0x000000008000fede (0xfc442703) lw      a4, -60(s0)
core   0: 3 0x000000008000fede (0xfc442703) x14 0x0000000000000000 mem 0x0000000080031f34
core   0: 0x000000008000fee2 (0x0ff77713) andi    a4, a4, 255
core   0: 3 0x000000008000fee2 (0x0ff77713) x14 0x0000000000000000
core   0: 0x000000008000fee6 (0x00e78023) sb      a4, 0(a5)
core   0: 3 0x000000008000fee6 (0x00e78023) mem 0x000000008001205a 0x00
core   0: 0x000000008000feea (0xfc843703) ld      a4, -56(s0)
core   0: 3 0x000000008000feea (0xfc843703) x14 0x0000000080012040 mem 0x0000000080031f38
core   0: 0x000000008000feee (0xfb843783) ld      a5, -72(s0)
core   0: 3 0x000000008000feee (0xfb843783) x15 0x000000000000009c mem 0x0000000080031f28
core   0: 0x000000008000fef2 (0x000097ba) c.add   a5, a4
core   0: 3 0x000000008000fef2 (0x97ba) x15 0x00000000800120dc
core   0: 0x000000008000fef4 (0xfe043703) ld      a4, -32(s0)
core   0: 3 0x000000008000fef4 (0xfe043703) x14 0x000000008001205b mem 0x0000000080031f50
core   0: 0x000000008000fef8 (0xfcf76de3) bltu    a4, a5, pc - 38
core   0: 3 0x000000008000fef8 (0xfcf76de3)
core   0: 0x000000008000fed2 (0xfe043783) ld      a5, -32(s0)
core   0: 3 0x000000008000fed2 (0xfe043783) x15 0x000000008001205b mem 0x0000000080031f50
core   0: 0x000000008000fed6 (0x00178713) addi    a4, a5, 1
core   0: 3 0x000000008000fed6 (0x00178713) x14 0x000000008001205c
core   0: 0x000000008000feda (0xfee43023) sd      a4, -32(s0)
core   0: 3 0x000000008000feda (0xfee43023) mem 0x0000000080031f50 0x000000008001205c
core   0: 0x000000008000fede (0xfc442703) lw      a4, -60(s0)
core   0: 3 0x000000008000fede (0xfc442703) x14 0x0000000000000000 mem 0x0000000080031f34
core   0: 0x000000008000fee2 (0x0ff77713) andi    a4, a4, 255
core   0: 3 0x000000008000fee2 (0x0ff77713) x14 0x0000000000000000
core   0: 0x000000008000fee6 (0x00e78023) sb      a4, 0(a5)
core   0: 3 0x000000008000fee6 (0x00e78023) mem 0x000000008001205b 0x00
core   0: 0x000000008000feea (0xfc843703) ld      a4, -56(s0)
core   0: 3 0x000000008000feea (0xfc843703) x14 0x0000000080012040 mem 0x0000000080031f38
core   0: 0x000000008000feee (0xfb843783) ld      a5, -72(s0)
core   0: 3 0x000000008000feee (0xfb843783) x15 0x000000000000009c mem 0x0000000080031f28
core   0: 0x000000008000fef2 (0x000097ba) c.add   a5, a4
core   0: 3 0x000000008000fef2 (0x97ba) x15 0x00000000800120dc
core   0: 0x000000008000fef4 (0xfe043703) ld      a4, -32(s0)
core   0: 3 0x000000008000fef4 (0xfe043703) x14 0x000000008001205c mem 0x0000000080031f50
core   0: 0x000000008000fef8 (0xfcf76de3) bltu    a4, a5, pc - 38
core   0: 3 0x000000008000fef8 (0xfcf76de3)
core   0: 0x000000008000fed2 (0xfe043783) ld      a5, -32(s0)
core   0: 3 0x000000008000fed2 (0xfe043783) x15 0x000000008001205c mem 0x0000000080031f50
core   0: 0x000000008000fed6 (0x00178713) addi    a4, a5, 1
core   0: 3 0x000000008000fed6 (0x00178713) x14 0x000000008001205d
core   0: 0x000000008000feda (0xfee43023) sd      a4, -32(s0)
core   0: 3 0x000000008000feda (0xfee43023) mem 0x0000000080031f50 0x000000008001205d
core   0: 0x000000008000fede (0xfc442703) lw      a4, -60(s0)
core   0: 3 0x000000008000fede (0xfc442703) x14 0x0000000000000000 mem 0x0000000080031f34
core   0: 0x000000008000fee2 (0x0ff77713) andi    a4, a4, 255
core   0: 3 0x000000008000fee2 (0x0ff77713) x14 0x0000000000000000
core   0: 0x000000008000fee6 (0x00e78023) sb      a4, 0(a5)
core   0: 3 0x000000008000fee6 (0x00e78023) mem 0x000000008001205c 0x00
core   0: 0x000000008000feea (0xfc843703) ld      a4, -56(s0)
core   0: 3 0x000000008000feea (0xfc843703) x14 0x0000000080012040 mem 0x0000000080031f38
core   0: 0x000000008000feee (0xfb843783) ld      a5, -72(s0)
core   0: 3 0x000000008000feee (0xfb843783) x15 0x000000000000009c mem 0x0000000080031f28
core   0: 0x000000008000fef2 (0x000097ba) c.add   a5, a4
core   0: 3 0x000000008000fef2 (0x97ba) x15 0x00000000800120dc
core   0: 0x000000008000fef4 (0xfe043703) ld      a4, -32(s0)
core   0: 3 0x000000008000fef4 (0xfe043703) x14 0x000000008001205d mem 0x0000000080031f50
core   0: 0x000000008000fef8 (0xfcf76de3) bltu    a4, a5, pc - 38
core   0: 3 0x000000008000fef8 (0xfcf76de3)
core   0: 0x000000008000fed2 (0xfe043783) ld      a5, -32(s0)
core   0: 3 0x000000008000fed2 (0xfe043783) x15 0x000000008001205d mem 0x0000000080031f50
core   0: 0x000000008000fed6 (0x00178713) addi    a4, a5, 1
core   0: 3 0x000000008000fed6 (0x00178713) x14 0x000000008001205e
core   0: 0x000000008000feda (0xfee43023) sd      a4, -32(s0)
core   0: 3 0x000000008000feda (0xfee43023) mem 0x0000000080031f50 0x000000008001205e
core   0: 0x000000008000fede (0xfc442703) lw      a4, -60(s0)
core   0: 3 0x000000008000fede (0xfc442703) x14 0x0000000000000000 mem 0x0000000080031f34
core   0: 0x000000008000fee2 (0x0ff77713) andi    a4, a4, 255
core   0: 3 0x000000008000fee2 (0x0ff77713) x14 0x0000000000000000
core   0: 0x000000008000fee6 (0x00e78023) sb      a4, 0(a5)
core   0: 3 0x000000008000fee6 (0x00e78023) mem 0x000000008001205d 0x00
core   0: 0x000000008000feea (0xfc843703) ld      a4, -56(s0)
core   0: 3 0x000000008000feea (0xfc843703) x14 0x0000000080012040 mem 0x0000000080031f38
core   0: 0x000000008000feee (0xfb843783) ld      a5, -72(s0)
core   0: 3 0x000000008000feee (0xfb843783) x15 0x000000000000009c mem 0x0000000080031f28
core   0: 0x000000008000fef2 (0x000097ba) c.add   a5, a4
core   0: 3 0x000000008000fef2 (0x97ba) x15 0x00000000800120dc
core   0: 0x000000008000fef4 (0xfe043703) ld      a4, -32(s0)
core   0: 3 0x000000008000fef4 (0xfe043703) x14 0x000000008001205e mem 0x0000000080031f50
core   0: 0x000000008000fef8 (0xfcf76de3) bltu    a4, a5, pc - 38
core   0: 3 0x000000008000fef8 (0xfcf76de3)
core   0: 0x000000008000fed2 (0xfe043783) ld      a5, -32(s0)
core   0: 3 0x000000008000fed2 (0xfe043783) x15 0x000000008001205e mem 0x0000000080031f50
core   0: 0x000000008000fed6 (0x00178713) addi    a4, a5, 1
core   0: 3 0x000000008000fed6 (0x00178713) x14 0x000000008001205f
core   0: 0x000000008000feda (0xfee43023) sd      a4, -32(s0)
core   0: 3 0x000000008000feda (0xfee43023) mem 0x0000000080031f50 0x000000008001205f
core   0: 0x000000008000fede (0xfc442703) lw      a4, -60(s0)
core   0: 3 0x000000008000fede (0xfc442703) x14 0x0000000000000000 mem 0x0000000080031f34
core   0: 0x000000008000fee2 (0x0ff77713) andi    a4, a4, 255
core   0: 3 0x000000008000fee2 (0x0ff77713) x14 0x0000000000000000
core   0: 0x000000008000fee6 (0x00e78023) sb      a4, 0(a5)
core   0: 3 0x000000008000fee6 (0x00e78023) mem 0x000000008001205e 0x00
core   0: 0x000000008000feea (0xfc843703) ld      a4, -56(s0)
core   0: 3 0x000000008000feea (0xfc843703) x14 0x0000000080012040 mem 0x0000000080031f38
core   0: 0x000000008000feee (0xfb843783) ld      a5, -72(s0)
core   0: 3 0x000000008000feee (0xfb843783) x15 0x000000000000009c mem 0x0000000080031f28
core   0: 0x000000008000fef2 (0x000097ba) c.add   a5, a4
core   0: 3 0x000000008000fef2 (0x97ba) x15 0x00000000800120dc
core   0: 0x000000008000fef4 (0xfe043703) ld      a4, -32(s0)
core   0: 3 0x000000008000fef4 (0xfe043703) x14 0x000000008001205f mem 0x0000000080031f50
core   0: 0x000000008000fef8 (0xfcf76de3) bltu    a4, a5, pc - 38
core   0: 3 0x000000008000fef8 (0xfcf76de3)
core   0: 0x000000008000fed2 (0xfe043783) ld      a5, -32(s0)
core   0: 3 0x000000008000fed2 (0xfe043783) x15 0x000000008001205f mem 0x0000000080031f50
core   0: 0x000000008000fed6 (0x00178713) addi    a4, a5, 1
core   0: 3 0x000000008000fed6 (0x00178713) x14 0x0000000080012060
core   0: 0x000000008000feda (0xfee43023) sd      a4, -32(s0)
core   0: 3 0x000000008000feda (0xfee43023) mem 0x0000000080031f50 0x0000000080012060
core   0: 0x000000008000fede (0xfc442703) lw      a4, -60(s0)
core   0: 3 0x000000008000fede (0xfc442703) x14 0x0000000000000000 mem 0x0000000080031f34
core   0: 0x000000008000fee2 (0x0ff77713) andi    a4, a4, 255
core   0: 3 0x000000008000fee2 (0x0ff77713) x14 0x0000000000000000
core   0: 0x000000008000fee6 (0x00e78023) sb      a4, 0(a5)
core   0: 3 0x000000008000fee6 (0x00e78023) mem 0x000000008001205f 0x00
core   0: 0x000000008000feea (0xfc843703) ld      a4, -56(s0)
core   0: 3 0x000000008000feea (0xfc843703) x14 0x0000000080012040 mem 0x0000000080031f38
core   0: 0x000000008000feee (0xfb843783) ld      a5, -72(s0)
core   0: 3 0x000000008000feee (0xfb843783) x15 0x000000000000009c mem 0x0000000080031f28
core   0: 0x000000008000fef2 (0x000097ba) c.add   a5, a4
core   0: 3 0x000000008000fef2 (0x97ba) x15 0x00000000800120dc
core   0: 0x000000008000fef4 (0xfe043703) ld      a4, -32(s0)
core   0: 3 0x000000008000fef4 (0xfe043703) x14 0x0000000080012060 mem 0x0000000080031f50
core   0: 0x000000008000fef8 (0xfcf76de3) bltu    a4, a5, pc - 38
core   0: 3 0x000000008000fef8 (0xfcf76de3)
core   0: 0x000000008000fed2 (0xfe043783) ld      a5, -32(s0)
core   0: 3 0x000000008000fed2 (0xfe043783) x15 0x0000000080012060 mem 0x0000000080031f50
core   0: 0x000000008000fed6 (0x00178713) addi    a4, a5, 1
core   0: 3 0x000000008000fed6 (0x00178713) x14 0x0000000080012061
core   0: 0x000000008000feda (0xfee43023) sd      a4, -32(s0)
core   0: 3 0x000000008000feda (0xfee43023) mem 0x0000000080031f50 0x0000000080012061
core   0: 0x000000008000fede (0xfc442703) lw      a4, -60(s0)
core   0: 3 0x000000008000fede (0xfc442703) x14 0x0000000000000000 mem 0x0000000080031f34
core   0: 0x000000008000fee2 (0x0ff77713) andi    a4, a4, 255
core   0: 3 0x000000008000fee2 (0x0ff77713) x14 0x0000000000000000
core   0: 0x000000008000fee6 (0x00e78023) sb      a4, 0(a5)
core   0: 3 0x000000008000fee6 (0x00e78023) mem 0x0000000080012060 0x00
core   0: 0x000000008000feea (0xfc843703) ld      a4, -56(s0)
core   0: 3 0x000000008000feea (0xfc843703) x14 0x0000000080012040 mem 0x0000000080031f38
core   0: 0x000000008000feee (0xfb843783) ld      a5, -72(s0)
core   0: 3 0x000000008000feee (0xfb843783) x15 0x000000000000009c mem 0x0000000080031f28
core   0: 0x000000008000fef2 (0x000097ba) c.add   a5, a4
core   0: 3 0x000000008000fef2 (0x97ba) x15 0x00000000800120dc
core   0: 0x000000008000fef4 (0xfe043703) ld      a4, -32(s0)
core   0: 3 0x000000008000fef4 (0xfe043703) x14 0x0000000080012061 mem 0x0000000080031f50
core   0: 0x000000008000fef8 (0xfcf76de3) bltu    a4, a5, pc - 38
core   0: 3 0x000000008000fef8 (0xfcf76de3)
core   0: 0x000000008000fed2 (0xfe043783) ld      a5, -32(s0)
core   0: 3 0x000000008000fed2 (0xfe043783) x15 0x0000000080012061 mem 0x0000000080031f50
core   0: 0x000000008000fed6 (0x00178713) addi    a4, a5, 1
core   0: 3 0x000000008000fed6 (0x00178713) x14 0x0000000080012062
core   0: 0x000000008000feda (0xfee43023) sd      a4, -32(s0)
core   0: 3 0x000000008000feda (0xfee43023) mem 0x0000000080031f50 0x0000000080012062
core   0: 0x000000008000fede (0xfc442703) lw      a4, -60(s0)
core   0: 3 0x000000008000fede (0xfc442703) x14 0x0000000000000000 mem 0x0000000080031f34
core   0: 0x000000008000fee2 (0x0ff77713) andi    a4, a4, 255
core   0: 3 0x000000008000fee2 (0x0ff77713) x14 0x0000000000000000
core   0: 0x000000008000fee6 (0x00e78023) sb      a4, 0(a5)
core   0: 3 0x000000008000fee6 (0x00e78023) mem 0x0000000080012061 0x00
core   0: 0x000000008000feea (0xfc843703) ld      a4, -56(s0)
core   0: 3 0x000000008000feea (0xfc843703) x14 0x0000000080012040 mem 0x0000000080031f38
core   0: 0x000000008000feee (0xfb843783) ld      a5, -72(s0)
core   0: 3 0x000000008000feee (0xfb843783) x15 0x000000000000009c mem 0x0000000080031f28
core   0: 0x000000008000fef2 (0x000097ba) c.add   a5, a4
core   0: 3 0x000000008000fef2 (0x97ba) x15 0x00000000800120dc
core   0: 0x000000008000fef4 (0xfe043703) ld      a4, -32(s0)
core   0: 3 0x000000008000fef4 (0xfe043703) x14 0x0000000080012062 mem 0x0000000080031f50
core   0: 0x000000008000fef8 (0xfcf76de3) bltu    a4, a5, pc - 38
core   0: 3 0x000000008000fef8 (0xfcf76de3)
core   0: 0x000000008000fed2 (0xfe043783) ld      a5, -32(s0)
core   0: 3 0x000000008000fed2 (0xfe043783) x15 0x0000000080012062 mem 0x0000000080031f50
core   0: 0x000000008000fed6 (0x00178713) addi    a4, a5, 1
core   0: 3 0x000000008000fed6 (0x00178713) x14 0x0000000080012063
core   0: 0x000000008000feda (0xfee43023) sd      a4, -32(s0)
core   0: 3 0x000000008000feda (0xfee43023) mem 0x0000000080031f50 0x0000000080012063
core   0: 0x000000008000fede (0xfc442703) lw      a4, -60(s0)
core   0: 3 0x000000008000fede (0xfc442703) x14 0x0000000000000000 mem 0x0000000080031f34
core   0: 0x000000008000fee2 (0x0ff77713) andi    a4, a4, 255
core   0: 3 0x000000008000fee2 (0x0ff77713) x14 0x0000000000000000
core   0: 0x000000008000fee6 (0x00e78023) sb      a4, 0(a5)
core   0: 3 0x000000008000fee6 (0x00e78023) mem 0x0000000080012062 0x00
core   0: 0x000000008000feea (0xfc843703) ld      a4, -56(s0)
core   0: 3 0x000000008000feea (0xfc843703) x14 0x0000000080012040 mem 0x0000000080031f38
core   0: 0x000000008000feee (0xfb843783) ld      a5, -72(s0)
core   0: 3 0x000000008000feee (0xfb843783) x15 0x000000000000009c mem 0x0000000080031f28
core   0: 0x000000008000fef2 (0x000097ba) c.add   a5, a4
core   0: 3 0x000000008000fef2 (0x97ba) x15 0x00000000800120dc
core   0: 0x000000008000fef4 (0xfe043703) ld      a4, -32(s0)
core   0: 3 0x000000008000fef4 (0xfe043703) x14 0x0000000080012063 mem 0x0000000080031f50
core   0: 0x000000008000fef8 (0xfcf76de3) bltu    a4, a5, pc - 38
core   0: 3 0x000000008000fef8 (0xfcf76de3)
core   0: 0x000000008000fed2 (0xfe043783) ld      a5, -32(s0)
core   0: 3 0x000000008000fed2 (0xfe043783) x15 0x0000000080012063 mem 0x0000000080031f50
core   0: 0x000000008000fed6 (0x00178713) addi    a4, a5, 1
core   0: 3 0x000000008000fed6 (0x00178713) x14 0x0000000080012064
core   0: 0x000000008000feda (0xfee43023) sd      a4, -32(s0)
core   0: 3 0x000000008000feda (0xfee43023) mem 0x0000000080031f50 0x0000000080012064
core   0: 0x000000008000fede (0xfc442703) lw      a4, -60(s0)
core   0: 3 0x000000008000fede (0xfc442703) x14 0x0000000000000000 mem 0x0000000080031f34
core   0: 0x000000008000fee2 (0x0ff77713) andi    a4, a4, 255
core   0: 3 0x000000008000fee2 (0x0ff77713) x14 0x0000000000000000
core   0: 0x000000008000fee6 (0x00e78023) sb      a4, 0(a5)
core   0: 3 0x000000008000fee6 (0x00e78023) mem 0x0000000080012063 0x00
core   0: 0x000000008000feea (0xfc843703) ld      a4, -56(s0)
core   0: 3 0x000000008000feea (0xfc843703) x14 0x0000000080012040 mem 0x0000000080031f38
core   0: 0x000000008000feee (0xfb843783) ld      a5, -72(s0)
core   0: 3 0x000000008000feee (0xfb843783) x15 0x000000000000009c mem 0x0000000080031f28
core   0: 0x000000008000fef2 (0x000097ba) c.add   a5, a4
core   0: 3 0x000000008000fef2 (0x97ba) x15 0x00000000800120dc
core   0: 0x000000008000fef4 (0xfe043703) ld      a4, -32(s0)
core   0: 3 0x000000008000fef4 (0xfe043703) x14 0x0000000080012064 mem 0x0000000080031f50
core   0: 0x000000008000fef8 (0xfcf76de3) bltu    a4, a5, pc - 38
core   0: 3 0x000000008000fef8 (0xfcf76de3)
core   0: 0x000000008000fed2 (0xfe043783) ld      a5, -32(s0)
core   0: 3 0x000000008000fed2 (0xfe043783) x15 0x0000000080012064 mem 0x0000000080031f50
core   0: 0x000000008000fed6 (0x00178713) addi    a4, a5, 1
core   0: 3 0x000000008000fed6 (0x00178713) x14 0x0000000080012065
core   0: 0x000000008000feda (0xfee43023) sd      a4, -32(s0)
core   0: 3 0x000000008000feda (0xfee43023) mem 0x0000000080031f50 0x0000000080012065
core   0: 0x000000008000fede (0xfc442703) lw      a4, -60(s0)
core   0: 3 0x000000008000fede (0xfc442703) x14 0x0000000000000000 mem 0x0000000080031f34
core   0: 0x000000008000fee2 (0x0ff77713) andi    a4, a4, 255
core   0: 3 0x000000008000fee2 (0x0ff77713) x14 0x0000000000000000
core   0: 0x000000008000fee6 (0x00e78023) sb      a4, 0(a5)
core   0: 3 0x000000008000fee6 (0x00e78023) mem 0x0000000080012064 0x00
core   0: 0x000000008000feea (0xfc843703) ld      a4, -56(s0)
core   0: 3 0x000000008000feea (0xfc843703) x14 0x0000000080012040 mem 0x0000000080031f38
core   0: 0x000000008000feee (0xfb843783) ld      a5, -72(s0)
core   0: 3 0x000000008000feee (0xfb843783) x15 0x000000000000009c mem 0x0000000080031f28
core   0: 0x000000008000fef2 (0x000097ba) c.add   a5, a4
core   0: 3 0x000000008000fef2 (0x97ba) x15 0x00000000800120dc
core   0: 0x000000008000fef4 (0xfe043703) ld      a4, -32(s0)
core   0: 3 0x000000008000fef4 (0xfe043703) x14 0x0000000080012065 mem 0x0000000080031f50
core   0: 0x000000008000fef8 (0xfcf76de3) bltu    a4, a5, pc - 38
core   0: 3 0x000000008000fef8 (0xfcf76de3)
core   0: 0x000000008000fed2 (0xfe043783) ld      a5, -32(s0)
core   0: 3 0x000000008000fed2 (0xfe043783) x15 0x0000000080012065 mem 0x0000000080031f50
core   0: 0x000000008000fed6 (0x00178713) addi    a4, a5, 1
core   0: 3 0x000000008000fed6 (0x00178713) x14 0x0000000080012066
core   0: 0x000000008000feda (0xfee43023) sd      a4, -32(s0)
core   0: 3 0x000000008000feda (0xfee43023) mem 0x0000000080031f50 0x0000000080012066
core   0: 0x000000008000fede (0xfc442703) lw      a4, -60(s0)
core   0: 3 0x000000008000fede (0xfc442703) x14 0x0000000000000000 mem 0x0000000080031f34
core   0: 0x000000008000fee2 (0x0ff77713) andi    a4, a4, 255
core   0: 3 0x000000008000fee2 (0x0ff77713) x14 0x0000000000000000
core   0: 0x000000008000fee6 (0x00e78023) sb      a4, 0(a5)
core   0: 3 0x000000008000fee6 (0x00e78023) mem 0x0000000080012065 0x00
core   0: 0x000000008000feea (0xfc843703) ld      a4, -56(s0)
core   0: 3 0x000000008000feea (0xfc843703) x14 0x0000000080012040 mem 0x0000000080031f38
core   0: 0x000000008000feee (0xfb843783) ld      a5, -72(s0)
core   0: 3 0x000000008000feee (0xfb843783) x15 0x000000000000009c mem 0x0000000080031f28
core   0: 0x000000008000fef2 (0x000097ba) c.add   a5, a4
core   0: 3 0x000000008000fef2 (0x97ba) x15 0x00000000800120dc
core   0: 0x000000008000fef4 (0xfe043703) ld      a4, -32(s0)
core   0: 3 0x000000008000fef4 (0xfe043703) x14 0x0000000080012066 mem 0x0000000080031f50
core   0: 0x000000008000fef8 (0xfcf76de3) bltu    a4, a5, pc - 38
core   0: 3 0x000000008000fef8 (0xfcf76de3)
core   0: 0x000000008000fed2 (0xfe043783) ld      a5, -32(s0)
core   0: 3 0x000000008000fed2 (0xfe043783) x15 0x0000000080012066 mem 0x0000000080031f50
core   0: 0x000000008000fed6 (0x00178713) addi    a4, a5, 1
core   0: 3 0x000000008000fed6 (0x00178713) x14 0x0000000080012067
core   0: 0x000000008000feda (0xfee43023) sd      a4, -32(s0)
core   0: 3 0x000000008000feda (0xfee43023) mem 0x0000000080031f50 0x0000000080012067
core   0: 0x000000008000fede (0xfc442703) lw      a4, -60(s0)
core   0: 3 0x000000008000fede (0xfc442703) x14 0x0000000000000000 mem 0x0000000080031f34
core   0: 0x000000008000fee2 (0x0ff77713) andi    a4, a4, 255
core   0: 3 0x000000008000fee2 (0x0ff77713) x14 0x0000000000000000
core   0: 0x000000008000fee6 (0x00e78023) sb      a4, 0(a5)
core   0: 3 0x000000008000fee6 (0x00e78023) mem 0x0000000080012066 0x00
core   0: 0x000000008000feea (0xfc843703) ld      a4, -56(s0)
core   0: 3 0x000000008000feea (0xfc843703) x14 0x0000000080012040 mem 0x0000000080031f38
core   0: 0x000000008000feee (0xfb843783) ld      a5, -72(s0)
core   0: 3 0x000000008000feee (0xfb843783) x15 0x000000000000009c mem 0x0000000080031f28
core   0: 0x000000008000fef2 (0x000097ba) c.add   a5, a4
core   0: 3 0x000000008000fef2 (0x97ba) x15 0x00000000800120dc
core   0: 0x000000008000fef4 (0xfe043703) ld      a4, -32(s0)
core   0: 3 0x000000008000fef4 (0xfe043703) x14 0x0000000080012067 mem 0x0000000080031f50
core   0: 0x000000008000fef8 (0xfcf76de3) bltu    a4, a5, pc - 38
core   0: 3 0x000000008000fef8 (0xfcf76de3)
core   0: 0x000000008000fed2 (0xfe043783) ld      a5, -32(s0)
core   0: 3 0x000000008000fed2 (0xfe043783) x15 0x0000000080012067 mem 0x0000000080031f50
core   0: 0x000000008000fed6 (0x00178713) addi    a4, a5, 1
core   0: 3 0x000000008000fed6 (0x00178713) x14 0x0000000080012068
core   0: 0x000000008000feda (0xfee43023) sd      a4, -32(s0)
core   0: 3 0x000000008000feda (0xfee43023) mem 0x0000000080031f50 0x0000000080012068
core   0: 0x000000008000fede (0xfc442703) lw      a4, -60(s0)
core   0: 3 0x000000008000fede (0xfc442703) x14 0x0000000000000000 mem 0x0000000080031f34
core   0: 0x000000008000fee2 (0x0ff77713) andi    a4, a4, 255
core   0: 3 0x000000008000fee2 (0x0ff77713) x14 0x0000000000000000
core   0: 0x000000008000fee6 (0x00e78023) sb      a4, 0(a5)
core   0: 3 0x000000008000fee6 (0x00e78023) mem 0x0000000080012067 0x00
core   0: 0x000000008000feea (0xfc843703) ld      a4, -56(s0)
core   0: 3 0x000000008000feea (0xfc843703) x14 0x0000000080012040 mem 0x0000000080031f38
core   0: 0x000000008000feee (0xfb843783) ld      a5, -72(s0)
core   0: 3 0x000000008000feee (0xfb843783) x15 0x000000000000009c mem 0x0000000080031f28
core   0: 0x000000008000fef2 (0x000097ba) c.add   a5, a4
core   0: 3 0x000000008000fef2 (0x97ba) x15 0x00000000800120dc
core   0: 0x000000008000fef4 (0xfe043703) ld      a4, -32(s0)
core   0: 3 0x000000008000fef4 (0xfe043703) x14 0x0000000080012068 mem 0x0000000080031f50
core   0: 0x000000008000fef8 (0xfcf76de3) bltu    a4, a5, pc - 38
core   0: 3 0x000000008000fef8 (0xfcf76de3)
core   0: 0x000000008000fed2 (0xfe043783) ld      a5, -32(s0)
core   0: 3 0x000000008000fed2 (0xfe043783) x15 0x0000000080012068 mem 0x0000000080031f50
core   0: 0x000000008000fed6 (0x00178713) addi    a4, a5, 1
core   0: 3 0x000000008000fed6 (0x00178713) x14 0x0000000080012069
core   0: 0x000000008000feda (0xfee43023) sd      a4, -32(s0)
core   0: 3 0x000000008000feda (0xfee43023) mem 0x0000000080031f50 0x0000000080012069
core   0: 0x000000008000fede (0xfc442703) lw      a4, -60(s0)
core   0: 3 0x000000008000fede (0xfc442703) x14 0x0000000000000000 mem 0x0000000080031f34
core   0: 0x000000008000fee2 (0x0ff77713) andi    a4, a4, 255
core   0: 3 0x000000008000fee2 (0x0ff77713) x14 0x0000000000000000
core   0: 0x000000008000fee6 (0x00e78023) sb      a4, 0(a5)
core   0: 3 0x000000008000fee6 (0x00e78023) mem 0x0000000080012068 0x00
core   0: 0x000000008000feea (0xfc843703) ld      a4, -56(s0)
core   0: 3 0x000000008000feea (0xfc843703) x14 0x0000000080012040 mem 0x0000000080031f38
core   0: 0x000000008000feee (0xfb843783) ld      a5, -72(s0)
core   0: 3 0x000000008000feee (0xfb843783) x15 0x000000000000009c mem 0x0000000080031f28
core   0: 0x000000008000fef2 (0x000097ba) c.add   a5, a4
core   0: 3 0x000000008000fef2 (0x97ba) x15 0x00000000800120dc
core   0: 0x000000008000fef4 (0xfe043703) ld      a4, -32(s0)
core   0: 3 0x000000008000fef4 (0xfe043703) x14 0x0000000080012069 mem 0x0000000080031f50
core   0: 0x000000008000fef8 (0xfcf76de3) bltu    a4, a5, pc - 38
core   0: 3 0x000000008000fef8 (0xfcf76de3)
core   0: 0x000000008000fed2 (0xfe043783) ld      a5, -32(s0)
core   0: 3 0x000000008000fed2 (0xfe043783) x15 0x0000000080012069 mem 0x0000000080031f50
core   0: 0x000000008000fed6 (0x00178713) addi    a4, a5, 1
core   0: 3 0x000000008000fed6 (0x00178713) x14 0x000000008001206a
core   0: 0x000000008000feda (0xfee43023) sd      a4, -32(s0)
core   0: 3 0x000000008000feda (0xfee43023) mem 0x0000000080031f50 0x000000008001206a
core   0: 0x000000008000fede (0xfc442703) lw      a4, -60(s0)
core   0: 3 0x000000008000fede (0xfc442703) x14 0x0000000000000000 mem 0x0000000080031f34
core   0: 0x000000008000fee2 (0x0ff77713) andi    a4, a4, 255
core   0: 3 0x000000008000fee2 (0x0ff77713) x14 0x0000000000000000
core   0: 0x000000008000fee6 (0x00e78023) sb      a4, 0(a5)
core   0: 3 0x000000008000fee6 (0x00e78023) mem 0x0000000080012069 0x00
core   0: 0x000000008000feea (0xfc843703) ld      a4, -56(s0)
core   0: 3 0x000000008000feea (0xfc843703) x14 0x0000000080012040 mem 0x0000000080031f38
core   0: 0x000000008000feee (0xfb843783) ld      a5, -72(s0)
core   0: 3 0x000000008000feee (0xfb843783) x15 0x000000000000009c mem 0x0000000080031f28
core   0: 0x000000008000fef2 (0x000097ba) c.add   a5, a4
core   0: 3 0x000000008000fef2 (0x97ba) x15 0x00000000800120dc
core   0: 0x000000008000fef4 (0xfe043703) ld      a4, -32(s0)
core   0: 3 0x000000008000fef4 (0xfe043703) x14 0x000000008001206a mem 0x0000000080031f50
core   0: 0x000000008000fef8 (0xfcf76de3) bltu    a4, a5, pc - 38
core   0: 3 0x000000008000fef8 (0xfcf76de3)
core   0: 0x000000008000fed2 (0xfe043783) ld      a5, -32(s0)
core   0: 3 0x000000008000fed2 (0xfe043783) x15 0x000000008001206a mem 0x0000000080031f50
core   0: 0x000000008000fed6 (0x00178713) addi    a4, a5, 1
core   0: 3 0x000000008000fed6 (0x00178713) x14 0x000000008001206b
core   0: 0x000000008000feda (0xfee43023) sd      a4, -32(s0)
core   0: 3 0x000000008000feda (0xfee43023) mem 0x0000000080031f50 0x000000008001206b
core   0: 0x000000008000fede (0xfc442703) lw      a4, -60(s0)
core   0: 3 0x000000008000fede (0xfc442703) x14 0x0000000000000000 mem 0x0000000080031f34
core   0: 0x000000008000fee2 (0x0ff77713) andi    a4, a4, 255
core   0: 3 0x000000008000fee2 (0x0ff77713) x14 0x0000000000000000
core   0: 0x000000008000fee6 (0x00e78023) sb      a4, 0(a5)
core   0: 3 0x000000008000fee6 (0x00e78023) mem 0x000000008001206a 0x00
core   0: 0x000000008000feea (0xfc843703) ld      a4, -56(s0)
core   0: 3 0x000000008000feea (0xfc843703) x14 0x0000000080012040 mem 0x0000000080031f38
core   0: 0x000000008000feee (0xfb843783) ld      a5, -72(s0)
core   0: 3 0x000000008000feee (0xfb843783) x15 0x000000000000009c mem 0x0000000080031f28
core   0: 0x000000008000fef2 (0x000097ba) c.add   a5, a4
core   0: 3 0x000000008000fef2 (0x97ba) x15 0x00000000800120dc
core   0: 0x000000008000fef4 (0xfe043703) ld      a4, -32(s0)
core   0: 3 0x000000008000fef4 (0xfe043703) x14 0x000000008001206b mem 0x0000000080031f50
core   0: 0x000000008000fef8 (0xfcf76de3) bltu    a4, a5, pc - 38
core   0: 3 0x000000008000fef8 (0xfcf76de3)
core   0: 0x000000008000fed2 (0xfe043783) ld      a5, -32(s0)
core   0: 3 0x000000008000fed2 (0xfe043783) x15 0x000000008001206b mem 0x0000000080031f50
core   0: 0x000000008000fed6 (0x00178713) addi    a4, a5, 1
core   0: 3 0x000000008000fed6 (0x00178713) x14 0x000000008001206c
core   0: 0x000000008000feda (0xfee43023) sd      a4, -32(s0)
core   0: 3 0x000000008000feda (0xfee43023) mem 0x0000000080031f50 0x000000008001206c
core   0: 0x000000008000fede (0xfc442703) lw      a4, -60(s0)
core   0: 3 0x000000008000fede (0xfc442703) x14 0x0000000000000000 mem 0x0000000080031f34
core   0: 0x000000008000fee2 (0x0ff77713) andi    a4, a4, 255
core   0: 3 0x000000008000fee2 (0x0ff77713) x14 0x0000000000000000
core   0: 0x000000008000fee6 (0x00e78023) sb      a4, 0(a5)
core   0: 3 0x000000008000fee6 (0x00e78023) mem 0x000000008001206b 0x00
core   0: 0x000000008000feea (0xfc843703) ld      a4, -56(s0)
core   0: 3 0x000000008000feea (0xfc843703) x14 0x0000000080012040 mem 0x0000000080031f38
core   0: 0x000000008000feee (0xfb843783) ld      a5, -72(s0)
core   0: 3 0x000000008000feee (0xfb843783) x15 0x000000000000009c mem 0x0000000080031f28
core   0: 0x000000008000fef2 (0x000097ba) c.add   a5, a4
core   0: 3 0x000000008000fef2 (0x97ba) x15 0x00000000800120dc
core   0: 0x000000008000fef4 (0xfe043703) ld      a4, -32(s0)
core   0: 3 0x000000008000fef4 (0xfe043703) x14 0x000000008001206c mem 0x0000000080031f50
core   0: 0x000000008000fef8 (0xfcf76de3) bltu    a4, a5, pc - 38
core   0: 3 0x000000008000fef8 (0xfcf76de3)
core   0: 0x000000008000fed2 (0xfe043783) ld      a5, -32(s0)
core   0: 3 0x000000008000fed2 (0xfe043783) x15 0x000000008001206c mem 0x0000000080031f50
core   0: 0x000000008000fed6 (0x00178713) addi    a4, a5, 1
core   0: 3 0x000000008000fed6 (0x00178713) x14 0x000000008001206d
core   0: 0x000000008000feda (0xfee43023) sd      a4, -32(s0)
core   0: 3 0x000000008000feda (0xfee43023) mem 0x0000000080031f50 0x000000008001206d
core   0: 0x000000008000fede (0xfc442703) lw      a4, -60(s0)
core   0: 3 0x000000008000fede (0xfc442703) x14 0x0000000000000000 mem 0x0000000080031f34
core   0: 0x000000008000fee2 (0x0ff77713) andi    a4, a4, 255
core   0: 3 0x000000008000fee2 (0x0ff77713) x14 0x0000000000000000
core   0: 0x000000008000fee6 (0x00e78023) sb      a4, 0(a5)
core   0: 3 0x000000008000fee6 (0x00e78023) mem 0x000000008001206c 0x00
core   0: 0x000000008000feea (0xfc843703) ld      a4, -56(s0)
core   0: 3 0x000000008000feea (0xfc843703) x14 0x0000000080012040 mem 0x0000000080031f38
core   0: 0x000000008000feee (0xfb843783) ld      a5, -72(s0)
core   0: 3 0x000000008000feee (0xfb843783) x15 0x000000000000009c mem 0x0000000080031f28
core   0: 0x000000008000fef2 (0x000097ba) c.add   a5, a4
core   0: 3 0x000000008000fef2 (0x97ba) x15 0x00000000800120dc
core   0: 0x000000008000fef4 (0xfe043703) ld      a4, -32(s0)
core   0: 3 0x000000008000fef4 (0xfe043703) x14 0x000000008001206d mem 0x0000000080031f50
core   0: 0x000000008000fef8 (0xfcf76de3) bltu    a4, a5, pc - 38
core   0: 3 0x000000008000fef8 (0xfcf76de3)
core   0: 0x000000008000fed2 (0xfe043783) ld      a5, -32(s0)
core   0: 3 0x000000008000fed2 (0xfe043783) x15 0x000000008001206d mem 0x0000000080031f50
core   0: 0x000000008000fed6 (0x00178713) addi    a4, a5, 1
core   0: 3 0x000000008000fed6 (0x00178713) x14 0x000000008001206e
core   0: 0x000000008000feda (0xfee43023) sd      a4, -32(s0)
core   0: 3 0x000000008000feda (0xfee43023) mem 0x0000000080031f50 0x000000008001206e
core   0: 0x000000008000fede (0xfc442703) lw      a4, -60(s0)
core   0: 3 0x000000008000fede (0xfc442703) x14 0x0000000000000000 mem 0x0000000080031f34
core   0: 0x000000008000fee2 (0x0ff77713) andi    a4, a4, 255
core   0: 3 0x000000008000fee2 (0x0ff77713) x14 0x0000000000000000
core   0: 0x000000008000fee6 (0x00e78023) sb      a4, 0(a5)
core   0: 3 0x000000008000fee6 (0x00e78023) mem 0x000000008001206d 0x00
core   0: 0x000000008000feea (0xfc843703) ld      a4, -56(s0)
core   0: 3 0x000000008000feea (0xfc843703) x14 0x0000000080012040 mem 0x0000000080031f38
core   0: 0x000000008000feee (0xfb843783) ld      a5, -72(s0)
core   0: 3 0x000000008000feee (0xfb843783) x15 0x000000000000009c mem 0x0000000080031f28
core   0: 0x000000008000fef2 (0x000097ba) c.add   a5, a4
core   0: 3 0x000000008000fef2 (0x97ba) x15 0x00000000800120dc
core   0: 0x000000008000fef4 (0xfe043703) ld      a4, -32(s0)
core   0: 3 0x000000008000fef4 (0xfe043703) x14 0x000000008001206e mem 0x0000000080031f50
core   0: 0x000000008000fef8 (0xfcf76de3) bltu    a4, a5, pc - 38
core   0: 3 0x000000008000fef8 (0xfcf76de3)
core   0: 0x000000008000fed2 (0xfe043783) ld      a5, -32(s0)
core   0: 3 0x000000008000fed2 (0xfe043783) x15 0x000000008001206e mem 0x0000000080031f50
core   0: 0x000000008000fed6 (0x00178713) addi    a4, a5, 1
core   0: 3 0x000000008000fed6 (0x00178713) x14 0x000000008001206f
core   0: 0x000000008000feda (0xfee43023) sd      a4, -32(s0)
core   0: 3 0x000000008000feda (0xfee43023) mem 0x0000000080031f50 0x000000008001206f
core   0: 0x000000008000fede (0xfc442703) lw      a4, -60(s0)
core   0: 3 0x000000008000fede (0xfc442703) x14 0x0000000000000000 mem 0x0000000080031f34
core   0: 0x000000008000fee2 (0x0ff77713) andi    a4, a4, 255
core   0: 3 0x000000008000fee2 (0x0ff77713) x14 0x0000000000000000
core   0: 0x000000008000fee6 (0x00e78023) sb      a4, 0(a5)
core   0: 3 0x000000008000fee6 (0x00e78023) mem 0x000000008001206e 0x00
core   0: 0x000000008000feea (0xfc843703) ld      a4, -56(s0)
core   0: 3 0x000000008000feea (0xfc843703) x14 0x0000000080012040 mem 0x0000000080031f38
core   0: 0x000000008000feee (0xfb843783) ld      a5, -72(s0)
core   0: 3 0x000000008000feee (0xfb843783) x15 0x000000000000009c mem 0x0000000080031f28
core   0: 0x000000008000fef2 (0x000097ba) c.add   a5, a4
core   0: 3 0x000000008000fef2 (0x97ba) x15 0x00000000800120dc
core   0: 0x000000008000fef4 (0xfe043703) ld      a4, -32(s0)
core   0: 3 0x000000008000fef4 (0xfe043703) x14 0x000000008001206f mem 0x0000000080031f50
core   0: 0x000000008000fef8 (0xfcf76de3) bltu    a4, a5, pc - 38
core   0: 3 0x000000008000fef8 (0xfcf76de3)
core   0: 0x000000008000fed2 (0xfe043783) ld      a5, -32(s0)
core   0: 3 0x000000008000fed2 (0xfe043783) x15 0x000000008001206f mem 0x0000000080031f50
core   0: 0x000000008000fed6 (0x00178713) addi    a4, a5, 1
core   0: 3 0x000000008000fed6 (0x00178713) x14 0x0000000080012070
core   0: 0x000000008000feda (0xfee43023) sd      a4, -32(s0)
core   0: 3 0x000000008000feda (0xfee43023) mem 0x0000000080031f50 0x0000000080012070
core   0: 0x000000008000fede (0xfc442703) lw      a4, -60(s0)
core   0: 3 0x000000008000fede (0xfc442703) x14 0x0000000000000000 mem 0x0000000080031f34
core   0: 0x000000008000fee2 (0x0ff77713) andi    a4, a4, 255
core   0: 3 0x000000008000fee2 (0x0ff77713) x14 0x0000000000000000
core   0: 0x000000008000fee6 (0x00e78023) sb      a4, 0(a5)
core   0: 3 0x000000008000fee6 (0x00e78023) mem 0x000000008001206f 0x00
core   0: 0x000000008000feea (0xfc843703) ld      a4, -56(s0)
core   0: 3 0x000000008000feea (0xfc843703) x14 0x0000000080012040 mem 0x0000000080031f38
core   0: 0x000000008000feee (0xfb843783) ld      a5, -72(s0)
core   0: 3 0x000000008000feee (0xfb843783) x15 0x000000000000009c mem 0x0000000080031f28
core   0: 0x000000008000fef2 (0x000097ba) c.add   a5, a4
core   0: 3 0x000000008000fef2 (0x97ba) x15 0x00000000800120dc
core   0: 0x000000008000fef4 (0xfe043703) ld      a4, -32(s0)
core   0: 3 0x000000008000fef4 (0xfe043703) x14 0x0000000080012070 mem 0x0000000080031f50
core   0: 0x000000008000fef8 (0xfcf76de3) bltu    a4, a5, pc - 38
core   0: 3 0x000000008000fef8 (0xfcf76de3)
core   0: 0x000000008000fed2 (0xfe043783) ld      a5, -32(s0)
core   0: 3 0x000000008000fed2 (0xfe043783) x15 0x0000000080012070 mem 0x0000000080031f50
core   0: 0x000000008000fed6 (0x00178713) addi    a4, a5, 1
core   0: 3 0x000000008000fed6 (0x00178713) x14 0x0000000080012071
core   0: 0x000000008000feda (0xfee43023) sd      a4, -32(s0)
core   0: 3 0x000000008000feda (0xfee43023) mem 0x0000000080031f50 0x0000000080012071
core   0: 0x000000008000fede (0xfc442703) lw      a4, -60(s0)
core   0: 3 0x000000008000fede (0xfc442703) x14 0x0000000000000000 mem 0x0000000080031f34
core   0: 0x000000008000fee2 (0x0ff77713) andi    a4, a4, 255
core   0: 3 0x000000008000fee2 (0x0ff77713) x14 0x0000000000000000
core   0: 0x000000008000fee6 (0x00e78023) sb      a4, 0(a5)
core   0: 3 0x000000008000fee6 (0x00e78023) mem 0x0000000080012070 0x00
core   0: 0x000000008000feea (0xfc843703) ld      a4, -56(s0)
core   0: 3 0x000000008000feea (0xfc843703) x14 0x0000000080012040 mem 0x0000000080031f38
core   0: 0x000000008000feee (0xfb843783) ld      a5, -72(s0)
core   0: 3 0x000000008000feee (0xfb843783) x15 0x000000000000009c mem 0x0000000080031f28
core   0: 0x000000008000fef2 (0x000097ba) c.add   a5, a4
core   0: 3 0x000000008000fef2 (0x97ba) x15 0x00000000800120dc
core   0: 0x000000008000fef4 (0xfe043703) ld      a4, -32(s0)
core   0: 3 0x000000008000fef4 (0xfe043703) x14 0x0000000080012071 mem 0x0000000080031f50
core   0: 0x000000008000fef8 (0xfcf76de3) bltu    a4, a5, pc - 38
core   0: 3 0x000000008000fef8 (0xfcf76de3)
core   0: 0x000000008000fed2 (0xfe043783) ld      a5, -32(s0)
core   0: 3 0x000000008000fed2 (0xfe043783) x15 0x0000000080012071 mem 0x0000000080031f50
core   0: 0x000000008000fed6 (0x00178713) addi    a4, a5, 1
core   0: 3 0x000000008000fed6 (0x00178713) x14 0x0000000080012072
core   0: 0x000000008000feda (0xfee43023) sd      a4, -32(s0)
core   0: 3 0x000000008000feda (0xfee43023) mem 0x0000000080031f50 0x0000000080012072
core   0: 0x000000008000fede (0xfc442703) lw      a4, -60(s0)
core   0: 3 0x000000008000fede (0xfc442703) x14 0x0000000000000000 mem 0x0000000080031f34
core   0: 0x000000008000fee2 (0x0ff77713) andi    a4, a4, 255
core   0: 3 0x000000008000fee2 (0x0ff77713) x14 0x0000000000000000
core   0: 0x000000008000fee6 (0x00e78023) sb      a4, 0(a5)
core   0: 3 0x000000008000fee6 (0x00e78023) mem 0x0000000080012071 0x00
core   0: 0x000000008000feea (0xfc843703) ld      a4, -56(s0)
core   0: 3 0x000000008000feea (0xfc843703) x14 0x0000000080012040 mem 0x0000000080031f38
core   0: 0x000000008000feee (0xfb843783) ld      a5, -72(s0)
core   0: 3 0x000000008000feee (0xfb843783) x15 0x000000000000009c mem 0x0000000080031f28
core   0: 0x000000008000fef2 (0x000097ba) c.add   a5, a4
core   0: 3 0x000000008000fef2 (0x97ba) x15 0x00000000800120dc
core   0: 0x000000008000fef4 (0xfe043703) ld      a4, -32(s0)
core   0: 3 0x000000008000fef4 (0xfe043703) x14 0x0000000080012072 mem 0x0000000080031f50
core   0: 0x000000008000fef8 (0xfcf76de3) bltu    a4, a5, pc - 38
core   0: 3 0x000000008000fef8 (0xfcf76de3)
core   0: 0x000000008000fed2 (0xfe043783) ld      a5, -32(s0)
core   0: 3 0x000000008000fed2 (0xfe043783) x15 0x0000000080012072 mem 0x0000000080031f50
core   0: 0x000000008000fed6 (0x00178713) addi    a4, a5, 1
core   0: 3 0x000000008000fed6 (0x00178713) x14 0x0000000080012073
core   0: 0x000000008000feda (0xfee43023) sd      a4, -32(s0)
core   0: 3 0x000000008000feda (0xfee43023) mem 0x0000000080031f50 0x0000000080012073
core   0: 0x000000008000fede (0xfc442703) lw      a4, -60(s0)
core   0: 3 0x000000008000fede (0xfc442703) x14 0x0000000000000000 mem 0x0000000080031f34
core   0: 0x000000008000fee2 (0x0ff77713) andi    a4, a4, 255
core   0: 3 0x000000008000fee2 (0x0ff77713) x14 0x0000000000000000
core   0: 0x000000008000fee6 (0x00e78023) sb      a4, 0(a5)
core   0: 3 0x000000008000fee6 (0x00e78023) mem 0x0000000080012072 0x00
core   0: 0x000000008000feea (0xfc843703) ld      a4, -56(s0)
core   0: 3 0x000000008000feea (0xfc843703) x14 0x0000000080012040 mem 0x0000000080031f38
core   0: 0x000000008000feee (0xfb843783) ld      a5, -72(s0)
core   0: 3 0x000000008000feee (0xfb843783) x15 0x000000000000009c mem 0x0000000080031f28
core   0: 0x000000008000fef2 (0x000097ba) c.add   a5, a4
core   0: 3 0x000000008000fef2 (0x97ba) x15 0x00000000800120dc
core   0: 0x000000008000fef4 (0xfe043703) ld      a4, -32(s0)
core   0: 3 0x000000008000fef4 (0xfe043703) x14 0x0000000080012073 mem 0x0000000080031f50
core   0: 0x000000008000fef8 (0xfcf76de3) bltu    a4, a5, pc - 38
core   0: 3 0x000000008000fef8 (0xfcf76de3)
core   0: 0x000000008000fed2 (0xfe043783) ld      a5, -32(s0)
core   0: 3 0x000000008000fed2 (0xfe043783) x15 0x0000000080012073 mem 0x0000000080031f50
core   0: 0x000000008000fed6 (0x00178713) addi    a4, a5, 1
core   0: 3 0x000000008000fed6 (0x00178713) x14 0x0000000080012074
core   0: 0x000000008000feda (0xfee43023) sd      a4, -32(s0)
core   0: 3 0x000000008000feda (0xfee43023) mem 0x0000000080031f50 0x0000000080012074
core   0: 0x000000008000fede (0xfc442703) lw      a4, -60(s0)
core   0: 3 0x000000008000fede (0xfc442703) x14 0x0000000000000000 mem 0x0000000080031f34
core   0: 0x000000008000fee2 (0x0ff77713) andi    a4, a4, 255
core   0: 3 0x000000008000fee2 (0x0ff77713) x14 0x0000000000000000
core   0: 0x000000008000fee6 (0x00e78023) sb      a4, 0(a5)
core   0: 3 0x000000008000fee6 (0x00e78023) mem 0x0000000080012073 0x00
core   0: 0x000000008000feea (0xfc843703) ld      a4, -56(s0)
core   0: 3 0x000000008000feea (0xfc843703) x14 0x0000000080012040 mem 0x0000000080031f38
core   0: 0x000000008000feee (0xfb843783) ld      a5, -72(s0)
core   0: 3 0x000000008000feee (0xfb843783) x15 0x000000000000009c mem 0x0000000080031f28
core   0: 0x000000008000fef2 (0x000097ba) c.add   a5, a4
core   0: 3 0x000000008000fef2 (0x97ba) x15 0x00000000800120dc
core   0: 0x000000008000fef4 (0xfe043703) ld      a4, -32(s0)
core   0: 3 0x000000008000fef4 (0xfe043703) x14 0x0000000080012074 mem 0x0000000080031f50
core   0: 0x000000008000fef8 (0xfcf76de3) bltu    a4, a5, pc - 38
core   0: 3 0x000000008000fef8 (0xfcf76de3)
core   0: 0x000000008000fed2 (0xfe043783) ld      a5, -32(s0)
core   0: 3 0x000000008000fed2 (0xfe043783) x15 0x0000000080012074 mem 0x0000000080031f50
core   0: 0x000000008000fed6 (0x00178713) addi    a4, a5, 1
core   0: 3 0x000000008000fed6 (0x00178713) x14 0x0000000080012075
core   0: 0x000000008000feda (0xfee43023) sd      a4, -32(s0)
core   0: 3 0x000000008000feda (0xfee43023) mem 0x0000000080031f50 0x0000000080012075
core   0: 0x000000008000fede (0xfc442703) lw      a4, -60(s0)
core   0: 3 0x000000008000fede (0xfc442703) x14 0x0000000000000000 mem 0x0000000080031f34
core   0: 0x000000008000fee2 (0x0ff77713) andi    a4, a4, 255
core   0: 3 0x000000008000fee2 (0x0ff77713) x14 0x0000000000000000
core   0: 0x000000008000fee6 (0x00e78023) sb      a4, 0(a5)
core   0: 3 0x000000008000fee6 (0x00e78023) mem 0x0000000080012074 0x00
core   0: 0x000000008000feea (0xfc843703) ld      a4, -56(s0)
core   0: 3 0x000000008000feea (0xfc843703) x14 0x0000000080012040 mem 0x0000000080031f38
core   0: 0x000000008000feee (0xfb843783) ld      a5, -72(s0)
core   0: 3 0x000000008000feee (0xfb843783) x15 0x000000000000009c mem 0x0000000080031f28
core   0: 0x000000008000fef2 (0x000097ba) c.add   a5, a4
core   0: 3 0x000000008000fef2 (0x97ba) x15 0x00000000800120dc
core   0: 0x000000008000fef4 (0xfe043703) ld      a4, -32(s0)
core   0: 3 0x000000008000fef4 (0xfe043703) x14 0x0000000080012075 mem 0x0000000080031f50
core   0: 0x000000008000fef8 (0xfcf76de3) bltu    a4, a5, pc - 38
core   0: 3 0x000000008000fef8 (0xfcf76de3)
core   0: 0x000000008000fed2 (0xfe043783) ld      a5, -32(s0)
core   0: 3 0x000000008000fed2 (0xfe043783) x15 0x0000000080012075 mem 0x0000000080031f50
core   0: 0x000000008000fed6 (0x00178713) addi    a4, a5, 1
core   0: 3 0x000000008000fed6 (0x00178713) x14 0x0000000080012076
core   0: 0x000000008000feda (0xfee43023) sd      a4, -32(s0)
core   0: 3 0x000000008000feda (0xfee43023) mem 0x0000000080031f50 0x0000000080012076
core   0: 0x000000008000fede (0xfc442703) lw      a4, -60(s0)
core   0: 3 0x000000008000fede (0xfc442703) x14 0x0000000000000000 mem 0x0000000080031f34
core   0: 0x000000008000fee2 (0x0ff77713) andi    a4, a4, 255
core   0: 3 0x000000008000fee2 (0x0ff77713) x14 0x0000000000000000
core   0: 0x000000008000fee6 (0x00e78023) sb      a4, 0(a5)
core   0: 3 0x000000008000fee6 (0x00e78023) mem 0x0000000080012075 0x00
core   0: 0x000000008000feea (0xfc843703) ld      a4, -56(s0)
core   0: 3 0x000000008000feea (0xfc843703) x14 0x0000000080012040 mem 0x0000000080031f38
core   0: 0x000000008000feee (0xfb843783) ld      a5, -72(s0)
core   0: 3 0x000000008000feee (0xfb843783) x15 0x000000000000009c mem 0x0000000080031f28
core   0: 0x000000008000fef2 (0x000097ba) c.add   a5, a4
core   0: 3 0x000000008000fef2 (0x97ba) x15 0x00000000800120dc
core   0: 0x000000008000fef4 (0xfe043703) ld      a4, -32(s0)
core   0: 3 0x000000008000fef4 (0xfe043703) x14 0x0000000080012076 mem 0x0000000080031f50
core   0: 0x000000008000fef8 (0xfcf76de3) bltu    a4, a5, pc - 38
core   0: 3 0x000000008000fef8 (0xfcf76de3)
core   0: 0x000000008000fed2 (0xfe043783) ld      a5, -32(s0)
core   0: 3 0x000000008000fed2 (0xfe043783) x15 0x0000000080012076 mem 0x0000000080031f50
core   0: 0x000000008000fed6 (0x00178713) addi    a4, a5, 1
core   0: 3 0x000000008000fed6 (0x00178713) x14 0x0000000080012077
core   0: 0x000000008000feda (0xfee43023) sd      a4, -32(s0)
core   0: 3 0x000000008000feda (0xfee43023) mem 0x0000000080031f50 0x0000000080012077
core   0: 0x000000008000fede (0xfc442703) lw      a4, -60(s0)
core   0: 3 0x000000008000fede (0xfc442703) x14 0x0000000000000000 mem 0x0000000080031f34
core   0: 0x000000008000fee2 (0x0ff77713) andi    a4, a4, 255
core   0: 3 0x000000008000fee2 (0x0ff77713) x14 0x0000000000000000
core   0: 0x000000008000fee6 (0x00e78023) sb      a4, 0(a5)
core   0: 3 0x000000008000fee6 (0x00e78023) mem 0x0000000080012076 0x00
core   0: 0x000000008000feea (0xfc843703) ld      a4, -56(s0)
core   0: 3 0x000000008000feea (0xfc843703) x14 0x0000000080012040 mem 0x0000000080031f38
core   0: 0x000000008000feee (0xfb843783) ld      a5, -72(s0)
core   0: 3 0x000000008000feee (0xfb843783) x15 0x000000000000009c mem 0x0000000080031f28
core   0: 0x000000008000fef2 (0x000097ba) c.add   a5, a4
core   0: 3 0x000000008000fef2 (0x97ba) x15 0x00000000800120dc
core   0: 0x000000008000fef4 (0xfe043703) ld      a4, -32(s0)
core   0: 3 0x000000008000fef4 (0xfe043703) x14 0x0000000080012077 mem 0x0000000080031f50
core   0: 0x000000008000fef8 (0xfcf76de3) bltu    a4, a5, pc - 38
core   0: 3 0x000000008000fef8 (0xfcf76de3)
core   0: 0x000000008000fed2 (0xfe043783) ld      a5, -32(s0)
core   0: 3 0x000000008000fed2 (0xfe043783) x15 0x0000000080012077 mem 0x0000000080031f50
core   0: 0x000000008000fed6 (0x00178713) addi    a4, a5, 1
core   0: 3 0x000000008000fed6 (0x00178713) x14 0x0000000080012078
core   0: 0x000000008000feda (0xfee43023) sd      a4, -32(s0)
core   0: 3 0x000000008000feda (0xfee43023) mem 0x0000000080031f50 0x0000000080012078
core   0: 0x000000008000fede (0xfc442703) lw      a4, -60(s0)
core   0: 3 0x000000008000fede (0xfc442703) x14 0x0000000000000000 mem 0x0000000080031f34
core   0: 0x000000008000fee2 (0x0ff77713) andi    a4, a4, 255
core   0: 3 0x000000008000fee2 (0x0ff77713) x14 0x0000000000000000
core   0: 0x000000008000fee6 (0x00e78023) sb      a4, 0(a5)
core   0: 3 0x000000008000fee6 (0x00e78023) mem 0x0000000080012077 0x00
core   0: 0x000000008000feea (0xfc843703) ld      a4, -56(s0)
core   0: 3 0x000000008000feea (0xfc843703) x14 0x0000000080012040 mem 0x0000000080031f38
core   0: 0x000000008000feee (0xfb843783) ld      a5, -72(s0)
core   0: 3 0x000000008000feee (0xfb843783) x15 0x000000000000009c mem 0x0000000080031f28
core   0: 0x000000008000fef2 (0x000097ba) c.add   a5, a4
core   0: 3 0x000000008000fef2 (0x97ba) x15 0x00000000800120dc
core   0: 0x000000008000fef4 (0xfe043703) ld      a4, -32(s0)
core   0: 3 0x000000008000fef4 (0xfe043703) x14 0x0000000080012078 mem 0x0000000080031f50
core   0: 0x000000008000fef8 (0xfcf76de3) bltu    a4, a5, pc - 38
core   0: 3 0x000000008000fef8 (0xfcf76de3)
core   0: 0x000000008000fed2 (0xfe043783) ld      a5, -32(s0)
core   0: 3 0x000000008000fed2 (0xfe043783) x15 0x0000000080012078 mem 0x0000000080031f50
core   0: 0x000000008000fed6 (0x00178713) addi    a4, a5, 1
core   0: 3 0x000000008000fed6 (0x00178713) x14 0x0000000080012079
core   0: 0x000000008000feda (0xfee43023) sd      a4, -32(s0)
core   0: 3 0x000000008000feda (0xfee43023) mem 0x0000000080031f50 0x0000000080012079
core   0: 0x000000008000fede (0xfc442703) lw      a4, -60(s0)
core   0: 3 0x000000008000fede (0xfc442703) x14 0x0000000000000000 mem 0x0000000080031f34
core   0: 0x000000008000fee2 (0x0ff77713) andi    a4, a4, 255
core   0: 3 0x000000008000fee2 (0x0ff77713) x14 0x0000000000000000
core   0: 0x000000008000fee6 (0x00e78023) sb      a4, 0(a5)
core   0: 3 0x000000008000fee6 (0x00e78023) mem 0x0000000080012078 0x00
core   0: 0x000000008000feea (0xfc843703) ld      a4, -56(s0)
core   0: 3 0x000000008000feea (0xfc843703) x14 0x0000000080012040 mem 0x0000000080031f38
core   0: 0x000000008000feee (0xfb843783) ld      a5, -72(s0)
core   0: 3 0x000000008000feee (0xfb843783) x15 0x000000000000009c mem 0x0000000080031f28
core   0: 0x000000008000fef2 (0x000097ba) c.add   a5, a4
core   0: 3 0x000000008000fef2 (0x97ba) x15 0x00000000800120dc
core   0: 0x000000008000fef4 (0xfe043703) ld      a4, -32(s0)
core   0: 3 0x000000008000fef4 (0xfe043703) x14 0x0000000080012079 mem 0x0000000080031f50
core   0: 0x000000008000fef8 (0xfcf76de3) bltu    a4, a5, pc - 38
core   0: 3 0x000000008000fef8 (0xfcf76de3)
core   0: 0x000000008000fed2 (0xfe043783) ld      a5, -32(s0)
core   0: 3 0x000000008000fed2 (0xfe043783) x15 0x0000000080012079 mem 0x0000000080031f50
core   0: 0x000000008000fed6 (0x00178713) addi    a4, a5, 1
core   0: 3 0x000000008000fed6 (0x00178713) x14 0x000000008001207a
core   0: 0x000000008000feda (0xfee43023) sd      a4, -32(s0)
core   0: 3 0x000000008000feda (0xfee43023) mem 0x0000000080031f50 0x000000008001207a
core   0: 0x000000008000fede (0xfc442703) lw      a4, -60(s0)
core   0: 3 0x000000008000fede (0xfc442703) x14 0x0000000000000000 mem 0x0000000080031f34
core   0: 0x000000008000fee2 (0x0ff77713) andi    a4, a4, 255
core   0: 3 0x000000008000fee2 (0x0ff77713) x14 0x0000000000000000
core   0: 0x000000008000fee6 (0x00e78023) sb      a4, 0(a5)
core   0: 3 0x000000008000fee6 (0x00e78023) mem 0x0000000080012079 0x00
core   0: 0x000000008000feea (0xfc843703) ld      a4, -56(s0)
core   0: 3 0x000000008000feea (0xfc843703) x14 0x0000000080012040 mem 0x0000000080031f38
core   0: 0x000000008000feee (0xfb843783) ld      a5, -72(s0)
core   0: 3 0x000000008000feee (0xfb843783) x15 0x000000000000009c mem 0x0000000080031f28
core   0: 0x000000008000fef2 (0x000097ba) c.add   a5, a4
core   0: 3 0x000000008000fef2 (0x97ba) x15 0x00000000800120dc
core   0: 0x000000008000fef4 (0xfe043703) ld      a4, -32(s0)
core   0: 3 0x000000008000fef4 (0xfe043703) x14 0x000000008001207a mem 0x0000000080031f50
core   0: 0x000000008000fef8 (0xfcf76de3) bltu    a4, a5, pc - 38
core   0: 3 0x000000008000fef8 (0xfcf76de3)
core   0: 0x000000008000fed2 (0xfe043783) ld      a5, -32(s0)
core   0: 3 0x000000008000fed2 (0xfe043783) x15 0x000000008001207a mem 0x0000000080031f50
core   0: 0x000000008000fed6 (0x00178713) addi    a4, a5, 1
core   0: 3 0x000000008000fed6 (0x00178713) x14 0x000000008001207b
core   0: 0x000000008000feda (0xfee43023) sd      a4, -32(s0)
core   0: 3 0x000000008000feda (0xfee43023) mem 0x0000000080031f50 0x000000008001207b
core   0: 0x000000008000fede (0xfc442703) lw      a4, -60(s0)
core   0: 3 0x000000008000fede (0xfc442703) x14 0x0000000000000000 mem 0x0000000080031f34
core   0: 0x000000008000fee2 (0x0ff77713) andi    a4, a4, 255
core   0: 3 0x000000008000fee2 (0x0ff77713) x14 0x0000000000000000
core   0: 0x000000008000fee6 (0x00e78023) sb      a4, 0(a5)
core   0: 3 0x000000008000fee6 (0x00e78023) mem 0x000000008001207a 0x00
core   0: 0x000000008000feea (0xfc843703) ld      a4, -56(s0)
core   0: 3 0x000000008000feea (0xfc843703) x14 0x0000000080012040 mem 0x0000000080031f38
core   0: 0x000000008000feee (0xfb843783) ld      a5, -72(s0)
core   0: 3 0x000000008000feee (0xfb843783) x15 0x000000000000009c mem 0x0000000080031f28
core   0: 0x000000008000fef2 (0x000097ba) c.add   a5, a4
core   0: 3 0x000000008000fef2 (0x97ba) x15 0x00000000800120dc
core   0: 0x000000008000fef4 (0xfe043703) ld      a4, -32(s0)
core   0: 3 0x000000008000fef4 (0xfe043703) x14 0x000000008001207b mem 0x0000000080031f50
core   0: 0x000000008000fef8 (0xfcf76de3) bltu    a4, a5, pc - 38
core   0: 3 0x000000008000fef8 (0xfcf76de3)
core   0: 0x000000008000fed2 (0xfe043783) ld      a5, -32(s0)
core   0: 3 0x000000008000fed2 (0xfe043783) x15 0x000000008001207b mem 0x0000000080031f50
core   0: 0x000000008000fed6 (0x00178713) addi    a4, a5, 1
core   0: 3 0x000000008000fed6 (0x00178713) x14 0x000000008001207c
core   0: 0x000000008000feda (0xfee43023) sd      a4, -32(s0)
core   0: 3 0x000000008000feda (0xfee43023) mem 0x0000000080031f50 0x000000008001207c
core   0: 0x000000008000fede (0xfc442703) lw      a4, -60(s0)
core   0: 3 0x000000008000fede (0xfc442703) x14 0x0000000000000000 mem 0x0000000080031f34
core   0: 0x000000008000fee2 (0x0ff77713) andi    a4, a4, 255
core   0: 3 0x000000008000fee2 (0x0ff77713) x14 0x0000000000000000
core   0: 0x000000008000fee6 (0x00e78023) sb      a4, 0(a5)
core   0: 3 0x000000008000fee6 (0x00e78023) mem 0x000000008001207b 0x00
core   0: 0x000000008000feea (0xfc843703) ld      a4, -56(s0)
core   0: 3 0x000000008000feea (0xfc843703) x14 0x0000000080012040 mem 0x0000000080031f38
core   0: 0x000000008000feee (0xfb843783) ld      a5, -72(s0)
core   0: 3 0x000000008000feee (0xfb843783) x15 0x000000000000009c mem 0x0000000080031f28
core   0: 0x000000008000fef2 (0x000097ba) c.add   a5, a4
core   0: 3 0x000000008000fef2 (0x97ba) x15 0x00000000800120dc
core   0: 0x000000008000fef4 (0xfe043703) ld      a4, -32(s0)
core   0: 3 0x000000008000fef4 (0xfe043703) x14 0x000000008001207c mem 0x0000000080031f50
core   0: 0x000000008000fef8 (0xfcf76de3) bltu    a4, a5, pc - 38
core   0: 3 0x000000008000fef8 (0xfcf76de3)
core   0: 0x000000008000fed2 (0xfe043783) ld      a5, -32(s0)
core   0: 3 0x000000008000fed2 (0xfe043783) x15 0x000000008001207c mem 0x0000000080031f50
core   0: 0x000000008000fed6 (0x00178713) addi    a4, a5, 1
core   0: 3 0x000000008000fed6 (0x00178713) x14 0x000000008001207d
core   0: 0x000000008000feda (0xfee43023) sd      a4, -32(s0)
core   0: 3 0x000000008000feda (0xfee43023) mem 0x0000000080031f50 0x000000008001207d
core   0: 0x000000008000fede (0xfc442703) lw      a4, -60(s0)
core   0: 3 0x000000008000fede (0xfc442703) x14 0x0000000000000000 mem 0x0000000080031f34
core   0: 0x000000008000fee2 (0x0ff77713) andi    a4, a4, 255
core   0: 3 0x000000008000fee2 (0x0ff77713) x14 0x0000000000000000
core   0: 0x000000008000fee6 (0x00e78023) sb      a4, 0(a5)
core   0: 3 0x000000008000fee6 (0x00e78023) mem 0x000000008001207c 0x00
core   0: 0x000000008000feea (0xfc843703) ld      a4, -56(s0)
core   0: 3 0x000000008000feea (0xfc843703) x14 0x0000000080012040 mem 0x0000000080031f38
core   0: 0x000000008000feee (0xfb843783) ld      a5, -72(s0)
core   0: 3 0x000000008000feee (0xfb843783) x15 0x000000000000009c mem 0x0000000080031f28
core   0: 0x000000008000fef2 (0x000097ba) c.add   a5, a4
core   0: 3 0x000000008000fef2 (0x97ba) x15 0x00000000800120dc
core   0: 0x000000008000fef4 (0xfe043703) ld      a4, -32(s0)
core   0: 3 0x000000008000fef4 (0xfe043703) x14 0x000000008001207d mem 0x0000000080031f50
core   0: 0x000000008000fef8 (0xfcf76de3) bltu    a4, a5, pc - 38
core   0: 3 0x000000008000fef8 (0xfcf76de3)
core   0: 0x000000008000fed2 (0xfe043783) ld      a5, -32(s0)
core   0: 3 0x000000008000fed2 (0xfe043783) x15 0x000000008001207d mem 0x0000000080031f50
core   0: 0x000000008000fed6 (0x00178713) addi    a4, a5, 1
core   0: 3 0x000000008000fed6 (0x00178713) x14 0x000000008001207e
core   0: 0x000000008000feda (0xfee43023) sd      a4, -32(s0)
core   0: 3 0x000000008000feda (0xfee43023) mem 0x0000000080031f50 0x000000008001207e
core   0: 0x000000008000fede (0xfc442703) lw      a4, -60(s0)
core   0: 3 0x000000008000fede (0xfc442703) x14 0x0000000000000000 mem 0x0000000080031f34
core   0: 0x000000008000fee2 (0x0ff77713) andi    a4, a4, 255
core   0: 3 0x000000008000fee2 (0x0ff77713) x14 0x0000000000000000
core   0: 0x000000008000fee6 (0x00e78023) sb      a4, 0(a5)
core   0: 3 0x000000008000fee6 (0x00e78023) mem 0x000000008001207d 0x00
core   0: 0x000000008000feea (0xfc843703) ld      a4, -56(s0)
core   0: 3 0x000000008000feea (0xfc843703) x14 0x0000000080012040 mem 0x0000000080031f38
core   0: 0x000000008000feee (0xfb843783) ld      a5, -72(s0)
core   0: 3 0x000000008000feee (0xfb843783) x15 0x000000000000009c mem 0x0000000080031f28
core   0: 0x000000008000fef2 (0x000097ba) c.add   a5, a4
core   0: 3 0x000000008000fef2 (0x97ba) x15 0x00000000800120dc
core   0: 0x000000008000fef4 (0xfe043703) ld      a4, -32(s0)
core   0: 3 0x000000008000fef4 (0xfe043703) x14 0x000000008001207e mem 0x0000000080031f50
core   0: 0x000000008000fef8 (0xfcf76de3) bltu    a4, a5, pc - 38
core   0: 3 0x000000008000fef8 (0xfcf76de3)
core   0: 0x000000008000fed2 (0xfe043783) ld      a5, -32(s0)
core   0: 3 0x000000008000fed2 (0xfe043783) x15 0x000000008001207e mem 0x0000000080031f50
core   0: 0x000000008000fed6 (0x00178713) addi    a4, a5, 1
core   0: 3 0x000000008000fed6 (0x00178713) x14 0x000000008001207f
core   0: 0x000000008000feda (0xfee43023) sd      a4, -32(s0)
core   0: 3 0x000000008000feda (0xfee43023) mem 0x0000000080031f50 0x000000008001207f
core   0: 0x000000008000fede (0xfc442703) lw      a4, -60(s0)
core   0: 3 0x000000008000fede (0xfc442703) x14 0x0000000000000000 mem 0x0000000080031f34
core   0: 0x000000008000fee2 (0x0ff77713) andi    a4, a4, 255
core   0: 3 0x000000008000fee2 (0x0ff77713) x14 0x0000000000000000
core   0: 0x000000008000fee6 (0x00e78023) sb      a4, 0(a5)
core   0: 3 0x000000008000fee6 (0x00e78023) mem 0x000000008001207e 0x00
core   0: 0x000000008000feea (0xfc843703) ld      a4, -56(s0)
core   0: 3 0x000000008000feea (0xfc843703) x14 0x0000000080012040 mem 0x0000000080031f38
core   0: 0x000000008000feee (0xfb843783) ld      a5, -72(s0)
core   0: 3 0x000000008000feee (0xfb843783) x15 0x000000000000009c mem 0x0000000080031f28
core   0: 0x000000008000fef2 (0x000097ba) c.add   a5, a4
core   0: 3 0x000000008000fef2 (0x97ba) x15 0x00000000800120dc
core   0: 0x000000008000fef4 (0xfe043703) ld      a4, -32(s0)
core   0: 3 0x000000008000fef4 (0xfe043703) x14 0x000000008001207f mem 0x0000000080031f50
core   0: 0x000000008000fef8 (0xfcf76de3) bltu    a4, a5, pc - 38
core   0: 3 0x000000008000fef8 (0xfcf76de3)
core   0: 0x000000008000fed2 (0xfe043783) ld      a5, -32(s0)
core   0: 3 0x000000008000fed2 (0xfe043783) x15 0x000000008001207f mem 0x0000000080031f50
core   0: 0x000000008000fed6 (0x00178713) addi    a4, a5, 1
core   0: 3 0x000000008000fed6 (0x00178713) x14 0x0000000080012080
core   0: 0x000000008000feda (0xfee43023) sd      a4, -32(s0)
core   0: 3 0x000000008000feda (0xfee43023) mem 0x0000000080031f50 0x0000000080012080
core   0: 0x000000008000fede (0xfc442703) lw      a4, -60(s0)
core   0: 3 0x000000008000fede (0xfc442703) x14 0x0000000000000000 mem 0x0000000080031f34
core   0: 0x000000008000fee2 (0x0ff77713) andi    a4, a4, 255
core   0: 3 0x000000008000fee2 (0x0ff77713) x14 0x0000000000000000
core   0: 0x000000008000fee6 (0x00e78023) sb      a4, 0(a5)
core   0: 3 0x000000008000fee6 (0x00e78023) mem 0x000000008001207f 0x00
core   0: 0x000000008000feea (0xfc843703) ld      a4, -56(s0)
core   0: 3 0x000000008000feea (0xfc843703) x14 0x0000000080012040 mem 0x0000000080031f38
core   0: 0x000000008000feee (0xfb843783) ld      a5, -72(s0)
core   0: 3 0x000000008000feee (0xfb843783) x15 0x000000000000009c mem 0x0000000080031f28
core   0: 0x000000008000fef2 (0x000097ba) c.add   a5, a4
core   0: 3 0x000000008000fef2 (0x97ba) x15 0x00000000800120dc
core   0: 0x000000008000fef4 (0xfe043703) ld      a4, -32(s0)
core   0: 3 0x000000008000fef4 (0xfe043703) x14 0x0000000080012080 mem 0x0000000080031f50
core   0: 0x000000008000fef8 (0xfcf76de3) bltu    a4, a5, pc - 38
core   0: 3 0x000000008000fef8 (0xfcf76de3)
core   0: 0x000000008000fed2 (0xfe043783) ld      a5, -32(s0)
core   0: 3 0x000000008000fed2 (0xfe043783) x15 0x0000000080012080 mem 0x0000000080031f50
core   0: 0x000000008000fed6 (0x00178713) addi    a4, a5, 1
core   0: 3 0x000000008000fed6 (0x00178713) x14 0x0000000080012081
core   0: 0x000000008000feda (0xfee43023) sd      a4, -32(s0)
core   0: 3 0x000000008000feda (0xfee43023) mem 0x0000000080031f50 0x0000000080012081
core   0: 0x000000008000fede (0xfc442703) lw      a4, -60(s0)
core   0: 3 0x000000008000fede (0xfc442703) x14 0x0000000000000000 mem 0x0000000080031f34
core   0: 0x000000008000fee2 (0x0ff77713) andi    a4, a4, 255
core   0: 3 0x000000008000fee2 (0x0ff77713) x14 0x0000000000000000
core   0: 0x000000008000fee6 (0x00e78023) sb      a4, 0(a5)
core   0: 3 0x000000008000fee6 (0x00e78023) mem 0x0000000080012080 0x00
core   0: 0x000000008000feea (0xfc843703) ld      a4, -56(s0)
core   0: 3 0x000000008000feea (0xfc843703) x14 0x0000000080012040 mem 0x0000000080031f38
core   0: 0x000000008000feee (0xfb843783) ld      a5, -72(s0)
core   0: 3 0x000000008000feee (0xfb843783) x15 0x000000000000009c mem 0x0000000080031f28
core   0: 0x000000008000fef2 (0x000097ba) c.add   a5, a4
core   0: 3 0x000000008000fef2 (0x97ba) x15 0x00000000800120dc
core   0: 0x000000008000fef4 (0xfe043703) ld      a4, -32(s0)
core   0: 3 0x000000008000fef4 (0xfe043703) x14 0x0000000080012081 mem 0x0000000080031f50
core   0: 0x000000008000fef8 (0xfcf76de3) bltu    a4, a5, pc - 38
core   0: 3 0x000000008000fef8 (0xfcf76de3)
core   0: 0x000000008000fed2 (0xfe043783) ld      a5, -32(s0)
core   0: 3 0x000000008000fed2 (0xfe043783) x15 0x0000000080012081 mem 0x0000000080031f50
core   0: 0x000000008000fed6 (0x00178713) addi    a4, a5, 1
core   0: 3 0x000000008000fed6 (0x00178713) x14 0x0000000080012082
core   0: 0x000000008000feda (0xfee43023) sd      a4, -32(s0)
core   0: 3 0x000000008000feda (0xfee43023) mem 0x0000000080031f50 0x0000000080012082
core   0: 0x000000008000fede (0xfc442703) lw      a4, -60(s0)
core   0: 3 0x000000008000fede (0xfc442703) x14 0x0000000000000000 mem 0x0000000080031f34
core   0: 0x000000008000fee2 (0x0ff77713) andi    a4, a4, 255
core   0: 3 0x000000008000fee2 (0x0ff77713) x14 0x0000000000000000
core   0: 0x000000008000fee6 (0x00e78023) sb      a4, 0(a5)
core   0: 3 0x000000008000fee6 (0x00e78023) mem 0x0000000080012081 0x00
core   0: 0x000000008000feea (0xfc843703) ld      a4, -56(s0)
core   0: 3 0x000000008000feea (0xfc843703) x14 0x0000000080012040 mem 0x0000000080031f38
core   0: 0x000000008000feee (0xfb843783) ld      a5, -72(s0)
core   0: 3 0x000000008000feee (0xfb843783) x15 0x000000000000009c mem 0x0000000080031f28
core   0: 0x000000008000fef2 (0x000097ba) c.add   a5, a4
core   0: 3 0x000000008000fef2 (0x97ba) x15 0x00000000800120dc
core   0: 0x000000008000fef4 (0xfe043703) ld      a4, -32(s0)
core   0: 3 0x000000008000fef4 (0xfe043703) x14 0x0000000080012082 mem 0x0000000080031f50
core   0: 0x000000008000fef8 (0xfcf76de3) bltu    a4, a5, pc - 38
core   0: 3 0x000000008000fef8 (0xfcf76de3)
core   0: 0x000000008000fed2 (0xfe043783) ld      a5, -32(s0)
core   0: 3 0x000000008000fed2 (0xfe043783) x15 0x0000000080012082 mem 0x0000000080031f50
core   0: 0x000000008000fed6 (0x00178713) addi    a4, a5, 1
core   0: 3 0x000000008000fed6 (0x00178713) x14 0x0000000080012083
core   0: 0x000000008000feda (0xfee43023) sd      a4, -32(s0)
core   0: 3 0x000000008000feda (0xfee43023) mem 0x0000000080031f50 0x0000000080012083
core   0: 0x000000008000fede (0xfc442703) lw      a4, -60(s0)
core   0: 3 0x000000008000fede (0xfc442703) x14 0x0000000000000000 mem 0x0000000080031f34
core   0: 0x000000008000fee2 (0x0ff77713) andi    a4, a4, 255
core   0: 3 0x000000008000fee2 (0x0ff77713) x14 0x0000000000000000
core   0: 0x000000008000fee6 (0x00e78023) sb      a4, 0(a5)
core   0: 3 0x000000008000fee6 (0x00e78023) mem 0x0000000080012082 0x00
core   0: 0x000000008000feea (0xfc843703) ld      a4, -56(s0)
core   0: 3 0x000000008000feea (0xfc843703) x14 0x0000000080012040 mem 0x0000000080031f38
core   0: 0x000000008000feee (0xfb843783) ld      a5, -72(s0)
core   0: 3 0x000000008000feee (0xfb843783) x15 0x000000000000009c mem 0x0000000080031f28
core   0: 0x000000008000fef2 (0x000097ba) c.add   a5, a4
core   0: 3 0x000000008000fef2 (0x97ba) x15 0x00000000800120dc
core   0: 0x000000008000fef4 (0xfe043703) ld      a4, -32(s0)
core   0: 3 0x000000008000fef4 (0xfe043703) x14 0x0000000080012083 mem 0x0000000080031f50
core   0: 0x000000008000fef8 (0xfcf76de3) bltu    a4, a5, pc - 38
core   0: 3 0x000000008000fef8 (0xfcf76de3)
core   0: 0x000000008000fed2 (0xfe043783) ld      a5, -32(s0)
core   0: 3 0x000000008000fed2 (0xfe043783) x15 0x0000000080012083 mem 0x0000000080031f50
core   0: 0x000000008000fed6 (0x00178713) addi    a4, a5, 1
core   0: 3 0x000000008000fed6 (0x00178713) x14 0x0000000080012084
core   0: 0x000000008000feda (0xfee43023) sd      a4, -32(s0)
core   0: 3 0x000000008000feda (0xfee43023) mem 0x0000000080031f50 0x0000000080012084
core   0: 0x000000008000fede (0xfc442703) lw      a4, -60(s0)
core   0: 3 0x000000008000fede (0xfc442703) x14 0x0000000000000000 mem 0x0000000080031f34
core   0: 0x000000008000fee2 (0x0ff77713) andi    a4, a4, 255
core   0: 3 0x000000008000fee2 (0x0ff77713) x14 0x0000000000000000
core   0: 0x000000008000fee6 (0x00e78023) sb      a4, 0(a5)
core   0: 3 0x000000008000fee6 (0x00e78023) mem 0x0000000080012083 0x00
core   0: 0x000000008000feea (0xfc843703) ld      a4, -56(s0)
core   0: 3 0x000000008000feea (0xfc843703) x14 0x0000000080012040 mem 0x0000000080031f38
core   0: 0x000000008000feee (0xfb843783) ld      a5, -72(s0)
core   0: 3 0x000000008000feee (0xfb843783) x15 0x000000000000009c mem 0x0000000080031f28
core   0: 0x000000008000fef2 (0x000097ba) c.add   a5, a4
core   0: 3 0x000000008000fef2 (0x97ba) x15 0x00000000800120dc
core   0: 0x000000008000fef4 (0xfe043703) ld      a4, -32(s0)
core   0: 3 0x000000008000fef4 (0xfe043703) x14 0x0000000080012084 mem 0x0000000080031f50
core   0: 0x000000008000fef8 (0xfcf76de3) bltu    a4, a5, pc - 38
core   0: 3 0x000000008000fef8 (0xfcf76de3)
core   0: 0x000000008000fed2 (0xfe043783) ld      a5, -32(s0)
core   0: 3 0x000000008000fed2 (0xfe043783) x15 0x0000000080012084 mem 0x0000000080031f50
core   0: 0x000000008000fed6 (0x00178713) addi    a4, a5, 1
core   0: 3 0x000000008000fed6 (0x00178713) x14 0x0000000080012085
core   0: 0x000000008000feda (0xfee43023) sd      a4, -32(s0)
core   0: 3 0x000000008000feda (0xfee43023) mem 0x0000000080031f50 0x0000000080012085
core   0: 0x000000008000fede (0xfc442703) lw      a4, -60(s0)
core   0: 3 0x000000008000fede (0xfc442703) x14 0x0000000000000000 mem 0x0000000080031f34
core   0: 0x000000008000fee2 (0x0ff77713) andi    a4, a4, 255
core   0: 3 0x000000008000fee2 (0x0ff77713) x14 0x0000000000000000
core   0: 0x000000008000fee6 (0x00e78023) sb      a4, 0(a5)
core   0: 3 0x000000008000fee6 (0x00e78023) mem 0x0000000080012084 0x00
core   0: 0x000000008000feea (0xfc843703) ld      a4, -56(s0)
core   0: 3 0x000000008000feea (0xfc843703) x14 0x0000000080012040 mem 0x0000000080031f38
core   0: 0x000000008000feee (0xfb843783) ld      a5, -72(s0)
core   0: 3 0x000000008000feee (0xfb843783) x15 0x000000000000009c mem 0x0000000080031f28
core   0: 0x000000008000fef2 (0x000097ba) c.add   a5, a4
core   0: 3 0x000000008000fef2 (0x97ba) x15 0x00000000800120dc
core   0: 0x000000008000fef4 (0xfe043703) ld      a4, -32(s0)
core   0: 3 0x000000008000fef4 (0xfe043703) x14 0x0000000080012085 mem 0x0000000080031f50
core   0: 0x000000008000fef8 (0xfcf76de3) bltu    a4, a5, pc - 38
core   0: 3 0x000000008000fef8 (0xfcf76de3)
core   0: 0x000000008000fed2 (0xfe043783) ld      a5, -32(s0)
core   0: 3 0x000000008000fed2 (0xfe043783) x15 0x0000000080012085 mem 0x0000000080031f50
core   0: 0x000000008000fed6 (0x00178713) addi    a4, a5, 1
core   0: 3 0x000000008000fed6 (0x00178713) x14 0x0000000080012086
core   0: 0x000000008000feda (0xfee43023) sd      a4, -32(s0)
core   0: 3 0x000000008000feda (0xfee43023) mem 0x0000000080031f50 0x0000000080012086
core   0: 0x000000008000fede (0xfc442703) lw      a4, -60(s0)
core   0: 3 0x000000008000fede (0xfc442703) x14 0x0000000000000000 mem 0x0000000080031f34
core   0: 0x000000008000fee2 (0x0ff77713) andi    a4, a4, 255
core   0: 3 0x000000008000fee2 (0x0ff77713) x14 0x0000000000000000
core   0: 0x000000008000fee6 (0x00e78023) sb      a4, 0(a5)
core   0: 3 0x000000008000fee6 (0x00e78023) mem 0x0000000080012085 0x00
core   0: 0x000000008000feea (0xfc843703) ld      a4, -56(s0)
core   0: 3 0x000000008000feea (0xfc843703) x14 0x0000000080012040 mem 0x0000000080031f38
core   0: 0x000000008000feee (0xfb843783) ld      a5, -72(s0)
core   0: 3 0x000000008000feee (0xfb843783) x15 0x000000000000009c mem 0x0000000080031f28
core   0: 0x000000008000fef2 (0x000097ba) c.add   a5, a4
core   0: 3 0x000000008000fef2 (0x97ba) x15 0x00000000800120dc
core   0: 0x000000008000fef4 (0xfe043703) ld      a4, -32(s0)
core   0: 3 0x000000008000fef4 (0xfe043703) x14 0x0000000080012086 mem 0x0000000080031f50
core   0: 0x000000008000fef8 (0xfcf76de3) bltu    a4, a5, pc - 38
core   0: 3 0x000000008000fef8 (0xfcf76de3)
core   0: 0x000000008000fed2 (0xfe043783) ld      a5, -32(s0)
core   0: 3 0x000000008000fed2 (0xfe043783) x15 0x0000000080012086 mem 0x0000000080031f50
core   0: 0x000000008000fed6 (0x00178713) addi    a4, a5, 1
core   0: 3 0x000000008000fed6 (0x00178713) x14 0x0000000080012087
core   0: 0x000000008000feda (0xfee43023) sd      a4, -32(s0)
core   0: 3 0x000000008000feda (0xfee43023) mem 0x0000000080031f50 0x0000000080012087
core   0: 0x000000008000fede (0xfc442703) lw      a4, -60(s0)
core   0: 3 0x000000008000fede (0xfc442703) x14 0x0000000000000000 mem 0x0000000080031f34
core   0: 0x000000008000fee2 (0x0ff77713) andi    a4, a4, 255
core   0: 3 0x000000008000fee2 (0x0ff77713) x14 0x0000000000000000
core   0: 0x000000008000fee6 (0x00e78023) sb      a4, 0(a5)
core   0: 3 0x000000008000fee6 (0x00e78023) mem 0x0000000080012086 0x00
core   0: 0x000000008000feea (0xfc843703) ld      a4, -56(s0)
core   0: 3 0x000000008000feea (0xfc843703) x14 0x0000000080012040 mem 0x0000000080031f38
core   0: 0x000000008000feee (0xfb843783) ld      a5, -72(s0)
core   0: 3 0x000000008000feee (0xfb843783) x15 0x000000000000009c mem 0x0000000080031f28
core   0: 0x000000008000fef2 (0x000097ba) c.add   a5, a4
core   0: 3 0x000000008000fef2 (0x97ba) x15 0x00000000800120dc
core   0: 0x000000008000fef4 (0xfe043703) ld      a4, -32(s0)
core   0: 3 0x000000008000fef4 (0xfe043703) x14 0x0000000080012087 mem 0x0000000080031f50
core   0: 0x000000008000fef8 (0xfcf76de3) bltu    a4, a5, pc - 38
core   0: 3 0x000000008000fef8 (0xfcf76de3)
core   0: 0x000000008000fed2 (0xfe043783) ld      a5, -32(s0)
core   0: 3 0x000000008000fed2 (0xfe043783) x15 0x0000000080012087 mem 0x0000000080031f50
core   0: 0x000000008000fed6 (0x00178713) addi    a4, a5, 1
core   0: 3 0x000000008000fed6 (0x00178713) x14 0x0000000080012088
core   0: 0x000000008000feda (0xfee43023) sd      a4, -32(s0)
core   0: 3 0x000000008000feda (0xfee43023) mem 0x0000000080031f50 0x0000000080012088
core   0: 0x000000008000fede (0xfc442703) lw      a4, -60(s0)
core   0: 3 0x000000008000fede (0xfc442703) x14 0x0000000000000000 mem 0x0000000080031f34
core   0: 0x000000008000fee2 (0x0ff77713) andi    a4, a4, 255
core   0: 3 0x000000008000fee2 (0x0ff77713) x14 0x0000000000000000
core   0: 0x000000008000fee6 (0x00e78023) sb      a4, 0(a5)
core   0: 3 0x000000008000fee6 (0x00e78023) mem 0x0000000080012087 0x00
core   0: 0x000000008000feea (0xfc843703) ld      a4, -56(s0)
core   0: 3 0x000000008000feea (0xfc843703) x14 0x0000000080012040 mem 0x0000000080031f38
core   0: 0x000000008000feee (0xfb843783) ld      a5, -72(s0)
core   0: 3 0x000000008000feee (0xfb843783) x15 0x000000000000009c mem 0x0000000080031f28
core   0: 0x000000008000fef2 (0x000097ba) c.add   a5, a4
core   0: 3 0x000000008000fef2 (0x97ba) x15 0x00000000800120dc
core   0: 0x000000008000fef4 (0xfe043703) ld      a4, -32(s0)
core   0: 3 0x000000008000fef4 (0xfe043703) x14 0x0000000080012088 mem 0x0000000080031f50
core   0: 0x000000008000fef8 (0xfcf76de3) bltu    a4, a5, pc - 38
core   0: 3 0x000000008000fef8 (0xfcf76de3)
core   0: 0x000000008000fed2 (0xfe043783) ld      a5, -32(s0)
core   0: 3 0x000000008000fed2 (0xfe043783) x15 0x0000000080012088 mem 0x0000000080031f50
core   0: 0x000000008000fed6 (0x00178713) addi    a4, a5, 1
core   0: 3 0x000000008000fed6 (0x00178713) x14 0x0000000080012089
core   0: 0x000000008000feda (0xfee43023) sd      a4, -32(s0)
core   0: 3 0x000000008000feda (0xfee43023) mem 0x0000000080031f50 0x0000000080012089
core   0: 0x000000008000fede (0xfc442703) lw      a4, -60(s0)
core   0: 3 0x000000008000fede (0xfc442703) x14 0x0000000000000000 mem 0x0000000080031f34
core   0: 0x000000008000fee2 (0x0ff77713) andi    a4, a4, 255
core   0: 3 0x000000008000fee2 (0x0ff77713) x14 0x0000000000000000
core   0: 0x000000008000fee6 (0x00e78023) sb      a4, 0(a5)
core   0: 3 0x000000008000fee6 (0x00e78023) mem 0x0000000080012088 0x00
core   0: 0x000000008000feea (0xfc843703) ld      a4, -56(s0)
core   0: 3 0x000000008000feea (0xfc843703) x14 0x0000000080012040 mem 0x0000000080031f38
core   0: 0x000000008000feee (0xfb843783) ld      a5, -72(s0)
core   0: 3 0x000000008000feee (0xfb843783) x15 0x000000000000009c mem 0x0000000080031f28
core   0: 0x000000008000fef2 (0x000097ba) c.add   a5, a4
core   0: 3 0x000000008000fef2 (0x97ba) x15 0x00000000800120dc
core   0: 0x000000008000fef4 (0xfe043703) ld      a4, -32(s0)
core   0: 3 0x000000008000fef4 (0xfe043703) x14 0x0000000080012089 mem 0x0000000080031f50
core   0: 0x000000008000fef8 (0xfcf76de3) bltu    a4, a5, pc - 38
core   0: 3 0x000000008000fef8 (0xfcf76de3)
core   0: 0x000000008000fed2 (0xfe043783) ld      a5, -32(s0)
core   0: 3 0x000000008000fed2 (0xfe043783) x15 0x0000000080012089 mem 0x0000000080031f50
core   0: 0x000000008000fed6 (0x00178713) addi    a4, a5, 1
core   0: 3 0x000000008000fed6 (0x00178713) x14 0x000000008001208a
core   0: 0x000000008000feda (0xfee43023) sd      a4, -32(s0)
core   0: 3 0x000000008000feda (0xfee43023) mem 0x0000000080031f50 0x000000008001208a
core   0: 0x000000008000fede (0xfc442703) lw      a4, -60(s0)
core   0: 3 0x000000008000fede (0xfc442703) x14 0x0000000000000000 mem 0x0000000080031f34
core   0: 0x000000008000fee2 (0x0ff77713) andi    a4, a4, 255
core   0: 3 0x000000008000fee2 (0x0ff77713) x14 0x0000000000000000
core   0: 0x000000008000fee6 (0x00e78023) sb      a4, 0(a5)
core   0: 3 0x000000008000fee6 (0x00e78023) mem 0x0000000080012089 0x00
core   0: 0x000000008000feea (0xfc843703) ld      a4, -56(s0)
core   0: 3 0x000000008000feea (0xfc843703) x14 0x0000000080012040 mem 0x0000000080031f38
core   0: 0x000000008000feee (0xfb843783) ld      a5, -72(s0)
core   0: 3 0x000000008000feee (0xfb843783) x15 0x000000000000009c mem 0x0000000080031f28
core   0: 0x000000008000fef2 (0x000097ba) c.add   a5, a4
core   0: 3 0x000000008000fef2 (0x97ba) x15 0x00000000800120dc
core   0: 0x000000008000fef4 (0xfe043703) ld      a4, -32(s0)
core   0: 3 0x000000008000fef4 (0xfe043703) x14 0x000000008001208a mem 0x0000000080031f50
core   0: 0x000000008000fef8 (0xfcf76de3) bltu    a4, a5, pc - 38
core   0: 3 0x000000008000fef8 (0xfcf76de3)
core   0: 0x000000008000fed2 (0xfe043783) ld      a5, -32(s0)
core   0: 3 0x000000008000fed2 (0xfe043783) x15 0x000000008001208a mem 0x0000000080031f50
core   0: 0x000000008000fed6 (0x00178713) addi    a4, a5, 1
core   0: 3 0x000000008000fed6 (0x00178713) x14 0x000000008001208b
core   0: 0x000000008000feda (0xfee43023) sd      a4, -32(s0)
core   0: 3 0x000000008000feda (0xfee43023) mem 0x0000000080031f50 0x000000008001208b
core   0: 0x000000008000fede (0xfc442703) lw      a4, -60(s0)
core   0: 3 0x000000008000fede (0xfc442703) x14 0x0000000000000000 mem 0x0000000080031f34
core   0: 0x000000008000fee2 (0x0ff77713) andi    a4, a4, 255
core   0: 3 0x000000008000fee2 (0x0ff77713) x14 0x0000000000000000
core   0: 0x000000008000fee6 (0x00e78023) sb      a4, 0(a5)
core   0: 3 0x000000008000fee6 (0x00e78023) mem 0x000000008001208a 0x00
core   0: 0x000000008000feea (0xfc843703) ld      a4, -56(s0)
core   0: 3 0x000000008000feea (0xfc843703) x14 0x0000000080012040 mem 0x0000000080031f38
core   0: 0x000000008000feee (0xfb843783) ld      a5, -72(s0)
core   0: 3 0x000000008000feee (0xfb843783) x15 0x000000000000009c mem 0x0000000080031f28
core   0: 0x000000008000fef2 (0x000097ba) c.add   a5, a4
core   0: 3 0x000000008000fef2 (0x97ba) x15 0x00000000800120dc
core   0: 0x000000008000fef4 (0xfe043703) ld      a4, -32(s0)
core   0: 3 0x000000008000fef4 (0xfe043703) x14 0x000000008001208b mem 0x0000000080031f50
core   0: 0x000000008000fef8 (0xfcf76de3) bltu    a4, a5, pc - 38
core   0: 3 0x000000008000fef8 (0xfcf76de3)
core   0: 0x000000008000fed2 (0xfe043783) ld      a5, -32(s0)
core   0: 3 0x000000008000fed2 (0xfe043783) x15 0x000000008001208b mem 0x0000000080031f50
core   0: 0x000000008000fed6 (0x00178713) addi    a4, a5, 1
core   0: 3 0x000000008000fed6 (0x00178713) x14 0x000000008001208c
core   0: 0x000000008000feda (0xfee43023) sd      a4, -32(s0)
core   0: 3 0x000000008000feda (0xfee43023) mem 0x0000000080031f50 0x000000008001208c
core   0: 0x000000008000fede (0xfc442703) lw      a4, -60(s0)
core   0: 3 0x000000008000fede (0xfc442703) x14 0x0000000000000000 mem 0x0000000080031f34
core   0: 0x000000008000fee2 (0x0ff77713) andi    a4, a4, 255
core   0: 3 0x000000008000fee2 (0x0ff77713) x14 0x0000000000000000
core   0: 0x000000008000fee6 (0x00e78023) sb      a4, 0(a5)
core   0: 3 0x000000008000fee6 (0x00e78023) mem 0x000000008001208b 0x00
core   0: 0x000000008000feea (0xfc843703) ld      a4, -56(s0)
core   0: 3 0x000000008000feea (0xfc843703) x14 0x0000000080012040 mem 0x0000000080031f38
core   0: 0x000000008000feee (0xfb843783) ld      a5, -72(s0)
core   0: 3 0x000000008000feee (0xfb843783) x15 0x000000000000009c mem 0x0000000080031f28
core   0: 0x000000008000fef2 (0x000097ba) c.add   a5, a4
core   0: 3 0x000000008000fef2 (0x97ba) x15 0x00000000800120dc
core   0: 0x000000008000fef4 (0xfe043703) ld      a4, -32(s0)
core   0: 3 0x000000008000fef4 (0xfe043703) x14 0x000000008001208c mem 0x0000000080031f50
core   0: 0x000000008000fef8 (0xfcf76de3) bltu    a4, a5, pc - 38
core   0: 3 0x000000008000fef8 (0xfcf76de3)
core   0: 0x000000008000fed2 (0xfe043783) ld      a5, -32(s0)
core   0: 3 0x000000008000fed2 (0xfe043783) x15 0x000000008001208c mem 0x0000000080031f50
core   0: 0x000000008000fed6 (0x00178713) addi    a4, a5, 1
core   0: 3 0x000000008000fed6 (0x00178713) x14 0x000000008001208d
core   0: 0x000000008000feda (0xfee43023) sd      a4, -32(s0)
core   0: 3 0x000000008000feda (0xfee43023) mem 0x0000000080031f50 0x000000008001208d
core   0: 0x000000008000fede (0xfc442703) lw      a4, -60(s0)
core   0: 3 0x000000008000fede (0xfc442703) x14 0x0000000000000000 mem 0x0000000080031f34
core   0: 0x000000008000fee2 (0x0ff77713) andi    a4, a4, 255
core   0: 3 0x000000008000fee2 (0x0ff77713) x14 0x0000000000000000
core   0: 0x000000008000fee6 (0x00e78023) sb      a4, 0(a5)
core   0: 3 0x000000008000fee6 (0x00e78023) mem 0x000000008001208c 0x00
core   0: 0x000000008000feea (0xfc843703) ld      a4, -56(s0)
core   0: 3 0x000000008000feea (0xfc843703) x14 0x0000000080012040 mem 0x0000000080031f38
core   0: 0x000000008000feee (0xfb843783) ld      a5, -72(s0)
core   0: 3 0x000000008000feee (0xfb843783) x15 0x000000000000009c mem 0x0000000080031f28
core   0: 0x000000008000fef2 (0x000097ba) c.add   a5, a4
core   0: 3 0x000000008000fef2 (0x97ba) x15 0x00000000800120dc
core   0: 0x000000008000fef4 (0xfe043703) ld      a4, -32(s0)
core   0: 3 0x000000008000fef4 (0xfe043703) x14 0x000000008001208d mem 0x0000000080031f50
core   0: 0x000000008000fef8 (0xfcf76de3) bltu    a4, a5, pc - 38
core   0: 3 0x000000008000fef8 (0xfcf76de3)
core   0: 0x000000008000fed2 (0xfe043783) ld      a5, -32(s0)
core   0: 3 0x000000008000fed2 (0xfe043783) x15 0x000000008001208d mem 0x0000000080031f50
core   0: 0x000000008000fed6 (0x00178713) addi    a4, a5, 1
core   0: 3 0x000000008000fed6 (0x00178713) x14 0x000000008001208e
core   0: 0x000000008000feda (0xfee43023) sd      a4, -32(s0)
core   0: 3 0x000000008000feda (0xfee43023) mem 0x0000000080031f50 0x000000008001208e
core   0: 0x000000008000fede (0xfc442703) lw      a4, -60(s0)
core   0: 3 0x000000008000fede (0xfc442703) x14 0x0000000000000000 mem 0x0000000080031f34
core   0: 0x000000008000fee2 (0x0ff77713) andi    a4, a4, 255
core   0: 3 0x000000008000fee2 (0x0ff77713) x14 0x0000000000000000
core   0: 0x000000008000fee6 (0x00e78023) sb      a4, 0(a5)
core   0: 3 0x000000008000fee6 (0x00e78023) mem 0x000000008001208d 0x00
core   0: 0x000000008000feea (0xfc843703) ld      a4, -56(s0)
core   0: 3 0x000000008000feea (0xfc843703) x14 0x0000000080012040 mem 0x0000000080031f38
core   0: 0x000000008000feee (0xfb843783) ld      a5, -72(s0)
core   0: 3 0x000000008000feee (0xfb843783) x15 0x000000000000009c mem 0x0000000080031f28
core   0: 0x000000008000fef2 (0x000097ba) c.add   a5, a4
core   0: 3 0x000000008000fef2 (0x97ba) x15 0x00000000800120dc
core   0: 0x000000008000fef4 (0xfe043703) ld      a4, -32(s0)
core   0: 3 0x000000008000fef4 (0xfe043703) x14 0x000000008001208e mem 0x0000000080031f50
core   0: 0x000000008000fef8 (0xfcf76de3) bltu    a4, a5, pc - 38
core   0: 3 0x000000008000fef8 (0xfcf76de3)
core   0: 0x000000008000fed2 (0xfe043783) ld      a5, -32(s0)
core   0: 3 0x000000008000fed2 (0xfe043783) x15 0x000000008001208e mem 0x0000000080031f50
core   0: 0x000000008000fed6 (0x00178713) addi    a4, a5, 1
core   0: 3 0x000000008000fed6 (0x00178713) x14 0x000000008001208f
core   0: 0x000000008000feda (0xfee43023) sd      a4, -32(s0)
core   0: 3 0x000000008000feda (0xfee43023) mem 0x0000000080031f50 0x000000008001208f
core   0: 0x000000008000fede (0xfc442703) lw      a4, -60(s0)
core   0: 3 0x000000008000fede (0xfc442703) x14 0x0000000000000000 mem 0x0000000080031f34
core   0: 0x000000008000fee2 (0x0ff77713) andi    a4, a4, 255
core   0: 3 0x000000008000fee2 (0x0ff77713) x14 0x0000000000000000
core   0: 0x000000008000fee6 (0x00e78023) sb      a4, 0(a5)
core   0: 3 0x000000008000fee6 (0x00e78023) mem 0x000000008001208e 0x00
core   0: 0x000000008000feea (0xfc843703) ld      a4, -56(s0)
core   0: 3 0x000000008000feea (0xfc843703) x14 0x0000000080012040 mem 0x0000000080031f38
core   0: 0x000000008000feee (0xfb843783) ld      a5, -72(s0)
core   0: 3 0x000000008000feee (0xfb843783) x15 0x000000000000009c mem 0x0000000080031f28
core   0: 0x000000008000fef2 (0x000097ba) c.add   a5, a4
core   0: 3 0x000000008000fef2 (0x97ba) x15 0x00000000800120dc
core   0: 0x000000008000fef4 (0xfe043703) ld      a4, -32(s0)
core   0: 3 0x000000008000fef4 (0xfe043703) x14 0x000000008001208f mem 0x0000000080031f50
core   0: 0x000000008000fef8 (0xfcf76de3) bltu    a4, a5, pc - 38
core   0: 3 0x000000008000fef8 (0xfcf76de3)
core   0: 0x000000008000fed2 (0xfe043783) ld      a5, -32(s0)
core   0: 3 0x000000008000fed2 (0xfe043783) x15 0x000000008001208f mem 0x0000000080031f50
core   0: 0x000000008000fed6 (0x00178713) addi    a4, a5, 1
core   0: 3 0x000000008000fed6 (0x00178713) x14 0x0000000080012090
core   0: 0x000000008000feda (0xfee43023) sd      a4, -32(s0)
core   0: 3 0x000000008000feda (0xfee43023) mem 0x0000000080031f50 0x0000000080012090
core   0: 0x000000008000fede (0xfc442703) lw      a4, -60(s0)
core   0: 3 0x000000008000fede (0xfc442703) x14 0x0000000000000000 mem 0x0000000080031f34
core   0: 0x000000008000fee2 (0x0ff77713) andi    a4, a4, 255
core   0: 3 0x000000008000fee2 (0x0ff77713) x14 0x0000000000000000
core   0: 0x000000008000fee6 (0x00e78023) sb      a4, 0(a5)
core   0: 3 0x000000008000fee6 (0x00e78023) mem 0x000000008001208f 0x00
core   0: 0x000000008000feea (0xfc843703) ld      a4, -56(s0)
core   0: 3 0x000000008000feea (0xfc843703) x14 0x0000000080012040 mem 0x0000000080031f38
core   0: 0x000000008000feee (0xfb843783) ld      a5, -72(s0)
core   0: 3 0x000000008000feee (0xfb843783) x15 0x000000000000009c mem 0x0000000080031f28
core   0: 0x000000008000fef2 (0x000097ba) c.add   a5, a4
core   0: 3 0x000000008000fef2 (0x97ba) x15 0x00000000800120dc
core   0: 0x000000008000fef4 (0xfe043703) ld      a4, -32(s0)
core   0: 3 0x000000008000fef4 (0xfe043703) x14 0x0000000080012090 mem 0x0000000080031f50
core   0: 0x000000008000fef8 (0xfcf76de3) bltu    a4, a5, pc - 38
core   0: 3 0x000000008000fef8 (0xfcf76de3)
core   0: 0x000000008000fed2 (0xfe043783) ld      a5, -32(s0)
core   0: 3 0x000000008000fed2 (0xfe043783) x15 0x0000000080012090 mem 0x0000000080031f50
core   0: 0x000000008000fed6 (0x00178713) addi    a4, a5, 1
core   0: 3 0x000000008000fed6 (0x00178713) x14 0x0000000080012091
core   0: 0x000000008000feda (0xfee43023) sd      a4, -32(s0)
core   0: 3 0x000000008000feda (0xfee43023) mem 0x0000000080031f50 0x0000000080012091
core   0: 0x000000008000fede (0xfc442703) lw      a4, -60(s0)
core   0: 3 0x000000008000fede (0xfc442703) x14 0x0000000000000000 mem 0x0000000080031f34
core   0: 0x000000008000fee2 (0x0ff77713) andi    a4, a4, 255
core   0: 3 0x000000008000fee2 (0x0ff77713) x14 0x0000000000000000
core   0: 0x000000008000fee6 (0x00e78023) sb      a4, 0(a5)
core   0: 3 0x000000008000fee6 (0x00e78023) mem 0x0000000080012090 0x00
core   0: 0x000000008000feea (0xfc843703) ld      a4, -56(s0)
core   0: 3 0x000000008000feea (0xfc843703) x14 0x0000000080012040 mem 0x0000000080031f38
core   0: 0x000000008000feee (0xfb843783) ld      a5, -72(s0)
core   0: 3 0x000000008000feee (0xfb843783) x15 0x000000000000009c mem 0x0000000080031f28
core   0: 0x000000008000fef2 (0x000097ba) c.add   a5, a4
core   0: 3 0x000000008000fef2 (0x97ba) x15 0x00000000800120dc
core   0: 0x000000008000fef4 (0xfe043703) ld      a4, -32(s0)
core   0: 3 0x000000008000fef4 (0xfe043703) x14 0x0000000080012091 mem 0x0000000080031f50
core   0: 0x000000008000fef8 (0xfcf76de3) bltu    a4, a5, pc - 38
core   0: 3 0x000000008000fef8 (0xfcf76de3)
core   0: 0x000000008000fed2 (0xfe043783) ld      a5, -32(s0)
core   0: 3 0x000000008000fed2 (0xfe043783) x15 0x0000000080012091 mem 0x0000000080031f50
core   0: 0x000000008000fed6 (0x00178713) addi    a4, a5, 1
core   0: 3 0x000000008000fed6 (0x00178713) x14 0x0000000080012092
core   0: 0x000000008000feda (0xfee43023) sd      a4, -32(s0)
core   0: 3 0x000000008000feda (0xfee43023) mem 0x0000000080031f50 0x0000000080012092
core   0: 0x000000008000fede (0xfc442703) lw      a4, -60(s0)
core   0: 3 0x000000008000fede (0xfc442703) x14 0x0000000000000000 mem 0x0000000080031f34
core   0: 0x000000008000fee2 (0x0ff77713) andi    a4, a4, 255
core   0: 3 0x000000008000fee2 (0x0ff77713) x14 0x0000000000000000
core   0: 0x000000008000fee6 (0x00e78023) sb      a4, 0(a5)
core   0: 3 0x000000008000fee6 (0x00e78023) mem 0x0000000080012091 0x00
core   0: 0x000000008000feea (0xfc843703) ld      a4, -56(s0)
core   0: 3 0x000000008000feea (0xfc843703) x14 0x0000000080012040 mem 0x0000000080031f38
core   0: 0x000000008000feee (0xfb843783) ld      a5, -72(s0)
core   0: 3 0x000000008000feee (0xfb843783) x15 0x000000000000009c mem 0x0000000080031f28
core   0: 0x000000008000fef2 (0x000097ba) c.add   a5, a4
core   0: 3 0x000000008000fef2 (0x97ba) x15 0x00000000800120dc
core   0: 0x000000008000fef4 (0xfe043703) ld      a4, -32(s0)
core   0: 3 0x000000008000fef4 (0xfe043703) x14 0x0000000080012092 mem 0x0000000080031f50
core   0: 0x000000008000fef8 (0xfcf76de3) bltu    a4, a5, pc - 38
core   0: 3 0x000000008000fef8 (0xfcf76de3)
core   0: 0x000000008000fed2 (0xfe043783) ld      a5, -32(s0)
core   0: 3 0x000000008000fed2 (0xfe043783) x15 0x0000000080012092 mem 0x0000000080031f50
core   0: 0x000000008000fed6 (0x00178713) addi    a4, a5, 1
core   0: 3 0x000000008000fed6 (0x00178713) x14 0x0000000080012093
core   0: 0x000000008000feda (0xfee43023) sd      a4, -32(s0)
core   0: 3 0x000000008000feda (0xfee43023) mem 0x0000000080031f50 0x0000000080012093
core   0: 0x000000008000fede (0xfc442703) lw      a4, -60(s0)
core   0: 3 0x000000008000fede (0xfc442703) x14 0x0000000000000000 mem 0x0000000080031f34
core   0: 0x000000008000fee2 (0x0ff77713) andi    a4, a4, 255
core   0: 3 0x000000008000fee2 (0x0ff77713) x14 0x0000000000000000
core   0: 0x000000008000fee6 (0x00e78023) sb      a4, 0(a5)
core   0: 3 0x000000008000fee6 (0x00e78023) mem 0x0000000080012092 0x00
core   0: 0x000000008000feea (0xfc843703) ld      a4, -56(s0)
core   0: 3 0x000000008000feea (0xfc843703) x14 0x0000000080012040 mem 0x0000000080031f38
core   0: 0x000000008000feee (0xfb843783) ld      a5, -72(s0)
core   0: 3 0x000000008000feee (0xfb843783) x15 0x000000000000009c mem 0x0000000080031f28
core   0: 0x000000008000fef2 (0x000097ba) c.add   a5, a4
core   0: 3 0x000000008000fef2 (0x97ba) x15 0x00000000800120dc
core   0: 0x000000008000fef4 (0xfe043703) ld      a4, -32(s0)
core   0: 3 0x000000008000fef4 (0xfe043703) x14 0x0000000080012093 mem 0x0000000080031f50
core   0: 0x000000008000fef8 (0xfcf76de3) bltu    a4, a5, pc - 38
core   0: 3 0x000000008000fef8 (0xfcf76de3)
core   0: 0x000000008000fed2 (0xfe043783) ld      a5, -32(s0)
core   0: 3 0x000000008000fed2 (0xfe043783) x15 0x0000000080012093 mem 0x0000000080031f50
core   0: 0x000000008000fed6 (0x00178713) addi    a4, a5, 1
core   0: 3 0x000000008000fed6 (0x00178713) x14 0x0000000080012094
core   0: 0x000000008000feda (0xfee43023) sd      a4, -32(s0)
core   0: 3 0x000000008000feda (0xfee43023) mem 0x0000000080031f50 0x0000000080012094
core   0: 0x000000008000fede (0xfc442703) lw      a4, -60(s0)
core   0: 3 0x000000008000fede (0xfc442703) x14 0x0000000000000000 mem 0x0000000080031f34
core   0: 0x000000008000fee2 (0x0ff77713) andi    a4, a4, 255
core   0: 3 0x000000008000fee2 (0x0ff77713) x14 0x0000000000000000
core   0: 0x000000008000fee6 (0x00e78023) sb      a4, 0(a5)
core   0: 3 0x000000008000fee6 (0x00e78023) mem 0x0000000080012093 0x00
core   0: 0x000000008000feea (0xfc843703) ld      a4, -56(s0)
core   0: 3 0x000000008000feea (0xfc843703) x14 0x0000000080012040 mem 0x0000000080031f38
core   0: 0x000000008000feee (0xfb843783) ld      a5, -72(s0)
core   0: 3 0x000000008000feee (0xfb843783) x15 0x000000000000009c mem 0x0000000080031f28
core   0: 0x000000008000fef2 (0x000097ba) c.add   a5, a4
core   0: 3 0x000000008000fef2 (0x97ba) x15 0x00000000800120dc
core   0: 0x000000008000fef4 (0xfe043703) ld      a4, -32(s0)
core   0: 3 0x000000008000fef4 (0xfe043703) x14 0x0000000080012094 mem 0x0000000080031f50
core   0: 0x000000008000fef8 (0xfcf76de3) bltu    a4, a5, pc - 38
core   0: 3 0x000000008000fef8 (0xfcf76de3)
core   0: 0x000000008000fed2 (0xfe043783) ld      a5, -32(s0)
core   0: 3 0x000000008000fed2 (0xfe043783) x15 0x0000000080012094 mem 0x0000000080031f50
core   0: 0x000000008000fed6 (0x00178713) addi    a4, a5, 1
core   0: 3 0x000000008000fed6 (0x00178713) x14 0x0000000080012095
core   0: 0x000000008000feda (0xfee43023) sd      a4, -32(s0)
core   0: 3 0x000000008000feda (0xfee43023) mem 0x0000000080031f50 0x0000000080012095
core   0: 0x000000008000fede (0xfc442703) lw      a4, -60(s0)
core   0: 3 0x000000008000fede (0xfc442703) x14 0x0000000000000000 mem 0x0000000080031f34
core   0: 0x000000008000fee2 (0x0ff77713) andi    a4, a4, 255
core   0: 3 0x000000008000fee2 (0x0ff77713) x14 0x0000000000000000
core   0: 0x000000008000fee6 (0x00e78023) sb      a4, 0(a5)
core   0: 3 0x000000008000fee6 (0x00e78023) mem 0x0000000080012094 0x00
core   0: 0x000000008000feea (0xfc843703) ld      a4, -56(s0)
core   0: 3 0x000000008000feea (0xfc843703) x14 0x0000000080012040 mem 0x0000000080031f38
core   0: 0x000000008000feee (0xfb843783) ld      a5, -72(s0)
core   0: 3 0x000000008000feee (0xfb843783) x15 0x000000000000009c mem 0x0000000080031f28
core   0: 0x000000008000fef2 (0x000097ba) c.add   a5, a4
core   0: 3 0x000000008000fef2 (0x97ba) x15 0x00000000800120dc
core   0: 0x000000008000fef4 (0xfe043703) ld      a4, -32(s0)
core   0: 3 0x000000008000fef4 (0xfe043703) x14 0x0000000080012095 mem 0x0000000080031f50
core   0: 0x000000008000fef8 (0xfcf76de3) bltu    a4, a5, pc - 38
core   0: 3 0x000000008000fef8 (0xfcf76de3)
core   0: 0x000000008000fed2 (0xfe043783) ld      a5, -32(s0)
core   0: 3 0x000000008000fed2 (0xfe043783) x15 0x0000000080012095 mem 0x0000000080031f50
core   0: 0x000000008000fed6 (0x00178713) addi    a4, a5, 1
core   0: 3 0x000000008000fed6 (0x00178713) x14 0x0000000080012096
core   0: 0x000000008000feda (0xfee43023) sd      a4, -32(s0)
core   0: 3 0x000000008000feda (0xfee43023) mem 0x0000000080031f50 0x0000000080012096
core   0: 0x000000008000fede (0xfc442703) lw      a4, -60(s0)
core   0: 3 0x000000008000fede (0xfc442703) x14 0x0000000000000000 mem 0x0000000080031f34
core   0: 0x000000008000fee2 (0x0ff77713) andi    a4, a4, 255
core   0: 3 0x000000008000fee2 (0x0ff77713) x14 0x0000000000000000
core   0: 0x000000008000fee6 (0x00e78023) sb      a4, 0(a5)
core   0: 3 0x000000008000fee6 (0x00e78023) mem 0x0000000080012095 0x00
core   0: 0x000000008000feea (0xfc843703) ld      a4, -56(s0)
core   0: 3 0x000000008000feea (0xfc843703) x14 0x0000000080012040 mem 0x0000000080031f38
core   0: 0x000000008000feee (0xfb843783) ld      a5, -72(s0)
core   0: 3 0x000000008000feee (0xfb843783) x15 0x000000000000009c mem 0x0000000080031f28
core   0: 0x000000008000fef2 (0x000097ba) c.add   a5, a4
core   0: 3 0x000000008000fef2 (0x97ba) x15 0x00000000800120dc
core   0: 0x000000008000fef4 (0xfe043703) ld      a4, -32(s0)
core   0: 3 0x000000008000fef4 (0xfe043703) x14 0x0000000080012096 mem 0x0000000080031f50
core   0: 0x000000008000fef8 (0xfcf76de3) bltu    a4, a5, pc - 38
core   0: 3 0x000000008000fef8 (0xfcf76de3)
core   0: 0x000000008000fed2 (0xfe043783) ld      a5, -32(s0)
core   0: 3 0x000000008000fed2 (0xfe043783) x15 0x0000000080012096 mem 0x0000000080031f50
core   0: 0x000000008000fed6 (0x00178713) addi    a4, a5, 1
core   0: 3 0x000000008000fed6 (0x00178713) x14 0x0000000080012097
core   0: 0x000000008000feda (0xfee43023) sd      a4, -32(s0)
core   0: 3 0x000000008000feda (0xfee43023) mem 0x0000000080031f50 0x0000000080012097
core   0: 0x000000008000fede (0xfc442703) lw      a4, -60(s0)
core   0: 3 0x000000008000fede (0xfc442703) x14 0x0000000000000000 mem 0x0000000080031f34
core   0: 0x000000008000fee2 (0x0ff77713) andi    a4, a4, 255
core   0: 3 0x000000008000fee2 (0x0ff77713) x14 0x0000000000000000
core   0: 0x000000008000fee6 (0x00e78023) sb      a4, 0(a5)
core   0: 3 0x000000008000fee6 (0x00e78023) mem 0x0000000080012096 0x00
core   0: 0x000000008000feea (0xfc843703) ld      a4, -56(s0)
core   0: 3 0x000000008000feea (0xfc843703) x14 0x0000000080012040 mem 0x0000000080031f38
core   0: 0x000000008000feee (0xfb843783) ld      a5, -72(s0)
core   0: 3 0x000000008000feee (0xfb843783) x15 0x000000000000009c mem 0x0000000080031f28
core   0: 0x000000008000fef2 (0x000097ba) c.add   a5, a4
core   0: 3 0x000000008000fef2 (0x97ba) x15 0x00000000800120dc
core   0: 0x000000008000fef4 (0xfe043703) ld      a4, -32(s0)
core   0: 3 0x000000008000fef4 (0xfe043703) x14 0x0000000080012097 mem 0x0000000080031f50
core   0: 0x000000008000fef8 (0xfcf76de3) bltu    a4, a5, pc - 38
core   0: 3 0x000000008000fef8 (0xfcf76de3)
core   0: 0x000000008000fed2 (0xfe043783) ld      a5, -32(s0)
core   0: 3 0x000000008000fed2 (0xfe043783) x15 0x0000000080012097 mem 0x0000000080031f50
core   0: 0x000000008000fed6 (0x00178713) addi    a4, a5, 1
core   0: 3 0x000000008000fed6 (0x00178713) x14 0x0000000080012098
core   0: 0x000000008000feda (0xfee43023) sd      a4, -32(s0)
core   0: 3 0x000000008000feda (0xfee43023) mem 0x0000000080031f50 0x0000000080012098
core   0: 0x000000008000fede (0xfc442703) lw      a4, -60(s0)
core   0: 3 0x000000008000fede (0xfc442703) x14 0x0000000000000000 mem 0x0000000080031f34
core   0: 0x000000008000fee2 (0x0ff77713) andi    a4, a4, 255
core   0: 3 0x000000008000fee2 (0x0ff77713) x14 0x0000000000000000
core   0: 0x000000008000fee6 (0x00e78023) sb      a4, 0(a5)
core   0: 3 0x000000008000fee6 (0x00e78023) mem 0x0000000080012097 0x00
core   0: 0x000000008000feea (0xfc843703) ld      a4, -56(s0)
core   0: 3 0x000000008000feea (0xfc843703) x14 0x0000000080012040 mem 0x0000000080031f38
core   0: 0x000000008000feee (0xfb843783) ld      a5, -72(s0)
core   0: 3 0x000000008000feee (0xfb843783) x15 0x000000000000009c mem 0x0000000080031f28
core   0: 0x000000008000fef2 (0x000097ba) c.add   a5, a4
core   0: 3 0x000000008000fef2 (0x97ba) x15 0x00000000800120dc
core   0: 0x000000008000fef4 (0xfe043703) ld      a4, -32(s0)
core   0: 3 0x000000008000fef4 (0xfe043703) x14 0x0000000080012098 mem 0x0000000080031f50
core   0: 0x000000008000fef8 (0xfcf76de3) bltu    a4, a5, pc - 38
core   0: 3 0x000000008000fef8 (0xfcf76de3)
core   0: 0x000000008000fed2 (0xfe043783) ld      a5, -32(s0)
core   0: 3 0x000000008000fed2 (0xfe043783) x15 0x0000000080012098 mem 0x0000000080031f50
core   0: 0x000000008000fed6 (0x00178713) addi    a4, a5, 1
core   0: 3 0x000000008000fed6 (0x00178713) x14 0x0000000080012099
core   0: 0x000000008000feda (0xfee43023) sd      a4, -32(s0)
core   0: 3 0x000000008000feda (0xfee43023) mem 0x0000000080031f50 0x0000000080012099
core   0: 0x000000008000fede (0xfc442703) lw      a4, -60(s0)
core   0: 3 0x000000008000fede (0xfc442703) x14 0x0000000000000000 mem 0x0000000080031f34
core   0: 0x000000008000fee2 (0x0ff77713) andi    a4, a4, 255
core   0: 3 0x000000008000fee2 (0x0ff77713) x14 0x0000000000000000
core   0: 0x000000008000fee6 (0x00e78023) sb      a4, 0(a5)
core   0: 3 0x000000008000fee6 (0x00e78023) mem 0x0000000080012098 0x00
core   0: 0x000000008000feea (0xfc843703) ld      a4, -56(s0)
core   0: 3 0x000000008000feea (0xfc843703) x14 0x0000000080012040 mem 0x0000000080031f38
core   0: 0x000000008000feee (0xfb843783) ld      a5, -72(s0)
core   0: 3 0x000000008000feee (0xfb843783) x15 0x000000000000009c mem 0x0000000080031f28
core   0: 0x000000008000fef2 (0x000097ba) c.add   a5, a4
core   0: 3 0x000000008000fef2 (0x97ba) x15 0x00000000800120dc
core   0: 0x000000008000fef4 (0xfe043703) ld      a4, -32(s0)
core   0: 3 0x000000008000fef4 (0xfe043703) x14 0x0000000080012099 mem 0x0000000080031f50
core   0: 0x000000008000fef8 (0xfcf76de3) bltu    a4, a5, pc - 38
core   0: 3 0x000000008000fef8 (0xfcf76de3)
core   0: 0x000000008000fed2 (0xfe043783) ld      a5, -32(s0)
core   0: 3 0x000000008000fed2 (0xfe043783) x15 0x0000000080012099 mem 0x0000000080031f50
core   0: 0x000000008000fed6 (0x00178713) addi    a4, a5, 1
core   0: 3 0x000000008000fed6 (0x00178713) x14 0x000000008001209a
core   0: 0x000000008000feda (0xfee43023) sd      a4, -32(s0)
core   0: 3 0x000000008000feda (0xfee43023) mem 0x0000000080031f50 0x000000008001209a
core   0: 0x000000008000fede (0xfc442703) lw      a4, -60(s0)
core   0: 3 0x000000008000fede (0xfc442703) x14 0x0000000000000000 mem 0x0000000080031f34
core   0: 0x000000008000fee2 (0x0ff77713) andi    a4, a4, 255
core   0: 3 0x000000008000fee2 (0x0ff77713) x14 0x0000000000000000
core   0: 0x000000008000fee6 (0x00e78023) sb      a4, 0(a5)
core   0: 3 0x000000008000fee6 (0x00e78023) mem 0x0000000080012099 0x00
core   0: 0x000000008000feea (0xfc843703) ld      a4, -56(s0)
core   0: 3 0x000000008000feea (0xfc843703) x14 0x0000000080012040 mem 0x0000000080031f38
core   0: 0x000000008000feee (0xfb843783) ld      a5, -72(s0)
core   0: 3 0x000000008000feee (0xfb843783) x15 0x000000000000009c mem 0x0000000080031f28
core   0: 0x000000008000fef2 (0x000097ba) c.add   a5, a4
core   0: 3 0x000000008000fef2 (0x97ba) x15 0x00000000800120dc
core   0: 0x000000008000fef4 (0xfe043703) ld      a4, -32(s0)
core   0: 3 0x000000008000fef4 (0xfe043703) x14 0x000000008001209a mem 0x0000000080031f50
core   0: 0x000000008000fef8 (0xfcf76de3) bltu    a4, a5, pc - 38
core   0: 3 0x000000008000fef8 (0xfcf76de3)
core   0: 0x000000008000fed2 (0xfe043783) ld      a5, -32(s0)
core   0: 3 0x000000008000fed2 (0xfe043783) x15 0x000000008001209a mem 0x0000000080031f50
core   0: 0x000000008000fed6 (0x00178713) addi    a4, a5, 1
core   0: 3 0x000000008000fed6 (0x00178713) x14 0x000000008001209b
core   0: 0x000000008000feda (0xfee43023) sd      a4, -32(s0)
core   0: 3 0x000000008000feda (0xfee43023) mem 0x0000000080031f50 0x000000008001209b
core   0: 0x000000008000fede (0xfc442703) lw      a4, -60(s0)
core   0: 3 0x000000008000fede (0xfc442703) x14 0x0000000000000000 mem 0x0000000080031f34
core   0: 0x000000008000fee2 (0x0ff77713) andi    a4, a4, 255
core   0: 3 0x000000008000fee2 (0x0ff77713) x14 0x0000000000000000
core   0: 0x000000008000fee6 (0x00e78023) sb      a4, 0(a5)
core   0: 3 0x000000008000fee6 (0x00e78023) mem 0x000000008001209a 0x00
core   0: 0x000000008000feea (0xfc843703) ld      a4, -56(s0)
core   0: 3 0x000000008000feea (0xfc843703) x14 0x0000000080012040 mem 0x0000000080031f38
core   0: 0x000000008000feee (0xfb843783) ld      a5, -72(s0)
core   0: 3 0x000000008000feee (0xfb843783) x15 0x000000000000009c mem 0x0000000080031f28
core   0: 0x000000008000fef2 (0x000097ba) c.add   a5, a4
core   0: 3 0x000000008000fef2 (0x97ba) x15 0x00000000800120dc
core   0: 0x000000008000fef4 (0xfe043703) ld      a4, -32(s0)
core   0: 3 0x000000008000fef4 (0xfe043703) x14 0x000000008001209b mem 0x0000000080031f50
core   0: 0x000000008000fef8 (0xfcf76de3) bltu    a4, a5, pc - 38
core   0: 3 0x000000008000fef8 (0xfcf76de3)
core   0: 0x000000008000fed2 (0xfe043783) ld      a5, -32(s0)
core   0: 3 0x000000008000fed2 (0xfe043783) x15 0x000000008001209b mem 0x0000000080031f50
core   0: 0x000000008000fed6 (0x00178713) addi    a4, a5, 1
core   0: 3 0x000000008000fed6 (0x00178713) x14 0x000000008001209c
core   0: 0x000000008000feda (0xfee43023) sd      a4, -32(s0)
core   0: 3 0x000000008000feda (0xfee43023) mem 0x0000000080031f50 0x000000008001209c
core   0: 0x000000008000fede (0xfc442703) lw      a4, -60(s0)
core   0: 3 0x000000008000fede (0xfc442703) x14 0x0000000000000000 mem 0x0000000080031f34
core   0: 0x000000008000fee2 (0x0ff77713) andi    a4, a4, 255
core   0: 3 0x000000008000fee2 (0x0ff77713) x14 0x0000000000000000
core   0: 0x000000008000fee6 (0x00e78023) sb      a4, 0(a5)
core   0: 3 0x000000008000fee6 (0x00e78023) mem 0x000000008001209b 0x00
core   0: 0x000000008000feea (0xfc843703) ld      a4, -56(s0)
core   0: 3 0x000000008000feea (0xfc843703) x14 0x0000000080012040 mem 0x0000000080031f38
core   0: 0x000000008000feee (0xfb843783) ld      a5, -72(s0)
core   0: 3 0x000000008000feee (0xfb843783) x15 0x000000000000009c mem 0x0000000080031f28
core   0: 0x000000008000fef2 (0x000097ba) c.add   a5, a4
core   0: 3 0x000000008000fef2 (0x97ba) x15 0x00000000800120dc
core   0: 0x000000008000fef4 (0xfe043703) ld      a4, -32(s0)
core   0: 3 0x000000008000fef4 (0xfe043703) x14 0x000000008001209c mem 0x0000000080031f50
core   0: 0x000000008000fef8 (0xfcf76de3) bltu    a4, a5, pc - 38
core   0: 3 0x000000008000fef8 (0xfcf76de3)
core   0: 0x000000008000fed2 (0xfe043783) ld      a5, -32(s0)
core   0: 3 0x000000008000fed2 (0xfe043783) x15 0x000000008001209c mem 0x0000000080031f50
core   0: 0x000000008000fed6 (0x00178713) addi    a4, a5, 1
core   0: 3 0x000000008000fed6 (0x00178713) x14 0x000000008001209d
core   0: 0x000000008000feda (0xfee43023) sd      a4, -32(s0)
core   0: 3 0x000000008000feda (0xfee43023) mem 0x0000000080031f50 0x000000008001209d
core   0: 0x000000008000fede (0xfc442703) lw      a4, -60(s0)
core   0: 3 0x000000008000fede (0xfc442703) x14 0x0000000000000000 mem 0x0000000080031f34
core   0: 0x000000008000fee2 (0x0ff77713) andi    a4, a4, 255
core   0: 3 0x000000008000fee2 (0x0ff77713) x14 0x0000000000000000
core   0: 0x000000008000fee6 (0x00e78023) sb      a4, 0(a5)
core   0: 3 0x000000008000fee6 (0x00e78023) mem 0x000000008001209c 0x00
core   0: 0x000000008000feea (0xfc843703) ld      a4, -56(s0)
core   0: 3 0x000000008000feea (0xfc843703) x14 0x0000000080012040 mem 0x0000000080031f38
core   0: 0x000000008000feee (0xfb843783) ld      a5, -72(s0)
core   0: 3 0x000000008000feee (0xfb843783) x15 0x000000000000009c mem 0x0000000080031f28
core   0: 0x000000008000fef2 (0x000097ba) c.add   a5, a4
core   0: 3 0x000000008000fef2 (0x97ba) x15 0x00000000800120dc
core   0: 0x000000008000fef4 (0xfe043703) ld      a4, -32(s0)
core   0: 3 0x000000008000fef4 (0xfe043703) x14 0x000000008001209d mem 0x0000000080031f50
core   0: 0x000000008000fef8 (0xfcf76de3) bltu    a4, a5, pc - 38
core   0: 3 0x000000008000fef8 (0xfcf76de3)
core   0: 0x000000008000fed2 (0xfe043783) ld      a5, -32(s0)
core   0: 3 0x000000008000fed2 (0xfe043783) x15 0x000000008001209d mem 0x0000000080031f50
core   0: 0x000000008000fed6 (0x00178713) addi    a4, a5, 1
core   0: 3 0x000000008000fed6 (0x00178713) x14 0x000000008001209e
core   0: 0x000000008000feda (0xfee43023) sd      a4, -32(s0)
core   0: 3 0x000000008000feda (0xfee43023) mem 0x0000000080031f50 0x000000008001209e
core   0: 0x000000008000fede (0xfc442703) lw      a4, -60(s0)
core   0: 3 0x000000008000fede (0xfc442703) x14 0x0000000000000000 mem 0x0000000080031f34
core   0: 0x000000008000fee2 (0x0ff77713) andi    a4, a4, 255
core   0: 3 0x000000008000fee2 (0x0ff77713) x14 0x0000000000000000
core   0: 0x000000008000fee6 (0x00e78023) sb      a4, 0(a5)
core   0: 3 0x000000008000fee6 (0x00e78023) mem 0x000000008001209d 0x00
core   0: 0x000000008000feea (0xfc843703) ld      a4, -56(s0)
core   0: 3 0x000000008000feea (0xfc843703) x14 0x0000000080012040 mem 0x0000000080031f38
core   0: 0x000000008000feee (0xfb843783) ld      a5, -72(s0)
core   0: 3 0x000000008000feee (0xfb843783) x15 0x000000000000009c mem 0x0000000080031f28
core   0: 0x000000008000fef2 (0x000097ba) c.add   a5, a4
core   0: 3 0x000000008000fef2 (0x97ba) x15 0x00000000800120dc
core   0: 0x000000008000fef4 (0xfe043703) ld      a4, -32(s0)
core   0: 3 0x000000008000fef4 (0xfe043703) x14 0x000000008001209e mem 0x0000000080031f50
core   0: 0x000000008000fef8 (0xfcf76de3) bltu    a4, a5, pc - 38
core   0: 3 0x000000008000fef8 (0xfcf76de3)
core   0: 0x000000008000fed2 (0xfe043783) ld      a5, -32(s0)
core   0: 3 0x000000008000fed2 (0xfe043783) x15 0x000000008001209e mem 0x0000000080031f50
core   0: 0x000000008000fed6 (0x00178713) addi    a4, a5, 1
core   0: 3 0x000000008000fed6 (0x00178713) x14 0x000000008001209f
core   0: 0x000000008000feda (0xfee43023) sd      a4, -32(s0)
core   0: 3 0x000000008000feda (0xfee43023) mem 0x0000000080031f50 0x000000008001209f
core   0: 0x000000008000fede (0xfc442703) lw      a4, -60(s0)
core   0: 3 0x000000008000fede (0xfc442703) x14 0x0000000000000000 mem 0x0000000080031f34
core   0: 0x000000008000fee2 (0x0ff77713) andi    a4, a4, 255
core   0: 3 0x000000008000fee2 (0x0ff77713) x14 0x0000000000000000
core   0: 0x000000008000fee6 (0x00e78023) sb      a4, 0(a5)
core   0: 3 0x000000008000fee6 (0x00e78023) mem 0x000000008001209e 0x00
core   0: 0x000000008000feea (0xfc843703) ld      a4, -56(s0)
core   0: 3 0x000000008000feea (0xfc843703) x14 0x0000000080012040 mem 0x0000000080031f38
core   0: 0x000000008000feee (0xfb843783) ld      a5, -72(s0)
core   0: 3 0x000000008000feee (0xfb843783) x15 0x000000000000009c mem 0x0000000080031f28
core   0: 0x000000008000fef2 (0x000097ba) c.add   a5, a4
core   0: 3 0x000000008000fef2 (0x97ba) x15 0x00000000800120dc
core   0: 0x000000008000fef4 (0xfe043703) ld      a4, -32(s0)
core   0: 3 0x000000008000fef4 (0xfe043703) x14 0x000000008001209f mem 0x0000000080031f50
core   0: 0x000000008000fef8 (0xfcf76de3) bltu    a4, a5, pc - 38
core   0: 3 0x000000008000fef8 (0xfcf76de3)
core   0: 0x000000008000fed2 (0xfe043783) ld      a5, -32(s0)
core   0: 3 0x000000008000fed2 (0xfe043783) x15 0x000000008001209f mem 0x0000000080031f50
core   0: 0x000000008000fed6 (0x00178713) addi    a4, a5, 1
core   0: 3 0x000000008000fed6 (0x00178713) x14 0x00000000800120a0
core   0: 0x000000008000feda (0xfee43023) sd      a4, -32(s0)
core   0: 3 0x000000008000feda (0xfee43023) mem 0x0000000080031f50 0x00000000800120a0
core   0: 0x000000008000fede (0xfc442703) lw      a4, -60(s0)
core   0: 3 0x000000008000fede (0xfc442703) x14 0x0000000000000000 mem 0x0000000080031f34
core   0: 0x000000008000fee2 (0x0ff77713) andi    a4, a4, 255
core   0: 3 0x000000008000fee2 (0x0ff77713) x14 0x0000000000000000
core   0: 0x000000008000fee6 (0x00e78023) sb      a4, 0(a5)
core   0: 3 0x000000008000fee6 (0x00e78023) mem 0x000000008001209f 0x00
core   0: 0x000000008000feea (0xfc843703) ld      a4, -56(s0)
core   0: 3 0x000000008000feea (0xfc843703) x14 0x0000000080012040 mem 0x0000000080031f38
core   0: 0x000000008000feee (0xfb843783) ld      a5, -72(s0)
core   0: 3 0x000000008000feee (0xfb843783) x15 0x000000000000009c mem 0x0000000080031f28
core   0: 0x000000008000fef2 (0x000097ba) c.add   a5, a4
core   0: 3 0x000000008000fef2 (0x97ba) x15 0x00000000800120dc
core   0: 0x000000008000fef4 (0xfe043703) ld      a4, -32(s0)
core   0: 3 0x000000008000fef4 (0xfe043703) x14 0x00000000800120a0 mem 0x0000000080031f50
core   0: 0x000000008000fef8 (0xfcf76de3) bltu    a4, a5, pc - 38
core   0: 3 0x000000008000fef8 (0xfcf76de3)
core   0: 0x000000008000fed2 (0xfe043783) ld      a5, -32(s0)
core   0: 3 0x000000008000fed2 (0xfe043783) x15 0x00000000800120a0 mem 0x0000000080031f50
core   0: 0x000000008000fed6 (0x00178713) addi    a4, a5, 1
core   0: 3 0x000000008000fed6 (0x00178713) x14 0x00000000800120a1
core   0: 0x000000008000feda (0xfee43023) sd      a4, -32(s0)
core   0: 3 0x000000008000feda (0xfee43023) mem 0x0000000080031f50 0x00000000800120a1
core   0: 0x000000008000fede (0xfc442703) lw      a4, -60(s0)
core   0: 3 0x000000008000fede (0xfc442703) x14 0x0000000000000000 mem 0x0000000080031f34
core   0: 0x000000008000fee2 (0x0ff77713) andi    a4, a4, 255
core   0: 3 0x000000008000fee2 (0x0ff77713) x14 0x0000000000000000
core   0: 0x000000008000fee6 (0x00e78023) sb      a4, 0(a5)
core   0: 3 0x000000008000fee6 (0x00e78023) mem 0x00000000800120a0 0x00
core   0: 0x000000008000feea (0xfc843703) ld      a4, -56(s0)
core   0: 3 0x000000008000feea (0xfc843703) x14 0x0000000080012040 mem 0x0000000080031f38
core   0: 0x000000008000feee (0xfb843783) ld      a5, -72(s0)
core   0: 3 0x000000008000feee (0xfb843783) x15 0x000000000000009c mem 0x0000000080031f28
core   0: 0x000000008000fef2 (0x000097ba) c.add   a5, a4
core   0: 3 0x000000008000fef2 (0x97ba) x15 0x00000000800120dc
core   0: 0x000000008000fef4 (0xfe043703) ld      a4, -32(s0)
core   0: 3 0x000000008000fef4 (0xfe043703) x14 0x00000000800120a1 mem 0x0000000080031f50
core   0: 0x000000008000fef8 (0xfcf76de3) bltu    a4, a5, pc - 38
core   0: 3 0x000000008000fef8 (0xfcf76de3)
core   0: 0x000000008000fed2 (0xfe043783) ld      a5, -32(s0)
core   0: 3 0x000000008000fed2 (0xfe043783) x15 0x00000000800120a1 mem 0x0000000080031f50
core   0: 0x000000008000fed6 (0x00178713) addi    a4, a5, 1
core   0: 3 0x000000008000fed6 (0x00178713) x14 0x00000000800120a2
core   0: 0x000000008000feda (0xfee43023) sd      a4, -32(s0)
core   0: 3 0x000000008000feda (0xfee43023) mem 0x0000000080031f50 0x00000000800120a2
core   0: 0x000000008000fede (0xfc442703) lw      a4, -60(s0)
core   0: 3 0x000000008000fede (0xfc442703) x14 0x0000000000000000 mem 0x0000000080031f34
core   0: 0x000000008000fee2 (0x0ff77713) andi    a4, a4, 255
core   0: 3 0x000000008000fee2 (0x0ff77713) x14 0x0000000000000000
core   0: 0x000000008000fee6 (0x00e78023) sb      a4, 0(a5)
core   0: 3 0x000000008000fee6 (0x00e78023) mem 0x00000000800120a1 0x00
core   0: 0x000000008000feea (0xfc843703) ld      a4, -56(s0)
core   0: 3 0x000000008000feea (0xfc843703) x14 0x0000000080012040 mem 0x0000000080031f38
core   0: 0x000000008000feee (0xfb843783) ld      a5, -72(s0)
core   0: 3 0x000000008000feee (0xfb843783) x15 0x000000000000009c mem 0x0000000080031f28
core   0: 0x000000008000fef2 (0x000097ba) c.add   a5, a4
core   0: 3 0x000000008000fef2 (0x97ba) x15 0x00000000800120dc
core   0: 0x000000008000fef4 (0xfe043703) ld      a4, -32(s0)
core   0: 3 0x000000008000fef4 (0xfe043703) x14 0x00000000800120a2 mem 0x0000000080031f50
core   0: 0x000000008000fef8 (0xfcf76de3) bltu    a4, a5, pc - 38
core   0: 3 0x000000008000fef8 (0xfcf76de3)
core   0: 0x000000008000fed2 (0xfe043783) ld      a5, -32(s0)
core   0: 3 0x000000008000fed2 (0xfe043783) x15 0x00000000800120a2 mem 0x0000000080031f50
core   0: 0x000000008000fed6 (0x00178713) addi    a4, a5, 1
core   0: 3 0x000000008000fed6 (0x00178713) x14 0x00000000800120a3
core   0: 0x000000008000feda (0xfee43023) sd      a4, -32(s0)
core   0: 3 0x000000008000feda (0xfee43023) mem 0x0000000080031f50 0x00000000800120a3
core   0: 0x000000008000fede (0xfc442703) lw      a4, -60(s0)
core   0: 3 0x000000008000fede (0xfc442703) x14 0x0000000000000000 mem 0x0000000080031f34
core   0: 0x000000008000fee2 (0x0ff77713) andi    a4, a4, 255
core   0: 3 0x000000008000fee2 (0x0ff77713) x14 0x0000000000000000
core   0: 0x000000008000fee6 (0x00e78023) sb      a4, 0(a5)
core   0: 3 0x000000008000fee6 (0x00e78023) mem 0x00000000800120a2 0x00
core   0: 0x000000008000feea (0xfc843703) ld      a4, -56(s0)
core   0: 3 0x000000008000feea (0xfc843703) x14 0x0000000080012040 mem 0x0000000080031f38
core   0: 0x000000008000feee (0xfb843783) ld      a5, -72(s0)
core   0: 3 0x000000008000feee (0xfb843783) x15 0x000000000000009c mem 0x0000000080031f28
core   0: 0x000000008000fef2 (0x000097ba) c.add   a5, a4
core   0: 3 0x000000008000fef2 (0x97ba) x15 0x00000000800120dc
core   0: 0x000000008000fef4 (0xfe043703) ld      a4, -32(s0)
core   0: 3 0x000000008000fef4 (0xfe043703) x14 0x00000000800120a3 mem 0x0000000080031f50
core   0: 0x000000008000fef8 (0xfcf76de3) bltu    a4, a5, pc - 38
core   0: 3 0x000000008000fef8 (0xfcf76de3)
core   0: 0x000000008000fed2 (0xfe043783) ld      a5, -32(s0)
core   0: 3 0x000000008000fed2 (0xfe043783) x15 0x00000000800120a3 mem 0x0000000080031f50
core   0: 0x000000008000fed6 (0x00178713) addi    a4, a5, 1
core   0: 3 0x000000008000fed6 (0x00178713) x14 0x00000000800120a4
core   0: 0x000000008000feda (0xfee43023) sd      a4, -32(s0)
core   0: 3 0x000000008000feda (0xfee43023) mem 0x0000000080031f50 0x00000000800120a4
core   0: 0x000000008000fede (0xfc442703) lw      a4, -60(s0)
core   0: 3 0x000000008000fede (0xfc442703) x14 0x0000000000000000 mem 0x0000000080031f34
core   0: 0x000000008000fee2 (0x0ff77713) andi    a4, a4, 255
core   0: 3 0x000000008000fee2 (0x0ff77713) x14 0x0000000000000000
core   0: 0x000000008000fee6 (0x00e78023) sb      a4, 0(a5)
core   0: 3 0x000000008000fee6 (0x00e78023) mem 0x00000000800120a3 0x00
core   0: 0x000000008000feea (0xfc843703) ld      a4, -56(s0)
core   0: 3 0x000000008000feea (0xfc843703) x14 0x0000000080012040 mem 0x0000000080031f38
core   0: 0x000000008000feee (0xfb843783) ld      a5, -72(s0)
core   0: 3 0x000000008000feee (0xfb843783) x15 0x000000000000009c mem 0x0000000080031f28
core   0: 0x000000008000fef2 (0x000097ba) c.add   a5, a4
core   0: 3 0x000000008000fef2 (0x97ba) x15 0x00000000800120dc
core   0: 0x000000008000fef4 (0xfe043703) ld      a4, -32(s0)
core   0: 3 0x000000008000fef4 (0xfe043703) x14 0x00000000800120a4 mem 0x0000000080031f50
core   0: 0x000000008000fef8 (0xfcf76de3) bltu    a4, a5, pc - 38
core   0: 3 0x000000008000fef8 (0xfcf76de3)
core   0: 0x000000008000fed2 (0xfe043783) ld      a5, -32(s0)
core   0: 3 0x000000008000fed2 (0xfe043783) x15 0x00000000800120a4 mem 0x0000000080031f50
core   0: 0x000000008000fed6 (0x00178713) addi    a4, a5, 1
core   0: 3 0x000000008000fed6 (0x00178713) x14 0x00000000800120a5
core   0: 0x000000008000feda (0xfee43023) sd      a4, -32(s0)
core   0: 3 0x000000008000feda (0xfee43023) mem 0x0000000080031f50 0x00000000800120a5
core   0: 0x000000008000fede (0xfc442703) lw      a4, -60(s0)
core   0: 3 0x000000008000fede (0xfc442703) x14 0x0000000000000000 mem 0x0000000080031f34
core   0: 0x000000008000fee2 (0x0ff77713) andi    a4, a4, 255
core   0: 3 0x000000008000fee2 (0x0ff77713) x14 0x0000000000000000
core   0: 0x000000008000fee6 (0x00e78023) sb      a4, 0(a5)
core   0: 3 0x000000008000fee6 (0x00e78023) mem 0x00000000800120a4 0x00
core   0: 0x000000008000feea (0xfc843703) ld      a4, -56(s0)
core   0: 3 0x000000008000feea (0xfc843703) x14 0x0000000080012040 mem 0x0000000080031f38
core   0: 0x000000008000feee (0xfb843783) ld      a5, -72(s0)
core   0: 3 0x000000008000feee (0xfb843783) x15 0x000000000000009c mem 0x0000000080031f28
core   0: 0x000000008000fef2 (0x000097ba) c.add   a5, a4
core   0: 3 0x000000008000fef2 (0x97ba) x15 0x00000000800120dc
core   0: 0x000000008000fef4 (0xfe043703) ld      a4, -32(s0)
core   0: 3 0x000000008000fef4 (0xfe043703) x14 0x00000000800120a5 mem 0x0000000080031f50
core   0: 0x000000008000fef8 (0xfcf76de3) bltu    a4, a5, pc - 38
core   0: 3 0x000000008000fef8 (0xfcf76de3)
core   0: 0x000000008000fed2 (0xfe043783) ld      a5, -32(s0)
core   0: 3 0x000000008000fed2 (0xfe043783) x15 0x00000000800120a5 mem 0x0000000080031f50
core   0: 0x000000008000fed6 (0x00178713) addi    a4, a5, 1
core   0: 3 0x000000008000fed6 (0x00178713) x14 0x00000000800120a6
core   0: 0x000000008000feda (0xfee43023) sd      a4, -32(s0)
core   0: 3 0x000000008000feda (0xfee43023) mem 0x0000000080031f50 0x00000000800120a6
core   0: 0x000000008000fede (0xfc442703) lw      a4, -60(s0)
core   0: 3 0x000000008000fede (0xfc442703) x14 0x0000000000000000 mem 0x0000000080031f34
core   0: 0x000000008000fee2 (0x0ff77713) andi    a4, a4, 255
core   0: 3 0x000000008000fee2 (0x0ff77713) x14 0x0000000000000000
core   0: 0x000000008000fee6 (0x00e78023) sb      a4, 0(a5)
core   0: 3 0x000000008000fee6 (0x00e78023) mem 0x00000000800120a5 0x00
core   0: 0x000000008000feea (0xfc843703) ld      a4, -56(s0)
core   0: 3 0x000000008000feea (0xfc843703) x14 0x0000000080012040 mem 0x0000000080031f38
core   0: 0x000000008000feee (0xfb843783) ld      a5, -72(s0)
core   0: 3 0x000000008000feee (0xfb843783) x15 0x000000000000009c mem 0x0000000080031f28
core   0: 0x000000008000fef2 (0x000097ba) c.add   a5, a4
core   0: 3 0x000000008000fef2 (0x97ba) x15 0x00000000800120dc
core   0: 0x000000008000fef4 (0xfe043703) ld      a4, -32(s0)
core   0: 3 0x000000008000fef4 (0xfe043703) x14 0x00000000800120a6 mem 0x0000000080031f50
core   0: 0x000000008000fef8 (0xfcf76de3) bltu    a4, a5, pc - 38
core   0: 3 0x000000008000fef8 (0xfcf76de3)
core   0: 0x000000008000fed2 (0xfe043783) ld      a5, -32(s0)
core   0: 3 0x000000008000fed2 (0xfe043783) x15 0x00000000800120a6 mem 0x0000000080031f50
core   0: 0x000000008000fed6 (0x00178713) addi    a4, a5, 1
core   0: 3 0x000000008000fed6 (0x00178713) x14 0x00000000800120a7
core   0: 0x000000008000feda (0xfee43023) sd      a4, -32(s0)
core   0: 3 0x000000008000feda (0xfee43023) mem 0x0000000080031f50 0x00000000800120a7
core   0: 0x000000008000fede (0xfc442703) lw      a4, -60(s0)
core   0: 3 0x000000008000fede (0xfc442703) x14 0x0000000000000000 mem 0x0000000080031f34
core   0: 0x000000008000fee2 (0x0ff77713) andi    a4, a4, 255
core   0: 3 0x000000008000fee2 (0x0ff77713) x14 0x0000000000000000
core   0: 0x000000008000fee6 (0x00e78023) sb      a4, 0(a5)
core   0: 3 0x000000008000fee6 (0x00e78023) mem 0x00000000800120a6 0x00
core   0: 0x000000008000feea (0xfc843703) ld      a4, -56(s0)
core   0: 3 0x000000008000feea (0xfc843703) x14 0x0000000080012040 mem 0x0000000080031f38
core   0: 0x000000008000feee (0xfb843783) ld      a5, -72(s0)
core   0: 3 0x000000008000feee (0xfb843783) x15 0x000000000000009c mem 0x0000000080031f28
core   0: 0x000000008000fef2 (0x000097ba) c.add   a5, a4
core   0: 3 0x000000008000fef2 (0x97ba) x15 0x00000000800120dc
core   0: 0x000000008000fef4 (0xfe043703) ld      a4, -32(s0)
core   0: 3 0x000000008000fef4 (0xfe043703) x14 0x00000000800120a7 mem 0x0000000080031f50
core   0: 0x000000008000fef8 (0xfcf76de3) bltu    a4, a5, pc - 38
core   0: 3 0x000000008000fef8 (0xfcf76de3)
core   0: 0x000000008000fed2 (0xfe043783) ld      a5, -32(s0)
core   0: 3 0x000000008000fed2 (0xfe043783) x15 0x00000000800120a7 mem 0x0000000080031f50
core   0: 0x000000008000fed6 (0x00178713) addi    a4, a5, 1
core   0: 3 0x000000008000fed6 (0x00178713) x14 0x00000000800120a8
core   0: 0x000000008000feda (0xfee43023) sd      a4, -32(s0)
core   0: 3 0x000000008000feda (0xfee43023) mem 0x0000000080031f50 0x00000000800120a8
core   0: 0x000000008000fede (0xfc442703) lw      a4, -60(s0)
core   0: 3 0x000000008000fede (0xfc442703) x14 0x0000000000000000 mem 0x0000000080031f34
core   0: 0x000000008000fee2 (0x0ff77713) andi    a4, a4, 255
core   0: 3 0x000000008000fee2 (0x0ff77713) x14 0x0000000000000000
core   0: 0x000000008000fee6 (0x00e78023) sb      a4, 0(a5)
core   0: 3 0x000000008000fee6 (0x00e78023) mem 0x00000000800120a7 0x00
core   0: 0x000000008000feea (0xfc843703) ld      a4, -56(s0)
core   0: 3 0x000000008000feea (0xfc843703) x14 0x0000000080012040 mem 0x0000000080031f38
core   0: 0x000000008000feee (0xfb843783) ld      a5, -72(s0)
core   0: 3 0x000000008000feee (0xfb843783) x15 0x000000000000009c mem 0x0000000080031f28
core   0: 0x000000008000fef2 (0x000097ba) c.add   a5, a4
core   0: 3 0x000000008000fef2 (0x97ba) x15 0x00000000800120dc
core   0: 0x000000008000fef4 (0xfe043703) ld      a4, -32(s0)
core   0: 3 0x000000008000fef4 (0xfe043703) x14 0x00000000800120a8 mem 0x0000000080031f50
core   0: 0x000000008000fef8 (0xfcf76de3) bltu    a4, a5, pc - 38
core   0: 3 0x000000008000fef8 (0xfcf76de3)
core   0: 0x000000008000fed2 (0xfe043783) ld      a5, -32(s0)
core   0: 3 0x000000008000fed2 (0xfe043783) x15 0x00000000800120a8 mem 0x0000000080031f50
core   0: 0x000000008000fed6 (0x00178713) addi    a4, a5, 1
core   0: 3 0x000000008000fed6 (0x00178713) x14 0x00000000800120a9
core   0: 0x000000008000feda (0xfee43023) sd      a4, -32(s0)
core   0: 3 0x000000008000feda (0xfee43023) mem 0x0000000080031f50 0x00000000800120a9
core   0: 0x000000008000fede (0xfc442703) lw      a4, -60(s0)
core   0: 3 0x000000008000fede (0xfc442703) x14 0x0000000000000000 mem 0x0000000080031f34
core   0: 0x000000008000fee2 (0x0ff77713) andi    a4, a4, 255
core   0: 3 0x000000008000fee2 (0x0ff77713) x14 0x0000000000000000
core   0: 0x000000008000fee6 (0x00e78023) sb      a4, 0(a5)
core   0: 3 0x000000008000fee6 (0x00e78023) mem 0x00000000800120a8 0x00
core   0: 0x000000008000feea (0xfc843703) ld      a4, -56(s0)
core   0: 3 0x000000008000feea (0xfc843703) x14 0x0000000080012040 mem 0x0000000080031f38
core   0: 0x000000008000feee (0xfb843783) ld      a5, -72(s0)
core   0: 3 0x000000008000feee (0xfb843783) x15 0x000000000000009c mem 0x0000000080031f28
core   0: 0x000000008000fef2 (0x000097ba) c.add   a5, a4
core   0: 3 0x000000008000fef2 (0x97ba) x15 0x00000000800120dc
core   0: 0x000000008000fef4 (0xfe043703) ld      a4, -32(s0)
core   0: 3 0x000000008000fef4 (0xfe043703) x14 0x00000000800120a9 mem 0x0000000080031f50
core   0: 0x000000008000fef8 (0xfcf76de3) bltu    a4, a5, pc - 38
core   0: 3 0x000000008000fef8 (0xfcf76de3)
core   0: 0x000000008000fed2 (0xfe043783) ld      a5, -32(s0)
core   0: 3 0x000000008000fed2 (0xfe043783) x15 0x00000000800120a9 mem 0x0000000080031f50
core   0: 0x000000008000fed6 (0x00178713) addi    a4, a5, 1
core   0: 3 0x000000008000fed6 (0x00178713) x14 0x00000000800120aa
core   0: 0x000000008000feda (0xfee43023) sd      a4, -32(s0)
core   0: 3 0x000000008000feda (0xfee43023) mem 0x0000000080031f50 0x00000000800120aa
core   0: 0x000000008000fede (0xfc442703) lw      a4, -60(s0)
core   0: 3 0x000000008000fede (0xfc442703) x14 0x0000000000000000 mem 0x0000000080031f34
core   0: 0x000000008000fee2 (0x0ff77713) andi    a4, a4, 255
core   0: 3 0x000000008000fee2 (0x0ff77713) x14 0x0000000000000000
core   0: 0x000000008000fee6 (0x00e78023) sb      a4, 0(a5)
core   0: 3 0x000000008000fee6 (0x00e78023) mem 0x00000000800120a9 0x00
core   0: 0x000000008000feea (0xfc843703) ld      a4, -56(s0)
core   0: 3 0x000000008000feea (0xfc843703) x14 0x0000000080012040 mem 0x0000000080031f38
core   0: 0x000000008000feee (0xfb843783) ld      a5, -72(s0)
core   0: 3 0x000000008000feee (0xfb843783) x15 0x000000000000009c mem 0x0000000080031f28
core   0: 0x000000008000fef2 (0x000097ba) c.add   a5, a4
core   0: 3 0x000000008000fef2 (0x97ba) x15 0x00000000800120dc
core   0: 0x000000008000fef4 (0xfe043703) ld      a4, -32(s0)
core   0: 3 0x000000008000fef4 (0xfe043703) x14 0x00000000800120aa mem 0x0000000080031f50
core   0: 0x000000008000fef8 (0xfcf76de3) bltu    a4, a5, pc - 38
core   0: 3 0x000000008000fef8 (0xfcf76de3)
core   0: 0x000000008000fed2 (0xfe043783) ld      a5, -32(s0)
core   0: 3 0x000000008000fed2 (0xfe043783) x15 0x00000000800120aa mem 0x0000000080031f50
core   0: 0x000000008000fed6 (0x00178713) addi    a4, a5, 1
core   0: 3 0x000000008000fed6 (0x00178713) x14 0x00000000800120ab
core   0: 0x000000008000feda (0xfee43023) sd      a4, -32(s0)
core   0: 3 0x000000008000feda (0xfee43023) mem 0x0000000080031f50 0x00000000800120ab
core   0: 0x000000008000fede (0xfc442703) lw      a4, -60(s0)
core   0: 3 0x000000008000fede (0xfc442703) x14 0x0000000000000000 mem 0x0000000080031f34
core   0: 0x000000008000fee2 (0x0ff77713) andi    a4, a4, 255
core   0: 3 0x000000008000fee2 (0x0ff77713) x14 0x0000000000000000
core   0: 0x000000008000fee6 (0x00e78023) sb      a4, 0(a5)
core   0: 3 0x000000008000fee6 (0x00e78023) mem 0x00000000800120aa 0x00
core   0: 0x000000008000feea (0xfc843703) ld      a4, -56(s0)
core   0: 3 0x000000008000feea (0xfc843703) x14 0x0000000080012040 mem 0x0000000080031f38
core   0: 0x000000008000feee (0xfb843783) ld      a5, -72(s0)
core   0: 3 0x000000008000feee (0xfb843783) x15 0x000000000000009c mem 0x0000000080031f28
core   0: 0x000000008000fef2 (0x000097ba) c.add   a5, a4
core   0: 3 0x000000008000fef2 (0x97ba) x15 0x00000000800120dc
core   0: 0x000000008000fef4 (0xfe043703) ld      a4, -32(s0)
core   0: 3 0x000000008000fef4 (0xfe043703) x14 0x00000000800120ab mem 0x0000000080031f50
core   0: 0x000000008000fef8 (0xfcf76de3) bltu    a4, a5, pc - 38
core   0: 3 0x000000008000fef8 (0xfcf76de3)
core   0: 0x000000008000fed2 (0xfe043783) ld      a5, -32(s0)
core   0: 3 0x000000008000fed2 (0xfe043783) x15 0x00000000800120ab mem 0x0000000080031f50
core   0: 0x000000008000fed6 (0x00178713) addi    a4, a5, 1
core   0: 3 0x000000008000fed6 (0x00178713) x14 0x00000000800120ac
core   0: 0x000000008000feda (0xfee43023) sd      a4, -32(s0)
core   0: 3 0x000000008000feda (0xfee43023) mem 0x0000000080031f50 0x00000000800120ac
core   0: 0x000000008000fede (0xfc442703) lw      a4, -60(s0)
core   0: 3 0x000000008000fede (0xfc442703) x14 0x0000000000000000 mem 0x0000000080031f34
core   0: 0x000000008000fee2 (0x0ff77713) andi    a4, a4, 255
core   0: 3 0x000000008000fee2 (0x0ff77713) x14 0x0000000000000000
core   0: 0x000000008000fee6 (0x00e78023) sb      a4, 0(a5)
core   0: 3 0x000000008000fee6 (0x00e78023) mem 0x00000000800120ab 0x00
core   0: 0x000000008000feea (0xfc843703) ld      a4, -56(s0)
core   0: 3 0x000000008000feea (0xfc843703) x14 0x0000000080012040 mem 0x0000000080031f38
core   0: 0x000000008000feee (0xfb843783) ld      a5, -72(s0)
core   0: 3 0x000000008000feee (0xfb843783) x15 0x000000000000009c mem 0x0000000080031f28
core   0: 0x000000008000fef2 (0x000097ba) c.add   a5, a4
core   0: 3 0x000000008000fef2 (0x97ba) x15 0x00000000800120dc
core   0: 0x000000008000fef4 (0xfe043703) ld      a4, -32(s0)
core   0: 3 0x000000008000fef4 (0xfe043703) x14 0x00000000800120ac mem 0x0000000080031f50
core   0: 0x000000008000fef8 (0xfcf76de3) bltu    a4, a5, pc - 38
core   0: 3 0x000000008000fef8 (0xfcf76de3)
core   0: 0x000000008000fed2 (0xfe043783) ld      a5, -32(s0)
core   0: 3 0x000000008000fed2 (0xfe043783) x15 0x00000000800120ac mem 0x0000000080031f50
core   0: 0x000000008000fed6 (0x00178713) addi    a4, a5, 1
core   0: 3 0x000000008000fed6 (0x00178713) x14 0x00000000800120ad
core   0: 0x000000008000feda (0xfee43023) sd      a4, -32(s0)
core   0: 3 0x000000008000feda (0xfee43023) mem 0x0000000080031f50 0x00000000800120ad
core   0: 0x000000008000fede (0xfc442703) lw      a4, -60(s0)
core   0: 3 0x000000008000fede (0xfc442703) x14 0x0000000000000000 mem 0x0000000080031f34
core   0: 0x000000008000fee2 (0x0ff77713) andi    a4, a4, 255
core   0: 3 0x000000008000fee2 (0x0ff77713) x14 0x0000000000000000
core   0: 0x000000008000fee6 (0x00e78023) sb      a4, 0(a5)
core   0: 3 0x000000008000fee6 (0x00e78023) mem 0x00000000800120ac 0x00
core   0: 0x000000008000feea (0xfc843703) ld      a4, -56(s0)
core   0: 3 0x000000008000feea (0xfc843703) x14 0x0000000080012040 mem 0x0000000080031f38
core   0: 0x000000008000feee (0xfb843783) ld      a5, -72(s0)
core   0: 3 0x000000008000feee (0xfb843783) x15 0x000000000000009c mem 0x0000000080031f28
core   0: 0x000000008000fef2 (0x000097ba) c.add   a5, a4
core   0: 3 0x000000008000fef2 (0x97ba) x15 0x00000000800120dc
core   0: 0x000000008000fef4 (0xfe043703) ld      a4, -32(s0)
core   0: 3 0x000000008000fef4 (0xfe043703) x14 0x00000000800120ad mem 0x0000000080031f50
core   0: 0x000000008000fef8 (0xfcf76de3) bltu    a4, a5, pc - 38
core   0: 3 0x000000008000fef8 (0xfcf76de3)
core   0: 0x000000008000fed2 (0xfe043783) ld      a5, -32(s0)
core   0: 3 0x000000008000fed2 (0xfe043783) x15 0x00000000800120ad mem 0x0000000080031f50
core   0: 0x000000008000fed6 (0x00178713) addi    a4, a5, 1
core   0: 3 0x000000008000fed6 (0x00178713) x14 0x00000000800120ae
core   0: 0x000000008000feda (0xfee43023) sd      a4, -32(s0)
core   0: 3 0x000000008000feda (0xfee43023) mem 0x0000000080031f50 0x00000000800120ae
core   0: 0x000000008000fede (0xfc442703) lw      a4, -60(s0)
core   0: 3 0x000000008000fede (0xfc442703) x14 0x0000000000000000 mem 0x0000000080031f34
core   0: 0x000000008000fee2 (0x0ff77713) andi    a4, a4, 255
core   0: 3 0x000000008000fee2 (0x0ff77713) x14 0x0000000000000000
core   0: 0x000000008000fee6 (0x00e78023) sb      a4, 0(a5)
core   0: 3 0x000000008000fee6 (0x00e78023) mem 0x00000000800120ad 0x00
core   0: 0x000000008000feea (0xfc843703) ld      a4, -56(s0)
core   0: 3 0x000000008000feea (0xfc843703) x14 0x0000000080012040 mem 0x0000000080031f38
core   0: 0x000000008000feee (0xfb843783) ld      a5, -72(s0)
core   0: 3 0x000000008000feee (0xfb843783) x15 0x000000000000009c mem 0x0000000080031f28
core   0: 0x000000008000fef2 (0x000097ba) c.add   a5, a4
core   0: 3 0x000000008000fef2 (0x97ba) x15 0x00000000800120dc
core   0: 0x000000008000fef4 (0xfe043703) ld      a4, -32(s0)
core   0: 3 0x000000008000fef4 (0xfe043703) x14 0x00000000800120ae mem 0x0000000080031f50
core   0: 0x000000008000fef8 (0xfcf76de3) bltu    a4, a5, pc - 38
core   0: 3 0x000000008000fef8 (0xfcf76de3)
core   0: 0x000000008000fed2 (0xfe043783) ld      a5, -32(s0)
core   0: 3 0x000000008000fed2 (0xfe043783) x15 0x00000000800120ae mem 0x0000000080031f50
core   0: 0x000000008000fed6 (0x00178713) addi    a4, a5, 1
core   0: 3 0x000000008000fed6 (0x00178713) x14 0x00000000800120af
core   0: 0x000000008000feda (0xfee43023) sd      a4, -32(s0)
core   0: 3 0x000000008000feda (0xfee43023) mem 0x0000000080031f50 0x00000000800120af
core   0: 0x000000008000fede (0xfc442703) lw      a4, -60(s0)
core   0: 3 0x000000008000fede (0xfc442703) x14 0x0000000000000000 mem 0x0000000080031f34
core   0: 0x000000008000fee2 (0x0ff77713) andi    a4, a4, 255
core   0: 3 0x000000008000fee2 (0x0ff77713) x14 0x0000000000000000
core   0: 0x000000008000fee6 (0x00e78023) sb      a4, 0(a5)
core   0: 3 0x000000008000fee6 (0x00e78023) mem 0x00000000800120ae 0x00
core   0: 0x000000008000feea (0xfc843703) ld      a4, -56(s0)
core   0: 3 0x000000008000feea (0xfc843703) x14 0x0000000080012040 mem 0x0000000080031f38
core   0: 0x000000008000feee (0xfb843783) ld      a5, -72(s0)
core   0: 3 0x000000008000feee (0xfb843783) x15 0x000000000000009c mem 0x0000000080031f28
core   0: 0x000000008000fef2 (0x000097ba) c.add   a5, a4
core   0: 3 0x000000008000fef2 (0x97ba) x15 0x00000000800120dc
core   0: 0x000000008000fef4 (0xfe043703) ld      a4, -32(s0)
core   0: 3 0x000000008000fef4 (0xfe043703) x14 0x00000000800120af mem 0x0000000080031f50
core   0: 0x000000008000fef8 (0xfcf76de3) bltu    a4, a5, pc - 38
core   0: 3 0x000000008000fef8 (0xfcf76de3)
core   0: 0x000000008000fed2 (0xfe043783) ld      a5, -32(s0)
core   0: 3 0x000000008000fed2 (0xfe043783) x15 0x00000000800120af mem 0x0000000080031f50
core   0: 0x000000008000fed6 (0x00178713) addi    a4, a5, 1
core   0: 3 0x000000008000fed6 (0x00178713) x14 0x00000000800120b0
core   0: 0x000000008000feda (0xfee43023) sd      a4, -32(s0)
core   0: 3 0x000000008000feda (0xfee43023) mem 0x0000000080031f50 0x00000000800120b0
core   0: 0x000000008000fede (0xfc442703) lw      a4, -60(s0)
core   0: 3 0x000000008000fede (0xfc442703) x14 0x0000000000000000 mem 0x0000000080031f34
core   0: 0x000000008000fee2 (0x0ff77713) andi    a4, a4, 255
core   0: 3 0x000000008000fee2 (0x0ff77713) x14 0x0000000000000000
core   0: 0x000000008000fee6 (0x00e78023) sb      a4, 0(a5)
core   0: 3 0x000000008000fee6 (0x00e78023) mem 0x00000000800120af 0x00
core   0: 0x000000008000feea (0xfc843703) ld      a4, -56(s0)
core   0: 3 0x000000008000feea (0xfc843703) x14 0x0000000080012040 mem 0x0000000080031f38
core   0: 0x000000008000feee (0xfb843783) ld      a5, -72(s0)
core   0: 3 0x000000008000feee (0xfb843783) x15 0x000000000000009c mem 0x0000000080031f28
core   0: 0x000000008000fef2 (0x000097ba) c.add   a5, a4
core   0: 3 0x000000008000fef2 (0x97ba) x15 0x00000000800120dc
core   0: 0x000000008000fef4 (0xfe043703) ld      a4, -32(s0)
core   0: 3 0x000000008000fef4 (0xfe043703) x14 0x00000000800120b0 mem 0x0000000080031f50
core   0: 0x000000008000fef8 (0xfcf76de3) bltu    a4, a5, pc - 38
core   0: 3 0x000000008000fef8 (0xfcf76de3)
core   0: 0x000000008000fed2 (0xfe043783) ld      a5, -32(s0)
core   0: 3 0x000000008000fed2 (0xfe043783) x15 0x00000000800120b0 mem 0x0000000080031f50
core   0: 0x000000008000fed6 (0x00178713) addi    a4, a5, 1
core   0: 3 0x000000008000fed6 (0x00178713) x14 0x00000000800120b1
core   0: 0x000000008000feda (0xfee43023) sd      a4, -32(s0)
core   0: 3 0x000000008000feda (0xfee43023) mem 0x0000000080031f50 0x00000000800120b1
core   0: 0x000000008000fede (0xfc442703) lw      a4, -60(s0)
core   0: 3 0x000000008000fede (0xfc442703) x14 0x0000000000000000 mem 0x0000000080031f34
core   0: 0x000000008000fee2 (0x0ff77713) andi    a4, a4, 255
core   0: 3 0x000000008000fee2 (0x0ff77713) x14 0x0000000000000000
core   0: 0x000000008000fee6 (0x00e78023) sb      a4, 0(a5)
core   0: 3 0x000000008000fee6 (0x00e78023) mem 0x00000000800120b0 0x00
core   0: 0x000000008000feea (0xfc843703) ld      a4, -56(s0)
core   0: 3 0x000000008000feea (0xfc843703) x14 0x0000000080012040 mem 0x0000000080031f38
core   0: 0x000000008000feee (0xfb843783) ld      a5, -72(s0)
core   0: 3 0x000000008000feee (0xfb843783) x15 0x000000000000009c mem 0x0000000080031f28
core   0: 0x000000008000fef2 (0x000097ba) c.add   a5, a4
core   0: 3 0x000000008000fef2 (0x97ba) x15 0x00000000800120dc
core   0: 0x000000008000fef4 (0xfe043703) ld      a4, -32(s0)
core   0: 3 0x000000008000fef4 (0xfe043703) x14 0x00000000800120b1 mem 0x0000000080031f50
core   0: 0x000000008000fef8 (0xfcf76de3) bltu    a4, a5, pc - 38
core   0: 3 0x000000008000fef8 (0xfcf76de3)
core   0: 0x000000008000fed2 (0xfe043783) ld      a5, -32(s0)
core   0: 3 0x000000008000fed2 (0xfe043783) x15 0x00000000800120b1 mem 0x0000000080031f50
core   0: 0x000000008000fed6 (0x00178713) addi    a4, a5, 1
core   0: 3 0x000000008000fed6 (0x00178713) x14 0x00000000800120b2
core   0: 0x000000008000feda (0xfee43023) sd      a4, -32(s0)
core   0: 3 0x000000008000feda (0xfee43023) mem 0x0000000080031f50 0x00000000800120b2
core   0: 0x000000008000fede (0xfc442703) lw      a4, -60(s0)
core   0: 3 0x000000008000fede (0xfc442703) x14 0x0000000000000000 mem 0x0000000080031f34
core   0: 0x000000008000fee2 (0x0ff77713) andi    a4, a4, 255
core   0: 3 0x000000008000fee2 (0x0ff77713) x14 0x0000000000000000
core   0: 0x000000008000fee6 (0x00e78023) sb      a4, 0(a5)
core   0: 3 0x000000008000fee6 (0x00e78023) mem 0x00000000800120b1 0x00
core   0: 0x000000008000feea (0xfc843703) ld      a4, -56(s0)
core   0: 3 0x000000008000feea (0xfc843703) x14 0x0000000080012040 mem 0x0000000080031f38
core   0: 0x000000008000feee (0xfb843783) ld      a5, -72(s0)
core   0: 3 0x000000008000feee (0xfb843783) x15 0x000000000000009c mem 0x0000000080031f28
core   0: 0x000000008000fef2 (0x000097ba) c.add   a5, a4
core   0: 3 0x000000008000fef2 (0x97ba) x15 0x00000000800120dc
core   0: 0x000000008000fef4 (0xfe043703) ld      a4, -32(s0)
core   0: 3 0x000000008000fef4 (0xfe043703) x14 0x00000000800120b2 mem 0x0000000080031f50
core   0: 0x000000008000fef8 (0xfcf76de3) bltu    a4, a5, pc - 38
core   0: 3 0x000000008000fef8 (0xfcf76de3)
core   0: 0x000000008000fed2 (0xfe043783) ld      a5, -32(s0)
core   0: 3 0x000000008000fed2 (0xfe043783) x15 0x00000000800120b2 mem 0x0000000080031f50
core   0: 0x000000008000fed6 (0x00178713) addi    a4, a5, 1
core   0: 3 0x000000008000fed6 (0x00178713) x14 0x00000000800120b3
core   0: 0x000000008000feda (0xfee43023) sd      a4, -32(s0)
core   0: 3 0x000000008000feda (0xfee43023) mem 0x0000000080031f50 0x00000000800120b3
core   0: 0x000000008000fede (0xfc442703) lw      a4, -60(s0)
core   0: 3 0x000000008000fede (0xfc442703) x14 0x0000000000000000 mem 0x0000000080031f34
core   0: 0x000000008000fee2 (0x0ff77713) andi    a4, a4, 255
core   0: 3 0x000000008000fee2 (0x0ff77713) x14 0x0000000000000000
core   0: 0x000000008000fee6 (0x00e78023) sb      a4, 0(a5)
core   0: 3 0x000000008000fee6 (0x00e78023) mem 0x00000000800120b2 0x00
core   0: 0x000000008000feea (0xfc843703) ld      a4, -56(s0)
core   0: 3 0x000000008000feea (0xfc843703) x14 0x0000000080012040 mem 0x0000000080031f38
core   0: 0x000000008000feee (0xfb843783) ld      a5, -72(s0)
core   0: 3 0x000000008000feee (0xfb843783) x15 0x000000000000009c mem 0x0000000080031f28
core   0: 0x000000008000fef2 (0x000097ba) c.add   a5, a4
core   0: 3 0x000000008000fef2 (0x97ba) x15 0x00000000800120dc
core   0: 0x000000008000fef4 (0xfe043703) ld      a4, -32(s0)
core   0: 3 0x000000008000fef4 (0xfe043703) x14 0x00000000800120b3 mem 0x0000000080031f50
core   0: 0x000000008000fef8 (0xfcf76de3) bltu    a4, a5, pc - 38
core   0: 3 0x000000008000fef8 (0xfcf76de3)
core   0: 0x000000008000fed2 (0xfe043783) ld      a5, -32(s0)
core   0: 3 0x000000008000fed2 (0xfe043783) x15 0x00000000800120b3 mem 0x0000000080031f50
core   0: 0x000000008000fed6 (0x00178713) addi    a4, a5, 1
core   0: 3 0x000000008000fed6 (0x00178713) x14 0x00000000800120b4
core   0: 0x000000008000feda (0xfee43023) sd      a4, -32(s0)
core   0: 3 0x000000008000feda (0xfee43023) mem 0x0000000080031f50 0x00000000800120b4
core   0: 0x000000008000fede (0xfc442703) lw      a4, -60(s0)
core   0: 3 0x000000008000fede (0xfc442703) x14 0x0000000000000000 mem 0x0000000080031f34
core   0: 0x000000008000fee2 (0x0ff77713) andi    a4, a4, 255
core   0: 3 0x000000008000fee2 (0x0ff77713) x14 0x0000000000000000
core   0: 0x000000008000fee6 (0x00e78023) sb      a4, 0(a5)
core   0: 3 0x000000008000fee6 (0x00e78023) mem 0x00000000800120b3 0x00
core   0: 0x000000008000feea (0xfc843703) ld      a4, -56(s0)
core   0: 3 0x000000008000feea (0xfc843703) x14 0x0000000080012040 mem 0x0000000080031f38
core   0: 0x000000008000feee (0xfb843783) ld      a5, -72(s0)
core   0: 3 0x000000008000feee (0xfb843783) x15 0x000000000000009c mem 0x0000000080031f28
core   0: 0x000000008000fef2 (0x000097ba) c.add   a5, a4
core   0: 3 0x000000008000fef2 (0x97ba) x15 0x00000000800120dc
core   0: 0x000000008000fef4 (0xfe043703) ld      a4, -32(s0)
core   0: 3 0x000000008000fef4 (0xfe043703) x14 0x00000000800120b4 mem 0x0000000080031f50
core   0: 0x000000008000fef8 (0xfcf76de3) bltu    a4, a5, pc - 38
core   0: 3 0x000000008000fef8 (0xfcf76de3)
core   0: 0x000000008000fed2 (0xfe043783) ld      a5, -32(s0)
core   0: 3 0x000000008000fed2 (0xfe043783) x15 0x00000000800120b4 mem 0x0000000080031f50
core   0: 0x000000008000fed6 (0x00178713) addi    a4, a5, 1
core   0: 3 0x000000008000fed6 (0x00178713) x14 0x00000000800120b5
core   0: 0x000000008000feda (0xfee43023) sd      a4, -32(s0)
core   0: 3 0x000000008000feda (0xfee43023) mem 0x0000000080031f50 0x00000000800120b5
core   0: 0x000000008000fede (0xfc442703) lw      a4, -60(s0)
core   0: 3 0x000000008000fede (0xfc442703) x14 0x0000000000000000 mem 0x0000000080031f34
core   0: 0x000000008000fee2 (0x0ff77713) andi    a4, a4, 255
core   0: 3 0x000000008000fee2 (0x0ff77713) x14 0x0000000000000000
core   0: 0x000000008000fee6 (0x00e78023) sb      a4, 0(a5)
core   0: 3 0x000000008000fee6 (0x00e78023) mem 0x00000000800120b4 0x00
core   0: 0x000000008000feea (0xfc843703) ld      a4, -56(s0)
core   0: 3 0x000000008000feea (0xfc843703) x14 0x0000000080012040 mem 0x0000000080031f38
core   0: 0x000000008000feee (0xfb843783) ld      a5, -72(s0)
core   0: 3 0x000000008000feee (0xfb843783) x15 0x000000000000009c mem 0x0000000080031f28
core   0: 0x000000008000fef2 (0x000097ba) c.add   a5, a4
core   0: 3 0x000000008000fef2 (0x97ba) x15 0x00000000800120dc
core   0: 0x000000008000fef4 (0xfe043703) ld      a4, -32(s0)
core   0: 3 0x000000008000fef4 (0xfe043703) x14 0x00000000800120b5 mem 0x0000000080031f50
core   0: 0x000000008000fef8 (0xfcf76de3) bltu    a4, a5, pc - 38
core   0: 3 0x000000008000fef8 (0xfcf76de3)
core   0: 0x000000008000fed2 (0xfe043783) ld      a5, -32(s0)
core   0: 3 0x000000008000fed2 (0xfe043783) x15 0x00000000800120b5 mem 0x0000000080031f50
core   0: 0x000000008000fed6 (0x00178713) addi    a4, a5, 1
core   0: 3 0x000000008000fed6 (0x00178713) x14 0x00000000800120b6
core   0: 0x000000008000feda (0xfee43023) sd      a4, -32(s0)
core   0: 3 0x000000008000feda (0xfee43023) mem 0x0000000080031f50 0x00000000800120b6
core   0: 0x000000008000fede (0xfc442703) lw      a4, -60(s0)
core   0: 3 0x000000008000fede (0xfc442703) x14 0x0000000000000000 mem 0x0000000080031f34
core   0: 0x000000008000fee2 (0x0ff77713) andi    a4, a4, 255
core   0: 3 0x000000008000fee2 (0x0ff77713) x14 0x0000000000000000
core   0: 0x000000008000fee6 (0x00e78023) sb      a4, 0(a5)
core   0: 3 0x000000008000fee6 (0x00e78023) mem 0x00000000800120b5 0x00
core   0: 0x000000008000feea (0xfc843703) ld      a4, -56(s0)
core   0: 3 0x000000008000feea (0xfc843703) x14 0x0000000080012040 mem 0x0000000080031f38
core   0: 0x000000008000feee (0xfb843783) ld      a5, -72(s0)
core   0: 3 0x000000008000feee (0xfb843783) x15 0x000000000000009c mem 0x0000000080031f28
core   0: 0x000000008000fef2 (0x000097ba) c.add   a5, a4
core   0: 3 0x000000008000fef2 (0x97ba) x15 0x00000000800120dc
core   0: 0x000000008000fef4 (0xfe043703) ld      a4, -32(s0)
core   0: 3 0x000000008000fef4 (0xfe043703) x14 0x00000000800120b6 mem 0x0000000080031f50
core   0: 0x000000008000fef8 (0xfcf76de3) bltu    a4, a5, pc - 38
core   0: 3 0x000000008000fef8 (0xfcf76de3)
core   0: 0x000000008000fed2 (0xfe043783) ld      a5, -32(s0)
core   0: 3 0x000000008000fed2 (0xfe043783) x15 0x00000000800120b6 mem 0x0000000080031f50
core   0: 0x000000008000fed6 (0x00178713) addi    a4, a5, 1
core   0: 3 0x000000008000fed6 (0x00178713) x14 0x00000000800120b7
core   0: 0x000000008000feda (0xfee43023) sd      a4, -32(s0)
core   0: 3 0x000000008000feda (0xfee43023) mem 0x0000000080031f50 0x00000000800120b7
core   0: 0x000000008000fede (0xfc442703) lw      a4, -60(s0)
core   0: 3 0x000000008000fede (0xfc442703) x14 0x0000000000000000 mem 0x0000000080031f34
core   0: 0x000000008000fee2 (0x0ff77713) andi    a4, a4, 255
core   0: 3 0x000000008000fee2 (0x0ff77713) x14 0x0000000000000000
core   0: 0x000000008000fee6 (0x00e78023) sb      a4, 0(a5)
core   0: 3 0x000000008000fee6 (0x00e78023) mem 0x00000000800120b6 0x00
core   0: 0x000000008000feea (0xfc843703) ld      a4, -56(s0)
core   0: 3 0x000000008000feea (0xfc843703) x14 0x0000000080012040 mem 0x0000000080031f38
core   0: 0x000000008000feee (0xfb843783) ld      a5, -72(s0)
core   0: 3 0x000000008000feee (0xfb843783) x15 0x000000000000009c mem 0x0000000080031f28
core   0: 0x000000008000fef2 (0x000097ba) c.add   a5, a4
core   0: 3 0x000000008000fef2 (0x97ba) x15 0x00000000800120dc
core   0: 0x000000008000fef4 (0xfe043703) ld      a4, -32(s0)
core   0: 3 0x000000008000fef4 (0xfe043703) x14 0x00000000800120b7 mem 0x0000000080031f50
core   0: 0x000000008000fef8 (0xfcf76de3) bltu    a4, a5, pc - 38
core   0: 3 0x000000008000fef8 (0xfcf76de3)
core   0: 0x000000008000fed2 (0xfe043783) ld      a5, -32(s0)
core   0: 3 0x000000008000fed2 (0xfe043783) x15 0x00000000800120b7 mem 0x0000000080031f50
core   0: 0x000000008000fed6 (0x00178713) addi    a4, a5, 1
core   0: 3 0x000000008000fed6 (0x00178713) x14 0x00000000800120b8
core   0: 0x000000008000feda (0xfee43023) sd      a4, -32(s0)
core   0: 3 0x000000008000feda (0xfee43023) mem 0x0000000080031f50 0x00000000800120b8
core   0: 0x000000008000fede (0xfc442703) lw      a4, -60(s0)
core   0: 3 0x000000008000fede (0xfc442703) x14 0x0000000000000000 mem 0x0000000080031f34
core   0: 0x000000008000fee2 (0x0ff77713) andi    a4, a4, 255
core   0: 3 0x000000008000fee2 (0x0ff77713) x14 0x0000000000000000
core   0: 0x000000008000fee6 (0x00e78023) sb      a4, 0(a5)
core   0: 3 0x000000008000fee6 (0x00e78023) mem 0x00000000800120b7 0x00
core   0: 0x000000008000feea (0xfc843703) ld      a4, -56(s0)
core   0: 3 0x000000008000feea (0xfc843703) x14 0x0000000080012040 mem 0x0000000080031f38
core   0: 0x000000008000feee (0xfb843783) ld      a5, -72(s0)
core   0: 3 0x000000008000feee (0xfb843783) x15 0x000000000000009c mem 0x0000000080031f28
core   0: 0x000000008000fef2 (0x000097ba) c.add   a5, a4
core   0: 3 0x000000008000fef2 (0x97ba) x15 0x00000000800120dc
core   0: 0x000000008000fef4 (0xfe043703) ld      a4, -32(s0)
core   0: 3 0x000000008000fef4 (0xfe043703) x14 0x00000000800120b8 mem 0x0000000080031f50
core   0: 0x000000008000fef8 (0xfcf76de3) bltu    a4, a5, pc - 38
core   0: 3 0x000000008000fef8 (0xfcf76de3)
core   0: 0x000000008000fed2 (0xfe043783) ld      a5, -32(s0)
core   0: 3 0x000000008000fed2 (0xfe043783) x15 0x00000000800120b8 mem 0x0000000080031f50
core   0: 0x000000008000fed6 (0x00178713) addi    a4, a5, 1
core   0: 3 0x000000008000fed6 (0x00178713) x14 0x00000000800120b9
core   0: 0x000000008000feda (0xfee43023) sd      a4, -32(s0)
core   0: 3 0x000000008000feda (0xfee43023) mem 0x0000000080031f50 0x00000000800120b9
core   0: 0x000000008000fede (0xfc442703) lw      a4, -60(s0)
core   0: 3 0x000000008000fede (0xfc442703) x14 0x0000000000000000 mem 0x0000000080031f34
core   0: 0x000000008000fee2 (0x0ff77713) andi    a4, a4, 255
core   0: 3 0x000000008000fee2 (0x0ff77713) x14 0x0000000000000000
core   0: 0x000000008000fee6 (0x00e78023) sb      a4, 0(a5)
core   0: 3 0x000000008000fee6 (0x00e78023) mem 0x00000000800120b8 0x00
core   0: 0x000000008000feea (0xfc843703) ld      a4, -56(s0)
core   0: 3 0x000000008000feea (0xfc843703) x14 0x0000000080012040 mem 0x0000000080031f38
core   0: 0x000000008000feee (0xfb843783) ld      a5, -72(s0)
core   0: 3 0x000000008000feee (0xfb843783) x15 0x000000000000009c mem 0x0000000080031f28
core   0: 0x000000008000fef2 (0x000097ba) c.add   a5, a4
core   0: 3 0x000000008000fef2 (0x97ba) x15 0x00000000800120dc
core   0: 0x000000008000fef4 (0xfe043703) ld      a4, -32(s0)
core   0: 3 0x000000008000fef4 (0xfe043703) x14 0x00000000800120b9 mem 0x0000000080031f50
core   0: 0x000000008000fef8 (0xfcf76de3) bltu    a4, a5, pc - 38
core   0: 3 0x000000008000fef8 (0xfcf76de3)
core   0: 0x000000008000fed2 (0xfe043783) ld      a5, -32(s0)
core   0: 3 0x000000008000fed2 (0xfe043783) x15 0x00000000800120b9 mem 0x0000000080031f50
core   0: 0x000000008000fed6 (0x00178713) addi    a4, a5, 1
core   0: 3 0x000000008000fed6 (0x00178713) x14 0x00000000800120ba
core   0: 0x000000008000feda (0xfee43023) sd      a4, -32(s0)
core   0: 3 0x000000008000feda (0xfee43023) mem 0x0000000080031f50 0x00000000800120ba
core   0: 0x000000008000fede (0xfc442703) lw      a4, -60(s0)
core   0: 3 0x000000008000fede (0xfc442703) x14 0x0000000000000000 mem 0x0000000080031f34
core   0: 0x000000008000fee2 (0x0ff77713) andi    a4, a4, 255
core   0: 3 0x000000008000fee2 (0x0ff77713) x14 0x0000000000000000
core   0: 0x000000008000fee6 (0x00e78023) sb      a4, 0(a5)
core   0: 3 0x000000008000fee6 (0x00e78023) mem 0x00000000800120b9 0x00
core   0: 0x000000008000feea (0xfc843703) ld      a4, -56(s0)
core   0: 3 0x000000008000feea (0xfc843703) x14 0x0000000080012040 mem 0x0000000080031f38
core   0: 0x000000008000feee (0xfb843783) ld      a5, -72(s0)
core   0: 3 0x000000008000feee (0xfb843783) x15 0x000000000000009c mem 0x0000000080031f28
core   0: 0x000000008000fef2 (0x000097ba) c.add   a5, a4
core   0: 3 0x000000008000fef2 (0x97ba) x15 0x00000000800120dc
core   0: 0x000000008000fef4 (0xfe043703) ld      a4, -32(s0)
core   0: 3 0x000000008000fef4 (0xfe043703) x14 0x00000000800120ba mem 0x0000000080031f50
core   0: 0x000000008000fef8 (0xfcf76de3) bltu    a4, a5, pc - 38
core   0: 3 0x000000008000fef8 (0xfcf76de3)
core   0: 0x000000008000fed2 (0xfe043783) ld      a5, -32(s0)
core   0: 3 0x000000008000fed2 (0xfe043783) x15 0x00000000800120ba mem 0x0000000080031f50
core   0: 0x000000008000fed6 (0x00178713) addi    a4, a5, 1
core   0: 3 0x000000008000fed6 (0x00178713) x14 0x00000000800120bb
core   0: 0x000000008000feda (0xfee43023) sd      a4, -32(s0)
core   0: 3 0x000000008000feda (0xfee43023) mem 0x0000000080031f50 0x00000000800120bb
core   0: 0x000000008000fede (0xfc442703) lw      a4, -60(s0)
core   0: 3 0x000000008000fede (0xfc442703) x14 0x0000000000000000 mem 0x0000000080031f34
core   0: 0x000000008000fee2 (0x0ff77713) andi    a4, a4, 255
core   0: 3 0x000000008000fee2 (0x0ff77713) x14 0x0000000000000000
core   0: 0x000000008000fee6 (0x00e78023) sb      a4, 0(a5)
core   0: 3 0x000000008000fee6 (0x00e78023) mem 0x00000000800120ba 0x00
core   0: 0x000000008000feea (0xfc843703) ld      a4, -56(s0)
core   0: 3 0x000000008000feea (0xfc843703) x14 0x0000000080012040 mem 0x0000000080031f38
core   0: 0x000000008000feee (0xfb843783) ld      a5, -72(s0)
core   0: 3 0x000000008000feee (0xfb843783) x15 0x000000000000009c mem 0x0000000080031f28
core   0: 0x000000008000fef2 (0x000097ba) c.add   a5, a4
core   0: 3 0x000000008000fef2 (0x97ba) x15 0x00000000800120dc
core   0: 0x000000008000fef4 (0xfe043703) ld      a4, -32(s0)
core   0: 3 0x000000008000fef4 (0xfe043703) x14 0x00000000800120bb mem 0x0000000080031f50
core   0: 0x000000008000fef8 (0xfcf76de3) bltu    a4, a5, pc - 38
core   0: 3 0x000000008000fef8 (0xfcf76de3)
core   0: 0x000000008000fed2 (0xfe043783) ld      a5, -32(s0)
core   0: 3 0x000000008000fed2 (0xfe043783) x15 0x00000000800120bb mem 0x0000000080031f50
core   0: 0x000000008000fed6 (0x00178713) addi    a4, a5, 1
core   0: 3 0x000000008000fed6 (0x00178713) x14 0x00000000800120bc
core   0: 0x000000008000feda (0xfee43023) sd      a4, -32(s0)
core   0: 3 0x000000008000feda (0xfee43023) mem 0x0000000080031f50 0x00000000800120bc
core   0: 0x000000008000fede (0xfc442703) lw      a4, -60(s0)
core   0: 3 0x000000008000fede (0xfc442703) x14 0x0000000000000000 mem 0x0000000080031f34
core   0: 0x000000008000fee2 (0x0ff77713) andi    a4, a4, 255
core   0: 3 0x000000008000fee2 (0x0ff77713) x14 0x0000000000000000
core   0: 0x000000008000fee6 (0x00e78023) sb      a4, 0(a5)
core   0: 3 0x000000008000fee6 (0x00e78023) mem 0x00000000800120bb 0x00
core   0: 0x000000008000feea (0xfc843703) ld      a4, -56(s0)
core   0: 3 0x000000008000feea (0xfc843703) x14 0x0000000080012040 mem 0x0000000080031f38
core   0: 0x000000008000feee (0xfb843783) ld      a5, -72(s0)
core   0: 3 0x000000008000feee (0xfb843783) x15 0x000000000000009c mem 0x0000000080031f28
core   0: 0x000000008000fef2 (0x000097ba) c.add   a5, a4
core   0: 3 0x000000008000fef2 (0x97ba) x15 0x00000000800120dc
core   0: 0x000000008000fef4 (0xfe043703) ld      a4, -32(s0)
core   0: 3 0x000000008000fef4 (0xfe043703) x14 0x00000000800120bc mem 0x0000000080031f50
core   0: 0x000000008000fef8 (0xfcf76de3) bltu    a4, a5, pc - 38
core   0: 3 0x000000008000fef8 (0xfcf76de3)
core   0: 0x000000008000fed2 (0xfe043783) ld      a5, -32(s0)
core   0: 3 0x000000008000fed2 (0xfe043783) x15 0x00000000800120bc mem 0x0000000080031f50
core   0: 0x000000008000fed6 (0x00178713) addi    a4, a5, 1
core   0: 3 0x000000008000fed6 (0x00178713) x14 0x00000000800120bd
core   0: 0x000000008000feda (0xfee43023) sd      a4, -32(s0)
core   0: 3 0x000000008000feda (0xfee43023) mem 0x0000000080031f50 0x00000000800120bd
core   0: 0x000000008000fede (0xfc442703) lw      a4, -60(s0)
core   0: 3 0x000000008000fede (0xfc442703) x14 0x0000000000000000 mem 0x0000000080031f34
core   0: 0x000000008000fee2 (0x0ff77713) andi    a4, a4, 255
core   0: 3 0x000000008000fee2 (0x0ff77713) x14 0x0000000000000000
core   0: 0x000000008000fee6 (0x00e78023) sb      a4, 0(a5)
core   0: 3 0x000000008000fee6 (0x00e78023) mem 0x00000000800120bc 0x00
core   0: 0x000000008000feea (0xfc843703) ld      a4, -56(s0)
core   0: 3 0x000000008000feea (0xfc843703) x14 0x0000000080012040 mem 0x0000000080031f38
core   0: 0x000000008000feee (0xfb843783) ld      a5, -72(s0)
core   0: 3 0x000000008000feee (0xfb843783) x15 0x000000000000009c mem 0x0000000080031f28
core   0: 0x000000008000fef2 (0x000097ba) c.add   a5, a4
core   0: 3 0x000000008000fef2 (0x97ba) x15 0x00000000800120dc
core   0: 0x000000008000fef4 (0xfe043703) ld      a4, -32(s0)
core   0: 3 0x000000008000fef4 (0xfe043703) x14 0x00000000800120bd mem 0x0000000080031f50
core   0: 0x000000008000fef8 (0xfcf76de3) bltu    a4, a5, pc - 38
core   0: 3 0x000000008000fef8 (0xfcf76de3)
core   0: 0x000000008000fed2 (0xfe043783) ld      a5, -32(s0)
core   0: 3 0x000000008000fed2 (0xfe043783) x15 0x00000000800120bd mem 0x0000000080031f50
core   0: 0x000000008000fed6 (0x00178713) addi    a4, a5, 1
core   0: 3 0x000000008000fed6 (0x00178713) x14 0x00000000800120be
core   0: 0x000000008000feda (0xfee43023) sd      a4, -32(s0)
core   0: 3 0x000000008000feda (0xfee43023) mem 0x0000000080031f50 0x00000000800120be
core   0: 0x000000008000fede (0xfc442703) lw      a4, -60(s0)
core   0: 3 0x000000008000fede (0xfc442703) x14 0x0000000000000000 mem 0x0000000080031f34
core   0: 0x000000008000fee2 (0x0ff77713) andi    a4, a4, 255
core   0: 3 0x000000008000fee2 (0x0ff77713) x14 0x0000000000000000
core   0: 0x000000008000fee6 (0x00e78023) sb      a4, 0(a5)
core   0: 3 0x000000008000fee6 (0x00e78023) mem 0x00000000800120bd 0x00
core   0: 0x000000008000feea (0xfc843703) ld      a4, -56(s0)
core   0: 3 0x000000008000feea (0xfc843703) x14 0x0000000080012040 mem 0x0000000080031f38
core   0: 0x000000008000feee (0xfb843783) ld      a5, -72(s0)
core   0: 3 0x000000008000feee (0xfb843783) x15 0x000000000000009c mem 0x0000000080031f28
core   0: 0x000000008000fef2 (0x000097ba) c.add   a5, a4
core   0: 3 0x000000008000fef2 (0x97ba) x15 0x00000000800120dc
core   0: 0x000000008000fef4 (0xfe043703) ld      a4, -32(s0)
core   0: 3 0x000000008000fef4 (0xfe043703) x14 0x00000000800120be mem 0x0000000080031f50
core   0: 0x000000008000fef8 (0xfcf76de3) bltu    a4, a5, pc - 38
core   0: 3 0x000000008000fef8 (0xfcf76de3)
core   0: 0x000000008000fed2 (0xfe043783) ld      a5, -32(s0)
core   0: 3 0x000000008000fed2 (0xfe043783) x15 0x00000000800120be mem 0x0000000080031f50
core   0: 0x000000008000fed6 (0x00178713) addi    a4, a5, 1
core   0: 3 0x000000008000fed6 (0x00178713) x14 0x00000000800120bf
core   0: 0x000000008000feda (0xfee43023) sd      a4, -32(s0)
core   0: 3 0x000000008000feda (0xfee43023) mem 0x0000000080031f50 0x00000000800120bf
core   0: 0x000000008000fede (0xfc442703) lw      a4, -60(s0)
core   0: 3 0x000000008000fede (0xfc442703) x14 0x0000000000000000 mem 0x0000000080031f34
core   0: 0x000000008000fee2 (0x0ff77713) andi    a4, a4, 255
core   0: 3 0x000000008000fee2 (0x0ff77713) x14 0x0000000000000000
core   0: 0x000000008000fee6 (0x00e78023) sb      a4, 0(a5)
core   0: 3 0x000000008000fee6 (0x00e78023) mem 0x00000000800120be 0x00
core   0: 0x000000008000feea (0xfc843703) ld      a4, -56(s0)
core   0: 3 0x000000008000feea (0xfc843703) x14 0x0000000080012040 mem 0x0000000080031f38
core   0: 0x000000008000feee (0xfb843783) ld      a5, -72(s0)
core   0: 3 0x000000008000feee (0xfb843783) x15 0x000000000000009c mem 0x0000000080031f28
core   0: 0x000000008000fef2 (0x000097ba) c.add   a5, a4
core   0: 3 0x000000008000fef2 (0x97ba) x15 0x00000000800120dc
core   0: 0x000000008000fef4 (0xfe043703) ld      a4, -32(s0)
core   0: 3 0x000000008000fef4 (0xfe043703) x14 0x00000000800120bf mem 0x0000000080031f50
core   0: 0x000000008000fef8 (0xfcf76de3) bltu    a4, a5, pc - 38
core   0: 3 0x000000008000fef8 (0xfcf76de3)
core   0: 0x000000008000fed2 (0xfe043783) ld      a5, -32(s0)
core   0: 3 0x000000008000fed2 (0xfe043783) x15 0x00000000800120bf mem 0x0000000080031f50
core   0: 0x000000008000fed6 (0x00178713) addi    a4, a5, 1
core   0: 3 0x000000008000fed6 (0x00178713) x14 0x00000000800120c0
core   0: 0x000000008000feda (0xfee43023) sd      a4, -32(s0)
core   0: 3 0x000000008000feda (0xfee43023) mem 0x0000000080031f50 0x00000000800120c0
core   0: 0x000000008000fede (0xfc442703) lw      a4, -60(s0)
core   0: 3 0x000000008000fede (0xfc442703) x14 0x0000000000000000 mem 0x0000000080031f34
core   0: 0x000000008000fee2 (0x0ff77713) andi    a4, a4, 255
core   0: 3 0x000000008000fee2 (0x0ff77713) x14 0x0000000000000000
core   0: 0x000000008000fee6 (0x00e78023) sb      a4, 0(a5)
core   0: 3 0x000000008000fee6 (0x00e78023) mem 0x00000000800120bf 0x00
core   0: 0x000000008000feea (0xfc843703) ld      a4, -56(s0)
core   0: 3 0x000000008000feea (0xfc843703) x14 0x0000000080012040 mem 0x0000000080031f38
core   0: 0x000000008000feee (0xfb843783) ld      a5, -72(s0)
core   0: 3 0x000000008000feee (0xfb843783) x15 0x000000000000009c mem 0x0000000080031f28
core   0: 0x000000008000fef2 (0x000097ba) c.add   a5, a4
core   0: 3 0x000000008000fef2 (0x97ba) x15 0x00000000800120dc
core   0: 0x000000008000fef4 (0xfe043703) ld      a4, -32(s0)
core   0: 3 0x000000008000fef4 (0xfe043703) x14 0x00000000800120c0 mem 0x0000000080031f50
core   0: 0x000000008000fef8 (0xfcf76de3) bltu    a4, a5, pc - 38
core   0: 3 0x000000008000fef8 (0xfcf76de3)
core   0: 0x000000008000fed2 (0xfe043783) ld      a5, -32(s0)
core   0: 3 0x000000008000fed2 (0xfe043783) x15 0x00000000800120c0 mem 0x0000000080031f50
core   0: 0x000000008000fed6 (0x00178713) addi    a4, a5, 1
core   0: 3 0x000000008000fed6 (0x00178713) x14 0x00000000800120c1
core   0: 0x000000008000feda (0xfee43023) sd      a4, -32(s0)
core   0: 3 0x000000008000feda (0xfee43023) mem 0x0000000080031f50 0x00000000800120c1
core   0: 0x000000008000fede (0xfc442703) lw      a4, -60(s0)
core   0: 3 0x000000008000fede (0xfc442703) x14 0x0000000000000000 mem 0x0000000080031f34
core   0: 0x000000008000fee2 (0x0ff77713) andi    a4, a4, 255
core   0: 3 0x000000008000fee2 (0x0ff77713) x14 0x0000000000000000
core   0: 0x000000008000fee6 (0x00e78023) sb      a4, 0(a5)
core   0: 3 0x000000008000fee6 (0x00e78023) mem 0x00000000800120c0 0x00
core   0: 0x000000008000feea (0xfc843703) ld      a4, -56(s0)
core   0: 3 0x000000008000feea (0xfc843703) x14 0x0000000080012040 mem 0x0000000080031f38
core   0: 0x000000008000feee (0xfb843783) ld      a5, -72(s0)
core   0: 3 0x000000008000feee (0xfb843783) x15 0x000000000000009c mem 0x0000000080031f28
core   0: 0x000000008000fef2 (0x000097ba) c.add   a5, a4
core   0: 3 0x000000008000fef2 (0x97ba) x15 0x00000000800120dc
core   0: 0x000000008000fef4 (0xfe043703) ld      a4, -32(s0)
core   0: 3 0x000000008000fef4 (0xfe043703) x14 0x00000000800120c1 mem 0x0000000080031f50
core   0: 0x000000008000fef8 (0xfcf76de3) bltu    a4, a5, pc - 38
core   0: 3 0x000000008000fef8 (0xfcf76de3)
core   0: 0x000000008000fed2 (0xfe043783) ld      a5, -32(s0)
core   0: 3 0x000000008000fed2 (0xfe043783) x15 0x00000000800120c1 mem 0x0000000080031f50
core   0: 0x000000008000fed6 (0x00178713) addi    a4, a5, 1
core   0: 3 0x000000008000fed6 (0x00178713) x14 0x00000000800120c2
core   0: 0x000000008000feda (0xfee43023) sd      a4, -32(s0)
core   0: 3 0x000000008000feda (0xfee43023) mem 0x0000000080031f50 0x00000000800120c2
core   0: 0x000000008000fede (0xfc442703) lw      a4, -60(s0)
core   0: 3 0x000000008000fede (0xfc442703) x14 0x0000000000000000 mem 0x0000000080031f34
core   0: 0x000000008000fee2 (0x0ff77713) andi    a4, a4, 255
core   0: 3 0x000000008000fee2 (0x0ff77713) x14 0x0000000000000000
core   0: 0x000000008000fee6 (0x00e78023) sb      a4, 0(a5)
core   0: 3 0x000000008000fee6 (0x00e78023) mem 0x00000000800120c1 0x00
core   0: 0x000000008000feea (0xfc843703) ld      a4, -56(s0)
core   0: 3 0x000000008000feea (0xfc843703) x14 0x0000000080012040 mem 0x0000000080031f38
core   0: 0x000000008000feee (0xfb843783) ld      a5, -72(s0)
core   0: 3 0x000000008000feee (0xfb843783) x15 0x000000000000009c mem 0x0000000080031f28
core   0: 0x000000008000fef2 (0x000097ba) c.add   a5, a4
core   0: 3 0x000000008000fef2 (0x97ba) x15 0x00000000800120dc
core   0: 0x000000008000fef4 (0xfe043703) ld      a4, -32(s0)
core   0: 3 0x000000008000fef4 (0xfe043703) x14 0x00000000800120c2 mem 0x0000000080031f50
core   0: 0x000000008000fef8 (0xfcf76de3) bltu    a4, a5, pc - 38
core   0: 3 0x000000008000fef8 (0xfcf76de3)
core   0: 0x000000008000fed2 (0xfe043783) ld      a5, -32(s0)
core   0: 3 0x000000008000fed2 (0xfe043783) x15 0x00000000800120c2 mem 0x0000000080031f50
core   0: 0x000000008000fed6 (0x00178713) addi    a4, a5, 1
core   0: 3 0x000000008000fed6 (0x00178713) x14 0x00000000800120c3
core   0: 0x000000008000feda (0xfee43023) sd      a4, -32(s0)
core   0: 3 0x000000008000feda (0xfee43023) mem 0x0000000080031f50 0x00000000800120c3
core   0: 0x000000008000fede (0xfc442703) lw      a4, -60(s0)
core   0: 3 0x000000008000fede (0xfc442703) x14 0x0000000000000000 mem 0x0000000080031f34
core   0: 0x000000008000fee2 (0x0ff77713) andi    a4, a4, 255
core   0: 3 0x000000008000fee2 (0x0ff77713) x14 0x0000000000000000
core   0: 0x000000008000fee6 (0x00e78023) sb      a4, 0(a5)
core   0: 3 0x000000008000fee6 (0x00e78023) mem 0x00000000800120c2 0x00
core   0: 0x000000008000feea (0xfc843703) ld      a4, -56(s0)
core   0: 3 0x000000008000feea (0xfc843703) x14 0x0000000080012040 mem 0x0000000080031f38
core   0: 0x000000008000feee (0xfb843783) ld      a5, -72(s0)
core   0: 3 0x000000008000feee (0xfb843783) x15 0x000000000000009c mem 0x0000000080031f28
core   0: 0x000000008000fef2 (0x000097ba) c.add   a5, a4
core   0: 3 0x000000008000fef2 (0x97ba) x15 0x00000000800120dc
core   0: 0x000000008000fef4 (0xfe043703) ld      a4, -32(s0)
core   0: 3 0x000000008000fef4 (0xfe043703) x14 0x00000000800120c3 mem 0x0000000080031f50
core   0: 0x000000008000fef8 (0xfcf76de3) bltu    a4, a5, pc - 38
core   0: 3 0x000000008000fef8 (0xfcf76de3)
core   0: 0x000000008000fed2 (0xfe043783) ld      a5, -32(s0)
core   0: 3 0x000000008000fed2 (0xfe043783) x15 0x00000000800120c3 mem 0x0000000080031f50
core   0: 0x000000008000fed6 (0x00178713) addi    a4, a5, 1
core   0: 3 0x000000008000fed6 (0x00178713) x14 0x00000000800120c4
core   0: 0x000000008000feda (0xfee43023) sd      a4, -32(s0)
core   0: 3 0x000000008000feda (0xfee43023) mem 0x0000000080031f50 0x00000000800120c4
core   0: 0x000000008000fede (0xfc442703) lw      a4, -60(s0)
core   0: 3 0x000000008000fede (0xfc442703) x14 0x0000000000000000 mem 0x0000000080031f34
core   0: 0x000000008000fee2 (0x0ff77713) andi    a4, a4, 255
core   0: 3 0x000000008000fee2 (0x0ff77713) x14 0x0000000000000000
core   0: 0x000000008000fee6 (0x00e78023) sb      a4, 0(a5)
core   0: 3 0x000000008000fee6 (0x00e78023) mem 0x00000000800120c3 0x00
core   0: 0x000000008000feea (0xfc843703) ld      a4, -56(s0)
core   0: 3 0x000000008000feea (0xfc843703) x14 0x0000000080012040 mem 0x0000000080031f38
core   0: 0x000000008000feee (0xfb843783) ld      a5, -72(s0)
core   0: 3 0x000000008000feee (0xfb843783) x15 0x000000000000009c mem 0x0000000080031f28
core   0: 0x000000008000fef2 (0x000097ba) c.add   a5, a4
core   0: 3 0x000000008000fef2 (0x97ba) x15 0x00000000800120dc
core   0: 0x000000008000fef4 (0xfe043703) ld      a4, -32(s0)
core   0: 3 0x000000008000fef4 (0xfe043703) x14 0x00000000800120c4 mem 0x0000000080031f50
core   0: 0x000000008000fef8 (0xfcf76de3) bltu    a4, a5, pc - 38
core   0: 3 0x000000008000fef8 (0xfcf76de3)
core   0: 0x000000008000fed2 (0xfe043783) ld      a5, -32(s0)
core   0: 3 0x000000008000fed2 (0xfe043783) x15 0x00000000800120c4 mem 0x0000000080031f50
core   0: 0x000000008000fed6 (0x00178713) addi    a4, a5, 1
core   0: 3 0x000000008000fed6 (0x00178713) x14 0x00000000800120c5
core   0: 0x000000008000feda (0xfee43023) sd      a4, -32(s0)
core   0: 3 0x000000008000feda (0xfee43023) mem 0x0000000080031f50 0x00000000800120c5
core   0: 0x000000008000fede (0xfc442703) lw      a4, -60(s0)
core   0: 3 0x000000008000fede (0xfc442703) x14 0x0000000000000000 mem 0x0000000080031f34
core   0: 0x000000008000fee2 (0x0ff77713) andi    a4, a4, 255
core   0: 3 0x000000008000fee2 (0x0ff77713) x14 0x0000000000000000
core   0: 0x000000008000fee6 (0x00e78023) sb      a4, 0(a5)
core   0: 3 0x000000008000fee6 (0x00e78023) mem 0x00000000800120c4 0x00
core   0: 0x000000008000feea (0xfc843703) ld      a4, -56(s0)
core   0: 3 0x000000008000feea (0xfc843703) x14 0x0000000080012040 mem 0x0000000080031f38
core   0: 0x000000008000feee (0xfb843783) ld      a5, -72(s0)
core   0: 3 0x000000008000feee (0xfb843783) x15 0x000000000000009c mem 0x0000000080031f28
core   0: 0x000000008000fef2 (0x000097ba) c.add   a5, a4
core   0: 3 0x000000008000fef2 (0x97ba) x15 0x00000000800120dc
core   0: 0x000000008000fef4 (0xfe043703) ld      a4, -32(s0)
core   0: 3 0x000000008000fef4 (0xfe043703) x14 0x00000000800120c5 mem 0x0000000080031f50
core   0: 0x000000008000fef8 (0xfcf76de3) bltu    a4, a5, pc - 38
core   0: 3 0x000000008000fef8 (0xfcf76de3)
core   0: 0x000000008000fed2 (0xfe043783) ld      a5, -32(s0)
core   0: 3 0x000000008000fed2 (0xfe043783) x15 0x00000000800120c5 mem 0x0000000080031f50
core   0: 0x000000008000fed6 (0x00178713) addi    a4, a5, 1
core   0: 3 0x000000008000fed6 (0x00178713) x14 0x00000000800120c6
core   0: 0x000000008000feda (0xfee43023) sd      a4, -32(s0)
core   0: 3 0x000000008000feda (0xfee43023) mem 0x0000000080031f50 0x00000000800120c6
core   0: 0x000000008000fede (0xfc442703) lw      a4, -60(s0)
core   0: 3 0x000000008000fede (0xfc442703) x14 0x0000000000000000 mem 0x0000000080031f34
core   0: 0x000000008000fee2 (0x0ff77713) andi    a4, a4, 255
core   0: 3 0x000000008000fee2 (0x0ff77713) x14 0x0000000000000000
core   0: 0x000000008000fee6 (0x00e78023) sb      a4, 0(a5)
core   0: 3 0x000000008000fee6 (0x00e78023) mem 0x00000000800120c5 0x00
core   0: 0x000000008000feea (0xfc843703) ld      a4, -56(s0)
core   0: 3 0x000000008000feea (0xfc843703) x14 0x0000000080012040 mem 0x0000000080031f38
core   0: 0x000000008000feee (0xfb843783) ld      a5, -72(s0)
core   0: 3 0x000000008000feee (0xfb843783) x15 0x000000000000009c mem 0x0000000080031f28
core   0: 0x000000008000fef2 (0x000097ba) c.add   a5, a4
core   0: 3 0x000000008000fef2 (0x97ba) x15 0x00000000800120dc
core   0: 0x000000008000fef4 (0xfe043703) ld      a4, -32(s0)
core   0: 3 0x000000008000fef4 (0xfe043703) x14 0x00000000800120c6 mem 0x0000000080031f50
core   0: 0x000000008000fef8 (0xfcf76de3) bltu    a4, a5, pc - 38
core   0: 3 0x000000008000fef8 (0xfcf76de3)
core   0: 0x000000008000fed2 (0xfe043783) ld      a5, -32(s0)
core   0: 3 0x000000008000fed2 (0xfe043783) x15 0x00000000800120c6 mem 0x0000000080031f50
core   0: 0x000000008000fed6 (0x00178713) addi    a4, a5, 1
core   0: 3 0x000000008000fed6 (0x00178713) x14 0x00000000800120c7
core   0: 0x000000008000feda (0xfee43023) sd      a4, -32(s0)
core   0: 3 0x000000008000feda (0xfee43023) mem 0x0000000080031f50 0x00000000800120c7
core   0: 0x000000008000fede (0xfc442703) lw      a4, -60(s0)
core   0: 3 0x000000008000fede (0xfc442703) x14 0x0000000000000000 mem 0x0000000080031f34
core   0: 0x000000008000fee2 (0x0ff77713) andi    a4, a4, 255
core   0: 3 0x000000008000fee2 (0x0ff77713) x14 0x0000000000000000
core   0: 0x000000008000fee6 (0x00e78023) sb      a4, 0(a5)
core   0: 3 0x000000008000fee6 (0x00e78023) mem 0x00000000800120c6 0x00
core   0: 0x000000008000feea (0xfc843703) ld      a4, -56(s0)
core   0: 3 0x000000008000feea (0xfc843703) x14 0x0000000080012040 mem 0x0000000080031f38
core   0: 0x000000008000feee (0xfb843783) ld      a5, -72(s0)
core   0: 3 0x000000008000feee (0xfb843783) x15 0x000000000000009c mem 0x0000000080031f28
core   0: 0x000000008000fef2 (0x000097ba) c.add   a5, a4
core   0: 3 0x000000008000fef2 (0x97ba) x15 0x00000000800120dc
core   0: 0x000000008000fef4 (0xfe043703) ld      a4, -32(s0)
core   0: 3 0x000000008000fef4 (0xfe043703) x14 0x00000000800120c7 mem 0x0000000080031f50
core   0: 0x000000008000fef8 (0xfcf76de3) bltu    a4, a5, pc - 38
core   0: 3 0x000000008000fef8 (0xfcf76de3)
core   0: 0x000000008000fed2 (0xfe043783) ld      a5, -32(s0)
core   0: 3 0x000000008000fed2 (0xfe043783) x15 0x00000000800120c7 mem 0x0000000080031f50
core   0: 0x000000008000fed6 (0x00178713) addi    a4, a5, 1
core   0: 3 0x000000008000fed6 (0x00178713) x14 0x00000000800120c8
core   0: 0x000000008000feda (0xfee43023) sd      a4, -32(s0)
core   0: 3 0x000000008000feda (0xfee43023) mem 0x0000000080031f50 0x00000000800120c8
core   0: 0x000000008000fede (0xfc442703) lw      a4, -60(s0)
core   0: 3 0x000000008000fede (0xfc442703) x14 0x0000000000000000 mem 0x0000000080031f34
core   0: 0x000000008000fee2 (0x0ff77713) andi    a4, a4, 255
core   0: 3 0x000000008000fee2 (0x0ff77713) x14 0x0000000000000000
core   0: 0x000000008000fee6 (0x00e78023) sb      a4, 0(a5)
core   0: 3 0x000000008000fee6 (0x00e78023) mem 0x00000000800120c7 0x00
core   0: 0x000000008000feea (0xfc843703) ld      a4, -56(s0)
core   0: 3 0x000000008000feea (0xfc843703) x14 0x0000000080012040 mem 0x0000000080031f38
core   0: 0x000000008000feee (0xfb843783) ld      a5, -72(s0)
core   0: 3 0x000000008000feee (0xfb843783) x15 0x000000000000009c mem 0x0000000080031f28
core   0: 0x000000008000fef2 (0x000097ba) c.add   a5, a4
core   0: 3 0x000000008000fef2 (0x97ba) x15 0x00000000800120dc
core   0: 0x000000008000fef4 (0xfe043703) ld      a4, -32(s0)
core   0: 3 0x000000008000fef4 (0xfe043703) x14 0x00000000800120c8 mem 0x0000000080031f50
core   0: 0x000000008000fef8 (0xfcf76de3) bltu    a4, a5, pc - 38
core   0: 3 0x000000008000fef8 (0xfcf76de3)
core   0: 0x000000008000fed2 (0xfe043783) ld      a5, -32(s0)
core   0: 3 0x000000008000fed2 (0xfe043783) x15 0x00000000800120c8 mem 0x0000000080031f50
core   0: 0x000000008000fed6 (0x00178713) addi    a4, a5, 1
core   0: 3 0x000000008000fed6 (0x00178713) x14 0x00000000800120c9
core   0: 0x000000008000feda (0xfee43023) sd      a4, -32(s0)
core   0: 3 0x000000008000feda (0xfee43023) mem 0x0000000080031f50 0x00000000800120c9
core   0: 0x000000008000fede (0xfc442703) lw      a4, -60(s0)
core   0: 3 0x000000008000fede (0xfc442703) x14 0x0000000000000000 mem 0x0000000080031f34
core   0: 0x000000008000fee2 (0x0ff77713) andi    a4, a4, 255
core   0: 3 0x000000008000fee2 (0x0ff77713) x14 0x0000000000000000
core   0: 0x000000008000fee6 (0x00e78023) sb      a4, 0(a5)
core   0: 3 0x000000008000fee6 (0x00e78023) mem 0x00000000800120c8 0x00
core   0: 0x000000008000feea (0xfc843703) ld      a4, -56(s0)
core   0: 3 0x000000008000feea (0xfc843703) x14 0x0000000080012040 mem 0x0000000080031f38
core   0: 0x000000008000feee (0xfb843783) ld      a5, -72(s0)
core   0: 3 0x000000008000feee (0xfb843783) x15 0x000000000000009c mem 0x0000000080031f28
core   0: 0x000000008000fef2 (0x000097ba) c.add   a5, a4
core   0: 3 0x000000008000fef2 (0x97ba) x15 0x00000000800120dc
core   0: 0x000000008000fef4 (0xfe043703) ld      a4, -32(s0)
core   0: 3 0x000000008000fef4 (0xfe043703) x14 0x00000000800120c9 mem 0x0000000080031f50
core   0: 0x000000008000fef8 (0xfcf76de3) bltu    a4, a5, pc - 38
core   0: 3 0x000000008000fef8 (0xfcf76de3)
core   0: 0x000000008000fed2 (0xfe043783) ld      a5, -32(s0)
core   0: 3 0x000000008000fed2 (0xfe043783) x15 0x00000000800120c9 mem 0x0000000080031f50
core   0: 0x000000008000fed6 (0x00178713) addi    a4, a5, 1
core   0: 3 0x000000008000fed6 (0x00178713) x14 0x00000000800120ca
core   0: 0x000000008000feda (0xfee43023) sd      a4, -32(s0)
core   0: 3 0x000000008000feda (0xfee43023) mem 0x0000000080031f50 0x00000000800120ca
core   0: 0x000000008000fede (0xfc442703) lw      a4, -60(s0)
core   0: 3 0x000000008000fede (0xfc442703) x14 0x0000000000000000 mem 0x0000000080031f34
core   0: 0x000000008000fee2 (0x0ff77713) andi    a4, a4, 255
core   0: 3 0x000000008000fee2 (0x0ff77713) x14 0x0000000000000000
core   0: 0x000000008000fee6 (0x00e78023) sb      a4, 0(a5)
core   0: 3 0x000000008000fee6 (0x00e78023) mem 0x00000000800120c9 0x00
core   0: 0x000000008000feea (0xfc843703) ld      a4, -56(s0)
core   0: 3 0x000000008000feea (0xfc843703) x14 0x0000000080012040 mem 0x0000000080031f38
core   0: 0x000000008000feee (0xfb843783) ld      a5, -72(s0)
core   0: 3 0x000000008000feee (0xfb843783) x15 0x000000000000009c mem 0x0000000080031f28
core   0: 0x000000008000fef2 (0x000097ba) c.add   a5, a4
core   0: 3 0x000000008000fef2 (0x97ba) x15 0x00000000800120dc
core   0: 0x000000008000fef4 (0xfe043703) ld      a4, -32(s0)
core   0: 3 0x000000008000fef4 (0xfe043703) x14 0x00000000800120ca mem 0x0000000080031f50
core   0: 0x000000008000fef8 (0xfcf76de3) bltu    a4, a5, pc - 38
core   0: 3 0x000000008000fef8 (0xfcf76de3)
core   0: 0x000000008000fed2 (0xfe043783) ld      a5, -32(s0)
core   0: 3 0x000000008000fed2 (0xfe043783) x15 0x00000000800120ca mem 0x0000000080031f50
core   0: 0x000000008000fed6 (0x00178713) addi    a4, a5, 1
core   0: 3 0x000000008000fed6 (0x00178713) x14 0x00000000800120cb
core   0: 0x000000008000feda (0xfee43023) sd      a4, -32(s0)
core   0: 3 0x000000008000feda (0xfee43023) mem 0x0000000080031f50 0x00000000800120cb
core   0: 0x000000008000fede (0xfc442703) lw      a4, -60(s0)
core   0: 3 0x000000008000fede (0xfc442703) x14 0x0000000000000000 mem 0x0000000080031f34
core   0: 0x000000008000fee2 (0x0ff77713) andi    a4, a4, 255
core   0: 3 0x000000008000fee2 (0x0ff77713) x14 0x0000000000000000
core   0: 0x000000008000fee6 (0x00e78023) sb      a4, 0(a5)
core   0: 3 0x000000008000fee6 (0x00e78023) mem 0x00000000800120ca 0x00
core   0: 0x000000008000feea (0xfc843703) ld      a4, -56(s0)
core   0: 3 0x000000008000feea (0xfc843703) x14 0x0000000080012040 mem 0x0000000080031f38
core   0: 0x000000008000feee (0xfb843783) ld      a5, -72(s0)
core   0: 3 0x000000008000feee (0xfb843783) x15 0x000000000000009c mem 0x0000000080031f28
core   0: 0x000000008000fef2 (0x000097ba) c.add   a5, a4
core   0: 3 0x000000008000fef2 (0x97ba) x15 0x00000000800120dc
core   0: 0x000000008000fef4 (0xfe043703) ld      a4, -32(s0)
core   0: 3 0x000000008000fef4 (0xfe043703) x14 0x00000000800120cb mem 0x0000000080031f50
core   0: 0x000000008000fef8 (0xfcf76de3) bltu    a4, a5, pc - 38
core   0: 3 0x000000008000fef8 (0xfcf76de3)
core   0: 0x000000008000fed2 (0xfe043783) ld      a5, -32(s0)
core   0: 3 0x000000008000fed2 (0xfe043783) x15 0x00000000800120cb mem 0x0000000080031f50
core   0: 0x000000008000fed6 (0x00178713) addi    a4, a5, 1
core   0: 3 0x000000008000fed6 (0x00178713) x14 0x00000000800120cc
core   0: 0x000000008000feda (0xfee43023) sd      a4, -32(s0)
core   0: 3 0x000000008000feda (0xfee43023) mem 0x0000000080031f50 0x00000000800120cc
core   0: 0x000000008000fede (0xfc442703) lw      a4, -60(s0)
core   0: 3 0x000000008000fede (0xfc442703) x14 0x0000000000000000 mem 0x0000000080031f34
core   0: 0x000000008000fee2 (0x0ff77713) andi    a4, a4, 255
core   0: 3 0x000000008000fee2 (0x0ff77713) x14 0x0000000000000000
core   0: 0x000000008000fee6 (0x00e78023) sb      a4, 0(a5)
core   0: 3 0x000000008000fee6 (0x00e78023) mem 0x00000000800120cb 0x00
core   0: 0x000000008000feea (0xfc843703) ld      a4, -56(s0)
core   0: 3 0x000000008000feea (0xfc843703) x14 0x0000000080012040 mem 0x0000000080031f38
core   0: 0x000000008000feee (0xfb843783) ld      a5, -72(s0)
core   0: 3 0x000000008000feee (0xfb843783) x15 0x000000000000009c mem 0x0000000080031f28
core   0: 0x000000008000fef2 (0x000097ba) c.add   a5, a4
core   0: 3 0x000000008000fef2 (0x97ba) x15 0x00000000800120dc
core   0: 0x000000008000fef4 (0xfe043703) ld      a4, -32(s0)
core   0: 3 0x000000008000fef4 (0xfe043703) x14 0x00000000800120cc mem 0x0000000080031f50
core   0: 0x000000008000fef8 (0xfcf76de3) bltu    a4, a5, pc - 38
core   0: 3 0x000000008000fef8 (0xfcf76de3)
core   0: 0x000000008000fed2 (0xfe043783) ld      a5, -32(s0)
core   0: 3 0x000000008000fed2 (0xfe043783) x15 0x00000000800120cc mem 0x0000000080031f50
core   0: 0x000000008000fed6 (0x00178713) addi    a4, a5, 1
core   0: 3 0x000000008000fed6 (0x00178713) x14 0x00000000800120cd
core   0: 0x000000008000feda (0xfee43023) sd      a4, -32(s0)
core   0: 3 0x000000008000feda (0xfee43023) mem 0x0000000080031f50 0x00000000800120cd
core   0: 0x000000008000fede (0xfc442703) lw      a4, -60(s0)
core   0: 3 0x000000008000fede (0xfc442703) x14 0x0000000000000000 mem 0x0000000080031f34
core   0: 0x000000008000fee2 (0x0ff77713) andi    a4, a4, 255
core   0: 3 0x000000008000fee2 (0x0ff77713) x14 0x0000000000000000
core   0: 0x000000008000fee6 (0x00e78023) sb      a4, 0(a5)
core   0: 3 0x000000008000fee6 (0x00e78023) mem 0x00000000800120cc 0x00
core   0: 0x000000008000feea (0xfc843703) ld      a4, -56(s0)
core   0: 3 0x000000008000feea (0xfc843703) x14 0x0000000080012040 mem 0x0000000080031f38
core   0: 0x000000008000feee (0xfb843783) ld      a5, -72(s0)
core   0: 3 0x000000008000feee (0xfb843783) x15 0x000000000000009c mem 0x0000000080031f28
core   0: 0x000000008000fef2 (0x000097ba) c.add   a5, a4
core   0: 3 0x000000008000fef2 (0x97ba) x15 0x00000000800120dc
core   0: 0x000000008000fef4 (0xfe043703) ld      a4, -32(s0)
core   0: 3 0x000000008000fef4 (0xfe043703) x14 0x00000000800120cd mem 0x0000000080031f50
core   0: 0x000000008000fef8 (0xfcf76de3) bltu    a4, a5, pc - 38
core   0: 3 0x000000008000fef8 (0xfcf76de3)
core   0: 0x000000008000fed2 (0xfe043783) ld      a5, -32(s0)
core   0: 3 0x000000008000fed2 (0xfe043783) x15 0x00000000800120cd mem 0x0000000080031f50
core   0: 0x000000008000fed6 (0x00178713) addi    a4, a5, 1
core   0: 3 0x000000008000fed6 (0x00178713) x14 0x00000000800120ce
core   0: 0x000000008000feda (0xfee43023) sd      a4, -32(s0)
core   0: 3 0x000000008000feda (0xfee43023) mem 0x0000000080031f50 0x00000000800120ce
core   0: 0x000000008000fede (0xfc442703) lw      a4, -60(s0)
core   0: 3 0x000000008000fede (0xfc442703) x14 0x0000000000000000 mem 0x0000000080031f34
core   0: 0x000000008000fee2 (0x0ff77713) andi    a4, a4, 255
core   0: 3 0x000000008000fee2 (0x0ff77713) x14 0x0000000000000000
core   0: 0x000000008000fee6 (0x00e78023) sb      a4, 0(a5)
core   0: 3 0x000000008000fee6 (0x00e78023) mem 0x00000000800120cd 0x00
core   0: 0x000000008000feea (0xfc843703) ld      a4, -56(s0)
core   0: 3 0x000000008000feea (0xfc843703) x14 0x0000000080012040 mem 0x0000000080031f38
core   0: 0x000000008000feee (0xfb843783) ld      a5, -72(s0)
core   0: 3 0x000000008000feee (0xfb843783) x15 0x000000000000009c mem 0x0000000080031f28
core   0: 0x000000008000fef2 (0x000097ba) c.add   a5, a4
core   0: 3 0x000000008000fef2 (0x97ba) x15 0x00000000800120dc
core   0: 0x000000008000fef4 (0xfe043703) ld      a4, -32(s0)
core   0: 3 0x000000008000fef4 (0xfe043703) x14 0x00000000800120ce mem 0x0000000080031f50
core   0: 0x000000008000fef8 (0xfcf76de3) bltu    a4, a5, pc - 38
core   0: 3 0x000000008000fef8 (0xfcf76de3)
core   0: 0x000000008000fed2 (0xfe043783) ld      a5, -32(s0)
core   0: 3 0x000000008000fed2 (0xfe043783) x15 0x00000000800120ce mem 0x0000000080031f50
core   0: 0x000000008000fed6 (0x00178713) addi    a4, a5, 1
core   0: 3 0x000000008000fed6 (0x00178713) x14 0x00000000800120cf
core   0: 0x000000008000feda (0xfee43023) sd      a4, -32(s0)
core   0: 3 0x000000008000feda (0xfee43023) mem 0x0000000080031f50 0x00000000800120cf
core   0: 0x000000008000fede (0xfc442703) lw      a4, -60(s0)
core   0: 3 0x000000008000fede (0xfc442703) x14 0x0000000000000000 mem 0x0000000080031f34
core   0: 0x000000008000fee2 (0x0ff77713) andi    a4, a4, 255
core   0: 3 0x000000008000fee2 (0x0ff77713) x14 0x0000000000000000
core   0: 0x000000008000fee6 (0x00e78023) sb      a4, 0(a5)
core   0: 3 0x000000008000fee6 (0x00e78023) mem 0x00000000800120ce 0x00
core   0: 0x000000008000feea (0xfc843703) ld      a4, -56(s0)
core   0: 3 0x000000008000feea (0xfc843703) x14 0x0000000080012040 mem 0x0000000080031f38
core   0: 0x000000008000feee (0xfb843783) ld      a5, -72(s0)
core   0: 3 0x000000008000feee (0xfb843783) x15 0x000000000000009c mem 0x0000000080031f28
core   0: 0x000000008000fef2 (0x000097ba) c.add   a5, a4
core   0: 3 0x000000008000fef2 (0x97ba) x15 0x00000000800120dc
core   0: 0x000000008000fef4 (0xfe043703) ld      a4, -32(s0)
core   0: 3 0x000000008000fef4 (0xfe043703) x14 0x00000000800120cf mem 0x0000000080031f50
core   0: 0x000000008000fef8 (0xfcf76de3) bltu    a4, a5, pc - 38
core   0: 3 0x000000008000fef8 (0xfcf76de3)
core   0: 0x000000008000fed2 (0xfe043783) ld      a5, -32(s0)
core   0: 3 0x000000008000fed2 (0xfe043783) x15 0x00000000800120cf mem 0x0000000080031f50
core   0: 0x000000008000fed6 (0x00178713) addi    a4, a5, 1
core   0: 3 0x000000008000fed6 (0x00178713) x14 0x00000000800120d0
core   0: 0x000000008000feda (0xfee43023) sd      a4, -32(s0)
core   0: 3 0x000000008000feda (0xfee43023) mem 0x0000000080031f50 0x00000000800120d0
core   0: 0x000000008000fede (0xfc442703) lw      a4, -60(s0)
core   0: 3 0x000000008000fede (0xfc442703) x14 0x0000000000000000 mem 0x0000000080031f34
core   0: 0x000000008000fee2 (0x0ff77713) andi    a4, a4, 255
core   0: 3 0x000000008000fee2 (0x0ff77713) x14 0x0000000000000000
core   0: 0x000000008000fee6 (0x00e78023) sb      a4, 0(a5)
core   0: 3 0x000000008000fee6 (0x00e78023) mem 0x00000000800120cf 0x00
core   0: 0x000000008000feea (0xfc843703) ld      a4, -56(s0)
core   0: 3 0x000000008000feea (0xfc843703) x14 0x0000000080012040 mem 0x0000000080031f38
core   0: 0x000000008000feee (0xfb843783) ld      a5, -72(s0)
core   0: 3 0x000000008000feee (0xfb843783) x15 0x000000000000009c mem 0x0000000080031f28
core   0: 0x000000008000fef2 (0x000097ba) c.add   a5, a4
core   0: 3 0x000000008000fef2 (0x97ba) x15 0x00000000800120dc
core   0: 0x000000008000fef4 (0xfe043703) ld      a4, -32(s0)
core   0: 3 0x000000008000fef4 (0xfe043703) x14 0x00000000800120d0 mem 0x0000000080031f50
core   0: 0x000000008000fef8 (0xfcf76de3) bltu    a4, a5, pc - 38
core   0: 3 0x000000008000fef8 (0xfcf76de3)
core   0: 0x000000008000fed2 (0xfe043783) ld      a5, -32(s0)
core   0: 3 0x000000008000fed2 (0xfe043783) x15 0x00000000800120d0 mem 0x0000000080031f50
core   0: 0x000000008000fed6 (0x00178713) addi    a4, a5, 1
core   0: 3 0x000000008000fed6 (0x00178713) x14 0x00000000800120d1
core   0: 0x000000008000feda (0xfee43023) sd      a4, -32(s0)
core   0: 3 0x000000008000feda (0xfee43023) mem 0x0000000080031f50 0x00000000800120d1
core   0: 0x000000008000fede (0xfc442703) lw      a4, -60(s0)
core   0: 3 0x000000008000fede (0xfc442703) x14 0x0000000000000000 mem 0x0000000080031f34
core   0: 0x000000008000fee2 (0x0ff77713) andi    a4, a4, 255
core   0: 3 0x000000008000fee2 (0x0ff77713) x14 0x0000000000000000
core   0: 0x000000008000fee6 (0x00e78023) sb      a4, 0(a5)
core   0: 3 0x000000008000fee6 (0x00e78023) mem 0x00000000800120d0 0x00
core   0: 0x000000008000feea (0xfc843703) ld      a4, -56(s0)
core   0: 3 0x000000008000feea (0xfc843703) x14 0x0000000080012040 mem 0x0000000080031f38
core   0: 0x000000008000feee (0xfb843783) ld      a5, -72(s0)
core   0: 3 0x000000008000feee (0xfb843783) x15 0x000000000000009c mem 0x0000000080031f28
core   0: 0x000000008000fef2 (0x000097ba) c.add   a5, a4
core   0: 3 0x000000008000fef2 (0x97ba) x15 0x00000000800120dc
core   0: 0x000000008000fef4 (0xfe043703) ld      a4, -32(s0)
core   0: 3 0x000000008000fef4 (0xfe043703) x14 0x00000000800120d1 mem 0x0000000080031f50
core   0: 0x000000008000fef8 (0xfcf76de3) bltu    a4, a5, pc - 38
core   0: 3 0x000000008000fef8 (0xfcf76de3)
core   0: 0x000000008000fed2 (0xfe043783) ld      a5, -32(s0)
core   0: 3 0x000000008000fed2 (0xfe043783) x15 0x00000000800120d1 mem 0x0000000080031f50
core   0: 0x000000008000fed6 (0x00178713) addi    a4, a5, 1
core   0: 3 0x000000008000fed6 (0x00178713) x14 0x00000000800120d2
core   0: 0x000000008000feda (0xfee43023) sd      a4, -32(s0)
core   0: 3 0x000000008000feda (0xfee43023) mem 0x0000000080031f50 0x00000000800120d2
core   0: 0x000000008000fede (0xfc442703) lw      a4, -60(s0)
core   0: 3 0x000000008000fede (0xfc442703) x14 0x0000000000000000 mem 0x0000000080031f34
core   0: 0x000000008000fee2 (0x0ff77713) andi    a4, a4, 255
core   0: 3 0x000000008000fee2 (0x0ff77713) x14 0x0000000000000000
core   0: 0x000000008000fee6 (0x00e78023) sb      a4, 0(a5)
core   0: 3 0x000000008000fee6 (0x00e78023) mem 0x00000000800120d1 0x00
core   0: 0x000000008000feea (0xfc843703) ld      a4, -56(s0)
core   0: 3 0x000000008000feea (0xfc843703) x14 0x0000000080012040 mem 0x0000000080031f38
core   0: 0x000000008000feee (0xfb843783) ld      a5, -72(s0)
core   0: 3 0x000000008000feee (0xfb843783) x15 0x000000000000009c mem 0x0000000080031f28
core   0: 0x000000008000fef2 (0x000097ba) c.add   a5, a4
core   0: 3 0x000000008000fef2 (0x97ba) x15 0x00000000800120dc
core   0: 0x000000008000fef4 (0xfe043703) ld      a4, -32(s0)
core   0: 3 0x000000008000fef4 (0xfe043703) x14 0x00000000800120d2 mem 0x0000000080031f50
core   0: 0x000000008000fef8 (0xfcf76de3) bltu    a4, a5, pc - 38
core   0: 3 0x000000008000fef8 (0xfcf76de3)
core   0: 0x000000008000fed2 (0xfe043783) ld      a5, -32(s0)
core   0: 3 0x000000008000fed2 (0xfe043783) x15 0x00000000800120d2 mem 0x0000000080031f50
core   0: 0x000000008000fed6 (0x00178713) addi    a4, a5, 1
core   0: 3 0x000000008000fed6 (0x00178713) x14 0x00000000800120d3
core   0: 0x000000008000feda (0xfee43023) sd      a4, -32(s0)
core   0: 3 0x000000008000feda (0xfee43023) mem 0x0000000080031f50 0x00000000800120d3
core   0: 0x000000008000fede (0xfc442703) lw      a4, -60(s0)
core   0: 3 0x000000008000fede (0xfc442703) x14 0x0000000000000000 mem 0x0000000080031f34
core   0: 0x000000008000fee2 (0x0ff77713) andi    a4, a4, 255
core   0: 3 0x000000008000fee2 (0x0ff77713) x14 0x0000000000000000
core   0: 0x000000008000fee6 (0x00e78023) sb      a4, 0(a5)
core   0: 3 0x000000008000fee6 (0x00e78023) mem 0x00000000800120d2 0x00
core   0: 0x000000008000feea (0xfc843703) ld      a4, -56(s0)
core   0: 3 0x000000008000feea (0xfc843703) x14 0x0000000080012040 mem 0x0000000080031f38
core   0: 0x000000008000feee (0xfb843783) ld      a5, -72(s0)
core   0: 3 0x000000008000feee (0xfb843783) x15 0x000000000000009c mem 0x0000000080031f28
core   0: 0x000000008000fef2 (0x000097ba) c.add   a5, a4
core   0: 3 0x000000008000fef2 (0x97ba) x15 0x00000000800120dc
core   0: 0x000000008000fef4 (0xfe043703) ld      a4, -32(s0)
core   0: 3 0x000000008000fef4 (0xfe043703) x14 0x00000000800120d3 mem 0x0000000080031f50
core   0: 0x000000008000fef8 (0xfcf76de3) bltu    a4, a5, pc - 38
core   0: 3 0x000000008000fef8 (0xfcf76de3)
core   0: 0x000000008000fed2 (0xfe043783) ld      a5, -32(s0)
core   0: 3 0x000000008000fed2 (0xfe043783) x15 0x00000000800120d3 mem 0x0000000080031f50
core   0: 0x000000008000fed6 (0x00178713) addi    a4, a5, 1
core   0: 3 0x000000008000fed6 (0x00178713) x14 0x00000000800120d4
core   0: 0x000000008000feda (0xfee43023) sd      a4, -32(s0)
core   0: 3 0x000000008000feda (0xfee43023) mem 0x0000000080031f50 0x00000000800120d4
core   0: 0x000000008000fede (0xfc442703) lw      a4, -60(s0)
core   0: 3 0x000000008000fede (0xfc442703) x14 0x0000000000000000 mem 0x0000000080031f34
core   0: 0x000000008000fee2 (0x0ff77713) andi    a4, a4, 255
core   0: 3 0x000000008000fee2 (0x0ff77713) x14 0x0000000000000000
core   0: 0x000000008000fee6 (0x00e78023) sb      a4, 0(a5)
core   0: 3 0x000000008000fee6 (0x00e78023) mem 0x00000000800120d3 0x00
core   0: 0x000000008000feea (0xfc843703) ld      a4, -56(s0)
core   0: 3 0x000000008000feea (0xfc843703) x14 0x0000000080012040 mem 0x0000000080031f38
core   0: 0x000000008000feee (0xfb843783) ld      a5, -72(s0)
core   0: 3 0x000000008000feee (0xfb843783) x15 0x000000000000009c mem 0x0000000080031f28
core   0: 0x000000008000fef2 (0x000097ba) c.add   a5, a4
core   0: 3 0x000000008000fef2 (0x97ba) x15 0x00000000800120dc
core   0: 0x000000008000fef4 (0xfe043703) ld      a4, -32(s0)
core   0: 3 0x000000008000fef4 (0xfe043703) x14 0x00000000800120d4 mem 0x0000000080031f50
core   0: 0x000000008000fef8 (0xfcf76de3) bltu    a4, a5, pc - 38
core   0: 3 0x000000008000fef8 (0xfcf76de3)
core   0: 0x000000008000fed2 (0xfe043783) ld      a5, -32(s0)
core   0: 3 0x000000008000fed2 (0xfe043783) x15 0x00000000800120d4 mem 0x0000000080031f50
core   0: 0x000000008000fed6 (0x00178713) addi    a4, a5, 1
core   0: 3 0x000000008000fed6 (0x00178713) x14 0x00000000800120d5
core   0: 0x000000008000feda (0xfee43023) sd      a4, -32(s0)
core   0: 3 0x000000008000feda (0xfee43023) mem 0x0000000080031f50 0x00000000800120d5
core   0: 0x000000008000fede (0xfc442703) lw      a4, -60(s0)
core   0: 3 0x000000008000fede (0xfc442703) x14 0x0000000000000000 mem 0x0000000080031f34
core   0: 0x000000008000fee2 (0x0ff77713) andi    a4, a4, 255
core   0: 3 0x000000008000fee2 (0x0ff77713) x14 0x0000000000000000
core   0: 0x000000008000fee6 (0x00e78023) sb      a4, 0(a5)
core   0: 3 0x000000008000fee6 (0x00e78023) mem 0x00000000800120d4 0x00
core   0: 0x000000008000feea (0xfc843703) ld      a4, -56(s0)
core   0: 3 0x000000008000feea (0xfc843703) x14 0x0000000080012040 mem 0x0000000080031f38
core   0: 0x000000008000feee (0xfb843783) ld      a5, -72(s0)
core   0: 3 0x000000008000feee (0xfb843783) x15 0x000000000000009c mem 0x0000000080031f28
core   0: 0x000000008000fef2 (0x000097ba) c.add   a5, a4
core   0: 3 0x000000008000fef2 (0x97ba) x15 0x00000000800120dc
core   0: 0x000000008000fef4 (0xfe043703) ld      a4, -32(s0)
core   0: 3 0x000000008000fef4 (0xfe043703) x14 0x00000000800120d5 mem 0x0000000080031f50
core   0: 0x000000008000fef8 (0xfcf76de3) bltu    a4, a5, pc - 38
core   0: 3 0x000000008000fef8 (0xfcf76de3)
core   0: 0x000000008000fed2 (0xfe043783) ld      a5, -32(s0)
core   0: 3 0x000000008000fed2 (0xfe043783) x15 0x00000000800120d5 mem 0x0000000080031f50
core   0: 0x000000008000fed6 (0x00178713) addi    a4, a5, 1
core   0: 3 0x000000008000fed6 (0x00178713) x14 0x00000000800120d6
core   0: 0x000000008000feda (0xfee43023) sd      a4, -32(s0)
core   0: 3 0x000000008000feda (0xfee43023) mem 0x0000000080031f50 0x00000000800120d6
core   0: 0x000000008000fede (0xfc442703) lw      a4, -60(s0)
core   0: 3 0x000000008000fede (0xfc442703) x14 0x0000000000000000 mem 0x0000000080031f34
core   0: 0x000000008000fee2 (0x0ff77713) andi    a4, a4, 255
core   0: 3 0x000000008000fee2 (0x0ff77713) x14 0x0000000000000000
core   0: 0x000000008000fee6 (0x00e78023) sb      a4, 0(a5)
core   0: 3 0x000000008000fee6 (0x00e78023) mem 0x00000000800120d5 0x00
core   0: 0x000000008000feea (0xfc843703) ld      a4, -56(s0)
core   0: 3 0x000000008000feea (0xfc843703) x14 0x0000000080012040 mem 0x0000000080031f38
core   0: 0x000000008000feee (0xfb843783) ld      a5, -72(s0)
core   0: 3 0x000000008000feee (0xfb843783) x15 0x000000000000009c mem 0x0000000080031f28
core   0: 0x000000008000fef2 (0x000097ba) c.add   a5, a4
core   0: 3 0x000000008000fef2 (0x97ba) x15 0x00000000800120dc
core   0: 0x000000008000fef4 (0xfe043703) ld      a4, -32(s0)
core   0: 3 0x000000008000fef4 (0xfe043703) x14 0x00000000800120d6 mem 0x0000000080031f50
core   0: 0x000000008000fef8 (0xfcf76de3) bltu    a4, a5, pc - 38
core   0: 3 0x000000008000fef8 (0xfcf76de3)
core   0: 0x000000008000fed2 (0xfe043783) ld      a5, -32(s0)
core   0: 3 0x000000008000fed2 (0xfe043783) x15 0x00000000800120d6 mem 0x0000000080031f50
core   0: 0x000000008000fed6 (0x00178713) addi    a4, a5, 1
core   0: 3 0x000000008000fed6 (0x00178713) x14 0x00000000800120d7
core   0: 0x000000008000feda (0xfee43023) sd      a4, -32(s0)
core   0: 3 0x000000008000feda (0xfee43023) mem 0x0000000080031f50 0x00000000800120d7
core   0: 0x000000008000fede (0xfc442703) lw      a4, -60(s0)
core   0: 3 0x000000008000fede (0xfc442703) x14 0x0000000000000000 mem 0x0000000080031f34
core   0: 0x000000008000fee2 (0x0ff77713) andi    a4, a4, 255
core   0: 3 0x000000008000fee2 (0x0ff77713) x14 0x0000000000000000
core   0: 0x000000008000fee6 (0x00e78023) sb      a4, 0(a5)
core   0: 3 0x000000008000fee6 (0x00e78023) mem 0x00000000800120d6 0x00
core   0: 0x000000008000feea (0xfc843703) ld      a4, -56(s0)
core   0: 3 0x000000008000feea (0xfc843703) x14 0x0000000080012040 mem 0x0000000080031f38
core   0: 0x000000008000feee (0xfb843783) ld      a5, -72(s0)
core   0: 3 0x000000008000feee (0xfb843783) x15 0x000000000000009c mem 0x0000000080031f28
core   0: 0x000000008000fef2 (0x000097ba) c.add   a5, a4
core   0: 3 0x000000008000fef2 (0x97ba) x15 0x00000000800120dc
core   0: 0x000000008000fef4 (0xfe043703) ld      a4, -32(s0)
core   0: 3 0x000000008000fef4 (0xfe043703) x14 0x00000000800120d7 mem 0x0000000080031f50
core   0: 0x000000008000fef8 (0xfcf76de3) bltu    a4, a5, pc - 38
core   0: 3 0x000000008000fef8 (0xfcf76de3)
core   0: 0x000000008000fed2 (0xfe043783) ld      a5, -32(s0)
core   0: 3 0x000000008000fed2 (0xfe043783) x15 0x00000000800120d7 mem 0x0000000080031f50
core   0: 0x000000008000fed6 (0x00178713) addi    a4, a5, 1
core   0: 3 0x000000008000fed6 (0x00178713) x14 0x00000000800120d8
core   0: 0x000000008000feda (0xfee43023) sd      a4, -32(s0)
core   0: 3 0x000000008000feda (0xfee43023) mem 0x0000000080031f50 0x00000000800120d8
core   0: 0x000000008000fede (0xfc442703) lw      a4, -60(s0)
core   0: 3 0x000000008000fede (0xfc442703) x14 0x0000000000000000 mem 0x0000000080031f34
core   0: 0x000000008000fee2 (0x0ff77713) andi    a4, a4, 255
core   0: 3 0x000000008000fee2 (0x0ff77713) x14 0x0000000000000000
core   0: 0x000000008000fee6 (0x00e78023) sb      a4, 0(a5)
core   0: 3 0x000000008000fee6 (0x00e78023) mem 0x00000000800120d7 0x00
core   0: 0x000000008000feea (0xfc843703) ld      a4, -56(s0)
core   0: 3 0x000000008000feea (0xfc843703) x14 0x0000000080012040 mem 0x0000000080031f38
core   0: 0x000000008000feee (0xfb843783) ld      a5, -72(s0)
core   0: 3 0x000000008000feee (0xfb843783) x15 0x000000000000009c mem 0x0000000080031f28
core   0: 0x000000008000fef2 (0x000097ba) c.add   a5, a4
core   0: 3 0x000000008000fef2 (0x97ba) x15 0x00000000800120dc
core   0: 0x000000008000fef4 (0xfe043703) ld      a4, -32(s0)
core   0: 3 0x000000008000fef4 (0xfe043703) x14 0x00000000800120d8 mem 0x0000000080031f50
core   0: 0x000000008000fef8 (0xfcf76de3) bltu    a4, a5, pc - 38
core   0: 3 0x000000008000fef8 (0xfcf76de3)
core   0: 0x000000008000fed2 (0xfe043783) ld      a5, -32(s0)
core   0: 3 0x000000008000fed2 (0xfe043783) x15 0x00000000800120d8 mem 0x0000000080031f50
core   0: 0x000000008000fed6 (0x00178713) addi    a4, a5, 1
core   0: 3 0x000000008000fed6 (0x00178713) x14 0x00000000800120d9
core   0: 0x000000008000feda (0xfee43023) sd      a4, -32(s0)
core   0: 3 0x000000008000feda (0xfee43023) mem 0x0000000080031f50 0x00000000800120d9
core   0: 0x000000008000fede (0xfc442703) lw      a4, -60(s0)
core   0: 3 0x000000008000fede (0xfc442703) x14 0x0000000000000000 mem 0x0000000080031f34
core   0: 0x000000008000fee2 (0x0ff77713) andi    a4, a4, 255
core   0: 3 0x000000008000fee2 (0x0ff77713) x14 0x0000000000000000
core   0: 0x000000008000fee6 (0x00e78023) sb      a4, 0(a5)
core   0: 3 0x000000008000fee6 (0x00e78023) mem 0x00000000800120d8 0x00
core   0: 0x000000008000feea (0xfc843703) ld      a4, -56(s0)
core   0: 3 0x000000008000feea (0xfc843703) x14 0x0000000080012040 mem 0x0000000080031f38
core   0: 0x000000008000feee (0xfb843783) ld      a5, -72(s0)
core   0: 3 0x000000008000feee (0xfb843783) x15 0x000000000000009c mem 0x0000000080031f28
core   0: 0x000000008000fef2 (0x000097ba) c.add   a5, a4
core   0: 3 0x000000008000fef2 (0x97ba) x15 0x00000000800120dc
core   0: 0x000000008000fef4 (0xfe043703) ld      a4, -32(s0)
core   0: 3 0x000000008000fef4 (0xfe043703) x14 0x00000000800120d9 mem 0x0000000080031f50
core   0: 0x000000008000fef8 (0xfcf76de3) bltu    a4, a5, pc - 38
core   0: 3 0x000000008000fef8 (0xfcf76de3)
core   0: 0x000000008000fed2 (0xfe043783) ld      a5, -32(s0)
core   0: 3 0x000000008000fed2 (0xfe043783) x15 0x00000000800120d9 mem 0x0000000080031f50
core   0: 0x000000008000fed6 (0x00178713) addi    a4, a5, 1
core   0: 3 0x000000008000fed6 (0x00178713) x14 0x00000000800120da
core   0: 0x000000008000feda (0xfee43023) sd      a4, -32(s0)
core   0: 3 0x000000008000feda (0xfee43023) mem 0x0000000080031f50 0x00000000800120da
core   0: 0x000000008000fede (0xfc442703) lw      a4, -60(s0)
core   0: 3 0x000000008000fede (0xfc442703) x14 0x0000000000000000 mem 0x0000000080031f34
core   0: 0x000000008000fee2 (0x0ff77713) andi    a4, a4, 255
core   0: 3 0x000000008000fee2 (0x0ff77713) x14 0x0000000000000000
core   0: 0x000000008000fee6 (0x00e78023) sb      a4, 0(a5)
core   0: 3 0x000000008000fee6 (0x00e78023) mem 0x00000000800120d9 0x00
core   0: 0x000000008000feea (0xfc843703) ld      a4, -56(s0)
core   0: 3 0x000000008000feea (0xfc843703) x14 0x0000000080012040 mem 0x0000000080031f38
core   0: 0x000000008000feee (0xfb843783) ld      a5, -72(s0)
core   0: 3 0x000000008000feee (0xfb843783) x15 0x000000000000009c mem 0x0000000080031f28
core   0: 0x000000008000fef2 (0x000097ba) c.add   a5, a4
core   0: 3 0x000000008000fef2 (0x97ba) x15 0x00000000800120dc
core   0: 0x000000008000fef4 (0xfe043703) ld      a4, -32(s0)
core   0: 3 0x000000008000fef4 (0xfe043703) x14 0x00000000800120da mem 0x0000000080031f50
core   0: 0x000000008000fef8 (0xfcf76de3) bltu    a4, a5, pc - 38
core   0: 3 0x000000008000fef8 (0xfcf76de3)
core   0: 0x000000008000fed2 (0xfe043783) ld      a5, -32(s0)
core   0: 3 0x000000008000fed2 (0xfe043783) x15 0x00000000800120da mem 0x0000000080031f50
core   0: 0x000000008000fed6 (0x00178713) addi    a4, a5, 1
core   0: 3 0x000000008000fed6 (0x00178713) x14 0x00000000800120db
core   0: 0x000000008000feda (0xfee43023) sd      a4, -32(s0)
core   0: 3 0x000000008000feda (0xfee43023) mem 0x0000000080031f50 0x00000000800120db
core   0: 0x000000008000fede (0xfc442703) lw      a4, -60(s0)
core   0: 3 0x000000008000fede (0xfc442703) x14 0x0000000000000000 mem 0x0000000080031f34
core   0: 0x000000008000fee2 (0x0ff77713) andi    a4, a4, 255
core   0: 3 0x000000008000fee2 (0x0ff77713) x14 0x0000000000000000
core   0: 0x000000008000fee6 (0x00e78023) sb      a4, 0(a5)
core   0: 3 0x000000008000fee6 (0x00e78023) mem 0x00000000800120da 0x00
core   0: 0x000000008000feea (0xfc843703) ld      a4, -56(s0)
core   0: 3 0x000000008000feea (0xfc843703) x14 0x0000000080012040 mem 0x0000000080031f38
core   0: 0x000000008000feee (0xfb843783) ld      a5, -72(s0)
core   0: 3 0x000000008000feee (0xfb843783) x15 0x000000000000009c mem 0x0000000080031f28
core   0: 0x000000008000fef2 (0x000097ba) c.add   a5, a4
core   0: 3 0x000000008000fef2 (0x97ba) x15 0x00000000800120dc
core   0: 0x000000008000fef4 (0xfe043703) ld      a4, -32(s0)
core   0: 3 0x000000008000fef4 (0xfe043703) x14 0x00000000800120db mem 0x0000000080031f50
core   0: 0x000000008000fef8 (0xfcf76de3) bltu    a4, a5, pc - 38
core   0: 3 0x000000008000fef8 (0xfcf76de3)
core   0: 0x000000008000fed2 (0xfe043783) ld      a5, -32(s0)
core   0: 3 0x000000008000fed2 (0xfe043783) x15 0x00000000800120db mem 0x0000000080031f50
core   0: 0x000000008000fed6 (0x00178713) addi    a4, a5, 1
core   0: 3 0x000000008000fed6 (0x00178713) x14 0x00000000800120dc
core   0: 0x000000008000feda (0xfee43023) sd      a4, -32(s0)
core   0: 3 0x000000008000feda (0xfee43023) mem 0x0000000080031f50 0x00000000800120dc
core   0: 0x000000008000fede (0xfc442703) lw      a4, -60(s0)
core   0: 3 0x000000008000fede (0xfc442703) x14 0x0000000000000000 mem 0x0000000080031f34
core   0: 0x000000008000fee2 (0x0ff77713) andi    a4, a4, 255
core   0: 3 0x000000008000fee2 (0x0ff77713) x14 0x0000000000000000
core   0: 0x000000008000fee6 (0x00e78023) sb      a4, 0(a5)
core   0: 3 0x000000008000fee6 (0x00e78023) mem 0x00000000800120db 0x00
core   0: 0x000000008000feea (0xfc843703) ld      a4, -56(s0)
core   0: 3 0x000000008000feea (0xfc843703) x14 0x0000000080012040 mem 0x0000000080031f38
core   0: 0x000000008000feee (0xfb843783) ld      a5, -72(s0)
core   0: 3 0x000000008000feee (0xfb843783) x15 0x000000000000009c mem 0x0000000080031f28
core   0: 0x000000008000fef2 (0x000097ba) c.add   a5, a4
core   0: 3 0x000000008000fef2 (0x97ba) x15 0x00000000800120dc
core   0: 0x000000008000fef4 (0xfe043703) ld      a4, -32(s0)
core   0: 3 0x000000008000fef4 (0xfe043703) x14 0x00000000800120dc mem 0x0000000080031f50
core   0: 0x000000008000fef8 (0xfcf76de3) bltu    a4, a5, pc - 38
core   0: 3 0x000000008000fef8 (0xfcf76de3)
core   0: 0x000000008000fefc (0xfc843783) ld      a5, -56(s0)
core   0: 3 0x000000008000fefc (0xfc843783) x15 0x0000000080012040 mem 0x0000000080031f38
core   0: 0x000000008000ff00 (0x0000853e) c.mv    a0, a5
core   0: 3 0x000000008000ff00 (0x853e) x10 0x0000000080012040
core   0: 0x000000008000ff02 (0x00006426) c.ldsp  s0, 72(sp)
core   0: 3 0x000000008000ff02 (0x6426) x8  0x0000000080031f90 mem 0x0000000080031f68
core   0: 0x000000008000ff04 (0x00006161) c.addi16sp sp, 80
core   0: 3 0x000000008000ff04 (0x6161) x2  0x0000000080031f70
core   0: 0x000000008000ff06 (0x00008082) ret
core   0: 3 0x000000008000ff06 (0x8082)
core   0: 0x000000008000f4ba (0x00000001) c.nop
core   0: 3 0x000000008000f4ba (0x0001)
core   0: 0x000000008000f4bc (0x000060e2) c.ldsp  ra, 24(sp)
core   0: 3 0x000000008000f4bc (0x60e2) x1  0x000000008000f4fa mem 0x0000000080031f88
core   0: 0x000000008000f4be (0x00006442) c.ldsp  s0, 16(sp)
core   0: 3 0x000000008000f4be (0x6442) x8  0x0000000080032040 mem 0x0000000080031f80
core   0: 0x000000008000f4c0 (0x00006105) c.addi16sp sp, 32
core   0: 3 0x000000008000f4c0 (0x6105) x2  0x0000000080031f90
core   0: 0x000000008000f4c2 (0x00008082) ret
core   0: 3 0x000000008000f4c2 (0x8082)
core   0: 0x000000008000f4fa (0xf5842703) lw      a4, -168(s0)
core   0: 3 0x000000008000f4fa (0xf5842703) x14 0x0000000000000001 mem 0x0000000080031f98
core   0: 0x000000008000f4fe (0xf5c42783) lw      a5, -164(s0)
core   0: 3 0x000000008000f4fe (0xf5c42783) x15 0x0000000000000000 mem 0x0000000080031f9c
core   0: 0x000000008000f502 (0x000085ba) c.mv    a1, a4
core   0: 3 0x000000008000f502 (0x85ba) x11 0x0000000000000001
core   0: 0x000000008000f504 (0x0000853e) c.mv    a0, a5
core   0: 3 0x000000008000f504 (0x853e) x10 0x0000000000000000
core   0: 0x000000008000f506 (0xf03ff0ef) jal     pc - 0xfe
core   0: 3 0x000000008000f506 (0xf03ff0ef) x1  0x000000008000f50a
core   0: >>>>  thread_entry
core   0: 0x000000008000f408 (0x00001101) c.addi  sp, -32
core   0: 3 0x000000008000f408 (0x1101) x2  0x0000000080031f70
core   0: 0x000000008000f40a (0x0000ec22) c.sdsp  s0, 24(sp)
core   0: 3 0x000000008000f40a (0xec22) mem 0x0000000080031f88 0x0000000080032040
core   0: 0x000000008000f40c (0x00001000) c.addi4spn s0, sp, 32
core   0: 3 0x000000008000f40c (0x1000) x8  0x0000000080031f90
core   0: 0x000000008000f40e (0x000087aa) c.mv    a5, a0
core   0: 3 0x000000008000f40e (0x87aa) x15 0x0000000000000000
core   0: 0x000000008000f410 (0x0000872e) c.mv    a4, a1
core   0: 3 0x000000008000f410 (0x872e) x14 0x0000000000000001
core   0: 0x000000008000f412 (0xfef42623) sw      a5, -20(s0)
core   0: 3 0x000000008000f412 (0xfef42623) mem 0x0000000080031f7c 0x00000000
core   0: 0x000000008000f416 (0x000087ba) c.mv    a5, a4
core   0: 3 0x000000008000f416 (0x87ba) x15 0x0000000000000001
core   0: 0x000000008000f418 (0xfef42423) sw      a5, -24(s0)
core   0: 3 0x000000008000f418 (0xfef42423) mem 0x0000000080031f78 0x00000001
core   0: 0x000000008000f41c (0x00000001) c.nop
core   0: 3 0x000000008000f41c (0x0001)
core   0: 0x000000008000f41e (0xfec42783) lw      a5, -20(s0)
core   0: 3 0x000000008000f41e (0xfec42783) x15 0x0000000000000000 mem 0x0000000080031f7c
core   0: 0x000000008000f422 (0x00002781) c.addiw a5, 0
core   0: 3 0x000000008000f422 (0x2781) x15 0x0000000000000000
core   0: 0x000000008000f424 (0x0000ffed) c.bnez  a5, pc - 6
core   0: 3 0x000000008000f424 (0xffed)
core   0: 0x000000008000f426 (0x00000001) c.nop
core   0: 3 0x000000008000f426 (0x0001)
core   0: 0x000000008000f428 (0x00000001) c.nop
core   0: 3 0x000000008000f428 (0x0001)
core   0: 0x000000008000f42a (0x00006462) c.ldsp  s0, 24(sp)
core   0: 3 0x000000008000f42a (0x6462) x8  0x0000000080032040 mem 0x0000000080031f88
core   0: 0x000000008000f42c (0x00006105) c.addi16sp sp, 32
core   0: 3 0x000000008000f42c (0x6105) x2  0x0000000080031f90
core   0: 0x000000008000f42e (0x00008082) ret
core   0: 3 0x000000008000f42e (0x8082)
core   0: 0x000000008000f50a (0x00004581) c.li    a1, 0
core   0: 3 0x000000008000f50a (0x4581) x11 0x0000000000000000
core   0: 0x000000008000f50c (0x00004501) c.li    a0, 0
core   0: 3 0x000000008000f50c (0x4501) x10 0x0000000000000000
core   0: 0x000000008000f50e (0xaf3f20ef) jal     pc - 0xd50e
core   0: 3 0x000000008000f50e (0xaf3f20ef) x1  0x000000008000f512
core   0: >>>>  main
core   0: 0x0000000080002000 (0x00000001) c.nop
core   0: 3 0x0000000080002000 (0x0001)
core   0: >>>>  trap_vec_init
core   0: 0x0000000080002002 (0x00002797) auipc   a5, 0x2
core   0: 3 0x0000000080002002 (0x00002797) x15 0x0000000080004002
core   0: 0x0000000080002006 (0xffe78793) addi    a5, a5, -2
core   0: 3 0x0000000080002006 (0xffe78793) x15 0x0000000080004000
core   0: 0x000000008000200a (0x30579073) csrrw   zero, mtvec, a5
core   0: 3 0x000000008000200a (0x30579073) c773_mtvec 0x0000000080004000
core   0: >>>>  pmp_setup
core   0: 0x000000008000200e (0x00002c17) auipc   s8, 0x2
core   0: 3 0x000000008000200e (0x00002c17) x24 0x000000008000400e
core   0: 0x0000000080002012 (0x022c0c13) addi    s8, s8, 34
core   0: 3 0x0000000080002012 (0x022c0c13) x24 0x0000000080004030
core   0: 0x0000000080002016 (0x00004781) c.li    a5, 0
core   0: 3 0x0000000080002016 (0x4781) x15 0x0000000000000000
core   0: 0x0000000080002018 (0x00009c3e) c.add   s8, a5
core   0: 3 0x0000000080002018 (0x9c3e) x24 0x0000000080004030
core   0: 0x000000008000201a (0x3b0c1073) csrrw   zero, pmpaddr0, s8
core   0: 3 0x000000008000201a (0x3b0c1073) c944_pmpaddr0 0x0000000080004030
core   0: 0x000000008000201e (0x00004c3d) c.li    s8, 15
core   0: 3 0x000000008000201e (0x4c3d) x24 0x000000000000000f
core   0: 0x0000000080002020 (0x3a0c1073) csrrw   zero, pmpcfg0, s8
core   0: 3 0x0000000080002020 (0x3a0c1073) c928_pmpcfg0 0x000000000000000f
core   0: 0x0000000080002024 (0x12000073) sfence.vma zero, zero
core   0: 3 0x0000000080002024 (0x12000073)
core   0: >>>>  mepc_setup
core   0: 0x0000000080002028 (0x00002797) auipc   a5, 0x2
core   0: 3 0x0000000080002028 (0x00002797) x15 0x0000000080004028
core   0: 0x000000008000202c (0x00878793) addi    a5, a5, 8
core   0: 3 0x000000008000202c (0x00878793) x15 0x0000000080004030
core   0: 0x0000000080002030 (0x34179073) csrrw   zero, mepc, a5
core   0: 3 0x0000000080002030 (0x34179073) c833_mepc 0x0000000080004030
core   0: >>>>  custom_csr_setup
core   0: 0x0000000080002034 (0x00100f9b) addiw   t6, zero, 1
core   0: 3 0x0000000080002034 (0x00100f9b) x31 0x0000000000000001
core   0: 0x0000000080002038 (0x00000ffe) c.slli  t6, 31
core   0: 3 0x0000000080002038 (0x0ffe) x31 0x0000000080000000
core   0: 0x000000008000203a (0x00000001) c.nop
core   0: 3 0x000000008000203a (0x0001)
core   0: >>>>  init_s_mode
core   0: 0x000000008000203c (0xfff0079b) addiw   a5, zero, -1
core   0: 3 0x000000008000203c (0xfff0079b) x15 0xffffffffffffffff
core   0: 0x0000000080002040 (0x000017fe) c.slli  a5, 63
core   0: 3 0x0000000080002040 (0x17fe) x15 0x8000000000000000
core   0: 0x0000000080002042 (0x18079073) csrrw   zero, satp, a5
core   0: 3 0x0000000080002042 (0x18079073) c384_satp 0x8000000000000000
core   0: 0x0000000080002046 (0x0000f797) auipc   a5, 0xf
core   0: 3 0x0000000080002046 (0x0000f797) x15 0x0000000080011046
core   0: 0x000000008000204a (0xfba78793) addi    a5, a5, -70
core   0: 3 0x000000008000204a (0xfba78793) x15 0x0000000080011000
core   0: 0x000000008000204e (0x000083b1) c.srli  a5, 12
core   0: 3 0x000000008000204e (0x83b1) x15 0x0000000000080011
core   0: 0x0000000080002050 (0x0010061b) addiw   a2, zero, 1
core   0: 3 0x0000000080002050 (0x0010061b) x12 0x0000000000000001
core   0: 0x0000000080002054 (0x00001632) c.slli  a2, 44
core   0: 3 0x0000000080002054 (0x1632) x12 0x0000100000000000
core   0: 0x0000000080002056 (0x0000167d) c.addi  a2, -1
core   0: 3 0x0000000080002056 (0x167d) x12 0x00000fffffffffff
core   0: 0x0000000080002058 (0x00008ff1) c.and   a5, a2
core   0: 3 0x0000000080002058 (0x8ff1) x15 0x0000000000080011
core   0: 0x000000008000205a (0x1807a073) csrrs   zero, satp, a5
core   0: 3 0x000000008000205a (0x1807a073) c384_satp 0x8000000000080011
core   0: 0x000000008000205e (0x00a005b7) lui     a1, 0xa00
core   0: 3 0x000000008000205e (0x00a005b7) x11 0x0000000000a00000
core   0: 0x0000000080002062 (0x10b5859b) addiw   a1, a1, 267
core   0: 3 0x0000000080002062 (0x10b5859b) x11 0x0000000000a0010b
core   0: 0x0000000080002066 (0x000005b2) c.slli  a1, 12
core   0: 3 0x0000000080002066 (0x05b2) x11 0x0000000a0010b000
core   0: 0x0000000080002068 (0xa0058593) addi    a1, a1, -1536
core   0: 3 0x0000000080002068 (0xa0058593) x11 0x0000000a0010aa00
core   0: 0x000000008000206c (0x30059073) csrrw   zero, mstatus, a1
core   0: 3 0x000000008000206c (0x30059073) c768_mstatus 0x0000000a00102800
core   0: 0x0000000080002070 (0x30459073) csrrw   zero, mie, a1
core   0: 3 0x0000000080002070 (0x30459073) c772_mie 0x0000000000000a00
core   0: 0x0000000080002074 (0x00a005b7) lui     a1, 0xa00
core   0: 3 0x0000000080002074 (0x00a005b7) x11 0x0000000000a00000
core   0: 0x0000000080002078 (0x10b5859b) addiw   a1, a1, 267
core   0: 3 0x0000000080002078 (0x10b5859b) x11 0x0000000000a0010b
core   0: 0x000000008000207c (0x000005b2) c.slli  a1, 12
core   0: 3 0x000000008000207c (0x05b2) x11 0x0000000a0010b000
core   0: 0x000000008000207e (0xa0058593) addi    a1, a1, -1536
core   0: 3 0x000000008000207e (0xa0058593) x11 0x0000000a0010aa00
core   0: 0x0000000080002082 (0x10059073) csrrw   zero, sstatus, a1
core   0: 3 0x0000000080002082 (0x10059073) c768_mstatus 0x0000000a00102800
core   0: 0x0000000080002086 (0x10459073) csrrw   zero, sie, a1
core   0: 3 0x0000000080002086 (0x10459073) c772_mie 0x0000000000000a00
core   0: 0x000000008000208a (0x30200073) mret
core   0: 3 0x000000008000208a (0x30200073) c768_mstatus 0x0000000a00102080
core   0: >>>>  main_g
core   0: 0x0000000080004030 (0xc2117d53) fcvt.wu.d s10, ft2
core   0: 1 0x0000000080004030 (0xc2117d53) c1_fflags 0x0000000000000010 c768_mstatus 0x8000000a00106080 x26 0xffffffffffffffff
core   0: 0x0000000080004034 (0xc21f7653) fcvt.wu.d a2, ft10
core   0: 1 0x0000000080004034 (0xc21f7653) c1_fflags 0x0000000000000010 x12 0xffffffffffffffff
core   0: 0x0000000080004038 (0x30abfb13) andi    s6, s7, 778
core   0: 1 0x0000000080004038 (0x30abfb13) x22 0x0000000000000000
core   0: 0x000000008000403c (0xb41c0c1b) addiw   s8, s8, -1215
core   0: 1 0x000000008000403c (0xb41c0c1b) x24 0xfffffffffffffb50
core   0: 0x0000000080004040 (0xd23c7b53) fcvt.d.lu fs6, s8
core   0: 1 0x0000000080004040 (0xd23c7b53) c1_fflags 0x0000000000000011 f22 0x43efffffffffffff
core   0: 0x0000000080004044 (0x00000001) c.nop
core   0: 1 0x0000000080004044 (0x0001)
core   0: 0x0000000080004046 (0xd23af3d3) fcvt.d.lu ft7, s5
core   0: 1 0x0000000080004046 (0xd23af3d3) f7  0x0000000000000000
core   0: 0x000000008000404a (0x407657bb) sraw    a5, a2, t2
core   0: 1 0x000000008000404a (0x407657bb) x15 0xffffffffffffffff
core   0: 0x000000008000404e (0x00181bf3) csrrw   s7, fflags, a6
core   0: 1 0x000000008000404e (0x00181bf3) x23 0x0000000000000011 c1_fflags 0x0000000000000000
core   0: 0x0000000080004052 (0x00f597b3) sll     a5, a1, a5
core   0: 1 0x0000000080004052 (0x00f597b3) x15 0x0000000000000000
core   0: 0x0000000080004056 (0x013eaab3) slt     s5, t4, s3
core   0: 1 0x0000000080004056 (0x013eaab3) x21 0x0000000000000000
core   0: 0x000000008000405a (0x0a1aff53) fsub.d  ft10, fs5, ft1
core   0: 1 0x000000008000405a (0x0a1aff53) f30 0x7ff8000000000000
core   0: 0x000000008000405e (0x4a747447) fmsub.d fs0, fs0, ft7, fs1
core   0: 1 0x000000008000405e (0x4a747447) f8  0x7ff8000000000000
core   0: 0x0000000080004062 (0x14177513) andi    a0, a4, 321
core   0: 1 0x0000000080004062 (0x14177513) x10 0x0000000000000001
core   0: 0x0000000080004066 (0x31a05cf3) csrrwi  s9, menvcfgh, 0
core   0: exception trap_illegal_instruction, epc 0x0000000080004066
core   0:           tval 0x0000000031a05cf3
core   0: >>>>  $xrv64i2p1_m2p0_a2p1_f2p2_d2p2_zicsr2p0_zifencei2p0_zmmul1p0_zba1p0_zbb1p0_zbc1p0_zbs1p0
core   0: 0x0000000080004000 (0x0080006f) j       pc + 0x8
core   0: 3 0x0000000080004000 (0x0080006f)
core   0: >>>>  mmode_exception_handler
core   0: 0x0000000080004008 (0x00002c17) auipc   s8, 0x2
core   0: 3 0x0000000080004008 (0x00002c17) x24 0x0000000080006008
core   0: 0x000000008000400c (0x080c0c13) addi    s8, s8, 128
core   0: 3 0x000000008000400c (0x080c0c13) x24 0x0000000080006088
core   0: 0x0000000080004010 (0x000c00e7) jalr    s8
core   0: 3 0x0000000080004010 (0x000c00e7) x1  0x0000000080004014
core   0: >>>>  any_handler
core   0: 0x0000000080006088 (0x341027f3) csrrs   a5, mepc, zero
core   0: 3 0x0000000080006088 (0x341027f3) x15 0x0000000080004066
core   0: 0x000000008000608c (0x34202773) csrrs   a4, mcause, zero
core   0: 3 0x000000008000608c (0x34202773) x14 0x0000000000000002
core   0: 0x0000000080006090 (0x142026f3) csrrs   a3, scause, zero
core   0: 3 0x0000000080006090 (0x142026f3) x13 0x0000000000000000
core   0: 0x0000000080006094 (0x30402673) csrrs   a2, mie, zero
core   0: 3 0x0000000080006094 (0x30402673) x12 0x0000000000000a00
core   0: 0x0000000080006098 (0x344025f3) csrrs   a1, mip, zero
core   0: 3 0x0000000080006098 (0x344025f3) x11 0x0000000000000080
core   0: 0x000000008000609c (0x343025f3) csrrs   a1, mtval, zero
core   0: 3 0x000000008000609c (0x343025f3) x11 0x0000000031a05cf3
core   0: 0x00000000800060a0 (0x14302573) csrrs   a0, stval, zero
core   0: 3 0x00000000800060a0 (0x14302573) x10 0x0000000000000000
core   0: 0x00000000800060a4 (0xb02024f3) csrrs   s1, minstret, zero
core   0: 3 0x00000000800060a4 (0xb02024f3) x9  0x00000000000007d9
core   0: 0x00000000800060a8 (0x0000a811) c.j     pc + 20
core   0: 3 0x00000000800060a8 (0xa811)
core   0: >>>>  mepc_4
core   0: 0x00000000800060bc (0x00000791) c.addi  a5, 4
core   0: 3 0x00000000800060bc (0x0791) x15 0x000000008000406a
core   0: 0x00000000800060be (0x34179073) csrrw   zero, mepc, a5
core   0: 3 0x00000000800060be (0x34179073) c833_mepc 0x000000008000406a
core   0: 0x00000000800060c2 (0x30200073) mret
core   0: 3 0x00000000800060c2 (0x30200073) c768_mstatus 0x8000000a00106080
core   0: 0x000000008000406a (0xc039f4d3) fcvt.lu.s s1, fs3
core   0: 1 0x000000008000406a (0xc039f4d3) x9  0x0000000000000000
core   0: 0x000000008000406e (0xc0357dd3) fcvt.lu.s s11, fa0
core   0: 1 0x000000008000406e (0xc0357dd3) x27 0x0000000000000000
core   0: 0x0000000080004072 (0x41aa85b3) sub     a1, s5, s10
core   0: 1 0x0000000080004072 (0x41aa85b3) x11 0x0000000000000001
core   0: 0x0000000080004076 (0x03826c33) rem     s8, tp, s8
core   0: 1 0x0000000080004076 (0x03826c33) x24 0x000000000000bfb8
core   0: 0x000000008000407a (0x43f15713) srai    a4, sp, 63
core   0: 1 0x000000008000407a (0x43f15713) x14 0x0000000000000000
core   0: 0x000000008000407e (0xa2740153) fle.d   sp, fs0, ft7
core   0: 1 0x000000008000407e (0xa2740153) c1_fflags 0x0000000000000010 x2  0x0000000000000000
core   0: 0x0000000080004082 (0x002d9273) csrrw   tp, frm, s11
core   0: 1 0x0000000080004082 (0x002d9273) x4  0x0000000000000000 c2_frm 0x0000000000000000
core   0: 0x0000000080004086 (0xcf303bb7) lui     s7, 0xcf303
core   0: 1 0x0000000080004086 (0xcf303bb7) x23 0xffffffffcf303000
core   0: 0x000000008000408a (0x00499eb3) sll     t4, s3, tp
core   0: 1 0x000000008000408a (0x00499eb3) x29 0x0000000000000000
core   0: 0x000000008000408e (0x001a11f3) csrrw   gp, fflags, s4
core   0: 1 0x000000008000408e (0x001a11f3) x3  0x0000000000000010 c1_fflags 0x0000000000000000
core   0: 0x0000000080004092 (0x342fd2f3) csrrwi  t0, mcause, 31
core   0: exception trap_illegal_instruction, epc 0x0000000080004092
core   0:           tval 0x00000000342fd2f3
core   0: >>>>  $xrv64i2p1_m2p0_a2p1_f2p2_d2p2_zicsr2p0_zifencei2p0_zmmul1p0_zba1p0_zbb1p0_zbc1p0_zbs1p0
core   0: 0x0000000080004000 (0x0080006f) j       pc + 0x8
core   0: 3 0x0000000080004000 (0x0080006f)
core   0: >>>>  mmode_exception_handler
core   0: 0x0000000080004008 (0x00002c17) auipc   s8, 0x2
core   0: 3 0x0000000080004008 (0x00002c17) x24 0x0000000080006008
core   0: 0x000000008000400c (0x080c0c13) addi    s8, s8, 128
core   0: 3 0x000000008000400c (0x080c0c13) x24 0x0000000080006088
core   0: 0x0000000080004010 (0x000c00e7) jalr    s8
core   0: 3 0x0000000080004010 (0x000c00e7) x1  0x0000000080004014
core   0: >>>>  any_handler
core   0: 0x0000000080006088 (0x341027f3) csrrs   a5, mepc, zero
core   0: 3 0x0000000080006088 (0x341027f3) x15 0x0000000080004092
core   0: 0x000000008000608c (0x34202773) csrrs   a4, mcause, zero
core   0: 3 0x000000008000608c (0x34202773) x14 0x0000000000000002
core   0: 0x0000000080006090 (0x142026f3) csrrs   a3, scause, zero
core   0: 3 0x0000000080006090 (0x142026f3) x13 0x0000000000000000
core   0: 0x0000000080006094 (0x30402673) csrrs   a2, mie, zero
core   0: 3 0x0000000080006094 (0x30402673) x12 0x0000000000000a00
core   0: 0x0000000080006098 (0x344025f3) csrrs   a1, mip, zero
core   0: 3 0x0000000080006098 (0x344025f3) x11 0x0000000000000080
core   0: 0x000000008000609c (0x343025f3) csrrs   a1, mtval, zero
core   0: 3 0x000000008000609c (0x343025f3) x11 0x00000000342fd2f3
core   0: 0x00000000800060a0 (0x14302573) csrrs   a0, stval, zero
core   0: 3 0x00000000800060a0 (0x14302573) x10 0x0000000000000000
core   0: 0x00000000800060a4 (0xb02024f3) csrrs   s1, minstret, zero
core   0: 3 0x00000000800060a4 (0xb02024f3) x9  0x00000000000007f3
core   0: 0x00000000800060a8 (0x0000a811) c.j     pc + 20
core   0: 3 0x00000000800060a8 (0xa811)
core   0: >>>>  mepc_4
core   0: 0x00000000800060bc (0x00000791) c.addi  a5, 4
core   0: 3 0x00000000800060bc (0x0791) x15 0x0000000080004096
core   0: 0x00000000800060be (0x34179073) csrrw   zero, mepc, a5
core   0: 3 0x00000000800060be (0x34179073) c833_mepc 0x0000000080004096
core   0: 0x00000000800060c2 (0x30200073) mret
core   0: 3 0x00000000800060c2 (0x30200073) c768_mstatus 0x8000000a00106080
core   0: 0x0000000080004096 (0x013993b3) sll     t2, s3, s3
core   0: 1 0x0000000080004096 (0x013993b3) x7  0x0000000000000000
core   0: 0x000000008000409a (0x0161ddb3) srl     s11, gp, s6
core   0: 1 0x000000008000409a (0x0161ddb3) x27 0x0000000000000010
core   0: 0x000000008000409e (0x00619b93) slli    s7, gp, 6
core   0: 1 0x000000008000409e (0x00619b93) x23 0x0000000000000400
core   0: 0x00000000800040a2 (0x00158c93) addi    s9, a1, 1
core   0: 1 0x00000000800040a2 (0x00158c93) x25 0x00000000342fd2f4
core   0: 0x00000000800040a6 (0x03375393) srli    t2, a4, 51
core   0: 1 0x00000000800040a6 (0x03375393) x7  0x0000000000000000
core   0: 0x00000000800040aa (0xd023ff53) fcvt.s.l ft10, t2
core   0: 1 0x00000000800040aa (0xd023ff53) f30 0xffffffff00000000
core   0: 0x00000000800040ae (0x2909f993) andi    s3, s3, 656
core   0: 1 0x00000000800040ae (0x2909f993) x19 0x0000000000000000
core   0: 0x00000000800040b2 (0xd2000b53) fcvt.d.w fs6, zero
core   0: 1 0x00000000800040b2 (0xd2000b53) f22 0x0000000000000000
core   0: 0x00000000800040b6 (0xd233f353) fcvt.d.lu ft6, t2
core   0: 1 0x00000000800040b6 (0xd233f353) f6  0x0000000000000000
core   0: 0x00000000800040ba (0x0003f633) and     a2, t2, zero
core   0: 1 0x00000000800040ba (0x0003f633) x12 0x0000000000000000
core   0: 0x00000000800040be (0x006a1913) slli    s2, s4, 6
core   0: 1 0x00000000800040be (0x006a1913) x18 0x0000000000000000
core   0: 0x00000000800040c2 (0x225c2c53) fsgnjx.d fs8, fs8, ft5
core   0: 1 0x00000000800040c2 (0x225c2c53) f24 0x7fffffff00000000
core   0: 0x00000000800040c6 (0x0121111b) slliw   sp, sp, 18
core   0: 1 0x00000000800040c6 (0x0121111b) x2  0x0000000000000000
core   0: 0x00000000800040ca (0x0012883b) addw    a6, t0, ra
core   0: 1 0x00000000800040ca (0x0012883b) x16 0x0000000000004138
core   0: 0x00000000800040ce (0x00120b33) add     s6, tp, ra
core   0: 1 0x00000000800040ce (0x00120b33) x22 0x0000000080004014
core   0: 0x00000000800040d2 (0xd2387b53) fcvt.d.lu fs6, a6
core   0: 1 0x00000000800040d2 (0xd2387b53) f22 0x40d04e0000000000
core   0: 0x00000000800040d6 (0x4010d13b) sraw    sp, ra, ra
core   0: 1 0x00000000800040d6 (0x4010d13b) x2  0xfffffffffffff800
core   0: 0x00000000800040da (0x1b69f7d3) fdiv.d  fa5, fs3, fs6
core   0: 1 0x00000000800040da (0x1b69f7d3) f15 0x7ff8000000000000
core   0: 0x00000000800040de (0xf6a7b1b7) lui     gp, 0xf6a7b
core   0: 1 0x00000000800040de (0xf6a7b1b7) x3  0xfffffffff6a7b000
core   0: 0x00000000800040e2 (0xd031fa53) fcvt.s.lu fs4, gp
core   0: 1 0x00000000800040e2 (0xd031fa53) c1_fflags 0x0000000000000001 f20 0xffffffff5f800000
core   0: 0x00000000800040e6 (0x00102273) csrrs   tp, fflags, zero
core   0: 1 0x00000000800040e6 (0x00102273) x4  0x0000000000000001
core   0: 0x00000000800040ea (0xc2107bd3) fcvt.wu.d s7, ft0
core   0: 1 0x00000000800040ea (0xc2107bd3) c1_fflags 0x0000000000000011 x23 0xffffffffffffffff
core   0: 0x00000000800040ee (0xea1efbcb) fnmsub.d fs7, ft9, ft1, ft9
core   0: 1 0x00000000800040ee (0xea1efbcb) f23 0x7ff8000000000000
core   0: 0x00000000800040f2 (0xa33f00d3) fle.d   ra, ft10, fs3
core   0: 1 0x00000000800040f2 (0xa33f00d3) c1_fflags 0x0000000000000011 x1  0x0000000000000000
core   0: 0x00000000800040f6 (0x011ada93) srli    s5, s5, 17
core   0: 1 0x00000000800040f6 (0x011ada93) x21 0x0000000000000000
core   0: 0x00000000800040fa (0xf2098e53) fmv.d.x ft8, s3
core   0: 1 0x00000000800040fa (0xf2098e53) f28 0x0000000000000000
core   0: 0x00000000800040fe (0x41c8033b) subw    t1, a6, t3
core   0: 1 0x00000000800040fe (0x41c8033b) x6  0x0000000000004138
core   0: 0x0000000080004102 (0x40187ed3) fcvt.s.d ft9, fa6
core   0: 1 0x0000000080004102 (0x40187ed3) f29 0xffffffff7fc00000
core   0: 0x0000000080004106 (0xc033fad3) fcvt.lu.s s5, ft7
core   0: 1 0x0000000080004106 (0xc033fad3) c1_fflags 0x0000000000000011 x21 0xffffffffffffffff
core   0: 0x000000008000410a (0x02332333) mulhsu  t1, t1, gp
core   0: 1 0x000000008000410a (0x02332333) x6  0x0000000000004137
core   0: 0x000000008000410e (0x030cfa53) fadd.d  fs4, fs9, fa6
core   0: 1 0x000000008000410e (0x030cfa53) f20 0x7ff8000000000000
core   0: 0x0000000080004112 (0x40a189bb) subw    s3, gp, a0
core   0: 1 0x0000000080004112 (0x40a189bb) x19 0xfffffffff6a7b000
core   0: 0x0000000080004116 (0x36a18e93) addi    t4, gp, 874
core   0: 1 0x0000000080004116 (0x36a18e93) x29 0xfffffffff6a7b36a
core   0: 0x000000008000411a (0x002023f3) csrrs   t2, frm, zero
core   0: 1 0x000000008000411a (0x002023f3) x7  0x0000000000000000
core   0: 0x000000008000411e (0x006a951b) slliw   a0, s5, 6
core   0: 1 0x000000008000411e (0x006a951b) x10 0xffffffffffffffc0
core   0: 0x0000000080004122 (0xbefc1bb7) lui     s7, 0xbefc1
core   0: 1 0x0000000080004122 (0xbefc1bb7) x23 0xffffffffbefc1000
core   0: 0x0000000080004126 (0xd2140b53) fcvt.d.wu fs6, s0
core   0: 1 0x0000000080004126 (0xd2140b53) f22 0x41e0006408000000
core   0: 0x000000008000412a (0x4f388317) auipc   t1, 0x4f388
core   0: 1 0x000000008000412a (0x4f388317) x6  0x00000000cf38c12a
core   0: 0x000000008000412e (0xc16585b7) lui     a1, 0xc1658
core   0: 1 0x000000008000412e (0xc16585b7) x11 0xffffffffc1658000
core   0: 0x0000000080004132 (0x00102af3) csrrs   s5, fflags, zero
core   0: 1 0x0000000080004132 (0x00102af3) x21 0x0000000000000011
core   0: 0x0000000080004136 (0xc22ef8d3) fcvt.l.d a7, ft9
core   0: 1 0x0000000080004136 (0xc22ef8d3) c1_fflags 0x0000000000000011 x17 0x7fffffffffffffff
core   0: 0x000000008000413a (0x006374b3) and     s1, t1, t1
core   0: 1 0x000000008000413a (0x006374b3) x9  0x00000000cf38c12a
core   0: 0x000000008000413e (0x014493b3) sll     t2, s1, s4
core   0: 1 0x000000008000413e (0x014493b3) x7  0x00000000cf38c12a
core   0: 0x0000000080004142 (0xd2008953) fcvt.d.w fs2, ra
core   0: 1 0x0000000080004142 (0xd2008953) f18 0x0000000000000000
core   0: 0x0000000080004146 (0x23891c53) fsgnjn.d fs8, fs2, fs8
core   0: 1 0x0000000080004146 (0x23891c53) f24 0x8000000000000000
core   0: 0x000000008000414a (0xc03c7b53) fcvt.lu.s s6, fs8
core   0: 1 0x000000008000414a (0xc03c7b53) c1_fflags 0x0000000000000011 x22 0xffffffffffffffff
core   0: 0x000000008000414e (0x0ff0000f) fence   iorw,iorw
core   0: 1 0x000000008000414e (0x0ff0000f)
core   0: 0x0000000080004152 (0xfff07713) andi    a4, zero, -1
core   0: 1 0x0000000080004152 (0xfff07713) x14 0x0000000000000000
core   0: 0x0000000080004156 (0xd03874d3) fcvt.s.lu fs1, a6
core   0: 1 0x0000000080004156 (0xd03874d3) f9  0xffffffff46827000
core   0: 0x000000008000415a (0xfa9d6917) auipc   s2, 0xfa9d6
core   0: 1 0x000000008000415a (0xfa9d6917) x18 0x000000007a9da15a
core   0: 0x000000008000415e (0x03695bb3) divu    s7, s2, s6
core   0: 1 0x000000008000415e (0x03695bb3) x23 0x0000000000000000
core   0: 0x0000000080004162 (0x034c713b) remuw   sp, s8, s4
core   0: 1 0x0000000080004162 (0x034c713b) x2  0xffffffff80006088
core   0: 0x0000000080004166 (0x409e84bb) subw    s1, t4, s1
core   0: 1 0x0000000080004166 (0x409e84bb) x9  0x00000000276ef240
core   0: 0x000000008000416a (0x01dce333) or      t1, s9, t4
core   0: 1 0x000000008000416a (0x01dce333) x6  0xfffffffff6aff3fe
core   0: 0x000000008000416e (0x22001ad3) fsgnjn.d fs5, ft0, ft0
core   0: 1 0x000000008000416e (0x22001ad3) f21 0x7fffffff00000000
core   0: 0x0000000080004172 (0xf20584d3) fmv.d.x fs1, a1
core   0: 1 0x0000000080004172 (0xf20584d3) f9  0xffffffffc1658000
core   0: 0x0000000080004176 (0xe9fb4493) xori    s1, s6, -353
core   0: 1 0x0000000080004176 (0xe9fb4493) x9  0x0000000000000160
core   0: 0x000000008000417a (0xc0247a53) fcvt.l.s s4, fs0
core   0: 1 0x000000008000417a (0xc0247a53) c1_fflags 0x0000000000000011 x20 0x7fffffffffffffff
core   0: 0x000000008000417e (0x401a0bbb) subw    s7, s4, ra
core   0: 1 0x000000008000417e (0x401a0bbb) x23 0xffffffffffffffff
core   0: 0x0000000080004182 (0x000c5613) srli    a2, s8, 0
core   0: 1 0x0000000080004182 (0x000c5613) x12 0x0000000080006088
core   0: 0x0000000080004186 (0x03abd6b3) divu    a3, s7, s10
core   0: 1 0x0000000080004186 (0x03abd6b3) x13 0x0000000000000001
core   0: 0x000000008000418a (0xc02470d3) fcvt.l.s ra, fs0
core   0: 1 0x000000008000418a (0xc02470d3) c1_fflags 0x0000000000000011 x1  0x7fffffffffffffff
core   0: 0x000000008000418e (0x0001111b) slliw   sp, sp, 0
core   0: 1 0x000000008000418e (0x0001111b) x2  0xffffffff80006088
core   0: 0x0000000080004192 (0xf20085d3) fmv.d.x fa1, ra
core   0: 1 0x0000000080004192 (0xf20085d3) f11 0x7fffffffffffffff
core   0: 0x0000000080004196 (0xd21708d3) fcvt.d.wu fa7, a4
core   0: 1 0x0000000080004196 (0xd21708d3) f17 0x0000000000000000
core   0: 0x000000008000419a (0x02f17d3b) remuw   s10, sp, a5
core   0: 1 0x000000008000419a (0x02f17d3b) x26 0x0000000000001ff2
core   0: 0x000000008000419e (0x0332723b) remuw   tp, tp, s3
core   0: 1 0x000000008000419e (0x0332723b) x4  0x0000000000000001
core   0: 0x00000000800041a2 (0xc038fdd3) fcvt.lu.s s11, fa7
core   0: 1 0x00000000800041a2 (0xc038fdd3) c1_fflags 0x0000000000000011 x27 0xffffffffffffffff
core   0: 0x00000000800041a6 (0xd20809d3) fcvt.d.w fs3, a6
core   0: 1 0x00000000800041a6 (0xd20809d3) f19 0x40d04e0000000000
core   0: 0x00000000800041aa (0x00202d73) csrrs   s10, frm, zero
core   0: 1 0x00000000800041aa (0x00202d73) x26 0x0000000000000000
core   0: 0x00000000800041ae (0x0a73fe47) fmsub.d ft8, ft7, ft7, ft1
core   0: 1 0x00000000800041ae (0x0a73fe47) f28 0x7ff8000000000000
core   0: 0x00000000800041b2 (0xd239f853) fcvt.d.lu fa6, s3
core   0: 1 0x00000000800041b2 (0xd239f853) f16 0x43effffffffed4f6
core   0: 0x00000000800041b6 (0xc23b7453) fcvt.lu.d s0, fs6
core   0: 1 0x00000000800041b6 (0xc23b7453) x8  0x0000000080032040
core   0: 0x00000000800041ba (0x1be17153) fdiv.d  ft2, ft2, ft10
core   0: 1 0x00000000800041ba (0x1be17153) f2  0x7ff8000000000000
core   0: 0x00000000800041be (0x94e1f193) andi    gp, gp, -1714
core   0: 1 0x00000000800041be (0x94e1f193) x3  0xfffffffff6a7b000
core   0: 0x00000000800041c2 (0xc20b7753) fcvt.w.d a4, fs6
core   0: 1 0x00000000800041c2 (0xc20b7753) c1_fflags 0x0000000000000011 x14 0x000000007fffffff
core   0: 0x00000000800041c6 (0x0148143b) sllw    s0, a6, s4
core   0: 1 0x00000000800041c6 (0x0148143b) x8  0x0000000000000000
core   0: 0x00000000800041ca (0x00000001) c.nop
core   0: 1 0x00000000800041ca (0x0001)
core   0: 0x00000000800041cc (0xc22f7d53) fcvt.l.d s10, ft10
core   0: 1 0x00000000800041cc (0xc22f7d53) c1_fflags 0x0000000000000011 x26 0x7fffffffffffffff
core   0: 0x00000000800041d0 (0x40d6ddb3) sra     s11, a3, a3
core   0: 1 0x00000000800041d0 (0x40d6ddb3) x27 0x0000000000000000
core   0: 0x00000000800041d4 (0xd2068ad3) fcvt.d.w fs5, a3
core   0: 1 0x00000000800041d4 (0xd2068ad3) f21 0x3ff0000000000000
core   0: 0x00000000800041d8 (0x01ba0333) add     t1, s4, s11
core   0: 1 0x00000000800041d8 (0x01ba0333) x6  0x7fffffffffffffff
core   0: 0x00000000800041dc (0xc2247a97) auipc   s5, 0xc2247
core   0: 1 0x00000000800041dc (0xc2247a97) x21 0x000000004224b1dc
core   0: 0x00000000800041e0 (0xd22a7e53) fcvt.d.l ft8, s4
core   0: 1 0x00000000800041e0 (0xd22a7e53) c1_fflags 0x0000000000000011 f28 0x43e0000000000000
core   0: 0x00000000800041e4 (0x024e6e3b) remw    t3, t3, tp
core   0: 1 0x00000000800041e4 (0x024e6e3b) x28 0x0000000000000000
core   0: 0x00000000800041e8 (0x2bce04d3) fmin.d  fs1, ft8, ft8
core   0: 1 0x00000000800041e8 (0x2bce04d3) f9  0x43e0000000000000
core   0: 0x00000000800041ec (0xd02d7153) fcvt.s.l ft2, s10
core   0: 1 0x00000000800041ec (0xd02d7153) c1_fflags 0x0000000000000011 f2  0xffffffff5f000000
core   0: 0x00000000800041f0 (0x046b4a37) lui     s4, 0x46b4
core   0: 1 0x00000000800041f0 (0x046b4a37) x20 0x00000000046b4000
core   0: 0x00000000800041f4 (0x1f3a0a1b) addiw   s4, s4, 499
core   0: 1 0x00000000800041f4 (0x1f3a0a1b) x20 0x00000000046b41f3
core   0: 0x00000000800041f8 (0x00000a32) c.slli  s4, 12
core   0: 1 0x00000000800041f8 (0x0a32) x20 0x00000046b41f3000
core   0: 0x00000000800041fa (0x524a0a13) addi    s4, s4, 1316
core   0: 1 0x00000000800041fa (0x524a0a13) x20 0x00000046b41f3524
core   0: 0x00000000800041fe (0xeabaf44b) fnmsub.d fs0, fs5, fa1, ft9
core   0: 1 0x00000000800041fe (0xeabaf44b) f8  0x7ff8000000000000
core   0: 0x0000000080004202 (0x323e1273) csrrw   tp, mhpmevent3, t3
core   0: exception trap_illegal_instruction, epc 0x0000000080004202
core   0:           tval 0x00000000323e1273
core   0: >>>>  $xrv64i2p1_m2p0_a2p1_f2p2_d2p2_zicsr2p0_zifencei2p0_zmmul1p0_zba1p0_zbb1p0_zbc1p0_zbs1p0
core   0: 0x0000000080004000 (0x0080006f) j       pc + 0x8
core   0: 3 0x0000000080004000 (0x0080006f)
core   0: >>>>  mmode_exception_handler
core   0: 0x0000000080004008 (0x00002c17) auipc   s8, 0x2
core   0: 3 0x0000000080004008 (0x00002c17) x24 0x0000000080006008
core   0: 0x000000008000400c (0x080c0c13) addi    s8, s8, 128
core   0: 3 0x000000008000400c (0x080c0c13) x24 0x0000000080006088
core   0: 0x0000000080004010 (0x000c00e7) jalr    s8
core   0: 3 0x0000000080004010 (0x000c00e7) x1  0x0000000080004014
core   0: >>>>  any_handler
core   0: 0x0000000080006088 (0x341027f3) csrrs   a5, mepc, zero
core   0: 3 0x0000000080006088 (0x341027f3) x15 0x0000000080004202
core   0: 0x000000008000608c (0x34202773) csrrs   a4, mcause, zero
core   0: 3 0x000000008000608c (0x34202773) x14 0x0000000000000002
core   0: 0x0000000080006090 (0x142026f3) csrrs   a3, scause, zero
core   0: 3 0x0000000080006090 (0x142026f3) x13 0x0000000000000000
core   0: 0x0000000080006094 (0x30402673) csrrs   a2, mie, zero
core   0: 3 0x0000000080006094 (0x30402673) x12 0x0000000000000a00
core   0: 0x0000000080006098 (0x344025f3) csrrs   a1, mip, zero
core   0: 3 0x0000000080006098 (0x344025f3) x11 0x0000000000000080
core   0: 0x000000008000609c (0x343025f3) csrrs   a1, mtval, zero
core   0: 3 0x000000008000609c (0x343025f3) x11 0x00000000323e1273
core   0: 0x00000000800060a0 (0x14302573) csrrs   a0, stval, zero
core   0: 3 0x00000000800060a0 (0x14302573) x10 0x0000000000000000
core   0: 0x00000000800060a4 (0xb02024f3) csrrs   s1, minstret, zero
core   0: 3 0x00000000800060a4 (0xb02024f3) x9  0x000000000000085f
core   0: 0x00000000800060a8 (0x0000a811) c.j     pc + 20
core   0: 3 0x00000000800060a8 (0xa811)
core   0: >>>>  mepc_4
core   0: 0x00000000800060bc (0x00000791) c.addi  a5, 4
core   0: 3 0x00000000800060bc (0x0791) x15 0x0000000080004206
core   0: 0x00000000800060be (0x34179073) csrrw   zero, mepc, a5
core   0: 3 0x00000000800060be (0x34179073) c833_mepc 0x0000000080004206
core   0: 0x00000000800060c2 (0x30200073) mret
core   0: 3 0x00000000800060c2 (0x30200073) c768_mstatus 0x8000000a00106080
core   0: 0x0000000080004206 (0x03c93bb3) mulhu   s7, s2, t3
core   0: 1 0x0000000080004206 (0x03c93bb3) x23 0x0000000000000000
core   0: 0x000000008000420a (0x011a58bb) srlw    a7, s4, a7
core   0: 1 0x000000008000420a (0x011a58bb) x17 0x0000000000000001
core   0: 0x000000008000420e (0xa35ea153) feq.d   sp, ft9, fs5
core   0: 1 0x000000008000420e (0xa35ea153) x2  0x0000000000000000
core   0: 0x0000000080004212 (0x00000001) c.nop
core   0: 1 0x0000000080004212 (0x0001)
core   0: 0x0000000080004214 (0xaa94fcc7) fmsub.d fs9, fs1, fs1, fs5
core   0: 1 0x0000000080004214 (0xaa94fcc7) c1_fflags 0x0000000000000011 f25 0x47d0000000000000
core   0: 0x0000000080004218 (0xc20ff353) fcvt.w.d t1, ft11
core   0: 1 0x0000000080004218 (0xc20ff353) c1_fflags 0x0000000000000011 x6  0x000000007fffffff
core   0: 0x000000008000421c (0xd2038553) fcvt.d.w fa0, t2
core   0: 1 0x000000008000421c (0xd2038553) f10 0xc1c8639f6b000000
core   0: 0x0000000080004220 (0x420089d3) fcvt.d.s fs3, ft1
core   0: 1 0x0000000080004220 (0x420089d3) f19 0x0000000000000000
core   0: 0x0000000080004224 (0x407e8c3b) subw    s8, t4, t2
core   0: 1 0x0000000080004224 (0x407e8c3b) x24 0x00000000276ef240
core   0: 0x0000000080004228 (0x4185543b) sraw    s0, a0, s8
core   0: 1 0x0000000080004228 (0x4185543b) x8  0x0000000000000000
core   0: 0x000000008000422c (0xcd40e093) ori     ra, ra, -812
core   0: 1 0x000000008000422c (0xcd40e093) x1  0xfffffffffffffcd4
core   0: 0x0000000080004230 (0x408b0dbb) subw    s11, s6, s0
core   0: 1 0x0000000080004230 (0x408b0dbb) x27 0xffffffffffffffff
core   0: 0x0000000080004234 (0x00000001) c.nop
core   0: 1 0x0000000080004234 (0x0001)
core   0: 0x0000000080004236 (0x303d25f3) csrrs   a1, mideleg, s10
core   0: exception trap_illegal_instruction, epc 0x0000000080004236
core   0:           tval 0x00000000303d25f3
core   0: >>>>  $xrv64i2p1_m2p0_a2p1_f2p2_d2p2_zicsr2p0_zifencei2p0_zmmul1p0_zba1p0_zbb1p0_zbc1p0_zbs1p0
core   0: 0x0000000080004000 (0x0080006f) j       pc + 0x8
core   0: 3 0x0000000080004000 (0x0080006f)
core   0: >>>>  mmode_exception_handler
core   0: 0x0000000080004008 (0x00002c17) auipc   s8, 0x2
core   0: 3 0x0000000080004008 (0x00002c17) x24 0x0000000080006008
core   0: 0x000000008000400c (0x080c0c13) addi    s8, s8, 128
core   0: 3 0x000000008000400c (0x080c0c13) x24 0x0000000080006088
core   0: 0x0000000080004010 (0x000c00e7) jalr    s8
core   0: 3 0x0000000080004010 (0x000c00e7) x1  0x0000000080004014
core   0: >>>>  any_handler
core   0: 0x0000000080006088 (0x341027f3) csrrs   a5, mepc, zero
core   0: 3 0x0000000080006088 (0x341027f3) x15 0x0000000080004236
core   0: 0x000000008000608c (0x34202773) csrrs   a4, mcause, zero
core   0: 3 0x000000008000608c (0x34202773) x14 0x0000000000000002
core   0: 0x0000000080006090 (0x142026f3) csrrs   a3, scause, zero
core   0: 3 0x0000000080006090 (0x142026f3) x13 0x0000000000000000
core   0: 0x0000000080006094 (0x30402673) csrrs   a2, mie, zero
core   0: 3 0x0000000080006094 (0x30402673) x12 0x0000000000000a00
core   0: 0x0000000080006098 (0x344025f3) csrrs   a1, mip, zero
core   0: 3 0x0000000080006098 (0x344025f3) x11 0x0000000000000080
core   0: 0x000000008000609c (0x343025f3) csrrs   a1, mtval, zero
core   0: 3 0x000000008000609c (0x343025f3) x11 0x00000000303d25f3
core   0: 0x00000000800060a0 (0x14302573) csrrs   a0, stval, zero
core   0: 3 0x00000000800060a0 (0x14302573) x10 0x0000000000000000
core   0: 0x00000000800060a4 (0xb02024f3) csrrs   s1, minstret, zero
core   0: 3 0x00000000800060a4 (0xb02024f3) x9  0x000000000000087c
core   0: 0x00000000800060a8 (0x0000a811) c.j     pc + 20
core   0: 3 0x00000000800060a8 (0xa811)
core   0: >>>>  mepc_4
core   0: 0x00000000800060bc (0x00000791) c.addi  a5, 4
core   0: 3 0x00000000800060bc (0x0791) x15 0x000000008000423a
core   0: 0x00000000800060be (0x34179073) csrrw   zero, mepc, a5
core   0: 3 0x00000000800060be (0x34179073) c833_mepc 0x000000008000423a
core   0: 0x00000000800060c2 (0x30200073) mret
core   0: 3 0x00000000800060c2 (0x30200073) c768_mstatus 0x8000000a00106080
core   0: 0x000000008000423a (0xc210fc53) fcvt.wu.d s8, ft1
core   0: 1 0x000000008000423a (0xc210fc53) c1_fflags 0x0000000000000011 x24 0xffffffffffffffff
core   0: 0x000000008000423e (0x0b2ef953) fsub.d  fs2, ft9, fs2
core   0: 1 0x000000008000423e (0x0b2ef953) f18 0x7ff8000000000000
core   0: 0x0000000080004242 (0xc2027353) fcvt.w.d t1, ft4
core   0: 1 0x0000000080004242 (0xc2027353) c1_fflags 0x0000000000000011 x6  0x000000007fffffff
core   0: 0x0000000080004246 (0x02ec0733) mul     a4, s8, a4
core   0: 1 0x0000000080004246 (0x02ec0733) x14 0xfffffffffffffffe
core   0: 0x000000008000424a (0x03defeb3) remu    t4, t4, t4
core   0: 1 0x000000008000424a (0x03defeb3) x29 0x0000000000000000
core   0: 0x000000008000424e (0x0340ca3b) divw    s4, ra, s4
core   0: 1 0x000000008000424e (0x0340ca3b) x20 0x0000000000000001
core   0: 0x0000000080004252 (0x001b1b73) csrrw   s6, fflags, s6
core   0: 1 0x0000000080004252 (0x001b1b73) x22 0x0000000000000011 c1_fflags 0x000000000000001f
core   0: 0x0000000080004256 (0x01422833) slt     a6, tp, s4
core   0: 1 0x0000000080004256 (0x01422833) x16 0x0000000000000000
core   0: 0x000000008000425a (0x02f7bbb3) mulhu   s7, a5, a5
core   0: 1 0x000000008000425a (0x02f7bbb3) x23 0x0000000000000000
core   0: 0x000000008000425e (0x02867db3) remu    s11, a2, s0
core   0: 1 0x000000008000425e (0x02867db3) x27 0x0000000000000a00
core   0: 0x0000000080004262 (0x0206e6bb) remw    a3, a3, zero
core   0: 1 0x0000000080004262 (0x0206e6bb) x13 0x0000000000000000
core   0: 0x0000000080004266 (0x1abafad3) fdiv.d  fs5, fs5, fa1
core   0: 1 0x0000000080004266 (0x1abafad3) f21 0x7ff8000000000000
core   0: 0x000000008000426a (0x025682bb) mulw    t0, a3, t0
core   0: 1 0x000000008000426a (0x025682bb) x5  0x0000000000000000
core   0: 0x000000008000426e (0x00000001) c.nop
core   0: 1 0x000000008000426e (0x0001)
core   0: 0x0000000080004270 (0x4150521b) sraiw   tp, zero, 21
core   0: 1 0x0000000080004270 (0x4150521b) x4  0x0000000000000000
core   0: 0x0000000080004274 (0xa26d8353) fle.d   t1, fs11, ft6
core   0: 1 0x0000000080004274 (0xa26d8353) c1_fflags 0x000000000000001f x6  0x0000000000000000
core   0: 0x0000000080004278 (0x4047d7bb) sraw    a5, a5, tp
core   0: 1 0x0000000080004278 (0x4047d7bb) x15 0xffffffff8000423a
core   0: 0x000000008000427c (0x6b130e9b) addiw   t4, t1, 1713
core   0: 1 0x000000008000427c (0x6b130e9b) x29 0x00000000000006b1
core   0: 0x0000000080004280 (0x1b2cfcd3) fdiv.d  fs9, fs9, fs2
core   0: 1 0x0000000080004280 (0x1b2cfcd3) f25 0x7ff8000000000000
core   0: 0x0000000080004284 (0x00202cf3) csrrs   s9, frm, zero
core   0: 1 0x0000000080004284 (0x00202cf3) x25 0x0000000000000000
core   0: 0x0000000080004288 (0x00000001) c.nop
core   0: 1 0x0000000080004288 (0x0001)
core   0: 0x000000008000428a (0x00326233) or      tp, tp, gp
core   0: 1 0x000000008000428a (0x00326233) x4  0xfffffffff6a7b000
core   0: 0x000000008000428e (0x02053ab3) mulhu   s5, a0, zero
core   0: 1 0x000000008000428e (0x02053ab3) x21 0x0000000000000000
core   0: 0x0000000080004292 (0x0240f0bb) remuw   ra, ra, tp
core   0: 1 0x0000000080004292 (0x0240f0bb) x1  0xffffffff80004014
core   0: 0x0000000080004296 (0x3b237547) fmsub.d fa0, ft6, fs2, ft7
core   0: 1 0x0000000080004296 (0x3b237547) f10 0x7ff8000000000000
core   0: 0x000000008000429a (0xf20807d3) fmv.d.x fa5, a6
core   0: 1 0x000000008000429a (0xf20807d3) f15 0x0000000000000000
core   0: 0x000000008000429e (0x017b9cbb) sllw    s9, s7, s7
core   0: 1 0x000000008000429e (0x017b9cbb) x25 0x0000000000000000
core   0: 0x00000000800042a2 (0x405bd6bb) sraw    a3, s7, t0
core   0: 1 0x00000000800042a2 (0x405bd6bb) x13 0x0000000000000000
core   0: 0x00000000800042a6 (0x015c2833) slt     a6, s8, s5
core   0: 1 0x00000000800042a6 (0x015c2833) x16 0x0000000000000001
core   0: 0x00000000800042aa (0x001d19f3) csrrw   s3, fflags, s10
core   0: 1 0x00000000800042aa (0x001d19f3) x19 0x000000000000001f c1_fflags 0x000000000000001f
core   0: 0x00000000800042ae (0x01391b33) sll     s6, s2, s3
core   0: 1 0x00000000800042ae (0x01391b33) x22 0x3d4ed0ad00000000
core   0: 0x00000000800042b2 (0x2bec8dd3) fmin.d  fs11, fs9, ft10
core   0: 1 0x00000000800042b2 (0x2bec8dd3) f27 0x7ff8000000000000
core   0: 0x00000000800042b6 (0x5a01ff53) fsqrt.d ft10, ft3
core   0: 1 0x00000000800042b6 (0x5a01ff53) f30 0x7ff8000000000000
core   0: 0x00000000800042ba (0x01385c9b) srliw   s9, a6, 19
core   0: 1 0x00000000800042ba (0x01385c9b) x25 0x0000000000000000
core   0: 0x00000000800042be (0x2aaf1553) fmax.d  fa0, ft10, fa0
core   0: 1 0x00000000800042be (0x2aaf1553) f10 0x7ff8000000000000
core   0: 0x00000000800042c2 (0x02fde6bb) remw    a3, s11, a5
core   0: 1 0x00000000800042c2 (0x02fde6bb) x13 0x0000000000000a00
core   0: 0x00000000800042c6 (0x0125d93b) srlw    s2, a1, s2
core   0: 1 0x00000000800042c6 (0x0125d93b) x18 0x000000000000000c
core   0: 0x00000000800042ca (0xd0397853) fcvt.s.lu fa6, s2
core   0: 1 0x00000000800042ca (0xd0397853) f16 0xffffffff41400000
core   0: 0x00000000800042ce (0x00000001) c.nop
core   0: 1 0x00000000800042ce (0x0001)
core   0: 0x00000000800042d0 (0x9190cc93) xori    s9, ra, -1767
core   0: 1 0x00000000800042d0 (0x9190cc93) x25 0x000000007fffb90d
core   0: 0x00000000800042d4 (0x019aeab3) or      s5, s5, s9
core   0: 1 0x00000000800042d4 (0x019aeab3) x21 0x000000007fffb90d
core   0: 0x00000000800042d8 (0x037d1bb3) mulh    s7, s10, s7
core   0: 1 0x00000000800042d8 (0x037d1bb3) x23 0x0000000000000000
core   0: 0x00000000800042dc (0xe20880d3) fmv.x.d ra, fa7
core   0: 1 0x00000000800042dc (0xe20880d3) x1  0x0000000000000000
core   0: 0x00000000800042e0 (0x73d98393) addi    t2, s3, 1853
core   0: 1 0x00000000800042e0 (0x73d98393) x7  0x000000000000075c
core   0: 0x00000000800042e4 (0x235a9ad3) fsgnjn.d fs5, fs5, fs5
core   0: 1 0x00000000800042e4 (0x235a9ad3) f21 0xfff8000000000000
core   0: 0x00000000800042e8 (0x007585bb) addw    a1, a1, t2
core   0: 1 0x00000000800042e8 (0x007585bb) x11 0x00000000303d2d4f
core   0: 0x00000000800042ec (0x030b7b53) fadd.d  fs6, fs6, fa6
core   0: 1 0x00000000800042ec (0x030b7b53) f22 0x7ff8000000000000
core   0: 0x00000000800042f0 (0x412b043b) subw    s0, s6, s2
core   0: 1 0x00000000800042f0 (0x412b043b) x8  0xfffffffffffffff4
core   0: 0x00000000800042f4 (0x012d101b) slliw   zero, s10, 18
core   0: 1 0x00000000800042f4 (0x012d101b)
core   0: 0x00000000800042f8 (0x7ff3839b) addiw   t2, t2, 2047
core   0: 1 0x00000000800042f8 (0x7ff3839b) x7  0x0000000000000f5b
core   0: 0x00000000800042fc (0x405d599b) sraiw   s3, s10, 5
core   0: 1 0x00000000800042fc (0x405d599b) x19 0xffffffffffffffff
core   0: 0x0000000080004300 (0x02527233) remu    tp, tp, t0
core   0: 1 0x0000000080004300 (0x02527233) x4  0xfffffffff6a7b000
core   0: 0x0000000080004304 (0x00000001) c.nop
core   0: 1 0x0000000080004304 (0x0001)
core   0: 0x0000000080004306 (0x0213b733) mulhu   a4, t2, ra
core   0: 1 0x0000000080004306 (0x0213b733) x14 0x0000000000000000
core   0: 0x000000008000430a (0x93687dc7) fmsub.d fs11, fa6, fs6, fs2
core   0: 1 0x000000008000430a (0x93687dc7) f27 0x7ff8000000000000
core   0: 0x000000008000430e (0x0000583b) srlw    a6, zero, zero
core   0: 1 0x000000008000430e (0x0000583b) x16 0x0000000000000000
core   0: 0x0000000080004312 (0x00221173) csrrw   sp, frm, tp
core   0: 1 0x0000000080004312 (0x00221173) x2  0x0000000000000000 c2_frm 0x0000000000000000
core   0: 0x0000000080004316 (0x2bb692d3) fmax.d  ft5, fa3, fs11
core   0: 1 0x0000000080004316 (0x2bb692d3) f5  0x7ff8000000000000
core   0: 0x000000008000431a (0x0ff0000f) fence   iorw,iorw
core   0: 1 0x000000008000431a (0x0ff0000f)
core   0: 0x000000008000431e (0x03d81e33) mulh    t3, a6, t4
core   0: 1 0x000000008000431e (0x03d81e33) x28 0x0000000000000000
core   0: 0x0000000080004322 (0x409a0a3b) subw    s4, s4, s1
core   0: 1 0x0000000080004322 (0x409a0a3b) x20 0xfffffffffffff785
core   0: 0x0000000080004326 (0x03360d3b) mulw    s10, a2, s3
core   0: 1 0x0000000080004326 (0x03360d3b) x26 0xfffffffffffff600
core   0: 0x000000008000432a (0x405d83bb) subw    t2, s11, t0
core   0: 1 0x000000008000432a (0x405d83bb) x7  0x0000000000000a00
core   0: 0x000000008000432e (0x41b787bb) subw    a5, a5, s11
core   0: 1 0x000000008000432e (0x41b787bb) x15 0xffffffff8000383a
core   0: 0x0000000080004332 (0x40197653) fcvt.s.d fa2, fs2
core   0: 1 0x0000000080004332 (0x40197653) f12 0xffffffff7fc00000
core   0: 0x0000000080004336 (0xf20d8b53) fmv.d.x fs6, s11
core   0: 1 0x0000000080004336 (0xf20d8b53) f22 0x0000000000000a00
core   0: 0x000000008000433a (0x00f798bb) sllw    a7, a5, a5
core   0: 1 0x000000008000433a (0x00f798bb) x17 0xffffffffe8000000
core   0: 0x000000008000433e (0xcf586113) ori     sp, a6, -779
core   0: 1 0x000000008000433e (0xcf586113) x2  0xfffffffffffffcf5
core   0: 0x0000000080004342 (0x0222bb33) mulhu   s6, t0, sp
core   0: 1 0x0000000080004342 (0x0222bb33) x22 0x0000000000000000
core   0: 0x0000000080004346 (0x7ff17993) andi    s3, sp, 2047
core   0: 1 0x0000000080004346 (0x7ff17993) x19 0x00000000000004f5
core   0: 0x000000008000434a (0x026aa333) mulhsu  t1, s5, t1
core   0: 1 0x000000008000434a (0x026aa333) x6  0x0000000000000000
core   0: 0x000000008000434e (0x30551117) auipc   sp, 0x30551
core   0: 1 0x000000008000434e (0x30551117) x2  0x00000000b055534e
core   0: 0x0000000080004352 (0x0aab78d3) fsub.d  fa7, fs6, fa0
core   0: 1 0x0000000080004352 (0x0aab78d3) f17 0x7ff8000000000000
core   0: 0x0000000080004356 (0x9248fdcf) fnmadd.d fs11, fa7, ft4, fs2
core   0: 1 0x0000000080004356 (0x9248fdcf) f27 0x7ff8000000000000
core   0: 0x000000008000435a (0x035e3ab3) mulhu   s5, t3, s5
core   0: 1 0x000000008000435a (0x035e3ab3) x21 0x0000000000000000
core   0: 0x000000008000435e (0xd02e7553) fcvt.s.l fa0, t3
core   0: 1 0x000000008000435e (0xd02e7553) f10 0xffffffff00000000
core   0: 0x0000000080004362 (0x122affd3) fmul.d  ft11, fs5, ft2
core   0: 1 0x0000000080004362 (0x122affd3) f31 0x7ff8000000000000
core   0: 0x0000000080004366 (0x0090f5b3) and     a1, ra, s1
core   0: 1 0x0000000080004366 (0x0090f5b3) x11 0x0000000000000000
core   0: 0x000000008000436a (0xc03778d3) fcvt.lu.s a7, fa4
core   0: 1 0x000000008000436a (0xc03778d3) x17 0x0000000000000000
core   0: 0x000000008000436e (0x730b13b7) lui     t2, 0x730b1
core   0: 1 0x000000008000436e (0x730b13b7) x7  0x00000000730b1000
core   0: 0x0000000080004372 (0xf656869b) addiw   a3, a3, -155
core   0: 1 0x0000000080004372 (0xf656869b) x13 0x0000000000000965
core   0: 0x0000000080004376 (0x0281f43b) remuw   s0, gp, s0
core   0: 1 0x0000000080004376 (0x0281f43b) x8  0xfffffffff6a7b000
core   0: 0x000000008000437a (0x5a0ff3d3) fsqrt.d ft7, ft11
core   0: 1 0x000000008000437a (0x5a0ff3d3) f7  0x7ff8000000000000
core   0: 0x000000008000437e (0x018eaeb3) slt     t4, t4, s8
core   0: 1 0x000000008000437e (0x018eaeb3) x29 0x0000000000000000
core   0: 0x0000000080004382 (0x001a979b) slliw   a5, s5, 1
core   0: 1 0x0000000080004382 (0x001a979b) x15 0x0000000000000000
core   0: 0x0000000080004386 (0x04968b9b) addiw   s7, a3, 73
core   0: 1 0x0000000080004386 (0x04968b9b) x23 0x00000000000009ae
core   0: 0x000000008000438a (0x01d78d3b) addw    s10, a5, t4
core   0: 1 0x000000008000438a (0x01d78d3b) x26 0x0000000000000000
core   0: 0x000000008000438e (0xc04c3073) csrrc   zero, hpmcounter4, s8
core   0: exception trap_illegal_instruction, epc 0x000000008000438e
core   0:           tval 0x00000000c04c3073
core   0: >>>>  $xrv64i2p1_m2p0_a2p1_f2p2_d2p2_zicsr2p0_zifencei2p0_zmmul1p0_zba1p0_zbb1p0_zbc1p0_zbs1p0
core   0: 0x0000000080004000 (0x0080006f) j       pc + 0x8
core   0: 3 0x0000000080004000 (0x0080006f)
core   0: >>>>  mmode_exception_handler
core   0: 0x0000000080004008 (0x00002c17) auipc   s8, 0x2
core   0: 3 0x0000000080004008 (0x00002c17) x24 0x0000000080006008
core   0: 0x000000008000400c (0x080c0c13) addi    s8, s8, 128
core   0: 3 0x000000008000400c (0x080c0c13) x24 0x0000000080006088
core   0: 0x0000000080004010 (0x000c00e7) jalr    s8
core   0: 3 0x0000000080004010 (0x000c00e7) x1  0x0000000080004014
core   0: >>>>  any_handler
core   0: 0x0000000080006088 (0x341027f3) csrrs   a5, mepc, zero
core   0: 3 0x0000000080006088 (0x341027f3) x15 0x000000008000438e
core   0: 0x000000008000608c (0x34202773) csrrs   a4, mcause, zero
core   0: 3 0x000000008000608c (0x34202773) x14 0x0000000000000002
core   0: 0x0000000080006090 (0x142026f3) csrrs   a3, scause, zero
core   0: 3 0x0000000080006090 (0x142026f3) x13 0x0000000000000000
core   0: 0x0000000080006094 (0x30402673) csrrs   a2, mie, zero
core   0: 3 0x0000000080006094 (0x30402673) x12 0x0000000000000a00
core   0: 0x0000000080006098 (0x344025f3) csrrs   a1, mip, zero
core   0: 3 0x0000000080006098 (0x344025f3) x11 0x0000000000000080
core   0: 0x000000008000609c (0x343025f3) csrrs   a1, mtval, zero
core   0: 3 0x000000008000609c (0x343025f3) x11 0x00000000c04c3073
core   0: 0x00000000800060a0 (0x14302573) csrrs   a0, stval, zero
core   0: 3 0x00000000800060a0 (0x14302573) x10 0x0000000000000000
core   0: 0x00000000800060a4 (0xb02024f3) csrrs   s1, minstret, zero
core   0: 3 0x00000000800060a4 (0xb02024f3) x9  0x00000000000008e3
core   0: 0x00000000800060a8 (0x0000a811) c.j     pc + 20
core   0: 3 0x00000000800060a8 (0xa811)
core   0: >>>>  mepc_4
core   0: 0x00000000800060bc (0x00000791) c.addi  a5, 4
core   0: 3 0x00000000800060bc (0x0791) x15 0x0000000080004392
core   0: 0x00000000800060be (0x34179073) csrrw   zero, mepc, a5
core   0: 3 0x00000000800060be (0x34179073) c833_mepc 0x0000000080004392
core   0: 0x00000000800060c2 (0x30200073) mret
core   0: 3 0x00000000800060c2 (0x30200073) c768_mstatus 0x8000000a00106080
core   0: 0x0000000080004392 (0x37407913) andi    s2, zero, 884
core   0: 1 0x0000000080004392 (0x37407913) x18 0x0000000000000000
core   0: 0x0000000080004396 (0x5a0ef053) fsqrt.d ft0, ft9
core   0: 1 0x0000000080004396 (0x5a0ef053) f0  0x7ff8000000000000
core   0: 0x000000008000439a (0x000057b3) srl     a5, zero, zero
core   0: 1 0x000000008000439a (0x000057b3) x15 0x0000000000000000
core   0: 0x000000008000439e (0x7ff7889b) addiw   a7, a5, 2047
core   0: 1 0x000000008000439e (0x7ff7889b) x17 0x00000000000007ff
core   0: 0x00000000800043a2 (0x001aaa13) slti    s4, s5, 1
core   0: 1 0x00000000800043a2 (0x001aaa13) x20 0x0000000000000001
core   0: 0x00000000800043a6 (0x0005181b) slliw   a6, a0, 0
core   0: 1 0x00000000800043a6 (0x0005181b) x16 0x0000000000000000
core   0: 0x00000000800043aa (0x0ff0000f) fence   iorw,iorw
core   0: 1 0x00000000800043aa (0x0ff0000f)
core   0: 0x00000000800043ae (0x42008153) fcvt.d.s ft2, ft1
core   0: 1 0x00000000800043ae (0x42008153) f2  0x0000000000000000
core   0: 0x00000000800043b2 (0x229e9cd3) fsgnjn.d fs9, ft9, fs1
core   0: 1 0x00000000800043b2 (0x229e9cd3) f25 0xffffffff7fc00000
core   0: 0x00000000800043b6 (0x00102cf3) csrrs   s9, fflags, zero
core   0: 1 0x00000000800043b6 (0x00102cf3) x25 0x000000000000001f
core   0: 0x00000000800043ba (0x002b5933) srl     s2, s6, sp
core   0: 1 0x00000000800043ba (0x002b5933) x18 0x0000000000000000
core   0: 0x00000000800043be (0xd0297553) fcvt.s.l fa0, s2
core   0: 1 0x00000000800043be (0xd0297553) f10 0xffffffff00000000
core   0: 0x00000000800043c2 (0x0124e6b3) or      a3, s1, s2
core   0: 1 0x00000000800043c2 (0x0124e6b3) x13 0x00000000000008e3
core   0: 0x00000000800043c6 (0x22af2f53) fsgnjx.d ft10, ft10, fa0
core   0: 1 0x00000000800043c6 (0x22af2f53) f30 0xfff8000000000000
core   0: 0x00000000800043ca (0x22a383d3) fsgnj.d ft7, ft7, fa0
core   0: 1 0x00000000800043ca (0x22a383d3) f7  0xfff8000000000000
core   0: 0x00000000800043ce (0x0274d63b) divuw   a2, s1, t2
core   0: 1 0x00000000800043ce (0x0274d63b) x12 0x0000000000000000
core   0: 0x00000000800043d2 (0x0184dc9b) srliw   s9, s1, 24
core   0: 1 0x00000000800043d2 (0x0184dc9b) x25 0x0000000000000000
core   0: 0x00000000800043d6 (0xdad3f6cf) fnmadd.d fa3, ft7, fa3, fs11
core   0: 1 0x00000000800043d6 (0xdad3f6cf) f13 0x7ff8000000000000
core   0: 0x00000000800043da (0xfd974437) lui     s0, 0xfd974
core   0: 1 0x00000000800043da (0xfd974437) x8  0xfffffffffd974000
core   0: 0x00000000800043de (0x2bf4041b) addiw   s0, s0, 703
core   0: 1 0x00000000800043de (0x2bf4041b) x8  0xfffffffffd9742bf
core   0: 0x00000000800043e2 (0x00000436) c.slli  s0, 13
core   0: 1 0x00000000800043e2 (0x0436) x8  0xffffffb2e857e000
core   0: 0x00000000800043e4 (0xd8e40413) addi    s0, s0, -626
core   0: 1 0x00000000800043e4 (0xd8e40413) x8  0xffffffb2e857dd8e
core   0: 0x00000000800043e8 (0xc223f6d3) fcvt.l.d a3, ft7
core   0: 1 0x00000000800043e8 (0xc223f6d3) c1_fflags 0x000000000000001f x13 0x7fffffffffffffff
core   0: 0x00000000800043ec (0xc813b1f3) csrrc   gp, timeh, t2
core   0: exception trap_illegal_instruction, epc 0x00000000800043ec
core   0:           tval 0x00000000c813b1f3
core   0: >>>>  $xrv64i2p1_m2p0_a2p1_f2p2_d2p2_zicsr2p0_zifencei2p0_zmmul1p0_zba1p0_zbb1p0_zbc1p0_zbs1p0
core   0: 0x0000000080004000 (0x0080006f) j       pc + 0x8
core   0: 3 0x0000000080004000 (0x0080006f)
core   0: >>>>  mmode_exception_handler
core   0: 0x0000000080004008 (0x00002c17) auipc   s8, 0x2
core   0: 3 0x0000000080004008 (0x00002c17) x24 0x0000000080006008
core   0: 0x000000008000400c (0x080c0c13) addi    s8, s8, 128
core   0: 3 0x000000008000400c (0x080c0c13) x24 0x0000000080006088
core   0: 0x0000000080004010 (0x000c00e7) jalr    s8
core   0: 3 0x0000000080004010 (0x000c00e7) x1  0x0000000080004014
core   0: >>>>  any_handler
core   0: 0x0000000080006088 (0x341027f3) csrrs   a5, mepc, zero
core   0: 3 0x0000000080006088 (0x341027f3) x15 0x00000000800043ec
core   0: 0x000000008000608c (0x34202773) csrrs   a4, mcause, zero
core   0: 3 0x000000008000608c (0x34202773) x14 0x0000000000000002
core   0: 0x0000000080006090 (0x142026f3) csrrs   a3, scause, zero
core   0: 3 0x0000000080006090 (0x142026f3) x13 0x0000000000000000
core   0: 0x0000000080006094 (0x30402673) csrrs   a2, mie, zero
core   0: 3 0x0000000080006094 (0x30402673) x12 0x0000000000000a00
core   0: 0x0000000080006098 (0x344025f3) csrrs   a1, mip, zero
core   0: 3 0x0000000080006098 (0x344025f3) x11 0x0000000000000080
core   0: 0x000000008000609c (0x343025f3) csrrs   a1, mtval, zero
core   0: 3 0x000000008000609c (0x343025f3) x11 0x00000000c813b1f3
core   0: 0x00000000800060a0 (0x14302573) csrrs   a0, stval, zero
core   0: 3 0x00000000800060a0 (0x14302573) x10 0x0000000000000000
core   0: 0x00000000800060a4 (0xb02024f3) csrrs   s1, minstret, zero
core   0: 3 0x00000000800060a4 (0xb02024f3) x9  0x000000000000090a
core   0: 0x00000000800060a8 (0x0000a811) c.j     pc + 20
core   0: 3 0x00000000800060a8 (0xa811)
core   0: >>>>  mepc_4
core   0: 0x00000000800060bc (0x00000791) c.addi  a5, 4
core   0: 3 0x00000000800060bc (0x0791) x15 0x00000000800043f0
core   0: 0x00000000800060be (0x34179073) csrrw   zero, mepc, a5
core   0: 3 0x00000000800060be (0x34179073) c833_mepc 0x00000000800043f0
core   0: 0x00000000800060c2 (0x30200073) mret
core   0: 3 0x00000000800060c2 (0x30200073) c768_mstatus 0x8000000a00106080
core   0: 0x00000000800043f0 (0x2bc39453) fmax.d  fs0, ft7, ft8
core   0: 1 0x00000000800043f0 (0x2bc39453) f8  0x43e0000000000000
core   0: 0x00000000800043f4 (0x43f3f443) fmadd.d fs0, ft7, ft11, fs0
core   0: 1 0x00000000800043f4 (0x43f3f443) f8  0x7ff8000000000000
core   0: 0x00000000800043f8 (0xe20408d3) fmv.x.d a7, fs0
core   0: 1 0x00000000800043f8 (0xe20408d3) x17 0x7ff8000000000000
core   0: 0x00000000800043fc (0x401d7e53) fcvt.s.d ft8, fs10
core   0: 1 0x00000000800043fc (0x401d7e53) f28 0xffffffff7fc00000
core   0: 0x0000000080004400 (0x4158519b) sraiw   gp, a6, 21
core   0: 1 0x0000000080004400 (0x4158519b) x3  0x0000000000000000
core   0: 0x0000000080004404 (0x00161673) csrrw   a2, fflags, a2
core   0: 1 0x0000000080004404 (0x00161673) x12 0x000000000000001f c1_fflags 0x0000000000000000
core   0: 0x0000000080004408 (0x34460e9b) addiw   t4, a2, 836
core   0: 1 0x0000000080004408 (0x34460e9b) x29 0x0000000000000363
core   0: 0x000000008000440c (0x4011dc93) srai    s9, gp, 1
core   0: 1 0x000000008000440c (0x4011dc93) x25 0x0000000000000000
core   0: 0x0000000080004410 (0x228b9d53) fsgnjn.d fs10, fs7, fs0
core   0: 1 0x0000000080004410 (0x228b9d53) f26 0xfff8000000000000
core   0: 0x0000000080004414 (0x01d27333) and     t1, tp, t4
core   0: 1 0x0000000080004414 (0x01d27333) x6  0x0000000000000000
core   0: 0x0000000080004418 (0x0293f553) fadd.d  fa0, ft7, fs1
core   0: 1 0x0000000080004418 (0x0293f553) f10 0x7ff8000000000000
core   0: 0x000000008000441c (0x400d5a13) srai    s4, s10, 0
core   0: 1 0x000000008000441c (0x400d5a13) x20 0x0000000000000000
core   0: 0x0000000080004420 (0x9b6779cb) fnmsub.d fs3, fa4, fs6, fs3
core   0: 1 0x0000000080004420 (0x9b6779cb) f19 0x7ff8000000000000
core   0: 0x0000000080004424 (0x01931733) sll     a4, t1, s9
core   0: 1 0x0000000080004424 (0x01931733) x14 0x0000000000000000
core   0: 0x0000000080004428 (0x40ed8dbb) subw    s11, s11, a4
core   0: 1 0x0000000080004428 (0x40ed8dbb) x27 0x0000000000000a00
core   0: 0x000000008000442c (0x01b201bb) addw    gp, tp, s11
core   0: 1 0x000000008000442c (0x01b201bb) x3  0xfffffffff6a7ba00
core   0: 0x0000000080004430 (0x00819abb) sllw    s5, gp, s0
core   0: 1 0x0000000080004430 (0x00819abb) x21 0xffffffffee800000
core   0: 0x0000000080004434 (0x00d8893b) addw    s2, a7, a3
core   0: 1 0x0000000080004434 (0x00d8893b) x18 0x0000000000000000
core   0: 0x0000000080004438 (0x0127e9b3) or      s3, a5, s2
core   0: 1 0x0000000080004438 (0x0127e9b3) x19 0x00000000800043f0
core   0: 0x000000008000443c (0x3402d573) csrrwi  a0, mscratch, 5
core   0: exception trap_illegal_instruction, epc 0x000000008000443c
core   0:           tval 0x000000003402d573
core   0: >>>>  $xrv64i2p1_m2p0_a2p1_f2p2_d2p2_zicsr2p0_zifencei2p0_zmmul1p0_zba1p0_zbb1p0_zbc1p0_zbs1p0
core   0: 0x0000000080004000 (0x0080006f) j       pc + 0x8
core   0: 3 0x0000000080004000 (0x0080006f)
core   0: >>>>  mmode_exception_handler
core   0: 0x0000000080004008 (0x00002c17) auipc   s8, 0x2
core   0: 3 0x0000000080004008 (0x00002c17) x24 0x0000000080006008
core   0: 0x000000008000400c (0x080c0c13) addi    s8, s8, 128
core   0: 3 0x000000008000400c (0x080c0c13) x24 0x0000000080006088
core   0: 0x0000000080004010 (0x000c00e7) jalr    s8
core   0: 3 0x0000000080004010 (0x000c00e7) x1  0x0000000080004014
core   0: >>>>  any_handler
core   0: 0x0000000080006088 (0x341027f3) csrrs   a5, mepc, zero
core   0: 3 0x0000000080006088 (0x341027f3) x15 0x000000008000443c
core   0: 0x000000008000608c (0x34202773) csrrs   a4, mcause, zero
core   0: 3 0x000000008000608c (0x34202773) x14 0x0000000000000002
core   0: 0x0000000080006090 (0x142026f3) csrrs   a3, scause, zero
core   0: 3 0x0000000080006090 (0x142026f3) x13 0x0000000000000000
core   0: 0x0000000080006094 (0x30402673) csrrs   a2, mie, zero
core   0: 3 0x0000000080006094 (0x30402673) x12 0x0000000000000a00
core   0: 0x0000000080006098 (0x344025f3) csrrs   a1, mip, zero
core   0: 3 0x0000000080006098 (0x344025f3) x11 0x0000000000000080
core   0: 0x000000008000609c (0x343025f3) csrrs   a1, mtval, zero
core   0: 3 0x000000008000609c (0x343025f3) x11 0x000000003402d573
core   0: 0x00000000800060a0 (0x14302573) csrrs   a0, stval, zero
core   0: 3 0x00000000800060a0 (0x14302573) x10 0x0000000000000000
core   0: 0x00000000800060a4 (0xb02024f3) csrrs   s1, minstret, zero
core   0: 3 0x00000000800060a4 (0xb02024f3) x9  0x000000000000092d
core   0: 0x00000000800060a8 (0x0000a811) c.j     pc + 20
core   0: 3 0x00000000800060a8 (0xa811)
core   0: >>>>  mepc_4
core   0: 0x00000000800060bc (0x00000791) c.addi  a5, 4
core   0: 3 0x00000000800060bc (0x0791) x15 0x0000000080004440
core   0: 0x00000000800060be (0x34179073) csrrw   zero, mepc, a5
core   0: 3 0x00000000800060be (0x34179073) c833_mepc 0x0000000080004440
core   0: 0x00000000800060c2 (0x30200073) mret
core   0: 3 0x00000000800060c2 (0x30200073) c768_mstatus 0x8000000a00106080
core   0: 0x0000000080004440 (0xd22ef253) fcvt.d.l ft4, t4
core   0: 1 0x0000000080004440 (0xd22ef253) f4  0x408b180000000000
core   0: 0x0000000080004444 (0x01c29cbb) sllw    s9, t0, t3
core   0: 1 0x0000000080004444 (0x01c29cbb) x25 0x0000000000000000
core   0: 0x0000000080004448 (0x00000001) c.nop
core   0: 1 0x0000000080004448 (0x0001)
core   0: 0x000000008000444a (0x9bbc8713) addi    a4, s9, -1605
core   0: 1 0x000000008000444a (0x9bbc8713) x14 0xfffffffffffff9bb
core   0: 0x000000008000444e (0x00e71233) sll     tp, a4, a4
core   0: 1 0x000000008000444e (0x00e71233) x4  0xd800000000000000
core   0: 0x0000000080004452 (0xc02473d3) fcvt.l.s t2, fs0
core   0: 1 0x0000000080004452 (0xc02473d3) c1_fflags 0x0000000000000010 x7  0x7fffffffffffffff
core   0: 0x0000000080004456 (0x4015fb53) fcvt.s.d fs6, fa1
core   0: 1 0x0000000080004456 (0x4015fb53) f22 0xffffffff7fc00000
core   0: 0x000000008000445a (0x02d0d7b3) divu    a5, ra, a3
core   0: 1 0x000000008000445a (0x02d0d7b3) x15 0xffffffffffffffff
core   0: 0x000000008000445e (0x071b0b1b) addiw   s6, s6, 113
core   0: 1 0x000000008000445e (0x071b0b1b) x22 0x0000000000000071
core   0: 0x0000000080004462 (0x016394bb) sllw    s1, t2, s6
core   0: 1 0x0000000080004462 (0x016394bb) x9  0xfffffffffffe0000
core   0: 0x0000000080004466 (0xc20a7353) fcvt.w.d t1, fs4
core   0: 1 0x0000000080004466 (0xc20a7353) c1_fflags 0x0000000000000010 x6  0x000000007fffffff
core   0: 0x000000008000446a (0x40b2da13) srai    s4, t0, 11
core   0: 1 0x000000008000446a (0x40b2da13) x20 0x0000000000000000
core   0: 0x000000008000446e (0x013765b3) or      a1, a4, s3
core   0: 1 0x000000008000446e (0x013765b3) x11 0xfffffffffffffbfb
core   0: 0x0000000080004472 (0x41c5833b) subw    t1, a1, t3
core   0: 1 0x0000000080004472 (0x41c5833b) x6  0xfffffffffffffbfb
core   0: 0x0000000080004476 (0xd2030653) fcvt.d.w fa2, t1
core   0: 1 0x0000000080004476 (0xd2030653) f12 0xc090140000000000
core   0: 0x000000008000447a (0x5a0aff53) fsqrt.d ft10, fs5
core   0: 1 0x000000008000447a (0x5a0aff53) f30 0x7ff8000000000000
core   0: 0x000000008000447e (0x03b9dbb3) divu    s7, s3, s11
core   0: 1 0x000000008000447e (0x03b9dbb3) x23 0x00000000000cccd3
core   0: 0x0000000080004482 (0x03736833) rem     a6, t1, s7
core   0: 1 0x0000000080004482 (0x03736833) x16 0xfffffffffffffbfb
core   0: 0x0000000080004486 (0xe20b0cd3) fmv.x.d s9, fs6
core   0: 1 0x0000000080004486 (0xe20b0cd3) x25 0xffffffff7fc00000
core   0: 0x000000008000448a (0xbc4cf193) andi    gp, s9, -1084
core   0: 1 0x000000008000448a (0xbc4cf193) x3  0xffffffff7fc00000
core   0: 0x000000008000448e (0xe2060953) fmv.x.d s2, fa2
core   0: 1 0x000000008000448e (0xe2060953) x18 0xc090140000000000
core   0: 0x0000000080004492 (0x02b827b3) mulhsu  a5, a6, a1
core   0: 1 0x0000000080004492 (0x02b827b3) x15 0xfffffffffffffbfb
core   0: 0x0000000080004496 (0x7ffce413) ori     s0, s9, 2047
core   0: 1 0x0000000080004496 (0x7ffce413) x8  0xffffffff7fc007ff
core   0: 0x000000008000449a (0x0115959b) slliw   a1, a1, 17
core   0: 1 0x000000008000449a (0x0115959b) x11 0xfffffffff7f60000
core   0: 0x000000008000449e (0xc02052f3) csrrwi  t0, instret, 0
core   0: exception trap_illegal_instruction, epc 0x000000008000449e
core   0:           tval 0x00000000c02052f3
core   0: >>>>  $xrv64i2p1_m2p0_a2p1_f2p2_d2p2_zicsr2p0_zifencei2p0_zmmul1p0_zba1p0_zbb1p0_zbc1p0_zbs1p0
core   0: 0x0000000080004000 (0x0080006f) j       pc + 0x8
core   0: 3 0x0000000080004000 (0x0080006f)
core   0: >>>>  mmode_exception_handler
core   0: 0x0000000080004008 (0x00002c17) auipc   s8, 0x2
core   0: 3 0x0000000080004008 (0x00002c17) x24 0x0000000080006008
core   0: 0x000000008000400c (0x080c0c13) addi    s8, s8, 128
core   0: 3 0x000000008000400c (0x080c0c13) x24 0x0000000080006088
core   0: 0x0000000080004010 (0x000c00e7) jalr    s8
core   0: 3 0x0000000080004010 (0x000c00e7) x1  0x0000000080004014
core   0: >>>>  any_handler
core   0: 0x0000000080006088 (0x341027f3) csrrs   a5, mepc, zero
core   0: 3 0x0000000080006088 (0x341027f3) x15 0x000000008000449e
core   0: 0x000000008000608c (0x34202773) csrrs   a4, mcause, zero
core   0: 3 0x000000008000608c (0x34202773) x14 0x0000000000000002
core   0: 0x0000000080006090 (0x142026f3) csrrs   a3, scause, zero
core   0: 3 0x0000000080006090 (0x142026f3) x13 0x0000000000000000
core   0: 0x0000000080006094 (0x30402673) csrrs   a2, mie, zero
core   0: 3 0x0000000080006094 (0x30402673) x12 0x0000000000000a00
core   0: 0x0000000080006098 (0x344025f3) csrrs   a1, mip, zero
core   0: 3 0x0000000080006098 (0x344025f3) x11 0x0000000000000080
core   0: 0x000000008000609c (0x343025f3) csrrs   a1, mtval, zero
core   0: 3 0x000000008000609c (0x343025f3) x11 0x00000000c02052f3
core   0: 0x00000000800060a0 (0x14302573) csrrs   a0, stval, zero
core   0: 3 0x00000000800060a0 (0x14302573) x10 0x0000000000000000
core   0: 0x00000000800060a4 (0xb02024f3) csrrs   s1, minstret, zero
core   0: 3 0x00000000800060a4 (0xb02024f3) x9  0x0000000000000955
core   0: 0x00000000800060a8 (0x0000a811) c.j     pc + 20
core   0: 3 0x00000000800060a8 (0xa811)
core   0: >>>>  mepc_4
core   0: 0x00000000800060bc (0x00000791) c.addi  a5, 4
core   0: 3 0x00000000800060bc (0x0791) x15 0x00000000800044a2
core   0: 0x00000000800060be (0x34179073) csrrw   zero, mepc, a5
core   0: 3 0x00000000800060be (0x34179073) c833_mepc 0x00000000800044a2
core   0: 0x00000000800060c2 (0x30200073) mret
core   0: 3 0x00000000800060c2 (0x30200073) c768_mstatus 0x8000000a00106080
core   0: 0x00000000800044a2 (0x0281413b) divw    sp, sp, s0
core   0: 1 0x00000000800044a2 (0x0281413b) x2  0x0000000000000000
core   0: 0x00000000800044a6 (0x0a0ff753) fsub.d  fa4, ft11, ft0
core   0: 1 0x00000000800044a6 (0x0a0ff753) f14 0x7ff8000000000000
core   0: 0x00000000800044aa (0xc03dfcd3) fcvt.lu.s s9, fs11
core   0: 1 0x00000000800044aa (0xc03dfcd3) c1_fflags 0x0000000000000010 x25 0xffffffffffffffff
core   0: 0x00000000800044ae (0x04f68337) lui     t1, 0x4f68
core   0: 1 0x00000000800044ae (0x04f68337) x6  0x0000000004f68000
core   0: 0x00000000800044b2 (0xf6f3031b) addiw   t1, t1, -145
core   0: 1 0x00000000800044b2 (0xf6f3031b) x6  0x0000000004f67f6f
core   0: 0x00000000800044b6 (0x00000332) c.slli  t1, 12
core   0: 1 0x00000000800044b6 (0x0332) x6  0x0000004f67f6f000
core   0: 0x00000000800044b8 (0x4c730313) addi    t1, t1, 1223
core   0: 1 0x00000000800044b8 (0x4c730313) x6  0x0000004f67f6f4c7
core   0: 0x00000000800044bc (0x026a2733) mulhsu  a4, s4, t1
core   0: 1 0x00000000800044bc (0x026a2733) x14 0x0000000000000000
core   0: 0x00000000800044c0 (0x03473533) mulhu   a0, a4, s4
core   0: 1 0x00000000800044c0 (0x03473533) x10 0x0000000000000000
core   0: 0x00000000800044c4 (0xa2ef8c53) fle.d   s8, ft11, fa4
core   0: 1 0x00000000800044c4 (0xa2ef8c53) c1_fflags 0x0000000000000010 x24 0x0000000000000000
core   0: 0x00000000800044c8 (0x000099ae) c.add   s3, a1
core   0: 1 0x00000000800044c8 (0x99ae) x19 0x00000001402096e3
core   0: 0x00000000800044ca (0x00f1f1b3) and     gp, gp, a5
core   0: 1 0x00000000800044ca (0x00f1f1b3) x3  0x0000000000000000
core   0: 0x00000000800044ce (0xfe069bb7) lui     s7, 0xfe069
core   0: 1 0x00000000800044ce (0xfe069bb7) x23 0xfffffffffe069000
core   0: 0x00000000800044d2 (0x8f7b8b9b) addiw   s7, s7, -1801
core   0: 1 0x00000000800044d2 (0x8f7b8b9b) x23 0xfffffffffe0688f7
core   0: 0x00000000800044d6 (0x00000bb6) c.slli  s7, 13
core   0: 1 0x00000000800044d6 (0x0bb6) x23 0xffffffc0d11ee000
core   0: 0x00000000800044d8 (0xf81b8b93) addi    s7, s7, -127
core   0: 1 0x00000000800044d8 (0xf81b8b93) x23 0xffffffc0d11edf81
core   0: 0x00000000800044dc (0x023bf8b3) remu    a7, s7, gp
core   0: 1 0x00000000800044dc (0x023bf8b3) x17 0xffffffc0d11edf81
core   0: 0x00000000800044e0 (0x1bf9f9d3) fdiv.d  fs3, fs3, ft11
core   0: 1 0x00000000800044e0 (0x1bf9f9d3) f19 0x7ff8000000000000
core   0: 0x00000000800044e4 (0x42008ed3) fcvt.d.s ft9, ft1
core   0: 1 0x00000000800044e4 (0x42008ed3) f29 0x0000000000000000
core   0: 0x00000000800044e8 (0x4004d493) srai    s1, s1, 0
core   0: 1 0x00000000800044e8 (0x4004d493) x9  0x0000000000000955
core   0: 0x00000000800044ec (0x01964cb3) xor     s9, a2, s9
core   0: 1 0x00000000800044ec (0x01964cb3) x25 0xfffffffffffff5ff
core   0: 0x00000000800044f0 (0x0013de1b) srliw   t3, t2, 1
core   0: 1 0x00000000800044f0 (0x0013de1b) x28 0x000000007fffffff
core   0: 0x00000000800044f4 (0x41715b9b) sraiw   s7, sp, 23
core   0: 1 0x00000000800044f4 (0x41715b9b) x23 0x0000000000000000
core   0: 0x00000000800044f8 (0xabae079b) addiw   a5, t3, -1350
core   0: 1 0x00000000800044f8 (0xabae079b) x15 0x000000007ffffab9
core   0: 0x00000000800044fc (0xc00c66f3) csrrsi  a3, cycle, 24
core   0: exception trap_illegal_instruction, epc 0x00000000800044fc
core   0:           tval 0x00000000c00c66f3
core   0: >>>>  $xrv64i2p1_m2p0_a2p1_f2p2_d2p2_zicsr2p0_zifencei2p0_zmmul1p0_zba1p0_zbb1p0_zbc1p0_zbs1p0
core   0: 0x0000000080004000 (0x0080006f) j       pc + 0x8
core   0: 3 0x0000000080004000 (0x0080006f)
core   0: >>>>  mmode_exception_handler
core   0: 0x0000000080004008 (0x00002c17) auipc   s8, 0x2
core   0: 3 0x0000000080004008 (0x00002c17) x24 0x0000000080006008
core   0: 0x000000008000400c (0x080c0c13) addi    s8, s8, 128
core   0: 3 0x000000008000400c (0x080c0c13) x24 0x0000000080006088
core   0: 0x0000000080004010 (0x000c00e7) jalr    s8
core   0: 3 0x0000000080004010 (0x000c00e7) x1  0x0000000080004014
core   0: >>>>  any_handler
core   0: 0x0000000080006088 (0x341027f3) csrrs   a5, mepc, zero
core   0: 3 0x0000000080006088 (0x341027f3) x15 0x00000000800044fc
core   0: 0x000000008000608c (0x34202773) csrrs   a4, mcause, zero
core   0: 3 0x000000008000608c (0x34202773) x14 0x0000000000000002
core   0: 0x0000000080006090 (0x142026f3) csrrs   a3, scause, zero
core   0: 3 0x0000000080006090 (0x142026f3) x13 0x0000000000000000
core   0: 0x0000000080006094 (0x30402673) csrrs   a2, mie, zero
core   0: 3 0x0000000080006094 (0x30402673) x12 0x0000000000000a00
core   0: 0x0000000080006098 (0x344025f3) csrrs   a1, mip, zero
core   0: 3 0x0000000080006098 (0x344025f3) x11 0x0000000000000080
core   0: 0x000000008000609c (0x343025f3) csrrs   a1, mtval, zero
core   0: 3 0x000000008000609c (0x343025f3) x11 0x00000000c00c66f3
core   0: 0x00000000800060a0 (0x14302573) csrrs   a0, stval, zero
core   0: 3 0x00000000800060a0 (0x14302573) x10 0x0000000000000000
core   0: 0x00000000800060a4 (0xb02024f3) csrrs   s1, minstret, zero
core   0: 3 0x00000000800060a4 (0xb02024f3) x9  0x000000000000097d
core   0: 0x00000000800060a8 (0x0000a811) c.j     pc + 20
core   0: 3 0x00000000800060a8 (0xa811)
core   0: >>>>  mepc_4
core   0: 0x00000000800060bc (0x00000791) c.addi  a5, 4
core   0: 3 0x00000000800060bc (0x0791) x15 0x0000000080004500
core   0: 0x00000000800060be (0x34179073) csrrw   zero, mepc, a5
core   0: 3 0x00000000800060be (0x34179073) c833_mepc 0x0000000080004500
core   0: 0x00000000800060c2 (0x30200073) mret
core   0: 3 0x00000000800060c2 (0x30200073) c768_mstatus 0x8000000a00106080
core   0: 0x0000000080004500 (0x00f67033) and     zero, a2, a5
core   0: 1 0x0000000080004500 (0x00f67033)
core   0: 0x0000000080004504 (0x01ddd63b) srlw    a2, s11, t4
core   0: 1 0x0000000080004504 (0x01ddd63b) x12 0x0000000000000140
core   0: 0x0000000080004508 (0xd2168453) fcvt.d.wu fs0, a3
core   0: 1 0x0000000080004508 (0xd2168453) f8  0x0000000000000000
core   0: 0x000000008000450c (0x40ce88b3) sub     a7, t4, a2
core   0: 1 0x000000008000450c (0x40ce88b3) x17 0x0000000000000223
core   0: 0x0000000080004510 (0x401dfbd3) fcvt.s.d fs7, fs11
core   0: 1 0x0000000080004510 (0x401dfbd3) f23 0xffffffff7fc00000
core   0: 0x0000000080004514 (0x037acbb3) div     s7, s5, s7
core   0: 1 0x0000000080004514 (0x037acbb3) x23 0xffffffffffffffff
core   0: 0x0000000080004518 (0x3e068397) auipc   t2, 0x3e068
core   0: 1 0x0000000080004518 (0x3e068397) x7  0x00000000be06c518
core   0: 0x000000008000451c (0x02dbc9bb) divw    s3, s7, a3
core   0: 1 0x000000008000451c (0x02dbc9bb) x19 0xffffffffffffffff
core   0: 0x0000000080004520 (0x0363db33) divu    s6, t2, s6
core   0: 1 0x0000000080004520 (0x0363db33) x22 0x0000000001ae809c
core   0: 0x0000000080004524 (0x0139893b) addw    s2, s3, s3
core   0: 1 0x0000000080004524 (0x0139893b) x18 0xfffffffffffffffe
core   0: 0x0000000080004528 (0x014e5e3b) srlw    t3, t3, s4
core   0: 1 0x0000000080004528 (0x014e5e3b) x28 0x000000007fffffff
core   0: 0x000000008000452c (0x401b5d1b) sraiw   s10, s6, 1
core   0: 1 0x000000008000452c (0x401b5d1b) x26 0x0000000000d7404e
core   0: 0x0000000080004530 (0x40025b1b) sraiw   s6, tp, 0
core   0: 1 0x0000000080004530 (0x40025b1b) x22 0x0000000000000000
core   0: 0x0000000080004534 (0x017e4bb3) xor     s7, t3, s7
core   0: 1 0x0000000080004534 (0x017e4bb3) x23 0xffffffff80000000
core   0: 0x0000000080004538 (0x02ee77d3) fadd.d  fa5, ft8, fa4
core   0: 1 0x0000000080004538 (0x02ee77d3) f15 0x7ff8000000000000
core   0: 0x000000008000453c (0x7e4b8513) addi    a0, s7, 2020
core   0: 1 0x000000008000453c (0x7e4b8513) x10 0xffffffff800007e4
core   0: 0x0000000080004540 (0xd235fd53) fcvt.d.lu fs10, a1
core   0: 1 0x0000000080004540 (0xd235fd53) f26 0x41e8018cde600000
core   0: 0x0000000080004544 (0x0baaf7d3) fsub.d  fa5, fs5, fs10
core   0: 1 0x0000000080004544 (0x0baaf7d3) f15 0x7ff8000000000000
core   0: 0x0000000080004548 (0xc2077953) fcvt.w.d s2, fa4
core   0: 1 0x0000000080004548 (0xc2077953) c1_fflags 0x0000000000000010 x18 0x000000007fffffff
core   0: 0x000000008000454c (0xd0367553) fcvt.s.lu fa0, a2
core   0: 1 0x000000008000454c (0xd0367553) f10 0xffffffff43a00000
core   0: 0x0000000080004550 (0xdad6f547) fmsub.d fa0, fa3, fa3, fs11
core   0: 1 0x0000000080004550 (0xdad6f547) f10 0x7ff8000000000000
core   0: 0x0000000080004554 (0x40a50a33) sub     s4, a0, a0
core   0: 1 0x0000000080004554 (0x40a50a33) x20 0x0000000000000000
core   0: 0x0000000080004558 (0x034a0b33) mul     s6, s4, s4
core   0: 1 0x0000000080004558 (0x034a0b33) x22 0x0000000000000000
core   0: 0x000000008000455c (0x00c800bb) addw    ra, a6, a2
core   0: 1 0x000000008000455c (0x00c800bb) x1  0xfffffffffffffd3b
core   0: 0x0000000080004560 (0xdae775c3) fmadd.d fa1, fa4, fa4, fs11
core   0: 1 0x0000000080004560 (0xdae775c3) f11 0x7ff8000000000000
core   0: 0x0000000080004564 (0xa3b68653) fle.d   a2, fa3, fs11
core   0: 1 0x0000000080004564 (0xa3b68653) c1_fflags 0x0000000000000010 x12 0x0000000000000000
core   0: 0x0000000080004568 (0x00d894bb) sllw    s1, a7, a3
core   0: 1 0x0000000080004568 (0x00d894bb) x9  0x0000000000000223
core   0: 0x000000008000456c (0xd20380d3) fcvt.d.w ft1, t2
core   0: 1 0x000000008000456c (0xd20380d3) f1  0xc1d07e4eba000000
core   0: 0x0000000080004570 (0x031512b3) mulh    t0, a0, a7
core   0: 1 0x0000000080004570 (0x031512b3) x5  0xffffffffffffffff
core   0: 0x0000000080004574 (0x001090f3) csrrw   ra, fflags, ra
core   0: 1 0x0000000080004574 (0x001090f3) x1  0x0000000000000010 c1_fflags 0x000000000000001b
core   0: 0x0000000080004578 (0x0258beb3) mulhu   t4, a7, t0
core   0: 1 0x0000000080004578 (0x0258beb3) x29 0x0000000000000222
core   0: 0x000000008000457c (0x00202473) csrrs   s0, frm, zero
core   0: 1 0x000000008000457c (0x00202473) x8  0x0000000000000000
core   0: 0x0000000080004580 (0x000d5d13) srli    s10, s10, 0
core   0: 1 0x0000000080004580 (0x000d5d13) x26 0x0000000000d7404e
core   0: 0x0000000080004584 (0x020414b3) mulh    s1, s0, zero
core   0: 1 0x0000000080004584 (0x020414b3) x9  0x0000000000000000
core   0: 0x0000000080004588 (0x7ff9851b) addiw   a0, s3, 2047
core   0: 1 0x0000000080004588 (0x7ff9851b) x10 0x00000000000007fe
core   0: 0x000000008000458c (0x0029c133) xor     sp, s3, sp
core   0: 1 0x000000008000458c (0x0029c133) x2  0xffffffffffffffff
core   0: 0x0000000080004590 (0x82034593) xori    a1, t1, -2016
core   0: 1 0x0000000080004590 (0x82034593) x11 0xffffffb098090ce7
core   0: 0x0000000080004594 (0x00000406) c.slli  s0, 1
core   0: 1 0x0000000080004594 (0x0406) x8  0x0000000000000000
core   0: 0x0000000080004596 (0x00340c33) add     s8, s0, gp
core   0: 1 0x0000000080004596 (0x00340c33) x24 0x0000000000000000
core   0: 0x000000008000459a (0x000bda13) srli    s4, s7, 0
core   0: 1 0x000000008000459a (0x000bda13) x20 0xffffffff80000000
core   0: 0x000000008000459e (0x0adc7553) fsub.d  fa0, fs8, fa3
core   0: 1 0x000000008000459e (0x0adc7553) f10 0x7ff8000000000000
core   0: 0x00000000800045a2 (0x0371f9bb) remuw   s3, gp, s7
core   0: 1 0x00000000800045a2 (0x0371f9bb) x19 0x0000000000000000
core   0: 0x00000000800045a6 (0x038b2b33) mulhsu  s6, s6, s8
core   0: 1 0x00000000800045a6 (0x038b2b33) x22 0x0000000000000000
core   0: 0x00000000800045aa (0x002b12f3) csrrw   t0, frm, s6
core   0: 1 0x00000000800045aa (0x002b12f3) x5  0x0000000000000000 c2_frm 0x0000000000000000
core   0: 0x00000000800045ae (0x401c5193) srai    gp, s8, 1
core   0: 1 0x00000000800045ae (0x401c5193) x3  0x0000000000000000
core   0: 0x00000000800045b2 (0x4571f413) andi    s0, gp, 1111
core   0: 1 0x00000000800045b2 (0x4571f413) x8  0x0000000000000000
core   0: 0x00000000800045b6 (0x00ca4333) xor     t1, s4, a2
core   0: 1 0x00000000800045b6 (0x00ca4333) x6  0xffffffff80000000
core   0: 0x00000000800045ba (0x413d5a3b) sraw    s4, s10, s3
core   0: 1 0x00000000800045ba (0x413d5a3b) x20 0x0000000000d7404e
core   0: 0x00000000800045be (0x0347e7bb) remw    a5, a5, s4
core   0: 1 0x00000000800045be (0x0347e7bb) x15 0xffffffffffce7350
core   0: 0x00000000800045c2 (0x3100f4f3) csrrci  s1, mstatush, 1
core   0: exception trap_illegal_instruction, epc 0x00000000800045c2
core   0:           tval 0x000000003100f4f3
core   0: >>>>  $xrv64i2p1_m2p0_a2p1_f2p2_d2p2_zicsr2p0_zifencei2p0_zmmul1p0_zba1p0_zbb1p0_zbc1p0_zbs1p0
core   0: 0x0000000080004000 (0x0080006f) j       pc + 0x8
core   0: 3 0x0000000080004000 (0x0080006f)
core   0: >>>>  mmode_exception_handler
core   0: 0x0000000080004008 (0x00002c17) auipc   s8, 0x2
core   0: 3 0x0000000080004008 (0x00002c17) x24 0x0000000080006008
core   0: 0x000000008000400c (0x080c0c13) addi    s8, s8, 128
core   0: 3 0x000000008000400c (0x080c0c13) x24 0x0000000080006088
core   0: 0x0000000080004010 (0x000c00e7) jalr    s8
core   0: 3 0x0000000080004010 (0x000c00e7) x1  0x0000000080004014
core   0: >>>>  any_handler
core   0: 0x0000000080006088 (0x341027f3) csrrs   a5, mepc, zero
core   0: 3 0x0000000080006088 (0x341027f3) x15 0x00000000800045c2
core   0: 0x000000008000608c (0x34202773) csrrs   a4, mcause, zero
core   0: 3 0x000000008000608c (0x34202773) x14 0x0000000000000002
core   0: 0x0000000080006090 (0x142026f3) csrrs   a3, scause, zero
core   0: 3 0x0000000080006090 (0x142026f3) x13 0x0000000000000000
core   0: 0x0000000080006094 (0x30402673) csrrs   a2, mie, zero
core   0: 3 0x0000000080006094 (0x30402673) x12 0x0000000000000a00
core   0: 0x0000000080006098 (0x344025f3) csrrs   a1, mip, zero
core   0: 3 0x0000000080006098 (0x344025f3) x11 0x0000000000000080
core   0: 0x000000008000609c (0x343025f3) csrrs   a1, mtval, zero
core   0: 3 0x000000008000609c (0x343025f3) x11 0x000000003100f4f3
core   0: 0x00000000800060a0 (0x14302573) csrrs   a0, stval, zero
core   0: 3 0x00000000800060a0 (0x14302573) x10 0x0000000000000000
core   0: 0x00000000800060a4 (0xb02024f3) csrrs   s1, minstret, zero
core   0: 3 0x00000000800060a4 (0xb02024f3) x9  0x00000000000009be
core   0: 0x00000000800060a8 (0x0000a811) c.j     pc + 20
core   0: 3 0x00000000800060a8 (0xa811)
core   0: >>>>  mepc_4
core   0: 0x00000000800060bc (0x00000791) c.addi  a5, 4
core   0: 3 0x00000000800060bc (0x0791) x15 0x00000000800045c6
core   0: 0x00000000800060be (0x34179073) csrrw   zero, mepc, a5
core   0: 3 0x00000000800060be (0x34179073) c833_mepc 0x00000000800045c6
core   0: 0x00000000800060c2 (0x30200073) mret
core   0: 3 0x00000000800060c2 (0x30200073) c768_mstatus 0x8000000a00106080
core   0: 0x00000000800045c6 (0x0178abb3) slt     s7, a7, s7
core   0: 1 0x00000000800045c6 (0x0178abb3) x23 0x0000000000000000
core   0: 0x00000000800045ca (0x022e80bb) mulw    ra, t4, sp
core   0: 1 0x00000000800045ca (0x022e80bb) x1  0xfffffffffffffdde
core   0: 0x00000000800045ce (0x4014033b) subw    t1, s0, ra
core   0: 1 0x00000000800045ce (0x4014033b) x6  0x0000000000000222
core   0: 0x00000000800045d2 (0x0a447ed3) fsub.d  ft9, fs0, ft4
core   0: 1 0x00000000800045d2 (0x0a447ed3) f29 0xc08b180000000000
core   0: 0x00000000800045d6 (0x000098ee) c.add   a7, s11
core   0: 1 0x00000000800045d6 (0x98ee) x17 0x0000000000000c23
core   0: 0x00000000800045d8 (0x01231913) slli    s2, t1, 18
core   0: 1 0x00000000800045d8 (0x01231913) x18 0x0000000008880000
core   0: 0x00000000800045dc (0x7af3fccb) fnmsub.d fs9, ft7, fa5, fa5
core   0: 1 0x00000000800045dc (0x7af3fccb) f25 0x7ff8000000000000
core   0: 0x00000000800045e0 (0x43f55093) srai    ra, a0, 63
core   0: 1 0x00000000800045e0 (0x43f55093) x1  0x0000000000000000
core   0: 0x00000000800045e4 (0x236aadd3) fsgnjx.d fs11, fs5, fs6
core   0: 1 0x00000000800045e4 (0x236aadd3) f27 0x7ff8000000000000
core   0: 0x00000000800045e8 (0xc03df953) fcvt.lu.s s2, fs11
core   0: 1 0x00000000800045e8 (0xc03df953) c1_fflags 0x000000000000001b x18 0xffffffffffffffff
core   0: 0x00000000800045ec (0x01de8ebb) addw    t4, t4, t4
core   0: 1 0x00000000800045ec (0x01de8ebb) x29 0x0000000000000444
core   0: 0x00000000800045f0 (0x0350e5bb) remw    a1, ra, s5
core   0: 1 0x00000000800045f0 (0x0350e5bb) x11 0x0000000000000000
core   0: 0x00000000800045f4 (0x00003bfd) c.addiw s7, -1
core   0: 1 0x00000000800045f4 (0x3bfd) x23 0xffffffffffffffff
core   0: 0x00000000800045f6 (0xd026f253) fcvt.s.l ft4, a3
core   0: 1 0x00000000800045f6 (0xd026f253) f4  0xffffffff00000000
core   0: 0x00000000800045fa (0x03b66dbb) remw    s11, a2, s11
core   0: 1 0x00000000800045fa (0x03b66dbb) x27 0x0000000000000000
core   0: 0x00000000800045fe (0x019858bb) srlw    a7, a6, s9
core   0: 1 0x00000000800045fe (0x019858bb) x17 0x0000000000000001
core   0: 0x0000000080004602 (0x40127953) fcvt.s.d fs2, ft4
core   0: 1 0x0000000080004602 (0x40127953) f18 0xffffffff7fc00000
core   0: 0x0000000080004606 (0x00102df3) csrrs   s11, fflags, zero
core   0: 1 0x0000000080004606 (0x00102df3) x27 0x000000000000001b
core   0: 0x000000008000460a (0x013990b3) sll     ra, s3, s3
core   0: 1 0x000000008000460a (0x013990b3) x1  0x0000000000000000
core   0: 0x000000008000460e (0x02173b33) mulhu   s6, a4, ra
core   0: 1 0x000000008000460e (0x02173b33) x22 0x0000000000000000
core   0: 0x0000000080004612 (0x020898b3) mulh    a7, a7, zero
core   0: 1 0x0000000080004612 (0x020898b3) x17 0x0000000000000000
core   0: 0x0000000080004616 (0xc810daf3) csrrwi  s5, timeh, 1
core   0: exception trap_illegal_instruction, epc 0x0000000080004616
core   0:           tval 0x00000000c810daf3
core   0: >>>>  $xrv64i2p1_m2p0_a2p1_f2p2_d2p2_zicsr2p0_zifencei2p0_zmmul1p0_zba1p0_zbb1p0_zbc1p0_zbs1p0
core   0: 0x0000000080004000 (0x0080006f) j       pc + 0x8
core   0: 3 0x0000000080004000 (0x0080006f)
core   0: >>>>  mmode_exception_handler
core   0: 0x0000000080004008 (0x00002c17) auipc   s8, 0x2
core   0: 3 0x0000000080004008 (0x00002c17) x24 0x0000000080006008
core   0: 0x000000008000400c (0x080c0c13) addi    s8, s8, 128
core   0: 3 0x000000008000400c (0x080c0c13) x24 0x0000000080006088
core   0: 0x0000000080004010 (0x000c00e7) jalr    s8
core   0: 3 0x0000000080004010 (0x000c00e7) x1  0x0000000080004014
core   0: >>>>  any_handler
core   0: 0x0000000080006088 (0x341027f3) csrrs   a5, mepc, zero
core   0: 3 0x0000000080006088 (0x341027f3) x15 0x0000000080004616
core   0: 0x000000008000608c (0x34202773) csrrs   a4, mcause, zero
core   0: 3 0x000000008000608c (0x34202773) x14 0x0000000000000002
core   0: 0x0000000080006090 (0x142026f3) csrrs   a3, scause, zero
core   0: 3 0x0000000080006090 (0x142026f3) x13 0x0000000000000000
core   0: 0x0000000080006094 (0x30402673) csrrs   a2, mie, zero
core   0: 3 0x0000000080006094 (0x30402673) x12 0x0000000000000a00
core   0: 0x0000000080006098 (0x344025f3) csrrs   a1, mip, zero
core   0: 3 0x0000000080006098 (0x344025f3) x11 0x0000000000000080
core   0: 0x000000008000609c (0x343025f3) csrrs   a1, mtval, zero
core   0: 3 0x000000008000609c (0x343025f3) x11 0x00000000c810daf3
core   0: 0x00000000800060a0 (0x14302573) csrrs   a0, stval, zero
core   0: 3 0x00000000800060a0 (0x14302573) x10 0x0000000000000000
core   0: 0x00000000800060a4 (0xb02024f3) csrrs   s1, minstret, zero
core   0: 3 0x00000000800060a4 (0xb02024f3) x9  0x00000000000009e3
core   0: 0x00000000800060a8 (0x0000a811) c.j     pc + 20
core   0: 3 0x00000000800060a8 (0xa811)
core   0: >>>>  mepc_4
core   0: 0x00000000800060bc (0x00000791) c.addi  a5, 4
core   0: 3 0x00000000800060bc (0x0791) x15 0x000000008000461a
core   0: 0x00000000800060be (0x34179073) csrrw   zero, mepc, a5
core   0: 3 0x00000000800060be (0x34179073) c833_mepc 0x000000008000461a
core   0: 0x00000000800060c2 (0x30200073) mret
core   0: 3 0x00000000800060c2 (0x30200073) c768_mstatus 0x8000000a00106080
core   0: 0x000000008000461a (0x03e7dd13) srli    s10, a5, 62
core   0: 1 0x000000008000461a (0x03e7dd13) x26 0x0000000000000000
core   0: 0x000000008000461e (0x00d0863b) addw    a2, ra, a3
core   0: 1 0x000000008000461e (0x00d0863b) x12 0xffffffff80004014
core   0: 0x0000000080004622 (0x1303f64b) fnmsub.d fa2, ft7, fa6, ft2
core   0: 1 0x0000000080004622 (0x1303f64b) f12 0x7ff8000000000000
core   0: 0x0000000080004626 (0x003b9213) slli    tp, s7, 3
core   0: 1 0x0000000080004626 (0x003b9213) x4  0xfffffffffffffff8
core   0: 0x000000008000462a (0x01a43637) lui     a2, 0x1a43
core   0: 1 0x000000008000462a (0x01a43637) x12 0x0000000001a43000
core   0: 0x000000008000462e (0x02f6061b) addiw   a2, a2, 47
core   0: 1 0x000000008000462e (0x02f6061b) x12 0x0000000001a4302f
core   0: 0x0000000080004632 (0x0000063a) c.slli  a2, 14
core   0: 1 0x0000000080004632 (0x063a) x12 0x000000690c0bc000
core   0: 0x0000000080004634 (0xae460613) addi    a2, a2, -1308
core   0: 1 0x0000000080004634 (0xae460613) x12 0x000000690c0bbae4
core   0: 0x0000000080004638 (0x01c9971b) slliw   a4, s3, 28
core   0: 1 0x0000000080004638 (0x01c9971b) x14 0x0000000000000000
core   0: 0x000000008000463c (0x02ea0a33) mul     s4, s4, a4
core   0: 1 0x000000008000463c (0x02ea0a33) x20 0x0000000000000000
core   0: 0x0000000080004640 (0x22292053) fsgnjx.d ft0, fs2, ft2
core   0: 1 0x0000000080004640 (0x22292053) f0  0xffffffff7fc00000
core   0: 0x0000000080004644 (0xc02070d3) fcvt.l.s ra, ft0
core   0: 1 0x0000000080004644 (0xc02070d3) c1_fflags 0x000000000000001b x1  0x7fffffffffffffff
core   0: 0x0000000080004648 (0x620a7c4b) fnmsub.d fs8, fs4, ft0, fa2
core   0: 1 0x0000000080004648 (0x620a7c4b) f24 0x7ff8000000000000
core   0: 0x000000008000464c (0x40ce82b3) sub     t0, t4, a2
core   0: 1 0x000000008000464c (0x40ce82b3) x5  0xffffff96f3f44960
core   0: 0x0000000080004650 (0x02820033) mul     zero, tp, s0
core   0: 1 0x0000000080004650 (0x02820033)
core   0: 0x0000000080004654 (0x0191549b) srliw   s1, sp, 25
core   0: 1 0x0000000080004654 (0x0191549b) x9  0x000000000000007f
core   0: 0x0000000080004658 (0x0014e593) ori     a1, s1, 1
core   0: 1 0x0000000080004658 (0x0014e593) x11 0x000000000000007f
core   0: 0x000000008000465c (0xef99d8b7) lui     a7, 0xef99d
core   0: 1 0x000000008000465c (0xef99d8b7) x17 0xffffffffef99d000
core   0: 0x0000000080004660 (0x0005d73b) srlw    a4, a1, zero
core   0: 1 0x0000000080004660 (0x0005d73b) x14 0x000000000000007f
core   0: 0x0000000080004664 (0x031741b3) div     gp, a4, a7
core   0: 1 0x0000000080004664 (0x031741b3) x3  0x0000000000000000
core   0: 0x0000000080004668 (0x01a54d33) xor     s10, a0, s10
core   0: 1 0x0000000080004668 (0x01a54d33) x26 0x0000000000000000
core   0: 0x000000008000466c (0xddb617b7) lui     a5, 0xddb61
core   0: 1 0x000000008000466c (0xddb617b7) x15 0xffffffffddb61000
core   0: 0x0000000080004670 (0x4016fe53) fcvt.s.d ft8, fa3
core   0: 1 0x0000000080004670 (0x4016fe53) f28 0xffffffff7fc00000
core   0: 0x0000000080004674 (0xd036f353) fcvt.s.lu ft6, a3
core   0: 1 0x0000000080004674 (0xd036f353) f6  0xffffffff00000000
core   0: 0x0000000080004678 (0x0017fc93) andi    s9, a5, 1
core   0: 1 0x0000000080004678 (0x0017fc93) x25 0x0000000000000000
core   0: 0x000000008000467c (0x07130137) lui     sp, 0x7130
core   0: 1 0x000000008000467c (0x07130137) x2  0x0000000007130000
core   0: 0x0000000080004680 (0xa891011b) addiw   sp, sp, -1399
core   0: 1 0x0000000080004680 (0xa891011b) x2  0x000000000712fa89
core   0: 0x0000000080004684 (0x00000132) c.slli  sp, 12
core   0: 1 0x0000000080004684 (0x0132) x2  0x000000712fa89000
core   0: 0x0000000080004686 (0xbea10113) addi    sp, sp, -1046
core   0: 1 0x0000000080004686 (0xbea10113) x2  0x000000712fa88bea
core   0: 0x000000008000468a (0x5a0176d3) fsqrt.d fa3, ft2
core   0: 1 0x000000008000468a (0x5a0176d3) f13 0x0000000000000000
core   0: 0x000000008000468e (0x40f8083b) subw    a6, a6, a5
core   0: 1 0x000000008000468e (0x40f8083b) x16 0x000000002249ebfb
core   0: 0x0000000080004692 (0xa2d90c53) fle.d   s8, fs2, fa3
core   0: 1 0x0000000080004692 (0xa2d90c53) c1_fflags 0x000000000000001b x24 0x0000000000000000
core   0: 0x0000000080004696 (0x006219b3) sll     s3, tp, t1
core   0: 1 0x0000000080004696 (0x006219b3) x19 0xffffffe000000000
core   0: 0x000000008000469a (0xf1165873) csrrwi  a6, mvendorid, 12
core   0: exception trap_illegal_instruction, epc 0x000000008000469a
core   0:           tval 0x00000000f1165873
core   0: >>>>  $xrv64i2p1_m2p0_a2p1_f2p2_d2p2_zicsr2p0_zifencei2p0_zmmul1p0_zba1p0_zbb1p0_zbc1p0_zbs1p0
core   0: 0x0000000080004000 (0x0080006f) j       pc + 0x8
core   0: 3 0x0000000080004000 (0x0080006f)
core   0: >>>>  mmode_exception_handler
core   0: 0x0000000080004008 (0x00002c17) auipc   s8, 0x2
core   0: 3 0x0000000080004008 (0x00002c17) x24 0x0000000080006008
core   0: 0x000000008000400c (0x080c0c13) addi    s8, s8, 128
core   0: 3 0x000000008000400c (0x080c0c13) x24 0x0000000080006088
core   0: 0x0000000080004010 (0x000c00e7) jalr    s8
core   0: 3 0x0000000080004010 (0x000c00e7) x1  0x0000000080004014
core   0: >>>>  any_handler
core   0: 0x0000000080006088 (0x341027f3) csrrs   a5, mepc, zero
core   0: 3 0x0000000080006088 (0x341027f3) x15 0x000000008000469a
core   0: 0x000000008000608c (0x34202773) csrrs   a4, mcause, zero
core   0: 3 0x000000008000608c (0x34202773) x14 0x0000000000000002
core   0: 0x0000000080006090 (0x142026f3) csrrs   a3, scause, zero
core   0: 3 0x0000000080006090 (0x142026f3) x13 0x0000000000000000
core   0: 0x0000000080006094 (0x30402673) csrrs   a2, mie, zero
core   0: 3 0x0000000080006094 (0x30402673) x12 0x0000000000000a00
core   0: 0x0000000080006098 (0x344025f3) csrrs   a1, mip, zero
core   0: 3 0x0000000080006098 (0x344025f3) x11 0x0000000000000080
core   0: 0x000000008000609c (0x343025f3) csrrs   a1, mtval, zero
core   0: 3 0x000000008000609c (0x343025f3) x11 0x00000000f1165873
core   0: 0x00000000800060a0 (0x14302573) csrrs   a0, stval, zero
core   0: 3 0x00000000800060a0 (0x14302573) x10 0x0000000000000000
core   0: 0x00000000800060a4 (0xb02024f3) csrrs   s1, minstret, zero
core   0: 3 0x00000000800060a4 (0xb02024f3) x9  0x0000000000000a14
core   0: 0x00000000800060a8 (0x0000a811) c.j     pc + 20
core   0: 3 0x00000000800060a8 (0xa811)
core   0: >>>>  mepc_4
core   0: 0x00000000800060bc (0x00000791) c.addi  a5, 4
core   0: 3 0x00000000800060bc (0x0791) x15 0x000000008000469e
core   0: 0x00000000800060be (0x34179073) csrrw   zero, mepc, a5
core   0: 3 0x00000000800060be (0x34179073) c833_mepc 0x000000008000469e
core   0: 0x00000000800060c2 (0x30200073) mret
core   0: 3 0x00000000800060c2 (0x30200073) c768_mstatus 0x8000000a00106080
core   0: 0x000000008000469e (0xd03bf253) fcvt.s.lu ft4, s7
core   0: 1 0x000000008000469e (0xd03bf253) c1_fflags 0x000000000000001b f4  0xffffffff5f800000
core   0: 0x00000000800046a2 (0x41018233) sub     tp, gp, a6
core   0: 1 0x00000000800046a2 (0x41018233) x4  0xffffffffddb61405
core   0: 0x00000000800046a6 (0x5a047ad3) fsqrt.d fs5, fs0
core   0: 1 0x00000000800046a6 (0x5a047ad3) f21 0x0000000000000000
core   0: 0x00000000800046aa (0x00421abb) sllw    s5, tp, tp
core   0: 1 0x00000000800046aa (0x00421abb) x21 0xffffffffb6c280a0
core   0: 0x00000000800046ae (0x4337ed93) ori     s11, a5, 1075
core   0: 1 0x00000000800046ae (0x4337ed93) x27 0x00000000800046bf
core   0: 0x00000000800046b2 (0x2231a353) fsgnjx.d ft6, ft3, ft3
core   0: 1 0x00000000800046b2 (0x2231a353) f6  0x7fffffff00000000
core   0: 0x00000000800046b6 (0x018787bb) addw    a5, a5, s8
core   0: 1 0x00000000800046b6 (0x018787bb) x15 0x000000000000a726
core   0: 0x00000000800046ba (0x13837553) fmul.d  fa0, ft6, fs8
core   0: 1 0x00000000800046ba (0x13837553) f10 0x7ff8000000000000
core   0: 0x00000000800046be (0x00000001) c.nop
core   0: 1 0x00000000800046be (0x0001)
core   0: 0x00000000800046c0 (0xff20851b) addiw   a0, ra, -14
core   0: 1 0x00000000800046c0 (0xff20851b) x10 0xffffffff80004006
core   0: 0x00000000800046c4 (0x00d62933) slt     s2, a2, a3
core   0: 1 0x00000000800046c4 (0x00d62933) x18 0x0000000000000000
core   0: 0x00000000800046c8 (0x0267f7b3) remu    a5, a5, t1
core   0: 1 0x00000000800046c8 (0x0267f7b3) x15 0x00000000000000ca
core   0: 0x00000000800046cc (0xae130093) addi    ra, t1, -1311
core   0: 1 0x00000000800046cc (0xae130093) x1  0xfffffffffffffd03
core   0: 0x00000000800046d0 (0x004af3b3) and     t2, s5, tp
core   0: 1 0x00000000800046d0 (0x004af3b3) x7  0xffffffff94820000
core   0: 0x00000000800046d4 (0x02a64a33) div     s4, a2, a0
core   0: 1 0x00000000800046d4 (0x02a64a33) x20 0x0000000000000000
core   0: 0x00000000800046d8 (0x0238f4bb) remuw   s1, a7, gp
core   0: 1 0x00000000800046d8 (0x0238f4bb) x9  0xffffffffef99d000
core   0: 0x00000000800046dc (0xd029ff53) fcvt.s.l ft10, s3
core   0: 1 0x00000000800046dc (0xd029ff53) f30 0xffffffffd2000000
core   0: 0x00000000800046e0 (0x65878c9b) addiw   s9, a5, 1624
core   0: 1 0x00000000800046e0 (0x65878c9b) x25 0x0000000000000722
core   0: 0x00000000800046e4 (0x41aa023b) subw    tp, s4, s10
core   0: 1 0x00000000800046e4 (0x41aa023b) x4  0x0000000000000000
core   0: 0x00000000800046e8 (0x03c17ad3) fadd.d  fs5, ft2, ft8
core   0: 1 0x00000000800046e8 (0x03c17ad3) f21 0x7ff8000000000000
core   0: 0x00000000800046ec (0x00281673) csrrw   a2, frm, a6
core   0: 1 0x00000000800046ec (0x00281673) x12 0x0000000000000000 c2_frm 0x0000000000000003
core   0: 0x00000000800046f0 (0xe2010053) fmv.x.d zero, ft2
core   0: 1 0x00000000800046f0 (0xe2010053)
core   0: 0x00000000800046f4 (0x232a9653) fsgnjn.d fa2, fs5, fs2
core   0: 1 0x00000000800046f4 (0x232a9653) f12 0x7ff8000000000000
core   0: 0x00000000800046f8 (0x2ac37a13) andi    s4, t1, 684
core   0: 1 0x00000000800046f8 (0x2ac37a13) x20 0x0000000000000220
core   0: 0x00000000800046fc (0x00008bb6) c.mv    s7, a3
core   0: 1 0x00000000800046fc (0x8bb6) x23 0x0000000000000000
core   0: 0x00000000800046fe (0x00202873) csrrs   a6, frm, zero
core   0: 1 0x00000000800046fe (0x00202873) x16 0x0000000000000003
core   0: 0x0000000080004702 (0x00e808bb) addw    a7, a6, a4
core   0: 1 0x0000000080004702 (0x00e808bb) x17 0x0000000000000005
core   0: 0x0000000080004706 (0x411805b3) sub     a1, a6, a7
core   0: 1 0x0000000080004706 (0x411805b3) x11 0xfffffffffffffffe
core   0: 0x000000008000470a (0x01463037) lui     zero, 0x1463
core   0: 1 0x000000008000470a (0x01463037)
core   0: 0x000000008000470e (0xce50001b) addiw   zero, zero, -795
core   0: 1 0x000000008000470e (0xce50001b)
core   0: 0x0000000080004712 (0x00e01013) slli    zero, zero, 14
core   0: 1 0x0000000080004712 (0x00e01013)
core   0: 0x0000000080004716 (0x3c900013) li      zero, 969
core   0: 1 0x0000000080004716 (0x3c900013)
core   0: 0x000000008000471a (0x00000001) c.nop
core   0: 1 0x000000008000471a (0x0001)
core   0: 0x000000008000471c (0x00279bf3) csrrw   s7, frm, a5
core   0: 1 0x000000008000471c (0x00279bf3) x23 0x0000000000000003 c2_frm 0x0000000000000002
core   0: 0x0000000080004720 (0x1ac87253) fdiv.d  ft4, fa6, fa2
core   0: 1 0x0000000080004720 (0x1ac87253) f4  0x7ff8000000000000
core   0: 0x0000000080004724 (0xfff3889b) addiw   a7, t2, -1
core   0: 1 0x0000000080004724 (0xfff3889b) x17 0xffffffff9481ffff
core   0: 0x0000000080004728 (0x03114e3b) divw    t3, sp, a7
core   0: 1 0x0000000080004728 (0x03114e3b) x28 0x0000000000000000
core   0: 0x000000008000472c (0x40590b3b) subw    s6, s2, t0
core   0: 1 0x000000008000472c (0x40590b3b) x22 0x000000000c0bb6a0
core   0: 0x0000000080004730 (0x02f29b93) slli    s7, t0, 47
core   0: 1 0x0000000080004730 (0x02f29b93) x23 0x24b0000000000000
core   0: 0x0000000080004734 (0xfdfa8713) addi    a4, s5, -33
core   0: 1 0x0000000080004734 (0xfdfa8713) x14 0xffffffffb6c2807f
core   0: 0x0000000080004738 (0x004bc233) xor     tp, s7, tp
core   0: 1 0x0000000080004738 (0x004bc233) x4  0x24b0000000000000
core   0: 0x000000008000473c (0x00d1ab33) slt     s6, gp, a3
core   0: 1 0x000000008000473c (0x00d1ab33) x22 0x0000000000000000
core   0: 0x0000000080004740 (0xd20485d3) fcvt.d.w fa1, s1
core   0: 1 0x0000000080004740 (0xd20485d3) f11 0xc1b0663000000000
core   0: 0x0000000080004744 (0x02a700b3) mul     ra, a4, a0
core   0: 1 0x0000000080004744 (0x02a700b3) x1  0x249ead6f68aec2fa
core   0: 0x0000000080004748 (0x02b34233) div     tp, t1, a1
core   0: 1 0x0000000080004748 (0x02b34233) x4  0xfffffffffffffeef
core   0: 0x000000008000474c (0x019913bb) sllw    t2, s2, s9
core   0: 1 0x000000008000474c (0x019913bb) x7  0x0000000000000000
core   0: 0x0000000080004750 (0x024756bb) divuw   a3, a4, tp
core   0: 1 0x0000000080004750 (0x024756bb) x13 0x0000000000000000
core   0: 0x0000000080004754 (0x01eddc9b) srliw   s9, s11, 30
core   0: 1 0x0000000080004754 (0x01eddc9b) x25 0x0000000000000002
core   0: 0x0000000080004758 (0x41b785b3) sub     a1, a5, s11
core   0: 1 0x0000000080004758 (0x41b785b3) x11 0xffffffff7fffba0b
core   0: 0x000000008000475c (0x03be12b3) mulh    t0, t3, s11
core   0: 1 0x000000008000475c (0x03be12b3) x5  0x0000000000000000
core   0: 0x0000000080004760 (0x026a5a13) srli    s4, s4, 38
core   0: 1 0x0000000080004760 (0x026a5a13) x20 0x0000000000000000
core   0: 0x0000000080004764 (0x02e20a33) mul     s4, tp, a4
core   0: 1 0x0000000080004764 (0x02e20a33) x20 0x0000004e1a94f891
core   0: 0x0000000080004768 (0x406ede9b) sraiw   t4, t4, 6
core   0: 1 0x0000000080004768 (0x406ede9b) x29 0x0000000000000011
core   0: 0x000000008000476c (0x02aafdbb) remuw   s11, s5, a0
core   0: 1 0x000000008000476c (0x02aafdbb) x27 0x0000000036c2409a
core   0: 0x0000000080004770 (0x69ae0313) addi    t1, t3, 1690
core   0: 1 0x0000000080004770 (0x69ae0313) x6  0x000000000000069a
core   0: 0x0000000080004774 (0xd22e7153) fcvt.d.l ft2, t3
core   0: 1 0x0000000080004774 (0xd22e7153) f2  0x0000000000000000
core   0: 0x0000000080004778 (0x01bd8933) add     s2, s11, s11
core   0: 1 0x0000000080004778 (0x01bd8933) x18 0x000000006d848134
core   0: 0x000000008000477c (0x142075f3) csrrci  a1, scause, 0
core   0: 1 0x000000008000477c (0x142075f3) x11 0x0000000000000000
core   0: 0x0000000080004780 (0x0371fbd3) fadd.d  fs7, ft3, fs7
core   0: 1 0x0000000080004780 (0x0371fbd3) f23 0x7ff8000000000000
core   0: 0x0000000080004784 (0x0033dd1b) srliw   s10, t2, 3
core   0: 1 0x0000000080004784 (0x0033dd1b) x26 0x0000000000000000
core   0: 0x0000000080004788 (0x02d871b3) remu    gp, a6, a3
core   0: 1 0x0000000080004788 (0x02d871b3) x3  0x0000000000000003
core   0: 0x000000008000478c (0x0ba0f7d3) fsub.d  fa5, ft1, fs10
core   0: 1 0x000000008000478c (0x0ba0f7d3) f15 0xc1f0205a1db00000
core   0: 0x0000000080004790 (0x0349fa33) remu    s4, s3, s4
core   0: 1 0x0000000080004790 (0x0349fa33) x20 0x00000009d0caa992
core   0: 0x0000000080004794 (0x038a1313) slli    t1, s4, 56
core   0: 1 0x0000000080004794 (0x038a1313) x6  0x9200000000000000
core   0: 0x0000000080004798 (0x029351b3) divu    gp, t1, s1
core   0: 1 0x0000000080004798 (0x029351b3) x3  0x0000000000000000
core   0: 0x000000008000479c (0x40335a3b) sraw    s4, t1, gp
core   0: 1 0x000000008000479c (0x40335a3b) x20 0x0000000000000000
core   0: 0x00000000800047a0 (0x01291933) sll     s2, s2, s2
core   0: 1 0x00000000800047a0 (0x01291933) x18 0x1340000000000000
core   0: 0x00000000800047a4 (0xd21184d3) fcvt.d.wu fs1, gp
core   0: 1 0x00000000800047a4 (0xd21184d3) f9  0x0000000000000000
core   0: 0x00000000800047a8 (0xc024f9d3) fcvt.l.s s3, fs1
core   0: 1 0x00000000800047a8 (0xc024f9d3) c1_fflags 0x000000000000001b x19 0x7fffffffffffffff
core   0: 0x00000000800047ac (0x00249ef3) csrrw   t4, frm, s1
core   0: 1 0x00000000800047ac (0x00249ef3) x29 0x0000000000000002 c2_frm 0x0000000000000000
core   0: 0x00000000800047b0 (0x00a711bb) sllw    gp, a4, a0
core   0: 1 0x00000000800047b0 (0x00a711bb) x3  0xffffffffb0a01fc0
core   0: 0x00000000800047b4 (0xd23cfcd3) fcvt.d.lu fs9, s9
core   0: 1 0x00000000800047b4 (0xd23cfcd3) f25 0x4000000000000000
core   0: 0x00000000800047b8 (0x01b63c37) lui     s8, 0x1b63
core   0: 1 0x00000000800047b8 (0x01b63c37) x24 0x0000000001b63000
core   0: 0x00000000800047bc (0xa19c0c1b) addiw   s8, s8, -1511
core   0: 1 0x00000000800047bc (0xa19c0c1b) x24 0x0000000001b62a19
core   0: 0x00000000800047c0 (0x00000c36) c.slli  s8, 13
core   0: 1 0x00000000800047c0 (0x0c36) x24 0x00000036c5432000
core   0: 0x00000000800047c2 (0x58ac0c13) addi    s8, s8, 1418
core   0: 1 0x00000000800047c2 (0x58ac0c13) x24 0x00000036c543258a
core   0: 0x00000000800047c6 (0x0051939b) slliw   t2, gp, 5
core   0: 1 0x00000000800047c6 (0x0051939b) x7  0x000000001403f800
core   0: 0x00000000800047ca (0xc01076f3) csrrci  a3, time, 0
core   0: exception trap_illegal_instruction, epc 0x00000000800047ca
core   0:           tval 0x00000000c01076f3
core   0: >>>>  $xrv64i2p1_m2p0_a2p1_f2p2_d2p2_zicsr2p0_zifencei2p0_zmmul1p0_zba1p0_zbb1p0_zbc1p0_zbs1p0
core   0: 0x0000000080004000 (0x0080006f) j       pc + 0x8
core   0: 3 0x0000000080004000 (0x0080006f)
core   0: >>>>  mmode_exception_handler
core   0: 0x0000000080004008 (0x00002c17) auipc   s8, 0x2
core   0: 3 0x0000000080004008 (0x00002c17) x24 0x0000000080006008
core   0: 0x000000008000400c (0x080c0c13) addi    s8, s8, 128
core   0: 3 0x000000008000400c (0x080c0c13) x24 0x0000000080006088
core   0: 0x0000000080004010 (0x000c00e7) jalr    s8
core   0: 3 0x0000000080004010 (0x000c00e7) x1  0x0000000080004014
core   0: >>>>  any_handler
core   0: 0x0000000080006088 (0x341027f3) csrrs   a5, mepc, zero
core   0: 3 0x0000000080006088 (0x341027f3) x15 0x00000000800047ca
core   0: 0x000000008000608c (0x34202773) csrrs   a4, mcause, zero
core   0: 3 0x000000008000608c (0x34202773) x14 0x0000000000000002
core   0: 0x0000000080006090 (0x142026f3) csrrs   a3, scause, zero
core   0: 3 0x0000000080006090 (0x142026f3) x13 0x0000000000000000
core   0: 0x0000000080006094 (0x30402673) csrrs   a2, mie, zero
core   0: 3 0x0000000080006094 (0x30402673) x12 0x0000000000000a00
core   0: 0x0000000080006098 (0x344025f3) csrrs   a1, mip, zero
core   0: 3 0x0000000080006098 (0x344025f3) x11 0x0000000000000080
core   0: 0x000000008000609c (0x343025f3) csrrs   a1, mtval, zero
core   0: 3 0x000000008000609c (0x343025f3) x11 0x00000000c01076f3
core   0: 0x00000000800060a0 (0x14302573) csrrs   a0, stval, zero
core   0: 3 0x00000000800060a0 (0x14302573) x10 0x0000000000000000
core   0: 0x00000000800060a4 (0xb02024f3) csrrs   s1, minstret, zero
core   0: 3 0x00000000800060a4 (0xb02024f3) x9  0x0000000000000a71
core   0: 0x00000000800060a8 (0x0000a811) c.j     pc + 20
core   0: 3 0x00000000800060a8 (0xa811)
core   0: >>>>  mepc_4
core   0: 0x00000000800060bc (0x00000791) c.addi  a5, 4
core   0: 3 0x00000000800060bc (0x0791) x15 0x00000000800047ce
core   0: 0x00000000800060be (0x34179073) csrrw   zero, mepc, a5
core   0: 3 0x00000000800060be (0x34179073) c833_mepc 0x00000000800047ce
core   0: 0x00000000800060c2 (0x30200073) mret
core   0: 3 0x00000000800060c2 (0x30200073) c768_mstatus 0x8000000a00106080
core   0: 0x00000000800047ce (0x00cb1dbb) sllw    s11, s6, a2
core   0: 1 0x00000000800047ce (0x00cb1dbb) x27 0x0000000000000000
core   0: 0x00000000800047d2 (0x13207893) andi    a7, zero, 306
core   0: 1 0x00000000800047d2 (0x13207893) x17 0x0000000000000000
core   0: 0x00000000800047d6 (0x017bc4b3) xor     s1, s7, s7
core   0: 1 0x00000000800047d6 (0x017bc4b3) x9  0x0000000000000000
core   0: 0x00000000800047da (0x800ef193) andi    gp, t4, -2048
core   0: 1 0x00000000800047da (0x800ef193) x3  0x0000000000000000
core   0: 0x00000000800047de (0xd2068dd3) fcvt.d.w fs11, a3
core   0: 1 0x00000000800047de (0xd2068dd3) f27 0x0000000000000000
core   0: 0x00000000800047e2 (0x2b4a9a53) fmax.d  fs4, fs5, fs4
core   0: 1 0x00000000800047e2 (0x2b4a9a53) f20 0x7ff8000000000000
core   0: 0x00000000800047e6 (0xc20af2d3) fcvt.w.d t0, fs5
core   0: 1 0x00000000800047e6 (0xc20af2d3) c1_fflags 0x000000000000001b x5  0x000000007fffffff
core   0: 0x00000000800047ea (0x0ff0000f) fence   iorw,iorw
core   0: 1 0x00000000800047ea (0x0ff0000f)
core   0: 0x00000000800047ee (0x03aaf153) fadd.d  ft2, fs5, fs10
core   0: 1 0x00000000800047ee (0x03aaf153) f2  0x7ff8000000000000
core   0: 0x00000000800047f2 (0x02c2b7b3) mulhu   a5, t0, a2
core   0: 1 0x00000000800047f2 (0x02c2b7b3) x15 0x0000000000000000
core   0: 0x00000000800047f6 (0x0395553b) divuw   a0, a0, s9
core   0: 1 0x00000000800047f6 (0x0395553b) x10 0x0000000000000000
core   0: 0x00000000800047fa (0x00000001) c.nop
core   0: 1 0x00000000800047fa (0x0001)
core   0: 0x00000000800047fc (0xd23c7953) fcvt.d.lu fs2, s8
core   0: 1 0x00000000800047fc (0xd23c7953) f18 0x41e0000c11000000
core   0: 0x0000000080004800 (0x320575f3) csrrci  a1, mcountinhibit, 10
core   0: exception trap_illegal_instruction, epc 0x0000000080004800
core   0:           tval 0x00000000320575f3
core   0: >>>>  $xrv64i2p1_m2p0_a2p1_f2p2_d2p2_zicsr2p0_zifencei2p0_zmmul1p0_zba1p0_zbb1p0_zbc1p0_zbs1p0
core   0: 0x0000000080004000 (0x0080006f) j       pc + 0x8
core   0: 3 0x0000000080004000 (0x0080006f)
core   0: >>>>  mmode_exception_handler
core   0: 0x0000000080004008 (0x00002c17) auipc   s8, 0x2
core   0: 3 0x0000000080004008 (0x00002c17) x24 0x0000000080006008
core   0: 0x000000008000400c (0x080c0c13) addi    s8, s8, 128
core   0: 3 0x000000008000400c (0x080c0c13) x24 0x0000000080006088
core   0: 0x0000000080004010 (0x000c00e7) jalr    s8
core   0: 3 0x0000000080004010 (0x000c00e7) x1  0x0000000080004014
core   0: >>>>  any_handler
core   0: 0x0000000080006088 (0x341027f3) csrrs   a5, mepc, zero
core   0: 3 0x0000000080006088 (0x341027f3) x15 0x0000000080004800
core   0: 0x000000008000608c (0x34202773) csrrs   a4, mcause, zero
core   0: 3 0x000000008000608c (0x34202773) x14 0x0000000000000002
core   0: 0x0000000080006090 (0x142026f3) csrrs   a3, scause, zero
core   0: 3 0x0000000080006090 (0x142026f3) x13 0x0000000000000000
core   0: 0x0000000080006094 (0x30402673) csrrs   a2, mie, zero
core   0: 3 0x0000000080006094 (0x30402673) x12 0x0000000000000a00
core   0: 0x0000000080006098 (0x344025f3) csrrs   a1, mip, zero
core   0: 3 0x0000000080006098 (0x344025f3) x11 0x0000000000000080
core   0: 0x000000008000609c (0x343025f3) csrrs   a1, mtval, zero
core   0: 3 0x000000008000609c (0x343025f3) x11 0x00000000320575f3
core   0: 0x00000000800060a0 (0x14302573) csrrs   a0, stval, zero
core   0: 3 0x00000000800060a0 (0x14302573) x10 0x0000000000000000
core   0: 0x00000000800060a4 (0xb02024f3) csrrs   s1, minstret, zero
core   0: 3 0x00000000800060a4 (0xb02024f3) x9  0x0000000000000a8e
core   0: 0x00000000800060a8 (0x0000a811) c.j     pc + 20
core   0: 3 0x00000000800060a8 (0xa811)
core   0: >>>>  mepc_4
core   0: 0x00000000800060bc (0x00000791) c.addi  a5, 4
core   0: 3 0x00000000800060bc (0x0791) x15 0x0000000080004804
core   0: 0x00000000800060be (0x34179073) csrrw   zero, mepc, a5
core   0: 3 0x00000000800060be (0x34179073) c833_mepc 0x0000000080004804
core   0: 0x00000000800060c2 (0x30200073) mret
core   0: 3 0x00000000800060c2 (0x30200073) c768_mstatus 0x8000000a00106080
core   0: 0x0000000080004804 (0x00b591bb) sllw    gp, a1, a1
core   0: 1 0x0000000080004804 (0x00b591bb) x3  0xffffffffaf980000
core   0: 0x0000000080004808 (0x1264f9d3) fmul.d  fs3, fs1, ft6
core   0: 1 0x0000000080004808 (0x1264f9d3) f19 0x7ff8000000000000
core   0: 0x000000008000480c (0x001190f3) csrrw   ra, fflags, gp
core   0: 1 0x000000008000480c (0x001190f3) x1  0x000000000000001b c1_fflags 0x0000000000000000
core   0: 0x0000000080004810 (0x1334fbd3) fmul.d  fs7, fs1, fs3
core   0: 1 0x0000000080004810 (0x1334fbd3) f23 0x7ff8000000000000
core   0: 0x0000000080004814 (0x03467cb3) remu    s9, a2, s4
core   0: 1 0x0000000080004814 (0x03467cb3) x25 0x0000000000000a00
core   0: 0x0000000080004818 (0x02ae0db3) mul     s11, t3, a0
core   0: 1 0x0000000080004818 (0x02ae0db3) x27 0x0000000000000000
core   0: 0x000000008000481c (0x0005991b) slliw   s2, a1, 0
core   0: 1 0x000000008000481c (0x0005991b) x18 0x00000000320575f3
core   0: 0x0000000080004820 (0x0263e333) rem     t1, t2, t1
core   0: 1 0x0000000080004820 (0x0263e333) x6  0x000000001403f800
core   0: 0x0000000080004824 (0xd2190e53) fcvt.d.wu ft8, s2
core   0: 1 0x0000000080004824 (0xd2190e53) f28 0x41c902baf9800000
core   0: 0x0000000080004828 (0x00f15b13) srli    s6, sp, 15
core   0: 1 0x0000000080004828 (0x00f15b13) x22 0x0000000000e25f51
core   0: 0x000000008000482c (0xc0287c53) fcvt.l.s s8, fa6
core   0: 1 0x000000008000482c (0xc0287c53) x24 0x000000000000000c
core   0: 0x0000000080004830 (0x0ff70197) auipc   gp, 0xff70
core   0: 1 0x0000000080004830 (0x0ff70197) x3  0x000000008ff74830
core   0: 0x0000000080004834 (0x42058ed3) fcvt.d.s ft9, fa1
core   0: 1 0x0000000080004834 (0x42058ed3) f29 0x7ff8000000000000
core   0: 0x0000000080004838 (0x00102b73) csrrs   s6, fflags, zero
core   0: 1 0x0000000080004838 (0x00102b73) x22 0x0000000000000000
core   0: 0x000000008000483c (0x37e36e37) lui     t3, 0x37e36
core   0: 1 0x000000008000483c (0x37e36e37) x28 0x0000000037e36000
core   0: 0x0000000080004840 (0x416750b3) sra     ra, a4, s6
core   0: 1 0x0000000080004840 (0x416750b3) x1  0x0000000000000002
core   0: 0x0000000080004844 (0x3a6cf0cb) fnmsub.d ft1, fs9, ft6, ft7
core   0: 1 0x0000000080004844 (0x3a6cf0cb) f1  0x7ff8000000000000
core   0: 0x0000000080004848 (0x40b58233) sub     tp, a1, a1
core   0: 1 0x0000000080004848 (0x40b58233) x4  0x0000000000000000
core   0: 0x000000008000484c (0x0bdafad3) fsub.d  fs5, fs5, ft9
core   0: 1 0x000000008000484c (0x0bdafad3) f21 0x7ff8000000000000
core   0: 0x0000000080004850 (0x0011091b) addiw   s2, sp, 1
core   0: 1 0x0000000080004850 (0x0011091b) x18 0x000000002fa88beb
core   0: 0x0000000080004854 (0x01d592b3) sll     t0, a1, t4
core   0: 1 0x0000000080004854 (0x01d592b3) x5  0x00000000c815d7cc
core   0: 0x0000000080004858 (0x23da9e53) fsgnjn.d ft8, fs5, ft9
core   0: 1 0x0000000080004858 (0x23da9e53) f28 0xfff8000000000000
core   0: 0x000000008000485c (0x40215e3b) sraw    t3, sp, sp
core   0: 1 0x000000008000485c (0x40215e3b) x28 0x00000000000bea22
core   0: 0x0000000080004860 (0x43f1d813) srai    a6, gp, 63
core   0: 1 0x0000000080004860 (0x43f1d813) x16 0x0000000000000000
core   0: 0x0000000080004864 (0x01787033) and     zero, a6, s7
core   0: 1 0x0000000080004864 (0x01787033)
core   0: 0x0000000080004868 (0xc23ffbd3) fcvt.lu.d s7, ft11
core   0: 1 0x0000000080004868 (0xc23ffbd3) c1_fflags 0x0000000000000010 x23 0xffffffffffffffff
core   0: 0x000000008000486c (0x037032b3) mulhu   t0, zero, s7
core   0: 1 0x000000008000486c (0x037032b3) x5  0x0000000000000000
core   0: 0x0000000080004870 (0x008bc433) xor     s0, s7, s0
core   0: 1 0x0000000080004870 (0x008bc433) x8  0xffffffffffffffff
core   0: 0x0000000080004874 (0xc03ff6d3) fcvt.lu.s a3, ft11
core   0: 1 0x0000000080004874 (0xc03ff6d3) c1_fflags 0x0000000000000010 x13 0xffffffffffffffff
core   0: 0x0000000080004878 (0x4089013b) subw    sp, s2, s0
core   0: 1 0x0000000080004878 (0x4089013b) x2  0x000000002fa88bec
core   0: 0x000000008000487c (0xfff5019b) addiw   gp, a0, -1
core   0: 1 0x000000008000487c (0xfff5019b) x3  0xffffffffffffffff
core   0: 0x0000000080004880 (0x00202173) csrrs   sp, frm, zero
core   0: 1 0x0000000080004880 (0x00202173) x2  0x0000000000000000
core   0: 0x0000000080004884 (0x02d60ab3) mul     s5, a2, a3
core   0: 1 0x0000000080004884 (0x02d60ab3) x21 0xfffffffffffff600
core   0: 0x0000000080004888 (0xd221fed3) fcvt.d.l ft9, gp
core   0: 1 0x0000000080004888 (0xd221fed3) f29 0xbff0000000000000
core   0: 0x000000008000488c (0x03895293) srli    t0, s2, 56
core   0: 1 0x000000008000488c (0x03895293) x5  0x0000000000000000
core   0: 0x0000000080004890 (0x5a0b71d3) fsqrt.d ft3, fs6
core   0: 1 0x0000000080004890 (0x5a0b71d3) f3  0x7ff8000000000000
core   0: 0x0000000080004894 (0x0007d41b) srliw   s0, a5, 0
core   0: 1 0x0000000080004894 (0x0007d41b) x8  0xffffffff80004804
core   0: 0x0000000080004898 (0x0388f8bb) remuw   a7, a7, s8
core   0: 1 0x0000000080004898 (0x0388f8bb) x17 0x0000000000000000
core   0: 0x000000008000489c (0x00001013) slli    zero, zero, 0
core   0: 1 0x000000008000489c (0x00001013)
core   0: 0x00000000800048a0 (0x000dd8bb) srlw    a7, s11, zero
core   0: 1 0x00000000800048a0 (0x000dd8bb) x17 0x0000000000000000
core   0: 0x00000000800048a4 (0x9ccd58b7) lui     a7, 0x9ccd5
core   0: 1 0x00000000800048a4 (0x9ccd58b7) x17 0xffffffff9ccd5000
core   0: 0x00000000800048a8 (0x5a167c4f) fnmadd.d fs8, fa2, ft1, fa1
core   0: 1 0x00000000800048a8 (0x5a167c4f) f24 0x7ff8000000000000
core   0: 0x00000000800048ac (0xc02e7653) fcvt.l.s a2, ft8
core   0: 1 0x00000000800048ac (0xc02e7653) c1_fflags 0x0000000000000010 x12 0x7fffffffffffffff
core   0: 0x00000000800048b0 (0xc8112273) csrrs   tp, timeh, sp
core   0: exception trap_illegal_instruction, epc 0x00000000800048b0
core   0:           tval 0x00000000c8112273
core   0: >>>>  $xrv64i2p1_m2p0_a2p1_f2p2_d2p2_zicsr2p0_zifencei2p0_zmmul1p0_zba1p0_zbb1p0_zbc1p0_zbs1p0
core   0: 0x0000000080004000 (0x0080006f) j       pc + 0x8
core   0: 3 0x0000000080004000 (0x0080006f)
core   0: >>>>  mmode_exception_handler
core   0: 0x0000000080004008 (0x00002c17) auipc   s8, 0x2
core   0: 3 0x0000000080004008 (0x00002c17) x24 0x0000000080006008
core   0: 0x000000008000400c (0x080c0c13) addi    s8, s8, 128
core   0: 3 0x000000008000400c (0x080c0c13) x24 0x0000000080006088
core   0: 0x0000000080004010 (0x000c00e7) jalr    s8
core   0: 3 0x0000000080004010 (0x000c00e7) x1  0x0000000080004014
core   0: >>>>  any_handler
core   0: 0x0000000080006088 (0x341027f3) csrrs   a5, mepc, zero
core   0: 3 0x0000000080006088 (0x341027f3) x15 0x00000000800048b0
core   0: 0x000000008000608c (0x34202773) csrrs   a4, mcause, zero
core   0: 3 0x000000008000608c (0x34202773) x14 0x0000000000000002
core   0: 0x0000000080006090 (0x142026f3) csrrs   a3, scause, zero
core   0: 3 0x0000000080006090 (0x142026f3) x13 0x0000000000000000
core   0: 0x0000000080006094 (0x30402673) csrrs   a2, mie, zero
core   0: 3 0x0000000080006094 (0x30402673) x12 0x0000000000000a00
core   0: 0x0000000080006098 (0x344025f3) csrrs   a1, mip, zero
core   0: 3 0x0000000080006098 (0x344025f3) x11 0x0000000000000080
core   0: 0x000000008000609c (0x343025f3) csrrs   a1, mtval, zero
core   0: 3 0x000000008000609c (0x343025f3) x11 0x00000000c8112273
core   0: 0x00000000800060a0 (0x14302573) csrrs   a0, stval, zero
core   0: 3 0x00000000800060a0 (0x14302573) x10 0x0000000000000000
core   0: 0x00000000800060a4 (0xb02024f3) csrrs   s1, minstret, zero
core   0: 3 0x00000000800060a4 (0xb02024f3) x9  0x0000000000000ac9
core   0: 0x00000000800060a8 (0x0000a811) c.j     pc + 20
core   0: 3 0x00000000800060a8 (0xa811)
core   0: >>>>  mepc_4
core   0: 0x00000000800060bc (0x00000791) c.addi  a5, 4
core   0: 3 0x00000000800060bc (0x0791) x15 0x00000000800048b4
core   0: 0x00000000800060be (0x34179073) csrrw   zero, mepc, a5
core   0: 3 0x00000000800060be (0x34179073) c833_mepc 0x00000000800048b4
core   0: 0x00000000800060c2 (0x30200073) mret
core   0: 3 0x00000000800060c2 (0x30200073) c768_mstatus 0x8000000a00106080
core   0: 0x00000000800048b4 (0x035bdc33) divu    s8, s7, s5
core   0: 1 0x00000000800048b4 (0x035bdc33) x24 0x0000000000000001
core   0: 0x00000000800048b8 (0x7470a873) csrrs   a6, mseccfg, ra
core   0: exception trap_illegal_instruction, epc 0x00000000800048b8
core   0:           tval 0x000000007470a873
core   0: >>>>  $xrv64i2p1_m2p0_a2p1_f2p2_d2p2_zicsr2p0_zifencei2p0_zmmul1p0_zba1p0_zbb1p0_zbc1p0_zbs1p0
core   0: 0x0000000080004000 (0x0080006f) j       pc + 0x8
core   0: 3 0x0000000080004000 (0x0080006f)
core   0: >>>>  mmode_exception_handler
core   0: 0x0000000080004008 (0x00002c17) auipc   s8, 0x2
core   0: 3 0x0000000080004008 (0x00002c17) x24 0x0000000080006008
core   0: 0x000000008000400c (0x080c0c13) addi    s8, s8, 128
core   0: 3 0x000000008000400c (0x080c0c13) x24 0x0000000080006088
core   0: 0x0000000080004010 (0x000c00e7) jalr    s8
core   0: 3 0x0000000080004010 (0x000c00e7) x1  0x0000000080004014
core   0: >>>>  any_handler
core   0: 0x0000000080006088 (0x341027f3) csrrs   a5, mepc, zero
core   0: 3 0x0000000080006088 (0x341027f3) x15 0x00000000800048b8
core   0: 0x000000008000608c (0x34202773) csrrs   a4, mcause, zero
core   0: 3 0x000000008000608c (0x34202773) x14 0x0000000000000002
core   0: 0x0000000080006090 (0x142026f3) csrrs   a3, scause, zero
core   0: 3 0x0000000080006090 (0x142026f3) x13 0x0000000000000000
core   0: 0x0000000080006094 (0x30402673) csrrs   a2, mie, zero
core   0: 3 0x0000000080006094 (0x30402673) x12 0x0000000000000a00
core   0: 0x0000000080006098 (0x344025f3) csrrs   a1, mip, zero
core   0: 3 0x0000000080006098 (0x344025f3) x11 0x0000000000000080
core   0: 0x000000008000609c (0x343025f3) csrrs   a1, mtval, zero
core   0: 3 0x000000008000609c (0x343025f3) x11 0x000000007470a873
core   0: 0x00000000800060a0 (0x14302573) csrrs   a0, stval, zero
core   0: 3 0x00000000800060a0 (0x14302573) x10 0x0000000000000000
core   0: 0x00000000800060a4 (0xb02024f3) csrrs   s1, minstret, zero
core   0: 3 0x00000000800060a4 (0xb02024f3) x9  0x0000000000000ada
core   0: 0x00000000800060a8 (0x0000a811) c.j     pc + 20
core   0: 3 0x00000000800060a8 (0xa811)
core   0: >>>>  mepc_4
core   0: 0x00000000800060bc (0x00000791) c.addi  a5, 4
core   0: 3 0x00000000800060bc (0x0791) x15 0x00000000800048bc
core   0: 0x00000000800060be (0x34179073) csrrw   zero, mepc, a5
core   0: 3 0x00000000800060be (0x34179073) c833_mepc 0x00000000800048bc
core   0: 0x00000000800060c2 (0x30200073) mret
core   0: 3 0x00000000800060c2 (0x30200073) c768_mstatus 0x8000000a00106080
core   0: 0x00000000800048bc (0x00155a9b) srliw   s5, a0, 1
core   0: 1 0x00000000800048bc (0x00155a9b) x21 0x0000000000000000
core   0: 0x00000000800048c0 (0x02e37353) fadd.d  ft6, ft6, fa4
core   0: 1 0x00000000800048c0 (0x02e37353) f6  0x7ff8000000000000
core   0: 0x00000000800048c4 (0x02d00a3b) mulw    s4, zero, a3
core   0: 1 0x00000000800048c4 (0x02d00a3b) x20 0x0000000000000000
core   0: 0x00000000800048c8 (0x2b8685d3) fmin.d  fa1, fa3, fs8
core   0: 1 0x00000000800048c8 (0x2b8685d3) f11 0x0000000000000000
core   0: 0x00000000800048cc (0x0088c433) xor     s0, a7, s0
core   0: 1 0x00000000800048cc (0x0088c433) x8  0x000000001ccd1804
core   0: 0x00000000800048d0 (0xc215f1d3) fcvt.wu.d gp, fa1
core   0: 1 0x00000000800048d0 (0xc215f1d3) x3  0x0000000000000000
core   0: 0x00000000800048d4 (0xa23686d3) fle.d   a3, fa3, ft3
core   0: 1 0x00000000800048d4 (0xa23686d3) c1_fflags 0x0000000000000010 x13 0x0000000000000000
core   0: 0x00000000800048d8 (0x0002129b) slliw   t0, tp, 0
core   0: 1 0x00000000800048d8 (0x0002129b) x5  0x0000000000000000
core   0: 0x00000000800048dc (0x02438933) mul     s2, t2, tp
core   0: 1 0x00000000800048dc (0x02438933) x18 0x0000000000000000
core   0: 0x00000000800048e0 (0xa2b087d3) fle.d   a5, ft1, fa1
core   0: 1 0x00000000800048e0 (0xa2b087d3) c1_fflags 0x0000000000000010 x15 0x0000000000000000
core   0: 0x00000000800048e4 (0x13f775cb) fnmsub.d fa1, fa4, ft11, ft2
core   0: 1 0x00000000800048e4 (0x13f775cb) f11 0x7ff8000000000000
core   0: 0x00000000800048e8 (0x4178ddbb) sraw    s11, a7, s7
core   0: 1 0x00000000800048e8 (0x4178ddbb) x27 0xffffffffffffffff
core   0: 0x00000000800048ec (0xd03bf853) fcvt.s.lu fa6, s7
core   0: 1 0x00000000800048ec (0xd03bf853) c1_fflags 0x0000000000000011 f16 0xffffffff5f800000
core   0: 0x00000000800048f0 (0xc205f853) fcvt.w.d a6, fa1
core   0: 1 0x00000000800048f0 (0xc205f853) c1_fflags 0x0000000000000011 x16 0x000000007fffffff
core   0: 0x00000000800048f4 (0x036c1993) slli    s3, s8, 54
core   0: 1 0x00000000800048f4 (0x036c1993) x19 0x2200000000000000
core   0: 0x00000000800048f8 (0x03011193) slli    gp, sp, 48
core   0: 1 0x00000000800048f8 (0x03011193) x3  0x0000000000000000
core   0: 0x00000000800048fc (0x019cc333) xor     t1, s9, s9
core   0: 1 0x00000000800048fc (0x019cc333) x6  0x0000000000000000
core   0: 0x0000000080004900 (0x002b1373) csrrw   t1, frm, s6
core   0: 1 0x0000000080004900 (0x002b1373) x6  0x0000000000000000 c2_frm 0x0000000000000000
core   0: 0x0000000080004904 (0x00141973) csrrw   s2, fflags, s0
core   0: 1 0x0000000080004904 (0x00141973) x18 0x0000000000000011 c1_fflags 0x0000000000000004
core   0: 0x0000000080004908 (0xed908313) addi    t1, ra, -295
core   0: 1 0x0000000080004908 (0xed908313) x6  0x0000000080003eed
core   0: 0x000000008000490c (0x0a8d7453) fsub.d  fs0, fs10, fs0
core   0: 1 0x000000008000490c (0x0a8d7453) f8  0x41e8018cde600000
core   0: 0x0000000080004910 (0x2f6731b7) lui     gp, 0x2f673
core   0: 1 0x0000000080004910 (0x2f6731b7) x3  0x000000002f673000
core   0: 0x0000000080004914 (0xd221f053) fcvt.d.l ft0, gp
core   0: 1 0x0000000080004914 (0xd221f053) f0  0x41c7b39800000000
core   0: 0x0000000080004918 (0x02fae53b) remw    a0, s5, a5
core   0: 1 0x0000000080004918 (0x02fae53b) x10 0x0000000000000000
core   0: 0x000000008000491c (0x6e572a37) lui     s4, 0x6e572
core   0: 1 0x000000008000491c (0x6e572a37) x20 0x000000006e572000
core   0: 0x0000000080004920 (0xfffb5437) lui     s0, 0xfffb5
core   0: 1 0x0000000080004920 (0xfffb5437) x8  0xfffffffffffb5000
core   0: 0x0000000080004924 (0xc8f4041b) addiw   s0, s0, -881
core   0: 1 0x0000000080004924 (0xc8f4041b) x8  0xfffffffffffb4c8f
core   0: 0x0000000080004928 (0x0000043e) c.slli  s0, 15
core   0: 1 0x0000000080004928 (0x043e) x8  0xfffffffda6478000
core   0: 0x000000008000492a (0x20e40413) addi    s0, s0, 526
core   0: 1 0x000000008000492a (0x20e40413) x8  0xfffffffda647820e
core   0: 0x000000008000492e (0xd02c70d3) fcvt.s.l ft1, s8
core   0: 1 0x000000008000492e (0xd02c70d3) c1_fflags 0x0000000000000005 f1  0xffffffff4f000061
core   0: 0x0000000080004932 (0x408c04bb) subw    s1, s8, s0
core   0: 1 0x0000000080004932 (0x408c04bb) x9  0xffffffffd9b8de7a
core   0: 0x0000000080004936 (0x0272b0b3) mulhu   ra, t0, t2
core   0: 1 0x0000000080004936 (0x0272b0b3) x1  0x0000000000000000
core   0: 0x000000008000493a (0x0010ed93) ori     s11, ra, 1
core   0: 1 0x000000008000493a (0x0010ed93) x27 0x0000000000000001
core   0: 0x000000008000493e (0xa2d18d53) fle.d   s10, ft3, fa3
core   0: 1 0x000000008000493e (0xa2d18d53) c1_fflags 0x0000000000000015 x26 0x0000000000000000
core   0: 0x0000000080004942 (0x00202e73) csrrs   t3, frm, zero
core   0: 1 0x0000000080004942 (0x00202e73) x28 0x0000000000000000
core   0: 0x0000000080004946 (0xd2217b53) fcvt.d.l fs6, sp
core   0: 1 0x0000000080004946 (0xd2217b53) f22 0x0000000000000000
core   0: 0x000000008000494a (0x01ce37b3) sltu    a5, t3, t3
core   0: 1 0x000000008000494a (0x01ce37b3) x15 0x0000000000000000
core   0: 0x000000008000494e (0x028e043b) mulw    s0, t3, s0
core   0: 1 0x000000008000494e (0x028e043b) x8  0x0000000000000000
core   0: 0x0000000080004952 (0x02a45913) srli    s2, s0, 42
core   0: 1 0x0000000080004952 (0x02a45913) x18 0x0000000000000000
core   0: 0x0000000080004956 (0x0284b833) mulhu   a6, s1, s0
core   0: 1 0x0000000080004956 (0x0284b833) x16 0x0000000000000000
core   0: 0x000000008000495a (0x0b037553) fsub.d  fa0, ft6, fa6
core   0: 1 0x000000008000495a (0x0b037553) f10 0x7ff8000000000000
core   0: 0x000000008000495e (0x019b4533) xor     a0, s6, s9
core   0: 1 0x000000008000495e (0x019b4533) x10 0x0000000000000a00
core   0: 0x0000000080004962 (0x026408bb) mulw    a7, s0, t1
core   0: 1 0x0000000080004962 (0x026408bb) x17 0x0000000000000000
core   0: 0x0000000080004966 (0xd03dfad3) fcvt.s.lu fs5, s11
core   0: 1 0x0000000080004966 (0xd03dfad3) f21 0xffffffff3f800000
core   0: 0x000000008000496a (0x40b8d433) sra     s0, a7, a1
core   0: 1 0x000000008000496a (0x40b8d433) x8  0x0000000000000000
core   0: 0x000000008000496e (0xe9d7e693) ori     a3, a5, -355
core   0: 1 0x000000008000496e (0xe9d7e693) x13 0xfffffffffffffe9d
core   0: 0x0000000080004972 (0x00f4593b) srlw    s2, s0, a5
core   0: 1 0x0000000080004972 (0x00f4593b) x18 0x0000000000000000
core   0: 0x0000000080004976 (0xcd697493) andi    s1, s2, -810
core   0: 1 0x0000000080004976 (0xcd697493) x9  0x0000000000000000
core   0: 0x000000008000497a (0x2779c213) xori    tp, s3, 631
core   0: 1 0x000000008000497a (0x2779c213) x4  0x2200000000000277
core   0: 0x000000008000497e (0xd03cfed3) fcvt.s.lu ft9, s9
core   0: 1 0x000000008000497e (0xd03cfed3) f29 0xffffffff45200000
core   0: 0x0000000080004982 (0x1bb972d3) fdiv.d  ft5, fs2, fs11
core   0: 1 0x0000000080004982 (0x1bb972d3) c1_fflags 0x000000000000001d f5  0x7ff0000000000000
core   0: 0x0000000080004986 (0x0074cb33) xor     s6, s1, t2
core   0: 1 0x0000000080004986 (0x0074cb33) x22 0x000000001403f800
core   0: 0x000000008000498a (0x02aef54b) fnmsub.d fa0, ft9, fa0, ft0
core   0: 1 0x000000008000498a (0x02aef54b) f10 0x7ff8000000000000
core   0: 0x000000008000498e (0x000c821b) sext.w  tp, s9
core   0: 1 0x000000008000498e (0x000c821b) x4  0x0000000000000a00
core   0: 0x0000000080004992 (0x0046adb3) slt     s11, a3, tp
core   0: 1 0x0000000080004992 (0x0046adb3) x27 0x0000000000000001
core   0: 0x0000000080004996 (0x013745b3) xor     a1, a4, s3
core   0: 1 0x0000000080004996 (0x013745b3) x11 0x2200000000000002
core   0: 0x000000008000499a (0x05024313) xori    t1, tp, 80
core   0: 1 0x000000008000499a (0x05024313) x6  0x0000000000000a50
core   0: 0x000000008000499e (0xc023f553) fcvt.l.s a0, ft7
core   0: 1 0x000000008000499e (0xc023f553) c1_fflags 0x000000000000001d x10 0x7fffffffffffffff
core   0: 0x00000000800049a2 (0x01505013) srli    zero, zero, 21
core   0: 1 0x00000000800049a2 (0x01505013)
core   0: 0x00000000800049a6 (0xd29afd4b) fnmsub.d fs10, fs5, fs1, fs10
core   0: 1 0x00000000800049a6 (0xd29afd4b) f26 0x7ff8000000000000
core   0: 0x00000000800049aa (0x01d35ebb) srlw    t4, t1, t4
core   0: 1 0x00000000800049aa (0x01d35ebb) x29 0x0000000000000294
core   0: 0x00000000800049ae (0x01679633) sll     a2, a5, s6
core   0: 1 0x00000000800049ae (0x01679633) x12 0x0000000000000000
core   0: 0x00000000800049b2 (0x225277c7) fmsub.d fa5, ft4, ft5, ft4
core   0: 1 0x00000000800049b2 (0x225277c7) f15 0x7ff8000000000000
core   0: 0x00000000800049b6 (0x015e599b) srliw   s3, t3, 21
core   0: 1 0x00000000800049b6 (0x015e599b) x19 0x0000000000000000
core   0: 0x00000000800049ba (0x000e169b) slliw   a3, t3, 0
core   0: 1 0x00000000800049ba (0x000e169b) x13 0x0000000000000000
core   0: 0x00000000800049be (0x40117753) fcvt.s.d fa4, ft2
core   0: 1 0x00000000800049be (0x40117753) f14 0xffffffff7fc00000
core   0: 0x00000000800049c2 (0x02d92933) mulhsu  s2, s2, a3
core   0: 1 0x00000000800049c2 (0x02d92933) x18 0x0000000000000000
core   0: 0x00000000800049c6 (0x408c0dbb) subw    s11, s8, s0
core   0: 1 0x00000000800049c6 (0x408c0dbb) x27 0xffffffff80006088
core   0: 0x00000000800049ca (0x000d919b) slliw   gp, s11, 0
core   0: 1 0x00000000800049ca (0x000d919b) x3  0xffffffff80006088
core   0: 0x00000000800049ce (0xd032fc53) fcvt.s.lu fs8, t0
core   0: 1 0x00000000800049ce (0xd032fc53) f24 0xffffffff00000000
core   0: 0x00000000800049d2 (0x00000001) c.nop
core   0: 1 0x00000000800049d2 (0x0001)
core   0: 0x00000000800049d4 (0x2bf88ad3) fmin.d  fs5, fa7, ft11
core   0: 1 0x00000000800049d4 (0x2bf88ad3) f21 0x7ff8000000000000
core   0: 0x00000000800049d8 (0x62728393) addi    t2, t0, 1575
core   0: 1 0x00000000800049d8 (0x62728393) x7  0x0000000000000627
core   0: 0x00000000800049dc (0x0051083b) addw    a6, sp, t0
core   0: 1 0x00000000800049dc (0x0051083b) x16 0x0000000000000000
core   0: 0x00000000800049e0 (0x01365d1b) srliw   s10, a2, 19
core   0: 1 0x00000000800049e0 (0x01365d1b) x26 0x0000000000000000
core   0: 0x00000000800049e4 (0x036d7b33) remu    s6, s10, s6
core   0: 1 0x00000000800049e4 (0x036d7b33) x22 0x0000000000000000
core   0: 0x00000000800049e8 (0x00121013) slli    zero, tp, 1
core   0: 1 0x00000000800049e8 (0x00121013)
core   0: 0x00000000800049ec (0x002316f3) csrrw   a3, frm, t1
core   0: 1 0x00000000800049ec (0x002316f3) x13 0x0000000000000000 c2_frm 0x0000000000000000
core   0: 0x00000000800049f0 (0x40d25e3b) sraw    t3, tp, a3
core   0: 1 0x00000000800049f0 (0x40d25e3b) x28 0x0000000000000a00
core   0: 0x00000000800049f4 (0x6ba377b7) lui     a5, 0x6ba37
core   0: 1 0x00000000800049f4 (0x6ba377b7) x15 0x000000006ba37000
core   0: 0x00000000800049f8 (0xc21ef3d3) fcvt.wu.d t2, ft9
core   0: 1 0x00000000800049f8 (0xc21ef3d3) c1_fflags 0x000000000000001d x7  0xffffffffffffffff
core   0: 0x00000000800049fc (0x00fe11b3) sll     gp, t3, a5
core   0: 1 0x00000000800049fc (0x00fe11b3) x3  0x0000000000000a00
core   0: 0x0000000080004a00 (0x31a3acf3) csrrs   s9, menvcfgh, t2
core   0: exception trap_illegal_instruction, epc 0x0000000080004a00
core   0:           tval 0x0000000031a3acf3
core   0: >>>>  $xrv64i2p1_m2p0_a2p1_f2p2_d2p2_zicsr2p0_zifencei2p0_zmmul1p0_zba1p0_zbb1p0_zbc1p0_zbs1p0
core   0: 0x0000000080004000 (0x0080006f) j       pc + 0x8
core   0: 3 0x0000000080004000 (0x0080006f)
core   0: >>>>  mmode_exception_handler
core   0: 0x0000000080004008 (0x00002c17) auipc   s8, 0x2
core   0: 3 0x0000000080004008 (0x00002c17) x24 0x0000000080006008
core   0: 0x000000008000400c (0x080c0c13) addi    s8, s8, 128
core   0: 3 0x000000008000400c (0x080c0c13) x24 0x0000000080006088
core   0: 0x0000000080004010 (0x000c00e7) jalr    s8
core   0: 3 0x0000000080004010 (0x000c00e7) x1  0x0000000080004014
core   0: >>>>  any_handler
core   0: 0x0000000080006088 (0x341027f3) csrrs   a5, mepc, zero
core   0: 3 0x0000000080006088 (0x341027f3) x15 0x0000000080004a00
core   0: 0x000000008000608c (0x34202773) csrrs   a4, mcause, zero
core   0: 3 0x000000008000608c (0x34202773) x14 0x0000000000000002
core   0: 0x0000000080006090 (0x142026f3) csrrs   a3, scause, zero
core   0: 3 0x0000000080006090 (0x142026f3) x13 0x0000000000000000
core   0: 0x0000000080006094 (0x30402673) csrrs   a2, mie, zero
core   0: 3 0x0000000080006094 (0x30402673) x12 0x0000000000000a00
core   0: 0x0000000080006098 (0x344025f3) csrrs   a1, mip, zero
core   0: 3 0x0000000080006098 (0x344025f3) x11 0x0000000000000080
core   0: 0x000000008000609c (0x343025f3) csrrs   a1, mtval, zero
core   0: 3 0x000000008000609c (0x343025f3) x11 0x0000000031a3acf3
core   0: 0x00000000800060a0 (0x14302573) csrrs   a0, stval, zero
core   0: 3 0x00000000800060a0 (0x14302573) x10 0x0000000000000000
core   0: 0x00000000800060a4 (0xb02024f3) csrrs   s1, minstret, zero
core   0: 3 0x00000000800060a4 (0xb02024f3) x9  0x0000000000000b3c
core   0: 0x00000000800060a8 (0x0000a811) c.j     pc + 20
core   0: 3 0x00000000800060a8 (0xa811)
core   0: >>>>  mepc_4
core   0: 0x00000000800060bc (0x00000791) c.addi  a5, 4
core   0: 3 0x00000000800060bc (0x0791) x15 0x0000000080004a04
core   0: 0x00000000800060be (0x34179073) csrrw   zero, mepc, a5
core   0: 3 0x00000000800060be (0x34179073) c833_mepc 0x0000000080004a04
core   0: 0x00000000800060c2 (0x30200073) mret
core   0: 3 0x00000000800060c2 (0x30200073) c768_mstatus 0x8000000a00106080
core   0: 0x0000000080004a04 (0xc05b1b73) csrrw   s6, hpmcounter5, s6
core   0: exception trap_illegal_instruction, epc 0x0000000080004a04
core   0:           tval 0x00000000c05b1b73
core   0: >>>>  $xrv64i2p1_m2p0_a2p1_f2p2_d2p2_zicsr2p0_zifencei2p0_zmmul1p0_zba1p0_zbb1p0_zbc1p0_zbs1p0
core   0: 0x0000000080004000 (0x0080006f) j       pc + 0x8
core   0: 3 0x0000000080004000 (0x0080006f)
core   0: >>>>  mmode_exception_handler
core   0: 0x0000000080004008 (0x00002c17) auipc   s8, 0x2
core   0: 3 0x0000000080004008 (0x00002c17) x24 0x0000000080006008
core   0: 0x000000008000400c (0x080c0c13) addi    s8, s8, 128
core   0: 3 0x000000008000400c (0x080c0c13) x24 0x0000000080006088
core   0: 0x0000000080004010 (0x000c00e7) jalr    s8
core   0: 3 0x0000000080004010 (0x000c00e7) x1  0x0000000080004014
core   0: >>>>  any_handler
core   0: 0x0000000080006088 (0x341027f3) csrrs   a5, mepc, zero
core   0: 3 0x0000000080006088 (0x341027f3) x15 0x0000000080004a04
core   0: 0x000000008000608c (0x34202773) csrrs   a4, mcause, zero
core   0: 3 0x000000008000608c (0x34202773) x14 0x0000000000000002
core   0: 0x0000000080006090 (0x142026f3) csrrs   a3, scause, zero
core   0: 3 0x0000000080006090 (0x142026f3) x13 0x0000000000000000
core   0: 0x0000000080006094 (0x30402673) csrrs   a2, mie, zero
core   0: 3 0x0000000080006094 (0x30402673) x12 0x0000000000000a00
core   0: 0x0000000080006098 (0x344025f3) csrrs   a1, mip, zero
core   0: 3 0x0000000080006098 (0x344025f3) x11 0x0000000000000080
core   0: 0x000000008000609c (0x343025f3) csrrs   a1, mtval, zero
core   0: 3 0x000000008000609c (0x343025f3) x11 0x00000000c05b1b73
core   0: 0x00000000800060a0 (0x14302573) csrrs   a0, stval, zero
core   0: 3 0x00000000800060a0 (0x14302573) x10 0x0000000000000000
core   0: 0x00000000800060a4 (0xb02024f3) csrrs   s1, minstret, zero
core   0: 3 0x00000000800060a4 (0xb02024f3) x9  0x0000000000000b4c
core   0: 0x00000000800060a8 (0x0000a811) c.j     pc + 20
core   0: 3 0x00000000800060a8 (0xa811)
core   0: >>>>  mepc_4
core   0: 0x00000000800060bc (0x00000791) c.addi  a5, 4
core   0: 3 0x00000000800060bc (0x0791) x15 0x0000000080004a08
core   0: 0x00000000800060be (0x34179073) csrrw   zero, mepc, a5
core   0: 3 0x00000000800060be (0x34179073) c833_mepc 0x0000000080004a08
core   0: 0x00000000800060c2 (0x30200073) mret
core   0: 3 0x00000000800060c2 (0x30200073) c768_mstatus 0x8000000a00106080
core   0: 0x0000000080004a08 (0x0261881b) addiw   a6, gp, 38
core   0: 1 0x0000000080004a08 (0x0261881b) x16 0x0000000000000a26
core   0: 0x0000000080004a0c (0x32197943) fmadd.d fs2, fs2, ft1, ft6
core   0: 1 0x0000000080004a0c (0x32197943) f18 0x7ff8000000000000
core   0: 0x0000000080004a10 (0x41bdde3b) sraw    t3, s11, s11
core   0: 1 0x0000000080004a10 (0x41bdde3b) x28 0xffffffffff800060
core   0: 0x0000000080004a14 (0x2af61653) fmax.d  fa2, fa2, fa5
core   0: 1 0x0000000080004a14 (0x2af61653) f12 0x7ff8000000000000
core   0: 0x0000000080004a18 (0xe2060053) fmv.x.d zero, fa2
core   0: 1 0x0000000080004a18 (0xe2060053)
core   0: 0x0000000080004a1c (0x2bad06d3) fmin.d  fa3, fs10, fs10
core   0: 1 0x0000000080004a1c (0x2bad06d3) f13 0x7ff8000000000000
core   0: 0x0000000080004a20 (0xdb190013) addi    zero, s2, -591
core   0: 1 0x0000000080004a20 (0xdb190013)
core   0: 0x0000000080004a24 (0x40080933) sub     s2, a6, zero
core   0: 1 0x0000000080004a24 (0x40080933) x18 0x0000000000000a26
core   0: 0x0000000080004a28 (0x22b684d3) fsgnj.d fs1, fa3, fa1
core   0: 1 0x0000000080004a28 (0x22b684d3) f9  0x7ff8000000000000
core   0: 0x0000000080004a2c (0x012941b3) xor     gp, s2, s2
core   0: 1 0x0000000080004a2c (0x012941b3) x3  0x0000000000000000
core   0: 0x0000000080004a30 (0x409dddb3) sra     s11, s11, s1
core   0: 1 0x0000000080004a30 (0x409dddb3) x27 0xfffffffffff80006
core   0: 0x0000000080004a34 (0x001d90f3) csrrw   ra, fflags, s11
core   0: 1 0x0000000080004a34 (0x001d90f3) x1  0x000000000000001d c1_fflags 0x0000000000000006
core   0: 0x0000000080004a38 (0x01ebd21b) srliw   tp, s7, 30
core   0: 1 0x0000000080004a38 (0x01ebd21b) x4  0x0000000000000003
core   0: 0x0000000080004a3c (0xf6cb881b) addiw   a6, s7, -148
core   0: 1 0x0000000080004a3c (0xf6cb881b) x16 0xffffffffffffff6b
core   0: 0x0000000080004a40 (0x032875b3) remu    a1, a6, s2
core   0: 1 0x0000000080004a40 (0x032875b3) x11 0x00000000000003f5
core   0: 0x0000000080004a44 (0x30a01197) auipc   gp, 0x30a01
core   0: 1 0x0000000080004a44 (0x30a01197) x3  0x00000000b0a05a44
core   0: 0x0000000080004a48 (0xd2dd77cf) fnmadd.d fa5, fs10, fa3, fs10
core   0: 1 0x0000000080004a48 (0xd2dd77cf) f15 0x7ff8000000000000
core   0: 0x0000000080004a4c (0xd23473d3) fcvt.d.lu ft7, s0
core   0: 1 0x0000000080004a4c (0xd23473d3) f7  0x0000000000000000
core   0: 0x0000000080004a50 (0x00000001) c.nop
core   0: 1 0x0000000080004a50 (0x0001)
core   0: 0x0000000080004a52 (0x0101943b) sllw    s0, gp, a6
core   0: 1 0x0000000080004a52 (0x0101943b) x8  0x0000000002d22000
core   0: 0x0000000080004a56 (0x027ce3bb) remw    t2, s9, t2
core   0: 1 0x0000000080004a56 (0x027ce3bb) x7  0x0000000000000000
core   0: 0x0000000080004a5a (0x03437353) fadd.d  ft6, ft6, fs4
core   0: 1 0x0000000080004a5a (0x03437353) f6  0x7ff8000000000000
core   0: 0x0000000080004a5e (0xf2038bd3) fmv.d.x fs7, t2
core   0: 1 0x0000000080004a5e (0xf2038bd3) f23 0x0000000000000000
core   0: 0x0000000080004a62 (0xdbd5fa4f) fnmadd.d fs4, fa1, ft9, fs11
core   0: 1 0x0000000080004a62 (0xdbd5fa4f) f20 0x7ff8000000000000
core   0: 0x0000000080004a66 (0xc03efbd3) fcvt.lu.s s7, ft9
core   0: 1 0x0000000080004a66 (0xc03efbd3) x23 0x0000000000000a00
core   0: 0x0000000080004a6a (0xc20df4d3) fcvt.w.d s1, fs11
core   0: 1 0x0000000080004a6a (0xc20df4d3) x9  0x0000000000000000
core   0: 0x0000000080004a6e (0x007d85bb) addw    a1, s11, t2
core   0: 1 0x0000000080004a6e (0x007d85bb) x11 0xfffffffffff80006
core   0: 0x0000000080004a72 (0xfff8ca13) not     s4, a7
core   0: 1 0x0000000080004a72 (0xfff8ca13) x20 0xffffffffffffffff
core   0: 0x0000000080004a76 (0x08631617) auipc   a2, 0x8631
core   0: 1 0x0000000080004a76 (0x08631617) x12 0x0000000088635a76
core   0: 0x0000000080004a7a (0x00008c71) c.and   s0, a2
core   0: 1 0x0000000080004a7a (0x8c71) x8  0x0000000000420000
core   0: 0x0000000080004a7c (0xc20ef5d3) fcvt.w.d a1, ft9
core   0: 1 0x0000000080004a7c (0xc20ef5d3) c1_fflags 0x0000000000000016 x11 0x000000007fffffff
core   0: 0x0000000080004a80 (0xc037f153) fcvt.lu.s sp, fa5
core   0: 1 0x0000000080004a80 (0xc037f153) c1_fflags 0x0000000000000016 x2  0xffffffffffffffff
core   0: 0x0000000080004a84 (0x001c139b) slliw   t2, s8, 1
core   0: 1 0x0000000080004a84 (0x001c139b) x7  0x000000000000c110
core   0: 0x0000000080004a88 (0x0225c0bb) divw    ra, a1, sp
core   0: 1 0x0000000080004a88 (0x0225c0bb) x1  0xffffffff80000001
core   0: 0x0000000080004a8c (0x011b2cb3) slt     s9, s6, a7
core   0: 1 0x0000000080004a8c (0x011b2cb3) x25 0x0000000000000000
core   0: 0x0000000080004a90 (0x400cda93) srai    s5, s9, 0
core   0: 1 0x0000000080004a90 (0x400cda93) x21 0x0000000000000000
core   0: 0x0000000080004a94 (0x0232a2b3) mulhsu  t0, t0, gp
core   0: 1 0x0000000080004a94 (0x0232a2b3) x5  0x0000000000000000
core   0: 0x0000000080004a98 (0x0258c13b) divw    sp, a7, t0
core   0: 1 0x0000000080004a98 (0x0258c13b) x2  0xffffffffffffffff
core   0: 0x0000000080004a9c (0x011365b3) or      a1, t1, a7
core   0: 1 0x0000000080004a9c (0x011365b3) x11 0x0000000000000a50
core   0: 0x0000000080004aa0 (0xb33d7443) fmadd.d fs0, fs10, fs3, fs6
core   0: 1 0x0000000080004aa0 (0xb33d7443) f8  0x7ff8000000000000
core   0: 0x0000000080004aa4 (0x000e7093) andi    ra, t3, 0
core   0: 1 0x0000000080004aa4 (0x000e7093) x1  0x0000000000000000
core   0: 0x0000000080004aa8 (0x035efed3) fadd.d  ft9, ft9, fs5
core   0: 1 0x0000000080004aa8 (0x035efed3) f29 0x7ff8000000000000
core   0: 0x0000000080004aac (0x001a90f3) csrrw   ra, fflags, s5
core   0: 1 0x0000000080004aac (0x001a90f3) x1  0x0000000000000016 c1_fflags 0x0000000000000000
core   0: 0x0000000080004ab0 (0x0355c4b3) div     s1, a1, s5
core   0: 1 0x0000000080004ab0 (0x0355c4b3) x9  0xffffffffffffffff
core   0: 0x0000000080004ab4 (0x00000001) c.nop
core   0: 1 0x0000000080004ab4 (0x0001)
core   0: 0x0000000080004ab6 (0xc031f953) fcvt.lu.s s2, ft3
core   0: 1 0x0000000080004ab6 (0xc031f953) c1_fflags 0x0000000000000010 x18 0xffffffffffffffff
core   0: 0x0000000080004aba (0x402305b3) sub     a1, t1, sp
core   0: 1 0x0000000080004aba (0x402305b3) x11 0x0000000000000a51
core   0: 0x0000000080004abe (0x01448dbb) addw    s11, s1, s4
core   0: 1 0x0000000080004abe (0x01448dbb) x27 0xfffffffffffffffe
core   0: 0x0000000080004ac2 (0x9a028413) addi    s0, t0, -1632
core   0: 1 0x0000000080004ac2 (0x9a028413) x8  0xfffffffffffff9a0
core   0: 0x0000000080004ac6 (0x03f45093) srli    ra, s0, 63
core   0: 1 0x0000000080004ac6 (0x03f45093) x1  0x0000000000000001
core   0: 0x0000000080004aca (0x0144183b) sllw    a6, s0, s4
core   0: 1 0x0000000080004aca (0x0144183b) x16 0x0000000000000000
core   0: 0x0000000080004ace (0x4bd57a43) fmadd.d fs4, fa0, ft9, fs1
core   0: 1 0x0000000080004ace (0x4bd57a43) f20 0x7ff8000000000000
core   0: 0x0000000080004ad2 (0x00139af3) csrrw   s5, fflags, t2
core   0: 1 0x0000000080004ad2 (0x00139af3) x21 0x0000000000000010 c1_fflags 0x0000000000000010
core   0: 0x0000000080004ad6 (0x0008503b) srlw    zero, a6, zero
core   0: 1 0x0000000080004ad6 (0x0008503b)
core   0: 0x0000000080004ada (0xe2030a53) fmv.x.d s4, ft6
core   0: 1 0x0000000080004ada (0xe2030a53) x20 0x7ff8000000000000
core   0: 0x0000000080004ade (0x00076493) ori     s1, a4, 0
core   0: 1 0x0000000080004ade (0x00076493) x9  0x0000000000000002
core   0: 0x0000000080004ae2 (0x00e570b3) and     ra, a0, a4
core   0: 1 0x0000000080004ae2 (0x00e570b3) x1  0x0000000000000000
core   0: 0x0000000080004ae6 (0x23440553) fsgnj.d fa0, fs0, fs4
core   0: 1 0x0000000080004ae6 (0x23440553) f10 0x7ff8000000000000
core   0: 0x0000000080004aea (0x025442bb) divw    t0, s0, t0
core   0: 1 0x0000000080004aea (0x025442bb) x5  0xffffffffffffffff
core   0: 0x0000000080004aee (0xcc55001b) addiw   zero, a0, -827
core   0: 1 0x0000000080004aee (0xcc55001b)
core   0: 0x0000000080004af2 (0xd2337a53) fcvt.d.lu fs4, t1
core   0: 1 0x0000000080004af2 (0xd2337a53) f20 0x40a4a00000000000
core   0: 0x0000000080004af6 (0x0305cabb) divw    s5, a1, a6
core   0: 1 0x0000000080004af6 (0x0305cabb) x21 0xffffffffffffffff
core   0: 0x0000000080004afa (0x006a8db3) add     s11, s5, t1
core   0: 1 0x0000000080004afa (0x006a8db3) x27 0x0000000000000a4f
core   0: 0x0000000080004afe (0x000095de) c.add   a1, s7
core   0: 1 0x0000000080004afe (0x95de) x11 0x0000000000001451
core   0: 0x0000000080004b00 (0x4025dbbb) sraw    s7, a1, sp
core   0: 1 0x0000000080004b00 (0x4025dbbb) x23 0x0000000000000000
core   0: 0x0000000080004b04 (0x01e89b1b) slliw   s6, a7, 30
core   0: 1 0x0000000080004b04 (0x01e89b1b) x22 0x0000000000000000
core   0: 0x0000000080004b08 (0x403bd53b) sraw    a0, s7, gp
core   0: 1 0x0000000080004b08 (0x403bd53b) x10 0x0000000000000000
core   0: 0x0000000080004b0c (0x23499553) fsgnjn.d fa0, fs3, fs4
core   0: 1 0x0000000080004b0c (0x23499553) f10 0xfff8000000000000
core   0: 0x0000000080004b10 (0x00102df3) csrrs   s11, fflags, zero
core   0: 1 0x0000000080004b10 (0x00102df3) x27 0x0000000000000010
core   0: 0x0000000080004b14 (0x02a6e833) rem     a6, a3, a0
core   0: 1 0x0000000080004b14 (0x02a6e833) x16 0x0000000000000000
core   0: 0x0000000080004b18 (0x13297a53) fmul.d  fs4, fs2, fs2
core   0: 1 0x0000000080004b18 (0x13297a53) f20 0x7ff8000000000000
core   0: 0x0000000080004b1c (0x00f852bb) srlw    t0, a6, a5
core   0: 1 0x0000000080004b1c (0x00f852bb) x5  0x0000000000000000
core   0: 0x0000000080004b20 (0x034cf9d3) fadd.d  fs3, fs9, fs4
core   0: 1 0x0000000080004b20 (0x034cf9d3) f19 0x7ff8000000000000
core   0: 0x0000000080004b24 (0x02e1e733) rem     a4, gp, a4
core   0: 1 0x0000000080004b24 (0x02e1e733) x14 0x0000000000000000
core   0: 0x0000000080004b28 (0x0041193b) sllw    s2, sp, tp
core   0: 1 0x0000000080004b28 (0x0041193b) x18 0xfffffffffffffff8
core   0: 0x0000000080004b2c (0x0250a0b3) mulhsu  ra, ra, t0
core   0: 1 0x0000000080004b2c (0x0250a0b3) x1  0x0000000000000000
core   0: 0x0000000080004b30 (0x4073dc3b) sraw    s8, t2, t2
core   0: 1 0x0000000080004b30 (0x4073dc3b) x24 0x0000000000000000
core   0: 0x0000000080004b34 (0x01c4189b) slliw   a7, s0, 28
core   0: 1 0x0000000080004b34 (0x01c4189b) x17 0x0000000000000000
core   0: 0x0000000080004b38 (0x0ff0000f) fence   iorw,iorw
core   0: 1 0x0000000080004b38 (0x0ff0000f)
core   0: 0x0000000080004b3c (0x00c797b3) sll     a5, a5, a2
core   0: 1 0x0000000080004b3c (0x00c797b3) x15 0x8200000000000000
core   0: 0x0000000080004b40 (0x5a09f153) fsqrt.d ft2, fs3
core   0: 1 0x0000000080004b40 (0x5a09f153) f2  0x7ff8000000000000
core   0: 0x0000000080004b44 (0x4004d11b) sraiw   sp, s1, 0
core   0: 1 0x0000000080004b44 (0x4004d11b) x2  0x0000000000000002
core   0: 0x0000000080004b48 (0x412989bb) subw    s3, s3, s2
core   0: 1 0x0000000080004b48 (0x412989bb) x19 0x0000000000000008
core   0: 0x0000000080004b4c (0x013559b3) srl     s3, a0, s3
core   0: 1 0x0000000080004b4c (0x013559b3) x19 0x0000000000000000
core   0: 0x0000000080004b50 (0xc8006c73) csrrsi  s8, cycleh, 0
core   0: exception trap_illegal_instruction, epc 0x0000000080004b50
core   0:           tval 0x00000000c8006c73
core   0: >>>>  $xrv64i2p1_m2p0_a2p1_f2p2_d2p2_zicsr2p0_zifencei2p0_zmmul1p0_zba1p0_zbb1p0_zbc1p0_zbs1p0
core   0: 0x0000000080004000 (0x0080006f) j       pc + 0x8
core   0: 3 0x0000000080004000 (0x0080006f)
core   0: >>>>  mmode_exception_handler
core   0: 0x0000000080004008 (0x00002c17) auipc   s8, 0x2
core   0: 3 0x0000000080004008 (0x00002c17) x24 0x0000000080006008
core   0: 0x000000008000400c (0x080c0c13) addi    s8, s8, 128
core   0: 3 0x000000008000400c (0x080c0c13) x24 0x0000000080006088
core   0: 0x0000000080004010 (0x000c00e7) jalr    s8
core   0: 3 0x0000000080004010 (0x000c00e7) x1  0x0000000080004014
core   0: >>>>  any_handler
core   0: 0x0000000080006088 (0x341027f3) csrrs   a5, mepc, zero
core   0: 3 0x0000000080006088 (0x341027f3) x15 0x0000000080004b50
core   0: 0x000000008000608c (0x34202773) csrrs   a4, mcause, zero
core   0: 3 0x000000008000608c (0x34202773) x14 0x0000000000000002
core   0: 0x0000000080006090 (0x142026f3) csrrs   a3, scause, zero
core   0: 3 0x0000000080006090 (0x142026f3) x13 0x0000000000000000
core   0: 0x0000000080006094 (0x30402673) csrrs   a2, mie, zero
core   0: 3 0x0000000080006094 (0x30402673) x12 0x0000000000000a00
core   0: 0x0000000080006098 (0x344025f3) csrrs   a1, mip, zero
core   0: 3 0x0000000080006098 (0x344025f3) x11 0x0000000000000080
core   0: 0x000000008000609c (0x343025f3) csrrs   a1, mtval, zero
core   0: 3 0x000000008000609c (0x343025f3) x11 0x00000000c8006c73
core   0: 0x00000000800060a0 (0x14302573) csrrs   a0, stval, zero
core   0: 3 0x00000000800060a0 (0x14302573) x10 0x0000000000000000
core   0: 0x00000000800060a4 (0xb02024f3) csrrs   s1, minstret, zero
core   0: 3 0x00000000800060a4 (0xb02024f3) x9  0x0000000000000bb0
core   0: 0x00000000800060a8 (0x0000a811) c.j     pc + 20
core   0: 3 0x00000000800060a8 (0xa811)
core   0: >>>>  mepc_4
core   0: 0x00000000800060bc (0x00000791) c.addi  a5, 4
core   0: 3 0x00000000800060bc (0x0791) x15 0x0000000080004b54
core   0: 0x00000000800060be (0x34179073) csrrw   zero, mepc, a5
core   0: 3 0x00000000800060be (0x34179073) c833_mepc 0x0000000080004b54
core   0: 0x00000000800060c2 (0x30200073) mret
core   0: 3 0x00000000800060c2 (0x30200073) c768_mstatus 0x8000000a00106080
core   0: 0x0000000080004b54 (0x6395fa43) fmadd.d fs4, fa1, fs9, fa2
core   0: 1 0x0000000080004b54 (0x6395fa43) f20 0x7ff8000000000000
core   0: 0x0000000080004b58 (0x40918ebb) subw    t4, gp, s1
core   0: 1 0x0000000080004b58 (0x40918ebb) x29 0xffffffffb0a04e94
core   0: 0x0000000080004b5c (0x2ab8f54b) fnmsub.d fa0, fa7, fa1, ft5
core   0: 1 0x0000000080004b5c (0x2ab8f54b) f10 0x7ff8000000000000
core   0: 0x0000000080004b60 (0x008cdabb) srlw    s5, s9, s0
core   0: 1 0x0000000080004b60 (0x008cdabb) x21 0x0000000000000000
core   0: 0x0000000080004b64 (0x0b1bfbd3) fsub.d  fs7, fs7, fa7
core   0: 1 0x0000000080004b64 (0x0b1bfbd3) f23 0x7ff8000000000000
core   0: 0x0000000080004b68 (0xd22cf0d3) fcvt.d.l ft1, s9
core   0: 1 0x0000000080004b68 (0xd22cf0d3) f1  0x0000000000000000
core   0: 0x0000000080004b6c (0x003193bb) sllw    t2, gp, gp
core   0: 1 0x0000000080004b6c (0x003193bb) x7  0x000000000a05a440
core   0: 0x0000000080004b70 (0xd03af4d3) fcvt.s.lu fs1, s5
core   0: 1 0x0000000080004b70 (0xd03af4d3) f9  0xffffffff00000000
core   0: 0x0000000080004b74 (0xc230f4d3) fcvt.lu.d s1, ft1
core   0: 1 0x0000000080004b74 (0xc230f4d3) x9  0x0000000000000000
core   0: 0x0000000080004b78 (0xd21c8bd3) fcvt.d.wu fs7, s9
core   0: 1 0x0000000080004b78 (0xd21c8bd3) f23 0x0000000000000000
core   0: 0x0000000080004b7c (0x7244fc43) fmadd.d fs8, fs1, ft4, fa4
core   0: 1 0x0000000080004b7c (0x7244fc43) f24 0x7ff8000000000000
core   0: 0x0000000080004b80 (0x03abfd3b) remuw   s10, s7, s10
core   0: 1 0x0000000080004b80 (0x03abfd3b) x26 0x0000000000000000
core   0: 0x0000000080004b84 (0x8c4c8c93) addi    s9, s9, -1852
core   0: 1 0x0000000080004b84 (0x8c4c8c93) x25 0xfffffffffffff8c4
core   0: 0x0000000080004b88 (0x011b1913) slli    s2, s6, 17
core   0: 1 0x0000000080004b88 (0x011b1913) x18 0x0000000000000000
core   0: 0x0000000080004b8c (0x015bdd33) srl     s10, s7, s5
core   0: 1 0x0000000080004b8c (0x015bdd33) x26 0x0000000000000000
core   0: 0x0000000080004b90 (0xd20e0cd3) fcvt.d.w fs9, t3
core   0: 1 0x0000000080004b90 (0xd20e0cd3) f25 0xc15fffe800000000
core   0: 0x0000000080004b94 (0x40115d9b) sraiw   s11, sp, 1
core   0: 1 0x0000000080004b94 (0x40115d9b) x27 0x0000000000000001
core   0: 0x0000000080004b98 (0x40e95a9b) sraiw   s5, s2, 14
core   0: 1 0x0000000080004b98 (0x40e95a9b) x21 0x0000000000000000
core   0: 0x0000000080004b9c (0x42088b53) fcvt.d.s fs6, fa7
core   0: 1 0x0000000080004b9c (0x42088b53) f22 0x7ff8000000000000
core   0: 0x0000000080004ba0 (0xa3388853) fle.d   a6, fa7, fs3
core   0: 1 0x0000000080004ba0 (0xa3388853) c1_fflags 0x0000000000000010 x16 0x0000000000000000
core   0: 0x0000000080004ba4 (0x0158533b) srlw    t1, a6, s5
core   0: 1 0x0000000080004ba4 (0x0158533b) x6  0x0000000000000000
core   0: 0x0000000080004ba8 (0x00dea6b3) slt     a3, t4, a3
core   0: 1 0x0000000080004ba8 (0x00dea6b3) x13 0x0000000000000001
core   0: 0x0000000080004bac (0x00bae5b3) or      a1, s5, a1
core   0: 1 0x0000000080004bac (0x00bae5b3) x11 0x00000000c8006c73
core   0: 0x0000000080004bb0 (0xd025f353) fcvt.s.l ft6, a1
core   0: 1 0x0000000080004bb0 (0xd025f353) c1_fflags 0x0000000000000011 f6  0xffffffff4f48006c
core   0: 0x0000000080004bb4 (0x230b9853) fsgnjn.d fa6, fs7, fa6
core   0: 1 0x0000000080004bb4 (0x230b9853) f16 0x0000000000000000
core   0: 0x0000000080004bb8 (0xc2287cd3) fcvt.l.d s9, fa6
core   0: 1 0x0000000080004bb8 (0xc2287cd3) x25 0x0000000000000000
core   0: 0x0000000080004bbc (0x01d56eb3) or      t4, a0, t4
core   0: 1 0x0000000080004bbc (0x01d56eb3) x29 0xffffffffb0a04e94
core   0: 0x0000000080004bc0 (0x00202b73) csrrs   s6, frm, zero
core   0: 1 0x0000000080004bc0 (0x00202b73) x22 0x0000000000000000
core   0: 0x0000000080004bc4 (0x002b18f3) csrrw   a7, frm, s6
core   0: 1 0x0000000080004bc4 (0x002b18f3) x17 0x0000000000000000 c2_frm 0x0000000000000000
core   0: 0x0000000080004bc8 (0x00209a73) csrrw   s4, frm, ra
core   0: 1 0x0000000080004bc8 (0x00209a73) x20 0x0000000000000000 c2_frm 0x0000000000000004
core   0: 0x0000000080004bcc (0x0356c03b) divw    zero, a3, s5
core   0: 1 0x0000000080004bcc (0x0356c03b)
core   0: 0x0000000080004bd0 (0xc80bf973) csrrci  s2, cycleh, 23
core   0: exception trap_illegal_instruction, epc 0x0000000080004bd0
core   0:           tval 0x00000000c80bf973
core   0: >>>>  $xrv64i2p1_m2p0_a2p1_f2p2_d2p2_zicsr2p0_zifencei2p0_zmmul1p0_zba1p0_zbb1p0_zbc1p0_zbs1p0
core   0: 0x0000000080004000 (0x0080006f) j       pc + 0x8
core   0: 3 0x0000000080004000 (0x0080006f)
core   0: >>>>  mmode_exception_handler
core   0: 0x0000000080004008 (0x00002c17) auipc   s8, 0x2
core   0: 3 0x0000000080004008 (0x00002c17) x24 0x0000000080006008
core   0: 0x000000008000400c (0x080c0c13) addi    s8, s8, 128
core   0: 3 0x000000008000400c (0x080c0c13) x24 0x0000000080006088
core   0: 0x0000000080004010 (0x000c00e7) jalr    s8
core   0: 3 0x0000000080004010 (0x000c00e7) x1  0x0000000080004014
core   0: >>>>  any_handler
core   0: 0x0000000080006088 (0x341027f3) csrrs   a5, mepc, zero
core   0: 3 0x0000000080006088 (0x341027f3) x15 0x0000000080004bd0
core   0: 0x000000008000608c (0x34202773) csrrs   a4, mcause, zero
core   0: 3 0x000000008000608c (0x34202773) x14 0x0000000000000002
core   0: 0x0000000080006090 (0x142026f3) csrrs   a3, scause, zero
core   0: 3 0x0000000080006090 (0x142026f3) x13 0x0000000000000000
core   0: 0x0000000080006094 (0x30402673) csrrs   a2, mie, zero
core   0: 3 0x0000000080006094 (0x30402673) x12 0x0000000000000a00
core   0: 0x0000000080006098 (0x344025f3) csrrs   a1, mip, zero
core   0: 3 0x0000000080006098 (0x344025f3) x11 0x0000000000000080
core   0: 0x000000008000609c (0x343025f3) csrrs   a1, mtval, zero
core   0: 3 0x000000008000609c (0x343025f3) x11 0x00000000c80bf973
core   0: 0x00000000800060a0 (0x14302573) csrrs   a0, stval, zero
core   0: 3 0x00000000800060a0 (0x14302573) x10 0x0000000000000000
core   0: 0x00000000800060a4 (0xb02024f3) csrrs   s1, minstret, zero
core   0: 3 0x00000000800060a4 (0xb02024f3) x9  0x0000000000000bdf
core   0: 0x00000000800060a8 (0x0000a811) c.j     pc + 20
core   0: 3 0x00000000800060a8 (0xa811)
core   0: >>>>  mepc_4
core   0: 0x00000000800060bc (0x00000791) c.addi  a5, 4
core   0: 3 0x00000000800060bc (0x0791) x15 0x0000000080004bd4
core   0: 0x00000000800060be (0x34179073) csrrw   zero, mepc, a5
core   0: 3 0x00000000800060be (0x34179073) c833_mepc 0x0000000080004bd4
core   0: 0x00000000800060c2 (0x30200073) mret
core   0: 3 0x00000000800060c2 (0x30200073) c768_mstatus 0x8000000a00106080
core   0: 0x0000000080004bd4 (0x01224e33) xor     t3, tp, s2
core   0: 1 0x0000000080004bd4 (0x01224e33) x28 0x0000000000000003
core   0: 0x0000000080004bd8 (0x92c43117) auipc   sp, 0x92c43
core   0: 1 0x0000000080004bd8 (0x92c43117) x2  0x0000000012c47bd8
core   0: 0x0000000080004bdc (0x02e11433) mulh    s0, sp, a4
core   0: 1 0x0000000080004bdc (0x02e11433) x8  0x0000000000000000
core   0: 0x0000000080004be0 (0xc0217953) fcvt.l.s s2, ft2
core   0: 1 0x0000000080004be0 (0xc0217953) c1_fflags 0x0000000000000011 x18 0x7fffffffffffffff
core   0: 0x0000000080004be4 (0x53988537) lui     a0, 0x53988
core   0: 1 0x0000000080004be4 (0x53988537) x10 0x0000000053988000
core   0: 0x0000000080004be8 (0x026873d3) fadd.d  ft7, fa6, ft6
core   0: 1 0x0000000080004be8 (0x026873d3) f7  0x7ff8000000000000
core   0: 0x0000000080004bec (0x23d81153) fsgnjn.d ft2, fa6, ft9
core   0: 1 0x0000000080004bec (0x23d81153) f2  0x8000000000000000
core   0: 0x0000000080004bf0 (0x62e2e017) auipc   zero, 0x62e2e
core   0: 1 0x0000000080004bf0 (0x62e2e017)
core   0: 0x0000000080004bf4 (0xf20907d3) fmv.d.x fa5, s2
core   0: 1 0x0000000080004bf4 (0xf20907d3) f15 0x7fffffffffffffff
core   0: 0x0000000080004bf8 (0x00001786) c.slli  a5, 33
core   0: 1 0x0000000080004bf8 (0x1786) x15 0x000097a800000000
core   0: 0x0000000080004bfa (0x0207e0b3) rem     ra, a5, zero
core   0: 1 0x0000000080004bfa (0x0207e0b3) x1  0x000097a800000000
core   0: 0x0000000080004bfe (0x8919c993) xori    s3, s3, -1903
core   0: 1 0x0000000080004bfe (0x8919c993) x19 0xfffffffffffff891
core   0: 0x0000000080004c02 (0x37b8c293) xori    t0, a7, 891
core   0: 1 0x0000000080004c02 (0x37b8c293) x5  0x000000000000037b
core   0: 0x0000000080004c06 (0xd2188cd3) fcvt.d.wu fs9, a7
core   0: 1 0x0000000080004c06 (0xd2188cd3) f25 0x0000000000000000
core   0: 0x0000000080004c0a (0x02319293) slli    t0, gp, 35
core   0: 1 0x0000000080004c0a (0x02319293) x5  0x8502d22000000000
core   0: 0x0000000080004c0e (0x01d522b3) slt     t0, a0, t4
core   0: 1 0x0000000080004c0e (0x01d522b3) x5  0x0000000000000000
core   0: 0x0000000080004c12 (0xe412869b) addiw   a3, t0, -447
core   0: 1 0x0000000080004c12 (0xe412869b) x13 0xfffffffffffffe41
core   0: 0x0000000080004c16 (0xc2207753) fcvt.l.d a4, ft0
core   0: 1 0x0000000080004c16 (0xc2207753) x14 0x000000002f673000
core   0: 0x0000000080004c1a (0x03657253) fadd.d  ft4, fa0, fs6
core   0: 1 0x0000000080004c1a (0x03657253) f4  0x7ff8000000000000
core   0: 0x0000000080004c1e (0x001495f3) csrrw   a1, fflags, s1
core   0: 1 0x0000000080004c1e (0x001495f3) x11 0x0000000000000011 c1_fflags 0x000000000000001f
core   0: 0x0000000080004c22 (0x403888b3) sub     a7, a7, gp
core   0: 1 0x0000000080004c22 (0x403888b3) x17 0xffffffff4f5fa5bc
core   0: 0x0000000080004c26 (0xc022fe53) fcvt.l.s t3, ft5
core   0: 1 0x0000000080004c26 (0xc022fe53) c1_fflags 0x000000000000001f x28 0x7fffffffffffffff
core   0: 0x0000000080004c2a (0x011cecb3) or      s9, s9, a7
core   0: 1 0x0000000080004c2a (0x011cecb3) x25 0xffffffff4f5fa5bc
core   0: 0x0000000080004c2e (0x01160bbb) addw    s7, a2, a7
core   0: 1 0x0000000080004c2e (0x01160bbb) x23 0x000000004f5fafbc
core   0: 0x0000000080004c32 (0xb20b7b4f) fnmadd.d fs6, fs6, ft0, fs6
core   0: 1 0x0000000080004c32 (0xb20b7b4f) f22 0x7ff8000000000000
core   0: 0x0000000080004c36 (0xd2367153) fcvt.d.lu ft2, a2
core   0: 1 0x0000000080004c36 (0xd2367153) f2  0x40a4000000000000
core   0: 0x0000000080004c3a (0x01b85813) srli    a6, a6, 27
core   0: 1 0x0000000080004c3a (0x01b85813) x16 0x0000000000000000
core   0: 0x0000000080004c3e (0x00000001) c.nop
core   0: 1 0x0000000080004c3e (0x0001)
core   0: 0x0000000080004c40 (0x22a52553) fsgnjx.d fa0, fa0, fa0
core   0: 1 0x0000000080004c40 (0x22a52553) f10 0x7ff8000000000000
core   0: 0x0000000080004c44 (0x4064533b) sraw    t1, s0, t1
core   0: 1 0x0000000080004c44 (0x4064533b) x6  0x0000000000000000
core   0: 0x0000000080004c48 (0x01597033) and     zero, s2, s5
core   0: 1 0x0000000080004c48 (0x01597033)
core   0: 0x0000000080004c4c (0x00000001) c.nop
core   0: 1 0x0000000080004c4c (0x0001)
core   0: 0x0000000080004c4e (0xc231f0d3) fcvt.lu.d ra, ft3
core   0: 1 0x0000000080004c4e (0xc231f0d3) c1_fflags 0x000000000000001f x1  0xffffffffffffffff
core   0: 0x0000000080004c52 (0x039b79bb) remuw   s3, s6, s9
core   0: 1 0x0000000080004c52 (0x039b79bb) x19 0x0000000000000000
core   0: 0x0000000080004c56 (0xf20e8c53) fmv.d.x fs8, t4
core   0: 1 0x0000000080004c56 (0xf20e8c53) f24 0xffffffffb0a04e94
core   0: 0x0000000080004c5a (0x03bdedb3) rem     s11, s11, s11
core   0: 1 0x0000000080004c5a (0x03bdedb3) x27 0x0000000000000000
core   0: 0x0000000080004c5e (0xd0277053) fcvt.s.l ft0, a4
core   0: 1 0x0000000080004c5e (0xd0277053) f0  0xffffffff4e3d9cc0
core   0: 0x0000000080004c62 (0xd225fcd3) fcvt.d.l fs9, a1
core   0: 1 0x0000000080004c62 (0xd225fcd3) f25 0x4031000000000000
core   0: 0x0000000080004c66 (0xf6e602b7) lui     t0, 0xf6e60
core   0: 1 0x0000000080004c66 (0xf6e602b7) x5  0xfffffffff6e60000
core   0: 0x0000000080004c6a (0x238c2c53) fsgnjx.d fs8, fs8, fs8
core   0: 1 0x0000000080004c6a (0x238c2c53) f24 0x7fffffffb0a04e94
core   0: 0x0000000080004c6e (0x038963bb) remw    t2, s2, s8
core   0: 1 0x0000000080004c6e (0x038963bb) x7  0xffffffffffffffff
core   0: 0x0000000080004c72 (0x41d6d613) srai    a2, a3, 29
core   0: 1 0x0000000080004c72 (0x41d6d613) x12 0xffffffffffffffff
core   0: 0x0000000080004c76 (0x40cb843b) subw    s0, s7, a2
core   0: 1 0x0000000080004c76 (0x40cb843b) x8  0x000000004f5fafbd
core   0: 0x0000000080004c7a (0x97898a1b) addiw   s4, s3, -1672
core   0: 1 0x0000000080004c7a (0x97898a1b) x20 0xfffffffffffff978
core   0: 0x0000000080004c7e (0x0016929b) slliw   t0, a3, 1
core   0: 1 0x0000000080004c7e (0x0016929b) x5  0xfffffffffffffc82
core   0: 0x0000000080004c82 (0x003dadb3) slt     s11, s11, gp
core   0: 1 0x0000000080004c82 (0x003dadb3) x27 0x0000000000000001
core   0: 0x0000000080004c86 (0x42000e53) fcvt.d.s ft8, ft0
core   0: 1 0x0000000080004c86 (0x42000e53) f28 0x41c7b39800000000
core   0: 0x0000000080004c8a (0x0179cdb3) xor     s11, s3, s7
core   0: 1 0x0000000080004c8a (0x0179cdb3) x27 0x000000004f5fafbc
core   0: 0x0000000080004c8e (0x00269473) csrrw   s0, frm, a3
core   0: 1 0x0000000080004c8e (0x00269473) x8  0x0000000000000004 c2_frm 0x0000000000000001
core   0: 0x0000000080004c92 (0x1390fa53) fmul.d  fs4, ft1, fs9
core   0: 1 0x0000000080004c92 (0x1390fa53) f20 0x0000000000000000
core   0: 0x0000000080004c96 (0x00c90b3b) addw    s6, s2, a2
core   0: 1 0x0000000080004c96 (0x00c90b3b) x22 0xfffffffffffffffe
core   0: 0x0000000080004c9a (0x011148b3) xor     a7, sp, a7
core   0: 1 0x0000000080004c9a (0x011148b3) x17 0xffffffff5d9bde64
core   0: 0x0000000080004c9e (0x031656bb) divuw   a3, a2, a7
core   0: 1 0x0000000080004c9e (0x031656bb) x13 0x0000000000000002
core   0: 0x0000000080004ca2 (0x001698f3) csrrw   a7, fflags, a3
core   0: 1 0x0000000080004ca2 (0x001698f3) x17 0x000000000000001f c1_fflags 0x0000000000000002
core   0: 0x0000000080004ca6 (0x420a0453) fcvt.d.s fs0, fs4
core   0: 1 0x0000000080004ca6 (0x420a0453) f8  0x7ff8000000000000
core   0: 0x0000000080004caa (0x41b0dd9b) sraiw   s11, ra, 27
core   0: 1 0x0000000080004caa (0x41b0dd9b) x27 0xffffffffffffffff
core   0: 0x0000000080004cae (0xc03911f3) csrrw   gp, hpmcounter3, s2
core   0: exception trap_illegal_instruction, epc 0x0000000080004cae
core   0:           tval 0x00000000c03911f3
core   0: >>>>  $xrv64i2p1_m2p0_a2p1_f2p2_d2p2_zicsr2p0_zifencei2p0_zmmul1p0_zba1p0_zbb1p0_zbc1p0_zbs1p0
core   0: 0x0000000080004000 (0x0080006f) j       pc + 0x8
core   0: 3 0x0000000080004000 (0x0080006f)
core   0: >>>>  mmode_exception_handler
core   0: 0x0000000080004008 (0x00002c17) auipc   s8, 0x2
core   0: 3 0x0000000080004008 (0x00002c17) x24 0x0000000080006008
core   0: 0x000000008000400c (0x080c0c13) addi    s8, s8, 128
core   0: 3 0x000000008000400c (0x080c0c13) x24 0x0000000080006088
core   0: 0x0000000080004010 (0x000c00e7) jalr    s8
core   0: 3 0x0000000080004010 (0x000c00e7) x1  0x0000000080004014
core   0: >>>>  any_handler
core   0: 0x0000000080006088 (0x341027f3) csrrs   a5, mepc, zero
core   0: 3 0x0000000080006088 (0x341027f3) x15 0x0000000080004cae
core   0: 0x000000008000608c (0x34202773) csrrs   a4, mcause, zero
core   0: 3 0x000000008000608c (0x34202773) x14 0x0000000000000002
core   0: 0x0000000080006090 (0x142026f3) csrrs   a3, scause, zero
core   0: 3 0x0000000080006090 (0x142026f3) x13 0x0000000000000000
core   0: 0x0000000080006094 (0x30402673) csrrs   a2, mie, zero
core   0: 3 0x0000000080006094 (0x30402673) x12 0x0000000000000a00
core   0: 0x0000000080006098 (0x344025f3) csrrs   a1, mip, zero
core   0: 3 0x0000000080006098 (0x344025f3) x11 0x0000000000000080
core   0: 0x000000008000609c (0x343025f3) csrrs   a1, mtval, zero
core   0: 3 0x000000008000609c (0x343025f3) x11 0x00000000c03911f3
core   0: 0x00000000800060a0 (0x14302573) csrrs   a0, stval, zero
core   0: 3 0x00000000800060a0 (0x14302573) x10 0x0000000000000000
core   0: 0x00000000800060a4 (0xb02024f3) csrrs   s1, minstret, zero
core   0: 3 0x00000000800060a4 (0xb02024f3) x9  0x0000000000000c27
core   0: 0x00000000800060a8 (0x0000a811) c.j     pc + 20
core   0: 3 0x00000000800060a8 (0xa811)
core   0: >>>>  mepc_4
core   0: 0x00000000800060bc (0x00000791) c.addi  a5, 4
core   0: 3 0x00000000800060bc (0x0791) x15 0x0000000080004cb2
core   0: 0x00000000800060be (0x34179073) csrrw   zero, mepc, a5
core   0: 3 0x00000000800060be (0x34179073) c833_mepc 0x0000000080004cb2
core   0: 0x00000000800060c2 (0x30200073) mret
core   0: 3 0x00000000800060c2 (0x30200073) c768_mstatus 0x8000000a00106080
core   0: 0x0000000080004cb2 (0x412e533b) sraw    t1, t3, s2
core   0: 1 0x0000000080004cb2 (0x412e533b) x6  0xffffffffffffffff
core   0: 0x0000000080004cb6 (0x9d590393) addi    t2, s2, -1579
core   0: 1 0x0000000080004cb6 (0x9d590393) x7  0x7ffffffffffff9d4
core   0: 0x0000000080004cba (0x138e7a53) fmul.d  fs4, ft8, fs8
core   0: 1 0x0000000080004cba (0x138e7a53) f20 0x7ff8000000000000
core   0: 0x0000000080004cbe (0x01261b13) slli    s6, a2, 18
core   0: 1 0x0000000080004cbe (0x01261b13) x22 0x0000000028000000
core   0: 0x0000000080004cc2 (0x02bc6333) rem     t1, s8, a1
core   0: 1 0x0000000080004cc2 (0x02bc6333) x6  0x0000000080006088
core   0: 0x0000000080004cc6 (0x52559417) auipc   s0, 0x52559
core   0: 1 0x0000000080004cc6 (0x52559417) x8  0x00000000d255dcc6
core   0: 0x0000000080004cca (0x0003039b) sext.w  t2, t1
core   0: 1 0x0000000080004cca (0x0003039b) x7  0xffffffff80006088
core   0: 0x0000000080004cce (0x343aa673) csrrs   a2, mtval, s5
core   0: exception trap_illegal_instruction, epc 0x0000000080004cce
core   0:           tval 0x00000000343aa673
core   0: >>>>  $xrv64i2p1_m2p0_a2p1_f2p2_d2p2_zicsr2p0_zifencei2p0_zmmul1p0_zba1p0_zbb1p0_zbc1p0_zbs1p0
core   0: 0x0000000080004000 (0x0080006f) j       pc + 0x8
core   0: 3 0x0000000080004000 (0x0080006f)
core   0: >>>>  mmode_exception_handler
core   0: 0x0000000080004008 (0x00002c17) auipc   s8, 0x2
core   0: 3 0x0000000080004008 (0x00002c17) x24 0x0000000080006008
core   0: 0x000000008000400c (0x080c0c13) addi    s8, s8, 128
core   0: 3 0x000000008000400c (0x080c0c13) x24 0x0000000080006088
core   0: 0x0000000080004010 (0x000c00e7) jalr    s8
core   0: 3 0x0000000080004010 (0x000c00e7) x1  0x0000000080004014
core   0: >>>>  any_handler
core   0: 0x0000000080006088 (0x341027f3) csrrs   a5, mepc, zero
core   0: 3 0x0000000080006088 (0x341027f3) x15 0x0000000080004cce
core   0: 0x000000008000608c (0x34202773) csrrs   a4, mcause, zero
core   0: 3 0x000000008000608c (0x34202773) x14 0x0000000000000002
core   0: 0x0000000080006090 (0x142026f3) csrrs   a3, scause, zero
core   0: 3 0x0000000080006090 (0x142026f3) x13 0x0000000000000000
core   0: 0x0000000080006094 (0x30402673) csrrs   a2, mie, zero
core   0: 3 0x0000000080006094 (0x30402673) x12 0x0000000000000a00
core   0: 0x0000000080006098 (0x344025f3) csrrs   a1, mip, zero
core   0: 3 0x0000000080006098 (0x344025f3) x11 0x0000000000000080
core   0: 0x000000008000609c (0x343025f3) csrrs   a1, mtval, zero
core   0: 3 0x000000008000609c (0x343025f3) x11 0x00000000343aa673
core   0: 0x00000000800060a0 (0x14302573) csrrs   a0, stval, zero
core   0: 3 0x00000000800060a0 (0x14302573) x10 0x0000000000000000
core   0: 0x00000000800060a4 (0xb02024f3) csrrs   s1, minstret, zero
core   0: 3 0x00000000800060a4 (0xb02024f3) x9  0x0000000000000c3e
core   0: 0x00000000800060a8 (0x0000a811) c.j     pc + 20
core   0: 3 0x00000000800060a8 (0xa811)
core   0: >>>>  mepc_4
core   0: 0x00000000800060bc (0x00000791) c.addi  a5, 4
core   0: 3 0x00000000800060bc (0x0791) x15 0x0000000080004cd2
core   0: 0x00000000800060be (0x34179073) csrrw   zero, mepc, a5
core   0: 3 0x00000000800060be (0x34179073) c833_mepc 0x0000000080004cd2
core   0: 0x00000000800060c2 (0x30200073) mret
core   0: 3 0x00000000800060c2 (0x30200073) c768_mstatus 0x8000000a00106080
core   0: 0x0000000080004cd2 (0x40a6553b) sraw    a0, a2, a0
core   0: 1 0x0000000080004cd2 (0x40a6553b) x10 0x0000000000000a00
core   0: 0x0000000080004cd6 (0x00a51d3b) sllw    s10, a0, a0
core   0: 1 0x0000000080004cd6 (0x00a51d3b) x26 0x0000000000000a00
core   0: 0x0000000080004cda (0x0302f73b) remuw   a4, t0, a6
core   0: 1 0x0000000080004cda (0x0302f73b) x14 0xfffffffffffffc82
core   0: 0x0000000080004cde (0x40cede9b) sraiw   t4, t4, 12
core   0: 1 0x0000000080004cde (0x40cede9b) x29 0xfffffffffffb0a04
core   0: 0x0000000080004ce2 (0x02e84db3) div     s11, a6, a4
core   0: 1 0x0000000080004ce2 (0x02e84db3) x27 0x0000000000000000
core   0: 0x0000000080004ce6 (0x00e2043b) addw    s0, tp, a4
core   0: 1 0x0000000080004ce6 (0x00e2043b) x8  0xfffffffffffffc85
core   0: 0x0000000080004cea (0x039453bb) divuw   t2, s0, s9
core   0: 1 0x0000000080004cea (0x039453bb) x7  0x0000000000000003
core   0: 0x0000000080004cee (0x1b987853) fdiv.d  fa6, fa6, fs9
core   0: 1 0x0000000080004cee (0x1b987853) f16 0x0000000000000000
core   0: 0x0000000080004cf2 (0x00949313) slli    t1, s1, 9
core   0: 1 0x0000000080004cf2 (0x00949313) x6  0x0000000000187c00
core   0: 0x0000000080004cf6 (0x028b6d3b) remw    s10, s6, s0
core   0: 1 0x0000000080004cf6 (0x028b6d3b) x26 0x0000000000000325
core   0: 0x0000000080004cfa (0x000efe93) andi    t4, t4, 0
core   0: 1 0x0000000080004cfa (0x000efe93) x29 0x0000000000000000
core   0: 0x0000000080004cfe (0x00030a1b) sext.w  s4, t1
core   0: 1 0x0000000080004cfe (0x00030a1b) x20 0x0000000000187c00
core   0: 0x0000000080004d02 (0x021e84b3) mul     s1, t4, ra
core   0: 1 0x0000000080004d02 (0x021e84b3) x9  0x0000000000000000
core   0: 0x0000000080004d06 (0x037c7bbb) remuw   s7, s8, s7
core   0: 1 0x0000000080004d06 (0x037c7bbb) x23 0x0000000030a0b0cc
core   0: 0x0000000080004d0a (0xc02e7c53) fcvt.l.s s8, ft8
core   0: 1 0x0000000080004d0a (0xc02e7c53) c1_fflags 0x0000000000000012 x24 0x7fffffffffffffff
core   0: 0x0000000080004d0e (0x5a0b72d3) fsqrt.d ft5, fs6
core   0: 1 0x0000000080004d0e (0x5a0b72d3) f5  0x7ff8000000000000
core   0: 0x0000000080004d12 (0xc02a7dd3) fcvt.l.s s11, fs4
core   0: 1 0x0000000080004d12 (0xc02a7dd3) c1_fflags 0x0000000000000012 x27 0x7fffffffffffffff
core   0: 0x0000000080004d16 (0x017c541b) srliw   s0, s8, 23
core   0: 1 0x0000000080004d16 (0x017c541b) x8  0x00000000000001ff
core   0: 0x0000000080004d1a (0xfe101737) lui     a4, 0xfe101
core   0: 1 0x0000000080004d1a (0xfe101737) x14 0xfffffffffe101000
core   0: 0x0000000080004d1e (0x9057071b) addiw   a4, a4, -1787
core   0: 1 0x0000000080004d1e (0x9057071b) x14 0xfffffffffe100905
core   0: 0x0000000080004d22 (0x00000736) c.slli  a4, 13
core   0: 1 0x0000000080004d22 (0x0736) x14 0xffffffc20120a000
core   0: 0x0000000080004d24 (0xd4570713) addi    a4, a4, -699
core   0: 1 0x0000000080004d24 (0xd4570713) x14 0xffffffc201209d45
core   0: 0x0000000080004d28 (0x02c75393) srli    t2, a4, 44
core   0: 1 0x0000000080004d28 (0x02c75393) x7  0x00000000000fffff
core   0: 0x0000000080004d2c (0x0007591b) srliw   s2, a4, 0
core   0: 1 0x0000000080004d2c (0x0007591b) x18 0x0000000001209d45
core   0: 0x0000000080004d30 (0x236ea153) fsgnjx.d ft2, ft9, fs6
core   0: 1 0x0000000080004d30 (0x236ea153) f2  0x7ff8000000000000
core   0: 0x0000000080004d34 (0x033df1b3) remu    gp, s11, s3
core   0: 1 0x0000000080004d34 (0x033df1b3) x3  0x7fffffffffffffff
core   0: 0x0000000080004d38 (0x00000001) c.nop
core   0: 1 0x0000000080004d38 (0x0001)
core   0: 0x0000000080004d3a (0x22840453) fsgnj.d fs0, fs0, fs0
core   0: 1 0x0000000080004d3a (0x22840453) f8  0x7ff8000000000000
core   0: 0x0000000080004d3e (0x00cef633) and     a2, t4, a2
core   0: 1 0x0000000080004d3e (0x00cef633) x12 0x0000000000000000
core   0: 0x0000000080004d42 (0x01c1c0b3) xor     ra, gp, t3
core   0: 1 0x0000000080004d42 (0x01c1c0b3) x1  0x0000000000000000
core   0: 0x0000000080004d46 (0x4068da13) srai    s4, a7, 6
core   0: 1 0x0000000080004d46 (0x4068da13) x20 0x0000000000000000
core   0: 0x0000000080004d4a (0xd037fc53) fcvt.s.lu fs8, a5
core   0: 1 0x0000000080004d4a (0xd037fc53) c1_fflags 0x0000000000000013 f24 0xffffffff4f00004c
core   0: 0x0000000080004d4e (0x41f2d21b) sraiw   tp, t0, 31
core   0: 1 0x0000000080004d4e (0x41f2d21b) x4  0xffffffffffffffff
core   0: 0x0000000080004d52 (0x0006de93) srli    t4, a3, 0
core   0: 1 0x0000000080004d52 (0x0006de93) x29 0x0000000000000000
core   0: 0x0000000080004d56 (0xd21881d3) fcvt.d.wu ft3, a7
core   0: 1 0x0000000080004d56 (0xd21881d3) f3  0x403f000000000000
core   0: 0x0000000080004d5a (0x03dec0bb) divw    ra, t4, t4
core   0: 1 0x0000000080004d5a (0x03dec0bb) x1  0xffffffffffffffff
core   0: 0x0000000080004d5e (0x00000001) c.nop
core   0: 1 0x0000000080004d5e (0x0001)
core   0: 0x0000000080004d60 (0x2a541d53) fmax.d  fs10, fs0, ft5
core   0: 1 0x0000000080004d60 (0x2a541d53) f26 0x7ff8000000000000
core   0: 0x0000000080004d64 (0x007ad73b) srlw    a4, s5, t2
core   0: 1 0x0000000080004d64 (0x007ad73b) x14 0x0000000000000000
core   0: 0x0000000080004d68 (0x1ba6fcc3) fmadd.d fs9, fa3, fs10, ft3
core   0: 1 0x0000000080004d68 (0x1ba6fcc3) f25 0x7ff8000000000000
core   0: 0x0000000080004d6c (0x021779bb) remuw   s3, a4, ra
core   0: 1 0x0000000080004d6c (0x021779bb) x19 0x0000000000000000
core   0: 0x0000000080004d70 (0x524bf943) fmadd.d fs2, fs7, ft4, fa0
core   0: 1 0x0000000080004d70 (0x524bf943) f18 0x7ff8000000000000
core   0: 0x0000000080004d74 (0x00085013) srli    zero, a6, 0
core   0: 1 0x0000000080004d74 (0x00085013)
core   0: 0x0000000080004d78 (0x007e83bb) addw    t2, t4, t2
core   0: 1 0x0000000080004d78 (0x007e83bb) x7  0x00000000000fffff
core   0: 0x0000000080004d7c (0x0003d11b) srliw   sp, t2, 0
core   0: 1 0x0000000080004d7c (0x0003d11b) x2  0x00000000000fffff
core   0: 0x0000000080004d80 (0x001319f3) csrrw   s3, fflags, t1
core   0: 1 0x0000000080004d80 (0x001319f3) x19 0x0000000000000013 c1_fflags 0x0000000000000000
core   0: 0x0000000080004d84 (0xd033fe53) fcvt.s.lu ft8, t2
core   0: 1 0x0000000080004d84 (0xd033fe53) f28 0xffffffff497ffff0
core   0: 0x0000000080004d88 (0x129974d3) fmul.d  fs1, fs2, fs1
core   0: 1 0x0000000080004d88 (0x129974d3) f9  0x7ff8000000000000
core   0: 0x0000000080004d8c (0x2ac41753) fmax.d  fa4, fs0, fa2
core   0: 1 0x0000000080004d8c (0x2ac41753) f14 0x7ff8000000000000
core   0: 0x0000000080004d90 (0x22a70b53) fsgnj.d fs6, fa4, fa0
core   0: 1 0x0000000080004d90 (0x22a70b53) f22 0x7ff8000000000000
core   0: 0x0000000080004d94 (0x1ba3f547) fmsub.d fa0, ft7, fs10, ft3
core   0: 1 0x0000000080004d94 (0x1ba3f547) f10 0x7ff8000000000000
core   0: 0x0000000080004d98 (0xd225fa53) fcvt.d.l fs4, a1
core   0: 1 0x0000000080004d98 (0xd225fa53) f20 0x41ca1d5339800000
core   0: 0x0000000080004d9c (0x01140ebb) addw    t4, s0, a7
core   0: 1 0x0000000080004d9c (0x01140ebb) x29 0x000000000000021e
core   0: 0x0000000080004da0 (0x0007031b) sext.w  t1, a4
core   0: 1 0x0000000080004da0 (0x0007031b) x6  0x0000000000000000
core   0: 0x0000000080004da4 (0xb02c6c73) csrrsi  s8, minstret, 24
core   0: exception trap_illegal_instruction, epc 0x0000000080004da4
core   0:           tval 0x00000000b02c6c73
core   0: >>>>  $xrv64i2p1_m2p0_a2p1_f2p2_d2p2_zicsr2p0_zifencei2p0_zmmul1p0_zba1p0_zbb1p0_zbc1p0_zbs1p0
core   0: 0x0000000080004000 (0x0080006f) j       pc + 0x8
core   0: 3 0x0000000080004000 (0x0080006f)
core   0: >>>>  mmode_exception_handler
core   0: 0x0000000080004008 (0x00002c17) auipc   s8, 0x2
core   0: 3 0x0000000080004008 (0x00002c17) x24 0x0000000080006008
core   0: 0x000000008000400c (0x080c0c13) addi    s8, s8, 128
core   0: 3 0x000000008000400c (0x080c0c13) x24 0x0000000080006088
core   0: 0x0000000080004010 (0x000c00e7) jalr    s8
core   0: 3 0x0000000080004010 (0x000c00e7) x1  0x0000000080004014
core   0: >>>>  any_handler
core   0: 0x0000000080006088 (0x341027f3) csrrs   a5, mepc, zero
core   0: 3 0x0000000080006088 (0x341027f3) x15 0x0000000080004da4
core   0: 0x000000008000608c (0x34202773) csrrs   a4, mcause, zero
core   0: 3 0x000000008000608c (0x34202773) x14 0x0000000000000002
core   0: 0x0000000080006090 (0x142026f3) csrrs   a3, scause, zero
core   0: 3 0x0000000080006090 (0x142026f3) x13 0x0000000000000000
core   0: 0x0000000080006094 (0x30402673) csrrs   a2, mie, zero
core   0: 3 0x0000000080006094 (0x30402673) x12 0x0000000000000a00
core   0: 0x0000000080006098 (0x344025f3) csrrs   a1, mip, zero
core   0: 3 0x0000000080006098 (0x344025f3) x11 0x0000000000000080
core   0: 0x000000008000609c (0x343025f3) csrrs   a1, mtval, zero
core   0: 3 0x000000008000609c (0x343025f3) x11 0x00000000b02c6c73
core   0: 0x00000000800060a0 (0x14302573) csrrs   a0, stval, zero
core   0: 3 0x00000000800060a0 (0x14302573) x10 0x0000000000000000
core   0: 0x00000000800060a4 (0xb02024f3) csrrs   s1, minstret, zero
core   0: 3 0x00000000800060a4 (0xb02024f3) x9  0x0000000000000c84
core   0: 0x00000000800060a8 (0x0000a811) c.j     pc + 20
core   0: 3 0x00000000800060a8 (0xa811)
core   0: >>>>  mepc_4
core   0: 0x00000000800060bc (0x00000791) c.addi  a5, 4
core   0: 3 0x00000000800060bc (0x0791) x15 0x0000000080004da8
core   0: 0x00000000800060be (0x34179073) csrrw   zero, mepc, a5
core   0: 3 0x00000000800060be (0x34179073) c833_mepc 0x0000000080004da8
core   0: 0x00000000800060c2 (0x30200073) mret
core   0: 3 0x00000000800060c2 (0x30200073) c768_mstatus 0x8000000a00106080
core   0: 0x0000000080004da8 (0x229523d3) fsgnjx.d ft7, fa0, fs1
core   0: 1 0x0000000080004da8 (0x229523d3) f7  0x7ff8000000000000
core   0: 0x0000000080004dac (0x0031d6bb) srlw    a3, gp, gp
core   0: 1 0x0000000080004dac (0x0031d6bb) x13 0x0000000000000001
core   0: 0x0000000080004db0 (0x02a0e0b3) rem     ra, ra, a0
core   0: 1 0x0000000080004db0 (0x02a0e0b3) x1  0x0000000080004014
core   0: 0x0000000080004db4 (0x036a5413) srli    s0, s4, 54
core   0: 1 0x0000000080004db4 (0x036a5413) x8  0x0000000000000000
core   0: 0x0000000080004db8 (0x22c61953) fsgnjn.d fs2, fa2, fa2
core   0: 1 0x0000000080004db8 (0x22c61953) f18 0xfff8000000000000
core   0: 0x0000000080004dbc (0xd20a0553) fcvt.d.w fa0, s4
core   0: 1 0x0000000080004dbc (0xd20a0553) f10 0x0000000000000000
core   0: 0x0000000080004dc0 (0x00d32cb3) slt     s9, t1, a3
core   0: 1 0x0000000080004dc0 (0x00d32cb3) x25 0x0000000000000001
core   0: 0x0000000080004dc4 (0x01de5eb3) srl     t4, t3, t4
core   0: 1 0x0000000080004dc4 (0x01de5eb3) x29 0x00000001ffffffff
core   0: 0x0000000080004dc8 (0x007a9433) sll     s0, s5, t2
core   0: 1 0x0000000080004dc8 (0x007a9433) x8  0x0000000000000000
core   0: 0x0000000080004dcc (0x008c083b) addw    a6, s8, s0
core   0: 1 0x0000000080004dcc (0x008c083b) x16 0xffffffff80006088
core   0: 0x0000000080004dd0 (0x0066e933) or      s2, a3, t1
core   0: 1 0x0000000080004dd0 (0x0066e933) x18 0x0000000000000001
core   0: 0x0000000080004dd4 (0x034ac433) div     s0, s5, s4
core   0: 1 0x0000000080004dd4 (0x034ac433) x8  0xffffffffffffffff
core   0: 0x0000000080004dd8 (0x00a65a9b) srliw   s5, a2, 10
core   0: 1 0x0000000080004dd8 (0x00a65a9b) x21 0x0000000000000002
core   0: 0x0000000080004ddc (0xfff06213) ori     tp, zero, -1
core   0: 1 0x0000000080004ddc (0xfff06213) x4  0xffffffffffffffff
core   0: 0x0000000080004de0 (0xc0257653) fcvt.l.s a2, fa0
core   0: 1 0x0000000080004de0 (0xc0257653) c1_fflags 0x0000000000000010 x12 0x7fffffffffffffff
core   0: 0x0000000080004de4 (0x7ff76793) ori     a5, a4, 2047
core   0: 1 0x0000000080004de4 (0x7ff76793) x15 0x00000000000007ff
core   0: 0x0000000080004de8 (0xf2070053) fmv.d.x ft0, a4
core   0: 1 0x0000000080004de8 (0xf2070053) f0  0x0000000000000002
core   0: 0x0000000080004dec (0x00000001) c.nop
core   0: 1 0x0000000080004dec (0x0001)
core   0: 0x0000000080004dee (0xf224e417) auipc   s0, 0xf224e
core   0: 1 0x0000000080004dee (0xf224e417) x8  0x0000000072252dee
core   0: 0x0000000080004df2 (0xc02c7253) fcvt.l.s tp, fs8
core   0: 1 0x0000000080004df2 (0xc02c7253) x4  0x0000000080004c00
core   0: 0x0000000080004df6 (0x00711a9b) slliw   s5, sp, 7
core   0: 1 0x0000000080004df6 (0x00711a9b) x21 0x0000000007ffff80
core   0: 0x0000000080004dfa (0x001e5413) srli    s0, t3, 1
core   0: 1 0x0000000080004dfa (0x001e5413) x8  0x3fffffffffffffff
core   0: 0x0000000080004dfe (0x220009d3) fsgnj.d fs3, ft0, ft0
core   0: 1 0x0000000080004dfe (0x220009d3) f19 0x0000000000000002
core   0: 0x0000000080004e02 (0x0012d913) srli    s2, t0, 1
core   0: 1 0x0000000080004e02 (0x0012d913) x18 0x7ffffffffffffe41
core   0: 0x0000000080004e06 (0xd2397753) fcvt.d.lu fa4, s2
core   0: 1 0x0000000080004e06 (0xd2397753) c1_fflags 0x0000000000000011 f14 0x43dfffffffffffff
core   0: 0x0000000080004e0a (0xab5af24f) fnmadd.d ft4, fs5, fs5, fs5
core   0: 1 0x0000000080004e0a (0xab5af24f) f4  0x7ff8000000000000
core   0: 0x0000000080004e0e (0xc02bfed3) fcvt.l.s t4, fs7
core   0: 1 0x0000000080004e0e (0xc02bfed3) c1_fflags 0x0000000000000011 x29 0x7fffffffffffffff
core   0: 0x0000000080004e12 (0x05d68997) auipc   s3, 0x5d68
core   0: 1 0x0000000080004e12 (0x05d68997) x19 0x0000000085d6ce12
core   0: 0x0000000080004e16 (0x01de94bb) sllw    s1, t4, t4
core   0: 1 0x0000000080004e16 (0x01de94bb) x9  0xffffffff80000000
core   0: 0x0000000080004e1a (0xfb1078c7) fmsub.d fa7, ft0, fa7, ft11
core   0: 1 0x0000000080004e1a (0xfb1078c7) f17 0x7ff8000000000000
core   0: 0x0000000080004e1e (0x0328fb53) fadd.d  fs6, fa7, fs2
core   0: 1 0x0000000080004e1e (0x0328fb53) f22 0x7ff8000000000000
core   0: 0x0000000080004e22 (0x0299da3b) divuw   s4, s3, s1
core   0: 1 0x0000000080004e22 (0x0299da3b) x20 0x0000000000000001
core   0: 0x0000000080004e26 (0x4084583b) sraw    a6, s0, s0
core   0: 1 0x0000000080004e26 (0x4084583b) x16 0xffffffffffffffff
core   0: 0x0000000080004e2a (0x42080cd3) fcvt.d.s fs9, fa6
core   0: 1 0x0000000080004e2a (0x42080cd3) f25 0x7ff8000000000000
core   0: 0x0000000080004e2e (0x10ace073) csrrsi  zero, senvcfg, 25
core   0: 1 0x0000000080004e2e (0x10ace073) c266_senvcfg 0x0000000000000000
core   0: 0x0000000080004e32 (0x03ad1a33) mulh    s4, s10, s10
core   0: 1 0x0000000080004e32 (0x03ad1a33) x20 0x0000000000000000
core   0: 0x0000000080004e36 (0xf2070bd3) fmv.d.x fs7, a4
core   0: 1 0x0000000080004e36 (0xf2070bd3) f23 0x0000000000000002
core   0: 0x0000000080004e3a (0x00202cf3) csrrs   s9, frm, zero
core   0: 1 0x0000000080004e3a (0x00202cf3) x25 0x0000000000000001
core   0: 0x0000000080004e3e (0x0348a1b3) mulhsu  gp, a7, s4
core   0: 1 0x0000000080004e3e (0x0348a1b3) x3  0x0000000000000000
core   0: 0x0000000080004e42 (0x032df8b7) lui     a7, 0x32df
core   0: 1 0x0000000080004e42 (0x032df8b7) x17 0x00000000032df000
core   0: 0x0000000080004e46 (0x95b8889b) addiw   a7, a7, -1701
core   0: 1 0x0000000080004e46 (0x95b8889b) x17 0x00000000032de95b
core   0: 0x0000000080004e4a (0x000008b6) c.slli  a7, 13
core   0: 1 0x0000000080004e4a (0x08b6) x17 0x00000065bd2b6000
core   0: 0x0000000080004e4c (0xa6588893) addi    a7, a7, -1435
core   0: 1 0x0000000080004e4c (0xa6588893) x17 0x00000065bd2b5a65
core   0: 0x0000000080004e50 (0xfc2dc817) auipc   a6, 0xfc2dc
core   0: 1 0x0000000080004e50 (0xfc2dc817) x16 0x000000007c2e0e50
core   0: 0x0000000080004e54 (0x018c6033) or      zero, s8, s8
core   0: 1 0x0000000080004e54 (0x018c6033)
core   0: 0x0000000080004e58 (0x00765bbb) srlw    s7, a2, t2
core   0: 1 0x0000000080004e58 (0x00765bbb) x23 0x0000000000000001
core   0: 0x0000000080004e5c (0x000c6213) ori     tp, s8, 0
core   0: 1 0x0000000080004e5c (0x000c6213) x4  0x0000000080006088
core   0: 0x0000000080004e60 (0x03476a33) rem     s4, a4, s4
core   0: 1 0x0000000080004e60 (0x03476a33) x20 0x0000000000000002
core   0: 0x0000000080004e64 (0x00e4ccb3) xor     s9, s1, a4
core   0: 1 0x0000000080004e64 (0x00e4ccb3) x25 0xffffffff80000002
core   0: 0x0000000080004e68 (0xd234f953) fcvt.d.lu fs2, s1
core   0: 1 0x0000000080004e68 (0xd234f953) f18 0x43effffffff00000
core   0: 0x0000000080004e6c (0x0ae77453) fsub.d  fs0, fa4, fa4
core   0: 1 0x0000000080004e6c (0x0ae77453) f8  0x0000000000000000
core   0: 0x0000000080004e70 (0x01948bb3) add     s7, s1, s9
core   0: 1 0x0000000080004e70 (0x01948bb3) x23 0xffffffff00000002
core   0: 0x0000000080004e74 (0xc2327853) fcvt.lu.d a6, ft4
core   0: 1 0x0000000080004e74 (0xc2327853) c1_fflags 0x0000000000000011 x16 0xffffffffffffffff
core   0: 0x0000000080004e78 (0x0ae47e4f) fnmadd.d ft8, fs0, fa4, ft1
core   0: 1 0x0000000080004e78 (0x0ae47e4f) f28 0x8000000000000000
core   0: 0x0000000080004e7c (0x8d043eb7) lui     t4, 0x8d043
core   0: 1 0x0000000080004e7c (0x8d043eb7) x29 0xffffffff8d043000
core   0: 0x0000000080004e80 (0x342ba3f3) csrrs   t2, mcause, s7
core   0: exception trap_illegal_instruction, epc 0x0000000080004e80
core   0:           tval 0x00000000342ba3f3
core   0: >>>>  $xrv64i2p1_m2p0_a2p1_f2p2_d2p2_zicsr2p0_zifencei2p0_zmmul1p0_zba1p0_zbb1p0_zbc1p0_zbs1p0
core   0: 0x0000000080004000 (0x0080006f) j       pc + 0x8
core   0: 3 0x0000000080004000 (0x0080006f)
core   0: >>>>  mmode_exception_handler
core   0: 0x0000000080004008 (0x00002c17) auipc   s8, 0x2
core   0: 3 0x0000000080004008 (0x00002c17) x24 0x0000000080006008
core   0: 0x000000008000400c (0x080c0c13) addi    s8, s8, 128
core   0: 3 0x000000008000400c (0x080c0c13) x24 0x0000000080006088
core   0: 0x0000000080004010 (0x000c00e7) jalr    s8
core   0: 3 0x0000000080004010 (0x000c00e7) x1  0x0000000080004014
core   0: >>>>  any_handler
core   0: 0x0000000080006088 (0x341027f3) csrrs   a5, mepc, zero
core   0: 3 0x0000000080006088 (0x341027f3) x15 0x0000000080004e80
core   0: 0x000000008000608c (0x34202773) csrrs   a4, mcause, zero
core   0: 3 0x000000008000608c (0x34202773) x14 0x0000000000000002
core   0: 0x0000000080006090 (0x142026f3) csrrs   a3, scause, zero
core   0: 3 0x0000000080006090 (0x142026f3) x13 0x0000000000000000
core   0: 0x0000000080006094 (0x30402673) csrrs   a2, mie, zero
core   0: 3 0x0000000080006094 (0x30402673) x12 0x0000000000000a00
core   0: 0x0000000080006098 (0x344025f3) csrrs   a1, mip, zero
core   0: 3 0x0000000080006098 (0x344025f3) x11 0x0000000000000080
core   0: 0x000000008000609c (0x343025f3) csrrs   a1, mtval, zero
core   0: 3 0x000000008000609c (0x343025f3) x11 0x00000000342ba3f3
core   0: 0x00000000800060a0 (0x14302573) csrrs   a0, stval, zero
core   0: 3 0x00000000800060a0 (0x14302573) x10 0x0000000000000000
core   0: 0x00000000800060a4 (0xb02024f3) csrrs   s1, minstret, zero
core   0: 3 0x00000000800060a4 (0xb02024f3) x9  0x0000000000000ccb
core   0: 0x00000000800060a8 (0x0000a811) c.j     pc + 20
core   0: 3 0x00000000800060a8 (0xa811)
core   0: >>>>  mepc_4
core   0: 0x00000000800060bc (0x00000791) c.addi  a5, 4
core   0: 3 0x00000000800060bc (0x0791) x15 0x0000000080004e84
core   0: 0x00000000800060be (0x34179073) csrrw   zero, mepc, a5
core   0: 3 0x00000000800060be (0x34179073) c833_mepc 0x0000000080004e84
core   0: 0x00000000800060c2 (0x30200073) mret
core   0: 3 0x00000000800060c2 (0x30200073) c768_mstatus 0x8000000a00106080
core   0: 0x0000000080004e84 (0xfe1d20b7) lui     ra, 0xfe1d2
core   0: 1 0x0000000080004e84 (0xfe1d20b7) x1  0xfffffffffe1d2000
core   0: 0x0000000080004e88 (0x01445a1b) srliw   s4, s0, 20
core   0: 1 0x0000000080004e88 (0x01445a1b) x20 0x0000000000000fff
core   0: 0x0000000080004e8c (0xc23b76d3) fcvt.lu.d a3, fs6
core   0: 1 0x0000000080004e8c (0xc23b76d3) c1_fflags 0x0000000000000011 x13 0xffffffffffffffff
core   0: 0x0000000080004e90 (0x00d7fb33) and     s6, a5, a3
core   0: 1 0x0000000080004e90 (0x00d7fb33) x22 0x0000000080004e84
core   0: 0x0000000080004e94 (0x000089a2) c.mv    s3, s0
core   0: 1 0x0000000080004e94 (0x89a2) x19 0x3fffffffffffffff
core   0: 0x0000000080004e96 (0x000b8c9b) sext.w  s9, s7
core   0: 1 0x0000000080004e96 (0x000b8c9b) x25 0x0000000000000002
core   0: 0x0000000080004e9a (0xb328f8c7) fmsub.d fa7, fa7, fs2, fs6
core   0: 1 0x0000000080004e9a (0xb328f8c7) f17 0x7ff8000000000000
core   0: 0x0000000080004e9e (0xff1acab7) lui     s5, 0xff1ac
core   0: 1 0x0000000080004e9e (0xff1acab7) x21 0xffffffffff1ac000
core   0: 0x0000000080004ea2 (0xf3ba8a9b) addiw   s5, s5, -197
core   0: 1 0x0000000080004ea2 (0xf3ba8a9b) x21 0xffffffffff1abf3b
core   0: 0x0000000080004ea6 (0x00000ab6) c.slli  s5, 13
core   0: 1 0x0000000080004ea6 (0x0ab6) x21 0xffffffe357e76000
core   0: 0x0000000080004ea8 (0xc9ea8a93) addi    s5, s5, -866
core   0: 1 0x0000000080004ea8 (0xc9ea8a93) x21 0xffffffe357e75c9e
core   0: 0x0000000080004eac (0x6be9f243) fmadd.d ft4, fs3, ft10, fa3
core   0: 1 0x0000000080004eac (0x6be9f243) f4  0x7ff8000000000000
core   0: 0x0000000080004eb0 (0x43fad793) srai    a5, s5, 63
core   0: 1 0x0000000080004eb0 (0x43fad793) x15 0xffffffffffffffff
core   0: 0x0000000080004eb4 (0x01a788bb) addw    a7, a5, s10
core   0: 1 0x0000000080004eb4 (0x01a788bb) x17 0x0000000000000324
core   0: 0x0000000080004eb8 (0x03014433) div     s0, sp, a6
core   0: 1 0x0000000080004eb8 (0x03014433) x8  0xfffffffffff00001
core   0: 0x0000000080004ebc (0x01bd2db3) slt     s11, s10, s11
core   0: 1 0x0000000080004ebc (0x01bd2db3) x27 0x0000000000000001
core   0: 0x0000000080004ec0 (0xd23d7753) fcvt.d.lu fa4, s10
core   0: 1 0x0000000080004ec0 (0xd23d7753) f14 0x4089280000000000
core   0: 0x0000000080004ec4 (0x002e93b3) sll     t2, t4, sp
core   0: 1 0x0000000080004ec4 (0x002e93b3) x7  0x0000000000000000
core   0: 0x0000000080004ec8 (0xff3b20b7) lui     ra, 0xff3b2
core   0: 1 0x0000000080004ec8 (0xff3b20b7) x1  0xffffffffff3b2000
core   0: 0x0000000080004ecc (0x1ff0809b) addiw   ra, ra, 511
core   0: 1 0x0000000080004ecc (0x1ff0809b) x1  0xffffffffff3b21ff
core   0: 0x0000000080004ed0 (0x000000be) c.slli  ra, 15
core   0: 1 0x0000000080004ed0 (0x00be) x1  0xffffff9d90ff8000
core   0: 0x0000000080004ed2 (0x79508093) addi    ra, ra, 1941
core   0: 1 0x0000000080004ed2 (0x79508093) x1  0xffffff9d90ff8795
core   0: 0x0000000080004ed6 (0xe20988d3) fmv.x.d a7, fs3
core   0: 1 0x0000000080004ed6 (0xe20988d3) x17 0x0000000000000002
core   0: 0x0000000080004eda (0x0003d79b) srliw   a5, t2, 0
core   0: 1 0x0000000080004eda (0x0003d79b) x15 0x0000000000000000
core   0: 0x0000000080004ede (0xd027f0d3) fcvt.s.l ft1, a5
core   0: 1 0x0000000080004ede (0xd027f0d3) f1  0xffffffff00000000
core   0: 0x0000000080004ee2 (0x03d859b3) divu    s3, a6, t4
core   0: 1 0x0000000080004ee2 (0x03d859b3) x19 0x0000000000000001
core   0: 0x0000000080004ee6 (0x88858597) auipc   a1, 0x88858
core   0: 1 0x0000000080004ee6 (0x88858597) x11 0x000000000885cee6
core   0: 0x0000000080004eea (0x43155093) srai    ra, a0, 49
core   0: 1 0x0000000080004eea (0x43155093) x1  0x0000000000000000
core   0: 0x0000000080004eee (0xd20c8853) fcvt.d.w fa6, s9
core   0: 1 0x0000000080004eee (0xd20c8853) f16 0x4000000000000000
core   0: 0x0000000080004ef2 (0x400d541b) sraiw   s0, s10, 0
core   0: 1 0x0000000080004ef2 (0x400d541b) x8  0x0000000000000325
core   0: 0x0000000080004ef6 (0xf3e27bcf) fnmadd.d fs7, ft4, ft10, ft10
core   0: 1 0x0000000080004ef6 (0xf3e27bcf) f23 0x7ff8000000000000
core   0: 0x0000000080004efa (0x0200dc3b) divuw   s8, ra, zero
core   0: 1 0x0000000080004efa (0x0200dc3b) x24 0xffffffffffffffff
core   0: 0x0000000080004efe (0x98ea9017) auipc   zero, 0x98ea9
core   0: 1 0x0000000080004efe (0x98ea9017)
core   0: 0x0000000080004f02 (0x226681d3) fsgnj.d ft3, fa3, ft6
core   0: 1 0x0000000080004f02 (0x226681d3) f3  0xfff8000000000000
core   0: 0x0000000080004f06 (0xd02bf3d3) fcvt.s.l ft7, s7
core   0: 1 0x0000000080004f06 (0xd02bf3d3) c1_fflags 0x0000000000000011 f7  0xffffffffcf7fffff
core   0: 0x0000000080004f0a (0x00e1d9bb) srlw    s3, gp, a4
core   0: 1 0x0000000080004f0a (0x00e1d9bb) x19 0x0000000000000000
core   0: 0x0000000080004f0e (0x70486213) ori     tp, a6, 1796
core   0: 1 0x0000000080004f0e (0x70486213) x4  0xffffffffffffffff
core   0: 0x0000000080004f12 (0x404400bb) subw    ra, s0, tp
core   0: 1 0x0000000080004f12 (0x404400bb) x1  0x0000000000000326
core   0: 0x0000000080004f16 (0xcaf67e4f) fnmadd.d ft8, fa2, fa5, fs9
core   0: 1 0x0000000080004f16 (0xcaf67e4f) f28 0x7ff8000000000000
core   0: 0x0000000080004f1a (0x00219c73) csrrw   s8, frm, gp
core   0: 1 0x0000000080004f1a (0x00219c73) x24 0x0000000000000001 c2_frm 0x0000000000000000
core   0: 0x0000000080004f1e (0x0181dd33) srl     s10, gp, s8
core   0: 1 0x0000000080004f1e (0x0181dd33) x26 0x0000000000000000
core   0: 0x0000000080004f22 (0x4000d83b) sraw    a6, ra, zero
core   0: 1 0x0000000080004f22 (0x4000d83b) x16 0x0000000000000326
core   0: 0x0000000080004f26 (0x420c0d53) fcvt.d.s fs10, fs8
core   0: 1 0x0000000080004f26 (0x420c0d53) f26 0x41e0000980000000
core   0: 0x0000000080004f2a (0xd231fcd3) fcvt.d.lu fs9, gp
core   0: 1 0x0000000080004f2a (0xd231fcd3) f25 0x0000000000000000
core   0: 0x0000000080004f2e (0x00281d73) csrrw   s10, frm, a6
core   0: 1 0x0000000080004f2e (0x00281d73) x26 0x0000000000000000 c2_frm 0x0000000000000006
core   0: 0x0000000080004f32 (0x03b1533b) divuw   t1, sp, s11
core   0: 1 0x0000000080004f32 (0x03b1533b) x6  0x00000000000fffff
core   0: 0x0000000080004f36 (0x00801893) slli    a7, zero, 8
core   0: 1 0x0000000080004f36 (0x00801893) x17 0x0000000000000000
core   0: 0x0000000080004f3a (0xd202f7cf) fnmadd.d fa5, ft5, ft0, fs10
core   0: exception trap_illegal_instruction, epc 0x0000000080004f3a
core   0:           tval 0x00000000d202f7cf
core   0: >>>>  $xrv64i2p1_m2p0_a2p1_f2p2_d2p2_zicsr2p0_zifencei2p0_zmmul1p0_zba1p0_zbb1p0_zbc1p0_zbs1p0
core   0: 0x0000000080004000 (0x0080006f) j       pc + 0x8
core   0: 3 0x0000000080004000 (0x0080006f)
core   0: >>>>  mmode_exception_handler
core   0: 0x0000000080004008 (0x00002c17) auipc   s8, 0x2
core   0: 3 0x0000000080004008 (0x00002c17) x24 0x0000000080006008
core   0: 0x000000008000400c (0x080c0c13) addi    s8, s8, 128
core   0: 3 0x000000008000400c (0x080c0c13) x24 0x0000000080006088
core   0: 0x0000000080004010 (0x000c00e7) jalr    s8
core   0: 3 0x0000000080004010 (0x000c00e7) x1  0x0000000080004014
core   0: >>>>  any_handler
core   0: 0x0000000080006088 (0x341027f3) csrrs   a5, mepc, zero
core   0: 3 0x0000000080006088 (0x341027f3) x15 0x0000000080004f3a
core   0: 0x000000008000608c (0x34202773) csrrs   a4, mcause, zero
core   0: 3 0x000000008000608c (0x34202773) x14 0x0000000000000002
core   0: 0x0000000080006090 (0x142026f3) csrrs   a3, scause, zero
core   0: 3 0x0000000080006090 (0x142026f3) x13 0x0000000000000000
core   0: 0x0000000080006094 (0x30402673) csrrs   a2, mie, zero
core   0: 3 0x0000000080006094 (0x30402673) x12 0x0000000000000a00
core   0: 0x0000000080006098 (0x344025f3) csrrs   a1, mip, zero
core   0: 3 0x0000000080006098 (0x344025f3) x11 0x0000000000000080
core   0: 0x000000008000609c (0x343025f3) csrrs   a1, mtval, zero
core   0: 3 0x000000008000609c (0x343025f3) x11 0x00000000d202f7cf
core   0: 0x00000000800060a0 (0x14302573) csrrs   a0, stval, zero
core   0: 3 0x00000000800060a0 (0x14302573) x10 0x0000000000000000
core   0: 0x00000000800060a4 (0xb02024f3) csrrs   s1, minstret, zero
core   0: 3 0x00000000800060a4 (0xb02024f3) x9  0x0000000000000d0a
core   0: 0x00000000800060a8 (0x0000a811) c.j     pc + 20
core   0: 3 0x00000000800060a8 (0xa811)
core   0: >>>>  mepc_4
core   0: 0x00000000800060bc (0x00000791) c.addi  a5, 4
core   0: 3 0x00000000800060bc (0x0791) x15 0x0000000080004f3e
core   0: 0x00000000800060be (0x34179073) csrrw   zero, mepc, a5
core   0: 3 0x00000000800060be (0x34179073) c833_mepc 0x0000000080004f3e
core   0: 0x00000000800060c2 (0x30200073) mret
core   0: 3 0x00000000800060c2 (0x30200073) c768_mstatus 0x8000000a00106080
core   0: 0x0000000080004f3e (0x002b9673) csrrw   a2, frm, s7
core   0: 1 0x0000000080004f3e (0x002b9673) x12 0x0000000000000006 c2_frm 0x0000000000000002
core   0: 0x0000000080004f42 (0xcb977f43) fmadd.d ft10, fa4, fs9, fs9
core   0: 1 0x0000000080004f42 (0xcb977f43) f30 0x0000000000000000
core   0: 0x0000000080004f46 (0x03f65793) srli    a5, a2, 63
core   0: 1 0x0000000080004f46 (0x03f65793) x15 0x0000000000000000
core   0: 0x0000000080004f4a (0xc2307b53) fcvt.lu.d s6, ft0
core   0: 1 0x0000000080004f4a (0xc2307b53) c1_fflags 0x0000000000000011 x22 0x0000000000000000
core   0: 0x0000000080004f4e (0x0b97fcd3) fsub.d  fs9, fa5, fs9
core   0: 1 0x0000000080004f4e (0x0b97fcd3) f25 0x7ff8000000000000
core   0: 0x0000000080004f52 (0x01de8bbb) addw    s7, t4, t4
core   0: 1 0x0000000080004f52 (0x01de8bbb) x23 0x000000001a086000
core   0: 0x0000000080004f56 (0x001d889b) addiw   a7, s11, 1
core   0: 1 0x0000000080004f56 (0x001d889b) x17 0x0000000000000002
core   0: 0x0000000080004f5a (0x00e39433) sll     s0, t2, a4
core   0: 1 0x0000000080004f5a (0x00e39433) x8  0x0000000000000000
core   0: 0x0000000080004f5e (0x411b0eb3) sub     t4, s6, a7
core   0: 1 0x0000000080004f5e (0x411b0eb3) x29 0xfffffffffffffffe
core   0: 0x0000000080004f62 (0x401cd213) srai    tp, s9, 1
core   0: 1 0x0000000080004f62 (0x401cd213) x4  0x0000000000000001
core   0: 0x0000000080004f66 (0x2ab91753) fmax.d  fa4, fs2, fa1
core   0: 1 0x0000000080004f66 (0x2ab91753) f14 0x43effffffff00000
core   0: 0x0000000080004f6a (0xc03cf153) fcvt.lu.s sp, fs9
core   0: 1 0x0000000080004f6a (0xc03cf153) c1_fflags 0x0000000000000011 x2  0xffffffffffffffff
core   0: 0x0000000080004f6e (0x01405c3b) srlw    s8, zero, s4
core   0: 1 0x0000000080004f6e (0x01405c3b) x24 0x0000000000000000
core   0: 0x0000000080004f72 (0x9bae7f47) fmsub.d ft10, ft8, fs10, fs3
core   0: 1 0x0000000080004f72 (0x9bae7f47) f30 0x7ff8000000000000
core   0: 0x0000000080004f76 (0x014a123b) sllw    tp, s4, s4
core   0: 1 0x0000000080004f76 (0x014a123b) x4  0xffffffff80000000
core   0: 0x0000000080004f7a (0x016a5b33) srl     s6, s4, s6
core   0: 1 0x0000000080004f7a (0x016a5b33) x22 0x0000000000000fff
core   0: 0x0000000080004f7e (0x406352bb) sraw    t0, t1, t1
core   0: 1 0x0000000080004f7e (0x406352bb) x5  0x0000000000000000
core   0: 0x0000000080004f82 (0x018c7c33) and     s8, s8, s8
core   0: 1 0x0000000080004f82 (0x018c7c33) x24 0x0000000000000000
core   0: 0x0000000080004f86 (0x4198d433) sra     s0, a7, s9
core   0: 1 0x0000000080004f86 (0x4198d433) x8  0x0000000000000000
core   0: 0x0000000080004f8a (0x23e39bd3) fsgnjn.d fs7, ft7, ft10
core   0: 1 0x0000000080004f8a (0x23e39bd3) f23 0xffffffffcf7fffff
core   0: 0x0000000080004f8e (0x420489d3) fcvt.d.s fs3, fs1
core   0: 1 0x0000000080004f8e (0x420489d3) f19 0x7ff8000000000000
core   0: 0x0000000080004f92 (0x02387833) remu    a6, a6, gp
core   0: 1 0x0000000080004f92 (0x02387833) x16 0x0000000000000326
core   0: 0x0000000080004f96 (0x4138dc93) srai    s9, a7, 19
core   0: 1 0x0000000080004f96 (0x4138dc93) x25 0x0000000000000000
core   0: 0x0000000080004f9a (0x00056033) or      zero, a0, zero
core   0: 1 0x0000000080004f9a (0x00056033)
core   0: 0x0000000080004f9e (0x00fbfbb3) and     s7, s7, a5
core   0: 1 0x0000000080004f9e (0x00fbfbb3) x23 0x0000000000000000
core   0: 0x0000000080004fa2 (0xd23077d3) fcvt.d.lu fa5, zero
core   0: 1 0x0000000080004fa2 (0xd23077d3) f15 0x0000000000000000
core   0: 0x0000000080004fa6 (0x0173a733) slt     a4, t2, s7
core   0: 1 0x0000000080004fa6 (0x0173a733) x14 0x0000000000000000
core   0: 0x0000000080004faa (0xdc6c4d13) xori    s10, s8, -570
core   0: 1 0x0000000080004faa (0xdc6c4d13) x26 0xfffffffffffffdc6
core   0: 0x0000000080004fae (0xf20008d3) fmv.d.x fa7, zero
core   0: 1 0x0000000080004fae (0xf20008d3) f17 0x0000000000000000
core   0: 0x0000000080004fb2 (0x8007051b) addiw   a0, a4, -2048
core   0: 1 0x0000000080004fb2 (0x8007051b) x10 0xfffffffffffff800
core   0: 0x0000000080004fb6 (0x0000f013) andi    zero, ra, 0
core   0: 1 0x0000000080004fb6 (0x0000f013)
core   0: 0x0000000080004fba (0x42000653) fcvt.d.s fa2, ft0
core   0: 1 0x0000000080004fba (0x42000653) f12 0x7ff8000000000000
core   0: 0x0000000080004fbe (0x011a8bb3) add     s7, s5, a7
core   0: 1 0x0000000080004fbe (0x011a8bb3) x23 0xffffffe357e75ca0
core   0: 0x0000000080004fc2 (0x408cd1bb) sraw    gp, s9, s0
core   0: 1 0x0000000080004fc2 (0x408cd1bb) x3  0x0000000000000000
core   0: 0x0000000080004fc6 (0xc20efc53) fcvt.w.d s8, ft9
core   0: 1 0x0000000080004fc6 (0xc20efc53) c1_fflags 0x0000000000000011 x24 0x000000007fffffff
core   0: 0x0000000080004fca (0xd2040453) fcvt.d.w fs0, s0
core   0: 1 0x0000000080004fca (0xd2040453) f8  0x0000000000000000
core   0: 0x0000000080004fce (0x0ff0000f) fence   iorw,iorw
core   0: 1 0x0000000080004fce (0x0ff0000f)
core   0: 0x0000000080004fd2 (0x0000964d) c.srai  a2, 51
core   0: 1 0x0000000080004fd2 (0x964d) x12 0x0000000000000000
core   0: 0x0000000080004fd4 (0x00009d66) c.add   s10, s9
core   0: 1 0x0000000080004fd4 (0x9d66) x26 0xfffffffffffffdc6
core   0: 0x0000000080004fd6 (0x00ed5ebb) srlw    t4, s10, a4
core   0: 1 0x0000000080004fd6 (0x00ed5ebb) x29 0xfffffffffffffdc6
core   0: 0x0000000080004fda (0xc0347653) fcvt.lu.s a2, fs0
core   0: 1 0x0000000080004fda (0xc0347653) c1_fflags 0x0000000000000011 x12 0xffffffffffffffff
core   0: 0x0000000080004fde (0xc0505873) csrrwi  a6, hpmcounter5, 0
core   0: exception trap_illegal_instruction, epc 0x0000000080004fde
core   0:           tval 0x00000000c0505873
core   0: >>>>  $xrv64i2p1_m2p0_a2p1_f2p2_d2p2_zicsr2p0_zifencei2p0_zmmul1p0_zba1p0_zbb1p0_zbc1p0_zbs1p0
core   0: 0x0000000080004000 (0x0080006f) j       pc + 0x8
core   0: 3 0x0000000080004000 (0x0080006f)
core   0: >>>>  mmode_exception_handler
core   0: 0x0000000080004008 (0x00002c17) auipc   s8, 0x2
core   0: 3 0x0000000080004008 (0x00002c17) x24 0x0000000080006008
core   0: 0x000000008000400c (0x080c0c13) addi    s8, s8, 128
core   0: 3 0x000000008000400c (0x080c0c13) x24 0x0000000080006088
core   0: 0x0000000080004010 (0x000c00e7) jalr    s8
core   0: 3 0x0000000080004010 (0x000c00e7) x1  0x0000000080004014
core   0: >>>>  any_handler
core   0: 0x0000000080006088 (0x341027f3) csrrs   a5, mepc, zero
core   0: 3 0x0000000080006088 (0x341027f3) x15 0x0000000080004fde
core   0: 0x000000008000608c (0x34202773) csrrs   a4, mcause, zero
core   0: 3 0x000000008000608c (0x34202773) x14 0x0000000000000002
core   0: 0x0000000080006090 (0x142026f3) csrrs   a3, scause, zero
core   0: 3 0x0000000080006090 (0x142026f3) x13 0x0000000000000000
core   0: 0x0000000080006094 (0x30402673) csrrs   a2, mie, zero
core   0: 3 0x0000000080006094 (0x30402673) x12 0x0000000000000a00
core   0: 0x0000000080006098 (0x344025f3) csrrs   a1, mip, zero
core   0: 3 0x0000000080006098 (0x344025f3) x11 0x0000000000000080
core   0: 0x000000008000609c (0x343025f3) csrrs   a1, mtval, zero
core   0: 3 0x000000008000609c (0x343025f3) x11 0x00000000c0505873
core   0: 0x00000000800060a0 (0x14302573) csrrs   a0, stval, zero
core   0: 3 0x00000000800060a0 (0x14302573) x10 0x0000000000000000
core   0: 0x00000000800060a4 (0xb02024f3) csrrs   s1, minstret, zero
core   0: 3 0x00000000800060a4 (0xb02024f3) x9  0x0000000000000d43
core   0: 0x00000000800060a8 (0x0000a811) c.j     pc + 20
core   0: 3 0x00000000800060a8 (0xa811)
core   0: >>>>  mepc_4
core   0: 0x00000000800060bc (0x00000791) c.addi  a5, 4
core   0: 3 0x00000000800060bc (0x0791) x15 0x0000000080004fe2
core   0: 0x00000000800060be (0x34179073) csrrw   zero, mepc, a5
core   0: 3 0x00000000800060be (0x34179073) c833_mepc 0x0000000080004fe2
core   0: 0x00000000800060c2 (0x30200073) mret
core   0: 3 0x00000000800060c2 (0x30200073) c768_mstatus 0x8000000a00106080
core   0: 0x0000000080004fe2 (0x014668b3) or      a7, a2, s4
core   0: 1 0x0000000080004fe2 (0x014668b3) x17 0x0000000000000fff
core   0: 0x0000000080004fe6 (0xd0267253) fcvt.s.l ft4, a2
core   0: 1 0x0000000080004fe6 (0xd0267253) f4  0xffffffff45200000
core   0: 0x0000000080004fea (0x01290633) add     a2, s2, s2
core   0: 1 0x0000000080004fea (0x01290633) x12 0xfffffffffffffc82
core   0: 0x0000000080004fee (0xd2140e53) fcvt.d.wu ft8, s0
core   0: 1 0x0000000080004fee (0xd2140e53) f28 0x0000000000000000
core   0: 0x0000000080004ff2 (0xcafe7bcb) fnmsub.d fs7, ft8, fa5, fs9
core   0: 1 0x0000000080004ff2 (0xcafe7bcb) f23 0x7ff8000000000000
core   0: 0x0000000080004ff6 (0xe20b8a53) fmv.x.d s4, fs7
core   0: 1 0x0000000080004ff6 (0xe20b8a53) x20 0x7ff8000000000000
core   0: 0x0000000080004ffa (0x7ffa0d9b) addiw   s11, s4, 2047
core   0: 1 0x0000000080004ffa (0x7ffa0d9b) x27 0x00000000000007ff
core   0: 0x0000000080004ffe (0xd236f6d3) fcvt.d.lu fa3, a3
core   0: 1 0x0000000080004ffe (0xd236f6d3) f13 0x0000000000000000
core   0: 0x0000000080005002 (0x41b85233) sra     tp, a6, s11
core   0: 1 0x0000000080005002 (0x41b85233) x4  0x0000000000000000
core   0: 0x0000000080005006 (0x407dd5b3) sra     a1, s11, t2
core   0: 1 0x0000000080005006 (0x407dd5b3) x11 0x00000000000007ff
core   0: 0x000000008000500a (0xd21088d3) fcvt.d.wu fa7, ra
core   0: 1 0x000000008000500a (0xd21088d3) f17 0x41e0000802800000
core   0: 0x000000008000500e (0x139cf8d3) fmul.d  fa7, fs9, fs9
core   0: 1 0x000000008000500e (0x139cf8d3) f17 0x7ff8000000000000
core   0: 0x0000000080005012 (0x00108413) addi    s0, ra, 1
core   0: 1 0x0000000080005012 (0x00108413) x8  0x0000000080004015
core   0: 0x0000000080005016 (0xa31887d3) fle.d   a5, fa7, fa7
core   0: 1 0x0000000080005016 (0xa31887d3) c1_fflags 0x0000000000000011 x15 0x0000000000000000
core   0: 0x000000008000501a (0x0087da33) srl     s4, a5, s0
core   0: 1 0x000000008000501a (0x0087da33) x20 0x0000000000000000
core   0: 0x000000008000501e (0x03f3d813) srli    a6, t2, 63
core   0: 1 0x000000008000501e (0x03f3d813) x16 0x0000000000000000
core   0: 0x0000000080005022 (0x23909e53) fsgnjn.d ft8, ft1, fs9
core   0: 1 0x0000000080005022 (0x23909e53) f28 0xffffffff00000000
core   0: 0x0000000080005026 (0x0001d993) srli    s3, gp, 0
core   0: 1 0x0000000080005026 (0x0001d993) x19 0x0000000000000000
core   0: 0x000000008000502a (0x2aa50fd3) fmin.d  ft11, fa0, fa0
core   0: 1 0x000000008000502a (0x2aa50fd3) f31 0x0000000000000000
core   0: 0x000000008000502e (0x23b98153) fsgnj.d ft2, fs3, fs11
core   0: 1 0x000000008000502e (0x23b98153) f2  0x7ff8000000000000
core   0: 0x0000000080005032 (0x41300033) sub     zero, zero, s3
core   0: 1 0x0000000080005032 (0x41300033)
core   0: 0x0000000080005036 (0x00102173) csrrs   sp, fflags, zero
core   0: 1 0x0000000080005036 (0x00102173) x2  0x0000000000000011
core   0: 0x000000008000503a (0x4028d513) srai    a0, a7, 2
core   0: 1 0x000000008000503a (0x4028d513) x10 0x00000000000003ff
core   0: 0x000000008000503e (0x41c7d033) sra     zero, a5, t3
core   0: 1 0x000000008000503e (0x41c7d033)
core   0: 0x0000000080005042 (0x00000001) c.nop
core   0: 1 0x0000000080005042 (0x0001)
core   0: 0x0000000080005044 (0x129378d3) fmul.d  fa7, ft6, fs1
core   0: 1 0x0000000080005044 (0x129378d3) f17 0x7ff8000000000000
core   0: 0x0000000080005048 (0x02e9ff53) fadd.d  ft10, fs3, fa4
core   0: 1 0x0000000080005048 (0x02e9ff53) f30 0x7ff8000000000000
core   0: 0x000000008000504c (0x02bea633) mulhsu  a2, t4, a1
core   0: 1 0x000000008000504c (0x02bea633) x12 0xffffffffffffffff
core   0: 0x0000000080005050 (0x00c9191b) slliw   s2, s2, 12
core   0: 1 0x0000000080005050 (0x00c9191b) x18 0xffffffffffe41000
core   0: 0x0000000080005054 (0x017650b3) srl     ra, a2, s7
core   0: 1 0x0000000080005054 (0x017650b3) x1  0x00000000ffffffff
core   0: 0x0000000080005058 (0x021188b3) mul     a7, gp, ra
core   0: 1 0x0000000080005058 (0x021188b3) x17 0x0000000000000000
core   0: 0x000000008000505c (0x2a318ad3) fmin.d  fs5, ft3, ft3
core   0: 1 0x000000008000505c (0x2a318ad3) f21 0x7ff8000000000000
core   0: 0x0000000080005060 (0x024a09b3) mul     s3, s4, tp
core   0: 1 0x0000000080005060 (0x024a09b3) x19 0x0000000000000000
core   0: 0x0000000080005064 (0x0002121b) slliw   tp, tp, 0
core   0: 1 0x0000000080005064 (0x0002121b) x4  0x0000000000000000
core   0: 0x0000000080005068 (0x018051b3) srl     gp, zero, s8
core   0: 1 0x0000000080005068 (0x018051b3) x3  0x0000000000000000
core   0: 0x000000008000506c (0x224b2cd3) fsgnjx.d fs9, fs6, ft4
core   0: 1 0x000000008000506c (0x224b2cd3) f25 0xfff8000000000000
core   0: 0x0000000080005070 (0x019c0d3b) addw    s10, s8, s9
core   0: 1 0x0000000080005070 (0x019c0d3b) x26 0xffffffff80006088
core   0: 0x0000000080005074 (0x030cbb33) mulhu   s6, s9, a6
core   0: 1 0x0000000080005074 (0x030cbb33) x22 0x0000000000000000
core   0: 0x0000000080005078 (0x019b92b3) sll     t0, s7, s9
core   0: 1 0x0000000080005078 (0x019b92b3) x5  0xffffffe357e75ca0
core   0: 0x000000008000507c (0x5b6275c3) fmadd.d fa1, ft4, fs6, fa1
core   0: 1 0x000000008000507c (0x5b6275c3) f11 0x7ff8000000000000
core   0: 0x0000000080005080 (0x006e843b) addw    s0, t4, t1
core   0: 1 0x0000000080005080 (0x006e843b) x8  0x00000000000ffdc5
core   0: 0x0000000080005084 (0x800a8a9b) addiw   s5, s5, -2048
core   0: 1 0x0000000080005084 (0x800a8a9b) x21 0x0000000057e7549e
core   0: 0x0000000080005088 (0xc21af7d3) fcvt.wu.d a5, fs5
core   0: 1 0x0000000080005088 (0xc21af7d3) c1_fflags 0x0000000000000011 x15 0xffffffffffffffff
core   0: 0x000000008000508c (0x01f0591b) srliw   s2, zero, 31
core   0: 1 0x000000008000508c (0x01f0591b) x18 0x0000000000000000
core   0: 0x0000000080005090 (0x0a72f153) fsub.d  ft2, ft5, ft7
core   0: 1 0x0000000080005090 (0x0a72f153) f2  0x7ff8000000000000
core   0: 0x0000000080005094 (0x4aa9f84b) fnmsub.d fa6, fs3, fa0, fs1
core   0: 1 0x0000000080005094 (0x4aa9f84b) f16 0x7ff8000000000000
core   0: 0x0000000080005098 (0xc20ffc53) fcvt.w.d s8, ft11
core   0: 1 0x0000000080005098 (0xc20ffc53) x24 0x0000000000000000
core   0: 0x000000008000509c (0xc02cd073) csrrwi  zero, instret, 25
core   0: exception trap_illegal_instruction, epc 0x000000008000509c
core   0:           tval 0x00000000c02cd073
core   0: >>>>  $xrv64i2p1_m2p0_a2p1_f2p2_d2p2_zicsr2p0_zifencei2p0_zmmul1p0_zba1p0_zbb1p0_zbc1p0_zbs1p0
core   0: 0x0000000080004000 (0x0080006f) j       pc + 0x8
core   0: 3 0x0000000080004000 (0x0080006f)
core   0: >>>>  mmode_exception_handler
core   0: 0x0000000080004008 (0x00002c17) auipc   s8, 0x2
core   0: 3 0x0000000080004008 (0x00002c17) x24 0x0000000080006008
core   0: 0x000000008000400c (0x080c0c13) addi    s8, s8, 128
core   0: 3 0x000000008000400c (0x080c0c13) x24 0x0000000080006088
core   0: 0x0000000080004010 (0x000c00e7) jalr    s8
core   0: 3 0x0000000080004010 (0x000c00e7) x1  0x0000000080004014
core   0: >>>>  any_handler
core   0: 0x0000000080006088 (0x341027f3) csrrs   a5, mepc, zero
core   0: 3 0x0000000080006088 (0x341027f3) x15 0x000000008000509c
core   0: 0x000000008000608c (0x34202773) csrrs   a4, mcause, zero
core   0: 3 0x000000008000608c (0x34202773) x14 0x0000000000000002
core   0: 0x0000000080006090 (0x142026f3) csrrs   a3, scause, zero
core   0: 3 0x0000000080006090 (0x142026f3) x13 0x0000000000000000
core   0: 0x0000000080006094 (0x30402673) csrrs   a2, mie, zero
core   0: 3 0x0000000080006094 (0x30402673) x12 0x0000000000000a00
core   0: 0x0000000080006098 (0x344025f3) csrrs   a1, mip, zero
core   0: 3 0x0000000080006098 (0x344025f3) x11 0x0000000000000080
core   0: 0x000000008000609c (0x343025f3) csrrs   a1, mtval, zero
core   0: 3 0x000000008000609c (0x343025f3) x11 0x00000000c02cd073
core   0: 0x00000000800060a0 (0x14302573) csrrs   a0, stval, zero
core   0: 3 0x00000000800060a0 (0x14302573) x10 0x0000000000000000
core   0: 0x00000000800060a4 (0xb02024f3) csrrs   s1, minstret, zero
core   0: 3 0x00000000800060a4 (0xb02024f3) x9  0x0000000000000d82
core   0: 0x00000000800060a8 (0x0000a811) c.j     pc + 20
core   0: 3 0x00000000800060a8 (0xa811)
core   0: >>>>  mepc_4
core   0: 0x00000000800060bc (0x00000791) c.addi  a5, 4
core   0: 3 0x00000000800060bc (0x0791) x15 0x00000000800050a0
core   0: 0x00000000800060be (0x34179073) csrrw   zero, mepc, a5
core   0: 3 0x00000000800060be (0x34179073) c833_mepc 0x00000000800050a0
core   0: 0x00000000800060c2 (0x30200073) mret
core   0: 3 0x00000000800060c2 (0x30200073) c768_mstatus 0x8000000a00106080
core   0: 0x00000000800050a0 (0x00202c73) csrrs   s8, frm, zero
core   0: 1 0x00000000800050a0 (0x00202c73) x24 0x0000000000000002
core   0: 0x00000000800050a4 (0x2b3d8dd3) fmin.d  fs11, fs11, fs3
core   0: 1 0x00000000800050a4 (0x2b3d8dd3) f27 0x0000000000000000
core   0: 0x00000000800050a8 (0xd02c7053) fcvt.s.l ft0, s8
core   0: 1 0x00000000800050a8 (0xd02c7053) f0  0xffffffff40000000
core   0: 0x00000000800050ac (0xc03cfb53) fcvt.lu.s s6, fs9
core   0: 1 0x00000000800050ac (0xc03cfb53) c1_fflags 0x0000000000000011 x22 0xffffffffffffffff
core   0: 0x00000000800050b0 (0xc236f7d3) fcvt.lu.d a5, fa3
core   0: 1 0x00000000800050b0 (0xc236f7d3) x15 0x0000000000000000
core   0: 0x00000000800050b4 (0x010e811b) addiw   sp, t4, 16
core   0: 1 0x00000000800050b4 (0x010e811b) x2  0xfffffffffffffdd6
core   0: 0x00000000800050b8 (0x00000001) c.nop
core   0: 1 0x00000000800050b8 (0x0001)
core   0: 0x00000000800050ba (0x46188893) addi    a7, a7, 1121
core   0: 1 0x00000000800050ba (0x46188893) x17 0x0000000000000461
core   0: 0x00000000800050be (0x0256d2bb) divuw   t0, a3, t0
core   0: 1 0x00000000800050be (0x0256d2bb) x5  0x0000000000000000
core   0: 0x00000000800050c2 (0xfff08393) addi    t2, ra, -1
core   0: 1 0x00000000800050c2 (0xfff08393) x7  0x0000000080004013
core   0: 0x00000000800050c6 (0x02fa063b) mulw    a2, s4, a5
core   0: 1 0x00000000800050c6 (0x02fa063b) x12 0x0000000000000000
core   0: 0x00000000800050ca (0xf2038853) fmv.d.x fa6, t2
core   0: 1 0x00000000800050ca (0xf2038853) f16 0x0000000080004013
core   0: 0x00000000800050ce (0x034a4a33) div     s4, s4, s4
core   0: 1 0x00000000800050ce (0x034a4a33) x20 0xffffffffffffffff
core   0: 0x00000000800050d2 (0x1435d6f3) csrrwi  a3, stval, 11
core   0: 1 0x00000000800050d2 (0x1435d6f3) x13 0x0000000000000000 c323_stval 0x000000000000000b
core   0: 0x00000000800050d6 (0xc03f7853) fcvt.lu.s a6, ft10
core   0: 1 0x00000000800050d6 (0xc03f7853) c1_fflags 0x0000000000000011 x16 0xffffffffffffffff
core   0: 0x00000000800050da (0x0000eb93) ori     s7, ra, 0
core   0: 1 0x00000000800050da (0x0000eb93) x23 0x0000000080004014
core   0: 0x00000000800050de (0x02555533) divu    a0, a0, t0
core   0: 1 0x00000000800050de (0x02555533) x10 0xffffffffffffffff
core   0: 0x00000000800050e2 (0xfaf721b7) lui     gp, 0xfaf72
core   0: 1 0x00000000800050e2 (0xfaf721b7) x3  0xfffffffffaf72000
core   0: 0x00000000800050e6 (0xf0f1819b) addiw   gp, gp, -241
core   0: 1 0x00000000800050e6 (0xf0f1819b) x3  0xfffffffffaf71f0f
core   0: 0x00000000800050ea (0x000001b2) c.slli  gp, 12
core   0: 1 0x00000000800050ea (0x01b2) x3  0xffffffaf71f0f000
core   0: 0x00000000800050ec (0xa4518193) addi    gp, gp, -1467
core   0: 1 0x00000000800050ec (0xa4518193) x3  0xffffffaf71f0ea45
core   0: 0x00000000800050f0 (0x0054953b) sllw    a0, s1, t0
core   0: 1 0x00000000800050f0 (0x0054953b) x10 0x0000000000000d82
core   0: 0x00000000800050f4 (0x4033533b) sraw    t1, t1, gp
core   0: 1 0x00000000800050f4 (0x4033533b) x6  0x0000000000007fff
core   0: 0x00000000800050f8 (0x00a26533) or      a0, tp, a0
core   0: 1 0x00000000800050f8 (0x00a26533) x10 0x0000000000000d82
core   0: 0x00000000800050fc (0x01127233) and     tp, tp, a7
core   0: 1 0x00000000800050fc (0x01127233) x4  0x0000000000000000
core   0: 0x0000000080005100 (0x420f87d3) fcvt.d.s fa5, ft11
core   0: 1 0x0000000080005100 (0x420f87d3) f15 0x7ff8000000000000
core   0: 0x0000000080005104 (0x002114bb) sllw    s1, sp, sp
core   0: 1 0x0000000080005104 (0x002114bb) x9  0x0000000075800000
core   0: 0x0000000080005108 (0x0114dc1b) srliw   s8, s1, 17
core   0: 1 0x0000000080005108 (0x0114dc1b) x24 0x0000000000003ac0
core   0: 0x000000008000510c (0x017ba533) slt     a0, s7, s7
core   0: 1 0x000000008000510c (0x017ba533) x10 0x0000000000000000
core   0: 0x0000000080005110 (0x92d7fe4f) fnmadd.d ft8, fa5, fa3, fs2
core   0: 1 0x0000000080005110 (0x92d7fe4f) f28 0x7ff8000000000000
core   0: 0x0000000080005114 (0x43855713) srai    a4, a0, 56
core   0: 1 0x0000000080005114 (0x43855713) x14 0x0000000000000000
core   0: 0x0000000080005118 (0xc03afb53) fcvt.lu.s s6, fs5
core   0: 1 0x0000000080005118 (0xc03afb53) c1_fflags 0x0000000000000011 x22 0xffffffffffffffff
core   0: 0x000000008000511c (0x8345cd93) xori    s11, a1, -1996
core   0: 1 0x000000008000511c (0x8345cd93) x27 0xffffffff3fd32847
core   0: 0x0000000080005120 (0x00000001) c.nop
core   0: 1 0x0000000080005120 (0x0001)
core   0: 0x0000000080005122 (0x0210ad33) mulhsu  s10, ra, ra
core   0: 1 0x0000000080005122 (0x0210ad33) x26 0x0000000000000000
core   0: 0x0000000080005126 (0x5a0e7ed3) fsqrt.d ft9, ft8
core   0: 1 0x0000000080005126 (0x5a0e7ed3) f29 0x7ff8000000000000
core   0: 0x000000008000512a (0x41670333) sub     t1, a4, s6
core   0: 1 0x000000008000512a (0x41670333) x6  0x0000000000000001
core   0: 0x000000008000512e (0x01c05b93) srli    s7, zero, 28
core   0: 1 0x000000008000512e (0x01c05b93) x23 0x0000000000000000
core   0: 0x0000000080005132 (0xa3d18ed3) fle.d   t4, ft3, ft9
core   0: 1 0x0000000080005132 (0xa3d18ed3) c1_fflags 0x0000000000000011 x29 0x0000000000000000
core   0: 0x0000000080005136 (0x2a9a13d3) fmax.d  ft7, fs4, fs1
core   0: 1 0x0000000080005136 (0x2a9a13d3) f7  0x41ca1d5339800000
core   0: 0x000000008000513a (0x00ed1093) slli    ra, s10, 14
core   0: 1 0x000000008000513a (0x00ed1093) x1  0x0000000000000000
core   0: 0x000000008000513e (0xf13ff5f3) csrrci  a1, mimpid, 31
core   0: exception trap_illegal_instruction, epc 0x000000008000513e
core   0:           tval 0x00000000f13ff5f3
core   0: >>>>  $xrv64i2p1_m2p0_a2p1_f2p2_d2p2_zicsr2p0_zifencei2p0_zmmul1p0_zba1p0_zbb1p0_zbc1p0_zbs1p0
core   0: 0x0000000080004000 (0x0080006f) j       pc + 0x8
core   0: 3 0x0000000080004000 (0x0080006f)
core   0: >>>>  mmode_exception_handler
core   0: 0x0000000080004008 (0x00002c17) auipc   s8, 0x2
core   0: 3 0x0000000080004008 (0x00002c17) x24 0x0000000080006008
core   0: 0x000000008000400c (0x080c0c13) addi    s8, s8, 128
core   0: 3 0x000000008000400c (0x080c0c13) x24 0x0000000080006088
core   0: 0x0000000080004010 (0x000c00e7) jalr    s8
core   0: 3 0x0000000080004010 (0x000c00e7) x1  0x0000000080004014
core   0: >>>>  any_handler
core   0: 0x0000000080006088 (0x341027f3) csrrs   a5, mepc, zero
core   0: 3 0x0000000080006088 (0x341027f3) x15 0x000000008000513e
core   0: 0x000000008000608c (0x34202773) csrrs   a4, mcause, zero
core   0: 3 0x000000008000608c (0x34202773) x14 0x0000000000000002
core   0: 0x0000000080006090 (0x142026f3) csrrs   a3, scause, zero
core   0: 3 0x0000000080006090 (0x142026f3) x13 0x0000000000000000
core   0: 0x0000000080006094 (0x30402673) csrrs   a2, mie, zero
core   0: 3 0x0000000080006094 (0x30402673) x12 0x0000000000000a00
core   0: 0x0000000080006098 (0x344025f3) csrrs   a1, mip, zero
core   0: 3 0x0000000080006098 (0x344025f3) x11 0x0000000000000080
core   0: 0x000000008000609c (0x343025f3) csrrs   a1, mtval, zero
core   0: 3 0x000000008000609c (0x343025f3) x11 0x00000000f13ff5f3
core   0: 0x00000000800060a0 (0x14302573) csrrs   a0, stval, zero
core   0: 3 0x00000000800060a0 (0x14302573) x10 0x000000000000000b
core   0: 0x00000000800060a4 (0xb02024f3) csrrs   s1, minstret, zero
core   0: 3 0x00000000800060a4 (0xb02024f3) x9  0x0000000000000dbb
core   0: 0x00000000800060a8 (0x0000a811) c.j     pc + 20
core   0: 3 0x00000000800060a8 (0xa811)
core   0: >>>>  mepc_4
core   0: 0x00000000800060bc (0x00000791) c.addi  a5, 4
core   0: 3 0x00000000800060bc (0x0791) x15 0x0000000080005142
core   0: 0x00000000800060be (0x34179073) csrrw   zero, mepc, a5
core   0: 3 0x00000000800060be (0x34179073) c833_mepc 0x0000000080005142
core   0: 0x00000000800060c2 (0x30200073) mret
core   0: 3 0x00000000800060c2 (0x30200073) c768_mstatus 0x8000000a00106080
core   0: 0x0000000080005142 (0x43075493) srai    s1, a4, 48
core   0: 1 0x0000000080005142 (0x43075493) x9  0x0000000000000000
core   0: 0x0000000080005146 (0x03d32333) mulhsu  t1, t1, t4
core   0: 1 0x0000000080005146 (0x03d32333) x6  0x0000000000000000
core   0: 0x000000008000514a (0x40650db3) sub     s11, a0, t1
core   0: 1 0x000000008000514a (0x40650db3) x27 0x000000000000000b
core   0: 0x000000008000514e (0x0b447cd3) fsub.d  fs9, fs0, fs4
core   0: 1 0x000000008000514e (0x0b447cd3) f25 0xc1ca1d5339800000
core   0: 0x0000000080005152 (0xf1347873) csrrci  a6, mimpid, 8
core   0: exception trap_illegal_instruction, epc 0x0000000080005152
core   0:           tval 0x00000000f1347873
core   0: >>>>  $xrv64i2p1_m2p0_a2p1_f2p2_d2p2_zicsr2p0_zifencei2p0_zmmul1p0_zba1p0_zbb1p0_zbc1p0_zbs1p0
core   0: 0x0000000080004000 (0x0080006f) j       pc + 0x8
core   0: 3 0x0000000080004000 (0x0080006f)
core   0: >>>>  mmode_exception_handler
core   0: 0x0000000080004008 (0x00002c17) auipc   s8, 0x2
core   0: 3 0x0000000080004008 (0x00002c17) x24 0x0000000080006008
core   0: 0x000000008000400c (0x080c0c13) addi    s8, s8, 128
core   0: 3 0x000000008000400c (0x080c0c13) x24 0x0000000080006088
core   0: 0x0000000080004010 (0x000c00e7) jalr    s8
core   0: 3 0x0000000080004010 (0x000c00e7) x1  0x0000000080004014
core   0: >>>>  any_handler
core   0: 0x0000000080006088 (0x341027f3) csrrs   a5, mepc, zero
core   0: 3 0x0000000080006088 (0x341027f3) x15 0x0000000080005152
core   0: 0x000000008000608c (0x34202773) csrrs   a4, mcause, zero
core   0: 3 0x000000008000608c (0x34202773) x14 0x0000000000000002
core   0: 0x0000000080006090 (0x142026f3) csrrs   a3, scause, zero
core   0: 3 0x0000000080006090 (0x142026f3) x13 0x0000000000000000
core   0: 0x0000000080006094 (0x30402673) csrrs   a2, mie, zero
core   0: 3 0x0000000080006094 (0x30402673) x12 0x0000000000000a00
core   0: 0x0000000080006098 (0x344025f3) csrrs   a1, mip, zero
core   0: 3 0x0000000080006098 (0x344025f3) x11 0x0000000000000080
core   0: 0x000000008000609c (0x343025f3) csrrs   a1, mtval, zero
core   0: 3 0x000000008000609c (0x343025f3) x11 0x00000000f1347873
core   0: 0x00000000800060a0 (0x14302573) csrrs   a0, stval, zero
core   0: 3 0x00000000800060a0 (0x14302573) x10 0x000000000000000b
core   0: 0x00000000800060a4 (0xb02024f3) csrrs   s1, minstret, zero
core   0: 3 0x00000000800060a4 (0xb02024f3) x9  0x0000000000000dcf
core   0: 0x00000000800060a8 (0x0000a811) c.j     pc + 20
core   0: 3 0x00000000800060a8 (0xa811)
core   0: >>>>  mepc_4
core   0: 0x00000000800060bc (0x00000791) c.addi  a5, 4
core   0: 3 0x00000000800060bc (0x0791) x15 0x0000000080005156
core   0: 0x00000000800060be (0x34179073) csrrw   zero, mepc, a5
core   0: 3 0x00000000800060be (0x34179073) c833_mepc 0x0000000080005156
core   0: 0x00000000800060c2 (0x30200073) mret
core   0: 3 0x00000000800060c2 (0x30200073) c768_mstatus 0x8000000a00106080
core   0: 0x0000000080005156 (0x03a37d33) remu    s10, t1, s10
core   0: 1 0x0000000080005156 (0x03a37d33) x26 0x0000000000000000
core   0: 0x000000008000515a (0x00115b1b) srliw   s6, sp, 1
core   0: 1 0x000000008000515a (0x00115b1b) x22 0x000000007ffffeeb
core   0: 0x000000008000515e (0x5a007053) fsqrt.d ft0, ft0
core   0: 1 0x000000008000515e (0x5a007053) f0  0x7ff8000000000000
core   0: 0x0000000080005162 (0x011b9a9b) slliw   s5, s7, 17
core   0: 1 0x0000000080005162 (0x011b9a9b) x21 0x0000000000000000
core   0: 0x0000000080005166 (0x02e730b3) mulhu   ra, a4, a4
core   0: 1 0x0000000080005166 (0x02e730b3) x1  0x0000000000000000
core   0: 0x000000008000516a (0xc22d7553) fcvt.l.d a0, fs10
core   0: 1 0x000000008000516a (0xc22d7553) x10 0x0000000080004c00
core   0: 0x000000008000516e (0x420c89d3) fcvt.d.s fs3, fs9
core   0: 1 0x000000008000516e (0x420c89d3) f19 0x7ff8000000000000
core   0: 0x0000000080005172 (0x000504bb) addw    s1, a0, zero
core   0: 1 0x0000000080005172 (0x000504bb) x9  0xffffffff80004c00
core   0: 0x0000000080005176 (0x40980133) sub     sp, a6, s1
core   0: 1 0x0000000080005176 (0x40980133) x2  0x000000007fffb3ff
core   0: 0x000000008000517a (0xd20c0453) fcvt.d.w fs0, s8
core   0: 1 0x000000008000517a (0xd20c0453) f8  0xc1dfffe7de000000
core   0: 0x000000008000517e (0x00a6943b) sllw    s0, a3, a0
core   0: 1 0x000000008000517e (0x00a6943b) x8  0x0000000000000000
core   0: 0x0000000080005182 (0x01f5509b) srliw   ra, a0, 31
core   0: 1 0x0000000080005182 (0x01f5509b) x1  0x0000000000000001
core   0: 0x0000000080005186 (0x4113debb) sraw    t4, t2, a7
core   0: 1 0x0000000080005186 (0x4113debb) x29 0xffffffffc0002009
core   0: 0x000000008000518a (0x420c0fd3) fcvt.d.s ft11, fs8
core   0: 1 0x000000008000518a (0x420c0fd3) f31 0x41e0000980000000
core   0: 0x000000008000518e (0x0188883b) addw    a6, a7, s8
core   0: 1 0x000000008000518e (0x0188883b) x16 0xffffffff800064e9
core   0: 0x0000000080005192 (0x01d86d33) or      s10, a6, t4
core   0: 1 0x0000000080005192 (0x01d86d33) x26 0xffffffffc00064e9
core   0: 0x0000000080005196 (0xc0307653) fcvt.lu.s a2, ft0
core   0: 1 0x0000000080005196 (0xc0307653) c1_fflags 0x0000000000000011 x12 0xffffffffffffffff
core   0: 0x000000008000519a (0x014494b3) sll     s1, s1, s4
core   0: 1 0x000000008000519a (0x014494b3) x9  0x0000000000000000
core   0: 0x000000008000519e (0x3b89f04b) fnmsub.d ft0, fs3, fs8, ft7
core   0: 1 0x000000008000519e (0x3b89f04b) f0  0x7ff8000000000000
core   0: 0x00000000800051a2 (0x00009d09) c.subw  a0, a0
core   0: 1 0x00000000800051a2 (0x9d09) x10 0x0000000000000000
core   0: 0x00000000800051a4 (0xc20ff8d3) fcvt.w.d a7, ft11
core   0: 1 0x00000000800051a4 (0xc20ff8d3) c1_fflags 0x0000000000000011 x17 0x000000007fffffff
core   0: 0x00000000800051a8 (0x00251433) sll     s0, a0, sp
core   0: 1 0x00000000800051a8 (0x00251433) x8  0x0000000000000000
core   0: 0x00000000800051ac (0x22550fd3) fsgnj.d ft11, fa0, ft5
core   0: 1 0x00000000800051ac (0x22550fd3) f31 0x0000000000000000
core   0: 0x00000000800051b0 (0x020446b3) div     a3, s0, zero
core   0: 1 0x00000000800051b0 (0x020446b3) x13 0xffffffffffffffff
core   0: 0x00000000800051b4 (0xe0aaa717) auipc   a4, 0xe0aaa
core   0: 1 0x00000000800051b4 (0xe0aaa717) x14 0x0000000060aaf1b4
core   0: 0x00000000800051b8 (0x01129533) sll     a0, t0, a7
core   0: 1 0x00000000800051b8 (0x01129533) x10 0x0000000000000000
core   0: 0x00000000800051bc (0x00a574b3) and     s1, a0, a0
core   0: 1 0x00000000800051bc (0x00a574b3) x9  0x0000000000000000
core   0: 0x00000000800051c0 (0x20b4f237) lui     tp, 0x20b4f
core   0: 1 0x00000000800051c0 (0x20b4f237) x4  0x0000000020b4f000
core   0: 0x00000000800051c4 (0x033079d3) fadd.d  fs3, ft0, fs3
core   0: 1 0x00000000800051c4 (0x033079d3) f19 0x7ff8000000000000
core   0: 0x00000000800051c8 (0xb2e14e93) xori    t4, sp, -1234
core   0: 1 0x00000000800051c8 (0xb2e14e93) x29 0xffffffff800048d1
core   0: 0x00000000800051cc (0xfffd7e93) andi    t4, s10, -1
core   0: 1 0x00000000800051cc (0xfffd7e93) x29 0xffffffffc00064e9
core   0: 0x00000000800051d0 (0xc229f8d3) fcvt.l.d a7, fs3
core   0: 1 0x00000000800051d0 (0xc229f8d3) c1_fflags 0x0000000000000011 x17 0x7fffffffffffffff
core   0: 0x00000000800051d4 (0x00a6f5b3) and     a1, a3, a0
core   0: 1 0x00000000800051d4 (0x00a6f5b3) x11 0x0000000000000000
core   0: 0x00000000800051d8 (0xfffb6a93) ori     s5, s6, -1
core   0: 1 0x00000000800051d8 (0xfffb6a93) x21 0xffffffffffffffff
core   0: 0x00000000800051dc (0x40495933) sra     s2, s2, tp
core   0: 1 0x00000000800051dc (0x40495933) x18 0x0000000000000000
core   0: 0x00000000800051e0 (0xc22af4d3) fcvt.l.d s1, fs5
core   0: 1 0x00000000800051e0 (0xc22af4d3) c1_fflags 0x0000000000000011 x9  0x7fffffffffffffff
core   0: 0x00000000800051e4 (0x41a8d03b) sraw    zero, a7, s10
core   0: 1 0x00000000800051e4 (0x41a8d03b)
core   0: 0x00000000800051e8 (0x4018f4d3) fcvt.s.d fs1, fa7
core   0: 1 0x00000000800051e8 (0x4018f4d3) f9  0xffffffff7fc00000
core   0: 0x00000000800051ec (0x4188d7b3) sra     a5, a7, s8
core   0: 1 0x00000000800051ec (0x4188d7b3) x15 0x007fffffffffffff
core   0: 0x00000000800051f0 (0x4021dabb) sraw    s5, gp, sp
core   0: 1 0x00000000800051f0 (0x4021dabb) x21 0x0000000000000000
core   0: 0x00000000800051f4 (0xd03af453) fcvt.s.lu fs0, s5
core   0: 1 0x00000000800051f4 (0xd03af453) f8  0xffffffff00000000
core   0: 0x00000000800051f8 (0xc204f853) fcvt.w.d a6, fs1
core   0: 1 0x00000000800051f8 (0xc204f853) c1_fflags 0x0000000000000011 x16 0x000000007fffffff
core   0: 0x00000000800051fc (0x870b091b) addiw   s2, s6, -1936
core   0: 1 0x00000000800051fc (0x870b091b) x18 0x000000007ffff75b
core   0: 0x0000000080005200 (0x00151033) sll     zero, a0, ra
core   0: 1 0x0000000080005200 (0x00151033)
core   0: 0x0000000080005204 (0xf1252cf3) csrrs   s9, marchid, a0
core   0: exception trap_illegal_instruction, epc 0x0000000080005204
core   0:           tval 0x00000000f1252cf3
core   0: >>>>  $xrv64i2p1_m2p0_a2p1_f2p2_d2p2_zicsr2p0_zifencei2p0_zmmul1p0_zba1p0_zbb1p0_zbc1p0_zbs1p0
core   0: 0x0000000080004000 (0x0080006f) j       pc + 0x8
core   0: 3 0x0000000080004000 (0x0080006f)
core   0: >>>>  mmode_exception_handler
core   0: 0x0000000080004008 (0x00002c17) auipc   s8, 0x2
core   0: 3 0x0000000080004008 (0x00002c17) x24 0x0000000080006008
core   0: 0x000000008000400c (0x080c0c13) addi    s8, s8, 128
core   0: 3 0x000000008000400c (0x080c0c13) x24 0x0000000080006088
core   0: 0x0000000080004010 (0x000c00e7) jalr    s8
core   0: 3 0x0000000080004010 (0x000c00e7) x1  0x0000000080004014
core   0: >>>>  any_handler
core   0: 0x0000000080006088 (0x341027f3) csrrs   a5, mepc, zero
core   0: 3 0x0000000080006088 (0x341027f3) x15 0x0000000080005204
core   0: 0x000000008000608c (0x34202773) csrrs   a4, mcause, zero
core   0: 3 0x000000008000608c (0x34202773) x14 0x0000000000000002
core   0: 0x0000000080006090 (0x142026f3) csrrs   a3, scause, zero
core   0: 3 0x0000000080006090 (0x142026f3) x13 0x0000000000000000
core   0: 0x0000000080006094 (0x30402673) csrrs   a2, mie, zero
core   0: 3 0x0000000080006094 (0x30402673) x12 0x0000000000000a00
core   0: 0x0000000080006098 (0x344025f3) csrrs   a1, mip, zero
core   0: 3 0x0000000080006098 (0x344025f3) x11 0x0000000000000080
core   0: 0x000000008000609c (0x343025f3) csrrs   a1, mtval, zero
core   0: 3 0x000000008000609c (0x343025f3) x11 0x00000000f1252cf3
core   0: 0x00000000800060a0 (0x14302573) csrrs   a0, stval, zero
core   0: 3 0x00000000800060a0 (0x14302573) x10 0x000000000000000b
core   0: 0x00000000800060a4 (0xb02024f3) csrrs   s1, minstret, zero
core   0: 3 0x00000000800060a4 (0xb02024f3) x9  0x0000000000000e0b
core   0: 0x00000000800060a8 (0x0000a811) c.j     pc + 20
core   0: 3 0x00000000800060a8 (0xa811)
core   0: >>>>  mepc_4
core   0: 0x00000000800060bc (0x00000791) c.addi  a5, 4
core   0: 3 0x00000000800060bc (0x0791) x15 0x0000000080005208
core   0: 0x00000000800060be (0x34179073) csrrw   zero, mepc, a5
core   0: 3 0x00000000800060be (0x34179073) c833_mepc 0x0000000080005208
core   0: 0x00000000800060c2 (0x30200073) mret
core   0: 3 0x00000000800060c2 (0x30200073) c768_mstatus 0x8000000a00106080
core   0: 0x0000000080005208 (0x0003da1b) srliw   s4, t2, 0
core   0: 1 0x0000000080005208 (0x0003da1b) x20 0xffffffff80004013
core   0: 0x000000008000520c (0x5a0977d3) fsqrt.d fa5, fs2
core   0: 1 0x000000008000520c (0x5a0977d3) c1_fflags 0x0000000000000011 f15 0x41effffffff7ffff
core   0: 0x0000000080005210 (0x5b6a7dc3) fmadd.d fs11, fs4, fs6, fa1
core   0: 1 0x0000000080005210 (0x5b6a7dc3) f27 0x7ff8000000000000
core   0: 0x0000000080005214 (0xe20f8dd3) fmv.x.d s11, ft11
core   0: 1 0x0000000080005214 (0xe20f8dd3) x27 0x0000000000000000
core   0: 0x0000000080005218 (0x40c451bb) sraw    gp, s0, a2
core   0: 1 0x0000000080005218 (0x40c451bb) x3  0x0000000000000000
core   0: 0x000000008000521c (0x4034d23b) sraw    tp, s1, gp
core   0: 1 0x000000008000521c (0x4034d23b) x4  0x0000000000000e0b
core   0: 0x0000000080005220 (0xc22ff553) fcvt.l.d a0, ft11
core   0: 1 0x0000000080005220 (0xc22ff553) x10 0x0000000000000000
core   0: 0x0000000080005224 (0xd2257d53) fcvt.d.l fs10, a0
core   0: 1 0x0000000080005224 (0xd2257d53) f26 0x0000000000000000
core   0: 0x0000000080005228 (0x008692bb) sllw    t0, a3, s0
core   0: 1 0x0000000080005228 (0x008692bb) x5  0x0000000000000000
core   0: 0x000000008000522c (0x02c86633) rem     a2, a6, a2
core   0: 1 0x000000008000522c (0x02c86633) x12 0x00000000000007ff
core   0: 0x0000000080005230 (0x220da1d3) fsgnjx.d ft3, fs11, ft0
core   0: 1 0x0000000080005230 (0x220da1d3) f3  0x7ff8000000000000
core   0: 0x0000000080005234 (0x02314d3b) divw    s10, sp, gp
core   0: 1 0x0000000080005234 (0x02314d3b) x26 0xffffffffffffffff
core   0: 0x0000000080005238 (0x03dd4033) div     zero, s10, t4
core   0: 1 0x0000000080005238 (0x03dd4033)
core   0: 0x000000008000523c (0x400086bb) subw    a3, ra, zero
core   0: 1 0x000000008000523c (0x400086bb) x13 0xffffffff80004014
core   0: 0x0000000080005240 (0xd020f753) fcvt.s.l fa4, ra
core   0: 1 0x0000000080005240 (0xd020f753) c1_fflags 0x0000000000000011 f14 0xffffffff4f000040
core   0: 0x0000000080005244 (0x420785d3) fcvt.d.s fa1, fa5
core   0: 1 0x0000000080005244 (0x420785d3) f11 0x7ff8000000000000
core   0: 0x0000000080005248 (0xde8c0c93) addi    s9, s8, -536
core   0: 1 0x0000000080005248 (0xde8c0c93) x25 0x0000000080005e70
core   0: 0x000000008000524c (0x0004e793) ori     a5, s1, 0
core   0: 1 0x000000008000524c (0x0004e793) x15 0x0000000000000e0b
core   0: 0x0000000080005250 (0x077642b7) lui     t0, 0x7764
core   0: 1 0x0000000080005250 (0x077642b7) x5  0x0000000007764000
core   0: 0x0000000080005254 (0x8732829b) addiw   t0, t0, -1933
core   0: 1 0x0000000080005254 (0x8732829b) x5  0x0000000007763873
core   0: 0x0000000080005258 (0x000002b2) c.slli  t0, 12
core   0: 1 0x0000000080005258 (0x02b2) x5  0x0000007763873000
core   0: 0x000000008000525a (0x9ba28293) addi    t0, t0, -1606
core   0: 1 0x000000008000525a (0x9ba28293) x5  0x00000077638729ba
core   0: 0x000000008000525e (0x7b04a6f3) csrrs   a3, dcsr, s1
core   0: exception trap_illegal_instruction, epc 0x000000008000525e
core   0:           tval 0x000000007b04a6f3
core   0: >>>>  $xrv64i2p1_m2p0_a2p1_f2p2_d2p2_zicsr2p0_zifencei2p0_zmmul1p0_zba1p0_zbb1p0_zbc1p0_zbs1p0
core   0: 0x0000000080004000 (0x0080006f) j       pc + 0x8
core   0: 3 0x0000000080004000 (0x0080006f)
core   0: >>>>  mmode_exception_handler
core   0: 0x0000000080004008 (0x00002c17) auipc   s8, 0x2
core   0: 3 0x0000000080004008 (0x00002c17) x24 0x0000000080006008
core   0: 0x000000008000400c (0x080c0c13) addi    s8, s8, 128
core   0: 3 0x000000008000400c (0x080c0c13) x24 0x0000000080006088
core   0: 0x0000000080004010 (0x000c00e7) jalr    s8
core   0: 3 0x0000000080004010 (0x000c00e7) x1  0x0000000080004014
core   0: >>>>  any_handler
core   0: 0x0000000080006088 (0x341027f3) csrrs   a5, mepc, zero
core   0: 3 0x0000000080006088 (0x341027f3) x15 0x000000008000525e
core   0: 0x000000008000608c (0x34202773) csrrs   a4, mcause, zero
core   0: 3 0x000000008000608c (0x34202773) x14 0x0000000000000002
core   0: 0x0000000080006090 (0x142026f3) csrrs   a3, scause, zero
core   0: 3 0x0000000080006090 (0x142026f3) x13 0x0000000000000000
core   0: 0x0000000080006094 (0x30402673) csrrs   a2, mie, zero
core   0: 3 0x0000000080006094 (0x30402673) x12 0x0000000000000a00
core   0: 0x0000000080006098 (0x344025f3) csrrs   a1, mip, zero
core   0: 3 0x0000000080006098 (0x344025f3) x11 0x0000000000000080
core   0: 0x000000008000609c (0x343025f3) csrrs   a1, mtval, zero
core   0: 3 0x000000008000609c (0x343025f3) x11 0x000000007b04a6f3
core   0: 0x00000000800060a0 (0x14302573) csrrs   a0, stval, zero
core   0: 3 0x00000000800060a0 (0x14302573) x10 0x000000000000000b
core   0: 0x00000000800060a4 (0xb02024f3) csrrs   s1, minstret, zero
core   0: 3 0x00000000800060a4 (0xb02024f3) x9  0x0000000000000e31
core   0: 0x00000000800060a8 (0x0000a811) c.j     pc + 20
core   0: 3 0x00000000800060a8 (0xa811)
core   0: >>>>  mepc_4
core   0: 0x00000000800060bc (0x00000791) c.addi  a5, 4
core   0: 3 0x00000000800060bc (0x0791) x15 0x0000000080005262
core   0: 0x00000000800060be (0x34179073) csrrw   zero, mepc, a5
core   0: 3 0x00000000800060be (0x34179073) c833_mepc 0x0000000080005262
core   0: 0x00000000800060c2 (0x30200073) mret
core   0: 3 0x00000000800060c2 (0x30200073) c768_mstatus 0x8000000a00106080
core   0: 0x0000000080005262 (0x00000001) c.nop
core   0: 1 0x0000000080005262 (0x0001)
core   0: 0x0000000080005264 (0x006a28b3) slt     a7, s4, t1
core   0: 1 0x0000000080005264 (0x006a28b3) x17 0x0000000000000001
core   0: 0x0000000080005268 (0xd025f8d3) fcvt.s.l fa7, a1
core   0: 1 0x0000000080005268 (0xd025f8d3) c1_fflags 0x0000000000000011 f17 0xffffffff4ef6094d
core   0: 0x000000008000526c (0xc27b30b7) lui     ra, 0xc27b3
core   0: 1 0x000000008000526c (0xc27b30b7) x1  0xffffffffc27b3000
core   0: 0x0000000080005270 (0x401c5c13) srai    s8, s8, 1
core   0: 1 0x0000000080005270 (0x401c5c13) x24 0x0000000040003044
core   0: 0x0000000080005274 (0xd20c82d3) fcvt.d.w ft5, s9
core   0: 1 0x0000000080005274 (0xd20c82d3) f5  0xc1dfffe864000000
core   0: 0x0000000080005278 (0x4185053b) subw    a0, a0, s8
core   0: 1 0x0000000080005278 (0x4185053b) x10 0xffffffffbfffcfc7
core   0: 0x000000008000527c (0x405c51bb) sraw    gp, s8, t0
core   0: 1 0x000000008000527c (0x405c51bb) x3  0x0000000000000010
core   0: 0x0000000080005280 (0xcb7d3ab7) lui     s5, 0xcb7d3
core   0: 1 0x0000000080005280 (0xcb7d3ab7) x21 0xffffffffcb7d3000
core   0: 0x0000000080005284 (0x00db1a1b) slliw   s4, s6, 13
core   0: 1 0x0000000080005284 (0x00db1a1b) x20 0xffffffffffdd6000
core   0: 0x0000000080005288 (0x01a814b3) sll     s1, a6, s10
core   0: 1 0x0000000080005288 (0x01a814b3) x9  0x8000000000000000
core   0: 0x000000008000528c (0x02c2f7d3) fadd.d  fa5, ft5, fa2
core   0: 1 0x000000008000528c (0x02c2f7d3) f15 0x7ff8000000000000
core   0: 0x0000000080005290 (0x0070123b) sllw    tp, zero, t2
core   0: 1 0x0000000080005290 (0x0070123b) x4  0x0000000000000000
core   0: 0x0000000080005294 (0x00000d06) c.slli  s10, 1
core   0: 1 0x0000000080005294 (0x0d06) x26 0xfffffffffffffffe
core   0: 0x0000000080005296 (0x3614aa97) auipc   s5, 0x3614a
core   0: 1 0x0000000080005296 (0x3614aa97) x21 0x00000000b614f296
core   0: 0x000000008000529a (0x01cc76b3) and     a3, s8, t3
core   0: 1 0x000000008000529a (0x01cc76b3) x13 0x0000000040003044
core   0: 0x000000008000529e (0x00faf1b3) and     gp, s5, a5
core   0: 1 0x000000008000529e (0x00faf1b3) x3  0x0000000080005202
core   0: 0x00000000800052a2 (0x00120ebb) addw    t4, tp, ra
core   0: 1 0x00000000800052a2 (0x00120ebb) x29 0xffffffffc27b3000
core   0: 0x00000000800052a6 (0x00a8543b) srlw    s0, a6, a0
core   0: 1 0x00000000800052a6 (0x00a8543b) x8  0x0000000000ffffff
core   0: 0x00000000800052aa (0xd0347253) fcvt.s.lu ft4, s0
core   0: 1 0x00000000800052aa (0xd0347253) f4  0xffffffff4b7fffff
core   0: 0x00000000800052ae (0x40b1003b) subw    zero, sp, a1
core   0: 1 0x00000000800052ae (0x40b1003b)
core   0: 0x00000000800052b2 (0xa2e20cd3) fle.d   s9, ft4, fa4
core   0: 1 0x00000000800052b2 (0xa2e20cd3) c1_fflags 0x0000000000000011 x25 0x0000000000000000
core   0: 0x00000000800052b6 (0x033279d3) fadd.d  fs3, ft4, fs3
core   0: 1 0x00000000800052b6 (0x033279d3) f19 0x7ff8000000000000
core   0: 0x00000000800052ba (0x9ef2089b) addiw   a7, tp, -1553
core   0: 1 0x00000000800052ba (0x9ef2089b) x17 0xfffffffffffff9ef
core   0: 0x00000000800052be (0x5d04e913) ori     s2, s1, 1488
core   0: 1 0x00000000800052be (0x5d04e913) x18 0x80000000000005d0
core   0: 0x00000000800052c2 (0x0354dcb3) divu    s9, s1, s5
core   0: 1 0x00000000800052c2 (0x0354dcb3) x25 0x00000000b3f68a22
core   0: 0x00000000800052c6 (0x4cb5f393) andi    t2, a1, 1227
core   0: 1 0x00000000800052c6 (0x4cb5f393) x7  0x00000000000004c3
core   0: 0x00000000800052ca (0x010b9393) slli    t2, s7, 16
core   0: 1 0x00000000800052ca (0x010b9393) x7  0x0000000000000000
core   0: 0x00000000800052ce (0x22a82c53) fsgnjx.d fs8, fa6, fa0
core   0: 1 0x00000000800052ce (0x22a82c53) f24 0x0000000080004013
core   0: 0x00000000800052d2 (0x03b3fdbb) remuw   s11, t2, s11
core   0: 1 0x00000000800052d2 (0x03b3fdbb) x27 0x0000000000000000
core   0: 0x00000000800052d6 (0x7ff60e13) addi    t3, a2, 2047
core   0: 1 0x00000000800052d6 (0x7ff60e13) x28 0x00000000000011ff
core   0: 0x00000000800052da (0x41868c33) sub     s8, a3, s8
core   0: 1 0x00000000800052da (0x41868c33) x24 0x0000000000000000
core   0: 0x00000000800052de (0xc2357e53) fcvt.lu.d t3, fa0
core   0: 1 0x00000000800052de (0xc2357e53) x28 0x0000000000000000
core   0: 0x00000000800052e2 (0x419a093b) subw    s2, s4, s9
core   0: 1 0x00000000800052e2 (0x419a093b) x18 0x000000004be6d5de
core   0: 0x00000000800052e6 (0x00202273) csrrs   tp, frm, zero
core   0: 1 0x00000000800052e6 (0x00202273) x4  0x0000000000000002
core   0: 0x00000000800052ea (0x001b509b) srliw   ra, s6, 1
core   0: 1 0x00000000800052ea (0x001b509b) x1  0x000000003fffff75
core   0: 0x00000000800052ee (0x12727253) fmul.d  ft4, ft4, ft7
core   0: 1 0x00000000800052ee (0x12727253) f4  0x7ff8000000000000
core   0: 0x00000000800052f2 (0x025c2db3) mulhsu  s11, s8, t0
core   0: 1 0x00000000800052f2 (0x025c2db3) x27 0x0000000000000000
core   0: 0x00000000800052f6 (0x01c7959b) slliw   a1, a5, 28
core   0: 1 0x00000000800052f6 (0x01c7959b) x11 0x0000000020000000
core   0: 0x00000000800052fa (0x9b02ffc3) fmadd.d ft11, ft5, fa6, fs3
core   0: 1 0x00000000800052fa (0x9b02ffc3) f31 0x7ff8000000000000
core   0: 0x00000000800052fe (0x41f0d41b) sraiw   s0, ra, 31
core   0: 1 0x00000000800052fe (0x41f0d41b) x8  0x0000000000000000
core   0: 0x0000000080005302 (0x62f979cf) fnmadd.d fs3, fs2, fa5, fa2
core   0: 1 0x0000000080005302 (0x62f979cf) f19 0x7ff8000000000000
core   0: 0x0000000080005306 (0x01d4109b) slliw   ra, s0, 29
core   0: 1 0x0000000080005306 (0x01d4109b) x1  0x0000000000000000
core   0: 0x000000008000530a (0x2a3308d3) fmin.d  fa7, ft6, ft3
core   0: 1 0x000000008000530a (0x2a3308d3) f17 0x7ff8000000000000
core   0: 0x000000008000530e (0x1a48f353) fdiv.d  ft6, fa7, ft4
core   0: 1 0x000000008000530e (0x1a48f353) f6  0x7ff8000000000000
core   0: 0x0000000080005312 (0x50cbdc37) lui     s8, 0x50cbd
core   0: 1 0x0000000080005312 (0x50cbdc37) x24 0x0000000050cbd000
core   0: 0x0000000080005316 (0x73f678c7) fmsub.d fa7, fa2, ft11, fa4
core   0: 1 0x0000000080005316 (0x73f678c7) f17 0x7ff8000000000000
core   0: 0x000000008000531a (0x30ac8913) addi    s2, s9, 778
core   0: 1 0x000000008000531a (0x30ac8913) x18 0x00000000b3f68d2c
core   0: 0x000000008000531e (0xd0297c53) fcvt.s.l fs8, s2
core   0: 1 0x000000008000531e (0xd0297c53) c1_fflags 0x0000000000000011 f24 0xffffffff4f33f68d
core   0: 0x0000000080005322 (0x038570bb) remuw   ra, a0, s8
core   0: 1 0x0000000080005322 (0x038570bb) x1  0x000000001e682fc7
core   0: 0x0000000080005326 (0xfcc96637) lui     a2, 0xfcc96
core   0: 1 0x0000000080005326 (0xfcc96637) x12 0xfffffffffcc96000
core   0: 0x000000008000532a (0x9ad6061b) addiw   a2, a2, -1619
core   0: 1 0x000000008000532a (0x9ad6061b) x12 0xfffffffffcc959ad
core   0: 0x000000008000532e (0x00000632) c.slli  a2, 12
core   0: 1 0x000000008000532e (0x0632) x12 0xffffffcc959ad000
core   0: 0x0000000080005330 (0x84b60613) addi    a2, a2, -1973
core   0: 1 0x0000000080005330 (0x84b60613) x12 0xffffffcc959ac84b
core   0: 0x0000000080005334 (0x000999b3) sll     s3, s3, zero
core   0: 1 0x0000000080005334 (0x000999b3) x19 0x0000000000000000
core   0: 0x0000000080005338 (0xfe4e0937) lui     s2, 0xfe4e0
core   0: 1 0x0000000080005338 (0xfe4e0937) x18 0xfffffffffe4e0000
core   0: 0x000000008000533c (0x1d99091b) addiw   s2, s2, 473
core   0: 1 0x000000008000533c (0x1d99091b) x18 0xfffffffffe4e01d9
core   0: 0x0000000080005340 (0x0000093a) c.slli  s2, 14
core   0: 1 0x0000000080005340 (0x093a) x18 0xffffff9380764000
core   0: 0x0000000080005342 (0xde590913) addi    s2, s2, -539
core   0: 1 0x0000000080005342 (0xde590913) x18 0xffffff9380763de5
core   0: 0x0000000080005346 (0x34005873) csrrwi  a6, mscratch, 0
core   0: exception trap_illegal_instruction, epc 0x0000000080005346
core   0:           tval 0x0000000034005873
core   0: >>>>  $xrv64i2p1_m2p0_a2p1_f2p2_d2p2_zicsr2p0_zifencei2p0_zmmul1p0_zba1p0_zbb1p0_zbc1p0_zbs1p0
core   0: 0x0000000080004000 (0x0080006f) j       pc + 0x8
core   0: 3 0x0000000080004000 (0x0080006f)
core   0: >>>>  mmode_exception_handler
core   0: 0x0000000080004008 (0x00002c17) auipc   s8, 0x2
core   0: 3 0x0000000080004008 (0x00002c17) x24 0x0000000080006008
core   0: 0x000000008000400c (0x080c0c13) addi    s8, s8, 128
core   0: 3 0x000000008000400c (0x080c0c13) x24 0x0000000080006088
core   0: 0x0000000080004010 (0x000c00e7) jalr    s8
core   0: 3 0x0000000080004010 (0x000c00e7) x1  0x0000000080004014
core   0: >>>>  any_handler
core   0: 0x0000000080006088 (0x341027f3) csrrs   a5, mepc, zero
core   0: 3 0x0000000080006088 (0x341027f3) x15 0x0000000080005346
core   0: 0x000000008000608c (0x34202773) csrrs   a4, mcause, zero
core   0: 3 0x000000008000608c (0x34202773) x14 0x0000000000000002
core   0: 0x0000000080006090 (0x142026f3) csrrs   a3, scause, zero
core   0: 3 0x0000000080006090 (0x142026f3) x13 0x0000000000000000
core   0: 0x0000000080006094 (0x30402673) csrrs   a2, mie, zero
core   0: 3 0x0000000080006094 (0x30402673) x12 0x0000000000000a00
core   0: 0x0000000080006098 (0x344025f3) csrrs   a1, mip, zero
core   0: 3 0x0000000080006098 (0x344025f3) x11 0x0000000000000080
core   0: 0x000000008000609c (0x343025f3) csrrs   a1, mtval, zero
core   0: 3 0x000000008000609c (0x343025f3) x11 0x0000000034005873
core   0: 0x00000000800060a0 (0x14302573) csrrs   a0, stval, zero
core   0: 3 0x00000000800060a0 (0x14302573) x10 0x000000000000000b
core   0: 0x00000000800060a4 (0xb02024f3) csrrs   s1, minstret, zero
core   0: 3 0x00000000800060a4 (0xb02024f3) x9  0x0000000000000e7c
core   0: 0x00000000800060a8 (0x0000a811) c.j     pc + 20
core   0: 3 0x00000000800060a8 (0xa811)
core   0: >>>>  mepc_4
core   0: 0x00000000800060bc (0x00000791) c.addi  a5, 4
core   0: 3 0x00000000800060bc (0x0791) x15 0x000000008000534a
core   0: 0x00000000800060be (0x34179073) csrrw   zero, mepc, a5
core   0: 3 0x00000000800060be (0x34179073) c833_mepc 0x000000008000534a
core   0: 0x00000000800060c2 (0x30200073) mret
core   0: 3 0x00000000800060c2 (0x30200073) c768_mstatus 0x8000000a00106080
core   0: 0x000000008000534a (0x90e28e1b) addiw   t3, t0, -1778
core   0: 1 0x000000008000534a (0x90e28e1b) x28 0x00000000638722c8
core   0: 0x000000008000534e (0x02d8c833) div     a6, a7, a3
core   0: 1 0x000000008000534e (0x02d8c833) x16 0xffffffffffffffff
core   0: 0x0000000080005352 (0x00000001) c.nop
core   0: 1 0x0000000080005352 (0x0001)
core   0: 0x0000000080005354 (0x0ff0000f) fence   iorw,iorw
core   0: 1 0x0000000080005354 (0x0ff0000f)
core   0: 0x0000000080005358 (0x1b867fd3) fdiv.d  ft11, fa2, fs8
core   0: 1 0x0000000080005358 (0x1b867fd3) f31 0x7ff8000000000000
core   0: 0x000000008000535c (0x0392e5bb) remw    a1, t0, s9
core   0: 1 0x000000008000535c (0x0392e5bb) x11 0x00000000177db3dc
core   0: 0x0000000080005360 (0xc02d73d3) fcvt.l.s t2, fs10
core   0: 1 0x0000000080005360 (0xc02d73d3) c1_fflags 0x0000000000000011 x7  0x7fffffffffffffff
core   0: 0x0000000080005364 (0x012c0cbb) addw    s9, s8, s2
core   0: 1 0x0000000080005364 (0x012c0cbb) x25 0x0000000000769e6d
core   0: 0x0000000080005368 (0xf12ff973) csrrci  s2, marchid, 31
core   0: exception trap_illegal_instruction, epc 0x0000000080005368
core   0:           tval 0x00000000f12ff973
core   0: >>>>  $xrv64i2p1_m2p0_a2p1_f2p2_d2p2_zicsr2p0_zifencei2p0_zmmul1p0_zba1p0_zbb1p0_zbc1p0_zbs1p0
core   0: 0x0000000080004000 (0x0080006f) j       pc + 0x8
core   0: 3 0x0000000080004000 (0x0080006f)
core   0: >>>>  mmode_exception_handler
core   0: 0x0000000080004008 (0x00002c17) auipc   s8, 0x2
core   0: 3 0x0000000080004008 (0x00002c17) x24 0x0000000080006008
core   0: 0x000000008000400c (0x080c0c13) addi    s8, s8, 128
core   0: 3 0x000000008000400c (0x080c0c13) x24 0x0000000080006088
core   0: 0x0000000080004010 (0x000c00e7) jalr    s8
core   0: 3 0x0000000080004010 (0x000c00e7) x1  0x0000000080004014
core   0: >>>>  any_handler
core   0: 0x0000000080006088 (0x341027f3) csrrs   a5, mepc, zero
core   0: 3 0x0000000080006088 (0x341027f3) x15 0x0000000080005368
core   0: 0x000000008000608c (0x34202773) csrrs   a4, mcause, zero
core   0: 3 0x000000008000608c (0x34202773) x14 0x0000000000000002
core   0: 0x0000000080006090 (0x142026f3) csrrs   a3, scause, zero
core   0: 3 0x0000000080006090 (0x142026f3) x13 0x0000000000000000
core   0: 0x0000000080006094 (0x30402673) csrrs   a2, mie, zero
core   0: 3 0x0000000080006094 (0x30402673) x12 0x0000000000000a00
core   0: 0x0000000080006098 (0x344025f3) csrrs   a1, mip, zero
core   0: 3 0x0000000080006098 (0x344025f3) x11 0x0000000000000080
core   0: 0x000000008000609c (0x343025f3) csrrs   a1, mtval, zero
core   0: 3 0x000000008000609c (0x343025f3) x11 0x00000000f12ff973
core   0: 0x00000000800060a0 (0x14302573) csrrs   a0, stval, zero
core   0: 3 0x00000000800060a0 (0x14302573) x10 0x000000000000000b
core   0: 0x00000000800060a4 (0xb02024f3) csrrs   s1, minstret, zero
core   0: 3 0x00000000800060a4 (0xb02024f3) x9  0x0000000000000e94
core   0: 0x00000000800060a8 (0x0000a811) c.j     pc + 20
core   0: 3 0x00000000800060a8 (0xa811)
core   0: >>>>  mepc_4
core   0: 0x00000000800060bc (0x00000791) c.addi  a5, 4
core   0: 3 0x00000000800060bc (0x0791) x15 0x000000008000536c
core   0: 0x00000000800060be (0x34179073) csrrw   zero, mepc, a5
core   0: 3 0x00000000800060be (0x34179073) c833_mepc 0x000000008000536c
core   0: 0x00000000800060c2 (0x30200073) mret
core   0: 3 0x00000000800060c2 (0x30200073) c768_mstatus 0x8000000a00106080
core   0: 0x000000008000536c (0x3e797e13) andi    t3, s2, 999
core   0: 1 0x000000008000536c (0x3e797e13) x28 0x00000000000001e5
core   0: 0x0000000080005370 (0x4010f553) fcvt.s.d fa0, ft1
core   0: 1 0x0000000080005370 (0x4010f553) f10 0xffffffff7fc00000
core   0: 0x0000000080005374 (0x800b0c93) addi    s9, s6, -2048
core   0: 1 0x0000000080005374 (0x800b0c93) x25 0x000000007ffff6eb
core   0: 0x0000000080005378 (0x40d806b3) sub     a3, a6, a3
core   0: 1 0x0000000080005378 (0x40d806b3) x13 0xffffffffffffffff
core   0: 0x000000008000537c (0xc2057cd3) fcvt.w.d s9, fa0
core   0: 1 0x000000008000537c (0xc2057cd3) c1_fflags 0x0000000000000011 x25 0x000000007fffffff
core   0: 0x0000000080005380 (0x420b04d3) fcvt.d.s fs1, fs6
core   0: 1 0x0000000080005380 (0x420b04d3) f9  0x7ff8000000000000
core   0: 0x0000000080005384 (0xb5034613) xori    a2, t1, -1200
core   0: 1 0x0000000080005384 (0xb5034613) x12 0xfffffffffffffb50
core   0: 0x0000000080005388 (0x418a0bb3) sub     s7, s4, s8
core   0: 1 0x0000000080005388 (0x418a0bb3) x23 0xffffffff7fdcff78
core   0: 0x000000008000538c (0x0056549b) srliw   s1, a2, 5
core   0: 1 0x000000008000538c (0x0056549b) x9  0x0000000007ffffda
core   0: 0x0000000080005390 (0x407588b3) sub     a7, a1, t2
core   0: 1 0x0000000080005390 (0x407588b3) x17 0x80000000f12ff974
core   0: 0x0000000080005394 (0x00199273) csrrw   tp, fflags, s3
core   0: 1 0x0000000080005394 (0x00199273) x4  0x0000000000000011 c1_fflags 0x0000000000000000
core   0: 0x0000000080005398 (0xd229fdd3) fcvt.d.l fs11, s3
core   0: 1 0x0000000080005398 (0xd229fdd3) f27 0x0000000000000000
core   0: 0x000000008000539c (0x00ac7c33) and     s8, s8, a0
core   0: 1 0x000000008000539c (0x00ac7c33) x24 0x0000000000000008
core   0: 0x00000000800053a0 (0x03d981b3) mul     gp, s3, t4
core   0: 1 0x00000000800053a0 (0x03d981b3) x3  0x0000000000000000
core   0: 0x00000000800053a4 (0x03deadb3) mulhsu  s11, t4, t4
core   0: 1 0x00000000800053a4 (0x03deadb3) x27 0xffffffffc27b3000
core   0: 0x00000000800053a8 (0xd22dfcd3) fcvt.d.l fs9, s11
core   0: 1 0x00000000800053a8 (0xd22dfcd3) f25 0xc1cec26800000000
core   0: 0x00000000800053ac (0x002b9d73) csrrw   s10, frm, s7
core   0: 1 0x00000000800053ac (0x002b9d73) x26 0x0000000000000002 c2_frm 0x0000000000000000
core   0: 0x00000000800053b0 (0x2a8306d3) fmin.d  fa3, ft6, fs0
core   0: 1 0x00000000800053b0 (0x2a8306d3) f13 0x7ff8000000000000
core   0: 0x00000000800053b4 (0x400ed49b) sraiw   s1, t4, 0
core   0: 1 0x00000000800053b4 (0x400ed49b) x9  0xffffffffc27b3000
core   0: 0x00000000800053b8 (0xc20773d3) fcvt.w.d t2, fa4
core   0: 1 0x00000000800053b8 (0xc20773d3) c1_fflags 0x0000000000000010 x7  0x000000007fffffff
core   0: 0x00000000800053bc (0x02077b53) fadd.d  fs6, fa4, ft0
core   0: 1 0x00000000800053bc (0x02077b53) f22 0x7ff8000000000000
core   0: 0x00000000800053c0 (0xd03af0d3) fcvt.s.lu ft1, s5
core   0: 1 0x00000000800053c0 (0xd03af0d3) c1_fflags 0x0000000000000011 f1  0xffffffff4f3614f3
core   0: 0x00000000800053c4 (0x018c5e3b) srlw    t3, s8, s8
core   0: 1 0x00000000800053c4 (0x018c5e3b) x28 0x0000000000000000
core   0: 0x00000000800053c8 (0x00e96eb3) or      t4, s2, a4
core   0: 1 0x00000000800053c8 (0x00e96eb3) x29 0xffffff9380763de7
core   0: 0x00000000800053cc (0x00d0da9b) srliw   s5, ra, 13
core   0: 1 0x00000000800053cc (0x00d0da9b) x21 0x0000000000040002
core   0: 0x00000000800053d0 (0xc03b7e53) fcvt.lu.s t3, fs6
core   0: 1 0x00000000800053d0 (0xc03b7e53) c1_fflags 0x0000000000000011 x28 0xffffffffffffffff
core   0: 0x00000000800053d4 (0x0145803b) addw    zero, a1, s4
core   0: 1 0x00000000800053d4 (0x0145803b)
core   0: 0x00000000800053d8 (0x67504393) xori    t2, zero, 1653
core   0: 1 0x00000000800053d8 (0x67504393) x7  0x0000000000000675
core   0: 0x00000000800053dc (0x5a0ef453) fsqrt.d fs0, ft9
core   0: 1 0x00000000800053dc (0x5a0ef453) f8  0x7ff8000000000000
core   0: 0x00000000800053e0 (0x03fc9893) slli    a7, s9, 63
core   0: 1 0x00000000800053e0 (0x03fc9893) x17 0x8000000000000000
core   0: 0x00000000800053e4 (0x03e3f453) fadd.d  fs0, ft7, ft10
core   0: 1 0x00000000800053e4 (0x03e3f453) f8  0x7ff8000000000000
core   0: 0x00000000800053e8 (0x0208e733) rem     a4, a7, zero
core   0: 1 0x00000000800053e8 (0x0208e733) x14 0x8000000000000000
core   0: 0x00000000800053ec (0x01fbd21b) srliw   tp, s7, 31
core   0: 1 0x00000000800053ec (0x01fbd21b) x4  0x0000000000000000
core   0: 0x00000000800053f0 (0x0000387d) c.addiw a6, -1
core   0: 1 0x00000000800053f0 (0x387d) x16 0xfffffffffffffffe
core   0: 0x00000000800053f2 (0x40e80633) sub     a2, a6, a4
core   0: 1 0x00000000800053f2 (0x40e80633) x12 0x7ffffffffffffffe
core   0: 0x00000000800053f6 (0x000090b3) sll     ra, ra, zero
core   0: 1 0x00000000800053f6 (0x000090b3) x1  0x0000000080004014
core   0: 0x00000000800053fa (0xfbfea997) auipc   s3, 0xfbfea
core   0: 1 0x00000000800053fa (0xfbfea997) x19 0x000000007bfef3fa
core   0: 0x00000000800053fe (0x00b1a5b3) slt     a1, gp, a1
core   0: 1 0x00000000800053fe (0x00b1a5b3) x11 0x0000000000000001
core   0: 0x0000000080005402 (0x00000001) c.nop
core   0: 1 0x0000000080005402 (0x0001)
core   0: 0x0000000080005404 (0x009ed7bb) srlw    a5, t4, s1
core   0: 1 0x0000000080005404 (0x009ed7bb) x15 0xffffffff80763de7
core   0: 0x0000000080005408 (0x40e60b33) sub     s6, a2, a4
core   0: 1 0x0000000080005408 (0x40e60b33) x22 0xfffffffffffffffe
core   0: 0x000000008000540c (0xd2018a53) fcvt.d.w fs4, gp
core   0: 1 0x000000008000540c (0xd2018a53) f20 0x0000000000000000
core   0: 0x0000000080005410 (0x00a32033) slt     zero, t1, a0
core   0: 1 0x0000000080005410 (0x00a32033)
core   0: 0x0000000080005414 (0x01857733) and     a4, a0, s8
core   0: 1 0x0000000080005414 (0x01857733) x14 0x0000000000000008
core   0: 0x0000000080005418 (0x025bc1b3) div     gp, s7, t0
core   0: 1 0x0000000080005418 (0x025bc1b3) x3  0x0000000000000000
core   0: 0x000000008000541c (0x22990e53) fsgnj.d ft8, fs2, fs1
core   0: 1 0x000000008000541c (0x22990e53) f28 0x43effffffff00000
core   0: 0x0000000080005420 (0xc02976d3) fcvt.l.s a3, fs2
core   0: 1 0x0000000080005420 (0xc02976d3) c1_fflags 0x0000000000000011 x13 0x7fffffffffffffff
core   0: 0x0000000080005424 (0xc20bf653) fcvt.w.d a2, fs7
core   0: 1 0x0000000080005424 (0xc20bf653) c1_fflags 0x0000000000000011 x12 0x000000007fffffff
core   0: 0x0000000080005428 (0xf20107d3) fmv.d.x fa5, sp
core   0: 1 0x0000000080005428 (0xf20107d3) f15 0x000000007fffb3ff
core   0: 0x000000008000542c (0x00bb85bb) addw    a1, s7, a1
core   0: 1 0x000000008000542c (0x00bb85bb) x11 0x000000007fdcff79
core   0: 0x0000000080005430 (0x00000001) c.nop
core   0: 1 0x0000000080005430 (0x0001)
core   0: 0x0000000080005432 (0x40be0a3b) subw    s4, t3, a1
core   0: 1 0x0000000080005432 (0x40be0a3b) x20 0xffffffff80230086
core   0: 0x0000000080005436 (0x03ddcb33) div     s6, s11, t4
core   0: 1 0x0000000080005436 (0x03ddcb33) x22 0x0000000000000000
core   0: 0x000000008000543a (0x0509be37) lui     t3, 0x509b
core   0: 1 0x000000008000543a (0x0509be37) x28 0x000000000509b000
core   0: 0x000000008000543e (0xa75e0e1b) addiw   t3, t3, -1419
core   0: 1 0x000000008000543e (0xa75e0e1b) x28 0x000000000509aa75
core   0: 0x0000000080005442 (0x00000e32) c.slli  t3, 12
core   0: 1 0x0000000080005442 (0x0e32) x28 0x000000509aa75000
core   0: 0x0000000080005444 (0x4a7e0e13) addi    t3, t3, 1191
core   0: 1 0x0000000080005444 (0x4a7e0e13) x28 0x000000509aa754a7
core   0: 0x0000000080005448 (0x02fe7fd3) fadd.d  ft11, ft8, fa5
core   0: 1 0x0000000080005448 (0x02fe7fd3) c1_fflags 0x0000000000000011 f31 0x43effffffff00000
core   0: 0x000000008000544c (0x03f57153) fadd.d  ft2, fa0, ft11
core   0: 1 0x000000008000544c (0x03f57153) f2  0x7ff8000000000000
core   0: 0x0000000080005450 (0x00202a73) csrrs   s4, frm, zero
core   0: 1 0x0000000080005450 (0x00202a73) x20 0x0000000000000000
core   0: 0x0000000080005454 (0x1a237ad3) fdiv.d  fs5, ft6, ft2
core   0: 1 0x0000000080005454 (0x1a237ad3) f21 0x7ff8000000000000
core   0: 0x0000000080005458 (0x40255533) sra     a0, a0, sp
core   0: 1 0x0000000080005458 (0x40255533) x10 0x0000000000000000
core   0: 0x000000008000545c (0xc0337953) fcvt.lu.s s2, ft6
core   0: 1 0x000000008000545c (0xc0337953) c1_fflags 0x0000000000000011 x18 0xffffffffffffffff
core   0: 0x0000000080005460 (0xcae775c7) fmsub.d fa1, fa4, fa4, fs9
core   0: 1 0x0000000080005460 (0xcae775c7) f11 0x7ff8000000000000
core   0: 0x0000000080005464 (0xca12fdcf) fnmadd.d fs11, ft5, ft1, fs9
core   0: 1 0x0000000080005464 (0xca12fdcf) f27 0x7ff8000000000000
core   0: 0x0000000080005468 (0xc222f0d3) fcvt.l.d ra, ft5
core   0: 1 0x0000000080005468 (0xc222f0d3) x1  0xffffffff80005e70
core   0: 0x000000008000546c (0x40130633) sub     a2, t1, ra
core   0: 1 0x000000008000546c (0x40130633) x12 0x000000007fffa190
core   0: 0x0000000080005470 (0x4073d9bb) sraw    s3, t2, t2
core   0: 1 0x0000000080005470 (0x4073d9bb) x19 0x0000000000000000
core   0: 0x0000000080005474 (0xa22d02d3) fle.d   t0, fs10, ft2
core   0: 1 0x0000000080005474 (0xa22d02d3) c1_fflags 0x0000000000000011 x5  0x0000000000000000
core   0: 0x0000000080005478 (0x4017f953) fcvt.s.d fs2, fa5
core   0: 1 0x0000000080005478 (0x4017f953) c1_fflags 0x0000000000000013 f18 0xffffffff00000000
core   0: 0x000000008000547c (0x01dd141b) slliw   s0, s10, 29
core   0: 1 0x000000008000547c (0x01dd141b) x8  0x0000000040000000
core   0: 0x0000000080005480 (0x413a57b3) sra     a5, s4, s3
core   0: 1 0x0000000080005480 (0x413a57b3) x15 0x0000000000000000
core   0: 0x0000000080005484 (0x01678d3b) addw    s10, a5, s6
core   0: 1 0x0000000080005484 (0x01678d3b) x26 0x0000000000000000
core   0: 0x0000000080005488 (0xc0032c73) csrrs   s8, cycle, t1
core   0: exception trap_illegal_instruction, epc 0x0000000080005488
core   0:           tval 0x00000000c0032c73
core   0: >>>>  $xrv64i2p1_m2p0_a2p1_f2p2_d2p2_zicsr2p0_zifencei2p0_zmmul1p0_zba1p0_zbb1p0_zbc1p0_zbs1p0
core   0: 0x0000000080004000 (0x0080006f) j       pc + 0x8
core   0: 3 0x0000000080004000 (0x0080006f)
core   0: >>>>  mmode_exception_handler
core   0: 0x0000000080004008 (0x00002c17) auipc   s8, 0x2
core   0: 3 0x0000000080004008 (0x00002c17) x24 0x0000000080006008
core   0: 0x000000008000400c (0x080c0c13) addi    s8, s8, 128
core   0: 3 0x000000008000400c (0x080c0c13) x24 0x0000000080006088
core   0: 0x0000000080004010 (0x000c00e7) jalr    s8
core   0: 3 0x0000000080004010 (0x000c00e7) x1  0x0000000080004014
core   0: >>>>  any_handler
core   0: 0x0000000080006088 (0x341027f3) csrrs   a5, mepc, zero
core   0: 3 0x0000000080006088 (0x341027f3) x15 0x0000000080005488
core   0: 0x000000008000608c (0x34202773) csrrs   a4, mcause, zero
core   0: 3 0x000000008000608c (0x34202773) x14 0x0000000000000002
core   0: 0x0000000080006090 (0x142026f3) csrrs   a3, scause, zero
core   0: 3 0x0000000080006090 (0x142026f3) x13 0x0000000000000000
core   0: 0x0000000080006094 (0x30402673) csrrs   a2, mie, zero
core   0: 3 0x0000000080006094 (0x30402673) x12 0x0000000000000a00
core   0: 0x0000000080006098 (0x344025f3) csrrs   a1, mip, zero
core   0: 3 0x0000000080006098 (0x344025f3) x11 0x0000000000000080
core   0: 0x000000008000609c (0x343025f3) csrrs   a1, mtval, zero
core   0: 3 0x000000008000609c (0x343025f3) x11 0x00000000c0032c73
core   0: 0x00000000800060a0 (0x14302573) csrrs   a0, stval, zero
core   0: 3 0x00000000800060a0 (0x14302573) x10 0x000000000000000b
core   0: 0x00000000800060a4 (0xb02024f3) csrrs   s1, minstret, zero
core   0: 3 0x00000000800060a4 (0xb02024f3) x9  0x0000000000000eed
core   0: 0x00000000800060a8 (0x0000a811) c.j     pc + 20
core   0: 3 0x00000000800060a8 (0xa811)
core   0: >>>>  mepc_4
core   0: 0x00000000800060bc (0x00000791) c.addi  a5, 4
core   0: 3 0x00000000800060bc (0x0791) x15 0x000000008000548c
core   0: 0x00000000800060be (0x34179073) csrrw   zero, mepc, a5
core   0: 3 0x00000000800060be (0x34179073) c833_mepc 0x000000008000548c
core   0: 0x00000000800060c2 (0x30200073) mret
core   0: 3 0x00000000800060c2 (0x30200073) c768_mstatus 0x8000000a00106080
core   0: 0x000000008000548c (0x0003539b) srliw   t2, t1, 0
core   0: 1 0x000000008000548c (0x0003539b) x7  0x0000000000000000
core   0: 0x0000000080005490 (0x11e9f5b7) lui     a1, 0x11e9f
core   0: 1 0x0000000080005490 (0x11e9f5b7) x11 0x0000000011e9f000
core   0: 0x0000000080005494 (0xd03176d3) fcvt.s.lu fa3, sp
core   0: 1 0x0000000080005494 (0xd03176d3) c1_fflags 0x0000000000000013 f13 0xffffffff4effff68
core   0: 0x0000000080005498 (0x01775bb3) srl     s7, a4, s7
core   0: 1 0x0000000080005498 (0x01775bb3) x23 0x0000000000000000
core   0: 0x000000008000549c (0x4002da9b) sraiw   s5, t0, 0
core   0: 1 0x000000008000549c (0x4002da9b) x21 0x0000000000000000
core   0: 0x00000000800054a0 (0xd21a8753) fcvt.d.wu fa4, s5
core   0: 1 0x00000000800054a0 (0xd21a8753) f14 0x0000000000000000
core   0: 0x00000000800054a4 (0x004199b3) sll     s3, gp, tp
core   0: 1 0x00000000800054a4 (0x004199b3) x19 0x0000000000000000
core   0: 0x00000000800054a8 (0x00120e1b) addiw   t3, tp, 1
core   0: 1 0x00000000800054a8 (0x00120e1b) x28 0x0000000000000001
core   0: 0x00000000800054ac (0x02974a3b) divw    s4, a4, s1
core   0: 1 0x00000000800054ac (0x02974a3b) x20 0x0000000000000000
core   0: 0x00000000800054b0 (0x001021f3) csrrs   gp, fflags, zero
core   0: 1 0x00000000800054b0 (0x001021f3) x3  0x0000000000000013
core   0: 0x00000000800054b4 (0x4079d9b3) sra     s3, s3, t2
core   0: 1 0x00000000800054b4 (0x4079d9b3) x19 0x0000000000000000
core   0: 0x00000000800054b8 (0xd0387bd3) fcvt.s.lu fs7, a6
core   0: 1 0x00000000800054b8 (0xd0387bd3) c1_fflags 0x0000000000000013 f23 0xffffffff5f800000
core   0: 0x00000000800054bc (0x0336bbb3) mulhu   s7, a3, s3
core   0: 1 0x00000000800054bc (0x0336bbb3) x23 0x0000000000000000
core   0: 0x00000000800054c0 (0xc23bf653) fcvt.lu.d a2, fs7
core   0: 1 0x00000000800054c0 (0xc23bf653) c1_fflags 0x0000000000000013 x12 0xffffffffffffffff
core   0: 0x00000000800054c4 (0x40de06bb) subw    a3, t3, a3
core   0: 1 0x00000000800054c4 (0x40de06bb) x13 0x0000000000000001
core   0: 0x00000000800054c8 (0x008d67b3) or      a5, s10, s0
core   0: 1 0x00000000800054c8 (0x008d67b3) x15 0x0000000040000000
core   0: 0x00000000800054cc (0xc2177153) fcvt.wu.d sp, fa4
core   0: 1 0x00000000800054cc (0xc2177153) x2  0x0000000000000000
core   0: 0x00000000800054d0 (0x2b8e1e53) fmax.d  ft8, ft8, fs8
core   0: 1 0x00000000800054d0 (0x2b8e1e53) f28 0x43effffffff00000
core   0: 0x00000000800054d4 (0x23fc0c53) fsgnj.d fs8, fs8, ft11
core   0: 1 0x00000000800054d4 (0x23fc0c53) f24 0x7fffffff4f33f68d
core   0: 0x00000000800054d8 (0x03b0f2d3) fadd.d  ft5, ft1, fs11
core   0: 1 0x00000000800054d8 (0x03b0f2d3) f5  0x7ff8000000000000
core   0: 0x00000000800054dc (0x40ac0ab3) sub     s5, s8, a0
core   0: 1 0x00000000800054dc (0x40ac0ab3) x21 0x000000008000607d
core   0: 0x00000000800054e0 (0xe95a889b) addiw   a7, s5, -363
core   0: 1 0x00000000800054e0 (0xe95a889b) x17 0xffffffff80005f12
core   0: 0x00000000800054e4 (0xc0327b53) fcvt.lu.s s6, ft4
core   0: 1 0x00000000800054e4 (0xc0327b53) c1_fflags 0x0000000000000013 x22 0xffffffffffffffff
core   0: 0x00000000800054e8 (0x03aa6133) rem     sp, s4, s10
core   0: 1 0x00000000800054e8 (0x03aa6133) x2  0x0000000000000000
core   0: 0x00000000800054ec (0x13c17153) fmul.d  ft2, ft2, ft8
core   0: 1 0x00000000800054ec (0x13c17153) f2  0x7ff8000000000000
core   0: 0x00000000800054f0 (0xc237f1d3) fcvt.lu.d gp, fa5
core   0: 1 0x00000000800054f0 (0xc237f1d3) c1_fflags 0x0000000000000013 x3  0x0000000000000000
core   0: 0x00000000800054f4 (0x0035823b) addw    tp, a1, gp
core   0: 1 0x00000000800054f4 (0x0035823b) x4  0x0000000011e9f000
core   0: 0x00000000800054f8 (0x23b12ad3) fsgnjx.d fs5, ft2, fs11
core   0: 1 0x00000000800054f8 (0x23b12ad3) f21 0x7ff8000000000000
core   0: 0x00000000800054fc (0x2b5a0b53) fmin.d  fs6, fs4, fs5
core   0: 1 0x00000000800054fc (0x2b5a0b53) f22 0x0000000000000000
core   0: 0x0000000080005500 (0xf1252c73) csrrs   s8, marchid, a0
core   0: exception trap_illegal_instruction, epc 0x0000000080005500
core   0:           tval 0x00000000f1252c73
core   0: >>>>  $xrv64i2p1_m2p0_a2p1_f2p2_d2p2_zicsr2p0_zifencei2p0_zmmul1p0_zba1p0_zbb1p0_zbc1p0_zbs1p0
core   0: 0x0000000080004000 (0x0080006f) j       pc + 0x8
core   0: 3 0x0000000080004000 (0x0080006f)
core   0: >>>>  mmode_exception_handler
core   0: 0x0000000080004008 (0x00002c17) auipc   s8, 0x2
core   0: 3 0x0000000080004008 (0x00002c17) x24 0x0000000080006008
core   0: 0x000000008000400c (0x080c0c13) addi    s8, s8, 128
core   0: 3 0x000000008000400c (0x080c0c13) x24 0x0000000080006088
core   0: 0x0000000080004010 (0x000c00e7) jalr    s8
core   0: 3 0x0000000080004010 (0x000c00e7) x1  0x0000000080004014
core   0: >>>>  any_handler
core   0: 0x0000000080006088 (0x341027f3) csrrs   a5, mepc, zero
core   0: 3 0x0000000080006088 (0x341027f3) x15 0x0000000080005500
core   0: 0x000000008000608c (0x34202773) csrrs   a4, mcause, zero
core   0: 3 0x000000008000608c (0x34202773) x14 0x0000000000000002
core   0: 0x0000000080006090 (0x142026f3) csrrs   a3, scause, zero
core   0: 3 0x0000000080006090 (0x142026f3) x13 0x0000000000000000
core   0: 0x0000000080006094 (0x30402673) csrrs   a2, mie, zero
core   0: 3 0x0000000080006094 (0x30402673) x12 0x0000000000000a00
core   0: 0x0000000080006098 (0x344025f3) csrrs   a1, mip, zero
core   0: 3 0x0000000080006098 (0x344025f3) x11 0x0000000000000080
core   0: 0x000000008000609c (0x343025f3) csrrs   a1, mtval, zero
core   0: 3 0x000000008000609c (0x343025f3) x11 0x00000000f1252c73
core   0: 0x00000000800060a0 (0x14302573) csrrs   a0, stval, zero
core   0: 3 0x00000000800060a0 (0x14302573) x10 0x000000000000000b
core   0: 0x00000000800060a4 (0xb02024f3) csrrs   s1, minstret, zero
core   0: 3 0x00000000800060a4 (0xb02024f3) x9  0x0000000000000f1a
core   0: 0x00000000800060a8 (0x0000a811) c.j     pc + 20
core   0: 3 0x00000000800060a8 (0xa811)
core   0: >>>>  mepc_4
core   0: 0x00000000800060bc (0x00000791) c.addi  a5, 4
core   0: 3 0x00000000800060bc (0x0791) x15 0x0000000080005504
core   0: 0x00000000800060be (0x34179073) csrrw   zero, mepc, a5
core   0: 3 0x00000000800060be (0x34179073) c833_mepc 0x0000000080005504
core   0: 0x00000000800060c2 (0x30200073) mret
core   0: 3 0x00000000800060c2 (0x30200073) c768_mstatus 0x8000000a00106080
core   0: 0x0000000080005504 (0x0180c0b3) xor     ra, ra, s8
core   0: 1 0x0000000080005504 (0x0180c0b3) x1  0x000000000000209c
core   0: 0x0000000080005508 (0x416052b3) sra     t0, zero, s6
core   0: 1 0x0000000080005508 (0x416052b3) x5  0x0000000000000000
core   0: 0x000000008000550c (0xab5a714b) fnmsub.d ft2, fs4, fs5, fs5
core   0: 1 0x000000008000550c (0xab5a714b) f2  0x7ff8000000000000
core   0: 0x0000000080005510 (0x0ff0000f) fence   iorw,iorw
core   0: 1 0x0000000080005510 (0x0ff0000f)
core   0: 0x0000000080005514 (0x00000001) c.nop
core   0: 1 0x0000000080005514 (0x0001)
core   0: 0x0000000080005516 (0x015b1d3b) sllw    s10, s6, s5
core   0: 1 0x0000000080005516 (0x015b1d3b) x26 0xffffffffe0000000
core   0: 0x000000008000551a (0x015bdbbb) srlw    s7, s7, s5
core   0: 1 0x000000008000551a (0x015bdbbb) x23 0x0000000000000000
core   0: 0x000000008000551e (0xd21b84d3) fcvt.d.wu fs1, s7
core   0: 1 0x000000008000551e (0xd21b84d3) f9  0x0000000000000000
core   0: 0x0000000080005522 (0x00bc533b) srlw    t1, s8, a1
core   0: 1 0x0000000080005522 (0x00bc533b) x6  0x0000000000001000
core   0: 0x0000000080005526 (0x2ac184d3) fmin.d  fs1, ft3, fa2
core   0: 1 0x0000000080005526 (0x2ac184d3) f9  0x7ff8000000000000
core   0: 0x000000008000552a (0x0bca7153) fsub.d  ft2, fs4, ft8
core   0: 1 0x000000008000552a (0x0bca7153) f2  0xc3effffffff00000
core   0: 0x000000008000552e (0x005500bb) addw    ra, a0, t0
core   0: 1 0x000000008000552e (0x005500bb) x1  0x000000000000000b
core   0: 0x0000000080005532 (0x000a5a1b) srliw   s4, s4, 0
core   0: 1 0x0000000080005532 (0x000a5a1b) x20 0x0000000000000000
core   0: 0x0000000080005536 (0xb2b9e113) ori     sp, s3, -1237
core   0: 1 0x0000000080005536 (0xb2b9e113) x2  0xfffffffffffffb2b
core   0: 0x000000008000553a (0x0ff0000f) fence   iorw,iorw
core   0: 1 0x000000008000553a (0x0ff0000f)
core   0: 0x000000008000553e (0x2352aad3) fsgnjx.d fs5, ft5, fs5
core   0: 1 0x000000008000553e (0x2352aad3) f21 0x7ff8000000000000
core   0: 0x0000000080005542 (0x0013a9b3) slt     s3, t2, ra
core   0: 1 0x0000000080005542 (0x0013a9b3) x19 0x0000000000000001
core   0: 0x0000000080005546 (0x40c55b33) sra     s6, a0, a2
core   0: 1 0x0000000080005546 (0x40c55b33) x22 0x000000000000000b
core   0: 0x000000008000554a (0xa27e0ad3) fle.d   s5, ft8, ft7
core   0: 1 0x000000008000554a (0xa27e0ad3) x21 0x0000000000000000
core   0: 0x000000008000554e (0x00008359) c.srli  a4, 22
core   0: 1 0x000000008000554e (0x8359) x14 0x0000000000000000
core   0: 0x0000000080005550 (0x018cb2b3) sltu    t0, s9, s8
core   0: 1 0x0000000080005550 (0x018cb2b3) x5  0x0000000000000001
core   0: 0x0000000080005554 (0x0258fdbb) remuw   s11, a7, t0
core   0: 1 0x0000000080005554 (0x0258fdbb) x27 0x0000000000000000
core   0: 0x0000000080005558 (0x02e3d3bb) divuw   t2, t2, a4
core   0: 1 0x0000000080005558 (0x02e3d3bb) x7  0xffffffffffffffff
core   0: 0x000000008000555c (0x82747b4f) fnmadd.d fs6, fs0, ft7, fa6
core   0: 1 0x000000008000555c (0x82747b4f) f22 0x7ff8000000000000
core   0: 0x0000000080005560 (0x016b093b) addw    s2, s6, s6
core   0: 1 0x0000000080005560 (0x016b093b) x18 0x0000000000000016
core   0: 0x0000000080005564 (0x00f988bb) addw    a7, s3, a5
core   0: 1 0x0000000080005564 (0x00f988bb) x17 0xffffffff80005505
core   0: 0x0000000080005568 (0x013595bb) sllw    a1, a1, s3
core   0: 1 0x0000000080005568 (0x013595bb) x11 0xffffffffe24a58e6
core   0: 0x000000008000556c (0x02b8d033) divu    zero, a7, a1
core   0: 1 0x000000008000556c (0x02b8d033)
core   0: 0x0000000080005570 (0xc21871d3) fcvt.wu.d gp, fa6
core   0: 1 0x0000000080005570 (0xc21871d3) c1_fflags 0x0000000000000013 x3  0x0000000000000000
core   0: 0x0000000080005574 (0xd2008fd3) fcvt.d.w ft11, ra
core   0: 1 0x0000000080005574 (0xd2008fd3) f31 0x4026000000000000
core   0: 0x0000000080005578 (0x4007dd93) srai    s11, a5, 0
core   0: 1 0x0000000080005578 (0x4007dd93) x27 0x0000000080005504
core   0: 0x000000008000557c (0x01b695bb) sllw    a1, a3, s11
core   0: 1 0x000000008000557c (0x01b695bb) x11 0x0000000000000000
core   0: 0x0000000080005580 (0x00e8f3b3) and     t2, a7, a4
core   0: 1 0x0000000080005580 (0x00e8f3b3) x7  0x0000000000000000
core   0: 0x0000000080005584 (0x00241573) csrrw   a0, frm, s0
core   0: 1 0x0000000080005584 (0x00241573) x10 0x0000000000000000 c2_frm 0x0000000000000000
core   0: 0x0000000080005588 (0x1ab2f2d3) fdiv.d  ft5, ft5, fa1
core   0: 1 0x0000000080005588 (0x1ab2f2d3) f5  0x7ff8000000000000
core   0: 0x000000008000558c (0x13f9f8d3) fmul.d  fa7, fs3, ft11
core   0: 1 0x000000008000558c (0x13f9f8d3) f17 0x7ff8000000000000
core   0: 0x0000000080005590 (0x00116113) ori     sp, sp, 1
core   0: 1 0x0000000080005590 (0x00116113) x2  0xfffffffffffffb2b
core   0: 0x0000000080005594 (0x23c88e53) fsgnj.d ft8, fa7, ft8
core   0: 1 0x0000000080005594 (0x23c88e53) f28 0x7ff8000000000000
core   0: 0x0000000080005598 (0xca60f347) fmsub.d ft6, ft1, ft6, fs9
core   0: 1 0x0000000080005598 (0xca60f347) f6  0x7ff8000000000000
core   0: 0x000000008000559c (0x0ff0000f) fence   iorw,iorw
core   0: 1 0x000000008000559c (0x0ff0000f)
core   0: 0x00000000800055a0 (0x0023d3bb) srlw    t2, t2, sp
core   0: 1 0x00000000800055a0 (0x0023d3bb) x7  0x0000000000000000
core   0: 0x00000000800055a4 (0x00c7199b) slliw   s3, a4, 12
core   0: 1 0x00000000800055a4 (0x00c7199b) x19 0x0000000000000000
core   0: 0x00000000800055a8 (0x0331843b) mulw    s0, gp, s3
core   0: 1 0x00000000800055a8 (0x0331843b) x8  0x0000000000000000
core   0: 0x00000000800055ac (0x03ba80b3) mul     ra, s5, s11
core   0: 1 0x00000000800055ac (0x03ba80b3) x1  0x0000000000000000
core   0: 0x00000000800055b0 (0x001022f3) csrrs   t0, fflags, zero
core   0: 1 0x00000000800055b0 (0x001022f3) x5  0x0000000000000013
core   0: 0x00000000800055b4 (0x80070a93) addi    s5, a4, -2048
core   0: 1 0x00000000800055b4 (0x80070a93) x21 0xfffffffffffff800
core   0: 0x00000000800055b8 (0x0200533b) divuw   t1, zero, zero
core   0: 1 0x00000000800055b8 (0x0200533b) x6  0xffffffffffffffff
core   0: 0x00000000800055bc (0x8d734a37) lui     s4, 0x8d734
core   0: 1 0x00000000800055bc (0x8d734a37) x20 0xffffffff8d734000
core   0: 0x00000000800055c0 (0x02aba933) mulhsu  s2, s7, a0
core   0: 1 0x00000000800055c0 (0x02aba933) x18 0x0000000000000000
core   0: 0x00000000800055c4 (0x0a23f7d3) fsub.d  fa5, ft7, ft2
core   0: 1 0x00000000800055c4 (0x0a23f7d3) c1_fflags 0x0000000000000013 f15 0x43effffffff68755
core   0: 0x00000000800055c8 (0x024916b3) mulh    a3, s2, tp
core   0: 1 0x00000000800055c8 (0x024916b3) x13 0x0000000000000000
core   0: 0x00000000800055cc (0x01dc5833) srl     a6, s8, t4
core   0: 1 0x00000000800055cc (0x01dc5833) x16 0x0000000000000000
core   0: 0x00000000800055d0 (0x00202073) csrrs   zero, frm, zero
core   0: 1 0x00000000800055d0 (0x00202073)
core   0: 0x00000000800055d4 (0x031c7b33) remu    s6, s8, a7
core   0: 1 0x00000000800055d4 (0x031c7b33) x22 0x0000000080006088
core   0: 0x00000000800055d8 (0x010d183b) sllw    a6, s10, a6
core   0: 1 0x00000000800055d8 (0x010d183b) x16 0xffffffffe0000000
core   0: 0x00000000800055dc (0xd22870d3) fcvt.d.l ft1, a6
core   0: 1 0x00000000800055dc (0xd22870d3) f1  0xc1c0000000000000
core   0: 0x00000000800055e0 (0x8002851b) addiw   a0, t0, -2048
core   0: 1 0x00000000800055e0 (0x8002851b) x10 0xfffffffffffff813
core   0: 0x00000000800055e4 (0x002919f3) csrrw   s3, frm, s2
core   0: 1 0x00000000800055e4 (0x002919f3) x19 0x0000000000000000 c2_frm 0x0000000000000000
core   0: 0x00000000800055e8 (0x013b55b3) srl     a1, s6, s3
core   0: 1 0x00000000800055e8 (0x013b55b3) x11 0x0000000080006088
core   0: 0x00000000800055ec (0x4160d0bb) sraw    ra, ra, s6
core   0: 1 0x00000000800055ec (0x4160d0bb) x1  0x0000000000000000
core   0: 0x00000000800055f0 (0x1ae67453) fdiv.d  fs0, fa2, fa4
core   0: 1 0x00000000800055f0 (0x1ae67453) f8  0x7ff8000000000000
core   0: 0x00000000800055f4 (0xc2277ad3) fcvt.l.d s5, fa4
core   0: 1 0x00000000800055f4 (0xc2277ad3) x21 0x0000000000000000
core   0: 0x00000000800055f8 (0x02d9ddbb) divuw   s11, s3, a3
core   0: 1 0x00000000800055f8 (0x02d9ddbb) x27 0xffffffffffffffff
core   0: 0x00000000800055fc (0x002b1773) csrrw   a4, frm, s6
core   0: 1 0x00000000800055fc (0x002b1773) x14 0x0000000000000000 c2_frm 0x0000000000000000
core   0: 0x0000000080005600 (0xc0377e53) fcvt.lu.s t3, fa4
core   0: 1 0x0000000080005600 (0xc0377e53) c1_fflags 0x0000000000000013 x28 0xffffffffffffffff
core   0: 0x0000000080005604 (0x0067933b) sllw    t1, a5, t1
core   0: 1 0x0000000080005604 (0x0067933b) x6  0x0000000000000000
core   0: 0x0000000080005608 (0x00fc96bb) sllw    a3, s9, a5
core   0: 1 0x0000000080005608 (0x00fc96bb) x13 0xfffffffffffffff0
core   0: 0x000000008000560c (0x0016d793) srli    a5, a3, 1
core   0: 1 0x000000008000560c (0x0016d793) x15 0x7ffffffffffffff8
core   0: 0x0000000080005610 (0x405a8733) sub     a4, s5, t0
core   0: 1 0x0000000080005610 (0x405a8733) x14 0xffffffffffffffed
core   0: 0x0000000080005614 (0xd03c7c53) fcvt.s.lu fs8, s8
core   0: 1 0x0000000080005614 (0xd03c7c53) c1_fflags 0x0000000000000013 f24 0xffffffff4f000061
core   0: 0x0000000080005618 (0x40dc50bb) sraw    ra, s8, a3
core   0: 1 0x0000000080005618 (0x40dc50bb) x1  0xffffffffffff8000
core   0: 0x000000008000561c (0x03b6c63b) divw    a2, a3, s11
core   0: 1 0x000000008000561c (0x03b6c63b) x12 0x0000000000000010
core   0: 0x0000000080005620 (0xd02670d3) fcvt.s.l ft1, a2
core   0: 1 0x0000000080005620 (0xd02670d3) f1  0xffffffff41800000
core   0: 0x0000000080005624 (0x015a9533) sll     a0, s5, s5
core   0: 1 0x0000000080005624 (0x015a9533) x10 0x0000000000000000
core   0: 0x0000000080005628 (0x40cd0ab3) sub     s5, s10, a2
core   0: 1 0x0000000080005628 (0x40cd0ab3) x21 0xffffffffdffffff0
core   0: 0x000000008000562c (0x0b10f8d3) fsub.d  fa7, ft1, fa7
core   0: 1 0x000000008000562c (0x0b10f8d3) f17 0x7ff8000000000000
core   0: 0x0000000080005630 (0x2595ee93) ori     t4, a1, 601
core   0: 1 0x0000000080005630 (0x2595ee93) x29 0x00000000800062d9
core   0: 0x0000000080005634 (0x00b84833) xor     a6, a6, a1
core   0: 1 0x0000000080005634 (0x00b84833) x16 0xffffffff60006088
core   0: 0x0000000080005638 (0x5a077fd3) fsqrt.d ft11, fa4
core   0: 1 0x0000000080005638 (0x5a077fd3) f31 0x0000000000000000
core   0: 0x000000008000563c (0x014d2d33) slt     s10, s10, s4
core   0: 1 0x000000008000563c (0x014d2d33) x26 0x0000000000000000
core   0: 0x0000000080005640 (0x012bc933) xor     s2, s7, s2
core   0: 1 0x0000000080005640 (0x012bc933) x18 0x0000000000000000
core   0: 0x0000000080005644 (0x01ae173b) sllw    a4, t3, s10
core   0: 1 0x0000000080005644 (0x01ae173b) x14 0xffffffffffffffff
core   0: 0x0000000080005648 (0xc0377453) fcvt.lu.s s0, fa4
core   0: 1 0x0000000080005648 (0xc0377453) c1_fflags 0x0000000000000013 x8  0xffffffffffffffff
core   0: 0x000000008000564c (0x8bff7f4f) fnmadd.d ft10, ft10, ft11, fa7
core   0: 1 0x000000008000564c (0x8bff7f4f) f30 0x7ff8000000000000
core   0: 0x0000000080005650 (0x020dadb3) mulhsu  s11, s11, zero
core   0: 1 0x0000000080005650 (0x020dadb3) x27 0x0000000000000000
core   0: 0x0000000080005654 (0x42b2f94b) fnmsub.d fs2, ft5, fa1, fs0
core   0: 1 0x0000000080005654 (0x42b2f94b) f18 0x7ff8000000000000
core   0: 0x0000000080005658 (0x01b8c1b3) xor     gp, a7, s11
core   0: 1 0x0000000080005658 (0x01b8c1b3) x3  0xffffffff80005505
core   0: 0x000000008000565c (0xd03779d3) fcvt.s.lu fs3, a4
core   0: 1 0x000000008000565c (0xd03779d3) c1_fflags 0x0000000000000013 f19 0xffffffff5f800000
core   0: 0x0000000080005660 (0x005f9cb7) lui     s9, 0x5f9
core   0: 1 0x0000000080005660 (0x005f9cb7) x25 0x00000000005f9000
core   0: 0x0000000080005664 (0x4f7c8c9b) addiw   s9, s9, 1271
core   0: 1 0x0000000080005664 (0x4f7c8c9b) x25 0x00000000005f94f7
core   0: 0x0000000080005668 (0x00000cc2) c.slli  s9, 16
core   0: 1 0x0000000080005668 (0x0cc2) x25 0x0000005f94f70000
core   0: 0x000000008000566a (0xda9c8c93) addi    s9, s9, -599
core   0: 1 0x000000008000566a (0xda9c8c93) x25 0x0000005f94f6fda9
core   0: 0x000000008000566e (0xdb49fcc3) fmadd.d fs9, fs3, fs4, fs11
core   0: 1 0x000000008000566e (0xdb49fcc3) f25 0x7ff8000000000000
core   0: 0x0000000080005672 (0x2b3c9a53) fmax.d  fs4, fs9, fs3
core   0: 1 0x0000000080005672 (0x2b3c9a53) f20 0x7ff8000000000000
core   0: 0x0000000080005676 (0x00000001) c.nop
core   0: 1 0x0000000080005676 (0x0001)
core   0: 0x0000000080005678 (0x00c41e33) sll     t3, s0, a2
core   0: 1 0x0000000080005678 (0x00c41e33) x28 0xffffffffffff0000
core   0: 0x000000008000567c (0x022b71bb) remuw   gp, s6, sp
core   0: 1 0x000000008000567c (0x022b71bb) x3  0xffffffff80006088
core   0: 0x0000000080005680 (0x403c81bb) subw    gp, s9, gp
core   0: 1 0x0000000080005680 (0x403c81bb) x3  0x0000000014f69d21
core   0: 0x0000000080005684 (0xd21c8ad3) fcvt.d.wu fs5, s9
core   0: 1 0x0000000080005684 (0xd21c8ad3) f21 0x41e29edfb5200000
core   0: 0x0000000080005688 (0x41308e33) sub     t3, ra, s3
core   0: 1 0x0000000080005688 (0x41308e33) x28 0xffffffffffff8000
core   0: 0x000000008000568c (0x011e78b3) and     a7, t3, a7
core   0: 1 0x000000008000568c (0x011e78b3) x17 0xffffffff80000000
core   0: 0x0000000080005690 (0x2a201353) fmax.d  ft6, ft0, ft2
core   0: 1 0x0000000080005690 (0x2a201353) f6  0xc3effffffff00000
core   0: 0x0000000080005694 (0xd22a7ad3) fcvt.d.l fs5, s4
core   0: 1 0x0000000080005694 (0xd22a7ad3) f21 0xc1dca33000000000
core   0: 0x0000000080005698 (0x43cd5b13) srai    s6, s10, 60
core   0: 1 0x0000000080005698 (0x43cd5b13) x22 0x0000000000000000
core   0: 0x000000008000569c (0x01ad7c33) and     s8, s10, s10
core   0: 1 0x000000008000569c (0x01ad7c33) x24 0x0000000000000000
core   0: 0x00000000800056a0 (0x00b318bb) sllw    a7, t1, a1
core   0: 1 0x00000000800056a0 (0x00b318bb) x17 0x0000000000000000
core   0: 0x00000000800056a4 (0xfff80593) addi    a1, a6, -1
core   0: 1 0x00000000800056a4 (0xfff80593) x11 0xffffffff60006087
core   0: 0x00000000800056a8 (0x018913b3) sll     t2, s2, s8
core   0: 1 0x00000000800056a8 (0x018913b3) x7  0x0000000000000000
core   0: 0x00000000800056ac (0xb466cb93) xori    s7, a3, -1210
core   0: 1 0x00000000800056ac (0xb466cb93) x23 0x00000000000004b6
core   0: 0x00000000800056b0 (0x2a637643) fmadd.d fa2, ft6, ft6, ft5
core   0: 1 0x00000000800056b0 (0x2a637643) f12 0x7ff8000000000000
core   0: 0x00000000800056b4 (0x00202173) csrrs   sp, frm, zero
core   0: 1 0x00000000800056b4 (0x00202173) x2  0x0000000000000000
core   0: 0x00000000800056b8 (0x01d0e0b3) or      ra, ra, t4
core   0: 1 0x00000000800056b8 (0x01d0e0b3) x1  0xffffffffffffe2d9
core   0: 0x00000000800056bc (0x14181df3) csrrw   s11, sepc, a6
core   0: 1 0x00000000800056bc (0x14181df3) x27 0x0000000000000000 c321_sepc 0xffffffff60006088
core   0: 0x00000000800056c0 (0x104db8f3) csrrc   a7, sie, s11
core   0: 1 0x00000000800056c0 (0x104db8f3) x17 0x0000000000000000 c772_mie 0x0000000000000a00
core   0: 0x00000000800056c4 (0x2acf0453) fmin.d  fs0, ft10, fa2
core   0: 1 0x00000000800056c4 (0x2acf0453) f8  0x7ff8000000000000
core   0: 0x00000000800056c8 (0x03b2e13b) remw    sp, t0, s11
core   0: 1 0x00000000800056c8 (0x03b2e13b) x2  0x0000000000000013
core   0: 0x00000000800056cc (0xa2c88053) fle.d   zero, fa7, fa2
core   0: 1 0x00000000800056cc (0xa2c88053) c1_fflags 0x0000000000000013
core   0: 0x00000000800056d0 (0xc2137bd3) fcvt.wu.d s7, ft6
core   0: 1 0x00000000800056d0 (0xc2137bd3) c1_fflags 0x0000000000000013 x23 0x0000000000000000
core   0: 0x00000000800056d4 (0x0339e9b3) rem     s3, s3, s3
core   0: 1 0x00000000800056d4 (0x0339e9b3) x19 0x0000000000000000
core   0: 0x00000000800056d8 (0x03913133) mulhu   sp, sp, s9
core   0: 1 0x00000000800056d8 (0x03913133) x2  0x0000000000000000
core   0: 0x00000000800056dc (0x013e2bb3) slt     s7, t3, s3
core   0: 1 0x00000000800056dc (0x013e2bb3) x23 0x0000000000000001
core   0: 0x00000000800056e0 (0x01d05bb3) srl     s7, zero, t4
core   0: 1 0x00000000800056e0 (0x01d05bb3) x23 0x0000000000000000
core   0: 0x00000000800056e4 (0x001de793) ori     a5, s11, 1
core   0: 1 0x00000000800056e4 (0x001de793) x15 0x0000000000000001
core   0: 0x00000000800056e8 (0xd21b8a53) fcvt.d.wu fs4, s7
core   0: 1 0x00000000800056e8 (0xd21b8a53) f20 0x0000000000000000
core   0: 0x00000000800056ec (0x400a5813) srai    a6, s4, 0
core   0: 1 0x00000000800056ec (0x400a5813) x16 0xffffffff8d734000
core   0: 0x00000000800056f0 (0x40b8823b) subw    tp, a7, a1
core   0: 1 0x00000000800056f0 (0x40b8823b) x4  0xffffffff9fff9f79
core   0: 0x00000000800056f4 (0xf2080ed3) fmv.d.x ft9, a6
core   0: 1 0x00000000800056f4 (0xf2080ed3) f29 0xffffffff8d734000
core   0: 0x00000000800056f8 (0x0132149b) slliw   s1, tp, 19
core   0: 1 0x00000000800056f8 (0x0132149b) x9  0xfffffffffbc80000
core   0: 0x00000000800056fc (0x02149913) slli    s2, s1, 33
core   0: 1 0x00000000800056fc (0x02149913) x18 0xf790000000000000
core   0: 0x0000000080005700 (0x715e7993) andi    s3, t3, 1813
core   0: 1 0x0000000080005700 (0x715e7993) x19 0x0000000000000000
core   0: 0x0000000080005704 (0x01728b33) add     s6, t0, s7
core   0: 1 0x0000000080005704 (0x01728b33) x22 0x0000000000000013
core   0: 0x0000000080005708 (0x00f4de3b) srlw    t3, s1, a5
core   0: 1 0x0000000080005708 (0x00f4de3b) x28 0x000000007de40000
core   0: 0x000000008000570c (0x02857953) fadd.d  fs2, fa0, fs0
core   0: 1 0x000000008000570c (0x02857953) f18 0x7ff8000000000000
core   0: 0x0000000080005710 (0x4118d493) srai    s1, a7, 17
core   0: 1 0x0000000080005710 (0x4118d493) x9  0x0000000000000000
core   0: 0x0000000080005714 (0x002310f3) csrrw   ra, frm, t1
core   0: 1 0x0000000080005714 (0x002310f3) x1  0x0000000000000000 c2_frm 0x0000000000000000
core   0: 0x0000000080005718 (0xd5967b93) andi    s7, a2, -679
core   0: 1 0x0000000080005718 (0xd5967b93) x23 0x0000000000000010
core   0: 0x000000008000571c (0x00e817b3) sll     a5, a6, a4
core   0: 1 0x000000008000571c (0x00e817b3) x15 0x0000000000000000
core   0: 0x0000000080005720 (0x00111e1b) slliw   t3, sp, 1
core   0: 1 0x0000000080005720 (0x00111e1b) x28 0x0000000000000000
core   0: 0x0000000080005724 (0x0030c1b3) xor     gp, ra, gp
core   0: 1 0x0000000080005724 (0x0030c1b3) x3  0x0000000014f69d21
core   0: 0x0000000080005728 (0x4061013b) subw    sp, sp, t1
core   0: 1 0x0000000080005728 (0x4061013b) x2  0x0000000000000000
core   0: 0x000000008000572c (0x41dc5a3b) sraw    s4, s8, t4
core   0: 1 0x000000008000572c (0x41dc5a3b) x20 0x0000000000000000
core   0: 0x0000000080005730 (0x0011d913) srli    s2, gp, 1
core   0: 1 0x0000000080005730 (0x0011d913) x18 0x000000000a7b4e90
core   0: 0x0000000080005734 (0x003617bb) sllw    a5, a2, gp
core   0: 1 0x0000000080005734 (0x003617bb) x15 0x0000000000000020
core   0: 0x0000000080005738 (0x009a5e1b) srliw   t3, s4, 9
core   0: 1 0x0000000080005738 (0x009a5e1b) x28 0x0000000000000000
core   0: 0x000000008000573c (0x03275bb3) divu    s7, a4, s2
core   0: 1 0x000000008000573c (0x03275bb3) x23 0x000000186c70b4f8
core   0: 0x0000000080005740 (0xebbdf74f) fnmadd.d fa4, fs11, fs11, ft9
core   0: 1 0x0000000080005740 (0xebbdf74f) f14 0x7ff8000000000000
core   0: 0x0000000080005744 (0x00db0433) add     s0, s6, a3
core   0: 1 0x0000000080005744 (0x00db0433) x8  0x0000000000000003
core   0: 0x0000000080005748 (0x0418b737) lui     a4, 0x418b
core   0: 1 0x0000000080005748 (0x0418b737) x14 0x000000000418b000
core   0: 0x000000008000574c (0xb157071b) addiw   a4, a4, -1259
core   0: 1 0x000000008000574c (0xb157071b) x14 0x000000000418ab15
core   0: 0x0000000080005750 (0x00000732) c.slli  a4, 12
core   0: 1 0x0000000080005750 (0x0732) x14 0x000000418ab15000
core   0: 0x0000000080005752 (0xc8170713) addi    a4, a4, -895
core   0: 1 0x0000000080005752 (0xc8170713) x14 0x000000418ab14c81
core   0: 0x0000000080005756 (0xc2277ed3) fcvt.l.d t4, fa4
core   0: 1 0x0000000080005756 (0xc2277ed3) c1_fflags 0x0000000000000013 x29 0x7fffffffffffffff
core   0: 0x000000008000575a (0x001efa93) andi    s5, t4, 1
core   0: 1 0x000000008000575a (0x001efa93) x21 0x0000000000000001
core   0: 0x000000008000575e (0xc23df653) fcvt.lu.d a2, fs11
core   0: 1 0x000000008000575e (0xc23df653) c1_fflags 0x0000000000000013 x12 0xffffffffffffffff
core   0: 0x0000000080005762 (0x0084d433) srl     s0, s1, s0
core   0: 1 0x0000000080005762 (0x0084d433) x8  0x0000000000000000
core   0: 0x0000000080005766 (0x0ff0000f) fence   iorw,iorw
core   0: 1 0x0000000080005766 (0x0ff0000f)
core   0: 0x000000008000576a (0x01507493) andi    s1, zero, 21
core   0: 1 0x000000008000576a (0x01507493) x9  0x0000000000000000
core   0: 0x000000008000576e (0x003961b3) or      gp, s2, gp
core   0: 1 0x000000008000576e (0x003961b3) x3  0x000000001effdfb1
core   0: 0x0000000080005772 (0x2a738653) fmin.d  fa2, ft7, ft7
core   0: 1 0x0000000080005772 (0x2a738653) f12 0x41ca1d5339800000
core   0: 0x0000000080005776 (0x4a04f4c3) fmadd.d fs1, fs1, ft0, fs1
core   0: 1 0x0000000080005776 (0x4a04f4c3) f9  0x7ff8000000000000
core   0: 0x000000008000577a (0x2a649853) fmax.d  fa6, fs1, ft6
core   0: 1 0x000000008000577a (0x2a649853) f16 0xc3effffffff00000
core   0: 0x000000008000577e (0x000803bb) addw    t2, a6, zero
core   0: 1 0x000000008000577e (0x000803bb) x7  0xffffffff8d734000
core   0: 0x0000000080005782 (0x1a357553) fdiv.d  fa0, fa0, ft3
core   0: 1 0x0000000080005782 (0x1a357553) f10 0x7ff8000000000000
core   0: 0x0000000080005786 (0x001029f3) csrrs   s3, fflags, zero
core   0: 1 0x0000000080005786 (0x001029f3) x19 0x0000000000000013
core   0: 0x000000008000578a (0x41a9d093) srai    ra, s3, 26
core   0: 1 0x000000008000578a (0x41a9d093) x1  0x0000000000000000
core   0: 0x000000008000578e (0xd22c71d3) fcvt.d.l ft3, s8
core   0: 1 0x000000008000578e (0xd22c71d3) f3  0x0000000000000000
core   0: 0x0000000080005792 (0x73dc089b) addiw   a7, s8, 1853
core   0: 1 0x0000000080005792 (0x73dc089b) x17 0x000000000000073d
core   0: 0x0000000080005796 (0x2aa50f53) fmin.d  ft10, fa0, fa0
core   0: 1 0x0000000080005796 (0x2aa50f53) f30 0x7ff8000000000000
core   0: 0x000000008000579a (0x0149dbbb) srlw    s7, s3, s4
core   0: 1 0x000000008000579a (0x0149dbbb) x23 0x0000000000000013
core   0: 0x000000008000579e (0x41c55b9b) sraiw   s7, a0, 28
core   0: 1 0x000000008000579e (0x41c55b9b) x23 0x0000000000000000
core   0: 0x00000000800057a2 (0x1f486613) ori     a2, a6, 500
core   0: 1 0x00000000800057a2 (0x1f486613) x12 0xffffffff8d7341f4
core   0: 0x00000000800057a6 (0x2a0a1f53) fmax.d  ft10, fs4, ft0
core   0: 1 0x00000000800057a6 (0x2a0a1f53) f30 0x0000000000000000
core   0: 0x00000000800057aa (0x00000001) c.nop
core   0: 1 0x00000000800057aa (0x0001)
core   0: 0x00000000800057ac (0xb027f7f3) csrrci  a5, minstret, 15
core   0: exception trap_illegal_instruction, epc 0x00000000800057ac
core   0:           tval 0x00000000b027f7f3
core   0: >>>>  $xrv64i2p1_m2p0_a2p1_f2p2_d2p2_zicsr2p0_zifencei2p0_zmmul1p0_zba1p0_zbb1p0_zbc1p0_zbs1p0
core   0: 0x0000000080004000 (0x0080006f) j       pc + 0x8
core   0: 3 0x0000000080004000 (0x0080006f)
core   0: >>>>  mmode_exception_handler
core   0: 0x0000000080004008 (0x00002c17) auipc   s8, 0x2
core   0: 3 0x0000000080004008 (0x00002c17) x24 0x0000000080006008
core   0: 0x000000008000400c (0x080c0c13) addi    s8, s8, 128
core   0: 3 0x000000008000400c (0x080c0c13) x24 0x0000000080006088
core   0: 0x0000000080004010 (0x000c00e7) jalr    s8
core   0: 3 0x0000000080004010 (0x000c00e7) x1  0x0000000080004014
core   0: >>>>  any_handler
core   0: 0x0000000080006088 (0x341027f3) csrrs   a5, mepc, zero
core   0: 3 0x0000000080006088 (0x341027f3) x15 0x00000000800057ac
core   0: 0x000000008000608c (0x34202773) csrrs   a4, mcause, zero
core   0: 3 0x000000008000608c (0x34202773) x14 0x0000000000000002
core   0: 0x0000000080006090 (0x142026f3) csrrs   a3, scause, zero
core   0: 3 0x0000000080006090 (0x142026f3) x13 0x0000000000000000
core   0: 0x0000000080006094 (0x30402673) csrrs   a2, mie, zero
core   0: 3 0x0000000080006094 (0x30402673) x12 0x0000000000000a00
core   0: 0x0000000080006098 (0x344025f3) csrrs   a1, mip, zero
core   0: 3 0x0000000080006098 (0x344025f3) x11 0x0000000000000080
core   0: 0x000000008000609c (0x343025f3) csrrs   a1, mtval, zero
core   0: 3 0x000000008000609c (0x343025f3) x11 0x00000000b027f7f3
core   0: 0x00000000800060a0 (0x14302573) csrrs   a0, stval, zero
core   0: 3 0x00000000800060a0 (0x14302573) x10 0x000000000000000b
core   0: 0x00000000800060a4 (0xb02024f3) csrrs   s1, minstret, zero
core   0: 3 0x00000000800060a4 (0xb02024f3) x9  0x0000000000000fd7
core   0: 0x00000000800060a8 (0x0000a811) c.j     pc + 20
core   0: 3 0x00000000800060a8 (0xa811)
core   0: >>>>  mepc_4
core   0: 0x00000000800060bc (0x00000791) c.addi  a5, 4
core   0: 3 0x00000000800060bc (0x0791) x15 0x00000000800057b0
core   0: 0x00000000800060be (0x34179073) csrrw   zero, mepc, a5
core   0: 3 0x00000000800060be (0x34179073) c833_mepc 0x00000000800057b0
core   0: 0x00000000800060c2 (0x30200073) mret
core   0: 3 0x00000000800060c2 (0x30200073) c768_mstatus 0x8000000a00106080
core   0: 0x00000000800057b0 (0x03da53b3) divu    t2, s4, t4
core   0: 1 0x00000000800057b0 (0x03da53b3) x7  0x0000000000000000
core   0: 0x00000000800057b4 (0x03927b3b) remuw   s6, tp, s9
core   0: 1 0x00000000800057b4 (0x03927b3b) x22 0x000000000b08a1d0
core   0: 0x00000000800057b8 (0xbbe24a13) xori    s4, tp, -1090
core   0: 1 0x00000000800057b8 (0xbbe24a13) x20 0x00000000600064c7
core   0: 0x00000000800057bc (0xd21b0b53) fcvt.d.wu fs6, s6
core   0: 1 0x00000000800057bc (0xd21b0b53) f22 0x41a61143a0000000
core   0: 0x00000000800057c0 (0x3313734b) fnmsub.d ft6, ft6, fa7, ft6
core   0: 1 0x00000000800057c0 (0x3313734b) f6  0x7ff8000000000000
core   0: 0x00000000800057c4 (0x03f21093) slli    ra, tp, 63
core   0: 1 0x00000000800057c4 (0x03f21093) x1  0x8000000000000000
core   0: 0x00000000800057c8 (0x015ce933) or      s2, s9, s5
core   0: 1 0x00000000800057c8 (0x015ce933) x18 0x0000005f94f6fda9
core   0: 0x00000000800057cc (0x00f817bb) sllw    a5, a6, a5
core   0: 1 0x00000000800057cc (0x00f817bb) x15 0x0000000040000000
core   0: 0x00000000800057d0 (0xd23978d3) fcvt.d.lu fa7, s2
core   0: 1 0x00000000800057d0 (0xd23978d3) f17 0x4257e53dbf6a4000
core   0: 0x00000000800057d4 (0xd03cfbd3) fcvt.s.lu fs7, s9
core   0: 1 0x00000000800057d4 (0xd03cfbd3) c1_fflags 0x0000000000000013 f23 0xffffffff52bf29ee
core   0: 0x00000000800057d8 (0xfb724b37) lui     s6, 0xfb724
core   0: 1 0x00000000800057d8 (0xfb724b37) x22 0xfffffffffb724000
core   0: 0x00000000800057dc (0xf03b0b1b) addiw   s6, s6, -253
core   0: 1 0x00000000800057dc (0xf03b0b1b) x22 0xfffffffffb723f03
core   0: 0x00000000800057e0 (0x00000b32) c.slli  s6, 12
core   0: 1 0x00000000800057e0 (0x0b32) x22 0xffffffb723f03000
core   0: 0x00000000800057e2 (0xa82b0b13) addi    s6, s6, -1406
core   0: 1 0x00000000800057e2 (0xa82b0b13) x22 0xffffffb723f02a82
core   0: 0x00000000800057e6 (0x03b07c53) fadd.d  fs8, ft0, fs11
core   0: 1 0x00000000800057e6 (0x03b07c53) f24 0x7ff8000000000000
core   0: 0x00000000800057ea (0x00fd8dbb) addw    s11, s11, a5
core   0: 1 0x00000000800057ea (0x00fd8dbb) x27 0x0000000040000000
core   0: 0x00000000800057ee (0xc69951b7) lui     gp, 0xc6995
core   0: 1 0x00000000800057ee (0xc69951b7) x3  0xffffffffc6995000
core   0: 0x00000000800057f2 (0xd2287153) fcvt.d.l ft2, a6
core   0: 1 0x00000000800057f2 (0xd2287153) f2  0xc1dca33000000000
core   0: 0x00000000800057f6 (0x00f7a333) slt     t1, a5, a5
core   0: 1 0x00000000800057f6 (0x00f7a333) x6  0x0000000000000000
core   0: 0x00000000800057fa (0x00102673) csrrs   a2, fflags, zero
core   0: 1 0x00000000800057fa (0x00102673) x12 0x0000000000000013
core   0: 0x00000000800057fe (0x001c9a9b) slliw   s5, s9, 1
core   0: 1 0x00000000800057fe (0x001c9a9b) x21 0x0000000029edfb52
core   0: 0x0000000080005802 (0x41ba8a33) sub     s4, s5, s11
core   0: 1 0x0000000080005802 (0x41ba8a33) x20 0xffffffffe9edfb52
core   0: 0x0000000080005806 (0xd2168753) fcvt.d.wu fa4, a3
core   0: 1 0x0000000080005806 (0xd2168753) f14 0x0000000000000000
core   0: 0x000000008000580a (0x00bd139b) slliw   t2, s10, 11
core   0: 1 0x000000008000580a (0x00bd139b) x7  0x0000000000000000
core   0: 0x000000008000580e (0x00149df3) csrrw   s11, fflags, s1
core   0: 1 0x000000008000580e (0x00149df3) x27 0x0000000000000013 c1_fflags 0x0000000000000017
core   0: 0x0000000080005812 (0xa22e8653) fle.d   a2, ft9, ft2
core   0: 1 0x0000000080005812 (0xa22e8653) c1_fflags 0x0000000000000017 x12 0x0000000000000000
core   0: 0x0000000080005816 (0x000ede9b) srliw   t4, t4, 0
core   0: 1 0x0000000080005816 (0x000ede9b) x29 0xffffffffffffffff
core   0: 0x000000008000581a (0xcba48313) addi    t1, s1, -838
core   0: 1 0x000000008000581a (0xcba48313) x6  0x0000000000000c91
core   0: 0x000000008000581e (0x0000909b) slliw   ra, ra, 0
core   0: 1 0x000000008000581e (0x0000909b) x1  0x0000000000000000
core   0: 0x0000000080005822 (0x019c01bb) addw    gp, s8, s9
core   0: 1 0x0000000080005822 (0x019c01bb) x3  0x0000000014f75e31
core   0: 0x0000000080005826 (0x0048c133) xor     sp, a7, tp
core   0: 1 0x0000000080005826 (0x0048c133) x2  0xffffffff9fff9844
core   0: 0x000000008000582a (0x017bdbbb) srlw    s7, s7, s7
core   0: 1 0x000000008000582a (0x017bdbbb) x23 0x0000000000000000
core   0: 0x000000008000582e (0x03dbc533) div     a0, s7, t4
core   0: 1 0x000000008000582e (0x03dbc533) x10 0x0000000000000000
core   0: 0x0000000080005832 (0x02a9693b) remw    s2, s2, a0
core   0: 1 0x0000000080005832 (0x02a9693b) x18 0xffffffff94f6fda9
core   0: 0x0000000080005836 (0x0a2ef553) fsub.d  fa0, ft9, ft2
core   0: 1 0x0000000080005836 (0x0a2ef553) f10 0x7ff8000000000000
core   0: 0x000000008000583a (0xc23579d3) fcvt.lu.d s3, fa0
core   0: 1 0x000000008000583a (0xc23579d3) c1_fflags 0x0000000000000017 x19 0xffffffffffffffff
core   0: 0x000000008000583e (0x0292a2b3) mulhsu  t0, t0, s1
core   0: 1 0x000000008000583e (0x0292a2b3) x5  0x0000000000000000
core   0: 0x0000000080005842 (0x00008715) c.srai  a4, 5
core   0: 1 0x0000000080005842 (0x8715) x14 0x0000000000000000
core   0: 0x0000000080005844 (0x41dadabb) sraw    s5, s5, t4
core   0: 1 0x0000000080005844 (0x41dadabb) x21 0x0000000000000000
core   0: 0x0000000080005848 (0x5a0e70d3) fsqrt.d ft1, ft8
core   0: 1 0x0000000080005848 (0x5a0e70d3) f1  0x7ff8000000000000
core   0: 0x000000008000584c (0x003a9d3b) sllw    s10, s5, gp
core   0: 1 0x000000008000584c (0x003a9d3b) x26 0x0000000000000000
core   0: 0x0000000080005850 (0xe20f88d3) fmv.x.d a7, ft11
core   0: 1 0x0000000080005850 (0xe20f88d3) x17 0x0000000000000000
core   0: 0x0000000080005854 (0x22189bd3) fsgnjn.d fs7, fa7, ft1
core   0: 1 0x0000000080005854 (0x22189bd3) f23 0xc257e53dbf6a4000
core   0: 0x0000000080005858 (0x00000001) c.nop
core   0: 1 0x0000000080005858 (0x0001)
core   0: 0x000000008000585a (0xc030f7d3) fcvt.lu.s a5, ft1
core   0: 1 0x000000008000585a (0xc030f7d3) c1_fflags 0x0000000000000017 x15 0xffffffffffffffff
core   0: 0x000000008000585e (0x13dbfa53) fmul.d  fs4, fs7, ft9
core   0: 1 0x000000008000585e (0x13dbfa53) f20 0x7ff8000000000000
core   0: 0x0000000080005862 (0xc20df4d3) fcvt.w.d s1, fs11
core   0: 1 0x0000000080005862 (0xc20df4d3) c1_fflags 0x0000000000000017 x9  0x000000007fffffff
core   0: 0x0000000080005866 (0xa3df75c3) fmadd.d fa1, ft10, ft9, fs4
core   0: 1 0x0000000080005866 (0xa3df75c3) f11 0x7ff8000000000000
core   0: 0x000000008000586a (0xd020fc53) fcvt.s.l fs8, ra
core   0: 1 0x000000008000586a (0xd020fc53) f24 0xffffffff00000000
core   0: 0x000000008000586e (0x0017d99b) srliw   s3, a5, 1
core   0: 1 0x000000008000586e (0x0017d99b) x19 0x000000007fffffff
core   0: 0x0000000080005872 (0x401ef8d3) fcvt.s.d fa7, ft9
core   0: 1 0x0000000080005872 (0x401ef8d3) f17 0xffffffff7fc00000
core   0: 0x0000000080005876 (0x0004d013) srli    zero, s1, 0
core   0: 1 0x0000000080005876 (0x0004d013)
core   0: 0x000000008000587a (0x0021113b) sllw    sp, sp, sp
core   0: 1 0x000000008000587a (0x0021113b) x2  0xfffffffffff98440
core   0: 0x000000008000587e (0x0008f593) andi    a1, a7, 0
core   0: 1 0x000000008000587e (0x0008f593) x11 0x0000000000000000
core   0: 0x0000000080005882 (0xd2108353) fcvt.d.wu ft6, ra
core   0: 1 0x0000000080005882 (0xd2108353) f6  0x0000000000000000
core   0: 0x0000000080005886 (0x40ca0b33) sub     s6, s4, a2
core   0: 1 0x0000000080005886 (0x40ca0b33) x22 0xffffffffe9edfb52
core   0: 0x000000008000588a (0x2ae713d3) fmax.d  ft7, fa4, fa4
core   0: 1 0x000000008000588a (0x2ae713d3) f7  0x0000000000000000
core   0: 0x000000008000588e (0x004a1dbb) sllw    s11, s4, tp
core   0: 1 0x000000008000588e (0x004a1dbb) x27 0xffffffffa4000000
core   0: 0x0000000080005892 (0x03bc65b3) rem     a1, s8, s11
core   0: 1 0x0000000080005892 (0x03bc65b3) x11 0x0000000024006088
core   0: 0x0000000080005896 (0x23e49fd3) fsgnjn.d ft11, fs1, ft10
core   0: 1 0x0000000080005896 (0x23e49fd3) f31 0xfff8000000000000
core   0: 0x000000008000589a (0x01a85413) srli    s0, a6, 26
core   0: 1 0x000000008000589a (0x01a85413) x8  0x0000003fffffffe3
core   0: 0x000000008000589e (0x002612f3) csrrw   t0, frm, a2
core   0: 1 0x000000008000589e (0x002612f3) x5  0x0000000000000000 c2_frm 0x0000000000000000
core   0: 0x00000000800058a2 (0x80034d93) xori    s11, t1, -2048
core   0: 1 0x00000000800058a2 (0x80034d93) x27 0xfffffffffffff491
core   0: 0x00000000800058a6 (0x010de6b3) or      a3, s11, a6
core   0: 1 0x00000000800058a6 (0x010de6b3) x13 0xfffffffffffff491
core   0: 0x00000000800058aa (0xa3ec8853) fle.d   a6, fs9, ft10
core   0: 1 0x00000000800058aa (0xa3ec8853) c1_fflags 0x0000000000000017 x16 0x0000000000000000
core   0: 0x00000000800058ae (0x2b590b53) fmin.d  fs6, fs2, fs5
core   0: 1 0x00000000800058ae (0x2b590b53) f22 0xc1dca33000000000
core   0: 0x00000000800058b2 (0x415dda13) srai    s4, s11, 21
core   0: 1 0x00000000800058b2 (0x415dda13) x20 0xffffffffffffffff
core   0: 0x00000000800058b6 (0x010a14b3) sll     s1, s4, a6
core   0: 1 0x00000000800058b6 (0x010a14b3) x9  0xffffffffffffffff
core   0: 0x00000000800058ba (0x000eda13) srli    s4, t4, 0
core   0: 1 0x00000000800058ba (0x000eda13) x20 0xffffffffffffffff
core   0: 0x00000000800058be (0xd20e00d3) fcvt.d.w ft1, t3
core   0: 1 0x00000000800058be (0xd20e00d3) f1  0x0000000000000000
core   0: 0x00000000800058c2 (0x00f7d19b) srliw   gp, a5, 15
core   0: 1 0x00000000800058c2 (0x00f7d19b) x3  0x000000000001ffff
core   0: 0x00000000800058c6 (0xabaafdc7) fmsub.d fs11, fs5, fs10, fs5
core   0: 1 0x00000000800058c6 (0xabaafdc7) f27 0x41dca33000000000
core   0: 0x00000000800058ca (0xa3a40453) fle.d   s0, fs0, fs10
core   0: 1 0x00000000800058ca (0xa3a40453) c1_fflags 0x0000000000000017 x8  0x0000000000000000
core   0: 0x00000000800058ce (0x5a01fcd3) fsqrt.d fs9, ft3
core   0: 1 0x00000000800058ce (0x5a01fcd3) f25 0x0000000000000000
core   0: 0x00000000800058d2 (0x4353d893) srai    a7, t2, 53
core   0: 1 0x00000000800058d2 (0x4353d893) x17 0x0000000000000000
core   0: 0x00000000800058d6 (0xc21d7353) fcvt.wu.d t1, fs10
core   0: 1 0x00000000800058d6 (0xc21d7353) x6  0x0000000000000000
core   0: 0x00000000800058da (0x0a60f0cb) fnmsub.d ft1, ft1, ft6, ft1
core   0: 1 0x00000000800058da (0x0a60f0cb) f1  0x0000000000000000
core   0: 0x00000000800058de (0xb8e68c9b) addiw   s9, a3, -1138
core   0: 1 0x00000000800058de (0xb8e68c9b) x25 0xfffffffffffff01f
core   0: 0x00000000800058e2 (0xc020f253) fcvt.l.s tp, ft1
core   0: 1 0x00000000800058e2 (0xc020f253) c1_fflags 0x0000000000000017 x4  0x7fffffffffffffff
core   0: 0x00000000800058e6 (0x01081a1b) slliw   s4, a6, 16
core   0: 1 0x00000000800058e6 (0x01081a1b) x20 0x0000000000000000
core   0: 0x00000000800058ea (0x00fbc533) xor     a0, s7, a5
core   0: 1 0x00000000800058ea (0x00fbc533) x10 0xffffffffffffffff
core   0: 0x00000000800058ee (0x0ff0000f) fence   iorw,iorw
core   0: 1 0x00000000800058ee (0x0ff0000f)
core   0: 0x00000000800058f2 (0x0045f2b3) and     t0, a1, tp
core   0: 1 0x00000000800058f2 (0x0045f2b3) x5  0x0000000024006088
core   0: 0x00000000800058f6 (0x03ad01bb) mulw    gp, s10, s10
core   0: 1 0x00000000800058f6 (0x03ad01bb) x3  0x0000000000000000
core   0: 0x00000000800058fa (0x0000103b) sllw    zero, zero, zero
core   0: 1 0x00000000800058fa (0x0000103b)
core   0: 0x00000000800058fe (0x03d3debb) divuw   t4, t2, t4
core   0: 1 0x00000000800058fe (0x03d3debb) x29 0x0000000000000000
core   0: 0x0000000080005902 (0x44847293) andi    t0, s0, 1096
core   0: 1 0x0000000080005902 (0x44847293) x5  0x0000000000000000
core   0: 0x0000000080005906 (0x40860cb3) sub     s9, a2, s0
core   0: 1 0x0000000080005906 (0x40860cb3) x25 0x0000000000000000
core   0: 0x000000008000590a (0xb02017f3) csrrw   a5, minstret, zero
core   0: exception trap_illegal_instruction, epc 0x000000008000590a
core   0:           tval 0x00000000b02017f3
core   0: >>>>  $xrv64i2p1_m2p0_a2p1_f2p2_d2p2_zicsr2p0_zifencei2p0_zmmul1p0_zba1p0_zbb1p0_zbc1p0_zbs1p0
core   0: 0x0000000080004000 (0x0080006f) j       pc + 0x8
core   0: 3 0x0000000080004000 (0x0080006f)
core   0: >>>>  mmode_exception_handler
core   0: 0x0000000080004008 (0x00002c17) auipc   s8, 0x2
core   0: 3 0x0000000080004008 (0x00002c17) x24 0x0000000080006008
core   0: 0x000000008000400c (0x080c0c13) addi    s8, s8, 128
core   0: 3 0x000000008000400c (0x080c0c13) x24 0x0000000080006088
core   0: 0x0000000080004010 (0x000c00e7) jalr    s8
core   0: 3 0x0000000080004010 (0x000c00e7) x1  0x0000000080004014
core   0: >>>>  any_handler
core   0: 0x0000000080006088 (0x341027f3) csrrs   a5, mepc, zero
core   0: 3 0x0000000080006088 (0x341027f3) x15 0x000000008000590a
core   0: 0x000000008000608c (0x34202773) csrrs   a4, mcause, zero
core   0: 3 0x000000008000608c (0x34202773) x14 0x0000000000000002
core   0: 0x0000000080006090 (0x142026f3) csrrs   a3, scause, zero
core   0: 3 0x0000000080006090 (0x142026f3) x13 0x0000000000000000
core   0: 0x0000000080006094 (0x30402673) csrrs   a2, mie, zero
core   0: 3 0x0000000080006094 (0x30402673) x12 0x0000000000000a00
core   0: 0x0000000080006098 (0x344025f3) csrrs   a1, mip, zero
core   0: 3 0x0000000080006098 (0x344025f3) x11 0x0000000000000080
core   0: 0x000000008000609c (0x343025f3) csrrs   a1, mtval, zero
core   0: 3 0x000000008000609c (0x343025f3) x11 0x00000000b02017f3
core   0: 0x00000000800060a0 (0x14302573) csrrs   a0, stval, zero
core   0: 3 0x00000000800060a0 (0x14302573) x10 0x000000000000000b
core   0: 0x00000000800060a4 (0xb02024f3) csrrs   s1, minstret, zero
core   0: 3 0x00000000800060a4 (0xb02024f3) x9  0x000000000000103f
core   0: 0x00000000800060a8 (0x0000a811) c.j     pc + 20
core   0: 3 0x00000000800060a8 (0xa811)
core   0: >>>>  mepc_4
core   0: 0x00000000800060bc (0x00000791) c.addi  a5, 4
core   0: 3 0x00000000800060bc (0x0791) x15 0x000000008000590e
core   0: 0x00000000800060be (0x34179073) csrrw   zero, mepc, a5
core   0: 3 0x00000000800060be (0x34179073) c833_mepc 0x000000008000590e
core   0: 0x00000000800060c2 (0x30200073) mret
core   0: 3 0x00000000800060c2 (0x30200073) c768_mstatus 0x8000000a00106080
core   0: 0x000000008000590e (0x3f0dfa93) andi    s5, s11, 1008
core   0: 1 0x000000008000590e (0x3f0dfa93) x21 0x0000000000000090
core   0: 0x0000000080005912 (0xd23df853) fcvt.d.lu fa6, s11
core   0: 1 0x0000000080005912 (0xd23df853) c1_fflags 0x0000000000000017 f16 0x43efffffffffffff
core   0: 0x0000000080005916 (0xc03774d3) fcvt.lu.s s1, fa4
core   0: 1 0x0000000080005916 (0xc03774d3) c1_fflags 0x0000000000000017 x9  0xffffffffffffffff
core   0: 0x000000008000591a (0x23188f53) fsgnj.d ft10, fa7, fa7
core   0: 1 0x000000008000591a (0x23188f53) f30 0xffffffff7fc00000
core   0: 0x000000008000591e (0x0017821b) addiw   tp, a5, 1
core   0: 1 0x000000008000591e (0x0017821b) x4  0xffffffff8000590f
core   0: 0x0000000080005922 (0x0382c2b3) div     t0, t0, s8
core   0: 1 0x0000000080005922 (0x0382c2b3) x5  0x0000000000000000
core   0: 0x0000000080005926 (0x40e4d7bb) sraw    a5, s1, a4
core   0: 1 0x0000000080005926 (0x40e4d7bb) x15 0xffffffffffffffff
core   0: 0x000000008000592a (0x407cd213) srai    tp, s9, 7
core   0: 1 0x000000008000592a (0x407cd213) x4  0x0000000000000000
core   0: 0x000000008000592e (0xc03ca273) csrrs   tp, hpmcounter3, s9
core   0: exception trap_illegal_instruction, epc 0x000000008000592e
core   0:           tval 0x00000000c03ca273
core   0: >>>>  $xrv64i2p1_m2p0_a2p1_f2p2_d2p2_zicsr2p0_zifencei2p0_zmmul1p0_zba1p0_zbb1p0_zbc1p0_zbs1p0
core   0: 0x0000000080004000 (0x0080006f) j       pc + 0x8
core   0: 3 0x0000000080004000 (0x0080006f)
core   0: >>>>  mmode_exception_handler
core   0: 0x0000000080004008 (0x00002c17) auipc   s8, 0x2
core   0: 3 0x0000000080004008 (0x00002c17) x24 0x0000000080006008
core   0: 0x000000008000400c (0x080c0c13) addi    s8, s8, 128
core   0: 3 0x000000008000400c (0x080c0c13) x24 0x0000000080006088
core   0: 0x0000000080004010 (0x000c00e7) jalr    s8
core   0: 3 0x0000000080004010 (0x000c00e7) x1  0x0000000080004014
core   0: >>>>  any_handler
core   0: 0x0000000080006088 (0x341027f3) csrrs   a5, mepc, zero
core   0: 3 0x0000000080006088 (0x341027f3) x15 0x000000008000592e
core   0: 0x000000008000608c (0x34202773) csrrs   a4, mcause, zero
core   0: 3 0x000000008000608c (0x34202773) x14 0x0000000000000002
core   0: 0x0000000080006090 (0x142026f3) csrrs   a3, scause, zero
core   0: 3 0x0000000080006090 (0x142026f3) x13 0x0000000000000000
core   0: 0x0000000080006094 (0x30402673) csrrs   a2, mie, zero
core   0: 3 0x0000000080006094 (0x30402673) x12 0x0000000000000a00
core   0: 0x0000000080006098 (0x344025f3) csrrs   a1, mip, zero
core   0: 3 0x0000000080006098 (0x344025f3) x11 0x0000000000000080
core   0: 0x000000008000609c (0x343025f3) csrrs   a1, mtval, zero
core   0: 3 0x000000008000609c (0x343025f3) x11 0x00000000c03ca273
core   0: 0x00000000800060a0 (0x14302573) csrrs   a0, stval, zero
core   0: 3 0x00000000800060a0 (0x14302573) x10 0x000000000000000b
core   0: 0x00000000800060a4 (0xb02024f3) csrrs   s1, minstret, zero
core   0: 3 0x00000000800060a4 (0xb02024f3) x9  0x0000000000001057
core   0: 0x00000000800060a8 (0x0000a811) c.j     pc + 20
core   0: 3 0x00000000800060a8 (0xa811)
core   0: >>>>  mepc_4
core   0: 0x00000000800060bc (0x00000791) c.addi  a5, 4
core   0: 3 0x00000000800060bc (0x0791) x15 0x0000000080005932
core   0: 0x00000000800060be (0x34179073) csrrw   zero, mepc, a5
core   0: 3 0x00000000800060be (0x34179073) c833_mepc 0x0000000080005932
core   0: 0x00000000800060c2 (0x30200073) mret
core   0: 3 0x00000000800060c2 (0x30200073) c768_mstatus 0x8000000a00106080
core   0: 0x0000000080005932 (0x001715f3) csrrw   a1, fflags, a4
core   0: 1 0x0000000080005932 (0x001715f3) x11 0x0000000000000017 c1_fflags 0x0000000000000002
core   0: 0x0000000080005936 (0x404b5dbb) sraw    s11, s6, tp
core   0: 1 0x0000000080005936 (0x404b5dbb) x27 0xffffffffe9edfb52
core   0: 0x000000008000593a (0x72918713) addi    a4, gp, 1833
core   0: 1 0x000000008000593a (0x72918713) x14 0x0000000000000729
core   0: 0x000000008000593e (0x00008411) c.srai  s0, 4
core   0: 1 0x000000008000593e (0x8411) x8  0x0000000000000000
core   0: 0x0000000080005940 (0x01de89bb) addw    s3, t4, t4
core   0: 1 0x0000000080005940 (0x01de89bb) x19 0x0000000000000000
core   0: 0x0000000080005944 (0x2bc21253) fmax.d  ft4, ft4, ft8
core   0: 1 0x0000000080005944 (0x2bc21253) f4  0x7ff8000000000000
core   0: 0x0000000080005948 (0x85cc2537) lui     a0, 0x85cc2
core   0: 1 0x0000000080005948 (0x85cc2537) x10 0xffffffff85cc2000
core   0: 0x000000008000594c (0xa763869b) addiw   a3, t2, -1418
core   0: 1 0x000000008000594c (0xa763869b) x13 0xfffffffffffffa76
core   0: 0x0000000080005950 (0xa3118753) fle.d   a4, ft3, fa7
core   0: 1 0x0000000080005950 (0xa3118753) c1_fflags 0x0000000000000012 x14 0x0000000000000000
core   0: 0x0000000080005954 (0x001a93b3) sll     t2, s5, ra
core   0: 1 0x0000000080005954 (0x001a93b3) x7  0x0000000009000000
core   0: 0x0000000080005958 (0xd3b8fdc3) fmadd.d fs11, fa7, fs11, fs10
core   0: 1 0x0000000080005958 (0xd3b8fdc3) f27 0x7ff8000000000000
core   0: 0x000000008000595c (0x23a99153) fsgnjn.d ft2, fs3, fs10
core   0: 1 0x000000008000595c (0x23a99153) f2  0xffffffff5f800000
core   0: 0x0000000080005960 (0x4493f413) andi    s0, t2, 1097
core   0: 1 0x0000000080005960 (0x4493f413) x8  0x0000000000000000
core   0: 0x0000000080005964 (0x028c1c33) mulh    s8, s8, s0
core   0: 1 0x0000000080005964 (0x028c1c33) x24 0x0000000000000000
core   0: 0x0000000080005968 (0x4013d0bb) sraw    ra, t2, ra
core   0: 1 0x0000000080005968 (0x4013d0bb) x1  0x0000000000000090
core   0: 0x000000008000596c (0x03def453) fadd.d  fs0, ft9, ft9
core   0: 1 0x000000008000596c (0x03def453) f8  0x7ff8000000000000
core   0: 0x0000000080005970 (0x7ff3c693) xori    a3, t2, 2047
core   0: 1 0x0000000080005970 (0x7ff3c693) x13 0x00000000090007ff
core   0: 0x0000000080005974 (0xa2280253) fle.d   tp, fa6, ft2
core   0: 1 0x0000000080005974 (0xa2280253) c1_fflags 0x0000000000000012 x4  0x0000000000000000
core   0: 0x0000000080005978 (0x03fd72cf) fnmadd.d ft5, fs10, ft11, ft0
core   0: 1 0x0000000080005978 (0x03fd72cf) f5  0x7ff8000000000000
core   0: 0x000000008000597c (0xffdfdeb7) lui     t4, 0xffdfd
core   0: 1 0x000000008000597c (0xffdfdeb7) x29 0xffffffffffdfd000
core   0: 0x0000000080005980 (0xc93e8e9b) addiw   t4, t4, -877
core   0: 1 0x0000000080005980 (0xc93e8e9b) x29 0xffffffffffdfcc93
core   0: 0x0000000080005984 (0x00000ebe) c.slli  t4, 15
core   0: 1 0x0000000080005984 (0x0ebe) x29 0xffffffefe6498000
core   0: 0x0000000080005986 (0x990e8e93) addi    t4, t4, -1648
core   0: 1 0x0000000080005986 (0x990e8e93) x29 0xffffffefe6497990
core   0: 0x000000008000598a (0x2b330153) fmin.d  ft2, ft6, fs3
core   0: 1 0x000000008000598a (0x2b330153) f2  0x0000000000000000
core   0: 0x000000008000598e (0x0ff0000f) fence   iorw,iorw
core   0: 1 0x000000008000598e (0x0ff0000f)
core   0: 0x0000000080005992 (0x0016dd9b) srliw   s11, a3, 1
core   0: 1 0x0000000080005992 (0x0016dd9b) x27 0x00000000048003ff
core   0: 0x0000000080005996 (0x5a0dfdd3) fsqrt.d fs11, fs11
core   0: 1 0x0000000080005996 (0x5a0dfdd3) f27 0x7ff8000000000000
core   0: 0x000000008000599a (0x7ffce993) ori     s3, s9, 2047
core   0: 1 0x000000008000599a (0x7ffce993) x19 0x00000000000007ff
core   0: 0x000000008000599e (0xc22ff753) fcvt.l.d a4, ft11
core   0: 1 0x000000008000599e (0xc22ff753) c1_fflags 0x0000000000000012 x14 0x7fffffffffffffff
core   0: 0x00000000800059a2 (0x5e770e1b) addiw   t3, a4, 1511
core   0: 1 0x00000000800059a2 (0x5e770e1b) x28 0x00000000000005e6
core   0: 0x00000000800059a6 (0x00219af3) csrrw   s5, frm, gp
core   0: 1 0x00000000800059a6 (0x00219af3) x21 0x0000000000000000 c2_frm 0x0000000000000000
core   0: 0x00000000800059aa (0x037bcbbb) divw    s7, s7, s7
core   0: 1 0x00000000800059aa (0x037bcbbb) x23 0xffffffffffffffff
core   0: 0x00000000800059ae (0x4060d0b3) sra     ra, ra, t1
core   0: 1 0x00000000800059ae (0x4060d0b3) x1  0x0000000000000090
core   0: 0x00000000800059b2 (0x2b118553) fmin.d  fa0, ft3, fa7
core   0: 1 0x00000000800059b2 (0x2b118553) f10 0x0000000000000000
core   0: 0x00000000800059b6 (0x23b988d3) fsgnj.d fa7, fs3, fs11
core   0: 1 0x00000000800059b6 (0x23b988d3) f17 0x7fffffff5f800000
core   0: 0x00000000800059ba (0x00109413) slli    s0, ra, 1
core   0: 1 0x00000000800059ba (0x00109413) x8  0x0000000000000120
core   0: 0x00000000800059be (0x2298a4d3) fsgnjx.d fs1, fa7, fs1
core   0: 1 0x00000000800059be (0x2298a4d3) f9  0x7fffffff5f800000
core   0: 0x00000000800059c2 (0xd21a8dd3) fcvt.d.wu fs11, s5
core   0: 1 0x00000000800059c2 (0xd21a8dd3) f27 0x0000000000000000
core   0: 0x00000000800059c6 (0x011360b3) or      ra, t1, a7
core   0: 1 0x00000000800059c6 (0x011360b3) x1  0x0000000000000000
core   0: 0x00000000800059ca (0x7ff97693) andi    a3, s2, 2047
core   0: 1 0x00000000800059ca (0x7ff97693) x13 0x00000000000005a9
core   0: 0x00000000800059ce (0x02fdf8d3) fadd.d  fa7, fs11, fa5
core   0: 1 0x00000000800059ce (0x02fdf8d3) f17 0x43effffffff68755
core   0: 0x00000000800059d2 (0x4007db9b) sraiw   s7, a5, 0
core   0: 1 0x00000000800059d2 (0x4007db9b) x23 0xffffffff80005932
core   0: 0x00000000800059d6 (0x41fbd99b) sraiw   s3, s7, 31
core   0: 1 0x00000000800059d6 (0x41fbd99b) x19 0xffffffffffffffff
core   0: 0x00000000800059da (0xc222f5d3) fcvt.l.d a1, ft5
core   0: 1 0x00000000800059da (0xc222f5d3) c1_fflags 0x0000000000000012 x11 0x7fffffffffffffff
core   0: 0x00000000800059de (0x406c509b) sraiw   ra, s8, 6
core   0: 1 0x00000000800059de (0x406c509b) x1  0x0000000000000000
core   0: 0x00000000800059e2 (0x00a8519b) srliw   gp, a6, 10
core   0: 1 0x00000000800059e2 (0x00a8519b) x3  0x0000000000000000
core   0: 0x00000000800059e6 (0x31003af3) csrrc   s5, mstatush, zero
core   0: exception trap_illegal_instruction, epc 0x00000000800059e6
core   0:           tval 0x0000000031003af3
core   0: >>>>  $xrv64i2p1_m2p0_a2p1_f2p2_d2p2_zicsr2p0_zifencei2p0_zmmul1p0_zba1p0_zbb1p0_zbc1p0_zbs1p0
core   0: 0x0000000080004000 (0x0080006f) j       pc + 0x8
core   0: 3 0x0000000080004000 (0x0080006f)
core   0: >>>>  mmode_exception_handler
core   0: 0x0000000080004008 (0x00002c17) auipc   s8, 0x2
core   0: 3 0x0000000080004008 (0x00002c17) x24 0x0000000080006008
core   0: 0x000000008000400c (0x080c0c13) addi    s8, s8, 128
core   0: 3 0x000000008000400c (0x080c0c13) x24 0x0000000080006088
core   0: 0x0000000080004010 (0x000c00e7) jalr    s8
core   0: 3 0x0000000080004010 (0x000c00e7) x1  0x0000000080004014
core   0: >>>>  any_handler
core   0: 0x0000000080006088 (0x341027f3) csrrs   a5, mepc, zero
core   0: 3 0x0000000080006088 (0x341027f3) x15 0x00000000800059e6
core   0: 0x000000008000608c (0x34202773) csrrs   a4, mcause, zero
core   0: 3 0x000000008000608c (0x34202773) x14 0x0000000000000002
core   0: 0x0000000080006090 (0x142026f3) csrrs   a3, scause, zero
core   0: 3 0x0000000080006090 (0x142026f3) x13 0x0000000000000000
core   0: 0x0000000080006094 (0x30402673) csrrs   a2, mie, zero
core   0: 3 0x0000000080006094 (0x30402673) x12 0x0000000000000a00
core   0: 0x0000000080006098 (0x344025f3) csrrs   a1, mip, zero
core   0: 3 0x0000000080006098 (0x344025f3) x11 0x0000000000000080
core   0: 0x000000008000609c (0x343025f3) csrrs   a1, mtval, zero
core   0: 3 0x000000008000609c (0x343025f3) x11 0x0000000031003af3
core   0: 0x00000000800060a0 (0x14302573) csrrs   a0, stval, zero
core   0: 3 0x00000000800060a0 (0x14302573) x10 0x000000000000000b
core   0: 0x00000000800060a4 (0xb02024f3) csrrs   s1, minstret, zero
core   0: 3 0x00000000800060a4 (0xb02024f3) x9  0x0000000000001095
core   0: 0x00000000800060a8 (0x0000a811) c.j     pc + 20
core   0: 3 0x00000000800060a8 (0xa811)
core   0: >>>>  mepc_4
core   0: 0x00000000800060bc (0x00000791) c.addi  a5, 4
core   0: 3 0x00000000800060bc (0x0791) x15 0x00000000800059ea
core   0: 0x00000000800060be (0x34179073) csrrw   zero, mepc, a5
core   0: 3 0x00000000800060be (0x34179073) c833_mepc 0x00000000800059ea
core   0: 0x00000000800060c2 (0x30200073) mret
core   0: 3 0x00000000800060c2 (0x30200073) c768_mstatus 0x8000000a00106080
core   0: 0x00000000800059ea (0x0004979b) slliw   a5, s1, 0
core   0: 1 0x00000000800059ea (0x0004979b) x15 0x0000000000001095
core   0: 0x00000000800059ee (0x01deaeb3) slt     t4, t4, t4
core   0: 1 0x00000000800059ee (0x01deaeb3) x29 0x0000000000000000
core   0: 0x00000000800059f2 (0x816cfab7) lui     s5, 0x816cf
core   0: 1 0x00000000800059f2 (0x816cfab7) x21 0xffffffff816cf000
core   0: 0x00000000800059f6 (0x0102d2b3) srl     t0, t0, a6
core   0: 1 0x00000000800059f6 (0x0102d2b3) x5  0x0000000000000000
core   0: 0x00000000800059fa (0x00dd803b) addw    zero, s11, a3
core   0: 1 0x00000000800059fa (0x00dd803b)
core   0: 0x00000000800059fe (0x03f05a13) srli    s4, zero, 63
core   0: 1 0x00000000800059fe (0x03f05a13) x20 0x0000000000000000
core   0: 0x0000000080005a02 (0xd23271d3) fcvt.d.lu ft3, tp
core   0: 1 0x0000000080005a02 (0xd23271d3) f3  0x0000000000000000
core   0: 0x0000000080005a06 (0x02a0d93b) divuw   s2, ra, a0
core   0: 1 0x0000000080005a06 (0x02a0d93b) x18 0x000000000ba2ee8d
core   0: 0x0000000080005a0a (0x1af5754b) fnmsub.d fa0, fa0, fa5, ft3
core   0: 1 0x0000000080005a0a (0x1af5754b) f10 0x0000000000000000
core   0: 0x0000000080005a0e (0x1deb0437) lui     s0, 0x1deb0
core   0: 1 0x0000000080005a0e (0x1deb0437) x8  0x000000001deb0000
core   0: 0x0000000080005a12 (0x03981a93) slli    s5, a6, 57
core   0: 1 0x0000000080005a12 (0x03981a93) x21 0x0000000000000000
core   0: 0x0000000080005a16 (0x034a64bb) remw    s1, s4, s4
core   0: 1 0x0000000080005a16 (0x034a64bb) x9  0x0000000000000000
core   0: 0x0000000080005a1a (0x0841c217) auipc   tp, 0x841c
core   0: 1 0x0000000080005a1a (0x0841c217) x4  0x0000000088421a1a
core   0: 0x0000000080005a1e (0x027390b3) mulh    ra, t2, t2
core   0: 1 0x0000000080005a1e (0x027390b3) x1  0x0000000000000000
core   0: 0x0000000080005a22 (0x0a057ad3) fsub.d  fs5, fa0, ft0
core   0: 1 0x0000000080005a22 (0x0a057ad3) f21 0x7ff8000000000000
core   0: 0x0000000080005a26 (0x00261673) csrrw   a2, frm, a2
core   0: 1 0x0000000080005a26 (0x00261673) x12 0x0000000000000000 c2_frm 0x0000000000000000
core   0: 0x0000000080005a2a (0xd21601d3) fcvt.d.wu ft3, a2
core   0: 1 0x0000000080005a2a (0xd21601d3) f3  0x0000000000000000
core   0: 0x0000000080005a2e (0x8006e713) ori     a4, a3, -2048
core   0: 1 0x0000000080005a2e (0x8006e713) x14 0xfffffffffffff800
core   0: 0x0000000080005a32 (0xf20e8153) fmv.d.x ft2, t4
core   0: 1 0x0000000080005a32 (0xf20e8153) f2  0x0000000000000000
core   0: 0x0000000080005a36 (0x00e1e133) or      sp, gp, a4
core   0: 1 0x0000000080005a36 (0x00e1e133) x2  0xfffffffffffff800
core   0: 0x0000000080005a3a (0x07978813) addi    a6, a5, 121
core   0: 1 0x0000000080005a3a (0x07978813) x16 0x000000000000110e
core   0: 0x0000000080005a3e (0x22f601d3) fsgnj.d ft3, fa2, fa5
core   0: 1 0x0000000080005a3e (0x22f601d3) f3  0x41ca1d5339800000
core   0: 0x0000000080005a42 (0x41648a3b) subw    s4, s1, s6
core   0: 1 0x0000000080005a42 (0x41648a3b) x20 0x00000000161204ae
core   0: 0x0000000080005a46 (0x015b561b) srliw   a2, s6, 21
core   0: 1 0x0000000080005a46 (0x015b561b) x12 0x000000000000074f
core   0: 0x0000000080005a4a (0x03b6fcb3) remu    s9, a3, s11
core   0: 1 0x0000000080005a4a (0x03b6fcb3) x25 0x0000000000000000
core   0: 0x0000000080005a4e (0xd02d7b53) fcvt.s.l fs6, s10
core   0: 1 0x0000000080005a4e (0xd02d7b53) f22 0xffffffff00000000
core   0: 0x0000000080005a52 (0x01dc80b3) add     ra, s9, t4
core   0: 1 0x0000000080005a52 (0x01dc80b3) x1  0x0000000000000000
core   0: 0x0000000080005a56 (0xc03a7653) fcvt.lu.s a2, fs4
core   0: 1 0x0000000080005a56 (0xc03a7653) c1_fflags 0x0000000000000012 x12 0xffffffffffffffff
core   0: 0x0000000080005a5a (0x02c2ab33) mulhsu  s6, t0, a2
core   0: 1 0x0000000080005a5a (0x02c2ab33) x22 0x0000000000000000
core   0: 0x0000000080005a5e (0x0ff0000f) fence   iorw,iorw
core   0: 1 0x0000000080005a5e (0x0ff0000f)
core   0: 0x0000000080005a62 (0xf8078cb7) lui     s9, 0xf8078
core   0: 1 0x0000000080005a62 (0xf8078cb7) x25 0xfffffffff8078000
core   0: 0x0000000080005a66 (0x3a5c8c9b) addiw   s9, s9, 933
core   0: 1 0x0000000080005a66 (0x3a5c8c9b) x25 0xfffffffff80783a5
core   0: 0x0000000080005a6a (0x00000cb2) c.slli  s9, 12
core   0: 1 0x0000000080005a6a (0x0cb2) x25 0xffffff80783a5000
core   0: 0x0000000080005a6c (0x942c8c93) addi    s9, s9, -1726
core   0: 1 0x0000000080005a6c (0x942c8c93) x25 0xffffff80783a4942
core   0: 0x0000000080005a70 (0xb81be7b7) lui     a5, 0xb81be
core   0: 1 0x0000000080005a70 (0xb81be7b7) x15 0xffffffffb81be000
core   0: 0x0000000080005a74 (0xb24df243) fmadd.d ft4, fs11, ft4, fs6
core   0: 1 0x0000000080005a74 (0xb24df243) f4  0x7ff8000000000000
core   0: 0x0000000080005a78 (0x024ca333) mulhsu  t1, s9, tp
core   0: 1 0x0000000080005a78 (0x024ca333) x6  0xffffffffffffffbc
core   0: 0x0000000080005a7c (0xc22ef853) fcvt.l.d a6, ft9
core   0: 1 0x0000000080005a7c (0xc22ef853) c1_fflags 0x0000000000000012 x16 0x7fffffffffffffff
core   0: 0x0000000080005a80 (0x2abd9853) fmax.d  fa6, fs11, fa1
core   0: 1 0x0000000080005a80 (0x2abd9853) f16 0x0000000000000000
core   0: 0x0000000080005a84 (0x4001529b) sraiw   t0, sp, 0
core   0: 1 0x0000000080005a84 (0x4001529b) x5  0xfffffffffffff800
core   0: 0x0000000080005a88 (0x41515b9b) sraiw   s7, sp, 21
core   0: 1 0x0000000080005a88 (0x41515b9b) x23 0xffffffffffffffff
core   0: 0x0000000080005a8c (0xc2317c53) fcvt.lu.d s8, ft2
core   0: 1 0x0000000080005a8c (0xc2317c53) x24 0x0000000000000000
core   0: 0x0000000080005a90 (0x02fe17b3) mulh    a5, t3, a5
core   0: 1 0x0000000080005a90 (0x02fe17b3) x15 0xffffffffffffffff
core   0: 0x0000000080005a94 (0x029869bb) remw    s3, a6, s1
core   0: 1 0x0000000080005a94 (0x029869bb) x19 0xffffffffffffffff
core   0: 0x0000000080005a98 (0x41778433) sub     s0, a5, s7
core   0: 1 0x0000000080005a98 (0x41778433) x8  0x0000000000000000
core   0: 0x0000000080005a9c (0x2b5a9c53) fmax.d  fs8, fs5, fs5
core   0: 1 0x0000000080005a9c (0x2b5a9c53) f24 0x7ff8000000000000
core   0: 0x0000000080005aa0 (0x227da3d3) fsgnjx.d ft7, fs11, ft7
core   0: 1 0x0000000080005aa0 (0x227da3d3) f7  0x0000000000000000
core   0: 0x0000000080005aa4 (0x40f2d6b3) sra     a3, t0, a5
core   0: 1 0x0000000080005aa4 (0x40f2d6b3) x13 0xffffffffffffffff
core   0: 0x0000000080005aa8 (0x402b51b3) sra     gp, s6, sp
core   0: 1 0x0000000080005aa8 (0x402b51b3) x3  0x0000000000000000
core   0: 0x0000000080005aac (0x00000001) c.nop
core   0: 1 0x0000000080005aac (0x0001)
core   0: 0x0000000080005aae (0x021dde93) srli    t4, s11, 33
core   0: 1 0x0000000080005aae (0x021dde93) x29 0x0000000000000000
core   0: 0x0000000080005ab2 (0xc029fd53) fcvt.l.s s10, fs3
core   0: 1 0x0000000080005ab2 (0xc029fd53) c1_fflags 0x0000000000000012 x26 0x7fffffffffffffff
core   0: 0x0000000080005ab6 (0xf2b28613) addi    a2, t0, -213
core   0: 1 0x0000000080005ab6 (0xf2b28613) x12 0xfffffffffffff72b
core   0: 0x0000000080005aba (0x0013d39b) srliw   t2, t2, 1
core   0: 1 0x0000000080005aba (0x0013d39b) x7  0x0000000004800000
core   0: 0x0000000080005abe (0x03053733) mulhu   a4, a0, a6
core   0: 1 0x0000000080005abe (0x03053733) x14 0x0000000000000005
core   0: 0x0000000080005ac2 (0x6a757047) fmsub.d ft0, fa0, ft7, fa3
core   0: 1 0x0000000080005ac2 (0x6a757047) f0  0x7ff8000000000000
core   0: 0x0000000080005ac6 (0x22f888d3) fsgnj.d fa7, fa7, fa5
core   0: 1 0x0000000080005ac6 (0x22f888d3) f17 0x43effffffff68755
core   0: 0x0000000080005aca (0x5a01f053) fsqrt.d ft0, ft3
core   0: 1 0x0000000080005aca (0x5a01f053) c1_fflags 0x0000000000000013 f0  0x40dce86af30cc329
core   0: 0x0000000080005ace (0x1ac77653) fdiv.d  fa2, fa4, fa2
core   0: 1 0x0000000080005ace (0x1ac77653) f12 0x0000000000000000
core   0: 0x0000000080005ad2 (0x0187569b) srliw   a3, a4, 24
core   0: 1 0x0000000080005ad2 (0x0187569b) x13 0x0000000000000000
core   0: 0x0000000080005ad6 (0xd226fc53) fcvt.d.l fs8, a3
core   0: 1 0x0000000080005ad6 (0xd226fc53) f24 0x0000000000000000
core   0: 0x0000000080005ada (0x00ae7e33) and     t3, t3, a0
core   0: 1 0x0000000080005ada (0x00ae7e33) x28 0x0000000000000002
core   0: 0x0000000080005ade (0x033a93b3) mulh    t2, s5, s3
core   0: 1 0x0000000080005ade (0x033a93b3) x7  0x0000000000000000
core   0: 0x0000000080005ae2 (0x00149ef3) csrrw   t4, fflags, s1
core   0: 1 0x0000000080005ae2 (0x00149ef3) x29 0x0000000000000013 c1_fflags 0x0000000000000000
core   0: 0x0000000080005ae6 (0xf357d2b7) lui     t0, 0xf357d
core   0: 1 0x0000000080005ae6 (0xf357d2b7) x5  0xfffffffff357d000
core   0: 0x0000000080005aea (0xc2067553) fcvt.w.d a0, fa2
core   0: 1 0x0000000080005aea (0xc2067553) x10 0x0000000000000000
core   0: 0x0000000080005aee (0x034b463b) divw    a2, s6, s4
core   0: 1 0x0000000080005aee (0x034b463b) x12 0x0000000000000000
core   0: 0x0000000080005af2 (0x02ccf9cb) fnmsub.d fs3, fs9, fa2, ft0
core   0: 1 0x0000000080005af2 (0x02ccf9cb) f19 0x40dce86af30cc329
core   0: 0x0000000080005af6 (0xf2090a53) fmv.d.x fs4, s2
core   0: 1 0x0000000080005af6 (0xf2090a53) f20 0x000000000ba2ee8d
core   0: 0x0000000080005afa (0x03a02033) mulhsu  zero, zero, s10
core   0: 1 0x0000000080005afa (0x03a02033)
core   0: 0x0000000080005afe (0x2b771bd3) fmax.d  fs7, fa4, fs7
core   0: 1 0x0000000080005afe (0x2b771bd3) f23 0x0000000000000000
core   0: 0x0000000080005b02 (0x001e9493) slli    s1, t4, 1
core   0: 1 0x0000000080005b02 (0x001e9493) x9  0x0000000000000026
core   0: 0x0000000080005b06 (0x010afab3) and     s5, s5, a6
core   0: 1 0x0000000080005b06 (0x010afab3) x21 0x0000000000000000
core   0: 0x0000000080005b0a (0xc02bf5d3) fcvt.l.s a1, fs7
core   0: 1 0x0000000080005b0a (0xc02bf5d3) c1_fflags 0x0000000000000010 x11 0x7fffffffffffffff
core   0: 0x0000000080005b0e (0xd224f853) fcvt.d.l fa6, s1
core   0: 1 0x0000000080005b0e (0xd224f853) f16 0x4043000000000000
core   0: 0x0000000080005b12 (0x4105d11b) sraiw   sp, a1, 16
core   0: 1 0x0000000080005b12 (0x4105d11b) x2  0xffffffffffffffff
core   0: 0x0000000080005b16 (0x00dadcbb) srlw    s9, s5, a3
core   0: 1 0x0000000080005b16 (0x00dadcbb) x25 0x0000000000000000
core   0: 0x0000000080005b1a (0x00a35433) srl     s0, t1, a0
core   0: 1 0x0000000080005b1a (0x00a35433) x8  0xffffffffffffffbc
core   0: 0x0000000080005b1e (0xb0a46d97) auipc   s11, 0xb0a46
core   0: 1 0x0000000080005b1e (0xb0a46d97) x27 0x0000000030a4bb1e
core   0: 0x0000000080005b22 (0x23c00fd3) fsgnj.d ft11, ft0, ft8
core   0: 1 0x0000000080005b22 (0x23c00fd3) f31 0x40dce86af30cc329
core   0: 0x0000000080005b26 (0xd03cf0d3) fcvt.s.lu ft1, s9
core   0: 1 0x0000000080005b26 (0xd03cf0d3) f1  0xffffffff00000000
core   0: 0x0000000080005b2a (0x40845913) srai    s2, s0, 8
core   0: 1 0x0000000080005b2a (0x40845913) x18 0xffffffffffffffff
core   0: 0x0000000080005b2e (0xc229f3d3) fcvt.l.d t2, fs3
core   0: 1 0x0000000080005b2e (0xc229f3d3) c1_fflags 0x0000000000000011 x7  0x00000000000073a2
core   0: 0x0000000080005b32 (0x0ff0000f) fence   iorw,iorw
core   0: 1 0x0000000080005b32 (0x0ff0000f)
core   0: 0x0000000080005b36 (0x40ea8abb) subw    s5, s5, a4
core   0: 1 0x0000000080005b36 (0x40ea8abb) x21 0xfffffffffffffffb
core   0: 0x0000000080005b3a (0x0181581b) srliw   a6, sp, 24
core   0: 1 0x0000000080005b3a (0x0181581b) x16 0x00000000000000ff
core   0: 0x0000000080005b3e (0x021bd493) srli    s1, s7, 33
core   0: 1 0x0000000080005b3e (0x021bd493) x9  0x000000007fffffff
core   0: 0x0000000080005b42 (0x00a84633) xor     a2, a6, a0
core   0: 1 0x0000000080005b42 (0x00a84633) x12 0x00000000000000ff
core   0: 0x0000000080005b46 (0x00a09c3b) sllw    s8, ra, a0
core   0: 1 0x0000000080005b46 (0x00a09c3b) x24 0x0000000000000000
core   0: 0x0000000080005b4a (0x2d858a97) auipc   s5, 0x2d858
core   0: 1 0x0000000080005b4a (0x2d858a97) x21 0x00000000ad85db4a
core   0: 0x0000000080005b4e (0x033dc6b3) div     a3, s11, s3
core   0: 1 0x0000000080005b4e (0x033dc6b3) x13 0xffffffffcf5b44e2
core   0: 0x0000000080005b52 (0xd21d8853) fcvt.d.wu fa6, s11
core   0: 1 0x0000000080005b52 (0xd21d8853) f16 0x41c8525d8f000000
core   0: 0x0000000080005b56 (0xb3db3617) auipc   a2, 0xb3db3
core   0: 1 0x0000000080005b56 (0xb3db3617) x12 0x0000000033db8b56
core   0: 0x0000000080005b5a (0xd07a8b9b) addiw   s7, s5, -761
core   0: 1 0x0000000080005b5a (0xd07a8b9b) x23 0xffffffffad85d851
core   0: 0x0000000080005b5e (0x02dbe6bb) remw    a3, s7, a3
core   0: 1 0x0000000080005b5e (0x02dbe6bb) x13 0xffffffffde2a936f
core   0: 0x0000000080005b62 (0xa22802d3) fle.d   t0, fa6, ft2
core   0: 1 0x0000000080005b62 (0xa22802d3) x5  0x0000000000000000
core   0: 0x0000000080005b66 (0xc239fb53) fcvt.lu.d s6, fs3
core   0: 1 0x0000000080005b66 (0xc239fb53) c1_fflags 0x0000000000000011 x22 0x00000000000073a2
core   0: 0x0000000080005b6a (0x402e513b) sraw    sp, t3, sp
core   0: 1 0x0000000080005b6a (0x402e513b) x2  0x0000000000000000
core   0: 0x0000000080005b6e (0x0000054e) c.slli  a0, 19
core   0: 1 0x0000000080005b6e (0x054e) x10 0x0000000000000000
core   0: 0x0000000080005b70 (0x02a3463b) divw    a2, t1, a0
core   0: 1 0x0000000080005b70 (0x02a3463b) x12 0xffffffffffffffff
core   0: 0x0000000080005b74 (0xa2ee08d3) fle.d   a7, ft8, fa4
core   0: 1 0x0000000080005b74 (0xa2ee08d3) c1_fflags 0x0000000000000011 x17 0x0000000000000000
core   0: 0x0000000080005b78 (0xc2287a53) fcvt.l.d s4, fa6
core   0: 1 0x0000000080005b78 (0xc2287a53) x20 0x0000000030a4bb1e
core   0: 0x0000000080005b7c (0x800e091b) addiw   s2, t3, -2048
core   0: 1 0x0000000080005b7c (0x800e091b) x18 0xfffffffffffff802
core   0: 0x0000000080005b80 (0x011a6133) or      sp, s4, a7
core   0: 1 0x0000000080005b80 (0x011a6133) x2  0x0000000030a4bb1e
core   0: 0x0000000080005b84 (0x4272d393) srai    t2, t0, 39
core   0: 1 0x0000000080005b84 (0x4272d393) x7  0x0000000000000000
core   0: 0x0000000080005b88 (0x400ada93) srai    s5, s5, 0
core   0: 1 0x0000000080005b88 (0x400ada93) x21 0x00000000ad85db4a
core   0: 0x0000000080005b8c (0x02182833) mulhsu  a6, a6, ra
core   0: 1 0x0000000080005b8c (0x02182833) x16 0x0000000000000000
core   0: 0x0000000080005b90 (0xd21280d3) fcvt.d.wu ft1, t0
core   0: 1 0x0000000080005b90 (0xd21280d3) f1  0x0000000000000000
core   0: 0x0000000080005b94 (0x00cd5013) srli    zero, s10, 12
core   0: 1 0x0000000080005b94 (0x00cd5013)
core   0: 0x0000000080005b98 (0x3169f7b7) lui     a5, 0x3169f
core   0: 1 0x0000000080005b98 (0x3169f7b7) x15 0x000000003169f000
core   0: 0x0000000080005b9c (0x105a2cf3) csrrs   s9, stvec, s4
core   0: 1 0x0000000080005b9c (0x105a2cf3) x25 0x0000000000000000 c261_stvec 0x0000000030a4bb1c
core   0: 0x0000000080005ba0 (0x00102673) csrrs   a2, fflags, zero
core   0: 1 0x0000000080005ba0 (0x00102673) x12 0x0000000000000011
core   0: 0x0000000080005ba4 (0x039649bb) divw    s3, a2, s9
core   0: 1 0x0000000080005ba4 (0x039649bb) x19 0xffffffffffffffff
core   0: 0x0000000080005ba8 (0x01b59e9b) slliw   t4, a1, 27
core   0: 1 0x0000000080005ba8 (0x01b59e9b) x29 0xfffffffff8000000
core   0: 0x0000000080005bac (0xe2a1f44b) fnmsub.d fs0, ft3, fa0, ft8
core   0: 1 0x0000000080005bac (0xe2a1f44b) f8  0x7ff8000000000000
core   0: 0x0000000080005bb0 (0x1413ac73) csrrs   s8, sepc, t2
core   0: 1 0x0000000080005bb0 (0x1413ac73) x24 0xffffffff60006088 c321_sepc 0xffffffff60006088
core   0: 0x0000000080005bb4 (0x4086d9bb) sraw    s3, a3, s0
core   0: 1 0x0000000080005bb4 (0x4086d9bb) x19 0xfffffffffffffffd
core   0: 0x0000000080005bb8 (0x03644b3b) divw    s6, s0, s6
core   0: 1 0x0000000080005bb8 (0x03644b3b) x22 0x0000000000000000
core   0: 0x0000000080005bbc (0xc22378d3) fcvt.l.d a7, ft6
core   0: 1 0x0000000080005bbc (0xc22378d3) x17 0x0000000000000000
core   0: 0x0000000080005bc0 (0x020e7753) fadd.d  fa4, ft8, ft0
core   0: 1 0x0000000080005bc0 (0x020e7753) f14 0x7ff8000000000000
core   0: 0x0000000080005bc4 (0x026efeb3) remu    t4, t4, t1
core   0: 1 0x0000000080005bc4 (0x026efeb3) x29 0xfffffffff8000000
core   0: 0x0000000080005bc8 (0x01ac21b3) slt     gp, s8, s10
core   0: 1 0x0000000080005bc8 (0x01ac21b3) x3  0x0000000000000001
core   0: 0x0000000080005bcc (0x4063d39b) sraiw   t2, t2, 6
core   0: 1 0x0000000080005bcc (0x4063d39b) x7  0x0000000000000000
core   0: 0x0000000080005bd0 (0x5a06f253) fsqrt.d ft4, fa3
core   0: 1 0x0000000080005bd0 (0x5a06f253) f4  0x7ff8000000000000
core   0: 0x0000000080005bd4 (0x424cb797) auipc   a5, 0x424cb
core   0: 1 0x0000000080005bd4 (0x424cb797) x15 0x00000000c24d0bd4
core   0: 0x0000000080005bd8 (0xc22bfcd3) fcvt.l.d s9, fs7
core   0: 1 0x0000000080005bd8 (0xc22bfcd3) x25 0x0000000000000000
core   0: 0x0000000080005bdc (0x02cd6eb3) rem     t4, s10, a2
core   0: 1 0x0000000080005bdc (0x02cd6eb3) x29 0x0000000000000008
core   0: 0x0000000080005be0 (0x0ff0000f) fence   iorw,iorw
core   0: 1 0x0000000080005be0 (0x0ff0000f)
core   0: 0x0000000080005be4 (0xfad8fa37) lui     s4, 0xfad8f
core   0: 1 0x0000000080005be4 (0xfad8fa37) x20 0xfffffffffad8f000
core   0: 0x0000000080005be8 (0x2cda0a1b) addiw   s4, s4, 717
core   0: 1 0x0000000080005be8 (0x2cda0a1b) x20 0xfffffffffad8f2cd
core   0: 0x0000000080005bec (0x00000a32) c.slli  s4, 12
core   0: 1 0x0000000080005bec (0x0a32) x20 0xffffffad8f2cd000
core   0: 0x0000000080005bee (0x0e6a0a13) addi    s4, s4, 230
core   0: 1 0x0000000080005bee (0x0e6a0a13) x20 0xffffffad8f2cd0e6
core   0: 0x0000000080005bf2 (0x001a55b3) srl     a1, s4, ra
core   0: 1 0x0000000080005bf2 (0x001a55b3) x11 0xffffffad8f2cd0e6
core   0: 0x0000000080005bf6 (0x0007039b) sext.w  t2, a4
core   0: 1 0x0000000080005bf6 (0x0007039b) x7  0x0000000000000005
core   0: 0x0000000080005bfa (0xd233f4d3) fcvt.d.lu fs1, t2
core   0: 1 0x0000000080005bfa (0xd233f4d3) f9  0x4014000000000000
core   0: 0x0000000080005bfe (0xc22ffd53) fcvt.l.d s10, ft11
core   0: 1 0x0000000080005bfe (0xc22ffd53) c1_fflags 0x0000000000000011 x26 0x00000000000073a2
core   0: 0x0000000080005c02 (0xd23bf5d3) fcvt.d.lu fa1, s7
core   0: 1 0x0000000080005c02 (0xd23bf5d3) c1_fflags 0x0000000000000011 f11 0x43effffffff5b0bb
core   0: 0x0000000080005c06 (0xc0237cd3) fcvt.l.s s9, ft6
core   0: 1 0x0000000080005c06 (0xc0237cd3) c1_fflags 0x0000000000000011 x25 0x7fffffffffffffff
core   0: 0x0000000080005c0a (0x019c91b3) sll     gp, s9, s9
core   0: 1 0x0000000080005c0a (0x019c91b3) x3  0x8000000000000000
core   0: 0x0000000080005c0e (0x00199cf3) csrrw   s9, fflags, s3
core   0: 1 0x0000000080005c0e (0x00199cf3) x25 0x0000000000000011 c1_fflags 0x000000000000001d
core   0: 0x0000000080005c12 (0xc019a8f3) csrrs   a7, time, s3
core   0: exception trap_illegal_instruction, epc 0x0000000080005c12
core   0:           tval 0x00000000c019a8f3
core   0: >>>>  $xrv64i2p1_m2p0_a2p1_f2p2_d2p2_zicsr2p0_zifencei2p0_zmmul1p0_zba1p0_zbb1p0_zbc1p0_zbs1p0
core   0: 0x0000000080004000 (0x0080006f) j       pc + 0x8
core   0: 3 0x0000000080004000 (0x0080006f)
core   0: >>>>  mmode_exception_handler
core   0: 0x0000000080004008 (0x00002c17) auipc   s8, 0x2
core   0: 3 0x0000000080004008 (0x00002c17) x24 0x0000000080006008
core   0: 0x000000008000400c (0x080c0c13) addi    s8, s8, 128
core   0: 3 0x000000008000400c (0x080c0c13) x24 0x0000000080006088
core   0: 0x0000000080004010 (0x000c00e7) jalr    s8
core   0: 3 0x0000000080004010 (0x000c00e7) x1  0x0000000080004014
core   0: >>>>  any_handler
core   0: 0x0000000080006088 (0x341027f3) csrrs   a5, mepc, zero
core   0: 3 0x0000000080006088 (0x341027f3) x15 0x0000000080005c12
core   0: 0x000000008000608c (0x34202773) csrrs   a4, mcause, zero
core   0: 3 0x000000008000608c (0x34202773) x14 0x0000000000000002
core   0: 0x0000000080006090 (0x142026f3) csrrs   a3, scause, zero
core   0: 3 0x0000000080006090 (0x142026f3) x13 0x0000000000000000
core   0: 0x0000000080006094 (0x30402673) csrrs   a2, mie, zero
core   0: 3 0x0000000080006094 (0x30402673) x12 0x0000000000000a00
core   0: 0x0000000080006098 (0x344025f3) csrrs   a1, mip, zero
core   0: 3 0x0000000080006098 (0x344025f3) x11 0x0000000000000080
core   0: 0x000000008000609c (0x343025f3) csrrs   a1, mtval, zero
core   0: 3 0x000000008000609c (0x343025f3) x11 0x00000000c019a8f3
core   0: 0x00000000800060a0 (0x14302573) csrrs   a0, stval, zero
core   0: 3 0x00000000800060a0 (0x14302573) x10 0x000000000000000b
core   0: 0x00000000800060a4 (0xb02024f3) csrrs   s1, minstret, zero
core   0: 3 0x00000000800060a4 (0xb02024f3) x9  0x0000000000001131
core   0: 0x00000000800060a8 (0x0000a811) c.j     pc + 20
core   0: 3 0x00000000800060a8 (0xa811)
core   0: >>>>  mepc_4
core   0: 0x00000000800060bc (0x00000791) c.addi  a5, 4
core   0: 3 0x00000000800060bc (0x0791) x15 0x0000000080005c16
core   0: 0x00000000800060be (0x34179073) csrrw   zero, mepc, a5
core   0: 3 0x00000000800060be (0x34179073) c833_mepc 0x0000000080005c16
core   0: 0x00000000800060c2 (0x30200073) mret
core   0: 3 0x00000000800060c2 (0x30200073) c768_mstatus 0x8000000a00106080
core   0: 0x0000000080005c16 (0x001ad03b) srlw    zero, s5, ra
core   0: 1 0x0000000080005c16 (0x001ad03b)
core   0: 0x0000000080005c1a (0x0385523b) divuw   tp, a0, s8
core   0: 1 0x0000000080005c1a (0x0385523b) x4  0x0000000000000000
core   0: 0x0000000080005c1e (0x00000001) c.nop
core   0: 1 0x0000000080005c1e (0x0001)
core   0: 0x0000000080005c20 (0xc21efb53) fcvt.wu.d s6, ft9
core   0: 1 0x0000000080005c20 (0xc21efb53) c1_fflags 0x000000000000001d x22 0xffffffffffffffff
core   0: 0x0000000080005c24 (0x00202673) csrrs   a2, frm, zero
core   0: 1 0x0000000080005c24 (0x00202673) x12 0x0000000000000000
core   0: 0x0000000080005c28 (0x00c45ebb) srlw    t4, s0, a2
core   0: 1 0x0000000080005c28 (0x00c45ebb) x29 0xffffffffffffffbc
core   0: 0x0000000080005c2c (0x02920c33) mul     s8, tp, s1
core   0: 1 0x0000000080005c2c (0x02920c33) x24 0x0000000000000000
core   0: 0x0000000080005c30 (0x03abdd33) divu    s10, s7, s10
core   0: 1 0x0000000080005c30 (0x03abdd33) x26 0x000236c2716cdb92
core   0: 0x0000000080005c34 (0xd020f0d3) fcvt.s.l ft1, ra
core   0: 1 0x0000000080005c34 (0xd020f0d3) c1_fflags 0x000000000000001d f1  0xffffffff4f000040
core   0: 0x0000000080005c38 (0xcca70793) addi    a5, a4, -822
core   0: 1 0x0000000080005c38 (0xcca70793) x15 0xfffffffffffffccc
core   0: 0x0000000080005c3c (0x03335db3) divu    s11, t1, s3
core   0: 1 0x0000000080005c3c (0x03335db3) x27 0x0000000000000000
core   0: 0x0000000080005c40 (0x0200f0b3) remu    ra, ra, zero
core   0: 1 0x0000000080005c40 (0x0200f0b3) x1  0x0000000080004014
core   0: 0x0000000080005c44 (0x13ff774f) fnmadd.d fa4, ft10, ft11, ft2
core   0: 1 0x0000000080005c44 (0x13ff774f) f14 0x7ff8000000000000
core   0: 0x0000000080005c48 (0xc21a7ad3) fcvt.wu.d s5, fs4
core   0: 1 0x0000000080005c48 (0xc21a7ad3) c1_fflags 0x000000000000001d x21 0x0000000000000000
core   0: 0x0000000080005c4c (0x019cccb3) xor     s9, s9, s9
core   0: 1 0x0000000080005c4c (0x019cccb3) x25 0x0000000000000000
core   0: 0x0000000080005c50 (0x2b591cd3) fmax.d  fs9, fs2, fs5
core   0: 1 0x0000000080005c50 (0x2b591cd3) f25 0x7ff8000000000000
core   0: 0x0000000080005c54 (0x036c8733) mul     a4, s9, s6
core   0: 1 0x0000000080005c54 (0x036c8733) x14 0x0000000000000000
core   0: 0x0000000080005c58 (0xc20677d3) fcvt.w.d a5, fa2
core   0: 1 0x0000000080005c58 (0xc20677d3) x15 0x0000000000000000
core   0: 0x0000000080005c5c (0x41c8de3b) sraw    t3, a7, t3
core   0: 1 0x0000000080005c5c (0x41c8de3b) x28 0x0000000000000000
core   0: 0x0000000080005c60 (0x00102ef3) csrrs   t4, fflags, zero
core   0: 1 0x0000000080005c60 (0x00102ef3) x29 0x000000000000001d
core   0: 0x0000000080005c64 (0x403e8033) sub     zero, t4, gp
core   0: 1 0x0000000080005c64 (0x403e8033)
core   0: 0x0000000080005c68 (0x7ffae793) ori     a5, s5, 2047
core   0: 1 0x0000000080005c68 (0x7ffae793) x15 0x00000000000007ff
core   0: 0x0000000080005c6c (0x0011591b) srliw   s2, sp, 1
core   0: 1 0x0000000080005c6c (0x0011591b) x18 0x0000000018525d8f
core   0: 0x0000000080005c70 (0x60a4041b) addiw   s0, s0, 1546
core   0: 1 0x0000000080005c70 (0x60a4041b) x8  0x00000000000005c6
core   0: 0x0000000080005c74 (0x3a4792b7) lui     t0, 0x3a479
core   0: 1 0x0000000080005c74 (0x3a4792b7) x5  0x000000003a479000
core   0: 0x0000000080005c78 (0x2b6b72cb) fnmsub.d ft5, fs6, fs6, ft5
core   0: 1 0x0000000080005c78 (0x2b6b72cb) f5  0x7ff8000000000000
core   0: 0x0000000080005c7c (0xd21b08d3) fcvt.d.wu fa7, s6
core   0: 1 0x0000000080005c7c (0xd21b08d3) f17 0x41efffffffe00000
core   0: 0x0000000080005c80 (0x028188bb) mulw    a7, gp, s0
core   0: 1 0x0000000080005c80 (0x028188bb) x17 0x0000000000000000
core   0: 0x0000000080005c84 (0x003a27b3) slt     a5, s4, gp
core   0: 1 0x0000000080005c84 (0x003a27b3) x15 0x0000000000000000
core   0: 0x0000000080005c88 (0x77101017) auipc   zero, 0x77101
core   0: 1 0x0000000080005c88 (0x77101017)
core   0: 0x0000000080005c8c (0x64fa8413) addi    s0, s5, 1615
core   0: 1 0x0000000080005c8c (0x64fa8413) x8  0x000000000000064f
core   0: 0x0000000080005c90 (0xd03977d3) fcvt.s.lu fa5, s2
core   0: 1 0x0000000080005c90 (0xd03977d3) c1_fflags 0x000000000000001d f15 0xffffffff4dc292ec
core   0: 0x0000000080005c94 (0x01741c1b) slliw   s8, s0, 23
core   0: 1 0x0000000080005c94 (0x01741c1b) x24 0x0000000027800000
core   0: 0x0000000080005c98 (0xe4bd809b) addiw   ra, s11, -437
core   0: 1 0x0000000080005c98 (0xe4bd809b) x1  0xfffffffffffffe4b
core   0: 0x0000000080005c9c (0x018c523b) srlw    tp, s8, s8
core   0: 1 0x0000000080005c9c (0x018c523b) x4  0x0000000027800000
core   0: 0x0000000080005ca0 (0xc20cf0d3) fcvt.w.d ra, fs9
core   0: 1 0x0000000080005ca0 (0xc20cf0d3) c1_fflags 0x000000000000001d x1  0x000000007fffffff
core   0: 0x0000000080005ca4 (0x00c083bb) addw    t2, ra, a2
core   0: 1 0x0000000080005ca4 (0x00c083bb) x7  0x000000007fffffff
core   0: 0x0000000080005ca8 (0xc20cf053) fcvt.w.d zero, fs9
core   0: 1 0x0000000080005ca8 (0xc20cf053) c1_fflags 0x000000000000001d
core   0: 0x0000000080005cac (0xc23ff8d3) fcvt.lu.d a7, ft11
core   0: 1 0x0000000080005cac (0xc23ff8d3) c1_fflags 0x000000000000001d x17 0x00000000000073a2
core   0: 0x0000000080005cb0 (0x036bc4bb) divw    s1, s7, s6
core   0: 1 0x0000000080005cb0 (0x036bc4bb) x9  0x00000000527a27af
core   0: 0x0000000080005cb4 (0x0130f5b3) and     a1, ra, s3
core   0: 1 0x0000000080005cb4 (0x0130f5b3) x11 0x000000007ffffffd
core   0: 0x0000000080005cb8 (0x001697f3) csrrw   a5, fflags, a3
core   0: 1 0x0000000080005cb8 (0x001697f3) x15 0x000000000000001d c1_fflags 0x0000000000000000
core   0: 0x0000000080005cbc (0x8a720017) auipc   zero, 0x8a720
core   0: 1 0x0000000080005cbc (0x8a720017)
core   0: 0x0000000080005cc0 (0x001b8e9b) addiw   t4, s7, 1
core   0: 1 0x0000000080005cc0 (0x001b8e9b) x29 0xffffffffad85d852
core   0: 0x0000000080005cc4 (0x00021713) slli    a4, tp, 0
core   0: 1 0x0000000080005cc4 (0x00021713) x14 0x0000000027800000
core   0: 0x0000000080005cc8 (0x03d1f5bb) remuw   a1, gp, t4
core   0: 1 0x0000000080005cc8 (0x03d1f5bb) x11 0x0000000000000000
core   0: 0x0000000080005ccc (0xebfeffcf) fnmadd.d ft11, ft9, ft11, ft9
core   0: 1 0x0000000080005ccc (0xebfeffcf) f31 0x7ff8000000000000
core   0: 0x0000000080005cd0 (0x41055ab3) sra     s5, a0, a6
core   0: 1 0x0000000080005cd0 (0x41055ab3) x21 0x000000000000000b
core   0: 0x0000000080005cd4 (0x00002033) slt     zero, zero, zero
core   0: 1 0x0000000080005cd4 (0x00002033)
core   0: 0x0000000080005cd8 (0x1b68f8d3) fdiv.d  fa7, fa7, fs6
core   0: 1 0x0000000080005cd8 (0x1b68f8d3) f17 0x7ff8000000000000
core   0: 0x0000000080005cdc (0x00825c33) srl     s8, tp, s0
core   0: 1 0x0000000080005cdc (0x00825c33) x24 0x0000000000004f00
core   0: 0x0000000080005ce0 (0x000c19bb) sllw    s3, s8, zero
core   0: 1 0x0000000080005ce0 (0x000c19bb) x19 0x0000000000004f00
core   0: 0x0000000080005ce4 (0x018d02bb) addw    t0, s10, s8
core   0: 1 0x0000000080005ce4 (0x018d02bb) x5  0x00000000716d2a92
core   0: 0x0000000080005ce8 (0xd2130c53) fcvt.d.wu fs8, t1
core   0: 1 0x0000000080005ce8 (0xd2130c53) f24 0x41effffff7800000
core   0: 0x0000000080005cec (0x002298f3) csrrw   a7, frm, t0
core   0: 1 0x0000000080005cec (0x002298f3) x17 0x0000000000000000 c2_frm 0x0000000000000002
core   0: 0x0000000080005cf0 (0xc218f253) fcvt.wu.d tp, fa7
core   0: 1 0x0000000080005cf0 (0xc218f253) c1_fflags 0x0000000000000010 x4  0xffffffffffffffff
core   0: 0x0000000080005cf4 (0x00a9d6bb) srlw    a3, s3, a0
core   0: 1 0x0000000080005cf4 (0x00a9d6bb) x13 0x0000000000000009
core   0: 0x0000000080005cf8 (0x82ba7a4b) fnmsub.d fs4, fs4, fa1, fa6
core   0: 1 0x0000000080005cf8 (0x82ba7a4b) c1_fflags 0x0000000000000011 f20 0x41c8525d8effffff
core   0: 0x0000000080005cfc (0xc21ff453) fcvt.wu.d s0, ft11
core   0: 1 0x0000000080005cfc (0xc21ff453) c1_fflags 0x0000000000000011 x8  0xffffffffffffffff
core   0: 0x0000000080005d00 (0x0ff0000f) fence   iorw,iorw
core   0: 1 0x0000000080005d00 (0x0ff0000f)
core   0: 0x0000000080005d04 (0x400c5c1b) sraiw   s8, s8, 0
core   0: 1 0x0000000080005d04 (0x400c5c1b) x24 0x0000000000004f00
core   0: 0x0000000080005d08 (0xd23c7ad3) fcvt.d.lu fs5, s8
core   0: 1 0x0000000080005d08 (0xd23c7ad3) f21 0x40d3c00000000000
core   0: 0x0000000080005d0c (0xf20102d3) fmv.d.x ft5, sp
core   0: 1 0x0000000080005d0c (0xf20102d3) f5  0x0000000030a4bb1e
core   0: 0x0000000080005d10 (0x01810eb3) add     t4, sp, s8
core   0: 1 0x0000000080005d10 (0x01810eb3) x29 0x0000000030a50a1e
core   0: 0x0000000080005d14 (0x012a0733) add     a4, s4, s2
core   0: 1 0x0000000080005d14 (0x012a0733) x14 0xffffffada77f2e75
core   0: 0x0000000080005d18 (0xa3f48ed3) fle.d   t4, fs1, ft11
core   0: 1 0x0000000080005d18 (0xa3f48ed3) c1_fflags 0x0000000000000011 x29 0x0000000000000000
core   0: 0x0000000080005d1c (0x400ed79b) sraiw   a5, t4, 0
core   0: 1 0x0000000080005d1c (0x400ed79b) x15 0x0000000000000000
core   0: 0x0000000080005d20 (0x021bdd3b) divuw   s10, s7, ra
core   0: 1 0x0000000080005d20 (0x021bdd3b) x26 0x0000000000000001
core   0: 0x0000000080005d24 (0x02338b3b) mulw    s6, t2, gp
core   0: 1 0x0000000080005d24 (0x02338b3b) x22 0x0000000000000000
core   0: 0x0000000080005d28 (0x002195f3) csrrw   a1, frm, gp
core   0: 1 0x0000000080005d28 (0x002195f3) x11 0x0000000000000002 c2_frm 0x0000000000000000
core   0: 0x0000000080005d2c (0x013750bb) srlw    ra, a4, s3
core   0: 1 0x0000000080005d2c (0x013750bb) x1  0xffffffffa77f2e75
core   0: 0x0000000080005d30 (0xc02af353) fcvt.l.s t1, fs5
core   0: 1 0x0000000080005d30 (0xc02af353) c1_fflags 0x0000000000000011 x6  0x7fffffffffffffff
core   0: 0x0000000080005d34 (0x8c18889b) addiw   a7, a7, -1855
core   0: 1 0x0000000080005d34 (0x8c18889b) x17 0xfffffffffffff8c1
core   0: 0x0000000080005d38 (0xfff3011b) addiw   sp, t1, -1
core   0: 1 0x0000000080005d38 (0xfff3011b) x2  0xfffffffffffffffe
core   0: 0x0000000080005d3c (0x030367b3) rem     a5, t1, a6
core   0: 1 0x0000000080005d3c (0x030367b3) x15 0x7fffffffffffffff
core   0: 0x0000000080005d40 (0x033d0d3b) mulw    s10, s10, s3
core   0: 1 0x0000000080005d40 (0x033d0d3b) x26 0x0000000000004f00
core   0: 0x0000000080005d44 (0xfa22f6cf) fnmadd.d fa3, ft5, ft2, ft11
core   0: 1 0x0000000080005d44 (0xfa22f6cf) f13 0x7ff8000000000000
core   0: 0x0000000080005d48 (0x6a65754f) fnmadd.d fa0, fa0, ft6, fa3
core   0: 1 0x0000000080005d48 (0x6a65754f) f10 0x7ff8000000000000
core   0: 0x0000000080005d4c (0xa22500d3) fle.d   ra, fa0, ft2
core   0: 1 0x0000000080005d4c (0xa22500d3) c1_fflags 0x0000000000000011 x1  0x0000000000000000
core   0: 0x0000000080005d50 (0x602c7913) andi    s2, s8, 1538
core   0: 1 0x0000000080005d50 (0x602c7913) x18 0x0000000000000600
core   0: 0x0000000080005d54 (0xc032f753) fcvt.lu.s a4, ft5
core   0: 1 0x0000000080005d54 (0xc032f753) c1_fflags 0x0000000000000011 x14 0xffffffffffffffff
core   0: 0x0000000080005d58 (0x4099d4b3) sra     s1, s3, s1
core   0: 1 0x0000000080005d58 (0x4099d4b3) x9  0x0000000000000000
core   0: 0x0000000080005d5c (0x027b0a3b) mulw    s4, s6, t2
core   0: 1 0x0000000080005d5c (0x027b0a3b) x20 0x0000000000000000
core   0: 0x0000000080005d60 (0x2aa615d3) fmax.d  fa1, fa2, fa0
core   0: 1 0x0000000080005d60 (0x2aa615d3) f11 0x0000000000000000
core   0: 0x0000000080005d64 (0xe2050753) fmv.x.d a4, fa0
core   0: 1 0x0000000080005d64 (0xe2050753) x14 0x7ff8000000000000
core   0: 0x0000000080005d68 (0x00e789bb) addw    s3, a5, a4
core   0: 1 0x0000000080005d68 (0x00e789bb) x19 0xffffffffffffffff
core   0: 0x0000000080005d6c (0xde66f113) andi    sp, a3, -538
core   0: 1 0x0000000080005d6c (0xde66f113) x2  0x0000000000000000
core   0: 0x0000000080005d70 (0x0071191b) slliw   s2, sp, 7
core   0: 1 0x0000000080005d70 (0x0071191b) x18 0x0000000000000000
core   0: 0x0000000080005d74 (0x001918f3) csrrw   a7, fflags, s2
core   0: 1 0x0000000080005d74 (0x001918f3) x17 0x0000000000000011 c1_fflags 0x0000000000000000
core   0: 0x0000000080005d78 (0x5bd5fc4f) fnmadd.d fs8, fa1, ft9, fa1
core   0: 1 0x0000000080005d78 (0x5bd5fc4f) f24 0x7ff8000000000000
core   0: 0x0000000080005d7c (0x03f99213) slli    tp, s3, 63
core   0: 1 0x0000000080005d7c (0x03f99213) x4  0x8000000000000000
core   0: 0x0000000080005d80 (0x4005d03b) sraw    zero, a1, zero
core   0: 1 0x0000000080005d80 (0x4005d03b)
core   0: 0x0000000080005d84 (0x02ba723b) remuw   tp, s4, a1
core   0: 1 0x0000000080005d84 (0x02ba723b) x4  0x0000000000000000
core   0: 0x0000000080005d88 (0x6d944317) auipc   t1, 0x6d944
core   0: 1 0x0000000080005d88 (0x6d944317) x6  0x00000000ed949d88
core   0: 0x0000000080005d8c (0x00000001) c.nop
core   0: 1 0x0000000080005d8c (0x0001)
core   0: 0x0000000080005d8e (0x40458bbb) subw    s7, a1, tp
core   0: 1 0x0000000080005d8e (0x40458bbb) x23 0x0000000000000002
core   0: 0x0000000080005d92 (0x00430c3b) addw    s8, t1, tp
core   0: 1 0x0000000080005d92 (0x00430c3b) x24 0xffffffffed949d88
core   0: 0x0000000080005d96 (0xd0337053) fcvt.s.lu ft0, t1
core   0: 1 0x0000000080005d96 (0xd0337053) c1_fflags 0x0000000000000001 f0  0xffffffff4f6d949e
core   0: 0x0000000080005d9a (0x006014bb) sllw    s1, zero, t1
core   0: 1 0x0000000080005d9a (0x006014bb) x9  0x0000000000000000
core   0: 0x0000000080005d9e (0xd21b8153) fcvt.d.wu ft2, s7
core   0: 1 0x0000000080005d9e (0xd21b8153) f2  0x4000000000000000
core   0: 0x0000000080005da2 (0xf20c0253) fmv.d.x ft4, s8
core   0: 1 0x0000000080005da2 (0xf20c0253) f4  0xffffffffed949d88
core   0: 0x0000000080005da6 (0x42060653) fcvt.d.s fa2, fa2
core   0: 1 0x0000000080005da6 (0x42060653) f12 0x7ff8000000000000
core   0: 0x0000000080005daa (0xe2010753) fmv.x.d a4, ft2
core   0: 1 0x0000000080005daa (0xe2010753) x14 0x4000000000000000
core   0: 0x0000000080005dae (0x22771ad3) fsgnjn.d fs5, fa4, ft7
core   0: 1 0x0000000080005dae (0x22771ad3) f21 0xfff8000000000000
core   0: 0x0000000080005db2 (0x00e75c9b) srliw   s9, a4, 14
core   0: 1 0x0000000080005db2 (0x00e75c9b) x25 0x0000000000000000
core   0: 0x0000000080005db6 (0x40e1d733) sra     a4, gp, a4
core   0: 1 0x0000000080005db6 (0x40e1d733) x14 0x8000000000000000
core   0: 0x0000000080005dba (0xd031f5d3) fcvt.s.lu fa1, gp
core   0: 1 0x0000000080005dba (0xd031f5d3) f11 0xffffffff5f000000
core   0: 0x0000000080005dbe (0x123171d3) fmul.d  ft3, ft2, ft3
core   0: 1 0x0000000080005dbe (0x123171d3) f3  0x41da1d5339800000
core   0: 0x0000000080005dc2 (0x006d28b3) slt     a7, s10, t1
core   0: 1 0x0000000080005dc2 (0x006d28b3) x17 0x0000000000000001
core   0: 0x0000000080005dc6 (0x0006a693) slti    a3, a3, 0
core   0: 1 0x0000000080005dc6 (0x0006a693) x13 0x0000000000000000
core   0: 0x0000000080005dca (0x40ca8abb) subw    s5, s5, a2
core   0: 1 0x0000000080005dca (0x40ca8abb) x21 0x000000000000000b
core   0: 0x0000000080005dce (0x0319c8bb) divw    a7, s3, a7
core   0: 1 0x0000000080005dce (0x0319c8bb) x17 0xffffffffffffffff
core   0: 0x0000000080005dd2 (0x4014db13) srai    s6, s1, 1
core   0: 1 0x0000000080005dd2 (0x4014db13) x22 0x0000000000000000
core   0: 0x0000000080005dd6 (0x029258b3) divu    a7, tp, s1
core   0: 1 0x0000000080005dd6 (0x029258b3) x17 0xffffffffffffffff
core   0: 0x0000000080005dda (0xf76d8c9b) addiw   s9, s11, -138
core   0: 1 0x0000000080005dda (0xf76d8c9b) x25 0xffffffffffffff76
core   0: 0x0000000080005dde (0x42020dd3) fcvt.d.s fs11, ft4
core   0: 1 0x0000000080005dde (0x42020dd3) f27 0xc5b293b100000000
core   0: 0x0000000080005de2 (0xc20078d3) fcvt.w.d a7, ft0
core   0: 1 0x0000000080005de2 (0xc20078d3) c1_fflags 0x0000000000000011 x17 0x000000007fffffff
core   0: 0x0000000080005de6 (0x03291813) slli    a6, s2, 50
core   0: 1 0x0000000080005de6 (0x03291813) x16 0x0000000000000000
core   0: 0x0000000080005dea (0x01085db3) srl     s11, a6, a6
core   0: 1 0x0000000080005dea (0x01085db3) x27 0x0000000000000000
core   0: 0x0000000080005dee (0x401dd613) srai    a2, s11, 1
core   0: 1 0x0000000080005dee (0x401dd613) x12 0x0000000000000000
core   0: 0x0000000080005df2 (0x03dce5b3) rem     a1, s9, t4
core   0: 1 0x0000000080005df2 (0x03dce5b3) x11 0xffffffffffffff76
core   0: 0x0000000080005df6 (0xc21df853) fcvt.wu.d a6, fs11
core   0: 1 0x0000000080005df6 (0xc21df853) c1_fflags 0x0000000000000011 x16 0x0000000000000000
core   0: 0x0000000080005dfa (0xfb85b0b7) lui     ra, 0xfb85b
core   0: 1 0x0000000080005dfa (0xfb85b0b7) x1  0xfffffffffb85b000
core   0: 0x0000000080005dfe (0x9890809b) addiw   ra, ra, -1655
core   0: 1 0x0000000080005dfe (0x9890809b) x1  0xfffffffffb85a989
core   0: 0x0000000080005e02 (0x000000b2) c.slli  ra, 12
core   0: 1 0x0000000080005e02 (0x00b2) x1  0xffffffb85a989000
core   0: 0x0000000080005e04 (0x2b908093) addi    ra, ra, 697
core   0: 1 0x0000000080005e04 (0x2b908093) x1  0xffffffb85a9892b9
core   0: 0x0000000080005e08 (0x005299b3) sll     s3, t0, t0
core   0: 1 0x0000000080005e08 (0x005299b3) x19 0x0001c5b4aa480000
core   0: 0x0000000080005e0c (0x2a3197d3) fmax.d  fa5, ft3, ft3
core   0: 1 0x0000000080005e0c (0x2a3197d3) f15 0x41da1d5339800000
core   0: 0x0000000080005e10 (0x4091d713) srai    a4, gp, 9
core   0: 1 0x0000000080005e10 (0x4091d713) x14 0xffc0000000000000
core   0: 0x0000000080005e14 (0xfcd9d337) lui     t1, 0xfcd9d
core   0: 1 0x0000000080005e14 (0xfcd9d337) x6  0xfffffffffcd9d000
core   0: 0x0000000080005e18 (0x10d3031b) addiw   t1, t1, 269
core   0: 1 0x0000000080005e18 (0x10d3031b) x6  0xfffffffffcd9d10d
core   0: 0x0000000080005e1c (0x00000336) c.slli  t1, 13
core   0: 1 0x0000000080005e1c (0x0336) x6  0xffffff9b3a21a000
core   0: 0x0000000080005e1e (0x46930313) addi    t1, t1, 1129
core   0: 1 0x0000000080005e1e (0x46930313) x6  0xffffff9b3a21a469
core   0: 0x0000000080005e22 (0x59edf8b7) lui     a7, 0x59edf
core   0: 1 0x0000000080005e22 (0x59edf8b7) x17 0x0000000059edf000
core   0: 0x0000000080005e26 (0x13fdf553) fmul.d  fa0, fs11, ft11
core   0: 1 0x0000000080005e26 (0x13fdf553) f10 0x7ff8000000000000
core   0: 0x0000000080005e2a (0xc211fad3) fcvt.wu.d s5, ft3
core   0: 1 0x0000000080005e2a (0xc211fad3) x21 0x0000000068754ce6
core   0: 0x0000000080005e2e (0xfff8829b) addiw   t0, a7, -1
core   0: 1 0x0000000080005e2e (0xfff8829b) x5  0x0000000059edefff
core   0: 0x0000000080005e32 (0xcc62cb93) xori    s7, t0, -826
core   0: 1 0x0000000080005e32 (0xcc62cb93) x23 0xffffffffa6121339
core   0: 0x0000000080005e36 (0x033ee0b3) rem     ra, t4, s3
core   0: 1 0x0000000080005e36 (0x033ee0b3) x1  0x0000000000000000
core   0: 0x0000000080005e3a (0x001b4b33) xor     s6, s6, ra
core   0: 1 0x0000000080005e3a (0x001b4b33) x22 0x0000000000000000
core   0: 0x0000000080005e3e (0x000eea13) ori     s4, t4, 0
core   0: 1 0x0000000080005e3e (0x000eea13) x20 0x0000000000000000
core   0: 0x0000000080005e42 (0xfc6af837) lui     a6, 0xfc6af
core   0: 1 0x0000000080005e42 (0xfc6af837) x16 0xfffffffffc6af000
core   0: 0x0000000080005e46 (0x3618081b) addiw   a6, a6, 865
core   0: 1 0x0000000080005e46 (0x3618081b) x16 0xfffffffffc6af361
core   0: 0x0000000080005e4a (0x00000836) c.slli  a6, 13
core   0: 1 0x0000000080005e4a (0x0836) x16 0xffffff8d5e6c2000
core   0: 0x0000000080005e4c (0x44e80813) addi    a6, a6, 1102
core   0: 1 0x0000000080005e4c (0x44e80813) x16 0xffffff8d5e6c244e
core   0: 0x0000000080005e50 (0x0115593b) srlw    s2, a0, a7
core   0: 1 0x0000000080005e50 (0x0115593b) x18 0x000000000000000b
core   0: 0x0000000080005e54 (0x0122023b) addw    tp, tp, s2
core   0: 1 0x0000000080005e54 (0x0122023b) x4  0x000000000000000b
core   0: 0x0000000080005e58 (0xa3f50353) fle.d   t1, fa0, ft11
core   0: 1 0x0000000080005e58 (0xa3f50353) c1_fflags 0x0000000000000011 x6  0x0000000000000000
core   0: 0x0000000080005e5c (0x22a82253) fsgnjx.d ft4, fa6, fa0
core   0: 1 0x0000000080005e5c (0x22a82253) f4  0x41c8525d8f000000
core   0: 0x0000000080005e60 (0x004774b3) and     s1, a4, tp
core   0: 1 0x0000000080005e60 (0x004774b3) x9  0x0000000000000000
core   0: 0x0000000080005e64 (0x02406cb3) rem     s9, zero, tp
core   0: 1 0x0000000080005e64 (0x02406cb3) x25 0x0000000000000000
core   0: 0x0000000080005e68 (0x401578d3) fcvt.s.d fa7, fa0
core   0: 1 0x0000000080005e68 (0x401578d3) f17 0xffffffff7fc00000
core   0: 0x0000000080005e6c (0x001023f3) csrrs   t2, fflags, zero
core   0: 1 0x0000000080005e6c (0x001023f3) x7  0x0000000000000011
core   0: 0x0000000080005e70 (0x0362ed3b) remw    s10, t0, s6
core   0: 1 0x0000000080005e70 (0x0362ed3b) x26 0x0000000059edefff
core   0: 0x0000000080005e74 (0xd21d0653) fcvt.d.wu fa2, s10
core   0: 1 0x0000000080005e74 (0xd21d0653) f12 0x41d67b7bffc00000
core   0: 0x0000000080005e78 (0x01f8d49b) srliw   s1, a7, 31
core   0: 1 0x0000000080005e78 (0x01f8d49b) x9  0x0000000000000000
core   0: 0x0000000080005e7c (0x0013fc93) andi    s9, t2, 1
core   0: 1 0x0000000080005e7c (0x0013fc93) x25 0x0000000000000001
core   0: 0x0000000080005e80 (0x31a070f3) csrrci  ra, menvcfgh, 0
core   0: exception trap_illegal_instruction, epc 0x0000000080005e80
core   0:           tval 0x0000000031a070f3
core   0: >>>>  $xrv64i2p1_m2p0_a2p1_f2p2_d2p2_zicsr2p0_zifencei2p0_zmmul1p0_zba1p0_zbb1p0_zbc1p0_zbs1p0
core   0: 0x0000000080004000 (0x0080006f) j       pc + 0x8
core   0: 3 0x0000000080004000 (0x0080006f)
core   0: >>>>  mmode_exception_handler
core   0: 0x0000000080004008 (0x00002c17) auipc   s8, 0x2
core   0: 3 0x0000000080004008 (0x00002c17) x24 0x0000000080006008
core   0: 0x000000008000400c (0x080c0c13) addi    s8, s8, 128
core   0: 3 0x000000008000400c (0x080c0c13) x24 0x0000000080006088
core   0: 0x0000000080004010 (0x000c00e7) jalr    s8
core   0: 3 0x0000000080004010 (0x000c00e7) x1  0x0000000080004014
core   0: >>>>  any_handler
core   0: 0x0000000080006088 (0x341027f3) csrrs   a5, mepc, zero
core   0: 3 0x0000000080006088 (0x341027f3) x15 0x0000000080005e80
core   0: 0x000000008000608c (0x34202773) csrrs   a4, mcause, zero
core   0: 3 0x000000008000608c (0x34202773) x14 0x0000000000000002
core   0: 0x0000000080006090 (0x142026f3) csrrs   a3, scause, zero
core   0: 3 0x0000000080006090 (0x142026f3) x13 0x0000000000000000
core   0: 0x0000000080006094 (0x30402673) csrrs   a2, mie, zero
core   0: 3 0x0000000080006094 (0x30402673) x12 0x0000000000000a00
core   0: 0x0000000080006098 (0x344025f3) csrrs   a1, mip, zero
core   0: 3 0x0000000080006098 (0x344025f3) x11 0x0000000000000080
core   0: 0x000000008000609c (0x343025f3) csrrs   a1, mtval, zero
core   0: 3 0x000000008000609c (0x343025f3) x11 0x0000000031a070f3
core   0: 0x00000000800060a0 (0x14302573) csrrs   a0, stval, zero
core   0: 3 0x00000000800060a0 (0x14302573) x10 0x000000000000000b
core   0: 0x00000000800060a4 (0xb02024f3) csrrs   s1, minstret, zero
core   0: 3 0x00000000800060a4 (0xb02024f3) x9  0x00000000000011de
core   0: 0x00000000800060a8 (0x0000a811) c.j     pc + 20
core   0: 3 0x00000000800060a8 (0xa811)
core   0: >>>>  mepc_4
core   0: 0x00000000800060bc (0x00000791) c.addi  a5, 4
core   0: 3 0x00000000800060bc (0x0791) x15 0x0000000080005e84
core   0: 0x00000000800060be (0x34179073) csrrw   zero, mepc, a5
core   0: 3 0x00000000800060be (0x34179073) c833_mepc 0x0000000080005e84
core   0: 0x00000000800060c2 (0x30200073) mret
core   0: 3 0x00000000800060c2 (0x30200073) c768_mstatus 0x8000000a00106080
core   0: 0x0000000080005e84 (0x1587879b) addiw   a5, a5, 344
core   0: 1 0x0000000080005e84 (0x1587879b) x15 0xffffffff80005fdc
core   0: 0x0000000080005e88 (0x0078d8bb) srlw    a7, a7, t2
core   0: 1 0x0000000080005e88 (0x0078d8bb) x17 0x0000000000002cf6
core   0: 0x0000000080005e8c (0x0008da13) srli    s4, a7, 0
core   0: 1 0x0000000080005e8c (0x0008da13) x20 0x0000000000002cf6
core   0: 0x0000000080005e90 (0xc237fed3) fcvt.lu.d t4, fa5
core   0: 1 0x0000000080005e90 (0xc237fed3) x29 0x0000000068754ce6
core   0: 0x0000000080005e94 (0xd20e89d3) fcvt.d.w fs3, t4
core   0: 1 0x0000000080005e94 (0xd20e89d3) f19 0x41da1d5339800000
core   0: 0x0000000080005e98 (0x78346413) ori     s0, s0, 1923
core   0: 1 0x0000000080005e98 (0x78346413) x8  0xffffffffffffffff
core   0: 0x0000000080005e9c (0x03d57bb3) remu    s7, a0, t4
core   0: 1 0x0000000080005e9c (0x03d57bb3) x23 0x000000000000000b
core   0: 0x0000000080005ea0 (0x417b8b33) sub     s6, s7, s7
core   0: 1 0x0000000080005ea0 (0x417b8b33) x22 0x0000000000000000
core   0: 0x0000000080005ea4 (0x020c03b3) mul     t2, s8, zero
core   0: 1 0x0000000080005ea4 (0x020c03b3) x7  0x0000000000000000
core   0: 0x0000000080005ea8 (0xecdc2713) slti    a4, s8, -307
core   0: 1 0x0000000080005ea8 (0xecdc2713) x14 0x0000000000000000
core   0: 0x0000000080005eac (0x52ecfcc3) fmadd.d fs9, fs9, fa4, fa0
core   0: 1 0x0000000080005eac (0x52ecfcc3) f25 0x7ff8000000000000
core   0: 0x0000000080005eb0 (0x01f3d69b) srliw   a3, t2, 31
core   0: 1 0x0000000080005eb0 (0x01f3d69b) x13 0x0000000000000000
core   0: 0x0000000080005eb4 (0xc03571d3) fcvt.lu.s gp, fa0
core   0: 1 0x0000000080005eb4 (0xc03571d3) c1_fflags 0x0000000000000011 x3  0xffffffffffffffff
core   0: 0x0000000080005eb8 (0x00f7f033) and     zero, a5, a5
core   0: 1 0x0000000080005eb8 (0x00f7f033)
core   0: 0x0000000080005ebc (0x1a31f1c3) fmadd.d ft3, ft3, ft3, ft3
core   0: 1 0x0000000080005ebc (0x1a31f1c3) c1_fflags 0x0000000000000011 f3  0x43c54fc21d54e556
core   0: 0x0000000080005ec0 (0x00e1d333) srl     t1, gp, a4
core   0: 1 0x0000000080005ec0 (0x00e1d333) x6  0xffffffffffffffff
core   0: 0x0000000080005ec4 (0x00f494bb) sllw    s1, s1, a5
core   0: 1 0x0000000080005ec4 (0x00f494bb) x9  0xffffffffe0000000
core   0: 0x0000000080005ec8 (0x02f985b3) mul     a1, s3, a5
core   0: 1 0x0000000080005ec8 (0x02f985b3) x11 0x54bff2730de00000
core   0: 0x0000000080005ecc (0x02168c3b) mulw    s8, a3, ra
core   0: 1 0x0000000080005ecc (0x02168c3b) x24 0x0000000000000000
core   0: 0x0000000080005ed0 (0x01ec951b) slliw   a0, s9, 30
core   0: 1 0x0000000080005ed0 (0x01ec951b) x10 0x0000000040000000
core   0: 0x0000000080005ed4 (0x00202ef3) csrrs   t4, frm, zero
core   0: 1 0x0000000080005ed4 (0x00202ef3) x29 0x0000000000000000
core   0: 0x0000000080005ed8 (0x4116013b) subw    sp, a2, a7
core   0: 1 0x0000000080005ed8 (0x4116013b) x2  0xffffffffffffdd0a
core   0: 0x0000000080005edc (0x00425233) srl     tp, tp, tp
core   0: 1 0x0000000080005edc (0x00425233) x4  0x0000000000000000
core   0: 0x0000000080005ee0 (0x02476cbb) remw    s9, a4, tp
core   0: 1 0x0000000080005ee0 (0x02476cbb) x25 0x0000000000000000
core   0: 0x0000000080005ee4 (0x02e6463b) divw    a2, a2, a4
core   0: 1 0x0000000080005ee4 (0x02e6463b) x12 0xffffffffffffffff
core   0: 0x0000000080005ee8 (0x80067d93) andi    s11, a2, -2048
core   0: 1 0x0000000080005ee8 (0x80067d93) x27 0xfffffffffffff800
core   0: 0x0000000080005eec (0xc2067a53) fcvt.w.d s4, fa2
core   0: 1 0x0000000080005eec (0xc2067a53) x20 0x0000000059edefff
core   0: 0x0000000080005ef0 (0x00210c3b) addw    s8, sp, sp
core   0: 1 0x0000000080005ef0 (0x00210c3b) x24 0xffffffffffffba14
core   0: 0x0000000080005ef4 (0x003cd19b) srliw   gp, s9, 3
core   0: 1 0x0000000080005ef4 (0x003cd19b) x3  0x0000000000000000
core   0: 0x0000000080005ef8 (0x01818433) add     s0, gp, s8
core   0: 1 0x0000000080005ef8 (0x01818433) x8  0xffffffffffffba14
core   0: 0x0000000080005efc (0xc2cd0e93) addi    t4, s10, -980
core   0: 1 0x0000000080005efc (0xc2cd0e93) x29 0x0000000059edec2b
core   0: 0x0000000080005f00 (0x420d82d3) fcvt.d.s ft5, fs11
core   0: 1 0x0000000080005f00 (0x420d82d3) f5  0x7ff8000000000000
core   0: 0x0000000080005f04 (0x141517f3) csrrw   a5, sepc, a0
core   0: 1 0x0000000080005f04 (0x141517f3) x15 0xffffffff60006088 c321_sepc 0x0000000040000000
core   0: 0x0000000080005f08 (0x03927253) fadd.d  ft4, ft4, fs9
core   0: 1 0x0000000080005f08 (0x03927253) f4  0x7ff8000000000000
core   0: 0x0000000080005f0c (0x401b78d3) fcvt.s.d fa7, fs6
core   0: 1 0x0000000080005f0c (0x401b78d3) f17 0xffffffff7fc00000
core   0: 0x0000000080005f10 (0x47c90417) auipc   s0, 0x47c90
core   0: 1 0x0000000080005f10 (0x47c90417) x8  0x00000000c7c95f10
core   0: 0x0000000080005f14 (0x32012a73) csrrs   s4, mcountinhibit, sp
core   0: exception trap_illegal_instruction, epc 0x0000000080005f14
core   0:           tval 0x0000000032012a73
core   0: >>>>  $xrv64i2p1_m2p0_a2p1_f2p2_d2p2_zicsr2p0_zifencei2p0_zmmul1p0_zba1p0_zbb1p0_zbc1p0_zbs1p0
core   0: 0x0000000080004000 (0x0080006f) j       pc + 0x8
core   0: 3 0x0000000080004000 (0x0080006f)
core   0: >>>>  mmode_exception_handler
core   0: 0x0000000080004008 (0x00002c17) auipc   s8, 0x2
core   0: 3 0x0000000080004008 (0x00002c17) x24 0x0000000080006008
core   0: 0x000000008000400c (0x080c0c13) addi    s8, s8, 128
core   0: 3 0x000000008000400c (0x080c0c13) x24 0x0000000080006088
core   0: 0x0000000080004010 (0x000c00e7) jalr    s8
core   0: 3 0x0000000080004010 (0x000c00e7) x1  0x0000000080004014
core   0: >>>>  any_handler
core   0: 0x0000000080006088 (0x341027f3) csrrs   a5, mepc, zero
core   0: 3 0x0000000080006088 (0x341027f3) x15 0x0000000080005f14
core   0: 0x000000008000608c (0x34202773) csrrs   a4, mcause, zero
core   0: 3 0x000000008000608c (0x34202773) x14 0x0000000000000002
core   0: 0x0000000080006090 (0x142026f3) csrrs   a3, scause, zero
core   0: 3 0x0000000080006090 (0x142026f3) x13 0x0000000000000000
core   0: 0x0000000080006094 (0x30402673) csrrs   a2, mie, zero
core   0: 3 0x0000000080006094 (0x30402673) x12 0x0000000000000a00
core   0: 0x0000000080006098 (0x344025f3) csrrs   a1, mip, zero
core   0: 3 0x0000000080006098 (0x344025f3) x11 0x0000000000000080
core   0: 0x000000008000609c (0x343025f3) csrrs   a1, mtval, zero
core   0: 3 0x000000008000609c (0x343025f3) x11 0x0000000032012a73
core   0: 0x00000000800060a0 (0x14302573) csrrs   a0, stval, zero
core   0: 3 0x00000000800060a0 (0x14302573) x10 0x000000000000000b
core   0: 0x00000000800060a4 (0xb02024f3) csrrs   s1, minstret, zero
core   0: 3 0x00000000800060a4 (0xb02024f3) x9  0x0000000000001212
core   0: 0x00000000800060a8 (0x0000a811) c.j     pc + 20
core   0: 3 0x00000000800060a8 (0xa811)
core   0: >>>>  mepc_4
core   0: 0x00000000800060bc (0x00000791) c.addi  a5, 4
core   0: 3 0x00000000800060bc (0x0791) x15 0x0000000080005f18
core   0: 0x00000000800060be (0x34179073) csrrw   zero, mepc, a5
core   0: 3 0x00000000800060be (0x34179073) c833_mepc 0x0000000080005f18
core   0: 0x00000000800060c2 (0x30200073) mret
core   0: 3 0x00000000800060c2 (0x30200073) c768_mstatus 0x8000000a00106080
core   0: 0x0000000080005f18 (0x1302f853) fmul.d  fa6, ft5, fa6
core   0: 1 0x0000000080005f18 (0x1302f853) f16 0x7ff8000000000000
core   0: 0x0000000080005f1c (0x01ddd3bb) srlw    t2, s11, t4
core   0: 1 0x0000000080005f1c (0x01ddd3bb) x7  0x00000000001fffff
core   0: 0x0000000080005f20 (0xf11a3ef3) csrrc   t4, mvendorid, s4
core   0: exception trap_illegal_instruction, epc 0x0000000080005f20
core   0:           tval 0x00000000f11a3ef3
core   0: >>>>  $xrv64i2p1_m2p0_a2p1_f2p2_d2p2_zicsr2p0_zifencei2p0_zmmul1p0_zba1p0_zbb1p0_zbc1p0_zbs1p0
core   0: 0x0000000080004000 (0x0080006f) j       pc + 0x8
core   0: 3 0x0000000080004000 (0x0080006f)
core   0: >>>>  mmode_exception_handler
core   0: 0x0000000080004008 (0x00002c17) auipc   s8, 0x2
core   0: 3 0x0000000080004008 (0x00002c17) x24 0x0000000080006008
core   0: 0x000000008000400c (0x080c0c13) addi    s8, s8, 128
core   0: 3 0x000000008000400c (0x080c0c13) x24 0x0000000080006088
core   0: 0x0000000080004010 (0x000c00e7) jalr    s8
core   0: 3 0x0000000080004010 (0x000c00e7) x1  0x0000000080004014
core   0: >>>>  any_handler
core   0: 0x0000000080006088 (0x341027f3) csrrs   a5, mepc, zero
core   0: 3 0x0000000080006088 (0x341027f3) x15 0x0000000080005f20
core   0: 0x000000008000608c (0x34202773) csrrs   a4, mcause, zero
core   0: 3 0x000000008000608c (0x34202773) x14 0x0000000000000002
core   0: 0x0000000080006090 (0x142026f3) csrrs   a3, scause, zero
core   0: 3 0x0000000080006090 (0x142026f3) x13 0x0000000000000000
core   0: 0x0000000080006094 (0x30402673) csrrs   a2, mie, zero
core   0: 3 0x0000000080006094 (0x30402673) x12 0x0000000000000a00
core   0: 0x0000000080006098 (0x344025f3) csrrs   a1, mip, zero
core   0: 3 0x0000000080006098 (0x344025f3) x11 0x0000000000000080
core   0: 0x000000008000609c (0x343025f3) csrrs   a1, mtval, zero
core   0: 3 0x000000008000609c (0x343025f3) x11 0x00000000f11a3ef3
core   0: 0x00000000800060a0 (0x14302573) csrrs   a0, stval, zero
core   0: 3 0x00000000800060a0 (0x14302573) x10 0x000000000000000b
core   0: 0x00000000800060a4 (0xb02024f3) csrrs   s1, minstret, zero
core   0: 3 0x00000000800060a4 (0xb02024f3) x9  0x0000000000001224
core   0: 0x00000000800060a8 (0x0000a811) c.j     pc + 20
core   0: 3 0x00000000800060a8 (0xa811)
core   0: >>>>  mepc_4
core   0: 0x00000000800060bc (0x00000791) c.addi  a5, 4
core   0: 3 0x00000000800060bc (0x0791) x15 0x0000000080005f24
core   0: 0x00000000800060be (0x34179073) csrrw   zero, mepc, a5
core   0: 3 0x00000000800060be (0x34179073) c833_mepc 0x0000000080005f24
core   0: 0x00000000800060c2 (0x30200073) mret
core   0: 3 0x00000000800060c2 (0x30200073) c768_mstatus 0x8000000a00106080
core   0: 0x0000000080005f24 (0x340ebaf3) csrrc   s5, mscratch, t4
core   0: exception trap_illegal_instruction, epc 0x0000000080005f24
core   0:           tval 0x00000000340ebaf3
core   0: >>>>  $xrv64i2p1_m2p0_a2p1_f2p2_d2p2_zicsr2p0_zifencei2p0_zmmul1p0_zba1p0_zbb1p0_zbc1p0_zbs1p0
core   0: 0x0000000080004000 (0x0080006f) j       pc + 0x8
core   0: 3 0x0000000080004000 (0x0080006f)
core   0: >>>>  mmode_exception_handler
core   0: 0x0000000080004008 (0x00002c17) auipc   s8, 0x2
core   0: 3 0x0000000080004008 (0x00002c17) x24 0x0000000080006008
core   0: 0x000000008000400c (0x080c0c13) addi    s8, s8, 128
core   0: 3 0x000000008000400c (0x080c0c13) x24 0x0000000080006088
core   0: 0x0000000080004010 (0x000c00e7) jalr    s8
core   0: 3 0x0000000080004010 (0x000c00e7) x1  0x0000000080004014
core   0: >>>>  any_handler
core   0: 0x0000000080006088 (0x341027f3) csrrs   a5, mepc, zero
core   0: 3 0x0000000080006088 (0x341027f3) x15 0x0000000080005f24
core   0: 0x000000008000608c (0x34202773) csrrs   a4, mcause, zero
core   0: 3 0x000000008000608c (0x34202773) x14 0x0000000000000002
core   0: 0x0000000080006090 (0x142026f3) csrrs   a3, scause, zero
core   0: 3 0x0000000080006090 (0x142026f3) x13 0x0000000000000000
core   0: 0x0000000080006094 (0x30402673) csrrs   a2, mie, zero
core   0: 3 0x0000000080006094 (0x30402673) x12 0x0000000000000a00
core   0: 0x0000000080006098 (0x344025f3) csrrs   a1, mip, zero
core   0: 3 0x0000000080006098 (0x344025f3) x11 0x0000000000000080
core   0: 0x000000008000609c (0x343025f3) csrrs   a1, mtval, zero
core   0: 3 0x000000008000609c (0x343025f3) x11 0x00000000340ebaf3
core   0: 0x00000000800060a0 (0x14302573) csrrs   a0, stval, zero
core   0: 3 0x00000000800060a0 (0x14302573) x10 0x000000000000000b
core   0: 0x00000000800060a4 (0xb02024f3) csrrs   s1, minstret, zero
core   0: 3 0x00000000800060a4 (0xb02024f3) x9  0x0000000000001234
core   0: 0x00000000800060a8 (0x0000a811) c.j     pc + 20
core   0: 3 0x00000000800060a8 (0xa811)
core   0: >>>>  mepc_4
core   0: 0x00000000800060bc (0x00000791) c.addi  a5, 4
core   0: 3 0x00000000800060bc (0x0791) x15 0x0000000080005f28
core   0: 0x00000000800060be (0x34179073) csrrw   zero, mepc, a5
core   0: 3 0x00000000800060be (0x34179073) c833_mepc 0x0000000080005f28
core   0: 0x00000000800060c2 (0x30200073) mret
core   0: 3 0x00000000800060c2 (0x30200073) c768_mstatus 0x8000000a00106080
core   0: 0x0000000080005f28 (0x003c911b) slliw   sp, s9, 3
core   0: 1 0x0000000080005f28 (0x003c911b) x2  0x0000000000000000
core   0: 0x0000000080005f2c (0x41810933) sub     s2, sp, s8
core   0: 1 0x0000000080005f2c (0x41810933) x18 0xffffffff7fff9f78
core   0: 0x0000000080005f30 (0x02210433) mul     s0, sp, sp
core   0: 1 0x0000000080005f30 (0x02210433) x8  0x0000000000000000
core   0: 0x0000000080005f34 (0x411106bb) subw    a3, sp, a7
core   0: 1 0x0000000080005f34 (0x411106bb) x13 0xffffffffffffd30a
core   0: 0x0000000080005f38 (0xf1186773) csrrsi  a4, mvendorid, 16
core   0: exception trap_illegal_instruction, epc 0x0000000080005f38
core   0:           tval 0x00000000f1186773
core   0: >>>>  $xrv64i2p1_m2p0_a2p1_f2p2_d2p2_zicsr2p0_zifencei2p0_zmmul1p0_zba1p0_zbb1p0_zbc1p0_zbs1p0
core   0: 0x0000000080004000 (0x0080006f) j       pc + 0x8
core   0: 3 0x0000000080004000 (0x0080006f)
core   0: >>>>  mmode_exception_handler
core   0: 0x0000000080004008 (0x00002c17) auipc   s8, 0x2
core   0: 3 0x0000000080004008 (0x00002c17) x24 0x0000000080006008
core   0: 0x000000008000400c (0x080c0c13) addi    s8, s8, 128
core   0: 3 0x000000008000400c (0x080c0c13) x24 0x0000000080006088
core   0: 0x0000000080004010 (0x000c00e7) jalr    s8
core   0: 3 0x0000000080004010 (0x000c00e7) x1  0x0000000080004014
core   0: >>>>  any_handler
core   0: 0x0000000080006088 (0x341027f3) csrrs   a5, mepc, zero
core   0: 3 0x0000000080006088 (0x341027f3) x15 0x0000000080005f38
core   0: 0x000000008000608c (0x34202773) csrrs   a4, mcause, zero
core   0: 3 0x000000008000608c (0x34202773) x14 0x0000000000000002
core   0: 0x0000000080006090 (0x142026f3) csrrs   a3, scause, zero
core   0: 3 0x0000000080006090 (0x142026f3) x13 0x0000000000000000
core   0: 0x0000000080006094 (0x30402673) csrrs   a2, mie, zero
core   0: 3 0x0000000080006094 (0x30402673) x12 0x0000000000000a00
core   0: 0x0000000080006098 (0x344025f3) csrrs   a1, mip, zero
core   0: 3 0x0000000080006098 (0x344025f3) x11 0x0000000000000080
core   0: 0x000000008000609c (0x343025f3) csrrs   a1, mtval, zero
core   0: 3 0x000000008000609c (0x343025f3) x11 0x00000000f1186773
core   0: 0x00000000800060a0 (0x14302573) csrrs   a0, stval, zero
core   0: 3 0x00000000800060a0 (0x14302573) x10 0x000000000000000b
core   0: 0x00000000800060a4 (0xb02024f3) csrrs   s1, minstret, zero
core   0: 3 0x00000000800060a4 (0xb02024f3) x9  0x0000000000001248
core   0: 0x00000000800060a8 (0x0000a811) c.j     pc + 20
core   0: 3 0x00000000800060a8 (0xa811)
core   0: >>>>  mepc_4
core   0: 0x00000000800060bc (0x00000791) c.addi  a5, 4
core   0: 3 0x00000000800060bc (0x0791) x15 0x0000000080005f3c
core   0: 0x00000000800060be (0x34179073) csrrw   zero, mepc, a5
core   0: 3 0x00000000800060be (0x34179073) c833_mepc 0x0000000080005f3c
core   0: 0x00000000800060c2 (0x30200073) mret
core   0: 3 0x00000000800060c2 (0x30200073) c768_mstatus 0x8000000a00106080
core   0: 0x0000000080005f3c (0x001021f3) csrrs   gp, fflags, zero
core   0: 1 0x0000000080005f3c (0x001021f3) x3  0x0000000000000011
core   0: 0x0000000080005f40 (0x00921133) sll     sp, tp, s1
core   0: 1 0x0000000080005f40 (0x00921133) x2  0x0000000000000000
core   0: 0x0000000080005f44 (0xc020f553) fcvt.l.s a0, ft1
core   0: 1 0x0000000080005f44 (0xc020f553) x10 0x0000000080004000
core   0: 0x0000000080005f48 (0x2a9188d3) fmin.d  fa7, ft3, fs1
core   0: 1 0x0000000080005f48 (0x2a9188d3) f17 0x4014000000000000
core   0: 0x0000000080005f4c (0x033250bb) divuw   ra, tp, s3
core   0: 1 0x0000000080005f4c (0x033250bb) x1  0x0000000000000000
core   0: 0x0000000080005f50 (0x00666333) or      t1, a2, t1
core   0: 1 0x0000000080005f50 (0x00666333) x6  0xffffffffffffffff
core   0: 0x0000000080005f54 (0xf2018753) fmv.d.x fa4, gp
core   0: 1 0x0000000080005f54 (0xf2018753) f14 0x0000000000000011
core   0: 0x0000000080005f58 (0x0130103b) sllw    zero, zero, s3
core   0: 1 0x0000000080005f58 (0x0130103b)
core   0: 0x0000000080005f5c (0xcec6849b) addiw   s1, a3, -788
core   0: 1 0x0000000080005f5c (0xcec6849b) x9  0xfffffffffffffcec
core   0: 0x0000000080005f60 (0x8ac8fd4f) fnmadd.d fs10, fa7, fa2, fa7
core   0: 1 0x0000000080005f60 (0x8ac8fd4f) f26 0xc1fc1a5b00000000
core   0: 0x0000000080005f64 (0x235aa553) fsgnjx.d fa0, fs5, fs5
core   0: 1 0x0000000080005f64 (0x235aa553) f10 0x7ff8000000000000
core   0: 0x0000000080005f68 (0xca86c397) auipc   t2, 0xca86c
core   0: 1 0x0000000080005f68 (0xca86c397) x7  0x000000004a871f68
core   0: 0x0000000080005f6c (0x5a04ffd3) fsqrt.d ft11, fs1
core   0: 1 0x0000000080005f6c (0x5a04ffd3) c1_fflags 0x0000000000000011 f31 0x4001e3779b97f4a8
core   0: 0x0000000080005f70 (0xe20d0953) fmv.x.d s2, fs10
core   0: 1 0x0000000080005f70 (0xe20d0953) x18 0xc1fc1a5b00000000
core   0: 0x0000000080005f74 (0x00191e73) csrrw   t3, fflags, s2
core   0: 1 0x0000000080005f74 (0x00191e73) x28 0x0000000000000011 c1_fflags 0x0000000000000000
core   0: 0x0000000080005f78 (0x03c27d33) remu    s10, tp, t3
core   0: 1 0x0000000080005f78 (0x03c27d33) x26 0x0000000000000000
core   0: 0x0000000080005f7c (0xf2048353) fmv.d.x ft6, s1
core   0: 1 0x0000000080005f7c (0xf2048353) f6  0xfffffffffffffcec
core   0: 0x0000000080005f80 (0xa26a8dd3) fle.d   s11, fs5, ft6
core   0: 1 0x0000000080005f80 (0xa26a8dd3) c1_fflags 0x0000000000000010 x27 0x0000000000000000
core   0: 0x0000000080005f84 (0xc21af553) fcvt.wu.d a0, fs5
core   0: 1 0x0000000080005f84 (0xc21af553) c1_fflags 0x0000000000000010 x10 0xffffffffffffffff
core   0: 0x0000000080005f88 (0x00199c73) csrrw   s8, fflags, s3
core   0: 1 0x0000000080005f88 (0x00199c73) x24 0x0000000000000010 c1_fflags 0x0000000000000000
core   0: 0x0000000080005f8c (0x00099d1b) slliw   s10, s3, 0
core   0: 1 0x0000000080005f8c (0x00099d1b) x26 0xffffffffaa480000
core   0: 0x0000000080005f90 (0xc20ffa53) fcvt.w.d s4, ft11
core   0: 1 0x0000000080005f90 (0xc20ffa53) c1_fflags 0x0000000000000001 x20 0x0000000000000002
core   0: 0x0000000080005f94 (0x01c454bb) srlw    s1, s0, t3
core   0: 1 0x0000000080005f94 (0x01c454bb) x9  0x0000000000000000
core   0: 0x0000000080005f98 (0xb721e093) ori     ra, gp, -1166
core   0: 1 0x0000000080005f98 (0xb721e093) x1  0xfffffffffffffb73
core   0: 0x0000000080005f9c (0xc20d7a53) fcvt.w.d s4, fs10
core   0: 1 0x0000000080005f9c (0xc20d7a53) c1_fflags 0x0000000000000011 x20 0xffffffff80000000
core   0: 0x0000000080005fa0 (0xd23574d3) fcvt.d.lu fs1, a0
core   0: 1 0x0000000080005fa0 (0xd23574d3) c1_fflags 0x0000000000000011 f9  0x43f0000000000000
core   0: 0x0000000080005fa4 (0x02900033) mul     zero, zero, s1
core   0: 1 0x0000000080005fa4 (0x02900033)
core   0: 0x0000000080005fa8 (0x0174dbbb) srlw    s7, s1, s7
core   0: 1 0x0000000080005fa8 (0x0174dbbb) x23 0x0000000000000000
core   0: 0x0000000080005fac (0x000cd5b3) srl     a1, s9, zero
core   0: 1 0x0000000080005fac (0x000cd5b3) x11 0x0000000000000000
core   0: 0x0000000080005fb0 (0x02b71eb3) mulh    t4, a4, a1
core   0: 1 0x0000000080005fb0 (0x02b71eb3) x29 0x0000000000000000
core   0: 0x0000000080005fb4 (0x2314a9d3) fsgnjx.d fs3, fs1, fa7
core   0: 1 0x0000000080005fb4 (0x2314a9d3) f19 0x43f0000000000000
core   0: 0x0000000080005fb8 (0x2a3d8ed3) fmin.d  ft9, fs11, ft3
core   0: 1 0x0000000080005fb8 (0x2a3d8ed3) f29 0xc5b293b100000000
core   0: 0x0000000080005fbc (0x027d87b3) mul     a5, s11, t2
core   0: 1 0x0000000080005fbc (0x027d87b3) x15 0x0000000000000000
core   0: 0x0000000080005fc0 (0xe20f8953) fmv.x.d s2, ft11
core   0: 1 0x0000000080005fc0 (0xe20f8953) x18 0x4001e3779b97f4a8
core   0: 0x0000000080005fc4 (0x03c48733) mul     a4, s1, t3
core   0: 1 0x0000000080005fc4 (0x03c48733) x14 0x0000000000000000
core   0: 0x0000000080005fc8 (0x0070921b) slliw   tp, ra, 7
core   0: 1 0x0000000080005fc8 (0x0070921b) x4  0xfffffffffffdb980
core   0: 0x0000000080005fcc (0x00281c73) csrrw   s8, frm, a6
core   0: 1 0x0000000080005fcc (0x00281c73) x24 0x0000000000000000 c2_frm 0x0000000000000006
core   0: 0x0000000080005fd0 (0x018c993b) sllw    s2, s9, s8
core   0: 1 0x0000000080005fd0 (0x018c993b) x18 0x0000000000000000
core   0: 0x0000000080005fd4 (0x035c0317) auipc   t1, 0x35c0
core   0: 1 0x0000000080005fd4 (0x035c0317) x6  0x00000000835c5fd4
core   0: 0x0000000080005fd8 (0x00fa17b3) sll     a5, s4, a5
core   0: 1 0x0000000080005fd8 (0x00fa17b3) x15 0xffffffff80000000
core   0: 0x0000000080005fdc (0x00000001) c.nop
core   0: 1 0x0000000080005fdc (0x0001)
core   0: 0x0000000080005fde (0x021d3e33) mulhu   t3, s10, ra
core   0: 1 0x0000000080005fde (0x021d3e33) x28 0xffffffffaa47fb73
core   0: 0x0000000080005fe2 (0xd2028153) fcvt.d.w ft2, t0
core   0: 1 0x0000000080005fe2 (0xd2028153) f2  0x41d67b7bffc00000
core   0: 0x0000000080005fe6 (0xc23d79d3) fcvt.lu.d s3, fs10
core   0: exception trap_illegal_instruction, epc 0x0000000080005fe6
core   0:           tval 0x00000000c23d79d3
core   0: >>>>  $xrv64i2p1_m2p0_a2p1_f2p2_d2p2_zicsr2p0_zifencei2p0_zmmul1p0_zba1p0_zbb1p0_zbc1p0_zbs1p0
core   0: 0x0000000080004000 (0x0080006f) j       pc + 0x8
core   0: 3 0x0000000080004000 (0x0080006f)
core   0: >>>>  mmode_exception_handler
core   0: 0x0000000080004008 (0x00002c17) auipc   s8, 0x2
core   0: 3 0x0000000080004008 (0x00002c17) x24 0x0000000080006008
core   0: 0x000000008000400c (0x080c0c13) addi    s8, s8, 128
core   0: 3 0x000000008000400c (0x080c0c13) x24 0x0000000080006088
core   0: 0x0000000080004010 (0x000c00e7) jalr    s8
core   0: 3 0x0000000080004010 (0x000c00e7) x1  0x0000000080004014
core   0: >>>>  any_handler
core   0: 0x0000000080006088 (0x341027f3) csrrs   a5, mepc, zero
core   0: 3 0x0000000080006088 (0x341027f3) x15 0x0000000080005fe6
core   0: 0x000000008000608c (0x34202773) csrrs   a4, mcause, zero
core   0: 3 0x000000008000608c (0x34202773) x14 0x0000000000000002
core   0: 0x0000000080006090 (0x142026f3) csrrs   a3, scause, zero
core   0: 3 0x0000000080006090 (0x142026f3) x13 0x0000000000000000
core   0: 0x0000000080006094 (0x30402673) csrrs   a2, mie, zero
core   0: 3 0x0000000080006094 (0x30402673) x12 0x0000000000000a00
core   0: 0x0000000080006098 (0x344025f3) csrrs   a1, mip, zero
core   0: 3 0x0000000080006098 (0x344025f3) x11 0x0000000000000080
core   0: 0x000000008000609c (0x343025f3) csrrs   a1, mtval, zero
core   0: 3 0x000000008000609c (0x343025f3) x11 0x00000000c23d79d3
core   0: 0x00000000800060a0 (0x14302573) csrrs   a0, stval, zero
core   0: 3 0x00000000800060a0 (0x14302573) x10 0x000000000000000b
core   0: 0x00000000800060a4 (0xb02024f3) csrrs   s1, minstret, zero
core   0: 3 0x00000000800060a4 (0xb02024f3) x9  0x0000000000001283
core   0: 0x00000000800060a8 (0x0000a811) c.j     pc + 20
core   0: 3 0x00000000800060a8 (0xa811)
core   0: >>>>  mepc_4
core   0: 0x00000000800060bc (0x00000791) c.addi  a5, 4
core   0: 3 0x00000000800060bc (0x0791) x15 0x0000000080005fea
core   0: 0x00000000800060be (0x34179073) csrrw   zero, mepc, a5
core   0: 3 0x00000000800060be (0x34179073) c833_mepc 0x0000000080005fea
core   0: 0x00000000800060c2 (0x30200073) mret
core   0: 3 0x00000000800060c2 (0x30200073) c768_mstatus 0x8000000a00106080
core   0: 0x0000000080005fea (0x00019a13) slli    s4, gp, 0
core   0: 1 0x0000000080005fea (0x00019a13) x20 0x0000000000000011
core   0: 0x0000000080005fee (0xd2128dd3) fcvt.d.wu fs11, t0
core   0: 1 0x0000000080005fee (0xd2128dd3) f27 0x41d67b7bffc00000
core   0: 0x0000000080005ff2 (0x0029a633) slt     a2, s3, sp
core   0: 1 0x0000000080005ff2 (0x0029a633) x12 0x0000000000000000
core   0: 0x0000000080005ff6 (0x00070b1b) sext.w  s6, a4
core   0: 1 0x0000000080005ff6 (0x00070b1b) x22 0x0000000000000002
core   0: 0x0000000080005ffa (0x02996eb3) rem     t4, s2, s1
core   0: 1 0x0000000080005ffa (0x02996eb3) x29 0x0000000000000000
core   0: 0x0000000080005ffe (0x01b581bb) addw    gp, a1, s11
core   0: 1 0x0000000080005ffe (0x01b581bb) x3  0xffffffffc23d79d3
core   0: 0x0000000080006002 (0x1a0b7f53) fdiv.d  ft10, fs6, ft0
core   0: exception trap_illegal_instruction, epc 0x0000000080006002
core   0:           tval 0x000000001a0b7f53
core   0: >>>>  $xrv64i2p1_m2p0_a2p1_f2p2_d2p2_zicsr2p0_zifencei2p0_zmmul1p0_zba1p0_zbb1p0_zbc1p0_zbs1p0
core   0: 0x0000000080004000 (0x0080006f) j       pc + 0x8
core   0: 3 0x0000000080004000 (0x0080006f)
core   0: >>>>  mmode_exception_handler
core   0: 0x0000000080004008 (0x00002c17) auipc   s8, 0x2
core   0: 3 0x0000000080004008 (0x00002c17) x24 0x0000000080006008
core   0: 0x000000008000400c (0x080c0c13) addi    s8, s8, 128
core   0: 3 0x000000008000400c (0x080c0c13) x24 0x0000000080006088
core   0: 0x0000000080004010 (0x000c00e7) jalr    s8
core   0: 3 0x0000000080004010 (0x000c00e7) x1  0x0000000080004014
core   0: >>>>  any_handler
core   0: 0x0000000080006088 (0x341027f3) csrrs   a5, mepc, zero
core   0: 3 0x0000000080006088 (0x341027f3) x15 0x0000000080006002
core   0: 0x000000008000608c (0x34202773) csrrs   a4, mcause, zero
core   0: 3 0x000000008000608c (0x34202773) x14 0x0000000000000002
core   0: 0x0000000080006090 (0x142026f3) csrrs   a3, scause, zero
core   0: 3 0x0000000080006090 (0x142026f3) x13 0x0000000000000000
core   0: 0x0000000080006094 (0x30402673) csrrs   a2, mie, zero
core   0: 3 0x0000000080006094 (0x30402673) x12 0x0000000000000a00
core   0: 0x0000000080006098 (0x344025f3) csrrs   a1, mip, zero
core   0: 3 0x0000000080006098 (0x344025f3) x11 0x0000000000000080
core   0: 0x000000008000609c (0x343025f3) csrrs   a1, mtval, zero
core   0: 3 0x000000008000609c (0x343025f3) x11 0x000000001a0b7f53
core   0: 0x00000000800060a0 (0x14302573) csrrs   a0, stval, zero
core   0: 3 0x00000000800060a0 (0x14302573) x10 0x000000000000000b
core   0: 0x00000000800060a4 (0xb02024f3) csrrs   s1, minstret, zero
core   0: 3 0x00000000800060a4 (0xb02024f3) x9  0x0000000000001299
core   0: 0x00000000800060a8 (0x0000a811) c.j     pc + 20
core   0: 3 0x00000000800060a8 (0xa811)
core   0: >>>>  mepc_4
core   0: 0x00000000800060bc (0x00000791) c.addi  a5, 4
core   0: 3 0x00000000800060bc (0x0791) x15 0x0000000080006006
core   0: 0x00000000800060be (0x34179073) csrrw   zero, mepc, a5
core   0: 3 0x00000000800060be (0x34179073) c833_mepc 0x0000000080006006
core   0: 0x00000000800060c2 (0x30200073) mret
core   0: 3 0x00000000800060c2 (0x30200073) c768_mstatus 0x8000000a00106080
core   0: 0x0000000080006006 (0xd02376d3) fcvt.s.l fa3, t1
core   0: exception trap_illegal_instruction, epc 0x0000000080006006
core   0:           tval 0x00000000d02376d3
core   0: >>>>  $xrv64i2p1_m2p0_a2p1_f2p2_d2p2_zicsr2p0_zifencei2p0_zmmul1p0_zba1p0_zbb1p0_zbc1p0_zbs1p0
core   0: 0x0000000080004000 (0x0080006f) j       pc + 0x8
core   0: 3 0x0000000080004000 (0x0080006f)
core   0: >>>>  mmode_exception_handler
core   0: 0x0000000080004008 (0x00002c17) auipc   s8, 0x2
core   0: 3 0x0000000080004008 (0x00002c17) x24 0x0000000080006008
core   0: 0x000000008000400c (0x080c0c13) addi    s8, s8, 128
core   0: 3 0x000000008000400c (0x080c0c13) x24 0x0000000080006088
core   0: 0x0000000080004010 (0x000c00e7) jalr    s8
core   0: 3 0x0000000080004010 (0x000c00e7) x1  0x0000000080004014
core   0: >>>>  any_handler
core   0: 0x0000000080006088 (0x341027f3) csrrs   a5, mepc, zero
core   0: 3 0x0000000080006088 (0x341027f3) x15 0x0000000080006006
core   0: 0x000000008000608c (0x34202773) csrrs   a4, mcause, zero
core   0: 3 0x000000008000608c (0x34202773) x14 0x0000000000000002
core   0: 0x0000000080006090 (0x142026f3) csrrs   a3, scause, zero
core   0: 3 0x0000000080006090 (0x142026f3) x13 0x0000000000000000
core   0: 0x0000000080006094 (0x30402673) csrrs   a2, mie, zero
core   0: 3 0x0000000080006094 (0x30402673) x12 0x0000000000000a00
core   0: 0x0000000080006098 (0x344025f3) csrrs   a1, mip, zero
core   0: 3 0x0000000080006098 (0x344025f3) x11 0x0000000000000080
core   0: 0x000000008000609c (0x343025f3) csrrs   a1, mtval, zero
core   0: 3 0x000000008000609c (0x343025f3) x11 0x00000000d02376d3
core   0: 0x00000000800060a0 (0x14302573) csrrs   a0, stval, zero
core   0: 3 0x00000000800060a0 (0x14302573) x10 0x000000000000000b
core   0: 0x00000000800060a4 (0xb02024f3) csrrs   s1, minstret, zero
core   0: 3 0x00000000800060a4 (0xb02024f3) x9  0x00000000000012a9
core   0: 0x00000000800060a8 (0x0000a811) c.j     pc + 20
core   0: 3 0x00000000800060a8 (0xa811)
core   0: >>>>  mepc_4
core   0: 0x00000000800060bc (0x00000791) c.addi  a5, 4
core   0: 3 0x00000000800060bc (0x0791) x15 0x000000008000600a
core   0: 0x00000000800060be (0x34179073) csrrw   zero, mepc, a5
core   0: 3 0x00000000800060be (0x34179073) c833_mepc 0x000000008000600a
core   0: 0x00000000800060c2 (0x30200073) mret
core   0: 3 0x00000000800060c2 (0x30200073) c768_mstatus 0x8000000a00106080
core   0: 0x000000008000600a (0x004706bb) addw    a3, a4, tp
core   0: 1 0x000000008000600a (0x004706bb) x13 0xfffffffffffdb982
core   0: 0x000000008000600e (0x02b878b3) remu    a7, a6, a1
core   0: 1 0x000000008000600e (0x02b878b3) x17 0x000000006797817d
core   0: 0x0000000080006012 (0x000ef513) andi    a0, t4, 0
core   0: 1 0x0000000080006012 (0x000ef513) x10 0x0000000000000000
core   0: 0x0000000080006016 (0x01d45cbb) srlw    s9, s0, t4
core   0: 1 0x0000000080006016 (0x01d45cbb) x25 0x0000000000000000
core   0: 0x000000008000601a (0x001023f3) csrrs   t2, fflags, zero
core   0: 1 0x000000008000601a (0x001023f3) x7  0x0000000000000011
core   0: 0x000000008000601e (0xd21380d3) fcvt.d.wu ft1, t2
core   0: 1 0x000000008000601e (0xd21380d3) f1  0x4031000000000000
core   0: 0x0000000080006022 (0x01504033) xor     zero, zero, s5
core   0: 1 0x0000000080006022 (0x01504033)
core   0: 0x0000000080006026 (0x034c7a53) fadd.d  fs4, fs8, fs4
core   0: exception trap_illegal_instruction, epc 0x0000000080006026
core   0:           tval 0x00000000034c7a53
core   0: >>>>  $xrv64i2p1_m2p0_a2p1_f2p2_d2p2_zicsr2p0_zifencei2p0_zmmul1p0_zba1p0_zbb1p0_zbc1p0_zbs1p0
core   0: 0x0000000080004000 (0x0080006f) j       pc + 0x8
core   0: 3 0x0000000080004000 (0x0080006f)
core   0: >>>>  mmode_exception_handler
core   0: 0x0000000080004008 (0x00002c17) auipc   s8, 0x2
core   0: 3 0x0000000080004008 (0x00002c17) x24 0x0000000080006008
core   0: 0x000000008000400c (0x080c0c13) addi    s8, s8, 128
core   0: 3 0x000000008000400c (0x080c0c13) x24 0x0000000080006088
core   0: 0x0000000080004010 (0x000c00e7) jalr    s8
core   0: 3 0x0000000080004010 (0x000c00e7) x1  0x0000000080004014
core   0: >>>>  any_handler
core   0: 0x0000000080006088 (0x341027f3) csrrs   a5, mepc, zero
core   0: 3 0x0000000080006088 (0x341027f3) x15 0x0000000080006026
core   0: 0x000000008000608c (0x34202773) csrrs   a4, mcause, zero
core   0: 3 0x000000008000608c (0x34202773) x14 0x0000000000000002
core   0: 0x0000000080006090 (0x142026f3) csrrs   a3, scause, zero
core   0: 3 0x0000000080006090 (0x142026f3) x13 0x0000000000000000
core   0: 0x0000000080006094 (0x30402673) csrrs   a2, mie, zero
core   0: 3 0x0000000080006094 (0x30402673) x12 0x0000000000000a00
core   0: 0x0000000080006098 (0x344025f3) csrrs   a1, mip, zero
core   0: 3 0x0000000080006098 (0x344025f3) x11 0x0000000000000080
core   0: 0x000000008000609c (0x343025f3) csrrs   a1, mtval, zero
core   0: 3 0x000000008000609c (0x343025f3) x11 0x00000000034c7a53
core   0: 0x00000000800060a0 (0x14302573) csrrs   a0, stval, zero
core   0: 3 0x00000000800060a0 (0x14302573) x10 0x000000000000000b
core   0: 0x00000000800060a4 (0xb02024f3) csrrs   s1, minstret, zero
core   0: 3 0x00000000800060a4 (0xb02024f3) x9  0x00000000000012c0
core   0: 0x00000000800060a8 (0x0000a811) c.j     pc + 20
core   0: 3 0x00000000800060a8 (0xa811)
core   0: >>>>  mepc_4
core   0: 0x00000000800060bc (0x00000791) c.addi  a5, 4
core   0: 3 0x00000000800060bc (0x0791) x15 0x000000008000602a
core   0: 0x00000000800060be (0x34179073) csrrw   zero, mepc, a5
core   0: 3 0x00000000800060be (0x34179073) c833_mepc 0x000000008000602a
core   0: 0x00000000800060c2 (0x30200073) mret
core   0: 3 0x00000000800060c2 (0x30200073) c768_mstatus 0x8000000a00106080
core   0: 0x000000008000602a (0x034d0a3b) mulw    s4, s10, s4
core   0: 1 0x000000008000602a (0x034d0a3b) x20 0x000000004ec80000
core   0: 0x000000008000602e (0xf11925f3) csrrs   a1, mvendorid, s2
core   0: exception trap_illegal_instruction, epc 0x000000008000602e
core   0:           tval 0x00000000f11925f3
core   0: >>>>  $xrv64i2p1_m2p0_a2p1_f2p2_d2p2_zicsr2p0_zifencei2p0_zmmul1p0_zba1p0_zbb1p0_zbc1p0_zbs1p0
core   0: 0x0000000080004000 (0x0080006f) j       pc + 0x8
core   0: 3 0x0000000080004000 (0x0080006f)
core   0: >>>>  mmode_exception_handler
core   0: 0x0000000080004008 (0x00002c17) auipc   s8, 0x2
core   0: 3 0x0000000080004008 (0x00002c17) x24 0x0000000080006008
core   0: 0x000000008000400c (0x080c0c13) addi    s8, s8, 128
core   0: 3 0x000000008000400c (0x080c0c13) x24 0x0000000080006088
core   0: 0x0000000080004010 (0x000c00e7) jalr    s8
core   0: 3 0x0000000080004010 (0x000c00e7) x1  0x0000000080004014
core   0: >>>>  any_handler
core   0: 0x0000000080006088 (0x341027f3) csrrs   a5, mepc, zero
core   0: 3 0x0000000080006088 (0x341027f3) x15 0x000000008000602e
core   0: 0x000000008000608c (0x34202773) csrrs   a4, mcause, zero
core   0: 3 0x000000008000608c (0x34202773) x14 0x0000000000000002
core   0: 0x0000000080006090 (0x142026f3) csrrs   a3, scause, zero
core   0: 3 0x0000000080006090 (0x142026f3) x13 0x0000000000000000
core   0: 0x0000000080006094 (0x30402673) csrrs   a2, mie, zero
core   0: 3 0x0000000080006094 (0x30402673) x12 0x0000000000000a00
core   0: 0x0000000080006098 (0x344025f3) csrrs   a1, mip, zero
core   0: 3 0x0000000080006098 (0x344025f3) x11 0x0000000000000080
core   0: 0x000000008000609c (0x343025f3) csrrs   a1, mtval, zero
core   0: 3 0x000000008000609c (0x343025f3) x11 0x00000000f11925f3
core   0: 0x00000000800060a0 (0x14302573) csrrs   a0, stval, zero
core   0: 3 0x00000000800060a0 (0x14302573) x10 0x000000000000000b
core   0: 0x00000000800060a4 (0xb02024f3) csrrs   s1, minstret, zero
core   0: 3 0x00000000800060a4 (0xb02024f3) x9  0x00000000000012d1
core   0: 0x00000000800060a8 (0x0000a811) c.j     pc + 20
core   0: 3 0x00000000800060a8 (0xa811)
core   0: >>>>  mepc_4
core   0: 0x00000000800060bc (0x00000791) c.addi  a5, 4
core   0: 3 0x00000000800060bc (0x0791) x15 0x0000000080006032
core   0: 0x00000000800060be (0x34179073) csrrw   zero, mepc, a5
core   0: 3 0x00000000800060be (0x34179073) c833_mepc 0x0000000080006032
core   0: 0x00000000800060c2 (0x30200073) mret
core   0: 3 0x00000000800060c2 (0x30200073) c768_mstatus 0x8000000a00106080
core   0: 0x0000000080006032 (0x035a8ab3) mul     s5, s5, s5
core   0: 1 0x0000000080006032 (0x035a8ab3) x21 0x2a9f843a41555ea4
core   0: 0x0000000080006036 (0x0ff0000f) fence   iorw,iorw
core   0: 1 0x0000000080006036 (0x0ff0000f)
core   0: 0x000000008000603a (0x030aa0b3) mulhsu  ra, s5, a6
core   0: 1 0x000000008000603a (0x030aa0b3) x1  0x2a9f84272b658c5d
core   0: 0x000000008000603e (0x9c0d8b17) auipc   s6, 0x9c0d8
core   0: 1 0x000000008000603e (0x9c0d8b17) x22 0x000000001c0de03e
core   0: 0x0000000080006042 (0xc2367d53) fcvt.lu.d s10, fa2
core   0: exception trap_illegal_instruction, epc 0x0000000080006042
core   0:           tval 0x00000000c2367d53
core   0: >>>>  $xrv64i2p1_m2p0_a2p1_f2p2_d2p2_zicsr2p0_zifencei2p0_zmmul1p0_zba1p0_zbb1p0_zbc1p0_zbs1p0
core   0: 0x0000000080004000 (0x0080006f) j       pc + 0x8
core   0: 3 0x0000000080004000 (0x0080006f)
core   0: >>>>  mmode_exception_handler
core   0: 0x0000000080004008 (0x00002c17) auipc   s8, 0x2
core   0: 3 0x0000000080004008 (0x00002c17) x24 0x0000000080006008
core   0: 0x000000008000400c (0x080c0c13) addi    s8, s8, 128
core   0: 3 0x000000008000400c (0x080c0c13) x24 0x0000000080006088
core   0: 0x0000000080004010 (0x000c00e7) jalr    s8
core   0: 3 0x0000000080004010 (0x000c00e7) x1  0x0000000080004014
core   0: >>>>  any_handler
core   0: 0x0000000080006088 (0x341027f3) csrrs   a5, mepc, zero
core   0: 3 0x0000000080006088 (0x341027f3) x15 0x0000000080006042
core   0: 0x000000008000608c (0x34202773) csrrs   a4, mcause, zero
core   0: 3 0x000000008000608c (0x34202773) x14 0x0000000000000002
core   0: 0x0000000080006090 (0x142026f3) csrrs   a3, scause, zero
core   0: 3 0x0000000080006090 (0x142026f3) x13 0x0000000000000000
core   0: 0x0000000080006094 (0x30402673) csrrs   a2, mie, zero
core   0: 3 0x0000000080006094 (0x30402673) x12 0x0000000000000a00
core   0: 0x0000000080006098 (0x344025f3) csrrs   a1, mip, zero
core   0: 3 0x0000000080006098 (0x344025f3) x11 0x0000000000000080
core   0: 0x000000008000609c (0x343025f3) csrrs   a1, mtval, zero
core   0: 3 0x000000008000609c (0x343025f3) x11 0x00000000c2367d53
core   0: 0x00000000800060a0 (0x14302573) csrrs   a0, stval, zero
core   0: 3 0x00000000800060a0 (0x14302573) x10 0x000000000000000b
core   0: 0x00000000800060a4 (0xb02024f3) csrrs   s1, minstret, zero
core   0: 3 0x00000000800060a4 (0xb02024f3) x9  0x00000000000012e5
core   0: 0x00000000800060a8 (0x0000a811) c.j     pc + 20
core   0: 3 0x00000000800060a8 (0xa811)
core   0: >>>>  mepc_4
core   0: 0x00000000800060bc (0x00000791) c.addi  a5, 4
core   0: 3 0x00000000800060bc (0x0791) x15 0x0000000080006046
core   0: 0x00000000800060be (0x34179073) csrrw   zero, mepc, a5
core   0: 3 0x00000000800060be (0x34179073) c833_mepc 0x0000000080006046
core   0: 0x00000000800060c2 (0x30200073) mret
core   0: 3 0x00000000800060c2 (0x30200073) c768_mstatus 0x8000000a00106080
core   0: 0x0000000080006046 (0x407ad49b) sraiw   s1, s5, 7
core   0: 1 0x0000000080006046 (0x407ad49b) x9  0x000000000082aabd
core   0: 0x000000008000604a (0xa2c600d3) fle.d   ra, fa2, fa2
core   0: 1 0x000000008000604a (0xa2c600d3) x1  0x0000000000000001
core   0: 0x000000008000604e (0xd03370d3) fcvt.s.lu ft1, t1
core   0: exception trap_illegal_instruction, epc 0x000000008000604e
core   0:           tval 0x00000000d03370d3
core   0: >>>>  $xrv64i2p1_m2p0_a2p1_f2p2_d2p2_zicsr2p0_zifencei2p0_zmmul1p0_zba1p0_zbb1p0_zbc1p0_zbs1p0
core   0: 0x0000000080004000 (0x0080006f) j       pc + 0x8
core   0: 3 0x0000000080004000 (0x0080006f)
core   0: >>>>  mmode_exception_handler
core   0: 0x0000000080004008 (0x00002c17) auipc   s8, 0x2
core   0: 3 0x0000000080004008 (0x00002c17) x24 0x0000000080006008
core   0: 0x000000008000400c (0x080c0c13) addi    s8, s8, 128
core   0: 3 0x000000008000400c (0x080c0c13) x24 0x0000000080006088
core   0: 0x0000000080004010 (0x000c00e7) jalr    s8
core   0: 3 0x0000000080004010 (0x000c00e7) x1  0x0000000080004014
core   0: >>>>  any_handler
core   0: 0x0000000080006088 (0x341027f3) csrrs   a5, mepc, zero
core   0: 3 0x0000000080006088 (0x341027f3) x15 0x000000008000604e
core   0: 0x000000008000608c (0x34202773) csrrs   a4, mcause, zero
core   0: 3 0x000000008000608c (0x34202773) x14 0x0000000000000002
core   0: 0x0000000080006090 (0x142026f3) csrrs   a3, scause, zero
core   0: 3 0x0000000080006090 (0x142026f3) x13 0x0000000000000000
core   0: 0x0000000080006094 (0x30402673) csrrs   a2, mie, zero
core   0: 3 0x0000000080006094 (0x30402673) x12 0x0000000000000a00
core   0: 0x0000000080006098 (0x344025f3) csrrs   a1, mip, zero
core   0: 3 0x0000000080006098 (0x344025f3) x11 0x0000000000000080
core   0: 0x000000008000609c (0x343025f3) csrrs   a1, mtval, zero
core   0: 3 0x000000008000609c (0x343025f3) x11 0x00000000d03370d3
core   0: 0x00000000800060a0 (0x14302573) csrrs   a0, stval, zero
core   0: 3 0x00000000800060a0 (0x14302573) x10 0x000000000000000b
core   0: 0x00000000800060a4 (0xb02024f3) csrrs   s1, minstret, zero
core   0: 3 0x00000000800060a4 (0xb02024f3) x9  0x00000000000012f7
core   0: 0x00000000800060a8 (0x0000a811) c.j     pc + 20
core   0: 3 0x00000000800060a8 (0xa811)
core   0: >>>>  mepc_4
core   0: 0x00000000800060bc (0x00000791) c.addi  a5, 4
core   0: 3 0x00000000800060bc (0x0791) x15 0x0000000080006052
core   0: 0x00000000800060be (0x34179073) csrrw   zero, mepc, a5
core   0: 3 0x00000000800060be (0x34179073) c833_mepc 0x0000000080006052
core   0: 0x00000000800060c2 (0x30200073) mret
core   0: 3 0x00000000800060c2 (0x30200073) c768_mstatus 0x8000000a00106080
core   0: 0x0000000080006052 (0x02ae6e33) rem     t3, t3, a0
core   0: 1 0x0000000080006052 (0x02ae6e33) x28 0xffffffffffffffff
core   0: 0x0000000080006056 (0xd03c7653) fcvt.s.lu fa2, s8
core   0: exception trap_illegal_instruction, epc 0x0000000080006056
core   0:           tval 0x00000000d03c7653
core   0: >>>>  $xrv64i2p1_m2p0_a2p1_f2p2_d2p2_zicsr2p0_zifencei2p0_zmmul1p0_zba1p0_zbb1p0_zbc1p0_zbs1p0
core   0: 0x0000000080004000 (0x0080006f) j       pc + 0x8
core   0: 3 0x0000000080004000 (0x0080006f)
core   0: >>>>  mmode_exception_handler
core   0: 0x0000000080004008 (0x00002c17) auipc   s8, 0x2
core   0: 3 0x0000000080004008 (0x00002c17) x24 0x0000000080006008
core   0: 0x000000008000400c (0x080c0c13) addi    s8, s8, 128
core   0: 3 0x000000008000400c (0x080c0c13) x24 0x0000000080006088
core   0: 0x0000000080004010 (0x000c00e7) jalr    s8
core   0: 3 0x0000000080004010 (0x000c00e7) x1  0x0000000080004014
core   0: >>>>  any_handler
core   0: 0x0000000080006088 (0x341027f3) csrrs   a5, mepc, zero
core   0: 3 0x0000000080006088 (0x341027f3) x15 0x0000000080006056
core   0: 0x000000008000608c (0x34202773) csrrs   a4, mcause, zero
core   0: 3 0x000000008000608c (0x34202773) x14 0x0000000000000002
core   0: 0x0000000080006090 (0x142026f3) csrrs   a3, scause, zero
core   0: 3 0x0000000080006090 (0x142026f3) x13 0x0000000000000000
core   0: 0x0000000080006094 (0x30402673) csrrs   a2, mie, zero
core   0: 3 0x0000000080006094 (0x30402673) x12 0x0000000000000a00
core   0: 0x0000000080006098 (0x344025f3) csrrs   a1, mip, zero
core   0: 3 0x0000000080006098 (0x344025f3) x11 0x0000000000000080
core   0: 0x000000008000609c (0x343025f3) csrrs   a1, mtval, zero
core   0: 3 0x000000008000609c (0x343025f3) x11 0x00000000d03c7653
core   0: 0x00000000800060a0 (0x14302573) csrrs   a0, stval, zero
core   0: 3 0x00000000800060a0 (0x14302573) x10 0x000000000000000b
core   0: 0x00000000800060a4 (0xb02024f3) csrrs   s1, minstret, zero
core   0: 3 0x00000000800060a4 (0xb02024f3) x9  0x0000000000001308
core   0: 0x00000000800060a8 (0x0000a811) c.j     pc + 20
core   0: 3 0x00000000800060a8 (0xa811)
core   0: >>>>  mepc_4
core   0: 0x00000000800060bc (0x00000791) c.addi  a5, 4
core   0: 3 0x00000000800060bc (0x0791) x15 0x000000008000605a
core   0: 0x00000000800060be (0x34179073) csrrw   zero, mepc, a5
core   0: 3 0x00000000800060be (0x34179073) c833_mepc 0x000000008000605a
core   0: 0x00000000800060c2 (0x30200073) mret
core   0: 3 0x00000000800060c2 (0x30200073) c768_mstatus 0x8000000a00106080
core   0: 0x000000008000605a (0x0065163b) sllw    a2, a0, t1
core   0: 1 0x000000008000605a (0x0065163b) x12 0x0000000000b00000
core   0: 0x000000008000605e (0x40e1813b) subw    sp, gp, a4
core   0: 1 0x000000008000605e (0x40e1813b) x2  0xffffffffc23d79d1
core   0: 0x0000000080006062 (0x4170853b) subw    a0, ra, s7
core   0: 1 0x0000000080006062 (0x4170853b) x10 0xffffffff80004014
core   0: 0x0000000080006066 (0x017a20b3) slt     ra, s4, s7
core   0: 1 0x0000000080006066 (0x017a20b3) x1  0x0000000000000000
core   0: 0x000000008000606a (0x0ab67fd3) fsub.d  ft11, fa2, fa1
core   0: exception trap_illegal_instruction, epc 0x000000008000606a
core   0:           tval 0x000000000ab67fd3
core   0: >>>>  $xrv64i2p1_m2p0_a2p1_f2p2_d2p2_zicsr2p0_zifencei2p0_zmmul1p0_zba1p0_zbb1p0_zbc1p0_zbs1p0
core   0: 0x0000000080004000 (0x0080006f) j       pc + 0x8
core   0: 3 0x0000000080004000 (0x0080006f)
core   0: >>>>  mmode_exception_handler
core   0: 0x0000000080004008 (0x00002c17) auipc   s8, 0x2
core   0: 3 0x0000000080004008 (0x00002c17) x24 0x0000000080006008
core   0: 0x000000008000400c (0x080c0c13) addi    s8, s8, 128
core   0: 3 0x000000008000400c (0x080c0c13) x24 0x0000000080006088
core   0: 0x0000000080004010 (0x000c00e7) jalr    s8
core   0: 3 0x0000000080004010 (0x000c00e7) x1  0x0000000080004014
core   0: >>>>  any_handler
core   0: 0x0000000080006088 (0x341027f3) csrrs   a5, mepc, zero
core   0: 3 0x0000000080006088 (0x341027f3) x15 0x000000008000606a
core   0: 0x000000008000608c (0x34202773) csrrs   a4, mcause, zero
core   0: 3 0x000000008000608c (0x34202773) x14 0x0000000000000002
core   0: 0x0000000080006090 (0x142026f3) csrrs   a3, scause, zero
core   0: 3 0x0000000080006090 (0x142026f3) x13 0x0000000000000000
core   0: 0x0000000080006094 (0x30402673) csrrs   a2, mie, zero
core   0: 3 0x0000000080006094 (0x30402673) x12 0x0000000000000a00
core   0: 0x0000000080006098 (0x344025f3) csrrs   a1, mip, zero
core   0: 3 0x0000000080006098 (0x344025f3) x11 0x0000000000000080
core   0: 0x000000008000609c (0x343025f3) csrrs   a1, mtval, zero
core   0: 3 0x000000008000609c (0x343025f3) x11 0x000000000ab67fd3
core   0: 0x00000000800060a0 (0x14302573) csrrs   a0, stval, zero
core   0: 3 0x00000000800060a0 (0x14302573) x10 0x000000000000000b
core   0: 0x00000000800060a4 (0xb02024f3) csrrs   s1, minstret, zero
core   0: 3 0x00000000800060a4 (0xb02024f3) x9  0x000000000000131c
core   0: 0x00000000800060a8 (0x0000a811) c.j     pc + 20
core   0: 3 0x00000000800060a8 (0xa811)
core   0: >>>>  mepc_4
core   0: 0x00000000800060bc (0x00000791) c.addi  a5, 4
core   0: 3 0x00000000800060bc (0x0791) x15 0x000000008000606e
core   0: 0x00000000800060be (0x34179073) csrrw   zero, mepc, a5
core   0: 3 0x00000000800060be (0x34179073) c833_mepc 0x000000008000606e
core   0: 0x00000000800060c2 (0x30200073) mret
core   0: 3 0x00000000800060c2 (0x30200073) c768_mstatus 0x8000000a00106080
core   0: 0x000000008000606e (0x0236d1b3) divu    gp, a3, gp
core   0: 1 0x000000008000606e (0x0236d1b3) x3  0x0000000000000000
core   0: 0x0000000080006072 (0x03a80d3b) mulw    s10, a6, s10
core   0: 1 0x0000000080006072 (0x03a80d3b) x26 0x0000000001f00000
core   0: 0x0000000080006076 (0x32057673) csrrci  a2, mcountinhibit, 10
core   0: exception trap_illegal_instruction, epc 0x0000000080006076
core   0:           tval 0x0000000032057673
core   0: >>>>  $xrv64i2p1_m2p0_a2p1_f2p2_d2p2_zicsr2p0_zifencei2p0_zmmul1p0_zba1p0_zbb1p0_zbc1p0_zbs1p0
core   0: 0x0000000080004000 (0x0080006f) j       pc + 0x8
core   0: 3 0x0000000080004000 (0x0080006f)
core   0: >>>>  mmode_exception_handler
core   0: 0x0000000080004008 (0x00002c17) auipc   s8, 0x2
core   0: 3 0x0000000080004008 (0x00002c17) x24 0x0000000080006008
core   0: 0x000000008000400c (0x080c0c13) addi    s8, s8, 128
core   0: 3 0x000000008000400c (0x080c0c13) x24 0x0000000080006088
core   0: 0x0000000080004010 (0x000c00e7) jalr    s8
core   0: 3 0x0000000080004010 (0x000c00e7) x1  0x0000000080004014
core   0: >>>>  any_handler
core   0: 0x0000000080006088 (0x341027f3) csrrs   a5, mepc, zero
core   0: 3 0x0000000080006088 (0x341027f3) x15 0x0000000080006076
core   0: 0x000000008000608c (0x34202773) csrrs   a4, mcause, zero
core   0: 3 0x000000008000608c (0x34202773) x14 0x0000000000000002
core   0: 0x0000000080006090 (0x142026f3) csrrs   a3, scause, zero
core   0: 3 0x0000000080006090 (0x142026f3) x13 0x0000000000000000
core   0: 0x0000000080006094 (0x30402673) csrrs   a2, mie, zero
core   0: 3 0x0000000080006094 (0x30402673) x12 0x0000000000000a00
core   0: 0x0000000080006098 (0x344025f3) csrrs   a1, mip, zero
core   0: 3 0x0000000080006098 (0x344025f3) x11 0x0000000000000080
core   0: 0x000000008000609c (0x343025f3) csrrs   a1, mtval, zero
core   0: 3 0x000000008000609c (0x343025f3) x11 0x0000000032057673
core   0: 0x00000000800060a0 (0x14302573) csrrs   a0, stval, zero
core   0: 3 0x00000000800060a0 (0x14302573) x10 0x000000000000000b
core   0: 0x00000000800060a4 (0xb02024f3) csrrs   s1, minstret, zero
core   0: 3 0x00000000800060a4 (0xb02024f3) x9  0x000000000000132e
core   0: 0x00000000800060a8 (0x0000a811) c.j     pc + 20
core   0: 3 0x00000000800060a8 (0xa811)
core   0: >>>>  mepc_4
core   0: 0x00000000800060bc (0x00000791) c.addi  a5, 4
core   0: 3 0x00000000800060bc (0x0791) x15 0x000000008000607a
core   0: 0x00000000800060be (0x34179073) csrrw   zero, mepc, a5
core   0: 3 0x00000000800060be (0x34179073) c833_mepc 0x000000008000607a
core   0: 0x00000000800060c2 (0x30200073) mret
core   0: 3 0x00000000800060c2 (0x30200073) c768_mstatus 0x8000000a00106080
core   0: 0x000000008000607a (0xc225f1d3) fcvt.l.d gp, fa1
core   0: exception trap_illegal_instruction, epc 0x000000008000607a
core   0:           tval 0x00000000c225f1d3
core   0: >>>>  $xrv64i2p1_m2p0_a2p1_f2p2_d2p2_zicsr2p0_zifencei2p0_zmmul1p0_zba1p0_zbb1p0_zbc1p0_zbs1p0
core   0: 0x0000000080004000 (0x0080006f) j       pc + 0x8
core   0: 3 0x0000000080004000 (0x0080006f)
core   0: >>>>  mmode_exception_handler
core   0: 0x0000000080004008 (0x00002c17) auipc   s8, 0x2
core   0: 3 0x0000000080004008 (0x00002c17) x24 0x0000000080006008
core   0: 0x000000008000400c (0x080c0c13) addi    s8, s8, 128
core   0: 3 0x000000008000400c (0x080c0c13) x24 0x0000000080006088
core   0: 0x0000000080004010 (0x000c00e7) jalr    s8
core   0: 3 0x0000000080004010 (0x000c00e7) x1  0x0000000080004014
core   0: >>>>  any_handler
core   0: 0x0000000080006088 (0x341027f3) csrrs   a5, mepc, zero
core   0: 3 0x0000000080006088 (0x341027f3) x15 0x000000008000607a
core   0: 0x000000008000608c (0x34202773) csrrs   a4, mcause, zero
core   0: 3 0x000000008000608c (0x34202773) x14 0x0000000000000002
core   0: 0x0000000080006090 (0x142026f3) csrrs   a3, scause, zero
core   0: 3 0x0000000080006090 (0x142026f3) x13 0x0000000000000000
core   0: 0x0000000080006094 (0x30402673) csrrs   a2, mie, zero
core   0: 3 0x0000000080006094 (0x30402673) x12 0x0000000000000a00
core   0: 0x0000000080006098 (0x344025f3) csrrs   a1, mip, zero
core   0: 3 0x0000000080006098 (0x344025f3) x11 0x0000000000000080
core   0: 0x000000008000609c (0x343025f3) csrrs   a1, mtval, zero
core   0: 3 0x000000008000609c (0x343025f3) x11 0x00000000c225f1d3
core   0: 0x00000000800060a0 (0x14302573) csrrs   a0, stval, zero
core   0: 3 0x00000000800060a0 (0x14302573) x10 0x000000000000000b
core   0: 0x00000000800060a4 (0xb02024f3) csrrs   s1, minstret, zero
core   0: 3 0x00000000800060a4 (0xb02024f3) x9  0x000000000000133e
core   0: 0x00000000800060a8 (0x0000a811) c.j     pc + 20
core   0: 3 0x00000000800060a8 (0xa811)
core   0: >>>>  mepc_4
core   0: 0x00000000800060bc (0x00000791) c.addi  a5, 4
core   0: 3 0x00000000800060bc (0x0791) x15 0x000000008000607e
core   0: 0x00000000800060be (0x34179073) csrrw   zero, mepc, a5
core   0: 3 0x00000000800060be (0x34179073) c833_mepc 0x000000008000607e
core   0: 0x00000000800060c2 (0x30200073) mret
core   0: 3 0x00000000800060c2 (0x30200073) c768_mstatus 0x8000000a00106080
core   0: 0x000000008000607e (0x034a083b) mulw    a6, s4, s4
core   0: 1 0x000000008000607e (0x034a083b) x16 0x0000000000000000
core   0: >>>>  write_tohost
core   0: 0x0000000080006082 (0x962fa0ef) jal     pc - 0x5e9e
core   0: 1 0x0000000080006082 (0x962fa0ef) x1  0x0000000080006086
core   0: >>>>  _exit
core   0: 0x00000000800001e4 (0x00004505) c.li    a0, 1
core   0: 1 0x00000000800001e4 (0x4505) x10 0x0000000000000001
core   0: 0x00000000800001e6 (0x00001f17) auipc   t5, 0x1
core   0: 1 0x00000000800001e6 (0x00001f17) x30 0x00000000800011e6
core   0: 0x00000000800001ea (0xe0af2d23) sw      a0, -486(t5)
core   0: 1 0x00000000800001ea (0xe0af2d23) mem 0x0000000080001000 0x00000001
cp /home/server/RISCV/cva6/verif/sim/out/seed_1631/spike_sim/new_seeds_1631_.cv64a6_imafdc_sv39.log.iss /home/server/RISCV/cva6/verif/sim/out/seed_1631/spike_sim/new_seeds_1631_.cv64a6_imafdc_sv39.log
