Makefile:14: must set CVA6_REPO_DIR to point at the root of CVA6 sources and CVA6_TB_DIR to point here -- doing it for you...
LD_LIBRARY_PATH="$(realpath ../../tools/spike/lib):$LD_LIBRARY_PATH" \
	/home/server/RISCV/cva6/tools/spike/bin/spike --steps=2000000  --log-commits --isa=rv64gc_zba_zbb_zbs_zbc_zicsr_zifencei --priv=msu -l /home/server/RISCV/cva6/verif/sim/out/seed_556/directed_asm_tests/new_seeds_556_.o
[SPIKE] Max simulation steps: 2000000
[SPIKE] Proc 0 | ISA: rv64gc_zba_zbb_zbs_zbc_zicsr_zifencei PRIV: msu
[SPIKE] Initializing memories...
core   0: 0x0000000000010000 (0x00100413) li      s0, 1
core   0: 3 0x0000000000010000 (0x00100413) x8  0x0000000000000001
core   0: 0x0000000000010004 (0x01f41413) slli    s0, s0, 31
core   0: 3 0x0000000000010004 (0x01f41413) x8  0x0000000080000000
core   0: 0x0000000000010008 (0xf1402573) csrrs   a0, mhartid, zero
core   0: 3 0x0000000000010008 (0xf1402573) x10 0x0000000000000000
core   0: 0x000000000001000c (0x00000597) auipc   a1, 0x0
core   0: 3 0x000000000001000c (0x00000597) x11 0x000000000001000c
core   0: 0x0000000000010010 (0x07458593) addi    a1, a1, 116
core   0: 3 0x0000000000010010 (0x07458593) x11 0x0000000000010080
core   0: 0x0000000000010014 (0x00040067) jr      s0
core   0: 3 0x0000000000010014 (0x00040067)
core   0: >>>>  _start
core   0: 0x0000000080000000 (0x00004081) c.li    ra, 0
core   0: 3 0x0000000080000000 (0x4081) x1  0x0000000000000000
core   0: 0x0000000080000002 (0x00004101) c.li    sp, 0
core   0: 3 0x0000000080000002 (0x4101) x2  0x0000000000000000
core   0: 0x0000000080000004 (0x00004181) c.li    gp, 0
core   0: 3 0x0000000080000004 (0x4181) x3  0x0000000000000000
core   0: 0x0000000080000006 (0x00004201) c.li    tp, 0
core   0: 3 0x0000000080000006 (0x4201) x4  0x0000000000000000
core   0: 0x0000000080000008 (0x00004281) c.li    t0, 0
core   0: 3 0x0000000080000008 (0x4281) x5  0x0000000000000000
core   0: 0x000000008000000a (0x00004301) c.li    t1, 0
core   0: 3 0x000000008000000a (0x4301) x6  0x0000000000000000
core   0: 0x000000008000000c (0x00004381) c.li    t2, 0
core   0: 3 0x000000008000000c (0x4381) x7  0x0000000000000000
core   0: 0x000000008000000e (0x00004401) c.li    s0, 0
core   0: 3 0x000000008000000e (0x4401) x8  0x0000000000000000
core   0: 0x0000000080000010 (0x00004481) c.li    s1, 0
core   0: 3 0x0000000080000010 (0x4481) x9  0x0000000000000000
core   0: 0x0000000080000012 (0x00004501) c.li    a0, 0
core   0: 3 0x0000000080000012 (0x4501) x10 0x0000000000000000
core   0: 0x0000000080000014 (0x00004581) c.li    a1, 0
core   0: 3 0x0000000080000014 (0x4581) x11 0x0000000000000000
core   0: 0x0000000080000016 (0x00004601) c.li    a2, 0
core   0: 3 0x0000000080000016 (0x4601) x12 0x0000000000000000
core   0: 0x0000000080000018 (0x00004681) c.li    a3, 0
core   0: 3 0x0000000080000018 (0x4681) x13 0x0000000000000000
core   0: 0x000000008000001a (0x00004701) c.li    a4, 0
core   0: 3 0x000000008000001a (0x4701) x14 0x0000000000000000
core   0: 0x000000008000001c (0x00004781) c.li    a5, 0
core   0: 3 0x000000008000001c (0x4781) x15 0x0000000000000000
core   0: 0x000000008000001e (0x00004801) c.li    a6, 0
core   0: 3 0x000000008000001e (0x4801) x16 0x0000000000000000
core   0: 0x0000000080000020 (0x00004881) c.li    a7, 0
core   0: 3 0x0000000080000020 (0x4881) x17 0x0000000000000000
core   0: 0x0000000080000022 (0x00004901) c.li    s2, 0
core   0: 3 0x0000000080000022 (0x4901) x18 0x0000000000000000
core   0: 0x0000000080000024 (0x00004981) c.li    s3, 0
core   0: 3 0x0000000080000024 (0x4981) x19 0x0000000000000000
core   0: 0x0000000080000026 (0x00004a01) c.li    s4, 0
core   0: 3 0x0000000080000026 (0x4a01) x20 0x0000000000000000
core   0: 0x0000000080000028 (0x00004a81) c.li    s5, 0
core   0: 3 0x0000000080000028 (0x4a81) x21 0x0000000000000000
core   0: 0x000000008000002a (0x00004b01) c.li    s6, 0
core   0: 3 0x000000008000002a (0x4b01) x22 0x0000000000000000
core   0: 0x000000008000002c (0x00004b81) c.li    s7, 0
core   0: 3 0x000000008000002c (0x4b81) x23 0x0000000000000000
core   0: 0x000000008000002e (0x00004c01) c.li    s8, 0
core   0: 3 0x000000008000002e (0x4c01) x24 0x0000000000000000
core   0: 0x0000000080000030 (0x00004c81) c.li    s9, 0
core   0: 3 0x0000000080000030 (0x4c81) x25 0x0000000000000000
core   0: 0x0000000080000032 (0x00004d01) c.li    s10, 0
core   0: 3 0x0000000080000032 (0x4d01) x26 0x0000000000000000
core   0: 0x0000000080000034 (0x00004d81) c.li    s11, 0
core   0: 3 0x0000000080000034 (0x4d81) x27 0x0000000000000000
core   0: 0x0000000080000036 (0x00004e01) c.li    t3, 0
core   0: 3 0x0000000080000036 (0x4e01) x28 0x0000000000000000
core   0: 0x0000000080000038 (0x00004e81) c.li    t4, 0
core   0: 3 0x0000000080000038 (0x4e81) x29 0x0000000000000000
core   0: 0x000000008000003a (0x00004f01) c.li    t5, 0
core   0: 3 0x000000008000003a (0x4f01) x30 0x0000000000000000
core   0: 0x000000008000003c (0x00004f81) c.li    t6, 0
core   0: 3 0x000000008000003c (0x4f81) x31 0x0000000000000000
core   0: 0x000000008000003e (0x000062f9) c.lui   t0, 0x1e
core   0: 3 0x000000008000003e (0x62f9) x5  0x000000000001e000
core   0: 0x0000000080000040 (0x3002a073) csrrs   zero, mstatus, t0
core   0: 3 0x0000000080000040 (0x3002a073) c768_mstatus 0x8000000a00006000
core   0: 0x0000000080000044 (0x00004285) c.li    t0, 1
core   0: 3 0x0000000080000044 (0x4285) x5  0x0000000000000001
core   0: 0x0000000080000046 (0x000002fe) c.slli  t0, 31
core   0: 3 0x0000000080000046 (0x02fe) x5  0x0000000080000000
core   0: 0x0000000080000048 (0x0002d863) bge     t0, zero, pc + 16
core   0: 3 0x0000000080000048 (0x0002d863)
core   0: 0x0000000080000058 (0x00000297) auipc   t0, 0x0
core   0: 3 0x0000000080000058 (0x00000297) x5  0x0000000080000058
core   0: 0x000000008000005c (0x09028293) addi    t0, t0, 144
core   0: 3 0x000000008000005c (0x09028293) x5  0x00000000800000e8
core   0: 0x0000000080000060 (0x30529073) csrrw   zero, mtvec, t0
core   0: 3 0x0000000080000060 (0x30529073) c773_mtvec 0x00000000800000e8
core   0: 0x0000000080000064 (0x00301073) csrrw   zero, fcsr, zero
core   0: 3 0x0000000080000064 (0x00301073) c1_fflags 0x0000000000000000 c2_frm 0x0000000000000000
core   0: 0x0000000080000068 (0xf0000053) fmv.w.x ft0, zero
core   0: 3 0x0000000080000068 (0xf0000053) f0  0xffffffff00000000
core   0: 0x000000008000006c (0xf00000d3) fmv.w.x ft1, zero
core   0: 3 0x000000008000006c (0xf00000d3) f1  0xffffffff00000000
core   0: 0x0000000080000070 (0xf0000153) fmv.w.x ft2, zero
core   0: 3 0x0000000080000070 (0xf0000153) f2  0xffffffff00000000
core   0: 0x0000000080000074 (0xf00001d3) fmv.w.x ft3, zero
core   0: 3 0x0000000080000074 (0xf00001d3) f3  0xffffffff00000000
core   0: 0x0000000080000078 (0xf0000253) fmv.w.x ft4, zero
core   0: 3 0x0000000080000078 (0xf0000253) f4  0xffffffff00000000
core   0: 0x000000008000007c (0xf00002d3) fmv.w.x ft5, zero
core   0: 3 0x000000008000007c (0xf00002d3) f5  0xffffffff00000000
core   0: 0x0000000080000080 (0xf0000353) fmv.w.x ft6, zero
core   0: 3 0x0000000080000080 (0xf0000353) f6  0xffffffff00000000
core   0: 0x0000000080000084 (0xf00003d3) fmv.w.x ft7, zero
core   0: 3 0x0000000080000084 (0xf00003d3) f7  0xffffffff00000000
core   0: 0x0000000080000088 (0xf0000453) fmv.w.x fs0, zero
core   0: 3 0x0000000080000088 (0xf0000453) f8  0xffffffff00000000
core   0: 0x000000008000008c (0xf00004d3) fmv.w.x fs1, zero
core   0: 3 0x000000008000008c (0xf00004d3) f9  0xffffffff00000000
core   0: 0x0000000080000090 (0xf0000553) fmv.w.x fa0, zero
core   0: 3 0x0000000080000090 (0xf0000553) f10 0xffffffff00000000
core   0: 0x0000000080000094 (0xf00005d3) fmv.w.x fa1, zero
core   0: 3 0x0000000080000094 (0xf00005d3) f11 0xffffffff00000000
core   0: 0x0000000080000098 (0xf0000653) fmv.w.x fa2, zero
core   0: 3 0x0000000080000098 (0xf0000653) f12 0xffffffff00000000
core   0: 0x000000008000009c (0xf00006d3) fmv.w.x fa3, zero
core   0: 3 0x000000008000009c (0xf00006d3) f13 0xffffffff00000000
core   0: 0x00000000800000a0 (0xf0000753) fmv.w.x fa4, zero
core   0: 3 0x00000000800000a0 (0xf0000753) f14 0xffffffff00000000
core   0: 0x00000000800000a4 (0xf00007d3) fmv.w.x fa5, zero
core   0: 3 0x00000000800000a4 (0xf00007d3) f15 0xffffffff00000000
core   0: 0x00000000800000a8 (0xf0000853) fmv.w.x fa6, zero
core   0: 3 0x00000000800000a8 (0xf0000853) f16 0xffffffff00000000
core   0: 0x00000000800000ac (0xf00008d3) fmv.w.x fa7, zero
core   0: 3 0x00000000800000ac (0xf00008d3) f17 0xffffffff00000000
core   0: 0x00000000800000b0 (0xf0000953) fmv.w.x fs2, zero
core   0: 3 0x00000000800000b0 (0xf0000953) f18 0xffffffff00000000
core   0: 0x00000000800000b4 (0xf00009d3) fmv.w.x fs3, zero
core   0: 3 0x00000000800000b4 (0xf00009d3) f19 0xffffffff00000000
core   0: 0x00000000800000b8 (0xf0000a53) fmv.w.x fs4, zero
core   0: 3 0x00000000800000b8 (0xf0000a53) f20 0xffffffff00000000
core   0: 0x00000000800000bc (0xf0000ad3) fmv.w.x fs5, zero
core   0: 3 0x00000000800000bc (0xf0000ad3) f21 0xffffffff00000000
core   0: 0x00000000800000c0 (0xf0000b53) fmv.w.x fs6, zero
core   0: 3 0x00000000800000c0 (0xf0000b53) f22 0xffffffff00000000
core   0: 0x00000000800000c4 (0xf0000bd3) fmv.w.x fs7, zero
core   0: 3 0x00000000800000c4 (0xf0000bd3) f23 0xffffffff00000000
core   0: 0x00000000800000c8 (0xf0000c53) fmv.w.x fs8, zero
core   0: 3 0x00000000800000c8 (0xf0000c53) f24 0xffffffff00000000
core   0: 0x00000000800000cc (0xf0000cd3) fmv.w.x fs9, zero
core   0: 3 0x00000000800000cc (0xf0000cd3) f25 0xffffffff00000000
core   0: 0x00000000800000d0 (0xf0000d53) fmv.w.x fs10, zero
core   0: 3 0x00000000800000d0 (0xf0000d53) f26 0xffffffff00000000
core   0: 0x00000000800000d4 (0xf0000dd3) fmv.w.x fs11, zero
core   0: 3 0x00000000800000d4 (0xf0000dd3) f27 0xffffffff00000000
core   0: 0x00000000800000d8 (0xf0000e53) fmv.w.x ft8, zero
core   0: 3 0x00000000800000d8 (0xf0000e53) f28 0xffffffff00000000
core   0: 0x00000000800000dc (0xf0000ed3) fmv.w.x ft9, zero
core   0: 3 0x00000000800000dc (0xf0000ed3) f29 0xffffffff00000000
core   0: 0x00000000800000e0 (0xf0000f53) fmv.w.x ft10, zero
core   0: 3 0x00000000800000e0 (0xf0000f53) f30 0xffffffff00000000
core   0: 0x00000000800000e4 (0xf0000fd3) fmv.w.x ft11, zero
core   0: 3 0x00000000800000e4 (0xf0000fd3) f31 0xffffffff00000000
core   0: 0x00000000800000e8 (0x00000297) auipc   t0, 0x0
core   0: 3 0x00000000800000e8 (0x00000297) x5  0x00000000800000e8
core   0: 0x00000000800000ec (0x03c28293) addi    t0, t0, 60
core   0: 3 0x00000000800000ec (0x03c28293) x5  0x0000000080000124
core   0: 0x00000000800000f0 (0x30529073) csrrw   zero, mtvec, t0
core   0: 3 0x00000000800000f0 (0x30529073) c773_mtvec 0x0000000080000124
core   0: 0x00000000800000f4 (0x00012197) auipc   gp, 0x12
core   0: 3 0x00000000800000f4 (0x00012197) x3  0x00000000800120f4
core   0: 0x00000000800000f8 (0x73418193) addi    gp, gp, 1844
core   0: 3 0x00000000800000f8 (0x73418193) x3  0x0000000080012828
core   0: 0x00000000800000fc (0x00012217) auipc   tp, 0x12
core   0: 3 0x00000000800000fc (0x00012217) x4  0x00000000800120fc
core   0: 0x0000000080000100 (0xf8320213) addi    tp, tp, -125
core   0: 3 0x0000000080000100 (0xf8320213) x4  0x000000008001207f
core   0: 0x0000000080000104 (0xfc027213) andi    tp, tp, -64
core   0: 3 0x0000000080000104 (0xfc027213) x4  0x0000000080012040
core   0: 0x0000000080000108 (0xf1402573) csrrs   a0, mhartid, zero
core   0: 3 0x0000000080000108 (0xf1402573) x10 0x0000000000000000
core   0: 0x000000008000010c (0x00004585) c.li    a1, 1
core   0: 3 0x000000008000010c (0x4585) x11 0x0000000000000001
core   0: 0x000000008000010e (0x00b57063) bgeu    a0, a1, pc + 0
core   0: 3 0x000000008000010e (0x00b57063)
core   0: 0x0000000080000112 (0x00150113) addi    sp, a0, 1
core   0: 3 0x0000000080000112 (0x00150113) x2  0x0000000000000001
core   0: 0x0000000080000116 (0x00000146) c.slli  sp, 17
core   0: 3 0x0000000080000116 (0x0146) x2  0x0000000000020000
core   0: 0x0000000080000118 (0x00009112) c.add   sp, tp
core   0: 3 0x0000000080000118 (0x9112) x2  0x0000000080032040
core   0: 0x000000008000011a (0x01151613) slli    a2, a0, 17
core   0: 3 0x000000008000011a (0x01151613) x12 0x0000000000000000
core   0: 0x000000008000011e (0x00009232) c.add   tp, a2
core   0: 3 0x000000008000011e (0x9232) x4  0x0000000080012040
core   0: 0x0000000080000120 (0x3880f06f) j       pc + 0xf388
core   0: 3 0x0000000080000120 (0x3880f06f)
core   0: >>>>  _init
core   0: 0x000000008000f4a8 (0x00007171) c.addi16sp sp, -176
core   0: 3 0x000000008000f4a8 (0x7171) x2  0x0000000080031f90
core   0: 0x000000008000f4aa (0x0000f506) c.sdsp  ra, 168(sp)
core   0: 3 0x000000008000f4aa (0xf506) mem 0x0000000080032038 0x0000000000000000
core   0: 0x000000008000f4ac (0x0000f122) c.sdsp  s0, 160(sp)
core   0: 3 0x000000008000f4ac (0xf122) mem 0x0000000080032030 0x0000000000000000
core   0: 0x000000008000f4ae (0x0000ed26) c.sdsp  s1, 152(sp)
core   0: 3 0x000000008000f4ae (0xed26) mem 0x0000000080032028 0x0000000000000000
core   0: 0x000000008000f4b0 (0x00001900) c.addi4spn s0, sp, 176
core   0: 3 0x000000008000f4b0 (0x1900) x8  0x0000000080032040
core   0: 0x000000008000f4b2 (0x000087aa) c.mv    a5, a0
core   0: 3 0x000000008000f4b2 (0x87aa) x15 0x0000000000000000
core   0: 0x000000008000f4b4 (0x0000872e) c.mv    a4, a1
core   0: 3 0x000000008000f4b4 (0x872e) x14 0x0000000000000001
core   0: 0x000000008000f4b6 (0xf4f42e23) sw      a5, -164(s0)
core   0: 3 0x000000008000f4b6 (0xf4f42e23) mem 0x0000000080031f9c 0x00000000
core   0: 0x000000008000f4ba (0x000087ba) c.mv    a5, a4
core   0: 3 0x000000008000f4ba (0x87ba) x15 0x0000000000000001
core   0: 0x000000008000f4bc (0xf4f42c23) sw      a5, -168(s0)
core   0: 3 0x000000008000f4bc (0xf4f42c23) mem 0x0000000080031f98 0x00000001
core   0: 0x000000008000f4c0 (0xfe040793) addi    a5, s0, -32
core   0: 3 0x000000008000f4c0 (0xfe040793) x15 0x0000000080032020
core   0: 0x000000008000f4c4 (0xf4f43823) sd      a5, -176(s0)
core   0: 3 0x000000008000f4c4 (0xf4f43823) mem 0x0000000080031f90 0x0000000080032020
core   0: 0x000000008000f4c8 (0xf5043783) ld      a5, -176(s0)
core   0: 3 0x000000008000f4c8 (0xf5043783) x15 0x0000000080032020 mem 0x0000000080031f90
core   0: 0x000000008000f4cc (0xf8078793) addi    a5, a5, -128
core   0: 3 0x000000008000f4cc (0xf8078793) x15 0x0000000080031fa0
core   0: 0x000000008000f4d0 (0x03f78793) addi    a5, a5, 63
core   0: 3 0x000000008000f4d0 (0x03f78793) x15 0x0000000080031fdf
core   0: 0x000000008000f4d4 (0x00008399) c.srli  a5, 6
core   0: 3 0x000000008000f4d4 (0x8399) x15 0x0000000002000c7f
core   0: 0x000000008000f4d6 (0x00679493) slli    s1, a5, 6
core   0: 3 0x000000008000f4d6 (0x00679493) x9  0x0000000080031fc0
core   0: 0x000000008000f4da (0xf65ff0ef) jal     pc - 0x9c
core   0: 3 0x000000008000f4da (0xf65ff0ef) x1  0x000000008000f4de
core   0: >>>>  init_tls
core   0: 0x000000008000f43e (0x00001101) c.addi  sp, -32
core   0: 3 0x000000008000f43e (0x1101) x2  0x0000000080031f70
core   0: 0x000000008000f440 (0x0000ec06) c.sdsp  ra, 24(sp)
core   0: 3 0x000000008000f440 (0xec06) mem 0x0000000080031f88 0x000000008000f4de
core   0: 0x000000008000f442 (0x0000e822) c.sdsp  s0, 16(sp)
core   0: 3 0x000000008000f442 (0xe822) mem 0x0000000080031f80 0x0000000080032040
core   0: 0x000000008000f444 (0x00001000) c.addi4spn s0, sp, 32
core   0: 3 0x000000008000f444 (0x1000) x8  0x0000000080031f90
core   0: 0x000000008000f446 (0x00003717) auipc   a4, 0x3
core   0: 3 0x000000008000f446 (0x00003717) x14 0x0000000080012446
core   0: 0x000000008000f44a (0xbe270713) addi    a4, a4, -1054
core   0: 3 0x000000008000f44a (0xbe270713) x14 0x0000000080012028
core   0: 0x000000008000f44e (0x00003797) auipc   a5, 0x3
core   0: 3 0x000000008000f44e (0x00003797) x15 0x000000008001244e
core   0: 0x000000008000f452 (0xbda78793) addi    a5, a5, -1062
core   0: 3 0x000000008000f452 (0xbda78793) x15 0x0000000080012028
core   0: 0x000000008000f456 (0x40f707b3) sub     a5, a4, a5
core   0: 3 0x000000008000f456 (0x40f707b3) x15 0x0000000000000000
core   0: 0x000000008000f45a (0xfef43423) sd      a5, -24(s0)
core   0: 3 0x000000008000f45a (0xfef43423) mem 0x0000000080031f78 0x0000000000000000
core   0: 0x000000008000f45e (0x00008792) c.mv    a5, tp
core   0: 3 0x000000008000f45e (0x8792) x15 0x0000000080012040
core   0: 0x000000008000f460 (0xfe843603) ld      a2, -24(s0)
core   0: 3 0x000000008000f460 (0xfe843603) x12 0x0000000000000000 mem 0x0000000080031f78
core   0: 0x000000008000f464 (0x00003597) auipc   a1, 0x3
core   0: 3 0x000000008000f464 (0x00003597) x11 0x0000000080012464
core   0: 0x000000008000f468 (0xbc458593) addi    a1, a1, -1084
core   0: 3 0x000000008000f468 (0xbc458593) x11 0x0000000080012028
core   0: 0x000000008000f46c (0x0000853e) c.mv    a0, a5
core   0: 3 0x000000008000f46c (0x853e) x10 0x0000000080012040
core   0: 0x000000008000f46e (0x0f9000ef) jal     pc + 0x8f8
core   0: 3 0x000000008000f46e (0x0f9000ef) x1  0x000000008000f472
core   0: >>>>  memcpy
core   0: 0x000000008000fd66 (0x0000715d) c.addi16sp sp, -80
core   0: 3 0x000000008000fd66 (0x715d) x2  0x0000000080031f20
core   0: 0x000000008000fd68 (0x0000e4a2) c.sdsp  s0, 72(sp)
core   0: 3 0x000000008000fd68 (0xe4a2) mem 0x0000000080031f68 0x0000000080031f90
core   0: 0x000000008000fd6a (0x00000880) c.addi4spn s0, sp, 80
core   0: 3 0x000000008000fd6a (0x0880) x8  0x0000000080031f70
core   0: 0x000000008000fd6c (0xfca43423) sd      a0, -56(s0)
core   0: 3 0x000000008000fd6c (0xfca43423) mem 0x0000000080031f38 0x0000000080012040
core   0: 0x000000008000fd70 (0xfcb43023) sd      a1, -64(s0)
core   0: 3 0x000000008000fd70 (0xfcb43023) mem 0x0000000080031f30 0x0000000080012028
core   0: 0x000000008000fd74 (0xfac43c23) sd      a2, -72(s0)
core   0: 3 0x000000008000fd74 (0xfac43c23) mem 0x0000000080031f28 0x0000000000000000
core   0: 0x000000008000fd78 (0xfc843703) ld      a4, -56(s0)
core   0: 3 0x000000008000fd78 (0xfc843703) x14 0x0000000080012040 mem 0x0000000080031f38
core   0: 0x000000008000fd7c (0xfc043783) ld      a5, -64(s0)
core   0: 3 0x000000008000fd7c (0xfc043783) x15 0x0000000080012028 mem 0x0000000080031f30
core   0: 0x000000008000fd80 (0x00008f5d) c.or    a4, a5
core   0: 3 0x000000008000fd80 (0x8f5d) x14 0x0000000080012068
core   0: 0x000000008000fd82 (0xfb843783) ld      a5, -72(s0)
core   0: 3 0x000000008000fd82 (0xfb843783) x15 0x0000000000000000 mem 0x0000000080031f28
core   0: 0x000000008000fd86 (0x00008fd9) c.or    a5, a4
core   0: 3 0x000000008000fd86 (0x8fd9) x15 0x0000000080012068
core   0: 0x000000008000fd88 (0x00008b9d) c.andi  a5, 7
core   0: 3 0x000000008000fd88 (0x8b9d) x15 0x0000000000000000
core   0: 0x000000008000fd8a (0x0000e3b1) c.bnez  a5, pc + 68
core   0: 3 0x000000008000fd8a (0xe3b1)
core   0: 0x000000008000fd8c (0xfc043783) ld      a5, -64(s0)
core   0: 3 0x000000008000fd8c (0xfc043783) x15 0x0000000080012028 mem 0x0000000080031f30
core   0: 0x000000008000fd90 (0xfef43423) sd      a5, -24(s0)
core   0: 3 0x000000008000fd90 (0xfef43423) mem 0x0000000080031f58 0x0000000080012028
core   0: 0x000000008000fd94 (0xfc843783) ld      a5, -56(s0)
core   0: 3 0x000000008000fd94 (0xfc843783) x15 0x0000000080012040 mem 0x0000000080031f38
core   0: 0x000000008000fd98 (0xfef43023) sd      a5, -32(s0)
core   0: 3 0x000000008000fd98 (0xfef43023) mem 0x0000000080031f50 0x0000000080012040
core   0: 0x000000008000fd9c (0x0000a839) c.j     pc + 30
core   0: 3 0x000000008000fd9c (0xa839)
core   0: 0x000000008000fdba (0xfc843703) ld      a4, -56(s0)
core   0: 3 0x000000008000fdba (0xfc843703) x14 0x0000000080012040 mem 0x0000000080031f38
core   0: 0x000000008000fdbe (0xfb843783) ld      a5, -72(s0)
core   0: 3 0x000000008000fdbe (0xfb843783) x15 0x0000000000000000 mem 0x0000000080031f28
core   0: 0x000000008000fdc2 (0x000097ba) c.add   a5, a4
core   0: 3 0x000000008000fdc2 (0x97ba) x15 0x0000000080012040
core   0: 0x000000008000fdc4 (0xfe043703) ld      a4, -32(s0)
core   0: 3 0x000000008000fdc4 (0xfe043703) x14 0x0000000080012040 mem 0x0000000080031f50
core   0: 0x000000008000fdc8 (0xfcf76be3) bltu    a4, a5, pc - 42
core   0: 3 0x000000008000fdc8 (0xfcf76be3)
core   0: 0x000000008000fdcc (0x0000a099) c.j     pc + 70
core   0: 3 0x000000008000fdcc (0xa099)
core   0: 0x000000008000fe12 (0xfc843783) ld      a5, -56(s0)
core   0: 3 0x000000008000fe12 (0xfc843783) x15 0x0000000080012040 mem 0x0000000080031f38
core   0: 0x000000008000fe16 (0x0000853e) c.mv    a0, a5
core   0: 3 0x000000008000fe16 (0x853e) x10 0x0000000080012040
core   0: 0x000000008000fe18 (0x00006426) c.ldsp  s0, 72(sp)
core   0: 3 0x000000008000fe18 (0x6426) x8  0x0000000080031f90 mem 0x0000000080031f68
core   0: 0x000000008000fe1a (0x00006161) c.addi16sp sp, 80
core   0: 3 0x000000008000fe1a (0x6161) x2  0x0000000080031f70
core   0: 0x000000008000fe1c (0x00008082) ret
core   0: 3 0x000000008000fe1c (0x8082)
core   0: 0x000000008000f472 (0x00003717) auipc   a4, 0x3
core   0: 3 0x000000008000f472 (0x00003717) x14 0x0000000080012472
core   0: 0x000000008000f476 (0xc5270713) addi    a4, a4, -942
core   0: 3 0x000000008000f476 (0xc5270713) x14 0x00000000800120c4
core   0: 0x000000008000f47a (0x00003797) auipc   a5, 0x3
core   0: 3 0x000000008000f47a (0x00003797) x15 0x000000008001247a
core   0: 0x000000008000f47e (0xbae78793) addi    a5, a5, -1106
core   0: 3 0x000000008000f47e (0xbae78793) x15 0x0000000080012028
core   0: 0x000000008000f482 (0x40f707b3) sub     a5, a4, a5
core   0: 3 0x000000008000f482 (0x40f707b3) x15 0x000000000000009c
core   0: 0x000000008000f486 (0xfef43023) sd      a5, -32(s0)
core   0: 3 0x000000008000f486 (0xfef43023) mem 0x0000000080031f70 0x000000000000009c
core   0: 0x000000008000f48a (0x00008712) c.mv    a4, tp
core   0: 3 0x000000008000f48a (0x8712) x14 0x0000000080012040
core   0: 0x000000008000f48c (0xfe843783) ld      a5, -24(s0)
core   0: 3 0x000000008000f48c (0xfe843783) x15 0x0000000000000000 mem 0x0000000080031f78
core   0: 0x000000008000f490 (0x000097ba) c.add   a5, a4
core   0: 3 0x000000008000f490 (0x97ba) x15 0x0000000080012040
core   0: 0x000000008000f492 (0xfe043603) ld      a2, -32(s0)
core   0: 3 0x000000008000f492 (0xfe043603) x12 0x000000000000009c mem 0x0000000080031f70
core   0: 0x000000008000f496 (0x00004581) c.li    a1, 0
core   0: 3 0x000000008000f496 (0x4581) x11 0x0000000000000000
core   0: 0x000000008000f498 (0x0000853e) c.mv    a0, a5
core   0: 3 0x000000008000f498 (0x853e) x10 0x0000000080012040
core   0: 0x000000008000f49a (0x185000ef) jal     pc + 0x984
core   0: 3 0x000000008000f49a (0x185000ef) x1  0x000000008000f49e
core   0: >>>>  memset
core   0: 0x000000008000fe1e (0x0000715d) c.addi16sp sp, -80
core   0: 3 0x000000008000fe1e (0x715d) x2  0x0000000080031f20
core   0: 0x000000008000fe20 (0x0000e4a2) c.sdsp  s0, 72(sp)
core   0: 3 0x000000008000fe20 (0xe4a2) mem 0x0000000080031f68 0x0000000080031f90
core   0: 0x000000008000fe22 (0x00000880) c.addi4spn s0, sp, 80
core   0: 3 0x000000008000fe22 (0x0880) x8  0x0000000080031f70
core   0: 0x000000008000fe24 (0xfca43423) sd      a0, -56(s0)
core   0: 3 0x000000008000fe24 (0xfca43423) mem 0x0000000080031f38 0x0000000080012040
core   0: 0x000000008000fe28 (0x000087ae) c.mv    a5, a1
core   0: 3 0x000000008000fe28 (0x87ae) x15 0x0000000000000000
core   0: 0x000000008000fe2a (0xfac43c23) sd      a2, -72(s0)
core   0: 3 0x000000008000fe2a (0xfac43c23) mem 0x0000000080031f28 0x000000000000009c
core   0: 0x000000008000fe2e (0xfcf42223) sw      a5, -60(s0)
core   0: 3 0x000000008000fe2e (0xfcf42223) mem 0x0000000080031f34 0x00000000
core   0: 0x000000008000fe32 (0xfc843703) ld      a4, -56(s0)
core   0: 3 0x000000008000fe32 (0xfc843703) x14 0x0000000080012040 mem 0x0000000080031f38
core   0: 0x000000008000fe36 (0xfb843783) ld      a5, -72(s0)
core   0: 3 0x000000008000fe36 (0xfb843783) x15 0x000000000000009c mem 0x0000000080031f28
core   0: 0x000000008000fe3a (0x00008fd9) c.or    a5, a4
core   0: 3 0x000000008000fe3a (0x8fd9) x15 0x00000000800120dc
core   0: 0x000000008000fe3c (0x00008b9d) c.andi  a5, 7
core   0: 3 0x000000008000fe3c (0x8b9d) x15 0x0000000000000004
core   0: 0x000000008000fe3e (0x0000e7bd) c.bnez  a5, pc + 110
core   0: 3 0x000000008000fe3e (0xe7bd)
core   0: 0x000000008000feac (0xfc843783) ld      a5, -56(s0)
core   0: 3 0x000000008000feac (0xfc843783) x15 0x0000000080012040 mem 0x0000000080031f38
core   0: 0x000000008000feb0 (0xfef43023) sd      a5, -32(s0)
core   0: 3 0x000000008000feb0 (0xfef43023) mem 0x0000000080031f50 0x0000000080012040
core   0: 0x000000008000feb4 (0x0000a829) c.j     pc + 26
core   0: 3 0x000000008000feb4 (0xa829)
core   0: 0x000000008000fece (0xfc843703) ld      a4, -56(s0)
core   0: 3 0x000000008000fece (0xfc843703) x14 0x0000000080012040 mem 0x0000000080031f38
core   0: 0x000000008000fed2 (0xfb843783) ld      a5, -72(s0)
core   0: 3 0x000000008000fed2 (0xfb843783) x15 0x000000000000009c mem 0x0000000080031f28
core   0: 0x000000008000fed6 (0x000097ba) c.add   a5, a4
core   0: 3 0x000000008000fed6 (0x97ba) x15 0x00000000800120dc
core   0: 0x000000008000fed8 (0xfe043703) ld      a4, -32(s0)
core   0: 3 0x000000008000fed8 (0xfe043703) x14 0x0000000080012040 mem 0x0000000080031f50
core   0: 0x000000008000fedc (0xfcf76de3) bltu    a4, a5, pc - 38
core   0: 3 0x000000008000fedc (0xfcf76de3)
core   0: 0x000000008000feb6 (0xfe043783) ld      a5, -32(s0)
core   0: 3 0x000000008000feb6 (0xfe043783) x15 0x0000000080012040 mem 0x0000000080031f50
core   0: 0x000000008000feba (0x00178713) addi    a4, a5, 1
core   0: 3 0x000000008000feba (0x00178713) x14 0x0000000080012041
core   0: 0x000000008000febe (0xfee43023) sd      a4, -32(s0)
core   0: 3 0x000000008000febe (0xfee43023) mem 0x0000000080031f50 0x0000000080012041
core   0: 0x000000008000fec2 (0xfc442703) lw      a4, -60(s0)
core   0: 3 0x000000008000fec2 (0xfc442703) x14 0x0000000000000000 mem 0x0000000080031f34
core   0: 0x000000008000fec6 (0x0ff77713) andi    a4, a4, 255
core   0: 3 0x000000008000fec6 (0x0ff77713) x14 0x0000000000000000
core   0: 0x000000008000feca (0x00e78023) sb      a4, 0(a5)
core   0: 3 0x000000008000feca (0x00e78023) mem 0x0000000080012040 0x00
core   0: 0x000000008000fece (0xfc843703) ld      a4, -56(s0)
core   0: 3 0x000000008000fece (0xfc843703) x14 0x0000000080012040 mem 0x0000000080031f38
core   0: 0x000000008000fed2 (0xfb843783) ld      a5, -72(s0)
core   0: 3 0x000000008000fed2 (0xfb843783) x15 0x000000000000009c mem 0x0000000080031f28
core   0: 0x000000008000fed6 (0x000097ba) c.add   a5, a4
core   0: 3 0x000000008000fed6 (0x97ba) x15 0x00000000800120dc
core   0: 0x000000008000fed8 (0xfe043703) ld      a4, -32(s0)
core   0: 3 0x000000008000fed8 (0xfe043703) x14 0x0000000080012041 mem 0x0000000080031f50
core   0: 0x000000008000fedc (0xfcf76de3) bltu    a4, a5, pc - 38
core   0: 3 0x000000008000fedc (0xfcf76de3)
core   0: 0x000000008000feb6 (0xfe043783) ld      a5, -32(s0)
core   0: 3 0x000000008000feb6 (0xfe043783) x15 0x0000000080012041 mem 0x0000000080031f50
core   0: 0x000000008000feba (0x00178713) addi    a4, a5, 1
core   0: 3 0x000000008000feba (0x00178713) x14 0x0000000080012042
core   0: 0x000000008000febe (0xfee43023) sd      a4, -32(s0)
core   0: 3 0x000000008000febe (0xfee43023) mem 0x0000000080031f50 0x0000000080012042
core   0: 0x000000008000fec2 (0xfc442703) lw      a4, -60(s0)
core   0: 3 0x000000008000fec2 (0xfc442703) x14 0x0000000000000000 mem 0x0000000080031f34
core   0: 0x000000008000fec6 (0x0ff77713) andi    a4, a4, 255
core   0: 3 0x000000008000fec6 (0x0ff77713) x14 0x0000000000000000
core   0: 0x000000008000feca (0x00e78023) sb      a4, 0(a5)
core   0: 3 0x000000008000feca (0x00e78023) mem 0x0000000080012041 0x00
core   0: 0x000000008000fece (0xfc843703) ld      a4, -56(s0)
core   0: 3 0x000000008000fece (0xfc843703) x14 0x0000000080012040 mem 0x0000000080031f38
core   0: 0x000000008000fed2 (0xfb843783) ld      a5, -72(s0)
core   0: 3 0x000000008000fed2 (0xfb843783) x15 0x000000000000009c mem 0x0000000080031f28
core   0: 0x000000008000fed6 (0x000097ba) c.add   a5, a4
core   0: 3 0x000000008000fed6 (0x97ba) x15 0x00000000800120dc
core   0: 0x000000008000fed8 (0xfe043703) ld      a4, -32(s0)
core   0: 3 0x000000008000fed8 (0xfe043703) x14 0x0000000080012042 mem 0x0000000080031f50
core   0: 0x000000008000fedc (0xfcf76de3) bltu    a4, a5, pc - 38
core   0: 3 0x000000008000fedc (0xfcf76de3)
core   0: 0x000000008000feb6 (0xfe043783) ld      a5, -32(s0)
core   0: 3 0x000000008000feb6 (0xfe043783) x15 0x0000000080012042 mem 0x0000000080031f50
core   0: 0x000000008000feba (0x00178713) addi    a4, a5, 1
core   0: 3 0x000000008000feba (0x00178713) x14 0x0000000080012043
core   0: 0x000000008000febe (0xfee43023) sd      a4, -32(s0)
core   0: 3 0x000000008000febe (0xfee43023) mem 0x0000000080031f50 0x0000000080012043
core   0: 0x000000008000fec2 (0xfc442703) lw      a4, -60(s0)
core   0: 3 0x000000008000fec2 (0xfc442703) x14 0x0000000000000000 mem 0x0000000080031f34
core   0: 0x000000008000fec6 (0x0ff77713) andi    a4, a4, 255
core   0: 3 0x000000008000fec6 (0x0ff77713) x14 0x0000000000000000
core   0: 0x000000008000feca (0x00e78023) sb      a4, 0(a5)
core   0: 3 0x000000008000feca (0x00e78023) mem 0x0000000080012042 0x00
core   0: 0x000000008000fece (0xfc843703) ld      a4, -56(s0)
core   0: 3 0x000000008000fece (0xfc843703) x14 0x0000000080012040 mem 0x0000000080031f38
core   0: 0x000000008000fed2 (0xfb843783) ld      a5, -72(s0)
core   0: 3 0x000000008000fed2 (0xfb843783) x15 0x000000000000009c mem 0x0000000080031f28
core   0: 0x000000008000fed6 (0x000097ba) c.add   a5, a4
core   0: 3 0x000000008000fed6 (0x97ba) x15 0x00000000800120dc
core   0: 0x000000008000fed8 (0xfe043703) ld      a4, -32(s0)
core   0: 3 0x000000008000fed8 (0xfe043703) x14 0x0000000080012043 mem 0x0000000080031f50
core   0: 0x000000008000fedc (0xfcf76de3) bltu    a4, a5, pc - 38
core   0: 3 0x000000008000fedc (0xfcf76de3)
core   0: 0x000000008000feb6 (0xfe043783) ld      a5, -32(s0)
core   0: 3 0x000000008000feb6 (0xfe043783) x15 0x0000000080012043 mem 0x0000000080031f50
core   0: 0x000000008000feba (0x00178713) addi    a4, a5, 1
core   0: 3 0x000000008000feba (0x00178713) x14 0x0000000080012044
core   0: 0x000000008000febe (0xfee43023) sd      a4, -32(s0)
core   0: 3 0x000000008000febe (0xfee43023) mem 0x0000000080031f50 0x0000000080012044
core   0: 0x000000008000fec2 (0xfc442703) lw      a4, -60(s0)
core   0: 3 0x000000008000fec2 (0xfc442703) x14 0x0000000000000000 mem 0x0000000080031f34
core   0: 0x000000008000fec6 (0x0ff77713) andi    a4, a4, 255
core   0: 3 0x000000008000fec6 (0x0ff77713) x14 0x0000000000000000
core   0: 0x000000008000feca (0x00e78023) sb      a4, 0(a5)
core   0: 3 0x000000008000feca (0x00e78023) mem 0x0000000080012043 0x00
core   0: 0x000000008000fece (0xfc843703) ld      a4, -56(s0)
core   0: 3 0x000000008000fece (0xfc843703) x14 0x0000000080012040 mem 0x0000000080031f38
core   0: 0x000000008000fed2 (0xfb843783) ld      a5, -72(s0)
core   0: 3 0x000000008000fed2 (0xfb843783) x15 0x000000000000009c mem 0x0000000080031f28
core   0: 0x000000008000fed6 (0x000097ba) c.add   a5, a4
core   0: 3 0x000000008000fed6 (0x97ba) x15 0x00000000800120dc
core   0: 0x000000008000fed8 (0xfe043703) ld      a4, -32(s0)
core   0: 3 0x000000008000fed8 (0xfe043703) x14 0x0000000080012044 mem 0x0000000080031f50
core   0: 0x000000008000fedc (0xfcf76de3) bltu    a4, a5, pc - 38
core   0: 3 0x000000008000fedc (0xfcf76de3)
core   0: 0x000000008000feb6 (0xfe043783) ld      a5, -32(s0)
core   0: 3 0x000000008000feb6 (0xfe043783) x15 0x0000000080012044 mem 0x0000000080031f50
core   0: 0x000000008000feba (0x00178713) addi    a4, a5, 1
core   0: 3 0x000000008000feba (0x00178713) x14 0x0000000080012045
core   0: 0x000000008000febe (0xfee43023) sd      a4, -32(s0)
core   0: 3 0x000000008000febe (0xfee43023) mem 0x0000000080031f50 0x0000000080012045
core   0: 0x000000008000fec2 (0xfc442703) lw      a4, -60(s0)
core   0: 3 0x000000008000fec2 (0xfc442703) x14 0x0000000000000000 mem 0x0000000080031f34
core   0: 0x000000008000fec6 (0x0ff77713) andi    a4, a4, 255
core   0: 3 0x000000008000fec6 (0x0ff77713) x14 0x0000000000000000
core   0: 0x000000008000feca (0x00e78023) sb      a4, 0(a5)
core   0: 3 0x000000008000feca (0x00e78023) mem 0x0000000080012044 0x00
core   0: 0x000000008000fece (0xfc843703) ld      a4, -56(s0)
core   0: 3 0x000000008000fece (0xfc843703) x14 0x0000000080012040 mem 0x0000000080031f38
core   0: 0x000000008000fed2 (0xfb843783) ld      a5, -72(s0)
core   0: 3 0x000000008000fed2 (0xfb843783) x15 0x000000000000009c mem 0x0000000080031f28
core   0: 0x000000008000fed6 (0x000097ba) c.add   a5, a4
core   0: 3 0x000000008000fed6 (0x97ba) x15 0x00000000800120dc
core   0: 0x000000008000fed8 (0xfe043703) ld      a4, -32(s0)
core   0: 3 0x000000008000fed8 (0xfe043703) x14 0x0000000080012045 mem 0x0000000080031f50
core   0: 0x000000008000fedc (0xfcf76de3) bltu    a4, a5, pc - 38
core   0: 3 0x000000008000fedc (0xfcf76de3)
core   0: 0x000000008000feb6 (0xfe043783) ld      a5, -32(s0)
core   0: 3 0x000000008000feb6 (0xfe043783) x15 0x0000000080012045 mem 0x0000000080031f50
core   0: 0x000000008000feba (0x00178713) addi    a4, a5, 1
core   0: 3 0x000000008000feba (0x00178713) x14 0x0000000080012046
core   0: 0x000000008000febe (0xfee43023) sd      a4, -32(s0)
core   0: 3 0x000000008000febe (0xfee43023) mem 0x0000000080031f50 0x0000000080012046
core   0: 0x000000008000fec2 (0xfc442703) lw      a4, -60(s0)
core   0: 3 0x000000008000fec2 (0xfc442703) x14 0x0000000000000000 mem 0x0000000080031f34
core   0: 0x000000008000fec6 (0x0ff77713) andi    a4, a4, 255
core   0: 3 0x000000008000fec6 (0x0ff77713) x14 0x0000000000000000
core   0: 0x000000008000feca (0x00e78023) sb      a4, 0(a5)
core   0: 3 0x000000008000feca (0x00e78023) mem 0x0000000080012045 0x00
core   0: 0x000000008000fece (0xfc843703) ld      a4, -56(s0)
core   0: 3 0x000000008000fece (0xfc843703) x14 0x0000000080012040 mem 0x0000000080031f38
core   0: 0x000000008000fed2 (0xfb843783) ld      a5, -72(s0)
core   0: 3 0x000000008000fed2 (0xfb843783) x15 0x000000000000009c mem 0x0000000080031f28
core   0: 0x000000008000fed6 (0x000097ba) c.add   a5, a4
core   0: 3 0x000000008000fed6 (0x97ba) x15 0x00000000800120dc
core   0: 0x000000008000fed8 (0xfe043703) ld      a4, -32(s0)
core   0: 3 0x000000008000fed8 (0xfe043703) x14 0x0000000080012046 mem 0x0000000080031f50
core   0: 0x000000008000fedc (0xfcf76de3) bltu    a4, a5, pc - 38
core   0: 3 0x000000008000fedc (0xfcf76de3)
core   0: 0x000000008000feb6 (0xfe043783) ld      a5, -32(s0)
core   0: 3 0x000000008000feb6 (0xfe043783) x15 0x0000000080012046 mem 0x0000000080031f50
core   0: 0x000000008000feba (0x00178713) addi    a4, a5, 1
core   0: 3 0x000000008000feba (0x00178713) x14 0x0000000080012047
core   0: 0x000000008000febe (0xfee43023) sd      a4, -32(s0)
core   0: 3 0x000000008000febe (0xfee43023) mem 0x0000000080031f50 0x0000000080012047
core   0: 0x000000008000fec2 (0xfc442703) lw      a4, -60(s0)
core   0: 3 0x000000008000fec2 (0xfc442703) x14 0x0000000000000000 mem 0x0000000080031f34
core   0: 0x000000008000fec6 (0x0ff77713) andi    a4, a4, 255
core   0: 3 0x000000008000fec6 (0x0ff77713) x14 0x0000000000000000
core   0: 0x000000008000feca (0x00e78023) sb      a4, 0(a5)
core   0: 3 0x000000008000feca (0x00e78023) mem 0x0000000080012046 0x00
core   0: 0x000000008000fece (0xfc843703) ld      a4, -56(s0)
core   0: 3 0x000000008000fece (0xfc843703) x14 0x0000000080012040 mem 0x0000000080031f38
core   0: 0x000000008000fed2 (0xfb843783) ld      a5, -72(s0)
core   0: 3 0x000000008000fed2 (0xfb843783) x15 0x000000000000009c mem 0x0000000080031f28
core   0: 0x000000008000fed6 (0x000097ba) c.add   a5, a4
core   0: 3 0x000000008000fed6 (0x97ba) x15 0x00000000800120dc
core   0: 0x000000008000fed8 (0xfe043703) ld      a4, -32(s0)
core   0: 3 0x000000008000fed8 (0xfe043703) x14 0x0000000080012047 mem 0x0000000080031f50
core   0: 0x000000008000fedc (0xfcf76de3) bltu    a4, a5, pc - 38
core   0: 3 0x000000008000fedc (0xfcf76de3)
core   0: 0x000000008000feb6 (0xfe043783) ld      a5, -32(s0)
core   0: 3 0x000000008000feb6 (0xfe043783) x15 0x0000000080012047 mem 0x0000000080031f50
core   0: 0x000000008000feba (0x00178713) addi    a4, a5, 1
core   0: 3 0x000000008000feba (0x00178713) x14 0x0000000080012048
core   0: 0x000000008000febe (0xfee43023) sd      a4, -32(s0)
core   0: 3 0x000000008000febe (0xfee43023) mem 0x0000000080031f50 0x0000000080012048
core   0: 0x000000008000fec2 (0xfc442703) lw      a4, -60(s0)
core   0: 3 0x000000008000fec2 (0xfc442703) x14 0x0000000000000000 mem 0x0000000080031f34
core   0: 0x000000008000fec6 (0x0ff77713) andi    a4, a4, 255
core   0: 3 0x000000008000fec6 (0x0ff77713) x14 0x0000000000000000
core   0: 0x000000008000feca (0x00e78023) sb      a4, 0(a5)
core   0: 3 0x000000008000feca (0x00e78023) mem 0x0000000080012047 0x00
core   0: 0x000000008000fece (0xfc843703) ld      a4, -56(s0)
core   0: 3 0x000000008000fece (0xfc843703) x14 0x0000000080012040 mem 0x0000000080031f38
core   0: 0x000000008000fed2 (0xfb843783) ld      a5, -72(s0)
core   0: 3 0x000000008000fed2 (0xfb843783) x15 0x000000000000009c mem 0x0000000080031f28
core   0: 0x000000008000fed6 (0x000097ba) c.add   a5, a4
core   0: 3 0x000000008000fed6 (0x97ba) x15 0x00000000800120dc
core   0: 0x000000008000fed8 (0xfe043703) ld      a4, -32(s0)
core   0: 3 0x000000008000fed8 (0xfe043703) x14 0x0000000080012048 mem 0x0000000080031f50
core   0: 0x000000008000fedc (0xfcf76de3) bltu    a4, a5, pc - 38
core   0: 3 0x000000008000fedc (0xfcf76de3)
core   0: 0x000000008000feb6 (0xfe043783) ld      a5, -32(s0)
core   0: 3 0x000000008000feb6 (0xfe043783) x15 0x0000000080012048 mem 0x0000000080031f50
core   0: 0x000000008000feba (0x00178713) addi    a4, a5, 1
core   0: 3 0x000000008000feba (0x00178713) x14 0x0000000080012049
core   0: 0x000000008000febe (0xfee43023) sd      a4, -32(s0)
core   0: 3 0x000000008000febe (0xfee43023) mem 0x0000000080031f50 0x0000000080012049
core   0: 0x000000008000fec2 (0xfc442703) lw      a4, -60(s0)
core   0: 3 0x000000008000fec2 (0xfc442703) x14 0x0000000000000000 mem 0x0000000080031f34
core   0: 0x000000008000fec6 (0x0ff77713) andi    a4, a4, 255
core   0: 3 0x000000008000fec6 (0x0ff77713) x14 0x0000000000000000
core   0: 0x000000008000feca (0x00e78023) sb      a4, 0(a5)
core   0: 3 0x000000008000feca (0x00e78023) mem 0x0000000080012048 0x00
core   0: 0x000000008000fece (0xfc843703) ld      a4, -56(s0)
core   0: 3 0x000000008000fece (0xfc843703) x14 0x0000000080012040 mem 0x0000000080031f38
core   0: 0x000000008000fed2 (0xfb843783) ld      a5, -72(s0)
core   0: 3 0x000000008000fed2 (0xfb843783) x15 0x000000000000009c mem 0x0000000080031f28
core   0: 0x000000008000fed6 (0x000097ba) c.add   a5, a4
core   0: 3 0x000000008000fed6 (0x97ba) x15 0x00000000800120dc
core   0: 0x000000008000fed8 (0xfe043703) ld      a4, -32(s0)
core   0: 3 0x000000008000fed8 (0xfe043703) x14 0x0000000080012049 mem 0x0000000080031f50
core   0: 0x000000008000fedc (0xfcf76de3) bltu    a4, a5, pc - 38
core   0: 3 0x000000008000fedc (0xfcf76de3)
core   0: 0x000000008000feb6 (0xfe043783) ld      a5, -32(s0)
core   0: 3 0x000000008000feb6 (0xfe043783) x15 0x0000000080012049 mem 0x0000000080031f50
core   0: 0x000000008000feba (0x00178713) addi    a4, a5, 1
core   0: 3 0x000000008000feba (0x00178713) x14 0x000000008001204a
core   0: 0x000000008000febe (0xfee43023) sd      a4, -32(s0)
core   0: 3 0x000000008000febe (0xfee43023) mem 0x0000000080031f50 0x000000008001204a
core   0: 0x000000008000fec2 (0xfc442703) lw      a4, -60(s0)
core   0: 3 0x000000008000fec2 (0xfc442703) x14 0x0000000000000000 mem 0x0000000080031f34
core   0: 0x000000008000fec6 (0x0ff77713) andi    a4, a4, 255
core   0: 3 0x000000008000fec6 (0x0ff77713) x14 0x0000000000000000
core   0: 0x000000008000feca (0x00e78023) sb      a4, 0(a5)
core   0: 3 0x000000008000feca (0x00e78023) mem 0x0000000080012049 0x00
core   0: 0x000000008000fece (0xfc843703) ld      a4, -56(s0)
core   0: 3 0x000000008000fece (0xfc843703) x14 0x0000000080012040 mem 0x0000000080031f38
core   0: 0x000000008000fed2 (0xfb843783) ld      a5, -72(s0)
core   0: 3 0x000000008000fed2 (0xfb843783) x15 0x000000000000009c mem 0x0000000080031f28
core   0: 0x000000008000fed6 (0x000097ba) c.add   a5, a4
core   0: 3 0x000000008000fed6 (0x97ba) x15 0x00000000800120dc
core   0: 0x000000008000fed8 (0xfe043703) ld      a4, -32(s0)
core   0: 3 0x000000008000fed8 (0xfe043703) x14 0x000000008001204a mem 0x0000000080031f50
core   0: 0x000000008000fedc (0xfcf76de3) bltu    a4, a5, pc - 38
core   0: 3 0x000000008000fedc (0xfcf76de3)
core   0: 0x000000008000feb6 (0xfe043783) ld      a5, -32(s0)
core   0: 3 0x000000008000feb6 (0xfe043783) x15 0x000000008001204a mem 0x0000000080031f50
core   0: 0x000000008000feba (0x00178713) addi    a4, a5, 1
core   0: 3 0x000000008000feba (0x00178713) x14 0x000000008001204b
core   0: 0x000000008000febe (0xfee43023) sd      a4, -32(s0)
core   0: 3 0x000000008000febe (0xfee43023) mem 0x0000000080031f50 0x000000008001204b
core   0: 0x000000008000fec2 (0xfc442703) lw      a4, -60(s0)
core   0: 3 0x000000008000fec2 (0xfc442703) x14 0x0000000000000000 mem 0x0000000080031f34
core   0: 0x000000008000fec6 (0x0ff77713) andi    a4, a4, 255
core   0: 3 0x000000008000fec6 (0x0ff77713) x14 0x0000000000000000
core   0: 0x000000008000feca (0x00e78023) sb      a4, 0(a5)
core   0: 3 0x000000008000feca (0x00e78023) mem 0x000000008001204a 0x00
core   0: 0x000000008000fece (0xfc843703) ld      a4, -56(s0)
core   0: 3 0x000000008000fece (0xfc843703) x14 0x0000000080012040 mem 0x0000000080031f38
core   0: 0x000000008000fed2 (0xfb843783) ld      a5, -72(s0)
core   0: 3 0x000000008000fed2 (0xfb843783) x15 0x000000000000009c mem 0x0000000080031f28
core   0: 0x000000008000fed6 (0x000097ba) c.add   a5, a4
core   0: 3 0x000000008000fed6 (0x97ba) x15 0x00000000800120dc
core   0: 0x000000008000fed8 (0xfe043703) ld      a4, -32(s0)
core   0: 3 0x000000008000fed8 (0xfe043703) x14 0x000000008001204b mem 0x0000000080031f50
core   0: 0x000000008000fedc (0xfcf76de3) bltu    a4, a5, pc - 38
core   0: 3 0x000000008000fedc (0xfcf76de3)
core   0: 0x000000008000feb6 (0xfe043783) ld      a5, -32(s0)
core   0: 3 0x000000008000feb6 (0xfe043783) x15 0x000000008001204b mem 0x0000000080031f50
core   0: 0x000000008000feba (0x00178713) addi    a4, a5, 1
core   0: 3 0x000000008000feba (0x00178713) x14 0x000000008001204c
core   0: 0x000000008000febe (0xfee43023) sd      a4, -32(s0)
core   0: 3 0x000000008000febe (0xfee43023) mem 0x0000000080031f50 0x000000008001204c
core   0: 0x000000008000fec2 (0xfc442703) lw      a4, -60(s0)
core   0: 3 0x000000008000fec2 (0xfc442703) x14 0x0000000000000000 mem 0x0000000080031f34
core   0: 0x000000008000fec6 (0x0ff77713) andi    a4, a4, 255
core   0: 3 0x000000008000fec6 (0x0ff77713) x14 0x0000000000000000
core   0: 0x000000008000feca (0x00e78023) sb      a4, 0(a5)
core   0: 3 0x000000008000feca (0x00e78023) mem 0x000000008001204b 0x00
core   0: 0x000000008000fece (0xfc843703) ld      a4, -56(s0)
core   0: 3 0x000000008000fece (0xfc843703) x14 0x0000000080012040 mem 0x0000000080031f38
core   0: 0x000000008000fed2 (0xfb843783) ld      a5, -72(s0)
core   0: 3 0x000000008000fed2 (0xfb843783) x15 0x000000000000009c mem 0x0000000080031f28
core   0: 0x000000008000fed6 (0x000097ba) c.add   a5, a4
core   0: 3 0x000000008000fed6 (0x97ba) x15 0x00000000800120dc
core   0: 0x000000008000fed8 (0xfe043703) ld      a4, -32(s0)
core   0: 3 0x000000008000fed8 (0xfe043703) x14 0x000000008001204c mem 0x0000000080031f50
core   0: 0x000000008000fedc (0xfcf76de3) bltu    a4, a5, pc - 38
core   0: 3 0x000000008000fedc (0xfcf76de3)
core   0: 0x000000008000feb6 (0xfe043783) ld      a5, -32(s0)
core   0: 3 0x000000008000feb6 (0xfe043783) x15 0x000000008001204c mem 0x0000000080031f50
core   0: 0x000000008000feba (0x00178713) addi    a4, a5, 1
core   0: 3 0x000000008000feba (0x00178713) x14 0x000000008001204d
core   0: 0x000000008000febe (0xfee43023) sd      a4, -32(s0)
core   0: 3 0x000000008000febe (0xfee43023) mem 0x0000000080031f50 0x000000008001204d
core   0: 0x000000008000fec2 (0xfc442703) lw      a4, -60(s0)
core   0: 3 0x000000008000fec2 (0xfc442703) x14 0x0000000000000000 mem 0x0000000080031f34
core   0: 0x000000008000fec6 (0x0ff77713) andi    a4, a4, 255
core   0: 3 0x000000008000fec6 (0x0ff77713) x14 0x0000000000000000
core   0: 0x000000008000feca (0x00e78023) sb      a4, 0(a5)
core   0: 3 0x000000008000feca (0x00e78023) mem 0x000000008001204c 0x00
core   0: 0x000000008000fece (0xfc843703) ld      a4, -56(s0)
core   0: 3 0x000000008000fece (0xfc843703) x14 0x0000000080012040 mem 0x0000000080031f38
core   0: 0x000000008000fed2 (0xfb843783) ld      a5, -72(s0)
core   0: 3 0x000000008000fed2 (0xfb843783) x15 0x000000000000009c mem 0x0000000080031f28
core   0: 0x000000008000fed6 (0x000097ba) c.add   a5, a4
core   0: 3 0x000000008000fed6 (0x97ba) x15 0x00000000800120dc
core   0: 0x000000008000fed8 (0xfe043703) ld      a4, -32(s0)
core   0: 3 0x000000008000fed8 (0xfe043703) x14 0x000000008001204d mem 0x0000000080031f50
core   0: 0x000000008000fedc (0xfcf76de3) bltu    a4, a5, pc - 38
core   0: 3 0x000000008000fedc (0xfcf76de3)
core   0: 0x000000008000feb6 (0xfe043783) ld      a5, -32(s0)
core   0: 3 0x000000008000feb6 (0xfe043783) x15 0x000000008001204d mem 0x0000000080031f50
core   0: 0x000000008000feba (0x00178713) addi    a4, a5, 1
core   0: 3 0x000000008000feba (0x00178713) x14 0x000000008001204e
core   0: 0x000000008000febe (0xfee43023) sd      a4, -32(s0)
core   0: 3 0x000000008000febe (0xfee43023) mem 0x0000000080031f50 0x000000008001204e
core   0: 0x000000008000fec2 (0xfc442703) lw      a4, -60(s0)
core   0: 3 0x000000008000fec2 (0xfc442703) x14 0x0000000000000000 mem 0x0000000080031f34
core   0: 0x000000008000fec6 (0x0ff77713) andi    a4, a4, 255
core   0: 3 0x000000008000fec6 (0x0ff77713) x14 0x0000000000000000
core   0: 0x000000008000feca (0x00e78023) sb      a4, 0(a5)
core   0: 3 0x000000008000feca (0x00e78023) mem 0x000000008001204d 0x00
core   0: 0x000000008000fece (0xfc843703) ld      a4, -56(s0)
core   0: 3 0x000000008000fece (0xfc843703) x14 0x0000000080012040 mem 0x0000000080031f38
core   0: 0x000000008000fed2 (0xfb843783) ld      a5, -72(s0)
core   0: 3 0x000000008000fed2 (0xfb843783) x15 0x000000000000009c mem 0x0000000080031f28
core   0: 0x000000008000fed6 (0x000097ba) c.add   a5, a4
core   0: 3 0x000000008000fed6 (0x97ba) x15 0x00000000800120dc
core   0: 0x000000008000fed8 (0xfe043703) ld      a4, -32(s0)
core   0: 3 0x000000008000fed8 (0xfe043703) x14 0x000000008001204e mem 0x0000000080031f50
core   0: 0x000000008000fedc (0xfcf76de3) bltu    a4, a5, pc - 38
core   0: 3 0x000000008000fedc (0xfcf76de3)
core   0: 0x000000008000feb6 (0xfe043783) ld      a5, -32(s0)
core   0: 3 0x000000008000feb6 (0xfe043783) x15 0x000000008001204e mem 0x0000000080031f50
core   0: 0x000000008000feba (0x00178713) addi    a4, a5, 1
core   0: 3 0x000000008000feba (0x00178713) x14 0x000000008001204f
core   0: 0x000000008000febe (0xfee43023) sd      a4, -32(s0)
core   0: 3 0x000000008000febe (0xfee43023) mem 0x0000000080031f50 0x000000008001204f
core   0: 0x000000008000fec2 (0xfc442703) lw      a4, -60(s0)
core   0: 3 0x000000008000fec2 (0xfc442703) x14 0x0000000000000000 mem 0x0000000080031f34
core   0: 0x000000008000fec6 (0x0ff77713) andi    a4, a4, 255
core   0: 3 0x000000008000fec6 (0x0ff77713) x14 0x0000000000000000
core   0: 0x000000008000feca (0x00e78023) sb      a4, 0(a5)
core   0: 3 0x000000008000feca (0x00e78023) mem 0x000000008001204e 0x00
core   0: 0x000000008000fece (0xfc843703) ld      a4, -56(s0)
core   0: 3 0x000000008000fece (0xfc843703) x14 0x0000000080012040 mem 0x0000000080031f38
core   0: 0x000000008000fed2 (0xfb843783) ld      a5, -72(s0)
core   0: 3 0x000000008000fed2 (0xfb843783) x15 0x000000000000009c mem 0x0000000080031f28
core   0: 0x000000008000fed6 (0x000097ba) c.add   a5, a4
core   0: 3 0x000000008000fed6 (0x97ba) x15 0x00000000800120dc
core   0: 0x000000008000fed8 (0xfe043703) ld      a4, -32(s0)
core   0: 3 0x000000008000fed8 (0xfe043703) x14 0x000000008001204f mem 0x0000000080031f50
core   0: 0x000000008000fedc (0xfcf76de3) bltu    a4, a5, pc - 38
core   0: 3 0x000000008000fedc (0xfcf76de3)
core   0: 0x000000008000feb6 (0xfe043783) ld      a5, -32(s0)
core   0: 3 0x000000008000feb6 (0xfe043783) x15 0x000000008001204f mem 0x0000000080031f50
core   0: 0x000000008000feba (0x00178713) addi    a4, a5, 1
core   0: 3 0x000000008000feba (0x00178713) x14 0x0000000080012050
core   0: 0x000000008000febe (0xfee43023) sd      a4, -32(s0)
core   0: 3 0x000000008000febe (0xfee43023) mem 0x0000000080031f50 0x0000000080012050
core   0: 0x000000008000fec2 (0xfc442703) lw      a4, -60(s0)
core   0: 3 0x000000008000fec2 (0xfc442703) x14 0x0000000000000000 mem 0x0000000080031f34
core   0: 0x000000008000fec6 (0x0ff77713) andi    a4, a4, 255
core   0: 3 0x000000008000fec6 (0x0ff77713) x14 0x0000000000000000
core   0: 0x000000008000feca (0x00e78023) sb      a4, 0(a5)
core   0: 3 0x000000008000feca (0x00e78023) mem 0x000000008001204f 0x00
core   0: 0x000000008000fece (0xfc843703) ld      a4, -56(s0)
core   0: 3 0x000000008000fece (0xfc843703) x14 0x0000000080012040 mem 0x0000000080031f38
core   0: 0x000000008000fed2 (0xfb843783) ld      a5, -72(s0)
core   0: 3 0x000000008000fed2 (0xfb843783) x15 0x000000000000009c mem 0x0000000080031f28
core   0: 0x000000008000fed6 (0x000097ba) c.add   a5, a4
core   0: 3 0x000000008000fed6 (0x97ba) x15 0x00000000800120dc
core   0: 0x000000008000fed8 (0xfe043703) ld      a4, -32(s0)
core   0: 3 0x000000008000fed8 (0xfe043703) x14 0x0000000080012050 mem 0x0000000080031f50
core   0: 0x000000008000fedc (0xfcf76de3) bltu    a4, a5, pc - 38
core   0: 3 0x000000008000fedc (0xfcf76de3)
core   0: 0x000000008000feb6 (0xfe043783) ld      a5, -32(s0)
core   0: 3 0x000000008000feb6 (0xfe043783) x15 0x0000000080012050 mem 0x0000000080031f50
core   0: 0x000000008000feba (0x00178713) addi    a4, a5, 1
core   0: 3 0x000000008000feba (0x00178713) x14 0x0000000080012051
core   0: 0x000000008000febe (0xfee43023) sd      a4, -32(s0)
core   0: 3 0x000000008000febe (0xfee43023) mem 0x0000000080031f50 0x0000000080012051
core   0: 0x000000008000fec2 (0xfc442703) lw      a4, -60(s0)
core   0: 3 0x000000008000fec2 (0xfc442703) x14 0x0000000000000000 mem 0x0000000080031f34
core   0: 0x000000008000fec6 (0x0ff77713) andi    a4, a4, 255
core   0: 3 0x000000008000fec6 (0x0ff77713) x14 0x0000000000000000
core   0: 0x000000008000feca (0x00e78023) sb      a4, 0(a5)
core   0: 3 0x000000008000feca (0x00e78023) mem 0x0000000080012050 0x00
core   0: 0x000000008000fece (0xfc843703) ld      a4, -56(s0)
core   0: 3 0x000000008000fece (0xfc843703) x14 0x0000000080012040 mem 0x0000000080031f38
core   0: 0x000000008000fed2 (0xfb843783) ld      a5, -72(s0)
core   0: 3 0x000000008000fed2 (0xfb843783) x15 0x000000000000009c mem 0x0000000080031f28
core   0: 0x000000008000fed6 (0x000097ba) c.add   a5, a4
core   0: 3 0x000000008000fed6 (0x97ba) x15 0x00000000800120dc
core   0: 0x000000008000fed8 (0xfe043703) ld      a4, -32(s0)
core   0: 3 0x000000008000fed8 (0xfe043703) x14 0x0000000080012051 mem 0x0000000080031f50
core   0: 0x000000008000fedc (0xfcf76de3) bltu    a4, a5, pc - 38
core   0: 3 0x000000008000fedc (0xfcf76de3)
core   0: 0x000000008000feb6 (0xfe043783) ld      a5, -32(s0)
core   0: 3 0x000000008000feb6 (0xfe043783) x15 0x0000000080012051 mem 0x0000000080031f50
core   0: 0x000000008000feba (0x00178713) addi    a4, a5, 1
core   0: 3 0x000000008000feba (0x00178713) x14 0x0000000080012052
core   0: 0x000000008000febe (0xfee43023) sd      a4, -32(s0)
core   0: 3 0x000000008000febe (0xfee43023) mem 0x0000000080031f50 0x0000000080012052
core   0: 0x000000008000fec2 (0xfc442703) lw      a4, -60(s0)
core   0: 3 0x000000008000fec2 (0xfc442703) x14 0x0000000000000000 mem 0x0000000080031f34
core   0: 0x000000008000fec6 (0x0ff77713) andi    a4, a4, 255
core   0: 3 0x000000008000fec6 (0x0ff77713) x14 0x0000000000000000
core   0: 0x000000008000feca (0x00e78023) sb      a4, 0(a5)
core   0: 3 0x000000008000feca (0x00e78023) mem 0x0000000080012051 0x00
core   0: 0x000000008000fece (0xfc843703) ld      a4, -56(s0)
core   0: 3 0x000000008000fece (0xfc843703) x14 0x0000000080012040 mem 0x0000000080031f38
core   0: 0x000000008000fed2 (0xfb843783) ld      a5, -72(s0)
core   0: 3 0x000000008000fed2 (0xfb843783) x15 0x000000000000009c mem 0x0000000080031f28
core   0: 0x000000008000fed6 (0x000097ba) c.add   a5, a4
core   0: 3 0x000000008000fed6 (0x97ba) x15 0x00000000800120dc
core   0: 0x000000008000fed8 (0xfe043703) ld      a4, -32(s0)
core   0: 3 0x000000008000fed8 (0xfe043703) x14 0x0000000080012052 mem 0x0000000080031f50
core   0: 0x000000008000fedc (0xfcf76de3) bltu    a4, a5, pc - 38
core   0: 3 0x000000008000fedc (0xfcf76de3)
core   0: 0x000000008000feb6 (0xfe043783) ld      a5, -32(s0)
core   0: 3 0x000000008000feb6 (0xfe043783) x15 0x0000000080012052 mem 0x0000000080031f50
core   0: 0x000000008000feba (0x00178713) addi    a4, a5, 1
core   0: 3 0x000000008000feba (0x00178713) x14 0x0000000080012053
core   0: 0x000000008000febe (0xfee43023) sd      a4, -32(s0)
core   0: 3 0x000000008000febe (0xfee43023) mem 0x0000000080031f50 0x0000000080012053
core   0: 0x000000008000fec2 (0xfc442703) lw      a4, -60(s0)
core   0: 3 0x000000008000fec2 (0xfc442703) x14 0x0000000000000000 mem 0x0000000080031f34
core   0: 0x000000008000fec6 (0x0ff77713) andi    a4, a4, 255
core   0: 3 0x000000008000fec6 (0x0ff77713) x14 0x0000000000000000
core   0: 0x000000008000feca (0x00e78023) sb      a4, 0(a5)
core   0: 3 0x000000008000feca (0x00e78023) mem 0x0000000080012052 0x00
core   0: 0x000000008000fece (0xfc843703) ld      a4, -56(s0)
core   0: 3 0x000000008000fece (0xfc843703) x14 0x0000000080012040 mem 0x0000000080031f38
core   0: 0x000000008000fed2 (0xfb843783) ld      a5, -72(s0)
core   0: 3 0x000000008000fed2 (0xfb843783) x15 0x000000000000009c mem 0x0000000080031f28
core   0: 0x000000008000fed6 (0x000097ba) c.add   a5, a4
core   0: 3 0x000000008000fed6 (0x97ba) x15 0x00000000800120dc
core   0: 0x000000008000fed8 (0xfe043703) ld      a4, -32(s0)
core   0: 3 0x000000008000fed8 (0xfe043703) x14 0x0000000080012053 mem 0x0000000080031f50
core   0: 0x000000008000fedc (0xfcf76de3) bltu    a4, a5, pc - 38
core   0: 3 0x000000008000fedc (0xfcf76de3)
core   0: 0x000000008000feb6 (0xfe043783) ld      a5, -32(s0)
core   0: 3 0x000000008000feb6 (0xfe043783) x15 0x0000000080012053 mem 0x0000000080031f50
core   0: 0x000000008000feba (0x00178713) addi    a4, a5, 1
core   0: 3 0x000000008000feba (0x00178713) x14 0x0000000080012054
core   0: 0x000000008000febe (0xfee43023) sd      a4, -32(s0)
core   0: 3 0x000000008000febe (0xfee43023) mem 0x0000000080031f50 0x0000000080012054
core   0: 0x000000008000fec2 (0xfc442703) lw      a4, -60(s0)
core   0: 3 0x000000008000fec2 (0xfc442703) x14 0x0000000000000000 mem 0x0000000080031f34
core   0: 0x000000008000fec6 (0x0ff77713) andi    a4, a4, 255
core   0: 3 0x000000008000fec6 (0x0ff77713) x14 0x0000000000000000
core   0: 0x000000008000feca (0x00e78023) sb      a4, 0(a5)
core   0: 3 0x000000008000feca (0x00e78023) mem 0x0000000080012053 0x00
core   0: 0x000000008000fece (0xfc843703) ld      a4, -56(s0)
core   0: 3 0x000000008000fece (0xfc843703) x14 0x0000000080012040 mem 0x0000000080031f38
core   0: 0x000000008000fed2 (0xfb843783) ld      a5, -72(s0)
core   0: 3 0x000000008000fed2 (0xfb843783) x15 0x000000000000009c mem 0x0000000080031f28
core   0: 0x000000008000fed6 (0x000097ba) c.add   a5, a4
core   0: 3 0x000000008000fed6 (0x97ba) x15 0x00000000800120dc
core   0: 0x000000008000fed8 (0xfe043703) ld      a4, -32(s0)
core   0: 3 0x000000008000fed8 (0xfe043703) x14 0x0000000080012054 mem 0x0000000080031f50
core   0: 0x000000008000fedc (0xfcf76de3) bltu    a4, a5, pc - 38
core   0: 3 0x000000008000fedc (0xfcf76de3)
core   0: 0x000000008000feb6 (0xfe043783) ld      a5, -32(s0)
core   0: 3 0x000000008000feb6 (0xfe043783) x15 0x0000000080012054 mem 0x0000000080031f50
core   0: 0x000000008000feba (0x00178713) addi    a4, a5, 1
core   0: 3 0x000000008000feba (0x00178713) x14 0x0000000080012055
core   0: 0x000000008000febe (0xfee43023) sd      a4, -32(s0)
core   0: 3 0x000000008000febe (0xfee43023) mem 0x0000000080031f50 0x0000000080012055
core   0: 0x000000008000fec2 (0xfc442703) lw      a4, -60(s0)
core   0: 3 0x000000008000fec2 (0xfc442703) x14 0x0000000000000000 mem 0x0000000080031f34
core   0: 0x000000008000fec6 (0x0ff77713) andi    a4, a4, 255
core   0: 3 0x000000008000fec6 (0x0ff77713) x14 0x0000000000000000
core   0: 0x000000008000feca (0x00e78023) sb      a4, 0(a5)
core   0: 3 0x000000008000feca (0x00e78023) mem 0x0000000080012054 0x00
core   0: 0x000000008000fece (0xfc843703) ld      a4, -56(s0)
core   0: 3 0x000000008000fece (0xfc843703) x14 0x0000000080012040 mem 0x0000000080031f38
core   0: 0x000000008000fed2 (0xfb843783) ld      a5, -72(s0)
core   0: 3 0x000000008000fed2 (0xfb843783) x15 0x000000000000009c mem 0x0000000080031f28
core   0: 0x000000008000fed6 (0x000097ba) c.add   a5, a4
core   0: 3 0x000000008000fed6 (0x97ba) x15 0x00000000800120dc
core   0: 0x000000008000fed8 (0xfe043703) ld      a4, -32(s0)
core   0: 3 0x000000008000fed8 (0xfe043703) x14 0x0000000080012055 mem 0x0000000080031f50
core   0: 0x000000008000fedc (0xfcf76de3) bltu    a4, a5, pc - 38
core   0: 3 0x000000008000fedc (0xfcf76de3)
core   0: 0x000000008000feb6 (0xfe043783) ld      a5, -32(s0)
core   0: 3 0x000000008000feb6 (0xfe043783) x15 0x0000000080012055 mem 0x0000000080031f50
core   0: 0x000000008000feba (0x00178713) addi    a4, a5, 1
core   0: 3 0x000000008000feba (0x00178713) x14 0x0000000080012056
core   0: 0x000000008000febe (0xfee43023) sd      a4, -32(s0)
core   0: 3 0x000000008000febe (0xfee43023) mem 0x0000000080031f50 0x0000000080012056
core   0: 0x000000008000fec2 (0xfc442703) lw      a4, -60(s0)
core   0: 3 0x000000008000fec2 (0xfc442703) x14 0x0000000000000000 mem 0x0000000080031f34
core   0: 0x000000008000fec6 (0x0ff77713) andi    a4, a4, 255
core   0: 3 0x000000008000fec6 (0x0ff77713) x14 0x0000000000000000
core   0: 0x000000008000feca (0x00e78023) sb      a4, 0(a5)
core   0: 3 0x000000008000feca (0x00e78023) mem 0x0000000080012055 0x00
core   0: 0x000000008000fece (0xfc843703) ld      a4, -56(s0)
core   0: 3 0x000000008000fece (0xfc843703) x14 0x0000000080012040 mem 0x0000000080031f38
core   0: 0x000000008000fed2 (0xfb843783) ld      a5, -72(s0)
core   0: 3 0x000000008000fed2 (0xfb843783) x15 0x000000000000009c mem 0x0000000080031f28
core   0: 0x000000008000fed6 (0x000097ba) c.add   a5, a4
core   0: 3 0x000000008000fed6 (0x97ba) x15 0x00000000800120dc
core   0: 0x000000008000fed8 (0xfe043703) ld      a4, -32(s0)
core   0: 3 0x000000008000fed8 (0xfe043703) x14 0x0000000080012056 mem 0x0000000080031f50
core   0: 0x000000008000fedc (0xfcf76de3) bltu    a4, a5, pc - 38
core   0: 3 0x000000008000fedc (0xfcf76de3)
core   0: 0x000000008000feb6 (0xfe043783) ld      a5, -32(s0)
core   0: 3 0x000000008000feb6 (0xfe043783) x15 0x0000000080012056 mem 0x0000000080031f50
core   0: 0x000000008000feba (0x00178713) addi    a4, a5, 1
core   0: 3 0x000000008000feba (0x00178713) x14 0x0000000080012057
core   0: 0x000000008000febe (0xfee43023) sd      a4, -32(s0)
core   0: 3 0x000000008000febe (0xfee43023) mem 0x0000000080031f50 0x0000000080012057
core   0: 0x000000008000fec2 (0xfc442703) lw      a4, -60(s0)
core   0: 3 0x000000008000fec2 (0xfc442703) x14 0x0000000000000000 mem 0x0000000080031f34
core   0: 0x000000008000fec6 (0x0ff77713) andi    a4, a4, 255
core   0: 3 0x000000008000fec6 (0x0ff77713) x14 0x0000000000000000
core   0: 0x000000008000feca (0x00e78023) sb      a4, 0(a5)
core   0: 3 0x000000008000feca (0x00e78023) mem 0x0000000080012056 0x00
core   0: 0x000000008000fece (0xfc843703) ld      a4, -56(s0)
core   0: 3 0x000000008000fece (0xfc843703) x14 0x0000000080012040 mem 0x0000000080031f38
core   0: 0x000000008000fed2 (0xfb843783) ld      a5, -72(s0)
core   0: 3 0x000000008000fed2 (0xfb843783) x15 0x000000000000009c mem 0x0000000080031f28
core   0: 0x000000008000fed6 (0x000097ba) c.add   a5, a4
core   0: 3 0x000000008000fed6 (0x97ba) x15 0x00000000800120dc
core   0: 0x000000008000fed8 (0xfe043703) ld      a4, -32(s0)
core   0: 3 0x000000008000fed8 (0xfe043703) x14 0x0000000080012057 mem 0x0000000080031f50
core   0: 0x000000008000fedc (0xfcf76de3) bltu    a4, a5, pc - 38
core   0: 3 0x000000008000fedc (0xfcf76de3)
core   0: 0x000000008000feb6 (0xfe043783) ld      a5, -32(s0)
core   0: 3 0x000000008000feb6 (0xfe043783) x15 0x0000000080012057 mem 0x0000000080031f50
core   0: 0x000000008000feba (0x00178713) addi    a4, a5, 1
core   0: 3 0x000000008000feba (0x00178713) x14 0x0000000080012058
core   0: 0x000000008000febe (0xfee43023) sd      a4, -32(s0)
core   0: 3 0x000000008000febe (0xfee43023) mem 0x0000000080031f50 0x0000000080012058
core   0: 0x000000008000fec2 (0xfc442703) lw      a4, -60(s0)
core   0: 3 0x000000008000fec2 (0xfc442703) x14 0x0000000000000000 mem 0x0000000080031f34
core   0: 0x000000008000fec6 (0x0ff77713) andi    a4, a4, 255
core   0: 3 0x000000008000fec6 (0x0ff77713) x14 0x0000000000000000
core   0: 0x000000008000feca (0x00e78023) sb      a4, 0(a5)
core   0: 3 0x000000008000feca (0x00e78023) mem 0x0000000080012057 0x00
core   0: 0x000000008000fece (0xfc843703) ld      a4, -56(s0)
core   0: 3 0x000000008000fece (0xfc843703) x14 0x0000000080012040 mem 0x0000000080031f38
core   0: 0x000000008000fed2 (0xfb843783) ld      a5, -72(s0)
core   0: 3 0x000000008000fed2 (0xfb843783) x15 0x000000000000009c mem 0x0000000080031f28
core   0: 0x000000008000fed6 (0x000097ba) c.add   a5, a4
core   0: 3 0x000000008000fed6 (0x97ba) x15 0x00000000800120dc
core   0: 0x000000008000fed8 (0xfe043703) ld      a4, -32(s0)
core   0: 3 0x000000008000fed8 (0xfe043703) x14 0x0000000080012058 mem 0x0000000080031f50
core   0: 0x000000008000fedc (0xfcf76de3) bltu    a4, a5, pc - 38
core   0: 3 0x000000008000fedc (0xfcf76de3)
core   0: 0x000000008000feb6 (0xfe043783) ld      a5, -32(s0)
core   0: 3 0x000000008000feb6 (0xfe043783) x15 0x0000000080012058 mem 0x0000000080031f50
core   0: 0x000000008000feba (0x00178713) addi    a4, a5, 1
core   0: 3 0x000000008000feba (0x00178713) x14 0x0000000080012059
core   0: 0x000000008000febe (0xfee43023) sd      a4, -32(s0)
core   0: 3 0x000000008000febe (0xfee43023) mem 0x0000000080031f50 0x0000000080012059
core   0: 0x000000008000fec2 (0xfc442703) lw      a4, -60(s0)
core   0: 3 0x000000008000fec2 (0xfc442703) x14 0x0000000000000000 mem 0x0000000080031f34
core   0: 0x000000008000fec6 (0x0ff77713) andi    a4, a4, 255
core   0: 3 0x000000008000fec6 (0x0ff77713) x14 0x0000000000000000
core   0: 0x000000008000feca (0x00e78023) sb      a4, 0(a5)
core   0: 3 0x000000008000feca (0x00e78023) mem 0x0000000080012058 0x00
core   0: 0x000000008000fece (0xfc843703) ld      a4, -56(s0)
core   0: 3 0x000000008000fece (0xfc843703) x14 0x0000000080012040 mem 0x0000000080031f38
core   0: 0x000000008000fed2 (0xfb843783) ld      a5, -72(s0)
core   0: 3 0x000000008000fed2 (0xfb843783) x15 0x000000000000009c mem 0x0000000080031f28
core   0: 0x000000008000fed6 (0x000097ba) c.add   a5, a4
core   0: 3 0x000000008000fed6 (0x97ba) x15 0x00000000800120dc
core   0: 0x000000008000fed8 (0xfe043703) ld      a4, -32(s0)
core   0: 3 0x000000008000fed8 (0xfe043703) x14 0x0000000080012059 mem 0x0000000080031f50
core   0: 0x000000008000fedc (0xfcf76de3) bltu    a4, a5, pc - 38
core   0: 3 0x000000008000fedc (0xfcf76de3)
core   0: 0x000000008000feb6 (0xfe043783) ld      a5, -32(s0)
core   0: 3 0x000000008000feb6 (0xfe043783) x15 0x0000000080012059 mem 0x0000000080031f50
core   0: 0x000000008000feba (0x00178713) addi    a4, a5, 1
core   0: 3 0x000000008000feba (0x00178713) x14 0x000000008001205a
core   0: 0x000000008000febe (0xfee43023) sd      a4, -32(s0)
core   0: 3 0x000000008000febe (0xfee43023) mem 0x0000000080031f50 0x000000008001205a
core   0: 0x000000008000fec2 (0xfc442703) lw      a4, -60(s0)
core   0: 3 0x000000008000fec2 (0xfc442703) x14 0x0000000000000000 mem 0x0000000080031f34
core   0: 0x000000008000fec6 (0x0ff77713) andi    a4, a4, 255
core   0: 3 0x000000008000fec6 (0x0ff77713) x14 0x0000000000000000
core   0: 0x000000008000feca (0x00e78023) sb      a4, 0(a5)
core   0: 3 0x000000008000feca (0x00e78023) mem 0x0000000080012059 0x00
core   0: 0x000000008000fece (0xfc843703) ld      a4, -56(s0)
core   0: 3 0x000000008000fece (0xfc843703) x14 0x0000000080012040 mem 0x0000000080031f38
core   0: 0x000000008000fed2 (0xfb843783) ld      a5, -72(s0)
core   0: 3 0x000000008000fed2 (0xfb843783) x15 0x000000000000009c mem 0x0000000080031f28
core   0: 0x000000008000fed6 (0x000097ba) c.add   a5, a4
core   0: 3 0x000000008000fed6 (0x97ba) x15 0x00000000800120dc
core   0: 0x000000008000fed8 (0xfe043703) ld      a4, -32(s0)
core   0: 3 0x000000008000fed8 (0xfe043703) x14 0x000000008001205a mem 0x0000000080031f50
core   0: 0x000000008000fedc (0xfcf76de3) bltu    a4, a5, pc - 38
core   0: 3 0x000000008000fedc (0xfcf76de3)
core   0: 0x000000008000feb6 (0xfe043783) ld      a5, -32(s0)
core   0: 3 0x000000008000feb6 (0xfe043783) x15 0x000000008001205a mem 0x0000000080031f50
core   0: 0x000000008000feba (0x00178713) addi    a4, a5, 1
core   0: 3 0x000000008000feba (0x00178713) x14 0x000000008001205b
core   0: 0x000000008000febe (0xfee43023) sd      a4, -32(s0)
core   0: 3 0x000000008000febe (0xfee43023) mem 0x0000000080031f50 0x000000008001205b
core   0: 0x000000008000fec2 (0xfc442703) lw      a4, -60(s0)
core   0: 3 0x000000008000fec2 (0xfc442703) x14 0x0000000000000000 mem 0x0000000080031f34
core   0: 0x000000008000fec6 (0x0ff77713) andi    a4, a4, 255
core   0: 3 0x000000008000fec6 (0x0ff77713) x14 0x0000000000000000
core   0: 0x000000008000feca (0x00e78023) sb      a4, 0(a5)
core   0: 3 0x000000008000feca (0x00e78023) mem 0x000000008001205a 0x00
core   0: 0x000000008000fece (0xfc843703) ld      a4, -56(s0)
core   0: 3 0x000000008000fece (0xfc843703) x14 0x0000000080012040 mem 0x0000000080031f38
core   0: 0x000000008000fed2 (0xfb843783) ld      a5, -72(s0)
core   0: 3 0x000000008000fed2 (0xfb843783) x15 0x000000000000009c mem 0x0000000080031f28
core   0: 0x000000008000fed6 (0x000097ba) c.add   a5, a4
core   0: 3 0x000000008000fed6 (0x97ba) x15 0x00000000800120dc
core   0: 0x000000008000fed8 (0xfe043703) ld      a4, -32(s0)
core   0: 3 0x000000008000fed8 (0xfe043703) x14 0x000000008001205b mem 0x0000000080031f50
core   0: 0x000000008000fedc (0xfcf76de3) bltu    a4, a5, pc - 38
core   0: 3 0x000000008000fedc (0xfcf76de3)
core   0: 0x000000008000feb6 (0xfe043783) ld      a5, -32(s0)
core   0: 3 0x000000008000feb6 (0xfe043783) x15 0x000000008001205b mem 0x0000000080031f50
core   0: 0x000000008000feba (0x00178713) addi    a4, a5, 1
core   0: 3 0x000000008000feba (0x00178713) x14 0x000000008001205c
core   0: 0x000000008000febe (0xfee43023) sd      a4, -32(s0)
core   0: 3 0x000000008000febe (0xfee43023) mem 0x0000000080031f50 0x000000008001205c
core   0: 0x000000008000fec2 (0xfc442703) lw      a4, -60(s0)
core   0: 3 0x000000008000fec2 (0xfc442703) x14 0x0000000000000000 mem 0x0000000080031f34
core   0: 0x000000008000fec6 (0x0ff77713) andi    a4, a4, 255
core   0: 3 0x000000008000fec6 (0x0ff77713) x14 0x0000000000000000
core   0: 0x000000008000feca (0x00e78023) sb      a4, 0(a5)
core   0: 3 0x000000008000feca (0x00e78023) mem 0x000000008001205b 0x00
core   0: 0x000000008000fece (0xfc843703) ld      a4, -56(s0)
core   0: 3 0x000000008000fece (0xfc843703) x14 0x0000000080012040 mem 0x0000000080031f38
core   0: 0x000000008000fed2 (0xfb843783) ld      a5, -72(s0)
core   0: 3 0x000000008000fed2 (0xfb843783) x15 0x000000000000009c mem 0x0000000080031f28
core   0: 0x000000008000fed6 (0x000097ba) c.add   a5, a4
core   0: 3 0x000000008000fed6 (0x97ba) x15 0x00000000800120dc
core   0: 0x000000008000fed8 (0xfe043703) ld      a4, -32(s0)
core   0: 3 0x000000008000fed8 (0xfe043703) x14 0x000000008001205c mem 0x0000000080031f50
core   0: 0x000000008000fedc (0xfcf76de3) bltu    a4, a5, pc - 38
core   0: 3 0x000000008000fedc (0xfcf76de3)
core   0: 0x000000008000feb6 (0xfe043783) ld      a5, -32(s0)
core   0: 3 0x000000008000feb6 (0xfe043783) x15 0x000000008001205c mem 0x0000000080031f50
core   0: 0x000000008000feba (0x00178713) addi    a4, a5, 1
core   0: 3 0x000000008000feba (0x00178713) x14 0x000000008001205d
core   0: 0x000000008000febe (0xfee43023) sd      a4, -32(s0)
core   0: 3 0x000000008000febe (0xfee43023) mem 0x0000000080031f50 0x000000008001205d
core   0: 0x000000008000fec2 (0xfc442703) lw      a4, -60(s0)
core   0: 3 0x000000008000fec2 (0xfc442703) x14 0x0000000000000000 mem 0x0000000080031f34
core   0: 0x000000008000fec6 (0x0ff77713) andi    a4, a4, 255
core   0: 3 0x000000008000fec6 (0x0ff77713) x14 0x0000000000000000
core   0: 0x000000008000feca (0x00e78023) sb      a4, 0(a5)
core   0: 3 0x000000008000feca (0x00e78023) mem 0x000000008001205c 0x00
core   0: 0x000000008000fece (0xfc843703) ld      a4, -56(s0)
core   0: 3 0x000000008000fece (0xfc843703) x14 0x0000000080012040 mem 0x0000000080031f38
core   0: 0x000000008000fed2 (0xfb843783) ld      a5, -72(s0)
core   0: 3 0x000000008000fed2 (0xfb843783) x15 0x000000000000009c mem 0x0000000080031f28
core   0: 0x000000008000fed6 (0x000097ba) c.add   a5, a4
core   0: 3 0x000000008000fed6 (0x97ba) x15 0x00000000800120dc
core   0: 0x000000008000fed8 (0xfe043703) ld      a4, -32(s0)
core   0: 3 0x000000008000fed8 (0xfe043703) x14 0x000000008001205d mem 0x0000000080031f50
core   0: 0x000000008000fedc (0xfcf76de3) bltu    a4, a5, pc - 38
core   0: 3 0x000000008000fedc (0xfcf76de3)
core   0: 0x000000008000feb6 (0xfe043783) ld      a5, -32(s0)
core   0: 3 0x000000008000feb6 (0xfe043783) x15 0x000000008001205d mem 0x0000000080031f50
core   0: 0x000000008000feba (0x00178713) addi    a4, a5, 1
core   0: 3 0x000000008000feba (0x00178713) x14 0x000000008001205e
core   0: 0x000000008000febe (0xfee43023) sd      a4, -32(s0)
core   0: 3 0x000000008000febe (0xfee43023) mem 0x0000000080031f50 0x000000008001205e
core   0: 0x000000008000fec2 (0xfc442703) lw      a4, -60(s0)
core   0: 3 0x000000008000fec2 (0xfc442703) x14 0x0000000000000000 mem 0x0000000080031f34
core   0: 0x000000008000fec6 (0x0ff77713) andi    a4, a4, 255
core   0: 3 0x000000008000fec6 (0x0ff77713) x14 0x0000000000000000
core   0: 0x000000008000feca (0x00e78023) sb      a4, 0(a5)
core   0: 3 0x000000008000feca (0x00e78023) mem 0x000000008001205d 0x00
core   0: 0x000000008000fece (0xfc843703) ld      a4, -56(s0)
core   0: 3 0x000000008000fece (0xfc843703) x14 0x0000000080012040 mem 0x0000000080031f38
core   0: 0x000000008000fed2 (0xfb843783) ld      a5, -72(s0)
core   0: 3 0x000000008000fed2 (0xfb843783) x15 0x000000000000009c mem 0x0000000080031f28
core   0: 0x000000008000fed6 (0x000097ba) c.add   a5, a4
core   0: 3 0x000000008000fed6 (0x97ba) x15 0x00000000800120dc
core   0: 0x000000008000fed8 (0xfe043703) ld      a4, -32(s0)
core   0: 3 0x000000008000fed8 (0xfe043703) x14 0x000000008001205e mem 0x0000000080031f50
core   0: 0x000000008000fedc (0xfcf76de3) bltu    a4, a5, pc - 38
core   0: 3 0x000000008000fedc (0xfcf76de3)
core   0: 0x000000008000feb6 (0xfe043783) ld      a5, -32(s0)
core   0: 3 0x000000008000feb6 (0xfe043783) x15 0x000000008001205e mem 0x0000000080031f50
core   0: 0x000000008000feba (0x00178713) addi    a4, a5, 1
core   0: 3 0x000000008000feba (0x00178713) x14 0x000000008001205f
core   0: 0x000000008000febe (0xfee43023) sd      a4, -32(s0)
core   0: 3 0x000000008000febe (0xfee43023) mem 0x0000000080031f50 0x000000008001205f
core   0: 0x000000008000fec2 (0xfc442703) lw      a4, -60(s0)
core   0: 3 0x000000008000fec2 (0xfc442703) x14 0x0000000000000000 mem 0x0000000080031f34
core   0: 0x000000008000fec6 (0x0ff77713) andi    a4, a4, 255
core   0: 3 0x000000008000fec6 (0x0ff77713) x14 0x0000000000000000
core   0: 0x000000008000feca (0x00e78023) sb      a4, 0(a5)
core   0: 3 0x000000008000feca (0x00e78023) mem 0x000000008001205e 0x00
core   0: 0x000000008000fece (0xfc843703) ld      a4, -56(s0)
core   0: 3 0x000000008000fece (0xfc843703) x14 0x0000000080012040 mem 0x0000000080031f38
core   0: 0x000000008000fed2 (0xfb843783) ld      a5, -72(s0)
core   0: 3 0x000000008000fed2 (0xfb843783) x15 0x000000000000009c mem 0x0000000080031f28
core   0: 0x000000008000fed6 (0x000097ba) c.add   a5, a4
core   0: 3 0x000000008000fed6 (0x97ba) x15 0x00000000800120dc
core   0: 0x000000008000fed8 (0xfe043703) ld      a4, -32(s0)
core   0: 3 0x000000008000fed8 (0xfe043703) x14 0x000000008001205f mem 0x0000000080031f50
core   0: 0x000000008000fedc (0xfcf76de3) bltu    a4, a5, pc - 38
core   0: 3 0x000000008000fedc (0xfcf76de3)
core   0: 0x000000008000feb6 (0xfe043783) ld      a5, -32(s0)
core   0: 3 0x000000008000feb6 (0xfe043783) x15 0x000000008001205f mem 0x0000000080031f50
core   0: 0x000000008000feba (0x00178713) addi    a4, a5, 1
core   0: 3 0x000000008000feba (0x00178713) x14 0x0000000080012060
core   0: 0x000000008000febe (0xfee43023) sd      a4, -32(s0)
core   0: 3 0x000000008000febe (0xfee43023) mem 0x0000000080031f50 0x0000000080012060
core   0: 0x000000008000fec2 (0xfc442703) lw      a4, -60(s0)
core   0: 3 0x000000008000fec2 (0xfc442703) x14 0x0000000000000000 mem 0x0000000080031f34
core   0: 0x000000008000fec6 (0x0ff77713) andi    a4, a4, 255
core   0: 3 0x000000008000fec6 (0x0ff77713) x14 0x0000000000000000
core   0: 0x000000008000feca (0x00e78023) sb      a4, 0(a5)
core   0: 3 0x000000008000feca (0x00e78023) mem 0x000000008001205f 0x00
core   0: 0x000000008000fece (0xfc843703) ld      a4, -56(s0)
core   0: 3 0x000000008000fece (0xfc843703) x14 0x0000000080012040 mem 0x0000000080031f38
core   0: 0x000000008000fed2 (0xfb843783) ld      a5, -72(s0)
core   0: 3 0x000000008000fed2 (0xfb843783) x15 0x000000000000009c mem 0x0000000080031f28
core   0: 0x000000008000fed6 (0x000097ba) c.add   a5, a4
core   0: 3 0x000000008000fed6 (0x97ba) x15 0x00000000800120dc
core   0: 0x000000008000fed8 (0xfe043703) ld      a4, -32(s0)
core   0: 3 0x000000008000fed8 (0xfe043703) x14 0x0000000080012060 mem 0x0000000080031f50
core   0: 0x000000008000fedc (0xfcf76de3) bltu    a4, a5, pc - 38
core   0: 3 0x000000008000fedc (0xfcf76de3)
core   0: 0x000000008000feb6 (0xfe043783) ld      a5, -32(s0)
core   0: 3 0x000000008000feb6 (0xfe043783) x15 0x0000000080012060 mem 0x0000000080031f50
core   0: 0x000000008000feba (0x00178713) addi    a4, a5, 1
core   0: 3 0x000000008000feba (0x00178713) x14 0x0000000080012061
core   0: 0x000000008000febe (0xfee43023) sd      a4, -32(s0)
core   0: 3 0x000000008000febe (0xfee43023) mem 0x0000000080031f50 0x0000000080012061
core   0: 0x000000008000fec2 (0xfc442703) lw      a4, -60(s0)
core   0: 3 0x000000008000fec2 (0xfc442703) x14 0x0000000000000000 mem 0x0000000080031f34
core   0: 0x000000008000fec6 (0x0ff77713) andi    a4, a4, 255
core   0: 3 0x000000008000fec6 (0x0ff77713) x14 0x0000000000000000
core   0: 0x000000008000feca (0x00e78023) sb      a4, 0(a5)
core   0: 3 0x000000008000feca (0x00e78023) mem 0x0000000080012060 0x00
core   0: 0x000000008000fece (0xfc843703) ld      a4, -56(s0)
core   0: 3 0x000000008000fece (0xfc843703) x14 0x0000000080012040 mem 0x0000000080031f38
core   0: 0x000000008000fed2 (0xfb843783) ld      a5, -72(s0)
core   0: 3 0x000000008000fed2 (0xfb843783) x15 0x000000000000009c mem 0x0000000080031f28
core   0: 0x000000008000fed6 (0x000097ba) c.add   a5, a4
core   0: 3 0x000000008000fed6 (0x97ba) x15 0x00000000800120dc
core   0: 0x000000008000fed8 (0xfe043703) ld      a4, -32(s0)
core   0: 3 0x000000008000fed8 (0xfe043703) x14 0x0000000080012061 mem 0x0000000080031f50
core   0: 0x000000008000fedc (0xfcf76de3) bltu    a4, a5, pc - 38
core   0: 3 0x000000008000fedc (0xfcf76de3)
core   0: 0x000000008000feb6 (0xfe043783) ld      a5, -32(s0)
core   0: 3 0x000000008000feb6 (0xfe043783) x15 0x0000000080012061 mem 0x0000000080031f50
core   0: 0x000000008000feba (0x00178713) addi    a4, a5, 1
core   0: 3 0x000000008000feba (0x00178713) x14 0x0000000080012062
core   0: 0x000000008000febe (0xfee43023) sd      a4, -32(s0)
core   0: 3 0x000000008000febe (0xfee43023) mem 0x0000000080031f50 0x0000000080012062
core   0: 0x000000008000fec2 (0xfc442703) lw      a4, -60(s0)
core   0: 3 0x000000008000fec2 (0xfc442703) x14 0x0000000000000000 mem 0x0000000080031f34
core   0: 0x000000008000fec6 (0x0ff77713) andi    a4, a4, 255
core   0: 3 0x000000008000fec6 (0x0ff77713) x14 0x0000000000000000
core   0: 0x000000008000feca (0x00e78023) sb      a4, 0(a5)
core   0: 3 0x000000008000feca (0x00e78023) mem 0x0000000080012061 0x00
core   0: 0x000000008000fece (0xfc843703) ld      a4, -56(s0)
core   0: 3 0x000000008000fece (0xfc843703) x14 0x0000000080012040 mem 0x0000000080031f38
core   0: 0x000000008000fed2 (0xfb843783) ld      a5, -72(s0)
core   0: 3 0x000000008000fed2 (0xfb843783) x15 0x000000000000009c mem 0x0000000080031f28
core   0: 0x000000008000fed6 (0x000097ba) c.add   a5, a4
core   0: 3 0x000000008000fed6 (0x97ba) x15 0x00000000800120dc
core   0: 0x000000008000fed8 (0xfe043703) ld      a4, -32(s0)
core   0: 3 0x000000008000fed8 (0xfe043703) x14 0x0000000080012062 mem 0x0000000080031f50
core   0: 0x000000008000fedc (0xfcf76de3) bltu    a4, a5, pc - 38
core   0: 3 0x000000008000fedc (0xfcf76de3)
core   0: 0x000000008000feb6 (0xfe043783) ld      a5, -32(s0)
core   0: 3 0x000000008000feb6 (0xfe043783) x15 0x0000000080012062 mem 0x0000000080031f50
core   0: 0x000000008000feba (0x00178713) addi    a4, a5, 1
core   0: 3 0x000000008000feba (0x00178713) x14 0x0000000080012063
core   0: 0x000000008000febe (0xfee43023) sd      a4, -32(s0)
core   0: 3 0x000000008000febe (0xfee43023) mem 0x0000000080031f50 0x0000000080012063
core   0: 0x000000008000fec2 (0xfc442703) lw      a4, -60(s0)
core   0: 3 0x000000008000fec2 (0xfc442703) x14 0x0000000000000000 mem 0x0000000080031f34
core   0: 0x000000008000fec6 (0x0ff77713) andi    a4, a4, 255
core   0: 3 0x000000008000fec6 (0x0ff77713) x14 0x0000000000000000
core   0: 0x000000008000feca (0x00e78023) sb      a4, 0(a5)
core   0: 3 0x000000008000feca (0x00e78023) mem 0x0000000080012062 0x00
core   0: 0x000000008000fece (0xfc843703) ld      a4, -56(s0)
core   0: 3 0x000000008000fece (0xfc843703) x14 0x0000000080012040 mem 0x0000000080031f38
core   0: 0x000000008000fed2 (0xfb843783) ld      a5, -72(s0)
core   0: 3 0x000000008000fed2 (0xfb843783) x15 0x000000000000009c mem 0x0000000080031f28
core   0: 0x000000008000fed6 (0x000097ba) c.add   a5, a4
core   0: 3 0x000000008000fed6 (0x97ba) x15 0x00000000800120dc
core   0: 0x000000008000fed8 (0xfe043703) ld      a4, -32(s0)
core   0: 3 0x000000008000fed8 (0xfe043703) x14 0x0000000080012063 mem 0x0000000080031f50
core   0: 0x000000008000fedc (0xfcf76de3) bltu    a4, a5, pc - 38
core   0: 3 0x000000008000fedc (0xfcf76de3)
core   0: 0x000000008000feb6 (0xfe043783) ld      a5, -32(s0)
core   0: 3 0x000000008000feb6 (0xfe043783) x15 0x0000000080012063 mem 0x0000000080031f50
core   0: 0x000000008000feba (0x00178713) addi    a4, a5, 1
core   0: 3 0x000000008000feba (0x00178713) x14 0x0000000080012064
core   0: 0x000000008000febe (0xfee43023) sd      a4, -32(s0)
core   0: 3 0x000000008000febe (0xfee43023) mem 0x0000000080031f50 0x0000000080012064
core   0: 0x000000008000fec2 (0xfc442703) lw      a4, -60(s0)
core   0: 3 0x000000008000fec2 (0xfc442703) x14 0x0000000000000000 mem 0x0000000080031f34
core   0: 0x000000008000fec6 (0x0ff77713) andi    a4, a4, 255
core   0: 3 0x000000008000fec6 (0x0ff77713) x14 0x0000000000000000
core   0: 0x000000008000feca (0x00e78023) sb      a4, 0(a5)
core   0: 3 0x000000008000feca (0x00e78023) mem 0x0000000080012063 0x00
core   0: 0x000000008000fece (0xfc843703) ld      a4, -56(s0)
core   0: 3 0x000000008000fece (0xfc843703) x14 0x0000000080012040 mem 0x0000000080031f38
core   0: 0x000000008000fed2 (0xfb843783) ld      a5, -72(s0)
core   0: 3 0x000000008000fed2 (0xfb843783) x15 0x000000000000009c mem 0x0000000080031f28
core   0: 0x000000008000fed6 (0x000097ba) c.add   a5, a4
core   0: 3 0x000000008000fed6 (0x97ba) x15 0x00000000800120dc
core   0: 0x000000008000fed8 (0xfe043703) ld      a4, -32(s0)
core   0: 3 0x000000008000fed8 (0xfe043703) x14 0x0000000080012064 mem 0x0000000080031f50
core   0: 0x000000008000fedc (0xfcf76de3) bltu    a4, a5, pc - 38
core   0: 3 0x000000008000fedc (0xfcf76de3)
core   0: 0x000000008000feb6 (0xfe043783) ld      a5, -32(s0)
core   0: 3 0x000000008000feb6 (0xfe043783) x15 0x0000000080012064 mem 0x0000000080031f50
core   0: 0x000000008000feba (0x00178713) addi    a4, a5, 1
core   0: 3 0x000000008000feba (0x00178713) x14 0x0000000080012065
core   0: 0x000000008000febe (0xfee43023) sd      a4, -32(s0)
core   0: 3 0x000000008000febe (0xfee43023) mem 0x0000000080031f50 0x0000000080012065
core   0: 0x000000008000fec2 (0xfc442703) lw      a4, -60(s0)
core   0: 3 0x000000008000fec2 (0xfc442703) x14 0x0000000000000000 mem 0x0000000080031f34
core   0: 0x000000008000fec6 (0x0ff77713) andi    a4, a4, 255
core   0: 3 0x000000008000fec6 (0x0ff77713) x14 0x0000000000000000
core   0: 0x000000008000feca (0x00e78023) sb      a4, 0(a5)
core   0: 3 0x000000008000feca (0x00e78023) mem 0x0000000080012064 0x00
core   0: 0x000000008000fece (0xfc843703) ld      a4, -56(s0)
core   0: 3 0x000000008000fece (0xfc843703) x14 0x0000000080012040 mem 0x0000000080031f38
core   0: 0x000000008000fed2 (0xfb843783) ld      a5, -72(s0)
core   0: 3 0x000000008000fed2 (0xfb843783) x15 0x000000000000009c mem 0x0000000080031f28
core   0: 0x000000008000fed6 (0x000097ba) c.add   a5, a4
core   0: 3 0x000000008000fed6 (0x97ba) x15 0x00000000800120dc
core   0: 0x000000008000fed8 (0xfe043703) ld      a4, -32(s0)
core   0: 3 0x000000008000fed8 (0xfe043703) x14 0x0000000080012065 mem 0x0000000080031f50
core   0: 0x000000008000fedc (0xfcf76de3) bltu    a4, a5, pc - 38
core   0: 3 0x000000008000fedc (0xfcf76de3)
core   0: 0x000000008000feb6 (0xfe043783) ld      a5, -32(s0)
core   0: 3 0x000000008000feb6 (0xfe043783) x15 0x0000000080012065 mem 0x0000000080031f50
core   0: 0x000000008000feba (0x00178713) addi    a4, a5, 1
core   0: 3 0x000000008000feba (0x00178713) x14 0x0000000080012066
core   0: 0x000000008000febe (0xfee43023) sd      a4, -32(s0)
core   0: 3 0x000000008000febe (0xfee43023) mem 0x0000000080031f50 0x0000000080012066
core   0: 0x000000008000fec2 (0xfc442703) lw      a4, -60(s0)
core   0: 3 0x000000008000fec2 (0xfc442703) x14 0x0000000000000000 mem 0x0000000080031f34
core   0: 0x000000008000fec6 (0x0ff77713) andi    a4, a4, 255
core   0: 3 0x000000008000fec6 (0x0ff77713) x14 0x0000000000000000
core   0: 0x000000008000feca (0x00e78023) sb      a4, 0(a5)
core   0: 3 0x000000008000feca (0x00e78023) mem 0x0000000080012065 0x00
core   0: 0x000000008000fece (0xfc843703) ld      a4, -56(s0)
core   0: 3 0x000000008000fece (0xfc843703) x14 0x0000000080012040 mem 0x0000000080031f38
core   0: 0x000000008000fed2 (0xfb843783) ld      a5, -72(s0)
core   0: 3 0x000000008000fed2 (0xfb843783) x15 0x000000000000009c mem 0x0000000080031f28
core   0: 0x000000008000fed6 (0x000097ba) c.add   a5, a4
core   0: 3 0x000000008000fed6 (0x97ba) x15 0x00000000800120dc
core   0: 0x000000008000fed8 (0xfe043703) ld      a4, -32(s0)
core   0: 3 0x000000008000fed8 (0xfe043703) x14 0x0000000080012066 mem 0x0000000080031f50
core   0: 0x000000008000fedc (0xfcf76de3) bltu    a4, a5, pc - 38
core   0: 3 0x000000008000fedc (0xfcf76de3)
core   0: 0x000000008000feb6 (0xfe043783) ld      a5, -32(s0)
core   0: 3 0x000000008000feb6 (0xfe043783) x15 0x0000000080012066 mem 0x0000000080031f50
core   0: 0x000000008000feba (0x00178713) addi    a4, a5, 1
core   0: 3 0x000000008000feba (0x00178713) x14 0x0000000080012067
core   0: 0x000000008000febe (0xfee43023) sd      a4, -32(s0)
core   0: 3 0x000000008000febe (0xfee43023) mem 0x0000000080031f50 0x0000000080012067
core   0: 0x000000008000fec2 (0xfc442703) lw      a4, -60(s0)
core   0: 3 0x000000008000fec2 (0xfc442703) x14 0x0000000000000000 mem 0x0000000080031f34
core   0: 0x000000008000fec6 (0x0ff77713) andi    a4, a4, 255
core   0: 3 0x000000008000fec6 (0x0ff77713) x14 0x0000000000000000
core   0: 0x000000008000feca (0x00e78023) sb      a4, 0(a5)
core   0: 3 0x000000008000feca (0x00e78023) mem 0x0000000080012066 0x00
core   0: 0x000000008000fece (0xfc843703) ld      a4, -56(s0)
core   0: 3 0x000000008000fece (0xfc843703) x14 0x0000000080012040 mem 0x0000000080031f38
core   0: 0x000000008000fed2 (0xfb843783) ld      a5, -72(s0)
core   0: 3 0x000000008000fed2 (0xfb843783) x15 0x000000000000009c mem 0x0000000080031f28
core   0: 0x000000008000fed6 (0x000097ba) c.add   a5, a4
core   0: 3 0x000000008000fed6 (0x97ba) x15 0x00000000800120dc
core   0: 0x000000008000fed8 (0xfe043703) ld      a4, -32(s0)
core   0: 3 0x000000008000fed8 (0xfe043703) x14 0x0000000080012067 mem 0x0000000080031f50
core   0: 0x000000008000fedc (0xfcf76de3) bltu    a4, a5, pc - 38
core   0: 3 0x000000008000fedc (0xfcf76de3)
core   0: 0x000000008000feb6 (0xfe043783) ld      a5, -32(s0)
core   0: 3 0x000000008000feb6 (0xfe043783) x15 0x0000000080012067 mem 0x0000000080031f50
core   0: 0x000000008000feba (0x00178713) addi    a4, a5, 1
core   0: 3 0x000000008000feba (0x00178713) x14 0x0000000080012068
core   0: 0x000000008000febe (0xfee43023) sd      a4, -32(s0)
core   0: 3 0x000000008000febe (0xfee43023) mem 0x0000000080031f50 0x0000000080012068
core   0: 0x000000008000fec2 (0xfc442703) lw      a4, -60(s0)
core   0: 3 0x000000008000fec2 (0xfc442703) x14 0x0000000000000000 mem 0x0000000080031f34
core   0: 0x000000008000fec6 (0x0ff77713) andi    a4, a4, 255
core   0: 3 0x000000008000fec6 (0x0ff77713) x14 0x0000000000000000
core   0: 0x000000008000feca (0x00e78023) sb      a4, 0(a5)
core   0: 3 0x000000008000feca (0x00e78023) mem 0x0000000080012067 0x00
core   0: 0x000000008000fece (0xfc843703) ld      a4, -56(s0)
core   0: 3 0x000000008000fece (0xfc843703) x14 0x0000000080012040 mem 0x0000000080031f38
core   0: 0x000000008000fed2 (0xfb843783) ld      a5, -72(s0)
core   0: 3 0x000000008000fed2 (0xfb843783) x15 0x000000000000009c mem 0x0000000080031f28
core   0: 0x000000008000fed6 (0x000097ba) c.add   a5, a4
core   0: 3 0x000000008000fed6 (0x97ba) x15 0x00000000800120dc
core   0: 0x000000008000fed8 (0xfe043703) ld      a4, -32(s0)
core   0: 3 0x000000008000fed8 (0xfe043703) x14 0x0000000080012068 mem 0x0000000080031f50
core   0: 0x000000008000fedc (0xfcf76de3) bltu    a4, a5, pc - 38
core   0: 3 0x000000008000fedc (0xfcf76de3)
core   0: 0x000000008000feb6 (0xfe043783) ld      a5, -32(s0)
core   0: 3 0x000000008000feb6 (0xfe043783) x15 0x0000000080012068 mem 0x0000000080031f50
core   0: 0x000000008000feba (0x00178713) addi    a4, a5, 1
core   0: 3 0x000000008000feba (0x00178713) x14 0x0000000080012069
core   0: 0x000000008000febe (0xfee43023) sd      a4, -32(s0)
core   0: 3 0x000000008000febe (0xfee43023) mem 0x0000000080031f50 0x0000000080012069
core   0: 0x000000008000fec2 (0xfc442703) lw      a4, -60(s0)
core   0: 3 0x000000008000fec2 (0xfc442703) x14 0x0000000000000000 mem 0x0000000080031f34
core   0: 0x000000008000fec6 (0x0ff77713) andi    a4, a4, 255
core   0: 3 0x000000008000fec6 (0x0ff77713) x14 0x0000000000000000
core   0: 0x000000008000feca (0x00e78023) sb      a4, 0(a5)
core   0: 3 0x000000008000feca (0x00e78023) mem 0x0000000080012068 0x00
core   0: 0x000000008000fece (0xfc843703) ld      a4, -56(s0)
core   0: 3 0x000000008000fece (0xfc843703) x14 0x0000000080012040 mem 0x0000000080031f38
core   0: 0x000000008000fed2 (0xfb843783) ld      a5, -72(s0)
core   0: 3 0x000000008000fed2 (0xfb843783) x15 0x000000000000009c mem 0x0000000080031f28
core   0: 0x000000008000fed6 (0x000097ba) c.add   a5, a4
core   0: 3 0x000000008000fed6 (0x97ba) x15 0x00000000800120dc
core   0: 0x000000008000fed8 (0xfe043703) ld      a4, -32(s0)
core   0: 3 0x000000008000fed8 (0xfe043703) x14 0x0000000080012069 mem 0x0000000080031f50
core   0: 0x000000008000fedc (0xfcf76de3) bltu    a4, a5, pc - 38
core   0: 3 0x000000008000fedc (0xfcf76de3)
core   0: 0x000000008000feb6 (0xfe043783) ld      a5, -32(s0)
core   0: 3 0x000000008000feb6 (0xfe043783) x15 0x0000000080012069 mem 0x0000000080031f50
core   0: 0x000000008000feba (0x00178713) addi    a4, a5, 1
core   0: 3 0x000000008000feba (0x00178713) x14 0x000000008001206a
core   0: 0x000000008000febe (0xfee43023) sd      a4, -32(s0)
core   0: 3 0x000000008000febe (0xfee43023) mem 0x0000000080031f50 0x000000008001206a
core   0: 0x000000008000fec2 (0xfc442703) lw      a4, -60(s0)
core   0: 3 0x000000008000fec2 (0xfc442703) x14 0x0000000000000000 mem 0x0000000080031f34
core   0: 0x000000008000fec6 (0x0ff77713) andi    a4, a4, 255
core   0: 3 0x000000008000fec6 (0x0ff77713) x14 0x0000000000000000
core   0: 0x000000008000feca (0x00e78023) sb      a4, 0(a5)
core   0: 3 0x000000008000feca (0x00e78023) mem 0x0000000080012069 0x00
core   0: 0x000000008000fece (0xfc843703) ld      a4, -56(s0)
core   0: 3 0x000000008000fece (0xfc843703) x14 0x0000000080012040 mem 0x0000000080031f38
core   0: 0x000000008000fed2 (0xfb843783) ld      a5, -72(s0)
core   0: 3 0x000000008000fed2 (0xfb843783) x15 0x000000000000009c mem 0x0000000080031f28
core   0: 0x000000008000fed6 (0x000097ba) c.add   a5, a4
core   0: 3 0x000000008000fed6 (0x97ba) x15 0x00000000800120dc
core   0: 0x000000008000fed8 (0xfe043703) ld      a4, -32(s0)
core   0: 3 0x000000008000fed8 (0xfe043703) x14 0x000000008001206a mem 0x0000000080031f50
core   0: 0x000000008000fedc (0xfcf76de3) bltu    a4, a5, pc - 38
core   0: 3 0x000000008000fedc (0xfcf76de3)
core   0: 0x000000008000feb6 (0xfe043783) ld      a5, -32(s0)
core   0: 3 0x000000008000feb6 (0xfe043783) x15 0x000000008001206a mem 0x0000000080031f50
core   0: 0x000000008000feba (0x00178713) addi    a4, a5, 1
core   0: 3 0x000000008000feba (0x00178713) x14 0x000000008001206b
core   0: 0x000000008000febe (0xfee43023) sd      a4, -32(s0)
core   0: 3 0x000000008000febe (0xfee43023) mem 0x0000000080031f50 0x000000008001206b
core   0: 0x000000008000fec2 (0xfc442703) lw      a4, -60(s0)
core   0: 3 0x000000008000fec2 (0xfc442703) x14 0x0000000000000000 mem 0x0000000080031f34
core   0: 0x000000008000fec6 (0x0ff77713) andi    a4, a4, 255
core   0: 3 0x000000008000fec6 (0x0ff77713) x14 0x0000000000000000
core   0: 0x000000008000feca (0x00e78023) sb      a4, 0(a5)
core   0: 3 0x000000008000feca (0x00e78023) mem 0x000000008001206a 0x00
core   0: 0x000000008000fece (0xfc843703) ld      a4, -56(s0)
core   0: 3 0x000000008000fece (0xfc843703) x14 0x0000000080012040 mem 0x0000000080031f38
core   0: 0x000000008000fed2 (0xfb843783) ld      a5, -72(s0)
core   0: 3 0x000000008000fed2 (0xfb843783) x15 0x000000000000009c mem 0x0000000080031f28
core   0: 0x000000008000fed6 (0x000097ba) c.add   a5, a4
core   0: 3 0x000000008000fed6 (0x97ba) x15 0x00000000800120dc
core   0: 0x000000008000fed8 (0xfe043703) ld      a4, -32(s0)
core   0: 3 0x000000008000fed8 (0xfe043703) x14 0x000000008001206b mem 0x0000000080031f50
core   0: 0x000000008000fedc (0xfcf76de3) bltu    a4, a5, pc - 38
core   0: 3 0x000000008000fedc (0xfcf76de3)
core   0: 0x000000008000feb6 (0xfe043783) ld      a5, -32(s0)
core   0: 3 0x000000008000feb6 (0xfe043783) x15 0x000000008001206b mem 0x0000000080031f50
core   0: 0x000000008000feba (0x00178713) addi    a4, a5, 1
core   0: 3 0x000000008000feba (0x00178713) x14 0x000000008001206c
core   0: 0x000000008000febe (0xfee43023) sd      a4, -32(s0)
core   0: 3 0x000000008000febe (0xfee43023) mem 0x0000000080031f50 0x000000008001206c
core   0: 0x000000008000fec2 (0xfc442703) lw      a4, -60(s0)
core   0: 3 0x000000008000fec2 (0xfc442703) x14 0x0000000000000000 mem 0x0000000080031f34
core   0: 0x000000008000fec6 (0x0ff77713) andi    a4, a4, 255
core   0: 3 0x000000008000fec6 (0x0ff77713) x14 0x0000000000000000
core   0: 0x000000008000feca (0x00e78023) sb      a4, 0(a5)
core   0: 3 0x000000008000feca (0x00e78023) mem 0x000000008001206b 0x00
core   0: 0x000000008000fece (0xfc843703) ld      a4, -56(s0)
core   0: 3 0x000000008000fece (0xfc843703) x14 0x0000000080012040 mem 0x0000000080031f38
core   0: 0x000000008000fed2 (0xfb843783) ld      a5, -72(s0)
core   0: 3 0x000000008000fed2 (0xfb843783) x15 0x000000000000009c mem 0x0000000080031f28
core   0: 0x000000008000fed6 (0x000097ba) c.add   a5, a4
core   0: 3 0x000000008000fed6 (0x97ba) x15 0x00000000800120dc
core   0: 0x000000008000fed8 (0xfe043703) ld      a4, -32(s0)
core   0: 3 0x000000008000fed8 (0xfe043703) x14 0x000000008001206c mem 0x0000000080031f50
core   0: 0x000000008000fedc (0xfcf76de3) bltu    a4, a5, pc - 38
core   0: 3 0x000000008000fedc (0xfcf76de3)
core   0: 0x000000008000feb6 (0xfe043783) ld      a5, -32(s0)
core   0: 3 0x000000008000feb6 (0xfe043783) x15 0x000000008001206c mem 0x0000000080031f50
core   0: 0x000000008000feba (0x00178713) addi    a4, a5, 1
core   0: 3 0x000000008000feba (0x00178713) x14 0x000000008001206d
core   0: 0x000000008000febe (0xfee43023) sd      a4, -32(s0)
core   0: 3 0x000000008000febe (0xfee43023) mem 0x0000000080031f50 0x000000008001206d
core   0: 0x000000008000fec2 (0xfc442703) lw      a4, -60(s0)
core   0: 3 0x000000008000fec2 (0xfc442703) x14 0x0000000000000000 mem 0x0000000080031f34
core   0: 0x000000008000fec6 (0x0ff77713) andi    a4, a4, 255
core   0: 3 0x000000008000fec6 (0x0ff77713) x14 0x0000000000000000
core   0: 0x000000008000feca (0x00e78023) sb      a4, 0(a5)
core   0: 3 0x000000008000feca (0x00e78023) mem 0x000000008001206c 0x00
core   0: 0x000000008000fece (0xfc843703) ld      a4, -56(s0)
core   0: 3 0x000000008000fece (0xfc843703) x14 0x0000000080012040 mem 0x0000000080031f38
core   0: 0x000000008000fed2 (0xfb843783) ld      a5, -72(s0)
core   0: 3 0x000000008000fed2 (0xfb843783) x15 0x000000000000009c mem 0x0000000080031f28
core   0: 0x000000008000fed6 (0x000097ba) c.add   a5, a4
core   0: 3 0x000000008000fed6 (0x97ba) x15 0x00000000800120dc
core   0: 0x000000008000fed8 (0xfe043703) ld      a4, -32(s0)
core   0: 3 0x000000008000fed8 (0xfe043703) x14 0x000000008001206d mem 0x0000000080031f50
core   0: 0x000000008000fedc (0xfcf76de3) bltu    a4, a5, pc - 38
core   0: 3 0x000000008000fedc (0xfcf76de3)
core   0: 0x000000008000feb6 (0xfe043783) ld      a5, -32(s0)
core   0: 3 0x000000008000feb6 (0xfe043783) x15 0x000000008001206d mem 0x0000000080031f50
core   0: 0x000000008000feba (0x00178713) addi    a4, a5, 1
core   0: 3 0x000000008000feba (0x00178713) x14 0x000000008001206e
core   0: 0x000000008000febe (0xfee43023) sd      a4, -32(s0)
core   0: 3 0x000000008000febe (0xfee43023) mem 0x0000000080031f50 0x000000008001206e
core   0: 0x000000008000fec2 (0xfc442703) lw      a4, -60(s0)
core   0: 3 0x000000008000fec2 (0xfc442703) x14 0x0000000000000000 mem 0x0000000080031f34
core   0: 0x000000008000fec6 (0x0ff77713) andi    a4, a4, 255
core   0: 3 0x000000008000fec6 (0x0ff77713) x14 0x0000000000000000
core   0: 0x000000008000feca (0x00e78023) sb      a4, 0(a5)
core   0: 3 0x000000008000feca (0x00e78023) mem 0x000000008001206d 0x00
core   0: 0x000000008000fece (0xfc843703) ld      a4, -56(s0)
core   0: 3 0x000000008000fece (0xfc843703) x14 0x0000000080012040 mem 0x0000000080031f38
core   0: 0x000000008000fed2 (0xfb843783) ld      a5, -72(s0)
core   0: 3 0x000000008000fed2 (0xfb843783) x15 0x000000000000009c mem 0x0000000080031f28
core   0: 0x000000008000fed6 (0x000097ba) c.add   a5, a4
core   0: 3 0x000000008000fed6 (0x97ba) x15 0x00000000800120dc
core   0: 0x000000008000fed8 (0xfe043703) ld      a4, -32(s0)
core   0: 3 0x000000008000fed8 (0xfe043703) x14 0x000000008001206e mem 0x0000000080031f50
core   0: 0x000000008000fedc (0xfcf76de3) bltu    a4, a5, pc - 38
core   0: 3 0x000000008000fedc (0xfcf76de3)
core   0: 0x000000008000feb6 (0xfe043783) ld      a5, -32(s0)
core   0: 3 0x000000008000feb6 (0xfe043783) x15 0x000000008001206e mem 0x0000000080031f50
core   0: 0x000000008000feba (0x00178713) addi    a4, a5, 1
core   0: 3 0x000000008000feba (0x00178713) x14 0x000000008001206f
core   0: 0x000000008000febe (0xfee43023) sd      a4, -32(s0)
core   0: 3 0x000000008000febe (0xfee43023) mem 0x0000000080031f50 0x000000008001206f
core   0: 0x000000008000fec2 (0xfc442703) lw      a4, -60(s0)
core   0: 3 0x000000008000fec2 (0xfc442703) x14 0x0000000000000000 mem 0x0000000080031f34
core   0: 0x000000008000fec6 (0x0ff77713) andi    a4, a4, 255
core   0: 3 0x000000008000fec6 (0x0ff77713) x14 0x0000000000000000
core   0: 0x000000008000feca (0x00e78023) sb      a4, 0(a5)
core   0: 3 0x000000008000feca (0x00e78023) mem 0x000000008001206e 0x00
core   0: 0x000000008000fece (0xfc843703) ld      a4, -56(s0)
core   0: 3 0x000000008000fece (0xfc843703) x14 0x0000000080012040 mem 0x0000000080031f38
core   0: 0x000000008000fed2 (0xfb843783) ld      a5, -72(s0)
core   0: 3 0x000000008000fed2 (0xfb843783) x15 0x000000000000009c mem 0x0000000080031f28
core   0: 0x000000008000fed6 (0x000097ba) c.add   a5, a4
core   0: 3 0x000000008000fed6 (0x97ba) x15 0x00000000800120dc
core   0: 0x000000008000fed8 (0xfe043703) ld      a4, -32(s0)
core   0: 3 0x000000008000fed8 (0xfe043703) x14 0x000000008001206f mem 0x0000000080031f50
core   0: 0x000000008000fedc (0xfcf76de3) bltu    a4, a5, pc - 38
core   0: 3 0x000000008000fedc (0xfcf76de3)
core   0: 0x000000008000feb6 (0xfe043783) ld      a5, -32(s0)
core   0: 3 0x000000008000feb6 (0xfe043783) x15 0x000000008001206f mem 0x0000000080031f50
core   0: 0x000000008000feba (0x00178713) addi    a4, a5, 1
core   0: 3 0x000000008000feba (0x00178713) x14 0x0000000080012070
core   0: 0x000000008000febe (0xfee43023) sd      a4, -32(s0)
core   0: 3 0x000000008000febe (0xfee43023) mem 0x0000000080031f50 0x0000000080012070
core   0: 0x000000008000fec2 (0xfc442703) lw      a4, -60(s0)
core   0: 3 0x000000008000fec2 (0xfc442703) x14 0x0000000000000000 mem 0x0000000080031f34
core   0: 0x000000008000fec6 (0x0ff77713) andi    a4, a4, 255
core   0: 3 0x000000008000fec6 (0x0ff77713) x14 0x0000000000000000
core   0: 0x000000008000feca (0x00e78023) sb      a4, 0(a5)
core   0: 3 0x000000008000feca (0x00e78023) mem 0x000000008001206f 0x00
core   0: 0x000000008000fece (0xfc843703) ld      a4, -56(s0)
core   0: 3 0x000000008000fece (0xfc843703) x14 0x0000000080012040 mem 0x0000000080031f38
core   0: 0x000000008000fed2 (0xfb843783) ld      a5, -72(s0)
core   0: 3 0x000000008000fed2 (0xfb843783) x15 0x000000000000009c mem 0x0000000080031f28
core   0: 0x000000008000fed6 (0x000097ba) c.add   a5, a4
core   0: 3 0x000000008000fed6 (0x97ba) x15 0x00000000800120dc
core   0: 0x000000008000fed8 (0xfe043703) ld      a4, -32(s0)
core   0: 3 0x000000008000fed8 (0xfe043703) x14 0x0000000080012070 mem 0x0000000080031f50
core   0: 0x000000008000fedc (0xfcf76de3) bltu    a4, a5, pc - 38
core   0: 3 0x000000008000fedc (0xfcf76de3)
core   0: 0x000000008000feb6 (0xfe043783) ld      a5, -32(s0)
core   0: 3 0x000000008000feb6 (0xfe043783) x15 0x0000000080012070 mem 0x0000000080031f50
core   0: 0x000000008000feba (0x00178713) addi    a4, a5, 1
core   0: 3 0x000000008000feba (0x00178713) x14 0x0000000080012071
core   0: 0x000000008000febe (0xfee43023) sd      a4, -32(s0)
core   0: 3 0x000000008000febe (0xfee43023) mem 0x0000000080031f50 0x0000000080012071
core   0: 0x000000008000fec2 (0xfc442703) lw      a4, -60(s0)
core   0: 3 0x000000008000fec2 (0xfc442703) x14 0x0000000000000000 mem 0x0000000080031f34
core   0: 0x000000008000fec6 (0x0ff77713) andi    a4, a4, 255
core   0: 3 0x000000008000fec6 (0x0ff77713) x14 0x0000000000000000
core   0: 0x000000008000feca (0x00e78023) sb      a4, 0(a5)
core   0: 3 0x000000008000feca (0x00e78023) mem 0x0000000080012070 0x00
core   0: 0x000000008000fece (0xfc843703) ld      a4, -56(s0)
core   0: 3 0x000000008000fece (0xfc843703) x14 0x0000000080012040 mem 0x0000000080031f38
core   0: 0x000000008000fed2 (0xfb843783) ld      a5, -72(s0)
core   0: 3 0x000000008000fed2 (0xfb843783) x15 0x000000000000009c mem 0x0000000080031f28
core   0: 0x000000008000fed6 (0x000097ba) c.add   a5, a4
core   0: 3 0x000000008000fed6 (0x97ba) x15 0x00000000800120dc
core   0: 0x000000008000fed8 (0xfe043703) ld      a4, -32(s0)
core   0: 3 0x000000008000fed8 (0xfe043703) x14 0x0000000080012071 mem 0x0000000080031f50
core   0: 0x000000008000fedc (0xfcf76de3) bltu    a4, a5, pc - 38
core   0: 3 0x000000008000fedc (0xfcf76de3)
core   0: 0x000000008000feb6 (0xfe043783) ld      a5, -32(s0)
core   0: 3 0x000000008000feb6 (0xfe043783) x15 0x0000000080012071 mem 0x0000000080031f50
core   0: 0x000000008000feba (0x00178713) addi    a4, a5, 1
core   0: 3 0x000000008000feba (0x00178713) x14 0x0000000080012072
core   0: 0x000000008000febe (0xfee43023) sd      a4, -32(s0)
core   0: 3 0x000000008000febe (0xfee43023) mem 0x0000000080031f50 0x0000000080012072
core   0: 0x000000008000fec2 (0xfc442703) lw      a4, -60(s0)
core   0: 3 0x000000008000fec2 (0xfc442703) x14 0x0000000000000000 mem 0x0000000080031f34
core   0: 0x000000008000fec6 (0x0ff77713) andi    a4, a4, 255
core   0: 3 0x000000008000fec6 (0x0ff77713) x14 0x0000000000000000
core   0: 0x000000008000feca (0x00e78023) sb      a4, 0(a5)
core   0: 3 0x000000008000feca (0x00e78023) mem 0x0000000080012071 0x00
core   0: 0x000000008000fece (0xfc843703) ld      a4, -56(s0)
core   0: 3 0x000000008000fece (0xfc843703) x14 0x0000000080012040 mem 0x0000000080031f38
core   0: 0x000000008000fed2 (0xfb843783) ld      a5, -72(s0)
core   0: 3 0x000000008000fed2 (0xfb843783) x15 0x000000000000009c mem 0x0000000080031f28
core   0: 0x000000008000fed6 (0x000097ba) c.add   a5, a4
core   0: 3 0x000000008000fed6 (0x97ba) x15 0x00000000800120dc
core   0: 0x000000008000fed8 (0xfe043703) ld      a4, -32(s0)
core   0: 3 0x000000008000fed8 (0xfe043703) x14 0x0000000080012072 mem 0x0000000080031f50
core   0: 0x000000008000fedc (0xfcf76de3) bltu    a4, a5, pc - 38
core   0: 3 0x000000008000fedc (0xfcf76de3)
core   0: 0x000000008000feb6 (0xfe043783) ld      a5, -32(s0)
core   0: 3 0x000000008000feb6 (0xfe043783) x15 0x0000000080012072 mem 0x0000000080031f50
core   0: 0x000000008000feba (0x00178713) addi    a4, a5, 1
core   0: 3 0x000000008000feba (0x00178713) x14 0x0000000080012073
core   0: 0x000000008000febe (0xfee43023) sd      a4, -32(s0)
core   0: 3 0x000000008000febe (0xfee43023) mem 0x0000000080031f50 0x0000000080012073
core   0: 0x000000008000fec2 (0xfc442703) lw      a4, -60(s0)
core   0: 3 0x000000008000fec2 (0xfc442703) x14 0x0000000000000000 mem 0x0000000080031f34
core   0: 0x000000008000fec6 (0x0ff77713) andi    a4, a4, 255
core   0: 3 0x000000008000fec6 (0x0ff77713) x14 0x0000000000000000
core   0: 0x000000008000feca (0x00e78023) sb      a4, 0(a5)
core   0: 3 0x000000008000feca (0x00e78023) mem 0x0000000080012072 0x00
core   0: 0x000000008000fece (0xfc843703) ld      a4, -56(s0)
core   0: 3 0x000000008000fece (0xfc843703) x14 0x0000000080012040 mem 0x0000000080031f38
core   0: 0x000000008000fed2 (0xfb843783) ld      a5, -72(s0)
core   0: 3 0x000000008000fed2 (0xfb843783) x15 0x000000000000009c mem 0x0000000080031f28
core   0: 0x000000008000fed6 (0x000097ba) c.add   a5, a4
core   0: 3 0x000000008000fed6 (0x97ba) x15 0x00000000800120dc
core   0: 0x000000008000fed8 (0xfe043703) ld      a4, -32(s0)
core   0: 3 0x000000008000fed8 (0xfe043703) x14 0x0000000080012073 mem 0x0000000080031f50
core   0: 0x000000008000fedc (0xfcf76de3) bltu    a4, a5, pc - 38
core   0: 3 0x000000008000fedc (0xfcf76de3)
core   0: 0x000000008000feb6 (0xfe043783) ld      a5, -32(s0)
core   0: 3 0x000000008000feb6 (0xfe043783) x15 0x0000000080012073 mem 0x0000000080031f50
core   0: 0x000000008000feba (0x00178713) addi    a4, a5, 1
core   0: 3 0x000000008000feba (0x00178713) x14 0x0000000080012074
core   0: 0x000000008000febe (0xfee43023) sd      a4, -32(s0)
core   0: 3 0x000000008000febe (0xfee43023) mem 0x0000000080031f50 0x0000000080012074
core   0: 0x000000008000fec2 (0xfc442703) lw      a4, -60(s0)
core   0: 3 0x000000008000fec2 (0xfc442703) x14 0x0000000000000000 mem 0x0000000080031f34
core   0: 0x000000008000fec6 (0x0ff77713) andi    a4, a4, 255
core   0: 3 0x000000008000fec6 (0x0ff77713) x14 0x0000000000000000
core   0: 0x000000008000feca (0x00e78023) sb      a4, 0(a5)
core   0: 3 0x000000008000feca (0x00e78023) mem 0x0000000080012073 0x00
core   0: 0x000000008000fece (0xfc843703) ld      a4, -56(s0)
core   0: 3 0x000000008000fece (0xfc843703) x14 0x0000000080012040 mem 0x0000000080031f38
core   0: 0x000000008000fed2 (0xfb843783) ld      a5, -72(s0)
core   0: 3 0x000000008000fed2 (0xfb843783) x15 0x000000000000009c mem 0x0000000080031f28
core   0: 0x000000008000fed6 (0x000097ba) c.add   a5, a4
core   0: 3 0x000000008000fed6 (0x97ba) x15 0x00000000800120dc
core   0: 0x000000008000fed8 (0xfe043703) ld      a4, -32(s0)
core   0: 3 0x000000008000fed8 (0xfe043703) x14 0x0000000080012074 mem 0x0000000080031f50
core   0: 0x000000008000fedc (0xfcf76de3) bltu    a4, a5, pc - 38
core   0: 3 0x000000008000fedc (0xfcf76de3)
core   0: 0x000000008000feb6 (0xfe043783) ld      a5, -32(s0)
core   0: 3 0x000000008000feb6 (0xfe043783) x15 0x0000000080012074 mem 0x0000000080031f50
core   0: 0x000000008000feba (0x00178713) addi    a4, a5, 1
core   0: 3 0x000000008000feba (0x00178713) x14 0x0000000080012075
core   0: 0x000000008000febe (0xfee43023) sd      a4, -32(s0)
core   0: 3 0x000000008000febe (0xfee43023) mem 0x0000000080031f50 0x0000000080012075
core   0: 0x000000008000fec2 (0xfc442703) lw      a4, -60(s0)
core   0: 3 0x000000008000fec2 (0xfc442703) x14 0x0000000000000000 mem 0x0000000080031f34
core   0: 0x000000008000fec6 (0x0ff77713) andi    a4, a4, 255
core   0: 3 0x000000008000fec6 (0x0ff77713) x14 0x0000000000000000
core   0: 0x000000008000feca (0x00e78023) sb      a4, 0(a5)
core   0: 3 0x000000008000feca (0x00e78023) mem 0x0000000080012074 0x00
core   0: 0x000000008000fece (0xfc843703) ld      a4, -56(s0)
core   0: 3 0x000000008000fece (0xfc843703) x14 0x0000000080012040 mem 0x0000000080031f38
core   0: 0x000000008000fed2 (0xfb843783) ld      a5, -72(s0)
core   0: 3 0x000000008000fed2 (0xfb843783) x15 0x000000000000009c mem 0x0000000080031f28
core   0: 0x000000008000fed6 (0x000097ba) c.add   a5, a4
core   0: 3 0x000000008000fed6 (0x97ba) x15 0x00000000800120dc
core   0: 0x000000008000fed8 (0xfe043703) ld      a4, -32(s0)
core   0: 3 0x000000008000fed8 (0xfe043703) x14 0x0000000080012075 mem 0x0000000080031f50
core   0: 0x000000008000fedc (0xfcf76de3) bltu    a4, a5, pc - 38
core   0: 3 0x000000008000fedc (0xfcf76de3)
core   0: 0x000000008000feb6 (0xfe043783) ld      a5, -32(s0)
core   0: 3 0x000000008000feb6 (0xfe043783) x15 0x0000000080012075 mem 0x0000000080031f50
core   0: 0x000000008000feba (0x00178713) addi    a4, a5, 1
core   0: 3 0x000000008000feba (0x00178713) x14 0x0000000080012076
core   0: 0x000000008000febe (0xfee43023) sd      a4, -32(s0)
core   0: 3 0x000000008000febe (0xfee43023) mem 0x0000000080031f50 0x0000000080012076
core   0: 0x000000008000fec2 (0xfc442703) lw      a4, -60(s0)
core   0: 3 0x000000008000fec2 (0xfc442703) x14 0x0000000000000000 mem 0x0000000080031f34
core   0: 0x000000008000fec6 (0x0ff77713) andi    a4, a4, 255
core   0: 3 0x000000008000fec6 (0x0ff77713) x14 0x0000000000000000
core   0: 0x000000008000feca (0x00e78023) sb      a4, 0(a5)
core   0: 3 0x000000008000feca (0x00e78023) mem 0x0000000080012075 0x00
core   0: 0x000000008000fece (0xfc843703) ld      a4, -56(s0)
core   0: 3 0x000000008000fece (0xfc843703) x14 0x0000000080012040 mem 0x0000000080031f38
core   0: 0x000000008000fed2 (0xfb843783) ld      a5, -72(s0)
core   0: 3 0x000000008000fed2 (0xfb843783) x15 0x000000000000009c mem 0x0000000080031f28
core   0: 0x000000008000fed6 (0x000097ba) c.add   a5, a4
core   0: 3 0x000000008000fed6 (0x97ba) x15 0x00000000800120dc
core   0: 0x000000008000fed8 (0xfe043703) ld      a4, -32(s0)
core   0: 3 0x000000008000fed8 (0xfe043703) x14 0x0000000080012076 mem 0x0000000080031f50
core   0: 0x000000008000fedc (0xfcf76de3) bltu    a4, a5, pc - 38
core   0: 3 0x000000008000fedc (0xfcf76de3)
core   0: 0x000000008000feb6 (0xfe043783) ld      a5, -32(s0)
core   0: 3 0x000000008000feb6 (0xfe043783) x15 0x0000000080012076 mem 0x0000000080031f50
core   0: 0x000000008000feba (0x00178713) addi    a4, a5, 1
core   0: 3 0x000000008000feba (0x00178713) x14 0x0000000080012077
core   0: 0x000000008000febe (0xfee43023) sd      a4, -32(s0)
core   0: 3 0x000000008000febe (0xfee43023) mem 0x0000000080031f50 0x0000000080012077
core   0: 0x000000008000fec2 (0xfc442703) lw      a4, -60(s0)
core   0: 3 0x000000008000fec2 (0xfc442703) x14 0x0000000000000000 mem 0x0000000080031f34
core   0: 0x000000008000fec6 (0x0ff77713) andi    a4, a4, 255
core   0: 3 0x000000008000fec6 (0x0ff77713) x14 0x0000000000000000
core   0: 0x000000008000feca (0x00e78023) sb      a4, 0(a5)
core   0: 3 0x000000008000feca (0x00e78023) mem 0x0000000080012076 0x00
core   0: 0x000000008000fece (0xfc843703) ld      a4, -56(s0)
core   0: 3 0x000000008000fece (0xfc843703) x14 0x0000000080012040 mem 0x0000000080031f38
core   0: 0x000000008000fed2 (0xfb843783) ld      a5, -72(s0)
core   0: 3 0x000000008000fed2 (0xfb843783) x15 0x000000000000009c mem 0x0000000080031f28
core   0: 0x000000008000fed6 (0x000097ba) c.add   a5, a4
core   0: 3 0x000000008000fed6 (0x97ba) x15 0x00000000800120dc
core   0: 0x000000008000fed8 (0xfe043703) ld      a4, -32(s0)
core   0: 3 0x000000008000fed8 (0xfe043703) x14 0x0000000080012077 mem 0x0000000080031f50
core   0: 0x000000008000fedc (0xfcf76de3) bltu    a4, a5, pc - 38
core   0: 3 0x000000008000fedc (0xfcf76de3)
core   0: 0x000000008000feb6 (0xfe043783) ld      a5, -32(s0)
core   0: 3 0x000000008000feb6 (0xfe043783) x15 0x0000000080012077 mem 0x0000000080031f50
core   0: 0x000000008000feba (0x00178713) addi    a4, a5, 1
core   0: 3 0x000000008000feba (0x00178713) x14 0x0000000080012078
core   0: 0x000000008000febe (0xfee43023) sd      a4, -32(s0)
core   0: 3 0x000000008000febe (0xfee43023) mem 0x0000000080031f50 0x0000000080012078
core   0: 0x000000008000fec2 (0xfc442703) lw      a4, -60(s0)
core   0: 3 0x000000008000fec2 (0xfc442703) x14 0x0000000000000000 mem 0x0000000080031f34
core   0: 0x000000008000fec6 (0x0ff77713) andi    a4, a4, 255
core   0: 3 0x000000008000fec6 (0x0ff77713) x14 0x0000000000000000
core   0: 0x000000008000feca (0x00e78023) sb      a4, 0(a5)
core   0: 3 0x000000008000feca (0x00e78023) mem 0x0000000080012077 0x00
core   0: 0x000000008000fece (0xfc843703) ld      a4, -56(s0)
core   0: 3 0x000000008000fece (0xfc843703) x14 0x0000000080012040 mem 0x0000000080031f38
core   0: 0x000000008000fed2 (0xfb843783) ld      a5, -72(s0)
core   0: 3 0x000000008000fed2 (0xfb843783) x15 0x000000000000009c mem 0x0000000080031f28
core   0: 0x000000008000fed6 (0x000097ba) c.add   a5, a4
core   0: 3 0x000000008000fed6 (0x97ba) x15 0x00000000800120dc
core   0: 0x000000008000fed8 (0xfe043703) ld      a4, -32(s0)
core   0: 3 0x000000008000fed8 (0xfe043703) x14 0x0000000080012078 mem 0x0000000080031f50
core   0: 0x000000008000fedc (0xfcf76de3) bltu    a4, a5, pc - 38
core   0: 3 0x000000008000fedc (0xfcf76de3)
core   0: 0x000000008000feb6 (0xfe043783) ld      a5, -32(s0)
core   0: 3 0x000000008000feb6 (0xfe043783) x15 0x0000000080012078 mem 0x0000000080031f50
core   0: 0x000000008000feba (0x00178713) addi    a4, a5, 1
core   0: 3 0x000000008000feba (0x00178713) x14 0x0000000080012079
core   0: 0x000000008000febe (0xfee43023) sd      a4, -32(s0)
core   0: 3 0x000000008000febe (0xfee43023) mem 0x0000000080031f50 0x0000000080012079
core   0: 0x000000008000fec2 (0xfc442703) lw      a4, -60(s0)
core   0: 3 0x000000008000fec2 (0xfc442703) x14 0x0000000000000000 mem 0x0000000080031f34
core   0: 0x000000008000fec6 (0x0ff77713) andi    a4, a4, 255
core   0: 3 0x000000008000fec6 (0x0ff77713) x14 0x0000000000000000
core   0: 0x000000008000feca (0x00e78023) sb      a4, 0(a5)
core   0: 3 0x000000008000feca (0x00e78023) mem 0x0000000080012078 0x00
core   0: 0x000000008000fece (0xfc843703) ld      a4, -56(s0)
core   0: 3 0x000000008000fece (0xfc843703) x14 0x0000000080012040 mem 0x0000000080031f38
core   0: 0x000000008000fed2 (0xfb843783) ld      a5, -72(s0)
core   0: 3 0x000000008000fed2 (0xfb843783) x15 0x000000000000009c mem 0x0000000080031f28
core   0: 0x000000008000fed6 (0x000097ba) c.add   a5, a4
core   0: 3 0x000000008000fed6 (0x97ba) x15 0x00000000800120dc
core   0: 0x000000008000fed8 (0xfe043703) ld      a4, -32(s0)
core   0: 3 0x000000008000fed8 (0xfe043703) x14 0x0000000080012079 mem 0x0000000080031f50
core   0: 0x000000008000fedc (0xfcf76de3) bltu    a4, a5, pc - 38
core   0: 3 0x000000008000fedc (0xfcf76de3)
core   0: 0x000000008000feb6 (0xfe043783) ld      a5, -32(s0)
core   0: 3 0x000000008000feb6 (0xfe043783) x15 0x0000000080012079 mem 0x0000000080031f50
core   0: 0x000000008000feba (0x00178713) addi    a4, a5, 1
core   0: 3 0x000000008000feba (0x00178713) x14 0x000000008001207a
core   0: 0x000000008000febe (0xfee43023) sd      a4, -32(s0)
core   0: 3 0x000000008000febe (0xfee43023) mem 0x0000000080031f50 0x000000008001207a
core   0: 0x000000008000fec2 (0xfc442703) lw      a4, -60(s0)
core   0: 3 0x000000008000fec2 (0xfc442703) x14 0x0000000000000000 mem 0x0000000080031f34
core   0: 0x000000008000fec6 (0x0ff77713) andi    a4, a4, 255
core   0: 3 0x000000008000fec6 (0x0ff77713) x14 0x0000000000000000
core   0: 0x000000008000feca (0x00e78023) sb      a4, 0(a5)
core   0: 3 0x000000008000feca (0x00e78023) mem 0x0000000080012079 0x00
core   0: 0x000000008000fece (0xfc843703) ld      a4, -56(s0)
core   0: 3 0x000000008000fece (0xfc843703) x14 0x0000000080012040 mem 0x0000000080031f38
core   0: 0x000000008000fed2 (0xfb843783) ld      a5, -72(s0)
core   0: 3 0x000000008000fed2 (0xfb843783) x15 0x000000000000009c mem 0x0000000080031f28
core   0: 0x000000008000fed6 (0x000097ba) c.add   a5, a4
core   0: 3 0x000000008000fed6 (0x97ba) x15 0x00000000800120dc
core   0: 0x000000008000fed8 (0xfe043703) ld      a4, -32(s0)
core   0: 3 0x000000008000fed8 (0xfe043703) x14 0x000000008001207a mem 0x0000000080031f50
core   0: 0x000000008000fedc (0xfcf76de3) bltu    a4, a5, pc - 38
core   0: 3 0x000000008000fedc (0xfcf76de3)
core   0: 0x000000008000feb6 (0xfe043783) ld      a5, -32(s0)
core   0: 3 0x000000008000feb6 (0xfe043783) x15 0x000000008001207a mem 0x0000000080031f50
core   0: 0x000000008000feba (0x00178713) addi    a4, a5, 1
core   0: 3 0x000000008000feba (0x00178713) x14 0x000000008001207b
core   0: 0x000000008000febe (0xfee43023) sd      a4, -32(s0)
core   0: 3 0x000000008000febe (0xfee43023) mem 0x0000000080031f50 0x000000008001207b
core   0: 0x000000008000fec2 (0xfc442703) lw      a4, -60(s0)
core   0: 3 0x000000008000fec2 (0xfc442703) x14 0x0000000000000000 mem 0x0000000080031f34
core   0: 0x000000008000fec6 (0x0ff77713) andi    a4, a4, 255
core   0: 3 0x000000008000fec6 (0x0ff77713) x14 0x0000000000000000
core   0: 0x000000008000feca (0x00e78023) sb      a4, 0(a5)
core   0: 3 0x000000008000feca (0x00e78023) mem 0x000000008001207a 0x00
core   0: 0x000000008000fece (0xfc843703) ld      a4, -56(s0)
core   0: 3 0x000000008000fece (0xfc843703) x14 0x0000000080012040 mem 0x0000000080031f38
core   0: 0x000000008000fed2 (0xfb843783) ld      a5, -72(s0)
core   0: 3 0x000000008000fed2 (0xfb843783) x15 0x000000000000009c mem 0x0000000080031f28
core   0: 0x000000008000fed6 (0x000097ba) c.add   a5, a4
core   0: 3 0x000000008000fed6 (0x97ba) x15 0x00000000800120dc
core   0: 0x000000008000fed8 (0xfe043703) ld      a4, -32(s0)
core   0: 3 0x000000008000fed8 (0xfe043703) x14 0x000000008001207b mem 0x0000000080031f50
core   0: 0x000000008000fedc (0xfcf76de3) bltu    a4, a5, pc - 38
core   0: 3 0x000000008000fedc (0xfcf76de3)
core   0: 0x000000008000feb6 (0xfe043783) ld      a5, -32(s0)
core   0: 3 0x000000008000feb6 (0xfe043783) x15 0x000000008001207b mem 0x0000000080031f50
core   0: 0x000000008000feba (0x00178713) addi    a4, a5, 1
core   0: 3 0x000000008000feba (0x00178713) x14 0x000000008001207c
core   0: 0x000000008000febe (0xfee43023) sd      a4, -32(s0)
core   0: 3 0x000000008000febe (0xfee43023) mem 0x0000000080031f50 0x000000008001207c
core   0: 0x000000008000fec2 (0xfc442703) lw      a4, -60(s0)
core   0: 3 0x000000008000fec2 (0xfc442703) x14 0x0000000000000000 mem 0x0000000080031f34
core   0: 0x000000008000fec6 (0x0ff77713) andi    a4, a4, 255
core   0: 3 0x000000008000fec6 (0x0ff77713) x14 0x0000000000000000
core   0: 0x000000008000feca (0x00e78023) sb      a4, 0(a5)
core   0: 3 0x000000008000feca (0x00e78023) mem 0x000000008001207b 0x00
core   0: 0x000000008000fece (0xfc843703) ld      a4, -56(s0)
core   0: 3 0x000000008000fece (0xfc843703) x14 0x0000000080012040 mem 0x0000000080031f38
core   0: 0x000000008000fed2 (0xfb843783) ld      a5, -72(s0)
core   0: 3 0x000000008000fed2 (0xfb843783) x15 0x000000000000009c mem 0x0000000080031f28
core   0: 0x000000008000fed6 (0x000097ba) c.add   a5, a4
core   0: 3 0x000000008000fed6 (0x97ba) x15 0x00000000800120dc
core   0: 0x000000008000fed8 (0xfe043703) ld      a4, -32(s0)
core   0: 3 0x000000008000fed8 (0xfe043703) x14 0x000000008001207c mem 0x0000000080031f50
core   0: 0x000000008000fedc (0xfcf76de3) bltu    a4, a5, pc - 38
core   0: 3 0x000000008000fedc (0xfcf76de3)
core   0: 0x000000008000feb6 (0xfe043783) ld      a5, -32(s0)
core   0: 3 0x000000008000feb6 (0xfe043783) x15 0x000000008001207c mem 0x0000000080031f50
core   0: 0x000000008000feba (0x00178713) addi    a4, a5, 1
core   0: 3 0x000000008000feba (0x00178713) x14 0x000000008001207d
core   0: 0x000000008000febe (0xfee43023) sd      a4, -32(s0)
core   0: 3 0x000000008000febe (0xfee43023) mem 0x0000000080031f50 0x000000008001207d
core   0: 0x000000008000fec2 (0xfc442703) lw      a4, -60(s0)
core   0: 3 0x000000008000fec2 (0xfc442703) x14 0x0000000000000000 mem 0x0000000080031f34
core   0: 0x000000008000fec6 (0x0ff77713) andi    a4, a4, 255
core   0: 3 0x000000008000fec6 (0x0ff77713) x14 0x0000000000000000
core   0: 0x000000008000feca (0x00e78023) sb      a4, 0(a5)
core   0: 3 0x000000008000feca (0x00e78023) mem 0x000000008001207c 0x00
core   0: 0x000000008000fece (0xfc843703) ld      a4, -56(s0)
core   0: 3 0x000000008000fece (0xfc843703) x14 0x0000000080012040 mem 0x0000000080031f38
core   0: 0x000000008000fed2 (0xfb843783) ld      a5, -72(s0)
core   0: 3 0x000000008000fed2 (0xfb843783) x15 0x000000000000009c mem 0x0000000080031f28
core   0: 0x000000008000fed6 (0x000097ba) c.add   a5, a4
core   0: 3 0x000000008000fed6 (0x97ba) x15 0x00000000800120dc
core   0: 0x000000008000fed8 (0xfe043703) ld      a4, -32(s0)
core   0: 3 0x000000008000fed8 (0xfe043703) x14 0x000000008001207d mem 0x0000000080031f50
core   0: 0x000000008000fedc (0xfcf76de3) bltu    a4, a5, pc - 38
core   0: 3 0x000000008000fedc (0xfcf76de3)
core   0: 0x000000008000feb6 (0xfe043783) ld      a5, -32(s0)
core   0: 3 0x000000008000feb6 (0xfe043783) x15 0x000000008001207d mem 0x0000000080031f50
core   0: 0x000000008000feba (0x00178713) addi    a4, a5, 1
core   0: 3 0x000000008000feba (0x00178713) x14 0x000000008001207e
core   0: 0x000000008000febe (0xfee43023) sd      a4, -32(s0)
core   0: 3 0x000000008000febe (0xfee43023) mem 0x0000000080031f50 0x000000008001207e
core   0: 0x000000008000fec2 (0xfc442703) lw      a4, -60(s0)
core   0: 3 0x000000008000fec2 (0xfc442703) x14 0x0000000000000000 mem 0x0000000080031f34
core   0: 0x000000008000fec6 (0x0ff77713) andi    a4, a4, 255
core   0: 3 0x000000008000fec6 (0x0ff77713) x14 0x0000000000000000
core   0: 0x000000008000feca (0x00e78023) sb      a4, 0(a5)
core   0: 3 0x000000008000feca (0x00e78023) mem 0x000000008001207d 0x00
core   0: 0x000000008000fece (0xfc843703) ld      a4, -56(s0)
core   0: 3 0x000000008000fece (0xfc843703) x14 0x0000000080012040 mem 0x0000000080031f38
core   0: 0x000000008000fed2 (0xfb843783) ld      a5, -72(s0)
core   0: 3 0x000000008000fed2 (0xfb843783) x15 0x000000000000009c mem 0x0000000080031f28
core   0: 0x000000008000fed6 (0x000097ba) c.add   a5, a4
core   0: 3 0x000000008000fed6 (0x97ba) x15 0x00000000800120dc
core   0: 0x000000008000fed8 (0xfe043703) ld      a4, -32(s0)
core   0: 3 0x000000008000fed8 (0xfe043703) x14 0x000000008001207e mem 0x0000000080031f50
core   0: 0x000000008000fedc (0xfcf76de3) bltu    a4, a5, pc - 38
core   0: 3 0x000000008000fedc (0xfcf76de3)
core   0: 0x000000008000feb6 (0xfe043783) ld      a5, -32(s0)
core   0: 3 0x000000008000feb6 (0xfe043783) x15 0x000000008001207e mem 0x0000000080031f50
core   0: 0x000000008000feba (0x00178713) addi    a4, a5, 1
core   0: 3 0x000000008000feba (0x00178713) x14 0x000000008001207f
core   0: 0x000000008000febe (0xfee43023) sd      a4, -32(s0)
core   0: 3 0x000000008000febe (0xfee43023) mem 0x0000000080031f50 0x000000008001207f
core   0: 0x000000008000fec2 (0xfc442703) lw      a4, -60(s0)
core   0: 3 0x000000008000fec2 (0xfc442703) x14 0x0000000000000000 mem 0x0000000080031f34
core   0: 0x000000008000fec6 (0x0ff77713) andi    a4, a4, 255
core   0: 3 0x000000008000fec6 (0x0ff77713) x14 0x0000000000000000
core   0: 0x000000008000feca (0x00e78023) sb      a4, 0(a5)
core   0: 3 0x000000008000feca (0x00e78023) mem 0x000000008001207e 0x00
core   0: 0x000000008000fece (0xfc843703) ld      a4, -56(s0)
core   0: 3 0x000000008000fece (0xfc843703) x14 0x0000000080012040 mem 0x0000000080031f38
core   0: 0x000000008000fed2 (0xfb843783) ld      a5, -72(s0)
core   0: 3 0x000000008000fed2 (0xfb843783) x15 0x000000000000009c mem 0x0000000080031f28
core   0: 0x000000008000fed6 (0x000097ba) c.add   a5, a4
core   0: 3 0x000000008000fed6 (0x97ba) x15 0x00000000800120dc
core   0: 0x000000008000fed8 (0xfe043703) ld      a4, -32(s0)
core   0: 3 0x000000008000fed8 (0xfe043703) x14 0x000000008001207f mem 0x0000000080031f50
core   0: 0x000000008000fedc (0xfcf76de3) bltu    a4, a5, pc - 38
core   0: 3 0x000000008000fedc (0xfcf76de3)
core   0: 0x000000008000feb6 (0xfe043783) ld      a5, -32(s0)
core   0: 3 0x000000008000feb6 (0xfe043783) x15 0x000000008001207f mem 0x0000000080031f50
core   0: 0x000000008000feba (0x00178713) addi    a4, a5, 1
core   0: 3 0x000000008000feba (0x00178713) x14 0x0000000080012080
core   0: 0x000000008000febe (0xfee43023) sd      a4, -32(s0)
core   0: 3 0x000000008000febe (0xfee43023) mem 0x0000000080031f50 0x0000000080012080
core   0: 0x000000008000fec2 (0xfc442703) lw      a4, -60(s0)
core   0: 3 0x000000008000fec2 (0xfc442703) x14 0x0000000000000000 mem 0x0000000080031f34
core   0: 0x000000008000fec6 (0x0ff77713) andi    a4, a4, 255
core   0: 3 0x000000008000fec6 (0x0ff77713) x14 0x0000000000000000
core   0: 0x000000008000feca (0x00e78023) sb      a4, 0(a5)
core   0: 3 0x000000008000feca (0x00e78023) mem 0x000000008001207f 0x00
core   0: 0x000000008000fece (0xfc843703) ld      a4, -56(s0)
core   0: 3 0x000000008000fece (0xfc843703) x14 0x0000000080012040 mem 0x0000000080031f38
core   0: 0x000000008000fed2 (0xfb843783) ld      a5, -72(s0)
core   0: 3 0x000000008000fed2 (0xfb843783) x15 0x000000000000009c mem 0x0000000080031f28
core   0: 0x000000008000fed6 (0x000097ba) c.add   a5, a4
core   0: 3 0x000000008000fed6 (0x97ba) x15 0x00000000800120dc
core   0: 0x000000008000fed8 (0xfe043703) ld      a4, -32(s0)
core   0: 3 0x000000008000fed8 (0xfe043703) x14 0x0000000080012080 mem 0x0000000080031f50
core   0: 0x000000008000fedc (0xfcf76de3) bltu    a4, a5, pc - 38
core   0: 3 0x000000008000fedc (0xfcf76de3)
core   0: 0x000000008000feb6 (0xfe043783) ld      a5, -32(s0)
core   0: 3 0x000000008000feb6 (0xfe043783) x15 0x0000000080012080 mem 0x0000000080031f50
core   0: 0x000000008000feba (0x00178713) addi    a4, a5, 1
core   0: 3 0x000000008000feba (0x00178713) x14 0x0000000080012081
core   0: 0x000000008000febe (0xfee43023) sd      a4, -32(s0)
core   0: 3 0x000000008000febe (0xfee43023) mem 0x0000000080031f50 0x0000000080012081
core   0: 0x000000008000fec2 (0xfc442703) lw      a4, -60(s0)
core   0: 3 0x000000008000fec2 (0xfc442703) x14 0x0000000000000000 mem 0x0000000080031f34
core   0: 0x000000008000fec6 (0x0ff77713) andi    a4, a4, 255
core   0: 3 0x000000008000fec6 (0x0ff77713) x14 0x0000000000000000
core   0: 0x000000008000feca (0x00e78023) sb      a4, 0(a5)
core   0: 3 0x000000008000feca (0x00e78023) mem 0x0000000080012080 0x00
core   0: 0x000000008000fece (0xfc843703) ld      a4, -56(s0)
core   0: 3 0x000000008000fece (0xfc843703) x14 0x0000000080012040 mem 0x0000000080031f38
core   0: 0x000000008000fed2 (0xfb843783) ld      a5, -72(s0)
core   0: 3 0x000000008000fed2 (0xfb843783) x15 0x000000000000009c mem 0x0000000080031f28
core   0: 0x000000008000fed6 (0x000097ba) c.add   a5, a4
core   0: 3 0x000000008000fed6 (0x97ba) x15 0x00000000800120dc
core   0: 0x000000008000fed8 (0xfe043703) ld      a4, -32(s0)
core   0: 3 0x000000008000fed8 (0xfe043703) x14 0x0000000080012081 mem 0x0000000080031f50
core   0: 0x000000008000fedc (0xfcf76de3) bltu    a4, a5, pc - 38
core   0: 3 0x000000008000fedc (0xfcf76de3)
core   0: 0x000000008000feb6 (0xfe043783) ld      a5, -32(s0)
core   0: 3 0x000000008000feb6 (0xfe043783) x15 0x0000000080012081 mem 0x0000000080031f50
core   0: 0x000000008000feba (0x00178713) addi    a4, a5, 1
core   0: 3 0x000000008000feba (0x00178713) x14 0x0000000080012082
core   0: 0x000000008000febe (0xfee43023) sd      a4, -32(s0)
core   0: 3 0x000000008000febe (0xfee43023) mem 0x0000000080031f50 0x0000000080012082
core   0: 0x000000008000fec2 (0xfc442703) lw      a4, -60(s0)
core   0: 3 0x000000008000fec2 (0xfc442703) x14 0x0000000000000000 mem 0x0000000080031f34
core   0: 0x000000008000fec6 (0x0ff77713) andi    a4, a4, 255
core   0: 3 0x000000008000fec6 (0x0ff77713) x14 0x0000000000000000
core   0: 0x000000008000feca (0x00e78023) sb      a4, 0(a5)
core   0: 3 0x000000008000feca (0x00e78023) mem 0x0000000080012081 0x00
core   0: 0x000000008000fece (0xfc843703) ld      a4, -56(s0)
core   0: 3 0x000000008000fece (0xfc843703) x14 0x0000000080012040 mem 0x0000000080031f38
core   0: 0x000000008000fed2 (0xfb843783) ld      a5, -72(s0)
core   0: 3 0x000000008000fed2 (0xfb843783) x15 0x000000000000009c mem 0x0000000080031f28
core   0: 0x000000008000fed6 (0x000097ba) c.add   a5, a4
core   0: 3 0x000000008000fed6 (0x97ba) x15 0x00000000800120dc
core   0: 0x000000008000fed8 (0xfe043703) ld      a4, -32(s0)
core   0: 3 0x000000008000fed8 (0xfe043703) x14 0x0000000080012082 mem 0x0000000080031f50
core   0: 0x000000008000fedc (0xfcf76de3) bltu    a4, a5, pc - 38
core   0: 3 0x000000008000fedc (0xfcf76de3)
core   0: 0x000000008000feb6 (0xfe043783) ld      a5, -32(s0)
core   0: 3 0x000000008000feb6 (0xfe043783) x15 0x0000000080012082 mem 0x0000000080031f50
core   0: 0x000000008000feba (0x00178713) addi    a4, a5, 1
core   0: 3 0x000000008000feba (0x00178713) x14 0x0000000080012083
core   0: 0x000000008000febe (0xfee43023) sd      a4, -32(s0)
core   0: 3 0x000000008000febe (0xfee43023) mem 0x0000000080031f50 0x0000000080012083
core   0: 0x000000008000fec2 (0xfc442703) lw      a4, -60(s0)
core   0: 3 0x000000008000fec2 (0xfc442703) x14 0x0000000000000000 mem 0x0000000080031f34
core   0: 0x000000008000fec6 (0x0ff77713) andi    a4, a4, 255
core   0: 3 0x000000008000fec6 (0x0ff77713) x14 0x0000000000000000
core   0: 0x000000008000feca (0x00e78023) sb      a4, 0(a5)
core   0: 3 0x000000008000feca (0x00e78023) mem 0x0000000080012082 0x00
core   0: 0x000000008000fece (0xfc843703) ld      a4, -56(s0)
core   0: 3 0x000000008000fece (0xfc843703) x14 0x0000000080012040 mem 0x0000000080031f38
core   0: 0x000000008000fed2 (0xfb843783) ld      a5, -72(s0)
core   0: 3 0x000000008000fed2 (0xfb843783) x15 0x000000000000009c mem 0x0000000080031f28
core   0: 0x000000008000fed6 (0x000097ba) c.add   a5, a4
core   0: 3 0x000000008000fed6 (0x97ba) x15 0x00000000800120dc
core   0: 0x000000008000fed8 (0xfe043703) ld      a4, -32(s0)
core   0: 3 0x000000008000fed8 (0xfe043703) x14 0x0000000080012083 mem 0x0000000080031f50
core   0: 0x000000008000fedc (0xfcf76de3) bltu    a4, a5, pc - 38
core   0: 3 0x000000008000fedc (0xfcf76de3)
core   0: 0x000000008000feb6 (0xfe043783) ld      a5, -32(s0)
core   0: 3 0x000000008000feb6 (0xfe043783) x15 0x0000000080012083 mem 0x0000000080031f50
core   0: 0x000000008000feba (0x00178713) addi    a4, a5, 1
core   0: 3 0x000000008000feba (0x00178713) x14 0x0000000080012084
core   0: 0x000000008000febe (0xfee43023) sd      a4, -32(s0)
core   0: 3 0x000000008000febe (0xfee43023) mem 0x0000000080031f50 0x0000000080012084
core   0: 0x000000008000fec2 (0xfc442703) lw      a4, -60(s0)
core   0: 3 0x000000008000fec2 (0xfc442703) x14 0x0000000000000000 mem 0x0000000080031f34
core   0: 0x000000008000fec6 (0x0ff77713) andi    a4, a4, 255
core   0: 3 0x000000008000fec6 (0x0ff77713) x14 0x0000000000000000
core   0: 0x000000008000feca (0x00e78023) sb      a4, 0(a5)
core   0: 3 0x000000008000feca (0x00e78023) mem 0x0000000080012083 0x00
core   0: 0x000000008000fece (0xfc843703) ld      a4, -56(s0)
core   0: 3 0x000000008000fece (0xfc843703) x14 0x0000000080012040 mem 0x0000000080031f38
core   0: 0x000000008000fed2 (0xfb843783) ld      a5, -72(s0)
core   0: 3 0x000000008000fed2 (0xfb843783) x15 0x000000000000009c mem 0x0000000080031f28
core   0: 0x000000008000fed6 (0x000097ba) c.add   a5, a4
core   0: 3 0x000000008000fed6 (0x97ba) x15 0x00000000800120dc
core   0: 0x000000008000fed8 (0xfe043703) ld      a4, -32(s0)
core   0: 3 0x000000008000fed8 (0xfe043703) x14 0x0000000080012084 mem 0x0000000080031f50
core   0: 0x000000008000fedc (0xfcf76de3) bltu    a4, a5, pc - 38
core   0: 3 0x000000008000fedc (0xfcf76de3)
core   0: 0x000000008000feb6 (0xfe043783) ld      a5, -32(s0)
core   0: 3 0x000000008000feb6 (0xfe043783) x15 0x0000000080012084 mem 0x0000000080031f50
core   0: 0x000000008000feba (0x00178713) addi    a4, a5, 1
core   0: 3 0x000000008000feba (0x00178713) x14 0x0000000080012085
core   0: 0x000000008000febe (0xfee43023) sd      a4, -32(s0)
core   0: 3 0x000000008000febe (0xfee43023) mem 0x0000000080031f50 0x0000000080012085
core   0: 0x000000008000fec2 (0xfc442703) lw      a4, -60(s0)
core   0: 3 0x000000008000fec2 (0xfc442703) x14 0x0000000000000000 mem 0x0000000080031f34
core   0: 0x000000008000fec6 (0x0ff77713) andi    a4, a4, 255
core   0: 3 0x000000008000fec6 (0x0ff77713) x14 0x0000000000000000
core   0: 0x000000008000feca (0x00e78023) sb      a4, 0(a5)
core   0: 3 0x000000008000feca (0x00e78023) mem 0x0000000080012084 0x00
core   0: 0x000000008000fece (0xfc843703) ld      a4, -56(s0)
core   0: 3 0x000000008000fece (0xfc843703) x14 0x0000000080012040 mem 0x0000000080031f38
core   0: 0x000000008000fed2 (0xfb843783) ld      a5, -72(s0)
core   0: 3 0x000000008000fed2 (0xfb843783) x15 0x000000000000009c mem 0x0000000080031f28
core   0: 0x000000008000fed6 (0x000097ba) c.add   a5, a4
core   0: 3 0x000000008000fed6 (0x97ba) x15 0x00000000800120dc
core   0: 0x000000008000fed8 (0xfe043703) ld      a4, -32(s0)
core   0: 3 0x000000008000fed8 (0xfe043703) x14 0x0000000080012085 mem 0x0000000080031f50
core   0: 0x000000008000fedc (0xfcf76de3) bltu    a4, a5, pc - 38
core   0: 3 0x000000008000fedc (0xfcf76de3)
core   0: 0x000000008000feb6 (0xfe043783) ld      a5, -32(s0)
core   0: 3 0x000000008000feb6 (0xfe043783) x15 0x0000000080012085 mem 0x0000000080031f50
core   0: 0x000000008000feba (0x00178713) addi    a4, a5, 1
core   0: 3 0x000000008000feba (0x00178713) x14 0x0000000080012086
core   0: 0x000000008000febe (0xfee43023) sd      a4, -32(s0)
core   0: 3 0x000000008000febe (0xfee43023) mem 0x0000000080031f50 0x0000000080012086
core   0: 0x000000008000fec2 (0xfc442703) lw      a4, -60(s0)
core   0: 3 0x000000008000fec2 (0xfc442703) x14 0x0000000000000000 mem 0x0000000080031f34
core   0: 0x000000008000fec6 (0x0ff77713) andi    a4, a4, 255
core   0: 3 0x000000008000fec6 (0x0ff77713) x14 0x0000000000000000
core   0: 0x000000008000feca (0x00e78023) sb      a4, 0(a5)
core   0: 3 0x000000008000feca (0x00e78023) mem 0x0000000080012085 0x00
core   0: 0x000000008000fece (0xfc843703) ld      a4, -56(s0)
core   0: 3 0x000000008000fece (0xfc843703) x14 0x0000000080012040 mem 0x0000000080031f38
core   0: 0x000000008000fed2 (0xfb843783) ld      a5, -72(s0)
core   0: 3 0x000000008000fed2 (0xfb843783) x15 0x000000000000009c mem 0x0000000080031f28
core   0: 0x000000008000fed6 (0x000097ba) c.add   a5, a4
core   0: 3 0x000000008000fed6 (0x97ba) x15 0x00000000800120dc
core   0: 0x000000008000fed8 (0xfe043703) ld      a4, -32(s0)
core   0: 3 0x000000008000fed8 (0xfe043703) x14 0x0000000080012086 mem 0x0000000080031f50
core   0: 0x000000008000fedc (0xfcf76de3) bltu    a4, a5, pc - 38
core   0: 3 0x000000008000fedc (0xfcf76de3)
core   0: 0x000000008000feb6 (0xfe043783) ld      a5, -32(s0)
core   0: 3 0x000000008000feb6 (0xfe043783) x15 0x0000000080012086 mem 0x0000000080031f50
core   0: 0x000000008000feba (0x00178713) addi    a4, a5, 1
core   0: 3 0x000000008000feba (0x00178713) x14 0x0000000080012087
core   0: 0x000000008000febe (0xfee43023) sd      a4, -32(s0)
core   0: 3 0x000000008000febe (0xfee43023) mem 0x0000000080031f50 0x0000000080012087
core   0: 0x000000008000fec2 (0xfc442703) lw      a4, -60(s0)
core   0: 3 0x000000008000fec2 (0xfc442703) x14 0x0000000000000000 mem 0x0000000080031f34
core   0: 0x000000008000fec6 (0x0ff77713) andi    a4, a4, 255
core   0: 3 0x000000008000fec6 (0x0ff77713) x14 0x0000000000000000
core   0: 0x000000008000feca (0x00e78023) sb      a4, 0(a5)
core   0: 3 0x000000008000feca (0x00e78023) mem 0x0000000080012086 0x00
core   0: 0x000000008000fece (0xfc843703) ld      a4, -56(s0)
core   0: 3 0x000000008000fece (0xfc843703) x14 0x0000000080012040 mem 0x0000000080031f38
core   0: 0x000000008000fed2 (0xfb843783) ld      a5, -72(s0)
core   0: 3 0x000000008000fed2 (0xfb843783) x15 0x000000000000009c mem 0x0000000080031f28
core   0: 0x000000008000fed6 (0x000097ba) c.add   a5, a4
core   0: 3 0x000000008000fed6 (0x97ba) x15 0x00000000800120dc
core   0: 0x000000008000fed8 (0xfe043703) ld      a4, -32(s0)
core   0: 3 0x000000008000fed8 (0xfe043703) x14 0x0000000080012087 mem 0x0000000080031f50
core   0: 0x000000008000fedc (0xfcf76de3) bltu    a4, a5, pc - 38
core   0: 3 0x000000008000fedc (0xfcf76de3)
core   0: 0x000000008000feb6 (0xfe043783) ld      a5, -32(s0)
core   0: 3 0x000000008000feb6 (0xfe043783) x15 0x0000000080012087 mem 0x0000000080031f50
core   0: 0x000000008000feba (0x00178713) addi    a4, a5, 1
core   0: 3 0x000000008000feba (0x00178713) x14 0x0000000080012088
core   0: 0x000000008000febe (0xfee43023) sd      a4, -32(s0)
core   0: 3 0x000000008000febe (0xfee43023) mem 0x0000000080031f50 0x0000000080012088
core   0: 0x000000008000fec2 (0xfc442703) lw      a4, -60(s0)
core   0: 3 0x000000008000fec2 (0xfc442703) x14 0x0000000000000000 mem 0x0000000080031f34
core   0: 0x000000008000fec6 (0x0ff77713) andi    a4, a4, 255
core   0: 3 0x000000008000fec6 (0x0ff77713) x14 0x0000000000000000
core   0: 0x000000008000feca (0x00e78023) sb      a4, 0(a5)
core   0: 3 0x000000008000feca (0x00e78023) mem 0x0000000080012087 0x00
core   0: 0x000000008000fece (0xfc843703) ld      a4, -56(s0)
core   0: 3 0x000000008000fece (0xfc843703) x14 0x0000000080012040 mem 0x0000000080031f38
core   0: 0x000000008000fed2 (0xfb843783) ld      a5, -72(s0)
core   0: 3 0x000000008000fed2 (0xfb843783) x15 0x000000000000009c mem 0x0000000080031f28
core   0: 0x000000008000fed6 (0x000097ba) c.add   a5, a4
core   0: 3 0x000000008000fed6 (0x97ba) x15 0x00000000800120dc
core   0: 0x000000008000fed8 (0xfe043703) ld      a4, -32(s0)
core   0: 3 0x000000008000fed8 (0xfe043703) x14 0x0000000080012088 mem 0x0000000080031f50
core   0: 0x000000008000fedc (0xfcf76de3) bltu    a4, a5, pc - 38
core   0: 3 0x000000008000fedc (0xfcf76de3)
core   0: 0x000000008000feb6 (0xfe043783) ld      a5, -32(s0)
core   0: 3 0x000000008000feb6 (0xfe043783) x15 0x0000000080012088 mem 0x0000000080031f50
core   0: 0x000000008000feba (0x00178713) addi    a4, a5, 1
core   0: 3 0x000000008000feba (0x00178713) x14 0x0000000080012089
core   0: 0x000000008000febe (0xfee43023) sd      a4, -32(s0)
core   0: 3 0x000000008000febe (0xfee43023) mem 0x0000000080031f50 0x0000000080012089
core   0: 0x000000008000fec2 (0xfc442703) lw      a4, -60(s0)
core   0: 3 0x000000008000fec2 (0xfc442703) x14 0x0000000000000000 mem 0x0000000080031f34
core   0: 0x000000008000fec6 (0x0ff77713) andi    a4, a4, 255
core   0: 3 0x000000008000fec6 (0x0ff77713) x14 0x0000000000000000
core   0: 0x000000008000feca (0x00e78023) sb      a4, 0(a5)
core   0: 3 0x000000008000feca (0x00e78023) mem 0x0000000080012088 0x00
core   0: 0x000000008000fece (0xfc843703) ld      a4, -56(s0)
core   0: 3 0x000000008000fece (0xfc843703) x14 0x0000000080012040 mem 0x0000000080031f38
core   0: 0x000000008000fed2 (0xfb843783) ld      a5, -72(s0)
core   0: 3 0x000000008000fed2 (0xfb843783) x15 0x000000000000009c mem 0x0000000080031f28
core   0: 0x000000008000fed6 (0x000097ba) c.add   a5, a4
core   0: 3 0x000000008000fed6 (0x97ba) x15 0x00000000800120dc
core   0: 0x000000008000fed8 (0xfe043703) ld      a4, -32(s0)
core   0: 3 0x000000008000fed8 (0xfe043703) x14 0x0000000080012089 mem 0x0000000080031f50
core   0: 0x000000008000fedc (0xfcf76de3) bltu    a4, a5, pc - 38
core   0: 3 0x000000008000fedc (0xfcf76de3)
core   0: 0x000000008000feb6 (0xfe043783) ld      a5, -32(s0)
core   0: 3 0x000000008000feb6 (0xfe043783) x15 0x0000000080012089 mem 0x0000000080031f50
core   0: 0x000000008000feba (0x00178713) addi    a4, a5, 1
core   0: 3 0x000000008000feba (0x00178713) x14 0x000000008001208a
core   0: 0x000000008000febe (0xfee43023) sd      a4, -32(s0)
core   0: 3 0x000000008000febe (0xfee43023) mem 0x0000000080031f50 0x000000008001208a
core   0: 0x000000008000fec2 (0xfc442703) lw      a4, -60(s0)
core   0: 3 0x000000008000fec2 (0xfc442703) x14 0x0000000000000000 mem 0x0000000080031f34
core   0: 0x000000008000fec6 (0x0ff77713) andi    a4, a4, 255
core   0: 3 0x000000008000fec6 (0x0ff77713) x14 0x0000000000000000
core   0: 0x000000008000feca (0x00e78023) sb      a4, 0(a5)
core   0: 3 0x000000008000feca (0x00e78023) mem 0x0000000080012089 0x00
core   0: 0x000000008000fece (0xfc843703) ld      a4, -56(s0)
core   0: 3 0x000000008000fece (0xfc843703) x14 0x0000000080012040 mem 0x0000000080031f38
core   0: 0x000000008000fed2 (0xfb843783) ld      a5, -72(s0)
core   0: 3 0x000000008000fed2 (0xfb843783) x15 0x000000000000009c mem 0x0000000080031f28
core   0: 0x000000008000fed6 (0x000097ba) c.add   a5, a4
core   0: 3 0x000000008000fed6 (0x97ba) x15 0x00000000800120dc
core   0: 0x000000008000fed8 (0xfe043703) ld      a4, -32(s0)
core   0: 3 0x000000008000fed8 (0xfe043703) x14 0x000000008001208a mem 0x0000000080031f50
core   0: 0x000000008000fedc (0xfcf76de3) bltu    a4, a5, pc - 38
core   0: 3 0x000000008000fedc (0xfcf76de3)
core   0: 0x000000008000feb6 (0xfe043783) ld      a5, -32(s0)
core   0: 3 0x000000008000feb6 (0xfe043783) x15 0x000000008001208a mem 0x0000000080031f50
core   0: 0x000000008000feba (0x00178713) addi    a4, a5, 1
core   0: 3 0x000000008000feba (0x00178713) x14 0x000000008001208b
core   0: 0x000000008000febe (0xfee43023) sd      a4, -32(s0)
core   0: 3 0x000000008000febe (0xfee43023) mem 0x0000000080031f50 0x000000008001208b
core   0: 0x000000008000fec2 (0xfc442703) lw      a4, -60(s0)
core   0: 3 0x000000008000fec2 (0xfc442703) x14 0x0000000000000000 mem 0x0000000080031f34
core   0: 0x000000008000fec6 (0x0ff77713) andi    a4, a4, 255
core   0: 3 0x000000008000fec6 (0x0ff77713) x14 0x0000000000000000
core   0: 0x000000008000feca (0x00e78023) sb      a4, 0(a5)
core   0: 3 0x000000008000feca (0x00e78023) mem 0x000000008001208a 0x00
core   0: 0x000000008000fece (0xfc843703) ld      a4, -56(s0)
core   0: 3 0x000000008000fece (0xfc843703) x14 0x0000000080012040 mem 0x0000000080031f38
core   0: 0x000000008000fed2 (0xfb843783) ld      a5, -72(s0)
core   0: 3 0x000000008000fed2 (0xfb843783) x15 0x000000000000009c mem 0x0000000080031f28
core   0: 0x000000008000fed6 (0x000097ba) c.add   a5, a4
core   0: 3 0x000000008000fed6 (0x97ba) x15 0x00000000800120dc
core   0: 0x000000008000fed8 (0xfe043703) ld      a4, -32(s0)
core   0: 3 0x000000008000fed8 (0xfe043703) x14 0x000000008001208b mem 0x0000000080031f50
core   0: 0x000000008000fedc (0xfcf76de3) bltu    a4, a5, pc - 38
core   0: 3 0x000000008000fedc (0xfcf76de3)
core   0: 0x000000008000feb6 (0xfe043783) ld      a5, -32(s0)
core   0: 3 0x000000008000feb6 (0xfe043783) x15 0x000000008001208b mem 0x0000000080031f50
core   0: 0x000000008000feba (0x00178713) addi    a4, a5, 1
core   0: 3 0x000000008000feba (0x00178713) x14 0x000000008001208c
core   0: 0x000000008000febe (0xfee43023) sd      a4, -32(s0)
core   0: 3 0x000000008000febe (0xfee43023) mem 0x0000000080031f50 0x000000008001208c
core   0: 0x000000008000fec2 (0xfc442703) lw      a4, -60(s0)
core   0: 3 0x000000008000fec2 (0xfc442703) x14 0x0000000000000000 mem 0x0000000080031f34
core   0: 0x000000008000fec6 (0x0ff77713) andi    a4, a4, 255
core   0: 3 0x000000008000fec6 (0x0ff77713) x14 0x0000000000000000
core   0: 0x000000008000feca (0x00e78023) sb      a4, 0(a5)
core   0: 3 0x000000008000feca (0x00e78023) mem 0x000000008001208b 0x00
core   0: 0x000000008000fece (0xfc843703) ld      a4, -56(s0)
core   0: 3 0x000000008000fece (0xfc843703) x14 0x0000000080012040 mem 0x0000000080031f38
core   0: 0x000000008000fed2 (0xfb843783) ld      a5, -72(s0)
core   0: 3 0x000000008000fed2 (0xfb843783) x15 0x000000000000009c mem 0x0000000080031f28
core   0: 0x000000008000fed6 (0x000097ba) c.add   a5, a4
core   0: 3 0x000000008000fed6 (0x97ba) x15 0x00000000800120dc
core   0: 0x000000008000fed8 (0xfe043703) ld      a4, -32(s0)
core   0: 3 0x000000008000fed8 (0xfe043703) x14 0x000000008001208c mem 0x0000000080031f50
core   0: 0x000000008000fedc (0xfcf76de3) bltu    a4, a5, pc - 38
core   0: 3 0x000000008000fedc (0xfcf76de3)
core   0: 0x000000008000feb6 (0xfe043783) ld      a5, -32(s0)
core   0: 3 0x000000008000feb6 (0xfe043783) x15 0x000000008001208c mem 0x0000000080031f50
core   0: 0x000000008000feba (0x00178713) addi    a4, a5, 1
core   0: 3 0x000000008000feba (0x00178713) x14 0x000000008001208d
core   0: 0x000000008000febe (0xfee43023) sd      a4, -32(s0)
core   0: 3 0x000000008000febe (0xfee43023) mem 0x0000000080031f50 0x000000008001208d
core   0: 0x000000008000fec2 (0xfc442703) lw      a4, -60(s0)
core   0: 3 0x000000008000fec2 (0xfc442703) x14 0x0000000000000000 mem 0x0000000080031f34
core   0: 0x000000008000fec6 (0x0ff77713) andi    a4, a4, 255
core   0: 3 0x000000008000fec6 (0x0ff77713) x14 0x0000000000000000
core   0: 0x000000008000feca (0x00e78023) sb      a4, 0(a5)
core   0: 3 0x000000008000feca (0x00e78023) mem 0x000000008001208c 0x00
core   0: 0x000000008000fece (0xfc843703) ld      a4, -56(s0)
core   0: 3 0x000000008000fece (0xfc843703) x14 0x0000000080012040 mem 0x0000000080031f38
core   0: 0x000000008000fed2 (0xfb843783) ld      a5, -72(s0)
core   0: 3 0x000000008000fed2 (0xfb843783) x15 0x000000000000009c mem 0x0000000080031f28
core   0: 0x000000008000fed6 (0x000097ba) c.add   a5, a4
core   0: 3 0x000000008000fed6 (0x97ba) x15 0x00000000800120dc
core   0: 0x000000008000fed8 (0xfe043703) ld      a4, -32(s0)
core   0: 3 0x000000008000fed8 (0xfe043703) x14 0x000000008001208d mem 0x0000000080031f50
core   0: 0x000000008000fedc (0xfcf76de3) bltu    a4, a5, pc - 38
core   0: 3 0x000000008000fedc (0xfcf76de3)
core   0: 0x000000008000feb6 (0xfe043783) ld      a5, -32(s0)
core   0: 3 0x000000008000feb6 (0xfe043783) x15 0x000000008001208d mem 0x0000000080031f50
core   0: 0x000000008000feba (0x00178713) addi    a4, a5, 1
core   0: 3 0x000000008000feba (0x00178713) x14 0x000000008001208e
core   0: 0x000000008000febe (0xfee43023) sd      a4, -32(s0)
core   0: 3 0x000000008000febe (0xfee43023) mem 0x0000000080031f50 0x000000008001208e
core   0: 0x000000008000fec2 (0xfc442703) lw      a4, -60(s0)
core   0: 3 0x000000008000fec2 (0xfc442703) x14 0x0000000000000000 mem 0x0000000080031f34
core   0: 0x000000008000fec6 (0x0ff77713) andi    a4, a4, 255
core   0: 3 0x000000008000fec6 (0x0ff77713) x14 0x0000000000000000
core   0: 0x000000008000feca (0x00e78023) sb      a4, 0(a5)
core   0: 3 0x000000008000feca (0x00e78023) mem 0x000000008001208d 0x00
core   0: 0x000000008000fece (0xfc843703) ld      a4, -56(s0)
core   0: 3 0x000000008000fece (0xfc843703) x14 0x0000000080012040 mem 0x0000000080031f38
core   0: 0x000000008000fed2 (0xfb843783) ld      a5, -72(s0)
core   0: 3 0x000000008000fed2 (0xfb843783) x15 0x000000000000009c mem 0x0000000080031f28
core   0: 0x000000008000fed6 (0x000097ba) c.add   a5, a4
core   0: 3 0x000000008000fed6 (0x97ba) x15 0x00000000800120dc
core   0: 0x000000008000fed8 (0xfe043703) ld      a4, -32(s0)
core   0: 3 0x000000008000fed8 (0xfe043703) x14 0x000000008001208e mem 0x0000000080031f50
core   0: 0x000000008000fedc (0xfcf76de3) bltu    a4, a5, pc - 38
core   0: 3 0x000000008000fedc (0xfcf76de3)
core   0: 0x000000008000feb6 (0xfe043783) ld      a5, -32(s0)
core   0: 3 0x000000008000feb6 (0xfe043783) x15 0x000000008001208e mem 0x0000000080031f50
core   0: 0x000000008000feba (0x00178713) addi    a4, a5, 1
core   0: 3 0x000000008000feba (0x00178713) x14 0x000000008001208f
core   0: 0x000000008000febe (0xfee43023) sd      a4, -32(s0)
core   0: 3 0x000000008000febe (0xfee43023) mem 0x0000000080031f50 0x000000008001208f
core   0: 0x000000008000fec2 (0xfc442703) lw      a4, -60(s0)
core   0: 3 0x000000008000fec2 (0xfc442703) x14 0x0000000000000000 mem 0x0000000080031f34
core   0: 0x000000008000fec6 (0x0ff77713) andi    a4, a4, 255
core   0: 3 0x000000008000fec6 (0x0ff77713) x14 0x0000000000000000
core   0: 0x000000008000feca (0x00e78023) sb      a4, 0(a5)
core   0: 3 0x000000008000feca (0x00e78023) mem 0x000000008001208e 0x00
core   0: 0x000000008000fece (0xfc843703) ld      a4, -56(s0)
core   0: 3 0x000000008000fece (0xfc843703) x14 0x0000000080012040 mem 0x0000000080031f38
core   0: 0x000000008000fed2 (0xfb843783) ld      a5, -72(s0)
core   0: 3 0x000000008000fed2 (0xfb843783) x15 0x000000000000009c mem 0x0000000080031f28
core   0: 0x000000008000fed6 (0x000097ba) c.add   a5, a4
core   0: 3 0x000000008000fed6 (0x97ba) x15 0x00000000800120dc
core   0: 0x000000008000fed8 (0xfe043703) ld      a4, -32(s0)
core   0: 3 0x000000008000fed8 (0xfe043703) x14 0x000000008001208f mem 0x0000000080031f50
core   0: 0x000000008000fedc (0xfcf76de3) bltu    a4, a5, pc - 38
core   0: 3 0x000000008000fedc (0xfcf76de3)
core   0: 0x000000008000feb6 (0xfe043783) ld      a5, -32(s0)
core   0: 3 0x000000008000feb6 (0xfe043783) x15 0x000000008001208f mem 0x0000000080031f50
core   0: 0x000000008000feba (0x00178713) addi    a4, a5, 1
core   0: 3 0x000000008000feba (0x00178713) x14 0x0000000080012090
core   0: 0x000000008000febe (0xfee43023) sd      a4, -32(s0)
core   0: 3 0x000000008000febe (0xfee43023) mem 0x0000000080031f50 0x0000000080012090
core   0: 0x000000008000fec2 (0xfc442703) lw      a4, -60(s0)
core   0: 3 0x000000008000fec2 (0xfc442703) x14 0x0000000000000000 mem 0x0000000080031f34
core   0: 0x000000008000fec6 (0x0ff77713) andi    a4, a4, 255
core   0: 3 0x000000008000fec6 (0x0ff77713) x14 0x0000000000000000
core   0: 0x000000008000feca (0x00e78023) sb      a4, 0(a5)
core   0: 3 0x000000008000feca (0x00e78023) mem 0x000000008001208f 0x00
core   0: 0x000000008000fece (0xfc843703) ld      a4, -56(s0)
core   0: 3 0x000000008000fece (0xfc843703) x14 0x0000000080012040 mem 0x0000000080031f38
core   0: 0x000000008000fed2 (0xfb843783) ld      a5, -72(s0)
core   0: 3 0x000000008000fed2 (0xfb843783) x15 0x000000000000009c mem 0x0000000080031f28
core   0: 0x000000008000fed6 (0x000097ba) c.add   a5, a4
core   0: 3 0x000000008000fed6 (0x97ba) x15 0x00000000800120dc
core   0: 0x000000008000fed8 (0xfe043703) ld      a4, -32(s0)
core   0: 3 0x000000008000fed8 (0xfe043703) x14 0x0000000080012090 mem 0x0000000080031f50
core   0: 0x000000008000fedc (0xfcf76de3) bltu    a4, a5, pc - 38
core   0: 3 0x000000008000fedc (0xfcf76de3)
core   0: 0x000000008000feb6 (0xfe043783) ld      a5, -32(s0)
core   0: 3 0x000000008000feb6 (0xfe043783) x15 0x0000000080012090 mem 0x0000000080031f50
core   0: 0x000000008000feba (0x00178713) addi    a4, a5, 1
core   0: 3 0x000000008000feba (0x00178713) x14 0x0000000080012091
core   0: 0x000000008000febe (0xfee43023) sd      a4, -32(s0)
core   0: 3 0x000000008000febe (0xfee43023) mem 0x0000000080031f50 0x0000000080012091
core   0: 0x000000008000fec2 (0xfc442703) lw      a4, -60(s0)
core   0: 3 0x000000008000fec2 (0xfc442703) x14 0x0000000000000000 mem 0x0000000080031f34
core   0: 0x000000008000fec6 (0x0ff77713) andi    a4, a4, 255
core   0: 3 0x000000008000fec6 (0x0ff77713) x14 0x0000000000000000
core   0: 0x000000008000feca (0x00e78023) sb      a4, 0(a5)
core   0: 3 0x000000008000feca (0x00e78023) mem 0x0000000080012090 0x00
core   0: 0x000000008000fece (0xfc843703) ld      a4, -56(s0)
core   0: 3 0x000000008000fece (0xfc843703) x14 0x0000000080012040 mem 0x0000000080031f38
core   0: 0x000000008000fed2 (0xfb843783) ld      a5, -72(s0)
core   0: 3 0x000000008000fed2 (0xfb843783) x15 0x000000000000009c mem 0x0000000080031f28
core   0: 0x000000008000fed6 (0x000097ba) c.add   a5, a4
core   0: 3 0x000000008000fed6 (0x97ba) x15 0x00000000800120dc
core   0: 0x000000008000fed8 (0xfe043703) ld      a4, -32(s0)
core   0: 3 0x000000008000fed8 (0xfe043703) x14 0x0000000080012091 mem 0x0000000080031f50
core   0: 0x000000008000fedc (0xfcf76de3) bltu    a4, a5, pc - 38
core   0: 3 0x000000008000fedc (0xfcf76de3)
core   0: 0x000000008000feb6 (0xfe043783) ld      a5, -32(s0)
core   0: 3 0x000000008000feb6 (0xfe043783) x15 0x0000000080012091 mem 0x0000000080031f50
core   0: 0x000000008000feba (0x00178713) addi    a4, a5, 1
core   0: 3 0x000000008000feba (0x00178713) x14 0x0000000080012092
core   0: 0x000000008000febe (0xfee43023) sd      a4, -32(s0)
core   0: 3 0x000000008000febe (0xfee43023) mem 0x0000000080031f50 0x0000000080012092
core   0: 0x000000008000fec2 (0xfc442703) lw      a4, -60(s0)
core   0: 3 0x000000008000fec2 (0xfc442703) x14 0x0000000000000000 mem 0x0000000080031f34
core   0: 0x000000008000fec6 (0x0ff77713) andi    a4, a4, 255
core   0: 3 0x000000008000fec6 (0x0ff77713) x14 0x0000000000000000
core   0: 0x000000008000feca (0x00e78023) sb      a4, 0(a5)
core   0: 3 0x000000008000feca (0x00e78023) mem 0x0000000080012091 0x00
core   0: 0x000000008000fece (0xfc843703) ld      a4, -56(s0)
core   0: 3 0x000000008000fece (0xfc843703) x14 0x0000000080012040 mem 0x0000000080031f38
core   0: 0x000000008000fed2 (0xfb843783) ld      a5, -72(s0)
core   0: 3 0x000000008000fed2 (0xfb843783) x15 0x000000000000009c mem 0x0000000080031f28
core   0: 0x000000008000fed6 (0x000097ba) c.add   a5, a4
core   0: 3 0x000000008000fed6 (0x97ba) x15 0x00000000800120dc
core   0: 0x000000008000fed8 (0xfe043703) ld      a4, -32(s0)
core   0: 3 0x000000008000fed8 (0xfe043703) x14 0x0000000080012092 mem 0x0000000080031f50
core   0: 0x000000008000fedc (0xfcf76de3) bltu    a4, a5, pc - 38
core   0: 3 0x000000008000fedc (0xfcf76de3)
core   0: 0x000000008000feb6 (0xfe043783) ld      a5, -32(s0)
core   0: 3 0x000000008000feb6 (0xfe043783) x15 0x0000000080012092 mem 0x0000000080031f50
core   0: 0x000000008000feba (0x00178713) addi    a4, a5, 1
core   0: 3 0x000000008000feba (0x00178713) x14 0x0000000080012093
core   0: 0x000000008000febe (0xfee43023) sd      a4, -32(s0)
core   0: 3 0x000000008000febe (0xfee43023) mem 0x0000000080031f50 0x0000000080012093
core   0: 0x000000008000fec2 (0xfc442703) lw      a4, -60(s0)
core   0: 3 0x000000008000fec2 (0xfc442703) x14 0x0000000000000000 mem 0x0000000080031f34
core   0: 0x000000008000fec6 (0x0ff77713) andi    a4, a4, 255
core   0: 3 0x000000008000fec6 (0x0ff77713) x14 0x0000000000000000
core   0: 0x000000008000feca (0x00e78023) sb      a4, 0(a5)
core   0: 3 0x000000008000feca (0x00e78023) mem 0x0000000080012092 0x00
core   0: 0x000000008000fece (0xfc843703) ld      a4, -56(s0)
core   0: 3 0x000000008000fece (0xfc843703) x14 0x0000000080012040 mem 0x0000000080031f38
core   0: 0x000000008000fed2 (0xfb843783) ld      a5, -72(s0)
core   0: 3 0x000000008000fed2 (0xfb843783) x15 0x000000000000009c mem 0x0000000080031f28
core   0: 0x000000008000fed6 (0x000097ba) c.add   a5, a4
core   0: 3 0x000000008000fed6 (0x97ba) x15 0x00000000800120dc
core   0: 0x000000008000fed8 (0xfe043703) ld      a4, -32(s0)
core   0: 3 0x000000008000fed8 (0xfe043703) x14 0x0000000080012093 mem 0x0000000080031f50
core   0: 0x000000008000fedc (0xfcf76de3) bltu    a4, a5, pc - 38
core   0: 3 0x000000008000fedc (0xfcf76de3)
core   0: 0x000000008000feb6 (0xfe043783) ld      a5, -32(s0)
core   0: 3 0x000000008000feb6 (0xfe043783) x15 0x0000000080012093 mem 0x0000000080031f50
core   0: 0x000000008000feba (0x00178713) addi    a4, a5, 1
core   0: 3 0x000000008000feba (0x00178713) x14 0x0000000080012094
core   0: 0x000000008000febe (0xfee43023) sd      a4, -32(s0)
core   0: 3 0x000000008000febe (0xfee43023) mem 0x0000000080031f50 0x0000000080012094
core   0: 0x000000008000fec2 (0xfc442703) lw      a4, -60(s0)
core   0: 3 0x000000008000fec2 (0xfc442703) x14 0x0000000000000000 mem 0x0000000080031f34
core   0: 0x000000008000fec6 (0x0ff77713) andi    a4, a4, 255
core   0: 3 0x000000008000fec6 (0x0ff77713) x14 0x0000000000000000
core   0: 0x000000008000feca (0x00e78023) sb      a4, 0(a5)
core   0: 3 0x000000008000feca (0x00e78023) mem 0x0000000080012093 0x00
core   0: 0x000000008000fece (0xfc843703) ld      a4, -56(s0)
core   0: 3 0x000000008000fece (0xfc843703) x14 0x0000000080012040 mem 0x0000000080031f38
core   0: 0x000000008000fed2 (0xfb843783) ld      a5, -72(s0)
core   0: 3 0x000000008000fed2 (0xfb843783) x15 0x000000000000009c mem 0x0000000080031f28
core   0: 0x000000008000fed6 (0x000097ba) c.add   a5, a4
core   0: 3 0x000000008000fed6 (0x97ba) x15 0x00000000800120dc
core   0: 0x000000008000fed8 (0xfe043703) ld      a4, -32(s0)
core   0: 3 0x000000008000fed8 (0xfe043703) x14 0x0000000080012094 mem 0x0000000080031f50
core   0: 0x000000008000fedc (0xfcf76de3) bltu    a4, a5, pc - 38
core   0: 3 0x000000008000fedc (0xfcf76de3)
core   0: 0x000000008000feb6 (0xfe043783) ld      a5, -32(s0)
core   0: 3 0x000000008000feb6 (0xfe043783) x15 0x0000000080012094 mem 0x0000000080031f50
core   0: 0x000000008000feba (0x00178713) addi    a4, a5, 1
core   0: 3 0x000000008000feba (0x00178713) x14 0x0000000080012095
core   0: 0x000000008000febe (0xfee43023) sd      a4, -32(s0)
core   0: 3 0x000000008000febe (0xfee43023) mem 0x0000000080031f50 0x0000000080012095
core   0: 0x000000008000fec2 (0xfc442703) lw      a4, -60(s0)
core   0: 3 0x000000008000fec2 (0xfc442703) x14 0x0000000000000000 mem 0x0000000080031f34
core   0: 0x000000008000fec6 (0x0ff77713) andi    a4, a4, 255
core   0: 3 0x000000008000fec6 (0x0ff77713) x14 0x0000000000000000
core   0: 0x000000008000feca (0x00e78023) sb      a4, 0(a5)
core   0: 3 0x000000008000feca (0x00e78023) mem 0x0000000080012094 0x00
core   0: 0x000000008000fece (0xfc843703) ld      a4, -56(s0)
core   0: 3 0x000000008000fece (0xfc843703) x14 0x0000000080012040 mem 0x0000000080031f38
core   0: 0x000000008000fed2 (0xfb843783) ld      a5, -72(s0)
core   0: 3 0x000000008000fed2 (0xfb843783) x15 0x000000000000009c mem 0x0000000080031f28
core   0: 0x000000008000fed6 (0x000097ba) c.add   a5, a4
core   0: 3 0x000000008000fed6 (0x97ba) x15 0x00000000800120dc
core   0: 0x000000008000fed8 (0xfe043703) ld      a4, -32(s0)
core   0: 3 0x000000008000fed8 (0xfe043703) x14 0x0000000080012095 mem 0x0000000080031f50
core   0: 0x000000008000fedc (0xfcf76de3) bltu    a4, a5, pc - 38
core   0: 3 0x000000008000fedc (0xfcf76de3)
core   0: 0x000000008000feb6 (0xfe043783) ld      a5, -32(s0)
core   0: 3 0x000000008000feb6 (0xfe043783) x15 0x0000000080012095 mem 0x0000000080031f50
core   0: 0x000000008000feba (0x00178713) addi    a4, a5, 1
core   0: 3 0x000000008000feba (0x00178713) x14 0x0000000080012096
core   0: 0x000000008000febe (0xfee43023) sd      a4, -32(s0)
core   0: 3 0x000000008000febe (0xfee43023) mem 0x0000000080031f50 0x0000000080012096
core   0: 0x000000008000fec2 (0xfc442703) lw      a4, -60(s0)
core   0: 3 0x000000008000fec2 (0xfc442703) x14 0x0000000000000000 mem 0x0000000080031f34
core   0: 0x000000008000fec6 (0x0ff77713) andi    a4, a4, 255
core   0: 3 0x000000008000fec6 (0x0ff77713) x14 0x0000000000000000
core   0: 0x000000008000feca (0x00e78023) sb      a4, 0(a5)
core   0: 3 0x000000008000feca (0x00e78023) mem 0x0000000080012095 0x00
core   0: 0x000000008000fece (0xfc843703) ld      a4, -56(s0)
core   0: 3 0x000000008000fece (0xfc843703) x14 0x0000000080012040 mem 0x0000000080031f38
core   0: 0x000000008000fed2 (0xfb843783) ld      a5, -72(s0)
core   0: 3 0x000000008000fed2 (0xfb843783) x15 0x000000000000009c mem 0x0000000080031f28
core   0: 0x000000008000fed6 (0x000097ba) c.add   a5, a4
core   0: 3 0x000000008000fed6 (0x97ba) x15 0x00000000800120dc
core   0: 0x000000008000fed8 (0xfe043703) ld      a4, -32(s0)
core   0: 3 0x000000008000fed8 (0xfe043703) x14 0x0000000080012096 mem 0x0000000080031f50
core   0: 0x000000008000fedc (0xfcf76de3) bltu    a4, a5, pc - 38
core   0: 3 0x000000008000fedc (0xfcf76de3)
core   0: 0x000000008000feb6 (0xfe043783) ld      a5, -32(s0)
core   0: 3 0x000000008000feb6 (0xfe043783) x15 0x0000000080012096 mem 0x0000000080031f50
core   0: 0x000000008000feba (0x00178713) addi    a4, a5, 1
core   0: 3 0x000000008000feba (0x00178713) x14 0x0000000080012097
core   0: 0x000000008000febe (0xfee43023) sd      a4, -32(s0)
core   0: 3 0x000000008000febe (0xfee43023) mem 0x0000000080031f50 0x0000000080012097
core   0: 0x000000008000fec2 (0xfc442703) lw      a4, -60(s0)
core   0: 3 0x000000008000fec2 (0xfc442703) x14 0x0000000000000000 mem 0x0000000080031f34
core   0: 0x000000008000fec6 (0x0ff77713) andi    a4, a4, 255
core   0: 3 0x000000008000fec6 (0x0ff77713) x14 0x0000000000000000
core   0: 0x000000008000feca (0x00e78023) sb      a4, 0(a5)
core   0: 3 0x000000008000feca (0x00e78023) mem 0x0000000080012096 0x00
core   0: 0x000000008000fece (0xfc843703) ld      a4, -56(s0)
core   0: 3 0x000000008000fece (0xfc843703) x14 0x0000000080012040 mem 0x0000000080031f38
core   0: 0x000000008000fed2 (0xfb843783) ld      a5, -72(s0)
core   0: 3 0x000000008000fed2 (0xfb843783) x15 0x000000000000009c mem 0x0000000080031f28
core   0: 0x000000008000fed6 (0x000097ba) c.add   a5, a4
core   0: 3 0x000000008000fed6 (0x97ba) x15 0x00000000800120dc
core   0: 0x000000008000fed8 (0xfe043703) ld      a4, -32(s0)
core   0: 3 0x000000008000fed8 (0xfe043703) x14 0x0000000080012097 mem 0x0000000080031f50
core   0: 0x000000008000fedc (0xfcf76de3) bltu    a4, a5, pc - 38
core   0: 3 0x000000008000fedc (0xfcf76de3)
core   0: 0x000000008000feb6 (0xfe043783) ld      a5, -32(s0)
core   0: 3 0x000000008000feb6 (0xfe043783) x15 0x0000000080012097 mem 0x0000000080031f50
core   0: 0x000000008000feba (0x00178713) addi    a4, a5, 1
core   0: 3 0x000000008000feba (0x00178713) x14 0x0000000080012098
core   0: 0x000000008000febe (0xfee43023) sd      a4, -32(s0)
core   0: 3 0x000000008000febe (0xfee43023) mem 0x0000000080031f50 0x0000000080012098
core   0: 0x000000008000fec2 (0xfc442703) lw      a4, -60(s0)
core   0: 3 0x000000008000fec2 (0xfc442703) x14 0x0000000000000000 mem 0x0000000080031f34
core   0: 0x000000008000fec6 (0x0ff77713) andi    a4, a4, 255
core   0: 3 0x000000008000fec6 (0x0ff77713) x14 0x0000000000000000
core   0: 0x000000008000feca (0x00e78023) sb      a4, 0(a5)
core   0: 3 0x000000008000feca (0x00e78023) mem 0x0000000080012097 0x00
core   0: 0x000000008000fece (0xfc843703) ld      a4, -56(s0)
core   0: 3 0x000000008000fece (0xfc843703) x14 0x0000000080012040 mem 0x0000000080031f38
core   0: 0x000000008000fed2 (0xfb843783) ld      a5, -72(s0)
core   0: 3 0x000000008000fed2 (0xfb843783) x15 0x000000000000009c mem 0x0000000080031f28
core   0: 0x000000008000fed6 (0x000097ba) c.add   a5, a4
core   0: 3 0x000000008000fed6 (0x97ba) x15 0x00000000800120dc
core   0: 0x000000008000fed8 (0xfe043703) ld      a4, -32(s0)
core   0: 3 0x000000008000fed8 (0xfe043703) x14 0x0000000080012098 mem 0x0000000080031f50
core   0: 0x000000008000fedc (0xfcf76de3) bltu    a4, a5, pc - 38
core   0: 3 0x000000008000fedc (0xfcf76de3)
core   0: 0x000000008000feb6 (0xfe043783) ld      a5, -32(s0)
core   0: 3 0x000000008000feb6 (0xfe043783) x15 0x0000000080012098 mem 0x0000000080031f50
core   0: 0x000000008000feba (0x00178713) addi    a4, a5, 1
core   0: 3 0x000000008000feba (0x00178713) x14 0x0000000080012099
core   0: 0x000000008000febe (0xfee43023) sd      a4, -32(s0)
core   0: 3 0x000000008000febe (0xfee43023) mem 0x0000000080031f50 0x0000000080012099
core   0: 0x000000008000fec2 (0xfc442703) lw      a4, -60(s0)
core   0: 3 0x000000008000fec2 (0xfc442703) x14 0x0000000000000000 mem 0x0000000080031f34
core   0: 0x000000008000fec6 (0x0ff77713) andi    a4, a4, 255
core   0: 3 0x000000008000fec6 (0x0ff77713) x14 0x0000000000000000
core   0: 0x000000008000feca (0x00e78023) sb      a4, 0(a5)
core   0: 3 0x000000008000feca (0x00e78023) mem 0x0000000080012098 0x00
core   0: 0x000000008000fece (0xfc843703) ld      a4, -56(s0)
core   0: 3 0x000000008000fece (0xfc843703) x14 0x0000000080012040 mem 0x0000000080031f38
core   0: 0x000000008000fed2 (0xfb843783) ld      a5, -72(s0)
core   0: 3 0x000000008000fed2 (0xfb843783) x15 0x000000000000009c mem 0x0000000080031f28
core   0: 0x000000008000fed6 (0x000097ba) c.add   a5, a4
core   0: 3 0x000000008000fed6 (0x97ba) x15 0x00000000800120dc
core   0: 0x000000008000fed8 (0xfe043703) ld      a4, -32(s0)
core   0: 3 0x000000008000fed8 (0xfe043703) x14 0x0000000080012099 mem 0x0000000080031f50
core   0: 0x000000008000fedc (0xfcf76de3) bltu    a4, a5, pc - 38
core   0: 3 0x000000008000fedc (0xfcf76de3)
core   0: 0x000000008000feb6 (0xfe043783) ld      a5, -32(s0)
core   0: 3 0x000000008000feb6 (0xfe043783) x15 0x0000000080012099 mem 0x0000000080031f50
core   0: 0x000000008000feba (0x00178713) addi    a4, a5, 1
core   0: 3 0x000000008000feba (0x00178713) x14 0x000000008001209a
core   0: 0x000000008000febe (0xfee43023) sd      a4, -32(s0)
core   0: 3 0x000000008000febe (0xfee43023) mem 0x0000000080031f50 0x000000008001209a
core   0: 0x000000008000fec2 (0xfc442703) lw      a4, -60(s0)
core   0: 3 0x000000008000fec2 (0xfc442703) x14 0x0000000000000000 mem 0x0000000080031f34
core   0: 0x000000008000fec6 (0x0ff77713) andi    a4, a4, 255
core   0: 3 0x000000008000fec6 (0x0ff77713) x14 0x0000000000000000
core   0: 0x000000008000feca (0x00e78023) sb      a4, 0(a5)
core   0: 3 0x000000008000feca (0x00e78023) mem 0x0000000080012099 0x00
core   0: 0x000000008000fece (0xfc843703) ld      a4, -56(s0)
core   0: 3 0x000000008000fece (0xfc843703) x14 0x0000000080012040 mem 0x0000000080031f38
core   0: 0x000000008000fed2 (0xfb843783) ld      a5, -72(s0)
core   0: 3 0x000000008000fed2 (0xfb843783) x15 0x000000000000009c mem 0x0000000080031f28
core   0: 0x000000008000fed6 (0x000097ba) c.add   a5, a4
core   0: 3 0x000000008000fed6 (0x97ba) x15 0x00000000800120dc
core   0: 0x000000008000fed8 (0xfe043703) ld      a4, -32(s0)
core   0: 3 0x000000008000fed8 (0xfe043703) x14 0x000000008001209a mem 0x0000000080031f50
core   0: 0x000000008000fedc (0xfcf76de3) bltu    a4, a5, pc - 38
core   0: 3 0x000000008000fedc (0xfcf76de3)
core   0: 0x000000008000feb6 (0xfe043783) ld      a5, -32(s0)
core   0: 3 0x000000008000feb6 (0xfe043783) x15 0x000000008001209a mem 0x0000000080031f50
core   0: 0x000000008000feba (0x00178713) addi    a4, a5, 1
core   0: 3 0x000000008000feba (0x00178713) x14 0x000000008001209b
core   0: 0x000000008000febe (0xfee43023) sd      a4, -32(s0)
core   0: 3 0x000000008000febe (0xfee43023) mem 0x0000000080031f50 0x000000008001209b
core   0: 0x000000008000fec2 (0xfc442703) lw      a4, -60(s0)
core   0: 3 0x000000008000fec2 (0xfc442703) x14 0x0000000000000000 mem 0x0000000080031f34
core   0: 0x000000008000fec6 (0x0ff77713) andi    a4, a4, 255
core   0: 3 0x000000008000fec6 (0x0ff77713) x14 0x0000000000000000
core   0: 0x000000008000feca (0x00e78023) sb      a4, 0(a5)
core   0: 3 0x000000008000feca (0x00e78023) mem 0x000000008001209a 0x00
core   0: 0x000000008000fece (0xfc843703) ld      a4, -56(s0)
core   0: 3 0x000000008000fece (0xfc843703) x14 0x0000000080012040 mem 0x0000000080031f38
core   0: 0x000000008000fed2 (0xfb843783) ld      a5, -72(s0)
core   0: 3 0x000000008000fed2 (0xfb843783) x15 0x000000000000009c mem 0x0000000080031f28
core   0: 0x000000008000fed6 (0x000097ba) c.add   a5, a4
core   0: 3 0x000000008000fed6 (0x97ba) x15 0x00000000800120dc
core   0: 0x000000008000fed8 (0xfe043703) ld      a4, -32(s0)
core   0: 3 0x000000008000fed8 (0xfe043703) x14 0x000000008001209b mem 0x0000000080031f50
core   0: 0x000000008000fedc (0xfcf76de3) bltu    a4, a5, pc - 38
core   0: 3 0x000000008000fedc (0xfcf76de3)
core   0: 0x000000008000feb6 (0xfe043783) ld      a5, -32(s0)
core   0: 3 0x000000008000feb6 (0xfe043783) x15 0x000000008001209b mem 0x0000000080031f50
core   0: 0x000000008000feba (0x00178713) addi    a4, a5, 1
core   0: 3 0x000000008000feba (0x00178713) x14 0x000000008001209c
core   0: 0x000000008000febe (0xfee43023) sd      a4, -32(s0)
core   0: 3 0x000000008000febe (0xfee43023) mem 0x0000000080031f50 0x000000008001209c
core   0: 0x000000008000fec2 (0xfc442703) lw      a4, -60(s0)
core   0: 3 0x000000008000fec2 (0xfc442703) x14 0x0000000000000000 mem 0x0000000080031f34
core   0: 0x000000008000fec6 (0x0ff77713) andi    a4, a4, 255
core   0: 3 0x000000008000fec6 (0x0ff77713) x14 0x0000000000000000
core   0: 0x000000008000feca (0x00e78023) sb      a4, 0(a5)
core   0: 3 0x000000008000feca (0x00e78023) mem 0x000000008001209b 0x00
core   0: 0x000000008000fece (0xfc843703) ld      a4, -56(s0)
core   0: 3 0x000000008000fece (0xfc843703) x14 0x0000000080012040 mem 0x0000000080031f38
core   0: 0x000000008000fed2 (0xfb843783) ld      a5, -72(s0)
core   0: 3 0x000000008000fed2 (0xfb843783) x15 0x000000000000009c mem 0x0000000080031f28
core   0: 0x000000008000fed6 (0x000097ba) c.add   a5, a4
core   0: 3 0x000000008000fed6 (0x97ba) x15 0x00000000800120dc
core   0: 0x000000008000fed8 (0xfe043703) ld      a4, -32(s0)
core   0: 3 0x000000008000fed8 (0xfe043703) x14 0x000000008001209c mem 0x0000000080031f50
core   0: 0x000000008000fedc (0xfcf76de3) bltu    a4, a5, pc - 38
core   0: 3 0x000000008000fedc (0xfcf76de3)
core   0: 0x000000008000feb6 (0xfe043783) ld      a5, -32(s0)
core   0: 3 0x000000008000feb6 (0xfe043783) x15 0x000000008001209c mem 0x0000000080031f50
core   0: 0x000000008000feba (0x00178713) addi    a4, a5, 1
core   0: 3 0x000000008000feba (0x00178713) x14 0x000000008001209d
core   0: 0x000000008000febe (0xfee43023) sd      a4, -32(s0)
core   0: 3 0x000000008000febe (0xfee43023) mem 0x0000000080031f50 0x000000008001209d
core   0: 0x000000008000fec2 (0xfc442703) lw      a4, -60(s0)
core   0: 3 0x000000008000fec2 (0xfc442703) x14 0x0000000000000000 mem 0x0000000080031f34
core   0: 0x000000008000fec6 (0x0ff77713) andi    a4, a4, 255
core   0: 3 0x000000008000fec6 (0x0ff77713) x14 0x0000000000000000
core   0: 0x000000008000feca (0x00e78023) sb      a4, 0(a5)
core   0: 3 0x000000008000feca (0x00e78023) mem 0x000000008001209c 0x00
core   0: 0x000000008000fece (0xfc843703) ld      a4, -56(s0)
core   0: 3 0x000000008000fece (0xfc843703) x14 0x0000000080012040 mem 0x0000000080031f38
core   0: 0x000000008000fed2 (0xfb843783) ld      a5, -72(s0)
core   0: 3 0x000000008000fed2 (0xfb843783) x15 0x000000000000009c mem 0x0000000080031f28
core   0: 0x000000008000fed6 (0x000097ba) c.add   a5, a4
core   0: 3 0x000000008000fed6 (0x97ba) x15 0x00000000800120dc
core   0: 0x000000008000fed8 (0xfe043703) ld      a4, -32(s0)
core   0: 3 0x000000008000fed8 (0xfe043703) x14 0x000000008001209d mem 0x0000000080031f50
core   0: 0x000000008000fedc (0xfcf76de3) bltu    a4, a5, pc - 38
core   0: 3 0x000000008000fedc (0xfcf76de3)
core   0: 0x000000008000feb6 (0xfe043783) ld      a5, -32(s0)
core   0: 3 0x000000008000feb6 (0xfe043783) x15 0x000000008001209d mem 0x0000000080031f50
core   0: 0x000000008000feba (0x00178713) addi    a4, a5, 1
core   0: 3 0x000000008000feba (0x00178713) x14 0x000000008001209e
core   0: 0x000000008000febe (0xfee43023) sd      a4, -32(s0)
core   0: 3 0x000000008000febe (0xfee43023) mem 0x0000000080031f50 0x000000008001209e
core   0: 0x000000008000fec2 (0xfc442703) lw      a4, -60(s0)
core   0: 3 0x000000008000fec2 (0xfc442703) x14 0x0000000000000000 mem 0x0000000080031f34
core   0: 0x000000008000fec6 (0x0ff77713) andi    a4, a4, 255
core   0: 3 0x000000008000fec6 (0x0ff77713) x14 0x0000000000000000
core   0: 0x000000008000feca (0x00e78023) sb      a4, 0(a5)
core   0: 3 0x000000008000feca (0x00e78023) mem 0x000000008001209d 0x00
core   0: 0x000000008000fece (0xfc843703) ld      a4, -56(s0)
core   0: 3 0x000000008000fece (0xfc843703) x14 0x0000000080012040 mem 0x0000000080031f38
core   0: 0x000000008000fed2 (0xfb843783) ld      a5, -72(s0)
core   0: 3 0x000000008000fed2 (0xfb843783) x15 0x000000000000009c mem 0x0000000080031f28
core   0: 0x000000008000fed6 (0x000097ba) c.add   a5, a4
core   0: 3 0x000000008000fed6 (0x97ba) x15 0x00000000800120dc
core   0: 0x000000008000fed8 (0xfe043703) ld      a4, -32(s0)
core   0: 3 0x000000008000fed8 (0xfe043703) x14 0x000000008001209e mem 0x0000000080031f50
core   0: 0x000000008000fedc (0xfcf76de3) bltu    a4, a5, pc - 38
core   0: 3 0x000000008000fedc (0xfcf76de3)
core   0: 0x000000008000feb6 (0xfe043783) ld      a5, -32(s0)
core   0: 3 0x000000008000feb6 (0xfe043783) x15 0x000000008001209e mem 0x0000000080031f50
core   0: 0x000000008000feba (0x00178713) addi    a4, a5, 1
core   0: 3 0x000000008000feba (0x00178713) x14 0x000000008001209f
core   0: 0x000000008000febe (0xfee43023) sd      a4, -32(s0)
core   0: 3 0x000000008000febe (0xfee43023) mem 0x0000000080031f50 0x000000008001209f
core   0: 0x000000008000fec2 (0xfc442703) lw      a4, -60(s0)
core   0: 3 0x000000008000fec2 (0xfc442703) x14 0x0000000000000000 mem 0x0000000080031f34
core   0: 0x000000008000fec6 (0x0ff77713) andi    a4, a4, 255
core   0: 3 0x000000008000fec6 (0x0ff77713) x14 0x0000000000000000
core   0: 0x000000008000feca (0x00e78023) sb      a4, 0(a5)
core   0: 3 0x000000008000feca (0x00e78023) mem 0x000000008001209e 0x00
core   0: 0x000000008000fece (0xfc843703) ld      a4, -56(s0)
core   0: 3 0x000000008000fece (0xfc843703) x14 0x0000000080012040 mem 0x0000000080031f38
core   0: 0x000000008000fed2 (0xfb843783) ld      a5, -72(s0)
core   0: 3 0x000000008000fed2 (0xfb843783) x15 0x000000000000009c mem 0x0000000080031f28
core   0: 0x000000008000fed6 (0x000097ba) c.add   a5, a4
core   0: 3 0x000000008000fed6 (0x97ba) x15 0x00000000800120dc
core   0: 0x000000008000fed8 (0xfe043703) ld      a4, -32(s0)
core   0: 3 0x000000008000fed8 (0xfe043703) x14 0x000000008001209f mem 0x0000000080031f50
core   0: 0x000000008000fedc (0xfcf76de3) bltu    a4, a5, pc - 38
core   0: 3 0x000000008000fedc (0xfcf76de3)
core   0: 0x000000008000feb6 (0xfe043783) ld      a5, -32(s0)
core   0: 3 0x000000008000feb6 (0xfe043783) x15 0x000000008001209f mem 0x0000000080031f50
core   0: 0x000000008000feba (0x00178713) addi    a4, a5, 1
core   0: 3 0x000000008000feba (0x00178713) x14 0x00000000800120a0
core   0: 0x000000008000febe (0xfee43023) sd      a4, -32(s0)
core   0: 3 0x000000008000febe (0xfee43023) mem 0x0000000080031f50 0x00000000800120a0
core   0: 0x000000008000fec2 (0xfc442703) lw      a4, -60(s0)
core   0: 3 0x000000008000fec2 (0xfc442703) x14 0x0000000000000000 mem 0x0000000080031f34
core   0: 0x000000008000fec6 (0x0ff77713) andi    a4, a4, 255
core   0: 3 0x000000008000fec6 (0x0ff77713) x14 0x0000000000000000
core   0: 0x000000008000feca (0x00e78023) sb      a4, 0(a5)
core   0: 3 0x000000008000feca (0x00e78023) mem 0x000000008001209f 0x00
core   0: 0x000000008000fece (0xfc843703) ld      a4, -56(s0)
core   0: 3 0x000000008000fece (0xfc843703) x14 0x0000000080012040 mem 0x0000000080031f38
core   0: 0x000000008000fed2 (0xfb843783) ld      a5, -72(s0)
core   0: 3 0x000000008000fed2 (0xfb843783) x15 0x000000000000009c mem 0x0000000080031f28
core   0: 0x000000008000fed6 (0x000097ba) c.add   a5, a4
core   0: 3 0x000000008000fed6 (0x97ba) x15 0x00000000800120dc
core   0: 0x000000008000fed8 (0xfe043703) ld      a4, -32(s0)
core   0: 3 0x000000008000fed8 (0xfe043703) x14 0x00000000800120a0 mem 0x0000000080031f50
core   0: 0x000000008000fedc (0xfcf76de3) bltu    a4, a5, pc - 38
core   0: 3 0x000000008000fedc (0xfcf76de3)
core   0: 0x000000008000feb6 (0xfe043783) ld      a5, -32(s0)
core   0: 3 0x000000008000feb6 (0xfe043783) x15 0x00000000800120a0 mem 0x0000000080031f50
core   0: 0x000000008000feba (0x00178713) addi    a4, a5, 1
core   0: 3 0x000000008000feba (0x00178713) x14 0x00000000800120a1
core   0: 0x000000008000febe (0xfee43023) sd      a4, -32(s0)
core   0: 3 0x000000008000febe (0xfee43023) mem 0x0000000080031f50 0x00000000800120a1
core   0: 0x000000008000fec2 (0xfc442703) lw      a4, -60(s0)
core   0: 3 0x000000008000fec2 (0xfc442703) x14 0x0000000000000000 mem 0x0000000080031f34
core   0: 0x000000008000fec6 (0x0ff77713) andi    a4, a4, 255
core   0: 3 0x000000008000fec6 (0x0ff77713) x14 0x0000000000000000
core   0: 0x000000008000feca (0x00e78023) sb      a4, 0(a5)
core   0: 3 0x000000008000feca (0x00e78023) mem 0x00000000800120a0 0x00
core   0: 0x000000008000fece (0xfc843703) ld      a4, -56(s0)
core   0: 3 0x000000008000fece (0xfc843703) x14 0x0000000080012040 mem 0x0000000080031f38
core   0: 0x000000008000fed2 (0xfb843783) ld      a5, -72(s0)
core   0: 3 0x000000008000fed2 (0xfb843783) x15 0x000000000000009c mem 0x0000000080031f28
core   0: 0x000000008000fed6 (0x000097ba) c.add   a5, a4
core   0: 3 0x000000008000fed6 (0x97ba) x15 0x00000000800120dc
core   0: 0x000000008000fed8 (0xfe043703) ld      a4, -32(s0)
core   0: 3 0x000000008000fed8 (0xfe043703) x14 0x00000000800120a1 mem 0x0000000080031f50
core   0: 0x000000008000fedc (0xfcf76de3) bltu    a4, a5, pc - 38
core   0: 3 0x000000008000fedc (0xfcf76de3)
core   0: 0x000000008000feb6 (0xfe043783) ld      a5, -32(s0)
core   0: 3 0x000000008000feb6 (0xfe043783) x15 0x00000000800120a1 mem 0x0000000080031f50
core   0: 0x000000008000feba (0x00178713) addi    a4, a5, 1
core   0: 3 0x000000008000feba (0x00178713) x14 0x00000000800120a2
core   0: 0x000000008000febe (0xfee43023) sd      a4, -32(s0)
core   0: 3 0x000000008000febe (0xfee43023) mem 0x0000000080031f50 0x00000000800120a2
core   0: 0x000000008000fec2 (0xfc442703) lw      a4, -60(s0)
core   0: 3 0x000000008000fec2 (0xfc442703) x14 0x0000000000000000 mem 0x0000000080031f34
core   0: 0x000000008000fec6 (0x0ff77713) andi    a4, a4, 255
core   0: 3 0x000000008000fec6 (0x0ff77713) x14 0x0000000000000000
core   0: 0x000000008000feca (0x00e78023) sb      a4, 0(a5)
core   0: 3 0x000000008000feca (0x00e78023) mem 0x00000000800120a1 0x00
core   0: 0x000000008000fece (0xfc843703) ld      a4, -56(s0)
core   0: 3 0x000000008000fece (0xfc843703) x14 0x0000000080012040 mem 0x0000000080031f38
core   0: 0x000000008000fed2 (0xfb843783) ld      a5, -72(s0)
core   0: 3 0x000000008000fed2 (0xfb843783) x15 0x000000000000009c mem 0x0000000080031f28
core   0: 0x000000008000fed6 (0x000097ba) c.add   a5, a4
core   0: 3 0x000000008000fed6 (0x97ba) x15 0x00000000800120dc
core   0: 0x000000008000fed8 (0xfe043703) ld      a4, -32(s0)
core   0: 3 0x000000008000fed8 (0xfe043703) x14 0x00000000800120a2 mem 0x0000000080031f50
core   0: 0x000000008000fedc (0xfcf76de3) bltu    a4, a5, pc - 38
core   0: 3 0x000000008000fedc (0xfcf76de3)
core   0: 0x000000008000feb6 (0xfe043783) ld      a5, -32(s0)
core   0: 3 0x000000008000feb6 (0xfe043783) x15 0x00000000800120a2 mem 0x0000000080031f50
core   0: 0x000000008000feba (0x00178713) addi    a4, a5, 1
core   0: 3 0x000000008000feba (0x00178713) x14 0x00000000800120a3
core   0: 0x000000008000febe (0xfee43023) sd      a4, -32(s0)
core   0: 3 0x000000008000febe (0xfee43023) mem 0x0000000080031f50 0x00000000800120a3
core   0: 0x000000008000fec2 (0xfc442703) lw      a4, -60(s0)
core   0: 3 0x000000008000fec2 (0xfc442703) x14 0x0000000000000000 mem 0x0000000080031f34
core   0: 0x000000008000fec6 (0x0ff77713) andi    a4, a4, 255
core   0: 3 0x000000008000fec6 (0x0ff77713) x14 0x0000000000000000
core   0: 0x000000008000feca (0x00e78023) sb      a4, 0(a5)
core   0: 3 0x000000008000feca (0x00e78023) mem 0x00000000800120a2 0x00
core   0: 0x000000008000fece (0xfc843703) ld      a4, -56(s0)
core   0: 3 0x000000008000fece (0xfc843703) x14 0x0000000080012040 mem 0x0000000080031f38
core   0: 0x000000008000fed2 (0xfb843783) ld      a5, -72(s0)
core   0: 3 0x000000008000fed2 (0xfb843783) x15 0x000000000000009c mem 0x0000000080031f28
core   0: 0x000000008000fed6 (0x000097ba) c.add   a5, a4
core   0: 3 0x000000008000fed6 (0x97ba) x15 0x00000000800120dc
core   0: 0x000000008000fed8 (0xfe043703) ld      a4, -32(s0)
core   0: 3 0x000000008000fed8 (0xfe043703) x14 0x00000000800120a3 mem 0x0000000080031f50
core   0: 0x000000008000fedc (0xfcf76de3) bltu    a4, a5, pc - 38
core   0: 3 0x000000008000fedc (0xfcf76de3)
core   0: 0x000000008000feb6 (0xfe043783) ld      a5, -32(s0)
core   0: 3 0x000000008000feb6 (0xfe043783) x15 0x00000000800120a3 mem 0x0000000080031f50
core   0: 0x000000008000feba (0x00178713) addi    a4, a5, 1
core   0: 3 0x000000008000feba (0x00178713) x14 0x00000000800120a4
core   0: 0x000000008000febe (0xfee43023) sd      a4, -32(s0)
core   0: 3 0x000000008000febe (0xfee43023) mem 0x0000000080031f50 0x00000000800120a4
core   0: 0x000000008000fec2 (0xfc442703) lw      a4, -60(s0)
core   0: 3 0x000000008000fec2 (0xfc442703) x14 0x0000000000000000 mem 0x0000000080031f34
core   0: 0x000000008000fec6 (0x0ff77713) andi    a4, a4, 255
core   0: 3 0x000000008000fec6 (0x0ff77713) x14 0x0000000000000000
core   0: 0x000000008000feca (0x00e78023) sb      a4, 0(a5)
core   0: 3 0x000000008000feca (0x00e78023) mem 0x00000000800120a3 0x00
core   0: 0x000000008000fece (0xfc843703) ld      a4, -56(s0)
core   0: 3 0x000000008000fece (0xfc843703) x14 0x0000000080012040 mem 0x0000000080031f38
core   0: 0x000000008000fed2 (0xfb843783) ld      a5, -72(s0)
core   0: 3 0x000000008000fed2 (0xfb843783) x15 0x000000000000009c mem 0x0000000080031f28
core   0: 0x000000008000fed6 (0x000097ba) c.add   a5, a4
core   0: 3 0x000000008000fed6 (0x97ba) x15 0x00000000800120dc
core   0: 0x000000008000fed8 (0xfe043703) ld      a4, -32(s0)
core   0: 3 0x000000008000fed8 (0xfe043703) x14 0x00000000800120a4 mem 0x0000000080031f50
core   0: 0x000000008000fedc (0xfcf76de3) bltu    a4, a5, pc - 38
core   0: 3 0x000000008000fedc (0xfcf76de3)
core   0: 0x000000008000feb6 (0xfe043783) ld      a5, -32(s0)
core   0: 3 0x000000008000feb6 (0xfe043783) x15 0x00000000800120a4 mem 0x0000000080031f50
core   0: 0x000000008000feba (0x00178713) addi    a4, a5, 1
core   0: 3 0x000000008000feba (0x00178713) x14 0x00000000800120a5
core   0: 0x000000008000febe (0xfee43023) sd      a4, -32(s0)
core   0: 3 0x000000008000febe (0xfee43023) mem 0x0000000080031f50 0x00000000800120a5
core   0: 0x000000008000fec2 (0xfc442703) lw      a4, -60(s0)
core   0: 3 0x000000008000fec2 (0xfc442703) x14 0x0000000000000000 mem 0x0000000080031f34
core   0: 0x000000008000fec6 (0x0ff77713) andi    a4, a4, 255
core   0: 3 0x000000008000fec6 (0x0ff77713) x14 0x0000000000000000
core   0: 0x000000008000feca (0x00e78023) sb      a4, 0(a5)
core   0: 3 0x000000008000feca (0x00e78023) mem 0x00000000800120a4 0x00
core   0: 0x000000008000fece (0xfc843703) ld      a4, -56(s0)
core   0: 3 0x000000008000fece (0xfc843703) x14 0x0000000080012040 mem 0x0000000080031f38
core   0: 0x000000008000fed2 (0xfb843783) ld      a5, -72(s0)
core   0: 3 0x000000008000fed2 (0xfb843783) x15 0x000000000000009c mem 0x0000000080031f28
core   0: 0x000000008000fed6 (0x000097ba) c.add   a5, a4
core   0: 3 0x000000008000fed6 (0x97ba) x15 0x00000000800120dc
core   0: 0x000000008000fed8 (0xfe043703) ld      a4, -32(s0)
core   0: 3 0x000000008000fed8 (0xfe043703) x14 0x00000000800120a5 mem 0x0000000080031f50
core   0: 0x000000008000fedc (0xfcf76de3) bltu    a4, a5, pc - 38
core   0: 3 0x000000008000fedc (0xfcf76de3)
core   0: 0x000000008000feb6 (0xfe043783) ld      a5, -32(s0)
core   0: 3 0x000000008000feb6 (0xfe043783) x15 0x00000000800120a5 mem 0x0000000080031f50
core   0: 0x000000008000feba (0x00178713) addi    a4, a5, 1
core   0: 3 0x000000008000feba (0x00178713) x14 0x00000000800120a6
core   0: 0x000000008000febe (0xfee43023) sd      a4, -32(s0)
core   0: 3 0x000000008000febe (0xfee43023) mem 0x0000000080031f50 0x00000000800120a6
core   0: 0x000000008000fec2 (0xfc442703) lw      a4, -60(s0)
core   0: 3 0x000000008000fec2 (0xfc442703) x14 0x0000000000000000 mem 0x0000000080031f34
core   0: 0x000000008000fec6 (0x0ff77713) andi    a4, a4, 255
core   0: 3 0x000000008000fec6 (0x0ff77713) x14 0x0000000000000000
core   0: 0x000000008000feca (0x00e78023) sb      a4, 0(a5)
core   0: 3 0x000000008000feca (0x00e78023) mem 0x00000000800120a5 0x00
core   0: 0x000000008000fece (0xfc843703) ld      a4, -56(s0)
core   0: 3 0x000000008000fece (0xfc843703) x14 0x0000000080012040 mem 0x0000000080031f38
core   0: 0x000000008000fed2 (0xfb843783) ld      a5, -72(s0)
core   0: 3 0x000000008000fed2 (0xfb843783) x15 0x000000000000009c mem 0x0000000080031f28
core   0: 0x000000008000fed6 (0x000097ba) c.add   a5, a4
core   0: 3 0x000000008000fed6 (0x97ba) x15 0x00000000800120dc
core   0: 0x000000008000fed8 (0xfe043703) ld      a4, -32(s0)
core   0: 3 0x000000008000fed8 (0xfe043703) x14 0x00000000800120a6 mem 0x0000000080031f50
core   0: 0x000000008000fedc (0xfcf76de3) bltu    a4, a5, pc - 38
core   0: 3 0x000000008000fedc (0xfcf76de3)
core   0: 0x000000008000feb6 (0xfe043783) ld      a5, -32(s0)
core   0: 3 0x000000008000feb6 (0xfe043783) x15 0x00000000800120a6 mem 0x0000000080031f50
core   0: 0x000000008000feba (0x00178713) addi    a4, a5, 1
core   0: 3 0x000000008000feba (0x00178713) x14 0x00000000800120a7
core   0: 0x000000008000febe (0xfee43023) sd      a4, -32(s0)
core   0: 3 0x000000008000febe (0xfee43023) mem 0x0000000080031f50 0x00000000800120a7
core   0: 0x000000008000fec2 (0xfc442703) lw      a4, -60(s0)
core   0: 3 0x000000008000fec2 (0xfc442703) x14 0x0000000000000000 mem 0x0000000080031f34
core   0: 0x000000008000fec6 (0x0ff77713) andi    a4, a4, 255
core   0: 3 0x000000008000fec6 (0x0ff77713) x14 0x0000000000000000
core   0: 0x000000008000feca (0x00e78023) sb      a4, 0(a5)
core   0: 3 0x000000008000feca (0x00e78023) mem 0x00000000800120a6 0x00
core   0: 0x000000008000fece (0xfc843703) ld      a4, -56(s0)
core   0: 3 0x000000008000fece (0xfc843703) x14 0x0000000080012040 mem 0x0000000080031f38
core   0: 0x000000008000fed2 (0xfb843783) ld      a5, -72(s0)
core   0: 3 0x000000008000fed2 (0xfb843783) x15 0x000000000000009c mem 0x0000000080031f28
core   0: 0x000000008000fed6 (0x000097ba) c.add   a5, a4
core   0: 3 0x000000008000fed6 (0x97ba) x15 0x00000000800120dc
core   0: 0x000000008000fed8 (0xfe043703) ld      a4, -32(s0)
core   0: 3 0x000000008000fed8 (0xfe043703) x14 0x00000000800120a7 mem 0x0000000080031f50
core   0: 0x000000008000fedc (0xfcf76de3) bltu    a4, a5, pc - 38
core   0: 3 0x000000008000fedc (0xfcf76de3)
core   0: 0x000000008000feb6 (0xfe043783) ld      a5, -32(s0)
core   0: 3 0x000000008000feb6 (0xfe043783) x15 0x00000000800120a7 mem 0x0000000080031f50
core   0: 0x000000008000feba (0x00178713) addi    a4, a5, 1
core   0: 3 0x000000008000feba (0x00178713) x14 0x00000000800120a8
core   0: 0x000000008000febe (0xfee43023) sd      a4, -32(s0)
core   0: 3 0x000000008000febe (0xfee43023) mem 0x0000000080031f50 0x00000000800120a8
core   0: 0x000000008000fec2 (0xfc442703) lw      a4, -60(s0)
core   0: 3 0x000000008000fec2 (0xfc442703) x14 0x0000000000000000 mem 0x0000000080031f34
core   0: 0x000000008000fec6 (0x0ff77713) andi    a4, a4, 255
core   0: 3 0x000000008000fec6 (0x0ff77713) x14 0x0000000000000000
core   0: 0x000000008000feca (0x00e78023) sb      a4, 0(a5)
core   0: 3 0x000000008000feca (0x00e78023) mem 0x00000000800120a7 0x00
core   0: 0x000000008000fece (0xfc843703) ld      a4, -56(s0)
core   0: 3 0x000000008000fece (0xfc843703) x14 0x0000000080012040 mem 0x0000000080031f38
core   0: 0x000000008000fed2 (0xfb843783) ld      a5, -72(s0)
core   0: 3 0x000000008000fed2 (0xfb843783) x15 0x000000000000009c mem 0x0000000080031f28
core   0: 0x000000008000fed6 (0x000097ba) c.add   a5, a4
core   0: 3 0x000000008000fed6 (0x97ba) x15 0x00000000800120dc
core   0: 0x000000008000fed8 (0xfe043703) ld      a4, -32(s0)
core   0: 3 0x000000008000fed8 (0xfe043703) x14 0x00000000800120a8 mem 0x0000000080031f50
core   0: 0x000000008000fedc (0xfcf76de3) bltu    a4, a5, pc - 38
core   0: 3 0x000000008000fedc (0xfcf76de3)
core   0: 0x000000008000feb6 (0xfe043783) ld      a5, -32(s0)
core   0: 3 0x000000008000feb6 (0xfe043783) x15 0x00000000800120a8 mem 0x0000000080031f50
core   0: 0x000000008000feba (0x00178713) addi    a4, a5, 1
core   0: 3 0x000000008000feba (0x00178713) x14 0x00000000800120a9
core   0: 0x000000008000febe (0xfee43023) sd      a4, -32(s0)
core   0: 3 0x000000008000febe (0xfee43023) mem 0x0000000080031f50 0x00000000800120a9
core   0: 0x000000008000fec2 (0xfc442703) lw      a4, -60(s0)
core   0: 3 0x000000008000fec2 (0xfc442703) x14 0x0000000000000000 mem 0x0000000080031f34
core   0: 0x000000008000fec6 (0x0ff77713) andi    a4, a4, 255
core   0: 3 0x000000008000fec6 (0x0ff77713) x14 0x0000000000000000
core   0: 0x000000008000feca (0x00e78023) sb      a4, 0(a5)
core   0: 3 0x000000008000feca (0x00e78023) mem 0x00000000800120a8 0x00
core   0: 0x000000008000fece (0xfc843703) ld      a4, -56(s0)
core   0: 3 0x000000008000fece (0xfc843703) x14 0x0000000080012040 mem 0x0000000080031f38
core   0: 0x000000008000fed2 (0xfb843783) ld      a5, -72(s0)
core   0: 3 0x000000008000fed2 (0xfb843783) x15 0x000000000000009c mem 0x0000000080031f28
core   0: 0x000000008000fed6 (0x000097ba) c.add   a5, a4
core   0: 3 0x000000008000fed6 (0x97ba) x15 0x00000000800120dc
core   0: 0x000000008000fed8 (0xfe043703) ld      a4, -32(s0)
core   0: 3 0x000000008000fed8 (0xfe043703) x14 0x00000000800120a9 mem 0x0000000080031f50
core   0: 0x000000008000fedc (0xfcf76de3) bltu    a4, a5, pc - 38
core   0: 3 0x000000008000fedc (0xfcf76de3)
core   0: 0x000000008000feb6 (0xfe043783) ld      a5, -32(s0)
core   0: 3 0x000000008000feb6 (0xfe043783) x15 0x00000000800120a9 mem 0x0000000080031f50
core   0: 0x000000008000feba (0x00178713) addi    a4, a5, 1
core   0: 3 0x000000008000feba (0x00178713) x14 0x00000000800120aa
core   0: 0x000000008000febe (0xfee43023) sd      a4, -32(s0)
core   0: 3 0x000000008000febe (0xfee43023) mem 0x0000000080031f50 0x00000000800120aa
core   0: 0x000000008000fec2 (0xfc442703) lw      a4, -60(s0)
core   0: 3 0x000000008000fec2 (0xfc442703) x14 0x0000000000000000 mem 0x0000000080031f34
core   0: 0x000000008000fec6 (0x0ff77713) andi    a4, a4, 255
core   0: 3 0x000000008000fec6 (0x0ff77713) x14 0x0000000000000000
core   0: 0x000000008000feca (0x00e78023) sb      a4, 0(a5)
core   0: 3 0x000000008000feca (0x00e78023) mem 0x00000000800120a9 0x00
core   0: 0x000000008000fece (0xfc843703) ld      a4, -56(s0)
core   0: 3 0x000000008000fece (0xfc843703) x14 0x0000000080012040 mem 0x0000000080031f38
core   0: 0x000000008000fed2 (0xfb843783) ld      a5, -72(s0)
core   0: 3 0x000000008000fed2 (0xfb843783) x15 0x000000000000009c mem 0x0000000080031f28
core   0: 0x000000008000fed6 (0x000097ba) c.add   a5, a4
core   0: 3 0x000000008000fed6 (0x97ba) x15 0x00000000800120dc
core   0: 0x000000008000fed8 (0xfe043703) ld      a4, -32(s0)
core   0: 3 0x000000008000fed8 (0xfe043703) x14 0x00000000800120aa mem 0x0000000080031f50
core   0: 0x000000008000fedc (0xfcf76de3) bltu    a4, a5, pc - 38
core   0: 3 0x000000008000fedc (0xfcf76de3)
core   0: 0x000000008000feb6 (0xfe043783) ld      a5, -32(s0)
core   0: 3 0x000000008000feb6 (0xfe043783) x15 0x00000000800120aa mem 0x0000000080031f50
core   0: 0x000000008000feba (0x00178713) addi    a4, a5, 1
core   0: 3 0x000000008000feba (0x00178713) x14 0x00000000800120ab
core   0: 0x000000008000febe (0xfee43023) sd      a4, -32(s0)
core   0: 3 0x000000008000febe (0xfee43023) mem 0x0000000080031f50 0x00000000800120ab
core   0: 0x000000008000fec2 (0xfc442703) lw      a4, -60(s0)
core   0: 3 0x000000008000fec2 (0xfc442703) x14 0x0000000000000000 mem 0x0000000080031f34
core   0: 0x000000008000fec6 (0x0ff77713) andi    a4, a4, 255
core   0: 3 0x000000008000fec6 (0x0ff77713) x14 0x0000000000000000
core   0: 0x000000008000feca (0x00e78023) sb      a4, 0(a5)
core   0: 3 0x000000008000feca (0x00e78023) mem 0x00000000800120aa 0x00
core   0: 0x000000008000fece (0xfc843703) ld      a4, -56(s0)
core   0: 3 0x000000008000fece (0xfc843703) x14 0x0000000080012040 mem 0x0000000080031f38
core   0: 0x000000008000fed2 (0xfb843783) ld      a5, -72(s0)
core   0: 3 0x000000008000fed2 (0xfb843783) x15 0x000000000000009c mem 0x0000000080031f28
core   0: 0x000000008000fed6 (0x000097ba) c.add   a5, a4
core   0: 3 0x000000008000fed6 (0x97ba) x15 0x00000000800120dc
core   0: 0x000000008000fed8 (0xfe043703) ld      a4, -32(s0)
core   0: 3 0x000000008000fed8 (0xfe043703) x14 0x00000000800120ab mem 0x0000000080031f50
core   0: 0x000000008000fedc (0xfcf76de3) bltu    a4, a5, pc - 38
core   0: 3 0x000000008000fedc (0xfcf76de3)
core   0: 0x000000008000feb6 (0xfe043783) ld      a5, -32(s0)
core   0: 3 0x000000008000feb6 (0xfe043783) x15 0x00000000800120ab mem 0x0000000080031f50
core   0: 0x000000008000feba (0x00178713) addi    a4, a5, 1
core   0: 3 0x000000008000feba (0x00178713) x14 0x00000000800120ac
core   0: 0x000000008000febe (0xfee43023) sd      a4, -32(s0)
core   0: 3 0x000000008000febe (0xfee43023) mem 0x0000000080031f50 0x00000000800120ac
core   0: 0x000000008000fec2 (0xfc442703) lw      a4, -60(s0)
core   0: 3 0x000000008000fec2 (0xfc442703) x14 0x0000000000000000 mem 0x0000000080031f34
core   0: 0x000000008000fec6 (0x0ff77713) andi    a4, a4, 255
core   0: 3 0x000000008000fec6 (0x0ff77713) x14 0x0000000000000000
core   0: 0x000000008000feca (0x00e78023) sb      a4, 0(a5)
core   0: 3 0x000000008000feca (0x00e78023) mem 0x00000000800120ab 0x00
core   0: 0x000000008000fece (0xfc843703) ld      a4, -56(s0)
core   0: 3 0x000000008000fece (0xfc843703) x14 0x0000000080012040 mem 0x0000000080031f38
core   0: 0x000000008000fed2 (0xfb843783) ld      a5, -72(s0)
core   0: 3 0x000000008000fed2 (0xfb843783) x15 0x000000000000009c mem 0x0000000080031f28
core   0: 0x000000008000fed6 (0x000097ba) c.add   a5, a4
core   0: 3 0x000000008000fed6 (0x97ba) x15 0x00000000800120dc
core   0: 0x000000008000fed8 (0xfe043703) ld      a4, -32(s0)
core   0: 3 0x000000008000fed8 (0xfe043703) x14 0x00000000800120ac mem 0x0000000080031f50
core   0: 0x000000008000fedc (0xfcf76de3) bltu    a4, a5, pc - 38
core   0: 3 0x000000008000fedc (0xfcf76de3)
core   0: 0x000000008000feb6 (0xfe043783) ld      a5, -32(s0)
core   0: 3 0x000000008000feb6 (0xfe043783) x15 0x00000000800120ac mem 0x0000000080031f50
core   0: 0x000000008000feba (0x00178713) addi    a4, a5, 1
core   0: 3 0x000000008000feba (0x00178713) x14 0x00000000800120ad
core   0: 0x000000008000febe (0xfee43023) sd      a4, -32(s0)
core   0: 3 0x000000008000febe (0xfee43023) mem 0x0000000080031f50 0x00000000800120ad
core   0: 0x000000008000fec2 (0xfc442703) lw      a4, -60(s0)
core   0: 3 0x000000008000fec2 (0xfc442703) x14 0x0000000000000000 mem 0x0000000080031f34
core   0: 0x000000008000fec6 (0x0ff77713) andi    a4, a4, 255
core   0: 3 0x000000008000fec6 (0x0ff77713) x14 0x0000000000000000
core   0: 0x000000008000feca (0x00e78023) sb      a4, 0(a5)
core   0: 3 0x000000008000feca (0x00e78023) mem 0x00000000800120ac 0x00
core   0: 0x000000008000fece (0xfc843703) ld      a4, -56(s0)
core   0: 3 0x000000008000fece (0xfc843703) x14 0x0000000080012040 mem 0x0000000080031f38
core   0: 0x000000008000fed2 (0xfb843783) ld      a5, -72(s0)
core   0: 3 0x000000008000fed2 (0xfb843783) x15 0x000000000000009c mem 0x0000000080031f28
core   0: 0x000000008000fed6 (0x000097ba) c.add   a5, a4
core   0: 3 0x000000008000fed6 (0x97ba) x15 0x00000000800120dc
core   0: 0x000000008000fed8 (0xfe043703) ld      a4, -32(s0)
core   0: 3 0x000000008000fed8 (0xfe043703) x14 0x00000000800120ad mem 0x0000000080031f50
core   0: 0x000000008000fedc (0xfcf76de3) bltu    a4, a5, pc - 38
core   0: 3 0x000000008000fedc (0xfcf76de3)
core   0: 0x000000008000feb6 (0xfe043783) ld      a5, -32(s0)
core   0: 3 0x000000008000feb6 (0xfe043783) x15 0x00000000800120ad mem 0x0000000080031f50
core   0: 0x000000008000feba (0x00178713) addi    a4, a5, 1
core   0: 3 0x000000008000feba (0x00178713) x14 0x00000000800120ae
core   0: 0x000000008000febe (0xfee43023) sd      a4, -32(s0)
core   0: 3 0x000000008000febe (0xfee43023) mem 0x0000000080031f50 0x00000000800120ae
core   0: 0x000000008000fec2 (0xfc442703) lw      a4, -60(s0)
core   0: 3 0x000000008000fec2 (0xfc442703) x14 0x0000000000000000 mem 0x0000000080031f34
core   0: 0x000000008000fec6 (0x0ff77713) andi    a4, a4, 255
core   0: 3 0x000000008000fec6 (0x0ff77713) x14 0x0000000000000000
core   0: 0x000000008000feca (0x00e78023) sb      a4, 0(a5)
core   0: 3 0x000000008000feca (0x00e78023) mem 0x00000000800120ad 0x00
core   0: 0x000000008000fece (0xfc843703) ld      a4, -56(s0)
core   0: 3 0x000000008000fece (0xfc843703) x14 0x0000000080012040 mem 0x0000000080031f38
core   0: 0x000000008000fed2 (0xfb843783) ld      a5, -72(s0)
core   0: 3 0x000000008000fed2 (0xfb843783) x15 0x000000000000009c mem 0x0000000080031f28
core   0: 0x000000008000fed6 (0x000097ba) c.add   a5, a4
core   0: 3 0x000000008000fed6 (0x97ba) x15 0x00000000800120dc
core   0: 0x000000008000fed8 (0xfe043703) ld      a4, -32(s0)
core   0: 3 0x000000008000fed8 (0xfe043703) x14 0x00000000800120ae mem 0x0000000080031f50
core   0: 0x000000008000fedc (0xfcf76de3) bltu    a4, a5, pc - 38
core   0: 3 0x000000008000fedc (0xfcf76de3)
core   0: 0x000000008000feb6 (0xfe043783) ld      a5, -32(s0)
core   0: 3 0x000000008000feb6 (0xfe043783) x15 0x00000000800120ae mem 0x0000000080031f50
core   0: 0x000000008000feba (0x00178713) addi    a4, a5, 1
core   0: 3 0x000000008000feba (0x00178713) x14 0x00000000800120af
core   0: 0x000000008000febe (0xfee43023) sd      a4, -32(s0)
core   0: 3 0x000000008000febe (0xfee43023) mem 0x0000000080031f50 0x00000000800120af
core   0: 0x000000008000fec2 (0xfc442703) lw      a4, -60(s0)
core   0: 3 0x000000008000fec2 (0xfc442703) x14 0x0000000000000000 mem 0x0000000080031f34
core   0: 0x000000008000fec6 (0x0ff77713) andi    a4, a4, 255
core   0: 3 0x000000008000fec6 (0x0ff77713) x14 0x0000000000000000
core   0: 0x000000008000feca (0x00e78023) sb      a4, 0(a5)
core   0: 3 0x000000008000feca (0x00e78023) mem 0x00000000800120ae 0x00
core   0: 0x000000008000fece (0xfc843703) ld      a4, -56(s0)
core   0: 3 0x000000008000fece (0xfc843703) x14 0x0000000080012040 mem 0x0000000080031f38
core   0: 0x000000008000fed2 (0xfb843783) ld      a5, -72(s0)
core   0: 3 0x000000008000fed2 (0xfb843783) x15 0x000000000000009c mem 0x0000000080031f28
core   0: 0x000000008000fed6 (0x000097ba) c.add   a5, a4
core   0: 3 0x000000008000fed6 (0x97ba) x15 0x00000000800120dc
core   0: 0x000000008000fed8 (0xfe043703) ld      a4, -32(s0)
core   0: 3 0x000000008000fed8 (0xfe043703) x14 0x00000000800120af mem 0x0000000080031f50
core   0: 0x000000008000fedc (0xfcf76de3) bltu    a4, a5, pc - 38
core   0: 3 0x000000008000fedc (0xfcf76de3)
core   0: 0x000000008000feb6 (0xfe043783) ld      a5, -32(s0)
core   0: 3 0x000000008000feb6 (0xfe043783) x15 0x00000000800120af mem 0x0000000080031f50
core   0: 0x000000008000feba (0x00178713) addi    a4, a5, 1
core   0: 3 0x000000008000feba (0x00178713) x14 0x00000000800120b0
core   0: 0x000000008000febe (0xfee43023) sd      a4, -32(s0)
core   0: 3 0x000000008000febe (0xfee43023) mem 0x0000000080031f50 0x00000000800120b0
core   0: 0x000000008000fec2 (0xfc442703) lw      a4, -60(s0)
core   0: 3 0x000000008000fec2 (0xfc442703) x14 0x0000000000000000 mem 0x0000000080031f34
core   0: 0x000000008000fec6 (0x0ff77713) andi    a4, a4, 255
core   0: 3 0x000000008000fec6 (0x0ff77713) x14 0x0000000000000000
core   0: 0x000000008000feca (0x00e78023) sb      a4, 0(a5)
core   0: 3 0x000000008000feca (0x00e78023) mem 0x00000000800120af 0x00
core   0: 0x000000008000fece (0xfc843703) ld      a4, -56(s0)
core   0: 3 0x000000008000fece (0xfc843703) x14 0x0000000080012040 mem 0x0000000080031f38
core   0: 0x000000008000fed2 (0xfb843783) ld      a5, -72(s0)
core   0: 3 0x000000008000fed2 (0xfb843783) x15 0x000000000000009c mem 0x0000000080031f28
core   0: 0x000000008000fed6 (0x000097ba) c.add   a5, a4
core   0: 3 0x000000008000fed6 (0x97ba) x15 0x00000000800120dc
core   0: 0x000000008000fed8 (0xfe043703) ld      a4, -32(s0)
core   0: 3 0x000000008000fed8 (0xfe043703) x14 0x00000000800120b0 mem 0x0000000080031f50
core   0: 0x000000008000fedc (0xfcf76de3) bltu    a4, a5, pc - 38
core   0: 3 0x000000008000fedc (0xfcf76de3)
core   0: 0x000000008000feb6 (0xfe043783) ld      a5, -32(s0)
core   0: 3 0x000000008000feb6 (0xfe043783) x15 0x00000000800120b0 mem 0x0000000080031f50
core   0: 0x000000008000feba (0x00178713) addi    a4, a5, 1
core   0: 3 0x000000008000feba (0x00178713) x14 0x00000000800120b1
core   0: 0x000000008000febe (0xfee43023) sd      a4, -32(s0)
core   0: 3 0x000000008000febe (0xfee43023) mem 0x0000000080031f50 0x00000000800120b1
core   0: 0x000000008000fec2 (0xfc442703) lw      a4, -60(s0)
core   0: 3 0x000000008000fec2 (0xfc442703) x14 0x0000000000000000 mem 0x0000000080031f34
core   0: 0x000000008000fec6 (0x0ff77713) andi    a4, a4, 255
core   0: 3 0x000000008000fec6 (0x0ff77713) x14 0x0000000000000000
core   0: 0x000000008000feca (0x00e78023) sb      a4, 0(a5)
core   0: 3 0x000000008000feca (0x00e78023) mem 0x00000000800120b0 0x00
core   0: 0x000000008000fece (0xfc843703) ld      a4, -56(s0)
core   0: 3 0x000000008000fece (0xfc843703) x14 0x0000000080012040 mem 0x0000000080031f38
core   0: 0x000000008000fed2 (0xfb843783) ld      a5, -72(s0)
core   0: 3 0x000000008000fed2 (0xfb843783) x15 0x000000000000009c mem 0x0000000080031f28
core   0: 0x000000008000fed6 (0x000097ba) c.add   a5, a4
core   0: 3 0x000000008000fed6 (0x97ba) x15 0x00000000800120dc
core   0: 0x000000008000fed8 (0xfe043703) ld      a4, -32(s0)
core   0: 3 0x000000008000fed8 (0xfe043703) x14 0x00000000800120b1 mem 0x0000000080031f50
core   0: 0x000000008000fedc (0xfcf76de3) bltu    a4, a5, pc - 38
core   0: 3 0x000000008000fedc (0xfcf76de3)
core   0: 0x000000008000feb6 (0xfe043783) ld      a5, -32(s0)
core   0: 3 0x000000008000feb6 (0xfe043783) x15 0x00000000800120b1 mem 0x0000000080031f50
core   0: 0x000000008000feba (0x00178713) addi    a4, a5, 1
core   0: 3 0x000000008000feba (0x00178713) x14 0x00000000800120b2
core   0: 0x000000008000febe (0xfee43023) sd      a4, -32(s0)
core   0: 3 0x000000008000febe (0xfee43023) mem 0x0000000080031f50 0x00000000800120b2
core   0: 0x000000008000fec2 (0xfc442703) lw      a4, -60(s0)
core   0: 3 0x000000008000fec2 (0xfc442703) x14 0x0000000000000000 mem 0x0000000080031f34
core   0: 0x000000008000fec6 (0x0ff77713) andi    a4, a4, 255
core   0: 3 0x000000008000fec6 (0x0ff77713) x14 0x0000000000000000
core   0: 0x000000008000feca (0x00e78023) sb      a4, 0(a5)
core   0: 3 0x000000008000feca (0x00e78023) mem 0x00000000800120b1 0x00
core   0: 0x000000008000fece (0xfc843703) ld      a4, -56(s0)
core   0: 3 0x000000008000fece (0xfc843703) x14 0x0000000080012040 mem 0x0000000080031f38
core   0: 0x000000008000fed2 (0xfb843783) ld      a5, -72(s0)
core   0: 3 0x000000008000fed2 (0xfb843783) x15 0x000000000000009c mem 0x0000000080031f28
core   0: 0x000000008000fed6 (0x000097ba) c.add   a5, a4
core   0: 3 0x000000008000fed6 (0x97ba) x15 0x00000000800120dc
core   0: 0x000000008000fed8 (0xfe043703) ld      a4, -32(s0)
core   0: 3 0x000000008000fed8 (0xfe043703) x14 0x00000000800120b2 mem 0x0000000080031f50
core   0: 0x000000008000fedc (0xfcf76de3) bltu    a4, a5, pc - 38
core   0: 3 0x000000008000fedc (0xfcf76de3)
core   0: 0x000000008000feb6 (0xfe043783) ld      a5, -32(s0)
core   0: 3 0x000000008000feb6 (0xfe043783) x15 0x00000000800120b2 mem 0x0000000080031f50
core   0: 0x000000008000feba (0x00178713) addi    a4, a5, 1
core   0: 3 0x000000008000feba (0x00178713) x14 0x00000000800120b3
core   0: 0x000000008000febe (0xfee43023) sd      a4, -32(s0)
core   0: 3 0x000000008000febe (0xfee43023) mem 0x0000000080031f50 0x00000000800120b3
core   0: 0x000000008000fec2 (0xfc442703) lw      a4, -60(s0)
core   0: 3 0x000000008000fec2 (0xfc442703) x14 0x0000000000000000 mem 0x0000000080031f34
core   0: 0x000000008000fec6 (0x0ff77713) andi    a4, a4, 255
core   0: 3 0x000000008000fec6 (0x0ff77713) x14 0x0000000000000000
core   0: 0x000000008000feca (0x00e78023) sb      a4, 0(a5)
core   0: 3 0x000000008000feca (0x00e78023) mem 0x00000000800120b2 0x00
core   0: 0x000000008000fece (0xfc843703) ld      a4, -56(s0)
core   0: 3 0x000000008000fece (0xfc843703) x14 0x0000000080012040 mem 0x0000000080031f38
core   0: 0x000000008000fed2 (0xfb843783) ld      a5, -72(s0)
core   0: 3 0x000000008000fed2 (0xfb843783) x15 0x000000000000009c mem 0x0000000080031f28
core   0: 0x000000008000fed6 (0x000097ba) c.add   a5, a4
core   0: 3 0x000000008000fed6 (0x97ba) x15 0x00000000800120dc
core   0: 0x000000008000fed8 (0xfe043703) ld      a4, -32(s0)
core   0: 3 0x000000008000fed8 (0xfe043703) x14 0x00000000800120b3 mem 0x0000000080031f50
core   0: 0x000000008000fedc (0xfcf76de3) bltu    a4, a5, pc - 38
core   0: 3 0x000000008000fedc (0xfcf76de3)
core   0: 0x000000008000feb6 (0xfe043783) ld      a5, -32(s0)
core   0: 3 0x000000008000feb6 (0xfe043783) x15 0x00000000800120b3 mem 0x0000000080031f50
core   0: 0x000000008000feba (0x00178713) addi    a4, a5, 1
core   0: 3 0x000000008000feba (0x00178713) x14 0x00000000800120b4
core   0: 0x000000008000febe (0xfee43023) sd      a4, -32(s0)
core   0: 3 0x000000008000febe (0xfee43023) mem 0x0000000080031f50 0x00000000800120b4
core   0: 0x000000008000fec2 (0xfc442703) lw      a4, -60(s0)
core   0: 3 0x000000008000fec2 (0xfc442703) x14 0x0000000000000000 mem 0x0000000080031f34
core   0: 0x000000008000fec6 (0x0ff77713) andi    a4, a4, 255
core   0: 3 0x000000008000fec6 (0x0ff77713) x14 0x0000000000000000
core   0: 0x000000008000feca (0x00e78023) sb      a4, 0(a5)
core   0: 3 0x000000008000feca (0x00e78023) mem 0x00000000800120b3 0x00
core   0: 0x000000008000fece (0xfc843703) ld      a4, -56(s0)
core   0: 3 0x000000008000fece (0xfc843703) x14 0x0000000080012040 mem 0x0000000080031f38
core   0: 0x000000008000fed2 (0xfb843783) ld      a5, -72(s0)
core   0: 3 0x000000008000fed2 (0xfb843783) x15 0x000000000000009c mem 0x0000000080031f28
core   0: 0x000000008000fed6 (0x000097ba) c.add   a5, a4
core   0: 3 0x000000008000fed6 (0x97ba) x15 0x00000000800120dc
core   0: 0x000000008000fed8 (0xfe043703) ld      a4, -32(s0)
core   0: 3 0x000000008000fed8 (0xfe043703) x14 0x00000000800120b4 mem 0x0000000080031f50
core   0: 0x000000008000fedc (0xfcf76de3) bltu    a4, a5, pc - 38
core   0: 3 0x000000008000fedc (0xfcf76de3)
core   0: 0x000000008000feb6 (0xfe043783) ld      a5, -32(s0)
core   0: 3 0x000000008000feb6 (0xfe043783) x15 0x00000000800120b4 mem 0x0000000080031f50
core   0: 0x000000008000feba (0x00178713) addi    a4, a5, 1
core   0: 3 0x000000008000feba (0x00178713) x14 0x00000000800120b5
core   0: 0x000000008000febe (0xfee43023) sd      a4, -32(s0)
core   0: 3 0x000000008000febe (0xfee43023) mem 0x0000000080031f50 0x00000000800120b5
core   0: 0x000000008000fec2 (0xfc442703) lw      a4, -60(s0)
core   0: 3 0x000000008000fec2 (0xfc442703) x14 0x0000000000000000 mem 0x0000000080031f34
core   0: 0x000000008000fec6 (0x0ff77713) andi    a4, a4, 255
core   0: 3 0x000000008000fec6 (0x0ff77713) x14 0x0000000000000000
core   0: 0x000000008000feca (0x00e78023) sb      a4, 0(a5)
core   0: 3 0x000000008000feca (0x00e78023) mem 0x00000000800120b4 0x00
core   0: 0x000000008000fece (0xfc843703) ld      a4, -56(s0)
core   0: 3 0x000000008000fece (0xfc843703) x14 0x0000000080012040 mem 0x0000000080031f38
core   0: 0x000000008000fed2 (0xfb843783) ld      a5, -72(s0)
core   0: 3 0x000000008000fed2 (0xfb843783) x15 0x000000000000009c mem 0x0000000080031f28
core   0: 0x000000008000fed6 (0x000097ba) c.add   a5, a4
core   0: 3 0x000000008000fed6 (0x97ba) x15 0x00000000800120dc
core   0: 0x000000008000fed8 (0xfe043703) ld      a4, -32(s0)
core   0: 3 0x000000008000fed8 (0xfe043703) x14 0x00000000800120b5 mem 0x0000000080031f50
core   0: 0x000000008000fedc (0xfcf76de3) bltu    a4, a5, pc - 38
core   0: 3 0x000000008000fedc (0xfcf76de3)
core   0: 0x000000008000feb6 (0xfe043783) ld      a5, -32(s0)
core   0: 3 0x000000008000feb6 (0xfe043783) x15 0x00000000800120b5 mem 0x0000000080031f50
core   0: 0x000000008000feba (0x00178713) addi    a4, a5, 1
core   0: 3 0x000000008000feba (0x00178713) x14 0x00000000800120b6
core   0: 0x000000008000febe (0xfee43023) sd      a4, -32(s0)
core   0: 3 0x000000008000febe (0xfee43023) mem 0x0000000080031f50 0x00000000800120b6
core   0: 0x000000008000fec2 (0xfc442703) lw      a4, -60(s0)
core   0: 3 0x000000008000fec2 (0xfc442703) x14 0x0000000000000000 mem 0x0000000080031f34
core   0: 0x000000008000fec6 (0x0ff77713) andi    a4, a4, 255
core   0: 3 0x000000008000fec6 (0x0ff77713) x14 0x0000000000000000
core   0: 0x000000008000feca (0x00e78023) sb      a4, 0(a5)
core   0: 3 0x000000008000feca (0x00e78023) mem 0x00000000800120b5 0x00
core   0: 0x000000008000fece (0xfc843703) ld      a4, -56(s0)
core   0: 3 0x000000008000fece (0xfc843703) x14 0x0000000080012040 mem 0x0000000080031f38
core   0: 0x000000008000fed2 (0xfb843783) ld      a5, -72(s0)
core   0: 3 0x000000008000fed2 (0xfb843783) x15 0x000000000000009c mem 0x0000000080031f28
core   0: 0x000000008000fed6 (0x000097ba) c.add   a5, a4
core   0: 3 0x000000008000fed6 (0x97ba) x15 0x00000000800120dc
core   0: 0x000000008000fed8 (0xfe043703) ld      a4, -32(s0)
core   0: 3 0x000000008000fed8 (0xfe043703) x14 0x00000000800120b6 mem 0x0000000080031f50
core   0: 0x000000008000fedc (0xfcf76de3) bltu    a4, a5, pc - 38
core   0: 3 0x000000008000fedc (0xfcf76de3)
core   0: 0x000000008000feb6 (0xfe043783) ld      a5, -32(s0)
core   0: 3 0x000000008000feb6 (0xfe043783) x15 0x00000000800120b6 mem 0x0000000080031f50
core   0: 0x000000008000feba (0x00178713) addi    a4, a5, 1
core   0: 3 0x000000008000feba (0x00178713) x14 0x00000000800120b7
core   0: 0x000000008000febe (0xfee43023) sd      a4, -32(s0)
core   0: 3 0x000000008000febe (0xfee43023) mem 0x0000000080031f50 0x00000000800120b7
core   0: 0x000000008000fec2 (0xfc442703) lw      a4, -60(s0)
core   0: 3 0x000000008000fec2 (0xfc442703) x14 0x0000000000000000 mem 0x0000000080031f34
core   0: 0x000000008000fec6 (0x0ff77713) andi    a4, a4, 255
core   0: 3 0x000000008000fec6 (0x0ff77713) x14 0x0000000000000000
core   0: 0x000000008000feca (0x00e78023) sb      a4, 0(a5)
core   0: 3 0x000000008000feca (0x00e78023) mem 0x00000000800120b6 0x00
core   0: 0x000000008000fece (0xfc843703) ld      a4, -56(s0)
core   0: 3 0x000000008000fece (0xfc843703) x14 0x0000000080012040 mem 0x0000000080031f38
core   0: 0x000000008000fed2 (0xfb843783) ld      a5, -72(s0)
core   0: 3 0x000000008000fed2 (0xfb843783) x15 0x000000000000009c mem 0x0000000080031f28
core   0: 0x000000008000fed6 (0x000097ba) c.add   a5, a4
core   0: 3 0x000000008000fed6 (0x97ba) x15 0x00000000800120dc
core   0: 0x000000008000fed8 (0xfe043703) ld      a4, -32(s0)
core   0: 3 0x000000008000fed8 (0xfe043703) x14 0x00000000800120b7 mem 0x0000000080031f50
core   0: 0x000000008000fedc (0xfcf76de3) bltu    a4, a5, pc - 38
core   0: 3 0x000000008000fedc (0xfcf76de3)
core   0: 0x000000008000feb6 (0xfe043783) ld      a5, -32(s0)
core   0: 3 0x000000008000feb6 (0xfe043783) x15 0x00000000800120b7 mem 0x0000000080031f50
core   0: 0x000000008000feba (0x00178713) addi    a4, a5, 1
core   0: 3 0x000000008000feba (0x00178713) x14 0x00000000800120b8
core   0: 0x000000008000febe (0xfee43023) sd      a4, -32(s0)
core   0: 3 0x000000008000febe (0xfee43023) mem 0x0000000080031f50 0x00000000800120b8
core   0: 0x000000008000fec2 (0xfc442703) lw      a4, -60(s0)
core   0: 3 0x000000008000fec2 (0xfc442703) x14 0x0000000000000000 mem 0x0000000080031f34
core   0: 0x000000008000fec6 (0x0ff77713) andi    a4, a4, 255
core   0: 3 0x000000008000fec6 (0x0ff77713) x14 0x0000000000000000
core   0: 0x000000008000feca (0x00e78023) sb      a4, 0(a5)
core   0: 3 0x000000008000feca (0x00e78023) mem 0x00000000800120b7 0x00
core   0: 0x000000008000fece (0xfc843703) ld      a4, -56(s0)
core   0: 3 0x000000008000fece (0xfc843703) x14 0x0000000080012040 mem 0x0000000080031f38
core   0: 0x000000008000fed2 (0xfb843783) ld      a5, -72(s0)
core   0: 3 0x000000008000fed2 (0xfb843783) x15 0x000000000000009c mem 0x0000000080031f28
core   0: 0x000000008000fed6 (0x000097ba) c.add   a5, a4
core   0: 3 0x000000008000fed6 (0x97ba) x15 0x00000000800120dc
core   0: 0x000000008000fed8 (0xfe043703) ld      a4, -32(s0)
core   0: 3 0x000000008000fed8 (0xfe043703) x14 0x00000000800120b8 mem 0x0000000080031f50
core   0: 0x000000008000fedc (0xfcf76de3) bltu    a4, a5, pc - 38
core   0: 3 0x000000008000fedc (0xfcf76de3)
core   0: 0x000000008000feb6 (0xfe043783) ld      a5, -32(s0)
core   0: 3 0x000000008000feb6 (0xfe043783) x15 0x00000000800120b8 mem 0x0000000080031f50
core   0: 0x000000008000feba (0x00178713) addi    a4, a5, 1
core   0: 3 0x000000008000feba (0x00178713) x14 0x00000000800120b9
core   0: 0x000000008000febe (0xfee43023) sd      a4, -32(s0)
core   0: 3 0x000000008000febe (0xfee43023) mem 0x0000000080031f50 0x00000000800120b9
core   0: 0x000000008000fec2 (0xfc442703) lw      a4, -60(s0)
core   0: 3 0x000000008000fec2 (0xfc442703) x14 0x0000000000000000 mem 0x0000000080031f34
core   0: 0x000000008000fec6 (0x0ff77713) andi    a4, a4, 255
core   0: 3 0x000000008000fec6 (0x0ff77713) x14 0x0000000000000000
core   0: 0x000000008000feca (0x00e78023) sb      a4, 0(a5)
core   0: 3 0x000000008000feca (0x00e78023) mem 0x00000000800120b8 0x00
core   0: 0x000000008000fece (0xfc843703) ld      a4, -56(s0)
core   0: 3 0x000000008000fece (0xfc843703) x14 0x0000000080012040 mem 0x0000000080031f38
core   0: 0x000000008000fed2 (0xfb843783) ld      a5, -72(s0)
core   0: 3 0x000000008000fed2 (0xfb843783) x15 0x000000000000009c mem 0x0000000080031f28
core   0: 0x000000008000fed6 (0x000097ba) c.add   a5, a4
core   0: 3 0x000000008000fed6 (0x97ba) x15 0x00000000800120dc
core   0: 0x000000008000fed8 (0xfe043703) ld      a4, -32(s0)
core   0: 3 0x000000008000fed8 (0xfe043703) x14 0x00000000800120b9 mem 0x0000000080031f50
core   0: 0x000000008000fedc (0xfcf76de3) bltu    a4, a5, pc - 38
core   0: 3 0x000000008000fedc (0xfcf76de3)
core   0: 0x000000008000feb6 (0xfe043783) ld      a5, -32(s0)
core   0: 3 0x000000008000feb6 (0xfe043783) x15 0x00000000800120b9 mem 0x0000000080031f50
core   0: 0x000000008000feba (0x00178713) addi    a4, a5, 1
core   0: 3 0x000000008000feba (0x00178713) x14 0x00000000800120ba
core   0: 0x000000008000febe (0xfee43023) sd      a4, -32(s0)
core   0: 3 0x000000008000febe (0xfee43023) mem 0x0000000080031f50 0x00000000800120ba
core   0: 0x000000008000fec2 (0xfc442703) lw      a4, -60(s0)
core   0: 3 0x000000008000fec2 (0xfc442703) x14 0x0000000000000000 mem 0x0000000080031f34
core   0: 0x000000008000fec6 (0x0ff77713) andi    a4, a4, 255
core   0: 3 0x000000008000fec6 (0x0ff77713) x14 0x0000000000000000
core   0: 0x000000008000feca (0x00e78023) sb      a4, 0(a5)
core   0: 3 0x000000008000feca (0x00e78023) mem 0x00000000800120b9 0x00
core   0: 0x000000008000fece (0xfc843703) ld      a4, -56(s0)
core   0: 3 0x000000008000fece (0xfc843703) x14 0x0000000080012040 mem 0x0000000080031f38
core   0: 0x000000008000fed2 (0xfb843783) ld      a5, -72(s0)
core   0: 3 0x000000008000fed2 (0xfb843783) x15 0x000000000000009c mem 0x0000000080031f28
core   0: 0x000000008000fed6 (0x000097ba) c.add   a5, a4
core   0: 3 0x000000008000fed6 (0x97ba) x15 0x00000000800120dc
core   0: 0x000000008000fed8 (0xfe043703) ld      a4, -32(s0)
core   0: 3 0x000000008000fed8 (0xfe043703) x14 0x00000000800120ba mem 0x0000000080031f50
core   0: 0x000000008000fedc (0xfcf76de3) bltu    a4, a5, pc - 38
core   0: 3 0x000000008000fedc (0xfcf76de3)
core   0: 0x000000008000feb6 (0xfe043783) ld      a5, -32(s0)
core   0: 3 0x000000008000feb6 (0xfe043783) x15 0x00000000800120ba mem 0x0000000080031f50
core   0: 0x000000008000feba (0x00178713) addi    a4, a5, 1
core   0: 3 0x000000008000feba (0x00178713) x14 0x00000000800120bb
core   0: 0x000000008000febe (0xfee43023) sd      a4, -32(s0)
core   0: 3 0x000000008000febe (0xfee43023) mem 0x0000000080031f50 0x00000000800120bb
core   0: 0x000000008000fec2 (0xfc442703) lw      a4, -60(s0)
core   0: 3 0x000000008000fec2 (0xfc442703) x14 0x0000000000000000 mem 0x0000000080031f34
core   0: 0x000000008000fec6 (0x0ff77713) andi    a4, a4, 255
core   0: 3 0x000000008000fec6 (0x0ff77713) x14 0x0000000000000000
core   0: 0x000000008000feca (0x00e78023) sb      a4, 0(a5)
core   0: 3 0x000000008000feca (0x00e78023) mem 0x00000000800120ba 0x00
core   0: 0x000000008000fece (0xfc843703) ld      a4, -56(s0)
core   0: 3 0x000000008000fece (0xfc843703) x14 0x0000000080012040 mem 0x0000000080031f38
core   0: 0x000000008000fed2 (0xfb843783) ld      a5, -72(s0)
core   0: 3 0x000000008000fed2 (0xfb843783) x15 0x000000000000009c mem 0x0000000080031f28
core   0: 0x000000008000fed6 (0x000097ba) c.add   a5, a4
core   0: 3 0x000000008000fed6 (0x97ba) x15 0x00000000800120dc
core   0: 0x000000008000fed8 (0xfe043703) ld      a4, -32(s0)
core   0: 3 0x000000008000fed8 (0xfe043703) x14 0x00000000800120bb mem 0x0000000080031f50
core   0: 0x000000008000fedc (0xfcf76de3) bltu    a4, a5, pc - 38
core   0: 3 0x000000008000fedc (0xfcf76de3)
core   0: 0x000000008000feb6 (0xfe043783) ld      a5, -32(s0)
core   0: 3 0x000000008000feb6 (0xfe043783) x15 0x00000000800120bb mem 0x0000000080031f50
core   0: 0x000000008000feba (0x00178713) addi    a4, a5, 1
core   0: 3 0x000000008000feba (0x00178713) x14 0x00000000800120bc
core   0: 0x000000008000febe (0xfee43023) sd      a4, -32(s0)
core   0: 3 0x000000008000febe (0xfee43023) mem 0x0000000080031f50 0x00000000800120bc
core   0: 0x000000008000fec2 (0xfc442703) lw      a4, -60(s0)
core   0: 3 0x000000008000fec2 (0xfc442703) x14 0x0000000000000000 mem 0x0000000080031f34
core   0: 0x000000008000fec6 (0x0ff77713) andi    a4, a4, 255
core   0: 3 0x000000008000fec6 (0x0ff77713) x14 0x0000000000000000
core   0: 0x000000008000feca (0x00e78023) sb      a4, 0(a5)
core   0: 3 0x000000008000feca (0x00e78023) mem 0x00000000800120bb 0x00
core   0: 0x000000008000fece (0xfc843703) ld      a4, -56(s0)
core   0: 3 0x000000008000fece (0xfc843703) x14 0x0000000080012040 mem 0x0000000080031f38
core   0: 0x000000008000fed2 (0xfb843783) ld      a5, -72(s0)
core   0: 3 0x000000008000fed2 (0xfb843783) x15 0x000000000000009c mem 0x0000000080031f28
core   0: 0x000000008000fed6 (0x000097ba) c.add   a5, a4
core   0: 3 0x000000008000fed6 (0x97ba) x15 0x00000000800120dc
core   0: 0x000000008000fed8 (0xfe043703) ld      a4, -32(s0)
core   0: 3 0x000000008000fed8 (0xfe043703) x14 0x00000000800120bc mem 0x0000000080031f50
core   0: 0x000000008000fedc (0xfcf76de3) bltu    a4, a5, pc - 38
core   0: 3 0x000000008000fedc (0xfcf76de3)
core   0: 0x000000008000feb6 (0xfe043783) ld      a5, -32(s0)
core   0: 3 0x000000008000feb6 (0xfe043783) x15 0x00000000800120bc mem 0x0000000080031f50
core   0: 0x000000008000feba (0x00178713) addi    a4, a5, 1
core   0: 3 0x000000008000feba (0x00178713) x14 0x00000000800120bd
core   0: 0x000000008000febe (0xfee43023) sd      a4, -32(s0)
core   0: 3 0x000000008000febe (0xfee43023) mem 0x0000000080031f50 0x00000000800120bd
core   0: 0x000000008000fec2 (0xfc442703) lw      a4, -60(s0)
core   0: 3 0x000000008000fec2 (0xfc442703) x14 0x0000000000000000 mem 0x0000000080031f34
core   0: 0x000000008000fec6 (0x0ff77713) andi    a4, a4, 255
core   0: 3 0x000000008000fec6 (0x0ff77713) x14 0x0000000000000000
core   0: 0x000000008000feca (0x00e78023) sb      a4, 0(a5)
core   0: 3 0x000000008000feca (0x00e78023) mem 0x00000000800120bc 0x00
core   0: 0x000000008000fece (0xfc843703) ld      a4, -56(s0)
core   0: 3 0x000000008000fece (0xfc843703) x14 0x0000000080012040 mem 0x0000000080031f38
core   0: 0x000000008000fed2 (0xfb843783) ld      a5, -72(s0)
core   0: 3 0x000000008000fed2 (0xfb843783) x15 0x000000000000009c mem 0x0000000080031f28
core   0: 0x000000008000fed6 (0x000097ba) c.add   a5, a4
core   0: 3 0x000000008000fed6 (0x97ba) x15 0x00000000800120dc
core   0: 0x000000008000fed8 (0xfe043703) ld      a4, -32(s0)
core   0: 3 0x000000008000fed8 (0xfe043703) x14 0x00000000800120bd mem 0x0000000080031f50
core   0: 0x000000008000fedc (0xfcf76de3) bltu    a4, a5, pc - 38
core   0: 3 0x000000008000fedc (0xfcf76de3)
core   0: 0x000000008000feb6 (0xfe043783) ld      a5, -32(s0)
core   0: 3 0x000000008000feb6 (0xfe043783) x15 0x00000000800120bd mem 0x0000000080031f50
core   0: 0x000000008000feba (0x00178713) addi    a4, a5, 1
core   0: 3 0x000000008000feba (0x00178713) x14 0x00000000800120be
core   0: 0x000000008000febe (0xfee43023) sd      a4, -32(s0)
core   0: 3 0x000000008000febe (0xfee43023) mem 0x0000000080031f50 0x00000000800120be
core   0: 0x000000008000fec2 (0xfc442703) lw      a4, -60(s0)
core   0: 3 0x000000008000fec2 (0xfc442703) x14 0x0000000000000000 mem 0x0000000080031f34
core   0: 0x000000008000fec6 (0x0ff77713) andi    a4, a4, 255
core   0: 3 0x000000008000fec6 (0x0ff77713) x14 0x0000000000000000
core   0: 0x000000008000feca (0x00e78023) sb      a4, 0(a5)
core   0: 3 0x000000008000feca (0x00e78023) mem 0x00000000800120bd 0x00
core   0: 0x000000008000fece (0xfc843703) ld      a4, -56(s0)
core   0: 3 0x000000008000fece (0xfc843703) x14 0x0000000080012040 mem 0x0000000080031f38
core   0: 0x000000008000fed2 (0xfb843783) ld      a5, -72(s0)
core   0: 3 0x000000008000fed2 (0xfb843783) x15 0x000000000000009c mem 0x0000000080031f28
core   0: 0x000000008000fed6 (0x000097ba) c.add   a5, a4
core   0: 3 0x000000008000fed6 (0x97ba) x15 0x00000000800120dc
core   0: 0x000000008000fed8 (0xfe043703) ld      a4, -32(s0)
core   0: 3 0x000000008000fed8 (0xfe043703) x14 0x00000000800120be mem 0x0000000080031f50
core   0: 0x000000008000fedc (0xfcf76de3) bltu    a4, a5, pc - 38
core   0: 3 0x000000008000fedc (0xfcf76de3)
core   0: 0x000000008000feb6 (0xfe043783) ld      a5, -32(s0)
core   0: 3 0x000000008000feb6 (0xfe043783) x15 0x00000000800120be mem 0x0000000080031f50
core   0: 0x000000008000feba (0x00178713) addi    a4, a5, 1
core   0: 3 0x000000008000feba (0x00178713) x14 0x00000000800120bf
core   0: 0x000000008000febe (0xfee43023) sd      a4, -32(s0)
core   0: 3 0x000000008000febe (0xfee43023) mem 0x0000000080031f50 0x00000000800120bf
core   0: 0x000000008000fec2 (0xfc442703) lw      a4, -60(s0)
core   0: 3 0x000000008000fec2 (0xfc442703) x14 0x0000000000000000 mem 0x0000000080031f34
core   0: 0x000000008000fec6 (0x0ff77713) andi    a4, a4, 255
core   0: 3 0x000000008000fec6 (0x0ff77713) x14 0x0000000000000000
core   0: 0x000000008000feca (0x00e78023) sb      a4, 0(a5)
core   0: 3 0x000000008000feca (0x00e78023) mem 0x00000000800120be 0x00
core   0: 0x000000008000fece (0xfc843703) ld      a4, -56(s0)
core   0: 3 0x000000008000fece (0xfc843703) x14 0x0000000080012040 mem 0x0000000080031f38
core   0: 0x000000008000fed2 (0xfb843783) ld      a5, -72(s0)
core   0: 3 0x000000008000fed2 (0xfb843783) x15 0x000000000000009c mem 0x0000000080031f28
core   0: 0x000000008000fed6 (0x000097ba) c.add   a5, a4
core   0: 3 0x000000008000fed6 (0x97ba) x15 0x00000000800120dc
core   0: 0x000000008000fed8 (0xfe043703) ld      a4, -32(s0)
core   0: 3 0x000000008000fed8 (0xfe043703) x14 0x00000000800120bf mem 0x0000000080031f50
core   0: 0x000000008000fedc (0xfcf76de3) bltu    a4, a5, pc - 38
core   0: 3 0x000000008000fedc (0xfcf76de3)
core   0: 0x000000008000feb6 (0xfe043783) ld      a5, -32(s0)
core   0: 3 0x000000008000feb6 (0xfe043783) x15 0x00000000800120bf mem 0x0000000080031f50
core   0: 0x000000008000feba (0x00178713) addi    a4, a5, 1
core   0: 3 0x000000008000feba (0x00178713) x14 0x00000000800120c0
core   0: 0x000000008000febe (0xfee43023) sd      a4, -32(s0)
core   0: 3 0x000000008000febe (0xfee43023) mem 0x0000000080031f50 0x00000000800120c0
core   0: 0x000000008000fec2 (0xfc442703) lw      a4, -60(s0)
core   0: 3 0x000000008000fec2 (0xfc442703) x14 0x0000000000000000 mem 0x0000000080031f34
core   0: 0x000000008000fec6 (0x0ff77713) andi    a4, a4, 255
core   0: 3 0x000000008000fec6 (0x0ff77713) x14 0x0000000000000000
core   0: 0x000000008000feca (0x00e78023) sb      a4, 0(a5)
core   0: 3 0x000000008000feca (0x00e78023) mem 0x00000000800120bf 0x00
core   0: 0x000000008000fece (0xfc843703) ld      a4, -56(s0)
core   0: 3 0x000000008000fece (0xfc843703) x14 0x0000000080012040 mem 0x0000000080031f38
core   0: 0x000000008000fed2 (0xfb843783) ld      a5, -72(s0)
core   0: 3 0x000000008000fed2 (0xfb843783) x15 0x000000000000009c mem 0x0000000080031f28
core   0: 0x000000008000fed6 (0x000097ba) c.add   a5, a4
core   0: 3 0x000000008000fed6 (0x97ba) x15 0x00000000800120dc
core   0: 0x000000008000fed8 (0xfe043703) ld      a4, -32(s0)
core   0: 3 0x000000008000fed8 (0xfe043703) x14 0x00000000800120c0 mem 0x0000000080031f50
core   0: 0x000000008000fedc (0xfcf76de3) bltu    a4, a5, pc - 38
core   0: 3 0x000000008000fedc (0xfcf76de3)
core   0: 0x000000008000feb6 (0xfe043783) ld      a5, -32(s0)
core   0: 3 0x000000008000feb6 (0xfe043783) x15 0x00000000800120c0 mem 0x0000000080031f50
core   0: 0x000000008000feba (0x00178713) addi    a4, a5, 1
core   0: 3 0x000000008000feba (0x00178713) x14 0x00000000800120c1
core   0: 0x000000008000febe (0xfee43023) sd      a4, -32(s0)
core   0: 3 0x000000008000febe (0xfee43023) mem 0x0000000080031f50 0x00000000800120c1
core   0: 0x000000008000fec2 (0xfc442703) lw      a4, -60(s0)
core   0: 3 0x000000008000fec2 (0xfc442703) x14 0x0000000000000000 mem 0x0000000080031f34
core   0: 0x000000008000fec6 (0x0ff77713) andi    a4, a4, 255
core   0: 3 0x000000008000fec6 (0x0ff77713) x14 0x0000000000000000
core   0: 0x000000008000feca (0x00e78023) sb      a4, 0(a5)
core   0: 3 0x000000008000feca (0x00e78023) mem 0x00000000800120c0 0x00
core   0: 0x000000008000fece (0xfc843703) ld      a4, -56(s0)
core   0: 3 0x000000008000fece (0xfc843703) x14 0x0000000080012040 mem 0x0000000080031f38
core   0: 0x000000008000fed2 (0xfb843783) ld      a5, -72(s0)
core   0: 3 0x000000008000fed2 (0xfb843783) x15 0x000000000000009c mem 0x0000000080031f28
core   0: 0x000000008000fed6 (0x000097ba) c.add   a5, a4
core   0: 3 0x000000008000fed6 (0x97ba) x15 0x00000000800120dc
core   0: 0x000000008000fed8 (0xfe043703) ld      a4, -32(s0)
core   0: 3 0x000000008000fed8 (0xfe043703) x14 0x00000000800120c1 mem 0x0000000080031f50
core   0: 0x000000008000fedc (0xfcf76de3) bltu    a4, a5, pc - 38
core   0: 3 0x000000008000fedc (0xfcf76de3)
core   0: 0x000000008000feb6 (0xfe043783) ld      a5, -32(s0)
core   0: 3 0x000000008000feb6 (0xfe043783) x15 0x00000000800120c1 mem 0x0000000080031f50
core   0: 0x000000008000feba (0x00178713) addi    a4, a5, 1
core   0: 3 0x000000008000feba (0x00178713) x14 0x00000000800120c2
core   0: 0x000000008000febe (0xfee43023) sd      a4, -32(s0)
core   0: 3 0x000000008000febe (0xfee43023) mem 0x0000000080031f50 0x00000000800120c2
core   0: 0x000000008000fec2 (0xfc442703) lw      a4, -60(s0)
core   0: 3 0x000000008000fec2 (0xfc442703) x14 0x0000000000000000 mem 0x0000000080031f34
core   0: 0x000000008000fec6 (0x0ff77713) andi    a4, a4, 255
core   0: 3 0x000000008000fec6 (0x0ff77713) x14 0x0000000000000000
core   0: 0x000000008000feca (0x00e78023) sb      a4, 0(a5)
core   0: 3 0x000000008000feca (0x00e78023) mem 0x00000000800120c1 0x00
core   0: 0x000000008000fece (0xfc843703) ld      a4, -56(s0)
core   0: 3 0x000000008000fece (0xfc843703) x14 0x0000000080012040 mem 0x0000000080031f38
core   0: 0x000000008000fed2 (0xfb843783) ld      a5, -72(s0)
core   0: 3 0x000000008000fed2 (0xfb843783) x15 0x000000000000009c mem 0x0000000080031f28
core   0: 0x000000008000fed6 (0x000097ba) c.add   a5, a4
core   0: 3 0x000000008000fed6 (0x97ba) x15 0x00000000800120dc
core   0: 0x000000008000fed8 (0xfe043703) ld      a4, -32(s0)
core   0: 3 0x000000008000fed8 (0xfe043703) x14 0x00000000800120c2 mem 0x0000000080031f50
core   0: 0x000000008000fedc (0xfcf76de3) bltu    a4, a5, pc - 38
core   0: 3 0x000000008000fedc (0xfcf76de3)
core   0: 0x000000008000feb6 (0xfe043783) ld      a5, -32(s0)
core   0: 3 0x000000008000feb6 (0xfe043783) x15 0x00000000800120c2 mem 0x0000000080031f50
core   0: 0x000000008000feba (0x00178713) addi    a4, a5, 1
core   0: 3 0x000000008000feba (0x00178713) x14 0x00000000800120c3
core   0: 0x000000008000febe (0xfee43023) sd      a4, -32(s0)
core   0: 3 0x000000008000febe (0xfee43023) mem 0x0000000080031f50 0x00000000800120c3
core   0: 0x000000008000fec2 (0xfc442703) lw      a4, -60(s0)
core   0: 3 0x000000008000fec2 (0xfc442703) x14 0x0000000000000000 mem 0x0000000080031f34
core   0: 0x000000008000fec6 (0x0ff77713) andi    a4, a4, 255
core   0: 3 0x000000008000fec6 (0x0ff77713) x14 0x0000000000000000
core   0: 0x000000008000feca (0x00e78023) sb      a4, 0(a5)
core   0: 3 0x000000008000feca (0x00e78023) mem 0x00000000800120c2 0x00
core   0: 0x000000008000fece (0xfc843703) ld      a4, -56(s0)
core   0: 3 0x000000008000fece (0xfc843703) x14 0x0000000080012040 mem 0x0000000080031f38
core   0: 0x000000008000fed2 (0xfb843783) ld      a5, -72(s0)
core   0: 3 0x000000008000fed2 (0xfb843783) x15 0x000000000000009c mem 0x0000000080031f28
core   0: 0x000000008000fed6 (0x000097ba) c.add   a5, a4
core   0: 3 0x000000008000fed6 (0x97ba) x15 0x00000000800120dc
core   0: 0x000000008000fed8 (0xfe043703) ld      a4, -32(s0)
core   0: 3 0x000000008000fed8 (0xfe043703) x14 0x00000000800120c3 mem 0x0000000080031f50
core   0: 0x000000008000fedc (0xfcf76de3) bltu    a4, a5, pc - 38
core   0: 3 0x000000008000fedc (0xfcf76de3)
core   0: 0x000000008000feb6 (0xfe043783) ld      a5, -32(s0)
core   0: 3 0x000000008000feb6 (0xfe043783) x15 0x00000000800120c3 mem 0x0000000080031f50
core   0: 0x000000008000feba (0x00178713) addi    a4, a5, 1
core   0: 3 0x000000008000feba (0x00178713) x14 0x00000000800120c4
core   0: 0x000000008000febe (0xfee43023) sd      a4, -32(s0)
core   0: 3 0x000000008000febe (0xfee43023) mem 0x0000000080031f50 0x00000000800120c4
core   0: 0x000000008000fec2 (0xfc442703) lw      a4, -60(s0)
core   0: 3 0x000000008000fec2 (0xfc442703) x14 0x0000000000000000 mem 0x0000000080031f34
core   0: 0x000000008000fec6 (0x0ff77713) andi    a4, a4, 255
core   0: 3 0x000000008000fec6 (0x0ff77713) x14 0x0000000000000000
core   0: 0x000000008000feca (0x00e78023) sb      a4, 0(a5)
core   0: 3 0x000000008000feca (0x00e78023) mem 0x00000000800120c3 0x00
core   0: 0x000000008000fece (0xfc843703) ld      a4, -56(s0)
core   0: 3 0x000000008000fece (0xfc843703) x14 0x0000000080012040 mem 0x0000000080031f38
core   0: 0x000000008000fed2 (0xfb843783) ld      a5, -72(s0)
core   0: 3 0x000000008000fed2 (0xfb843783) x15 0x000000000000009c mem 0x0000000080031f28
core   0: 0x000000008000fed6 (0x000097ba) c.add   a5, a4
core   0: 3 0x000000008000fed6 (0x97ba) x15 0x00000000800120dc
core   0: 0x000000008000fed8 (0xfe043703) ld      a4, -32(s0)
core   0: 3 0x000000008000fed8 (0xfe043703) x14 0x00000000800120c4 mem 0x0000000080031f50
core   0: 0x000000008000fedc (0xfcf76de3) bltu    a4, a5, pc - 38
core   0: 3 0x000000008000fedc (0xfcf76de3)
core   0: 0x000000008000feb6 (0xfe043783) ld      a5, -32(s0)
core   0: 3 0x000000008000feb6 (0xfe043783) x15 0x00000000800120c4 mem 0x0000000080031f50
core   0: 0x000000008000feba (0x00178713) addi    a4, a5, 1
core   0: 3 0x000000008000feba (0x00178713) x14 0x00000000800120c5
core   0: 0x000000008000febe (0xfee43023) sd      a4, -32(s0)
core   0: 3 0x000000008000febe (0xfee43023) mem 0x0000000080031f50 0x00000000800120c5
core   0: 0x000000008000fec2 (0xfc442703) lw      a4, -60(s0)
core   0: 3 0x000000008000fec2 (0xfc442703) x14 0x0000000000000000 mem 0x0000000080031f34
core   0: 0x000000008000fec6 (0x0ff77713) andi    a4, a4, 255
core   0: 3 0x000000008000fec6 (0x0ff77713) x14 0x0000000000000000
core   0: 0x000000008000feca (0x00e78023) sb      a4, 0(a5)
core   0: 3 0x000000008000feca (0x00e78023) mem 0x00000000800120c4 0x00
core   0: 0x000000008000fece (0xfc843703) ld      a4, -56(s0)
core   0: 3 0x000000008000fece (0xfc843703) x14 0x0000000080012040 mem 0x0000000080031f38
core   0: 0x000000008000fed2 (0xfb843783) ld      a5, -72(s0)
core   0: 3 0x000000008000fed2 (0xfb843783) x15 0x000000000000009c mem 0x0000000080031f28
core   0: 0x000000008000fed6 (0x000097ba) c.add   a5, a4
core   0: 3 0x000000008000fed6 (0x97ba) x15 0x00000000800120dc
core   0: 0x000000008000fed8 (0xfe043703) ld      a4, -32(s0)
core   0: 3 0x000000008000fed8 (0xfe043703) x14 0x00000000800120c5 mem 0x0000000080031f50
core   0: 0x000000008000fedc (0xfcf76de3) bltu    a4, a5, pc - 38
core   0: 3 0x000000008000fedc (0xfcf76de3)
core   0: 0x000000008000feb6 (0xfe043783) ld      a5, -32(s0)
core   0: 3 0x000000008000feb6 (0xfe043783) x15 0x00000000800120c5 mem 0x0000000080031f50
core   0: 0x000000008000feba (0x00178713) addi    a4, a5, 1
core   0: 3 0x000000008000feba (0x00178713) x14 0x00000000800120c6
core   0: 0x000000008000febe (0xfee43023) sd      a4, -32(s0)
core   0: 3 0x000000008000febe (0xfee43023) mem 0x0000000080031f50 0x00000000800120c6
core   0: 0x000000008000fec2 (0xfc442703) lw      a4, -60(s0)
core   0: 3 0x000000008000fec2 (0xfc442703) x14 0x0000000000000000 mem 0x0000000080031f34
core   0: 0x000000008000fec6 (0x0ff77713) andi    a4, a4, 255
core   0: 3 0x000000008000fec6 (0x0ff77713) x14 0x0000000000000000
core   0: 0x000000008000feca (0x00e78023) sb      a4, 0(a5)
core   0: 3 0x000000008000feca (0x00e78023) mem 0x00000000800120c5 0x00
core   0: 0x000000008000fece (0xfc843703) ld      a4, -56(s0)
core   0: 3 0x000000008000fece (0xfc843703) x14 0x0000000080012040 mem 0x0000000080031f38
core   0: 0x000000008000fed2 (0xfb843783) ld      a5, -72(s0)
core   0: 3 0x000000008000fed2 (0xfb843783) x15 0x000000000000009c mem 0x0000000080031f28
core   0: 0x000000008000fed6 (0x000097ba) c.add   a5, a4
core   0: 3 0x000000008000fed6 (0x97ba) x15 0x00000000800120dc
core   0: 0x000000008000fed8 (0xfe043703) ld      a4, -32(s0)
core   0: 3 0x000000008000fed8 (0xfe043703) x14 0x00000000800120c6 mem 0x0000000080031f50
core   0: 0x000000008000fedc (0xfcf76de3) bltu    a4, a5, pc - 38
core   0: 3 0x000000008000fedc (0xfcf76de3)
core   0: 0x000000008000feb6 (0xfe043783) ld      a5, -32(s0)
core   0: 3 0x000000008000feb6 (0xfe043783) x15 0x00000000800120c6 mem 0x0000000080031f50
core   0: 0x000000008000feba (0x00178713) addi    a4, a5, 1
core   0: 3 0x000000008000feba (0x00178713) x14 0x00000000800120c7
core   0: 0x000000008000febe (0xfee43023) sd      a4, -32(s0)
core   0: 3 0x000000008000febe (0xfee43023) mem 0x0000000080031f50 0x00000000800120c7
core   0: 0x000000008000fec2 (0xfc442703) lw      a4, -60(s0)
core   0: 3 0x000000008000fec2 (0xfc442703) x14 0x0000000000000000 mem 0x0000000080031f34
core   0: 0x000000008000fec6 (0x0ff77713) andi    a4, a4, 255
core   0: 3 0x000000008000fec6 (0x0ff77713) x14 0x0000000000000000
core   0: 0x000000008000feca (0x00e78023) sb      a4, 0(a5)
core   0: 3 0x000000008000feca (0x00e78023) mem 0x00000000800120c6 0x00
core   0: 0x000000008000fece (0xfc843703) ld      a4, -56(s0)
core   0: 3 0x000000008000fece (0xfc843703) x14 0x0000000080012040 mem 0x0000000080031f38
core   0: 0x000000008000fed2 (0xfb843783) ld      a5, -72(s0)
core   0: 3 0x000000008000fed2 (0xfb843783) x15 0x000000000000009c mem 0x0000000080031f28
core   0: 0x000000008000fed6 (0x000097ba) c.add   a5, a4
core   0: 3 0x000000008000fed6 (0x97ba) x15 0x00000000800120dc
core   0: 0x000000008000fed8 (0xfe043703) ld      a4, -32(s0)
core   0: 3 0x000000008000fed8 (0xfe043703) x14 0x00000000800120c7 mem 0x0000000080031f50
core   0: 0x000000008000fedc (0xfcf76de3) bltu    a4, a5, pc - 38
core   0: 3 0x000000008000fedc (0xfcf76de3)
core   0: 0x000000008000feb6 (0xfe043783) ld      a5, -32(s0)
core   0: 3 0x000000008000feb6 (0xfe043783) x15 0x00000000800120c7 mem 0x0000000080031f50
core   0: 0x000000008000feba (0x00178713) addi    a4, a5, 1
core   0: 3 0x000000008000feba (0x00178713) x14 0x00000000800120c8
core   0: 0x000000008000febe (0xfee43023) sd      a4, -32(s0)
core   0: 3 0x000000008000febe (0xfee43023) mem 0x0000000080031f50 0x00000000800120c8
core   0: 0x000000008000fec2 (0xfc442703) lw      a4, -60(s0)
core   0: 3 0x000000008000fec2 (0xfc442703) x14 0x0000000000000000 mem 0x0000000080031f34
core   0: 0x000000008000fec6 (0x0ff77713) andi    a4, a4, 255
core   0: 3 0x000000008000fec6 (0x0ff77713) x14 0x0000000000000000
core   0: 0x000000008000feca (0x00e78023) sb      a4, 0(a5)
core   0: 3 0x000000008000feca (0x00e78023) mem 0x00000000800120c7 0x00
core   0: 0x000000008000fece (0xfc843703) ld      a4, -56(s0)
core   0: 3 0x000000008000fece (0xfc843703) x14 0x0000000080012040 mem 0x0000000080031f38
core   0: 0x000000008000fed2 (0xfb843783) ld      a5, -72(s0)
core   0: 3 0x000000008000fed2 (0xfb843783) x15 0x000000000000009c mem 0x0000000080031f28
core   0: 0x000000008000fed6 (0x000097ba) c.add   a5, a4
core   0: 3 0x000000008000fed6 (0x97ba) x15 0x00000000800120dc
core   0: 0x000000008000fed8 (0xfe043703) ld      a4, -32(s0)
core   0: 3 0x000000008000fed8 (0xfe043703) x14 0x00000000800120c8 mem 0x0000000080031f50
core   0: 0x000000008000fedc (0xfcf76de3) bltu    a4, a5, pc - 38
core   0: 3 0x000000008000fedc (0xfcf76de3)
core   0: 0x000000008000feb6 (0xfe043783) ld      a5, -32(s0)
core   0: 3 0x000000008000feb6 (0xfe043783) x15 0x00000000800120c8 mem 0x0000000080031f50
core   0: 0x000000008000feba (0x00178713) addi    a4, a5, 1
core   0: 3 0x000000008000feba (0x00178713) x14 0x00000000800120c9
core   0: 0x000000008000febe (0xfee43023) sd      a4, -32(s0)
core   0: 3 0x000000008000febe (0xfee43023) mem 0x0000000080031f50 0x00000000800120c9
core   0: 0x000000008000fec2 (0xfc442703) lw      a4, -60(s0)
core   0: 3 0x000000008000fec2 (0xfc442703) x14 0x0000000000000000 mem 0x0000000080031f34
core   0: 0x000000008000fec6 (0x0ff77713) andi    a4, a4, 255
core   0: 3 0x000000008000fec6 (0x0ff77713) x14 0x0000000000000000
core   0: 0x000000008000feca (0x00e78023) sb      a4, 0(a5)
core   0: 3 0x000000008000feca (0x00e78023) mem 0x00000000800120c8 0x00
core   0: 0x000000008000fece (0xfc843703) ld      a4, -56(s0)
core   0: 3 0x000000008000fece (0xfc843703) x14 0x0000000080012040 mem 0x0000000080031f38
core   0: 0x000000008000fed2 (0xfb843783) ld      a5, -72(s0)
core   0: 3 0x000000008000fed2 (0xfb843783) x15 0x000000000000009c mem 0x0000000080031f28
core   0: 0x000000008000fed6 (0x000097ba) c.add   a5, a4
core   0: 3 0x000000008000fed6 (0x97ba) x15 0x00000000800120dc
core   0: 0x000000008000fed8 (0xfe043703) ld      a4, -32(s0)
core   0: 3 0x000000008000fed8 (0xfe043703) x14 0x00000000800120c9 mem 0x0000000080031f50
core   0: 0x000000008000fedc (0xfcf76de3) bltu    a4, a5, pc - 38
core   0: 3 0x000000008000fedc (0xfcf76de3)
core   0: 0x000000008000feb6 (0xfe043783) ld      a5, -32(s0)
core   0: 3 0x000000008000feb6 (0xfe043783) x15 0x00000000800120c9 mem 0x0000000080031f50
core   0: 0x000000008000feba (0x00178713) addi    a4, a5, 1
core   0: 3 0x000000008000feba (0x00178713) x14 0x00000000800120ca
core   0: 0x000000008000febe (0xfee43023) sd      a4, -32(s0)
core   0: 3 0x000000008000febe (0xfee43023) mem 0x0000000080031f50 0x00000000800120ca
core   0: 0x000000008000fec2 (0xfc442703) lw      a4, -60(s0)
core   0: 3 0x000000008000fec2 (0xfc442703) x14 0x0000000000000000 mem 0x0000000080031f34
core   0: 0x000000008000fec6 (0x0ff77713) andi    a4, a4, 255
core   0: 3 0x000000008000fec6 (0x0ff77713) x14 0x0000000000000000
core   0: 0x000000008000feca (0x00e78023) sb      a4, 0(a5)
core   0: 3 0x000000008000feca (0x00e78023) mem 0x00000000800120c9 0x00
core   0: 0x000000008000fece (0xfc843703) ld      a4, -56(s0)
core   0: 3 0x000000008000fece (0xfc843703) x14 0x0000000080012040 mem 0x0000000080031f38
core   0: 0x000000008000fed2 (0xfb843783) ld      a5, -72(s0)
core   0: 3 0x000000008000fed2 (0xfb843783) x15 0x000000000000009c mem 0x0000000080031f28
core   0: 0x000000008000fed6 (0x000097ba) c.add   a5, a4
core   0: 3 0x000000008000fed6 (0x97ba) x15 0x00000000800120dc
core   0: 0x000000008000fed8 (0xfe043703) ld      a4, -32(s0)
core   0: 3 0x000000008000fed8 (0xfe043703) x14 0x00000000800120ca mem 0x0000000080031f50
core   0: 0x000000008000fedc (0xfcf76de3) bltu    a4, a5, pc - 38
core   0: 3 0x000000008000fedc (0xfcf76de3)
core   0: 0x000000008000feb6 (0xfe043783) ld      a5, -32(s0)
core   0: 3 0x000000008000feb6 (0xfe043783) x15 0x00000000800120ca mem 0x0000000080031f50
core   0: 0x000000008000feba (0x00178713) addi    a4, a5, 1
core   0: 3 0x000000008000feba (0x00178713) x14 0x00000000800120cb
core   0: 0x000000008000febe (0xfee43023) sd      a4, -32(s0)
core   0: 3 0x000000008000febe (0xfee43023) mem 0x0000000080031f50 0x00000000800120cb
core   0: 0x000000008000fec2 (0xfc442703) lw      a4, -60(s0)
core   0: 3 0x000000008000fec2 (0xfc442703) x14 0x0000000000000000 mem 0x0000000080031f34
core   0: 0x000000008000fec6 (0x0ff77713) andi    a4, a4, 255
core   0: 3 0x000000008000fec6 (0x0ff77713) x14 0x0000000000000000
core   0: 0x000000008000feca (0x00e78023) sb      a4, 0(a5)
core   0: 3 0x000000008000feca (0x00e78023) mem 0x00000000800120ca 0x00
core   0: 0x000000008000fece (0xfc843703) ld      a4, -56(s0)
core   0: 3 0x000000008000fece (0xfc843703) x14 0x0000000080012040 mem 0x0000000080031f38
core   0: 0x000000008000fed2 (0xfb843783) ld      a5, -72(s0)
core   0: 3 0x000000008000fed2 (0xfb843783) x15 0x000000000000009c mem 0x0000000080031f28
core   0: 0x000000008000fed6 (0x000097ba) c.add   a5, a4
core   0: 3 0x000000008000fed6 (0x97ba) x15 0x00000000800120dc
core   0: 0x000000008000fed8 (0xfe043703) ld      a4, -32(s0)
core   0: 3 0x000000008000fed8 (0xfe043703) x14 0x00000000800120cb mem 0x0000000080031f50
core   0: 0x000000008000fedc (0xfcf76de3) bltu    a4, a5, pc - 38
core   0: 3 0x000000008000fedc (0xfcf76de3)
core   0: 0x000000008000feb6 (0xfe043783) ld      a5, -32(s0)
core   0: 3 0x000000008000feb6 (0xfe043783) x15 0x00000000800120cb mem 0x0000000080031f50
core   0: 0x000000008000feba (0x00178713) addi    a4, a5, 1
core   0: 3 0x000000008000feba (0x00178713) x14 0x00000000800120cc
core   0: 0x000000008000febe (0xfee43023) sd      a4, -32(s0)
core   0: 3 0x000000008000febe (0xfee43023) mem 0x0000000080031f50 0x00000000800120cc
core   0: 0x000000008000fec2 (0xfc442703) lw      a4, -60(s0)
core   0: 3 0x000000008000fec2 (0xfc442703) x14 0x0000000000000000 mem 0x0000000080031f34
core   0: 0x000000008000fec6 (0x0ff77713) andi    a4, a4, 255
core   0: 3 0x000000008000fec6 (0x0ff77713) x14 0x0000000000000000
core   0: 0x000000008000feca (0x00e78023) sb      a4, 0(a5)
core   0: 3 0x000000008000feca (0x00e78023) mem 0x00000000800120cb 0x00
core   0: 0x000000008000fece (0xfc843703) ld      a4, -56(s0)
core   0: 3 0x000000008000fece (0xfc843703) x14 0x0000000080012040 mem 0x0000000080031f38
core   0: 0x000000008000fed2 (0xfb843783) ld      a5, -72(s0)
core   0: 3 0x000000008000fed2 (0xfb843783) x15 0x000000000000009c mem 0x0000000080031f28
core   0: 0x000000008000fed6 (0x000097ba) c.add   a5, a4
core   0: 3 0x000000008000fed6 (0x97ba) x15 0x00000000800120dc
core   0: 0x000000008000fed8 (0xfe043703) ld      a4, -32(s0)
core   0: 3 0x000000008000fed8 (0xfe043703) x14 0x00000000800120cc mem 0x0000000080031f50
core   0: 0x000000008000fedc (0xfcf76de3) bltu    a4, a5, pc - 38
core   0: 3 0x000000008000fedc (0xfcf76de3)
core   0: 0x000000008000feb6 (0xfe043783) ld      a5, -32(s0)
core   0: 3 0x000000008000feb6 (0xfe043783) x15 0x00000000800120cc mem 0x0000000080031f50
core   0: 0x000000008000feba (0x00178713) addi    a4, a5, 1
core   0: 3 0x000000008000feba (0x00178713) x14 0x00000000800120cd
core   0: 0x000000008000febe (0xfee43023) sd      a4, -32(s0)
core   0: 3 0x000000008000febe (0xfee43023) mem 0x0000000080031f50 0x00000000800120cd
core   0: 0x000000008000fec2 (0xfc442703) lw      a4, -60(s0)
core   0: 3 0x000000008000fec2 (0xfc442703) x14 0x0000000000000000 mem 0x0000000080031f34
core   0: 0x000000008000fec6 (0x0ff77713) andi    a4, a4, 255
core   0: 3 0x000000008000fec6 (0x0ff77713) x14 0x0000000000000000
core   0: 0x000000008000feca (0x00e78023) sb      a4, 0(a5)
core   0: 3 0x000000008000feca (0x00e78023) mem 0x00000000800120cc 0x00
core   0: 0x000000008000fece (0xfc843703) ld      a4, -56(s0)
core   0: 3 0x000000008000fece (0xfc843703) x14 0x0000000080012040 mem 0x0000000080031f38
core   0: 0x000000008000fed2 (0xfb843783) ld      a5, -72(s0)
core   0: 3 0x000000008000fed2 (0xfb843783) x15 0x000000000000009c mem 0x0000000080031f28
core   0: 0x000000008000fed6 (0x000097ba) c.add   a5, a4
core   0: 3 0x000000008000fed6 (0x97ba) x15 0x00000000800120dc
core   0: 0x000000008000fed8 (0xfe043703) ld      a4, -32(s0)
core   0: 3 0x000000008000fed8 (0xfe043703) x14 0x00000000800120cd mem 0x0000000080031f50
core   0: 0x000000008000fedc (0xfcf76de3) bltu    a4, a5, pc - 38
core   0: 3 0x000000008000fedc (0xfcf76de3)
core   0: 0x000000008000feb6 (0xfe043783) ld      a5, -32(s0)
core   0: 3 0x000000008000feb6 (0xfe043783) x15 0x00000000800120cd mem 0x0000000080031f50
core   0: 0x000000008000feba (0x00178713) addi    a4, a5, 1
core   0: 3 0x000000008000feba (0x00178713) x14 0x00000000800120ce
core   0: 0x000000008000febe (0xfee43023) sd      a4, -32(s0)
core   0: 3 0x000000008000febe (0xfee43023) mem 0x0000000080031f50 0x00000000800120ce
core   0: 0x000000008000fec2 (0xfc442703) lw      a4, -60(s0)
core   0: 3 0x000000008000fec2 (0xfc442703) x14 0x0000000000000000 mem 0x0000000080031f34
core   0: 0x000000008000fec6 (0x0ff77713) andi    a4, a4, 255
core   0: 3 0x000000008000fec6 (0x0ff77713) x14 0x0000000000000000
core   0: 0x000000008000feca (0x00e78023) sb      a4, 0(a5)
core   0: 3 0x000000008000feca (0x00e78023) mem 0x00000000800120cd 0x00
core   0: 0x000000008000fece (0xfc843703) ld      a4, -56(s0)
core   0: 3 0x000000008000fece (0xfc843703) x14 0x0000000080012040 mem 0x0000000080031f38
core   0: 0x000000008000fed2 (0xfb843783) ld      a5, -72(s0)
core   0: 3 0x000000008000fed2 (0xfb843783) x15 0x000000000000009c mem 0x0000000080031f28
core   0: 0x000000008000fed6 (0x000097ba) c.add   a5, a4
core   0: 3 0x000000008000fed6 (0x97ba) x15 0x00000000800120dc
core   0: 0x000000008000fed8 (0xfe043703) ld      a4, -32(s0)
core   0: 3 0x000000008000fed8 (0xfe043703) x14 0x00000000800120ce mem 0x0000000080031f50
core   0: 0x000000008000fedc (0xfcf76de3) bltu    a4, a5, pc - 38
core   0: 3 0x000000008000fedc (0xfcf76de3)
core   0: 0x000000008000feb6 (0xfe043783) ld      a5, -32(s0)
core   0: 3 0x000000008000feb6 (0xfe043783) x15 0x00000000800120ce mem 0x0000000080031f50
core   0: 0x000000008000feba (0x00178713) addi    a4, a5, 1
core   0: 3 0x000000008000feba (0x00178713) x14 0x00000000800120cf
core   0: 0x000000008000febe (0xfee43023) sd      a4, -32(s0)
core   0: 3 0x000000008000febe (0xfee43023) mem 0x0000000080031f50 0x00000000800120cf
core   0: 0x000000008000fec2 (0xfc442703) lw      a4, -60(s0)
core   0: 3 0x000000008000fec2 (0xfc442703) x14 0x0000000000000000 mem 0x0000000080031f34
core   0: 0x000000008000fec6 (0x0ff77713) andi    a4, a4, 255
core   0: 3 0x000000008000fec6 (0x0ff77713) x14 0x0000000000000000
core   0: 0x000000008000feca (0x00e78023) sb      a4, 0(a5)
core   0: 3 0x000000008000feca (0x00e78023) mem 0x00000000800120ce 0x00
core   0: 0x000000008000fece (0xfc843703) ld      a4, -56(s0)
core   0: 3 0x000000008000fece (0xfc843703) x14 0x0000000080012040 mem 0x0000000080031f38
core   0: 0x000000008000fed2 (0xfb843783) ld      a5, -72(s0)
core   0: 3 0x000000008000fed2 (0xfb843783) x15 0x000000000000009c mem 0x0000000080031f28
core   0: 0x000000008000fed6 (0x000097ba) c.add   a5, a4
core   0: 3 0x000000008000fed6 (0x97ba) x15 0x00000000800120dc
core   0: 0x000000008000fed8 (0xfe043703) ld      a4, -32(s0)
core   0: 3 0x000000008000fed8 (0xfe043703) x14 0x00000000800120cf mem 0x0000000080031f50
core   0: 0x000000008000fedc (0xfcf76de3) bltu    a4, a5, pc - 38
core   0: 3 0x000000008000fedc (0xfcf76de3)
core   0: 0x000000008000feb6 (0xfe043783) ld      a5, -32(s0)
core   0: 3 0x000000008000feb6 (0xfe043783) x15 0x00000000800120cf mem 0x0000000080031f50
core   0: 0x000000008000feba (0x00178713) addi    a4, a5, 1
core   0: 3 0x000000008000feba (0x00178713) x14 0x00000000800120d0
core   0: 0x000000008000febe (0xfee43023) sd      a4, -32(s0)
core   0: 3 0x000000008000febe (0xfee43023) mem 0x0000000080031f50 0x00000000800120d0
core   0: 0x000000008000fec2 (0xfc442703) lw      a4, -60(s0)
core   0: 3 0x000000008000fec2 (0xfc442703) x14 0x0000000000000000 mem 0x0000000080031f34
core   0: 0x000000008000fec6 (0x0ff77713) andi    a4, a4, 255
core   0: 3 0x000000008000fec6 (0x0ff77713) x14 0x0000000000000000
core   0: 0x000000008000feca (0x00e78023) sb      a4, 0(a5)
core   0: 3 0x000000008000feca (0x00e78023) mem 0x00000000800120cf 0x00
core   0: 0x000000008000fece (0xfc843703) ld      a4, -56(s0)
core   0: 3 0x000000008000fece (0xfc843703) x14 0x0000000080012040 mem 0x0000000080031f38
core   0: 0x000000008000fed2 (0xfb843783) ld      a5, -72(s0)
core   0: 3 0x000000008000fed2 (0xfb843783) x15 0x000000000000009c mem 0x0000000080031f28
core   0: 0x000000008000fed6 (0x000097ba) c.add   a5, a4
core   0: 3 0x000000008000fed6 (0x97ba) x15 0x00000000800120dc
core   0: 0x000000008000fed8 (0xfe043703) ld      a4, -32(s0)
core   0: 3 0x000000008000fed8 (0xfe043703) x14 0x00000000800120d0 mem 0x0000000080031f50
core   0: 0x000000008000fedc (0xfcf76de3) bltu    a4, a5, pc - 38
core   0: 3 0x000000008000fedc (0xfcf76de3)
core   0: 0x000000008000feb6 (0xfe043783) ld      a5, -32(s0)
core   0: 3 0x000000008000feb6 (0xfe043783) x15 0x00000000800120d0 mem 0x0000000080031f50
core   0: 0x000000008000feba (0x00178713) addi    a4, a5, 1
core   0: 3 0x000000008000feba (0x00178713) x14 0x00000000800120d1
core   0: 0x000000008000febe (0xfee43023) sd      a4, -32(s0)
core   0: 3 0x000000008000febe (0xfee43023) mem 0x0000000080031f50 0x00000000800120d1
core   0: 0x000000008000fec2 (0xfc442703) lw      a4, -60(s0)
core   0: 3 0x000000008000fec2 (0xfc442703) x14 0x0000000000000000 mem 0x0000000080031f34
core   0: 0x000000008000fec6 (0x0ff77713) andi    a4, a4, 255
core   0: 3 0x000000008000fec6 (0x0ff77713) x14 0x0000000000000000
core   0: 0x000000008000feca (0x00e78023) sb      a4, 0(a5)
core   0: 3 0x000000008000feca (0x00e78023) mem 0x00000000800120d0 0x00
core   0: 0x000000008000fece (0xfc843703) ld      a4, -56(s0)
core   0: 3 0x000000008000fece (0xfc843703) x14 0x0000000080012040 mem 0x0000000080031f38
core   0: 0x000000008000fed2 (0xfb843783) ld      a5, -72(s0)
core   0: 3 0x000000008000fed2 (0xfb843783) x15 0x000000000000009c mem 0x0000000080031f28
core   0: 0x000000008000fed6 (0x000097ba) c.add   a5, a4
core   0: 3 0x000000008000fed6 (0x97ba) x15 0x00000000800120dc
core   0: 0x000000008000fed8 (0xfe043703) ld      a4, -32(s0)
core   0: 3 0x000000008000fed8 (0xfe043703) x14 0x00000000800120d1 mem 0x0000000080031f50
core   0: 0x000000008000fedc (0xfcf76de3) bltu    a4, a5, pc - 38
core   0: 3 0x000000008000fedc (0xfcf76de3)
core   0: 0x000000008000feb6 (0xfe043783) ld      a5, -32(s0)
core   0: 3 0x000000008000feb6 (0xfe043783) x15 0x00000000800120d1 mem 0x0000000080031f50
core   0: 0x000000008000feba (0x00178713) addi    a4, a5, 1
core   0: 3 0x000000008000feba (0x00178713) x14 0x00000000800120d2
core   0: 0x000000008000febe (0xfee43023) sd      a4, -32(s0)
core   0: 3 0x000000008000febe (0xfee43023) mem 0x0000000080031f50 0x00000000800120d2
core   0: 0x000000008000fec2 (0xfc442703) lw      a4, -60(s0)
core   0: 3 0x000000008000fec2 (0xfc442703) x14 0x0000000000000000 mem 0x0000000080031f34
core   0: 0x000000008000fec6 (0x0ff77713) andi    a4, a4, 255
core   0: 3 0x000000008000fec6 (0x0ff77713) x14 0x0000000000000000
core   0: 0x000000008000feca (0x00e78023) sb      a4, 0(a5)
core   0: 3 0x000000008000feca (0x00e78023) mem 0x00000000800120d1 0x00
core   0: 0x000000008000fece (0xfc843703) ld      a4, -56(s0)
core   0: 3 0x000000008000fece (0xfc843703) x14 0x0000000080012040 mem 0x0000000080031f38
core   0: 0x000000008000fed2 (0xfb843783) ld      a5, -72(s0)
core   0: 3 0x000000008000fed2 (0xfb843783) x15 0x000000000000009c mem 0x0000000080031f28
core   0: 0x000000008000fed6 (0x000097ba) c.add   a5, a4
core   0: 3 0x000000008000fed6 (0x97ba) x15 0x00000000800120dc
core   0: 0x000000008000fed8 (0xfe043703) ld      a4, -32(s0)
core   0: 3 0x000000008000fed8 (0xfe043703) x14 0x00000000800120d2 mem 0x0000000080031f50
core   0: 0x000000008000fedc (0xfcf76de3) bltu    a4, a5, pc - 38
core   0: 3 0x000000008000fedc (0xfcf76de3)
core   0: 0x000000008000feb6 (0xfe043783) ld      a5, -32(s0)
core   0: 3 0x000000008000feb6 (0xfe043783) x15 0x00000000800120d2 mem 0x0000000080031f50
core   0: 0x000000008000feba (0x00178713) addi    a4, a5, 1
core   0: 3 0x000000008000feba (0x00178713) x14 0x00000000800120d3
core   0: 0x000000008000febe (0xfee43023) sd      a4, -32(s0)
core   0: 3 0x000000008000febe (0xfee43023) mem 0x0000000080031f50 0x00000000800120d3
core   0: 0x000000008000fec2 (0xfc442703) lw      a4, -60(s0)
core   0: 3 0x000000008000fec2 (0xfc442703) x14 0x0000000000000000 mem 0x0000000080031f34
core   0: 0x000000008000fec6 (0x0ff77713) andi    a4, a4, 255
core   0: 3 0x000000008000fec6 (0x0ff77713) x14 0x0000000000000000
core   0: 0x000000008000feca (0x00e78023) sb      a4, 0(a5)
core   0: 3 0x000000008000feca (0x00e78023) mem 0x00000000800120d2 0x00
core   0: 0x000000008000fece (0xfc843703) ld      a4, -56(s0)
core   0: 3 0x000000008000fece (0xfc843703) x14 0x0000000080012040 mem 0x0000000080031f38
core   0: 0x000000008000fed2 (0xfb843783) ld      a5, -72(s0)
core   0: 3 0x000000008000fed2 (0xfb843783) x15 0x000000000000009c mem 0x0000000080031f28
core   0: 0x000000008000fed6 (0x000097ba) c.add   a5, a4
core   0: 3 0x000000008000fed6 (0x97ba) x15 0x00000000800120dc
core   0: 0x000000008000fed8 (0xfe043703) ld      a4, -32(s0)
core   0: 3 0x000000008000fed8 (0xfe043703) x14 0x00000000800120d3 mem 0x0000000080031f50
core   0: 0x000000008000fedc (0xfcf76de3) bltu    a4, a5, pc - 38
core   0: 3 0x000000008000fedc (0xfcf76de3)
core   0: 0x000000008000feb6 (0xfe043783) ld      a5, -32(s0)
core   0: 3 0x000000008000feb6 (0xfe043783) x15 0x00000000800120d3 mem 0x0000000080031f50
core   0: 0x000000008000feba (0x00178713) addi    a4, a5, 1
core   0: 3 0x000000008000feba (0x00178713) x14 0x00000000800120d4
core   0: 0x000000008000febe (0xfee43023) sd      a4, -32(s0)
core   0: 3 0x000000008000febe (0xfee43023) mem 0x0000000080031f50 0x00000000800120d4
core   0: 0x000000008000fec2 (0xfc442703) lw      a4, -60(s0)
core   0: 3 0x000000008000fec2 (0xfc442703) x14 0x0000000000000000 mem 0x0000000080031f34
core   0: 0x000000008000fec6 (0x0ff77713) andi    a4, a4, 255
core   0: 3 0x000000008000fec6 (0x0ff77713) x14 0x0000000000000000
core   0: 0x000000008000feca (0x00e78023) sb      a4, 0(a5)
core   0: 3 0x000000008000feca (0x00e78023) mem 0x00000000800120d3 0x00
core   0: 0x000000008000fece (0xfc843703) ld      a4, -56(s0)
core   0: 3 0x000000008000fece (0xfc843703) x14 0x0000000080012040 mem 0x0000000080031f38
core   0: 0x000000008000fed2 (0xfb843783) ld      a5, -72(s0)
core   0: 3 0x000000008000fed2 (0xfb843783) x15 0x000000000000009c mem 0x0000000080031f28
core   0: 0x000000008000fed6 (0x000097ba) c.add   a5, a4
core   0: 3 0x000000008000fed6 (0x97ba) x15 0x00000000800120dc
core   0: 0x000000008000fed8 (0xfe043703) ld      a4, -32(s0)
core   0: 3 0x000000008000fed8 (0xfe043703) x14 0x00000000800120d4 mem 0x0000000080031f50
core   0: 0x000000008000fedc (0xfcf76de3) bltu    a4, a5, pc - 38
core   0: 3 0x000000008000fedc (0xfcf76de3)
core   0: 0x000000008000feb6 (0xfe043783) ld      a5, -32(s0)
core   0: 3 0x000000008000feb6 (0xfe043783) x15 0x00000000800120d4 mem 0x0000000080031f50
core   0: 0x000000008000feba (0x00178713) addi    a4, a5, 1
core   0: 3 0x000000008000feba (0x00178713) x14 0x00000000800120d5
core   0: 0x000000008000febe (0xfee43023) sd      a4, -32(s0)
core   0: 3 0x000000008000febe (0xfee43023) mem 0x0000000080031f50 0x00000000800120d5
core   0: 0x000000008000fec2 (0xfc442703) lw      a4, -60(s0)
core   0: 3 0x000000008000fec2 (0xfc442703) x14 0x0000000000000000 mem 0x0000000080031f34
core   0: 0x000000008000fec6 (0x0ff77713) andi    a4, a4, 255
core   0: 3 0x000000008000fec6 (0x0ff77713) x14 0x0000000000000000
core   0: 0x000000008000feca (0x00e78023) sb      a4, 0(a5)
core   0: 3 0x000000008000feca (0x00e78023) mem 0x00000000800120d4 0x00
core   0: 0x000000008000fece (0xfc843703) ld      a4, -56(s0)
core   0: 3 0x000000008000fece (0xfc843703) x14 0x0000000080012040 mem 0x0000000080031f38
core   0: 0x000000008000fed2 (0xfb843783) ld      a5, -72(s0)
core   0: 3 0x000000008000fed2 (0xfb843783) x15 0x000000000000009c mem 0x0000000080031f28
core   0: 0x000000008000fed6 (0x000097ba) c.add   a5, a4
core   0: 3 0x000000008000fed6 (0x97ba) x15 0x00000000800120dc
core   0: 0x000000008000fed8 (0xfe043703) ld      a4, -32(s0)
core   0: 3 0x000000008000fed8 (0xfe043703) x14 0x00000000800120d5 mem 0x0000000080031f50
core   0: 0x000000008000fedc (0xfcf76de3) bltu    a4, a5, pc - 38
core   0: 3 0x000000008000fedc (0xfcf76de3)
core   0: 0x000000008000feb6 (0xfe043783) ld      a5, -32(s0)
core   0: 3 0x000000008000feb6 (0xfe043783) x15 0x00000000800120d5 mem 0x0000000080031f50
core   0: 0x000000008000feba (0x00178713) addi    a4, a5, 1
core   0: 3 0x000000008000feba (0x00178713) x14 0x00000000800120d6
core   0: 0x000000008000febe (0xfee43023) sd      a4, -32(s0)
core   0: 3 0x000000008000febe (0xfee43023) mem 0x0000000080031f50 0x00000000800120d6
core   0: 0x000000008000fec2 (0xfc442703) lw      a4, -60(s0)
core   0: 3 0x000000008000fec2 (0xfc442703) x14 0x0000000000000000 mem 0x0000000080031f34
core   0: 0x000000008000fec6 (0x0ff77713) andi    a4, a4, 255
core   0: 3 0x000000008000fec6 (0x0ff77713) x14 0x0000000000000000
core   0: 0x000000008000feca (0x00e78023) sb      a4, 0(a5)
core   0: 3 0x000000008000feca (0x00e78023) mem 0x00000000800120d5 0x00
core   0: 0x000000008000fece (0xfc843703) ld      a4, -56(s0)
core   0: 3 0x000000008000fece (0xfc843703) x14 0x0000000080012040 mem 0x0000000080031f38
core   0: 0x000000008000fed2 (0xfb843783) ld      a5, -72(s0)
core   0: 3 0x000000008000fed2 (0xfb843783) x15 0x000000000000009c mem 0x0000000080031f28
core   0: 0x000000008000fed6 (0x000097ba) c.add   a5, a4
core   0: 3 0x000000008000fed6 (0x97ba) x15 0x00000000800120dc
core   0: 0x000000008000fed8 (0xfe043703) ld      a4, -32(s0)
core   0: 3 0x000000008000fed8 (0xfe043703) x14 0x00000000800120d6 mem 0x0000000080031f50
core   0: 0x000000008000fedc (0xfcf76de3) bltu    a4, a5, pc - 38
core   0: 3 0x000000008000fedc (0xfcf76de3)
core   0: 0x000000008000feb6 (0xfe043783) ld      a5, -32(s0)
core   0: 3 0x000000008000feb6 (0xfe043783) x15 0x00000000800120d6 mem 0x0000000080031f50
core   0: 0x000000008000feba (0x00178713) addi    a4, a5, 1
core   0: 3 0x000000008000feba (0x00178713) x14 0x00000000800120d7
core   0: 0x000000008000febe (0xfee43023) sd      a4, -32(s0)
core   0: 3 0x000000008000febe (0xfee43023) mem 0x0000000080031f50 0x00000000800120d7
core   0: 0x000000008000fec2 (0xfc442703) lw      a4, -60(s0)
core   0: 3 0x000000008000fec2 (0xfc442703) x14 0x0000000000000000 mem 0x0000000080031f34
core   0: 0x000000008000fec6 (0x0ff77713) andi    a4, a4, 255
core   0: 3 0x000000008000fec6 (0x0ff77713) x14 0x0000000000000000
core   0: 0x000000008000feca (0x00e78023) sb      a4, 0(a5)
core   0: 3 0x000000008000feca (0x00e78023) mem 0x00000000800120d6 0x00
core   0: 0x000000008000fece (0xfc843703) ld      a4, -56(s0)
core   0: 3 0x000000008000fece (0xfc843703) x14 0x0000000080012040 mem 0x0000000080031f38
core   0: 0x000000008000fed2 (0xfb843783) ld      a5, -72(s0)
core   0: 3 0x000000008000fed2 (0xfb843783) x15 0x000000000000009c mem 0x0000000080031f28
core   0: 0x000000008000fed6 (0x000097ba) c.add   a5, a4
core   0: 3 0x000000008000fed6 (0x97ba) x15 0x00000000800120dc
core   0: 0x000000008000fed8 (0xfe043703) ld      a4, -32(s0)
core   0: 3 0x000000008000fed8 (0xfe043703) x14 0x00000000800120d7 mem 0x0000000080031f50
core   0: 0x000000008000fedc (0xfcf76de3) bltu    a4, a5, pc - 38
core   0: 3 0x000000008000fedc (0xfcf76de3)
core   0: 0x000000008000feb6 (0xfe043783) ld      a5, -32(s0)
core   0: 3 0x000000008000feb6 (0xfe043783) x15 0x00000000800120d7 mem 0x0000000080031f50
core   0: 0x000000008000feba (0x00178713) addi    a4, a5, 1
core   0: 3 0x000000008000feba (0x00178713) x14 0x00000000800120d8
core   0: 0x000000008000febe (0xfee43023) sd      a4, -32(s0)
core   0: 3 0x000000008000febe (0xfee43023) mem 0x0000000080031f50 0x00000000800120d8
core   0: 0x000000008000fec2 (0xfc442703) lw      a4, -60(s0)
core   0: 3 0x000000008000fec2 (0xfc442703) x14 0x0000000000000000 mem 0x0000000080031f34
core   0: 0x000000008000fec6 (0x0ff77713) andi    a4, a4, 255
core   0: 3 0x000000008000fec6 (0x0ff77713) x14 0x0000000000000000
core   0: 0x000000008000feca (0x00e78023) sb      a4, 0(a5)
core   0: 3 0x000000008000feca (0x00e78023) mem 0x00000000800120d7 0x00
core   0: 0x000000008000fece (0xfc843703) ld      a4, -56(s0)
core   0: 3 0x000000008000fece (0xfc843703) x14 0x0000000080012040 mem 0x0000000080031f38
core   0: 0x000000008000fed2 (0xfb843783) ld      a5, -72(s0)
core   0: 3 0x000000008000fed2 (0xfb843783) x15 0x000000000000009c mem 0x0000000080031f28
core   0: 0x000000008000fed6 (0x000097ba) c.add   a5, a4
core   0: 3 0x000000008000fed6 (0x97ba) x15 0x00000000800120dc
core   0: 0x000000008000fed8 (0xfe043703) ld      a4, -32(s0)
core   0: 3 0x000000008000fed8 (0xfe043703) x14 0x00000000800120d8 mem 0x0000000080031f50
core   0: 0x000000008000fedc (0xfcf76de3) bltu    a4, a5, pc - 38
core   0: 3 0x000000008000fedc (0xfcf76de3)
core   0: 0x000000008000feb6 (0xfe043783) ld      a5, -32(s0)
core   0: 3 0x000000008000feb6 (0xfe043783) x15 0x00000000800120d8 mem 0x0000000080031f50
core   0: 0x000000008000feba (0x00178713) addi    a4, a5, 1
core   0: 3 0x000000008000feba (0x00178713) x14 0x00000000800120d9
core   0: 0x000000008000febe (0xfee43023) sd      a4, -32(s0)
core   0: 3 0x000000008000febe (0xfee43023) mem 0x0000000080031f50 0x00000000800120d9
core   0: 0x000000008000fec2 (0xfc442703) lw      a4, -60(s0)
core   0: 3 0x000000008000fec2 (0xfc442703) x14 0x0000000000000000 mem 0x0000000080031f34
core   0: 0x000000008000fec6 (0x0ff77713) andi    a4, a4, 255
core   0: 3 0x000000008000fec6 (0x0ff77713) x14 0x0000000000000000
core   0: 0x000000008000feca (0x00e78023) sb      a4, 0(a5)
core   0: 3 0x000000008000feca (0x00e78023) mem 0x00000000800120d8 0x00
core   0: 0x000000008000fece (0xfc843703) ld      a4, -56(s0)
core   0: 3 0x000000008000fece (0xfc843703) x14 0x0000000080012040 mem 0x0000000080031f38
core   0: 0x000000008000fed2 (0xfb843783) ld      a5, -72(s0)
core   0: 3 0x000000008000fed2 (0xfb843783) x15 0x000000000000009c mem 0x0000000080031f28
core   0: 0x000000008000fed6 (0x000097ba) c.add   a5, a4
core   0: 3 0x000000008000fed6 (0x97ba) x15 0x00000000800120dc
core   0: 0x000000008000fed8 (0xfe043703) ld      a4, -32(s0)
core   0: 3 0x000000008000fed8 (0xfe043703) x14 0x00000000800120d9 mem 0x0000000080031f50
core   0: 0x000000008000fedc (0xfcf76de3) bltu    a4, a5, pc - 38
core   0: 3 0x000000008000fedc (0xfcf76de3)
core   0: 0x000000008000feb6 (0xfe043783) ld      a5, -32(s0)
core   0: 3 0x000000008000feb6 (0xfe043783) x15 0x00000000800120d9 mem 0x0000000080031f50
core   0: 0x000000008000feba (0x00178713) addi    a4, a5, 1
core   0: 3 0x000000008000feba (0x00178713) x14 0x00000000800120da
core   0: 0x000000008000febe (0xfee43023) sd      a4, -32(s0)
core   0: 3 0x000000008000febe (0xfee43023) mem 0x0000000080031f50 0x00000000800120da
core   0: 0x000000008000fec2 (0xfc442703) lw      a4, -60(s0)
core   0: 3 0x000000008000fec2 (0xfc442703) x14 0x0000000000000000 mem 0x0000000080031f34
core   0: 0x000000008000fec6 (0x0ff77713) andi    a4, a4, 255
core   0: 3 0x000000008000fec6 (0x0ff77713) x14 0x0000000000000000
core   0: 0x000000008000feca (0x00e78023) sb      a4, 0(a5)
core   0: 3 0x000000008000feca (0x00e78023) mem 0x00000000800120d9 0x00
core   0: 0x000000008000fece (0xfc843703) ld      a4, -56(s0)
core   0: 3 0x000000008000fece (0xfc843703) x14 0x0000000080012040 mem 0x0000000080031f38
core   0: 0x000000008000fed2 (0xfb843783) ld      a5, -72(s0)
core   0: 3 0x000000008000fed2 (0xfb843783) x15 0x000000000000009c mem 0x0000000080031f28
core   0: 0x000000008000fed6 (0x000097ba) c.add   a5, a4
core   0: 3 0x000000008000fed6 (0x97ba) x15 0x00000000800120dc
core   0: 0x000000008000fed8 (0xfe043703) ld      a4, -32(s0)
core   0: 3 0x000000008000fed8 (0xfe043703) x14 0x00000000800120da mem 0x0000000080031f50
core   0: 0x000000008000fedc (0xfcf76de3) bltu    a4, a5, pc - 38
core   0: 3 0x000000008000fedc (0xfcf76de3)
core   0: 0x000000008000feb6 (0xfe043783) ld      a5, -32(s0)
core   0: 3 0x000000008000feb6 (0xfe043783) x15 0x00000000800120da mem 0x0000000080031f50
core   0: 0x000000008000feba (0x00178713) addi    a4, a5, 1
core   0: 3 0x000000008000feba (0x00178713) x14 0x00000000800120db
core   0: 0x000000008000febe (0xfee43023) sd      a4, -32(s0)
core   0: 3 0x000000008000febe (0xfee43023) mem 0x0000000080031f50 0x00000000800120db
core   0: 0x000000008000fec2 (0xfc442703) lw      a4, -60(s0)
core   0: 3 0x000000008000fec2 (0xfc442703) x14 0x0000000000000000 mem 0x0000000080031f34
core   0: 0x000000008000fec6 (0x0ff77713) andi    a4, a4, 255
core   0: 3 0x000000008000fec6 (0x0ff77713) x14 0x0000000000000000
core   0: 0x000000008000feca (0x00e78023) sb      a4, 0(a5)
core   0: 3 0x000000008000feca (0x00e78023) mem 0x00000000800120da 0x00
core   0: 0x000000008000fece (0xfc843703) ld      a4, -56(s0)
core   0: 3 0x000000008000fece (0xfc843703) x14 0x0000000080012040 mem 0x0000000080031f38
core   0: 0x000000008000fed2 (0xfb843783) ld      a5, -72(s0)
core   0: 3 0x000000008000fed2 (0xfb843783) x15 0x000000000000009c mem 0x0000000080031f28
core   0: 0x000000008000fed6 (0x000097ba) c.add   a5, a4
core   0: 3 0x000000008000fed6 (0x97ba) x15 0x00000000800120dc
core   0: 0x000000008000fed8 (0xfe043703) ld      a4, -32(s0)
core   0: 3 0x000000008000fed8 (0xfe043703) x14 0x00000000800120db mem 0x0000000080031f50
core   0: 0x000000008000fedc (0xfcf76de3) bltu    a4, a5, pc - 38
core   0: 3 0x000000008000fedc (0xfcf76de3)
core   0: 0x000000008000feb6 (0xfe043783) ld      a5, -32(s0)
core   0: 3 0x000000008000feb6 (0xfe043783) x15 0x00000000800120db mem 0x0000000080031f50
core   0: 0x000000008000feba (0x00178713) addi    a4, a5, 1
core   0: 3 0x000000008000feba (0x00178713) x14 0x00000000800120dc
core   0: 0x000000008000febe (0xfee43023) sd      a4, -32(s0)
core   0: 3 0x000000008000febe (0xfee43023) mem 0x0000000080031f50 0x00000000800120dc
core   0: 0x000000008000fec2 (0xfc442703) lw      a4, -60(s0)
core   0: 3 0x000000008000fec2 (0xfc442703) x14 0x0000000000000000 mem 0x0000000080031f34
core   0: 0x000000008000fec6 (0x0ff77713) andi    a4, a4, 255
core   0: 3 0x000000008000fec6 (0x0ff77713) x14 0x0000000000000000
core   0: 0x000000008000feca (0x00e78023) sb      a4, 0(a5)
core   0: 3 0x000000008000feca (0x00e78023) mem 0x00000000800120db 0x00
core   0: 0x000000008000fece (0xfc843703) ld      a4, -56(s0)
core   0: 3 0x000000008000fece (0xfc843703) x14 0x0000000080012040 mem 0x0000000080031f38
core   0: 0x000000008000fed2 (0xfb843783) ld      a5, -72(s0)
core   0: 3 0x000000008000fed2 (0xfb843783) x15 0x000000000000009c mem 0x0000000080031f28
core   0: 0x000000008000fed6 (0x000097ba) c.add   a5, a4
core   0: 3 0x000000008000fed6 (0x97ba) x15 0x00000000800120dc
core   0: 0x000000008000fed8 (0xfe043703) ld      a4, -32(s0)
core   0: 3 0x000000008000fed8 (0xfe043703) x14 0x00000000800120dc mem 0x0000000080031f50
core   0: 0x000000008000fedc (0xfcf76de3) bltu    a4, a5, pc - 38
core   0: 3 0x000000008000fedc (0xfcf76de3)
core   0: 0x000000008000fee0 (0xfc843783) ld      a5, -56(s0)
core   0: 3 0x000000008000fee0 (0xfc843783) x15 0x0000000080012040 mem 0x0000000080031f38
core   0: 0x000000008000fee4 (0x0000853e) c.mv    a0, a5
core   0: 3 0x000000008000fee4 (0x853e) x10 0x0000000080012040
core   0: 0x000000008000fee6 (0x00006426) c.ldsp  s0, 72(sp)
core   0: 3 0x000000008000fee6 (0x6426) x8  0x0000000080031f90 mem 0x0000000080031f68
core   0: 0x000000008000fee8 (0x00006161) c.addi16sp sp, 80
core   0: 3 0x000000008000fee8 (0x6161) x2  0x0000000080031f70
core   0: 0x000000008000feea (0x00008082) ret
core   0: 3 0x000000008000feea (0x8082)
core   0: 0x000000008000f49e (0x00000001) c.nop
core   0: 3 0x000000008000f49e (0x0001)
core   0: 0x000000008000f4a0 (0x000060e2) c.ldsp  ra, 24(sp)
core   0: 3 0x000000008000f4a0 (0x60e2) x1  0x000000008000f4de mem 0x0000000080031f88
core   0: 0x000000008000f4a2 (0x00006442) c.ldsp  s0, 16(sp)
core   0: 3 0x000000008000f4a2 (0x6442) x8  0x0000000080032040 mem 0x0000000080031f80
core   0: 0x000000008000f4a4 (0x00006105) c.addi16sp sp, 32
core   0: 3 0x000000008000f4a4 (0x6105) x2  0x0000000080031f90
core   0: 0x000000008000f4a6 (0x00008082) ret
core   0: 3 0x000000008000f4a6 (0x8082)
core   0: 0x000000008000f4de (0xf5842703) lw      a4, -168(s0)
core   0: 3 0x000000008000f4de (0xf5842703) x14 0x0000000000000001 mem 0x0000000080031f98
core   0: 0x000000008000f4e2 (0xf5c42783) lw      a5, -164(s0)
core   0: 3 0x000000008000f4e2 (0xf5c42783) x15 0x0000000000000000 mem 0x0000000080031f9c
core   0: 0x000000008000f4e6 (0x000085ba) c.mv    a1, a4
core   0: 3 0x000000008000f4e6 (0x85ba) x11 0x0000000000000001
core   0: 0x000000008000f4e8 (0x0000853e) c.mv    a0, a5
core   0: 3 0x000000008000f4e8 (0x853e) x10 0x0000000000000000
core   0: 0x000000008000f4ea (0xf03ff0ef) jal     pc - 0xfe
core   0: 3 0x000000008000f4ea (0xf03ff0ef) x1  0x000000008000f4ee
core   0: >>>>  thread_entry
core   0: 0x000000008000f3ec (0x00001101) c.addi  sp, -32
core   0: 3 0x000000008000f3ec (0x1101) x2  0x0000000080031f70
core   0: 0x000000008000f3ee (0x0000ec22) c.sdsp  s0, 24(sp)
core   0: 3 0x000000008000f3ee (0xec22) mem 0x0000000080031f88 0x0000000080032040
core   0: 0x000000008000f3f0 (0x00001000) c.addi4spn s0, sp, 32
core   0: 3 0x000000008000f3f0 (0x1000) x8  0x0000000080031f90
core   0: 0x000000008000f3f2 (0x000087aa) c.mv    a5, a0
core   0: 3 0x000000008000f3f2 (0x87aa) x15 0x0000000000000000
core   0: 0x000000008000f3f4 (0x0000872e) c.mv    a4, a1
core   0: 3 0x000000008000f3f4 (0x872e) x14 0x0000000000000001
core   0: 0x000000008000f3f6 (0xfef42623) sw      a5, -20(s0)
core   0: 3 0x000000008000f3f6 (0xfef42623) mem 0x0000000080031f7c 0x00000000
core   0: 0x000000008000f3fa (0x000087ba) c.mv    a5, a4
core   0: 3 0x000000008000f3fa (0x87ba) x15 0x0000000000000001
core   0: 0x000000008000f3fc (0xfef42423) sw      a5, -24(s0)
core   0: 3 0x000000008000f3fc (0xfef42423) mem 0x0000000080031f78 0x00000001
core   0: 0x000000008000f400 (0x00000001) c.nop
core   0: 3 0x000000008000f400 (0x0001)
core   0: 0x000000008000f402 (0xfec42783) lw      a5, -20(s0)
core   0: 3 0x000000008000f402 (0xfec42783) x15 0x0000000000000000 mem 0x0000000080031f7c
core   0: 0x000000008000f406 (0x00002781) c.addiw a5, 0
core   0: 3 0x000000008000f406 (0x2781) x15 0x0000000000000000
core   0: 0x000000008000f408 (0x0000ffed) c.bnez  a5, pc - 6
core   0: 3 0x000000008000f408 (0xffed)
core   0: 0x000000008000f40a (0x00000001) c.nop
core   0: 3 0x000000008000f40a (0x0001)
core   0: 0x000000008000f40c (0x00000001) c.nop
core   0: 3 0x000000008000f40c (0x0001)
core   0: 0x000000008000f40e (0x00006462) c.ldsp  s0, 24(sp)
core   0: 3 0x000000008000f40e (0x6462) x8  0x0000000080032040 mem 0x0000000080031f88
core   0: 0x000000008000f410 (0x00006105) c.addi16sp sp, 32
core   0: 3 0x000000008000f410 (0x6105) x2  0x0000000080031f90
core   0: 0x000000008000f412 (0x00008082) ret
core   0: 3 0x000000008000f412 (0x8082)
core   0: 0x000000008000f4ee (0x00004581) c.li    a1, 0
core   0: 3 0x000000008000f4ee (0x4581) x11 0x0000000000000000
core   0: 0x000000008000f4f0 (0x00004501) c.li    a0, 0
core   0: 3 0x000000008000f4f0 (0x4501) x10 0x0000000000000000
core   0: 0x000000008000f4f2 (0xb0ff20ef) jal     pc - 0xd4f2
core   0: 3 0x000000008000f4f2 (0xb0ff20ef) x1  0x000000008000f4f6
core   0: >>>>  main
core   0: 0x0000000080002000 (0x00000001) c.nop
core   0: 3 0x0000000080002000 (0x0001)
core   0: >>>>  trap_vec_init
core   0: 0x0000000080002002 (0x00002797) auipc   a5, 0x2
core   0: 3 0x0000000080002002 (0x00002797) x15 0x0000000080004002
core   0: 0x0000000080002006 (0xffe78793) addi    a5, a5, -2
core   0: 3 0x0000000080002006 (0xffe78793) x15 0x0000000080004000
core   0: 0x000000008000200a (0x30579073) csrrw   zero, mtvec, a5
core   0: 3 0x000000008000200a (0x30579073) c773_mtvec 0x0000000080004000
core   0: >>>>  pmp_setup
core   0: 0x000000008000200e (0x00002c17) auipc   s8, 0x2
core   0: 3 0x000000008000200e (0x00002c17) x24 0x000000008000400e
core   0: 0x0000000080002012 (0x022c0c13) addi    s8, s8, 34
core   0: 3 0x0000000080002012 (0x022c0c13) x24 0x0000000080004030
core   0: 0x0000000080002016 (0x00004781) c.li    a5, 0
core   0: 3 0x0000000080002016 (0x4781) x15 0x0000000000000000
core   0: 0x0000000080002018 (0x00009c3e) c.add   s8, a5
core   0: 3 0x0000000080002018 (0x9c3e) x24 0x0000000080004030
core   0: 0x000000008000201a (0x3b0c1073) csrrw   zero, pmpaddr0, s8
core   0: 3 0x000000008000201a (0x3b0c1073) c944_pmpaddr0 0x0000000080004030
core   0: 0x000000008000201e (0x00004c3d) c.li    s8, 15
core   0: 3 0x000000008000201e (0x4c3d) x24 0x000000000000000f
core   0: 0x0000000080002020 (0x3a0c1073) csrrw   zero, pmpcfg0, s8
core   0: 3 0x0000000080002020 (0x3a0c1073) c928_pmpcfg0 0x000000000000000f
core   0: 0x0000000080002024 (0x12000073) sfence.vma zero, zero
core   0: 3 0x0000000080002024 (0x12000073)
core   0: >>>>  mepc_setup
core   0: 0x0000000080002028 (0x00002797) auipc   a5, 0x2
core   0: 3 0x0000000080002028 (0x00002797) x15 0x0000000080004028
core   0: 0x000000008000202c (0x00878793) addi    a5, a5, 8
core   0: 3 0x000000008000202c (0x00878793) x15 0x0000000080004030
core   0: 0x0000000080002030 (0x34179073) csrrw   zero, mepc, a5
core   0: 3 0x0000000080002030 (0x34179073) c833_mepc 0x0000000080004030
core   0: >>>>  custom_csr_setup
core   0: 0x0000000080002034 (0x00100f9b) addiw   t6, zero, 1
core   0: 3 0x0000000080002034 (0x00100f9b) x31 0x0000000000000001
core   0: 0x0000000080002038 (0x00000ffe) c.slli  t6, 31
core   0: 3 0x0000000080002038 (0x0ffe) x31 0x0000000080000000
core   0: 0x000000008000203a (0x00000001) c.nop
core   0: 3 0x000000008000203a (0x0001)
core   0: >>>>  init_s_mode
core   0: 0x000000008000203c (0xfff0079b) addiw   a5, zero, -1
core   0: 3 0x000000008000203c (0xfff0079b) x15 0xffffffffffffffff
core   0: 0x0000000080002040 (0x000017fe) c.slli  a5, 63
core   0: 3 0x0000000080002040 (0x17fe) x15 0x8000000000000000
core   0: 0x0000000080002042 (0x18079073) csrrw   zero, satp, a5
core   0: 3 0x0000000080002042 (0x18079073) c384_satp 0x8000000000000000
core   0: 0x0000000080002046 (0x0000f797) auipc   a5, 0xf
core   0: 3 0x0000000080002046 (0x0000f797) x15 0x0000000080011046
core   0: 0x000000008000204a (0xfba78793) addi    a5, a5, -70
core   0: 3 0x000000008000204a (0xfba78793) x15 0x0000000080011000
core   0: 0x000000008000204e (0x000083b1) c.srli  a5, 12
core   0: 3 0x000000008000204e (0x83b1) x15 0x0000000000080011
core   0: 0x0000000080002050 (0x0010061b) addiw   a2, zero, 1
core   0: 3 0x0000000080002050 (0x0010061b) x12 0x0000000000000001
core   0: 0x0000000080002054 (0x00001632) c.slli  a2, 44
core   0: 3 0x0000000080002054 (0x1632) x12 0x0000100000000000
core   0: 0x0000000080002056 (0x0000167d) c.addi  a2, -1
core   0: 3 0x0000000080002056 (0x167d) x12 0x00000fffffffffff
core   0: 0x0000000080002058 (0x00008ff1) c.and   a5, a2
core   0: 3 0x0000000080002058 (0x8ff1) x15 0x0000000000080011
core   0: 0x000000008000205a (0x1807a073) csrrs   zero, satp, a5
core   0: 3 0x000000008000205a (0x1807a073) c384_satp 0x8000000000080011
core   0: 0x000000008000205e (0x00a005b7) lui     a1, 0xa00
core   0: 3 0x000000008000205e (0x00a005b7) x11 0x0000000000a00000
core   0: 0x0000000080002062 (0x10b5859b) addiw   a1, a1, 267
core   0: 3 0x0000000080002062 (0x10b5859b) x11 0x0000000000a0010b
core   0: 0x0000000080002066 (0x000005b2) c.slli  a1, 12
core   0: 3 0x0000000080002066 (0x05b2) x11 0x0000000a0010b000
core   0: 0x0000000080002068 (0xa0058593) addi    a1, a1, -1536
core   0: 3 0x0000000080002068 (0xa0058593) x11 0x0000000a0010aa00
core   0: 0x000000008000206c (0x30059073) csrrw   zero, mstatus, a1
core   0: 3 0x000000008000206c (0x30059073) c768_mstatus 0x0000000a00102800
core   0: 0x0000000080002070 (0x30459073) csrrw   zero, mie, a1
core   0: 3 0x0000000080002070 (0x30459073) c772_mie 0x0000000000000a00
core   0: 0x0000000080002074 (0x00a005b7) lui     a1, 0xa00
core   0: 3 0x0000000080002074 (0x00a005b7) x11 0x0000000000a00000
core   0: 0x0000000080002078 (0x10b5859b) addiw   a1, a1, 267
core   0: 3 0x0000000080002078 (0x10b5859b) x11 0x0000000000a0010b
core   0: 0x000000008000207c (0x000005b2) c.slli  a1, 12
core   0: 3 0x000000008000207c (0x05b2) x11 0x0000000a0010b000
core   0: 0x000000008000207e (0xa0058593) addi    a1, a1, -1536
core   0: 3 0x000000008000207e (0xa0058593) x11 0x0000000a0010aa00
core   0: 0x0000000080002082 (0x10059073) csrrw   zero, sstatus, a1
core   0: 3 0x0000000080002082 (0x10059073) c768_mstatus 0x0000000a00102800
core   0: 0x0000000080002086 (0x10459073) csrrw   zero, sie, a1
core   0: 3 0x0000000080002086 (0x10459073) c772_mie 0x0000000000000a00
core   0: 0x000000008000208a (0x30200073) mret
core   0: 3 0x000000008000208a (0x30200073) c768_mstatus 0x0000000a00102080
core   0: >>>>  main_g
core   0: 0x0000000080004030 (0x039ca333) mulhsu  t1, s9, s9
core   0: 1 0x0000000080004030 (0x039ca333) x6  0x0000000000000000
core   0: 0x0000000080004034 (0xd038f253) fcvt.s.lu ft4, a7
core   0: 1 0x0000000080004034 (0xd038f253) c768_mstatus 0x8000000a00106080 f4  0xffffffff00000000
core   0: 0x0000000080004038 (0x10522773) csrrs   a4, stvec, tp
core   0: 1 0x0000000080004038 (0x10522773) x14 0x0000000000000000 c261_stvec 0x0000000080012040
core   0: 0x000000008000403c (0xc03f74d3) fcvt.lu.s s1, ft10
core   0: 1 0x000000008000403c (0xc03f74d3) x9  0x0000000000000000
core   0: 0x0000000080004040 (0x3bcc2997) auipc   s3, 0x3bcc2
core   0: 1 0x0000000080004040 (0x3bcc2997) x19 0x00000000bbcc6040
core   0: 0x0000000080004044 (0x1b39f1d3) fdiv.d  ft3, fs3, fs3
core   0: 1 0x0000000080004044 (0x1b39f1d3) f3  0x7ff8000000000000
core   0: 0x0000000080004048 (0x7ff57a13) andi    s4, a0, 2047
core   0: 1 0x0000000080004048 (0x7ff57a13) x20 0x0000000000000000
core   0: 0x000000008000404c (0x40be22b7) lui     t0, 0x40be2
core   0: 1 0x000000008000404c (0x40be22b7) x5  0x0000000040be2000
core   0: 0x0000000080004050 (0x02d8713b) remuw   sp, a6, a3
core   0: 1 0x0000000080004050 (0x02d8713b) x2  0x0000000000000000
core   0: 0x0000000080004054 (0x002719f3) csrrw   s3, frm, a4
core   0: 1 0x0000000080004054 (0x002719f3) x19 0x0000000000000000 c2_frm 0x0000000000000000
core   0: 0x0000000080004058 (0x2a4403d3) fmin.d  ft7, fs0, ft4
core   0: 1 0x0000000080004058 (0x2a4403d3) f7  0x7ff8000000000000
core   0: 0x000000008000405c (0x40998433) sub     s0, s3, s1
core   0: 1 0x000000008000405c (0x40998433) x8  0x0000000000000000
core   0: 0x0000000080004060 (0x00045d93) srli    s11, s0, 0
core   0: 1 0x0000000080004060 (0x00045d93) x27 0x0000000000000000
core   0: 0x0000000080004064 (0xd03df853) fcvt.s.lu fa6, s11
core   0: 1 0x0000000080004064 (0xd03df853) f16 0xffffffff00000000
core   0: 0x0000000080004068 (0x01bb113b) sllw    sp, s6, s11
core   0: 1 0x0000000080004068 (0x01bb113b) x2  0x0000000000000000
core   0: 0x000000008000406c (0x22011853) fsgnjn.d fa6, ft2, ft0
core   0: 1 0x000000008000406c (0x22011853) f16 0x7fffffff00000000
core   0: 0x0000000080004070 (0x0122c533) xor     a0, t0, s2
core   0: 1 0x0000000080004070 (0x0122c533) x10 0x0000000040be2000
core   0: 0x0000000080004074 (0x017c541b) srliw   s0, s8, 23
core   0: 1 0x0000000080004074 (0x017c541b) x8  0x0000000000000000
core   0: 0x0000000080004078 (0x0082d1b3) srl     gp, t0, s0
core   0: 1 0x0000000080004078 (0x0082d1b3) x3  0x0000000040be2000
core   0: 0x000000008000407c (0x43c5d793) srai    a5, a1, 60
core   0: 1 0x000000008000407c (0x43c5d793) x15 0x0000000000000000
core   0: 0x0000000080004080 (0x014495bb) sllw    a1, s1, s4
core   0: 1 0x0000000080004080 (0x014495bb) x11 0x0000000000000000
core   0: 0x0000000080004084 (0x0a11f1d3) fsub.d  ft3, ft3, ft1
core   0: 1 0x0000000080004084 (0x0a11f1d3) f3  0x7ff8000000000000
core   0: 0x0000000080004088 (0x0945b417) auipc   s0, 0x945b
core   0: 1 0x0000000080004088 (0x0945b417) x8  0x000000008945f088
core   0: 0x000000008000408c (0x4d976713) ori     a4, a4, 1241
core   0: 1 0x000000008000408c (0x4d976713) x14 0x00000000000004d9
core   0: 0x0000000080004090 (0x016367b3) or      a5, t1, s6
core   0: 1 0x0000000080004090 (0x016367b3) x15 0x0000000000000000
core   0: 0x0000000080004094 (0x1a1efcd3) fdiv.d  fs9, ft9, ft1
core   0: 1 0x0000000080004094 (0x1a1efcd3) f25 0x7ff8000000000000
core   0: 0x0000000080004098 (0x02fb603b) remw    zero, s6, a5
core   0: 1 0x0000000080004098 (0x02fb603b)
core   0: 0x000000008000409c (0x5a08f2d3) fsqrt.d ft5, fa7
core   0: 1 0x000000008000409c (0x5a08f2d3) f5  0x7ff8000000000000
core   0: 0x00000000800040a0 (0xf2098653) fmv.d.x fa2, s3
core   0: 1 0x00000000800040a0 (0xf2098653) f12 0x0000000000000000
core   0: 0x00000000800040a4 (0x01fe9d1b) slliw   s10, t4, 31
core   0: 1 0x00000000800040a4 (0x01fe9d1b) x26 0x0000000000000000
core   0: 0x00000000800040a8 (0xd039fbd3) fcvt.s.lu fs7, s3
core   0: 1 0x00000000800040a8 (0xd039fbd3) f23 0xffffffff00000000
core   0: 0x00000000800040ac (0x00009713) slli    a4, ra, 0
core   0: 1 0x00000000800040ac (0x00009713) x14 0x000000008000f4f6
core   0: 0x00000000800040b0 (0x0ff0000f) fence   iorw,iorw
core   0: 1 0x00000000800040b0 (0x0ff0000f)
core   0: 0x00000000800040b4 (0xfa6371c7) fmsub.d ft3, ft6, ft6, ft11
core   0: 1 0x00000000800040b4 (0xfa6371c7) f3  0x7ff8000000000000
core   0: 0x00000000800040b8 (0xc0237b53) fcvt.l.s s6, ft6
core   0: 1 0x00000000800040b8 (0xc0237b53) x22 0x0000000000000000
core   0: 0x00000000800040bc (0x2a5382d3) fmin.d  ft5, ft7, ft5
core   0: 1 0x00000000800040bc (0x2a5382d3) f5  0x7ff8000000000000
core   0: 0x00000000800040c0 (0x0ff0000f) fence   iorw,iorw
core   0: 1 0x00000000800040c0 (0x0ff0000f)
core   0: 0x00000000800040c4 (0x019b1cbb) sllw    s9, s6, s9
core   0: 1 0x00000000800040c4 (0x019b1cbb) x25 0x0000000000000000
core   0: 0x00000000800040c8 (0x00000001) c.nop
core   0: 1 0x00000000800040c8 (0x0001)
core   0: 0x00000000800040ca (0x03deebbb) remw    s7, t4, t4
core   0: 1 0x00000000800040ca (0x03deebbb) x23 0x0000000000000000
core   0: 0x00000000800040ce (0xfffbe913) ori     s2, s7, -1
core   0: 1 0x00000000800040ce (0xfffbe913) x18 0xffffffffffffffff
core   0: 0x00000000800040d2 (0x01a3553b) srlw    a0, t1, s10
core   0: 1 0x00000000800040d2 (0x01a3553b) x10 0x0000000000000000
core   0: 0x00000000800040d6 (0x89fe8e93) addi    t4, t4, -1889
core   0: 1 0x00000000800040d6 (0x89fe8e93) x29 0xfffffffffffff89f
core   0: 0x00000000800040da (0xb3397793) andi    a5, s2, -1229
core   0: 1 0x00000000800040da (0xb3397793) x15 0xfffffffffffffb33
core   0: 0x00000000800040de (0x0088d733) srl     a4, a7, s0
core   0: 1 0x00000000800040de (0x0088d733) x14 0x0000000000000000
core   0: 0x00000000800040e2 (0x018c1893) slli    a7, s8, 24
core   0: 1 0x00000000800040e2 (0x018c1893) x17 0x000000000f000000
core   0: 0x00000000800040e6 (0x0a740d17) auipc   s10, 0xa740
core   0: 1 0x00000000800040e6 (0x0a740d17) x26 0x000000008a7440e6
core   0: 0x00000000800040ea (0x10aae073) csrrsi  zero, senvcfg, 21
core   0: 1 0x00000000800040ea (0x10aae073) c266_senvcfg 0x0000000000000000
core   0: 0x00000000800040ee (0x001314f3) csrrw   s1, fflags, t1
core   0: 1 0x00000000800040ee (0x001314f3) x9  0x0000000000000000 c1_fflags 0x0000000000000000
core   0: 0x00000000800040f2 (0x00428b33) add     s6, t0, tp
core   0: 1 0x00000000800040f2 (0x00428b33) x22 0x00000000c0bf4040
core   0: 0x00000000800040f6 (0x01c81833) sll     a6, a6, t3
core   0: 1 0x00000000800040f6 (0x01c81833) x16 0x0000000000000000
core   0: 0x00000000800040fa (0xd0287cd3) fcvt.s.l fs9, a6
core   0: 1 0x00000000800040fa (0xd0287cd3) f25 0xffffffff00000000
core   0: 0x00000000800040fe (0xaac6b497) auipc   s1, 0xaac6b
core   0: 1 0x00000000800040fe (0xaac6b497) x9  0x000000002ac6f0fe
core   0: 0x0000000080004102 (0x03548e33) mul     t3, s1, s5
core   0: 1 0x0000000080004102 (0x03548e33) x28 0x0000000000000000
core   0: 0x0000000080004106 (0x024c91b3) mulh    gp, s9, tp
core   0: 1 0x0000000080004106 (0x024c91b3) x3  0x0000000000000000
core   0: 0x000000008000410a (0x4008d993) srai    s3, a7, 0
core   0: 1 0x000000008000410a (0x4008d993) x19 0x000000000f000000
core   0: 0x000000008000410e (0x2a3b89d3) fmin.d  fs3, fs7, ft3
core   0: 1 0x000000008000410e (0x2a3b89d3) f19 0x7ff8000000000000
core   0: 0x0000000080004112 (0x413d0d3b) subw    s10, s10, s3
core   0: 1 0x0000000080004112 (0x413d0d3b) x26 0x000000007b7440e6
core   0: 0x0000000080004116 (0x02468dbb) mulw    s11, a3, tp
core   0: 1 0x0000000080004116 (0x02468dbb) x27 0x0000000000000000
core   0: 0x000000008000411a (0x0148873b) addw    a4, a7, s4
core   0: 1 0x000000008000411a (0x0148873b) x14 0x000000000f000000
core   0: 0x000000008000411e (0xa36b0d53) fle.d   s10, fs6, fs6
core   0: 1 0x000000008000411e (0xa36b0d53) c1_fflags 0x0000000000000010 x26 0x0000000000000000
core   0: 0x0000000080004122 (0xe20b8953) fmv.x.d s2, fs7
core   0: 1 0x0000000080004122 (0xe20b8953) x18 0xffffffff00000000
core   0: 0x0000000080004126 (0x401ef753) fcvt.s.d fa4, ft9
core   0: 1 0x0000000080004126 (0x401ef753) f14 0xffffffff7fc00000
core   0: 0x000000008000412a (0x01294833) xor     a6, s2, s2
core   0: 1 0x000000008000412a (0x01294833) x16 0x0000000000000000
core   0: 0x000000008000412e (0xe7f8051b) addiw   a0, a6, -385
core   0: 1 0x000000008000412e (0xe7f8051b) x10 0xfffffffffffffe7f
core   0: 0x0000000080004132 (0x43685e13) srai    t3, a6, 54
core   0: 1 0x0000000080004132 (0x43685e13) x28 0x0000000000000000
core   0: 0x0000000080004136 (0x41060733) sub     a4, a2, a6
core   0: 1 0x0000000080004136 (0x41060733) x14 0x00000fffffffffff
core   0: 0x000000008000413a (0xa3d186d3) fle.d   a3, ft3, ft9
core   0: 1 0x000000008000413a (0xa3d186d3) c1_fflags 0x0000000000000010 x13 0x0000000000000000
core   0: 0x000000008000413e (0x02caeabb) remw    s5, s5, a2
core   0: 1 0x000000008000413e (0x02caeabb) x21 0x0000000000000000
core   0: 0x0000000080004142 (0xb2e7764b) fnmsub.d fa2, fa4, fa4, fs6
core   0: 1 0x0000000080004142 (0xb2e7764b) f12 0x7ff8000000000000
core   0: 0x0000000080004146 (0x00a2109b) slliw   ra, tp, 10
core   0: 1 0x0000000080004146 (0x00a2109b) x1  0x0000000004810000
core   0: 0x000000008000414a (0x0018d93b) srlw    s2, a7, ra
core   0: 1 0x000000008000414a (0x0018d93b) x18 0x000000000f000000
core   0: 0x000000008000414e (0xfea8b737) lui     a4, 0xfea8b
core   0: 1 0x000000008000414e (0xfea8b737) x14 0xfffffffffea8b000
core   0: 0x0000000080004152 (0x4437071b) addiw   a4, a4, 1091
core   0: 1 0x0000000080004152 (0x4437071b) x14 0xfffffffffea8b443
core   0: 0x0000000080004156 (0x0000073a) c.slli  a4, 14
core   0: 1 0x0000000080004156 (0x073a) x14 0xffffffaa2d10c000
core   0: 0x0000000080004158 (0xad770713) addi    a4, a4, -1321
core   0: 1 0x0000000080004158 (0xad770713) x14 0xffffffaa2d10bad7
core   0: 0x000000008000415c (0x1055d673) csrrwi  a2, stvec, 11
core   0: 1 0x000000008000415c (0x1055d673) x12 0x0000000080012040 c261_stvec 0x0000000000000009
core   0: 0x0000000080004160 (0x41465413) srai    s0, a2, 20
core   0: 1 0x0000000080004160 (0x41465413) x8  0x0000000000000800
core   0: 0x0000000080004164 (0x41a681bb) subw    gp, a3, s10
core   0: 1 0x0000000080004164 (0x41a681bb) x3  0x0000000000000000
core   0: 0x0000000080004168 (0xc2367ad3) fcvt.lu.d s5, fa2
core   0: 1 0x0000000080004168 (0xc2367ad3) c1_fflags 0x0000000000000010 x21 0xffffffffffffffff
core   0: 0x000000008000416c (0x002195f3) csrrw   a1, frm, gp
core   0: 1 0x000000008000416c (0x002195f3) x11 0x0000000000000000 c2_frm 0x0000000000000000
core   0: 0x0000000080004170 (0xe2060cd3) fmv.x.d s9, fa2
core   0: 1 0x0000000080004170 (0xe2060cd3) x25 0x7ff8000000000000
core   0: 0x0000000080004174 (0xd23cfe53) fcvt.d.lu ft8, s9
core   0: 1 0x0000000080004174 (0xd23cfe53) f28 0x43dffe0000000000
core   0: 0x0000000080004178 (0x22ee1853) fsgnjn.d fa6, ft8, fa4
core   0: 1 0x0000000080004178 (0x22ee1853) f16 0x43dffe0000000000
core   0: 0x000000008000417c (0x43d5dd13) srai    s10, a1, 61
core   0: 1 0x000000008000417c (0x43d5dd13) x26 0x0000000000000000
core   0: 0x0000000080004180 (0x4074d6b3) sra     a3, s1, t2
core   0: 1 0x0000000080004180 (0x4074d6b3) x13 0x000000002ac6f0fe
core   0: 0x0000000080004184 (0x40d551bb) sraw    gp, a0, a3
core   0: 1 0x0000000080004184 (0x40d551bb) x3  0xffffffffffffffff
core   0: 0x0000000080004188 (0xfe9a9997) auipc   s3, 0xfe9a9
core   0: 1 0x0000000080004188 (0xfe9a9997) x19 0x000000007e9ad188
core   0: 0x000000008000418c (0x6308f8c7) fmsub.d fa7, fa7, fa6, fa2
core   0: 1 0x000000008000418c (0x6308f8c7) f17 0x7ff8000000000000
core   0: 0x0000000080004190 (0x342821f3) csrrs   gp, mcause, a6
core   0: exception trap_illegal_instruction, epc 0x0000000080004190
core   0:           tval 0x00000000342821f3
core   0: >>>>  $xrv64i2p1_m2p0_a2p1_f2p2_d2p2_zicsr2p0_zifencei2p0_zmmul1p0_zba1p0_zbb1p0_zbc1p0_zbs1p0
core   0: 0x0000000080004000 (0x0080006f) j       pc + 0x8
core   0: 3 0x0000000080004000 (0x0080006f)
core   0: >>>>  mmode_exception_handler
core   0: 0x0000000080004008 (0x00002c17) auipc   s8, 0x2
core   0: 3 0x0000000080004008 (0x00002c17) x24 0x0000000080006008
core   0: 0x000000008000400c (0x09cc0c13) addi    s8, s8, 156
core   0: 3 0x000000008000400c (0x09cc0c13) x24 0x00000000800060a4
core   0: 0x0000000080004010 (0x000c00e7) jalr    s8
core   0: 3 0x0000000080004010 (0x000c00e7) x1  0x0000000080004014
core   0: >>>>  any_handler
core   0: 0x00000000800060a4 (0x341027f3) csrrs   a5, mepc, zero
core   0: 3 0x00000000800060a4 (0x341027f3) x15 0x0000000080004190
core   0: 0x00000000800060a8 (0x34202773) csrrs   a4, mcause, zero
core   0: 3 0x00000000800060a8 (0x34202773) x14 0x0000000000000002
core   0: 0x00000000800060ac (0x142026f3) csrrs   a3, scause, zero
core   0: 3 0x00000000800060ac (0x142026f3) x13 0x0000000000000000
core   0: 0x00000000800060b0 (0x30402673) csrrs   a2, mie, zero
core   0: 3 0x00000000800060b0 (0x30402673) x12 0x0000000000000a00
core   0: 0x00000000800060b4 (0x344025f3) csrrs   a1, mip, zero
core   0: 3 0x00000000800060b4 (0x344025f3) x11 0x0000000000000080
core   0: 0x00000000800060b8 (0x343025f3) csrrs   a1, mtval, zero
core   0: 3 0x00000000800060b8 (0x343025f3) x11 0x00000000342821f3
core   0: 0x00000000800060bc (0x14302573) csrrs   a0, stval, zero
core   0: 3 0x00000000800060bc (0x14302573) x10 0x0000000000000000
core   0: 0x00000000800060c0 (0xb02024f3) csrrs   s1, minstret, zero
core   0: 3 0x00000000800060c0 (0xb02024f3) x9  0x0000000000000824
core   0: 0x00000000800060c4 (0x0000a811) c.j     pc + 20
core   0: 3 0x00000000800060c4 (0xa811)
core   0: >>>>  mepc_4
core   0: 0x00000000800060d8 (0x00000791) c.addi  a5, 4
core   0: 3 0x00000000800060d8 (0x0791) x15 0x0000000080004194
core   0: 0x00000000800060da (0x34179073) csrrw   zero, mepc, a5
core   0: 3 0x00000000800060da (0x34179073) c833_mepc 0x0000000080004194
core   0: 0x00000000800060de (0x30200073) mret
core   0: 3 0x00000000800060de (0x30200073) c768_mstatus 0x8000000a00106080
core   0: 0x0000000080004194 (0x034eda3b) divuw   s4, t4, s4
core   0: 1 0x0000000080004194 (0x034eda3b) x20 0xffffffffffffffff
core   0: 0x0000000080004198 (0x52d5f547) fmsub.d fa0, fa1, fa3, fa0
core   0: 1 0x0000000080004198 (0x52d5f547) f10 0x7ff8000000000000
core   0: 0x000000008000419c (0x402282bb) subw    t0, t0, sp
core   0: 1 0x000000008000419c (0x402282bb) x5  0x0000000040be2000
core   0: 0x00000000800041a0 (0x23368b53) fsgnj.d fs6, fa3, fs3
core   0: 1 0x00000000800041a0 (0x23368b53) f22 0x7fffffff00000000
core   0: 0x00000000800041a4 (0x93fce093) ori     ra, s9, -1729
core   0: 1 0x00000000800041a4 (0x93fce093) x1  0xfffffffffffff93f
core   0: 0x00000000800041a8 (0x0012921b) slliw   tp, t0, 1
core   0: 1 0x00000000800041a8 (0x0012921b) x4  0xffffffff817c4000
core   0: 0x00000000800041ac (0xc038fad3) fcvt.lu.s s5, fa7
core   0: 1 0x00000000800041ac (0xc038fad3) c1_fflags 0x0000000000000010 x21 0xffffffffffffffff
core   0: 0x00000000800041b0 (0xf12eb373) csrrc   t1, marchid, t4
core   0: exception trap_illegal_instruction, epc 0x00000000800041b0
core   0:           tval 0x00000000f12eb373
core   0: >>>>  $xrv64i2p1_m2p0_a2p1_f2p2_d2p2_zicsr2p0_zifencei2p0_zmmul1p0_zba1p0_zbb1p0_zbc1p0_zbs1p0
core   0: 0x0000000080004000 (0x0080006f) j       pc + 0x8
core   0: 3 0x0000000080004000 (0x0080006f)
core   0: >>>>  mmode_exception_handler
core   0: 0x0000000080004008 (0x00002c17) auipc   s8, 0x2
core   0: 3 0x0000000080004008 (0x00002c17) x24 0x0000000080006008
core   0: 0x000000008000400c (0x09cc0c13) addi    s8, s8, 156
core   0: 3 0x000000008000400c (0x09cc0c13) x24 0x00000000800060a4
core   0: 0x0000000080004010 (0x000c00e7) jalr    s8
core   0: 3 0x0000000080004010 (0x000c00e7) x1  0x0000000080004014
core   0: >>>>  any_handler
core   0: 0x00000000800060a4 (0x341027f3) csrrs   a5, mepc, zero
core   0: 3 0x00000000800060a4 (0x341027f3) x15 0x00000000800041b0
core   0: 0x00000000800060a8 (0x34202773) csrrs   a4, mcause, zero
core   0: 3 0x00000000800060a8 (0x34202773) x14 0x0000000000000002
core   0: 0x00000000800060ac (0x142026f3) csrrs   a3, scause, zero
core   0: 3 0x00000000800060ac (0x142026f3) x13 0x0000000000000000
core   0: 0x00000000800060b0 (0x30402673) csrrs   a2, mie, zero
core   0: 3 0x00000000800060b0 (0x30402673) x12 0x0000000000000a00
core   0: 0x00000000800060b4 (0x344025f3) csrrs   a1, mip, zero
core   0: 3 0x00000000800060b4 (0x344025f3) x11 0x0000000000000080
core   0: 0x00000000800060b8 (0x343025f3) csrrs   a1, mtval, zero
core   0: 3 0x00000000800060b8 (0x343025f3) x11 0x00000000f12eb373
core   0: 0x00000000800060bc (0x14302573) csrrs   a0, stval, zero
core   0: 3 0x00000000800060bc (0x14302573) x10 0x0000000000000000
core   0: 0x00000000800060c0 (0xb02024f3) csrrs   s1, minstret, zero
core   0: 3 0x00000000800060c0 (0xb02024f3) x9  0x000000000000083b
core   0: 0x00000000800060c4 (0x0000a811) c.j     pc + 20
core   0: 3 0x00000000800060c4 (0xa811)
core   0: >>>>  mepc_4
core   0: 0x00000000800060d8 (0x00000791) c.addi  a5, 4
core   0: 3 0x00000000800060d8 (0x0791) x15 0x00000000800041b4
core   0: 0x00000000800060da (0x34179073) csrrw   zero, mepc, a5
core   0: 3 0x00000000800060da (0x34179073) c833_mepc 0x00000000800041b4
core   0: 0x00000000800060de (0x30200073) mret
core   0: 3 0x00000000800060de (0x30200073) c768_mstatus 0x8000000a00106080
core   0: 0x00000000800041b4 (0xef537193) andi    gp, t1, -267
core   0: 1 0x00000000800041b4 (0xef537193) x3  0x0000000000000000
core   0: 0x00000000800041b8 (0x4005d513) srai    a0, a1, 0
core   0: 1 0x00000000800041b8 (0x4005d513) x10 0x00000000f12eb373
core   0: 0x00000000800041bc (0xfe1993b7) lui     t2, 0xfe199
core   0: 1 0x00000000800041bc (0xfe1993b7) x7  0xfffffffffe199000
core   0: 0x00000000800041c0 (0x2c33839b) addiw   t2, t2, 707
core   0: 1 0x00000000800041c0 (0x2c33839b) x7  0xfffffffffe1992c3
core   0: 0x00000000800041c4 (0x000003b6) c.slli  t2, 13
core   0: 1 0x00000000800041c4 (0x03b6) x7  0xffffffc332586000
core   0: 0x00000000800041c6 (0xc6f38393) addi    t2, t2, -913
core   0: 1 0x00000000800041c6 (0xc6f38393) x7  0xffffffc332585c6f
core   0: 0x00000000800041ca (0xd0237653) fcvt.s.l fa2, t1
core   0: 1 0x00000000800041ca (0xd0237653) f12 0xffffffff00000000
core   0: 0x00000000800041ce (0x43f1dc93) srai    s9, gp, 63
core   0: 1 0x00000000800041ce (0x43f1dc93) x25 0x0000000000000000
core   0: 0x00000000800041d2 (0x020547b3) div     a5, a0, zero
core   0: 1 0x00000000800041d2 (0x020547b3) x15 0xffffffffffffffff
core   0: 0x00000000800041d6 (0x02ab0b33) mul     s6, s6, a0
core   0: 1 0x00000000800041d6 (0x02ab0b33) x22 0xb59734f61b569cc0
core   0: 0x00000000800041da (0x03c1fad3) fadd.d  fs5, ft3, ft8
core   0: 1 0x00000000800041da (0x03c1fad3) f21 0x7ff8000000000000
core   0: 0x00000000800041de (0xc223f753) fcvt.l.d a4, ft7
core   0: 1 0x00000000800041de (0xc223f753) c1_fflags 0x0000000000000010 x14 0x7fffffffffffffff
core   0: 0x00000000800041e2 (0xc22af853) fcvt.l.d a6, fs5
core   0: 1 0x00000000800041e2 (0xc22af853) c1_fflags 0x0000000000000010 x16 0x7fffffffffffffff
core   0: 0x00000000800041e6 (0x03c70ab3) mul     s5, a4, t3
core   0: 1 0x00000000800041e6 (0x03c70ab3) x21 0x0000000000000000
core   0: 0x00000000800041ea (0x02831193) slli    gp, t1, 40
core   0: 1 0x00000000800041ea (0x02831193) x3  0x0000000000000000
core   0: 0x00000000800041ee (0xf2080453) fmv.d.x fs0, a6
core   0: 1 0x00000000800041ee (0xf2080453) f8  0x7fffffffffffffff
core   0: 0x00000000800041f2 (0x001a94f3) csrrw   s1, fflags, s5
core   0: 1 0x00000000800041f2 (0x001a94f3) x9  0x0000000000000010 c1_fflags 0x0000000000000000
core   0: 0x00000000800041f6 (0x009a85bb) addw    a1, s5, s1
core   0: 1 0x00000000800041f6 (0x009a85bb) x11 0x0000000000000010
core   0: 0x00000000800041fa (0x228aa753) fsgnjx.d fa4, fs5, fs0
core   0: 1 0x00000000800041fa (0x228aa753) f14 0x7ff8000000000000
core   0: 0x00000000800041fe (0xd22172d3) fcvt.d.l ft5, sp
core   0: 1 0x00000000800041fe (0xd22172d3) f5  0x0000000000000000
core   0: 0x0000000080004202 (0x83067843) fmadd.d fa6, fa2, fa6, fa6
core   0: 1 0x0000000080004202 (0x83067843) f16 0x7ff8000000000000
core   0: 0x0000000080004206 (0x00ce77b7) lui     a5, 0xce7
core   0: 1 0x0000000080004206 (0x00ce77b7) x15 0x0000000000ce7000
core   0: 0x000000008000420a (0x35f7879b) addiw   a5, a5, 863
core   0: 1 0x000000008000420a (0x35f7879b) x15 0x0000000000ce735f
core   0: 0x000000008000420e (0x000007b2) c.slli  a5, 12
core   0: 1 0x000000008000420e (0x07b2) x15 0x0000000ce735f000
core   0: 0x0000000080004210 (0xd6c78793) addi    a5, a5, -660
core   0: 1 0x0000000080004210 (0xd6c78793) x15 0x0000000ce735ed6c
core   0: 0x0000000080004214 (0xd4c7e713) ori     a4, a5, -692
core   0: 1 0x0000000080004214 (0xd4c7e713) x14 0xfffffffffffffd6c
core   0: 0x0000000080004218 (0x001020f3) csrrs   ra, fflags, zero
core   0: 1 0x0000000080004218 (0x001020f3) x1  0x0000000000000000
core   0: 0x000000008000421c (0x02e09033) mulh    zero, ra, a4
core   0: 1 0x000000008000421c (0x02e09033)
core   0: 0x0000000080004220 (0x000091d2) c.add   gp, s4
core   0: 1 0x0000000080004220 (0x91d2) x3  0xffffffffffffffff
core   0: 0x0000000080004222 (0x019cfcb3) and     s9, s9, s9
core   0: 1 0x0000000080004222 (0x019cfcb3) x25 0x0000000000000000
core   0: 0x0000000080004226 (0x2a5e96d3) fmax.d  fa3, ft9, ft5
core   0: 1 0x0000000080004226 (0x2a5e96d3) f13 0x0000000000000000
core   0: 0x000000008000422a (0xf13635f3) csrrc   a1, mimpid, a2
core   0: exception trap_illegal_instruction, epc 0x000000008000422a
core   0:           tval 0x00000000f13635f3
core   0: >>>>  $xrv64i2p1_m2p0_a2p1_f2p2_d2p2_zicsr2p0_zifencei2p0_zmmul1p0_zba1p0_zbb1p0_zbc1p0_zbs1p0
core   0: 0x0000000080004000 (0x0080006f) j       pc + 0x8
core   0: 3 0x0000000080004000 (0x0080006f)
core   0: >>>>  mmode_exception_handler
core   0: 0x0000000080004008 (0x00002c17) auipc   s8, 0x2
core   0: 3 0x0000000080004008 (0x00002c17) x24 0x0000000080006008
core   0: 0x000000008000400c (0x09cc0c13) addi    s8, s8, 156
core   0: 3 0x000000008000400c (0x09cc0c13) x24 0x00000000800060a4
core   0: 0x0000000080004010 (0x000c00e7) jalr    s8
core   0: 3 0x0000000080004010 (0x000c00e7) x1  0x0000000080004014
core   0: >>>>  any_handler
core   0: 0x00000000800060a4 (0x341027f3) csrrs   a5, mepc, zero
core   0: 3 0x00000000800060a4 (0x341027f3) x15 0x000000008000422a
core   0: 0x00000000800060a8 (0x34202773) csrrs   a4, mcause, zero
core   0: 3 0x00000000800060a8 (0x34202773) x14 0x0000000000000002
core   0: 0x00000000800060ac (0x142026f3) csrrs   a3, scause, zero
core   0: 3 0x00000000800060ac (0x142026f3) x13 0x0000000000000000
core   0: 0x00000000800060b0 (0x30402673) csrrs   a2, mie, zero
core   0: 3 0x00000000800060b0 (0x30402673) x12 0x0000000000000a00
core   0: 0x00000000800060b4 (0x344025f3) csrrs   a1, mip, zero
core   0: 3 0x00000000800060b4 (0x344025f3) x11 0x0000000000000080
core   0: 0x00000000800060b8 (0x343025f3) csrrs   a1, mtval, zero
core   0: 3 0x00000000800060b8 (0x343025f3) x11 0x00000000f13635f3
core   0: 0x00000000800060bc (0x14302573) csrrs   a0, stval, zero
core   0: 3 0x00000000800060bc (0x14302573) x10 0x0000000000000000
core   0: 0x00000000800060c0 (0xb02024f3) csrrs   s1, minstret, zero
core   0: 3 0x00000000800060c0 (0xb02024f3) x9  0x000000000000086a
core   0: 0x00000000800060c4 (0x0000a811) c.j     pc + 20
core   0: 3 0x00000000800060c4 (0xa811)
core   0: >>>>  mepc_4
core   0: 0x00000000800060d8 (0x00000791) c.addi  a5, 4
core   0: 3 0x00000000800060d8 (0x0791) x15 0x000000008000422e
core   0: 0x00000000800060da (0x34179073) csrrw   zero, mepc, a5
core   0: 3 0x00000000800060da (0x34179073) c833_mepc 0x000000008000422e
core   0: 0x00000000800060de (0x30200073) mret
core   0: 3 0x00000000800060de (0x30200073) c768_mstatus 0x8000000a00106080
core   0: 0x000000008000422e (0xc2087853) fcvt.w.d a6, fa6
core   0: 1 0x000000008000422e (0xc2087853) c1_fflags 0x0000000000000010 x16 0x000000007fffffff
core   0: 0x0000000080004232 (0x0271b133) mulhu   sp, gp, t2
core   0: 1 0x0000000080004232 (0x0271b133) x2  0xffffffc332585c6e
core   0: 0x0000000080004236 (0x4004531b) sraiw   t1, s0, 0
core   0: 1 0x0000000080004236 (0x4004531b) x6  0x0000000000000800
core   0: 0x000000008000423a (0xc03873d3) fcvt.lu.s t2, fa6
core   0: 1 0x000000008000423a (0xc03873d3) c1_fflags 0x0000000000000010 x7  0xffffffffffffffff
core   0: 0x000000008000423e (0x036b3b33) mulhu   s6, s6, s6
core   0: 1 0x000000008000423e (0x036b3b33) x22 0x80cf2a3387f1a188
core   0: 0x0000000080004242 (0x407b8b33) sub     s6, s7, t2
core   0: 1 0x0000000080004242 (0x407b8b33) x22 0x0000000000000001
core   0: 0x0000000080004246 (0xd03bf853) fcvt.s.lu fa6, s7
core   0: 1 0x0000000080004246 (0xd03bf853) f16 0xffffffff00000000
core   0: 0x000000008000424a (0x00f18eb3) add     t4, gp, a5
core   0: 1 0x000000008000424a (0x00f18eb3) x29 0x000000008000422d
core   0: 0x000000008000424e (0xfffafa93) andi    s5, s5, -1
core   0: 1 0x000000008000424e (0xfffafa93) x21 0x0000000000000000
core   0: 0x0000000080004252 (0x0027c3b3) xor     t2, a5, sp
core   0: 1 0x0000000080004252 (0x0027c3b3) x7  0xffffffc3b2581e40
core   0: 0x0000000080004256 (0xc202fbd3) fcvt.w.d s7, ft5
core   0: 1 0x0000000080004256 (0xc202fbd3) x23 0x0000000000000000
core   0: 0x000000008000425a (0x43f25e13) srai    t3, tp, 63
core   0: 1 0x000000008000425a (0x43f25e13) x28 0xffffffffffffffff
core   0: 0x000000008000425e (0x0af5ff53) fsub.d  ft10, fa1, fa5
core   0: 1 0x000000008000425e (0x0af5ff53) f30 0x7ff8000000000000
core   0: 0x0000000080004262 (0x22a69ad3) fsgnjn.d fs5, fa3, fa0
core   0: 1 0x0000000080004262 (0x22a69ad3) f21 0x8000000000000000
core   0: 0x0000000080004266 (0xc236f553) fcvt.lu.d a0, fa3
core   0: 1 0x0000000080004266 (0xc236f553) x10 0x0000000000000000
core   0: 0x000000008000426a (0xd0207fd3) fcvt.s.l ft11, zero
core   0: 1 0x000000008000426a (0xd0207fd3) f31 0xffffffff00000000
core   0: 0x000000008000426e (0x335179cf) fnmadd.d fs3, ft2, fs5, ft6
core   0: 1 0x000000008000426e (0x335179cf) f19 0x7ff8000000000000
core   0: 0x0000000080004272 (0xd2377453) fcvt.d.lu fs0, a4
core   0: 1 0x0000000080004272 (0xd2377453) f8  0x4000000000000000
core   0: 0x0000000080004276 (0x01ca1e93) slli    t4, s4, 28
core   0: 1 0x0000000080004276 (0x01ca1e93) x29 0xfffffffff0000000
core   0: 0x000000008000427a (0xd220f0d3) fcvt.d.l ft1, ra
core   0: 1 0x000000008000427a (0xd220f0d3) f1  0x41e0000802800000
core   0: 0x000000008000427e (0x01de56bb) srlw    a3, t3, t4
core   0: 1 0x000000008000427e (0x01de56bb) x13 0xffffffffffffffff
core   0: 0x0000000080004282 (0x01d37433) and     s0, t1, t4
core   0: 1 0x0000000080004282 (0x01d37433) x8  0x0000000000000000
core   0: 0x0000000080004286 (0x1d330a13) addi    s4, t1, 467
core   0: 1 0x0000000080004286 (0x1d330a13) x20 0x00000000000009d3
core   0: 0x000000008000428a (0x00141673) csrrw   a2, fflags, s0
core   0: 1 0x000000008000428a (0x00141673) x12 0x0000000000000010 c1_fflags 0x0000000000000000
core   0: 0x000000008000428e (0x41160cbb) subw    s9, a2, a7
core   0: 1 0x000000008000428e (0x41160cbb) x25 0xfffffffff1000010
core   0: 0x0000000080004292 (0x41d10bbb) subw    s7, sp, t4
core   0: 1 0x0000000080004292 (0x41d10bbb) x23 0x0000000042585c6e
core   0: 0x0000000080004296 (0x24214293) xori    t0, sp, 578
core   0: 1 0x0000000080004296 (0x24214293) x5  0xffffffc332585e2c
core   0: 0x000000008000429a (0x00639e33) sll     t3, t2, t1
core   0: 1 0x000000008000429a (0x00639e33) x28 0xffffffc3b2581e40
core   0: 0x000000008000429e (0x4173d893) srai    a7, t2, 23
core   0: 1 0x000000008000429e (0x4173d893) x17 0xffffffffffff8764
core   0: 0x00000000800042a2 (0x41bb8633) sub     a2, s7, s11
core   0: 1 0x00000000800042a2 (0x41bb8633) x12 0x0000000042585c6e
core   0: 0x00000000800042a6 (0xf2038f53) fmv.d.x ft10, t2
core   0: 1 0x00000000800042a6 (0xf2038f53) f30 0xffffffc3b2581e40
core   0: 0x00000000800042aa (0x01189193) slli    gp, a7, 17
core   0: 1 0x00000000800042aa (0x01189193) x3  0xffffffff0ec80000
core   0: 0x00000000800042ae (0xd231f553) fcvt.d.lu fa0, gp
core   0: 1 0x00000000800042ae (0xd231f553) f10 0x43efffffffe1d900
core   0: 0x00000000800042b2 (0x7f534013) xori    zero, t1, 2037
core   0: 1 0x00000000800042b2 (0x7f534013)
core   0: 0x00000000800042b6 (0x7082fb93) andi    s7, t0, 1800
core   0: 1 0x00000000800042b6 (0x7082fb93) x23 0x0000000000000608
core   0: 0x00000000800042ba (0x014bd51b) srliw   a0, s7, 20
core   0: 1 0x00000000800042ba (0x014bd51b) x10 0x0000000000000000
core   0: 0x00000000800042be (0x00000001) c.nop
core   0: 1 0x00000000800042be (0x0001)
core   0: 0x00000000800042c0 (0x03ef77d3) fadd.d  fa5, ft10, ft10
core   0: 1 0x00000000800042c0 (0x03ef77d3) f15 0x7ff8000000000000
core   0: 0x00000000800042c4 (0xb07cfa93) andi    s5, s9, -1273
core   0: 1 0x00000000800042c4 (0xb07cfa93) x21 0xfffffffff1000000
core   0: 0x00000000800042c8 (0x00655b3b) srlw    s6, a0, t1
core   0: 1 0x00000000800042c8 (0x00655b3b) x22 0x0000000000000000
core   0: 0x00000000800042cc (0x0350e7bb) remw    a5, ra, s5
core   0: 1 0x00000000800042cc (0x0350e7bb) x15 0xfffffffff8004014
core   0: 0x00000000800042d0 (0xa3ed88d3) fle.d   a7, fs11, ft10
core   0: 1 0x00000000800042d0 (0xa3ed88d3) c1_fflags 0x0000000000000010 x17 0x0000000000000000
core   0: 0x00000000800042d4 (0xc22c75d3) fcvt.l.d a1, fs8
core   0: 1 0x00000000800042d4 (0xc22c75d3) c1_fflags 0x0000000000000010 x11 0x7fffffffffffffff
core   0: 0x00000000800042d8 (0x00185e93) srli    t4, a6, 1
core   0: 1 0x00000000800042d8 (0x00185e93) x29 0x000000003fffffff
core   0: 0x00000000800042dc (0x00102a73) csrrs   s4, fflags, zero
core   0: 1 0x00000000800042dc (0x00102a73) x20 0x0000000000000010
core   0: 0x00000000800042e0 (0xd22170d3) fcvt.d.l ft1, sp
core   0: 1 0x00000000800042e0 (0xd22170d3) f1  0xc24e66d3d1c90000
core   0: 0x00000000800042e4 (0x41555dbb) sraw    s11, a0, s5
core   0: 1 0x00000000800042e4 (0x41555dbb) x27 0x0000000000000000
core   0: 0x00000000800042e8 (0x40950433) sub     s0, a0, s1
core   0: 1 0x00000000800042e8 (0x40950433) x8  0xfffffffffffff796
core   0: 0x00000000800042ec (0x410157b3) sra     a5, sp, a6
core   0: 1 0x00000000800042ec (0x410157b3) x15 0xffffffffffffffff
core   0: 0x00000000800042f0 (0x40e6dd3b) sraw    s10, a3, a4
core   0: 1 0x00000000800042f0 (0x40e6dd3b) x26 0xffffffffffffffff
core   0: 0x00000000800042f4 (0x8644cb97) auipc   s7, 0x8644c
core   0: 1 0x00000000800042f4 (0x8644cb97) x23 0x00000000064502f4
core   0: 0x00000000800042f8 (0x001d3493) seqz    s1, s10
core   0: 1 0x00000000800042f8 (0x001d3493) x9  0x0000000000000000
core   0: 0x00000000800042fc (0x00f776b3) and     a3, a4, a5
core   0: 1 0x00000000800042fc (0x00f776b3) x13 0x0000000000000002
core   0: 0x0000000080004300 (0x402951b3) sra     gp, s2, sp
core   0: 1 0x0000000080004300 (0x402951b3) x3  0x0000000000000000
core   0: 0x0000000080004304 (0xd22df653) fcvt.d.l fa2, s11
core   0: 1 0x0000000080004304 (0xd22df653) f12 0x0000000000000000
core   0: 0x0000000080004308 (0xd22675d3) fcvt.d.l fa1, a2
core   0: 1 0x0000000080004308 (0xd22675d3) f11 0x41d096171b800000
core   0: 0x000000008000430c (0x83757bcb) fnmsub.d fs7, fa0, fs7, fa6
core   0: 1 0x000000008000430c (0x83757bcb) f23 0x7ff8000000000000
core   0: 0x0000000080004310 (0x400b5b1b) sraiw   s6, s6, 0
core   0: 1 0x0000000080004310 (0x400b5b1b) x22 0x0000000000000000
core   0: 0x0000000080004314 (0xbb7ffc4f) fnmadd.d fs8, ft11, fs7, fs7
core   0: 1 0x0000000080004314 (0xbb7ffc4f) f24 0x7ff8000000000000
core   0: 0x0000000080004318 (0x00ce1e33) sll     t3, t3, a2
core   0: 1 0x0000000080004318 (0x00ce1e33) x28 0x0790000000000000
core   0: 0x000000008000431c (0x00000001) c.nop
core   0: 1 0x000000008000431c (0x0001)
core   0: 0x000000008000431e (0x41c1d0b3) sra     ra, gp, t3
core   0: 1 0x000000008000431e (0x41c1d0b3) x1  0x0000000000000000
core   0: 0x0000000080004322 (0x002e1373) csrrw   t1, frm, t3
core   0: 1 0x0000000080004322 (0x002e1373) x6  0x0000000000000000 c2_frm 0x0000000000000000
core   0: 0x0000000080004326 (0xbaac794b) fnmsub.d fs2, fs8, fa0, fs7
core   0: 1 0x0000000080004326 (0xbaac794b) f18 0x7ff8000000000000
core   0: 0x000000008000432a (0x40680b3b) subw    s6, a6, t1
core   0: 1 0x000000008000432a (0x40680b3b) x22 0x000000007fffffff
core   0: 0x000000008000432e (0x00000001) c.nop
core   0: 1 0x000000008000432e (0x0001)
core   0: 0x0000000080004330 (0x03c971d3) fadd.d  ft3, fs2, ft8
core   0: 1 0x0000000080004330 (0x03c971d3) f3  0x7ff8000000000000
core   0: 0x0000000080004334 (0x23938253) fsgnj.d ft4, ft7, fs9
core   0: 1 0x0000000080004334 (0x23938253) f4  0xfff8000000000000
core   0: 0x0000000080004338 (0x23d98ed3) fsgnj.d ft9, fs3, ft9
core   0: 1 0x0000000080004338 (0x23d98ed3) f29 0xfff8000000000000
core   0: 0x000000008000433c (0x03f09713) slli    a4, ra, 63
core   0: 1 0x000000008000433c (0x03f09713) x14 0x0000000000000000
core   0: 0x0000000080004340 (0x40035d13) srai    s10, t1, 0
core   0: 1 0x0000000080004340 (0x40035d13) x26 0x0000000000000000
core   0: 0x0000000080004344 (0xc23ef453) fcvt.lu.d s0, ft9
core   0: 1 0x0000000080004344 (0xc23ef453) c1_fflags 0x0000000000000010 x8  0xffffffffffffffff
core   0: 0x0000000080004348 (0xc27af94f) fnmadd.d fs2, fs5, ft7, fs8
core   0: 1 0x0000000080004348 (0xc27af94f) f18 0x7ff8000000000000
core   0: 0x000000008000434c (0xd027f453) fcvt.s.l fs0, a5
core   0: 1 0x000000008000434c (0xd027f453) f8  0xffffffffbf800000
core   0: 0x0000000080004350 (0x02d070bb) remuw   ra, zero, a3
core   0: 1 0x0000000080004350 (0x02d070bb) x1  0x0000000000000000
core   0: 0x0000000080004354 (0x02756533) rem     a0, a0, t2
core   0: 1 0x0000000080004354 (0x02756533) x10 0x0000000000000000
core   0: 0x0000000080004358 (0x3200f0f3) csrrci  ra, mcountinhibit, 1
core   0: exception trap_illegal_instruction, epc 0x0000000080004358
core   0:           tval 0x000000003200f0f3
core   0: >>>>  $xrv64i2p1_m2p0_a2p1_f2p2_d2p2_zicsr2p0_zifencei2p0_zmmul1p0_zba1p0_zbb1p0_zbc1p0_zbs1p0
core   0: 0x0000000080004000 (0x0080006f) j       pc + 0x8
core   0: 3 0x0000000080004000 (0x0080006f)
core   0: >>>>  mmode_exception_handler
core   0: 0x0000000080004008 (0x00002c17) auipc   s8, 0x2
core   0: 3 0x0000000080004008 (0x00002c17) x24 0x0000000080006008
core   0: 0x000000008000400c (0x09cc0c13) addi    s8, s8, 156
core   0: 3 0x000000008000400c (0x09cc0c13) x24 0x00000000800060a4
core   0: 0x0000000080004010 (0x000c00e7) jalr    s8
core   0: 3 0x0000000080004010 (0x000c00e7) x1  0x0000000080004014
core   0: >>>>  any_handler
core   0: 0x00000000800060a4 (0x341027f3) csrrs   a5, mepc, zero
core   0: 3 0x00000000800060a4 (0x341027f3) x15 0x0000000080004358
core   0: 0x00000000800060a8 (0x34202773) csrrs   a4, mcause, zero
core   0: 3 0x00000000800060a8 (0x34202773) x14 0x0000000000000002
core   0: 0x00000000800060ac (0x142026f3) csrrs   a3, scause, zero
core   0: 3 0x00000000800060ac (0x142026f3) x13 0x0000000000000000
core   0: 0x00000000800060b0 (0x30402673) csrrs   a2, mie, zero
core   0: 3 0x00000000800060b0 (0x30402673) x12 0x0000000000000a00
core   0: 0x00000000800060b4 (0x344025f3) csrrs   a1, mip, zero
core   0: 3 0x00000000800060b4 (0x344025f3) x11 0x0000000000000080
core   0: 0x00000000800060b8 (0x343025f3) csrrs   a1, mtval, zero
core   0: 3 0x00000000800060b8 (0x343025f3) x11 0x000000003200f0f3
core   0: 0x00000000800060bc (0x14302573) csrrs   a0, stval, zero
core   0: 3 0x00000000800060bc (0x14302573) x10 0x0000000000000000
core   0: 0x00000000800060c0 (0xb02024f3) csrrs   s1, minstret, zero
core   0: 3 0x00000000800060c0 (0xb02024f3) x9  0x00000000000008c6
core   0: 0x00000000800060c4 (0x0000a811) c.j     pc + 20
core   0: 3 0x00000000800060c4 (0xa811)
core   0: >>>>  mepc_4
core   0: 0x00000000800060d8 (0x00000791) c.addi  a5, 4
core   0: 3 0x00000000800060d8 (0x0791) x15 0x000000008000435c
core   0: 0x00000000800060da (0x34179073) csrrw   zero, mepc, a5
core   0: 3 0x00000000800060da (0x34179073) c833_mepc 0x000000008000435c
core   0: 0x00000000800060de (0x30200073) mret
core   0: 3 0x00000000800060de (0x30200073) c768_mstatus 0x8000000a00106080
core   0: 0x000000008000435c (0x4000d013) srai    zero, ra, 0
core   0: 1 0x000000008000435c (0x4000d013)
core   0: 0x0000000080004360 (0xc228f3d3) fcvt.l.d t2, fa7
core   0: 1 0x0000000080004360 (0xc228f3d3) c1_fflags 0x0000000000000010 x7  0x7fffffffffffffff
core   0: 0x0000000080004364 (0x0030d03b) srlw    zero, ra, gp
core   0: 1 0x0000000080004364 (0x0030d03b)
core   0: 0x0000000080004368 (0x23ad1e53) fsgnjn.d ft8, fs10, fs10
core   0: 1 0x0000000080004368 (0x23ad1e53) f28 0x7fffffff00000000
core   0: 0x000000008000436c (0x406554b3) sra     s1, a0, t1
core   0: 1 0x000000008000436c (0x406554b3) x9  0x0000000000000000
core   0: 0x0000000080004370 (0x02807033) remu    zero, zero, s0
core   0: 1 0x0000000080004370 (0x02807033)
core   0: 0x0000000080004374 (0x0089033b) addw    t1, s2, s0
core   0: 1 0x0000000080004374 (0x0089033b) x6  0x000000000effffff
core   0: 0x0000000080004378 (0x23cbf243) fmadd.d ft4, fs7, ft8, ft4
core   0: 1 0x0000000080004378 (0x23cbf243) f4  0x7ff8000000000000
core   0: 0x000000008000437c (0x12f377d3) fmul.d  fa5, ft6, fa5
core   0: 1 0x000000008000437c (0x12f377d3) f15 0x7ff8000000000000
core   0: 0x0000000080004380 (0x0ff0000f) fence   iorw,iorw
core   0: 1 0x0000000080004380 (0x0ff0000f)
core   0: 0x0000000080004384 (0xf1185073) csrrwi  zero, mvendorid, 16
core   0: exception trap_illegal_instruction, epc 0x0000000080004384
core   0:           tval 0x00000000f1185073
core   0: >>>>  $xrv64i2p1_m2p0_a2p1_f2p2_d2p2_zicsr2p0_zifencei2p0_zmmul1p0_zba1p0_zbb1p0_zbc1p0_zbs1p0
core   0: 0x0000000080004000 (0x0080006f) j       pc + 0x8
core   0: 3 0x0000000080004000 (0x0080006f)
core   0: >>>>  mmode_exception_handler
core   0: 0x0000000080004008 (0x00002c17) auipc   s8, 0x2
core   0: 3 0x0000000080004008 (0x00002c17) x24 0x0000000080006008
core   0: 0x000000008000400c (0x09cc0c13) addi    s8, s8, 156
core   0: 3 0x000000008000400c (0x09cc0c13) x24 0x00000000800060a4
core   0: 0x0000000080004010 (0x000c00e7) jalr    s8
core   0: 3 0x0000000080004010 (0x000c00e7) x1  0x0000000080004014
core   0: >>>>  any_handler
core   0: 0x00000000800060a4 (0x341027f3) csrrs   a5, mepc, zero
core   0: 3 0x00000000800060a4 (0x341027f3) x15 0x0000000080004384
core   0: 0x00000000800060a8 (0x34202773) csrrs   a4, mcause, zero
core   0: 3 0x00000000800060a8 (0x34202773) x14 0x0000000000000002
core   0: 0x00000000800060ac (0x142026f3) csrrs   a3, scause, zero
core   0: 3 0x00000000800060ac (0x142026f3) x13 0x0000000000000000
core   0: 0x00000000800060b0 (0x30402673) csrrs   a2, mie, zero
core   0: 3 0x00000000800060b0 (0x30402673) x12 0x0000000000000a00
core   0: 0x00000000800060b4 (0x344025f3) csrrs   a1, mip, zero
core   0: 3 0x00000000800060b4 (0x344025f3) x11 0x0000000000000080
core   0: 0x00000000800060b8 (0x343025f3) csrrs   a1, mtval, zero
core   0: 3 0x00000000800060b8 (0x343025f3) x11 0x00000000f1185073
core   0: 0x00000000800060bc (0x14302573) csrrs   a0, stval, zero
core   0: 3 0x00000000800060bc (0x14302573) x10 0x0000000000000000
core   0: 0x00000000800060c0 (0xb02024f3) csrrs   s1, minstret, zero
core   0: 3 0x00000000800060c0 (0xb02024f3) x9  0x00000000000008e0
core   0: 0x00000000800060c4 (0x0000a811) c.j     pc + 20
core   0: 3 0x00000000800060c4 (0xa811)
core   0: >>>>  mepc_4
core   0: 0x00000000800060d8 (0x00000791) c.addi  a5, 4
core   0: 3 0x00000000800060d8 (0x0791) x15 0x0000000080004388
core   0: 0x00000000800060da (0x34179073) csrrw   zero, mepc, a5
core   0: 3 0x00000000800060da (0x34179073) c833_mepc 0x0000000080004388
core   0: 0x00000000800060de (0x30200073) mret
core   0: 3 0x00000000800060de (0x30200073) c768_mstatus 0x8000000a00106080
core   0: 0x0000000080004388 (0x40d0db1b) sraiw   s6, ra, 13
core   0: 1 0x0000000080004388 (0x40d0db1b) x22 0xfffffffffffc0002
core   0: 0x000000008000438c (0x2ec4ec93) ori     s9, s1, 748
core   0: 1 0x000000008000438c (0x2ec4ec93) x25 0x0000000000000aec
core   0: 0x0000000080004390 (0x002d9673) csrrw   a2, frm, s11
core   0: 1 0x0000000080004390 (0x002d9673) x12 0x0000000000000000 c2_frm 0x0000000000000000
core   0: 0x0000000080004394 (0x000098b2) c.add   a7, a2
core   0: 1 0x0000000080004394 (0x98b2) x17 0x0000000000000000
core   0: 0x0000000080004396 (0x02b7f153) fadd.d  ft2, fa5, fa1
core   0: 1 0x0000000080004396 (0x02b7f153) f2  0x7ff8000000000000
core   0: 0x000000008000439a (0x23e49fd3) fsgnjn.d ft11, fs1, ft10
core   0: 1 0x000000008000439a (0x23e49fd3) f31 0x7fffffff00000000
core   0: 0x000000008000439e (0x400b5e13) srai    t3, s6, 0
core   0: 1 0x000000008000439e (0x400b5e13) x28 0xfffffffffffc0002
core   0: 0x00000000800043a2 (0xa3498cd3) fle.d   s9, fs3, fs4
core   0: 1 0x00000000800043a2 (0xa3498cd3) c1_fflags 0x0000000000000010 x25 0x0000000000000000
core   0: 0x00000000800043a6 (0xd02df753) fcvt.s.l fa4, s11
core   0: 1 0x00000000800043a6 (0xd02df753) f14 0xffffffff00000000
core   0: 0x00000000800043aa (0xc7bc0b1b) addiw   s6, s8, -901
core   0: 1 0x00000000800043aa (0xc7bc0b1b) x22 0xffffffff80005d1f
core   0: 0x00000000800043ae (0xfb66a737) lui     a4, 0xfb66a
core   0: 1 0x00000000800043ae (0xfb66a737) x14 0xfffffffffb66a000
core   0: 0x00000000800043b2 (0x77f7071b) addiw   a4, a4, 1919
core   0: 1 0x00000000800043b2 (0x77f7071b) x14 0xfffffffffb66a77f
core   0: 0x00000000800043b6 (0x00000732) c.slli  a4, 12
core   0: 1 0x00000000800043b6 (0x0732) x14 0xffffffb66a77f000
core   0: 0x00000000800043b8 (0xa3c70713) addi    a4, a4, -1476
core   0: 1 0x00000000800043b8 (0xa3c70713) x14 0xffffffb66a77ea3c
core   0: 0x00000000800043bc (0xc0287653) fcvt.l.s a2, fa6
core   0: 1 0x00000000800043bc (0xc0287653) x12 0x0000000000000000
core   0: 0x00000000800043c0 (0x2ac38a53) fmin.d  fs4, ft7, fa2
core   0: 1 0x00000000800043c0 (0x2ac38a53) f20 0x0000000000000000
core   0: 0x00000000800043c4 (0xeae37347) fmsub.d ft6, ft6, fa4, ft9
core   0: 1 0x00000000800043c4 (0xeae37347) f6  0x7ff8000000000000
core   0: 0x00000000800043c8 (0x420c0053) fcvt.d.s ft0, fs8
core   0: 1 0x00000000800043c8 (0x420c0053) f0  0x7ff8000000000000
core   0: 0x00000000800043cc (0x00008da9) c.xor   a1, a0
core   0: 1 0x00000000800043cc (0x8da9) x11 0x00000000f1185073
core   0: 0x00000000800043ce (0x7ff74713) xori    a4, a4, 2047
core   0: 1 0x00000000800043ce (0x7ff74713) x14 0xffffffb66a77edc3
core   0: 0x00000000800043d2 (0x02b9fa33) remu    s4, s3, a1
core   0: 1 0x00000000800043d2 (0x02b9fa33) x20 0x000000007e9ad188
core   0: 0x00000000800043d6 (0x416eddbb) sraw    s11, t4, s6
core   0: 1 0x00000000800043d6 (0x416eddbb) x27 0x0000000000000000
core   0: 0x00000000800043da (0x00171973) csrrw   s2, fflags, a4
core   0: 1 0x00000000800043da (0x00171973) x18 0x0000000000000010 c1_fflags 0x0000000000000003
core   0: 0x00000000800043de (0xd03470d3) fcvt.s.lu ft1, s0
core   0: 1 0x00000000800043de (0xd03470d3) c1_fflags 0x0000000000000003 f1  0xffffffff5f800000
core   0: 0x00000000800043e2 (0x6d5d889b) addiw   a7, s11, 1749
core   0: 1 0x00000000800043e2 (0x6d5d889b) x17 0x00000000000006d5
core   0: 0x00000000800043e6 (0x3ed3bd37) lui     s10, 0x3ed3b
core   0: 1 0x00000000800043e6 (0x3ed3bd37) x26 0x000000003ed3b000
core   0: 0x00000000800043ea (0x4010fed3) fcvt.s.d ft9, ft1
core   0: 1 0x00000000800043ea (0x4010fed3) f29 0xffffffff7fc00000
core   0: 0x00000000800043ee (0xb38cfcc3) fmadd.d fs9, fs9, fs8, fs6
core   0: 1 0x00000000800043ee (0xb38cfcc3) f25 0x7ff8000000000000
core   0: 0x00000000800043f2 (0x414a033b) subw    t1, s4, s4
core   0: 1 0x00000000800043f2 (0x414a033b) x6  0x0000000000000000
core   0: 0x00000000800043f6 (0x5a077353) fsqrt.d ft6, fa4
core   0: 1 0x00000000800043f6 (0x5a077353) f6  0x7ff8000000000000
core   0: 0x00000000800043fa (0x22d6ac53) fsgnjx.d fs8, fa3, fa3
core   0: 1 0x00000000800043fa (0x22d6ac53) f24 0x0000000000000000
core   0: 0x00000000800043fe (0x026d4633) div     a2, s10, t1
core   0: 1 0x00000000800043fe (0x026d4633) x12 0xffffffffffffffff
core   0: 0x0000000080004402 (0xc32bf94f) fnmadd.d fs2, fs7, fs2, fs8
core   0: 1 0x0000000080004402 (0xc32bf94f) f18 0x7ff8000000000000
core   0: 0x0000000080004406 (0xc0237953) fcvt.l.s s2, ft6
core   0: 1 0x0000000080004406 (0xc0237953) c1_fflags 0x0000000000000013 x18 0x7fffffffffffffff
core   0: 0x000000008000440a (0x0129553b) srlw    a0, s2, s2
core   0: 1 0x000000008000440a (0x0129553b) x10 0x0000000000000001
core   0: 0x000000008000440e (0x326bff4b) fnmsub.d ft10, fs7, ft6, ft6
core   0: 1 0x000000008000440e (0x326bff4b) f30 0x7ff8000000000000
core   0: 0x0000000080004412 (0x00c514b3) sll     s1, a0, a2
core   0: 1 0x0000000080004412 (0x00c514b3) x9  0x8000000000000000
core   0: 0x0000000080004416 (0x03f15e13) srli    t3, sp, 63
core   0: 1 0x0000000080004416 (0x03f15e13) x28 0x0000000000000001
core   0: 0x000000008000441a (0x014e579b) srliw   a5, t3, 20
core   0: 1 0x000000008000441a (0x014e579b) x15 0x0000000000000000
core   0: 0x000000008000441e (0x232c0ad3) fsgnj.d fs5, fs8, fs2
core   0: 1 0x000000008000441e (0x232c0ad3) f21 0x0000000000000000
core   0: 0x0000000080004422 (0xf136a473) csrrs   s0, mimpid, a3
core   0: exception trap_illegal_instruction, epc 0x0000000080004422
core   0:           tval 0x00000000f136a473
core   0: >>>>  $xrv64i2p1_m2p0_a2p1_f2p2_d2p2_zicsr2p0_zifencei2p0_zmmul1p0_zba1p0_zbb1p0_zbc1p0_zbs1p0
core   0: 0x0000000080004000 (0x0080006f) j       pc + 0x8
core   0: 3 0x0000000080004000 (0x0080006f)
core   0: >>>>  mmode_exception_handler
core   0: 0x0000000080004008 (0x00002c17) auipc   s8, 0x2
core   0: 3 0x0000000080004008 (0x00002c17) x24 0x0000000080006008
core   0: 0x000000008000400c (0x09cc0c13) addi    s8, s8, 156
core   0: 3 0x000000008000400c (0x09cc0c13) x24 0x00000000800060a4
core   0: 0x0000000080004010 (0x000c00e7) jalr    s8
core   0: 3 0x0000000080004010 (0x000c00e7) x1  0x0000000080004014
core   0: >>>>  any_handler
core   0: 0x00000000800060a4 (0x341027f3) csrrs   a5, mepc, zero
core   0: 3 0x00000000800060a4 (0x341027f3) x15 0x0000000080004422
core   0: 0x00000000800060a8 (0x34202773) csrrs   a4, mcause, zero
core   0: 3 0x00000000800060a8 (0x34202773) x14 0x0000000000000002
core   0: 0x00000000800060ac (0x142026f3) csrrs   a3, scause, zero
core   0: 3 0x00000000800060ac (0x142026f3) x13 0x0000000000000000
core   0: 0x00000000800060b0 (0x30402673) csrrs   a2, mie, zero
core   0: 3 0x00000000800060b0 (0x30402673) x12 0x0000000000000a00
core   0: 0x00000000800060b4 (0x344025f3) csrrs   a1, mip, zero
core   0: 3 0x00000000800060b4 (0x344025f3) x11 0x0000000000000080
core   0: 0x00000000800060b8 (0x343025f3) csrrs   a1, mtval, zero
core   0: 3 0x00000000800060b8 (0x343025f3) x11 0x00000000f136a473
core   0: 0x00000000800060bc (0x14302573) csrrs   a0, stval, zero
core   0: 3 0x00000000800060bc (0x14302573) x10 0x0000000000000000
core   0: 0x00000000800060c0 (0xb02024f3) csrrs   s1, minstret, zero
core   0: 3 0x00000000800060c0 (0xb02024f3) x9  0x0000000000000918
core   0: 0x00000000800060c4 (0x0000a811) c.j     pc + 20
core   0: 3 0x00000000800060c4 (0xa811)
core   0: >>>>  mepc_4
core   0: 0x00000000800060d8 (0x00000791) c.addi  a5, 4
core   0: 3 0x00000000800060d8 (0x0791) x15 0x0000000080004426
core   0: 0x00000000800060da (0x34179073) csrrw   zero, mepc, a5
core   0: 3 0x00000000800060da (0x34179073) c833_mepc 0x0000000080004426
core   0: 0x00000000800060de (0x30200073) mret
core   0: 3 0x00000000800060de (0x30200073) c768_mstatus 0x8000000a00106080
core   0: 0x0000000080004426 (0xe7140613) addi    a2, s0, -399
core   0: 1 0x0000000080004426 (0xe7140613) x12 0xfffffffffffffe70
core   0: 0x000000008000442a (0xd227fe53) fcvt.d.l ft8, a5
core   0: 1 0x000000008000442a (0xd227fe53) f28 0x41e0000884c00000
core   0: 0x000000008000442e (0xae20fcb7) lui     s9, 0xae20f
core   0: 1 0x000000008000442e (0xae20fcb7) x25 0xffffffffae20f000
core   0: 0x0000000080004432 (0x0a52ff53) fsub.d  ft10, ft5, ft5
core   0: 1 0x0000000080004432 (0x0a52ff53) f30 0x0000000000000000
core   0: 0x0000000080004436 (0x009094bb) sllw    s1, ra, s1
core   0: 1 0x0000000080004436 (0x009094bb) x9  0x0000000014000000
core   0: 0x000000008000443a (0xf20480d3) fmv.d.x ft1, s1
core   0: 1 0x000000008000443a (0xf20480d3) f1  0x0000000014000000
core   0: 0x000000008000443e (0x233719d3) fsgnjn.d fs3, fa4, fs3
core   0: 1 0x000000008000443e (0x233719d3) f19 0xffffffff00000000
core   0: 0x0000000080004442 (0x0215593b) divuw   s2, a0, ra
core   0: 1 0x0000000080004442 (0x0215593b) x18 0x0000000000000000
core   0: 0x0000000080004446 (0x00055513) srli    a0, a0, 0
core   0: 1 0x0000000080004446 (0x00055513) x10 0x0000000000000000
core   0: 0x000000008000444a (0x23c51cd3) fsgnjn.d fs9, fa0, ft8
core   0: 1 0x000000008000444a (0x23c51cd3) f25 0xc3efffffffe1d900
core   0: 0x000000008000444e (0x3a73fb47) fmsub.d fs6, ft7, ft7, ft7
core   0: 1 0x000000008000444e (0x3a73fb47) f22 0x7ff8000000000000
core   0: 0x0000000080004452 (0x00000001) c.nop
core   0: 1 0x0000000080004452 (0x0001)
core   0: 0x0000000080004454 (0x001e1973) csrrw   s2, fflags, t3
core   0: 1 0x0000000080004454 (0x001e1973) x18 0x0000000000000013 c1_fflags 0x0000000000000001
core   0: 0x0000000080004458 (0xd0227ed3) fcvt.s.l ft9, tp
core   0: 1 0x0000000080004458 (0xd0227ed3) f29 0xffffffffcefd0780
core   0: 0x000000008000445c (0x5a0971d3) fsqrt.d ft3, fs2
core   0: 1 0x000000008000445c (0x5a0971d3) f3  0x7ff8000000000000
core   0: 0x0000000080004460 (0x01705733) srl     a4, zero, s7
core   0: 1 0x0000000080004460 (0x01705733) x14 0x0000000000000000
core   0: 0x0000000080004464 (0xd02bf9d3) fcvt.s.l fs3, s7
core   0: 1 0x0000000080004464 (0xd02bf9d3) c1_fflags 0x0000000000000001 f19 0xffffffff4cc8a05e
core   0: 0x0000000080004468 (0x400adc9b) sraiw   s9, s5, 0
core   0: 1 0x0000000080004468 (0x400adc9b) x25 0xfffffffff1000000
core   0: 0x000000008000446c (0x404e53bb) sraw    t2, t3, tp
core   0: 1 0x000000008000446c (0x404e53bb) x7  0x0000000000000001
core   0: 0x0000000080004470 (0x0135a133) slt     sp, a1, s3
core   0: 1 0x0000000080004470 (0x0135a133) x2  0x0000000000000000
core   0: 0x0000000080004474 (0x03dc9213) slli    tp, s9, 61
core   0: 1 0x0000000080004474 (0x03dc9213) x4  0x0000000000000000
core   0: 0x0000000080004478 (0x024ca333) mulhsu  t1, s9, tp
core   0: 1 0x0000000080004478 (0x024ca333) x6  0x0000000000000000
core   0: 0x000000008000447c (0xd036f6d3) fcvt.s.lu fa3, a3
core   0: 1 0x000000008000447c (0xd036f6d3) f13 0xffffffff00000000
core   0: 0x0000000080004480 (0xd0327653) fcvt.s.lu fa2, tp
core   0: 1 0x0000000080004480 (0xd0327653) f12 0xffffffff00000000
core   0: 0x0000000080004484 (0x4008d89b) sraiw   a7, a7, 0
core   0: 1 0x0000000080004484 (0x4008d89b) x17 0x00000000000006d5
core   0: 0x0000000080004488 (0x13d378d3) fmul.d  fa7, ft6, ft9
core   0: 1 0x0000000080004488 (0x13d378d3) f17 0x7ff8000000000000
core   0: 0x000000008000448c (0x222a8053) fsgnj.d ft0, fs5, ft2
core   0: 1 0x000000008000448c (0x222a8053) f0  0x0000000000000000
core   0: 0x0000000080004490 (0x0b087053) fsub.d  ft0, fa6, fa6
core   0: 1 0x0000000080004490 (0x0b087053) f0  0x7ff8000000000000
core   0: 0x0000000080004494 (0xbfa26013) ori     zero, tp, -1030
core   0: 1 0x0000000080004494 (0xbfa26013)
core   0: 0x0000000080004498 (0x036b9bb3) mulh    s7, s7, s6
core   0: 1 0x0000000080004498 (0x036b9bb3) x23 0xffffffffffffffff
core   0: 0x000000008000449c (0x000b013b) addw    sp, s6, zero
core   0: 1 0x000000008000449c (0x000b013b) x2  0xffffffff80005d1f
core   0: 0x00000000800044a0 (0x016c9c1b) slliw   s8, s9, 22
core   0: 1 0x00000000800044a0 (0x016c9c1b) x24 0x0000000000000000
core   0: 0x00000000800044a4 (0x018b95bb) sllw    a1, s7, s8
core   0: 1 0x00000000800044a4 (0x018b95bb) x11 0xffffffffffffffff
core   0: 0x00000000800044a8 (0x02b875cb) fnmsub.d fa1, fa6, fa1, ft0
core   0: 1 0x00000000800044a8 (0x02b875cb) f11 0x7ff8000000000000
core   0: 0x00000000800044ac (0xc2107353) fcvt.wu.d t1, ft0
core   0: 1 0x00000000800044ac (0xc2107353) c1_fflags 0x0000000000000011 x6  0xffffffffffffffff
core   0: 0x00000000800044b0 (0x40f7d2b3) sra     t0, a5, a5
core   0: 1 0x00000000800044b0 (0x40f7d2b3) x5  0x0000000000000000
core   0: 0x00000000800044b4 (0xd036f053) fcvt.s.lu ft0, a3
core   0: 1 0x00000000800044b4 (0xd036f053) f0  0xffffffff00000000
core   0: 0x00000000800044b8 (0xc216fbd3) fcvt.wu.d s7, fa3
core   0: 1 0x00000000800044b8 (0xc216fbd3) c1_fflags 0x0000000000000011 x23 0xffffffffffffffff
core   0: 0x00000000800044bc (0x037aa8b3) mulhsu  a7, s5, s7
core   0: 1 0x00000000800044bc (0x037aa8b3) x17 0xfffffffff1000000
core   0: 0x00000000800044c0 (0xd029f853) fcvt.s.l fa6, s3
core   0: 1 0x00000000800044c0 (0xd029f853) c1_fflags 0x0000000000000011 f16 0xffffffff4efd35a3
core   0: 0x00000000800044c4 (0x0108db3b) srlw    s6, a7, a6
core   0: 1 0x00000000800044c4 (0x0108db3b) x22 0x0000000000000001
core   0: 0x00000000800044c8 (0x01a8d613) srli    a2, a7, 26
core   0: 1 0x00000000800044c8 (0x01a8d613) x12 0x0000003ffffffffc
core   0: 0x00000000800044cc (0xd2160953) fcvt.d.wu fs2, a2
core   0: 1 0x00000000800044cc (0xd2160953) f18 0x41efffffff800000
core   0: 0x00000000800044d0 (0x0091ce37) lui     t3, 0x91c
core   0: 1 0x00000000800044d0 (0x0091ce37) x28 0x000000000091c000
core   0: 0x00000000800044d4 (0x2d7e0e1b) addiw   t3, t3, 727
core   0: 1 0x00000000800044d4 (0x2d7e0e1b) x28 0x000000000091c2d7
core   0: 0x00000000800044d8 (0x00000e3a) c.slli  t3, 14
core   0: 1 0x00000000800044d8 (0x0e3a) x28 0x0000002470b5c000
core   0: 0x00000000800044da (0x7c7e0e13) addi    t3, t3, 1991
core   0: 1 0x00000000800044da (0x7c7e0e13) x28 0x0000002470b5c7c7
core   0: 0x00000000800044de (0xd02b7453) fcvt.s.l fs0, s6
core   0: 1 0x00000000800044de (0xd02b7453) f8  0xffffffff3f800000
core   0: 0x00000000800044e2 (0x031d9e33) mulh    t3, s11, a7
core   0: 1 0x00000000800044e2 (0x031d9e33) x28 0x0000000000000000
core   0: 0x00000000800044e6 (0x002027f3) csrrs   a5, frm, zero
core   0: 1 0x00000000800044e6 (0x002027f3) x15 0x0000000000000000
core   0: 0x00000000800044ea (0x001e20b3) slt     ra, t3, ra
core   0: 1 0x00000000800044ea (0x001e20b3) x1  0x0000000000000001
core   0: 0x00000000800044ee (0x03e15913) srli    s2, sp, 62
core   0: 1 0x00000000800044ee (0x03e15913) x18 0x0000000000000003
core   0: 0x00000000800044f2 (0xa3238553) fle.d   a0, ft7, fs2
core   0: 1 0x00000000800044f2 (0xa3238553) c1_fflags 0x0000000000000011 x10 0x0000000000000000
core   0: 0x00000000800044f6 (0x001024f3) csrrs   s1, fflags, zero
core   0: 1 0x00000000800044f6 (0x001024f3) x9  0x0000000000000011
core   0: 0x00000000800044fa (0x02b3a5b3) mulhsu  a1, t2, a1
core   0: 1 0x00000000800044fa (0x02b3a5b3) x11 0x0000000000000000
core   0: 0x00000000800044fe (0xd21a0cd3) fcvt.d.wu fs9, s4
core   0: 1 0x00000000800044fe (0xd21a0cd3) f25 0x41dfa6b462000000
core   0: 0x0000000080004502 (0x020a7233) remu    tp, s4, zero
core   0: 1 0x0000000080004502 (0x020a7233) x4  0x000000007e9ad188
core   0: 0x0000000080004506 (0x029c0d3b) mulw    s10, s8, s1
core   0: 1 0x0000000080004506 (0x029c0d3b) x26 0x0000000000000000
core   0: 0x000000008000450a (0x027c6cb3) rem     s9, s8, t2
core   0: 1 0x000000008000450a (0x027c6cb3) x25 0x0000000000000000
core   0: 0x000000008000450e (0x0b447647) fmsub.d fa2, fs0, fs4, ft1
core   0: 1 0x000000008000450e (0x0b447647) f12 0x7ff8000000000000
core   0: 0x0000000080004512 (0x0017eab3) or      s5, a5, ra
core   0: 1 0x0000000080004512 (0x0017eab3) x21 0x0000000000000001
core   0: 0x0000000080004516 (0x491b8e17) auipc   t3, 0x491b8
core   0: 1 0x0000000080004516 (0x491b8e17) x28 0x00000000c91bc516
core   0: 0x000000008000451a (0x0554e4b7) lui     s1, 0x554e
core   0: 1 0x000000008000451a (0x0554e4b7) x9  0x000000000554e000
core   0: 0x000000008000451e (0x4cd4849b) addiw   s1, s1, 1229
core   0: 1 0x000000008000451e (0x4cd4849b) x9  0x000000000554e4cd
core   0: 0x0000000080004522 (0x000004b2) c.slli  s1, 12
core   0: 1 0x0000000080004522 (0x04b2) x9  0x000000554e4cd000
core   0: 0x0000000080004524 (0x17a48493) addi    s1, s1, 378
core   0: 1 0x0000000080004524 (0x17a48493) x9  0x000000554e4cd17a
core   0: 0x0000000080004528 (0x002a9273) csrrw   tp, frm, s5
core   0: 1 0x0000000080004528 (0x002a9273) x4  0x0000000000000000 c2_frm 0x0000000000000001
core   0: 0x000000008000452c (0x800a7393) andi    t2, s4, -2048
core   0: 1 0x000000008000452c (0x800a7393) x7  0x000000007e9ad000
core   0: 0x0000000080004530 (0x034385b3) mul     a1, t2, s4
core   0: 1 0x0000000080004530 (0x034385b3) x11 0x3e9cc320c60e8000
core   0: 0x0000000080004534 (0x12c3f04b) fnmsub.d ft0, ft7, fa2, ft2
core   0: 1 0x0000000080004534 (0x12c3f04b) f0  0x7ff8000000000000
core   0: 0x0000000080004538 (0x02794033) div     zero, s2, t2
core   0: 1 0x0000000080004538 (0x02794033)
core   0: 0x000000008000453c (0x01971893) slli    a7, a4, 25
core   0: 1 0x000000008000453c (0x01971893) x17 0x0000000000000000
core   0: 0x0000000080004540 (0xd2088e53) fcvt.d.w ft8, a7
core   0: 1 0x0000000080004540 (0xd2088e53) f28 0x0000000000000000
core   0: 0x0000000080004544 (0x009ada9b) srliw   s5, s5, 9
core   0: 1 0x0000000080004544 (0x009ada9b) x21 0x0000000000000000
core   0: 0x0000000080004548 (0xd2327fd3) fcvt.d.lu ft11, tp
core   0: 1 0x0000000080004548 (0xd2327fd3) f31 0x0000000000000000
core   0: 0x000000008000454c (0xbfb34cb7) lui     s9, 0xbfb34
core   0: 1 0x000000008000454c (0xbfb34cb7) x25 0xffffffffbfb34000
core   0: 0x0000000080004550 (0x23188953) fsgnj.d fs2, fa7, fa7
core   0: 1 0x0000000080004550 (0x23188953) f18 0x7ff8000000000000
core   0: 0x0000000080004554 (0x00627533) and     a0, tp, t1
core   0: 1 0x0000000080004554 (0x00627533) x10 0x0000000000000000
core   0: 0x0000000080004558 (0x0112933b) sllw    t1, t0, a7
core   0: 1 0x0000000080004558 (0x0112933b) x6  0x0000000000000000
core   0: 0x000000008000455c (0x00000001) c.nop
core   0: 1 0x000000008000455c (0x0001)
core   0: 0x000000008000455e (0xc23ff553) fcvt.lu.d a0, ft11
core   0: 1 0x000000008000455e (0xc23ff553) x10 0x0000000000000000
core   0: 0x0000000080004562 (0x33257343) fmadd.d ft6, fa0, fs2, ft6
core   0: 1 0x0000000080004562 (0x33257343) f6  0x7ff8000000000000
core   0: 0x0000000080004566 (0x6ca0091b) addiw   s2, zero, 1738
core   0: 1 0x0000000080004566 (0x6ca0091b) x18 0x00000000000006ca
core   0: 0x000000008000456a (0x001d9473) csrrw   s0, fflags, s11
core   0: 1 0x000000008000456a (0x001d9473) x8  0x0000000000000011 c1_fflags 0x0000000000000000
core   0: 0x000000008000456e (0x001c4c13) xori    s8, s8, 1
core   0: 1 0x000000008000456e (0x001c4c13) x24 0x0000000000000001
core   0: 0x0000000080004572 (0x02f46a33) rem     s4, s0, a5
core   0: 1 0x0000000080004572 (0x02f46a33) x20 0x0000000000000011
core   0: 0x0000000080004576 (0xf11fe773) csrrsi  a4, mvendorid, 31
core   0: exception trap_illegal_instruction, epc 0x0000000080004576
core   0:           tval 0x00000000f11fe773
core   0: >>>>  $xrv64i2p1_m2p0_a2p1_f2p2_d2p2_zicsr2p0_zifencei2p0_zmmul1p0_zba1p0_zbb1p0_zbc1p0_zbs1p0
core   0: 0x0000000080004000 (0x0080006f) j       pc + 0x8
core   0: 3 0x0000000080004000 (0x0080006f)
core   0: >>>>  mmode_exception_handler
core   0: 0x0000000080004008 (0x00002c17) auipc   s8, 0x2
core   0: 3 0x0000000080004008 (0x00002c17) x24 0x0000000080006008
core   0: 0x000000008000400c (0x09cc0c13) addi    s8, s8, 156
core   0: 3 0x000000008000400c (0x09cc0c13) x24 0x00000000800060a4
core   0: 0x0000000080004010 (0x000c00e7) jalr    s8
core   0: 3 0x0000000080004010 (0x000c00e7) x1  0x0000000080004014
core   0: >>>>  any_handler
core   0: 0x00000000800060a4 (0x341027f3) csrrs   a5, mepc, zero
core   0: 3 0x00000000800060a4 (0x341027f3) x15 0x0000000080004576
core   0: 0x00000000800060a8 (0x34202773) csrrs   a4, mcause, zero
core   0: 3 0x00000000800060a8 (0x34202773) x14 0x0000000000000002
core   0: 0x00000000800060ac (0x142026f3) csrrs   a3, scause, zero
core   0: 3 0x00000000800060ac (0x142026f3) x13 0x0000000000000000
core   0: 0x00000000800060b0 (0x30402673) csrrs   a2, mie, zero
core   0: 3 0x00000000800060b0 (0x30402673) x12 0x0000000000000a00
core   0: 0x00000000800060b4 (0x344025f3) csrrs   a1, mip, zero
core   0: 3 0x00000000800060b4 (0x344025f3) x11 0x0000000000000080
core   0: 0x00000000800060b8 (0x343025f3) csrrs   a1, mtval, zero
core   0: 3 0x00000000800060b8 (0x343025f3) x11 0x00000000f11fe773
core   0: 0x00000000800060bc (0x14302573) csrrs   a0, stval, zero
core   0: 3 0x00000000800060bc (0x14302573) x10 0x0000000000000000
core   0: 0x00000000800060c0 (0xb02024f3) csrrs   s1, minstret, zero
core   0: 3 0x00000000800060c0 (0xb02024f3) x9  0x000000000000097e
core   0: 0x00000000800060c4 (0x0000a811) c.j     pc + 20
core   0: 3 0x00000000800060c4 (0xa811)
core   0: >>>>  mepc_4
core   0: 0x00000000800060d8 (0x00000791) c.addi  a5, 4
core   0: 3 0x00000000800060d8 (0x0791) x15 0x000000008000457a
core   0: 0x00000000800060da (0x34179073) csrrw   zero, mepc, a5
core   0: 3 0x00000000800060da (0x34179073) c833_mepc 0x000000008000457a
core   0: 0x00000000800060de (0x30200073) mret
core   0: 3 0x00000000800060de (0x30200073) c768_mstatus 0x8000000a00106080
core   0: 0x000000008000457a (0x800bce93) xori    t4, s7, -2048
core   0: 1 0x000000008000457a (0x800bce93) x29 0x00000000000007ff
core   0: 0x000000008000457e (0x00636333) or      t1, t1, t1
core   0: 1 0x000000008000457e (0x00636333) x6  0x0000000000000000
core   0: 0x0000000080004582 (0x2b3e92d3) fmax.d  ft5, ft9, fs3
core   0: 1 0x0000000080004582 (0x2b3e92d3) f5  0x7ff8000000000000
core   0: 0x0000000080004586 (0x0ff0000f) fence   iorw,iorw
core   0: 1 0x0000000080004586 (0x0ff0000f)
core   0: 0x000000008000458a (0x00806ab3) or      s5, zero, s0
core   0: 1 0x000000008000458a (0x00806ab3) x21 0x0000000000000011
core   0: 0x000000008000458e (0xb020d8f3) csrrwi  a7, minstret, 1
core   0: exception trap_illegal_instruction, epc 0x000000008000458e
core   0:           tval 0x00000000b020d8f3
core   0: >>>>  $xrv64i2p1_m2p0_a2p1_f2p2_d2p2_zicsr2p0_zifencei2p0_zmmul1p0_zba1p0_zbb1p0_zbc1p0_zbs1p0
core   0: 0x0000000080004000 (0x0080006f) j       pc + 0x8
core   0: 3 0x0000000080004000 (0x0080006f)
core   0: >>>>  mmode_exception_handler
core   0: 0x0000000080004008 (0x00002c17) auipc   s8, 0x2
core   0: 3 0x0000000080004008 (0x00002c17) x24 0x0000000080006008
core   0: 0x000000008000400c (0x09cc0c13) addi    s8, s8, 156
core   0: 3 0x000000008000400c (0x09cc0c13) x24 0x00000000800060a4
core   0: 0x0000000080004010 (0x000c00e7) jalr    s8
core   0: 3 0x0000000080004010 (0x000c00e7) x1  0x0000000080004014
core   0: >>>>  any_handler
core   0: 0x00000000800060a4 (0x341027f3) csrrs   a5, mepc, zero
core   0: 3 0x00000000800060a4 (0x341027f3) x15 0x000000008000458e
core   0: 0x00000000800060a8 (0x34202773) csrrs   a4, mcause, zero
core   0: 3 0x00000000800060a8 (0x34202773) x14 0x0000000000000002
core   0: 0x00000000800060ac (0x142026f3) csrrs   a3, scause, zero
core   0: 3 0x00000000800060ac (0x142026f3) x13 0x0000000000000000
core   0: 0x00000000800060b0 (0x30402673) csrrs   a2, mie, zero
core   0: 3 0x00000000800060b0 (0x30402673) x12 0x0000000000000a00
core   0: 0x00000000800060b4 (0x344025f3) csrrs   a1, mip, zero
core   0: 3 0x00000000800060b4 (0x344025f3) x11 0x0000000000000080
core   0: 0x00000000800060b8 (0x343025f3) csrrs   a1, mtval, zero
core   0: 3 0x00000000800060b8 (0x343025f3) x11 0x00000000b020d8f3
core   0: 0x00000000800060bc (0x14302573) csrrs   a0, stval, zero
core   0: 3 0x00000000800060bc (0x14302573) x10 0x0000000000000000
core   0: 0x00000000800060c0 (0xb02024f3) csrrs   s1, minstret, zero
core   0: 3 0x00000000800060c0 (0xb02024f3) x9  0x0000000000000993
core   0: 0x00000000800060c4 (0x0000a811) c.j     pc + 20
core   0: 3 0x00000000800060c4 (0xa811)
core   0: >>>>  mepc_4
core   0: 0x00000000800060d8 (0x00000791) c.addi  a5, 4
core   0: 3 0x00000000800060d8 (0x0791) x15 0x0000000080004592
core   0: 0x00000000800060da (0x34179073) csrrw   zero, mepc, a5
core   0: 3 0x00000000800060da (0x34179073) c833_mepc 0x0000000080004592
core   0: 0x00000000800060de (0x30200073) mret
core   0: 3 0x00000000800060de (0x30200073) c768_mstatus 0x8000000a00106080
core   0: 0x0000000080004592 (0x4158d53b) sraw    a0, a7, s5
core   0: 1 0x0000000080004592 (0x4158d53b) x10 0x0000000000000000
core   0: 0x0000000080004596 (0x418c5c3b) sraw    s8, s8, s8
core   0: 1 0x0000000080004596 (0x418c5c3b) x24 0xfffffffff800060a
core   0: 0x000000008000459a (0x800a0c9b) addiw   s9, s4, -2048
core   0: 1 0x000000008000459a (0x800a0c9b) x25 0xfffffffffffff811
core   0: 0x000000008000459e (0x0109bd33) sltu    s10, s3, a6
core   0: 1 0x000000008000459e (0x0109bd33) x26 0x0000000000000001
core   0: 0x00000000800045a2 (0x012c533b) srlw    t1, s8, s2
core   0: 1 0x00000000800045a2 (0x012c533b) x6  0x00000000003e0001
core   0: 0x00000000800045a6 (0x40b5d6bb) sraw    a3, a1, a1
core   0: 1 0x00000000800045a6 (0x40b5d6bb) x13 0xfffffffffffff604
core   0: 0x00000000800045aa (0x303951f3) csrrwi  gp, mideleg, 18
core   0: exception trap_illegal_instruction, epc 0x00000000800045aa
core   0:           tval 0x00000000303951f3
core   0: >>>>  $xrv64i2p1_m2p0_a2p1_f2p2_d2p2_zicsr2p0_zifencei2p0_zmmul1p0_zba1p0_zbb1p0_zbc1p0_zbs1p0
core   0: 0x0000000080004000 (0x0080006f) j       pc + 0x8
core   0: 3 0x0000000080004000 (0x0080006f)
core   0: >>>>  mmode_exception_handler
core   0: 0x0000000080004008 (0x00002c17) auipc   s8, 0x2
core   0: 3 0x0000000080004008 (0x00002c17) x24 0x0000000080006008
core   0: 0x000000008000400c (0x09cc0c13) addi    s8, s8, 156
core   0: 3 0x000000008000400c (0x09cc0c13) x24 0x00000000800060a4
core   0: 0x0000000080004010 (0x000c00e7) jalr    s8
core   0: 3 0x0000000080004010 (0x000c00e7) x1  0x0000000080004014
core   0: >>>>  any_handler
core   0: 0x00000000800060a4 (0x341027f3) csrrs   a5, mepc, zero
core   0: 3 0x00000000800060a4 (0x341027f3) x15 0x00000000800045aa
core   0: 0x00000000800060a8 (0x34202773) csrrs   a4, mcause, zero
core   0: 3 0x00000000800060a8 (0x34202773) x14 0x0000000000000002
core   0: 0x00000000800060ac (0x142026f3) csrrs   a3, scause, zero
core   0: 3 0x00000000800060ac (0x142026f3) x13 0x0000000000000000
core   0: 0x00000000800060b0 (0x30402673) csrrs   a2, mie, zero
core   0: 3 0x00000000800060b0 (0x30402673) x12 0x0000000000000a00
core   0: 0x00000000800060b4 (0x344025f3) csrrs   a1, mip, zero
core   0: 3 0x00000000800060b4 (0x344025f3) x11 0x0000000000000080
core   0: 0x00000000800060b8 (0x343025f3) csrrs   a1, mtval, zero
core   0: 3 0x00000000800060b8 (0x343025f3) x11 0x00000000303951f3
core   0: 0x00000000800060bc (0x14302573) csrrs   a0, stval, zero
core   0: 3 0x00000000800060bc (0x14302573) x10 0x0000000000000000
core   0: 0x00000000800060c0 (0xb02024f3) csrrs   s1, minstret, zero
core   0: 3 0x00000000800060c0 (0xb02024f3) x9  0x00000000000009a9
core   0: 0x00000000800060c4 (0x0000a811) c.j     pc + 20
core   0: 3 0x00000000800060c4 (0xa811)
core   0: >>>>  mepc_4
core   0: 0x00000000800060d8 (0x00000791) c.addi  a5, 4
core   0: 3 0x00000000800060d8 (0x0791) x15 0x00000000800045ae
core   0: 0x00000000800060da (0x34179073) csrrw   zero, mepc, a5
core   0: 3 0x00000000800060da (0x34179073) c833_mepc 0x00000000800045ae
core   0: 0x00000000800060de (0x30200073) mret
core   0: 3 0x00000000800060de (0x30200073) c768_mstatus 0x8000000a00106080
core   0: 0x00000000800045ae (0xfff18c9b) addiw   s9, gp, -1
core   0: 1 0x00000000800045ae (0xfff18c9b) x25 0xffffffffffffffff
core   0: 0x00000000800045b2 (0xd224f7d3) fcvt.d.l fa5, s1
core   0: 1 0x00000000800045b2 (0xd224f7d3) f15 0x40a3520000000000
core   0: 0x00000000800045b6 (0x021deeb3) rem     t4, s11, ra
core   0: 1 0x00000000800045b6 (0x021deeb3) x29 0x0000000000000000
core   0: 0x00000000800045ba (0x00cd4e33) xor     t3, s10, a2
core   0: 1 0x00000000800045ba (0x00cd4e33) x28 0x0000000000000a01
core   0: 0x00000000800045be (0x000b5b13) srli    s6, s6, 0
core   0: 1 0x00000000800045be (0x000b5b13) x22 0x0000000000000001
core   0: 0x00000000800045c2 (0x01665633) srl     a2, a2, s6
core   0: 1 0x00000000800045c2 (0x01665633) x12 0x0000000000000500
core   0: 0x00000000800045c6 (0x024b723b) remuw   tp, s6, tp
core   0: 1 0x00000000800045c6 (0x024b723b) x4  0x0000000000000001
core   0: 0x00000000800045ca (0x00000001) c.nop
core   0: 1 0x00000000800045ca (0x0001)
core   0: 0x00000000800045cc (0x010afcb3) and     s9, s5, a6
core   0: 1 0x00000000800045cc (0x010afcb3) x25 0x0000000000000011
core   0: 0x00000000800045d0 (0x02c9bc33) mulhu   s8, s3, a2
core   0: 1 0x00000000800045d0 (0x02c9bc33) x24 0x0000000000000000
core   0: 0x00000000800045d4 (0x41900033) sub     zero, zero, s9
core   0: 1 0x00000000800045d4 (0x41900033)
core   0: 0x00000000800045d8 (0x2b528853) fmin.d  fa6, ft5, fs5
core   0: 1 0x00000000800045d8 (0x2b528853) f16 0x0000000000000000
core   0: 0x00000000800045dc (0x1eb20e9b) addiw   t4, tp, 491
core   0: 1 0x00000000800045dc (0x1eb20e9b) x29 0x00000000000001ec
core   0: 0x00000000800045e0 (0x02c04633) div     a2, zero, a2
core   0: 1 0x00000000800045e0 (0x02c04633) x12 0x0000000000000000
core   0: 0x00000000800045e4 (0x1ab7fad3) fdiv.d  fs5, fa5, fa1
core   0: 1 0x00000000800045e4 (0x1ab7fad3) f21 0x7ff8000000000000
core   0: 0x00000000800045e8 (0x88a64093) xori    ra, a2, -1910
core   0: 1 0x00000000800045e8 (0x88a64093) x1  0xfffffffffffff88a
core   0: 0x00000000800045ec (0x1275f0d3) fmul.d  ft1, fa1, ft7
core   0: 1 0x00000000800045ec (0x1275f0d3) f1  0x7ff8000000000000
core   0: 0x00000000800045f0 (0x0a15f8c3) fmadd.d fa7, fa1, ft1, ft1
core   0: 1 0x00000000800045f0 (0x0a15f8c3) f17 0x7ff8000000000000
core   0: 0x00000000800045f4 (0xc230fd53) fcvt.lu.d s10, ft1
core   0: 1 0x00000000800045f4 (0xc230fd53) c1_fflags 0x0000000000000010 x26 0xffffffffffffffff
core   0: 0x00000000800045f8 (0x17a0f813) andi    a6, ra, 378
core   0: 1 0x00000000800045f8 (0x17a0f813) x16 0x000000000000000a
core   0: 0x00000000800045fc (0x42008dd3) fcvt.d.s fs11, ft1
core   0: 1 0x00000000800045fc (0x42008dd3) f27 0x7ff8000000000000
core   0: 0x0000000080004600 (0x00000001) c.nop
core   0: 1 0x0000000080004600 (0x0001)
core   0: 0x0000000080004602 (0x004e5ebb) srlw    t4, t3, tp
core   0: 1 0x0000000080004602 (0x004e5ebb) x29 0x0000000000000500
core   0: 0x0000000080004606 (0x0011919b) slliw   gp, gp, 1
core   0: 1 0x0000000080004606 (0x0011919b) x3  0x0000000000000000
core   0: 0x000000008000460a (0x8001bd93) sltiu   s11, gp, -2048
core   0: 1 0x000000008000460a (0x8001bd93) x27 0x0000000000000001
core   0: 0x000000008000460e (0x031ef9d3) fadd.d  fs3, ft9, fa7
core   0: 1 0x000000008000460e (0x031ef9d3) f19 0x7ff8000000000000
core   0: 0x0000000080004612 (0x03d7d23b) divuw   tp, a5, t4
core   0: 1 0x0000000080004612 (0x03d7d23b) x4  0x00000000001999a7
core   0: 0x0000000080004616 (0xc4334513) xori    a0, t1, -957
core   0: 1 0x0000000080004616 (0xc4334513) x10 0xffffffffffc1fc42
core   0: 0x000000008000461a (0xd22ef5d3) fcvt.d.l fa1, t4
core   0: 1 0x000000008000461a (0xd22ef5d3) f11 0x4094000000000000
core   0: 0x000000008000461e (0x033680b3) mul     ra, a3, s3
core   0: 1 0x000000008000461e (0x033680b3) x1  0x0000000000000000
core   0: 0x0000000080004622 (0x41bdd333) sra     t1, s11, s11
core   0: 1 0x0000000080004622 (0x41bdd333) x6  0x0000000000000000
core   0: 0x0000000080004626 (0x80008e1b) addiw   t3, ra, -2048
core   0: 1 0x0000000080004626 (0x80008e1b) x28 0xfffffffffffff800
core   0: 0x000000008000462a (0x00ce9733) sll     a4, t4, a2
core   0: 1 0x000000008000462a (0x00ce9733) x14 0x0000000000000500
core   0: 0x000000008000462e (0xc23af9d3) fcvt.lu.d s3, fs5
core   0: 1 0x000000008000462e (0xc23af9d3) c1_fflags 0x0000000000000010 x19 0xffffffffffffffff
core   0: 0x0000000080004632 (0xfff9801b) addiw   zero, s3, -1
core   0: 1 0x0000000080004632 (0xfff9801b)
core   0: 0x0000000080004636 (0x4191dc33) sra     s8, gp, s9
core   0: 1 0x0000000080004636 (0x4191dc33) x24 0x0000000000000000
core   0: 0x000000008000463a (0x00301b1b) slliw   s6, zero, 3
core   0: 1 0x000000008000463a (0x00301b1b) x22 0x0000000000000000
core   0: 0x000000008000463e (0x418b08bb) subw    a7, s6, s8
core   0: 1 0x000000008000463e (0x418b08bb) x17 0x0000000000000000
core   0: 0x0000000080004642 (0x03a39c93) slli    s9, t2, 58
core   0: 1 0x0000000080004642 (0x03a39c93) x25 0x0000000000000000
core   0: 0x0000000080004646 (0x00102173) csrrs   sp, fflags, zero
core   0: 1 0x0000000080004646 (0x00102173) x2  0x0000000000000010
core   0: 0x000000008000464a (0x42088753) fcvt.d.s fa4, fa7
core   0: 1 0x000000008000464a (0x42088753) f14 0x7ff8000000000000
core   0: 0x000000008000464e (0x60666613) ori     a2, a2, 1542
core   0: 1 0x000000008000464e (0x60666613) x12 0x0000000000000606
core   0: 0x0000000080004652 (0x01400033) add     zero, zero, s4
core   0: 1 0x0000000080004652 (0x01400033)
core   0: 0x0000000080004656 (0xc23d77d3) fcvt.lu.d a5, fs10
core   0: 1 0x0000000080004656 (0xc23d77d3) c1_fflags 0x0000000000000010 x15 0xffffffffffffffff
core   0: 0x000000008000465a (0xfd67f113) andi    sp, a5, -42
core   0: 1 0x000000008000465a (0xfd67f113) x2  0xffffffffffffffd6
core   0: 0x000000008000465e (0x0ff0000f) fence   iorw,iorw
core   0: 1 0x000000008000465e (0x0ff0000f)
core   0: 0x0000000080004662 (0x53617143) fmadd.d ft2, ft2, fs6, fa0
core   0: 1 0x0000000080004662 (0x53617143) f2  0x7ff8000000000000
core   0: 0x0000000080004666 (0x02e7f833) remu    a6, a5, a4
core   0: 1 0x0000000080004666 (0x02e7f833) x16 0x00000000000000ff
core   0: 0x000000008000466a (0x41a9549b) sraiw   s1, s2, 26
core   0: 1 0x000000008000466a (0x41a9549b) x9  0x0000000000000000
core   0: 0x000000008000466e (0xd20a8b53) fcvt.d.w fs6, s5
core   0: 1 0x000000008000466e (0xd20a8b53) f22 0x4031000000000000
core   0: 0x0000000080004672 (0x02c67db3) remu    s11, a2, a2
core   0: 1 0x0000000080004672 (0x02c67db3) x27 0x0000000000000000
core   0: 0x0000000080004676 (0x0311833b) mulw    t1, gp, a7
core   0: 1 0x0000000080004676 (0x0311833b) x6  0x0000000000000000
core   0: 0x000000008000467a (0x001ad393) srli    t2, s5, 1
core   0: 1 0x000000008000467a (0x001ad393) x7  0x0000000000000008
core   0: 0x000000008000467e (0x00139993) slli    s3, t2, 1
core   0: 1 0x000000008000467e (0x00139993) x19 0x0000000000000010
core   0: 0x0000000080004682 (0x001027f3) csrrs   a5, fflags, zero
core   0: 1 0x0000000080004682 (0x001027f3) x15 0x0000000000000010
core   0: 0x0000000080004686 (0x00017193) andi    gp, sp, 0
core   0: 1 0x0000000080004686 (0x00017193) x3  0x0000000000000000
core   0: 0x000000008000468a (0xc801a073) csrrs   zero, cycleh, gp
core   0: exception trap_illegal_instruction, epc 0x000000008000468a
core   0:           tval 0x00000000c801a073
core   0: >>>>  $xrv64i2p1_m2p0_a2p1_f2p2_d2p2_zicsr2p0_zifencei2p0_zmmul1p0_zba1p0_zbb1p0_zbc1p0_zbs1p0
core   0: 0x0000000080004000 (0x0080006f) j       pc + 0x8
core   0: 3 0x0000000080004000 (0x0080006f)
core   0: >>>>  mmode_exception_handler
core   0: 0x0000000080004008 (0x00002c17) auipc   s8, 0x2
core   0: 3 0x0000000080004008 (0x00002c17) x24 0x0000000080006008
core   0: 0x000000008000400c (0x09cc0c13) addi    s8, s8, 156
core   0: 3 0x000000008000400c (0x09cc0c13) x24 0x00000000800060a4
core   0: 0x0000000080004010 (0x000c00e7) jalr    s8
core   0: 3 0x0000000080004010 (0x000c00e7) x1  0x0000000080004014
core   0: >>>>  any_handler
core   0: 0x00000000800060a4 (0x341027f3) csrrs   a5, mepc, zero
core   0: 3 0x00000000800060a4 (0x341027f3) x15 0x000000008000468a
core   0: 0x00000000800060a8 (0x34202773) csrrs   a4, mcause, zero
core   0: 3 0x00000000800060a8 (0x34202773) x14 0x0000000000000002
core   0: 0x00000000800060ac (0x142026f3) csrrs   a3, scause, zero
core   0: 3 0x00000000800060ac (0x142026f3) x13 0x0000000000000000
core   0: 0x00000000800060b0 (0x30402673) csrrs   a2, mie, zero
core   0: 3 0x00000000800060b0 (0x30402673) x12 0x0000000000000a00
core   0: 0x00000000800060b4 (0x344025f3) csrrs   a1, mip, zero
core   0: 3 0x00000000800060b4 (0x344025f3) x11 0x0000000000000080
core   0: 0x00000000800060b8 (0x343025f3) csrrs   a1, mtval, zero
core   0: 3 0x00000000800060b8 (0x343025f3) x11 0x00000000c801a073
core   0: 0x00000000800060bc (0x14302573) csrrs   a0, stval, zero
core   0: 3 0x00000000800060bc (0x14302573) x10 0x0000000000000000
core   0: 0x00000000800060c0 (0xb02024f3) csrrs   s1, minstret, zero
core   0: 3 0x00000000800060c0 (0xb02024f3) x9  0x00000000000009f1
core   0: 0x00000000800060c4 (0x0000a811) c.j     pc + 20
core   0: 3 0x00000000800060c4 (0xa811)
core   0: >>>>  mepc_4
core   0: 0x00000000800060d8 (0x00000791) c.addi  a5, 4
core   0: 3 0x00000000800060d8 (0x0791) x15 0x000000008000468e
core   0: 0x00000000800060da (0x34179073) csrrw   zero, mepc, a5
core   0: 3 0x00000000800060da (0x34179073) c833_mepc 0x000000008000468e
core   0: 0x00000000800060de (0x30200073) mret
core   0: 3 0x00000000800060de (0x30200073) c768_mstatus 0x8000000a00106080
core   0: 0x000000008000468e (0x00004a81) c.li    s5, 0
core   0: 1 0x000000008000468e (0x4a81) x21 0x0000000000000000
core   0: 0x0000000080004690 (0x02919b13) slli    s6, gp, 41
core   0: 1 0x0000000080004690 (0x02919b13) x22 0x0000000000000000
core   0: 0x0000000080004694 (0x02d5fe53) fadd.d  ft8, fa1, fa3
core   0: 1 0x0000000080004694 (0x02d5fe53) f28 0x7ff8000000000000
core   0: 0x0000000080004698 (0x800b0e9b) addiw   t4, s6, -2048
core   0: 1 0x0000000080004698 (0x800b0e9b) x29 0xfffffffffffff800
core   0: 0x000000008000469c (0x00000001) c.nop
core   0: 1 0x000000008000469c (0x0001)
core   0: 0x000000008000469e (0xe20b0453) fmv.x.d s0, fs6
core   0: 1 0x000000008000469e (0xe20b0453) x8  0x4031000000000000
core   0: 0x00000000800046a2 (0x415cdcbb) sraw    s9, s9, s5
core   0: 1 0x00000000800046a2 (0x415cdcbb) x25 0x0000000000000000
core   0: 0x00000000800046a6 (0x0120113b) sllw    sp, zero, s2
core   0: 1 0x00000000800046a6 (0x0120113b) x2  0x0000000000000000
core   0: 0x00000000800046aa (0x01d1d93b) srlw    s2, gp, t4
core   0: 1 0x00000000800046aa (0x01d1d93b) x18 0x0000000000000000
core   0: 0x00000000800046ae (0x0019569b) srliw   a3, s2, 1
core   0: 1 0x00000000800046ae (0x0019569b) x13 0x0000000000000000
core   0: 0x00000000800046b2 (0xc031f1d3) fcvt.lu.s gp, ft3
core   0: 1 0x00000000800046b2 (0xc031f1d3) c1_fflags 0x0000000000000010 x3  0xffffffffffffffff
core   0: 0x00000000800046b6 (0x00000001) c.nop
core   0: 1 0x00000000800046b6 (0x0001)
core   0: 0x00000000800046b8 (0x0306f833) remu    a6, a3, a6
core   0: 1 0x00000000800046b8 (0x0306f833) x16 0x0000000000000000
core   0: 0x00000000800046bc (0x04dcf537) lui     a0, 0x4dcf
core   0: 1 0x00000000800046bc (0x04dcf537) x10 0x0000000004dcf000
core   0: 0x00000000800046c0 (0x8875051b) addiw   a0, a0, -1913
core   0: 1 0x00000000800046c0 (0x8875051b) x10 0x0000000004dce887
core   0: 0x00000000800046c4 (0x00000532) c.slli  a0, 12
core   0: 1 0x00000000800046c4 (0x0532) x10 0x0000004dce887000
core   0: 0x00000000800046c6 (0x15550513) addi    a0, a0, 341
core   0: 1 0x00000000800046c6 (0x15550513) x10 0x0000004dce887155
core   0: 0x00000000800046ca (0x0219be33) mulhu   t3, s3, ra
core   0: 1 0x00000000800046ca (0x0219be33) x28 0x0000000000000000
core   0: 0x00000000800046ce (0x030b013b) mulw    sp, s6, a6
core   0: 1 0x00000000800046ce (0x030b013b) x2  0x0000000000000000
core   0: 0x00000000800046d2 (0x018a13bb) sllw    t2, s4, s8
core   0: 1 0x00000000800046d2 (0x018a13bb) x7  0x0000000000000110
core   0: 0x00000000800046d6 (0x02e5703b) remuw   zero, a0, a4
core   0: 1 0x00000000800046d6 (0x02e5703b)
core   0: 0x00000000800046da (0xc03cf953) fcvt.lu.s s2, fs9
core   0: 1 0x00000000800046da (0xc03cf953) c1_fflags 0x0000000000000010 x18 0xffffffffffffffff
core   0: 0x00000000800046de (0x43555813) srai    a6, a0, 53
core   0: 1 0x00000000800046de (0x43555813) x16 0x0000000000000000
core   0: 0x00000000800046e2 (0x079900b7) lui     ra, 0x7990
core   0: 1 0x00000000800046e2 (0x079900b7) x1  0x0000000007990000
core   0: 0x00000000800046e6 (0x1790809b) addiw   ra, ra, 377
core   0: 1 0x00000000800046e6 (0x1790809b) x1  0x0000000007990179
core   0: 0x00000000800046ea (0x000000b2) c.slli  ra, 12
core   0: 1 0x00000000800046ea (0x00b2) x1  0x0000007990179000
core   0: 0x00000000800046ec (0x000000c5) c.addi  ra, 17
core   0: 1 0x00000000800046ec (0x00c5) x1  0x0000007990179011
core   0: 0x00000000800046ee (0xd0397fd3) fcvt.s.lu ft11, s2
core   0: 1 0x00000000800046ee (0xd0397fd3) c1_fflags 0x0000000000000011 f31 0xffffffff5f7fffff
core   0: 0x00000000800046f2 (0x121970d3) fmul.d  ft1, fs2, ft1
core   0: 1 0x00000000800046f2 (0x121970d3) f1  0x7ff8000000000000
core   0: 0x00000000800046f6 (0xd03978d3) fcvt.s.lu fa7, s2
core   0: 1 0x00000000800046f6 (0xd03978d3) c1_fflags 0x0000000000000011 f17 0xffffffff5f7fffff
core   0: 0x00000000800046fa (0x00000001) c.nop
core   0: 1 0x00000000800046fa (0x0001)
core   0: 0x00000000800046fc (0x00000001) c.nop
core   0: 1 0x00000000800046fc (0x0001)
core   0: 0x00000000800046fe (0x8003889b) addiw   a7, t2, -2048
core   0: 1 0x00000000800046fe (0x8003889b) x17 0xfffffffffffff910
core   0: 0x0000000080004702 (0x2a1a9bd3) fmax.d  fs7, fs5, ft1
core   0: 1 0x0000000080004702 (0x2a1a9bd3) f23 0x7ff8000000000000
core   0: 0x0000000080004706 (0x011e8e33) add     t3, t4, a7
core   0: 1 0x0000000080004706 (0x011e8e33) x28 0xfffffffffffff110
core   0: 0x000000008000470a (0x221822d3) fsgnjx.d ft5, fa6, ft1
core   0: 1 0x000000008000470a (0x221822d3) f5  0x0000000000000000
core   0: 0x000000008000470e (0x40dedebb) sraw    t4, t4, a3
core   0: 1 0x000000008000470e (0x40dedebb) x29 0xfffffffffffff800
core   0: 0x0000000080004712 (0x2a5a8f53) fmin.d  ft10, fs5, ft5
core   0: 1 0x0000000080004712 (0x2a5a8f53) f30 0x0000000000000000
core   0: 0x0000000080004716 (0x00ca28b3) slt     a7, s4, a2
core   0: 1 0x0000000080004716 (0x00ca28b3) x17 0x0000000000000001
core   0: 0x000000008000471a (0x22c62653) fsgnjx.d fa2, fa2, fa2
core   0: 1 0x000000008000471a (0x22c62653) f12 0x7ff8000000000000
core   0: 0x000000008000471e (0x0380b0b3) mulhu   ra, ra, s8
core   0: 1 0x000000008000471e (0x0380b0b3) x1  0x000000000000003c
core   0: 0x0000000080004722 (0x00049833) sll     a6, s1, zero
core   0: 1 0x0000000080004722 (0x00049833) x16 0x00000000000009f1
core   0: 0x0000000080004726 (0x014d51bb) srlw    gp, s10, s4
core   0: 1 0x0000000080004726 (0x014d51bb) x3  0x0000000000007fff
core   0: 0x000000008000472a (0x02810133) mul     sp, sp, s0
core   0: 1 0x000000008000472a (0x02810133) x2  0x0000000000000000
core   0: 0x000000008000472e (0x0326d63b) divuw   a2, a3, s2
core   0: 1 0x000000008000472e (0x0326d63b) x12 0x0000000000000000
core   0: 0x0000000080004732 (0x2a3010d3) fmax.d  ft1, ft0, ft3
core   0: 1 0x0000000080004732 (0x2a3010d3) f1  0x7ff8000000000000
core   0: 0x0000000080004736 (0x013372b3) and     t0, t1, s3
core   0: 1 0x0000000080004736 (0x013372b3) x5  0x0000000000000000
core   0: 0x000000008000473a (0xc210f453) fcvt.wu.d s0, ft1
core   0: 1 0x000000008000473a (0xc210f453) c1_fflags 0x0000000000000011 x8  0xffffffffffffffff
core   0: 0x000000008000473e (0xd63dee93) ori     t4, s11, -669
core   0: 1 0x000000008000473e (0xd63dee93) x29 0xfffffffffffffd63
core   0: 0x0000000080004742 (0x36430a13) addi    s4, t1, 868
core   0: 1 0x0000000080004742 (0x36430a13) x20 0x0000000000000364
core   0: 0x0000000080004746 (0x001a063b) addw    a2, s4, ra
core   0: 1 0x0000000080004746 (0x001a063b) x12 0x00000000000003a0
core   0: 0x000000008000474a (0x0a26f153) fsub.d  ft2, fa3, ft2
core   0: 1 0x000000008000474a (0x0a26f153) f2  0x7ff8000000000000
core   0: 0x000000008000474e (0xfd5aabb7) lui     s7, 0xfd5aa
core   0: 1 0x000000008000474e (0xfd5aabb7) x23 0xfffffffffd5aa000
core   0: 0x0000000080004752 (0x7e5b8b9b) addiw   s7, s7, 2021
core   0: 1 0x0000000080004752 (0x7e5b8b9b) x23 0xfffffffffd5aa7e5
core   0: 0x0000000080004756 (0x00000bb2) c.slli  s7, 12
core   0: 1 0x0000000080004756 (0x0bb2) x23 0xffffffd5aa7e5000
core   0: 0x0000000080004758 (0xa49b8b93) addi    s7, s7, -1463
core   0: 1 0x0000000080004758 (0xa49b8b93) x23 0xffffffd5aa7e4a49
core   0: 0x000000008000475c (0x22e12dd3) fsgnjx.d fs11, ft2, fa4
core   0: 1 0x000000008000475c (0x22e12dd3) f27 0x7ff8000000000000
core   0: 0x0000000080004760 (0x2a4406d3) fmin.d  fa3, fs0, ft4
core   0: 1 0x0000000080004760 (0x2a4406d3) f13 0x7ff8000000000000
core   0: 0x0000000080004764 (0x143aeef3) csrrsi  t4, stval, 21
core   0: 1 0x0000000080004764 (0x143aeef3) x29 0x0000000000000000 c323_stval 0x0000000000000015
core   0: 0x0000000080004768 (0x00cddc13) srli    s8, s11, 12
core   0: 1 0x0000000080004768 (0x00cddc13) x24 0x0000000000000000
core   0: 0x000000008000476c (0x037c4d3b) divw    s10, s8, s7
core   0: 1 0x000000008000476c (0x037c4d3b) x26 0x0000000000000000
core   0: 0x0000000080004770 (0x00bd013b) addw    sp, s10, a1
core   0: 1 0x0000000080004770 (0x00bd013b) x2  0xffffffffc801a073
core   0: 0x0000000080004774 (0x41a4d933) sra     s2, s1, s10
core   0: 1 0x0000000080004774 (0x41a4d933) x18 0x00000000000009f1
core   0: 0x0000000080004778 (0xf20109d3) fmv.d.x fs3, sp
core   0: 1 0x0000000080004778 (0xf20109d3) f19 0xffffffffc801a073
core   0: 0x000000008000477c (0x4008581b) sraiw   a6, a6, 0
core   0: 1 0x000000008000477c (0x4008581b) x16 0x00000000000009f1
core   0: 0x0000000080004780 (0x2bf41fd3) fmax.d  ft11, fs0, ft11
core   0: 1 0x0000000080004780 (0x2bf41fd3) f31 0x7ff8000000000000
core   0: 0x0000000080004784 (0x7ff80613) addi    a2, a6, 2047
core   0: 1 0x0000000080004784 (0x7ff80613) x12 0x00000000000011f0
core   0: 0x0000000080004788 (0x001bdb9b) srliw   s7, s7, 1
core   0: 1 0x0000000080004788 (0x001bdb9b) x23 0x00000000553f2524
core   0: 0x000000008000478c (0x00c38e3b) addw    t3, t2, a2
core   0: 1 0x000000008000478c (0x00c38e3b) x28 0x0000000000001300
core   0: 0x0000000080004790 (0xe20d85d3) fmv.x.d a1, fs11
core   0: 1 0x0000000080004790 (0xe20d85d3) x11 0x7ff8000000000000
core   0: 0x0000000080004794 (0x400c5c13) srai    s8, s8, 0
core   0: 1 0x0000000080004794 (0x400c5c13) x24 0x0000000000000000
core   0: 0x0000000080004798 (0x0187d83b) srlw    a6, a5, s8
core   0: 1 0x0000000080004798 (0x0187d83b) x16 0xffffffff8000468e
core   0: 0x000000008000479c (0x40c85a33) sra     s4, a6, a2
core   0: 1 0x000000008000479c (0x40c85a33) x20 0xffffffffffffffff
core   0: 0x00000000800047a0 (0xe23570cb) fnmsub.d ft1, fa0, ft3, ft8
core   0: 1 0x00000000800047a0 (0xe23570cb) f1  0x7ff8000000000000
core   0: 0x00000000800047a4 (0xfa1e7fc7) fmsub.d ft11, ft8, ft1, ft11
core   0: 1 0x00000000800047a4 (0xfa1e7fc7) f31 0x7ff8000000000000
core   0: 0x00000000800047a8 (0x0074e7b3) or      a5, s1, t2
core   0: 1 0x00000000800047a8 (0x0074e7b3) x15 0x00000000000009f1
core   0: 0x00000000800047ac (0x42058353) fcvt.d.s ft6, fa1
core   0: 1 0x00000000800047ac (0x42058353) f6  0x7ff8000000000000
core   0: 0x00000000800047b0 (0x015c1c33) sll     s8, s8, s5
core   0: 1 0x00000000800047b0 (0x015c1c33) x24 0x0000000000000000
core   0: 0x00000000800047b4 (0x002398f3) csrrw   a7, frm, t2
core   0: 1 0x00000000800047b4 (0x002398f3) x17 0x0000000000000001 c2_frm 0x0000000000000000
core   0: 0x00000000800047b8 (0x22b797d3) fsgnjn.d fa5, fa5, fa1
core   0: 1 0x00000000800047b8 (0x22b797d3) f15 0xc0a3520000000000
core   0: 0x00000000800047bc (0x2f3b4b13) xori    s6, s6, 755
core   0: 1 0x00000000800047bc (0x2f3b4b13) x22 0x00000000000002f3
core   0: 0x00000000800047c0 (0x03d4c4b3) div     s1, s1, t4
core   0: 1 0x00000000800047c0 (0x03d4c4b3) x9  0xffffffffffffffff
core   0: 0x00000000800047c4 (0xc02370d3) fcvt.l.s ra, ft6
core   0: 1 0x00000000800047c4 (0xc02370d3) c1_fflags 0x0000000000000011 x1  0x7fffffffffffffff
core   0: 0x00000000800047c8 (0x004438b3) sltu    a7, s0, tp
core   0: 1 0x00000000800047c8 (0x004438b3) x17 0x0000000000000000
core   0: 0x00000000800047cc (0x22fca1d3) fsgnjx.d ft3, fs9, fa5
core   0: 1 0x00000000800047cc (0x22fca1d3) f3  0xc1dfa6b462000000
core   0: 0x00000000800047d0 (0x00e1541b) srliw   s0, sp, 14
core   0: 1 0x00000000800047d0 (0x00e1541b) x8  0x0000000000032006
core   0: 0x00000000800047d4 (0x94717ab7) lui     s5, 0x94717
core   0: 1 0x00000000800047d4 (0x94717ab7) x21 0xffffffff94717000
core   0: 0x00000000800047d8 (0x022b7133) remu    sp, s6, sp
core   0: 1 0x00000000800047d8 (0x022b7133) x2  0x00000000000002f3
core   0: 0x00000000800047dc (0x001a4213) xori    tp, s4, 1
core   0: 1 0x00000000800047dc (0x001a4213) x4  0xfffffffffffffffe
core   0: 0x00000000800047e0 (0x00021813) slli    a6, tp, 0
core   0: 1 0x00000000800047e0 (0x00021813) x16 0xfffffffffffffffe
core   0: 0x00000000800047e4 (0x01025b3b) srlw    s6, tp, a6
core   0: 1 0x00000000800047e4 (0x01025b3b) x22 0x0000000000000003
core   0: 0x00000000800047e8 (0x0142a633) slt     a2, t0, s4
core   0: 1 0x00000000800047e8 (0x0142a633) x12 0x0000000000000000
core   0: 0x00000000800047ec (0x002020f3) csrrs   ra, frm, zero
core   0: 1 0x00000000800047ec (0x002020f3) x1  0x0000000000000000
core   0: 0x00000000800047f0 (0x000e0b33) add     s6, t3, zero
core   0: 1 0x00000000800047f0 (0x000e0b33) x22 0x0000000000001300
core   0: 0x00000000800047f4 (0x1a96f74f) fnmadd.d fa4, fa3, fs1, ft3
core   0: 1 0x00000000800047f4 (0x1a96f74f) f14 0x7ff8000000000000
core   0: 0x00000000800047f8 (0x0ff0000f) fence   iorw,iorw
core   0: 1 0x00000000800047f8 (0x0ff0000f)
core   0: 0x00000000800047fc (0x01d6d31b) srliw   t1, a3, 29
core   0: 1 0x00000000800047fc (0x01d6d31b) x6  0x0000000000000000
core   0: 0x0000000080004800 (0x02630733) mul     a4, t1, t1
core   0: 1 0x0000000080004800 (0x02630733) x14 0x0000000000000000
core   0: 0x0000000080004804 (0x2270a6d3) fsgnjx.d fa3, ft1, ft7
core   0: 1 0x0000000080004804 (0x2270a6d3) f13 0x7ff8000000000000
core   0: 0x0000000080004808 (0xfebb7c37) lui     s8, 0xfebb7
core   0: 1 0x0000000080004808 (0xfebb7c37) x24 0xfffffffffebb7000
core   0: 0x000000008000480c (0xa97c0c1b) addiw   s8, s8, -1385
core   0: 1 0x000000008000480c (0xa97c0c1b) x24 0xfffffffffebb6a97
core   0: 0x0000000080004810 (0x00000c36) c.slli  s8, 13
core   0: 1 0x0000000080004810 (0x0c36) x24 0xffffffd76d52e000
core   0: 0x0000000080004812 (0xf6cc0c13) addi    s8, s8, -148
core   0: 1 0x0000000080004812 (0xf6cc0c13) x24 0xffffffd76d52df6c
core   0: 0x0000000080004816 (0x03604b33) div     s6, zero, s6
core   0: 1 0x0000000080004816 (0x03604b33) x22 0x0000000000000000
core   0: 0x000000008000481a (0x40ed5dbb) sraw    s11, s10, a4
core   0: 1 0x000000008000481a (0x40ed5dbb) x27 0x0000000000000000
core   0: 0x000000008000481e (0x2b6e0e53) fmin.d  ft8, ft8, fs6
core   0: 1 0x000000008000481e (0x2b6e0e53) f28 0x4031000000000000
core   0: 0x0000000080004822 (0x000d589b) srliw   a7, s10, 0
core   0: 1 0x0000000080004822 (0x000d589b) x17 0x0000000000000000
core   0: 0x0000000080004826 (0x4118d5bb) sraw    a1, a7, a7
core   0: 1 0x0000000080004826 (0x4118d5bb) x11 0x0000000000000000
core   0: 0x000000008000482a (0x401f73d3) fcvt.s.d ft7, ft10
core   0: 1 0x000000008000482a (0x401f73d3) f7  0xffffffff00000000
core   0: 0x000000008000482e (0xd0377553) fcvt.s.lu fa0, a4
core   0: 1 0x000000008000482e (0xd0377553) f10 0xffffffff00000000
core   0: 0x0000000080004832 (0x2b939753) fmax.d  fa4, ft7, fs9
core   0: 1 0x0000000080004832 (0x2b939753) f14 0x41dfa6b462000000
core   0: 0x0000000080004836 (0xc220f653) fcvt.l.d a2, ft1
core   0: 1 0x0000000080004836 (0xc220f653) c1_fflags 0x0000000000000011 x12 0x7fffffffffffffff
core   0: 0x000000008000483a (0x00000001) c.nop
core   0: 1 0x000000008000483a (0x0001)
core   0: 0x000000008000483c (0xd2088ed3) fcvt.d.w ft9, a7
core   0: 1 0x000000008000483c (0xd2088ed3) f29 0x0000000000000000
core   0: 0x0000000080004840 (0x0a977fd3) fsub.d  ft11, fa4, fs1
core   0: 1 0x0000000080004840 (0x0a977fd3) f31 0x7ff8000000000000
core   0: 0x0000000080004844 (0x02b2f233) remu    tp, t0, a1
core   0: 1 0x0000000080004844 (0x02b2f233) x4  0x0000000000000000
core   0: 0x0000000080004848 (0x420e8ad3) fcvt.d.s fs5, ft9
core   0: 1 0x0000000080004848 (0x420e8ad3) f21 0x7ff8000000000000
core   0: 0x000000008000484c (0x0039f433) and     s0, s3, gp
core   0: 1 0x000000008000484c (0x0039f433) x8  0x0000000000000010
core   0: 0x0000000080004850 (0x00c125b3) slt     a1, sp, a2
core   0: 1 0x0000000080004850 (0x00c125b3) x11 0x0000000000000001
core   0: 0x0000000080004854 (0x401c549b) sraiw   s1, s8, 1
core   0: 1 0x0000000080004854 (0x401c549b) x9  0x0000000036a96fb6
core   0: 0x0000000080004858 (0x1a9af5d3) fdiv.d  fa1, fs5, fs1
core   0: 1 0x0000000080004858 (0x1a9af5d3) f11 0x7ff8000000000000
core   0: 0x000000008000485c (0x5a09f9d3) fsqrt.d fs3, fs3
core   0: 1 0x000000008000485c (0x5a09f9d3) f19 0x7ff8000000000000
core   0: 0x0000000080004860 (0x00000001) c.nop
core   0: 1 0x0000000080004860 (0x0001)
core   0: 0x0000000080004862 (0x1b01f7c3) fmadd.d fa5, ft3, fa6, ft3
core   0: 1 0x0000000080004862 (0x1b01f7c3) f15 0xc1dfa6b462000000
core   0: 0x0000000080004866 (0xc21278d3) fcvt.wu.d a7, ft4
core   0: 1 0x0000000080004866 (0xc21278d3) c1_fflags 0x0000000000000011 x17 0xffffffffffffffff
core   0: 0x000000008000486a (0x013299bb) sllw    s3, t0, s3
core   0: 1 0x000000008000486a (0x013299bb) x19 0x0000000000000000
core   0: 0x000000008000486e (0x0330e3b3) rem     t2, ra, s3
core   0: 1 0x000000008000486e (0x0330e3b3) x7  0x0000000000000000
core   0: 0x0000000080004872 (0x02521233) mulh    tp, tp, t0
core   0: 1 0x0000000080004872 (0x02521233) x4  0x0000000000000000
core   0: 0x0000000080004876 (0x402e013b) subw    sp, t3, sp
core   0: 1 0x0000000080004876 (0x402e013b) x2  0x000000000000100d
core   0: 0x000000008000487a (0x326b7fcb) fnmsub.d ft11, fs6, ft6, ft6
core   0: 1 0x000000008000487a (0x326b7fcb) f31 0x7ff8000000000000
core   0: 0x000000008000487e (0x02ed5733) divu    a4, s10, a4
core   0: 1 0x000000008000487e (0x02ed5733) x14 0xffffffffffffffff
core   0: 0x0000000080004882 (0x40a2523b) sraw    tp, tp, a0
core   0: 1 0x0000000080004882 (0x40a2523b) x4  0x0000000000000000
core   0: 0x0000000080004886 (0x43825393) srai    t2, tp, 56
core   0: 1 0x0000000080004886 (0x43825393) x7  0x0000000000000000
core   0: 0x000000008000488a (0xc20cf353) fcvt.w.d t1, fs9
core   0: 1 0x000000008000488a (0xc20cf353) x6  0x000000007e9ad188
core   0: 0x000000008000488e (0x237ba2d3) fsgnjx.d ft5, fs7, fs7
core   0: 1 0x000000008000488e (0x237ba2d3) f5  0x7ff8000000000000
core   0: 0x0000000080004892 (0x00000001) c.nop
core   0: 1 0x0000000080004892 (0x0001)
core   0: 0x0000000080004894 (0xfff38e9b) addiw   t4, t2, -1
core   0: 1 0x0000000080004894 (0xfff38e9b) x29 0xffffffffffffffff
core   0: 0x0000000080004898 (0x00c29a9b) slliw   s5, t0, 12
core   0: 1 0x0000000080004898 (0x00c29a9b) x21 0x0000000000000000
core   0: 0x000000008000489c (0x017bf533) and     a0, s7, s7
core   0: 1 0x000000008000489c (0x017bf533) x10 0x00000000553f2524
core   0: 0x00000000800048a0 (0x40550e3b) subw    t3, a0, t0
core   0: 1 0x00000000800048a0 (0x40550e3b) x28 0x00000000553f2524
core   0: 0x00000000800048a4 (0x141ebdf3) csrrc   s11, sepc, t4
core   0: 1 0x00000000800048a4 (0x141ebdf3) x27 0x0000000000000000 c321_sepc 0x0000000000000000
core   0: 0x00000000800048a8 (0x02a3ec3b) remw    s8, t2, a0
core   0: 1 0x00000000800048a8 (0x02a3ec3b) x24 0x0000000000000000
core   0: 0x00000000800048ac (0x4012f553) fcvt.s.d fa0, ft5
core   0: 1 0x00000000800048ac (0x4012f553) f10 0xffffffff7fc00000
core   0: 0x00000000800048b0 (0x00009bba) c.add   s7, a4
core   0: 1 0x00000000800048b0 (0x9bba) x23 0x00000000553f2523
core   0: 0x00000000800048b2 (0xc0287dd3) fcvt.l.s s11, fa6
core   0: 1 0x00000000800048b2 (0xc0287dd3) c1_fflags 0x0000000000000011 x27 0x7fffffffffffffff
core   0: 0x00000000800048b6 (0x03f3d013) srli    zero, t2, 63
core   0: 1 0x00000000800048b6 (0x03f3d013)
core   0: 0x00000000800048ba (0x00000001) c.nop
core   0: 1 0x00000000800048ba (0x0001)
core   0: 0x00000000800048bc (0x2337a7d3) fsgnjx.d fa5, fa5, fs3
core   0: 1 0x00000000800048bc (0x2337a7d3) f15 0xc1dfa6b462000000
core   0: 0x00000000800048c0 (0x013e199b) slliw   s3, t3, 19
core   0: 1 0x00000000800048c0 (0x013e199b) x19 0x0000000029200000
core   0: 0x00000000800048c4 (0xd2297ad3) fcvt.d.l fs5, s2
core   0: 1 0x00000000800048c4 (0xd2297ad3) f21 0x40a3e20000000000
core   0: 0x00000000800048c8 (0x001020f3) csrrs   ra, fflags, zero
core   0: 1 0x00000000800048c8 (0x001020f3) x1  0x0000000000000011
core   0: 0x00000000800048cc (0x00000001) c.nop
core   0: 1 0x00000000800048cc (0x0001)
core   0: 0x00000000800048ce (0x43f05993) srai    s3, zero, 63
core   0: 1 0x00000000800048ce (0x43f05993) x19 0x0000000000000000
core   0: 0x00000000800048d2 (0x1a987853) fdiv.d  fa6, fa6, fs1
core   0: 1 0x00000000800048d2 (0x1a987853) f16 0x7ff8000000000000
core   0: 0x00000000800048d6 (0x03a2f2bb) remuw   t0, t0, s10
core   0: 1 0x00000000800048d6 (0x03a2f2bb) x5  0x0000000000000000
core   0: 0x00000000800048da (0x02056033) rem     zero, a0, zero
core   0: 1 0x00000000800048da (0x02056033)
core   0: 0x00000000800048de (0x406e5a1b) sraiw   s4, t3, 6
core   0: 1 0x00000000800048de (0x406e5a1b) x20 0x000000000154fc94
core   0: 0x00000000800048e2 (0xcea80813) addi    a6, a6, -790
core   0: 1 0x00000000800048e2 (0xcea80813) x16 0xfffffffffffffce8
core   0: 0x00000000800048e6 (0xc20ef553) fcvt.w.d a0, ft9
core   0: 1 0x00000000800048e6 (0xc20ef553) x10 0x0000000000000000
core   0: 0x00000000800048ea (0x9f448a9b) addiw   s5, s1, -1548
core   0: 1 0x00000000800048ea (0x9f448a9b) x21 0x0000000036a969aa
core   0: 0x00000000800048ee (0x800a8113) addi    sp, s5, -2048
core   0: 1 0x00000000800048ee (0x800a8113) x2  0x0000000036a961aa
core   0: 0x00000000800048f2 (0xd02afed3) fcvt.s.l ft9, s5
core   0: 1 0x00000000800048f2 (0xd02afed3) c1_fflags 0x0000000000000011 f29 0xffffffff4e5aa5a7
core   0: 0x00000000800048f6 (0x23cf9253) fsgnjn.d ft4, ft11, ft8
core   0: 1 0x00000000800048f6 (0x23cf9253) f4  0xfff8000000000000
core   0: 0x00000000800048fa (0x0003181b) slliw   a6, t1, 0
core   0: 1 0x00000000800048fa (0x0003181b) x16 0x000000007e9ad188
core   0: 0x00000000800048fe (0x401e80bb) subw    ra, t4, ra
core   0: 1 0x00000000800048fe (0x401e80bb) x1  0xffffffffffffffee
core   0: 0x0000000080004902 (0xb4c5b437) lui     s0, 0xb4c5b
core   0: 1 0x0000000080004902 (0xb4c5b437) x8  0xffffffffb4c5b000
core   0: 0x0000000080004906 (0x53d4a597) auipc   a1, 0x53d4a
core   0: 1 0x0000000080004906 (0x53d4a597) x11 0x00000000d3d4e906
core   0: 0x000000008000490a (0x4002863b) subw    a2, t0, zero
core   0: 1 0x000000008000490a (0x4002863b) x12 0x0000000000000000
core   0: 0x000000008000490e (0x015c949b) slliw   s1, s9, 21
core   0: 1 0x000000008000490e (0x015c949b) x9  0x0000000000000000
core   0: 0x0000000080004912 (0x401c7c53) fcvt.s.d fs8, fs8
core   0: 1 0x0000000080004912 (0x401c7c53) f24 0xffffffff00000000
core   0: 0x0000000080004916 (0x000086b6) c.mv    a3, a3
core   0: 1 0x0000000080004916 (0x86b6) x13 0x0000000000000000
core   0: 0x0000000080004918 (0xc03efb53) fcvt.lu.s s6, ft9
core   0: 1 0x0000000080004918 (0xc03efb53) x22 0x0000000036a969c0
core   0: 0x000000008000491c (0x22061753) fsgnjn.d fa4, fa2, ft0
core   0: 1 0x000000008000491c (0x22061753) f14 0xfff8000000000000
core   0: 0x0000000080004920 (0x027c42bb) divw    t0, s8, t2
core   0: 1 0x0000000080004920 (0x027c42bb) x5  0xffffffffffffffff
core   0: 0x0000000080004924 (0x000019ce) c.slli  s3, 51
core   0: 1 0x0000000080004924 (0x19ce) x19 0x0000000000000000
core   0: 0x0000000080004926 (0xd02d73d3) fcvt.s.l ft7, s10
core   0: 1 0x0000000080004926 (0xd02d73d3) f7  0xffffffff00000000
core   0: 0x000000008000492a (0x40128a3b) subw    s4, t0, ra
core   0: 1 0x000000008000492a (0x40128a3b) x20 0x0000000000000011
core   0: 0x000000008000492e (0x01ba113b) sllw    sp, s4, s11
core   0: 1 0x000000008000492e (0x01ba113b) x2  0xffffffff80000000
core   0: 0x0000000080004932 (0x00000001) c.nop
core   0: 1 0x0000000080004932 (0x0001)
core   0: 0x0000000080004934 (0x420f0053) fcvt.d.s ft0, ft10
core   0: 1 0x0000000080004934 (0x420f0053) f0  0x7ff8000000000000
core   0: 0x0000000080004938 (0x41bdd0bb) sraw    ra, s11, s11
core   0: 1 0x0000000080004938 (0x41bdd0bb) x1  0xffffffffffffffff
core   0: 0x000000008000493c (0x000e5e1b) srliw   t3, t3, 0
core   0: 1 0x000000008000493c (0x000e5e1b) x28 0x00000000553f2524
core   0: 0x0000000080004940 (0x006086bb) addw    a3, ra, t1
core   0: 1 0x0000000080004940 (0x006086bb) x13 0x000000007e9ad187
core   0: 0x0000000080004944 (0x00358ab3) add     s5, a1, gp
core   0: 1 0x0000000080004944 (0x00358ab3) x21 0x00000000d3d56905
core   0: 0x0000000080004948 (0x1a027f53) fdiv.d  ft10, ft4, ft0
core   0: 1 0x0000000080004948 (0x1a027f53) f30 0x7ff8000000000000
core   0: 0x000000008000494c (0x5e4ee893) ori     a7, t4, 1508
core   0: 1 0x000000008000494c (0x5e4ee893) x17 0xffffffffffffffff
core   0: 0x0000000080004950 (0x01b85933) srl     s2, a6, s11
core   0: 1 0x0000000080004950 (0x01b85933) x18 0x0000000000000000
core   0: 0x0000000080004954 (0xfbedfccf) fnmadd.d fs9, fs11, ft10, ft11
core   0: 1 0x0000000080004954 (0xfbedfccf) f25 0x7ff8000000000000
core   0: 0x0000000080004958 (0x021c50b3) divu    ra, s8, ra
core   0: 1 0x0000000080004958 (0x021c50b3) x1  0x0000000000000000
core   0: 0x000000008000495c (0x00102df3) csrrs   s11, fflags, zero
core   0: 1 0x000000008000495c (0x00102df3) x27 0x0000000000000011
core   0: 0x0000000080004960 (0x4010d51b) sraiw   a0, ra, 1
core   0: 1 0x0000000080004960 (0x4010d51b) x10 0x0000000000000000
core   0: 0x0000000080004964 (0x0334de3b) divuw   t3, s1, s3
core   0: 1 0x0000000080004964 (0x0334de3b) x28 0xffffffffffffffff
core   0: 0x0000000080004968 (0xd8fe6093) ori     ra, t3, -625
core   0: 1 0x0000000080004968 (0xd8fe6093) x1  0xffffffffffffffff
core   0: 0x000000008000496c (0x00705d93) srli    s11, zero, 7
core   0: 1 0x000000008000496c (0x00705d93) x27 0x0000000000000000
core   0: 0x0000000080004970 (0x2b647cc3) fmadd.d fs9, fs0, fs6, ft5
core   0: 1 0x0000000080004970 (0x2b647cc3) f25 0x7ff8000000000000
core   0: 0x0000000080004974 (0xc0235773) csrrwi  a4, instret, 6
core   0: exception trap_illegal_instruction, epc 0x0000000080004974
core   0:           tval 0x00000000c0235773
core   0: >>>>  $xrv64i2p1_m2p0_a2p1_f2p2_d2p2_zicsr2p0_zifencei2p0_zmmul1p0_zba1p0_zbb1p0_zbc1p0_zbs1p0
core   0: 0x0000000080004000 (0x0080006f) j       pc + 0x8
core   0: 3 0x0000000080004000 (0x0080006f)
core   0: >>>>  mmode_exception_handler
core   0: 0x0000000080004008 (0x00002c17) auipc   s8, 0x2
core   0: 3 0x0000000080004008 (0x00002c17) x24 0x0000000080006008
core   0: 0x000000008000400c (0x09cc0c13) addi    s8, s8, 156
core   0: 3 0x000000008000400c (0x09cc0c13) x24 0x00000000800060a4
core   0: 0x0000000080004010 (0x000c00e7) jalr    s8
core   0: 3 0x0000000080004010 (0x000c00e7) x1  0x0000000080004014
core   0: >>>>  any_handler
core   0: 0x00000000800060a4 (0x341027f3) csrrs   a5, mepc, zero
core   0: 3 0x00000000800060a4 (0x341027f3) x15 0x0000000080004974
core   0: 0x00000000800060a8 (0x34202773) csrrs   a4, mcause, zero
core   0: 3 0x00000000800060a8 (0x34202773) x14 0x0000000000000002
core   0: 0x00000000800060ac (0x142026f3) csrrs   a3, scause, zero
core   0: 3 0x00000000800060ac (0x142026f3) x13 0x0000000000000000
core   0: 0x00000000800060b0 (0x30402673) csrrs   a2, mie, zero
core   0: 3 0x00000000800060b0 (0x30402673) x12 0x0000000000000a00
core   0: 0x00000000800060b4 (0x344025f3) csrrs   a1, mip, zero
core   0: 3 0x00000000800060b4 (0x344025f3) x11 0x0000000000000080
core   0: 0x00000000800060b8 (0x343025f3) csrrs   a1, mtval, zero
core   0: 3 0x00000000800060b8 (0x343025f3) x11 0x00000000c0235773
core   0: 0x00000000800060bc (0x14302573) csrrs   a0, stval, zero
core   0: 3 0x00000000800060bc (0x14302573) x10 0x0000000000000015
core   0: 0x00000000800060c0 (0xb02024f3) csrrs   s1, minstret, zero
core   0: 3 0x00000000800060c0 (0xb02024f3) x9  0x0000000000000ac4
core   0: 0x00000000800060c4 (0x0000a811) c.j     pc + 20
core   0: 3 0x00000000800060c4 (0xa811)
core   0: >>>>  mepc_4
core   0: 0x00000000800060d8 (0x00000791) c.addi  a5, 4
core   0: 3 0x00000000800060d8 (0x0791) x15 0x0000000080004978
core   0: 0x00000000800060da (0x34179073) csrrw   zero, mepc, a5
core   0: 3 0x00000000800060da (0x34179073) c833_mepc 0x0000000080004978
core   0: 0x00000000800060de (0x30200073) mret
core   0: 3 0x00000000800060de (0x30200073) c768_mstatus 0x8000000a00106080
core   0: 0x0000000080004978 (0x62c9fb4f) fnmadd.d fs6, fs3, fa2, fa2
core   0: 1 0x0000000080004978 (0x62c9fb4f) f22 0x7ff8000000000000
core   0: 0x000000008000497c (0x02f75133) divu    sp, a4, a5
core   0: 1 0x000000008000497c (0x02f75133) x2  0x0000000000000000
core   0: 0x0000000080004980 (0x00fe9cbb) sllw    s9, t4, a5
core   0: 1 0x0000000080004980 (0x00fe9cbb) x25 0xffffffffff000000
core   0: 0x0000000080004984 (0x73d4744f) fnmadd.d fs0, fs0, ft9, fa4
core   0: 1 0x0000000080004984 (0x73d4744f) f8  0x7ff8000000000000
core   0: 0x0000000080004988 (0x2a828013) addi    zero, t0, 680
core   0: 1 0x0000000080004988 (0x2a828013)
core   0: 0x000000008000498c (0xc23efed3) fcvt.lu.d t4, ft9
core   0: 1 0x000000008000498c (0xc23efed3) c1_fflags 0x0000000000000011 x29 0xffffffffffffffff
core   0: 0x0000000080004990 (0x231e8953) fsgnj.d fs2, ft9, fa7
core   0: 1 0x0000000080004990 (0x231e8953) f18 0xffffffff4e5aa5a7
core   0: 0x0000000080004994 (0x02d8d413) srli    s0, a7, 45
core   0: 1 0x0000000080004994 (0x02d8d413) x8  0x000000000007ffff
core   0: 0x0000000080004998 (0x4004d493) srai    s1, s1, 0
core   0: 1 0x0000000080004998 (0x4004d493) x9  0x0000000000000ac4
core   0: 0x000000008000499c (0x000083d6) c.mv    t2, s5
core   0: 1 0x000000008000499c (0x83d6) x7  0x00000000d3d56905
core   0: 0x000000008000499e (0x00075893) srli    a7, a4, 0
core   0: 1 0x000000008000499e (0x00075893) x17 0x0000000000000002
core   0: 0x00000000800049a2 (0x3d046b13) ori     s6, s0, 976
core   0: 1 0x00000000800049a2 (0x3d046b13) x22 0x000000000007ffff
core   0: 0x00000000800049a6 (0x00000001) c.nop
core   0: 1 0x00000000800049a6 (0x0001)
core   0: 0x00000000800049a8 (0x00000001) c.nop
core   0: 1 0x00000000800049a8 (0x0001)
core   0: 0x00000000800049aa (0x0b487253) fsub.d  ft4, fa6, fs4
core   0: 1 0x00000000800049aa (0x0b487253) f4  0x7ff8000000000000
core   0: 0x00000000800049ae (0x01db8c3b) addw    s8, s7, t4
core   0: 1 0x00000000800049ae (0x01db8c3b) x24 0x00000000553f2522
core   0: 0x00000000800049b2 (0xc22a7b53) fcvt.l.d s6, fs4
core   0: 1 0x00000000800049b2 (0xc22a7b53) x22 0x0000000000000000
core   0: 0x00000000800049b6 (0x401c7cd3) fcvt.s.d fs9, fs8
core   0: 1 0x00000000800049b6 (0x401c7cd3) f25 0xffffffff7fc00000
core   0: 0x00000000800049ba (0xc21272d3) fcvt.wu.d t0, ft4
core   0: 1 0x00000000800049ba (0xc21272d3) c1_fflags 0x0000000000000011 x5  0xffffffffffffffff
core   0: 0x00000000800049be (0x018117b3) sll     a5, sp, s8
core   0: 1 0x00000000800049be (0x018117b3) x15 0x0000000000000000
core   0: 0x00000000800049c2 (0x00fdd23b) srlw    tp, s11, a5
core   0: 1 0x00000000800049c2 (0x00fdd23b) x4  0x0000000000000000
core   0: 0x00000000800049c6 (0x0b8c0a93) addi    s5, s8, 184
core   0: 1 0x00000000800049c6 (0x0b8c0a93) x21 0x00000000553f25da
core   0: 0x00000000800049ca (0xf2020dd3) fmv.d.x fs11, tp
core   0: 1 0x00000000800049ca (0xf2020dd3) f27 0x0000000000000000
core   0: 0x00000000800049ce (0x003a843b) addw    s0, s5, gp
core   0: 1 0x00000000800049ce (0x003a843b) x8  0x00000000553fa5d9
core   0: 0x00000000800049d2 (0x015374b3) and     s1, t1, s5
core   0: 1 0x00000000800049d2 (0x015374b3) x9  0x00000000541a0188
core   0: 0x00000000800049d6 (0x03d7c83b) divw    a6, a5, t4
core   0: 1 0x00000000800049d6 (0x03d7c83b) x16 0x0000000000000000
core   0: 0x00000000800049da (0x001024f3) csrrs   s1, fflags, zero
core   0: 1 0x00000000800049da (0x001024f3) x9  0x0000000000000011
core   0: 0x00000000800049de (0x4021519b) sraiw   gp, sp, 2
core   0: 1 0x00000000800049de (0x4021519b) x3  0x0000000000000000
core   0: 0x00000000800049e2 (0xc209f253) fcvt.w.d tp, fs3
core   0: 1 0x00000000800049e2 (0xc209f253) c1_fflags 0x0000000000000011 x4  0x000000007fffffff
core   0: 0x00000000800049e6 (0x3440b4f3) csrrc   s1, mip, ra
core   0: exception trap_illegal_instruction, epc 0x00000000800049e6
core   0:           tval 0x000000003440b4f3
core   0: >>>>  $xrv64i2p1_m2p0_a2p1_f2p2_d2p2_zicsr2p0_zifencei2p0_zmmul1p0_zba1p0_zbb1p0_zbc1p0_zbs1p0
core   0: 0x0000000080004000 (0x0080006f) j       pc + 0x8
core   0: 3 0x0000000080004000 (0x0080006f)
core   0: >>>>  mmode_exception_handler
core   0: 0x0000000080004008 (0x00002c17) auipc   s8, 0x2
core   0: 3 0x0000000080004008 (0x00002c17) x24 0x0000000080006008
core   0: 0x000000008000400c (0x09cc0c13) addi    s8, s8, 156
core   0: 3 0x000000008000400c (0x09cc0c13) x24 0x00000000800060a4
core   0: 0x0000000080004010 (0x000c00e7) jalr    s8
core   0: 3 0x0000000080004010 (0x000c00e7) x1  0x0000000080004014
core   0: >>>>  any_handler
core   0: 0x00000000800060a4 (0x341027f3) csrrs   a5, mepc, zero
core   0: 3 0x00000000800060a4 (0x341027f3) x15 0x00000000800049e6
core   0: 0x00000000800060a8 (0x34202773) csrrs   a4, mcause, zero
core   0: 3 0x00000000800060a8 (0x34202773) x14 0x0000000000000002
core   0: 0x00000000800060ac (0x142026f3) csrrs   a3, scause, zero
core   0: 3 0x00000000800060ac (0x142026f3) x13 0x0000000000000000
core   0: 0x00000000800060b0 (0x30402673) csrrs   a2, mie, zero
core   0: 3 0x00000000800060b0 (0x30402673) x12 0x0000000000000a00
core   0: 0x00000000800060b4 (0x344025f3) csrrs   a1, mip, zero
core   0: 3 0x00000000800060b4 (0x344025f3) x11 0x0000000000000080
core   0: 0x00000000800060b8 (0x343025f3) csrrs   a1, mtval, zero
core   0: 3 0x00000000800060b8 (0x343025f3) x11 0x000000003440b4f3
core   0: 0x00000000800060bc (0x14302573) csrrs   a0, stval, zero
core   0: 3 0x00000000800060bc (0x14302573) x10 0x0000000000000015
core   0: 0x00000000800060c0 (0xb02024f3) csrrs   s1, minstret, zero
core   0: 3 0x00000000800060c0 (0xb02024f3) x9  0x0000000000000af1
core   0: 0x00000000800060c4 (0x0000a811) c.j     pc + 20
core   0: 3 0x00000000800060c4 (0xa811)
core   0: >>>>  mepc_4
core   0: 0x00000000800060d8 (0x00000791) c.addi  a5, 4
core   0: 3 0x00000000800060d8 (0x0791) x15 0x00000000800049ea
core   0: 0x00000000800060da (0x34179073) csrrw   zero, mepc, a5
core   0: 3 0x00000000800060da (0x34179073) c833_mepc 0x00000000800049ea
core   0: 0x00000000800060de (0x30200073) mret
core   0: 3 0x00000000800060de (0x30200073) c768_mstatus 0x8000000a00106080
core   0: 0x00000000800049ea (0xea08fecb) fnmsub.d ft9, fa7, ft0, ft9
core   0: 1 0x00000000800049ea (0xea08fecb) f29 0x7ff8000000000000
core   0: 0x00000000800049ee (0xd03cfa53) fcvt.s.lu fs4, s9
core   0: 1 0x00000000800049ee (0xd03cfa53) c1_fflags 0x0000000000000011 f20 0xffffffff5f800000
core   0: 0x00000000800049f2 (0xd21d8e53) fcvt.d.wu ft8, s11
core   0: 1 0x00000000800049f2 (0xd21d8e53) f28 0x0000000000000000
core   0: 0x00000000800049f6 (0x001b1d73) csrrw   s10, fflags, s6
core   0: 1 0x00000000800049f6 (0x001b1d73) x26 0x0000000000000011 c1_fflags 0x0000000000000000
core   0: 0x00000000800049fa (0x035d04b3) mul     s1, s10, s5
core   0: 1 0x00000000800049fa (0x035d04b3) x9  0x00000005a931837a
core   0: 0x00000000800049fe (0x2a8d9453) fmax.d  fs0, fs11, fs0
core   0: 1 0x00000000800049fe (0x2a8d9453) f8  0x0000000000000000
core   0: 0x0000000080004a02 (0x4005dd1b) sraiw   s10, a1, 0
core   0: 1 0x0000000080004a02 (0x4005dd1b) x26 0x000000003440b4f3
core   0: 0x0000000080004a06 (0x5de65797) auipc   a5, 0x5de65
core   0: 1 0x0000000080004a06 (0x5de65797) x15 0x00000000dde69a06
core   0: 0x0000000080004a0a (0x184d0017) auipc   zero, 0x184d0
core   0: 1 0x0000000080004a0a (0x184d0017)
core   0: 0x0000000080004a0e (0x00065eb3) srl     t4, a2, zero
core   0: 1 0x0000000080004a0e (0x00065eb3) x29 0x0000000000000a00
core   0: 0x0000000080004a12 (0x0172bbb3) sltu    s7, t0, s7
core   0: 1 0x0000000080004a12 (0x0172bbb3) x23 0x0000000000000000
core   0: 0x0000000080004a16 (0x23c422d3) fsgnjx.d ft5, fs0, ft8
core   0: 1 0x0000000080004a16 (0x23c422d3) f5  0x0000000000000000
core   0: 0x0000000080004a1a (0x027e8733) mul     a4, t4, t2
core   0: 1 0x0000000080004a1a (0x027e8733) x14 0x00000846561a3200
core   0: 0x0000000080004a1e (0xc034fb53) fcvt.lu.s s6, fs1
core   0: 1 0x0000000080004a1e (0xc034fb53) x22 0x0000000000000000
core   0: 0x0000000080004a22 (0x41b05e1b) sraiw   t3, zero, 27
core   0: 1 0x0000000080004a22 (0x41b05e1b) x28 0x0000000000000000
core   0: 0x0000000080004a26 (0xc200f053) fcvt.w.d zero, ft1
core   0: 1 0x0000000080004a26 (0xc200f053) c1_fflags 0x0000000000000010
core   0: 0x0000000080004a2a (0x000027b3) slt     a5, zero, zero
core   0: 1 0x0000000080004a2a (0x000027b3) x15 0x0000000000000000
core   0: 0x0000000080004a2e (0xd2020953) fcvt.d.w fs2, tp
core   0: 1 0x0000000080004a2e (0xd2020953) f18 0x41dfffffffc00000
core   0: 0x0000000080004a32 (0x011ad2bb) srlw    t0, s5, a7
core   0: 1 0x0000000080004a32 (0x011ad2bb) x5  0x00000000154fc976
core   0: 0x0000000080004a36 (0x000a1893) slli    a7, s4, 0
core   0: 1 0x0000000080004a36 (0x000a1893) x17 0x0000000000000011
core   0: 0x0000000080004a3a (0x002e9573) csrrw   a0, frm, t4
core   0: 1 0x0000000080004a3a (0x002e9573) x10 0x0000000000000000 c2_frm 0x0000000000000000
core   0: 0x0000000080004a3e (0x41130133) sub     sp, t1, a7
core   0: 1 0x0000000080004a3e (0x41130133) x2  0x000000007e9ad177
core   0: 0x0000000080004a42 (0x00000001) c.nop
core   0: 1 0x0000000080004a42 (0x0001)
core   0: 0x0000000080004a44 (0x406306b3) sub     a3, t1, t1
core   0: 1 0x0000000080004a44 (0x406306b3) x13 0x0000000000000000
core   0: 0x0000000080004a48 (0xd0337d53) fcvt.s.lu fs10, t1
core   0: 1 0x0000000080004a48 (0xd0337d53) c1_fflags 0x0000000000000011 f26 0xffffffff4efd35a3
core   0: 0x0000000080004a4c (0xe263734b) fnmsub.d ft6, ft6, ft6, ft8
core   0: 1 0x0000000080004a4c (0xe263734b) f6  0x7ff8000000000000
core   0: 0x0000000080004a50 (0x2b619553) fmax.d  fa0, ft3, fs6
core   0: 1 0x0000000080004a50 (0x2b619553) f10 0xc1dfa6b462000000
core   0: 0x0000000080004a54 (0x00675ebb) srlw    t4, a4, t1
core   0: 1 0x0000000080004a54 (0x00675ebb) x29 0x0000000000561a32
core   0: 0x0000000080004a58 (0x03557ad3) fadd.d  fs5, fa0, fs5
core   0: 1 0x0000000080004a58 (0x03557ad3) f21 0xc1dfa6b1e5c00000
core   0: 0x0000000080004a5c (0x000ddd9b) srliw   s11, s11, 0
core   0: 1 0x0000000080004a5c (0x000ddd9b) x27 0x0000000000000000
core   0: 0x0000000080004a60 (0x00169073) csrrw   zero, fflags, a3
core   0: 1 0x0000000080004a60 (0x00169073) c1_fflags 0x0000000000000000
core   0: 0x0000000080004a64 (0x40d059b3) sra     s3, zero, a3
core   0: 1 0x0000000080004a64 (0x40d059b3) x19 0x0000000000000000
core   0: 0x0000000080004a68 (0x000ae713) ori     a4, s5, 0
core   0: 1 0x0000000080004a68 (0x000ae713) x14 0x00000000553f25da
core   0: 0x0000000080004a6c (0xb7ab4517) auipc   a0, 0xb7ab4
core   0: 1 0x0000000080004a6c (0xb7ab4517) x10 0x0000000037ab8a6c
core   0: 0x0000000080004a70 (0x01b6d69b) srliw   a3, a3, 27
core   0: 1 0x0000000080004a70 (0x01b6d69b) x13 0x0000000000000000
core   0: 0x0000000080004a74 (0x432cd893) srai    a7, s9, 50
core   0: 1 0x0000000080004a74 (0x432cd893) x17 0xffffffffffffffff
core   0: 0x0000000080004a78 (0x320feb73) csrrsi  s6, mcountinhibit, 31
core   0: exception trap_illegal_instruction, epc 0x0000000080004a78
core   0:           tval 0x00000000320feb73
core   0: >>>>  $xrv64i2p1_m2p0_a2p1_f2p2_d2p2_zicsr2p0_zifencei2p0_zmmul1p0_zba1p0_zbb1p0_zbc1p0_zbs1p0
core   0: 0x0000000080004000 (0x0080006f) j       pc + 0x8
core   0: 3 0x0000000080004000 (0x0080006f)
core   0: >>>>  mmode_exception_handler
core   0: 0x0000000080004008 (0x00002c17) auipc   s8, 0x2
core   0: 3 0x0000000080004008 (0x00002c17) x24 0x0000000080006008
core   0: 0x000000008000400c (0x09cc0c13) addi    s8, s8, 156
core   0: 3 0x000000008000400c (0x09cc0c13) x24 0x00000000800060a4
core   0: 0x0000000080004010 (0x000c00e7) jalr    s8
core   0: 3 0x0000000080004010 (0x000c00e7) x1  0x0000000080004014
core   0: >>>>  any_handler
core   0: 0x00000000800060a4 (0x341027f3) csrrs   a5, mepc, zero
core   0: 3 0x00000000800060a4 (0x341027f3) x15 0x0000000080004a78
core   0: 0x00000000800060a8 (0x34202773) csrrs   a4, mcause, zero
core   0: 3 0x00000000800060a8 (0x34202773) x14 0x0000000000000002
core   0: 0x00000000800060ac (0x142026f3) csrrs   a3, scause, zero
core   0: 3 0x00000000800060ac (0x142026f3) x13 0x0000000000000000
core   0: 0x00000000800060b0 (0x30402673) csrrs   a2, mie, zero
core   0: 3 0x00000000800060b0 (0x30402673) x12 0x0000000000000a00
core   0: 0x00000000800060b4 (0x344025f3) csrrs   a1, mip, zero
core   0: 3 0x00000000800060b4 (0x344025f3) x11 0x0000000000000080
core   0: 0x00000000800060b8 (0x343025f3) csrrs   a1, mtval, zero
core   0: 3 0x00000000800060b8 (0x343025f3) x11 0x00000000320feb73
core   0: 0x00000000800060bc (0x14302573) csrrs   a0, stval, zero
core   0: 3 0x00000000800060bc (0x14302573) x10 0x0000000000000015
core   0: 0x00000000800060c0 (0xb02024f3) csrrs   s1, minstret, zero
core   0: 3 0x00000000800060c0 (0xb02024f3) x9  0x0000000000000b25
core   0: 0x00000000800060c4 (0x0000a811) c.j     pc + 20
core   0: 3 0x00000000800060c4 (0xa811)
core   0: >>>>  mepc_4
core   0: 0x00000000800060d8 (0x00000791) c.addi  a5, 4
core   0: 3 0x00000000800060d8 (0x0791) x15 0x0000000080004a7c
core   0: 0x00000000800060da (0x34179073) csrrw   zero, mepc, a5
core   0: 3 0x00000000800060da (0x34179073) c833_mepc 0x0000000080004a7c
core   0: 0x00000000800060de (0x30200073) mret
core   0: 3 0x00000000800060de (0x30200073) c768_mstatus 0x8000000a00106080
core   0: 0x0000000080004a7c (0xe20d0153) fmv.x.d sp, fs10
core   0: 1 0x0000000080004a7c (0xe20d0153) x2  0xffffffff4efd35a3
core   0: 0x0000000080004a80 (0x419c84bb) subw    s1, s9, s9
core   0: 1 0x0000000080004a80 (0x419c84bb) x9  0x0000000000000000
core   0: 0x0000000080004a84 (0xc21b7253) fcvt.wu.d tp, fs6
core   0: 1 0x0000000080004a84 (0xc21b7253) c1_fflags 0x0000000000000010 x4  0xffffffffffffffff
core   0: 0x0000000080004a88 (0xf1552973) csrrs   s2, mconfigptr, a0
core   0: exception trap_illegal_instruction, epc 0x0000000080004a88
core   0:           tval 0x00000000f1552973
core   0: >>>>  $xrv64i2p1_m2p0_a2p1_f2p2_d2p2_zicsr2p0_zifencei2p0_zmmul1p0_zba1p0_zbb1p0_zbc1p0_zbs1p0
core   0: 0x0000000080004000 (0x0080006f) j       pc + 0x8
core   0: 3 0x0000000080004000 (0x0080006f)
core   0: >>>>  mmode_exception_handler
core   0: 0x0000000080004008 (0x00002c17) auipc   s8, 0x2
core   0: 3 0x0000000080004008 (0x00002c17) x24 0x0000000080006008
core   0: 0x000000008000400c (0x09cc0c13) addi    s8, s8, 156
core   0: 3 0x000000008000400c (0x09cc0c13) x24 0x00000000800060a4
core   0: 0x0000000080004010 (0x000c00e7) jalr    s8
core   0: 3 0x0000000080004010 (0x000c00e7) x1  0x0000000080004014
core   0: >>>>  any_handler
core   0: 0x00000000800060a4 (0x341027f3) csrrs   a5, mepc, zero
core   0: 3 0x00000000800060a4 (0x341027f3) x15 0x0000000080004a88
core   0: 0x00000000800060a8 (0x34202773) csrrs   a4, mcause, zero
core   0: 3 0x00000000800060a8 (0x34202773) x14 0x0000000000000002
core   0: 0x00000000800060ac (0x142026f3) csrrs   a3, scause, zero
core   0: 3 0x00000000800060ac (0x142026f3) x13 0x0000000000000000
core   0: 0x00000000800060b0 (0x30402673) csrrs   a2, mie, zero
core   0: 3 0x00000000800060b0 (0x30402673) x12 0x0000000000000a00
core   0: 0x00000000800060b4 (0x344025f3) csrrs   a1, mip, zero
core   0: 3 0x00000000800060b4 (0x344025f3) x11 0x0000000000000080
core   0: 0x00000000800060b8 (0x343025f3) csrrs   a1, mtval, zero
core   0: 3 0x00000000800060b8 (0x343025f3) x11 0x00000000f1552973
core   0: 0x00000000800060bc (0x14302573) csrrs   a0, stval, zero
core   0: 3 0x00000000800060bc (0x14302573) x10 0x0000000000000015
core   0: 0x00000000800060c0 (0xb02024f3) csrrs   s1, minstret, zero
core   0: 3 0x00000000800060c0 (0xb02024f3) x9  0x0000000000000b38
core   0: 0x00000000800060c4 (0x0000a811) c.j     pc + 20
core   0: 3 0x00000000800060c4 (0xa811)
core   0: >>>>  mepc_4
core   0: 0x00000000800060d8 (0x00000791) c.addi  a5, 4
core   0: 3 0x00000000800060d8 (0x0791) x15 0x0000000080004a8c
core   0: 0x00000000800060da (0x34179073) csrrw   zero, mepc, a5
core   0: 3 0x00000000800060da (0x34179073) c833_mepc 0x0000000080004a8c
core   0: 0x00000000800060de (0x30200073) mret
core   0: 3 0x00000000800060de (0x30200073) c768_mstatus 0x8000000a00106080
core   0: 0x0000000080004a8c (0x01e71eb7) lui     t4, 0x1e71
core   0: 1 0x0000000080004a8c (0x01e71eb7) x29 0x0000000001e71000
core   0: 0x0000000080004a90 (0x97fe8e9b) addiw   t4, t4, -1665
core   0: 1 0x0000000080004a90 (0x97fe8e9b) x29 0x0000000001e7097f
core   0: 0x0000000080004a94 (0x00000eb6) c.slli  t4, 13
core   0: 1 0x0000000080004a94 (0x0eb6) x29 0x0000003ce12fe000
core   0: 0x0000000080004a96 (0x4b9e8e93) addi    t4, t4, 1209
core   0: 1 0x0000000080004a96 (0x4b9e8e93) x29 0x0000003ce12fe4b9
core   0: 0x0000000080004a9a (0x00f977b3) and     a5, s2, a5
core   0: 1 0x0000000080004a9a (0x00f977b3) x15 0x0000000000000000
core   0: 0x0000000080004a9e (0x01380633) add     a2, a6, s3
core   0: 1 0x0000000080004a9e (0x01380633) x12 0x0000000000000000
core   0: 0x0000000080004aa2 (0x00000001) c.nop
core   0: 1 0x0000000080004aa2 (0x0001)
core   0: 0x0000000080004aa4 (0x02e3533b) divuw   t1, t1, a4
core   0: 1 0x0000000080004aa4 (0x02e3533b) x6  0x000000003f4d68c4
core   0: 0x0000000080004aa8 (0x006c7533) and     a0, s8, t1
core   0: 1 0x0000000080004aa8 (0x006c7533) x10 0x0000000000006084
core   0: 0x0000000080004aac (0x0a0af5d3) fsub.d  fa1, fs5, ft0
core   0: 1 0x0000000080004aac (0x0a0af5d3) f11 0x7ff8000000000000
core   0: 0x0000000080004ab0 (0x236208d3) fsgnj.d fa7, ft4, fs6
core   0: 1 0x0000000080004ab0 (0x236208d3) f17 0x7ff8000000000000
core   0: 0x0000000080004ab4 (0xc0277053) fcvt.l.s zero, fa4
core   0: 1 0x0000000080004ab4 (0xc0277053) c1_fflags 0x0000000000000010
core   0: 0x0000000080004ab8 (0x000d04bb) addw    s1, s10, zero
core   0: 1 0x0000000080004ab8 (0x000d04bb) x9  0x000000003440b4f3
core   0: 0x0000000080004abc (0x40167fd3) fcvt.s.d ft11, fa2
core   0: 1 0x0000000080004abc (0x40167fd3) f31 0xffffffff7fc00000
core   0: 0x0000000080004ac0 (0x0a9c70c7) fmsub.d ft1, fs8, fs1, ft1
core   0: 1 0x0000000080004ac0 (0x0a9c70c7) f1  0x7ff8000000000000
core   0: 0x0000000080004ac4 (0xe1748297) auipc   t0, 0xe1748
core   0: 1 0x0000000080004ac4 (0xe1748297) x5  0x000000006174cac4
core   0: 0x0000000080004ac8 (0x0153991b) slliw   s2, t2, 21
core   0: 1 0x0000000080004ac8 (0x0153991b) x18 0x0000000020a00000
core   0: 0x0000000080004acc (0x6b194513) xori    a0, s2, 1713
core   0: 1 0x0000000080004acc (0x6b194513) x10 0x0000000020a006b1
core   0: 0x0000000080004ad0 (0x22694d93) xori    s11, s2, 550
core   0: 1 0x0000000080004ad0 (0x22694d93) x27 0x0000000020a00226
core   0: 0x0000000080004ad4 (0x7ff4c313) xori    t1, s1, 2047
core   0: 1 0x0000000080004ad4 (0x7ff4c313) x6  0x000000003440b30c
core   0: 0x0000000080004ad8 (0x406c0c3b) subw    s8, s8, t1
core   0: 1 0x0000000080004ad8 (0x406c0c3b) x24 0x000000004bbfad98
core   0: 0x0000000080004adc (0x03a97933) remu    s2, s2, s10
core   0: 1 0x0000000080004adc (0x03a97933) x18 0x0000000020a00000
core   0: 0x0000000080004ae0 (0xfffe8213) addi    tp, t4, -1
core   0: 1 0x0000000080004ae0 (0xfffe8213) x4  0x0000003ce12fe4b8
core   0: 0x0000000080004ae4 (0x401e7a53) fcvt.s.d fs4, ft8
core   0: 1 0x0000000080004ae4 (0x401e7a53) f20 0xffffffff00000000
core   0: 0x0000000080004ae8 (0x00202bf3) csrrs   s7, frm, zero
core   0: 1 0x0000000080004ae8 (0x00202bf3) x23 0x0000000000000000
core   0: 0x0000000080004aec (0x0009d69b) srliw   a3, s3, 0
core   0: 1 0x0000000080004aec (0x0009d69b) x13 0x0000000000000000
core   0: 0x0000000080004af0 (0x03b6edb3) rem     s11, a3, s11
core   0: 1 0x0000000080004af0 (0x03b6edb3) x27 0x0000000000000000
core   0: 0x0000000080004af4 (0x02f69b13) slli    s6, a3, 47
core   0: 1 0x0000000080004af4 (0x02f69b13) x22 0x0000000000000000
core   0: 0x0000000080004af8 (0x027bd93b) divuw   s2, s7, t2
core   0: 1 0x0000000080004af8 (0x027bd93b) x18 0x0000000000000000
core   0: 0x0000000080004afc (0x41335b93) srai    s7, t1, 19
core   0: 1 0x0000000080004afc (0x41335b93) x23 0x0000000000000688
core   0: 0x0000000080004b00 (0x2a311153) fmax.d  ft2, ft2, ft3
core   0: 1 0x0000000080004b00 (0x2a311153) f2  0xc1dfa6b462000000
core   0: 0x0000000080004b04 (0x03528533) mul     a0, t0, s5
core   0: 1 0x0000000080004b04 (0x03528533) x10 0x2073d179d8fefee8
core   0: 0x0000000080004b08 (0x40015933) sra     s2, sp, zero
core   0: 1 0x0000000080004b08 (0x40015933) x18 0xffffffff4efd35a3
core   0: 0x0000000080004b0c (0x01582833) slt     a6, a6, s5
core   0: 1 0x0000000080004b0c (0x01582833) x16 0x0000000000000001
core   0: 0x0000000080004b10 (0xc21775d3) fcvt.wu.d a1, fa4
core   0: 1 0x0000000080004b10 (0xc21775d3) c1_fflags 0x0000000000000010 x11 0xffffffffffffffff
core   0: 0x0000000080004b14 (0x0095d29b) srliw   t0, a1, 9
core   0: 1 0x0000000080004b14 (0x0095d29b) x5  0x00000000007fffff
core   0: 0x0000000080004b18 (0x03f79d93) slli    s11, a5, 63
core   0: 1 0x0000000080004b18 (0x03f79d93) x27 0x0000000000000000
core   0: 0x0000000080004b1c (0x22e806d3) fsgnj.d fa3, fa6, fa4
core   0: 1 0x0000000080004b1c (0x22e806d3) f13 0xfff8000000000000
core   0: 0x0000000080004b20 (0x00229413) slli    s0, t0, 2
core   0: 1 0x0000000080004b20 (0x00229413) x8  0x0000000001fffffc
core   0: 0x0000000080004b24 (0x00102a73) csrrs   s4, fflags, zero
core   0: 1 0x0000000080004b24 (0x00102a73) x20 0x0000000000000010
core   0: 0x0000000080004b28 (0x0157d19b) srliw   gp, a5, 21
core   0: 1 0x0000000080004b28 (0x0157d19b) x3  0x0000000000000000
core   0: 0x0000000080004b2c (0x6ad4f543) fmadd.d fa0, fs1, fa3, fa3
core   0: 1 0x0000000080004b2c (0x6ad4f543) f10 0x7ff8000000000000
core   0: 0x0000000080004b30 (0x0037d7b3) srl     a5, a5, gp
core   0: 1 0x0000000080004b30 (0x0037d7b3) x15 0x0000000000000000
core   0: 0x0000000080004b34 (0xc026f253) fcvt.l.s tp, fa3
core   0: 1 0x0000000080004b34 (0xc026f253) c1_fflags 0x0000000000000010 x4  0x7fffffffffffffff
core   0: 0x0000000080004b38 (0x3400b973) csrrc   s2, mscratch, ra
core   0: exception trap_illegal_instruction, epc 0x0000000080004b38
core   0:           tval 0x000000003400b973
core   0: >>>>  $xrv64i2p1_m2p0_a2p1_f2p2_d2p2_zicsr2p0_zifencei2p0_zmmul1p0_zba1p0_zbb1p0_zbc1p0_zbs1p0
core   0: 0x0000000080004000 (0x0080006f) j       pc + 0x8
core   0: 3 0x0000000080004000 (0x0080006f)
core   0: >>>>  mmode_exception_handler
core   0: 0x0000000080004008 (0x00002c17) auipc   s8, 0x2
core   0: 3 0x0000000080004008 (0x00002c17) x24 0x0000000080006008
core   0: 0x000000008000400c (0x09cc0c13) addi    s8, s8, 156
core   0: 3 0x000000008000400c (0x09cc0c13) x24 0x00000000800060a4
core   0: 0x0000000080004010 (0x000c00e7) jalr    s8
core   0: 3 0x0000000080004010 (0x000c00e7) x1  0x0000000080004014
core   0: >>>>  any_handler
core   0: 0x00000000800060a4 (0x341027f3) csrrs   a5, mepc, zero
core   0: 3 0x00000000800060a4 (0x341027f3) x15 0x0000000080004b38
core   0: 0x00000000800060a8 (0x34202773) csrrs   a4, mcause, zero
core   0: 3 0x00000000800060a8 (0x34202773) x14 0x0000000000000002
core   0: 0x00000000800060ac (0x142026f3) csrrs   a3, scause, zero
core   0: 3 0x00000000800060ac (0x142026f3) x13 0x0000000000000000
core   0: 0x00000000800060b0 (0x30402673) csrrs   a2, mie, zero
core   0: 3 0x00000000800060b0 (0x30402673) x12 0x0000000000000a00
core   0: 0x00000000800060b4 (0x344025f3) csrrs   a1, mip, zero
core   0: 3 0x00000000800060b4 (0x344025f3) x11 0x0000000000000080
core   0: 0x00000000800060b8 (0x343025f3) csrrs   a1, mtval, zero
core   0: 3 0x00000000800060b8 (0x343025f3) x11 0x000000003400b973
core   0: 0x00000000800060bc (0x14302573) csrrs   a0, stval, zero
core   0: 3 0x00000000800060bc (0x14302573) x10 0x0000000000000015
core   0: 0x00000000800060c0 (0xb02024f3) csrrs   s1, minstret, zero
core   0: 3 0x00000000800060c0 (0xb02024f3) x9  0x0000000000000b74
core   0: 0x00000000800060c4 (0x0000a811) c.j     pc + 20
core   0: 3 0x00000000800060c4 (0xa811)
core   0: >>>>  mepc_4
core   0: 0x00000000800060d8 (0x00000791) c.addi  a5, 4
core   0: 3 0x00000000800060d8 (0x0791) x15 0x0000000080004b3c
core   0: 0x00000000800060da (0x34179073) csrrw   zero, mepc, a5
core   0: 3 0x00000000800060da (0x34179073) c833_mepc 0x0000000080004b3c
core   0: 0x00000000800060de (0x30200073) mret
core   0: 3 0x00000000800060de (0x30200073) c768_mstatus 0x8000000a00106080
core   0: 0x0000000080004b3c (0xc23f7853) fcvt.lu.d a6, ft10
core   0: 1 0x0000000080004b3c (0xc23f7853) c1_fflags 0x0000000000000010 x16 0xffffffffffffffff
core   0: 0x0000000080004b40 (0x8a988e93) addi    t4, a7, -1879
core   0: 1 0x0000000080004b40 (0x8a988e93) x29 0xfffffffffffff8a8
core   0: 0x0000000080004b44 (0x011babb3) slt     s7, s7, a7
core   0: 1 0x0000000080004b44 (0x011babb3) x23 0x0000000000000000
core   0: 0x0000000080004b48 (0x22df1153) fsgnjn.d ft2, ft10, fa3
core   0: 1 0x0000000080004b48 (0x22df1153) f2  0x7ff8000000000000
core   0: 0x0000000080004b4c (0x22b09853) fsgnjn.d fa6, ft1, fa1
core   0: 1 0x0000000080004b4c (0x22b09853) f16 0xfff8000000000000
core   0: 0x0000000080004b50 (0x03b47db3) remu    s11, s0, s11
core   0: 1 0x0000000080004b50 (0x03b47db3) x27 0x0000000001fffffc
core   0: 0x0000000080004b54 (0x403e8eb3) sub     t4, t4, gp
core   0: 1 0x0000000080004b54 (0x403e8eb3) x29 0xfffffffffffff8a8
core   0: 0x0000000080004b58 (0x0144a4b3) slt     s1, s1, s4
core   0: 1 0x0000000080004b58 (0x0144a4b3) x9  0x0000000000000000
core   0: 0x0000000080004b5c (0x5a07ff53) fsqrt.d ft10, fa5
core   0: 1 0x0000000080004b5c (0x5a07ff53) c1_fflags 0x0000000000000010 f30 0x7ff8000000000000
core   0: 0x0000000080004b60 (0x021a763b) remuw   a2, s4, ra
core   0: 1 0x0000000080004b60 (0x021a763b) x12 0x0000000000000010
core   0: 0x0000000080004b64 (0x007a4c33) xor     s8, s4, t2
core   0: 1 0x0000000080004b64 (0x007a4c33) x24 0x00000000d3d56915
core   0: 0x0000000080004b68 (0x00441ebb) sllw    t4, s0, tp
core   0: 1 0x0000000080004b68 (0x00441ebb) x29 0x0000000000000000
core   0: 0x0000000080004b6c (0xd02475d3) fcvt.s.l fa1, s0
core   0: 1 0x0000000080004b6c (0xd02475d3) f11 0xffffffff4bfffffe
core   0: 0x0000000080004b70 (0x014a0b33) add     s6, s4, s4
core   0: 1 0x0000000080004b70 (0x014a0b33) x22 0x0000000000000020
core   0: 0x0000000080004b74 (0x0364febb) remuw   t4, s1, s6
core   0: 1 0x0000000080004b74 (0x0364febb) x29 0x0000000000000000
core   0: 0x0000000080004b78 (0x00f740b3) xor     ra, a4, a5
core   0: 1 0x0000000080004b78 (0x00f740b3) x1  0x0000000080004b3e
core   0: 0x0000000080004b7c (0x4dc62617) auipc   a2, 0x4dc62
core   0: 1 0x0000000080004b7c (0x4dc62617) x12 0x00000000cdc66b7c
core   0: 0x0000000080004b80 (0x01344bb3) xor     s7, s0, s3
core   0: 1 0x0000000080004b80 (0x01344bb3) x23 0x0000000001fffffc
core   0: 0x0000000080004b84 (0x7b05b3f3) csrrc   t2, dcsr, a1
core   0: exception trap_illegal_instruction, epc 0x0000000080004b84
core   0:           tval 0x000000007b05b3f3
core   0: >>>>  $xrv64i2p1_m2p0_a2p1_f2p2_d2p2_zicsr2p0_zifencei2p0_zmmul1p0_zba1p0_zbb1p0_zbc1p0_zbs1p0
core   0: 0x0000000080004000 (0x0080006f) j       pc + 0x8
core   0: 3 0x0000000080004000 (0x0080006f)
core   0: >>>>  mmode_exception_handler
core   0: 0x0000000080004008 (0x00002c17) auipc   s8, 0x2
core   0: 3 0x0000000080004008 (0x00002c17) x24 0x0000000080006008
core   0: 0x000000008000400c (0x09cc0c13) addi    s8, s8, 156
core   0: 3 0x000000008000400c (0x09cc0c13) x24 0x00000000800060a4
core   0: 0x0000000080004010 (0x000c00e7) jalr    s8
core   0: 3 0x0000000080004010 (0x000c00e7) x1  0x0000000080004014
core   0: >>>>  any_handler
core   0: 0x00000000800060a4 (0x341027f3) csrrs   a5, mepc, zero
core   0: 3 0x00000000800060a4 (0x341027f3) x15 0x0000000080004b84
core   0: 0x00000000800060a8 (0x34202773) csrrs   a4, mcause, zero
core   0: 3 0x00000000800060a8 (0x34202773) x14 0x0000000000000002
core   0: 0x00000000800060ac (0x142026f3) csrrs   a3, scause, zero
core   0: 3 0x00000000800060ac (0x142026f3) x13 0x0000000000000000
core   0: 0x00000000800060b0 (0x30402673) csrrs   a2, mie, zero
core   0: 3 0x00000000800060b0 (0x30402673) x12 0x0000000000000a00
core   0: 0x00000000800060b4 (0x344025f3) csrrs   a1, mip, zero
core   0: 3 0x00000000800060b4 (0x344025f3) x11 0x0000000000000080
core   0: 0x00000000800060b8 (0x343025f3) csrrs   a1, mtval, zero
core   0: 3 0x00000000800060b8 (0x343025f3) x11 0x000000007b05b3f3
core   0: 0x00000000800060bc (0x14302573) csrrs   a0, stval, zero
core   0: 3 0x00000000800060bc (0x14302573) x10 0x0000000000000015
core   0: 0x00000000800060c0 (0xb02024f3) csrrs   s1, minstret, zero
core   0: 3 0x00000000800060c0 (0xb02024f3) x9  0x0000000000000b96
core   0: 0x00000000800060c4 (0x0000a811) c.j     pc + 20
core   0: 3 0x00000000800060c4 (0xa811)
core   0: >>>>  mepc_4
core   0: 0x00000000800060d8 (0x00000791) c.addi  a5, 4
core   0: 3 0x00000000800060d8 (0x0791) x15 0x0000000080004b88
core   0: 0x00000000800060da (0x34179073) csrrw   zero, mepc, a5
core   0: 3 0x00000000800060da (0x34179073) c833_mepc 0x0000000080004b88
core   0: 0x00000000800060de (0x30200073) mret
core   0: 3 0x00000000800060de (0x30200073) c768_mstatus 0x8000000a00106080
core   0: 0x0000000080004b88 (0x4010d833) sra     a6, ra, ra
core   0: 1 0x0000000080004b88 (0x4010d833) x16 0x0000000000000800
core   0: 0x0000000080004b8c (0x00e70a3b) addw    s4, a4, a4
core   0: 1 0x0000000080004b8c (0x00e70a3b) x20 0x0000000000000004
core   0: 0x0000000080004b90 (0x024363bb) remw    t2, t1, tp
core   0: 1 0x0000000080004b90 (0x024363bb) x7  0x0000000000000000
core   0: 0x0000000080004b94 (0x0399ccb3) div     s9, s3, s9
core   0: 1 0x0000000080004b94 (0x0399ccb3) x25 0x0000000000000000
core   0: 0x0000000080004b98 (0x002d9273) csrrw   tp, frm, s11
core   0: 1 0x0000000080004b98 (0x002d9273) x4  0x0000000000000000 c2_frm 0x0000000000000004
core   0: 0x0000000080004b9c (0x00045d9b) srliw   s11, s0, 0
core   0: 1 0x0000000080004b9c (0x00045d9b) x27 0x0000000001fffffc
core   0: 0x0000000080004ba0 (0x0028c833) xor     a6, a7, sp
core   0: 1 0x0000000080004ba0 (0x0028c833) x16 0x00000000b102ca5c
core   0: 0x0000000080004ba4 (0x105fe773) csrrsi  a4, stvec, 31
core   0: 1 0x0000000080004ba4 (0x105fe773) x14 0x0000000000000009 c261_stvec 0x000000000000001d
core   0: 0x0000000080004ba8 (0xf8911637) lui     a2, 0xf8911
core   0: 1 0x0000000080004ba8 (0xf8911637) x12 0xfffffffff8911000
core   0: 0x0000000080004bac (0xb9b6061b) addiw   a2, a2, -1125
core   0: 1 0x0000000080004bac (0xb9b6061b) x12 0xfffffffff8910b9b
core   0: 0x0000000080004bb0 (0x00000632) c.slli  a2, 12
core   0: 1 0x0000000080004bb0 (0x0632) x12 0xffffff8910b9b000
core   0: 0x0000000080004bb2 (0x0a560613) addi    a2, a2, 165
core   0: 1 0x0000000080004bb2 (0x0a560613) x12 0xffffff8910b9b0a5
core   0: 0x0000000080004bb6 (0x40730ebb) subw    t4, t1, t2
core   0: 1 0x0000000080004bb6 (0x40730ebb) x29 0x000000003440b30c
core   0: 0x0000000080004bba (0x407e83bb) subw    t2, t4, t2
core   0: 1 0x0000000080004bba (0x407e83bb) x7  0x000000003440b30c
core   0: 0x0000000080004bbe (0x00252737) lui     a4, 0x252
core   0: 1 0x0000000080004bbe (0x00252737) x14 0x0000000000252000
core   0: 0x0000000080004bc2 (0x0577071b) addiw   a4, a4, 87
core   0: 1 0x0000000080004bc2 (0x0577071b) x14 0x0000000000252057
core   0: 0x0000000080004bc6 (0x00000736) c.slli  a4, 13
core   0: 1 0x0000000080004bc6 (0x0736) x14 0x00000004a40ae000
core   0: 0x0000000080004bc8 (0xb2970713) addi    a4, a4, -1239
core   0: 1 0x0000000080004bc8 (0xb2970713) x14 0x00000004a40adb29
core   0: 0x0000000080004bcc (0xf20d0353) fmv.d.x ft6, s10
core   0: 1 0x0000000080004bcc (0xf20d0353) f6  0x000000003440b4f3
core   0: 0x0000000080004bd0 (0x40045193) srai    gp, s0, 0
core   0: 1 0x0000000080004bd0 (0x40045193) x3  0x0000000001fffffc
core   0: 0x0000000080004bd4 (0x30697073) csrrci  zero, mcounteren, 18
core   0: exception trap_illegal_instruction, epc 0x0000000080004bd4
core   0:           tval 0x0000000030697073
core   0: >>>>  $xrv64i2p1_m2p0_a2p1_f2p2_d2p2_zicsr2p0_zifencei2p0_zmmul1p0_zba1p0_zbb1p0_zbc1p0_zbs1p0
core   0: 0x0000000080004000 (0x0080006f) j       pc + 0x8
core   0: 3 0x0000000080004000 (0x0080006f)
core   0: >>>>  mmode_exception_handler
core   0: 0x0000000080004008 (0x00002c17) auipc   s8, 0x2
core   0: 3 0x0000000080004008 (0x00002c17) x24 0x0000000080006008
core   0: 0x000000008000400c (0x09cc0c13) addi    s8, s8, 156
core   0: 3 0x000000008000400c (0x09cc0c13) x24 0x00000000800060a4
core   0: 0x0000000080004010 (0x000c00e7) jalr    s8
core   0: 3 0x0000000080004010 (0x000c00e7) x1  0x0000000080004014
core   0: >>>>  any_handler
core   0: 0x00000000800060a4 (0x341027f3) csrrs   a5, mepc, zero
core   0: 3 0x00000000800060a4 (0x341027f3) x15 0x0000000080004bd4
core   0: 0x00000000800060a8 (0x34202773) csrrs   a4, mcause, zero
core   0: 3 0x00000000800060a8 (0x34202773) x14 0x0000000000000002
core   0: 0x00000000800060ac (0x142026f3) csrrs   a3, scause, zero
core   0: 3 0x00000000800060ac (0x142026f3) x13 0x0000000000000000
core   0: 0x00000000800060b0 (0x30402673) csrrs   a2, mie, zero
core   0: 3 0x00000000800060b0 (0x30402673) x12 0x0000000000000a00
core   0: 0x00000000800060b4 (0x344025f3) csrrs   a1, mip, zero
core   0: 3 0x00000000800060b4 (0x344025f3) x11 0x0000000000000080
core   0: 0x00000000800060b8 (0x343025f3) csrrs   a1, mtval, zero
core   0: 3 0x00000000800060b8 (0x343025f3) x11 0x0000000030697073
core   0: 0x00000000800060bc (0x14302573) csrrs   a0, stval, zero
core   0: 3 0x00000000800060bc (0x14302573) x10 0x0000000000000015
core   0: 0x00000000800060c0 (0xb02024f3) csrrs   s1, minstret, zero
core   0: 3 0x00000000800060c0 (0xb02024f3) x9  0x0000000000000bba
core   0: 0x00000000800060c4 (0x0000a811) c.j     pc + 20
core   0: 3 0x00000000800060c4 (0xa811)
core   0: >>>>  mepc_4
core   0: 0x00000000800060d8 (0x00000791) c.addi  a5, 4
core   0: 3 0x00000000800060d8 (0x0791) x15 0x0000000080004bd8
core   0: 0x00000000800060da (0x34179073) csrrw   zero, mepc, a5
core   0: 3 0x00000000800060da (0x34179073) c833_mepc 0x0000000080004bd8
core   0: 0x00000000800060de (0x30200073) mret
core   0: 3 0x00000000800060de (0x30200073) c768_mstatus 0x8000000a00106080
core   0: 0x0000000080004bd8 (0x02a71533) mulh    a0, a4, a0
core   0: 1 0x0000000080004bd8 (0x02a71533) x10 0x0000000000000000
core   0: 0x0000000080004bdc (0x03d506b3) mul     a3, a0, t4
core   0: 1 0x0000000080004bdc (0x03d506b3) x13 0x0000000000000000
core   0: 0x0000000080004be0 (0x02d7e23b) remw    tp, a5, a3
core   0: 1 0x0000000080004be0 (0x02d7e23b) x4  0xffffffff80004bd8
core   0: 0x0000000080004be4 (0xc23371d3) fcvt.lu.d gp, ft6
core   0: 1 0x0000000080004be4 (0xc23371d3) c1_fflags 0x0000000000000011 x3  0x0000000000000000
core   0: 0x0000000080004be8 (0x000d061b) sext.w  a2, s10
core   0: 1 0x0000000080004be8 (0x000d061b) x12 0x000000003440b4f3
core   0: 0x0000000080004bec (0xe5bafa93) andi    s5, s5, -421
core   0: 1 0x0000000080004bec (0xe5bafa93) x21 0x00000000553f245a
core   0: 0x0000000080004bf0 (0x01d5feb3) and     t4, a1, t4
core   0: 1 0x0000000080004bf0 (0x01d5feb3) x29 0x0000000030403000
core   0: 0x0000000080004bf4 (0xa3ef0153) fle.d   sp, ft10, ft10
core   0: 1 0x0000000080004bf4 (0xa3ef0153) c1_fflags 0x0000000000000011 x2  0x0000000000000000
core   0: 0x0000000080004bf8 (0x105056f3) csrrwi  a3, stvec, 0
core   0: 1 0x0000000080004bf8 (0x105056f3) x13 0x000000000000001d c261_stvec 0x0000000000000000
core   0: 0x0000000080004bfc (0x237b8bd3) fsgnj.d fs7, fs7, fs7
core   0: 1 0x0000000080004bfc (0x237b8bd3) f23 0x7ff8000000000000
core   0: 0x0000000080004c00 (0x001ecd13) xori    s10, t4, 1
core   0: 1 0x0000000080004c00 (0x001ecd13) x26 0x0000000030403001
core   0: 0x0000000080004c04 (0x0122993b) sllw    s2, t0, s2
core   0: 1 0x0000000080004c04 (0x0122993b) x18 0x0000000003fffff8
core   0: 0x0000000080004c08 (0x03fc5013) srli    zero, s8, 63
core   0: 1 0x0000000080004c08 (0x03fc5013)
core   0: 0x0000000080004c0c (0x026197b3) mulh    a5, gp, t1
core   0: 1 0x0000000080004c0c (0x026197b3) x15 0x0000000000000000
core   0: 0x0000000080004c10 (0x400a5a33) sra     s4, s4, zero
core   0: 1 0x0000000080004c10 (0x400a5a33) x20 0x0000000000000004
core   0: 0x0000000080004c14 (0xc236f4d3) fcvt.lu.d s1, fa3
core   0: 1 0x0000000080004c14 (0xc236f4d3) c1_fflags 0x0000000000000011 x9  0xffffffffffffffff
core   0: 0x0000000080004c18 (0x40aa5b13) srai    s6, s4, 10
core   0: 1 0x0000000080004c18 (0x40aa5b13) x22 0x0000000000000000
core   0: 0x0000000080004c1c (0x0eb80c1b) addiw   s8, a6, 235
core   0: 1 0x0000000080004c1c (0x0eb80c1b) x24 0xffffffffb102cb47
core   0: 0x0000000080004c20 (0x016181bb) addw    gp, gp, s6
core   0: 1 0x0000000080004c20 (0x016181bb) x3  0x0000000000000000
core   0: 0x0000000080004c24 (0xd23670d3) fcvt.d.lu ft1, a2
core   0: 1 0x0000000080004c24 (0xd23670d3) f1  0x41ca205a79800000
core   0: 0x0000000080004c28 (0x002a17f3) csrrw   a5, frm, s4
core   0: 1 0x0000000080004c28 (0x002a17f3) x15 0x0000000000000004 c2_frm 0x0000000000000004
core   0: 0x0000000080004c2c (0x000ad39b) srliw   t2, s5, 0
core   0: 1 0x0000000080004c2c (0x000ad39b) x7  0x00000000553f245a
core   0: 0x0000000080004c30 (0x2af80ed3) fmin.d  ft9, fa6, fa5
core   0: 1 0x0000000080004c30 (0x2af80ed3) f29 0xc1dfa6b462000000
core   0: 0x0000000080004c34 (0x00138d1b) addiw   s10, t2, 1
core   0: 1 0x0000000080004c34 (0x00138d1b) x26 0x00000000553f245b
core   0: 0x0000000080004c38 (0x027d2eb3) mulhsu  t4, s10, t2
core   0: 1 0x0000000080004c38 (0x027d2eb3) x29 0x0000000000000000
core   0: 0x0000000080004c3c (0x41f4581b) sraiw   a6, s0, 31
core   0: 1 0x0000000080004c3c (0x41f4581b) x16 0x0000000000000000
core   0: 0x0000000080004c40 (0xe4a87393) andi    t2, a6, -438
core   0: 1 0x0000000080004c40 (0xe4a87393) x7  0x0000000000000000
core   0: 0x0000000080004c44 (0x41888c33) sub     s8, a7, s8
core   0: 1 0x0000000080004c44 (0x41888c33) x24 0x000000004efd34b8
core   0: 0x0000000080004c48 (0x40d5d61b) sraiw   a2, a1, 13
core   0: 1 0x0000000080004c48 (0x40d5d61b) x12 0x000000000001834b
core   0: 0x0000000080004c4c (0x00b58d3b) addw    s10, a1, a1
core   0: 1 0x0000000080004c4c (0x00b58d3b) x26 0x0000000060d2e0e6
core   0: 0x0000000080004c50 (0x025152bb) divuw   t0, sp, t0
core   0: 1 0x0000000080004c50 (0x025152bb) x5  0x0000000000000000
core   0: 0x0000000080004c54 (0x13067653) fmul.d  fa2, fa2, fa6
core   0: 1 0x0000000080004c54 (0x13067653) f12 0x7ff8000000000000
core   0: 0x0000000080004c58 (0x404d5933) sra     s2, s10, tp
core   0: 1 0x0000000080004c58 (0x404d5933) x18 0x0000000000000060
core   0: 0x0000000080004c5c (0x17226037) lui     zero, 0x17226
core   0: 1 0x0000000080004c5c (0x17226037)
core   0: 0x0000000080004c60 (0xf2028453) fmv.d.x fs0, t0
core   0: 1 0x0000000080004c60 (0xf2028453) f8  0x0000000000000000
core   0: 0x0000000080004c64 (0x0b1478d3) fsub.d  fa7, fs0, fa7
core   0: 1 0x0000000080004c64 (0x0b1478d3) f17 0x7ff8000000000000
core   0: 0x0000000080004c68 (0xfa03f497) auipc   s1, 0xfa03f
core   0: 1 0x0000000080004c68 (0xfa03f497) x9  0x000000007a043c68
core   0: 0x0000000080004c6c (0x4014de9b) sraiw   t4, s1, 1
core   0: 1 0x0000000080004c6c (0x4014de9b) x29 0x000000003d021e34
core   0: 0x0000000080004c70 (0xf20207d3) fmv.d.x fa5, tp
core   0: 1 0x0000000080004c70 (0xf20207d3) f15 0xffffffff80004bd8
core   0: 0x0000000080004c74 (0x2b638c53) fmin.d  fs8, ft7, fs6
core   0: 1 0x0000000080004c74 (0x2b638c53) f24 0x7ff8000000000000
core   0: 0x0000000080004c78 (0x1247f353) fmul.d  ft6, fa5, ft4
core   0: 1 0x0000000080004c78 (0x1247f353) f6  0x7ff8000000000000
core   0: 0x0000000080004c7c (0x03b6dd3b) divuw   s10, a3, s11
core   0: 1 0x0000000080004c7c (0x03b6dd3b) x26 0x0000000000000000
core   0: 0x0000000080004c80 (0xb97d0113) addi    sp, s10, -1129
core   0: 1 0x0000000080004c80 (0xb97d0113) x2  0xfffffffffffffb97
core   0: 0x0000000080004c84 (0x1a45f3d3) fdiv.d  ft7, fa1, ft4
core   0: 1 0x0000000080004c84 (0x1a45f3d3) f7  0x7ff8000000000000
core   0: 0x0000000080004c88 (0xaf096413) ori     s0, s2, -1296
core   0: 1 0x0000000080004c88 (0xaf096413) x8  0xfffffffffffffaf0
core   0: 0x0000000080004c8c (0x1ab07ed3) fdiv.d  ft9, ft0, fa1
core   0: 1 0x0000000080004c8c (0x1ab07ed3) f29 0x7ff8000000000000
core   0: 0x0000000080004c90 (0x24dbe713) ori     a4, s7, 589
core   0: 1 0x0000000080004c90 (0x24dbe713) x14 0x0000000001fffffd
core   0: 0x0000000080004c94 (0x0225c13b) divw    sp, a1, sp
core   0: 1 0x0000000080004c94 (0x0225c13b) x2  0xfffffffffff505cc
core   0: 0x0000000080004c98 (0x02e4a7b3) mulhsu  a5, s1, a4
core   0: 1 0x0000000080004c98 (0x02e4a7b3) x15 0x0000000000000000
core   0: 0x0000000080004c9c (0x01943037) lui     zero, 0x1943
core   0: 1 0x0000000080004c9c (0x01943037)
core   0: 0x0000000080004ca0 (0x2bd0001b) addiw   zero, zero, 701
core   0: 1 0x0000000080004ca0 (0x2bd0001b)
core   0: 0x0000000080004ca4 (0x00c01013) slli    zero, zero, 12
core   0: 1 0x0000000080004ca4 (0x00c01013)
core   0: 0x0000000080004ca8 (0xb7500013) li      zero, -1163
core   0: 1 0x0000000080004ca8 (0xb7500013)
core   0: 0x0000000080004cac (0xd03271d3) fcvt.s.lu ft3, tp
core   0: 1 0x0000000080004cac (0xd03271d3) c1_fflags 0x0000000000000011 f3  0xffffffff5f800000
core   0: 0x0000000080004cb0 (0x002c9c73) csrrw   s8, frm, s9
core   0: 1 0x0000000080004cb0 (0x002c9c73) x24 0x0000000000000004 c2_frm 0x0000000000000000
core   0: 0x0000000080004cb4 (0x14017173) csrrci  sp, sscratch, 2
core   0: 1 0x0000000080004cb4 (0x14017173) x2  0x0000000000000000 c320_sscratch 0x0000000000000000
core   0: 0x0000000080004cb8 (0x220a0653) fsgnj.d fa2, fs4, ft0
core   0: 1 0x0000000080004cb8 (0x220a0653) f12 0x7fffffff00000000
core   0: 0x0000000080004cbc (0x01fe191b) slliw   s2, t3, 31
core   0: 1 0x0000000080004cbc (0x01fe191b) x18 0x0000000000000000
core   0: 0x0000000080004cc0 (0x00000001) c.nop
core   0: 1 0x0000000080004cc0 (0x0001)
core   0: 0x0000000080004cc2 (0x7ff86213) ori     tp, a6, 2047
core   0: 1 0x0000000080004cc2 (0x7ff86213) x4  0x00000000000007ff
core   0: 0x0000000080004cc6 (0x0247b733) mulhu   a4, a5, tp
core   0: 1 0x0000000080004cc6 (0x0247b733) x14 0x0000000000000000
core   0: 0x0000000080004cca (0x1aa57f53) fdiv.d  ft10, fa0, fa0
core   0: 1 0x0000000080004cca (0x1aa57f53) f30 0x7ff8000000000000
core   0: 0x0000000080004cce (0x01188bbb) addw    s7, a7, a7
core   0: 1 0x0000000080004cce (0x01188bbb) x23 0xfffffffffffffffe
core   0: 0x0000000080004cd2 (0xd0327753) fcvt.s.lu fa4, tp
core   0: 1 0x0000000080004cd2 (0xd0327753) f14 0xffffffff44ffe000
core   0: 0x0000000080004cd6 (0x12eaf3d3) fmul.d  ft7, fs5, fa4
core   0: 1 0x0000000080004cd6 (0x12eaf3d3) f7  0x7ff8000000000000
core   0: 0x0000000080004cda (0x016dd79b) srliw   a5, s11, 22
core   0: 1 0x0000000080004cda (0x016dd79b) x15 0x0000000000000007
core   0: 0x0000000080004cde (0x01808533) add     a0, ra, s8
core   0: 1 0x0000000080004cde (0x01808533) x10 0x0000000080004018
core   0: 0x0000000080004ce2 (0x4021573b) sraw    a4, sp, sp
core   0: 1 0x0000000080004ce2 (0x4021573b) x14 0x0000000000000000
core   0: 0x0000000080004ce6 (0x5a017153) fsqrt.d ft2, ft2
core   0: 1 0x0000000080004ce6 (0x5a017153) f2  0x7ff8000000000000
core   0: 0x0000000080004cea (0x01cb76b3) and     a3, s6, t3
core   0: 1 0x0000000080004cea (0x01cb76b3) x13 0x0000000000000000
core   0: 0x0000000080004cee (0xd21e8153) fcvt.d.wu ft2, t4
core   0: 1 0x0000000080004cee (0xd21e8153) f2  0x41ce810f1a000000
core   0: 0x0000000080004cf2 (0x016a581b) srliw   a6, s4, 22
core   0: 1 0x0000000080004cf2 (0x016a581b) x16 0x0000000000000000
core   0: 0x0000000080004cf6 (0x01957e33) and     t3, a0, s9
core   0: 1 0x0000000080004cf6 (0x01957e33) x28 0x0000000000000000
core   0: 0x0000000080004cfa (0x03be48bb) divw    a7, t3, s11
core   0: 1 0x0000000080004cfa (0x03be48bb) x17 0x0000000000000000
core   0: 0x0000000080004cfe (0x5a0b74d3) fsqrt.d fs1, fs6
core   0: 1 0x0000000080004cfe (0x5a0b74d3) f9  0x7ff8000000000000
core   0: 0x0000000080004d02 (0xf3f377cb) fnmsub.d fa5, ft6, ft11, ft10
core   0: 1 0x0000000080004d02 (0xf3f377cb) f15 0x7ff8000000000000
core   0: 0x0000000080004d06 (0x00a9a533) slt     a0, s3, a0
core   0: 1 0x0000000080004d06 (0x00a9a533) x10 0x0000000000000001
core   0: 0x0000000080004d0a (0x03dba5b3) mulhsu  a1, s7, t4
core   0: 1 0x0000000080004d0a (0x03dba5b3) x11 0xffffffffffffffff
core   0: 0x0000000080004d0e (0x1a647953) fdiv.d  fs2, fs0, ft6
core   0: 1 0x0000000080004d0e (0x1a647953) f18 0x7ff8000000000000
core   0: 0x0000000080004d12 (0x0331523b) divuw   tp, sp, s3
core   0: 1 0x0000000080004d12 (0x0331523b) x4  0xffffffffffffffff
core   0: 0x0000000080004d16 (0x22df2f53) fsgnjx.d ft10, ft10, fa3
core   0: 1 0x0000000080004d16 (0x22df2f53) f30 0xfff8000000000000
core   0: 0x0000000080004d1a (0x036b55b3) divu    a1, s6, s6
core   0: 1 0x0000000080004d1a (0x036b55b3) x11 0xffffffffffffffff
core   0: 0x0000000080004d1e (0xd03b71d3) fcvt.s.lu ft3, s6
core   0: 1 0x0000000080004d1e (0xd03b71d3) f3  0xffffffff00000000
core   0: 0x0000000080004d22 (0x0308e9b3) rem     s3, a7, a6
core   0: 1 0x0000000080004d22 (0x0308e9b3) x19 0x0000000000000000
core   0: 0x0000000080004d26 (0x3ab5f0c7) fmsub.d ft1, fa1, fa1, ft7
core   0: 1 0x0000000080004d26 (0x3ab5f0c7) f1  0x7ff8000000000000
core   0: 0x0000000080004d2a (0xfffc8b9b) addiw   s7, s9, -1
core   0: 1 0x0000000080004d2a (0xfffc8b9b) x23 0xffffffffffffffff
core   0: 0x0000000080004d2e (0x037cb1b3) mulhu   gp, s9, s7
core   0: 1 0x0000000080004d2e (0x037cb1b3) x3  0x0000000000000000
core   0: 0x0000000080004d32 (0x000097fd) c.srai  a5, 63
core   0: 1 0x0000000080004d32 (0x97fd) x15 0x0000000000000000
core   0: 0x0000000080004d34 (0x0024e4b3) or      s1, s1, sp
core   0: 1 0x0000000080004d34 (0x0024e4b3) x9  0x000000007a043c68
core   0: 0x0000000080004d38 (0xc029b273) csrrc   tp, instret, s3
core   0: exception trap_illegal_instruction, epc 0x0000000080004d38
core   0:           tval 0x00000000c029b273
core   0: >>>>  $xrv64i2p1_m2p0_a2p1_f2p2_d2p2_zicsr2p0_zifencei2p0_zmmul1p0_zba1p0_zbb1p0_zbc1p0_zbs1p0
core   0: 0x0000000080004000 (0x0080006f) j       pc + 0x8
core   0: 3 0x0000000080004000 (0x0080006f)
core   0: >>>>  mmode_exception_handler
core   0: 0x0000000080004008 (0x00002c17) auipc   s8, 0x2
core   0: 3 0x0000000080004008 (0x00002c17) x24 0x0000000080006008
core   0: 0x000000008000400c (0x09cc0c13) addi    s8, s8, 156
core   0: 3 0x000000008000400c (0x09cc0c13) x24 0x00000000800060a4
core   0: 0x0000000080004010 (0x000c00e7) jalr    s8
core   0: 3 0x0000000080004010 (0x000c00e7) x1  0x0000000080004014
core   0: >>>>  any_handler
core   0: 0x00000000800060a4 (0x341027f3) csrrs   a5, mepc, zero
core   0: 3 0x00000000800060a4 (0x341027f3) x15 0x0000000080004d38
core   0: 0x00000000800060a8 (0x34202773) csrrs   a4, mcause, zero
core   0: 3 0x00000000800060a8 (0x34202773) x14 0x0000000000000002
core   0: 0x00000000800060ac (0x142026f3) csrrs   a3, scause, zero
core   0: 3 0x00000000800060ac (0x142026f3) x13 0x0000000000000000
core   0: 0x00000000800060b0 (0x30402673) csrrs   a2, mie, zero
core   0: 3 0x00000000800060b0 (0x30402673) x12 0x0000000000000a00
core   0: 0x00000000800060b4 (0x344025f3) csrrs   a1, mip, zero
core   0: 3 0x00000000800060b4 (0x344025f3) x11 0x0000000000000080
core   0: 0x00000000800060b8 (0x343025f3) csrrs   a1, mtval, zero
core   0: 3 0x00000000800060b8 (0x343025f3) x11 0x00000000c029b273
core   0: 0x00000000800060bc (0x14302573) csrrs   a0, stval, zero
core   0: 3 0x00000000800060bc (0x14302573) x10 0x0000000000000015
core   0: 0x00000000800060c0 (0xb02024f3) csrrs   s1, minstret, zero
core   0: 3 0x00000000800060c0 (0xb02024f3) x9  0x0000000000000c23
core   0: 0x00000000800060c4 (0x0000a811) c.j     pc + 20
core   0: 3 0x00000000800060c4 (0xa811)
core   0: >>>>  mepc_4
core   0: 0x00000000800060d8 (0x00000791) c.addi  a5, 4
core   0: 3 0x00000000800060d8 (0x0791) x15 0x0000000080004d3c
core   0: 0x00000000800060da (0x34179073) csrrw   zero, mepc, a5
core   0: 3 0x00000000800060da (0x34179073) c833_mepc 0x0000000080004d3c
core   0: 0x00000000800060de (0x30200073) mret
core   0: 3 0x00000000800060de (0x30200073) c768_mstatus 0x8000000a00106080
core   0: 0x0000000080004d3c (0x001a9df3) csrrw   s11, fflags, s5
core   0: 1 0x0000000080004d3c (0x001a9df3) x27 0x0000000000000011 c1_fflags 0x000000000000001a
core   0: 0x0000000080004d40 (0x415a8eb3) sub     t4, s5, s5
core   0: 1 0x0000000080004d40 (0x415a8eb3) x29 0x0000000000000000
core   0: 0x0000000080004d44 (0x4130501b) sraiw   zero, zero, 19
core   0: 1 0x0000000080004d44 (0x4130501b)
core   0: 0x0000000080004d48 (0xd23070d3) fcvt.d.lu ft1, zero
core   0: 1 0x0000000080004d48 (0xd23070d3) f1  0x0000000000000000
core   0: 0x0000000080004d4c (0x0096d39b) srliw   t2, a3, 9
core   0: 1 0x0000000080004d4c (0x0096d39b) x7  0x0000000000000000
core   0: 0x0000000080004d50 (0x4107debb) sraw    t4, a5, a6
core   0: 1 0x0000000080004d50 (0x4107debb) x29 0xffffffff80004d3c
core   0: 0x0000000080004d54 (0x405e85bb) subw    a1, t4, t0
core   0: 1 0x0000000080004d54 (0x405e85bb) x11 0xffffffff80004d3c
core   0: 0x0000000080004d58 (0x6ab1f5cf) fnmadd.d fa1, ft3, fa1, fa3
core   0: 1 0x0000000080004d58 (0x6ab1f5cf) f11 0x7ff8000000000000
core   0: 0x0000000080004d5c (0x000181bb) addw    gp, gp, zero
core   0: 1 0x0000000080004d5c (0x000181bb) x3  0x0000000000000000
core   0: 0x0000000080004d60 (0x0001d213) srli    tp, gp, 0
core   0: 1 0x0000000080004d60 (0x0001d213) x4  0x0000000000000000
core   0: 0x0000000080004d64 (0x4112539b) sraiw   t2, tp, 17
core   0: 1 0x0000000080004d64 (0x4112539b) x7  0x0000000000000000
core   0: 0x0000000080004d68 (0x027373bb) remuw   t2, t1, t2
core   0: 1 0x0000000080004d68 (0x027373bb) x7  0x000000003440b30c
core   0: 0x0000000080004d6c (0x239c94d3) fsgnjn.d fs1, fs9, fs9
core   0: 1 0x0000000080004d6c (0x239c94d3) f9  0x7fffffff7fc00000
core   0: 0x0000000080004d70 (0xe27f7f47) fmsub.d ft10, ft10, ft7, ft8
core   0: 1 0x0000000080004d70 (0xe27f7f47) f30 0x7ff8000000000000
core   0: 0x0000000080004d74 (0x011258bb) srlw    a7, tp, a7
core   0: 1 0x0000000080004d74 (0x011258bb) x17 0x0000000000000000
core   0: 0x0000000080004d78 (0x004657b3) srl     a5, a2, tp
core   0: 1 0x0000000080004d78 (0x004657b3) x15 0x0000000000000a00
core   0: 0x0000000080004d7c (0xf13eb6f3) csrrc   a3, mimpid, t4
core   0: exception trap_illegal_instruction, epc 0x0000000080004d7c
core   0:           tval 0x00000000f13eb6f3
core   0: >>>>  $xrv64i2p1_m2p0_a2p1_f2p2_d2p2_zicsr2p0_zifencei2p0_zmmul1p0_zba1p0_zbb1p0_zbc1p0_zbs1p0
core   0: 0x0000000080004000 (0x0080006f) j       pc + 0x8
core   0: 3 0x0000000080004000 (0x0080006f)
core   0: >>>>  mmode_exception_handler
core   0: 0x0000000080004008 (0x00002c17) auipc   s8, 0x2
core   0: 3 0x0000000080004008 (0x00002c17) x24 0x0000000080006008
core   0: 0x000000008000400c (0x09cc0c13) addi    s8, s8, 156
core   0: 3 0x000000008000400c (0x09cc0c13) x24 0x00000000800060a4
core   0: 0x0000000080004010 (0x000c00e7) jalr    s8
core   0: 3 0x0000000080004010 (0x000c00e7) x1  0x0000000080004014
core   0: >>>>  any_handler
core   0: 0x00000000800060a4 (0x341027f3) csrrs   a5, mepc, zero
core   0: 3 0x00000000800060a4 (0x341027f3) x15 0x0000000080004d7c
core   0: 0x00000000800060a8 (0x34202773) csrrs   a4, mcause, zero
core   0: 3 0x00000000800060a8 (0x34202773) x14 0x0000000000000002
core   0: 0x00000000800060ac (0x142026f3) csrrs   a3, scause, zero
core   0: 3 0x00000000800060ac (0x142026f3) x13 0x0000000000000000
core   0: 0x00000000800060b0 (0x30402673) csrrs   a2, mie, zero
core   0: 3 0x00000000800060b0 (0x30402673) x12 0x0000000000000a00
core   0: 0x00000000800060b4 (0x344025f3) csrrs   a1, mip, zero
core   0: 3 0x00000000800060b4 (0x344025f3) x11 0x0000000000000080
core   0: 0x00000000800060b8 (0x343025f3) csrrs   a1, mtval, zero
core   0: 3 0x00000000800060b8 (0x343025f3) x11 0x00000000f13eb6f3
core   0: 0x00000000800060bc (0x14302573) csrrs   a0, stval, zero
core   0: 3 0x00000000800060bc (0x14302573) x10 0x0000000000000015
core   0: 0x00000000800060c0 (0xb02024f3) csrrs   s1, minstret, zero
core   0: 3 0x00000000800060c0 (0xb02024f3) x9  0x0000000000000c43
core   0: 0x00000000800060c4 (0x0000a811) c.j     pc + 20
core   0: 3 0x00000000800060c4 (0xa811)
core   0: >>>>  mepc_4
core   0: 0x00000000800060d8 (0x00000791) c.addi  a5, 4
core   0: 3 0x00000000800060d8 (0x0791) x15 0x0000000080004d80
core   0: 0x00000000800060da (0x34179073) csrrw   zero, mepc, a5
core   0: 3 0x00000000800060da (0x34179073) c833_mepc 0x0000000080004d80
core   0: 0x00000000800060de (0x30200073) mret
core   0: 3 0x00000000800060de (0x30200073) c768_mstatus 0x8000000a00106080
core   0: 0x0000000080004d80 (0x00000001) c.nop
core   0: 1 0x0000000080004d80 (0x0001)
core   0: 0x0000000080004d82 (0x002e93f3) csrrw   t2, frm, t4
core   0: 1 0x0000000080004d82 (0x002e93f3) x7  0x0000000000000000 c2_frm 0x0000000000000004
core   0: 0x0000000080004d86 (0xc034fa53) fcvt.lu.s s4, fs1
core   0: 1 0x0000000080004d86 (0xc034fa53) c1_fflags 0x000000000000001a x20 0xffffffffffffffff
core   0: 0x0000000080004d8a (0x0a377753) fsub.d  fa4, fa4, ft3
core   0: 1 0x0000000080004d8a (0x0a377753) f14 0x7ff8000000000000
core   0: 0x0000000080004d8e (0xc00078f3) csrrci  a7, cycle, 0
core   0: exception trap_illegal_instruction, epc 0x0000000080004d8e
core   0:           tval 0x00000000c00078f3
core   0: >>>>  $xrv64i2p1_m2p0_a2p1_f2p2_d2p2_zicsr2p0_zifencei2p0_zmmul1p0_zba1p0_zbb1p0_zbc1p0_zbs1p0
core   0: 0x0000000080004000 (0x0080006f) j       pc + 0x8
core   0: 3 0x0000000080004000 (0x0080006f)
core   0: >>>>  mmode_exception_handler
core   0: 0x0000000080004008 (0x00002c17) auipc   s8, 0x2
core   0: 3 0x0000000080004008 (0x00002c17) x24 0x0000000080006008
core   0: 0x000000008000400c (0x09cc0c13) addi    s8, s8, 156
core   0: 3 0x000000008000400c (0x09cc0c13) x24 0x00000000800060a4
core   0: 0x0000000080004010 (0x000c00e7) jalr    s8
core   0: 3 0x0000000080004010 (0x000c00e7) x1  0x0000000080004014
core   0: >>>>  any_handler
core   0: 0x00000000800060a4 (0x341027f3) csrrs   a5, mepc, zero
core   0: 3 0x00000000800060a4 (0x341027f3) x15 0x0000000080004d8e
core   0: 0x00000000800060a8 (0x34202773) csrrs   a4, mcause, zero
core   0: 3 0x00000000800060a8 (0x34202773) x14 0x0000000000000002
core   0: 0x00000000800060ac (0x142026f3) csrrs   a3, scause, zero
core   0: 3 0x00000000800060ac (0x142026f3) x13 0x0000000000000000
core   0: 0x00000000800060b0 (0x30402673) csrrs   a2, mie, zero
core   0: 3 0x00000000800060b0 (0x30402673) x12 0x0000000000000a00
core   0: 0x00000000800060b4 (0x344025f3) csrrs   a1, mip, zero
core   0: 3 0x00000000800060b4 (0x344025f3) x11 0x0000000000000080
core   0: 0x00000000800060b8 (0x343025f3) csrrs   a1, mtval, zero
core   0: 3 0x00000000800060b8 (0x343025f3) x11 0x00000000c00078f3
core   0: 0x00000000800060bc (0x14302573) csrrs   a0, stval, zero
core   0: 3 0x00000000800060bc (0x14302573) x10 0x0000000000000015
core   0: 0x00000000800060c0 (0xb02024f3) csrrs   s1, minstret, zero
core   0: 3 0x00000000800060c0 (0xb02024f3) x9  0x0000000000000c57
core   0: 0x00000000800060c4 (0x0000a811) c.j     pc + 20
core   0: 3 0x00000000800060c4 (0xa811)
core   0: >>>>  mepc_4
core   0: 0x00000000800060d8 (0x00000791) c.addi  a5, 4
core   0: 3 0x00000000800060d8 (0x0791) x15 0x0000000080004d92
core   0: 0x00000000800060da (0x34179073) csrrw   zero, mepc, a5
core   0: 3 0x00000000800060da (0x34179073) c833_mepc 0x0000000080004d92
core   0: 0x00000000800060de (0x30200073) mret
core   0: 3 0x00000000800060de (0x30200073) c768_mstatus 0x8000000a00106080
core   0: 0x0000000080004d92 (0x0289f9bb) remuw   s3, s3, s0
core   0: 1 0x0000000080004d92 (0x0289f9bb) x19 0x0000000000000000
core   0: 0x0000000080004d96 (0x4011fdd3) fcvt.s.d fs11, ft3
core   0: 1 0x0000000080004d96 (0x4011fdd3) f27 0xffffffff7fc00000
core   0: 0x0000000080004d9a (0x3b84744f) fnmadd.d fs0, fs0, fs8, ft7
core   0: 1 0x0000000080004d9a (0x3b84744f) f8  0x7ff8000000000000
core   0: 0x0000000080004d9e (0x00000001) c.nop
core   0: 1 0x0000000080004d9e (0x0001)
core   0: 0x0000000080004da0 (0x00000001) c.nop
core   0: 1 0x0000000080004da0 (0x0001)
core   0: 0x0000000080004da2 (0x1b367ad3) fdiv.d  fs5, fa2, fs3
core   0: 1 0x0000000080004da2 (0x1b367ad3) f21 0x7ff8000000000000
core   0: 0x0000000080004da6 (0x030d6133) rem     sp, s10, a6
core   0: 1 0x0000000080004da6 (0x030d6133) x2  0x0000000000000000
core   0: 0x0000000080004daa (0x01b17a33) and     s4, sp, s11
core   0: 1 0x0000000080004daa (0x01b17a33) x20 0x0000000000000000
core   0: 0x0000000080004dae (0x00000001) c.nop
core   0: 1 0x0000000080004dae (0x0001)
core   0: 0x0000000080004db0 (0x01c9c0b3) xor     ra, s3, t3
core   0: 1 0x0000000080004db0 (0x01c9c0b3) x1  0x0000000000000000
core   0: 0x0000000080004db4 (0x002298f3) csrrw   a7, frm, t0
core   0: 1 0x0000000080004db4 (0x002298f3) x17 0x0000000000000004 c2_frm 0x0000000000000000
core   0: 0x0000000080004db8 (0x026edeb3) divu    t4, t4, t1
core   0: 1 0x0000000080004db8 (0x026edeb3) x29 0x00000004e6364129
core   0: 0x0000000080004dbc (0x0083131b) slliw   t1, t1, 8
core   0: 1 0x0000000080004dbc (0x0083131b) x6  0x0000000040b30c00
core   0: 0x0000000080004dc0 (0x0ff0000f) fence   iorw,iorw
core   0: 1 0x0000000080004dc0 (0x0ff0000f)
core   0: 0x0000000080004dc4 (0xd031f3d3) fcvt.s.lu ft7, gp
core   0: 1 0x0000000080004dc4 (0xd031f3d3) f7  0xffffffff00000000
core   0: 0x0000000080004dc8 (0xdfc68693) addi    a3, a3, -516
core   0: 1 0x0000000080004dc8 (0xdfc68693) x13 0xfffffffffffffdfc
core   0: 0x0000000080004dcc (0x32031073) csrrw   zero, mcountinhibit, t1
core   0: exception trap_illegal_instruction, epc 0x0000000080004dcc
core   0:           tval 0x0000000032031073
core   0: >>>>  $xrv64i2p1_m2p0_a2p1_f2p2_d2p2_zicsr2p0_zifencei2p0_zmmul1p0_zba1p0_zbb1p0_zbc1p0_zbs1p0
core   0: 0x0000000080004000 (0x0080006f) j       pc + 0x8
core   0: 3 0x0000000080004000 (0x0080006f)
core   0: >>>>  mmode_exception_handler
core   0: 0x0000000080004008 (0x00002c17) auipc   s8, 0x2
core   0: 3 0x0000000080004008 (0x00002c17) x24 0x0000000080006008
core   0: 0x000000008000400c (0x09cc0c13) addi    s8, s8, 156
core   0: 3 0x000000008000400c (0x09cc0c13) x24 0x00000000800060a4
core   0: 0x0000000080004010 (0x000c00e7) jalr    s8
core   0: 3 0x0000000080004010 (0x000c00e7) x1  0x0000000080004014
core   0: >>>>  any_handler
core   0: 0x00000000800060a4 (0x341027f3) csrrs   a5, mepc, zero
core   0: 3 0x00000000800060a4 (0x341027f3) x15 0x0000000080004dcc
core   0: 0x00000000800060a8 (0x34202773) csrrs   a4, mcause, zero
core   0: 3 0x00000000800060a8 (0x34202773) x14 0x0000000000000002
core   0: 0x00000000800060ac (0x142026f3) csrrs   a3, scause, zero
core   0: 3 0x00000000800060ac (0x142026f3) x13 0x0000000000000000
core   0: 0x00000000800060b0 (0x30402673) csrrs   a2, mie, zero
core   0: 3 0x00000000800060b0 (0x30402673) x12 0x0000000000000a00
core   0: 0x00000000800060b4 (0x344025f3) csrrs   a1, mip, zero
core   0: 3 0x00000000800060b4 (0x344025f3) x11 0x0000000000000080
core   0: 0x00000000800060b8 (0x343025f3) csrrs   a1, mtval, zero
core   0: 3 0x00000000800060b8 (0x343025f3) x11 0x0000000032031073
core   0: 0x00000000800060bc (0x14302573) csrrs   a0, stval, zero
core   0: 3 0x00000000800060bc (0x14302573) x10 0x0000000000000015
core   0: 0x00000000800060c0 (0xb02024f3) csrrs   s1, minstret, zero
core   0: 3 0x00000000800060c0 (0xb02024f3) x9  0x0000000000000c77
core   0: 0x00000000800060c4 (0x0000a811) c.j     pc + 20
core   0: 3 0x00000000800060c4 (0xa811)
core   0: >>>>  mepc_4
core   0: 0x00000000800060d8 (0x00000791) c.addi  a5, 4
core   0: 3 0x00000000800060d8 (0x0791) x15 0x0000000080004dd0
core   0: 0x00000000800060da (0x34179073) csrrw   zero, mepc, a5
core   0: 3 0x00000000800060da (0x34179073) c833_mepc 0x0000000080004dd0
core   0: 0x00000000800060de (0x30200073) mret
core   0: 3 0x00000000800060de (0x30200073) c768_mstatus 0x8000000a00106080
core   0: 0x0000000080004dd0 (0xd021f453) fcvt.s.l fs0, gp
core   0: 1 0x0000000080004dd0 (0xd021f453) f8  0xffffffff00000000
core   0: 0x0000000080004dd4 (0x031c49b3) div     s3, s8, a7
core   0: 1 0x0000000080004dd4 (0x031c49b3) x19 0x0000000020001829
core   0: 0x0000000080004dd8 (0x93eb7f4f) fnmadd.d ft10, fs6, ft10, fs2
core   0: 1 0x0000000080004dd8 (0x93eb7f4f) f30 0x7ff8000000000000
core   0: 0x0000000080004ddc (0x028426b3) mulhsu  a3, s0, s0
core   0: 1 0x0000000080004ddc (0x028426b3) x13 0xfffffffffffffaf0
core   0: 0x0000000080004de0 (0x00009eea) c.add   t4, s10
core   0: 1 0x0000000080004de0 (0x9eea) x29 0x00000004e6364129
core   0: 0x0000000080004de2 (0xfc92c293) xori    t0, t0, -55
core   0: 1 0x0000000080004de2 (0xfc92c293) x5  0xffffffffffffffc9
core   0: 0x0000000080004de6 (0x026a413b) divw    sp, s4, t1
core   0: 1 0x0000000080004de6 (0x026a413b) x2  0x0000000000000000
core   0: 0x0000000080004dea (0x5a017453) fsqrt.d fs0, ft2
core   0: 1 0x0000000080004dea (0x5a017453) c1_fflags 0x000000000000001b f8  0x40df3e3cee29dbbf
core   0: 0x0000000080004dee (0x01dc909b) slliw   ra, s9, 29
core   0: 1 0x0000000080004dee (0x01dc909b) x1  0x0000000000000000
core   0: 0x0000000080004df2 (0x01ab63b3) or      t2, s6, s10
core   0: 1 0x0000000080004df2 (0x01ab63b3) x7  0x0000000000000000
core   0: 0x0000000080004df6 (0x22210b53) fsgnj.d fs6, ft2, ft2
core   0: 1 0x0000000080004df6 (0x22210b53) f22 0x41ce810f1a000000
core   0: 0x0000000080004dfa (0x01a015b3) sll     a1, zero, s10
core   0: 1 0x0000000080004dfa (0x01a015b3) x11 0x0000000000000000
core   0: 0x0000000080004dfe (0xd03afb53) fcvt.s.lu fs6, s5
core   0: 1 0x0000000080004dfe (0xd03afb53) c1_fflags 0x000000000000001b f22 0xffffffff4eaa7e49
core   0: 0x0000000080004e02 (0x03077853) fadd.d  fa6, fa4, fa6
core   0: 1 0x0000000080004e02 (0x03077853) f16 0x7ff8000000000000
core   0: 0x0000000080004e06 (0xd030fdd3) fcvt.s.lu fs11, ra
core   0: 1 0x0000000080004e06 (0xd030fdd3) f27 0xffffffff00000000
core   0: 0x0000000080004e0a (0x02021093) slli    ra, tp, 32
core   0: 1 0x0000000080004e0a (0x02021093) x1  0x0000000000000000
core   0: 0x0000000080004e0e (0xc20c7dd3) fcvt.w.d s11, fs8
core   0: 1 0x0000000080004e0e (0xc20c7dd3) c1_fflags 0x000000000000001b x27 0x000000007fffffff
core   0: 0x0000000080004e12 (0x2b7c01d3) fmin.d  ft3, fs8, fs7
core   0: 1 0x0000000080004e12 (0x2b7c01d3) f3  0x7ff8000000000000
core   0: 0x0000000080004e16 (0xf20b04d3) fmv.d.x fs1, s6
core   0: 1 0x0000000080004e16 (0xf20b04d3) f9  0x0000000000000000
core   0: 0x0000000080004e1a (0x02fc1633) mulh    a2, s8, a5
core   0: 1 0x0000000080004e1a (0x02fc1633) x12 0x0000000000000000
core   0: 0x0000000080004e1e (0x92797bc3) fmadd.d fs7, fs2, ft7, fs2
core   0: 1 0x0000000080004e1e (0x92797bc3) f23 0x7ff8000000000000
core   0: 0x0000000080004e22 (0x9aa74937) lui     s2, 0x9aa74
core   0: 1 0x0000000080004e22 (0x9aa74937) x18 0xffffffff9aa74000
core   0: 0x0000000080004e26 (0x001a9973) csrrw   s2, fflags, s5
core   0: 1 0x0000000080004e26 (0x001a9973) x18 0x000000000000001b c1_fflags 0x000000000000001a
core   0: 0x0000000080004e2a (0xc033f453) fcvt.lu.s s0, ft7
core   0: 1 0x0000000080004e2a (0xc033f453) x8  0x0000000000000000
core   0: 0x0000000080004e2e (0x00140793) addi    a5, s0, 1
core   0: 1 0x0000000080004e2e (0x00140793) x15 0x0000000000000001
core   0: 0x0000000080004e32 (0x0000858e) c.mv    a1, gp
core   0: 1 0x0000000080004e32 (0x858e) x11 0x0000000000000000
core   0: 0x0000000080004e34 (0x039ec6b3) div     a3, t4, s9
core   0: 1 0x0000000080004e34 (0x039ec6b3) x13 0xffffffffffffffff
core   0: 0x0000000080004e38 (0x420989d3) fcvt.d.s fs3, fs3
core   0: 1 0x0000000080004e38 (0x420989d3) f19 0x7ff8000000000000
core   0: 0x0000000080004e3c (0xac572b37) lui     s6, 0xac572
core   0: 1 0x0000000080004e3c (0xac572b37) x22 0xffffffffac572000
core   0: 0x0000000080004e40 (0x01f5501b) srliw   zero, a0, 31
core   0: 1 0x0000000080004e40 (0x01f5501b)
core   0: 0x0000000080004e44 (0x01654ab3) xor     s5, a0, s6
core   0: 1 0x0000000080004e44 (0x01654ab3) x21 0xffffffffac572015
core   0: 0x0000000080004e48 (0x0acd75d3) fsub.d  fa1, fs10, fa2
core   0: 1 0x0000000080004e48 (0x0acd75d3) f11 0x7ff8000000000000
core   0: 0x0000000080004e4c (0x0084533b) srlw    t1, s0, s0
core   0: 1 0x0000000080004e4c (0x0084533b) x6  0x0000000000000000
core   0: 0x0000000080004e50 (0x234b9bd3) fsgnjn.d fs7, fs7, fs4
core   0: 1 0x0000000080004e50 (0x234b9bd3) f23 0x7ff8000000000000
core   0: 0x0000000080004e54 (0x03f21513) slli    a0, tp, 63
core   0: 1 0x0000000080004e54 (0x03f21513) x10 0x0000000000000000
core   0: 0x0000000080004e58 (0x027666bb) remw    a3, a2, t2
core   0: 1 0x0000000080004e58 (0x027666bb) x13 0x0000000000000000
core   0: 0x0000000080004e5c (0x405602bb) subw    t0, a2, t0
core   0: 1 0x0000000080004e5c (0x405602bb) x5  0x0000000000000037
core   0: 0x0000000080004e60 (0x4019f6d3) fcvt.s.d fa3, fs3
core   0: 1 0x0000000080004e60 (0x4019f6d3) f13 0xffffffff7fc00000
core   0: 0x0000000080004e64 (0x00596933) or      s2, s2, t0
core   0: 1 0x0000000080004e64 (0x00596933) x18 0x000000000000003f
core   0: 0x0000000080004e68 (0x01b7e7b3) or      a5, a5, s11
core   0: 1 0x0000000080004e68 (0x01b7e7b3) x15 0x000000007fffffff
core   0: 0x0000000080004e6c (0x000c019b) sext.w  gp, s8
core   0: 1 0x0000000080004e6c (0x000c019b) x3  0xffffffff800060a4
core   0: 0x0000000080004e70 (0x4099d99b) sraiw   s3, s3, 9
core   0: 1 0x0000000080004e70 (0x4099d99b) x19 0x000000000010000c
core   0: 0x0000000080004e74 (0xab3af0cf) fnmadd.d ft1, fs5, fs3, fs5
core   0: 1 0x0000000080004e74 (0xab3af0cf) f1  0x7ff8000000000000
core   0: 0x0000000080004e78 (0xf2018c53) fmv.d.x fs8, gp
core   0: 1 0x0000000080004e78 (0xf2018c53) f24 0xffffffff800060a4
core   0: 0x0000000080004e7c (0x41370abb) subw    s5, a4, s3
core   0: 1 0x0000000080004e7c (0x41370abb) x21 0xffffffffffeffff6
core   0: 0x0000000080004e80 (0x00000001) c.nop
core   0: 1 0x0000000080004e80 (0x0001)
core   0: 0x0000000080004e82 (0x00abe333) or      t1, s7, a0
core   0: 1 0x0000000080004e82 (0x00abe333) x6  0xffffffffffffffff
core   0: 0x0000000080004e86 (0x025b8e3b) mulw    t3, s7, t0
core   0: 1 0x0000000080004e86 (0x025b8e3b) x28 0xffffffffffffffc9
core   0: 0x0000000080004e8a (0x00000001) c.nop
core   0: 1 0x0000000080004e8a (0x0001)
core   0: 0x0000000080004e8c (0x3a5e7a43) fmadd.d fs4, ft8, ft5, ft7
core   0: 1 0x0000000080004e8c (0x3a5e7a43) f20 0x7ff8000000000000
core   0: 0x0000000080004e90 (0x00d5d233) srl     tp, a1, a3
core   0: 1 0x0000000080004e90 (0x00d5d233) x4  0x0000000000000000
core   0: 0x0000000080004e94 (0xc20c7353) fcvt.w.d t1, fs8
core   0: 1 0x0000000080004e94 (0xc20c7353) c1_fflags 0x000000000000001a x6  0x000000007fffffff
core   0: 0x0000000080004e98 (0x00d691b3) sll     gp, a3, a3
core   0: 1 0x0000000080004e98 (0x00d691b3) x3  0x0000000000000000
core   0: 0x0000000080004e9c (0xc23c7a53) fcvt.lu.d s4, fs8
core   0: 1 0x0000000080004e9c (0xc23c7a53) c1_fflags 0x000000000000001a x20 0xffffffffffffffff
core   0: 0x0000000080004ea0 (0x022b5b13) srli    s6, s6, 34
core   0: 1 0x0000000080004ea0 (0x022b5b13) x22 0x000000003fffffff
core   0: 0x0000000080004ea4 (0x23850553) fsgnj.d fa0, fa0, fs8
core   0: 1 0x0000000080004ea4 (0x23850553) f10 0xfff8000000000000
core   0: 0x0000000080004ea8 (0x00fb02b3) add     t0, s6, a5
core   0: 1 0x0000000080004ea8 (0x00fb02b3) x5  0x00000000bffffffe
core   0: 0x0000000080004eac (0x428cfcc7) fmsub.d fs9, fs9, fs0, fs0
core   0: 1 0x0000000080004eac (0x428cfcc7) f25 0x7ff8000000000000
core   0: 0x0000000080004eb0 (0x00000001) c.nop
core   0: 1 0x0000000080004eb0 (0x0001)
core   0: 0x0000000080004eb2 (0x43855193) srai    gp, a0, 56
core   0: 1 0x0000000080004eb2 (0x43855193) x3  0x0000000000000000
core   0: 0x0000000080004eb6 (0x414dd8bb) sraw    a7, s11, s4
core   0: 1 0x0000000080004eb6 (0x414dd8bb) x17 0x0000000000000000
core   0: 0x0000000080004eba (0xc21f7153) fcvt.wu.d sp, ft10
core   0: 1 0x0000000080004eba (0xc21f7153) c1_fflags 0x000000000000001a x2  0xffffffffffffffff
core   0: 0x0000000080004ebe (0x010c553b) srlw    a0, s8, a6
core   0: 1 0x0000000080004ebe (0x010c553b) x10 0xffffffff800060a4
core   0: 0x0000000080004ec2 (0x1447e8f3) csrrsi  a7, sip, 15
core   0: 1 0x0000000080004ec2 (0x1447e8f3) x17 0x0000000000000000 c836_mip 0x0000000000000080
core   0: 0x0000000080004ec6 (0x00009aea) c.add   s5, s10
core   0: 1 0x0000000080004ec6 (0x9aea) x21 0xffffffffffeffff6
core   0: 0x0000000080004ec8 (0x0063063b) addw    a2, t1, t1
core   0: 1 0x0000000080004ec8 (0x0063063b) x12 0xfffffffffffffffe
core   0: 0x0000000080004ecc (0x00a57433) and     s0, a0, a0
core   0: 1 0x0000000080004ecc (0x00a57433) x8  0xffffffff800060a4
core   0: 0x0000000080004ed0 (0x23970653) fsgnj.d fa2, fa4, fs9
core   0: 1 0x0000000080004ed0 (0x23970653) f12 0x7ff8000000000000
core   0: 0x0000000080004ed4 (0x033e64b3) rem     s1, t3, s3
core   0: 1 0x0000000080004ed4 (0x033e64b3) x9  0xffffffffffffffc9
core   0: 0x0000000080004ed8 (0xf20d0e53) fmv.d.x ft8, s10
core   0: 1 0x0000000080004ed8 (0xf20d0e53) f28 0x0000000000000000
core   0: 0x0000000080004edc (0x22160653) fsgnj.d fa2, fa2, ft1
core   0: 1 0x0000000080004edc (0x22160653) f12 0x7ff8000000000000
core   0: 0x0000000080004ee0 (0x0007171b) slliw   a4, a4, 0
core   0: 1 0x0000000080004ee0 (0x0007171b) x14 0x0000000000000002
core   0: 0x0000000080004ee4 (0x00677b33) and     s6, a4, t1
core   0: 1 0x0000000080004ee4 (0x00677b33) x22 0x0000000000000002
core   0: 0x0000000080004ee8 (0xd2317dd3) fcvt.d.lu fs11, sp
core   0: 1 0x0000000080004ee8 (0xd2317dd3) c1_fflags 0x000000000000001b f27 0x43f0000000000000
core   0: 0x0000000080004eec (0x02d723b3) mulhsu  t2, a4, a3
core   0: 1 0x0000000080004eec (0x02d723b3) x7  0x0000000000000000
core   0: 0x0000000080004ef0 (0x000b5a9b) srliw   s5, s6, 0
core   0: 1 0x0000000080004ef0 (0x000b5a9b) x21 0x0000000000000002
core   0: 0x0000000080004ef4 (0x031078d3) fadd.d  fa7, ft0, fa7
core   0: 1 0x0000000080004ef4 (0x031078d3) f17 0x7ff8000000000000
core   0: 0x0000000080004ef8 (0x00202c73) csrrs   s8, frm, zero
core   0: 1 0x0000000080004ef8 (0x00202c73) x24 0x0000000000000000
core   0: 0x0000000080004efc (0x0ab2f2d3) fsub.d  ft5, ft5, fa1
core   0: 1 0x0000000080004efc (0x0ab2f2d3) f5  0x7ff8000000000000
core   0: 0x0000000080004f00 (0x0167d513) srli    a0, a5, 22
core   0: 1 0x0000000080004f00 (0x0167d513) x10 0x00000000000001ff
core   0: 0x0000000080004f04 (0x0ff0000f) fence   iorw,iorw
core   0: 1 0x0000000080004f04 (0x0ff0000f)
core   0: 0x0000000080004f08 (0xf302f84f) fnmadd.d fa6, ft5, fa6, ft10
core   0: 1 0x0000000080004f08 (0xf302f84f) f16 0x7ff8000000000000
core   0: 0x0000000080004f0c (0x343814f3) csrrw   s1, mtval, a6
core   0: exception trap_illegal_instruction, epc 0x0000000080004f0c
core   0:           tval 0x00000000343814f3
core   0: >>>>  $xrv64i2p1_m2p0_a2p1_f2p2_d2p2_zicsr2p0_zifencei2p0_zmmul1p0_zba1p0_zbb1p0_zbc1p0_zbs1p0
core   0: 0x0000000080004000 (0x0080006f) j       pc + 0x8
core   0: 3 0x0000000080004000 (0x0080006f)
core   0: >>>>  mmode_exception_handler
core   0: 0x0000000080004008 (0x00002c17) auipc   s8, 0x2
core   0: 3 0x0000000080004008 (0x00002c17) x24 0x0000000080006008
core   0: 0x000000008000400c (0x09cc0c13) addi    s8, s8, 156
core   0: 3 0x000000008000400c (0x09cc0c13) x24 0x00000000800060a4
core   0: 0x0000000080004010 (0x000c00e7) jalr    s8
core   0: 3 0x0000000080004010 (0x000c00e7) x1  0x0000000080004014
core   0: >>>>  any_handler
core   0: 0x00000000800060a4 (0x341027f3) csrrs   a5, mepc, zero
core   0: 3 0x00000000800060a4 (0x341027f3) x15 0x0000000080004f0c
core   0: 0x00000000800060a8 (0x34202773) csrrs   a4, mcause, zero
core   0: 3 0x00000000800060a8 (0x34202773) x14 0x0000000000000002
core   0: 0x00000000800060ac (0x142026f3) csrrs   a3, scause, zero
core   0: 3 0x00000000800060ac (0x142026f3) x13 0x0000000000000000
core   0: 0x00000000800060b0 (0x30402673) csrrs   a2, mie, zero
core   0: 3 0x00000000800060b0 (0x30402673) x12 0x0000000000000a00
core   0: 0x00000000800060b4 (0x344025f3) csrrs   a1, mip, zero
core   0: 3 0x00000000800060b4 (0x344025f3) x11 0x0000000000000080
core   0: 0x00000000800060b8 (0x343025f3) csrrs   a1, mtval, zero
core   0: 3 0x00000000800060b8 (0x343025f3) x11 0x00000000343814f3
core   0: 0x00000000800060bc (0x14302573) csrrs   a0, stval, zero
core   0: 3 0x00000000800060bc (0x14302573) x10 0x0000000000000015
core   0: 0x00000000800060c0 (0xb02024f3) csrrs   s1, minstret, zero
core   0: 3 0x00000000800060c0 (0xb02024f3) x9  0x0000000000000cd9
core   0: 0x00000000800060c4 (0x0000a811) c.j     pc + 20
core   0: 3 0x00000000800060c4 (0xa811)
core   0: >>>>  mepc_4
core   0: 0x00000000800060d8 (0x00000791) c.addi  a5, 4
core   0: 3 0x00000000800060d8 (0x0791) x15 0x0000000080004f10
core   0: 0x00000000800060da (0x34179073) csrrw   zero, mepc, a5
core   0: 3 0x00000000800060da (0x34179073) c833_mepc 0x0000000080004f10
core   0: 0x00000000800060de (0x30200073) mret
core   0: 3 0x00000000800060de (0x30200073) c768_mstatus 0x8000000a00106080
core   0: 0x0000000080004f10 (0x00000001) c.nop
core   0: 1 0x0000000080004f10 (0x0001)
core   0: 0x0000000080004f12 (0x8230f1cb) fnmsub.d ft3, ft1, ft3, fa6
core   0: 1 0x0000000080004f12 (0x8230f1cb) f3  0x7ff8000000000000
core   0: 0x0000000080004f16 (0x0ff0000f) fence   iorw,iorw
core   0: 1 0x0000000080004f16 (0x0ff0000f)
core   0: 0x0000000080004f1a (0x231183d3) fsgnj.d ft7, ft3, fa7
core   0: 1 0x0000000080004f1a (0x231183d3) f7  0x7ff8000000000000
core   0: 0x0000000080004f1e (0xd20289d3) fcvt.d.w fs3, t0
core   0: 1 0x0000000080004f1e (0xd20289d3) f19 0xc1d0000000800000
core   0: 0x0000000080004f22 (0x0015dd9b) srliw   s11, a1, 1
core   0: 1 0x0000000080004f22 (0x0015dd9b) x27 0x000000001a1c0a79
core   0: 0x0000000080004f26 (0x00c898b3) sll     a7, a7, a2
core   0: 1 0x0000000080004f26 (0x00c898b3) x17 0x0000000000000000
core   0: 0x0000000080004f2a (0x00191073) csrrw   zero, fflags, s2
core   0: 1 0x0000000080004f2a (0x00191073) c1_fflags 0x000000000000001f
core   0: 0x0000000080004f2e (0xda60fdcf) fnmadd.d fs11, ft1, ft6, fs11
core   0: 1 0x0000000080004f2e (0xda60fdcf) f27 0x7ff8000000000000
core   0: 0x0000000080004f32 (0xe3f86c13) ori     s8, a6, -449
core   0: 1 0x0000000080004f32 (0xe3f86c13) x24 0xfffffffffffffe3f
core   0: 0x0000000080004f36 (0x02a5573b) divuw   a4, a0, a0
core   0: 1 0x0000000080004f36 (0x02a5573b) x14 0x0000000000000001
core   0: 0x0000000080004f3a (0x01915713) srli    a4, sp, 25
core   0: 1 0x0000000080004f3a (0x01915713) x14 0x0000007fffffffff
core   0: 0x0000000080004f3e (0x029df533) remu    a0, s11, s1
core   0: 1 0x0000000080004f3e (0x029df533) x10 0x0000000000000c39
core   0: 0x0000000080004f42 (0x410cd933) sra     s2, s9, a6
core   0: 1 0x0000000080004f42 (0x410cd933) x18 0x0000000000000000
core   0: 0x0000000080004f46 (0x5a0d7d53) fsqrt.d fs10, fs10
core   0: 1 0x0000000080004f46 (0x5a0d7d53) f26 0x7ff8000000000000
core   0: 0x0000000080004f4a (0x827dfecb) fnmsub.d ft9, fs11, ft7, fa6
core   0: 1 0x0000000080004f4a (0x827dfecb) f29 0x7ff8000000000000
core   0: 0x0000000080004f4e (0xd2180053) fcvt.d.wu ft0, a6
core   0: 1 0x0000000080004f4e (0xd2180053) f0  0x0000000000000000
core   0: 0x0000000080004f52 (0x41e95393) srai    t2, s2, 30
core   0: 1 0x0000000080004f52 (0x41e95393) x7  0x0000000000000000
core   0: 0x0000000080004f56 (0x1366fb53) fmul.d  fs6, fa3, fs6
core   0: 1 0x0000000080004f56 (0x1366fb53) f22 0x7ff8000000000000
core   0: 0x0000000080004f5a (0xa3b88ad3) fle.d   s5, fa7, fs11
core   0: 1 0x0000000080004f5a (0xa3b88ad3) c1_fflags 0x000000000000001f x21 0x0000000000000000
core   0: 0x0000000080004f5e (0x01d6da13) srli    s4, a3, 29
core   0: 1 0x0000000080004f5e (0x01d6da13) x20 0x0000000000000000
core   0: 0x0000000080004f62 (0x00102673) csrrs   a2, fflags, zero
core   0: 1 0x0000000080004f62 (0x00102673) x12 0x000000000000001f
core   0: 0x0000000080004f66 (0x022afab3) remu    s5, s5, sp
core   0: 1 0x0000000080004f66 (0x022afab3) x21 0x0000000000000000
core   0: 0x0000000080004f6a (0x02a14533) div     a0, sp, a0
core   0: 1 0x0000000080004f6a (0x02a14533) x10 0x0000000000000000
core   0: 0x0000000080004f6e (0x2b920e53) fmin.d  ft8, ft4, fs9
core   0: 1 0x0000000080004f6e (0x2b920e53) f28 0x7ff8000000000000
core   0: 0x0000000080004f72 (0x3248f043) fmadd.d ft0, fa7, ft4, ft6
core   0: 1 0x0000000080004f72 (0x3248f043) f0  0x7ff8000000000000
core   0: 0x0000000080004f76 (0x036388b3) mul     a7, t2, s6
core   0: 1 0x0000000080004f76 (0x036388b3) x17 0x0000000000000000
core   0: 0x0000000080004f7a (0x001e19f3) csrrw   s3, fflags, t3
core   0: 1 0x0000000080004f7a (0x001e19f3) x19 0x000000000000001f c1_fflags 0x0000000000000009
core   0: 0x0000000080004f7e (0x00810bbb) addw    s7, sp, s0
core   0: 1 0x0000000080004f7e (0x00810bbb) x23 0xffffffff800060a3
core   0: 0x0000000080004f82 (0xc20274d3) fcvt.w.d s1, ft4
core   0: 1 0x0000000080004f82 (0xc20274d3) c1_fflags 0x0000000000000019 x9  0x000000007fffffff
core   0: 0x0000000080004f86 (0x03517a33) remu    s4, sp, s5
core   0: 1 0x0000000080004f86 (0x03517a33) x20 0xffffffffffffffff
core   0: 0x0000000080004f8a (0x00202cf3) csrrs   s9, frm, zero
core   0: 1 0x0000000080004f8a (0x00202cf3) x25 0x0000000000000000
core   0: 0x0000000080004f8e (0xc2297953) fcvt.l.d s2, fs2
core   0: 1 0x0000000080004f8e (0xc2297953) c1_fflags 0x0000000000000019 x18 0x7fffffffffffffff
core   0: 0x0000000080004f92 (0xc8056173) csrrsi  sp, cycleh, 10
core   0: exception trap_illegal_instruction, epc 0x0000000080004f92
core   0:           tval 0x00000000c8056173
core   0: >>>>  $xrv64i2p1_m2p0_a2p1_f2p2_d2p2_zicsr2p0_zifencei2p0_zmmul1p0_zba1p0_zbb1p0_zbc1p0_zbs1p0
core   0: 0x0000000080004000 (0x0080006f) j       pc + 0x8
core   0: 3 0x0000000080004000 (0x0080006f)
core   0: >>>>  mmode_exception_handler
core   0: 0x0000000080004008 (0x00002c17) auipc   s8, 0x2
core   0: 3 0x0000000080004008 (0x00002c17) x24 0x0000000080006008
core   0: 0x000000008000400c (0x09cc0c13) addi    s8, s8, 156
core   0: 3 0x000000008000400c (0x09cc0c13) x24 0x00000000800060a4
core   0: 0x0000000080004010 (0x000c00e7) jalr    s8
core   0: 3 0x0000000080004010 (0x000c00e7) x1  0x0000000080004014
core   0: >>>>  any_handler
core   0: 0x00000000800060a4 (0x341027f3) csrrs   a5, mepc, zero
core   0: 3 0x00000000800060a4 (0x341027f3) x15 0x0000000080004f92
core   0: 0x00000000800060a8 (0x34202773) csrrs   a4, mcause, zero
core   0: 3 0x00000000800060a8 (0x34202773) x14 0x0000000000000002
core   0: 0x00000000800060ac (0x142026f3) csrrs   a3, scause, zero
core   0: 3 0x00000000800060ac (0x142026f3) x13 0x0000000000000000
core   0: 0x00000000800060b0 (0x30402673) csrrs   a2, mie, zero
core   0: 3 0x00000000800060b0 (0x30402673) x12 0x0000000000000a00
core   0: 0x00000000800060b4 (0x344025f3) csrrs   a1, mip, zero
core   0: 3 0x00000000800060b4 (0x344025f3) x11 0x0000000000000080
core   0: 0x00000000800060b8 (0x343025f3) csrrs   a1, mtval, zero
core   0: 3 0x00000000800060b8 (0x343025f3) x11 0x00000000c8056173
core   0: 0x00000000800060bc (0x14302573) csrrs   a0, stval, zero
core   0: 3 0x00000000800060bc (0x14302573) x10 0x0000000000000015
core   0: 0x00000000800060c0 (0xb02024f3) csrrs   s1, minstret, zero
core   0: 3 0x00000000800060c0 (0xb02024f3) x9  0x0000000000000d0a
core   0: 0x00000000800060c4 (0x0000a811) c.j     pc + 20
core   0: 3 0x00000000800060c4 (0xa811)
core   0: >>>>  mepc_4
core   0: 0x00000000800060d8 (0x00000791) c.addi  a5, 4
core   0: 3 0x00000000800060d8 (0x0791) x15 0x0000000080004f96
core   0: 0x00000000800060da (0x34179073) csrrw   zero, mepc, a5
core   0: 3 0x00000000800060da (0x34179073) c833_mepc 0x0000000080004f96
core   0: 0x00000000800060de (0x30200073) mret
core   0: 3 0x00000000800060de (0x30200073) c768_mstatus 0x8000000a00106080
core   0: 0x0000000080004f96 (0x03cc5693) srli    a3, s8, 60
core   0: 1 0x0000000080004f96 (0x03cc5693) x13 0x0000000000000000
core   0: 0x0000000080004f9a (0xa31301d3) fle.d   gp, ft6, fa7
core   0: 1 0x0000000080004f9a (0xa31301d3) c1_fflags 0x0000000000000019 x3  0x0000000000000000
core   0: 0x0000000080004f9e (0xc803f773) csrrci  a4, cycleh, 7
core   0: exception trap_illegal_instruction, epc 0x0000000080004f9e
core   0:           tval 0x00000000c803f773
core   0: >>>>  $xrv64i2p1_m2p0_a2p1_f2p2_d2p2_zicsr2p0_zifencei2p0_zmmul1p0_zba1p0_zbb1p0_zbc1p0_zbs1p0
core   0: 0x0000000080004000 (0x0080006f) j       pc + 0x8
core   0: 3 0x0000000080004000 (0x0080006f)
core   0: >>>>  mmode_exception_handler
core   0: 0x0000000080004008 (0x00002c17) auipc   s8, 0x2
core   0: 3 0x0000000080004008 (0x00002c17) x24 0x0000000080006008
core   0: 0x000000008000400c (0x09cc0c13) addi    s8, s8, 156
core   0: 3 0x000000008000400c (0x09cc0c13) x24 0x00000000800060a4
core   0: 0x0000000080004010 (0x000c00e7) jalr    s8
core   0: 3 0x0000000080004010 (0x000c00e7) x1  0x0000000080004014
core   0: >>>>  any_handler
core   0: 0x00000000800060a4 (0x341027f3) csrrs   a5, mepc, zero
core   0: 3 0x00000000800060a4 (0x341027f3) x15 0x0000000080004f9e
core   0: 0x00000000800060a8 (0x34202773) csrrs   a4, mcause, zero
core   0: 3 0x00000000800060a8 (0x34202773) x14 0x0000000000000002
core   0: 0x00000000800060ac (0x142026f3) csrrs   a3, scause, zero
core   0: 3 0x00000000800060ac (0x142026f3) x13 0x0000000000000000
core   0: 0x00000000800060b0 (0x30402673) csrrs   a2, mie, zero
core   0: 3 0x00000000800060b0 (0x30402673) x12 0x0000000000000a00
core   0: 0x00000000800060b4 (0x344025f3) csrrs   a1, mip, zero
core   0: 3 0x00000000800060b4 (0x344025f3) x11 0x0000000000000080
core   0: 0x00000000800060b8 (0x343025f3) csrrs   a1, mtval, zero
core   0: 3 0x00000000800060b8 (0x343025f3) x11 0x00000000c803f773
core   0: 0x00000000800060bc (0x14302573) csrrs   a0, stval, zero
core   0: 3 0x00000000800060bc (0x14302573) x10 0x0000000000000015
core   0: 0x00000000800060c0 (0xb02024f3) csrrs   s1, minstret, zero
core   0: 3 0x00000000800060c0 (0xb02024f3) x9  0x0000000000000d1c
core   0: 0x00000000800060c4 (0x0000a811) c.j     pc + 20
core   0: 3 0x00000000800060c4 (0xa811)
core   0: >>>>  mepc_4
core   0: 0x00000000800060d8 (0x00000791) c.addi  a5, 4
core   0: 3 0x00000000800060d8 (0x0791) x15 0x0000000080004fa2
core   0: 0x00000000800060da (0x34179073) csrrw   zero, mepc, a5
core   0: 3 0x00000000800060da (0x34179073) c833_mepc 0x0000000080004fa2
core   0: 0x00000000800060de (0x30200073) mret
core   0: 3 0x00000000800060de (0x30200073) c768_mstatus 0x8000000a00106080
core   0: 0x0000000080004fa2 (0xc20e70d3) fcvt.w.d ra, ft8
core   0: 1 0x0000000080004fa2 (0xc20e70d3) c1_fflags 0x0000000000000019 x1  0x000000007fffffff
core   0: 0x0000000080004fa6 (0x03a37d3b) remuw   s10, t1, s10
core   0: 1 0x0000000080004fa6 (0x03a37d3b) x26 0x000000007fffffff
core   0: 0x0000000080004faa (0xfff0e613) ori     a2, ra, -1
core   0: 1 0x0000000080004faa (0xfff0e613) x12 0xffffffffffffffff
core   0: 0x0000000080004fae (0x03343cb3) mulhu   s9, s0, s3
core   0: 1 0x0000000080004fae (0x03343cb3) x25 0x000000000000001e
core   0: 0x0000000080004fb2 (0x03336333) rem     t1, t1, s3
core   0: 1 0x0000000080004fb2 (0x03336333) x6  0x0000000000000001
core   0: 0x0000000080004fb6 (0x02807bd3) fadd.d  fs7, ft0, fs0
core   0: 1 0x0000000080004fb6 (0x02807bd3) f23 0x7ff8000000000000
core   0: 0x0000000080004fba (0xc03477d3) fcvt.lu.s a5, fs0
core   0: 1 0x0000000080004fba (0xc03477d3) c1_fflags 0x0000000000000019 x15 0xffffffffffffffff
core   0: 0x0000000080004fbe (0x00102373) csrrs   t1, fflags, zero
core   0: 1 0x0000000080004fbe (0x00102373) x6  0x0000000000000019
core   0: 0x0000000080004fc2 (0xf2078953) fmv.d.x fs2, a5
core   0: 1 0x0000000080004fc2 (0xf2078953) f18 0xffffffffffffffff
core   0: 0x0000000080004fc6 (0x01532a33) slt     s4, t1, s5
core   0: 1 0x0000000080004fc6 (0x01532a33) x20 0x0000000000000000
core   0: 0x0000000080004fca (0x015afa33) and     s4, s5, s5
core   0: 1 0x0000000080004fca (0x015afa33) x20 0x0000000000000000
core   0: 0x0000000080004fce (0x03276ab3) rem     s5, a4, s2
core   0: 1 0x0000000080004fce (0x03276ab3) x21 0x0000000000000002
core   0: 0x0000000080004fd2 (0x403758b3) sra     a7, a4, gp
core   0: 1 0x0000000080004fd2 (0x403758b3) x17 0x0000000000000002
core   0: 0x0000000080004fd6 (0x02fa803b) mulw    zero, s5, a5
core   0: 1 0x0000000080004fd6 (0x02fa803b)
core   0: 0x0000000080004fda (0x41d78d3b) subw    s10, a5, t4
core   0: 1 0x0000000080004fda (0x41d78d3b) x26 0x0000000019c9bed6
core   0: 0x0000000080004fde (0x02319913) slli    s2, gp, 35
core   0: 1 0x0000000080004fde (0x02319913) x18 0x0000000000000000
core   0: 0x0000000080004fe2 (0x401970d3) fcvt.s.d ft1, fs2
core   0: 1 0x0000000080004fe2 (0x401970d3) f1  0xffffffff7fc00000
core   0: 0x0000000080004fe6 (0x4012521b) sraiw   tp, tp, 1
core   0: 1 0x0000000080004fe6 (0x4012521b) x4  0x0000000000000000
core   0: 0x0000000080004fea (0x00a0033b) addw    t1, zero, a0
core   0: 1 0x0000000080004fea (0x00a0033b) x6  0x0000000000000015
core   0: 0x0000000080004fee (0xc03d70d3) fcvt.lu.s ra, fs10
core   0: 1 0x0000000080004fee (0xc03d70d3) c1_fflags 0x0000000000000019 x1  0xffffffffffffffff
core   0: 0x0000000080004ff2 (0x466c8893) addi    a7, s9, 1126
core   0: 1 0x0000000080004ff2 (0x466c8893) x17 0x0000000000000484
core   0: 0x0000000080004ff6 (0x12c8f8d3) fmul.d  fa7, fa7, fa2
core   0: 1 0x0000000080004ff6 (0x12c8f8d3) f17 0x7ff8000000000000
core   0: 0x0000000080004ffa (0x42e8da93) srai    s5, a7, 46
core   0: 1 0x0000000080004ffa (0x42e8da93) x21 0x0000000000000000
core   0: 0x0000000080004ffe (0x00aa1d9b) slliw   s11, s4, 10
core   0: 1 0x0000000080004ffe (0x00aa1d9b) x27 0x0000000000000000
core   0: 0x0000000080005002 (0x037d8cbb) mulw    s9, s11, s7
core   0: 1 0x0000000080005002 (0x037d8cbb) x25 0x0000000000000000
core   0: 0x0000000080005006 (0x4181013b) subw    sp, sp, s8
core   0: 1 0x0000000080005006 (0x4181013b) x2  0x000000007fff9f5b
core   0: 0x000000008000500a (0x0034961b) slliw   a2, s1, 3
core   0: 1 0x000000008000500a (0x0034961b) x12 0x00000000000068e0
core   0: 0x000000008000500e (0xc2277753) fcvt.l.d a4, fa4
core   0: 1 0x000000008000500e (0xc2277753) c1_fflags 0x0000000000000019 x14 0x7fffffffffffffff
core   0: 0x0000000080005012 (0x00000001) c.nop
core   0: 1 0x0000000080005012 (0x0001)
core   0: 0x0000000080005014 (0x41fb529b) sraiw   t0, s6, 31
core   0: 1 0x0000000080005014 (0x41fb529b) x5  0x0000000000000000
core   0: 0x0000000080005018 (0x03c3e5b3) rem     a1, t2, t3
core   0: 1 0x0000000080005018 (0x03c3e5b3) x11 0x0000000000000000
core   0: 0x000000008000501c (0xfca3c837) lui     a6, 0xfca3c
core   0: 1 0x000000008000501c (0xfca3c837) x16 0xfffffffffca3c000
core   0: 0x0000000080005020 (0xaa78081b) addiw   a6, a6, -1369
core   0: 1 0x0000000080005020 (0xaa78081b) x16 0xfffffffffca3baa7
core   0: 0x0000000080005024 (0x00000832) c.slli  a6, 12
core   0: 1 0x0000000080005024 (0x0832) x16 0xffffffca3baa7000
core   0: 0x0000000080005026 (0x68780813) addi    a6, a6, 1671
core   0: 1 0x0000000080005026 (0x68780813) x16 0xffffffca3baa7687
core   0: 0x000000008000502a (0x034c43b3) div     t2, s8, s4
core   0: 1 0x000000008000502a (0x034c43b3) x7  0xffffffffffffffff
core   0: 0x000000008000502e (0x00139ef3) csrrw   t4, fflags, t2
core   0: 1 0x000000008000502e (0x00139ef3) x29 0x0000000000000019 c1_fflags 0x000000000000001f
core   0: 0x0000000080005032 (0x40185993) srai    s3, a6, 1
core   0: 1 0x0000000080005032 (0x40185993) x19 0xffffffe51dd53b43
core   0: 0x0000000080005036 (0x2b1393d3) fmax.d  ft7, ft7, fa7
core   0: 1 0x0000000080005036 (0x2b1393d3) f7  0x7ff8000000000000
core   0: 0x000000008000503a (0x0088d4bb) srlw    s1, a7, s0
core   0: 1 0x000000008000503a (0x0088d4bb) x9  0x0000000000000048
core   0: 0x000000008000503e (0x0290c0bb) divw    ra, ra, s1
core   0: 1 0x000000008000503e (0x0290c0bb) x1  0x0000000000000000
core   0: 0x0000000080005042 (0xc0257cd3) fcvt.l.s s9, fa0
core   0: 1 0x0000000080005042 (0xc0257cd3) c1_fflags 0x000000000000001f x25 0x7fffffffffffffff
core   0: 0x0000000080005046 (0x03aa2a33) mulhsu  s4, s4, s10
core   0: 1 0x0000000080005046 (0x03aa2a33) x20 0x0000000000000000
core   0: 0x000000008000504a (0x010c853b) addw    a0, s9, a6
core   0: 1 0x000000008000504a (0x010c853b) x10 0x000000003baa7686
core   0: 0x000000008000504e (0x4130533b) sraw    t1, zero, s3
core   0: 1 0x000000008000504e (0x4130533b) x6  0x0000000000000000
core   0: 0x0000000080005052 (0x22739dd3) fsgnjn.d fs11, ft7, ft7
core   0: 1 0x0000000080005052 (0x22739dd3) f27 0xfff8000000000000
core   0: 0x0000000080005056 (0x4089d313) srai    t1, s3, 8
core   0: 1 0x0000000080005056 (0x4089d313) x6  0xffffffffe51dd53b
core   0: 0x000000008000505a (0x0339f033) remu    zero, s3, s3
core   0: 1 0x000000008000505a (0x0339f033)
core   0: 0x000000008000505e (0x03b57dbb) remuw   s11, a0, s11
core   0: 1 0x000000008000505e (0x03b57dbb) x27 0x000000003baa7686
core   0: 0x0000000080005062 (0x234a1753) fsgnjn.d fa4, fs4, fs4
core   0: 1 0x0000000080005062 (0x234a1753) f14 0xfff8000000000000
core   0: 0x0000000080005066 (0x001dda93) srli    s5, s11, 1
core   0: 1 0x0000000080005066 (0x001dda93) x21 0x000000001dd53b43
core   0: 0x000000008000506a (0x2f5fa837) lui     a6, 0x2f5fa
core   0: 1 0x000000008000506a (0x2f5fa837) x16 0x000000002f5fa000
core   0: 0x000000008000506e (0x06beacb7) lui     s9, 0x6bea
core   0: 1 0x000000008000506e (0x06beacb7) x25 0x0000000006bea000
core   0: 0x0000000080005072 (0xfcfc8c9b) addiw   s9, s9, -49
core   0: 1 0x0000000080005072 (0xfcfc8c9b) x25 0x0000000006be9fcf
core   0: 0x0000000080005076 (0x00000cb2) c.slli  s9, 12
core   0: 1 0x0000000080005076 (0x0cb2) x25 0x0000006be9fcf000
core   0: 0x0000000080005078 (0x40ec8c93) addi    s9, s9, 1038
core   0: 1 0x0000000080005078 (0x40ec8c93) x25 0x0000006be9fcf40e
core   0: 0x000000008000507c (0x006618bb) sllw    a7, a2, t1
core   0: 1 0x000000008000507c (0x006618bb) x17 0x0000000000000000
core   0: 0x0000000080005080 (0x0168db3b) srlw    s6, a7, s6
core   0: 1 0x0000000080005080 (0x0168db3b) x22 0x0000000000000000
core   0: 0x0000000080005084 (0x45182797) auipc   a5, 0x45182
core   0: 1 0x0000000080005084 (0x45182797) x15 0x00000000c5187084
core   0: 0x0000000080005088 (0x002022f3) csrrs   t0, frm, zero
core   0: 1 0x0000000080005088 (0x002022f3) x5  0x0000000000000000
core   0: 0x000000008000508c (0x000b9b93) slli    s7, s7, 0
core   0: 1 0x000000008000508c (0x000b9b93) x23 0xffffffff800060a3
core   0: 0x0000000080005090 (0x41d8561b) sraiw   a2, a6, 29
core   0: 1 0x0000000080005090 (0x41d8561b) x12 0x0000000000000001
core   0: 0x0000000080005094 (0xd2040ad3) fcvt.d.w fs5, s0
core   0: 1 0x0000000080005094 (0xd2040ad3) f21 0xc1dfffe7d7000000
core   0: 0x0000000080005098 (0x0052d23b) srlw    tp, t0, t0
core   0: 1 0x0000000080005098 (0x0052d23b) x4  0x0000000000000000
core   0: 0x000000008000509c (0x2ad696d3) fmax.d  fa3, fa3, fa3
core   0: 1 0x000000008000509c (0x2ad696d3) f13 0x7ff8000000000000
core   0: 0x00000000800050a0 (0x1b8bffd3) fdiv.d  ft11, fs7, fs8
core   0: 1 0x00000000800050a0 (0x1b8bffd3) f31 0x7ff8000000000000
core   0: 0x00000000800050a4 (0x03766633) rem     a2, a2, s7
core   0: 1 0x00000000800050a4 (0x03766633) x12 0x0000000000000001
core   0: 0x00000000800050a8 (0x0268e433) rem     s0, a7, t1
core   0: 1 0x00000000800050a8 (0x0268e433) x8  0x0000000000000000
core   0: 0x00000000800050ac (0xd2190153) fcvt.d.wu ft2, s2
core   0: 1 0x00000000800050ac (0xd2190153) f2  0x0000000000000000
core   0: 0x00000000800050b0 (0xa36f84d3) fle.d   s1, ft11, fs6
core   0: 1 0x00000000800050b0 (0xa36f84d3) c1_fflags 0x000000000000001f x9  0x0000000000000000
core   0: 0x00000000800050b4 (0xd21e8353) fcvt.d.wu ft6, t4
core   0: 1 0x00000000800050b4 (0xd21e8353) f6  0x4039000000000000
core   0: 0x00000000800050b8 (0x00682ab3) slt     s5, a6, t1
core   0: 1 0x00000000800050b8 (0x00682ab3) x21 0x0000000000000000
core   0: 0x00000000800050bc (0xd024fd53) fcvt.s.l fs10, s1
core   0: 1 0x00000000800050bc (0xd024fd53) f26 0xffffffff00000000
core   0: 0x00000000800050c0 (0x6c58099b) addiw   s3, a6, 1733
core   0: 1 0x00000000800050c0 (0x6c58099b) x19 0x000000002f5fa6c5
core   0: 0x00000000800050c4 (0x2ac19ed3) fmax.d  ft9, ft3, fa2
core   0: 1 0x00000000800050c4 (0x2ac19ed3) f29 0x7ff8000000000000
core   0: 0x00000000800050c8 (0x031878d3) fadd.d  fa7, fa6, fa7
core   0: 1 0x00000000800050c8 (0x031878d3) f17 0x7ff8000000000000
core   0: 0x00000000800050cc (0x0bd67653) fsub.d  fa2, fa2, ft9
core   0: 1 0x00000000800050cc (0x0bd67653) f12 0x7ff8000000000000
core   0: 0x00000000800050d0 (0x013803b3) add     t2, a6, s3
core   0: 1 0x00000000800050d0 (0x013803b3) x7  0x000000005ebf46c5
core   0: 0x00000000800050d4 (0x00001dfe) c.slli  s11, 63
core   0: 1 0x00000000800050d4 (0x1dfe) x27 0x0000000000000000
core   0: 0x00000000800050d6 (0xab31fac3) fmadd.d fs5, ft3, fs3, fs5
core   0: 1 0x00000000800050d6 (0xab31fac3) f21 0x7ff8000000000000
core   0: 0x00000000800050da (0x033b6abb) remw    s5, s6, s3
core   0: 1 0x00000000800050da (0x033b6abb) x21 0x0000000000000000
core   0: 0x00000000800050de (0x000096c2) c.add   a3, a6
core   0: 1 0x00000000800050de (0x96c2) x13 0x000000002f5fa000
core   0: 0x00000000800050e0 (0x01f1519b) srliw   gp, sp, 31
core   0: 1 0x00000000800050e0 (0x01f1519b) x3  0x0000000000000000
core   0: 0x00000000800050e4 (0x0ff0000f) fence   iorw,iorw
core   0: 1 0x00000000800050e4 (0x0ff0000f)
core   0: 0x00000000800050e8 (0x2bda9fd3) fmax.d  ft11, fs5, ft9
core   0: 1 0x00000000800050e8 (0x2bda9fd3) f31 0x7ff8000000000000
core   0: 0x00000000800050ec (0x2391fccb) fnmsub.d fs9, ft3, fs9, ft4
core   0: 1 0x00000000800050ec (0x2391fccb) f25 0x7ff8000000000000
core   0: 0x00000000800050f0 (0x00016813) ori     a6, sp, 0
core   0: 1 0x00000000800050f0 (0x00016813) x16 0x000000007fff9f5b
core   0: 0x00000000800050f4 (0xd2297253) fcvt.d.l ft4, s2
core   0: 1 0x00000000800050f4 (0xd2297253) f4  0x0000000000000000
core   0: 0x00000000800050f8 (0x1a65f9d3) fdiv.d  fs3, fa1, ft6
core   0: 1 0x00000000800050f8 (0x1a65f9d3) f19 0x7ff8000000000000
core   0: 0x00000000800050fc (0x41de8ebb) subw    t4, t4, t4
core   0: 1 0x00000000800050fc (0x41de8ebb) x29 0x0000000000000000
core   0: 0x0000000080005100 (0x02d6a633) mulhsu  a2, a3, a3
core   0: 1 0x0000000080005100 (0x02d6a633) x12 0x0000000000000000
core   0: 0x0000000080005104 (0x493d6913) ori     s2, s10, 1171
core   0: 1 0x0000000080005104 (0x493d6913) x18 0x0000000019c9bed7
core   0: 0x0000000080005108 (0x012903bb) addw    t2, s2, s2
core   0: 1 0x0000000080005108 (0x012903bb) x7  0x0000000033937dae
core   0: 0x000000008000510c (0x0188581b) srliw   a6, a6, 24
core   0: 1 0x000000008000510c (0x0188581b) x16 0x000000000000007f
core   0: 0x0000000080005110 (0x229f9153) fsgnjn.d ft2, ft11, fs1
core   0: 1 0x0000000080005110 (0x229f9153) f2  0xfff8000000000000
core   0: 0x0000000080005114 (0xfff50a9b) addiw   s5, a0, -1
core   0: 1 0x0000000080005114 (0xfff50a9b) x21 0x000000003baa7685
core   0: 0x0000000080005118 (0x02d04633) div     a2, zero, a3
core   0: 1 0x0000000080005118 (0x02d04633) x12 0x0000000000000000
core   0: 0x000000008000511c (0x0045dbbb) srlw    s7, a1, tp
core   0: 1 0x000000008000511c (0x0045dbbb) x23 0x0000000000000000
core   0: 0x0000000080005120 (0xc208f253) fcvt.w.d tp, fa7
core   0: 1 0x0000000080005120 (0xc208f253) c1_fflags 0x000000000000001f x4  0x000000007fffffff
core   0: 0x0000000080005124 (0x00169593) slli    a1, a3, 1
core   0: 1 0x0000000080005124 (0x00169593) x11 0x000000005ebf4000
core   0: 0x0000000080005128 (0x4006551b) sraiw   a0, a2, 0
core   0: 1 0x0000000080005128 (0x4006551b) x10 0x0000000000000000
core   0: 0x000000008000512c (0x65b96393) ori     t2, s2, 1627
core   0: 1 0x000000008000512c (0x65b96393) x7  0x0000000019c9bedf
core   0: 0x0000000080005130 (0x232dae53) fsgnjx.d ft8, fs11, fs2
core   0: 1 0x0000000080005130 (0x232dae53) f28 0x7ff8000000000000
core   0: 0x0000000080005134 (0x4085d413) srai    s0, a1, 8
core   0: 1 0x0000000080005134 (0x4085d413) x8  0x00000000005ebf40
core   0: 0x0000000080005138 (0x41ad5c33) sra     s8, s10, s10
core   0: 1 0x0000000080005138 (0x41ad5c33) x24 0x0000000000000067
core   0: 0x000000008000513c (0x1228fc53) fmul.d  fs8, fa7, ft2
core   0: 1 0x000000008000513c (0x1228fc53) f24 0x7ff8000000000000
core   0: 0x0000000080005140 (0xc2307bd3) fcvt.lu.d s7, ft0
core   0: 1 0x0000000080005140 (0xc2307bd3) c1_fflags 0x000000000000001f x23 0xffffffffffffffff
core   0: 0x0000000080005144 (0x40dd5d33) sra     s10, s10, a3
core   0: 1 0x0000000080005144 (0x40dd5d33) x26 0x0000000019c9bed6
core   0: 0x0000000080005148 (0x00c7c933) xor     s2, a5, a2
core   0: 1 0x0000000080005148 (0x00c7c933) x18 0x00000000c5187084
core   0: 0x000000008000514c (0x01f7d193) srli    gp, a5, 31
core   0: 1 0x000000008000514c (0x01f7d193) x3  0x0000000000000001
core   0: 0x0000000080005150 (0x01a95bbb) srlw    s7, s2, s10
core   0: 1 0x0000000080005150 (0x01a95bbb) x23 0x0000000000000314
core   0: 0x0000000080005154 (0x40c85e1b) sraiw   t3, a6, 12
core   0: 1 0x0000000080005154 (0x40c85e1b) x28 0x0000000000000000
core   0: 0x0000000080005158 (0x31a698f3) csrrw   a7, menvcfgh, a3
core   0: exception trap_illegal_instruction, epc 0x0000000080005158
core   0:           tval 0x0000000031a698f3
core   0: >>>>  $xrv64i2p1_m2p0_a2p1_f2p2_d2p2_zicsr2p0_zifencei2p0_zmmul1p0_zba1p0_zbb1p0_zbc1p0_zbs1p0
core   0: 0x0000000080004000 (0x0080006f) j       pc + 0x8
core   0: 3 0x0000000080004000 (0x0080006f)
core   0: >>>>  mmode_exception_handler
core   0: 0x0000000080004008 (0x00002c17) auipc   s8, 0x2
core   0: 3 0x0000000080004008 (0x00002c17) x24 0x0000000080006008
core   0: 0x000000008000400c (0x09cc0c13) addi    s8, s8, 156
core   0: 3 0x000000008000400c (0x09cc0c13) x24 0x00000000800060a4
core   0: 0x0000000080004010 (0x000c00e7) jalr    s8
core   0: 3 0x0000000080004010 (0x000c00e7) x1  0x0000000080004014
core   0: >>>>  any_handler
core   0: 0x00000000800060a4 (0x341027f3) csrrs   a5, mepc, zero
core   0: 3 0x00000000800060a4 (0x341027f3) x15 0x0000000080005158
core   0: 0x00000000800060a8 (0x34202773) csrrs   a4, mcause, zero
core   0: 3 0x00000000800060a8 (0x34202773) x14 0x0000000000000002
core   0: 0x00000000800060ac (0x142026f3) csrrs   a3, scause, zero
core   0: 3 0x00000000800060ac (0x142026f3) x13 0x0000000000000000
core   0: 0x00000000800060b0 (0x30402673) csrrs   a2, mie, zero
core   0: 3 0x00000000800060b0 (0x30402673) x12 0x0000000000000a00
core   0: 0x00000000800060b4 (0x344025f3) csrrs   a1, mip, zero
core   0: 3 0x00000000800060b4 (0x344025f3) x11 0x0000000000000080
core   0: 0x00000000800060b8 (0x343025f3) csrrs   a1, mtval, zero
core   0: 3 0x00000000800060b8 (0x343025f3) x11 0x0000000031a698f3
core   0: 0x00000000800060bc (0x14302573) csrrs   a0, stval, zero
core   0: 3 0x00000000800060bc (0x14302573) x10 0x0000000000000015
core   0: 0x00000000800060c0 (0xb02024f3) csrrs   s1, minstret, zero
core   0: 3 0x00000000800060c0 (0xb02024f3) x9  0x0000000000000d9c
core   0: 0x00000000800060c4 (0x0000a811) c.j     pc + 20
core   0: 3 0x00000000800060c4 (0xa811)
core   0: >>>>  mepc_4
core   0: 0x00000000800060d8 (0x00000791) c.addi  a5, 4
core   0: 3 0x00000000800060d8 (0x0791) x15 0x000000008000515c
core   0: 0x00000000800060da (0x34179073) csrrw   zero, mepc, a5
core   0: 3 0x00000000800060da (0x34179073) c833_mepc 0x000000008000515c
core   0: 0x00000000800060de (0x30200073) mret
core   0: 3 0x00000000800060de (0x30200073) c768_mstatus 0x8000000a00106080
core   0: 0x000000008000515c (0x4113513b) sraw    sp, t1, a7
core   0: 1 0x000000008000515c (0x4113513b) x2  0xffffffffe51dd53b
core   0: 0x0000000080005160 (0x4002571b) sraiw   a4, tp, 0
core   0: 1 0x0000000080005160 (0x4002571b) x14 0x000000007fffffff
core   0: 0x0000000080005164 (0xfff96a93) ori     s5, s2, -1
core   0: 1 0x0000000080005164 (0xfff96a93) x21 0xffffffffffffffff
core   0: 0x0000000080005168 (0x015bddbb) srlw    s11, s7, s5
core   0: 1 0x0000000080005168 (0x015bddbb) x27 0x0000000000000000
core   0: 0x000000008000516c (0x02f8a1b3) mulhsu  gp, a7, a5
core   0: 1 0x000000008000516c (0x02f8a1b3) x3  0x0000000000000000
core   0: 0x0000000080005170 (0x0014dc93) srli    s9, s1, 1
core   0: 1 0x0000000080005170 (0x0014dc93) x25 0x00000000000006ce
core   0: 0x0000000080005174 (0x419682b3) sub     t0, a3, s9
core   0: 1 0x0000000080005174 (0x419682b3) x5  0xfffffffffffff932
core   0: 0x0000000080005178 (0xfff3f713) andi    a4, t2, -1
core   0: 1 0x0000000080005178 (0xfff3f713) x14 0x0000000019c9bedf
core   0: 0x000000008000517c (0x00202ef3) csrrs   t4, frm, zero
core   0: 1 0x000000008000517c (0x00202ef3) x29 0x0000000000000000
core   0: 0x0000000080005180 (0xf1199af3) csrrw   s5, mvendorid, s3
core   0: exception trap_illegal_instruction, epc 0x0000000080005180
core   0:           tval 0x00000000f1199af3
core   0: >>>>  $xrv64i2p1_m2p0_a2p1_f2p2_d2p2_zicsr2p0_zifencei2p0_zmmul1p0_zba1p0_zbb1p0_zbc1p0_zbs1p0
core   0: 0x0000000080004000 (0x0080006f) j       pc + 0x8
core   0: 3 0x0000000080004000 (0x0080006f)
core   0: >>>>  mmode_exception_handler
core   0: 0x0000000080004008 (0x00002c17) auipc   s8, 0x2
core   0: 3 0x0000000080004008 (0x00002c17) x24 0x0000000080006008
core   0: 0x000000008000400c (0x09cc0c13) addi    s8, s8, 156
core   0: 3 0x000000008000400c (0x09cc0c13) x24 0x00000000800060a4
core   0: 0x0000000080004010 (0x000c00e7) jalr    s8
core   0: 3 0x0000000080004010 (0x000c00e7) x1  0x0000000080004014
core   0: >>>>  any_handler
core   0: 0x00000000800060a4 (0x341027f3) csrrs   a5, mepc, zero
core   0: 3 0x00000000800060a4 (0x341027f3) x15 0x0000000080005180
core   0: 0x00000000800060a8 (0x34202773) csrrs   a4, mcause, zero
core   0: 3 0x00000000800060a8 (0x34202773) x14 0x0000000000000002
core   0: 0x00000000800060ac (0x142026f3) csrrs   a3, scause, zero
core   0: 3 0x00000000800060ac (0x142026f3) x13 0x0000000000000000
core   0: 0x00000000800060b0 (0x30402673) csrrs   a2, mie, zero
core   0: 3 0x00000000800060b0 (0x30402673) x12 0x0000000000000a00
core   0: 0x00000000800060b4 (0x344025f3) csrrs   a1, mip, zero
core   0: 3 0x00000000800060b4 (0x344025f3) x11 0x0000000000000080
core   0: 0x00000000800060b8 (0x343025f3) csrrs   a1, mtval, zero
core   0: 3 0x00000000800060b8 (0x343025f3) x11 0x00000000f1199af3
core   0: 0x00000000800060bc (0x14302573) csrrs   a0, stval, zero
core   0: 3 0x00000000800060bc (0x14302573) x10 0x0000000000000015
core   0: 0x00000000800060c0 (0xb02024f3) csrrs   s1, minstret, zero
core   0: 3 0x00000000800060c0 (0xb02024f3) x9  0x0000000000000db5
core   0: 0x00000000800060c4 (0x0000a811) c.j     pc + 20
core   0: 3 0x00000000800060c4 (0xa811)
core   0: >>>>  mepc_4
core   0: 0x00000000800060d8 (0x00000791) c.addi  a5, 4
core   0: 3 0x00000000800060d8 (0x0791) x15 0x0000000080005184
core   0: 0x00000000800060da (0x34179073) csrrw   zero, mepc, a5
core   0: 3 0x00000000800060da (0x34179073) c833_mepc 0x0000000080005184
core   0: 0x00000000800060de (0x30200073) mret
core   0: 3 0x00000000800060de (0x30200073) c768_mstatus 0x8000000a00106080
core   0: 0x0000000080005184 (0x415256bb) sraw    a3, tp, s5
core   0: 1 0x0000000080005184 (0x415256bb) x13 0x0000000000000000
core   0: 0x0000000080005188 (0x000a859b) sext.w  a1, s5
core   0: 1 0x0000000080005188 (0x000a859b) x11 0xffffffffffffffff
core   0: 0x000000008000518c (0x0095931b) slliw   t1, a1, 9
core   0: 1 0x000000008000518c (0x0095931b) x6  0xfffffffffffffe00
core   0: 0x0000000080005190 (0x4066d6bb) sraw    a3, a3, t1
core   0: 1 0x0000000080005190 (0x4066d6bb) x13 0x0000000000000000
core   0: 0x0000000080005194 (0x037af033) remu    zero, s5, s7
core   0: 1 0x0000000080005194 (0x037af033)
core   0: 0x0000000080005198 (0x3425a573) csrrs   a0, mcause, a1
core   0: exception trap_illegal_instruction, epc 0x0000000080005198
core   0:           tval 0x000000003425a573
core   0: >>>>  $xrv64i2p1_m2p0_a2p1_f2p2_d2p2_zicsr2p0_zifencei2p0_zmmul1p0_zba1p0_zbb1p0_zbc1p0_zbs1p0
core   0: 0x0000000080004000 (0x0080006f) j       pc + 0x8
core   0: 3 0x0000000080004000 (0x0080006f)
core   0: >>>>  mmode_exception_handler
core   0: 0x0000000080004008 (0x00002c17) auipc   s8, 0x2
core   0: 3 0x0000000080004008 (0x00002c17) x24 0x0000000080006008
core   0: 0x000000008000400c (0x09cc0c13) addi    s8, s8, 156
core   0: 3 0x000000008000400c (0x09cc0c13) x24 0x00000000800060a4
core   0: 0x0000000080004010 (0x000c00e7) jalr    s8
core   0: 3 0x0000000080004010 (0x000c00e7) x1  0x0000000080004014
core   0: >>>>  any_handler
core   0: 0x00000000800060a4 (0x341027f3) csrrs   a5, mepc, zero
core   0: 3 0x00000000800060a4 (0x341027f3) x15 0x0000000080005198
core   0: 0x00000000800060a8 (0x34202773) csrrs   a4, mcause, zero
core   0: 3 0x00000000800060a8 (0x34202773) x14 0x0000000000000002
core   0: 0x00000000800060ac (0x142026f3) csrrs   a3, scause, zero
core   0: 3 0x00000000800060ac (0x142026f3) x13 0x0000000000000000
core   0: 0x00000000800060b0 (0x30402673) csrrs   a2, mie, zero
core   0: 3 0x00000000800060b0 (0x30402673) x12 0x0000000000000a00
core   0: 0x00000000800060b4 (0x344025f3) csrrs   a1, mip, zero
core   0: 3 0x00000000800060b4 (0x344025f3) x11 0x0000000000000080
core   0: 0x00000000800060b8 (0x343025f3) csrrs   a1, mtval, zero
core   0: 3 0x00000000800060b8 (0x343025f3) x11 0x000000003425a573
core   0: 0x00000000800060bc (0x14302573) csrrs   a0, stval, zero
core   0: 3 0x00000000800060bc (0x14302573) x10 0x0000000000000015
core   0: 0x00000000800060c0 (0xb02024f3) csrrs   s1, minstret, zero
core   0: 3 0x00000000800060c0 (0xb02024f3) x9  0x0000000000000dca
core   0: 0x00000000800060c4 (0x0000a811) c.j     pc + 20
core   0: 3 0x00000000800060c4 (0xa811)
core   0: >>>>  mepc_4
core   0: 0x00000000800060d8 (0x00000791) c.addi  a5, 4
core   0: 3 0x00000000800060d8 (0x0791) x15 0x000000008000519c
core   0: 0x00000000800060da (0x34179073) csrrw   zero, mepc, a5
core   0: 3 0x00000000800060da (0x34179073) c833_mepc 0x000000008000519c
core   0: 0x00000000800060de (0x30200073) mret
core   0: 3 0x00000000800060de (0x30200073) c768_mstatus 0x8000000a00106080
core   0: 0x000000008000519c (0x018c7db3) and     s11, s8, s8
core   0: 1 0x000000008000519c (0x018c7db3) x27 0x00000000800060a4
core   0: 0x00000000800051a0 (0x000e939b) slliw   t2, t4, 0
core   0: 1 0x00000000800051a0 (0x000e939b) x7  0x0000000000000000
core   0: 0x00000000800051a4 (0xf2058453) fmv.d.x fs0, a1
core   0: 1 0x00000000800051a4 (0xf2058453) f8  0x000000003425a573
core   0: 0x00000000800051a8 (0x001027f3) csrrs   a5, fflags, zero
core   0: 1 0x00000000800051a8 (0x001027f3) x15 0x000000000000001f
core   0: 0x00000000800051ac (0x0253ac33) mulhsu  s8, t2, t0
core   0: 1 0x00000000800051ac (0x0253ac33) x24 0x0000000000000000
core   0: 0x00000000800051b0 (0x144452f3) csrrwi  t0, sip, 8
core   0: 1 0x00000000800051b0 (0x144452f3) x5  0x0000000000000000 c836_mip 0x0000000000000080
core   0: 0x00000000800051b4 (0x02fad0bb) divuw   ra, s5, a5
core   0: 1 0x00000000800051b4 (0x02fad0bb) x1  0x0000000008421084
core   0: 0x00000000800051b8 (0xe69c0eb7) lui     t4, 0xe69c0
core   0: 1 0x00000000800051b8 (0xe69c0eb7) x29 0xffffffffe69c0000
core   0: 0x00000000800051bc (0x03f09593) slli    a1, ra, 63
core   0: 1 0x00000000800051bc (0x03f09593) x11 0x0000000000000000
core   0: 0x00000000800051c0 (0x4275fccf) fnmadd.d fs9, fa1, ft7, fs0
core   0: 1 0x00000000800051c0 (0x4275fccf) f25 0x7ff8000000000000
core   0: 0x00000000800051c4 (0x42e65913) srai    s2, a2, 46
core   0: 1 0x00000000800051c4 (0x42e65913) x18 0x0000000000000000
core   0: 0x00000000800051c8 (0x0218fe33) remu    t3, a7, ra
core   0: 1 0x00000000800051c8 (0x0218fe33) x28 0x0000000000000000
core   0: 0x00000000800051cc (0xd02a7c53) fcvt.s.l fs8, s4
core   0: 1 0x00000000800051cc (0xd02a7c53) f24 0xffffffff00000000
core   0: 0x00000000800051d0 (0x4053db9b) sraiw   s7, t2, 5
core   0: 1 0x00000000800051d0 (0x4053db9b) x23 0x0000000000000000
core   0: 0x00000000800051d4 (0x03d87bb3) remu    s7, a6, t4
core   0: 1 0x00000000800051d4 (0x03d87bb3) x23 0x000000000000007f
core   0: 0x00000000800051d8 (0x40ba843b) subw    s0, s5, a1
core   0: 1 0x00000000800051d8 (0x40ba843b) x8  0xffffffffffffffff
core   0: 0x00000000800051dc (0x401dd933) sra     s2, s11, ra
core   0: 1 0x00000000800051dc (0x401dd933) x18 0x000000000800060a
core   0: 0x00000000800051e0 (0xd0247e53) fcvt.s.l ft8, s0
core   0: 1 0x00000000800051e0 (0xd0247e53) f28 0xffffffffbf800000
core   0: 0x00000000800051e4 (0xc21074d3) fcvt.wu.d s1, ft0
core   0: 1 0x00000000800051e4 (0xc21074d3) c1_fflags 0x000000000000001f x9  0xffffffffffffffff
core   0: 0x00000000800051e8 (0x029c0133) mul     sp, s8, s1
core   0: 1 0x00000000800051e8 (0x029c0133) x2  0x0000000000000000
core   0: 0x00000000800051ec (0x0052959b) slliw   a1, t0, 5
core   0: 1 0x00000000800051ec (0x0052959b) x11 0x0000000000000000
core   0: 0x00000000800051f0 (0x03bb6dbb) remw    s11, s6, s11
core   0: 1 0x00000000800051f0 (0x03bb6dbb) x27 0x0000000000000000
core   0: 0x00000000800051f4 (0x03f21813) slli    a6, tp, 63
core   0: 1 0x00000000800051f4 (0x03f21813) x16 0x8000000000000000
core   0: 0x00000000800051f8 (0x0011d693) srli    a3, gp, 1
core   0: 1 0x00000000800051f8 (0x0011d693) x13 0x0000000000000000
core   0: 0x00000000800051fc (0xa343f14b) fnmsub.d ft2, ft7, fs4, fs4
core   0: 1 0x00000000800051fc (0xa343f14b) f2  0x7ff8000000000000
core   0: 0x0000000080005200 (0xa3a00cd3) fle.d   s9, ft0, fs10
core   0: 1 0x0000000080005200 (0xa3a00cd3) c1_fflags 0x000000000000001f x25 0x0000000000000000
core   0: 0x0000000080005204 (0x403401bb) subw    gp, s0, gp
core   0: 1 0x0000000080005204 (0x403401bb) x3  0xffffffffffffffff
core   0: 0x0000000080005208 (0x0070d49b) srliw   s1, ra, 7
core   0: 1 0x0000000080005208 (0x0070d49b) x9  0x0000000000108421
core   0: 0x000000008000520c (0xba348593) addi    a1, s1, -1117
core   0: 1 0x000000008000520c (0xba348593) x11 0x0000000000107fc4
core   0: 0x0000000080005210 (0xc2247653) fcvt.l.d a2, fs0
core   0: 1 0x0000000080005210 (0xc2247653) c1_fflags 0x000000000000001f x12 0x0000000000000000
core   0: 0x0000000080005214 (0x00202273) csrrs   tp, frm, zero
core   0: 1 0x0000000080005214 (0x00202273) x4  0x0000000000000000
core   0: 0x0000000080005218 (0x00c62cb3) slt     s9, a2, a2
core   0: 1 0x0000000080005218 (0x00c62cb3) x25 0x0000000000000000
core   0: 0x000000008000521c (0x00884433) xor     s0, a6, s0
core   0: 1 0x000000008000521c (0x00884433) x8  0x7fffffffffffffff
core   0: 0x0000000080005220 (0x02997e3b) remuw   t3, s2, s1
core   0: 1 0x0000000080005220 (0x02997e3b) x28 0x000000000000060e
core   0: 0x0000000080005224 (0x800a7393) andi    t2, s4, -2048
core   0: 1 0x0000000080005224 (0x800a7393) x7  0x0000000000000000
core   0: 0x0000000080005228 (0x13a7f843) fmadd.d fa6, fa5, fs10, ft2
core   0: 1 0x0000000080005228 (0x13a7f843) f16 0x7ff8000000000000
core   0: 0x000000008000522c (0x41298433) sub     s0, s3, s2
core   0: 1 0x000000008000522c (0x41298433) x8  0x00000000275fa0bb
core   0: 0x0000000080005230 (0x226e2553) fsgnjx.d fa0, ft8, ft6
core   0: 1 0x0000000080005230 (0x226e2553) f10 0xffffffffbf800000
core   0: 0x0000000080005234 (0x40c1063b) subw    a2, sp, a2
core   0: 1 0x0000000080005234 (0x40c1063b) x12 0x0000000000000000
core   0: 0x0000000080005238 (0x0329e9bb) remw    s3, s3, s2
core   0: 1 0x0000000080005238 (0x0329e9bb) x19 0x00000000075f8893
core   0: 0x000000008000523c (0x92a9f64b) fnmsub.d fa2, fs3, fa0, fs2
core   0: 1 0x000000008000523c (0x92a9f64b) f12 0x7ff8000000000000
core   0: 0x0000000080005240 (0x32f87843) fmadd.d fa6, fa6, fa5, ft6
core   0: 1 0x0000000080005240 (0x32f87843) f16 0x7ff8000000000000
core   0: 0x0000000080005244 (0xd02973d3) fcvt.s.l ft7, s2
core   0: 1 0x0000000080005244 (0xd02973d3) c1_fflags 0x000000000000001f f7  0xffffffff4d000061
core   0: 0x0000000080005248 (0x7ff4081b) addiw   a6, s0, 2047
core   0: 1 0x0000000080005248 (0x7ff4081b) x16 0x00000000275fa8ba
core   0: 0x000000008000524c (0x00a6591b) srliw   s2, a2, 10
core   0: 1 0x000000008000524c (0x00a6591b) x18 0x0000000000000000
core   0: 0x0000000080005250 (0xd20384d3) fcvt.d.w fs1, t2
core   0: 1 0x0000000080005250 (0xd20384d3) f9  0x0000000000000000
core   0: 0x0000000080005254 (0x0390d1b3) divu    gp, ra, s9
core   0: 1 0x0000000080005254 (0x0390d1b3) x3  0xffffffffffffffff
core   0: 0x0000000080005258 (0x03f1da93) srli    s5, gp, 63
core   0: 1 0x0000000080005258 (0x03f1da93) x21 0x0000000000000001
core   0: 0x000000008000525c (0x00000001) c.nop
core   0: 1 0x000000008000525c (0x0001)
core   0: 0x000000008000525e (0x2aba9953) fmax.d  fs2, fs5, fa1
core   0: 1 0x000000008000525e (0x2aba9953) f18 0x7ff8000000000000
core   0: 0x0000000080005262 (0x0ff0000f) fence   iorw,iorw
core   0: 1 0x0000000080005262 (0x0ff0000f)
core   0: 0x0000000080005266 (0x035a86bb) mulw    a3, s5, s5
core   0: 1 0x0000000080005266 (0x035a86bb) x13 0x0000000000000001
core   0: 0x000000008000526a (0xc21bf253) fcvt.wu.d tp, fs7
core   0: 1 0x000000008000526a (0xc21bf253) c1_fflags 0x000000000000001f x4  0xffffffffffffffff
core   0: 0x000000008000526e (0x0261e33b) remw    t1, gp, t1
core   0: 1 0x000000008000526e (0x0261e33b) x6  0xffffffffffffffff
core   0: 0x0000000080005272 (0x3bc02017) auipc   zero, 0x3bc02
core   0: 1 0x0000000080005272 (0x3bc02017)
core   0: 0x0000000080005276 (0xf2050953) fmv.d.x fs2, a0
core   0: 1 0x0000000080005276 (0xf2050953) f18 0x0000000000000015
core   0: 0x000000008000527a (0x22a52553) fsgnjx.d fa0, fa0, fa0
core   0: 1 0x000000008000527a (0x22a52553) f10 0x7fffffffbf800000
core   0: 0x000000008000527e (0x5283f84b) fnmsub.d fa6, ft7, fs0, fa0
core   0: 1 0x000000008000527e (0x5283f84b) f16 0x7ff8000000000000
core   0: 0x0000000080005282 (0xd2070753) fcvt.d.w fa4, a4
core   0: 1 0x0000000080005282 (0xd2070753) f14 0x4000000000000000
core   0: 0x0000000080005286 (0x00000001) c.nop
core   0: 1 0x0000000080005286 (0x0001)
core   0: 0x0000000080005288 (0x00029e1b) slliw   t3, t0, 0
core   0: 1 0x0000000080005288 (0x00029e1b) x28 0x0000000000000000
core   0: 0x000000008000528c (0xfc801cb7) lui     s9, 0xfc801
core   0: 1 0x000000008000528c (0xfc801cb7) x25 0xfffffffffc801000
core   0: 0x0000000080005290 (0x5b9c8c9b) addiw   s9, s9, 1465
core   0: 1 0x0000000080005290 (0x5b9c8c9b) x25 0xfffffffffc8015b9
core   0: 0x0000000080005294 (0x00000cb6) c.slli  s9, 13
core   0: 1 0x0000000080005294 (0x0cb6) x25 0xffffff9002b72000
core   0: 0x0000000080005296 (0x844c8c93) addi    s9, s9, -1980
core   0: 1 0x0000000080005296 (0x844c8c93) x25 0xffffff9002b71844
core   0: 0x000000008000529a (0xc20573d3) fcvt.w.d t2, fa0
core   0: 1 0x000000008000529a (0xc20573d3) c1_fflags 0x000000000000001f x7  0x000000007fffffff
core   0: 0x000000008000529e (0x00f29ebb) sllw    t4, t0, a5
core   0: 1 0x000000008000529e (0x00f29ebb) x29 0x0000000000000000
core   0: 0x00000000800052a2 (0x401e5e13) srai    t3, t3, 1
core   0: 1 0x00000000800052a2 (0x401e5e13) x28 0x0000000000000000
core   0: 0x00000000800052a6 (0x226b80d3) fsgnj.d ft1, fs7, ft6
core   0: 1 0x00000000800052a6 (0x226b80d3) f1  0x7ff8000000000000
core   0: 0x00000000800052aa (0x0139f9b3) and     s3, s3, s3
core   0: 1 0x00000000800052aa (0x0139f9b3) x19 0x00000000075f8893
core   0: 0x00000000800052ae (0x01477033) and     zero, a4, s4
core   0: 1 0x00000000800052ae (0x01477033)
core   0: 0x00000000800052b2 (0xc22d74d3) fcvt.l.d s1, fs10
core   0: 1 0x00000000800052b2 (0xc22d74d3) c1_fflags 0x000000000000001f x9  0x7fffffffffffffff
core   0: 0x00000000800052b6 (0x400b5b93) srai    s7, s6, 0
core   0: 1 0x00000000800052b6 (0x400b5b93) x23 0x0000000000000000
core   0: 0x00000000800052ba (0xc01e3c73) csrrc   s8, time, t3
core   0: exception trap_illegal_instruction, epc 0x00000000800052ba
core   0:           tval 0x00000000c01e3c73
core   0: >>>>  $xrv64i2p1_m2p0_a2p1_f2p2_d2p2_zicsr2p0_zifencei2p0_zmmul1p0_zba1p0_zbb1p0_zbc1p0_zbs1p0
core   0: 0x0000000080004000 (0x0080006f) j       pc + 0x8
core   0: 3 0x0000000080004000 (0x0080006f)
core   0: >>>>  mmode_exception_handler
core   0: 0x0000000080004008 (0x00002c17) auipc   s8, 0x2
core   0: 3 0x0000000080004008 (0x00002c17) x24 0x0000000080006008
core   0: 0x000000008000400c (0x09cc0c13) addi    s8, s8, 156
core   0: 3 0x000000008000400c (0x09cc0c13) x24 0x00000000800060a4
core   0: 0x0000000080004010 (0x000c00e7) jalr    s8
core   0: 3 0x0000000080004010 (0x000c00e7) x1  0x0000000080004014
core   0: >>>>  any_handler
core   0: 0x00000000800060a4 (0x341027f3) csrrs   a5, mepc, zero
core   0: 3 0x00000000800060a4 (0x341027f3) x15 0x00000000800052ba
core   0: 0x00000000800060a8 (0x34202773) csrrs   a4, mcause, zero
core   0: 3 0x00000000800060a8 (0x34202773) x14 0x0000000000000002
core   0: 0x00000000800060ac (0x142026f3) csrrs   a3, scause, zero
core   0: 3 0x00000000800060ac (0x142026f3) x13 0x0000000000000000
core   0: 0x00000000800060b0 (0x30402673) csrrs   a2, mie, zero
core   0: 3 0x00000000800060b0 (0x30402673) x12 0x0000000000000a00
core   0: 0x00000000800060b4 (0x344025f3) csrrs   a1, mip, zero
core   0: 3 0x00000000800060b4 (0x344025f3) x11 0x0000000000000080
core   0: 0x00000000800060b8 (0x343025f3) csrrs   a1, mtval, zero
core   0: 3 0x00000000800060b8 (0x343025f3) x11 0x00000000c01e3c73
core   0: 0x00000000800060bc (0x14302573) csrrs   a0, stval, zero
core   0: 3 0x00000000800060bc (0x14302573) x10 0x0000000000000015
core   0: 0x00000000800060c0 (0xb02024f3) csrrs   s1, minstret, zero
core   0: 3 0x00000000800060c0 (0xb02024f3) x9  0x0000000000000e23
core   0: 0x00000000800060c4 (0x0000a811) c.j     pc + 20
core   0: 3 0x00000000800060c4 (0xa811)
core   0: >>>>  mepc_4
core   0: 0x00000000800060d8 (0x00000791) c.addi  a5, 4
core   0: 3 0x00000000800060d8 (0x0791) x15 0x00000000800052be
core   0: 0x00000000800060da (0x34179073) csrrw   zero, mepc, a5
core   0: 3 0x00000000800060da (0x34179073) c833_mepc 0x00000000800052be
core   0: 0x00000000800060de (0x30200073) mret
core   0: 3 0x00000000800060de (0x30200073) c768_mstatus 0x8000000a00106080
core   0: 0x00000000800052be (0x0344ed13) ori     s10, s1, 52
core   0: 1 0x00000000800052be (0x0344ed13) x26 0x0000000000000e37
core   0: 0x00000000800052c2 (0x418d0bbb) subw    s7, s10, s8
core   0: 1 0x00000000800052c2 (0x418d0bbb) x23 0x000000007fffad93
core   0: 0x00000000800052c6 (0x2260a553) fsgnjx.d fa0, ft1, ft6
core   0: 1 0x00000000800052c6 (0x2260a553) f10 0x7ff8000000000000
core   0: 0x00000000800052ca (0x01597333) and     t1, s2, s5
core   0: 1 0x00000000800052ca (0x01597333) x6  0x0000000000000000
core   0: 0x00000000800052ce (0x00030a1b) sext.w  s4, t1
core   0: 1 0x00000000800052ce (0x00030a1b) x20 0x0000000000000000
core   0: 0x00000000800052d2 (0x0b4d7053) fsub.d  ft0, fs10, fs4
core   0: 1 0x00000000800052d2 (0x0b4d7053) f0  0x7ff8000000000000
core   0: 0x00000000800052d6 (0x024e7c53) fadd.d  fs8, ft8, ft4
core   0: 1 0x00000000800052d6 (0x024e7c53) f24 0x7ff8000000000000
core   0: 0x00000000800052da (0x004e119b) slliw   gp, t3, 4
core   0: 1 0x00000000800052da (0x004e119b) x3  0x0000000000000000
core   0: 0x00000000800052de (0xc0337b53) fcvt.lu.s s6, ft6
core   0: 1 0x00000000800052de (0xc0337b53) c1_fflags 0x000000000000001f x22 0xffffffffffffffff
core   0: 0x00000000800052e2 (0x035acb3b) divw    s6, s5, s5
core   0: 1 0x00000000800052e2 (0x035acb3b) x22 0x0000000000000001
core   0: 0x00000000800052e6 (0x5a0c7d53) fsqrt.d fs10, fs8
core   0: 1 0x00000000800052e6 (0x5a0c7d53) f26 0x7ff8000000000000
core   0: 0x00000000800052ea (0x00000001) c.nop
core   0: 1 0x00000000800052ea (0x0001)
core   0: 0x00000000800052ec (0xbed30897) auipc   a7, 0xbed30
core   0: 1 0x00000000800052ec (0xbed30897) x17 0x000000003ed352ec
core   0: 0x00000000800052f0 (0xd2088053) fcvt.d.w ft0, a7
core   0: 1 0x00000000800052f0 (0xd2088053) f0  0x41cf69a976000000
core   0: 0x00000000800052f4 (0x5a037c53) fsqrt.d fs8, ft6
core   0: 1 0x00000000800052f4 (0x5a037c53) f24 0x4014000000000000
core   0: 0x00000000800052f8 (0x0068dab3) srl     s5, a7, t1
core   0: 1 0x00000000800052f8 (0x0068dab3) x21 0x000000003ed352ec
core   0: 0x00000000800052fc (0x0117c7b3) xor     a5, a5, a7
core   0: 1 0x00000000800052fc (0x0117c7b3) x15 0x00000000bed30052
core   0: 0x0000000080005300 (0x415e8433) sub     s0, t4, s5
core   0: 1 0x0000000080005300 (0x415e8433) x8  0xffffffffc12cad14
core   0: 0x0000000080005304 (0x7a36b137) lui     sp, 0x7a36b
core   0: 1 0x0000000080005304 (0x7a36b137) x2  0x000000007a36b000
core   0: 0x0000000080005308 (0x02dc7953) fadd.d  fs2, fs8, fa3
core   0: 1 0x0000000080005308 (0x02dc7953) f18 0x7ff8000000000000
core   0: 0x000000008000530c (0x0183ca33) xor     s4, t2, s8
core   0: 1 0x000000008000530c (0x0183ca33) x20 0x00000000ffff9f5b
core   0: 0x0000000080005310 (0x01b51993) slli    s3, a0, 27
core   0: 1 0x0000000080005310 (0x01b51993) x19 0x00000000a8000000
core   0: 0x0000000080005314 (0x0045923b) sllw    tp, a1, tp
core   0: 1 0x0000000080005314 (0x0045923b) x4  0xffffffff80000000
core   0: 0x0000000080005318 (0x02297433) remu    s0, s2, sp
core   0: 1 0x0000000080005318 (0x02297433) x8  0x0000000000000000
core   0: 0x000000008000531c (0x0ff0000f) fence   iorw,iorw
core   0: 1 0x000000008000531c (0x0ff0000f)
core   0: 0x0000000080005320 (0xa36a0153) fle.d   sp, fs4, fs6
core   0: 1 0x0000000080005320 (0xa36a0153) c1_fflags 0x000000000000001f x2  0x0000000000000000
core   0: 0x0000000080005324 (0x00202b73) csrrs   s6, frm, zero
core   0: 1 0x0000000080005324 (0x00202b73) x22 0x0000000000000000
core   0: 0x0000000080005328 (0x42068ad3) fcvt.d.s fs5, fa3
core   0: 1 0x0000000080005328 (0x42068ad3) f21 0x7ff8000000000000
core   0: 0x000000008000532c (0xd22bf7d3) fcvt.d.l fa5, s7
core   0: 1 0x000000008000532c (0xd22bf7d3) f15 0x41dfffeb64c00000
core   0: 0x0000000080005330 (0xd232f753) fcvt.d.lu fa4, t0
core   0: 1 0x0000000080005330 (0xd232f753) f14 0x0000000000000000
core   0: 0x0000000080005334 (0x7ffb8213) addi    tp, s7, 2047
core   0: 1 0x0000000080005334 (0x7ffb8213) x4  0x000000007fffb592
core   0: 0x0000000080005338 (0x97f24e13) xori    t3, tp, -1665
core   0: 1 0x0000000080005338 (0x97f24e13) x28 0xffffffff80004ced
core   0: 0x000000008000533c (0x005914b7) lui     s1, 0x591
core   0: 1 0x000000008000533c (0x005914b7) x9  0x0000000000591000
core   0: 0x0000000080005340 (0x000034a5) c.addiw s1, -23
core   0: 1 0x0000000080005340 (0x34a5) x9  0x0000000000590fe9
core   0: 0x0000000080005342 (0x000004b2) c.slli  s1, 12
core   0: 1 0x0000000080005342 (0x04b2) x9  0x0000000590fe9000
core   0: 0x0000000080005344 (0x88248493) addi    s1, s1, -1918
core   0: 1 0x0000000080005344 (0x88248493) x9  0x0000000590fe8882
core   0: 0x0000000080005348 (0xd2020b53) fcvt.d.w fs6, tp
core   0: 1 0x0000000080005348 (0xd2020b53) f22 0x41dfffed64800000
core   0: 0x000000008000534c (0x23f70ad3) fsgnj.d fs5, fa4, ft11
core   0: 1 0x000000008000534c (0x23f70ad3) f21 0x0000000000000000
core   0: 0x0000000080005350 (0x0a0077d3) fsub.d  fa5, ft0, ft0
core   0: 1 0x0000000080005350 (0x0a0077d3) f15 0x0000000000000000
core   0: 0x0000000080005354 (0x2a4d9dd3) fmax.d  fs11, fs11, ft4
core   0: 1 0x0000000080005354 (0x2a4d9dd3) f27 0x0000000000000000
core   0: 0x0000000080005358 (0x01be163b) sllw    a2, t3, s11
core   0: 1 0x0000000080005358 (0x01be163b) x12 0xffffffff80004ced
core   0: 0x000000008000535c (0x0037ebb3) or      s7, a5, gp
core   0: 1 0x000000008000535c (0x0037ebb3) x23 0x00000000bed30052
core   0: 0x0000000080005360 (0x02993933) mulhu   s2, s2, s1
core   0: 1 0x0000000080005360 (0x02993933) x18 0x0000000000000000
core   0: 0x0000000080005364 (0x5560f413) andi    s0, ra, 1366
core   0: 1 0x0000000080005364 (0x5560f413) x8  0x0000000000000014
core   0: 0x0000000080005368 (0x2a5489d3) fmin.d  fs3, fs1, ft5
core   0: 1 0x0000000080005368 (0x2a5489d3) f19 0x0000000000000000
core   0: 0x000000008000536c (0x2266a353) fsgnjx.d ft6, fa3, ft6
core   0: 1 0x000000008000536c (0x2266a353) f6  0x7ff8000000000000
core   0: 0x0000000080005370 (0x02a1c5bb) divw    a1, gp, a0
core   0: 1 0x0000000080005370 (0x02a1c5bb) x11 0x0000000000000000
core   0: 0x0000000080005374 (0xa38cd7b7) lui     a5, 0xa38cd
core   0: 1 0x0000000080005374 (0xa38cd7b7) x15 0xffffffffa38cd000
core   0: 0x0000000080005378 (0x408689bb) subw    s3, a3, s0
core   0: 1 0x0000000080005378 (0x408689bb) x19 0xffffffffffffffec
core   0: 0x000000008000537c (0x02f7c6bb) divw    a3, a5, a5
core   0: 1 0x000000008000537c (0x02f7c6bb) x13 0x0000000000000001
core   0: 0x0000000080005380 (0x13a6ea13) ori     s4, a3, 314
core   0: 1 0x0000000080005380 (0x13a6ea13) x20 0x000000000000013b
core   0: 0x0000000080005384 (0x0ff0000f) fence   iorw,iorw
core   0: 1 0x0000000080005384 (0x0ff0000f)
core   0: 0x0000000080005388 (0x47138693) addi    a3, t2, 1137
core   0: 1 0x0000000080005388 (0x47138693) x13 0x0000000080000470
core   0: 0x000000008000538c (0x03d77ed3) fadd.d  ft9, fa4, ft9
core   0: 1 0x000000008000538c (0x03d77ed3) f29 0x7ff8000000000000
core   0: 0x0000000080005390 (0x039b2e33) mulhsu  t3, s6, s9
core   0: 1 0x0000000080005390 (0x039b2e33) x28 0x0000000000000000
core   0: 0x0000000080005394 (0x010c16b3) sll     a3, s8, a6
core   0: 1 0x0000000080005394 (0x010c16b3) x13 0x9000000000000000
core   0: 0x0000000080005398 (0x0133d61b) srliw   a2, t2, 19
core   0: 1 0x0000000080005398 (0x0133d61b) x12 0x0000000000000fff
core   0: 0x000000008000539c (0x011bdc33) srl     s8, s7, a7
core   0: 1 0x000000008000539c (0x011bdc33) x24 0x0000000000000000
core   0: 0x00000000800053a0 (0xc227f0d3) fcvt.l.d ra, fa5
core   0: 1 0x00000000800053a0 (0xc227f0d3) x1  0x0000000000000000
core   0: 0x00000000800053a4 (0x000b8e37) lui     t3, 0xb8
core   0: 1 0x00000000800053a4 (0x000b8e37) x28 0x00000000000b8000
core   0: 0x00000000800053a8 (0xd6de0e1b) addiw   t3, t3, -659
core   0: 1 0x00000000800053a8 (0xd6de0e1b) x28 0x00000000000b7d6d
core   0: 0x00000000800053ac (0x00000e32) c.slli  t3, 12
core   0: 1 0x00000000800053ac (0x0e32) x28 0x00000000b7d6d000
core   0: 0x00000000800053ae (0x2f7e0e13) addi    t3, t3, 759
core   0: 1 0x00000000800053ae (0x2f7e0e13) x28 0x00000000b7d6d2f7
core   0: 0x00000000800053b2 (0x400e5b93) srai    s7, t3, 0
core   0: 1 0x00000000800053b2 (0x400e5b93) x23 0x00000000b7d6d2f7
core   0: 0x00000000800053b6 (0xca15091b) addiw   s2, a0, -863
core   0: 1 0x00000000800053b6 (0xca15091b) x18 0xfffffffffffffcb6
core   0: 0x00000000800053ba (0x012b9d3b) sllw    s10, s7, s2
core   0: 1 0x00000000800053ba (0x012b9d3b) x26 0xffffffffbdc00000
core   0: 0x00000000800053be (0x01a08db3) add     s11, ra, s10
core   0: 1 0x00000000800053be (0x01a08db3) x27 0xffffffffbdc00000
core   0: 0x00000000800053c2 (0x032bd9bb) divuw   s3, s7, s2
core   0: 1 0x00000000800053c2 (0x032bd9bb) x19 0x0000000000000000
core   0: 0x00000000800053c6 (0x2bd692d3) fmax.d  ft5, fa3, ft9
core   0: 1 0x00000000800053c6 (0x2bd692d3) f5  0x7ff8000000000000
core   0: 0x00000000800053ca (0x03b35233) divu    tp, t1, s11
core   0: 1 0x00000000800053ca (0x03b35233) x4  0x0000000000000000
core   0: 0x00000000800053ce (0x03da7453) fadd.d  fs0, fs4, ft9
core   0: 1 0x00000000800053ce (0x03da7453) f8  0x7ff8000000000000
core   0: 0x00000000800053d2 (0x405702bb) subw    t0, a4, t0
core   0: 1 0x00000000800053d2 (0x405702bb) x5  0x0000000000000002
core   0: 0x00000000800053d6 (0x01075cbb) srlw    s9, a4, a6
core   0: 1 0x00000000800053d6 (0x01075cbb) x25 0x0000000000000000
core   0: 0x00000000800053da (0x401072d3) fcvt.s.d ft5, ft0
core   0: 1 0x00000000800053da (0x401072d3) c1_fflags 0x000000000000001f f5  0xffffffff4e7b4d4c
core   0: 0x00000000800053de (0x00000001) c.nop
core   0: 1 0x00000000800053de (0x0001)
core   0: 0x00000000800053e0 (0x00aad39b) srliw   t2, s5, 10
core   0: 1 0x00000000800053e0 (0x00aad39b) x7  0x00000000000fb4d4
core   0: 0x00000000800053e4 (0x41fcd39b) sraiw   t2, s9, 31
core   0: 1 0x00000000800053e4 (0x41fcd39b) x7  0x0000000000000000
core   0: 0x00000000800053e8 (0x4014d93b) sraw    s2, s1, ra
core   0: 1 0x00000000800053e8 (0x4014d93b) x18 0xffffffff90fe8882
core   0: 0x00000000800053ec (0x8599e193) ori     gp, s3, -1959
core   0: 1 0x00000000800053ec (0x8599e193) x3  0xfffffffffffff859
core   0: 0x00000000800053f0 (0xd031f0d3) fcvt.s.lu ft1, gp
core   0: 1 0x00000000800053f0 (0xd031f0d3) c1_fflags 0x000000000000001f f1  0xffffffff5f800000
core   0: 0x00000000800053f4 (0x008ad31b) srliw   t1, s5, 8
core   0: 1 0x00000000800053f4 (0x008ad31b) x6  0x00000000003ed352
core   0: 0x00000000800053f8 (0x791138b7) lui     a7, 0x79113
core   0: 1 0x00000000800053f8 (0x791138b7) x17 0x0000000079113000
core   0: 0x00000000800053fc (0x02625233) divu    tp, tp, t1
core   0: 1 0x00000000800053fc (0x02625233) x4  0x0000000000000000
core   0: 0x0000000080005400 (0x02ccdcb3) divu    s9, s9, a2
core   0: 1 0x0000000080005400 (0x02ccdcb3) x25 0x0000000000000000
core   0: 0x0000000080005404 (0x6ba676c3) fmadd.d fa3, fa2, fs10, fa3
core   0: 1 0x0000000080005404 (0x6ba676c3) f13 0x7ff8000000000000
core   0: 0x0000000080005408 (0x40105a13) srai    s4, zero, 1
core   0: 1 0x0000000080005408 (0x40105a13) x20 0x0000000000000000
core   0: 0x000000008000540c (0x0041563b) srlw    a2, sp, tp
core   0: 1 0x000000008000540c (0x0041563b) x12 0x0000000000000000
core   0: 0x0000000080005410 (0x015cad33) slt     s10, s9, s5
core   0: 1 0x0000000080005410 (0x015cad33) x26 0x0000000000000001
core   0: 0x0000000080005414 (0x002d1173) csrrw   sp, frm, s10
core   0: 1 0x0000000080005414 (0x002d1173) x2  0x0000000000000000 c2_frm 0x0000000000000001
core   0: 0x0000000080005418 (0x00d7d1b3) srl     gp, a5, a3
core   0: 1 0x0000000080005418 (0x00d7d1b3) x3  0xffffffffa38cd000
core   0: 0x000000008000541c (0xd231f253) fcvt.d.lu ft4, gp
core   0: 1 0x000000008000541c (0xd231f253) f4  0x43effffffff4719a
core   0: 0x0000000080005420 (0x02cb5b3b) divuw   s6, s6, a2
core   0: 1 0x0000000080005420 (0x02cb5b3b) x22 0xffffffffffffffff
core   0: 0x0000000080005424 (0x0ff0000f) fence   iorw,iorw
core   0: 1 0x0000000080005424 (0x0ff0000f)
core   0: 0x0000000080005428 (0x41ad0dbb) subw    s11, s10, s10
core   0: 1 0x0000000080005428 (0x41ad0dbb) x27 0x0000000000000000
core   0: 0x000000008000542c (0x002023f3) csrrs   t2, frm, zero
core   0: 1 0x000000008000542c (0x002023f3) x7  0x0000000000000001
core   0: 0x0000000080005430 (0x420208d3) fcvt.d.s fa7, ft4
core   0: 1 0x0000000080005430 (0x420208d3) f17 0x7ff8000000000000
core   0: 0x0000000080005434 (0xc223fa53) fcvt.l.d s4, ft7
core   0: 1 0x0000000080005434 (0xc223fa53) c1_fflags 0x000000000000001f x20 0x7fffffffffffffff
core   0: 0x0000000080005438 (0x001a1c73) csrrw   s8, fflags, s4
core   0: 1 0x0000000080005438 (0x001a1c73) x24 0x000000000000001f c1_fflags 0x000000000000001f
core   0: 0x000000008000543c (0x00161ef3) csrrw   t4, fflags, a2
core   0: 1 0x000000008000543c (0x00161ef3) x29 0x000000000000001f c1_fflags 0x0000000000000000
core   0: 0x0000000080005440 (0x0068943b) sllw    s0, a7, t1
core   0: 1 0x0000000080005440 (0x0068943b) x8  0xffffffffc0000000
core   0: 0x0000000080005444 (0x000d1513) slli    a0, s10, 0
core   0: 1 0x0000000080005444 (0x000d1513) x10 0x0000000000000001
core   0: 0x0000000080005448 (0x0231c1b3) div     gp, gp, gp
core   0: 1 0x0000000080005448 (0x0231c1b3) x3  0x0000000000000001
core   0: 0x000000008000544c (0x003e15bb) sllw    a1, t3, gp
core   0: 1 0x000000008000544c (0x003e15bb) x11 0x000000006fada5ee
core   0: 0x0000000080005450 (0xc03fe7f3) csrrsi  a5, hpmcounter3, 31
core   0: exception trap_illegal_instruction, epc 0x0000000080005450
core   0:           tval 0x00000000c03fe7f3
core   0: >>>>  $xrv64i2p1_m2p0_a2p1_f2p2_d2p2_zicsr2p0_zifencei2p0_zmmul1p0_zba1p0_zbb1p0_zbc1p0_zbs1p0
core   0: 0x0000000080004000 (0x0080006f) j       pc + 0x8
core   0: 3 0x0000000080004000 (0x0080006f)
core   0: >>>>  mmode_exception_handler
core   0: 0x0000000080004008 (0x00002c17) auipc   s8, 0x2
core   0: 3 0x0000000080004008 (0x00002c17) x24 0x0000000080006008
core   0: 0x000000008000400c (0x09cc0c13) addi    s8, s8, 156
core   0: 3 0x000000008000400c (0x09cc0c13) x24 0x00000000800060a4
core   0: 0x0000000080004010 (0x000c00e7) jalr    s8
core   0: 3 0x0000000080004010 (0x000c00e7) x1  0x0000000080004014
core   0: >>>>  any_handler
core   0: 0x00000000800060a4 (0x341027f3) csrrs   a5, mepc, zero
core   0: 3 0x00000000800060a4 (0x341027f3) x15 0x0000000080005450
core   0: 0x00000000800060a8 (0x34202773) csrrs   a4, mcause, zero
core   0: 3 0x00000000800060a8 (0x34202773) x14 0x0000000000000002
core   0: 0x00000000800060ac (0x142026f3) csrrs   a3, scause, zero
core   0: 3 0x00000000800060ac (0x142026f3) x13 0x0000000000000000
core   0: 0x00000000800060b0 (0x30402673) csrrs   a2, mie, zero
core   0: 3 0x00000000800060b0 (0x30402673) x12 0x0000000000000a00
core   0: 0x00000000800060b4 (0x344025f3) csrrs   a1, mip, zero
core   0: 3 0x00000000800060b4 (0x344025f3) x11 0x0000000000000080
core   0: 0x00000000800060b8 (0x343025f3) csrrs   a1, mtval, zero
core   0: 3 0x00000000800060b8 (0x343025f3) x11 0x00000000c03fe7f3
core   0: 0x00000000800060bc (0x14302573) csrrs   a0, stval, zero
core   0: 3 0x00000000800060bc (0x14302573) x10 0x0000000000000015
core   0: 0x00000000800060c0 (0xb02024f3) csrrs   s1, minstret, zero
core   0: 3 0x00000000800060c0 (0xb02024f3) x9  0x0000000000000e9a
core   0: 0x00000000800060c4 (0x0000a811) c.j     pc + 20
core   0: 3 0x00000000800060c4 (0xa811)
core   0: >>>>  mepc_4
core   0: 0x00000000800060d8 (0x00000791) c.addi  a5, 4
core   0: 3 0x00000000800060d8 (0x0791) x15 0x0000000080005454
core   0: 0x00000000800060da (0x34179073) csrrw   zero, mepc, a5
core   0: 3 0x00000000800060da (0x34179073) c833_mepc 0x0000000080005454
core   0: 0x00000000800060de (0x30200073) mret
core   0: 3 0x00000000800060de (0x30200073) c768_mstatus 0x8000000a00106080
core   0: 0x0000000080005454 (0x00f59533) sll     a0, a1, a5
core   0: 1 0x0000000080005454 (0x00f59533) x10 0x000c03fe7f300000
core   0: 0x0000000080005458 (0x026012b3) mulh    t0, zero, t1
core   0: 1 0x0000000080005458 (0x026012b3) x5  0x0000000000000000
core   0: 0x000000008000545c (0xd20c8dd3) fcvt.d.w fs11, s9
core   0: 1 0x000000008000545c (0xd20c8dd3) f27 0x0000000000000000
core   0: 0x0000000080005460 (0x9b24009b) addiw   ra, s0, -1614
core   0: 1 0x0000000080005460 (0x9b24009b) x1  0xffffffffbffff9b2
core   0: 0x0000000080005464 (0xc238f4d3) fcvt.lu.d s1, fa7
core   0: 1 0x0000000080005464 (0xc238f4d3) c1_fflags 0x0000000000000010 x9  0xffffffffffffffff
core   0: 0x0000000080005468 (0x7ffee413) ori     s0, t4, 2047
core   0: 1 0x0000000080005468 (0x7ffee413) x8  0x00000000000007ff
core   0: 0x000000008000546c (0x0013d213) srli    tp, t2, 1
core   0: 1 0x000000008000546c (0x0013d213) x4  0x0000000000000000
core   0: 0x0000000080005470 (0x23c8a153) fsgnjx.d ft2, fa7, ft8
core   0: 1 0x0000000080005470 (0x23c8a153) f2  0xfff8000000000000
core   0: 0x0000000080005474 (0x401e00b3) sub     ra, t3, ra
core   0: 1 0x0000000080005474 (0x401e00b3) x1  0x00000000f7d6d945
core   0: 0x0000000080005478 (0x5a0971d3) fsqrt.d ft3, fs2
core   0: 1 0x0000000080005478 (0x5a0971d3) f3  0x7ff8000000000000
core   0: 0x000000008000547c (0x031778bb) remuw   a7, a4, a7
core   0: 1 0x000000008000547c (0x031778bb) x17 0x0000000000000002
core   0: 0x0000000080005480 (0x0288b433) mulhu   s0, a7, s0
core   0: 1 0x0000000080005480 (0x0288b433) x8  0x0000000000000000
core   0: 0x0000000080005484 (0x1a397cd3) fdiv.d  fs9, fs2, ft3
core   0: 1 0x0000000080005484 (0x1a397cd3) f25 0x7ff8000000000000
core   0: 0x0000000080005488 (0x41f5539b) sraiw   t2, a0, 31
core   0: 1 0x0000000080005488 (0x41f5539b) x7  0x0000000000000000
core   0: 0x000000008000548c (0x031942b3) div     t0, s2, a7
core   0: 1 0x000000008000548c (0x031942b3) x5  0xffffffffc87f4441
core   0: 0x0000000080005490 (0x407387bb) subw    a5, t2, t2
core   0: 1 0x0000000080005490 (0x407387bb) x15 0x0000000000000000
core   0: 0x0000000080005494 (0x003749b3) xor     s3, a4, gp
core   0: 1 0x0000000080005494 (0x003749b3) x19 0x0000000000000003
core   0: 0x0000000080005498 (0x0b96f5d3) fsub.d  fa1, fa3, fs9
core   0: 1 0x0000000080005498 (0x0b96f5d3) f11 0x7ff8000000000000
core   0: 0x000000008000549c (0x4009db9b) sraiw   s7, s3, 0
core   0: 1 0x000000008000549c (0x4009db9b) x23 0x0000000000000003
core   0: 0x00000000800054a0 (0x8000fb13) andi    s6, ra, -2048
core   0: 1 0x00000000800054a0 (0x8000fb13) x22 0x00000000f7d6d800
core   0: 0x00000000800054a4 (0xd031f053) fcvt.s.lu ft0, gp
core   0: 1 0x00000000800054a4 (0xd031f053) f0  0xffffffff3f800000
core   0: 0x00000000800054a8 (0x238e2f53) fsgnjx.d ft10, ft8, fs8
core   0: 1 0x00000000800054a8 (0x238e2f53) f30 0xffffffffbf800000
core   0: 0x00000000800054ac (0x01fe5e1b) srliw   t3, t3, 31
core   0: 1 0x00000000800054ac (0x01fe5e1b) x28 0x0000000000000001
core   0: 0x00000000800054b0 (0xc20f72d3) fcvt.w.d t0, ft10
core   0: 1 0x00000000800054b0 (0xc20f72d3) c1_fflags 0x0000000000000010 x5  0x000000007fffffff
core   0: 0x00000000800054b4 (0x2a949453) fmax.d  fs0, fs1, fs1
core   0: 1 0x00000000800054b4 (0x2a949453) f8  0x0000000000000000
core   0: 0x00000000800054b8 (0xd02e74d3) fcvt.s.l fs1, t3
core   0: 1 0x00000000800054b8 (0xd02e74d3) f9  0xffffffff3f800000
core   0: 0x00000000800054bc (0xd02570d3) fcvt.s.l ft1, a0
core   0: 1 0x00000000800054bc (0xd02570d3) c1_fflags 0x0000000000000011 f1  0xffffffff59403fe7
core   0: 0x00000000800054c0 (0xc0247ed3) fcvt.l.s t4, fs0
core   0: 1 0x00000000800054c0 (0xc0247ed3) c1_fflags 0x0000000000000011 x29 0x7fffffffffffffff
core   0: 0x00000000800054c4 (0x41850c33) sub     s8, a0, s8
core   0: 1 0x00000000800054c4 (0x41850c33) x24 0x000c03fdff2f9f5c
core   0: 0x00000000800054c8 (0xc5dc0b9b) addiw   s7, s8, -931
core   0: 1 0x00000000800054c8 (0xc5dc0b9b) x23 0xffffffffff2f9bb9
core   0: 0x00000000800054cc (0xc74c6213) ori     tp, s8, -908
core   0: 1 0x00000000800054cc (0xc74c6213) x4  0xffffffffffffff7c
core   0: 0x00000000800054d0 (0xfdd7f913) andi    s2, a5, -35
core   0: 1 0x00000000800054d0 (0xfdd7f913) x18 0x0000000000000000
core   0: 0x00000000800054d4 (0x0ff0000f) fence   iorw,iorw
core   0: 1 0x00000000800054d4 (0x0ff0000f)
core   0: 0x00000000800054d8 (0x004080bb) addw    ra, ra, tp
core   0: 1 0x00000000800054d8 (0x004080bb) x1  0xfffffffff7d6d8c1
core   0: 0x00000000800054dc (0x0187193b) sllw    s2, a4, s8
core   0: 1 0x00000000800054dc (0x0187193b) x18 0x0000000020000000
core   0: 0x00000000800054e0 (0x009cfeb3) and     t4, s9, s1
core   0: 1 0x00000000800054e0 (0x009cfeb3) x29 0x0000000000000000
core   0: 0x00000000800054e4 (0x1a7479c7) fmsub.d fs3, fs0, ft7, ft3
core   0: 1 0x00000000800054e4 (0x1a7479c7) f19 0x7ff8000000000000
core   0: 0x00000000800054e8 (0x015a57b3) srl     a5, s4, s5
core   0: 1 0x00000000800054e8 (0x015a57b3) x15 0x000000000007ffff
core   0: 0x00000000800054ec (0x0ae2f3d3) fsub.d  ft7, ft5, fa4
core   0: 1 0x00000000800054ec (0x0ae2f3d3) f7  0x7ff8000000000000
core   0: 0x00000000800054f0 (0x002021f3) csrrs   gp, frm, zero
core   0: 1 0x00000000800054f0 (0x002021f3) x3  0x0000000000000001
core   0: 0x00000000800054f4 (0x036b7c53) fadd.d  fs8, fs6, fs6
core   0: 1 0x00000000800054f4 (0x036b7c53) f24 0x41efffed64800000
core   0: 0x00000000800054f8 (0x000097da) c.add   a5, s6
core   0: 1 0x00000000800054f8 (0x97da) x15 0x00000000f7ded7ff
core   0: 0x00000000800054fa (0xd2078e53) fcvt.d.w ft8, a5
core   0: 1 0x00000000800054fa (0xd2078e53) f28 0xc1a0425002000000
core   0: 0x00000000800054fe (0xd21c01d3) fcvt.d.wu ft3, s8
core   0: 1 0x00000000800054fe (0xd21c01d3) f3  0x41efe5f3eb800000
core   0: 0x0000000080005502 (0x00000001) c.nop
core   0: 1 0x0000000080005502 (0x0001)
core   0: 0x0000000080005504 (0xd02b74d3) fcvt.s.l fs1, s6
core   0: 1 0x0000000080005504 (0xd02b74d3) f9  0xffffffff4f77d6d8
core   0: 0x0000000080005508 (0x40f65e1b) sraiw   t3, a2, 15
core   0: 1 0x0000000080005508 (0x40f65e1b) x28 0x0000000000000000
core   0: 0x000000008000550c (0x4018579b) sraiw   a5, a6, 1
core   0: 1 0x000000008000550c (0x4018579b) x15 0x0000000013afd45d
core   0: 0x0000000080005510 (0x01345a3b) srlw    s4, s0, s3
core   0: 1 0x0000000080005510 (0x01345a3b) x20 0x0000000000000000
core   0: 0x0000000080005514 (0x0729f837) lui     a6, 0x729f
core   0: 1 0x0000000080005514 (0x0729f837) x16 0x000000000729f000
core   0: 0x0000000080005518 (0x2d98081b) addiw   a6, a6, 729
core   0: 1 0x0000000080005518 (0x2d98081b) x16 0x000000000729f2d9
core   0: 0x000000008000551c (0x00000832) c.slli  a6, 12
core   0: 1 0x000000008000551c (0x0832) x16 0x000000729f2d9000
core   0: 0x000000008000551e (0xcb380813) addi    a6, a6, -845
core   0: 1 0x000000008000551e (0xcb380813) x16 0x000000729f2d8cb3
core   0: 0x0000000080005522 (0x00000001) c.nop
core   0: 1 0x0000000080005522 (0x0001)
core   0: 0x0000000080005524 (0x0170f8b3) and     a7, ra, s7
core   0: 1 0x0000000080005524 (0x0170f8b3) x17 0xfffffffff7069881
core   0: 0x0000000080005528 (0xfe6b1737) lui     a4, 0xfe6b1
core   0: 1 0x0000000080005528 (0xfe6b1737) x14 0xfffffffffe6b1000
core   0: 0x000000008000552c (0xf0f7071b) addiw   a4, a4, -241
core   0: 1 0x000000008000552c (0xf0f7071b) x14 0xfffffffffe6b0f0f
core   0: 0x0000000080005530 (0x0000073a) c.slli  a4, 14
core   0: 1 0x0000000080005530 (0x073a) x14 0xffffff9ac3c3c000
core   0: 0x0000000080005532 (0x55870713) addi    a4, a4, 1368
core   0: 1 0x0000000080005532 (0x55870713) x14 0xffffff9ac3c3c558
core   0: 0x0000000080005536 (0x002092f3) csrrw   t0, frm, ra
core   0: 1 0x0000000080005536 (0x002092f3) x5  0x0000000000000001 c2_frm 0x0000000000000001
core   0: 0x000000008000553a (0xd230f8d3) fcvt.d.lu fa7, ra
core   0: 1 0x000000008000553a (0xd230f8d3) c1_fflags 0x0000000000000011 f17 0x43effffffffefadb
core   0: 0x000000008000553e (0x0146c033) xor     zero, a3, s4
core   0: 1 0x000000008000553e (0x0146c033)
core   0: 0x0000000080005542 (0x8354fdcf) fnmadd.d fs11, fs1, fs5, fa6
core   0: 1 0x0000000080005542 (0x8354fdcf) f27 0x7ff8000000000000
core   0: 0x0000000080005546 (0x03b9c3bb) divw    t2, s3, s11
core   0: 1 0x0000000080005546 (0x03b9c3bb) x7  0xffffffffffffffff
core   0: 0x000000008000554a (0xc2387ad3) fcvt.lu.d s5, fa6
core   0: 1 0x000000008000554a (0xc2387ad3) c1_fflags 0x0000000000000011 x21 0xffffffffffffffff
core   0: 0x000000008000554e (0x419bdcb3) sra     s9, s7, s9
core   0: 1 0x000000008000554e (0x419bdcb3) x25 0xffffffffff2f9bb9
core   0: 0x0000000080005552 (0x00d92933) slt     s2, s2, a3
core   0: 1 0x0000000080005552 (0x00d92933) x18 0x0000000000000000
core   0: 0x0000000080005556 (0x03027953) fadd.d  fs2, ft4, fa6
core   0: 1 0x0000000080005556 (0x03027953) f18 0x7ff8000000000000
core   0: 0x000000008000555a (0x02061133) mulh    sp, a2, zero
core   0: 1 0x000000008000555a (0x02061133) x2  0x0000000000000000
core   0: 0x000000008000555e (0x02d360bb) remw    ra, t1, a3
core   0: 1 0x000000008000555e (0x02d360bb) x1  0x00000000003ed352
core   0: 0x0000000080005562 (0x0291f4bb) remuw   s1, gp, s1
core   0: 1 0x0000000080005562 (0x0291f4bb) x9  0x0000000000000001
core   0: 0x0000000080005566 (0x402bdbbb) sraw    s7, s7, sp
core   0: 1 0x0000000080005566 (0x402bdbbb) x23 0xffffffffff2f9bb9
core   0: 0x000000008000556a (0x00105013) srli    zero, zero, 1
core   0: 1 0x000000008000556a (0x00105013)
core   0: 0x000000008000556e (0x2a4917d3) fmax.d  fa5, fs2, ft4
core   0: 1 0x000000008000556e (0x2a4917d3) f15 0x43effffffff4719a
core   0: 0x0000000080005572 (0x00907eb3) and     t4, zero, s1
core   0: 1 0x0000000080005572 (0x00907eb3) x29 0x0000000000000000
core   0: 0x0000000080005576 (0x01650b3b) addw    s6, a0, s6
core   0: 1 0x0000000080005576 (0x01650b3b) x22 0x000000007706d800
core   0: 0x000000008000557a (0x00ae8833) add     a6, t4, a0
core   0: 1 0x000000008000557a (0x00ae8833) x16 0x000c03fe7f300000
core   0: 0x000000008000557e (0xd2048f53) fcvt.d.w ft10, s1
core   0: 1 0x000000008000557e (0xd2048f53) f30 0x3ff0000000000000
core   0: 0x0000000080005582 (0x2bab7d4f) fnmadd.d fs10, fs6, fs10, ft5
core   0: 1 0x0000000080005582 (0x2bab7d4f) f26 0x7ff8000000000000
core   0: 0x0000000080005586 (0x000cdb9b) srliw   s7, s9, 0
core   0: 1 0x0000000080005586 (0x000cdb9b) x23 0xffffffffff2f9bb9
core   0: 0x000000008000558a (0x01b98bbb) addw    s7, s3, s11
core   0: 1 0x000000008000558a (0x01b98bbb) x23 0x0000000000000003
core   0: 0x000000008000558e (0x2ae50f53) fmin.d  ft10, fa0, fa4
core   0: 1 0x000000008000558e (0x2ae50f53) f30 0x0000000000000000
core   0: 0x0000000080005592 (0x00131e1b) slliw   t3, t1, 1
core   0: 1 0x0000000080005592 (0x00131e1b) x28 0x00000000007da6a4
core   0: 0x0000000080005596 (0xd02bf4d3) fcvt.s.l fs1, s7
core   0: 1 0x0000000080005596 (0xd02bf4d3) f9  0xffffffff40400000
core   0: 0x000000008000559a (0xa3f48253) fle.d   tp, fs1, ft11
core   0: 1 0x000000008000559a (0xa3f48253) c1_fflags 0x0000000000000011 x4  0x0000000000000000
core   0: 0x000000008000559e (0xd23bfdd3) fcvt.d.lu fs11, s7
core   0: 1 0x000000008000559e (0xd23bfdd3) f27 0x4008000000000000
core   0: 0x00000000800055a2 (0x30623773) csrrc   a4, mcounteren, tp
core   0: exception trap_illegal_instruction, epc 0x00000000800055a2
core   0:           tval 0x0000000030623773
core   0: >>>>  $xrv64i2p1_m2p0_a2p1_f2p2_d2p2_zicsr2p0_zifencei2p0_zmmul1p0_zba1p0_zbb1p0_zbc1p0_zbs1p0
core   0: 0x0000000080004000 (0x0080006f) j       pc + 0x8
core   0: 3 0x0000000080004000 (0x0080006f)
core   0: >>>>  mmode_exception_handler
core   0: 0x0000000080004008 (0x00002c17) auipc   s8, 0x2
core   0: 3 0x0000000080004008 (0x00002c17) x24 0x0000000080006008
core   0: 0x000000008000400c (0x09cc0c13) addi    s8, s8, 156
core   0: 3 0x000000008000400c (0x09cc0c13) x24 0x00000000800060a4
core   0: 0x0000000080004010 (0x000c00e7) jalr    s8
core   0: 3 0x0000000080004010 (0x000c00e7) x1  0x0000000080004014
core   0: >>>>  any_handler
core   0: 0x00000000800060a4 (0x341027f3) csrrs   a5, mepc, zero
core   0: 3 0x00000000800060a4 (0x341027f3) x15 0x00000000800055a2
core   0: 0x00000000800060a8 (0x34202773) csrrs   a4, mcause, zero
core   0: 3 0x00000000800060a8 (0x34202773) x14 0x0000000000000002
core   0: 0x00000000800060ac (0x142026f3) csrrs   a3, scause, zero
core   0: 3 0x00000000800060ac (0x142026f3) x13 0x0000000000000000
core   0: 0x00000000800060b0 (0x30402673) csrrs   a2, mie, zero
core   0: 3 0x00000000800060b0 (0x30402673) x12 0x0000000000000a00
core   0: 0x00000000800060b4 (0x344025f3) csrrs   a1, mip, zero
core   0: 3 0x00000000800060b4 (0x344025f3) x11 0x0000000000000080
core   0: 0x00000000800060b8 (0x343025f3) csrrs   a1, mtval, zero
core   0: 3 0x00000000800060b8 (0x343025f3) x11 0x0000000030623773
core   0: 0x00000000800060bc (0x14302573) csrrs   a0, stval, zero
core   0: 3 0x00000000800060bc (0x14302573) x10 0x0000000000000015
core   0: 0x00000000800060c0 (0xb02024f3) csrrs   s1, minstret, zero
core   0: 3 0x00000000800060c0 (0xb02024f3) x9  0x0000000000000f00
core   0: 0x00000000800060c4 (0x0000a811) c.j     pc + 20
core   0: 3 0x00000000800060c4 (0xa811)
core   0: >>>>  mepc_4
core   0: 0x00000000800060d8 (0x00000791) c.addi  a5, 4
core   0: 3 0x00000000800060d8 (0x0791) x15 0x00000000800055a6
core   0: 0x00000000800060da (0x34179073) csrrw   zero, mepc, a5
core   0: 3 0x00000000800060da (0x34179073) c833_mepc 0x00000000800055a6
core   0: 0x00000000800060de (0x30200073) mret
core   0: 3 0x00000000800060de (0x30200073) c768_mstatus 0x8000000a00106080
core   0: 0x00000000800055a6 (0xc2347553) fcvt.lu.d a0, fs0
core   0: 1 0x00000000800055a6 (0xc2347553) x10 0x0000000000000000
core   0: 0x00000000800055aa (0x400d8b3b) subw    s6, s11, zero
core   0: 1 0x00000000800055aa (0x400d8b3b) x22 0x0000000000000000
core   0: 0x00000000800055ae (0x002609bb) addw    s3, a2, sp
core   0: 1 0x00000000800055ae (0x002609bb) x19 0x0000000000000a00
core   0: 0x00000000800055b2 (0xd03b7ad3) fcvt.s.lu fs5, s6
core   0: 1 0x00000000800055b2 (0xd03b7ad3) f21 0xffffffff00000000
core   0: 0x00000000800055b6 (0x0006d813) srli    a6, a3, 0
core   0: 1 0x00000000800055b6 (0x0006d813) x16 0x0000000000000000
core   0: 0x00000000800055ba (0xe2058053) fmv.x.d zero, fa1
core   0: 1 0x00000000800055ba (0xe2058053)
core   0: 0x00000000800055be (0x41808cb3) sub     s9, ra, s8
core   0: 1 0x00000000800055be (0x41808cb3) x25 0xffffffffffffdf70
core   0: 0x00000000800055c2 (0x40d356bb) sraw    a3, t1, a3
core   0: 1 0x00000000800055c2 (0x40d356bb) x13 0x00000000003ed352
core   0: 0x00000000800055c6 (0x00102573) csrrs   a0, fflags, zero
core   0: 1 0x00000000800055c6 (0x00102573) x10 0x0000000000000011
core   0: 0x00000000800055ca (0x02c0debb) divuw   t4, ra, a2
core   0: 1 0x00000000800055ca (0x02c0debb) x29 0x00000000000cccd3
core   0: 0x00000000800055ce (0x9be5fa47) fmsub.d fs4, fa1, ft10, fs3
core   0: 1 0x00000000800055ce (0x9be5fa47) f20 0x7ff8000000000000
core   0: 0x00000000800055d2 (0x800eeb13) ori     s6, t4, -2048
core   0: 1 0x00000000800055d2 (0x800eeb13) x22 0xfffffffffffffcd3
core   0: 0x00000000800055d6 (0x0ff0000f) fence   iorw,iorw
core   0: 1 0x00000000800055d6 (0x0ff0000f)
core   0: 0x00000000800055da (0xe2020d53) fmv.x.d s10, ft4
core   0: 1 0x00000000800055da (0xe2020d53) x26 0x43effffffff4719a
core   0: 0x00000000800055de (0x001810f3) csrrw   ra, fflags, a6
core   0: 1 0x00000000800055de (0x001810f3) x1  0x0000000000000011 c1_fflags 0x0000000000000000
core   0: 0x00000000800055e2 (0x1a807253) fdiv.d  ft4, ft0, fs0
core   0: 1 0x00000000800055e2 (0x1a807253) f4  0x7ff8000000000000
core   0: 0x00000000800055e6 (0x1b10c193) xori    gp, ra, 433
core   0: 1 0x00000000800055e6 (0x1b10c193) x3  0x00000000000001a0
core   0: 0x00000000800055ea (0xc027f753) fcvt.l.s a4, fa5
core   0: 1 0x00000000800055ea (0xc027f753) c1_fflags 0x0000000000000010 x14 0x7fffffffffffffff
core   0: 0x00000000800055ee (0x03e69213) slli    tp, a3, 62
core   0: 1 0x00000000800055ee (0x03e69213) x4  0x8000000000000000
core   0: 0x00000000800055f2 (0x03437c3b) remuw   s8, t1, s4
core   0: 1 0x00000000800055f2 (0x03437c3b) x24 0x00000000003ed352
core   0: 0x00000000800055f6 (0x8007009b) addiw   ra, a4, -2048
core   0: 1 0x00000000800055f6 (0x8007009b) x1  0xfffffffffffff7ff
core   0: 0x00000000800055fa (0x00021a9b) slliw   s5, tp, 0
core   0: 1 0x00000000800055fa (0x00021a9b) x21 0x0000000000000000
core   0: 0x00000000800055fe (0x0272a3b3) mulhsu  t2, t0, t2
core   0: 1 0x00000000800055fe (0x0272a3b3) x7  0x0000000000000000
core   0: 0x0000000080005602 (0xd2237753) fcvt.d.l fa4, t1
core   0: 1 0x0000000080005602 (0xd2237753) f14 0x414f69a900000000
core   0: 0x0000000080005606 (0x0ff0000f) fence   iorw,iorw
core   0: 1 0x0000000080005606 (0x0ff0000f)
core   0: 0x000000008000560a (0xa29c8953) fle.d   s2, fs9, fs1
core   0: 1 0x000000008000560a (0xa29c8953) c1_fflags 0x0000000000000010 x18 0x0000000000000000
core   0: 0x000000008000560e (0x00000001) c.nop
core   0: 1 0x000000008000560e (0x0001)
core   0: 0x0000000080005610 (0x032e85bb) mulw    a1, t4, s2
core   0: 1 0x0000000080005610 (0x032e85bb) x11 0x0000000000000000
core   0: 0x0000000080005614 (0x00875633) srl     a2, a4, s0
core   0: 1 0x0000000080005614 (0x00875633) x12 0x7fffffffffffffff
core   0: 0x0000000080005618 (0x00ca4733) xor     a4, s4, a2
core   0: 1 0x0000000080005618 (0x00ca4733) x14 0x7fffffffffffffff
core   0: 0x000000008000561c (0x024df833) remu    a6, s11, tp
core   0: 1 0x000000008000561c (0x024df833) x16 0x0000000000000000
core   0: 0x0000000080005620 (0x010080bb) addw    ra, ra, a6
core   0: 1 0x0000000080005620 (0x010080bb) x1  0xfffffffffffff7ff
core   0: 0x0000000080005624 (0x5a027e53) fsqrt.d ft8, ft4
core   0: 1 0x0000000080005624 (0x5a027e53) f28 0x7ff8000000000000
core   0: 0x0000000080005628 (0x00009dca) c.add   s11, s2
core   0: 1 0x0000000080005628 (0x9dca) x27 0x0000000000000000
core   0: 0x000000008000562a (0x5a057a53) fsqrt.d fs4, fa0
core   0: 1 0x000000008000562a (0x5a057a53) f20 0x7ff8000000000000
core   0: 0x000000008000562e (0x401df353) fcvt.s.d ft6, fs11
core   0: 1 0x000000008000562e (0x401df353) f6  0xffffffff40400000
core   0: 0x0000000080005632 (0x407bd8bb) sraw    a7, s7, t2
core   0: 1 0x0000000080005632 (0x407bd8bb) x17 0x0000000000000003
core   0: 0x0000000080005636 (0x136b74d3) fmul.d  fs1, fs6, fs6
core   0: 1 0x0000000080005636 (0x136b74d3) c1_fflags 0x0000000000000011 f9  0x43cfffdac90ad1e3
core   0: 0x000000008000563a (0xf15955f3) csrrwi  a1, mconfigptr, 18
core   0: exception trap_illegal_instruction, epc 0x000000008000563a
core   0:           tval 0x00000000f15955f3
core   0: >>>>  $xrv64i2p1_m2p0_a2p1_f2p2_d2p2_zicsr2p0_zifencei2p0_zmmul1p0_zba1p0_zbb1p0_zbc1p0_zbs1p0
core   0: 0x0000000080004000 (0x0080006f) j       pc + 0x8
core   0: 3 0x0000000080004000 (0x0080006f)
core   0: >>>>  mmode_exception_handler
core   0: 0x0000000080004008 (0x00002c17) auipc   s8, 0x2
core   0: 3 0x0000000080004008 (0x00002c17) x24 0x0000000080006008
core   0: 0x000000008000400c (0x09cc0c13) addi    s8, s8, 156
core   0: 3 0x000000008000400c (0x09cc0c13) x24 0x00000000800060a4
core   0: 0x0000000080004010 (0x000c00e7) jalr    s8
core   0: 3 0x0000000080004010 (0x000c00e7) x1  0x0000000080004014
core   0: >>>>  any_handler
core   0: 0x00000000800060a4 (0x341027f3) csrrs   a5, mepc, zero
core   0: 3 0x00000000800060a4 (0x341027f3) x15 0x000000008000563a
core   0: 0x00000000800060a8 (0x34202773) csrrs   a4, mcause, zero
core   0: 3 0x00000000800060a8 (0x34202773) x14 0x0000000000000002
core   0: 0x00000000800060ac (0x142026f3) csrrs   a3, scause, zero
core   0: 3 0x00000000800060ac (0x142026f3) x13 0x0000000000000000
core   0: 0x00000000800060b0 (0x30402673) csrrs   a2, mie, zero
core   0: 3 0x00000000800060b0 (0x30402673) x12 0x0000000000000a00
core   0: 0x00000000800060b4 (0x344025f3) csrrs   a1, mip, zero
core   0: 3 0x00000000800060b4 (0x344025f3) x11 0x0000000000000080
core   0: 0x00000000800060b8 (0x343025f3) csrrs   a1, mtval, zero
core   0: 3 0x00000000800060b8 (0x343025f3) x11 0x00000000f15955f3
core   0: 0x00000000800060bc (0x14302573) csrrs   a0, stval, zero
core   0: 3 0x00000000800060bc (0x14302573) x10 0x0000000000000015
core   0: 0x00000000800060c0 (0xb02024f3) csrrs   s1, minstret, zero
core   0: 3 0x00000000800060c0 (0xb02024f3) x9  0x0000000000000f36
core   0: 0x00000000800060c4 (0x0000a811) c.j     pc + 20
core   0: 3 0x00000000800060c4 (0xa811)
core   0: >>>>  mepc_4
core   0: 0x00000000800060d8 (0x00000791) c.addi  a5, 4
core   0: 3 0x00000000800060d8 (0x0791) x15 0x000000008000563e
core   0: 0x00000000800060da (0x34179073) csrrw   zero, mepc, a5
core   0: 3 0x00000000800060da (0x34179073) c833_mepc 0x000000008000563e
core   0: 0x00000000800060de (0x30200073) mret
core   0: 3 0x00000000800060de (0x30200073) c768_mstatus 0x8000000a00106080
core   0: 0x000000008000563e (0x00b2d833) srl     a6, t0, a1
core   0: 1 0x000000008000563e (0x00b2d833) x16 0x0000000000000000
core   0: 0x0000000080005642 (0x0007c713) xori    a4, a5, 0
core   0: 1 0x0000000080005642 (0x0007c713) x14 0x000000008000563e
core   0: 0x0000000080005646 (0xd2070b53) fcvt.d.w fs6, a4
core   0: 1 0x0000000080005646 (0xd2070b53) f22 0xc1dfffea70800000
core   0: 0x000000008000564a (0xa2930453) fle.d   s0, ft6, fs1
core   0: 1 0x000000008000564a (0xa2930453) c1_fflags 0x0000000000000011 x8  0x0000000000000000
core   0: 0x000000008000564e (0xd02877d3) fcvt.s.l fa5, a6
core   0: 1 0x000000008000564e (0xd02877d3) f15 0xffffffff00000000
core   0: 0x0000000080005652 (0xd2070bd3) fcvt.d.w fs7, a4
core   0: 1 0x0000000080005652 (0xd2070bd3) f23 0xc1dfffea70800000
core   0: 0x0000000080005656 (0xd21d86d3) fcvt.d.wu fa3, s11
core   0: 1 0x0000000080005656 (0xd21d86d3) f13 0x0000000000000000
core   0: 0x000000008000565a (0x008180b3) add     ra, gp, s0
core   0: 1 0x000000008000565a (0x008180b3) x1  0x00000000000001a0
core   0: 0x000000008000565e (0x034b5893) srli    a7, s6, 52
core   0: 1 0x000000008000565e (0x034b5893) x17 0x0000000000000fff
core   0: 0x0000000080005662 (0x224a8cd3) fsgnj.d fs9, fs5, ft4
core   0: 1 0x0000000080005662 (0x224a8cd3) f25 0x7fffffff00000000
core   0: 0x0000000080005666 (0x001899f3) csrrw   s3, fflags, a7
core   0: 1 0x0000000080005666 (0x001899f3) x19 0x0000000000000011 c1_fflags 0x000000000000001f
core   0: 0x000000008000566a (0xc03af353) fcvt.lu.s t1, fs5
core   0: 1 0x000000008000566a (0xc03af353) x6  0x0000000000000000
core   0: 0x000000008000566e (0x01dd0c33) add     s8, s10, t4
core   0: 1 0x000000008000566e (0x01dd0c33) x24 0x43f0000000013e6d
core   0: 0x0000000080005672 (0x401cf053) fcvt.s.d ft0, fs9
core   0: 1 0x0000000080005672 (0x401cf053) f0  0xffffffff7fc00000
core   0: 0x0000000080005676 (0x00202e73) csrrs   t3, frm, zero
core   0: 1 0x0000000080005676 (0x00202e73) x28 0x0000000000000001
core   0: 0x000000008000567a (0x0129d93b) srlw    s2, s3, s2
core   0: 1 0x000000008000567a (0x0129d93b) x18 0x0000000000000011
core   0: 0x000000008000567e (0xaaf2cc13) xori    s8, t0, -1361
core   0: 1 0x000000008000567e (0xaaf2cc13) x24 0xfffffffffffffaae
core   0: 0x0000000080005682 (0xc23bf353) fcvt.lu.d t1, fs7
core   0: 1 0x0000000080005682 (0xc23bf353) c1_fflags 0x000000000000001f x6  0x0000000000000000
core   0: 0x0000000080005686 (0x9a09f9cb) fnmsub.d fs3, fs3, ft0, fs3
core   0: 1 0x0000000080005686 (0x9a09f9cb) f19 0x7ff8000000000000
core   0: 0x000000008000568a (0x025872b3) remu    t0, a6, t0
core   0: 1 0x000000008000568a (0x025872b3) x5  0x0000000000000000
core   0: 0x000000008000568e (0x0011b193) seqz    gp, gp
core   0: 1 0x000000008000568e (0x0011b193) x3  0x0000000000000000
core   0: 0x0000000080005692 (0x001e9c73) csrrw   s8, fflags, t4
core   0: 1 0x0000000080005692 (0x001e9c73) x24 0x000000000000001f c1_fflags 0x0000000000000013
core   0: 0x0000000080005696 (0x02c305bb) mulw    a1, t1, a2
core   0: 1 0x0000000080005696 (0x02c305bb) x11 0x0000000000000000
core   0: 0x000000008000569a (0x03f71213) slli    tp, a4, 63
core   0: 1 0x000000008000569a (0x03f71213) x4  0x0000000000000000
core   0: 0x000000008000569e (0x00000001) c.nop
core   0: 1 0x000000008000569e (0x0001)
core   0: 0x00000000800056a0 (0xc209f0d3) fcvt.w.d ra, fs3
core   0: 1 0x00000000800056a0 (0xc209f0d3) c1_fflags 0x0000000000000013 x1  0x000000007fffffff
core   0: 0x00000000800056a4 (0x7fc1e093) ori     ra, gp, 2044
core   0: 1 0x00000000800056a4 (0x7fc1e093) x1  0x00000000000007fc
core   0: 0x00000000800056a8 (0x00b20433) add     s0, tp, a1
core   0: 1 0x00000000800056a8 (0x00b20433) x8  0x0000000000000000
core   0: 0x00000000800056ac (0x5b98734f) fnmadd.d ft6, fa6, fs9, fa1
core   0: 1 0x00000000800056ac (0x5b98734f) f6  0x7ff8000000000000
core   0: 0x00000000800056b0 (0xcb337c43) fmadd.d fs8, ft6, fs3, fs9
core   0: 1 0x00000000800056b0 (0xcb337c43) f24 0x7ff8000000000000
core   0: 0x00000000800056b4 (0x002682b7) lui     t0, 0x268
core   0: 1 0x00000000800056b4 (0x002682b7) x5  0x0000000000268000
core   0: 0x00000000800056b8 (0x5f92829b) addiw   t0, t0, 1529
core   0: 1 0x00000000800056b8 (0x5f92829b) x5  0x00000000002685f9
core   0: 0x00000000800056bc (0x000002b6) c.slli  t0, 13
core   0: 1 0x00000000800056bc (0x02b6) x5  0x00000004d0bf2000
core   0: 0x00000000800056be (0x36c28293) addi    t0, t0, 876
core   0: 1 0x00000000800056be (0x36c28293) x5  0x00000004d0bf236c
core   0: 0x00000000800056c2 (0x01ce5b3b) srlw    s6, t3, t3
core   0: 1 0x00000000800056c2 (0x01ce5b3b) x22 0x0000000000000000
core   0: 0x00000000800056c6 (0xd20601d3) fcvt.d.w ft3, a2
core   0: 1 0x00000000800056c6 (0xd20601d3) f3  0x40a4000000000000
core   0: 0x00000000800056ca (0x23829bd3) fsgnjn.d fs7, ft5, fs8
core   0: 1 0x00000000800056ca (0x23829bd3) f23 0xffffffff4e7b4d4c
core   0: 0x00000000800056ce (0x125a76d3) fmul.d  fa3, fs4, ft5
core   0: 1 0x00000000800056ce (0x125a76d3) f13 0x7ff8000000000000
core   0: 0x00000000800056d2 (0x016d893b) addw    s2, s11, s6
core   0: 1 0x00000000800056d2 (0x016d893b) x18 0x0000000000000000
core   0: 0x00000000800056d6 (0x01cb10b3) sll     ra, s6, t3
core   0: 1 0x00000000800056d6 (0x01cb10b3) x1  0x0000000000000000
core   0: 0x00000000800056da (0x034a2033) mulhsu  zero, s4, s4
core   0: 1 0x00000000800056da (0x034a2033)
core   0: 0x00000000800056de (0x002092f3) csrrw   t0, frm, ra
core   0: 1 0x00000000800056de (0x002092f3) x5  0x0000000000000001 c2_frm 0x0000000000000000
core   0: 0x00000000800056e2 (0x40185d13) srai    s10, a6, 1
core   0: 1 0x00000000800056e2 (0x40185d13) x26 0x0000000000000000
core   0: 0x00000000800056e6 (0xc026fa53) fcvt.l.s s4, fa3
core   0: 1 0x00000000800056e6 (0xc026fa53) c1_fflags 0x0000000000000013 x20 0x7fffffffffffffff
core   0: 0x00000000800056ea (0x014a6633) or      a2, s4, s4
core   0: 1 0x00000000800056ea (0x014a6633) x12 0x7fffffffffffffff
core   0: 0x00000000800056ee (0x036303bb) mulw    t2, t1, s6
core   0: 1 0x00000000800056ee (0x036303bb) x7  0x0000000000000000
core   0: 0x00000000800056f2 (0x01e8539b) srliw   t2, a6, 30
core   0: 1 0x00000000800056f2 (0x01e8539b) x7  0x0000000000000000
core   0: 0x00000000800056f6 (0x00008ddd) c.or    a1, a5
core   0: 1 0x00000000800056f6 (0x8ddd) x11 0x000000008000563e
core   0: 0x00000000800056f8 (0x0215db93) srli    s7, a1, 33
core   0: 1 0x00000000800056f8 (0x0215db93) x23 0x0000000000000000
core   0: 0x00000000800056fc (0x02a84833) div     a6, a6, a0
core   0: 1 0x00000000800056fc (0x02a84833) x16 0x0000000000000000
core   0: 0x0000000080005700 (0xd2150153) fcvt.d.wu ft2, a0
core   0: 1 0x0000000080005700 (0xd2150153) f2  0x4035000000000000
core   0: 0x0000000080005704 (0x5a067353) fsqrt.d ft6, fa2
core   0: 1 0x0000000080005704 (0x5a067353) f6  0x7ff8000000000000
core   0: 0x0000000080005708 (0x22330253) fsgnj.d ft4, ft6, ft3
core   0: 1 0x0000000080005708 (0x22330253) f4  0x7ff8000000000000
core   0: 0x000000008000570c (0xf9f99bb7) lui     s7, 0xf9f99
core   0: 1 0x000000008000570c (0xf9f99bb7) x23 0xfffffffff9f99000
core   0: 0x0000000080005710 (0xcbbb8b9b) addiw   s7, s7, -837
core   0: 1 0x0000000080005710 (0xcbbb8b9b) x23 0xfffffffff9f98cbb
core   0: 0x0000000080005714 (0x00000bb2) c.slli  s7, 12
core   0: 1 0x0000000080005714 (0x0bb2) x23 0xffffff9f98cbb000
core   0: 0x0000000080005716 (0xf72b8b93) addi    s7, s7, -142
core   0: 1 0x0000000080005716 (0xf72b8b93) x23 0xffffff9f98cbaf72
core   0: 0x000000008000571a (0xd2287d53) fcvt.d.l fs10, a6
core   0: 1 0x000000008000571a (0xd2287d53) f26 0x0000000000000000
core   0: 0x000000008000571e (0x1b6c7c53) fdiv.d  fs8, fs8, fs6
core   0: 1 0x000000008000571e (0x1b6c7c53) f24 0x7ff8000000000000
core   0: 0x0000000080005722 (0x02fce1b3) rem     gp, s9, a5
core   0: 1 0x0000000080005722 (0x02fce1b3) x3  0xffffffffffffdf70
core   0: 0x0000000080005726 (0xc22d73d3) fcvt.l.d t2, fs10
core   0: 1 0x0000000080005726 (0xc22d73d3) x7  0x0000000000000000
core   0: 0x000000008000572a (0x00000001) c.nop
core   0: 1 0x000000008000572a (0x0001)
core   0: 0x000000008000572c (0x02dad713) srli    a4, s5, 45
core   0: 1 0x000000008000572c (0x02dad713) x14 0x0000000000000000
core   0: 0x0000000080005730 (0x00d253bb) srlw    t2, tp, a3
core   0: 1 0x0000000080005730 (0x00d253bb) x7  0x0000000000000000
core   0: 0x0000000080005734 (0x00000001) c.nop
core   0: 1 0x0000000080005734 (0x0001)
core   0: 0x0000000080005736 (0x00000001) c.nop
core   0: 1 0x0000000080005736 (0x0001)
core   0: 0x0000000080005738 (0x5a067653) fsqrt.d fa2, fa2
core   0: 1 0x0000000080005738 (0x5a067653) f12 0x7ff8000000000000
core   0: 0x000000008000573c (0xe2048153) fmv.x.d sp, fs1
core   0: 1 0x000000008000573c (0xe2048153) x2  0x43cfffdac90ad1e3
core   0: 0x0000000080005740 (0xc224fcd3) fcvt.l.d s9, fs1
core   0: 1 0x0000000080005740 (0xc224fcd3) x25 0x3fffb59215a3c600
core   0: 0x0000000080005744 (0xe20d05d3) fmv.x.d a1, fs10
core   0: 1 0x0000000080005744 (0xe20d05d3) x11 0x0000000000000000
core   0: 0x0000000080005748 (0x02109bb3) mulh    s7, ra, ra
core   0: 1 0x0000000080005748 (0x02109bb3) x23 0x0000000000000000
core   0: 0x000000008000574c (0x001025f3) csrrs   a1, fflags, zero
core   0: 1 0x000000008000574c (0x001025f3) x11 0x0000000000000013
core   0: 0x0000000080005750 (0xfbda74c7) fmsub.d fs1, fs4, ft9, ft11
core   0: 1 0x0000000080005750 (0xfbda74c7) f9  0x7ff8000000000000
core   0: 0x0000000080005754 (0x00bb83b3) add     t2, s7, a1
core   0: 1 0x0000000080005754 (0x00bb83b3) x7  0x0000000000000013
core   0: 0x0000000080005758 (0x00b5edb3) or      s11, a1, a1
core   0: 1 0x0000000080005758 (0x00b5edb3) x27 0x0000000000000013
core   0: 0x000000008000575c (0xc034f653) fcvt.lu.s a2, fs1
core   0: 1 0x000000008000575c (0xc034f653) c1_fflags 0x0000000000000013 x12 0xffffffffffffffff
core   0: 0x0000000080005760 (0x40c60eb3) sub     t4, a2, a2
core   0: 1 0x0000000080005760 (0x40c60eb3) x29 0x0000000000000000
core   0: 0x0000000080005764 (0x03715c33) divu    s8, sp, s7
core   0: 1 0x0000000080005764 (0x03715c33) x24 0xffffffffffffffff
core   0: 0x0000000080005768 (0x029965b3) rem     a1, s2, s1
core   0: 1 0x0000000080005768 (0x029965b3) x11 0x0000000000000000
core   0: 0x000000008000576c (0x029b84b3) mul     s1, s7, s1
core   0: 1 0x000000008000576c (0x029b84b3) x9  0x0000000000000000
core   0: 0x0000000080005770 (0x417bddbb) sraw    s11, s7, s7
core   0: 1 0x0000000080005770 (0x417bddbb) x27 0x0000000000000000
core   0: 0x0000000080005774 (0x02090733) mul     a4, s2, zero
core   0: 1 0x0000000080005774 (0x02090733) x14 0x0000000000000000
core   0: 0x0000000080005778 (0x0129153b) sllw    a0, s2, s2
core   0: 1 0x0000000080005778 (0x0129153b) x10 0x0000000000000000
core   0: 0x000000008000577c (0x75297193) andi    gp, s2, 1874
core   0: 1 0x000000008000577c (0x75297193) x3  0x0000000000000000
core   0: 0x0000000080005780 (0xe20d8a53) fmv.x.d s4, fs11
core   0: 1 0x0000000080005780 (0xe20d8a53) x20 0x4008000000000000
core   0: 0x0000000080005784 (0x011344b3) xor     s1, t1, a7
core   0: 1 0x0000000080005784 (0x011344b3) x9  0x0000000000000fff
core   0: 0x0000000080005788 (0x07d74c37) lui     s8, 0x7d74
core   0: 1 0x0000000080005788 (0x07d74c37) x24 0x0000000007d74000
core   0: 0x000000008000578c (0x593c0c1b) addiw   s8, s8, 1427
core   0: 1 0x000000008000578c (0x593c0c1b) x24 0x0000000007d74593
core   0: 0x0000000080005790 (0x00000c32) c.slli  s8, 12
core   0: 1 0x0000000080005790 (0x0c32) x24 0x0000007d74593000
core   0: 0x0000000080005792 (0xfd5c0c13) addi    s8, s8, -43
core   0: 1 0x0000000080005792 (0xfd5c0c13) x24 0x0000007d74592fd5
core   0: 0x0000000080005796 (0x00e71e3b) sllw    t3, a4, a4
core   0: 1 0x0000000080005796 (0x00e71e3b) x28 0x0000000000000000
core   0: 0x000000008000579a (0x001ae493) ori     s1, s5, 1
core   0: 1 0x000000008000579a (0x001ae493) x9  0x0000000000000001
core   0: 0x000000008000579e (0xf2018953) fmv.d.x fs2, gp
core   0: 1 0x000000008000579e (0xf2018953) f18 0x0000000000000000
core   0: 0x00000000800057a2 (0x68ea0cb7) lui     s9, 0x68ea0
core   0: 1 0x00000000800057a2 (0x68ea0cb7) x25 0x0000000068ea0000
core   0: 0x00000000800057a6 (0x3a8975cb) fnmsub.d fa1, fs2, fs0, ft7
core   0: 1 0x00000000800057a6 (0x3a8975cb) f11 0x7ff8000000000000
core   0: 0x00000000800057aa (0x013a549b) srliw   s1, s4, 19
core   0: 1 0x00000000800057aa (0x013a549b) x9  0x0000000000000000
core   0: 0x00000000800057ae (0x00239473) csrrw   s0, frm, t2
core   0: 1 0x00000000800057ae (0x00239473) x8  0x0000000000000000 c2_frm 0x0000000000000003
core   0: 0x00000000800057b2 (0x010415bb) sllw    a1, s0, a6
core   0: 1 0x00000000800057b2 (0x010415bb) x11 0x0000000000000000
core   0: 0x00000000800057b6 (0x228119d3) fsgnjn.d fs3, ft2, fs0
core   0: 1 0x00000000800057b6 (0x228119d3) f19 0xc035000000000000
core   0: 0x00000000800057ba (0xd20402d3) fcvt.d.w ft5, s0
core   0: 1 0x00000000800057ba (0xd20402d3) f5  0x0000000000000000
core   0: 0x00000000800057be (0x239191d3) fsgnjn.d ft3, ft3, fs9
core   0: 1 0x00000000800057be (0x239191d3) f3  0xc0a4000000000000
core   0: 0x00000000800057c2 (0x23dbaed3) fsgnjx.d ft9, fs7, ft9
core   0: 1 0x00000000800057c2 (0x23dbaed3) f29 0xffffffff4e7b4d4c
core   0: 0x00000000800057c6 (0x007c573b) srlw    a4, s8, t2
core   0: 1 0x00000000800057c6 (0x007c573b) x14 0x0000000000000e8b
core   0: 0x00000000800057ca (0x0bd6f3d3) fsub.d  ft7, fa3, ft9
core   0: 1 0x00000000800057ca (0x0bd6f3d3) f7  0x7ff8000000000000
core   0: 0x00000000800057ce (0x0388583b) divuw   a6, a6, s8
core   0: 1 0x00000000800057ce (0x0388583b) x16 0x0000000000000000
core   0: 0x00000000800057d2 (0x342b36f3) csrrc   a3, mcause, s6
core   0: exception trap_illegal_instruction, epc 0x00000000800057d2
core   0:           tval 0x00000000342b36f3
core   0: >>>>  $xrv64i2p1_m2p0_a2p1_f2p2_d2p2_zicsr2p0_zifencei2p0_zmmul1p0_zba1p0_zbb1p0_zbc1p0_zbs1p0
core   0: 0x0000000080004000 (0x0080006f) j       pc + 0x8
core   0: 3 0x0000000080004000 (0x0080006f)
core   0: >>>>  mmode_exception_handler
core   0: 0x0000000080004008 (0x00002c17) auipc   s8, 0x2
core   0: 3 0x0000000080004008 (0x00002c17) x24 0x0000000080006008
core   0: 0x000000008000400c (0x09cc0c13) addi    s8, s8, 156
core   0: 3 0x000000008000400c (0x09cc0c13) x24 0x00000000800060a4
core   0: 0x0000000080004010 (0x000c00e7) jalr    s8
core   0: 3 0x0000000080004010 (0x000c00e7) x1  0x0000000080004014
core   0: >>>>  any_handler
core   0: 0x00000000800060a4 (0x341027f3) csrrs   a5, mepc, zero
core   0: 3 0x00000000800060a4 (0x341027f3) x15 0x00000000800057d2
core   0: 0x00000000800060a8 (0x34202773) csrrs   a4, mcause, zero
core   0: 3 0x00000000800060a8 (0x34202773) x14 0x0000000000000002
core   0: 0x00000000800060ac (0x142026f3) csrrs   a3, scause, zero
core   0: 3 0x00000000800060ac (0x142026f3) x13 0x0000000000000000
core   0: 0x00000000800060b0 (0x30402673) csrrs   a2, mie, zero
core   0: 3 0x00000000800060b0 (0x30402673) x12 0x0000000000000a00
core   0: 0x00000000800060b4 (0x344025f3) csrrs   a1, mip, zero
core   0: 3 0x00000000800060b4 (0x344025f3) x11 0x0000000000000080
core   0: 0x00000000800060b8 (0x343025f3) csrrs   a1, mtval, zero
core   0: 3 0x00000000800060b8 (0x343025f3) x11 0x00000000342b36f3
core   0: 0x00000000800060bc (0x14302573) csrrs   a0, stval, zero
core   0: 3 0x00000000800060bc (0x14302573) x10 0x0000000000000015
core   0: 0x00000000800060c0 (0xb02024f3) csrrs   s1, minstret, zero
core   0: 3 0x00000000800060c0 (0xb02024f3) x9  0x0000000000000faf
core   0: 0x00000000800060c4 (0x0000a811) c.j     pc + 20
core   0: 3 0x00000000800060c4 (0xa811)
core   0: >>>>  mepc_4
core   0: 0x00000000800060d8 (0x00000791) c.addi  a5, 4
core   0: 3 0x00000000800060d8 (0x0791) x15 0x00000000800057d6
core   0: 0x00000000800060da (0x34179073) csrrw   zero, mepc, a5
core   0: 3 0x00000000800060da (0x34179073) c833_mepc 0x00000000800057d6
core   0: 0x00000000800060de (0x30200073) mret
core   0: 3 0x00000000800060de (0x30200073) c768_mstatus 0x8000000a00106080
core   0: 0x00000000800057d6 (0x40fe513b) sraw    sp, t3, a5
core   0: 1 0x00000000800057d6 (0x40fe513b) x2  0x0000000000000000
core   0: 0x00000000800057da (0x4ae64793) xori    a5, a2, 1198
core   0: 1 0x00000000800057da (0x4ae64793) x15 0x0000000000000eae
core   0: 0x00000000800057de (0x2a7a9fd3) fmax.d  ft11, fs5, ft7
core   0: 1 0x00000000800057de (0x2a7a9fd3) f31 0x7ff8000000000000
core   0: 0x00000000800057e2 (0x00f65833) srl     a6, a2, a5
core   0: 1 0x00000000800057e2 (0x00f65833) x16 0x0000000000000000
core   0: 0x00000000800057e6 (0x00000001) c.nop
core   0: 1 0x00000000800057e6 (0x0001)
core   0: 0x00000000800057e8 (0x5a03f8d3) fsqrt.d fa7, ft7
core   0: 1 0x00000000800057e8 (0x5a03f8d3) f17 0x7ff8000000000000
core   0: 0x00000000800057ec (0x002a79b3) and     s3, s4, sp
core   0: 1 0x00000000800057ec (0x002a79b3) x19 0x0000000000000000
core   0: 0x00000000800057f0 (0x02212433) mulhsu  s0, sp, sp
core   0: 1 0x00000000800057f0 (0x02212433) x8  0x0000000000000000
core   0: 0x00000000800057f4 (0x8009f293) andi    t0, s3, -2048
core   0: 1 0x00000000800057f4 (0x8009f293) x5  0x0000000000000000
core   0: 0x00000000800057f8 (0xe2080c53) fmv.x.d s8, fa6
core   0: 1 0x00000000800057f8 (0xe2080c53) x24 0x7ff8000000000000
core   0: 0x00000000800057fc (0x005d1e3b) sllw    t3, s10, t0
core   0: 1 0x00000000800057fc (0x005d1e3b) x28 0x0000000000000000
core   0: 0x0000000080005800 (0x0167dc33) srl     s8, a5, s6
core   0: 1 0x0000000080005800 (0x0167dc33) x24 0x0000000000000eae
core   0: 0x0000000080005804 (0x0002d013) srli    zero, t0, 0
core   0: 1 0x0000000080005804 (0x0002d013)
core   0: 0x0000000080005808 (0x00129c9b) slliw   s9, t0, 1
core   0: 1 0x0000000080005808 (0x00129c9b) x25 0x0000000000000000
core   0: 0x000000008000580c (0x417cd53b) sraw    a0, s9, s7
core   0: 1 0x000000008000580c (0x417cd53b) x10 0x0000000000000000
core   0: 0x0000000080005810 (0xffe827b7) lui     a5, 0xffe82
core   0: 1 0x0000000080005810 (0xffe827b7) x15 0xffffffffffe82000
core   0: 0x0000000080005814 (0x9277879b) addiw   a5, a5, -1753
core   0: 1 0x0000000080005814 (0x9277879b) x15 0xffffffffffe81927
core   0: 0x0000000080005818 (0x000007b6) c.slli  a5, 13
core   0: 1 0x0000000080005818 (0x07b6) x15 0xfffffffd0324e000
core   0: 0x000000008000581a (0x35f78793) addi    a5, a5, 863
core   0: 1 0x000000008000581a (0x35f78793) x15 0xfffffffd0324e35f
core   0: 0x000000008000581e (0x0009519b) srliw   gp, s2, 0
core   0: 1 0x000000008000581e (0x0009519b) x3  0x0000000000000000
core   0: 0x0000000080005822 (0x0035583b) srlw    a6, a0, gp
core   0: 1 0x0000000080005822 (0x0035583b) x16 0x0000000000000000
core   0: 0x0000000080005826 (0xc22af753) fcvt.l.d a4, fs5
core   0: 1 0x0000000080005826 (0xc22af753) c1_fflags 0x0000000000000013 x14 0x7fffffffffffffff
core   0: 0x000000008000582a (0x00000001) c.nop
core   0: 1 0x000000008000582a (0x0001)
core   0: 0x000000008000582c (0x01d25bbb) srlw    s7, tp, t4
core   0: 1 0x000000008000582c (0x01d25bbb) x23 0x0000000000000000
core   0: 0x0000000080005830 (0x010c02bb) addw    t0, s8, a6
core   0: 1 0x0000000080005830 (0x010c02bb) x5  0x0000000000000eae
core   0: 0x0000000080005834 (0x0122873b) addw    a4, t0, s2
core   0: 1 0x0000000080005834 (0x0122873b) x14 0x0000000000000eae
core   0: 0x0000000080005838 (0xc223fdd3) fcvt.l.d s11, ft7
core   0: 1 0x0000000080005838 (0xc223fdd3) c1_fflags 0x0000000000000013 x27 0x7fffffffffffffff
core   0: 0x000000008000583c (0xd2028053) fcvt.d.w ft0, t0
core   0: 1 0x000000008000583c (0xd2028053) f0  0x40ad5c0000000000
core   0: 0x0000000080005840 (0x02cbfd53) fadd.d  fs10, fs7, fa2
core   0: 1 0x0000000080005840 (0x02cbfd53) f26 0x7ff8000000000000
core   0: 0x0000000080005844 (0x13a07353) fmul.d  ft6, ft0, fs10
core   0: 1 0x0000000080005844 (0x13a07353) f6  0x7ff8000000000000
core   0: 0x0000000080005848 (0x039c9233) mulh    tp, s9, s9
core   0: 1 0x0000000080005848 (0x039c9233) x4  0x0000000000000000
core   0: 0x000000008000584c (0x015dcab3) xor     s5, s11, s5
core   0: 1 0x000000008000584c (0x015dcab3) x21 0x7fffffffffffffff
core   0: 0x0000000080005850 (0x0153deb3) srl     t4, t2, s5
core   0: 1 0x0000000080005850 (0x0153deb3) x29 0x0000000000000000
core   0: 0x0000000080005854 (0x006ede33) srl     t3, t4, t1
core   0: 1 0x0000000080005854 (0x006ede33) x28 0x0000000000000000
core   0: 0x0000000080005858 (0x1ab775d3) fdiv.d  fa1, fa4, fa1
core   0: 1 0x0000000080005858 (0x1ab775d3) f11 0x7ff8000000000000
core   0: 0x000000008000585c (0x00b8dab3) srl     s5, a7, a1
core   0: 1 0x000000008000585c (0x00b8dab3) x21 0x0000000000000000
core   0: 0x0000000080005860 (0x23b30dd3) fsgnj.d fs11, ft6, fs11
core   0: 1 0x0000000080005860 (0x23b30dd3) f27 0x7ff8000000000000
core   0: 0x0000000080005864 (0x5a2dfecf) fnmadd.d ft9, fs11, ft2, fa1
core   0: 1 0x0000000080005864 (0x5a2dfecf) f29 0x7ff8000000000000
core   0: 0x0000000080005868 (0x001b929b) slliw   t0, s7, 1
core   0: 1 0x0000000080005868 (0x001b929b) x5  0x0000000000000000
core   0: 0x000000008000586c (0x039a0a3b) mulw    s4, s4, s9
core   0: 1 0x000000008000586c (0x039a0a3b) x20 0x0000000000000000
core   0: 0x0000000080005870 (0xf782889b) addiw   a7, t0, -136
core   0: 1 0x0000000080005870 (0xf782889b) x17 0xffffffffffffff78
core   0: 0x0000000080005874 (0x00102bf3) csrrs   s7, fflags, zero
core   0: 1 0x0000000080005874 (0x00102bf3) x23 0x0000000000000013
core   0: 0x0000000080005878 (0xbbc667b7) lui     a5, 0xbbc66
core   0: 1 0x0000000080005878 (0xbbc667b7) x15 0xffffffffbbc66000
core   0: 0x000000008000587c (0xd21d0c53) fcvt.d.wu fs8, s10
core   0: 1 0x000000008000587c (0xd21d0c53) f24 0x0000000000000000
core   0: 0x0000000080005880 (0x015e8833) add     a6, t4, s5
core   0: 1 0x0000000080005880 (0x015e8833) x16 0x0000000000000000
core   0: 0x0000000080005884 (0x3449a373) csrrs   t1, mip, s3
core   0: exception trap_illegal_instruction, epc 0x0000000080005884
core   0:           tval 0x000000003449a373
core   0: >>>>  $xrv64i2p1_m2p0_a2p1_f2p2_d2p2_zicsr2p0_zifencei2p0_zmmul1p0_zba1p0_zbb1p0_zbc1p0_zbs1p0
core   0: 0x0000000080004000 (0x0080006f) j       pc + 0x8
core   0: 3 0x0000000080004000 (0x0080006f)
core   0: >>>>  mmode_exception_handler
core   0: 0x0000000080004008 (0x00002c17) auipc   s8, 0x2
core   0: 3 0x0000000080004008 (0x00002c17) x24 0x0000000080006008
core   0: 0x000000008000400c (0x09cc0c13) addi    s8, s8, 156
core   0: 3 0x000000008000400c (0x09cc0c13) x24 0x00000000800060a4
core   0: 0x0000000080004010 (0x000c00e7) jalr    s8
core   0: 3 0x0000000080004010 (0x000c00e7) x1  0x0000000080004014
core   0: >>>>  any_handler
core   0: 0x00000000800060a4 (0x341027f3) csrrs   a5, mepc, zero
core   0: 3 0x00000000800060a4 (0x341027f3) x15 0x0000000080005884
core   0: 0x00000000800060a8 (0x34202773) csrrs   a4, mcause, zero
core   0: 3 0x00000000800060a8 (0x34202773) x14 0x0000000000000002
core   0: 0x00000000800060ac (0x142026f3) csrrs   a3, scause, zero
core   0: 3 0x00000000800060ac (0x142026f3) x13 0x0000000000000000
core   0: 0x00000000800060b0 (0x30402673) csrrs   a2, mie, zero
core   0: 3 0x00000000800060b0 (0x30402673) x12 0x0000000000000a00
core   0: 0x00000000800060b4 (0x344025f3) csrrs   a1, mip, zero
core   0: 3 0x00000000800060b4 (0x344025f3) x11 0x0000000000000080
core   0: 0x00000000800060b8 (0x343025f3) csrrs   a1, mtval, zero
core   0: 3 0x00000000800060b8 (0x343025f3) x11 0x000000003449a373
core   0: 0x00000000800060bc (0x14302573) csrrs   a0, stval, zero
core   0: 3 0x00000000800060bc (0x14302573) x10 0x0000000000000015
core   0: 0x00000000800060c0 (0xb02024f3) csrrs   s1, minstret, zero
core   0: 3 0x00000000800060c0 (0xb02024f3) x9  0x0000000000000fec
core   0: 0x00000000800060c4 (0x0000a811) c.j     pc + 20
core   0: 3 0x00000000800060c4 (0xa811)
core   0: >>>>  mepc_4
core   0: 0x00000000800060d8 (0x00000791) c.addi  a5, 4
core   0: 3 0x00000000800060d8 (0x0791) x15 0x0000000080005888
core   0: 0x00000000800060da (0x34179073) csrrw   zero, mepc, a5
core   0: 3 0x00000000800060da (0x34179073) c833_mepc 0x0000000080005888
core   0: 0x00000000800060de (0x30200073) mret
core   0: 3 0x00000000800060de (0x30200073) c768_mstatus 0x8000000a00106080
core   0: 0x0000000080005888 (0x22272753) fsgnjx.d fa4, fa4, ft2
core   0: 1 0x0000000080005888 (0x22272753) f14 0x414f69a900000000
core   0: 0x000000008000588c (0xc2067ed3) fcvt.w.d t4, fa2
core   0: 1 0x000000008000588c (0xc2067ed3) c1_fflags 0x0000000000000013 x29 0x000000007fffffff
core   0: 0x0000000080005890 (0xd2080553) fcvt.d.w fa0, a6
core   0: 1 0x0000000080005890 (0xd2080553) f10 0x0000000000000000
core   0: 0x0000000080005894 (0xaaaafac7) fmsub.d fs5, fs5, fa0, fs5
core   0: 1 0x0000000080005894 (0xaaaafac7) f21 0x7ff8000000000000
core   0: 0x0000000080005898 (0x010b0b3b) addw    s6, s6, a6
core   0: 1 0x0000000080005898 (0x010b0b3b) x22 0x0000000000000000
core   0: 0x000000008000589c (0x22108fd3) fsgnj.d ft11, ft1, ft1
core   0: 1 0x000000008000589c (0x22108fd3) f31 0xffffffff59403fe7
core   0: 0x00000000800058a0 (0x142219f3) csrrw   s3, scause, tp
core   0: 1 0x00000000800058a0 (0x142219f3) x19 0x0000000000000000 c322_scause 0x0000000000000000
core   0: 0x00000000800058a4 (0x0579e4b7) lui     s1, 0x579e
core   0: 1 0x00000000800058a4 (0x0579e4b7) x9  0x000000000579e000
core   0: 0x00000000800058a8 (0x4114849b) addiw   s1, s1, 1041
core   0: 1 0x00000000800058a8 (0x4114849b) x9  0x000000000579e411
core   0: 0x00000000800058ac (0x000004b2) c.slli  s1, 12
core   0: 1 0x00000000800058ac (0x04b2) x9  0x000000579e411000
core   0: 0x00000000800058ae (0x89648493) addi    s1, s1, -1898
core   0: 1 0x00000000800058ae (0x89648493) x9  0x000000579e410896
core   0: 0x00000000800058b2 (0x005490bb) sllw    ra, s1, t0
core   0: 1 0x00000000800058b2 (0x005490bb) x1  0xffffffff9e410896
core   0: 0x00000000800058b6 (0x000cf613) andi    a2, s9, 0
core   0: 1 0x00000000800058b6 (0x000cf613) x12 0x0000000000000000
core   0: 0x00000000800058ba (0x408edebb) sraw    t4, t4, s0
core   0: 1 0x00000000800058ba (0x408edebb) x29 0x000000007fffffff
core   0: 0x00000000800058be (0x01b41b1b) slliw   s6, s0, 27
core   0: 1 0x00000000800058be (0x01b41b1b) x22 0x0000000000000000
core   0: 0x00000000800058c2 (0x418b579b) sraiw   a5, s6, 24
core   0: 1 0x00000000800058c2 (0x418b579b) x15 0x0000000000000000
core   0: 0x00000000800058c6 (0x420785d3) fcvt.d.s fa1, fa5
core   0: 1 0x00000000800058c6 (0x420785d3) f11 0x0000000000000000
core   0: 0x00000000800058ca (0xd58282b7) lui     t0, 0xd5828
core   0: 1 0x00000000800058ca (0xd58282b7) x5  0xffffffffd5828000
core   0: 0x00000000800058ce (0x0a547cd3) fsub.d  fs9, fs0, ft5
core   0: 1 0x00000000800058ce (0x0a547cd3) f25 0x0000000000000000
core   0: 0x00000000800058d2 (0x00e286b3) add     a3, t0, a4
core   0: 1 0x00000000800058d2 (0x00e286b3) x13 0xffffffffd5828002
core   0: 0x00000000800058d6 (0x0ff0000f) fence   iorw,iorw
core   0: 1 0x00000000800058d6 (0x0ff0000f)
core   0: 0x00000000800058da (0x02a3dc33) divu    s8, t2, a0
core   0: 1 0x00000000800058da (0x02a3dc33) x24 0x0000000000000000
core   0: 0x00000000800058de (0xd038f153) fcvt.s.lu ft2, a7
core   0: 1 0x00000000800058de (0xd038f153) c1_fflags 0x0000000000000013 f2  0xffffffff5f800000
core   0: 0x00000000800058e2 (0x01468133) add     sp, a3, s4
core   0: 1 0x00000000800058e2 (0x01468133) x2  0xffffffffd5828002
core   0: 0x00000000800058e6 (0xc020f453) fcvt.l.s s0, ft1
core   0: 1 0x00000000800058e6 (0xc020f453) x8  0x000c03fe70000000
core   0: 0x00000000800058ea (0x02244033) div     zero, s0, sp
core   0: 1 0x00000000800058ea (0x02244033)
core   0: 0x00000000800058ee (0x03540b3b) mulw    s6, s0, s5
core   0: 1 0x00000000800058ee (0x03540b3b) x22 0x0000000000000000
core   0: 0x00000000800058f2 (0xa3fc84d3) fle.d   s1, fs9, ft11
core   0: 1 0x00000000800058f2 (0xa3fc84d3) c1_fflags 0x0000000000000013 x9  0x0000000000000000
core   0: 0x00000000800058f6 (0xca2a7a43) fmadd.d fs4, fs4, ft2, fs9
core   0: 1 0x00000000800058f6 (0xca2a7a43) f20 0x7ff8000000000000
core   0: 0x00000000800058fa (0x02f1f1d3) fadd.d  ft3, ft3, fa5
core   0: 1 0x00000000800058fa (0x02f1f1d3) f3  0x7ff8000000000000
core   0: 0x00000000800058fe (0x00000001) c.nop
core   0: 1 0x00000000800058fe (0x0001)
core   0: 0x0000000080005900 (0x639cf0c7) fmsub.d ft1, fs9, fs9, fa2
core   0: 1 0x0000000080005900 (0x639cf0c7) f1  0x7ff8000000000000
core   0: 0x0000000080005904 (0x00202a73) csrrs   s4, frm, zero
core   0: 1 0x0000000080005904 (0x00202a73) x20 0x0000000000000003
core   0: 0x0000000080005908 (0xfffb8c9b) addiw   s9, s7, -1
core   0: 1 0x0000000080005908 (0xfffb8c9b) x25 0x0000000000000012
core   0: 0x000000008000590c (0xc23f7053) fcvt.lu.d zero, ft10
core   0: 1 0x000000008000590c (0xc23f7053)
core   0: 0x0000000080005910 (0x023081b3) mul     gp, ra, gp
core   0: 1 0x0000000080005910 (0x023081b3) x3  0x0000000000000000
core   0: 0x0000000080005914 (0x4015d5bb) sraw    a1, a1, ra
core   0: 1 0x0000000080005914 (0x4015d5bb) x11 0x00000000000000d1
core   0: 0x0000000080005918 (0x1230f553) fmul.d  fa0, ft1, ft3
core   0: 1 0x0000000080005918 (0x1230f553) f10 0x7ff8000000000000
core   0: 0x000000008000591c (0x0aab79d3) fsub.d  fs3, fs6, fa0
core   0: 1 0x000000008000591c (0x0aab79d3) f19 0x7ff8000000000000
core   0: 0x0000000080005920 (0xb82674f3) csrrci  s1, minstreth, 12
core   0: exception trap_illegal_instruction, epc 0x0000000080005920
core   0:           tval 0x00000000b82674f3
core   0: >>>>  $xrv64i2p1_m2p0_a2p1_f2p2_d2p2_zicsr2p0_zifencei2p0_zmmul1p0_zba1p0_zbb1p0_zbc1p0_zbs1p0
core   0: 0x0000000080004000 (0x0080006f) j       pc + 0x8
core   0: 3 0x0000000080004000 (0x0080006f)
core   0: >>>>  mmode_exception_handler
core   0: 0x0000000080004008 (0x00002c17) auipc   s8, 0x2
core   0: 3 0x0000000080004008 (0x00002c17) x24 0x0000000080006008
core   0: 0x000000008000400c (0x09cc0c13) addi    s8, s8, 156
core   0: 3 0x000000008000400c (0x09cc0c13) x24 0x00000000800060a4
core   0: 0x0000000080004010 (0x000c00e7) jalr    s8
core   0: 3 0x0000000080004010 (0x000c00e7) x1  0x0000000080004014
core   0: >>>>  any_handler
core   0: 0x00000000800060a4 (0x341027f3) csrrs   a5, mepc, zero
core   0: 3 0x00000000800060a4 (0x341027f3) x15 0x0000000080005920
core   0: 0x00000000800060a8 (0x34202773) csrrs   a4, mcause, zero
core   0: 3 0x00000000800060a8 (0x34202773) x14 0x0000000000000002
core   0: 0x00000000800060ac (0x142026f3) csrrs   a3, scause, zero
core   0: 3 0x00000000800060ac (0x142026f3) x13 0x0000000000000000
core   0: 0x00000000800060b0 (0x30402673) csrrs   a2, mie, zero
core   0: 3 0x00000000800060b0 (0x30402673) x12 0x0000000000000a00
core   0: 0x00000000800060b4 (0x344025f3) csrrs   a1, mip, zero
core   0: 3 0x00000000800060b4 (0x344025f3) x11 0x0000000000000080
core   0: 0x00000000800060b8 (0x343025f3) csrrs   a1, mtval, zero
core   0: 3 0x00000000800060b8 (0x343025f3) x11 0x00000000b82674f3
core   0: 0x00000000800060bc (0x14302573) csrrs   a0, stval, zero
core   0: 3 0x00000000800060bc (0x14302573) x10 0x0000000000000015
core   0: 0x00000000800060c0 (0xb02024f3) csrrs   s1, minstret, zero
core   0: 3 0x00000000800060c0 (0xb02024f3) x9  0x0000000000001023
core   0: 0x00000000800060c4 (0x0000a811) c.j     pc + 20
core   0: 3 0x00000000800060c4 (0xa811)
core   0: >>>>  mepc_4
core   0: 0x00000000800060d8 (0x00000791) c.addi  a5, 4
core   0: 3 0x00000000800060d8 (0x0791) x15 0x0000000080005924
core   0: 0x00000000800060da (0x34179073) csrrw   zero, mepc, a5
core   0: 3 0x00000000800060da (0x34179073) c833_mepc 0x0000000080005924
core   0: 0x00000000800060de (0x30200073) mret
core   0: 3 0x00000000800060de (0x30200073) c768_mstatus 0x8000000a00106080
core   0: 0x0000000080005924 (0x1413fa73) csrrci  s4, sepc, 7
core   0: 1 0x0000000080005924 (0x1413fa73) x20 0x0000000000000000 c321_sepc 0x0000000000000000
core   0: 0x0000000080005928 (0xd21a0fd3) fcvt.d.wu ft11, s4
core   0: 1 0x0000000080005928 (0xd21a0fd3) f31 0x0000000000000000
core   0: 0x000000008000592c (0x93c97a47) fmsub.d fs4, fs2, ft8, fs2
core   0: 1 0x000000008000592c (0x93c97a47) f20 0x7ff8000000000000
core   0: 0x0000000080005930 (0xfffe4093) not     ra, t3
core   0: 1 0x0000000080005930 (0xfffe4093) x1  0xffffffffffffffff
core   0: 0x0000000080005934 (0xc236fdd3) fcvt.lu.d s11, fa3
core   0: 1 0x0000000080005934 (0xc236fdd3) c1_fflags 0x0000000000000013 x27 0xffffffffffffffff
core   0: 0x0000000080005938 (0x02b0b5b3) mulhu   a1, ra, a1
core   0: 1 0x0000000080005938 (0x02b0b5b3) x11 0x00000000b82674f2
core   0: 0x000000008000593c (0x4021513b) sraw    sp, sp, sp
core   0: 1 0x000000008000593c (0x4021513b) x2  0xfffffffff560a000
core   0: 0x0000000080005940 (0x00115593) srli    a1, sp, 1
core   0: 1 0x0000000080005940 (0x00115593) x11 0x7ffffffffab05000
core   0: 0x0000000080005944 (0xe20480d3) fmv.x.d ra, fs1
core   0: 1 0x0000000080005944 (0xe20480d3) x1  0x7ff8000000000000
core   0: 0x0000000080005948 (0x010accb3) xor     s9, s5, a6
core   0: 1 0x0000000080005948 (0x010accb3) x25 0x0000000000000000
core   0: 0x000000008000594c (0x031c65bb) remw    a1, s8, a7
core   0: 1 0x000000008000594c (0x031c65bb) x11 0xfffffffffffffffc
core   0: 0x0000000080005950 (0x02eb6733) rem     a4, s6, a4
core   0: 1 0x0000000080005950 (0x02eb6733) x14 0x0000000000000000
core   0: 0x0000000080005954 (0xd03177d3) fcvt.s.lu fa5, sp
core   0: 1 0x0000000080005954 (0xd03177d3) c1_fflags 0x0000000000000013 f15 0xffffffff5f800000
core   0: 0x0000000080005958 (0xc226fed3) fcvt.l.d t4, fa3
core   0: 1 0x0000000080005958 (0xc226fed3) c1_fflags 0x0000000000000013 x29 0x7fffffffffffffff
core   0: 0x000000008000595c (0x001b8cb3) add     s9, s7, ra
core   0: 1 0x000000008000595c (0x001b8cb3) x25 0x7ff8000000000013
core   0: 0x0000000080005960 (0x02e8c4bb) divw    s1, a7, a4
core   0: 1 0x0000000080005960 (0x02e8c4bb) x9  0xffffffffffffffff
core   0: 0x0000000080005964 (0x5a0ffc53) fsqrt.d fs8, ft11
core   0: 1 0x0000000080005964 (0x5a0ffc53) f24 0x0000000000000000
core   0: 0x0000000080005968 (0x1ac973d3) fdiv.d  ft7, fs2, fa2
core   0: 1 0x0000000080005968 (0x1ac973d3) f7  0x7ff8000000000000
core   0: 0x000000008000596c (0x039ce03b) remw    zero, s9, s9
core   0: 1 0x000000008000596c (0x039ce03b)
core   0: 0x0000000080005970 (0x025042b3) div     t0, zero, t0
core   0: 1 0x0000000080005970 (0x025042b3) x5  0x0000000000000000
core   0: 0x0000000080005974 (0x41b58733) sub     a4, a1, s11
core   0: 1 0x0000000080005974 (0x41b58733) x14 0xfffffffffffffffd
core   0: 0x0000000080005978 (0x01b5ce33) xor     t3, a1, s11
core   0: 1 0x0000000080005978 (0x01b5ce33) x28 0x0000000000000003
core   0: 0x000000008000597c (0x1a69fdd3) fdiv.d  fs11, fs3, ft6
core   0: 1 0x000000008000597c (0x1a69fdd3) f27 0x7ff8000000000000
core   0: 0x0000000080005980 (0x00e8dd13) srli    s10, a7, 14
core   0: 1 0x0000000080005980 (0x00e8dd13) x26 0x0003ffffffffffff
core   0: 0x0000000080005984 (0xff77beb7) lui     t4, 0xff77b
core   0: 1 0x0000000080005984 (0xff77beb7) x29 0xffffffffff77b000
core   0: 0x0000000080005988 (0xf0de8e9b) addiw   t4, t4, -243
core   0: 1 0x0000000080005988 (0xf0de8e9b) x29 0xffffffffff77af0d
core   0: 0x000000008000598c (0x00000ebe) c.slli  t4, 15
core   0: 1 0x000000008000598c (0x0ebe) x29 0xffffffbbd7868000
core   0: 0x000000008000598e (0x356e8e93) addi    t4, t4, 854
core   0: 1 0x000000008000598e (0x356e8e93) x29 0xffffffbbd7868356
core   0: 0x0000000080005992 (0x00102b73) csrrs   s6, fflags, zero
core   0: 1 0x0000000080005992 (0x00102b73) x22 0x0000000000000013
core   0: 0x0000000080005996 (0x002494f3) csrrw   s1, frm, s1
core   0: 1 0x0000000080005996 (0x002494f3) x9  0x0000000000000003 c2_frm 0x0000000000000007
core   0: 0x000000008000599a (0x5a0079d3) fsqrt.d fs3, ft0
core   0: exception trap_illegal_instruction, epc 0x000000008000599a
core   0:           tval 0x000000005a0079d3
core   0: >>>>  $xrv64i2p1_m2p0_a2p1_f2p2_d2p2_zicsr2p0_zifencei2p0_zmmul1p0_zba1p0_zbb1p0_zbc1p0_zbs1p0
core   0: 0x0000000080004000 (0x0080006f) j       pc + 0x8
core   0: 3 0x0000000080004000 (0x0080006f)
core   0: >>>>  mmode_exception_handler
core   0: 0x0000000080004008 (0x00002c17) auipc   s8, 0x2
core   0: 3 0x0000000080004008 (0x00002c17) x24 0x0000000080006008
core   0: 0x000000008000400c (0x09cc0c13) addi    s8, s8, 156
core   0: 3 0x000000008000400c (0x09cc0c13) x24 0x00000000800060a4
core   0: 0x0000000080004010 (0x000c00e7) jalr    s8
core   0: 3 0x0000000080004010 (0x000c00e7) x1  0x0000000080004014
core   0: >>>>  any_handler
core   0: 0x00000000800060a4 (0x341027f3) csrrs   a5, mepc, zero
core   0: 3 0x00000000800060a4 (0x341027f3) x15 0x000000008000599a
core   0: 0x00000000800060a8 (0x34202773) csrrs   a4, mcause, zero
core   0: 3 0x00000000800060a8 (0x34202773) x14 0x0000000000000002
core   0: 0x00000000800060ac (0x142026f3) csrrs   a3, scause, zero
core   0: 3 0x00000000800060ac (0x142026f3) x13 0x0000000000000000
core   0: 0x00000000800060b0 (0x30402673) csrrs   a2, mie, zero
core   0: 3 0x00000000800060b0 (0x30402673) x12 0x0000000000000a00
core   0: 0x00000000800060b4 (0x344025f3) csrrs   a1, mip, zero
core   0: 3 0x00000000800060b4 (0x344025f3) x11 0x0000000000000080
core   0: 0x00000000800060b8 (0x343025f3) csrrs   a1, mtval, zero
core   0: 3 0x00000000800060b8 (0x343025f3) x11 0x000000005a0079d3
core   0: 0x00000000800060bc (0x14302573) csrrs   a0, stval, zero
core   0: 3 0x00000000800060bc (0x14302573) x10 0x0000000000000015
core   0: 0x00000000800060c0 (0xb02024f3) csrrs   s1, minstret, zero
core   0: 3 0x00000000800060c0 (0xb02024f3) x9  0x0000000000001051
core   0: 0x00000000800060c4 (0x0000a811) c.j     pc + 20
core   0: 3 0x00000000800060c4 (0xa811)
core   0: >>>>  mepc_4
core   0: 0x00000000800060d8 (0x00000791) c.addi  a5, 4
core   0: 3 0x00000000800060d8 (0x0791) x15 0x000000008000599e
core   0: 0x00000000800060da (0x34179073) csrrw   zero, mepc, a5
core   0: 3 0x00000000800060da (0x34179073) c833_mepc 0x000000008000599e
core   0: 0x00000000800060de (0x30200073) mret
core   0: 3 0x00000000800060de (0x30200073) c768_mstatus 0x8000000a00106080
core   0: 0x000000008000599e (0x019a9abb) sllw    s5, s5, s9
core   0: 1 0x000000008000599e (0x019a9abb) x21 0x0000000000000000
core   0: 0x00000000800059a2 (0xd2090ad3) fcvt.d.w fs5, s2
core   0: 1 0x00000000800059a2 (0xd2090ad3) f21 0x0000000000000000
core   0: 0x00000000800059a6 (0x84388a1b) addiw   s4, a7, -1981
core   0: 1 0x00000000800059a6 (0x84388a1b) x20 0xfffffffffffff7bb
core   0: 0x00000000800059aa (0x00388bb3) add     s7, a7, gp
core   0: 1 0x00000000800059aa (0x00388bb3) x23 0xffffffffffffff78
core   0: 0x00000000800059ae (0x00047e13) andi    t3, s0, 0
core   0: 1 0x00000000800059ae (0x00047e13) x28 0x0000000000000000
core   0: 0x00000000800059b2 (0x022b9693) slli    a3, s7, 34
core   0: 1 0x00000000800059b2 (0x022b9693) x13 0xfffffde000000000
core   0: 0x00000000800059b6 (0x401370d3) fcvt.s.d ft1, ft6
core   0: exception trap_illegal_instruction, epc 0x00000000800059b6
core   0:           tval 0x00000000401370d3
core   0: >>>>  $xrv64i2p1_m2p0_a2p1_f2p2_d2p2_zicsr2p0_zifencei2p0_zmmul1p0_zba1p0_zbb1p0_zbc1p0_zbs1p0
core   0: 0x0000000080004000 (0x0080006f) j       pc + 0x8
core   0: 3 0x0000000080004000 (0x0080006f)
core   0: >>>>  mmode_exception_handler
core   0: 0x0000000080004008 (0x00002c17) auipc   s8, 0x2
core   0: 3 0x0000000080004008 (0x00002c17) x24 0x0000000080006008
core   0: 0x000000008000400c (0x09cc0c13) addi    s8, s8, 156
core   0: 3 0x000000008000400c (0x09cc0c13) x24 0x00000000800060a4
core   0: 0x0000000080004010 (0x000c00e7) jalr    s8
core   0: 3 0x0000000080004010 (0x000c00e7) x1  0x0000000080004014
core   0: >>>>  any_handler
core   0: 0x00000000800060a4 (0x341027f3) csrrs   a5, mepc, zero
core   0: 3 0x00000000800060a4 (0x341027f3) x15 0x00000000800059b6
core   0: 0x00000000800060a8 (0x34202773) csrrs   a4, mcause, zero
core   0: 3 0x00000000800060a8 (0x34202773) x14 0x0000000000000002
core   0: 0x00000000800060ac (0x142026f3) csrrs   a3, scause, zero
core   0: 3 0x00000000800060ac (0x142026f3) x13 0x0000000000000000
core   0: 0x00000000800060b0 (0x30402673) csrrs   a2, mie, zero
core   0: 3 0x00000000800060b0 (0x30402673) x12 0x0000000000000a00
core   0: 0x00000000800060b4 (0x344025f3) csrrs   a1, mip, zero
core   0: 3 0x00000000800060b4 (0x344025f3) x11 0x0000000000000080
core   0: 0x00000000800060b8 (0x343025f3) csrrs   a1, mtval, zero
core   0: 3 0x00000000800060b8 (0x343025f3) x11 0x00000000401370d3
core   0: 0x00000000800060bc (0x14302573) csrrs   a0, stval, zero
core   0: 3 0x00000000800060bc (0x14302573) x10 0x0000000000000015
core   0: 0x00000000800060c0 (0xb02024f3) csrrs   s1, minstret, zero
core   0: 3 0x00000000800060c0 (0xb02024f3) x9  0x0000000000001067
core   0: 0x00000000800060c4 (0x0000a811) c.j     pc + 20
core   0: 3 0x00000000800060c4 (0xa811)
core   0: >>>>  mepc_4
core   0: 0x00000000800060d8 (0x00000791) c.addi  a5, 4
core   0: 3 0x00000000800060d8 (0x0791) x15 0x00000000800059ba
core   0: 0x00000000800060da (0x34179073) csrrw   zero, mepc, a5
core   0: 3 0x00000000800060da (0x34179073) c833_mepc 0x00000000800059ba
core   0: 0x00000000800060de (0x30200073) mret
core   0: 3 0x00000000800060de (0x30200073) c768_mstatus 0x8000000a00106080
core   0: 0x00000000800059ba (0x000090a2) c.add   ra, s0
core   0: 1 0x00000000800059ba (0x90a2) x1  0x000c03fef0004014
core   0: 0x00000000800059bc (0x229d0f53) fsgnj.d ft10, fs10, fs1
core   0: 1 0x00000000800059bc (0x229d0f53) f30 0x7ff8000000000000
core   0: 0x00000000800059c0 (0x004a73b3) and     t2, s4, tp
core   0: 1 0x00000000800059c0 (0x004a73b3) x7  0x0000000000000000
core   0: 0x00000000800059c4 (0x001021f3) csrrs   gp, fflags, zero
core   0: 1 0x00000000800059c4 (0x001021f3) x3  0x0000000000000013
core   0: 0x00000000800059c8 (0xa2148a53) fle.d   s4, fs1, ft1
core   0: 1 0x00000000800059c8 (0xa2148a53) c1_fflags 0x0000000000000013 x20 0x0000000000000000
core   0: 0x00000000800059cc (0xd03072d3) fcvt.s.lu ft5, zero
core   0: exception trap_illegal_instruction, epc 0x00000000800059cc
core   0:           tval 0x00000000d03072d3
core   0: >>>>  $xrv64i2p1_m2p0_a2p1_f2p2_d2p2_zicsr2p0_zifencei2p0_zmmul1p0_zba1p0_zbb1p0_zbc1p0_zbs1p0
core   0: 0x0000000080004000 (0x0080006f) j       pc + 0x8
core   0: 3 0x0000000080004000 (0x0080006f)
core   0: >>>>  mmode_exception_handler
core   0: 0x0000000080004008 (0x00002c17) auipc   s8, 0x2
core   0: 3 0x0000000080004008 (0x00002c17) x24 0x0000000080006008
core   0: 0x000000008000400c (0x09cc0c13) addi    s8, s8, 156
core   0: 3 0x000000008000400c (0x09cc0c13) x24 0x00000000800060a4
core   0: 0x0000000080004010 (0x000c00e7) jalr    s8
core   0: 3 0x0000000080004010 (0x000c00e7) x1  0x0000000080004014
core   0: >>>>  any_handler
core   0: 0x00000000800060a4 (0x341027f3) csrrs   a5, mepc, zero
core   0: 3 0x00000000800060a4 (0x341027f3) x15 0x00000000800059cc
core   0: 0x00000000800060a8 (0x34202773) csrrs   a4, mcause, zero
core   0: 3 0x00000000800060a8 (0x34202773) x14 0x0000000000000002
core   0: 0x00000000800060ac (0x142026f3) csrrs   a3, scause, zero
core   0: 3 0x00000000800060ac (0x142026f3) x13 0x0000000000000000
core   0: 0x00000000800060b0 (0x30402673) csrrs   a2, mie, zero
core   0: 3 0x00000000800060b0 (0x30402673) x12 0x0000000000000a00
core   0: 0x00000000800060b4 (0x344025f3) csrrs   a1, mip, zero
core   0: 3 0x00000000800060b4 (0x344025f3) x11 0x0000000000000080
core   0: 0x00000000800060b8 (0x343025f3) csrrs   a1, mtval, zero
core   0: 3 0x00000000800060b8 (0x343025f3) x11 0x00000000d03072d3
core   0: 0x00000000800060bc (0x14302573) csrrs   a0, stval, zero
core   0: 3 0x00000000800060bc (0x14302573) x10 0x0000000000000015
core   0: 0x00000000800060c0 (0xb02024f3) csrrs   s1, minstret, zero
core   0: 3 0x00000000800060c0 (0xb02024f3) x9  0x000000000000107c
core   0: 0x00000000800060c4 (0x0000a811) c.j     pc + 20
core   0: 3 0x00000000800060c4 (0xa811)
core   0: >>>>  mepc_4
core   0: 0x00000000800060d8 (0x00000791) c.addi  a5, 4
core   0: 3 0x00000000800060d8 (0x0791) x15 0x00000000800059d0
core   0: 0x00000000800060da (0x34179073) csrrw   zero, mepc, a5
core   0: 3 0x00000000800060da (0x34179073) c833_mepc 0x00000000800059d0
core   0: 0x00000000800060de (0x30200073) mret
core   0: 3 0x00000000800060de (0x30200073) c768_mstatus 0x8000000a00106080
core   0: 0x00000000800059d0 (0x0284443b) divw    s0, s0, s0
core   0: 1 0x00000000800059d0 (0x0284443b) x8  0x0000000000000001
core   0: 0x00000000800059d4 (0x0199d213) srli    tp, s3, 25
core   0: 1 0x00000000800059d4 (0x0199d213) x4  0x0000000000000000
core   0: 0x00000000800059d8 (0x001028f3) csrrs   a7, fflags, zero
core   0: 1 0x00000000800059d8 (0x001028f3) x17 0x0000000000000013
core   0: 0x00000000800059dc (0x0000952e) c.add   a0, a1
core   0: 1 0x00000000800059dc (0x952e) x10 0x00000000d03072e8
core   0: 0x00000000800059de (0x03fad913) srli    s2, s5, 63
core   0: 1 0x00000000800059de (0x03fad913) x18 0x0000000000000000
core   0: 0x00000000800059e2 (0x0a3271d3) fsub.d  ft3, ft4, ft3
core   0: exception trap_illegal_instruction, epc 0x00000000800059e2
core   0:           tval 0x000000000a3271d3
core   0: >>>>  $xrv64i2p1_m2p0_a2p1_f2p2_d2p2_zicsr2p0_zifencei2p0_zmmul1p0_zba1p0_zbb1p0_zbc1p0_zbs1p0
core   0: 0x0000000080004000 (0x0080006f) j       pc + 0x8
core   0: 3 0x0000000080004000 (0x0080006f)
core   0: >>>>  mmode_exception_handler
core   0: 0x0000000080004008 (0x00002c17) auipc   s8, 0x2
core   0: 3 0x0000000080004008 (0x00002c17) x24 0x0000000080006008
core   0: 0x000000008000400c (0x09cc0c13) addi    s8, s8, 156
core   0: 3 0x000000008000400c (0x09cc0c13) x24 0x00000000800060a4
core   0: 0x0000000080004010 (0x000c00e7) jalr    s8
core   0: 3 0x0000000080004010 (0x000c00e7) x1  0x0000000080004014
core   0: >>>>  any_handler
core   0: 0x00000000800060a4 (0x341027f3) csrrs   a5, mepc, zero
core   0: 3 0x00000000800060a4 (0x341027f3) x15 0x00000000800059e2
core   0: 0x00000000800060a8 (0x34202773) csrrs   a4, mcause, zero
core   0: 3 0x00000000800060a8 (0x34202773) x14 0x0000000000000002
core   0: 0x00000000800060ac (0x142026f3) csrrs   a3, scause, zero
core   0: 3 0x00000000800060ac (0x142026f3) x13 0x0000000000000000
core   0: 0x00000000800060b0 (0x30402673) csrrs   a2, mie, zero
core   0: 3 0x00000000800060b0 (0x30402673) x12 0x0000000000000a00
core   0: 0x00000000800060b4 (0x344025f3) csrrs   a1, mip, zero
core   0: 3 0x00000000800060b4 (0x344025f3) x11 0x0000000000000080
core   0: 0x00000000800060b8 (0x343025f3) csrrs   a1, mtval, zero
core   0: 3 0x00000000800060b8 (0x343025f3) x11 0x000000000a3271d3
core   0: 0x00000000800060bc (0x14302573) csrrs   a0, stval, zero
core   0: 3 0x00000000800060bc (0x14302573) x10 0x0000000000000015
core   0: 0x00000000800060c0 (0xb02024f3) csrrs   s1, minstret, zero
core   0: 3 0x00000000800060c0 (0xb02024f3) x9  0x0000000000001091
core   0: 0x00000000800060c4 (0x0000a811) c.j     pc + 20
core   0: 3 0x00000000800060c4 (0xa811)
core   0: >>>>  mepc_4
core   0: 0x00000000800060d8 (0x00000791) c.addi  a5, 4
core   0: 3 0x00000000800060d8 (0x0791) x15 0x00000000800059e6
core   0: 0x00000000800060da (0x34179073) csrrw   zero, mepc, a5
core   0: 3 0x00000000800060da (0x34179073) c833_mepc 0x00000000800059e6
core   0: 0x00000000800060de (0x30200073) mret
core   0: 3 0x00000000800060de (0x30200073) c768_mstatus 0x8000000a00106080
core   0: 0x00000000800059e6 (0xfff50c1b) addiw   s8, a0, -1
core   0: 1 0x00000000800059e6 (0xfff50c1b) x24 0x0000000000000014
core   0: 0x00000000800059ea (0x494d7493) andi    s1, s10, 1172
core   0: 1 0x00000000800059ea (0x494d7493) x9  0x0000000000000494
core   0: 0x00000000800059ee (0x400ed59b) sraiw   a1, t4, 0
core   0: 1 0x00000000800059ee (0x400ed59b) x11 0xffffffffd7868356
core   0: 0x00000000800059f2 (0x00202273) csrrs   tp, frm, zero
core   0: 1 0x00000000800059f2 (0x00202273) x4  0x0000000000000007
core   0: 0x00000000800059f6 (0x03f65293) srli    t0, a2, 63
core   0: 1 0x00000000800059f6 (0x03f65293) x5  0x0000000000000000
core   0: 0x00000000800059fa (0x02ee7cb3) remu    s9, t3, a4
core   0: 1 0x00000000800059fa (0x02ee7cb3) x25 0x0000000000000000
core   0: 0x00000000800059fe (0xc02576d3) fcvt.l.s a3, fa0
core   0: exception trap_illegal_instruction, epc 0x00000000800059fe
core   0:           tval 0x00000000c02576d3
core   0: >>>>  $xrv64i2p1_m2p0_a2p1_f2p2_d2p2_zicsr2p0_zifencei2p0_zmmul1p0_zba1p0_zbb1p0_zbc1p0_zbs1p0
core   0: 0x0000000080004000 (0x0080006f) j       pc + 0x8
core   0: 3 0x0000000080004000 (0x0080006f)
core   0: >>>>  mmode_exception_handler
core   0: 0x0000000080004008 (0x00002c17) auipc   s8, 0x2
core   0: 3 0x0000000080004008 (0x00002c17) x24 0x0000000080006008
core   0: 0x000000008000400c (0x09cc0c13) addi    s8, s8, 156
core   0: 3 0x000000008000400c (0x09cc0c13) x24 0x00000000800060a4
core   0: 0x0000000080004010 (0x000c00e7) jalr    s8
core   0: 3 0x0000000080004010 (0x000c00e7) x1  0x0000000080004014
core   0: >>>>  any_handler
core   0: 0x00000000800060a4 (0x341027f3) csrrs   a5, mepc, zero
core   0: 3 0x00000000800060a4 (0x341027f3) x15 0x00000000800059fe
core   0: 0x00000000800060a8 (0x34202773) csrrs   a4, mcause, zero
core   0: 3 0x00000000800060a8 (0x34202773) x14 0x0000000000000002
core   0: 0x00000000800060ac (0x142026f3) csrrs   a3, scause, zero
core   0: 3 0x00000000800060ac (0x142026f3) x13 0x0000000000000000
core   0: 0x00000000800060b0 (0x30402673) csrrs   a2, mie, zero
core   0: 3 0x00000000800060b0 (0x30402673) x12 0x0000000000000a00
core   0: 0x00000000800060b4 (0x344025f3) csrrs   a1, mip, zero
core   0: 3 0x00000000800060b4 (0x344025f3) x11 0x0000000000000080
core   0: 0x00000000800060b8 (0x343025f3) csrrs   a1, mtval, zero
core   0: 3 0x00000000800060b8 (0x343025f3) x11 0x00000000c02576d3
core   0: 0x00000000800060bc (0x14302573) csrrs   a0, stval, zero
core   0: 3 0x00000000800060bc (0x14302573) x10 0x0000000000000015
core   0: 0x00000000800060c0 (0xb02024f3) csrrs   s1, minstret, zero
core   0: 3 0x00000000800060c0 (0xb02024f3) x9  0x00000000000010a7
core   0: 0x00000000800060c4 (0x0000a811) c.j     pc + 20
core   0: 3 0x00000000800060c4 (0xa811)
core   0: >>>>  mepc_4
core   0: 0x00000000800060d8 (0x00000791) c.addi  a5, 4
core   0: 3 0x00000000800060d8 (0x0791) x15 0x0000000080005a02
core   0: 0x00000000800060da (0x34179073) csrrw   zero, mepc, a5
core   0: 3 0x00000000800060da (0x34179073) c833_mepc 0x0000000080005a02
core   0: 0x00000000800060de (0x30200073) mret
core   0: 3 0x00000000800060de (0x30200073) c768_mstatus 0x8000000a00106080
core   0: 0x0000000080005a02 (0x00000001) c.nop
core   0: 1 0x0000000080005a02 (0x0001)
core   0: 0x0000000080005a04 (0x420189d3) fcvt.d.s fs3, ft3
core   0: 1 0x0000000080005a04 (0x420189d3) f19 0x7ff8000000000000
core   0: 0x0000000080005a08 (0x02f09633) mulh    a2, ra, a5
core   0: 1 0x0000000080005a08 (0x02f09633) x12 0x0000000000000000
core   0: 0x0000000080005a0c (0x02c0f3bb) remuw   t2, ra, a2
core   0: 1 0x0000000080005a0c (0x02c0f3bb) x7  0xffffffff80004014
core   0: 0x0000000080005a10 (0x017a111b) slliw   sp, s4, 23
core   0: 1 0x0000000080005a10 (0x017a111b) x2  0x0000000000000000
core   0: 0x0000000080005a14 (0x238fa853) fsgnjx.d fa6, ft11, fs8
core   0: 1 0x0000000080005a14 (0x238fa853) f16 0x0000000000000000
core   0: 0x0000000080005a18 (0x00009f09) c.subw  a4, a0
core   0: 1 0x0000000080005a18 (0x9f09) x14 0xffffffffffffffed
core   0: 0x0000000080005a1a (0x238f8b53) fsgnj.d fs6, ft11, fs8
core   0: 1 0x0000000080005a1a (0x238f8b53) f22 0x0000000000000000
core   0: 0x0000000080005a1e (0x001e989b) slliw   a7, t4, 1
core   0: 1 0x0000000080005a1e (0x001e989b) x17 0xffffffffaf0d06ac
core   0: 0x0000000080005a22 (0xa6688113) addi    sp, a7, -1434
core   0: 1 0x0000000080005a22 (0xa6688113) x2  0xffffffffaf0d0112
core   0: 0x0000000080005a26 (0x02ea1533) mulh    a0, s4, a4
core   0: 1 0x0000000080005a26 (0x02ea1533) x10 0x0000000000000000
core   0: 0x0000000080005a2a (0x232d0d53) fsgnj.d fs10, fs10, fs2
core   0: 1 0x0000000080005a2a (0x232d0d53) f26 0x7ff8000000000000
core   0: 0x0000000080005a2e (0x42050853) fcvt.d.s fa6, fa0
core   0: 1 0x0000000080005a2e (0x42050853) f16 0x7ff8000000000000
core   0: 0x0000000080005a32 (0xab0878cf) fnmadd.d fa7, fa6, fa6, fs5
core   0: exception trap_illegal_instruction, epc 0x0000000080005a32
core   0:           tval 0x00000000ab0878cf
core   0: >>>>  $xrv64i2p1_m2p0_a2p1_f2p2_d2p2_zicsr2p0_zifencei2p0_zmmul1p0_zba1p0_zbb1p0_zbc1p0_zbs1p0
core   0: 0x0000000080004000 (0x0080006f) j       pc + 0x8
core   0: 3 0x0000000080004000 (0x0080006f)
core   0: >>>>  mmode_exception_handler
core   0: 0x0000000080004008 (0x00002c17) auipc   s8, 0x2
core   0: 3 0x0000000080004008 (0x00002c17) x24 0x0000000080006008
core   0: 0x000000008000400c (0x09cc0c13) addi    s8, s8, 156
core   0: 3 0x000000008000400c (0x09cc0c13) x24 0x00000000800060a4
core   0: 0x0000000080004010 (0x000c00e7) jalr    s8
core   0: 3 0x0000000080004010 (0x000c00e7) x1  0x0000000080004014
core   0: >>>>  any_handler
core   0: 0x00000000800060a4 (0x341027f3) csrrs   a5, mepc, zero
core   0: 3 0x00000000800060a4 (0x341027f3) x15 0x0000000080005a32
core   0: 0x00000000800060a8 (0x34202773) csrrs   a4, mcause, zero
core   0: 3 0x00000000800060a8 (0x34202773) x14 0x0000000000000002
core   0: 0x00000000800060ac (0x142026f3) csrrs   a3, scause, zero
core   0: 3 0x00000000800060ac (0x142026f3) x13 0x0000000000000000
core   0: 0x00000000800060b0 (0x30402673) csrrs   a2, mie, zero
core   0: 3 0x00000000800060b0 (0x30402673) x12 0x0000000000000a00
core   0: 0x00000000800060b4 (0x344025f3) csrrs   a1, mip, zero
core   0: 3 0x00000000800060b4 (0x344025f3) x11 0x0000000000000080
core   0: 0x00000000800060b8 (0x343025f3) csrrs   a1, mtval, zero
core   0: 3 0x00000000800060b8 (0x343025f3) x11 0x00000000ab0878cf
core   0: 0x00000000800060bc (0x14302573) csrrs   a0, stval, zero
core   0: 3 0x00000000800060bc (0x14302573) x10 0x0000000000000015
core   0: 0x00000000800060c0 (0xb02024f3) csrrs   s1, minstret, zero
core   0: 3 0x00000000800060c0 (0xb02024f3) x9  0x00000000000010c4
core   0: 0x00000000800060c4 (0x0000a811) c.j     pc + 20
core   0: 3 0x00000000800060c4 (0xa811)
core   0: >>>>  mepc_4
core   0: 0x00000000800060d8 (0x00000791) c.addi  a5, 4
core   0: 3 0x00000000800060d8 (0x0791) x15 0x0000000080005a36
core   0: 0x00000000800060da (0x34179073) csrrw   zero, mepc, a5
core   0: 3 0x00000000800060da (0x34179073) c833_mepc 0x0000000080005a36
core   0: 0x00000000800060de (0x30200073) mret
core   0: 3 0x00000000800060de (0x30200073) c768_mstatus 0x8000000a00106080
core   0: 0x0000000080005a36 (0x0052833b) addw    t1, t0, t0
core   0: 1 0x0000000080005a36 (0x0052833b) x6  0x0000000000000000
core   0: 0x0000000080005a3a (0x006b1db3) sll     s11, s6, t1
core   0: 1 0x0000000080005a3a (0x006b1db3) x27 0x0000000000000013
core   0: 0x0000000080005a3e (0x01d1da33) srl     s4, gp, t4
core   0: 1 0x0000000080005a3e (0x01d1da33) x20 0x0000000000000000
core   0: 0x0000000080005a42 (0x014b89b3) add     s3, s7, s4
core   0: 1 0x0000000080005a42 (0x014b89b3) x19 0xffffffffffffff78
core   0: 0x0000000080005a46 (0x316a0a9b) addiw   s5, s4, 790
core   0: 1 0x0000000080005a46 (0x316a0a9b) x21 0x0000000000000316
core   0: 0x0000000080005a4a (0x42078ed3) fcvt.d.s ft9, fa5
core   0: 1 0x0000000080005a4a (0x42078ed3) f29 0x43f0000000000000
core   0: 0x0000000080005a4e (0x02cd0c33) mul     s8, s10, a2
core   0: 1 0x0000000080005a4e (0x02cd0c33) x24 0x27fffffffffff600
core   0: 0x0000000080005a52 (0xd2387a53) fcvt.d.lu fs4, a6
core   0: exception trap_illegal_instruction, epc 0x0000000080005a52
core   0:           tval 0x00000000d2387a53
core   0: >>>>  $xrv64i2p1_m2p0_a2p1_f2p2_d2p2_zicsr2p0_zifencei2p0_zmmul1p0_zba1p0_zbb1p0_zbc1p0_zbs1p0
core   0: 0x0000000080004000 (0x0080006f) j       pc + 0x8
core   0: 3 0x0000000080004000 (0x0080006f)
core   0: >>>>  mmode_exception_handler
core   0: 0x0000000080004008 (0x00002c17) auipc   s8, 0x2
core   0: 3 0x0000000080004008 (0x00002c17) x24 0x0000000080006008
core   0: 0x000000008000400c (0x09cc0c13) addi    s8, s8, 156
core   0: 3 0x000000008000400c (0x09cc0c13) x24 0x00000000800060a4
core   0: 0x0000000080004010 (0x000c00e7) jalr    s8
core   0: 3 0x0000000080004010 (0x000c00e7) x1  0x0000000080004014
core   0: >>>>  any_handler
core   0: 0x00000000800060a4 (0x341027f3) csrrs   a5, mepc, zero
core   0: 3 0x00000000800060a4 (0x341027f3) x15 0x0000000080005a52
core   0: 0x00000000800060a8 (0x34202773) csrrs   a4, mcause, zero
core   0: 3 0x00000000800060a8 (0x34202773) x14 0x0000000000000002
core   0: 0x00000000800060ac (0x142026f3) csrrs   a3, scause, zero
core   0: 3 0x00000000800060ac (0x142026f3) x13 0x0000000000000000
core   0: 0x00000000800060b0 (0x30402673) csrrs   a2, mie, zero
core   0: 3 0x00000000800060b0 (0x30402673) x12 0x0000000000000a00
core   0: 0x00000000800060b4 (0x344025f3) csrrs   a1, mip, zero
core   0: 3 0x00000000800060b4 (0x344025f3) x11 0x0000000000000080
core   0: 0x00000000800060b8 (0x343025f3) csrrs   a1, mtval, zero
core   0: 3 0x00000000800060b8 (0x343025f3) x11 0x00000000d2387a53
core   0: 0x00000000800060bc (0x14302573) csrrs   a0, stval, zero
core   0: 3 0x00000000800060bc (0x14302573) x10 0x0000000000000015
core   0: 0x00000000800060c0 (0xb02024f3) csrrs   s1, minstret, zero
core   0: 3 0x00000000800060c0 (0xb02024f3) x9  0x00000000000010db
core   0: 0x00000000800060c4 (0x0000a811) c.j     pc + 20
core   0: 3 0x00000000800060c4 (0xa811)
core   0: >>>>  mepc_4
core   0: 0x00000000800060d8 (0x00000791) c.addi  a5, 4
core   0: 3 0x00000000800060d8 (0x0791) x15 0x0000000080005a56
core   0: 0x00000000800060da (0x34179073) csrrw   zero, mepc, a5
core   0: 3 0x00000000800060da (0x34179073) c833_mepc 0x0000000080005a56
core   0: 0x00000000800060de (0x30200073) mret
core   0: 3 0x00000000800060de (0x30200073) c768_mstatus 0x8000000a00106080
core   0: 0x0000000080005a56 (0x00241af3) csrrw   s5, frm, s0
core   0: 1 0x0000000080005a56 (0x00241af3) x21 0x0000000000000007 c2_frm 0x0000000000000001
core   0: 0x0000000080005a5a (0xc028f0d3) fcvt.l.s ra, fa7
core   0: 1 0x0000000080005a5a (0xc028f0d3) c1_fflags 0x0000000000000013 x1  0x7fffffffffffffff
core   0: 0x0000000080005a5e (0x100566f3) csrrsi  a3, sstatus, 10
core   0: 1 0x0000000080005a5e (0x100566f3) x13 0x8000000200006000 c768_mstatus 0x8000000a00106082
core   0: 0x0000000080005a62 (0x4150d71b) sraiw   a4, ra, 21
core   0: 1 0x0000000080005a62 (0x4150d71b) x14 0xffffffffffffffff
core   0: 0x0000000080005a66 (0x00109893) slli    a7, ra, 1
core   0: 1 0x0000000080005a66 (0x00109893) x17 0xfffffffffffffffe
core   0: 0x0000000080005a6a (0x00ccccb3) xor     s9, s9, a2
core   0: 1 0x0000000080005a6a (0x00ccccb3) x25 0x0000000000000a00
core   0: 0x0000000080005a6e (0x404add93) srai    s11, s5, 4
core   0: 1 0x0000000080005a6e (0x404add93) x27 0x0000000000000000
core   0: 0x0000000080005a72 (0xa34a0453) fle.d   s0, fs4, fs4
core   0: 1 0x0000000080005a72 (0xa34a0453) c1_fflags 0x0000000000000013 x8  0x0000000000000000
core   0: 0x0000000080005a76 (0xc2097753) fcvt.w.d a4, fs2
core   0: 1 0x0000000080005a76 (0xc2097753) x14 0x0000000000000000
core   0: 0x0000000080005a7a (0x00cd5d1b) srliw   s10, s10, 12
core   0: 1 0x0000000080005a7a (0x00cd5d1b) x26 0x00000000000fffff
core   0: 0x0000000080005a7e (0x011b7ab3) and     s5, s6, a7
core   0: 1 0x0000000080005a7e (0x011b7ab3) x21 0x0000000000000012
core   0: 0x0000000080005a82 (0x00259073) csrrw   zero, frm, a1
core   0: 1 0x0000000080005a82 (0x00259073) c2_frm 0x0000000000000003
core   0: 0x0000000080005a86 (0x41a7de3b) sraw    t3, a5, s10
core   0: 1 0x0000000080005a86 (0x41a7de3b) x28 0xffffffffffffffff
core   0: 0x0000000080005a8a (0x35be021b) addiw   tp, t3, 859
core   0: 1 0x0000000080005a8a (0x35be021b) x4  0x000000000000035a
core   0: 0x0000000080005a8e (0x00d9149b) slliw   s1, s2, 13
core   0: 1 0x0000000080005a8e (0x00d9149b) x9  0x0000000000000000
core   0: 0x0000000080005a92 (0x009b91bb) sllw    gp, s7, s1
core   0: 1 0x0000000080005a92 (0x009b91bb) x3  0xffffffffffffff78
core   0: 0x0000000080005a96 (0x016b56b3) srl     a3, s6, s6
core   0: 1 0x0000000080005a96 (0x016b56b3) x13 0x0000000000000000
core   0: 0x0000000080005a9a (0x0231013b) mulw    sp, sp, gp
core   0: 1 0x0000000080005a9a (0x0231013b) x2  0x0000000001176e70
core   0: 0x0000000080005a9e (0x008453bb) srlw    t2, s0, s0
core   0: 1 0x0000000080005a9e (0x008453bb) x7  0x0000000000000000
core   0: 0x0000000080005aa2 (0x005c823b) addw    tp, s9, t0
core   0: 1 0x0000000080005aa2 (0x005c823b) x4  0x0000000000000a00
core   0: 0x0000000080005aa6 (0x0292d633) divu    a2, t0, s1
core   0: 1 0x0000000080005aa6 (0x0292d633) x12 0xffffffffffffffff
core   0: 0x0000000080005aaa (0x001c1893) slli    a7, s8, 1
core   0: 1 0x0000000080005aaa (0x001c1893) x17 0x000000010000c148
core   0: 0x0000000080005aae (0xd0327d53) fcvt.s.lu fs10, tp
core   0: 1 0x0000000080005aae (0xd0327d53) f26 0xffffffff45200000
core   0: 0x0000000080005ab2 (0x2a120753) fmin.d  fa4, ft4, ft1
core   0: 1 0x0000000080005ab2 (0x2a120753) f14 0x7ff8000000000000
core   0: 0x0000000080005ab6 (0x01895933) srl     s2, s2, s8
core   0: 1 0x0000000080005ab6 (0x01895933) x18 0x0000000000000000
core   0: 0x0000000080005aba (0x00165793) srli    a5, a2, 1
core   0: 1 0x0000000080005aba (0x00165793) x15 0x7fffffffffffffff
core   0: 0x0000000080005abe (0x01a974b3) and     s1, s2, s10
core   0: 1 0x0000000080005abe (0x01a974b3) x9  0x0000000000000000
core   0: 0x0000000080005ac2 (0xd22c79d3) fcvt.d.l fs3, s8
core   0: 1 0x0000000080005ac2 (0xd22c79d3) f19 0x41e0000c14800000
core   0: 0x0000000080005ac6 (0x03d6fc53) fadd.d  fs8, fa3, ft9
core   0: 1 0x0000000080005ac6 (0x03d6fc53) f24 0x7ff8000000000000
core   0: 0x0000000080005aca (0x4118083b) subw    a6, a6, a7
core   0: 1 0x0000000080005aca (0x4118083b) x16 0xffffffffffff3eb8
core   0: 0x0000000080005ace (0xc7a4ce13) xori    t3, s1, -902
core   0: 1 0x0000000080005ace (0xc7a4ce13) x28 0xfffffffffffffc7a
core   0: 0x0000000080005ad2 (0x007e2eb3) slt     t4, t3, t2
core   0: 1 0x0000000080005ad2 (0x007e2eb3) x29 0x0000000000000001
core   0: 0x0000000080005ad6 (0x2bbd92d3) fmax.d  ft5, fs11, fs11
core   0: 1 0x0000000080005ad6 (0x2bbd92d3) f5  0x7ff8000000000000
core   0: 0x0000000080005ada (0x00f49a33) sll     s4, s1, a5
core   0: 1 0x0000000080005ada (0x00f49a33) x20 0x0000000000000000
core   0: 0x0000000080005ade (0x0006539b) srliw   t2, a2, 0
core   0: 1 0x0000000080005ade (0x0006539b) x7  0xffffffffffffffff
core   0: 0x0000000080005ae2 (0x035a8bbb) mulw    s7, s5, s5
core   0: 1 0x0000000080005ae2 (0x035a8bbb) x23 0x0000000000000144
core   0: 0x0000000080005ae6 (0xd033fe53) fcvt.s.lu ft8, t2
core   0: 1 0x0000000080005ae6 (0xd033fe53) c1_fflags 0x0000000000000013 f28 0xffffffff5f800000
core   0: 0x0000000080005aea (0x41d2debb) sraw    t4, t0, t4
core   0: 1 0x0000000080005aea (0x41d2debb) x29 0x0000000000000000
core   0: 0x0000000080005aee (0x016882bb) addw    t0, a7, s6
core   0: 1 0x0000000080005aee (0x016882bb) x5  0x000000000000c15b
core   0: 0x0000000080005af2 (0x01ce0eb3) add     t4, t3, t3
core   0: 1 0x0000000080005af2 (0x01ce0eb3) x29 0xfffffffffffff8f4
core   0: 0x0000000080005af6 (0x03c16133) rem     sp, sp, t3
core   0: 1 0x0000000080005af6 (0x03c16133) x2  0x000000000000019c
core   0: 0x0000000080005afa (0x00515dbb) srlw    s11, sp, t0
core   0: 1 0x0000000080005afa (0x00515dbb) x27 0x0000000000000000
core   0: 0x0000000080005afe (0xb82eb273) csrrc   tp, minstreth, t4
core   0: exception trap_illegal_instruction, epc 0x0000000080005afe
core   0:           tval 0x00000000b82eb273
core   0: >>>>  $xrv64i2p1_m2p0_a2p1_f2p2_d2p2_zicsr2p0_zifencei2p0_zmmul1p0_zba1p0_zbb1p0_zbc1p0_zbs1p0
core   0: 0x0000000080004000 (0x0080006f) j       pc + 0x8
core   0: 3 0x0000000080004000 (0x0080006f)
core   0: >>>>  mmode_exception_handler
core   0: 0x0000000080004008 (0x00002c17) auipc   s8, 0x2
core   0: 3 0x0000000080004008 (0x00002c17) x24 0x0000000080006008
core   0: 0x000000008000400c (0x09cc0c13) addi    s8, s8, 156
core   0: 3 0x000000008000400c (0x09cc0c13) x24 0x00000000800060a4
core   0: 0x0000000080004010 (0x000c00e7) jalr    s8
core   0: 3 0x0000000080004010 (0x000c00e7) x1  0x0000000080004014
core   0: >>>>  any_handler
core   0: 0x00000000800060a4 (0x341027f3) csrrs   a5, mepc, zero
core   0: 3 0x00000000800060a4 (0x341027f3) x15 0x0000000080005afe
core   0: 0x00000000800060a8 (0x34202773) csrrs   a4, mcause, zero
core   0: 3 0x00000000800060a8 (0x34202773) x14 0x0000000000000002
core   0: 0x00000000800060ac (0x142026f3) csrrs   a3, scause, zero
core   0: 3 0x00000000800060ac (0x142026f3) x13 0x0000000000000000
core   0: 0x00000000800060b0 (0x30402673) csrrs   a2, mie, zero
core   0: 3 0x00000000800060b0 (0x30402673) x12 0x0000000000000a00
core   0: 0x00000000800060b4 (0x344025f3) csrrs   a1, mip, zero
core   0: 3 0x00000000800060b4 (0x344025f3) x11 0x0000000000000080
core   0: 0x00000000800060b8 (0x343025f3) csrrs   a1, mtval, zero
core   0: 3 0x00000000800060b8 (0x343025f3) x11 0x00000000b82eb273
core   0: 0x00000000800060bc (0x14302573) csrrs   a0, stval, zero
core   0: 3 0x00000000800060bc (0x14302573) x10 0x0000000000000015
core   0: 0x00000000800060c0 (0xb02024f3) csrrs   s1, minstret, zero
core   0: 3 0x00000000800060c0 (0xb02024f3) x9  0x0000000000001115
core   0: 0x00000000800060c4 (0x0000a811) c.j     pc + 20
core   0: 3 0x00000000800060c4 (0xa811)
core   0: >>>>  mepc_4
core   0: 0x00000000800060d8 (0x00000791) c.addi  a5, 4
core   0: 3 0x00000000800060d8 (0x0791) x15 0x0000000080005b02
core   0: 0x00000000800060da (0x34179073) csrrw   zero, mepc, a5
core   0: 3 0x00000000800060da (0x34179073) c833_mepc 0x0000000080005b02
core   0: 0x00000000800060de (0x30200073) mret
core   0: 3 0x00000000800060de (0x30200073) c768_mstatus 0x8000000a00106082
core   0: 0x0000000080005b02 (0x00231373) csrrw   t1, frm, t1
core   0: 1 0x0000000080005b02 (0x00231373) x6  0x0000000000000003 c2_frm 0x0000000000000000
core   0: 0x0000000080005b06 (0xdad76437) lui     s0, 0xdad76
core   0: 1 0x0000000080005b06 (0xdad76437) x8  0xffffffffdad76000
core   0: 0x0000000080005b0a (0x00f7e5b3) or      a1, a5, a5
core   0: 1 0x0000000080005b0a (0x00f7e5b3) x11 0x0000000080005b02
core   0: 0x0000000080005b0e (0x0063de9b) srliw   t4, t2, 6
core   0: 1 0x0000000080005b0e (0x0063de9b) x29 0x0000000003ffffff
core   0: 0x0000000080005b12 (0x0ff0000f) fence   iorw,iorw
core   0: 1 0x0000000080005b12 (0x0ff0000f)
core   0: 0x0000000080005b16 (0xf2090bd3) fmv.d.x fs7, s2
core   0: 1 0x0000000080005b16 (0xf2090bd3) f23 0x0000000000000000
core   0: 0x0000000080005b1a (0xc21e7dd3) fcvt.wu.d s11, ft8
core   0: 1 0x0000000080005b1a (0xc21e7dd3) c1_fflags 0x0000000000000013 x27 0xffffffffffffffff
core   0: 0x0000000080005b1e (0x420a84d3) fcvt.d.s fs1, fs5
core   0: 1 0x0000000080005b1e (0x420a84d3) f9  0x7ff8000000000000
core   0: 0x0000000080005b22 (0xf41e0c93) addi    s9, t3, -191
core   0: 1 0x0000000080005b22 (0xf41e0c93) x25 0xfffffffffffffbbb
core   0: 0x0000000080005b26 (0x005ad893) srli    a7, s5, 5
core   0: 1 0x0000000080005b26 (0x005ad893) x17 0x0000000000000000
core   0: 0x0000000080005b2a (0xc0337b53) fcvt.lu.s s6, ft6
core   0: 1 0x0000000080005b2a (0xc0337b53) c1_fflags 0x0000000000000013 x22 0xffffffffffffffff
core   0: 0x0000000080005b2e (0xc03b7873) csrrci  a6, hpmcounter3, 22
core   0: exception trap_illegal_instruction, epc 0x0000000080005b2e
core   0:           tval 0x00000000c03b7873
core   0: >>>>  $xrv64i2p1_m2p0_a2p1_f2p2_d2p2_zicsr2p0_zifencei2p0_zmmul1p0_zba1p0_zbb1p0_zbc1p0_zbs1p0
core   0: 0x0000000080004000 (0x0080006f) j       pc + 0x8
core   0: 3 0x0000000080004000 (0x0080006f)
core   0: >>>>  mmode_exception_handler
core   0: 0x0000000080004008 (0x00002c17) auipc   s8, 0x2
core   0: 3 0x0000000080004008 (0x00002c17) x24 0x0000000080006008
core   0: 0x000000008000400c (0x09cc0c13) addi    s8, s8, 156
core   0: 3 0x000000008000400c (0x09cc0c13) x24 0x00000000800060a4
core   0: 0x0000000080004010 (0x000c00e7) jalr    s8
core   0: 3 0x0000000080004010 (0x000c00e7) x1  0x0000000080004014
core   0: >>>>  any_handler
core   0: 0x00000000800060a4 (0x341027f3) csrrs   a5, mepc, zero
core   0: 3 0x00000000800060a4 (0x341027f3) x15 0x0000000080005b2e
core   0: 0x00000000800060a8 (0x34202773) csrrs   a4, mcause, zero
core   0: 3 0x00000000800060a8 (0x34202773) x14 0x0000000000000002
core   0: 0x00000000800060ac (0x142026f3) csrrs   a3, scause, zero
core   0: 3 0x00000000800060ac (0x142026f3) x13 0x0000000000000000
core   0: 0x00000000800060b0 (0x30402673) csrrs   a2, mie, zero
core   0: 3 0x00000000800060b0 (0x30402673) x12 0x0000000000000a00
core   0: 0x00000000800060b4 (0x344025f3) csrrs   a1, mip, zero
core   0: 3 0x00000000800060b4 (0x344025f3) x11 0x0000000000000080
core   0: 0x00000000800060b8 (0x343025f3) csrrs   a1, mtval, zero
core   0: 3 0x00000000800060b8 (0x343025f3) x11 0x00000000c03b7873
core   0: 0x00000000800060bc (0x14302573) csrrs   a0, stval, zero
core   0: 3 0x00000000800060bc (0x14302573) x10 0x0000000000000015
core   0: 0x00000000800060c0 (0xb02024f3) csrrs   s1, minstret, zero
core   0: 3 0x00000000800060c0 (0xb02024f3) x9  0x0000000000001130
core   0: 0x00000000800060c4 (0x0000a811) c.j     pc + 20
core   0: 3 0x00000000800060c4 (0xa811)
core   0: >>>>  mepc_4
core   0: 0x00000000800060d8 (0x00000791) c.addi  a5, 4
core   0: 3 0x00000000800060d8 (0x0791) x15 0x0000000080005b32
core   0: 0x00000000800060da (0x34179073) csrrw   zero, mepc, a5
core   0: 3 0x00000000800060da (0x34179073) c833_mepc 0x0000000080005b32
core   0: 0x00000000800060de (0x30200073) mret
core   0: 3 0x00000000800060de (0x30200073) c768_mstatus 0x8000000a00106082
core   0: 0x0000000080005b32 (0x42eb4293) xori    t0, s6, 1070
core   0: 1 0x0000000080005b32 (0x42eb4293) x5  0xfffffffffffffbd1
core   0: 0x0000000080005b36 (0xd20883d3) fcvt.d.w ft7, a7
core   0: 1 0x0000000080005b36 (0xd20883d3) f7  0x0000000000000000
core   0: 0x0000000080005b3a (0x0112943b) sllw    s0, t0, a7
core   0: 1 0x0000000080005b3a (0x0112943b) x8  0xfffffffffffffbd1
core   0: 0x0000000080005b3e (0xfed400b7) lui     ra, 0xfed40
core   0: 1 0x0000000080005b3e (0xfed400b7) x1  0xfffffffffed40000
core   0: 0x0000000080005b42 (0xb630809b) addiw   ra, ra, -1181
core   0: 1 0x0000000080005b42 (0xb630809b) x1  0xfffffffffed3fb63
core   0: 0x0000000080005b46 (0x000000b2) c.slli  ra, 12
core   0: 1 0x0000000080005b46 (0x00b2) x1  0xffffffed3fb63000
core   0: 0x0000000080005b48 (0x6e808093) addi    ra, ra, 1768
core   0: 1 0x0000000080005b48 (0x6e808093) x1  0xffffffed3fb636e8
core   0: 0x0000000080005b4c (0x020a0cb3) mul     s9, s4, zero
core   0: 1 0x0000000080005b4c (0x020a0cb3) x25 0x0000000000000000
core   0: 0x0000000080005b50 (0x00000001) c.nop
core   0: 1 0x0000000080005b50 (0x0001)
core   0: 0x0000000080005b52 (0x00101e33) sll     t3, zero, ra
core   0: 1 0x0000000080005b52 (0x00101e33) x28 0x0000000000000000
core   0: 0x0000000080005b56 (0x7ff0e213) ori     tp, ra, 2047
core   0: 1 0x0000000080005b56 (0x7ff0e213) x4  0xffffffed3fb637ff
core   0: 0x0000000080005b5a (0x01223933) sltu    s2, tp, s2
core   0: 1 0x0000000080005b5a (0x01223933) x18 0x0000000000000000
core   0: 0x0000000080005b5e (0x03cc6b3b) remw    s6, s8, t3
core   0: 1 0x0000000080005b5e (0x03cc6b3b) x22 0xffffffff800060a4
core   0: 0x0000000080005b62 (0x032c0db3) mul     s11, s8, s2
core   0: 1 0x0000000080005b62 (0x032c0db3) x27 0x0000000000000000
core   0: 0x0000000080005b66 (0x01bb833b) addw    t1, s7, s11
core   0: 1 0x0000000080005b66 (0x01bb833b) x6  0x0000000000000144
core   0: 0x0000000080005b6a (0x002c94f3) csrrw   s1, frm, s9
core   0: 1 0x0000000080005b6a (0x002c94f3) x9  0x0000000000000000 c2_frm 0x0000000000000000
core   0: 0x0000000080005b6e (0xf2088753) fmv.d.x fa4, a7
core   0: 1 0x0000000080005b6e (0xf2088753) f14 0x0000000000000000
core   0: 0x0000000080005b72 (0x00184c33) xor     s8, a6, ra
core   0: 1 0x0000000080005b72 (0x00184c33) x24 0x00000012c0490850
core   0: 0x0000000080005b76 (0x00202bf3) csrrs   s7, frm, zero
core   0: 1 0x0000000080005b76 (0x00202bf3) x23 0x0000000000000000
core   0: 0x0000000080005b7a (0x025be6b3) rem     a3, s7, t0
core   0: 1 0x0000000080005b7a (0x025be6b3) x13 0x0000000000000000
core   0: 0x0000000080005b7e (0x22c60c53) fsgnj.d fs8, fa2, fa2
core   0: 1 0x0000000080005b7e (0x22c60c53) f24 0x7ff8000000000000
core   0: 0x0000000080005b82 (0x4178073b) subw    a4, a6, s7
core   0: 1 0x0000000080005b82 (0x4178073b) x14 0xffffffffffff3eb8
core   0: 0x0000000080005b86 (0x00a68033) add     zero, a3, a0
core   0: 1 0x0000000080005b86 (0x00a68033)
core   0: 0x0000000080005b8a (0x4056dd1b) sraiw   s10, a3, 5
core   0: 1 0x0000000080005b8a (0x4056dd1b) x26 0x0000000000000000
core   0: 0x0000000080005b8e (0x0007541b) srliw   s0, a4, 0
core   0: 1 0x0000000080005b8e (0x0007541b) x8  0xffffffffffff3eb8
core   0: 0x0000000080005b92 (0x0a67ffd3) fsub.d  ft11, fa5, ft6
core   0: 1 0x0000000080005b92 (0x0a67ffd3) f31 0x7ff8000000000000
core   0: 0x0000000080005b96 (0x01c629b3) slt     s3, a2, t3
core   0: 1 0x0000000080005b96 (0x01c629b3) x19 0x0000000000000000
core   0: 0x0000000080005b9a (0x0012c493) xori    s1, t0, 1
core   0: 1 0x0000000080005b9a (0x0012c493) x9  0xfffffffffffffbd0
core   0: 0x0000000080005b9e (0x0354dcbb) divuw   s9, s1, s5
core   0: 1 0x0000000080005b9e (0x0354dcbb) x25 0x000000000e38e352
core   0: 0x0000000080005ba2 (0x009c9533) sll     a0, s9, s1
core   0: 1 0x0000000080005ba2 (0x009c9533) x10 0x00000e38e3520000
core   0: 0x0000000080005ba6 (0xd22879d3) fcvt.d.l fs3, a6
core   0: 1 0x0000000080005ba6 (0xd22879d3) f19 0xc0e8290000000000
core   0: 0x0000000080005baa (0x00186d13) ori     s10, a6, 1
core   0: 1 0x0000000080005baa (0x00186d13) x26 0xffffffffffff3eb9
core   0: 0x0000000080005bae (0x0ff0000f) fence   iorw,iorw
core   0: 1 0x0000000080005bae (0x0ff0000f)
core   0: 0x0000000080005bb2 (0x0ad7f6d3) fsub.d  fa3, fa5, fa3
core   0: 1 0x0000000080005bb2 (0x0ad7f6d3) f13 0x7ff8000000000000
core   0: 0x0000000080005bb6 (0x409d8a3b) subw    s4, s11, s1
core   0: 1 0x0000000080005bb6 (0x409d8a3b) x20 0x0000000000000430
core   0: 0x0000000080005bba (0x02082333) mulhsu  t1, a6, zero
core   0: 1 0x0000000080005bba (0x02082333) x6  0x0000000000000000
core   0: 0x0000000080005bbe (0x00732db3) slt     s11, t1, t2
core   0: 1 0x0000000080005bbe (0x00732db3) x27 0x0000000000000000
core   0: 0x0000000080005bc2 (0x00301933) sll     s2, zero, gp
core   0: 1 0x0000000080005bc2 (0x00301933) x18 0x0000000000000000
core   0: 0x0000000080005bc6 (0x007054bb) srlw    s1, zero, t2
core   0: 1 0x0000000080005bc6 (0x007054bb) x9  0x0000000000000000
core   0: 0x0000000080005bca (0xd024fb53) fcvt.s.l fs6, s1
core   0: 1 0x0000000080005bca (0xd024fb53) f22 0xffffffff00000000
core   0: 0x0000000080005bce (0x4039561b) sraiw   a2, s2, 3
core   0: 1 0x0000000080005bce (0x4039561b) x12 0x0000000000000000
core   0: 0x0000000080005bd2 (0x015090b3) sll     ra, ra, s5
core   0: 1 0x0000000080005bd2 (0x015090b3) x1  0xffb4fed8dba00000
core   0: 0x0000000080005bd6 (0x4190db1b) sraiw   s6, ra, 25
core   0: 1 0x0000000080005bd6 (0x4190db1b) x22 0xffffffffffffffed
core   0: 0x0000000080005bda (0x5f46c137) lui     sp, 0x5f46c
core   0: 1 0x0000000080005bda (0x5f46c137) x2  0x000000005f46c000
core   0: 0x0000000080005bde (0x13cb7753) fmul.d  fa4, fs6, ft8
core   0: 1 0x0000000080005bde (0x13cb7753) f14 0x7ff8000000000000
core   0: 0x0000000080005be2 (0x9fdc4737) lui     a4, 0x9fdc4
core   0: 1 0x0000000080005be2 (0x9fdc4737) x14 0xffffffff9fdc4000
core   0: 0x0000000080005be6 (0xd22df0d3) fcvt.d.l ft1, s11
core   0: 1 0x0000000080005be6 (0xd22df0d3) f1  0x0000000000000000
core   0: 0x0000000080005bea (0x42098053) fcvt.d.s ft0, fs3
core   0: 1 0x0000000080005bea (0x42098053) f0  0x7ff8000000000000
core   0: 0x0000000080005bee (0x420a06d3) fcvt.d.s fa3, fs4
core   0: 1 0x0000000080005bee (0x420a06d3) f13 0x7ff8000000000000
core   0: 0x0000000080005bf2 (0x409181b3) sub     gp, gp, s1
core   0: 1 0x0000000080005bf2 (0x409181b3) x3  0xffffffffffffff78
core   0: 0x0000000080005bf6 (0xff7850b7) lui     ra, 0xff785
core   0: 1 0x0000000080005bf6 (0xff7850b7) x1  0xffffffffff785000
core   0: 0x0000000080005bfa (0x54d0809b) addiw   ra, ra, 1357
core   0: 1 0x0000000080005bfa (0x54d0809b) x1  0xffffffffff78554d
core   0: 0x0000000080005bfe (0x000000be) c.slli  ra, 15
core   0: 1 0x0000000080005bfe (0x00be) x1  0xffffffbc2aa68000
core   0: 0x0000000080005c00 (0xa4608093) addi    ra, ra, -1466
core   0: 1 0x0000000080005c00 (0xa4608093) x1  0xffffffbc2aa67a46
core   0: 0x0000000080005c04 (0x005b1b33) sll     s6, s6, t0
core   0: 1 0x0000000080005c04 (0x005b1b33) x22 0xffffffffffda0000
core   0: 0x0000000080005c08 (0x0019d313) srli    t1, s3, 1
core   0: 1 0x0000000080005c08 (0x0019d313) x6  0x0000000000000000
core   0: 0x0000000080005c0c (0x0113149b) slliw   s1, t1, 17
core   0: 1 0x0000000080005c0c (0x0113149b) x9  0x0000000000000000
core   0: 0x0000000080005c10 (0xe03e081b) addiw   a6, t3, -509
core   0: 1 0x0000000080005c10 (0xe03e081b) x16 0xfffffffffffffe03
core   0: 0x0000000080005c14 (0x1d530613) addi    a2, t1, 469
core   0: 1 0x0000000080005c14 (0x1d530613) x12 0x00000000000001d5
core   0: 0x0000000080005c18 (0x40c855b3) sra     a1, a6, a2
core   0: 1 0x0000000080005c18 (0x40c855b3) x11 0xffffffffffffffff
core   0: 0x0000000080005c1c (0x02c25ab3) divu    s5, tp, a2
core   0: 1 0x0000000080005c1c (0x02c25ab3) x21 0x008bbc50bea280f0
core   0: 0x0000000080005c20 (0x000001ea) c.slli  gp, 26
core   0: 1 0x0000000080005c20 (0x01ea) x3  0xfffffffde0000000
core   0: 0x0000000080005c22 (0x3259e993) ori     s3, s3, 805
core   0: 1 0x0000000080005c22 (0x3259e993) x19 0x0000000000000325
core   0: 0x0000000080005c26 (0x025860bb) remw    ra, a6, t0
core   0: 1 0x0000000080005c26 (0x025860bb) x1  0xfffffffffffffe03
core   0: 0x0000000080005c2a (0x405a84bb) subw    s1, s5, t0
core   0: 1 0x0000000080005c2a (0x405a84bb) x9  0xffffffffbea2851f
core   0: 0x0000000080005c2e (0x00148533) add     a0, s1, ra
core   0: 1 0x0000000080005c2e (0x00148533) x10 0xffffffffbea28322
core   0: 0x0000000080005c32 (0x001c7e33) and     t3, s8, ra
core   0: 1 0x0000000080005c32 (0x001c7e33) x28 0x00000012c0490800
core   0: 0x0000000080005c36 (0x0a01f153) fsub.d  ft2, ft3, ft0
core   0: 1 0x0000000080005c36 (0x0a01f153) f2  0x7ff8000000000000
core   0: 0x0000000080005c3a (0x5a0e7453) fsqrt.d fs0, ft8
core   0: 1 0x0000000080005c3a (0x5a0e7453) f8  0x7ff8000000000000
core   0: 0x0000000080005c3e (0x0213f73b) remuw   a4, t2, ra
core   0: 1 0x0000000080005c3e (0x0213f73b) x14 0x00000000000001fc
core   0: 0x0000000080005c42 (0x13087fc7) fmsub.d ft11, fa6, fa6, ft2
core   0: 1 0x0000000080005c42 (0x13087fc7) f31 0x7ff8000000000000
core   0: 0x0000000080005c46 (0x02a757bb) divuw   a5, a4, a0
core   0: 1 0x0000000080005c46 (0x02a757bb) x15 0x0000000000000000
core   0: 0x0000000080005c4a (0x001895bb) sllw    a1, a7, ra
core   0: 1 0x0000000080005c4a (0x001895bb) x11 0x0000000000000000
core   0: 0x0000000080005c4e (0x02a69033) mulh    zero, a3, a0
core   0: 1 0x0000000080005c4e (0x02a69033)
core   0: 0x0000000080005c52 (0x00f7d633) srl     a2, a5, a5
core   0: 1 0x0000000080005c52 (0x00f7d633) x12 0x0000000000000000
core   0: 0x0000000080005c56 (0x01fa579b) srliw   a5, s4, 31
core   0: 1 0x0000000080005c56 (0x01fa579b) x15 0x0000000000000000
core   0: 0x0000000080005c5a (0x2abf80d3) fmin.d  ft1, ft11, fa1
core   0: 1 0x0000000080005c5a (0x2abf80d3) f1  0x0000000000000000
core   0: 0x0000000080005c5e (0x030e5e93) srli    t4, t3, 48
core   0: 1 0x0000000080005c5e (0x030e5e93) x29 0x0000000000000000
core   0: 0x0000000080005c62 (0x232a0cd3) fsgnj.d fs9, fs4, fs2
core   0: 1 0x0000000080005c62 (0x232a0cd3) f25 0x7ff8000000000000
core   0: 0x0000000080005c66 (0xb7918613) addi    a2, gp, -1159
core   0: 1 0x0000000080005c66 (0xb7918613) x12 0xfffffffddffffb79
core   0: 0x0000000080005c6a (0x02ceb733) mulhu   a4, t4, a2
core   0: 1 0x0000000080005c6a (0x02ceb733) x14 0x0000000000000000
core   0: 0x0000000080005c6e (0xf15a3b73) csrrc   s6, mconfigptr, s4
core   0: exception trap_illegal_instruction, epc 0x0000000080005c6e
core   0:           tval 0x00000000f15a3b73
core   0: >>>>  $xrv64i2p1_m2p0_a2p1_f2p2_d2p2_zicsr2p0_zifencei2p0_zmmul1p0_zba1p0_zbb1p0_zbc1p0_zbs1p0
core   0: 0x0000000080004000 (0x0080006f) j       pc + 0x8
core   0: 3 0x0000000080004000 (0x0080006f)
core   0: >>>>  mmode_exception_handler
core   0: 0x0000000080004008 (0x00002c17) auipc   s8, 0x2
core   0: 3 0x0000000080004008 (0x00002c17) x24 0x0000000080006008
core   0: 0x000000008000400c (0x09cc0c13) addi    s8, s8, 156
core   0: 3 0x000000008000400c (0x09cc0c13) x24 0x00000000800060a4
core   0: 0x0000000080004010 (0x000c00e7) jalr    s8
core   0: 3 0x0000000080004010 (0x000c00e7) x1  0x0000000080004014
core   0: >>>>  any_handler
core   0: 0x00000000800060a4 (0x341027f3) csrrs   a5, mepc, zero
core   0: 3 0x00000000800060a4 (0x341027f3) x15 0x0000000080005c6e
core   0: 0x00000000800060a8 (0x34202773) csrrs   a4, mcause, zero
core   0: 3 0x00000000800060a8 (0x34202773) x14 0x0000000000000002
core   0: 0x00000000800060ac (0x142026f3) csrrs   a3, scause, zero
core   0: 3 0x00000000800060ac (0x142026f3) x13 0x0000000000000000
core   0: 0x00000000800060b0 (0x30402673) csrrs   a2, mie, zero
core   0: 3 0x00000000800060b0 (0x30402673) x12 0x0000000000000a00
core   0: 0x00000000800060b4 (0x344025f3) csrrs   a1, mip, zero
core   0: 3 0x00000000800060b4 (0x344025f3) x11 0x0000000000000080
core   0: 0x00000000800060b8 (0x343025f3) csrrs   a1, mtval, zero
core   0: 3 0x00000000800060b8 (0x343025f3) x11 0x00000000f15a3b73
core   0: 0x00000000800060bc (0x14302573) csrrs   a0, stval, zero
core   0: 3 0x00000000800060bc (0x14302573) x10 0x0000000000000015
core   0: 0x00000000800060c0 (0xb02024f3) csrrs   s1, minstret, zero
core   0: 3 0x00000000800060c0 (0xb02024f3) x9  0x0000000000001191
core   0: 0x00000000800060c4 (0x0000a811) c.j     pc + 20
core   0: 3 0x00000000800060c4 (0xa811)
core   0: >>>>  mepc_4
core   0: 0x00000000800060d8 (0x00000791) c.addi  a5, 4
core   0: 3 0x00000000800060d8 (0x0791) x15 0x0000000080005c72
core   0: 0x00000000800060da (0x34179073) csrrw   zero, mepc, a5
core   0: 3 0x00000000800060da (0x34179073) c833_mepc 0x0000000080005c72
core   0: 0x00000000800060de (0x30200073) mret
core   0: 3 0x00000000800060de (0x30200073) c768_mstatus 0x8000000a00106082
core   0: 0x0000000080005c72 (0x5a067c53) fsqrt.d fs8, fa2
core   0: 1 0x0000000080005c72 (0x5a067c53) f24 0x7ff8000000000000
core   0: 0x0000000080005c76 (0x036d653b) remw    a0, s10, s6
core   0: 1 0x0000000080005c76 (0x036d653b) x10 0xffffffffffff3eb9
core   0: 0x0000000080005c7a (0x2b8c98d3) fmax.d  fa7, fs9, fs8
core   0: 1 0x0000000080005c7a (0x2b8c98d3) f17 0x7ff8000000000000
core   0: 0x0000000080005c7e (0x01b9961b) slliw   a2, s3, 27
core   0: 1 0x0000000080005c7e (0x01b9961b) x12 0x0000000028000000
core   0: 0x0000000080005c82 (0x4003d79b) sraiw   a5, t2, 0
core   0: 1 0x0000000080005c82 (0x4003d79b) x15 0xffffffffffffffff
core   0: 0x0000000080005c86 (0xfab37737) lui     a4, 0xfab37
core   0: 1 0x0000000080005c86 (0xfab37737) x14 0xfffffffffab37000
core   0: 0x0000000080005c8a (0x42088653) fcvt.d.s fa2, fa7
core   0: 1 0x0000000080005c8a (0x42088653) f12 0x7ff8000000000000
core   0: 0x0000000080005c8e (0x002026f3) csrrs   a3, frm, zero
core   0: 1 0x0000000080005c8e (0x002026f3) x13 0x0000000000000000
core   0: 0x0000000080005c92 (0x800ef113) andi    sp, t4, -2048
core   0: 1 0x0000000080005c92 (0x800ef113) x2  0x0000000000000000
core   0: 0x0000000080005c96 (0x00000001) c.nop
core   0: 1 0x0000000080005c96 (0x0001)
core   0: 0x0000000080005c98 (0xc211f053) fcvt.wu.d zero, ft3
core   0: 1 0x0000000080005c98 (0xc211f053) c1_fflags 0x0000000000000013
core   0: 0x0000000080005c9c (0xf20b0fd3) fmv.d.x ft11, s6
core   0: 1 0x0000000080005c9c (0xf20b0fd3) f31 0xffffffffffda0000
core   0: 0x0000000080005ca0 (0x00c662b3) or      t0, a2, a2
core   0: 1 0x0000000080005ca0 (0x00c662b3) x5  0x0000000028000000
core   0: 0x0000000080005ca4 (0x00000001) c.nop
core   0: 1 0x0000000080005ca4 (0x0001)
core   0: 0x0000000080005ca6 (0x032ff5d3) fadd.d  fa1, ft11, fs2
core   0: 1 0x0000000080005ca6 (0x032ff5d3) f11 0x7ff8000000000000
core   0: 0x0000000080005caa (0xd03e72d3) fcvt.s.lu ft5, t3
core   0: 1 0x0000000080005caa (0xd03e72d3) c1_fflags 0x0000000000000013 f5  0xffffffff51960248
core   0: 0x0000000080005cae (0x011af433) and     s0, s5, a7
core   0: 1 0x0000000080005cae (0x011af433) x8  0x0000000000000000
core   0: 0x0000000080005cb2 (0x00391213) slli    tp, s2, 3
core   0: 1 0x0000000080005cb2 (0x00391213) x4  0x0000000000000000
core   0: 0x0000000080005cb6 (0x408e59b3) sra     s3, t3, s0
core   0: 1 0x0000000080005cb6 (0x408e59b3) x19 0x00000012c0490800
core   0: 0x0000000080005cba (0x7ff6f693) andi    a3, a3, 2047
core   0: 1 0x0000000080005cba (0x7ff6f693) x13 0x0000000000000000
core   0: 0x0000000080005cbe (0x4007d03b) sraw    zero, a5, zero
core   0: 1 0x0000000080005cbe (0x4007d03b)
core   0: 0x0000000080005cc2 (0x41855c3b) sraw    s8, a0, s8
core   0: 1 0x0000000080005cc2 (0x41855c3b) x24 0xfffffffffffff3eb
core   0: 0x0000000080005cc6 (0x0fabfa17) auipc   s4, 0xfabf
core   0: 1 0x0000000080005cc6 (0x0fabfa17) x20 0x000000008fac4cc6
core   0: 0x0000000080005cca (0x01165b9b) srliw   s7, a2, 17
core   0: 1 0x0000000080005cca (0x01165b9b) x23 0x0000000000001400
core   0: 0x0000000080005cce (0xc030f3d3) fcvt.lu.s t2, ft1
core   0: 1 0x0000000080005cce (0xc030f3d3) c1_fflags 0x0000000000000013 x7  0xffffffffffffffff
core   0: 0x0000000080005cd2 (0xd20b83d3) fcvt.d.w ft7, s7
core   0: 1 0x0000000080005cd2 (0xd20b83d3) f7  0x40b4000000000000
core   0: 0x0000000080005cd6 (0x7c3c071b) addiw   a4, s8, 1987
core   0: 1 0x0000000080005cd6 (0x7c3c071b) x14 0xfffffffffffffbae
core   0: 0x0000000080005cda (0xc4bf6537) lui     a0, 0xc4bf6
core   0: 1 0x0000000080005cda (0xc4bf6537) x10 0xffffffffc4bf6000
core   0: 0x0000000080005cde (0x02ed6d33) rem     s10, s10, a4
core   0: 1 0x0000000080005cde (0x02ed6d33) x26 0xfffffffffffffcd1
core   0: 0x0000000080005ce2 (0x0a7575d3) fsub.d  fa1, fa0, ft7
core   0: 1 0x0000000080005ce2 (0x0a7575d3) f11 0x7ff8000000000000
core   0: 0x0000000080005ce6 (0x40aadab3) sra     s5, s5, a0
core   0: 1 0x0000000080005ce6 (0x40aadab3) x21 0x008bbc50bea280f0
core   0: 0x0000000080005cea (0x00000001) c.nop
core   0: 1 0x0000000080005cea (0x0001)
core   0: 0x0000000080005cec (0x0015da13) srli    s4, a1, 1
core   0: 1 0x0000000080005cec (0x0015da13) x20 0x0000000078ad1db9
core   0: 0x0000000080005cf0 (0x00dc16b3) sll     a3, s8, a3
core   0: 1 0x0000000080005cf0 (0x00dc16b3) x13 0xfffffffffffff3eb
core   0: 0x0000000080005cf4 (0x1212f553) fmul.d  fa0, ft5, ft1
core   0: 1 0x0000000080005cf4 (0x1212f553) f10 0x7ff8000000000000
core   0: 0x0000000080005cf8 (0x0aa2f9d3) fsub.d  fs3, ft5, fa0
core   0: 1 0x0000000080005cf8 (0x0aa2f9d3) f19 0x7ff8000000000000
core   0: 0x0000000080005cfc (0x139efcd3) fmul.d  fs9, ft9, fs9
core   0: 1 0x0000000080005cfc (0x139efcd3) f25 0x7ff8000000000000
core   0: 0x0000000080005d00 (0xd22d7ad3) fcvt.d.l fs5, s10
core   0: 1 0x0000000080005d00 (0xd22d7ad3) f21 0xc089780000000000
core   0: 0x0000000080005d04 (0x02d9b3b3) mulhu   t2, s3, a3
core   0: 1 0x0000000080005d04 (0x02d9b3b3) x7  0x00000012c04907ff
core   0: 0x0000000080005d08 (0xd21c8953) fcvt.d.wu fs2, s9
core   0: 1 0x0000000080005d08 (0xd21c8953) f18 0x41ac71c6a4000000
core   0: 0x0000000080005d0c (0x0ff0000f) fence   iorw,iorw
core   0: 1 0x0000000080005d0c (0x0ff0000f)
core   0: 0x0000000080005d10 (0x4021013b) subw    sp, sp, sp
core   0: 1 0x0000000080005d10 (0x4021013b) x2  0x0000000000000000
core   0: 0x0000000080005d14 (0x000d591b) srliw   s2, s10, 0
core   0: 1 0x0000000080005d14 (0x000d591b) x18 0xfffffffffffffcd1
core   0: 0x0000000080005d18 (0xd0217d53) fcvt.s.l fs10, sp
core   0: 1 0x0000000080005d18 (0xd0217d53) f26 0xffffffff00000000
core   0: 0x0000000080005d1c (0x004d5493) srli    s1, s10, 4
core   0: 1 0x0000000080005d1c (0x004d5493) x9  0x0fffffffffffffcd
core   0: 0x0000000080005d20 (0xc214f353) fcvt.wu.d t1, fs1
core   0: 1 0x0000000080005d20 (0xc214f353) c1_fflags 0x0000000000000013 x6  0xffffffffffffffff
core   0: 0x0000000080005d24 (0x00421e33) sll     t3, tp, tp
core   0: 1 0x0000000080005d24 (0x00421e33) x28 0x0000000000000000
core   0: 0x0000000080005d28 (0x22df1cd3) fsgnjn.d fs9, ft10, fa3
core   0: 1 0x0000000080005d28 (0x22df1cd3) f25 0xfff8000000000000
core   0: 0x0000000080005d2c (0x2b9888d3) fmin.d  fa7, fa7, fs9
core   0: 1 0x0000000080005d2c (0x2b9888d3) f17 0x7ff8000000000000
core   0: 0x0000000080005d30 (0x01a78b3b) addw    s6, a5, s10
core   0: 1 0x0000000080005d30 (0x01a78b3b) x22 0xfffffffffffffcd0
core   0: 0x0000000080005d34 (0x035af8bb) remuw   a7, s5, s5
core   0: 1 0x0000000080005d34 (0x035af8bb) x17 0x0000000000000000
core   0: 0x0000000080005d38 (0x239392d3) fsgnjn.d ft5, ft7, fs9
core   0: 1 0x0000000080005d38 (0x239392d3) f5  0x40b4000000000000
core   0: 0x0000000080005d3c (0xf11054f3) csrrwi  s1, mvendorid, 0
core   0: exception trap_illegal_instruction, epc 0x0000000080005d3c
core   0:           tval 0x00000000f11054f3
core   0: >>>>  $xrv64i2p1_m2p0_a2p1_f2p2_d2p2_zicsr2p0_zifencei2p0_zmmul1p0_zba1p0_zbb1p0_zbc1p0_zbs1p0
core   0: 0x0000000080004000 (0x0080006f) j       pc + 0x8
core   0: 3 0x0000000080004000 (0x0080006f)
core   0: >>>>  mmode_exception_handler
core   0: 0x0000000080004008 (0x00002c17) auipc   s8, 0x2
core   0: 3 0x0000000080004008 (0x00002c17) x24 0x0000000080006008
core   0: 0x000000008000400c (0x09cc0c13) addi    s8, s8, 156
core   0: 3 0x000000008000400c (0x09cc0c13) x24 0x00000000800060a4
core   0: 0x0000000080004010 (0x000c00e7) jalr    s8
core   0: 3 0x0000000080004010 (0x000c00e7) x1  0x0000000080004014
core   0: >>>>  any_handler
core   0: 0x00000000800060a4 (0x341027f3) csrrs   a5, mepc, zero
core   0: 3 0x00000000800060a4 (0x341027f3) x15 0x0000000080005d3c
core   0: 0x00000000800060a8 (0x34202773) csrrs   a4, mcause, zero
core   0: 3 0x00000000800060a8 (0x34202773) x14 0x0000000000000002
core   0: 0x00000000800060ac (0x142026f3) csrrs   a3, scause, zero
core   0: 3 0x00000000800060ac (0x142026f3) x13 0x0000000000000000
core   0: 0x00000000800060b0 (0x30402673) csrrs   a2, mie, zero
core   0: 3 0x00000000800060b0 (0x30402673) x12 0x0000000000000a00
core   0: 0x00000000800060b4 (0x344025f3) csrrs   a1, mip, zero
core   0: 3 0x00000000800060b4 (0x344025f3) x11 0x0000000000000080
core   0: 0x00000000800060b8 (0x343025f3) csrrs   a1, mtval, zero
core   0: 3 0x00000000800060b8 (0x343025f3) x11 0x00000000f11054f3
core   0: 0x00000000800060bc (0x14302573) csrrs   a0, stval, zero
core   0: 3 0x00000000800060bc (0x14302573) x10 0x0000000000000015
core   0: 0x00000000800060c0 (0xb02024f3) csrrs   s1, minstret, zero
core   0: 3 0x00000000800060c0 (0xb02024f3) x9  0x00000000000011d5
core   0: 0x00000000800060c4 (0x0000a811) c.j     pc + 20
core   0: 3 0x00000000800060c4 (0xa811)
core   0: >>>>  mepc_4
core   0: 0x00000000800060d8 (0x00000791) c.addi  a5, 4
core   0: 3 0x00000000800060d8 (0x0791) x15 0x0000000080005d40
core   0: 0x00000000800060da (0x34179073) csrrw   zero, mepc, a5
core   0: 3 0x00000000800060da (0x34179073) c833_mepc 0x0000000080005d40
core   0: 0x00000000800060de (0x30200073) mret
core   0: 3 0x00000000800060de (0x30200073) c768_mstatus 0x8000000a00106082
core   0: 0x0000000080005d40 (0x01188033) add     zero, a7, a7
core   0: 1 0x0000000080005d40 (0x01188033)
core   0: 0x0000000080005d44 (0x00000001) c.nop
core   0: 1 0x0000000080005d44 (0x0001)
core   0: 0x0000000080005d46 (0xd034fb53) fcvt.s.lu fs6, s1
core   0: 1 0x0000000080005d46 (0xd034fb53) f22 0xffffffff458ea800
core   0: 0x0000000080005d4a (0x031e1c33) mulh    s8, t3, a7
core   0: 1 0x0000000080005d4a (0x031e1c33) x24 0x0000000000000000
core   0: 0x0000000080005d4e (0xc233fdd3) fcvt.lu.d s11, ft7
core   0: 1 0x0000000080005d4e (0xc233fdd3) x27 0x0000000000001400
core   0: 0x0000000080005d52 (0x42e15213) srai    tp, sp, 46
core   0: 1 0x0000000080005d52 (0x42e15213) x4  0x0000000000000000
core   0: 0x0000000080005d56 (0xc028f3d3) fcvt.l.s t2, fa7
core   0: 1 0x0000000080005d56 (0xc028f3d3) c1_fflags 0x0000000000000013 x7  0x7fffffffffffffff
core   0: 0x0000000080005d5a (0x029bd793) srli    a5, s7, 41
core   0: 1 0x0000000080005d5a (0x029bd793) x15 0x0000000000000000
core   0: 0x0000000080005d5e (0x01421b13) slli    s6, tp, 20
core   0: 1 0x0000000080005d5e (0x01421b13) x22 0x0000000000000000
core   0: 0x0000000080005d62 (0x010c843b) addw    s0, s9, a6
core   0: 1 0x0000000080005d62 (0x010c843b) x8  0x000000000e38e155
core   0: 0x0000000080005d66 (0xb2d100b7) lui     ra, 0xb2d10
core   0: 1 0x0000000080005d66 (0xb2d100b7) x1  0xffffffffb2d10000
core   0: 0x0000000080005d6a (0x4005d793) srai    a5, a1, 0
core   0: 1 0x0000000080005d6a (0x4005d793) x15 0x00000000f11054f3
core   0: 0x0000000080005d6e (0xd030f6d3) fcvt.s.lu fa3, ra
core   0: 1 0x0000000080005d6e (0xd030f6d3) c1_fflags 0x0000000000000013 f13 0xffffffff5f800000
core   0: 0x0000000080005d72 (0x0b03ff53) fsub.d  ft10, ft7, fa6
core   0: 1 0x0000000080005d72 (0x0b03ff53) f30 0x7ff8000000000000
core   0: 0x0000000080005d76 (0xf20407d3) fmv.d.x fa5, s0
core   0: 1 0x0000000080005d76 (0xf20407d3) f15 0x000000000e38e155
core   0: 0x0000000080005d7a (0x036a2db3) mulhsu  s11, s4, s6
core   0: 1 0x0000000080005d7a (0x036a2db3) x27 0x0000000000000000
core   0: 0x0000000080005d7e (0x4070599b) sraiw   s3, zero, 7
core   0: 1 0x0000000080005d7e (0x4070599b) x19 0x0000000000000000
core   0: 0x0000000080005d82 (0x013a0dbb) addw    s11, s4, s3
core   0: 1 0x0000000080005d82 (0x013a0dbb) x27 0x0000000078ad1db9
core   0: 0x0000000080005d86 (0x22ff29d3) fsgnjx.d fs3, ft10, fa5
core   0: 1 0x0000000080005d86 (0x22ff29d3) f19 0x7ff8000000000000
core   0: 0x0000000080005d8a (0x420801d3) fcvt.d.s ft3, fa6
core   0: 1 0x0000000080005d8a (0x420801d3) f3  0x7ff8000000000000
core   0: 0x0000000080005d8e (0x01ba5833) srl     a6, s4, s11
core   0: 1 0x0000000080005d8e (0x01ba5833) x16 0x0000000000000000
core   0: 0x0000000080005d92 (0x01f31a1b) slliw   s4, t1, 31
core   0: 1 0x0000000080005d92 (0x01f31a1b) x20 0xffffffff80000000
core   0: 0x0000000080005d96 (0x0af1ff53) fsub.d  ft10, ft3, fa5
core   0: 1 0x0000000080005d96 (0x0af1ff53) f30 0x7ff8000000000000
core   0: 0x0000000080005d9a (0x02edccb3) div     s9, s11, a4
core   0: 1 0x0000000080005d9a (0x02edccb3) x25 0x000000003c568edc
core   0: 0x0000000080005d9e (0x0a4f7e53) fsub.d  ft8, ft10, ft4
core   0: 1 0x0000000080005d9e (0x0a4f7e53) f28 0x7ff8000000000000
core   0: 0x0000000080005da2 (0x028d6d33) rem     s10, s10, s0
core   0: 1 0x0000000080005da2 (0x028d6d33) x26 0xfffffffffffffcd1
core   0: 0x0000000080005da6 (0x00bd4c33) xor     s8, s10, a1
core   0: 1 0x0000000080005da6 (0x00bd4c33) x24 0xffffffff0eefa822
core   0: 0x0000000080005daa (0x03ee7553) fadd.d  fa0, ft8, ft10
core   0: 1 0x0000000080005daa (0x03ee7553) f10 0x7ff8000000000000
core   0: 0x0000000080005dae (0x4198581b) sraiw   a6, a6, 25
core   0: 1 0x0000000080005dae (0x4198581b) x16 0x0000000000000000
core   0: 0x0000000080005db2 (0x0ff0000f) fence   iorw,iorw
core   0: 1 0x0000000080005db2 (0x0ff0000f)
core   0: 0x0000000080005db6 (0x01ed5a93) srli    s5, s10, 30
core   0: 1 0x0000000080005db6 (0x01ed5a93) x21 0x00000003ffffffff
core   0: 0x0000000080005dba (0x4087d9b3) sra     s3, a5, s0
core   0: 1 0x0000000080005dba (0x4087d9b3) x19 0x0000000000000788
core   0: 0x0000000080005dbe (0x016dc9b3) xor     s3, s11, s6
core   0: 1 0x0000000080005dbe (0x016dc9b3) x19 0x0000000078ad1db9
core   0: 0x0000000080005dc2 (0x16eb019b) addiw   gp, s6, 366
core   0: 1 0x0000000080005dc2 (0x16eb019b) x3  0x000000000000016e
core   0: 0x0000000080005dc6 (0x92920813) addi    a6, tp, -1751
core   0: 1 0x0000000080005dc6 (0x92920813) x16 0xfffffffffffff929
core   0: 0x0000000080005dca (0x43fdde93) srai    t4, s11, 63
core   0: 1 0x0000000080005dca (0x43fdde93) x29 0x0000000000000000
core   0: 0x0000000080005dce (0x40635333) sra     t1, t1, t1
core   0: 1 0x0000000080005dce (0x40635333) x6  0xffffffffffffffff
core   0: 0x0000000080005dd2 (0x02216733) rem     a4, sp, sp
core   0: 1 0x0000000080005dd2 (0x02216733) x14 0x0000000000000000
core   0: 0x0000000080005dd6 (0x00e2f2b3) and     t0, t0, a4
core   0: 1 0x0000000080005dd6 (0x00e2f2b3) x5  0x0000000000000000
core   0: 0x0000000080005dda (0x40d3d833) sra     a6, t2, a3
core   0: 1 0x0000000080005dda (0x40d3d833) x16 0x7fffffffffffffff
core   0: 0x0000000080005dde (0x52e1714b) fnmsub.d ft2, ft2, fa4, fa0
core   0: 1 0x0000000080005dde (0x52e1714b) f2  0x7ff8000000000000
core   0: 0x0000000080005de2 (0xd03878d3) fcvt.s.lu fa7, a6
core   0: 1 0x0000000080005de2 (0xd03878d3) c1_fflags 0x0000000000000013 f17 0xffffffff5f000000
core   0: 0x0000000080005de6 (0x01010ebb) addw    t4, sp, a6
core   0: 1 0x0000000080005de6 (0x01010ebb) x29 0xffffffffffffffff
core   0: 0x0000000080005dea (0x5a017453) fsqrt.d fs0, ft2
core   0: 1 0x0000000080005dea (0x5a017453) f8  0x7ff8000000000000
core   0: 0x0000000080005dee (0x001a903b) sllw    zero, s5, ra
core   0: 1 0x0000000080005dee (0x001a903b)
core   0: 0x0000000080005df2 (0x228aaf53) fsgnjx.d ft10, fs5, fs0
core   0: 1 0x0000000080005df2 (0x228aaf53) f30 0xc089780000000000
core   0: 0x0000000080005df6 (0x401f7353) fcvt.s.d ft6, ft10
core   0: 1 0x0000000080005df6 (0x401f7353) f6  0xffffffffc44bc000
core   0: 0x0000000080005dfa (0x0ff0000f) fence   iorw,iorw
core   0: 1 0x0000000080005dfa (0x0ff0000f)
core   0: 0x0000000080005dfe (0xf366c693) xori    a3, a3, -202
core   0: 1 0x0000000080005dfe (0xf366c693) x13 0xffffffffffffff36
core   0: 0x0000000080005e02 (0x035a2cb3) mulhsu  s9, s4, s5
core   0: 1 0x0000000080005e02 (0x035a2cb3) x25 0xfffffffffffffffe
core   0: 0x0000000080005e06 (0x03f9dc13) srli    s8, s3, 63
core   0: 1 0x0000000080005e06 (0x03f9dc13) x24 0x0000000000000000
core   0: 0x0000000080005e0a (0xddae0613) addi    a2, t3, -550
core   0: 1 0x0000000080005e0a (0xddae0613) x12 0xfffffffffffffdda
core   0: 0x0000000080005e0e (0xe20a0453) fmv.x.d s0, fs4
core   0: 1 0x0000000080005e0e (0xe20a0453) x8  0x7ff8000000000000
core   0: 0x0000000080005e12 (0x01a10d3b) addw    s10, sp, s10
core   0: 1 0x0000000080005e12 (0x01a10d3b) x26 0xfffffffffffffcd1
core   0: 0x0000000080005e16 (0x03f51493) slli    s1, a0, 63
core   0: 1 0x0000000080005e16 (0x03f51493) x9  0x8000000000000000
core   0: 0x0000000080005e1a (0x40025313) srai    t1, tp, 0
core   0: 1 0x0000000080005e1a (0x40025313) x6  0x0000000000000000
core   0: 0x0000000080005e1e (0x009e903b) sllw    zero, t4, s1
core   0: 1 0x0000000080005e1e (0x009e903b)
core   0: 0x0000000080005e22 (0x00c3de1b) srliw   t3, t2, 12
core   0: 1 0x0000000080005e22 (0x00c3de1b) x28 0x00000000000fffff
core   0: 0x0000000080005e26 (0x409ad4b3) sra     s1, s5, s1
core   0: 1 0x0000000080005e26 (0x409ad4b3) x9  0x00000003ffffffff
core   0: 0x0000000080005e2a (0x02a516b3) mulh    a3, a0, a0
core   0: 1 0x0000000080005e2a (0x02a516b3) x13 0x0000000000000000
core   0: 0x0000000080005e2e (0x40f90ab3) sub     s5, s2, a5
core   0: 1 0x0000000080005e2e (0x40f90ab3) x21 0xffffffff0eefa7de
core   0: 0x0000000080005e32 (0x105919f3) csrrw   s3, stvec, s2
core   0: 1 0x0000000080005e32 (0x105919f3) x19 0x0000000000000000 c261_stvec 0xfffffffffffffcd1
core   0: 0x0000000080005e36 (0x40095b93) srai    s7, s2, 0
core   0: 1 0x0000000080005e36 (0x40095b93) x23 0xfffffffffffffcd1
core   0: 0x0000000080005e3a (0x02643433) mulhu   s0, s0, t1
core   0: 1 0x0000000080005e3a (0x02643433) x8  0x0000000000000000
core   0: 0x0000000080005e3e (0x1a72f3d3) fdiv.d  ft7, ft5, ft7
core   0: 1 0x0000000080005e3e (0x1a72f3d3) f7  0x3ff0000000000000
core   0: 0x0000000080005e42 (0xe2697e4b) fnmsub.d ft8, fs2, ft6, ft8
core   0: 1 0x0000000080005e42 (0xe2697e4b) f28 0x7ff8000000000000
core   0: 0x0000000080005e46 (0x0155d59b) srliw   a1, a1, 21
core   0: 1 0x0000000080005e46 (0x0155d59b) x11 0x0000000000000788
core   0: 0x0000000080005e4a (0xead90e93) addi    t4, s2, -339
core   0: 1 0x0000000080005e4a (0xead90e93) x29 0xfffffffffffffb7e
core   0: 0x0000000080005e4e (0x02016737) lui     a4, 0x2016
core   0: 1 0x0000000080005e4e (0x02016737) x14 0x0000000002016000
core   0: 0x0000000080005e52 (0x407c803b) subw    zero, s9, t2
core   0: 1 0x0000000080005e52 (0x407c803b)
core   0: 0x0000000080005e56 (0x00e56a33) or      s4, a0, a4
core   0: 1 0x0000000080005e56 (0x00e56a33) x20 0x0000000002016015
core   0: 0x0000000080005e5a (0x00a2123b) sllw    tp, tp, a0
core   0: 1 0x0000000080005e5a (0x00a2123b) x4  0x0000000000000000
core   0: 0x0000000080005e5e (0x001998f3) csrrw   a7, fflags, s3
core   0: 1 0x0000000080005e5e (0x001998f3) x17 0x0000000000000013 c1_fflags 0x0000000000000000
core   0: 0x0000000080005e62 (0x401bf8d3) fcvt.s.d fa7, fs7
core   0: 1 0x0000000080005e62 (0x401bf8d3) f17 0xffffffff00000000
core   0: 0x0000000080005e66 (0x2b7c04d3) fmin.d  fs1, fs8, fs7
core   0: 1 0x0000000080005e66 (0x2b7c04d3) f9  0x0000000000000000
core   0: 0x0000000080005e6a (0x2a988bd3) fmin.d  fs7, fa7, fs1
core   0: 1 0x0000000080005e6a (0x2a988bd3) f23 0x0000000000000000
core   0: 0x0000000080005e6e (0x034c30b3) mulhu   ra, s8, s4
core   0: 1 0x0000000080005e6e (0x034c30b3) x1  0x0000000000000000
core   0: 0x0000000080005e72 (0xa29cf7cb) fnmsub.d fa5, fs9, fs1, fs4
core   0: 1 0x0000000080005e72 (0xa29cf7cb) f15 0x7ff8000000000000
core   0: 0x0000000080005e76 (0x41575e33) sra     t3, a4, s5
core   0: 1 0x0000000080005e76 (0x41575e33) x28 0x0000000000000000
core   0: 0x0000000080005e7a (0x4003589b) sraiw   a7, t1, 0
core   0: 1 0x0000000080005e7a (0x4003589b) x17 0x0000000000000000
core   0: 0x0000000080005e7e (0x2a2c81d3) fmin.d  ft3, fs9, ft2
core   0: 1 0x0000000080005e7e (0x2a2c81d3) f3  0x7ff8000000000000
core   0: 0x0000000080005e82 (0x6ad3f3c7) fmsub.d ft7, ft7, fa3, fa3
core   0: 1 0x0000000080005e82 (0x6ad3f3c7) f7  0x7ff8000000000000
core   0: 0x0000000080005e86 (0x2ad097d3) fmax.d  fa5, ft1, fa3
core   0: 1 0x0000000080005e86 (0x2ad097d3) f15 0x0000000000000000
core   0: 0x0000000080005e8a (0x12e0fa53) fmul.d  fs4, ft1, fa4
core   0: 1 0x0000000080005e8a (0x12e0fa53) f20 0x7ff8000000000000
core   0: 0x0000000080005e8e (0x01deec33) or      s8, t4, t4
core   0: 1 0x0000000080005e8e (0x01deec33) x24 0xfffffffffffffb7e
core   0: 0x0000000080005e92 (0x3438a6f3) csrrs   a3, mtval, a7
core   0: exception trap_illegal_instruction, epc 0x0000000080005e92
core   0:           tval 0x000000003438a6f3
core   0: >>>>  $xrv64i2p1_m2p0_a2p1_f2p2_d2p2_zicsr2p0_zifencei2p0_zmmul1p0_zba1p0_zbb1p0_zbc1p0_zbs1p0
core   0: 0x0000000080004000 (0x0080006f) j       pc + 0x8
core   0: 3 0x0000000080004000 (0x0080006f)
core   0: >>>>  mmode_exception_handler
core   0: 0x0000000080004008 (0x00002c17) auipc   s8, 0x2
core   0: 3 0x0000000080004008 (0x00002c17) x24 0x0000000080006008
core   0: 0x000000008000400c (0x09cc0c13) addi    s8, s8, 156
core   0: 3 0x000000008000400c (0x09cc0c13) x24 0x00000000800060a4
core   0: 0x0000000080004010 (0x000c00e7) jalr    s8
core   0: 3 0x0000000080004010 (0x000c00e7) x1  0x0000000080004014
core   0: >>>>  any_handler
core   0: 0x00000000800060a4 (0x341027f3) csrrs   a5, mepc, zero
core   0: 3 0x00000000800060a4 (0x341027f3) x15 0x0000000080005e92
core   0: 0x00000000800060a8 (0x34202773) csrrs   a4, mcause, zero
core   0: 3 0x00000000800060a8 (0x34202773) x14 0x0000000000000002
core   0: 0x00000000800060ac (0x142026f3) csrrs   a3, scause, zero
core   0: 3 0x00000000800060ac (0x142026f3) x13 0x0000000000000000
core   0: 0x00000000800060b0 (0x30402673) csrrs   a2, mie, zero
core   0: 3 0x00000000800060b0 (0x30402673) x12 0x0000000000000a00
core   0: 0x00000000800060b4 (0x344025f3) csrrs   a1, mip, zero
core   0: 3 0x00000000800060b4 (0x344025f3) x11 0x0000000000000080
core   0: 0x00000000800060b8 (0x343025f3) csrrs   a1, mtval, zero
core   0: 3 0x00000000800060b8 (0x343025f3) x11 0x000000003438a6f3
core   0: 0x00000000800060bc (0x14302573) csrrs   a0, stval, zero
core   0: 3 0x00000000800060bc (0x14302573) x10 0x0000000000000015
core   0: 0x00000000800060c0 (0xb02024f3) csrrs   s1, minstret, zero
core   0: 3 0x00000000800060c0 (0xb02024f3) x9  0x000000000000123a
core   0: 0x00000000800060c4 (0x0000a811) c.j     pc + 20
core   0: 3 0x00000000800060c4 (0xa811)
core   0: >>>>  mepc_4
core   0: 0x00000000800060d8 (0x00000791) c.addi  a5, 4
core   0: 3 0x00000000800060d8 (0x0791) x15 0x0000000080005e96
core   0: 0x00000000800060da (0x34179073) csrrw   zero, mepc, a5
core   0: 3 0x00000000800060da (0x34179073) c833_mepc 0x0000000080005e96
core   0: 0x00000000800060de (0x30200073) mret
core   0: 3 0x00000000800060de (0x30200073) c768_mstatus 0x8000000a00106082
core   0: 0x0000000080005e96 (0x001a1d73) csrrw   s10, fflags, s4
core   0: 1 0x0000000080005e96 (0x001a1d73) x26 0x0000000000000000 c1_fflags 0x0000000000000015
core   0: 0x0000000080005e9a (0x000a591b) srliw   s2, s4, 0
core   0: 1 0x0000000080005e9a (0x000a591b) x18 0x0000000002016015
core   0: 0x0000000080005e9e (0xd0397553) fcvt.s.lu fa0, s2
core   0: 1 0x0000000080005e9e (0xd0397553) c1_fflags 0x0000000000000015 f10 0xffffffff4c005805
core   0: 0x0000000080005ea2 (0x0316c633) div     a2, a3, a7
core   0: 1 0x0000000080005ea2 (0x0316c633) x12 0xffffffffffffffff
core   0: 0x0000000080005ea6 (0x03205133) divu    sp, zero, s2
core   0: 1 0x0000000080005ea6 (0x03205133) x2  0x0000000000000000
core   0: 0x0000000080005eaa (0x2318a153) fsgnjx.d ft2, fa7, fa7
core   0: 1 0x0000000080005eaa (0x2318a153) f2  0x7fffffff00000000
core   0: 0x0000000080005eae (0x013b9e13) slli    t3, s7, 19
core   0: 1 0x0000000080005eae (0x013b9e13) x28 0xffffffffe6880000
core   0: 0x0000000080005eb2 (0x011cf833) and     a6, s9, a7
core   0: 1 0x0000000080005eb2 (0x011cf833) x16 0x0000000000000000
core   0: 0x0000000080005eb6 (0xc238fcd3) fcvt.lu.d s9, fa7
core   0: 1 0x0000000080005eb6 (0xc238fcd3) c1_fflags 0x0000000000000015 x25 0xffffffffffffffff
core   0: 0x0000000080005eba (0x124c849b) addiw   s1, s9, 292
core   0: 1 0x0000000080005eba (0x124c849b) x9  0x0000000000000123
core   0: 0x0000000080005ebe (0x00159e73) csrrw   t3, fflags, a1
core   0: 1 0x0000000080005ebe (0x00159e73) x28 0x0000000000000015 c1_fflags 0x0000000000000013
core   0: 0x0000000080005ec2 (0x00be7c33) and     s8, t3, a1
core   0: 1 0x0000000080005ec2 (0x00be7c33) x24 0x0000000000000011
core   0: 0x0000000080005ec6 (0x0187d59b) srliw   a1, a5, 24
core   0: 1 0x0000000080005ec6 (0x0187d59b) x11 0x0000000000000080
core   0: 0x0000000080005eca (0x00035193) srli    gp, t1, 0
core   0: 1 0x0000000080005eca (0x00035193) x3  0x0000000000000000
core   0: 0x0000000080005ece (0xe2080ad3) fmv.x.d s5, fa6
core   0: 1 0x0000000080005ece (0xe2080ad3) x21 0x7ff8000000000000
core   0: 0x0000000080005ed2 (0x00202b73) csrrs   s6, frm, zero
core   0: 1 0x0000000080005ed2 (0x00202b73) x22 0x0000000000000000
core   0: 0x0000000080005ed6 (0x0125141b) slliw   s0, a0, 18
core   0: 1 0x0000000080005ed6 (0x0125141b) x8  0x0000000000540000
core   0: 0x0000000080005eda (0x0318c1bb) divw    gp, a7, a7
core   0: 1 0x0000000080005eda (0x0318c1bb) x3  0xffffffffffffffff
core   0: 0x0000000080005ede (0x03b6a1b3) mulhsu  gp, a3, s11
core   0: 1 0x0000000080005ede (0x03b6a1b3) x3  0x0000000000000000
core   0: 0x0000000080005ee2 (0x722170cf) fnmadd.d ft1, ft2, ft2, fa4
core   0: 1 0x0000000080005ee2 (0x722170cf) f1  0x7ff8000000000000
core   0: 0x0000000080005ee6 (0x0011d013) srli    zero, gp, 1
core   0: 1 0x0000000080005ee6 (0x0011d013)
core   0: 0x0000000080005eea (0x00000001) c.nop
core   0: 1 0x0000000080005eea (0x0001)
core   0: 0x0000000080005eec (0x00000001) c.nop
core   0: 1 0x0000000080005eec (0x0001)
core   0: 0x0000000080005eee (0x00b6539b) srliw   t2, a2, 11
core   0: 1 0x0000000080005eee (0x00b6539b) x7  0x00000000001fffff
core   0: 0x0000000080005ef2 (0x0ff0000f) fence   iorw,iorw
core   0: 1 0x0000000080005ef2 (0x0ff0000f)
core   0: 0x0000000080005ef6 (0xc2207cd3) fcvt.l.d s9, ft0
core   0: 1 0x0000000080005ef6 (0xc2207cd3) c1_fflags 0x0000000000000013 x25 0x7fffffffffffffff
core   0: 0x0000000080005efa (0x340ca573) csrrs   a0, mscratch, s9
core   0: exception trap_illegal_instruction, epc 0x0000000080005efa
core   0:           tval 0x00000000340ca573
core   0: >>>>  $xrv64i2p1_m2p0_a2p1_f2p2_d2p2_zicsr2p0_zifencei2p0_zmmul1p0_zba1p0_zbb1p0_zbc1p0_zbs1p0
core   0: 0x0000000080004000 (0x0080006f) j       pc + 0x8
core   0: 3 0x0000000080004000 (0x0080006f)
core   0: >>>>  mmode_exception_handler
core   0: 0x0000000080004008 (0x00002c17) auipc   s8, 0x2
core   0: 3 0x0000000080004008 (0x00002c17) x24 0x0000000080006008
core   0: 0x000000008000400c (0x09cc0c13) addi    s8, s8, 156
core   0: 3 0x000000008000400c (0x09cc0c13) x24 0x00000000800060a4
core   0: 0x0000000080004010 (0x000c00e7) jalr    s8
core   0: 3 0x0000000080004010 (0x000c00e7) x1  0x0000000080004014
core   0: >>>>  any_handler
core   0: 0x00000000800060a4 (0x341027f3) csrrs   a5, mepc, zero
core   0: 3 0x00000000800060a4 (0x341027f3) x15 0x0000000080005efa
core   0: 0x00000000800060a8 (0x34202773) csrrs   a4, mcause, zero
core   0: 3 0x00000000800060a8 (0x34202773) x14 0x0000000000000002
core   0: 0x00000000800060ac (0x142026f3) csrrs   a3, scause, zero
core   0: 3 0x00000000800060ac (0x142026f3) x13 0x0000000000000000
core   0: 0x00000000800060b0 (0x30402673) csrrs   a2, mie, zero
core   0: 3 0x00000000800060b0 (0x30402673) x12 0x0000000000000a00
core   0: 0x00000000800060b4 (0x344025f3) csrrs   a1, mip, zero
core   0: 3 0x00000000800060b4 (0x344025f3) x11 0x0000000000000080
core   0: 0x00000000800060b8 (0x343025f3) csrrs   a1, mtval, zero
core   0: 3 0x00000000800060b8 (0x343025f3) x11 0x00000000340ca573
core   0: 0x00000000800060bc (0x14302573) csrrs   a0, stval, zero
core   0: 3 0x00000000800060bc (0x14302573) x10 0x0000000000000015
core   0: 0x00000000800060c0 (0xb02024f3) csrrs   s1, minstret, zero
core   0: 3 0x00000000800060c0 (0xb02024f3) x9  0x0000000000001264
core   0: 0x00000000800060c4 (0x0000a811) c.j     pc + 20
core   0: 3 0x00000000800060c4 (0xa811)
core   0: >>>>  mepc_4
core   0: 0x00000000800060d8 (0x00000791) c.addi  a5, 4
core   0: 3 0x00000000800060d8 (0x0791) x15 0x0000000080005efe
core   0: 0x00000000800060da (0x34179073) csrrw   zero, mepc, a5
core   0: 3 0x00000000800060da (0x34179073) c833_mepc 0x0000000080005efe
core   0: 0x00000000800060de (0x30200073) mret
core   0: 3 0x00000000800060de (0x30200073) c768_mstatus 0x8000000a00106082
core   0: 0x0000000080005efe (0xd2168ad3) fcvt.d.wu fs5, a3
core   0: 1 0x0000000080005efe (0xd2168ad3) f21 0x0000000000000000
core   0: 0x0000000080005f02 (0x0146d9bb) srlw    s3, a3, s4
core   0: 1 0x0000000080005f02 (0x0146d9bb) x19 0x0000000000000000
core   0: 0x0000000080005f06 (0xfffef093) andi    ra, t4, -1
core   0: 1 0x0000000080005f06 (0xfffef093) x1  0xfffffffffffffb7e
core   0: 0x0000000080005f0a (0x0000d81b) srliw   a6, ra, 0
core   0: 1 0x0000000080005f0a (0x0000d81b) x16 0xfffffffffffffb7e
core   0: 0x0000000080005f0e (0x0231c1b3) div     gp, gp, gp
core   0: 1 0x0000000080005f0e (0x0231c1b3) x3  0xffffffffffffffff
core   0: 0x0000000080005f12 (0xc234fb53) fcvt.lu.d s6, fs1
core   0: 1 0x0000000080005f12 (0xc234fb53) x22 0x0000000000000000
core   0: 0x0000000080005f16 (0x00ed9bb3) sll     s7, s11, a4
core   0: 1 0x0000000080005f16 (0x00ed9bb3) x23 0x00000001e2b476e4
core   0: 0x0000000080005f1a (0x18fd8e13) addi    t3, s11, 399
core   0: 1 0x0000000080005f1a (0x18fd8e13) x28 0x0000000078ad1f48
core   0: 0x0000000080005f1e (0xd20b81d3) fcvt.d.w ft3, s7
core   0: 1 0x0000000080005f1e (0xd20b81d3) f3  0xc1bd4b891c000000
core   0: 0x0000000080005f22 (0xc212fad3) fcvt.wu.d s5, ft5
core   0: 1 0x0000000080005f22 (0xc212fad3) x21 0x0000000000001400
core   0: 0x0000000080005f26 (0x0a187e53) fsub.d  ft8, fa6, ft1
core   0: 1 0x0000000080005f26 (0x0a187e53) f28 0x7ff8000000000000
core   0: 0x0000000080005f2a (0x22fd1653) fsgnjn.d fa2, fs10, fa5
core   0: 1 0x0000000080005f2a (0x22fd1653) f12 0xffffffff00000000
core   0: 0x0000000080005f2e (0xd03af3d3) fcvt.s.lu ft7, s5
core   0: 1 0x0000000080005f2e (0xd03af3d3) f7  0xffffffff45a00000
core   0: 0x0000000080005f32 (0x006d9a33) sll     s4, s11, t1
core   0: 1 0x0000000080005f32 (0x006d9a33) x20 0x0000000078ad1db9
core   0: 0x0000000080005f36 (0x7a3a7e93) andi    t4, s4, 1955
core   0: 1 0x0000000080005f36 (0x7a3a7e93) x29 0x00000000000005a1
core   0: 0x0000000080005f3a (0xd032f853) fcvt.s.lu fa6, t0
core   0: 1 0x0000000080005f3a (0xd032f853) f16 0xffffffff00000000
core   0: 0x0000000080005f3e (0x0132f133) and     sp, t0, s3
core   0: 1 0x0000000080005f3e (0x0132f133) x2  0x0000000000000000
core   0: 0x0000000080005f42 (0x00000001) c.nop
core   0: 1 0x0000000080005f42 (0x0001)
core   0: 0x0000000080005f44 (0x0001091b) sext.w  s2, sp
core   0: 1 0x0000000080005f44 (0x0001091b) x18 0x0000000000000000
core   0: 0x0000000080005f48 (0x2acd82d3) fmin.d  ft5, fs11, fa2
core   0: 1 0x0000000080005f48 (0x2acd82d3) f5  0x7ff8000000000000
core   0: 0x0000000080005f4c (0x00079c9b) slliw   s9, a5, 0
core   0: 1 0x0000000080005f4c (0x00079c9b) x25 0xffffffff80005efe
core   0: 0x0000000080005f50 (0x419cd433) sra     s0, s9, s9
core   0: 1 0x0000000080005f50 (0x419cd433) x8  0xffffffffffffffff
core   0: 0x0000000080005f54 (0x5a0a7ad3) fsqrt.d fs5, fs4
core   0: 1 0x0000000080005f54 (0x5a0a7ad3) f21 0x7ff8000000000000
core   0: 0x0000000080005f58 (0xc05b6b93) ori     s7, s6, -1019
core   0: 1 0x0000000080005f58 (0xc05b6b93) x23 0xfffffffffffffc05
core   0: 0x0000000080005f5c (0x41940033) sub     zero, s0, s9
core   0: 1 0x0000000080005f5c (0x41940033)
core   0: 0x0000000080005f60 (0xc237f3d3) fcvt.lu.d t2, fa5
core   0: 1 0x0000000080005f60 (0xc237f3d3) x7  0x0000000000000000
core   0: 0x0000000080005f64 (0x4000d493) srai    s1, ra, 0
core   0: 1 0x0000000080005f64 (0x4000d493) x9  0xfffffffffffffb7e
core   0: 0x0000000080005f68 (0x40908533) sub     a0, ra, s1
core   0: 1 0x0000000080005f68 (0x40908533) x10 0x0000000000000000
core   0: 0x0000000080005f6c (0x00c30db3) add     s11, t1, a2
core   0: 1 0x0000000080005f6c (0x00c30db3) x27 0x0000000000000a00
core   0: 0x0000000080005f70 (0x407458bb) sraw    a7, s0, t2
core   0: 1 0x0000000080005f70 (0x407458bb) x17 0xffffffffffffffff
core   0: 0x0000000080005f74 (0x00000001) c.nop
core   0: 1 0x0000000080005f74 (0x0001)
core   0: 0x0000000080005f76 (0xc21e7d53) fcvt.wu.d s10, ft8
core   0: 1 0x0000000080005f76 (0xc21e7d53) c1_fflags 0x0000000000000013 x26 0xffffffffffffffff
core   0: 0x0000000080005f7a (0x5a047bd3) fsqrt.d fs7, fs0
core   0: 1 0x0000000080005f7a (0x5a047bd3) f23 0x7ff8000000000000
core   0: 0x0000000080005f7e (0x0250c1bb) divw    gp, ra, t0
core   0: 1 0x0000000080005f7e (0x0250c1bb) x3  0xffffffffffffffff
core   0: 0x0000000080005f82 (0xd2150e53) fcvt.d.wu ft8, a0
core   0: 1 0x0000000080005f82 (0xd2150e53) f28 0x0000000000000000
core   0: 0x0000000080005f86 (0x02a47ad3) fadd.d  fs5, fs0, fa0
core   0: 1 0x0000000080005f86 (0x02a47ad3) f21 0x7ff8000000000000
core   0: 0x0000000080005f8a (0xc03cfd53) fcvt.lu.s s10, fs9
core   0: 1 0x0000000080005f8a (0xc03cfd53) c1_fflags 0x0000000000000013 x26 0xffffffffffffffff
core   0: 0x0000000080005f8e (0x01ad08b3) add     a7, s10, s10
core   0: 1 0x0000000080005f8e (0x01ad08b3) x17 0xfffffffffffffffe
core   0: 0x0000000080005f92 (0x4004da93) srai    s5, s1, 0
core   0: 1 0x0000000080005f92 (0x4004da93) x21 0xfffffffffffffb7e
core   0: 0x0000000080005f96 (0x03c557b3) divu    a5, a0, t3
core   0: 1 0x0000000080005f96 (0x03c557b3) x15 0x0000000000000000
core   0: 0x0000000080005f9a (0x016acb33) xor     s6, s5, s6
core   0: 1 0x0000000080005f9a (0x016acb33) x22 0xfffffffffffffb7e
core   0: 0x0000000080005f9e (0x0069981b) slliw   a6, s3, 6
core   0: 1 0x0000000080005f9e (0x0069981b) x16 0x0000000000000000
core   0: 0x0000000080005fa2 (0x011a1e3b) sllw    t3, s4, a7
core   0: 1 0x0000000080005fa2 (0x011a1e3b) x28 0x0000000040000000
core   0: 0x0000000080005fa6 (0x239714d3) fsgnjn.d fs1, fa4, fs9
core   0: 1 0x0000000080005fa6 (0x239714d3) f9  0x7ff8000000000000
core   0: 0x0000000080005faa (0x41f3d39b) sraiw   t2, t2, 31
core   0: 1 0x0000000080005faa (0x41f3d39b) x7  0x0000000000000000
core   0: 0x0000000080005fae (0x0074db9b) srliw   s7, s1, 7
core   0: 1 0x0000000080005fae (0x0074db9b) x23 0x0000000001fffff6
core   0: 0x0000000080005fb2 (0xfffb8c13) addi    s8, s7, -1
core   0: 1 0x0000000080005fb2 (0xfffb8c13) x24 0x0000000001fffff5
core   0: 0x0000000080005fb6 (0xc0189bf3) csrrw   s7, time, a7
core   0: exception trap_illegal_instruction, epc 0x0000000080005fb6
core   0:           tval 0x00000000c0189bf3
core   0: >>>>  $xrv64i2p1_m2p0_a2p1_f2p2_d2p2_zicsr2p0_zifencei2p0_zmmul1p0_zba1p0_zbb1p0_zbc1p0_zbs1p0
core   0: 0x0000000080004000 (0x0080006f) j       pc + 0x8
core   0: 3 0x0000000080004000 (0x0080006f)
core   0: >>>>  mmode_exception_handler
core   0: 0x0000000080004008 (0x00002c17) auipc   s8, 0x2
core   0: 3 0x0000000080004008 (0x00002c17) x24 0x0000000080006008
core   0: 0x000000008000400c (0x09cc0c13) addi    s8, s8, 156
core   0: 3 0x000000008000400c (0x09cc0c13) x24 0x00000000800060a4
core   0: 0x0000000080004010 (0x000c00e7) jalr    s8
core   0: 3 0x0000000080004010 (0x000c00e7) x1  0x0000000080004014
core   0: >>>>  any_handler
core   0: 0x00000000800060a4 (0x341027f3) csrrs   a5, mepc, zero
core   0: 3 0x00000000800060a4 (0x341027f3) x15 0x0000000080005fb6
core   0: 0x00000000800060a8 (0x34202773) csrrs   a4, mcause, zero
core   0: 3 0x00000000800060a8 (0x34202773) x14 0x0000000000000002
core   0: 0x00000000800060ac (0x142026f3) csrrs   a3, scause, zero
core   0: 3 0x00000000800060ac (0x142026f3) x13 0x0000000000000000
core   0: 0x00000000800060b0 (0x30402673) csrrs   a2, mie, zero
core   0: 3 0x00000000800060b0 (0x30402673) x12 0x0000000000000a00
core   0: 0x00000000800060b4 (0x344025f3) csrrs   a1, mip, zero
core   0: 3 0x00000000800060b4 (0x344025f3) x11 0x0000000000000080
core   0: 0x00000000800060b8 (0x343025f3) csrrs   a1, mtval, zero
core   0: 3 0x00000000800060b8 (0x343025f3) x11 0x00000000c0189bf3
core   0: 0x00000000800060bc (0x14302573) csrrs   a0, stval, zero
core   0: 3 0x00000000800060bc (0x14302573) x10 0x0000000000000015
core   0: 0x00000000800060c0 (0xb02024f3) csrrs   s1, minstret, zero
core   0: 3 0x00000000800060c0 (0xb02024f3) x9  0x00000000000012a3
core   0: 0x00000000800060c4 (0x0000a811) c.j     pc + 20
core   0: 3 0x00000000800060c4 (0xa811)
core   0: >>>>  mepc_4
core   0: 0x00000000800060d8 (0x00000791) c.addi  a5, 4
core   0: 3 0x00000000800060d8 (0x0791) x15 0x0000000080005fba
core   0: 0x00000000800060da (0x34179073) csrrw   zero, mepc, a5
core   0: 3 0x00000000800060da (0x34179073) c833_mepc 0x0000000080005fba
core   0: 0x00000000800060de (0x30200073) mret
core   0: 3 0x00000000800060de (0x30200073) c768_mstatus 0x8000000a00106082
core   0: 0x0000000080005fba (0x00917933) and     s2, sp, s1
core   0: 1 0x0000000080005fba (0x00917933) x18 0x0000000000000000
core   0: 0x0000000080005fbe (0xc034fbd3) fcvt.lu.s s7, fs1
core   0: 1 0x0000000080005fbe (0xc034fbd3) c1_fflags 0x0000000000000013 x23 0xffffffffffffffff
core   0: 0x0000000080005fc2 (0xd03df9d3) fcvt.s.lu fs3, s11
core   0: 1 0x0000000080005fc2 (0xd03df9d3) f19 0xffffffff45200000
core   0: 0x0000000080005fc6 (0x5a382a13) slti    s4, a6, 1443
core   0: 1 0x0000000080005fc6 (0x5a382a13) x20 0x0000000000000001
core   0: 0x0000000080005fca (0xd2170ad3) fcvt.d.wu fs5, a4
core   0: 1 0x0000000080005fca (0xd2170ad3) f21 0x4000000000000000
core   0: 0x0000000080005fce (0xc23b7453) fcvt.lu.d s0, fs6
core   0: 1 0x0000000080005fce (0xc23b7453) c1_fflags 0x0000000000000013 x8  0xffffffffffffffff
core   0: 0x0000000080005fd2 (0x00251573) csrrw   a0, frm, a0
core   0: 1 0x0000000080005fd2 (0x00251573) x10 0x0000000000000000 c2_frm 0x0000000000000005
core   0: 0x0000000080005fd6 (0xc229f553) fcvt.l.d a0, fs3
core   0: exception trap_illegal_instruction, epc 0x0000000080005fd6
core   0:           tval 0x00000000c229f553
core   0: >>>>  $xrv64i2p1_m2p0_a2p1_f2p2_d2p2_zicsr2p0_zifencei2p0_zmmul1p0_zba1p0_zbb1p0_zbc1p0_zbs1p0
core   0: 0x0000000080004000 (0x0080006f) j       pc + 0x8
core   0: 3 0x0000000080004000 (0x0080006f)
core   0: >>>>  mmode_exception_handler
core   0: 0x0000000080004008 (0x00002c17) auipc   s8, 0x2
core   0: 3 0x0000000080004008 (0x00002c17) x24 0x0000000080006008
core   0: 0x000000008000400c (0x09cc0c13) addi    s8, s8, 156
core   0: 3 0x000000008000400c (0x09cc0c13) x24 0x00000000800060a4
core   0: 0x0000000080004010 (0x000c00e7) jalr    s8
core   0: 3 0x0000000080004010 (0x000c00e7) x1  0x0000000080004014
core   0: >>>>  any_handler
core   0: 0x00000000800060a4 (0x341027f3) csrrs   a5, mepc, zero
core   0: 3 0x00000000800060a4 (0x341027f3) x15 0x0000000080005fd6
core   0: 0x00000000800060a8 (0x34202773) csrrs   a4, mcause, zero
core   0: 3 0x00000000800060a8 (0x34202773) x14 0x0000000000000002
core   0: 0x00000000800060ac (0x142026f3) csrrs   a3, scause, zero
core   0: 3 0x00000000800060ac (0x142026f3) x13 0x0000000000000000
core   0: 0x00000000800060b0 (0x30402673) csrrs   a2, mie, zero
core   0: 3 0x00000000800060b0 (0x30402673) x12 0x0000000000000a00
core   0: 0x00000000800060b4 (0x344025f3) csrrs   a1, mip, zero
core   0: 3 0x00000000800060b4 (0x344025f3) x11 0x0000000000000080
core   0: 0x00000000800060b8 (0x343025f3) csrrs   a1, mtval, zero
core   0: 3 0x00000000800060b8 (0x343025f3) x11 0x00000000c229f553
core   0: 0x00000000800060bc (0x14302573) csrrs   a0, stval, zero
core   0: 3 0x00000000800060bc (0x14302573) x10 0x0000000000000015
core   0: 0x00000000800060c0 (0xb02024f3) csrrs   s1, minstret, zero
core   0: 3 0x00000000800060c0 (0xb02024f3) x9  0x00000000000012ba
core   0: 0x00000000800060c4 (0x0000a811) c.j     pc + 20
core   0: 3 0x00000000800060c4 (0xa811)
core   0: >>>>  mepc_4
core   0: 0x00000000800060d8 (0x00000791) c.addi  a5, 4
core   0: 3 0x00000000800060d8 (0x0791) x15 0x0000000080005fda
core   0: 0x00000000800060da (0x34179073) csrrw   zero, mepc, a5
core   0: 3 0x00000000800060da (0x34179073) c833_mepc 0x0000000080005fda
core   0: 0x00000000800060de (0x30200073) mret
core   0: 3 0x00000000800060de (0x30200073) c768_mstatus 0x8000000a00106082
core   0: 0x0000000080005fda (0xc03b74d3) fcvt.lu.s s1, fs6
core   0: exception trap_illegal_instruction, epc 0x0000000080005fda
core   0:           tval 0x00000000c03b74d3
core   0: >>>>  $xrv64i2p1_m2p0_a2p1_f2p2_d2p2_zicsr2p0_zifencei2p0_zmmul1p0_zba1p0_zbb1p0_zbc1p0_zbs1p0
core   0: 0x0000000080004000 (0x0080006f) j       pc + 0x8
core   0: 3 0x0000000080004000 (0x0080006f)
core   0: >>>>  mmode_exception_handler
core   0: 0x0000000080004008 (0x00002c17) auipc   s8, 0x2
core   0: 3 0x0000000080004008 (0x00002c17) x24 0x0000000080006008
core   0: 0x000000008000400c (0x09cc0c13) addi    s8, s8, 156
core   0: 3 0x000000008000400c (0x09cc0c13) x24 0x00000000800060a4
core   0: 0x0000000080004010 (0x000c00e7) jalr    s8
core   0: 3 0x0000000080004010 (0x000c00e7) x1  0x0000000080004014
core   0: >>>>  any_handler
core   0: 0x00000000800060a4 (0x341027f3) csrrs   a5, mepc, zero
core   0: 3 0x00000000800060a4 (0x341027f3) x15 0x0000000080005fda
core   0: 0x00000000800060a8 (0x34202773) csrrs   a4, mcause, zero
core   0: 3 0x00000000800060a8 (0x34202773) x14 0x0000000000000002
core   0: 0x00000000800060ac (0x142026f3) csrrs   a3, scause, zero
core   0: 3 0x00000000800060ac (0x142026f3) x13 0x0000000000000000
core   0: 0x00000000800060b0 (0x30402673) csrrs   a2, mie, zero
core   0: 3 0x00000000800060b0 (0x30402673) x12 0x0000000000000a00
core   0: 0x00000000800060b4 (0x344025f3) csrrs   a1, mip, zero
core   0: 3 0x00000000800060b4 (0x344025f3) x11 0x0000000000000080
core   0: 0x00000000800060b8 (0x343025f3) csrrs   a1, mtval, zero
core   0: 3 0x00000000800060b8 (0x343025f3) x11 0x00000000c03b74d3
core   0: 0x00000000800060bc (0x14302573) csrrs   a0, stval, zero
core   0: 3 0x00000000800060bc (0x14302573) x10 0x0000000000000015
core   0: 0x00000000800060c0 (0xb02024f3) csrrs   s1, minstret, zero
core   0: 3 0x00000000800060c0 (0xb02024f3) x9  0x00000000000012ca
core   0: 0x00000000800060c4 (0x0000a811) c.j     pc + 20
core   0: 3 0x00000000800060c4 (0xa811)
core   0: >>>>  mepc_4
core   0: 0x00000000800060d8 (0x00000791) c.addi  a5, 4
core   0: 3 0x00000000800060d8 (0x0791) x15 0x0000000080005fde
core   0: 0x00000000800060da (0x34179073) csrrw   zero, mepc, a5
core   0: 3 0x00000000800060da (0x34179073) c833_mepc 0x0000000080005fde
core   0: 0x00000000800060de (0x30200073) mret
core   0: 3 0x00000000800060de (0x30200073) c768_mstatus 0x8000000a00106082
core   0: 0x0000000080005fde (0x003a1a3b) sllw    s4, s4, gp
core   0: 1 0x0000000080005fde (0x003a1a3b) x20 0xffffffff80000000
core   0: 0x0000000080005fe2 (0x0334c4b3) div     s1, s1, s3
core   0: 1 0x0000000080005fe2 (0x0334c4b3) x9  0xffffffffffffffff
core   0: 0x0000000080005fe6 (0x0047121b) slliw   tp, a4, 4
core   0: 1 0x0000000080005fe6 (0x0047121b) x4  0x0000000000000020
core   0: 0x0000000080005fea (0x14033af3) csrrc   s5, sscratch, t1
core   0: 1 0x0000000080005fea (0x14033af3) x21 0x0000000000000000 c320_sscratch 0x0000000000000000
core   0: 0x0000000080005fee (0xa3368653) fle.d   a2, fa3, fs3
core   0: 1 0x0000000080005fee (0xa3368653) c1_fflags 0x0000000000000013 x12 0x0000000000000000
core   0: 0x0000000080005ff2 (0x035d5a13) srli    s4, s10, 53
core   0: 1 0x0000000080005ff2 (0x035d5a13) x20 0x00000000000007ff
core   0: 0x0000000080005ff6 (0x00102e73) csrrs   t3, fflags, zero
core   0: 1 0x0000000080005ff6 (0x00102e73) x28 0x0000000000000013
core   0: 0x0000000080005ffa (0xc2167653) fcvt.wu.d a2, fa2
core   0: exception trap_illegal_instruction, epc 0x0000000080005ffa
core   0:           tval 0x00000000c2167653
core   0: >>>>  $xrv64i2p1_m2p0_a2p1_f2p2_d2p2_zicsr2p0_zifencei2p0_zmmul1p0_zba1p0_zbb1p0_zbc1p0_zbs1p0
core   0: 0x0000000080004000 (0x0080006f) j       pc + 0x8
core   0: 3 0x0000000080004000 (0x0080006f)
core   0: >>>>  mmode_exception_handler
core   0: 0x0000000080004008 (0x00002c17) auipc   s8, 0x2
core   0: 3 0x0000000080004008 (0x00002c17) x24 0x0000000080006008
core   0: 0x000000008000400c (0x09cc0c13) addi    s8, s8, 156
core   0: 3 0x000000008000400c (0x09cc0c13) x24 0x00000000800060a4
core   0: 0x0000000080004010 (0x000c00e7) jalr    s8
core   0: 3 0x0000000080004010 (0x000c00e7) x1  0x0000000080004014
core   0: >>>>  any_handler
core   0: 0x00000000800060a4 (0x341027f3) csrrs   a5, mepc, zero
core   0: 3 0x00000000800060a4 (0x341027f3) x15 0x0000000080005ffa
core   0: 0x00000000800060a8 (0x34202773) csrrs   a4, mcause, zero
core   0: 3 0x00000000800060a8 (0x34202773) x14 0x0000000000000002
core   0: 0x00000000800060ac (0x142026f3) csrrs   a3, scause, zero
core   0: 3 0x00000000800060ac (0x142026f3) x13 0x0000000000000000
core   0: 0x00000000800060b0 (0x30402673) csrrs   a2, mie, zero
core   0: 3 0x00000000800060b0 (0x30402673) x12 0x0000000000000a00
core   0: 0x00000000800060b4 (0x344025f3) csrrs   a1, mip, zero
core   0: 3 0x00000000800060b4 (0x344025f3) x11 0x0000000000000080
core   0: 0x00000000800060b8 (0x343025f3) csrrs   a1, mtval, zero
core   0: 3 0x00000000800060b8 (0x343025f3) x11 0x00000000c2167653
core   0: 0x00000000800060bc (0x14302573) csrrs   a0, stval, zero
core   0: 3 0x00000000800060bc (0x14302573) x10 0x0000000000000015
core   0: 0x00000000800060c0 (0xb02024f3) csrrs   s1, minstret, zero
core   0: 3 0x00000000800060c0 (0xb02024f3) x9  0x00000000000012e1
core   0: 0x00000000800060c4 (0x0000a811) c.j     pc + 20
core   0: 3 0x00000000800060c4 (0xa811)
core   0: >>>>  mepc_4
core   0: 0x00000000800060d8 (0x00000791) c.addi  a5, 4
core   0: 3 0x00000000800060d8 (0x0791) x15 0x0000000080005ffe
core   0: 0x00000000800060da (0x34179073) csrrw   zero, mepc, a5
core   0: 3 0x00000000800060da (0x34179073) c833_mepc 0x0000000080005ffe
core   0: 0x00000000800060de (0x30200073) mret
core   0: 3 0x00000000800060de (0x30200073) c768_mstatus 0x8000000a00106082
core   0: 0x0000000080005ffe (0xd22af553) fcvt.d.l fa0, s5
core   0: exception trap_illegal_instruction, epc 0x0000000080005ffe
core   0:           tval 0x00000000d22af553
core   0: >>>>  $xrv64i2p1_m2p0_a2p1_f2p2_d2p2_zicsr2p0_zifencei2p0_zmmul1p0_zba1p0_zbb1p0_zbc1p0_zbs1p0
core   0: 0x0000000080004000 (0x0080006f) j       pc + 0x8
core   0: 3 0x0000000080004000 (0x0080006f)
core   0: >>>>  mmode_exception_handler
core   0: 0x0000000080004008 (0x00002c17) auipc   s8, 0x2
core   0: 3 0x0000000080004008 (0x00002c17) x24 0x0000000080006008
core   0: 0x000000008000400c (0x09cc0c13) addi    s8, s8, 156
core   0: 3 0x000000008000400c (0x09cc0c13) x24 0x00000000800060a4
core   0: 0x0000000080004010 (0x000c00e7) jalr    s8
core   0: 3 0x0000000080004010 (0x000c00e7) x1  0x0000000080004014
core   0: >>>>  any_handler
core   0: 0x00000000800060a4 (0x341027f3) csrrs   a5, mepc, zero
core   0: 3 0x00000000800060a4 (0x341027f3) x15 0x0000000080005ffe
core   0: 0x00000000800060a8 (0x34202773) csrrs   a4, mcause, zero
core   0: 3 0x00000000800060a8 (0x34202773) x14 0x0000000000000002
core   0: 0x00000000800060ac (0x142026f3) csrrs   a3, scause, zero
core   0: 3 0x00000000800060ac (0x142026f3) x13 0x0000000000000000
core   0: 0x00000000800060b0 (0x30402673) csrrs   a2, mie, zero
core   0: 3 0x00000000800060b0 (0x30402673) x12 0x0000000000000a00
core   0: 0x00000000800060b4 (0x344025f3) csrrs   a1, mip, zero
core   0: 3 0x00000000800060b4 (0x344025f3) x11 0x0000000000000080
core   0: 0x00000000800060b8 (0x343025f3) csrrs   a1, mtval, zero
core   0: 3 0x00000000800060b8 (0x343025f3) x11 0x00000000d22af553
core   0: 0x00000000800060bc (0x14302573) csrrs   a0, stval, zero
core   0: 3 0x00000000800060bc (0x14302573) x10 0x0000000000000015
core   0: 0x00000000800060c0 (0xb02024f3) csrrs   s1, minstret, zero
core   0: 3 0x00000000800060c0 (0xb02024f3) x9  0x00000000000012f1
core   0: 0x00000000800060c4 (0x0000a811) c.j     pc + 20
core   0: 3 0x00000000800060c4 (0xa811)
core   0: >>>>  mepc_4
core   0: 0x00000000800060d8 (0x00000791) c.addi  a5, 4
core   0: 3 0x00000000800060d8 (0x0791) x15 0x0000000080006002
core   0: 0x00000000800060da (0x34179073) csrrw   zero, mepc, a5
core   0: 3 0x00000000800060da (0x34179073) c833_mepc 0x0000000080006002
core   0: 0x00000000800060de (0x30200073) mret
core   0: 3 0x00000000800060de (0x30200073) c768_mstatus 0x8000000a00106082
core   0: 0x0000000080006002 (0xd026f853) fcvt.s.l fa6, a3
core   0: exception trap_illegal_instruction, epc 0x0000000080006002
core   0:           tval 0x00000000d026f853
core   0: >>>>  $xrv64i2p1_m2p0_a2p1_f2p2_d2p2_zicsr2p0_zifencei2p0_zmmul1p0_zba1p0_zbb1p0_zbc1p0_zbs1p0
core   0: 0x0000000080004000 (0x0080006f) j       pc + 0x8
core   0: 3 0x0000000080004000 (0x0080006f)
core   0: >>>>  mmode_exception_handler
core   0: 0x0000000080004008 (0x00002c17) auipc   s8, 0x2
core   0: 3 0x0000000080004008 (0x00002c17) x24 0x0000000080006008
core   0: 0x000000008000400c (0x09cc0c13) addi    s8, s8, 156
core   0: 3 0x000000008000400c (0x09cc0c13) x24 0x00000000800060a4
core   0: 0x0000000080004010 (0x000c00e7) jalr    s8
core   0: 3 0x0000000080004010 (0x000c00e7) x1  0x0000000080004014
core   0: >>>>  any_handler
core   0: 0x00000000800060a4 (0x341027f3) csrrs   a5, mepc, zero
core   0: 3 0x00000000800060a4 (0x341027f3) x15 0x0000000080006002
core   0: 0x00000000800060a8 (0x34202773) csrrs   a4, mcause, zero
core   0: 3 0x00000000800060a8 (0x34202773) x14 0x0000000000000002
core   0: 0x00000000800060ac (0x142026f3) csrrs   a3, scause, zero
core   0: 3 0x00000000800060ac (0x142026f3) x13 0x0000000000000000
core   0: 0x00000000800060b0 (0x30402673) csrrs   a2, mie, zero
core   0: 3 0x00000000800060b0 (0x30402673) x12 0x0000000000000a00
core   0: 0x00000000800060b4 (0x344025f3) csrrs   a1, mip, zero
core   0: 3 0x00000000800060b4 (0x344025f3) x11 0x0000000000000080
core   0: 0x00000000800060b8 (0x343025f3) csrrs   a1, mtval, zero
core   0: 3 0x00000000800060b8 (0x343025f3) x11 0x00000000d026f853
core   0: 0x00000000800060bc (0x14302573) csrrs   a0, stval, zero
core   0: 3 0x00000000800060bc (0x14302573) x10 0x0000000000000015
core   0: 0x00000000800060c0 (0xb02024f3) csrrs   s1, minstret, zero
core   0: 3 0x00000000800060c0 (0xb02024f3) x9  0x0000000000001301
core   0: 0x00000000800060c4 (0x0000a811) c.j     pc + 20
core   0: 3 0x00000000800060c4 (0xa811)
core   0: >>>>  mepc_4
core   0: 0x00000000800060d8 (0x00000791) c.addi  a5, 4
core   0: 3 0x00000000800060d8 (0x0791) x15 0x0000000080006006
core   0: 0x00000000800060da (0x34179073) csrrw   zero, mepc, a5
core   0: 3 0x00000000800060da (0x34179073) c833_mepc 0x0000000080006006
core   0: 0x00000000800060de (0x30200073) mret
core   0: 3 0x00000000800060de (0x30200073) c768_mstatus 0x8000000a00106082
core   0: 0x0000000080006006 (0x41bcdeb3) sra     t4, s9, s11
core   0: 1 0x0000000080006006 (0x41bcdeb3) x29 0xffffffff80005efe
core   0: 0x000000008000600a (0xc2337ad3) fcvt.lu.d s5, ft6
core   0: exception trap_illegal_instruction, epc 0x000000008000600a
core   0:           tval 0x00000000c2337ad3
core   0: >>>>  $xrv64i2p1_m2p0_a2p1_f2p2_d2p2_zicsr2p0_zifencei2p0_zmmul1p0_zba1p0_zbb1p0_zbc1p0_zbs1p0
core   0: 0x0000000080004000 (0x0080006f) j       pc + 0x8
core   0: 3 0x0000000080004000 (0x0080006f)
core   0: >>>>  mmode_exception_handler
core   0: 0x0000000080004008 (0x00002c17) auipc   s8, 0x2
core   0: 3 0x0000000080004008 (0x00002c17) x24 0x0000000080006008
core   0: 0x000000008000400c (0x09cc0c13) addi    s8, s8, 156
core   0: 3 0x000000008000400c (0x09cc0c13) x24 0x00000000800060a4
core   0: 0x0000000080004010 (0x000c00e7) jalr    s8
core   0: 3 0x0000000080004010 (0x000c00e7) x1  0x0000000080004014
core   0: >>>>  any_handler
core   0: 0x00000000800060a4 (0x341027f3) csrrs   a5, mepc, zero
core   0: 3 0x00000000800060a4 (0x341027f3) x15 0x000000008000600a
core   0: 0x00000000800060a8 (0x34202773) csrrs   a4, mcause, zero
core   0: 3 0x00000000800060a8 (0x34202773) x14 0x0000000000000002
core   0: 0x00000000800060ac (0x142026f3) csrrs   a3, scause, zero
core   0: 3 0x00000000800060ac (0x142026f3) x13 0x0000000000000000
core   0: 0x00000000800060b0 (0x30402673) csrrs   a2, mie, zero
core   0: 3 0x00000000800060b0 (0x30402673) x12 0x0000000000000a00
core   0: 0x00000000800060b4 (0x344025f3) csrrs   a1, mip, zero
core   0: 3 0x00000000800060b4 (0x344025f3) x11 0x0000000000000080
core   0: 0x00000000800060b8 (0x343025f3) csrrs   a1, mtval, zero
core   0: 3 0x00000000800060b8 (0x343025f3) x11 0x00000000c2337ad3
core   0: 0x00000000800060bc (0x14302573) csrrs   a0, stval, zero
core   0: 3 0x00000000800060bc (0x14302573) x10 0x0000000000000015
core   0: 0x00000000800060c0 (0xb02024f3) csrrs   s1, minstret, zero
core   0: 3 0x00000000800060c0 (0xb02024f3) x9  0x0000000000001312
core   0: 0x00000000800060c4 (0x0000a811) c.j     pc + 20
core   0: 3 0x00000000800060c4 (0xa811)
core   0: >>>>  mepc_4
core   0: 0x00000000800060d8 (0x00000791) c.addi  a5, 4
core   0: 3 0x00000000800060d8 (0x0791) x15 0x000000008000600e
core   0: 0x00000000800060da (0x34179073) csrrw   zero, mepc, a5
core   0: 3 0x00000000800060da (0x34179073) c833_mepc 0x000000008000600e
core   0: 0x00000000800060de (0x30200073) mret
core   0: 3 0x00000000800060de (0x30200073) c768_mstatus 0x8000000a00106082
core   0: 0x000000008000600e (0x4004d4bb) sraw    s1, s1, zero
core   0: 1 0x000000008000600e (0x4004d4bb) x9  0x0000000000001312
core   0: 0x0000000080006012 (0x5a03f5d3) fsqrt.d fa1, ft7
core   0: exception trap_illegal_instruction, epc 0x0000000080006012
core   0:           tval 0x000000005a03f5d3
core   0: >>>>  $xrv64i2p1_m2p0_a2p1_f2p2_d2p2_zicsr2p0_zifencei2p0_zmmul1p0_zba1p0_zbb1p0_zbc1p0_zbs1p0
core   0: 0x0000000080004000 (0x0080006f) j       pc + 0x8
core   0: 3 0x0000000080004000 (0x0080006f)
core   0: >>>>  mmode_exception_handler
core   0: 0x0000000080004008 (0x00002c17) auipc   s8, 0x2
core   0: 3 0x0000000080004008 (0x00002c17) x24 0x0000000080006008
core   0: 0x000000008000400c (0x09cc0c13) addi    s8, s8, 156
core   0: 3 0x000000008000400c (0x09cc0c13) x24 0x00000000800060a4
core   0: 0x0000000080004010 (0x000c00e7) jalr    s8
core   0: 3 0x0000000080004010 (0x000c00e7) x1  0x0000000080004014
core   0: >>>>  any_handler
core   0: 0x00000000800060a4 (0x341027f3) csrrs   a5, mepc, zero
core   0: 3 0x00000000800060a4 (0x341027f3) x15 0x0000000080006012
core   0: 0x00000000800060a8 (0x34202773) csrrs   a4, mcause, zero
core   0: 3 0x00000000800060a8 (0x34202773) x14 0x0000000000000002
core   0: 0x00000000800060ac (0x142026f3) csrrs   a3, scause, zero
core   0: 3 0x00000000800060ac (0x142026f3) x13 0x0000000000000000
core   0: 0x00000000800060b0 (0x30402673) csrrs   a2, mie, zero
core   0: 3 0x00000000800060b0 (0x30402673) x12 0x0000000000000a00
core   0: 0x00000000800060b4 (0x344025f3) csrrs   a1, mip, zero
core   0: 3 0x00000000800060b4 (0x344025f3) x11 0x0000000000000080
core   0: 0x00000000800060b8 (0x343025f3) csrrs   a1, mtval, zero
core   0: 3 0x00000000800060b8 (0x343025f3) x11 0x000000005a03f5d3
core   0: 0x00000000800060bc (0x14302573) csrrs   a0, stval, zero
core   0: 3 0x00000000800060bc (0x14302573) x10 0x0000000000000015
core   0: 0x00000000800060c0 (0xb02024f3) csrrs   s1, minstret, zero
core   0: 3 0x00000000800060c0 (0xb02024f3) x9  0x0000000000001323
core   0: 0x00000000800060c4 (0x0000a811) c.j     pc + 20
core   0: 3 0x00000000800060c4 (0xa811)
core   0: >>>>  mepc_4
core   0: 0x00000000800060d8 (0x00000791) c.addi  a5, 4
core   0: 3 0x00000000800060d8 (0x0791) x15 0x0000000080006016
core   0: 0x00000000800060da (0x34179073) csrrw   zero, mepc, a5
core   0: 3 0x00000000800060da (0x34179073) c833_mepc 0x0000000080006016
core   0: 0x00000000800060de (0x30200073) mret
core   0: 3 0x00000000800060de (0x30200073) c768_mstatus 0x8000000a00106082
core   0: 0x0000000080006016 (0x01c1013b) addw    sp, sp, t3
core   0: 1 0x0000000080006016 (0x01c1013b) x2  0x0000000000000013
core   0: 0x000000008000601a (0x00000001) c.nop
core   0: 1 0x000000008000601a (0x0001)
core   0: 0x000000008000601c (0x401c7bd3) fcvt.s.d fs7, fs8
core   0: exception trap_illegal_instruction, epc 0x000000008000601c
core   0:           tval 0x00000000401c7bd3
core   0: >>>>  $xrv64i2p1_m2p0_a2p1_f2p2_d2p2_zicsr2p0_zifencei2p0_zmmul1p0_zba1p0_zbb1p0_zbc1p0_zbs1p0
core   0: 0x0000000080004000 (0x0080006f) j       pc + 0x8
core   0: 3 0x0000000080004000 (0x0080006f)
core   0: >>>>  mmode_exception_handler
core   0: 0x0000000080004008 (0x00002c17) auipc   s8, 0x2
core   0: 3 0x0000000080004008 (0x00002c17) x24 0x0000000080006008
core   0: 0x000000008000400c (0x09cc0c13) addi    s8, s8, 156
core   0: 3 0x000000008000400c (0x09cc0c13) x24 0x00000000800060a4
core   0: 0x0000000080004010 (0x000c00e7) jalr    s8
core   0: 3 0x0000000080004010 (0x000c00e7) x1  0x0000000080004014
core   0: >>>>  any_handler
core   0: 0x00000000800060a4 (0x341027f3) csrrs   a5, mepc, zero
core   0: 3 0x00000000800060a4 (0x341027f3) x15 0x000000008000601c
core   0: 0x00000000800060a8 (0x34202773) csrrs   a4, mcause, zero
core   0: 3 0x00000000800060a8 (0x34202773) x14 0x0000000000000002
core   0: 0x00000000800060ac (0x142026f3) csrrs   a3, scause, zero
core   0: 3 0x00000000800060ac (0x142026f3) x13 0x0000000000000000
core   0: 0x00000000800060b0 (0x30402673) csrrs   a2, mie, zero
core   0: 3 0x00000000800060b0 (0x30402673) x12 0x0000000000000a00
core   0: 0x00000000800060b4 (0x344025f3) csrrs   a1, mip, zero
core   0: 3 0x00000000800060b4 (0x344025f3) x11 0x0000000000000080
core   0: 0x00000000800060b8 (0x343025f3) csrrs   a1, mtval, zero
core   0: 3 0x00000000800060b8 (0x343025f3) x11 0x00000000401c7bd3
core   0: 0x00000000800060bc (0x14302573) csrrs   a0, stval, zero
core   0: 3 0x00000000800060bc (0x14302573) x10 0x0000000000000015
core   0: 0x00000000800060c0 (0xb02024f3) csrrs   s1, minstret, zero
core   0: 3 0x00000000800060c0 (0xb02024f3) x9  0x0000000000001335
core   0: 0x00000000800060c4 (0x0000a811) c.j     pc + 20
core   0: 3 0x00000000800060c4 (0xa811)
core   0: >>>>  mepc_4
core   0: 0x00000000800060d8 (0x00000791) c.addi  a5, 4
core   0: 3 0x00000000800060d8 (0x0791) x15 0x0000000080006020
core   0: 0x00000000800060da (0x34179073) csrrw   zero, mepc, a5
core   0: 3 0x00000000800060da (0x34179073) c833_mepc 0x0000000080006020
core   0: 0x00000000800060de (0x30200073) mret
core   0: 3 0x00000000800060de (0x30200073) c768_mstatus 0x8000000a00106082
core   0: 0x0000000080006020 (0x001ed29b) srliw   t0, t4, 1
core   0: 1 0x0000000080006020 (0x001ed29b) x5  0x0000000040002f7f
core   0: 0x0000000080006024 (0x015b7ab3) and     s5, s6, s5
core   0: 1 0x0000000080006024 (0x015b7ab3) x21 0x0000000000000000
core   0: 0x0000000080006028 (0x01210c3b) addw    s8, sp, s2
core   0: 1 0x0000000080006028 (0x01210c3b) x24 0x0000000000000013
core   0: 0x000000008000602c (0x002a9bf3) csrrw   s7, frm, s5
core   0: 1 0x000000008000602c (0x002a9bf3) x23 0x0000000000000005 c2_frm 0x0000000000000000
core   0: 0x0000000080006030 (0x00fbddbb) srlw    s11, s7, a5
core   0: 1 0x0000000080006030 (0x00fbddbb) x27 0x0000000000000005
core   0: 0x0000000080006034 (0x0018581b) srliw   a6, a6, 1
core   0: 1 0x0000000080006034 (0x0018581b) x16 0x0000000000000000
core   0: 0x0000000080006038 (0x0106d2b3) srl     t0, a3, a6
core   0: 1 0x0000000080006038 (0x0106d2b3) x5  0x0000000000000000
core   0: 0x000000008000603c (0xd2028953) fcvt.d.w fs2, t0
core   0: 1 0x000000008000603c (0xd2028953) f18 0x0000000000000000
core   0: 0x0000000080006040 (0x00aa1333) sll     t1, s4, a0
core   0: 1 0x0000000080006040 (0x00aa1333) x6  0x00000000ffe00000
core   0: 0x0000000080006044 (0x0ab57fd3) fsub.d  ft11, fa0, fa1
core   0: 1 0x0000000080006044 (0x0ab57fd3) f31 0x7ff8000000000000
core   0: 0x0000000080006048 (0xe20b8853) fmv.x.d a6, fs7
core   0: 1 0x0000000080006048 (0xe20b8853) x16 0x7ff8000000000000
core   0: 0x000000008000604c (0xc222fbd3) fcvt.l.d s7, ft5
core   0: 1 0x000000008000604c (0xc222fbd3) c1_fflags 0x0000000000000013 x23 0x7fffffffffffffff
core   0: 0x0000000080006050 (0xc23ff953) fcvt.lu.d s2, ft11
core   0: 1 0x0000000080006050 (0xc23ff953) c1_fflags 0x0000000000000013 x18 0xffffffffffffffff
core   0: 0x0000000080006054 (0x22b587d3) fsgnj.d fa5, fa1, fa1
core   0: 1 0x0000000080006054 (0x22b587d3) f15 0x7ff8000000000000
core   0: 0x0000000080006058 (0x00927233) and     tp, tp, s1
core   0: 1 0x0000000080006058 (0x00927233) x4  0x0000000000000020
core   0: 0x000000008000605c (0x03f91593) slli    a1, s2, 63
core   0: 1 0x000000008000605c (0x03f91593) x11 0x8000000000000000
core   0: 0x0000000080006060 (0x01ae2cb3) slt     s9, t3, s10
core   0: 1 0x0000000080006060 (0x01ae2cb3) x25 0x0000000000000000
core   0: 0x0000000080006064 (0x00000001) c.nop
core   0: 1 0x0000000080006064 (0x0001)
core   0: 0x0000000080006066 (0x00634333) xor     t1, t1, t1
core   0: 1 0x0000000080006066 (0x00634333) x6  0x0000000000000000
core   0: 0x000000008000606a (0x066d3397) auipc   t2, 0x66d3
core   0: 1 0x000000008000606a (0x066d3397) x7  0x00000000866d906a
core   0: 0x000000008000606e (0x001080bb) addw    ra, ra, ra
core   0: 1 0x000000008000606e (0x001080bb) x1  0x0000000000008028
core   0: 0x0000000080006072 (0x40008d3b) subw    s10, ra, zero
core   0: 1 0x0000000080006072 (0x40008d3b) x26 0x0000000000008028
core   0: 0x0000000080006076 (0x001d95f3) csrrw   a1, fflags, s11
core   0: 1 0x0000000080006076 (0x001d95f3) x11 0x0000000000000013 c1_fflags 0x0000000000000005
core   0: 0x000000008000607a (0xbe88cc13) xori    s8, a7, -1048
core   0: 1 0x000000008000607a (0xbe88cc13) x24 0x0000000000000416
core   0: 0x000000008000607e (0x03f5d213) srli    tp, a1, 63
core   0: 1 0x000000008000607e (0x03f5d213) x4  0x0000000000000000
core   0: 0x0000000080006082 (0x006c0733) add     a4, s8, t1
core   0: 1 0x0000000080006082 (0x006c0733) x14 0x0000000000000416
core   0: 0x0000000080006086 (0xe49b7693) andi    a3, s6, -439
core   0: 1 0x0000000080006086 (0xe49b7693) x13 0xfffffffffffffa48
core   0: 0x000000008000608a (0x017578b3) and     a7, a0, s7
core   0: 1 0x000000008000608a (0x017578b3) x17 0x0000000000000015
core   0: 0x000000008000608e (0x1bf28193) addi    gp, t0, 447
core   0: 1 0x000000008000608e (0x1bf28193) x3  0x00000000000001bf
core   0: 0x0000000080006092 (0x02017433) remu    s0, sp, zero
core   0: 1 0x0000000080006092 (0x02017433) x8  0x0000000000000013
core   0: 0x0000000080006096 (0x01a5fab3) and     s5, a1, s10
core   0: 1 0x0000000080006096 (0x01a5fab3) x21 0x0000000000000000
core   0: 0x000000008000609a (0x008189b3) add     s3, gp, s0
core   0: 1 0x000000008000609a (0x008189b3) x19 0x00000000000001d2
core   0: >>>>  write_tohost
core   0: 0x000000008000609e (0x946fa0ef) jal     pc - 0x5eba
core   0: 1 0x000000008000609e (0x946fa0ef) x1  0x00000000800060a2
core   0: >>>>  _exit
core   0: 0x00000000800001e4 (0x00004505) c.li    a0, 1
core   0: 1 0x00000000800001e4 (0x4505) x10 0x0000000000000001
core   0: 0x00000000800001e6 (0x00001f17) auipc   t5, 0x1
core   0: 1 0x00000000800001e6 (0x00001f17) x30 0x00000000800011e6
core   0: 0x00000000800001ea (0xe0af2d23) sw      a0, -486(t5)
core   0: 1 0x00000000800001ea (0xe0af2d23) mem 0x0000000080001000 0x00000001
cp /home/server/RISCV/cva6/verif/sim/out/seed_556/spike_sim/new_seeds_556_.cv64a6_imafdc_sv39.log.iss /home/server/RISCV/cva6/verif/sim/out/seed_556/spike_sim/new_seeds_556_.cv64a6_imafdc_sv39.log
