Makefile:14: must set CVA6_REPO_DIR to point at the root of CVA6 sources and CVA6_TB_DIR to point here -- doing it for you...
LD_LIBRARY_PATH="$(realpath ../../tools/spike/lib):$LD_LIBRARY_PATH" \
	/home/server/RISCV/cva6/tools/spike/bin/spike --steps=2000000  --log-commits --isa=rv64gc_zba_zbb_zbs_zbc_zicsr_zifencei --priv=msu -l /home/server/RISCV/cva6/verif/sim/out/seed_408/directed_asm_tests/new_seeds_408_.o
[SPIKE] Max simulation steps: 2000000
[SPIKE] Proc 0 | ISA: rv64gc_zba_zbb_zbs_zbc_zicsr_zifencei PRIV: msu
[SPIKE] Initializing memories...
core   0: 0x0000000000010000 (0x00100413) li      s0, 1
core   0: 3 0x0000000000010000 (0x00100413) x8  0x0000000000000001
core   0: 0x0000000000010004 (0x01f41413) slli    s0, s0, 31
core   0: 3 0x0000000000010004 (0x01f41413) x8  0x0000000080000000
core   0: 0x0000000000010008 (0xf1402573) csrrs   a0, mhartid, zero
core   0: 3 0x0000000000010008 (0xf1402573) x10 0x0000000000000000
core   0: 0x000000000001000c (0x00000597) auipc   a1, 0x0
core   0: 3 0x000000000001000c (0x00000597) x11 0x000000000001000c
core   0: 0x0000000000010010 (0x07458593) addi    a1, a1, 116
core   0: 3 0x0000000000010010 (0x07458593) x11 0x0000000000010080
core   0: 0x0000000000010014 (0x00040067) jr      s0
core   0: 3 0x0000000000010014 (0x00040067)
core   0: >>>>  _start
core   0: 0x0000000080000000 (0x00004081) c.li    ra, 0
core   0: 3 0x0000000080000000 (0x4081) x1  0x0000000000000000
core   0: 0x0000000080000002 (0x00004101) c.li    sp, 0
core   0: 3 0x0000000080000002 (0x4101) x2  0x0000000000000000
core   0: 0x0000000080000004 (0x00004181) c.li    gp, 0
core   0: 3 0x0000000080000004 (0x4181) x3  0x0000000000000000
core   0: 0x0000000080000006 (0x00004201) c.li    tp, 0
core   0: 3 0x0000000080000006 (0x4201) x4  0x0000000000000000
core   0: 0x0000000080000008 (0x00004281) c.li    t0, 0
core   0: 3 0x0000000080000008 (0x4281) x5  0x0000000000000000
core   0: 0x000000008000000a (0x00004301) c.li    t1, 0
core   0: 3 0x000000008000000a (0x4301) x6  0x0000000000000000
core   0: 0x000000008000000c (0x00004381) c.li    t2, 0
core   0: 3 0x000000008000000c (0x4381) x7  0x0000000000000000
core   0: 0x000000008000000e (0x00004401) c.li    s0, 0
core   0: 3 0x000000008000000e (0x4401) x8  0x0000000000000000
core   0: 0x0000000080000010 (0x00004481) c.li    s1, 0
core   0: 3 0x0000000080000010 (0x4481) x9  0x0000000000000000
core   0: 0x0000000080000012 (0x00004501) c.li    a0, 0
core   0: 3 0x0000000080000012 (0x4501) x10 0x0000000000000000
core   0: 0x0000000080000014 (0x00004581) c.li    a1, 0
core   0: 3 0x0000000080000014 (0x4581) x11 0x0000000000000000
core   0: 0x0000000080000016 (0x00004601) c.li    a2, 0
core   0: 3 0x0000000080000016 (0x4601) x12 0x0000000000000000
core   0: 0x0000000080000018 (0x00004681) c.li    a3, 0
core   0: 3 0x0000000080000018 (0x4681) x13 0x0000000000000000
core   0: 0x000000008000001a (0x00004701) c.li    a4, 0
core   0: 3 0x000000008000001a (0x4701) x14 0x0000000000000000
core   0: 0x000000008000001c (0x00004781) c.li    a5, 0
core   0: 3 0x000000008000001c (0x4781) x15 0x0000000000000000
core   0: 0x000000008000001e (0x00004801) c.li    a6, 0
core   0: 3 0x000000008000001e (0x4801) x16 0x0000000000000000
core   0: 0x0000000080000020 (0x00004881) c.li    a7, 0
core   0: 3 0x0000000080000020 (0x4881) x17 0x0000000000000000
core   0: 0x0000000080000022 (0x00004901) c.li    s2, 0
core   0: 3 0x0000000080000022 (0x4901) x18 0x0000000000000000
core   0: 0x0000000080000024 (0x00004981) c.li    s3, 0
core   0: 3 0x0000000080000024 (0x4981) x19 0x0000000000000000
core   0: 0x0000000080000026 (0x00004a01) c.li    s4, 0
core   0: 3 0x0000000080000026 (0x4a01) x20 0x0000000000000000
core   0: 0x0000000080000028 (0x00004a81) c.li    s5, 0
core   0: 3 0x0000000080000028 (0x4a81) x21 0x0000000000000000
core   0: 0x000000008000002a (0x00004b01) c.li    s6, 0
core   0: 3 0x000000008000002a (0x4b01) x22 0x0000000000000000
core   0: 0x000000008000002c (0x00004b81) c.li    s7, 0
core   0: 3 0x000000008000002c (0x4b81) x23 0x0000000000000000
core   0: 0x000000008000002e (0x00004c01) c.li    s8, 0
core   0: 3 0x000000008000002e (0x4c01) x24 0x0000000000000000
core   0: 0x0000000080000030 (0x00004c81) c.li    s9, 0
core   0: 3 0x0000000080000030 (0x4c81) x25 0x0000000000000000
core   0: 0x0000000080000032 (0x00004d01) c.li    s10, 0
core   0: 3 0x0000000080000032 (0x4d01) x26 0x0000000000000000
core   0: 0x0000000080000034 (0x00004d81) c.li    s11, 0
core   0: 3 0x0000000080000034 (0x4d81) x27 0x0000000000000000
core   0: 0x0000000080000036 (0x00004e01) c.li    t3, 0
core   0: 3 0x0000000080000036 (0x4e01) x28 0x0000000000000000
core   0: 0x0000000080000038 (0x00004e81) c.li    t4, 0
core   0: 3 0x0000000080000038 (0x4e81) x29 0x0000000000000000
core   0: 0x000000008000003a (0x00004f01) c.li    t5, 0
core   0: 3 0x000000008000003a (0x4f01) x30 0x0000000000000000
core   0: 0x000000008000003c (0x00004f81) c.li    t6, 0
core   0: 3 0x000000008000003c (0x4f81) x31 0x0000000000000000
core   0: 0x000000008000003e (0x000062f9) c.lui   t0, 0x1e
core   0: 3 0x000000008000003e (0x62f9) x5  0x000000000001e000
core   0: 0x0000000080000040 (0x3002a073) csrrs   zero, mstatus, t0
core   0: 3 0x0000000080000040 (0x3002a073) c768_mstatus 0x8000000a00006000
core   0: 0x0000000080000044 (0x00004285) c.li    t0, 1
core   0: 3 0x0000000080000044 (0x4285) x5  0x0000000000000001
core   0: 0x0000000080000046 (0x000002fe) c.slli  t0, 31
core   0: 3 0x0000000080000046 (0x02fe) x5  0x0000000080000000
core   0: 0x0000000080000048 (0x0002d863) bge     t0, zero, pc + 16
core   0: 3 0x0000000080000048 (0x0002d863)
core   0: 0x0000000080000058 (0x00000297) auipc   t0, 0x0
core   0: 3 0x0000000080000058 (0x00000297) x5  0x0000000080000058
core   0: 0x000000008000005c (0x09028293) addi    t0, t0, 144
core   0: 3 0x000000008000005c (0x09028293) x5  0x00000000800000e8
core   0: 0x0000000080000060 (0x30529073) csrrw   zero, mtvec, t0
core   0: 3 0x0000000080000060 (0x30529073) c773_mtvec 0x00000000800000e8
core   0: 0x0000000080000064 (0x00301073) csrrw   zero, fcsr, zero
core   0: 3 0x0000000080000064 (0x00301073) c1_fflags 0x0000000000000000 c2_frm 0x0000000000000000
core   0: 0x0000000080000068 (0xf0000053) fmv.w.x ft0, zero
core   0: 3 0x0000000080000068 (0xf0000053) f0  0xffffffff00000000
core   0: 0x000000008000006c (0xf00000d3) fmv.w.x ft1, zero
core   0: 3 0x000000008000006c (0xf00000d3) f1  0xffffffff00000000
core   0: 0x0000000080000070 (0xf0000153) fmv.w.x ft2, zero
core   0: 3 0x0000000080000070 (0xf0000153) f2  0xffffffff00000000
core   0: 0x0000000080000074 (0xf00001d3) fmv.w.x ft3, zero
core   0: 3 0x0000000080000074 (0xf00001d3) f3  0xffffffff00000000
core   0: 0x0000000080000078 (0xf0000253) fmv.w.x ft4, zero
core   0: 3 0x0000000080000078 (0xf0000253) f4  0xffffffff00000000
core   0: 0x000000008000007c (0xf00002d3) fmv.w.x ft5, zero
core   0: 3 0x000000008000007c (0xf00002d3) f5  0xffffffff00000000
core   0: 0x0000000080000080 (0xf0000353) fmv.w.x ft6, zero
core   0: 3 0x0000000080000080 (0xf0000353) f6  0xffffffff00000000
core   0: 0x0000000080000084 (0xf00003d3) fmv.w.x ft7, zero
core   0: 3 0x0000000080000084 (0xf00003d3) f7  0xffffffff00000000
core   0: 0x0000000080000088 (0xf0000453) fmv.w.x fs0, zero
core   0: 3 0x0000000080000088 (0xf0000453) f8  0xffffffff00000000
core   0: 0x000000008000008c (0xf00004d3) fmv.w.x fs1, zero
core   0: 3 0x000000008000008c (0xf00004d3) f9  0xffffffff00000000
core   0: 0x0000000080000090 (0xf0000553) fmv.w.x fa0, zero
core   0: 3 0x0000000080000090 (0xf0000553) f10 0xffffffff00000000
core   0: 0x0000000080000094 (0xf00005d3) fmv.w.x fa1, zero
core   0: 3 0x0000000080000094 (0xf00005d3) f11 0xffffffff00000000
core   0: 0x0000000080000098 (0xf0000653) fmv.w.x fa2, zero
core   0: 3 0x0000000080000098 (0xf0000653) f12 0xffffffff00000000
core   0: 0x000000008000009c (0xf00006d3) fmv.w.x fa3, zero
core   0: 3 0x000000008000009c (0xf00006d3) f13 0xffffffff00000000
core   0: 0x00000000800000a0 (0xf0000753) fmv.w.x fa4, zero
core   0: 3 0x00000000800000a0 (0xf0000753) f14 0xffffffff00000000
core   0: 0x00000000800000a4 (0xf00007d3) fmv.w.x fa5, zero
core   0: 3 0x00000000800000a4 (0xf00007d3) f15 0xffffffff00000000
core   0: 0x00000000800000a8 (0xf0000853) fmv.w.x fa6, zero
core   0: 3 0x00000000800000a8 (0xf0000853) f16 0xffffffff00000000
core   0: 0x00000000800000ac (0xf00008d3) fmv.w.x fa7, zero
core   0: 3 0x00000000800000ac (0xf00008d3) f17 0xffffffff00000000
core   0: 0x00000000800000b0 (0xf0000953) fmv.w.x fs2, zero
core   0: 3 0x00000000800000b0 (0xf0000953) f18 0xffffffff00000000
core   0: 0x00000000800000b4 (0xf00009d3) fmv.w.x fs3, zero
core   0: 3 0x00000000800000b4 (0xf00009d3) f19 0xffffffff00000000
core   0: 0x00000000800000b8 (0xf0000a53) fmv.w.x fs4, zero
core   0: 3 0x00000000800000b8 (0xf0000a53) f20 0xffffffff00000000
core   0: 0x00000000800000bc (0xf0000ad3) fmv.w.x fs5, zero
core   0: 3 0x00000000800000bc (0xf0000ad3) f21 0xffffffff00000000
core   0: 0x00000000800000c0 (0xf0000b53) fmv.w.x fs6, zero
core   0: 3 0x00000000800000c0 (0xf0000b53) f22 0xffffffff00000000
core   0: 0x00000000800000c4 (0xf0000bd3) fmv.w.x fs7, zero
core   0: 3 0x00000000800000c4 (0xf0000bd3) f23 0xffffffff00000000
core   0: 0x00000000800000c8 (0xf0000c53) fmv.w.x fs8, zero
core   0: 3 0x00000000800000c8 (0xf0000c53) f24 0xffffffff00000000
core   0: 0x00000000800000cc (0xf0000cd3) fmv.w.x fs9, zero
core   0: 3 0x00000000800000cc (0xf0000cd3) f25 0xffffffff00000000
core   0: 0x00000000800000d0 (0xf0000d53) fmv.w.x fs10, zero
core   0: 3 0x00000000800000d0 (0xf0000d53) f26 0xffffffff00000000
core   0: 0x00000000800000d4 (0xf0000dd3) fmv.w.x fs11, zero
core   0: 3 0x00000000800000d4 (0xf0000dd3) f27 0xffffffff00000000
core   0: 0x00000000800000d8 (0xf0000e53) fmv.w.x ft8, zero
core   0: 3 0x00000000800000d8 (0xf0000e53) f28 0xffffffff00000000
core   0: 0x00000000800000dc (0xf0000ed3) fmv.w.x ft9, zero
core   0: 3 0x00000000800000dc (0xf0000ed3) f29 0xffffffff00000000
core   0: 0x00000000800000e0 (0xf0000f53) fmv.w.x ft10, zero
core   0: 3 0x00000000800000e0 (0xf0000f53) f30 0xffffffff00000000
core   0: 0x00000000800000e4 (0xf0000fd3) fmv.w.x ft11, zero
core   0: 3 0x00000000800000e4 (0xf0000fd3) f31 0xffffffff00000000
core   0: 0x00000000800000e8 (0x00000297) auipc   t0, 0x0
core   0: 3 0x00000000800000e8 (0x00000297) x5  0x00000000800000e8
core   0: 0x00000000800000ec (0x03c28293) addi    t0, t0, 60
core   0: 3 0x00000000800000ec (0x03c28293) x5  0x0000000080000124
core   0: 0x00000000800000f0 (0x30529073) csrrw   zero, mtvec, t0
core   0: 3 0x00000000800000f0 (0x30529073) c773_mtvec 0x0000000080000124
core   0: 0x00000000800000f4 (0x00012197) auipc   gp, 0x12
core   0: 3 0x00000000800000f4 (0x00012197) x3  0x00000000800120f4
core   0: 0x00000000800000f8 (0x73418193) addi    gp, gp, 1844
core   0: 3 0x00000000800000f8 (0x73418193) x3  0x0000000080012828
core   0: 0x00000000800000fc (0x00012217) auipc   tp, 0x12
core   0: 3 0x00000000800000fc (0x00012217) x4  0x00000000800120fc
core   0: 0x0000000080000100 (0xf8320213) addi    tp, tp, -125
core   0: 3 0x0000000080000100 (0xf8320213) x4  0x000000008001207f
core   0: 0x0000000080000104 (0xfc027213) andi    tp, tp, -64
core   0: 3 0x0000000080000104 (0xfc027213) x4  0x0000000080012040
core   0: 0x0000000080000108 (0xf1402573) csrrs   a0, mhartid, zero
core   0: 3 0x0000000080000108 (0xf1402573) x10 0x0000000000000000
core   0: 0x000000008000010c (0x00004585) c.li    a1, 1
core   0: 3 0x000000008000010c (0x4585) x11 0x0000000000000001
core   0: 0x000000008000010e (0x00b57063) bgeu    a0, a1, pc + 0
core   0: 3 0x000000008000010e (0x00b57063)
core   0: 0x0000000080000112 (0x00150113) addi    sp, a0, 1
core   0: 3 0x0000000080000112 (0x00150113) x2  0x0000000000000001
core   0: 0x0000000080000116 (0x00000146) c.slli  sp, 17
core   0: 3 0x0000000080000116 (0x0146) x2  0x0000000000020000
core   0: 0x0000000080000118 (0x00009112) c.add   sp, tp
core   0: 3 0x0000000080000118 (0x9112) x2  0x0000000080032040
core   0: 0x000000008000011a (0x01151613) slli    a2, a0, 17
core   0: 3 0x000000008000011a (0x01151613) x12 0x0000000000000000
core   0: 0x000000008000011e (0x00009232) c.add   tp, a2
core   0: 3 0x000000008000011e (0x9232) x4  0x0000000080012040
core   0: 0x0000000080000120 (0x4320f06f) j       pc + 0xf432
core   0: 3 0x0000000080000120 (0x4320f06f)
core   0: >>>>  _init
core   0: 0x000000008000f552 (0x00007171) c.addi16sp sp, -176
core   0: 3 0x000000008000f552 (0x7171) x2  0x0000000080031f90
core   0: 0x000000008000f554 (0x0000f506) c.sdsp  ra, 168(sp)
core   0: 3 0x000000008000f554 (0xf506) mem 0x0000000080032038 0x0000000000000000
core   0: 0x000000008000f556 (0x0000f122) c.sdsp  s0, 160(sp)
core   0: 3 0x000000008000f556 (0xf122) mem 0x0000000080032030 0x0000000000000000
core   0: 0x000000008000f558 (0x0000ed26) c.sdsp  s1, 152(sp)
core   0: 3 0x000000008000f558 (0xed26) mem 0x0000000080032028 0x0000000000000000
core   0: 0x000000008000f55a (0x00001900) c.addi4spn s0, sp, 176
core   0: 3 0x000000008000f55a (0x1900) x8  0x0000000080032040
core   0: 0x000000008000f55c (0x000087aa) c.mv    a5, a0
core   0: 3 0x000000008000f55c (0x87aa) x15 0x0000000000000000
core   0: 0x000000008000f55e (0x0000872e) c.mv    a4, a1
core   0: 3 0x000000008000f55e (0x872e) x14 0x0000000000000001
core   0: 0x000000008000f560 (0xf4f42e23) sw      a5, -164(s0)
core   0: 3 0x000000008000f560 (0xf4f42e23) mem 0x0000000080031f9c 0x00000000
core   0: 0x000000008000f564 (0x000087ba) c.mv    a5, a4
core   0: 3 0x000000008000f564 (0x87ba) x15 0x0000000000000001
core   0: 0x000000008000f566 (0xf4f42c23) sw      a5, -168(s0)
core   0: 3 0x000000008000f566 (0xf4f42c23) mem 0x0000000080031f98 0x00000001
core   0: 0x000000008000f56a (0xfe040793) addi    a5, s0, -32
core   0: 3 0x000000008000f56a (0xfe040793) x15 0x0000000080032020
core   0: 0x000000008000f56e (0xf4f43823) sd      a5, -176(s0)
core   0: 3 0x000000008000f56e (0xf4f43823) mem 0x0000000080031f90 0x0000000080032020
core   0: 0x000000008000f572 (0xf5043783) ld      a5, -176(s0)
core   0: 3 0x000000008000f572 (0xf5043783) x15 0x0000000080032020 mem 0x0000000080031f90
core   0: 0x000000008000f576 (0xf8078793) addi    a5, a5, -128
core   0: 3 0x000000008000f576 (0xf8078793) x15 0x0000000080031fa0
core   0: 0x000000008000f57a (0x03f78793) addi    a5, a5, 63
core   0: 3 0x000000008000f57a (0x03f78793) x15 0x0000000080031fdf
core   0: 0x000000008000f57e (0x00008399) c.srli  a5, 6
core   0: 3 0x000000008000f57e (0x8399) x15 0x0000000002000c7f
core   0: 0x000000008000f580 (0x00679493) slli    s1, a5, 6
core   0: 3 0x000000008000f580 (0x00679493) x9  0x0000000080031fc0
core   0: 0x000000008000f584 (0xf65ff0ef) jal     pc - 0x9c
core   0: 3 0x000000008000f584 (0xf65ff0ef) x1  0x000000008000f588
core   0: >>>>  init_tls
core   0: 0x000000008000f4e8 (0x00001101) c.addi  sp, -32
core   0: 3 0x000000008000f4e8 (0x1101) x2  0x0000000080031f70
core   0: 0x000000008000f4ea (0x0000ec06) c.sdsp  ra, 24(sp)
core   0: 3 0x000000008000f4ea (0xec06) mem 0x0000000080031f88 0x000000008000f588
core   0: 0x000000008000f4ec (0x0000e822) c.sdsp  s0, 16(sp)
core   0: 3 0x000000008000f4ec (0xe822) mem 0x0000000080031f80 0x0000000080032040
core   0: 0x000000008000f4ee (0x00001000) c.addi4spn s0, sp, 32
core   0: 3 0x000000008000f4ee (0x1000) x8  0x0000000080031f90
core   0: 0x000000008000f4f0 (0x00003717) auipc   a4, 0x3
core   0: 3 0x000000008000f4f0 (0x00003717) x14 0x00000000800124f0
core   0: 0x000000008000f4f4 (0xb3870713) addi    a4, a4, -1224
core   0: 3 0x000000008000f4f4 (0xb3870713) x14 0x0000000080012028
core   0: 0x000000008000f4f8 (0x00003797) auipc   a5, 0x3
core   0: 3 0x000000008000f4f8 (0x00003797) x15 0x00000000800124f8
core   0: 0x000000008000f4fc (0xb3078793) addi    a5, a5, -1232
core   0: 3 0x000000008000f4fc (0xb3078793) x15 0x0000000080012028
core   0: 0x000000008000f500 (0x40f707b3) sub     a5, a4, a5
core   0: 3 0x000000008000f500 (0x40f707b3) x15 0x0000000000000000
core   0: 0x000000008000f504 (0xfef43423) sd      a5, -24(s0)
core   0: 3 0x000000008000f504 (0xfef43423) mem 0x0000000080031f78 0x0000000000000000
core   0: 0x000000008000f508 (0x00008792) c.mv    a5, tp
core   0: 3 0x000000008000f508 (0x8792) x15 0x0000000080012040
core   0: 0x000000008000f50a (0xfe843603) ld      a2, -24(s0)
core   0: 3 0x000000008000f50a (0xfe843603) x12 0x0000000000000000 mem 0x0000000080031f78
core   0: 0x000000008000f50e (0x00003597) auipc   a1, 0x3
core   0: 3 0x000000008000f50e (0x00003597) x11 0x000000008001250e
core   0: 0x000000008000f512 (0xb1a58593) addi    a1, a1, -1254
core   0: 3 0x000000008000f512 (0xb1a58593) x11 0x0000000080012028
core   0: 0x000000008000f516 (0x0000853e) c.mv    a0, a5
core   0: 3 0x000000008000f516 (0x853e) x10 0x0000000080012040
core   0: 0x000000008000f518 (0x0f9000ef) jal     pc + 0x8f8
core   0: 3 0x000000008000f518 (0x0f9000ef) x1  0x000000008000f51c
core   0: >>>>  memcpy
core   0: 0x000000008000fe10 (0x0000715d) c.addi16sp sp, -80
core   0: 3 0x000000008000fe10 (0x715d) x2  0x0000000080031f20
core   0: 0x000000008000fe12 (0x0000e4a2) c.sdsp  s0, 72(sp)
core   0: 3 0x000000008000fe12 (0xe4a2) mem 0x0000000080031f68 0x0000000080031f90
core   0: 0x000000008000fe14 (0x00000880) c.addi4spn s0, sp, 80
core   0: 3 0x000000008000fe14 (0x0880) x8  0x0000000080031f70
core   0: 0x000000008000fe16 (0xfca43423) sd      a0, -56(s0)
core   0: 3 0x000000008000fe16 (0xfca43423) mem 0x0000000080031f38 0x0000000080012040
core   0: 0x000000008000fe1a (0xfcb43023) sd      a1, -64(s0)
core   0: 3 0x000000008000fe1a (0xfcb43023) mem 0x0000000080031f30 0x0000000080012028
core   0: 0x000000008000fe1e (0xfac43c23) sd      a2, -72(s0)
core   0: 3 0x000000008000fe1e (0xfac43c23) mem 0x0000000080031f28 0x0000000000000000
core   0: 0x000000008000fe22 (0xfc843703) ld      a4, -56(s0)
core   0: 3 0x000000008000fe22 (0xfc843703) x14 0x0000000080012040 mem 0x0000000080031f38
core   0: 0x000000008000fe26 (0xfc043783) ld      a5, -64(s0)
core   0: 3 0x000000008000fe26 (0xfc043783) x15 0x0000000080012028 mem 0x0000000080031f30
core   0: 0x000000008000fe2a (0x00008f5d) c.or    a4, a5
core   0: 3 0x000000008000fe2a (0x8f5d) x14 0x0000000080012068
core   0: 0x000000008000fe2c (0xfb843783) ld      a5, -72(s0)
core   0: 3 0x000000008000fe2c (0xfb843783) x15 0x0000000000000000 mem 0x0000000080031f28
core   0: 0x000000008000fe30 (0x00008fd9) c.or    a5, a4
core   0: 3 0x000000008000fe30 (0x8fd9) x15 0x0000000080012068
core   0: 0x000000008000fe32 (0x00008b9d) c.andi  a5, 7
core   0: 3 0x000000008000fe32 (0x8b9d) x15 0x0000000000000000
core   0: 0x000000008000fe34 (0x0000e3b1) c.bnez  a5, pc + 68
core   0: 3 0x000000008000fe34 (0xe3b1)
core   0: 0x000000008000fe36 (0xfc043783) ld      a5, -64(s0)
core   0: 3 0x000000008000fe36 (0xfc043783) x15 0x0000000080012028 mem 0x0000000080031f30
core   0: 0x000000008000fe3a (0xfef43423) sd      a5, -24(s0)
core   0: 3 0x000000008000fe3a (0xfef43423) mem 0x0000000080031f58 0x0000000080012028
core   0: 0x000000008000fe3e (0xfc843783) ld      a5, -56(s0)
core   0: 3 0x000000008000fe3e (0xfc843783) x15 0x0000000080012040 mem 0x0000000080031f38
core   0: 0x000000008000fe42 (0xfef43023) sd      a5, -32(s0)
core   0: 3 0x000000008000fe42 (0xfef43023) mem 0x0000000080031f50 0x0000000080012040
core   0: 0x000000008000fe46 (0x0000a839) c.j     pc + 30
core   0: 3 0x000000008000fe46 (0xa839)
core   0: 0x000000008000fe64 (0xfc843703) ld      a4, -56(s0)
core   0: 3 0x000000008000fe64 (0xfc843703) x14 0x0000000080012040 mem 0x0000000080031f38
core   0: 0x000000008000fe68 (0xfb843783) ld      a5, -72(s0)
core   0: 3 0x000000008000fe68 (0xfb843783) x15 0x0000000000000000 mem 0x0000000080031f28
core   0: 0x000000008000fe6c (0x000097ba) c.add   a5, a4
core   0: 3 0x000000008000fe6c (0x97ba) x15 0x0000000080012040
core   0: 0x000000008000fe6e (0xfe043703) ld      a4, -32(s0)
core   0: 3 0x000000008000fe6e (0xfe043703) x14 0x0000000080012040 mem 0x0000000080031f50
core   0: 0x000000008000fe72 (0xfcf76be3) bltu    a4, a5, pc - 42
core   0: 3 0x000000008000fe72 (0xfcf76be3)
core   0: 0x000000008000fe76 (0x0000a099) c.j     pc + 70
core   0: 3 0x000000008000fe76 (0xa099)
core   0: 0x000000008000febc (0xfc843783) ld      a5, -56(s0)
core   0: 3 0x000000008000febc (0xfc843783) x15 0x0000000080012040 mem 0x0000000080031f38
core   0: 0x000000008000fec0 (0x0000853e) c.mv    a0, a5
core   0: 3 0x000000008000fec0 (0x853e) x10 0x0000000080012040
core   0: 0x000000008000fec2 (0x00006426) c.ldsp  s0, 72(sp)
core   0: 3 0x000000008000fec2 (0x6426) x8  0x0000000080031f90 mem 0x0000000080031f68
core   0: 0x000000008000fec4 (0x00006161) c.addi16sp sp, 80
core   0: 3 0x000000008000fec4 (0x6161) x2  0x0000000080031f70
core   0: 0x000000008000fec6 (0x00008082) ret
core   0: 3 0x000000008000fec6 (0x8082)
core   0: 0x000000008000f51c (0x00003717) auipc   a4, 0x3
core   0: 3 0x000000008000f51c (0x00003717) x14 0x000000008001251c
core   0: 0x000000008000f520 (0xba870713) addi    a4, a4, -1112
core   0: 3 0x000000008000f520 (0xba870713) x14 0x00000000800120c4
core   0: 0x000000008000f524 (0x00003797) auipc   a5, 0x3
core   0: 3 0x000000008000f524 (0x00003797) x15 0x0000000080012524
core   0: 0x000000008000f528 (0xb0478793) addi    a5, a5, -1276
core   0: 3 0x000000008000f528 (0xb0478793) x15 0x0000000080012028
core   0: 0x000000008000f52c (0x40f707b3) sub     a5, a4, a5
core   0: 3 0x000000008000f52c (0x40f707b3) x15 0x000000000000009c
core   0: 0x000000008000f530 (0xfef43023) sd      a5, -32(s0)
core   0: 3 0x000000008000f530 (0xfef43023) mem 0x0000000080031f70 0x000000000000009c
core   0: 0x000000008000f534 (0x00008712) c.mv    a4, tp
core   0: 3 0x000000008000f534 (0x8712) x14 0x0000000080012040
core   0: 0x000000008000f536 (0xfe843783) ld      a5, -24(s0)
core   0: 3 0x000000008000f536 (0xfe843783) x15 0x0000000000000000 mem 0x0000000080031f78
core   0: 0x000000008000f53a (0x000097ba) c.add   a5, a4
core   0: 3 0x000000008000f53a (0x97ba) x15 0x0000000080012040
core   0: 0x000000008000f53c (0xfe043603) ld      a2, -32(s0)
core   0: 3 0x000000008000f53c (0xfe043603) x12 0x000000000000009c mem 0x0000000080031f70
core   0: 0x000000008000f540 (0x00004581) c.li    a1, 0
core   0: 3 0x000000008000f540 (0x4581) x11 0x0000000000000000
core   0: 0x000000008000f542 (0x0000853e) c.mv    a0, a5
core   0: 3 0x000000008000f542 (0x853e) x10 0x0000000080012040
core   0: 0x000000008000f544 (0x185000ef) jal     pc + 0x984
core   0: 3 0x000000008000f544 (0x185000ef) x1  0x000000008000f548
core   0: >>>>  memset
core   0: 0x000000008000fec8 (0x0000715d) c.addi16sp sp, -80
core   0: 3 0x000000008000fec8 (0x715d) x2  0x0000000080031f20
core   0: 0x000000008000feca (0x0000e4a2) c.sdsp  s0, 72(sp)
core   0: 3 0x000000008000feca (0xe4a2) mem 0x0000000080031f68 0x0000000080031f90
core   0: 0x000000008000fecc (0x00000880) c.addi4spn s0, sp, 80
core   0: 3 0x000000008000fecc (0x0880) x8  0x0000000080031f70
core   0: 0x000000008000fece (0xfca43423) sd      a0, -56(s0)
core   0: 3 0x000000008000fece (0xfca43423) mem 0x0000000080031f38 0x0000000080012040
core   0: 0x000000008000fed2 (0x000087ae) c.mv    a5, a1
core   0: 3 0x000000008000fed2 (0x87ae) x15 0x0000000000000000
core   0: 0x000000008000fed4 (0xfac43c23) sd      a2, -72(s0)
core   0: 3 0x000000008000fed4 (0xfac43c23) mem 0x0000000080031f28 0x000000000000009c
core   0: 0x000000008000fed8 (0xfcf42223) sw      a5, -60(s0)
core   0: 3 0x000000008000fed8 (0xfcf42223) mem 0x0000000080031f34 0x00000000
core   0: 0x000000008000fedc (0xfc843703) ld      a4, -56(s0)
core   0: 3 0x000000008000fedc (0xfc843703) x14 0x0000000080012040 mem 0x0000000080031f38
core   0: 0x000000008000fee0 (0xfb843783) ld      a5, -72(s0)
core   0: 3 0x000000008000fee0 (0xfb843783) x15 0x000000000000009c mem 0x0000000080031f28
core   0: 0x000000008000fee4 (0x00008fd9) c.or    a5, a4
core   0: 3 0x000000008000fee4 (0x8fd9) x15 0x00000000800120dc
core   0: 0x000000008000fee6 (0x00008b9d) c.andi  a5, 7
core   0: 3 0x000000008000fee6 (0x8b9d) x15 0x0000000000000004
core   0: 0x000000008000fee8 (0x0000e7bd) c.bnez  a5, pc + 110
core   0: 3 0x000000008000fee8 (0xe7bd)
core   0: 0x000000008000ff56 (0xfc843783) ld      a5, -56(s0)
core   0: 3 0x000000008000ff56 (0xfc843783) x15 0x0000000080012040 mem 0x0000000080031f38
core   0: 0x000000008000ff5a (0xfef43023) sd      a5, -32(s0)
core   0: 3 0x000000008000ff5a (0xfef43023) mem 0x0000000080031f50 0x0000000080012040
core   0: 0x000000008000ff5e (0x0000a829) c.j     pc + 26
core   0: 3 0x000000008000ff5e (0xa829)
core   0: 0x000000008000ff78 (0xfc843703) ld      a4, -56(s0)
core   0: 3 0x000000008000ff78 (0xfc843703) x14 0x0000000080012040 mem 0x0000000080031f38
core   0: 0x000000008000ff7c (0xfb843783) ld      a5, -72(s0)
core   0: 3 0x000000008000ff7c (0xfb843783) x15 0x000000000000009c mem 0x0000000080031f28
core   0: 0x000000008000ff80 (0x000097ba) c.add   a5, a4
core   0: 3 0x000000008000ff80 (0x97ba) x15 0x00000000800120dc
core   0: 0x000000008000ff82 (0xfe043703) ld      a4, -32(s0)
core   0: 3 0x000000008000ff82 (0xfe043703) x14 0x0000000080012040 mem 0x0000000080031f50
core   0: 0x000000008000ff86 (0xfcf76de3) bltu    a4, a5, pc - 38
core   0: 3 0x000000008000ff86 (0xfcf76de3)
core   0: 0x000000008000ff60 (0xfe043783) ld      a5, -32(s0)
core   0: 3 0x000000008000ff60 (0xfe043783) x15 0x0000000080012040 mem 0x0000000080031f50
core   0: 0x000000008000ff64 (0x00178713) addi    a4, a5, 1
core   0: 3 0x000000008000ff64 (0x00178713) x14 0x0000000080012041
core   0: 0x000000008000ff68 (0xfee43023) sd      a4, -32(s0)
core   0: 3 0x000000008000ff68 (0xfee43023) mem 0x0000000080031f50 0x0000000080012041
core   0: 0x000000008000ff6c (0xfc442703) lw      a4, -60(s0)
core   0: 3 0x000000008000ff6c (0xfc442703) x14 0x0000000000000000 mem 0x0000000080031f34
core   0: 0x000000008000ff70 (0x0ff77713) andi    a4, a4, 255
core   0: 3 0x000000008000ff70 (0x0ff77713) x14 0x0000000000000000
core   0: 0x000000008000ff74 (0x00e78023) sb      a4, 0(a5)
core   0: 3 0x000000008000ff74 (0x00e78023) mem 0x0000000080012040 0x00
core   0: 0x000000008000ff78 (0xfc843703) ld      a4, -56(s0)
core   0: 3 0x000000008000ff78 (0xfc843703) x14 0x0000000080012040 mem 0x0000000080031f38
core   0: 0x000000008000ff7c (0xfb843783) ld      a5, -72(s0)
core   0: 3 0x000000008000ff7c (0xfb843783) x15 0x000000000000009c mem 0x0000000080031f28
core   0: 0x000000008000ff80 (0x000097ba) c.add   a5, a4
core   0: 3 0x000000008000ff80 (0x97ba) x15 0x00000000800120dc
core   0: 0x000000008000ff82 (0xfe043703) ld      a4, -32(s0)
core   0: 3 0x000000008000ff82 (0xfe043703) x14 0x0000000080012041 mem 0x0000000080031f50
core   0: 0x000000008000ff86 (0xfcf76de3) bltu    a4, a5, pc - 38
core   0: 3 0x000000008000ff86 (0xfcf76de3)
core   0: 0x000000008000ff60 (0xfe043783) ld      a5, -32(s0)
core   0: 3 0x000000008000ff60 (0xfe043783) x15 0x0000000080012041 mem 0x0000000080031f50
core   0: 0x000000008000ff64 (0x00178713) addi    a4, a5, 1
core   0: 3 0x000000008000ff64 (0x00178713) x14 0x0000000080012042
core   0: 0x000000008000ff68 (0xfee43023) sd      a4, -32(s0)
core   0: 3 0x000000008000ff68 (0xfee43023) mem 0x0000000080031f50 0x0000000080012042
core   0: 0x000000008000ff6c (0xfc442703) lw      a4, -60(s0)
core   0: 3 0x000000008000ff6c (0xfc442703) x14 0x0000000000000000 mem 0x0000000080031f34
core   0: 0x000000008000ff70 (0x0ff77713) andi    a4, a4, 255
core   0: 3 0x000000008000ff70 (0x0ff77713) x14 0x0000000000000000
core   0: 0x000000008000ff74 (0x00e78023) sb      a4, 0(a5)
core   0: 3 0x000000008000ff74 (0x00e78023) mem 0x0000000080012041 0x00
core   0: 0x000000008000ff78 (0xfc843703) ld      a4, -56(s0)
core   0: 3 0x000000008000ff78 (0xfc843703) x14 0x0000000080012040 mem 0x0000000080031f38
core   0: 0x000000008000ff7c (0xfb843783) ld      a5, -72(s0)
core   0: 3 0x000000008000ff7c (0xfb843783) x15 0x000000000000009c mem 0x0000000080031f28
core   0: 0x000000008000ff80 (0x000097ba) c.add   a5, a4
core   0: 3 0x000000008000ff80 (0x97ba) x15 0x00000000800120dc
core   0: 0x000000008000ff82 (0xfe043703) ld      a4, -32(s0)
core   0: 3 0x000000008000ff82 (0xfe043703) x14 0x0000000080012042 mem 0x0000000080031f50
core   0: 0x000000008000ff86 (0xfcf76de3) bltu    a4, a5, pc - 38
core   0: 3 0x000000008000ff86 (0xfcf76de3)
core   0: 0x000000008000ff60 (0xfe043783) ld      a5, -32(s0)
core   0: 3 0x000000008000ff60 (0xfe043783) x15 0x0000000080012042 mem 0x0000000080031f50
core   0: 0x000000008000ff64 (0x00178713) addi    a4, a5, 1
core   0: 3 0x000000008000ff64 (0x00178713) x14 0x0000000080012043
core   0: 0x000000008000ff68 (0xfee43023) sd      a4, -32(s0)
core   0: 3 0x000000008000ff68 (0xfee43023) mem 0x0000000080031f50 0x0000000080012043
core   0: 0x000000008000ff6c (0xfc442703) lw      a4, -60(s0)
core   0: 3 0x000000008000ff6c (0xfc442703) x14 0x0000000000000000 mem 0x0000000080031f34
core   0: 0x000000008000ff70 (0x0ff77713) andi    a4, a4, 255
core   0: 3 0x000000008000ff70 (0x0ff77713) x14 0x0000000000000000
core   0: 0x000000008000ff74 (0x00e78023) sb      a4, 0(a5)
core   0: 3 0x000000008000ff74 (0x00e78023) mem 0x0000000080012042 0x00
core   0: 0x000000008000ff78 (0xfc843703) ld      a4, -56(s0)
core   0: 3 0x000000008000ff78 (0xfc843703) x14 0x0000000080012040 mem 0x0000000080031f38
core   0: 0x000000008000ff7c (0xfb843783) ld      a5, -72(s0)
core   0: 3 0x000000008000ff7c (0xfb843783) x15 0x000000000000009c mem 0x0000000080031f28
core   0: 0x000000008000ff80 (0x000097ba) c.add   a5, a4
core   0: 3 0x000000008000ff80 (0x97ba) x15 0x00000000800120dc
core   0: 0x000000008000ff82 (0xfe043703) ld      a4, -32(s0)
core   0: 3 0x000000008000ff82 (0xfe043703) x14 0x0000000080012043 mem 0x0000000080031f50
core   0: 0x000000008000ff86 (0xfcf76de3) bltu    a4, a5, pc - 38
core   0: 3 0x000000008000ff86 (0xfcf76de3)
core   0: 0x000000008000ff60 (0xfe043783) ld      a5, -32(s0)
core   0: 3 0x000000008000ff60 (0xfe043783) x15 0x0000000080012043 mem 0x0000000080031f50
core   0: 0x000000008000ff64 (0x00178713) addi    a4, a5, 1
core   0: 3 0x000000008000ff64 (0x00178713) x14 0x0000000080012044
core   0: 0x000000008000ff68 (0xfee43023) sd      a4, -32(s0)
core   0: 3 0x000000008000ff68 (0xfee43023) mem 0x0000000080031f50 0x0000000080012044
core   0: 0x000000008000ff6c (0xfc442703) lw      a4, -60(s0)
core   0: 3 0x000000008000ff6c (0xfc442703) x14 0x0000000000000000 mem 0x0000000080031f34
core   0: 0x000000008000ff70 (0x0ff77713) andi    a4, a4, 255
core   0: 3 0x000000008000ff70 (0x0ff77713) x14 0x0000000000000000
core   0: 0x000000008000ff74 (0x00e78023) sb      a4, 0(a5)
core   0: 3 0x000000008000ff74 (0x00e78023) mem 0x0000000080012043 0x00
core   0: 0x000000008000ff78 (0xfc843703) ld      a4, -56(s0)
core   0: 3 0x000000008000ff78 (0xfc843703) x14 0x0000000080012040 mem 0x0000000080031f38
core   0: 0x000000008000ff7c (0xfb843783) ld      a5, -72(s0)
core   0: 3 0x000000008000ff7c (0xfb843783) x15 0x000000000000009c mem 0x0000000080031f28
core   0: 0x000000008000ff80 (0x000097ba) c.add   a5, a4
core   0: 3 0x000000008000ff80 (0x97ba) x15 0x00000000800120dc
core   0: 0x000000008000ff82 (0xfe043703) ld      a4, -32(s0)
core   0: 3 0x000000008000ff82 (0xfe043703) x14 0x0000000080012044 mem 0x0000000080031f50
core   0: 0x000000008000ff86 (0xfcf76de3) bltu    a4, a5, pc - 38
core   0: 3 0x000000008000ff86 (0xfcf76de3)
core   0: 0x000000008000ff60 (0xfe043783) ld      a5, -32(s0)
core   0: 3 0x000000008000ff60 (0xfe043783) x15 0x0000000080012044 mem 0x0000000080031f50
core   0: 0x000000008000ff64 (0x00178713) addi    a4, a5, 1
core   0: 3 0x000000008000ff64 (0x00178713) x14 0x0000000080012045
core   0: 0x000000008000ff68 (0xfee43023) sd      a4, -32(s0)
core   0: 3 0x000000008000ff68 (0xfee43023) mem 0x0000000080031f50 0x0000000080012045
core   0: 0x000000008000ff6c (0xfc442703) lw      a4, -60(s0)
core   0: 3 0x000000008000ff6c (0xfc442703) x14 0x0000000000000000 mem 0x0000000080031f34
core   0: 0x000000008000ff70 (0x0ff77713) andi    a4, a4, 255
core   0: 3 0x000000008000ff70 (0x0ff77713) x14 0x0000000000000000
core   0: 0x000000008000ff74 (0x00e78023) sb      a4, 0(a5)
core   0: 3 0x000000008000ff74 (0x00e78023) mem 0x0000000080012044 0x00
core   0: 0x000000008000ff78 (0xfc843703) ld      a4, -56(s0)
core   0: 3 0x000000008000ff78 (0xfc843703) x14 0x0000000080012040 mem 0x0000000080031f38
core   0: 0x000000008000ff7c (0xfb843783) ld      a5, -72(s0)
core   0: 3 0x000000008000ff7c (0xfb843783) x15 0x000000000000009c mem 0x0000000080031f28
core   0: 0x000000008000ff80 (0x000097ba) c.add   a5, a4
core   0: 3 0x000000008000ff80 (0x97ba) x15 0x00000000800120dc
core   0: 0x000000008000ff82 (0xfe043703) ld      a4, -32(s0)
core   0: 3 0x000000008000ff82 (0xfe043703) x14 0x0000000080012045 mem 0x0000000080031f50
core   0: 0x000000008000ff86 (0xfcf76de3) bltu    a4, a5, pc - 38
core   0: 3 0x000000008000ff86 (0xfcf76de3)
core   0: 0x000000008000ff60 (0xfe043783) ld      a5, -32(s0)
core   0: 3 0x000000008000ff60 (0xfe043783) x15 0x0000000080012045 mem 0x0000000080031f50
core   0: 0x000000008000ff64 (0x00178713) addi    a4, a5, 1
core   0: 3 0x000000008000ff64 (0x00178713) x14 0x0000000080012046
core   0: 0x000000008000ff68 (0xfee43023) sd      a4, -32(s0)
core   0: 3 0x000000008000ff68 (0xfee43023) mem 0x0000000080031f50 0x0000000080012046
core   0: 0x000000008000ff6c (0xfc442703) lw      a4, -60(s0)
core   0: 3 0x000000008000ff6c (0xfc442703) x14 0x0000000000000000 mem 0x0000000080031f34
core   0: 0x000000008000ff70 (0x0ff77713) andi    a4, a4, 255
core   0: 3 0x000000008000ff70 (0x0ff77713) x14 0x0000000000000000
core   0: 0x000000008000ff74 (0x00e78023) sb      a4, 0(a5)
core   0: 3 0x000000008000ff74 (0x00e78023) mem 0x0000000080012045 0x00
core   0: 0x000000008000ff78 (0xfc843703) ld      a4, -56(s0)
core   0: 3 0x000000008000ff78 (0xfc843703) x14 0x0000000080012040 mem 0x0000000080031f38
core   0: 0x000000008000ff7c (0xfb843783) ld      a5, -72(s0)
core   0: 3 0x000000008000ff7c (0xfb843783) x15 0x000000000000009c mem 0x0000000080031f28
core   0: 0x000000008000ff80 (0x000097ba) c.add   a5, a4
core   0: 3 0x000000008000ff80 (0x97ba) x15 0x00000000800120dc
core   0: 0x000000008000ff82 (0xfe043703) ld      a4, -32(s0)
core   0: 3 0x000000008000ff82 (0xfe043703) x14 0x0000000080012046 mem 0x0000000080031f50
core   0: 0x000000008000ff86 (0xfcf76de3) bltu    a4, a5, pc - 38
core   0: 3 0x000000008000ff86 (0xfcf76de3)
core   0: 0x000000008000ff60 (0xfe043783) ld      a5, -32(s0)
core   0: 3 0x000000008000ff60 (0xfe043783) x15 0x0000000080012046 mem 0x0000000080031f50
core   0: 0x000000008000ff64 (0x00178713) addi    a4, a5, 1
core   0: 3 0x000000008000ff64 (0x00178713) x14 0x0000000080012047
core   0: 0x000000008000ff68 (0xfee43023) sd      a4, -32(s0)
core   0: 3 0x000000008000ff68 (0xfee43023) mem 0x0000000080031f50 0x0000000080012047
core   0: 0x000000008000ff6c (0xfc442703) lw      a4, -60(s0)
core   0: 3 0x000000008000ff6c (0xfc442703) x14 0x0000000000000000 mem 0x0000000080031f34
core   0: 0x000000008000ff70 (0x0ff77713) andi    a4, a4, 255
core   0: 3 0x000000008000ff70 (0x0ff77713) x14 0x0000000000000000
core   0: 0x000000008000ff74 (0x00e78023) sb      a4, 0(a5)
core   0: 3 0x000000008000ff74 (0x00e78023) mem 0x0000000080012046 0x00
core   0: 0x000000008000ff78 (0xfc843703) ld      a4, -56(s0)
core   0: 3 0x000000008000ff78 (0xfc843703) x14 0x0000000080012040 mem 0x0000000080031f38
core   0: 0x000000008000ff7c (0xfb843783) ld      a5, -72(s0)
core   0: 3 0x000000008000ff7c (0xfb843783) x15 0x000000000000009c mem 0x0000000080031f28
core   0: 0x000000008000ff80 (0x000097ba) c.add   a5, a4
core   0: 3 0x000000008000ff80 (0x97ba) x15 0x00000000800120dc
core   0: 0x000000008000ff82 (0xfe043703) ld      a4, -32(s0)
core   0: 3 0x000000008000ff82 (0xfe043703) x14 0x0000000080012047 mem 0x0000000080031f50
core   0: 0x000000008000ff86 (0xfcf76de3) bltu    a4, a5, pc - 38
core   0: 3 0x000000008000ff86 (0xfcf76de3)
core   0: 0x000000008000ff60 (0xfe043783) ld      a5, -32(s0)
core   0: 3 0x000000008000ff60 (0xfe043783) x15 0x0000000080012047 mem 0x0000000080031f50
core   0: 0x000000008000ff64 (0x00178713) addi    a4, a5, 1
core   0: 3 0x000000008000ff64 (0x00178713) x14 0x0000000080012048
core   0: 0x000000008000ff68 (0xfee43023) sd      a4, -32(s0)
core   0: 3 0x000000008000ff68 (0xfee43023) mem 0x0000000080031f50 0x0000000080012048
core   0: 0x000000008000ff6c (0xfc442703) lw      a4, -60(s0)
core   0: 3 0x000000008000ff6c (0xfc442703) x14 0x0000000000000000 mem 0x0000000080031f34
core   0: 0x000000008000ff70 (0x0ff77713) andi    a4, a4, 255
core   0: 3 0x000000008000ff70 (0x0ff77713) x14 0x0000000000000000
core   0: 0x000000008000ff74 (0x00e78023) sb      a4, 0(a5)
core   0: 3 0x000000008000ff74 (0x00e78023) mem 0x0000000080012047 0x00
core   0: 0x000000008000ff78 (0xfc843703) ld      a4, -56(s0)
core   0: 3 0x000000008000ff78 (0xfc843703) x14 0x0000000080012040 mem 0x0000000080031f38
core   0: 0x000000008000ff7c (0xfb843783) ld      a5, -72(s0)
core   0: 3 0x000000008000ff7c (0xfb843783) x15 0x000000000000009c mem 0x0000000080031f28
core   0: 0x000000008000ff80 (0x000097ba) c.add   a5, a4
core   0: 3 0x000000008000ff80 (0x97ba) x15 0x00000000800120dc
core   0: 0x000000008000ff82 (0xfe043703) ld      a4, -32(s0)
core   0: 3 0x000000008000ff82 (0xfe043703) x14 0x0000000080012048 mem 0x0000000080031f50
core   0: 0x000000008000ff86 (0xfcf76de3) bltu    a4, a5, pc - 38
core   0: 3 0x000000008000ff86 (0xfcf76de3)
core   0: 0x000000008000ff60 (0xfe043783) ld      a5, -32(s0)
core   0: 3 0x000000008000ff60 (0xfe043783) x15 0x0000000080012048 mem 0x0000000080031f50
core   0: 0x000000008000ff64 (0x00178713) addi    a4, a5, 1
core   0: 3 0x000000008000ff64 (0x00178713) x14 0x0000000080012049
core   0: 0x000000008000ff68 (0xfee43023) sd      a4, -32(s0)
core   0: 3 0x000000008000ff68 (0xfee43023) mem 0x0000000080031f50 0x0000000080012049
core   0: 0x000000008000ff6c (0xfc442703) lw      a4, -60(s0)
core   0: 3 0x000000008000ff6c (0xfc442703) x14 0x0000000000000000 mem 0x0000000080031f34
core   0: 0x000000008000ff70 (0x0ff77713) andi    a4, a4, 255
core   0: 3 0x000000008000ff70 (0x0ff77713) x14 0x0000000000000000
core   0: 0x000000008000ff74 (0x00e78023) sb      a4, 0(a5)
core   0: 3 0x000000008000ff74 (0x00e78023) mem 0x0000000080012048 0x00
core   0: 0x000000008000ff78 (0xfc843703) ld      a4, -56(s0)
core   0: 3 0x000000008000ff78 (0xfc843703) x14 0x0000000080012040 mem 0x0000000080031f38
core   0: 0x000000008000ff7c (0xfb843783) ld      a5, -72(s0)
core   0: 3 0x000000008000ff7c (0xfb843783) x15 0x000000000000009c mem 0x0000000080031f28
core   0: 0x000000008000ff80 (0x000097ba) c.add   a5, a4
core   0: 3 0x000000008000ff80 (0x97ba) x15 0x00000000800120dc
core   0: 0x000000008000ff82 (0xfe043703) ld      a4, -32(s0)
core   0: 3 0x000000008000ff82 (0xfe043703) x14 0x0000000080012049 mem 0x0000000080031f50
core   0: 0x000000008000ff86 (0xfcf76de3) bltu    a4, a5, pc - 38
core   0: 3 0x000000008000ff86 (0xfcf76de3)
core   0: 0x000000008000ff60 (0xfe043783) ld      a5, -32(s0)
core   0: 3 0x000000008000ff60 (0xfe043783) x15 0x0000000080012049 mem 0x0000000080031f50
core   0: 0x000000008000ff64 (0x00178713) addi    a4, a5, 1
core   0: 3 0x000000008000ff64 (0x00178713) x14 0x000000008001204a
core   0: 0x000000008000ff68 (0xfee43023) sd      a4, -32(s0)
core   0: 3 0x000000008000ff68 (0xfee43023) mem 0x0000000080031f50 0x000000008001204a
core   0: 0x000000008000ff6c (0xfc442703) lw      a4, -60(s0)
core   0: 3 0x000000008000ff6c (0xfc442703) x14 0x0000000000000000 mem 0x0000000080031f34
core   0: 0x000000008000ff70 (0x0ff77713) andi    a4, a4, 255
core   0: 3 0x000000008000ff70 (0x0ff77713) x14 0x0000000000000000
core   0: 0x000000008000ff74 (0x00e78023) sb      a4, 0(a5)
core   0: 3 0x000000008000ff74 (0x00e78023) mem 0x0000000080012049 0x00
core   0: 0x000000008000ff78 (0xfc843703) ld      a4, -56(s0)
core   0: 3 0x000000008000ff78 (0xfc843703) x14 0x0000000080012040 mem 0x0000000080031f38
core   0: 0x000000008000ff7c (0xfb843783) ld      a5, -72(s0)
core   0: 3 0x000000008000ff7c (0xfb843783) x15 0x000000000000009c mem 0x0000000080031f28
core   0: 0x000000008000ff80 (0x000097ba) c.add   a5, a4
core   0: 3 0x000000008000ff80 (0x97ba) x15 0x00000000800120dc
core   0: 0x000000008000ff82 (0xfe043703) ld      a4, -32(s0)
core   0: 3 0x000000008000ff82 (0xfe043703) x14 0x000000008001204a mem 0x0000000080031f50
core   0: 0x000000008000ff86 (0xfcf76de3) bltu    a4, a5, pc - 38
core   0: 3 0x000000008000ff86 (0xfcf76de3)
core   0: 0x000000008000ff60 (0xfe043783) ld      a5, -32(s0)
core   0: 3 0x000000008000ff60 (0xfe043783) x15 0x000000008001204a mem 0x0000000080031f50
core   0: 0x000000008000ff64 (0x00178713) addi    a4, a5, 1
core   0: 3 0x000000008000ff64 (0x00178713) x14 0x000000008001204b
core   0: 0x000000008000ff68 (0xfee43023) sd      a4, -32(s0)
core   0: 3 0x000000008000ff68 (0xfee43023) mem 0x0000000080031f50 0x000000008001204b
core   0: 0x000000008000ff6c (0xfc442703) lw      a4, -60(s0)
core   0: 3 0x000000008000ff6c (0xfc442703) x14 0x0000000000000000 mem 0x0000000080031f34
core   0: 0x000000008000ff70 (0x0ff77713) andi    a4, a4, 255
core   0: 3 0x000000008000ff70 (0x0ff77713) x14 0x0000000000000000
core   0: 0x000000008000ff74 (0x00e78023) sb      a4, 0(a5)
core   0: 3 0x000000008000ff74 (0x00e78023) mem 0x000000008001204a 0x00
core   0: 0x000000008000ff78 (0xfc843703) ld      a4, -56(s0)
core   0: 3 0x000000008000ff78 (0xfc843703) x14 0x0000000080012040 mem 0x0000000080031f38
core   0: 0x000000008000ff7c (0xfb843783) ld      a5, -72(s0)
core   0: 3 0x000000008000ff7c (0xfb843783) x15 0x000000000000009c mem 0x0000000080031f28
core   0: 0x000000008000ff80 (0x000097ba) c.add   a5, a4
core   0: 3 0x000000008000ff80 (0x97ba) x15 0x00000000800120dc
core   0: 0x000000008000ff82 (0xfe043703) ld      a4, -32(s0)
core   0: 3 0x000000008000ff82 (0xfe043703) x14 0x000000008001204b mem 0x0000000080031f50
core   0: 0x000000008000ff86 (0xfcf76de3) bltu    a4, a5, pc - 38
core   0: 3 0x000000008000ff86 (0xfcf76de3)
core   0: 0x000000008000ff60 (0xfe043783) ld      a5, -32(s0)
core   0: 3 0x000000008000ff60 (0xfe043783) x15 0x000000008001204b mem 0x0000000080031f50
core   0: 0x000000008000ff64 (0x00178713) addi    a4, a5, 1
core   0: 3 0x000000008000ff64 (0x00178713) x14 0x000000008001204c
core   0: 0x000000008000ff68 (0xfee43023) sd      a4, -32(s0)
core   0: 3 0x000000008000ff68 (0xfee43023) mem 0x0000000080031f50 0x000000008001204c
core   0: 0x000000008000ff6c (0xfc442703) lw      a4, -60(s0)
core   0: 3 0x000000008000ff6c (0xfc442703) x14 0x0000000000000000 mem 0x0000000080031f34
core   0: 0x000000008000ff70 (0x0ff77713) andi    a4, a4, 255
core   0: 3 0x000000008000ff70 (0x0ff77713) x14 0x0000000000000000
core   0: 0x000000008000ff74 (0x00e78023) sb      a4, 0(a5)
core   0: 3 0x000000008000ff74 (0x00e78023) mem 0x000000008001204b 0x00
core   0: 0x000000008000ff78 (0xfc843703) ld      a4, -56(s0)
core   0: 3 0x000000008000ff78 (0xfc843703) x14 0x0000000080012040 mem 0x0000000080031f38
core   0: 0x000000008000ff7c (0xfb843783) ld      a5, -72(s0)
core   0: 3 0x000000008000ff7c (0xfb843783) x15 0x000000000000009c mem 0x0000000080031f28
core   0: 0x000000008000ff80 (0x000097ba) c.add   a5, a4
core   0: 3 0x000000008000ff80 (0x97ba) x15 0x00000000800120dc
core   0: 0x000000008000ff82 (0xfe043703) ld      a4, -32(s0)
core   0: 3 0x000000008000ff82 (0xfe043703) x14 0x000000008001204c mem 0x0000000080031f50
core   0: 0x000000008000ff86 (0xfcf76de3) bltu    a4, a5, pc - 38
core   0: 3 0x000000008000ff86 (0xfcf76de3)
core   0: 0x000000008000ff60 (0xfe043783) ld      a5, -32(s0)
core   0: 3 0x000000008000ff60 (0xfe043783) x15 0x000000008001204c mem 0x0000000080031f50
core   0: 0x000000008000ff64 (0x00178713) addi    a4, a5, 1
core   0: 3 0x000000008000ff64 (0x00178713) x14 0x000000008001204d
core   0: 0x000000008000ff68 (0xfee43023) sd      a4, -32(s0)
core   0: 3 0x000000008000ff68 (0xfee43023) mem 0x0000000080031f50 0x000000008001204d
core   0: 0x000000008000ff6c (0xfc442703) lw      a4, -60(s0)
core   0: 3 0x000000008000ff6c (0xfc442703) x14 0x0000000000000000 mem 0x0000000080031f34
core   0: 0x000000008000ff70 (0x0ff77713) andi    a4, a4, 255
core   0: 3 0x000000008000ff70 (0x0ff77713) x14 0x0000000000000000
core   0: 0x000000008000ff74 (0x00e78023) sb      a4, 0(a5)
core   0: 3 0x000000008000ff74 (0x00e78023) mem 0x000000008001204c 0x00
core   0: 0x000000008000ff78 (0xfc843703) ld      a4, -56(s0)
core   0: 3 0x000000008000ff78 (0xfc843703) x14 0x0000000080012040 mem 0x0000000080031f38
core   0: 0x000000008000ff7c (0xfb843783) ld      a5, -72(s0)
core   0: 3 0x000000008000ff7c (0xfb843783) x15 0x000000000000009c mem 0x0000000080031f28
core   0: 0x000000008000ff80 (0x000097ba) c.add   a5, a4
core   0: 3 0x000000008000ff80 (0x97ba) x15 0x00000000800120dc
core   0: 0x000000008000ff82 (0xfe043703) ld      a4, -32(s0)
core   0: 3 0x000000008000ff82 (0xfe043703) x14 0x000000008001204d mem 0x0000000080031f50
core   0: 0x000000008000ff86 (0xfcf76de3) bltu    a4, a5, pc - 38
core   0: 3 0x000000008000ff86 (0xfcf76de3)
core   0: 0x000000008000ff60 (0xfe043783) ld      a5, -32(s0)
core   0: 3 0x000000008000ff60 (0xfe043783) x15 0x000000008001204d mem 0x0000000080031f50
core   0: 0x000000008000ff64 (0x00178713) addi    a4, a5, 1
core   0: 3 0x000000008000ff64 (0x00178713) x14 0x000000008001204e
core   0: 0x000000008000ff68 (0xfee43023) sd      a4, -32(s0)
core   0: 3 0x000000008000ff68 (0xfee43023) mem 0x0000000080031f50 0x000000008001204e
core   0: 0x000000008000ff6c (0xfc442703) lw      a4, -60(s0)
core   0: 3 0x000000008000ff6c (0xfc442703) x14 0x0000000000000000 mem 0x0000000080031f34
core   0: 0x000000008000ff70 (0x0ff77713) andi    a4, a4, 255
core   0: 3 0x000000008000ff70 (0x0ff77713) x14 0x0000000000000000
core   0: 0x000000008000ff74 (0x00e78023) sb      a4, 0(a5)
core   0: 3 0x000000008000ff74 (0x00e78023) mem 0x000000008001204d 0x00
core   0: 0x000000008000ff78 (0xfc843703) ld      a4, -56(s0)
core   0: 3 0x000000008000ff78 (0xfc843703) x14 0x0000000080012040 mem 0x0000000080031f38
core   0: 0x000000008000ff7c (0xfb843783) ld      a5, -72(s0)
core   0: 3 0x000000008000ff7c (0xfb843783) x15 0x000000000000009c mem 0x0000000080031f28
core   0: 0x000000008000ff80 (0x000097ba) c.add   a5, a4
core   0: 3 0x000000008000ff80 (0x97ba) x15 0x00000000800120dc
core   0: 0x000000008000ff82 (0xfe043703) ld      a4, -32(s0)
core   0: 3 0x000000008000ff82 (0xfe043703) x14 0x000000008001204e mem 0x0000000080031f50
core   0: 0x000000008000ff86 (0xfcf76de3) bltu    a4, a5, pc - 38
core   0: 3 0x000000008000ff86 (0xfcf76de3)
core   0: 0x000000008000ff60 (0xfe043783) ld      a5, -32(s0)
core   0: 3 0x000000008000ff60 (0xfe043783) x15 0x000000008001204e mem 0x0000000080031f50
core   0: 0x000000008000ff64 (0x00178713) addi    a4, a5, 1
core   0: 3 0x000000008000ff64 (0x00178713) x14 0x000000008001204f
core   0: 0x000000008000ff68 (0xfee43023) sd      a4, -32(s0)
core   0: 3 0x000000008000ff68 (0xfee43023) mem 0x0000000080031f50 0x000000008001204f
core   0: 0x000000008000ff6c (0xfc442703) lw      a4, -60(s0)
core   0: 3 0x000000008000ff6c (0xfc442703) x14 0x0000000000000000 mem 0x0000000080031f34
core   0: 0x000000008000ff70 (0x0ff77713) andi    a4, a4, 255
core   0: 3 0x000000008000ff70 (0x0ff77713) x14 0x0000000000000000
core   0: 0x000000008000ff74 (0x00e78023) sb      a4, 0(a5)
core   0: 3 0x000000008000ff74 (0x00e78023) mem 0x000000008001204e 0x00
core   0: 0x000000008000ff78 (0xfc843703) ld      a4, -56(s0)
core   0: 3 0x000000008000ff78 (0xfc843703) x14 0x0000000080012040 mem 0x0000000080031f38
core   0: 0x000000008000ff7c (0xfb843783) ld      a5, -72(s0)
core   0: 3 0x000000008000ff7c (0xfb843783) x15 0x000000000000009c mem 0x0000000080031f28
core   0: 0x000000008000ff80 (0x000097ba) c.add   a5, a4
core   0: 3 0x000000008000ff80 (0x97ba) x15 0x00000000800120dc
core   0: 0x000000008000ff82 (0xfe043703) ld      a4, -32(s0)
core   0: 3 0x000000008000ff82 (0xfe043703) x14 0x000000008001204f mem 0x0000000080031f50
core   0: 0x000000008000ff86 (0xfcf76de3) bltu    a4, a5, pc - 38
core   0: 3 0x000000008000ff86 (0xfcf76de3)
core   0: 0x000000008000ff60 (0xfe043783) ld      a5, -32(s0)
core   0: 3 0x000000008000ff60 (0xfe043783) x15 0x000000008001204f mem 0x0000000080031f50
core   0: 0x000000008000ff64 (0x00178713) addi    a4, a5, 1
core   0: 3 0x000000008000ff64 (0x00178713) x14 0x0000000080012050
core   0: 0x000000008000ff68 (0xfee43023) sd      a4, -32(s0)
core   0: 3 0x000000008000ff68 (0xfee43023) mem 0x0000000080031f50 0x0000000080012050
core   0: 0x000000008000ff6c (0xfc442703) lw      a4, -60(s0)
core   0: 3 0x000000008000ff6c (0xfc442703) x14 0x0000000000000000 mem 0x0000000080031f34
core   0: 0x000000008000ff70 (0x0ff77713) andi    a4, a4, 255
core   0: 3 0x000000008000ff70 (0x0ff77713) x14 0x0000000000000000
core   0: 0x000000008000ff74 (0x00e78023) sb      a4, 0(a5)
core   0: 3 0x000000008000ff74 (0x00e78023) mem 0x000000008001204f 0x00
core   0: 0x000000008000ff78 (0xfc843703) ld      a4, -56(s0)
core   0: 3 0x000000008000ff78 (0xfc843703) x14 0x0000000080012040 mem 0x0000000080031f38
core   0: 0x000000008000ff7c (0xfb843783) ld      a5, -72(s0)
core   0: 3 0x000000008000ff7c (0xfb843783) x15 0x000000000000009c mem 0x0000000080031f28
core   0: 0x000000008000ff80 (0x000097ba) c.add   a5, a4
core   0: 3 0x000000008000ff80 (0x97ba) x15 0x00000000800120dc
core   0: 0x000000008000ff82 (0xfe043703) ld      a4, -32(s0)
core   0: 3 0x000000008000ff82 (0xfe043703) x14 0x0000000080012050 mem 0x0000000080031f50
core   0: 0x000000008000ff86 (0xfcf76de3) bltu    a4, a5, pc - 38
core   0: 3 0x000000008000ff86 (0xfcf76de3)
core   0: 0x000000008000ff60 (0xfe043783) ld      a5, -32(s0)
core   0: 3 0x000000008000ff60 (0xfe043783) x15 0x0000000080012050 mem 0x0000000080031f50
core   0: 0x000000008000ff64 (0x00178713) addi    a4, a5, 1
core   0: 3 0x000000008000ff64 (0x00178713) x14 0x0000000080012051
core   0: 0x000000008000ff68 (0xfee43023) sd      a4, -32(s0)
core   0: 3 0x000000008000ff68 (0xfee43023) mem 0x0000000080031f50 0x0000000080012051
core   0: 0x000000008000ff6c (0xfc442703) lw      a4, -60(s0)
core   0: 3 0x000000008000ff6c (0xfc442703) x14 0x0000000000000000 mem 0x0000000080031f34
core   0: 0x000000008000ff70 (0x0ff77713) andi    a4, a4, 255
core   0: 3 0x000000008000ff70 (0x0ff77713) x14 0x0000000000000000
core   0: 0x000000008000ff74 (0x00e78023) sb      a4, 0(a5)
core   0: 3 0x000000008000ff74 (0x00e78023) mem 0x0000000080012050 0x00
core   0: 0x000000008000ff78 (0xfc843703) ld      a4, -56(s0)
core   0: 3 0x000000008000ff78 (0xfc843703) x14 0x0000000080012040 mem 0x0000000080031f38
core   0: 0x000000008000ff7c (0xfb843783) ld      a5, -72(s0)
core   0: 3 0x000000008000ff7c (0xfb843783) x15 0x000000000000009c mem 0x0000000080031f28
core   0: 0x000000008000ff80 (0x000097ba) c.add   a5, a4
core   0: 3 0x000000008000ff80 (0x97ba) x15 0x00000000800120dc
core   0: 0x000000008000ff82 (0xfe043703) ld      a4, -32(s0)
core   0: 3 0x000000008000ff82 (0xfe043703) x14 0x0000000080012051 mem 0x0000000080031f50
core   0: 0x000000008000ff86 (0xfcf76de3) bltu    a4, a5, pc - 38
core   0: 3 0x000000008000ff86 (0xfcf76de3)
core   0: 0x000000008000ff60 (0xfe043783) ld      a5, -32(s0)
core   0: 3 0x000000008000ff60 (0xfe043783) x15 0x0000000080012051 mem 0x0000000080031f50
core   0: 0x000000008000ff64 (0x00178713) addi    a4, a5, 1
core   0: 3 0x000000008000ff64 (0x00178713) x14 0x0000000080012052
core   0: 0x000000008000ff68 (0xfee43023) sd      a4, -32(s0)
core   0: 3 0x000000008000ff68 (0xfee43023) mem 0x0000000080031f50 0x0000000080012052
core   0: 0x000000008000ff6c (0xfc442703) lw      a4, -60(s0)
core   0: 3 0x000000008000ff6c (0xfc442703) x14 0x0000000000000000 mem 0x0000000080031f34
core   0: 0x000000008000ff70 (0x0ff77713) andi    a4, a4, 255
core   0: 3 0x000000008000ff70 (0x0ff77713) x14 0x0000000000000000
core   0: 0x000000008000ff74 (0x00e78023) sb      a4, 0(a5)
core   0: 3 0x000000008000ff74 (0x00e78023) mem 0x0000000080012051 0x00
core   0: 0x000000008000ff78 (0xfc843703) ld      a4, -56(s0)
core   0: 3 0x000000008000ff78 (0xfc843703) x14 0x0000000080012040 mem 0x0000000080031f38
core   0: 0x000000008000ff7c (0xfb843783) ld      a5, -72(s0)
core   0: 3 0x000000008000ff7c (0xfb843783) x15 0x000000000000009c mem 0x0000000080031f28
core   0: 0x000000008000ff80 (0x000097ba) c.add   a5, a4
core   0: 3 0x000000008000ff80 (0x97ba) x15 0x00000000800120dc
core   0: 0x000000008000ff82 (0xfe043703) ld      a4, -32(s0)
core   0: 3 0x000000008000ff82 (0xfe043703) x14 0x0000000080012052 mem 0x0000000080031f50
core   0: 0x000000008000ff86 (0xfcf76de3) bltu    a4, a5, pc - 38
core   0: 3 0x000000008000ff86 (0xfcf76de3)
core   0: 0x000000008000ff60 (0xfe043783) ld      a5, -32(s0)
core   0: 3 0x000000008000ff60 (0xfe043783) x15 0x0000000080012052 mem 0x0000000080031f50
core   0: 0x000000008000ff64 (0x00178713) addi    a4, a5, 1
core   0: 3 0x000000008000ff64 (0x00178713) x14 0x0000000080012053
core   0: 0x000000008000ff68 (0xfee43023) sd      a4, -32(s0)
core   0: 3 0x000000008000ff68 (0xfee43023) mem 0x0000000080031f50 0x0000000080012053
core   0: 0x000000008000ff6c (0xfc442703) lw      a4, -60(s0)
core   0: 3 0x000000008000ff6c (0xfc442703) x14 0x0000000000000000 mem 0x0000000080031f34
core   0: 0x000000008000ff70 (0x0ff77713) andi    a4, a4, 255
core   0: 3 0x000000008000ff70 (0x0ff77713) x14 0x0000000000000000
core   0: 0x000000008000ff74 (0x00e78023) sb      a4, 0(a5)
core   0: 3 0x000000008000ff74 (0x00e78023) mem 0x0000000080012052 0x00
core   0: 0x000000008000ff78 (0xfc843703) ld      a4, -56(s0)
core   0: 3 0x000000008000ff78 (0xfc843703) x14 0x0000000080012040 mem 0x0000000080031f38
core   0: 0x000000008000ff7c (0xfb843783) ld      a5, -72(s0)
core   0: 3 0x000000008000ff7c (0xfb843783) x15 0x000000000000009c mem 0x0000000080031f28
core   0: 0x000000008000ff80 (0x000097ba) c.add   a5, a4
core   0: 3 0x000000008000ff80 (0x97ba) x15 0x00000000800120dc
core   0: 0x000000008000ff82 (0xfe043703) ld      a4, -32(s0)
core   0: 3 0x000000008000ff82 (0xfe043703) x14 0x0000000080012053 mem 0x0000000080031f50
core   0: 0x000000008000ff86 (0xfcf76de3) bltu    a4, a5, pc - 38
core   0: 3 0x000000008000ff86 (0xfcf76de3)
core   0: 0x000000008000ff60 (0xfe043783) ld      a5, -32(s0)
core   0: 3 0x000000008000ff60 (0xfe043783) x15 0x0000000080012053 mem 0x0000000080031f50
core   0: 0x000000008000ff64 (0x00178713) addi    a4, a5, 1
core   0: 3 0x000000008000ff64 (0x00178713) x14 0x0000000080012054
core   0: 0x000000008000ff68 (0xfee43023) sd      a4, -32(s0)
core   0: 3 0x000000008000ff68 (0xfee43023) mem 0x0000000080031f50 0x0000000080012054
core   0: 0x000000008000ff6c (0xfc442703) lw      a4, -60(s0)
core   0: 3 0x000000008000ff6c (0xfc442703) x14 0x0000000000000000 mem 0x0000000080031f34
core   0: 0x000000008000ff70 (0x0ff77713) andi    a4, a4, 255
core   0: 3 0x000000008000ff70 (0x0ff77713) x14 0x0000000000000000
core   0: 0x000000008000ff74 (0x00e78023) sb      a4, 0(a5)
core   0: 3 0x000000008000ff74 (0x00e78023) mem 0x0000000080012053 0x00
core   0: 0x000000008000ff78 (0xfc843703) ld      a4, -56(s0)
core   0: 3 0x000000008000ff78 (0xfc843703) x14 0x0000000080012040 mem 0x0000000080031f38
core   0: 0x000000008000ff7c (0xfb843783) ld      a5, -72(s0)
core   0: 3 0x000000008000ff7c (0xfb843783) x15 0x000000000000009c mem 0x0000000080031f28
core   0: 0x000000008000ff80 (0x000097ba) c.add   a5, a4
core   0: 3 0x000000008000ff80 (0x97ba) x15 0x00000000800120dc
core   0: 0x000000008000ff82 (0xfe043703) ld      a4, -32(s0)
core   0: 3 0x000000008000ff82 (0xfe043703) x14 0x0000000080012054 mem 0x0000000080031f50
core   0: 0x000000008000ff86 (0xfcf76de3) bltu    a4, a5, pc - 38
core   0: 3 0x000000008000ff86 (0xfcf76de3)
core   0: 0x000000008000ff60 (0xfe043783) ld      a5, -32(s0)
core   0: 3 0x000000008000ff60 (0xfe043783) x15 0x0000000080012054 mem 0x0000000080031f50
core   0: 0x000000008000ff64 (0x00178713) addi    a4, a5, 1
core   0: 3 0x000000008000ff64 (0x00178713) x14 0x0000000080012055
core   0: 0x000000008000ff68 (0xfee43023) sd      a4, -32(s0)
core   0: 3 0x000000008000ff68 (0xfee43023) mem 0x0000000080031f50 0x0000000080012055
core   0: 0x000000008000ff6c (0xfc442703) lw      a4, -60(s0)
core   0: 3 0x000000008000ff6c (0xfc442703) x14 0x0000000000000000 mem 0x0000000080031f34
core   0: 0x000000008000ff70 (0x0ff77713) andi    a4, a4, 255
core   0: 3 0x000000008000ff70 (0x0ff77713) x14 0x0000000000000000
core   0: 0x000000008000ff74 (0x00e78023) sb      a4, 0(a5)
core   0: 3 0x000000008000ff74 (0x00e78023) mem 0x0000000080012054 0x00
core   0: 0x000000008000ff78 (0xfc843703) ld      a4, -56(s0)
core   0: 3 0x000000008000ff78 (0xfc843703) x14 0x0000000080012040 mem 0x0000000080031f38
core   0: 0x000000008000ff7c (0xfb843783) ld      a5, -72(s0)
core   0: 3 0x000000008000ff7c (0xfb843783) x15 0x000000000000009c mem 0x0000000080031f28
core   0: 0x000000008000ff80 (0x000097ba) c.add   a5, a4
core   0: 3 0x000000008000ff80 (0x97ba) x15 0x00000000800120dc
core   0: 0x000000008000ff82 (0xfe043703) ld      a4, -32(s0)
core   0: 3 0x000000008000ff82 (0xfe043703) x14 0x0000000080012055 mem 0x0000000080031f50
core   0: 0x000000008000ff86 (0xfcf76de3) bltu    a4, a5, pc - 38
core   0: 3 0x000000008000ff86 (0xfcf76de3)
core   0: 0x000000008000ff60 (0xfe043783) ld      a5, -32(s0)
core   0: 3 0x000000008000ff60 (0xfe043783) x15 0x0000000080012055 mem 0x0000000080031f50
core   0: 0x000000008000ff64 (0x00178713) addi    a4, a5, 1
core   0: 3 0x000000008000ff64 (0x00178713) x14 0x0000000080012056
core   0: 0x000000008000ff68 (0xfee43023) sd      a4, -32(s0)
core   0: 3 0x000000008000ff68 (0xfee43023) mem 0x0000000080031f50 0x0000000080012056
core   0: 0x000000008000ff6c (0xfc442703) lw      a4, -60(s0)
core   0: 3 0x000000008000ff6c (0xfc442703) x14 0x0000000000000000 mem 0x0000000080031f34
core   0: 0x000000008000ff70 (0x0ff77713) andi    a4, a4, 255
core   0: 3 0x000000008000ff70 (0x0ff77713) x14 0x0000000000000000
core   0: 0x000000008000ff74 (0x00e78023) sb      a4, 0(a5)
core   0: 3 0x000000008000ff74 (0x00e78023) mem 0x0000000080012055 0x00
core   0: 0x000000008000ff78 (0xfc843703) ld      a4, -56(s0)
core   0: 3 0x000000008000ff78 (0xfc843703) x14 0x0000000080012040 mem 0x0000000080031f38
core   0: 0x000000008000ff7c (0xfb843783) ld      a5, -72(s0)
core   0: 3 0x000000008000ff7c (0xfb843783) x15 0x000000000000009c mem 0x0000000080031f28
core   0: 0x000000008000ff80 (0x000097ba) c.add   a5, a4
core   0: 3 0x000000008000ff80 (0x97ba) x15 0x00000000800120dc
core   0: 0x000000008000ff82 (0xfe043703) ld      a4, -32(s0)
core   0: 3 0x000000008000ff82 (0xfe043703) x14 0x0000000080012056 mem 0x0000000080031f50
core   0: 0x000000008000ff86 (0xfcf76de3) bltu    a4, a5, pc - 38
core   0: 3 0x000000008000ff86 (0xfcf76de3)
core   0: 0x000000008000ff60 (0xfe043783) ld      a5, -32(s0)
core   0: 3 0x000000008000ff60 (0xfe043783) x15 0x0000000080012056 mem 0x0000000080031f50
core   0: 0x000000008000ff64 (0x00178713) addi    a4, a5, 1
core   0: 3 0x000000008000ff64 (0x00178713) x14 0x0000000080012057
core   0: 0x000000008000ff68 (0xfee43023) sd      a4, -32(s0)
core   0: 3 0x000000008000ff68 (0xfee43023) mem 0x0000000080031f50 0x0000000080012057
core   0: 0x000000008000ff6c (0xfc442703) lw      a4, -60(s0)
core   0: 3 0x000000008000ff6c (0xfc442703) x14 0x0000000000000000 mem 0x0000000080031f34
core   0: 0x000000008000ff70 (0x0ff77713) andi    a4, a4, 255
core   0: 3 0x000000008000ff70 (0x0ff77713) x14 0x0000000000000000
core   0: 0x000000008000ff74 (0x00e78023) sb      a4, 0(a5)
core   0: 3 0x000000008000ff74 (0x00e78023) mem 0x0000000080012056 0x00
core   0: 0x000000008000ff78 (0xfc843703) ld      a4, -56(s0)
core   0: 3 0x000000008000ff78 (0xfc843703) x14 0x0000000080012040 mem 0x0000000080031f38
core   0: 0x000000008000ff7c (0xfb843783) ld      a5, -72(s0)
core   0: 3 0x000000008000ff7c (0xfb843783) x15 0x000000000000009c mem 0x0000000080031f28
core   0: 0x000000008000ff80 (0x000097ba) c.add   a5, a4
core   0: 3 0x000000008000ff80 (0x97ba) x15 0x00000000800120dc
core   0: 0x000000008000ff82 (0xfe043703) ld      a4, -32(s0)
core   0: 3 0x000000008000ff82 (0xfe043703) x14 0x0000000080012057 mem 0x0000000080031f50
core   0: 0x000000008000ff86 (0xfcf76de3) bltu    a4, a5, pc - 38
core   0: 3 0x000000008000ff86 (0xfcf76de3)
core   0: 0x000000008000ff60 (0xfe043783) ld      a5, -32(s0)
core   0: 3 0x000000008000ff60 (0xfe043783) x15 0x0000000080012057 mem 0x0000000080031f50
core   0: 0x000000008000ff64 (0x00178713) addi    a4, a5, 1
core   0: 3 0x000000008000ff64 (0x00178713) x14 0x0000000080012058
core   0: 0x000000008000ff68 (0xfee43023) sd      a4, -32(s0)
core   0: 3 0x000000008000ff68 (0xfee43023) mem 0x0000000080031f50 0x0000000080012058
core   0: 0x000000008000ff6c (0xfc442703) lw      a4, -60(s0)
core   0: 3 0x000000008000ff6c (0xfc442703) x14 0x0000000000000000 mem 0x0000000080031f34
core   0: 0x000000008000ff70 (0x0ff77713) andi    a4, a4, 255
core   0: 3 0x000000008000ff70 (0x0ff77713) x14 0x0000000000000000
core   0: 0x000000008000ff74 (0x00e78023) sb      a4, 0(a5)
core   0: 3 0x000000008000ff74 (0x00e78023) mem 0x0000000080012057 0x00
core   0: 0x000000008000ff78 (0xfc843703) ld      a4, -56(s0)
core   0: 3 0x000000008000ff78 (0xfc843703) x14 0x0000000080012040 mem 0x0000000080031f38
core   0: 0x000000008000ff7c (0xfb843783) ld      a5, -72(s0)
core   0: 3 0x000000008000ff7c (0xfb843783) x15 0x000000000000009c mem 0x0000000080031f28
core   0: 0x000000008000ff80 (0x000097ba) c.add   a5, a4
core   0: 3 0x000000008000ff80 (0x97ba) x15 0x00000000800120dc
core   0: 0x000000008000ff82 (0xfe043703) ld      a4, -32(s0)
core   0: 3 0x000000008000ff82 (0xfe043703) x14 0x0000000080012058 mem 0x0000000080031f50
core   0: 0x000000008000ff86 (0xfcf76de3) bltu    a4, a5, pc - 38
core   0: 3 0x000000008000ff86 (0xfcf76de3)
core   0: 0x000000008000ff60 (0xfe043783) ld      a5, -32(s0)
core   0: 3 0x000000008000ff60 (0xfe043783) x15 0x0000000080012058 mem 0x0000000080031f50
core   0: 0x000000008000ff64 (0x00178713) addi    a4, a5, 1
core   0: 3 0x000000008000ff64 (0x00178713) x14 0x0000000080012059
core   0: 0x000000008000ff68 (0xfee43023) sd      a4, -32(s0)
core   0: 3 0x000000008000ff68 (0xfee43023) mem 0x0000000080031f50 0x0000000080012059
core   0: 0x000000008000ff6c (0xfc442703) lw      a4, -60(s0)
core   0: 3 0x000000008000ff6c (0xfc442703) x14 0x0000000000000000 mem 0x0000000080031f34
core   0: 0x000000008000ff70 (0x0ff77713) andi    a4, a4, 255
core   0: 3 0x000000008000ff70 (0x0ff77713) x14 0x0000000000000000
core   0: 0x000000008000ff74 (0x00e78023) sb      a4, 0(a5)
core   0: 3 0x000000008000ff74 (0x00e78023) mem 0x0000000080012058 0x00
core   0: 0x000000008000ff78 (0xfc843703) ld      a4, -56(s0)
core   0: 3 0x000000008000ff78 (0xfc843703) x14 0x0000000080012040 mem 0x0000000080031f38
core   0: 0x000000008000ff7c (0xfb843783) ld      a5, -72(s0)
core   0: 3 0x000000008000ff7c (0xfb843783) x15 0x000000000000009c mem 0x0000000080031f28
core   0: 0x000000008000ff80 (0x000097ba) c.add   a5, a4
core   0: 3 0x000000008000ff80 (0x97ba) x15 0x00000000800120dc
core   0: 0x000000008000ff82 (0xfe043703) ld      a4, -32(s0)
core   0: 3 0x000000008000ff82 (0xfe043703) x14 0x0000000080012059 mem 0x0000000080031f50
core   0: 0x000000008000ff86 (0xfcf76de3) bltu    a4, a5, pc - 38
core   0: 3 0x000000008000ff86 (0xfcf76de3)
core   0: 0x000000008000ff60 (0xfe043783) ld      a5, -32(s0)
core   0: 3 0x000000008000ff60 (0xfe043783) x15 0x0000000080012059 mem 0x0000000080031f50
core   0: 0x000000008000ff64 (0x00178713) addi    a4, a5, 1
core   0: 3 0x000000008000ff64 (0x00178713) x14 0x000000008001205a
core   0: 0x000000008000ff68 (0xfee43023) sd      a4, -32(s0)
core   0: 3 0x000000008000ff68 (0xfee43023) mem 0x0000000080031f50 0x000000008001205a
core   0: 0x000000008000ff6c (0xfc442703) lw      a4, -60(s0)
core   0: 3 0x000000008000ff6c (0xfc442703) x14 0x0000000000000000 mem 0x0000000080031f34
core   0: 0x000000008000ff70 (0x0ff77713) andi    a4, a4, 255
core   0: 3 0x000000008000ff70 (0x0ff77713) x14 0x0000000000000000
core   0: 0x000000008000ff74 (0x00e78023) sb      a4, 0(a5)
core   0: 3 0x000000008000ff74 (0x00e78023) mem 0x0000000080012059 0x00
core   0: 0x000000008000ff78 (0xfc843703) ld      a4, -56(s0)
core   0: 3 0x000000008000ff78 (0xfc843703) x14 0x0000000080012040 mem 0x0000000080031f38
core   0: 0x000000008000ff7c (0xfb843783) ld      a5, -72(s0)
core   0: 3 0x000000008000ff7c (0xfb843783) x15 0x000000000000009c mem 0x0000000080031f28
core   0: 0x000000008000ff80 (0x000097ba) c.add   a5, a4
core   0: 3 0x000000008000ff80 (0x97ba) x15 0x00000000800120dc
core   0: 0x000000008000ff82 (0xfe043703) ld      a4, -32(s0)
core   0: 3 0x000000008000ff82 (0xfe043703) x14 0x000000008001205a mem 0x0000000080031f50
core   0: 0x000000008000ff86 (0xfcf76de3) bltu    a4, a5, pc - 38
core   0: 3 0x000000008000ff86 (0xfcf76de3)
core   0: 0x000000008000ff60 (0xfe043783) ld      a5, -32(s0)
core   0: 3 0x000000008000ff60 (0xfe043783) x15 0x000000008001205a mem 0x0000000080031f50
core   0: 0x000000008000ff64 (0x00178713) addi    a4, a5, 1
core   0: 3 0x000000008000ff64 (0x00178713) x14 0x000000008001205b
core   0: 0x000000008000ff68 (0xfee43023) sd      a4, -32(s0)
core   0: 3 0x000000008000ff68 (0xfee43023) mem 0x0000000080031f50 0x000000008001205b
core   0: 0x000000008000ff6c (0xfc442703) lw      a4, -60(s0)
core   0: 3 0x000000008000ff6c (0xfc442703) x14 0x0000000000000000 mem 0x0000000080031f34
core   0: 0x000000008000ff70 (0x0ff77713) andi    a4, a4, 255
core   0: 3 0x000000008000ff70 (0x0ff77713) x14 0x0000000000000000
core   0: 0x000000008000ff74 (0x00e78023) sb      a4, 0(a5)
core   0: 3 0x000000008000ff74 (0x00e78023) mem 0x000000008001205a 0x00
core   0: 0x000000008000ff78 (0xfc843703) ld      a4, -56(s0)
core   0: 3 0x000000008000ff78 (0xfc843703) x14 0x0000000080012040 mem 0x0000000080031f38
core   0: 0x000000008000ff7c (0xfb843783) ld      a5, -72(s0)
core   0: 3 0x000000008000ff7c (0xfb843783) x15 0x000000000000009c mem 0x0000000080031f28
core   0: 0x000000008000ff80 (0x000097ba) c.add   a5, a4
core   0: 3 0x000000008000ff80 (0x97ba) x15 0x00000000800120dc
core   0: 0x000000008000ff82 (0xfe043703) ld      a4, -32(s0)
core   0: 3 0x000000008000ff82 (0xfe043703) x14 0x000000008001205b mem 0x0000000080031f50
core   0: 0x000000008000ff86 (0xfcf76de3) bltu    a4, a5, pc - 38
core   0: 3 0x000000008000ff86 (0xfcf76de3)
core   0: 0x000000008000ff60 (0xfe043783) ld      a5, -32(s0)
core   0: 3 0x000000008000ff60 (0xfe043783) x15 0x000000008001205b mem 0x0000000080031f50
core   0: 0x000000008000ff64 (0x00178713) addi    a4, a5, 1
core   0: 3 0x000000008000ff64 (0x00178713) x14 0x000000008001205c
core   0: 0x000000008000ff68 (0xfee43023) sd      a4, -32(s0)
core   0: 3 0x000000008000ff68 (0xfee43023) mem 0x0000000080031f50 0x000000008001205c
core   0: 0x000000008000ff6c (0xfc442703) lw      a4, -60(s0)
core   0: 3 0x000000008000ff6c (0xfc442703) x14 0x0000000000000000 mem 0x0000000080031f34
core   0: 0x000000008000ff70 (0x0ff77713) andi    a4, a4, 255
core   0: 3 0x000000008000ff70 (0x0ff77713) x14 0x0000000000000000
core   0: 0x000000008000ff74 (0x00e78023) sb      a4, 0(a5)
core   0: 3 0x000000008000ff74 (0x00e78023) mem 0x000000008001205b 0x00
core   0: 0x000000008000ff78 (0xfc843703) ld      a4, -56(s0)
core   0: 3 0x000000008000ff78 (0xfc843703) x14 0x0000000080012040 mem 0x0000000080031f38
core   0: 0x000000008000ff7c (0xfb843783) ld      a5, -72(s0)
core   0: 3 0x000000008000ff7c (0xfb843783) x15 0x000000000000009c mem 0x0000000080031f28
core   0: 0x000000008000ff80 (0x000097ba) c.add   a5, a4
core   0: 3 0x000000008000ff80 (0x97ba) x15 0x00000000800120dc
core   0: 0x000000008000ff82 (0xfe043703) ld      a4, -32(s0)
core   0: 3 0x000000008000ff82 (0xfe043703) x14 0x000000008001205c mem 0x0000000080031f50
core   0: 0x000000008000ff86 (0xfcf76de3) bltu    a4, a5, pc - 38
core   0: 3 0x000000008000ff86 (0xfcf76de3)
core   0: 0x000000008000ff60 (0xfe043783) ld      a5, -32(s0)
core   0: 3 0x000000008000ff60 (0xfe043783) x15 0x000000008001205c mem 0x0000000080031f50
core   0: 0x000000008000ff64 (0x00178713) addi    a4, a5, 1
core   0: 3 0x000000008000ff64 (0x00178713) x14 0x000000008001205d
core   0: 0x000000008000ff68 (0xfee43023) sd      a4, -32(s0)
core   0: 3 0x000000008000ff68 (0xfee43023) mem 0x0000000080031f50 0x000000008001205d
core   0: 0x000000008000ff6c (0xfc442703) lw      a4, -60(s0)
core   0: 3 0x000000008000ff6c (0xfc442703) x14 0x0000000000000000 mem 0x0000000080031f34
core   0: 0x000000008000ff70 (0x0ff77713) andi    a4, a4, 255
core   0: 3 0x000000008000ff70 (0x0ff77713) x14 0x0000000000000000
core   0: 0x000000008000ff74 (0x00e78023) sb      a4, 0(a5)
core   0: 3 0x000000008000ff74 (0x00e78023) mem 0x000000008001205c 0x00
core   0: 0x000000008000ff78 (0xfc843703) ld      a4, -56(s0)
core   0: 3 0x000000008000ff78 (0xfc843703) x14 0x0000000080012040 mem 0x0000000080031f38
core   0: 0x000000008000ff7c (0xfb843783) ld      a5, -72(s0)
core   0: 3 0x000000008000ff7c (0xfb843783) x15 0x000000000000009c mem 0x0000000080031f28
core   0: 0x000000008000ff80 (0x000097ba) c.add   a5, a4
core   0: 3 0x000000008000ff80 (0x97ba) x15 0x00000000800120dc
core   0: 0x000000008000ff82 (0xfe043703) ld      a4, -32(s0)
core   0: 3 0x000000008000ff82 (0xfe043703) x14 0x000000008001205d mem 0x0000000080031f50
core   0: 0x000000008000ff86 (0xfcf76de3) bltu    a4, a5, pc - 38
core   0: 3 0x000000008000ff86 (0xfcf76de3)
core   0: 0x000000008000ff60 (0xfe043783) ld      a5, -32(s0)
core   0: 3 0x000000008000ff60 (0xfe043783) x15 0x000000008001205d mem 0x0000000080031f50
core   0: 0x000000008000ff64 (0x00178713) addi    a4, a5, 1
core   0: 3 0x000000008000ff64 (0x00178713) x14 0x000000008001205e
core   0: 0x000000008000ff68 (0xfee43023) sd      a4, -32(s0)
core   0: 3 0x000000008000ff68 (0xfee43023) mem 0x0000000080031f50 0x000000008001205e
core   0: 0x000000008000ff6c (0xfc442703) lw      a4, -60(s0)
core   0: 3 0x000000008000ff6c (0xfc442703) x14 0x0000000000000000 mem 0x0000000080031f34
core   0: 0x000000008000ff70 (0x0ff77713) andi    a4, a4, 255
core   0: 3 0x000000008000ff70 (0x0ff77713) x14 0x0000000000000000
core   0: 0x000000008000ff74 (0x00e78023) sb      a4, 0(a5)
core   0: 3 0x000000008000ff74 (0x00e78023) mem 0x000000008001205d 0x00
core   0: 0x000000008000ff78 (0xfc843703) ld      a4, -56(s0)
core   0: 3 0x000000008000ff78 (0xfc843703) x14 0x0000000080012040 mem 0x0000000080031f38
core   0: 0x000000008000ff7c (0xfb843783) ld      a5, -72(s0)
core   0: 3 0x000000008000ff7c (0xfb843783) x15 0x000000000000009c mem 0x0000000080031f28
core   0: 0x000000008000ff80 (0x000097ba) c.add   a5, a4
core   0: 3 0x000000008000ff80 (0x97ba) x15 0x00000000800120dc
core   0: 0x000000008000ff82 (0xfe043703) ld      a4, -32(s0)
core   0: 3 0x000000008000ff82 (0xfe043703) x14 0x000000008001205e mem 0x0000000080031f50
core   0: 0x000000008000ff86 (0xfcf76de3) bltu    a4, a5, pc - 38
core   0: 3 0x000000008000ff86 (0xfcf76de3)
core   0: 0x000000008000ff60 (0xfe043783) ld      a5, -32(s0)
core   0: 3 0x000000008000ff60 (0xfe043783) x15 0x000000008001205e mem 0x0000000080031f50
core   0: 0x000000008000ff64 (0x00178713) addi    a4, a5, 1
core   0: 3 0x000000008000ff64 (0x00178713) x14 0x000000008001205f
core   0: 0x000000008000ff68 (0xfee43023) sd      a4, -32(s0)
core   0: 3 0x000000008000ff68 (0xfee43023) mem 0x0000000080031f50 0x000000008001205f
core   0: 0x000000008000ff6c (0xfc442703) lw      a4, -60(s0)
core   0: 3 0x000000008000ff6c (0xfc442703) x14 0x0000000000000000 mem 0x0000000080031f34
core   0: 0x000000008000ff70 (0x0ff77713) andi    a4, a4, 255
core   0: 3 0x000000008000ff70 (0x0ff77713) x14 0x0000000000000000
core   0: 0x000000008000ff74 (0x00e78023) sb      a4, 0(a5)
core   0: 3 0x000000008000ff74 (0x00e78023) mem 0x000000008001205e 0x00
core   0: 0x000000008000ff78 (0xfc843703) ld      a4, -56(s0)
core   0: 3 0x000000008000ff78 (0xfc843703) x14 0x0000000080012040 mem 0x0000000080031f38
core   0: 0x000000008000ff7c (0xfb843783) ld      a5, -72(s0)
core   0: 3 0x000000008000ff7c (0xfb843783) x15 0x000000000000009c mem 0x0000000080031f28
core   0: 0x000000008000ff80 (0x000097ba) c.add   a5, a4
core   0: 3 0x000000008000ff80 (0x97ba) x15 0x00000000800120dc
core   0: 0x000000008000ff82 (0xfe043703) ld      a4, -32(s0)
core   0: 3 0x000000008000ff82 (0xfe043703) x14 0x000000008001205f mem 0x0000000080031f50
core   0: 0x000000008000ff86 (0xfcf76de3) bltu    a4, a5, pc - 38
core   0: 3 0x000000008000ff86 (0xfcf76de3)
core   0: 0x000000008000ff60 (0xfe043783) ld      a5, -32(s0)
core   0: 3 0x000000008000ff60 (0xfe043783) x15 0x000000008001205f mem 0x0000000080031f50
core   0: 0x000000008000ff64 (0x00178713) addi    a4, a5, 1
core   0: 3 0x000000008000ff64 (0x00178713) x14 0x0000000080012060
core   0: 0x000000008000ff68 (0xfee43023) sd      a4, -32(s0)
core   0: 3 0x000000008000ff68 (0xfee43023) mem 0x0000000080031f50 0x0000000080012060
core   0: 0x000000008000ff6c (0xfc442703) lw      a4, -60(s0)
core   0: 3 0x000000008000ff6c (0xfc442703) x14 0x0000000000000000 mem 0x0000000080031f34
core   0: 0x000000008000ff70 (0x0ff77713) andi    a4, a4, 255
core   0: 3 0x000000008000ff70 (0x0ff77713) x14 0x0000000000000000
core   0: 0x000000008000ff74 (0x00e78023) sb      a4, 0(a5)
core   0: 3 0x000000008000ff74 (0x00e78023) mem 0x000000008001205f 0x00
core   0: 0x000000008000ff78 (0xfc843703) ld      a4, -56(s0)
core   0: 3 0x000000008000ff78 (0xfc843703) x14 0x0000000080012040 mem 0x0000000080031f38
core   0: 0x000000008000ff7c (0xfb843783) ld      a5, -72(s0)
core   0: 3 0x000000008000ff7c (0xfb843783) x15 0x000000000000009c mem 0x0000000080031f28
core   0: 0x000000008000ff80 (0x000097ba) c.add   a5, a4
core   0: 3 0x000000008000ff80 (0x97ba) x15 0x00000000800120dc
core   0: 0x000000008000ff82 (0xfe043703) ld      a4, -32(s0)
core   0: 3 0x000000008000ff82 (0xfe043703) x14 0x0000000080012060 mem 0x0000000080031f50
core   0: 0x000000008000ff86 (0xfcf76de3) bltu    a4, a5, pc - 38
core   0: 3 0x000000008000ff86 (0xfcf76de3)
core   0: 0x000000008000ff60 (0xfe043783) ld      a5, -32(s0)
core   0: 3 0x000000008000ff60 (0xfe043783) x15 0x0000000080012060 mem 0x0000000080031f50
core   0: 0x000000008000ff64 (0x00178713) addi    a4, a5, 1
core   0: 3 0x000000008000ff64 (0x00178713) x14 0x0000000080012061
core   0: 0x000000008000ff68 (0xfee43023) sd      a4, -32(s0)
core   0: 3 0x000000008000ff68 (0xfee43023) mem 0x0000000080031f50 0x0000000080012061
core   0: 0x000000008000ff6c (0xfc442703) lw      a4, -60(s0)
core   0: 3 0x000000008000ff6c (0xfc442703) x14 0x0000000000000000 mem 0x0000000080031f34
core   0: 0x000000008000ff70 (0x0ff77713) andi    a4, a4, 255
core   0: 3 0x000000008000ff70 (0x0ff77713) x14 0x0000000000000000
core   0: 0x000000008000ff74 (0x00e78023) sb      a4, 0(a5)
core   0: 3 0x000000008000ff74 (0x00e78023) mem 0x0000000080012060 0x00
core   0: 0x000000008000ff78 (0xfc843703) ld      a4, -56(s0)
core   0: 3 0x000000008000ff78 (0xfc843703) x14 0x0000000080012040 mem 0x0000000080031f38
core   0: 0x000000008000ff7c (0xfb843783) ld      a5, -72(s0)
core   0: 3 0x000000008000ff7c (0xfb843783) x15 0x000000000000009c mem 0x0000000080031f28
core   0: 0x000000008000ff80 (0x000097ba) c.add   a5, a4
core   0: 3 0x000000008000ff80 (0x97ba) x15 0x00000000800120dc
core   0: 0x000000008000ff82 (0xfe043703) ld      a4, -32(s0)
core   0: 3 0x000000008000ff82 (0xfe043703) x14 0x0000000080012061 mem 0x0000000080031f50
core   0: 0x000000008000ff86 (0xfcf76de3) bltu    a4, a5, pc - 38
core   0: 3 0x000000008000ff86 (0xfcf76de3)
core   0: 0x000000008000ff60 (0xfe043783) ld      a5, -32(s0)
core   0: 3 0x000000008000ff60 (0xfe043783) x15 0x0000000080012061 mem 0x0000000080031f50
core   0: 0x000000008000ff64 (0x00178713) addi    a4, a5, 1
core   0: 3 0x000000008000ff64 (0x00178713) x14 0x0000000080012062
core   0: 0x000000008000ff68 (0xfee43023) sd      a4, -32(s0)
core   0: 3 0x000000008000ff68 (0xfee43023) mem 0x0000000080031f50 0x0000000080012062
core   0: 0x000000008000ff6c (0xfc442703) lw      a4, -60(s0)
core   0: 3 0x000000008000ff6c (0xfc442703) x14 0x0000000000000000 mem 0x0000000080031f34
core   0: 0x000000008000ff70 (0x0ff77713) andi    a4, a4, 255
core   0: 3 0x000000008000ff70 (0x0ff77713) x14 0x0000000000000000
core   0: 0x000000008000ff74 (0x00e78023) sb      a4, 0(a5)
core   0: 3 0x000000008000ff74 (0x00e78023) mem 0x0000000080012061 0x00
core   0: 0x000000008000ff78 (0xfc843703) ld      a4, -56(s0)
core   0: 3 0x000000008000ff78 (0xfc843703) x14 0x0000000080012040 mem 0x0000000080031f38
core   0: 0x000000008000ff7c (0xfb843783) ld      a5, -72(s0)
core   0: 3 0x000000008000ff7c (0xfb843783) x15 0x000000000000009c mem 0x0000000080031f28
core   0: 0x000000008000ff80 (0x000097ba) c.add   a5, a4
core   0: 3 0x000000008000ff80 (0x97ba) x15 0x00000000800120dc
core   0: 0x000000008000ff82 (0xfe043703) ld      a4, -32(s0)
core   0: 3 0x000000008000ff82 (0xfe043703) x14 0x0000000080012062 mem 0x0000000080031f50
core   0: 0x000000008000ff86 (0xfcf76de3) bltu    a4, a5, pc - 38
core   0: 3 0x000000008000ff86 (0xfcf76de3)
core   0: 0x000000008000ff60 (0xfe043783) ld      a5, -32(s0)
core   0: 3 0x000000008000ff60 (0xfe043783) x15 0x0000000080012062 mem 0x0000000080031f50
core   0: 0x000000008000ff64 (0x00178713) addi    a4, a5, 1
core   0: 3 0x000000008000ff64 (0x00178713) x14 0x0000000080012063
core   0: 0x000000008000ff68 (0xfee43023) sd      a4, -32(s0)
core   0: 3 0x000000008000ff68 (0xfee43023) mem 0x0000000080031f50 0x0000000080012063
core   0: 0x000000008000ff6c (0xfc442703) lw      a4, -60(s0)
core   0: 3 0x000000008000ff6c (0xfc442703) x14 0x0000000000000000 mem 0x0000000080031f34
core   0: 0x000000008000ff70 (0x0ff77713) andi    a4, a4, 255
core   0: 3 0x000000008000ff70 (0x0ff77713) x14 0x0000000000000000
core   0: 0x000000008000ff74 (0x00e78023) sb      a4, 0(a5)
core   0: 3 0x000000008000ff74 (0x00e78023) mem 0x0000000080012062 0x00
core   0: 0x000000008000ff78 (0xfc843703) ld      a4, -56(s0)
core   0: 3 0x000000008000ff78 (0xfc843703) x14 0x0000000080012040 mem 0x0000000080031f38
core   0: 0x000000008000ff7c (0xfb843783) ld      a5, -72(s0)
core   0: 3 0x000000008000ff7c (0xfb843783) x15 0x000000000000009c mem 0x0000000080031f28
core   0: 0x000000008000ff80 (0x000097ba) c.add   a5, a4
core   0: 3 0x000000008000ff80 (0x97ba) x15 0x00000000800120dc
core   0: 0x000000008000ff82 (0xfe043703) ld      a4, -32(s0)
core   0: 3 0x000000008000ff82 (0xfe043703) x14 0x0000000080012063 mem 0x0000000080031f50
core   0: 0x000000008000ff86 (0xfcf76de3) bltu    a4, a5, pc - 38
core   0: 3 0x000000008000ff86 (0xfcf76de3)
core   0: 0x000000008000ff60 (0xfe043783) ld      a5, -32(s0)
core   0: 3 0x000000008000ff60 (0xfe043783) x15 0x0000000080012063 mem 0x0000000080031f50
core   0: 0x000000008000ff64 (0x00178713) addi    a4, a5, 1
core   0: 3 0x000000008000ff64 (0x00178713) x14 0x0000000080012064
core   0: 0x000000008000ff68 (0xfee43023) sd      a4, -32(s0)
core   0: 3 0x000000008000ff68 (0xfee43023) mem 0x0000000080031f50 0x0000000080012064
core   0: 0x000000008000ff6c (0xfc442703) lw      a4, -60(s0)
core   0: 3 0x000000008000ff6c (0xfc442703) x14 0x0000000000000000 mem 0x0000000080031f34
core   0: 0x000000008000ff70 (0x0ff77713) andi    a4, a4, 255
core   0: 3 0x000000008000ff70 (0x0ff77713) x14 0x0000000000000000
core   0: 0x000000008000ff74 (0x00e78023) sb      a4, 0(a5)
core   0: 3 0x000000008000ff74 (0x00e78023) mem 0x0000000080012063 0x00
core   0: 0x000000008000ff78 (0xfc843703) ld      a4, -56(s0)
core   0: 3 0x000000008000ff78 (0xfc843703) x14 0x0000000080012040 mem 0x0000000080031f38
core   0: 0x000000008000ff7c (0xfb843783) ld      a5, -72(s0)
core   0: 3 0x000000008000ff7c (0xfb843783) x15 0x000000000000009c mem 0x0000000080031f28
core   0: 0x000000008000ff80 (0x000097ba) c.add   a5, a4
core   0: 3 0x000000008000ff80 (0x97ba) x15 0x00000000800120dc
core   0: 0x000000008000ff82 (0xfe043703) ld      a4, -32(s0)
core   0: 3 0x000000008000ff82 (0xfe043703) x14 0x0000000080012064 mem 0x0000000080031f50
core   0: 0x000000008000ff86 (0xfcf76de3) bltu    a4, a5, pc - 38
core   0: 3 0x000000008000ff86 (0xfcf76de3)
core   0: 0x000000008000ff60 (0xfe043783) ld      a5, -32(s0)
core   0: 3 0x000000008000ff60 (0xfe043783) x15 0x0000000080012064 mem 0x0000000080031f50
core   0: 0x000000008000ff64 (0x00178713) addi    a4, a5, 1
core   0: 3 0x000000008000ff64 (0x00178713) x14 0x0000000080012065
core   0: 0x000000008000ff68 (0xfee43023) sd      a4, -32(s0)
core   0: 3 0x000000008000ff68 (0xfee43023) mem 0x0000000080031f50 0x0000000080012065
core   0: 0x000000008000ff6c (0xfc442703) lw      a4, -60(s0)
core   0: 3 0x000000008000ff6c (0xfc442703) x14 0x0000000000000000 mem 0x0000000080031f34
core   0: 0x000000008000ff70 (0x0ff77713) andi    a4, a4, 255
core   0: 3 0x000000008000ff70 (0x0ff77713) x14 0x0000000000000000
core   0: 0x000000008000ff74 (0x00e78023) sb      a4, 0(a5)
core   0: 3 0x000000008000ff74 (0x00e78023) mem 0x0000000080012064 0x00
core   0: 0x000000008000ff78 (0xfc843703) ld      a4, -56(s0)
core   0: 3 0x000000008000ff78 (0xfc843703) x14 0x0000000080012040 mem 0x0000000080031f38
core   0: 0x000000008000ff7c (0xfb843783) ld      a5, -72(s0)
core   0: 3 0x000000008000ff7c (0xfb843783) x15 0x000000000000009c mem 0x0000000080031f28
core   0: 0x000000008000ff80 (0x000097ba) c.add   a5, a4
core   0: 3 0x000000008000ff80 (0x97ba) x15 0x00000000800120dc
core   0: 0x000000008000ff82 (0xfe043703) ld      a4, -32(s0)
core   0: 3 0x000000008000ff82 (0xfe043703) x14 0x0000000080012065 mem 0x0000000080031f50
core   0: 0x000000008000ff86 (0xfcf76de3) bltu    a4, a5, pc - 38
core   0: 3 0x000000008000ff86 (0xfcf76de3)
core   0: 0x000000008000ff60 (0xfe043783) ld      a5, -32(s0)
core   0: 3 0x000000008000ff60 (0xfe043783) x15 0x0000000080012065 mem 0x0000000080031f50
core   0: 0x000000008000ff64 (0x00178713) addi    a4, a5, 1
core   0: 3 0x000000008000ff64 (0x00178713) x14 0x0000000080012066
core   0: 0x000000008000ff68 (0xfee43023) sd      a4, -32(s0)
core   0: 3 0x000000008000ff68 (0xfee43023) mem 0x0000000080031f50 0x0000000080012066
core   0: 0x000000008000ff6c (0xfc442703) lw      a4, -60(s0)
core   0: 3 0x000000008000ff6c (0xfc442703) x14 0x0000000000000000 mem 0x0000000080031f34
core   0: 0x000000008000ff70 (0x0ff77713) andi    a4, a4, 255
core   0: 3 0x000000008000ff70 (0x0ff77713) x14 0x0000000000000000
core   0: 0x000000008000ff74 (0x00e78023) sb      a4, 0(a5)
core   0: 3 0x000000008000ff74 (0x00e78023) mem 0x0000000080012065 0x00
core   0: 0x000000008000ff78 (0xfc843703) ld      a4, -56(s0)
core   0: 3 0x000000008000ff78 (0xfc843703) x14 0x0000000080012040 mem 0x0000000080031f38
core   0: 0x000000008000ff7c (0xfb843783) ld      a5, -72(s0)
core   0: 3 0x000000008000ff7c (0xfb843783) x15 0x000000000000009c mem 0x0000000080031f28
core   0: 0x000000008000ff80 (0x000097ba) c.add   a5, a4
core   0: 3 0x000000008000ff80 (0x97ba) x15 0x00000000800120dc
core   0: 0x000000008000ff82 (0xfe043703) ld      a4, -32(s0)
core   0: 3 0x000000008000ff82 (0xfe043703) x14 0x0000000080012066 mem 0x0000000080031f50
core   0: 0x000000008000ff86 (0xfcf76de3) bltu    a4, a5, pc - 38
core   0: 3 0x000000008000ff86 (0xfcf76de3)
core   0: 0x000000008000ff60 (0xfe043783) ld      a5, -32(s0)
core   0: 3 0x000000008000ff60 (0xfe043783) x15 0x0000000080012066 mem 0x0000000080031f50
core   0: 0x000000008000ff64 (0x00178713) addi    a4, a5, 1
core   0: 3 0x000000008000ff64 (0x00178713) x14 0x0000000080012067
core   0: 0x000000008000ff68 (0xfee43023) sd      a4, -32(s0)
core   0: 3 0x000000008000ff68 (0xfee43023) mem 0x0000000080031f50 0x0000000080012067
core   0: 0x000000008000ff6c (0xfc442703) lw      a4, -60(s0)
core   0: 3 0x000000008000ff6c (0xfc442703) x14 0x0000000000000000 mem 0x0000000080031f34
core   0: 0x000000008000ff70 (0x0ff77713) andi    a4, a4, 255
core   0: 3 0x000000008000ff70 (0x0ff77713) x14 0x0000000000000000
core   0: 0x000000008000ff74 (0x00e78023) sb      a4, 0(a5)
core   0: 3 0x000000008000ff74 (0x00e78023) mem 0x0000000080012066 0x00
core   0: 0x000000008000ff78 (0xfc843703) ld      a4, -56(s0)
core   0: 3 0x000000008000ff78 (0xfc843703) x14 0x0000000080012040 mem 0x0000000080031f38
core   0: 0x000000008000ff7c (0xfb843783) ld      a5, -72(s0)
core   0: 3 0x000000008000ff7c (0xfb843783) x15 0x000000000000009c mem 0x0000000080031f28
core   0: 0x000000008000ff80 (0x000097ba) c.add   a5, a4
core   0: 3 0x000000008000ff80 (0x97ba) x15 0x00000000800120dc
core   0: 0x000000008000ff82 (0xfe043703) ld      a4, -32(s0)
core   0: 3 0x000000008000ff82 (0xfe043703) x14 0x0000000080012067 mem 0x0000000080031f50
core   0: 0x000000008000ff86 (0xfcf76de3) bltu    a4, a5, pc - 38
core   0: 3 0x000000008000ff86 (0xfcf76de3)
core   0: 0x000000008000ff60 (0xfe043783) ld      a5, -32(s0)
core   0: 3 0x000000008000ff60 (0xfe043783) x15 0x0000000080012067 mem 0x0000000080031f50
core   0: 0x000000008000ff64 (0x00178713) addi    a4, a5, 1
core   0: 3 0x000000008000ff64 (0x00178713) x14 0x0000000080012068
core   0: 0x000000008000ff68 (0xfee43023) sd      a4, -32(s0)
core   0: 3 0x000000008000ff68 (0xfee43023) mem 0x0000000080031f50 0x0000000080012068
core   0: 0x000000008000ff6c (0xfc442703) lw      a4, -60(s0)
core   0: 3 0x000000008000ff6c (0xfc442703) x14 0x0000000000000000 mem 0x0000000080031f34
core   0: 0x000000008000ff70 (0x0ff77713) andi    a4, a4, 255
core   0: 3 0x000000008000ff70 (0x0ff77713) x14 0x0000000000000000
core   0: 0x000000008000ff74 (0x00e78023) sb      a4, 0(a5)
core   0: 3 0x000000008000ff74 (0x00e78023) mem 0x0000000080012067 0x00
core   0: 0x000000008000ff78 (0xfc843703) ld      a4, -56(s0)
core   0: 3 0x000000008000ff78 (0xfc843703) x14 0x0000000080012040 mem 0x0000000080031f38
core   0: 0x000000008000ff7c (0xfb843783) ld      a5, -72(s0)
core   0: 3 0x000000008000ff7c (0xfb843783) x15 0x000000000000009c mem 0x0000000080031f28
core   0: 0x000000008000ff80 (0x000097ba) c.add   a5, a4
core   0: 3 0x000000008000ff80 (0x97ba) x15 0x00000000800120dc
core   0: 0x000000008000ff82 (0xfe043703) ld      a4, -32(s0)
core   0: 3 0x000000008000ff82 (0xfe043703) x14 0x0000000080012068 mem 0x0000000080031f50
core   0: 0x000000008000ff86 (0xfcf76de3) bltu    a4, a5, pc - 38
core   0: 3 0x000000008000ff86 (0xfcf76de3)
core   0: 0x000000008000ff60 (0xfe043783) ld      a5, -32(s0)
core   0: 3 0x000000008000ff60 (0xfe043783) x15 0x0000000080012068 mem 0x0000000080031f50
core   0: 0x000000008000ff64 (0x00178713) addi    a4, a5, 1
core   0: 3 0x000000008000ff64 (0x00178713) x14 0x0000000080012069
core   0: 0x000000008000ff68 (0xfee43023) sd      a4, -32(s0)
core   0: 3 0x000000008000ff68 (0xfee43023) mem 0x0000000080031f50 0x0000000080012069
core   0: 0x000000008000ff6c (0xfc442703) lw      a4, -60(s0)
core   0: 3 0x000000008000ff6c (0xfc442703) x14 0x0000000000000000 mem 0x0000000080031f34
core   0: 0x000000008000ff70 (0x0ff77713) andi    a4, a4, 255
core   0: 3 0x000000008000ff70 (0x0ff77713) x14 0x0000000000000000
core   0: 0x000000008000ff74 (0x00e78023) sb      a4, 0(a5)
core   0: 3 0x000000008000ff74 (0x00e78023) mem 0x0000000080012068 0x00
core   0: 0x000000008000ff78 (0xfc843703) ld      a4, -56(s0)
core   0: 3 0x000000008000ff78 (0xfc843703) x14 0x0000000080012040 mem 0x0000000080031f38
core   0: 0x000000008000ff7c (0xfb843783) ld      a5, -72(s0)
core   0: 3 0x000000008000ff7c (0xfb843783) x15 0x000000000000009c mem 0x0000000080031f28
core   0: 0x000000008000ff80 (0x000097ba) c.add   a5, a4
core   0: 3 0x000000008000ff80 (0x97ba) x15 0x00000000800120dc
core   0: 0x000000008000ff82 (0xfe043703) ld      a4, -32(s0)
core   0: 3 0x000000008000ff82 (0xfe043703) x14 0x0000000080012069 mem 0x0000000080031f50
core   0: 0x000000008000ff86 (0xfcf76de3) bltu    a4, a5, pc - 38
core   0: 3 0x000000008000ff86 (0xfcf76de3)
core   0: 0x000000008000ff60 (0xfe043783) ld      a5, -32(s0)
core   0: 3 0x000000008000ff60 (0xfe043783) x15 0x0000000080012069 mem 0x0000000080031f50
core   0: 0x000000008000ff64 (0x00178713) addi    a4, a5, 1
core   0: 3 0x000000008000ff64 (0x00178713) x14 0x000000008001206a
core   0: 0x000000008000ff68 (0xfee43023) sd      a4, -32(s0)
core   0: 3 0x000000008000ff68 (0xfee43023) mem 0x0000000080031f50 0x000000008001206a
core   0: 0x000000008000ff6c (0xfc442703) lw      a4, -60(s0)
core   0: 3 0x000000008000ff6c (0xfc442703) x14 0x0000000000000000 mem 0x0000000080031f34
core   0: 0x000000008000ff70 (0x0ff77713) andi    a4, a4, 255
core   0: 3 0x000000008000ff70 (0x0ff77713) x14 0x0000000000000000
core   0: 0x000000008000ff74 (0x00e78023) sb      a4, 0(a5)
core   0: 3 0x000000008000ff74 (0x00e78023) mem 0x0000000080012069 0x00
core   0: 0x000000008000ff78 (0xfc843703) ld      a4, -56(s0)
core   0: 3 0x000000008000ff78 (0xfc843703) x14 0x0000000080012040 mem 0x0000000080031f38
core   0: 0x000000008000ff7c (0xfb843783) ld      a5, -72(s0)
core   0: 3 0x000000008000ff7c (0xfb843783) x15 0x000000000000009c mem 0x0000000080031f28
core   0: 0x000000008000ff80 (0x000097ba) c.add   a5, a4
core   0: 3 0x000000008000ff80 (0x97ba) x15 0x00000000800120dc
core   0: 0x000000008000ff82 (0xfe043703) ld      a4, -32(s0)
core   0: 3 0x000000008000ff82 (0xfe043703) x14 0x000000008001206a mem 0x0000000080031f50
core   0: 0x000000008000ff86 (0xfcf76de3) bltu    a4, a5, pc - 38
core   0: 3 0x000000008000ff86 (0xfcf76de3)
core   0: 0x000000008000ff60 (0xfe043783) ld      a5, -32(s0)
core   0: 3 0x000000008000ff60 (0xfe043783) x15 0x000000008001206a mem 0x0000000080031f50
core   0: 0x000000008000ff64 (0x00178713) addi    a4, a5, 1
core   0: 3 0x000000008000ff64 (0x00178713) x14 0x000000008001206b
core   0: 0x000000008000ff68 (0xfee43023) sd      a4, -32(s0)
core   0: 3 0x000000008000ff68 (0xfee43023) mem 0x0000000080031f50 0x000000008001206b
core   0: 0x000000008000ff6c (0xfc442703) lw      a4, -60(s0)
core   0: 3 0x000000008000ff6c (0xfc442703) x14 0x0000000000000000 mem 0x0000000080031f34
core   0: 0x000000008000ff70 (0x0ff77713) andi    a4, a4, 255
core   0: 3 0x000000008000ff70 (0x0ff77713) x14 0x0000000000000000
core   0: 0x000000008000ff74 (0x00e78023) sb      a4, 0(a5)
core   0: 3 0x000000008000ff74 (0x00e78023) mem 0x000000008001206a 0x00
core   0: 0x000000008000ff78 (0xfc843703) ld      a4, -56(s0)
core   0: 3 0x000000008000ff78 (0xfc843703) x14 0x0000000080012040 mem 0x0000000080031f38
core   0: 0x000000008000ff7c (0xfb843783) ld      a5, -72(s0)
core   0: 3 0x000000008000ff7c (0xfb843783) x15 0x000000000000009c mem 0x0000000080031f28
core   0: 0x000000008000ff80 (0x000097ba) c.add   a5, a4
core   0: 3 0x000000008000ff80 (0x97ba) x15 0x00000000800120dc
core   0: 0x000000008000ff82 (0xfe043703) ld      a4, -32(s0)
core   0: 3 0x000000008000ff82 (0xfe043703) x14 0x000000008001206b mem 0x0000000080031f50
core   0: 0x000000008000ff86 (0xfcf76de3) bltu    a4, a5, pc - 38
core   0: 3 0x000000008000ff86 (0xfcf76de3)
core   0: 0x000000008000ff60 (0xfe043783) ld      a5, -32(s0)
core   0: 3 0x000000008000ff60 (0xfe043783) x15 0x000000008001206b mem 0x0000000080031f50
core   0: 0x000000008000ff64 (0x00178713) addi    a4, a5, 1
core   0: 3 0x000000008000ff64 (0x00178713) x14 0x000000008001206c
core   0: 0x000000008000ff68 (0xfee43023) sd      a4, -32(s0)
core   0: 3 0x000000008000ff68 (0xfee43023) mem 0x0000000080031f50 0x000000008001206c
core   0: 0x000000008000ff6c (0xfc442703) lw      a4, -60(s0)
core   0: 3 0x000000008000ff6c (0xfc442703) x14 0x0000000000000000 mem 0x0000000080031f34
core   0: 0x000000008000ff70 (0x0ff77713) andi    a4, a4, 255
core   0: 3 0x000000008000ff70 (0x0ff77713) x14 0x0000000000000000
core   0: 0x000000008000ff74 (0x00e78023) sb      a4, 0(a5)
core   0: 3 0x000000008000ff74 (0x00e78023) mem 0x000000008001206b 0x00
core   0: 0x000000008000ff78 (0xfc843703) ld      a4, -56(s0)
core   0: 3 0x000000008000ff78 (0xfc843703) x14 0x0000000080012040 mem 0x0000000080031f38
core   0: 0x000000008000ff7c (0xfb843783) ld      a5, -72(s0)
core   0: 3 0x000000008000ff7c (0xfb843783) x15 0x000000000000009c mem 0x0000000080031f28
core   0: 0x000000008000ff80 (0x000097ba) c.add   a5, a4
core   0: 3 0x000000008000ff80 (0x97ba) x15 0x00000000800120dc
core   0: 0x000000008000ff82 (0xfe043703) ld      a4, -32(s0)
core   0: 3 0x000000008000ff82 (0xfe043703) x14 0x000000008001206c mem 0x0000000080031f50
core   0: 0x000000008000ff86 (0xfcf76de3) bltu    a4, a5, pc - 38
core   0: 3 0x000000008000ff86 (0xfcf76de3)
core   0: 0x000000008000ff60 (0xfe043783) ld      a5, -32(s0)
core   0: 3 0x000000008000ff60 (0xfe043783) x15 0x000000008001206c mem 0x0000000080031f50
core   0: 0x000000008000ff64 (0x00178713) addi    a4, a5, 1
core   0: 3 0x000000008000ff64 (0x00178713) x14 0x000000008001206d
core   0: 0x000000008000ff68 (0xfee43023) sd      a4, -32(s0)
core   0: 3 0x000000008000ff68 (0xfee43023) mem 0x0000000080031f50 0x000000008001206d
core   0: 0x000000008000ff6c (0xfc442703) lw      a4, -60(s0)
core   0: 3 0x000000008000ff6c (0xfc442703) x14 0x0000000000000000 mem 0x0000000080031f34
core   0: 0x000000008000ff70 (0x0ff77713) andi    a4, a4, 255
core   0: 3 0x000000008000ff70 (0x0ff77713) x14 0x0000000000000000
core   0: 0x000000008000ff74 (0x00e78023) sb      a4, 0(a5)
core   0: 3 0x000000008000ff74 (0x00e78023) mem 0x000000008001206c 0x00
core   0: 0x000000008000ff78 (0xfc843703) ld      a4, -56(s0)
core   0: 3 0x000000008000ff78 (0xfc843703) x14 0x0000000080012040 mem 0x0000000080031f38
core   0: 0x000000008000ff7c (0xfb843783) ld      a5, -72(s0)
core   0: 3 0x000000008000ff7c (0xfb843783) x15 0x000000000000009c mem 0x0000000080031f28
core   0: 0x000000008000ff80 (0x000097ba) c.add   a5, a4
core   0: 3 0x000000008000ff80 (0x97ba) x15 0x00000000800120dc
core   0: 0x000000008000ff82 (0xfe043703) ld      a4, -32(s0)
core   0: 3 0x000000008000ff82 (0xfe043703) x14 0x000000008001206d mem 0x0000000080031f50
core   0: 0x000000008000ff86 (0xfcf76de3) bltu    a4, a5, pc - 38
core   0: 3 0x000000008000ff86 (0xfcf76de3)
core   0: 0x000000008000ff60 (0xfe043783) ld      a5, -32(s0)
core   0: 3 0x000000008000ff60 (0xfe043783) x15 0x000000008001206d mem 0x0000000080031f50
core   0: 0x000000008000ff64 (0x00178713) addi    a4, a5, 1
core   0: 3 0x000000008000ff64 (0x00178713) x14 0x000000008001206e
core   0: 0x000000008000ff68 (0xfee43023) sd      a4, -32(s0)
core   0: 3 0x000000008000ff68 (0xfee43023) mem 0x0000000080031f50 0x000000008001206e
core   0: 0x000000008000ff6c (0xfc442703) lw      a4, -60(s0)
core   0: 3 0x000000008000ff6c (0xfc442703) x14 0x0000000000000000 mem 0x0000000080031f34
core   0: 0x000000008000ff70 (0x0ff77713) andi    a4, a4, 255
core   0: 3 0x000000008000ff70 (0x0ff77713) x14 0x0000000000000000
core   0: 0x000000008000ff74 (0x00e78023) sb      a4, 0(a5)
core   0: 3 0x000000008000ff74 (0x00e78023) mem 0x000000008001206d 0x00
core   0: 0x000000008000ff78 (0xfc843703) ld      a4, -56(s0)
core   0: 3 0x000000008000ff78 (0xfc843703) x14 0x0000000080012040 mem 0x0000000080031f38
core   0: 0x000000008000ff7c (0xfb843783) ld      a5, -72(s0)
core   0: 3 0x000000008000ff7c (0xfb843783) x15 0x000000000000009c mem 0x0000000080031f28
core   0: 0x000000008000ff80 (0x000097ba) c.add   a5, a4
core   0: 3 0x000000008000ff80 (0x97ba) x15 0x00000000800120dc
core   0: 0x000000008000ff82 (0xfe043703) ld      a4, -32(s0)
core   0: 3 0x000000008000ff82 (0xfe043703) x14 0x000000008001206e mem 0x0000000080031f50
core   0: 0x000000008000ff86 (0xfcf76de3) bltu    a4, a5, pc - 38
core   0: 3 0x000000008000ff86 (0xfcf76de3)
core   0: 0x000000008000ff60 (0xfe043783) ld      a5, -32(s0)
core   0: 3 0x000000008000ff60 (0xfe043783) x15 0x000000008001206e mem 0x0000000080031f50
core   0: 0x000000008000ff64 (0x00178713) addi    a4, a5, 1
core   0: 3 0x000000008000ff64 (0x00178713) x14 0x000000008001206f
core   0: 0x000000008000ff68 (0xfee43023) sd      a4, -32(s0)
core   0: 3 0x000000008000ff68 (0xfee43023) mem 0x0000000080031f50 0x000000008001206f
core   0: 0x000000008000ff6c (0xfc442703) lw      a4, -60(s0)
core   0: 3 0x000000008000ff6c (0xfc442703) x14 0x0000000000000000 mem 0x0000000080031f34
core   0: 0x000000008000ff70 (0x0ff77713) andi    a4, a4, 255
core   0: 3 0x000000008000ff70 (0x0ff77713) x14 0x0000000000000000
core   0: 0x000000008000ff74 (0x00e78023) sb      a4, 0(a5)
core   0: 3 0x000000008000ff74 (0x00e78023) mem 0x000000008001206e 0x00
core   0: 0x000000008000ff78 (0xfc843703) ld      a4, -56(s0)
core   0: 3 0x000000008000ff78 (0xfc843703) x14 0x0000000080012040 mem 0x0000000080031f38
core   0: 0x000000008000ff7c (0xfb843783) ld      a5, -72(s0)
core   0: 3 0x000000008000ff7c (0xfb843783) x15 0x000000000000009c mem 0x0000000080031f28
core   0: 0x000000008000ff80 (0x000097ba) c.add   a5, a4
core   0: 3 0x000000008000ff80 (0x97ba) x15 0x00000000800120dc
core   0: 0x000000008000ff82 (0xfe043703) ld      a4, -32(s0)
core   0: 3 0x000000008000ff82 (0xfe043703) x14 0x000000008001206f mem 0x0000000080031f50
core   0: 0x000000008000ff86 (0xfcf76de3) bltu    a4, a5, pc - 38
core   0: 3 0x000000008000ff86 (0xfcf76de3)
core   0: 0x000000008000ff60 (0xfe043783) ld      a5, -32(s0)
core   0: 3 0x000000008000ff60 (0xfe043783) x15 0x000000008001206f mem 0x0000000080031f50
core   0: 0x000000008000ff64 (0x00178713) addi    a4, a5, 1
core   0: 3 0x000000008000ff64 (0x00178713) x14 0x0000000080012070
core   0: 0x000000008000ff68 (0xfee43023) sd      a4, -32(s0)
core   0: 3 0x000000008000ff68 (0xfee43023) mem 0x0000000080031f50 0x0000000080012070
core   0: 0x000000008000ff6c (0xfc442703) lw      a4, -60(s0)
core   0: 3 0x000000008000ff6c (0xfc442703) x14 0x0000000000000000 mem 0x0000000080031f34
core   0: 0x000000008000ff70 (0x0ff77713) andi    a4, a4, 255
core   0: 3 0x000000008000ff70 (0x0ff77713) x14 0x0000000000000000
core   0: 0x000000008000ff74 (0x00e78023) sb      a4, 0(a5)
core   0: 3 0x000000008000ff74 (0x00e78023) mem 0x000000008001206f 0x00
core   0: 0x000000008000ff78 (0xfc843703) ld      a4, -56(s0)
core   0: 3 0x000000008000ff78 (0xfc843703) x14 0x0000000080012040 mem 0x0000000080031f38
core   0: 0x000000008000ff7c (0xfb843783) ld      a5, -72(s0)
core   0: 3 0x000000008000ff7c (0xfb843783) x15 0x000000000000009c mem 0x0000000080031f28
core   0: 0x000000008000ff80 (0x000097ba) c.add   a5, a4
core   0: 3 0x000000008000ff80 (0x97ba) x15 0x00000000800120dc
core   0: 0x000000008000ff82 (0xfe043703) ld      a4, -32(s0)
core   0: 3 0x000000008000ff82 (0xfe043703) x14 0x0000000080012070 mem 0x0000000080031f50
core   0: 0x000000008000ff86 (0xfcf76de3) bltu    a4, a5, pc - 38
core   0: 3 0x000000008000ff86 (0xfcf76de3)
core   0: 0x000000008000ff60 (0xfe043783) ld      a5, -32(s0)
core   0: 3 0x000000008000ff60 (0xfe043783) x15 0x0000000080012070 mem 0x0000000080031f50
core   0: 0x000000008000ff64 (0x00178713) addi    a4, a5, 1
core   0: 3 0x000000008000ff64 (0x00178713) x14 0x0000000080012071
core   0: 0x000000008000ff68 (0xfee43023) sd      a4, -32(s0)
core   0: 3 0x000000008000ff68 (0xfee43023) mem 0x0000000080031f50 0x0000000080012071
core   0: 0x000000008000ff6c (0xfc442703) lw      a4, -60(s0)
core   0: 3 0x000000008000ff6c (0xfc442703) x14 0x0000000000000000 mem 0x0000000080031f34
core   0: 0x000000008000ff70 (0x0ff77713) andi    a4, a4, 255
core   0: 3 0x000000008000ff70 (0x0ff77713) x14 0x0000000000000000
core   0: 0x000000008000ff74 (0x00e78023) sb      a4, 0(a5)
core   0: 3 0x000000008000ff74 (0x00e78023) mem 0x0000000080012070 0x00
core   0: 0x000000008000ff78 (0xfc843703) ld      a4, -56(s0)
core   0: 3 0x000000008000ff78 (0xfc843703) x14 0x0000000080012040 mem 0x0000000080031f38
core   0: 0x000000008000ff7c (0xfb843783) ld      a5, -72(s0)
core   0: 3 0x000000008000ff7c (0xfb843783) x15 0x000000000000009c mem 0x0000000080031f28
core   0: 0x000000008000ff80 (0x000097ba) c.add   a5, a4
core   0: 3 0x000000008000ff80 (0x97ba) x15 0x00000000800120dc
core   0: 0x000000008000ff82 (0xfe043703) ld      a4, -32(s0)
core   0: 3 0x000000008000ff82 (0xfe043703) x14 0x0000000080012071 mem 0x0000000080031f50
core   0: 0x000000008000ff86 (0xfcf76de3) bltu    a4, a5, pc - 38
core   0: 3 0x000000008000ff86 (0xfcf76de3)
core   0: 0x000000008000ff60 (0xfe043783) ld      a5, -32(s0)
core   0: 3 0x000000008000ff60 (0xfe043783) x15 0x0000000080012071 mem 0x0000000080031f50
core   0: 0x000000008000ff64 (0x00178713) addi    a4, a5, 1
core   0: 3 0x000000008000ff64 (0x00178713) x14 0x0000000080012072
core   0: 0x000000008000ff68 (0xfee43023) sd      a4, -32(s0)
core   0: 3 0x000000008000ff68 (0xfee43023) mem 0x0000000080031f50 0x0000000080012072
core   0: 0x000000008000ff6c (0xfc442703) lw      a4, -60(s0)
core   0: 3 0x000000008000ff6c (0xfc442703) x14 0x0000000000000000 mem 0x0000000080031f34
core   0: 0x000000008000ff70 (0x0ff77713) andi    a4, a4, 255
core   0: 3 0x000000008000ff70 (0x0ff77713) x14 0x0000000000000000
core   0: 0x000000008000ff74 (0x00e78023) sb      a4, 0(a5)
core   0: 3 0x000000008000ff74 (0x00e78023) mem 0x0000000080012071 0x00
core   0: 0x000000008000ff78 (0xfc843703) ld      a4, -56(s0)
core   0: 3 0x000000008000ff78 (0xfc843703) x14 0x0000000080012040 mem 0x0000000080031f38
core   0: 0x000000008000ff7c (0xfb843783) ld      a5, -72(s0)
core   0: 3 0x000000008000ff7c (0xfb843783) x15 0x000000000000009c mem 0x0000000080031f28
core   0: 0x000000008000ff80 (0x000097ba) c.add   a5, a4
core   0: 3 0x000000008000ff80 (0x97ba) x15 0x00000000800120dc
core   0: 0x000000008000ff82 (0xfe043703) ld      a4, -32(s0)
core   0: 3 0x000000008000ff82 (0xfe043703) x14 0x0000000080012072 mem 0x0000000080031f50
core   0: 0x000000008000ff86 (0xfcf76de3) bltu    a4, a5, pc - 38
core   0: 3 0x000000008000ff86 (0xfcf76de3)
core   0: 0x000000008000ff60 (0xfe043783) ld      a5, -32(s0)
core   0: 3 0x000000008000ff60 (0xfe043783) x15 0x0000000080012072 mem 0x0000000080031f50
core   0: 0x000000008000ff64 (0x00178713) addi    a4, a5, 1
core   0: 3 0x000000008000ff64 (0x00178713) x14 0x0000000080012073
core   0: 0x000000008000ff68 (0xfee43023) sd      a4, -32(s0)
core   0: 3 0x000000008000ff68 (0xfee43023) mem 0x0000000080031f50 0x0000000080012073
core   0: 0x000000008000ff6c (0xfc442703) lw      a4, -60(s0)
core   0: 3 0x000000008000ff6c (0xfc442703) x14 0x0000000000000000 mem 0x0000000080031f34
core   0: 0x000000008000ff70 (0x0ff77713) andi    a4, a4, 255
core   0: 3 0x000000008000ff70 (0x0ff77713) x14 0x0000000000000000
core   0: 0x000000008000ff74 (0x00e78023) sb      a4, 0(a5)
core   0: 3 0x000000008000ff74 (0x00e78023) mem 0x0000000080012072 0x00
core   0: 0x000000008000ff78 (0xfc843703) ld      a4, -56(s0)
core   0: 3 0x000000008000ff78 (0xfc843703) x14 0x0000000080012040 mem 0x0000000080031f38
core   0: 0x000000008000ff7c (0xfb843783) ld      a5, -72(s0)
core   0: 3 0x000000008000ff7c (0xfb843783) x15 0x000000000000009c mem 0x0000000080031f28
core   0: 0x000000008000ff80 (0x000097ba) c.add   a5, a4
core   0: 3 0x000000008000ff80 (0x97ba) x15 0x00000000800120dc
core   0: 0x000000008000ff82 (0xfe043703) ld      a4, -32(s0)
core   0: 3 0x000000008000ff82 (0xfe043703) x14 0x0000000080012073 mem 0x0000000080031f50
core   0: 0x000000008000ff86 (0xfcf76de3) bltu    a4, a5, pc - 38
core   0: 3 0x000000008000ff86 (0xfcf76de3)
core   0: 0x000000008000ff60 (0xfe043783) ld      a5, -32(s0)
core   0: 3 0x000000008000ff60 (0xfe043783) x15 0x0000000080012073 mem 0x0000000080031f50
core   0: 0x000000008000ff64 (0x00178713) addi    a4, a5, 1
core   0: 3 0x000000008000ff64 (0x00178713) x14 0x0000000080012074
core   0: 0x000000008000ff68 (0xfee43023) sd      a4, -32(s0)
core   0: 3 0x000000008000ff68 (0xfee43023) mem 0x0000000080031f50 0x0000000080012074
core   0: 0x000000008000ff6c (0xfc442703) lw      a4, -60(s0)
core   0: 3 0x000000008000ff6c (0xfc442703) x14 0x0000000000000000 mem 0x0000000080031f34
core   0: 0x000000008000ff70 (0x0ff77713) andi    a4, a4, 255
core   0: 3 0x000000008000ff70 (0x0ff77713) x14 0x0000000000000000
core   0: 0x000000008000ff74 (0x00e78023) sb      a4, 0(a5)
core   0: 3 0x000000008000ff74 (0x00e78023) mem 0x0000000080012073 0x00
core   0: 0x000000008000ff78 (0xfc843703) ld      a4, -56(s0)
core   0: 3 0x000000008000ff78 (0xfc843703) x14 0x0000000080012040 mem 0x0000000080031f38
core   0: 0x000000008000ff7c (0xfb843783) ld      a5, -72(s0)
core   0: 3 0x000000008000ff7c (0xfb843783) x15 0x000000000000009c mem 0x0000000080031f28
core   0: 0x000000008000ff80 (0x000097ba) c.add   a5, a4
core   0: 3 0x000000008000ff80 (0x97ba) x15 0x00000000800120dc
core   0: 0x000000008000ff82 (0xfe043703) ld      a4, -32(s0)
core   0: 3 0x000000008000ff82 (0xfe043703) x14 0x0000000080012074 mem 0x0000000080031f50
core   0: 0x000000008000ff86 (0xfcf76de3) bltu    a4, a5, pc - 38
core   0: 3 0x000000008000ff86 (0xfcf76de3)
core   0: 0x000000008000ff60 (0xfe043783) ld      a5, -32(s0)
core   0: 3 0x000000008000ff60 (0xfe043783) x15 0x0000000080012074 mem 0x0000000080031f50
core   0: 0x000000008000ff64 (0x00178713) addi    a4, a5, 1
core   0: 3 0x000000008000ff64 (0x00178713) x14 0x0000000080012075
core   0: 0x000000008000ff68 (0xfee43023) sd      a4, -32(s0)
core   0: 3 0x000000008000ff68 (0xfee43023) mem 0x0000000080031f50 0x0000000080012075
core   0: 0x000000008000ff6c (0xfc442703) lw      a4, -60(s0)
core   0: 3 0x000000008000ff6c (0xfc442703) x14 0x0000000000000000 mem 0x0000000080031f34
core   0: 0x000000008000ff70 (0x0ff77713) andi    a4, a4, 255
core   0: 3 0x000000008000ff70 (0x0ff77713) x14 0x0000000000000000
core   0: 0x000000008000ff74 (0x00e78023) sb      a4, 0(a5)
core   0: 3 0x000000008000ff74 (0x00e78023) mem 0x0000000080012074 0x00
core   0: 0x000000008000ff78 (0xfc843703) ld      a4, -56(s0)
core   0: 3 0x000000008000ff78 (0xfc843703) x14 0x0000000080012040 mem 0x0000000080031f38
core   0: 0x000000008000ff7c (0xfb843783) ld      a5, -72(s0)
core   0: 3 0x000000008000ff7c (0xfb843783) x15 0x000000000000009c mem 0x0000000080031f28
core   0: 0x000000008000ff80 (0x000097ba) c.add   a5, a4
core   0: 3 0x000000008000ff80 (0x97ba) x15 0x00000000800120dc
core   0: 0x000000008000ff82 (0xfe043703) ld      a4, -32(s0)
core   0: 3 0x000000008000ff82 (0xfe043703) x14 0x0000000080012075 mem 0x0000000080031f50
core   0: 0x000000008000ff86 (0xfcf76de3) bltu    a4, a5, pc - 38
core   0: 3 0x000000008000ff86 (0xfcf76de3)
core   0: 0x000000008000ff60 (0xfe043783) ld      a5, -32(s0)
core   0: 3 0x000000008000ff60 (0xfe043783) x15 0x0000000080012075 mem 0x0000000080031f50
core   0: 0x000000008000ff64 (0x00178713) addi    a4, a5, 1
core   0: 3 0x000000008000ff64 (0x00178713) x14 0x0000000080012076
core   0: 0x000000008000ff68 (0xfee43023) sd      a4, -32(s0)
core   0: 3 0x000000008000ff68 (0xfee43023) mem 0x0000000080031f50 0x0000000080012076
core   0: 0x000000008000ff6c (0xfc442703) lw      a4, -60(s0)
core   0: 3 0x000000008000ff6c (0xfc442703) x14 0x0000000000000000 mem 0x0000000080031f34
core   0: 0x000000008000ff70 (0x0ff77713) andi    a4, a4, 255
core   0: 3 0x000000008000ff70 (0x0ff77713) x14 0x0000000000000000
core   0: 0x000000008000ff74 (0x00e78023) sb      a4, 0(a5)
core   0: 3 0x000000008000ff74 (0x00e78023) mem 0x0000000080012075 0x00
core   0: 0x000000008000ff78 (0xfc843703) ld      a4, -56(s0)
core   0: 3 0x000000008000ff78 (0xfc843703) x14 0x0000000080012040 mem 0x0000000080031f38
core   0: 0x000000008000ff7c (0xfb843783) ld      a5, -72(s0)
core   0: 3 0x000000008000ff7c (0xfb843783) x15 0x000000000000009c mem 0x0000000080031f28
core   0: 0x000000008000ff80 (0x000097ba) c.add   a5, a4
core   0: 3 0x000000008000ff80 (0x97ba) x15 0x00000000800120dc
core   0: 0x000000008000ff82 (0xfe043703) ld      a4, -32(s0)
core   0: 3 0x000000008000ff82 (0xfe043703) x14 0x0000000080012076 mem 0x0000000080031f50
core   0: 0x000000008000ff86 (0xfcf76de3) bltu    a4, a5, pc - 38
core   0: 3 0x000000008000ff86 (0xfcf76de3)
core   0: 0x000000008000ff60 (0xfe043783) ld      a5, -32(s0)
core   0: 3 0x000000008000ff60 (0xfe043783) x15 0x0000000080012076 mem 0x0000000080031f50
core   0: 0x000000008000ff64 (0x00178713) addi    a4, a5, 1
core   0: 3 0x000000008000ff64 (0x00178713) x14 0x0000000080012077
core   0: 0x000000008000ff68 (0xfee43023) sd      a4, -32(s0)
core   0: 3 0x000000008000ff68 (0xfee43023) mem 0x0000000080031f50 0x0000000080012077
core   0: 0x000000008000ff6c (0xfc442703) lw      a4, -60(s0)
core   0: 3 0x000000008000ff6c (0xfc442703) x14 0x0000000000000000 mem 0x0000000080031f34
core   0: 0x000000008000ff70 (0x0ff77713) andi    a4, a4, 255
core   0: 3 0x000000008000ff70 (0x0ff77713) x14 0x0000000000000000
core   0: 0x000000008000ff74 (0x00e78023) sb      a4, 0(a5)
core   0: 3 0x000000008000ff74 (0x00e78023) mem 0x0000000080012076 0x00
core   0: 0x000000008000ff78 (0xfc843703) ld      a4, -56(s0)
core   0: 3 0x000000008000ff78 (0xfc843703) x14 0x0000000080012040 mem 0x0000000080031f38
core   0: 0x000000008000ff7c (0xfb843783) ld      a5, -72(s0)
core   0: 3 0x000000008000ff7c (0xfb843783) x15 0x000000000000009c mem 0x0000000080031f28
core   0: 0x000000008000ff80 (0x000097ba) c.add   a5, a4
core   0: 3 0x000000008000ff80 (0x97ba) x15 0x00000000800120dc
core   0: 0x000000008000ff82 (0xfe043703) ld      a4, -32(s0)
core   0: 3 0x000000008000ff82 (0xfe043703) x14 0x0000000080012077 mem 0x0000000080031f50
core   0: 0x000000008000ff86 (0xfcf76de3) bltu    a4, a5, pc - 38
core   0: 3 0x000000008000ff86 (0xfcf76de3)
core   0: 0x000000008000ff60 (0xfe043783) ld      a5, -32(s0)
core   0: 3 0x000000008000ff60 (0xfe043783) x15 0x0000000080012077 mem 0x0000000080031f50
core   0: 0x000000008000ff64 (0x00178713) addi    a4, a5, 1
core   0: 3 0x000000008000ff64 (0x00178713) x14 0x0000000080012078
core   0: 0x000000008000ff68 (0xfee43023) sd      a4, -32(s0)
core   0: 3 0x000000008000ff68 (0xfee43023) mem 0x0000000080031f50 0x0000000080012078
core   0: 0x000000008000ff6c (0xfc442703) lw      a4, -60(s0)
core   0: 3 0x000000008000ff6c (0xfc442703) x14 0x0000000000000000 mem 0x0000000080031f34
core   0: 0x000000008000ff70 (0x0ff77713) andi    a4, a4, 255
core   0: 3 0x000000008000ff70 (0x0ff77713) x14 0x0000000000000000
core   0: 0x000000008000ff74 (0x00e78023) sb      a4, 0(a5)
core   0: 3 0x000000008000ff74 (0x00e78023) mem 0x0000000080012077 0x00
core   0: 0x000000008000ff78 (0xfc843703) ld      a4, -56(s0)
core   0: 3 0x000000008000ff78 (0xfc843703) x14 0x0000000080012040 mem 0x0000000080031f38
core   0: 0x000000008000ff7c (0xfb843783) ld      a5, -72(s0)
core   0: 3 0x000000008000ff7c (0xfb843783) x15 0x000000000000009c mem 0x0000000080031f28
core   0: 0x000000008000ff80 (0x000097ba) c.add   a5, a4
core   0: 3 0x000000008000ff80 (0x97ba) x15 0x00000000800120dc
core   0: 0x000000008000ff82 (0xfe043703) ld      a4, -32(s0)
core   0: 3 0x000000008000ff82 (0xfe043703) x14 0x0000000080012078 mem 0x0000000080031f50
core   0: 0x000000008000ff86 (0xfcf76de3) bltu    a4, a5, pc - 38
core   0: 3 0x000000008000ff86 (0xfcf76de3)
core   0: 0x000000008000ff60 (0xfe043783) ld      a5, -32(s0)
core   0: 3 0x000000008000ff60 (0xfe043783) x15 0x0000000080012078 mem 0x0000000080031f50
core   0: 0x000000008000ff64 (0x00178713) addi    a4, a5, 1
core   0: 3 0x000000008000ff64 (0x00178713) x14 0x0000000080012079
core   0: 0x000000008000ff68 (0xfee43023) sd      a4, -32(s0)
core   0: 3 0x000000008000ff68 (0xfee43023) mem 0x0000000080031f50 0x0000000080012079
core   0: 0x000000008000ff6c (0xfc442703) lw      a4, -60(s0)
core   0: 3 0x000000008000ff6c (0xfc442703) x14 0x0000000000000000 mem 0x0000000080031f34
core   0: 0x000000008000ff70 (0x0ff77713) andi    a4, a4, 255
core   0: 3 0x000000008000ff70 (0x0ff77713) x14 0x0000000000000000
core   0: 0x000000008000ff74 (0x00e78023) sb      a4, 0(a5)
core   0: 3 0x000000008000ff74 (0x00e78023) mem 0x0000000080012078 0x00
core   0: 0x000000008000ff78 (0xfc843703) ld      a4, -56(s0)
core   0: 3 0x000000008000ff78 (0xfc843703) x14 0x0000000080012040 mem 0x0000000080031f38
core   0: 0x000000008000ff7c (0xfb843783) ld      a5, -72(s0)
core   0: 3 0x000000008000ff7c (0xfb843783) x15 0x000000000000009c mem 0x0000000080031f28
core   0: 0x000000008000ff80 (0x000097ba) c.add   a5, a4
core   0: 3 0x000000008000ff80 (0x97ba) x15 0x00000000800120dc
core   0: 0x000000008000ff82 (0xfe043703) ld      a4, -32(s0)
core   0: 3 0x000000008000ff82 (0xfe043703) x14 0x0000000080012079 mem 0x0000000080031f50
core   0: 0x000000008000ff86 (0xfcf76de3) bltu    a4, a5, pc - 38
core   0: 3 0x000000008000ff86 (0xfcf76de3)
core   0: 0x000000008000ff60 (0xfe043783) ld      a5, -32(s0)
core   0: 3 0x000000008000ff60 (0xfe043783) x15 0x0000000080012079 mem 0x0000000080031f50
core   0: 0x000000008000ff64 (0x00178713) addi    a4, a5, 1
core   0: 3 0x000000008000ff64 (0x00178713) x14 0x000000008001207a
core   0: 0x000000008000ff68 (0xfee43023) sd      a4, -32(s0)
core   0: 3 0x000000008000ff68 (0xfee43023) mem 0x0000000080031f50 0x000000008001207a
core   0: 0x000000008000ff6c (0xfc442703) lw      a4, -60(s0)
core   0: 3 0x000000008000ff6c (0xfc442703) x14 0x0000000000000000 mem 0x0000000080031f34
core   0: 0x000000008000ff70 (0x0ff77713) andi    a4, a4, 255
core   0: 3 0x000000008000ff70 (0x0ff77713) x14 0x0000000000000000
core   0: 0x000000008000ff74 (0x00e78023) sb      a4, 0(a5)
core   0: 3 0x000000008000ff74 (0x00e78023) mem 0x0000000080012079 0x00
core   0: 0x000000008000ff78 (0xfc843703) ld      a4, -56(s0)
core   0: 3 0x000000008000ff78 (0xfc843703) x14 0x0000000080012040 mem 0x0000000080031f38
core   0: 0x000000008000ff7c (0xfb843783) ld      a5, -72(s0)
core   0: 3 0x000000008000ff7c (0xfb843783) x15 0x000000000000009c mem 0x0000000080031f28
core   0: 0x000000008000ff80 (0x000097ba) c.add   a5, a4
core   0: 3 0x000000008000ff80 (0x97ba) x15 0x00000000800120dc
core   0: 0x000000008000ff82 (0xfe043703) ld      a4, -32(s0)
core   0: 3 0x000000008000ff82 (0xfe043703) x14 0x000000008001207a mem 0x0000000080031f50
core   0: 0x000000008000ff86 (0xfcf76de3) bltu    a4, a5, pc - 38
core   0: 3 0x000000008000ff86 (0xfcf76de3)
core   0: 0x000000008000ff60 (0xfe043783) ld      a5, -32(s0)
core   0: 3 0x000000008000ff60 (0xfe043783) x15 0x000000008001207a mem 0x0000000080031f50
core   0: 0x000000008000ff64 (0x00178713) addi    a4, a5, 1
core   0: 3 0x000000008000ff64 (0x00178713) x14 0x000000008001207b
core   0: 0x000000008000ff68 (0xfee43023) sd      a4, -32(s0)
core   0: 3 0x000000008000ff68 (0xfee43023) mem 0x0000000080031f50 0x000000008001207b
core   0: 0x000000008000ff6c (0xfc442703) lw      a4, -60(s0)
core   0: 3 0x000000008000ff6c (0xfc442703) x14 0x0000000000000000 mem 0x0000000080031f34
core   0: 0x000000008000ff70 (0x0ff77713) andi    a4, a4, 255
core   0: 3 0x000000008000ff70 (0x0ff77713) x14 0x0000000000000000
core   0: 0x000000008000ff74 (0x00e78023) sb      a4, 0(a5)
core   0: 3 0x000000008000ff74 (0x00e78023) mem 0x000000008001207a 0x00
core   0: 0x000000008000ff78 (0xfc843703) ld      a4, -56(s0)
core   0: 3 0x000000008000ff78 (0xfc843703) x14 0x0000000080012040 mem 0x0000000080031f38
core   0: 0x000000008000ff7c (0xfb843783) ld      a5, -72(s0)
core   0: 3 0x000000008000ff7c (0xfb843783) x15 0x000000000000009c mem 0x0000000080031f28
core   0: 0x000000008000ff80 (0x000097ba) c.add   a5, a4
core   0: 3 0x000000008000ff80 (0x97ba) x15 0x00000000800120dc
core   0: 0x000000008000ff82 (0xfe043703) ld      a4, -32(s0)
core   0: 3 0x000000008000ff82 (0xfe043703) x14 0x000000008001207b mem 0x0000000080031f50
core   0: 0x000000008000ff86 (0xfcf76de3) bltu    a4, a5, pc - 38
core   0: 3 0x000000008000ff86 (0xfcf76de3)
core   0: 0x000000008000ff60 (0xfe043783) ld      a5, -32(s0)
core   0: 3 0x000000008000ff60 (0xfe043783) x15 0x000000008001207b mem 0x0000000080031f50
core   0: 0x000000008000ff64 (0x00178713) addi    a4, a5, 1
core   0: 3 0x000000008000ff64 (0x00178713) x14 0x000000008001207c
core   0: 0x000000008000ff68 (0xfee43023) sd      a4, -32(s0)
core   0: 3 0x000000008000ff68 (0xfee43023) mem 0x0000000080031f50 0x000000008001207c
core   0: 0x000000008000ff6c (0xfc442703) lw      a4, -60(s0)
core   0: 3 0x000000008000ff6c (0xfc442703) x14 0x0000000000000000 mem 0x0000000080031f34
core   0: 0x000000008000ff70 (0x0ff77713) andi    a4, a4, 255
core   0: 3 0x000000008000ff70 (0x0ff77713) x14 0x0000000000000000
core   0: 0x000000008000ff74 (0x00e78023) sb      a4, 0(a5)
core   0: 3 0x000000008000ff74 (0x00e78023) mem 0x000000008001207b 0x00
core   0: 0x000000008000ff78 (0xfc843703) ld      a4, -56(s0)
core   0: 3 0x000000008000ff78 (0xfc843703) x14 0x0000000080012040 mem 0x0000000080031f38
core   0: 0x000000008000ff7c (0xfb843783) ld      a5, -72(s0)
core   0: 3 0x000000008000ff7c (0xfb843783) x15 0x000000000000009c mem 0x0000000080031f28
core   0: 0x000000008000ff80 (0x000097ba) c.add   a5, a4
core   0: 3 0x000000008000ff80 (0x97ba) x15 0x00000000800120dc
core   0: 0x000000008000ff82 (0xfe043703) ld      a4, -32(s0)
core   0: 3 0x000000008000ff82 (0xfe043703) x14 0x000000008001207c mem 0x0000000080031f50
core   0: 0x000000008000ff86 (0xfcf76de3) bltu    a4, a5, pc - 38
core   0: 3 0x000000008000ff86 (0xfcf76de3)
core   0: 0x000000008000ff60 (0xfe043783) ld      a5, -32(s0)
core   0: 3 0x000000008000ff60 (0xfe043783) x15 0x000000008001207c mem 0x0000000080031f50
core   0: 0x000000008000ff64 (0x00178713) addi    a4, a5, 1
core   0: 3 0x000000008000ff64 (0x00178713) x14 0x000000008001207d
core   0: 0x000000008000ff68 (0xfee43023) sd      a4, -32(s0)
core   0: 3 0x000000008000ff68 (0xfee43023) mem 0x0000000080031f50 0x000000008001207d
core   0: 0x000000008000ff6c (0xfc442703) lw      a4, -60(s0)
core   0: 3 0x000000008000ff6c (0xfc442703) x14 0x0000000000000000 mem 0x0000000080031f34
core   0: 0x000000008000ff70 (0x0ff77713) andi    a4, a4, 255
core   0: 3 0x000000008000ff70 (0x0ff77713) x14 0x0000000000000000
core   0: 0x000000008000ff74 (0x00e78023) sb      a4, 0(a5)
core   0: 3 0x000000008000ff74 (0x00e78023) mem 0x000000008001207c 0x00
core   0: 0x000000008000ff78 (0xfc843703) ld      a4, -56(s0)
core   0: 3 0x000000008000ff78 (0xfc843703) x14 0x0000000080012040 mem 0x0000000080031f38
core   0: 0x000000008000ff7c (0xfb843783) ld      a5, -72(s0)
core   0: 3 0x000000008000ff7c (0xfb843783) x15 0x000000000000009c mem 0x0000000080031f28
core   0: 0x000000008000ff80 (0x000097ba) c.add   a5, a4
core   0: 3 0x000000008000ff80 (0x97ba) x15 0x00000000800120dc
core   0: 0x000000008000ff82 (0xfe043703) ld      a4, -32(s0)
core   0: 3 0x000000008000ff82 (0xfe043703) x14 0x000000008001207d mem 0x0000000080031f50
core   0: 0x000000008000ff86 (0xfcf76de3) bltu    a4, a5, pc - 38
core   0: 3 0x000000008000ff86 (0xfcf76de3)
core   0: 0x000000008000ff60 (0xfe043783) ld      a5, -32(s0)
core   0: 3 0x000000008000ff60 (0xfe043783) x15 0x000000008001207d mem 0x0000000080031f50
core   0: 0x000000008000ff64 (0x00178713) addi    a4, a5, 1
core   0: 3 0x000000008000ff64 (0x00178713) x14 0x000000008001207e
core   0: 0x000000008000ff68 (0xfee43023) sd      a4, -32(s0)
core   0: 3 0x000000008000ff68 (0xfee43023) mem 0x0000000080031f50 0x000000008001207e
core   0: 0x000000008000ff6c (0xfc442703) lw      a4, -60(s0)
core   0: 3 0x000000008000ff6c (0xfc442703) x14 0x0000000000000000 mem 0x0000000080031f34
core   0: 0x000000008000ff70 (0x0ff77713) andi    a4, a4, 255
core   0: 3 0x000000008000ff70 (0x0ff77713) x14 0x0000000000000000
core   0: 0x000000008000ff74 (0x00e78023) sb      a4, 0(a5)
core   0: 3 0x000000008000ff74 (0x00e78023) mem 0x000000008001207d 0x00
core   0: 0x000000008000ff78 (0xfc843703) ld      a4, -56(s0)
core   0: 3 0x000000008000ff78 (0xfc843703) x14 0x0000000080012040 mem 0x0000000080031f38
core   0: 0x000000008000ff7c (0xfb843783) ld      a5, -72(s0)
core   0: 3 0x000000008000ff7c (0xfb843783) x15 0x000000000000009c mem 0x0000000080031f28
core   0: 0x000000008000ff80 (0x000097ba) c.add   a5, a4
core   0: 3 0x000000008000ff80 (0x97ba) x15 0x00000000800120dc
core   0: 0x000000008000ff82 (0xfe043703) ld      a4, -32(s0)
core   0: 3 0x000000008000ff82 (0xfe043703) x14 0x000000008001207e mem 0x0000000080031f50
core   0: 0x000000008000ff86 (0xfcf76de3) bltu    a4, a5, pc - 38
core   0: 3 0x000000008000ff86 (0xfcf76de3)
core   0: 0x000000008000ff60 (0xfe043783) ld      a5, -32(s0)
core   0: 3 0x000000008000ff60 (0xfe043783) x15 0x000000008001207e mem 0x0000000080031f50
core   0: 0x000000008000ff64 (0x00178713) addi    a4, a5, 1
core   0: 3 0x000000008000ff64 (0x00178713) x14 0x000000008001207f
core   0: 0x000000008000ff68 (0xfee43023) sd      a4, -32(s0)
core   0: 3 0x000000008000ff68 (0xfee43023) mem 0x0000000080031f50 0x000000008001207f
core   0: 0x000000008000ff6c (0xfc442703) lw      a4, -60(s0)
core   0: 3 0x000000008000ff6c (0xfc442703) x14 0x0000000000000000 mem 0x0000000080031f34
core   0: 0x000000008000ff70 (0x0ff77713) andi    a4, a4, 255
core   0: 3 0x000000008000ff70 (0x0ff77713) x14 0x0000000000000000
core   0: 0x000000008000ff74 (0x00e78023) sb      a4, 0(a5)
core   0: 3 0x000000008000ff74 (0x00e78023) mem 0x000000008001207e 0x00
core   0: 0x000000008000ff78 (0xfc843703) ld      a4, -56(s0)
core   0: 3 0x000000008000ff78 (0xfc843703) x14 0x0000000080012040 mem 0x0000000080031f38
core   0: 0x000000008000ff7c (0xfb843783) ld      a5, -72(s0)
core   0: 3 0x000000008000ff7c (0xfb843783) x15 0x000000000000009c mem 0x0000000080031f28
core   0: 0x000000008000ff80 (0x000097ba) c.add   a5, a4
core   0: 3 0x000000008000ff80 (0x97ba) x15 0x00000000800120dc
core   0: 0x000000008000ff82 (0xfe043703) ld      a4, -32(s0)
core   0: 3 0x000000008000ff82 (0xfe043703) x14 0x000000008001207f mem 0x0000000080031f50
core   0: 0x000000008000ff86 (0xfcf76de3) bltu    a4, a5, pc - 38
core   0: 3 0x000000008000ff86 (0xfcf76de3)
core   0: 0x000000008000ff60 (0xfe043783) ld      a5, -32(s0)
core   0: 3 0x000000008000ff60 (0xfe043783) x15 0x000000008001207f mem 0x0000000080031f50
core   0: 0x000000008000ff64 (0x00178713) addi    a4, a5, 1
core   0: 3 0x000000008000ff64 (0x00178713) x14 0x0000000080012080
core   0: 0x000000008000ff68 (0xfee43023) sd      a4, -32(s0)
core   0: 3 0x000000008000ff68 (0xfee43023) mem 0x0000000080031f50 0x0000000080012080
core   0: 0x000000008000ff6c (0xfc442703) lw      a4, -60(s0)
core   0: 3 0x000000008000ff6c (0xfc442703) x14 0x0000000000000000 mem 0x0000000080031f34
core   0: 0x000000008000ff70 (0x0ff77713) andi    a4, a4, 255
core   0: 3 0x000000008000ff70 (0x0ff77713) x14 0x0000000000000000
core   0: 0x000000008000ff74 (0x00e78023) sb      a4, 0(a5)
core   0: 3 0x000000008000ff74 (0x00e78023) mem 0x000000008001207f 0x00
core   0: 0x000000008000ff78 (0xfc843703) ld      a4, -56(s0)
core   0: 3 0x000000008000ff78 (0xfc843703) x14 0x0000000080012040 mem 0x0000000080031f38
core   0: 0x000000008000ff7c (0xfb843783) ld      a5, -72(s0)
core   0: 3 0x000000008000ff7c (0xfb843783) x15 0x000000000000009c mem 0x0000000080031f28
core   0: 0x000000008000ff80 (0x000097ba) c.add   a5, a4
core   0: 3 0x000000008000ff80 (0x97ba) x15 0x00000000800120dc
core   0: 0x000000008000ff82 (0xfe043703) ld      a4, -32(s0)
core   0: 3 0x000000008000ff82 (0xfe043703) x14 0x0000000080012080 mem 0x0000000080031f50
core   0: 0x000000008000ff86 (0xfcf76de3) bltu    a4, a5, pc - 38
core   0: 3 0x000000008000ff86 (0xfcf76de3)
core   0: 0x000000008000ff60 (0xfe043783) ld      a5, -32(s0)
core   0: 3 0x000000008000ff60 (0xfe043783) x15 0x0000000080012080 mem 0x0000000080031f50
core   0: 0x000000008000ff64 (0x00178713) addi    a4, a5, 1
core   0: 3 0x000000008000ff64 (0x00178713) x14 0x0000000080012081
core   0: 0x000000008000ff68 (0xfee43023) sd      a4, -32(s0)
core   0: 3 0x000000008000ff68 (0xfee43023) mem 0x0000000080031f50 0x0000000080012081
core   0: 0x000000008000ff6c (0xfc442703) lw      a4, -60(s0)
core   0: 3 0x000000008000ff6c (0xfc442703) x14 0x0000000000000000 mem 0x0000000080031f34
core   0: 0x000000008000ff70 (0x0ff77713) andi    a4, a4, 255
core   0: 3 0x000000008000ff70 (0x0ff77713) x14 0x0000000000000000
core   0: 0x000000008000ff74 (0x00e78023) sb      a4, 0(a5)
core   0: 3 0x000000008000ff74 (0x00e78023) mem 0x0000000080012080 0x00
core   0: 0x000000008000ff78 (0xfc843703) ld      a4, -56(s0)
core   0: 3 0x000000008000ff78 (0xfc843703) x14 0x0000000080012040 mem 0x0000000080031f38
core   0: 0x000000008000ff7c (0xfb843783) ld      a5, -72(s0)
core   0: 3 0x000000008000ff7c (0xfb843783) x15 0x000000000000009c mem 0x0000000080031f28
core   0: 0x000000008000ff80 (0x000097ba) c.add   a5, a4
core   0: 3 0x000000008000ff80 (0x97ba) x15 0x00000000800120dc
core   0: 0x000000008000ff82 (0xfe043703) ld      a4, -32(s0)
core   0: 3 0x000000008000ff82 (0xfe043703) x14 0x0000000080012081 mem 0x0000000080031f50
core   0: 0x000000008000ff86 (0xfcf76de3) bltu    a4, a5, pc - 38
core   0: 3 0x000000008000ff86 (0xfcf76de3)
core   0: 0x000000008000ff60 (0xfe043783) ld      a5, -32(s0)
core   0: 3 0x000000008000ff60 (0xfe043783) x15 0x0000000080012081 mem 0x0000000080031f50
core   0: 0x000000008000ff64 (0x00178713) addi    a4, a5, 1
core   0: 3 0x000000008000ff64 (0x00178713) x14 0x0000000080012082
core   0: 0x000000008000ff68 (0xfee43023) sd      a4, -32(s0)
core   0: 3 0x000000008000ff68 (0xfee43023) mem 0x0000000080031f50 0x0000000080012082
core   0: 0x000000008000ff6c (0xfc442703) lw      a4, -60(s0)
core   0: 3 0x000000008000ff6c (0xfc442703) x14 0x0000000000000000 mem 0x0000000080031f34
core   0: 0x000000008000ff70 (0x0ff77713) andi    a4, a4, 255
core   0: 3 0x000000008000ff70 (0x0ff77713) x14 0x0000000000000000
core   0: 0x000000008000ff74 (0x00e78023) sb      a4, 0(a5)
core   0: 3 0x000000008000ff74 (0x00e78023) mem 0x0000000080012081 0x00
core   0: 0x000000008000ff78 (0xfc843703) ld      a4, -56(s0)
core   0: 3 0x000000008000ff78 (0xfc843703) x14 0x0000000080012040 mem 0x0000000080031f38
core   0: 0x000000008000ff7c (0xfb843783) ld      a5, -72(s0)
core   0: 3 0x000000008000ff7c (0xfb843783) x15 0x000000000000009c mem 0x0000000080031f28
core   0: 0x000000008000ff80 (0x000097ba) c.add   a5, a4
core   0: 3 0x000000008000ff80 (0x97ba) x15 0x00000000800120dc
core   0: 0x000000008000ff82 (0xfe043703) ld      a4, -32(s0)
core   0: 3 0x000000008000ff82 (0xfe043703) x14 0x0000000080012082 mem 0x0000000080031f50
core   0: 0x000000008000ff86 (0xfcf76de3) bltu    a4, a5, pc - 38
core   0: 3 0x000000008000ff86 (0xfcf76de3)
core   0: 0x000000008000ff60 (0xfe043783) ld      a5, -32(s0)
core   0: 3 0x000000008000ff60 (0xfe043783) x15 0x0000000080012082 mem 0x0000000080031f50
core   0: 0x000000008000ff64 (0x00178713) addi    a4, a5, 1
core   0: 3 0x000000008000ff64 (0x00178713) x14 0x0000000080012083
core   0: 0x000000008000ff68 (0xfee43023) sd      a4, -32(s0)
core   0: 3 0x000000008000ff68 (0xfee43023) mem 0x0000000080031f50 0x0000000080012083
core   0: 0x000000008000ff6c (0xfc442703) lw      a4, -60(s0)
core   0: 3 0x000000008000ff6c (0xfc442703) x14 0x0000000000000000 mem 0x0000000080031f34
core   0: 0x000000008000ff70 (0x0ff77713) andi    a4, a4, 255
core   0: 3 0x000000008000ff70 (0x0ff77713) x14 0x0000000000000000
core   0: 0x000000008000ff74 (0x00e78023) sb      a4, 0(a5)
core   0: 3 0x000000008000ff74 (0x00e78023) mem 0x0000000080012082 0x00
core   0: 0x000000008000ff78 (0xfc843703) ld      a4, -56(s0)
core   0: 3 0x000000008000ff78 (0xfc843703) x14 0x0000000080012040 mem 0x0000000080031f38
core   0: 0x000000008000ff7c (0xfb843783) ld      a5, -72(s0)
core   0: 3 0x000000008000ff7c (0xfb843783) x15 0x000000000000009c mem 0x0000000080031f28
core   0: 0x000000008000ff80 (0x000097ba) c.add   a5, a4
core   0: 3 0x000000008000ff80 (0x97ba) x15 0x00000000800120dc
core   0: 0x000000008000ff82 (0xfe043703) ld      a4, -32(s0)
core   0: 3 0x000000008000ff82 (0xfe043703) x14 0x0000000080012083 mem 0x0000000080031f50
core   0: 0x000000008000ff86 (0xfcf76de3) bltu    a4, a5, pc - 38
core   0: 3 0x000000008000ff86 (0xfcf76de3)
core   0: 0x000000008000ff60 (0xfe043783) ld      a5, -32(s0)
core   0: 3 0x000000008000ff60 (0xfe043783) x15 0x0000000080012083 mem 0x0000000080031f50
core   0: 0x000000008000ff64 (0x00178713) addi    a4, a5, 1
core   0: 3 0x000000008000ff64 (0x00178713) x14 0x0000000080012084
core   0: 0x000000008000ff68 (0xfee43023) sd      a4, -32(s0)
core   0: 3 0x000000008000ff68 (0xfee43023) mem 0x0000000080031f50 0x0000000080012084
core   0: 0x000000008000ff6c (0xfc442703) lw      a4, -60(s0)
core   0: 3 0x000000008000ff6c (0xfc442703) x14 0x0000000000000000 mem 0x0000000080031f34
core   0: 0x000000008000ff70 (0x0ff77713) andi    a4, a4, 255
core   0: 3 0x000000008000ff70 (0x0ff77713) x14 0x0000000000000000
core   0: 0x000000008000ff74 (0x00e78023) sb      a4, 0(a5)
core   0: 3 0x000000008000ff74 (0x00e78023) mem 0x0000000080012083 0x00
core   0: 0x000000008000ff78 (0xfc843703) ld      a4, -56(s0)
core   0: 3 0x000000008000ff78 (0xfc843703) x14 0x0000000080012040 mem 0x0000000080031f38
core   0: 0x000000008000ff7c (0xfb843783) ld      a5, -72(s0)
core   0: 3 0x000000008000ff7c (0xfb843783) x15 0x000000000000009c mem 0x0000000080031f28
core   0: 0x000000008000ff80 (0x000097ba) c.add   a5, a4
core   0: 3 0x000000008000ff80 (0x97ba) x15 0x00000000800120dc
core   0: 0x000000008000ff82 (0xfe043703) ld      a4, -32(s0)
core   0: 3 0x000000008000ff82 (0xfe043703) x14 0x0000000080012084 mem 0x0000000080031f50
core   0: 0x000000008000ff86 (0xfcf76de3) bltu    a4, a5, pc - 38
core   0: 3 0x000000008000ff86 (0xfcf76de3)
core   0: 0x000000008000ff60 (0xfe043783) ld      a5, -32(s0)
core   0: 3 0x000000008000ff60 (0xfe043783) x15 0x0000000080012084 mem 0x0000000080031f50
core   0: 0x000000008000ff64 (0x00178713) addi    a4, a5, 1
core   0: 3 0x000000008000ff64 (0x00178713) x14 0x0000000080012085
core   0: 0x000000008000ff68 (0xfee43023) sd      a4, -32(s0)
core   0: 3 0x000000008000ff68 (0xfee43023) mem 0x0000000080031f50 0x0000000080012085
core   0: 0x000000008000ff6c (0xfc442703) lw      a4, -60(s0)
core   0: 3 0x000000008000ff6c (0xfc442703) x14 0x0000000000000000 mem 0x0000000080031f34
core   0: 0x000000008000ff70 (0x0ff77713) andi    a4, a4, 255
core   0: 3 0x000000008000ff70 (0x0ff77713) x14 0x0000000000000000
core   0: 0x000000008000ff74 (0x00e78023) sb      a4, 0(a5)
core   0: 3 0x000000008000ff74 (0x00e78023) mem 0x0000000080012084 0x00
core   0: 0x000000008000ff78 (0xfc843703) ld      a4, -56(s0)
core   0: 3 0x000000008000ff78 (0xfc843703) x14 0x0000000080012040 mem 0x0000000080031f38
core   0: 0x000000008000ff7c (0xfb843783) ld      a5, -72(s0)
core   0: 3 0x000000008000ff7c (0xfb843783) x15 0x000000000000009c mem 0x0000000080031f28
core   0: 0x000000008000ff80 (0x000097ba) c.add   a5, a4
core   0: 3 0x000000008000ff80 (0x97ba) x15 0x00000000800120dc
core   0: 0x000000008000ff82 (0xfe043703) ld      a4, -32(s0)
core   0: 3 0x000000008000ff82 (0xfe043703) x14 0x0000000080012085 mem 0x0000000080031f50
core   0: 0x000000008000ff86 (0xfcf76de3) bltu    a4, a5, pc - 38
core   0: 3 0x000000008000ff86 (0xfcf76de3)
core   0: 0x000000008000ff60 (0xfe043783) ld      a5, -32(s0)
core   0: 3 0x000000008000ff60 (0xfe043783) x15 0x0000000080012085 mem 0x0000000080031f50
core   0: 0x000000008000ff64 (0x00178713) addi    a4, a5, 1
core   0: 3 0x000000008000ff64 (0x00178713) x14 0x0000000080012086
core   0: 0x000000008000ff68 (0xfee43023) sd      a4, -32(s0)
core   0: 3 0x000000008000ff68 (0xfee43023) mem 0x0000000080031f50 0x0000000080012086
core   0: 0x000000008000ff6c (0xfc442703) lw      a4, -60(s0)
core   0: 3 0x000000008000ff6c (0xfc442703) x14 0x0000000000000000 mem 0x0000000080031f34
core   0: 0x000000008000ff70 (0x0ff77713) andi    a4, a4, 255
core   0: 3 0x000000008000ff70 (0x0ff77713) x14 0x0000000000000000
core   0: 0x000000008000ff74 (0x00e78023) sb      a4, 0(a5)
core   0: 3 0x000000008000ff74 (0x00e78023) mem 0x0000000080012085 0x00
core   0: 0x000000008000ff78 (0xfc843703) ld      a4, -56(s0)
core   0: 3 0x000000008000ff78 (0xfc843703) x14 0x0000000080012040 mem 0x0000000080031f38
core   0: 0x000000008000ff7c (0xfb843783) ld      a5, -72(s0)
core   0: 3 0x000000008000ff7c (0xfb843783) x15 0x000000000000009c mem 0x0000000080031f28
core   0: 0x000000008000ff80 (0x000097ba) c.add   a5, a4
core   0: 3 0x000000008000ff80 (0x97ba) x15 0x00000000800120dc
core   0: 0x000000008000ff82 (0xfe043703) ld      a4, -32(s0)
core   0: 3 0x000000008000ff82 (0xfe043703) x14 0x0000000080012086 mem 0x0000000080031f50
core   0: 0x000000008000ff86 (0xfcf76de3) bltu    a4, a5, pc - 38
core   0: 3 0x000000008000ff86 (0xfcf76de3)
core   0: 0x000000008000ff60 (0xfe043783) ld      a5, -32(s0)
core   0: 3 0x000000008000ff60 (0xfe043783) x15 0x0000000080012086 mem 0x0000000080031f50
core   0: 0x000000008000ff64 (0x00178713) addi    a4, a5, 1
core   0: 3 0x000000008000ff64 (0x00178713) x14 0x0000000080012087
core   0: 0x000000008000ff68 (0xfee43023) sd      a4, -32(s0)
core   0: 3 0x000000008000ff68 (0xfee43023) mem 0x0000000080031f50 0x0000000080012087
core   0: 0x000000008000ff6c (0xfc442703) lw      a4, -60(s0)
core   0: 3 0x000000008000ff6c (0xfc442703) x14 0x0000000000000000 mem 0x0000000080031f34
core   0: 0x000000008000ff70 (0x0ff77713) andi    a4, a4, 255
core   0: 3 0x000000008000ff70 (0x0ff77713) x14 0x0000000000000000
core   0: 0x000000008000ff74 (0x00e78023) sb      a4, 0(a5)
core   0: 3 0x000000008000ff74 (0x00e78023) mem 0x0000000080012086 0x00
core   0: 0x000000008000ff78 (0xfc843703) ld      a4, -56(s0)
core   0: 3 0x000000008000ff78 (0xfc843703) x14 0x0000000080012040 mem 0x0000000080031f38
core   0: 0x000000008000ff7c (0xfb843783) ld      a5, -72(s0)
core   0: 3 0x000000008000ff7c (0xfb843783) x15 0x000000000000009c mem 0x0000000080031f28
core   0: 0x000000008000ff80 (0x000097ba) c.add   a5, a4
core   0: 3 0x000000008000ff80 (0x97ba) x15 0x00000000800120dc
core   0: 0x000000008000ff82 (0xfe043703) ld      a4, -32(s0)
core   0: 3 0x000000008000ff82 (0xfe043703) x14 0x0000000080012087 mem 0x0000000080031f50
core   0: 0x000000008000ff86 (0xfcf76de3) bltu    a4, a5, pc - 38
core   0: 3 0x000000008000ff86 (0xfcf76de3)
core   0: 0x000000008000ff60 (0xfe043783) ld      a5, -32(s0)
core   0: 3 0x000000008000ff60 (0xfe043783) x15 0x0000000080012087 mem 0x0000000080031f50
core   0: 0x000000008000ff64 (0x00178713) addi    a4, a5, 1
core   0: 3 0x000000008000ff64 (0x00178713) x14 0x0000000080012088
core   0: 0x000000008000ff68 (0xfee43023) sd      a4, -32(s0)
core   0: 3 0x000000008000ff68 (0xfee43023) mem 0x0000000080031f50 0x0000000080012088
core   0: 0x000000008000ff6c (0xfc442703) lw      a4, -60(s0)
core   0: 3 0x000000008000ff6c (0xfc442703) x14 0x0000000000000000 mem 0x0000000080031f34
core   0: 0x000000008000ff70 (0x0ff77713) andi    a4, a4, 255
core   0: 3 0x000000008000ff70 (0x0ff77713) x14 0x0000000000000000
core   0: 0x000000008000ff74 (0x00e78023) sb      a4, 0(a5)
core   0: 3 0x000000008000ff74 (0x00e78023) mem 0x0000000080012087 0x00
core   0: 0x000000008000ff78 (0xfc843703) ld      a4, -56(s0)
core   0: 3 0x000000008000ff78 (0xfc843703) x14 0x0000000080012040 mem 0x0000000080031f38
core   0: 0x000000008000ff7c (0xfb843783) ld      a5, -72(s0)
core   0: 3 0x000000008000ff7c (0xfb843783) x15 0x000000000000009c mem 0x0000000080031f28
core   0: 0x000000008000ff80 (0x000097ba) c.add   a5, a4
core   0: 3 0x000000008000ff80 (0x97ba) x15 0x00000000800120dc
core   0: 0x000000008000ff82 (0xfe043703) ld      a4, -32(s0)
core   0: 3 0x000000008000ff82 (0xfe043703) x14 0x0000000080012088 mem 0x0000000080031f50
core   0: 0x000000008000ff86 (0xfcf76de3) bltu    a4, a5, pc - 38
core   0: 3 0x000000008000ff86 (0xfcf76de3)
core   0: 0x000000008000ff60 (0xfe043783) ld      a5, -32(s0)
core   0: 3 0x000000008000ff60 (0xfe043783) x15 0x0000000080012088 mem 0x0000000080031f50
core   0: 0x000000008000ff64 (0x00178713) addi    a4, a5, 1
core   0: 3 0x000000008000ff64 (0x00178713) x14 0x0000000080012089
core   0: 0x000000008000ff68 (0xfee43023) sd      a4, -32(s0)
core   0: 3 0x000000008000ff68 (0xfee43023) mem 0x0000000080031f50 0x0000000080012089
core   0: 0x000000008000ff6c (0xfc442703) lw      a4, -60(s0)
core   0: 3 0x000000008000ff6c (0xfc442703) x14 0x0000000000000000 mem 0x0000000080031f34
core   0: 0x000000008000ff70 (0x0ff77713) andi    a4, a4, 255
core   0: 3 0x000000008000ff70 (0x0ff77713) x14 0x0000000000000000
core   0: 0x000000008000ff74 (0x00e78023) sb      a4, 0(a5)
core   0: 3 0x000000008000ff74 (0x00e78023) mem 0x0000000080012088 0x00
core   0: 0x000000008000ff78 (0xfc843703) ld      a4, -56(s0)
core   0: 3 0x000000008000ff78 (0xfc843703) x14 0x0000000080012040 mem 0x0000000080031f38
core   0: 0x000000008000ff7c (0xfb843783) ld      a5, -72(s0)
core   0: 3 0x000000008000ff7c (0xfb843783) x15 0x000000000000009c mem 0x0000000080031f28
core   0: 0x000000008000ff80 (0x000097ba) c.add   a5, a4
core   0: 3 0x000000008000ff80 (0x97ba) x15 0x00000000800120dc
core   0: 0x000000008000ff82 (0xfe043703) ld      a4, -32(s0)
core   0: 3 0x000000008000ff82 (0xfe043703) x14 0x0000000080012089 mem 0x0000000080031f50
core   0: 0x000000008000ff86 (0xfcf76de3) bltu    a4, a5, pc - 38
core   0: 3 0x000000008000ff86 (0xfcf76de3)
core   0: 0x000000008000ff60 (0xfe043783) ld      a5, -32(s0)
core   0: 3 0x000000008000ff60 (0xfe043783) x15 0x0000000080012089 mem 0x0000000080031f50
core   0: 0x000000008000ff64 (0x00178713) addi    a4, a5, 1
core   0: 3 0x000000008000ff64 (0x00178713) x14 0x000000008001208a
core   0: 0x000000008000ff68 (0xfee43023) sd      a4, -32(s0)
core   0: 3 0x000000008000ff68 (0xfee43023) mem 0x0000000080031f50 0x000000008001208a
core   0: 0x000000008000ff6c (0xfc442703) lw      a4, -60(s0)
core   0: 3 0x000000008000ff6c (0xfc442703) x14 0x0000000000000000 mem 0x0000000080031f34
core   0: 0x000000008000ff70 (0x0ff77713) andi    a4, a4, 255
core   0: 3 0x000000008000ff70 (0x0ff77713) x14 0x0000000000000000
core   0: 0x000000008000ff74 (0x00e78023) sb      a4, 0(a5)
core   0: 3 0x000000008000ff74 (0x00e78023) mem 0x0000000080012089 0x00
core   0: 0x000000008000ff78 (0xfc843703) ld      a4, -56(s0)
core   0: 3 0x000000008000ff78 (0xfc843703) x14 0x0000000080012040 mem 0x0000000080031f38
core   0: 0x000000008000ff7c (0xfb843783) ld      a5, -72(s0)
core   0: 3 0x000000008000ff7c (0xfb843783) x15 0x000000000000009c mem 0x0000000080031f28
core   0: 0x000000008000ff80 (0x000097ba) c.add   a5, a4
core   0: 3 0x000000008000ff80 (0x97ba) x15 0x00000000800120dc
core   0: 0x000000008000ff82 (0xfe043703) ld      a4, -32(s0)
core   0: 3 0x000000008000ff82 (0xfe043703) x14 0x000000008001208a mem 0x0000000080031f50
core   0: 0x000000008000ff86 (0xfcf76de3) bltu    a4, a5, pc - 38
core   0: 3 0x000000008000ff86 (0xfcf76de3)
core   0: 0x000000008000ff60 (0xfe043783) ld      a5, -32(s0)
core   0: 3 0x000000008000ff60 (0xfe043783) x15 0x000000008001208a mem 0x0000000080031f50
core   0: 0x000000008000ff64 (0x00178713) addi    a4, a5, 1
core   0: 3 0x000000008000ff64 (0x00178713) x14 0x000000008001208b
core   0: 0x000000008000ff68 (0xfee43023) sd      a4, -32(s0)
core   0: 3 0x000000008000ff68 (0xfee43023) mem 0x0000000080031f50 0x000000008001208b
core   0: 0x000000008000ff6c (0xfc442703) lw      a4, -60(s0)
core   0: 3 0x000000008000ff6c (0xfc442703) x14 0x0000000000000000 mem 0x0000000080031f34
core   0: 0x000000008000ff70 (0x0ff77713) andi    a4, a4, 255
core   0: 3 0x000000008000ff70 (0x0ff77713) x14 0x0000000000000000
core   0: 0x000000008000ff74 (0x00e78023) sb      a4, 0(a5)
core   0: 3 0x000000008000ff74 (0x00e78023) mem 0x000000008001208a 0x00
core   0: 0x000000008000ff78 (0xfc843703) ld      a4, -56(s0)
core   0: 3 0x000000008000ff78 (0xfc843703) x14 0x0000000080012040 mem 0x0000000080031f38
core   0: 0x000000008000ff7c (0xfb843783) ld      a5, -72(s0)
core   0: 3 0x000000008000ff7c (0xfb843783) x15 0x000000000000009c mem 0x0000000080031f28
core   0: 0x000000008000ff80 (0x000097ba) c.add   a5, a4
core   0: 3 0x000000008000ff80 (0x97ba) x15 0x00000000800120dc
core   0: 0x000000008000ff82 (0xfe043703) ld      a4, -32(s0)
core   0: 3 0x000000008000ff82 (0xfe043703) x14 0x000000008001208b mem 0x0000000080031f50
core   0: 0x000000008000ff86 (0xfcf76de3) bltu    a4, a5, pc - 38
core   0: 3 0x000000008000ff86 (0xfcf76de3)
core   0: 0x000000008000ff60 (0xfe043783) ld      a5, -32(s0)
core   0: 3 0x000000008000ff60 (0xfe043783) x15 0x000000008001208b mem 0x0000000080031f50
core   0: 0x000000008000ff64 (0x00178713) addi    a4, a5, 1
core   0: 3 0x000000008000ff64 (0x00178713) x14 0x000000008001208c
core   0: 0x000000008000ff68 (0xfee43023) sd      a4, -32(s0)
core   0: 3 0x000000008000ff68 (0xfee43023) mem 0x0000000080031f50 0x000000008001208c
core   0: 0x000000008000ff6c (0xfc442703) lw      a4, -60(s0)
core   0: 3 0x000000008000ff6c (0xfc442703) x14 0x0000000000000000 mem 0x0000000080031f34
core   0: 0x000000008000ff70 (0x0ff77713) andi    a4, a4, 255
core   0: 3 0x000000008000ff70 (0x0ff77713) x14 0x0000000000000000
core   0: 0x000000008000ff74 (0x00e78023) sb      a4, 0(a5)
core   0: 3 0x000000008000ff74 (0x00e78023) mem 0x000000008001208b 0x00
core   0: 0x000000008000ff78 (0xfc843703) ld      a4, -56(s0)
core   0: 3 0x000000008000ff78 (0xfc843703) x14 0x0000000080012040 mem 0x0000000080031f38
core   0: 0x000000008000ff7c (0xfb843783) ld      a5, -72(s0)
core   0: 3 0x000000008000ff7c (0xfb843783) x15 0x000000000000009c mem 0x0000000080031f28
core   0: 0x000000008000ff80 (0x000097ba) c.add   a5, a4
core   0: 3 0x000000008000ff80 (0x97ba) x15 0x00000000800120dc
core   0: 0x000000008000ff82 (0xfe043703) ld      a4, -32(s0)
core   0: 3 0x000000008000ff82 (0xfe043703) x14 0x000000008001208c mem 0x0000000080031f50
core   0: 0x000000008000ff86 (0xfcf76de3) bltu    a4, a5, pc - 38
core   0: 3 0x000000008000ff86 (0xfcf76de3)
core   0: 0x000000008000ff60 (0xfe043783) ld      a5, -32(s0)
core   0: 3 0x000000008000ff60 (0xfe043783) x15 0x000000008001208c mem 0x0000000080031f50
core   0: 0x000000008000ff64 (0x00178713) addi    a4, a5, 1
core   0: 3 0x000000008000ff64 (0x00178713) x14 0x000000008001208d
core   0: 0x000000008000ff68 (0xfee43023) sd      a4, -32(s0)
core   0: 3 0x000000008000ff68 (0xfee43023) mem 0x0000000080031f50 0x000000008001208d
core   0: 0x000000008000ff6c (0xfc442703) lw      a4, -60(s0)
core   0: 3 0x000000008000ff6c (0xfc442703) x14 0x0000000000000000 mem 0x0000000080031f34
core   0: 0x000000008000ff70 (0x0ff77713) andi    a4, a4, 255
core   0: 3 0x000000008000ff70 (0x0ff77713) x14 0x0000000000000000
core   0: 0x000000008000ff74 (0x00e78023) sb      a4, 0(a5)
core   0: 3 0x000000008000ff74 (0x00e78023) mem 0x000000008001208c 0x00
core   0: 0x000000008000ff78 (0xfc843703) ld      a4, -56(s0)
core   0: 3 0x000000008000ff78 (0xfc843703) x14 0x0000000080012040 mem 0x0000000080031f38
core   0: 0x000000008000ff7c (0xfb843783) ld      a5, -72(s0)
core   0: 3 0x000000008000ff7c (0xfb843783) x15 0x000000000000009c mem 0x0000000080031f28
core   0: 0x000000008000ff80 (0x000097ba) c.add   a5, a4
core   0: 3 0x000000008000ff80 (0x97ba) x15 0x00000000800120dc
core   0: 0x000000008000ff82 (0xfe043703) ld      a4, -32(s0)
core   0: 3 0x000000008000ff82 (0xfe043703) x14 0x000000008001208d mem 0x0000000080031f50
core   0: 0x000000008000ff86 (0xfcf76de3) bltu    a4, a5, pc - 38
core   0: 3 0x000000008000ff86 (0xfcf76de3)
core   0: 0x000000008000ff60 (0xfe043783) ld      a5, -32(s0)
core   0: 3 0x000000008000ff60 (0xfe043783) x15 0x000000008001208d mem 0x0000000080031f50
core   0: 0x000000008000ff64 (0x00178713) addi    a4, a5, 1
core   0: 3 0x000000008000ff64 (0x00178713) x14 0x000000008001208e
core   0: 0x000000008000ff68 (0xfee43023) sd      a4, -32(s0)
core   0: 3 0x000000008000ff68 (0xfee43023) mem 0x0000000080031f50 0x000000008001208e
core   0: 0x000000008000ff6c (0xfc442703) lw      a4, -60(s0)
core   0: 3 0x000000008000ff6c (0xfc442703) x14 0x0000000000000000 mem 0x0000000080031f34
core   0: 0x000000008000ff70 (0x0ff77713) andi    a4, a4, 255
core   0: 3 0x000000008000ff70 (0x0ff77713) x14 0x0000000000000000
core   0: 0x000000008000ff74 (0x00e78023) sb      a4, 0(a5)
core   0: 3 0x000000008000ff74 (0x00e78023) mem 0x000000008001208d 0x00
core   0: 0x000000008000ff78 (0xfc843703) ld      a4, -56(s0)
core   0: 3 0x000000008000ff78 (0xfc843703) x14 0x0000000080012040 mem 0x0000000080031f38
core   0: 0x000000008000ff7c (0xfb843783) ld      a5, -72(s0)
core   0: 3 0x000000008000ff7c (0xfb843783) x15 0x000000000000009c mem 0x0000000080031f28
core   0: 0x000000008000ff80 (0x000097ba) c.add   a5, a4
core   0: 3 0x000000008000ff80 (0x97ba) x15 0x00000000800120dc
core   0: 0x000000008000ff82 (0xfe043703) ld      a4, -32(s0)
core   0: 3 0x000000008000ff82 (0xfe043703) x14 0x000000008001208e mem 0x0000000080031f50
core   0: 0x000000008000ff86 (0xfcf76de3) bltu    a4, a5, pc - 38
core   0: 3 0x000000008000ff86 (0xfcf76de3)
core   0: 0x000000008000ff60 (0xfe043783) ld      a5, -32(s0)
core   0: 3 0x000000008000ff60 (0xfe043783) x15 0x000000008001208e mem 0x0000000080031f50
core   0: 0x000000008000ff64 (0x00178713) addi    a4, a5, 1
core   0: 3 0x000000008000ff64 (0x00178713) x14 0x000000008001208f
core   0: 0x000000008000ff68 (0xfee43023) sd      a4, -32(s0)
core   0: 3 0x000000008000ff68 (0xfee43023) mem 0x0000000080031f50 0x000000008001208f
core   0: 0x000000008000ff6c (0xfc442703) lw      a4, -60(s0)
core   0: 3 0x000000008000ff6c (0xfc442703) x14 0x0000000000000000 mem 0x0000000080031f34
core   0: 0x000000008000ff70 (0x0ff77713) andi    a4, a4, 255
core   0: 3 0x000000008000ff70 (0x0ff77713) x14 0x0000000000000000
core   0: 0x000000008000ff74 (0x00e78023) sb      a4, 0(a5)
core   0: 3 0x000000008000ff74 (0x00e78023) mem 0x000000008001208e 0x00
core   0: 0x000000008000ff78 (0xfc843703) ld      a4, -56(s0)
core   0: 3 0x000000008000ff78 (0xfc843703) x14 0x0000000080012040 mem 0x0000000080031f38
core   0: 0x000000008000ff7c (0xfb843783) ld      a5, -72(s0)
core   0: 3 0x000000008000ff7c (0xfb843783) x15 0x000000000000009c mem 0x0000000080031f28
core   0: 0x000000008000ff80 (0x000097ba) c.add   a5, a4
core   0: 3 0x000000008000ff80 (0x97ba) x15 0x00000000800120dc
core   0: 0x000000008000ff82 (0xfe043703) ld      a4, -32(s0)
core   0: 3 0x000000008000ff82 (0xfe043703) x14 0x000000008001208f mem 0x0000000080031f50
core   0: 0x000000008000ff86 (0xfcf76de3) bltu    a4, a5, pc - 38
core   0: 3 0x000000008000ff86 (0xfcf76de3)
core   0: 0x000000008000ff60 (0xfe043783) ld      a5, -32(s0)
core   0: 3 0x000000008000ff60 (0xfe043783) x15 0x000000008001208f mem 0x0000000080031f50
core   0: 0x000000008000ff64 (0x00178713) addi    a4, a5, 1
core   0: 3 0x000000008000ff64 (0x00178713) x14 0x0000000080012090
core   0: 0x000000008000ff68 (0xfee43023) sd      a4, -32(s0)
core   0: 3 0x000000008000ff68 (0xfee43023) mem 0x0000000080031f50 0x0000000080012090
core   0: 0x000000008000ff6c (0xfc442703) lw      a4, -60(s0)
core   0: 3 0x000000008000ff6c (0xfc442703) x14 0x0000000000000000 mem 0x0000000080031f34
core   0: 0x000000008000ff70 (0x0ff77713) andi    a4, a4, 255
core   0: 3 0x000000008000ff70 (0x0ff77713) x14 0x0000000000000000
core   0: 0x000000008000ff74 (0x00e78023) sb      a4, 0(a5)
core   0: 3 0x000000008000ff74 (0x00e78023) mem 0x000000008001208f 0x00
core   0: 0x000000008000ff78 (0xfc843703) ld      a4, -56(s0)
core   0: 3 0x000000008000ff78 (0xfc843703) x14 0x0000000080012040 mem 0x0000000080031f38
core   0: 0x000000008000ff7c (0xfb843783) ld      a5, -72(s0)
core   0: 3 0x000000008000ff7c (0xfb843783) x15 0x000000000000009c mem 0x0000000080031f28
core   0: 0x000000008000ff80 (0x000097ba) c.add   a5, a4
core   0: 3 0x000000008000ff80 (0x97ba) x15 0x00000000800120dc
core   0: 0x000000008000ff82 (0xfe043703) ld      a4, -32(s0)
core   0: 3 0x000000008000ff82 (0xfe043703) x14 0x0000000080012090 mem 0x0000000080031f50
core   0: 0x000000008000ff86 (0xfcf76de3) bltu    a4, a5, pc - 38
core   0: 3 0x000000008000ff86 (0xfcf76de3)
core   0: 0x000000008000ff60 (0xfe043783) ld      a5, -32(s0)
core   0: 3 0x000000008000ff60 (0xfe043783) x15 0x0000000080012090 mem 0x0000000080031f50
core   0: 0x000000008000ff64 (0x00178713) addi    a4, a5, 1
core   0: 3 0x000000008000ff64 (0x00178713) x14 0x0000000080012091
core   0: 0x000000008000ff68 (0xfee43023) sd      a4, -32(s0)
core   0: 3 0x000000008000ff68 (0xfee43023) mem 0x0000000080031f50 0x0000000080012091
core   0: 0x000000008000ff6c (0xfc442703) lw      a4, -60(s0)
core   0: 3 0x000000008000ff6c (0xfc442703) x14 0x0000000000000000 mem 0x0000000080031f34
core   0: 0x000000008000ff70 (0x0ff77713) andi    a4, a4, 255
core   0: 3 0x000000008000ff70 (0x0ff77713) x14 0x0000000000000000
core   0: 0x000000008000ff74 (0x00e78023) sb      a4, 0(a5)
core   0: 3 0x000000008000ff74 (0x00e78023) mem 0x0000000080012090 0x00
core   0: 0x000000008000ff78 (0xfc843703) ld      a4, -56(s0)
core   0: 3 0x000000008000ff78 (0xfc843703) x14 0x0000000080012040 mem 0x0000000080031f38
core   0: 0x000000008000ff7c (0xfb843783) ld      a5, -72(s0)
core   0: 3 0x000000008000ff7c (0xfb843783) x15 0x000000000000009c mem 0x0000000080031f28
core   0: 0x000000008000ff80 (0x000097ba) c.add   a5, a4
core   0: 3 0x000000008000ff80 (0x97ba) x15 0x00000000800120dc
core   0: 0x000000008000ff82 (0xfe043703) ld      a4, -32(s0)
core   0: 3 0x000000008000ff82 (0xfe043703) x14 0x0000000080012091 mem 0x0000000080031f50
core   0: 0x000000008000ff86 (0xfcf76de3) bltu    a4, a5, pc - 38
core   0: 3 0x000000008000ff86 (0xfcf76de3)
core   0: 0x000000008000ff60 (0xfe043783) ld      a5, -32(s0)
core   0: 3 0x000000008000ff60 (0xfe043783) x15 0x0000000080012091 mem 0x0000000080031f50
core   0: 0x000000008000ff64 (0x00178713) addi    a4, a5, 1
core   0: 3 0x000000008000ff64 (0x00178713) x14 0x0000000080012092
core   0: 0x000000008000ff68 (0xfee43023) sd      a4, -32(s0)
core   0: 3 0x000000008000ff68 (0xfee43023) mem 0x0000000080031f50 0x0000000080012092
core   0: 0x000000008000ff6c (0xfc442703) lw      a4, -60(s0)
core   0: 3 0x000000008000ff6c (0xfc442703) x14 0x0000000000000000 mem 0x0000000080031f34
core   0: 0x000000008000ff70 (0x0ff77713) andi    a4, a4, 255
core   0: 3 0x000000008000ff70 (0x0ff77713) x14 0x0000000000000000
core   0: 0x000000008000ff74 (0x00e78023) sb      a4, 0(a5)
core   0: 3 0x000000008000ff74 (0x00e78023) mem 0x0000000080012091 0x00
core   0: 0x000000008000ff78 (0xfc843703) ld      a4, -56(s0)
core   0: 3 0x000000008000ff78 (0xfc843703) x14 0x0000000080012040 mem 0x0000000080031f38
core   0: 0x000000008000ff7c (0xfb843783) ld      a5, -72(s0)
core   0: 3 0x000000008000ff7c (0xfb843783) x15 0x000000000000009c mem 0x0000000080031f28
core   0: 0x000000008000ff80 (0x000097ba) c.add   a5, a4
core   0: 3 0x000000008000ff80 (0x97ba) x15 0x00000000800120dc
core   0: 0x000000008000ff82 (0xfe043703) ld      a4, -32(s0)
core   0: 3 0x000000008000ff82 (0xfe043703) x14 0x0000000080012092 mem 0x0000000080031f50
core   0: 0x000000008000ff86 (0xfcf76de3) bltu    a4, a5, pc - 38
core   0: 3 0x000000008000ff86 (0xfcf76de3)
core   0: 0x000000008000ff60 (0xfe043783) ld      a5, -32(s0)
core   0: 3 0x000000008000ff60 (0xfe043783) x15 0x0000000080012092 mem 0x0000000080031f50
core   0: 0x000000008000ff64 (0x00178713) addi    a4, a5, 1
core   0: 3 0x000000008000ff64 (0x00178713) x14 0x0000000080012093
core   0: 0x000000008000ff68 (0xfee43023) sd      a4, -32(s0)
core   0: 3 0x000000008000ff68 (0xfee43023) mem 0x0000000080031f50 0x0000000080012093
core   0: 0x000000008000ff6c (0xfc442703) lw      a4, -60(s0)
core   0: 3 0x000000008000ff6c (0xfc442703) x14 0x0000000000000000 mem 0x0000000080031f34
core   0: 0x000000008000ff70 (0x0ff77713) andi    a4, a4, 255
core   0: 3 0x000000008000ff70 (0x0ff77713) x14 0x0000000000000000
core   0: 0x000000008000ff74 (0x00e78023) sb      a4, 0(a5)
core   0: 3 0x000000008000ff74 (0x00e78023) mem 0x0000000080012092 0x00
core   0: 0x000000008000ff78 (0xfc843703) ld      a4, -56(s0)
core   0: 3 0x000000008000ff78 (0xfc843703) x14 0x0000000080012040 mem 0x0000000080031f38
core   0: 0x000000008000ff7c (0xfb843783) ld      a5, -72(s0)
core   0: 3 0x000000008000ff7c (0xfb843783) x15 0x000000000000009c mem 0x0000000080031f28
core   0: 0x000000008000ff80 (0x000097ba) c.add   a5, a4
core   0: 3 0x000000008000ff80 (0x97ba) x15 0x00000000800120dc
core   0: 0x000000008000ff82 (0xfe043703) ld      a4, -32(s0)
core   0: 3 0x000000008000ff82 (0xfe043703) x14 0x0000000080012093 mem 0x0000000080031f50
core   0: 0x000000008000ff86 (0xfcf76de3) bltu    a4, a5, pc - 38
core   0: 3 0x000000008000ff86 (0xfcf76de3)
core   0: 0x000000008000ff60 (0xfe043783) ld      a5, -32(s0)
core   0: 3 0x000000008000ff60 (0xfe043783) x15 0x0000000080012093 mem 0x0000000080031f50
core   0: 0x000000008000ff64 (0x00178713) addi    a4, a5, 1
core   0: 3 0x000000008000ff64 (0x00178713) x14 0x0000000080012094
core   0: 0x000000008000ff68 (0xfee43023) sd      a4, -32(s0)
core   0: 3 0x000000008000ff68 (0xfee43023) mem 0x0000000080031f50 0x0000000080012094
core   0: 0x000000008000ff6c (0xfc442703) lw      a4, -60(s0)
core   0: 3 0x000000008000ff6c (0xfc442703) x14 0x0000000000000000 mem 0x0000000080031f34
core   0: 0x000000008000ff70 (0x0ff77713) andi    a4, a4, 255
core   0: 3 0x000000008000ff70 (0x0ff77713) x14 0x0000000000000000
core   0: 0x000000008000ff74 (0x00e78023) sb      a4, 0(a5)
core   0: 3 0x000000008000ff74 (0x00e78023) mem 0x0000000080012093 0x00
core   0: 0x000000008000ff78 (0xfc843703) ld      a4, -56(s0)
core   0: 3 0x000000008000ff78 (0xfc843703) x14 0x0000000080012040 mem 0x0000000080031f38
core   0: 0x000000008000ff7c (0xfb843783) ld      a5, -72(s0)
core   0: 3 0x000000008000ff7c (0xfb843783) x15 0x000000000000009c mem 0x0000000080031f28
core   0: 0x000000008000ff80 (0x000097ba) c.add   a5, a4
core   0: 3 0x000000008000ff80 (0x97ba) x15 0x00000000800120dc
core   0: 0x000000008000ff82 (0xfe043703) ld      a4, -32(s0)
core   0: 3 0x000000008000ff82 (0xfe043703) x14 0x0000000080012094 mem 0x0000000080031f50
core   0: 0x000000008000ff86 (0xfcf76de3) bltu    a4, a5, pc - 38
core   0: 3 0x000000008000ff86 (0xfcf76de3)
core   0: 0x000000008000ff60 (0xfe043783) ld      a5, -32(s0)
core   0: 3 0x000000008000ff60 (0xfe043783) x15 0x0000000080012094 mem 0x0000000080031f50
core   0: 0x000000008000ff64 (0x00178713) addi    a4, a5, 1
core   0: 3 0x000000008000ff64 (0x00178713) x14 0x0000000080012095
core   0: 0x000000008000ff68 (0xfee43023) sd      a4, -32(s0)
core   0: 3 0x000000008000ff68 (0xfee43023) mem 0x0000000080031f50 0x0000000080012095
core   0: 0x000000008000ff6c (0xfc442703) lw      a4, -60(s0)
core   0: 3 0x000000008000ff6c (0xfc442703) x14 0x0000000000000000 mem 0x0000000080031f34
core   0: 0x000000008000ff70 (0x0ff77713) andi    a4, a4, 255
core   0: 3 0x000000008000ff70 (0x0ff77713) x14 0x0000000000000000
core   0: 0x000000008000ff74 (0x00e78023) sb      a4, 0(a5)
core   0: 3 0x000000008000ff74 (0x00e78023) mem 0x0000000080012094 0x00
core   0: 0x000000008000ff78 (0xfc843703) ld      a4, -56(s0)
core   0: 3 0x000000008000ff78 (0xfc843703) x14 0x0000000080012040 mem 0x0000000080031f38
core   0: 0x000000008000ff7c (0xfb843783) ld      a5, -72(s0)
core   0: 3 0x000000008000ff7c (0xfb843783) x15 0x000000000000009c mem 0x0000000080031f28
core   0: 0x000000008000ff80 (0x000097ba) c.add   a5, a4
core   0: 3 0x000000008000ff80 (0x97ba) x15 0x00000000800120dc
core   0: 0x000000008000ff82 (0xfe043703) ld      a4, -32(s0)
core   0: 3 0x000000008000ff82 (0xfe043703) x14 0x0000000080012095 mem 0x0000000080031f50
core   0: 0x000000008000ff86 (0xfcf76de3) bltu    a4, a5, pc - 38
core   0: 3 0x000000008000ff86 (0xfcf76de3)
core   0: 0x000000008000ff60 (0xfe043783) ld      a5, -32(s0)
core   0: 3 0x000000008000ff60 (0xfe043783) x15 0x0000000080012095 mem 0x0000000080031f50
core   0: 0x000000008000ff64 (0x00178713) addi    a4, a5, 1
core   0: 3 0x000000008000ff64 (0x00178713) x14 0x0000000080012096
core   0: 0x000000008000ff68 (0xfee43023) sd      a4, -32(s0)
core   0: 3 0x000000008000ff68 (0xfee43023) mem 0x0000000080031f50 0x0000000080012096
core   0: 0x000000008000ff6c (0xfc442703) lw      a4, -60(s0)
core   0: 3 0x000000008000ff6c (0xfc442703) x14 0x0000000000000000 mem 0x0000000080031f34
core   0: 0x000000008000ff70 (0x0ff77713) andi    a4, a4, 255
core   0: 3 0x000000008000ff70 (0x0ff77713) x14 0x0000000000000000
core   0: 0x000000008000ff74 (0x00e78023) sb      a4, 0(a5)
core   0: 3 0x000000008000ff74 (0x00e78023) mem 0x0000000080012095 0x00
core   0: 0x000000008000ff78 (0xfc843703) ld      a4, -56(s0)
core   0: 3 0x000000008000ff78 (0xfc843703) x14 0x0000000080012040 mem 0x0000000080031f38
core   0: 0x000000008000ff7c (0xfb843783) ld      a5, -72(s0)
core   0: 3 0x000000008000ff7c (0xfb843783) x15 0x000000000000009c mem 0x0000000080031f28
core   0: 0x000000008000ff80 (0x000097ba) c.add   a5, a4
core   0: 3 0x000000008000ff80 (0x97ba) x15 0x00000000800120dc
core   0: 0x000000008000ff82 (0xfe043703) ld      a4, -32(s0)
core   0: 3 0x000000008000ff82 (0xfe043703) x14 0x0000000080012096 mem 0x0000000080031f50
core   0: 0x000000008000ff86 (0xfcf76de3) bltu    a4, a5, pc - 38
core   0: 3 0x000000008000ff86 (0xfcf76de3)
core   0: 0x000000008000ff60 (0xfe043783) ld      a5, -32(s0)
core   0: 3 0x000000008000ff60 (0xfe043783) x15 0x0000000080012096 mem 0x0000000080031f50
core   0: 0x000000008000ff64 (0x00178713) addi    a4, a5, 1
core   0: 3 0x000000008000ff64 (0x00178713) x14 0x0000000080012097
core   0: 0x000000008000ff68 (0xfee43023) sd      a4, -32(s0)
core   0: 3 0x000000008000ff68 (0xfee43023) mem 0x0000000080031f50 0x0000000080012097
core   0: 0x000000008000ff6c (0xfc442703) lw      a4, -60(s0)
core   0: 3 0x000000008000ff6c (0xfc442703) x14 0x0000000000000000 mem 0x0000000080031f34
core   0: 0x000000008000ff70 (0x0ff77713) andi    a4, a4, 255
core   0: 3 0x000000008000ff70 (0x0ff77713) x14 0x0000000000000000
core   0: 0x000000008000ff74 (0x00e78023) sb      a4, 0(a5)
core   0: 3 0x000000008000ff74 (0x00e78023) mem 0x0000000080012096 0x00
core   0: 0x000000008000ff78 (0xfc843703) ld      a4, -56(s0)
core   0: 3 0x000000008000ff78 (0xfc843703) x14 0x0000000080012040 mem 0x0000000080031f38
core   0: 0x000000008000ff7c (0xfb843783) ld      a5, -72(s0)
core   0: 3 0x000000008000ff7c (0xfb843783) x15 0x000000000000009c mem 0x0000000080031f28
core   0: 0x000000008000ff80 (0x000097ba) c.add   a5, a4
core   0: 3 0x000000008000ff80 (0x97ba) x15 0x00000000800120dc
core   0: 0x000000008000ff82 (0xfe043703) ld      a4, -32(s0)
core   0: 3 0x000000008000ff82 (0xfe043703) x14 0x0000000080012097 mem 0x0000000080031f50
core   0: 0x000000008000ff86 (0xfcf76de3) bltu    a4, a5, pc - 38
core   0: 3 0x000000008000ff86 (0xfcf76de3)
core   0: 0x000000008000ff60 (0xfe043783) ld      a5, -32(s0)
core   0: 3 0x000000008000ff60 (0xfe043783) x15 0x0000000080012097 mem 0x0000000080031f50
core   0: 0x000000008000ff64 (0x00178713) addi    a4, a5, 1
core   0: 3 0x000000008000ff64 (0x00178713) x14 0x0000000080012098
core   0: 0x000000008000ff68 (0xfee43023) sd      a4, -32(s0)
core   0: 3 0x000000008000ff68 (0xfee43023) mem 0x0000000080031f50 0x0000000080012098
core   0: 0x000000008000ff6c (0xfc442703) lw      a4, -60(s0)
core   0: 3 0x000000008000ff6c (0xfc442703) x14 0x0000000000000000 mem 0x0000000080031f34
core   0: 0x000000008000ff70 (0x0ff77713) andi    a4, a4, 255
core   0: 3 0x000000008000ff70 (0x0ff77713) x14 0x0000000000000000
core   0: 0x000000008000ff74 (0x00e78023) sb      a4, 0(a5)
core   0: 3 0x000000008000ff74 (0x00e78023) mem 0x0000000080012097 0x00
core   0: 0x000000008000ff78 (0xfc843703) ld      a4, -56(s0)
core   0: 3 0x000000008000ff78 (0xfc843703) x14 0x0000000080012040 mem 0x0000000080031f38
core   0: 0x000000008000ff7c (0xfb843783) ld      a5, -72(s0)
core   0: 3 0x000000008000ff7c (0xfb843783) x15 0x000000000000009c mem 0x0000000080031f28
core   0: 0x000000008000ff80 (0x000097ba) c.add   a5, a4
core   0: 3 0x000000008000ff80 (0x97ba) x15 0x00000000800120dc
core   0: 0x000000008000ff82 (0xfe043703) ld      a4, -32(s0)
core   0: 3 0x000000008000ff82 (0xfe043703) x14 0x0000000080012098 mem 0x0000000080031f50
core   0: 0x000000008000ff86 (0xfcf76de3) bltu    a4, a5, pc - 38
core   0: 3 0x000000008000ff86 (0xfcf76de3)
core   0: 0x000000008000ff60 (0xfe043783) ld      a5, -32(s0)
core   0: 3 0x000000008000ff60 (0xfe043783) x15 0x0000000080012098 mem 0x0000000080031f50
core   0: 0x000000008000ff64 (0x00178713) addi    a4, a5, 1
core   0: 3 0x000000008000ff64 (0x00178713) x14 0x0000000080012099
core   0: 0x000000008000ff68 (0xfee43023) sd      a4, -32(s0)
core   0: 3 0x000000008000ff68 (0xfee43023) mem 0x0000000080031f50 0x0000000080012099
core   0: 0x000000008000ff6c (0xfc442703) lw      a4, -60(s0)
core   0: 3 0x000000008000ff6c (0xfc442703) x14 0x0000000000000000 mem 0x0000000080031f34
core   0: 0x000000008000ff70 (0x0ff77713) andi    a4, a4, 255
core   0: 3 0x000000008000ff70 (0x0ff77713) x14 0x0000000000000000
core   0: 0x000000008000ff74 (0x00e78023) sb      a4, 0(a5)
core   0: 3 0x000000008000ff74 (0x00e78023) mem 0x0000000080012098 0x00
core   0: 0x000000008000ff78 (0xfc843703) ld      a4, -56(s0)
core   0: 3 0x000000008000ff78 (0xfc843703) x14 0x0000000080012040 mem 0x0000000080031f38
core   0: 0x000000008000ff7c (0xfb843783) ld      a5, -72(s0)
core   0: 3 0x000000008000ff7c (0xfb843783) x15 0x000000000000009c mem 0x0000000080031f28
core   0: 0x000000008000ff80 (0x000097ba) c.add   a5, a4
core   0: 3 0x000000008000ff80 (0x97ba) x15 0x00000000800120dc
core   0: 0x000000008000ff82 (0xfe043703) ld      a4, -32(s0)
core   0: 3 0x000000008000ff82 (0xfe043703) x14 0x0000000080012099 mem 0x0000000080031f50
core   0: 0x000000008000ff86 (0xfcf76de3) bltu    a4, a5, pc - 38
core   0: 3 0x000000008000ff86 (0xfcf76de3)
core   0: 0x000000008000ff60 (0xfe043783) ld      a5, -32(s0)
core   0: 3 0x000000008000ff60 (0xfe043783) x15 0x0000000080012099 mem 0x0000000080031f50
core   0: 0x000000008000ff64 (0x00178713) addi    a4, a5, 1
core   0: 3 0x000000008000ff64 (0x00178713) x14 0x000000008001209a
core   0: 0x000000008000ff68 (0xfee43023) sd      a4, -32(s0)
core   0: 3 0x000000008000ff68 (0xfee43023) mem 0x0000000080031f50 0x000000008001209a
core   0: 0x000000008000ff6c (0xfc442703) lw      a4, -60(s0)
core   0: 3 0x000000008000ff6c (0xfc442703) x14 0x0000000000000000 mem 0x0000000080031f34
core   0: 0x000000008000ff70 (0x0ff77713) andi    a4, a4, 255
core   0: 3 0x000000008000ff70 (0x0ff77713) x14 0x0000000000000000
core   0: 0x000000008000ff74 (0x00e78023) sb      a4, 0(a5)
core   0: 3 0x000000008000ff74 (0x00e78023) mem 0x0000000080012099 0x00
core   0: 0x000000008000ff78 (0xfc843703) ld      a4, -56(s0)
core   0: 3 0x000000008000ff78 (0xfc843703) x14 0x0000000080012040 mem 0x0000000080031f38
core   0: 0x000000008000ff7c (0xfb843783) ld      a5, -72(s0)
core   0: 3 0x000000008000ff7c (0xfb843783) x15 0x000000000000009c mem 0x0000000080031f28
core   0: 0x000000008000ff80 (0x000097ba) c.add   a5, a4
core   0: 3 0x000000008000ff80 (0x97ba) x15 0x00000000800120dc
core   0: 0x000000008000ff82 (0xfe043703) ld      a4, -32(s0)
core   0: 3 0x000000008000ff82 (0xfe043703) x14 0x000000008001209a mem 0x0000000080031f50
core   0: 0x000000008000ff86 (0xfcf76de3) bltu    a4, a5, pc - 38
core   0: 3 0x000000008000ff86 (0xfcf76de3)
core   0: 0x000000008000ff60 (0xfe043783) ld      a5, -32(s0)
core   0: 3 0x000000008000ff60 (0xfe043783) x15 0x000000008001209a mem 0x0000000080031f50
core   0: 0x000000008000ff64 (0x00178713) addi    a4, a5, 1
core   0: 3 0x000000008000ff64 (0x00178713) x14 0x000000008001209b
core   0: 0x000000008000ff68 (0xfee43023) sd      a4, -32(s0)
core   0: 3 0x000000008000ff68 (0xfee43023) mem 0x0000000080031f50 0x000000008001209b
core   0: 0x000000008000ff6c (0xfc442703) lw      a4, -60(s0)
core   0: 3 0x000000008000ff6c (0xfc442703) x14 0x0000000000000000 mem 0x0000000080031f34
core   0: 0x000000008000ff70 (0x0ff77713) andi    a4, a4, 255
core   0: 3 0x000000008000ff70 (0x0ff77713) x14 0x0000000000000000
core   0: 0x000000008000ff74 (0x00e78023) sb      a4, 0(a5)
core   0: 3 0x000000008000ff74 (0x00e78023) mem 0x000000008001209a 0x00
core   0: 0x000000008000ff78 (0xfc843703) ld      a4, -56(s0)
core   0: 3 0x000000008000ff78 (0xfc843703) x14 0x0000000080012040 mem 0x0000000080031f38
core   0: 0x000000008000ff7c (0xfb843783) ld      a5, -72(s0)
core   0: 3 0x000000008000ff7c (0xfb843783) x15 0x000000000000009c mem 0x0000000080031f28
core   0: 0x000000008000ff80 (0x000097ba) c.add   a5, a4
core   0: 3 0x000000008000ff80 (0x97ba) x15 0x00000000800120dc
core   0: 0x000000008000ff82 (0xfe043703) ld      a4, -32(s0)
core   0: 3 0x000000008000ff82 (0xfe043703) x14 0x000000008001209b mem 0x0000000080031f50
core   0: 0x000000008000ff86 (0xfcf76de3) bltu    a4, a5, pc - 38
core   0: 3 0x000000008000ff86 (0xfcf76de3)
core   0: 0x000000008000ff60 (0xfe043783) ld      a5, -32(s0)
core   0: 3 0x000000008000ff60 (0xfe043783) x15 0x000000008001209b mem 0x0000000080031f50
core   0: 0x000000008000ff64 (0x00178713) addi    a4, a5, 1
core   0: 3 0x000000008000ff64 (0x00178713) x14 0x000000008001209c
core   0: 0x000000008000ff68 (0xfee43023) sd      a4, -32(s0)
core   0: 3 0x000000008000ff68 (0xfee43023) mem 0x0000000080031f50 0x000000008001209c
core   0: 0x000000008000ff6c (0xfc442703) lw      a4, -60(s0)
core   0: 3 0x000000008000ff6c (0xfc442703) x14 0x0000000000000000 mem 0x0000000080031f34
core   0: 0x000000008000ff70 (0x0ff77713) andi    a4, a4, 255
core   0: 3 0x000000008000ff70 (0x0ff77713) x14 0x0000000000000000
core   0: 0x000000008000ff74 (0x00e78023) sb      a4, 0(a5)
core   0: 3 0x000000008000ff74 (0x00e78023) mem 0x000000008001209b 0x00
core   0: 0x000000008000ff78 (0xfc843703) ld      a4, -56(s0)
core   0: 3 0x000000008000ff78 (0xfc843703) x14 0x0000000080012040 mem 0x0000000080031f38
core   0: 0x000000008000ff7c (0xfb843783) ld      a5, -72(s0)
core   0: 3 0x000000008000ff7c (0xfb843783) x15 0x000000000000009c mem 0x0000000080031f28
core   0: 0x000000008000ff80 (0x000097ba) c.add   a5, a4
core   0: 3 0x000000008000ff80 (0x97ba) x15 0x00000000800120dc
core   0: 0x000000008000ff82 (0xfe043703) ld      a4, -32(s0)
core   0: 3 0x000000008000ff82 (0xfe043703) x14 0x000000008001209c mem 0x0000000080031f50
core   0: 0x000000008000ff86 (0xfcf76de3) bltu    a4, a5, pc - 38
core   0: 3 0x000000008000ff86 (0xfcf76de3)
core   0: 0x000000008000ff60 (0xfe043783) ld      a5, -32(s0)
core   0: 3 0x000000008000ff60 (0xfe043783) x15 0x000000008001209c mem 0x0000000080031f50
core   0: 0x000000008000ff64 (0x00178713) addi    a4, a5, 1
core   0: 3 0x000000008000ff64 (0x00178713) x14 0x000000008001209d
core   0: 0x000000008000ff68 (0xfee43023) sd      a4, -32(s0)
core   0: 3 0x000000008000ff68 (0xfee43023) mem 0x0000000080031f50 0x000000008001209d
core   0: 0x000000008000ff6c (0xfc442703) lw      a4, -60(s0)
core   0: 3 0x000000008000ff6c (0xfc442703) x14 0x0000000000000000 mem 0x0000000080031f34
core   0: 0x000000008000ff70 (0x0ff77713) andi    a4, a4, 255
core   0: 3 0x000000008000ff70 (0x0ff77713) x14 0x0000000000000000
core   0: 0x000000008000ff74 (0x00e78023) sb      a4, 0(a5)
core   0: 3 0x000000008000ff74 (0x00e78023) mem 0x000000008001209c 0x00
core   0: 0x000000008000ff78 (0xfc843703) ld      a4, -56(s0)
core   0: 3 0x000000008000ff78 (0xfc843703) x14 0x0000000080012040 mem 0x0000000080031f38
core   0: 0x000000008000ff7c (0xfb843783) ld      a5, -72(s0)
core   0: 3 0x000000008000ff7c (0xfb843783) x15 0x000000000000009c mem 0x0000000080031f28
core   0: 0x000000008000ff80 (0x000097ba) c.add   a5, a4
core   0: 3 0x000000008000ff80 (0x97ba) x15 0x00000000800120dc
core   0: 0x000000008000ff82 (0xfe043703) ld      a4, -32(s0)
core   0: 3 0x000000008000ff82 (0xfe043703) x14 0x000000008001209d mem 0x0000000080031f50
core   0: 0x000000008000ff86 (0xfcf76de3) bltu    a4, a5, pc - 38
core   0: 3 0x000000008000ff86 (0xfcf76de3)
core   0: 0x000000008000ff60 (0xfe043783) ld      a5, -32(s0)
core   0: 3 0x000000008000ff60 (0xfe043783) x15 0x000000008001209d mem 0x0000000080031f50
core   0: 0x000000008000ff64 (0x00178713) addi    a4, a5, 1
core   0: 3 0x000000008000ff64 (0x00178713) x14 0x000000008001209e
core   0: 0x000000008000ff68 (0xfee43023) sd      a4, -32(s0)
core   0: 3 0x000000008000ff68 (0xfee43023) mem 0x0000000080031f50 0x000000008001209e
core   0: 0x000000008000ff6c (0xfc442703) lw      a4, -60(s0)
core   0: 3 0x000000008000ff6c (0xfc442703) x14 0x0000000000000000 mem 0x0000000080031f34
core   0: 0x000000008000ff70 (0x0ff77713) andi    a4, a4, 255
core   0: 3 0x000000008000ff70 (0x0ff77713) x14 0x0000000000000000
core   0: 0x000000008000ff74 (0x00e78023) sb      a4, 0(a5)
core   0: 3 0x000000008000ff74 (0x00e78023) mem 0x000000008001209d 0x00
core   0: 0x000000008000ff78 (0xfc843703) ld      a4, -56(s0)
core   0: 3 0x000000008000ff78 (0xfc843703) x14 0x0000000080012040 mem 0x0000000080031f38
core   0: 0x000000008000ff7c (0xfb843783) ld      a5, -72(s0)
core   0: 3 0x000000008000ff7c (0xfb843783) x15 0x000000000000009c mem 0x0000000080031f28
core   0: 0x000000008000ff80 (0x000097ba) c.add   a5, a4
core   0: 3 0x000000008000ff80 (0x97ba) x15 0x00000000800120dc
core   0: 0x000000008000ff82 (0xfe043703) ld      a4, -32(s0)
core   0: 3 0x000000008000ff82 (0xfe043703) x14 0x000000008001209e mem 0x0000000080031f50
core   0: 0x000000008000ff86 (0xfcf76de3) bltu    a4, a5, pc - 38
core   0: 3 0x000000008000ff86 (0xfcf76de3)
core   0: 0x000000008000ff60 (0xfe043783) ld      a5, -32(s0)
core   0: 3 0x000000008000ff60 (0xfe043783) x15 0x000000008001209e mem 0x0000000080031f50
core   0: 0x000000008000ff64 (0x00178713) addi    a4, a5, 1
core   0: 3 0x000000008000ff64 (0x00178713) x14 0x000000008001209f
core   0: 0x000000008000ff68 (0xfee43023) sd      a4, -32(s0)
core   0: 3 0x000000008000ff68 (0xfee43023) mem 0x0000000080031f50 0x000000008001209f
core   0: 0x000000008000ff6c (0xfc442703) lw      a4, -60(s0)
core   0: 3 0x000000008000ff6c (0xfc442703) x14 0x0000000000000000 mem 0x0000000080031f34
core   0: 0x000000008000ff70 (0x0ff77713) andi    a4, a4, 255
core   0: 3 0x000000008000ff70 (0x0ff77713) x14 0x0000000000000000
core   0: 0x000000008000ff74 (0x00e78023) sb      a4, 0(a5)
core   0: 3 0x000000008000ff74 (0x00e78023) mem 0x000000008001209e 0x00
core   0: 0x000000008000ff78 (0xfc843703) ld      a4, -56(s0)
core   0: 3 0x000000008000ff78 (0xfc843703) x14 0x0000000080012040 mem 0x0000000080031f38
core   0: 0x000000008000ff7c (0xfb843783) ld      a5, -72(s0)
core   0: 3 0x000000008000ff7c (0xfb843783) x15 0x000000000000009c mem 0x0000000080031f28
core   0: 0x000000008000ff80 (0x000097ba) c.add   a5, a4
core   0: 3 0x000000008000ff80 (0x97ba) x15 0x00000000800120dc
core   0: 0x000000008000ff82 (0xfe043703) ld      a4, -32(s0)
core   0: 3 0x000000008000ff82 (0xfe043703) x14 0x000000008001209f mem 0x0000000080031f50
core   0: 0x000000008000ff86 (0xfcf76de3) bltu    a4, a5, pc - 38
core   0: 3 0x000000008000ff86 (0xfcf76de3)
core   0: 0x000000008000ff60 (0xfe043783) ld      a5, -32(s0)
core   0: 3 0x000000008000ff60 (0xfe043783) x15 0x000000008001209f mem 0x0000000080031f50
core   0: 0x000000008000ff64 (0x00178713) addi    a4, a5, 1
core   0: 3 0x000000008000ff64 (0x00178713) x14 0x00000000800120a0
core   0: 0x000000008000ff68 (0xfee43023) sd      a4, -32(s0)
core   0: 3 0x000000008000ff68 (0xfee43023) mem 0x0000000080031f50 0x00000000800120a0
core   0: 0x000000008000ff6c (0xfc442703) lw      a4, -60(s0)
core   0: 3 0x000000008000ff6c (0xfc442703) x14 0x0000000000000000 mem 0x0000000080031f34
core   0: 0x000000008000ff70 (0x0ff77713) andi    a4, a4, 255
core   0: 3 0x000000008000ff70 (0x0ff77713) x14 0x0000000000000000
core   0: 0x000000008000ff74 (0x00e78023) sb      a4, 0(a5)
core   0: 3 0x000000008000ff74 (0x00e78023) mem 0x000000008001209f 0x00
core   0: 0x000000008000ff78 (0xfc843703) ld      a4, -56(s0)
core   0: 3 0x000000008000ff78 (0xfc843703) x14 0x0000000080012040 mem 0x0000000080031f38
core   0: 0x000000008000ff7c (0xfb843783) ld      a5, -72(s0)
core   0: 3 0x000000008000ff7c (0xfb843783) x15 0x000000000000009c mem 0x0000000080031f28
core   0: 0x000000008000ff80 (0x000097ba) c.add   a5, a4
core   0: 3 0x000000008000ff80 (0x97ba) x15 0x00000000800120dc
core   0: 0x000000008000ff82 (0xfe043703) ld      a4, -32(s0)
core   0: 3 0x000000008000ff82 (0xfe043703) x14 0x00000000800120a0 mem 0x0000000080031f50
core   0: 0x000000008000ff86 (0xfcf76de3) bltu    a4, a5, pc - 38
core   0: 3 0x000000008000ff86 (0xfcf76de3)
core   0: 0x000000008000ff60 (0xfe043783) ld      a5, -32(s0)
core   0: 3 0x000000008000ff60 (0xfe043783) x15 0x00000000800120a0 mem 0x0000000080031f50
core   0: 0x000000008000ff64 (0x00178713) addi    a4, a5, 1
core   0: 3 0x000000008000ff64 (0x00178713) x14 0x00000000800120a1
core   0: 0x000000008000ff68 (0xfee43023) sd      a4, -32(s0)
core   0: 3 0x000000008000ff68 (0xfee43023) mem 0x0000000080031f50 0x00000000800120a1
core   0: 0x000000008000ff6c (0xfc442703) lw      a4, -60(s0)
core   0: 3 0x000000008000ff6c (0xfc442703) x14 0x0000000000000000 mem 0x0000000080031f34
core   0: 0x000000008000ff70 (0x0ff77713) andi    a4, a4, 255
core   0: 3 0x000000008000ff70 (0x0ff77713) x14 0x0000000000000000
core   0: 0x000000008000ff74 (0x00e78023) sb      a4, 0(a5)
core   0: 3 0x000000008000ff74 (0x00e78023) mem 0x00000000800120a0 0x00
core   0: 0x000000008000ff78 (0xfc843703) ld      a4, -56(s0)
core   0: 3 0x000000008000ff78 (0xfc843703) x14 0x0000000080012040 mem 0x0000000080031f38
core   0: 0x000000008000ff7c (0xfb843783) ld      a5, -72(s0)
core   0: 3 0x000000008000ff7c (0xfb843783) x15 0x000000000000009c mem 0x0000000080031f28
core   0: 0x000000008000ff80 (0x000097ba) c.add   a5, a4
core   0: 3 0x000000008000ff80 (0x97ba) x15 0x00000000800120dc
core   0: 0x000000008000ff82 (0xfe043703) ld      a4, -32(s0)
core   0: 3 0x000000008000ff82 (0xfe043703) x14 0x00000000800120a1 mem 0x0000000080031f50
core   0: 0x000000008000ff86 (0xfcf76de3) bltu    a4, a5, pc - 38
core   0: 3 0x000000008000ff86 (0xfcf76de3)
core   0: 0x000000008000ff60 (0xfe043783) ld      a5, -32(s0)
core   0: 3 0x000000008000ff60 (0xfe043783) x15 0x00000000800120a1 mem 0x0000000080031f50
core   0: 0x000000008000ff64 (0x00178713) addi    a4, a5, 1
core   0: 3 0x000000008000ff64 (0x00178713) x14 0x00000000800120a2
core   0: 0x000000008000ff68 (0xfee43023) sd      a4, -32(s0)
core   0: 3 0x000000008000ff68 (0xfee43023) mem 0x0000000080031f50 0x00000000800120a2
core   0: 0x000000008000ff6c (0xfc442703) lw      a4, -60(s0)
core   0: 3 0x000000008000ff6c (0xfc442703) x14 0x0000000000000000 mem 0x0000000080031f34
core   0: 0x000000008000ff70 (0x0ff77713) andi    a4, a4, 255
core   0: 3 0x000000008000ff70 (0x0ff77713) x14 0x0000000000000000
core   0: 0x000000008000ff74 (0x00e78023) sb      a4, 0(a5)
core   0: 3 0x000000008000ff74 (0x00e78023) mem 0x00000000800120a1 0x00
core   0: 0x000000008000ff78 (0xfc843703) ld      a4, -56(s0)
core   0: 3 0x000000008000ff78 (0xfc843703) x14 0x0000000080012040 mem 0x0000000080031f38
core   0: 0x000000008000ff7c (0xfb843783) ld      a5, -72(s0)
core   0: 3 0x000000008000ff7c (0xfb843783) x15 0x000000000000009c mem 0x0000000080031f28
core   0: 0x000000008000ff80 (0x000097ba) c.add   a5, a4
core   0: 3 0x000000008000ff80 (0x97ba) x15 0x00000000800120dc
core   0: 0x000000008000ff82 (0xfe043703) ld      a4, -32(s0)
core   0: 3 0x000000008000ff82 (0xfe043703) x14 0x00000000800120a2 mem 0x0000000080031f50
core   0: 0x000000008000ff86 (0xfcf76de3) bltu    a4, a5, pc - 38
core   0: 3 0x000000008000ff86 (0xfcf76de3)
core   0: 0x000000008000ff60 (0xfe043783) ld      a5, -32(s0)
core   0: 3 0x000000008000ff60 (0xfe043783) x15 0x00000000800120a2 mem 0x0000000080031f50
core   0: 0x000000008000ff64 (0x00178713) addi    a4, a5, 1
core   0: 3 0x000000008000ff64 (0x00178713) x14 0x00000000800120a3
core   0: 0x000000008000ff68 (0xfee43023) sd      a4, -32(s0)
core   0: 3 0x000000008000ff68 (0xfee43023) mem 0x0000000080031f50 0x00000000800120a3
core   0: 0x000000008000ff6c (0xfc442703) lw      a4, -60(s0)
core   0: 3 0x000000008000ff6c (0xfc442703) x14 0x0000000000000000 mem 0x0000000080031f34
core   0: 0x000000008000ff70 (0x0ff77713) andi    a4, a4, 255
core   0: 3 0x000000008000ff70 (0x0ff77713) x14 0x0000000000000000
core   0: 0x000000008000ff74 (0x00e78023) sb      a4, 0(a5)
core   0: 3 0x000000008000ff74 (0x00e78023) mem 0x00000000800120a2 0x00
core   0: 0x000000008000ff78 (0xfc843703) ld      a4, -56(s0)
core   0: 3 0x000000008000ff78 (0xfc843703) x14 0x0000000080012040 mem 0x0000000080031f38
core   0: 0x000000008000ff7c (0xfb843783) ld      a5, -72(s0)
core   0: 3 0x000000008000ff7c (0xfb843783) x15 0x000000000000009c mem 0x0000000080031f28
core   0: 0x000000008000ff80 (0x000097ba) c.add   a5, a4
core   0: 3 0x000000008000ff80 (0x97ba) x15 0x00000000800120dc
core   0: 0x000000008000ff82 (0xfe043703) ld      a4, -32(s0)
core   0: 3 0x000000008000ff82 (0xfe043703) x14 0x00000000800120a3 mem 0x0000000080031f50
core   0: 0x000000008000ff86 (0xfcf76de3) bltu    a4, a5, pc - 38
core   0: 3 0x000000008000ff86 (0xfcf76de3)
core   0: 0x000000008000ff60 (0xfe043783) ld      a5, -32(s0)
core   0: 3 0x000000008000ff60 (0xfe043783) x15 0x00000000800120a3 mem 0x0000000080031f50
core   0: 0x000000008000ff64 (0x00178713) addi    a4, a5, 1
core   0: 3 0x000000008000ff64 (0x00178713) x14 0x00000000800120a4
core   0: 0x000000008000ff68 (0xfee43023) sd      a4, -32(s0)
core   0: 3 0x000000008000ff68 (0xfee43023) mem 0x0000000080031f50 0x00000000800120a4
core   0: 0x000000008000ff6c (0xfc442703) lw      a4, -60(s0)
core   0: 3 0x000000008000ff6c (0xfc442703) x14 0x0000000000000000 mem 0x0000000080031f34
core   0: 0x000000008000ff70 (0x0ff77713) andi    a4, a4, 255
core   0: 3 0x000000008000ff70 (0x0ff77713) x14 0x0000000000000000
core   0: 0x000000008000ff74 (0x00e78023) sb      a4, 0(a5)
core   0: 3 0x000000008000ff74 (0x00e78023) mem 0x00000000800120a3 0x00
core   0: 0x000000008000ff78 (0xfc843703) ld      a4, -56(s0)
core   0: 3 0x000000008000ff78 (0xfc843703) x14 0x0000000080012040 mem 0x0000000080031f38
core   0: 0x000000008000ff7c (0xfb843783) ld      a5, -72(s0)
core   0: 3 0x000000008000ff7c (0xfb843783) x15 0x000000000000009c mem 0x0000000080031f28
core   0: 0x000000008000ff80 (0x000097ba) c.add   a5, a4
core   0: 3 0x000000008000ff80 (0x97ba) x15 0x00000000800120dc
core   0: 0x000000008000ff82 (0xfe043703) ld      a4, -32(s0)
core   0: 3 0x000000008000ff82 (0xfe043703) x14 0x00000000800120a4 mem 0x0000000080031f50
core   0: 0x000000008000ff86 (0xfcf76de3) bltu    a4, a5, pc - 38
core   0: 3 0x000000008000ff86 (0xfcf76de3)
core   0: 0x000000008000ff60 (0xfe043783) ld      a5, -32(s0)
core   0: 3 0x000000008000ff60 (0xfe043783) x15 0x00000000800120a4 mem 0x0000000080031f50
core   0: 0x000000008000ff64 (0x00178713) addi    a4, a5, 1
core   0: 3 0x000000008000ff64 (0x00178713) x14 0x00000000800120a5
core   0: 0x000000008000ff68 (0xfee43023) sd      a4, -32(s0)
core   0: 3 0x000000008000ff68 (0xfee43023) mem 0x0000000080031f50 0x00000000800120a5
core   0: 0x000000008000ff6c (0xfc442703) lw      a4, -60(s0)
core   0: 3 0x000000008000ff6c (0xfc442703) x14 0x0000000000000000 mem 0x0000000080031f34
core   0: 0x000000008000ff70 (0x0ff77713) andi    a4, a4, 255
core   0: 3 0x000000008000ff70 (0x0ff77713) x14 0x0000000000000000
core   0: 0x000000008000ff74 (0x00e78023) sb      a4, 0(a5)
core   0: 3 0x000000008000ff74 (0x00e78023) mem 0x00000000800120a4 0x00
core   0: 0x000000008000ff78 (0xfc843703) ld      a4, -56(s0)
core   0: 3 0x000000008000ff78 (0xfc843703) x14 0x0000000080012040 mem 0x0000000080031f38
core   0: 0x000000008000ff7c (0xfb843783) ld      a5, -72(s0)
core   0: 3 0x000000008000ff7c (0xfb843783) x15 0x000000000000009c mem 0x0000000080031f28
core   0: 0x000000008000ff80 (0x000097ba) c.add   a5, a4
core   0: 3 0x000000008000ff80 (0x97ba) x15 0x00000000800120dc
core   0: 0x000000008000ff82 (0xfe043703) ld      a4, -32(s0)
core   0: 3 0x000000008000ff82 (0xfe043703) x14 0x00000000800120a5 mem 0x0000000080031f50
core   0: 0x000000008000ff86 (0xfcf76de3) bltu    a4, a5, pc - 38
core   0: 3 0x000000008000ff86 (0xfcf76de3)
core   0: 0x000000008000ff60 (0xfe043783) ld      a5, -32(s0)
core   0: 3 0x000000008000ff60 (0xfe043783) x15 0x00000000800120a5 mem 0x0000000080031f50
core   0: 0x000000008000ff64 (0x00178713) addi    a4, a5, 1
core   0: 3 0x000000008000ff64 (0x00178713) x14 0x00000000800120a6
core   0: 0x000000008000ff68 (0xfee43023) sd      a4, -32(s0)
core   0: 3 0x000000008000ff68 (0xfee43023) mem 0x0000000080031f50 0x00000000800120a6
core   0: 0x000000008000ff6c (0xfc442703) lw      a4, -60(s0)
core   0: 3 0x000000008000ff6c (0xfc442703) x14 0x0000000000000000 mem 0x0000000080031f34
core   0: 0x000000008000ff70 (0x0ff77713) andi    a4, a4, 255
core   0: 3 0x000000008000ff70 (0x0ff77713) x14 0x0000000000000000
core   0: 0x000000008000ff74 (0x00e78023) sb      a4, 0(a5)
core   0: 3 0x000000008000ff74 (0x00e78023) mem 0x00000000800120a5 0x00
core   0: 0x000000008000ff78 (0xfc843703) ld      a4, -56(s0)
core   0: 3 0x000000008000ff78 (0xfc843703) x14 0x0000000080012040 mem 0x0000000080031f38
core   0: 0x000000008000ff7c (0xfb843783) ld      a5, -72(s0)
core   0: 3 0x000000008000ff7c (0xfb843783) x15 0x000000000000009c mem 0x0000000080031f28
core   0: 0x000000008000ff80 (0x000097ba) c.add   a5, a4
core   0: 3 0x000000008000ff80 (0x97ba) x15 0x00000000800120dc
core   0: 0x000000008000ff82 (0xfe043703) ld      a4, -32(s0)
core   0: 3 0x000000008000ff82 (0xfe043703) x14 0x00000000800120a6 mem 0x0000000080031f50
core   0: 0x000000008000ff86 (0xfcf76de3) bltu    a4, a5, pc - 38
core   0: 3 0x000000008000ff86 (0xfcf76de3)
core   0: 0x000000008000ff60 (0xfe043783) ld      a5, -32(s0)
core   0: 3 0x000000008000ff60 (0xfe043783) x15 0x00000000800120a6 mem 0x0000000080031f50
core   0: 0x000000008000ff64 (0x00178713) addi    a4, a5, 1
core   0: 3 0x000000008000ff64 (0x00178713) x14 0x00000000800120a7
core   0: 0x000000008000ff68 (0xfee43023) sd      a4, -32(s0)
core   0: 3 0x000000008000ff68 (0xfee43023) mem 0x0000000080031f50 0x00000000800120a7
core   0: 0x000000008000ff6c (0xfc442703) lw      a4, -60(s0)
core   0: 3 0x000000008000ff6c (0xfc442703) x14 0x0000000000000000 mem 0x0000000080031f34
core   0: 0x000000008000ff70 (0x0ff77713) andi    a4, a4, 255
core   0: 3 0x000000008000ff70 (0x0ff77713) x14 0x0000000000000000
core   0: 0x000000008000ff74 (0x00e78023) sb      a4, 0(a5)
core   0: 3 0x000000008000ff74 (0x00e78023) mem 0x00000000800120a6 0x00
core   0: 0x000000008000ff78 (0xfc843703) ld      a4, -56(s0)
core   0: 3 0x000000008000ff78 (0xfc843703) x14 0x0000000080012040 mem 0x0000000080031f38
core   0: 0x000000008000ff7c (0xfb843783) ld      a5, -72(s0)
core   0: 3 0x000000008000ff7c (0xfb843783) x15 0x000000000000009c mem 0x0000000080031f28
core   0: 0x000000008000ff80 (0x000097ba) c.add   a5, a4
core   0: 3 0x000000008000ff80 (0x97ba) x15 0x00000000800120dc
core   0: 0x000000008000ff82 (0xfe043703) ld      a4, -32(s0)
core   0: 3 0x000000008000ff82 (0xfe043703) x14 0x00000000800120a7 mem 0x0000000080031f50
core   0: 0x000000008000ff86 (0xfcf76de3) bltu    a4, a5, pc - 38
core   0: 3 0x000000008000ff86 (0xfcf76de3)
core   0: 0x000000008000ff60 (0xfe043783) ld      a5, -32(s0)
core   0: 3 0x000000008000ff60 (0xfe043783) x15 0x00000000800120a7 mem 0x0000000080031f50
core   0: 0x000000008000ff64 (0x00178713) addi    a4, a5, 1
core   0: 3 0x000000008000ff64 (0x00178713) x14 0x00000000800120a8
core   0: 0x000000008000ff68 (0xfee43023) sd      a4, -32(s0)
core   0: 3 0x000000008000ff68 (0xfee43023) mem 0x0000000080031f50 0x00000000800120a8
core   0: 0x000000008000ff6c (0xfc442703) lw      a4, -60(s0)
core   0: 3 0x000000008000ff6c (0xfc442703) x14 0x0000000000000000 mem 0x0000000080031f34
core   0: 0x000000008000ff70 (0x0ff77713) andi    a4, a4, 255
core   0: 3 0x000000008000ff70 (0x0ff77713) x14 0x0000000000000000
core   0: 0x000000008000ff74 (0x00e78023) sb      a4, 0(a5)
core   0: 3 0x000000008000ff74 (0x00e78023) mem 0x00000000800120a7 0x00
core   0: 0x000000008000ff78 (0xfc843703) ld      a4, -56(s0)
core   0: 3 0x000000008000ff78 (0xfc843703) x14 0x0000000080012040 mem 0x0000000080031f38
core   0: 0x000000008000ff7c (0xfb843783) ld      a5, -72(s0)
core   0: 3 0x000000008000ff7c (0xfb843783) x15 0x000000000000009c mem 0x0000000080031f28
core   0: 0x000000008000ff80 (0x000097ba) c.add   a5, a4
core   0: 3 0x000000008000ff80 (0x97ba) x15 0x00000000800120dc
core   0: 0x000000008000ff82 (0xfe043703) ld      a4, -32(s0)
core   0: 3 0x000000008000ff82 (0xfe043703) x14 0x00000000800120a8 mem 0x0000000080031f50
core   0: 0x000000008000ff86 (0xfcf76de3) bltu    a4, a5, pc - 38
core   0: 3 0x000000008000ff86 (0xfcf76de3)
core   0: 0x000000008000ff60 (0xfe043783) ld      a5, -32(s0)
core   0: 3 0x000000008000ff60 (0xfe043783) x15 0x00000000800120a8 mem 0x0000000080031f50
core   0: 0x000000008000ff64 (0x00178713) addi    a4, a5, 1
core   0: 3 0x000000008000ff64 (0x00178713) x14 0x00000000800120a9
core   0: 0x000000008000ff68 (0xfee43023) sd      a4, -32(s0)
core   0: 3 0x000000008000ff68 (0xfee43023) mem 0x0000000080031f50 0x00000000800120a9
core   0: 0x000000008000ff6c (0xfc442703) lw      a4, -60(s0)
core   0: 3 0x000000008000ff6c (0xfc442703) x14 0x0000000000000000 mem 0x0000000080031f34
core   0: 0x000000008000ff70 (0x0ff77713) andi    a4, a4, 255
core   0: 3 0x000000008000ff70 (0x0ff77713) x14 0x0000000000000000
core   0: 0x000000008000ff74 (0x00e78023) sb      a4, 0(a5)
core   0: 3 0x000000008000ff74 (0x00e78023) mem 0x00000000800120a8 0x00
core   0: 0x000000008000ff78 (0xfc843703) ld      a4, -56(s0)
core   0: 3 0x000000008000ff78 (0xfc843703) x14 0x0000000080012040 mem 0x0000000080031f38
core   0: 0x000000008000ff7c (0xfb843783) ld      a5, -72(s0)
core   0: 3 0x000000008000ff7c (0xfb843783) x15 0x000000000000009c mem 0x0000000080031f28
core   0: 0x000000008000ff80 (0x000097ba) c.add   a5, a4
core   0: 3 0x000000008000ff80 (0x97ba) x15 0x00000000800120dc
core   0: 0x000000008000ff82 (0xfe043703) ld      a4, -32(s0)
core   0: 3 0x000000008000ff82 (0xfe043703) x14 0x00000000800120a9 mem 0x0000000080031f50
core   0: 0x000000008000ff86 (0xfcf76de3) bltu    a4, a5, pc - 38
core   0: 3 0x000000008000ff86 (0xfcf76de3)
core   0: 0x000000008000ff60 (0xfe043783) ld      a5, -32(s0)
core   0: 3 0x000000008000ff60 (0xfe043783) x15 0x00000000800120a9 mem 0x0000000080031f50
core   0: 0x000000008000ff64 (0x00178713) addi    a4, a5, 1
core   0: 3 0x000000008000ff64 (0x00178713) x14 0x00000000800120aa
core   0: 0x000000008000ff68 (0xfee43023) sd      a4, -32(s0)
core   0: 3 0x000000008000ff68 (0xfee43023) mem 0x0000000080031f50 0x00000000800120aa
core   0: 0x000000008000ff6c (0xfc442703) lw      a4, -60(s0)
core   0: 3 0x000000008000ff6c (0xfc442703) x14 0x0000000000000000 mem 0x0000000080031f34
core   0: 0x000000008000ff70 (0x0ff77713) andi    a4, a4, 255
core   0: 3 0x000000008000ff70 (0x0ff77713) x14 0x0000000000000000
core   0: 0x000000008000ff74 (0x00e78023) sb      a4, 0(a5)
core   0: 3 0x000000008000ff74 (0x00e78023) mem 0x00000000800120a9 0x00
core   0: 0x000000008000ff78 (0xfc843703) ld      a4, -56(s0)
core   0: 3 0x000000008000ff78 (0xfc843703) x14 0x0000000080012040 mem 0x0000000080031f38
core   0: 0x000000008000ff7c (0xfb843783) ld      a5, -72(s0)
core   0: 3 0x000000008000ff7c (0xfb843783) x15 0x000000000000009c mem 0x0000000080031f28
core   0: 0x000000008000ff80 (0x000097ba) c.add   a5, a4
core   0: 3 0x000000008000ff80 (0x97ba) x15 0x00000000800120dc
core   0: 0x000000008000ff82 (0xfe043703) ld      a4, -32(s0)
core   0: 3 0x000000008000ff82 (0xfe043703) x14 0x00000000800120aa mem 0x0000000080031f50
core   0: 0x000000008000ff86 (0xfcf76de3) bltu    a4, a5, pc - 38
core   0: 3 0x000000008000ff86 (0xfcf76de3)
core   0: 0x000000008000ff60 (0xfe043783) ld      a5, -32(s0)
core   0: 3 0x000000008000ff60 (0xfe043783) x15 0x00000000800120aa mem 0x0000000080031f50
core   0: 0x000000008000ff64 (0x00178713) addi    a4, a5, 1
core   0: 3 0x000000008000ff64 (0x00178713) x14 0x00000000800120ab
core   0: 0x000000008000ff68 (0xfee43023) sd      a4, -32(s0)
core   0: 3 0x000000008000ff68 (0xfee43023) mem 0x0000000080031f50 0x00000000800120ab
core   0: 0x000000008000ff6c (0xfc442703) lw      a4, -60(s0)
core   0: 3 0x000000008000ff6c (0xfc442703) x14 0x0000000000000000 mem 0x0000000080031f34
core   0: 0x000000008000ff70 (0x0ff77713) andi    a4, a4, 255
core   0: 3 0x000000008000ff70 (0x0ff77713) x14 0x0000000000000000
core   0: 0x000000008000ff74 (0x00e78023) sb      a4, 0(a5)
core   0: 3 0x000000008000ff74 (0x00e78023) mem 0x00000000800120aa 0x00
core   0: 0x000000008000ff78 (0xfc843703) ld      a4, -56(s0)
core   0: 3 0x000000008000ff78 (0xfc843703) x14 0x0000000080012040 mem 0x0000000080031f38
core   0: 0x000000008000ff7c (0xfb843783) ld      a5, -72(s0)
core   0: 3 0x000000008000ff7c (0xfb843783) x15 0x000000000000009c mem 0x0000000080031f28
core   0: 0x000000008000ff80 (0x000097ba) c.add   a5, a4
core   0: 3 0x000000008000ff80 (0x97ba) x15 0x00000000800120dc
core   0: 0x000000008000ff82 (0xfe043703) ld      a4, -32(s0)
core   0: 3 0x000000008000ff82 (0xfe043703) x14 0x00000000800120ab mem 0x0000000080031f50
core   0: 0x000000008000ff86 (0xfcf76de3) bltu    a4, a5, pc - 38
core   0: 3 0x000000008000ff86 (0xfcf76de3)
core   0: 0x000000008000ff60 (0xfe043783) ld      a5, -32(s0)
core   0: 3 0x000000008000ff60 (0xfe043783) x15 0x00000000800120ab mem 0x0000000080031f50
core   0: 0x000000008000ff64 (0x00178713) addi    a4, a5, 1
core   0: 3 0x000000008000ff64 (0x00178713) x14 0x00000000800120ac
core   0: 0x000000008000ff68 (0xfee43023) sd      a4, -32(s0)
core   0: 3 0x000000008000ff68 (0xfee43023) mem 0x0000000080031f50 0x00000000800120ac
core   0: 0x000000008000ff6c (0xfc442703) lw      a4, -60(s0)
core   0: 3 0x000000008000ff6c (0xfc442703) x14 0x0000000000000000 mem 0x0000000080031f34
core   0: 0x000000008000ff70 (0x0ff77713) andi    a4, a4, 255
core   0: 3 0x000000008000ff70 (0x0ff77713) x14 0x0000000000000000
core   0: 0x000000008000ff74 (0x00e78023) sb      a4, 0(a5)
core   0: 3 0x000000008000ff74 (0x00e78023) mem 0x00000000800120ab 0x00
core   0: 0x000000008000ff78 (0xfc843703) ld      a4, -56(s0)
core   0: 3 0x000000008000ff78 (0xfc843703) x14 0x0000000080012040 mem 0x0000000080031f38
core   0: 0x000000008000ff7c (0xfb843783) ld      a5, -72(s0)
core   0: 3 0x000000008000ff7c (0xfb843783) x15 0x000000000000009c mem 0x0000000080031f28
core   0: 0x000000008000ff80 (0x000097ba) c.add   a5, a4
core   0: 3 0x000000008000ff80 (0x97ba) x15 0x00000000800120dc
core   0: 0x000000008000ff82 (0xfe043703) ld      a4, -32(s0)
core   0: 3 0x000000008000ff82 (0xfe043703) x14 0x00000000800120ac mem 0x0000000080031f50
core   0: 0x000000008000ff86 (0xfcf76de3) bltu    a4, a5, pc - 38
core   0: 3 0x000000008000ff86 (0xfcf76de3)
core   0: 0x000000008000ff60 (0xfe043783) ld      a5, -32(s0)
core   0: 3 0x000000008000ff60 (0xfe043783) x15 0x00000000800120ac mem 0x0000000080031f50
core   0: 0x000000008000ff64 (0x00178713) addi    a4, a5, 1
core   0: 3 0x000000008000ff64 (0x00178713) x14 0x00000000800120ad
core   0: 0x000000008000ff68 (0xfee43023) sd      a4, -32(s0)
core   0: 3 0x000000008000ff68 (0xfee43023) mem 0x0000000080031f50 0x00000000800120ad
core   0: 0x000000008000ff6c (0xfc442703) lw      a4, -60(s0)
core   0: 3 0x000000008000ff6c (0xfc442703) x14 0x0000000000000000 mem 0x0000000080031f34
core   0: 0x000000008000ff70 (0x0ff77713) andi    a4, a4, 255
core   0: 3 0x000000008000ff70 (0x0ff77713) x14 0x0000000000000000
core   0: 0x000000008000ff74 (0x00e78023) sb      a4, 0(a5)
core   0: 3 0x000000008000ff74 (0x00e78023) mem 0x00000000800120ac 0x00
core   0: 0x000000008000ff78 (0xfc843703) ld      a4, -56(s0)
core   0: 3 0x000000008000ff78 (0xfc843703) x14 0x0000000080012040 mem 0x0000000080031f38
core   0: 0x000000008000ff7c (0xfb843783) ld      a5, -72(s0)
core   0: 3 0x000000008000ff7c (0xfb843783) x15 0x000000000000009c mem 0x0000000080031f28
core   0: 0x000000008000ff80 (0x000097ba) c.add   a5, a4
core   0: 3 0x000000008000ff80 (0x97ba) x15 0x00000000800120dc
core   0: 0x000000008000ff82 (0xfe043703) ld      a4, -32(s0)
core   0: 3 0x000000008000ff82 (0xfe043703) x14 0x00000000800120ad mem 0x0000000080031f50
core   0: 0x000000008000ff86 (0xfcf76de3) bltu    a4, a5, pc - 38
core   0: 3 0x000000008000ff86 (0xfcf76de3)
core   0: 0x000000008000ff60 (0xfe043783) ld      a5, -32(s0)
core   0: 3 0x000000008000ff60 (0xfe043783) x15 0x00000000800120ad mem 0x0000000080031f50
core   0: 0x000000008000ff64 (0x00178713) addi    a4, a5, 1
core   0: 3 0x000000008000ff64 (0x00178713) x14 0x00000000800120ae
core   0: 0x000000008000ff68 (0xfee43023) sd      a4, -32(s0)
core   0: 3 0x000000008000ff68 (0xfee43023) mem 0x0000000080031f50 0x00000000800120ae
core   0: 0x000000008000ff6c (0xfc442703) lw      a4, -60(s0)
core   0: 3 0x000000008000ff6c (0xfc442703) x14 0x0000000000000000 mem 0x0000000080031f34
core   0: 0x000000008000ff70 (0x0ff77713) andi    a4, a4, 255
core   0: 3 0x000000008000ff70 (0x0ff77713) x14 0x0000000000000000
core   0: 0x000000008000ff74 (0x00e78023) sb      a4, 0(a5)
core   0: 3 0x000000008000ff74 (0x00e78023) mem 0x00000000800120ad 0x00
core   0: 0x000000008000ff78 (0xfc843703) ld      a4, -56(s0)
core   0: 3 0x000000008000ff78 (0xfc843703) x14 0x0000000080012040 mem 0x0000000080031f38
core   0: 0x000000008000ff7c (0xfb843783) ld      a5, -72(s0)
core   0: 3 0x000000008000ff7c (0xfb843783) x15 0x000000000000009c mem 0x0000000080031f28
core   0: 0x000000008000ff80 (0x000097ba) c.add   a5, a4
core   0: 3 0x000000008000ff80 (0x97ba) x15 0x00000000800120dc
core   0: 0x000000008000ff82 (0xfe043703) ld      a4, -32(s0)
core   0: 3 0x000000008000ff82 (0xfe043703) x14 0x00000000800120ae mem 0x0000000080031f50
core   0: 0x000000008000ff86 (0xfcf76de3) bltu    a4, a5, pc - 38
core   0: 3 0x000000008000ff86 (0xfcf76de3)
core   0: 0x000000008000ff60 (0xfe043783) ld      a5, -32(s0)
core   0: 3 0x000000008000ff60 (0xfe043783) x15 0x00000000800120ae mem 0x0000000080031f50
core   0: 0x000000008000ff64 (0x00178713) addi    a4, a5, 1
core   0: 3 0x000000008000ff64 (0x00178713) x14 0x00000000800120af
core   0: 0x000000008000ff68 (0xfee43023) sd      a4, -32(s0)
core   0: 3 0x000000008000ff68 (0xfee43023) mem 0x0000000080031f50 0x00000000800120af
core   0: 0x000000008000ff6c (0xfc442703) lw      a4, -60(s0)
core   0: 3 0x000000008000ff6c (0xfc442703) x14 0x0000000000000000 mem 0x0000000080031f34
core   0: 0x000000008000ff70 (0x0ff77713) andi    a4, a4, 255
core   0: 3 0x000000008000ff70 (0x0ff77713) x14 0x0000000000000000
core   0: 0x000000008000ff74 (0x00e78023) sb      a4, 0(a5)
core   0: 3 0x000000008000ff74 (0x00e78023) mem 0x00000000800120ae 0x00
core   0: 0x000000008000ff78 (0xfc843703) ld      a4, -56(s0)
core   0: 3 0x000000008000ff78 (0xfc843703) x14 0x0000000080012040 mem 0x0000000080031f38
core   0: 0x000000008000ff7c (0xfb843783) ld      a5, -72(s0)
core   0: 3 0x000000008000ff7c (0xfb843783) x15 0x000000000000009c mem 0x0000000080031f28
core   0: 0x000000008000ff80 (0x000097ba) c.add   a5, a4
core   0: 3 0x000000008000ff80 (0x97ba) x15 0x00000000800120dc
core   0: 0x000000008000ff82 (0xfe043703) ld      a4, -32(s0)
core   0: 3 0x000000008000ff82 (0xfe043703) x14 0x00000000800120af mem 0x0000000080031f50
core   0: 0x000000008000ff86 (0xfcf76de3) bltu    a4, a5, pc - 38
core   0: 3 0x000000008000ff86 (0xfcf76de3)
core   0: 0x000000008000ff60 (0xfe043783) ld      a5, -32(s0)
core   0: 3 0x000000008000ff60 (0xfe043783) x15 0x00000000800120af mem 0x0000000080031f50
core   0: 0x000000008000ff64 (0x00178713) addi    a4, a5, 1
core   0: 3 0x000000008000ff64 (0x00178713) x14 0x00000000800120b0
core   0: 0x000000008000ff68 (0xfee43023) sd      a4, -32(s0)
core   0: 3 0x000000008000ff68 (0xfee43023) mem 0x0000000080031f50 0x00000000800120b0
core   0: 0x000000008000ff6c (0xfc442703) lw      a4, -60(s0)
core   0: 3 0x000000008000ff6c (0xfc442703) x14 0x0000000000000000 mem 0x0000000080031f34
core   0: 0x000000008000ff70 (0x0ff77713) andi    a4, a4, 255
core   0: 3 0x000000008000ff70 (0x0ff77713) x14 0x0000000000000000
core   0: 0x000000008000ff74 (0x00e78023) sb      a4, 0(a5)
core   0: 3 0x000000008000ff74 (0x00e78023) mem 0x00000000800120af 0x00
core   0: 0x000000008000ff78 (0xfc843703) ld      a4, -56(s0)
core   0: 3 0x000000008000ff78 (0xfc843703) x14 0x0000000080012040 mem 0x0000000080031f38
core   0: 0x000000008000ff7c (0xfb843783) ld      a5, -72(s0)
core   0: 3 0x000000008000ff7c (0xfb843783) x15 0x000000000000009c mem 0x0000000080031f28
core   0: 0x000000008000ff80 (0x000097ba) c.add   a5, a4
core   0: 3 0x000000008000ff80 (0x97ba) x15 0x00000000800120dc
core   0: 0x000000008000ff82 (0xfe043703) ld      a4, -32(s0)
core   0: 3 0x000000008000ff82 (0xfe043703) x14 0x00000000800120b0 mem 0x0000000080031f50
core   0: 0x000000008000ff86 (0xfcf76de3) bltu    a4, a5, pc - 38
core   0: 3 0x000000008000ff86 (0xfcf76de3)
core   0: 0x000000008000ff60 (0xfe043783) ld      a5, -32(s0)
core   0: 3 0x000000008000ff60 (0xfe043783) x15 0x00000000800120b0 mem 0x0000000080031f50
core   0: 0x000000008000ff64 (0x00178713) addi    a4, a5, 1
core   0: 3 0x000000008000ff64 (0x00178713) x14 0x00000000800120b1
core   0: 0x000000008000ff68 (0xfee43023) sd      a4, -32(s0)
core   0: 3 0x000000008000ff68 (0xfee43023) mem 0x0000000080031f50 0x00000000800120b1
core   0: 0x000000008000ff6c (0xfc442703) lw      a4, -60(s0)
core   0: 3 0x000000008000ff6c (0xfc442703) x14 0x0000000000000000 mem 0x0000000080031f34
core   0: 0x000000008000ff70 (0x0ff77713) andi    a4, a4, 255
core   0: 3 0x000000008000ff70 (0x0ff77713) x14 0x0000000000000000
core   0: 0x000000008000ff74 (0x00e78023) sb      a4, 0(a5)
core   0: 3 0x000000008000ff74 (0x00e78023) mem 0x00000000800120b0 0x00
core   0: 0x000000008000ff78 (0xfc843703) ld      a4, -56(s0)
core   0: 3 0x000000008000ff78 (0xfc843703) x14 0x0000000080012040 mem 0x0000000080031f38
core   0: 0x000000008000ff7c (0xfb843783) ld      a5, -72(s0)
core   0: 3 0x000000008000ff7c (0xfb843783) x15 0x000000000000009c mem 0x0000000080031f28
core   0: 0x000000008000ff80 (0x000097ba) c.add   a5, a4
core   0: 3 0x000000008000ff80 (0x97ba) x15 0x00000000800120dc
core   0: 0x000000008000ff82 (0xfe043703) ld      a4, -32(s0)
core   0: 3 0x000000008000ff82 (0xfe043703) x14 0x00000000800120b1 mem 0x0000000080031f50
core   0: 0x000000008000ff86 (0xfcf76de3) bltu    a4, a5, pc - 38
core   0: 3 0x000000008000ff86 (0xfcf76de3)
core   0: 0x000000008000ff60 (0xfe043783) ld      a5, -32(s0)
core   0: 3 0x000000008000ff60 (0xfe043783) x15 0x00000000800120b1 mem 0x0000000080031f50
core   0: 0x000000008000ff64 (0x00178713) addi    a4, a5, 1
core   0: 3 0x000000008000ff64 (0x00178713) x14 0x00000000800120b2
core   0: 0x000000008000ff68 (0xfee43023) sd      a4, -32(s0)
core   0: 3 0x000000008000ff68 (0xfee43023) mem 0x0000000080031f50 0x00000000800120b2
core   0: 0x000000008000ff6c (0xfc442703) lw      a4, -60(s0)
core   0: 3 0x000000008000ff6c (0xfc442703) x14 0x0000000000000000 mem 0x0000000080031f34
core   0: 0x000000008000ff70 (0x0ff77713) andi    a4, a4, 255
core   0: 3 0x000000008000ff70 (0x0ff77713) x14 0x0000000000000000
core   0: 0x000000008000ff74 (0x00e78023) sb      a4, 0(a5)
core   0: 3 0x000000008000ff74 (0x00e78023) mem 0x00000000800120b1 0x00
core   0: 0x000000008000ff78 (0xfc843703) ld      a4, -56(s0)
core   0: 3 0x000000008000ff78 (0xfc843703) x14 0x0000000080012040 mem 0x0000000080031f38
core   0: 0x000000008000ff7c (0xfb843783) ld      a5, -72(s0)
core   0: 3 0x000000008000ff7c (0xfb843783) x15 0x000000000000009c mem 0x0000000080031f28
core   0: 0x000000008000ff80 (0x000097ba) c.add   a5, a4
core   0: 3 0x000000008000ff80 (0x97ba) x15 0x00000000800120dc
core   0: 0x000000008000ff82 (0xfe043703) ld      a4, -32(s0)
core   0: 3 0x000000008000ff82 (0xfe043703) x14 0x00000000800120b2 mem 0x0000000080031f50
core   0: 0x000000008000ff86 (0xfcf76de3) bltu    a4, a5, pc - 38
core   0: 3 0x000000008000ff86 (0xfcf76de3)
core   0: 0x000000008000ff60 (0xfe043783) ld      a5, -32(s0)
core   0: 3 0x000000008000ff60 (0xfe043783) x15 0x00000000800120b2 mem 0x0000000080031f50
core   0: 0x000000008000ff64 (0x00178713) addi    a4, a5, 1
core   0: 3 0x000000008000ff64 (0x00178713) x14 0x00000000800120b3
core   0: 0x000000008000ff68 (0xfee43023) sd      a4, -32(s0)
core   0: 3 0x000000008000ff68 (0xfee43023) mem 0x0000000080031f50 0x00000000800120b3
core   0: 0x000000008000ff6c (0xfc442703) lw      a4, -60(s0)
core   0: 3 0x000000008000ff6c (0xfc442703) x14 0x0000000000000000 mem 0x0000000080031f34
core   0: 0x000000008000ff70 (0x0ff77713) andi    a4, a4, 255
core   0: 3 0x000000008000ff70 (0x0ff77713) x14 0x0000000000000000
core   0: 0x000000008000ff74 (0x00e78023) sb      a4, 0(a5)
core   0: 3 0x000000008000ff74 (0x00e78023) mem 0x00000000800120b2 0x00
core   0: 0x000000008000ff78 (0xfc843703) ld      a4, -56(s0)
core   0: 3 0x000000008000ff78 (0xfc843703) x14 0x0000000080012040 mem 0x0000000080031f38
core   0: 0x000000008000ff7c (0xfb843783) ld      a5, -72(s0)
core   0: 3 0x000000008000ff7c (0xfb843783) x15 0x000000000000009c mem 0x0000000080031f28
core   0: 0x000000008000ff80 (0x000097ba) c.add   a5, a4
core   0: 3 0x000000008000ff80 (0x97ba) x15 0x00000000800120dc
core   0: 0x000000008000ff82 (0xfe043703) ld      a4, -32(s0)
core   0: 3 0x000000008000ff82 (0xfe043703) x14 0x00000000800120b3 mem 0x0000000080031f50
core   0: 0x000000008000ff86 (0xfcf76de3) bltu    a4, a5, pc - 38
core   0: 3 0x000000008000ff86 (0xfcf76de3)
core   0: 0x000000008000ff60 (0xfe043783) ld      a5, -32(s0)
core   0: 3 0x000000008000ff60 (0xfe043783) x15 0x00000000800120b3 mem 0x0000000080031f50
core   0: 0x000000008000ff64 (0x00178713) addi    a4, a5, 1
core   0: 3 0x000000008000ff64 (0x00178713) x14 0x00000000800120b4
core   0: 0x000000008000ff68 (0xfee43023) sd      a4, -32(s0)
core   0: 3 0x000000008000ff68 (0xfee43023) mem 0x0000000080031f50 0x00000000800120b4
core   0: 0x000000008000ff6c (0xfc442703) lw      a4, -60(s0)
core   0: 3 0x000000008000ff6c (0xfc442703) x14 0x0000000000000000 mem 0x0000000080031f34
core   0: 0x000000008000ff70 (0x0ff77713) andi    a4, a4, 255
core   0: 3 0x000000008000ff70 (0x0ff77713) x14 0x0000000000000000
core   0: 0x000000008000ff74 (0x00e78023) sb      a4, 0(a5)
core   0: 3 0x000000008000ff74 (0x00e78023) mem 0x00000000800120b3 0x00
core   0: 0x000000008000ff78 (0xfc843703) ld      a4, -56(s0)
core   0: 3 0x000000008000ff78 (0xfc843703) x14 0x0000000080012040 mem 0x0000000080031f38
core   0: 0x000000008000ff7c (0xfb843783) ld      a5, -72(s0)
core   0: 3 0x000000008000ff7c (0xfb843783) x15 0x000000000000009c mem 0x0000000080031f28
core   0: 0x000000008000ff80 (0x000097ba) c.add   a5, a4
core   0: 3 0x000000008000ff80 (0x97ba) x15 0x00000000800120dc
core   0: 0x000000008000ff82 (0xfe043703) ld      a4, -32(s0)
core   0: 3 0x000000008000ff82 (0xfe043703) x14 0x00000000800120b4 mem 0x0000000080031f50
core   0: 0x000000008000ff86 (0xfcf76de3) bltu    a4, a5, pc - 38
core   0: 3 0x000000008000ff86 (0xfcf76de3)
core   0: 0x000000008000ff60 (0xfe043783) ld      a5, -32(s0)
core   0: 3 0x000000008000ff60 (0xfe043783) x15 0x00000000800120b4 mem 0x0000000080031f50
core   0: 0x000000008000ff64 (0x00178713) addi    a4, a5, 1
core   0: 3 0x000000008000ff64 (0x00178713) x14 0x00000000800120b5
core   0: 0x000000008000ff68 (0xfee43023) sd      a4, -32(s0)
core   0: 3 0x000000008000ff68 (0xfee43023) mem 0x0000000080031f50 0x00000000800120b5
core   0: 0x000000008000ff6c (0xfc442703) lw      a4, -60(s0)
core   0: 3 0x000000008000ff6c (0xfc442703) x14 0x0000000000000000 mem 0x0000000080031f34
core   0: 0x000000008000ff70 (0x0ff77713) andi    a4, a4, 255
core   0: 3 0x000000008000ff70 (0x0ff77713) x14 0x0000000000000000
core   0: 0x000000008000ff74 (0x00e78023) sb      a4, 0(a5)
core   0: 3 0x000000008000ff74 (0x00e78023) mem 0x00000000800120b4 0x00
core   0: 0x000000008000ff78 (0xfc843703) ld      a4, -56(s0)
core   0: 3 0x000000008000ff78 (0xfc843703) x14 0x0000000080012040 mem 0x0000000080031f38
core   0: 0x000000008000ff7c (0xfb843783) ld      a5, -72(s0)
core   0: 3 0x000000008000ff7c (0xfb843783) x15 0x000000000000009c mem 0x0000000080031f28
core   0: 0x000000008000ff80 (0x000097ba) c.add   a5, a4
core   0: 3 0x000000008000ff80 (0x97ba) x15 0x00000000800120dc
core   0: 0x000000008000ff82 (0xfe043703) ld      a4, -32(s0)
core   0: 3 0x000000008000ff82 (0xfe043703) x14 0x00000000800120b5 mem 0x0000000080031f50
core   0: 0x000000008000ff86 (0xfcf76de3) bltu    a4, a5, pc - 38
core   0: 3 0x000000008000ff86 (0xfcf76de3)
core   0: 0x000000008000ff60 (0xfe043783) ld      a5, -32(s0)
core   0: 3 0x000000008000ff60 (0xfe043783) x15 0x00000000800120b5 mem 0x0000000080031f50
core   0: 0x000000008000ff64 (0x00178713) addi    a4, a5, 1
core   0: 3 0x000000008000ff64 (0x00178713) x14 0x00000000800120b6
core   0: 0x000000008000ff68 (0xfee43023) sd      a4, -32(s0)
core   0: 3 0x000000008000ff68 (0xfee43023) mem 0x0000000080031f50 0x00000000800120b6
core   0: 0x000000008000ff6c (0xfc442703) lw      a4, -60(s0)
core   0: 3 0x000000008000ff6c (0xfc442703) x14 0x0000000000000000 mem 0x0000000080031f34
core   0: 0x000000008000ff70 (0x0ff77713) andi    a4, a4, 255
core   0: 3 0x000000008000ff70 (0x0ff77713) x14 0x0000000000000000
core   0: 0x000000008000ff74 (0x00e78023) sb      a4, 0(a5)
core   0: 3 0x000000008000ff74 (0x00e78023) mem 0x00000000800120b5 0x00
core   0: 0x000000008000ff78 (0xfc843703) ld      a4, -56(s0)
core   0: 3 0x000000008000ff78 (0xfc843703) x14 0x0000000080012040 mem 0x0000000080031f38
core   0: 0x000000008000ff7c (0xfb843783) ld      a5, -72(s0)
core   0: 3 0x000000008000ff7c (0xfb843783) x15 0x000000000000009c mem 0x0000000080031f28
core   0: 0x000000008000ff80 (0x000097ba) c.add   a5, a4
core   0: 3 0x000000008000ff80 (0x97ba) x15 0x00000000800120dc
core   0: 0x000000008000ff82 (0xfe043703) ld      a4, -32(s0)
core   0: 3 0x000000008000ff82 (0xfe043703) x14 0x00000000800120b6 mem 0x0000000080031f50
core   0: 0x000000008000ff86 (0xfcf76de3) bltu    a4, a5, pc - 38
core   0: 3 0x000000008000ff86 (0xfcf76de3)
core   0: 0x000000008000ff60 (0xfe043783) ld      a5, -32(s0)
core   0: 3 0x000000008000ff60 (0xfe043783) x15 0x00000000800120b6 mem 0x0000000080031f50
core   0: 0x000000008000ff64 (0x00178713) addi    a4, a5, 1
core   0: 3 0x000000008000ff64 (0x00178713) x14 0x00000000800120b7
core   0: 0x000000008000ff68 (0xfee43023) sd      a4, -32(s0)
core   0: 3 0x000000008000ff68 (0xfee43023) mem 0x0000000080031f50 0x00000000800120b7
core   0: 0x000000008000ff6c (0xfc442703) lw      a4, -60(s0)
core   0: 3 0x000000008000ff6c (0xfc442703) x14 0x0000000000000000 mem 0x0000000080031f34
core   0: 0x000000008000ff70 (0x0ff77713) andi    a4, a4, 255
core   0: 3 0x000000008000ff70 (0x0ff77713) x14 0x0000000000000000
core   0: 0x000000008000ff74 (0x00e78023) sb      a4, 0(a5)
core   0: 3 0x000000008000ff74 (0x00e78023) mem 0x00000000800120b6 0x00
core   0: 0x000000008000ff78 (0xfc843703) ld      a4, -56(s0)
core   0: 3 0x000000008000ff78 (0xfc843703) x14 0x0000000080012040 mem 0x0000000080031f38
core   0: 0x000000008000ff7c (0xfb843783) ld      a5, -72(s0)
core   0: 3 0x000000008000ff7c (0xfb843783) x15 0x000000000000009c mem 0x0000000080031f28
core   0: 0x000000008000ff80 (0x000097ba) c.add   a5, a4
core   0: 3 0x000000008000ff80 (0x97ba) x15 0x00000000800120dc
core   0: 0x000000008000ff82 (0xfe043703) ld      a4, -32(s0)
core   0: 3 0x000000008000ff82 (0xfe043703) x14 0x00000000800120b7 mem 0x0000000080031f50
core   0: 0x000000008000ff86 (0xfcf76de3) bltu    a4, a5, pc - 38
core   0: 3 0x000000008000ff86 (0xfcf76de3)
core   0: 0x000000008000ff60 (0xfe043783) ld      a5, -32(s0)
core   0: 3 0x000000008000ff60 (0xfe043783) x15 0x00000000800120b7 mem 0x0000000080031f50
core   0: 0x000000008000ff64 (0x00178713) addi    a4, a5, 1
core   0: 3 0x000000008000ff64 (0x00178713) x14 0x00000000800120b8
core   0: 0x000000008000ff68 (0xfee43023) sd      a4, -32(s0)
core   0: 3 0x000000008000ff68 (0xfee43023) mem 0x0000000080031f50 0x00000000800120b8
core   0: 0x000000008000ff6c (0xfc442703) lw      a4, -60(s0)
core   0: 3 0x000000008000ff6c (0xfc442703) x14 0x0000000000000000 mem 0x0000000080031f34
core   0: 0x000000008000ff70 (0x0ff77713) andi    a4, a4, 255
core   0: 3 0x000000008000ff70 (0x0ff77713) x14 0x0000000000000000
core   0: 0x000000008000ff74 (0x00e78023) sb      a4, 0(a5)
core   0: 3 0x000000008000ff74 (0x00e78023) mem 0x00000000800120b7 0x00
core   0: 0x000000008000ff78 (0xfc843703) ld      a4, -56(s0)
core   0: 3 0x000000008000ff78 (0xfc843703) x14 0x0000000080012040 mem 0x0000000080031f38
core   0: 0x000000008000ff7c (0xfb843783) ld      a5, -72(s0)
core   0: 3 0x000000008000ff7c (0xfb843783) x15 0x000000000000009c mem 0x0000000080031f28
core   0: 0x000000008000ff80 (0x000097ba) c.add   a5, a4
core   0: 3 0x000000008000ff80 (0x97ba) x15 0x00000000800120dc
core   0: 0x000000008000ff82 (0xfe043703) ld      a4, -32(s0)
core   0: 3 0x000000008000ff82 (0xfe043703) x14 0x00000000800120b8 mem 0x0000000080031f50
core   0: 0x000000008000ff86 (0xfcf76de3) bltu    a4, a5, pc - 38
core   0: 3 0x000000008000ff86 (0xfcf76de3)
core   0: 0x000000008000ff60 (0xfe043783) ld      a5, -32(s0)
core   0: 3 0x000000008000ff60 (0xfe043783) x15 0x00000000800120b8 mem 0x0000000080031f50
core   0: 0x000000008000ff64 (0x00178713) addi    a4, a5, 1
core   0: 3 0x000000008000ff64 (0x00178713) x14 0x00000000800120b9
core   0: 0x000000008000ff68 (0xfee43023) sd      a4, -32(s0)
core   0: 3 0x000000008000ff68 (0xfee43023) mem 0x0000000080031f50 0x00000000800120b9
core   0: 0x000000008000ff6c (0xfc442703) lw      a4, -60(s0)
core   0: 3 0x000000008000ff6c (0xfc442703) x14 0x0000000000000000 mem 0x0000000080031f34
core   0: 0x000000008000ff70 (0x0ff77713) andi    a4, a4, 255
core   0: 3 0x000000008000ff70 (0x0ff77713) x14 0x0000000000000000
core   0: 0x000000008000ff74 (0x00e78023) sb      a4, 0(a5)
core   0: 3 0x000000008000ff74 (0x00e78023) mem 0x00000000800120b8 0x00
core   0: 0x000000008000ff78 (0xfc843703) ld      a4, -56(s0)
core   0: 3 0x000000008000ff78 (0xfc843703) x14 0x0000000080012040 mem 0x0000000080031f38
core   0: 0x000000008000ff7c (0xfb843783) ld      a5, -72(s0)
core   0: 3 0x000000008000ff7c (0xfb843783) x15 0x000000000000009c mem 0x0000000080031f28
core   0: 0x000000008000ff80 (0x000097ba) c.add   a5, a4
core   0: 3 0x000000008000ff80 (0x97ba) x15 0x00000000800120dc
core   0: 0x000000008000ff82 (0xfe043703) ld      a4, -32(s0)
core   0: 3 0x000000008000ff82 (0xfe043703) x14 0x00000000800120b9 mem 0x0000000080031f50
core   0: 0x000000008000ff86 (0xfcf76de3) bltu    a4, a5, pc - 38
core   0: 3 0x000000008000ff86 (0xfcf76de3)
core   0: 0x000000008000ff60 (0xfe043783) ld      a5, -32(s0)
core   0: 3 0x000000008000ff60 (0xfe043783) x15 0x00000000800120b9 mem 0x0000000080031f50
core   0: 0x000000008000ff64 (0x00178713) addi    a4, a5, 1
core   0: 3 0x000000008000ff64 (0x00178713) x14 0x00000000800120ba
core   0: 0x000000008000ff68 (0xfee43023) sd      a4, -32(s0)
core   0: 3 0x000000008000ff68 (0xfee43023) mem 0x0000000080031f50 0x00000000800120ba
core   0: 0x000000008000ff6c (0xfc442703) lw      a4, -60(s0)
core   0: 3 0x000000008000ff6c (0xfc442703) x14 0x0000000000000000 mem 0x0000000080031f34
core   0: 0x000000008000ff70 (0x0ff77713) andi    a4, a4, 255
core   0: 3 0x000000008000ff70 (0x0ff77713) x14 0x0000000000000000
core   0: 0x000000008000ff74 (0x00e78023) sb      a4, 0(a5)
core   0: 3 0x000000008000ff74 (0x00e78023) mem 0x00000000800120b9 0x00
core   0: 0x000000008000ff78 (0xfc843703) ld      a4, -56(s0)
core   0: 3 0x000000008000ff78 (0xfc843703) x14 0x0000000080012040 mem 0x0000000080031f38
core   0: 0x000000008000ff7c (0xfb843783) ld      a5, -72(s0)
core   0: 3 0x000000008000ff7c (0xfb843783) x15 0x000000000000009c mem 0x0000000080031f28
core   0: 0x000000008000ff80 (0x000097ba) c.add   a5, a4
core   0: 3 0x000000008000ff80 (0x97ba) x15 0x00000000800120dc
core   0: 0x000000008000ff82 (0xfe043703) ld      a4, -32(s0)
core   0: 3 0x000000008000ff82 (0xfe043703) x14 0x00000000800120ba mem 0x0000000080031f50
core   0: 0x000000008000ff86 (0xfcf76de3) bltu    a4, a5, pc - 38
core   0: 3 0x000000008000ff86 (0xfcf76de3)
core   0: 0x000000008000ff60 (0xfe043783) ld      a5, -32(s0)
core   0: 3 0x000000008000ff60 (0xfe043783) x15 0x00000000800120ba mem 0x0000000080031f50
core   0: 0x000000008000ff64 (0x00178713) addi    a4, a5, 1
core   0: 3 0x000000008000ff64 (0x00178713) x14 0x00000000800120bb
core   0: 0x000000008000ff68 (0xfee43023) sd      a4, -32(s0)
core   0: 3 0x000000008000ff68 (0xfee43023) mem 0x0000000080031f50 0x00000000800120bb
core   0: 0x000000008000ff6c (0xfc442703) lw      a4, -60(s0)
core   0: 3 0x000000008000ff6c (0xfc442703) x14 0x0000000000000000 mem 0x0000000080031f34
core   0: 0x000000008000ff70 (0x0ff77713) andi    a4, a4, 255
core   0: 3 0x000000008000ff70 (0x0ff77713) x14 0x0000000000000000
core   0: 0x000000008000ff74 (0x00e78023) sb      a4, 0(a5)
core   0: 3 0x000000008000ff74 (0x00e78023) mem 0x00000000800120ba 0x00
core   0: 0x000000008000ff78 (0xfc843703) ld      a4, -56(s0)
core   0: 3 0x000000008000ff78 (0xfc843703) x14 0x0000000080012040 mem 0x0000000080031f38
core   0: 0x000000008000ff7c (0xfb843783) ld      a5, -72(s0)
core   0: 3 0x000000008000ff7c (0xfb843783) x15 0x000000000000009c mem 0x0000000080031f28
core   0: 0x000000008000ff80 (0x000097ba) c.add   a5, a4
core   0: 3 0x000000008000ff80 (0x97ba) x15 0x00000000800120dc
core   0: 0x000000008000ff82 (0xfe043703) ld      a4, -32(s0)
core   0: 3 0x000000008000ff82 (0xfe043703) x14 0x00000000800120bb mem 0x0000000080031f50
core   0: 0x000000008000ff86 (0xfcf76de3) bltu    a4, a5, pc - 38
core   0: 3 0x000000008000ff86 (0xfcf76de3)
core   0: 0x000000008000ff60 (0xfe043783) ld      a5, -32(s0)
core   0: 3 0x000000008000ff60 (0xfe043783) x15 0x00000000800120bb mem 0x0000000080031f50
core   0: 0x000000008000ff64 (0x00178713) addi    a4, a5, 1
core   0: 3 0x000000008000ff64 (0x00178713) x14 0x00000000800120bc
core   0: 0x000000008000ff68 (0xfee43023) sd      a4, -32(s0)
core   0: 3 0x000000008000ff68 (0xfee43023) mem 0x0000000080031f50 0x00000000800120bc
core   0: 0x000000008000ff6c (0xfc442703) lw      a4, -60(s0)
core   0: 3 0x000000008000ff6c (0xfc442703) x14 0x0000000000000000 mem 0x0000000080031f34
core   0: 0x000000008000ff70 (0x0ff77713) andi    a4, a4, 255
core   0: 3 0x000000008000ff70 (0x0ff77713) x14 0x0000000000000000
core   0: 0x000000008000ff74 (0x00e78023) sb      a4, 0(a5)
core   0: 3 0x000000008000ff74 (0x00e78023) mem 0x00000000800120bb 0x00
core   0: 0x000000008000ff78 (0xfc843703) ld      a4, -56(s0)
core   0: 3 0x000000008000ff78 (0xfc843703) x14 0x0000000080012040 mem 0x0000000080031f38
core   0: 0x000000008000ff7c (0xfb843783) ld      a5, -72(s0)
core   0: 3 0x000000008000ff7c (0xfb843783) x15 0x000000000000009c mem 0x0000000080031f28
core   0: 0x000000008000ff80 (0x000097ba) c.add   a5, a4
core   0: 3 0x000000008000ff80 (0x97ba) x15 0x00000000800120dc
core   0: 0x000000008000ff82 (0xfe043703) ld      a4, -32(s0)
core   0: 3 0x000000008000ff82 (0xfe043703) x14 0x00000000800120bc mem 0x0000000080031f50
core   0: 0x000000008000ff86 (0xfcf76de3) bltu    a4, a5, pc - 38
core   0: 3 0x000000008000ff86 (0xfcf76de3)
core   0: 0x000000008000ff60 (0xfe043783) ld      a5, -32(s0)
core   0: 3 0x000000008000ff60 (0xfe043783) x15 0x00000000800120bc mem 0x0000000080031f50
core   0: 0x000000008000ff64 (0x00178713) addi    a4, a5, 1
core   0: 3 0x000000008000ff64 (0x00178713) x14 0x00000000800120bd
core   0: 0x000000008000ff68 (0xfee43023) sd      a4, -32(s0)
core   0: 3 0x000000008000ff68 (0xfee43023) mem 0x0000000080031f50 0x00000000800120bd
core   0: 0x000000008000ff6c (0xfc442703) lw      a4, -60(s0)
core   0: 3 0x000000008000ff6c (0xfc442703) x14 0x0000000000000000 mem 0x0000000080031f34
core   0: 0x000000008000ff70 (0x0ff77713) andi    a4, a4, 255
core   0: 3 0x000000008000ff70 (0x0ff77713) x14 0x0000000000000000
core   0: 0x000000008000ff74 (0x00e78023) sb      a4, 0(a5)
core   0: 3 0x000000008000ff74 (0x00e78023) mem 0x00000000800120bc 0x00
core   0: 0x000000008000ff78 (0xfc843703) ld      a4, -56(s0)
core   0: 3 0x000000008000ff78 (0xfc843703) x14 0x0000000080012040 mem 0x0000000080031f38
core   0: 0x000000008000ff7c (0xfb843783) ld      a5, -72(s0)
core   0: 3 0x000000008000ff7c (0xfb843783) x15 0x000000000000009c mem 0x0000000080031f28
core   0: 0x000000008000ff80 (0x000097ba) c.add   a5, a4
core   0: 3 0x000000008000ff80 (0x97ba) x15 0x00000000800120dc
core   0: 0x000000008000ff82 (0xfe043703) ld      a4, -32(s0)
core   0: 3 0x000000008000ff82 (0xfe043703) x14 0x00000000800120bd mem 0x0000000080031f50
core   0: 0x000000008000ff86 (0xfcf76de3) bltu    a4, a5, pc - 38
core   0: 3 0x000000008000ff86 (0xfcf76de3)
core   0: 0x000000008000ff60 (0xfe043783) ld      a5, -32(s0)
core   0: 3 0x000000008000ff60 (0xfe043783) x15 0x00000000800120bd mem 0x0000000080031f50
core   0: 0x000000008000ff64 (0x00178713) addi    a4, a5, 1
core   0: 3 0x000000008000ff64 (0x00178713) x14 0x00000000800120be
core   0: 0x000000008000ff68 (0xfee43023) sd      a4, -32(s0)
core   0: 3 0x000000008000ff68 (0xfee43023) mem 0x0000000080031f50 0x00000000800120be
core   0: 0x000000008000ff6c (0xfc442703) lw      a4, -60(s0)
core   0: 3 0x000000008000ff6c (0xfc442703) x14 0x0000000000000000 mem 0x0000000080031f34
core   0: 0x000000008000ff70 (0x0ff77713) andi    a4, a4, 255
core   0: 3 0x000000008000ff70 (0x0ff77713) x14 0x0000000000000000
core   0: 0x000000008000ff74 (0x00e78023) sb      a4, 0(a5)
core   0: 3 0x000000008000ff74 (0x00e78023) mem 0x00000000800120bd 0x00
core   0: 0x000000008000ff78 (0xfc843703) ld      a4, -56(s0)
core   0: 3 0x000000008000ff78 (0xfc843703) x14 0x0000000080012040 mem 0x0000000080031f38
core   0: 0x000000008000ff7c (0xfb843783) ld      a5, -72(s0)
core   0: 3 0x000000008000ff7c (0xfb843783) x15 0x000000000000009c mem 0x0000000080031f28
core   0: 0x000000008000ff80 (0x000097ba) c.add   a5, a4
core   0: 3 0x000000008000ff80 (0x97ba) x15 0x00000000800120dc
core   0: 0x000000008000ff82 (0xfe043703) ld      a4, -32(s0)
core   0: 3 0x000000008000ff82 (0xfe043703) x14 0x00000000800120be mem 0x0000000080031f50
core   0: 0x000000008000ff86 (0xfcf76de3) bltu    a4, a5, pc - 38
core   0: 3 0x000000008000ff86 (0xfcf76de3)
core   0: 0x000000008000ff60 (0xfe043783) ld      a5, -32(s0)
core   0: 3 0x000000008000ff60 (0xfe043783) x15 0x00000000800120be mem 0x0000000080031f50
core   0: 0x000000008000ff64 (0x00178713) addi    a4, a5, 1
core   0: 3 0x000000008000ff64 (0x00178713) x14 0x00000000800120bf
core   0: 0x000000008000ff68 (0xfee43023) sd      a4, -32(s0)
core   0: 3 0x000000008000ff68 (0xfee43023) mem 0x0000000080031f50 0x00000000800120bf
core   0: 0x000000008000ff6c (0xfc442703) lw      a4, -60(s0)
core   0: 3 0x000000008000ff6c (0xfc442703) x14 0x0000000000000000 mem 0x0000000080031f34
core   0: 0x000000008000ff70 (0x0ff77713) andi    a4, a4, 255
core   0: 3 0x000000008000ff70 (0x0ff77713) x14 0x0000000000000000
core   0: 0x000000008000ff74 (0x00e78023) sb      a4, 0(a5)
core   0: 3 0x000000008000ff74 (0x00e78023) mem 0x00000000800120be 0x00
core   0: 0x000000008000ff78 (0xfc843703) ld      a4, -56(s0)
core   0: 3 0x000000008000ff78 (0xfc843703) x14 0x0000000080012040 mem 0x0000000080031f38
core   0: 0x000000008000ff7c (0xfb843783) ld      a5, -72(s0)
core   0: 3 0x000000008000ff7c (0xfb843783) x15 0x000000000000009c mem 0x0000000080031f28
core   0: 0x000000008000ff80 (0x000097ba) c.add   a5, a4
core   0: 3 0x000000008000ff80 (0x97ba) x15 0x00000000800120dc
core   0: 0x000000008000ff82 (0xfe043703) ld      a4, -32(s0)
core   0: 3 0x000000008000ff82 (0xfe043703) x14 0x00000000800120bf mem 0x0000000080031f50
core   0: 0x000000008000ff86 (0xfcf76de3) bltu    a4, a5, pc - 38
core   0: 3 0x000000008000ff86 (0xfcf76de3)
core   0: 0x000000008000ff60 (0xfe043783) ld      a5, -32(s0)
core   0: 3 0x000000008000ff60 (0xfe043783) x15 0x00000000800120bf mem 0x0000000080031f50
core   0: 0x000000008000ff64 (0x00178713) addi    a4, a5, 1
core   0: 3 0x000000008000ff64 (0x00178713) x14 0x00000000800120c0
core   0: 0x000000008000ff68 (0xfee43023) sd      a4, -32(s0)
core   0: 3 0x000000008000ff68 (0xfee43023) mem 0x0000000080031f50 0x00000000800120c0
core   0: 0x000000008000ff6c (0xfc442703) lw      a4, -60(s0)
core   0: 3 0x000000008000ff6c (0xfc442703) x14 0x0000000000000000 mem 0x0000000080031f34
core   0: 0x000000008000ff70 (0x0ff77713) andi    a4, a4, 255
core   0: 3 0x000000008000ff70 (0x0ff77713) x14 0x0000000000000000
core   0: 0x000000008000ff74 (0x00e78023) sb      a4, 0(a5)
core   0: 3 0x000000008000ff74 (0x00e78023) mem 0x00000000800120bf 0x00
core   0: 0x000000008000ff78 (0xfc843703) ld      a4, -56(s0)
core   0: 3 0x000000008000ff78 (0xfc843703) x14 0x0000000080012040 mem 0x0000000080031f38
core   0: 0x000000008000ff7c (0xfb843783) ld      a5, -72(s0)
core   0: 3 0x000000008000ff7c (0xfb843783) x15 0x000000000000009c mem 0x0000000080031f28
core   0: 0x000000008000ff80 (0x000097ba) c.add   a5, a4
core   0: 3 0x000000008000ff80 (0x97ba) x15 0x00000000800120dc
core   0: 0x000000008000ff82 (0xfe043703) ld      a4, -32(s0)
core   0: 3 0x000000008000ff82 (0xfe043703) x14 0x00000000800120c0 mem 0x0000000080031f50
core   0: 0x000000008000ff86 (0xfcf76de3) bltu    a4, a5, pc - 38
core   0: 3 0x000000008000ff86 (0xfcf76de3)
core   0: 0x000000008000ff60 (0xfe043783) ld      a5, -32(s0)
core   0: 3 0x000000008000ff60 (0xfe043783) x15 0x00000000800120c0 mem 0x0000000080031f50
core   0: 0x000000008000ff64 (0x00178713) addi    a4, a5, 1
core   0: 3 0x000000008000ff64 (0x00178713) x14 0x00000000800120c1
core   0: 0x000000008000ff68 (0xfee43023) sd      a4, -32(s0)
core   0: 3 0x000000008000ff68 (0xfee43023) mem 0x0000000080031f50 0x00000000800120c1
core   0: 0x000000008000ff6c (0xfc442703) lw      a4, -60(s0)
core   0: 3 0x000000008000ff6c (0xfc442703) x14 0x0000000000000000 mem 0x0000000080031f34
core   0: 0x000000008000ff70 (0x0ff77713) andi    a4, a4, 255
core   0: 3 0x000000008000ff70 (0x0ff77713) x14 0x0000000000000000
core   0: 0x000000008000ff74 (0x00e78023) sb      a4, 0(a5)
core   0: 3 0x000000008000ff74 (0x00e78023) mem 0x00000000800120c0 0x00
core   0: 0x000000008000ff78 (0xfc843703) ld      a4, -56(s0)
core   0: 3 0x000000008000ff78 (0xfc843703) x14 0x0000000080012040 mem 0x0000000080031f38
core   0: 0x000000008000ff7c (0xfb843783) ld      a5, -72(s0)
core   0: 3 0x000000008000ff7c (0xfb843783) x15 0x000000000000009c mem 0x0000000080031f28
core   0: 0x000000008000ff80 (0x000097ba) c.add   a5, a4
core   0: 3 0x000000008000ff80 (0x97ba) x15 0x00000000800120dc
core   0: 0x000000008000ff82 (0xfe043703) ld      a4, -32(s0)
core   0: 3 0x000000008000ff82 (0xfe043703) x14 0x00000000800120c1 mem 0x0000000080031f50
core   0: 0x000000008000ff86 (0xfcf76de3) bltu    a4, a5, pc - 38
core   0: 3 0x000000008000ff86 (0xfcf76de3)
core   0: 0x000000008000ff60 (0xfe043783) ld      a5, -32(s0)
core   0: 3 0x000000008000ff60 (0xfe043783) x15 0x00000000800120c1 mem 0x0000000080031f50
core   0: 0x000000008000ff64 (0x00178713) addi    a4, a5, 1
core   0: 3 0x000000008000ff64 (0x00178713) x14 0x00000000800120c2
core   0: 0x000000008000ff68 (0xfee43023) sd      a4, -32(s0)
core   0: 3 0x000000008000ff68 (0xfee43023) mem 0x0000000080031f50 0x00000000800120c2
core   0: 0x000000008000ff6c (0xfc442703) lw      a4, -60(s0)
core   0: 3 0x000000008000ff6c (0xfc442703) x14 0x0000000000000000 mem 0x0000000080031f34
core   0: 0x000000008000ff70 (0x0ff77713) andi    a4, a4, 255
core   0: 3 0x000000008000ff70 (0x0ff77713) x14 0x0000000000000000
core   0: 0x000000008000ff74 (0x00e78023) sb      a4, 0(a5)
core   0: 3 0x000000008000ff74 (0x00e78023) mem 0x00000000800120c1 0x00
core   0: 0x000000008000ff78 (0xfc843703) ld      a4, -56(s0)
core   0: 3 0x000000008000ff78 (0xfc843703) x14 0x0000000080012040 mem 0x0000000080031f38
core   0: 0x000000008000ff7c (0xfb843783) ld      a5, -72(s0)
core   0: 3 0x000000008000ff7c (0xfb843783) x15 0x000000000000009c mem 0x0000000080031f28
core   0: 0x000000008000ff80 (0x000097ba) c.add   a5, a4
core   0: 3 0x000000008000ff80 (0x97ba) x15 0x00000000800120dc
core   0: 0x000000008000ff82 (0xfe043703) ld      a4, -32(s0)
core   0: 3 0x000000008000ff82 (0xfe043703) x14 0x00000000800120c2 mem 0x0000000080031f50
core   0: 0x000000008000ff86 (0xfcf76de3) bltu    a4, a5, pc - 38
core   0: 3 0x000000008000ff86 (0xfcf76de3)
core   0: 0x000000008000ff60 (0xfe043783) ld      a5, -32(s0)
core   0: 3 0x000000008000ff60 (0xfe043783) x15 0x00000000800120c2 mem 0x0000000080031f50
core   0: 0x000000008000ff64 (0x00178713) addi    a4, a5, 1
core   0: 3 0x000000008000ff64 (0x00178713) x14 0x00000000800120c3
core   0: 0x000000008000ff68 (0xfee43023) sd      a4, -32(s0)
core   0: 3 0x000000008000ff68 (0xfee43023) mem 0x0000000080031f50 0x00000000800120c3
core   0: 0x000000008000ff6c (0xfc442703) lw      a4, -60(s0)
core   0: 3 0x000000008000ff6c (0xfc442703) x14 0x0000000000000000 mem 0x0000000080031f34
core   0: 0x000000008000ff70 (0x0ff77713) andi    a4, a4, 255
core   0: 3 0x000000008000ff70 (0x0ff77713) x14 0x0000000000000000
core   0: 0x000000008000ff74 (0x00e78023) sb      a4, 0(a5)
core   0: 3 0x000000008000ff74 (0x00e78023) mem 0x00000000800120c2 0x00
core   0: 0x000000008000ff78 (0xfc843703) ld      a4, -56(s0)
core   0: 3 0x000000008000ff78 (0xfc843703) x14 0x0000000080012040 mem 0x0000000080031f38
core   0: 0x000000008000ff7c (0xfb843783) ld      a5, -72(s0)
core   0: 3 0x000000008000ff7c (0xfb843783) x15 0x000000000000009c mem 0x0000000080031f28
core   0: 0x000000008000ff80 (0x000097ba) c.add   a5, a4
core   0: 3 0x000000008000ff80 (0x97ba) x15 0x00000000800120dc
core   0: 0x000000008000ff82 (0xfe043703) ld      a4, -32(s0)
core   0: 3 0x000000008000ff82 (0xfe043703) x14 0x00000000800120c3 mem 0x0000000080031f50
core   0: 0x000000008000ff86 (0xfcf76de3) bltu    a4, a5, pc - 38
core   0: 3 0x000000008000ff86 (0xfcf76de3)
core   0: 0x000000008000ff60 (0xfe043783) ld      a5, -32(s0)
core   0: 3 0x000000008000ff60 (0xfe043783) x15 0x00000000800120c3 mem 0x0000000080031f50
core   0: 0x000000008000ff64 (0x00178713) addi    a4, a5, 1
core   0: 3 0x000000008000ff64 (0x00178713) x14 0x00000000800120c4
core   0: 0x000000008000ff68 (0xfee43023) sd      a4, -32(s0)
core   0: 3 0x000000008000ff68 (0xfee43023) mem 0x0000000080031f50 0x00000000800120c4
core   0: 0x000000008000ff6c (0xfc442703) lw      a4, -60(s0)
core   0: 3 0x000000008000ff6c (0xfc442703) x14 0x0000000000000000 mem 0x0000000080031f34
core   0: 0x000000008000ff70 (0x0ff77713) andi    a4, a4, 255
core   0: 3 0x000000008000ff70 (0x0ff77713) x14 0x0000000000000000
core   0: 0x000000008000ff74 (0x00e78023) sb      a4, 0(a5)
core   0: 3 0x000000008000ff74 (0x00e78023) mem 0x00000000800120c3 0x00
core   0: 0x000000008000ff78 (0xfc843703) ld      a4, -56(s0)
core   0: 3 0x000000008000ff78 (0xfc843703) x14 0x0000000080012040 mem 0x0000000080031f38
core   0: 0x000000008000ff7c (0xfb843783) ld      a5, -72(s0)
core   0: 3 0x000000008000ff7c (0xfb843783) x15 0x000000000000009c mem 0x0000000080031f28
core   0: 0x000000008000ff80 (0x000097ba) c.add   a5, a4
core   0: 3 0x000000008000ff80 (0x97ba) x15 0x00000000800120dc
core   0: 0x000000008000ff82 (0xfe043703) ld      a4, -32(s0)
core   0: 3 0x000000008000ff82 (0xfe043703) x14 0x00000000800120c4 mem 0x0000000080031f50
core   0: 0x000000008000ff86 (0xfcf76de3) bltu    a4, a5, pc - 38
core   0: 3 0x000000008000ff86 (0xfcf76de3)
core   0: 0x000000008000ff60 (0xfe043783) ld      a5, -32(s0)
core   0: 3 0x000000008000ff60 (0xfe043783) x15 0x00000000800120c4 mem 0x0000000080031f50
core   0: 0x000000008000ff64 (0x00178713) addi    a4, a5, 1
core   0: 3 0x000000008000ff64 (0x00178713) x14 0x00000000800120c5
core   0: 0x000000008000ff68 (0xfee43023) sd      a4, -32(s0)
core   0: 3 0x000000008000ff68 (0xfee43023) mem 0x0000000080031f50 0x00000000800120c5
core   0: 0x000000008000ff6c (0xfc442703) lw      a4, -60(s0)
core   0: 3 0x000000008000ff6c (0xfc442703) x14 0x0000000000000000 mem 0x0000000080031f34
core   0: 0x000000008000ff70 (0x0ff77713) andi    a4, a4, 255
core   0: 3 0x000000008000ff70 (0x0ff77713) x14 0x0000000000000000
core   0: 0x000000008000ff74 (0x00e78023) sb      a4, 0(a5)
core   0: 3 0x000000008000ff74 (0x00e78023) mem 0x00000000800120c4 0x00
core   0: 0x000000008000ff78 (0xfc843703) ld      a4, -56(s0)
core   0: 3 0x000000008000ff78 (0xfc843703) x14 0x0000000080012040 mem 0x0000000080031f38
core   0: 0x000000008000ff7c (0xfb843783) ld      a5, -72(s0)
core   0: 3 0x000000008000ff7c (0xfb843783) x15 0x000000000000009c mem 0x0000000080031f28
core   0: 0x000000008000ff80 (0x000097ba) c.add   a5, a4
core   0: 3 0x000000008000ff80 (0x97ba) x15 0x00000000800120dc
core   0: 0x000000008000ff82 (0xfe043703) ld      a4, -32(s0)
core   0: 3 0x000000008000ff82 (0xfe043703) x14 0x00000000800120c5 mem 0x0000000080031f50
core   0: 0x000000008000ff86 (0xfcf76de3) bltu    a4, a5, pc - 38
core   0: 3 0x000000008000ff86 (0xfcf76de3)
core   0: 0x000000008000ff60 (0xfe043783) ld      a5, -32(s0)
core   0: 3 0x000000008000ff60 (0xfe043783) x15 0x00000000800120c5 mem 0x0000000080031f50
core   0: 0x000000008000ff64 (0x00178713) addi    a4, a5, 1
core   0: 3 0x000000008000ff64 (0x00178713) x14 0x00000000800120c6
core   0: 0x000000008000ff68 (0xfee43023) sd      a4, -32(s0)
core   0: 3 0x000000008000ff68 (0xfee43023) mem 0x0000000080031f50 0x00000000800120c6
core   0: 0x000000008000ff6c (0xfc442703) lw      a4, -60(s0)
core   0: 3 0x000000008000ff6c (0xfc442703) x14 0x0000000000000000 mem 0x0000000080031f34
core   0: 0x000000008000ff70 (0x0ff77713) andi    a4, a4, 255
core   0: 3 0x000000008000ff70 (0x0ff77713) x14 0x0000000000000000
core   0: 0x000000008000ff74 (0x00e78023) sb      a4, 0(a5)
core   0: 3 0x000000008000ff74 (0x00e78023) mem 0x00000000800120c5 0x00
core   0: 0x000000008000ff78 (0xfc843703) ld      a4, -56(s0)
core   0: 3 0x000000008000ff78 (0xfc843703) x14 0x0000000080012040 mem 0x0000000080031f38
core   0: 0x000000008000ff7c (0xfb843783) ld      a5, -72(s0)
core   0: 3 0x000000008000ff7c (0xfb843783) x15 0x000000000000009c mem 0x0000000080031f28
core   0: 0x000000008000ff80 (0x000097ba) c.add   a5, a4
core   0: 3 0x000000008000ff80 (0x97ba) x15 0x00000000800120dc
core   0: 0x000000008000ff82 (0xfe043703) ld      a4, -32(s0)
core   0: 3 0x000000008000ff82 (0xfe043703) x14 0x00000000800120c6 mem 0x0000000080031f50
core   0: 0x000000008000ff86 (0xfcf76de3) bltu    a4, a5, pc - 38
core   0: 3 0x000000008000ff86 (0xfcf76de3)
core   0: 0x000000008000ff60 (0xfe043783) ld      a5, -32(s0)
core   0: 3 0x000000008000ff60 (0xfe043783) x15 0x00000000800120c6 mem 0x0000000080031f50
core   0: 0x000000008000ff64 (0x00178713) addi    a4, a5, 1
core   0: 3 0x000000008000ff64 (0x00178713) x14 0x00000000800120c7
core   0: 0x000000008000ff68 (0xfee43023) sd      a4, -32(s0)
core   0: 3 0x000000008000ff68 (0xfee43023) mem 0x0000000080031f50 0x00000000800120c7
core   0: 0x000000008000ff6c (0xfc442703) lw      a4, -60(s0)
core   0: 3 0x000000008000ff6c (0xfc442703) x14 0x0000000000000000 mem 0x0000000080031f34
core   0: 0x000000008000ff70 (0x0ff77713) andi    a4, a4, 255
core   0: 3 0x000000008000ff70 (0x0ff77713) x14 0x0000000000000000
core   0: 0x000000008000ff74 (0x00e78023) sb      a4, 0(a5)
core   0: 3 0x000000008000ff74 (0x00e78023) mem 0x00000000800120c6 0x00
core   0: 0x000000008000ff78 (0xfc843703) ld      a4, -56(s0)
core   0: 3 0x000000008000ff78 (0xfc843703) x14 0x0000000080012040 mem 0x0000000080031f38
core   0: 0x000000008000ff7c (0xfb843783) ld      a5, -72(s0)
core   0: 3 0x000000008000ff7c (0xfb843783) x15 0x000000000000009c mem 0x0000000080031f28
core   0: 0x000000008000ff80 (0x000097ba) c.add   a5, a4
core   0: 3 0x000000008000ff80 (0x97ba) x15 0x00000000800120dc
core   0: 0x000000008000ff82 (0xfe043703) ld      a4, -32(s0)
core   0: 3 0x000000008000ff82 (0xfe043703) x14 0x00000000800120c7 mem 0x0000000080031f50
core   0: 0x000000008000ff86 (0xfcf76de3) bltu    a4, a5, pc - 38
core   0: 3 0x000000008000ff86 (0xfcf76de3)
core   0: 0x000000008000ff60 (0xfe043783) ld      a5, -32(s0)
core   0: 3 0x000000008000ff60 (0xfe043783) x15 0x00000000800120c7 mem 0x0000000080031f50
core   0: 0x000000008000ff64 (0x00178713) addi    a4, a5, 1
core   0: 3 0x000000008000ff64 (0x00178713) x14 0x00000000800120c8
core   0: 0x000000008000ff68 (0xfee43023) sd      a4, -32(s0)
core   0: 3 0x000000008000ff68 (0xfee43023) mem 0x0000000080031f50 0x00000000800120c8
core   0: 0x000000008000ff6c (0xfc442703) lw      a4, -60(s0)
core   0: 3 0x000000008000ff6c (0xfc442703) x14 0x0000000000000000 mem 0x0000000080031f34
core   0: 0x000000008000ff70 (0x0ff77713) andi    a4, a4, 255
core   0: 3 0x000000008000ff70 (0x0ff77713) x14 0x0000000000000000
core   0: 0x000000008000ff74 (0x00e78023) sb      a4, 0(a5)
core   0: 3 0x000000008000ff74 (0x00e78023) mem 0x00000000800120c7 0x00
core   0: 0x000000008000ff78 (0xfc843703) ld      a4, -56(s0)
core   0: 3 0x000000008000ff78 (0xfc843703) x14 0x0000000080012040 mem 0x0000000080031f38
core   0: 0x000000008000ff7c (0xfb843783) ld      a5, -72(s0)
core   0: 3 0x000000008000ff7c (0xfb843783) x15 0x000000000000009c mem 0x0000000080031f28
core   0: 0x000000008000ff80 (0x000097ba) c.add   a5, a4
core   0: 3 0x000000008000ff80 (0x97ba) x15 0x00000000800120dc
core   0: 0x000000008000ff82 (0xfe043703) ld      a4, -32(s0)
core   0: 3 0x000000008000ff82 (0xfe043703) x14 0x00000000800120c8 mem 0x0000000080031f50
core   0: 0x000000008000ff86 (0xfcf76de3) bltu    a4, a5, pc - 38
core   0: 3 0x000000008000ff86 (0xfcf76de3)
core   0: 0x000000008000ff60 (0xfe043783) ld      a5, -32(s0)
core   0: 3 0x000000008000ff60 (0xfe043783) x15 0x00000000800120c8 mem 0x0000000080031f50
core   0: 0x000000008000ff64 (0x00178713) addi    a4, a5, 1
core   0: 3 0x000000008000ff64 (0x00178713) x14 0x00000000800120c9
core   0: 0x000000008000ff68 (0xfee43023) sd      a4, -32(s0)
core   0: 3 0x000000008000ff68 (0xfee43023) mem 0x0000000080031f50 0x00000000800120c9
core   0: 0x000000008000ff6c (0xfc442703) lw      a4, -60(s0)
core   0: 3 0x000000008000ff6c (0xfc442703) x14 0x0000000000000000 mem 0x0000000080031f34
core   0: 0x000000008000ff70 (0x0ff77713) andi    a4, a4, 255
core   0: 3 0x000000008000ff70 (0x0ff77713) x14 0x0000000000000000
core   0: 0x000000008000ff74 (0x00e78023) sb      a4, 0(a5)
core   0: 3 0x000000008000ff74 (0x00e78023) mem 0x00000000800120c8 0x00
core   0: 0x000000008000ff78 (0xfc843703) ld      a4, -56(s0)
core   0: 3 0x000000008000ff78 (0xfc843703) x14 0x0000000080012040 mem 0x0000000080031f38
core   0: 0x000000008000ff7c (0xfb843783) ld      a5, -72(s0)
core   0: 3 0x000000008000ff7c (0xfb843783) x15 0x000000000000009c mem 0x0000000080031f28
core   0: 0x000000008000ff80 (0x000097ba) c.add   a5, a4
core   0: 3 0x000000008000ff80 (0x97ba) x15 0x00000000800120dc
core   0: 0x000000008000ff82 (0xfe043703) ld      a4, -32(s0)
core   0: 3 0x000000008000ff82 (0xfe043703) x14 0x00000000800120c9 mem 0x0000000080031f50
core   0: 0x000000008000ff86 (0xfcf76de3) bltu    a4, a5, pc - 38
core   0: 3 0x000000008000ff86 (0xfcf76de3)
core   0: 0x000000008000ff60 (0xfe043783) ld      a5, -32(s0)
core   0: 3 0x000000008000ff60 (0xfe043783) x15 0x00000000800120c9 mem 0x0000000080031f50
core   0: 0x000000008000ff64 (0x00178713) addi    a4, a5, 1
core   0: 3 0x000000008000ff64 (0x00178713) x14 0x00000000800120ca
core   0: 0x000000008000ff68 (0xfee43023) sd      a4, -32(s0)
core   0: 3 0x000000008000ff68 (0xfee43023) mem 0x0000000080031f50 0x00000000800120ca
core   0: 0x000000008000ff6c (0xfc442703) lw      a4, -60(s0)
core   0: 3 0x000000008000ff6c (0xfc442703) x14 0x0000000000000000 mem 0x0000000080031f34
core   0: 0x000000008000ff70 (0x0ff77713) andi    a4, a4, 255
core   0: 3 0x000000008000ff70 (0x0ff77713) x14 0x0000000000000000
core   0: 0x000000008000ff74 (0x00e78023) sb      a4, 0(a5)
core   0: 3 0x000000008000ff74 (0x00e78023) mem 0x00000000800120c9 0x00
core   0: 0x000000008000ff78 (0xfc843703) ld      a4, -56(s0)
core   0: 3 0x000000008000ff78 (0xfc843703) x14 0x0000000080012040 mem 0x0000000080031f38
core   0: 0x000000008000ff7c (0xfb843783) ld      a5, -72(s0)
core   0: 3 0x000000008000ff7c (0xfb843783) x15 0x000000000000009c mem 0x0000000080031f28
core   0: 0x000000008000ff80 (0x000097ba) c.add   a5, a4
core   0: 3 0x000000008000ff80 (0x97ba) x15 0x00000000800120dc
core   0: 0x000000008000ff82 (0xfe043703) ld      a4, -32(s0)
core   0: 3 0x000000008000ff82 (0xfe043703) x14 0x00000000800120ca mem 0x0000000080031f50
core   0: 0x000000008000ff86 (0xfcf76de3) bltu    a4, a5, pc - 38
core   0: 3 0x000000008000ff86 (0xfcf76de3)
core   0: 0x000000008000ff60 (0xfe043783) ld      a5, -32(s0)
core   0: 3 0x000000008000ff60 (0xfe043783) x15 0x00000000800120ca mem 0x0000000080031f50
core   0: 0x000000008000ff64 (0x00178713) addi    a4, a5, 1
core   0: 3 0x000000008000ff64 (0x00178713) x14 0x00000000800120cb
core   0: 0x000000008000ff68 (0xfee43023) sd      a4, -32(s0)
core   0: 3 0x000000008000ff68 (0xfee43023) mem 0x0000000080031f50 0x00000000800120cb
core   0: 0x000000008000ff6c (0xfc442703) lw      a4, -60(s0)
core   0: 3 0x000000008000ff6c (0xfc442703) x14 0x0000000000000000 mem 0x0000000080031f34
core   0: 0x000000008000ff70 (0x0ff77713) andi    a4, a4, 255
core   0: 3 0x000000008000ff70 (0x0ff77713) x14 0x0000000000000000
core   0: 0x000000008000ff74 (0x00e78023) sb      a4, 0(a5)
core   0: 3 0x000000008000ff74 (0x00e78023) mem 0x00000000800120ca 0x00
core   0: 0x000000008000ff78 (0xfc843703) ld      a4, -56(s0)
core   0: 3 0x000000008000ff78 (0xfc843703) x14 0x0000000080012040 mem 0x0000000080031f38
core   0: 0x000000008000ff7c (0xfb843783) ld      a5, -72(s0)
core   0: 3 0x000000008000ff7c (0xfb843783) x15 0x000000000000009c mem 0x0000000080031f28
core   0: 0x000000008000ff80 (0x000097ba) c.add   a5, a4
core   0: 3 0x000000008000ff80 (0x97ba) x15 0x00000000800120dc
core   0: 0x000000008000ff82 (0xfe043703) ld      a4, -32(s0)
core   0: 3 0x000000008000ff82 (0xfe043703) x14 0x00000000800120cb mem 0x0000000080031f50
core   0: 0x000000008000ff86 (0xfcf76de3) bltu    a4, a5, pc - 38
core   0: 3 0x000000008000ff86 (0xfcf76de3)
core   0: 0x000000008000ff60 (0xfe043783) ld      a5, -32(s0)
core   0: 3 0x000000008000ff60 (0xfe043783) x15 0x00000000800120cb mem 0x0000000080031f50
core   0: 0x000000008000ff64 (0x00178713) addi    a4, a5, 1
core   0: 3 0x000000008000ff64 (0x00178713) x14 0x00000000800120cc
core   0: 0x000000008000ff68 (0xfee43023) sd      a4, -32(s0)
core   0: 3 0x000000008000ff68 (0xfee43023) mem 0x0000000080031f50 0x00000000800120cc
core   0: 0x000000008000ff6c (0xfc442703) lw      a4, -60(s0)
core   0: 3 0x000000008000ff6c (0xfc442703) x14 0x0000000000000000 mem 0x0000000080031f34
core   0: 0x000000008000ff70 (0x0ff77713) andi    a4, a4, 255
core   0: 3 0x000000008000ff70 (0x0ff77713) x14 0x0000000000000000
core   0: 0x000000008000ff74 (0x00e78023) sb      a4, 0(a5)
core   0: 3 0x000000008000ff74 (0x00e78023) mem 0x00000000800120cb 0x00
core   0: 0x000000008000ff78 (0xfc843703) ld      a4, -56(s0)
core   0: 3 0x000000008000ff78 (0xfc843703) x14 0x0000000080012040 mem 0x0000000080031f38
core   0: 0x000000008000ff7c (0xfb843783) ld      a5, -72(s0)
core   0: 3 0x000000008000ff7c (0xfb843783) x15 0x000000000000009c mem 0x0000000080031f28
core   0: 0x000000008000ff80 (0x000097ba) c.add   a5, a4
core   0: 3 0x000000008000ff80 (0x97ba) x15 0x00000000800120dc
core   0: 0x000000008000ff82 (0xfe043703) ld      a4, -32(s0)
core   0: 3 0x000000008000ff82 (0xfe043703) x14 0x00000000800120cc mem 0x0000000080031f50
core   0: 0x000000008000ff86 (0xfcf76de3) bltu    a4, a5, pc - 38
core   0: 3 0x000000008000ff86 (0xfcf76de3)
core   0: 0x000000008000ff60 (0xfe043783) ld      a5, -32(s0)
core   0: 3 0x000000008000ff60 (0xfe043783) x15 0x00000000800120cc mem 0x0000000080031f50
core   0: 0x000000008000ff64 (0x00178713) addi    a4, a5, 1
core   0: 3 0x000000008000ff64 (0x00178713) x14 0x00000000800120cd
core   0: 0x000000008000ff68 (0xfee43023) sd      a4, -32(s0)
core   0: 3 0x000000008000ff68 (0xfee43023) mem 0x0000000080031f50 0x00000000800120cd
core   0: 0x000000008000ff6c (0xfc442703) lw      a4, -60(s0)
core   0: 3 0x000000008000ff6c (0xfc442703) x14 0x0000000000000000 mem 0x0000000080031f34
core   0: 0x000000008000ff70 (0x0ff77713) andi    a4, a4, 255
core   0: 3 0x000000008000ff70 (0x0ff77713) x14 0x0000000000000000
core   0: 0x000000008000ff74 (0x00e78023) sb      a4, 0(a5)
core   0: 3 0x000000008000ff74 (0x00e78023) mem 0x00000000800120cc 0x00
core   0: 0x000000008000ff78 (0xfc843703) ld      a4, -56(s0)
core   0: 3 0x000000008000ff78 (0xfc843703) x14 0x0000000080012040 mem 0x0000000080031f38
core   0: 0x000000008000ff7c (0xfb843783) ld      a5, -72(s0)
core   0: 3 0x000000008000ff7c (0xfb843783) x15 0x000000000000009c mem 0x0000000080031f28
core   0: 0x000000008000ff80 (0x000097ba) c.add   a5, a4
core   0: 3 0x000000008000ff80 (0x97ba) x15 0x00000000800120dc
core   0: 0x000000008000ff82 (0xfe043703) ld      a4, -32(s0)
core   0: 3 0x000000008000ff82 (0xfe043703) x14 0x00000000800120cd mem 0x0000000080031f50
core   0: 0x000000008000ff86 (0xfcf76de3) bltu    a4, a5, pc - 38
core   0: 3 0x000000008000ff86 (0xfcf76de3)
core   0: 0x000000008000ff60 (0xfe043783) ld      a5, -32(s0)
core   0: 3 0x000000008000ff60 (0xfe043783) x15 0x00000000800120cd mem 0x0000000080031f50
core   0: 0x000000008000ff64 (0x00178713) addi    a4, a5, 1
core   0: 3 0x000000008000ff64 (0x00178713) x14 0x00000000800120ce
core   0: 0x000000008000ff68 (0xfee43023) sd      a4, -32(s0)
core   0: 3 0x000000008000ff68 (0xfee43023) mem 0x0000000080031f50 0x00000000800120ce
core   0: 0x000000008000ff6c (0xfc442703) lw      a4, -60(s0)
core   0: 3 0x000000008000ff6c (0xfc442703) x14 0x0000000000000000 mem 0x0000000080031f34
core   0: 0x000000008000ff70 (0x0ff77713) andi    a4, a4, 255
core   0: 3 0x000000008000ff70 (0x0ff77713) x14 0x0000000000000000
core   0: 0x000000008000ff74 (0x00e78023) sb      a4, 0(a5)
core   0: 3 0x000000008000ff74 (0x00e78023) mem 0x00000000800120cd 0x00
core   0: 0x000000008000ff78 (0xfc843703) ld      a4, -56(s0)
core   0: 3 0x000000008000ff78 (0xfc843703) x14 0x0000000080012040 mem 0x0000000080031f38
core   0: 0x000000008000ff7c (0xfb843783) ld      a5, -72(s0)
core   0: 3 0x000000008000ff7c (0xfb843783) x15 0x000000000000009c mem 0x0000000080031f28
core   0: 0x000000008000ff80 (0x000097ba) c.add   a5, a4
core   0: 3 0x000000008000ff80 (0x97ba) x15 0x00000000800120dc
core   0: 0x000000008000ff82 (0xfe043703) ld      a4, -32(s0)
core   0: 3 0x000000008000ff82 (0xfe043703) x14 0x00000000800120ce mem 0x0000000080031f50
core   0: 0x000000008000ff86 (0xfcf76de3) bltu    a4, a5, pc - 38
core   0: 3 0x000000008000ff86 (0xfcf76de3)
core   0: 0x000000008000ff60 (0xfe043783) ld      a5, -32(s0)
core   0: 3 0x000000008000ff60 (0xfe043783) x15 0x00000000800120ce mem 0x0000000080031f50
core   0: 0x000000008000ff64 (0x00178713) addi    a4, a5, 1
core   0: 3 0x000000008000ff64 (0x00178713) x14 0x00000000800120cf
core   0: 0x000000008000ff68 (0xfee43023) sd      a4, -32(s0)
core   0: 3 0x000000008000ff68 (0xfee43023) mem 0x0000000080031f50 0x00000000800120cf
core   0: 0x000000008000ff6c (0xfc442703) lw      a4, -60(s0)
core   0: 3 0x000000008000ff6c (0xfc442703) x14 0x0000000000000000 mem 0x0000000080031f34
core   0: 0x000000008000ff70 (0x0ff77713) andi    a4, a4, 255
core   0: 3 0x000000008000ff70 (0x0ff77713) x14 0x0000000000000000
core   0: 0x000000008000ff74 (0x00e78023) sb      a4, 0(a5)
core   0: 3 0x000000008000ff74 (0x00e78023) mem 0x00000000800120ce 0x00
core   0: 0x000000008000ff78 (0xfc843703) ld      a4, -56(s0)
core   0: 3 0x000000008000ff78 (0xfc843703) x14 0x0000000080012040 mem 0x0000000080031f38
core   0: 0x000000008000ff7c (0xfb843783) ld      a5, -72(s0)
core   0: 3 0x000000008000ff7c (0xfb843783) x15 0x000000000000009c mem 0x0000000080031f28
core   0: 0x000000008000ff80 (0x000097ba) c.add   a5, a4
core   0: 3 0x000000008000ff80 (0x97ba) x15 0x00000000800120dc
core   0: 0x000000008000ff82 (0xfe043703) ld      a4, -32(s0)
core   0: 3 0x000000008000ff82 (0xfe043703) x14 0x00000000800120cf mem 0x0000000080031f50
core   0: 0x000000008000ff86 (0xfcf76de3) bltu    a4, a5, pc - 38
core   0: 3 0x000000008000ff86 (0xfcf76de3)
core   0: 0x000000008000ff60 (0xfe043783) ld      a5, -32(s0)
core   0: 3 0x000000008000ff60 (0xfe043783) x15 0x00000000800120cf mem 0x0000000080031f50
core   0: 0x000000008000ff64 (0x00178713) addi    a4, a5, 1
core   0: 3 0x000000008000ff64 (0x00178713) x14 0x00000000800120d0
core   0: 0x000000008000ff68 (0xfee43023) sd      a4, -32(s0)
core   0: 3 0x000000008000ff68 (0xfee43023) mem 0x0000000080031f50 0x00000000800120d0
core   0: 0x000000008000ff6c (0xfc442703) lw      a4, -60(s0)
core   0: 3 0x000000008000ff6c (0xfc442703) x14 0x0000000000000000 mem 0x0000000080031f34
core   0: 0x000000008000ff70 (0x0ff77713) andi    a4, a4, 255
core   0: 3 0x000000008000ff70 (0x0ff77713) x14 0x0000000000000000
core   0: 0x000000008000ff74 (0x00e78023) sb      a4, 0(a5)
core   0: 3 0x000000008000ff74 (0x00e78023) mem 0x00000000800120cf 0x00
core   0: 0x000000008000ff78 (0xfc843703) ld      a4, -56(s0)
core   0: 3 0x000000008000ff78 (0xfc843703) x14 0x0000000080012040 mem 0x0000000080031f38
core   0: 0x000000008000ff7c (0xfb843783) ld      a5, -72(s0)
core   0: 3 0x000000008000ff7c (0xfb843783) x15 0x000000000000009c mem 0x0000000080031f28
core   0: 0x000000008000ff80 (0x000097ba) c.add   a5, a4
core   0: 3 0x000000008000ff80 (0x97ba) x15 0x00000000800120dc
core   0: 0x000000008000ff82 (0xfe043703) ld      a4, -32(s0)
core   0: 3 0x000000008000ff82 (0xfe043703) x14 0x00000000800120d0 mem 0x0000000080031f50
core   0: 0x000000008000ff86 (0xfcf76de3) bltu    a4, a5, pc - 38
core   0: 3 0x000000008000ff86 (0xfcf76de3)
core   0: 0x000000008000ff60 (0xfe043783) ld      a5, -32(s0)
core   0: 3 0x000000008000ff60 (0xfe043783) x15 0x00000000800120d0 mem 0x0000000080031f50
core   0: 0x000000008000ff64 (0x00178713) addi    a4, a5, 1
core   0: 3 0x000000008000ff64 (0x00178713) x14 0x00000000800120d1
core   0: 0x000000008000ff68 (0xfee43023) sd      a4, -32(s0)
core   0: 3 0x000000008000ff68 (0xfee43023) mem 0x0000000080031f50 0x00000000800120d1
core   0: 0x000000008000ff6c (0xfc442703) lw      a4, -60(s0)
core   0: 3 0x000000008000ff6c (0xfc442703) x14 0x0000000000000000 mem 0x0000000080031f34
core   0: 0x000000008000ff70 (0x0ff77713) andi    a4, a4, 255
core   0: 3 0x000000008000ff70 (0x0ff77713) x14 0x0000000000000000
core   0: 0x000000008000ff74 (0x00e78023) sb      a4, 0(a5)
core   0: 3 0x000000008000ff74 (0x00e78023) mem 0x00000000800120d0 0x00
core   0: 0x000000008000ff78 (0xfc843703) ld      a4, -56(s0)
core   0: 3 0x000000008000ff78 (0xfc843703) x14 0x0000000080012040 mem 0x0000000080031f38
core   0: 0x000000008000ff7c (0xfb843783) ld      a5, -72(s0)
core   0: 3 0x000000008000ff7c (0xfb843783) x15 0x000000000000009c mem 0x0000000080031f28
core   0: 0x000000008000ff80 (0x000097ba) c.add   a5, a4
core   0: 3 0x000000008000ff80 (0x97ba) x15 0x00000000800120dc
core   0: 0x000000008000ff82 (0xfe043703) ld      a4, -32(s0)
core   0: 3 0x000000008000ff82 (0xfe043703) x14 0x00000000800120d1 mem 0x0000000080031f50
core   0: 0x000000008000ff86 (0xfcf76de3) bltu    a4, a5, pc - 38
core   0: 3 0x000000008000ff86 (0xfcf76de3)
core   0: 0x000000008000ff60 (0xfe043783) ld      a5, -32(s0)
core   0: 3 0x000000008000ff60 (0xfe043783) x15 0x00000000800120d1 mem 0x0000000080031f50
core   0: 0x000000008000ff64 (0x00178713) addi    a4, a5, 1
core   0: 3 0x000000008000ff64 (0x00178713) x14 0x00000000800120d2
core   0: 0x000000008000ff68 (0xfee43023) sd      a4, -32(s0)
core   0: 3 0x000000008000ff68 (0xfee43023) mem 0x0000000080031f50 0x00000000800120d2
core   0: 0x000000008000ff6c (0xfc442703) lw      a4, -60(s0)
core   0: 3 0x000000008000ff6c (0xfc442703) x14 0x0000000000000000 mem 0x0000000080031f34
core   0: 0x000000008000ff70 (0x0ff77713) andi    a4, a4, 255
core   0: 3 0x000000008000ff70 (0x0ff77713) x14 0x0000000000000000
core   0: 0x000000008000ff74 (0x00e78023) sb      a4, 0(a5)
core   0: 3 0x000000008000ff74 (0x00e78023) mem 0x00000000800120d1 0x00
core   0: 0x000000008000ff78 (0xfc843703) ld      a4, -56(s0)
core   0: 3 0x000000008000ff78 (0xfc843703) x14 0x0000000080012040 mem 0x0000000080031f38
core   0: 0x000000008000ff7c (0xfb843783) ld      a5, -72(s0)
core   0: 3 0x000000008000ff7c (0xfb843783) x15 0x000000000000009c mem 0x0000000080031f28
core   0: 0x000000008000ff80 (0x000097ba) c.add   a5, a4
core   0: 3 0x000000008000ff80 (0x97ba) x15 0x00000000800120dc
core   0: 0x000000008000ff82 (0xfe043703) ld      a4, -32(s0)
core   0: 3 0x000000008000ff82 (0xfe043703) x14 0x00000000800120d2 mem 0x0000000080031f50
core   0: 0x000000008000ff86 (0xfcf76de3) bltu    a4, a5, pc - 38
core   0: 3 0x000000008000ff86 (0xfcf76de3)
core   0: 0x000000008000ff60 (0xfe043783) ld      a5, -32(s0)
core   0: 3 0x000000008000ff60 (0xfe043783) x15 0x00000000800120d2 mem 0x0000000080031f50
core   0: 0x000000008000ff64 (0x00178713) addi    a4, a5, 1
core   0: 3 0x000000008000ff64 (0x00178713) x14 0x00000000800120d3
core   0: 0x000000008000ff68 (0xfee43023) sd      a4, -32(s0)
core   0: 3 0x000000008000ff68 (0xfee43023) mem 0x0000000080031f50 0x00000000800120d3
core   0: 0x000000008000ff6c (0xfc442703) lw      a4, -60(s0)
core   0: 3 0x000000008000ff6c (0xfc442703) x14 0x0000000000000000 mem 0x0000000080031f34
core   0: 0x000000008000ff70 (0x0ff77713) andi    a4, a4, 255
core   0: 3 0x000000008000ff70 (0x0ff77713) x14 0x0000000000000000
core   0: 0x000000008000ff74 (0x00e78023) sb      a4, 0(a5)
core   0: 3 0x000000008000ff74 (0x00e78023) mem 0x00000000800120d2 0x00
core   0: 0x000000008000ff78 (0xfc843703) ld      a4, -56(s0)
core   0: 3 0x000000008000ff78 (0xfc843703) x14 0x0000000080012040 mem 0x0000000080031f38
core   0: 0x000000008000ff7c (0xfb843783) ld      a5, -72(s0)
core   0: 3 0x000000008000ff7c (0xfb843783) x15 0x000000000000009c mem 0x0000000080031f28
core   0: 0x000000008000ff80 (0x000097ba) c.add   a5, a4
core   0: 3 0x000000008000ff80 (0x97ba) x15 0x00000000800120dc
core   0: 0x000000008000ff82 (0xfe043703) ld      a4, -32(s0)
core   0: 3 0x000000008000ff82 (0xfe043703) x14 0x00000000800120d3 mem 0x0000000080031f50
core   0: 0x000000008000ff86 (0xfcf76de3) bltu    a4, a5, pc - 38
core   0: 3 0x000000008000ff86 (0xfcf76de3)
core   0: 0x000000008000ff60 (0xfe043783) ld      a5, -32(s0)
core   0: 3 0x000000008000ff60 (0xfe043783) x15 0x00000000800120d3 mem 0x0000000080031f50
core   0: 0x000000008000ff64 (0x00178713) addi    a4, a5, 1
core   0: 3 0x000000008000ff64 (0x00178713) x14 0x00000000800120d4
core   0: 0x000000008000ff68 (0xfee43023) sd      a4, -32(s0)
core   0: 3 0x000000008000ff68 (0xfee43023) mem 0x0000000080031f50 0x00000000800120d4
core   0: 0x000000008000ff6c (0xfc442703) lw      a4, -60(s0)
core   0: 3 0x000000008000ff6c (0xfc442703) x14 0x0000000000000000 mem 0x0000000080031f34
core   0: 0x000000008000ff70 (0x0ff77713) andi    a4, a4, 255
core   0: 3 0x000000008000ff70 (0x0ff77713) x14 0x0000000000000000
core   0: 0x000000008000ff74 (0x00e78023) sb      a4, 0(a5)
core   0: 3 0x000000008000ff74 (0x00e78023) mem 0x00000000800120d3 0x00
core   0: 0x000000008000ff78 (0xfc843703) ld      a4, -56(s0)
core   0: 3 0x000000008000ff78 (0xfc843703) x14 0x0000000080012040 mem 0x0000000080031f38
core   0: 0x000000008000ff7c (0xfb843783) ld      a5, -72(s0)
core   0: 3 0x000000008000ff7c (0xfb843783) x15 0x000000000000009c mem 0x0000000080031f28
core   0: 0x000000008000ff80 (0x000097ba) c.add   a5, a4
core   0: 3 0x000000008000ff80 (0x97ba) x15 0x00000000800120dc
core   0: 0x000000008000ff82 (0xfe043703) ld      a4, -32(s0)
core   0: 3 0x000000008000ff82 (0xfe043703) x14 0x00000000800120d4 mem 0x0000000080031f50
core   0: 0x000000008000ff86 (0xfcf76de3) bltu    a4, a5, pc - 38
core   0: 3 0x000000008000ff86 (0xfcf76de3)
core   0: 0x000000008000ff60 (0xfe043783) ld      a5, -32(s0)
core   0: 3 0x000000008000ff60 (0xfe043783) x15 0x00000000800120d4 mem 0x0000000080031f50
core   0: 0x000000008000ff64 (0x00178713) addi    a4, a5, 1
core   0: 3 0x000000008000ff64 (0x00178713) x14 0x00000000800120d5
core   0: 0x000000008000ff68 (0xfee43023) sd      a4, -32(s0)
core   0: 3 0x000000008000ff68 (0xfee43023) mem 0x0000000080031f50 0x00000000800120d5
core   0: 0x000000008000ff6c (0xfc442703) lw      a4, -60(s0)
core   0: 3 0x000000008000ff6c (0xfc442703) x14 0x0000000000000000 mem 0x0000000080031f34
core   0: 0x000000008000ff70 (0x0ff77713) andi    a4, a4, 255
core   0: 3 0x000000008000ff70 (0x0ff77713) x14 0x0000000000000000
core   0: 0x000000008000ff74 (0x00e78023) sb      a4, 0(a5)
core   0: 3 0x000000008000ff74 (0x00e78023) mem 0x00000000800120d4 0x00
core   0: 0x000000008000ff78 (0xfc843703) ld      a4, -56(s0)
core   0: 3 0x000000008000ff78 (0xfc843703) x14 0x0000000080012040 mem 0x0000000080031f38
core   0: 0x000000008000ff7c (0xfb843783) ld      a5, -72(s0)
core   0: 3 0x000000008000ff7c (0xfb843783) x15 0x000000000000009c mem 0x0000000080031f28
core   0: 0x000000008000ff80 (0x000097ba) c.add   a5, a4
core   0: 3 0x000000008000ff80 (0x97ba) x15 0x00000000800120dc
core   0: 0x000000008000ff82 (0xfe043703) ld      a4, -32(s0)
core   0: 3 0x000000008000ff82 (0xfe043703) x14 0x00000000800120d5 mem 0x0000000080031f50
core   0: 0x000000008000ff86 (0xfcf76de3) bltu    a4, a5, pc - 38
core   0: 3 0x000000008000ff86 (0xfcf76de3)
core   0: 0x000000008000ff60 (0xfe043783) ld      a5, -32(s0)
core   0: 3 0x000000008000ff60 (0xfe043783) x15 0x00000000800120d5 mem 0x0000000080031f50
core   0: 0x000000008000ff64 (0x00178713) addi    a4, a5, 1
core   0: 3 0x000000008000ff64 (0x00178713) x14 0x00000000800120d6
core   0: 0x000000008000ff68 (0xfee43023) sd      a4, -32(s0)
core   0: 3 0x000000008000ff68 (0xfee43023) mem 0x0000000080031f50 0x00000000800120d6
core   0: 0x000000008000ff6c (0xfc442703) lw      a4, -60(s0)
core   0: 3 0x000000008000ff6c (0xfc442703) x14 0x0000000000000000 mem 0x0000000080031f34
core   0: 0x000000008000ff70 (0x0ff77713) andi    a4, a4, 255
core   0: 3 0x000000008000ff70 (0x0ff77713) x14 0x0000000000000000
core   0: 0x000000008000ff74 (0x00e78023) sb      a4, 0(a5)
core   0: 3 0x000000008000ff74 (0x00e78023) mem 0x00000000800120d5 0x00
core   0: 0x000000008000ff78 (0xfc843703) ld      a4, -56(s0)
core   0: 3 0x000000008000ff78 (0xfc843703) x14 0x0000000080012040 mem 0x0000000080031f38
core   0: 0x000000008000ff7c (0xfb843783) ld      a5, -72(s0)
core   0: 3 0x000000008000ff7c (0xfb843783) x15 0x000000000000009c mem 0x0000000080031f28
core   0: 0x000000008000ff80 (0x000097ba) c.add   a5, a4
core   0: 3 0x000000008000ff80 (0x97ba) x15 0x00000000800120dc
core   0: 0x000000008000ff82 (0xfe043703) ld      a4, -32(s0)
core   0: 3 0x000000008000ff82 (0xfe043703) x14 0x00000000800120d6 mem 0x0000000080031f50
core   0: 0x000000008000ff86 (0xfcf76de3) bltu    a4, a5, pc - 38
core   0: 3 0x000000008000ff86 (0xfcf76de3)
core   0: 0x000000008000ff60 (0xfe043783) ld      a5, -32(s0)
core   0: 3 0x000000008000ff60 (0xfe043783) x15 0x00000000800120d6 mem 0x0000000080031f50
core   0: 0x000000008000ff64 (0x00178713) addi    a4, a5, 1
core   0: 3 0x000000008000ff64 (0x00178713) x14 0x00000000800120d7
core   0: 0x000000008000ff68 (0xfee43023) sd      a4, -32(s0)
core   0: 3 0x000000008000ff68 (0xfee43023) mem 0x0000000080031f50 0x00000000800120d7
core   0: 0x000000008000ff6c (0xfc442703) lw      a4, -60(s0)
core   0: 3 0x000000008000ff6c (0xfc442703) x14 0x0000000000000000 mem 0x0000000080031f34
core   0: 0x000000008000ff70 (0x0ff77713) andi    a4, a4, 255
core   0: 3 0x000000008000ff70 (0x0ff77713) x14 0x0000000000000000
core   0: 0x000000008000ff74 (0x00e78023) sb      a4, 0(a5)
core   0: 3 0x000000008000ff74 (0x00e78023) mem 0x00000000800120d6 0x00
core   0: 0x000000008000ff78 (0xfc843703) ld      a4, -56(s0)
core   0: 3 0x000000008000ff78 (0xfc843703) x14 0x0000000080012040 mem 0x0000000080031f38
core   0: 0x000000008000ff7c (0xfb843783) ld      a5, -72(s0)
core   0: 3 0x000000008000ff7c (0xfb843783) x15 0x000000000000009c mem 0x0000000080031f28
core   0: 0x000000008000ff80 (0x000097ba) c.add   a5, a4
core   0: 3 0x000000008000ff80 (0x97ba) x15 0x00000000800120dc
core   0: 0x000000008000ff82 (0xfe043703) ld      a4, -32(s0)
core   0: 3 0x000000008000ff82 (0xfe043703) x14 0x00000000800120d7 mem 0x0000000080031f50
core   0: 0x000000008000ff86 (0xfcf76de3) bltu    a4, a5, pc - 38
core   0: 3 0x000000008000ff86 (0xfcf76de3)
core   0: 0x000000008000ff60 (0xfe043783) ld      a5, -32(s0)
core   0: 3 0x000000008000ff60 (0xfe043783) x15 0x00000000800120d7 mem 0x0000000080031f50
core   0: 0x000000008000ff64 (0x00178713) addi    a4, a5, 1
core   0: 3 0x000000008000ff64 (0x00178713) x14 0x00000000800120d8
core   0: 0x000000008000ff68 (0xfee43023) sd      a4, -32(s0)
core   0: 3 0x000000008000ff68 (0xfee43023) mem 0x0000000080031f50 0x00000000800120d8
core   0: 0x000000008000ff6c (0xfc442703) lw      a4, -60(s0)
core   0: 3 0x000000008000ff6c (0xfc442703) x14 0x0000000000000000 mem 0x0000000080031f34
core   0: 0x000000008000ff70 (0x0ff77713) andi    a4, a4, 255
core   0: 3 0x000000008000ff70 (0x0ff77713) x14 0x0000000000000000
core   0: 0x000000008000ff74 (0x00e78023) sb      a4, 0(a5)
core   0: 3 0x000000008000ff74 (0x00e78023) mem 0x00000000800120d7 0x00
core   0: 0x000000008000ff78 (0xfc843703) ld      a4, -56(s0)
core   0: 3 0x000000008000ff78 (0xfc843703) x14 0x0000000080012040 mem 0x0000000080031f38
core   0: 0x000000008000ff7c (0xfb843783) ld      a5, -72(s0)
core   0: 3 0x000000008000ff7c (0xfb843783) x15 0x000000000000009c mem 0x0000000080031f28
core   0: 0x000000008000ff80 (0x000097ba) c.add   a5, a4
core   0: 3 0x000000008000ff80 (0x97ba) x15 0x00000000800120dc
core   0: 0x000000008000ff82 (0xfe043703) ld      a4, -32(s0)
core   0: 3 0x000000008000ff82 (0xfe043703) x14 0x00000000800120d8 mem 0x0000000080031f50
core   0: 0x000000008000ff86 (0xfcf76de3) bltu    a4, a5, pc - 38
core   0: 3 0x000000008000ff86 (0xfcf76de3)
core   0: 0x000000008000ff60 (0xfe043783) ld      a5, -32(s0)
core   0: 3 0x000000008000ff60 (0xfe043783) x15 0x00000000800120d8 mem 0x0000000080031f50
core   0: 0x000000008000ff64 (0x00178713) addi    a4, a5, 1
core   0: 3 0x000000008000ff64 (0x00178713) x14 0x00000000800120d9
core   0: 0x000000008000ff68 (0xfee43023) sd      a4, -32(s0)
core   0: 3 0x000000008000ff68 (0xfee43023) mem 0x0000000080031f50 0x00000000800120d9
core   0: 0x000000008000ff6c (0xfc442703) lw      a4, -60(s0)
core   0: 3 0x000000008000ff6c (0xfc442703) x14 0x0000000000000000 mem 0x0000000080031f34
core   0: 0x000000008000ff70 (0x0ff77713) andi    a4, a4, 255
core   0: 3 0x000000008000ff70 (0x0ff77713) x14 0x0000000000000000
core   0: 0x000000008000ff74 (0x00e78023) sb      a4, 0(a5)
core   0: 3 0x000000008000ff74 (0x00e78023) mem 0x00000000800120d8 0x00
core   0: 0x000000008000ff78 (0xfc843703) ld      a4, -56(s0)
core   0: 3 0x000000008000ff78 (0xfc843703) x14 0x0000000080012040 mem 0x0000000080031f38
core   0: 0x000000008000ff7c (0xfb843783) ld      a5, -72(s0)
core   0: 3 0x000000008000ff7c (0xfb843783) x15 0x000000000000009c mem 0x0000000080031f28
core   0: 0x000000008000ff80 (0x000097ba) c.add   a5, a4
core   0: 3 0x000000008000ff80 (0x97ba) x15 0x00000000800120dc
core   0: 0x000000008000ff82 (0xfe043703) ld      a4, -32(s0)
core   0: 3 0x000000008000ff82 (0xfe043703) x14 0x00000000800120d9 mem 0x0000000080031f50
core   0: 0x000000008000ff86 (0xfcf76de3) bltu    a4, a5, pc - 38
core   0: 3 0x000000008000ff86 (0xfcf76de3)
core   0: 0x000000008000ff60 (0xfe043783) ld      a5, -32(s0)
core   0: 3 0x000000008000ff60 (0xfe043783) x15 0x00000000800120d9 mem 0x0000000080031f50
core   0: 0x000000008000ff64 (0x00178713) addi    a4, a5, 1
core   0: 3 0x000000008000ff64 (0x00178713) x14 0x00000000800120da
core   0: 0x000000008000ff68 (0xfee43023) sd      a4, -32(s0)
core   0: 3 0x000000008000ff68 (0xfee43023) mem 0x0000000080031f50 0x00000000800120da
core   0: 0x000000008000ff6c (0xfc442703) lw      a4, -60(s0)
core   0: 3 0x000000008000ff6c (0xfc442703) x14 0x0000000000000000 mem 0x0000000080031f34
core   0: 0x000000008000ff70 (0x0ff77713) andi    a4, a4, 255
core   0: 3 0x000000008000ff70 (0x0ff77713) x14 0x0000000000000000
core   0: 0x000000008000ff74 (0x00e78023) sb      a4, 0(a5)
core   0: 3 0x000000008000ff74 (0x00e78023) mem 0x00000000800120d9 0x00
core   0: 0x000000008000ff78 (0xfc843703) ld      a4, -56(s0)
core   0: 3 0x000000008000ff78 (0xfc843703) x14 0x0000000080012040 mem 0x0000000080031f38
core   0: 0x000000008000ff7c (0xfb843783) ld      a5, -72(s0)
core   0: 3 0x000000008000ff7c (0xfb843783) x15 0x000000000000009c mem 0x0000000080031f28
core   0: 0x000000008000ff80 (0x000097ba) c.add   a5, a4
core   0: 3 0x000000008000ff80 (0x97ba) x15 0x00000000800120dc
core   0: 0x000000008000ff82 (0xfe043703) ld      a4, -32(s0)
core   0: 3 0x000000008000ff82 (0xfe043703) x14 0x00000000800120da mem 0x0000000080031f50
core   0: 0x000000008000ff86 (0xfcf76de3) bltu    a4, a5, pc - 38
core   0: 3 0x000000008000ff86 (0xfcf76de3)
core   0: 0x000000008000ff60 (0xfe043783) ld      a5, -32(s0)
core   0: 3 0x000000008000ff60 (0xfe043783) x15 0x00000000800120da mem 0x0000000080031f50
core   0: 0x000000008000ff64 (0x00178713) addi    a4, a5, 1
core   0: 3 0x000000008000ff64 (0x00178713) x14 0x00000000800120db
core   0: 0x000000008000ff68 (0xfee43023) sd      a4, -32(s0)
core   0: 3 0x000000008000ff68 (0xfee43023) mem 0x0000000080031f50 0x00000000800120db
core   0: 0x000000008000ff6c (0xfc442703) lw      a4, -60(s0)
core   0: 3 0x000000008000ff6c (0xfc442703) x14 0x0000000000000000 mem 0x0000000080031f34
core   0: 0x000000008000ff70 (0x0ff77713) andi    a4, a4, 255
core   0: 3 0x000000008000ff70 (0x0ff77713) x14 0x0000000000000000
core   0: 0x000000008000ff74 (0x00e78023) sb      a4, 0(a5)
core   0: 3 0x000000008000ff74 (0x00e78023) mem 0x00000000800120da 0x00
core   0: 0x000000008000ff78 (0xfc843703) ld      a4, -56(s0)
core   0: 3 0x000000008000ff78 (0xfc843703) x14 0x0000000080012040 mem 0x0000000080031f38
core   0: 0x000000008000ff7c (0xfb843783) ld      a5, -72(s0)
core   0: 3 0x000000008000ff7c (0xfb843783) x15 0x000000000000009c mem 0x0000000080031f28
core   0: 0x000000008000ff80 (0x000097ba) c.add   a5, a4
core   0: 3 0x000000008000ff80 (0x97ba) x15 0x00000000800120dc
core   0: 0x000000008000ff82 (0xfe043703) ld      a4, -32(s0)
core   0: 3 0x000000008000ff82 (0xfe043703) x14 0x00000000800120db mem 0x0000000080031f50
core   0: 0x000000008000ff86 (0xfcf76de3) bltu    a4, a5, pc - 38
core   0: 3 0x000000008000ff86 (0xfcf76de3)
core   0: 0x000000008000ff60 (0xfe043783) ld      a5, -32(s0)
core   0: 3 0x000000008000ff60 (0xfe043783) x15 0x00000000800120db mem 0x0000000080031f50
core   0: 0x000000008000ff64 (0x00178713) addi    a4, a5, 1
core   0: 3 0x000000008000ff64 (0x00178713) x14 0x00000000800120dc
core   0: 0x000000008000ff68 (0xfee43023) sd      a4, -32(s0)
core   0: 3 0x000000008000ff68 (0xfee43023) mem 0x0000000080031f50 0x00000000800120dc
core   0: 0x000000008000ff6c (0xfc442703) lw      a4, -60(s0)
core   0: 3 0x000000008000ff6c (0xfc442703) x14 0x0000000000000000 mem 0x0000000080031f34
core   0: 0x000000008000ff70 (0x0ff77713) andi    a4, a4, 255
core   0: 3 0x000000008000ff70 (0x0ff77713) x14 0x0000000000000000
core   0: 0x000000008000ff74 (0x00e78023) sb      a4, 0(a5)
core   0: 3 0x000000008000ff74 (0x00e78023) mem 0x00000000800120db 0x00
core   0: 0x000000008000ff78 (0xfc843703) ld      a4, -56(s0)
core   0: 3 0x000000008000ff78 (0xfc843703) x14 0x0000000080012040 mem 0x0000000080031f38
core   0: 0x000000008000ff7c (0xfb843783) ld      a5, -72(s0)
core   0: 3 0x000000008000ff7c (0xfb843783) x15 0x000000000000009c mem 0x0000000080031f28
core   0: 0x000000008000ff80 (0x000097ba) c.add   a5, a4
core   0: 3 0x000000008000ff80 (0x97ba) x15 0x00000000800120dc
core   0: 0x000000008000ff82 (0xfe043703) ld      a4, -32(s0)
core   0: 3 0x000000008000ff82 (0xfe043703) x14 0x00000000800120dc mem 0x0000000080031f50
core   0: 0x000000008000ff86 (0xfcf76de3) bltu    a4, a5, pc - 38
core   0: 3 0x000000008000ff86 (0xfcf76de3)
core   0: 0x000000008000ff8a (0xfc843783) ld      a5, -56(s0)
core   0: 3 0x000000008000ff8a (0xfc843783) x15 0x0000000080012040 mem 0x0000000080031f38
core   0: 0x000000008000ff8e (0x0000853e) c.mv    a0, a5
core   0: 3 0x000000008000ff8e (0x853e) x10 0x0000000080012040
core   0: 0x000000008000ff90 (0x00006426) c.ldsp  s0, 72(sp)
core   0: 3 0x000000008000ff90 (0x6426) x8  0x0000000080031f90 mem 0x0000000080031f68
core   0: 0x000000008000ff92 (0x00006161) c.addi16sp sp, 80
core   0: 3 0x000000008000ff92 (0x6161) x2  0x0000000080031f70
core   0: 0x000000008000ff94 (0x00008082) ret
core   0: 3 0x000000008000ff94 (0x8082)
core   0: 0x000000008000f548 (0x00000001) c.nop
core   0: 3 0x000000008000f548 (0x0001)
core   0: 0x000000008000f54a (0x000060e2) c.ldsp  ra, 24(sp)
core   0: 3 0x000000008000f54a (0x60e2) x1  0x000000008000f588 mem 0x0000000080031f88
core   0: 0x000000008000f54c (0x00006442) c.ldsp  s0, 16(sp)
core   0: 3 0x000000008000f54c (0x6442) x8  0x0000000080032040 mem 0x0000000080031f80
core   0: 0x000000008000f54e (0x00006105) c.addi16sp sp, 32
core   0: 3 0x000000008000f54e (0x6105) x2  0x0000000080031f90
core   0: 0x000000008000f550 (0x00008082) ret
core   0: 3 0x000000008000f550 (0x8082)
core   0: 0x000000008000f588 (0xf5842703) lw      a4, -168(s0)
core   0: 3 0x000000008000f588 (0xf5842703) x14 0x0000000000000001 mem 0x0000000080031f98
core   0: 0x000000008000f58c (0xf5c42783) lw      a5, -164(s0)
core   0: 3 0x000000008000f58c (0xf5c42783) x15 0x0000000000000000 mem 0x0000000080031f9c
core   0: 0x000000008000f590 (0x000085ba) c.mv    a1, a4
core   0: 3 0x000000008000f590 (0x85ba) x11 0x0000000000000001
core   0: 0x000000008000f592 (0x0000853e) c.mv    a0, a5
core   0: 3 0x000000008000f592 (0x853e) x10 0x0000000000000000
core   0: 0x000000008000f594 (0xf03ff0ef) jal     pc - 0xfe
core   0: 3 0x000000008000f594 (0xf03ff0ef) x1  0x000000008000f598
core   0: >>>>  thread_entry
core   0: 0x000000008000f496 (0x00001101) c.addi  sp, -32
core   0: 3 0x000000008000f496 (0x1101) x2  0x0000000080031f70
core   0: 0x000000008000f498 (0x0000ec22) c.sdsp  s0, 24(sp)
core   0: 3 0x000000008000f498 (0xec22) mem 0x0000000080031f88 0x0000000080032040
core   0: 0x000000008000f49a (0x00001000) c.addi4spn s0, sp, 32
core   0: 3 0x000000008000f49a (0x1000) x8  0x0000000080031f90
core   0: 0x000000008000f49c (0x000087aa) c.mv    a5, a0
core   0: 3 0x000000008000f49c (0x87aa) x15 0x0000000000000000
core   0: 0x000000008000f49e (0x0000872e) c.mv    a4, a1
core   0: 3 0x000000008000f49e (0x872e) x14 0x0000000000000001
core   0: 0x000000008000f4a0 (0xfef42623) sw      a5, -20(s0)
core   0: 3 0x000000008000f4a0 (0xfef42623) mem 0x0000000080031f7c 0x00000000
core   0: 0x000000008000f4a4 (0x000087ba) c.mv    a5, a4
core   0: 3 0x000000008000f4a4 (0x87ba) x15 0x0000000000000001
core   0: 0x000000008000f4a6 (0xfef42423) sw      a5, -24(s0)
core   0: 3 0x000000008000f4a6 (0xfef42423) mem 0x0000000080031f78 0x00000001
core   0: 0x000000008000f4aa (0x00000001) c.nop
core   0: 3 0x000000008000f4aa (0x0001)
core   0: 0x000000008000f4ac (0xfec42783) lw      a5, -20(s0)
core   0: 3 0x000000008000f4ac (0xfec42783) x15 0x0000000000000000 mem 0x0000000080031f7c
core   0: 0x000000008000f4b0 (0x00002781) c.addiw a5, 0
core   0: 3 0x000000008000f4b0 (0x2781) x15 0x0000000000000000
core   0: 0x000000008000f4b2 (0x0000ffed) c.bnez  a5, pc - 6
core   0: 3 0x000000008000f4b2 (0xffed)
core   0: 0x000000008000f4b4 (0x00000001) c.nop
core   0: 3 0x000000008000f4b4 (0x0001)
core   0: 0x000000008000f4b6 (0x00000001) c.nop
core   0: 3 0x000000008000f4b6 (0x0001)
core   0: 0x000000008000f4b8 (0x00006462) c.ldsp  s0, 24(sp)
core   0: 3 0x000000008000f4b8 (0x6462) x8  0x0000000080032040 mem 0x0000000080031f88
core   0: 0x000000008000f4ba (0x00006105) c.addi16sp sp, 32
core   0: 3 0x000000008000f4ba (0x6105) x2  0x0000000080031f90
core   0: 0x000000008000f4bc (0x00008082) ret
core   0: 3 0x000000008000f4bc (0x8082)
core   0: 0x000000008000f598 (0x00004581) c.li    a1, 0
core   0: 3 0x000000008000f598 (0x4581) x11 0x0000000000000000
core   0: 0x000000008000f59a (0x00004501) c.li    a0, 0
core   0: 3 0x000000008000f59a (0x4501) x10 0x0000000000000000
core   0: 0x000000008000f59c (0xa65f20ef) jal     pc - 0xd59c
core   0: 3 0x000000008000f59c (0xa65f20ef) x1  0x000000008000f5a0
core   0: >>>>  main
core   0: 0x0000000080002000 (0x00000001) c.nop
core   0: 3 0x0000000080002000 (0x0001)
core   0: >>>>  trap_vec_init
core   0: 0x0000000080002002 (0x00002797) auipc   a5, 0x2
core   0: 3 0x0000000080002002 (0x00002797) x15 0x0000000080004002
core   0: 0x0000000080002006 (0xffe78793) addi    a5, a5, -2
core   0: 3 0x0000000080002006 (0xffe78793) x15 0x0000000080004000
core   0: 0x000000008000200a (0x30579073) csrrw   zero, mtvec, a5
core   0: 3 0x000000008000200a (0x30579073) c773_mtvec 0x0000000080004000
core   0: >>>>  pmp_setup
core   0: 0x000000008000200e (0x00002c17) auipc   s8, 0x2
core   0: 3 0x000000008000200e (0x00002c17) x24 0x000000008000400e
core   0: 0x0000000080002012 (0x022c0c13) addi    s8, s8, 34
core   0: 3 0x0000000080002012 (0x022c0c13) x24 0x0000000080004030
core   0: 0x0000000080002016 (0x00004781) c.li    a5, 0
core   0: 3 0x0000000080002016 (0x4781) x15 0x0000000000000000
core   0: 0x0000000080002018 (0x00009c3e) c.add   s8, a5
core   0: 3 0x0000000080002018 (0x9c3e) x24 0x0000000080004030
core   0: 0x000000008000201a (0x3b0c1073) csrrw   zero, pmpaddr0, s8
core   0: 3 0x000000008000201a (0x3b0c1073) c944_pmpaddr0 0x0000000080004030
core   0: 0x000000008000201e (0x00004c3d) c.li    s8, 15
core   0: 3 0x000000008000201e (0x4c3d) x24 0x000000000000000f
core   0: 0x0000000080002020 (0x3a0c1073) csrrw   zero, pmpcfg0, s8
core   0: 3 0x0000000080002020 (0x3a0c1073) c928_pmpcfg0 0x000000000000000f
core   0: 0x0000000080002024 (0x12000073) sfence.vma zero, zero
core   0: 3 0x0000000080002024 (0x12000073)
core   0: >>>>  mepc_setup
core   0: 0x0000000080002028 (0x00002797) auipc   a5, 0x2
core   0: 3 0x0000000080002028 (0x00002797) x15 0x0000000080004028
core   0: 0x000000008000202c (0x00878793) addi    a5, a5, 8
core   0: 3 0x000000008000202c (0x00878793) x15 0x0000000080004030
core   0: 0x0000000080002030 (0x34179073) csrrw   zero, mepc, a5
core   0: 3 0x0000000080002030 (0x34179073) c833_mepc 0x0000000080004030
core   0: >>>>  custom_csr_setup
core   0: 0x0000000080002034 (0x00100f9b) addiw   t6, zero, 1
core   0: 3 0x0000000080002034 (0x00100f9b) x31 0x0000000000000001
core   0: 0x0000000080002038 (0x00000ffe) c.slli  t6, 31
core   0: 3 0x0000000080002038 (0x0ffe) x31 0x0000000080000000
core   0: 0x000000008000203a (0x00000001) c.nop
core   0: 3 0x000000008000203a (0x0001)
core   0: >>>>  init_s_mode
core   0: 0x000000008000203c (0xfff0079b) addiw   a5, zero, -1
core   0: 3 0x000000008000203c (0xfff0079b) x15 0xffffffffffffffff
core   0: 0x0000000080002040 (0x000017fe) c.slli  a5, 63
core   0: 3 0x0000000080002040 (0x17fe) x15 0x8000000000000000
core   0: 0x0000000080002042 (0x18079073) csrrw   zero, satp, a5
core   0: 3 0x0000000080002042 (0x18079073) c384_satp 0x8000000000000000
core   0: 0x0000000080002046 (0x0000f797) auipc   a5, 0xf
core   0: 3 0x0000000080002046 (0x0000f797) x15 0x0000000080011046
core   0: 0x000000008000204a (0xfba78793) addi    a5, a5, -70
core   0: 3 0x000000008000204a (0xfba78793) x15 0x0000000080011000
core   0: 0x000000008000204e (0x000083b1) c.srli  a5, 12
core   0: 3 0x000000008000204e (0x83b1) x15 0x0000000000080011
core   0: 0x0000000080002050 (0x0010061b) addiw   a2, zero, 1
core   0: 3 0x0000000080002050 (0x0010061b) x12 0x0000000000000001
core   0: 0x0000000080002054 (0x00001632) c.slli  a2, 44
core   0: 3 0x0000000080002054 (0x1632) x12 0x0000100000000000
core   0: 0x0000000080002056 (0x0000167d) c.addi  a2, -1
core   0: 3 0x0000000080002056 (0x167d) x12 0x00000fffffffffff
core   0: 0x0000000080002058 (0x00008ff1) c.and   a5, a2
core   0: 3 0x0000000080002058 (0x8ff1) x15 0x0000000000080011
core   0: 0x000000008000205a (0x1807a073) csrrs   zero, satp, a5
core   0: 3 0x000000008000205a (0x1807a073) c384_satp 0x8000000000080011
core   0: 0x000000008000205e (0x00a005b7) lui     a1, 0xa00
core   0: 3 0x000000008000205e (0x00a005b7) x11 0x0000000000a00000
core   0: 0x0000000080002062 (0x10b5859b) addiw   a1, a1, 267
core   0: 3 0x0000000080002062 (0x10b5859b) x11 0x0000000000a0010b
core   0: 0x0000000080002066 (0x000005b2) c.slli  a1, 12
core   0: 3 0x0000000080002066 (0x05b2) x11 0x0000000a0010b000
core   0: 0x0000000080002068 (0xa0058593) addi    a1, a1, -1536
core   0: 3 0x0000000080002068 (0xa0058593) x11 0x0000000a0010aa00
core   0: 0x000000008000206c (0x30059073) csrrw   zero, mstatus, a1
core   0: 3 0x000000008000206c (0x30059073) c768_mstatus 0x0000000a00102800
core   0: 0x0000000080002070 (0x30459073) csrrw   zero, mie, a1
core   0: 3 0x0000000080002070 (0x30459073) c772_mie 0x0000000000000a00
core   0: 0x0000000080002074 (0x00a005b7) lui     a1, 0xa00
core   0: 3 0x0000000080002074 (0x00a005b7) x11 0x0000000000a00000
core   0: 0x0000000080002078 (0x10b5859b) addiw   a1, a1, 267
core   0: 3 0x0000000080002078 (0x10b5859b) x11 0x0000000000a0010b
core   0: 0x000000008000207c (0x000005b2) c.slli  a1, 12
core   0: 3 0x000000008000207c (0x05b2) x11 0x0000000a0010b000
core   0: 0x000000008000207e (0xa0058593) addi    a1, a1, -1536
core   0: 3 0x000000008000207e (0xa0058593) x11 0x0000000a0010aa00
core   0: 0x0000000080002082 (0x10059073) csrrw   zero, sstatus, a1
core   0: 3 0x0000000080002082 (0x10059073) c768_mstatus 0x0000000a00102800
core   0: 0x0000000080002086 (0x10459073) csrrw   zero, sie, a1
core   0: 3 0x0000000080002086 (0x10459073) c772_mie 0x0000000000000a00
core   0: 0x000000008000208a (0x30200073) mret
core   0: 3 0x000000008000208a (0x30200073) c768_mstatus 0x0000000a00102080
core   0: >>>>  main_g
core   0: 0x0000000080004030 (0x00414233) xor     tp, sp, tp
core   0: 1 0x0000000080004030 (0x00414233) x4  0x0000000000023fd0
core   0: 0x0000000080004034 (0x01f21d9b) slliw   s11, tp, 31
core   0: 1 0x0000000080004034 (0x01f21d9b) x27 0x0000000000000000
core   0: 0x0000000080004038 (0x238b2b53) fsgnjx.d fs6, fs6, fs8
core   0: 1 0x0000000080004038 (0x238b2b53) c768_mstatus 0x8000000a00106080 f22 0x7fffffff00000000
core   0: 0x000000008000403c (0x0386b533) mulhu   a0, a3, s8
core   0: 1 0x000000008000403c (0x0386b533) x10 0x0000000000000000
core   0: 0x0000000080004040 (0x92d76237) lui     tp, 0x92d76
core   0: 1 0x0000000080004040 (0x92d76237) x4  0xffffffff92d76000
core   0: 0x0000000080004044 (0x401b7853) fcvt.s.d fa6, fs6
core   0: 1 0x0000000080004044 (0x401b7853) f16 0xffffffff7fc00000
core   0: 0x0000000080004048 (0xa2c60753) fle.d   a4, fa2, fa2
core   0: 1 0x0000000080004048 (0xa2c60753) c1_fflags 0x0000000000000010 x14 0x0000000000000000
core   0: 0x000000008000404c (0xf2098f53) fmv.d.x ft10, s3
core   0: 1 0x000000008000404c (0xf2098f53) f30 0x0000000000000000
core   0: 0x0000000080004050 (0xc23f7053) fcvt.lu.d zero, ft10
core   0: 1 0x0000000080004050 (0xc23f7053)
core   0: 0x0000000080004054 (0xc03f7453) fcvt.lu.s s0, ft10
core   0: 1 0x0000000080004054 (0xc03f7453) c1_fflags 0x0000000000000010 x8  0xffffffffffffffff
core   0: 0x0000000080004058 (0x00019193) slli    gp, gp, 0
core   0: 1 0x0000000080004058 (0x00019193) x3  0x0000000080012828
core   0: 0x000000008000405c (0x00db813b) addw    sp, s7, a3
core   0: 1 0x000000008000405c (0x00db813b) x2  0x0000000000000000
core   0: 0x0000000080004060 (0x4051d21b) sraiw   tp, gp, 5
core   0: 1 0x0000000080004060 (0x4051d21b) x4  0xfffffffffc000941
core   0: 0x0000000080004064 (0x002799bb) sllw    s3, a5, sp
core   0: 1 0x0000000080004064 (0x002799bb) x19 0x0000000000080011
core   0: 0x0000000080004068 (0x0056833b) addw    t1, a3, t0
core   0: 1 0x0000000080004068 (0x0056833b) x6  0xffffffff80000124
core   0: 0x000000008000406c (0x0184c1b3) xor     gp, s1, s8
core   0: 1 0x000000008000406c (0x0184c1b3) x3  0x0000000080031fcf
core   0: 0x0000000080004070 (0x002022f3) csrrs   t0, frm, zero
core   0: 1 0x0000000080004070 (0x002022f3) x5  0x0000000000000000
core   0: 0x0000000080004074 (0x025c2233) mulhsu  tp, s8, t0
core   0: 1 0x0000000080004074 (0x025c2233) x4  0x0000000000000000
core   0: 0x0000000080004078 (0x001023f3) csrrs   t2, fflags, zero
core   0: 1 0x0000000080004078 (0x001023f3) x7  0x0000000000000010
core   0: 0x000000008000407c (0xc22f70d3) fcvt.l.d ra, ft10
core   0: 1 0x000000008000407c (0xc22f70d3) x1  0x0000000000000000
core   0: 0x0000000080004080 (0xc0217853) fcvt.l.s a6, ft2
core   0: 1 0x0000000080004080 (0xc0217853) x16 0x0000000000000000
core   0: 0x0000000080004084 (0x02a0e3bb) remw    t2, ra, a0
core   0: 1 0x0000000080004084 (0x02a0e3bb) x7  0x0000000000000000
core   0: 0x0000000080004088 (0x4b6dfb47) fmsub.d fs6, fs11, fs6, fs1
core   0: 1 0x0000000080004088 (0x4b6dfb47) f22 0x7ff8000000000000
core   0: 0x000000008000408c (0x031ad793) srli    a5, s5, 49
core   0: 1 0x000000008000408c (0x031ad793) x15 0x0000000000000000
core   0: 0x0000000080004090 (0x4173dc9b) sraiw   s9, t2, 23
core   0: 1 0x0000000080004090 (0x4173dc9b) x25 0x0000000000000000
core   0: 0x0000000080004094 (0x02fad93b) divuw   s2, s5, a5
core   0: 1 0x0000000080004094 (0x02fad93b) x18 0xffffffffffffffff
core   0: 0x0000000080004098 (0x029894b3) mulh    s1, a7, s1
core   0: 1 0x0000000080004098 (0x029894b3) x9  0x0000000000000000
core   0: 0x000000008000409c (0x4124dabb) sraw    s5, s1, s2
core   0: 1 0x000000008000409c (0x4124dabb) x21 0x0000000000000000
core   0: 0x00000000800040a0 (0x80050393) addi    t2, a0, -2048
core   0: 1 0x00000000800040a0 (0x80050393) x7  0xfffffffffffff800
core   0: 0x00000000800040a4 (0x01f3999b) slliw   s3, t2, 31
core   0: 1 0x00000000800040a4 (0x01f3999b) x19 0x0000000000000000
core   0: 0x00000000800040a8 (0x00102d73) csrrs   s10, fflags, zero
core   0: 1 0x00000000800040a8 (0x00102d73) x26 0x0000000000000010
core   0: 0x00000000800040ac (0x00000001) c.nop
core   0: 1 0x00000000800040ac (0x0001)
core   0: 0x00000000800040ae (0x03a9bcb3) mulhu   s9, s3, s10
core   0: 1 0x00000000800040ae (0x03a9bcb3) x25 0x0000000000000000
core   0: 0x00000000800040b2 (0x930cfc43) fmadd.d fs8, fs9, fa6, fs2
core   0: 1 0x00000000800040b2 (0x930cfc43) f24 0x7ff8000000000000
core   0: 0x00000000800040b6 (0x226c0dd3) fsgnj.d fs11, fs8, ft6
core   0: 1 0x00000000800040b6 (0x226c0dd3) f27 0xfff8000000000000
core   0: 0x00000000800040ba (0x039c6833) rem     a6, s8, s9
core   0: 1 0x00000000800040ba (0x039c6833) x16 0x000000000000000f
core   0: 0x00000000800040be (0x0ff0000f) fence   iorw,iorw
core   0: 1 0x00000000800040be (0x0ff0000f)
core   0: 0x00000000800040c2 (0x02e6c2bb) divw    t0, a3, a4
core   0: 1 0x00000000800040c2 (0x02e6c2bb) x5  0xffffffffffffffff
core   0: 0x00000000800040c6 (0x0081113b) sllw    sp, sp, s0
core   0: 1 0x00000000800040c6 (0x0081113b) x2  0x0000000000000000
core   0: 0x00000000800040ca (0x0af77b53) fsub.d  fs6, fa4, fa5
core   0: 1 0x00000000800040ca (0x0af77b53) f22 0x7ff8000000000000
core   0: 0x00000000800040ce (0x234304d3) fsgnj.d fs1, ft6, fs4
core   0: 1 0x00000000800040ce (0x234304d3) f9  0xffffffff00000000
core   0: 0x00000000800040d2 (0xe2048bd3) fmv.x.d s7, fs1
core   0: 1 0x00000000800040d2 (0xe2048bd3) x23 0xffffffff00000000
core   0: 0x00000000800040d6 (0x4171503b) sraw    zero, sp, s7
core   0: 1 0x00000000800040d6 (0x4171503b)
core   0: 0x00000000800040da (0x7b0fd8f3) csrrwi  a7, dcsr, 31
core   0: exception trap_illegal_instruction, epc 0x00000000800040da
core   0:           tval 0x000000007b0fd8f3
core   0: >>>>  $xrv64i2p1_m2p0_a2p1_f2p2_d2p2_zicsr2p0_zifencei2p0_zmmul1p0_zba1p0_zbb1p0_zbc1p0_zbs1p0
core   0: 0x0000000080004000 (0x0080006f) j       pc + 0x8
core   0: 3 0x0000000080004000 (0x0080006f)
core   0: >>>>  mmode_exception_handler
core   0: 0x0000000080004008 (0x00002c17) auipc   s8, 0x2
core   0: 3 0x0000000080004008 (0x00002c17) x24 0x0000000080006008
core   0: 0x000000008000400c (0xff2c0c13) addi    s8, s8, -14
core   0: 3 0x000000008000400c (0xff2c0c13) x24 0x0000000080005ffa
core   0: 0x0000000080004010 (0x000c00e7) jalr    s8
core   0: 3 0x0000000080004010 (0x000c00e7) x1  0x0000000080004014
core   0: >>>>  any_handler
core   0: 0x0000000080005ffa (0x341027f3) csrrs   a5, mepc, zero
core   0: 3 0x0000000080005ffa (0x341027f3) x15 0x00000000800040da
core   0: 0x0000000080005ffe (0x34202773) csrrs   a4, mcause, zero
core   0: 3 0x0000000080005ffe (0x34202773) x14 0x0000000000000002
core   0: 0x0000000080006002 (0x142026f3) csrrs   a3, scause, zero
core   0: 3 0x0000000080006002 (0x142026f3) x13 0x0000000000000000
core   0: 0x0000000080006006 (0x30402673) csrrs   a2, mie, zero
core   0: 3 0x0000000080006006 (0x30402673) x12 0x0000000000000a00
core   0: 0x000000008000600a (0x344025f3) csrrs   a1, mip, zero
core   0: 3 0x000000008000600a (0x344025f3) x11 0x0000000000000080
core   0: 0x000000008000600e (0x343025f3) csrrs   a1, mtval, zero
core   0: 3 0x000000008000600e (0x343025f3) x11 0x000000007b0fd8f3
core   0: 0x0000000080006012 (0x14302573) csrrs   a0, stval, zero
core   0: 3 0x0000000080006012 (0x14302573) x10 0x0000000000000000
core   0: 0x0000000080006016 (0xb02024f3) csrrs   s1, minstret, zero
core   0: 3 0x0000000080006016 (0xb02024f3) x9  0x00000000000007f6
core   0: 0x000000008000601a (0x0000a811) c.j     pc + 20
core   0: 3 0x000000008000601a (0xa811)
core   0: >>>>  mepc_4
core   0: 0x000000008000602e (0x00000791) c.addi  a5, 4
core   0: 3 0x000000008000602e (0x0791) x15 0x00000000800040de
core   0: 0x0000000080006030 (0x34179073) csrrw   zero, mepc, a5
core   0: 3 0x0000000080006030 (0x34179073) c833_mepc 0x00000000800040de
core   0: 0x0000000080006034 (0x30200073) mret
core   0: 3 0x0000000080006034 (0x30200073) c768_mstatus 0x8000000a00106080
core   0: 0x00000000800040de (0xd03df9d3) fcvt.s.lu fs3, s11
core   0: 1 0x00000000800040de (0xd03df9d3) f19 0xffffffff00000000
core   0: 0x00000000800040e2 (0x0171fbb3) and     s7, gp, s7
core   0: 1 0x00000000800040e2 (0x0171fbb3) x23 0x0000000000000000
core   0: 0x00000000800040e6 (0x0089183b) sllw    a6, s2, s0
core   0: 1 0x00000000800040e6 (0x0089183b) x16 0xffffffff80000000
core   0: 0x00000000800040ea (0x7faa7937) lui     s2, 0x7faa7
core   0: 1 0x00000000800040ea (0x7faa7937) x18 0x000000007faa7000
core   0: 0x00000000800040ee (0x7b0bb5f3) csrrc   a1, dcsr, s7
core   0: exception trap_illegal_instruction, epc 0x00000000800040ee
core   0:           tval 0x000000007b0bb5f3
core   0: >>>>  $xrv64i2p1_m2p0_a2p1_f2p2_d2p2_zicsr2p0_zifencei2p0_zmmul1p0_zba1p0_zbb1p0_zbc1p0_zbs1p0
core   0: 0x0000000080004000 (0x0080006f) j       pc + 0x8
core   0: 3 0x0000000080004000 (0x0080006f)
core   0: >>>>  mmode_exception_handler
core   0: 0x0000000080004008 (0x00002c17) auipc   s8, 0x2
core   0: 3 0x0000000080004008 (0x00002c17) x24 0x0000000080006008
core   0: 0x000000008000400c (0xff2c0c13) addi    s8, s8, -14
core   0: 3 0x000000008000400c (0xff2c0c13) x24 0x0000000080005ffa
core   0: 0x0000000080004010 (0x000c00e7) jalr    s8
core   0: 3 0x0000000080004010 (0x000c00e7) x1  0x0000000080004014
core   0: >>>>  any_handler
core   0: 0x0000000080005ffa (0x341027f3) csrrs   a5, mepc, zero
core   0: 3 0x0000000080005ffa (0x341027f3) x15 0x00000000800040ee
core   0: 0x0000000080005ffe (0x34202773) csrrs   a4, mcause, zero
core   0: 3 0x0000000080005ffe (0x34202773) x14 0x0000000000000002
core   0: 0x0000000080006002 (0x142026f3) csrrs   a3, scause, zero
core   0: 3 0x0000000080006002 (0x142026f3) x13 0x0000000000000000
core   0: 0x0000000080006006 (0x30402673) csrrs   a2, mie, zero
core   0: 3 0x0000000080006006 (0x30402673) x12 0x0000000000000a00
core   0: 0x000000008000600a (0x344025f3) csrrs   a1, mip, zero
core   0: 3 0x000000008000600a (0x344025f3) x11 0x0000000000000080
core   0: 0x000000008000600e (0x343025f3) csrrs   a1, mtval, zero
core   0: 3 0x000000008000600e (0x343025f3) x11 0x000000007b0bb5f3
core   0: 0x0000000080006012 (0x14302573) csrrs   a0, stval, zero
core   0: 3 0x0000000080006012 (0x14302573) x10 0x0000000000000000
core   0: 0x0000000080006016 (0xb02024f3) csrrs   s1, minstret, zero
core   0: 3 0x0000000080006016 (0xb02024f3) x9  0x000000000000080a
core   0: 0x000000008000601a (0x0000a811) c.j     pc + 20
core   0: 3 0x000000008000601a (0xa811)
core   0: >>>>  mepc_4
core   0: 0x000000008000602e (0x00000791) c.addi  a5, 4
core   0: 3 0x000000008000602e (0x0791) x15 0x00000000800040f2
core   0: 0x0000000080006030 (0x34179073) csrrw   zero, mepc, a5
core   0: 3 0x0000000080006030 (0x34179073) c833_mepc 0x00000000800040f2
core   0: 0x0000000080006034 (0x30200073) mret
core   0: 3 0x0000000080006034 (0x30200073) c768_mstatus 0x8000000a00106080
core   0: 0x00000000800040f2 (0xf2010fd3) fmv.d.x ft11, sp
core   0: 1 0x00000000800040f2 (0xf2010fd3) f31 0x0000000000000000
core   0: 0x00000000800040f6 (0x00bb133b) sllw    t1, s6, a1
core   0: 1 0x00000000800040f6 (0x00bb133b) x6  0x0000000000000000
core   0: 0x00000000800040fa (0x8c5b3997) auipc   s3, 0x8c5b3
core   0: 1 0x00000000800040fa (0x8c5b3997) x19 0x000000000c5b70fa
core   0: 0x00000000800040fe (0x0e1cdb97) auipc   s7, 0xe1cd
core   0: 1 0x00000000800040fe (0x0e1cdb97) x23 0x000000008e1d10fe
core   0: 0x0000000080004102 (0x7ff7e313) ori     t1, a5, 2047
core   0: 1 0x0000000080004102 (0x7ff7e313) x6  0x00000000800047ff
core   0: 0x0000000080004106 (0x026df433) remu    s0, s11, t1
core   0: 1 0x0000000080004106 (0x026df433) x8  0x0000000000000000
core   0: 0x000000008000410a (0x0015d693) srli    a3, a1, 1
core   0: 1 0x000000008000410a (0x0015d693) x13 0x000000003d85daf9
core   0: 0x000000008000410e (0xa2898e53) fle.d   t3, fs3, fs0
core   0: 1 0x000000008000410e (0xa2898e53) c1_fflags 0x0000000000000010 x28 0x0000000000000000
core   0: 0x0000000080004112 (0x9b8c7ecb) fnmsub.d ft9, fs8, fs8, fs3
core   0: 1 0x0000000080004112 (0x9b8c7ecb) f29 0x7ff8000000000000
core   0: 0x0000000080004116 (0xd2078153) fcvt.d.w ft2, a5
core   0: 1 0x0000000080004116 (0xd2078153) f2  0xc1dfffefc3800000
core   0: 0x000000008000411a (0x039cccb3) div     s9, s9, s9
core   0: 1 0x000000008000411a (0x039cccb3) x25 0xffffffffffffffff
core   0: 0x000000008000411e (0x0ff0000f) fence   iorw,iorw
core   0: 1 0x000000008000411e (0x0ff0000f)
core   0: 0x0000000080004122 (0x41248abb) subw    s5, s1, s2
core   0: 1 0x0000000080004122 (0x41248abb) x21 0xffffffff8055980a
core   0: 0x0000000080004126 (0x03a11433) mulh    s0, sp, s10
core   0: 1 0x0000000080004126 (0x03a11433) x8  0x0000000000000000
core   0: 0x000000008000412a (0xe081b3b7) lui     t2, 0xe081b
core   0: 1 0x000000008000412a (0xe081b3b7) x7  0xffffffffe081b000
core   0: 0x000000008000412e (0x0371083b) mulw    a6, sp, s7
core   0: 1 0x000000008000412e (0x0371083b) x16 0x0000000000000000
core   0: 0x0000000080004132 (0x4108549b) sraiw   s1, a6, 16
core   0: 1 0x0000000080004132 (0x4108549b) x9  0x0000000000000000
core   0: 0x0000000080004136 (0x02f4c333) div     t1, s1, a5
core   0: 1 0x0000000080004136 (0x02f4c333) x6  0x0000000000000000
core   0: 0x000000008000413a (0x0387db3b) divuw   s6, a5, s8
core   0: 1 0x000000008000413a (0x0387db3b) x22 0x0000000000000000
core   0: 0x000000008000413e (0x02425213) srli    tp, tp, 36
core   0: 1 0x000000008000413e (0x02425213) x4  0x0000000000000000
core   0: 0x0000000080004142 (0x00d682bb) addw    t0, a3, a3
core   0: 1 0x0000000080004142 (0x00d682bb) x5  0x000000007b0bb5f2
core   0: 0x0000000080004146 (0x400bd513) srai    a0, s7, 0
core   0: 1 0x0000000080004146 (0x400bd513) x10 0x000000008e1d10fe
core   0: 0x000000008000414a (0x23517fc3) fmadd.d ft11, ft2, fs5, ft4
core   0: 1 0x000000008000414a (0x23517fc3) f31 0x7ff8000000000000
core   0: 0x000000008000414e (0xc02273d3) fcvt.l.s t2, ft4
core   0: 1 0x000000008000414e (0xc02273d3) x7  0x0000000000000000
core   0: 0x0000000080004152 (0x00161433) sll     s0, a2, ra
core   0: 1 0x0000000080004152 (0x00161433) x8  0x00000000a0000000
core   0: 0x0000000080004156 (0x412500bb) subw    ra, a0, s2
core   0: 1 0x0000000080004156 (0x412500bb) x1  0x000000000e72a0fe
core   0: 0x000000008000415a (0x028b48b3) div     a7, s6, s0
core   0: 1 0x000000008000415a (0x028b48b3) x17 0x0000000000000000
core   0: 0x000000008000415e (0x2a620853) fmin.d  fa6, ft4, ft6
core   0: 1 0x000000008000415e (0x2a620853) f16 0x7ff8000000000000
core   0: 0x0000000080004162 (0x03ae4e33) div     t3, t3, s10
core   0: 1 0x0000000080004162 (0x03ae4e33) x28 0x0000000000000000
core   0: 0x0000000080004166 (0xd2148453) fcvt.d.wu fs0, s1
core   0: 1 0x0000000080004166 (0xd2148453) f8  0x0000000000000000
core   0: 0x000000008000416a (0x001b10f3) csrrw   ra, fflags, s6
core   0: 1 0x000000008000416a (0x001b10f3) x1  0x0000000000000010 c1_fflags 0x0000000000000000
core   0: 0x000000008000416e (0x23579f53) fsgnjn.d ft10, fa5, fs5
core   0: 1 0x000000008000416e (0x23579f53) f30 0x7fffffff00000000
core   0: 0x0000000080004172 (0x000bd693) srli    a3, s7, 0
core   0: 1 0x0000000080004172 (0x000bd693) x13 0x000000008e1d10fe
core   0: 0x0000000080004176 (0xf11494f3) csrrw   s1, mvendorid, s1
core   0: exception trap_illegal_instruction, epc 0x0000000080004176
core   0:           tval 0x00000000f11494f3
core   0: >>>>  $xrv64i2p1_m2p0_a2p1_f2p2_d2p2_zicsr2p0_zifencei2p0_zmmul1p0_zba1p0_zbb1p0_zbc1p0_zbs1p0
core   0: 0x0000000080004000 (0x0080006f) j       pc + 0x8
core   0: 3 0x0000000080004000 (0x0080006f)
core   0: >>>>  mmode_exception_handler
core   0: 0x0000000080004008 (0x00002c17) auipc   s8, 0x2
core   0: 3 0x0000000080004008 (0x00002c17) x24 0x0000000080006008
core   0: 0x000000008000400c (0xff2c0c13) addi    s8, s8, -14
core   0: 3 0x000000008000400c (0xff2c0c13) x24 0x0000000080005ffa
core   0: 0x0000000080004010 (0x000c00e7) jalr    s8
core   0: 3 0x0000000080004010 (0x000c00e7) x1  0x0000000080004014
core   0: >>>>  any_handler
core   0: 0x0000000080005ffa (0x341027f3) csrrs   a5, mepc, zero
core   0: 3 0x0000000080005ffa (0x341027f3) x15 0x0000000080004176
core   0: 0x0000000080005ffe (0x34202773) csrrs   a4, mcause, zero
core   0: 3 0x0000000080005ffe (0x34202773) x14 0x0000000000000002
core   0: 0x0000000080006002 (0x142026f3) csrrs   a3, scause, zero
core   0: 3 0x0000000080006002 (0x142026f3) x13 0x0000000000000000
core   0: 0x0000000080006006 (0x30402673) csrrs   a2, mie, zero
core   0: 3 0x0000000080006006 (0x30402673) x12 0x0000000000000a00
core   0: 0x000000008000600a (0x344025f3) csrrs   a1, mip, zero
core   0: 3 0x000000008000600a (0x344025f3) x11 0x0000000000000080
core   0: 0x000000008000600e (0x343025f3) csrrs   a1, mtval, zero
core   0: 3 0x000000008000600e (0x343025f3) x11 0x00000000f11494f3
core   0: 0x0000000080006012 (0x14302573) csrrs   a0, stval, zero
core   0: 3 0x0000000080006012 (0x14302573) x10 0x0000000000000000
core   0: 0x0000000080006016 (0xb02024f3) csrrs   s1, minstret, zero
core   0: 3 0x0000000080006016 (0xb02024f3) x9  0x000000000000083b
core   0: 0x000000008000601a (0x0000a811) c.j     pc + 20
core   0: 3 0x000000008000601a (0xa811)
core   0: >>>>  mepc_4
core   0: 0x000000008000602e (0x00000791) c.addi  a5, 4
core   0: 3 0x000000008000602e (0x0791) x15 0x000000008000417a
core   0: 0x0000000080006030 (0x34179073) csrrw   zero, mepc, a5
core   0: 3 0x0000000080006030 (0x34179073) c833_mepc 0x000000008000417a
core   0: 0x0000000080006034 (0x30200073) mret
core   0: 3 0x0000000080006034 (0x30200073) c768_mstatus 0x8000000a00106080
core   0: 0x000000008000417a (0x00616333) or      t1, sp, t1
core   0: 1 0x000000008000417a (0x00616333) x6  0x0000000000000000
core   0: 0x000000008000417e (0xd20388d3) fcvt.d.w fa7, t2
core   0: 1 0x000000008000417e (0xd20388d3) f17 0x0000000000000000
core   0: 0x0000000080004182 (0x02a5e8bb) remw    a7, a1, a0
core   0: 1 0x0000000080004182 (0x02a5e8bb) x17 0xfffffffff11494f3
core   0: 0x0000000080004186 (0x02b072b7) lui     t0, 0x2b07
core   0: 1 0x0000000080004186 (0x02b072b7) x5  0x0000000002b07000
core   0: 0x000000008000418a (0xb8d2829b) addiw   t0, t0, -1139
core   0: 1 0x000000008000418a (0xb8d2829b) x5  0x0000000002b06b8d
core   0: 0x000000008000418e (0x000002b6) c.slli  t0, 13
core   0: 1 0x000000008000418e (0x02b6) x5  0x000000560d71a000
core   0: 0x0000000080004190 (0x12f28293) addi    t0, t0, 303
core   0: 1 0x0000000080004190 (0x12f28293) x5  0x000000560d71a12f
core   0: 0x0000000080004194 (0xd2028953) fcvt.d.w fs2, t0
core   0: 1 0x0000000080004194 (0xd2028953) f18 0x41aae3425e000000
core   0: 0x0000000080004198 (0xc2097a53) fcvt.w.d s4, fs2
core   0: 1 0x0000000080004198 (0xc2097a53) x20 0x000000000d71a12f
core   0: 0x000000008000419c (0xc208f9d3) fcvt.w.d s3, fa7
core   0: 1 0x000000008000419c (0xc208f9d3) x19 0x0000000000000000
core   0: 0x00000000800041a0 (0x687a4113) xori    sp, s4, 1671
core   0: 1 0x00000000800041a0 (0x687a4113) x2  0x000000000d71a7a8
core   0: 0x00000000800041a4 (0x03476833) rem     a6, a4, s4
core   0: 1 0x00000000800041a4 (0x03476833) x16 0x0000000000000002
core   0: 0x00000000800041a8 (0x925e7dc7) fmsub.d fs11, ft8, ft5, fs2
core   0: 1 0x00000000800041a8 (0x925e7dc7) f27 0x7ff8000000000000
core   0: 0x00000000800041ac (0x030ef9b3) remu    s3, t4, a6
core   0: 1 0x00000000800041ac (0x030ef9b3) x19 0x0000000000000000
core   0: 0x00000000800041b0 (0x0ff0000f) fence   iorw,iorw
core   0: 1 0x00000000800041b0 (0x0ff0000f)
core   0: 0x00000000800041b4 (0x5a01fbd3) fsqrt.d fs7, ft3
core   0: 1 0x00000000800041b4 (0x5a01fbd3) f23 0x7ff8000000000000
core   0: 0x00000000800041b8 (0x40c2d0bb) sraw    ra, t0, a2
core   0: 1 0x00000000800041b8 (0x40c2d0bb) x1  0x000000000d71a12f
core   0: 0x00000000800041bc (0x23fa7fc3) fmadd.d ft11, fs4, ft11, ft4
core   0: 1 0x00000000800041bc (0x23fa7fc3) f31 0x7ff8000000000000
core   0: 0x00000000800041c0 (0x00202b73) csrrs   s6, frm, zero
core   0: 1 0x00000000800041c0 (0x00202b73) x22 0x0000000000000000
core   0: 0x00000000800041c4 (0x02d7edbb) remw    s11, a5, a3
core   0: 1 0x00000000800041c4 (0x02d7edbb) x27 0xffffffff8000417a
core   0: 0x00000000800041c8 (0x2afa0f53) fmin.d  ft10, fs4, fa5
core   0: 1 0x00000000800041c8 (0x2afa0f53) f30 0x7ff8000000000000
core   0: 0x00000000800041cc (0xc21f7d53) fcvt.wu.d s10, ft10
core   0: 1 0x00000000800041cc (0xc21f7d53) c1_fflags 0x0000000000000010 x26 0xffffffffffffffff
core   0: 0x00000000800041d0 (0xc0237553) fcvt.l.s a0, ft6
core   0: 1 0x00000000800041d0 (0xc0237553) x10 0x0000000000000000
core   0: 0x00000000800041d4 (0x00000001) c.nop
core   0: 1 0x00000000800041d4 (0x0001)
core   0: 0x00000000800041d6 (0x02842a33) mulhsu  s4, s0, s0
core   0: 1 0x00000000800041d6 (0x02842a33) x20 0x0000000000000000
core   0: 0x00000000800041da (0xc2327153) fcvt.lu.d sp, ft4
core   0: 1 0x00000000800041da (0xc2327153) c1_fflags 0x0000000000000010 x2  0xffffffffffffffff
core   0: 0x00000000800041de (0x420808d3) fcvt.d.s fa7, fa6
core   0: 1 0x00000000800041de (0x420808d3) f17 0x7ff8000000000000
core   0: 0x00000000800041e2 (0x03beeebb) remw    t4, t4, s11
core   0: 1 0x00000000800041e2 (0x03beeebb) x29 0x0000000000000000
core   0: 0x00000000800041e6 (0xc2047c53) fcvt.w.d s8, fs0
core   0: 1 0x00000000800041e6 (0xc2047c53) x24 0x0000000000000000
core   0: 0x00000000800041ea (0x40dc01bb) subw    gp, s8, a3
core   0: 1 0x00000000800041ea (0x40dc01bb) x3  0x0000000000000000
core   0: 0x00000000800041ee (0x0c01c793) xori    a5, gp, 192
core   0: 1 0x00000000800041ee (0x0c01c793) x15 0x00000000000000c0
core   0: 0x00000000800041f2 (0xd2247e53) fcvt.d.l ft8, s0
core   0: 1 0x00000000800041f2 (0xd2247e53) f28 0x41e4000000000000
core   0: 0x00000000800041f6 (0xc20cfad3) fcvt.w.d s5, fs9
core   0: 1 0x00000000800041f6 (0xc20cfad3) c1_fflags 0x0000000000000010 x21 0x000000007fffffff
core   0: 0x00000000800041fa (0x02ccfcb3) remu    s9, s9, a2
core   0: 1 0x00000000800041fa (0x02ccfcb3) x25 0x00000000000005ff
core   0: 0x00000000800041fe (0x43e65393) srai    t2, a2, 62
core   0: 1 0x00000000800041fe (0x43e65393) x7  0x0000000000000000
core   0: 0x0000000080004202 (0xc20cf253) fcvt.w.d tp, fs9
core   0: 1 0x0000000080004202 (0xc20cf253) c1_fflags 0x0000000000000010 x4  0x000000007fffffff
core   0: 0x0000000080004206 (0x013d043b) addw    s0, s10, s3
core   0: 1 0x0000000080004206 (0x013d043b) x8  0xffffffffffffffff
core   0: 0x000000008000420a (0x22b32853) fsgnjx.d fa6, ft6, fa1
core   0: 1 0x000000008000420a (0x22b32853) f16 0x7fffffff00000000
core   0: 0x000000008000420e (0xe20302d3) fmv.x.d t0, ft6
core   0: 1 0x000000008000420e (0xe20302d3) x5  0xffffffff00000000
core   0: 0x0000000080004212 (0x00ac05bb) addw    a1, s8, a0
core   0: 1 0x0000000080004212 (0x00ac05bb) x11 0x0000000000000000
core   0: 0x0000000080004216 (0x412a5e3b) sraw    t3, s4, s2
core   0: 1 0x0000000080004216 (0x412a5e3b) x28 0x0000000000000000
core   0: 0x000000008000421a (0x020e71d3) fadd.d  ft3, ft8, ft0
core   0: 1 0x000000008000421a (0x020e71d3) f3  0x7ff8000000000000
core   0: 0x000000008000421e (0x814e0813) addi    a6, t3, -2028
core   0: 1 0x000000008000421e (0x814e0813) x16 0xfffffffffffff814
core   0: 0x0000000080004222 (0x422ede93) srai    t4, t4, 34
core   0: 1 0x0000000080004222 (0x422ede93) x29 0x0000000000000000
core   0: 0x0000000080004226 (0xd2357ed3) fcvt.d.lu ft9, a0
core   0: 1 0x0000000080004226 (0xd2357ed3) f29 0x0000000000000000
core   0: 0x000000008000422a (0x409ed63b) sraw    a2, t4, s1
core   0: 1 0x000000008000422a (0x409ed63b) x12 0x0000000000000000
core   0: 0x000000008000422e (0x0b027dc7) fmsub.d fs11, ft4, fa6, ft1
core   0: 1 0x000000008000422e (0x0b027dc7) f27 0x7ff8000000000000
core   0: 0x0000000080004232 (0x5a05f5d3) fsqrt.d fa1, fa1
core   0: 1 0x0000000080004232 (0x5a05f5d3) f11 0x7ff8000000000000
core   0: 0x0000000080004236 (0x031753b3) divu    t2, a4, a7
core   0: 1 0x0000000080004236 (0x031753b3) x7  0x0000000000000000
core   0: 0x000000008000423a (0x00202873) csrrs   a6, frm, zero
core   0: 1 0x000000008000423a (0x00202873) x16 0x0000000000000000
core   0: 0x000000008000423e (0x034a38b3) mulhu   a7, s4, s4
core   0: 1 0x000000008000423e (0x034a38b3) x17 0x0000000000000000
core   0: 0x0000000080004242 (0xd2078cd3) fcvt.d.w fs9, a5
core   0: 1 0x0000000080004242 (0xd2078cd3) f25 0x4068000000000000
core   0: 0x0000000080004246 (0x9516f937) lui     s2, 0x9516f
core   0: 1 0x0000000080004246 (0x9516f937) x18 0xffffffff9516f000
core   0: 0x000000008000424a (0x23729153) fsgnjn.d ft2, ft5, fs7
core   0: 1 0x000000008000424a (0x23729153) f2  0xffffffff00000000
core   0: 0x000000008000424e (0x032971bb) remuw   gp, s2, s2
core   0: 1 0x000000008000424e (0x032971bb) x3  0x0000000000000000
core   0: 0x0000000080004252 (0x00000abb) addw    s5, zero, zero
core   0: 1 0x0000000080004252 (0x00000abb) x21 0x0000000000000000
core   0: 0x0000000080004256 (0xc03dfc53) fcvt.lu.s s8, fs11
core   0: 1 0x0000000080004256 (0xc03dfc53) c1_fflags 0x0000000000000010 x24 0xffffffffffffffff
core   0: 0x000000008000425a (0xd221ffd3) fcvt.d.l ft11, gp
core   0: 1 0x000000008000425a (0xd221ffd3) f31 0x0000000000000000
core   0: 0x000000008000425e (0x420101d3) fcvt.d.s ft3, ft2
core   0: 1 0x000000008000425e (0x420101d3) f3  0x0000000000000000
core   0: 0x0000000080004262 (0x400edd93) srai    s11, t4, 0
core   0: 1 0x0000000080004262 (0x400edd93) x27 0x0000000000000000
core   0: 0x0000000080004266 (0x00001513) slli    a0, zero, 0
core   0: 1 0x0000000080004266 (0x00001513) x10 0x0000000000000000
core   0: 0x000000008000426a (0x00000001) c.nop
core   0: 1 0x000000008000426a (0x0001)
core   0: 0x000000008000426c (0x00102ef3) csrrs   t4, fflags, zero
core   0: 1 0x000000008000426c (0x00102ef3) x29 0x0000000000000010
core   0: 0x0000000080004270 (0x4137d113) srai    sp, a5, 19
core   0: 1 0x0000000080004270 (0x4137d113) x2  0x0000000000000000
core   0: 0x0000000080004274 (0x9e05049b) addiw   s1, a0, -1568
core   0: 1 0x0000000080004274 (0x9e05049b) x9  0xfffffffffffff9e0
core   0: 0x0000000080004278 (0xe20b8553) fmv.x.d a0, fs7
core   0: 1 0x0000000080004278 (0xe20b8553) x10 0x7ff8000000000000
core   0: 0x000000008000427c (0x01fb949b) slliw   s1, s7, 31
core   0: 1 0x000000008000427c (0x01fb949b) x9  0x0000000000000000
core   0: 0x0000000080004280 (0xe20788d3) fmv.x.d a7, fa5
core   0: 1 0x0000000080004280 (0xe20788d3) x17 0xffffffff00000000
core   0: 0x0000000080004284 (0xd028f053) fcvt.s.l ft0, a7
core   0: 1 0x0000000080004284 (0xd028f053) f0  0xffffffffcf800000
core   0: 0x0000000080004288 (0xc2307653) fcvt.lu.d a2, ft0
core   0: 1 0x0000000080004288 (0xc2307653) c1_fflags 0x0000000000000010 x12 0xffffffffffffffff
core   0: 0x000000008000428c (0x40365393) srai    t2, a2, 3
core   0: 1 0x000000008000428c (0x40365393) x7  0xffffffffffffffff
core   0: 0x0000000080004290 (0x00000001) c.nop
core   0: 1 0x0000000080004290 (0x0001)
core   0: 0x0000000080004292 (0x01c0dab3) srl     s5, ra, t3
core   0: 1 0x0000000080004292 (0x01c0dab3) x21 0x000000000d71a12f
core   0: 0x0000000080004296 (0xe2008cd3) fmv.x.d s9, ft1
core   0: 1 0x0000000080004296 (0xe2008cd3) x25 0xffffffff00000000
core   0: 0x000000008000429a (0xc03dfb53) fcvt.lu.s s6, fs11
core   0: 1 0x000000008000429a (0xc03dfb53) c1_fflags 0x0000000000000010 x22 0xffffffffffffffff
core   0: 0x000000008000429e (0xc0207dd3) fcvt.l.s s11, ft0
core   0: 1 0x000000008000429e (0xc0207dd3) x27 0xffffffff00000000
core   0: 0x00000000800042a2 (0xc22dfad3) fcvt.l.d s5, fs11
core   0: 1 0x00000000800042a2 (0xc22dfad3) c1_fflags 0x0000000000000010 x21 0x7fffffffffffffff
core   0: 0x00000000800042a6 (0x41d0d093) srai    ra, ra, 29
core   0: 1 0x00000000800042a6 (0x41d0d093) x1  0x0000000000000000
core   0: 0x00000000800042aa (0x014b7733) and     a4, s6, s4
core   0: 1 0x00000000800042aa (0x014b7733) x14 0x0000000000000000
core   0: 0x00000000800042ae (0x01708cbb) addw    s9, ra, s7
core   0: 1 0x00000000800042ae (0x01708cbb) x25 0xffffffff8e1d10fe
core   0: 0x00000000800042b2 (0xf0be819b) addiw   gp, t4, -245
core   0: 1 0x00000000800042b2 (0xf0be819b) x3  0xffffffffffffff1b
core   0: 0x00000000800042b6 (0x419509bb) subw    s3, a0, s9
core   0: 1 0x00000000800042b6 (0x419509bb) x19 0x0000000071e2ef02
core   0: 0x00000000800042ba (0x00209173) csrrw   sp, frm, ra
core   0: 1 0x00000000800042ba (0x00209173) x2  0x0000000000000000 c2_frm 0x0000000000000000
core   0: 0x00000000800042be (0xffd47837) lui     a6, 0xffd47
core   0: 1 0x00000000800042be (0xffd47837) x16 0xffffffffffd47000
core   0: 0x00000000800042c2 (0xf198081b) addiw   a6, a6, -231
core   0: 1 0x00000000800042c2 (0xf198081b) x16 0xffffffffffd46f19
core   0: 0x00000000800042c6 (0x00000836) c.slli  a6, 13
core   0: 1 0x00000000800042c6 (0x0836) x16 0xfffffffa8de32000
core   0: 0x00000000800042c8 (0x40380813) addi    a6, a6, 1027
core   0: 1 0x00000000800042c8 (0x40380813) x16 0xfffffffa8de32403
core   0: 0x00000000800042cc (0x2a0105d3) fmin.d  fa1, ft2, ft0
core   0: 1 0x00000000800042cc (0x2a0105d3) f11 0x7ff8000000000000
core   0: 0x00000000800042d0 (0x2bff8653) fmin.d  fa2, ft11, ft11
core   0: 1 0x00000000800042d0 (0x2bff8653) f12 0x0000000000000000
core   0: 0x00000000800042d4 (0x40c85213) srai    tp, a6, 12
core   0: 1 0x00000000800042d4 (0x40c85213) x4  0xffffffffffa8de32
core   0: 0x00000000800042d8 (0xaacef3c7) fmsub.d ft7, ft9, fa2, fs5
core   0: 1 0x00000000800042d8 (0xaacef3c7) f7  0x7ff8000000000000
core   0: 0x00000000800042dc (0x4152501b) sraiw   zero, tp, 21
core   0: 1 0x00000000800042dc (0x4152501b)
core   0: 0x00000000800042e0 (0x5a0f76d3) fsqrt.d fa3, ft10
core   0: 1 0x00000000800042e0 (0x5a0f76d3) f13 0x7ff8000000000000
core   0: 0x00000000800042e4 (0xf351f7cb) fnmsub.d fa5, ft3, fs5, ft10
core   0: 1 0x00000000800042e4 (0xf351f7cb) f15 0x7ff8000000000000
core   0: 0x00000000800042e8 (0x1bf6f3d3) fdiv.d  ft7, fa3, ft11
core   0: 1 0x00000000800042e8 (0x1bf6f3d3) f7  0x7ff8000000000000
core   0: 0x00000000800042ec (0xc213f453) fcvt.wu.d s0, ft7
core   0: 1 0x00000000800042ec (0xc213f453) c1_fflags 0x0000000000000010 x8  0xffffffffffffffff
core   0: 0x00000000800042f0 (0x03d88693) addi    a3, a7, 61
core   0: 1 0x00000000800042f0 (0x03d88693) x13 0xffffffff0000003d
core   0: 0x00000000800042f4 (0x0212dc93) srli    s9, t0, 33
core   0: 1 0x00000000800042f4 (0x0212dc93) x25 0x000000007fffffff
core   0: 0x00000000800042f8 (0x342e3773) csrrc   a4, mcause, t3
core   0: exception trap_illegal_instruction, epc 0x00000000800042f8
core   0:           tval 0x00000000342e3773
core   0: >>>>  $xrv64i2p1_m2p0_a2p1_f2p2_d2p2_zicsr2p0_zifencei2p0_zmmul1p0_zba1p0_zbb1p0_zbc1p0_zbs1p0
core   0: 0x0000000080004000 (0x0080006f) j       pc + 0x8
core   0: 3 0x0000000080004000 (0x0080006f)
core   0: >>>>  mmode_exception_handler
core   0: 0x0000000080004008 (0x00002c17) auipc   s8, 0x2
core   0: 3 0x0000000080004008 (0x00002c17) x24 0x0000000080006008
core   0: 0x000000008000400c (0xff2c0c13) addi    s8, s8, -14
core   0: 3 0x000000008000400c (0xff2c0c13) x24 0x0000000080005ffa
core   0: 0x0000000080004010 (0x000c00e7) jalr    s8
core   0: 3 0x0000000080004010 (0x000c00e7) x1  0x0000000080004014
core   0: >>>>  any_handler
core   0: 0x0000000080005ffa (0x341027f3) csrrs   a5, mepc, zero
core   0: 3 0x0000000080005ffa (0x341027f3) x15 0x00000000800042f8
core   0: 0x0000000080005ffe (0x34202773) csrrs   a4, mcause, zero
core   0: 3 0x0000000080005ffe (0x34202773) x14 0x0000000000000002
core   0: 0x0000000080006002 (0x142026f3) csrrs   a3, scause, zero
core   0: 3 0x0000000080006002 (0x142026f3) x13 0x0000000000000000
core   0: 0x0000000080006006 (0x30402673) csrrs   a2, mie, zero
core   0: 3 0x0000000080006006 (0x30402673) x12 0x0000000000000a00
core   0: 0x000000008000600a (0x344025f3) csrrs   a1, mip, zero
core   0: 3 0x000000008000600a (0x344025f3) x11 0x0000000000000080
core   0: 0x000000008000600e (0x343025f3) csrrs   a1, mtval, zero
core   0: 3 0x000000008000600e (0x343025f3) x11 0x00000000342e3773
core   0: 0x0000000080006012 (0x14302573) csrrs   a0, stval, zero
core   0: 3 0x0000000080006012 (0x14302573) x10 0x0000000000000000
core   0: 0x0000000080006016 (0xb02024f3) csrrs   s1, minstret, zero
core   0: 3 0x0000000080006016 (0xb02024f3) x9  0x00000000000008ad
core   0: 0x000000008000601a (0x0000a811) c.j     pc + 20
core   0: 3 0x000000008000601a (0xa811)
core   0: >>>>  mepc_4
core   0: 0x000000008000602e (0x00000791) c.addi  a5, 4
core   0: 3 0x000000008000602e (0x0791) x15 0x00000000800042fc
core   0: 0x0000000080006030 (0x34179073) csrrw   zero, mepc, a5
core   0: 3 0x0000000080006030 (0x34179073) c833_mepc 0x00000000800042fc
core   0: 0x0000000080006034 (0x30200073) mret
core   0: 3 0x0000000080006034 (0x30200073) c768_mstatus 0x8000000a00106080
core   0: 0x00000000800042fc (0x23dd01d3) fsgnj.d ft3, fs10, ft9
core   0: 1 0x00000000800042fc (0x23dd01d3) f3  0x7fffffff00000000
core   0: 0x0000000080004300 (0x00000001) c.nop
core   0: 1 0x0000000080004300 (0x0001)
core   0: 0x0000000080004302 (0x01a75d3b) srlw    s10, a4, s10
core   0: 1 0x0000000080004302 (0x01a75d3b) x26 0x0000000000000000
core   0: 0x0000000080004306 (0xf2010b53) fmv.d.x fs6, sp
core   0: 1 0x0000000080004306 (0xf2010b53) f22 0x0000000000000000
core   0: 0x000000008000430a (0x41a986bb) subw    a3, s3, s10
core   0: 1 0x000000008000430a (0x41a986bb) x13 0x0000000071e2ef02
core   0: 0x000000008000430e (0x03a43d33) mulhu   s10, s0, s10
core   0: 1 0x000000008000430e (0x03a43d33) x26 0x0000000000000000
core   0: 0x0000000080004312 (0xc021fb53) fcvt.l.s s6, ft3
core   0: 1 0x0000000080004312 (0xc021fb53) c1_fflags 0x0000000000000010 x22 0x7fffffffffffffff
core   0: 0x0000000080004316 (0x403eda3b) sraw    s4, t4, gp
core   0: 1 0x0000000080004316 (0x403eda3b) x20 0x0000000000000000
core   0: 0x000000008000431a (0x00000001) c.nop
core   0: 1 0x000000008000431a (0x0001)
core   0: 0x000000008000431c (0x40065a93) srai    s5, a2, 0
core   0: 1 0x000000008000431c (0x40065a93) x21 0x0000000000000a00
core   0: 0x0000000080004320 (0x0229d43b) divuw   s0, s3, sp
core   0: 1 0x0000000080004320 (0x0229d43b) x8  0xffffffffffffffff
core   0: 0x0000000080004324 (0x034486bb) mulw    a3, s1, s4
core   0: 1 0x0000000080004324 (0x034486bb) x13 0x0000000000000000
core   0: 0x0000000080004328 (0xd029f253) fcvt.s.l ft4, s3
core   0: 1 0x0000000080004328 (0xd029f253) c1_fflags 0x0000000000000011 f4  0xffffffff4ee3c5de
core   0: 0x000000008000432c (0x026943bb) divw    t2, s2, t1
core   0: 1 0x000000008000432c (0x026943bb) x7  0xffffffffffffffff
core   0: 0x0000000080004330 (0x00102af3) csrrs   s5, fflags, zero
core   0: 1 0x0000000080004330 (0x00102af3) x21 0x0000000000000011
core   0: 0x0000000080004334 (0xd23af3d3) fcvt.d.lu ft7, s5
core   0: 1 0x0000000080004334 (0xd23af3d3) f7  0x4031000000000000
core   0: 0x0000000080004338 (0x0031abb3) slt     s7, gp, gp
core   0: 1 0x0000000080004338 (0x0031abb3) x23 0x0000000000000000
core   0: 0x000000008000433c (0x01bb8b3b) addw    s6, s7, s11
core   0: 1 0x000000008000433c (0x01bb8b3b) x22 0x0000000000000000
core   0: 0x0000000080004340 (0x40e75733) sra     a4, a4, a4
core   0: 1 0x0000000080004340 (0x40e75733) x14 0x0000000000000000
core   0: 0x0000000080004344 (0x5a4b0613) addi    a2, s6, 1444
core   0: 1 0x0000000080004344 (0x5a4b0613) x12 0x00000000000005a4
core   0: 0x0000000080004348 (0x02e71eb3) mulh    t4, a4, a4
core   0: 1 0x0000000080004348 (0x02e71eb3) x29 0x0000000000000000
core   0: 0x000000008000434c (0xa32f0e53) fle.d   t3, ft10, fs2
core   0: 1 0x000000008000434c (0xa32f0e53) c1_fflags 0x0000000000000011 x28 0x0000000000000000
core   0: 0x0000000080004350 (0xd20e8f53) fcvt.d.w ft10, t4
core   0: 1 0x0000000080004350 (0xd20e8f53) f30 0x0000000000000000
core   0: 0x0000000080004354 (0xc023f1d3) fcvt.l.s gp, ft7
core   0: 1 0x0000000080004354 (0xc023f1d3) c1_fflags 0x0000000000000011 x3  0x7fffffffffffffff
core   0: 0x0000000080004358 (0xe20206d3) fmv.x.d a3, ft4
core   0: 1 0x0000000080004358 (0xe20206d3) x13 0xffffffff4ee3c5de
core   0: 0x000000008000435c (0x0215beb3) mulhu   t4, a1, ra
core   0: 1 0x000000008000435c (0x0215beb3) x29 0x0000000000000000
core   0: 0x0000000080004360 (0x4005d713) srai    a4, a1, 0
core   0: 1 0x0000000080004360 (0x4005d713) x14 0x00000000342e3773
core   0: 0x0000000080004364 (0x000e881b) sext.w  a6, t4
core   0: 1 0x0000000080004364 (0x000e881b) x16 0x0000000000000000
core   0: 0x0000000080004368 (0x0345f03b) remuw   zero, a1, s4
core   0: 1 0x0000000080004368 (0x0345f03b)
core   0: 0x000000008000436c (0x01fad19b) srliw   gp, s5, 31
core   0: 1 0x000000008000436c (0x01fad19b) x3  0x0000000000000000
core   0: 0x0000000080004370 (0x43b1d213) srai    tp, gp, 59
core   0: 1 0x0000000080004370 (0x43b1d213) x4  0x0000000000000000
core   0: 0x0000000080004374 (0x00000906) c.slli  s2, 1
core   0: 1 0x0000000080004374 (0x0906) x18 0xffffffff2a2de000
core   0: 0x0000000080004376 (0x0bedf553) fsub.d  fa0, fs11, ft10
core   0: 1 0x0000000080004376 (0x0bedf553) f10 0x7ff8000000000000
core   0: 0x000000008000437a (0x23c015d3) fsgnjn.d fa1, ft0, ft8
core   0: 1 0x000000008000437a (0x23c015d3) f11 0xffffffffcf800000
core   0: 0x000000008000437e (0xd2120fd3) fcvt.d.wu ft11, tp
core   0: 1 0x000000008000437e (0xd2120fd3) f31 0x0000000000000000
core   0: 0x0000000080004382 (0x23201953) fsgnjn.d fs2, ft0, fs2
core   0: 1 0x0000000080004382 (0x23201953) f18 0xffffffffcf800000
core   0: 0x0000000080004386 (0xa20381d3) fle.d   gp, ft7, ft0
core   0: 1 0x0000000080004386 (0xa20381d3) c1_fflags 0x0000000000000011 x3  0x0000000000000000
core   0: 0x000000008000438a (0x236919d3) fsgnjn.d fs3, fs2, fs6
core   0: 1 0x000000008000438a (0x236919d3) f19 0xffffffffcf800000
core   0: 0x000000008000438e (0xc20ef453) fcvt.w.d s0, ft9
core   0: 1 0x000000008000438e (0xc20ef453) x8  0x0000000000000000
core   0: 0x0000000080004392 (0x408c5a3b) sraw    s4, s8, s0
core   0: 1 0x0000000080004392 (0x408c5a3b) x20 0xffffffff80005ffa
core   0: 0x0000000080004396 (0xd227fd53) fcvt.d.l fs10, a5
core   0: 1 0x0000000080004396 (0xd227fd53) f26 0x41e000085f800000
core   0: 0x000000008000439a (0x0034949b) slliw   s1, s1, 3
core   0: 1 0x000000008000439a (0x0034949b) x9  0x0000000000004568
core   0: 0x000000008000439e (0x01159933) sll     s2, a1, a7
core   0: 1 0x000000008000439e (0x01159933) x18 0x00000000342e3773
core   0: 0x00000000800043a2 (0x03429d93) slli    s11, t0, 52
core   0: 1 0x00000000800043a2 (0x03429d93) x27 0x0000000000000000
core   0: 0x00000000800043a6 (0x5a057e53) fsqrt.d ft8, fa0
core   0: 1 0x00000000800043a6 (0x5a057e53) f28 0x7ff8000000000000
core   0: 0x00000000800043aa (0x41190633) sub     a2, s2, a7
core   0: 1 0x00000000800043aa (0x41190633) x12 0x00000001342e3773
core   0: 0x00000000800043ae (0x00c8843b) addw    s0, a7, a2
core   0: 1 0x00000000800043ae (0x00c8843b) x8  0x00000000342e3773
core   0: 0x00000000800043b2 (0x00e21233) sll     tp, tp, a4
core   0: 1 0x00000000800043b2 (0x00e21233) x4  0x0000000000000000
core   0: 0x00000000800043b6 (0x80044a93) xori    s5, s0, -2048
core   0: 1 0x00000000800043b6 (0x80044a93) x21 0xffffffffcbd1cf73
core   0: 0x00000000800043ba (0x5a0d75d3) fsqrt.d fa1, fs10
core   0: 1 0x00000000800043ba (0x5a0d75d3) c1_fflags 0x0000000000000011 f11 0x40e6a0a4522d67db
core   0: 0x00000000800043be (0x00f35333) srl     t1, t1, a5
core   0: 1 0x00000000800043be (0x00f35333) x6  0x0000000000000000
core   0: 0x00000000800043c2 (0x2bdf73cf) fnmadd.d ft7, ft10, ft9, ft5
core   0: 1 0x00000000800043c2 (0x2bdf73cf) f7  0x7ff8000000000000
core   0: 0x00000000800043c6 (0xc20d7cd3) fcvt.w.d s9, fs10
core   0: 1 0x00000000800043c6 (0xc20d7cd3) c1_fflags 0x0000000000000011 x25 0x000000007fffffff
core   0: 0x00000000800043ca (0x456c811b) addiw   sp, s9, 1110
core   0: 1 0x00000000800043ca (0x456c811b) x2  0xffffffff80000455
core   0: 0x00000000800043ce (0xf20480d3) fmv.d.x ft1, s1
core   0: 1 0x00000000800043ce (0xf20480d3) f1  0x0000000000004568
core   0: 0x00000000800043d2 (0x00067bb3) and     s7, a2, zero
core   0: 1 0x00000000800043d2 (0x00067bb3) x23 0x0000000000000000
core   0: 0x00000000800043d6 (0xa3a38253) fle.d   tp, ft7, fs10
core   0: 1 0x00000000800043d6 (0xa3a38253) c1_fflags 0x0000000000000011 x4  0x0000000000000000
core   0: 0x00000000800043da (0x0127573b) srlw    a4, a4, s2
core   0: 1 0x00000000800043da (0x0127573b) x14 0x0000000000000685
core   0: 0x00000000800043de (0x0a827947) fmsub.d fs2, ft4, fs0, ft1
core   0: 1 0x00000000800043de (0x0a827947) f18 0x7ff8000000000000
core   0: 0x00000000800043e2 (0x02ebb433) mulhu   s0, s7, a4
core   0: 1 0x00000000800043e2 (0x02ebb433) x8  0x0000000000000000
core   0: 0x00000000800043e6 (0x002024f3) csrrs   s1, frm, zero
core   0: 1 0x00000000800043e6 (0x002024f3) x9  0x0000000000000000
core   0: 0x00000000800043ea (0x2b0c8cd3) fmin.d  fs9, fs9, fa6
core   0: 1 0x00000000800043ea (0x2b0c8cd3) f25 0x4068000000000000
core   0: 0x00000000800043ee (0x41455133) sra     sp, a0, s4
core   0: 1 0x00000000800043ee (0x41455133) x2  0x0000000000000000
core   0: 0x00000000800043f2 (0x2aec80d3) fmin.d  ft1, fs9, fa4
core   0: 1 0x00000000800043f2 (0x2aec80d3) f1  0x4068000000000000
core   0: 0x00000000800043f6 (0x0289f9d3) fadd.d  fs3, fs3, fs0
core   0: 1 0x00000000800043f6 (0x0289f9d3) f19 0x7ff8000000000000
core   0: 0x00000000800043fa (0xe2080bd3) fmv.x.d s7, fa6
core   0: 1 0x00000000800043fa (0xe2080bd3) x23 0x7fffffff00000000
core   0: 0x00000000800043fe (0x401a7953) fcvt.s.d fs2, fs4
core   0: 1 0x00000000800043fe (0x401a7953) f18 0xffffffff7fc00000
core   0: 0x0000000080004402 (0x00000001) c.nop
core   0: 1 0x0000000080004402 (0x0001)
core   0: 0x0000000080004404 (0x00c16333) or      t1, sp, a2
core   0: 1 0x0000000080004404 (0x00c16333) x6  0x00000001342e3773
core   0: 0x0000000080004408 (0x022c8cbb) mulw    s9, s9, sp
core   0: 1 0x0000000080004408 (0x022c8cbb) x25 0x0000000000000000
core   0: 0x000000008000440c (0xd0247cd3) fcvt.s.l fs9, s0
core   0: 1 0x000000008000440c (0xd0247cd3) f25 0xffffffff00000000
core   0: 0x0000000080004410 (0x028456b3) divu    a3, s0, s0
core   0: 1 0x0000000080004410 (0x028456b3) x13 0xffffffffffffffff
core   0: 0x0000000080004414 (0x00c45a3b) srlw    s4, s0, a2
core   0: 1 0x0000000080004414 (0x00c45a3b) x20 0x0000000000000000
core   0: 0x0000000080004418 (0x3c5571b7) lui     gp, 0x3c557
core   0: 1 0x0000000080004418 (0x3c5571b7) x3  0x000000003c557000
core   0: 0x000000008000441c (0xc2367353) fcvt.lu.d t1, fa2
core   0: 1 0x000000008000441c (0xc2367353) x6  0x0000000000000000
core   0: 0x0000000080004420 (0x00235e9b) srliw   t4, t1, 2
core   0: 1 0x0000000080004420 (0x00235e9b) x29 0x0000000000000000
core   0: 0x0000000080004424 (0x6350704f) fnmadd.d ft0, ft0, fs5, fa2
core   0: 1 0x0000000080004424 (0x6350704f) f0  0x7ff8000000000000
core   0: 0x0000000080004428 (0x391cf393) andi    t2, s9, 913
core   0: 1 0x0000000080004428 (0x391cf393) x7  0x0000000000000000
core   0: 0x000000008000442c (0x1baaf5d3) fdiv.d  fa1, fs5, fs10
core   0: 1 0x000000008000442c (0x1baaf5d3) f11 0x7ff8000000000000
core   0: 0x0000000080004430 (0x037e6abb) remw    s5, t3, s7
core   0: 1 0x0000000080004430 (0x037e6abb) x21 0x0000000000000000
core   0: 0x0000000080004434 (0x01c71493) slli    s1, a4, 28
core   0: 1 0x0000000080004434 (0x01c71493) x9  0x0000006850000000
core   0: 0x0000000080004438 (0x0296f1b3) remu    gp, a3, s1
core   0: 1 0x0000000080004438 (0x0296f1b3) x3  0x00000027dfffffff
core   0: 0x000000008000443c (0xd26374cb) fnmsub.d fs1, ft6, ft6, fs10
core   0: 1 0x000000008000443c (0xd26374cb) f9  0x7ff8000000000000
core   0: 0x0000000080004440 (0x00335eb3) srl     t4, t1, gp
core   0: 1 0x0000000080004440 (0x00335eb3) x29 0x0000000000000000
core   0: 0x0000000080004444 (0x4021d793) srai    a5, gp, 2
core   0: 1 0x0000000080004444 (0x4021d793) x15 0x00000009f7ffffff
core   0: 0x0000000080004448 (0x01d64633) xor     a2, a2, t4
core   0: 1 0x0000000080004448 (0x01d64633) x12 0x00000001342e3773
core   0: 0x000000008000444c (0x53124c93) xori    s9, tp, 1329
core   0: 1 0x000000008000444c (0x53124c93) x25 0x0000000000000531
core   0: 0x0000000080004450 (0xdb2b7a4f) fnmadd.d fs4, fs6, fs2, fs11
core   0: 1 0x0000000080004450 (0xdb2b7a4f) f20 0x7ff8000000000000
core   0: 0x0000000080004454 (0x02ccf4bb) remuw   s1, s9, a2
core   0: 1 0x0000000080004454 (0x02ccf4bb) x9  0x0000000000000531
core   0: 0x0000000080004458 (0xc814c693) xori    a3, s1, -895
core   0: 1 0x0000000080004458 (0xc814c693) x13 0xfffffffffffff9b0
core   0: 0x000000008000445c (0x4194d83b) sraw    a6, s1, s9
core   0: 1 0x000000008000445c (0x4194d83b) x16 0x0000000000000000
core   0: 0x0000000080004460 (0xc030fad3) fcvt.lu.s s5, ft1
core   0: 1 0x0000000080004460 (0xc030fad3) c1_fflags 0x0000000000000011 x21 0xffffffffffffffff
core   0: 0x0000000080004464 (0xdb4b7e4b) fnmsub.d ft8, fs6, fs4, fs11
core   0: 1 0x0000000080004464 (0xdb4b7e4b) f28 0x7ff8000000000000
core   0: 0x0000000080004468 (0x00d81dbb) sllw    s11, a6, a3
core   0: 1 0x0000000080004468 (0x00d81dbb) x27 0x0000000000000000
core   0: 0x000000008000446c (0xd20a8fd3) fcvt.d.w ft11, s5
core   0: 1 0x000000008000446c (0xd20a8fd3) f31 0xbff0000000000000
core   0: 0x0000000080004470 (0x23030ed3) fsgnj.d ft9, ft6, fa6
core   0: 1 0x0000000080004470 (0x23030ed3) f29 0x7fffffff00000000
core   0: 0x0000000080004474 (0x01fcd19b) srliw   gp, s9, 31
core   0: 1 0x0000000080004474 (0x01fcd19b) x3  0x0000000000000000
core   0: 0x0000000080004478 (0x010c9113) slli    sp, s9, 16
core   0: 1 0x0000000080004478 (0x010c9113) x2  0x0000000005310000
core   0: 0x000000008000447c (0xc30b6513) ori     a0, s6, -976
core   0: 1 0x000000008000447c (0xc30b6513) x10 0xfffffffffffffc30
core   0: 0x0000000080004480 (0x00000001) c.nop
core   0: 1 0x0000000080004480 (0x0001)
core   0: 0x0000000080004482 (0xc21879d3) fcvt.wu.d s3, fa6
core   0: 1 0x0000000080004482 (0xc21879d3) c1_fflags 0x0000000000000011 x19 0xffffffffffffffff
core   0: 0x0000000080004486 (0x22e221d3) fsgnjx.d ft3, ft4, fa4
core   0: 1 0x0000000080004486 (0x22e221d3) f3  0x7fffffff4ee3c5de
core   0: 0x000000008000448a (0x4052d2b3) sra     t0, t0, t0
core   0: 1 0x000000008000448a (0x4052d2b3) x5  0xffffffff00000000
core   0: 0x000000008000448e (0x001021f3) csrrs   gp, fflags, zero
core   0: 1 0x000000008000448e (0x001021f3) x3  0x0000000000000011
core   0: 0x0000000080004492 (0x0053fb33) and     s6, t2, t0
core   0: 1 0x0000000080004492 (0x0053fb33) x22 0x0000000000000000
core   0: 0x0000000080004496 (0x00000001) c.nop
core   0: 1 0x0000000080004496 (0x0001)
core   0: 0x0000000080004498 (0x0b2d72d3) fsub.d  ft5, fs10, fs2
core   0: 1 0x0000000080004498 (0x0b2d72d3) f5  0x7ff8000000000000
core   0: 0x000000008000449c (0xf2050953) fmv.d.x fs2, a0
core   0: 1 0x000000008000449c (0xf2050953) f18 0xfffffffffffffc30
core   0: 0x00000000800044a0 (0x40a2d733) sra     a4, t0, a0
core   0: 1 0x00000000800044a0 (0x40a2d733) x14 0xffffffffffffffff
core   0: 0x00000000800044a4 (0x015326b3) slt     a3, t1, s5
core   0: 1 0x00000000800044a4 (0x015326b3) x13 0x0000000000000000
core   0: 0x00000000800044a8 (0xd030fcd3) fcvt.s.lu fs9, ra
core   0: 1 0x00000000800044a8 (0xd030fcd3) c1_fflags 0x0000000000000011 f25 0xffffffff4f000040
core   0: 0x00000000800044ac (0x40197653) fcvt.s.d fa2, fs2
core   0: 1 0x00000000800044ac (0x40197653) f12 0xffffffff7fc00000
core   0: 0x00000000800044b0 (0x41065e1b) sraiw   t3, a2, 16
core   0: 1 0x00000000800044b0 (0x41065e1b) x28 0x000000000000342e
core   0: 0x00000000800044b4 (0x40795c1b) sraiw   s8, s2, 7
core   0: 1 0x00000000800044b4 (0x40795c1b) x24 0x0000000000685c6e
core   0: 0x00000000800044b8 (0x00102bf3) csrrs   s7, fflags, zero
core   0: 1 0x00000000800044b8 (0x00102bf3) x23 0x0000000000000011
core   0: 0x00000000800044bc (0x31021273) csrrw   tp, mstatush, tp
core   0: exception trap_illegal_instruction, epc 0x00000000800044bc
core   0:           tval 0x0000000031021273
core   0: >>>>  $xrv64i2p1_m2p0_a2p1_f2p2_d2p2_zicsr2p0_zifencei2p0_zmmul1p0_zba1p0_zbb1p0_zbc1p0_zbs1p0
core   0: 0x0000000080004000 (0x0080006f) j       pc + 0x8
core   0: 3 0x0000000080004000 (0x0080006f)
core   0: >>>>  mmode_exception_handler
core   0: 0x0000000080004008 (0x00002c17) auipc   s8, 0x2
core   0: 3 0x0000000080004008 (0x00002c17) x24 0x0000000080006008
core   0: 0x000000008000400c (0xff2c0c13) addi    s8, s8, -14
core   0: 3 0x000000008000400c (0xff2c0c13) x24 0x0000000080005ffa
core   0: 0x0000000080004010 (0x000c00e7) jalr    s8
core   0: 3 0x0000000080004010 (0x000c00e7) x1  0x0000000080004014
core   0: >>>>  any_handler
core   0: 0x0000000080005ffa (0x341027f3) csrrs   a5, mepc, zero
core   0: 3 0x0000000080005ffa (0x341027f3) x15 0x00000000800044bc
core   0: 0x0000000080005ffe (0x34202773) csrrs   a4, mcause, zero
core   0: 3 0x0000000080005ffe (0x34202773) x14 0x0000000000000002
core   0: 0x0000000080006002 (0x142026f3) csrrs   a3, scause, zero
core   0: 3 0x0000000080006002 (0x142026f3) x13 0x0000000000000000
core   0: 0x0000000080006006 (0x30402673) csrrs   a2, mie, zero
core   0: 3 0x0000000080006006 (0x30402673) x12 0x0000000000000a00
core   0: 0x000000008000600a (0x344025f3) csrrs   a1, mip, zero
core   0: 3 0x000000008000600a (0x344025f3) x11 0x0000000000000080
core   0: 0x000000008000600e (0x343025f3) csrrs   a1, mtval, zero
core   0: 3 0x000000008000600e (0x343025f3) x11 0x0000000031021273
core   0: 0x0000000080006012 (0x14302573) csrrs   a0, stval, zero
core   0: 3 0x0000000080006012 (0x14302573) x10 0x0000000000000000
core   0: 0x0000000080006016 (0xb02024f3) csrrs   s1, minstret, zero
core   0: 3 0x0000000080006016 (0xb02024f3) x9  0x0000000000000930
core   0: 0x000000008000601a (0x0000a811) c.j     pc + 20
core   0: 3 0x000000008000601a (0xa811)
core   0: >>>>  mepc_4
core   0: 0x000000008000602e (0x00000791) c.addi  a5, 4
core   0: 3 0x000000008000602e (0x0791) x15 0x00000000800044c0
core   0: 0x0000000080006030 (0x34179073) csrrw   zero, mepc, a5
core   0: 3 0x0000000080006030 (0x34179073) c833_mepc 0x00000000800044c0
core   0: 0x0000000080006034 (0x30200073) mret
core   0: 3 0x0000000080006034 (0x30200073) c768_mstatus 0x8000000a00106080
core   0: 0x00000000800044c0 (0xc2027053) fcvt.w.d zero, ft4
core   0: 1 0x00000000800044c0 (0xc2027053) c1_fflags 0x0000000000000011
core   0: 0x00000000800044c4 (0x017117b3) sll     a5, sp, s7
core   0: 1 0x00000000800044c4 (0x017117b3) x15 0x00000a6200000000
core   0: 0x00000000800044c8 (0x42f35693) srai    a3, t1, 47
core   0: 1 0x00000000800044c8 (0x42f35693) x13 0x0000000000000000
core   0: 0x00000000800044cc (0x2be609d3) fmin.d  fs3, fa2, ft10
core   0: 1 0x00000000800044cc (0x2be609d3) f19 0x0000000000000000
core   0: 0x00000000800044d0 (0x002028f3) csrrs   a7, frm, zero
core   0: 1 0x00000000800044d0 (0x002028f3) x17 0x0000000000000000
core   0: 0x00000000800044d4 (0x41d08eb3) sub     t4, ra, t4
core   0: 1 0x00000000800044d4 (0x41d08eb3) x29 0x0000000080004014
core   0: 0x00000000800044d8 (0x0013939b) slliw   t2, t2, 1
core   0: 1 0x00000000800044d8 (0x0013939b) x7  0x0000000000000000
core   0: 0x00000000800044dc (0x005092b3) sll     t0, ra, t0
core   0: 1 0x00000000800044dc (0x005092b3) x5  0x0000000080004014
core   0: 0x00000000800044e0 (0x0003da1b) srliw   s4, t2, 0
core   0: 1 0x00000000800044e0 (0x0003da1b) x20 0x0000000000000000
core   0: 0x00000000800044e4 (0x0275f53b) remuw   a0, a1, t2
core   0: 1 0x00000000800044e4 (0x0275f53b) x10 0x0000000031021273
core   0: 0x00000000800044e8 (0x5a0cf953) fsqrt.d fs2, fs9
core   0: 1 0x00000000800044e8 (0x5a0cf953) f18 0x7ff8000000000000
core   0: 0x00000000800044ec (0x23609e53) fsgnjn.d ft8, ft1, fs6
core   0: 1 0x00000000800044ec (0x23609e53) f28 0xc068000000000000
core   0: 0x00000000800044f0 (0xd022ffd3) fcvt.s.l ft11, t0
core   0: 1 0x00000000800044f0 (0xd022ffd3) c1_fflags 0x0000000000000011 f31 0xffffffff4f000040
core   0: 0x00000000800044f4 (0x0006d113) srli    sp, a3, 0
core   0: 1 0x00000000800044f4 (0x0006d113) x2  0x0000000000000000
core   0: 0x00000000800044f8 (0x01141a33) sll     s4, s0, a7
core   0: 1 0x00000000800044f8 (0x01141a33) x20 0x0000000000000000
core   0: 0x00000000800044fc (0x0096003b) addw    zero, a2, s1
core   0: 1 0x00000000800044fc (0x0096003b)
core   0: 0x0000000080004500 (0x2bff9053) fmax.d  ft0, ft11, ft11
core   0: 1 0x0000000080004500 (0x2bff9053) f0  0x7ff8000000000000
core   0: 0x0000000080004504 (0x40005233) sra     tp, zero, zero
core   0: 1 0x0000000080004504 (0x40005233) x4  0x0000000000000000
core   0: 0x0000000080004508 (0x43f05c93) srai    s9, zero, 63
core   0: 1 0x0000000080004508 (0x43f05c93) x25 0x0000000000000000
core   0: 0x000000008000450c (0x22089ed3) fsgnjn.d ft9, fa7, ft0
core   0: 1 0x000000008000450c (0x22089ed3) f29 0xfff8000000000000
core   0: 0x0000000080004510 (0xc238f8d3) fcvt.lu.d a7, fa7
core   0: 1 0x0000000080004510 (0xc238f8d3) c1_fflags 0x0000000000000011 x17 0xffffffffffffffff
core   0: 0x0000000080004514 (0x0084c493) xori    s1, s1, 8
core   0: 1 0x0000000080004514 (0x0084c493) x9  0x0000000000000938
core   0: 0x0000000080004518 (0xd230ff53) fcvt.d.lu ft10, ra
core   0: 1 0x0000000080004518 (0xd230ff53) f30 0x41e0000802800000
core   0: 0x000000008000451c (0x0274c3b3) div     t2, s1, t2
core   0: 1 0x000000008000451c (0x0274c3b3) x7  0xffffffffffffffff
core   0: 0x0000000080004520 (0x4193dcbb) sraw    s9, t2, s9
core   0: 1 0x0000000080004520 (0x4193dcbb) x25 0xffffffffffffffff
core   0: 0x0000000080004524 (0x033542bb) divw    t0, a0, s3
core   0: 1 0x0000000080004524 (0x033542bb) x5  0xffffffffcefded8d
core   0: 0x0000000080004528 (0xaefafc97) auipc   s9, 0xaefaf
core   0: 1 0x0000000080004528 (0xaefafc97) x25 0x000000002efb3528
core   0: 0x000000008000452c (0xb318f6c3) fmadd.d fa3, fa7, fa7, fs6
core   0: 1 0x000000008000452c (0xb318f6c3) f13 0x7ff8000000000000
core   0: 0x0000000080004530 (0xff7ad337) lui     t1, 0xff7ad
core   0: 1 0x0000000080004530 (0xff7ad337) x6  0xffffffffff7ad000
core   0: 0x0000000080004534 (0xb1f3031b) addiw   t1, t1, -1249
core   0: 1 0x0000000080004534 (0xb1f3031b) x6  0xffffffffff7acb1f
core   0: 0x0000000080004538 (0x00000336) c.slli  t1, 13
core   0: 1 0x0000000080004538 (0x0336) x6  0xffffffef5963e000
core   0: 0x000000008000453a (0xd2430313) addi    t1, t1, -732
core   0: 1 0x000000008000453a (0xd2430313) x6  0xffffffef5963dd24
core   0: 0x000000008000453e (0x4303d793) srai    a5, t2, 48
core   0: 1 0x000000008000453e (0x4303d793) x15 0xffffffffffffffff
core   0: 0x0000000080004542 (0x00a3fcb3) and     s9, t2, a0
core   0: 1 0x0000000080004542 (0x00a3fcb3) x25 0x0000000031021273
core   0: 0x0000000080004546 (0x0b63fa53) fsub.d  fs4, ft7, fs6
core   0: 1 0x0000000080004546 (0x0b63fa53) f20 0x7ff8000000000000
core   0: 0x000000008000454a (0x22960753) fsgnj.d fa4, fa2, fs1
core   0: 1 0x000000008000454a (0x22960753) f14 0x7fffffff7fc00000
core   0: 0x000000008000454e (0x4057043b) subw    s0, a4, t0
core   0: 1 0x000000008000454e (0x4057043b) x8  0x0000000031021275
core   0: 0x0000000080004552 (0x03045e33) divu    t3, s0, a6
core   0: 1 0x0000000080004552 (0x03045e33) x28 0xffffffffffffffff
core   0: 0x0000000080004556 (0x028ea6b3) mulhsu  a3, t4, s0
core   0: 1 0x0000000080004556 (0x028ea6b3) x13 0x0000000000000000
core   0: 0x000000008000455a (0x011089bb) addw    s3, ra, a7
core   0: 1 0x000000008000455a (0x011089bb) x19 0xffffffff80004013
core   0: 0x000000008000455e (0xd2297853) fcvt.d.l fa6, s2
core   0: 1 0x000000008000455e (0xd2297853) f16 0x41ca171bb9800000
core   0: 0x0000000080004562 (0x93ef7ecf) fnmadd.d ft9, ft10, ft10, fs2
core   0: 1 0x0000000080004562 (0x93ef7ecf) f29 0x7ff8000000000000
core   0: 0x0000000080004566 (0x00495db3) srl     s11, s2, tp
core   0: 1 0x0000000080004566 (0x00495db3) x27 0x00000000342e3773
core   0: 0x000000008000456a (0x2bdb1b53) fmax.d  fs6, fs6, ft9
core   0: 1 0x000000008000456a (0x2bdb1b53) f22 0x0000000000000000
core   0: 0x000000008000456e (0x0049d23b) srlw    tp, s3, tp
core   0: 1 0x000000008000456e (0x0049d23b) x4  0xffffffff80004013
core   0: 0x0000000080004572 (0x13dafad3) fmul.d  fs5, fs5, ft9
core   0: 1 0x0000000080004572 (0x13dafad3) f21 0x7ff8000000000000
core   0: 0x0000000080004576 (0x01221333) sll     t1, tp, s2
core   0: 1 0x0000000080004576 (0x01221333) x6  0x0098000000000000
core   0: 0x000000008000457a (0x0021973b) sllw    a4, gp, sp
core   0: 1 0x000000008000457a (0x0021973b) x14 0x0000000000000011
core   0: 0x000000008000457e (0x01c4d53b) srlw    a0, s1, t3
core   0: 1 0x000000008000457e (0x01c4d53b) x10 0x0000000000000000
core   0: 0x0000000080004582 (0xc2187bd3) fcvt.wu.d s7, fa6
core   0: 1 0x0000000080004582 (0xc2187bd3) x23 0x00000000342e3773
core   0: 0x0000000080004586 (0x0ff0000f) fence   iorw,iorw
core   0: 1 0x0000000080004586 (0x0ff0000f)
core   0: 0x000000008000458a (0x03bdf653) fadd.d  fa2, fs11, fs11
core   0: 1 0x000000008000458a (0x03bdf653) f12 0x7ff8000000000000
core   0: 0x000000008000458e (0x00b9fa33) and     s4, s3, a1
core   0: 1 0x000000008000458e (0x00b9fa33) x20 0x0000000000000013
core   0: 0x0000000080004592 (0x00a04e33) xor     t3, zero, a0
core   0: 1 0x0000000080004592 (0x00a04e33) x28 0x0000000000000000
core   0: 0x0000000080004596 (0x015393b7) lui     t2, 0x1539
core   0: 1 0x0000000080004596 (0x015393b7) x7  0x0000000001539000
core   0: 0x000000008000459a (0xd853839b) addiw   t2, t2, -635
core   0: 1 0x000000008000459a (0xd853839b) x7  0x0000000001538d85
core   0: 0x000000008000459e (0x000003b6) c.slli  t2, 13
core   0: 1 0x000000008000459e (0x03b6) x7  0x0000002a71b0a000
core   0: 0x00000000800045a0 (0xf8938393) addi    t2, t2, -119
core   0: 1 0x00000000800045a0 (0xf8938393) x7  0x0000002a71b09f89
core   0: 0x00000000800045a4 (0x00e3fbb3) and     s7, t2, a4
core   0: 1 0x00000000800045a4 (0x00e3fbb3) x23 0x0000000000000001
core   0: 0x00000000800045a8 (0x02e3e033) rem     zero, t2, a4
core   0: 1 0x00000000800045a8 (0x02e3e033)
core   0: 0x00000000800045ac (0x0004de9b) srliw   t4, s1, 0
core   0: 1 0x00000000800045ac (0x0004de9b) x29 0x0000000000000938
core   0: 0x00000000800045b0 (0xd02075d3) fcvt.s.l fa1, zero
core   0: 1 0x00000000800045b0 (0xd02075d3) f11 0xffffffff00000000
core   0: 0x00000000800045b4 (0x01d2d7bb) srlw    a5, t0, t4
core   0: 1 0x00000000800045b4 (0x01d2d7bb) x15 0x00000000000000ce
core   0: 0x00000000800045b8 (0x34046173) csrrsi  sp, mscratch, 8
core   0: exception trap_illegal_instruction, epc 0x00000000800045b8
core   0:           tval 0x0000000034046173
core   0: >>>>  $xrv64i2p1_m2p0_a2p1_f2p2_d2p2_zicsr2p0_zifencei2p0_zmmul1p0_zba1p0_zbb1p0_zbc1p0_zbs1p0
core   0: 0x0000000080004000 (0x0080006f) j       pc + 0x8
core   0: 3 0x0000000080004000 (0x0080006f)
core   0: >>>>  mmode_exception_handler
core   0: 0x0000000080004008 (0x00002c17) auipc   s8, 0x2
core   0: 3 0x0000000080004008 (0x00002c17) x24 0x0000000080006008
core   0: 0x000000008000400c (0xff2c0c13) addi    s8, s8, -14
core   0: 3 0x000000008000400c (0xff2c0c13) x24 0x0000000080005ffa
core   0: 0x0000000080004010 (0x000c00e7) jalr    s8
core   0: 3 0x0000000080004010 (0x000c00e7) x1  0x0000000080004014
core   0: >>>>  any_handler
core   0: 0x0000000080005ffa (0x341027f3) csrrs   a5, mepc, zero
core   0: 3 0x0000000080005ffa (0x341027f3) x15 0x00000000800045b8
core   0: 0x0000000080005ffe (0x34202773) csrrs   a4, mcause, zero
core   0: 3 0x0000000080005ffe (0x34202773) x14 0x0000000000000002
core   0: 0x0000000080006002 (0x142026f3) csrrs   a3, scause, zero
core   0: 3 0x0000000080006002 (0x142026f3) x13 0x0000000000000000
core   0: 0x0000000080006006 (0x30402673) csrrs   a2, mie, zero
core   0: 3 0x0000000080006006 (0x30402673) x12 0x0000000000000a00
core   0: 0x000000008000600a (0x344025f3) csrrs   a1, mip, zero
core   0: 3 0x000000008000600a (0x344025f3) x11 0x0000000000000080
core   0: 0x000000008000600e (0x343025f3) csrrs   a1, mtval, zero
core   0: 3 0x000000008000600e (0x343025f3) x11 0x0000000034046173
core   0: 0x0000000080006012 (0x14302573) csrrs   a0, stval, zero
core   0: 3 0x0000000080006012 (0x14302573) x10 0x0000000000000000
core   0: 0x0000000080006016 (0xb02024f3) csrrs   s1, minstret, zero
core   0: 3 0x0000000080006016 (0xb02024f3) x9  0x000000000000097f
core   0: 0x000000008000601a (0x0000a811) c.j     pc + 20
core   0: 3 0x000000008000601a (0xa811)
core   0: >>>>  mepc_4
core   0: 0x000000008000602e (0x00000791) c.addi  a5, 4
core   0: 3 0x000000008000602e (0x0791) x15 0x00000000800045bc
core   0: 0x0000000080006030 (0x34179073) csrrw   zero, mepc, a5
core   0: 3 0x0000000080006030 (0x34179073) c833_mepc 0x00000000800045bc
core   0: 0x0000000080006034 (0x30200073) mret
core   0: 3 0x0000000080006034 (0x30200073) c768_mstatus 0x8000000a00106080
core   0: 0x00000000800045bc (0x7ffd899b) addiw   s3, s11, 2047
core   0: 1 0x00000000800045bc (0x7ffd899b) x19 0x00000000342e3f72
core   0: 0x00000000800045c0 (0x0222f633) remu    a2, t0, sp
core   0: 1 0x00000000800045c0 (0x0222f633) x12 0xffffffffcefded8d
core   0: 0x00000000800045c4 (0x00281873) csrrw   a6, frm, a6
core   0: 1 0x00000000800045c4 (0x00281873) x16 0x0000000000000000 c2_frm 0x0000000000000000
core   0: 0x00000000800045c8 (0xd2120fd3) fcvt.d.wu ft11, tp
core   0: 1 0x00000000800045c8 (0xd2120fd3) f31 0x41e0000802600000
core   0: 0x00000000800045cc (0xfa5672c7) fmsub.d ft5, fa2, ft5, ft11
core   0: 1 0x00000000800045cc (0xfa5672c7) f5  0x7ff8000000000000
core   0: 0x00000000800045d0 (0x0306463b) divw    a2, a2, a6
core   0: 1 0x00000000800045d0 (0x0306463b) x12 0xffffffffffffffff
core   0: 0x00000000800045d4 (0x1332f9d3) fmul.d  fs3, ft5, fs3
core   0: 1 0x00000000800045d4 (0x1332f9d3) f19 0x7ff8000000000000
core   0: 0x00000000800045d8 (0x0015959b) slliw   a1, a1, 1
core   0: 1 0x00000000800045d8 (0x0015959b) x11 0x000000006808c2e6
core   0: 0x00000000800045dc (0xd235f553) fcvt.d.lu fa0, a1
core   0: 1 0x00000000800045dc (0xd235f553) f10 0x41da0230b9800000
core   0: 0x00000000800045e0 (0xfd983db7) lui     s11, 0xfd983
core   0: 1 0x00000000800045e0 (0xfd983db7) x27 0xfffffffffd983000
core   0: 0x00000000800045e4 (0x255d8d9b) addiw   s11, s11, 597
core   0: 1 0x00000000800045e4 (0x255d8d9b) x27 0xfffffffffd983255
core   0: 0x00000000800045e8 (0x00000db2) c.slli  s11, 12
core   0: 1 0x00000000800045e8 (0x0db2) x27 0xffffffd983255000
core   0: 0x00000000800045ea (0x6f1d8d93) addi    s11, s11, 1777
core   0: 1 0x00000000800045ea (0x6f1d8d93) x27 0xffffffd9832556f1
core   0: 0x00000000800045ee (0xc02577d3) fcvt.l.s a5, fa0
core   0: 1 0x00000000800045ee (0xc02577d3) c1_fflags 0x0000000000000011 x15 0x7fffffffffffffff
core   0: 0x00000000800045f2 (0x7ffe829b) addiw   t0, t4, 2047
core   0: 1 0x00000000800045f2 (0x7ffe829b) x5  0x0000000000001137
core   0: 0x00000000800045f6 (0xf2028953) fmv.d.x fs2, t0
core   0: 1 0x00000000800045f6 (0xf2028953) f18 0x0000000000001137
core   0: 0x00000000800045fa (0x016da0b3) slt     ra, s11, s6
core   0: 1 0x00000000800045fa (0x016da0b3) x1  0x0000000000000001
core   0: 0x00000000800045fe (0x0203e33b) remw    t1, t2, zero
core   0: 1 0x00000000800045fe (0x0203e33b) x6  0x0000000071b09f89
core   0: 0x0000000080004602 (0xc0257ad3) fcvt.l.s s5, fa0
core   0: 1 0x0000000080004602 (0xc0257ad3) c1_fflags 0x0000000000000011 x21 0x7fffffffffffffff
core   0: 0x0000000080004606 (0x401dc493) xori    s1, s11, 1025
core   0: 1 0x0000000080004606 (0x401dc493) x9  0xffffffd9832552f0
core   0: 0x000000008000460a (0x0139eeb3) or      t4, s3, s3
core   0: 1 0x000000008000460a (0x0139eeb3) x29 0x00000000342e3f72
core   0: 0x000000008000460e (0x0296d6b3) divu    a3, a3, s1
core   0: 1 0x000000008000460e (0x0296d6b3) x13 0x0000000000000000
core   0: 0x0000000080004612 (0x41915cbb) sraw    s9, sp, s9
core   0: 1 0x0000000080004612 (0x41915cbb) x25 0x0000000000000000
core   0: 0x0000000080004616 (0x010afbb3) and     s7, s5, a6
core   0: 1 0x0000000080004616 (0x010afbb3) x23 0x0000000000000000
core   0: 0x000000008000461a (0x7ffec693) xori    a3, t4, 2047
core   0: 1 0x000000008000461a (0x7ffec693) x13 0x00000000342e388d
core   0: 0x000000008000461e (0x00f989bb) addw    s3, s3, a5
core   0: 1 0x000000008000461e (0x00f989bb) x19 0x00000000342e3f71
core   0: 0x0000000080004622 (0xd2008253) fcvt.d.w ft4, ra
core   0: 1 0x0000000080004622 (0xd2008253) f4  0x3ff0000000000000
core   0: 0x0000000080004626 (0x01b9953b) sllw    a0, s3, s11
core   0: 1 0x0000000080004626 (0x01b9953b) x10 0x000000007ee20000
core   0: 0x000000008000462a (0x02d990b3) mulh    ra, s3, a3
core   0: 1 0x000000008000462a (0x02d990b3) x1  0x0000000000000000
core   0: 0x000000008000462e (0xc21ffed3) fcvt.wu.d t4, ft11
core   0: 1 0x000000008000462e (0xc21ffed3) x29 0xffffffff80004013
core   0: 0x0000000080004632 (0x01b9d79b) srliw   a5, s3, 27
core   0: 1 0x0000000080004632 (0x01b9d79b) x15 0x0000000000000006
core   0: 0x0000000080004636 (0x00202ef3) csrrs   t4, frm, zero
core   0: 1 0x0000000080004636 (0x00202ef3) x29 0x0000000000000000
core   0: 0x000000008000463a (0x03377cb3) remu    s9, a4, s3
core   0: 1 0x000000008000463a (0x03377cb3) x25 0x0000000000000002
core   0: 0x000000008000463e (0x00fe5e3b) srlw    t3, t3, a5
core   0: 1 0x000000008000463e (0x00fe5e3b) x28 0x0000000000000000
core   0: 0x0000000080004642 (0x03fe1013) slli    zero, t3, 63
core   0: 1 0x0000000080004642 (0x03fe1013)
core   0: 0x0000000080004646 (0x039484b3) mul     s1, s1, s9
core   0: 1 0x0000000080004646 (0x039484b3) x9  0xffffffb3064aa5e0
core   0: 0x000000008000464a (0x40127553) fcvt.s.d fa0, ft4
core   0: 1 0x000000008000464a (0x40127553) f10 0xffffffff3f800000
core   0: 0x000000008000464e (0x000b7613) andi    a2, s6, 0
core   0: 1 0x000000008000464e (0x000b7613) x12 0x0000000000000000
core   0: 0x0000000080004652 (0xc218f9d3) fcvt.wu.d s3, fa7
core   0: 1 0x0000000080004652 (0xc218f9d3) c1_fflags 0x0000000000000011 x19 0xffffffffffffffff
core   0: 0x0000000080004656 (0x14349373) csrrw   t1, stval, s1
core   0: 1 0x0000000080004656 (0x14349373) x6  0x0000000000000000 c323_stval 0xffffffb3064aa5e0
core   0: 0x000000008000465a (0x23e50653) fsgnj.d fa2, fa0, ft10
core   0: 1 0x000000008000465a (0x23e50653) f12 0x7fffffff3f800000
core   0: 0x000000008000465e (0x02c9ca3b) divw    s4, s3, a2
core   0: 1 0x000000008000465e (0x02c9ca3b) x20 0xffffffffffffffff
core   0: 0x0000000080004662 (0xd2237f53) fcvt.d.l ft10, t1
core   0: 1 0x0000000080004662 (0xd2237f53) f30 0x0000000000000000
core   0: 0x0000000080004666 (0x401477d3) fcvt.s.d fa5, fs0
core   0: 1 0x0000000080004666 (0x401477d3) f15 0xffffffff00000000
core   0: 0x000000008000466a (0xc237fbd3) fcvt.lu.d s7, fa5
core   0: 1 0x000000008000466a (0xc237fbd3) c1_fflags 0x0000000000000011 x23 0xffffffffffffffff
core   0: 0x000000008000466e (0x13684c13) xori    s8, a6, 310
core   0: 1 0x000000008000466e (0x13684c13) x24 0x0000000000000136
core   0: 0x0000000080004672 (0x00008d31) c.xor   a0, a2
core   0: 1 0x0000000080004672 (0x8d31) x10 0x000000007ee20000
core   0: 0x0000000080004674 (0x0042023b) addw    tp, tp, tp
core   0: 1 0x0000000080004674 (0x0042023b) x4  0x0000000000008026
core   0: 0x0000000080004678 (0x03ec76d3) fadd.d  fa3, fs8, ft10
core   0: 1 0x0000000080004678 (0x03ec76d3) f13 0x7ff8000000000000
core   0: 0x000000008000467c (0x00176393) ori     t2, a4, 1
core   0: 1 0x000000008000467c (0x00176393) x7  0x0000000000000003
core   0: 0x0000000080004680 (0x4006de1b) sraiw   t3, a3, 0
core   0: 1 0x0000000080004680 (0x4006de1b) x28 0x00000000342e388d
core   0: 0x0000000080004684 (0xeec38013) addi    zero, t2, -276
core   0: 1 0x0000000080004684 (0xeec38013)
core   0: 0x0000000080004688 (0xc01294f3) csrrw   s1, time, t0
core   0: exception trap_illegal_instruction, epc 0x0000000080004688
core   0:           tval 0x00000000c01294f3
core   0: >>>>  $xrv64i2p1_m2p0_a2p1_f2p2_d2p2_zicsr2p0_zifencei2p0_zmmul1p0_zba1p0_zbb1p0_zbc1p0_zbs1p0
core   0: 0x0000000080004000 (0x0080006f) j       pc + 0x8
core   0: 3 0x0000000080004000 (0x0080006f)
core   0: >>>>  mmode_exception_handler
core   0: 0x0000000080004008 (0x00002c17) auipc   s8, 0x2
core   0: 3 0x0000000080004008 (0x00002c17) x24 0x0000000080006008
core   0: 0x000000008000400c (0xff2c0c13) addi    s8, s8, -14
core   0: 3 0x000000008000400c (0xff2c0c13) x24 0x0000000080005ffa
core   0: 0x0000000080004010 (0x000c00e7) jalr    s8
core   0: 3 0x0000000080004010 (0x000c00e7) x1  0x0000000080004014
core   0: >>>>  any_handler
core   0: 0x0000000080005ffa (0x341027f3) csrrs   a5, mepc, zero
core   0: 3 0x0000000080005ffa (0x341027f3) x15 0x0000000080004688
core   0: 0x0000000080005ffe (0x34202773) csrrs   a4, mcause, zero
core   0: 3 0x0000000080005ffe (0x34202773) x14 0x0000000000000002
core   0: 0x0000000080006002 (0x142026f3) csrrs   a3, scause, zero
core   0: 3 0x0000000080006002 (0x142026f3) x13 0x0000000000000000
core   0: 0x0000000080006006 (0x30402673) csrrs   a2, mie, zero
core   0: 3 0x0000000080006006 (0x30402673) x12 0x0000000000000a00
core   0: 0x000000008000600a (0x344025f3) csrrs   a1, mip, zero
core   0: 3 0x000000008000600a (0x344025f3) x11 0x0000000000000080
core   0: 0x000000008000600e (0x343025f3) csrrs   a1, mtval, zero
core   0: 3 0x000000008000600e (0x343025f3) x11 0x00000000c01294f3
core   0: 0x0000000080006012 (0x14302573) csrrs   a0, stval, zero
core   0: 3 0x0000000080006012 (0x14302573) x10 0xffffffb3064aa5e0
core   0: 0x0000000080006016 (0xb02024f3) csrrs   s1, minstret, zero
core   0: 3 0x0000000080006016 (0xb02024f3) x9  0x00000000000009c3
core   0: 0x000000008000601a (0x0000a811) c.j     pc + 20
core   0: 3 0x000000008000601a (0xa811)
core   0: >>>>  mepc_4
core   0: 0x000000008000602e (0x00000791) c.addi  a5, 4
core   0: 3 0x000000008000602e (0x0791) x15 0x000000008000468c
core   0: 0x0000000080006030 (0x34179073) csrrw   zero, mepc, a5
core   0: 3 0x0000000080006030 (0x34179073) c833_mepc 0x000000008000468c
core   0: 0x0000000080006034 (0x30200073) mret
core   0: 3 0x0000000080006034 (0x30200073) c768_mstatus 0x8000000a00106080
core   0: 0x000000008000468c (0x5a0bf1d3) fsqrt.d ft3, fs7
core   0: 1 0x000000008000468c (0x5a0bf1d3) f3  0x7ff8000000000000
core   0: 0x0000000080004690 (0x0054833b) addw    t1, s1, t0
core   0: 1 0x0000000080004690 (0x0054833b) x6  0x0000000000001afa
core   0: 0x0000000080004694 (0x00f72c33) slt     s8, a4, a5
core   0: 1 0x0000000080004694 (0x00f72c33) x24 0x0000000000000001
core   0: 0x0000000080004698 (0x002490f3) csrrw   ra, frm, s1
core   0: 1 0x0000000080004698 (0x002490f3) x1  0x0000000000000000 c2_frm 0x0000000000000003
core   0: 0x000000008000469c (0x401bf453) fcvt.s.d fs0, fs7
core   0: 1 0x000000008000469c (0x401bf453) f8  0xffffffff7fc00000
core   0: 0x00000000800046a0 (0xc23bf153) fcvt.lu.d sp, fs7
core   0: 1 0x00000000800046a0 (0xc23bf153) c1_fflags 0x0000000000000011 x2  0xffffffffffffffff
core   0: 0x00000000800046a4 (0x13d47e53) fmul.d  ft8, fs0, ft9
core   0: 1 0x00000000800046a4 (0x13d47e53) f28 0x7ff8000000000000
core   0: 0x00000000800046a8 (0x00051a13) slli    s4, a0, 0
core   0: 1 0x00000000800046a8 (0x00051a13) x20 0xffffffb3064aa5e0
core   0: 0x00000000800046ac (0xe20a08d3) fmv.x.d a7, fs4
core   0: 1 0x00000000800046ac (0xe20a08d3) x17 0x7ff8000000000000
core   0: 0x00000000800046b0 (0xfff1079b) addiw   a5, sp, -1
core   0: 1 0x00000000800046b0 (0xfff1079b) x15 0xfffffffffffffffe
core   0: 0x00000000800046b4 (0xe2088bd3) fmv.x.d s7, fa7
core   0: 1 0x00000000800046b4 (0xe2088bd3) x23 0x7ff8000000000000
core   0: 0x00000000800046b8 (0xc02973d3) fcvt.l.s t2, fs2
core   0: 1 0x00000000800046b8 (0xc02973d3) c1_fflags 0x0000000000000011 x7  0x7fffffffffffffff
core   0: 0x00000000800046bc (0x401c70d3) fcvt.s.d ft1, fs8
core   0: 1 0x00000000800046bc (0x401c70d3) f1  0xffffffff7fc00000
core   0: 0x00000000800046c0 (0x2a1f8c53) fmin.d  fs8, ft11, ft1
core   0: 1 0x00000000800046c0 (0x2a1f8c53) f24 0x41e0000802600000
core   0: 0x00000000800046c4 (0x0145133b) sllw    t1, a0, s4
core   0: 1 0x00000000800046c4 (0x0145133b) x6  0x00000000064aa5e0
core   0: 0x00000000800046c8 (0x00151173) csrrw   sp, fflags, a0
core   0: 1 0x00000000800046c8 (0x00151173) x2  0x0000000000000011 c1_fflags 0x0000000000000000
core   0: 0x00000000800046cc (0xc21ff6d3) fcvt.wu.d a3, ft11
core   0: 1 0x00000000800046cc (0xc21ff6d3) x13 0xffffffff80004013
core   0: 0x00000000800046d0 (0xd2227053) fcvt.d.l ft0, tp
core   0: 1 0x00000000800046d0 (0xd2227053) f0  0x40e004c000000000
core   0: 0x00000000800046d4 (0x00219b73) csrrw   s6, frm, gp
core   0: 1 0x00000000800046d4 (0x00219b73) x22 0x0000000000000003 c2_frm 0x0000000000000001
core   0: 0x00000000800046d8 (0x00000001) c.nop
core   0: 1 0x00000000800046d8 (0x0001)
core   0: 0x00000000800046da (0x417a013b) subw    sp, s4, s7
core   0: 1 0x00000000800046da (0x417a013b) x2  0x00000000064aa5e0
core   0: 0x00000000800046de (0x0198de9b) srliw   t4, a7, 25
core   0: 1 0x00000000800046de (0x0198de9b) x29 0x0000000000000000
core   0: 0x00000000800046e2 (0x40c10ab3) sub     s5, sp, a2
core   0: 1 0x00000000800046e2 (0x40c10ab3) x21 0x00000000064a9be0
core   0: 0x00000000800046e6 (0x031af643) fmadd.d fa2, fs5, fa7, ft0
core   0: 1 0x00000000800046e6 (0x031af643) f12 0x7ff8000000000000
core   0: 0x00000000800046ea (0x41e7db9b) sraiw   s7, a5, 30
core   0: 1 0x00000000800046ea (0x41e7db9b) x23 0xffffffffffffffff
core   0: 0x00000000800046ee (0xc038f1d3) fcvt.lu.s gp, fa7
core   0: 1 0x00000000800046ee (0xc038f1d3) c1_fflags 0x0000000000000010 x3  0xffffffffffffffff
core   0: 0x00000000800046f2 (0x035a8433) mul     s0, s5, s5
core   0: 1 0x00000000800046f2 (0x035a8433) x8  0x0027950cfc690400
core   0: 0x00000000800046f6 (0xd028f5d3) fcvt.s.l fa1, a7
core   0: 1 0x00000000800046f6 (0xd028f5d3) f11 0xffffffff5efff000
core   0: 0x00000000800046fa (0x008e8a3b) addw    s4, t4, s0
core   0: 1 0x00000000800046fa (0x008e8a3b) x20 0xfffffffffc690400
core   0: 0x00000000800046fe (0xc22070d3) fcvt.l.d ra, ft0
core   0: 1 0x00000000800046fe (0xc22070d3) x1  0x0000000000008026
core   0: 0x0000000080004702 (0xcb907743) fmadd.d fa4, ft0, fs9, fs9
core   0: 1 0x0000000080004702 (0xcb907743) f14 0x7ff8000000000000
core   0: 0x0000000080004706 (0xc02cf2d3) fcvt.l.s t0, fs9
core   0: 1 0x0000000080004706 (0xc02cf2d3) x5  0x0000000080004000
core   0: 0x000000008000470a (0x1a9177cf) fnmadd.d fa5, ft2, fs1, ft3
core   0: 1 0x000000008000470a (0x1a9177cf) f15 0x7ff8000000000000
core   0: 0x000000008000470e (0x02dcfd93) andi    s11, s9, 45
core   0: 1 0x000000008000470e (0x02dcfd93) x27 0x0000000000000000
core   0: 0x0000000080004712 (0xd03df953) fcvt.s.lu fs2, s11
core   0: 1 0x0000000080004712 (0xd03df953) f18 0xffffffff00000000
core   0: 0x0000000080004716 (0x00202a73) csrrs   s4, frm, zero
core   0: 1 0x0000000080004716 (0x00202a73) x20 0x0000000000000001
core   0: 0x000000008000471a (0xf123e873) csrrsi  a6, marchid, 7
core   0: exception trap_illegal_instruction, epc 0x000000008000471a
core   0:           tval 0x00000000f123e873
core   0: >>>>  $xrv64i2p1_m2p0_a2p1_f2p2_d2p2_zicsr2p0_zifencei2p0_zmmul1p0_zba1p0_zbb1p0_zbc1p0_zbs1p0
core   0: 0x0000000080004000 (0x0080006f) j       pc + 0x8
core   0: 3 0x0000000080004000 (0x0080006f)
core   0: >>>>  mmode_exception_handler
core   0: 0x0000000080004008 (0x00002c17) auipc   s8, 0x2
core   0: 3 0x0000000080004008 (0x00002c17) x24 0x0000000080006008
core   0: 0x000000008000400c (0xff2c0c13) addi    s8, s8, -14
core   0: 3 0x000000008000400c (0xff2c0c13) x24 0x0000000080005ffa
core   0: 0x0000000080004010 (0x000c00e7) jalr    s8
core   0: 3 0x0000000080004010 (0x000c00e7) x1  0x0000000080004014
core   0: >>>>  any_handler
core   0: 0x0000000080005ffa (0x341027f3) csrrs   a5, mepc, zero
core   0: 3 0x0000000080005ffa (0x341027f3) x15 0x000000008000471a
core   0: 0x0000000080005ffe (0x34202773) csrrs   a4, mcause, zero
core   0: 3 0x0000000080005ffe (0x34202773) x14 0x0000000000000002
core   0: 0x0000000080006002 (0x142026f3) csrrs   a3, scause, zero
core   0: 3 0x0000000080006002 (0x142026f3) x13 0x0000000000000000
core   0: 0x0000000080006006 (0x30402673) csrrs   a2, mie, zero
core   0: 3 0x0000000080006006 (0x30402673) x12 0x0000000000000a00
core   0: 0x000000008000600a (0x344025f3) csrrs   a1, mip, zero
core   0: 3 0x000000008000600a (0x344025f3) x11 0x0000000000000080
core   0: 0x000000008000600e (0x343025f3) csrrs   a1, mtval, zero
core   0: 3 0x000000008000600e (0x343025f3) x11 0x00000000f123e873
core   0: 0x0000000080006012 (0x14302573) csrrs   a0, stval, zero
core   0: 3 0x0000000080006012 (0x14302573) x10 0xffffffb3064aa5e0
core   0: 0x0000000080006016 (0xb02024f3) csrrs   s1, minstret, zero
core   0: 3 0x0000000080006016 (0xb02024f3) x9  0x00000000000009f7
core   0: 0x000000008000601a (0x0000a811) c.j     pc + 20
core   0: 3 0x000000008000601a (0xa811)
core   0: >>>>  mepc_4
core   0: 0x000000008000602e (0x00000791) c.addi  a5, 4
core   0: 3 0x000000008000602e (0x0791) x15 0x000000008000471e
core   0: 0x0000000080006030 (0x34179073) csrrw   zero, mepc, a5
core   0: 3 0x0000000080006030 (0x34179073) c833_mepc 0x000000008000471e
core   0: 0x0000000080006034 (0x30200073) mret
core   0: 3 0x0000000080006034 (0x30200073) c768_mstatus 0x8000000a00106080
core   0: 0x000000008000471e (0x0ff0000f) fence   iorw,iorw
core   0: 1 0x000000008000471e (0x0ff0000f)
core   0: 0x0000000080004722 (0x12097253) fmul.d  ft4, fs2, ft0
core   0: 1 0x0000000080004722 (0x12097253) f4  0x7ff8000000000000
core   0: 0x0000000080004726 (0x03fff753) fadd.d  fa4, ft11, ft11
core   0: 1 0x0000000080004726 (0x03fff753) f14 0x41f0000802600000
core   0: 0x000000008000472a (0x010e1e3b) sllw    t3, t3, a6
core   0: 1 0x000000008000472a (0x010e1e3b) x28 0x00000000342e388d
core   0: 0x000000008000472e (0xd2247653) fcvt.d.l fa2, s0
core   0: 1 0x000000008000472e (0xd2247653) f12 0x4343ca867e348200
core   0: 0x0000000080004732 (0x43f79297) auipc   t0, 0x43f79
core   0: 1 0x0000000080004732 (0x43f79297) x5  0x00000000c3f7d732
core   0: 0x0000000080004736 (0x4032d1bb) sraw    gp, t0, gp
core   0: 1 0x0000000080004736 (0x4032d1bb) x3  0xffffffffffffffff
core   0: 0x000000008000473a (0xf2c775c7) fmsub.d fa1, fa4, fa2, ft10
core   0: 1 0x000000008000473a (0xf2c775c7) c1_fflags 0x0000000000000011 f11 0x4543ca906667d110
core   0: 0x000000008000473e (0x01f1179b) slliw   a5, sp, 31
core   0: 1 0x000000008000473e (0x01f1179b) x15 0x0000000000000000
core   0: 0x0000000080004742 (0xd2158b53) fcvt.d.wu fs6, a1
core   0: 1 0x0000000080004742 (0xd2158b53) f22 0x41ee247d0e600000
core   0: 0x0000000080004746 (0x420d8dd3) fcvt.d.s fs11, fs11
core   0: 1 0x0000000080004746 (0x420d8dd3) f27 0x7ff8000000000000
core   0: 0x000000008000474a (0x1a53f053) fdiv.d  ft0, ft7, ft5
core   0: 1 0x000000008000474a (0x1a53f053) f0  0x7ff8000000000000
core   0: 0x000000008000474e (0x23e59a53) fsgnjn.d fs4, fa1, ft10
core   0: 1 0x000000008000474e (0x23e59a53) f20 0xc543ca906667d110
core   0: 0x0000000080004752 (0x0268b8b3) mulhu   a7, a7, t1
core   0: 1 0x0000000080004752 (0x0268b8b3) x17 0x000000000325209a
core   0: 0x0000000080004756 (0xc0297473) csrrci  s0, instret, 18
core   0: exception trap_illegal_instruction, epc 0x0000000080004756
core   0:           tval 0x00000000c0297473
core   0: >>>>  $xrv64i2p1_m2p0_a2p1_f2p2_d2p2_zicsr2p0_zifencei2p0_zmmul1p0_zba1p0_zbb1p0_zbc1p0_zbs1p0
core   0: 0x0000000080004000 (0x0080006f) j       pc + 0x8
core   0: 3 0x0000000080004000 (0x0080006f)
core   0: >>>>  mmode_exception_handler
core   0: 0x0000000080004008 (0x00002c17) auipc   s8, 0x2
core   0: 3 0x0000000080004008 (0x00002c17) x24 0x0000000080006008
core   0: 0x000000008000400c (0xff2c0c13) addi    s8, s8, -14
core   0: 3 0x000000008000400c (0xff2c0c13) x24 0x0000000080005ffa
core   0: 0x0000000080004010 (0x000c00e7) jalr    s8
core   0: 3 0x0000000080004010 (0x000c00e7) x1  0x0000000080004014
core   0: >>>>  any_handler
core   0: 0x0000000080005ffa (0x341027f3) csrrs   a5, mepc, zero
core   0: 3 0x0000000080005ffa (0x341027f3) x15 0x0000000080004756
core   0: 0x0000000080005ffe (0x34202773) csrrs   a4, mcause, zero
core   0: 3 0x0000000080005ffe (0x34202773) x14 0x0000000000000002
core   0: 0x0000000080006002 (0x142026f3) csrrs   a3, scause, zero
core   0: 3 0x0000000080006002 (0x142026f3) x13 0x0000000000000000
core   0: 0x0000000080006006 (0x30402673) csrrs   a2, mie, zero
core   0: 3 0x0000000080006006 (0x30402673) x12 0x0000000000000a00
core   0: 0x000000008000600a (0x344025f3) csrrs   a1, mip, zero
core   0: 3 0x000000008000600a (0x344025f3) x11 0x0000000000000080
core   0: 0x000000008000600e (0x343025f3) csrrs   a1, mtval, zero
core   0: 3 0x000000008000600e (0x343025f3) x11 0x00000000c0297473
core   0: 0x0000000080006012 (0x14302573) csrrs   a0, stval, zero
core   0: 3 0x0000000080006012 (0x14302573) x10 0xffffffb3064aa5e0
core   0: 0x0000000080006016 (0xb02024f3) csrrs   s1, minstret, zero
core   0: 3 0x0000000080006016 (0xb02024f3) x9  0x0000000000000a15
core   0: 0x000000008000601a (0x0000a811) c.j     pc + 20
core   0: 3 0x000000008000601a (0xa811)
core   0: >>>>  mepc_4
core   0: 0x000000008000602e (0x00000791) c.addi  a5, 4
core   0: 3 0x000000008000602e (0x0791) x15 0x000000008000475a
core   0: 0x0000000080006030 (0x34179073) csrrw   zero, mepc, a5
core   0: 3 0x0000000080006030 (0x34179073) c833_mepc 0x000000008000475a
core   0: 0x0000000080006034 (0x30200073) mret
core   0: 3 0x0000000080006034 (0x30200073) c768_mstatus 0x8000000a00106080
core   0: 0x000000008000475a (0x02d250b3) divu    ra, tp, a3
core   0: 1 0x000000008000475a (0x02d250b3) x1  0xffffffffffffffff
core   0: 0x000000008000475e (0xf2040553) fmv.d.x fa0, s0
core   0: 1 0x000000008000475e (0xf2040553) f10 0x0027950cfc690400
core   0: 0x0000000080004762 (0x0164153b) sllw    a0, s0, s6
core   0: 1 0x0000000080004762 (0x0164153b) x10 0xffffffffe3482000
core   0: 0x0000000080004766 (0x00aed333) srl     t1, t4, a0
core   0: 1 0x0000000080004766 (0x00aed333) x6  0x0000000000000000
core   0: 0x000000008000476a (0x02893933) mulhu   s2, s2, s0
core   0: 1 0x000000008000476a (0x02893933) x18 0x000000000008116b
core   0: 0x000000008000476e (0x67d05297) auipc   t0, 0x67d05
core   0: 1 0x000000008000476e (0x67d05297) x5  0x00000000e7d0976e
core   0: 0x0000000080004772 (0xc057d6f3) csrrwi  a3, hpmcounter5, 15
core   0: exception trap_illegal_instruction, epc 0x0000000080004772
core   0:           tval 0x00000000c057d6f3
core   0: >>>>  $xrv64i2p1_m2p0_a2p1_f2p2_d2p2_zicsr2p0_zifencei2p0_zmmul1p0_zba1p0_zbb1p0_zbc1p0_zbs1p0
core   0: 0x0000000080004000 (0x0080006f) j       pc + 0x8
core   0: 3 0x0000000080004000 (0x0080006f)
core   0: >>>>  mmode_exception_handler
core   0: 0x0000000080004008 (0x00002c17) auipc   s8, 0x2
core   0: 3 0x0000000080004008 (0x00002c17) x24 0x0000000080006008
core   0: 0x000000008000400c (0xff2c0c13) addi    s8, s8, -14
core   0: 3 0x000000008000400c (0xff2c0c13) x24 0x0000000080005ffa
core   0: 0x0000000080004010 (0x000c00e7) jalr    s8
core   0: 3 0x0000000080004010 (0x000c00e7) x1  0x0000000080004014
core   0: >>>>  any_handler
core   0: 0x0000000080005ffa (0x341027f3) csrrs   a5, mepc, zero
core   0: 3 0x0000000080005ffa (0x341027f3) x15 0x0000000080004772
core   0: 0x0000000080005ffe (0x34202773) csrrs   a4, mcause, zero
core   0: 3 0x0000000080005ffe (0x34202773) x14 0x0000000000000002
core   0: 0x0000000080006002 (0x142026f3) csrrs   a3, scause, zero
core   0: 3 0x0000000080006002 (0x142026f3) x13 0x0000000000000000
core   0: 0x0000000080006006 (0x30402673) csrrs   a2, mie, zero
core   0: 3 0x0000000080006006 (0x30402673) x12 0x0000000000000a00
core   0: 0x000000008000600a (0x344025f3) csrrs   a1, mip, zero
core   0: 3 0x000000008000600a (0x344025f3) x11 0x0000000000000080
core   0: 0x000000008000600e (0x343025f3) csrrs   a1, mtval, zero
core   0: 3 0x000000008000600e (0x343025f3) x11 0x00000000c057d6f3
core   0: 0x0000000080006012 (0x14302573) csrrs   a0, stval, zero
core   0: 3 0x0000000080006012 (0x14302573) x10 0xffffffb3064aa5e0
core   0: 0x0000000080006016 (0xb02024f3) csrrs   s1, minstret, zero
core   0: 3 0x0000000080006016 (0xb02024f3) x9  0x0000000000000a2b
core   0: 0x000000008000601a (0x0000a811) c.j     pc + 20
core   0: 3 0x000000008000601a (0xa811)
core   0: >>>>  mepc_4
core   0: 0x000000008000602e (0x00000791) c.addi  a5, 4
core   0: 3 0x000000008000602e (0x0791) x15 0x0000000080004776
core   0: 0x0000000080006030 (0x34179073) csrrw   zero, mepc, a5
core   0: 3 0x0000000080006030 (0x34179073) c833_mepc 0x0000000080004776
core   0: 0x0000000080006034 (0x30200073) mret
core   0: 3 0x0000000080006034 (0x30200073) c768_mstatus 0x8000000a00106080
core   0: 0x0000000080004776 (0x00817733) and     a4, sp, s0
core   0: 1 0x0000000080004776 (0x00817733) x14 0x0000000004480400
core   0: 0x000000008000477a (0x02c60d3b) mulw    s10, a2, a2
core   0: 1 0x000000008000477a (0x02c60d3b) x26 0x0000000000640000
core   0: 0x000000008000477e (0xba18e393) ori     t2, a7, -1119
core   0: 1 0x000000008000477e (0xba18e393) x7  0xfffffffffffffbbb
core   0: 0x0000000080004782 (0x037d013b) mulw    sp, s10, s7
core   0: 1 0x0000000080004782 (0x037d013b) x2  0xffffffffff9c0000
core   0: 0x0000000080004786 (0x401d501b) sraiw   zero, s10, 1
core   0: 1 0x0000000080004786 (0x401d501b)
core   0: 0x000000008000478a (0xc02a7953) fcvt.l.s s2, fs4
core   0: 1 0x000000008000478a (0xc02a7953) c1_fflags 0x0000000000000011 x18 0x7fffffffffffffff
core   0: 0x000000008000478e (0x007013bb) sllw    t2, zero, t2
core   0: 1 0x000000008000478e (0x007013bb) x7  0x0000000000000000
core   0: 0x0000000080004792 (0xa7d0cb37) lui     s6, 0xa7d0c
core   0: 1 0x0000000080004792 (0xa7d0cb37) x22 0xffffffffa7d0c000
core   0: 0x0000000080004796 (0x413cd9b3) sra     s3, s9, s3
core   0: 1 0x0000000080004796 (0x413cd9b3) x19 0x0000000000000000
core   0: 0x000000008000479a (0xd20709d3) fcvt.d.w fs3, a4
core   0: 1 0x000000008000479a (0xd20709d3) f19 0x4191201000000000
core   0: 0x000000008000479e (0xb3ab7337) lui     t1, 0xb3ab7
core   0: 1 0x000000008000479e (0xb3ab7337) x6  0xffffffffb3ab7000
core   0: 0x00000000800047a2 (0x03db07b3) mul     a5, s6, t4
core   0: 1 0x00000000800047a2 (0x03db07b3) x15 0x0000000000000000
core   0: 0x00000000800047a6 (0x02f38133) mul     sp, t2, a5
core   0: 1 0x00000000800047a6 (0x02f38133) x2  0x0000000000000000
core   0: 0x00000000800047aa (0xc21b7bd3) fcvt.wu.d s7, fs6
core   0: 1 0x00000000800047aa (0xc21b7bd3) x23 0xfffffffff123e873
core   0: 0x00000000800047ae (0xe3f0fd43) fmadd.d fs10, ft1, ft11, ft8
core   0: 1 0x00000000800047ae (0xe3f0fd43) f26 0x7ff8000000000000
core   0: 0x00000000800047b2 (0x4003d193) srai    gp, t2, 0
core   0: 1 0x00000000800047b2 (0x4003d193) x3  0x0000000000000000
core   0: 0x00000000800047b6 (0x4075dd9b) sraiw   s11, a1, 7
core   0: 1 0x00000000800047b6 (0x4075dd9b) x27 0xffffffffff80afad
core   0: 0x00000000800047ba (0xe2058c53) fmv.x.d s8, fa1
core   0: 1 0x00000000800047ba (0xe2058c53) x24 0x4543ca906667d110
core   0: 0x00000000800047be (0x0113149b) slliw   s1, t1, 17
core   0: 1 0x00000000800047be (0x0113149b) x9  0xffffffffe0000000
core   0: 0x00000000800047c2 (0x00249513) slli    a0, s1, 2
core   0: 1 0x00000000800047c2 (0x00249513) x10 0xffffffff80000000
core   0: 0x00000000800047c6 (0x57784637) lui     a2, 0x57784
core   0: 1 0x00000000800047c6 (0x57784637) x12 0x0000000057784000
core   0: 0x00000000800047ca (0x03463eb3) mulhu   t4, a2, s4
core   0: 1 0x00000000800047ca (0x03463eb3) x29 0x0000000000000000
core   0: 0x00000000800047ce (0x03b95dbb) divuw   s11, s2, s11
core   0: 1 0x00000000800047ce (0x03b95dbb) x27 0x0000000000000001
core   0: 0x00000000800047d2 (0xc7327597) auipc   a1, 0xc7327
core   0: 1 0x00000000800047d2 (0xc7327597) x11 0x000000004732b7d2
core   0: 0x00000000800047d6 (0x00000001) c.nop
core   0: 1 0x00000000800047d6 (0x0001)
core   0: 0x00000000800047d8 (0x03a56b3b) remw    s6, a0, s10
core   0: 1 0x00000000800047d8 (0x03a56b3b) x22 0xffffffffffbc0000
core   0: 0x00000000800047dc (0x1b3e7f53) fdiv.d  ft10, ft8, fs3
core   0: 1 0x00000000800047dc (0x1b3e7f53) f30 0x7ff8000000000000
core   0: 0x00000000800047e0 (0x2a2d8153) fmin.d  ft2, fs11, ft2
core   0: 1 0x00000000800047e0 (0x2a2d8153) f2  0x7ff8000000000000
core   0: 0x00000000800047e4 (0x7791e8b7) lui     a7, 0x7791e
core   0: 1 0x00000000800047e4 (0x7791e8b7) x17 0x000000007791e000
core   0: 0x00000000800047e8 (0x000a0033) add     zero, s4, zero
core   0: 1 0x00000000800047e8 (0x000a0033)
core   0: 0x00000000800047ec (0x0318f9bb) remuw   s3, a7, a7
core   0: 1 0x00000000800047ec (0x0318f9bb) x19 0x0000000000000000
core   0: 0x00000000800047f0 (0x02b9dd33) divu    s10, s3, a1
core   0: 1 0x00000000800047f0 (0x02b9dd33) x26 0x0000000000000000
core   0: 0x00000000800047f4 (0x401f7c53) fcvt.s.d fs8, ft10
core   0: 1 0x00000000800047f4 (0x401f7c53) f24 0xffffffff7fc00000
core   0: 0x00000000800047f8 (0x80088893) addi    a7, a7, -2048
core   0: 1 0x00000000800047f8 (0x80088893) x17 0x000000007791d800
core   0: 0x00000000800047fc (0x03f09e13) slli    t3, ra, 63
core   0: 1 0x00000000800047fc (0x03f09e13) x28 0x0000000000000000
core   0: 0x0000000080004800 (0x420c00d3) fcvt.d.s ft1, fs8
core   0: 1 0x0000000080004800 (0x420c00d3) f1  0x7ff8000000000000
core   0: 0x0000000080004804 (0x324e019b) addiw   gp, t3, 804
core   0: 1 0x0000000080004804 (0x324e019b) x3  0x0000000000000324
core   0: 0x0000000080004808 (0x8000809b) addiw   ra, ra, -2048
core   0: 1 0x0000000080004808 (0x8000809b) x1  0xffffffff80003814
core   0: 0x000000008000480c (0x416ed0bb) sraw    ra, t4, s6
core   0: 1 0x000000008000480c (0x416ed0bb) x1  0x0000000000000000
core   0: 0x0000000080004810 (0x00009f39) c.addw  a4, a4
core   0: 1 0x0000000080004810 (0x9f39) x14 0x0000000008900800
core   0: 0x0000000080004812 (0x016b529b) srliw   t0, s6, 22
core   0: 1 0x0000000080004812 (0x016b529b) x5  0x00000000000003fe
core   0: 0x0000000080004816 (0x02e8f853) fadd.d  fa6, fa7, fa4
core   0: 1 0x0000000080004816 (0x02e8f853) f16 0x7ff8000000000000
core   0: 0x000000008000481a (0x23a82d53) fsgnjx.d fs10, fa6, fs10
core   0: 1 0x000000008000481a (0x23a82d53) f26 0x7ff8000000000000
core   0: 0x000000008000481e (0xb225809b) addiw   ra, a1, -1246
core   0: 1 0x000000008000481e (0xb225809b) x1  0x000000004732b2f4
core   0: 0x0000000080004822 (0xc2207b53) fcvt.l.d s6, ft0
core   0: 1 0x0000000080004822 (0xc2207b53) c1_fflags 0x0000000000000011 x22 0x7fffffffffffffff
core   0: 0x0000000080004826 (0xc218fe53) fcvt.wu.d t3, fa7
core   0: 1 0x0000000080004826 (0xc218fe53) c1_fflags 0x0000000000000011 x28 0xffffffffffffffff
core   0: 0x000000008000482a (0x02ce6b33) rem     s6, t3, a2
core   0: 1 0x000000008000482a (0x02ce6b33) x22 0xffffffffffffffff
core   0: 0x000000008000482e (0x40165a3b) sraw    s4, a2, ra
core   0: 1 0x000000008000482e (0x40165a3b) x20 0x0000000000000577
core   0: 0x0000000080004832 (0x130d7ad3) fmul.d  fs5, fs10, fa6
core   0: 1 0x0000000080004832 (0x130d7ad3) f21 0x7ff8000000000000
core   0: 0x0000000080004836 (0x401a5a93) srai    s5, s4, 1
core   0: 1 0x0000000080004836 (0x401a5a93) x21 0x00000000000002bb
core   0: 0x000000008000483a (0xd21a8bd3) fcvt.d.wu fs7, s5
core   0: 1 0x000000008000483a (0xd21a8bd3) f23 0x4085d80000000000
core   0: 0x000000008000483e (0xd233ff53) fcvt.d.lu ft10, t2
core   0: 1 0x000000008000483e (0xd233ff53) f30 0x0000000000000000
core   0: 0x0000000080004842 (0x00e11133) sll     sp, sp, a4
core   0: 1 0x0000000080004842 (0x00e11133) x2  0x0000000000000000
core   0: 0x0000000080004846 (0x002ac033) xor     zero, s5, sp
core   0: 1 0x0000000080004846 (0x002ac033)
core   0: 0x000000008000484a (0x01f01813) slli    a6, zero, 31
core   0: 1 0x000000008000484a (0x01f01813) x16 0x0000000000000000
core   0: 0x000000008000484e (0x00161cf3) csrrw   s9, fflags, a2
core   0: 1 0x000000008000484e (0x00161cf3) x25 0x0000000000000011 c1_fflags 0x0000000000000000
core   0: 0x0000000080004852 (0x02f069bb) remw    s3, zero, a5
core   0: 1 0x0000000080004852 (0x02f069bb) x19 0x0000000000000000
core   0: 0x0000000080004856 (0xcac576cb) fnmsub.d fa3, fa0, fa2, fs9
core   0: 1 0x0000000080004856 (0xcac576cb) f13 0x7ff8000000000000
core   0: 0x000000008000485a (0x23168253) fsgnj.d ft4, fa3, fa7
core   0: 1 0x000000008000485a (0x23168253) f4  0x7ff8000000000000
core   0: 0x000000008000485e (0xe20684d3) fmv.x.d s1, fa3
core   0: 1 0x000000008000485e (0xe20684d3) x9  0x7ff8000000000000
core   0: 0x0000000080004862 (0x00962633) slt     a2, a2, s1
core   0: 1 0x0000000080004862 (0x00962633) x12 0x0000000000000001
core   0: 0x0000000080004866 (0x021d3c33) mulhu   s8, s10, ra
core   0: 1 0x0000000080004866 (0x021d3c33) x24 0x0000000000000000
core   0: 0x000000008000486a (0xd038f253) fcvt.s.lu ft4, a7
core   0: 1 0x000000008000486a (0xd038f253) f4  0xffffffff4eef23b0
core   0: 0x000000008000486e (0x021dfeb3) remu    t4, s11, ra
core   0: 1 0x000000008000486e (0x021dfeb3) x29 0x0000000000000001
core   0: 0x0000000080004872 (0xd23d7ed3) fcvt.d.lu ft9, s10
core   0: 1 0x0000000080004872 (0xd23d7ed3) f29 0x0000000000000000
core   0: 0x0000000080004876 (0xeaf1f047) fmsub.d ft0, ft3, fa5, ft9
core   0: 1 0x0000000080004876 (0xeaf1f047) f0  0x7ff8000000000000
core   0: 0x000000008000487a (0x400d5d1b) sraiw   s10, s10, 0
core   0: 1 0x000000008000487a (0x400d5d1b) x26 0x0000000000000000
core   0: 0x000000008000487e (0xc23ef153) fcvt.lu.d sp, ft9
core   0: 1 0x000000008000487e (0xc23ef153) x2  0x0000000000000000
core   0: 0x0000000080004882 (0x1aa97ad3) fdiv.d  fs5, fs2, fa0
core   0: 1 0x0000000080004882 (0x1aa97ad3) f21 0x7ff8000000000000
core   0: 0x0000000080004886 (0x01c0f7b3) and     a5, ra, t3
core   0: 1 0x0000000080004886 (0x01c0f7b3) x15 0x000000004732b2f4
core   0: 0x000000008000488a (0x00202a73) csrrs   s4, frm, zero
core   0: 1 0x000000008000488a (0x00202a73) x20 0x0000000000000001
core   0: 0x000000008000488e (0x100067f3) csrrsi  a5, sstatus, 0
core   0: 1 0x000000008000488e (0x100067f3) x15 0x8000000200006000
core   0: 0x0000000080004892 (0x03959233) mulh    tp, a1, s9
core   0: 1 0x0000000080004892 (0x03959233) x4  0x0000000000000000
core   0: 0x0000000080004896 (0x1412b3f3) csrrc   t2, sepc, t0
core   0: 1 0x0000000080004896 (0x1412b3f3) x7  0x0000000000000000 c321_sepc 0x0000000000000000
core   0: 0x000000008000489a (0x0183a2b3) slt     t0, t2, s8
core   0: 1 0x000000008000489a (0x0183a2b3) x5  0x0000000000000000
core   0: 0x000000008000489e (0xd20786d3) fcvt.d.w fa3, a5
core   0: 1 0x000000008000489e (0xd20786d3) f13 0x40d8000000000000
core   0: 0x00000000800048a2 (0xc02bf153) fcvt.l.s sp, fs7
core   0: 1 0x00000000800048a2 (0xc02bf153) c1_fflags 0x0000000000000010 x2  0x7fffffffffffffff
core   0: 0x00000000800048a6 (0x11b7bb17) auipc   s6, 0x11b7b
core   0: 1 0x00000000800048a6 (0x11b7bb17) x22 0x0000000091b7f8a6
core   0: 0x00000000800048aa (0x6c3aa4b7) lui     s1, 0x6c3aa
core   0: 1 0x00000000800048aa (0x6c3aa4b7) x9  0x000000006c3aa000
core   0: 0x00000000800048ae (0x009b2333) slt     t1, s6, s1
core   0: 1 0x00000000800048ae (0x009b2333) x6  0x0000000000000000
core   0: 0x00000000800048b2 (0xae414693) xori    a3, sp, -1308
core   0: 1 0x00000000800048b2 (0xae414693) x13 0x800000000000051b
core   0: 0x00000000800048b6 (0xd234fcd3) fcvt.d.lu fs9, s1
core   0: 1 0x00000000800048b6 (0xd234fcd3) f25 0x41db0ea800000000
core   0: 0x00000000800048ba (0x239ca253) fsgnjx.d ft4, fs9, fs9
core   0: 1 0x00000000800048ba (0x239ca253) f4  0x41db0ea800000000
core   0: 0x00000000800048be (0xd2048dd3) fcvt.d.w fs11, s1
core   0: 1 0x00000000800048be (0xd2048dd3) f27 0x41db0ea800000000
core   0: 0x00000000800048c2 (0xd20e80d3) fcvt.d.w ft1, t4
core   0: 1 0x00000000800048c2 (0xd20e80d3) f1  0x3ff0000000000000
core   0: 0x00000000800048c6 (0x0016919b) slliw   gp, a3, 1
core   0: 1 0x00000000800048c6 (0x0016919b) x3  0x0000000000000a36
core   0: 0x00000000800048ca (0x00009fa9) c.addw  a5, a0
core   0: 1 0x00000000800048ca (0x9fa9) x15 0xffffffff80006000
core   0: 0x00000000800048cc (0x6a15f6cf) fnmadd.d fa3, fa1, ft1, fa3
core   0: 1 0x00000000800048cc (0x6a15f6cf) c1_fflags 0x0000000000000011 f13 0xc543ca906667d110
core   0: 0x00000000800048d0 (0x0161d73b) srlw    a4, gp, s6
core   0: 1 0x00000000800048d0 (0x0161d73b) x14 0x0000000000000028
core   0: 0x00000000800048d4 (0x032ed93b) divuw   s2, t4, s2
core   0: 1 0x00000000800048d4 (0x032ed93b) x18 0x0000000000000000
core   0: 0x00000000800048d8 (0xf11e5273) csrrwi  tp, mvendorid, 28
core   0: exception trap_illegal_instruction, epc 0x00000000800048d8
core   0:           tval 0x00000000f11e5273
core   0: >>>>  $xrv64i2p1_m2p0_a2p1_f2p2_d2p2_zicsr2p0_zifencei2p0_zmmul1p0_zba1p0_zbb1p0_zbc1p0_zbs1p0
core   0: 0x0000000080004000 (0x0080006f) j       pc + 0x8
core   0: 3 0x0000000080004000 (0x0080006f)
core   0: >>>>  mmode_exception_handler
core   0: 0x0000000080004008 (0x00002c17) auipc   s8, 0x2
core   0: 3 0x0000000080004008 (0x00002c17) x24 0x0000000080006008
core   0: 0x000000008000400c (0xff2c0c13) addi    s8, s8, -14
core   0: 3 0x000000008000400c (0xff2c0c13) x24 0x0000000080005ffa
core   0: 0x0000000080004010 (0x000c00e7) jalr    s8
core   0: 3 0x0000000080004010 (0x000c00e7) x1  0x0000000080004014
core   0: >>>>  any_handler
core   0: 0x0000000080005ffa (0x341027f3) csrrs   a5, mepc, zero
core   0: 3 0x0000000080005ffa (0x341027f3) x15 0x00000000800048d8
core   0: 0x0000000080005ffe (0x34202773) csrrs   a4, mcause, zero
core   0: 3 0x0000000080005ffe (0x34202773) x14 0x0000000000000002
core   0: 0x0000000080006002 (0x142026f3) csrrs   a3, scause, zero
core   0: 3 0x0000000080006002 (0x142026f3) x13 0x0000000000000000
core   0: 0x0000000080006006 (0x30402673) csrrs   a2, mie, zero
core   0: 3 0x0000000080006006 (0x30402673) x12 0x0000000000000a00
core   0: 0x000000008000600a (0x344025f3) csrrs   a1, mip, zero
core   0: 3 0x000000008000600a (0x344025f3) x11 0x0000000000000080
core   0: 0x000000008000600e (0x343025f3) csrrs   a1, mtval, zero
core   0: 3 0x000000008000600e (0x343025f3) x11 0x00000000f11e5273
core   0: 0x0000000080006012 (0x14302573) csrrs   a0, stval, zero
core   0: 3 0x0000000080006012 (0x14302573) x10 0xffffffb3064aa5e0
core   0: 0x0000000080006016 (0xb02024f3) csrrs   s1, minstret, zero
core   0: 3 0x0000000080006016 (0xb02024f3) x9  0x0000000000000a95
core   0: 0x000000008000601a (0x0000a811) c.j     pc + 20
core   0: 3 0x000000008000601a (0xa811)
core   0: >>>>  mepc_4
core   0: 0x000000008000602e (0x00000791) c.addi  a5, 4
core   0: 3 0x000000008000602e (0x0791) x15 0x00000000800048dc
core   0: 0x0000000080006030 (0x34179073) csrrw   zero, mepc, a5
core   0: 3 0x0000000080006030 (0x34179073) c833_mepc 0x00000000800048dc
core   0: 0x0000000080006034 (0x30200073) mret
core   0: 3 0x0000000080006034 (0x30200073) c768_mstatus 0x8000000a00106080
core   0: 0x00000000800048dc (0x035c8ebb) mulw    t4, s9, s5
core   0: 1 0x00000000800048dc (0x035c8ebb) x29 0x0000000000002e6b
core   0: 0x00000000800048e0 (0x00000001) c.nop
core   0: 1 0x00000000800048e0 (0x0001)
core   0: 0x00000000800048e2 (0x2bff8fd3) fmin.d  ft11, ft11, ft11
core   0: 1 0x00000000800048e2 (0x2bff8fd3) f31 0x41e0000802600000
core   0: 0x00000000800048e6 (0x00000001) c.nop
core   0: 1 0x00000000800048e6 (0x0001)
core   0: 0x00000000800048e8 (0x419cd8bb) sraw    a7, s9, s9
core   0: 1 0x00000000800048e8 (0x419cd8bb) x17 0x0000000000000000
core   0: 0x00000000800048ec (0xf2088b53) fmv.d.x fs6, a7
core   0: 1 0x00000000800048ec (0xf2088b53) f22 0x0000000000000000
core   0: 0x00000000800048f0 (0xd036f753) fcvt.s.lu fa4, a3
core   0: 1 0x00000000800048f0 (0xd036f753) f14 0xffffffff00000000
core   0: 0x00000000800048f4 (0x404dddb3) sra     s11, s11, tp
core   0: 1 0x00000000800048f4 (0x404dddb3) x27 0x0000000000000001
core   0: 0x00000000800048f8 (0xd02ef8d3) fcvt.s.l fa7, t4
core   0: 1 0x00000000800048f8 (0xd02ef8d3) f17 0xffffffff4639ac00
core   0: 0x00000000800048fc (0x024e523b) divuw   tp, t3, tp
core   0: 1 0x00000000800048fc (0x024e523b) x4  0xffffffffffffffff
core   0: 0x0000000080004900 (0x00ca7d33) and     s10, s4, a2
core   0: 1 0x0000000080004900 (0x00ca7d33) x26 0x0000000000000000
core   0: 0x0000000080004904 (0xd2327853) fcvt.d.lu fa6, tp
core   0: 1 0x0000000080004904 (0xd2327853) c1_fflags 0x0000000000000011 f16 0x43efffffffffffff
core   0: 0x0000000080004908 (0x67428293) addi    t0, t0, 1652
core   0: 1 0x0000000080004908 (0x67428293) x5  0x0000000000000674
core   0: 0x000000008000490c (0xe20804d3) fmv.x.d s1, fa6
core   0: 1 0x000000008000490c (0xe20804d3) x9  0x43efffffffffffff
core   0: 0x0000000080004910 (0xc38c75c3) fmadd.d fa1, fs8, fs8, fs8
core   0: 1 0x0000000080004910 (0xc38c75c3) f11 0x7ff8000000000000
core   0: 0x0000000080004914 (0x013215bb) sllw    a1, tp, s3
core   0: 1 0x0000000080004914 (0x013215bb) x11 0xffffffffffffffff
core   0: 0x0000000080004918 (0x0ff0000f) fence   iorw,iorw
core   0: 1 0x0000000080004918 (0x0ff0000f)
core   0: 0x000000008000491c (0x2b278dd3) fmin.d  fs11, fa5, fs2
core   0: 1 0x000000008000491c (0x2b278dd3) f27 0x7ff8000000000000
core   0: 0x0000000080004920 (0xf20982d3) fmv.d.x ft5, s3
core   0: 1 0x0000000080004920 (0xf20982d3) f5  0x0000000000000000
core   0: 0x0000000080004924 (0x1aa9f353) fdiv.d  ft6, fs3, fa0
core   0: 1 0x0000000080004924 (0x1aa9f353) c1_fflags 0x0000000000000015 f6  0x7fefffffffffffff
core   0: 0x0000000080004928 (0xc2237d53) fcvt.l.d s10, ft6
core   0: 1 0x0000000080004928 (0xc2237d53) c1_fflags 0x0000000000000015 x26 0x7fffffffffffffff
core   0: 0x000000008000492c (0xd035fc53) fcvt.s.lu fs8, a1
core   0: 1 0x000000008000492c (0xd035fc53) c1_fflags 0x0000000000000015 f24 0xffffffff5f7fffff
core   0: 0x0000000080004930 (0x01d21c3b) sllw    s8, tp, t4
core   0: 1 0x0000000080004930 (0x01d21c3b) x24 0xfffffffffffff800
core   0: 0x0000000080004934 (0x000094e2) c.add   s1, s8
core   0: 1 0x0000000080004934 (0x94e2) x9  0x43effffffffff7ff
core   0: 0x0000000080004936 (0xc209f5d3) fcvt.w.d a1, fs3
core   0: 1 0x0000000080004936 (0xc209f5d3) x11 0x0000000004480400
core   0: 0x000000008000493a (0x00be5c3b) srlw    s8, t3, a1
core   0: 1 0x000000008000493a (0x00be5c3b) x24 0xffffffffffffffff
core   0: 0x000000008000493e (0x037d7d53) fadd.d  fs10, fs10, fs7
core   0: 1 0x000000008000493e (0x037d7d53) f26 0x7ff8000000000000
core   0: 0x0000000080004942 (0x038c58b3) divu    a7, s8, s8
core   0: 1 0x0000000080004942 (0x038c58b3) x17 0x0000000000000001
core   0: 0x0000000080004946 (0x011ed29b) srliw   t0, t4, 17
core   0: 1 0x0000000080004946 (0x011ed29b) x5  0x0000000000000000
core   0: 0x000000008000494a (0x012316bb) sllw    a3, t1, s2
core   0: 1 0x000000008000494a (0x012316bb) x13 0x0000000000000000
core   0: 0x000000008000494e (0x0166063b) addw    a2, a2, s6
core   0: 1 0x000000008000494e (0x0166063b) x12 0xffffffff91b802a6
core   0: 0x0000000080004952 (0x0267e43b) remw    s0, a5, t1
core   0: 1 0x0000000080004952 (0x0267e43b) x8  0xffffffff800048dc
core   0: 0x0000000080004956 (0x0ff0000f) fence   iorw,iorw
core   0: 1 0x0000000080004956 (0x0ff0000f)
core   0: 0x000000008000495a (0x5a0cffd3) fsqrt.d ft11, fs9
core   0: 1 0x000000008000495a (0x5a0cffd3) c1_fflags 0x0000000000000015 f31 0x40e4ce7f8fba66f7
core   0: 0x000000008000495e (0xadb14c37) lui     s8, 0xadb14
core   0: 1 0x000000008000495e (0xadb14c37) x24 0xffffffffadb14000
core   0: 0x0000000080004962 (0x40f6d01b) sraiw   zero, a3, 15
core   0: 1 0x0000000080004962 (0x40f6d01b)
core   0: 0x0000000080004966 (0x420d06d3) fcvt.d.s fa3, fs10
core   0: 1 0x0000000080004966 (0x420d06d3) f13 0x7ff8000000000000
core   0: 0x000000008000496a (0x03707033) remu    zero, zero, s7
core   0: 1 0x000000008000496a (0x03707033)
core   0: 0x000000008000496e (0xd2070353) fcvt.d.w ft6, a4
core   0: 1 0x000000008000496e (0xd2070353) f6  0x4000000000000000
core   0: 0x0000000080004972 (0x404782bb) subw    t0, a5, tp
core   0: 1 0x0000000080004972 (0x404782bb) x5  0xffffffff800048dd
core   0: 0x0000000080004976 (0x027ee9bb) remw    s3, t4, t2
core   0: 1 0x0000000080004976 (0x027ee9bb) x19 0x0000000000002e6b
core   0: 0x000000008000497a (0x00169173) csrrw   sp, fflags, a3
core   0: 1 0x000000008000497a (0x00169173) x2  0x0000000000000015 c1_fflags 0x0000000000000000
core   0: 0x000000008000497e (0x12a778d3) fmul.d  fa7, fa4, fa0
core   0: 1 0x000000008000497e (0x12a778d3) f17 0x7ff8000000000000
core   0: 0x0000000080004982 (0x00910233) add     tp, sp, s1
core   0: 1 0x0000000080004982 (0x00910233) x4  0x43effffffffff814
core   0: 0x0000000080004986 (0xc02ef5d3) fcvt.l.s a1, ft9
core   0: 1 0x0000000080004986 (0xc02ef5d3) c1_fflags 0x0000000000000010 x11 0x7fffffffffffffff
core   0: 0x000000008000498a (0x8004089b) addiw   a7, s0, -2048
core   0: 1 0x000000008000498a (0x8004089b) x17 0xffffffff800040dc
core   0: 0x000000008000498e (0x9c0dca93) xori    s5, s11, -1600
core   0: 1 0x000000008000498e (0x9c0dca93) x21 0xfffffffffffff9c1
core   0: 0x0000000080004992 (0xd21a8c53) fcvt.d.wu fs8, s5
core   0: 1 0x0000000080004992 (0xd21a8c53) f24 0x41efffff38200000
core   0: 0x0000000080004996 (0x02651913) slli    s2, a0, 38
core   0: 1 0x0000000080004996 (0x02651913) x18 0x92a9780000000000
core   0: 0x000000008000499a (0x2a951d53) fmax.d  fs10, fa0, fs1
core   0: 1 0x000000008000499a (0x2a951d53) f26 0x0027950cfc690400
core   0: 0x000000008000499e (0x01d3131b) slliw   t1, t1, 29
core   0: 1 0x000000008000499e (0x01d3131b) x6  0x0000000000000000
core   0: 0x00000000800049a2 (0x4138dbbb) sraw    s7, a7, s3
core   0: 1 0x00000000800049a2 (0x4138dbbb) x23 0xfffffffffff00008
core   0: 0x00000000800049a6 (0x2b7f1f53) fmax.d  ft10, ft10, fs7
core   0: 1 0x00000000800049a6 (0x2b7f1f53) f30 0x4085d80000000000
core   0: 0x00000000800049aa (0x03770433) mul     s0, a4, s7
core   0: 1 0x00000000800049aa (0x03770433) x8  0xffffffffffe00010
core   0: 0x00000000800049ae (0x0badfd53) fsub.d  fs10, fs11, fs10
core   0: 1 0x00000000800049ae (0x0badfd53) f26 0x7ff8000000000000
core   0: 0x00000000800049b2 (0x00876833) or      a6, a4, s0
core   0: 1 0x00000000800049b2 (0x00876833) x16 0xffffffffffe00012
core   0: 0x00000000800049b6 (0x4100d0bb) sraw    ra, ra, a6
core   0: 1 0x00000000800049b6 (0x4100d0bb) x1  0xffffffffffffe000
core   0: 0x00000000800049ba (0x03f09913) slli    s2, ra, 63
core   0: 1 0x00000000800049ba (0x03f09913) x18 0x0000000000000000
core   0: 0x00000000800049be (0x41d601b3) sub     gp, a2, t4
core   0: 1 0x00000000800049be (0x41d601b3) x3  0xffffffff91b7d43b
core   0: 0x00000000800049c2 (0x02315e13) srli    t3, sp, 35
core   0: 1 0x00000000800049c2 (0x02315e13) x28 0x0000000000000000
core   0: 0x00000000800049c6 (0x67006613) ori     a2, zero, 1648
core   0: 1 0x00000000800049c6 (0x67006613) x12 0x0000000000000670
core   0: 0x00000000800049ca (0x00e4a733) slt     a4, s1, a4
core   0: 1 0x00000000800049ca (0x00e4a733) x14 0x0000000000000000
core   0: 0x00000000800049ce (0x00131493) slli    s1, t1, 1
core   0: 1 0x00000000800049ce (0x00131493) x9  0x0000000000000000
core   0: 0x00000000800049d2 (0x406007b3) sub     a5, zero, t1
core   0: 1 0x00000000800049d2 (0x406007b3) x15 0x0000000000000000
core   0: 0x00000000800049d6 (0xc21b7ad3) fcvt.wu.d s5, fs6
core   0: 1 0x00000000800049d6 (0xc21b7ad3) x21 0x0000000000000000
core   0: 0x00000000800049da (0x03cad43b) divuw   s0, s5, t3
core   0: 1 0x00000000800049da (0x03cad43b) x8  0xffffffffffffffff
core   0: 0x00000000800049de (0x00202273) csrrs   tp, frm, zero
core   0: 1 0x00000000800049de (0x00202273) x4  0x0000000000000001
core   0: 0x00000000800049e2 (0x64310397) auipc   t2, 0x64310
core   0: 1 0x00000000800049e2 (0x64310397) x7  0x00000000e43149e2
core   0: 0x00000000800049e6 (0x40117fd3) fcvt.s.d ft11, ft2
core   0: 1 0x00000000800049e6 (0x40117fd3) f31 0xffffffff7fc00000
core   0: 0x00000000800049ea (0x404e85bb) subw    a1, t4, tp
core   0: 1 0x00000000800049ea (0x404e85bb) x11 0x0000000000002e6a
core   0: 0x00000000800049ee (0x8003829b) addiw   t0, t2, -2048
core   0: 1 0x00000000800049ee (0x8003829b) x5  0xffffffffe43141e2
core   0: 0x00000000800049f2 (0x2ad7f94b) fnmsub.d fs2, fa5, fa3, ft5
core   0: 1 0x00000000800049f2 (0x2ad7f94b) f18 0x7ff8000000000000
core   0: 0x00000000800049f6 (0x021574b3) remu    s1, a0, ra
core   0: 1 0x00000000800049f6 (0x021574b3) x9  0xffffffb3064aa5e0
core   0: 0x00000000800049fa (0x002ed71b) srliw   a4, t4, 2
core   0: 1 0x00000000800049fa (0x002ed71b) x14 0x0000000000000b9a
core   0: 0x00000000800049fe (0x00003219) c.addiw tp, -26
core   0: 1 0x00000000800049fe (0x3219) x4  0xffffffffffffffe7
core   0: 0x0000000080004a00 (0xff60a6b7) lui     a3, 0xff60a
core   0: 1 0x0000000080004a00 (0xff60a6b7) x13 0xffffffffff60a000
core   0: 0x0000000080004a04 (0x5096869b) addiw   a3, a3, 1289
core   0: 1 0x0000000080004a04 (0x5096869b) x13 0xffffffffff60a509
core   0: 0x0000000080004a08 (0x000006b2) c.slli  a3, 12
core   0: 1 0x0000000080004a08 (0x06b2) x13 0xfffffff60a509000
core   0: 0x0000000080004a0a (0xccb68693) addi    a3, a3, -821
core   0: 1 0x0000000080004a0a (0xccb68693) x13 0xfffffff60a508ccb
core   0: 0x0000000080004a0e (0x5a077753) fsqrt.d fa4, fa4
core   0: 1 0x0000000080004a0e (0x5a077753) f14 0x7ff8000000000000
core   0: 0x0000000080004a12 (0xc202f1d3) fcvt.w.d gp, ft5
core   0: 1 0x0000000080004a12 (0xc202f1d3) x3  0x0000000000000000
core   0: 0x0000000080004a16 (0x2213ab53) fsgnjx.d fs6, ft7, ft1
core   0: 1 0x0000000080004a16 (0x2213ab53) f22 0x7ff8000000000000
core   0: 0x0000000080004a1a (0x02fb46b3) div     a3, s6, a5
core   0: 1 0x0000000080004a1a (0x02fb46b3) x13 0xffffffffffffffff
core   0: 0x0000000080004a1e (0x007dd93b) srlw    s2, s11, t2
core   0: 1 0x0000000080004a1e (0x007dd93b) x18 0x0000000000000000
core   0: 0x0000000080004a22 (0x00000001) c.nop
core   0: 1 0x0000000080004a22 (0x0001)
core   0: 0x0000000080004a24 (0x00219eb3) sll     t4, gp, sp
core   0: 1 0x0000000080004a24 (0x00219eb3) x29 0x0000000000000000
core   0: 0x0000000080004a28 (0xc2147dd3) fcvt.wu.d s11, fs0
core   0: 1 0x0000000080004a28 (0xc2147dd3) c1_fflags 0x0000000000000010 x27 0xffffffffffffffff
core   0: 0x0000000080004a2c (0xf140fc73) csrrci  s8, mhartid, 1
core   0: exception trap_illegal_instruction, epc 0x0000000080004a2c
core   0:           tval 0x00000000f140fc73
core   0: >>>>  $xrv64i2p1_m2p0_a2p1_f2p2_d2p2_zicsr2p0_zifencei2p0_zmmul1p0_zba1p0_zbb1p0_zbc1p0_zbs1p0
core   0: 0x0000000080004000 (0x0080006f) j       pc + 0x8
core   0: 3 0x0000000080004000 (0x0080006f)
core   0: >>>>  mmode_exception_handler
core   0: 0x0000000080004008 (0x00002c17) auipc   s8, 0x2
core   0: 3 0x0000000080004008 (0x00002c17) x24 0x0000000080006008
core   0: 0x000000008000400c (0xff2c0c13) addi    s8, s8, -14
core   0: 3 0x000000008000400c (0xff2c0c13) x24 0x0000000080005ffa
core   0: 0x0000000080004010 (0x000c00e7) jalr    s8
core   0: 3 0x0000000080004010 (0x000c00e7) x1  0x0000000080004014
core   0: >>>>  any_handler
core   0: 0x0000000080005ffa (0x341027f3) csrrs   a5, mepc, zero
core   0: 3 0x0000000080005ffa (0x341027f3) x15 0x0000000080004a2c
core   0: 0x0000000080005ffe (0x34202773) csrrs   a4, mcause, zero
core   0: 3 0x0000000080005ffe (0x34202773) x14 0x0000000000000002
core   0: 0x0000000080006002 (0x142026f3) csrrs   a3, scause, zero
core   0: 3 0x0000000080006002 (0x142026f3) x13 0x0000000000000000
core   0: 0x0000000080006006 (0x30402673) csrrs   a2, mie, zero
core   0: 3 0x0000000080006006 (0x30402673) x12 0x0000000000000a00
core   0: 0x000000008000600a (0x344025f3) csrrs   a1, mip, zero
core   0: 3 0x000000008000600a (0x344025f3) x11 0x0000000000000080
core   0: 0x000000008000600e (0x343025f3) csrrs   a1, mtval, zero
core   0: 3 0x000000008000600e (0x343025f3) x11 0x00000000f140fc73
core   0: 0x0000000080006012 (0x14302573) csrrs   a0, stval, zero
core   0: 3 0x0000000080006012 (0x14302573) x10 0xffffffb3064aa5e0
core   0: 0x0000000080006016 (0xb02024f3) csrrs   s1, minstret, zero
core   0: 3 0x0000000080006016 (0xb02024f3) x9  0x0000000000000afc
core   0: 0x000000008000601a (0x0000a811) c.j     pc + 20
core   0: 3 0x000000008000601a (0xa811)
core   0: >>>>  mepc_4
core   0: 0x000000008000602e (0x00000791) c.addi  a5, 4
core   0: 3 0x000000008000602e (0x0791) x15 0x0000000080004a30
core   0: 0x0000000080006030 (0x34179073) csrrw   zero, mepc, a5
core   0: 3 0x0000000080006030 (0x34179073) c833_mepc 0x0000000080004a30
core   0: 0x0000000080006034 (0x30200073) mret
core   0: 3 0x0000000080006034 (0x30200073) c768_mstatus 0x8000000a00106080
core   0: 0x0000000080004a30 (0x034eca33) div     s4, t4, s4
core   0: 1 0x0000000080004a30 (0x034eca33) x20 0x0000000000000000
core   0: 0x0000000080004a34 (0x221d0153) fsgnj.d ft2, fs10, ft1
core   0: 1 0x0000000080004a34 (0x221d0153) f2  0x7ff8000000000000
core   0: 0x0000000080004a38 (0x002021f3) csrrs   gp, frm, zero
core   0: 1 0x0000000080004a38 (0x002021f3) x3  0x0000000000000001
core   0: 0x0000000080004a3c (0xe20b0e53) fmv.x.d t3, fs6
core   0: 1 0x0000000080004a3c (0xe20b0e53) x28 0x7ff8000000000000
core   0: 0x0000000080004a40 (0x401f76d3) fcvt.s.d fa3, ft10
core   0: 1 0x0000000080004a40 (0x401f76d3) f13 0xffffffff442ec000
core   0: 0x0000000080004a44 (0x0b71fbcf) fnmadd.d fs7, ft3, fs7, ft1
core   0: 1 0x0000000080004a44 (0x0b71fbcf) f23 0x7ff8000000000000
core   0: 0x0000000080004a48 (0x4005d09b) sraiw   ra, a1, 0
core   0: 1 0x0000000080004a48 (0x4005d09b) x1  0xfffffffff140fc73
core   0: 0x0000000080004a4c (0xf2008053) fmv.d.x ft0, ra
core   0: 1 0x0000000080004a4c (0xf2008053) f0  0xfffffffff140fc73
core   0: 0x0000000080004a50 (0xd231fb53) fcvt.d.lu fs6, gp
core   0: 1 0x0000000080004a50 (0xd231fb53) f22 0x3ff0000000000000
core   0: 0x0000000080004a54 (0x42000453) fcvt.d.s fs0, ft0
core   0: 1 0x0000000080004a54 (0x42000453) f8  0xc6281f8e60000000
core   0: 0x0000000080004a58 (0x97ed2737) lui     a4, 0x97ed2
core   0: 1 0x0000000080004a58 (0x97ed2737) x14 0xffffffff97ed2000
core   0: 0x0000000080004a5c (0x7ffe069b) addiw   a3, t3, 2047
core   0: 1 0x0000000080004a5c (0x7ffe069b) x13 0x00000000000007ff
core   0: 0x0000000080004a60 (0xba8470c3) fmadd.d ft1, fs0, fs0, fs7
core   0: 1 0x0000000080004a60 (0xba8470c3) f1  0x7ff8000000000000
core   0: 0x0000000080004a64 (0x43f6d893) srai    a7, a3, 63
core   0: 1 0x0000000080004a64 (0x43f6d893) x17 0x0000000000000000
core   0: 0x0000000080004a68 (0x40a255b3) sra     a1, tp, a0
core   0: 1 0x0000000080004a68 (0x40a255b3) x11 0xffffffffffffffff
core   0: 0x0000000080004a6c (0x0006d393) srli    t2, a3, 0
core   0: 1 0x0000000080004a6c (0x0006d393) x7  0x00000000000007ff
core   0: 0x0000000080004a70 (0x7ac1ed37) lui     s10, 0x7ac1e
core   0: 1 0x0000000080004a70 (0x7ac1ed37) x26 0x000000007ac1e000
core   0: 0x0000000080004a74 (0x40177753) fcvt.s.d fa4, fa4
core   0: 1 0x0000000080004a74 (0x40177753) f14 0xffffffff7fc00000
core   0: 0x0000000080004a78 (0xf2038e53) fmv.d.x ft8, t2
core   0: 1 0x0000000080004a78 (0xf2038e53) f28 0x00000000000007ff
core   0: 0x0000000080004a7c (0x008e511b) srliw   sp, t3, 8
core   0: 1 0x0000000080004a7c (0x008e511b) x2  0x0000000000000000
core   0: 0x0000000080004a80 (0x343fd6f3) csrrwi  a3, mtval, 31
core   0: exception trap_illegal_instruction, epc 0x0000000080004a80
core   0:           tval 0x00000000343fd6f3
core   0: >>>>  $xrv64i2p1_m2p0_a2p1_f2p2_d2p2_zicsr2p0_zifencei2p0_zmmul1p0_zba1p0_zbb1p0_zbc1p0_zbs1p0
core   0: 0x0000000080004000 (0x0080006f) j       pc + 0x8
core   0: 3 0x0000000080004000 (0x0080006f)
core   0: >>>>  mmode_exception_handler
core   0: 0x0000000080004008 (0x00002c17) auipc   s8, 0x2
core   0: 3 0x0000000080004008 (0x00002c17) x24 0x0000000080006008
core   0: 0x000000008000400c (0xff2c0c13) addi    s8, s8, -14
core   0: 3 0x000000008000400c (0xff2c0c13) x24 0x0000000080005ffa
core   0: 0x0000000080004010 (0x000c00e7) jalr    s8
core   0: 3 0x0000000080004010 (0x000c00e7) x1  0x0000000080004014
core   0: >>>>  any_handler
core   0: 0x0000000080005ffa (0x341027f3) csrrs   a5, mepc, zero
core   0: 3 0x0000000080005ffa (0x341027f3) x15 0x0000000080004a80
core   0: 0x0000000080005ffe (0x34202773) csrrs   a4, mcause, zero
core   0: 3 0x0000000080005ffe (0x34202773) x14 0x0000000000000002
core   0: 0x0000000080006002 (0x142026f3) csrrs   a3, scause, zero
core   0: 3 0x0000000080006002 (0x142026f3) x13 0x0000000000000000
core   0: 0x0000000080006006 (0x30402673) csrrs   a2, mie, zero
core   0: 3 0x0000000080006006 (0x30402673) x12 0x0000000000000a00
core   0: 0x000000008000600a (0x344025f3) csrrs   a1, mip, zero
core   0: 3 0x000000008000600a (0x344025f3) x11 0x0000000000000080
core   0: 0x000000008000600e (0x343025f3) csrrs   a1, mtval, zero
core   0: 3 0x000000008000600e (0x343025f3) x11 0x00000000343fd6f3
core   0: 0x0000000080006012 (0x14302573) csrrs   a0, stval, zero
core   0: 3 0x0000000080006012 (0x14302573) x10 0xffffffb3064aa5e0
core   0: 0x0000000080006016 (0xb02024f3) csrrs   s1, minstret, zero
core   0: 3 0x0000000080006016 (0xb02024f3) x9  0x0000000000000b20
core   0: 0x000000008000601a (0x0000a811) c.j     pc + 20
core   0: 3 0x000000008000601a (0xa811)
core   0: >>>>  mepc_4
core   0: 0x000000008000602e (0x00000791) c.addi  a5, 4
core   0: 3 0x000000008000602e (0x0791) x15 0x0000000080004a84
core   0: 0x0000000080006030 (0x34179073) csrrw   zero, mepc, a5
core   0: 3 0x0000000080006030 (0x34179073) c833_mepc 0x0000000080004a84
core   0: 0x0000000080006034 (0x30200073) mret
core   0: 3 0x0000000080006034 (0x30200073) c768_mstatus 0x8000000a00106080
core   0: 0x0000000080004a84 (0x40dd07bb) subw    a5, s10, a3
core   0: 1 0x0000000080004a84 (0x40dd07bb) x15 0x000000007ac1e000
core   0: 0x0000000080004a88 (0xc03470d3) fcvt.lu.s ra, fs0
core   0: 1 0x0000000080004a88 (0xc03470d3) c1_fflags 0x0000000000000010 x1  0xffffffffffffffff
core   0: 0x0000000080004a8c (0x40f28933) sub     s2, t0, a5
core   0: 1 0x0000000080004a8c (0x40f28933) x18 0xffffffff696f61e2
core   0: 0x0000000080004a90 (0x01679b3b) sllw    s6, a5, s6
core   0: 1 0x0000000080004a90 (0x01679b3b) x22 0xffffffffb0780000
core   0: 0x0000000080004a94 (0x221e09d3) fsgnj.d fs3, ft8, ft1
core   0: 1 0x0000000080004a94 (0x221e09d3) f19 0x00000000000007ff
core   0: 0x0000000080004a98 (0x10405e73) csrrwi  t3, sie, 0
core   0: 1 0x0000000080004a98 (0x10405e73) x28 0x0000000000000000 c772_mie 0x0000000000000a00
core   0: 0x0000000080004a9c (0xc228fed3) fcvt.l.d t4, fa7
core   0: 1 0x0000000080004a9c (0xc228fed3) c1_fflags 0x0000000000000010 x29 0x7fffffffffffffff
core   0: 0x0000000080004aa0 (0x2af883d3) fmin.d  ft7, fa7, fa5
core   0: 1 0x0000000080004aa0 (0x2af883d3) f7  0x7ff8000000000000
core   0: 0x0000000080004aa4 (0xc02179d3) fcvt.l.s s3, ft2
core   0: 1 0x0000000080004aa4 (0xc02179d3) c1_fflags 0x0000000000000010 x19 0x7fffffffffffffff
core   0: 0x0000000080004aa8 (0x03b9d813) srli    a6, s3, 59
core   0: 1 0x0000000080004aa8 (0x03b9d813) x16 0x000000000000000f
core   0: 0x0000000080004aac (0x01a4973b) sllw    a4, s1, s10
core   0: 1 0x0000000080004aac (0x01a4973b) x14 0x0000000000000b20
core   0: 0x0000000080004ab0 (0x009bd3b3) srl     t2, s7, s1
core   0: 1 0x0000000080004ab0 (0x009bd3b3) x7  0x00000000ffffffff
core   0: 0x0000000080004ab4 (0x02b765b3) rem     a1, a4, a1
core   0: 1 0x0000000080004ab4 (0x02b765b3) x11 0x0000000000000b20
core   0: 0x0000000080004ab8 (0x00005c9b) srliw   s9, zero, 0
core   0: 1 0x0000000080004ab8 (0x00005c9b) x25 0x0000000000000000
core   0: 0x0000000080004abc (0x16804c13) xori    s8, zero, 360
core   0: 1 0x0000000080004abc (0x16804c13) x24 0x0000000000000168
core   0: 0x0000000080004ac0 (0xfc947ab7) lui     s5, 0xfc947
core   0: 1 0x0000000080004ac0 (0xfc947ab7) x21 0xfffffffffc947000
core   0: 0x0000000080004ac4 (0xa57a8a9b) addiw   s5, s5, -1449
core   0: 1 0x0000000080004ac4 (0xa57a8a9b) x21 0xfffffffffc946a57
core   0: 0x0000000080004ac8 (0x00000ab2) c.slli  s5, 12
core   0: 1 0x0000000080004ac8 (0x0ab2) x21 0xffffffc946a57000
core   0: 0x0000000080004aca (0x303a8a93) addi    s5, s5, 771
core   0: 1 0x0000000080004aca (0x303a8a93) x21 0xffffffc946a57303
core   0: 0x0000000080004ace (0xd2000653) fcvt.d.w fa2, zero
core   0: 1 0x0000000080004ace (0xd2000653) f12 0x0000000000000000
core   0: 0x0000000080004ad2 (0x40167053) fcvt.s.d ft0, fa2
core   0: 1 0x0000000080004ad2 (0x40167053) f0  0xffffffff00000000
core   0: 0x0000000080004ad6 (0x00da96b3) sll     a3, s5, a3
core   0: 1 0x0000000080004ad6 (0x00da96b3) x13 0xffffffc946a57303
core   0: 0x0000000080004ada (0x43e75d93) srai    s11, a4, 62
core   0: 1 0x0000000080004ada (0x43e75d93) x27 0x0000000000000000
core   0: 0x0000000080004ade (0x23390fd3) fsgnj.d ft11, fs2, fs3
core   0: 1 0x0000000080004ade (0x23390fd3) f31 0x7ff8000000000000
core   0: 0x0000000080004ae2 (0x00d8583b) srlw    a6, a6, a3
core   0: 1 0x0000000080004ae2 (0x00d8583b) x16 0x0000000000000001
core   0: 0x0000000080004ae6 (0x01f5d69b) srliw   a3, a1, 31
core   0: 1 0x0000000080004ae6 (0x01f5d69b) x13 0x0000000000000000
core   0: 0x0000000080004aea (0xf91c8db7) lui     s11, 0xf91c8
core   0: 1 0x0000000080004aea (0xf91c8db7) x27 0xfffffffff91c8000
core   0: 0x0000000080004aee (0xac3d8d9b) addiw   s11, s11, -1341
core   0: 1 0x0000000080004aee (0xac3d8d9b) x27 0xfffffffff91c7ac3
core   0: 0x0000000080004af2 (0x00000db2) c.slli  s11, 12
core   0: 1 0x0000000080004af2 (0x0db2) x27 0xffffff91c7ac3000
core   0: 0x0000000080004af4 (0x3e3d8d93) addi    s11, s11, 995
core   0: 1 0x0000000080004af4 (0x3e3d8d93) x27 0xffffff91c7ac33e3
core   0: 0x0000000080004af8 (0x0ff0000f) fence   iorw,iorw
core   0: 1 0x0000000080004af8 (0x0ff0000f)
core   0: 0x0000000080004afc (0x00000001) c.nop
core   0: 1 0x0000000080004afc (0x0001)
core   0: 0x0000000080004afe (0x00000001) c.nop
core   0: 1 0x0000000080004afe (0x0001)
core   0: 0x0000000080004b00 (0x401dd313) srai    t1, s11, 1
core   0: 1 0x0000000080004b00 (0x401dd313) x6  0xffffffc8e3d619f1
core   0: 0x0000000080004b04 (0x22cc7c47) fmsub.d fs8, fs8, fa2, ft4
core   0: 1 0x0000000080004b04 (0x22cc7c47) f24 0xc1db0ea800000000
core   0: 0x0000000080004b08 (0x01b571b3) and     gp, a0, s11
core   0: 1 0x0000000080004b08 (0x01b571b3) x3  0xffffff91060821e0
core   0: 0x0000000080004b0c (0x0352d2bb) divuw   t0, t0, s5
core   0: 1 0x0000000080004b0c (0x0352d2bb) x5  0x0000000000000003
core   0: 0x0000000080004b10 (0x00000001) c.nop
core   0: 1 0x0000000080004b10 (0x0001)
core   0: 0x0000000080004b12 (0x001a9093) slli    ra, s5, 1
core   0: 1 0x0000000080004b12 (0x001a9093) x1  0xffffff928d4ae606
core   0: 0x0000000080004b16 (0x00202c73) csrrs   s8, frm, zero
core   0: 1 0x0000000080004b16 (0x00202c73) x24 0x0000000000000001
core   0: 0x0000000080004b1a (0x7ff10c93) addi    s9, sp, 2047
core   0: 1 0x0000000080004b1a (0x7ff10c93) x25 0x00000000000007ff
core   0: 0x0000000080004b1e (0x021ddb33) divu    s6, s11, ra
core   0: 1 0x0000000080004b1e (0x021ddb33) x22 0x0000000000000000
core   0: 0x0000000080004b22 (0x00000001) c.nop
core   0: 1 0x0000000080004b22 (0x0001)
core   0: 0x0000000080004b24 (0x00108713) addi    a4, ra, 1
core   0: 1 0x0000000080004b24 (0x00108713) x14 0xffffff928d4ae607
core   0: 0x0000000080004b28 (0xd21308d3) fcvt.d.wu fa7, t1
core   0: 1 0x0000000080004b28 (0xd21308d3) f17 0x41ec7ac33e200000
core   0: 0x0000000080004b2c (0x35ffd097) auipc   ra, 0x35ffd
core   0: 1 0x0000000080004b2c (0x35ffd097) x1  0x00000000b6001b2c
core   0: 0x0000000080004b30 (0xa2520ed3) fle.d   t4, ft4, ft5
core   0: 1 0x0000000080004b30 (0xa2520ed3) x29 0x0000000000000000
core   0: 0x0000000080004b34 (0x013859bb) srlw    s3, a6, s3
core   0: 1 0x0000000080004b34 (0x013859bb) x19 0x0000000000000000
core   0: 0x0000000080004b38 (0x029b5a93) srli    s5, s6, 41
core   0: 1 0x0000000080004b38 (0x029b5a93) x21 0x0000000000000000
core   0: 0x0000000080004b3c (0x00000001) c.nop
core   0: 1 0x0000000080004b3c (0x0001)
core   0: 0x0000000080004b3e (0x4003571b) sraiw   a4, t1, 0
core   0: 1 0x0000000080004b3e (0x4003571b) x14 0xffffffffe3d619f1
core   0: 0x0000000080004b42 (0x00671c93) slli    s9, a4, 6
core   0: 1 0x0000000080004b42 (0x00671c93) x25 0xfffffff8f5867c40
core   0: 0x0000000080004b46 (0x0ff0000f) fence   iorw,iorw
core   0: 1 0x0000000080004b46 (0x0ff0000f)
core   0: 0x0000000080004b4a (0x000896b3) sll     a3, a7, zero
core   0: 1 0x0000000080004b4a (0x000896b3) x13 0x0000000000000000
core   0: 0x0000000080004b4e (0x1050e873) csrrsi  a6, stvec, 1
core   0: 1 0x0000000080004b4e (0x1050e873) x16 0x0000000000000000 c261_stvec 0x0000000000000001
core   0: 0x0000000080004b52 (0xd23af953) fcvt.d.lu fs2, s5
core   0: 1 0x0000000080004b52 (0xd23af953) f18 0x0000000000000000
core   0: 0x0000000080004b56 (0x036c1e33) mulh    t3, s8, s6
core   0: 1 0x0000000080004b56 (0x036c1e33) x28 0x0000000000000000
core   0: 0x0000000080004b5a (0xa2bc06d3) fle.d   a3, fs8, fa1
core   0: 1 0x0000000080004b5a (0xa2bc06d3) c1_fflags 0x0000000000000010 x13 0x0000000000000000
core   0: 0x0000000080004b5e (0xfaa87fcb) fnmsub.d ft11, fa6, fa0, ft11
core   0: 1 0x0000000080004b5e (0xfaa87fcb) f31 0x7ff8000000000000
core   0: 0x0000000080004b62 (0xca52fe4f) fnmadd.d ft8, ft5, ft5, fs9
core   0: 1 0x0000000080004b62 (0xca52fe4f) f28 0xc1db0ea800000000
core   0: 0x0000000080004b66 (0x2a229753) fmax.d  fa4, ft5, ft2
core   0: 1 0x0000000080004b66 (0x2a229753) f14 0x0000000000000000
core   0: 0x0000000080004b6a (0xd7aa7b97) auipc   s7, 0xd7aa7
core   0: 1 0x0000000080004b6a (0xd7aa7b97) x23 0x0000000057aabb6a
core   0: 0x0000000080004b6e (0xc03b7153) fcvt.lu.s sp, fs6
core   0: 1 0x0000000080004b6e (0xc03b7153) c1_fflags 0x0000000000000010 x2  0xffffffffffffffff
core   0: 0x0000000080004b72 (0x1a1e7653) fdiv.d  fa2, ft8, ft1
core   0: 1 0x0000000080004b72 (0x1a1e7653) f12 0x7ff8000000000000
core   0: 0x0000000080004b76 (0x00259ab3) sll     s5, a1, sp
core   0: 1 0x0000000080004b76 (0x00259ab3) x21 0x0000000000000000
core   0: 0x0000000080004b7a (0x00d79d93) slli    s11, a5, 13
core   0: 1 0x0000000080004b7a (0x00d79d93) x27 0x00000f583c000000
core   0: 0x0000000080004b7e (0x41b801b3) sub     gp, a6, s11
core   0: 1 0x0000000080004b7e (0x41b801b3) x3  0xfffff0a7c4000000
core   0: 0x0000000080004b82 (0xe2058753) fmv.x.d a4, fa1
core   0: 1 0x0000000080004b82 (0xe2058753) x14 0x7ff8000000000000
core   0: 0x0000000080004b86 (0x1b9cf0d3) fdiv.d  ft1, fs9, fs9
core   0: 1 0x0000000080004b86 (0x1b9cf0d3) f1  0x3ff0000000000000
core   0: 0x0000000080004b8a (0x00000001) c.nop
core   0: 1 0x0000000080004b8a (0x0001)
core   0: 0x0000000080004b8c (0x00d180bb) addw    ra, gp, a3
core   0: 1 0x0000000080004b8c (0x00d180bb) x1  0xffffffffc4000000
core   0: 0x0000000080004b90 (0x021e7e3b) remuw   t3, t3, ra
core   0: 1 0x0000000080004b90 (0x021e7e3b) x28 0x0000000000000000
core   0: 0x0000000080004b94 (0x2ae774cf) fnmadd.d fs1, fa4, fa4, ft5
core   0: 1 0x0000000080004b94 (0x2ae774cf) f9  0x8000000000000000
core   0: 0x0000000080004b98 (0x00051d9b) slliw   s11, a0, 0
core   0: 1 0x0000000080004b98 (0x00051d9b) x27 0x00000000064aa5e0
core   0: 0x0000000080004b9c (0xc03f7b53) fcvt.lu.s s6, ft10
core   0: 1 0x0000000080004b9c (0xc03f7b53) c1_fflags 0x0000000000000010 x22 0xffffffffffffffff
core   0: 0x0000000080004ba0 (0x0397073b) mulw    a4, a4, s9
core   0: 1 0x0000000080004ba0 (0x0397073b) x14 0x0000000000000000
core   0: 0x0000000080004ba4 (0x0263c233) div     tp, t2, t1
core   0: 1 0x0000000080004ba4 (0x0263c233) x4  0x0000000000000000
core   0: 0x0000000080004ba8 (0x4053d59b) sraiw   a1, t2, 5
core   0: 1 0x0000000080004ba8 (0x4053d59b) x11 0xffffffffffffffff
core   0: 0x0000000080004bac (0x01da0ebb) addw    t4, s4, t4
core   0: 1 0x0000000080004bac (0x01da0ebb) x29 0x0000000000000000
core   0: 0x0000000080004bb0 (0x015607b7) lui     a5, 0x1560
core   0: 1 0x0000000080004bb0 (0x015607b7) x15 0x0000000001560000
core   0: 0x0000000080004bb4 (0x6dd7879b) addiw   a5, a5, 1757
core   0: 1 0x0000000080004bb4 (0x6dd7879b) x15 0x00000000015606dd
core   0: 0x0000000080004bb8 (0x000007b6) c.slli  a5, 13
core   0: 1 0x0000000080004bb8 (0x07b6) x15 0x0000002ac0dba000
core   0: 0x0000000080004bba (0x62d78793) addi    a5, a5, 1581
core   0: 1 0x0000000080004bba (0x62d78793) x15 0x0000002ac0dba62d
core   0: 0x0000000080004bbe (0x0ac477c3) fmadd.d fa5, fs0, fa2, ft1
core   0: 1 0x0000000080004bbe (0x0ac477c3) f15 0x7ff8000000000000
core   0: 0x0000000080004bc2 (0x230717d3) fsgnjn.d fa5, fa4, fa6
core   0: 1 0x0000000080004bc2 (0x230717d3) f15 0x8000000000000000
core   0: 0x0000000080004bc6 (0x02952533) mulhsu  a0, a0, s1
core   0: 1 0x0000000080004bc6 (0x02952533) x10 0xffffffffffffffff
core   0: 0x0000000080004bca (0xc2177dd3) fcvt.wu.d s11, fa4
core   0: 1 0x0000000080004bca (0xc2177dd3) x27 0x0000000000000000
core   0: 0x0000000080004bce (0x01d0f433) and     s0, ra, t4
core   0: 1 0x0000000080004bce (0x01d0f433) x8  0x0000000000000000
core   0: 0x0000000080004bd2 (0x00000001) c.nop
core   0: 1 0x0000000080004bd2 (0x0001)
core   0: 0x0000000080004bd4 (0x001c9973) csrrw   s2, fflags, s9
core   0: 1 0x0000000080004bd4 (0x001c9973) x18 0x0000000000000010 c1_fflags 0x0000000000000000
core   0: 0x0000000080004bd8 (0xe20d8ad3) fmv.x.d s5, fs11
core   0: 1 0x0000000080004bd8 (0xe20d8ad3) x21 0x7ff8000000000000
core   0: 0x0000000080004bdc (0x00fe5893) srli    a7, t3, 15
core   0: 1 0x0000000080004bdc (0x00fe5893) x17 0x0000000000000000
core   0: 0x0000000080004be0 (0x42030f53) fcvt.d.s ft10, ft6
core   0: 1 0x0000000080004be0 (0x42030f53) f30 0x7ff8000000000000
core   0: 0x0000000080004be4 (0x34399773) csrrw   a4, mtval, s3
core   0: exception trap_illegal_instruction, epc 0x0000000080004be4
core   0:           tval 0x0000000034399773
core   0: >>>>  $xrv64i2p1_m2p0_a2p1_f2p2_d2p2_zicsr2p0_zifencei2p0_zmmul1p0_zba1p0_zbb1p0_zbc1p0_zbs1p0
core   0: 0x0000000080004000 (0x0080006f) j       pc + 0x8
core   0: 3 0x0000000080004000 (0x0080006f)
core   0: >>>>  mmode_exception_handler
core   0: 0x0000000080004008 (0x00002c17) auipc   s8, 0x2
core   0: 3 0x0000000080004008 (0x00002c17) x24 0x0000000080006008
core   0: 0x000000008000400c (0xff2c0c13) addi    s8, s8, -14
core   0: 3 0x000000008000400c (0xff2c0c13) x24 0x0000000080005ffa
core   0: 0x0000000080004010 (0x000c00e7) jalr    s8
core   0: 3 0x0000000080004010 (0x000c00e7) x1  0x0000000080004014
core   0: >>>>  any_handler
core   0: 0x0000000080005ffa (0x341027f3) csrrs   a5, mepc, zero
core   0: 3 0x0000000080005ffa (0x341027f3) x15 0x0000000080004be4
core   0: 0x0000000080005ffe (0x34202773) csrrs   a4, mcause, zero
core   0: 3 0x0000000080005ffe (0x34202773) x14 0x0000000000000002
core   0: 0x0000000080006002 (0x142026f3) csrrs   a3, scause, zero
core   0: 3 0x0000000080006002 (0x142026f3) x13 0x0000000000000000
core   0: 0x0000000080006006 (0x30402673) csrrs   a2, mie, zero
core   0: 3 0x0000000080006006 (0x30402673) x12 0x0000000000000a00
core   0: 0x000000008000600a (0x344025f3) csrrs   a1, mip, zero
core   0: 3 0x000000008000600a (0x344025f3) x11 0x0000000000000080
core   0: 0x000000008000600e (0x343025f3) csrrs   a1, mtval, zero
core   0: 3 0x000000008000600e (0x343025f3) x11 0x0000000034399773
core   0: 0x0000000080006012 (0x14302573) csrrs   a0, stval, zero
core   0: 3 0x0000000080006012 (0x14302573) x10 0xffffffb3064aa5e0
core   0: 0x0000000080006016 (0xb02024f3) csrrs   s1, minstret, zero
core   0: 3 0x0000000080006016 (0xb02024f3) x9  0x0000000000000b8d
core   0: 0x000000008000601a (0x0000a811) c.j     pc + 20
core   0: 3 0x000000008000601a (0xa811)
core   0: >>>>  mepc_4
core   0: 0x000000008000602e (0x00000791) c.addi  a5, 4
core   0: 3 0x000000008000602e (0x0791) x15 0x0000000080004be8
core   0: 0x0000000080006030 (0x34179073) csrrw   zero, mepc, a5
core   0: 3 0x0000000080006030 (0x34179073) c833_mepc 0x0000000080004be8
core   0: 0x0000000080006034 (0x30200073) mret
core   0: 3 0x0000000080006034 (0x30200073) c768_mstatus 0x8000000a00106080
core   0: 0x0000000080004be8 (0x0290d4bb) divuw   s1, ra, s1
core   0: 1 0x0000000080004be8 (0x0290d4bb) x9  0x00000000000b14e2
core   0: 0x0000000080004bec (0x00008105) c.srli  a0, 1
core   0: 1 0x0000000080004bec (0x8105) x10 0x7fffffd9832552f0
core   0: 0x0000000080004bee (0x1a0d75d3) fdiv.d  fa1, fs10, ft0
core   0: 1 0x0000000080004bee (0x1a0d75d3) f11 0x7ff8000000000000
core   0: 0x0000000080004bf2 (0xd034f153) fcvt.s.lu ft2, s1
core   0: 1 0x0000000080004bf2 (0xd034f153) f2  0xffffffff49314e20
core   0: 0x0000000080004bf6 (0x261a0b1b) addiw   s6, s4, 609
core   0: 1 0x0000000080004bf6 (0x261a0b1b) x22 0x0000000000000261
core   0: 0x0000000080004bfa (0x220b0b53) fsgnj.d fs6, fs6, ft0
core   0: 1 0x0000000080004bfa (0x220b0b53) f22 0xbff0000000000000
core   0: 0x0000000080004bfe (0x01b66633) or      a2, a2, s11
core   0: 1 0x0000000080004bfe (0x01b66633) x12 0x0000000000000a00
core   0: 0x0000000080004c02 (0x00365e1b) srliw   t3, a2, 3
core   0: 1 0x0000000080004c02 (0x00365e1b) x28 0x0000000000000140
core   0: 0x0000000080004c06 (0x017b95b3) sll     a1, s7, s7
core   0: 1 0x0000000080004c06 (0x017b95b3) x11 0xaaeda80000000000
core   0: 0x0000000080004c0a (0xc02c7bd3) fcvt.l.s s7, fs8
core   0: 1 0x0000000080004c0a (0xc02c7bd3) c1_fflags 0x0000000000000010 x23 0x7fffffffffffffff
core   0: 0x0000000080004c0e (0x220eabd3) fsgnjx.d fs7, ft9, ft0
core   0: 1 0x0000000080004c0e (0x220eabd3) f23 0x8000000000000000
core   0: 0x0000000080004c12 (0x2b710253) fmin.d  ft4, ft2, fs7
core   0: 1 0x0000000080004c12 (0x2b710253) f4  0x8000000000000000
core   0: 0x0000000080004c16 (0x00089e9b) slliw   t4, a7, 0
core   0: 1 0x0000000080004c16 (0x00089e9b) x29 0x0000000000000000
core   0: 0x0000000080004c1a (0xd03d7dd3) fcvt.s.lu fs11, s10
core   0: 1 0x0000000080004c1a (0xd03d7dd3) f27 0xffffffff4ef583c0
core   0: 0x0000000080004c1e (0x22451cd3) fsgnjn.d fs9, fa0, ft4
core   0: 1 0x0000000080004c1e (0x22451cd3) f25 0x0027950cfc690400
core   0: 0x0000000080004c22 (0x0369853b) mulw    a0, s3, s6
core   0: 1 0x0000000080004c22 (0x0369853b) x10 0x0000000000000000
core   0: 0x0000000080004c26 (0x0b8879d3) fsub.d  fs3, fa6, fs8
core   0: 1 0x0000000080004c26 (0x0b8879d3) c1_fflags 0x0000000000000011 f19 0x43f000000006c3a9
core   0: 0x0000000080004c2a (0x000a5a13) srli    s4, s4, 0
core   0: 1 0x0000000080004c2a (0x000a5a13) x20 0x0000000000000000
core   0: 0x0000000080004c2e (0x00619d33) sll     s10, gp, t1
core   0: 1 0x0000000080004c2e (0x00619d33) x26 0x0000000000000000
core   0: 0x0000000080004c32 (0x01fad79b) srliw   a5, s5, 31
core   0: 1 0x0000000080004c32 (0x01fad79b) x15 0x0000000000000000
core   0: 0x0000000080004c36 (0x00000956) c.slli  s2, 21
core   0: 1 0x0000000080004c36 (0x0956) x18 0x0000000002000000
core   0: 0x0000000080004c38 (0x0287f433) remu    s0, a5, s0
core   0: 1 0x0000000080004c38 (0x0287f433) x8  0x0000000000000000
core   0: 0x0000000080004c3c (0x023624b3) mulhsu  s1, a2, gp
core   0: 1 0x0000000080004c3c (0x023624b3) x9  0x00000000000009ff
core   0: 0x0000000080004c40 (0x413a0eb3) sub     t4, s4, s3
core   0: 1 0x0000000080004c40 (0x413a0eb3) x29 0x0000000000000000
core   0: 0x0000000080004c44 (0x4152d09b) sraiw   ra, t0, 21
core   0: 1 0x0000000080004c44 (0x4152d09b) x1  0x0000000000000000
core   0: 0x0000000080004c48 (0x026bd03b) divuw   zero, s7, t1
core   0: 1 0x0000000080004c48 (0x026bd03b)
core   0: 0x0000000080004c4c (0x00202c73) csrrs   s8, frm, zero
core   0: 1 0x0000000080004c4c (0x00202c73) x24 0x0000000000000001
core   0: 0x0000000080004c50 (0x4013fad3) fcvt.s.d fs5, ft7
core   0: 1 0x0000000080004c50 (0x4013fad3) f21 0xffffffff7fc00000
core   0: 0x0000000080004c54 (0xd20a8ed3) fcvt.d.w ft9, s5
core   0: 1 0x0000000080004c54 (0xd20a8ed3) f29 0x0000000000000000
core   0: 0x0000000080004c58 (0x00598dbb) addw    s11, s3, t0
core   0: 1 0x0000000080004c58 (0x00598dbb) x27 0x0000000000000003
core   0: 0x0000000080004c5c (0xc21d79d3) fcvt.wu.d s3, fs10
core   0: 1 0x0000000080004c5c (0xc21d79d3) c1_fflags 0x0000000000000011 x19 0xffffffffffffffff
core   0: 0x0000000080004c60 (0x02fb8a33) mul     s4, s7, a5
core   0: 1 0x0000000080004c60 (0x02fb8a33) x20 0x0000000000000000
core   0: 0x0000000080004c64 (0x013a1ebb) sllw    t4, s4, s3
core   0: 1 0x0000000080004c64 (0x013a1ebb) x29 0x0000000000000000
core   0: 0x0000000080004c68 (0xd029f0d3) fcvt.s.l ft1, s3
core   0: 1 0x0000000080004c68 (0xd029f0d3) f1  0xffffffffbf800000
core   0: 0x0000000080004c6c (0xd224f353) fcvt.d.l ft6, s1
core   0: 1 0x0000000080004c6c (0xd224f353) f6  0x40a3fe0000000000
core   0: 0x0000000080004c70 (0xf8530313) addi    t1, t1, -123
core   0: 1 0x0000000080004c70 (0xf8530313) x6  0xffffffc8e3d61976
core   0: 0x0000000080004c74 (0x7ff62a93) slti    s5, a2, 2047
core   0: 1 0x0000000080004c74 (0x7ff62a93) x21 0x0000000000000000
core   0: 0x0000000080004c78 (0x78aa019b) addiw   gp, s4, 1930
core   0: 1 0x0000000080004c78 (0x78aa019b) x3  0x000000000000078a
core   0: 0x0000000080004c7c (0x0ff0000f) fence   iorw,iorw
core   0: 1 0x0000000080004c7c (0x0ff0000f)
core   0: 0x0000000080004c80 (0x09157513) andi    a0, a0, 145
core   0: 1 0x0000000080004c80 (0x09157513) x10 0x0000000000000000
core   0: 0x0000000080004c84 (0x00008e89) c.sub   a3, a0
core   0: 1 0x0000000080004c84 (0x8e89) x13 0x0000000000000000
core   0: 0x0000000080004c86 (0xd2150f53) fcvt.d.wu ft10, a0
core   0: 1 0x0000000080004c86 (0xd2150f53) f30 0x0000000000000000
core   0: 0x0000000080004c8a (0x0ff0000f) fence   iorw,iorw
core   0: 1 0x0000000080004c8a (0x0ff0000f)
core   0: 0x0000000080004c8e (0x420e0153) fcvt.d.s ft2, ft8
core   0: 1 0x0000000080004c8e (0x420e0153) f2  0x7ff8000000000000
core   0: 0x0000000080004c92 (0x226a0a53) fsgnj.d fs4, fs4, ft6
core   0: 1 0x0000000080004c92 (0x226a0a53) f20 0x4543ca906667d110
core   0: 0x0000000080004c96 (0x02dcccbb) divw    s9, s9, a3
core   0: 1 0x0000000080004c96 (0x02dcccbb) x25 0xffffffffffffffff
core   0: 0x0000000080004c9a (0x00f8ad33) slt     s10, a7, a5
core   0: 1 0x0000000080004c9a (0x00f8ad33) x26 0x0000000000000000
core   0: 0x0000000080004c9e (0x40c90333) sub     t1, s2, a2
core   0: 1 0x0000000080004c9e (0x40c90333) x6  0x0000000001fff600
core   0: 0x0000000080004ca2 (0x23488d53) fsgnj.d fs10, fa7, fs4
core   0: 1 0x0000000080004ca2 (0x23488d53) f26 0x41ec7ac33e200000
core   0: 0x0000000080004ca6 (0x0067c1b3) xor     gp, a5, t1
core   0: 1 0x0000000080004ca6 (0x0067c1b3) x3  0x0000000001fff600
core   0: 0x0000000080004caa (0x0345c43b) divw    s0, a1, s4
core   0: 1 0x0000000080004caa (0x0345c43b) x8  0xffffffffffffffff
core   0: 0x0000000080004cae (0x0055d1b3) srl     gp, a1, t0
core   0: 1 0x0000000080004cae (0x0055d1b3) x3  0x155db50000000000
core   0: 0x0000000080004cb2 (0x02fe573b) divuw   a4, t3, a5
core   0: 1 0x0000000080004cb2 (0x02fe573b) x14 0xffffffffffffffff
core   0: 0x0000000080004cb6 (0x01974633) xor     a2, a4, s9
core   0: 1 0x0000000080004cb6 (0x01974633) x12 0x0000000000000000
core   0: 0x0000000080004cba (0x4002dd93) srai    s11, t0, 0
core   0: 1 0x0000000080004cba (0x4002dd93) x27 0x0000000000000003
core   0: 0x0000000080004cbe (0x40065013) srai    zero, a2, 0
core   0: 1 0x0000000080004cbe (0x40065013)
core   0: 0x0000000080004cc2 (0x40005a9b) sraiw   s5, zero, 0
core   0: 1 0x0000000080004cc2 (0x40005a9b) x21 0x0000000000000000
core   0: 0x0000000080004cc6 (0x414809b3) sub     s3, a6, s4
core   0: 1 0x0000000080004cc6 (0x414809b3) x19 0x0000000000000000
core   0: 0x0000000080004cca (0x0082a733) slt     a4, t0, s0
core   0: 1 0x0000000080004cca (0x0082a733) x14 0x0000000000000000
core   0: 0x0000000080004cce (0x0b2cf853) fsub.d  fa6, fs9, fs2
core   0: 1 0x0000000080004cce (0x0b2cf853) f16 0x0027950cfc690400
core   0: 0x0000000080004cd2 (0x7ff9831b) addiw   t1, s3, 2047
core   0: 1 0x0000000080004cd2 (0x7ff9831b) x6  0x00000000000007ff
core   0: 0x0000000080004cd6 (0xc3d47c4f) fnmadd.d fs8, fs0, ft9, fs8
core   0: 1 0x0000000080004cd6 (0xc3d47c4f) f24 0x41db0ea800000000
core   0: 0x0000000080004cda (0x42080b53) fcvt.d.s fs6, fa6
core   0: 1 0x0000000080004cda (0x42080b53) f22 0x7ff8000000000000
core   0: 0x0000000080004cde (0x238c0853) fsgnj.d fa6, fs8, fs8
core   0: 1 0x0000000080004cde (0x238c0853) f16 0x41db0ea800000000
core   0: 0x0000000080004ce2 (0x03505d3b) divuw   s10, zero, s5
core   0: 1 0x0000000080004ce2 (0x03505d3b) x26 0xffffffffffffffff
core   0: 0x0000000080004ce6 (0x8005c593) xori    a1, a1, -2048
core   0: 1 0x0000000080004ce6 (0x8005c593) x11 0x551257fffffff800
core   0: 0x0000000080004cea (0xd21d0bd3) fcvt.d.wu fs7, s10
core   0: 1 0x0000000080004cea (0xd21d0bd3) f23 0x41efffffffe00000
core   0: 0x0000000080004cee (0xe2f5f147) fmsub.d ft2, fa1, fa5, ft8
core   0: 1 0x0000000080004cee (0xe2f5f147) f2  0x7ff8000000000000
core   0: 0x0000000080004cf2 (0x2bc58e53) fmin.d  ft8, fa1, ft8
core   0: 1 0x0000000080004cf2 (0x2bc58e53) f28 0xc1db0ea800000000
core   0: 0x0000000080004cf6 (0x22a92553) fsgnjx.d fa0, fs2, fa0
core   0: 1 0x0000000080004cf6 (0x22a92553) f10 0x0000000000000000
core   0: 0x0000000080004cfa (0xd02cff53) fcvt.s.l ft10, s9
core   0: 1 0x0000000080004cfa (0xd02cff53) f30 0xffffffffbf800000
core   0: 0x0000000080004cfe (0x53757047) fmsub.d ft0, fa0, fs7, fa0
core   0: 1 0x0000000080004cfe (0x53757047) f0  0x0000000000000000
core   0: 0x0000000080004d02 (0x0050f333) and     t1, ra, t0
core   0: 1 0x0000000080004d02 (0x0050f333) x6  0x0000000000000000
core   0: 0x0000000080004d06 (0x00d526b3) slt     a3, a0, a3
core   0: 1 0x0000000080004d06 (0x00d526b3) x13 0x0000000000000000
core   0: 0x0000000080004d0a (0xf1509cf3) csrrw   s9, mconfigptr, ra
core   0: exception trap_illegal_instruction, epc 0x0000000080004d0a
core   0:           tval 0x00000000f1509cf3
core   0: >>>>  $xrv64i2p1_m2p0_a2p1_f2p2_d2p2_zicsr2p0_zifencei2p0_zmmul1p0_zba1p0_zbb1p0_zbc1p0_zbs1p0
core   0: 0x0000000080004000 (0x0080006f) j       pc + 0x8
core   0: 3 0x0000000080004000 (0x0080006f)
core   0: >>>>  mmode_exception_handler
core   0: 0x0000000080004008 (0x00002c17) auipc   s8, 0x2
core   0: 3 0x0000000080004008 (0x00002c17) x24 0x0000000080006008
core   0: 0x000000008000400c (0xff2c0c13) addi    s8, s8, -14
core   0: 3 0x000000008000400c (0xff2c0c13) x24 0x0000000080005ffa
core   0: 0x0000000080004010 (0x000c00e7) jalr    s8
core   0: 3 0x0000000080004010 (0x000c00e7) x1  0x0000000080004014
core   0: >>>>  any_handler
core   0: 0x0000000080005ffa (0x341027f3) csrrs   a5, mepc, zero
core   0: 3 0x0000000080005ffa (0x341027f3) x15 0x0000000080004d0a
core   0: 0x0000000080005ffe (0x34202773) csrrs   a4, mcause, zero
core   0: 3 0x0000000080005ffe (0x34202773) x14 0x0000000000000002
core   0: 0x0000000080006002 (0x142026f3) csrrs   a3, scause, zero
core   0: 3 0x0000000080006002 (0x142026f3) x13 0x0000000000000000
core   0: 0x0000000080006006 (0x30402673) csrrs   a2, mie, zero
core   0: 3 0x0000000080006006 (0x30402673) x12 0x0000000000000a00
core   0: 0x000000008000600a (0x344025f3) csrrs   a1, mip, zero
core   0: 3 0x000000008000600a (0x344025f3) x11 0x0000000000000080
core   0: 0x000000008000600e (0x343025f3) csrrs   a1, mtval, zero
core   0: 3 0x000000008000600e (0x343025f3) x11 0x00000000f1509cf3
core   0: 0x0000000080006012 (0x14302573) csrrs   a0, stval, zero
core   0: 3 0x0000000080006012 (0x14302573) x10 0xffffffb3064aa5e0
core   0: 0x0000000080006016 (0xb02024f3) csrrs   s1, minstret, zero
core   0: 3 0x0000000080006016 (0xb02024f3) x9  0x0000000000000be7
core   0: 0x000000008000601a (0x0000a811) c.j     pc + 20
core   0: 3 0x000000008000601a (0xa811)
core   0: >>>>  mepc_4
core   0: 0x000000008000602e (0x00000791) c.addi  a5, 4
core   0: 3 0x000000008000602e (0x0791) x15 0x0000000080004d0e
core   0: 0x0000000080006030 (0x34179073) csrrw   zero, mepc, a5
core   0: 3 0x0000000080006030 (0x34179073) c833_mepc 0x0000000080004d0e
core   0: 0x0000000080006034 (0x30200073) mret
core   0: 3 0x0000000080006034 (0x30200073) c768_mstatus 0x8000000a00106080
core   0: 0x0000000080004d0e (0xc20af153) fcvt.w.d sp, fs5
core   0: 1 0x0000000080004d0e (0xc20af153) c1_fflags 0x0000000000000011 x2  0x000000007fffffff
core   0: 0x0000000080004d12 (0x01518cbb) addw    s9, gp, s5
core   0: 1 0x0000000080004d12 (0x01518cbb) x25 0x0000000000000000
core   0: 0x0000000080004d16 (0xc21876d3) fcvt.wu.d a3, fa6
core   0: 1 0x0000000080004d16 (0xc21876d3) x13 0x000000006c3aa000
core   0: 0x0000000080004d1a (0x0397a4b3) mulhsu  s1, a5, s9
core   0: 1 0x0000000080004d1a (0x0397a4b3) x9  0x0000000000000000
core   0: 0x0000000080004d1e (0xc22bfdd3) fcvt.l.d s11, fs7
core   0: 1 0x0000000080004d1e (0xc22bfdd3) x27 0x00000000ffffffff
core   0: 0x0000000080004d22 (0x5a077753) fsqrt.d fa4, fa4
core   0: 1 0x0000000080004d22 (0x5a077753) f14 0x0000000000000000
core   0: 0x0000000080004d26 (0x40a78d33) sub     s10, a5, a0
core   0: 1 0x0000000080004d26 (0x40a78d33) x26 0x0000004d79b5a72e
core   0: 0x0000000080004d2a (0xc2dd7993) andi    s3, s10, -979
core   0: 1 0x0000000080004d2a (0xc2dd7993) x19 0x0000004d79b5a42c
core   0: 0x0000000080004d2e (0x013d563b) srlw    a2, s10, s3
core   0: 1 0x0000000080004d2e (0x013d563b) x12 0x0000000000079b5a
core   0: 0x0000000080004d32 (0x41cddd93) srai    s11, s11, 28
core   0: 1 0x0000000080004d32 (0x41cddd93) x27 0x000000000000000f
core   0: 0x0000000080004d36 (0xc23ef4d3) fcvt.lu.d s1, ft9
core   0: 1 0x0000000080004d36 (0xc23ef4d3) x9  0x0000000000000000
core   0: 0x0000000080004d3a (0x00189b9b) slliw   s7, a7, 1
core   0: 1 0x0000000080004d3a (0x00189b9b) x23 0x0000000000000000
core   0: 0x0000000080004d3e (0x03087633) remu    a2, a6, a6
core   0: 1 0x0000000080004d3e (0x03087633) x12 0x0000000000000000
core   0: 0x0000000080004d42 (0x7b00d3f3) csrrwi  t2, dcsr, 1
core   0: exception trap_illegal_instruction, epc 0x0000000080004d42
core   0:           tval 0x000000007b00d3f3
core   0: >>>>  $xrv64i2p1_m2p0_a2p1_f2p2_d2p2_zicsr2p0_zifencei2p0_zmmul1p0_zba1p0_zbb1p0_zbc1p0_zbs1p0
core   0: 0x0000000080004000 (0x0080006f) j       pc + 0x8
core   0: 3 0x0000000080004000 (0x0080006f)
core   0: >>>>  mmode_exception_handler
core   0: 0x0000000080004008 (0x00002c17) auipc   s8, 0x2
core   0: 3 0x0000000080004008 (0x00002c17) x24 0x0000000080006008
core   0: 0x000000008000400c (0xff2c0c13) addi    s8, s8, -14
core   0: 3 0x000000008000400c (0xff2c0c13) x24 0x0000000080005ffa
core   0: 0x0000000080004010 (0x000c00e7) jalr    s8
core   0: 3 0x0000000080004010 (0x000c00e7) x1  0x0000000080004014
core   0: >>>>  any_handler
core   0: 0x0000000080005ffa (0x341027f3) csrrs   a5, mepc, zero
core   0: 3 0x0000000080005ffa (0x341027f3) x15 0x0000000080004d42
core   0: 0x0000000080005ffe (0x34202773) csrrs   a4, mcause, zero
core   0: 3 0x0000000080005ffe (0x34202773) x14 0x0000000000000002
core   0: 0x0000000080006002 (0x142026f3) csrrs   a3, scause, zero
core   0: 3 0x0000000080006002 (0x142026f3) x13 0x0000000000000000
core   0: 0x0000000080006006 (0x30402673) csrrs   a2, mie, zero
core   0: 3 0x0000000080006006 (0x30402673) x12 0x0000000000000a00
core   0: 0x000000008000600a (0x344025f3) csrrs   a1, mip, zero
core   0: 3 0x000000008000600a (0x344025f3) x11 0x0000000000000080
core   0: 0x000000008000600e (0x343025f3) csrrs   a1, mtval, zero
core   0: 3 0x000000008000600e (0x343025f3) x11 0x000000007b00d3f3
core   0: 0x0000000080006012 (0x14302573) csrrs   a0, stval, zero
core   0: 3 0x0000000080006012 (0x14302573) x10 0xffffffb3064aa5e0
core   0: 0x0000000080006016 (0xb02024f3) csrrs   s1, minstret, zero
core   0: 3 0x0000000080006016 (0xb02024f3) x9  0x0000000000000c04
core   0: 0x000000008000601a (0x0000a811) c.j     pc + 20
core   0: 3 0x000000008000601a (0xa811)
core   0: >>>>  mepc_4
core   0: 0x000000008000602e (0x00000791) c.addi  a5, 4
core   0: 3 0x000000008000602e (0x0791) x15 0x0000000080004d46
core   0: 0x0000000080006030 (0x34179073) csrrw   zero, mepc, a5
core   0: 3 0x0000000080006030 (0x34179073) c833_mepc 0x0000000080004d46
core   0: 0x0000000080006034 (0x30200073) mret
core   0: 3 0x0000000080006034 (0x30200073) c768_mstatus 0x8000000a00106080
core   0: 0x0000000080004d46 (0x00e99a9b) slliw   s5, s3, 14
core   0: 1 0x0000000080004d46 (0x00e99a9b) x21 0x00000000690b0000
core   0: 0x0000000080004d4a (0x0337ceb3) div     t4, a5, s3
core   0: 1 0x0000000080004d4a (0x0337ceb3) x29 0x0000000000000000
core   0: 0x0000000080004d4e (0x40ecd433) sra     s0, s9, a4
core   0: 1 0x0000000080004d4e (0x40ecd433) x8  0x0000000000000000
core   0: 0x0000000080004d52 (0x0124133b) sllw    t1, s0, s2
core   0: 1 0x0000000080004d52 (0x0124133b) x6  0x0000000000000000
core   0: 0x0000000080004d56 (0x7ffd8b93) addi    s7, s11, 2047
core   0: 1 0x0000000080004d56 (0x7ffd8b93) x23 0x000000000000080e
core   0: 0x0000000080004d5a (0xc039f9d3) fcvt.lu.s s3, fs3
core   0: 1 0x0000000080004d5a (0xc039f9d3) c1_fflags 0x0000000000000011 x19 0xffffffffffffffff
core   0: 0x0000000080004d5e (0x02604bbb) divw    s7, zero, t1
core   0: 1 0x0000000080004d5e (0x02604bbb) x23 0xffffffffffffffff
core   0: 0x0000000080004d62 (0x01c70dbb) addw    s11, a4, t3
core   0: 1 0x0000000080004d62 (0x01c70dbb) x27 0x0000000000000142
core   0: 0x0000000080004d66 (0x2ae01153) fmax.d  ft2, ft0, fa4
core   0: 1 0x0000000080004d66 (0x2ae01153) f2  0x0000000000000000
core   0: 0x0000000080004d6a (0x00f2853b) addw    a0, t0, a5
core   0: 1 0x0000000080004d6a (0x00f2853b) x10 0xffffffff80004d49
core   0: 0x0000000080004d6e (0x105c3e73) csrrc   t3, stvec, s8
core   0: 1 0x0000000080004d6e (0x105c3e73) x28 0x0000000000000001 c261_stvec 0x0000000000000001
core   0: 0x0000000080004d72 (0xdeb76993) ori     s3, a4, -533
core   0: 1 0x0000000080004d72 (0xdeb76993) x19 0xfffffffffffffdeb
core   0: 0x0000000080004d76 (0x00089093) slli    ra, a7, 0
core   0: 1 0x0000000080004d76 (0x00089093) x1  0x0000000000000000
core   0: 0x0000000080004d7a (0xd2188cd3) fcvt.d.wu fs9, a7
core   0: 1 0x0000000080004d7a (0xd2188cd3) f25 0x0000000000000000
core   0: 0x0000000080004d7e (0x013a5a3b) srlw    s4, s4, s3
core   0: 1 0x0000000080004d7e (0x013a5a3b) x20 0x0000000000000000
core   0: 0x0000000080004d82 (0x0319bab3) mulhu   s5, s3, a7
core   0: 1 0x0000000080004d82 (0x0319bab3) x21 0x0000000000000000
core   0: 0x0000000080004d86 (0x00000001) c.nop
core   0: 1 0x0000000080004d86 (0x0001)
core   0: 0x0000000080004d88 (0x74288013) addi    zero, a7, 1858
core   0: 1 0x0000000080004d88 (0x74288013)
core   0: 0x0000000080004d8c (0x007e4033) xor     zero, t3, t2
core   0: 1 0x0000000080004d8c (0x007e4033)
core   0: 0x0000000080004d90 (0x0143de93) srli    t4, t2, 20
core   0: 1 0x0000000080004d90 (0x0143de93) x29 0x0000000000000fff
core   0: 0x0000000080004d94 (0xc5413337) lui     t1, 0xc5413
core   0: 1 0x0000000080004d94 (0xc5413337) x6  0xffffffffc5413000
core   0: 0x0000000080004d98 (0xc06478f3) csrrci  a7, hpmcounter6, 8
core   0: exception trap_illegal_instruction, epc 0x0000000080004d98
core   0:           tval 0x00000000c06478f3
core   0: >>>>  $xrv64i2p1_m2p0_a2p1_f2p2_d2p2_zicsr2p0_zifencei2p0_zmmul1p0_zba1p0_zbb1p0_zbc1p0_zbs1p0
core   0: 0x0000000080004000 (0x0080006f) j       pc + 0x8
core   0: 3 0x0000000080004000 (0x0080006f)
core   0: >>>>  mmode_exception_handler
core   0: 0x0000000080004008 (0x00002c17) auipc   s8, 0x2
core   0: 3 0x0000000080004008 (0x00002c17) x24 0x0000000080006008
core   0: 0x000000008000400c (0xff2c0c13) addi    s8, s8, -14
core   0: 3 0x000000008000400c (0xff2c0c13) x24 0x0000000080005ffa
core   0: 0x0000000080004010 (0x000c00e7) jalr    s8
core   0: 3 0x0000000080004010 (0x000c00e7) x1  0x0000000080004014
core   0: >>>>  any_handler
core   0: 0x0000000080005ffa (0x341027f3) csrrs   a5, mepc, zero
core   0: 3 0x0000000080005ffa (0x341027f3) x15 0x0000000080004d98
core   0: 0x0000000080005ffe (0x34202773) csrrs   a4, mcause, zero
core   0: 3 0x0000000080005ffe (0x34202773) x14 0x0000000000000002
core   0: 0x0000000080006002 (0x142026f3) csrrs   a3, scause, zero
core   0: 3 0x0000000080006002 (0x142026f3) x13 0x0000000000000000
core   0: 0x0000000080006006 (0x30402673) csrrs   a2, mie, zero
core   0: 3 0x0000000080006006 (0x30402673) x12 0x0000000000000a00
core   0: 0x000000008000600a (0x344025f3) csrrs   a1, mip, zero
core   0: 3 0x000000008000600a (0x344025f3) x11 0x0000000000000080
core   0: 0x000000008000600e (0x343025f3) csrrs   a1, mtval, zero
core   0: 3 0x000000008000600e (0x343025f3) x11 0x00000000c06478f3
core   0: 0x0000000080006012 (0x14302573) csrrs   a0, stval, zero
core   0: 3 0x0000000080006012 (0x14302573) x10 0xffffffb3064aa5e0
core   0: 0x0000000080006016 (0xb02024f3) csrrs   s1, minstret, zero
core   0: 3 0x0000000080006016 (0xb02024f3) x9  0x0000000000000c29
core   0: 0x000000008000601a (0x0000a811) c.j     pc + 20
core   0: 3 0x000000008000601a (0xa811)
core   0: >>>>  mepc_4
core   0: 0x000000008000602e (0x00000791) c.addi  a5, 4
core   0: 3 0x000000008000602e (0x0791) x15 0x0000000080004d9c
core   0: 0x0000000080006030 (0x34179073) csrrw   zero, mepc, a5
core   0: 3 0x0000000080006030 (0x34179073) c833_mepc 0x0000000080004d9c
core   0: 0x0000000080006034 (0x30200073) mret
core   0: 3 0x0000000080006034 (0x30200073) c768_mstatus 0x8000000a00106080
core   0: 0x0000000080004d9c (0x0319f0d3) fadd.d  ft1, fs3, fa7
core   0: 1 0x0000000080004d9c (0x0319f0d3) c1_fflags 0x0000000000000011 f1  0x43f000000015010a
core   0: 0x0000000080004da0 (0x01517833) and     a6, sp, s5
core   0: 1 0x0000000080004da0 (0x01517833) x16 0x0000000000000000
core   0: 0x0000000080004da4 (0x01501133) sll     sp, zero, s5
core   0: 1 0x0000000080004da4 (0x01501133) x2  0x0000000000000000
core   0: 0x0000000080004da8 (0x00414433) xor     s0, sp, tp
core   0: 1 0x0000000080004da8 (0x00414433) x8  0x0000000000000000
core   0: 0x0000000080004dac (0x00842933) slt     s2, s0, s0
core   0: 1 0x0000000080004dac (0x00842933) x18 0x0000000000000000
core   0: 0x0000000080004db0 (0x032088b3) mul     a7, ra, s2
core   0: 1 0x0000000080004db0 (0x032088b3) x17 0x0000000000000000
core   0: 0x0000000080004db4 (0xd028ff53) fcvt.s.l ft10, a7
core   0: 1 0x0000000080004db4 (0xd028ff53) f30 0xffffffff00000000
core   0: 0x0000000080004db8 (0xc22a7cd3) fcvt.l.d s9, fs4
core   0: 1 0x0000000080004db8 (0xc22a7cd3) c1_fflags 0x0000000000000011 x25 0x7fffffffffffffff
core   0: 0x0000000080004dbc (0xc22f77d3) fcvt.l.d a5, ft10
core   0: 1 0x0000000080004dbc (0xc22f77d3) c1_fflags 0x0000000000000011 x15 0x7fffffffffffffff
core   0: 0x0000000080004dc0 (0x03447453) fadd.d  fs0, fs0, fs4
core   0: 1 0x0000000080004dc0 (0x03447453) c1_fflags 0x0000000000000011 f8  0xc6281f3f35be6660
core   0: 0x0000000080004dc4 (0x008c03bb) addw    t2, s8, s0
core   0: 1 0x0000000080004dc4 (0x008c03bb) x7  0xffffffff80005ffa
core   0: 0x0000000080004dc8 (0x008a07bb) addw    a5, s4, s0
core   0: 1 0x0000000080004dc8 (0x008a07bb) x15 0x0000000000000000
core   0: 0x0000000080004dcc (0x0023d61b) srliw   a2, t2, 2
core   0: 1 0x0000000080004dcc (0x0023d61b) x12 0x00000000200017fe
core   0: 0x0000000080004dd0 (0x1209fad3) fmul.d  fs5, fs3, ft0
core   0: 1 0x0000000080004dd0 (0x1209fad3) f21 0x0000000000000000
core   0: 0x0000000080004dd4 (0x02765c93) srli    s9, a2, 39
core   0: 1 0x0000000080004dd4 (0x02765c93) x25 0x0000000000000000
core   0: 0x0000000080004dd8 (0xc03576d3) fcvt.lu.s a3, fa0
core   0: 1 0x0000000080004dd8 (0xc03576d3) c1_fflags 0x0000000000000011 x13 0xffffffffffffffff
core   0: 0x0000000080004ddc (0x00b2999b) slliw   s3, t0, 11
core   0: 1 0x0000000080004ddc (0x00b2999b) x19 0x0000000000001800
core   0: 0x0000000080004de0 (0x2a8c1e53) fmax.d  ft8, fs8, fs0
core   0: 1 0x0000000080004de0 (0x2a8c1e53) f28 0x41db0ea800000000
core   0: 0x0000000080004de4 (0x43fad313) srai    t1, s5, 63
core   0: 1 0x0000000080004de4 (0x43fad313) x6  0x0000000000000000
core   0: 0x0000000080004de8 (0x7a1f77cf) fnmadd.d fa5, ft10, ft1, fa5
core   0: 1 0x0000000080004de8 (0x7a1f77cf) f15 0x7ff8000000000000
core   0: 0x0000000080004dec (0x00099e13) slli    t3, s3, 0
core   0: 1 0x0000000080004dec (0x00099e13) x28 0x0000000000001800
core   0: 0x0000000080004df0 (0x01ad13b3) sll     t2, s10, s10
core   0: 1 0x0000000080004df0 (0x01ad13b3) x7  0x69cb800000000000
core   0: 0x0000000080004df4 (0xc22e7ad3) fcvt.l.d s5, ft8
core   0: 1 0x0000000080004df4 (0xc22e7ad3) x21 0x000000006c3aa000
core   0: 0x0000000080004df8 (0x024b7b3b) remuw   s6, s6, tp
core   0: 1 0x0000000080004df8 (0x024b7b3b) x22 0x0000000000000261
core   0: 0x0000000080004dfc (0x412d83bb) subw    t2, s11, s2
core   0: 1 0x0000000080004dfc (0x412d83bb) x7  0x0000000000000142
core   0: 0x0000000080004e00 (0x024b5d33) divu    s10, s6, tp
core   0: 1 0x0000000080004e00 (0x024b5d33) x26 0xffffffffffffffff
core   0: 0x0000000080004e04 (0x00231373) csrrw   t1, frm, t1
core   0: 1 0x0000000080004e04 (0x00231373) x6  0x0000000000000001 c2_frm 0x0000000000000000
core   0: 0x0000000080004e08 (0x1b3b7ad3) fdiv.d  fs5, fs6, fs3
core   0: 1 0x0000000080004e08 (0x1b3b7ad3) f21 0x7ff8000000000000
core   0: 0x0000000080004e0c (0x001e1b1b) slliw   s6, t3, 1
core   0: 1 0x0000000080004e0c (0x001e1b1b) x22 0x0000000000003000
core   0: 0x0000000080004e10 (0x001e931b) slliw   t1, t4, 1
core   0: 1 0x0000000080004e10 (0x001e931b) x6  0x0000000000001ffe
core   0: 0x0000000080004e14 (0xd02a78d3) fcvt.s.l fa7, s4
core   0: 1 0x0000000080004e14 (0xd02a78d3) f17 0xffffffff00000000
core   0: 0x0000000080004e18 (0xab58f74f) fnmadd.d fa4, fa7, fs5, fs5
core   0: 1 0x0000000080004e18 (0xab58f74f) f14 0x7ff8000000000000
core   0: 0x0000000080004e1c (0x00000001) c.nop
core   0: 1 0x0000000080004e1c (0x0001)
core   0: 0x0000000080004e1e (0x018791b3) sll     gp, a5, s8
core   0: 1 0x0000000080004e1e (0x018791b3) x3  0x0000000000000000
core   0: 0x0000000080004e22 (0x021e9ab3) mulh    s5, t4, ra
core   0: 1 0x0000000080004e22 (0x021e9ab3) x21 0x0000000000000000
core   0: 0x0000000080004e26 (0x40c6523b) sraw    tp, a2, a2
core   0: 1 0x0000000080004e26 (0x40c6523b) x4  0x0000000000000000
core   0: 0x0000000080004e2a (0x033673b3) remu    t2, a2, s3
core   0: 1 0x0000000080004e2a (0x033673b3) x7  0x00000000000007fe
core   0: 0x0000000080004e2e (0x024314b3) mulh    s1, t1, tp
core   0: 1 0x0000000080004e2e (0x024314b3) x9  0x0000000000000000
core   0: 0x0000000080004e32 (0x007393bb) sllw    t2, t2, t2
core   0: 1 0x0000000080004e32 (0x007393bb) x7  0xffffffff80000000
core   0: 0x0000000080004e36 (0x00102e73) csrrs   t3, fflags, zero
core   0: 1 0x0000000080004e36 (0x00102e73) x28 0x0000000000000011
core   0: 0x0000000080004e3a (0x00000001) c.nop
core   0: 1 0x0000000080004e3a (0x0001)
core   0: 0x0000000080004e3c (0x002b1173) csrrw   sp, frm, s6
core   0: 1 0x0000000080004e3c (0x002b1173) x2  0x0000000000000000 c2_frm 0x0000000000000000
core   0: 0x0000000080004e40 (0x0382c193) xori    gp, t0, 56
core   0: 1 0x0000000080004e40 (0x0382c193) x3  0x000000000000003b
core   0: 0x0000000080004e44 (0x0056969b) slliw   a3, a3, 5
core   0: 1 0x0000000080004e44 (0x0056969b) x13 0xffffffffffffffe0
core   0: 0x0000000080004e48 (0x401ad53b) sraw    a0, s5, ra
core   0: 1 0x0000000080004e48 (0x401ad53b) x10 0x0000000000000000
core   0: 0x0000000080004e4c (0xc0227953) fcvt.l.s s2, ft4
core   0: 1 0x0000000080004e4c (0xc0227953) c1_fflags 0x0000000000000011 x18 0x7fffffffffffffff
core   0: 0x0000000080004e50 (0x73177343) fmadd.d ft6, fa4, fa7, fa4
core   0: 1 0x0000000080004e50 (0x73177343) f6  0x7ff8000000000000
core   0: 0x0000000080004e54 (0x00ac1ebb) sllw    t4, s8, a0
core   0: 1 0x0000000080004e54 (0x00ac1ebb) x29 0xffffffff80005ffa
core   0: 0x0000000080004e58 (0x036ef2bb) remuw   t0, t4, s6
core   0: 1 0x0000000080004e58 (0x036ef2bb) x5  0x0000000000001ffa
core   0: 0x0000000080004e5c (0x001696f3) csrrw   a3, fflags, a3
core   0: 1 0x0000000080004e5c (0x001696f3) x13 0x0000000000000011 c1_fflags 0x0000000000000000
core   0: 0x0000000080004e60 (0x40a55a3b) sraw    s4, a0, a0
core   0: 1 0x0000000080004e60 (0x40a55a3b) x20 0x0000000000000000
core   0: 0x0000000080004e64 (0xc85eddb7) lui     s11, 0xc85ed
core   0: 1 0x0000000080004e64 (0xc85eddb7) x27 0xffffffffc85ed000
core   0: 0x0000000080004e68 (0x40258133) sub     sp, a1, sp
core   0: 1 0x0000000080004e68 (0x40258133) x2  0x00000000c06478f3
core   0: 0x0000000080004e6c (0x2b3319d3) fmax.d  fs3, ft6, fs3
core   0: 1 0x0000000080004e6c (0x2b3319d3) f19 0x43f000000006c3a9
core   0: 0x0000000080004e70 (0x02ae26b3) mulhsu  a3, t3, a0
core   0: 1 0x0000000080004e70 (0x02ae26b3) x13 0x0000000000000000
core   0: 0x0000000080004e74 (0x405edebb) sraw    t4, t4, t0
core   0: 1 0x0000000080004e74 (0x405edebb) x29 0xffffffffffffffe0
core   0: 0x0000000080004e78 (0x00009ada) c.add   s5, s6
core   0: 1 0x0000000080004e78 (0x9ada) x21 0x0000000000003000
core   0: 0x0000000080004e7a (0x8008081b) addiw   a6, a6, -2048
core   0: 1 0x0000000080004e7a (0x8008081b) x16 0xfffffffffffff800
core   0: 0x0000000080004e7e (0x22e9a753) fsgnjx.d fa4, fs3, fa4
core   0: 1 0x0000000080004e7e (0x22e9a753) f14 0x43f000000006c3a9
core   0: 0x0000000080004e82 (0x43455b13) srai    s6, a0, 52
core   0: 1 0x0000000080004e82 (0x43455b13) x22 0x0000000000000000
core   0: 0x0000000080004e86 (0x00000001) c.nop
core   0: 1 0x0000000080004e86 (0x0001)
core   0: 0x0000000080004e88 (0x2379a1d3) fsgnjx.d ft3, fs3, fs7
core   0: 1 0x0000000080004e88 (0x2379a1d3) f3  0x43f000000006c3a9
core   0: 0x0000000080004e8c (0x017ee933) or      s2, t4, s7
core   0: 1 0x0000000080004e8c (0x017ee933) x18 0xffffffffffffffff
core   0: 0x0000000080004e90 (0x9eaa0e13) addi    t3, s4, -1558
core   0: 1 0x0000000080004e90 (0x9eaa0e13) x28 0xfffffffffffff9ea
core   0: 0x0000000080004e94 (0x0190c0b3) xor     ra, ra, s9
core   0: 1 0x0000000080004e94 (0x0190c0b3) x1  0x0000000080004014
core   0: 0x0000000080004e98 (0x401b549b) sraiw   s1, s6, 1
core   0: 1 0x0000000080004e98 (0x401b549b) x9  0x0000000000000000
core   0: 0x0000000080004e9c (0x012e0a33) add     s4, t3, s2
core   0: 1 0x0000000080004e9c (0x012e0a33) x20 0xfffffffffffff9e9
core   0: 0x0000000080004ea0 (0x03379593) slli    a1, a5, 51
core   0: 1 0x0000000080004ea0 (0x03379593) x11 0x0000000000000000
core   0: 0x0000000080004ea4 (0x6c4a4e37) lui     t3, 0x6c4a4
core   0: 1 0x0000000080004ea4 (0x6c4a4e37) x28 0x000000006c4a4000
core   0: 0x0000000080004ea8 (0x00034313) xori    t1, t1, 0
core   0: 1 0x0000000080004ea8 (0x00034313) x6  0x0000000000001ffe
core   0: 0x0000000080004eac (0x00029c9b) slliw   s9, t0, 0
core   0: 1 0x0000000080004eac (0x00029c9b) x25 0x0000000000001ffa
core   0: 0x0000000080004eb0 (0x41915533) sra     a0, sp, s9
core   0: 1 0x0000000080004eb0 (0x41915533) x10 0x0000000000000000
core   0: 0x0000000080004eb4 (0x01530d3b) addw    s10, t1, s5
core   0: 1 0x0000000080004eb4 (0x01530d3b) x26 0x0000000000004ffe
core   0: 0x0000000080004eb8 (0x1285f453) fmul.d  fs0, fa1, fs0
core   0: 1 0x0000000080004eb8 (0x1285f453) f8  0x7ff8000000000000
core   0: 0x0000000080004ebc (0x2af597d3) fmax.d  fa5, fa1, fa5
core   0: 1 0x0000000080004ebc (0x2af597d3) f15 0x7ff8000000000000
core   0: 0x0000000080004ec0 (0x5a8dfdcb) fnmsub.d fs11, fs11, fs0, fa1
core   0: 1 0x0000000080004ec0 (0x5a8dfdcb) f27 0x7ff8000000000000
core   0: 0x0000000080004ec4 (0x03fb1613) slli    a2, s6, 63
core   0: 1 0x0000000080004ec4 (0x03fb1613) x12 0x0000000000000000
core   0: 0x0000000080004ec8 (0x403ed3bb) sraw    t2, t4, gp
core   0: 1 0x0000000080004ec8 (0x403ed3bb) x7  0xffffffffffffffff
core   0: 0x0000000080004ecc (0x2bcb06d3) fmin.d  fa3, fs6, ft8
core   0: 1 0x0000000080004ecc (0x2bcb06d3) f13 0x41db0ea800000000
core   0: 0x0000000080004ed0 (0xd21189d3) fcvt.d.wu fs3, gp
core   0: 1 0x0000000080004ed0 (0xd21189d3) f19 0x404d800000000000
core   0: 0x0000000080004ed4 (0x03cc56bb) divuw   a3, s8, t3
core   0: 1 0x0000000080004ed4 (0x03cc56bb) x13 0x0000000000000001
core   0: 0x0000000080004ed8 (0x00184813) xori    a6, a6, 1
core   0: 1 0x0000000080004ed8 (0x00184813) x16 0xfffffffffffff801
core   0: 0x0000000080004edc (0xc21d7753) fcvt.wu.d a4, fs10
core   0: 1 0x0000000080004edc (0xc21d7753) x14 0xffffffffe3d619f1
core   0: 0x0000000080004ee0 (0x003e513b) srlw    sp, t3, gp
core   0: 1 0x0000000080004ee0 (0x003e513b) x2  0x000000000000000d
core   0: 0x0000000080004ee4 (0x0010909b) slliw   ra, ra, 1
core   0: 1 0x0000000080004ee4 (0x0010909b) x1  0x0000000000008028
core   0: 0x0000000080004ee8 (0x40f7d4bb) sraw    s1, a5, a5
core   0: 1 0x0000000080004ee8 (0x40f7d4bb) x9  0x0000000000000000
core   0: 0x0000000080004eec (0x012812bb) sllw    t0, a6, s2
core   0: 1 0x0000000080004eec (0x012812bb) x5  0xffffffff80000000
core   0: 0x0000000080004ef0 (0x40e75e33) sra     t3, a4, a4
core   0: 1 0x0000000080004ef0 (0x40e75e33) x28 0xffffffffffffffff
core   0: 0x0000000080004ef4 (0x014455b3) srl     a1, s0, s4
core   0: 1 0x0000000080004ef4 (0x014455b3) x11 0x0000000000000000
core   0: 0x0000000080004ef8 (0x00000001) c.nop
core   0: 1 0x0000000080004ef8 (0x0001)
core   0: 0x0000000080004efa (0x0167991b) slliw   s2, a5, 22
core   0: 1 0x0000000080004efa (0x0167991b) x18 0x0000000000000000
core   0: 0x0000000080004efe (0x000e5e93) srli    t4, t3, 0
core   0: 1 0x0000000080004efe (0x000e5e93) x29 0xffffffffffffffff
core   0: 0x0000000080004f02 (0xf2070553) fmv.d.x fa0, a4
core   0: 1 0x0000000080004f02 (0xf2070553) f10 0xffffffffe3d619f1
core   0: 0x0000000080004f06 (0x40a8d3bb) sraw    t2, a7, a0
core   0: 1 0x0000000080004f06 (0x40a8d3bb) x7  0x0000000000000000
core   0: 0x0000000080004f0a (0xa3d901d3) fle.d   gp, fs2, ft9
core   0: 1 0x0000000080004f0a (0xa3d901d3) x3  0x0000000000000001
core   0: 0x0000000080004f0e (0x0104543b) srlw    s0, s0, a6
core   0: 1 0x0000000080004f0e (0x0104543b) x8  0x0000000000000000
core   0: 0x0000000080004f12 (0x03775533) divu    a0, a4, s7
core   0: 1 0x0000000080004f12 (0x03775533) x10 0x0000000000000000
core   0: 0x0000000080004f16 (0xd21e06d3) fcvt.d.wu fa3, t3
core   0: 1 0x0000000080004f16 (0xd21e06d3) f13 0x41efffffffe00000
core   0: 0x0000000080004f1a (0xc23bf653) fcvt.lu.d a2, fs7
core   0: 1 0x0000000080004f1a (0xc23bf653) x12 0x00000000ffffffff
core   0: 0x0000000080004f1e (0x41d70ebb) subw    t4, a4, t4
core   0: 1 0x0000000080004f1e (0x41d70ebb) x29 0xffffffffe3d619f2
core   0: 0x0000000080004f22 (0x02d3a2b3) mulhsu  t0, t2, a3
core   0: 1 0x0000000080004f22 (0x02d3a2b3) x5  0x0000000000000000
core   0: 0x0000000080004f26 (0x43f35893) srai    a7, t1, 63
core   0: 1 0x0000000080004f26 (0x43f35893) x17 0x0000000000000000
core   0: 0x0000000080004f2a (0x41790bbb) subw    s7, s2, s7
core   0: 1 0x0000000080004f2a (0x41790bbb) x23 0x0000000000000001
core   0: 0x0000000080004f2e (0xe261f14b) fnmsub.d ft2, ft3, ft6, ft8
core   0: 1 0x0000000080004f2e (0xe261f14b) f2  0x7ff8000000000000
core   0: 0x0000000080004f32 (0xc0217753) fcvt.l.s a4, ft2
core   0: 1 0x0000000080004f32 (0xc0217753) c1_fflags 0x0000000000000010 x14 0x7fffffffffffffff
core   0: 0x0000000080004f36 (0x01ca1bb3) sll     s7, s4, t3
core   0: 1 0x0000000080004f36 (0x01ca1bb3) x23 0x8000000000000000
core   0: 0x0000000080004f3a (0x001d9df3) csrrw   s11, fflags, s11
core   0: 1 0x0000000080004f3a (0x001d9df3) x27 0x0000000000000010 c1_fflags 0x0000000000000000
core   0: 0x0000000080004f3e (0xc02cfd53) fcvt.l.s s10, fs9
core   0: 1 0x0000000080004f3e (0xc02cfd53) c1_fflags 0x0000000000000010 x26 0x7fffffffffffffff
core   0: 0x0000000080004f42 (0x00102273) csrrs   tp, fflags, zero
core   0: 1 0x0000000080004f42 (0x00102273) x4  0x0000000000000010
core   0: 0x0000000080004f46 (0xd20580d3) fcvt.d.w ft1, a1
core   0: 1 0x0000000080004f46 (0xd20580d3) f1  0x0000000000000000
core   0: 0x0000000080004f4a (0x0a70f8d3) fsub.d  fa7, ft1, ft7
core   0: 1 0x0000000080004f4a (0x0a70f8d3) f17 0x7ff8000000000000
core   0: 0x0000000080004f4e (0xd20d0853) fcvt.d.w fa6, s10
core   0: 1 0x0000000080004f4e (0xd20d0853) f16 0xbff0000000000000
core   0: 0x0000000080004f52 (0x03a205bb) mulw    a1, tp, s10
core   0: 1 0x0000000080004f52 (0x03a205bb) x11 0xfffffffffffffff0
core   0: 0x0000000080004f56 (0x03f95193) srli    gp, s2, 63
core   0: 1 0x0000000080004f56 (0x03f95193) x3  0x0000000000000000
core   0: 0x0000000080004f5a (0x013a1a33) sll     s4, s4, s3
core   0: 1 0x0000000080004f5a (0x013a1a33) x20 0xfffffffffffff9e9
core   0: 0x0000000080004f5e (0x5a057353) fsqrt.d ft6, fa0
core   0: 1 0x0000000080004f5e (0x5a057353) f6  0x7ff8000000000000
core   0: 0x0000000080004f62 (0x00000001) c.nop
core   0: 1 0x0000000080004f62 (0x0001)
core   0: 0x0000000080004f64 (0x417d033b) subw    t1, s10, s7
core   0: 1 0x0000000080004f64 (0x417d033b) x6  0xffffffffffffffff
core   0: 0x0000000080004f68 (0x4d430793) addi    a5, t1, 1236
core   0: 1 0x0000000080004f68 (0x4d430793) x15 0x00000000000004d3
core   0: 0x0000000080004f6c (0x00201e73) csrrw   t3, frm, zero
core   0: 1 0x0000000080004f6c (0x00201e73) x28 0x0000000000000000 c2_frm 0x0000000000000000
core   0: 0x0000000080004f70 (0x01a897b3) sll     a5, a7, s10
core   0: 1 0x0000000080004f70 (0x01a897b3) x15 0x0000000000000000
core   0: 0x0000000080004f74 (0xc206f3d3) fcvt.w.d t2, fa3
core   0: 1 0x0000000080004f74 (0xc206f3d3) c1_fflags 0x0000000000000010 x7  0x000000007fffffff
core   0: 0x0000000080004f78 (0x00754733) xor     a4, a0, t2
core   0: 1 0x0000000080004f78 (0x00754733) x14 0x000000007fffffff
core   0: 0x0000000080004f7c (0x0a54f153) fsub.d  ft2, fs1, ft5
core   0: 1 0x0000000080004f7c (0x0a54f153) f2  0x8000000000000000
core   0: 0x0000000080004f80 (0x19786697) auipc   a3, 0x19786
core   0: 1 0x0000000080004f80 (0x19786697) x13 0x000000009978af80
core   0: 0x0000000080004f84 (0x420f88d3) fcvt.d.s fa7, ft11
core   0: 1 0x0000000080004f84 (0x420f88d3) f17 0x7ff8000000000000
core   0: 0x0000000080004f88 (0x0340eabb) remw    s5, ra, s4
core   0: 1 0x0000000080004f88 (0x0340eabb) x21 0x0000000000000045
core   0: 0x0000000080004f8c (0x0083ee37) lui     t3, 0x83e
core   0: 1 0x0000000080004f8c (0x0083ee37) x28 0x000000000083e000
core   0: 0x0000000080004f90 (0x60fe0e1b) addiw   t3, t3, 1551
core   0: 1 0x0000000080004f90 (0x60fe0e1b) x28 0x000000000083e60f
core   0: 0x0000000080004f94 (0x00000e36) c.slli  t3, 13
core   0: 1 0x0000000080004f94 (0x0e36) x28 0x000000107cc1e000
core   0: 0x0000000080004f96 (0xb7ee0e13) addi    t3, t3, -1154
core   0: 1 0x0000000080004f96 (0xb7ee0e13) x28 0x000000107cc1db7e
core   0: 0x0000000080004f9a (0x222c03d3) fsgnj.d ft7, fs8, ft2
core   0: 1 0x0000000080004f9a (0x222c03d3) f7  0xc1db0ea800000000
core   0: 0x0000000080004f9e (0x027df4d3) fadd.d  fs1, fs11, ft7
core   0: 1 0x0000000080004f9e (0x027df4d3) f9  0x7ff8000000000000
core   0: 0x0000000080004fa2 (0x02f7a3b3) mulhsu  t2, a5, a5
core   0: 1 0x0000000080004fa2 (0x02f7a3b3) x7  0x0000000000000000
core   0: 0x0000000080004fa6 (0xc02973d3) fcvt.l.s t2, fs2
core   0: 1 0x0000000080004fa6 (0xc02973d3) c1_fflags 0x0000000000000010 x7  0x7fffffffffffffff
core   0: 0x0000000080004faa (0xd22a7d53) fcvt.d.l fs10, s4
core   0: 1 0x0000000080004faa (0xd22a7d53) f26 0xc0985c0000000000
core   0: 0x0000000080004fae (0x0004e4b3) or      s1, s1, zero
core   0: 1 0x0000000080004fae (0x0004e4b3) x9  0x0000000000000000
core   0: 0x0000000080004fb2 (0xf1105473) csrrwi  s0, mvendorid, 0
core   0: exception trap_illegal_instruction, epc 0x0000000080004fb2
core   0:           tval 0x00000000f1105473
core   0: >>>>  $xrv64i2p1_m2p0_a2p1_f2p2_d2p2_zicsr2p0_zifencei2p0_zmmul1p0_zba1p0_zbb1p0_zbc1p0_zbs1p0
core   0: 0x0000000080004000 (0x0080006f) j       pc + 0x8
core   0: 3 0x0000000080004000 (0x0080006f)
core   0: >>>>  mmode_exception_handler
core   0: 0x0000000080004008 (0x00002c17) auipc   s8, 0x2
core   0: 3 0x0000000080004008 (0x00002c17) x24 0x0000000080006008
core   0: 0x000000008000400c (0xff2c0c13) addi    s8, s8, -14
core   0: 3 0x000000008000400c (0xff2c0c13) x24 0x0000000080005ffa
core   0: 0x0000000080004010 (0x000c00e7) jalr    s8
core   0: 3 0x0000000080004010 (0x000c00e7) x1  0x0000000080004014
core   0: >>>>  any_handler
core   0: 0x0000000080005ffa (0x341027f3) csrrs   a5, mepc, zero
core   0: 3 0x0000000080005ffa (0x341027f3) x15 0x0000000080004fb2
core   0: 0x0000000080005ffe (0x34202773) csrrs   a4, mcause, zero
core   0: 3 0x0000000080005ffe (0x34202773) x14 0x0000000000000002
core   0: 0x0000000080006002 (0x142026f3) csrrs   a3, scause, zero
core   0: 3 0x0000000080006002 (0x142026f3) x13 0x0000000000000000
core   0: 0x0000000080006006 (0x30402673) csrrs   a2, mie, zero
core   0: 3 0x0000000080006006 (0x30402673) x12 0x0000000000000a00
core   0: 0x000000008000600a (0x344025f3) csrrs   a1, mip, zero
core   0: 3 0x000000008000600a (0x344025f3) x11 0x0000000000000080
core   0: 0x000000008000600e (0x343025f3) csrrs   a1, mtval, zero
core   0: 3 0x000000008000600e (0x343025f3) x11 0x00000000f1105473
core   0: 0x0000000080006012 (0x14302573) csrrs   a0, stval, zero
core   0: 3 0x0000000080006012 (0x14302573) x10 0xffffffb3064aa5e0
core   0: 0x0000000080006016 (0xb02024f3) csrrs   s1, minstret, zero
core   0: 3 0x0000000080006016 (0xb02024f3) x9  0x0000000000000cc2
core   0: 0x000000008000601a (0x0000a811) c.j     pc + 20
core   0: 3 0x000000008000601a (0xa811)
core   0: >>>>  mepc_4
core   0: 0x000000008000602e (0x00000791) c.addi  a5, 4
core   0: 3 0x000000008000602e (0x0791) x15 0x0000000080004fb6
core   0: 0x0000000080006030 (0x34179073) csrrw   zero, mepc, a5
core   0: 3 0x0000000080006030 (0x34179073) c833_mepc 0x0000000080004fb6
core   0: 0x0000000080006034 (0x30200073) mret
core   0: 3 0x0000000080006034 (0x30200073) c768_mstatus 0x8000000a00106080
core   0: 0x0000000080004fb6 (0x22672ad3) fsgnjx.d fs5, fa4, ft6
core   0: 1 0x0000000080004fb6 (0x22672ad3) f21 0x43f000000006c3a9
core   0: 0x0000000080004fba (0xdcc7f837) lui     a6, 0xdcc7f
core   0: 1 0x0000000080004fba (0xdcc7f837) x16 0xffffffffdcc7f000
core   0: 0x0000000080004fbe (0x13c67a53) fmul.d  fs4, fa2, ft8
core   0: 1 0x0000000080004fbe (0x13c67a53) f20 0x7ff8000000000000
core   0: 0x0000000080004fc2 (0x31005673) csrrwi  a2, mstatush, 0
core   0: exception trap_illegal_instruction, epc 0x0000000080004fc2
core   0:           tval 0x0000000031005673
core   0: >>>>  $xrv64i2p1_m2p0_a2p1_f2p2_d2p2_zicsr2p0_zifencei2p0_zmmul1p0_zba1p0_zbb1p0_zbc1p0_zbs1p0
core   0: 0x0000000080004000 (0x0080006f) j       pc + 0x8
core   0: 3 0x0000000080004000 (0x0080006f)
core   0: >>>>  mmode_exception_handler
core   0: 0x0000000080004008 (0x00002c17) auipc   s8, 0x2
core   0: 3 0x0000000080004008 (0x00002c17) x24 0x0000000080006008
core   0: 0x000000008000400c (0xff2c0c13) addi    s8, s8, -14
core   0: 3 0x000000008000400c (0xff2c0c13) x24 0x0000000080005ffa
core   0: 0x0000000080004010 (0x000c00e7) jalr    s8
core   0: 3 0x0000000080004010 (0x000c00e7) x1  0x0000000080004014
core   0: >>>>  any_handler
core   0: 0x0000000080005ffa (0x341027f3) csrrs   a5, mepc, zero
core   0: 3 0x0000000080005ffa (0x341027f3) x15 0x0000000080004fc2
core   0: 0x0000000080005ffe (0x34202773) csrrs   a4, mcause, zero
core   0: 3 0x0000000080005ffe (0x34202773) x14 0x0000000000000002
core   0: 0x0000000080006002 (0x142026f3) csrrs   a3, scause, zero
core   0: 3 0x0000000080006002 (0x142026f3) x13 0x0000000000000000
core   0: 0x0000000080006006 (0x30402673) csrrs   a2, mie, zero
core   0: 3 0x0000000080006006 (0x30402673) x12 0x0000000000000a00
core   0: 0x000000008000600a (0x344025f3) csrrs   a1, mip, zero
core   0: 3 0x000000008000600a (0x344025f3) x11 0x0000000000000080
core   0: 0x000000008000600e (0x343025f3) csrrs   a1, mtval, zero
core   0: 3 0x000000008000600e (0x343025f3) x11 0x0000000031005673
core   0: 0x0000000080006012 (0x14302573) csrrs   a0, stval, zero
core   0: 3 0x0000000080006012 (0x14302573) x10 0xffffffb3064aa5e0
core   0: 0x0000000080006016 (0xb02024f3) csrrs   s1, minstret, zero
core   0: 3 0x0000000080006016 (0xb02024f3) x9  0x0000000000000cd5
core   0: 0x000000008000601a (0x0000a811) c.j     pc + 20
core   0: 3 0x000000008000601a (0xa811)
core   0: >>>>  mepc_4
core   0: 0x000000008000602e (0x00000791) c.addi  a5, 4
core   0: 3 0x000000008000602e (0x0791) x15 0x0000000080004fc6
core   0: 0x0000000080006030 (0x34179073) csrrw   zero, mepc, a5
core   0: 3 0x0000000080006030 (0x34179073) c833_mepc 0x0000000080004fc6
core   0: 0x0000000080006034 (0x30200073) mret
core   0: 3 0x0000000080006034 (0x30200073) c768_mstatus 0x8000000a00106080
core   0: 0x0000000080004fc6 (0x230a97d3) fsgnjn.d fa5, fs5, fa6
core   0: 1 0x0000000080004fc6 (0x230a97d3) f15 0x43f000000006c3a9
core   0: 0x0000000080004fca (0x02105933) divu    s2, zero, ra
core   0: 1 0x0000000080004fca (0x02105933) x18 0x0000000000000000
core   0: 0x0000000080004fce (0x1cc4a497) auipc   s1, 0x1cc4a
core   0: 1 0x0000000080004fce (0x1cc4a497) x9  0x000000009cc4efce
core   0: 0x0000000080004fd2 (0x00006b33) or      s6, zero, zero
core   0: 1 0x0000000080004fd2 (0x00006b33) x22 0x0000000000000000
core   0: 0x0000000080004fd6 (0x5a5d7c4f) fnmadd.d fs8, fs10, ft5, fa1
core   0: 1 0x0000000080004fd6 (0x5a5d7c4f) f24 0x7ff8000000000000
core   0: 0x0000000080004fda (0x0af275d3) fsub.d  fa1, ft4, fa5
core   0: 1 0x0000000080004fda (0x0af275d3) f11 0xc3f000000006c3a9
core   0: 0x0000000080004fde (0x00000001) c.nop
core   0: 1 0x0000000080004fde (0x0001)
core   0: 0x0000000080004fe0 (0x0000d39b) srliw   t2, ra, 0
core   0: 1 0x0000000080004fe0 (0x0000d39b) x7  0xffffffff80004014
core   0: 0x0000000080004fe4 (0xd033fa53) fcvt.s.lu fs4, t2
core   0: 1 0x0000000080004fe4 (0xd033fa53) c1_fflags 0x0000000000000011 f20 0xffffffff5f800000
core   0: 0x0000000080004fe8 (0x011808bb) addw    a7, a6, a7
core   0: 1 0x0000000080004fe8 (0x011808bb) x17 0xffffffffdcc7f000
core   0: 0x0000000080004fec (0x031a4d3b) divw    s10, s4, a7
core   0: 1 0x0000000080004fec (0x031a4d3b) x26 0x0000000000000000
core   0: 0x0000000080004ff0 (0xc235fdd3) fcvt.lu.d s11, fa1
core   0: 1 0x0000000080004ff0 (0xc235fdd3) c1_fflags 0x0000000000000011 x27 0x0000000000000000
core   0: 0x0000000080004ff4 (0xc03472d3) fcvt.lu.s t0, fs0
core   0: 1 0x0000000080004ff4 (0xc03472d3) c1_fflags 0x0000000000000011 x5  0xffffffffffffffff
core   0: 0x0000000080004ff8 (0x00f8983b) sllw    a6, a7, a5
core   0: 1 0x0000000080004ff8 (0x00f8983b) x16 0x0000000031fc0000
core   0: 0x0000000080004ffc (0x237788d3) fsgnj.d fa7, fa5, fs7
core   0: 1 0x0000000080004ffc (0x237788d3) f17 0x43f000000006c3a9
core   0: 0x0000000080005000 (0x02846db3) rem     s11, s0, s0
core   0: 1 0x0000000080005000 (0x02846db3) x27 0x0000000000000000
core   0: 0x0000000080005004 (0xf15794f3) csrrw   s1, mconfigptr, a5
core   0: exception trap_illegal_instruction, epc 0x0000000080005004
core   0:           tval 0x00000000f15794f3
core   0: >>>>  $xrv64i2p1_m2p0_a2p1_f2p2_d2p2_zicsr2p0_zifencei2p0_zmmul1p0_zba1p0_zbb1p0_zbc1p0_zbs1p0
core   0: 0x0000000080004000 (0x0080006f) j       pc + 0x8
core   0: 3 0x0000000080004000 (0x0080006f)
core   0: >>>>  mmode_exception_handler
core   0: 0x0000000080004008 (0x00002c17) auipc   s8, 0x2
core   0: 3 0x0000000080004008 (0x00002c17) x24 0x0000000080006008
core   0: 0x000000008000400c (0xff2c0c13) addi    s8, s8, -14
core   0: 3 0x000000008000400c (0xff2c0c13) x24 0x0000000080005ffa
core   0: 0x0000000080004010 (0x000c00e7) jalr    s8
core   0: 3 0x0000000080004010 (0x000c00e7) x1  0x0000000080004014
core   0: >>>>  any_handler
core   0: 0x0000000080005ffa (0x341027f3) csrrs   a5, mepc, zero
core   0: 3 0x0000000080005ffa (0x341027f3) x15 0x0000000080005004
core   0: 0x0000000080005ffe (0x34202773) csrrs   a4, mcause, zero
core   0: 3 0x0000000080005ffe (0x34202773) x14 0x0000000000000002
core   0: 0x0000000080006002 (0x142026f3) csrrs   a3, scause, zero
core   0: 3 0x0000000080006002 (0x142026f3) x13 0x0000000000000000
core   0: 0x0000000080006006 (0x30402673) csrrs   a2, mie, zero
core   0: 3 0x0000000080006006 (0x30402673) x12 0x0000000000000a00
core   0: 0x000000008000600a (0x344025f3) csrrs   a1, mip, zero
core   0: 3 0x000000008000600a (0x344025f3) x11 0x0000000000000080
core   0: 0x000000008000600e (0x343025f3) csrrs   a1, mtval, zero
core   0: 3 0x000000008000600e (0x343025f3) x11 0x00000000f15794f3
core   0: 0x0000000080006012 (0x14302573) csrrs   a0, stval, zero
core   0: 3 0x0000000080006012 (0x14302573) x10 0xffffffb3064aa5e0
core   0: 0x0000000080006016 (0xb02024f3) csrrs   s1, minstret, zero
core   0: 3 0x0000000080006016 (0xb02024f3) x9  0x0000000000000cf5
core   0: 0x000000008000601a (0x0000a811) c.j     pc + 20
core   0: 3 0x000000008000601a (0xa811)
core   0: >>>>  mepc_4
core   0: 0x000000008000602e (0x00000791) c.addi  a5, 4
core   0: 3 0x000000008000602e (0x0791) x15 0x0000000080005008
core   0: 0x0000000080006030 (0x34179073) csrrw   zero, mepc, a5
core   0: 3 0x0000000080006030 (0x34179073) c833_mepc 0x0000000080005008
core   0: 0x0000000080006034 (0x30200073) mret
core   0: 3 0x0000000080006034 (0x30200073) c768_mstatus 0x8000000a00106080
core   0: 0x0000000080005008 (0x04c70a93) addi    s5, a4, 76
core   0: 1 0x0000000080005008 (0x04c70a93) x21 0x000000000000004e
core   0: 0x000000008000500c (0xd2178e53) fcvt.d.wu ft8, a5
core   0: 1 0x000000008000500c (0xd2178e53) f28 0x41e0000a01000000
core   0: 0x0000000080005010 (0xc21072d3) fcvt.wu.d t0, ft0
core   0: 1 0x0000000080005010 (0xc21072d3) x5  0x0000000000000000
core   0: 0x0000000080005014 (0x420383d3) fcvt.d.s ft7, ft7
core   0: 1 0x0000000080005014 (0x420383d3) f7  0x7ff8000000000000
core   0: 0x0000000080005018 (0x02d31593) slli    a1, t1, 45
core   0: 1 0x0000000080005018 (0x02d31593) x11 0xffffe00000000000
core   0: 0x000000008000501c (0xa27e8953) fle.d   s2, ft9, ft7
core   0: 1 0x000000008000501c (0xa27e8953) c1_fflags 0x0000000000000011 x18 0x0000000000000000
core   0: 0x0000000080005020 (0x01eede93) srli    t4, t4, 30
core   0: 1 0x0000000080005020 (0x01eede93) x29 0x00000003ffffffff
core   0: 0x0000000080005024 (0x400ed393) srai    t2, t4, 0
core   0: 1 0x0000000080005024 (0x400ed393) x7  0x00000003ffffffff
core   0: 0x0000000080005028 (0x0360db33) divu    s6, ra, s6
core   0: 1 0x0000000080005028 (0x0360db33) x22 0xffffffffffffffff
core   0: 0x000000008000502c (0x411b593b) sraw    s2, s6, a7
core   0: 1 0x000000008000502c (0x411b593b) x18 0xffffffffffffffff
core   0: 0x0000000080005030 (0x2a719ed3) fmax.d  ft9, ft3, ft7
core   0: 1 0x0000000080005030 (0x2a719ed3) f29 0x43f000000006c3a9
core   0: 0x0000000080005034 (0x0003de9b) srliw   t4, t2, 0
core   0: 1 0x0000000080005034 (0x0003de9b) x29 0xffffffffffffffff
core   0: 0x0000000080005038 (0x239999d3) fsgnjn.d fs3, fs3, fs9
core   0: 1 0x0000000080005038 (0x239999d3) f19 0xc04d800000000000
core   0: 0x000000008000503c (0x00202e73) csrrs   t3, frm, zero
core   0: 1 0x000000008000503c (0x00202e73) x28 0x0000000000000000
core   0: 0x0000000080005040 (0x00000001) c.nop
core   0: 1 0x0000000080005040 (0x0001)
core   0: 0x0000000080005042 (0x001029f3) csrrs   s3, fflags, zero
core   0: 1 0x0000000080005042 (0x001029f3) x19 0x0000000000000011
core   0: 0x0000000080005046 (0x0014d6bb) srlw    a3, s1, ra
core   0: 1 0x0000000080005046 (0x0014d6bb) x13 0x0000000000000000
core   0: 0x000000008000504a (0x9ba37ec7) fmsub.d ft9, ft6, fs10, fs3
core   0: 1 0x000000008000504a (0x9ba37ec7) f29 0x7ff8000000000000
core   0: 0x000000008000504e (0x00091093) slli    ra, s2, 0
core   0: 1 0x000000008000504e (0x00091093) x1  0xffffffffffffffff
core   0: 0x0000000080005052 (0xc217fc53) fcvt.wu.d s8, fa5
core   0: 1 0x0000000080005052 (0xc217fc53) c1_fflags 0x0000000000000011 x24 0xffffffffffffffff
core   0: 0x0000000080005056 (0x001024f3) csrrs   s1, fflags, zero
core   0: 1 0x0000000080005056 (0x001024f3) x9  0x0000000000000011
core   0: 0x000000008000505a (0x1a47f9d3) fdiv.d  fs3, fa5, ft4
core   0: 1 0x000000008000505a (0x1a47f9d3) c1_fflags 0x0000000000000019 f19 0xfff0000000000000
core   0: 0x000000008000505e (0xd21706d3) fcvt.d.wu fa3, a4
core   0: 1 0x000000008000505e (0xd21706d3) f13 0x4000000000000000
core   0: 0x0000000080005062 (0x019323b3) slt     t2, t1, s9
core   0: 1 0x0000000080005062 (0x019323b3) x7  0x0000000000000001
core   0: 0x0000000080005066 (0x01034833) xor     a6, t1, a6
core   0: 1 0x0000000080005066 (0x01034833) x16 0xffffffffce03ffff
core   0: 0x000000008000506a (0x8b4a71c7) fmsub.d ft3, fs4, fs4, fa7
core   0: 1 0x000000008000506a (0x8b4a71c7) f3  0x7ff8000000000000
core   0: 0x000000008000506e (0x03b4873b) mulw    a4, s1, s11
core   0: 1 0x000000008000506e (0x03b4873b) x14 0x0000000000000000
core   0: 0x0000000080005072 (0x00000001) c.nop
core   0: 1 0x0000000080005072 (0x0001)
core   0: 0x0000000080005074 (0x03fbdb93) srli    s7, s7, 63
core   0: 1 0x0000000080005074 (0x03fbdb93) x23 0x0000000000000001
core   0: 0x0000000080005078 (0x039b91b3) mulh    gp, s7, s9
core   0: 1 0x0000000080005078 (0x039b91b3) x3  0x0000000000000000
core   0: 0x000000008000507c (0x411a5b13) srai    s6, s4, 17
core   0: 1 0x000000008000507c (0x411a5b13) x22 0xffffffffffffffff
core   0: 0x0000000080005080 (0x005b80bb) addw    ra, s7, t0
core   0: 1 0x0000000080005080 (0x005b80bb) x1  0x0000000000000001
core   0: 0x0000000080005084 (0x0211f0b3) remu    ra, gp, ra
core   0: 1 0x0000000080005084 (0x0211f0b3) x1  0x0000000000000000
core   0: 0x0000000080005088 (0xc200f253) fcvt.w.d tp, ft1
core   0: 1 0x0000000080005088 (0xc200f253) x4  0x0000000000000000
core   0: 0x000000008000508c (0xf2090e53) fmv.d.x ft8, s2
core   0: 1 0x000000008000508c (0xf2090e53) f28 0xffffffffffffffff
core   0: 0x0000000080005090 (0x0224d713) srli    a4, s1, 34
core   0: 1 0x0000000080005090 (0x0224d713) x14 0x0000000000000000
core   0: 0x0000000080005094 (0x414706b3) sub     a3, a4, s4
core   0: 1 0x0000000080005094 (0x414706b3) x13 0x0000000000000617
core   0: 0x0000000080005098 (0x401179d3) fcvt.s.d fs3, ft2
core   0: 1 0x0000000080005098 (0x401179d3) f19 0xffffffff80000000
core   0: 0x000000008000509c (0x008a9e9b) slliw   t4, s5, 8
core   0: 1 0x000000008000509c (0x008a9e9b) x29 0x0000000000004e00
core   0: 0x00000000800050a0 (0x2040cc37) lui     s8, 0x2040c
core   0: 1 0x00000000800050a0 (0x2040cc37) x24 0x000000002040c000
core   0: 0x00000000800050a4 (0x42050dd3) fcvt.d.s fs11, fa0
core   0: 1 0x00000000800050a4 (0x42050dd3) f27 0xc47ac33e20000000
core   0: 0x00000000800050a8 (0x000015aa) c.slli  a1, 42
core   0: 1 0x00000000800050a8 (0x15aa) x11 0x0000000000000000
core   0: 0x00000000800050aa (0x2ba516d3) fmax.d  fa3, fa0, fs10
core   0: 1 0x00000000800050aa (0x2ba516d3) f13 0xc0985c0000000000
core   0: 0x00000000800050ae (0x01781bb3) sll     s7, a6, s7
core   0: 1 0x00000000800050ae (0x01781bb3) x23 0xffffffff9c07fffe
core   0: 0x00000000800050b2 (0x00a5523b) srlw    tp, a0, a0
core   0: 1 0x00000000800050b2 (0x00a5523b) x4  0x00000000064aa5e0
core   0: 0x00000000800050b6 (0x01685b3b) srlw    s6, a6, s6
core   0: 1 0x00000000800050b6 (0x01685b3b) x22 0x0000000000000001
core   0: 0x00000000800050ba (0x02426633) rem     a2, tp, tp
core   0: 1 0x00000000800050ba (0x02426633) x12 0x0000000000000000
core   0: 0x00000000800050be (0x13fb77c7) fmsub.d fa5, fs6, ft11, ft2
core   0: 1 0x00000000800050be (0x13fb77c7) f15 0x7ff8000000000000
core   0: 0x00000000800050c2 (0x00079d13) slli    s10, a5, 0
core   0: 1 0x00000000800050c2 (0x00079d13) x26 0x0000000080005008
core   0: 0x00000000800050c6 (0x02f5d233) divu    tp, a1, a5
core   0: 1 0x00000000800050c6 (0x02f5d233) x4  0x0000000000000000
core   0: 0x00000000800050ca (0x00000001) c.nop
core   0: 1 0x00000000800050ca (0x0001)
core   0: 0x00000000800050cc (0x55f0aeb7) lui     t4, 0x55f0a
core   0: 1 0x00000000800050cc (0x55f0aeb7) x29 0x0000000055f0a000
core   0: 0x00000000800050d0 (0x00c6101b) slliw   zero, a2, 12
core   0: 1 0x00000000800050d0 (0x00c6101b)
core   0: 0x00000000800050d4 (0x44b161b7) lui     gp, 0x44b16
core   0: 1 0x00000000800050d4 (0x44b161b7) x3  0x0000000044b16000
core   0: 0x00000000800050d8 (0x00000001) c.nop
core   0: 1 0x00000000800050d8 (0x0001)
core   0: 0x00000000800050da (0xe2078cd3) fmv.x.d s9, fa5
core   0: 1 0x00000000800050da (0xe2078cd3) x25 0x7ff8000000000000
core   0: 0x00000000800050de (0x1a13f553) fdiv.d  fa0, ft7, ft1
core   0: 1 0x00000000800050de (0x1a13f553) f10 0x7ff8000000000000
core   0: 0x00000000800050e2 (0x033ca237) lui     tp, 0x33ca
core   0: 1 0x00000000800050e2 (0x033ca237) x4  0x00000000033ca000
core   0: 0x00000000800050e6 (0x40f1d993) srai    s3, gp, 15
core   0: 1 0x00000000800050e6 (0x40f1d993) x19 0x0000000000008962
core   0: 0x00000000800050ea (0x12aa0c93) addi    s9, s4, 298
core   0: 1 0x00000000800050ea (0x12aa0c93) x25 0xfffffffffffffb13
core   0: 0x00000000800050ee (0x032ca7b3) mulhsu  a5, s9, s2
core   0: 1 0x00000000800050ee (0x032ca7b3) x15 0xfffffffffffffb13
core   0: 0x00000000800050f2 (0x00b9191b) slliw   s2, s2, 11
core   0: 1 0x00000000800050f2 (0x00b9191b) x18 0xfffffffffffff800
core   0: 0x00000000800050f6 (0x2a37f24b) fnmsub.d ft4, fa5, ft3, ft5
core   0: 1 0x00000000800050f6 (0x2a37f24b) f4  0x7ff8000000000000
core   0: 0x00000000800050fa (0x41b9d9b3) sra     s3, s3, s11
core   0: 1 0x00000000800050fa (0x41b9d9b3) x19 0x0000000000008962
core   0: 0x00000000800050fe (0x6bcafe4f) fnmadd.d ft8, fs5, ft8, fa3
core   0: 1 0x00000000800050fe (0x6bcafe4f) f28 0x7ff8000000000000
core   0: 0x0000000080005102 (0x004797bb) sllw    a5, a5, tp
core   0: 1 0x0000000080005102 (0x004797bb) x15 0xfffffffffffffb13
core   0: 0x0000000080005106 (0xa21d0453) fle.d   s0, fs10, ft1
core   0: 1 0x0000000080005106 (0xa21d0453) x8  0x0000000000000001
core   0: 0x000000008000510a (0x027878b3) remu    a7, a6, t2
core   0: 1 0x000000008000510a (0x027878b3) x17 0x0000000000000000
core   0: 0x000000008000510e (0xc0029673) csrrw   a2, cycle, t0
core   0: exception trap_illegal_instruction, epc 0x000000008000510e
core   0:           tval 0x00000000c0029673
core   0: >>>>  $xrv64i2p1_m2p0_a2p1_f2p2_d2p2_zicsr2p0_zifencei2p0_zmmul1p0_zba1p0_zbb1p0_zbc1p0_zbs1p0
core   0: 0x0000000080004000 (0x0080006f) j       pc + 0x8
core   0: 3 0x0000000080004000 (0x0080006f)
core   0: >>>>  mmode_exception_handler
core   0: 0x0000000080004008 (0x00002c17) auipc   s8, 0x2
core   0: 3 0x0000000080004008 (0x00002c17) x24 0x0000000080006008
core   0: 0x000000008000400c (0xff2c0c13) addi    s8, s8, -14
core   0: 3 0x000000008000400c (0xff2c0c13) x24 0x0000000080005ffa
core   0: 0x0000000080004010 (0x000c00e7) jalr    s8
core   0: 3 0x0000000080004010 (0x000c00e7) x1  0x0000000080004014
core   0: >>>>  any_handler
core   0: 0x0000000080005ffa (0x341027f3) csrrs   a5, mepc, zero
core   0: 3 0x0000000080005ffa (0x341027f3) x15 0x000000008000510e
core   0: 0x0000000080005ffe (0x34202773) csrrs   a4, mcause, zero
core   0: 3 0x0000000080005ffe (0x34202773) x14 0x0000000000000002
core   0: 0x0000000080006002 (0x142026f3) csrrs   a3, scause, zero
core   0: 3 0x0000000080006002 (0x142026f3) x13 0x0000000000000000
core   0: 0x0000000080006006 (0x30402673) csrrs   a2, mie, zero
core   0: 3 0x0000000080006006 (0x30402673) x12 0x0000000000000a00
core   0: 0x000000008000600a (0x344025f3) csrrs   a1, mip, zero
core   0: 3 0x000000008000600a (0x344025f3) x11 0x0000000000000080
core   0: 0x000000008000600e (0x343025f3) csrrs   a1, mtval, zero
core   0: 3 0x000000008000600e (0x343025f3) x11 0x00000000c0029673
core   0: 0x0000000080006012 (0x14302573) csrrs   a0, stval, zero
core   0: 3 0x0000000080006012 (0x14302573) x10 0xffffffb3064aa5e0
core   0: 0x0000000080006016 (0xb02024f3) csrrs   s1, minstret, zero
core   0: 3 0x0000000080006016 (0xb02024f3) x9  0x0000000000000d49
core   0: 0x000000008000601a (0x0000a811) c.j     pc + 20
core   0: 3 0x000000008000601a (0xa811)
core   0: >>>>  mepc_4
core   0: 0x000000008000602e (0x00000791) c.addi  a5, 4
core   0: 3 0x000000008000602e (0x0791) x15 0x0000000080005112
core   0: 0x0000000080006030 (0x34179073) csrrw   zero, mepc, a5
core   0: 3 0x0000000080006030 (0x34179073) c833_mepc 0x0000000080005112
core   0: 0x0000000080006034 (0x30200073) mret
core   0: 3 0x0000000080006034 (0x30200073) c768_mstatus 0x8000000a00106080
core   0: 0x0000000080005112 (0x00000001) c.nop
core   0: 1 0x0000000080005112 (0x0001)
core   0: 0x0000000080005114 (0xc23170d3) fcvt.lu.d ra, ft2
core   0: 1 0x0000000080005114 (0xc23170d3) x1  0x0000000000000000
core   0: 0x0000000080005118 (0xc2317d53) fcvt.lu.d s10, ft2
core   0: 1 0x0000000080005118 (0xc2317d53) x26 0x0000000000000000
core   0: 0x000000008000511c (0x4018f853) fcvt.s.d fa6, fa7
core   0: 1 0x000000008000511c (0x4018f853) c1_fflags 0x0000000000000019 f16 0xffffffff5f800000
core   0: 0x0000000080005120 (0x122b71d3) fmul.d  ft3, fs6, ft2
core   0: 1 0x0000000080005120 (0x122b71d3) f3  0x7ff8000000000000
core   0: 0x0000000080005124 (0x1241f553) fmul.d  fa0, ft3, ft4
core   0: 1 0x0000000080005124 (0x1241f553) f10 0x7ff8000000000000
core   0: 0x0000000080005128 (0x01a0533b) srlw    t1, zero, s10
core   0: 1 0x0000000080005128 (0x01a0533b) x6  0x0000000000000000
core   0: 0x000000008000512c (0x02226133) rem     sp, tp, sp
core   0: 1 0x000000008000512c (0x02226133) x2  0x000000000000000b
core   0: 0x0000000080005130 (0x003b003b) addw    zero, s6, gp
core   0: 1 0x0000000080005130 (0x003b003b)
core   0: 0x0000000080005134 (0xd23b7b53) fcvt.d.lu fs6, s6
core   0: 1 0x0000000080005134 (0xd23b7b53) f22 0x3ff0000000000000
core   0: 0x0000000080005138 (0x80004c93) xori    s9, zero, -2048
core   0: 1 0x0000000080005138 (0x80004c93) x25 0xfffffffffffff800
core   0: 0x000000008000513c (0x00202c73) csrrs   s8, frm, zero
core   0: 1 0x000000008000513c (0x00202c73) x24 0x0000000000000000
core   0: 0x0000000080005140 (0x402154bb) sraw    s1, sp, sp
core   0: 1 0x0000000080005140 (0x402154bb) x9  0x0000000000000000
core   0: 0x0000000080005144 (0x0290ec3b) remw    s8, ra, s1
core   0: 1 0x0000000080005144 (0x0290ec3b) x24 0x0000000000000000
core   0: 0x0000000080005148 (0x01d1e233) or      tp, gp, t4
core   0: 1 0x0000000080005148 (0x01d1e233) x4  0x0000000055f1e000
core   0: 0x000000008000514c (0x00102af3) csrrs   s5, fflags, zero
core   0: 1 0x000000008000514c (0x00102af3) x21 0x0000000000000019
core   0: 0x0000000080005150 (0x401170d3) fcvt.s.d ft1, ft2
core   0: 1 0x0000000080005150 (0x401170d3) f1  0xffffffff80000000
core   0: 0x0000000080005154 (0x001b1b73) csrrw   s6, fflags, s6
core   0: 1 0x0000000080005154 (0x001b1b73) x22 0x0000000000000019 c1_fflags 0x0000000000000001
core   0: 0x0000000080005158 (0x00e36633) or      a2, t1, a4
core   0: 1 0x0000000080005158 (0x00e36633) x12 0x0000000000000002
core   0: 0x000000008000515c (0x017c2ab3) slt     s5, s8, s7
core   0: 1 0x000000008000515c (0x017c2ab3) x21 0x0000000000000000
core   0: 0x0000000080005160 (0x0191e533) or      a0, gp, s9
core   0: 1 0x0000000080005160 (0x0191e533) x10 0xfffffffffffff800
core   0: 0x0000000080005164 (0x42008c53) fcvt.d.s fs8, ft1
core   0: 1 0x0000000080005164 (0x42008c53) f24 0x8000000000000000
core   0: 0x0000000080005168 (0x1a3679d3) fdiv.d  fs3, fa2, ft3
core   0: 1 0x0000000080005168 (0x1a3679d3) f19 0x7ff8000000000000
core   0: 0x000000008000516c (0x03bad493) srli    s1, s5, 59
core   0: 1 0x000000008000516c (0x03bad493) x9  0x0000000000000000
core   0: 0x0000000080005170 (0xba09f24b) fnmsub.d ft4, fs3, ft0, fs7
core   0: 1 0x0000000080005170 (0xba09f24b) f4  0x7ff8000000000000
core   0: 0x0000000080005174 (0xcd1afd93) andi    s11, s5, -815
core   0: 1 0x0000000080005174 (0xcd1afd93) x27 0x0000000000000000
core   0: 0x0000000080005178 (0xc229f553) fcvt.l.d a0, fs3
core   0: 1 0x0000000080005178 (0xc229f553) c1_fflags 0x0000000000000011 x10 0x7fffffffffffffff
core   0: 0x000000008000517c (0x40795c13) srai    s8, s2, 7
core   0: 1 0x000000008000517c (0x40795c13) x24 0xfffffffffffffff0
core   0: 0x0000000080005180 (0x00d3d51b) srliw   a0, t2, 13
core   0: 1 0x0000000080005180 (0x00d3d51b) x10 0x0000000000000000
core   0: 0x0000000080005184 (0x01421db3) sll     s11, tp, s4
core   0: 1 0x0000000080005184 (0x01421db3) x27 0xe3c0000000000000
core   0: 0x0000000080005188 (0x419d8d33) sub     s10, s11, s9
core   0: 1 0x0000000080005188 (0x419d8d33) x26 0xe3c0000000000800
core   0: 0x000000008000518c (0x0359bab3) mulhu   s5, s3, s5
core   0: 1 0x000000008000518c (0x0359bab3) x21 0x0000000000000000
core   0: 0x0000000080005190 (0x41c3dc1b) sraiw   s8, t2, 28
core   0: 1 0x0000000080005190 (0x41c3dc1b) x24 0x0000000000000000
core   0: 0x0000000080005194 (0x0ff0000f) fence   iorw,iorw
core   0: 1 0x0000000080005194 (0x0ff0000f)
core   0: 0x0000000080005198 (0x024d0d33) mul     s10, s10, tp
core   0: 1 0x0000000080005198 (0x024d0d33) x26 0x000002af8f000000
core   0: 0x000000008000519c (0x0005dbb3) srl     s7, a1, zero
core   0: 1 0x000000008000519c (0x0005dbb3) x23 0x00000000c0029673
core   0: 0x00000000800051a0 (0xc21274d3) fcvt.wu.d s1, ft4
core   0: 1 0x00000000800051a0 (0xc21274d3) c1_fflags 0x0000000000000011 x9  0xffffffffffffffff
core   0: 0x00000000800051a4 (0x02d19c93) slli    s9, gp, 45
core   0: 1 0x00000000800051a4 (0x02d19c93) x25 0x2c00000000000000
core   0: 0x00000000800051a8 (0x03914c3b) divw    s8, sp, s9
core   0: 1 0x00000000800051a8 (0x03914c3b) x24 0xffffffffffffffff
core   0: 0x00000000800051ac (0x0344c133) div     sp, s1, s4
core   0: 1 0x00000000800051ac (0x0344c133) x2  0x0000000000000000
core   0: 0x00000000800051b0 (0x41f65c1b) sraiw   s8, a2, 31
core   0: 1 0x00000000800051b0 (0x41f65c1b) x24 0x0000000000000000
core   0: 0x00000000800051b4 (0x0154961b) slliw   a2, s1, 21
core   0: 1 0x00000000800051b4 (0x0154961b) x12 0xffffffffffe00000
core   0: 0x00000000800051b8 (0x2a0308d3) fmin.d  fa7, ft6, ft0
core   0: 1 0x00000000800051b8 (0x2a0308d3) f17 0x0000000000000000
core   0: 0x00000000800051bc (0xb248f4cb) fnmsub.d fs1, fa7, ft4, fs6
core   0: 1 0x00000000800051bc (0xb248f4cb) f9  0x7ff8000000000000
core   0: 0x00000000800051c0 (0xe2038553) fmv.x.d a0, ft7
core   0: 1 0x00000000800051c0 (0xe2038553) x10 0x7ff8000000000000
core   0: 0x00000000800051c4 (0x2a6e1e53) fmax.d  ft8, ft8, ft6
core   0: 1 0x00000000800051c4 (0x2a6e1e53) f28 0x7ff8000000000000
core   0: 0x00000000800051c8 (0x02e70cb3) mul     s9, a4, a4
core   0: 1 0x00000000800051c8 (0x02e70cb3) x25 0x0000000000000004
core   0: 0x00000000800051cc (0x39377993) andi    s3, a4, 915
core   0: 1 0x00000000800051cc (0x39377993) x19 0x0000000000000002
core   0: 0x00000000800051d0 (0x128473d3) fmul.d  ft7, fs0, fs0
core   0: 1 0x00000000800051d0 (0x128473d3) f7  0x7ff8000000000000
core   0: 0x00000000800051d4 (0xa3cf80d3) fle.d   ra, ft11, ft8
core   0: 1 0x00000000800051d4 (0xa3cf80d3) c1_fflags 0x0000000000000011 x1  0x0000000000000000
core   0: 0x00000000800051d8 (0x40e0dcb3) sra     s9, ra, a4
core   0: 1 0x00000000800051d8 (0x40e0dcb3) x25 0x0000000000000000
core   0: 0x00000000800051dc (0x001cd11b) srliw   sp, s9, 1
core   0: 1 0x00000000800051dc (0x001cd11b) x2  0x0000000000000000
core   0: 0x00000000800051e0 (0x009519b3) sll     s3, a0, s1
core   0: 1 0x00000000800051e0 (0x009519b3) x19 0x0000000000000000
core   0: 0x00000000800051e4 (0x41dc50bb) sraw    ra, s8, t4
core   0: 1 0x00000000800051e4 (0x41dc50bb) x1  0x0000000000000000
core   0: 0x00000000800051e8 (0x413e3b37) lui     s6, 0x413e3
core   0: 1 0x00000000800051e8 (0x413e3b37) x22 0x00000000413e3000
core   0: 0x00000000800051ec (0x420507d3) fcvt.d.s fa5, fa0
core   0: 1 0x00000000800051ec (0x420507d3) f15 0x7ff8000000000000
core   0: 0x00000000800051f0 (0xc03a7853) fcvt.lu.s a6, fs4
core   0: 1 0x00000000800051f0 (0xc03a7853) c1_fflags 0x0000000000000011 x16 0xffffffffffffffff
core   0: 0x00000000800051f4 (0xe20d0b53) fmv.x.d s6, fs10
core   0: 1 0x00000000800051f4 (0xe20d0b53) x22 0xc0985c0000000000
core   0: 0x00000000800051f8 (0xdb3b79c3) fmadd.d fs3, fs6, fs3, fs11
core   0: 1 0x00000000800051f8 (0xdb3b79c3) f19 0x7ff8000000000000
core   0: 0x00000000800051fc (0x41f6d413) srai    s0, a3, 31
core   0: 1 0x00000000800051fc (0x41f6d413) x8  0x0000000000000000
core   0: 0x0000000080005200 (0x0bdb7f53) fsub.d  ft10, fs6, ft9
core   0: 1 0x0000000080005200 (0x0bdb7f53) f30 0x7ff8000000000000
core   0: 0x0000000080005204 (0x0194163b) sllw    a2, s0, s9
core   0: 1 0x0000000080005204 (0x0194163b) x12 0x0000000000000000
core   0: 0x0000000080005208 (0x002023f3) csrrs   t2, frm, zero
core   0: 1 0x0000000080005208 (0x002023f3) x7  0x0000000000000000
core   0: 0x000000008000520c (0xc2a57c43) fmadd.d fs8, fa0, fa0, fs8
core   0: 1 0x000000008000520c (0xc2a57c43) f24 0x7ff8000000000000
core   0: 0x0000000080005210 (0x0000521b) srliw   tp, zero, 0
core   0: 1 0x0000000080005210 (0x0000521b) x4  0x0000000000000000
core   0: 0x0000000080005214 (0x1405fc73) csrrci  s8, sscratch, 11
core   0: 1 0x0000000080005214 (0x1405fc73) x24 0x0000000000000000 c320_sscratch 0x0000000000000000
core   0: 0x0000000080005218 (0x03c125b3) mulhsu  a1, sp, t3
core   0: 1 0x0000000080005218 (0x03c125b3) x11 0x0000000000000000
core   0: 0x000000008000521c (0x3030e373) csrrsi  t1, mideleg, 1
core   0: exception trap_illegal_instruction, epc 0x000000008000521c
core   0:           tval 0x000000003030e373
core   0: >>>>  $xrv64i2p1_m2p0_a2p1_f2p2_d2p2_zicsr2p0_zifencei2p0_zmmul1p0_zba1p0_zbb1p0_zbc1p0_zbs1p0
core   0: 0x0000000080004000 (0x0080006f) j       pc + 0x8
core   0: 3 0x0000000080004000 (0x0080006f)
core   0: >>>>  mmode_exception_handler
core   0: 0x0000000080004008 (0x00002c17) auipc   s8, 0x2
core   0: 3 0x0000000080004008 (0x00002c17) x24 0x0000000080006008
core   0: 0x000000008000400c (0xff2c0c13) addi    s8, s8, -14
core   0: 3 0x000000008000400c (0xff2c0c13) x24 0x0000000080005ffa
core   0: 0x0000000080004010 (0x000c00e7) jalr    s8
core   0: 3 0x0000000080004010 (0x000c00e7) x1  0x0000000080004014
core   0: >>>>  any_handler
core   0: 0x0000000080005ffa (0x341027f3) csrrs   a5, mepc, zero
core   0: 3 0x0000000080005ffa (0x341027f3) x15 0x000000008000521c
core   0: 0x0000000080005ffe (0x34202773) csrrs   a4, mcause, zero
core   0: 3 0x0000000080005ffe (0x34202773) x14 0x0000000000000002
core   0: 0x0000000080006002 (0x142026f3) csrrs   a3, scause, zero
core   0: 3 0x0000000080006002 (0x142026f3) x13 0x0000000000000000
core   0: 0x0000000080006006 (0x30402673) csrrs   a2, mie, zero
core   0: 3 0x0000000080006006 (0x30402673) x12 0x0000000000000a00
core   0: 0x000000008000600a (0x344025f3) csrrs   a1, mip, zero
core   0: 3 0x000000008000600a (0x344025f3) x11 0x0000000000000080
core   0: 0x000000008000600e (0x343025f3) csrrs   a1, mtval, zero
core   0: 3 0x000000008000600e (0x343025f3) x11 0x000000003030e373
core   0: 0x0000000080006012 (0x14302573) csrrs   a0, stval, zero
core   0: 3 0x0000000080006012 (0x14302573) x10 0xffffffb3064aa5e0
core   0: 0x0000000080006016 (0xb02024f3) csrrs   s1, minstret, zero
core   0: 3 0x0000000080006016 (0xb02024f3) x9  0x0000000000000d9c
core   0: 0x000000008000601a (0x0000a811) c.j     pc + 20
core   0: 3 0x000000008000601a (0xa811)
core   0: >>>>  mepc_4
core   0: 0x000000008000602e (0x00000791) c.addi  a5, 4
core   0: 3 0x000000008000602e (0x0791) x15 0x0000000080005220
core   0: 0x0000000080006030 (0x34179073) csrrw   zero, mepc, a5
core   0: 3 0x0000000080006030 (0x34179073) c833_mepc 0x0000000080005220
core   0: 0x0000000080006034 (0x30200073) mret
core   0: 3 0x0000000080006034 (0x30200073) c768_mstatus 0x8000000a00106080
core   0: 0x0000000080005220 (0x0ff0000f) fence   iorw,iorw
core   0: 1 0x0000000080005220 (0x0ff0000f)
core   0: 0x0000000080005224 (0x00825b1b) srliw   s6, tp, 8
core   0: 1 0x0000000080005224 (0x00825b1b) x22 0x0000000000000000
core   0: 0x0000000080005228 (0xe2050753) fmv.x.d a4, fa0
core   0: 1 0x0000000080005228 (0xe2050753) x14 0x7ff8000000000000
core   0: 0x000000008000522c (0x00d9d0bb) srlw    ra, s3, a3
core   0: 1 0x000000008000522c (0x00d9d0bb) x1  0x0000000000000000
core   0: 0x0000000080005230 (0x42028253) fcvt.d.s ft4, ft5
core   0: 1 0x0000000080005230 (0x42028253) f4  0x7ff8000000000000
core   0: 0x0000000080005234 (0x2b651b53) fmax.d  fs6, fa0, fs6
core   0: 1 0x0000000080005234 (0x2b651b53) f22 0x3ff0000000000000
core   0: 0x0000000080005238 (0x0310f53b) remuw   a0, ra, a7
core   0: 1 0x0000000080005238 (0x0310f53b) x10 0x0000000000000000
core   0: 0x000000008000523c (0x411c523b) sraw    tp, s8, a7
core   0: 1 0x000000008000523c (0x411c523b) x4  0xffffffff80005ffa
core   0: 0x0000000080005240 (0x00000001) c.nop
core   0: 1 0x0000000080005240 (0x0001)
core   0: 0x0000000080005242 (0x1aac7fd3) fdiv.d  ft11, fs8, fa0
core   0: 1 0x0000000080005242 (0x1aac7fd3) f31 0x7ff8000000000000
core   0: 0x0000000080005246 (0x02fbc13b) divw    sp, s7, a5
core   0: 1 0x0000000080005246 (0x02fbc13b) x2  0x0000000000000000
core   0: 0x000000008000524a (0x5a0b7bd3) fsqrt.d fs7, fs6
core   0: 1 0x000000008000524a (0x5a0b7bd3) f23 0x3ff0000000000000
core   0: 0x000000008000524e (0x01414333) xor     t1, sp, s4
core   0: 1 0x000000008000524e (0x01414333) x6  0xfffffffffffff9e9
core   0: 0x0000000080005252 (0x74723e73) csrrc   t3, mseccfg, tp
core   0: exception trap_illegal_instruction, epc 0x0000000080005252
core   0:           tval 0x0000000074723e73
core   0: >>>>  $xrv64i2p1_m2p0_a2p1_f2p2_d2p2_zicsr2p0_zifencei2p0_zmmul1p0_zba1p0_zbb1p0_zbc1p0_zbs1p0
core   0: 0x0000000080004000 (0x0080006f) j       pc + 0x8
core   0: 3 0x0000000080004000 (0x0080006f)
core   0: >>>>  mmode_exception_handler
core   0: 0x0000000080004008 (0x00002c17) auipc   s8, 0x2
core   0: 3 0x0000000080004008 (0x00002c17) x24 0x0000000080006008
core   0: 0x000000008000400c (0xff2c0c13) addi    s8, s8, -14
core   0: 3 0x000000008000400c (0xff2c0c13) x24 0x0000000080005ffa
core   0: 0x0000000080004010 (0x000c00e7) jalr    s8
core   0: 3 0x0000000080004010 (0x000c00e7) x1  0x0000000080004014
core   0: >>>>  any_handler
core   0: 0x0000000080005ffa (0x341027f3) csrrs   a5, mepc, zero
core   0: 3 0x0000000080005ffa (0x341027f3) x15 0x0000000080005252
core   0: 0x0000000080005ffe (0x34202773) csrrs   a4, mcause, zero
core   0: 3 0x0000000080005ffe (0x34202773) x14 0x0000000000000002
core   0: 0x0000000080006002 (0x142026f3) csrrs   a3, scause, zero
core   0: 3 0x0000000080006002 (0x142026f3) x13 0x0000000000000000
core   0: 0x0000000080006006 (0x30402673) csrrs   a2, mie, zero
core   0: 3 0x0000000080006006 (0x30402673) x12 0x0000000000000a00
core   0: 0x000000008000600a (0x344025f3) csrrs   a1, mip, zero
core   0: 3 0x000000008000600a (0x344025f3) x11 0x0000000000000080
core   0: 0x000000008000600e (0x343025f3) csrrs   a1, mtval, zero
core   0: 3 0x000000008000600e (0x343025f3) x11 0x0000000074723e73
core   0: 0x0000000080006012 (0x14302573) csrrs   a0, stval, zero
core   0: 3 0x0000000080006012 (0x14302573) x10 0xffffffb3064aa5e0
core   0: 0x0000000080006016 (0xb02024f3) csrrs   s1, minstret, zero
core   0: 3 0x0000000080006016 (0xb02024f3) x9  0x0000000000000db9
core   0: 0x000000008000601a (0x0000a811) c.j     pc + 20
core   0: 3 0x000000008000601a (0xa811)
core   0: >>>>  mepc_4
core   0: 0x000000008000602e (0x00000791) c.addi  a5, 4
core   0: 3 0x000000008000602e (0x0791) x15 0x0000000080005256
core   0: 0x0000000080006030 (0x34179073) csrrw   zero, mepc, a5
core   0: 3 0x0000000080006030 (0x34179073) c833_mepc 0x0000000080005256
core   0: 0x0000000080006034 (0x30200073) mret
core   0: 3 0x0000000080006034 (0x30200073) c768_mstatus 0x8000000a00106080
core   0: 0x0000000080005256 (0x22802453) fsgnjx.d fs0, ft0, fs0
core   0: 1 0x0000000080005256 (0x22802453) f8  0x0000000000000000
core   0: 0x000000008000525a (0x40300c3b) subw    s8, zero, gp
core   0: 1 0x000000008000525a (0x40300c3b) x24 0xffffffffbb4ea000
core   0: 0x000000008000525e (0x4b777dcf) fnmadd.d fs11, fa4, fs7, fs1
core   0: 1 0x000000008000525e (0x4b777dcf) f27 0x7ff8000000000000
core   0: 0x0000000080005262 (0x4007da3b) sraw    s4, a5, zero
core   0: 1 0x0000000080005262 (0x4007da3b) x20 0xffffffff80005256
core   0: 0x0000000080005266 (0x027eca33) div     s4, t4, t2
core   0: 1 0x0000000080005266 (0x027eca33) x20 0xffffffffffffffff
core   0: 0x000000008000526a (0xc0347653) fcvt.lu.s a2, fs0
core   0: 1 0x000000008000526a (0xc0347653) c1_fflags 0x0000000000000011 x12 0xffffffffffffffff
core   0: 0x000000008000526e (0xfffb0d13) addi    s10, s6, -1
core   0: 1 0x000000008000526e (0xfffb0d13) x26 0xffffffffffffffff
core   0: 0x0000000080005272 (0x00000001) c.nop
core   0: 1 0x0000000080005272 (0x0001)
core   0: 0x0000000080005274 (0xd021ffd3) fcvt.s.l ft11, gp
core   0: 1 0x0000000080005274 (0xd021ffd3) f31 0xffffffff4e8962c0
core   0: 0x0000000080005278 (0xc03ffb53) fcvt.lu.s s6, ft11
core   0: 1 0x0000000080005278 (0xc03ffb53) x22 0x0000000044b16000
core   0: 0x000000008000527c (0x0bb07ed3) fsub.d  ft9, ft0, fs11
core   0: 1 0x000000008000527c (0x0bb07ed3) f29 0x7ff8000000000000
core   0: 0x0000000080005280 (0x419b0e33) sub     t3, s6, s9
core   0: 1 0x0000000080005280 (0x419b0e33) x28 0x0000000044b16000
core   0: 0x0000000080005284 (0xf8a020b7) lui     ra, 0xf8a02
core   0: 1 0x0000000080005284 (0xf8a020b7) x1  0xfffffffff8a02000
core   0: 0x0000000080005288 (0x1ef0809b) addiw   ra, ra, 495
core   0: 1 0x0000000080005288 (0x1ef0809b) x1  0xfffffffff8a021ef
core   0: 0x000000008000528c (0x000000b2) c.slli  ra, 12
core   0: 1 0x000000008000528c (0x00b2) x1  0xffffff8a021ef000
core   0: 0x000000008000528e (0x72708093) addi    ra, ra, 1831
core   0: 1 0x000000008000528e (0x72708093) x1  0xffffff8a021ef727
core   0: 0x0000000080005292 (0x010d8933) add     s2, s11, a6
core   0: 1 0x0000000080005292 (0x010d8933) x18 0xe3bfffffffffffff
core   0: 0x0000000080005296 (0x036e0b33) mul     s6, t3, s6
core   0: 1 0x0000000080005296 (0x036e0b33) x22 0x126eb5e5e4000000
core   0: 0x000000008000529a (0x6006c517) auipc   a0, 0x6006c
core   0: 1 0x000000008000529a (0x6006c517) x10 0x00000000e007129a
core   0: 0x000000008000529e (0x0061d1b3) srl     gp, gp, t1
core   0: 1 0x000000008000529e (0x0061d1b3) x3  0x0000000000000000
core   0: 0x00000000800052a2 (0x67818a93) addi    s5, gp, 1656
core   0: 1 0x00000000800052a2 (0x67818a93) x21 0x0000000000000678
core   0: 0x00000000800052a6 (0x0050d11b) srliw   sp, ra, 5
core   0: 1 0x00000000800052a6 (0x0050d11b) x2  0x000000000010f7b9
core   0: 0x00000000800052aa (0x02212033) mulhsu  zero, sp, sp
core   0: 1 0x00000000800052aa (0x02212033)
core   0: 0x00000000800052ae (0x038d4c33) div     s8, s10, s8
core   0: 1 0x00000000800052ae (0x038d4c33) x24 0x0000000000000000
core   0: 0x00000000800052b2 (0x00131773) csrrw   a4, fflags, t1
core   0: 1 0x00000000800052b2 (0x00131773) x14 0x0000000000000011 c1_fflags 0x0000000000000009
core   0: 0x00000000800052b6 (0x036653b3) divu    t2, a2, s6
core   0: 1 0x00000000800052b6 (0x036653b3) x7  0x000000000000000d
core   0: 0x00000000800052ba (0xc22cf0d3) fcvt.l.d ra, fs9
core   0: 1 0x00000000800052ba (0xc22cf0d3) x1  0x0000000000000000
core   0: 0x00000000800052be (0x10006973) csrrsi  s2, sstatus, 0
core   0: 1 0x00000000800052be (0x10006973) x18 0x8000000200006000
core   0: 0x00000000800052c2 (0x0273873b) mulw    a4, t2, t2
core   0: 1 0x00000000800052c2 (0x0273873b) x14 0x00000000000000a9
core   0: 0x00000000800052c6 (0xd2060ed3) fcvt.d.w ft9, a2
core   0: 1 0x00000000800052c6 (0xd2060ed3) f29 0xbff0000000000000
core   0: 0x00000000800052ca (0x8009899b) addiw   s3, s3, -2048
core   0: 1 0x00000000800052ca (0x8009899b) x19 0xfffffffffffff800
core   0: 0x00000000800052ce (0x00185813) srli    a6, a6, 1
core   0: 1 0x00000000800052ce (0x00185813) x16 0x7fffffffffffffff
core   0: 0x00000000800052d2 (0xc02077d3) fcvt.l.s a5, ft0
core   0: 1 0x00000000800052d2 (0xc02077d3) c1_fflags 0x0000000000000019 x15 0x7fffffffffffffff
core   0: 0x00000000800052d6 (0x01bbecb3) or      s9, s7, s11
core   0: 1 0x00000000800052d6 (0x01bbecb3) x25 0xe3c00000c0029673
core   0: 0x00000000800052da (0x0393c333) div     t1, t2, s9
core   0: 1 0x00000000800052da (0x0393c333) x6  0x0000000000000000
core   0: 0x00000000800052de (0x03080ebb) mulw    t4, a6, a6
core   0: 1 0x00000000800052de (0x03080ebb) x29 0x0000000000000001
core   0: 0x00000000800052e2 (0x001c7a93) andi    s5, s8, 1
core   0: 1 0x00000000800052e2 (0x001c7a93) x21 0x0000000000000000
core   0: 0x00000000800052e6 (0x420c0b53) fcvt.d.s fs6, fs8
core   0: 1 0x00000000800052e6 (0x420c0b53) f22 0x7ff8000000000000
core   0: 0x00000000800052ea (0x03b77d3b) remuw   s10, a4, s11
core   0: 1 0x00000000800052ea (0x03b77d3b) x26 0x00000000000000a9
core   0: 0x00000000800052ee (0x00d9913b) sllw    sp, s3, a3
core   0: 1 0x00000000800052ee (0x00d9913b) x2  0xfffffffffffff800
core   0: 0x00000000800052f2 (0x32fc3e37) lui     t3, 0x32fc3
core   0: 1 0x00000000800052f2 (0x32fc3e37) x28 0x0000000032fc3000
core   0: 0x00000000800052f6 (0x01d11d9b) slliw   s11, sp, 29
core   0: 1 0x00000000800052f6 (0x01d11d9b) x27 0x0000000000000000
core   0: 0x00000000800052fa (0xa219091b) addiw   s2, s2, -1503
core   0: 1 0x00000000800052fa (0xa219091b) x18 0x0000000000005a21
core   0: 0x00000000800052fe (0xbbde75cf) fnmadd.d fa1, ft8, ft9, fs7
core   0: 1 0x00000000800052fe (0xbbde75cf) f11 0x7ff8000000000000
core   0: 0x0000000080005302 (0x00895433) srl     s0, s2, s0
core   0: 1 0x0000000080005302 (0x00895433) x8  0x0000000000005a21
core   0: 0x0000000080005306 (0x5a04ff53) fsqrt.d ft10, fs1
core   0: 1 0x0000000080005306 (0x5a04ff53) f30 0x7ff8000000000000
core   0: 0x000000008000530a (0x420f0b53) fcvt.d.s fs6, ft10
core   0: 1 0x000000008000530a (0x420f0b53) f22 0x7ff8000000000000
core   0: 0x000000008000530e (0xa36984d3) fle.d   s1, fs3, fs6
core   0: 1 0x000000008000530e (0xa36984d3) c1_fflags 0x0000000000000019 x9  0x0000000000000000
core   0: 0x0000000080005312 (0x0178d8b3) srl     a7, a7, s7
core   0: 1 0x0000000080005312 (0x0178d8b3) x17 0x0000000000000000
core   0: 0x0000000080005316 (0x40855e33) sra     t3, a0, s0
core   0: 1 0x0000000080005316 (0x40855e33) x28 0x0000000000000000
core   0: 0x000000008000531a (0x029abd33) mulhu   s10, s5, s1
core   0: 1 0x000000008000531a (0x029abd33) x26 0x0000000000000000
core   0: 0x000000008000531e (0x0ff0000f) fence   iorw,iorw
core   0: 1 0x000000008000531e (0x0ff0000f)
core   0: 0x0000000080005322 (0x235a9153) fsgnjn.d ft2, fs5, fs5
core   0: 1 0x0000000080005322 (0x235a9153) f2  0xc3f000000006c3a9
core   0: 0x0000000080005326 (0xc237f653) fcvt.lu.d a2, fa5
core   0: 1 0x0000000080005326 (0xc237f653) c1_fflags 0x0000000000000019 x12 0xffffffffffffffff
core   0: 0x000000008000532a (0x00c4893b) addw    s2, s1, a2
core   0: 1 0x000000008000532a (0x00c4893b) x18 0xffffffffffffffff
core   0: 0x000000008000532e (0xbd5b9d97) auipc   s11, 0xbd5b9
core   0: 1 0x000000008000532e (0xbd5b9d97) x27 0x000000003d5be32e
core   0: 0x0000000080005332 (0x92faf94b) fnmsub.d fs2, fs5, fa5, fs2
core   0: 1 0x0000000080005332 (0x92faf94b) f18 0x7ff8000000000000
core   0: 0x0000000080005336 (0x229481d3) fsgnj.d ft3, fs1, fs1
core   0: 1 0x0000000080005336 (0x229481d3) f3  0x7ff8000000000000
core   0: 0x000000008000533a (0xb84697b7) lui     a5, 0xb8469
core   0: 1 0x000000008000533a (0xb84697b7) x15 0xffffffffb8469000
core   0: 0x000000008000533e (0xc06be073) csrrsi  zero, hpmcounter6, 23
core   0: exception trap_illegal_instruction, epc 0x000000008000533e
core   0:           tval 0x00000000c06be073
core   0: >>>>  $xrv64i2p1_m2p0_a2p1_f2p2_d2p2_zicsr2p0_zifencei2p0_zmmul1p0_zba1p0_zbb1p0_zbc1p0_zbs1p0
core   0: 0x0000000080004000 (0x0080006f) j       pc + 0x8
core   0: 3 0x0000000080004000 (0x0080006f)
core   0: >>>>  mmode_exception_handler
core   0: 0x0000000080004008 (0x00002c17) auipc   s8, 0x2
core   0: 3 0x0000000080004008 (0x00002c17) x24 0x0000000080006008
core   0: 0x000000008000400c (0xff2c0c13) addi    s8, s8, -14
core   0: 3 0x000000008000400c (0xff2c0c13) x24 0x0000000080005ffa
core   0: 0x0000000080004010 (0x000c00e7) jalr    s8
core   0: 3 0x0000000080004010 (0x000c00e7) x1  0x0000000080004014
core   0: >>>>  any_handler
core   0: 0x0000000080005ffa (0x341027f3) csrrs   a5, mepc, zero
core   0: 3 0x0000000080005ffa (0x341027f3) x15 0x000000008000533e
core   0: 0x0000000080005ffe (0x34202773) csrrs   a4, mcause, zero
core   0: 3 0x0000000080005ffe (0x34202773) x14 0x0000000000000002
core   0: 0x0000000080006002 (0x142026f3) csrrs   a3, scause, zero
core   0: 3 0x0000000080006002 (0x142026f3) x13 0x0000000000000000
core   0: 0x0000000080006006 (0x30402673) csrrs   a2, mie, zero
core   0: 3 0x0000000080006006 (0x30402673) x12 0x0000000000000a00
core   0: 0x000000008000600a (0x344025f3) csrrs   a1, mip, zero
core   0: 3 0x000000008000600a (0x344025f3) x11 0x0000000000000080
core   0: 0x000000008000600e (0x343025f3) csrrs   a1, mtval, zero
core   0: 3 0x000000008000600e (0x343025f3) x11 0x00000000c06be073
core   0: 0x0000000080006012 (0x14302573) csrrs   a0, stval, zero
core   0: 3 0x0000000080006012 (0x14302573) x10 0xffffffb3064aa5e0
core   0: 0x0000000080006016 (0xb02024f3) csrrs   s1, minstret, zero
core   0: 3 0x0000000080006016 (0xb02024f3) x9  0x0000000000000e04
core   0: 0x000000008000601a (0x0000a811) c.j     pc + 20
core   0: 3 0x000000008000601a (0xa811)
core   0: >>>>  mepc_4
core   0: 0x000000008000602e (0x00000791) c.addi  a5, 4
core   0: 3 0x000000008000602e (0x0791) x15 0x0000000080005342
core   0: 0x0000000080006030 (0x34179073) csrrw   zero, mepc, a5
core   0: 3 0x0000000080006030 (0x34179073) c833_mepc 0x0000000080005342
core   0: 0x0000000080006034 (0x30200073) mret
core   0: 3 0x0000000080006034 (0x30200073) c768_mstatus 0x8000000a00106080
core   0: 0x0000000080005342 (0x01a55793) srli    a5, a0, 26
core   0: 1 0x0000000080005342 (0x01a55793) x15 0x0000003fffffecc1
core   0: 0x0000000080005346 (0x23910753) fsgnj.d fa4, ft2, fs9
core   0: 1 0x0000000080005346 (0x23910753) f14 0x43f000000006c3a9
core   0: 0x000000008000534a (0x9ea08513) addi    a0, ra, -1558
core   0: 1 0x000000008000534a (0x9ea08513) x10 0x00000000800039fe
core   0: 0x000000008000534e (0xc0217b53) fcvt.l.s s6, ft2
core   0: 1 0x000000008000534e (0xc0217b53) c1_fflags 0x0000000000000019 x22 0x7fffffffffffffff
core   0: 0x0000000080005352 (0xfff84093) not     ra, a6
core   0: 1 0x0000000080005352 (0xfff84093) x1  0x8000000000000000
core   0: 0x0000000080005356 (0x017b1b33) sll     s6, s6, s7
core   0: 1 0x0000000080005356 (0x017b1b33) x22 0xfff8000000000000
core   0: 0x000000008000535a (0x000d8d1b) sext.w  s10, s11
core   0: 1 0x000000008000535a (0x000d8d1b) x26 0x000000003d5be32e
core   0: 0x000000008000535e (0x0019c7b3) xor     a5, s3, ra
core   0: 1 0x000000008000535e (0x0019c7b3) x15 0x7ffffffffffff800
core   0: 0x0000000080005362 (0x027483bb) mulw    t2, s1, t2
core   0: 1 0x0000000080005362 (0x027483bb) x7  0x000000000000b634
core   0: 0x0000000080005366 (0x4073d9bb) sraw    s3, t2, t2
core   0: 1 0x0000000080005366 (0x4073d9bb) x19 0x0000000000000000
core   0: 0x000000008000536a (0x41ad0ebb) subw    t4, s10, s10
core   0: 1 0x000000008000536a (0x41ad0ebb) x29 0x0000000000000000
core   0: 0x000000008000536e (0x408452bb) sraw    t0, s0, s0
core   0: 1 0x000000008000536e (0x408452bb) x5  0x0000000000002d10
core   0: 0x0000000080005372 (0x42144c93) xori    s9, s0, 1057
core   0: 1 0x0000000080005372 (0x42144c93) x25 0x0000000000005e00
core   0: 0x0000000080005376 (0xff557e37) lui     t3, 0xff557
core   0: 1 0x0000000080005376 (0xff557e37) x28 0xffffffffff557000
core   0: 0x000000008000537a (0x911e0e1b) addiw   t3, t3, -1775
core   0: 1 0x000000008000537a (0x911e0e1b) x28 0xffffffffff556911
core   0: 0x000000008000537e (0x00000e3e) c.slli  t3, 15
core   0: 1 0x000000008000537e (0x0e3e) x28 0xffffffaab4888000
core   0: 0x0000000080005380 (0xf6ae0e13) addi    t3, t3, -150
core   0: 1 0x0000000080005380 (0xf6ae0e13) x28 0xffffffaab4887f6a
core   0: 0x0000000080005384 (0xc8012873) csrrs   a6, cycleh, sp
core   0: exception trap_illegal_instruction, epc 0x0000000080005384
core   0:           tval 0x00000000c8012873
core   0: >>>>  $xrv64i2p1_m2p0_a2p1_f2p2_d2p2_zicsr2p0_zifencei2p0_zmmul1p0_zba1p0_zbb1p0_zbc1p0_zbs1p0
core   0: 0x0000000080004000 (0x0080006f) j       pc + 0x8
core   0: 3 0x0000000080004000 (0x0080006f)
core   0: >>>>  mmode_exception_handler
core   0: 0x0000000080004008 (0x00002c17) auipc   s8, 0x2
core   0: 3 0x0000000080004008 (0x00002c17) x24 0x0000000080006008
core   0: 0x000000008000400c (0xff2c0c13) addi    s8, s8, -14
core   0: 3 0x000000008000400c (0xff2c0c13) x24 0x0000000080005ffa
core   0: 0x0000000080004010 (0x000c00e7) jalr    s8
core   0: 3 0x0000000080004010 (0x000c00e7) x1  0x0000000080004014
core   0: >>>>  any_handler
core   0: 0x0000000080005ffa (0x341027f3) csrrs   a5, mepc, zero
core   0: 3 0x0000000080005ffa (0x341027f3) x15 0x0000000080005384
core   0: 0x0000000080005ffe (0x34202773) csrrs   a4, mcause, zero
core   0: 3 0x0000000080005ffe (0x34202773) x14 0x0000000000000002
core   0: 0x0000000080006002 (0x142026f3) csrrs   a3, scause, zero
core   0: 3 0x0000000080006002 (0x142026f3) x13 0x0000000000000000
core   0: 0x0000000080006006 (0x30402673) csrrs   a2, mie, zero
core   0: 3 0x0000000080006006 (0x30402673) x12 0x0000000000000a00
core   0: 0x000000008000600a (0x344025f3) csrrs   a1, mip, zero
core   0: 3 0x000000008000600a (0x344025f3) x11 0x0000000000000080
core   0: 0x000000008000600e (0x343025f3) csrrs   a1, mtval, zero
core   0: 3 0x000000008000600e (0x343025f3) x11 0x00000000c8012873
core   0: 0x0000000080006012 (0x14302573) csrrs   a0, stval, zero
core   0: 3 0x0000000080006012 (0x14302573) x10 0xffffffb3064aa5e0
core   0: 0x0000000080006016 (0xb02024f3) csrrs   s1, minstret, zero
core   0: 3 0x0000000080006016 (0xb02024f3) x9  0x0000000000000e25
core   0: 0x000000008000601a (0x0000a811) c.j     pc + 20
core   0: 3 0x000000008000601a (0xa811)
core   0: >>>>  mepc_4
core   0: 0x000000008000602e (0x00000791) c.addi  a5, 4
core   0: 3 0x000000008000602e (0x0791) x15 0x0000000080005388
core   0: 0x0000000080006030 (0x34179073) csrrw   zero, mepc, a5
core   0: 3 0x0000000080006030 (0x34179073) c833_mepc 0x0000000080005388
core   0: 0x0000000080006034 (0x30200073) mret
core   0: 3 0x0000000080006034 (0x30200073) c768_mstatus 0x8000000a00106080
core   0: 0x0000000080005388 (0xc2317953) fcvt.lu.d s2, ft2
core   0: 1 0x0000000080005388 (0xc2317953) c1_fflags 0x0000000000000019 x18 0x0000000000000000
core   0: 0x000000008000538c (0x7d8b8bb7) lui     s7, 0x7d8b8
core   0: 1 0x000000008000538c (0x7d8b8bb7) x23 0x000000007d8b8000
core   0: 0x0000000080005390 (0xf20b84d3) fmv.d.x fs1, s7
core   0: 1 0x0000000080005390 (0xf20b84d3) f9  0x000000007d8b8000
core   0: 0x0000000080005394 (0x00202073) csrrs   zero, frm, zero
core   0: 1 0x0000000080005394 (0x00202073)
core   0: 0x0000000080005398 (0x41670733) sub     a4, a4, s6
core   0: 1 0x0000000080005398 (0x41670733) x14 0x0008000000000002
core   0: 0x000000008000539c (0x028898b3) mulh    a7, a7, s0
core   0: 1 0x000000008000539c (0x028898b3) x17 0x0000000000000000
core   0: 0x00000000800053a0 (0xd228f053) fcvt.d.l ft0, a7
core   0: 1 0x00000000800053a0 (0xd228f053) f0  0x0000000000000000
core   0: 0x00000000800053a4 (0x42028e53) fcvt.d.s ft8, ft5
core   0: 1 0x00000000800053a4 (0x42028e53) f28 0x7ff8000000000000
core   0: 0x00000000800053a8 (0x0188dc3b) srlw    s8, a7, s8
core   0: 1 0x00000000800053a8 (0x0188dc3b) x24 0x0000000000000000
core   0: 0x00000000800053ac (0xe20e86d3) fmv.x.d a3, ft9
core   0: 1 0x00000000800053ac (0xe20e86d3) x13 0xbff0000000000000
core   0: 0x00000000800053b0 (0xa8e24213) xori    tp, tp, -1394
core   0: 1 0x00000000800053b0 (0xa8e24213) x4  0x000000007fffa574
core   0: 0x00000000800053b4 (0x00025abb) srlw    s5, tp, zero
core   0: 1 0x00000000800053b4 (0x00025abb) x21 0x000000007fffa574
core   0: 0x00000000800053b8 (0x00009bb2) c.add   s7, a2
core   0: 1 0x00000000800053b8 (0x9bb2) x23 0x000000007d8b8a00
core   0: 0x00000000800053ba (0x0026521b) srliw   tp, a2, 2
core   0: 1 0x00000000800053ba (0x0026521b) x4  0x0000000000000280
core   0: 0x00000000800053be (0x23a698d3) fsgnjn.d fa7, fa3, fs10
core   0: 1 0x00000000800053be (0x23a698d3) f17 0x40985c0000000000
core   0: 0x00000000800053c2 (0x7b057af3) csrrci  s5, dcsr, 10
core   0: exception trap_illegal_instruction, epc 0x00000000800053c2
core   0:           tval 0x000000007b057af3
core   0: >>>>  $xrv64i2p1_m2p0_a2p1_f2p2_d2p2_zicsr2p0_zifencei2p0_zmmul1p0_zba1p0_zbb1p0_zbc1p0_zbs1p0
core   0: 0x0000000080004000 (0x0080006f) j       pc + 0x8
core   0: 3 0x0000000080004000 (0x0080006f)
core   0: >>>>  mmode_exception_handler
core   0: 0x0000000080004008 (0x00002c17) auipc   s8, 0x2
core   0: 3 0x0000000080004008 (0x00002c17) x24 0x0000000080006008
core   0: 0x000000008000400c (0xff2c0c13) addi    s8, s8, -14
core   0: 3 0x000000008000400c (0xff2c0c13) x24 0x0000000080005ffa
core   0: 0x0000000080004010 (0x000c00e7) jalr    s8
core   0: 3 0x0000000080004010 (0x000c00e7) x1  0x0000000080004014
core   0: >>>>  any_handler
core   0: 0x0000000080005ffa (0x341027f3) csrrs   a5, mepc, zero
core   0: 3 0x0000000080005ffa (0x341027f3) x15 0x00000000800053c2
core   0: 0x0000000080005ffe (0x34202773) csrrs   a4, mcause, zero
core   0: 3 0x0000000080005ffe (0x34202773) x14 0x0000000000000002
core   0: 0x0000000080006002 (0x142026f3) csrrs   a3, scause, zero
core   0: 3 0x0000000080006002 (0x142026f3) x13 0x0000000000000000
core   0: 0x0000000080006006 (0x30402673) csrrs   a2, mie, zero
core   0: 3 0x0000000080006006 (0x30402673) x12 0x0000000000000a00
core   0: 0x000000008000600a (0x344025f3) csrrs   a1, mip, zero
core   0: 3 0x000000008000600a (0x344025f3) x11 0x0000000000000080
core   0: 0x000000008000600e (0x343025f3) csrrs   a1, mtval, zero
core   0: 3 0x000000008000600e (0x343025f3) x11 0x000000007b057af3
core   0: 0x0000000080006012 (0x14302573) csrrs   a0, stval, zero
core   0: 3 0x0000000080006012 (0x14302573) x10 0xffffffb3064aa5e0
core   0: 0x0000000080006016 (0xb02024f3) csrrs   s1, minstret, zero
core   0: 3 0x0000000080006016 (0xb02024f3) x9  0x0000000000000e44
core   0: 0x000000008000601a (0x0000a811) c.j     pc + 20
core   0: 3 0x000000008000601a (0xa811)
core   0: >>>>  mepc_4
core   0: 0x000000008000602e (0x00000791) c.addi  a5, 4
core   0: 3 0x000000008000602e (0x0791) x15 0x00000000800053c6
core   0: 0x0000000080006030 (0x34179073) csrrw   zero, mepc, a5
core   0: 3 0x0000000080006030 (0x34179073) c833_mepc 0x00000000800053c6
core   0: 0x0000000080006034 (0x30200073) mret
core   0: 3 0x0000000080006034 (0x30200073) c768_mstatus 0x8000000a00106080
core   0: 0x00000000800053c6 (0xf2020253) fmv.d.x ft4, tp
core   0: 1 0x00000000800053c6 (0xf2020253) f4  0x0000000000000280
core   0: 0x00000000800053ca (0x401a86bb) subw    a3, s5, ra
core   0: 1 0x00000000800053ca (0x401a86bb) x13 0xffffffffffff6560
core   0: 0x00000000800053ce (0xca9ffccb) fnmsub.d fs9, ft11, fs1, fs9
core   0: 1 0x00000000800053ce (0xca9ffccb) f25 0x7ff8000000000000
core   0: 0x00000000800053d2 (0x0250c33b) divw    t1, ra, t0
core   0: 1 0x00000000800053d2 (0x0250c33b) x6  0xfffffffffffd28d7
core   0: 0x00000000800053d6 (0xd2168753) fcvt.d.wu fa4, a3
core   0: 1 0x00000000800053d6 (0xd2168753) f14 0x41efffecac000000
core   0: 0x00000000800053da (0x02a36e3b) remw    t3, t1, a0
core   0: 1 0x00000000800053da (0x02a36e3b) x28 0xfffffffffffd28d7
core   0: 0x00000000800053de (0x449e0d93) addi    s11, t3, 1097
core   0: 1 0x00000000800053de (0x449e0d93) x27 0xfffffffffffd2d20
core   0: 0x00000000800053e2 (0x1a8e72d3) fdiv.d  ft5, ft8, fs0
core   0: 1 0x00000000800053e2 (0x1a8e72d3) f5  0x7ff8000000000000
core   0: 0x00000000800053e6 (0x412903b3) sub     t2, s2, s2
core   0: 1 0x00000000800053e6 (0x412903b3) x7  0x0000000000000000
core   0: 0x00000000800053ea (0x67e3f313) andi    t1, t2, 1662
core   0: 1 0x00000000800053ea (0x67e3f313) x6  0x0000000000000000
core   0: 0x00000000800053ee (0xe20b0953) fmv.x.d s2, fs6
core   0: 1 0x00000000800053ee (0xe20b0953) x18 0x7ff8000000000000
core   0: 0x00000000800053f2 (0x1207f9d3) fmul.d  fs3, fa5, ft0
core   0: 1 0x00000000800053f2 (0x1207f9d3) f19 0x7ff8000000000000
core   0: 0x00000000800053f6 (0xb3d21397) auipc   t2, 0xb3d21
core   0: 1 0x00000000800053f6 (0xb3d21397) x7  0x0000000033d263f6
core   0: 0x00000000800053fa (0x0017821b) addiw   tp, a5, 1
core   0: 1 0x00000000800053fa (0x0017821b) x4  0xffffffff800053c7
core   0: 0x00000000800053fe (0x4018f7d3) fcvt.s.d fa5, fa7
core   0: 1 0x00000000800053fe (0x4018f7d3) f15 0xffffffff44c2e000
core   0: 0x0000000080005402 (0x007e29b3) slt     s3, t3, t2
core   0: 1 0x0000000080005402 (0x007e29b3) x19 0x0000000000000001
core   0: 0x0000000080005406 (0x0106b5b3) sltu    a1, a3, a6
core   0: 1 0x0000000080005406 (0x0106b5b3) x11 0x0000000000000000
core   0: 0x000000008000540a (0x00a847b3) xor     a5, a6, a0
core   0: 1 0x000000008000540a (0x00a847b3) x15 0x8000004cf9b55a1f
core   0: 0x000000008000540e (0x03d2be33) mulhu   t3, t0, t4
core   0: 1 0x000000008000540e (0x03d2be33) x28 0x0000000000000000
core   0: 0x0000000080005412 (0x417bdcb3) sra     s9, s7, s7
core   0: 1 0x0000000080005412 (0x417bdcb3) x25 0x000000007d8b8a00
core   0: 0x0000000080005416 (0x02b7fdd3) fadd.d  fs11, fa5, fa1
core   0: 1 0x0000000080005416 (0x02b7fdd3) f27 0x7ff8000000000000
core   0: 0x000000008000541a (0x01de9a3b) sllw    s4, t4, t4
core   0: 1 0x000000008000541a (0x01de9a3b) x20 0x0000000000000000
core   0: 0x000000008000541e (0x03cc5613) srli    a2, s8, 60
core   0: 1 0x000000008000541e (0x03cc5613) x12 0x0000000000000000
core   0: 0x0000000080005422 (0x50160213) addi    tp, a2, 1281
core   0: 1 0x0000000080005422 (0x50160213) x4  0x0000000000000501
core   0: 0x0000000080005426 (0xd2028453) fcvt.d.w fs0, t0
core   0: 1 0x0000000080005426 (0xd2028453) f8  0x40c6880000000000
core   0: 0x000000008000542a (0x077ea137) lui     sp, 0x77ea
core   0: 1 0x000000008000542a (0x077ea137) x2  0x00000000077ea000
core   0: 0x000000008000542e (0xde11011b) addiw   sp, sp, -543
core   0: 1 0x000000008000542e (0xde11011b) x2  0x00000000077e9de1
core   0: 0x0000000080005432 (0x00000132) c.slli  sp, 12
core   0: 1 0x0000000080005432 (0x0132) x2  0x00000077e9de1000
core   0: 0x0000000080005434 (0x4b910113) addi    sp, sp, 1209
core   0: 1 0x0000000080005434 (0x4b910113) x2  0x00000077e9de14b9
core   0: 0x0000000080005438 (0xe0b74413) xori    s0, a4, -501
core   0: 1 0x0000000080005438 (0xe0b74413) x8  0xfffffffffffffe09
core   0: 0x000000008000543c (0x0ff0000f) fence   iorw,iorw
core   0: 1 0x000000008000543c (0x0ff0000f)
core   0: 0x0000000080005440 (0x2a8282d3) fmin.d  ft5, ft5, fs0
core   0: 1 0x0000000080005440 (0x2a8282d3) f5  0x40c6880000000000
core   0: 0x0000000080005444 (0x005bd23b) srlw    tp, s7, t0
core   0: 1 0x0000000080005444 (0x005bd23b) x4  0x0000000000007d8b
core   0: 0x0000000080005448 (0x00fd6b33) or      s6, s10, a5
core   0: 1 0x0000000080005448 (0x00fd6b33) x22 0x8000004cfdfffb3f
core   0: 0x000000008000544c (0x03623633) mulhu   a2, tp, s6
core   0: 1 0x000000008000544c (0x03623633) x12 0x0000000000003ec5
core   0: 0x0000000080005450 (0x0213f833) remu    a6, t2, ra
core   0: 1 0x0000000080005450 (0x0213f833) x16 0x0000000033d263f6
core   0: 0x0000000080005454 (0xc03bf953) fcvt.lu.s s2, fs7
core   0: 1 0x0000000080005454 (0xc03bf953) c1_fflags 0x0000000000000019 x18 0xffffffffffffffff
core   0: 0x0000000080005458 (0x5a09fdd3) fsqrt.d fs11, fs3
core   0: 1 0x0000000080005458 (0x5a09fdd3) f27 0x7ff8000000000000
core   0: 0x000000008000545c (0x02aa1033) mulh    zero, s4, a0
core   0: 1 0x000000008000545c (0x02aa1033)
core   0: 0x0000000080005460 (0x0301013b) mulw    sp, sp, a6
core   0: 1 0x0000000080005460 (0x0301013b) x2  0x00000000782d74c6
core   0: 0x0000000080005464 (0xb8cb0c9b) addiw   s9, s6, -1140
core   0: 1 0x0000000080005464 (0xb8cb0c9b) x25 0xfffffffffdfff6cb
core   0: 0x0000000080005468 (0x2af49353) fmax.d  ft6, fs1, fa5
core   0: 1 0x0000000080005468 (0x2af49353) f6  0x000000007d8b8000
core   0: 0x000000008000546c (0x023aa9b3) mulhsu  s3, s5, gp
core   0: 1 0x000000008000546c (0x023aa9b3) x19 0x0000000000000000
core   0: 0x0000000080005470 (0x5a027853) fsqrt.d fa6, ft4
core   0: 1 0x0000000080005470 (0x5a027853) c1_fflags 0x0000000000000019 f16 0x1ea94c583ada5b53
core   0: 0x0000000080005474 (0x4172d53b) sraw    a0, t0, s7
core   0: 1 0x0000000080005474 (0x4172d53b) x10 0x0000000000002d10
core   0: 0x0000000080005478 (0x2ac31353) fmax.d  ft6, ft6, fa2
core   0: 1 0x0000000080005478 (0x2ac31353) f6  0x000000007d8b8000
core   0: 0x000000008000547c (0x01757233) and     tp, a0, s7
core   0: 1 0x000000008000547c (0x01757233) x4  0x0000000000000800
core   0: 0x0000000080005480 (0x3200daf3) csrrwi  s5, mcountinhibit, 1
core   0: exception trap_illegal_instruction, epc 0x0000000080005480
core   0:           tval 0x000000003200daf3
core   0: >>>>  $xrv64i2p1_m2p0_a2p1_f2p2_d2p2_zicsr2p0_zifencei2p0_zmmul1p0_zba1p0_zbb1p0_zbc1p0_zbs1p0
core   0: 0x0000000080004000 (0x0080006f) j       pc + 0x8
core   0: 3 0x0000000080004000 (0x0080006f)
core   0: >>>>  mmode_exception_handler
core   0: 0x0000000080004008 (0x00002c17) auipc   s8, 0x2
core   0: 3 0x0000000080004008 (0x00002c17) x24 0x0000000080006008
core   0: 0x000000008000400c (0xff2c0c13) addi    s8, s8, -14
core   0: 3 0x000000008000400c (0xff2c0c13) x24 0x0000000080005ffa
core   0: 0x0000000080004010 (0x000c00e7) jalr    s8
core   0: 3 0x0000000080004010 (0x000c00e7) x1  0x0000000080004014
core   0: >>>>  any_handler
core   0: 0x0000000080005ffa (0x341027f3) csrrs   a5, mepc, zero
core   0: 3 0x0000000080005ffa (0x341027f3) x15 0x0000000080005480
core   0: 0x0000000080005ffe (0x34202773) csrrs   a4, mcause, zero
core   0: 3 0x0000000080005ffe (0x34202773) x14 0x0000000000000002
core   0: 0x0000000080006002 (0x142026f3) csrrs   a3, scause, zero
core   0: 3 0x0000000080006002 (0x142026f3) x13 0x0000000000000000
core   0: 0x0000000080006006 (0x30402673) csrrs   a2, mie, zero
core   0: 3 0x0000000080006006 (0x30402673) x12 0x0000000000000a00
core   0: 0x000000008000600a (0x344025f3) csrrs   a1, mip, zero
core   0: 3 0x000000008000600a (0x344025f3) x11 0x0000000000000080
core   0: 0x000000008000600e (0x343025f3) csrrs   a1, mtval, zero
core   0: 3 0x000000008000600e (0x343025f3) x11 0x000000003200daf3
core   0: 0x0000000080006012 (0x14302573) csrrs   a0, stval, zero
core   0: 3 0x0000000080006012 (0x14302573) x10 0xffffffb3064aa5e0
core   0: 0x0000000080006016 (0xb02024f3) csrrs   s1, minstret, zero
core   0: 3 0x0000000080006016 (0xb02024f3) x9  0x0000000000000e83
core   0: 0x000000008000601a (0x0000a811) c.j     pc + 20
core   0: 3 0x000000008000601a (0xa811)
core   0: >>>>  mepc_4
core   0: 0x000000008000602e (0x00000791) c.addi  a5, 4
core   0: 3 0x000000008000602e (0x0791) x15 0x0000000080005484
core   0: 0x0000000080006030 (0x34179073) csrrw   zero, mepc, a5
core   0: 3 0x0000000080006030 (0x34179073) c833_mepc 0x0000000080005484
core   0: 0x0000000080006034 (0x30200073) mret
core   0: 3 0x0000000080006034 (0x30200073) c768_mstatus 0x8000000a00106080
core   0: 0x0000000080005484 (0x1a617d53) fdiv.d  fs10, ft2, ft6
core   0: 1 0x0000000080005484 (0x1a617d53) c1_fflags 0x000000000000001d f26 0xfff0000000000000
core   0: 0x0000000080005488 (0xfff1f193) andi    gp, gp, -1
core   0: 1 0x0000000080005488 (0xfff1f193) x3  0x0000000000000000
core   0: 0x000000008000548c (0x0011e213) ori     tp, gp, 1
core   0: 1 0x000000008000548c (0x0011e213) x4  0x0000000000000001
core   0: 0x0000000080005490 (0x000adb93) srli    s7, s5, 0
core   0: 1 0x0000000080005490 (0x000adb93) x23 0x000000007fffa574
core   0: 0x0000000080005494 (0xd20b8ed3) fcvt.d.w ft9, s7
core   0: 1 0x0000000080005494 (0xd20b8ed3) f29 0x41dfffe95d000000
core   0: 0x0000000080005498 (0xe2018153) fmv.x.d sp, ft3
core   0: 1 0x0000000080005498 (0xe2018153) x2  0x7ff8000000000000
core   0: 0x000000008000549c (0xd223ff53) fcvt.d.l ft10, t2
core   0: 1 0x000000008000549c (0xd223ff53) f30 0x41c9e931fb000000
core   0: 0x00000000800054a0 (0xc1ca6a13) ori     s4, s4, -996
core   0: 1 0x00000000800054a0 (0xc1ca6a13) x20 0xfffffffffffffc1c
core   0: 0x00000000800054a4 (0x020227b3) mulhsu  a5, tp, zero
core   0: 1 0x00000000800054a4 (0x020227b3) x15 0x0000000000000000
core   0: 0x00000000800054a8 (0x0010d093) srli    ra, ra, 1
core   0: 1 0x00000000800054a8 (0x0010d093) x1  0x000000004000200a
core   0: 0x00000000800054ac (0x02d596b3) mulh    a3, a1, a3
core   0: 1 0x00000000800054ac (0x02d596b3) x13 0x0000000000000000
core   0: 0x00000000800054b0 (0x40de89b3) sub     s3, t4, a3
core   0: 1 0x00000000800054b0 (0x40de89b3) x19 0x0000000000000000
core   0: 0x00000000800054b4 (0x03d808bb) mulw    a7, a6, t4
core   0: 1 0x00000000800054b4 (0x03d808bb) x17 0x0000000000000000
core   0: 0x00000000800054b8 (0xa30702d3) fle.d   t0, fa4, fa6
core   0: 1 0x00000000800054b8 (0xa30702d3) x5  0x0000000000000000
core   0: 0x00000000800054bc (0xc8107673) csrrci  a2, timeh, 0
core   0: exception trap_illegal_instruction, epc 0x00000000800054bc
core   0:           tval 0x00000000c8107673
core   0: >>>>  $xrv64i2p1_m2p0_a2p1_f2p2_d2p2_zicsr2p0_zifencei2p0_zmmul1p0_zba1p0_zbb1p0_zbc1p0_zbs1p0
core   0: 0x0000000080004000 (0x0080006f) j       pc + 0x8
core   0: 3 0x0000000080004000 (0x0080006f)
core   0: >>>>  mmode_exception_handler
core   0: 0x0000000080004008 (0x00002c17) auipc   s8, 0x2
core   0: 3 0x0000000080004008 (0x00002c17) x24 0x0000000080006008
core   0: 0x000000008000400c (0xff2c0c13) addi    s8, s8, -14
core   0: 3 0x000000008000400c (0xff2c0c13) x24 0x0000000080005ffa
core   0: 0x0000000080004010 (0x000c00e7) jalr    s8
core   0: 3 0x0000000080004010 (0x000c00e7) x1  0x0000000080004014
core   0: >>>>  any_handler
core   0: 0x0000000080005ffa (0x341027f3) csrrs   a5, mepc, zero
core   0: 3 0x0000000080005ffa (0x341027f3) x15 0x00000000800054bc
core   0: 0x0000000080005ffe (0x34202773) csrrs   a4, mcause, zero
core   0: 3 0x0000000080005ffe (0x34202773) x14 0x0000000000000002
core   0: 0x0000000080006002 (0x142026f3) csrrs   a3, scause, zero
core   0: 3 0x0000000080006002 (0x142026f3) x13 0x0000000000000000
core   0: 0x0000000080006006 (0x30402673) csrrs   a2, mie, zero
core   0: 3 0x0000000080006006 (0x30402673) x12 0x0000000000000a00
core   0: 0x000000008000600a (0x344025f3) csrrs   a1, mip, zero
core   0: 3 0x000000008000600a (0x344025f3) x11 0x0000000000000080
core   0: 0x000000008000600e (0x343025f3) csrrs   a1, mtval, zero
core   0: 3 0x000000008000600e (0x343025f3) x11 0x00000000c8107673
core   0: 0x0000000080006012 (0x14302573) csrrs   a0, stval, zero
core   0: 3 0x0000000080006012 (0x14302573) x10 0xffffffb3064aa5e0
core   0: 0x0000000080006016 (0xb02024f3) csrrs   s1, minstret, zero
core   0: 3 0x0000000080006016 (0xb02024f3) x9  0x0000000000000ea1
core   0: 0x000000008000601a (0x0000a811) c.j     pc + 20
core   0: 3 0x000000008000601a (0xa811)
core   0: >>>>  mepc_4
core   0: 0x000000008000602e (0x00000791) c.addi  a5, 4
core   0: 3 0x000000008000602e (0x0791) x15 0x00000000800054c0
core   0: 0x0000000080006030 (0x34179073) csrrw   zero, mepc, a5
core   0: 3 0x0000000080006030 (0x34179073) c833_mepc 0x00000000800054c0
core   0: 0x0000000080006034 (0x30200073) mret
core   0: 3 0x0000000080006034 (0x30200073) c768_mstatus 0x8000000a00106080
core   0: 0x00000000800054c0 (0xdbecf34f) fnmadd.d ft6, fs9, ft10, fs11
core   0: 1 0x00000000800054c0 (0xdbecf34f) f6  0x7ff8000000000000
core   0: 0x00000000800054c4 (0x61a68b17) auipc   s6, 0x61a68
core   0: 1 0x00000000800054c4 (0x61a68b17) x22 0x00000000e1a6d4c4
core   0: 0x00000000800054c8 (0x0000501b) srliw   zero, zero, 0
core   0: 1 0x00000000800054c8 (0x0000501b)
core   0: 0x00000000800054cc (0x011903bb) addw    t2, s2, a7
core   0: 1 0x00000000800054cc (0x011903bb) x7  0xffffffffffffffff
core   0: 0x00000000800054d0 (0xc209fb53) fcvt.w.d s6, fs3
core   0: 1 0x00000000800054d0 (0xc209fb53) c1_fflags 0x000000000000001d x22 0x000000007fffffff
core   0: 0x00000000800054d4 (0x00002c85) c.addiw s9, 1
core   0: 1 0x00000000800054d4 (0x2c85) x25 0xfffffffffdfff6cc
core   0: 0x00000000800054d6 (0x4006541b) sraiw   s0, a2, 0
core   0: 1 0x00000000800054d6 (0x4006541b) x8  0x0000000000000a00
core   0: 0x00000000800054da (0xc0505673) csrrwi  a2, hpmcounter5, 0
core   0: exception trap_illegal_instruction, epc 0x00000000800054da
core   0:           tval 0x00000000c0505673
core   0: >>>>  $xrv64i2p1_m2p0_a2p1_f2p2_d2p2_zicsr2p0_zifencei2p0_zmmul1p0_zba1p0_zbb1p0_zbc1p0_zbs1p0
core   0: 0x0000000080004000 (0x0080006f) j       pc + 0x8
core   0: 3 0x0000000080004000 (0x0080006f)
core   0: >>>>  mmode_exception_handler
core   0: 0x0000000080004008 (0x00002c17) auipc   s8, 0x2
core   0: 3 0x0000000080004008 (0x00002c17) x24 0x0000000080006008
core   0: 0x000000008000400c (0xff2c0c13) addi    s8, s8, -14
core   0: 3 0x000000008000400c (0xff2c0c13) x24 0x0000000080005ffa
core   0: 0x0000000080004010 (0x000c00e7) jalr    s8
core   0: 3 0x0000000080004010 (0x000c00e7) x1  0x0000000080004014
core   0: >>>>  any_handler
core   0: 0x0000000080005ffa (0x341027f3) csrrs   a5, mepc, zero
core   0: 3 0x0000000080005ffa (0x341027f3) x15 0x00000000800054da
core   0: 0x0000000080005ffe (0x34202773) csrrs   a4, mcause, zero
core   0: 3 0x0000000080005ffe (0x34202773) x14 0x0000000000000002
core   0: 0x0000000080006002 (0x142026f3) csrrs   a3, scause, zero
core   0: 3 0x0000000080006002 (0x142026f3) x13 0x0000000000000000
core   0: 0x0000000080006006 (0x30402673) csrrs   a2, mie, zero
core   0: 3 0x0000000080006006 (0x30402673) x12 0x0000000000000a00
core   0: 0x000000008000600a (0x344025f3) csrrs   a1, mip, zero
core   0: 3 0x000000008000600a (0x344025f3) x11 0x0000000000000080
core   0: 0x000000008000600e (0x343025f3) csrrs   a1, mtval, zero
core   0: 3 0x000000008000600e (0x343025f3) x11 0x00000000c0505673
core   0: 0x0000000080006012 (0x14302573) csrrs   a0, stval, zero
core   0: 3 0x0000000080006012 (0x14302573) x10 0xffffffb3064aa5e0
core   0: 0x0000000080006016 (0xb02024f3) csrrs   s1, minstret, zero
core   0: 3 0x0000000080006016 (0xb02024f3) x9  0x0000000000000eb8
core   0: 0x000000008000601a (0x0000a811) c.j     pc + 20
core   0: 3 0x000000008000601a (0xa811)
core   0: >>>>  mepc_4
core   0: 0x000000008000602e (0x00000791) c.addi  a5, 4
core   0: 3 0x000000008000602e (0x0791) x15 0x00000000800054de
core   0: 0x0000000080006030 (0x34179073) csrrw   zero, mepc, a5
core   0: 3 0x0000000080006030 (0x34179073) c833_mepc 0x00000000800054de
core   0: 0x0000000080006034 (0x30200073) mret
core   0: 3 0x0000000080006034 (0x30200073) c768_mstatus 0x8000000a00106080
core   0: 0x00000000800054de (0xc02631f3) csrrc   gp, instret, a2
core   0: exception trap_illegal_instruction, epc 0x00000000800054de
core   0:           tval 0x00000000c02631f3
core   0: >>>>  $xrv64i2p1_m2p0_a2p1_f2p2_d2p2_zicsr2p0_zifencei2p0_zmmul1p0_zba1p0_zbb1p0_zbc1p0_zbs1p0
core   0: 0x0000000080004000 (0x0080006f) j       pc + 0x8
core   0: 3 0x0000000080004000 (0x0080006f)
core   0: >>>>  mmode_exception_handler
core   0: 0x0000000080004008 (0x00002c17) auipc   s8, 0x2
core   0: 3 0x0000000080004008 (0x00002c17) x24 0x0000000080006008
core   0: 0x000000008000400c (0xff2c0c13) addi    s8, s8, -14
core   0: 3 0x000000008000400c (0xff2c0c13) x24 0x0000000080005ffa
core   0: 0x0000000080004010 (0x000c00e7) jalr    s8
core   0: 3 0x0000000080004010 (0x000c00e7) x1  0x0000000080004014
core   0: >>>>  any_handler
core   0: 0x0000000080005ffa (0x341027f3) csrrs   a5, mepc, zero
core   0: 3 0x0000000080005ffa (0x341027f3) x15 0x00000000800054de
core   0: 0x0000000080005ffe (0x34202773) csrrs   a4, mcause, zero
core   0: 3 0x0000000080005ffe (0x34202773) x14 0x0000000000000002
core   0: 0x0000000080006002 (0x142026f3) csrrs   a3, scause, zero
core   0: 3 0x0000000080006002 (0x142026f3) x13 0x0000000000000000
core   0: 0x0000000080006006 (0x30402673) csrrs   a2, mie, zero
core   0: 3 0x0000000080006006 (0x30402673) x12 0x0000000000000a00
core   0: 0x000000008000600a (0x344025f3) csrrs   a1, mip, zero
core   0: 3 0x000000008000600a (0x344025f3) x11 0x0000000000000080
core   0: 0x000000008000600e (0x343025f3) csrrs   a1, mtval, zero
core   0: 3 0x000000008000600e (0x343025f3) x11 0x00000000c02631f3
core   0: 0x0000000080006012 (0x14302573) csrrs   a0, stval, zero
core   0: 3 0x0000000080006012 (0x14302573) x10 0xffffffb3064aa5e0
core   0: 0x0000000080006016 (0xb02024f3) csrrs   s1, minstret, zero
core   0: 3 0x0000000080006016 (0xb02024f3) x9  0x0000000000000ec8
core   0: 0x000000008000601a (0x0000a811) c.j     pc + 20
core   0: 3 0x000000008000601a (0xa811)
core   0: >>>>  mepc_4
core   0: 0x000000008000602e (0x00000791) c.addi  a5, 4
core   0: 3 0x000000008000602e (0x0791) x15 0x00000000800054e2
core   0: 0x0000000080006030 (0x34179073) csrrw   zero, mepc, a5
core   0: 3 0x0000000080006030 (0x34179073) c833_mepc 0x00000000800054e2
core   0: 0x0000000080006034 (0x30200073) mret
core   0: 3 0x0000000080006034 (0x30200073) c768_mstatus 0x8000000a00106080
core   0: 0x00000000800054e2 (0x4009d11b) sraiw   sp, s3, 0
core   0: 1 0x00000000800054e2 (0x4009d11b) x2  0x0000000000000000
core   0: 0x00000000800054e6 (0x4035d5b3) sra     a1, a1, gp
core   0: 1 0x00000000800054e6 (0x4035d5b3) x11 0x00000000c02631f3
core   0: 0x00000000800054ea (0x00000001) c.nop
core   0: 1 0x00000000800054ea (0x0001)
core   0: 0x00000000800054ec (0xc23374d3) fcvt.lu.d s1, ft6
core   0: 1 0x00000000800054ec (0xc23374d3) c1_fflags 0x000000000000001d x9  0xffffffffffffffff
core   0: 0x00000000800054f0 (0x0354f2d3) fadd.d  ft5, fs1, fs5
core   0: 1 0x00000000800054f0 (0x0354f2d3) c1_fflags 0x000000000000001d f5  0x43f000000006c3a9
core   0: 0x00000000800054f4 (0x034a5eb3) divu    t4, s4, s4
core   0: 1 0x00000000800054f4 (0x034a5eb3) x29 0x0000000000000001
core   0: 0x00000000800054f8 (0x01d80dbb) addw    s11, a6, t4
core   0: 1 0x00000000800054f8 (0x01d80dbb) x27 0x0000000033d263f7
core   0: 0x00000000800054fc (0xd2060d53) fcvt.d.w fs10, a2
core   0: 1 0x00000000800054fc (0xd2060d53) f26 0x40a4000000000000
core   0: 0x0000000080005500 (0x030ed33b) divuw   t1, t4, a6
core   0: 1 0x0000000080005500 (0x030ed33b) x6  0x0000000000000000
core   0: 0x0000000080005504 (0xd2108e53) fcvt.d.wu ft8, ra
core   0: 1 0x0000000080005504 (0xd2108e53) f28 0x41e0000802800000
core   0: 0x0000000080005508 (0x10a2f073) csrrci  zero, senvcfg, 5
core   0: 1 0x0000000080005508 (0x10a2f073) c266_senvcfg 0x0000000000000000
core   0: 0x000000008000550c (0x00b181bb) addw    gp, gp, a1
core   0: 1 0x000000008000550c (0x00b181bb) x3  0xffffffffc02631f3
core   0: 0x0000000080005510 (0x5a0e7653) fsqrt.d fa2, ft8
core   0: 1 0x0000000080005510 (0x5a0e7653) c1_fflags 0x000000000000001d f12 0x40e6a0a4106aac56
core   0: 0x0000000080005514 (0x001c9913) slli    s2, s9, 1
core   0: 1 0x0000000080005514 (0x001c9913) x18 0xfffffffffbffed98
core   0: 0x0000000080005518 (0x02bba8b3) mulhsu  a7, s7, a1
core   0: 1 0x0000000080005518 (0x02bba8b3) x17 0x0000000000000000
core   0: 0x000000008000551c (0x4127d8bb) sraw    a7, a5, s2
core   0: 1 0x000000008000551c (0x4127d8bb) x17 0xffffffffffffff80
core   0: 0x0000000080005520 (0x011880b3) add     ra, a7, a7
core   0: 1 0x0000000080005520 (0x011880b3) x1  0xffffffffffffff00
core   0: 0x0000000080005524 (0xd02a7ad3) fcvt.s.l fs5, s4
core   0: 1 0x0000000080005524 (0xd02a7ad3) f21 0xffffffffc4790000
core   0: 0x0000000080005528 (0x00f57933) and     s2, a0, a5
core   0: 1 0x0000000080005528 (0x00f57933) x18 0x00000000000004e0
core   0: 0x000000008000552c (0xfff00c1b) addiw   s8, zero, -1
core   0: 1 0x000000008000552c (0xfff00c1b) x24 0xffffffffffffffff
core   0: 0x0000000080005530 (0x420604d3) fcvt.d.s fs1, fa2
core   0: 1 0x0000000080005530 (0x420604d3) f9  0x7ff8000000000000
core   0: 0x0000000080005534 (0x0204f4b3) remu    s1, s1, zero
core   0: 1 0x0000000080005534 (0x0204f4b3) x9  0xffffffffffffffff
core   0: 0x0000000080005538 (0x13cb7a53) fmul.d  fs4, fs6, ft8
core   0: 1 0x0000000080005538 (0x13cb7a53) f20 0x7ff8000000000000
core   0: 0x000000008000553c (0x42030f53) fcvt.d.s ft10, ft6
core   0: 1 0x000000008000553c (0x42030f53) f30 0x7ff8000000000000
core   0: 0x0000000080005540 (0x02ec9993) slli    s3, s9, 46
core   0: 1 0x0000000080005540 (0x02ec9993) x19 0xfdb3000000000000
core   0: 0x0000000080005544 (0x2bac9cd3) fmax.d  fs9, fs9, fs10
core   0: 1 0x0000000080005544 (0x2bac9cd3) f25 0x40a4000000000000
core   0: 0x0000000080005548 (0xe3072417) auipc   s0, 0xe3072
core   0: 1 0x0000000080005548 (0xe3072417) x8  0x0000000063077548
core   0: 0x000000008000554c (0x4a0bfc4f) fnmadd.d fs8, fs7, ft0, fs1
core   0: 1 0x000000008000554c (0x4a0bfc4f) f24 0x7ff8000000000000
core   0: 0x0000000080005550 (0x227c1653) fsgnjn.d fa2, fs8, ft7
core   0: 1 0x0000000080005550 (0x227c1653) f12 0xfff8000000000000
core   0: 0x0000000080005554 (0x001022f3) csrrs   t0, fflags, zero
core   0: 1 0x0000000080005554 (0x001022f3) x5  0x000000000000001d
core   0: 0x0000000080005558 (0x41c4063b) subw    a2, s0, t3
core   0: 1 0x0000000080005558 (0x41c4063b) x12 0x0000000063077548
core   0: 0x000000008000555c (0x00251873) csrrw   a6, frm, a0
core   0: 1 0x000000008000555c (0x00251873) x16 0x0000000000000000 c2_frm 0x0000000000000000
core   0: 0x0000000080005560 (0x001025f3) csrrs   a1, fflags, zero
core   0: 1 0x0000000080005560 (0x001025f3) x11 0x000000000000001d
core   0: 0x0000000080005564 (0x00b35333) srl     t1, t1, a1
core   0: 1 0x0000000080005564 (0x00b35333) x6  0x0000000000000000
core   0: 0x0000000080005568 (0x2b8f9353) fmax.d  ft6, ft11, fs8
core   0: 1 0x0000000080005568 (0x2b8f9353) f6  0x7ff8000000000000
core   0: 0x000000008000556c (0x001311b3) sll     gp, t1, ra
core   0: 1 0x000000008000556c (0x001311b3) x3  0x0000000000000000
core   0: 0x0000000080005570 (0x00cd5833) srl     a6, s10, a2
core   0: 1 0x0000000080005570 (0x00cd5833) x16 0x00000000003d5be3
core   0: 0x0000000080005574 (0x00aac533) xor     a0, s5, a0
core   0: 1 0x0000000080005574 (0x00aac533) x10 0xffffffb379b50094
core   0: 0x0000000080005578 (0x030dd9bb) divuw   s3, s11, a6
core   0: 1 0x0000000080005578 (0x030dd9bb) x19 0x00000000000000d8
core   0: 0x000000008000557c (0x40add1b3) sra     gp, s11, a0
core   0: 1 0x000000008000557c (0x40add1b3) x3  0x000000000000033d
core   0: 0x0000000080005580 (0xff82f737) lui     a4, 0xff82f
core   0: 1 0x0000000080005580 (0xff82f737) x14 0xffffffffff82f000
core   0: 0x0000000080005584 (0x8477071b) addiw   a4, a4, -1977
core   0: 1 0x0000000080005584 (0x8477071b) x14 0xffffffffff82e847
core   0: 0x0000000080005588 (0x0000073a) c.slli  a4, 14
core   0: 1 0x0000000080005588 (0x073a) x14 0xffffffe0ba11c000
core   0: 0x000000008000558a (0x48270713) addi    a4, a4, 1154
core   0: 1 0x000000008000558a (0x48270713) x14 0xffffffe0ba11c482
core   0: 0x000000008000558e (0x00840b33) add     s6, s0, s0
core   0: 1 0x000000008000558e (0x00840b33) x22 0x00000000c60eea90
core   0: 0x0000000080005592 (0x23efac53) fsgnjx.d fs8, ft11, ft10
core   0: 1 0x0000000080005592 (0x23efac53) f24 0xffffffff4e8962c0
core   0: 0x0000000080005596 (0x2a688253) fmin.d  ft4, fa7, ft6
core   0: 1 0x0000000080005596 (0x2a688253) f4  0x40985c0000000000
core   0: 0x000000008000559a (0x8b6f7f4f) fnmadd.d ft10, ft10, fs6, fa7
core   0: 1 0x000000008000559a (0x8b6f7f4f) f30 0x7ff8000000000000
core   0: 0x000000008000559e (0xd031f953) fcvt.s.lu fs2, gp
core   0: 1 0x000000008000559e (0xd031f953) f18 0xffffffff444f4000
core   0: 0x00000000800055a2 (0x0187d73b) srlw    a4, a5, s8
core   0: 1 0x00000000800055a2 (0x0187d73b) x14 0x0000000000000001
core   0: 0x00000000800055a6 (0x00370933) add     s2, a4, gp
core   0: 1 0x00000000800055a6 (0x00370933) x18 0x000000000000033e
core   0: 0x00000000800055aa (0x01c60e3b) addw    t3, a2, t3
core   0: 1 0x00000000800055aa (0x01c60e3b) x28 0x0000000063077548
core   0: 0x00000000800055ae (0x00003afd) c.addiw s5, -1
core   0: 1 0x00000000800055ae (0x3afd) x21 0x000000007fffa573
core   0: 0x00000000800055b0 (0x00065c9b) srliw   s9, a2, 0
core   0: 1 0x00000000800055b0 (0x00065c9b) x25 0x0000000063077548
core   0: 0x00000000800055b4 (0x413381bb) subw    gp, t2, s3
core   0: 1 0x00000000800055b4 (0x413381bb) x3  0xffffffffffffff27
core   0: 0x00000000800055b8 (0x4131dd1b) sraiw   s10, gp, 19
core   0: 1 0x00000000800055b8 (0x4131dd1b) x26 0xffffffffffffffff
core   0: 0x00000000800055bc (0xc2397ad3) fcvt.lu.d s5, fs2
core   0: 1 0x00000000800055bc (0xc2397ad3) c1_fflags 0x000000000000001d x21 0xffffffffffffffff
core   0: 0x00000000800055c0 (0xc8113773) csrrc   a4, timeh, sp
core   0: exception trap_illegal_instruction, epc 0x00000000800055c0
core   0:           tval 0x00000000c8113773
core   0: >>>>  $xrv64i2p1_m2p0_a2p1_f2p2_d2p2_zicsr2p0_zifencei2p0_zmmul1p0_zba1p0_zbb1p0_zbc1p0_zbs1p0
core   0: 0x0000000080004000 (0x0080006f) j       pc + 0x8
core   0: 3 0x0000000080004000 (0x0080006f)
core   0: >>>>  mmode_exception_handler
core   0: 0x0000000080004008 (0x00002c17) auipc   s8, 0x2
core   0: 3 0x0000000080004008 (0x00002c17) x24 0x0000000080006008
core   0: 0x000000008000400c (0xff2c0c13) addi    s8, s8, -14
core   0: 3 0x000000008000400c (0xff2c0c13) x24 0x0000000080005ffa
core   0: 0x0000000080004010 (0x000c00e7) jalr    s8
core   0: 3 0x0000000080004010 (0x000c00e7) x1  0x0000000080004014
core   0: >>>>  any_handler
core   0: 0x0000000080005ffa (0x341027f3) csrrs   a5, mepc, zero
core   0: 3 0x0000000080005ffa (0x341027f3) x15 0x00000000800055c0
core   0: 0x0000000080005ffe (0x34202773) csrrs   a4, mcause, zero
core   0: 3 0x0000000080005ffe (0x34202773) x14 0x0000000000000002
core   0: 0x0000000080006002 (0x142026f3) csrrs   a3, scause, zero
core   0: 3 0x0000000080006002 (0x142026f3) x13 0x0000000000000000
core   0: 0x0000000080006006 (0x30402673) csrrs   a2, mie, zero
core   0: 3 0x0000000080006006 (0x30402673) x12 0x0000000000000a00
core   0: 0x000000008000600a (0x344025f3) csrrs   a1, mip, zero
core   0: 3 0x000000008000600a (0x344025f3) x11 0x0000000000000080
core   0: 0x000000008000600e (0x343025f3) csrrs   a1, mtval, zero
core   0: 3 0x000000008000600e (0x343025f3) x11 0x00000000c8113773
core   0: 0x0000000080006012 (0x14302573) csrrs   a0, stval, zero
core   0: 3 0x0000000080006012 (0x14302573) x10 0xffffffb3064aa5e0
core   0: 0x0000000080006016 (0xb02024f3) csrrs   s1, minstret, zero
core   0: 3 0x0000000080006016 (0xb02024f3) x9  0x0000000000000f11
core   0: 0x000000008000601a (0x0000a811) c.j     pc + 20
core   0: 3 0x000000008000601a (0xa811)
core   0: >>>>  mepc_4
core   0: 0x000000008000602e (0x00000791) c.addi  a5, 4
core   0: 3 0x000000008000602e (0x0791) x15 0x00000000800055c4
core   0: 0x0000000080006030 (0x34179073) csrrw   zero, mepc, a5
core   0: 3 0x0000000080006030 (0x34179073) c833_mepc 0x00000000800055c4
core   0: 0x0000000080006034 (0x30200073) mret
core   0: 3 0x0000000080006034 (0x30200073) c768_mstatus 0x8000000a00106080
core   0: 0x00000000800055c4 (0xc2057c53) fcvt.w.d s8, fa0
core   0: 1 0x00000000800055c4 (0xc2057c53) c1_fflags 0x000000000000001d x24 0x000000007fffffff
core   0: 0x00000000800055c8 (0x239b9cd3) fsgnjn.d fs9, fs7, fs9
core   0: 1 0x00000000800055c8 (0x239b9cd3) f25 0xbff0000000000000
core   0: 0x00000000800055cc (0x036565b3) rem     a1, a0, s6
core   0: 1 0x00000000800055cc (0x036565b3) x11 0xffffffff9e0f5b90
core   0: 0x00000000800055d0 (0x4109843b) subw    s0, s3, a6
core   0: 1 0x00000000800055d0 (0x4109843b) x8  0xffffffffffc2a4f5
core   0: 0x00000000800055d4 (0x138cf5d3) fmul.d  fa1, fs9, fs8
core   0: 1 0x00000000800055d4 (0x138cf5d3) f11 0x7ff8000000000000
core   0: 0x00000000800055d8 (0x420f8353) fcvt.d.s ft6, ft11
core   0: 1 0x00000000800055d8 (0x420f8353) f6  0x41d12c5800000000
core   0: 0x00000000800055dc (0x007e87bb) addw    a5, t4, t2
core   0: 1 0x00000000800055dc (0x007e87bb) x15 0x0000000000000000
core   0: 0x00000000800055e0 (0x002020f3) csrrs   ra, frm, zero
core   0: 1 0x00000000800055e0 (0x002020f3) x1  0x0000000000000000
core   0: 0x00000000800055e4 (0x0127f933) and     s2, a5, s2
core   0: 1 0x00000000800055e4 (0x0127f933) x18 0x0000000000000000
core   0: 0x00000000800055e8 (0xd2138f53) fcvt.d.wu ft10, t2
core   0: 1 0x00000000800055e8 (0xd2138f53) f30 0x41efffffffe00000
core   0: 0x00000000800055ec (0x03670a33) mul     s4, a4, s6
core   0: 1 0x00000000800055ec (0x03670a33) x20 0x000000018c1dd520
core   0: 0x00000000800055f0 (0x00000001) c.nop
core   0: 1 0x00000000800055f0 (0x0001)
core   0: 0x00000000800055f2 (0xf2070cd3) fmv.d.x fs9, a4
core   0: 1 0x00000000800055f2 (0xf2070cd3) f25 0x0000000000000002
core   0: 0x00000000800055f6 (0xd2347dd3) fcvt.d.lu fs11, s0
core   0: 1 0x00000000800055f6 (0xd2347dd3) c1_fflags 0x000000000000001d f27 0x43effffffffff855
core   0: 0x00000000800055fa (0x008b503b) srlw    zero, s6, s0
core   0: 1 0x00000000800055fa (0x008b503b)
core   0: 0x00000000800055fe (0x0a31f053) fsub.d  ft0, ft3, ft3
core   0: 1 0x00000000800055fe (0x0a31f053) f0  0x7ff8000000000000
core   0: 0x0000000080005602 (0x2ab015d3) fmax.d  fa1, ft0, fa1
core   0: 1 0x0000000080005602 (0x2ab015d3) f11 0x7ff8000000000000
core   0: 0x0000000080005606 (0x320b27f3) csrrs   a5, mcountinhibit, s6
core   0: exception trap_illegal_instruction, epc 0x0000000080005606
core   0:           tval 0x00000000320b27f3
core   0: >>>>  $xrv64i2p1_m2p0_a2p1_f2p2_d2p2_zicsr2p0_zifencei2p0_zmmul1p0_zba1p0_zbb1p0_zbc1p0_zbs1p0
core   0: 0x0000000080004000 (0x0080006f) j       pc + 0x8
core   0: 3 0x0000000080004000 (0x0080006f)
core   0: >>>>  mmode_exception_handler
core   0: 0x0000000080004008 (0x00002c17) auipc   s8, 0x2
core   0: 3 0x0000000080004008 (0x00002c17) x24 0x0000000080006008
core   0: 0x000000008000400c (0xff2c0c13) addi    s8, s8, -14
core   0: 3 0x000000008000400c (0xff2c0c13) x24 0x0000000080005ffa
core   0: 0x0000000080004010 (0x000c00e7) jalr    s8
core   0: 3 0x0000000080004010 (0x000c00e7) x1  0x0000000080004014
core   0: >>>>  any_handler
core   0: 0x0000000080005ffa (0x341027f3) csrrs   a5, mepc, zero
core   0: 3 0x0000000080005ffa (0x341027f3) x15 0x0000000080005606
core   0: 0x0000000080005ffe (0x34202773) csrrs   a4, mcause, zero
core   0: 3 0x0000000080005ffe (0x34202773) x14 0x0000000000000002
core   0: 0x0000000080006002 (0x142026f3) csrrs   a3, scause, zero
core   0: 3 0x0000000080006002 (0x142026f3) x13 0x0000000000000000
core   0: 0x0000000080006006 (0x30402673) csrrs   a2, mie, zero
core   0: 3 0x0000000080006006 (0x30402673) x12 0x0000000000000a00
core   0: 0x000000008000600a (0x344025f3) csrrs   a1, mip, zero
core   0: 3 0x000000008000600a (0x344025f3) x11 0x0000000000000080
core   0: 0x000000008000600e (0x343025f3) csrrs   a1, mtval, zero
core   0: 3 0x000000008000600e (0x343025f3) x11 0x00000000320b27f3
core   0: 0x0000000080006012 (0x14302573) csrrs   a0, stval, zero
core   0: 3 0x0000000080006012 (0x14302573) x10 0xffffffb3064aa5e0
core   0: 0x0000000080006016 (0xb02024f3) csrrs   s1, minstret, zero
core   0: 3 0x0000000080006016 (0xb02024f3) x9  0x0000000000000f32
core   0: 0x000000008000601a (0x0000a811) c.j     pc + 20
core   0: 3 0x000000008000601a (0xa811)
core   0: >>>>  mepc_4
core   0: 0x000000008000602e (0x00000791) c.addi  a5, 4
core   0: 3 0x000000008000602e (0x0791) x15 0x000000008000560a
core   0: 0x0000000080006030 (0x34179073) csrrw   zero, mepc, a5
core   0: 3 0x0000000080006030 (0x34179073) c833_mepc 0x000000008000560a
core   0: 0x0000000080006034 (0x30200073) mret
core   0: 3 0x0000000080006034 (0x30200073) c768_mstatus 0x8000000a00106080
core   0: 0x000000008000560a (0xd3b77ec7) fmsub.d ft9, fa4, fs11, fs10
core   0: 1 0x000000008000560a (0xd3b77ec7) c1_fflags 0x000000000000001d f29 0x45efffecabfff855
core   0: 0x000000008000560e (0x01565ab3) srl     s5, a2, s5
core   0: 1 0x000000008000560e (0x01565ab3) x21 0x0000000000000000
core   0: 0x0000000080005612 (0x02f0aeb3) mulhsu  t4, ra, a5
core   0: 1 0x0000000080005612 (0x02f0aeb3) x29 0x0000000000000000
core   0: 0x0000000080005616 (0x00165a93) srli    s5, a2, 1
core   0: 1 0x0000000080005616 (0x00165a93) x21 0x0000000000000500
core   0: 0x000000008000561a (0x0006111b) slliw   sp, a2, 0
core   0: 1 0x000000008000561a (0x0006111b) x2  0x0000000000000a00
core   0: 0x000000008000561e (0x9ba5f54f) fnmadd.d fa0, fa1, fs10, fs3
core   0: 1 0x000000008000561e (0x9ba5f54f) f10 0x7ff8000000000000
core   0: 0x0000000080005622 (0x41fcdc9b) sraiw   s9, s9, 31
core   0: 1 0x0000000080005622 (0x41fcdc9b) x25 0x0000000000000000
core   0: 0x0000000080005626 (0x5a09f453) fsqrt.d fs0, fs3
core   0: 1 0x0000000080005626 (0x5a09f453) f8  0x7ff8000000000000
core   0: 0x000000008000562a (0x23deadd3) fsgnjx.d fs11, ft9, ft9
core   0: 1 0x000000008000562a (0x23deadd3) f27 0x45efffecabfff855
core   0: 0x000000008000562e (0x002c2eb3) slt     t4, s8, sp
core   0: 1 0x000000008000562e (0x002c2eb3) x29 0x0000000000000000
core   0: 0x0000000080005632 (0xfaaeffc7) fmsub.d ft11, ft9, fa0, ft11
core   0: 1 0x0000000080005632 (0xfaaeffc7) f31 0x7ff8000000000000
core   0: 0x0000000080005636 (0x32351573) csrrw   a0, mhpmevent3, a0
core   0: exception trap_illegal_instruction, epc 0x0000000080005636
core   0:           tval 0x0000000032351573
core   0: >>>>  $xrv64i2p1_m2p0_a2p1_f2p2_d2p2_zicsr2p0_zifencei2p0_zmmul1p0_zba1p0_zbb1p0_zbc1p0_zbs1p0
core   0: 0x0000000080004000 (0x0080006f) j       pc + 0x8
core   0: 3 0x0000000080004000 (0x0080006f)
core   0: >>>>  mmode_exception_handler
core   0: 0x0000000080004008 (0x00002c17) auipc   s8, 0x2
core   0: 3 0x0000000080004008 (0x00002c17) x24 0x0000000080006008
core   0: 0x000000008000400c (0xff2c0c13) addi    s8, s8, -14
core   0: 3 0x000000008000400c (0xff2c0c13) x24 0x0000000080005ffa
core   0: 0x0000000080004010 (0x000c00e7) jalr    s8
core   0: 3 0x0000000080004010 (0x000c00e7) x1  0x0000000080004014
core   0: >>>>  any_handler
core   0: 0x0000000080005ffa (0x341027f3) csrrs   a5, mepc, zero
core   0: 3 0x0000000080005ffa (0x341027f3) x15 0x0000000080005636
core   0: 0x0000000080005ffe (0x34202773) csrrs   a4, mcause, zero
core   0: 3 0x0000000080005ffe (0x34202773) x14 0x0000000000000002
core   0: 0x0000000080006002 (0x142026f3) csrrs   a3, scause, zero
core   0: 3 0x0000000080006002 (0x142026f3) x13 0x0000000000000000
core   0: 0x0000000080006006 (0x30402673) csrrs   a2, mie, zero
core   0: 3 0x0000000080006006 (0x30402673) x12 0x0000000000000a00
core   0: 0x000000008000600a (0x344025f3) csrrs   a1, mip, zero
core   0: 3 0x000000008000600a (0x344025f3) x11 0x0000000000000080
core   0: 0x000000008000600e (0x343025f3) csrrs   a1, mtval, zero
core   0: 3 0x000000008000600e (0x343025f3) x11 0x0000000032351573
core   0: 0x0000000080006012 (0x14302573) csrrs   a0, stval, zero
core   0: 3 0x0000000080006012 (0x14302573) x10 0xffffffb3064aa5e0
core   0: 0x0000000080006016 (0xb02024f3) csrrs   s1, minstret, zero
core   0: 3 0x0000000080006016 (0xb02024f3) x9  0x0000000000000f4d
core   0: 0x000000008000601a (0x0000a811) c.j     pc + 20
core   0: 3 0x000000008000601a (0xa811)
core   0: >>>>  mepc_4
core   0: 0x000000008000602e (0x00000791) c.addi  a5, 4
core   0: 3 0x000000008000602e (0x0791) x15 0x000000008000563a
core   0: 0x0000000080006030 (0x34179073) csrrw   zero, mepc, a5
core   0: 3 0x0000000080006030 (0x34179073) c833_mepc 0x000000008000563a
core   0: 0x0000000080006034 (0x30200073) mret
core   0: 3 0x0000000080006034 (0x30200073) c768_mstatus 0x8000000a00106080
core   0: 0x000000008000563a (0x413c56b3) sra     a3, s8, s3
core   0: 1 0x000000008000563a (0x413c56b3) x13 0x0000000000000080
core   0: 0x000000008000563e (0x15035297) auipc   t0, 0x15035
core   0: 1 0x000000008000563e (0x15035297) x5  0x000000009503a63e
core   0: 0x0000000080005642 (0x00000001) c.nop
core   0: 1 0x0000000080005642 (0x0001)
core   0: 0x0000000080005644 (0x005295bb) sllw    a1, t0, t0
core   0: 1 0x0000000080005644 (0x005295bb) x11 0xffffffff80000000
core   0: 0x0000000080005648 (0x03d04033) div     zero, zero, t4
core   0: 1 0x0000000080005648 (0x03d04033)
core   0: 0x000000008000564c (0x00544933) xor     s2, s0, t0
core   0: 1 0x000000008000564c (0x00544933) x18 0xffffffff6ac102cb
core   0: 0x0000000080005650 (0xc2047653) fcvt.w.d a2, fs0
core   0: 1 0x0000000080005650 (0xc2047653) c1_fflags 0x000000000000001d x12 0x000000007fffffff
core   0: 0x0000000080005654 (0x0252e2b3) rem     t0, t0, t0
core   0: 1 0x0000000080005654 (0x0252e2b3) x5  0x0000000000000000
core   0: 0x0000000080005658 (0x00025e9b) srliw   t4, tp, 0
core   0: 1 0x0000000080005658 (0x00025e9b) x29 0x0000000000000001
core   0: 0x000000008000565c (0x00de58bb) srlw    a7, t3, a3
core   0: 1 0x000000008000565c (0x00de58bb) x17 0x0000000063077548
core   0: 0x0000000080005660 (0x000ade1b) srliw   t3, s5, 0
core   0: 1 0x0000000080005660 (0x000ade1b) x28 0x0000000000000500
core   0: 0x0000000080005664 (0x8b19ac97) auipc   s9, 0x8b19a
core   0: 1 0x0000000080005664 (0x8b19ac97) x25 0x000000000b19f664
core   0: 0x0000000080005668 (0xda87734f) fnmadd.d ft6, fa4, fs0, fs11
core   0: 1 0x0000000080005668 (0xda87734f) f6  0x7ff8000000000000
core   0: 0x000000008000566c (0x000bda13) srli    s4, s7, 0
core   0: 1 0x000000008000566c (0x000bda13) x20 0x000000007fffa574
core   0: 0x0000000080005670 (0x143a9573) csrrw   a0, stval, s5
core   0: 1 0x0000000080005670 (0x143a9573) x10 0xffffffb3064aa5e0 c323_stval 0x0000000000000500
core   0: 0x0000000080005674 (0x00052ab3) slt     s5, a0, zero
core   0: 1 0x0000000080005674 (0x00052ab3) x21 0x0000000000000001
core   0: 0x0000000080005678 (0xd03afd53) fcvt.s.lu fs10, s5
core   0: 1 0x0000000080005678 (0xd03afd53) f26 0xffffffff3f800000
core   0: 0x000000008000567c (0x3200e673) csrrsi  a2, mcountinhibit, 1
core   0: exception trap_illegal_instruction, epc 0x000000008000567c
core   0:           tval 0x000000003200e673
core   0: >>>>  $xrv64i2p1_m2p0_a2p1_f2p2_d2p2_zicsr2p0_zifencei2p0_zmmul1p0_zba1p0_zbb1p0_zbc1p0_zbs1p0
core   0: 0x0000000080004000 (0x0080006f) j       pc + 0x8
core   0: 3 0x0000000080004000 (0x0080006f)
core   0: >>>>  mmode_exception_handler
core   0: 0x0000000080004008 (0x00002c17) auipc   s8, 0x2
core   0: 3 0x0000000080004008 (0x00002c17) x24 0x0000000080006008
core   0: 0x000000008000400c (0xff2c0c13) addi    s8, s8, -14
core   0: 3 0x000000008000400c (0xff2c0c13) x24 0x0000000080005ffa
core   0: 0x0000000080004010 (0x000c00e7) jalr    s8
core   0: 3 0x0000000080004010 (0x000c00e7) x1  0x0000000080004014
core   0: >>>>  any_handler
core   0: 0x0000000080005ffa (0x341027f3) csrrs   a5, mepc, zero
core   0: 3 0x0000000080005ffa (0x341027f3) x15 0x000000008000567c
core   0: 0x0000000080005ffe (0x34202773) csrrs   a4, mcause, zero
core   0: 3 0x0000000080005ffe (0x34202773) x14 0x0000000000000002
core   0: 0x0000000080006002 (0x142026f3) csrrs   a3, scause, zero
core   0: 3 0x0000000080006002 (0x142026f3) x13 0x0000000000000000
core   0: 0x0000000080006006 (0x30402673) csrrs   a2, mie, zero
core   0: 3 0x0000000080006006 (0x30402673) x12 0x0000000000000a00
core   0: 0x000000008000600a (0x344025f3) csrrs   a1, mip, zero
core   0: 3 0x000000008000600a (0x344025f3) x11 0x0000000000000080
core   0: 0x000000008000600e (0x343025f3) csrrs   a1, mtval, zero
core   0: 3 0x000000008000600e (0x343025f3) x11 0x000000003200e673
core   0: 0x0000000080006012 (0x14302573) csrrs   a0, stval, zero
core   0: 3 0x0000000080006012 (0x14302573) x10 0x0000000000000500
core   0: 0x0000000080006016 (0xb02024f3) csrrs   s1, minstret, zero
core   0: 3 0x0000000080006016 (0xb02024f3) x9  0x0000000000000f6e
core   0: 0x000000008000601a (0x0000a811) c.j     pc + 20
core   0: 3 0x000000008000601a (0xa811)
core   0: >>>>  mepc_4
core   0: 0x000000008000602e (0x00000791) c.addi  a5, 4
core   0: 3 0x000000008000602e (0x0791) x15 0x0000000080005680
core   0: 0x0000000080006030 (0x34179073) csrrw   zero, mepc, a5
core   0: 3 0x0000000080006030 (0x34179073) c833_mepc 0x0000000080005680
core   0: 0x0000000080006034 (0x30200073) mret
core   0: 3 0x0000000080006034 (0x30200073) c768_mstatus 0x8000000a00106080
core   0: 0x0000000080005680 (0x00061ebb) sllw    t4, a2, zero
core   0: 1 0x0000000080005680 (0x00061ebb) x29 0x0000000000000a00
core   0: 0x0000000080005684 (0x2a689753) fmax.d  fa4, fa7, ft6
core   0: 1 0x0000000080005684 (0x2a689753) f14 0x40985c0000000000
core   0: 0x0000000080005688 (0x031b1013) slli    zero, s6, 49
core   0: 1 0x0000000080005688 (0x031b1013)
core   0: 0x000000008000568c (0x00d024b3) slt     s1, zero, a3
core   0: 1 0x000000008000568c (0x00d024b3) x9  0x0000000000000000
core   0: 0x0000000080005690 (0xc0317653) fcvt.lu.s a2, ft2
core   0: 1 0x0000000080005690 (0xc0317653) c1_fflags 0x000000000000001d x12 0xffffffffffffffff
core   0: 0x0000000080005694 (0x00202b73) csrrs   s6, frm, zero
core   0: 1 0x0000000080005694 (0x00202b73) x22 0x0000000000000000
core   0: 0x0000000080005698 (0x02d4d7b3) divu    a5, s1, a3
core   0: 1 0x0000000080005698 (0x02d4d7b3) x15 0xffffffffffffffff
core   0: 0x000000008000569c (0x00fe0733) add     a4, t3, a5
core   0: 1 0x000000008000569c (0x00fe0733) x14 0x00000000000004ff
core   0: 0x00000000800056a0 (0x43f3de13) srai    t3, t2, 63
core   0: 1 0x00000000800056a0 (0x43f3de13) x28 0xffffffffffffffff
core   0: 0x00000000800056a4 (0xd233f6d3) fcvt.d.lu fa3, t2
core   0: 1 0x00000000800056a4 (0xd233f6d3) c1_fflags 0x000000000000001d f13 0x43f0000000000000
core   0: 0x00000000800056a8 (0x02e632b3) mulhu   t0, a2, a4
core   0: 1 0x00000000800056a8 (0x02e632b3) x5  0x00000000000004fe
core   0: 0x00000000800056ac (0xd02770d3) fcvt.s.l ft1, a4
core   0: 1 0x00000000800056ac (0xd02770d3) f1  0xffffffff449fe000
core   0: 0x00000000800056b0 (0x727ffecb) fnmsub.d ft9, ft11, ft7, fa4
core   0: 1 0x00000000800056b0 (0x727ffecb) f29 0x7ff8000000000000
core   0: 0x00000000800056b4 (0x03dc96b3) mulh    a3, s9, t4
core   0: 1 0x00000000800056b4 (0x03dc96b3) x13 0x0000000000000000
core   0: 0x00000000800056b8 (0x0012839b) addiw   t2, t0, 1
core   0: 1 0x00000000800056b8 (0x0012839b) x7  0x00000000000004ff
core   0: 0x00000000800056bc (0x02a82c33) mulhsu  s8, a6, a0
core   0: 1 0x00000000800056bc (0x02a82c33) x24 0x0000000000000000
core   0: 0x00000000800056c0 (0x026c0b33) mul     s6, s8, t1
core   0: 1 0x00000000800056c0 (0x026c0b33) x22 0x0000000000000000
core   0: 0x00000000800056c4 (0x00000001) c.nop
core   0: 1 0x00000000800056c4 (0x0001)
core   0: 0x00000000800056c6 (0x00b88e3b) addw    t3, a7, a1
core   0: 1 0x00000000800056c6 (0x00b88e3b) x28 0xffffffff95085bbb
core   0: 0x00000000800056ca (0x2ae09753) fmax.d  fa4, ft1, fa4
core   0: 1 0x00000000800056ca (0x2ae09753) f14 0x40985c0000000000
core   0: 0x00000000800056ce (0x00356533) or      a0, a0, gp
core   0: 1 0x00000000800056ce (0x00356533) x10 0xffffffffffffff27
core   0: 0x00000000800056d2 (0x000086b6) c.mv    a3, a3
core   0: 1 0x00000000800056d2 (0x86b6) x13 0x0000000000000000
core   0: 0x00000000800056d4 (0xc036f2d3) fcvt.lu.s t0, fa3
core   0: 1 0x00000000800056d4 (0xc036f2d3) c1_fflags 0x000000000000001d x5  0xffffffffffffffff
core   0: 0x00000000800056d8 (0x03f01a13) slli    s4, zero, 63
core   0: 1 0x00000000800056d8 (0x03f01a13) x20 0x0000000000000000
core   0: 0x00000000800056dc (0x4002dd1b) sraiw   s10, t0, 0
core   0: 1 0x00000000800056dc (0x4002dd1b) x26 0xffffffffffffffff
core   0: 0x00000000800056e0 (0x4140853b) subw    a0, ra, s4
core   0: 1 0x00000000800056e0 (0x4140853b) x10 0xffffffff80004014
core   0: 0x00000000800056e4 (0x0ff0000f) fence   iorw,iorw
core   0: 1 0x00000000800056e4 (0x0ff0000f)
core   0: 0x00000000800056e8 (0x03b2f8bb) remuw   a7, t0, s11
core   0: 1 0x00000000800056e8 (0x03b2f8bb) x17 0x0000000030b67023
core   0: 0x00000000800056ec (0xc200fbd3) fcvt.w.d s7, ft1
core   0: 1 0x00000000800056ec (0xc200fbd3) c1_fflags 0x000000000000001d x23 0x000000007fffffff
core   0: 0x00000000800056f0 (0x00d895b3) sll     a1, a7, a3
core   0: 1 0x00000000800056f0 (0x00d895b3) x11 0x0000000030b67023
core   0: 0x00000000800056f4 (0x014b9d3b) sllw    s10, s7, s4
core   0: 1 0x00000000800056f4 (0x014b9d3b) x26 0x000000007fffffff
core   0: 0x00000000800056f8 (0x03fd5413) srli    s0, s10, 63
core   0: 1 0x00000000800056f8 (0x03fd5413) x8  0x0000000000000000
core   0: 0x00000000800056fc (0x0082013b) addw    sp, tp, s0
core   0: 1 0x00000000800056fc (0x0082013b) x2  0x0000000000000001
core   0: 0x0000000080005700 (0x00000001) c.nop
core   0: 1 0x0000000080005700 (0x0001)
core   0: 0x0000000080005702 (0x000d081b) sext.w  a6, s10
core   0: 1 0x0000000080005702 (0x000d081b) x16 0x000000007fffffff
core   0: 0x0000000080005706 (0xce1d15b7) lui     a1, 0xce1d1
core   0: 1 0x0000000080005706 (0xce1d15b7) x11 0xffffffffce1d1000
core   0: 0x000000008000570a (0x0069131b) slliw   t1, s2, 6
core   0: 1 0x000000008000570a (0x0069131b) x6  0xffffffffb040b2c0
core   0: 0x000000008000570e (0x22efafd3) fsgnjx.d ft11, ft11, fa4
core   0: 1 0x000000008000570e (0x22efafd3) f31 0x7ff8000000000000
core   0: 0x0000000080005712 (0x238baed3) fsgnjx.d ft9, fs7, fs8
core   0: 1 0x0000000080005712 (0x238baed3) f29 0xbff0000000000000
core   0: 0x0000000080005716 (0x01cad89b) srliw   a7, s5, 28
core   0: 1 0x0000000080005716 (0x01cad89b) x17 0x0000000000000000
core   0: 0x000000008000571a (0x5f5f2e97) auipc   t4, 0x5f5f2
core   0: 1 0x000000008000571a (0x5f5f2e97) x29 0x00000000df5f771a
core   0: 0x000000008000571e (0x0ff0000f) fence   iorw,iorw
core   0: 1 0x000000008000571e (0x0ff0000f)
core   0: 0x0000000080005722 (0xe20c8653) fmv.x.d a2, fs9
core   0: 1 0x0000000080005722 (0xe20c8653) x12 0x0000000000000002
core   0: 0x0000000080005726 (0x2bfe9853) fmax.d  fa6, ft9, ft11
core   0: 1 0x0000000080005726 (0x2bfe9853) f16 0xbff0000000000000
core   0: 0x000000008000572a (0x00102973) csrrs   s2, fflags, zero
core   0: 1 0x000000008000572a (0x00102973) x18 0x000000000000001d
core   0: 0x000000008000572e (0x02c85033) divu    zero, a6, a2
core   0: 1 0x000000008000572e (0x02c85033)
core   0: 0x0000000080005732 (0x1bebf2d3) fdiv.d  ft5, fs7, ft10
core   0: 1 0x0000000080005732 (0x1bebf2d3) c1_fflags 0x000000000000001d f5  0x3df0000000100000
core   0: 0x0000000080005736 (0x2a9e94d3) fmax.d  fs1, ft9, fs1
core   0: 1 0x0000000080005736 (0x2a9e94d3) f9  0xbff0000000000000
core   0: 0x000000008000573a (0x80098a1b) addiw   s4, s3, -2048
core   0: 1 0x000000008000573a (0x80098a1b) x20 0xfffffffffffff8d8
core   0: 0x000000008000573e (0x034383b3) mul     t2, t2, s4
core   0: 1 0x000000008000573e (0x034383b3) x7  0xffffffffffdc3f28
core   0: 0x0000000080005742 (0x00202b73) csrrs   s6, frm, zero
core   0: 1 0x0000000080005742 (0x00202b73) x22 0x0000000000000000
core   0: 0x0000000080005746 (0xf2080953) fmv.d.x fs2, a6
core   0: 1 0x0000000080005746 (0xf2080953) f18 0x000000007fffffff
core   0: 0x000000008000574a (0x4a997bcf) fnmadd.d fs7, fs2, fs1, fs1
core   0: 1 0x000000008000574a (0x4a997bcf) c1_fflags 0x000000000000001d f23 0x3ff0000000000000
core   0: 0x000000008000574e (0x011a4c33) xor     s8, s4, a7
core   0: 1 0x000000008000574e (0x011a4c33) x24 0xfffffffffffff8d8
core   0: 0x0000000080005752 (0xd22072d3) fcvt.d.l ft5, zero
core   0: 1 0x0000000080005752 (0xd22072d3) f5  0x0000000000000000
core   0: 0x0000000080005756 (0xd21b0553) fcvt.d.wu fa0, s6
core   0: 1 0x0000000080005756 (0xd21b0553) f10 0x0000000000000000
core   0: 0x000000008000575a (0xc23bf6d3) fcvt.lu.d a3, fs7
core   0: 1 0x000000008000575a (0xc23bf6d3) x13 0x0000000000000001
core   0: 0x000000008000575e (0x5a0575d3) fsqrt.d fa1, fa0
core   0: 1 0x000000008000575e (0x5a0575d3) f11 0x0000000000000000
core   0: 0x0000000080005762 (0x4156d49b) sraiw   s1, a3, 21
core   0: 1 0x0000000080005762 (0x4156d49b) x9  0x0000000000000000
core   0: 0x0000000080005766 (0x00202af3) csrrs   s5, frm, zero
core   0: 1 0x0000000080005766 (0x00202af3) x21 0x0000000000000000
core   0: 0x000000008000576a (0x406a82bb) subw    t0, s5, t1
core   0: 1 0x000000008000576a (0x406a82bb) x5  0x000000004fbf4d40
core   0: 0x000000008000576e (0x00628433) add     s0, t0, t1
core   0: 1 0x000000008000576e (0x00628433) x8  0x0000000000000000
core   0: 0x0000000080005772 (0x00202cf3) csrrs   s9, frm, zero
core   0: 1 0x0000000080005772 (0x00202cf3) x25 0x0000000000000000
core   0: 0x0000000080005776 (0x00009daa) c.add   s11, a0
core   0: 1 0x0000000080005776 (0x9daa) x27 0xffffffffb3d2a40b
core   0: 0x0000000080005778 (0x41080833) sub     a6, a6, a6
core   0: 1 0x0000000080005778 (0x41080833) x16 0x0000000000000000
core   0: 0x000000008000577c (0x01b903b3) add     t2, s2, s11
core   0: 1 0x000000008000577c (0x01b903b3) x7  0xffffffffb3d2a428
core   0: 0x0000000080005780 (0x52157e43) fmadd.d ft8, fa0, ft1, fa0
core   0: 1 0x0000000080005780 (0x52157e43) f28 0x7ff8000000000000
core   0: 0x0000000080005784 (0xd2297553) fcvt.d.l fa0, s2
core   0: 1 0x0000000080005784 (0xd2297553) f10 0x403d000000000000
core   0: 0x0000000080005788 (0x01239d33) sll     s10, t2, s2
core   0: 1 0x0000000080005788 (0x01239d33) x26 0xf67a548500000000
core   0: 0x000000008000578c (0x81caa037) lui     zero, 0x81caa
core   0: 1 0x000000008000578c (0x81caa037)
core   0: 0x0000000080005790 (0x01a050b3) srl     ra, zero, s10
core   0: 1 0x0000000080005790 (0x01a050b3) x1  0x0000000000000000
core   0: 0x0000000080005794 (0x021b4abb) divw    s5, s6, ra
core   0: 1 0x0000000080005794 (0x021b4abb) x21 0xffffffffffffffff
core   0: 0x0000000080005798 (0xc02d7ed3) fcvt.l.s t4, fs10
core   0: 1 0x0000000080005798 (0xc02d7ed3) x29 0x0000000000000001
core   0: 0x000000008000579c (0x2b850a53) fmin.d  fs4, fa0, fs8
core   0: 1 0x000000008000579c (0x2b850a53) f20 0x403d000000000000
core   0: 0x00000000800057a0 (0x00019813) slli    a6, gp, 0
core   0: 1 0x00000000800057a0 (0x00019813) x16 0xffffffffffffff27
core   0: 0x00000000800057a4 (0x30382e73) csrrs   t3, mideleg, a6
core   0: exception trap_illegal_instruction, epc 0x00000000800057a4
core   0:           tval 0x0000000030382e73
core   0: >>>>  $xrv64i2p1_m2p0_a2p1_f2p2_d2p2_zicsr2p0_zifencei2p0_zmmul1p0_zba1p0_zbb1p0_zbc1p0_zbs1p0
core   0: 0x0000000080004000 (0x0080006f) j       pc + 0x8
core   0: 3 0x0000000080004000 (0x0080006f)
core   0: >>>>  mmode_exception_handler
core   0: 0x0000000080004008 (0x00002c17) auipc   s8, 0x2
core   0: 3 0x0000000080004008 (0x00002c17) x24 0x0000000080006008
core   0: 0x000000008000400c (0xff2c0c13) addi    s8, s8, -14
core   0: 3 0x000000008000400c (0xff2c0c13) x24 0x0000000080005ffa
core   0: 0x0000000080004010 (0x000c00e7) jalr    s8
core   0: 3 0x0000000080004010 (0x000c00e7) x1  0x0000000080004014
core   0: >>>>  any_handler
core   0: 0x0000000080005ffa (0x341027f3) csrrs   a5, mepc, zero
core   0: 3 0x0000000080005ffa (0x341027f3) x15 0x00000000800057a4
core   0: 0x0000000080005ffe (0x34202773) csrrs   a4, mcause, zero
core   0: 3 0x0000000080005ffe (0x34202773) x14 0x0000000000000002
core   0: 0x0000000080006002 (0x142026f3) csrrs   a3, scause, zero
core   0: 3 0x0000000080006002 (0x142026f3) x13 0x0000000000000000
core   0: 0x0000000080006006 (0x30402673) csrrs   a2, mie, zero
core   0: 3 0x0000000080006006 (0x30402673) x12 0x0000000000000a00
core   0: 0x000000008000600a (0x344025f3) csrrs   a1, mip, zero
core   0: 3 0x000000008000600a (0x344025f3) x11 0x0000000000000080
core   0: 0x000000008000600e (0x343025f3) csrrs   a1, mtval, zero
core   0: 3 0x000000008000600e (0x343025f3) x11 0x0000000030382e73
core   0: 0x0000000080006012 (0x14302573) csrrs   a0, stval, zero
core   0: 3 0x0000000080006012 (0x14302573) x10 0x0000000000000500
core   0: 0x0000000080006016 (0xb02024f3) csrrs   s1, minstret, zero
core   0: 3 0x0000000080006016 (0xb02024f3) x9  0x0000000000000fc9
core   0: 0x000000008000601a (0x0000a811) c.j     pc + 20
core   0: 3 0x000000008000601a (0xa811)
core   0: >>>>  mepc_4
core   0: 0x000000008000602e (0x00000791) c.addi  a5, 4
core   0: 3 0x000000008000602e (0x0791) x15 0x00000000800057a8
core   0: 0x0000000080006030 (0x34179073) csrrw   zero, mepc, a5
core   0: 3 0x0000000080006030 (0x34179073) c833_mepc 0x00000000800057a8
core   0: 0x0000000080006034 (0x30200073) mret
core   0: 3 0x0000000080006034 (0x30200073) c768_mstatus 0x8000000a00106080
core   0: 0x00000000800057a8 (0x41dedabb) sraw    s5, t4, t4
core   0: 1 0x00000000800057a8 (0x41dedabb) x21 0x0000000000000000
core   0: 0x00000000800057ac (0xd03afad3) fcvt.s.lu fs5, s5
core   0: 1 0x00000000800057ac (0xd03afad3) f21 0xffffffff00000000
core   0: 0x00000000800057b0 (0x00008db1) c.xor   a1, a2
core   0: 1 0x00000000800057b0 (0x8db1) x11 0x0000000030382473
core   0: 0x00000000800057b2 (0xe20a04d3) fmv.x.d s1, fs4
core   0: 1 0x00000000800057b2 (0xe20a04d3) x9  0x403d000000000000
core   0: 0x00000000800057b6 (0x4ed58613) addi    a2, a1, 1261
core   0: 1 0x00000000800057b6 (0x4ed58613) x12 0x0000000030382960
core   0: 0x00000000800057ba (0x4014d21b) sraiw   tp, s1, 1
core   0: 1 0x00000000800057ba (0x4014d21b) x4  0x0000000000000000
core   0: 0x00000000800057be (0x024d8dbb) mulw    s11, s11, tp
core   0: 1 0x00000000800057be (0x024d8dbb) x27 0x0000000000000000
core   0: 0x00000000800057c2 (0x02822bb3) mulhsu  s7, tp, s0
core   0: 1 0x00000000800057c2 (0x02822bb3) x23 0x0000000000000000
core   0: 0x00000000800057c6 (0xdd778c17) auipc   s8, 0xdd778
core   0: 1 0x00000000800057c6 (0xdd778c17) x24 0x000000005d77d7c6
core   0: 0x00000000800057ca (0x03302d33) mulhsu  s10, zero, s3
core   0: 1 0x00000000800057ca (0x03302d33) x26 0x0000000000000000
core   0: 0x00000000800057ce (0x0af37553) fsub.d  fa0, ft6, fa5
core   0: 1 0x00000000800057ce (0x0af37553) f10 0x7ff8000000000000
core   0: 0x00000000800057d2 (0xc02afe53) fcvt.l.s t3, fs5
core   0: 1 0x00000000800057d2 (0xc02afe53) x28 0x0000000000000000
core   0: 0x00000000800057d6 (0x41c902b3) sub     t0, s2, t3
core   0: 1 0x00000000800057d6 (0x41c902b3) x5  0x000000000000001d
core   0: 0x00000000800057da (0x591d8d93) addi    s11, s11, 1425
core   0: 1 0x00000000800057da (0x591d8d93) x27 0x0000000000000591
core   0: 0x00000000800057de (0x005e1d33) sll     s10, t3, t0
core   0: 1 0x00000000800057de (0x005e1d33) x26 0x0000000000000000
core   0: 0x00000000800057e2 (0xd22e78d3) fcvt.d.l fa7, t3
core   0: 1 0x00000000800057e2 (0xd22e78d3) f17 0x0000000000000000
core   0: 0x00000000800057e6 (0x1255fe53) fmul.d  ft8, fa1, ft5
core   0: 1 0x00000000800057e6 (0x1255fe53) f28 0x0000000000000000
core   0: 0x00000000800057ea (0x01a8183b) sllw    a6, a6, s10
core   0: 1 0x00000000800057ea (0x01a8183b) x16 0xffffffffffffff27
core   0: 0x00000000800057ee (0x551bd7b7) lui     a5, 0x551bd
core   0: 1 0x00000000800057ee (0x551bd7b7) x15 0x00000000551bd000
core   0: 0x00000000800057f2 (0xe2020353) fmv.x.d t1, ft4
core   0: 1 0x00000000800057f2 (0xe2020353) x6  0x40985c0000000000
core   0: 0x00000000800057f6 (0x010d18b3) sll     a7, s10, a6
core   0: 1 0x00000000800057f6 (0x010d18b3) x17 0x0000000000000000
core   0: 0x00000000800057fa (0x02f37633) remu    a2, t1, a5
core   0: 1 0x00000000800057fa (0x02f37633) x12 0x00000000087e9000
core   0: 0x00000000800057fe (0x4391d813) srai    a6, gp, 57
core   0: 1 0x00000000800057fe (0x4391d813) x16 0xffffffffffffffff
core   0: 0x0000000080005802 (0xd02e76d3) fcvt.s.l fa3, t3
core   0: 1 0x0000000080005802 (0xd02e76d3) f13 0xffffffff00000000
core   0: 0x0000000080005806 (0x800b0c9b) addiw   s9, s6, -2048
core   0: 1 0x0000000080005806 (0x800b0c9b) x25 0xfffffffffffff800
core   0: 0x000000008000580a (0x001cfd13) andi    s10, s9, 1
core   0: 1 0x000000008000580a (0x001cfd13) x26 0x0000000000000000
core   0: 0x000000008000580e (0x00e9883b) addw    a6, s3, a4
core   0: 1 0x000000008000580e (0x00e9883b) x16 0x00000000000000da
core   0: 0x0000000080005812 (0x03710833) mul     a6, sp, s7
core   0: 1 0x0000000080005812 (0x03710833) x16 0x0000000000000000
core   0: 0x0000000080005816 (0xd030f2d3) fcvt.s.lu ft5, ra
core   0: 1 0x0000000080005816 (0xd030f2d3) c1_fflags 0x000000000000001d f5  0xffffffff4f000040
core   0: 0x000000008000581a (0x00608eb3) add     t4, ra, t1
core   0: 1 0x000000008000581a (0x00608eb3) x29 0x40985c0080004014
core   0: 0x000000008000581e (0x01d4983b) sllw    a6, s1, t4
core   0: 1 0x000000008000581e (0x01d4983b) x16 0x0000000000000000
core   0: 0x0000000080005822 (0x03566133) rem     sp, a2, s5
core   0: 1 0x0000000080005822 (0x03566133) x2  0x00000000087e9000
core   0: 0x0000000080005826 (0x800c0793) addi    a5, s8, -2048
core   0: 1 0x0000000080005826 (0x800c0793) x15 0x000000005d77cfc6
core   0: 0x000000008000582a (0x01656933) or      s2, a0, s6
core   0: 1 0x000000008000582a (0x01656933) x18 0x0000000000000500
core   0: 0x000000008000582e (0x002953bb) srlw    t2, s2, sp
core   0: 1 0x000000008000582e (0x002953bb) x7  0x0000000000000500
core   0: 0x0000000080005832 (0x420288d3) fcvt.d.s fa7, ft5
core   0: 1 0x0000000080005832 (0x420288d3) f17 0x41e0000800000000
core   0: 0x0000000080005836 (0x0b397353) fsub.d  ft6, fs2, fs3
core   0: 1 0x0000000080005836 (0x0b397353) f6  0x7ff8000000000000
core   0: 0x000000008000583a (0xff62ea93) ori     s5, t0, -10
core   0: 1 0x000000008000583a (0xff62ea93) x21 0xffffffffffffffff
core   0: 0x000000008000583e (0xf132bb73) csrrc   s6, mimpid, t0
core   0: exception trap_illegal_instruction, epc 0x000000008000583e
core   0:           tval 0x00000000f132bb73
core   0: >>>>  $xrv64i2p1_m2p0_a2p1_f2p2_d2p2_zicsr2p0_zifencei2p0_zmmul1p0_zba1p0_zbb1p0_zbc1p0_zbs1p0
core   0: 0x0000000080004000 (0x0080006f) j       pc + 0x8
core   0: 3 0x0000000080004000 (0x0080006f)
core   0: >>>>  mmode_exception_handler
core   0: 0x0000000080004008 (0x00002c17) auipc   s8, 0x2
core   0: 3 0x0000000080004008 (0x00002c17) x24 0x0000000080006008
core   0: 0x000000008000400c (0xff2c0c13) addi    s8, s8, -14
core   0: 3 0x000000008000400c (0xff2c0c13) x24 0x0000000080005ffa
core   0: 0x0000000080004010 (0x000c00e7) jalr    s8
core   0: 3 0x0000000080004010 (0x000c00e7) x1  0x0000000080004014
core   0: >>>>  any_handler
core   0: 0x0000000080005ffa (0x341027f3) csrrs   a5, mepc, zero
core   0: 3 0x0000000080005ffa (0x341027f3) x15 0x000000008000583e
core   0: 0x0000000080005ffe (0x34202773) csrrs   a4, mcause, zero
core   0: 3 0x0000000080005ffe (0x34202773) x14 0x0000000000000002
core   0: 0x0000000080006002 (0x142026f3) csrrs   a3, scause, zero
core   0: 3 0x0000000080006002 (0x142026f3) x13 0x0000000000000000
core   0: 0x0000000080006006 (0x30402673) csrrs   a2, mie, zero
core   0: 3 0x0000000080006006 (0x30402673) x12 0x0000000000000a00
core   0: 0x000000008000600a (0x344025f3) csrrs   a1, mip, zero
core   0: 3 0x000000008000600a (0x344025f3) x11 0x0000000000000080
core   0: 0x000000008000600e (0x343025f3) csrrs   a1, mtval, zero
core   0: 3 0x000000008000600e (0x343025f3) x11 0x00000000f132bb73
core   0: 0x0000000080006012 (0x14302573) csrrs   a0, stval, zero
core   0: 3 0x0000000080006012 (0x14302573) x10 0x0000000000000500
core   0: 0x0000000080006016 (0xb02024f3) csrrs   s1, minstret, zero
core   0: 3 0x0000000080006016 (0xb02024f3) x9  0x0000000000000fff
core   0: 0x000000008000601a (0x0000a811) c.j     pc + 20
core   0: 3 0x000000008000601a (0xa811)
core   0: >>>>  mepc_4
core   0: 0x000000008000602e (0x00000791) c.addi  a5, 4
core   0: 3 0x000000008000602e (0x0791) x15 0x0000000080005842
core   0: 0x0000000080006030 (0x34179073) csrrw   zero, mepc, a5
core   0: 3 0x0000000080006030 (0x34179073) c833_mepc 0x0000000080005842
core   0: 0x0000000080006034 (0x30200073) mret
core   0: 3 0x0000000080006034 (0x30200073) c768_mstatus 0x8000000a00106080
core   0: 0x0000000080005842 (0x406addb3) sra     s11, s5, t1
core   0: 1 0x0000000080005842 (0x406addb3) x27 0xffffffffffffffff
core   0: 0x0000000080005846 (0x403dd51b) sraiw   a0, s11, 3
core   0: 1 0x0000000080005846 (0x403dd51b) x10 0xffffffffffffffff
core   0: 0x000000008000584a (0x2317acd3) fsgnjx.d fs9, fa5, fa7
core   0: 1 0x000000008000584a (0x2317acd3) f25 0xffffffff44c2e000
core   0: 0x000000008000584e (0x30641ef3) csrrw   t4, mcounteren, s0
core   0: exception trap_illegal_instruction, epc 0x000000008000584e
core   0:           tval 0x0000000030641ef3
core   0: >>>>  $xrv64i2p1_m2p0_a2p1_f2p2_d2p2_zicsr2p0_zifencei2p0_zmmul1p0_zba1p0_zbb1p0_zbc1p0_zbs1p0
core   0: 0x0000000080004000 (0x0080006f) j       pc + 0x8
core   0: 3 0x0000000080004000 (0x0080006f)
core   0: >>>>  mmode_exception_handler
core   0: 0x0000000080004008 (0x00002c17) auipc   s8, 0x2
core   0: 3 0x0000000080004008 (0x00002c17) x24 0x0000000080006008
core   0: 0x000000008000400c (0xff2c0c13) addi    s8, s8, -14
core   0: 3 0x000000008000400c (0xff2c0c13) x24 0x0000000080005ffa
core   0: 0x0000000080004010 (0x000c00e7) jalr    s8
core   0: 3 0x0000000080004010 (0x000c00e7) x1  0x0000000080004014
core   0: >>>>  any_handler
core   0: 0x0000000080005ffa (0x341027f3) csrrs   a5, mepc, zero
core   0: 3 0x0000000080005ffa (0x341027f3) x15 0x000000008000584e
core   0: 0x0000000080005ffe (0x34202773) csrrs   a4, mcause, zero
core   0: 3 0x0000000080005ffe (0x34202773) x14 0x0000000000000002
core   0: 0x0000000080006002 (0x142026f3) csrrs   a3, scause, zero
core   0: 3 0x0000000080006002 (0x142026f3) x13 0x0000000000000000
core   0: 0x0000000080006006 (0x30402673) csrrs   a2, mie, zero
core   0: 3 0x0000000080006006 (0x30402673) x12 0x0000000000000a00
core   0: 0x000000008000600a (0x344025f3) csrrs   a1, mip, zero
core   0: 3 0x000000008000600a (0x344025f3) x11 0x0000000000000080
core   0: 0x000000008000600e (0x343025f3) csrrs   a1, mtval, zero
core   0: 3 0x000000008000600e (0x343025f3) x11 0x0000000030641ef3
core   0: 0x0000000080006012 (0x14302573) csrrs   a0, stval, zero
core   0: 3 0x0000000080006012 (0x14302573) x10 0x0000000000000500
core   0: 0x0000000080006016 (0xb02024f3) csrrs   s1, minstret, zero
core   0: 3 0x0000000080006016 (0xb02024f3) x9  0x0000000000001012
core   0: 0x000000008000601a (0x0000a811) c.j     pc + 20
core   0: 3 0x000000008000601a (0xa811)
core   0: >>>>  mepc_4
core   0: 0x000000008000602e (0x00000791) c.addi  a5, 4
core   0: 3 0x000000008000602e (0x0791) x15 0x0000000080005852
core   0: 0x0000000080006030 (0x34179073) csrrw   zero, mepc, a5
core   0: 3 0x0000000080006030 (0x34179073) c833_mepc 0x0000000080005852
core   0: 0x0000000080006034 (0x30200073) mret
core   0: 3 0x0000000080006034 (0x30200073) c768_mstatus 0x8000000a00106080
core   0: 0x0000000080005852 (0xc03e7553) fcvt.lu.s a0, ft8
core   0: 1 0x0000000080005852 (0xc03e7553) c1_fflags 0x000000000000001d x10 0xffffffffffffffff
core   0: 0x0000000080005856 (0x4014dd33) sra     s10, s1, ra
core   0: 1 0x0000000080005856 (0x4014dd33) x26 0x0000000000000000
core   0: 0x000000008000585a (0x03a4043b) mulw    s0, s0, s10
core   0: 1 0x000000008000585a (0x03a4043b) x8  0x0000000000000000
core   0: 0x000000008000585e (0x020d5293) srli    t0, s10, 32
core   0: 1 0x000000008000585e (0x020d5293) x5  0x0000000000000000
core   0: 0x0000000080005862 (0x47457613) andi    a2, a0, 1140
core   0: 1 0x0000000080005862 (0x47457613) x12 0x0000000000000474
core   0: 0x0000000080005866 (0xc02c7e53) fcvt.l.s t3, fs8
core   0: 1 0x0000000080005866 (0xc02c7e53) x28 0x0000000044b16000
core   0: 0x000000008000586a (0x420005d3) fcvt.d.s fa1, ft0
core   0: 1 0x000000008000586a (0x420005d3) f11 0x7ff8000000000000
core   0: 0x000000008000586e (0x00c928b3) slt     a7, s2, a2
core   0: 1 0x000000008000586e (0x00c928b3) x17 0x0000000000000000
core   0: 0x0000000080005872 (0xe20c02d3) fmv.x.d t0, fs8
core   0: 1 0x0000000080005872 (0xe20c02d3) x5  0xffffffff4e8962c0
core   0: 0x0000000080005876 (0x03d96d3b) remw    s10, s2, t4
core   0: 1 0x0000000080005876 (0x03d96d3b) x26 0x0000000000000500
core   0: 0x000000008000587a (0x0052c0b3) xor     ra, t0, t0
core   0: 1 0x000000008000587a (0x0052c0b3) x1  0x0000000000000000
core   0: 0x000000008000587e (0x415c5993) srai    s3, s8, 21
core   0: 1 0x000000008000587e (0x415c5993) x19 0x0000000000000400
core   0: 0x0000000080005882 (0x22b58ad3) fsgnj.d fs5, fa1, fa1
core   0: 1 0x0000000080005882 (0x22b58ad3) f21 0x7ff8000000000000
core   0: 0x0000000080005886 (0x0135e5b3) or      a1, a1, s3
core   0: 1 0x0000000080005886 (0x0135e5b3) x11 0x0000000030641ef3
core   0: 0x000000008000588a (0x01f5db9b) srliw   s7, a1, 31
core   0: 1 0x000000008000588a (0x01f5db9b) x23 0x0000000000000000
core   0: 0x000000008000588e (0x03c28333) mul     t1, t0, t3
core   0: 1 0x000000008000588e (0x03c28333) x6  0xd06188abcbc80000
core   0: 0x0000000080005892 (0xd022f7d3) fcvt.s.l fa5, t0
core   0: 1 0x0000000080005892 (0xd022f7d3) c1_fflags 0x000000000000001d f15 0xffffffffcf31769d
core   0: 0x0000000080005896 (0x00115293) srli    t0, sp, 1
core   0: 1 0x0000000080005896 (0x00115293) x5  0x00000000043f4800
core   0: 0x000000008000589a (0x02f775cb) fnmsub.d fa1, fa4, fa5, ft0
core   0: 1 0x000000008000589a (0x02f775cb) f11 0x7ff8000000000000
core   0: 0x000000008000589e (0x40ba5c3b) sraw    s8, s4, a1
core   0: 1 0x000000008000589e (0x40ba5c3b) x24 0xffffffffffffffff
core   0: 0x00000000800058a2 (0x1c328a9b) addiw   s5, t0, 451
core   0: 1 0x00000000800058a2 (0x1c328a9b) x21 0x00000000043f49c3
core   0: 0x00000000800058a6 (0x0276d5bb) divuw   a1, a3, t2
core   0: 1 0x00000000800058a6 (0x0276d5bb) x11 0x0000000000000000
core   0: 0x00000000800058aa (0x002a9ef3) csrrw   t4, frm, s5
core   0: 1 0x00000000800058aa (0x002a9ef3) x29 0x0000000000000000 c2_frm 0x0000000000000003
core   0: 0x00000000800058ae (0x8bf3f993) andi    s3, t2, -1857
core   0: 1 0x00000000800058ae (0x8bf3f993) x19 0x0000000000000000
core   0: 0x00000000800058b2 (0x0343f1bb) remuw   gp, t2, s4
core   0: 1 0x00000000800058b2 (0x0343f1bb) x3  0x0000000000000500
core   0: 0x00000000800058b6 (0x0157e4b3) or      s1, a5, s5
core   0: 1 0x00000000800058b6 (0x0157e4b3) x9  0x00000000843f59d3
core   0: 0x00000000800058ba (0x00191d9b) slliw   s11, s2, 1
core   0: 1 0x00000000800058ba (0x00191d9b) x27 0x0000000000000a00
core   0: 0x00000000800058be (0xa2030053) fle.d   zero, ft6, ft0
core   0: 1 0x00000000800058be (0xa2030053) c1_fflags 0x000000000000001d
core   0: 0x00000000800058c2 (0x02ed8dbb) mulw    s11, s11, a4
core   0: 1 0x00000000800058c2 (0x02ed8dbb) x27 0x0000000000001400
core   0: 0x00000000800058c6 (0xc2177453) fcvt.wu.d s0, fa4
core   0: 1 0x00000000800058c6 (0xc2177453) x8  0x0000000000000617
core   0: 0x00000000800058ca (0x22ec1ed3) fsgnjn.d ft9, fs8, fa4
core   0: 1 0x00000000800058ca (0x22ec1ed3) f29 0xffffffff4e8962c0
core   0: 0x00000000800058ce (0xa3858ad3) fle.d   s5, fa1, fs8
core   0: 1 0x00000000800058ce (0xa3858ad3) c1_fflags 0x000000000000001d x21 0x0000000000000000
core   0: 0x00000000800058d2 (0xd21e8253) fcvt.d.wu ft4, t4
core   0: 1 0x00000000800058d2 (0xd21e8253) f4  0x0000000000000000
core   0: 0x00000000800058d6 (0x03f29713) slli    a4, t0, 63
core   0: 1 0x00000000800058d6 (0x03f29713) x14 0x0000000000000000
core   0: 0x00000000800058da (0x03be7dd3) fadd.d  fs11, ft8, fs11
core   0: 1 0x00000000800058da (0x03be7dd3) f27 0x45efffecabfff855
core   0: 0x00000000800058de (0xd2198553) fcvt.d.wu fa0, s3
core   0: 1 0x00000000800058de (0xd2198553) f10 0x0000000000000000
core   0: 0x00000000800058e2 (0x0349e13b) remw    sp, s3, s4
core   0: 1 0x00000000800058e2 (0x0349e13b) x2  0x0000000000000000
core   0: 0x00000000800058e6 (0xc02272d3) fcvt.l.s t0, ft4
core   0: 1 0x00000000800058e6 (0xc02272d3) c1_fflags 0x000000000000001d x5  0x7fffffffffffffff
core   0: 0x00000000800058ea (0x400d5593) srai    a1, s10, 0
core   0: 1 0x00000000800058ea (0x400d5593) x11 0x0000000000000500
core   0: 0x00000000800058ee (0x6532ee93) ori     t4, t0, 1619
core   0: 1 0x00000000800058ee (0x6532ee93) x29 0x7fffffffffffffff
core   0: 0x00000000800058f2 (0x0a4df153) fsub.d  ft2, fs11, ft4
core   0: 1 0x00000000800058f2 (0x0a4df153) f2  0x45efffecabfff855
core   0: 0x00000000800058f6 (0x00000001) c.nop
core   0: 1 0x00000000800058f6 (0x0001)
core   0: 0x00000000800058f8 (0x02bed3bb) divuw   t2, t4, a1
core   0: 1 0x00000000800058f8 (0x02bed3bb) x7  0x0000000000333333
core   0: 0x00000000800058fc (0x03defb33) remu    s6, t4, t4
core   0: 1 0x00000000800058fc (0x03defb33) x22 0x0000000000000000
core   0: 0x0000000080005900 (0x01739bb3) sll     s7, t2, s7
core   0: 1 0x0000000080005900 (0x01739bb3) x23 0x0000000000333333
core   0: 0x0000000080005904 (0xc2157453) fcvt.wu.d s0, fa0
core   0: 1 0x0000000080005904 (0xc2157453) x8  0x0000000000000000
core   0: 0x0000000080005908 (0xd21387d3) fcvt.d.wu fa5, t2
core   0: 1 0x0000000080005908 (0xd21387d3) f15 0x4149999980000000
core   0: 0x000000008000590c (0xc8eb6193) ori     gp, s6, -882
core   0: 1 0x000000008000590c (0xc8eb6193) x3  0xfffffffffffffc8e
core   0: 0x0000000080005910 (0x011458bb) srlw    a7, s0, a7
core   0: 1 0x0000000080005910 (0x011458bb) x17 0x0000000000000000
core   0: 0x0000000080005914 (0x0038f333) and     t1, a7, gp
core   0: 1 0x0000000080005914 (0x0038f333) x6  0x0000000000000000
core   0: 0x0000000080005918 (0x41a8dc3b) sraw    s8, a7, s10
core   0: 1 0x0000000080005918 (0x41a8dc3b) x24 0x0000000000000000
core   0: 0x000000008000591c (0x4003d693) srai    a3, t2, 0
core   0: 1 0x000000008000591c (0x4003d693) x13 0x0000000000333333
core   0: 0x0000000080005920 (0x000085f5) c.srai  a1, 29
core   0: 1 0x0000000080005920 (0x85f5) x11 0x0000000000000000
core   0: 0x0000000080005922 (0x00b161b3) or      gp, sp, a1
core   0: 1 0x0000000080005922 (0x00b161b3) x3  0x0000000000000000
core   0: 0x0000000080005926 (0x40157f53) fcvt.s.d ft10, fa0
core   0: 1 0x0000000080005926 (0x40157f53) f30 0xffffffff00000000
core   0: 0x000000008000592a (0x0104f9b3) and     s3, s1, a6
core   0: 1 0x000000008000592a (0x0104f9b3) x19 0x0000000000000000
core   0: 0x000000008000592e (0xc027f3d3) fcvt.l.s t2, fa5
core   0: 1 0x000000008000592e (0xc027f3d3) c1_fflags 0x000000000000001d x7  0x7fffffffffffffff
core   0: 0x0000000080005932 (0x127a78cf) fnmadd.d fa7, fs4, ft7, ft2
core   0: 1 0x0000000080005932 (0x127a78cf) f17 0x7ff8000000000000
core   0: 0x0000000080005936 (0x0231543b) divuw   s0, sp, gp
core   0: 1 0x0000000080005936 (0x0231543b) x8  0xffffffffffffffff
core   0: 0x000000008000593a (0x0b28fdd3) fsub.d  fs11, fa7, fs2
core   0: 1 0x000000008000593a (0x0b28fdd3) f27 0x7ff8000000000000
core   0: 0x000000008000593e (0x10543373) csrrc   t1, stvec, s0
core   0: 1 0x000000008000593e (0x10543373) x6  0x0000000000000001 c261_stvec 0x0000000000000000
core   0: 0x0000000080005942 (0x00dddab3) srl     s5, s11, a3
core   0: 1 0x0000000080005942 (0x00dddab3) x21 0x0000000000000000
core   0: 0x0000000080005946 (0x1fd8ec13) ori     s8, a7, 509
core   0: 1 0x0000000080005946 (0x1fd8ec13) x24 0x00000000000001fd
core   0: 0x000000008000594a (0x00659a3b) sllw    s4, a1, t1
core   0: 1 0x000000008000594a (0x00659a3b) x20 0x0000000000000000
core   0: 0x000000008000594e (0xc00fdcf3) csrrwi  s9, cycle, 31
core   0: exception trap_illegal_instruction, epc 0x000000008000594e
core   0:           tval 0x00000000c00fdcf3
core   0: >>>>  $xrv64i2p1_m2p0_a2p1_f2p2_d2p2_zicsr2p0_zifencei2p0_zmmul1p0_zba1p0_zbb1p0_zbc1p0_zbs1p0
core   0: 0x0000000080004000 (0x0080006f) j       pc + 0x8
core   0: 3 0x0000000080004000 (0x0080006f)
core   0: >>>>  mmode_exception_handler
core   0: 0x0000000080004008 (0x00002c17) auipc   s8, 0x2
core   0: 3 0x0000000080004008 (0x00002c17) x24 0x0000000080006008
core   0: 0x000000008000400c (0xff2c0c13) addi    s8, s8, -14
core   0: 3 0x000000008000400c (0xff2c0c13) x24 0x0000000080005ffa
core   0: 0x0000000080004010 (0x000c00e7) jalr    s8
core   0: 3 0x0000000080004010 (0x000c00e7) x1  0x0000000080004014
core   0: >>>>  any_handler
core   0: 0x0000000080005ffa (0x341027f3) csrrs   a5, mepc, zero
core   0: 3 0x0000000080005ffa (0x341027f3) x15 0x000000008000594e
core   0: 0x0000000080005ffe (0x34202773) csrrs   a4, mcause, zero
core   0: 3 0x0000000080005ffe (0x34202773) x14 0x0000000000000002
core   0: 0x0000000080006002 (0x142026f3) csrrs   a3, scause, zero
core   0: 3 0x0000000080006002 (0x142026f3) x13 0x0000000000000000
core   0: 0x0000000080006006 (0x30402673) csrrs   a2, mie, zero
core   0: 3 0x0000000080006006 (0x30402673) x12 0x0000000000000a00
core   0: 0x000000008000600a (0x344025f3) csrrs   a1, mip, zero
core   0: 3 0x000000008000600a (0x344025f3) x11 0x0000000000000080
core   0: 0x000000008000600e (0x343025f3) csrrs   a1, mtval, zero
core   0: 3 0x000000008000600e (0x343025f3) x11 0x00000000c00fdcf3
core   0: 0x0000000080006012 (0x14302573) csrrs   a0, stval, zero
core   0: 3 0x0000000080006012 (0x14302573) x10 0x0000000000000500
core   0: 0x0000000080006016 (0xb02024f3) csrrs   s1, minstret, zero
core   0: 3 0x0000000080006016 (0xb02024f3) x9  0x0000000000001062
core   0: 0x000000008000601a (0x0000a811) c.j     pc + 20
core   0: 3 0x000000008000601a (0xa811)
core   0: >>>>  mepc_4
core   0: 0x000000008000602e (0x00000791) c.addi  a5, 4
core   0: 3 0x000000008000602e (0x0791) x15 0x0000000080005952
core   0: 0x0000000080006030 (0x34179073) csrrw   zero, mepc, a5
core   0: 3 0x0000000080006030 (0x34179073) c833_mepc 0x0000000080005952
core   0: 0x0000000080006034 (0x30200073) mret
core   0: 3 0x0000000080006034 (0x30200073) c768_mstatus 0x8000000a00106080
core   0: 0x0000000080005952 (0xa2f389d3) fle.d   s3, ft7, fa5
core   0: 1 0x0000000080005952 (0xa2f389d3) c1_fflags 0x000000000000001d x19 0x0000000000000000
core   0: 0x0000000080005956 (0x00091d93) slli    s11, s2, 0
core   0: 1 0x0000000080005956 (0x00091d93) x27 0x0000000000000500
core   0: 0x000000008000595a (0x010875b3) and     a1, a6, a6
core   0: 1 0x000000008000595a (0x010875b3) x11 0x0000000000000000
core   0: 0x000000008000595e (0xd2190cd3) fcvt.d.wu fs9, s2
core   0: 1 0x000000008000595e (0xd2190cd3) f25 0x4094000000000000
core   0: 0x0000000080005962 (0x8e387b93) andi    s7, a6, -1821
core   0: 1 0x0000000080005962 (0x8e387b93) x23 0x0000000000000000
core   0: 0x0000000080005966 (0x01959133) sll     sp, a1, s9
core   0: 1 0x0000000080005966 (0x01959133) x2  0x0000000000000000
core   0: 0x000000008000596a (0x7e46f693) andi    a3, a3, 2020
core   0: 1 0x000000008000596a (0x7e46f693) x13 0x0000000000000000
core   0: 0x000000008000596e (0x40add71b) sraiw   a4, s11, 10
core   0: 1 0x000000008000596e (0x40add71b) x14 0x0000000000000001
core   0: 0x0000000080005972 (0x03054d3b) divw    s10, a0, a6
core   0: 1 0x0000000080005972 (0x03054d3b) x26 0xffffffffffffffff
core   0: 0x0000000080005976 (0x00115113) srli    sp, sp, 1
core   0: 1 0x0000000080005976 (0x00115113) x2  0x0000000000000000
core   0: 0x000000008000597a (0xf20302d3) fmv.d.x ft5, t1
core   0: 1 0x000000008000597a (0xf20302d3) f5  0x0000000000000001
core   0: 0x000000008000597e (0xd02671d3) fcvt.s.l ft3, a2
core   0: 1 0x000000008000597e (0xd02671d3) f3  0xffffffff45200000
core   0: 0x0000000080005982 (0x000082a2) c.mv    t0, s0
core   0: 1 0x0000000080005982 (0x82a2) x5  0xffffffffffffffff
core   0: 0x0000000080005984 (0x1a527153) fdiv.d  ft2, ft4, ft5
core   0: 1 0x0000000080005984 (0x1a527153) f2  0x0000000000000000
core   0: 0x0000000080005988 (0x0226b6b3) mulhu   a3, a3, sp
core   0: 1 0x0000000080005988 (0x0226b6b3) x13 0x0000000000000000
core   0: 0x000000008000598c (0xf2060453) fmv.d.x fs0, a2
core   0: 1 0x000000008000598c (0xf2060453) f8  0x0000000000000a00
core   0: 0x0000000080005990 (0xa3d20053) fle.d   zero, ft4, ft9
core   0: 1 0x0000000080005990 (0xa3d20053) c1_fflags 0x000000000000001d
core   0: 0x0000000080005994 (0x015eed33) or      s10, t4, s5
core   0: 1 0x0000000080005994 (0x015eed33) x26 0x7fffffffffffffff
core   0: 0x0000000080005998 (0xa2819c53) flt.d   s8, ft3, fs0
core   0: 1 0x0000000080005998 (0xa2819c53) c1_fflags 0x000000000000001d x24 0x0000000000000000
core   0: 0x000000008000599c (0xf1b4c197) auipc   gp, 0xf1b4c
core   0: 1 0x000000008000599c (0xf1b4c197) x3  0x0000000071b5199c
core   0: 0x00000000800059a0 (0x01fe161b) slliw   a2, t3, 31
core   0: 1 0x00000000800059a0 (0x01fe161b) x12 0x0000000000000000
core   0: 0x00000000800059a4 (0x01d36eb3) or      t4, t1, t4
core   0: 1 0x00000000800059a4 (0x01d36eb3) x29 0x7fffffffffffffff
core   0: 0x00000000800059a8 (0xf63ef013) andi    zero, t4, -157
core   0: 1 0x00000000800059a8 (0xf63ef013)
core   0: 0x00000000800059ac (0x01d8c933) xor     s2, a7, t4
core   0: 1 0x00000000800059ac (0x01d8c933) x18 0x7fffffffffffffff
core   0: 0x00000000800059b0 (0xd2048cd3) fcvt.d.w fs9, s1
core   0: 1 0x00000000800059b0 (0xd2048cd3) f25 0x40b0620000000000
core   0: 0x00000000800059b4 (0x03a61ab3) mulh    s5, a2, s10
core   0: 1 0x00000000800059b4 (0x03a61ab3) x21 0x0000000000000000
core   0: 0x00000000800059b8 (0x035e7eb3) remu    t4, t3, s5
core   0: 1 0x00000000800059b8 (0x035e7eb3) x29 0x0000000044b16000
core   0: 0x00000000800059bc (0x021290b3) mulh    ra, t0, ra
core   0: 1 0x00000000800059bc (0x021290b3) x1  0xffffffffffffffff
core   0: 0x00000000800059c0 (0x41fb529b) sraiw   t0, s6, 31
core   0: 1 0x00000000800059c0 (0x41fb529b) x5  0x0000000000000000
core   0: 0x00000000800059c4 (0x000a9c9b) slliw   s9, s5, 0
core   0: 1 0x00000000800059c4 (0x000a9c9b) x25 0x0000000000000000
core   0: 0x00000000800059c8 (0x01aa533b) srlw    t1, s4, s10
core   0: 1 0x00000000800059c8 (0x01aa533b) x6  0x0000000000000000
core   0: 0x00000000800059cc (0x1045b5f3) csrrc   a1, sie, a1
core   0: 1 0x00000000800059cc (0x1045b5f3) x11 0x0000000000000000 c772_mie 0x0000000000000a00
core   0: 0x00000000800059d0 (0xd2120fd3) fcvt.d.wu ft11, tp
core   0: 1 0x00000000800059d0 (0xd2120fd3) f31 0x0000000000000000
core   0: 0x00000000800059d4 (0x800a089b) addiw   a7, s4, -2048
core   0: 1 0x00000000800059d4 (0x800a089b) x17 0xfffffffffffff800
core   0: 0x00000000800059d8 (0x2b4d0253) fmin.d  ft4, fs10, fs4
core   0: 1 0x00000000800059d8 (0x2b4d0253) f4  0x403d000000000000
core   0: 0x00000000800059dc (0x8a24e913) ori     s2, s1, -1886
core   0: 1 0x00000000800059dc (0x8a24e913) x18 0xfffffffffffff8e2
core   0: 0x00000000800059e0 (0x02659633) mulh    a2, a1, t1
core   0: 1 0x00000000800059e0 (0x02659633) x12 0x0000000000000000
core   0: 0x00000000800059e4 (0x02c4a8b3) mulhsu  a7, s1, a2
core   0: 1 0x00000000800059e4 (0x02c4a8b3) x17 0x0000000000000000
core   0: 0x00000000800059e8 (0x03261c33) mulh    s8, a2, s2
core   0: 1 0x00000000800059e8 (0x03261c33) x24 0x0000000000000000
core   0: 0x00000000800059ec (0x00cc5413) srli    s0, s8, 12
core   0: 1 0x00000000800059ec (0x00cc5413) x8  0x0000000000000000
core   0: 0x00000000800059f0 (0x413a5a33) sra     s4, s4, s3
core   0: 1 0x00000000800059f0 (0x413a5a33) x20 0x0000000000000000
core   0: 0x00000000800059f4 (0x550a8597) auipc   a1, 0x550a8
core   0: 1 0x00000000800059f4 (0x550a8597) x11 0x00000000d50ad9f4
core   0: 0x00000000800059f8 (0xcbf89117) auipc   sp, 0xcbf89
core   0: 1 0x00000000800059f8 (0xcbf89117) x2  0x000000004bf8e9f8
core   0: 0x00000000800059fc (0x00264c33) xor     s8, a2, sp
core   0: 1 0x00000000800059fc (0x00264c33) x24 0x000000004bf8e9f8
core   0: 0x0000000080005a00 (0x235f8ad3) fsgnj.d fs5, ft11, fs5
core   0: 1 0x0000000080005a00 (0x235f8ad3) f21 0x0000000000000000
core   0: 0x0000000080005a04 (0x018202bb) addw    t0, tp, s8
core   0: 1 0x0000000080005a04 (0x018202bb) x5  0x000000004bf8e9f8
core   0: 0x0000000080005a08 (0x3200d273) csrrwi  tp, mcountinhibit, 1
core   0: exception trap_illegal_instruction, epc 0x0000000080005a08
core   0:           tval 0x000000003200d273
core   0: >>>>  $xrv64i2p1_m2p0_a2p1_f2p2_d2p2_zicsr2p0_zifencei2p0_zmmul1p0_zba1p0_zbb1p0_zbc1p0_zbs1p0
core   0: 0x0000000080004000 (0x0080006f) j       pc + 0x8
core   0: 3 0x0000000080004000 (0x0080006f)
core   0: >>>>  mmode_exception_handler
core   0: 0x0000000080004008 (0x00002c17) auipc   s8, 0x2
core   0: 3 0x0000000080004008 (0x00002c17) x24 0x0000000080006008
core   0: 0x000000008000400c (0xff2c0c13) addi    s8, s8, -14
core   0: 3 0x000000008000400c (0xff2c0c13) x24 0x0000000080005ffa
core   0: 0x0000000080004010 (0x000c00e7) jalr    s8
core   0: 3 0x0000000080004010 (0x000c00e7) x1  0x0000000080004014
core   0: >>>>  any_handler
core   0: 0x0000000080005ffa (0x341027f3) csrrs   a5, mepc, zero
core   0: 3 0x0000000080005ffa (0x341027f3) x15 0x0000000080005a08
core   0: 0x0000000080005ffe (0x34202773) csrrs   a4, mcause, zero
core   0: 3 0x0000000080005ffe (0x34202773) x14 0x0000000000000002
core   0: 0x0000000080006002 (0x142026f3) csrrs   a3, scause, zero
core   0: 3 0x0000000080006002 (0x142026f3) x13 0x0000000000000000
core   0: 0x0000000080006006 (0x30402673) csrrs   a2, mie, zero
core   0: 3 0x0000000080006006 (0x30402673) x12 0x0000000000000a00
core   0: 0x000000008000600a (0x344025f3) csrrs   a1, mip, zero
core   0: 3 0x000000008000600a (0x344025f3) x11 0x0000000000000080
core   0: 0x000000008000600e (0x343025f3) csrrs   a1, mtval, zero
core   0: 3 0x000000008000600e (0x343025f3) x11 0x000000003200d273
core   0: 0x0000000080006012 (0x14302573) csrrs   a0, stval, zero
core   0: 3 0x0000000080006012 (0x14302573) x10 0x0000000000000500
core   0: 0x0000000080006016 (0xb02024f3) csrrs   s1, minstret, zero
core   0: 3 0x0000000080006016 (0xb02024f3) x9  0x00000000000010a0
core   0: 0x000000008000601a (0x0000a811) c.j     pc + 20
core   0: 3 0x000000008000601a (0xa811)
core   0: >>>>  mepc_4
core   0: 0x000000008000602e (0x00000791) c.addi  a5, 4
core   0: 3 0x000000008000602e (0x0791) x15 0x0000000080005a0c
core   0: 0x0000000080006030 (0x34179073) csrrw   zero, mepc, a5
core   0: 3 0x0000000080006030 (0x34179073) c833_mepc 0x0000000080005a0c
core   0: 0x0000000080006034 (0x30200073) mret
core   0: 3 0x0000000080006034 (0x30200073) c768_mstatus 0x8000000a00106080
core   0: 0x0000000080005a0c (0xc06072f3) csrrci  t0, hpmcounter6, 0
core   0: exception trap_illegal_instruction, epc 0x0000000080005a0c
core   0:           tval 0x00000000c06072f3
core   0: >>>>  $xrv64i2p1_m2p0_a2p1_f2p2_d2p2_zicsr2p0_zifencei2p0_zmmul1p0_zba1p0_zbb1p0_zbc1p0_zbs1p0
core   0: 0x0000000080004000 (0x0080006f) j       pc + 0x8
core   0: 3 0x0000000080004000 (0x0080006f)
core   0: >>>>  mmode_exception_handler
core   0: 0x0000000080004008 (0x00002c17) auipc   s8, 0x2
core   0: 3 0x0000000080004008 (0x00002c17) x24 0x0000000080006008
core   0: 0x000000008000400c (0xff2c0c13) addi    s8, s8, -14
core   0: 3 0x000000008000400c (0xff2c0c13) x24 0x0000000080005ffa
core   0: 0x0000000080004010 (0x000c00e7) jalr    s8
core   0: 3 0x0000000080004010 (0x000c00e7) x1  0x0000000080004014
core   0: >>>>  any_handler
core   0: 0x0000000080005ffa (0x341027f3) csrrs   a5, mepc, zero
core   0: 3 0x0000000080005ffa (0x341027f3) x15 0x0000000080005a0c
core   0: 0x0000000080005ffe (0x34202773) csrrs   a4, mcause, zero
core   0: 3 0x0000000080005ffe (0x34202773) x14 0x0000000000000002
core   0: 0x0000000080006002 (0x142026f3) csrrs   a3, scause, zero
core   0: 3 0x0000000080006002 (0x142026f3) x13 0x0000000000000000
core   0: 0x0000000080006006 (0x30402673) csrrs   a2, mie, zero
core   0: 3 0x0000000080006006 (0x30402673) x12 0x0000000000000a00
core   0: 0x000000008000600a (0x344025f3) csrrs   a1, mip, zero
core   0: 3 0x000000008000600a (0x344025f3) x11 0x0000000000000080
core   0: 0x000000008000600e (0x343025f3) csrrs   a1, mtval, zero
core   0: 3 0x000000008000600e (0x343025f3) x11 0x00000000c06072f3
core   0: 0x0000000080006012 (0x14302573) csrrs   a0, stval, zero
core   0: 3 0x0000000080006012 (0x14302573) x10 0x0000000000000500
core   0: 0x0000000080006016 (0xb02024f3) csrrs   s1, minstret, zero
core   0: 3 0x0000000080006016 (0xb02024f3) x9  0x00000000000010b0
core   0: 0x000000008000601a (0x0000a811) c.j     pc + 20
core   0: 3 0x000000008000601a (0xa811)
core   0: >>>>  mepc_4
core   0: 0x000000008000602e (0x00000791) c.addi  a5, 4
core   0: 3 0x000000008000602e (0x0791) x15 0x0000000080005a10
core   0: 0x0000000080006030 (0x34179073) csrrw   zero, mepc, a5
core   0: 3 0x0000000080006030 (0x34179073) c833_mepc 0x0000000080005a10
core   0: 0x0000000080006034 (0x30200073) mret
core   0: 3 0x0000000080006034 (0x30200073) c768_mstatus 0x8000000a00106080
core   0: 0x0000000080005a10 (0x02eabb33) mulhu   s6, s5, a4
core   0: 1 0x0000000080005a10 (0x02eabb33) x22 0x0000000000000000
core   0: 0x0000000080005a14 (0x00d21413) slli    s0, tp, 13
core   0: 1 0x0000000080005a14 (0x00d21413) x8  0x0000000000000000
core   0: 0x0000000080005a18 (0x23faa5d3) fsgnjx.d fa1, fs5, ft11
core   0: 1 0x0000000080005a18 (0x23faa5d3) f11 0x0000000000000000
core   0: 0x0000000080005a1c (0x032630b3) mulhu   ra, a2, s2
core   0: 1 0x0000000080005a1c (0x032630b3) x1  0x00000000000009ff
core   0: 0x0000000080005a20 (0x0297e733) rem     a4, a5, s1
core   0: 1 0x0000000080005a20 (0x0297e733) x14 0x00000000000008a0
core   0: 0x0000000080005a24 (0x01108b33) add     s6, ra, a7
core   0: 1 0x0000000080005a24 (0x01108b33) x22 0x00000000000009ff
core   0: 0x0000000080005a28 (0xc2107153) fcvt.wu.d sp, ft0
core   0: 1 0x0000000080005a28 (0xc2107153) c1_fflags 0x000000000000001d x2  0xffffffffffffffff
core   0: 0x0000000080005a2c (0x7b5bfd4b) fnmsub.d fs10, fs7, fs5, fa5
core   0: 1 0x0000000080005a2c (0x7b5bfd4b) f26 0x4149999980000000
core   0: 0x0000000080005a30 (0x1bf5fa53) fdiv.d  fs4, fa1, ft11
core   0: 1 0x0000000080005a30 (0x1bf5fa53) c1_fflags 0x000000000000001d f20 0x7ff8000000000000
core   0: 0x0000000080005a34 (0x9b9ff9cb) fnmsub.d fs3, ft11, fs9, fs3
core   0: 1 0x0000000080005a34 (0x9b9ff9cb) f19 0x7ff8000000000000
core   0: 0x0000000080005a38 (0x40270133) sub     sp, a4, sp
core   0: 1 0x0000000080005a38 (0x40270133) x2  0x00000000000008a1
core   0: 0x0000000080005a3c (0x5a0a7c53) fsqrt.d fs8, fs4
core   0: 1 0x0000000080005a3c (0x5a0a7c53) f24 0x7ff8000000000000
core   0: 0x0000000080005a40 (0xc22af053) fcvt.l.d zero, fs5
core   0: 1 0x0000000080005a40 (0xc22af053)
core   0: 0x0000000080005a44 (0x420d0fd3) fcvt.d.s ft11, fs10
core   0: 1 0x0000000080005a44 (0x420d0fd3) f31 0x7ff8000000000000
core   0: 0x0000000080005a48 (0x22c12b53) fsgnjx.d fs6, ft2, fa2
core   0: 1 0x0000000080005a48 (0x22c12b53) f22 0x8000000000000000
core   0: 0x0000000080005a4c (0x02a8e53b) remw    a0, a7, a0
core   0: 1 0x0000000080005a4c (0x02a8e53b) x10 0x0000000000000000
core   0: 0x0000000080005a50 (0x122b7953) fmul.d  fs2, fs6, ft2
core   0: 1 0x0000000080005a50 (0x122b7953) f18 0x8000000000000000
core   0: 0x0000000080005a54 (0xfff06813) ori     a6, zero, -1
core   0: 1 0x0000000080005a54 (0xfff06813) x16 0xffffffffffffffff
core   0: 0x0000000080005a58 (0xfff0e093) ori     ra, ra, -1
core   0: 1 0x0000000080005a58 (0xfff0e093) x1  0xffffffffffffffff
core   0: 0x0000000080005a5c (0x02205733) divu    a4, zero, sp
core   0: 1 0x0000000080005a5c (0x02205733) x14 0x0000000000000000
core   0: 0x0000000080005a60 (0x008c5313) srli    t1, s8, 8
core   0: 1 0x0000000080005a60 (0x008c5313) x6  0x000000000080005f
core   0: 0x0000000080005a64 (0xd21309d3) fcvt.d.wu fs3, t1
core   0: 1 0x0000000080005a64 (0xd21309d3) f19 0x4160000be0000000
core   0: 0x0000000080005a68 (0xd671a793) slti    a5, gp, -665
core   0: 1 0x0000000080005a68 (0xd671a793) x15 0x0000000000000000
core   0: 0x0000000080005a6c (0xf830bbb7) lui     s7, 0xf830b
core   0: 1 0x0000000080005a6c (0xf830bbb7) x23 0xfffffffff830b000
core   0: 0x0000000080005a70 (0x2c3b8b9b) addiw   s7, s7, 707
core   0: 1 0x0000000080005a70 (0x2c3b8b9b) x23 0xfffffffff830b2c3
core   0: 0x0000000080005a74 (0x00000bb2) c.slli  s7, 12
core   0: 1 0x0000000080005a74 (0x0bb2) x23 0xffffff830b2c3000
core   0: 0x0000000080005a76 (0x756b8b93) addi    s7, s7, 1878
core   0: 1 0x0000000080005a76 (0x756b8b93) x23 0xffffff830b2c3756
core   0: 0x0000000080005a7a (0x00f1961b) slliw   a2, gp, 15
core   0: 1 0x0000000080005a7a (0x00f1961b) x12 0xffffffff8cce0000
core   0: 0x0000000080005a7e (0x01717b33) and     s6, sp, s7
core   0: 1 0x0000000080005a7e (0x01717b33) x22 0x0000000000000000
core   0: 0x0000000080005a82 (0x402606bb) subw    a3, a2, sp
core   0: 1 0x0000000080005a82 (0x402606bb) x13 0xffffffff8ccdf75f
core   0: 0x0000000080005a86 (0x0b2b75d3) fsub.d  fa1, fs6, fs2
core   0: 1 0x0000000080005a86 (0x0b2b75d3) f11 0x0000000000000000
core   0: 0x0000000080005a8a (0x02675d93) srli    s11, a4, 38
core   0: 1 0x0000000080005a8a (0x02675d93) x27 0x0000000000000000
core   0: 0x0000000080005a8e (0x2ab69e53) fmax.d  ft8, fa3, fa1
core   0: 1 0x0000000080005a8e (0x2ab69e53) f28 0x0000000000000000
core   0: 0x0000000080005a92 (0x016d88bb) addw    a7, s11, s6
core   0: 1 0x0000000080005a92 (0x016d88bb) x17 0x0000000000000000
core   0: 0x0000000080005a96 (0x5a067953) fsqrt.d fs2, fa2
core   0: 1 0x0000000080005a96 (0x5a067953) f18 0x7ff8000000000000
core   0: 0x0000000080005a9a (0x0b8972d3) fsub.d  ft5, fs2, fs8
core   0: 1 0x0000000080005a9a (0x0b8972d3) f5  0x7ff8000000000000
core   0: 0x0000000080005a9e (0x19cd0e1b) addiw   t3, s10, 412
core   0: 1 0x0000000080005a9e (0x19cd0e1b) x28 0x000000000000019b
core   0: 0x0000000080005aa2 (0xd23975d3) fcvt.d.lu fa1, s2
core   0: 1 0x0000000080005aa2 (0xd23975d3) c1_fflags 0x000000000000001d f11 0x43f0000000000000
core   0: 0x0000000080005aa6 (0x00000001) c.nop
core   0: 1 0x0000000080005aa6 (0x0001)
core   0: 0x0000000080005aa8 (0x6d4dc013) xori    zero, s11, 1748
core   0: 1 0x0000000080005aa8 (0x6d4dc013)
core   0: 0x0000000080005aac (0x0ff0000f) fence   iorw,iorw
core   0: 1 0x0000000080005aac (0x0ff0000f)
core   0: 0x0000000080005ab0 (0x00000001) c.nop
core   0: 1 0x0000000080005ab0 (0x0001)
core   0: 0x0000000080005ab2 (0x03cb0c3b) mulw    s8, s6, t3
core   0: 1 0x0000000080005ab2 (0x03cb0c3b) x24 0x0000000000000000
core   0: 0x0000000080005ab6 (0x4078573b) sraw    a4, a6, t2
core   0: 1 0x0000000080005ab6 (0x4078573b) x14 0xffffffffffffffff
core   0: 0x0000000080005aba (0x41ea5b9b) sraiw   s7, s4, 30
core   0: 1 0x0000000080005aba (0x41ea5b9b) x23 0x0000000000000000
core   0: 0x0000000080005abe (0xd20b8f53) fcvt.d.w ft10, s7
core   0: 1 0x0000000080005abe (0xd20b8f53) f30 0x0000000000000000
core   0: 0x0000000080005ac2 (0x88547a93) andi    s5, s0, -1915
core   0: 1 0x0000000080005ac2 (0x88547a93) x21 0x0000000000000000
core   0: 0x0000000080005ac6 (0x0130ab33) slt     s6, ra, s3
core   0: 1 0x0000000080005ac6 (0x0130ab33) x22 0x0000000000000001
core   0: 0x0000000080005aca (0x42040ad3) fcvt.d.s fs5, fs0
core   0: 1 0x0000000080005aca (0x42040ad3) f21 0x7ff8000000000000
core   0: 0x0000000080005ace (0x7ff7c193) xori    gp, a5, 2047
core   0: 1 0x0000000080005ace (0x7ff7c193) x3  0x00000000000007ff
core   0: 0x0000000080005ad2 (0x007c05bb) addw    a1, s8, t2
core   0: 1 0x0000000080005ad2 (0x007c05bb) x11 0xffffffffffffffff
core   0: 0x0000000080005ad6 (0x028efdd3) fadd.d  fs11, ft9, fs0
core   0: 1 0x0000000080005ad6 (0x028efdd3) f27 0x7ff8000000000000
core   0: 0x0000000080005ada (0x0065813b) addw    sp, a1, t1
core   0: 1 0x0000000080005ada (0x0065813b) x2  0x000000000080005e
core   0: 0x0000000080005ade (0x40035793) srai    a5, t1, 0
core   0: 1 0x0000000080005ade (0x40035793) x15 0x000000000080005f
core   0: 0x0000000080005ae2 (0xd2018bd3) fcvt.d.w fs7, gp
core   0: 1 0x0000000080005ae2 (0xd2018bd3) f23 0x409ffc0000000000
core   0: 0x0000000080005ae6 (0x0065d3b3) srl     t2, a1, t1
core   0: 1 0x0000000080005ae6 (0x0065d3b3) x7  0x00000001ffffffff
core   0: 0x0000000080005aea (0x0bb2fb53) fsub.d  fs6, ft5, fs11
core   0: 1 0x0000000080005aea (0x0bb2fb53) f22 0x7ff8000000000000
core   0: 0x0000000080005aee (0x00008296) c.mv    t0, t0
core   0: 1 0x0000000080005aee (0x8296) x5  0x000000004bf8e9f8
core   0: 0x0000000080005af0 (0x002023f3) csrrs   t2, frm, zero
core   0: 1 0x0000000080005af0 (0x002023f3) x7  0x0000000000000003
core   0: 0x0000000080005af4 (0x00049c1b) slliw   s8, s1, 0
core   0: 1 0x0000000080005af4 (0x00049c1b) x24 0x00000000000010b0
core   0: 0x0000000080005af8 (0xd0247bd3) fcvt.s.l fs7, s0
core   0: 1 0x0000000080005af8 (0xd0247bd3) f23 0xffffffff00000000
core   0: 0x0000000080005afc (0xe20a8953) fmv.x.d s2, fs5
core   0: 1 0x0000000080005afc (0xe20a8953) x18 0x7ff8000000000000
core   0: 0x0000000080005b00 (0x23bd9353) fsgnjn.d ft6, fs11, fs11
core   0: 1 0x0000000080005b00 (0x23bd9353) f6  0xfff8000000000000
core   0: 0x0000000080005b04 (0x01f9561b) srliw   a2, s2, 31
core   0: 1 0x0000000080005b04 (0x01f9561b) x12 0x0000000000000000
core   0: 0x0000000080005b08 (0x00c50e33) add     t3, a0, a2
core   0: 1 0x0000000080005b08 (0x00c50e33) x28 0x0000000000000000
core   0: 0x0000000080005b0c (0x02c95dbb) divuw   s11, s2, a2
core   0: 1 0x0000000080005b0c (0x02c95dbb) x27 0xffffffffffffffff
core   0: 0x0000000080005b10 (0xc23372d3) fcvt.lu.d t0, ft6
core   0: 1 0x0000000080005b10 (0xc23372d3) c1_fflags 0x000000000000001d x5  0xffffffffffffffff
core   0: 0x0000000080005b14 (0x00091c1b) slliw   s8, s2, 0
core   0: 1 0x0000000080005b14 (0x00091c1b) x24 0x0000000000000000
core   0: 0x0000000080005b18 (0x02a867bb) remw    a5, a6, a0
core   0: 1 0x0000000080005b18 (0x02a867bb) x15 0xffffffffffffffff
core   0: 0x0000000080005b1c (0x0115e1b3) or      gp, a1, a7
core   0: 1 0x0000000080005b1c (0x0115e1b3) x3  0xffffffffffffffff
core   0: 0x0000000080005b20 (0x03631233) mulh    tp, t1, s6
core   0: 1 0x0000000080005b20 (0x03631233) x4  0x0000000000000000
core   0: 0x0000000080005b24 (0x00b75e1b) srliw   t3, a4, 11
core   0: 1 0x0000000080005b24 (0x00b75e1b) x28 0x00000000001fffff
core   0: 0x0000000080005b28 (0x40c65e3b) sraw    t3, a2, a2
core   0: 1 0x0000000080005b28 (0x40c65e3b) x28 0x0000000000000000
core   0: 0x0000000080005b2c (0x001613f3) csrrw   t2, fflags, a2
core   0: 1 0x0000000080005b2c (0x001613f3) x7  0x000000000000001d c1_fflags 0x0000000000000000
core   0: 0x0000000080005b30 (0x028db5b3) mulhu   a1, s11, s0
core   0: 1 0x0000000080005b30 (0x028db5b3) x11 0x0000000000000000
core   0: 0x0000000080005b34 (0xe20302d3) fmv.x.d t0, ft6
core   0: 1 0x0000000080005b34 (0xe20302d3) x5  0xfff8000000000000
core   0: 0x0000000080005b38 (0xb2e3774b) fnmsub.d fa4, ft6, fa4, fs6
core   0: 1 0x0000000080005b38 (0xb2e3774b) f14 0x7ff8000000000000
core   0: 0x0000000080005b3c (0xc20377d3) fcvt.w.d a5, ft6
core   0: 1 0x0000000080005b3c (0xc20377d3) c1_fflags 0x0000000000000010 x15 0x000000007fffffff
core   0: 0x0000000080005b40 (0x02144a33) div     s4, s0, ra
core   0: 1 0x0000000080005b40 (0x02144a33) x20 0x0000000000000000
core   0: 0x0000000080005b44 (0x0116db13) srli    s6, a3, 17
core   0: 1 0x0000000080005b44 (0x0116db13) x22 0x00007fffffffc666
core   0: 0x0000000080005b48 (0x5a0d74d3) fsqrt.d fs1, fs10
core   0: 1 0x0000000080005b48 (0x5a0d74d3) c1_fflags 0x0000000000000011 f9  0x409c9f25b7705af3
core   0: 0x0000000080005b4c (0x03259933) mulh    s2, a1, s2
core   0: 1 0x0000000080005b4c (0x03259933) x18 0x0000000000000000
core   0: 0x0000000080005b50 (0x00db521b) srliw   tp, s6, 13
core   0: 1 0x0000000080005b50 (0x00db521b) x4  0x000000000007fffe
core   0: 0x0000000080005b54 (0x416a8333) sub     t1, s5, s6
core   0: 1 0x0000000080005b54 (0x416a8333) x6  0xffff80000000399a
core   0: 0x0000000080005b58 (0x001024f3) csrrs   s1, fflags, zero
core   0: 1 0x0000000080005b58 (0x001024f3) x9  0x0000000000000011
core   0: 0x0000000080005b5c (0x0ff0000f) fence   iorw,iorw
core   0: 1 0x0000000080005b5c (0x0ff0000f)
core   0: 0x0000000080005b60 (0x02461a13) slli    s4, a2, 36
core   0: 1 0x0000000080005b60 (0x02461a13) x20 0x0000000000000000
core   0: 0x0000000080005b64 (0x022cfcb3) remu    s9, s9, sp
core   0: 1 0x0000000080005b64 (0x022cfcb3) x25 0x0000000000000000
core   0: 0x0000000080005b68 (0x01b1db1b) srliw   s6, gp, 27
core   0: 1 0x0000000080005b68 (0x01b1db1b) x22 0x000000000000001f
core   0: 0x0000000080005b6c (0x4063033b) subw    t1, t1, t1
core   0: 1 0x0000000080005b6c (0x4063033b) x6  0x0000000000000000
core   0: 0x0000000080005b70 (0x02435733) divu    a4, t1, tp
core   0: 1 0x0000000080005b70 (0x02435733) x14 0x0000000000000000
core   0: 0x0000000080005b74 (0x8b487c43) fmadd.d fs8, fa6, fs4, fa7
core   0: 1 0x0000000080005b74 (0x8b487c43) f24 0x7ff8000000000000
core   0: 0x0000000080005b78 (0x032be9bb) remw    s3, s7, s2
core   0: 1 0x0000000080005b78 (0x032be9bb) x19 0x0000000000000000
core   0: 0x0000000080005b7c (0x03887853) fadd.d  fa6, fa6, fs8
core   0: 1 0x0000000080005b7c (0x03887853) f16 0x7ff8000000000000
core   0: 0x0000000080005b80 (0xc037f0d3) fcvt.lu.s ra, fa5
core   0: 1 0x0000000080005b80 (0xc037f0d3) c1_fflags 0x0000000000000011 x1  0xffffffffffffffff
core   0: 0x0000000080005b84 (0x0022fd37) lui     s10, 0x22f
core   0: 1 0x0000000080005b84 (0x0022fd37) x26 0x000000000022f000
core   0: 0x0000000080005b88 (0xd75d0d1b) addiw   s10, s10, -651
core   0: 1 0x0000000080005b88 (0xd75d0d1b) x26 0x000000000022ed75
core   0: 0x0000000080005b8c (0x00000d3a) c.slli  s10, 14
core   0: 1 0x0000000080005b8c (0x0d3a) x26 0x00000008bb5d4000
core   0: 0x0000000080005b8e (0x3a5d0d13) addi    s10, s10, 933
core   0: 1 0x0000000080005b8e (0x3a5d0d13) x26 0x00000008bb5d43a5
core   0: 0x0000000080005b92 (0x40a9833b) subw    t1, s3, a0
core   0: 1 0x0000000080005b92 (0x40a9833b) x6  0x0000000000000000
core   0: 0x0000000080005b96 (0x005686bb) addw    a3, a3, t0
core   0: 1 0x0000000080005b96 (0x005686bb) x13 0xffffffff8ccdf75f
core   0: 0x0000000080005b9a (0x40d9053b) subw    a0, s2, a3
core   0: 1 0x0000000080005b9a (0x40d9053b) x10 0x00000000733208a1
core   0: 0x0000000080005b9e (0xc209fad3) fcvt.w.d s5, fs3
core   0: 1 0x0000000080005b9e (0xc209fad3) x21 0x000000000080005f
core   0: 0x0000000080005ba2 (0x0ff0000f) fence   iorw,iorw
core   0: 1 0x0000000080005ba2 (0x0ff0000f)
core   0: 0x0000000080005ba6 (0x41538a3b) subw    s4, t2, s5
core   0: 1 0x0000000080005ba6 (0x41538a3b) x20 0xffffffffff7fffbe
core   0: 0x0000000080005baa (0x00102773) csrrs   a4, fflags, zero
core   0: 1 0x0000000080005baa (0x00102773) x14 0x0000000000000011
core   0: 0x0000000080005bae (0x02bb7c3b) remuw   s8, s6, a1
core   0: 1 0x0000000080005bae (0x02bb7c3b) x24 0x000000000000001f
core   0: 0x0000000080005bb2 (0xc2587dcf) fnmadd.d fs11, fa6, ft5, fs8
core   0: 1 0x0000000080005bb2 (0xc2587dcf) f27 0x7ff8000000000000
core   0: 0x0000000080005bb6 (0xa3b89653) flt.d   a2, fa7, fs11
core   0: 1 0x0000000080005bb6 (0xa3b89653) c1_fflags 0x0000000000000011 x12 0x0000000000000000
core   0: 0x0000000080005bba (0x00000001) c.nop
core   0: 1 0x0000000080005bba (0x0001)
core   0: 0x0000000080005bbc (0x01265733) srl     a4, a2, s2
core   0: 1 0x0000000080005bbc (0x01265733) x14 0x0000000000000000
core   0: 0x0000000080005bc0 (0x02bbc133) div     sp, s7, a1
core   0: 1 0x0000000080005bc0 (0x02bbc133) x2  0xffffffffffffffff
core   0: 0x0000000080005bc4 (0x22f997d3) fsgnjn.d fa5, fs3, fa5
core   0: 1 0x0000000080005bc4 (0x22f997d3) f15 0xc160000be0000000
core   0: 0x0000000080005bc8 (0x007ed333) srl     t1, t4, t2
core   0: 1 0x0000000080005bc8 (0x007ed333) x6  0x0000000000000002
core   0: 0x0000000080005bcc (0x0ff0000f) fence   iorw,iorw
core   0: 1 0x0000000080005bcc (0x0ff0000f)
core   0: 0x0000000080005bd0 (0x03b7f4d3) fadd.d  fs1, fa5, fs11
core   0: 1 0x0000000080005bd0 (0x03b7f4d3) f9  0x7ff8000000000000
core   0: 0x0000000080005bd4 (0x01de0e3b) addw    t3, t3, t4
core   0: 1 0x0000000080005bd4 (0x01de0e3b) x28 0x0000000044b16000
core   0: 0x0000000080005bd8 (0x02aee23b) remw    tp, t4, a0
core   0: 1 0x0000000080005bd8 (0x02aee23b) x4  0x0000000044b16000
core   0: 0x0000000080005bdc (0xd239f153) fcvt.d.lu ft2, s3
core   0: 1 0x0000000080005bdc (0xd239f153) f2  0x0000000000000000
core   0: 0x0000000080005be0 (0x0249c5b3) div     a1, s3, tp
core   0: 1 0x0000000080005be0 (0x0249c5b3) x11 0x0000000000000000
core   0: 0x0000000080005be4 (0x00e77a33) and     s4, a4, a4
core   0: 1 0x0000000080005be4 (0x00e77a33) x20 0x0000000000000000
core   0: 0x0000000080005be8 (0x0045833b) addw    t1, a1, tp
core   0: 1 0x0000000080005be8 (0x0045833b) x6  0x0000000044b16000
core   0: 0x0000000080005bec (0x024ad213) srli    tp, s5, 36
core   0: 1 0x0000000080005bec (0x024ad213) x4  0x0000000000000000
core   0: 0x0000000080005bf0 (0x006eebb3) or      s7, t4, t1
core   0: 1 0x0000000080005bf0 (0x006eebb3) x23 0x0000000044b16000
core   0: 0x0000000080005bf4 (0x22258fd3) fsgnj.d ft11, fa1, ft2
core   0: 1 0x0000000080005bf4 (0x22258fd3) f31 0x43f0000000000000
core   0: 0x0000000080005bf8 (0x2a1f8b53) fmin.d  fs6, ft11, ft1
core   0: 1 0x0000000080005bf8 (0x2a1f8b53) f22 0x43f0000000000000
core   0: 0x0000000080005bfc (0x57c440b7) lui     ra, 0x57c44
core   0: 1 0x0000000080005bfc (0x57c440b7) x1  0x0000000057c44000
core   0: 0x0000000080005c00 (0x23ffa0d3) fsgnjx.d ft1, ft11, ft11
core   0: 1 0x0000000080005c00 (0x23ffa0d3) f1  0x43f0000000000000
core   0: 0x0000000080005c04 (0xe20d01d3) fmv.x.d gp, fs10
core   0: 1 0x0000000080005c04 (0xe20d01d3) x3  0x4149999980000000
core   0: 0x0000000080005c08 (0x7ff5049b) addiw   s1, a0, 2047
core   0: 1 0x0000000080005c08 (0x7ff5049b) x9  0x00000000733210a0
core   0: 0x0000000080005c0c (0x00fe1213) slli    tp, t3, 15
core   0: 1 0x0000000080005c0c (0x00fe1213) x4  0x00002258b0000000
core   0: 0x0000000080005c10 (0x03da2eb3) mulhsu  t4, s4, t4
core   0: 1 0x0000000080005c10 (0x03da2eb3) x29 0x0000000000000000
core   0: 0x0000000080005c14 (0x012b939b) slliw   t2, s7, 18
core   0: 1 0x0000000080005c14 (0x012b939b) x7  0xffffffff80000000
core   0: 0x0000000080005c18 (0xce0beb13) ori     s6, s7, -800
core   0: 1 0x0000000080005c18 (0xce0beb13) x22 0xfffffffffffffce0
core   0: 0x0000000080005c1c (0x0124d93b) srlw    s2, s1, s2
core   0: 1 0x0000000080005c1c (0x0124d93b) x18 0x00000000733210a0
core   0: 0x0000000080005c20 (0xc23efcd3) fcvt.lu.d s9, ft9
core   0: 1 0x0000000080005c20 (0xc23efcd3) c1_fflags 0x0000000000000011 x25 0xffffffffffffffff
core   0: 0x0000000080005c24 (0x01daf5b3) and     a1, s5, t4
core   0: 1 0x0000000080005c24 (0x01daf5b3) x11 0x0000000000000000
core   0: 0x0000000080005c28 (0x0017d49b) srliw   s1, a5, 1
core   0: 1 0x0000000080005c28 (0x0017d49b) x9  0x000000003fffffff
core   0: 0x0000000080005c2c (0xc21b76d3) fcvt.wu.d a3, fs6
core   0: 1 0x0000000080005c2c (0xc21b76d3) c1_fflags 0x0000000000000011 x13 0xffffffffffffffff
core   0: 0x0000000080005c30 (0x4094d53b) sraw    a0, s1, s1
core   0: 1 0x0000000080005c30 (0x4094d53b) x10 0x0000000000000000
core   0: 0x0000000080005c34 (0xc20379d3) fcvt.w.d s3, ft6
core   0: 1 0x0000000080005c34 (0xc20379d3) c1_fflags 0x0000000000000011 x19 0x000000007fffffff
core   0: 0x0000000080005c38 (0x00518c33) add     s8, gp, t0
core   0: 1 0x0000000080005c38 (0x00518c33) x24 0x4141999980000000
core   0: 0x0000000080005c3c (0x42030dd3) fcvt.d.s fs11, ft6
core   0: 1 0x0000000080005c3c (0x42030dd3) f27 0x7ff8000000000000
core   0: 0x0000000080005c40 (0x005546b3) xor     a3, a0, t0
core   0: 1 0x0000000080005c40 (0x005546b3) x13 0xfff8000000000000
core   0: 0x0000000080005c44 (0x00d694bb) sllw    s1, a3, a3
core   0: 1 0x0000000080005c44 (0x00d694bb) x9  0x0000000000000000
core   0: 0x0000000080005c48 (0x4044541b) sraiw   s0, s0, 4
core   0: 1 0x0000000080005c48 (0x4044541b) x8  0x0000000000000000
core   0: 0x0000000080005c4c (0x01b499bb) sllw    s3, s1, s11
core   0: 1 0x0000000080005c4c (0x01b499bb) x19 0x0000000000000000
core   0: 0x0000000080005c50 (0x415a81bb) subw    gp, s5, s5
core   0: 1 0x0000000080005c50 (0x415a81bb) x3  0x0000000000000000
core   0: 0x0000000080005c54 (0x02c58c3b) mulw    s8, a1, a2
core   0: 1 0x0000000080005c54 (0x02c58c3b) x24 0x0000000000000000
core   0: 0x0000000080005c58 (0xe20d0d53) fmv.x.d s10, fs10
core   0: 1 0x0000000080005c58 (0xe20d0d53) x26 0x4149999980000000
core   0: 0x0000000080005c5c (0x401c7253) fcvt.s.d ft4, fs8
core   0: 1 0x0000000080005c5c (0x401c7253) f4  0xffffffff7fc00000
core   0: 0x0000000080005c60 (0x011b149b) slliw   s1, s6, 17
core   0: 1 0x0000000080005c60 (0x011b149b) x9  0xfffffffff9c00000
core   0: 0x0000000080005c64 (0x95a7cb13) xori    s6, a5, -1702
core   0: 1 0x0000000080005c64 (0x95a7cb13) x22 0xffffffff800006a5
core   0: 0x0000000080005c68 (0xfff6c513) not     a0, a3
core   0: 1 0x0000000080005c68 (0xfff6c513) x10 0x0007ffffffffffff
core   0: 0x0000000080005c6c (0x016b76b3) and     a3, s6, s6
core   0: 1 0x0000000080005c6c (0x016b76b3) x13 0xffffffff800006a5
core   0: 0x0000000080005c70 (0x9e17fc93) andi    s9, a5, -1567
core   0: 1 0x0000000080005c70 (0x9e17fc93) x25 0x000000007ffff9e1
core   0: 0x0000000080005c74 (0x41ce033b) subw    t1, t3, t3
core   0: 1 0x0000000080005c74 (0x41ce033b) x6  0x0000000000000000
core   0: 0x0000000080005c78 (0x40a35033) sra     zero, t1, a0
core   0: 1 0x0000000080005c78 (0x40a35033)
core   0: 0x0000000080005c7c (0x4019f9d3) fcvt.s.d fs3, fs3
core   0: 1 0x0000000080005c7c (0x4019f9d3) f19 0xffffffff4b00005f
core   0: 0x0000000080005c80 (0x00021613) slli    a2, tp, 0
core   0: 1 0x0000000080005c80 (0x00021613) x12 0x00002258b0000000
core   0: 0x0000000080005c84 (0x40d404bb) subw    s1, s0, a3
core   0: 1 0x0000000080005c84 (0x40d404bb) x9  0x000000007ffff95b
core   0: 0x0000000080005c88 (0xd2148153) fcvt.d.wu ft2, s1
core   0: 1 0x0000000080005c88 (0xd2148153) f2  0x41dffffe56c00000
core   0: 0x0000000080005c8c (0x00a89533) sll     a0, a7, a0
core   0: 1 0x0000000080005c8c (0x00a89533) x10 0x0000000000000000
core   0: 0x0000000080005c90 (0x00000001) c.nop
core   0: 1 0x0000000080005c90 (0x0001)
core   0: 0x0000000080005c92 (0xa3b4f693) andi    a3, s1, -1477
core   0: 1 0x0000000080005c92 (0xa3b4f693) x13 0x000000007ffff81b
core   0: 0x0000000080005c96 (0x021eaa33) mulhsu  s4, t4, ra
core   0: 1 0x0000000080005c96 (0x021eaa33) x20 0x0000000000000000
core   0: 0x0000000080005c9a (0x9466fc93) andi    s9, a3, -1722
core   0: 1 0x0000000080005c9a (0x9466fc93) x25 0x000000007ffff802
core   0: 0x0000000080005c9e (0x039ad1b3) divu    gp, s5, s9
core   0: 1 0x0000000080005c9e (0x039ad1b3) x3  0x0000000000000000
core   0: 0x0000000080005ca2 (0xe34ffe47) fmsub.d ft8, ft11, fs4, ft8
core   0: 1 0x0000000080005ca2 (0xe34ffe47) f28 0x7ff8000000000000
core   0: 0x0000000080005ca6 (0x1ad6f2d3) fdiv.d  ft5, fa3, fa3
core   0: 1 0x0000000080005ca6 (0x1ad6f2d3) f5  0x7ff8000000000000
core   0: 0x0000000080005caa (0x41028833) sub     a6, t0, a6
core   0: 1 0x0000000080005caa (0x41028833) x16 0xfff8000000000001
core   0: 0x0000000080005cae (0x343db873) csrrc   a6, mtval, s11
core   0: exception trap_illegal_instruction, epc 0x0000000080005cae
core   0:           tval 0x00000000343db873
core   0: >>>>  $xrv64i2p1_m2p0_a2p1_f2p2_d2p2_zicsr2p0_zifencei2p0_zmmul1p0_zba1p0_zbb1p0_zbc1p0_zbs1p0
core   0: 0x0000000080004000 (0x0080006f) j       pc + 0x8
core   0: 3 0x0000000080004000 (0x0080006f)
core   0: >>>>  mmode_exception_handler
core   0: 0x0000000080004008 (0x00002c17) auipc   s8, 0x2
core   0: 3 0x0000000080004008 (0x00002c17) x24 0x0000000080006008
core   0: 0x000000008000400c (0xff2c0c13) addi    s8, s8, -14
core   0: 3 0x000000008000400c (0xff2c0c13) x24 0x0000000080005ffa
core   0: 0x0000000080004010 (0x000c00e7) jalr    s8
core   0: 3 0x0000000080004010 (0x000c00e7) x1  0x0000000080004014
core   0: >>>>  any_handler
core   0: 0x0000000080005ffa (0x341027f3) csrrs   a5, mepc, zero
core   0: 3 0x0000000080005ffa (0x341027f3) x15 0x0000000080005cae
core   0: 0x0000000080005ffe (0x34202773) csrrs   a4, mcause, zero
core   0: 3 0x0000000080005ffe (0x34202773) x14 0x0000000000000002
core   0: 0x0000000080006002 (0x142026f3) csrrs   a3, scause, zero
core   0: 3 0x0000000080006002 (0x142026f3) x13 0x0000000000000000
core   0: 0x0000000080006006 (0x30402673) csrrs   a2, mie, zero
core   0: 3 0x0000000080006006 (0x30402673) x12 0x0000000000000a00
core   0: 0x000000008000600a (0x344025f3) csrrs   a1, mip, zero
core   0: 3 0x000000008000600a (0x344025f3) x11 0x0000000000000080
core   0: 0x000000008000600e (0x343025f3) csrrs   a1, mtval, zero
core   0: 3 0x000000008000600e (0x343025f3) x11 0x00000000343db873
core   0: 0x0000000080006012 (0x14302573) csrrs   a0, stval, zero
core   0: 3 0x0000000080006012 (0x14302573) x10 0x0000000000000500
core   0: 0x0000000080006016 (0xb02024f3) csrrs   s1, minstret, zero
core   0: 3 0x0000000080006016 (0xb02024f3) x9  0x000000000000116b
core   0: 0x000000008000601a (0x0000a811) c.j     pc + 20
core   0: 3 0x000000008000601a (0xa811)
core   0: >>>>  mepc_4
core   0: 0x000000008000602e (0x00000791) c.addi  a5, 4
core   0: 3 0x000000008000602e (0x0791) x15 0x0000000080005cb2
core   0: 0x0000000080006030 (0x34179073) csrrw   zero, mepc, a5
core   0: 3 0x0000000080006030 (0x34179073) c833_mepc 0x0000000080005cb2
core   0: 0x0000000080006034 (0x30200073) mret
core   0: 3 0x0000000080006034 (0x30200073) c768_mstatus 0x8000000a00106080
core   0: 0x0000000080005cb2 (0xc03471d3) fcvt.lu.s gp, fs0
core   0: 1 0x0000000080005cb2 (0xc03471d3) c1_fflags 0x0000000000000011 x3  0xffffffffffffffff
core   0: 0x0000000080005cb6 (0x0001d71b) srliw   a4, gp, 0
core   0: 1 0x0000000080005cb6 (0x0001d71b) x14 0xffffffffffffffff
core   0: 0x0000000080005cba (0x41f8519b) sraiw   gp, a6, 31
core   0: 1 0x0000000080005cba (0x41f8519b) x3  0x0000000000000000
core   0: 0x0000000080005cbe (0x23627acb) fnmsub.d fs5, ft4, fs6, ft4
core   0: 1 0x0000000080005cbe (0x23627acb) f21 0x7ff8000000000000
core   0: 0x0000000080005cc2 (0x00e00cbb) addw    s9, zero, a4
core   0: 1 0x0000000080005cc2 (0x00e00cbb) x25 0xffffffffffffffff
core   0: 0x0000000080005cc6 (0x00c650bb) srlw    ra, a2, a2
core   0: 1 0x0000000080005cc6 (0x00c650bb) x1  0x0000000000000a00
core   0: 0x0000000080005cca (0xca5cfccf) fnmadd.d fs9, fs9, ft5, fs9
core   0: 1 0x0000000080005cca (0xca5cfccf) f25 0x7ff8000000000000
core   0: 0x0000000080005cce (0x42058753) fcvt.d.s fa4, fa1
core   0: 1 0x0000000080005cce (0x42058753) f14 0x7ff8000000000000
core   0: 0x0000000080005cd2 (0x000a971b) slliw   a4, s5, 0
core   0: 1 0x0000000080005cd2 (0x000a971b) x14 0x000000000080005f
core   0: 0x0000000080005cd6 (0x4157083b) subw    a6, a4, s5
core   0: 1 0x0000000080005cd6 (0x4157083b) x16 0x0000000000000000
core   0: 0x0000000080005cda (0x029124b3) mulhsu  s1, sp, s1
core   0: 1 0x0000000080005cda (0x029124b3) x9  0xffffffffffffffff
core   0: 0x0000000080005cde (0x416282bb) subw    t0, t0, s6
core   0: 1 0x0000000080005cde (0x416282bb) x5  0x000000007ffff95b
core   0: 0x0000000080005ce2 (0x02d2c6bb) divw    a3, t0, a3
core   0: 1 0x0000000080005ce2 (0x02d2c6bb) x13 0xffffffffffffffff
core   0: 0x0000000080005ce6 (0x405e5633) sra     a2, t3, t0
core   0: 1 0x0000000080005ce6 (0x405e5633) x12 0x0000000000000008
core   0: 0x0000000080005cea (0x0aeafbd3) fsub.d  fs7, fs5, fa4
core   0: 1 0x0000000080005cea (0x0aeafbd3) f23 0x7ff8000000000000
core   0: 0x0000000080005cee (0xf2068b53) fmv.d.x fs6, a3
core   0: 1 0x0000000080005cee (0xf2068b53) f22 0xffffffffffffffff
core   0: 0x0000000080005cf2 (0x2bc80e53) fmin.d  ft8, fa6, ft8
core   0: 1 0x0000000080005cf2 (0x2bc80e53) f28 0x7ff8000000000000
core   0: 0x0000000080005cf6 (0x03037353) fadd.d  ft6, ft6, fa6
core   0: 1 0x0000000080005cf6 (0x03037353) f6  0x7ff8000000000000
core   0: 0x0000000080005cfa (0x033c6abb) remw    s5, s8, s3
core   0: 1 0x0000000080005cfa (0x033c6abb) x21 0xffffffff80005ffa
core   0: 0x0000000080005cfe (0xd239ffd3) fcvt.d.lu ft11, s3
core   0: 1 0x0000000080005cfe (0xd239ffd3) f31 0x0000000000000000
core   0: 0x0000000080005d02 (0x0208f8bb) remuw   a7, a7, zero
core   0: 1 0x0000000080005d02 (0x0208f8bb) x17 0x0000000000000000
core   0: 0x0000000080005d06 (0x00000001) c.nop
core   0: 1 0x0000000080005d06 (0x0001)
core   0: 0x0000000080005d08 (0x0167073b) addw    a4, a4, s6
core   0: 1 0x0000000080005d08 (0x0167073b) x14 0xffffffff80800704
core   0: 0x0000000080005d0c (0x4dc58a13) addi    s4, a1, 1244
core   0: 1 0x0000000080005d0c (0x4dc58a13) x20 0x00000000343dbd4f
core   0: 0x0000000080005d10 (0xc2047353) fcvt.w.d t1, fs0
core   0: 1 0x0000000080005d10 (0xc2047353) c1_fflags 0x0000000000000011 x6  0x0000000000000001
core   0: 0x0000000080005d14 (0x026abab3) mulhu   s5, s5, t1
core   0: 1 0x0000000080005d14 (0x026abab3) x21 0x0000000000000000
core   0: 0x0000000080005d18 (0x40175613) srai    a2, a4, 1
core   0: 1 0x0000000080005d18 (0x40175613) x12 0xffffffffc0400382
core   0: 0x0000000080005d1c (0x40e659b3) sra     s3, a2, a4
core   0: 1 0x0000000080005d1c (0x40e659b3) x19 0xfffffffffc040038
core   0: 0x0000000080005d20 (0xc21afad3) fcvt.wu.d s5, fs5
core   0: 1 0x0000000080005d20 (0xc21afad3) c1_fflags 0x0000000000000011 x21 0xffffffffffffffff
core   0: 0x0000000080005d24 (0x00000001) c.nop
core   0: 1 0x0000000080005d24 (0x0001)
core   0: 0x0000000080005d26 (0xc02afe53) fcvt.l.s t3, fs5
core   0: 1 0x0000000080005d26 (0xc02afe53) c1_fflags 0x0000000000000011 x28 0x7fffffffffffffff
core   0: 0x0000000080005d2a (0xa2a80d53) fle.d   s10, fa6, fa0
core   0: 1 0x0000000080005d2a (0xa2a80d53) c1_fflags 0x0000000000000011 x26 0x0000000000000000
core   0: 0x0000000080005d2e (0x4058003b) subw    zero, a6, t0
core   0: 1 0x0000000080005d2e (0x4058003b)
core   0: 0x0000000080005d32 (0x00584833) xor     a6, a6, t0
core   0: 1 0x0000000080005d32 (0x00584833) x16 0x000000007ffff95b
core   0: 0x0000000080005d36 (0x01d2aeb3) slt     t4, t0, t4
core   0: 1 0x0000000080005d36 (0x01d2aeb3) x29 0x0000000000000000
core   0: 0x0000000080005d3a (0x011818bb) sllw    a7, a6, a7
core   0: 1 0x0000000080005d3a (0x011818bb) x17 0x000000007ffff95b
core   0: 0x0000000080005d3e (0x18f2091b) addiw   s2, tp, 399
core   0: 1 0x0000000080005d3e (0x18f2091b) x18 0xffffffffb000018f
core   0: 0x0000000080005d42 (0x000ed533) srl     a0, t4, zero
core   0: 1 0x0000000080005d42 (0x000ed533) x10 0x0000000000000000
core   0: 0x0000000080005d46 (0x33e80e1b) addiw   t3, a6, 830
core   0: 1 0x0000000080005d46 (0x33e80e1b) x28 0x000000007ffffc99
core   0: 0x0000000080005d4a (0xc207fcd3) fcvt.w.d s9, fa5
core   0: 1 0x0000000080005d4a (0xc207fcd3) x25 0xffffffffff7fffa1
core   0: 0x0000000080005d4e (0x420f8253) fcvt.d.s ft4, ft11
core   0: 1 0x0000000080005d4e (0x420f8253) f4  0x7ff8000000000000
core   0: 0x0000000080005d52 (0x41a281bb) subw    gp, t0, s10
core   0: 1 0x0000000080005d52 (0x41a281bb) x3  0x000000007ffff95b
core   0: 0x0000000080005d56 (0x230ff8c3) fmadd.d fa7, ft11, fa6, ft4
core   0: 1 0x0000000080005d56 (0x230ff8c3) f17 0x7ff8000000000000
core   0: 0x0000000080005d5a (0x0059dcbb) srlw    s9, s3, t0
core   0: 1 0x0000000080005d5a (0x0059dcbb) x25 0x000000000000001f
core   0: 0x0000000080005d5e (0x2b6a9553) fmax.d  fa0, fs5, fs6
core   0: 1 0x0000000080005d5e (0x2b6a9553) f10 0x7ff8000000000000
core   0: 0x0000000080005d62 (0x01fb509b) srliw   ra, s6, 31
core   0: 1 0x0000000080005d62 (0x01fb509b) x1  0x0000000000000001
core   0: 0x0000000080005d66 (0x0282023b) mulw    tp, tp, s0
core   0: 1 0x0000000080005d66 (0x0282023b) x4  0x0000000000000000
core   0: 0x0000000080005d6a (0x82e5f647) fmsub.d fa2, fa1, fa4, fa6
core   0: 1 0x0000000080005d6a (0x82e5f647) f12 0x7ff8000000000000
core   0: 0x0000000080005d6e (0xd0217d53) fcvt.s.l fs10, sp
core   0: 1 0x0000000080005d6e (0xd0217d53) f26 0xffffffffbf800000
core   0: 0x0000000080005d72 (0x629dc693) xori    a3, s11, 1577
core   0: 1 0x0000000080005d72 (0x629dc693) x13 0xfffffffffffff9d6
core   0: 0x0000000080005d76 (0x41b654bb) sraw    s1, a2, s11
core   0: 1 0x0000000080005d76 (0x41b654bb) x9  0xffffffffffffffff
core   0: 0x0000000080005d7a (0x416a56b3) sra     a3, s4, s6
core   0: 1 0x0000000080005d7a (0x416a56b3) x13 0x0000000000000000
core   0: 0x0000000080005d7e (0x00db953b) sllw    a0, s7, a3
core   0: 1 0x0000000080005d7e (0x00db953b) x10 0x0000000044b16000
core   0: 0x0000000080005d82 (0x01910cbb) addw    s9, sp, s9
core   0: 1 0x0000000080005d82 (0x01910cbb) x25 0x000000000000001e
core   0: 0x0000000080005d86 (0x2322a1d3) fsgnjx.d ft3, ft5, fs2
core   0: 1 0x0000000080005d86 (0x2322a1d3) f3  0x7ff8000000000000
core   0: 0x0000000080005d8a (0x44ab8e93) addi    t4, s7, 1098
core   0: 1 0x0000000080005d8a (0x44ab8e93) x29 0x0000000044b1644a
core   0: 0x0000000080005d8e (0x22b19ad3) fsgnjn.d fs5, ft3, fa1
core   0: 1 0x0000000080005d8e (0x22b19ad3) f21 0xfff8000000000000
core   0: 0x0000000080005d92 (0x842c8a93) addi    s5, s9, -1982
core   0: 1 0x0000000080005d92 (0x842c8a93) x21 0xfffffffffffff860
core   0: 0x0000000080005d96 (0x4007d713) srai    a4, a5, 0
core   0: 1 0x0000000080005d96 (0x4007d713) x14 0x0000000080005cb2
core   0: 0x0000000080005d9a (0xd22efed3) fcvt.d.l ft9, t4
core   0: 1 0x0000000080005d9a (0xd22efed3) f29 0x41d12c5912800000
core   0: 0x0000000080005d9e (0x2be68f53) fmin.d  ft10, fa3, ft10
core   0: 1 0x0000000080005d9e (0x2be68f53) f30 0x0000000000000000
core   0: 0x0000000080005da2 (0xc22cf953) fcvt.l.d s2, fs9
core   0: 1 0x0000000080005da2 (0xc22cf953) c1_fflags 0x0000000000000011 x18 0x7fffffffffffffff
core   0: 0x0000000080005da6 (0x420905d3) fcvt.d.s fa1, fs2
core   0: 1 0x0000000080005da6 (0x420905d3) f11 0x7ff8000000000000
core   0: 0x0000000080005daa (0x800c7793) andi    a5, s8, -2048
core   0: 1 0x0000000080005daa (0x800c7793) x15 0x0000000080005800
core   0: 0x0000000080005dae (0x412153bb) sraw    t2, sp, s2
core   0: 1 0x0000000080005dae (0x412153bb) x7  0xffffffffffffffff
core   0: 0x0000000080005db2 (0x00009a3e) c.add   s4, a5
core   0: 1 0x0000000080005db2 (0x9a3e) x20 0x00000000b43e154f
core   0: 0x0000000080005db4 (0x0bcefe53) fsub.d  ft8, ft9, ft8
core   0: 1 0x0000000080005db4 (0x0bcefe53) f28 0x7ff8000000000000
core   0: 0x0000000080005db8 (0x024a8db7) lui     s11, 0x24a8
core   0: 1 0x0000000080005db8 (0x024a8db7) x27 0x00000000024a8000
core   0: 0x0000000080005dbc (0x403d8d9b) addiw   s11, s11, 1027
core   0: 1 0x0000000080005dbc (0x403d8d9b) x27 0x00000000024a8403
core   0: 0x0000000080005dc0 (0x00000db6) c.slli  s11, 13
core   0: 1 0x0000000080005dc0 (0x0db6) x27 0x0000004950806000
core   0: 0x0000000080005dc2 (0x915d8d93) addi    s11, s11, -1771
core   0: 1 0x0000000080005dc2 (0x915d8d93) x27 0x0000004950805915
core   0: 0x0000000080005dc6 (0x415723b7) lui     t2, 0x41572
core   0: 1 0x0000000080005dc6 (0x415723b7) x7  0x0000000041572000
core   0: 0x0000000080005dca (0x13377bd3) fmul.d  fs7, fa4, fs3
core   0: 1 0x0000000080005dca (0x13377bd3) f23 0x7ff8000000000000
core   0: 0x0000000080005dce (0x4058de93) srai    t4, a7, 5
core   0: 1 0x0000000080005dce (0x4058de93) x29 0x0000000003ffffca
core   0: 0x0000000080005dd2 (0x02c66633) rem     a2, a2, a2
core   0: 1 0x0000000080005dd2 (0x02c66633) x12 0x0000000000000000
core   0: 0x0000000080005dd6 (0xe375fecf) fnmadd.d ft9, fa1, fs7, ft8
core   0: 1 0x0000000080005dd6 (0xe375fecf) f29 0x7ff8000000000000
core   0: 0x0000000080005dda (0x011726b3) slt     a3, a4, a7
core   0: 1 0x0000000080005dda (0x011726b3) x13 0x0000000000000000
core   0: 0x0000000080005dde (0x2dfb2b37) lui     s6, 0x2dfb2
core   0: 1 0x0000000080005dde (0x2dfb2b37) x22 0x000000002dfb2000
core   0: 0x0000000080005de2 (0x1378fd53) fmul.d  fs10, fa7, fs7
core   0: 1 0x0000000080005de2 (0x1378fd53) f26 0x7ff8000000000000
core   0: 0x0000000080005de6 (0x2b4a0a53) fmin.d  fs4, fs4, fs4
core   0: 1 0x0000000080005de6 (0x2b4a0a53) f20 0x7ff8000000000000
core   0: 0x0000000080005dea (0x00c902bb) addw    t0, s2, a2
core   0: 1 0x0000000080005dea (0x00c902bb) x5  0xffffffffffffffff
core   0: 0x0000000080005dee (0x00202073) csrrs   zero, frm, zero
core   0: 1 0x0000000080005dee (0x00202073)
core   0: 0x0000000080005df2 (0x00009ede) c.add   t4, s7
core   0: 1 0x0000000080005df2 (0x9ede) x29 0x0000000048b15fca
core   0: 0x0000000080005df4 (0xd231f153) fcvt.d.lu ft2, gp
core   0: 1 0x0000000080005df4 (0xd231f153) f2  0x41dffffe56c00000
core   0: 0x0000000080005df8 (0x0244da3b) divuw   s4, s1, tp
core   0: 1 0x0000000080005df8 (0x0244da3b) x20 0xffffffffffffffff
core   0: 0x0000000080005dfc (0xc02afcd3) fcvt.l.s s9, fs5
core   0: 1 0x0000000080005dfc (0xc02afcd3) c1_fflags 0x0000000000000011 x25 0x7fffffffffffffff
core   0: 0x0000000080005e00 (0x26da7913) andi    s2, s4, 621
core   0: 1 0x0000000080005e00 (0x26da7913) x18 0x000000000000026d
core   0: 0x0000000080005e04 (0xd03a7453) fcvt.s.lu fs0, s4
core   0: 1 0x0000000080005e04 (0xd03a7453) c1_fflags 0x0000000000000011 f8  0xffffffff5f800000
core   0: 0x0000000080005e08 (0x6471f493) andi    s1, gp, 1607
core   0: 1 0x0000000080005e08 (0x6471f493) x9  0x0000000000000043
core   0: 0x0000000080005e0c (0x00202bf3) csrrs   s7, frm, zero
core   0: 1 0x0000000080005e0c (0x00202bf3) x23 0x0000000000000003
core   0: 0x0000000080005e10 (0x401a79d3) fcvt.s.d fs3, fs4
core   0: 1 0x0000000080005e10 (0x401a79d3) f19 0xffffffff7fc00000
core   0: 0x0000000080005e14 (0x02912133) mulhsu  sp, sp, s1
core   0: 1 0x0000000080005e14 (0x02912133) x2  0xffffffffffffffff
core   0: 0x0000000080005e18 (0xd23bf0d3) fcvt.d.lu ft1, s7
core   0: 1 0x0000000080005e18 (0xd23bf0d3) f1  0x4008000000000000
core   0: 0x0000000080005e1c (0x41715e3b) sraw    t3, sp, s7
core   0: 1 0x0000000080005e1c (0x41715e3b) x28 0xffffffffffffffff
core   0: 0x0000000080005e20 (0x0023a2b3) slt     t0, t2, sp
core   0: 1 0x0000000080005e20 (0x0023a2b3) x5  0x0000000000000000
core   0: 0x0000000080005e24 (0x007e2233) slt     tp, t3, t2
core   0: 1 0x0000000080005e24 (0x007e2233) x4  0x0000000000000001
core   0: 0x0000000080005e28 (0x4019fcd3) fcvt.s.d fs9, fs3
core   0: 1 0x0000000080005e28 (0x4019fcd3) f25 0xffffffff7fc00000
core   0: 0x0000000080005e2c (0xd23e7253) fcvt.d.lu ft4, t3
core   0: 1 0x0000000080005e2c (0xd23e7253) c1_fflags 0x0000000000000011 f4  0x43f0000000000000
core   0: 0x0000000080005e30 (0x01f8561b) srliw   a2, a6, 31
core   0: 1 0x0000000080005e30 (0x01f8561b) x12 0x0000000000000000
core   0: 0x0000000080005e34 (0x402d5233) sra     tp, s10, sp
core   0: 1 0x0000000080005e34 (0x402d5233) x4  0x0000000000000000
core   0: 0x0000000080005e38 (0x02dec6b3) div     a3, t4, a3
core   0: 1 0x0000000080005e38 (0x02dec6b3) x13 0xffffffffffffffff
core   0: 0x0000000080005e3c (0x00202473) csrrs   s0, frm, zero
core   0: 1 0x0000000080005e3c (0x00202473) x8  0x0000000000000003
core   0: 0x0000000080005e40 (0x00039d13) slli    s10, t2, 0
core   0: 1 0x0000000080005e40 (0x00039d13) x26 0x0000000041572000
core   0: 0x0000000080005e44 (0x0040909b) slliw   ra, ra, 4
core   0: 1 0x0000000080005e44 (0x0040909b) x1  0x0000000000000010
core   0: 0x0000000080005e48 (0x03ad663b) remw    a2, s10, s10
core   0: 1 0x0000000080005e48 (0x03ad663b) x12 0x0000000000000000
core   0: 0x0000000080005e4c (0xd21401d3) fcvt.d.wu ft3, s0
core   0: 1 0x0000000080005e4c (0xd21401d3) f3  0x4008000000000000
core   0: 0x0000000080005e50 (0x400b561b) sraiw   a2, s6, 0
core   0: 1 0x0000000080005e50 (0x400b561b) x12 0x000000002dfb2000
core   0: 0x0000000080005e54 (0x7ffd7d13) andi    s10, s10, 2047
core   0: 1 0x0000000080005e54 (0x7ffd7d13) x26 0x0000000000000000
core   0: 0x0000000080005e58 (0x00ab5e13) srli    t3, s6, 10
core   0: 1 0x0000000080005e58 (0x00ab5e13) x28 0x00000000000b7ec8
core   0: 0x0000000080005e5c (0x41cd06bb) subw    a3, s10, t3
core   0: 1 0x0000000080005e5c (0x41cd06bb) x13 0xfffffffffff48138
core   0: 0x0000000080005e60 (0x02c6ea33) rem     s4, a3, a2
core   0: 1 0x0000000080005e60 (0x02c6ea33) x20 0xfffffffffff48138
core   0: 0x0000000080005e64 (0x00003bfd) c.addiw s7, -1
core   0: 1 0x0000000080005e64 (0x3bfd) x23 0x0000000000000002
core   0: 0x0000000080005e66 (0x00138b1b) addiw   s6, t2, 1
core   0: 1 0x0000000080005e66 (0x00138b1b) x22 0x0000000041572001
core   0: 0x0000000080005e6a (0xc20c72d3) fcvt.w.d t0, fs8
core   0: 1 0x0000000080005e6a (0xc20c72d3) c1_fflags 0x0000000000000011 x5  0x000000007fffffff
core   0: 0x0000000080005e6e (0xc20cf653) fcvt.w.d a2, fs9
core   0: 1 0x0000000080005e6e (0xc20cf653) c1_fflags 0x0000000000000011 x12 0x000000007fffffff
core   0: 0x0000000080005e72 (0x0317f8bb) remuw   a7, a5, a7
core   0: 1 0x0000000080005e72 (0x0317f8bb) x17 0x0000000000005ea5
core   0: 0x0000000080005e76 (0x400a5e93) srai    t4, s4, 0
core   0: 1 0x0000000080005e76 (0x400a5e93) x29 0xfffffffffff48138
core   0: 0x0000000080005e7a (0xc222f253) fcvt.l.d tp, ft5
core   0: 1 0x0000000080005e7a (0xc222f253) c1_fflags 0x0000000000000011 x4  0x7fffffffffffffff
core   0: 0x0000000080005e7e (0x224f1fd3) fsgnjn.d ft11, ft10, ft4
core   0: 1 0x0000000080005e7e (0x224f1fd3) f31 0x8000000000000000
core   0: 0x0000000080005e82 (0x0259d793) srli    a5, s3, 37
core   0: 1 0x0000000080005e82 (0x0259d793) x15 0x0000000007ffffff
core   0: 0x0000000080005e86 (0xd03efcd3) fcvt.s.lu fs9, t4
core   0: 1 0x0000000080005e86 (0xd03efcd3) c1_fflags 0x0000000000000011 f25 0xffffffff5f800000
core   0: 0x0000000080005e8a (0x02a4d633) divu    a2, s1, a0
core   0: 1 0x0000000080005e8a (0x02a4d633) x12 0x0000000000000000
core   0: 0x0000000080005e8e (0x0294ac33) mulhsu  s8, s1, s1
core   0: 1 0x0000000080005e8e (0x0294ac33) x24 0x0000000000000000
core   0: 0x0000000080005e92 (0xd22c71d3) fcvt.d.l ft3, s8
core   0: 1 0x0000000080005e92 (0xd22c71d3) f3  0x0000000000000000
core   0: 0x0000000080005e96 (0x02c7d9b3) divu    s3, a5, a2
core   0: 1 0x0000000080005e96 (0x02c7d9b3) x19 0xffffffffffffffff
core   0: 0x0000000080005e9a (0x23550553) fsgnj.d fa0, fa0, fs5
core   0: 1 0x0000000080005e9a (0x23550553) f10 0xfff8000000000000
core   0: 0x0000000080005e9e (0x01f7db1b) srliw   s6, a5, 31
core   0: 1 0x0000000080005e9e (0x01f7db1b) x22 0x0000000000000000
core   0: 0x0000000080005ea2 (0x22a62d53) fsgnjx.d fs10, fa2, fa0
core   0: 1 0x0000000080005ea2 (0x22a62d53) f26 0xfff8000000000000
core   0: 0x0000000080005ea6 (0xd2000453) fcvt.d.w fs0, zero
core   0: 1 0x0000000080005ea6 (0xd2000453) f8  0x0000000000000000
core   0: 0x0000000080005eaa (0x1a31fc53) fdiv.d  fs8, ft3, ft3
core   0: 1 0x0000000080005eaa (0x1a31fc53) c1_fflags 0x0000000000000011 f24 0x7ff8000000000000
core   0: 0x0000000080005eae (0x0041991b) slliw   s2, gp, 4
core   0: 1 0x0000000080005eae (0x0041991b) x18 0xffffffffffff95b0
core   0: 0x0000000080005eb2 (0x00304bb3) xor     s7, zero, gp
core   0: 1 0x0000000080005eb2 (0x00304bb3) x23 0x000000007ffff95b
core   0: 0x0000000080005eb6 (0x00b7cab3) xor     s5, a5, a1
core   0: 1 0x0000000080005eb6 (0x00b7cab3) x21 0x0000000033c2478c
core   0: 0x0000000080005eba (0x038e2733) mulhsu  a4, t3, s8
core   0: 1 0x0000000080005eba (0x038e2733) x14 0x0000000000000000
core   0: 0x0000000080005ebe (0x22820453) fsgnj.d fs0, ft4, fs0
core   0: 1 0x0000000080005ebe (0x22820453) f8  0x43f0000000000000
core   0: 0x0000000080005ec2 (0x02daf553) fadd.d  fa0, fs5, fa3
core   0: 1 0x0000000080005ec2 (0x02daf553) f10 0x7ff8000000000000
core   0: 0x0000000080005ec6 (0x000a9d93) slli    s11, s5, 0
core   0: 1 0x0000000080005ec6 (0x000a9d93) x27 0x0000000033c2478c
core   0: 0x0000000080005eca (0xd21d8653) fcvt.d.wu fa2, s11
core   0: 1 0x0000000080005eca (0xd21d8653) f12 0x41c9e123c6000000
core   0: 0x0000000080005ece (0x0377b533) mulhu   a0, a5, s7
core   0: 1 0x0000000080005ece (0x0377b533) x10 0x0000000000000000
core   0: 0x0000000080005ed2 (0x7ff7849b) addiw   s1, a5, 2047
core   0: 1 0x0000000080005ed2 (0x7ff7849b) x9  0x00000000080007fe
core   0: 0x0000000080005ed6 (0x00f805b3) add     a1, a6, a5
core   0: 1 0x0000000080005ed6 (0x00f805b3) x11 0x0000000087fff95a
core   0: 0x0000000080005eda (0x58830c93) addi    s9, t1, 1416
core   0: 1 0x0000000080005eda (0x58830c93) x25 0x0000000000000589
core   0: 0x0000000080005ede (0x420a03d3) fcvt.d.s ft7, fs4
core   0: 1 0x0000000080005ede (0x420a03d3) f7  0x7ff8000000000000
core   0: 0x0000000080005ee2 (0x00000001) c.nop
core   0: 1 0x0000000080005ee2 (0x0001)
core   0: 0x0000000080005ee4 (0x41f95d1b) sraiw   s10, s2, 31
core   0: 1 0x0000000080005ee4 (0x41f95d1b) x26 0xffffffffffffffff
core   0: 0x0000000080005ee8 (0x41dd5a93) srai    s5, s10, 29
core   0: 1 0x0000000080005ee8 (0x41dd5a93) x21 0xffffffffffffffff
core   0: 0x0000000080005eec (0x2ace07d3) fmin.d  fa5, ft8, fa2
core   0: 1 0x0000000080005eec (0x2ace07d3) f15 0x41c9e123c6000000
core   0: 0x0000000080005ef0 (0x02b03bb3) mulhu   s7, zero, a1
core   0: 1 0x0000000080005ef0 (0x02b03bb3) x23 0x0000000000000000
core   0: 0x0000000080005ef4 (0x5a097953) fsqrt.d fs2, fs2
core   0: 1 0x0000000080005ef4 (0x5a097953) f18 0x7ff8000000000000
core   0: 0x0000000080005ef8 (0x415c56b3) sra     a3, s8, s5
core   0: 1 0x0000000080005ef8 (0x415c56b3) x13 0x0000000000000000
core   0: 0x0000000080005efc (0xd02c79d3) fcvt.s.l fs3, s8
core   0: 1 0x0000000080005efc (0xd02c79d3) f19 0xffffffff00000000
core   0: 0x0000000080005f00 (0x00000001) c.nop
core   0: 1 0x0000000080005f00 (0x0001)
core   0: 0x0000000080005f02 (0x00da9e3b) sllw    t3, s5, a3
core   0: 1 0x0000000080005f02 (0x00da9e3b) x28 0xffffffffffffffff
core   0: 0x0000000080005f06 (0x40b0503b) sraw    zero, zero, a1
core   0: 1 0x0000000080005f06 (0x40b0503b)
core   0: 0x0000000080005f0a (0xe1105d37) lui     s10, 0xe1105
core   0: 1 0x0000000080005f0a (0xe1105d37) x26 0xffffffffe1105000
core   0: 0x0000000080005f0e (0x23098853) fsgnj.d fa6, fs3, fa6
core   0: 1 0x0000000080005f0e (0x23098853) f16 0x7fffffff00000000
core   0: 0x0000000080005f12 (0x01fd1c13) slli    s8, s10, 31
core   0: 1 0x0000000080005f12 (0x01fd1c13) x24 0xf088280000000000
core   0: 0x0000000080005f16 (0x00da96bb) sllw    a3, s5, a3
core   0: 1 0x0000000080005f16 (0x00da96bb) x13 0xffffffffffffffff
core   0: 0x0000000080005f1a (0x4185553b) sraw    a0, a0, s8
core   0: 1 0x0000000080005f1a (0x4185553b) x10 0x0000000000000000
core   0: 0x0000000080005f1e (0x0125143b) sllw    s0, a0, s2
core   0: 1 0x0000000080005f1e (0x0125143b) x8  0x0000000000000000
core   0: 0x0000000080005f22 (0x4015f853) fcvt.s.d fa6, fa1
core   0: 1 0x0000000080005f22 (0x4015f853) f16 0xffffffff7fc00000
core   0: 0x0000000080005f26 (0x415c83bb) subw    t2, s9, s5
core   0: 1 0x0000000080005f26 (0x415c83bb) x7  0x000000000000058a
core   0: 0x0000000080005f2a (0x8003e593) ori     a1, t2, -2048
core   0: 1 0x0000000080005f2a (0x8003e593) x11 0xfffffffffffffd8a
core   0: 0x0000000080005f2e (0x40d389bb) subw    s3, t2, a3
core   0: 1 0x0000000080005f2e (0x40d389bb) x19 0x000000000000058b
core   0: 0x0000000080005f32 (0x00249a73) csrrw   s4, frm, s1
core   0: 1 0x0000000080005f32 (0x00249a73) x20 0x0000000000000003 c2_frm 0x0000000000000006
core   0: 0x0000000080005f36 (0x7ff4809b) addiw   ra, s1, 2047
core   0: 1 0x0000000080005f36 (0x7ff4809b) x1  0x0000000008000ffd
core   0: 0x0000000080005f3a (0x00008ff5) c.and   a5, a3
core   0: 1 0x0000000080005f3a (0x8ff5) x15 0x0000000007ffffff
core   0: 0x0000000080005f3c (0x0078a3b3) slt     t2, a7, t2
core   0: 1 0x0000000080005f3c (0x0078a3b3) x7  0x0000000000000000
core   0: 0x0000000080005f40 (0x415d5693) srai    a3, s10, 21
core   0: 1 0x0000000080005f40 (0x415d5693) x13 0xffffffffffffff08
core   0: 0x0000000080005f44 (0x00281593) slli    a1, a6, 2
core   0: 1 0x0000000080005f44 (0x00281593) x11 0x00000001ffffe56c
core   0: 0x0000000080005f48 (0x00b2ac33) slt     s8, t0, a1
core   0: 1 0x0000000080005f48 (0x00b2ac33) x24 0x0000000000000001
core   0: 0x0000000080005f4c (0xa2a88a53) fle.d   s4, fa7, fa0
core   0: 1 0x0000000080005f4c (0xa2a88a53) c1_fflags 0x0000000000000011 x20 0x0000000000000000
core   0: 0x0000000080005f50 (0x94ed4293) xori    t0, s10, -1714
core   0: 1 0x0000000080005f50 (0x94ed4293) x5  0x000000001eefa94e
core   0: 0x0000000080005f54 (0x0139873b) addw    a4, s3, s3
core   0: 1 0x0000000080005f54 (0x0139873b) x14 0x0000000000000b16
core   0: 0x0000000080005f58 (0x010b9e3b) sllw    t3, s7, a6
core   0: 1 0x0000000080005f58 (0x010b9e3b) x28 0x0000000000000000
core   0: 0x0000000080005f5c (0x2bb09453) fmax.d  fs0, ft1, fs11
core   0: 1 0x0000000080005f5c (0x2bb09453) f8  0x4008000000000000
core   0: 0x0000000080005f60 (0x031e1813) slli    a6, t3, 49
core   0: 1 0x0000000080005f60 (0x031e1813) x16 0x0000000000000000
core   0: 0x0000000080005f64 (0x009854bb) srlw    s1, a6, s1
core   0: 1 0x0000000080005f64 (0x009854bb) x9  0x0000000000000000
core   0: 0x0000000080005f68 (0x0a147bd3) fsub.d  fs7, fs0, ft1
core   0: exception trap_illegal_instruction, epc 0x0000000080005f68
core   0:           tval 0x000000000a147bd3
core   0: >>>>  $xrv64i2p1_m2p0_a2p1_f2p2_d2p2_zicsr2p0_zifencei2p0_zmmul1p0_zba1p0_zbb1p0_zbc1p0_zbs1p0
core   0: 0x0000000080004000 (0x0080006f) j       pc + 0x8
core   0: 3 0x0000000080004000 (0x0080006f)
core   0: >>>>  mmode_exception_handler
core   0: 0x0000000080004008 (0x00002c17) auipc   s8, 0x2
core   0: 3 0x0000000080004008 (0x00002c17) x24 0x0000000080006008
core   0: 0x000000008000400c (0xff2c0c13) addi    s8, s8, -14
core   0: 3 0x000000008000400c (0xff2c0c13) x24 0x0000000080005ffa
core   0: 0x0000000080004010 (0x000c00e7) jalr    s8
core   0: 3 0x0000000080004010 (0x000c00e7) x1  0x0000000080004014
core   0: >>>>  any_handler
core   0: 0x0000000080005ffa (0x341027f3) csrrs   a5, mepc, zero
core   0: 3 0x0000000080005ffa (0x341027f3) x15 0x0000000080005f68
core   0: 0x0000000080005ffe (0x34202773) csrrs   a4, mcause, zero
core   0: 3 0x0000000080005ffe (0x34202773) x14 0x0000000000000002
core   0: 0x0000000080006002 (0x142026f3) csrrs   a3, scause, zero
core   0: 3 0x0000000080006002 (0x142026f3) x13 0x0000000000000000
core   0: 0x0000000080006006 (0x30402673) csrrs   a2, mie, zero
core   0: 3 0x0000000080006006 (0x30402673) x12 0x0000000000000a00
core   0: 0x000000008000600a (0x344025f3) csrrs   a1, mip, zero
core   0: 3 0x000000008000600a (0x344025f3) x11 0x0000000000000080
core   0: 0x000000008000600e (0x343025f3) csrrs   a1, mtval, zero
core   0: 3 0x000000008000600e (0x343025f3) x11 0x000000000a147bd3
core   0: 0x0000000080006012 (0x14302573) csrrs   a0, stval, zero
core   0: 3 0x0000000080006012 (0x14302573) x10 0x0000000000000500
core   0: 0x0000000080006016 (0xb02024f3) csrrs   s1, minstret, zero
core   0: 3 0x0000000080006016 (0xb02024f3) x9  0x000000000000122d
core   0: 0x000000008000601a (0x0000a811) c.j     pc + 20
core   0: 3 0x000000008000601a (0xa811)
core   0: >>>>  mepc_4
core   0: 0x000000008000602e (0x00000791) c.addi  a5, 4
core   0: 3 0x000000008000602e (0x0791) x15 0x0000000080005f6c
core   0: 0x0000000080006030 (0x34179073) csrrw   zero, mepc, a5
core   0: 3 0x0000000080006030 (0x34179073) c833_mepc 0x0000000080005f6c
core   0: 0x0000000080006034 (0x30200073) mret
core   0: 3 0x0000000080006034 (0x30200073) c768_mstatus 0x8000000a00106080
core   0: 0x0000000080005f6c (0x01a48533) add     a0, s1, s10
core   0: 1 0x0000000080005f6c (0x01a48533) x10 0xffffffffe110622d
core   0: 0x0000000080005f70 (0x013552bb) srlw    t0, a0, s3
core   0: 1 0x0000000080005f70 (0x013552bb) x5  0x00000000001c220c
core   0: 0x0000000080005f74 (0x7ff5e593) ori     a1, a1, 2047
core   0: 1 0x0000000080005f74 (0x7ff5e593) x11 0x000000000a147fff
core   0: 0x0000000080005f78 (0x41a983bb) subw    t2, s3, s10
core   0: 1 0x0000000080005f78 (0x41a983bb) x7  0x000000001eefb58b
core   0: 0x0000000080005f7c (0x03c7ce33) div     t3, a5, t3
core   0: 1 0x0000000080005f7c (0x03c7ce33) x28 0xffffffffffffffff
core   0: 0x0000000080005f80 (0x41c384bb) subw    s1, t2, t3
core   0: 1 0x0000000080005f80 (0x41c384bb) x9  0x000000001eefb58c
core   0: 0x0000000080005f84 (0xc23a78d3) fcvt.lu.d a7, fs4
core   0: exception trap_illegal_instruction, epc 0x0000000080005f84
core   0:           tval 0x00000000c23a78d3
core   0: >>>>  $xrv64i2p1_m2p0_a2p1_f2p2_d2p2_zicsr2p0_zifencei2p0_zmmul1p0_zba1p0_zbb1p0_zbc1p0_zbs1p0
core   0: 0x0000000080004000 (0x0080006f) j       pc + 0x8
core   0: 3 0x0000000080004000 (0x0080006f)
core   0: >>>>  mmode_exception_handler
core   0: 0x0000000080004008 (0x00002c17) auipc   s8, 0x2
core   0: 3 0x0000000080004008 (0x00002c17) x24 0x0000000080006008
core   0: 0x000000008000400c (0xff2c0c13) addi    s8, s8, -14
core   0: 3 0x000000008000400c (0xff2c0c13) x24 0x0000000080005ffa
core   0: 0x0000000080004010 (0x000c00e7) jalr    s8
core   0: 3 0x0000000080004010 (0x000c00e7) x1  0x0000000080004014
core   0: >>>>  any_handler
core   0: 0x0000000080005ffa (0x341027f3) csrrs   a5, mepc, zero
core   0: 3 0x0000000080005ffa (0x341027f3) x15 0x0000000080005f84
core   0: 0x0000000080005ffe (0x34202773) csrrs   a4, mcause, zero
core   0: 3 0x0000000080005ffe (0x34202773) x14 0x0000000000000002
core   0: 0x0000000080006002 (0x142026f3) csrrs   a3, scause, zero
core   0: 3 0x0000000080006002 (0x142026f3) x13 0x0000000000000000
core   0: 0x0000000080006006 (0x30402673) csrrs   a2, mie, zero
core   0: 3 0x0000000080006006 (0x30402673) x12 0x0000000000000a00
core   0: 0x000000008000600a (0x344025f3) csrrs   a1, mip, zero
core   0: 3 0x000000008000600a (0x344025f3) x11 0x0000000000000080
core   0: 0x000000008000600e (0x343025f3) csrrs   a1, mtval, zero
core   0: 3 0x000000008000600e (0x343025f3) x11 0x00000000c23a78d3
core   0: 0x0000000080006012 (0x14302573) csrrs   a0, stval, zero
core   0: 3 0x0000000080006012 (0x14302573) x10 0x0000000000000500
core   0: 0x0000000080006016 (0xb02024f3) csrrs   s1, minstret, zero
core   0: 3 0x0000000080006016 (0xb02024f3) x9  0x0000000000001243
core   0: 0x000000008000601a (0x0000a811) c.j     pc + 20
core   0: 3 0x000000008000601a (0xa811)
core   0: >>>>  mepc_4
core   0: 0x000000008000602e (0x00000791) c.addi  a5, 4
core   0: 3 0x000000008000602e (0x0791) x15 0x0000000080005f88
core   0: 0x0000000080006030 (0x34179073) csrrw   zero, mepc, a5
core   0: 3 0x0000000080006030 (0x34179073) c833_mepc 0x0000000080005f88
core   0: 0x0000000080006034 (0x30200073) mret
core   0: 3 0x0000000080006034 (0x30200073) c768_mstatus 0x8000000a00106080
core   0: 0x0000000080005f88 (0x00bc911b) slliw   sp, s9, 11
core   0: 1 0x0000000080005f88 (0x00bc911b) x2  0x00000000002c4800
core   0: 0x0000000080005f8c (0x022d5a3b) divuw   s4, s10, sp
core   0: 1 0x0000000080005f8c (0x022d5a3b) x20 0x0000000000000515
core   0: 0x0000000080005f90 (0xd20885d3) fcvt.d.w fa1, a7
core   0: 1 0x0000000080005f90 (0xd20885d3) f11 0x40d7a94000000000
core   0: 0x0000000080005f94 (0x7ff98e1b) addiw   t3, s3, 2047
core   0: 1 0x0000000080005f94 (0x7ff98e1b) x28 0x0000000000000d8a
core   0: 0x0000000080005f98 (0xc0347ed3) fcvt.lu.s t4, fs0
core   0: exception trap_illegal_instruction, epc 0x0000000080005f98
core   0:           tval 0x00000000c0347ed3
core   0: >>>>  $xrv64i2p1_m2p0_a2p1_f2p2_d2p2_zicsr2p0_zifencei2p0_zmmul1p0_zba1p0_zbb1p0_zbc1p0_zbs1p0
core   0: 0x0000000080004000 (0x0080006f) j       pc + 0x8
core   0: 3 0x0000000080004000 (0x0080006f)
core   0: >>>>  mmode_exception_handler
core   0: 0x0000000080004008 (0x00002c17) auipc   s8, 0x2
core   0: 3 0x0000000080004008 (0x00002c17) x24 0x0000000080006008
core   0: 0x000000008000400c (0xff2c0c13) addi    s8, s8, -14
core   0: 3 0x000000008000400c (0xff2c0c13) x24 0x0000000080005ffa
core   0: 0x0000000080004010 (0x000c00e7) jalr    s8
core   0: 3 0x0000000080004010 (0x000c00e7) x1  0x0000000080004014
core   0: >>>>  any_handler
core   0: 0x0000000080005ffa (0x341027f3) csrrs   a5, mepc, zero
core   0: 3 0x0000000080005ffa (0x341027f3) x15 0x0000000080005f98
core   0: 0x0000000080005ffe (0x34202773) csrrs   a4, mcause, zero
core   0: 3 0x0000000080005ffe (0x34202773) x14 0x0000000000000002
core   0: 0x0000000080006002 (0x142026f3) csrrs   a3, scause, zero
core   0: 3 0x0000000080006002 (0x142026f3) x13 0x0000000000000000
core   0: 0x0000000080006006 (0x30402673) csrrs   a2, mie, zero
core   0: 3 0x0000000080006006 (0x30402673) x12 0x0000000000000a00
core   0: 0x000000008000600a (0x344025f3) csrrs   a1, mip, zero
core   0: 3 0x000000008000600a (0x344025f3) x11 0x0000000000000080
core   0: 0x000000008000600e (0x343025f3) csrrs   a1, mtval, zero
core   0: 3 0x000000008000600e (0x343025f3) x11 0x00000000c0347ed3
core   0: 0x0000000080006012 (0x14302573) csrrs   a0, stval, zero
core   0: 3 0x0000000080006012 (0x14302573) x10 0x0000000000000500
core   0: 0x0000000080006016 (0xb02024f3) csrrs   s1, minstret, zero
core   0: 3 0x0000000080006016 (0xb02024f3) x9  0x0000000000001257
core   0: 0x000000008000601a (0x0000a811) c.j     pc + 20
core   0: 3 0x000000008000601a (0xa811)
core   0: >>>>  mepc_4
core   0: 0x000000008000602e (0x00000791) c.addi  a5, 4
core   0: 3 0x000000008000602e (0x0791) x15 0x0000000080005f9c
core   0: 0x0000000080006030 (0x34179073) csrrw   zero, mepc, a5
core   0: 3 0x0000000080006030 (0x34179073) c833_mepc 0x0000000080005f9c
core   0: 0x0000000080006034 (0x30200073) mret
core   0: 3 0x0000000080006034 (0x30200073) c768_mstatus 0x8000000a00106080
core   0: 0x0000000080005f9c (0x00299af3) csrrw   s5, frm, s3
core   0: 1 0x0000000080005f9c (0x00299af3) x21 0x0000000000000006 c2_frm 0x0000000000000003
core   0: 0x0000000080005fa0 (0xfffef093) andi    ra, t4, -1
core   0: 1 0x0000000080005fa0 (0xfffef093) x1  0xfffffffffff48138
core   0: 0x0000000080005fa4 (0xd533c393) xori    t2, t2, -685
core   0: 1 0x0000000080005fa4 (0xd533c393) x7  0xffffffffe11048d8
core   0: 0x0000000080005fa8 (0x027ebcb3) mulhu   s9, t4, t2
core   0: 1 0x0000000080005fa8 (0x027ebcb3) x25 0xffffffffe104ca10
core   0: 0x0000000080005fac (0x234d00d3) fsgnj.d ft1, fs10, fs4
core   0: 1 0x0000000080005fac (0x234d00d3) f1  0x7ff8000000000000
core   0: 0x0000000080005fb0 (0x0275f853) fadd.d  fa6, fa1, ft7
core   0: 1 0x0000000080005fb0 (0x0275f853) f16 0x7ff8000000000000
core   0: 0x0000000080005fb4 (0x4186563b) sraw    a2, a2, s8
core   0: 1 0x0000000080005fb4 (0x4186563b) x12 0x0000000000000000
core   0: 0x0000000080005fb8 (0x004890b3) sll     ra, a7, tp
core   0: 1 0x0000000080005fb8 (0x004890b3) x1  0x8000000000000000
core   0: 0x0000000080005fbc (0x00bc64b3) or      s1, s8, a1
core   0: 1 0x0000000080005fbc (0x00bc64b3) x9  0x00000000c0347ffb
core   0: 0x0000000080005fc0 (0x01b08dbb) addw    s11, ra, s11
core   0: 1 0x0000000080005fc0 (0x01b08dbb) x27 0x0000000033c2478c
core   0: 0x0000000080005fc4 (0x029ddab3) divu    s5, s11, s1
core   0: 1 0x0000000080005fc4 (0x029ddab3) x21 0x0000000000000000
core   0: 0x0000000080005fc8 (0x03cb8dbb) mulw    s11, s7, t3
core   0: 1 0x0000000080005fc8 (0x03cb8dbb) x27 0x0000000000000000
core   0: 0x0000000080005fcc (0xe2010ed3) fmv.x.d t4, ft2
core   0: 1 0x0000000080005fcc (0xe2010ed3) x29 0x41dffffe56c00000
core   0: 0x0000000080005fd0 (0xd03b77d3) fcvt.s.lu fa5, s6
core   0: 1 0x0000000080005fd0 (0xd03b77d3) f15 0xffffffff00000000
core   0: 0x0000000080005fd4 (0x000dd293) srli    t0, s11, 0
core   0: 1 0x0000000080005fd4 (0x000dd293) x5  0x0000000000000000
core   0: 0x0000000080005fd8 (0x03de843b) mulw    s0, t4, t4
core   0: 1 0x0000000080005fd8 (0x03de843b) x8  0x0000000000000000
core   0: 0x0000000080005fdc (0x2afd0f53) fmin.d  ft10, fs10, fa5
core   0: 1 0x0000000080005fdc (0x2afd0f53) f30 0x7ff8000000000000
core   0: 0x0000000080005fe0 (0xe20787d3) fmv.x.d a5, fa5
core   0: 1 0x0000000080005fe0 (0xe20787d3) x15 0xffffffff00000000
core   0: 0x0000000080005fe4 (0x5a047e53) fsqrt.d ft8, fs0
core   0: 1 0x0000000080005fe4 (0x5a047e53) c1_fflags 0x0000000000000011 f28 0x3ffbb67ae8584cab
core   0: 0x0000000080005fe8 (0x0be47053) fsub.d  ft0, fs0, ft10
core   0: 1 0x0000000080005fe8 (0x0be47053) f0  0x7ff8000000000000
core   0: 0x0000000080005fec (0x401ddc1b) sraiw   s8, s11, 1
core   0: 1 0x0000000080005fec (0x401ddc1b) x24 0x0000000000000000
core   0: 0x0000000080005ff0 (0x020a72bb) remuw   t0, s4, zero
core   0: 1 0x0000000080005ff0 (0x020a72bb) x5  0x0000000000000515
core   0: >>>>  write_tohost
core   0: 0x0000000080005ff4 (0x9f0fa0ef) jal     pc - 0x5e10
core   0: 1 0x0000000080005ff4 (0x9f0fa0ef) x1  0x0000000080005ff8
core   0: >>>>  _exit
core   0: 0x00000000800001e4 (0x00004505) c.li    a0, 1
core   0: 1 0x00000000800001e4 (0x4505) x10 0x0000000000000001
core   0: 0x00000000800001e6 (0x00001f17) auipc   t5, 0x1
core   0: 1 0x00000000800001e6 (0x00001f17) x30 0x00000000800011e6
core   0: 0x00000000800001ea (0xe0af2d23) sw      a0, -486(t5)
core   0: 1 0x00000000800001ea (0xe0af2d23) mem 0x0000000080001000 0x00000001
cp /home/server/RISCV/cva6/verif/sim/out/seed_408/spike_sim/new_seeds_408_.cv64a6_imafdc_sv39.log.iss /home/server/RISCV/cva6/verif/sim/out/seed_408/spike_sim/new_seeds_408_.cv64a6_imafdc_sv39.log
