Makefile:14: must set CVA6_REPO_DIR to point at the root of CVA6 sources and CVA6_TB_DIR to point here -- doing it for you...
LD_LIBRARY_PATH="$(realpath ../../tools/spike/lib):$LD_LIBRARY_PATH" \
	/home/server/RISCV/cva6/tools/spike/bin/spike --steps=2000000  --log-commits --isa=rv64gc_zba_zbb_zbs_zbc_zicsr_zifencei --priv=msu -l /home/server/RISCV/cva6/verif/sim/out/seed_864/directed_asm_tests/new_seeds_864_.o
[SPIKE] Max simulation steps: 2000000
[SPIKE] Proc 0 | ISA: rv64gc_zba_zbb_zbs_zbc_zicsr_zifencei PRIV: msu
[SPIKE] Initializing memories...
core   0: 0x0000000000010000 (0x00100413) li      s0, 1
core   0: 3 0x0000000000010000 (0x00100413) x8  0x0000000000000001
core   0: 0x0000000000010004 (0x01f41413) slli    s0, s0, 31
core   0: 3 0x0000000000010004 (0x01f41413) x8  0x0000000080000000
core   0: 0x0000000000010008 (0xf1402573) csrrs   a0, mhartid, zero
core   0: 3 0x0000000000010008 (0xf1402573) x10 0x0000000000000000
core   0: 0x000000000001000c (0x00000597) auipc   a1, 0x0
core   0: 3 0x000000000001000c (0x00000597) x11 0x000000000001000c
core   0: 0x0000000000010010 (0x07458593) addi    a1, a1, 116
core   0: 3 0x0000000000010010 (0x07458593) x11 0x0000000000010080
core   0: 0x0000000000010014 (0x00040067) jr      s0
core   0: 3 0x0000000000010014 (0x00040067)
core   0: >>>>  _start
core   0: 0x0000000080000000 (0x00004081) c.li    ra, 0
core   0: 3 0x0000000080000000 (0x4081) x1  0x0000000000000000
core   0: 0x0000000080000002 (0x00004101) c.li    sp, 0
core   0: 3 0x0000000080000002 (0x4101) x2  0x0000000000000000
core   0: 0x0000000080000004 (0x00004181) c.li    gp, 0
core   0: 3 0x0000000080000004 (0x4181) x3  0x0000000000000000
core   0: 0x0000000080000006 (0x00004201) c.li    tp, 0
core   0: 3 0x0000000080000006 (0x4201) x4  0x0000000000000000
core   0: 0x0000000080000008 (0x00004281) c.li    t0, 0
core   0: 3 0x0000000080000008 (0x4281) x5  0x0000000000000000
core   0: 0x000000008000000a (0x00004301) c.li    t1, 0
core   0: 3 0x000000008000000a (0x4301) x6  0x0000000000000000
core   0: 0x000000008000000c (0x00004381) c.li    t2, 0
core   0: 3 0x000000008000000c (0x4381) x7  0x0000000000000000
core   0: 0x000000008000000e (0x00004401) c.li    s0, 0
core   0: 3 0x000000008000000e (0x4401) x8  0x0000000000000000
core   0: 0x0000000080000010 (0x00004481) c.li    s1, 0
core   0: 3 0x0000000080000010 (0x4481) x9  0x0000000000000000
core   0: 0x0000000080000012 (0x00004501) c.li    a0, 0
core   0: 3 0x0000000080000012 (0x4501) x10 0x0000000000000000
core   0: 0x0000000080000014 (0x00004581) c.li    a1, 0
core   0: 3 0x0000000080000014 (0x4581) x11 0x0000000000000000
core   0: 0x0000000080000016 (0x00004601) c.li    a2, 0
core   0: 3 0x0000000080000016 (0x4601) x12 0x0000000000000000
core   0: 0x0000000080000018 (0x00004681) c.li    a3, 0
core   0: 3 0x0000000080000018 (0x4681) x13 0x0000000000000000
core   0: 0x000000008000001a (0x00004701) c.li    a4, 0
core   0: 3 0x000000008000001a (0x4701) x14 0x0000000000000000
core   0: 0x000000008000001c (0x00004781) c.li    a5, 0
core   0: 3 0x000000008000001c (0x4781) x15 0x0000000000000000
core   0: 0x000000008000001e (0x00004801) c.li    a6, 0
core   0: 3 0x000000008000001e (0x4801) x16 0x0000000000000000
core   0: 0x0000000080000020 (0x00004881) c.li    a7, 0
core   0: 3 0x0000000080000020 (0x4881) x17 0x0000000000000000
core   0: 0x0000000080000022 (0x00004901) c.li    s2, 0
core   0: 3 0x0000000080000022 (0x4901) x18 0x0000000000000000
core   0: 0x0000000080000024 (0x00004981) c.li    s3, 0
core   0: 3 0x0000000080000024 (0x4981) x19 0x0000000000000000
core   0: 0x0000000080000026 (0x00004a01) c.li    s4, 0
core   0: 3 0x0000000080000026 (0x4a01) x20 0x0000000000000000
core   0: 0x0000000080000028 (0x00004a81) c.li    s5, 0
core   0: 3 0x0000000080000028 (0x4a81) x21 0x0000000000000000
core   0: 0x000000008000002a (0x00004b01) c.li    s6, 0
core   0: 3 0x000000008000002a (0x4b01) x22 0x0000000000000000
core   0: 0x000000008000002c (0x00004b81) c.li    s7, 0
core   0: 3 0x000000008000002c (0x4b81) x23 0x0000000000000000
core   0: 0x000000008000002e (0x00004c01) c.li    s8, 0
core   0: 3 0x000000008000002e (0x4c01) x24 0x0000000000000000
core   0: 0x0000000080000030 (0x00004c81) c.li    s9, 0
core   0: 3 0x0000000080000030 (0x4c81) x25 0x0000000000000000
core   0: 0x0000000080000032 (0x00004d01) c.li    s10, 0
core   0: 3 0x0000000080000032 (0x4d01) x26 0x0000000000000000
core   0: 0x0000000080000034 (0x00004d81) c.li    s11, 0
core   0: 3 0x0000000080000034 (0x4d81) x27 0x0000000000000000
core   0: 0x0000000080000036 (0x00004e01) c.li    t3, 0
core   0: 3 0x0000000080000036 (0x4e01) x28 0x0000000000000000
core   0: 0x0000000080000038 (0x00004e81) c.li    t4, 0
core   0: 3 0x0000000080000038 (0x4e81) x29 0x0000000000000000
core   0: 0x000000008000003a (0x00004f01) c.li    t5, 0
core   0: 3 0x000000008000003a (0x4f01) x30 0x0000000000000000
core   0: 0x000000008000003c (0x00004f81) c.li    t6, 0
core   0: 3 0x000000008000003c (0x4f81) x31 0x0000000000000000
core   0: 0x000000008000003e (0x000062f9) c.lui   t0, 0x1e
core   0: 3 0x000000008000003e (0x62f9) x5  0x000000000001e000
core   0: 0x0000000080000040 (0x3002a073) csrrs   zero, mstatus, t0
core   0: 3 0x0000000080000040 (0x3002a073) c768_mstatus 0x8000000a00006000
core   0: 0x0000000080000044 (0x00004285) c.li    t0, 1
core   0: 3 0x0000000080000044 (0x4285) x5  0x0000000000000001
core   0: 0x0000000080000046 (0x000002fe) c.slli  t0, 31
core   0: 3 0x0000000080000046 (0x02fe) x5  0x0000000080000000
core   0: 0x0000000080000048 (0x0002d863) bge     t0, zero, pc + 16
core   0: 3 0x0000000080000048 (0x0002d863)
core   0: 0x0000000080000058 (0x00000297) auipc   t0, 0x0
core   0: 3 0x0000000080000058 (0x00000297) x5  0x0000000080000058
core   0: 0x000000008000005c (0x09028293) addi    t0, t0, 144
core   0: 3 0x000000008000005c (0x09028293) x5  0x00000000800000e8
core   0: 0x0000000080000060 (0x30529073) csrrw   zero, mtvec, t0
core   0: 3 0x0000000080000060 (0x30529073) c773_mtvec 0x00000000800000e8
core   0: 0x0000000080000064 (0x00301073) csrrw   zero, fcsr, zero
core   0: 3 0x0000000080000064 (0x00301073) c1_fflags 0x0000000000000000 c2_frm 0x0000000000000000
core   0: 0x0000000080000068 (0xf0000053) fmv.w.x ft0, zero
core   0: 3 0x0000000080000068 (0xf0000053) f0  0xffffffff00000000
core   0: 0x000000008000006c (0xf00000d3) fmv.w.x ft1, zero
core   0: 3 0x000000008000006c (0xf00000d3) f1  0xffffffff00000000
core   0: 0x0000000080000070 (0xf0000153) fmv.w.x ft2, zero
core   0: 3 0x0000000080000070 (0xf0000153) f2  0xffffffff00000000
core   0: 0x0000000080000074 (0xf00001d3) fmv.w.x ft3, zero
core   0: 3 0x0000000080000074 (0xf00001d3) f3  0xffffffff00000000
core   0: 0x0000000080000078 (0xf0000253) fmv.w.x ft4, zero
core   0: 3 0x0000000080000078 (0xf0000253) f4  0xffffffff00000000
core   0: 0x000000008000007c (0xf00002d3) fmv.w.x ft5, zero
core   0: 3 0x000000008000007c (0xf00002d3) f5  0xffffffff00000000
core   0: 0x0000000080000080 (0xf0000353) fmv.w.x ft6, zero
core   0: 3 0x0000000080000080 (0xf0000353) f6  0xffffffff00000000
core   0: 0x0000000080000084 (0xf00003d3) fmv.w.x ft7, zero
core   0: 3 0x0000000080000084 (0xf00003d3) f7  0xffffffff00000000
core   0: 0x0000000080000088 (0xf0000453) fmv.w.x fs0, zero
core   0: 3 0x0000000080000088 (0xf0000453) f8  0xffffffff00000000
core   0: 0x000000008000008c (0xf00004d3) fmv.w.x fs1, zero
core   0: 3 0x000000008000008c (0xf00004d3) f9  0xffffffff00000000
core   0: 0x0000000080000090 (0xf0000553) fmv.w.x fa0, zero
core   0: 3 0x0000000080000090 (0xf0000553) f10 0xffffffff00000000
core   0: 0x0000000080000094 (0xf00005d3) fmv.w.x fa1, zero
core   0: 3 0x0000000080000094 (0xf00005d3) f11 0xffffffff00000000
core   0: 0x0000000080000098 (0xf0000653) fmv.w.x fa2, zero
core   0: 3 0x0000000080000098 (0xf0000653) f12 0xffffffff00000000
core   0: 0x000000008000009c (0xf00006d3) fmv.w.x fa3, zero
core   0: 3 0x000000008000009c (0xf00006d3) f13 0xffffffff00000000
core   0: 0x00000000800000a0 (0xf0000753) fmv.w.x fa4, zero
core   0: 3 0x00000000800000a0 (0xf0000753) f14 0xffffffff00000000
core   0: 0x00000000800000a4 (0xf00007d3) fmv.w.x fa5, zero
core   0: 3 0x00000000800000a4 (0xf00007d3) f15 0xffffffff00000000
core   0: 0x00000000800000a8 (0xf0000853) fmv.w.x fa6, zero
core   0: 3 0x00000000800000a8 (0xf0000853) f16 0xffffffff00000000
core   0: 0x00000000800000ac (0xf00008d3) fmv.w.x fa7, zero
core   0: 3 0x00000000800000ac (0xf00008d3) f17 0xffffffff00000000
core   0: 0x00000000800000b0 (0xf0000953) fmv.w.x fs2, zero
core   0: 3 0x00000000800000b0 (0xf0000953) f18 0xffffffff00000000
core   0: 0x00000000800000b4 (0xf00009d3) fmv.w.x fs3, zero
core   0: 3 0x00000000800000b4 (0xf00009d3) f19 0xffffffff00000000
core   0: 0x00000000800000b8 (0xf0000a53) fmv.w.x fs4, zero
core   0: 3 0x00000000800000b8 (0xf0000a53) f20 0xffffffff00000000
core   0: 0x00000000800000bc (0xf0000ad3) fmv.w.x fs5, zero
core   0: 3 0x00000000800000bc (0xf0000ad3) f21 0xffffffff00000000
core   0: 0x00000000800000c0 (0xf0000b53) fmv.w.x fs6, zero
core   0: 3 0x00000000800000c0 (0xf0000b53) f22 0xffffffff00000000
core   0: 0x00000000800000c4 (0xf0000bd3) fmv.w.x fs7, zero
core   0: 3 0x00000000800000c4 (0xf0000bd3) f23 0xffffffff00000000
core   0: 0x00000000800000c8 (0xf0000c53) fmv.w.x fs8, zero
core   0: 3 0x00000000800000c8 (0xf0000c53) f24 0xffffffff00000000
core   0: 0x00000000800000cc (0xf0000cd3) fmv.w.x fs9, zero
core   0: 3 0x00000000800000cc (0xf0000cd3) f25 0xffffffff00000000
core   0: 0x00000000800000d0 (0xf0000d53) fmv.w.x fs10, zero
core   0: 3 0x00000000800000d0 (0xf0000d53) f26 0xffffffff00000000
core   0: 0x00000000800000d4 (0xf0000dd3) fmv.w.x fs11, zero
core   0: 3 0x00000000800000d4 (0xf0000dd3) f27 0xffffffff00000000
core   0: 0x00000000800000d8 (0xf0000e53) fmv.w.x ft8, zero
core   0: 3 0x00000000800000d8 (0xf0000e53) f28 0xffffffff00000000
core   0: 0x00000000800000dc (0xf0000ed3) fmv.w.x ft9, zero
core   0: 3 0x00000000800000dc (0xf0000ed3) f29 0xffffffff00000000
core   0: 0x00000000800000e0 (0xf0000f53) fmv.w.x ft10, zero
core   0: 3 0x00000000800000e0 (0xf0000f53) f30 0xffffffff00000000
core   0: 0x00000000800000e4 (0xf0000fd3) fmv.w.x ft11, zero
core   0: 3 0x00000000800000e4 (0xf0000fd3) f31 0xffffffff00000000
core   0: 0x00000000800000e8 (0x00000297) auipc   t0, 0x0
core   0: 3 0x00000000800000e8 (0x00000297) x5  0x00000000800000e8
core   0: 0x00000000800000ec (0x03c28293) addi    t0, t0, 60
core   0: 3 0x00000000800000ec (0x03c28293) x5  0x0000000080000124
core   0: 0x00000000800000f0 (0x30529073) csrrw   zero, mtvec, t0
core   0: 3 0x00000000800000f0 (0x30529073) c773_mtvec 0x0000000080000124
core   0: 0x00000000800000f4 (0x00012197) auipc   gp, 0x12
core   0: 3 0x00000000800000f4 (0x00012197) x3  0x00000000800120f4
core   0: 0x00000000800000f8 (0x73418193) addi    gp, gp, 1844
core   0: 3 0x00000000800000f8 (0x73418193) x3  0x0000000080012828
core   0: 0x00000000800000fc (0x00012217) auipc   tp, 0x12
core   0: 3 0x00000000800000fc (0x00012217) x4  0x00000000800120fc
core   0: 0x0000000080000100 (0xf8320213) addi    tp, tp, -125
core   0: 3 0x0000000080000100 (0xf8320213) x4  0x000000008001207f
core   0: 0x0000000080000104 (0xfc027213) andi    tp, tp, -64
core   0: 3 0x0000000080000104 (0xfc027213) x4  0x0000000080012040
core   0: 0x0000000080000108 (0xf1402573) csrrs   a0, mhartid, zero
core   0: 3 0x0000000080000108 (0xf1402573) x10 0x0000000000000000
core   0: 0x000000008000010c (0x00004585) c.li    a1, 1
core   0: 3 0x000000008000010c (0x4585) x11 0x0000000000000001
core   0: 0x000000008000010e (0x00b57063) bgeu    a0, a1, pc + 0
core   0: 3 0x000000008000010e (0x00b57063)
core   0: 0x0000000080000112 (0x00150113) addi    sp, a0, 1
core   0: 3 0x0000000080000112 (0x00150113) x2  0x0000000000000001
core   0: 0x0000000080000116 (0x00000146) c.slli  sp, 17
core   0: 3 0x0000000080000116 (0x0146) x2  0x0000000000020000
core   0: 0x0000000080000118 (0x00009112) c.add   sp, tp
core   0: 3 0x0000000080000118 (0x9112) x2  0x0000000080032040
core   0: 0x000000008000011a (0x01151613) slli    a2, a0, 17
core   0: 3 0x000000008000011a (0x01151613) x12 0x0000000000000000
core   0: 0x000000008000011e (0x00009232) c.add   tp, a2
core   0: 3 0x000000008000011e (0x9232) x4  0x0000000080012040
core   0: 0x0000000080000120 (0x3c20f06f) j       pc + 0xf3c2
core   0: 3 0x0000000080000120 (0x3c20f06f)
core   0: >>>>  _init
core   0: 0x000000008000f4e2 (0x00007171) c.addi16sp sp, -176
core   0: 3 0x000000008000f4e2 (0x7171) x2  0x0000000080031f90
core   0: 0x000000008000f4e4 (0x0000f506) c.sdsp  ra, 168(sp)
core   0: 3 0x000000008000f4e4 (0xf506) mem 0x0000000080032038 0x0000000000000000
core   0: 0x000000008000f4e6 (0x0000f122) c.sdsp  s0, 160(sp)
core   0: 3 0x000000008000f4e6 (0xf122) mem 0x0000000080032030 0x0000000000000000
core   0: 0x000000008000f4e8 (0x0000ed26) c.sdsp  s1, 152(sp)
core   0: 3 0x000000008000f4e8 (0xed26) mem 0x0000000080032028 0x0000000000000000
core   0: 0x000000008000f4ea (0x00001900) c.addi4spn s0, sp, 176
core   0: 3 0x000000008000f4ea (0x1900) x8  0x0000000080032040
core   0: 0x000000008000f4ec (0x000087aa) c.mv    a5, a0
core   0: 3 0x000000008000f4ec (0x87aa) x15 0x0000000000000000
core   0: 0x000000008000f4ee (0x0000872e) c.mv    a4, a1
core   0: 3 0x000000008000f4ee (0x872e) x14 0x0000000000000001
core   0: 0x000000008000f4f0 (0xf4f42e23) sw      a5, -164(s0)
core   0: 3 0x000000008000f4f0 (0xf4f42e23) mem 0x0000000080031f9c 0x00000000
core   0: 0x000000008000f4f4 (0x000087ba) c.mv    a5, a4
core   0: 3 0x000000008000f4f4 (0x87ba) x15 0x0000000000000001
core   0: 0x000000008000f4f6 (0xf4f42c23) sw      a5, -168(s0)
core   0: 3 0x000000008000f4f6 (0xf4f42c23) mem 0x0000000080031f98 0x00000001
core   0: 0x000000008000f4fa (0xfe040793) addi    a5, s0, -32
core   0: 3 0x000000008000f4fa (0xfe040793) x15 0x0000000080032020
core   0: 0x000000008000f4fe (0xf4f43823) sd      a5, -176(s0)
core   0: 3 0x000000008000f4fe (0xf4f43823) mem 0x0000000080031f90 0x0000000080032020
core   0: 0x000000008000f502 (0xf5043783) ld      a5, -176(s0)
core   0: 3 0x000000008000f502 (0xf5043783) x15 0x0000000080032020 mem 0x0000000080031f90
core   0: 0x000000008000f506 (0xf8078793) addi    a5, a5, -128
core   0: 3 0x000000008000f506 (0xf8078793) x15 0x0000000080031fa0
core   0: 0x000000008000f50a (0x03f78793) addi    a5, a5, 63
core   0: 3 0x000000008000f50a (0x03f78793) x15 0x0000000080031fdf
core   0: 0x000000008000f50e (0x00008399) c.srli  a5, 6
core   0: 3 0x000000008000f50e (0x8399) x15 0x0000000002000c7f
core   0: 0x000000008000f510 (0x00679493) slli    s1, a5, 6
core   0: 3 0x000000008000f510 (0x00679493) x9  0x0000000080031fc0
core   0: 0x000000008000f514 (0xf65ff0ef) jal     pc - 0x9c
core   0: 3 0x000000008000f514 (0xf65ff0ef) x1  0x000000008000f518
core   0: >>>>  init_tls
core   0: 0x000000008000f478 (0x00001101) c.addi  sp, -32
core   0: 3 0x000000008000f478 (0x1101) x2  0x0000000080031f70
core   0: 0x000000008000f47a (0x0000ec06) c.sdsp  ra, 24(sp)
core   0: 3 0x000000008000f47a (0xec06) mem 0x0000000080031f88 0x000000008000f518
core   0: 0x000000008000f47c (0x0000e822) c.sdsp  s0, 16(sp)
core   0: 3 0x000000008000f47c (0xe822) mem 0x0000000080031f80 0x0000000080032040
core   0: 0x000000008000f47e (0x00001000) c.addi4spn s0, sp, 32
core   0: 3 0x000000008000f47e (0x1000) x8  0x0000000080031f90
core   0: 0x000000008000f480 (0x00003717) auipc   a4, 0x3
core   0: 3 0x000000008000f480 (0x00003717) x14 0x0000000080012480
core   0: 0x000000008000f484 (0xba870713) addi    a4, a4, -1112
core   0: 3 0x000000008000f484 (0xba870713) x14 0x0000000080012028
core   0: 0x000000008000f488 (0x00003797) auipc   a5, 0x3
core   0: 3 0x000000008000f488 (0x00003797) x15 0x0000000080012488
core   0: 0x000000008000f48c (0xba078793) addi    a5, a5, -1120
core   0: 3 0x000000008000f48c (0xba078793) x15 0x0000000080012028
core   0: 0x000000008000f490 (0x40f707b3) sub     a5, a4, a5
core   0: 3 0x000000008000f490 (0x40f707b3) x15 0x0000000000000000
core   0: 0x000000008000f494 (0xfef43423) sd      a5, -24(s0)
core   0: 3 0x000000008000f494 (0xfef43423) mem 0x0000000080031f78 0x0000000000000000
core   0: 0x000000008000f498 (0x00008792) c.mv    a5, tp
core   0: 3 0x000000008000f498 (0x8792) x15 0x0000000080012040
core   0: 0x000000008000f49a (0xfe843603) ld      a2, -24(s0)
core   0: 3 0x000000008000f49a (0xfe843603) x12 0x0000000000000000 mem 0x0000000080031f78
core   0: 0x000000008000f49e (0x00003597) auipc   a1, 0x3
core   0: 3 0x000000008000f49e (0x00003597) x11 0x000000008001249e
core   0: 0x000000008000f4a2 (0xb8a58593) addi    a1, a1, -1142
core   0: 3 0x000000008000f4a2 (0xb8a58593) x11 0x0000000080012028
core   0: 0x000000008000f4a6 (0x0000853e) c.mv    a0, a5
core   0: 3 0x000000008000f4a6 (0x853e) x10 0x0000000080012040
core   0: 0x000000008000f4a8 (0x0f9000ef) jal     pc + 0x8f8
core   0: 3 0x000000008000f4a8 (0x0f9000ef) x1  0x000000008000f4ac
core   0: >>>>  memcpy
core   0: 0x000000008000fda0 (0x0000715d) c.addi16sp sp, -80
core   0: 3 0x000000008000fda0 (0x715d) x2  0x0000000080031f20
core   0: 0x000000008000fda2 (0x0000e4a2) c.sdsp  s0, 72(sp)
core   0: 3 0x000000008000fda2 (0xe4a2) mem 0x0000000080031f68 0x0000000080031f90
core   0: 0x000000008000fda4 (0x00000880) c.addi4spn s0, sp, 80
core   0: 3 0x000000008000fda4 (0x0880) x8  0x0000000080031f70
core   0: 0x000000008000fda6 (0xfca43423) sd      a0, -56(s0)
core   0: 3 0x000000008000fda6 (0xfca43423) mem 0x0000000080031f38 0x0000000080012040
core   0: 0x000000008000fdaa (0xfcb43023) sd      a1, -64(s0)
core   0: 3 0x000000008000fdaa (0xfcb43023) mem 0x0000000080031f30 0x0000000080012028
core   0: 0x000000008000fdae (0xfac43c23) sd      a2, -72(s0)
core   0: 3 0x000000008000fdae (0xfac43c23) mem 0x0000000080031f28 0x0000000000000000
core   0: 0x000000008000fdb2 (0xfc843703) ld      a4, -56(s0)
core   0: 3 0x000000008000fdb2 (0xfc843703) x14 0x0000000080012040 mem 0x0000000080031f38
core   0: 0x000000008000fdb6 (0xfc043783) ld      a5, -64(s0)
core   0: 3 0x000000008000fdb6 (0xfc043783) x15 0x0000000080012028 mem 0x0000000080031f30
core   0: 0x000000008000fdba (0x00008f5d) c.or    a4, a5
core   0: 3 0x000000008000fdba (0x8f5d) x14 0x0000000080012068
core   0: 0x000000008000fdbc (0xfb843783) ld      a5, -72(s0)
core   0: 3 0x000000008000fdbc (0xfb843783) x15 0x0000000000000000 mem 0x0000000080031f28
core   0: 0x000000008000fdc0 (0x00008fd9) c.or    a5, a4
core   0: 3 0x000000008000fdc0 (0x8fd9) x15 0x0000000080012068
core   0: 0x000000008000fdc2 (0x00008b9d) c.andi  a5, 7
core   0: 3 0x000000008000fdc2 (0x8b9d) x15 0x0000000000000000
core   0: 0x000000008000fdc4 (0x0000e3b1) c.bnez  a5, pc + 68
core   0: 3 0x000000008000fdc4 (0xe3b1)
core   0: 0x000000008000fdc6 (0xfc043783) ld      a5, -64(s0)
core   0: 3 0x000000008000fdc6 (0xfc043783) x15 0x0000000080012028 mem 0x0000000080031f30
core   0: 0x000000008000fdca (0xfef43423) sd      a5, -24(s0)
core   0: 3 0x000000008000fdca (0xfef43423) mem 0x0000000080031f58 0x0000000080012028
core   0: 0x000000008000fdce (0xfc843783) ld      a5, -56(s0)
core   0: 3 0x000000008000fdce (0xfc843783) x15 0x0000000080012040 mem 0x0000000080031f38
core   0: 0x000000008000fdd2 (0xfef43023) sd      a5, -32(s0)
core   0: 3 0x000000008000fdd2 (0xfef43023) mem 0x0000000080031f50 0x0000000080012040
core   0: 0x000000008000fdd6 (0x0000a839) c.j     pc + 30
core   0: 3 0x000000008000fdd6 (0xa839)
core   0: 0x000000008000fdf4 (0xfc843703) ld      a4, -56(s0)
core   0: 3 0x000000008000fdf4 (0xfc843703) x14 0x0000000080012040 mem 0x0000000080031f38
core   0: 0x000000008000fdf8 (0xfb843783) ld      a5, -72(s0)
core   0: 3 0x000000008000fdf8 (0xfb843783) x15 0x0000000000000000 mem 0x0000000080031f28
core   0: 0x000000008000fdfc (0x000097ba) c.add   a5, a4
core   0: 3 0x000000008000fdfc (0x97ba) x15 0x0000000080012040
core   0: 0x000000008000fdfe (0xfe043703) ld      a4, -32(s0)
core   0: 3 0x000000008000fdfe (0xfe043703) x14 0x0000000080012040 mem 0x0000000080031f50
core   0: 0x000000008000fe02 (0xfcf76be3) bltu    a4, a5, pc - 42
core   0: 3 0x000000008000fe02 (0xfcf76be3)
core   0: 0x000000008000fe06 (0x0000a099) c.j     pc + 70
core   0: 3 0x000000008000fe06 (0xa099)
core   0: 0x000000008000fe4c (0xfc843783) ld      a5, -56(s0)
core   0: 3 0x000000008000fe4c (0xfc843783) x15 0x0000000080012040 mem 0x0000000080031f38
core   0: 0x000000008000fe50 (0x0000853e) c.mv    a0, a5
core   0: 3 0x000000008000fe50 (0x853e) x10 0x0000000080012040
core   0: 0x000000008000fe52 (0x00006426) c.ldsp  s0, 72(sp)
core   0: 3 0x000000008000fe52 (0x6426) x8  0x0000000080031f90 mem 0x0000000080031f68
core   0: 0x000000008000fe54 (0x00006161) c.addi16sp sp, 80
core   0: 3 0x000000008000fe54 (0x6161) x2  0x0000000080031f70
core   0: 0x000000008000fe56 (0x00008082) ret
core   0: 3 0x000000008000fe56 (0x8082)
core   0: 0x000000008000f4ac (0x00003717) auipc   a4, 0x3
core   0: 3 0x000000008000f4ac (0x00003717) x14 0x00000000800124ac
core   0: 0x000000008000f4b0 (0xc1870713) addi    a4, a4, -1000
core   0: 3 0x000000008000f4b0 (0xc1870713) x14 0x00000000800120c4
core   0: 0x000000008000f4b4 (0x00003797) auipc   a5, 0x3
core   0: 3 0x000000008000f4b4 (0x00003797) x15 0x00000000800124b4
core   0: 0x000000008000f4b8 (0xb7478793) addi    a5, a5, -1164
core   0: 3 0x000000008000f4b8 (0xb7478793) x15 0x0000000080012028
core   0: 0x000000008000f4bc (0x40f707b3) sub     a5, a4, a5
core   0: 3 0x000000008000f4bc (0x40f707b3) x15 0x000000000000009c
core   0: 0x000000008000f4c0 (0xfef43023) sd      a5, -32(s0)
core   0: 3 0x000000008000f4c0 (0xfef43023) mem 0x0000000080031f70 0x000000000000009c
core   0: 0x000000008000f4c4 (0x00008712) c.mv    a4, tp
core   0: 3 0x000000008000f4c4 (0x8712) x14 0x0000000080012040
core   0: 0x000000008000f4c6 (0xfe843783) ld      a5, -24(s0)
core   0: 3 0x000000008000f4c6 (0xfe843783) x15 0x0000000000000000 mem 0x0000000080031f78
core   0: 0x000000008000f4ca (0x000097ba) c.add   a5, a4
core   0: 3 0x000000008000f4ca (0x97ba) x15 0x0000000080012040
core   0: 0x000000008000f4cc (0xfe043603) ld      a2, -32(s0)
core   0: 3 0x000000008000f4cc (0xfe043603) x12 0x000000000000009c mem 0x0000000080031f70
core   0: 0x000000008000f4d0 (0x00004581) c.li    a1, 0
core   0: 3 0x000000008000f4d0 (0x4581) x11 0x0000000000000000
core   0: 0x000000008000f4d2 (0x0000853e) c.mv    a0, a5
core   0: 3 0x000000008000f4d2 (0x853e) x10 0x0000000080012040
core   0: 0x000000008000f4d4 (0x185000ef) jal     pc + 0x984
core   0: 3 0x000000008000f4d4 (0x185000ef) x1  0x000000008000f4d8
core   0: >>>>  memset
core   0: 0x000000008000fe58 (0x0000715d) c.addi16sp sp, -80
core   0: 3 0x000000008000fe58 (0x715d) x2  0x0000000080031f20
core   0: 0x000000008000fe5a (0x0000e4a2) c.sdsp  s0, 72(sp)
core   0: 3 0x000000008000fe5a (0xe4a2) mem 0x0000000080031f68 0x0000000080031f90
core   0: 0x000000008000fe5c (0x00000880) c.addi4spn s0, sp, 80
core   0: 3 0x000000008000fe5c (0x0880) x8  0x0000000080031f70
core   0: 0x000000008000fe5e (0xfca43423) sd      a0, -56(s0)
core   0: 3 0x000000008000fe5e (0xfca43423) mem 0x0000000080031f38 0x0000000080012040
core   0: 0x000000008000fe62 (0x000087ae) c.mv    a5, a1
core   0: 3 0x000000008000fe62 (0x87ae) x15 0x0000000000000000
core   0: 0x000000008000fe64 (0xfac43c23) sd      a2, -72(s0)
core   0: 3 0x000000008000fe64 (0xfac43c23) mem 0x0000000080031f28 0x000000000000009c
core   0: 0x000000008000fe68 (0xfcf42223) sw      a5, -60(s0)
core   0: 3 0x000000008000fe68 (0xfcf42223) mem 0x0000000080031f34 0x00000000
core   0: 0x000000008000fe6c (0xfc843703) ld      a4, -56(s0)
core   0: 3 0x000000008000fe6c (0xfc843703) x14 0x0000000080012040 mem 0x0000000080031f38
core   0: 0x000000008000fe70 (0xfb843783) ld      a5, -72(s0)
core   0: 3 0x000000008000fe70 (0xfb843783) x15 0x000000000000009c mem 0x0000000080031f28
core   0: 0x000000008000fe74 (0x00008fd9) c.or    a5, a4
core   0: 3 0x000000008000fe74 (0x8fd9) x15 0x00000000800120dc
core   0: 0x000000008000fe76 (0x00008b9d) c.andi  a5, 7
core   0: 3 0x000000008000fe76 (0x8b9d) x15 0x0000000000000004
core   0: 0x000000008000fe78 (0x0000e7bd) c.bnez  a5, pc + 110
core   0: 3 0x000000008000fe78 (0xe7bd)
core   0: 0x000000008000fee6 (0xfc843783) ld      a5, -56(s0)
core   0: 3 0x000000008000fee6 (0xfc843783) x15 0x0000000080012040 mem 0x0000000080031f38
core   0: 0x000000008000feea (0xfef43023) sd      a5, -32(s0)
core   0: 3 0x000000008000feea (0xfef43023) mem 0x0000000080031f50 0x0000000080012040
core   0: 0x000000008000feee (0x0000a829) c.j     pc + 26
core   0: 3 0x000000008000feee (0xa829)
core   0: 0x000000008000ff08 (0xfc843703) ld      a4, -56(s0)
core   0: 3 0x000000008000ff08 (0xfc843703) x14 0x0000000080012040 mem 0x0000000080031f38
core   0: 0x000000008000ff0c (0xfb843783) ld      a5, -72(s0)
core   0: 3 0x000000008000ff0c (0xfb843783) x15 0x000000000000009c mem 0x0000000080031f28
core   0: 0x000000008000ff10 (0x000097ba) c.add   a5, a4
core   0: 3 0x000000008000ff10 (0x97ba) x15 0x00000000800120dc
core   0: 0x000000008000ff12 (0xfe043703) ld      a4, -32(s0)
core   0: 3 0x000000008000ff12 (0xfe043703) x14 0x0000000080012040 mem 0x0000000080031f50
core   0: 0x000000008000ff16 (0xfcf76de3) bltu    a4, a5, pc - 38
core   0: 3 0x000000008000ff16 (0xfcf76de3)
core   0: 0x000000008000fef0 (0xfe043783) ld      a5, -32(s0)
core   0: 3 0x000000008000fef0 (0xfe043783) x15 0x0000000080012040 mem 0x0000000080031f50
core   0: 0x000000008000fef4 (0x00178713) addi    a4, a5, 1
core   0: 3 0x000000008000fef4 (0x00178713) x14 0x0000000080012041
core   0: 0x000000008000fef8 (0xfee43023) sd      a4, -32(s0)
core   0: 3 0x000000008000fef8 (0xfee43023) mem 0x0000000080031f50 0x0000000080012041
core   0: 0x000000008000fefc (0xfc442703) lw      a4, -60(s0)
core   0: 3 0x000000008000fefc (0xfc442703) x14 0x0000000000000000 mem 0x0000000080031f34
core   0: 0x000000008000ff00 (0x0ff77713) andi    a4, a4, 255
core   0: 3 0x000000008000ff00 (0x0ff77713) x14 0x0000000000000000
core   0: 0x000000008000ff04 (0x00e78023) sb      a4, 0(a5)
core   0: 3 0x000000008000ff04 (0x00e78023) mem 0x0000000080012040 0x00
core   0: 0x000000008000ff08 (0xfc843703) ld      a4, -56(s0)
core   0: 3 0x000000008000ff08 (0xfc843703) x14 0x0000000080012040 mem 0x0000000080031f38
core   0: 0x000000008000ff0c (0xfb843783) ld      a5, -72(s0)
core   0: 3 0x000000008000ff0c (0xfb843783) x15 0x000000000000009c mem 0x0000000080031f28
core   0: 0x000000008000ff10 (0x000097ba) c.add   a5, a4
core   0: 3 0x000000008000ff10 (0x97ba) x15 0x00000000800120dc
core   0: 0x000000008000ff12 (0xfe043703) ld      a4, -32(s0)
core   0: 3 0x000000008000ff12 (0xfe043703) x14 0x0000000080012041 mem 0x0000000080031f50
core   0: 0x000000008000ff16 (0xfcf76de3) bltu    a4, a5, pc - 38
core   0: 3 0x000000008000ff16 (0xfcf76de3)
core   0: 0x000000008000fef0 (0xfe043783) ld      a5, -32(s0)
core   0: 3 0x000000008000fef0 (0xfe043783) x15 0x0000000080012041 mem 0x0000000080031f50
core   0: 0x000000008000fef4 (0x00178713) addi    a4, a5, 1
core   0: 3 0x000000008000fef4 (0x00178713) x14 0x0000000080012042
core   0: 0x000000008000fef8 (0xfee43023) sd      a4, -32(s0)
core   0: 3 0x000000008000fef8 (0xfee43023) mem 0x0000000080031f50 0x0000000080012042
core   0: 0x000000008000fefc (0xfc442703) lw      a4, -60(s0)
core   0: 3 0x000000008000fefc (0xfc442703) x14 0x0000000000000000 mem 0x0000000080031f34
core   0: 0x000000008000ff00 (0x0ff77713) andi    a4, a4, 255
core   0: 3 0x000000008000ff00 (0x0ff77713) x14 0x0000000000000000
core   0: 0x000000008000ff04 (0x00e78023) sb      a4, 0(a5)
core   0: 3 0x000000008000ff04 (0x00e78023) mem 0x0000000080012041 0x00
core   0: 0x000000008000ff08 (0xfc843703) ld      a4, -56(s0)
core   0: 3 0x000000008000ff08 (0xfc843703) x14 0x0000000080012040 mem 0x0000000080031f38
core   0: 0x000000008000ff0c (0xfb843783) ld      a5, -72(s0)
core   0: 3 0x000000008000ff0c (0xfb843783) x15 0x000000000000009c mem 0x0000000080031f28
core   0: 0x000000008000ff10 (0x000097ba) c.add   a5, a4
core   0: 3 0x000000008000ff10 (0x97ba) x15 0x00000000800120dc
core   0: 0x000000008000ff12 (0xfe043703) ld      a4, -32(s0)
core   0: 3 0x000000008000ff12 (0xfe043703) x14 0x0000000080012042 mem 0x0000000080031f50
core   0: 0x000000008000ff16 (0xfcf76de3) bltu    a4, a5, pc - 38
core   0: 3 0x000000008000ff16 (0xfcf76de3)
core   0: 0x000000008000fef0 (0xfe043783) ld      a5, -32(s0)
core   0: 3 0x000000008000fef0 (0xfe043783) x15 0x0000000080012042 mem 0x0000000080031f50
core   0: 0x000000008000fef4 (0x00178713) addi    a4, a5, 1
core   0: 3 0x000000008000fef4 (0x00178713) x14 0x0000000080012043
core   0: 0x000000008000fef8 (0xfee43023) sd      a4, -32(s0)
core   0: 3 0x000000008000fef8 (0xfee43023) mem 0x0000000080031f50 0x0000000080012043
core   0: 0x000000008000fefc (0xfc442703) lw      a4, -60(s0)
core   0: 3 0x000000008000fefc (0xfc442703) x14 0x0000000000000000 mem 0x0000000080031f34
core   0: 0x000000008000ff00 (0x0ff77713) andi    a4, a4, 255
core   0: 3 0x000000008000ff00 (0x0ff77713) x14 0x0000000000000000
core   0: 0x000000008000ff04 (0x00e78023) sb      a4, 0(a5)
core   0: 3 0x000000008000ff04 (0x00e78023) mem 0x0000000080012042 0x00
core   0: 0x000000008000ff08 (0xfc843703) ld      a4, -56(s0)
core   0: 3 0x000000008000ff08 (0xfc843703) x14 0x0000000080012040 mem 0x0000000080031f38
core   0: 0x000000008000ff0c (0xfb843783) ld      a5, -72(s0)
core   0: 3 0x000000008000ff0c (0xfb843783) x15 0x000000000000009c mem 0x0000000080031f28
core   0: 0x000000008000ff10 (0x000097ba) c.add   a5, a4
core   0: 3 0x000000008000ff10 (0x97ba) x15 0x00000000800120dc
core   0: 0x000000008000ff12 (0xfe043703) ld      a4, -32(s0)
core   0: 3 0x000000008000ff12 (0xfe043703) x14 0x0000000080012043 mem 0x0000000080031f50
core   0: 0x000000008000ff16 (0xfcf76de3) bltu    a4, a5, pc - 38
core   0: 3 0x000000008000ff16 (0xfcf76de3)
core   0: 0x000000008000fef0 (0xfe043783) ld      a5, -32(s0)
core   0: 3 0x000000008000fef0 (0xfe043783) x15 0x0000000080012043 mem 0x0000000080031f50
core   0: 0x000000008000fef4 (0x00178713) addi    a4, a5, 1
core   0: 3 0x000000008000fef4 (0x00178713) x14 0x0000000080012044
core   0: 0x000000008000fef8 (0xfee43023) sd      a4, -32(s0)
core   0: 3 0x000000008000fef8 (0xfee43023) mem 0x0000000080031f50 0x0000000080012044
core   0: 0x000000008000fefc (0xfc442703) lw      a4, -60(s0)
core   0: 3 0x000000008000fefc (0xfc442703) x14 0x0000000000000000 mem 0x0000000080031f34
core   0: 0x000000008000ff00 (0x0ff77713) andi    a4, a4, 255
core   0: 3 0x000000008000ff00 (0x0ff77713) x14 0x0000000000000000
core   0: 0x000000008000ff04 (0x00e78023) sb      a4, 0(a5)
core   0: 3 0x000000008000ff04 (0x00e78023) mem 0x0000000080012043 0x00
core   0: 0x000000008000ff08 (0xfc843703) ld      a4, -56(s0)
core   0: 3 0x000000008000ff08 (0xfc843703) x14 0x0000000080012040 mem 0x0000000080031f38
core   0: 0x000000008000ff0c (0xfb843783) ld      a5, -72(s0)
core   0: 3 0x000000008000ff0c (0xfb843783) x15 0x000000000000009c mem 0x0000000080031f28
core   0: 0x000000008000ff10 (0x000097ba) c.add   a5, a4
core   0: 3 0x000000008000ff10 (0x97ba) x15 0x00000000800120dc
core   0: 0x000000008000ff12 (0xfe043703) ld      a4, -32(s0)
core   0: 3 0x000000008000ff12 (0xfe043703) x14 0x0000000080012044 mem 0x0000000080031f50
core   0: 0x000000008000ff16 (0xfcf76de3) bltu    a4, a5, pc - 38
core   0: 3 0x000000008000ff16 (0xfcf76de3)
core   0: 0x000000008000fef0 (0xfe043783) ld      a5, -32(s0)
core   0: 3 0x000000008000fef0 (0xfe043783) x15 0x0000000080012044 mem 0x0000000080031f50
core   0: 0x000000008000fef4 (0x00178713) addi    a4, a5, 1
core   0: 3 0x000000008000fef4 (0x00178713) x14 0x0000000080012045
core   0: 0x000000008000fef8 (0xfee43023) sd      a4, -32(s0)
core   0: 3 0x000000008000fef8 (0xfee43023) mem 0x0000000080031f50 0x0000000080012045
core   0: 0x000000008000fefc (0xfc442703) lw      a4, -60(s0)
core   0: 3 0x000000008000fefc (0xfc442703) x14 0x0000000000000000 mem 0x0000000080031f34
core   0: 0x000000008000ff00 (0x0ff77713) andi    a4, a4, 255
core   0: 3 0x000000008000ff00 (0x0ff77713) x14 0x0000000000000000
core   0: 0x000000008000ff04 (0x00e78023) sb      a4, 0(a5)
core   0: 3 0x000000008000ff04 (0x00e78023) mem 0x0000000080012044 0x00
core   0: 0x000000008000ff08 (0xfc843703) ld      a4, -56(s0)
core   0: 3 0x000000008000ff08 (0xfc843703) x14 0x0000000080012040 mem 0x0000000080031f38
core   0: 0x000000008000ff0c (0xfb843783) ld      a5, -72(s0)
core   0: 3 0x000000008000ff0c (0xfb843783) x15 0x000000000000009c mem 0x0000000080031f28
core   0: 0x000000008000ff10 (0x000097ba) c.add   a5, a4
core   0: 3 0x000000008000ff10 (0x97ba) x15 0x00000000800120dc
core   0: 0x000000008000ff12 (0xfe043703) ld      a4, -32(s0)
core   0: 3 0x000000008000ff12 (0xfe043703) x14 0x0000000080012045 mem 0x0000000080031f50
core   0: 0x000000008000ff16 (0xfcf76de3) bltu    a4, a5, pc - 38
core   0: 3 0x000000008000ff16 (0xfcf76de3)
core   0: 0x000000008000fef0 (0xfe043783) ld      a5, -32(s0)
core   0: 3 0x000000008000fef0 (0xfe043783) x15 0x0000000080012045 mem 0x0000000080031f50
core   0: 0x000000008000fef4 (0x00178713) addi    a4, a5, 1
core   0: 3 0x000000008000fef4 (0x00178713) x14 0x0000000080012046
core   0: 0x000000008000fef8 (0xfee43023) sd      a4, -32(s0)
core   0: 3 0x000000008000fef8 (0xfee43023) mem 0x0000000080031f50 0x0000000080012046
core   0: 0x000000008000fefc (0xfc442703) lw      a4, -60(s0)
core   0: 3 0x000000008000fefc (0xfc442703) x14 0x0000000000000000 mem 0x0000000080031f34
core   0: 0x000000008000ff00 (0x0ff77713) andi    a4, a4, 255
core   0: 3 0x000000008000ff00 (0x0ff77713) x14 0x0000000000000000
core   0: 0x000000008000ff04 (0x00e78023) sb      a4, 0(a5)
core   0: 3 0x000000008000ff04 (0x00e78023) mem 0x0000000080012045 0x00
core   0: 0x000000008000ff08 (0xfc843703) ld      a4, -56(s0)
core   0: 3 0x000000008000ff08 (0xfc843703) x14 0x0000000080012040 mem 0x0000000080031f38
core   0: 0x000000008000ff0c (0xfb843783) ld      a5, -72(s0)
core   0: 3 0x000000008000ff0c (0xfb843783) x15 0x000000000000009c mem 0x0000000080031f28
core   0: 0x000000008000ff10 (0x000097ba) c.add   a5, a4
core   0: 3 0x000000008000ff10 (0x97ba) x15 0x00000000800120dc
core   0: 0x000000008000ff12 (0xfe043703) ld      a4, -32(s0)
core   0: 3 0x000000008000ff12 (0xfe043703) x14 0x0000000080012046 mem 0x0000000080031f50
core   0: 0x000000008000ff16 (0xfcf76de3) bltu    a4, a5, pc - 38
core   0: 3 0x000000008000ff16 (0xfcf76de3)
core   0: 0x000000008000fef0 (0xfe043783) ld      a5, -32(s0)
core   0: 3 0x000000008000fef0 (0xfe043783) x15 0x0000000080012046 mem 0x0000000080031f50
core   0: 0x000000008000fef4 (0x00178713) addi    a4, a5, 1
core   0: 3 0x000000008000fef4 (0x00178713) x14 0x0000000080012047
core   0: 0x000000008000fef8 (0xfee43023) sd      a4, -32(s0)
core   0: 3 0x000000008000fef8 (0xfee43023) mem 0x0000000080031f50 0x0000000080012047
core   0: 0x000000008000fefc (0xfc442703) lw      a4, -60(s0)
core   0: 3 0x000000008000fefc (0xfc442703) x14 0x0000000000000000 mem 0x0000000080031f34
core   0: 0x000000008000ff00 (0x0ff77713) andi    a4, a4, 255
core   0: 3 0x000000008000ff00 (0x0ff77713) x14 0x0000000000000000
core   0: 0x000000008000ff04 (0x00e78023) sb      a4, 0(a5)
core   0: 3 0x000000008000ff04 (0x00e78023) mem 0x0000000080012046 0x00
core   0: 0x000000008000ff08 (0xfc843703) ld      a4, -56(s0)
core   0: 3 0x000000008000ff08 (0xfc843703) x14 0x0000000080012040 mem 0x0000000080031f38
core   0: 0x000000008000ff0c (0xfb843783) ld      a5, -72(s0)
core   0: 3 0x000000008000ff0c (0xfb843783) x15 0x000000000000009c mem 0x0000000080031f28
core   0: 0x000000008000ff10 (0x000097ba) c.add   a5, a4
core   0: 3 0x000000008000ff10 (0x97ba) x15 0x00000000800120dc
core   0: 0x000000008000ff12 (0xfe043703) ld      a4, -32(s0)
core   0: 3 0x000000008000ff12 (0xfe043703) x14 0x0000000080012047 mem 0x0000000080031f50
core   0: 0x000000008000ff16 (0xfcf76de3) bltu    a4, a5, pc - 38
core   0: 3 0x000000008000ff16 (0xfcf76de3)
core   0: 0x000000008000fef0 (0xfe043783) ld      a5, -32(s0)
core   0: 3 0x000000008000fef0 (0xfe043783) x15 0x0000000080012047 mem 0x0000000080031f50
core   0: 0x000000008000fef4 (0x00178713) addi    a4, a5, 1
core   0: 3 0x000000008000fef4 (0x00178713) x14 0x0000000080012048
core   0: 0x000000008000fef8 (0xfee43023) sd      a4, -32(s0)
core   0: 3 0x000000008000fef8 (0xfee43023) mem 0x0000000080031f50 0x0000000080012048
core   0: 0x000000008000fefc (0xfc442703) lw      a4, -60(s0)
core   0: 3 0x000000008000fefc (0xfc442703) x14 0x0000000000000000 mem 0x0000000080031f34
core   0: 0x000000008000ff00 (0x0ff77713) andi    a4, a4, 255
core   0: 3 0x000000008000ff00 (0x0ff77713) x14 0x0000000000000000
core   0: 0x000000008000ff04 (0x00e78023) sb      a4, 0(a5)
core   0: 3 0x000000008000ff04 (0x00e78023) mem 0x0000000080012047 0x00
core   0: 0x000000008000ff08 (0xfc843703) ld      a4, -56(s0)
core   0: 3 0x000000008000ff08 (0xfc843703) x14 0x0000000080012040 mem 0x0000000080031f38
core   0: 0x000000008000ff0c (0xfb843783) ld      a5, -72(s0)
core   0: 3 0x000000008000ff0c (0xfb843783) x15 0x000000000000009c mem 0x0000000080031f28
core   0: 0x000000008000ff10 (0x000097ba) c.add   a5, a4
core   0: 3 0x000000008000ff10 (0x97ba) x15 0x00000000800120dc
core   0: 0x000000008000ff12 (0xfe043703) ld      a4, -32(s0)
core   0: 3 0x000000008000ff12 (0xfe043703) x14 0x0000000080012048 mem 0x0000000080031f50
core   0: 0x000000008000ff16 (0xfcf76de3) bltu    a4, a5, pc - 38
core   0: 3 0x000000008000ff16 (0xfcf76de3)
core   0: 0x000000008000fef0 (0xfe043783) ld      a5, -32(s0)
core   0: 3 0x000000008000fef0 (0xfe043783) x15 0x0000000080012048 mem 0x0000000080031f50
core   0: 0x000000008000fef4 (0x00178713) addi    a4, a5, 1
core   0: 3 0x000000008000fef4 (0x00178713) x14 0x0000000080012049
core   0: 0x000000008000fef8 (0xfee43023) sd      a4, -32(s0)
core   0: 3 0x000000008000fef8 (0xfee43023) mem 0x0000000080031f50 0x0000000080012049
core   0: 0x000000008000fefc (0xfc442703) lw      a4, -60(s0)
core   0: 3 0x000000008000fefc (0xfc442703) x14 0x0000000000000000 mem 0x0000000080031f34
core   0: 0x000000008000ff00 (0x0ff77713) andi    a4, a4, 255
core   0: 3 0x000000008000ff00 (0x0ff77713) x14 0x0000000000000000
core   0: 0x000000008000ff04 (0x00e78023) sb      a4, 0(a5)
core   0: 3 0x000000008000ff04 (0x00e78023) mem 0x0000000080012048 0x00
core   0: 0x000000008000ff08 (0xfc843703) ld      a4, -56(s0)
core   0: 3 0x000000008000ff08 (0xfc843703) x14 0x0000000080012040 mem 0x0000000080031f38
core   0: 0x000000008000ff0c (0xfb843783) ld      a5, -72(s0)
core   0: 3 0x000000008000ff0c (0xfb843783) x15 0x000000000000009c mem 0x0000000080031f28
core   0: 0x000000008000ff10 (0x000097ba) c.add   a5, a4
core   0: 3 0x000000008000ff10 (0x97ba) x15 0x00000000800120dc
core   0: 0x000000008000ff12 (0xfe043703) ld      a4, -32(s0)
core   0: 3 0x000000008000ff12 (0xfe043703) x14 0x0000000080012049 mem 0x0000000080031f50
core   0: 0x000000008000ff16 (0xfcf76de3) bltu    a4, a5, pc - 38
core   0: 3 0x000000008000ff16 (0xfcf76de3)
core   0: 0x000000008000fef0 (0xfe043783) ld      a5, -32(s0)
core   0: 3 0x000000008000fef0 (0xfe043783) x15 0x0000000080012049 mem 0x0000000080031f50
core   0: 0x000000008000fef4 (0x00178713) addi    a4, a5, 1
core   0: 3 0x000000008000fef4 (0x00178713) x14 0x000000008001204a
core   0: 0x000000008000fef8 (0xfee43023) sd      a4, -32(s0)
core   0: 3 0x000000008000fef8 (0xfee43023) mem 0x0000000080031f50 0x000000008001204a
core   0: 0x000000008000fefc (0xfc442703) lw      a4, -60(s0)
core   0: 3 0x000000008000fefc (0xfc442703) x14 0x0000000000000000 mem 0x0000000080031f34
core   0: 0x000000008000ff00 (0x0ff77713) andi    a4, a4, 255
core   0: 3 0x000000008000ff00 (0x0ff77713) x14 0x0000000000000000
core   0: 0x000000008000ff04 (0x00e78023) sb      a4, 0(a5)
core   0: 3 0x000000008000ff04 (0x00e78023) mem 0x0000000080012049 0x00
core   0: 0x000000008000ff08 (0xfc843703) ld      a4, -56(s0)
core   0: 3 0x000000008000ff08 (0xfc843703) x14 0x0000000080012040 mem 0x0000000080031f38
core   0: 0x000000008000ff0c (0xfb843783) ld      a5, -72(s0)
core   0: 3 0x000000008000ff0c (0xfb843783) x15 0x000000000000009c mem 0x0000000080031f28
core   0: 0x000000008000ff10 (0x000097ba) c.add   a5, a4
core   0: 3 0x000000008000ff10 (0x97ba) x15 0x00000000800120dc
core   0: 0x000000008000ff12 (0xfe043703) ld      a4, -32(s0)
core   0: 3 0x000000008000ff12 (0xfe043703) x14 0x000000008001204a mem 0x0000000080031f50
core   0: 0x000000008000ff16 (0xfcf76de3) bltu    a4, a5, pc - 38
core   0: 3 0x000000008000ff16 (0xfcf76de3)
core   0: 0x000000008000fef0 (0xfe043783) ld      a5, -32(s0)
core   0: 3 0x000000008000fef0 (0xfe043783) x15 0x000000008001204a mem 0x0000000080031f50
core   0: 0x000000008000fef4 (0x00178713) addi    a4, a5, 1
core   0: 3 0x000000008000fef4 (0x00178713) x14 0x000000008001204b
core   0: 0x000000008000fef8 (0xfee43023) sd      a4, -32(s0)
core   0: 3 0x000000008000fef8 (0xfee43023) mem 0x0000000080031f50 0x000000008001204b
core   0: 0x000000008000fefc (0xfc442703) lw      a4, -60(s0)
core   0: 3 0x000000008000fefc (0xfc442703) x14 0x0000000000000000 mem 0x0000000080031f34
core   0: 0x000000008000ff00 (0x0ff77713) andi    a4, a4, 255
core   0: 3 0x000000008000ff00 (0x0ff77713) x14 0x0000000000000000
core   0: 0x000000008000ff04 (0x00e78023) sb      a4, 0(a5)
core   0: 3 0x000000008000ff04 (0x00e78023) mem 0x000000008001204a 0x00
core   0: 0x000000008000ff08 (0xfc843703) ld      a4, -56(s0)
core   0: 3 0x000000008000ff08 (0xfc843703) x14 0x0000000080012040 mem 0x0000000080031f38
core   0: 0x000000008000ff0c (0xfb843783) ld      a5, -72(s0)
core   0: 3 0x000000008000ff0c (0xfb843783) x15 0x000000000000009c mem 0x0000000080031f28
core   0: 0x000000008000ff10 (0x000097ba) c.add   a5, a4
core   0: 3 0x000000008000ff10 (0x97ba) x15 0x00000000800120dc
core   0: 0x000000008000ff12 (0xfe043703) ld      a4, -32(s0)
core   0: 3 0x000000008000ff12 (0xfe043703) x14 0x000000008001204b mem 0x0000000080031f50
core   0: 0x000000008000ff16 (0xfcf76de3) bltu    a4, a5, pc - 38
core   0: 3 0x000000008000ff16 (0xfcf76de3)
core   0: 0x000000008000fef0 (0xfe043783) ld      a5, -32(s0)
core   0: 3 0x000000008000fef0 (0xfe043783) x15 0x000000008001204b mem 0x0000000080031f50
core   0: 0x000000008000fef4 (0x00178713) addi    a4, a5, 1
core   0: 3 0x000000008000fef4 (0x00178713) x14 0x000000008001204c
core   0: 0x000000008000fef8 (0xfee43023) sd      a4, -32(s0)
core   0: 3 0x000000008000fef8 (0xfee43023) mem 0x0000000080031f50 0x000000008001204c
core   0: 0x000000008000fefc (0xfc442703) lw      a4, -60(s0)
core   0: 3 0x000000008000fefc (0xfc442703) x14 0x0000000000000000 mem 0x0000000080031f34
core   0: 0x000000008000ff00 (0x0ff77713) andi    a4, a4, 255
core   0: 3 0x000000008000ff00 (0x0ff77713) x14 0x0000000000000000
core   0: 0x000000008000ff04 (0x00e78023) sb      a4, 0(a5)
core   0: 3 0x000000008000ff04 (0x00e78023) mem 0x000000008001204b 0x00
core   0: 0x000000008000ff08 (0xfc843703) ld      a4, -56(s0)
core   0: 3 0x000000008000ff08 (0xfc843703) x14 0x0000000080012040 mem 0x0000000080031f38
core   0: 0x000000008000ff0c (0xfb843783) ld      a5, -72(s0)
core   0: 3 0x000000008000ff0c (0xfb843783) x15 0x000000000000009c mem 0x0000000080031f28
core   0: 0x000000008000ff10 (0x000097ba) c.add   a5, a4
core   0: 3 0x000000008000ff10 (0x97ba) x15 0x00000000800120dc
core   0: 0x000000008000ff12 (0xfe043703) ld      a4, -32(s0)
core   0: 3 0x000000008000ff12 (0xfe043703) x14 0x000000008001204c mem 0x0000000080031f50
core   0: 0x000000008000ff16 (0xfcf76de3) bltu    a4, a5, pc - 38
core   0: 3 0x000000008000ff16 (0xfcf76de3)
core   0: 0x000000008000fef0 (0xfe043783) ld      a5, -32(s0)
core   0: 3 0x000000008000fef0 (0xfe043783) x15 0x000000008001204c mem 0x0000000080031f50
core   0: 0x000000008000fef4 (0x00178713) addi    a4, a5, 1
core   0: 3 0x000000008000fef4 (0x00178713) x14 0x000000008001204d
core   0: 0x000000008000fef8 (0xfee43023) sd      a4, -32(s0)
core   0: 3 0x000000008000fef8 (0xfee43023) mem 0x0000000080031f50 0x000000008001204d
core   0: 0x000000008000fefc (0xfc442703) lw      a4, -60(s0)
core   0: 3 0x000000008000fefc (0xfc442703) x14 0x0000000000000000 mem 0x0000000080031f34
core   0: 0x000000008000ff00 (0x0ff77713) andi    a4, a4, 255
core   0: 3 0x000000008000ff00 (0x0ff77713) x14 0x0000000000000000
core   0: 0x000000008000ff04 (0x00e78023) sb      a4, 0(a5)
core   0: 3 0x000000008000ff04 (0x00e78023) mem 0x000000008001204c 0x00
core   0: 0x000000008000ff08 (0xfc843703) ld      a4, -56(s0)
core   0: 3 0x000000008000ff08 (0xfc843703) x14 0x0000000080012040 mem 0x0000000080031f38
core   0: 0x000000008000ff0c (0xfb843783) ld      a5, -72(s0)
core   0: 3 0x000000008000ff0c (0xfb843783) x15 0x000000000000009c mem 0x0000000080031f28
core   0: 0x000000008000ff10 (0x000097ba) c.add   a5, a4
core   0: 3 0x000000008000ff10 (0x97ba) x15 0x00000000800120dc
core   0: 0x000000008000ff12 (0xfe043703) ld      a4, -32(s0)
core   0: 3 0x000000008000ff12 (0xfe043703) x14 0x000000008001204d mem 0x0000000080031f50
core   0: 0x000000008000ff16 (0xfcf76de3) bltu    a4, a5, pc - 38
core   0: 3 0x000000008000ff16 (0xfcf76de3)
core   0: 0x000000008000fef0 (0xfe043783) ld      a5, -32(s0)
core   0: 3 0x000000008000fef0 (0xfe043783) x15 0x000000008001204d mem 0x0000000080031f50
core   0: 0x000000008000fef4 (0x00178713) addi    a4, a5, 1
core   0: 3 0x000000008000fef4 (0x00178713) x14 0x000000008001204e
core   0: 0x000000008000fef8 (0xfee43023) sd      a4, -32(s0)
core   0: 3 0x000000008000fef8 (0xfee43023) mem 0x0000000080031f50 0x000000008001204e
core   0: 0x000000008000fefc (0xfc442703) lw      a4, -60(s0)
core   0: 3 0x000000008000fefc (0xfc442703) x14 0x0000000000000000 mem 0x0000000080031f34
core   0: 0x000000008000ff00 (0x0ff77713) andi    a4, a4, 255
core   0: 3 0x000000008000ff00 (0x0ff77713) x14 0x0000000000000000
core   0: 0x000000008000ff04 (0x00e78023) sb      a4, 0(a5)
core   0: 3 0x000000008000ff04 (0x00e78023) mem 0x000000008001204d 0x00
core   0: 0x000000008000ff08 (0xfc843703) ld      a4, -56(s0)
core   0: 3 0x000000008000ff08 (0xfc843703) x14 0x0000000080012040 mem 0x0000000080031f38
core   0: 0x000000008000ff0c (0xfb843783) ld      a5, -72(s0)
core   0: 3 0x000000008000ff0c (0xfb843783) x15 0x000000000000009c mem 0x0000000080031f28
core   0: 0x000000008000ff10 (0x000097ba) c.add   a5, a4
core   0: 3 0x000000008000ff10 (0x97ba) x15 0x00000000800120dc
core   0: 0x000000008000ff12 (0xfe043703) ld      a4, -32(s0)
core   0: 3 0x000000008000ff12 (0xfe043703) x14 0x000000008001204e mem 0x0000000080031f50
core   0: 0x000000008000ff16 (0xfcf76de3) bltu    a4, a5, pc - 38
core   0: 3 0x000000008000ff16 (0xfcf76de3)
core   0: 0x000000008000fef0 (0xfe043783) ld      a5, -32(s0)
core   0: 3 0x000000008000fef0 (0xfe043783) x15 0x000000008001204e mem 0x0000000080031f50
core   0: 0x000000008000fef4 (0x00178713) addi    a4, a5, 1
core   0: 3 0x000000008000fef4 (0x00178713) x14 0x000000008001204f
core   0: 0x000000008000fef8 (0xfee43023) sd      a4, -32(s0)
core   0: 3 0x000000008000fef8 (0xfee43023) mem 0x0000000080031f50 0x000000008001204f
core   0: 0x000000008000fefc (0xfc442703) lw      a4, -60(s0)
core   0: 3 0x000000008000fefc (0xfc442703) x14 0x0000000000000000 mem 0x0000000080031f34
core   0: 0x000000008000ff00 (0x0ff77713) andi    a4, a4, 255
core   0: 3 0x000000008000ff00 (0x0ff77713) x14 0x0000000000000000
core   0: 0x000000008000ff04 (0x00e78023) sb      a4, 0(a5)
core   0: 3 0x000000008000ff04 (0x00e78023) mem 0x000000008001204e 0x00
core   0: 0x000000008000ff08 (0xfc843703) ld      a4, -56(s0)
core   0: 3 0x000000008000ff08 (0xfc843703) x14 0x0000000080012040 mem 0x0000000080031f38
core   0: 0x000000008000ff0c (0xfb843783) ld      a5, -72(s0)
core   0: 3 0x000000008000ff0c (0xfb843783) x15 0x000000000000009c mem 0x0000000080031f28
core   0: 0x000000008000ff10 (0x000097ba) c.add   a5, a4
core   0: 3 0x000000008000ff10 (0x97ba) x15 0x00000000800120dc
core   0: 0x000000008000ff12 (0xfe043703) ld      a4, -32(s0)
core   0: 3 0x000000008000ff12 (0xfe043703) x14 0x000000008001204f mem 0x0000000080031f50
core   0: 0x000000008000ff16 (0xfcf76de3) bltu    a4, a5, pc - 38
core   0: 3 0x000000008000ff16 (0xfcf76de3)
core   0: 0x000000008000fef0 (0xfe043783) ld      a5, -32(s0)
core   0: 3 0x000000008000fef0 (0xfe043783) x15 0x000000008001204f mem 0x0000000080031f50
core   0: 0x000000008000fef4 (0x00178713) addi    a4, a5, 1
core   0: 3 0x000000008000fef4 (0x00178713) x14 0x0000000080012050
core   0: 0x000000008000fef8 (0xfee43023) sd      a4, -32(s0)
core   0: 3 0x000000008000fef8 (0xfee43023) mem 0x0000000080031f50 0x0000000080012050
core   0: 0x000000008000fefc (0xfc442703) lw      a4, -60(s0)
core   0: 3 0x000000008000fefc (0xfc442703) x14 0x0000000000000000 mem 0x0000000080031f34
core   0: 0x000000008000ff00 (0x0ff77713) andi    a4, a4, 255
core   0: 3 0x000000008000ff00 (0x0ff77713) x14 0x0000000000000000
core   0: 0x000000008000ff04 (0x00e78023) sb      a4, 0(a5)
core   0: 3 0x000000008000ff04 (0x00e78023) mem 0x000000008001204f 0x00
core   0: 0x000000008000ff08 (0xfc843703) ld      a4, -56(s0)
core   0: 3 0x000000008000ff08 (0xfc843703) x14 0x0000000080012040 mem 0x0000000080031f38
core   0: 0x000000008000ff0c (0xfb843783) ld      a5, -72(s0)
core   0: 3 0x000000008000ff0c (0xfb843783) x15 0x000000000000009c mem 0x0000000080031f28
core   0: 0x000000008000ff10 (0x000097ba) c.add   a5, a4
core   0: 3 0x000000008000ff10 (0x97ba) x15 0x00000000800120dc
core   0: 0x000000008000ff12 (0xfe043703) ld      a4, -32(s0)
core   0: 3 0x000000008000ff12 (0xfe043703) x14 0x0000000080012050 mem 0x0000000080031f50
core   0: 0x000000008000ff16 (0xfcf76de3) bltu    a4, a5, pc - 38
core   0: 3 0x000000008000ff16 (0xfcf76de3)
core   0: 0x000000008000fef0 (0xfe043783) ld      a5, -32(s0)
core   0: 3 0x000000008000fef0 (0xfe043783) x15 0x0000000080012050 mem 0x0000000080031f50
core   0: 0x000000008000fef4 (0x00178713) addi    a4, a5, 1
core   0: 3 0x000000008000fef4 (0x00178713) x14 0x0000000080012051
core   0: 0x000000008000fef8 (0xfee43023) sd      a4, -32(s0)
core   0: 3 0x000000008000fef8 (0xfee43023) mem 0x0000000080031f50 0x0000000080012051
core   0: 0x000000008000fefc (0xfc442703) lw      a4, -60(s0)
core   0: 3 0x000000008000fefc (0xfc442703) x14 0x0000000000000000 mem 0x0000000080031f34
core   0: 0x000000008000ff00 (0x0ff77713) andi    a4, a4, 255
core   0: 3 0x000000008000ff00 (0x0ff77713) x14 0x0000000000000000
core   0: 0x000000008000ff04 (0x00e78023) sb      a4, 0(a5)
core   0: 3 0x000000008000ff04 (0x00e78023) mem 0x0000000080012050 0x00
core   0: 0x000000008000ff08 (0xfc843703) ld      a4, -56(s0)
core   0: 3 0x000000008000ff08 (0xfc843703) x14 0x0000000080012040 mem 0x0000000080031f38
core   0: 0x000000008000ff0c (0xfb843783) ld      a5, -72(s0)
core   0: 3 0x000000008000ff0c (0xfb843783) x15 0x000000000000009c mem 0x0000000080031f28
core   0: 0x000000008000ff10 (0x000097ba) c.add   a5, a4
core   0: 3 0x000000008000ff10 (0x97ba) x15 0x00000000800120dc
core   0: 0x000000008000ff12 (0xfe043703) ld      a4, -32(s0)
core   0: 3 0x000000008000ff12 (0xfe043703) x14 0x0000000080012051 mem 0x0000000080031f50
core   0: 0x000000008000ff16 (0xfcf76de3) bltu    a4, a5, pc - 38
core   0: 3 0x000000008000ff16 (0xfcf76de3)
core   0: 0x000000008000fef0 (0xfe043783) ld      a5, -32(s0)
core   0: 3 0x000000008000fef0 (0xfe043783) x15 0x0000000080012051 mem 0x0000000080031f50
core   0: 0x000000008000fef4 (0x00178713) addi    a4, a5, 1
core   0: 3 0x000000008000fef4 (0x00178713) x14 0x0000000080012052
core   0: 0x000000008000fef8 (0xfee43023) sd      a4, -32(s0)
core   0: 3 0x000000008000fef8 (0xfee43023) mem 0x0000000080031f50 0x0000000080012052
core   0: 0x000000008000fefc (0xfc442703) lw      a4, -60(s0)
core   0: 3 0x000000008000fefc (0xfc442703) x14 0x0000000000000000 mem 0x0000000080031f34
core   0: 0x000000008000ff00 (0x0ff77713) andi    a4, a4, 255
core   0: 3 0x000000008000ff00 (0x0ff77713) x14 0x0000000000000000
core   0: 0x000000008000ff04 (0x00e78023) sb      a4, 0(a5)
core   0: 3 0x000000008000ff04 (0x00e78023) mem 0x0000000080012051 0x00
core   0: 0x000000008000ff08 (0xfc843703) ld      a4, -56(s0)
core   0: 3 0x000000008000ff08 (0xfc843703) x14 0x0000000080012040 mem 0x0000000080031f38
core   0: 0x000000008000ff0c (0xfb843783) ld      a5, -72(s0)
core   0: 3 0x000000008000ff0c (0xfb843783) x15 0x000000000000009c mem 0x0000000080031f28
core   0: 0x000000008000ff10 (0x000097ba) c.add   a5, a4
core   0: 3 0x000000008000ff10 (0x97ba) x15 0x00000000800120dc
core   0: 0x000000008000ff12 (0xfe043703) ld      a4, -32(s0)
core   0: 3 0x000000008000ff12 (0xfe043703) x14 0x0000000080012052 mem 0x0000000080031f50
core   0: 0x000000008000ff16 (0xfcf76de3) bltu    a4, a5, pc - 38
core   0: 3 0x000000008000ff16 (0xfcf76de3)
core   0: 0x000000008000fef0 (0xfe043783) ld      a5, -32(s0)
core   0: 3 0x000000008000fef0 (0xfe043783) x15 0x0000000080012052 mem 0x0000000080031f50
core   0: 0x000000008000fef4 (0x00178713) addi    a4, a5, 1
core   0: 3 0x000000008000fef4 (0x00178713) x14 0x0000000080012053
core   0: 0x000000008000fef8 (0xfee43023) sd      a4, -32(s0)
core   0: 3 0x000000008000fef8 (0xfee43023) mem 0x0000000080031f50 0x0000000080012053
core   0: 0x000000008000fefc (0xfc442703) lw      a4, -60(s0)
core   0: 3 0x000000008000fefc (0xfc442703) x14 0x0000000000000000 mem 0x0000000080031f34
core   0: 0x000000008000ff00 (0x0ff77713) andi    a4, a4, 255
core   0: 3 0x000000008000ff00 (0x0ff77713) x14 0x0000000000000000
core   0: 0x000000008000ff04 (0x00e78023) sb      a4, 0(a5)
core   0: 3 0x000000008000ff04 (0x00e78023) mem 0x0000000080012052 0x00
core   0: 0x000000008000ff08 (0xfc843703) ld      a4, -56(s0)
core   0: 3 0x000000008000ff08 (0xfc843703) x14 0x0000000080012040 mem 0x0000000080031f38
core   0: 0x000000008000ff0c (0xfb843783) ld      a5, -72(s0)
core   0: 3 0x000000008000ff0c (0xfb843783) x15 0x000000000000009c mem 0x0000000080031f28
core   0: 0x000000008000ff10 (0x000097ba) c.add   a5, a4
core   0: 3 0x000000008000ff10 (0x97ba) x15 0x00000000800120dc
core   0: 0x000000008000ff12 (0xfe043703) ld      a4, -32(s0)
core   0: 3 0x000000008000ff12 (0xfe043703) x14 0x0000000080012053 mem 0x0000000080031f50
core   0: 0x000000008000ff16 (0xfcf76de3) bltu    a4, a5, pc - 38
core   0: 3 0x000000008000ff16 (0xfcf76de3)
core   0: 0x000000008000fef0 (0xfe043783) ld      a5, -32(s0)
core   0: 3 0x000000008000fef0 (0xfe043783) x15 0x0000000080012053 mem 0x0000000080031f50
core   0: 0x000000008000fef4 (0x00178713) addi    a4, a5, 1
core   0: 3 0x000000008000fef4 (0x00178713) x14 0x0000000080012054
core   0: 0x000000008000fef8 (0xfee43023) sd      a4, -32(s0)
core   0: 3 0x000000008000fef8 (0xfee43023) mem 0x0000000080031f50 0x0000000080012054
core   0: 0x000000008000fefc (0xfc442703) lw      a4, -60(s0)
core   0: 3 0x000000008000fefc (0xfc442703) x14 0x0000000000000000 mem 0x0000000080031f34
core   0: 0x000000008000ff00 (0x0ff77713) andi    a4, a4, 255
core   0: 3 0x000000008000ff00 (0x0ff77713) x14 0x0000000000000000
core   0: 0x000000008000ff04 (0x00e78023) sb      a4, 0(a5)
core   0: 3 0x000000008000ff04 (0x00e78023) mem 0x0000000080012053 0x00
core   0: 0x000000008000ff08 (0xfc843703) ld      a4, -56(s0)
core   0: 3 0x000000008000ff08 (0xfc843703) x14 0x0000000080012040 mem 0x0000000080031f38
core   0: 0x000000008000ff0c (0xfb843783) ld      a5, -72(s0)
core   0: 3 0x000000008000ff0c (0xfb843783) x15 0x000000000000009c mem 0x0000000080031f28
core   0: 0x000000008000ff10 (0x000097ba) c.add   a5, a4
core   0: 3 0x000000008000ff10 (0x97ba) x15 0x00000000800120dc
core   0: 0x000000008000ff12 (0xfe043703) ld      a4, -32(s0)
core   0: 3 0x000000008000ff12 (0xfe043703) x14 0x0000000080012054 mem 0x0000000080031f50
core   0: 0x000000008000ff16 (0xfcf76de3) bltu    a4, a5, pc - 38
core   0: 3 0x000000008000ff16 (0xfcf76de3)
core   0: 0x000000008000fef0 (0xfe043783) ld      a5, -32(s0)
core   0: 3 0x000000008000fef0 (0xfe043783) x15 0x0000000080012054 mem 0x0000000080031f50
core   0: 0x000000008000fef4 (0x00178713) addi    a4, a5, 1
core   0: 3 0x000000008000fef4 (0x00178713) x14 0x0000000080012055
core   0: 0x000000008000fef8 (0xfee43023) sd      a4, -32(s0)
core   0: 3 0x000000008000fef8 (0xfee43023) mem 0x0000000080031f50 0x0000000080012055
core   0: 0x000000008000fefc (0xfc442703) lw      a4, -60(s0)
core   0: 3 0x000000008000fefc (0xfc442703) x14 0x0000000000000000 mem 0x0000000080031f34
core   0: 0x000000008000ff00 (0x0ff77713) andi    a4, a4, 255
core   0: 3 0x000000008000ff00 (0x0ff77713) x14 0x0000000000000000
core   0: 0x000000008000ff04 (0x00e78023) sb      a4, 0(a5)
core   0: 3 0x000000008000ff04 (0x00e78023) mem 0x0000000080012054 0x00
core   0: 0x000000008000ff08 (0xfc843703) ld      a4, -56(s0)
core   0: 3 0x000000008000ff08 (0xfc843703) x14 0x0000000080012040 mem 0x0000000080031f38
core   0: 0x000000008000ff0c (0xfb843783) ld      a5, -72(s0)
core   0: 3 0x000000008000ff0c (0xfb843783) x15 0x000000000000009c mem 0x0000000080031f28
core   0: 0x000000008000ff10 (0x000097ba) c.add   a5, a4
core   0: 3 0x000000008000ff10 (0x97ba) x15 0x00000000800120dc
core   0: 0x000000008000ff12 (0xfe043703) ld      a4, -32(s0)
core   0: 3 0x000000008000ff12 (0xfe043703) x14 0x0000000080012055 mem 0x0000000080031f50
core   0: 0x000000008000ff16 (0xfcf76de3) bltu    a4, a5, pc - 38
core   0: 3 0x000000008000ff16 (0xfcf76de3)
core   0: 0x000000008000fef0 (0xfe043783) ld      a5, -32(s0)
core   0: 3 0x000000008000fef0 (0xfe043783) x15 0x0000000080012055 mem 0x0000000080031f50
core   0: 0x000000008000fef4 (0x00178713) addi    a4, a5, 1
core   0: 3 0x000000008000fef4 (0x00178713) x14 0x0000000080012056
core   0: 0x000000008000fef8 (0xfee43023) sd      a4, -32(s0)
core   0: 3 0x000000008000fef8 (0xfee43023) mem 0x0000000080031f50 0x0000000080012056
core   0: 0x000000008000fefc (0xfc442703) lw      a4, -60(s0)
core   0: 3 0x000000008000fefc (0xfc442703) x14 0x0000000000000000 mem 0x0000000080031f34
core   0: 0x000000008000ff00 (0x0ff77713) andi    a4, a4, 255
core   0: 3 0x000000008000ff00 (0x0ff77713) x14 0x0000000000000000
core   0: 0x000000008000ff04 (0x00e78023) sb      a4, 0(a5)
core   0: 3 0x000000008000ff04 (0x00e78023) mem 0x0000000080012055 0x00
core   0: 0x000000008000ff08 (0xfc843703) ld      a4, -56(s0)
core   0: 3 0x000000008000ff08 (0xfc843703) x14 0x0000000080012040 mem 0x0000000080031f38
core   0: 0x000000008000ff0c (0xfb843783) ld      a5, -72(s0)
core   0: 3 0x000000008000ff0c (0xfb843783) x15 0x000000000000009c mem 0x0000000080031f28
core   0: 0x000000008000ff10 (0x000097ba) c.add   a5, a4
core   0: 3 0x000000008000ff10 (0x97ba) x15 0x00000000800120dc
core   0: 0x000000008000ff12 (0xfe043703) ld      a4, -32(s0)
core   0: 3 0x000000008000ff12 (0xfe043703) x14 0x0000000080012056 mem 0x0000000080031f50
core   0: 0x000000008000ff16 (0xfcf76de3) bltu    a4, a5, pc - 38
core   0: 3 0x000000008000ff16 (0xfcf76de3)
core   0: 0x000000008000fef0 (0xfe043783) ld      a5, -32(s0)
core   0: 3 0x000000008000fef0 (0xfe043783) x15 0x0000000080012056 mem 0x0000000080031f50
core   0: 0x000000008000fef4 (0x00178713) addi    a4, a5, 1
core   0: 3 0x000000008000fef4 (0x00178713) x14 0x0000000080012057
core   0: 0x000000008000fef8 (0xfee43023) sd      a4, -32(s0)
core   0: 3 0x000000008000fef8 (0xfee43023) mem 0x0000000080031f50 0x0000000080012057
core   0: 0x000000008000fefc (0xfc442703) lw      a4, -60(s0)
core   0: 3 0x000000008000fefc (0xfc442703) x14 0x0000000000000000 mem 0x0000000080031f34
core   0: 0x000000008000ff00 (0x0ff77713) andi    a4, a4, 255
core   0: 3 0x000000008000ff00 (0x0ff77713) x14 0x0000000000000000
core   0: 0x000000008000ff04 (0x00e78023) sb      a4, 0(a5)
core   0: 3 0x000000008000ff04 (0x00e78023) mem 0x0000000080012056 0x00
core   0: 0x000000008000ff08 (0xfc843703) ld      a4, -56(s0)
core   0: 3 0x000000008000ff08 (0xfc843703) x14 0x0000000080012040 mem 0x0000000080031f38
core   0: 0x000000008000ff0c (0xfb843783) ld      a5, -72(s0)
core   0: 3 0x000000008000ff0c (0xfb843783) x15 0x000000000000009c mem 0x0000000080031f28
core   0: 0x000000008000ff10 (0x000097ba) c.add   a5, a4
core   0: 3 0x000000008000ff10 (0x97ba) x15 0x00000000800120dc
core   0: 0x000000008000ff12 (0xfe043703) ld      a4, -32(s0)
core   0: 3 0x000000008000ff12 (0xfe043703) x14 0x0000000080012057 mem 0x0000000080031f50
core   0: 0x000000008000ff16 (0xfcf76de3) bltu    a4, a5, pc - 38
core   0: 3 0x000000008000ff16 (0xfcf76de3)
core   0: 0x000000008000fef0 (0xfe043783) ld      a5, -32(s0)
core   0: 3 0x000000008000fef0 (0xfe043783) x15 0x0000000080012057 mem 0x0000000080031f50
core   0: 0x000000008000fef4 (0x00178713) addi    a4, a5, 1
core   0: 3 0x000000008000fef4 (0x00178713) x14 0x0000000080012058
core   0: 0x000000008000fef8 (0xfee43023) sd      a4, -32(s0)
core   0: 3 0x000000008000fef8 (0xfee43023) mem 0x0000000080031f50 0x0000000080012058
core   0: 0x000000008000fefc (0xfc442703) lw      a4, -60(s0)
core   0: 3 0x000000008000fefc (0xfc442703) x14 0x0000000000000000 mem 0x0000000080031f34
core   0: 0x000000008000ff00 (0x0ff77713) andi    a4, a4, 255
core   0: 3 0x000000008000ff00 (0x0ff77713) x14 0x0000000000000000
core   0: 0x000000008000ff04 (0x00e78023) sb      a4, 0(a5)
core   0: 3 0x000000008000ff04 (0x00e78023) mem 0x0000000080012057 0x00
core   0: 0x000000008000ff08 (0xfc843703) ld      a4, -56(s0)
core   0: 3 0x000000008000ff08 (0xfc843703) x14 0x0000000080012040 mem 0x0000000080031f38
core   0: 0x000000008000ff0c (0xfb843783) ld      a5, -72(s0)
core   0: 3 0x000000008000ff0c (0xfb843783) x15 0x000000000000009c mem 0x0000000080031f28
core   0: 0x000000008000ff10 (0x000097ba) c.add   a5, a4
core   0: 3 0x000000008000ff10 (0x97ba) x15 0x00000000800120dc
core   0: 0x000000008000ff12 (0xfe043703) ld      a4, -32(s0)
core   0: 3 0x000000008000ff12 (0xfe043703) x14 0x0000000080012058 mem 0x0000000080031f50
core   0: 0x000000008000ff16 (0xfcf76de3) bltu    a4, a5, pc - 38
core   0: 3 0x000000008000ff16 (0xfcf76de3)
core   0: 0x000000008000fef0 (0xfe043783) ld      a5, -32(s0)
core   0: 3 0x000000008000fef0 (0xfe043783) x15 0x0000000080012058 mem 0x0000000080031f50
core   0: 0x000000008000fef4 (0x00178713) addi    a4, a5, 1
core   0: 3 0x000000008000fef4 (0x00178713) x14 0x0000000080012059
core   0: 0x000000008000fef8 (0xfee43023) sd      a4, -32(s0)
core   0: 3 0x000000008000fef8 (0xfee43023) mem 0x0000000080031f50 0x0000000080012059
core   0: 0x000000008000fefc (0xfc442703) lw      a4, -60(s0)
core   0: 3 0x000000008000fefc (0xfc442703) x14 0x0000000000000000 mem 0x0000000080031f34
core   0: 0x000000008000ff00 (0x0ff77713) andi    a4, a4, 255
core   0: 3 0x000000008000ff00 (0x0ff77713) x14 0x0000000000000000
core   0: 0x000000008000ff04 (0x00e78023) sb      a4, 0(a5)
core   0: 3 0x000000008000ff04 (0x00e78023) mem 0x0000000080012058 0x00
core   0: 0x000000008000ff08 (0xfc843703) ld      a4, -56(s0)
core   0: 3 0x000000008000ff08 (0xfc843703) x14 0x0000000080012040 mem 0x0000000080031f38
core   0: 0x000000008000ff0c (0xfb843783) ld      a5, -72(s0)
core   0: 3 0x000000008000ff0c (0xfb843783) x15 0x000000000000009c mem 0x0000000080031f28
core   0: 0x000000008000ff10 (0x000097ba) c.add   a5, a4
core   0: 3 0x000000008000ff10 (0x97ba) x15 0x00000000800120dc
core   0: 0x000000008000ff12 (0xfe043703) ld      a4, -32(s0)
core   0: 3 0x000000008000ff12 (0xfe043703) x14 0x0000000080012059 mem 0x0000000080031f50
core   0: 0x000000008000ff16 (0xfcf76de3) bltu    a4, a5, pc - 38
core   0: 3 0x000000008000ff16 (0xfcf76de3)
core   0: 0x000000008000fef0 (0xfe043783) ld      a5, -32(s0)
core   0: 3 0x000000008000fef0 (0xfe043783) x15 0x0000000080012059 mem 0x0000000080031f50
core   0: 0x000000008000fef4 (0x00178713) addi    a4, a5, 1
core   0: 3 0x000000008000fef4 (0x00178713) x14 0x000000008001205a
core   0: 0x000000008000fef8 (0xfee43023) sd      a4, -32(s0)
core   0: 3 0x000000008000fef8 (0xfee43023) mem 0x0000000080031f50 0x000000008001205a
core   0: 0x000000008000fefc (0xfc442703) lw      a4, -60(s0)
core   0: 3 0x000000008000fefc (0xfc442703) x14 0x0000000000000000 mem 0x0000000080031f34
core   0: 0x000000008000ff00 (0x0ff77713) andi    a4, a4, 255
core   0: 3 0x000000008000ff00 (0x0ff77713) x14 0x0000000000000000
core   0: 0x000000008000ff04 (0x00e78023) sb      a4, 0(a5)
core   0: 3 0x000000008000ff04 (0x00e78023) mem 0x0000000080012059 0x00
core   0: 0x000000008000ff08 (0xfc843703) ld      a4, -56(s0)
core   0: 3 0x000000008000ff08 (0xfc843703) x14 0x0000000080012040 mem 0x0000000080031f38
core   0: 0x000000008000ff0c (0xfb843783) ld      a5, -72(s0)
core   0: 3 0x000000008000ff0c (0xfb843783) x15 0x000000000000009c mem 0x0000000080031f28
core   0: 0x000000008000ff10 (0x000097ba) c.add   a5, a4
core   0: 3 0x000000008000ff10 (0x97ba) x15 0x00000000800120dc
core   0: 0x000000008000ff12 (0xfe043703) ld      a4, -32(s0)
core   0: 3 0x000000008000ff12 (0xfe043703) x14 0x000000008001205a mem 0x0000000080031f50
core   0: 0x000000008000ff16 (0xfcf76de3) bltu    a4, a5, pc - 38
core   0: 3 0x000000008000ff16 (0xfcf76de3)
core   0: 0x000000008000fef0 (0xfe043783) ld      a5, -32(s0)
core   0: 3 0x000000008000fef0 (0xfe043783) x15 0x000000008001205a mem 0x0000000080031f50
core   0: 0x000000008000fef4 (0x00178713) addi    a4, a5, 1
core   0: 3 0x000000008000fef4 (0x00178713) x14 0x000000008001205b
core   0: 0x000000008000fef8 (0xfee43023) sd      a4, -32(s0)
core   0: 3 0x000000008000fef8 (0xfee43023) mem 0x0000000080031f50 0x000000008001205b
core   0: 0x000000008000fefc (0xfc442703) lw      a4, -60(s0)
core   0: 3 0x000000008000fefc (0xfc442703) x14 0x0000000000000000 mem 0x0000000080031f34
core   0: 0x000000008000ff00 (0x0ff77713) andi    a4, a4, 255
core   0: 3 0x000000008000ff00 (0x0ff77713) x14 0x0000000000000000
core   0: 0x000000008000ff04 (0x00e78023) sb      a4, 0(a5)
core   0: 3 0x000000008000ff04 (0x00e78023) mem 0x000000008001205a 0x00
core   0: 0x000000008000ff08 (0xfc843703) ld      a4, -56(s0)
core   0: 3 0x000000008000ff08 (0xfc843703) x14 0x0000000080012040 mem 0x0000000080031f38
core   0: 0x000000008000ff0c (0xfb843783) ld      a5, -72(s0)
core   0: 3 0x000000008000ff0c (0xfb843783) x15 0x000000000000009c mem 0x0000000080031f28
core   0: 0x000000008000ff10 (0x000097ba) c.add   a5, a4
core   0: 3 0x000000008000ff10 (0x97ba) x15 0x00000000800120dc
core   0: 0x000000008000ff12 (0xfe043703) ld      a4, -32(s0)
core   0: 3 0x000000008000ff12 (0xfe043703) x14 0x000000008001205b mem 0x0000000080031f50
core   0: 0x000000008000ff16 (0xfcf76de3) bltu    a4, a5, pc - 38
core   0: 3 0x000000008000ff16 (0xfcf76de3)
core   0: 0x000000008000fef0 (0xfe043783) ld      a5, -32(s0)
core   0: 3 0x000000008000fef0 (0xfe043783) x15 0x000000008001205b mem 0x0000000080031f50
core   0: 0x000000008000fef4 (0x00178713) addi    a4, a5, 1
core   0: 3 0x000000008000fef4 (0x00178713) x14 0x000000008001205c
core   0: 0x000000008000fef8 (0xfee43023) sd      a4, -32(s0)
core   0: 3 0x000000008000fef8 (0xfee43023) mem 0x0000000080031f50 0x000000008001205c
core   0: 0x000000008000fefc (0xfc442703) lw      a4, -60(s0)
core   0: 3 0x000000008000fefc (0xfc442703) x14 0x0000000000000000 mem 0x0000000080031f34
core   0: 0x000000008000ff00 (0x0ff77713) andi    a4, a4, 255
core   0: 3 0x000000008000ff00 (0x0ff77713) x14 0x0000000000000000
core   0: 0x000000008000ff04 (0x00e78023) sb      a4, 0(a5)
core   0: 3 0x000000008000ff04 (0x00e78023) mem 0x000000008001205b 0x00
core   0: 0x000000008000ff08 (0xfc843703) ld      a4, -56(s0)
core   0: 3 0x000000008000ff08 (0xfc843703) x14 0x0000000080012040 mem 0x0000000080031f38
core   0: 0x000000008000ff0c (0xfb843783) ld      a5, -72(s0)
core   0: 3 0x000000008000ff0c (0xfb843783) x15 0x000000000000009c mem 0x0000000080031f28
core   0: 0x000000008000ff10 (0x000097ba) c.add   a5, a4
core   0: 3 0x000000008000ff10 (0x97ba) x15 0x00000000800120dc
core   0: 0x000000008000ff12 (0xfe043703) ld      a4, -32(s0)
core   0: 3 0x000000008000ff12 (0xfe043703) x14 0x000000008001205c mem 0x0000000080031f50
core   0: 0x000000008000ff16 (0xfcf76de3) bltu    a4, a5, pc - 38
core   0: 3 0x000000008000ff16 (0xfcf76de3)
core   0: 0x000000008000fef0 (0xfe043783) ld      a5, -32(s0)
core   0: 3 0x000000008000fef0 (0xfe043783) x15 0x000000008001205c mem 0x0000000080031f50
core   0: 0x000000008000fef4 (0x00178713) addi    a4, a5, 1
core   0: 3 0x000000008000fef4 (0x00178713) x14 0x000000008001205d
core   0: 0x000000008000fef8 (0xfee43023) sd      a4, -32(s0)
core   0: 3 0x000000008000fef8 (0xfee43023) mem 0x0000000080031f50 0x000000008001205d
core   0: 0x000000008000fefc (0xfc442703) lw      a4, -60(s0)
core   0: 3 0x000000008000fefc (0xfc442703) x14 0x0000000000000000 mem 0x0000000080031f34
core   0: 0x000000008000ff00 (0x0ff77713) andi    a4, a4, 255
core   0: 3 0x000000008000ff00 (0x0ff77713) x14 0x0000000000000000
core   0: 0x000000008000ff04 (0x00e78023) sb      a4, 0(a5)
core   0: 3 0x000000008000ff04 (0x00e78023) mem 0x000000008001205c 0x00
core   0: 0x000000008000ff08 (0xfc843703) ld      a4, -56(s0)
core   0: 3 0x000000008000ff08 (0xfc843703) x14 0x0000000080012040 mem 0x0000000080031f38
core   0: 0x000000008000ff0c (0xfb843783) ld      a5, -72(s0)
core   0: 3 0x000000008000ff0c (0xfb843783) x15 0x000000000000009c mem 0x0000000080031f28
core   0: 0x000000008000ff10 (0x000097ba) c.add   a5, a4
core   0: 3 0x000000008000ff10 (0x97ba) x15 0x00000000800120dc
core   0: 0x000000008000ff12 (0xfe043703) ld      a4, -32(s0)
core   0: 3 0x000000008000ff12 (0xfe043703) x14 0x000000008001205d mem 0x0000000080031f50
core   0: 0x000000008000ff16 (0xfcf76de3) bltu    a4, a5, pc - 38
core   0: 3 0x000000008000ff16 (0xfcf76de3)
core   0: 0x000000008000fef0 (0xfe043783) ld      a5, -32(s0)
core   0: 3 0x000000008000fef0 (0xfe043783) x15 0x000000008001205d mem 0x0000000080031f50
core   0: 0x000000008000fef4 (0x00178713) addi    a4, a5, 1
core   0: 3 0x000000008000fef4 (0x00178713) x14 0x000000008001205e
core   0: 0x000000008000fef8 (0xfee43023) sd      a4, -32(s0)
core   0: 3 0x000000008000fef8 (0xfee43023) mem 0x0000000080031f50 0x000000008001205e
core   0: 0x000000008000fefc (0xfc442703) lw      a4, -60(s0)
core   0: 3 0x000000008000fefc (0xfc442703) x14 0x0000000000000000 mem 0x0000000080031f34
core   0: 0x000000008000ff00 (0x0ff77713) andi    a4, a4, 255
core   0: 3 0x000000008000ff00 (0x0ff77713) x14 0x0000000000000000
core   0: 0x000000008000ff04 (0x00e78023) sb      a4, 0(a5)
core   0: 3 0x000000008000ff04 (0x00e78023) mem 0x000000008001205d 0x00
core   0: 0x000000008000ff08 (0xfc843703) ld      a4, -56(s0)
core   0: 3 0x000000008000ff08 (0xfc843703) x14 0x0000000080012040 mem 0x0000000080031f38
core   0: 0x000000008000ff0c (0xfb843783) ld      a5, -72(s0)
core   0: 3 0x000000008000ff0c (0xfb843783) x15 0x000000000000009c mem 0x0000000080031f28
core   0: 0x000000008000ff10 (0x000097ba) c.add   a5, a4
core   0: 3 0x000000008000ff10 (0x97ba) x15 0x00000000800120dc
core   0: 0x000000008000ff12 (0xfe043703) ld      a4, -32(s0)
core   0: 3 0x000000008000ff12 (0xfe043703) x14 0x000000008001205e mem 0x0000000080031f50
core   0: 0x000000008000ff16 (0xfcf76de3) bltu    a4, a5, pc - 38
core   0: 3 0x000000008000ff16 (0xfcf76de3)
core   0: 0x000000008000fef0 (0xfe043783) ld      a5, -32(s0)
core   0: 3 0x000000008000fef0 (0xfe043783) x15 0x000000008001205e mem 0x0000000080031f50
core   0: 0x000000008000fef4 (0x00178713) addi    a4, a5, 1
core   0: 3 0x000000008000fef4 (0x00178713) x14 0x000000008001205f
core   0: 0x000000008000fef8 (0xfee43023) sd      a4, -32(s0)
core   0: 3 0x000000008000fef8 (0xfee43023) mem 0x0000000080031f50 0x000000008001205f
core   0: 0x000000008000fefc (0xfc442703) lw      a4, -60(s0)
core   0: 3 0x000000008000fefc (0xfc442703) x14 0x0000000000000000 mem 0x0000000080031f34
core   0: 0x000000008000ff00 (0x0ff77713) andi    a4, a4, 255
core   0: 3 0x000000008000ff00 (0x0ff77713) x14 0x0000000000000000
core   0: 0x000000008000ff04 (0x00e78023) sb      a4, 0(a5)
core   0: 3 0x000000008000ff04 (0x00e78023) mem 0x000000008001205e 0x00
core   0: 0x000000008000ff08 (0xfc843703) ld      a4, -56(s0)
core   0: 3 0x000000008000ff08 (0xfc843703) x14 0x0000000080012040 mem 0x0000000080031f38
core   0: 0x000000008000ff0c (0xfb843783) ld      a5, -72(s0)
core   0: 3 0x000000008000ff0c (0xfb843783) x15 0x000000000000009c mem 0x0000000080031f28
core   0: 0x000000008000ff10 (0x000097ba) c.add   a5, a4
core   0: 3 0x000000008000ff10 (0x97ba) x15 0x00000000800120dc
core   0: 0x000000008000ff12 (0xfe043703) ld      a4, -32(s0)
core   0: 3 0x000000008000ff12 (0xfe043703) x14 0x000000008001205f mem 0x0000000080031f50
core   0: 0x000000008000ff16 (0xfcf76de3) bltu    a4, a5, pc - 38
core   0: 3 0x000000008000ff16 (0xfcf76de3)
core   0: 0x000000008000fef0 (0xfe043783) ld      a5, -32(s0)
core   0: 3 0x000000008000fef0 (0xfe043783) x15 0x000000008001205f mem 0x0000000080031f50
core   0: 0x000000008000fef4 (0x00178713) addi    a4, a5, 1
core   0: 3 0x000000008000fef4 (0x00178713) x14 0x0000000080012060
core   0: 0x000000008000fef8 (0xfee43023) sd      a4, -32(s0)
core   0: 3 0x000000008000fef8 (0xfee43023) mem 0x0000000080031f50 0x0000000080012060
core   0: 0x000000008000fefc (0xfc442703) lw      a4, -60(s0)
core   0: 3 0x000000008000fefc (0xfc442703) x14 0x0000000000000000 mem 0x0000000080031f34
core   0: 0x000000008000ff00 (0x0ff77713) andi    a4, a4, 255
core   0: 3 0x000000008000ff00 (0x0ff77713) x14 0x0000000000000000
core   0: 0x000000008000ff04 (0x00e78023) sb      a4, 0(a5)
core   0: 3 0x000000008000ff04 (0x00e78023) mem 0x000000008001205f 0x00
core   0: 0x000000008000ff08 (0xfc843703) ld      a4, -56(s0)
core   0: 3 0x000000008000ff08 (0xfc843703) x14 0x0000000080012040 mem 0x0000000080031f38
core   0: 0x000000008000ff0c (0xfb843783) ld      a5, -72(s0)
core   0: 3 0x000000008000ff0c (0xfb843783) x15 0x000000000000009c mem 0x0000000080031f28
core   0: 0x000000008000ff10 (0x000097ba) c.add   a5, a4
core   0: 3 0x000000008000ff10 (0x97ba) x15 0x00000000800120dc
core   0: 0x000000008000ff12 (0xfe043703) ld      a4, -32(s0)
core   0: 3 0x000000008000ff12 (0xfe043703) x14 0x0000000080012060 mem 0x0000000080031f50
core   0: 0x000000008000ff16 (0xfcf76de3) bltu    a4, a5, pc - 38
core   0: 3 0x000000008000ff16 (0xfcf76de3)
core   0: 0x000000008000fef0 (0xfe043783) ld      a5, -32(s0)
core   0: 3 0x000000008000fef0 (0xfe043783) x15 0x0000000080012060 mem 0x0000000080031f50
core   0: 0x000000008000fef4 (0x00178713) addi    a4, a5, 1
core   0: 3 0x000000008000fef4 (0x00178713) x14 0x0000000080012061
core   0: 0x000000008000fef8 (0xfee43023) sd      a4, -32(s0)
core   0: 3 0x000000008000fef8 (0xfee43023) mem 0x0000000080031f50 0x0000000080012061
core   0: 0x000000008000fefc (0xfc442703) lw      a4, -60(s0)
core   0: 3 0x000000008000fefc (0xfc442703) x14 0x0000000000000000 mem 0x0000000080031f34
core   0: 0x000000008000ff00 (0x0ff77713) andi    a4, a4, 255
core   0: 3 0x000000008000ff00 (0x0ff77713) x14 0x0000000000000000
core   0: 0x000000008000ff04 (0x00e78023) sb      a4, 0(a5)
core   0: 3 0x000000008000ff04 (0x00e78023) mem 0x0000000080012060 0x00
core   0: 0x000000008000ff08 (0xfc843703) ld      a4, -56(s0)
core   0: 3 0x000000008000ff08 (0xfc843703) x14 0x0000000080012040 mem 0x0000000080031f38
core   0: 0x000000008000ff0c (0xfb843783) ld      a5, -72(s0)
core   0: 3 0x000000008000ff0c (0xfb843783) x15 0x000000000000009c mem 0x0000000080031f28
core   0: 0x000000008000ff10 (0x000097ba) c.add   a5, a4
core   0: 3 0x000000008000ff10 (0x97ba) x15 0x00000000800120dc
core   0: 0x000000008000ff12 (0xfe043703) ld      a4, -32(s0)
core   0: 3 0x000000008000ff12 (0xfe043703) x14 0x0000000080012061 mem 0x0000000080031f50
core   0: 0x000000008000ff16 (0xfcf76de3) bltu    a4, a5, pc - 38
core   0: 3 0x000000008000ff16 (0xfcf76de3)
core   0: 0x000000008000fef0 (0xfe043783) ld      a5, -32(s0)
core   0: 3 0x000000008000fef0 (0xfe043783) x15 0x0000000080012061 mem 0x0000000080031f50
core   0: 0x000000008000fef4 (0x00178713) addi    a4, a5, 1
core   0: 3 0x000000008000fef4 (0x00178713) x14 0x0000000080012062
core   0: 0x000000008000fef8 (0xfee43023) sd      a4, -32(s0)
core   0: 3 0x000000008000fef8 (0xfee43023) mem 0x0000000080031f50 0x0000000080012062
core   0: 0x000000008000fefc (0xfc442703) lw      a4, -60(s0)
core   0: 3 0x000000008000fefc (0xfc442703) x14 0x0000000000000000 mem 0x0000000080031f34
core   0: 0x000000008000ff00 (0x0ff77713) andi    a4, a4, 255
core   0: 3 0x000000008000ff00 (0x0ff77713) x14 0x0000000000000000
core   0: 0x000000008000ff04 (0x00e78023) sb      a4, 0(a5)
core   0: 3 0x000000008000ff04 (0x00e78023) mem 0x0000000080012061 0x00
core   0: 0x000000008000ff08 (0xfc843703) ld      a4, -56(s0)
core   0: 3 0x000000008000ff08 (0xfc843703) x14 0x0000000080012040 mem 0x0000000080031f38
core   0: 0x000000008000ff0c (0xfb843783) ld      a5, -72(s0)
core   0: 3 0x000000008000ff0c (0xfb843783) x15 0x000000000000009c mem 0x0000000080031f28
core   0: 0x000000008000ff10 (0x000097ba) c.add   a5, a4
core   0: 3 0x000000008000ff10 (0x97ba) x15 0x00000000800120dc
core   0: 0x000000008000ff12 (0xfe043703) ld      a4, -32(s0)
core   0: 3 0x000000008000ff12 (0xfe043703) x14 0x0000000080012062 mem 0x0000000080031f50
core   0: 0x000000008000ff16 (0xfcf76de3) bltu    a4, a5, pc - 38
core   0: 3 0x000000008000ff16 (0xfcf76de3)
core   0: 0x000000008000fef0 (0xfe043783) ld      a5, -32(s0)
core   0: 3 0x000000008000fef0 (0xfe043783) x15 0x0000000080012062 mem 0x0000000080031f50
core   0: 0x000000008000fef4 (0x00178713) addi    a4, a5, 1
core   0: 3 0x000000008000fef4 (0x00178713) x14 0x0000000080012063
core   0: 0x000000008000fef8 (0xfee43023) sd      a4, -32(s0)
core   0: 3 0x000000008000fef8 (0xfee43023) mem 0x0000000080031f50 0x0000000080012063
core   0: 0x000000008000fefc (0xfc442703) lw      a4, -60(s0)
core   0: 3 0x000000008000fefc (0xfc442703) x14 0x0000000000000000 mem 0x0000000080031f34
core   0: 0x000000008000ff00 (0x0ff77713) andi    a4, a4, 255
core   0: 3 0x000000008000ff00 (0x0ff77713) x14 0x0000000000000000
core   0: 0x000000008000ff04 (0x00e78023) sb      a4, 0(a5)
core   0: 3 0x000000008000ff04 (0x00e78023) mem 0x0000000080012062 0x00
core   0: 0x000000008000ff08 (0xfc843703) ld      a4, -56(s0)
core   0: 3 0x000000008000ff08 (0xfc843703) x14 0x0000000080012040 mem 0x0000000080031f38
core   0: 0x000000008000ff0c (0xfb843783) ld      a5, -72(s0)
core   0: 3 0x000000008000ff0c (0xfb843783) x15 0x000000000000009c mem 0x0000000080031f28
core   0: 0x000000008000ff10 (0x000097ba) c.add   a5, a4
core   0: 3 0x000000008000ff10 (0x97ba) x15 0x00000000800120dc
core   0: 0x000000008000ff12 (0xfe043703) ld      a4, -32(s0)
core   0: 3 0x000000008000ff12 (0xfe043703) x14 0x0000000080012063 mem 0x0000000080031f50
core   0: 0x000000008000ff16 (0xfcf76de3) bltu    a4, a5, pc - 38
core   0: 3 0x000000008000ff16 (0xfcf76de3)
core   0: 0x000000008000fef0 (0xfe043783) ld      a5, -32(s0)
core   0: 3 0x000000008000fef0 (0xfe043783) x15 0x0000000080012063 mem 0x0000000080031f50
core   0: 0x000000008000fef4 (0x00178713) addi    a4, a5, 1
core   0: 3 0x000000008000fef4 (0x00178713) x14 0x0000000080012064
core   0: 0x000000008000fef8 (0xfee43023) sd      a4, -32(s0)
core   0: 3 0x000000008000fef8 (0xfee43023) mem 0x0000000080031f50 0x0000000080012064
core   0: 0x000000008000fefc (0xfc442703) lw      a4, -60(s0)
core   0: 3 0x000000008000fefc (0xfc442703) x14 0x0000000000000000 mem 0x0000000080031f34
core   0: 0x000000008000ff00 (0x0ff77713) andi    a4, a4, 255
core   0: 3 0x000000008000ff00 (0x0ff77713) x14 0x0000000000000000
core   0: 0x000000008000ff04 (0x00e78023) sb      a4, 0(a5)
core   0: 3 0x000000008000ff04 (0x00e78023) mem 0x0000000080012063 0x00
core   0: 0x000000008000ff08 (0xfc843703) ld      a4, -56(s0)
core   0: 3 0x000000008000ff08 (0xfc843703) x14 0x0000000080012040 mem 0x0000000080031f38
core   0: 0x000000008000ff0c (0xfb843783) ld      a5, -72(s0)
core   0: 3 0x000000008000ff0c (0xfb843783) x15 0x000000000000009c mem 0x0000000080031f28
core   0: 0x000000008000ff10 (0x000097ba) c.add   a5, a4
core   0: 3 0x000000008000ff10 (0x97ba) x15 0x00000000800120dc
core   0: 0x000000008000ff12 (0xfe043703) ld      a4, -32(s0)
core   0: 3 0x000000008000ff12 (0xfe043703) x14 0x0000000080012064 mem 0x0000000080031f50
core   0: 0x000000008000ff16 (0xfcf76de3) bltu    a4, a5, pc - 38
core   0: 3 0x000000008000ff16 (0xfcf76de3)
core   0: 0x000000008000fef0 (0xfe043783) ld      a5, -32(s0)
core   0: 3 0x000000008000fef0 (0xfe043783) x15 0x0000000080012064 mem 0x0000000080031f50
core   0: 0x000000008000fef4 (0x00178713) addi    a4, a5, 1
core   0: 3 0x000000008000fef4 (0x00178713) x14 0x0000000080012065
core   0: 0x000000008000fef8 (0xfee43023) sd      a4, -32(s0)
core   0: 3 0x000000008000fef8 (0xfee43023) mem 0x0000000080031f50 0x0000000080012065
core   0: 0x000000008000fefc (0xfc442703) lw      a4, -60(s0)
core   0: 3 0x000000008000fefc (0xfc442703) x14 0x0000000000000000 mem 0x0000000080031f34
core   0: 0x000000008000ff00 (0x0ff77713) andi    a4, a4, 255
core   0: 3 0x000000008000ff00 (0x0ff77713) x14 0x0000000000000000
core   0: 0x000000008000ff04 (0x00e78023) sb      a4, 0(a5)
core   0: 3 0x000000008000ff04 (0x00e78023) mem 0x0000000080012064 0x00
core   0: 0x000000008000ff08 (0xfc843703) ld      a4, -56(s0)
core   0: 3 0x000000008000ff08 (0xfc843703) x14 0x0000000080012040 mem 0x0000000080031f38
core   0: 0x000000008000ff0c (0xfb843783) ld      a5, -72(s0)
core   0: 3 0x000000008000ff0c (0xfb843783) x15 0x000000000000009c mem 0x0000000080031f28
core   0: 0x000000008000ff10 (0x000097ba) c.add   a5, a4
core   0: 3 0x000000008000ff10 (0x97ba) x15 0x00000000800120dc
core   0: 0x000000008000ff12 (0xfe043703) ld      a4, -32(s0)
core   0: 3 0x000000008000ff12 (0xfe043703) x14 0x0000000080012065 mem 0x0000000080031f50
core   0: 0x000000008000ff16 (0xfcf76de3) bltu    a4, a5, pc - 38
core   0: 3 0x000000008000ff16 (0xfcf76de3)
core   0: 0x000000008000fef0 (0xfe043783) ld      a5, -32(s0)
core   0: 3 0x000000008000fef0 (0xfe043783) x15 0x0000000080012065 mem 0x0000000080031f50
core   0: 0x000000008000fef4 (0x00178713) addi    a4, a5, 1
core   0: 3 0x000000008000fef4 (0x00178713) x14 0x0000000080012066
core   0: 0x000000008000fef8 (0xfee43023) sd      a4, -32(s0)
core   0: 3 0x000000008000fef8 (0xfee43023) mem 0x0000000080031f50 0x0000000080012066
core   0: 0x000000008000fefc (0xfc442703) lw      a4, -60(s0)
core   0: 3 0x000000008000fefc (0xfc442703) x14 0x0000000000000000 mem 0x0000000080031f34
core   0: 0x000000008000ff00 (0x0ff77713) andi    a4, a4, 255
core   0: 3 0x000000008000ff00 (0x0ff77713) x14 0x0000000000000000
core   0: 0x000000008000ff04 (0x00e78023) sb      a4, 0(a5)
core   0: 3 0x000000008000ff04 (0x00e78023) mem 0x0000000080012065 0x00
core   0: 0x000000008000ff08 (0xfc843703) ld      a4, -56(s0)
core   0: 3 0x000000008000ff08 (0xfc843703) x14 0x0000000080012040 mem 0x0000000080031f38
core   0: 0x000000008000ff0c (0xfb843783) ld      a5, -72(s0)
core   0: 3 0x000000008000ff0c (0xfb843783) x15 0x000000000000009c mem 0x0000000080031f28
core   0: 0x000000008000ff10 (0x000097ba) c.add   a5, a4
core   0: 3 0x000000008000ff10 (0x97ba) x15 0x00000000800120dc
core   0: 0x000000008000ff12 (0xfe043703) ld      a4, -32(s0)
core   0: 3 0x000000008000ff12 (0xfe043703) x14 0x0000000080012066 mem 0x0000000080031f50
core   0: 0x000000008000ff16 (0xfcf76de3) bltu    a4, a5, pc - 38
core   0: 3 0x000000008000ff16 (0xfcf76de3)
core   0: 0x000000008000fef0 (0xfe043783) ld      a5, -32(s0)
core   0: 3 0x000000008000fef0 (0xfe043783) x15 0x0000000080012066 mem 0x0000000080031f50
core   0: 0x000000008000fef4 (0x00178713) addi    a4, a5, 1
core   0: 3 0x000000008000fef4 (0x00178713) x14 0x0000000080012067
core   0: 0x000000008000fef8 (0xfee43023) sd      a4, -32(s0)
core   0: 3 0x000000008000fef8 (0xfee43023) mem 0x0000000080031f50 0x0000000080012067
core   0: 0x000000008000fefc (0xfc442703) lw      a4, -60(s0)
core   0: 3 0x000000008000fefc (0xfc442703) x14 0x0000000000000000 mem 0x0000000080031f34
core   0: 0x000000008000ff00 (0x0ff77713) andi    a4, a4, 255
core   0: 3 0x000000008000ff00 (0x0ff77713) x14 0x0000000000000000
core   0: 0x000000008000ff04 (0x00e78023) sb      a4, 0(a5)
core   0: 3 0x000000008000ff04 (0x00e78023) mem 0x0000000080012066 0x00
core   0: 0x000000008000ff08 (0xfc843703) ld      a4, -56(s0)
core   0: 3 0x000000008000ff08 (0xfc843703) x14 0x0000000080012040 mem 0x0000000080031f38
core   0: 0x000000008000ff0c (0xfb843783) ld      a5, -72(s0)
core   0: 3 0x000000008000ff0c (0xfb843783) x15 0x000000000000009c mem 0x0000000080031f28
core   0: 0x000000008000ff10 (0x000097ba) c.add   a5, a4
core   0: 3 0x000000008000ff10 (0x97ba) x15 0x00000000800120dc
core   0: 0x000000008000ff12 (0xfe043703) ld      a4, -32(s0)
core   0: 3 0x000000008000ff12 (0xfe043703) x14 0x0000000080012067 mem 0x0000000080031f50
core   0: 0x000000008000ff16 (0xfcf76de3) bltu    a4, a5, pc - 38
core   0: 3 0x000000008000ff16 (0xfcf76de3)
core   0: 0x000000008000fef0 (0xfe043783) ld      a5, -32(s0)
core   0: 3 0x000000008000fef0 (0xfe043783) x15 0x0000000080012067 mem 0x0000000080031f50
core   0: 0x000000008000fef4 (0x00178713) addi    a4, a5, 1
core   0: 3 0x000000008000fef4 (0x00178713) x14 0x0000000080012068
core   0: 0x000000008000fef8 (0xfee43023) sd      a4, -32(s0)
core   0: 3 0x000000008000fef8 (0xfee43023) mem 0x0000000080031f50 0x0000000080012068
core   0: 0x000000008000fefc (0xfc442703) lw      a4, -60(s0)
core   0: 3 0x000000008000fefc (0xfc442703) x14 0x0000000000000000 mem 0x0000000080031f34
core   0: 0x000000008000ff00 (0x0ff77713) andi    a4, a4, 255
core   0: 3 0x000000008000ff00 (0x0ff77713) x14 0x0000000000000000
core   0: 0x000000008000ff04 (0x00e78023) sb      a4, 0(a5)
core   0: 3 0x000000008000ff04 (0x00e78023) mem 0x0000000080012067 0x00
core   0: 0x000000008000ff08 (0xfc843703) ld      a4, -56(s0)
core   0: 3 0x000000008000ff08 (0xfc843703) x14 0x0000000080012040 mem 0x0000000080031f38
core   0: 0x000000008000ff0c (0xfb843783) ld      a5, -72(s0)
core   0: 3 0x000000008000ff0c (0xfb843783) x15 0x000000000000009c mem 0x0000000080031f28
core   0: 0x000000008000ff10 (0x000097ba) c.add   a5, a4
core   0: 3 0x000000008000ff10 (0x97ba) x15 0x00000000800120dc
core   0: 0x000000008000ff12 (0xfe043703) ld      a4, -32(s0)
core   0: 3 0x000000008000ff12 (0xfe043703) x14 0x0000000080012068 mem 0x0000000080031f50
core   0: 0x000000008000ff16 (0xfcf76de3) bltu    a4, a5, pc - 38
core   0: 3 0x000000008000ff16 (0xfcf76de3)
core   0: 0x000000008000fef0 (0xfe043783) ld      a5, -32(s0)
core   0: 3 0x000000008000fef0 (0xfe043783) x15 0x0000000080012068 mem 0x0000000080031f50
core   0: 0x000000008000fef4 (0x00178713) addi    a4, a5, 1
core   0: 3 0x000000008000fef4 (0x00178713) x14 0x0000000080012069
core   0: 0x000000008000fef8 (0xfee43023) sd      a4, -32(s0)
core   0: 3 0x000000008000fef8 (0xfee43023) mem 0x0000000080031f50 0x0000000080012069
core   0: 0x000000008000fefc (0xfc442703) lw      a4, -60(s0)
core   0: 3 0x000000008000fefc (0xfc442703) x14 0x0000000000000000 mem 0x0000000080031f34
core   0: 0x000000008000ff00 (0x0ff77713) andi    a4, a4, 255
core   0: 3 0x000000008000ff00 (0x0ff77713) x14 0x0000000000000000
core   0: 0x000000008000ff04 (0x00e78023) sb      a4, 0(a5)
core   0: 3 0x000000008000ff04 (0x00e78023) mem 0x0000000080012068 0x00
core   0: 0x000000008000ff08 (0xfc843703) ld      a4, -56(s0)
core   0: 3 0x000000008000ff08 (0xfc843703) x14 0x0000000080012040 mem 0x0000000080031f38
core   0: 0x000000008000ff0c (0xfb843783) ld      a5, -72(s0)
core   0: 3 0x000000008000ff0c (0xfb843783) x15 0x000000000000009c mem 0x0000000080031f28
core   0: 0x000000008000ff10 (0x000097ba) c.add   a5, a4
core   0: 3 0x000000008000ff10 (0x97ba) x15 0x00000000800120dc
core   0: 0x000000008000ff12 (0xfe043703) ld      a4, -32(s0)
core   0: 3 0x000000008000ff12 (0xfe043703) x14 0x0000000080012069 mem 0x0000000080031f50
core   0: 0x000000008000ff16 (0xfcf76de3) bltu    a4, a5, pc - 38
core   0: 3 0x000000008000ff16 (0xfcf76de3)
core   0: 0x000000008000fef0 (0xfe043783) ld      a5, -32(s0)
core   0: 3 0x000000008000fef0 (0xfe043783) x15 0x0000000080012069 mem 0x0000000080031f50
core   0: 0x000000008000fef4 (0x00178713) addi    a4, a5, 1
core   0: 3 0x000000008000fef4 (0x00178713) x14 0x000000008001206a
core   0: 0x000000008000fef8 (0xfee43023) sd      a4, -32(s0)
core   0: 3 0x000000008000fef8 (0xfee43023) mem 0x0000000080031f50 0x000000008001206a
core   0: 0x000000008000fefc (0xfc442703) lw      a4, -60(s0)
core   0: 3 0x000000008000fefc (0xfc442703) x14 0x0000000000000000 mem 0x0000000080031f34
core   0: 0x000000008000ff00 (0x0ff77713) andi    a4, a4, 255
core   0: 3 0x000000008000ff00 (0x0ff77713) x14 0x0000000000000000
core   0: 0x000000008000ff04 (0x00e78023) sb      a4, 0(a5)
core   0: 3 0x000000008000ff04 (0x00e78023) mem 0x0000000080012069 0x00
core   0: 0x000000008000ff08 (0xfc843703) ld      a4, -56(s0)
core   0: 3 0x000000008000ff08 (0xfc843703) x14 0x0000000080012040 mem 0x0000000080031f38
core   0: 0x000000008000ff0c (0xfb843783) ld      a5, -72(s0)
core   0: 3 0x000000008000ff0c (0xfb843783) x15 0x000000000000009c mem 0x0000000080031f28
core   0: 0x000000008000ff10 (0x000097ba) c.add   a5, a4
core   0: 3 0x000000008000ff10 (0x97ba) x15 0x00000000800120dc
core   0: 0x000000008000ff12 (0xfe043703) ld      a4, -32(s0)
core   0: 3 0x000000008000ff12 (0xfe043703) x14 0x000000008001206a mem 0x0000000080031f50
core   0: 0x000000008000ff16 (0xfcf76de3) bltu    a4, a5, pc - 38
core   0: 3 0x000000008000ff16 (0xfcf76de3)
core   0: 0x000000008000fef0 (0xfe043783) ld      a5, -32(s0)
core   0: 3 0x000000008000fef0 (0xfe043783) x15 0x000000008001206a mem 0x0000000080031f50
core   0: 0x000000008000fef4 (0x00178713) addi    a4, a5, 1
core   0: 3 0x000000008000fef4 (0x00178713) x14 0x000000008001206b
core   0: 0x000000008000fef8 (0xfee43023) sd      a4, -32(s0)
core   0: 3 0x000000008000fef8 (0xfee43023) mem 0x0000000080031f50 0x000000008001206b
core   0: 0x000000008000fefc (0xfc442703) lw      a4, -60(s0)
core   0: 3 0x000000008000fefc (0xfc442703) x14 0x0000000000000000 mem 0x0000000080031f34
core   0: 0x000000008000ff00 (0x0ff77713) andi    a4, a4, 255
core   0: 3 0x000000008000ff00 (0x0ff77713) x14 0x0000000000000000
core   0: 0x000000008000ff04 (0x00e78023) sb      a4, 0(a5)
core   0: 3 0x000000008000ff04 (0x00e78023) mem 0x000000008001206a 0x00
core   0: 0x000000008000ff08 (0xfc843703) ld      a4, -56(s0)
core   0: 3 0x000000008000ff08 (0xfc843703) x14 0x0000000080012040 mem 0x0000000080031f38
core   0: 0x000000008000ff0c (0xfb843783) ld      a5, -72(s0)
core   0: 3 0x000000008000ff0c (0xfb843783) x15 0x000000000000009c mem 0x0000000080031f28
core   0: 0x000000008000ff10 (0x000097ba) c.add   a5, a4
core   0: 3 0x000000008000ff10 (0x97ba) x15 0x00000000800120dc
core   0: 0x000000008000ff12 (0xfe043703) ld      a4, -32(s0)
core   0: 3 0x000000008000ff12 (0xfe043703) x14 0x000000008001206b mem 0x0000000080031f50
core   0: 0x000000008000ff16 (0xfcf76de3) bltu    a4, a5, pc - 38
core   0: 3 0x000000008000ff16 (0xfcf76de3)
core   0: 0x000000008000fef0 (0xfe043783) ld      a5, -32(s0)
core   0: 3 0x000000008000fef0 (0xfe043783) x15 0x000000008001206b mem 0x0000000080031f50
core   0: 0x000000008000fef4 (0x00178713) addi    a4, a5, 1
core   0: 3 0x000000008000fef4 (0x00178713) x14 0x000000008001206c
core   0: 0x000000008000fef8 (0xfee43023) sd      a4, -32(s0)
core   0: 3 0x000000008000fef8 (0xfee43023) mem 0x0000000080031f50 0x000000008001206c
core   0: 0x000000008000fefc (0xfc442703) lw      a4, -60(s0)
core   0: 3 0x000000008000fefc (0xfc442703) x14 0x0000000000000000 mem 0x0000000080031f34
core   0: 0x000000008000ff00 (0x0ff77713) andi    a4, a4, 255
core   0: 3 0x000000008000ff00 (0x0ff77713) x14 0x0000000000000000
core   0: 0x000000008000ff04 (0x00e78023) sb      a4, 0(a5)
core   0: 3 0x000000008000ff04 (0x00e78023) mem 0x000000008001206b 0x00
core   0: 0x000000008000ff08 (0xfc843703) ld      a4, -56(s0)
core   0: 3 0x000000008000ff08 (0xfc843703) x14 0x0000000080012040 mem 0x0000000080031f38
core   0: 0x000000008000ff0c (0xfb843783) ld      a5, -72(s0)
core   0: 3 0x000000008000ff0c (0xfb843783) x15 0x000000000000009c mem 0x0000000080031f28
core   0: 0x000000008000ff10 (0x000097ba) c.add   a5, a4
core   0: 3 0x000000008000ff10 (0x97ba) x15 0x00000000800120dc
core   0: 0x000000008000ff12 (0xfe043703) ld      a4, -32(s0)
core   0: 3 0x000000008000ff12 (0xfe043703) x14 0x000000008001206c mem 0x0000000080031f50
core   0: 0x000000008000ff16 (0xfcf76de3) bltu    a4, a5, pc - 38
core   0: 3 0x000000008000ff16 (0xfcf76de3)
core   0: 0x000000008000fef0 (0xfe043783) ld      a5, -32(s0)
core   0: 3 0x000000008000fef0 (0xfe043783) x15 0x000000008001206c mem 0x0000000080031f50
core   0: 0x000000008000fef4 (0x00178713) addi    a4, a5, 1
core   0: 3 0x000000008000fef4 (0x00178713) x14 0x000000008001206d
core   0: 0x000000008000fef8 (0xfee43023) sd      a4, -32(s0)
core   0: 3 0x000000008000fef8 (0xfee43023) mem 0x0000000080031f50 0x000000008001206d
core   0: 0x000000008000fefc (0xfc442703) lw      a4, -60(s0)
core   0: 3 0x000000008000fefc (0xfc442703) x14 0x0000000000000000 mem 0x0000000080031f34
core   0: 0x000000008000ff00 (0x0ff77713) andi    a4, a4, 255
core   0: 3 0x000000008000ff00 (0x0ff77713) x14 0x0000000000000000
core   0: 0x000000008000ff04 (0x00e78023) sb      a4, 0(a5)
core   0: 3 0x000000008000ff04 (0x00e78023) mem 0x000000008001206c 0x00
core   0: 0x000000008000ff08 (0xfc843703) ld      a4, -56(s0)
core   0: 3 0x000000008000ff08 (0xfc843703) x14 0x0000000080012040 mem 0x0000000080031f38
core   0: 0x000000008000ff0c (0xfb843783) ld      a5, -72(s0)
core   0: 3 0x000000008000ff0c (0xfb843783) x15 0x000000000000009c mem 0x0000000080031f28
core   0: 0x000000008000ff10 (0x000097ba) c.add   a5, a4
core   0: 3 0x000000008000ff10 (0x97ba) x15 0x00000000800120dc
core   0: 0x000000008000ff12 (0xfe043703) ld      a4, -32(s0)
core   0: 3 0x000000008000ff12 (0xfe043703) x14 0x000000008001206d mem 0x0000000080031f50
core   0: 0x000000008000ff16 (0xfcf76de3) bltu    a4, a5, pc - 38
core   0: 3 0x000000008000ff16 (0xfcf76de3)
core   0: 0x000000008000fef0 (0xfe043783) ld      a5, -32(s0)
core   0: 3 0x000000008000fef0 (0xfe043783) x15 0x000000008001206d mem 0x0000000080031f50
core   0: 0x000000008000fef4 (0x00178713) addi    a4, a5, 1
core   0: 3 0x000000008000fef4 (0x00178713) x14 0x000000008001206e
core   0: 0x000000008000fef8 (0xfee43023) sd      a4, -32(s0)
core   0: 3 0x000000008000fef8 (0xfee43023) mem 0x0000000080031f50 0x000000008001206e
core   0: 0x000000008000fefc (0xfc442703) lw      a4, -60(s0)
core   0: 3 0x000000008000fefc (0xfc442703) x14 0x0000000000000000 mem 0x0000000080031f34
core   0: 0x000000008000ff00 (0x0ff77713) andi    a4, a4, 255
core   0: 3 0x000000008000ff00 (0x0ff77713) x14 0x0000000000000000
core   0: 0x000000008000ff04 (0x00e78023) sb      a4, 0(a5)
core   0: 3 0x000000008000ff04 (0x00e78023) mem 0x000000008001206d 0x00
core   0: 0x000000008000ff08 (0xfc843703) ld      a4, -56(s0)
core   0: 3 0x000000008000ff08 (0xfc843703) x14 0x0000000080012040 mem 0x0000000080031f38
core   0: 0x000000008000ff0c (0xfb843783) ld      a5, -72(s0)
core   0: 3 0x000000008000ff0c (0xfb843783) x15 0x000000000000009c mem 0x0000000080031f28
core   0: 0x000000008000ff10 (0x000097ba) c.add   a5, a4
core   0: 3 0x000000008000ff10 (0x97ba) x15 0x00000000800120dc
core   0: 0x000000008000ff12 (0xfe043703) ld      a4, -32(s0)
core   0: 3 0x000000008000ff12 (0xfe043703) x14 0x000000008001206e mem 0x0000000080031f50
core   0: 0x000000008000ff16 (0xfcf76de3) bltu    a4, a5, pc - 38
core   0: 3 0x000000008000ff16 (0xfcf76de3)
core   0: 0x000000008000fef0 (0xfe043783) ld      a5, -32(s0)
core   0: 3 0x000000008000fef0 (0xfe043783) x15 0x000000008001206e mem 0x0000000080031f50
core   0: 0x000000008000fef4 (0x00178713) addi    a4, a5, 1
core   0: 3 0x000000008000fef4 (0x00178713) x14 0x000000008001206f
core   0: 0x000000008000fef8 (0xfee43023) sd      a4, -32(s0)
core   0: 3 0x000000008000fef8 (0xfee43023) mem 0x0000000080031f50 0x000000008001206f
core   0: 0x000000008000fefc (0xfc442703) lw      a4, -60(s0)
core   0: 3 0x000000008000fefc (0xfc442703) x14 0x0000000000000000 mem 0x0000000080031f34
core   0: 0x000000008000ff00 (0x0ff77713) andi    a4, a4, 255
core   0: 3 0x000000008000ff00 (0x0ff77713) x14 0x0000000000000000
core   0: 0x000000008000ff04 (0x00e78023) sb      a4, 0(a5)
core   0: 3 0x000000008000ff04 (0x00e78023) mem 0x000000008001206e 0x00
core   0: 0x000000008000ff08 (0xfc843703) ld      a4, -56(s0)
core   0: 3 0x000000008000ff08 (0xfc843703) x14 0x0000000080012040 mem 0x0000000080031f38
core   0: 0x000000008000ff0c (0xfb843783) ld      a5, -72(s0)
core   0: 3 0x000000008000ff0c (0xfb843783) x15 0x000000000000009c mem 0x0000000080031f28
core   0: 0x000000008000ff10 (0x000097ba) c.add   a5, a4
core   0: 3 0x000000008000ff10 (0x97ba) x15 0x00000000800120dc
core   0: 0x000000008000ff12 (0xfe043703) ld      a4, -32(s0)
core   0: 3 0x000000008000ff12 (0xfe043703) x14 0x000000008001206f mem 0x0000000080031f50
core   0: 0x000000008000ff16 (0xfcf76de3) bltu    a4, a5, pc - 38
core   0: 3 0x000000008000ff16 (0xfcf76de3)
core   0: 0x000000008000fef0 (0xfe043783) ld      a5, -32(s0)
core   0: 3 0x000000008000fef0 (0xfe043783) x15 0x000000008001206f mem 0x0000000080031f50
core   0: 0x000000008000fef4 (0x00178713) addi    a4, a5, 1
core   0: 3 0x000000008000fef4 (0x00178713) x14 0x0000000080012070
core   0: 0x000000008000fef8 (0xfee43023) sd      a4, -32(s0)
core   0: 3 0x000000008000fef8 (0xfee43023) mem 0x0000000080031f50 0x0000000080012070
core   0: 0x000000008000fefc (0xfc442703) lw      a4, -60(s0)
core   0: 3 0x000000008000fefc (0xfc442703) x14 0x0000000000000000 mem 0x0000000080031f34
core   0: 0x000000008000ff00 (0x0ff77713) andi    a4, a4, 255
core   0: 3 0x000000008000ff00 (0x0ff77713) x14 0x0000000000000000
core   0: 0x000000008000ff04 (0x00e78023) sb      a4, 0(a5)
core   0: 3 0x000000008000ff04 (0x00e78023) mem 0x000000008001206f 0x00
core   0: 0x000000008000ff08 (0xfc843703) ld      a4, -56(s0)
core   0: 3 0x000000008000ff08 (0xfc843703) x14 0x0000000080012040 mem 0x0000000080031f38
core   0: 0x000000008000ff0c (0xfb843783) ld      a5, -72(s0)
core   0: 3 0x000000008000ff0c (0xfb843783) x15 0x000000000000009c mem 0x0000000080031f28
core   0: 0x000000008000ff10 (0x000097ba) c.add   a5, a4
core   0: 3 0x000000008000ff10 (0x97ba) x15 0x00000000800120dc
core   0: 0x000000008000ff12 (0xfe043703) ld      a4, -32(s0)
core   0: 3 0x000000008000ff12 (0xfe043703) x14 0x0000000080012070 mem 0x0000000080031f50
core   0: 0x000000008000ff16 (0xfcf76de3) bltu    a4, a5, pc - 38
core   0: 3 0x000000008000ff16 (0xfcf76de3)
core   0: 0x000000008000fef0 (0xfe043783) ld      a5, -32(s0)
core   0: 3 0x000000008000fef0 (0xfe043783) x15 0x0000000080012070 mem 0x0000000080031f50
core   0: 0x000000008000fef4 (0x00178713) addi    a4, a5, 1
core   0: 3 0x000000008000fef4 (0x00178713) x14 0x0000000080012071
core   0: 0x000000008000fef8 (0xfee43023) sd      a4, -32(s0)
core   0: 3 0x000000008000fef8 (0xfee43023) mem 0x0000000080031f50 0x0000000080012071
core   0: 0x000000008000fefc (0xfc442703) lw      a4, -60(s0)
core   0: 3 0x000000008000fefc (0xfc442703) x14 0x0000000000000000 mem 0x0000000080031f34
core   0: 0x000000008000ff00 (0x0ff77713) andi    a4, a4, 255
core   0: 3 0x000000008000ff00 (0x0ff77713) x14 0x0000000000000000
core   0: 0x000000008000ff04 (0x00e78023) sb      a4, 0(a5)
core   0: 3 0x000000008000ff04 (0x00e78023) mem 0x0000000080012070 0x00
core   0: 0x000000008000ff08 (0xfc843703) ld      a4, -56(s0)
core   0: 3 0x000000008000ff08 (0xfc843703) x14 0x0000000080012040 mem 0x0000000080031f38
core   0: 0x000000008000ff0c (0xfb843783) ld      a5, -72(s0)
core   0: 3 0x000000008000ff0c (0xfb843783) x15 0x000000000000009c mem 0x0000000080031f28
core   0: 0x000000008000ff10 (0x000097ba) c.add   a5, a4
core   0: 3 0x000000008000ff10 (0x97ba) x15 0x00000000800120dc
core   0: 0x000000008000ff12 (0xfe043703) ld      a4, -32(s0)
core   0: 3 0x000000008000ff12 (0xfe043703) x14 0x0000000080012071 mem 0x0000000080031f50
core   0: 0x000000008000ff16 (0xfcf76de3) bltu    a4, a5, pc - 38
core   0: 3 0x000000008000ff16 (0xfcf76de3)
core   0: 0x000000008000fef0 (0xfe043783) ld      a5, -32(s0)
core   0: 3 0x000000008000fef0 (0xfe043783) x15 0x0000000080012071 mem 0x0000000080031f50
core   0: 0x000000008000fef4 (0x00178713) addi    a4, a5, 1
core   0: 3 0x000000008000fef4 (0x00178713) x14 0x0000000080012072
core   0: 0x000000008000fef8 (0xfee43023) sd      a4, -32(s0)
core   0: 3 0x000000008000fef8 (0xfee43023) mem 0x0000000080031f50 0x0000000080012072
core   0: 0x000000008000fefc (0xfc442703) lw      a4, -60(s0)
core   0: 3 0x000000008000fefc (0xfc442703) x14 0x0000000000000000 mem 0x0000000080031f34
core   0: 0x000000008000ff00 (0x0ff77713) andi    a4, a4, 255
core   0: 3 0x000000008000ff00 (0x0ff77713) x14 0x0000000000000000
core   0: 0x000000008000ff04 (0x00e78023) sb      a4, 0(a5)
core   0: 3 0x000000008000ff04 (0x00e78023) mem 0x0000000080012071 0x00
core   0: 0x000000008000ff08 (0xfc843703) ld      a4, -56(s0)
core   0: 3 0x000000008000ff08 (0xfc843703) x14 0x0000000080012040 mem 0x0000000080031f38
core   0: 0x000000008000ff0c (0xfb843783) ld      a5, -72(s0)
core   0: 3 0x000000008000ff0c (0xfb843783) x15 0x000000000000009c mem 0x0000000080031f28
core   0: 0x000000008000ff10 (0x000097ba) c.add   a5, a4
core   0: 3 0x000000008000ff10 (0x97ba) x15 0x00000000800120dc
core   0: 0x000000008000ff12 (0xfe043703) ld      a4, -32(s0)
core   0: 3 0x000000008000ff12 (0xfe043703) x14 0x0000000080012072 mem 0x0000000080031f50
core   0: 0x000000008000ff16 (0xfcf76de3) bltu    a4, a5, pc - 38
core   0: 3 0x000000008000ff16 (0xfcf76de3)
core   0: 0x000000008000fef0 (0xfe043783) ld      a5, -32(s0)
core   0: 3 0x000000008000fef0 (0xfe043783) x15 0x0000000080012072 mem 0x0000000080031f50
core   0: 0x000000008000fef4 (0x00178713) addi    a4, a5, 1
core   0: 3 0x000000008000fef4 (0x00178713) x14 0x0000000080012073
core   0: 0x000000008000fef8 (0xfee43023) sd      a4, -32(s0)
core   0: 3 0x000000008000fef8 (0xfee43023) mem 0x0000000080031f50 0x0000000080012073
core   0: 0x000000008000fefc (0xfc442703) lw      a4, -60(s0)
core   0: 3 0x000000008000fefc (0xfc442703) x14 0x0000000000000000 mem 0x0000000080031f34
core   0: 0x000000008000ff00 (0x0ff77713) andi    a4, a4, 255
core   0: 3 0x000000008000ff00 (0x0ff77713) x14 0x0000000000000000
core   0: 0x000000008000ff04 (0x00e78023) sb      a4, 0(a5)
core   0: 3 0x000000008000ff04 (0x00e78023) mem 0x0000000080012072 0x00
core   0: 0x000000008000ff08 (0xfc843703) ld      a4, -56(s0)
core   0: 3 0x000000008000ff08 (0xfc843703) x14 0x0000000080012040 mem 0x0000000080031f38
core   0: 0x000000008000ff0c (0xfb843783) ld      a5, -72(s0)
core   0: 3 0x000000008000ff0c (0xfb843783) x15 0x000000000000009c mem 0x0000000080031f28
core   0: 0x000000008000ff10 (0x000097ba) c.add   a5, a4
core   0: 3 0x000000008000ff10 (0x97ba) x15 0x00000000800120dc
core   0: 0x000000008000ff12 (0xfe043703) ld      a4, -32(s0)
core   0: 3 0x000000008000ff12 (0xfe043703) x14 0x0000000080012073 mem 0x0000000080031f50
core   0: 0x000000008000ff16 (0xfcf76de3) bltu    a4, a5, pc - 38
core   0: 3 0x000000008000ff16 (0xfcf76de3)
core   0: 0x000000008000fef0 (0xfe043783) ld      a5, -32(s0)
core   0: 3 0x000000008000fef0 (0xfe043783) x15 0x0000000080012073 mem 0x0000000080031f50
core   0: 0x000000008000fef4 (0x00178713) addi    a4, a5, 1
core   0: 3 0x000000008000fef4 (0x00178713) x14 0x0000000080012074
core   0: 0x000000008000fef8 (0xfee43023) sd      a4, -32(s0)
core   0: 3 0x000000008000fef8 (0xfee43023) mem 0x0000000080031f50 0x0000000080012074
core   0: 0x000000008000fefc (0xfc442703) lw      a4, -60(s0)
core   0: 3 0x000000008000fefc (0xfc442703) x14 0x0000000000000000 mem 0x0000000080031f34
core   0: 0x000000008000ff00 (0x0ff77713) andi    a4, a4, 255
core   0: 3 0x000000008000ff00 (0x0ff77713) x14 0x0000000000000000
core   0: 0x000000008000ff04 (0x00e78023) sb      a4, 0(a5)
core   0: 3 0x000000008000ff04 (0x00e78023) mem 0x0000000080012073 0x00
core   0: 0x000000008000ff08 (0xfc843703) ld      a4, -56(s0)
core   0: 3 0x000000008000ff08 (0xfc843703) x14 0x0000000080012040 mem 0x0000000080031f38
core   0: 0x000000008000ff0c (0xfb843783) ld      a5, -72(s0)
core   0: 3 0x000000008000ff0c (0xfb843783) x15 0x000000000000009c mem 0x0000000080031f28
core   0: 0x000000008000ff10 (0x000097ba) c.add   a5, a4
core   0: 3 0x000000008000ff10 (0x97ba) x15 0x00000000800120dc
core   0: 0x000000008000ff12 (0xfe043703) ld      a4, -32(s0)
core   0: 3 0x000000008000ff12 (0xfe043703) x14 0x0000000080012074 mem 0x0000000080031f50
core   0: 0x000000008000ff16 (0xfcf76de3) bltu    a4, a5, pc - 38
core   0: 3 0x000000008000ff16 (0xfcf76de3)
core   0: 0x000000008000fef0 (0xfe043783) ld      a5, -32(s0)
core   0: 3 0x000000008000fef0 (0xfe043783) x15 0x0000000080012074 mem 0x0000000080031f50
core   0: 0x000000008000fef4 (0x00178713) addi    a4, a5, 1
core   0: 3 0x000000008000fef4 (0x00178713) x14 0x0000000080012075
core   0: 0x000000008000fef8 (0xfee43023) sd      a4, -32(s0)
core   0: 3 0x000000008000fef8 (0xfee43023) mem 0x0000000080031f50 0x0000000080012075
core   0: 0x000000008000fefc (0xfc442703) lw      a4, -60(s0)
core   0: 3 0x000000008000fefc (0xfc442703) x14 0x0000000000000000 mem 0x0000000080031f34
core   0: 0x000000008000ff00 (0x0ff77713) andi    a4, a4, 255
core   0: 3 0x000000008000ff00 (0x0ff77713) x14 0x0000000000000000
core   0: 0x000000008000ff04 (0x00e78023) sb      a4, 0(a5)
core   0: 3 0x000000008000ff04 (0x00e78023) mem 0x0000000080012074 0x00
core   0: 0x000000008000ff08 (0xfc843703) ld      a4, -56(s0)
core   0: 3 0x000000008000ff08 (0xfc843703) x14 0x0000000080012040 mem 0x0000000080031f38
core   0: 0x000000008000ff0c (0xfb843783) ld      a5, -72(s0)
core   0: 3 0x000000008000ff0c (0xfb843783) x15 0x000000000000009c mem 0x0000000080031f28
core   0: 0x000000008000ff10 (0x000097ba) c.add   a5, a4
core   0: 3 0x000000008000ff10 (0x97ba) x15 0x00000000800120dc
core   0: 0x000000008000ff12 (0xfe043703) ld      a4, -32(s0)
core   0: 3 0x000000008000ff12 (0xfe043703) x14 0x0000000080012075 mem 0x0000000080031f50
core   0: 0x000000008000ff16 (0xfcf76de3) bltu    a4, a5, pc - 38
core   0: 3 0x000000008000ff16 (0xfcf76de3)
core   0: 0x000000008000fef0 (0xfe043783) ld      a5, -32(s0)
core   0: 3 0x000000008000fef0 (0xfe043783) x15 0x0000000080012075 mem 0x0000000080031f50
core   0: 0x000000008000fef4 (0x00178713) addi    a4, a5, 1
core   0: 3 0x000000008000fef4 (0x00178713) x14 0x0000000080012076
core   0: 0x000000008000fef8 (0xfee43023) sd      a4, -32(s0)
core   0: 3 0x000000008000fef8 (0xfee43023) mem 0x0000000080031f50 0x0000000080012076
core   0: 0x000000008000fefc (0xfc442703) lw      a4, -60(s0)
core   0: 3 0x000000008000fefc (0xfc442703) x14 0x0000000000000000 mem 0x0000000080031f34
core   0: 0x000000008000ff00 (0x0ff77713) andi    a4, a4, 255
core   0: 3 0x000000008000ff00 (0x0ff77713) x14 0x0000000000000000
core   0: 0x000000008000ff04 (0x00e78023) sb      a4, 0(a5)
core   0: 3 0x000000008000ff04 (0x00e78023) mem 0x0000000080012075 0x00
core   0: 0x000000008000ff08 (0xfc843703) ld      a4, -56(s0)
core   0: 3 0x000000008000ff08 (0xfc843703) x14 0x0000000080012040 mem 0x0000000080031f38
core   0: 0x000000008000ff0c (0xfb843783) ld      a5, -72(s0)
core   0: 3 0x000000008000ff0c (0xfb843783) x15 0x000000000000009c mem 0x0000000080031f28
core   0: 0x000000008000ff10 (0x000097ba) c.add   a5, a4
core   0: 3 0x000000008000ff10 (0x97ba) x15 0x00000000800120dc
core   0: 0x000000008000ff12 (0xfe043703) ld      a4, -32(s0)
core   0: 3 0x000000008000ff12 (0xfe043703) x14 0x0000000080012076 mem 0x0000000080031f50
core   0: 0x000000008000ff16 (0xfcf76de3) bltu    a4, a5, pc - 38
core   0: 3 0x000000008000ff16 (0xfcf76de3)
core   0: 0x000000008000fef0 (0xfe043783) ld      a5, -32(s0)
core   0: 3 0x000000008000fef0 (0xfe043783) x15 0x0000000080012076 mem 0x0000000080031f50
core   0: 0x000000008000fef4 (0x00178713) addi    a4, a5, 1
core   0: 3 0x000000008000fef4 (0x00178713) x14 0x0000000080012077
core   0: 0x000000008000fef8 (0xfee43023) sd      a4, -32(s0)
core   0: 3 0x000000008000fef8 (0xfee43023) mem 0x0000000080031f50 0x0000000080012077
core   0: 0x000000008000fefc (0xfc442703) lw      a4, -60(s0)
core   0: 3 0x000000008000fefc (0xfc442703) x14 0x0000000000000000 mem 0x0000000080031f34
core   0: 0x000000008000ff00 (0x0ff77713) andi    a4, a4, 255
core   0: 3 0x000000008000ff00 (0x0ff77713) x14 0x0000000000000000
core   0: 0x000000008000ff04 (0x00e78023) sb      a4, 0(a5)
core   0: 3 0x000000008000ff04 (0x00e78023) mem 0x0000000080012076 0x00
core   0: 0x000000008000ff08 (0xfc843703) ld      a4, -56(s0)
core   0: 3 0x000000008000ff08 (0xfc843703) x14 0x0000000080012040 mem 0x0000000080031f38
core   0: 0x000000008000ff0c (0xfb843783) ld      a5, -72(s0)
core   0: 3 0x000000008000ff0c (0xfb843783) x15 0x000000000000009c mem 0x0000000080031f28
core   0: 0x000000008000ff10 (0x000097ba) c.add   a5, a4
core   0: 3 0x000000008000ff10 (0x97ba) x15 0x00000000800120dc
core   0: 0x000000008000ff12 (0xfe043703) ld      a4, -32(s0)
core   0: 3 0x000000008000ff12 (0xfe043703) x14 0x0000000080012077 mem 0x0000000080031f50
core   0: 0x000000008000ff16 (0xfcf76de3) bltu    a4, a5, pc - 38
core   0: 3 0x000000008000ff16 (0xfcf76de3)
core   0: 0x000000008000fef0 (0xfe043783) ld      a5, -32(s0)
core   0: 3 0x000000008000fef0 (0xfe043783) x15 0x0000000080012077 mem 0x0000000080031f50
core   0: 0x000000008000fef4 (0x00178713) addi    a4, a5, 1
core   0: 3 0x000000008000fef4 (0x00178713) x14 0x0000000080012078
core   0: 0x000000008000fef8 (0xfee43023) sd      a4, -32(s0)
core   0: 3 0x000000008000fef8 (0xfee43023) mem 0x0000000080031f50 0x0000000080012078
core   0: 0x000000008000fefc (0xfc442703) lw      a4, -60(s0)
core   0: 3 0x000000008000fefc (0xfc442703) x14 0x0000000000000000 mem 0x0000000080031f34
core   0: 0x000000008000ff00 (0x0ff77713) andi    a4, a4, 255
core   0: 3 0x000000008000ff00 (0x0ff77713) x14 0x0000000000000000
core   0: 0x000000008000ff04 (0x00e78023) sb      a4, 0(a5)
core   0: 3 0x000000008000ff04 (0x00e78023) mem 0x0000000080012077 0x00
core   0: 0x000000008000ff08 (0xfc843703) ld      a4, -56(s0)
core   0: 3 0x000000008000ff08 (0xfc843703) x14 0x0000000080012040 mem 0x0000000080031f38
core   0: 0x000000008000ff0c (0xfb843783) ld      a5, -72(s0)
core   0: 3 0x000000008000ff0c (0xfb843783) x15 0x000000000000009c mem 0x0000000080031f28
core   0: 0x000000008000ff10 (0x000097ba) c.add   a5, a4
core   0: 3 0x000000008000ff10 (0x97ba) x15 0x00000000800120dc
core   0: 0x000000008000ff12 (0xfe043703) ld      a4, -32(s0)
core   0: 3 0x000000008000ff12 (0xfe043703) x14 0x0000000080012078 mem 0x0000000080031f50
core   0: 0x000000008000ff16 (0xfcf76de3) bltu    a4, a5, pc - 38
core   0: 3 0x000000008000ff16 (0xfcf76de3)
core   0: 0x000000008000fef0 (0xfe043783) ld      a5, -32(s0)
core   0: 3 0x000000008000fef0 (0xfe043783) x15 0x0000000080012078 mem 0x0000000080031f50
core   0: 0x000000008000fef4 (0x00178713) addi    a4, a5, 1
core   0: 3 0x000000008000fef4 (0x00178713) x14 0x0000000080012079
core   0: 0x000000008000fef8 (0xfee43023) sd      a4, -32(s0)
core   0: 3 0x000000008000fef8 (0xfee43023) mem 0x0000000080031f50 0x0000000080012079
core   0: 0x000000008000fefc (0xfc442703) lw      a4, -60(s0)
core   0: 3 0x000000008000fefc (0xfc442703) x14 0x0000000000000000 mem 0x0000000080031f34
core   0: 0x000000008000ff00 (0x0ff77713) andi    a4, a4, 255
core   0: 3 0x000000008000ff00 (0x0ff77713) x14 0x0000000000000000
core   0: 0x000000008000ff04 (0x00e78023) sb      a4, 0(a5)
core   0: 3 0x000000008000ff04 (0x00e78023) mem 0x0000000080012078 0x00
core   0: 0x000000008000ff08 (0xfc843703) ld      a4, -56(s0)
core   0: 3 0x000000008000ff08 (0xfc843703) x14 0x0000000080012040 mem 0x0000000080031f38
core   0: 0x000000008000ff0c (0xfb843783) ld      a5, -72(s0)
core   0: 3 0x000000008000ff0c (0xfb843783) x15 0x000000000000009c mem 0x0000000080031f28
core   0: 0x000000008000ff10 (0x000097ba) c.add   a5, a4
core   0: 3 0x000000008000ff10 (0x97ba) x15 0x00000000800120dc
core   0: 0x000000008000ff12 (0xfe043703) ld      a4, -32(s0)
core   0: 3 0x000000008000ff12 (0xfe043703) x14 0x0000000080012079 mem 0x0000000080031f50
core   0: 0x000000008000ff16 (0xfcf76de3) bltu    a4, a5, pc - 38
core   0: 3 0x000000008000ff16 (0xfcf76de3)
core   0: 0x000000008000fef0 (0xfe043783) ld      a5, -32(s0)
core   0: 3 0x000000008000fef0 (0xfe043783) x15 0x0000000080012079 mem 0x0000000080031f50
core   0: 0x000000008000fef4 (0x00178713) addi    a4, a5, 1
core   0: 3 0x000000008000fef4 (0x00178713) x14 0x000000008001207a
core   0: 0x000000008000fef8 (0xfee43023) sd      a4, -32(s0)
core   0: 3 0x000000008000fef8 (0xfee43023) mem 0x0000000080031f50 0x000000008001207a
core   0: 0x000000008000fefc (0xfc442703) lw      a4, -60(s0)
core   0: 3 0x000000008000fefc (0xfc442703) x14 0x0000000000000000 mem 0x0000000080031f34
core   0: 0x000000008000ff00 (0x0ff77713) andi    a4, a4, 255
core   0: 3 0x000000008000ff00 (0x0ff77713) x14 0x0000000000000000
core   0: 0x000000008000ff04 (0x00e78023) sb      a4, 0(a5)
core   0: 3 0x000000008000ff04 (0x00e78023) mem 0x0000000080012079 0x00
core   0: 0x000000008000ff08 (0xfc843703) ld      a4, -56(s0)
core   0: 3 0x000000008000ff08 (0xfc843703) x14 0x0000000080012040 mem 0x0000000080031f38
core   0: 0x000000008000ff0c (0xfb843783) ld      a5, -72(s0)
core   0: 3 0x000000008000ff0c (0xfb843783) x15 0x000000000000009c mem 0x0000000080031f28
core   0: 0x000000008000ff10 (0x000097ba) c.add   a5, a4
core   0: 3 0x000000008000ff10 (0x97ba) x15 0x00000000800120dc
core   0: 0x000000008000ff12 (0xfe043703) ld      a4, -32(s0)
core   0: 3 0x000000008000ff12 (0xfe043703) x14 0x000000008001207a mem 0x0000000080031f50
core   0: 0x000000008000ff16 (0xfcf76de3) bltu    a4, a5, pc - 38
core   0: 3 0x000000008000ff16 (0xfcf76de3)
core   0: 0x000000008000fef0 (0xfe043783) ld      a5, -32(s0)
core   0: 3 0x000000008000fef0 (0xfe043783) x15 0x000000008001207a mem 0x0000000080031f50
core   0: 0x000000008000fef4 (0x00178713) addi    a4, a5, 1
core   0: 3 0x000000008000fef4 (0x00178713) x14 0x000000008001207b
core   0: 0x000000008000fef8 (0xfee43023) sd      a4, -32(s0)
core   0: 3 0x000000008000fef8 (0xfee43023) mem 0x0000000080031f50 0x000000008001207b
core   0: 0x000000008000fefc (0xfc442703) lw      a4, -60(s0)
core   0: 3 0x000000008000fefc (0xfc442703) x14 0x0000000000000000 mem 0x0000000080031f34
core   0: 0x000000008000ff00 (0x0ff77713) andi    a4, a4, 255
core   0: 3 0x000000008000ff00 (0x0ff77713) x14 0x0000000000000000
core   0: 0x000000008000ff04 (0x00e78023) sb      a4, 0(a5)
core   0: 3 0x000000008000ff04 (0x00e78023) mem 0x000000008001207a 0x00
core   0: 0x000000008000ff08 (0xfc843703) ld      a4, -56(s0)
core   0: 3 0x000000008000ff08 (0xfc843703) x14 0x0000000080012040 mem 0x0000000080031f38
core   0: 0x000000008000ff0c (0xfb843783) ld      a5, -72(s0)
core   0: 3 0x000000008000ff0c (0xfb843783) x15 0x000000000000009c mem 0x0000000080031f28
core   0: 0x000000008000ff10 (0x000097ba) c.add   a5, a4
core   0: 3 0x000000008000ff10 (0x97ba) x15 0x00000000800120dc
core   0: 0x000000008000ff12 (0xfe043703) ld      a4, -32(s0)
core   0: 3 0x000000008000ff12 (0xfe043703) x14 0x000000008001207b mem 0x0000000080031f50
core   0: 0x000000008000ff16 (0xfcf76de3) bltu    a4, a5, pc - 38
core   0: 3 0x000000008000ff16 (0xfcf76de3)
core   0: 0x000000008000fef0 (0xfe043783) ld      a5, -32(s0)
core   0: 3 0x000000008000fef0 (0xfe043783) x15 0x000000008001207b mem 0x0000000080031f50
core   0: 0x000000008000fef4 (0x00178713) addi    a4, a5, 1
core   0: 3 0x000000008000fef4 (0x00178713) x14 0x000000008001207c
core   0: 0x000000008000fef8 (0xfee43023) sd      a4, -32(s0)
core   0: 3 0x000000008000fef8 (0xfee43023) mem 0x0000000080031f50 0x000000008001207c
core   0: 0x000000008000fefc (0xfc442703) lw      a4, -60(s0)
core   0: 3 0x000000008000fefc (0xfc442703) x14 0x0000000000000000 mem 0x0000000080031f34
core   0: 0x000000008000ff00 (0x0ff77713) andi    a4, a4, 255
core   0: 3 0x000000008000ff00 (0x0ff77713) x14 0x0000000000000000
core   0: 0x000000008000ff04 (0x00e78023) sb      a4, 0(a5)
core   0: 3 0x000000008000ff04 (0x00e78023) mem 0x000000008001207b 0x00
core   0: 0x000000008000ff08 (0xfc843703) ld      a4, -56(s0)
core   0: 3 0x000000008000ff08 (0xfc843703) x14 0x0000000080012040 mem 0x0000000080031f38
core   0: 0x000000008000ff0c (0xfb843783) ld      a5, -72(s0)
core   0: 3 0x000000008000ff0c (0xfb843783) x15 0x000000000000009c mem 0x0000000080031f28
core   0: 0x000000008000ff10 (0x000097ba) c.add   a5, a4
core   0: 3 0x000000008000ff10 (0x97ba) x15 0x00000000800120dc
core   0: 0x000000008000ff12 (0xfe043703) ld      a4, -32(s0)
core   0: 3 0x000000008000ff12 (0xfe043703) x14 0x000000008001207c mem 0x0000000080031f50
core   0: 0x000000008000ff16 (0xfcf76de3) bltu    a4, a5, pc - 38
core   0: 3 0x000000008000ff16 (0xfcf76de3)
core   0: 0x000000008000fef0 (0xfe043783) ld      a5, -32(s0)
core   0: 3 0x000000008000fef0 (0xfe043783) x15 0x000000008001207c mem 0x0000000080031f50
core   0: 0x000000008000fef4 (0x00178713) addi    a4, a5, 1
core   0: 3 0x000000008000fef4 (0x00178713) x14 0x000000008001207d
core   0: 0x000000008000fef8 (0xfee43023) sd      a4, -32(s0)
core   0: 3 0x000000008000fef8 (0xfee43023) mem 0x0000000080031f50 0x000000008001207d
core   0: 0x000000008000fefc (0xfc442703) lw      a4, -60(s0)
core   0: 3 0x000000008000fefc (0xfc442703) x14 0x0000000000000000 mem 0x0000000080031f34
core   0: 0x000000008000ff00 (0x0ff77713) andi    a4, a4, 255
core   0: 3 0x000000008000ff00 (0x0ff77713) x14 0x0000000000000000
core   0: 0x000000008000ff04 (0x00e78023) sb      a4, 0(a5)
core   0: 3 0x000000008000ff04 (0x00e78023) mem 0x000000008001207c 0x00
core   0: 0x000000008000ff08 (0xfc843703) ld      a4, -56(s0)
core   0: 3 0x000000008000ff08 (0xfc843703) x14 0x0000000080012040 mem 0x0000000080031f38
core   0: 0x000000008000ff0c (0xfb843783) ld      a5, -72(s0)
core   0: 3 0x000000008000ff0c (0xfb843783) x15 0x000000000000009c mem 0x0000000080031f28
core   0: 0x000000008000ff10 (0x000097ba) c.add   a5, a4
core   0: 3 0x000000008000ff10 (0x97ba) x15 0x00000000800120dc
core   0: 0x000000008000ff12 (0xfe043703) ld      a4, -32(s0)
core   0: 3 0x000000008000ff12 (0xfe043703) x14 0x000000008001207d mem 0x0000000080031f50
core   0: 0x000000008000ff16 (0xfcf76de3) bltu    a4, a5, pc - 38
core   0: 3 0x000000008000ff16 (0xfcf76de3)
core   0: 0x000000008000fef0 (0xfe043783) ld      a5, -32(s0)
core   0: 3 0x000000008000fef0 (0xfe043783) x15 0x000000008001207d mem 0x0000000080031f50
core   0: 0x000000008000fef4 (0x00178713) addi    a4, a5, 1
core   0: 3 0x000000008000fef4 (0x00178713) x14 0x000000008001207e
core   0: 0x000000008000fef8 (0xfee43023) sd      a4, -32(s0)
core   0: 3 0x000000008000fef8 (0xfee43023) mem 0x0000000080031f50 0x000000008001207e
core   0: 0x000000008000fefc (0xfc442703) lw      a4, -60(s0)
core   0: 3 0x000000008000fefc (0xfc442703) x14 0x0000000000000000 mem 0x0000000080031f34
core   0: 0x000000008000ff00 (0x0ff77713) andi    a4, a4, 255
core   0: 3 0x000000008000ff00 (0x0ff77713) x14 0x0000000000000000
core   0: 0x000000008000ff04 (0x00e78023) sb      a4, 0(a5)
core   0: 3 0x000000008000ff04 (0x00e78023) mem 0x000000008001207d 0x00
core   0: 0x000000008000ff08 (0xfc843703) ld      a4, -56(s0)
core   0: 3 0x000000008000ff08 (0xfc843703) x14 0x0000000080012040 mem 0x0000000080031f38
core   0: 0x000000008000ff0c (0xfb843783) ld      a5, -72(s0)
core   0: 3 0x000000008000ff0c (0xfb843783) x15 0x000000000000009c mem 0x0000000080031f28
core   0: 0x000000008000ff10 (0x000097ba) c.add   a5, a4
core   0: 3 0x000000008000ff10 (0x97ba) x15 0x00000000800120dc
core   0: 0x000000008000ff12 (0xfe043703) ld      a4, -32(s0)
core   0: 3 0x000000008000ff12 (0xfe043703) x14 0x000000008001207e mem 0x0000000080031f50
core   0: 0x000000008000ff16 (0xfcf76de3) bltu    a4, a5, pc - 38
core   0: 3 0x000000008000ff16 (0xfcf76de3)
core   0: 0x000000008000fef0 (0xfe043783) ld      a5, -32(s0)
core   0: 3 0x000000008000fef0 (0xfe043783) x15 0x000000008001207e mem 0x0000000080031f50
core   0: 0x000000008000fef4 (0x00178713) addi    a4, a5, 1
core   0: 3 0x000000008000fef4 (0x00178713) x14 0x000000008001207f
core   0: 0x000000008000fef8 (0xfee43023) sd      a4, -32(s0)
core   0: 3 0x000000008000fef8 (0xfee43023) mem 0x0000000080031f50 0x000000008001207f
core   0: 0x000000008000fefc (0xfc442703) lw      a4, -60(s0)
core   0: 3 0x000000008000fefc (0xfc442703) x14 0x0000000000000000 mem 0x0000000080031f34
core   0: 0x000000008000ff00 (0x0ff77713) andi    a4, a4, 255
core   0: 3 0x000000008000ff00 (0x0ff77713) x14 0x0000000000000000
core   0: 0x000000008000ff04 (0x00e78023) sb      a4, 0(a5)
core   0: 3 0x000000008000ff04 (0x00e78023) mem 0x000000008001207e 0x00
core   0: 0x000000008000ff08 (0xfc843703) ld      a4, -56(s0)
core   0: 3 0x000000008000ff08 (0xfc843703) x14 0x0000000080012040 mem 0x0000000080031f38
core   0: 0x000000008000ff0c (0xfb843783) ld      a5, -72(s0)
core   0: 3 0x000000008000ff0c (0xfb843783) x15 0x000000000000009c mem 0x0000000080031f28
core   0: 0x000000008000ff10 (0x000097ba) c.add   a5, a4
core   0: 3 0x000000008000ff10 (0x97ba) x15 0x00000000800120dc
core   0: 0x000000008000ff12 (0xfe043703) ld      a4, -32(s0)
core   0: 3 0x000000008000ff12 (0xfe043703) x14 0x000000008001207f mem 0x0000000080031f50
core   0: 0x000000008000ff16 (0xfcf76de3) bltu    a4, a5, pc - 38
core   0: 3 0x000000008000ff16 (0xfcf76de3)
core   0: 0x000000008000fef0 (0xfe043783) ld      a5, -32(s0)
core   0: 3 0x000000008000fef0 (0xfe043783) x15 0x000000008001207f mem 0x0000000080031f50
core   0: 0x000000008000fef4 (0x00178713) addi    a4, a5, 1
core   0: 3 0x000000008000fef4 (0x00178713) x14 0x0000000080012080
core   0: 0x000000008000fef8 (0xfee43023) sd      a4, -32(s0)
core   0: 3 0x000000008000fef8 (0xfee43023) mem 0x0000000080031f50 0x0000000080012080
core   0: 0x000000008000fefc (0xfc442703) lw      a4, -60(s0)
core   0: 3 0x000000008000fefc (0xfc442703) x14 0x0000000000000000 mem 0x0000000080031f34
core   0: 0x000000008000ff00 (0x0ff77713) andi    a4, a4, 255
core   0: 3 0x000000008000ff00 (0x0ff77713) x14 0x0000000000000000
core   0: 0x000000008000ff04 (0x00e78023) sb      a4, 0(a5)
core   0: 3 0x000000008000ff04 (0x00e78023) mem 0x000000008001207f 0x00
core   0: 0x000000008000ff08 (0xfc843703) ld      a4, -56(s0)
core   0: 3 0x000000008000ff08 (0xfc843703) x14 0x0000000080012040 mem 0x0000000080031f38
core   0: 0x000000008000ff0c (0xfb843783) ld      a5, -72(s0)
core   0: 3 0x000000008000ff0c (0xfb843783) x15 0x000000000000009c mem 0x0000000080031f28
core   0: 0x000000008000ff10 (0x000097ba) c.add   a5, a4
core   0: 3 0x000000008000ff10 (0x97ba) x15 0x00000000800120dc
core   0: 0x000000008000ff12 (0xfe043703) ld      a4, -32(s0)
core   0: 3 0x000000008000ff12 (0xfe043703) x14 0x0000000080012080 mem 0x0000000080031f50
core   0: 0x000000008000ff16 (0xfcf76de3) bltu    a4, a5, pc - 38
core   0: 3 0x000000008000ff16 (0xfcf76de3)
core   0: 0x000000008000fef0 (0xfe043783) ld      a5, -32(s0)
core   0: 3 0x000000008000fef0 (0xfe043783) x15 0x0000000080012080 mem 0x0000000080031f50
core   0: 0x000000008000fef4 (0x00178713) addi    a4, a5, 1
core   0: 3 0x000000008000fef4 (0x00178713) x14 0x0000000080012081
core   0: 0x000000008000fef8 (0xfee43023) sd      a4, -32(s0)
core   0: 3 0x000000008000fef8 (0xfee43023) mem 0x0000000080031f50 0x0000000080012081
core   0: 0x000000008000fefc (0xfc442703) lw      a4, -60(s0)
core   0: 3 0x000000008000fefc (0xfc442703) x14 0x0000000000000000 mem 0x0000000080031f34
core   0: 0x000000008000ff00 (0x0ff77713) andi    a4, a4, 255
core   0: 3 0x000000008000ff00 (0x0ff77713) x14 0x0000000000000000
core   0: 0x000000008000ff04 (0x00e78023) sb      a4, 0(a5)
core   0: 3 0x000000008000ff04 (0x00e78023) mem 0x0000000080012080 0x00
core   0: 0x000000008000ff08 (0xfc843703) ld      a4, -56(s0)
core   0: 3 0x000000008000ff08 (0xfc843703) x14 0x0000000080012040 mem 0x0000000080031f38
core   0: 0x000000008000ff0c (0xfb843783) ld      a5, -72(s0)
core   0: 3 0x000000008000ff0c (0xfb843783) x15 0x000000000000009c mem 0x0000000080031f28
core   0: 0x000000008000ff10 (0x000097ba) c.add   a5, a4
core   0: 3 0x000000008000ff10 (0x97ba) x15 0x00000000800120dc
core   0: 0x000000008000ff12 (0xfe043703) ld      a4, -32(s0)
core   0: 3 0x000000008000ff12 (0xfe043703) x14 0x0000000080012081 mem 0x0000000080031f50
core   0: 0x000000008000ff16 (0xfcf76de3) bltu    a4, a5, pc - 38
core   0: 3 0x000000008000ff16 (0xfcf76de3)
core   0: 0x000000008000fef0 (0xfe043783) ld      a5, -32(s0)
core   0: 3 0x000000008000fef0 (0xfe043783) x15 0x0000000080012081 mem 0x0000000080031f50
core   0: 0x000000008000fef4 (0x00178713) addi    a4, a5, 1
core   0: 3 0x000000008000fef4 (0x00178713) x14 0x0000000080012082
core   0: 0x000000008000fef8 (0xfee43023) sd      a4, -32(s0)
core   0: 3 0x000000008000fef8 (0xfee43023) mem 0x0000000080031f50 0x0000000080012082
core   0: 0x000000008000fefc (0xfc442703) lw      a4, -60(s0)
core   0: 3 0x000000008000fefc (0xfc442703) x14 0x0000000000000000 mem 0x0000000080031f34
core   0: 0x000000008000ff00 (0x0ff77713) andi    a4, a4, 255
core   0: 3 0x000000008000ff00 (0x0ff77713) x14 0x0000000000000000
core   0: 0x000000008000ff04 (0x00e78023) sb      a4, 0(a5)
core   0: 3 0x000000008000ff04 (0x00e78023) mem 0x0000000080012081 0x00
core   0: 0x000000008000ff08 (0xfc843703) ld      a4, -56(s0)
core   0: 3 0x000000008000ff08 (0xfc843703) x14 0x0000000080012040 mem 0x0000000080031f38
core   0: 0x000000008000ff0c (0xfb843783) ld      a5, -72(s0)
core   0: 3 0x000000008000ff0c (0xfb843783) x15 0x000000000000009c mem 0x0000000080031f28
core   0: 0x000000008000ff10 (0x000097ba) c.add   a5, a4
core   0: 3 0x000000008000ff10 (0x97ba) x15 0x00000000800120dc
core   0: 0x000000008000ff12 (0xfe043703) ld      a4, -32(s0)
core   0: 3 0x000000008000ff12 (0xfe043703) x14 0x0000000080012082 mem 0x0000000080031f50
core   0: 0x000000008000ff16 (0xfcf76de3) bltu    a4, a5, pc - 38
core   0: 3 0x000000008000ff16 (0xfcf76de3)
core   0: 0x000000008000fef0 (0xfe043783) ld      a5, -32(s0)
core   0: 3 0x000000008000fef0 (0xfe043783) x15 0x0000000080012082 mem 0x0000000080031f50
core   0: 0x000000008000fef4 (0x00178713) addi    a4, a5, 1
core   0: 3 0x000000008000fef4 (0x00178713) x14 0x0000000080012083
core   0: 0x000000008000fef8 (0xfee43023) sd      a4, -32(s0)
core   0: 3 0x000000008000fef8 (0xfee43023) mem 0x0000000080031f50 0x0000000080012083
core   0: 0x000000008000fefc (0xfc442703) lw      a4, -60(s0)
core   0: 3 0x000000008000fefc (0xfc442703) x14 0x0000000000000000 mem 0x0000000080031f34
core   0: 0x000000008000ff00 (0x0ff77713) andi    a4, a4, 255
core   0: 3 0x000000008000ff00 (0x0ff77713) x14 0x0000000000000000
core   0: 0x000000008000ff04 (0x00e78023) sb      a4, 0(a5)
core   0: 3 0x000000008000ff04 (0x00e78023) mem 0x0000000080012082 0x00
core   0: 0x000000008000ff08 (0xfc843703) ld      a4, -56(s0)
core   0: 3 0x000000008000ff08 (0xfc843703) x14 0x0000000080012040 mem 0x0000000080031f38
core   0: 0x000000008000ff0c (0xfb843783) ld      a5, -72(s0)
core   0: 3 0x000000008000ff0c (0xfb843783) x15 0x000000000000009c mem 0x0000000080031f28
core   0: 0x000000008000ff10 (0x000097ba) c.add   a5, a4
core   0: 3 0x000000008000ff10 (0x97ba) x15 0x00000000800120dc
core   0: 0x000000008000ff12 (0xfe043703) ld      a4, -32(s0)
core   0: 3 0x000000008000ff12 (0xfe043703) x14 0x0000000080012083 mem 0x0000000080031f50
core   0: 0x000000008000ff16 (0xfcf76de3) bltu    a4, a5, pc - 38
core   0: 3 0x000000008000ff16 (0xfcf76de3)
core   0: 0x000000008000fef0 (0xfe043783) ld      a5, -32(s0)
core   0: 3 0x000000008000fef0 (0xfe043783) x15 0x0000000080012083 mem 0x0000000080031f50
core   0: 0x000000008000fef4 (0x00178713) addi    a4, a5, 1
core   0: 3 0x000000008000fef4 (0x00178713) x14 0x0000000080012084
core   0: 0x000000008000fef8 (0xfee43023) sd      a4, -32(s0)
core   0: 3 0x000000008000fef8 (0xfee43023) mem 0x0000000080031f50 0x0000000080012084
core   0: 0x000000008000fefc (0xfc442703) lw      a4, -60(s0)
core   0: 3 0x000000008000fefc (0xfc442703) x14 0x0000000000000000 mem 0x0000000080031f34
core   0: 0x000000008000ff00 (0x0ff77713) andi    a4, a4, 255
core   0: 3 0x000000008000ff00 (0x0ff77713) x14 0x0000000000000000
core   0: 0x000000008000ff04 (0x00e78023) sb      a4, 0(a5)
core   0: 3 0x000000008000ff04 (0x00e78023) mem 0x0000000080012083 0x00
core   0: 0x000000008000ff08 (0xfc843703) ld      a4, -56(s0)
core   0: 3 0x000000008000ff08 (0xfc843703) x14 0x0000000080012040 mem 0x0000000080031f38
core   0: 0x000000008000ff0c (0xfb843783) ld      a5, -72(s0)
core   0: 3 0x000000008000ff0c (0xfb843783) x15 0x000000000000009c mem 0x0000000080031f28
core   0: 0x000000008000ff10 (0x000097ba) c.add   a5, a4
core   0: 3 0x000000008000ff10 (0x97ba) x15 0x00000000800120dc
core   0: 0x000000008000ff12 (0xfe043703) ld      a4, -32(s0)
core   0: 3 0x000000008000ff12 (0xfe043703) x14 0x0000000080012084 mem 0x0000000080031f50
core   0: 0x000000008000ff16 (0xfcf76de3) bltu    a4, a5, pc - 38
core   0: 3 0x000000008000ff16 (0xfcf76de3)
core   0: 0x000000008000fef0 (0xfe043783) ld      a5, -32(s0)
core   0: 3 0x000000008000fef0 (0xfe043783) x15 0x0000000080012084 mem 0x0000000080031f50
core   0: 0x000000008000fef4 (0x00178713) addi    a4, a5, 1
core   0: 3 0x000000008000fef4 (0x00178713) x14 0x0000000080012085
core   0: 0x000000008000fef8 (0xfee43023) sd      a4, -32(s0)
core   0: 3 0x000000008000fef8 (0xfee43023) mem 0x0000000080031f50 0x0000000080012085
core   0: 0x000000008000fefc (0xfc442703) lw      a4, -60(s0)
core   0: 3 0x000000008000fefc (0xfc442703) x14 0x0000000000000000 mem 0x0000000080031f34
core   0: 0x000000008000ff00 (0x0ff77713) andi    a4, a4, 255
core   0: 3 0x000000008000ff00 (0x0ff77713) x14 0x0000000000000000
core   0: 0x000000008000ff04 (0x00e78023) sb      a4, 0(a5)
core   0: 3 0x000000008000ff04 (0x00e78023) mem 0x0000000080012084 0x00
core   0: 0x000000008000ff08 (0xfc843703) ld      a4, -56(s0)
core   0: 3 0x000000008000ff08 (0xfc843703) x14 0x0000000080012040 mem 0x0000000080031f38
core   0: 0x000000008000ff0c (0xfb843783) ld      a5, -72(s0)
core   0: 3 0x000000008000ff0c (0xfb843783) x15 0x000000000000009c mem 0x0000000080031f28
core   0: 0x000000008000ff10 (0x000097ba) c.add   a5, a4
core   0: 3 0x000000008000ff10 (0x97ba) x15 0x00000000800120dc
core   0: 0x000000008000ff12 (0xfe043703) ld      a4, -32(s0)
core   0: 3 0x000000008000ff12 (0xfe043703) x14 0x0000000080012085 mem 0x0000000080031f50
core   0: 0x000000008000ff16 (0xfcf76de3) bltu    a4, a5, pc - 38
core   0: 3 0x000000008000ff16 (0xfcf76de3)
core   0: 0x000000008000fef0 (0xfe043783) ld      a5, -32(s0)
core   0: 3 0x000000008000fef0 (0xfe043783) x15 0x0000000080012085 mem 0x0000000080031f50
core   0: 0x000000008000fef4 (0x00178713) addi    a4, a5, 1
core   0: 3 0x000000008000fef4 (0x00178713) x14 0x0000000080012086
core   0: 0x000000008000fef8 (0xfee43023) sd      a4, -32(s0)
core   0: 3 0x000000008000fef8 (0xfee43023) mem 0x0000000080031f50 0x0000000080012086
core   0: 0x000000008000fefc (0xfc442703) lw      a4, -60(s0)
core   0: 3 0x000000008000fefc (0xfc442703) x14 0x0000000000000000 mem 0x0000000080031f34
core   0: 0x000000008000ff00 (0x0ff77713) andi    a4, a4, 255
core   0: 3 0x000000008000ff00 (0x0ff77713) x14 0x0000000000000000
core   0: 0x000000008000ff04 (0x00e78023) sb      a4, 0(a5)
core   0: 3 0x000000008000ff04 (0x00e78023) mem 0x0000000080012085 0x00
core   0: 0x000000008000ff08 (0xfc843703) ld      a4, -56(s0)
core   0: 3 0x000000008000ff08 (0xfc843703) x14 0x0000000080012040 mem 0x0000000080031f38
core   0: 0x000000008000ff0c (0xfb843783) ld      a5, -72(s0)
core   0: 3 0x000000008000ff0c (0xfb843783) x15 0x000000000000009c mem 0x0000000080031f28
core   0: 0x000000008000ff10 (0x000097ba) c.add   a5, a4
core   0: 3 0x000000008000ff10 (0x97ba) x15 0x00000000800120dc
core   0: 0x000000008000ff12 (0xfe043703) ld      a4, -32(s0)
core   0: 3 0x000000008000ff12 (0xfe043703) x14 0x0000000080012086 mem 0x0000000080031f50
core   0: 0x000000008000ff16 (0xfcf76de3) bltu    a4, a5, pc - 38
core   0: 3 0x000000008000ff16 (0xfcf76de3)
core   0: 0x000000008000fef0 (0xfe043783) ld      a5, -32(s0)
core   0: 3 0x000000008000fef0 (0xfe043783) x15 0x0000000080012086 mem 0x0000000080031f50
core   0: 0x000000008000fef4 (0x00178713) addi    a4, a5, 1
core   0: 3 0x000000008000fef4 (0x00178713) x14 0x0000000080012087
core   0: 0x000000008000fef8 (0xfee43023) sd      a4, -32(s0)
core   0: 3 0x000000008000fef8 (0xfee43023) mem 0x0000000080031f50 0x0000000080012087
core   0: 0x000000008000fefc (0xfc442703) lw      a4, -60(s0)
core   0: 3 0x000000008000fefc (0xfc442703) x14 0x0000000000000000 mem 0x0000000080031f34
core   0: 0x000000008000ff00 (0x0ff77713) andi    a4, a4, 255
core   0: 3 0x000000008000ff00 (0x0ff77713) x14 0x0000000000000000
core   0: 0x000000008000ff04 (0x00e78023) sb      a4, 0(a5)
core   0: 3 0x000000008000ff04 (0x00e78023) mem 0x0000000080012086 0x00
core   0: 0x000000008000ff08 (0xfc843703) ld      a4, -56(s0)
core   0: 3 0x000000008000ff08 (0xfc843703) x14 0x0000000080012040 mem 0x0000000080031f38
core   0: 0x000000008000ff0c (0xfb843783) ld      a5, -72(s0)
core   0: 3 0x000000008000ff0c (0xfb843783) x15 0x000000000000009c mem 0x0000000080031f28
core   0: 0x000000008000ff10 (0x000097ba) c.add   a5, a4
core   0: 3 0x000000008000ff10 (0x97ba) x15 0x00000000800120dc
core   0: 0x000000008000ff12 (0xfe043703) ld      a4, -32(s0)
core   0: 3 0x000000008000ff12 (0xfe043703) x14 0x0000000080012087 mem 0x0000000080031f50
core   0: 0x000000008000ff16 (0xfcf76de3) bltu    a4, a5, pc - 38
core   0: 3 0x000000008000ff16 (0xfcf76de3)
core   0: 0x000000008000fef0 (0xfe043783) ld      a5, -32(s0)
core   0: 3 0x000000008000fef0 (0xfe043783) x15 0x0000000080012087 mem 0x0000000080031f50
core   0: 0x000000008000fef4 (0x00178713) addi    a4, a5, 1
core   0: 3 0x000000008000fef4 (0x00178713) x14 0x0000000080012088
core   0: 0x000000008000fef8 (0xfee43023) sd      a4, -32(s0)
core   0: 3 0x000000008000fef8 (0xfee43023) mem 0x0000000080031f50 0x0000000080012088
core   0: 0x000000008000fefc (0xfc442703) lw      a4, -60(s0)
core   0: 3 0x000000008000fefc (0xfc442703) x14 0x0000000000000000 mem 0x0000000080031f34
core   0: 0x000000008000ff00 (0x0ff77713) andi    a4, a4, 255
core   0: 3 0x000000008000ff00 (0x0ff77713) x14 0x0000000000000000
core   0: 0x000000008000ff04 (0x00e78023) sb      a4, 0(a5)
core   0: 3 0x000000008000ff04 (0x00e78023) mem 0x0000000080012087 0x00
core   0: 0x000000008000ff08 (0xfc843703) ld      a4, -56(s0)
core   0: 3 0x000000008000ff08 (0xfc843703) x14 0x0000000080012040 mem 0x0000000080031f38
core   0: 0x000000008000ff0c (0xfb843783) ld      a5, -72(s0)
core   0: 3 0x000000008000ff0c (0xfb843783) x15 0x000000000000009c mem 0x0000000080031f28
core   0: 0x000000008000ff10 (0x000097ba) c.add   a5, a4
core   0: 3 0x000000008000ff10 (0x97ba) x15 0x00000000800120dc
core   0: 0x000000008000ff12 (0xfe043703) ld      a4, -32(s0)
core   0: 3 0x000000008000ff12 (0xfe043703) x14 0x0000000080012088 mem 0x0000000080031f50
core   0: 0x000000008000ff16 (0xfcf76de3) bltu    a4, a5, pc - 38
core   0: 3 0x000000008000ff16 (0xfcf76de3)
core   0: 0x000000008000fef0 (0xfe043783) ld      a5, -32(s0)
core   0: 3 0x000000008000fef0 (0xfe043783) x15 0x0000000080012088 mem 0x0000000080031f50
core   0: 0x000000008000fef4 (0x00178713) addi    a4, a5, 1
core   0: 3 0x000000008000fef4 (0x00178713) x14 0x0000000080012089
core   0: 0x000000008000fef8 (0xfee43023) sd      a4, -32(s0)
core   0: 3 0x000000008000fef8 (0xfee43023) mem 0x0000000080031f50 0x0000000080012089
core   0: 0x000000008000fefc (0xfc442703) lw      a4, -60(s0)
core   0: 3 0x000000008000fefc (0xfc442703) x14 0x0000000000000000 mem 0x0000000080031f34
core   0: 0x000000008000ff00 (0x0ff77713) andi    a4, a4, 255
core   0: 3 0x000000008000ff00 (0x0ff77713) x14 0x0000000000000000
core   0: 0x000000008000ff04 (0x00e78023) sb      a4, 0(a5)
core   0: 3 0x000000008000ff04 (0x00e78023) mem 0x0000000080012088 0x00
core   0: 0x000000008000ff08 (0xfc843703) ld      a4, -56(s0)
core   0: 3 0x000000008000ff08 (0xfc843703) x14 0x0000000080012040 mem 0x0000000080031f38
core   0: 0x000000008000ff0c (0xfb843783) ld      a5, -72(s0)
core   0: 3 0x000000008000ff0c (0xfb843783) x15 0x000000000000009c mem 0x0000000080031f28
core   0: 0x000000008000ff10 (0x000097ba) c.add   a5, a4
core   0: 3 0x000000008000ff10 (0x97ba) x15 0x00000000800120dc
core   0: 0x000000008000ff12 (0xfe043703) ld      a4, -32(s0)
core   0: 3 0x000000008000ff12 (0xfe043703) x14 0x0000000080012089 mem 0x0000000080031f50
core   0: 0x000000008000ff16 (0xfcf76de3) bltu    a4, a5, pc - 38
core   0: 3 0x000000008000ff16 (0xfcf76de3)
core   0: 0x000000008000fef0 (0xfe043783) ld      a5, -32(s0)
core   0: 3 0x000000008000fef0 (0xfe043783) x15 0x0000000080012089 mem 0x0000000080031f50
core   0: 0x000000008000fef4 (0x00178713) addi    a4, a5, 1
core   0: 3 0x000000008000fef4 (0x00178713) x14 0x000000008001208a
core   0: 0x000000008000fef8 (0xfee43023) sd      a4, -32(s0)
core   0: 3 0x000000008000fef8 (0xfee43023) mem 0x0000000080031f50 0x000000008001208a
core   0: 0x000000008000fefc (0xfc442703) lw      a4, -60(s0)
core   0: 3 0x000000008000fefc (0xfc442703) x14 0x0000000000000000 mem 0x0000000080031f34
core   0: 0x000000008000ff00 (0x0ff77713) andi    a4, a4, 255
core   0: 3 0x000000008000ff00 (0x0ff77713) x14 0x0000000000000000
core   0: 0x000000008000ff04 (0x00e78023) sb      a4, 0(a5)
core   0: 3 0x000000008000ff04 (0x00e78023) mem 0x0000000080012089 0x00
core   0: 0x000000008000ff08 (0xfc843703) ld      a4, -56(s0)
core   0: 3 0x000000008000ff08 (0xfc843703) x14 0x0000000080012040 mem 0x0000000080031f38
core   0: 0x000000008000ff0c (0xfb843783) ld      a5, -72(s0)
core   0: 3 0x000000008000ff0c (0xfb843783) x15 0x000000000000009c mem 0x0000000080031f28
core   0: 0x000000008000ff10 (0x000097ba) c.add   a5, a4
core   0: 3 0x000000008000ff10 (0x97ba) x15 0x00000000800120dc
core   0: 0x000000008000ff12 (0xfe043703) ld      a4, -32(s0)
core   0: 3 0x000000008000ff12 (0xfe043703) x14 0x000000008001208a mem 0x0000000080031f50
core   0: 0x000000008000ff16 (0xfcf76de3) bltu    a4, a5, pc - 38
core   0: 3 0x000000008000ff16 (0xfcf76de3)
core   0: 0x000000008000fef0 (0xfe043783) ld      a5, -32(s0)
core   0: 3 0x000000008000fef0 (0xfe043783) x15 0x000000008001208a mem 0x0000000080031f50
core   0: 0x000000008000fef4 (0x00178713) addi    a4, a5, 1
core   0: 3 0x000000008000fef4 (0x00178713) x14 0x000000008001208b
core   0: 0x000000008000fef8 (0xfee43023) sd      a4, -32(s0)
core   0: 3 0x000000008000fef8 (0xfee43023) mem 0x0000000080031f50 0x000000008001208b
core   0: 0x000000008000fefc (0xfc442703) lw      a4, -60(s0)
core   0: 3 0x000000008000fefc (0xfc442703) x14 0x0000000000000000 mem 0x0000000080031f34
core   0: 0x000000008000ff00 (0x0ff77713) andi    a4, a4, 255
core   0: 3 0x000000008000ff00 (0x0ff77713) x14 0x0000000000000000
core   0: 0x000000008000ff04 (0x00e78023) sb      a4, 0(a5)
core   0: 3 0x000000008000ff04 (0x00e78023) mem 0x000000008001208a 0x00
core   0: 0x000000008000ff08 (0xfc843703) ld      a4, -56(s0)
core   0: 3 0x000000008000ff08 (0xfc843703) x14 0x0000000080012040 mem 0x0000000080031f38
core   0: 0x000000008000ff0c (0xfb843783) ld      a5, -72(s0)
core   0: 3 0x000000008000ff0c (0xfb843783) x15 0x000000000000009c mem 0x0000000080031f28
core   0: 0x000000008000ff10 (0x000097ba) c.add   a5, a4
core   0: 3 0x000000008000ff10 (0x97ba) x15 0x00000000800120dc
core   0: 0x000000008000ff12 (0xfe043703) ld      a4, -32(s0)
core   0: 3 0x000000008000ff12 (0xfe043703) x14 0x000000008001208b mem 0x0000000080031f50
core   0: 0x000000008000ff16 (0xfcf76de3) bltu    a4, a5, pc - 38
core   0: 3 0x000000008000ff16 (0xfcf76de3)
core   0: 0x000000008000fef0 (0xfe043783) ld      a5, -32(s0)
core   0: 3 0x000000008000fef0 (0xfe043783) x15 0x000000008001208b mem 0x0000000080031f50
core   0: 0x000000008000fef4 (0x00178713) addi    a4, a5, 1
core   0: 3 0x000000008000fef4 (0x00178713) x14 0x000000008001208c
core   0: 0x000000008000fef8 (0xfee43023) sd      a4, -32(s0)
core   0: 3 0x000000008000fef8 (0xfee43023) mem 0x0000000080031f50 0x000000008001208c
core   0: 0x000000008000fefc (0xfc442703) lw      a4, -60(s0)
core   0: 3 0x000000008000fefc (0xfc442703) x14 0x0000000000000000 mem 0x0000000080031f34
core   0: 0x000000008000ff00 (0x0ff77713) andi    a4, a4, 255
core   0: 3 0x000000008000ff00 (0x0ff77713) x14 0x0000000000000000
core   0: 0x000000008000ff04 (0x00e78023) sb      a4, 0(a5)
core   0: 3 0x000000008000ff04 (0x00e78023) mem 0x000000008001208b 0x00
core   0: 0x000000008000ff08 (0xfc843703) ld      a4, -56(s0)
core   0: 3 0x000000008000ff08 (0xfc843703) x14 0x0000000080012040 mem 0x0000000080031f38
core   0: 0x000000008000ff0c (0xfb843783) ld      a5, -72(s0)
core   0: 3 0x000000008000ff0c (0xfb843783) x15 0x000000000000009c mem 0x0000000080031f28
core   0: 0x000000008000ff10 (0x000097ba) c.add   a5, a4
core   0: 3 0x000000008000ff10 (0x97ba) x15 0x00000000800120dc
core   0: 0x000000008000ff12 (0xfe043703) ld      a4, -32(s0)
core   0: 3 0x000000008000ff12 (0xfe043703) x14 0x000000008001208c mem 0x0000000080031f50
core   0: 0x000000008000ff16 (0xfcf76de3) bltu    a4, a5, pc - 38
core   0: 3 0x000000008000ff16 (0xfcf76de3)
core   0: 0x000000008000fef0 (0xfe043783) ld      a5, -32(s0)
core   0: 3 0x000000008000fef0 (0xfe043783) x15 0x000000008001208c mem 0x0000000080031f50
core   0: 0x000000008000fef4 (0x00178713) addi    a4, a5, 1
core   0: 3 0x000000008000fef4 (0x00178713) x14 0x000000008001208d
core   0: 0x000000008000fef8 (0xfee43023) sd      a4, -32(s0)
core   0: 3 0x000000008000fef8 (0xfee43023) mem 0x0000000080031f50 0x000000008001208d
core   0: 0x000000008000fefc (0xfc442703) lw      a4, -60(s0)
core   0: 3 0x000000008000fefc (0xfc442703) x14 0x0000000000000000 mem 0x0000000080031f34
core   0: 0x000000008000ff00 (0x0ff77713) andi    a4, a4, 255
core   0: 3 0x000000008000ff00 (0x0ff77713) x14 0x0000000000000000
core   0: 0x000000008000ff04 (0x00e78023) sb      a4, 0(a5)
core   0: 3 0x000000008000ff04 (0x00e78023) mem 0x000000008001208c 0x00
core   0: 0x000000008000ff08 (0xfc843703) ld      a4, -56(s0)
core   0: 3 0x000000008000ff08 (0xfc843703) x14 0x0000000080012040 mem 0x0000000080031f38
core   0: 0x000000008000ff0c (0xfb843783) ld      a5, -72(s0)
core   0: 3 0x000000008000ff0c (0xfb843783) x15 0x000000000000009c mem 0x0000000080031f28
core   0: 0x000000008000ff10 (0x000097ba) c.add   a5, a4
core   0: 3 0x000000008000ff10 (0x97ba) x15 0x00000000800120dc
core   0: 0x000000008000ff12 (0xfe043703) ld      a4, -32(s0)
core   0: 3 0x000000008000ff12 (0xfe043703) x14 0x000000008001208d mem 0x0000000080031f50
core   0: 0x000000008000ff16 (0xfcf76de3) bltu    a4, a5, pc - 38
core   0: 3 0x000000008000ff16 (0xfcf76de3)
core   0: 0x000000008000fef0 (0xfe043783) ld      a5, -32(s0)
core   0: 3 0x000000008000fef0 (0xfe043783) x15 0x000000008001208d mem 0x0000000080031f50
core   0: 0x000000008000fef4 (0x00178713) addi    a4, a5, 1
core   0: 3 0x000000008000fef4 (0x00178713) x14 0x000000008001208e
core   0: 0x000000008000fef8 (0xfee43023) sd      a4, -32(s0)
core   0: 3 0x000000008000fef8 (0xfee43023) mem 0x0000000080031f50 0x000000008001208e
core   0: 0x000000008000fefc (0xfc442703) lw      a4, -60(s0)
core   0: 3 0x000000008000fefc (0xfc442703) x14 0x0000000000000000 mem 0x0000000080031f34
core   0: 0x000000008000ff00 (0x0ff77713) andi    a4, a4, 255
core   0: 3 0x000000008000ff00 (0x0ff77713) x14 0x0000000000000000
core   0: 0x000000008000ff04 (0x00e78023) sb      a4, 0(a5)
core   0: 3 0x000000008000ff04 (0x00e78023) mem 0x000000008001208d 0x00
core   0: 0x000000008000ff08 (0xfc843703) ld      a4, -56(s0)
core   0: 3 0x000000008000ff08 (0xfc843703) x14 0x0000000080012040 mem 0x0000000080031f38
core   0: 0x000000008000ff0c (0xfb843783) ld      a5, -72(s0)
core   0: 3 0x000000008000ff0c (0xfb843783) x15 0x000000000000009c mem 0x0000000080031f28
core   0: 0x000000008000ff10 (0x000097ba) c.add   a5, a4
core   0: 3 0x000000008000ff10 (0x97ba) x15 0x00000000800120dc
core   0: 0x000000008000ff12 (0xfe043703) ld      a4, -32(s0)
core   0: 3 0x000000008000ff12 (0xfe043703) x14 0x000000008001208e mem 0x0000000080031f50
core   0: 0x000000008000ff16 (0xfcf76de3) bltu    a4, a5, pc - 38
core   0: 3 0x000000008000ff16 (0xfcf76de3)
core   0: 0x000000008000fef0 (0xfe043783) ld      a5, -32(s0)
core   0: 3 0x000000008000fef0 (0xfe043783) x15 0x000000008001208e mem 0x0000000080031f50
core   0: 0x000000008000fef4 (0x00178713) addi    a4, a5, 1
core   0: 3 0x000000008000fef4 (0x00178713) x14 0x000000008001208f
core   0: 0x000000008000fef8 (0xfee43023) sd      a4, -32(s0)
core   0: 3 0x000000008000fef8 (0xfee43023) mem 0x0000000080031f50 0x000000008001208f
core   0: 0x000000008000fefc (0xfc442703) lw      a4, -60(s0)
core   0: 3 0x000000008000fefc (0xfc442703) x14 0x0000000000000000 mem 0x0000000080031f34
core   0: 0x000000008000ff00 (0x0ff77713) andi    a4, a4, 255
core   0: 3 0x000000008000ff00 (0x0ff77713) x14 0x0000000000000000
core   0: 0x000000008000ff04 (0x00e78023) sb      a4, 0(a5)
core   0: 3 0x000000008000ff04 (0x00e78023) mem 0x000000008001208e 0x00
core   0: 0x000000008000ff08 (0xfc843703) ld      a4, -56(s0)
core   0: 3 0x000000008000ff08 (0xfc843703) x14 0x0000000080012040 mem 0x0000000080031f38
core   0: 0x000000008000ff0c (0xfb843783) ld      a5, -72(s0)
core   0: 3 0x000000008000ff0c (0xfb843783) x15 0x000000000000009c mem 0x0000000080031f28
core   0: 0x000000008000ff10 (0x000097ba) c.add   a5, a4
core   0: 3 0x000000008000ff10 (0x97ba) x15 0x00000000800120dc
core   0: 0x000000008000ff12 (0xfe043703) ld      a4, -32(s0)
core   0: 3 0x000000008000ff12 (0xfe043703) x14 0x000000008001208f mem 0x0000000080031f50
core   0: 0x000000008000ff16 (0xfcf76de3) bltu    a4, a5, pc - 38
core   0: 3 0x000000008000ff16 (0xfcf76de3)
core   0: 0x000000008000fef0 (0xfe043783) ld      a5, -32(s0)
core   0: 3 0x000000008000fef0 (0xfe043783) x15 0x000000008001208f mem 0x0000000080031f50
core   0: 0x000000008000fef4 (0x00178713) addi    a4, a5, 1
core   0: 3 0x000000008000fef4 (0x00178713) x14 0x0000000080012090
core   0: 0x000000008000fef8 (0xfee43023) sd      a4, -32(s0)
core   0: 3 0x000000008000fef8 (0xfee43023) mem 0x0000000080031f50 0x0000000080012090
core   0: 0x000000008000fefc (0xfc442703) lw      a4, -60(s0)
core   0: 3 0x000000008000fefc (0xfc442703) x14 0x0000000000000000 mem 0x0000000080031f34
core   0: 0x000000008000ff00 (0x0ff77713) andi    a4, a4, 255
core   0: 3 0x000000008000ff00 (0x0ff77713) x14 0x0000000000000000
core   0: 0x000000008000ff04 (0x00e78023) sb      a4, 0(a5)
core   0: 3 0x000000008000ff04 (0x00e78023) mem 0x000000008001208f 0x00
core   0: 0x000000008000ff08 (0xfc843703) ld      a4, -56(s0)
core   0: 3 0x000000008000ff08 (0xfc843703) x14 0x0000000080012040 mem 0x0000000080031f38
core   0: 0x000000008000ff0c (0xfb843783) ld      a5, -72(s0)
core   0: 3 0x000000008000ff0c (0xfb843783) x15 0x000000000000009c mem 0x0000000080031f28
core   0: 0x000000008000ff10 (0x000097ba) c.add   a5, a4
core   0: 3 0x000000008000ff10 (0x97ba) x15 0x00000000800120dc
core   0: 0x000000008000ff12 (0xfe043703) ld      a4, -32(s0)
core   0: 3 0x000000008000ff12 (0xfe043703) x14 0x0000000080012090 mem 0x0000000080031f50
core   0: 0x000000008000ff16 (0xfcf76de3) bltu    a4, a5, pc - 38
core   0: 3 0x000000008000ff16 (0xfcf76de3)
core   0: 0x000000008000fef0 (0xfe043783) ld      a5, -32(s0)
core   0: 3 0x000000008000fef0 (0xfe043783) x15 0x0000000080012090 mem 0x0000000080031f50
core   0: 0x000000008000fef4 (0x00178713) addi    a4, a5, 1
core   0: 3 0x000000008000fef4 (0x00178713) x14 0x0000000080012091
core   0: 0x000000008000fef8 (0xfee43023) sd      a4, -32(s0)
core   0: 3 0x000000008000fef8 (0xfee43023) mem 0x0000000080031f50 0x0000000080012091
core   0: 0x000000008000fefc (0xfc442703) lw      a4, -60(s0)
core   0: 3 0x000000008000fefc (0xfc442703) x14 0x0000000000000000 mem 0x0000000080031f34
core   0: 0x000000008000ff00 (0x0ff77713) andi    a4, a4, 255
core   0: 3 0x000000008000ff00 (0x0ff77713) x14 0x0000000000000000
core   0: 0x000000008000ff04 (0x00e78023) sb      a4, 0(a5)
core   0: 3 0x000000008000ff04 (0x00e78023) mem 0x0000000080012090 0x00
core   0: 0x000000008000ff08 (0xfc843703) ld      a4, -56(s0)
core   0: 3 0x000000008000ff08 (0xfc843703) x14 0x0000000080012040 mem 0x0000000080031f38
core   0: 0x000000008000ff0c (0xfb843783) ld      a5, -72(s0)
core   0: 3 0x000000008000ff0c (0xfb843783) x15 0x000000000000009c mem 0x0000000080031f28
core   0: 0x000000008000ff10 (0x000097ba) c.add   a5, a4
core   0: 3 0x000000008000ff10 (0x97ba) x15 0x00000000800120dc
core   0: 0x000000008000ff12 (0xfe043703) ld      a4, -32(s0)
core   0: 3 0x000000008000ff12 (0xfe043703) x14 0x0000000080012091 mem 0x0000000080031f50
core   0: 0x000000008000ff16 (0xfcf76de3) bltu    a4, a5, pc - 38
core   0: 3 0x000000008000ff16 (0xfcf76de3)
core   0: 0x000000008000fef0 (0xfe043783) ld      a5, -32(s0)
core   0: 3 0x000000008000fef0 (0xfe043783) x15 0x0000000080012091 mem 0x0000000080031f50
core   0: 0x000000008000fef4 (0x00178713) addi    a4, a5, 1
core   0: 3 0x000000008000fef4 (0x00178713) x14 0x0000000080012092
core   0: 0x000000008000fef8 (0xfee43023) sd      a4, -32(s0)
core   0: 3 0x000000008000fef8 (0xfee43023) mem 0x0000000080031f50 0x0000000080012092
core   0: 0x000000008000fefc (0xfc442703) lw      a4, -60(s0)
core   0: 3 0x000000008000fefc (0xfc442703) x14 0x0000000000000000 mem 0x0000000080031f34
core   0: 0x000000008000ff00 (0x0ff77713) andi    a4, a4, 255
core   0: 3 0x000000008000ff00 (0x0ff77713) x14 0x0000000000000000
core   0: 0x000000008000ff04 (0x00e78023) sb      a4, 0(a5)
core   0: 3 0x000000008000ff04 (0x00e78023) mem 0x0000000080012091 0x00
core   0: 0x000000008000ff08 (0xfc843703) ld      a4, -56(s0)
core   0: 3 0x000000008000ff08 (0xfc843703) x14 0x0000000080012040 mem 0x0000000080031f38
core   0: 0x000000008000ff0c (0xfb843783) ld      a5, -72(s0)
core   0: 3 0x000000008000ff0c (0xfb843783) x15 0x000000000000009c mem 0x0000000080031f28
core   0: 0x000000008000ff10 (0x000097ba) c.add   a5, a4
core   0: 3 0x000000008000ff10 (0x97ba) x15 0x00000000800120dc
core   0: 0x000000008000ff12 (0xfe043703) ld      a4, -32(s0)
core   0: 3 0x000000008000ff12 (0xfe043703) x14 0x0000000080012092 mem 0x0000000080031f50
core   0: 0x000000008000ff16 (0xfcf76de3) bltu    a4, a5, pc - 38
core   0: 3 0x000000008000ff16 (0xfcf76de3)
core   0: 0x000000008000fef0 (0xfe043783) ld      a5, -32(s0)
core   0: 3 0x000000008000fef0 (0xfe043783) x15 0x0000000080012092 mem 0x0000000080031f50
core   0: 0x000000008000fef4 (0x00178713) addi    a4, a5, 1
core   0: 3 0x000000008000fef4 (0x00178713) x14 0x0000000080012093
core   0: 0x000000008000fef8 (0xfee43023) sd      a4, -32(s0)
core   0: 3 0x000000008000fef8 (0xfee43023) mem 0x0000000080031f50 0x0000000080012093
core   0: 0x000000008000fefc (0xfc442703) lw      a4, -60(s0)
core   0: 3 0x000000008000fefc (0xfc442703) x14 0x0000000000000000 mem 0x0000000080031f34
core   0: 0x000000008000ff00 (0x0ff77713) andi    a4, a4, 255
core   0: 3 0x000000008000ff00 (0x0ff77713) x14 0x0000000000000000
core   0: 0x000000008000ff04 (0x00e78023) sb      a4, 0(a5)
core   0: 3 0x000000008000ff04 (0x00e78023) mem 0x0000000080012092 0x00
core   0: 0x000000008000ff08 (0xfc843703) ld      a4, -56(s0)
core   0: 3 0x000000008000ff08 (0xfc843703) x14 0x0000000080012040 mem 0x0000000080031f38
core   0: 0x000000008000ff0c (0xfb843783) ld      a5, -72(s0)
core   0: 3 0x000000008000ff0c (0xfb843783) x15 0x000000000000009c mem 0x0000000080031f28
core   0: 0x000000008000ff10 (0x000097ba) c.add   a5, a4
core   0: 3 0x000000008000ff10 (0x97ba) x15 0x00000000800120dc
core   0: 0x000000008000ff12 (0xfe043703) ld      a4, -32(s0)
core   0: 3 0x000000008000ff12 (0xfe043703) x14 0x0000000080012093 mem 0x0000000080031f50
core   0: 0x000000008000ff16 (0xfcf76de3) bltu    a4, a5, pc - 38
core   0: 3 0x000000008000ff16 (0xfcf76de3)
core   0: 0x000000008000fef0 (0xfe043783) ld      a5, -32(s0)
core   0: 3 0x000000008000fef0 (0xfe043783) x15 0x0000000080012093 mem 0x0000000080031f50
core   0: 0x000000008000fef4 (0x00178713) addi    a4, a5, 1
core   0: 3 0x000000008000fef4 (0x00178713) x14 0x0000000080012094
core   0: 0x000000008000fef8 (0xfee43023) sd      a4, -32(s0)
core   0: 3 0x000000008000fef8 (0xfee43023) mem 0x0000000080031f50 0x0000000080012094
core   0: 0x000000008000fefc (0xfc442703) lw      a4, -60(s0)
core   0: 3 0x000000008000fefc (0xfc442703) x14 0x0000000000000000 mem 0x0000000080031f34
core   0: 0x000000008000ff00 (0x0ff77713) andi    a4, a4, 255
core   0: 3 0x000000008000ff00 (0x0ff77713) x14 0x0000000000000000
core   0: 0x000000008000ff04 (0x00e78023) sb      a4, 0(a5)
core   0: 3 0x000000008000ff04 (0x00e78023) mem 0x0000000080012093 0x00
core   0: 0x000000008000ff08 (0xfc843703) ld      a4, -56(s0)
core   0: 3 0x000000008000ff08 (0xfc843703) x14 0x0000000080012040 mem 0x0000000080031f38
core   0: 0x000000008000ff0c (0xfb843783) ld      a5, -72(s0)
core   0: 3 0x000000008000ff0c (0xfb843783) x15 0x000000000000009c mem 0x0000000080031f28
core   0: 0x000000008000ff10 (0x000097ba) c.add   a5, a4
core   0: 3 0x000000008000ff10 (0x97ba) x15 0x00000000800120dc
core   0: 0x000000008000ff12 (0xfe043703) ld      a4, -32(s0)
core   0: 3 0x000000008000ff12 (0xfe043703) x14 0x0000000080012094 mem 0x0000000080031f50
core   0: 0x000000008000ff16 (0xfcf76de3) bltu    a4, a5, pc - 38
core   0: 3 0x000000008000ff16 (0xfcf76de3)
core   0: 0x000000008000fef0 (0xfe043783) ld      a5, -32(s0)
core   0: 3 0x000000008000fef0 (0xfe043783) x15 0x0000000080012094 mem 0x0000000080031f50
core   0: 0x000000008000fef4 (0x00178713) addi    a4, a5, 1
core   0: 3 0x000000008000fef4 (0x00178713) x14 0x0000000080012095
core   0: 0x000000008000fef8 (0xfee43023) sd      a4, -32(s0)
core   0: 3 0x000000008000fef8 (0xfee43023) mem 0x0000000080031f50 0x0000000080012095
core   0: 0x000000008000fefc (0xfc442703) lw      a4, -60(s0)
core   0: 3 0x000000008000fefc (0xfc442703) x14 0x0000000000000000 mem 0x0000000080031f34
core   0: 0x000000008000ff00 (0x0ff77713) andi    a4, a4, 255
core   0: 3 0x000000008000ff00 (0x0ff77713) x14 0x0000000000000000
core   0: 0x000000008000ff04 (0x00e78023) sb      a4, 0(a5)
core   0: 3 0x000000008000ff04 (0x00e78023) mem 0x0000000080012094 0x00
core   0: 0x000000008000ff08 (0xfc843703) ld      a4, -56(s0)
core   0: 3 0x000000008000ff08 (0xfc843703) x14 0x0000000080012040 mem 0x0000000080031f38
core   0: 0x000000008000ff0c (0xfb843783) ld      a5, -72(s0)
core   0: 3 0x000000008000ff0c (0xfb843783) x15 0x000000000000009c mem 0x0000000080031f28
core   0: 0x000000008000ff10 (0x000097ba) c.add   a5, a4
core   0: 3 0x000000008000ff10 (0x97ba) x15 0x00000000800120dc
core   0: 0x000000008000ff12 (0xfe043703) ld      a4, -32(s0)
core   0: 3 0x000000008000ff12 (0xfe043703) x14 0x0000000080012095 mem 0x0000000080031f50
core   0: 0x000000008000ff16 (0xfcf76de3) bltu    a4, a5, pc - 38
core   0: 3 0x000000008000ff16 (0xfcf76de3)
core   0: 0x000000008000fef0 (0xfe043783) ld      a5, -32(s0)
core   0: 3 0x000000008000fef0 (0xfe043783) x15 0x0000000080012095 mem 0x0000000080031f50
core   0: 0x000000008000fef4 (0x00178713) addi    a4, a5, 1
core   0: 3 0x000000008000fef4 (0x00178713) x14 0x0000000080012096
core   0: 0x000000008000fef8 (0xfee43023) sd      a4, -32(s0)
core   0: 3 0x000000008000fef8 (0xfee43023) mem 0x0000000080031f50 0x0000000080012096
core   0: 0x000000008000fefc (0xfc442703) lw      a4, -60(s0)
core   0: 3 0x000000008000fefc (0xfc442703) x14 0x0000000000000000 mem 0x0000000080031f34
core   0: 0x000000008000ff00 (0x0ff77713) andi    a4, a4, 255
core   0: 3 0x000000008000ff00 (0x0ff77713) x14 0x0000000000000000
core   0: 0x000000008000ff04 (0x00e78023) sb      a4, 0(a5)
core   0: 3 0x000000008000ff04 (0x00e78023) mem 0x0000000080012095 0x00
core   0: 0x000000008000ff08 (0xfc843703) ld      a4, -56(s0)
core   0: 3 0x000000008000ff08 (0xfc843703) x14 0x0000000080012040 mem 0x0000000080031f38
core   0: 0x000000008000ff0c (0xfb843783) ld      a5, -72(s0)
core   0: 3 0x000000008000ff0c (0xfb843783) x15 0x000000000000009c mem 0x0000000080031f28
core   0: 0x000000008000ff10 (0x000097ba) c.add   a5, a4
core   0: 3 0x000000008000ff10 (0x97ba) x15 0x00000000800120dc
core   0: 0x000000008000ff12 (0xfe043703) ld      a4, -32(s0)
core   0: 3 0x000000008000ff12 (0xfe043703) x14 0x0000000080012096 mem 0x0000000080031f50
core   0: 0x000000008000ff16 (0xfcf76de3) bltu    a4, a5, pc - 38
core   0: 3 0x000000008000ff16 (0xfcf76de3)
core   0: 0x000000008000fef0 (0xfe043783) ld      a5, -32(s0)
core   0: 3 0x000000008000fef0 (0xfe043783) x15 0x0000000080012096 mem 0x0000000080031f50
core   0: 0x000000008000fef4 (0x00178713) addi    a4, a5, 1
core   0: 3 0x000000008000fef4 (0x00178713) x14 0x0000000080012097
core   0: 0x000000008000fef8 (0xfee43023) sd      a4, -32(s0)
core   0: 3 0x000000008000fef8 (0xfee43023) mem 0x0000000080031f50 0x0000000080012097
core   0: 0x000000008000fefc (0xfc442703) lw      a4, -60(s0)
core   0: 3 0x000000008000fefc (0xfc442703) x14 0x0000000000000000 mem 0x0000000080031f34
core   0: 0x000000008000ff00 (0x0ff77713) andi    a4, a4, 255
core   0: 3 0x000000008000ff00 (0x0ff77713) x14 0x0000000000000000
core   0: 0x000000008000ff04 (0x00e78023) sb      a4, 0(a5)
core   0: 3 0x000000008000ff04 (0x00e78023) mem 0x0000000080012096 0x00
core   0: 0x000000008000ff08 (0xfc843703) ld      a4, -56(s0)
core   0: 3 0x000000008000ff08 (0xfc843703) x14 0x0000000080012040 mem 0x0000000080031f38
core   0: 0x000000008000ff0c (0xfb843783) ld      a5, -72(s0)
core   0: 3 0x000000008000ff0c (0xfb843783) x15 0x000000000000009c mem 0x0000000080031f28
core   0: 0x000000008000ff10 (0x000097ba) c.add   a5, a4
core   0: 3 0x000000008000ff10 (0x97ba) x15 0x00000000800120dc
core   0: 0x000000008000ff12 (0xfe043703) ld      a4, -32(s0)
core   0: 3 0x000000008000ff12 (0xfe043703) x14 0x0000000080012097 mem 0x0000000080031f50
core   0: 0x000000008000ff16 (0xfcf76de3) bltu    a4, a5, pc - 38
core   0: 3 0x000000008000ff16 (0xfcf76de3)
core   0: 0x000000008000fef0 (0xfe043783) ld      a5, -32(s0)
core   0: 3 0x000000008000fef0 (0xfe043783) x15 0x0000000080012097 mem 0x0000000080031f50
core   0: 0x000000008000fef4 (0x00178713) addi    a4, a5, 1
core   0: 3 0x000000008000fef4 (0x00178713) x14 0x0000000080012098
core   0: 0x000000008000fef8 (0xfee43023) sd      a4, -32(s0)
core   0: 3 0x000000008000fef8 (0xfee43023) mem 0x0000000080031f50 0x0000000080012098
core   0: 0x000000008000fefc (0xfc442703) lw      a4, -60(s0)
core   0: 3 0x000000008000fefc (0xfc442703) x14 0x0000000000000000 mem 0x0000000080031f34
core   0: 0x000000008000ff00 (0x0ff77713) andi    a4, a4, 255
core   0: 3 0x000000008000ff00 (0x0ff77713) x14 0x0000000000000000
core   0: 0x000000008000ff04 (0x00e78023) sb      a4, 0(a5)
core   0: 3 0x000000008000ff04 (0x00e78023) mem 0x0000000080012097 0x00
core   0: 0x000000008000ff08 (0xfc843703) ld      a4, -56(s0)
core   0: 3 0x000000008000ff08 (0xfc843703) x14 0x0000000080012040 mem 0x0000000080031f38
core   0: 0x000000008000ff0c (0xfb843783) ld      a5, -72(s0)
core   0: 3 0x000000008000ff0c (0xfb843783) x15 0x000000000000009c mem 0x0000000080031f28
core   0: 0x000000008000ff10 (0x000097ba) c.add   a5, a4
core   0: 3 0x000000008000ff10 (0x97ba) x15 0x00000000800120dc
core   0: 0x000000008000ff12 (0xfe043703) ld      a4, -32(s0)
core   0: 3 0x000000008000ff12 (0xfe043703) x14 0x0000000080012098 mem 0x0000000080031f50
core   0: 0x000000008000ff16 (0xfcf76de3) bltu    a4, a5, pc - 38
core   0: 3 0x000000008000ff16 (0xfcf76de3)
core   0: 0x000000008000fef0 (0xfe043783) ld      a5, -32(s0)
core   0: 3 0x000000008000fef0 (0xfe043783) x15 0x0000000080012098 mem 0x0000000080031f50
core   0: 0x000000008000fef4 (0x00178713) addi    a4, a5, 1
core   0: 3 0x000000008000fef4 (0x00178713) x14 0x0000000080012099
core   0: 0x000000008000fef8 (0xfee43023) sd      a4, -32(s0)
core   0: 3 0x000000008000fef8 (0xfee43023) mem 0x0000000080031f50 0x0000000080012099
core   0: 0x000000008000fefc (0xfc442703) lw      a4, -60(s0)
core   0: 3 0x000000008000fefc (0xfc442703) x14 0x0000000000000000 mem 0x0000000080031f34
core   0: 0x000000008000ff00 (0x0ff77713) andi    a4, a4, 255
core   0: 3 0x000000008000ff00 (0x0ff77713) x14 0x0000000000000000
core   0: 0x000000008000ff04 (0x00e78023) sb      a4, 0(a5)
core   0: 3 0x000000008000ff04 (0x00e78023) mem 0x0000000080012098 0x00
core   0: 0x000000008000ff08 (0xfc843703) ld      a4, -56(s0)
core   0: 3 0x000000008000ff08 (0xfc843703) x14 0x0000000080012040 mem 0x0000000080031f38
core   0: 0x000000008000ff0c (0xfb843783) ld      a5, -72(s0)
core   0: 3 0x000000008000ff0c (0xfb843783) x15 0x000000000000009c mem 0x0000000080031f28
core   0: 0x000000008000ff10 (0x000097ba) c.add   a5, a4
core   0: 3 0x000000008000ff10 (0x97ba) x15 0x00000000800120dc
core   0: 0x000000008000ff12 (0xfe043703) ld      a4, -32(s0)
core   0: 3 0x000000008000ff12 (0xfe043703) x14 0x0000000080012099 mem 0x0000000080031f50
core   0: 0x000000008000ff16 (0xfcf76de3) bltu    a4, a5, pc - 38
core   0: 3 0x000000008000ff16 (0xfcf76de3)
core   0: 0x000000008000fef0 (0xfe043783) ld      a5, -32(s0)
core   0: 3 0x000000008000fef0 (0xfe043783) x15 0x0000000080012099 mem 0x0000000080031f50
core   0: 0x000000008000fef4 (0x00178713) addi    a4, a5, 1
core   0: 3 0x000000008000fef4 (0x00178713) x14 0x000000008001209a
core   0: 0x000000008000fef8 (0xfee43023) sd      a4, -32(s0)
core   0: 3 0x000000008000fef8 (0xfee43023) mem 0x0000000080031f50 0x000000008001209a
core   0: 0x000000008000fefc (0xfc442703) lw      a4, -60(s0)
core   0: 3 0x000000008000fefc (0xfc442703) x14 0x0000000000000000 mem 0x0000000080031f34
core   0: 0x000000008000ff00 (0x0ff77713) andi    a4, a4, 255
core   0: 3 0x000000008000ff00 (0x0ff77713) x14 0x0000000000000000
core   0: 0x000000008000ff04 (0x00e78023) sb      a4, 0(a5)
core   0: 3 0x000000008000ff04 (0x00e78023) mem 0x0000000080012099 0x00
core   0: 0x000000008000ff08 (0xfc843703) ld      a4, -56(s0)
core   0: 3 0x000000008000ff08 (0xfc843703) x14 0x0000000080012040 mem 0x0000000080031f38
core   0: 0x000000008000ff0c (0xfb843783) ld      a5, -72(s0)
core   0: 3 0x000000008000ff0c (0xfb843783) x15 0x000000000000009c mem 0x0000000080031f28
core   0: 0x000000008000ff10 (0x000097ba) c.add   a5, a4
core   0: 3 0x000000008000ff10 (0x97ba) x15 0x00000000800120dc
core   0: 0x000000008000ff12 (0xfe043703) ld      a4, -32(s0)
core   0: 3 0x000000008000ff12 (0xfe043703) x14 0x000000008001209a mem 0x0000000080031f50
core   0: 0x000000008000ff16 (0xfcf76de3) bltu    a4, a5, pc - 38
core   0: 3 0x000000008000ff16 (0xfcf76de3)
core   0: 0x000000008000fef0 (0xfe043783) ld      a5, -32(s0)
core   0: 3 0x000000008000fef0 (0xfe043783) x15 0x000000008001209a mem 0x0000000080031f50
core   0: 0x000000008000fef4 (0x00178713) addi    a4, a5, 1
core   0: 3 0x000000008000fef4 (0x00178713) x14 0x000000008001209b
core   0: 0x000000008000fef8 (0xfee43023) sd      a4, -32(s0)
core   0: 3 0x000000008000fef8 (0xfee43023) mem 0x0000000080031f50 0x000000008001209b
core   0: 0x000000008000fefc (0xfc442703) lw      a4, -60(s0)
core   0: 3 0x000000008000fefc (0xfc442703) x14 0x0000000000000000 mem 0x0000000080031f34
core   0: 0x000000008000ff00 (0x0ff77713) andi    a4, a4, 255
core   0: 3 0x000000008000ff00 (0x0ff77713) x14 0x0000000000000000
core   0: 0x000000008000ff04 (0x00e78023) sb      a4, 0(a5)
core   0: 3 0x000000008000ff04 (0x00e78023) mem 0x000000008001209a 0x00
core   0: 0x000000008000ff08 (0xfc843703) ld      a4, -56(s0)
core   0: 3 0x000000008000ff08 (0xfc843703) x14 0x0000000080012040 mem 0x0000000080031f38
core   0: 0x000000008000ff0c (0xfb843783) ld      a5, -72(s0)
core   0: 3 0x000000008000ff0c (0xfb843783) x15 0x000000000000009c mem 0x0000000080031f28
core   0: 0x000000008000ff10 (0x000097ba) c.add   a5, a4
core   0: 3 0x000000008000ff10 (0x97ba) x15 0x00000000800120dc
core   0: 0x000000008000ff12 (0xfe043703) ld      a4, -32(s0)
core   0: 3 0x000000008000ff12 (0xfe043703) x14 0x000000008001209b mem 0x0000000080031f50
core   0: 0x000000008000ff16 (0xfcf76de3) bltu    a4, a5, pc - 38
core   0: 3 0x000000008000ff16 (0xfcf76de3)
core   0: 0x000000008000fef0 (0xfe043783) ld      a5, -32(s0)
core   0: 3 0x000000008000fef0 (0xfe043783) x15 0x000000008001209b mem 0x0000000080031f50
core   0: 0x000000008000fef4 (0x00178713) addi    a4, a5, 1
core   0: 3 0x000000008000fef4 (0x00178713) x14 0x000000008001209c
core   0: 0x000000008000fef8 (0xfee43023) sd      a4, -32(s0)
core   0: 3 0x000000008000fef8 (0xfee43023) mem 0x0000000080031f50 0x000000008001209c
core   0: 0x000000008000fefc (0xfc442703) lw      a4, -60(s0)
core   0: 3 0x000000008000fefc (0xfc442703) x14 0x0000000000000000 mem 0x0000000080031f34
core   0: 0x000000008000ff00 (0x0ff77713) andi    a4, a4, 255
core   0: 3 0x000000008000ff00 (0x0ff77713) x14 0x0000000000000000
core   0: 0x000000008000ff04 (0x00e78023) sb      a4, 0(a5)
core   0: 3 0x000000008000ff04 (0x00e78023) mem 0x000000008001209b 0x00
core   0: 0x000000008000ff08 (0xfc843703) ld      a4, -56(s0)
core   0: 3 0x000000008000ff08 (0xfc843703) x14 0x0000000080012040 mem 0x0000000080031f38
core   0: 0x000000008000ff0c (0xfb843783) ld      a5, -72(s0)
core   0: 3 0x000000008000ff0c (0xfb843783) x15 0x000000000000009c mem 0x0000000080031f28
core   0: 0x000000008000ff10 (0x000097ba) c.add   a5, a4
core   0: 3 0x000000008000ff10 (0x97ba) x15 0x00000000800120dc
core   0: 0x000000008000ff12 (0xfe043703) ld      a4, -32(s0)
core   0: 3 0x000000008000ff12 (0xfe043703) x14 0x000000008001209c mem 0x0000000080031f50
core   0: 0x000000008000ff16 (0xfcf76de3) bltu    a4, a5, pc - 38
core   0: 3 0x000000008000ff16 (0xfcf76de3)
core   0: 0x000000008000fef0 (0xfe043783) ld      a5, -32(s0)
core   0: 3 0x000000008000fef0 (0xfe043783) x15 0x000000008001209c mem 0x0000000080031f50
core   0: 0x000000008000fef4 (0x00178713) addi    a4, a5, 1
core   0: 3 0x000000008000fef4 (0x00178713) x14 0x000000008001209d
core   0: 0x000000008000fef8 (0xfee43023) sd      a4, -32(s0)
core   0: 3 0x000000008000fef8 (0xfee43023) mem 0x0000000080031f50 0x000000008001209d
core   0: 0x000000008000fefc (0xfc442703) lw      a4, -60(s0)
core   0: 3 0x000000008000fefc (0xfc442703) x14 0x0000000000000000 mem 0x0000000080031f34
core   0: 0x000000008000ff00 (0x0ff77713) andi    a4, a4, 255
core   0: 3 0x000000008000ff00 (0x0ff77713) x14 0x0000000000000000
core   0: 0x000000008000ff04 (0x00e78023) sb      a4, 0(a5)
core   0: 3 0x000000008000ff04 (0x00e78023) mem 0x000000008001209c 0x00
core   0: 0x000000008000ff08 (0xfc843703) ld      a4, -56(s0)
core   0: 3 0x000000008000ff08 (0xfc843703) x14 0x0000000080012040 mem 0x0000000080031f38
core   0: 0x000000008000ff0c (0xfb843783) ld      a5, -72(s0)
core   0: 3 0x000000008000ff0c (0xfb843783) x15 0x000000000000009c mem 0x0000000080031f28
core   0: 0x000000008000ff10 (0x000097ba) c.add   a5, a4
core   0: 3 0x000000008000ff10 (0x97ba) x15 0x00000000800120dc
core   0: 0x000000008000ff12 (0xfe043703) ld      a4, -32(s0)
core   0: 3 0x000000008000ff12 (0xfe043703) x14 0x000000008001209d mem 0x0000000080031f50
core   0: 0x000000008000ff16 (0xfcf76de3) bltu    a4, a5, pc - 38
core   0: 3 0x000000008000ff16 (0xfcf76de3)
core   0: 0x000000008000fef0 (0xfe043783) ld      a5, -32(s0)
core   0: 3 0x000000008000fef0 (0xfe043783) x15 0x000000008001209d mem 0x0000000080031f50
core   0: 0x000000008000fef4 (0x00178713) addi    a4, a5, 1
core   0: 3 0x000000008000fef4 (0x00178713) x14 0x000000008001209e
core   0: 0x000000008000fef8 (0xfee43023) sd      a4, -32(s0)
core   0: 3 0x000000008000fef8 (0xfee43023) mem 0x0000000080031f50 0x000000008001209e
core   0: 0x000000008000fefc (0xfc442703) lw      a4, -60(s0)
core   0: 3 0x000000008000fefc (0xfc442703) x14 0x0000000000000000 mem 0x0000000080031f34
core   0: 0x000000008000ff00 (0x0ff77713) andi    a4, a4, 255
core   0: 3 0x000000008000ff00 (0x0ff77713) x14 0x0000000000000000
core   0: 0x000000008000ff04 (0x00e78023) sb      a4, 0(a5)
core   0: 3 0x000000008000ff04 (0x00e78023) mem 0x000000008001209d 0x00
core   0: 0x000000008000ff08 (0xfc843703) ld      a4, -56(s0)
core   0: 3 0x000000008000ff08 (0xfc843703) x14 0x0000000080012040 mem 0x0000000080031f38
core   0: 0x000000008000ff0c (0xfb843783) ld      a5, -72(s0)
core   0: 3 0x000000008000ff0c (0xfb843783) x15 0x000000000000009c mem 0x0000000080031f28
core   0: 0x000000008000ff10 (0x000097ba) c.add   a5, a4
core   0: 3 0x000000008000ff10 (0x97ba) x15 0x00000000800120dc
core   0: 0x000000008000ff12 (0xfe043703) ld      a4, -32(s0)
core   0: 3 0x000000008000ff12 (0xfe043703) x14 0x000000008001209e mem 0x0000000080031f50
core   0: 0x000000008000ff16 (0xfcf76de3) bltu    a4, a5, pc - 38
core   0: 3 0x000000008000ff16 (0xfcf76de3)
core   0: 0x000000008000fef0 (0xfe043783) ld      a5, -32(s0)
core   0: 3 0x000000008000fef0 (0xfe043783) x15 0x000000008001209e mem 0x0000000080031f50
core   0: 0x000000008000fef4 (0x00178713) addi    a4, a5, 1
core   0: 3 0x000000008000fef4 (0x00178713) x14 0x000000008001209f
core   0: 0x000000008000fef8 (0xfee43023) sd      a4, -32(s0)
core   0: 3 0x000000008000fef8 (0xfee43023) mem 0x0000000080031f50 0x000000008001209f
core   0: 0x000000008000fefc (0xfc442703) lw      a4, -60(s0)
core   0: 3 0x000000008000fefc (0xfc442703) x14 0x0000000000000000 mem 0x0000000080031f34
core   0: 0x000000008000ff00 (0x0ff77713) andi    a4, a4, 255
core   0: 3 0x000000008000ff00 (0x0ff77713) x14 0x0000000000000000
core   0: 0x000000008000ff04 (0x00e78023) sb      a4, 0(a5)
core   0: 3 0x000000008000ff04 (0x00e78023) mem 0x000000008001209e 0x00
core   0: 0x000000008000ff08 (0xfc843703) ld      a4, -56(s0)
core   0: 3 0x000000008000ff08 (0xfc843703) x14 0x0000000080012040 mem 0x0000000080031f38
core   0: 0x000000008000ff0c (0xfb843783) ld      a5, -72(s0)
core   0: 3 0x000000008000ff0c (0xfb843783) x15 0x000000000000009c mem 0x0000000080031f28
core   0: 0x000000008000ff10 (0x000097ba) c.add   a5, a4
core   0: 3 0x000000008000ff10 (0x97ba) x15 0x00000000800120dc
core   0: 0x000000008000ff12 (0xfe043703) ld      a4, -32(s0)
core   0: 3 0x000000008000ff12 (0xfe043703) x14 0x000000008001209f mem 0x0000000080031f50
core   0: 0x000000008000ff16 (0xfcf76de3) bltu    a4, a5, pc - 38
core   0: 3 0x000000008000ff16 (0xfcf76de3)
core   0: 0x000000008000fef0 (0xfe043783) ld      a5, -32(s0)
core   0: 3 0x000000008000fef0 (0xfe043783) x15 0x000000008001209f mem 0x0000000080031f50
core   0: 0x000000008000fef4 (0x00178713) addi    a4, a5, 1
core   0: 3 0x000000008000fef4 (0x00178713) x14 0x00000000800120a0
core   0: 0x000000008000fef8 (0xfee43023) sd      a4, -32(s0)
core   0: 3 0x000000008000fef8 (0xfee43023) mem 0x0000000080031f50 0x00000000800120a0
core   0: 0x000000008000fefc (0xfc442703) lw      a4, -60(s0)
core   0: 3 0x000000008000fefc (0xfc442703) x14 0x0000000000000000 mem 0x0000000080031f34
core   0: 0x000000008000ff00 (0x0ff77713) andi    a4, a4, 255
core   0: 3 0x000000008000ff00 (0x0ff77713) x14 0x0000000000000000
core   0: 0x000000008000ff04 (0x00e78023) sb      a4, 0(a5)
core   0: 3 0x000000008000ff04 (0x00e78023) mem 0x000000008001209f 0x00
core   0: 0x000000008000ff08 (0xfc843703) ld      a4, -56(s0)
core   0: 3 0x000000008000ff08 (0xfc843703) x14 0x0000000080012040 mem 0x0000000080031f38
core   0: 0x000000008000ff0c (0xfb843783) ld      a5, -72(s0)
core   0: 3 0x000000008000ff0c (0xfb843783) x15 0x000000000000009c mem 0x0000000080031f28
core   0: 0x000000008000ff10 (0x000097ba) c.add   a5, a4
core   0: 3 0x000000008000ff10 (0x97ba) x15 0x00000000800120dc
core   0: 0x000000008000ff12 (0xfe043703) ld      a4, -32(s0)
core   0: 3 0x000000008000ff12 (0xfe043703) x14 0x00000000800120a0 mem 0x0000000080031f50
core   0: 0x000000008000ff16 (0xfcf76de3) bltu    a4, a5, pc - 38
core   0: 3 0x000000008000ff16 (0xfcf76de3)
core   0: 0x000000008000fef0 (0xfe043783) ld      a5, -32(s0)
core   0: 3 0x000000008000fef0 (0xfe043783) x15 0x00000000800120a0 mem 0x0000000080031f50
core   0: 0x000000008000fef4 (0x00178713) addi    a4, a5, 1
core   0: 3 0x000000008000fef4 (0x00178713) x14 0x00000000800120a1
core   0: 0x000000008000fef8 (0xfee43023) sd      a4, -32(s0)
core   0: 3 0x000000008000fef8 (0xfee43023) mem 0x0000000080031f50 0x00000000800120a1
core   0: 0x000000008000fefc (0xfc442703) lw      a4, -60(s0)
core   0: 3 0x000000008000fefc (0xfc442703) x14 0x0000000000000000 mem 0x0000000080031f34
core   0: 0x000000008000ff00 (0x0ff77713) andi    a4, a4, 255
core   0: 3 0x000000008000ff00 (0x0ff77713) x14 0x0000000000000000
core   0: 0x000000008000ff04 (0x00e78023) sb      a4, 0(a5)
core   0: 3 0x000000008000ff04 (0x00e78023) mem 0x00000000800120a0 0x00
core   0: 0x000000008000ff08 (0xfc843703) ld      a4, -56(s0)
core   0: 3 0x000000008000ff08 (0xfc843703) x14 0x0000000080012040 mem 0x0000000080031f38
core   0: 0x000000008000ff0c (0xfb843783) ld      a5, -72(s0)
core   0: 3 0x000000008000ff0c (0xfb843783) x15 0x000000000000009c mem 0x0000000080031f28
core   0: 0x000000008000ff10 (0x000097ba) c.add   a5, a4
core   0: 3 0x000000008000ff10 (0x97ba) x15 0x00000000800120dc
core   0: 0x000000008000ff12 (0xfe043703) ld      a4, -32(s0)
core   0: 3 0x000000008000ff12 (0xfe043703) x14 0x00000000800120a1 mem 0x0000000080031f50
core   0: 0x000000008000ff16 (0xfcf76de3) bltu    a4, a5, pc - 38
core   0: 3 0x000000008000ff16 (0xfcf76de3)
core   0: 0x000000008000fef0 (0xfe043783) ld      a5, -32(s0)
core   0: 3 0x000000008000fef0 (0xfe043783) x15 0x00000000800120a1 mem 0x0000000080031f50
core   0: 0x000000008000fef4 (0x00178713) addi    a4, a5, 1
core   0: 3 0x000000008000fef4 (0x00178713) x14 0x00000000800120a2
core   0: 0x000000008000fef8 (0xfee43023) sd      a4, -32(s0)
core   0: 3 0x000000008000fef8 (0xfee43023) mem 0x0000000080031f50 0x00000000800120a2
core   0: 0x000000008000fefc (0xfc442703) lw      a4, -60(s0)
core   0: 3 0x000000008000fefc (0xfc442703) x14 0x0000000000000000 mem 0x0000000080031f34
core   0: 0x000000008000ff00 (0x0ff77713) andi    a4, a4, 255
core   0: 3 0x000000008000ff00 (0x0ff77713) x14 0x0000000000000000
core   0: 0x000000008000ff04 (0x00e78023) sb      a4, 0(a5)
core   0: 3 0x000000008000ff04 (0x00e78023) mem 0x00000000800120a1 0x00
core   0: 0x000000008000ff08 (0xfc843703) ld      a4, -56(s0)
core   0: 3 0x000000008000ff08 (0xfc843703) x14 0x0000000080012040 mem 0x0000000080031f38
core   0: 0x000000008000ff0c (0xfb843783) ld      a5, -72(s0)
core   0: 3 0x000000008000ff0c (0xfb843783) x15 0x000000000000009c mem 0x0000000080031f28
core   0: 0x000000008000ff10 (0x000097ba) c.add   a5, a4
core   0: 3 0x000000008000ff10 (0x97ba) x15 0x00000000800120dc
core   0: 0x000000008000ff12 (0xfe043703) ld      a4, -32(s0)
core   0: 3 0x000000008000ff12 (0xfe043703) x14 0x00000000800120a2 mem 0x0000000080031f50
core   0: 0x000000008000ff16 (0xfcf76de3) bltu    a4, a5, pc - 38
core   0: 3 0x000000008000ff16 (0xfcf76de3)
core   0: 0x000000008000fef0 (0xfe043783) ld      a5, -32(s0)
core   0: 3 0x000000008000fef0 (0xfe043783) x15 0x00000000800120a2 mem 0x0000000080031f50
core   0: 0x000000008000fef4 (0x00178713) addi    a4, a5, 1
core   0: 3 0x000000008000fef4 (0x00178713) x14 0x00000000800120a3
core   0: 0x000000008000fef8 (0xfee43023) sd      a4, -32(s0)
core   0: 3 0x000000008000fef8 (0xfee43023) mem 0x0000000080031f50 0x00000000800120a3
core   0: 0x000000008000fefc (0xfc442703) lw      a4, -60(s0)
core   0: 3 0x000000008000fefc (0xfc442703) x14 0x0000000000000000 mem 0x0000000080031f34
core   0: 0x000000008000ff00 (0x0ff77713) andi    a4, a4, 255
core   0: 3 0x000000008000ff00 (0x0ff77713) x14 0x0000000000000000
core   0: 0x000000008000ff04 (0x00e78023) sb      a4, 0(a5)
core   0: 3 0x000000008000ff04 (0x00e78023) mem 0x00000000800120a2 0x00
core   0: 0x000000008000ff08 (0xfc843703) ld      a4, -56(s0)
core   0: 3 0x000000008000ff08 (0xfc843703) x14 0x0000000080012040 mem 0x0000000080031f38
core   0: 0x000000008000ff0c (0xfb843783) ld      a5, -72(s0)
core   0: 3 0x000000008000ff0c (0xfb843783) x15 0x000000000000009c mem 0x0000000080031f28
core   0: 0x000000008000ff10 (0x000097ba) c.add   a5, a4
core   0: 3 0x000000008000ff10 (0x97ba) x15 0x00000000800120dc
core   0: 0x000000008000ff12 (0xfe043703) ld      a4, -32(s0)
core   0: 3 0x000000008000ff12 (0xfe043703) x14 0x00000000800120a3 mem 0x0000000080031f50
core   0: 0x000000008000ff16 (0xfcf76de3) bltu    a4, a5, pc - 38
core   0: 3 0x000000008000ff16 (0xfcf76de3)
core   0: 0x000000008000fef0 (0xfe043783) ld      a5, -32(s0)
core   0: 3 0x000000008000fef0 (0xfe043783) x15 0x00000000800120a3 mem 0x0000000080031f50
core   0: 0x000000008000fef4 (0x00178713) addi    a4, a5, 1
core   0: 3 0x000000008000fef4 (0x00178713) x14 0x00000000800120a4
core   0: 0x000000008000fef8 (0xfee43023) sd      a4, -32(s0)
core   0: 3 0x000000008000fef8 (0xfee43023) mem 0x0000000080031f50 0x00000000800120a4
core   0: 0x000000008000fefc (0xfc442703) lw      a4, -60(s0)
core   0: 3 0x000000008000fefc (0xfc442703) x14 0x0000000000000000 mem 0x0000000080031f34
core   0: 0x000000008000ff00 (0x0ff77713) andi    a4, a4, 255
core   0: 3 0x000000008000ff00 (0x0ff77713) x14 0x0000000000000000
core   0: 0x000000008000ff04 (0x00e78023) sb      a4, 0(a5)
core   0: 3 0x000000008000ff04 (0x00e78023) mem 0x00000000800120a3 0x00
core   0: 0x000000008000ff08 (0xfc843703) ld      a4, -56(s0)
core   0: 3 0x000000008000ff08 (0xfc843703) x14 0x0000000080012040 mem 0x0000000080031f38
core   0: 0x000000008000ff0c (0xfb843783) ld      a5, -72(s0)
core   0: 3 0x000000008000ff0c (0xfb843783) x15 0x000000000000009c mem 0x0000000080031f28
core   0: 0x000000008000ff10 (0x000097ba) c.add   a5, a4
core   0: 3 0x000000008000ff10 (0x97ba) x15 0x00000000800120dc
core   0: 0x000000008000ff12 (0xfe043703) ld      a4, -32(s0)
core   0: 3 0x000000008000ff12 (0xfe043703) x14 0x00000000800120a4 mem 0x0000000080031f50
core   0: 0x000000008000ff16 (0xfcf76de3) bltu    a4, a5, pc - 38
core   0: 3 0x000000008000ff16 (0xfcf76de3)
core   0: 0x000000008000fef0 (0xfe043783) ld      a5, -32(s0)
core   0: 3 0x000000008000fef0 (0xfe043783) x15 0x00000000800120a4 mem 0x0000000080031f50
core   0: 0x000000008000fef4 (0x00178713) addi    a4, a5, 1
core   0: 3 0x000000008000fef4 (0x00178713) x14 0x00000000800120a5
core   0: 0x000000008000fef8 (0xfee43023) sd      a4, -32(s0)
core   0: 3 0x000000008000fef8 (0xfee43023) mem 0x0000000080031f50 0x00000000800120a5
core   0: 0x000000008000fefc (0xfc442703) lw      a4, -60(s0)
core   0: 3 0x000000008000fefc (0xfc442703) x14 0x0000000000000000 mem 0x0000000080031f34
core   0: 0x000000008000ff00 (0x0ff77713) andi    a4, a4, 255
core   0: 3 0x000000008000ff00 (0x0ff77713) x14 0x0000000000000000
core   0: 0x000000008000ff04 (0x00e78023) sb      a4, 0(a5)
core   0: 3 0x000000008000ff04 (0x00e78023) mem 0x00000000800120a4 0x00
core   0: 0x000000008000ff08 (0xfc843703) ld      a4, -56(s0)
core   0: 3 0x000000008000ff08 (0xfc843703) x14 0x0000000080012040 mem 0x0000000080031f38
core   0: 0x000000008000ff0c (0xfb843783) ld      a5, -72(s0)
core   0: 3 0x000000008000ff0c (0xfb843783) x15 0x000000000000009c mem 0x0000000080031f28
core   0: 0x000000008000ff10 (0x000097ba) c.add   a5, a4
core   0: 3 0x000000008000ff10 (0x97ba) x15 0x00000000800120dc
core   0: 0x000000008000ff12 (0xfe043703) ld      a4, -32(s0)
core   0: 3 0x000000008000ff12 (0xfe043703) x14 0x00000000800120a5 mem 0x0000000080031f50
core   0: 0x000000008000ff16 (0xfcf76de3) bltu    a4, a5, pc - 38
core   0: 3 0x000000008000ff16 (0xfcf76de3)
core   0: 0x000000008000fef0 (0xfe043783) ld      a5, -32(s0)
core   0: 3 0x000000008000fef0 (0xfe043783) x15 0x00000000800120a5 mem 0x0000000080031f50
core   0: 0x000000008000fef4 (0x00178713) addi    a4, a5, 1
core   0: 3 0x000000008000fef4 (0x00178713) x14 0x00000000800120a6
core   0: 0x000000008000fef8 (0xfee43023) sd      a4, -32(s0)
core   0: 3 0x000000008000fef8 (0xfee43023) mem 0x0000000080031f50 0x00000000800120a6
core   0: 0x000000008000fefc (0xfc442703) lw      a4, -60(s0)
core   0: 3 0x000000008000fefc (0xfc442703) x14 0x0000000000000000 mem 0x0000000080031f34
core   0: 0x000000008000ff00 (0x0ff77713) andi    a4, a4, 255
core   0: 3 0x000000008000ff00 (0x0ff77713) x14 0x0000000000000000
core   0: 0x000000008000ff04 (0x00e78023) sb      a4, 0(a5)
core   0: 3 0x000000008000ff04 (0x00e78023) mem 0x00000000800120a5 0x00
core   0: 0x000000008000ff08 (0xfc843703) ld      a4, -56(s0)
core   0: 3 0x000000008000ff08 (0xfc843703) x14 0x0000000080012040 mem 0x0000000080031f38
core   0: 0x000000008000ff0c (0xfb843783) ld      a5, -72(s0)
core   0: 3 0x000000008000ff0c (0xfb843783) x15 0x000000000000009c mem 0x0000000080031f28
core   0: 0x000000008000ff10 (0x000097ba) c.add   a5, a4
core   0: 3 0x000000008000ff10 (0x97ba) x15 0x00000000800120dc
core   0: 0x000000008000ff12 (0xfe043703) ld      a4, -32(s0)
core   0: 3 0x000000008000ff12 (0xfe043703) x14 0x00000000800120a6 mem 0x0000000080031f50
core   0: 0x000000008000ff16 (0xfcf76de3) bltu    a4, a5, pc - 38
core   0: 3 0x000000008000ff16 (0xfcf76de3)
core   0: 0x000000008000fef0 (0xfe043783) ld      a5, -32(s0)
core   0: 3 0x000000008000fef0 (0xfe043783) x15 0x00000000800120a6 mem 0x0000000080031f50
core   0: 0x000000008000fef4 (0x00178713) addi    a4, a5, 1
core   0: 3 0x000000008000fef4 (0x00178713) x14 0x00000000800120a7
core   0: 0x000000008000fef8 (0xfee43023) sd      a4, -32(s0)
core   0: 3 0x000000008000fef8 (0xfee43023) mem 0x0000000080031f50 0x00000000800120a7
core   0: 0x000000008000fefc (0xfc442703) lw      a4, -60(s0)
core   0: 3 0x000000008000fefc (0xfc442703) x14 0x0000000000000000 mem 0x0000000080031f34
core   0: 0x000000008000ff00 (0x0ff77713) andi    a4, a4, 255
core   0: 3 0x000000008000ff00 (0x0ff77713) x14 0x0000000000000000
core   0: 0x000000008000ff04 (0x00e78023) sb      a4, 0(a5)
core   0: 3 0x000000008000ff04 (0x00e78023) mem 0x00000000800120a6 0x00
core   0: 0x000000008000ff08 (0xfc843703) ld      a4, -56(s0)
core   0: 3 0x000000008000ff08 (0xfc843703) x14 0x0000000080012040 mem 0x0000000080031f38
core   0: 0x000000008000ff0c (0xfb843783) ld      a5, -72(s0)
core   0: 3 0x000000008000ff0c (0xfb843783) x15 0x000000000000009c mem 0x0000000080031f28
core   0: 0x000000008000ff10 (0x000097ba) c.add   a5, a4
core   0: 3 0x000000008000ff10 (0x97ba) x15 0x00000000800120dc
core   0: 0x000000008000ff12 (0xfe043703) ld      a4, -32(s0)
core   0: 3 0x000000008000ff12 (0xfe043703) x14 0x00000000800120a7 mem 0x0000000080031f50
core   0: 0x000000008000ff16 (0xfcf76de3) bltu    a4, a5, pc - 38
core   0: 3 0x000000008000ff16 (0xfcf76de3)
core   0: 0x000000008000fef0 (0xfe043783) ld      a5, -32(s0)
core   0: 3 0x000000008000fef0 (0xfe043783) x15 0x00000000800120a7 mem 0x0000000080031f50
core   0: 0x000000008000fef4 (0x00178713) addi    a4, a5, 1
core   0: 3 0x000000008000fef4 (0x00178713) x14 0x00000000800120a8
core   0: 0x000000008000fef8 (0xfee43023) sd      a4, -32(s0)
core   0: 3 0x000000008000fef8 (0xfee43023) mem 0x0000000080031f50 0x00000000800120a8
core   0: 0x000000008000fefc (0xfc442703) lw      a4, -60(s0)
core   0: 3 0x000000008000fefc (0xfc442703) x14 0x0000000000000000 mem 0x0000000080031f34
core   0: 0x000000008000ff00 (0x0ff77713) andi    a4, a4, 255
core   0: 3 0x000000008000ff00 (0x0ff77713) x14 0x0000000000000000
core   0: 0x000000008000ff04 (0x00e78023) sb      a4, 0(a5)
core   0: 3 0x000000008000ff04 (0x00e78023) mem 0x00000000800120a7 0x00
core   0: 0x000000008000ff08 (0xfc843703) ld      a4, -56(s0)
core   0: 3 0x000000008000ff08 (0xfc843703) x14 0x0000000080012040 mem 0x0000000080031f38
core   0: 0x000000008000ff0c (0xfb843783) ld      a5, -72(s0)
core   0: 3 0x000000008000ff0c (0xfb843783) x15 0x000000000000009c mem 0x0000000080031f28
core   0: 0x000000008000ff10 (0x000097ba) c.add   a5, a4
core   0: 3 0x000000008000ff10 (0x97ba) x15 0x00000000800120dc
core   0: 0x000000008000ff12 (0xfe043703) ld      a4, -32(s0)
core   0: 3 0x000000008000ff12 (0xfe043703) x14 0x00000000800120a8 mem 0x0000000080031f50
core   0: 0x000000008000ff16 (0xfcf76de3) bltu    a4, a5, pc - 38
core   0: 3 0x000000008000ff16 (0xfcf76de3)
core   0: 0x000000008000fef0 (0xfe043783) ld      a5, -32(s0)
core   0: 3 0x000000008000fef0 (0xfe043783) x15 0x00000000800120a8 mem 0x0000000080031f50
core   0: 0x000000008000fef4 (0x00178713) addi    a4, a5, 1
core   0: 3 0x000000008000fef4 (0x00178713) x14 0x00000000800120a9
core   0: 0x000000008000fef8 (0xfee43023) sd      a4, -32(s0)
core   0: 3 0x000000008000fef8 (0xfee43023) mem 0x0000000080031f50 0x00000000800120a9
core   0: 0x000000008000fefc (0xfc442703) lw      a4, -60(s0)
core   0: 3 0x000000008000fefc (0xfc442703) x14 0x0000000000000000 mem 0x0000000080031f34
core   0: 0x000000008000ff00 (0x0ff77713) andi    a4, a4, 255
core   0: 3 0x000000008000ff00 (0x0ff77713) x14 0x0000000000000000
core   0: 0x000000008000ff04 (0x00e78023) sb      a4, 0(a5)
core   0: 3 0x000000008000ff04 (0x00e78023) mem 0x00000000800120a8 0x00
core   0: 0x000000008000ff08 (0xfc843703) ld      a4, -56(s0)
core   0: 3 0x000000008000ff08 (0xfc843703) x14 0x0000000080012040 mem 0x0000000080031f38
core   0: 0x000000008000ff0c (0xfb843783) ld      a5, -72(s0)
core   0: 3 0x000000008000ff0c (0xfb843783) x15 0x000000000000009c mem 0x0000000080031f28
core   0: 0x000000008000ff10 (0x000097ba) c.add   a5, a4
core   0: 3 0x000000008000ff10 (0x97ba) x15 0x00000000800120dc
core   0: 0x000000008000ff12 (0xfe043703) ld      a4, -32(s0)
core   0: 3 0x000000008000ff12 (0xfe043703) x14 0x00000000800120a9 mem 0x0000000080031f50
core   0: 0x000000008000ff16 (0xfcf76de3) bltu    a4, a5, pc - 38
core   0: 3 0x000000008000ff16 (0xfcf76de3)
core   0: 0x000000008000fef0 (0xfe043783) ld      a5, -32(s0)
core   0: 3 0x000000008000fef0 (0xfe043783) x15 0x00000000800120a9 mem 0x0000000080031f50
core   0: 0x000000008000fef4 (0x00178713) addi    a4, a5, 1
core   0: 3 0x000000008000fef4 (0x00178713) x14 0x00000000800120aa
core   0: 0x000000008000fef8 (0xfee43023) sd      a4, -32(s0)
core   0: 3 0x000000008000fef8 (0xfee43023) mem 0x0000000080031f50 0x00000000800120aa
core   0: 0x000000008000fefc (0xfc442703) lw      a4, -60(s0)
core   0: 3 0x000000008000fefc (0xfc442703) x14 0x0000000000000000 mem 0x0000000080031f34
core   0: 0x000000008000ff00 (0x0ff77713) andi    a4, a4, 255
core   0: 3 0x000000008000ff00 (0x0ff77713) x14 0x0000000000000000
core   0: 0x000000008000ff04 (0x00e78023) sb      a4, 0(a5)
core   0: 3 0x000000008000ff04 (0x00e78023) mem 0x00000000800120a9 0x00
core   0: 0x000000008000ff08 (0xfc843703) ld      a4, -56(s0)
core   0: 3 0x000000008000ff08 (0xfc843703) x14 0x0000000080012040 mem 0x0000000080031f38
core   0: 0x000000008000ff0c (0xfb843783) ld      a5, -72(s0)
core   0: 3 0x000000008000ff0c (0xfb843783) x15 0x000000000000009c mem 0x0000000080031f28
core   0: 0x000000008000ff10 (0x000097ba) c.add   a5, a4
core   0: 3 0x000000008000ff10 (0x97ba) x15 0x00000000800120dc
core   0: 0x000000008000ff12 (0xfe043703) ld      a4, -32(s0)
core   0: 3 0x000000008000ff12 (0xfe043703) x14 0x00000000800120aa mem 0x0000000080031f50
core   0: 0x000000008000ff16 (0xfcf76de3) bltu    a4, a5, pc - 38
core   0: 3 0x000000008000ff16 (0xfcf76de3)
core   0: 0x000000008000fef0 (0xfe043783) ld      a5, -32(s0)
core   0: 3 0x000000008000fef0 (0xfe043783) x15 0x00000000800120aa mem 0x0000000080031f50
core   0: 0x000000008000fef4 (0x00178713) addi    a4, a5, 1
core   0: 3 0x000000008000fef4 (0x00178713) x14 0x00000000800120ab
core   0: 0x000000008000fef8 (0xfee43023) sd      a4, -32(s0)
core   0: 3 0x000000008000fef8 (0xfee43023) mem 0x0000000080031f50 0x00000000800120ab
core   0: 0x000000008000fefc (0xfc442703) lw      a4, -60(s0)
core   0: 3 0x000000008000fefc (0xfc442703) x14 0x0000000000000000 mem 0x0000000080031f34
core   0: 0x000000008000ff00 (0x0ff77713) andi    a4, a4, 255
core   0: 3 0x000000008000ff00 (0x0ff77713) x14 0x0000000000000000
core   0: 0x000000008000ff04 (0x00e78023) sb      a4, 0(a5)
core   0: 3 0x000000008000ff04 (0x00e78023) mem 0x00000000800120aa 0x00
core   0: 0x000000008000ff08 (0xfc843703) ld      a4, -56(s0)
core   0: 3 0x000000008000ff08 (0xfc843703) x14 0x0000000080012040 mem 0x0000000080031f38
core   0: 0x000000008000ff0c (0xfb843783) ld      a5, -72(s0)
core   0: 3 0x000000008000ff0c (0xfb843783) x15 0x000000000000009c mem 0x0000000080031f28
core   0: 0x000000008000ff10 (0x000097ba) c.add   a5, a4
core   0: 3 0x000000008000ff10 (0x97ba) x15 0x00000000800120dc
core   0: 0x000000008000ff12 (0xfe043703) ld      a4, -32(s0)
core   0: 3 0x000000008000ff12 (0xfe043703) x14 0x00000000800120ab mem 0x0000000080031f50
core   0: 0x000000008000ff16 (0xfcf76de3) bltu    a4, a5, pc - 38
core   0: 3 0x000000008000ff16 (0xfcf76de3)
core   0: 0x000000008000fef0 (0xfe043783) ld      a5, -32(s0)
core   0: 3 0x000000008000fef0 (0xfe043783) x15 0x00000000800120ab mem 0x0000000080031f50
core   0: 0x000000008000fef4 (0x00178713) addi    a4, a5, 1
core   0: 3 0x000000008000fef4 (0x00178713) x14 0x00000000800120ac
core   0: 0x000000008000fef8 (0xfee43023) sd      a4, -32(s0)
core   0: 3 0x000000008000fef8 (0xfee43023) mem 0x0000000080031f50 0x00000000800120ac
core   0: 0x000000008000fefc (0xfc442703) lw      a4, -60(s0)
core   0: 3 0x000000008000fefc (0xfc442703) x14 0x0000000000000000 mem 0x0000000080031f34
core   0: 0x000000008000ff00 (0x0ff77713) andi    a4, a4, 255
core   0: 3 0x000000008000ff00 (0x0ff77713) x14 0x0000000000000000
core   0: 0x000000008000ff04 (0x00e78023) sb      a4, 0(a5)
core   0: 3 0x000000008000ff04 (0x00e78023) mem 0x00000000800120ab 0x00
core   0: 0x000000008000ff08 (0xfc843703) ld      a4, -56(s0)
core   0: 3 0x000000008000ff08 (0xfc843703) x14 0x0000000080012040 mem 0x0000000080031f38
core   0: 0x000000008000ff0c (0xfb843783) ld      a5, -72(s0)
core   0: 3 0x000000008000ff0c (0xfb843783) x15 0x000000000000009c mem 0x0000000080031f28
core   0: 0x000000008000ff10 (0x000097ba) c.add   a5, a4
core   0: 3 0x000000008000ff10 (0x97ba) x15 0x00000000800120dc
core   0: 0x000000008000ff12 (0xfe043703) ld      a4, -32(s0)
core   0: 3 0x000000008000ff12 (0xfe043703) x14 0x00000000800120ac mem 0x0000000080031f50
core   0: 0x000000008000ff16 (0xfcf76de3) bltu    a4, a5, pc - 38
core   0: 3 0x000000008000ff16 (0xfcf76de3)
core   0: 0x000000008000fef0 (0xfe043783) ld      a5, -32(s0)
core   0: 3 0x000000008000fef0 (0xfe043783) x15 0x00000000800120ac mem 0x0000000080031f50
core   0: 0x000000008000fef4 (0x00178713) addi    a4, a5, 1
core   0: 3 0x000000008000fef4 (0x00178713) x14 0x00000000800120ad
core   0: 0x000000008000fef8 (0xfee43023) sd      a4, -32(s0)
core   0: 3 0x000000008000fef8 (0xfee43023) mem 0x0000000080031f50 0x00000000800120ad
core   0: 0x000000008000fefc (0xfc442703) lw      a4, -60(s0)
core   0: 3 0x000000008000fefc (0xfc442703) x14 0x0000000000000000 mem 0x0000000080031f34
core   0: 0x000000008000ff00 (0x0ff77713) andi    a4, a4, 255
core   0: 3 0x000000008000ff00 (0x0ff77713) x14 0x0000000000000000
core   0: 0x000000008000ff04 (0x00e78023) sb      a4, 0(a5)
core   0: 3 0x000000008000ff04 (0x00e78023) mem 0x00000000800120ac 0x00
core   0: 0x000000008000ff08 (0xfc843703) ld      a4, -56(s0)
core   0: 3 0x000000008000ff08 (0xfc843703) x14 0x0000000080012040 mem 0x0000000080031f38
core   0: 0x000000008000ff0c (0xfb843783) ld      a5, -72(s0)
core   0: 3 0x000000008000ff0c (0xfb843783) x15 0x000000000000009c mem 0x0000000080031f28
core   0: 0x000000008000ff10 (0x000097ba) c.add   a5, a4
core   0: 3 0x000000008000ff10 (0x97ba) x15 0x00000000800120dc
core   0: 0x000000008000ff12 (0xfe043703) ld      a4, -32(s0)
core   0: 3 0x000000008000ff12 (0xfe043703) x14 0x00000000800120ad mem 0x0000000080031f50
core   0: 0x000000008000ff16 (0xfcf76de3) bltu    a4, a5, pc - 38
core   0: 3 0x000000008000ff16 (0xfcf76de3)
core   0: 0x000000008000fef0 (0xfe043783) ld      a5, -32(s0)
core   0: 3 0x000000008000fef0 (0xfe043783) x15 0x00000000800120ad mem 0x0000000080031f50
core   0: 0x000000008000fef4 (0x00178713) addi    a4, a5, 1
core   0: 3 0x000000008000fef4 (0x00178713) x14 0x00000000800120ae
core   0: 0x000000008000fef8 (0xfee43023) sd      a4, -32(s0)
core   0: 3 0x000000008000fef8 (0xfee43023) mem 0x0000000080031f50 0x00000000800120ae
core   0: 0x000000008000fefc (0xfc442703) lw      a4, -60(s0)
core   0: 3 0x000000008000fefc (0xfc442703) x14 0x0000000000000000 mem 0x0000000080031f34
core   0: 0x000000008000ff00 (0x0ff77713) andi    a4, a4, 255
core   0: 3 0x000000008000ff00 (0x0ff77713) x14 0x0000000000000000
core   0: 0x000000008000ff04 (0x00e78023) sb      a4, 0(a5)
core   0: 3 0x000000008000ff04 (0x00e78023) mem 0x00000000800120ad 0x00
core   0: 0x000000008000ff08 (0xfc843703) ld      a4, -56(s0)
core   0: 3 0x000000008000ff08 (0xfc843703) x14 0x0000000080012040 mem 0x0000000080031f38
core   0: 0x000000008000ff0c (0xfb843783) ld      a5, -72(s0)
core   0: 3 0x000000008000ff0c (0xfb843783) x15 0x000000000000009c mem 0x0000000080031f28
core   0: 0x000000008000ff10 (0x000097ba) c.add   a5, a4
core   0: 3 0x000000008000ff10 (0x97ba) x15 0x00000000800120dc
core   0: 0x000000008000ff12 (0xfe043703) ld      a4, -32(s0)
core   0: 3 0x000000008000ff12 (0xfe043703) x14 0x00000000800120ae mem 0x0000000080031f50
core   0: 0x000000008000ff16 (0xfcf76de3) bltu    a4, a5, pc - 38
core   0: 3 0x000000008000ff16 (0xfcf76de3)
core   0: 0x000000008000fef0 (0xfe043783) ld      a5, -32(s0)
core   0: 3 0x000000008000fef0 (0xfe043783) x15 0x00000000800120ae mem 0x0000000080031f50
core   0: 0x000000008000fef4 (0x00178713) addi    a4, a5, 1
core   0: 3 0x000000008000fef4 (0x00178713) x14 0x00000000800120af
core   0: 0x000000008000fef8 (0xfee43023) sd      a4, -32(s0)
core   0: 3 0x000000008000fef8 (0xfee43023) mem 0x0000000080031f50 0x00000000800120af
core   0: 0x000000008000fefc (0xfc442703) lw      a4, -60(s0)
core   0: 3 0x000000008000fefc (0xfc442703) x14 0x0000000000000000 mem 0x0000000080031f34
core   0: 0x000000008000ff00 (0x0ff77713) andi    a4, a4, 255
core   0: 3 0x000000008000ff00 (0x0ff77713) x14 0x0000000000000000
core   0: 0x000000008000ff04 (0x00e78023) sb      a4, 0(a5)
core   0: 3 0x000000008000ff04 (0x00e78023) mem 0x00000000800120ae 0x00
core   0: 0x000000008000ff08 (0xfc843703) ld      a4, -56(s0)
core   0: 3 0x000000008000ff08 (0xfc843703) x14 0x0000000080012040 mem 0x0000000080031f38
core   0: 0x000000008000ff0c (0xfb843783) ld      a5, -72(s0)
core   0: 3 0x000000008000ff0c (0xfb843783) x15 0x000000000000009c mem 0x0000000080031f28
core   0: 0x000000008000ff10 (0x000097ba) c.add   a5, a4
core   0: 3 0x000000008000ff10 (0x97ba) x15 0x00000000800120dc
core   0: 0x000000008000ff12 (0xfe043703) ld      a4, -32(s0)
core   0: 3 0x000000008000ff12 (0xfe043703) x14 0x00000000800120af mem 0x0000000080031f50
core   0: 0x000000008000ff16 (0xfcf76de3) bltu    a4, a5, pc - 38
core   0: 3 0x000000008000ff16 (0xfcf76de3)
core   0: 0x000000008000fef0 (0xfe043783) ld      a5, -32(s0)
core   0: 3 0x000000008000fef0 (0xfe043783) x15 0x00000000800120af mem 0x0000000080031f50
core   0: 0x000000008000fef4 (0x00178713) addi    a4, a5, 1
core   0: 3 0x000000008000fef4 (0x00178713) x14 0x00000000800120b0
core   0: 0x000000008000fef8 (0xfee43023) sd      a4, -32(s0)
core   0: 3 0x000000008000fef8 (0xfee43023) mem 0x0000000080031f50 0x00000000800120b0
core   0: 0x000000008000fefc (0xfc442703) lw      a4, -60(s0)
core   0: 3 0x000000008000fefc (0xfc442703) x14 0x0000000000000000 mem 0x0000000080031f34
core   0: 0x000000008000ff00 (0x0ff77713) andi    a4, a4, 255
core   0: 3 0x000000008000ff00 (0x0ff77713) x14 0x0000000000000000
core   0: 0x000000008000ff04 (0x00e78023) sb      a4, 0(a5)
core   0: 3 0x000000008000ff04 (0x00e78023) mem 0x00000000800120af 0x00
core   0: 0x000000008000ff08 (0xfc843703) ld      a4, -56(s0)
core   0: 3 0x000000008000ff08 (0xfc843703) x14 0x0000000080012040 mem 0x0000000080031f38
core   0: 0x000000008000ff0c (0xfb843783) ld      a5, -72(s0)
core   0: 3 0x000000008000ff0c (0xfb843783) x15 0x000000000000009c mem 0x0000000080031f28
core   0: 0x000000008000ff10 (0x000097ba) c.add   a5, a4
core   0: 3 0x000000008000ff10 (0x97ba) x15 0x00000000800120dc
core   0: 0x000000008000ff12 (0xfe043703) ld      a4, -32(s0)
core   0: 3 0x000000008000ff12 (0xfe043703) x14 0x00000000800120b0 mem 0x0000000080031f50
core   0: 0x000000008000ff16 (0xfcf76de3) bltu    a4, a5, pc - 38
core   0: 3 0x000000008000ff16 (0xfcf76de3)
core   0: 0x000000008000fef0 (0xfe043783) ld      a5, -32(s0)
core   0: 3 0x000000008000fef0 (0xfe043783) x15 0x00000000800120b0 mem 0x0000000080031f50
core   0: 0x000000008000fef4 (0x00178713) addi    a4, a5, 1
core   0: 3 0x000000008000fef4 (0x00178713) x14 0x00000000800120b1
core   0: 0x000000008000fef8 (0xfee43023) sd      a4, -32(s0)
core   0: 3 0x000000008000fef8 (0xfee43023) mem 0x0000000080031f50 0x00000000800120b1
core   0: 0x000000008000fefc (0xfc442703) lw      a4, -60(s0)
core   0: 3 0x000000008000fefc (0xfc442703) x14 0x0000000000000000 mem 0x0000000080031f34
core   0: 0x000000008000ff00 (0x0ff77713) andi    a4, a4, 255
core   0: 3 0x000000008000ff00 (0x0ff77713) x14 0x0000000000000000
core   0: 0x000000008000ff04 (0x00e78023) sb      a4, 0(a5)
core   0: 3 0x000000008000ff04 (0x00e78023) mem 0x00000000800120b0 0x00
core   0: 0x000000008000ff08 (0xfc843703) ld      a4, -56(s0)
core   0: 3 0x000000008000ff08 (0xfc843703) x14 0x0000000080012040 mem 0x0000000080031f38
core   0: 0x000000008000ff0c (0xfb843783) ld      a5, -72(s0)
core   0: 3 0x000000008000ff0c (0xfb843783) x15 0x000000000000009c mem 0x0000000080031f28
core   0: 0x000000008000ff10 (0x000097ba) c.add   a5, a4
core   0: 3 0x000000008000ff10 (0x97ba) x15 0x00000000800120dc
core   0: 0x000000008000ff12 (0xfe043703) ld      a4, -32(s0)
core   0: 3 0x000000008000ff12 (0xfe043703) x14 0x00000000800120b1 mem 0x0000000080031f50
core   0: 0x000000008000ff16 (0xfcf76de3) bltu    a4, a5, pc - 38
core   0: 3 0x000000008000ff16 (0xfcf76de3)
core   0: 0x000000008000fef0 (0xfe043783) ld      a5, -32(s0)
core   0: 3 0x000000008000fef0 (0xfe043783) x15 0x00000000800120b1 mem 0x0000000080031f50
core   0: 0x000000008000fef4 (0x00178713) addi    a4, a5, 1
core   0: 3 0x000000008000fef4 (0x00178713) x14 0x00000000800120b2
core   0: 0x000000008000fef8 (0xfee43023) sd      a4, -32(s0)
core   0: 3 0x000000008000fef8 (0xfee43023) mem 0x0000000080031f50 0x00000000800120b2
core   0: 0x000000008000fefc (0xfc442703) lw      a4, -60(s0)
core   0: 3 0x000000008000fefc (0xfc442703) x14 0x0000000000000000 mem 0x0000000080031f34
core   0: 0x000000008000ff00 (0x0ff77713) andi    a4, a4, 255
core   0: 3 0x000000008000ff00 (0x0ff77713) x14 0x0000000000000000
core   0: 0x000000008000ff04 (0x00e78023) sb      a4, 0(a5)
core   0: 3 0x000000008000ff04 (0x00e78023) mem 0x00000000800120b1 0x00
core   0: 0x000000008000ff08 (0xfc843703) ld      a4, -56(s0)
core   0: 3 0x000000008000ff08 (0xfc843703) x14 0x0000000080012040 mem 0x0000000080031f38
core   0: 0x000000008000ff0c (0xfb843783) ld      a5, -72(s0)
core   0: 3 0x000000008000ff0c (0xfb843783) x15 0x000000000000009c mem 0x0000000080031f28
core   0: 0x000000008000ff10 (0x000097ba) c.add   a5, a4
core   0: 3 0x000000008000ff10 (0x97ba) x15 0x00000000800120dc
core   0: 0x000000008000ff12 (0xfe043703) ld      a4, -32(s0)
core   0: 3 0x000000008000ff12 (0xfe043703) x14 0x00000000800120b2 mem 0x0000000080031f50
core   0: 0x000000008000ff16 (0xfcf76de3) bltu    a4, a5, pc - 38
core   0: 3 0x000000008000ff16 (0xfcf76de3)
core   0: 0x000000008000fef0 (0xfe043783) ld      a5, -32(s0)
core   0: 3 0x000000008000fef0 (0xfe043783) x15 0x00000000800120b2 mem 0x0000000080031f50
core   0: 0x000000008000fef4 (0x00178713) addi    a4, a5, 1
core   0: 3 0x000000008000fef4 (0x00178713) x14 0x00000000800120b3
core   0: 0x000000008000fef8 (0xfee43023) sd      a4, -32(s0)
core   0: 3 0x000000008000fef8 (0xfee43023) mem 0x0000000080031f50 0x00000000800120b3
core   0: 0x000000008000fefc (0xfc442703) lw      a4, -60(s0)
core   0: 3 0x000000008000fefc (0xfc442703) x14 0x0000000000000000 mem 0x0000000080031f34
core   0: 0x000000008000ff00 (0x0ff77713) andi    a4, a4, 255
core   0: 3 0x000000008000ff00 (0x0ff77713) x14 0x0000000000000000
core   0: 0x000000008000ff04 (0x00e78023) sb      a4, 0(a5)
core   0: 3 0x000000008000ff04 (0x00e78023) mem 0x00000000800120b2 0x00
core   0: 0x000000008000ff08 (0xfc843703) ld      a4, -56(s0)
core   0: 3 0x000000008000ff08 (0xfc843703) x14 0x0000000080012040 mem 0x0000000080031f38
core   0: 0x000000008000ff0c (0xfb843783) ld      a5, -72(s0)
core   0: 3 0x000000008000ff0c (0xfb843783) x15 0x000000000000009c mem 0x0000000080031f28
core   0: 0x000000008000ff10 (0x000097ba) c.add   a5, a4
core   0: 3 0x000000008000ff10 (0x97ba) x15 0x00000000800120dc
core   0: 0x000000008000ff12 (0xfe043703) ld      a4, -32(s0)
core   0: 3 0x000000008000ff12 (0xfe043703) x14 0x00000000800120b3 mem 0x0000000080031f50
core   0: 0x000000008000ff16 (0xfcf76de3) bltu    a4, a5, pc - 38
core   0: 3 0x000000008000ff16 (0xfcf76de3)
core   0: 0x000000008000fef0 (0xfe043783) ld      a5, -32(s0)
core   0: 3 0x000000008000fef0 (0xfe043783) x15 0x00000000800120b3 mem 0x0000000080031f50
core   0: 0x000000008000fef4 (0x00178713) addi    a4, a5, 1
core   0: 3 0x000000008000fef4 (0x00178713) x14 0x00000000800120b4
core   0: 0x000000008000fef8 (0xfee43023) sd      a4, -32(s0)
core   0: 3 0x000000008000fef8 (0xfee43023) mem 0x0000000080031f50 0x00000000800120b4
core   0: 0x000000008000fefc (0xfc442703) lw      a4, -60(s0)
core   0: 3 0x000000008000fefc (0xfc442703) x14 0x0000000000000000 mem 0x0000000080031f34
core   0: 0x000000008000ff00 (0x0ff77713) andi    a4, a4, 255
core   0: 3 0x000000008000ff00 (0x0ff77713) x14 0x0000000000000000
core   0: 0x000000008000ff04 (0x00e78023) sb      a4, 0(a5)
core   0: 3 0x000000008000ff04 (0x00e78023) mem 0x00000000800120b3 0x00
core   0: 0x000000008000ff08 (0xfc843703) ld      a4, -56(s0)
core   0: 3 0x000000008000ff08 (0xfc843703) x14 0x0000000080012040 mem 0x0000000080031f38
core   0: 0x000000008000ff0c (0xfb843783) ld      a5, -72(s0)
core   0: 3 0x000000008000ff0c (0xfb843783) x15 0x000000000000009c mem 0x0000000080031f28
core   0: 0x000000008000ff10 (0x000097ba) c.add   a5, a4
core   0: 3 0x000000008000ff10 (0x97ba) x15 0x00000000800120dc
core   0: 0x000000008000ff12 (0xfe043703) ld      a4, -32(s0)
core   0: 3 0x000000008000ff12 (0xfe043703) x14 0x00000000800120b4 mem 0x0000000080031f50
core   0: 0x000000008000ff16 (0xfcf76de3) bltu    a4, a5, pc - 38
core   0: 3 0x000000008000ff16 (0xfcf76de3)
core   0: 0x000000008000fef0 (0xfe043783) ld      a5, -32(s0)
core   0: 3 0x000000008000fef0 (0xfe043783) x15 0x00000000800120b4 mem 0x0000000080031f50
core   0: 0x000000008000fef4 (0x00178713) addi    a4, a5, 1
core   0: 3 0x000000008000fef4 (0x00178713) x14 0x00000000800120b5
core   0: 0x000000008000fef8 (0xfee43023) sd      a4, -32(s0)
core   0: 3 0x000000008000fef8 (0xfee43023) mem 0x0000000080031f50 0x00000000800120b5
core   0: 0x000000008000fefc (0xfc442703) lw      a4, -60(s0)
core   0: 3 0x000000008000fefc (0xfc442703) x14 0x0000000000000000 mem 0x0000000080031f34
core   0: 0x000000008000ff00 (0x0ff77713) andi    a4, a4, 255
core   0: 3 0x000000008000ff00 (0x0ff77713) x14 0x0000000000000000
core   0: 0x000000008000ff04 (0x00e78023) sb      a4, 0(a5)
core   0: 3 0x000000008000ff04 (0x00e78023) mem 0x00000000800120b4 0x00
core   0: 0x000000008000ff08 (0xfc843703) ld      a4, -56(s0)
core   0: 3 0x000000008000ff08 (0xfc843703) x14 0x0000000080012040 mem 0x0000000080031f38
core   0: 0x000000008000ff0c (0xfb843783) ld      a5, -72(s0)
core   0: 3 0x000000008000ff0c (0xfb843783) x15 0x000000000000009c mem 0x0000000080031f28
core   0: 0x000000008000ff10 (0x000097ba) c.add   a5, a4
core   0: 3 0x000000008000ff10 (0x97ba) x15 0x00000000800120dc
core   0: 0x000000008000ff12 (0xfe043703) ld      a4, -32(s0)
core   0: 3 0x000000008000ff12 (0xfe043703) x14 0x00000000800120b5 mem 0x0000000080031f50
core   0: 0x000000008000ff16 (0xfcf76de3) bltu    a4, a5, pc - 38
core   0: 3 0x000000008000ff16 (0xfcf76de3)
core   0: 0x000000008000fef0 (0xfe043783) ld      a5, -32(s0)
core   0: 3 0x000000008000fef0 (0xfe043783) x15 0x00000000800120b5 mem 0x0000000080031f50
core   0: 0x000000008000fef4 (0x00178713) addi    a4, a5, 1
core   0: 3 0x000000008000fef4 (0x00178713) x14 0x00000000800120b6
core   0: 0x000000008000fef8 (0xfee43023) sd      a4, -32(s0)
core   0: 3 0x000000008000fef8 (0xfee43023) mem 0x0000000080031f50 0x00000000800120b6
core   0: 0x000000008000fefc (0xfc442703) lw      a4, -60(s0)
core   0: 3 0x000000008000fefc (0xfc442703) x14 0x0000000000000000 mem 0x0000000080031f34
core   0: 0x000000008000ff00 (0x0ff77713) andi    a4, a4, 255
core   0: 3 0x000000008000ff00 (0x0ff77713) x14 0x0000000000000000
core   0: 0x000000008000ff04 (0x00e78023) sb      a4, 0(a5)
core   0: 3 0x000000008000ff04 (0x00e78023) mem 0x00000000800120b5 0x00
core   0: 0x000000008000ff08 (0xfc843703) ld      a4, -56(s0)
core   0: 3 0x000000008000ff08 (0xfc843703) x14 0x0000000080012040 mem 0x0000000080031f38
core   0: 0x000000008000ff0c (0xfb843783) ld      a5, -72(s0)
core   0: 3 0x000000008000ff0c (0xfb843783) x15 0x000000000000009c mem 0x0000000080031f28
core   0: 0x000000008000ff10 (0x000097ba) c.add   a5, a4
core   0: 3 0x000000008000ff10 (0x97ba) x15 0x00000000800120dc
core   0: 0x000000008000ff12 (0xfe043703) ld      a4, -32(s0)
core   0: 3 0x000000008000ff12 (0xfe043703) x14 0x00000000800120b6 mem 0x0000000080031f50
core   0: 0x000000008000ff16 (0xfcf76de3) bltu    a4, a5, pc - 38
core   0: 3 0x000000008000ff16 (0xfcf76de3)
core   0: 0x000000008000fef0 (0xfe043783) ld      a5, -32(s0)
core   0: 3 0x000000008000fef0 (0xfe043783) x15 0x00000000800120b6 mem 0x0000000080031f50
core   0: 0x000000008000fef4 (0x00178713) addi    a4, a5, 1
core   0: 3 0x000000008000fef4 (0x00178713) x14 0x00000000800120b7
core   0: 0x000000008000fef8 (0xfee43023) sd      a4, -32(s0)
core   0: 3 0x000000008000fef8 (0xfee43023) mem 0x0000000080031f50 0x00000000800120b7
core   0: 0x000000008000fefc (0xfc442703) lw      a4, -60(s0)
core   0: 3 0x000000008000fefc (0xfc442703) x14 0x0000000000000000 mem 0x0000000080031f34
core   0: 0x000000008000ff00 (0x0ff77713) andi    a4, a4, 255
core   0: 3 0x000000008000ff00 (0x0ff77713) x14 0x0000000000000000
core   0: 0x000000008000ff04 (0x00e78023) sb      a4, 0(a5)
core   0: 3 0x000000008000ff04 (0x00e78023) mem 0x00000000800120b6 0x00
core   0: 0x000000008000ff08 (0xfc843703) ld      a4, -56(s0)
core   0: 3 0x000000008000ff08 (0xfc843703) x14 0x0000000080012040 mem 0x0000000080031f38
core   0: 0x000000008000ff0c (0xfb843783) ld      a5, -72(s0)
core   0: 3 0x000000008000ff0c (0xfb843783) x15 0x000000000000009c mem 0x0000000080031f28
core   0: 0x000000008000ff10 (0x000097ba) c.add   a5, a4
core   0: 3 0x000000008000ff10 (0x97ba) x15 0x00000000800120dc
core   0: 0x000000008000ff12 (0xfe043703) ld      a4, -32(s0)
core   0: 3 0x000000008000ff12 (0xfe043703) x14 0x00000000800120b7 mem 0x0000000080031f50
core   0: 0x000000008000ff16 (0xfcf76de3) bltu    a4, a5, pc - 38
core   0: 3 0x000000008000ff16 (0xfcf76de3)
core   0: 0x000000008000fef0 (0xfe043783) ld      a5, -32(s0)
core   0: 3 0x000000008000fef0 (0xfe043783) x15 0x00000000800120b7 mem 0x0000000080031f50
core   0: 0x000000008000fef4 (0x00178713) addi    a4, a5, 1
core   0: 3 0x000000008000fef4 (0x00178713) x14 0x00000000800120b8
core   0: 0x000000008000fef8 (0xfee43023) sd      a4, -32(s0)
core   0: 3 0x000000008000fef8 (0xfee43023) mem 0x0000000080031f50 0x00000000800120b8
core   0: 0x000000008000fefc (0xfc442703) lw      a4, -60(s0)
core   0: 3 0x000000008000fefc (0xfc442703) x14 0x0000000000000000 mem 0x0000000080031f34
core   0: 0x000000008000ff00 (0x0ff77713) andi    a4, a4, 255
core   0: 3 0x000000008000ff00 (0x0ff77713) x14 0x0000000000000000
core   0: 0x000000008000ff04 (0x00e78023) sb      a4, 0(a5)
core   0: 3 0x000000008000ff04 (0x00e78023) mem 0x00000000800120b7 0x00
core   0: 0x000000008000ff08 (0xfc843703) ld      a4, -56(s0)
core   0: 3 0x000000008000ff08 (0xfc843703) x14 0x0000000080012040 mem 0x0000000080031f38
core   0: 0x000000008000ff0c (0xfb843783) ld      a5, -72(s0)
core   0: 3 0x000000008000ff0c (0xfb843783) x15 0x000000000000009c mem 0x0000000080031f28
core   0: 0x000000008000ff10 (0x000097ba) c.add   a5, a4
core   0: 3 0x000000008000ff10 (0x97ba) x15 0x00000000800120dc
core   0: 0x000000008000ff12 (0xfe043703) ld      a4, -32(s0)
core   0: 3 0x000000008000ff12 (0xfe043703) x14 0x00000000800120b8 mem 0x0000000080031f50
core   0: 0x000000008000ff16 (0xfcf76de3) bltu    a4, a5, pc - 38
core   0: 3 0x000000008000ff16 (0xfcf76de3)
core   0: 0x000000008000fef0 (0xfe043783) ld      a5, -32(s0)
core   0: 3 0x000000008000fef0 (0xfe043783) x15 0x00000000800120b8 mem 0x0000000080031f50
core   0: 0x000000008000fef4 (0x00178713) addi    a4, a5, 1
core   0: 3 0x000000008000fef4 (0x00178713) x14 0x00000000800120b9
core   0: 0x000000008000fef8 (0xfee43023) sd      a4, -32(s0)
core   0: 3 0x000000008000fef8 (0xfee43023) mem 0x0000000080031f50 0x00000000800120b9
core   0: 0x000000008000fefc (0xfc442703) lw      a4, -60(s0)
core   0: 3 0x000000008000fefc (0xfc442703) x14 0x0000000000000000 mem 0x0000000080031f34
core   0: 0x000000008000ff00 (0x0ff77713) andi    a4, a4, 255
core   0: 3 0x000000008000ff00 (0x0ff77713) x14 0x0000000000000000
core   0: 0x000000008000ff04 (0x00e78023) sb      a4, 0(a5)
core   0: 3 0x000000008000ff04 (0x00e78023) mem 0x00000000800120b8 0x00
core   0: 0x000000008000ff08 (0xfc843703) ld      a4, -56(s0)
core   0: 3 0x000000008000ff08 (0xfc843703) x14 0x0000000080012040 mem 0x0000000080031f38
core   0: 0x000000008000ff0c (0xfb843783) ld      a5, -72(s0)
core   0: 3 0x000000008000ff0c (0xfb843783) x15 0x000000000000009c mem 0x0000000080031f28
core   0: 0x000000008000ff10 (0x000097ba) c.add   a5, a4
core   0: 3 0x000000008000ff10 (0x97ba) x15 0x00000000800120dc
core   0: 0x000000008000ff12 (0xfe043703) ld      a4, -32(s0)
core   0: 3 0x000000008000ff12 (0xfe043703) x14 0x00000000800120b9 mem 0x0000000080031f50
core   0: 0x000000008000ff16 (0xfcf76de3) bltu    a4, a5, pc - 38
core   0: 3 0x000000008000ff16 (0xfcf76de3)
core   0: 0x000000008000fef0 (0xfe043783) ld      a5, -32(s0)
core   0: 3 0x000000008000fef0 (0xfe043783) x15 0x00000000800120b9 mem 0x0000000080031f50
core   0: 0x000000008000fef4 (0x00178713) addi    a4, a5, 1
core   0: 3 0x000000008000fef4 (0x00178713) x14 0x00000000800120ba
core   0: 0x000000008000fef8 (0xfee43023) sd      a4, -32(s0)
core   0: 3 0x000000008000fef8 (0xfee43023) mem 0x0000000080031f50 0x00000000800120ba
core   0: 0x000000008000fefc (0xfc442703) lw      a4, -60(s0)
core   0: 3 0x000000008000fefc (0xfc442703) x14 0x0000000000000000 mem 0x0000000080031f34
core   0: 0x000000008000ff00 (0x0ff77713) andi    a4, a4, 255
core   0: 3 0x000000008000ff00 (0x0ff77713) x14 0x0000000000000000
core   0: 0x000000008000ff04 (0x00e78023) sb      a4, 0(a5)
core   0: 3 0x000000008000ff04 (0x00e78023) mem 0x00000000800120b9 0x00
core   0: 0x000000008000ff08 (0xfc843703) ld      a4, -56(s0)
core   0: 3 0x000000008000ff08 (0xfc843703) x14 0x0000000080012040 mem 0x0000000080031f38
core   0: 0x000000008000ff0c (0xfb843783) ld      a5, -72(s0)
core   0: 3 0x000000008000ff0c (0xfb843783) x15 0x000000000000009c mem 0x0000000080031f28
core   0: 0x000000008000ff10 (0x000097ba) c.add   a5, a4
core   0: 3 0x000000008000ff10 (0x97ba) x15 0x00000000800120dc
core   0: 0x000000008000ff12 (0xfe043703) ld      a4, -32(s0)
core   0: 3 0x000000008000ff12 (0xfe043703) x14 0x00000000800120ba mem 0x0000000080031f50
core   0: 0x000000008000ff16 (0xfcf76de3) bltu    a4, a5, pc - 38
core   0: 3 0x000000008000ff16 (0xfcf76de3)
core   0: 0x000000008000fef0 (0xfe043783) ld      a5, -32(s0)
core   0: 3 0x000000008000fef0 (0xfe043783) x15 0x00000000800120ba mem 0x0000000080031f50
core   0: 0x000000008000fef4 (0x00178713) addi    a4, a5, 1
core   0: 3 0x000000008000fef4 (0x00178713) x14 0x00000000800120bb
core   0: 0x000000008000fef8 (0xfee43023) sd      a4, -32(s0)
core   0: 3 0x000000008000fef8 (0xfee43023) mem 0x0000000080031f50 0x00000000800120bb
core   0: 0x000000008000fefc (0xfc442703) lw      a4, -60(s0)
core   0: 3 0x000000008000fefc (0xfc442703) x14 0x0000000000000000 mem 0x0000000080031f34
core   0: 0x000000008000ff00 (0x0ff77713) andi    a4, a4, 255
core   0: 3 0x000000008000ff00 (0x0ff77713) x14 0x0000000000000000
core   0: 0x000000008000ff04 (0x00e78023) sb      a4, 0(a5)
core   0: 3 0x000000008000ff04 (0x00e78023) mem 0x00000000800120ba 0x00
core   0: 0x000000008000ff08 (0xfc843703) ld      a4, -56(s0)
core   0: 3 0x000000008000ff08 (0xfc843703) x14 0x0000000080012040 mem 0x0000000080031f38
core   0: 0x000000008000ff0c (0xfb843783) ld      a5, -72(s0)
core   0: 3 0x000000008000ff0c (0xfb843783) x15 0x000000000000009c mem 0x0000000080031f28
core   0: 0x000000008000ff10 (0x000097ba) c.add   a5, a4
core   0: 3 0x000000008000ff10 (0x97ba) x15 0x00000000800120dc
core   0: 0x000000008000ff12 (0xfe043703) ld      a4, -32(s0)
core   0: 3 0x000000008000ff12 (0xfe043703) x14 0x00000000800120bb mem 0x0000000080031f50
core   0: 0x000000008000ff16 (0xfcf76de3) bltu    a4, a5, pc - 38
core   0: 3 0x000000008000ff16 (0xfcf76de3)
core   0: 0x000000008000fef0 (0xfe043783) ld      a5, -32(s0)
core   0: 3 0x000000008000fef0 (0xfe043783) x15 0x00000000800120bb mem 0x0000000080031f50
core   0: 0x000000008000fef4 (0x00178713) addi    a4, a5, 1
core   0: 3 0x000000008000fef4 (0x00178713) x14 0x00000000800120bc
core   0: 0x000000008000fef8 (0xfee43023) sd      a4, -32(s0)
core   0: 3 0x000000008000fef8 (0xfee43023) mem 0x0000000080031f50 0x00000000800120bc
core   0: 0x000000008000fefc (0xfc442703) lw      a4, -60(s0)
core   0: 3 0x000000008000fefc (0xfc442703) x14 0x0000000000000000 mem 0x0000000080031f34
core   0: 0x000000008000ff00 (0x0ff77713) andi    a4, a4, 255
core   0: 3 0x000000008000ff00 (0x0ff77713) x14 0x0000000000000000
core   0: 0x000000008000ff04 (0x00e78023) sb      a4, 0(a5)
core   0: 3 0x000000008000ff04 (0x00e78023) mem 0x00000000800120bb 0x00
core   0: 0x000000008000ff08 (0xfc843703) ld      a4, -56(s0)
core   0: 3 0x000000008000ff08 (0xfc843703) x14 0x0000000080012040 mem 0x0000000080031f38
core   0: 0x000000008000ff0c (0xfb843783) ld      a5, -72(s0)
core   0: 3 0x000000008000ff0c (0xfb843783) x15 0x000000000000009c mem 0x0000000080031f28
core   0: 0x000000008000ff10 (0x000097ba) c.add   a5, a4
core   0: 3 0x000000008000ff10 (0x97ba) x15 0x00000000800120dc
core   0: 0x000000008000ff12 (0xfe043703) ld      a4, -32(s0)
core   0: 3 0x000000008000ff12 (0xfe043703) x14 0x00000000800120bc mem 0x0000000080031f50
core   0: 0x000000008000ff16 (0xfcf76de3) bltu    a4, a5, pc - 38
core   0: 3 0x000000008000ff16 (0xfcf76de3)
core   0: 0x000000008000fef0 (0xfe043783) ld      a5, -32(s0)
core   0: 3 0x000000008000fef0 (0xfe043783) x15 0x00000000800120bc mem 0x0000000080031f50
core   0: 0x000000008000fef4 (0x00178713) addi    a4, a5, 1
core   0: 3 0x000000008000fef4 (0x00178713) x14 0x00000000800120bd
core   0: 0x000000008000fef8 (0xfee43023) sd      a4, -32(s0)
core   0: 3 0x000000008000fef8 (0xfee43023) mem 0x0000000080031f50 0x00000000800120bd
core   0: 0x000000008000fefc (0xfc442703) lw      a4, -60(s0)
core   0: 3 0x000000008000fefc (0xfc442703) x14 0x0000000000000000 mem 0x0000000080031f34
core   0: 0x000000008000ff00 (0x0ff77713) andi    a4, a4, 255
core   0: 3 0x000000008000ff00 (0x0ff77713) x14 0x0000000000000000
core   0: 0x000000008000ff04 (0x00e78023) sb      a4, 0(a5)
core   0: 3 0x000000008000ff04 (0x00e78023) mem 0x00000000800120bc 0x00
core   0: 0x000000008000ff08 (0xfc843703) ld      a4, -56(s0)
core   0: 3 0x000000008000ff08 (0xfc843703) x14 0x0000000080012040 mem 0x0000000080031f38
core   0: 0x000000008000ff0c (0xfb843783) ld      a5, -72(s0)
core   0: 3 0x000000008000ff0c (0xfb843783) x15 0x000000000000009c mem 0x0000000080031f28
core   0: 0x000000008000ff10 (0x000097ba) c.add   a5, a4
core   0: 3 0x000000008000ff10 (0x97ba) x15 0x00000000800120dc
core   0: 0x000000008000ff12 (0xfe043703) ld      a4, -32(s0)
core   0: 3 0x000000008000ff12 (0xfe043703) x14 0x00000000800120bd mem 0x0000000080031f50
core   0: 0x000000008000ff16 (0xfcf76de3) bltu    a4, a5, pc - 38
core   0: 3 0x000000008000ff16 (0xfcf76de3)
core   0: 0x000000008000fef0 (0xfe043783) ld      a5, -32(s0)
core   0: 3 0x000000008000fef0 (0xfe043783) x15 0x00000000800120bd mem 0x0000000080031f50
core   0: 0x000000008000fef4 (0x00178713) addi    a4, a5, 1
core   0: 3 0x000000008000fef4 (0x00178713) x14 0x00000000800120be
core   0: 0x000000008000fef8 (0xfee43023) sd      a4, -32(s0)
core   0: 3 0x000000008000fef8 (0xfee43023) mem 0x0000000080031f50 0x00000000800120be
core   0: 0x000000008000fefc (0xfc442703) lw      a4, -60(s0)
core   0: 3 0x000000008000fefc (0xfc442703) x14 0x0000000000000000 mem 0x0000000080031f34
core   0: 0x000000008000ff00 (0x0ff77713) andi    a4, a4, 255
core   0: 3 0x000000008000ff00 (0x0ff77713) x14 0x0000000000000000
core   0: 0x000000008000ff04 (0x00e78023) sb      a4, 0(a5)
core   0: 3 0x000000008000ff04 (0x00e78023) mem 0x00000000800120bd 0x00
core   0: 0x000000008000ff08 (0xfc843703) ld      a4, -56(s0)
core   0: 3 0x000000008000ff08 (0xfc843703) x14 0x0000000080012040 mem 0x0000000080031f38
core   0: 0x000000008000ff0c (0xfb843783) ld      a5, -72(s0)
core   0: 3 0x000000008000ff0c (0xfb843783) x15 0x000000000000009c mem 0x0000000080031f28
core   0: 0x000000008000ff10 (0x000097ba) c.add   a5, a4
core   0: 3 0x000000008000ff10 (0x97ba) x15 0x00000000800120dc
core   0: 0x000000008000ff12 (0xfe043703) ld      a4, -32(s0)
core   0: 3 0x000000008000ff12 (0xfe043703) x14 0x00000000800120be mem 0x0000000080031f50
core   0: 0x000000008000ff16 (0xfcf76de3) bltu    a4, a5, pc - 38
core   0: 3 0x000000008000ff16 (0xfcf76de3)
core   0: 0x000000008000fef0 (0xfe043783) ld      a5, -32(s0)
core   0: 3 0x000000008000fef0 (0xfe043783) x15 0x00000000800120be mem 0x0000000080031f50
core   0: 0x000000008000fef4 (0x00178713) addi    a4, a5, 1
core   0: 3 0x000000008000fef4 (0x00178713) x14 0x00000000800120bf
core   0: 0x000000008000fef8 (0xfee43023) sd      a4, -32(s0)
core   0: 3 0x000000008000fef8 (0xfee43023) mem 0x0000000080031f50 0x00000000800120bf
core   0: 0x000000008000fefc (0xfc442703) lw      a4, -60(s0)
core   0: 3 0x000000008000fefc (0xfc442703) x14 0x0000000000000000 mem 0x0000000080031f34
core   0: 0x000000008000ff00 (0x0ff77713) andi    a4, a4, 255
core   0: 3 0x000000008000ff00 (0x0ff77713) x14 0x0000000000000000
core   0: 0x000000008000ff04 (0x00e78023) sb      a4, 0(a5)
core   0: 3 0x000000008000ff04 (0x00e78023) mem 0x00000000800120be 0x00
core   0: 0x000000008000ff08 (0xfc843703) ld      a4, -56(s0)
core   0: 3 0x000000008000ff08 (0xfc843703) x14 0x0000000080012040 mem 0x0000000080031f38
core   0: 0x000000008000ff0c (0xfb843783) ld      a5, -72(s0)
core   0: 3 0x000000008000ff0c (0xfb843783) x15 0x000000000000009c mem 0x0000000080031f28
core   0: 0x000000008000ff10 (0x000097ba) c.add   a5, a4
core   0: 3 0x000000008000ff10 (0x97ba) x15 0x00000000800120dc
core   0: 0x000000008000ff12 (0xfe043703) ld      a4, -32(s0)
core   0: 3 0x000000008000ff12 (0xfe043703) x14 0x00000000800120bf mem 0x0000000080031f50
core   0: 0x000000008000ff16 (0xfcf76de3) bltu    a4, a5, pc - 38
core   0: 3 0x000000008000ff16 (0xfcf76de3)
core   0: 0x000000008000fef0 (0xfe043783) ld      a5, -32(s0)
core   0: 3 0x000000008000fef0 (0xfe043783) x15 0x00000000800120bf mem 0x0000000080031f50
core   0: 0x000000008000fef4 (0x00178713) addi    a4, a5, 1
core   0: 3 0x000000008000fef4 (0x00178713) x14 0x00000000800120c0
core   0: 0x000000008000fef8 (0xfee43023) sd      a4, -32(s0)
core   0: 3 0x000000008000fef8 (0xfee43023) mem 0x0000000080031f50 0x00000000800120c0
core   0: 0x000000008000fefc (0xfc442703) lw      a4, -60(s0)
core   0: 3 0x000000008000fefc (0xfc442703) x14 0x0000000000000000 mem 0x0000000080031f34
core   0: 0x000000008000ff00 (0x0ff77713) andi    a4, a4, 255
core   0: 3 0x000000008000ff00 (0x0ff77713) x14 0x0000000000000000
core   0: 0x000000008000ff04 (0x00e78023) sb      a4, 0(a5)
core   0: 3 0x000000008000ff04 (0x00e78023) mem 0x00000000800120bf 0x00
core   0: 0x000000008000ff08 (0xfc843703) ld      a4, -56(s0)
core   0: 3 0x000000008000ff08 (0xfc843703) x14 0x0000000080012040 mem 0x0000000080031f38
core   0: 0x000000008000ff0c (0xfb843783) ld      a5, -72(s0)
core   0: 3 0x000000008000ff0c (0xfb843783) x15 0x000000000000009c mem 0x0000000080031f28
core   0: 0x000000008000ff10 (0x000097ba) c.add   a5, a4
core   0: 3 0x000000008000ff10 (0x97ba) x15 0x00000000800120dc
core   0: 0x000000008000ff12 (0xfe043703) ld      a4, -32(s0)
core   0: 3 0x000000008000ff12 (0xfe043703) x14 0x00000000800120c0 mem 0x0000000080031f50
core   0: 0x000000008000ff16 (0xfcf76de3) bltu    a4, a5, pc - 38
core   0: 3 0x000000008000ff16 (0xfcf76de3)
core   0: 0x000000008000fef0 (0xfe043783) ld      a5, -32(s0)
core   0: 3 0x000000008000fef0 (0xfe043783) x15 0x00000000800120c0 mem 0x0000000080031f50
core   0: 0x000000008000fef4 (0x00178713) addi    a4, a5, 1
core   0: 3 0x000000008000fef4 (0x00178713) x14 0x00000000800120c1
core   0: 0x000000008000fef8 (0xfee43023) sd      a4, -32(s0)
core   0: 3 0x000000008000fef8 (0xfee43023) mem 0x0000000080031f50 0x00000000800120c1
core   0: 0x000000008000fefc (0xfc442703) lw      a4, -60(s0)
core   0: 3 0x000000008000fefc (0xfc442703) x14 0x0000000000000000 mem 0x0000000080031f34
core   0: 0x000000008000ff00 (0x0ff77713) andi    a4, a4, 255
core   0: 3 0x000000008000ff00 (0x0ff77713) x14 0x0000000000000000
core   0: 0x000000008000ff04 (0x00e78023) sb      a4, 0(a5)
core   0: 3 0x000000008000ff04 (0x00e78023) mem 0x00000000800120c0 0x00
core   0: 0x000000008000ff08 (0xfc843703) ld      a4, -56(s0)
core   0: 3 0x000000008000ff08 (0xfc843703) x14 0x0000000080012040 mem 0x0000000080031f38
core   0: 0x000000008000ff0c (0xfb843783) ld      a5, -72(s0)
core   0: 3 0x000000008000ff0c (0xfb843783) x15 0x000000000000009c mem 0x0000000080031f28
core   0: 0x000000008000ff10 (0x000097ba) c.add   a5, a4
core   0: 3 0x000000008000ff10 (0x97ba) x15 0x00000000800120dc
core   0: 0x000000008000ff12 (0xfe043703) ld      a4, -32(s0)
core   0: 3 0x000000008000ff12 (0xfe043703) x14 0x00000000800120c1 mem 0x0000000080031f50
core   0: 0x000000008000ff16 (0xfcf76de3) bltu    a4, a5, pc - 38
core   0: 3 0x000000008000ff16 (0xfcf76de3)
core   0: 0x000000008000fef0 (0xfe043783) ld      a5, -32(s0)
core   0: 3 0x000000008000fef0 (0xfe043783) x15 0x00000000800120c1 mem 0x0000000080031f50
core   0: 0x000000008000fef4 (0x00178713) addi    a4, a5, 1
core   0: 3 0x000000008000fef4 (0x00178713) x14 0x00000000800120c2
core   0: 0x000000008000fef8 (0xfee43023) sd      a4, -32(s0)
core   0: 3 0x000000008000fef8 (0xfee43023) mem 0x0000000080031f50 0x00000000800120c2
core   0: 0x000000008000fefc (0xfc442703) lw      a4, -60(s0)
core   0: 3 0x000000008000fefc (0xfc442703) x14 0x0000000000000000 mem 0x0000000080031f34
core   0: 0x000000008000ff00 (0x0ff77713) andi    a4, a4, 255
core   0: 3 0x000000008000ff00 (0x0ff77713) x14 0x0000000000000000
core   0: 0x000000008000ff04 (0x00e78023) sb      a4, 0(a5)
core   0: 3 0x000000008000ff04 (0x00e78023) mem 0x00000000800120c1 0x00
core   0: 0x000000008000ff08 (0xfc843703) ld      a4, -56(s0)
core   0: 3 0x000000008000ff08 (0xfc843703) x14 0x0000000080012040 mem 0x0000000080031f38
core   0: 0x000000008000ff0c (0xfb843783) ld      a5, -72(s0)
core   0: 3 0x000000008000ff0c (0xfb843783) x15 0x000000000000009c mem 0x0000000080031f28
core   0: 0x000000008000ff10 (0x000097ba) c.add   a5, a4
core   0: 3 0x000000008000ff10 (0x97ba) x15 0x00000000800120dc
core   0: 0x000000008000ff12 (0xfe043703) ld      a4, -32(s0)
core   0: 3 0x000000008000ff12 (0xfe043703) x14 0x00000000800120c2 mem 0x0000000080031f50
core   0: 0x000000008000ff16 (0xfcf76de3) bltu    a4, a5, pc - 38
core   0: 3 0x000000008000ff16 (0xfcf76de3)
core   0: 0x000000008000fef0 (0xfe043783) ld      a5, -32(s0)
core   0: 3 0x000000008000fef0 (0xfe043783) x15 0x00000000800120c2 mem 0x0000000080031f50
core   0: 0x000000008000fef4 (0x00178713) addi    a4, a5, 1
core   0: 3 0x000000008000fef4 (0x00178713) x14 0x00000000800120c3
core   0: 0x000000008000fef8 (0xfee43023) sd      a4, -32(s0)
core   0: 3 0x000000008000fef8 (0xfee43023) mem 0x0000000080031f50 0x00000000800120c3
core   0: 0x000000008000fefc (0xfc442703) lw      a4, -60(s0)
core   0: 3 0x000000008000fefc (0xfc442703) x14 0x0000000000000000 mem 0x0000000080031f34
core   0: 0x000000008000ff00 (0x0ff77713) andi    a4, a4, 255
core   0: 3 0x000000008000ff00 (0x0ff77713) x14 0x0000000000000000
core   0: 0x000000008000ff04 (0x00e78023) sb      a4, 0(a5)
core   0: 3 0x000000008000ff04 (0x00e78023) mem 0x00000000800120c2 0x00
core   0: 0x000000008000ff08 (0xfc843703) ld      a4, -56(s0)
core   0: 3 0x000000008000ff08 (0xfc843703) x14 0x0000000080012040 mem 0x0000000080031f38
core   0: 0x000000008000ff0c (0xfb843783) ld      a5, -72(s0)
core   0: 3 0x000000008000ff0c (0xfb843783) x15 0x000000000000009c mem 0x0000000080031f28
core   0: 0x000000008000ff10 (0x000097ba) c.add   a5, a4
core   0: 3 0x000000008000ff10 (0x97ba) x15 0x00000000800120dc
core   0: 0x000000008000ff12 (0xfe043703) ld      a4, -32(s0)
core   0: 3 0x000000008000ff12 (0xfe043703) x14 0x00000000800120c3 mem 0x0000000080031f50
core   0: 0x000000008000ff16 (0xfcf76de3) bltu    a4, a5, pc - 38
core   0: 3 0x000000008000ff16 (0xfcf76de3)
core   0: 0x000000008000fef0 (0xfe043783) ld      a5, -32(s0)
core   0: 3 0x000000008000fef0 (0xfe043783) x15 0x00000000800120c3 mem 0x0000000080031f50
core   0: 0x000000008000fef4 (0x00178713) addi    a4, a5, 1
core   0: 3 0x000000008000fef4 (0x00178713) x14 0x00000000800120c4
core   0: 0x000000008000fef8 (0xfee43023) sd      a4, -32(s0)
core   0: 3 0x000000008000fef8 (0xfee43023) mem 0x0000000080031f50 0x00000000800120c4
core   0: 0x000000008000fefc (0xfc442703) lw      a4, -60(s0)
core   0: 3 0x000000008000fefc (0xfc442703) x14 0x0000000000000000 mem 0x0000000080031f34
core   0: 0x000000008000ff00 (0x0ff77713) andi    a4, a4, 255
core   0: 3 0x000000008000ff00 (0x0ff77713) x14 0x0000000000000000
core   0: 0x000000008000ff04 (0x00e78023) sb      a4, 0(a5)
core   0: 3 0x000000008000ff04 (0x00e78023) mem 0x00000000800120c3 0x00
core   0: 0x000000008000ff08 (0xfc843703) ld      a4, -56(s0)
core   0: 3 0x000000008000ff08 (0xfc843703) x14 0x0000000080012040 mem 0x0000000080031f38
core   0: 0x000000008000ff0c (0xfb843783) ld      a5, -72(s0)
core   0: 3 0x000000008000ff0c (0xfb843783) x15 0x000000000000009c mem 0x0000000080031f28
core   0: 0x000000008000ff10 (0x000097ba) c.add   a5, a4
core   0: 3 0x000000008000ff10 (0x97ba) x15 0x00000000800120dc
core   0: 0x000000008000ff12 (0xfe043703) ld      a4, -32(s0)
core   0: 3 0x000000008000ff12 (0xfe043703) x14 0x00000000800120c4 mem 0x0000000080031f50
core   0: 0x000000008000ff16 (0xfcf76de3) bltu    a4, a5, pc - 38
core   0: 3 0x000000008000ff16 (0xfcf76de3)
core   0: 0x000000008000fef0 (0xfe043783) ld      a5, -32(s0)
core   0: 3 0x000000008000fef0 (0xfe043783) x15 0x00000000800120c4 mem 0x0000000080031f50
core   0: 0x000000008000fef4 (0x00178713) addi    a4, a5, 1
core   0: 3 0x000000008000fef4 (0x00178713) x14 0x00000000800120c5
core   0: 0x000000008000fef8 (0xfee43023) sd      a4, -32(s0)
core   0: 3 0x000000008000fef8 (0xfee43023) mem 0x0000000080031f50 0x00000000800120c5
core   0: 0x000000008000fefc (0xfc442703) lw      a4, -60(s0)
core   0: 3 0x000000008000fefc (0xfc442703) x14 0x0000000000000000 mem 0x0000000080031f34
core   0: 0x000000008000ff00 (0x0ff77713) andi    a4, a4, 255
core   0: 3 0x000000008000ff00 (0x0ff77713) x14 0x0000000000000000
core   0: 0x000000008000ff04 (0x00e78023) sb      a4, 0(a5)
core   0: 3 0x000000008000ff04 (0x00e78023) mem 0x00000000800120c4 0x00
core   0: 0x000000008000ff08 (0xfc843703) ld      a4, -56(s0)
core   0: 3 0x000000008000ff08 (0xfc843703) x14 0x0000000080012040 mem 0x0000000080031f38
core   0: 0x000000008000ff0c (0xfb843783) ld      a5, -72(s0)
core   0: 3 0x000000008000ff0c (0xfb843783) x15 0x000000000000009c mem 0x0000000080031f28
core   0: 0x000000008000ff10 (0x000097ba) c.add   a5, a4
core   0: 3 0x000000008000ff10 (0x97ba) x15 0x00000000800120dc
core   0: 0x000000008000ff12 (0xfe043703) ld      a4, -32(s0)
core   0: 3 0x000000008000ff12 (0xfe043703) x14 0x00000000800120c5 mem 0x0000000080031f50
core   0: 0x000000008000ff16 (0xfcf76de3) bltu    a4, a5, pc - 38
core   0: 3 0x000000008000ff16 (0xfcf76de3)
core   0: 0x000000008000fef0 (0xfe043783) ld      a5, -32(s0)
core   0: 3 0x000000008000fef0 (0xfe043783) x15 0x00000000800120c5 mem 0x0000000080031f50
core   0: 0x000000008000fef4 (0x00178713) addi    a4, a5, 1
core   0: 3 0x000000008000fef4 (0x00178713) x14 0x00000000800120c6
core   0: 0x000000008000fef8 (0xfee43023) sd      a4, -32(s0)
core   0: 3 0x000000008000fef8 (0xfee43023) mem 0x0000000080031f50 0x00000000800120c6
core   0: 0x000000008000fefc (0xfc442703) lw      a4, -60(s0)
core   0: 3 0x000000008000fefc (0xfc442703) x14 0x0000000000000000 mem 0x0000000080031f34
core   0: 0x000000008000ff00 (0x0ff77713) andi    a4, a4, 255
core   0: 3 0x000000008000ff00 (0x0ff77713) x14 0x0000000000000000
core   0: 0x000000008000ff04 (0x00e78023) sb      a4, 0(a5)
core   0: 3 0x000000008000ff04 (0x00e78023) mem 0x00000000800120c5 0x00
core   0: 0x000000008000ff08 (0xfc843703) ld      a4, -56(s0)
core   0: 3 0x000000008000ff08 (0xfc843703) x14 0x0000000080012040 mem 0x0000000080031f38
core   0: 0x000000008000ff0c (0xfb843783) ld      a5, -72(s0)
core   0: 3 0x000000008000ff0c (0xfb843783) x15 0x000000000000009c mem 0x0000000080031f28
core   0: 0x000000008000ff10 (0x000097ba) c.add   a5, a4
core   0: 3 0x000000008000ff10 (0x97ba) x15 0x00000000800120dc
core   0: 0x000000008000ff12 (0xfe043703) ld      a4, -32(s0)
core   0: 3 0x000000008000ff12 (0xfe043703) x14 0x00000000800120c6 mem 0x0000000080031f50
core   0: 0x000000008000ff16 (0xfcf76de3) bltu    a4, a5, pc - 38
core   0: 3 0x000000008000ff16 (0xfcf76de3)
core   0: 0x000000008000fef0 (0xfe043783) ld      a5, -32(s0)
core   0: 3 0x000000008000fef0 (0xfe043783) x15 0x00000000800120c6 mem 0x0000000080031f50
core   0: 0x000000008000fef4 (0x00178713) addi    a4, a5, 1
core   0: 3 0x000000008000fef4 (0x00178713) x14 0x00000000800120c7
core   0: 0x000000008000fef8 (0xfee43023) sd      a4, -32(s0)
core   0: 3 0x000000008000fef8 (0xfee43023) mem 0x0000000080031f50 0x00000000800120c7
core   0: 0x000000008000fefc (0xfc442703) lw      a4, -60(s0)
core   0: 3 0x000000008000fefc (0xfc442703) x14 0x0000000000000000 mem 0x0000000080031f34
core   0: 0x000000008000ff00 (0x0ff77713) andi    a4, a4, 255
core   0: 3 0x000000008000ff00 (0x0ff77713) x14 0x0000000000000000
core   0: 0x000000008000ff04 (0x00e78023) sb      a4, 0(a5)
core   0: 3 0x000000008000ff04 (0x00e78023) mem 0x00000000800120c6 0x00
core   0: 0x000000008000ff08 (0xfc843703) ld      a4, -56(s0)
core   0: 3 0x000000008000ff08 (0xfc843703) x14 0x0000000080012040 mem 0x0000000080031f38
core   0: 0x000000008000ff0c (0xfb843783) ld      a5, -72(s0)
core   0: 3 0x000000008000ff0c (0xfb843783) x15 0x000000000000009c mem 0x0000000080031f28
core   0: 0x000000008000ff10 (0x000097ba) c.add   a5, a4
core   0: 3 0x000000008000ff10 (0x97ba) x15 0x00000000800120dc
core   0: 0x000000008000ff12 (0xfe043703) ld      a4, -32(s0)
core   0: 3 0x000000008000ff12 (0xfe043703) x14 0x00000000800120c7 mem 0x0000000080031f50
core   0: 0x000000008000ff16 (0xfcf76de3) bltu    a4, a5, pc - 38
core   0: 3 0x000000008000ff16 (0xfcf76de3)
core   0: 0x000000008000fef0 (0xfe043783) ld      a5, -32(s0)
core   0: 3 0x000000008000fef0 (0xfe043783) x15 0x00000000800120c7 mem 0x0000000080031f50
core   0: 0x000000008000fef4 (0x00178713) addi    a4, a5, 1
core   0: 3 0x000000008000fef4 (0x00178713) x14 0x00000000800120c8
core   0: 0x000000008000fef8 (0xfee43023) sd      a4, -32(s0)
core   0: 3 0x000000008000fef8 (0xfee43023) mem 0x0000000080031f50 0x00000000800120c8
core   0: 0x000000008000fefc (0xfc442703) lw      a4, -60(s0)
core   0: 3 0x000000008000fefc (0xfc442703) x14 0x0000000000000000 mem 0x0000000080031f34
core   0: 0x000000008000ff00 (0x0ff77713) andi    a4, a4, 255
core   0: 3 0x000000008000ff00 (0x0ff77713) x14 0x0000000000000000
core   0: 0x000000008000ff04 (0x00e78023) sb      a4, 0(a5)
core   0: 3 0x000000008000ff04 (0x00e78023) mem 0x00000000800120c7 0x00
core   0: 0x000000008000ff08 (0xfc843703) ld      a4, -56(s0)
core   0: 3 0x000000008000ff08 (0xfc843703) x14 0x0000000080012040 mem 0x0000000080031f38
core   0: 0x000000008000ff0c (0xfb843783) ld      a5, -72(s0)
core   0: 3 0x000000008000ff0c (0xfb843783) x15 0x000000000000009c mem 0x0000000080031f28
core   0: 0x000000008000ff10 (0x000097ba) c.add   a5, a4
core   0: 3 0x000000008000ff10 (0x97ba) x15 0x00000000800120dc
core   0: 0x000000008000ff12 (0xfe043703) ld      a4, -32(s0)
core   0: 3 0x000000008000ff12 (0xfe043703) x14 0x00000000800120c8 mem 0x0000000080031f50
core   0: 0x000000008000ff16 (0xfcf76de3) bltu    a4, a5, pc - 38
core   0: 3 0x000000008000ff16 (0xfcf76de3)
core   0: 0x000000008000fef0 (0xfe043783) ld      a5, -32(s0)
core   0: 3 0x000000008000fef0 (0xfe043783) x15 0x00000000800120c8 mem 0x0000000080031f50
core   0: 0x000000008000fef4 (0x00178713) addi    a4, a5, 1
core   0: 3 0x000000008000fef4 (0x00178713) x14 0x00000000800120c9
core   0: 0x000000008000fef8 (0xfee43023) sd      a4, -32(s0)
core   0: 3 0x000000008000fef8 (0xfee43023) mem 0x0000000080031f50 0x00000000800120c9
core   0: 0x000000008000fefc (0xfc442703) lw      a4, -60(s0)
core   0: 3 0x000000008000fefc (0xfc442703) x14 0x0000000000000000 mem 0x0000000080031f34
core   0: 0x000000008000ff00 (0x0ff77713) andi    a4, a4, 255
core   0: 3 0x000000008000ff00 (0x0ff77713) x14 0x0000000000000000
core   0: 0x000000008000ff04 (0x00e78023) sb      a4, 0(a5)
core   0: 3 0x000000008000ff04 (0x00e78023) mem 0x00000000800120c8 0x00
core   0: 0x000000008000ff08 (0xfc843703) ld      a4, -56(s0)
core   0: 3 0x000000008000ff08 (0xfc843703) x14 0x0000000080012040 mem 0x0000000080031f38
core   0: 0x000000008000ff0c (0xfb843783) ld      a5, -72(s0)
core   0: 3 0x000000008000ff0c (0xfb843783) x15 0x000000000000009c mem 0x0000000080031f28
core   0: 0x000000008000ff10 (0x000097ba) c.add   a5, a4
core   0: 3 0x000000008000ff10 (0x97ba) x15 0x00000000800120dc
core   0: 0x000000008000ff12 (0xfe043703) ld      a4, -32(s0)
core   0: 3 0x000000008000ff12 (0xfe043703) x14 0x00000000800120c9 mem 0x0000000080031f50
core   0: 0x000000008000ff16 (0xfcf76de3) bltu    a4, a5, pc - 38
core   0: 3 0x000000008000ff16 (0xfcf76de3)
core   0: 0x000000008000fef0 (0xfe043783) ld      a5, -32(s0)
core   0: 3 0x000000008000fef0 (0xfe043783) x15 0x00000000800120c9 mem 0x0000000080031f50
core   0: 0x000000008000fef4 (0x00178713) addi    a4, a5, 1
core   0: 3 0x000000008000fef4 (0x00178713) x14 0x00000000800120ca
core   0: 0x000000008000fef8 (0xfee43023) sd      a4, -32(s0)
core   0: 3 0x000000008000fef8 (0xfee43023) mem 0x0000000080031f50 0x00000000800120ca
core   0: 0x000000008000fefc (0xfc442703) lw      a4, -60(s0)
core   0: 3 0x000000008000fefc (0xfc442703) x14 0x0000000000000000 mem 0x0000000080031f34
core   0: 0x000000008000ff00 (0x0ff77713) andi    a4, a4, 255
core   0: 3 0x000000008000ff00 (0x0ff77713) x14 0x0000000000000000
core   0: 0x000000008000ff04 (0x00e78023) sb      a4, 0(a5)
core   0: 3 0x000000008000ff04 (0x00e78023) mem 0x00000000800120c9 0x00
core   0: 0x000000008000ff08 (0xfc843703) ld      a4, -56(s0)
core   0: 3 0x000000008000ff08 (0xfc843703) x14 0x0000000080012040 mem 0x0000000080031f38
core   0: 0x000000008000ff0c (0xfb843783) ld      a5, -72(s0)
core   0: 3 0x000000008000ff0c (0xfb843783) x15 0x000000000000009c mem 0x0000000080031f28
core   0: 0x000000008000ff10 (0x000097ba) c.add   a5, a4
core   0: 3 0x000000008000ff10 (0x97ba) x15 0x00000000800120dc
core   0: 0x000000008000ff12 (0xfe043703) ld      a4, -32(s0)
core   0: 3 0x000000008000ff12 (0xfe043703) x14 0x00000000800120ca mem 0x0000000080031f50
core   0: 0x000000008000ff16 (0xfcf76de3) bltu    a4, a5, pc - 38
core   0: 3 0x000000008000ff16 (0xfcf76de3)
core   0: 0x000000008000fef0 (0xfe043783) ld      a5, -32(s0)
core   0: 3 0x000000008000fef0 (0xfe043783) x15 0x00000000800120ca mem 0x0000000080031f50
core   0: 0x000000008000fef4 (0x00178713) addi    a4, a5, 1
core   0: 3 0x000000008000fef4 (0x00178713) x14 0x00000000800120cb
core   0: 0x000000008000fef8 (0xfee43023) sd      a4, -32(s0)
core   0: 3 0x000000008000fef8 (0xfee43023) mem 0x0000000080031f50 0x00000000800120cb
core   0: 0x000000008000fefc (0xfc442703) lw      a4, -60(s0)
core   0: 3 0x000000008000fefc (0xfc442703) x14 0x0000000000000000 mem 0x0000000080031f34
core   0: 0x000000008000ff00 (0x0ff77713) andi    a4, a4, 255
core   0: 3 0x000000008000ff00 (0x0ff77713) x14 0x0000000000000000
core   0: 0x000000008000ff04 (0x00e78023) sb      a4, 0(a5)
core   0: 3 0x000000008000ff04 (0x00e78023) mem 0x00000000800120ca 0x00
core   0: 0x000000008000ff08 (0xfc843703) ld      a4, -56(s0)
core   0: 3 0x000000008000ff08 (0xfc843703) x14 0x0000000080012040 mem 0x0000000080031f38
core   0: 0x000000008000ff0c (0xfb843783) ld      a5, -72(s0)
core   0: 3 0x000000008000ff0c (0xfb843783) x15 0x000000000000009c mem 0x0000000080031f28
core   0: 0x000000008000ff10 (0x000097ba) c.add   a5, a4
core   0: 3 0x000000008000ff10 (0x97ba) x15 0x00000000800120dc
core   0: 0x000000008000ff12 (0xfe043703) ld      a4, -32(s0)
core   0: 3 0x000000008000ff12 (0xfe043703) x14 0x00000000800120cb mem 0x0000000080031f50
core   0: 0x000000008000ff16 (0xfcf76de3) bltu    a4, a5, pc - 38
core   0: 3 0x000000008000ff16 (0xfcf76de3)
core   0: 0x000000008000fef0 (0xfe043783) ld      a5, -32(s0)
core   0: 3 0x000000008000fef0 (0xfe043783) x15 0x00000000800120cb mem 0x0000000080031f50
core   0: 0x000000008000fef4 (0x00178713) addi    a4, a5, 1
core   0: 3 0x000000008000fef4 (0x00178713) x14 0x00000000800120cc
core   0: 0x000000008000fef8 (0xfee43023) sd      a4, -32(s0)
core   0: 3 0x000000008000fef8 (0xfee43023) mem 0x0000000080031f50 0x00000000800120cc
core   0: 0x000000008000fefc (0xfc442703) lw      a4, -60(s0)
core   0: 3 0x000000008000fefc (0xfc442703) x14 0x0000000000000000 mem 0x0000000080031f34
core   0: 0x000000008000ff00 (0x0ff77713) andi    a4, a4, 255
core   0: 3 0x000000008000ff00 (0x0ff77713) x14 0x0000000000000000
core   0: 0x000000008000ff04 (0x00e78023) sb      a4, 0(a5)
core   0: 3 0x000000008000ff04 (0x00e78023) mem 0x00000000800120cb 0x00
core   0: 0x000000008000ff08 (0xfc843703) ld      a4, -56(s0)
core   0: 3 0x000000008000ff08 (0xfc843703) x14 0x0000000080012040 mem 0x0000000080031f38
core   0: 0x000000008000ff0c (0xfb843783) ld      a5, -72(s0)
core   0: 3 0x000000008000ff0c (0xfb843783) x15 0x000000000000009c mem 0x0000000080031f28
core   0: 0x000000008000ff10 (0x000097ba) c.add   a5, a4
core   0: 3 0x000000008000ff10 (0x97ba) x15 0x00000000800120dc
core   0: 0x000000008000ff12 (0xfe043703) ld      a4, -32(s0)
core   0: 3 0x000000008000ff12 (0xfe043703) x14 0x00000000800120cc mem 0x0000000080031f50
core   0: 0x000000008000ff16 (0xfcf76de3) bltu    a4, a5, pc - 38
core   0: 3 0x000000008000ff16 (0xfcf76de3)
core   0: 0x000000008000fef0 (0xfe043783) ld      a5, -32(s0)
core   0: 3 0x000000008000fef0 (0xfe043783) x15 0x00000000800120cc mem 0x0000000080031f50
core   0: 0x000000008000fef4 (0x00178713) addi    a4, a5, 1
core   0: 3 0x000000008000fef4 (0x00178713) x14 0x00000000800120cd
core   0: 0x000000008000fef8 (0xfee43023) sd      a4, -32(s0)
core   0: 3 0x000000008000fef8 (0xfee43023) mem 0x0000000080031f50 0x00000000800120cd
core   0: 0x000000008000fefc (0xfc442703) lw      a4, -60(s0)
core   0: 3 0x000000008000fefc (0xfc442703) x14 0x0000000000000000 mem 0x0000000080031f34
core   0: 0x000000008000ff00 (0x0ff77713) andi    a4, a4, 255
core   0: 3 0x000000008000ff00 (0x0ff77713) x14 0x0000000000000000
core   0: 0x000000008000ff04 (0x00e78023) sb      a4, 0(a5)
core   0: 3 0x000000008000ff04 (0x00e78023) mem 0x00000000800120cc 0x00
core   0: 0x000000008000ff08 (0xfc843703) ld      a4, -56(s0)
core   0: 3 0x000000008000ff08 (0xfc843703) x14 0x0000000080012040 mem 0x0000000080031f38
core   0: 0x000000008000ff0c (0xfb843783) ld      a5, -72(s0)
core   0: 3 0x000000008000ff0c (0xfb843783) x15 0x000000000000009c mem 0x0000000080031f28
core   0: 0x000000008000ff10 (0x000097ba) c.add   a5, a4
core   0: 3 0x000000008000ff10 (0x97ba) x15 0x00000000800120dc
core   0: 0x000000008000ff12 (0xfe043703) ld      a4, -32(s0)
core   0: 3 0x000000008000ff12 (0xfe043703) x14 0x00000000800120cd mem 0x0000000080031f50
core   0: 0x000000008000ff16 (0xfcf76de3) bltu    a4, a5, pc - 38
core   0: 3 0x000000008000ff16 (0xfcf76de3)
core   0: 0x000000008000fef0 (0xfe043783) ld      a5, -32(s0)
core   0: 3 0x000000008000fef0 (0xfe043783) x15 0x00000000800120cd mem 0x0000000080031f50
core   0: 0x000000008000fef4 (0x00178713) addi    a4, a5, 1
core   0: 3 0x000000008000fef4 (0x00178713) x14 0x00000000800120ce
core   0: 0x000000008000fef8 (0xfee43023) sd      a4, -32(s0)
core   0: 3 0x000000008000fef8 (0xfee43023) mem 0x0000000080031f50 0x00000000800120ce
core   0: 0x000000008000fefc (0xfc442703) lw      a4, -60(s0)
core   0: 3 0x000000008000fefc (0xfc442703) x14 0x0000000000000000 mem 0x0000000080031f34
core   0: 0x000000008000ff00 (0x0ff77713) andi    a4, a4, 255
core   0: 3 0x000000008000ff00 (0x0ff77713) x14 0x0000000000000000
core   0: 0x000000008000ff04 (0x00e78023) sb      a4, 0(a5)
core   0: 3 0x000000008000ff04 (0x00e78023) mem 0x00000000800120cd 0x00
core   0: 0x000000008000ff08 (0xfc843703) ld      a4, -56(s0)
core   0: 3 0x000000008000ff08 (0xfc843703) x14 0x0000000080012040 mem 0x0000000080031f38
core   0: 0x000000008000ff0c (0xfb843783) ld      a5, -72(s0)
core   0: 3 0x000000008000ff0c (0xfb843783) x15 0x000000000000009c mem 0x0000000080031f28
core   0: 0x000000008000ff10 (0x000097ba) c.add   a5, a4
core   0: 3 0x000000008000ff10 (0x97ba) x15 0x00000000800120dc
core   0: 0x000000008000ff12 (0xfe043703) ld      a4, -32(s0)
core   0: 3 0x000000008000ff12 (0xfe043703) x14 0x00000000800120ce mem 0x0000000080031f50
core   0: 0x000000008000ff16 (0xfcf76de3) bltu    a4, a5, pc - 38
core   0: 3 0x000000008000ff16 (0xfcf76de3)
core   0: 0x000000008000fef0 (0xfe043783) ld      a5, -32(s0)
core   0: 3 0x000000008000fef0 (0xfe043783) x15 0x00000000800120ce mem 0x0000000080031f50
core   0: 0x000000008000fef4 (0x00178713) addi    a4, a5, 1
core   0: 3 0x000000008000fef4 (0x00178713) x14 0x00000000800120cf
core   0: 0x000000008000fef8 (0xfee43023) sd      a4, -32(s0)
core   0: 3 0x000000008000fef8 (0xfee43023) mem 0x0000000080031f50 0x00000000800120cf
core   0: 0x000000008000fefc (0xfc442703) lw      a4, -60(s0)
core   0: 3 0x000000008000fefc (0xfc442703) x14 0x0000000000000000 mem 0x0000000080031f34
core   0: 0x000000008000ff00 (0x0ff77713) andi    a4, a4, 255
core   0: 3 0x000000008000ff00 (0x0ff77713) x14 0x0000000000000000
core   0: 0x000000008000ff04 (0x00e78023) sb      a4, 0(a5)
core   0: 3 0x000000008000ff04 (0x00e78023) mem 0x00000000800120ce 0x00
core   0: 0x000000008000ff08 (0xfc843703) ld      a4, -56(s0)
core   0: 3 0x000000008000ff08 (0xfc843703) x14 0x0000000080012040 mem 0x0000000080031f38
core   0: 0x000000008000ff0c (0xfb843783) ld      a5, -72(s0)
core   0: 3 0x000000008000ff0c (0xfb843783) x15 0x000000000000009c mem 0x0000000080031f28
core   0: 0x000000008000ff10 (0x000097ba) c.add   a5, a4
core   0: 3 0x000000008000ff10 (0x97ba) x15 0x00000000800120dc
core   0: 0x000000008000ff12 (0xfe043703) ld      a4, -32(s0)
core   0: 3 0x000000008000ff12 (0xfe043703) x14 0x00000000800120cf mem 0x0000000080031f50
core   0: 0x000000008000ff16 (0xfcf76de3) bltu    a4, a5, pc - 38
core   0: 3 0x000000008000ff16 (0xfcf76de3)
core   0: 0x000000008000fef0 (0xfe043783) ld      a5, -32(s0)
core   0: 3 0x000000008000fef0 (0xfe043783) x15 0x00000000800120cf mem 0x0000000080031f50
core   0: 0x000000008000fef4 (0x00178713) addi    a4, a5, 1
core   0: 3 0x000000008000fef4 (0x00178713) x14 0x00000000800120d0
core   0: 0x000000008000fef8 (0xfee43023) sd      a4, -32(s0)
core   0: 3 0x000000008000fef8 (0xfee43023) mem 0x0000000080031f50 0x00000000800120d0
core   0: 0x000000008000fefc (0xfc442703) lw      a4, -60(s0)
core   0: 3 0x000000008000fefc (0xfc442703) x14 0x0000000000000000 mem 0x0000000080031f34
core   0: 0x000000008000ff00 (0x0ff77713) andi    a4, a4, 255
core   0: 3 0x000000008000ff00 (0x0ff77713) x14 0x0000000000000000
core   0: 0x000000008000ff04 (0x00e78023) sb      a4, 0(a5)
core   0: 3 0x000000008000ff04 (0x00e78023) mem 0x00000000800120cf 0x00
core   0: 0x000000008000ff08 (0xfc843703) ld      a4, -56(s0)
core   0: 3 0x000000008000ff08 (0xfc843703) x14 0x0000000080012040 mem 0x0000000080031f38
core   0: 0x000000008000ff0c (0xfb843783) ld      a5, -72(s0)
core   0: 3 0x000000008000ff0c (0xfb843783) x15 0x000000000000009c mem 0x0000000080031f28
core   0: 0x000000008000ff10 (0x000097ba) c.add   a5, a4
core   0: 3 0x000000008000ff10 (0x97ba) x15 0x00000000800120dc
core   0: 0x000000008000ff12 (0xfe043703) ld      a4, -32(s0)
core   0: 3 0x000000008000ff12 (0xfe043703) x14 0x00000000800120d0 mem 0x0000000080031f50
core   0: 0x000000008000ff16 (0xfcf76de3) bltu    a4, a5, pc - 38
core   0: 3 0x000000008000ff16 (0xfcf76de3)
core   0: 0x000000008000fef0 (0xfe043783) ld      a5, -32(s0)
core   0: 3 0x000000008000fef0 (0xfe043783) x15 0x00000000800120d0 mem 0x0000000080031f50
core   0: 0x000000008000fef4 (0x00178713) addi    a4, a5, 1
core   0: 3 0x000000008000fef4 (0x00178713) x14 0x00000000800120d1
core   0: 0x000000008000fef8 (0xfee43023) sd      a4, -32(s0)
core   0: 3 0x000000008000fef8 (0xfee43023) mem 0x0000000080031f50 0x00000000800120d1
core   0: 0x000000008000fefc (0xfc442703) lw      a4, -60(s0)
core   0: 3 0x000000008000fefc (0xfc442703) x14 0x0000000000000000 mem 0x0000000080031f34
core   0: 0x000000008000ff00 (0x0ff77713) andi    a4, a4, 255
core   0: 3 0x000000008000ff00 (0x0ff77713) x14 0x0000000000000000
core   0: 0x000000008000ff04 (0x00e78023) sb      a4, 0(a5)
core   0: 3 0x000000008000ff04 (0x00e78023) mem 0x00000000800120d0 0x00
core   0: 0x000000008000ff08 (0xfc843703) ld      a4, -56(s0)
core   0: 3 0x000000008000ff08 (0xfc843703) x14 0x0000000080012040 mem 0x0000000080031f38
core   0: 0x000000008000ff0c (0xfb843783) ld      a5, -72(s0)
core   0: 3 0x000000008000ff0c (0xfb843783) x15 0x000000000000009c mem 0x0000000080031f28
core   0: 0x000000008000ff10 (0x000097ba) c.add   a5, a4
core   0: 3 0x000000008000ff10 (0x97ba) x15 0x00000000800120dc
core   0: 0x000000008000ff12 (0xfe043703) ld      a4, -32(s0)
core   0: 3 0x000000008000ff12 (0xfe043703) x14 0x00000000800120d1 mem 0x0000000080031f50
core   0: 0x000000008000ff16 (0xfcf76de3) bltu    a4, a5, pc - 38
core   0: 3 0x000000008000ff16 (0xfcf76de3)
core   0: 0x000000008000fef0 (0xfe043783) ld      a5, -32(s0)
core   0: 3 0x000000008000fef0 (0xfe043783) x15 0x00000000800120d1 mem 0x0000000080031f50
core   0: 0x000000008000fef4 (0x00178713) addi    a4, a5, 1
core   0: 3 0x000000008000fef4 (0x00178713) x14 0x00000000800120d2
core   0: 0x000000008000fef8 (0xfee43023) sd      a4, -32(s0)
core   0: 3 0x000000008000fef8 (0xfee43023) mem 0x0000000080031f50 0x00000000800120d2
core   0: 0x000000008000fefc (0xfc442703) lw      a4, -60(s0)
core   0: 3 0x000000008000fefc (0xfc442703) x14 0x0000000000000000 mem 0x0000000080031f34
core   0: 0x000000008000ff00 (0x0ff77713) andi    a4, a4, 255
core   0: 3 0x000000008000ff00 (0x0ff77713) x14 0x0000000000000000
core   0: 0x000000008000ff04 (0x00e78023) sb      a4, 0(a5)
core   0: 3 0x000000008000ff04 (0x00e78023) mem 0x00000000800120d1 0x00
core   0: 0x000000008000ff08 (0xfc843703) ld      a4, -56(s0)
core   0: 3 0x000000008000ff08 (0xfc843703) x14 0x0000000080012040 mem 0x0000000080031f38
core   0: 0x000000008000ff0c (0xfb843783) ld      a5, -72(s0)
core   0: 3 0x000000008000ff0c (0xfb843783) x15 0x000000000000009c mem 0x0000000080031f28
core   0: 0x000000008000ff10 (0x000097ba) c.add   a5, a4
core   0: 3 0x000000008000ff10 (0x97ba) x15 0x00000000800120dc
core   0: 0x000000008000ff12 (0xfe043703) ld      a4, -32(s0)
core   0: 3 0x000000008000ff12 (0xfe043703) x14 0x00000000800120d2 mem 0x0000000080031f50
core   0: 0x000000008000ff16 (0xfcf76de3) bltu    a4, a5, pc - 38
core   0: 3 0x000000008000ff16 (0xfcf76de3)
core   0: 0x000000008000fef0 (0xfe043783) ld      a5, -32(s0)
core   0: 3 0x000000008000fef0 (0xfe043783) x15 0x00000000800120d2 mem 0x0000000080031f50
core   0: 0x000000008000fef4 (0x00178713) addi    a4, a5, 1
core   0: 3 0x000000008000fef4 (0x00178713) x14 0x00000000800120d3
core   0: 0x000000008000fef8 (0xfee43023) sd      a4, -32(s0)
core   0: 3 0x000000008000fef8 (0xfee43023) mem 0x0000000080031f50 0x00000000800120d3
core   0: 0x000000008000fefc (0xfc442703) lw      a4, -60(s0)
core   0: 3 0x000000008000fefc (0xfc442703) x14 0x0000000000000000 mem 0x0000000080031f34
core   0: 0x000000008000ff00 (0x0ff77713) andi    a4, a4, 255
core   0: 3 0x000000008000ff00 (0x0ff77713) x14 0x0000000000000000
core   0: 0x000000008000ff04 (0x00e78023) sb      a4, 0(a5)
core   0: 3 0x000000008000ff04 (0x00e78023) mem 0x00000000800120d2 0x00
core   0: 0x000000008000ff08 (0xfc843703) ld      a4, -56(s0)
core   0: 3 0x000000008000ff08 (0xfc843703) x14 0x0000000080012040 mem 0x0000000080031f38
core   0: 0x000000008000ff0c (0xfb843783) ld      a5, -72(s0)
core   0: 3 0x000000008000ff0c (0xfb843783) x15 0x000000000000009c mem 0x0000000080031f28
core   0: 0x000000008000ff10 (0x000097ba) c.add   a5, a4
core   0: 3 0x000000008000ff10 (0x97ba) x15 0x00000000800120dc
core   0: 0x000000008000ff12 (0xfe043703) ld      a4, -32(s0)
core   0: 3 0x000000008000ff12 (0xfe043703) x14 0x00000000800120d3 mem 0x0000000080031f50
core   0: 0x000000008000ff16 (0xfcf76de3) bltu    a4, a5, pc - 38
core   0: 3 0x000000008000ff16 (0xfcf76de3)
core   0: 0x000000008000fef0 (0xfe043783) ld      a5, -32(s0)
core   0: 3 0x000000008000fef0 (0xfe043783) x15 0x00000000800120d3 mem 0x0000000080031f50
core   0: 0x000000008000fef4 (0x00178713) addi    a4, a5, 1
core   0: 3 0x000000008000fef4 (0x00178713) x14 0x00000000800120d4
core   0: 0x000000008000fef8 (0xfee43023) sd      a4, -32(s0)
core   0: 3 0x000000008000fef8 (0xfee43023) mem 0x0000000080031f50 0x00000000800120d4
core   0: 0x000000008000fefc (0xfc442703) lw      a4, -60(s0)
core   0: 3 0x000000008000fefc (0xfc442703) x14 0x0000000000000000 mem 0x0000000080031f34
core   0: 0x000000008000ff00 (0x0ff77713) andi    a4, a4, 255
core   0: 3 0x000000008000ff00 (0x0ff77713) x14 0x0000000000000000
core   0: 0x000000008000ff04 (0x00e78023) sb      a4, 0(a5)
core   0: 3 0x000000008000ff04 (0x00e78023) mem 0x00000000800120d3 0x00
core   0: 0x000000008000ff08 (0xfc843703) ld      a4, -56(s0)
core   0: 3 0x000000008000ff08 (0xfc843703) x14 0x0000000080012040 mem 0x0000000080031f38
core   0: 0x000000008000ff0c (0xfb843783) ld      a5, -72(s0)
core   0: 3 0x000000008000ff0c (0xfb843783) x15 0x000000000000009c mem 0x0000000080031f28
core   0: 0x000000008000ff10 (0x000097ba) c.add   a5, a4
core   0: 3 0x000000008000ff10 (0x97ba) x15 0x00000000800120dc
core   0: 0x000000008000ff12 (0xfe043703) ld      a4, -32(s0)
core   0: 3 0x000000008000ff12 (0xfe043703) x14 0x00000000800120d4 mem 0x0000000080031f50
core   0: 0x000000008000ff16 (0xfcf76de3) bltu    a4, a5, pc - 38
core   0: 3 0x000000008000ff16 (0xfcf76de3)
core   0: 0x000000008000fef0 (0xfe043783) ld      a5, -32(s0)
core   0: 3 0x000000008000fef0 (0xfe043783) x15 0x00000000800120d4 mem 0x0000000080031f50
core   0: 0x000000008000fef4 (0x00178713) addi    a4, a5, 1
core   0: 3 0x000000008000fef4 (0x00178713) x14 0x00000000800120d5
core   0: 0x000000008000fef8 (0xfee43023) sd      a4, -32(s0)
core   0: 3 0x000000008000fef8 (0xfee43023) mem 0x0000000080031f50 0x00000000800120d5
core   0: 0x000000008000fefc (0xfc442703) lw      a4, -60(s0)
core   0: 3 0x000000008000fefc (0xfc442703) x14 0x0000000000000000 mem 0x0000000080031f34
core   0: 0x000000008000ff00 (0x0ff77713) andi    a4, a4, 255
core   0: 3 0x000000008000ff00 (0x0ff77713) x14 0x0000000000000000
core   0: 0x000000008000ff04 (0x00e78023) sb      a4, 0(a5)
core   0: 3 0x000000008000ff04 (0x00e78023) mem 0x00000000800120d4 0x00
core   0: 0x000000008000ff08 (0xfc843703) ld      a4, -56(s0)
core   0: 3 0x000000008000ff08 (0xfc843703) x14 0x0000000080012040 mem 0x0000000080031f38
core   0: 0x000000008000ff0c (0xfb843783) ld      a5, -72(s0)
core   0: 3 0x000000008000ff0c (0xfb843783) x15 0x000000000000009c mem 0x0000000080031f28
core   0: 0x000000008000ff10 (0x000097ba) c.add   a5, a4
core   0: 3 0x000000008000ff10 (0x97ba) x15 0x00000000800120dc
core   0: 0x000000008000ff12 (0xfe043703) ld      a4, -32(s0)
core   0: 3 0x000000008000ff12 (0xfe043703) x14 0x00000000800120d5 mem 0x0000000080031f50
core   0: 0x000000008000ff16 (0xfcf76de3) bltu    a4, a5, pc - 38
core   0: 3 0x000000008000ff16 (0xfcf76de3)
core   0: 0x000000008000fef0 (0xfe043783) ld      a5, -32(s0)
core   0: 3 0x000000008000fef0 (0xfe043783) x15 0x00000000800120d5 mem 0x0000000080031f50
core   0: 0x000000008000fef4 (0x00178713) addi    a4, a5, 1
core   0: 3 0x000000008000fef4 (0x00178713) x14 0x00000000800120d6
core   0: 0x000000008000fef8 (0xfee43023) sd      a4, -32(s0)
core   0: 3 0x000000008000fef8 (0xfee43023) mem 0x0000000080031f50 0x00000000800120d6
core   0: 0x000000008000fefc (0xfc442703) lw      a4, -60(s0)
core   0: 3 0x000000008000fefc (0xfc442703) x14 0x0000000000000000 mem 0x0000000080031f34
core   0: 0x000000008000ff00 (0x0ff77713) andi    a4, a4, 255
core   0: 3 0x000000008000ff00 (0x0ff77713) x14 0x0000000000000000
core   0: 0x000000008000ff04 (0x00e78023) sb      a4, 0(a5)
core   0: 3 0x000000008000ff04 (0x00e78023) mem 0x00000000800120d5 0x00
core   0: 0x000000008000ff08 (0xfc843703) ld      a4, -56(s0)
core   0: 3 0x000000008000ff08 (0xfc843703) x14 0x0000000080012040 mem 0x0000000080031f38
core   0: 0x000000008000ff0c (0xfb843783) ld      a5, -72(s0)
core   0: 3 0x000000008000ff0c (0xfb843783) x15 0x000000000000009c mem 0x0000000080031f28
core   0: 0x000000008000ff10 (0x000097ba) c.add   a5, a4
core   0: 3 0x000000008000ff10 (0x97ba) x15 0x00000000800120dc
core   0: 0x000000008000ff12 (0xfe043703) ld      a4, -32(s0)
core   0: 3 0x000000008000ff12 (0xfe043703) x14 0x00000000800120d6 mem 0x0000000080031f50
core   0: 0x000000008000ff16 (0xfcf76de3) bltu    a4, a5, pc - 38
core   0: 3 0x000000008000ff16 (0xfcf76de3)
core   0: 0x000000008000fef0 (0xfe043783) ld      a5, -32(s0)
core   0: 3 0x000000008000fef0 (0xfe043783) x15 0x00000000800120d6 mem 0x0000000080031f50
core   0: 0x000000008000fef4 (0x00178713) addi    a4, a5, 1
core   0: 3 0x000000008000fef4 (0x00178713) x14 0x00000000800120d7
core   0: 0x000000008000fef8 (0xfee43023) sd      a4, -32(s0)
core   0: 3 0x000000008000fef8 (0xfee43023) mem 0x0000000080031f50 0x00000000800120d7
core   0: 0x000000008000fefc (0xfc442703) lw      a4, -60(s0)
core   0: 3 0x000000008000fefc (0xfc442703) x14 0x0000000000000000 mem 0x0000000080031f34
core   0: 0x000000008000ff00 (0x0ff77713) andi    a4, a4, 255
core   0: 3 0x000000008000ff00 (0x0ff77713) x14 0x0000000000000000
core   0: 0x000000008000ff04 (0x00e78023) sb      a4, 0(a5)
core   0: 3 0x000000008000ff04 (0x00e78023) mem 0x00000000800120d6 0x00
core   0: 0x000000008000ff08 (0xfc843703) ld      a4, -56(s0)
core   0: 3 0x000000008000ff08 (0xfc843703) x14 0x0000000080012040 mem 0x0000000080031f38
core   0: 0x000000008000ff0c (0xfb843783) ld      a5, -72(s0)
core   0: 3 0x000000008000ff0c (0xfb843783) x15 0x000000000000009c mem 0x0000000080031f28
core   0: 0x000000008000ff10 (0x000097ba) c.add   a5, a4
core   0: 3 0x000000008000ff10 (0x97ba) x15 0x00000000800120dc
core   0: 0x000000008000ff12 (0xfe043703) ld      a4, -32(s0)
core   0: 3 0x000000008000ff12 (0xfe043703) x14 0x00000000800120d7 mem 0x0000000080031f50
core   0: 0x000000008000ff16 (0xfcf76de3) bltu    a4, a5, pc - 38
core   0: 3 0x000000008000ff16 (0xfcf76de3)
core   0: 0x000000008000fef0 (0xfe043783) ld      a5, -32(s0)
core   0: 3 0x000000008000fef0 (0xfe043783) x15 0x00000000800120d7 mem 0x0000000080031f50
core   0: 0x000000008000fef4 (0x00178713) addi    a4, a5, 1
core   0: 3 0x000000008000fef4 (0x00178713) x14 0x00000000800120d8
core   0: 0x000000008000fef8 (0xfee43023) sd      a4, -32(s0)
core   0: 3 0x000000008000fef8 (0xfee43023) mem 0x0000000080031f50 0x00000000800120d8
core   0: 0x000000008000fefc (0xfc442703) lw      a4, -60(s0)
core   0: 3 0x000000008000fefc (0xfc442703) x14 0x0000000000000000 mem 0x0000000080031f34
core   0: 0x000000008000ff00 (0x0ff77713) andi    a4, a4, 255
core   0: 3 0x000000008000ff00 (0x0ff77713) x14 0x0000000000000000
core   0: 0x000000008000ff04 (0x00e78023) sb      a4, 0(a5)
core   0: 3 0x000000008000ff04 (0x00e78023) mem 0x00000000800120d7 0x00
core   0: 0x000000008000ff08 (0xfc843703) ld      a4, -56(s0)
core   0: 3 0x000000008000ff08 (0xfc843703) x14 0x0000000080012040 mem 0x0000000080031f38
core   0: 0x000000008000ff0c (0xfb843783) ld      a5, -72(s0)
core   0: 3 0x000000008000ff0c (0xfb843783) x15 0x000000000000009c mem 0x0000000080031f28
core   0: 0x000000008000ff10 (0x000097ba) c.add   a5, a4
core   0: 3 0x000000008000ff10 (0x97ba) x15 0x00000000800120dc
core   0: 0x000000008000ff12 (0xfe043703) ld      a4, -32(s0)
core   0: 3 0x000000008000ff12 (0xfe043703) x14 0x00000000800120d8 mem 0x0000000080031f50
core   0: 0x000000008000ff16 (0xfcf76de3) bltu    a4, a5, pc - 38
core   0: 3 0x000000008000ff16 (0xfcf76de3)
core   0: 0x000000008000fef0 (0xfe043783) ld      a5, -32(s0)
core   0: 3 0x000000008000fef0 (0xfe043783) x15 0x00000000800120d8 mem 0x0000000080031f50
core   0: 0x000000008000fef4 (0x00178713) addi    a4, a5, 1
core   0: 3 0x000000008000fef4 (0x00178713) x14 0x00000000800120d9
core   0: 0x000000008000fef8 (0xfee43023) sd      a4, -32(s0)
core   0: 3 0x000000008000fef8 (0xfee43023) mem 0x0000000080031f50 0x00000000800120d9
core   0: 0x000000008000fefc (0xfc442703) lw      a4, -60(s0)
core   0: 3 0x000000008000fefc (0xfc442703) x14 0x0000000000000000 mem 0x0000000080031f34
core   0: 0x000000008000ff00 (0x0ff77713) andi    a4, a4, 255
core   0: 3 0x000000008000ff00 (0x0ff77713) x14 0x0000000000000000
core   0: 0x000000008000ff04 (0x00e78023) sb      a4, 0(a5)
core   0: 3 0x000000008000ff04 (0x00e78023) mem 0x00000000800120d8 0x00
core   0: 0x000000008000ff08 (0xfc843703) ld      a4, -56(s0)
core   0: 3 0x000000008000ff08 (0xfc843703) x14 0x0000000080012040 mem 0x0000000080031f38
core   0: 0x000000008000ff0c (0xfb843783) ld      a5, -72(s0)
core   0: 3 0x000000008000ff0c (0xfb843783) x15 0x000000000000009c mem 0x0000000080031f28
core   0: 0x000000008000ff10 (0x000097ba) c.add   a5, a4
core   0: 3 0x000000008000ff10 (0x97ba) x15 0x00000000800120dc
core   0: 0x000000008000ff12 (0xfe043703) ld      a4, -32(s0)
core   0: 3 0x000000008000ff12 (0xfe043703) x14 0x00000000800120d9 mem 0x0000000080031f50
core   0: 0x000000008000ff16 (0xfcf76de3) bltu    a4, a5, pc - 38
core   0: 3 0x000000008000ff16 (0xfcf76de3)
core   0: 0x000000008000fef0 (0xfe043783) ld      a5, -32(s0)
core   0: 3 0x000000008000fef0 (0xfe043783) x15 0x00000000800120d9 mem 0x0000000080031f50
core   0: 0x000000008000fef4 (0x00178713) addi    a4, a5, 1
core   0: 3 0x000000008000fef4 (0x00178713) x14 0x00000000800120da
core   0: 0x000000008000fef8 (0xfee43023) sd      a4, -32(s0)
core   0: 3 0x000000008000fef8 (0xfee43023) mem 0x0000000080031f50 0x00000000800120da
core   0: 0x000000008000fefc (0xfc442703) lw      a4, -60(s0)
core   0: 3 0x000000008000fefc (0xfc442703) x14 0x0000000000000000 mem 0x0000000080031f34
core   0: 0x000000008000ff00 (0x0ff77713) andi    a4, a4, 255
core   0: 3 0x000000008000ff00 (0x0ff77713) x14 0x0000000000000000
core   0: 0x000000008000ff04 (0x00e78023) sb      a4, 0(a5)
core   0: 3 0x000000008000ff04 (0x00e78023) mem 0x00000000800120d9 0x00
core   0: 0x000000008000ff08 (0xfc843703) ld      a4, -56(s0)
core   0: 3 0x000000008000ff08 (0xfc843703) x14 0x0000000080012040 mem 0x0000000080031f38
core   0: 0x000000008000ff0c (0xfb843783) ld      a5, -72(s0)
core   0: 3 0x000000008000ff0c (0xfb843783) x15 0x000000000000009c mem 0x0000000080031f28
core   0: 0x000000008000ff10 (0x000097ba) c.add   a5, a4
core   0: 3 0x000000008000ff10 (0x97ba) x15 0x00000000800120dc
core   0: 0x000000008000ff12 (0xfe043703) ld      a4, -32(s0)
core   0: 3 0x000000008000ff12 (0xfe043703) x14 0x00000000800120da mem 0x0000000080031f50
core   0: 0x000000008000ff16 (0xfcf76de3) bltu    a4, a5, pc - 38
core   0: 3 0x000000008000ff16 (0xfcf76de3)
core   0: 0x000000008000fef0 (0xfe043783) ld      a5, -32(s0)
core   0: 3 0x000000008000fef0 (0xfe043783) x15 0x00000000800120da mem 0x0000000080031f50
core   0: 0x000000008000fef4 (0x00178713) addi    a4, a5, 1
core   0: 3 0x000000008000fef4 (0x00178713) x14 0x00000000800120db
core   0: 0x000000008000fef8 (0xfee43023) sd      a4, -32(s0)
core   0: 3 0x000000008000fef8 (0xfee43023) mem 0x0000000080031f50 0x00000000800120db
core   0: 0x000000008000fefc (0xfc442703) lw      a4, -60(s0)
core   0: 3 0x000000008000fefc (0xfc442703) x14 0x0000000000000000 mem 0x0000000080031f34
core   0: 0x000000008000ff00 (0x0ff77713) andi    a4, a4, 255
core   0: 3 0x000000008000ff00 (0x0ff77713) x14 0x0000000000000000
core   0: 0x000000008000ff04 (0x00e78023) sb      a4, 0(a5)
core   0: 3 0x000000008000ff04 (0x00e78023) mem 0x00000000800120da 0x00
core   0: 0x000000008000ff08 (0xfc843703) ld      a4, -56(s0)
core   0: 3 0x000000008000ff08 (0xfc843703) x14 0x0000000080012040 mem 0x0000000080031f38
core   0: 0x000000008000ff0c (0xfb843783) ld      a5, -72(s0)
core   0: 3 0x000000008000ff0c (0xfb843783) x15 0x000000000000009c mem 0x0000000080031f28
core   0: 0x000000008000ff10 (0x000097ba) c.add   a5, a4
core   0: 3 0x000000008000ff10 (0x97ba) x15 0x00000000800120dc
core   0: 0x000000008000ff12 (0xfe043703) ld      a4, -32(s0)
core   0: 3 0x000000008000ff12 (0xfe043703) x14 0x00000000800120db mem 0x0000000080031f50
core   0: 0x000000008000ff16 (0xfcf76de3) bltu    a4, a5, pc - 38
core   0: 3 0x000000008000ff16 (0xfcf76de3)
core   0: 0x000000008000fef0 (0xfe043783) ld      a5, -32(s0)
core   0: 3 0x000000008000fef0 (0xfe043783) x15 0x00000000800120db mem 0x0000000080031f50
core   0: 0x000000008000fef4 (0x00178713) addi    a4, a5, 1
core   0: 3 0x000000008000fef4 (0x00178713) x14 0x00000000800120dc
core   0: 0x000000008000fef8 (0xfee43023) sd      a4, -32(s0)
core   0: 3 0x000000008000fef8 (0xfee43023) mem 0x0000000080031f50 0x00000000800120dc
core   0: 0x000000008000fefc (0xfc442703) lw      a4, -60(s0)
core   0: 3 0x000000008000fefc (0xfc442703) x14 0x0000000000000000 mem 0x0000000080031f34
core   0: 0x000000008000ff00 (0x0ff77713) andi    a4, a4, 255
core   0: 3 0x000000008000ff00 (0x0ff77713) x14 0x0000000000000000
core   0: 0x000000008000ff04 (0x00e78023) sb      a4, 0(a5)
core   0: 3 0x000000008000ff04 (0x00e78023) mem 0x00000000800120db 0x00
core   0: 0x000000008000ff08 (0xfc843703) ld      a4, -56(s0)
core   0: 3 0x000000008000ff08 (0xfc843703) x14 0x0000000080012040 mem 0x0000000080031f38
core   0: 0x000000008000ff0c (0xfb843783) ld      a5, -72(s0)
core   0: 3 0x000000008000ff0c (0xfb843783) x15 0x000000000000009c mem 0x0000000080031f28
core   0: 0x000000008000ff10 (0x000097ba) c.add   a5, a4
core   0: 3 0x000000008000ff10 (0x97ba) x15 0x00000000800120dc
core   0: 0x000000008000ff12 (0xfe043703) ld      a4, -32(s0)
core   0: 3 0x000000008000ff12 (0xfe043703) x14 0x00000000800120dc mem 0x0000000080031f50
core   0: 0x000000008000ff16 (0xfcf76de3) bltu    a4, a5, pc - 38
core   0: 3 0x000000008000ff16 (0xfcf76de3)
core   0: 0x000000008000ff1a (0xfc843783) ld      a5, -56(s0)
core   0: 3 0x000000008000ff1a (0xfc843783) x15 0x0000000080012040 mem 0x0000000080031f38
core   0: 0x000000008000ff1e (0x0000853e) c.mv    a0, a5
core   0: 3 0x000000008000ff1e (0x853e) x10 0x0000000080012040
core   0: 0x000000008000ff20 (0x00006426) c.ldsp  s0, 72(sp)
core   0: 3 0x000000008000ff20 (0x6426) x8  0x0000000080031f90 mem 0x0000000080031f68
core   0: 0x000000008000ff22 (0x00006161) c.addi16sp sp, 80
core   0: 3 0x000000008000ff22 (0x6161) x2  0x0000000080031f70
core   0: 0x000000008000ff24 (0x00008082) ret
core   0: 3 0x000000008000ff24 (0x8082)
core   0: 0x000000008000f4d8 (0x00000001) c.nop
core   0: 3 0x000000008000f4d8 (0x0001)
core   0: 0x000000008000f4da (0x000060e2) c.ldsp  ra, 24(sp)
core   0: 3 0x000000008000f4da (0x60e2) x1  0x000000008000f518 mem 0x0000000080031f88
core   0: 0x000000008000f4dc (0x00006442) c.ldsp  s0, 16(sp)
core   0: 3 0x000000008000f4dc (0x6442) x8  0x0000000080032040 mem 0x0000000080031f80
core   0: 0x000000008000f4de (0x00006105) c.addi16sp sp, 32
core   0: 3 0x000000008000f4de (0x6105) x2  0x0000000080031f90
core   0: 0x000000008000f4e0 (0x00008082) ret
core   0: 3 0x000000008000f4e0 (0x8082)
core   0: 0x000000008000f518 (0xf5842703) lw      a4, -168(s0)
core   0: 3 0x000000008000f518 (0xf5842703) x14 0x0000000000000001 mem 0x0000000080031f98
core   0: 0x000000008000f51c (0xf5c42783) lw      a5, -164(s0)
core   0: 3 0x000000008000f51c (0xf5c42783) x15 0x0000000000000000 mem 0x0000000080031f9c
core   0: 0x000000008000f520 (0x000085ba) c.mv    a1, a4
core   0: 3 0x000000008000f520 (0x85ba) x11 0x0000000000000001
core   0: 0x000000008000f522 (0x0000853e) c.mv    a0, a5
core   0: 3 0x000000008000f522 (0x853e) x10 0x0000000000000000
core   0: 0x000000008000f524 (0xf03ff0ef) jal     pc - 0xfe
core   0: 3 0x000000008000f524 (0xf03ff0ef) x1  0x000000008000f528
core   0: >>>>  thread_entry
core   0: 0x000000008000f426 (0x00001101) c.addi  sp, -32
core   0: 3 0x000000008000f426 (0x1101) x2  0x0000000080031f70
core   0: 0x000000008000f428 (0x0000ec22) c.sdsp  s0, 24(sp)
core   0: 3 0x000000008000f428 (0xec22) mem 0x0000000080031f88 0x0000000080032040
core   0: 0x000000008000f42a (0x00001000) c.addi4spn s0, sp, 32
core   0: 3 0x000000008000f42a (0x1000) x8  0x0000000080031f90
core   0: 0x000000008000f42c (0x000087aa) c.mv    a5, a0
core   0: 3 0x000000008000f42c (0x87aa) x15 0x0000000000000000
core   0: 0x000000008000f42e (0x0000872e) c.mv    a4, a1
core   0: 3 0x000000008000f42e (0x872e) x14 0x0000000000000001
core   0: 0x000000008000f430 (0xfef42623) sw      a5, -20(s0)
core   0: 3 0x000000008000f430 (0xfef42623) mem 0x0000000080031f7c 0x00000000
core   0: 0x000000008000f434 (0x000087ba) c.mv    a5, a4
core   0: 3 0x000000008000f434 (0x87ba) x15 0x0000000000000001
core   0: 0x000000008000f436 (0xfef42423) sw      a5, -24(s0)
core   0: 3 0x000000008000f436 (0xfef42423) mem 0x0000000080031f78 0x00000001
core   0: 0x000000008000f43a (0x00000001) c.nop
core   0: 3 0x000000008000f43a (0x0001)
core   0: 0x000000008000f43c (0xfec42783) lw      a5, -20(s0)
core   0: 3 0x000000008000f43c (0xfec42783) x15 0x0000000000000000 mem 0x0000000080031f7c
core   0: 0x000000008000f440 (0x00002781) c.addiw a5, 0
core   0: 3 0x000000008000f440 (0x2781) x15 0x0000000000000000
core   0: 0x000000008000f442 (0x0000ffed) c.bnez  a5, pc - 6
core   0: 3 0x000000008000f442 (0xffed)
core   0: 0x000000008000f444 (0x00000001) c.nop
core   0: 3 0x000000008000f444 (0x0001)
core   0: 0x000000008000f446 (0x00000001) c.nop
core   0: 3 0x000000008000f446 (0x0001)
core   0: 0x000000008000f448 (0x00006462) c.ldsp  s0, 24(sp)
core   0: 3 0x000000008000f448 (0x6462) x8  0x0000000080032040 mem 0x0000000080031f88
core   0: 0x000000008000f44a (0x00006105) c.addi16sp sp, 32
core   0: 3 0x000000008000f44a (0x6105) x2  0x0000000080031f90
core   0: 0x000000008000f44c (0x00008082) ret
core   0: 3 0x000000008000f44c (0x8082)
core   0: 0x000000008000f528 (0x00004581) c.li    a1, 0
core   0: 3 0x000000008000f528 (0x4581) x11 0x0000000000000000
core   0: 0x000000008000f52a (0x00004501) c.li    a0, 0
core   0: 3 0x000000008000f52a (0x4501) x10 0x0000000000000000
core   0: 0x000000008000f52c (0xad5f20ef) jal     pc - 0xd52c
core   0: 3 0x000000008000f52c (0xad5f20ef) x1  0x000000008000f530
core   0: >>>>  main
core   0: 0x0000000080002000 (0x00000001) c.nop
core   0: 3 0x0000000080002000 (0x0001)
core   0: >>>>  trap_vec_init
core   0: 0x0000000080002002 (0x00002797) auipc   a5, 0x2
core   0: 3 0x0000000080002002 (0x00002797) x15 0x0000000080004002
core   0: 0x0000000080002006 (0xffe78793) addi    a5, a5, -2
core   0: 3 0x0000000080002006 (0xffe78793) x15 0x0000000080004000
core   0: 0x000000008000200a (0x30579073) csrrw   zero, mtvec, a5
core   0: 3 0x000000008000200a (0x30579073) c773_mtvec 0x0000000080004000
core   0: >>>>  pmp_setup
core   0: 0x000000008000200e (0x00002c17) auipc   s8, 0x2
core   0: 3 0x000000008000200e (0x00002c17) x24 0x000000008000400e
core   0: 0x0000000080002012 (0x022c0c13) addi    s8, s8, 34
core   0: 3 0x0000000080002012 (0x022c0c13) x24 0x0000000080004030
core   0: 0x0000000080002016 (0x00004781) c.li    a5, 0
core   0: 3 0x0000000080002016 (0x4781) x15 0x0000000000000000
core   0: 0x0000000080002018 (0x00009c3e) c.add   s8, a5
core   0: 3 0x0000000080002018 (0x9c3e) x24 0x0000000080004030
core   0: 0x000000008000201a (0x3b0c1073) csrrw   zero, pmpaddr0, s8
core   0: 3 0x000000008000201a (0x3b0c1073) c944_pmpaddr0 0x0000000080004030
core   0: 0x000000008000201e (0x00004c3d) c.li    s8, 15
core   0: 3 0x000000008000201e (0x4c3d) x24 0x000000000000000f
core   0: 0x0000000080002020 (0x3a0c1073) csrrw   zero, pmpcfg0, s8
core   0: 3 0x0000000080002020 (0x3a0c1073) c928_pmpcfg0 0x000000000000000f
core   0: 0x0000000080002024 (0x12000073) sfence.vma zero, zero
core   0: 3 0x0000000080002024 (0x12000073)
core   0: >>>>  mepc_setup
core   0: 0x0000000080002028 (0x00002797) auipc   a5, 0x2
core   0: 3 0x0000000080002028 (0x00002797) x15 0x0000000080004028
core   0: 0x000000008000202c (0x00878793) addi    a5, a5, 8
core   0: 3 0x000000008000202c (0x00878793) x15 0x0000000080004030
core   0: 0x0000000080002030 (0x34179073) csrrw   zero, mepc, a5
core   0: 3 0x0000000080002030 (0x34179073) c833_mepc 0x0000000080004030
core   0: >>>>  custom_csr_setup
core   0: 0x0000000080002034 (0x00100f9b) addiw   t6, zero, 1
core   0: 3 0x0000000080002034 (0x00100f9b) x31 0x0000000000000001
core   0: 0x0000000080002038 (0x00000ffe) c.slli  t6, 31
core   0: 3 0x0000000080002038 (0x0ffe) x31 0x0000000080000000
core   0: 0x000000008000203a (0x00000001) c.nop
core   0: 3 0x000000008000203a (0x0001)
core   0: >>>>  init_s_mode
core   0: 0x000000008000203c (0xfff0079b) addiw   a5, zero, -1
core   0: 3 0x000000008000203c (0xfff0079b) x15 0xffffffffffffffff
core   0: 0x0000000080002040 (0x000017fe) c.slli  a5, 63
core   0: 3 0x0000000080002040 (0x17fe) x15 0x8000000000000000
core   0: 0x0000000080002042 (0x18079073) csrrw   zero, satp, a5
core   0: 3 0x0000000080002042 (0x18079073) c384_satp 0x8000000000000000
core   0: 0x0000000080002046 (0x0000f797) auipc   a5, 0xf
core   0: 3 0x0000000080002046 (0x0000f797) x15 0x0000000080011046
core   0: 0x000000008000204a (0xfba78793) addi    a5, a5, -70
core   0: 3 0x000000008000204a (0xfba78793) x15 0x0000000080011000
core   0: 0x000000008000204e (0x000083b1) c.srli  a5, 12
core   0: 3 0x000000008000204e (0x83b1) x15 0x0000000000080011
core   0: 0x0000000080002050 (0x0010061b) addiw   a2, zero, 1
core   0: 3 0x0000000080002050 (0x0010061b) x12 0x0000000000000001
core   0: 0x0000000080002054 (0x00001632) c.slli  a2, 44
core   0: 3 0x0000000080002054 (0x1632) x12 0x0000100000000000
core   0: 0x0000000080002056 (0x0000167d) c.addi  a2, -1
core   0: 3 0x0000000080002056 (0x167d) x12 0x00000fffffffffff
core   0: 0x0000000080002058 (0x00008ff1) c.and   a5, a2
core   0: 3 0x0000000080002058 (0x8ff1) x15 0x0000000000080011
core   0: 0x000000008000205a (0x1807a073) csrrs   zero, satp, a5
core   0: 3 0x000000008000205a (0x1807a073) c384_satp 0x8000000000080011
core   0: 0x000000008000205e (0x00a005b7) lui     a1, 0xa00
core   0: 3 0x000000008000205e (0x00a005b7) x11 0x0000000000a00000
core   0: 0x0000000080002062 (0x10b5859b) addiw   a1, a1, 267
core   0: 3 0x0000000080002062 (0x10b5859b) x11 0x0000000000a0010b
core   0: 0x0000000080002066 (0x000005b2) c.slli  a1, 12
core   0: 3 0x0000000080002066 (0x05b2) x11 0x0000000a0010b000
core   0: 0x0000000080002068 (0xa0058593) addi    a1, a1, -1536
core   0: 3 0x0000000080002068 (0xa0058593) x11 0x0000000a0010aa00
core   0: 0x000000008000206c (0x30059073) csrrw   zero, mstatus, a1
core   0: 3 0x000000008000206c (0x30059073) c768_mstatus 0x0000000a00102800
core   0: 0x0000000080002070 (0x30459073) csrrw   zero, mie, a1
core   0: 3 0x0000000080002070 (0x30459073) c772_mie 0x0000000000000a00
core   0: 0x0000000080002074 (0x00a005b7) lui     a1, 0xa00
core   0: 3 0x0000000080002074 (0x00a005b7) x11 0x0000000000a00000
core   0: 0x0000000080002078 (0x10b5859b) addiw   a1, a1, 267
core   0: 3 0x0000000080002078 (0x10b5859b) x11 0x0000000000a0010b
core   0: 0x000000008000207c (0x000005b2) c.slli  a1, 12
core   0: 3 0x000000008000207c (0x05b2) x11 0x0000000a0010b000
core   0: 0x000000008000207e (0xa0058593) addi    a1, a1, -1536
core   0: 3 0x000000008000207e (0xa0058593) x11 0x0000000a0010aa00
core   0: 0x0000000080002082 (0x10059073) csrrw   zero, sstatus, a1
core   0: 3 0x0000000080002082 (0x10059073) c768_mstatus 0x0000000a00102800
core   0: 0x0000000080002086 (0x10459073) csrrw   zero, sie, a1
core   0: 3 0x0000000080002086 (0x10459073) c772_mie 0x0000000000000a00
core   0: 0x000000008000208a (0x30200073) mret
core   0: 3 0x000000008000208a (0x30200073) c768_mstatus 0x0000000a00102080
core   0: >>>>  main_g
core   0: 0x0000000080004030 (0x43f05113) srai    sp, zero, 63
core   0: 1 0x0000000080004030 (0x43f05113) x2  0x0000000000000000
core   0: 0x0000000080004034 (0x02c6463b) divw    a2, a2, a2
core   0: 1 0x0000000080004034 (0x02c6463b) x12 0x0000000000000001
core   0: 0x0000000080004038 (0x02ab0b9b) addiw   s7, s6, 42
core   0: 1 0x0000000080004038 (0x02ab0b9b) x23 0x000000000000002a
core   0: 0x000000008000403c (0x01061893) slli    a7, a2, 16
core   0: 1 0x000000008000403c (0x01061893) x17 0x0000000000010000
core   0: 0x0000000080004040 (0x0ff0000f) fence   iorw,iorw
core   0: 1 0x0000000080004040 (0x0ff0000f)
core   0: 0x0000000080004044 (0x02927753) fadd.d  fa4, ft4, fs1
core   0: 1 0x0000000080004044 (0x02927753) c768_mstatus 0x8000000a00106080 f14 0x7ff8000000000000
core   0: 0x0000000080004048 (0x43f3d713) srai    a4, t2, 63
core   0: 1 0x0000000080004048 (0x43f3d713) x14 0x0000000000000000
core   0: 0x000000008000404c (0x80067313) andi    t1, a2, -2048
core   0: 1 0x000000008000404c (0x80067313) x6  0x0000000000000000
core   0: 0x0000000080004050 (0x01f55c1b) srliw   s8, a0, 31
core   0: 1 0x0000000080004050 (0x01f55c1b) x24 0x0000000000000000
core   0: 0x0000000080004054 (0xc23bf7d3) fcvt.lu.d a5, fs7
core   0: 1 0x0000000080004054 (0xc23bf7d3) c1_fflags 0x0000000000000010 x15 0xffffffffffffffff
core   0: 0x0000000080004058 (0x00000001) c.nop
core   0: 1 0x0000000080004058 (0x0001)
core   0: 0x000000008000405a (0x00f1a733) slt     a4, gp, a5
core   0: 1 0x000000008000405a (0x00f1a733) x14 0x0000000000000000
core   0: 0x000000008000405e (0x00188b1b) addiw   s6, a7, 1
core   0: 1 0x000000008000405e (0x00188b1b) x22 0x0000000000010001
core   0: 0x0000000080004062 (0x01859e93) slli    t4, a1, 24
core   0: 1 0x0000000080004062 (0x01859e93) x29 0x0a0010aa00000000
core   0: 0x0000000080004066 (0x23a59c53) fsgnjn.d fs8, fa1, fs10
core   0: 1 0x0000000080004066 (0x23a59c53) f24 0x7fffffff00000000
core   0: 0x000000008000406a (0xcc770a13) addi    s4, a4, -825
core   0: 1 0x000000008000406a (0xcc770a13) x20 0xfffffffffffffcc7
core   0: 0x000000008000406e (0xf20b0f53) fmv.d.x ft10, s6
core   0: 1 0x000000008000406e (0xf20b0f53) f30 0x0000000000010001
core   0: 0x0000000080004072 (0x5a087bd3) fsqrt.d fs7, fa6
core   0: 1 0x0000000080004072 (0x5a087bd3) f23 0x7ff8000000000000
core   0: 0x0000000080004076 (0x01d5e033) or      zero, a1, t4
core   0: 1 0x0000000080004076 (0x01d5e033)
core   0: 0x000000008000407a (0x01f1dc1b) srliw   s8, gp, 31
core   0: 1 0x000000008000407a (0x01f1dc1b) x24 0x0000000000000001
core   0: 0x000000008000407e (0x03ada7b3) mulhsu  a5, s11, s10
core   0: 1 0x000000008000407e (0x03ada7b3) x15 0x0000000000000000
core   0: 0x0000000080004082 (0x2bff9f53) fmax.d  ft10, ft11, ft11
core   0: 1 0x0000000080004082 (0x2bff9f53) f30 0x7ff8000000000000
core   0: 0x0000000080004086 (0x03505ab3) divu    s5, zero, s5
core   0: 1 0x0000000080004086 (0x03505ab3) x21 0xffffffffffffffff
core   0: 0x000000008000408a (0x02eaf733) remu    a4, s5, a4
core   0: 1 0x000000008000408a (0x02eaf733) x14 0xffffffffffffffff
core   0: 0x000000008000408e (0x002022f3) csrrs   t0, frm, zero
core   0: 1 0x000000008000408e (0x002022f3) x5  0x0000000000000000
core   0: 0x0000000080004092 (0x0000347d) c.addiw s0, -1
core   0: 1 0x0000000080004092 (0x347d) x8  0xffffffff8003203f
core   0: 0x0000000080004094 (0x22d198d3) fsgnjn.d fa7, ft3, fa3
core   0: 1 0x0000000080004094 (0x22d198d3) f17 0x7fffffff00000000
core   0: 0x0000000080004098 (0xc221fbd3) fcvt.l.d s7, ft3
core   0: 1 0x0000000080004098 (0xc221fbd3) c1_fflags 0x0000000000000010 x23 0x7fffffffffffffff
core   0: 0x000000008000409c (0x0368f2b3) remu    t0, a7, s6
core   0: 1 0x000000008000409c (0x0368f2b3) x5  0x0000000000010000
core   0: 0x00000000800040a0 (0xfffd4613) not     a2, s10
core   0: 1 0x00000000800040a0 (0xfffd4613) x12 0xffffffffffffffff
core   0: 0x00000000800040a4 (0x1bc77ad3) fdiv.d  fs5, fa4, ft8
core   0: 1 0x00000000800040a4 (0x1bc77ad3) f21 0x7ff8000000000000
core   0: 0x00000000800040a8 (0x003485b3) add     a1, s1, gp
core   0: 1 0x00000000800040a8 (0x003485b3) x11 0x00000001000447e8
core   0: 0x00000000800040ac (0x00202cf3) csrrs   s9, frm, zero
core   0: 1 0x00000000800040ac (0x00202cf3) x25 0x0000000000000000
core   0: 0x00000000800040b0 (0x41868a3b) subw    s4, a3, s8
core   0: 1 0x00000000800040b0 (0x41868a3b) x20 0xffffffffffffffff
core   0: 0x00000000800040b4 (0x23841a53) fsgnjn.d fs4, fs0, fs8
core   0: 1 0x00000000800040b4 (0x23841a53) f20 0xffffffff00000000
core   0: 0x00000000800040b8 (0xd033f0d3) fcvt.s.lu ft1, t2
core   0: 1 0x00000000800040b8 (0xd033f0d3) f1  0xffffffff00000000
core   0: 0x00000000800040bc (0xd2160c53) fcvt.d.wu fs8, a2
core   0: 1 0x00000000800040bc (0xd2160c53) f24 0x41efffffffe00000
core   0: 0x00000000800040c0 (0x02220dbb) mulw    s11, tp, sp
core   0: 1 0x00000000800040c0 (0x02220dbb) x27 0x0000000000000000
core   0: 0x00000000800040c4 (0xd226f553) fcvt.d.l fa0, a3
core   0: 1 0x00000000800040c4 (0xd226f553) f10 0x0000000000000000
core   0: 0x00000000800040c8 (0x41ecd793) srai    a5, s9, 30
core   0: 1 0x00000000800040c8 (0x41ecd793) x15 0x0000000000000000
core   0: 0x00000000800040cc (0xed5c4637) lui     a2, 0xed5c4
core   0: 1 0x00000000800040cc (0xed5c4637) x12 0xffffffffed5c4000
core   0: 0x00000000800040d0 (0x02a50533) mul     a0, a0, a0
core   0: 1 0x00000000800040d0 (0x02a50533) x10 0x0000000000000000
core   0: 0x00000000800040d4 (0x01c208bb) addw    a7, tp, t3
core   0: 1 0x00000000800040d4 (0x01c208bb) x17 0xffffffff80012040
core   0: 0x00000000800040d8 (0x40bd5d1b) sraiw   s10, s10, 11
core   0: 1 0x00000000800040d8 (0x40bd5d1b) x26 0x0000000000000000
core   0: 0x00000000800040dc (0x1a037043) fmadd.d ft0, ft6, ft0, ft3
core   0: 1 0x00000000800040dc (0x1a037043) f0  0x7ff8000000000000
core   0: 0x00000000800040e0 (0x002029f3) csrrs   s3, frm, zero
core   0: 1 0x00000000800040e0 (0x002029f3) x19 0x0000000000000000
core   0: 0x00000000800040e4 (0x00b559b3) srl     s3, a0, a1
core   0: 1 0x00000000800040e4 (0x00b559b3) x19 0x0000000000000000
core   0: 0x00000000800040e8 (0xf20d0d53) fmv.d.x fs10, s10
core   0: 1 0x00000000800040e8 (0xf20d0d53) f26 0x0000000000000000
core   0: 0x00000000800040ec (0x4017d313) srai    t1, a5, 1
core   0: 1 0x00000000800040ec (0x4017d313) x6  0x0000000000000000
core   0: 0x00000000800040f0 (0x00f11d3b) sllw    s10, sp, a5
core   0: 1 0x00000000800040f0 (0x00f11d3b) x26 0x0000000000000000
core   0: 0x00000000800040f4 (0x6579859b) addiw   a1, s3, 1623
core   0: 1 0x00000000800040f4 (0x6579859b) x11 0x0000000000000657
core   0: 0x00000000800040f8 (0x00bb2533) slt     a0, s6, a1
core   0: 1 0x00000000800040f8 (0x00bb2533) x10 0x0000000000000000
core   0: 0x00000000800040fc (0x004956bb) srlw    a3, s2, tp
core   0: 1 0x00000000800040fc (0x004956bb) x13 0x0000000000000000
core   0: 0x0000000080004100 (0x8d72e737) lui     a4, 0x8d72e
core   0: 1 0x0000000080004100 (0x8d72e737) x14 0xffffffff8d72e000
core   0: 0x0000000080004104 (0x0095dab3) srl     s5, a1, s1
core   0: 1 0x0000000080004104 (0x0095dab3) x21 0x0000000000000657
core   0: 0x0000000080004108 (0x035af93b) remuw   s2, s5, s5
core   0: 1 0x0000000080004108 (0x035af93b) x18 0x0000000000000000
core   0: 0x000000008000410c (0x00000001) c.nop
core   0: 1 0x000000008000410c (0x0001)
core   0: 0x000000008000410e (0xc22d7753) fcvt.l.d a4, fs10
core   0: 1 0x000000008000410e (0xc22d7753) x14 0x0000000000000000
core   0: 0x0000000080004112 (0x0247f253) fadd.d  ft4, fa5, ft4
core   0: 1 0x0000000080004112 (0x0247f253) f4  0x7ff8000000000000
core   0: 0x0000000080004116 (0x1a427f53) fdiv.d  ft10, ft4, ft4
core   0: 1 0x0000000080004116 (0x1a427f53) f30 0x7ff8000000000000
core   0: 0x000000008000411a (0x02b1c6b3) div     a3, gp, a1
core   0: 1 0x000000008000411a (0x02b1c6b3) x13 0x00000000001430c3
core   0: 0x000000008000411e (0xd021fdd3) fcvt.s.l fs11, gp
core   0: 1 0x000000008000411e (0xd021fdd3) c1_fflags 0x0000000000000011 f27 0xffffffff4f000128
core   0: 0x0000000080004122 (0x4118deb3) sra     t4, a7, a7
core   0: 1 0x0000000080004122 (0x4118deb3) x29 0xffffffff80012040
core   0: 0x0000000080004126 (0x0336f43b) remuw   s0, a3, s3
core   0: 1 0x0000000080004126 (0x0336f43b) x8  0x00000000001430c3
core   0: 0x000000008000412a (0x1ac47653) fdiv.d  fa2, fs0, fa2
core   0: 1 0x000000008000412a (0x1ac47653) f12 0x7ff8000000000000
core   0: 0x000000008000412e (0x027455b3) divu    a1, s0, t2
core   0: 1 0x000000008000412e (0x027455b3) x11 0xffffffffffffffff
core   0: 0x0000000080004132 (0x2a8a93d3) fmax.d  ft7, fs5, fs0
core   0: 1 0x0000000080004132 (0x2a8a93d3) f7  0x7ff8000000000000
core   0: 0x0000000080004136 (0x02427253) fadd.d  ft4, ft4, ft4
core   0: 1 0x0000000080004136 (0x02427253) f4  0x7ff8000000000000
core   0: 0x000000008000413a (0x02502733) mulhsu  a4, zero, t0
core   0: 1 0x000000008000413a (0x02502733) x14 0x0000000000000000
core   0: 0x000000008000413e (0x22859153) fsgnjn.d ft2, fa1, fs0
core   0: 1 0x000000008000413e (0x22859153) f2  0x7fffffff00000000
core   0: 0x0000000080004142 (0x22d792d3) fsgnjn.d ft5, fa5, fa3
core   0: 1 0x0000000080004142 (0x22d792d3) f5  0x7fffffff00000000
core   0: 0x0000000080004146 (0x033886bb) mulw    a3, a7, s3
core   0: 1 0x0000000080004146 (0x033886bb) x13 0x0000000000000000
core   0: 0x000000008000414a (0x020dcdb3) div     s11, s11, zero
core   0: 1 0x000000008000414a (0x020dcdb3) x27 0xffffffffffffffff
core   0: 0x000000008000414e (0x12caf0d3) fmul.d  ft1, fs5, fa2
core   0: 1 0x000000008000414e (0x12caf0d3) f1  0x7ff8000000000000
core   0: 0x0000000080004152 (0x00aef533) and     a0, t4, a0
core   0: 1 0x0000000080004152 (0x00aef533) x10 0x0000000000000000
core   0: 0x0000000080004156 (0x00150593) addi    a1, a0, 1
core   0: 1 0x0000000080004156 (0x00150593) x11 0x0000000000000001
core   0: 0x000000008000415a (0x7ffa7313) andi    t1, s4, 2047
core   0: 1 0x000000008000415a (0x7ffa7313) x6  0x00000000000007ff
core   0: 0x000000008000415e (0x40895e13) srai    t3, s2, 8
core   0: 1 0x000000008000415e (0x40895e13) x28 0x0000000000000000
core   0: 0x0000000080004162 (0x2b9c9053) fmax.d  ft0, fs9, fs9
core   0: 1 0x0000000080004162 (0x2b9c9053) f0  0x7ff8000000000000
core   0: 0x0000000080004166 (0x00956e33) or      t3, a0, s1
core   0: 1 0x0000000080004166 (0x00956e33) x28 0x0000000080031fc0
core   0: 0x000000008000416a (0x00111a33) sll     s4, sp, ra
core   0: 1 0x000000008000416a (0x00111a33) x20 0x0000000000000000
core   0: 0x000000008000416e (0x03e68813) addi    a6, a3, 62
core   0: 1 0x000000008000416e (0x03e68813) x16 0x000000000000003e
core   0: 0x0000000080004172 (0x0018949b) slliw   s1, a7, 1
core   0: 1 0x0000000080004172 (0x0018949b) x9  0x0000000000024080
core   0: 0x0000000080004176 (0x00db56bb) srlw    a3, s6, a3
core   0: 1 0x0000000080004176 (0x00db56bb) x13 0x0000000000010001
core   0: 0x000000008000417a (0x0ff0000f) fence   iorw,iorw
core   0: 1 0x000000008000417a (0x0ff0000f)
core   0: 0x000000008000417e (0x414a51bb) sraw    gp, s4, s4
core   0: 1 0x000000008000417e (0x414a51bb) x3  0x0000000000000000
core   0: 0x0000000080004182 (0xc2137953) fcvt.wu.d s2, ft6
core   0: 1 0x0000000080004182 (0xc2137953) c1_fflags 0x0000000000000011 x18 0xffffffffffffffff
core   0: 0x0000000080004186 (0x00995213) srli    tp, s2, 9
core   0: 1 0x0000000080004186 (0x00995213) x4  0x007fffffffffffff
core   0: 0x000000008000418a (0x01cc0a33) add     s4, s8, t3
core   0: 1 0x000000008000418a (0x01cc0a33) x20 0x0000000080031fc1
core   0: 0x000000008000418e (0x0ff0000f) fence   iorw,iorw
core   0: 1 0x000000008000418e (0x0ff0000f)
core   0: 0x0000000080004192 (0x00b12133) slt     sp, sp, a1
core   0: 1 0x0000000080004192 (0x00b12133) x2  0x0000000000000001
core   0: 0x0000000080004196 (0x2bf781d3) fmin.d  ft3, fa5, ft11
core   0: 1 0x0000000080004196 (0x2bf781d3) f3  0x7ff8000000000000
core   0: 0x000000008000419a (0x00000505) c.addi  a0, 1
core   0: 1 0x000000008000419a (0x0505) x10 0x0000000000000001
core   0: 0x000000008000419c (0x0056133b) sllw    t1, a2, t0
core   0: 1 0x000000008000419c (0x0056133b) x6  0xffffffffed5c4000
core   0: 0x00000000800041a0 (0x0bc8f0d3) fsub.d  ft1, fa7, ft8
core   0: 1 0x00000000800041a0 (0x0bc8f0d3) f1  0x7ff8000000000000
core   0: 0x00000000800041a4 (0x014c6a33) or      s4, s8, s4
core   0: 1 0x00000000800041a4 (0x014c6a33) x20 0x0000000080031fc1
core   0: 0x00000000800041a8 (0x02638dbb) mulw    s11, t2, t1
core   0: 1 0x00000000800041a8 (0x02638dbb) x27 0x0000000000000000
core   0: 0x00000000800041ac (0x0027e5b3) or      a1, a5, sp
core   0: 1 0x00000000800041ac (0x0027e5b3) x11 0x0000000000000001
core   0: 0x00000000800041b0 (0x0155dc1b) srliw   s8, a1, 21
core   0: 1 0x00000000800041b0 (0x0155dc1b) x24 0x0000000000000000
core   0: 0x00000000800041b4 (0x0ff0000f) fence   iorw,iorw
core   0: 1 0x00000000800041b4 (0x0ff0000f)
core   0: 0x00000000800041b8 (0x0249f1b3) remu    gp, s3, tp
core   0: 1 0x00000000800041b8 (0x0249f1b3) x3  0x0000000000000000
core   0: 0x00000000800041bc (0x00ee013b) addw    sp, t3, a4
core   0: 1 0x00000000800041bc (0x00ee013b) x2  0xffffffff80031fc0
core   0: 0x00000000800041c0 (0x7e88081b) addiw   a6, a6, 2024
core   0: 1 0x00000000800041c0 (0x7e88081b) x16 0x0000000000000826
core   0: 0x00000000800041c4 (0x2b3996d3) fmax.d  fa3, fs3, fs3
core   0: 1 0x00000000800041c4 (0x2b3996d3) f13 0x7ff8000000000000
core   0: 0x00000000800041c8 (0x0168fb33) and     s6, a7, s6
core   0: 1 0x00000000800041c8 (0x0168fb33) x22 0x0000000000010000
core   0: 0x00000000800041cc (0x43fdd613) srai    a2, s11, 63
core   0: 1 0x00000000800041cc (0x43fdd613) x12 0x0000000000000000
core   0: 0x00000000800041d0 (0x05b082b7) lui     t0, 0x5b08
core   0: 1 0x00000000800041d0 (0x05b082b7) x5  0x0000000005b08000
core   0: 0x00000000800041d4 (0xd892829b) addiw   t0, t0, -631
core   0: 1 0x00000000800041d4 (0xd892829b) x5  0x0000000005b07d89
core   0: 0x00000000800041d8 (0x000002b2) c.slli  t0, 12
core   0: 1 0x00000000800041d8 (0x02b2) x5  0x0000005b07d89000
core   0: 0x00000000800041da (0xfbd28293) addi    t0, t0, -67
core   0: 1 0x00000000800041da (0xfbd28293) x5  0x0000005b07d88fbd
core   0: 0x00000000800041de (0x03eafa37) lui     s4, 0x3eaf
core   0: 1 0x00000000800041de (0x03eafa37) x20 0x0000000003eaf000
core   0: 0x00000000800041e2 (0xbd3a0a1b) addiw   s4, s4, -1069
core   0: 1 0x00000000800041e2 (0xbd3a0a1b) x20 0x0000000003eaebd3
core   0: 0x00000000800041e6 (0x00000a32) c.slli  s4, 12
core   0: 1 0x00000000800041e6 (0x0a32) x20 0x0000003eaebd3000
core   0: 0x00000000800041e8 (0x557a0a13) addi    s4, s4, 1367
core   0: 1 0x00000000800041e8 (0x557a0a13) x20 0x0000003eaebd3557
core   0: 0x00000000800041ec (0x41c6543b) sraw    s0, a2, t3
core   0: 1 0x00000000800041ec (0x41c6543b) x8  0x0000000000000000
core   0: 0x00000000800041f0 (0x0adc7653) fsub.d  fa2, fs8, fa3
core   0: 1 0x00000000800041f0 (0x0adc7653) f12 0x7ff8000000000000
core   0: 0x00000000800041f4 (0xc219f7d3) fcvt.wu.d a5, fs3
core   0: 1 0x00000000800041f4 (0xc219f7d3) c1_fflags 0x0000000000000011 x15 0xffffffffffffffff
core   0: 0x00000000800041f8 (0xf2050bd3) fmv.d.x fs7, a0
core   0: 1 0x00000000800041f8 (0xf2050bd3) f23 0x0000000000000001
core   0: 0x00000000800041fc (0x0344d3bb) divuw   t2, s1, s4
core   0: 1 0x00000000800041fc (0x0344d3bb) x7  0x0000000000000000
core   0: 0x0000000080004200 (0x8b0d74c3) fmadd.d fs1, fs10, fa6, fa7
core   0: 1 0x0000000080004200 (0x8b0d74c3) f9  0x7ff8000000000000
core   0: 0x0000000080004204 (0x2bdb9553) fmax.d  fa0, fs7, ft9
core   0: 1 0x0000000080004204 (0x2bdb9553) f10 0x0000000000000001
core   0: 0x0000000080004208 (0x40ce9d97) auipc   s11, 0x40ce9
core   0: 1 0x0000000080004208 (0x40ce9d97) x27 0x00000000c0ced208
core   0: 0x000000008000420c (0x0003fe13) andi    t3, t2, 0
core   0: 1 0x000000008000420c (0x0003fe13) x28 0x0000000000000000
core   0: 0x0000000080004210 (0x01c52eb3) slt     t4, a0, t3
core   0: 1 0x0000000080004210 (0x01c52eb3) x29 0x0000000000000000
core   0: 0x0000000080004214 (0x03481833) mulh    a6, a6, s4
core   0: 1 0x0000000080004214 (0x03481833) x16 0x0000000000000000
core   0: 0x0000000080004218 (0xc238fad3) fcvt.lu.d s5, fa7
core   0: 1 0x0000000080004218 (0xc238fad3) c1_fflags 0x0000000000000011 x21 0xffffffffffffffff
core   0: 0x000000008000421c (0x000ad59b) srliw   a1, s5, 0
core   0: 1 0x000000008000421c (0x000ad59b) x11 0xffffffffffffffff
core   0: 0x0000000080004220 (0x00102473) csrrs   s0, fflags, zero
core   0: 1 0x0000000080004220 (0x00102473) x8  0x0000000000000011
core   0: 0x0000000080004224 (0x42050dd3) fcvt.d.s fs11, fa0
core   0: 1 0x0000000080004224 (0x42050dd3) f27 0x7ff8000000000000
core   0: 0x0000000080004228 (0x026e4633) div     a2, t3, t1
core   0: 1 0x0000000080004228 (0x026e4633) x12 0x0000000000000000
core   0: 0x000000008000422c (0xc20079d3) fcvt.w.d s3, ft0
core   0: 1 0x000000008000422c (0xc20079d3) c1_fflags 0x0000000000000011 x19 0x000000007fffffff
core   0: 0x0000000080004230 (0xc3b1f5cb) fnmsub.d fa1, ft3, fs11, fs8
core   0: 1 0x0000000080004230 (0xc3b1f5cb) f11 0x7ff8000000000000
core   0: 0x0000000080004234 (0x47e64913) xori    s2, a2, 1150
core   0: 1 0x0000000080004234 (0x47e64913) x18 0x000000000000047e
core   0: 0x0000000080004238 (0x01ca9593) slli    a1, s5, 28
core   0: 1 0x0000000080004238 (0x01ca9593) x11 0xfffffffff0000000
core   0: 0x000000008000423c (0x400a569b) sraiw   a3, s4, 0
core   0: 1 0x000000008000423c (0x400a569b) x13 0xffffffffaebd3557
core   0: 0x0000000080004240 (0x00000001) c.nop
core   0: 1 0x0000000080004240 (0x0001)
core   0: 0x0000000080004242 (0xe2060a53) fmv.x.d s4, fa2
core   0: 1 0x0000000080004242 (0xe2060a53) x20 0x7ff8000000000000
core   0: 0x0000000080004246 (0x40fe0e33) sub     t3, t3, a5
core   0: 1 0x0000000080004246 (0x40fe0e33) x28 0x0000000000000001
core   0: 0x000000008000424a (0x03d3fcd3) fadd.d  fs9, ft7, ft9
core   0: 1 0x000000008000424a (0x03d3fcd3) f25 0x7ff8000000000000
core   0: 0x000000008000424e (0x0357cdbb) divw    s11, a5, s5
core   0: 1 0x000000008000424e (0x0357cdbb) x27 0x0000000000000001
core   0: 0x0000000080004252 (0x0000977d) c.srai  a4, 63
core   0: 1 0x0000000080004252 (0x977d) x14 0x0000000000000000
core   0: 0x0000000080004254 (0x01292c33) slt     s8, s2, s2
core   0: 1 0x0000000080004254 (0x01292c33) x24 0x0000000000000000
core   0: 0x0000000080004258 (0xd0297553) fcvt.s.l fa0, s2
core   0: 1 0x0000000080004258 (0xd0297553) f10 0xffffffff448fc000
core   0: 0x000000008000425c (0x035162b3) rem     t0, sp, s5
core   0: 1 0x000000008000425c (0x035162b3) x5  0x0000000000000000
core   0: 0x0000000080004260 (0x412cdcbb) sraw    s9, s9, s2
core   0: 1 0x0000000080004260 (0x412cdcbb) x25 0x0000000000000000
core   0: 0x0000000080004264 (0x02635333) divu    t1, t1, t1
core   0: 1 0x0000000080004264 (0x02635333) x6  0x0000000000000001
core   0: 0x0000000080004268 (0xe20e8053) fmv.x.d zero, ft9
core   0: 1 0x0000000080004268 (0xe20e8053)
core   0: 0x000000008000426c (0x00fbab33) slt     s6, s7, a5
core   0: 1 0x000000008000426c (0x00fbab33) x22 0x0000000000000000
core   0: 0x0000000080004270 (0x7bdc0513) addi    a0, s8, 1981
core   0: 1 0x0000000080004270 (0x7bdc0513) x10 0x00000000000007bd
core   0: 0x0000000080004274 (0xc03efbd3) fcvt.lu.s s7, ft9
core   0: 1 0x0000000080004274 (0xc03efbd3) x23 0x0000000000000000
core   0: 0x0000000080004278 (0xd2008953) fcvt.d.w fs2, ra
core   0: 1 0x0000000080004278 (0xd2008953) f18 0xc1dfffc2b4000000
core   0: 0x000000008000427c (0x01830833) add     a6, t1, s8
core   0: 1 0x000000008000427c (0x01830833) x16 0x0000000000000001
core   0: 0x0000000080004280 (0x22ea0a53) fsgnj.d fs4, fs4, fa4
core   0: 1 0x0000000080004280 (0x22ea0a53) f20 0x7fffffff00000000
core   0: 0x0000000080004284 (0xd21089d3) fcvt.d.wu fs3, ra
core   0: 1 0x0000000080004284 (0xd21089d3) f19 0x41e0001ea6000000
core   0: 0x0000000080004288 (0x038c5493) srli    s1, s8, 56
core   0: 1 0x0000000080004288 (0x038c5493) x9  0x0000000000000000
core   0: 0x000000008000428c (0x0ff0000f) fence   iorw,iorw
core   0: 1 0x000000008000428c (0x0ff0000f)
core   0: 0x0000000080004290 (0xd026fad3) fcvt.s.l fs5, a3
core   0: 1 0x0000000080004290 (0xd026fad3) c1_fflags 0x0000000000000011 f21 0xffffffffcea28595
core   0: 0x0000000080004294 (0x038d473b) divw    a4, s10, s8
core   0: 1 0x0000000080004294 (0x038d473b) x14 0xffffffffffffffff
core   0: 0x0000000080004298 (0xc034f053) fcvt.lu.s zero, fs1
core   0: 1 0x0000000080004298 (0xc034f053) c1_fflags 0x0000000000000011
core   0: 0x000000008000429c (0x407e57b3) sra     a5, t3, t2
core   0: 1 0x000000008000429c (0x407e57b3) x15 0x0000000000000001
core   0: 0x00000000800042a0 (0x019a8833) add     a6, s5, s9
core   0: 1 0x00000000800042a0 (0x019a8833) x16 0xffffffffffffffff
core   0: 0x00000000800042a4 (0x97ea8113) addi    sp, s5, -1666
core   0: 1 0x00000000800042a4 (0x97ea8113) x2  0xfffffffffffff97d
core   0: 0x00000000800042a8 (0x02e2fe3b) remuw   t3, t0, a4
core   0: 1 0x00000000800042a8 (0x02e2fe3b) x28 0x0000000000000000
core   0: 0x00000000800042ac (0x01d9db33) srl     s6, s3, t4
core   0: 1 0x00000000800042ac (0x01d9db33) x22 0x000000007fffffff
core   0: 0x00000000800042b0 (0xb7f4b813) sltiu   a6, s1, -1153
core   0: 1 0x00000000800042b0 (0xb7f4b813) x16 0x0000000000000001
core   0: 0x00000000800042b4 (0x0108073b) addw    a4, a6, a6
core   0: 1 0x00000000800042b4 (0x0108073b) x14 0x0000000000000002
core   0: 0x00000000800042b8 (0xf20b01d3) fmv.d.x ft3, s6
core   0: 1 0x00000000800042b8 (0xf20b01d3) f3  0x000000007fffffff
core   0: 0x00000000800042bc (0x12917153) fmul.d  ft2, ft2, fs1
core   0: 1 0x00000000800042bc (0x12917153) f2  0x7ff8000000000000
core   0: 0x00000000800042c0 (0x00281173) csrrw   sp, frm, a6
core   0: 1 0x00000000800042c0 (0x00281173) x2  0x0000000000000000 c2_frm 0x0000000000000001
core   0: 0x00000000800042c4 (0x001c13bb) sllw    t2, s8, ra
core   0: 1 0x00000000800042c4 (0x001c13bb) x7  0x0000000000000000
core   0: 0x00000000800042c8 (0x23ce1e53) fsgnjn.d ft8, ft8, ft8
core   0: 1 0x00000000800042c8 (0x23ce1e53) f28 0x7fffffff00000000
core   0: 0x00000000800042cc (0x017358bb) srlw    a7, t1, s7
core   0: 1 0x00000000800042cc (0x017358bb) x17 0x0000000000000001
core   0: 0x00000000800042d0 (0x01fa5a9b) srliw   s5, s4, 31
core   0: 1 0x00000000800042d0 (0x01fa5a9b) x21 0x0000000000000000
core   0: 0x00000000800042d4 (0x5b414097) auipc   ra, 0x5b414
core   0: 1 0x00000000800042d4 (0x5b414097) x1  0x00000000db4182d4
core   0: 0x00000000800042d8 (0x00000001) c.nop
core   0: 1 0x00000000800042d8 (0x0001)
core   0: 0x00000000800042da (0x001ac633) xor     a2, s5, ra
core   0: 1 0x00000000800042da (0x001ac633) x12 0x00000000db4182d4
core   0: 0x00000000800042de (0xf20389d3) fmv.d.x fs3, t2
core   0: 1 0x00000000800042de (0xf20389d3) f19 0x0000000000000000
core   0: 0x00000000800042e2 (0x012700bb) addw    ra, a4, s2
core   0: 1 0x00000000800042e2 (0x012700bb) x1  0x0000000000000480
core   0: 0x00000000800042e6 (0xd20883d3) fcvt.d.w ft7, a7
core   0: 1 0x00000000800042e6 (0xd20883d3) f7  0x3ff0000000000000
core   0: 0x00000000800042ea (0x01fcdc9b) srliw   s9, s9, 31
core   0: 1 0x00000000800042ea (0x01fcdc9b) x25 0x0000000000000000
core   0: 0x00000000800042ee (0xc221f1d3) fcvt.l.d gp, ft3
core   0: 1 0x00000000800042ee (0xc221f1d3) c1_fflags 0x0000000000000011 x3  0x0000000000000000
core   0: 0x00000000800042f2 (0xc0287953) fcvt.l.s s2, fa6
core   0: 1 0x00000000800042f2 (0xc0287953) x18 0x0000000000000000
core   0: 0x00000000800042f6 (0x02f8c8bb) divw    a7, a7, a5
core   0: 1 0x00000000800042f6 (0x02f8c8bb) x17 0x0000000000000001
core   0: 0x00000000800042fa (0x000d6013) prefetch.i 0(s10)
core   0: 1 0x00000000800042fa (0x000d6013)
core   0: 0x00000000800042fe (0xc02073d3) fcvt.l.s t2, ft0
core   0: 1 0x00000000800042fe (0xc02073d3) c1_fflags 0x0000000000000011 x7  0x7fffffffffffffff
core   0: 0x0000000080004302 (0xc506c137) lui     sp, 0xc506c
core   0: 1 0x0000000080004302 (0xc506c137) x2  0xffffffffc506c000
core   0: 0x0000000080004306 (0x00202a73) csrrs   s4, frm, zero
core   0: 1 0x0000000080004306 (0x00202a73) x20 0x0000000000000001
core   0: 0x000000008000430a (0x002a18f3) csrrw   a7, frm, s4
core   0: 1 0x000000008000430a (0x002a18f3) x17 0x0000000000000001 c2_frm 0x0000000000000001
core   0: 0x000000008000430e (0x158b6913) ori     s2, s6, 344
core   0: 1 0x000000008000430e (0x158b6913) x18 0x000000007fffffff
core   0: 0x0000000080004312 (0xc026fdd3) fcvt.l.s s11, fa3
core   0: 1 0x0000000080004312 (0xc026fdd3) c1_fflags 0x0000000000000011 x27 0x7fffffffffffffff
core   0: 0x0000000080004316 (0x0252d213) srli    tp, t0, 37
core   0: 1 0x0000000080004316 (0x0252d213) x4  0x0000000000000000
core   0: 0x000000008000431a (0xd03cffd3) fcvt.s.lu ft11, s9
core   0: 1 0x000000008000431a (0xd03cffd3) f31 0xffffffff00000000
core   0: 0x000000008000431e (0x03b29e33) mulh    t3, t0, s11
core   0: 1 0x000000008000431e (0x03b29e33) x28 0x0000000000000000
core   0: 0x0000000080004322 (0x003b951b) slliw   a0, s7, 3
core   0: 1 0x0000000080004322 (0x003b951b) x10 0x0000000000000000
core   0: 0x0000000080004326 (0xd022fcd3) fcvt.s.l fs9, t0
core   0: 1 0x0000000080004326 (0xd022fcd3) f25 0xffffffff00000000
core   0: 0x000000008000432a (0x00d4961b) slliw   a2, s1, 13
core   0: 1 0x000000008000432a (0x00d4961b) x12 0x0000000000000000
core   0: 0x000000008000432e (0x0ff0000f) fence   iorw,iorw
core   0: 1 0x000000008000432e (0x0ff0000f)
core   0: 0x0000000080004332 (0xc02875d3) fcvt.l.s a1, fa6
core   0: 1 0x0000000080004332 (0xc02875d3) x11 0x0000000000000000
core   0: 0x0000000080004336 (0x0125e037) lui     zero, 0x125e
core   0: 1 0x0000000080004336 (0x0125e037)
core   0: 0x000000008000433a (0x32f0001b) addiw   zero, zero, 815
core   0: 1 0x000000008000433a (0x32f0001b)
core   0: 0x000000008000433e (0x00c01013) slli    zero, zero, 12
core   0: 1 0x000000008000433e (0x00c01013)
core   0: 0x0000000080004342 (0xadf00013) li      zero, -1313
core   0: 1 0x0000000080004342 (0xadf00013)
core   0: 0x0000000080004346 (0x03471a33) mulh    s4, a4, s4
core   0: 1 0x0000000080004346 (0x03471a33) x20 0x0000000000000000
core   0: 0x000000008000434a (0x00239573) csrrw   a0, frm, t2
core   0: 1 0x000000008000434a (0x00239573) x10 0x0000000000000001 c2_frm 0x0000000000000007
core   0: 0x000000008000434e (0x52a77547) fmsub.d fa0, fa4, fa0, fa0
core   0: exception trap_illegal_instruction, epc 0x000000008000434e
core   0:           tval 0x0000000052a77547
core   0: >>>>  $xrv64i2p1_m2p0_a2p1_f2p2_d2p2_zicsr2p0_zifencei2p0_zmmul1p0_zba1p0_zbb1p0_zbc1p0_zbs1p0
core   0: 0x0000000080004000 (0x0080006f) j       pc + 0x8
core   0: 3 0x0000000080004000 (0x0080006f)
core   0: >>>>  mmode_exception_handler
core   0: 0x0000000080004008 (0x00002c17) auipc   s8, 0x2
core   0: 3 0x0000000080004008 (0x00002c17) x24 0x0000000080006008
core   0: 0x000000008000400c (0x062c0c13) addi    s8, s8, 98
core   0: 3 0x000000008000400c (0x062c0c13) x24 0x000000008000606a
core   0: 0x0000000080004010 (0x000c00e7) jalr    s8
core   0: 3 0x0000000080004010 (0x000c00e7) x1  0x0000000080004014
core   0: >>>>  any_handler
core   0: 0x000000008000606a (0x341027f3) csrrs   a5, mepc, zero
core   0: 3 0x000000008000606a (0x341027f3) x15 0x000000008000434e
core   0: 0x000000008000606e (0x34202773) csrrs   a4, mcause, zero
core   0: 3 0x000000008000606e (0x34202773) x14 0x0000000000000002
core   0: 0x0000000080006072 (0x142026f3) csrrs   a3, scause, zero
core   0: 3 0x0000000080006072 (0x142026f3) x13 0x0000000000000000
core   0: 0x0000000080006076 (0x30402673) csrrs   a2, mie, zero
core   0: 3 0x0000000080006076 (0x30402673) x12 0x0000000000000a00
core   0: 0x000000008000607a (0x344025f3) csrrs   a1, mip, zero
core   0: 3 0x000000008000607a (0x344025f3) x11 0x0000000000000080
core   0: 0x000000008000607e (0x343025f3) csrrs   a1, mtval, zero
core   0: 3 0x000000008000607e (0x343025f3) x11 0x0000000052a77547
core   0: 0x0000000080006082 (0x14302573) csrrs   a0, stval, zero
core   0: 3 0x0000000080006082 (0x14302573) x10 0x0000000000000000
core   0: 0x0000000080006086 (0xb02024f3) csrrs   s1, minstret, zero
core   0: 3 0x0000000080006086 (0xb02024f3) x9  0x0000000000000897
core   0: 0x000000008000608a (0x0000a811) c.j     pc + 20
core   0: 3 0x000000008000608a (0xa811)
core   0: >>>>  mepc_4
core   0: 0x000000008000609e (0x00000791) c.addi  a5, 4
core   0: 3 0x000000008000609e (0x0791) x15 0x0000000080004352
core   0: 0x00000000800060a0 (0x34179073) csrrw   zero, mepc, a5
core   0: 3 0x00000000800060a0 (0x34179073) c833_mepc 0x0000000080004352
core   0: 0x00000000800060a4 (0x30200073) mret
core   0: 3 0x00000000800060a4 (0x30200073) c768_mstatus 0x8000000a00106080
core   0: 0x0000000080004352 (0x00e5593b) srlw    s2, a0, a4
core   0: 1 0x0000000080004352 (0x00e5593b) x18 0x0000000000000000
core   0: 0x0000000080004356 (0x011bd69b) srliw   a3, s7, 17
core   0: 1 0x0000000080004356 (0x011bd69b) x13 0x0000000000000000
core   0: 0x000000008000435a (0xe3986813) ori     a6, a6, -455
core   0: 1 0x000000008000435a (0xe3986813) x16 0xfffffffffffffe39
core   0: 0x000000008000435e (0x000a861b) sext.w  a2, s5
core   0: 1 0x000000008000435e (0x000a861b) x12 0x0000000000000000
core   0: 0x0000000080004362 (0x01f6549b) srliw   s1, a2, 31
core   0: 1 0x0000000080004362 (0x01f6549b) x9  0x0000000000000000
core   0: 0x0000000080004366 (0x012898bb) sllw    a7, a7, s2
core   0: 1 0x0000000080004366 (0x012898bb) x17 0x0000000000000001
core   0: 0x000000008000436a (0xc2197553) fcvt.wu.d a0, fs2
core   0: exception trap_illegal_instruction, epc 0x000000008000436a
core   0:           tval 0x00000000c2197553
core   0: >>>>  $xrv64i2p1_m2p0_a2p1_f2p2_d2p2_zicsr2p0_zifencei2p0_zmmul1p0_zba1p0_zbb1p0_zbc1p0_zbs1p0
core   0: 0x0000000080004000 (0x0080006f) j       pc + 0x8
core   0: 3 0x0000000080004000 (0x0080006f)
core   0: >>>>  mmode_exception_handler
core   0: 0x0000000080004008 (0x00002c17) auipc   s8, 0x2
core   0: 3 0x0000000080004008 (0x00002c17) x24 0x0000000080006008
core   0: 0x000000008000400c (0x062c0c13) addi    s8, s8, 98
core   0: 3 0x000000008000400c (0x062c0c13) x24 0x000000008000606a
core   0: 0x0000000080004010 (0x000c00e7) jalr    s8
core   0: 3 0x0000000080004010 (0x000c00e7) x1  0x0000000080004014
core   0: >>>>  any_handler
core   0: 0x000000008000606a (0x341027f3) csrrs   a5, mepc, zero
core   0: 3 0x000000008000606a (0x341027f3) x15 0x000000008000436a
core   0: 0x000000008000606e (0x34202773) csrrs   a4, mcause, zero
core   0: 3 0x000000008000606e (0x34202773) x14 0x0000000000000002
core   0: 0x0000000080006072 (0x142026f3) csrrs   a3, scause, zero
core   0: 3 0x0000000080006072 (0x142026f3) x13 0x0000000000000000
core   0: 0x0000000080006076 (0x30402673) csrrs   a2, mie, zero
core   0: 3 0x0000000080006076 (0x30402673) x12 0x0000000000000a00
core   0: 0x000000008000607a (0x344025f3) csrrs   a1, mip, zero
core   0: 3 0x000000008000607a (0x344025f3) x11 0x0000000000000080
core   0: 0x000000008000607e (0x343025f3) csrrs   a1, mtval, zero
core   0: 3 0x000000008000607e (0x343025f3) x11 0x00000000c2197553
core   0: 0x0000000080006082 (0x14302573) csrrs   a0, stval, zero
core   0: 3 0x0000000080006082 (0x14302573) x10 0x0000000000000000
core   0: 0x0000000080006086 (0xb02024f3) csrrs   s1, minstret, zero
core   0: 3 0x0000000080006086 (0xb02024f3) x9  0x00000000000008ad
core   0: 0x000000008000608a (0x0000a811) c.j     pc + 20
core   0: 3 0x000000008000608a (0xa811)
core   0: >>>>  mepc_4
core   0: 0x000000008000609e (0x00000791) c.addi  a5, 4
core   0: 3 0x000000008000609e (0x0791) x15 0x000000008000436e
core   0: 0x00000000800060a0 (0x34179073) csrrw   zero, mepc, a5
core   0: 3 0x00000000800060a0 (0x34179073) c833_mepc 0x000000008000436e
core   0: 0x00000000800060a4 (0x30200073) mret
core   0: 3 0x00000000800060a4 (0x30200073) c768_mstatus 0x8000000a00106080
core   0: 0x000000008000436e (0x03f27fd3) fadd.d  ft11, ft4, ft11
core   0: exception trap_illegal_instruction, epc 0x000000008000436e
core   0:           tval 0x0000000003f27fd3
core   0: >>>>  $xrv64i2p1_m2p0_a2p1_f2p2_d2p2_zicsr2p0_zifencei2p0_zmmul1p0_zba1p0_zbb1p0_zbc1p0_zbs1p0
core   0: 0x0000000080004000 (0x0080006f) j       pc + 0x8
core   0: 3 0x0000000080004000 (0x0080006f)
core   0: >>>>  mmode_exception_handler
core   0: 0x0000000080004008 (0x00002c17) auipc   s8, 0x2
core   0: 3 0x0000000080004008 (0x00002c17) x24 0x0000000080006008
core   0: 0x000000008000400c (0x062c0c13) addi    s8, s8, 98
core   0: 3 0x000000008000400c (0x062c0c13) x24 0x000000008000606a
core   0: 0x0000000080004010 (0x000c00e7) jalr    s8
core   0: 3 0x0000000080004010 (0x000c00e7) x1  0x0000000080004014
core   0: >>>>  any_handler
core   0: 0x000000008000606a (0x341027f3) csrrs   a5, mepc, zero
core   0: 3 0x000000008000606a (0x341027f3) x15 0x000000008000436e
core   0: 0x000000008000606e (0x34202773) csrrs   a4, mcause, zero
core   0: 3 0x000000008000606e (0x34202773) x14 0x0000000000000002
core   0: 0x0000000080006072 (0x142026f3) csrrs   a3, scause, zero
core   0: 3 0x0000000080006072 (0x142026f3) x13 0x0000000000000000
core   0: 0x0000000080006076 (0x30402673) csrrs   a2, mie, zero
core   0: 3 0x0000000080006076 (0x30402673) x12 0x0000000000000a00
core   0: 0x000000008000607a (0x344025f3) csrrs   a1, mip, zero
core   0: 3 0x000000008000607a (0x344025f3) x11 0x0000000000000080
core   0: 0x000000008000607e (0x343025f3) csrrs   a1, mtval, zero
core   0: 3 0x000000008000607e (0x343025f3) x11 0x0000000003f27fd3
core   0: 0x0000000080006082 (0x14302573) csrrs   a0, stval, zero
core   0: 3 0x0000000080006082 (0x14302573) x10 0x0000000000000000
core   0: 0x0000000080006086 (0xb02024f3) csrrs   s1, minstret, zero
core   0: 3 0x0000000080006086 (0xb02024f3) x9  0x00000000000008bd
core   0: 0x000000008000608a (0x0000a811) c.j     pc + 20
core   0: 3 0x000000008000608a (0xa811)
core   0: >>>>  mepc_4
core   0: 0x000000008000609e (0x00000791) c.addi  a5, 4
core   0: 3 0x000000008000609e (0x0791) x15 0x0000000080004372
core   0: 0x00000000800060a0 (0x34179073) csrrw   zero, mepc, a5
core   0: 3 0x00000000800060a0 (0x34179073) c833_mepc 0x0000000080004372
core   0: 0x00000000800060a4 (0x30200073) mret
core   0: 3 0x00000000800060a4 (0x30200073) c768_mstatus 0x8000000a00106080
core   0: 0x0000000080004372 (0x7ffd8e93) addi    t4, s11, 2047
core   0: 1 0x0000000080004372 (0x7ffd8e93) x29 0x80000000000007fe
core   0: 0x0000000080004376 (0x0253d393) srli    t2, t2, 37
core   0: 1 0x0000000080004376 (0x0253d393) x7  0x0000000003ffffff
core   0: 0x000000008000437a (0x406ed21b) sraiw   tp, t4, 6
core   0: 1 0x000000008000437a (0x406ed21b) x4  0x000000000000001f
core   0: 0x000000008000437e (0x0ff0000f) fence   iorw,iorw
core   0: 1 0x000000008000437e (0x0ff0000f)
core   0: 0x0000000080004382 (0x7ff0fb13) andi    s6, ra, 2047
core   0: 1 0x0000000080004382 (0x7ff0fb13) x22 0x0000000000000014
core   0: 0x0000000080004386 (0x2add92d3) fmax.d  ft5, fs11, fa3
core   0: 1 0x0000000080004386 (0x2add92d3) f5  0x7ff8000000000000
core   0: 0x000000008000438a (0xa3b38353) fle.d   t1, ft7, fs11
core   0: 1 0x000000008000438a (0xa3b38353) c1_fflags 0x0000000000000011 x6  0x0000000000000000
core   0: 0x000000008000438e (0x03adedb3) rem     s11, s11, s10
core   0: 1 0x000000008000438e (0x03adedb3) x27 0x7fffffffffffffff
core   0: 0x0000000080004392 (0x40c282b3) sub     t0, t0, a2
core   0: 1 0x0000000080004392 (0x40c282b3) x5  0xfffffffffffff600
core   0: 0x0000000080004396 (0x000dd91b) srliw   s2, s11, 0
core   0: 1 0x0000000080004396 (0x000dd91b) x18 0xffffffffffffffff
core   0: 0x000000008000439a (0xa3eb0ad3) fle.d   s5, fs6, ft10
core   0: 1 0x000000008000439a (0xa3eb0ad3) c1_fflags 0x0000000000000011 x21 0x0000000000000000
core   0: 0x000000008000439e (0x7afef7cf) fnmadd.d fa5, ft9, fa5, fa5
core   0: exception trap_illegal_instruction, epc 0x000000008000439e
core   0:           tval 0x000000007afef7cf
core   0: >>>>  $xrv64i2p1_m2p0_a2p1_f2p2_d2p2_zicsr2p0_zifencei2p0_zmmul1p0_zba1p0_zbb1p0_zbc1p0_zbs1p0
core   0: 0x0000000080004000 (0x0080006f) j       pc + 0x8
core   0: 3 0x0000000080004000 (0x0080006f)
core   0: >>>>  mmode_exception_handler
core   0: 0x0000000080004008 (0x00002c17) auipc   s8, 0x2
core   0: 3 0x0000000080004008 (0x00002c17) x24 0x0000000080006008
core   0: 0x000000008000400c (0x062c0c13) addi    s8, s8, 98
core   0: 3 0x000000008000400c (0x062c0c13) x24 0x000000008000606a
core   0: 0x0000000080004010 (0x000c00e7) jalr    s8
core   0: 3 0x0000000080004010 (0x000c00e7) x1  0x0000000080004014
core   0: >>>>  any_handler
core   0: 0x000000008000606a (0x341027f3) csrrs   a5, mepc, zero
core   0: 3 0x000000008000606a (0x341027f3) x15 0x000000008000439e
core   0: 0x000000008000606e (0x34202773) csrrs   a4, mcause, zero
core   0: 3 0x000000008000606e (0x34202773) x14 0x0000000000000002
core   0: 0x0000000080006072 (0x142026f3) csrrs   a3, scause, zero
core   0: 3 0x0000000080006072 (0x142026f3) x13 0x0000000000000000
core   0: 0x0000000080006076 (0x30402673) csrrs   a2, mie, zero
core   0: 3 0x0000000080006076 (0x30402673) x12 0x0000000000000a00
core   0: 0x000000008000607a (0x344025f3) csrrs   a1, mip, zero
core   0: 3 0x000000008000607a (0x344025f3) x11 0x0000000000000080
core   0: 0x000000008000607e (0x343025f3) csrrs   a1, mtval, zero
core   0: 3 0x000000008000607e (0x343025f3) x11 0x000000007afef7cf
core   0: 0x0000000080006082 (0x14302573) csrrs   a0, stval, zero
core   0: 3 0x0000000080006082 (0x14302573) x10 0x0000000000000000
core   0: 0x0000000080006086 (0xb02024f3) csrrs   s1, minstret, zero
core   0: 3 0x0000000080006086 (0xb02024f3) x9  0x00000000000008d8
core   0: 0x000000008000608a (0x0000a811) c.j     pc + 20
core   0: 3 0x000000008000608a (0xa811)
core   0: >>>>  mepc_4
core   0: 0x000000008000609e (0x00000791) c.addi  a5, 4
core   0: 3 0x000000008000609e (0x0791) x15 0x00000000800043a2
core   0: 0x00000000800060a0 (0x34179073) csrrw   zero, mepc, a5
core   0: 3 0x00000000800060a0 (0x34179073) c833_mepc 0x00000000800043a2
core   0: 0x00000000800060a4 (0x30200073) mret
core   0: 3 0x00000000800060a4 (0x30200073) c768_mstatus 0x8000000a00106080
core   0: 0x00000000800043a2 (0x34253e73) csrrc   t3, mcause, a0
core   0: exception trap_illegal_instruction, epc 0x00000000800043a2
core   0:           tval 0x0000000034253e73
core   0: >>>>  $xrv64i2p1_m2p0_a2p1_f2p2_d2p2_zicsr2p0_zifencei2p0_zmmul1p0_zba1p0_zbb1p0_zbc1p0_zbs1p0
core   0: 0x0000000080004000 (0x0080006f) j       pc + 0x8
core   0: 3 0x0000000080004000 (0x0080006f)
core   0: >>>>  mmode_exception_handler
core   0: 0x0000000080004008 (0x00002c17) auipc   s8, 0x2
core   0: 3 0x0000000080004008 (0x00002c17) x24 0x0000000080006008
core   0: 0x000000008000400c (0x062c0c13) addi    s8, s8, 98
core   0: 3 0x000000008000400c (0x062c0c13) x24 0x000000008000606a
core   0: 0x0000000080004010 (0x000c00e7) jalr    s8
core   0: 3 0x0000000080004010 (0x000c00e7) x1  0x0000000080004014
core   0: >>>>  any_handler
core   0: 0x000000008000606a (0x341027f3) csrrs   a5, mepc, zero
core   0: 3 0x000000008000606a (0x341027f3) x15 0x00000000800043a2
core   0: 0x000000008000606e (0x34202773) csrrs   a4, mcause, zero
core   0: 3 0x000000008000606e (0x34202773) x14 0x0000000000000002
core   0: 0x0000000080006072 (0x142026f3) csrrs   a3, scause, zero
core   0: 3 0x0000000080006072 (0x142026f3) x13 0x0000000000000000
core   0: 0x0000000080006076 (0x30402673) csrrs   a2, mie, zero
core   0: 3 0x0000000080006076 (0x30402673) x12 0x0000000000000a00
core   0: 0x000000008000607a (0x344025f3) csrrs   a1, mip, zero
core   0: 3 0x000000008000607a (0x344025f3) x11 0x0000000000000080
core   0: 0x000000008000607e (0x343025f3) csrrs   a1, mtval, zero
core   0: 3 0x000000008000607e (0x343025f3) x11 0x0000000034253e73
core   0: 0x0000000080006082 (0x14302573) csrrs   a0, stval, zero
core   0: 3 0x0000000080006082 (0x14302573) x10 0x0000000000000000
core   0: 0x0000000080006086 (0xb02024f3) csrrs   s1, minstret, zero
core   0: 3 0x0000000080006086 (0xb02024f3) x9  0x00000000000008e8
core   0: 0x000000008000608a (0x0000a811) c.j     pc + 20
core   0: 3 0x000000008000608a (0xa811)
core   0: >>>>  mepc_4
core   0: 0x000000008000609e (0x00000791) c.addi  a5, 4
core   0: 3 0x000000008000609e (0x0791) x15 0x00000000800043a6
core   0: 0x00000000800060a0 (0x34179073) csrrw   zero, mepc, a5
core   0: 3 0x00000000800060a0 (0x34179073) c833_mepc 0x00000000800043a6
core   0: 0x00000000800060a4 (0x30200073) mret
core   0: 3 0x00000000800060a4 (0x30200073) c768_mstatus 0x8000000a00106080
core   0: 0x00000000800043a6 (0xc03b7753) fcvt.lu.s a4, fs6
core   0: exception trap_illegal_instruction, epc 0x00000000800043a6
core   0:           tval 0x00000000c03b7753
core   0: >>>>  $xrv64i2p1_m2p0_a2p1_f2p2_d2p2_zicsr2p0_zifencei2p0_zmmul1p0_zba1p0_zbb1p0_zbc1p0_zbs1p0
core   0: 0x0000000080004000 (0x0080006f) j       pc + 0x8
core   0: 3 0x0000000080004000 (0x0080006f)
core   0: >>>>  mmode_exception_handler
core   0: 0x0000000080004008 (0x00002c17) auipc   s8, 0x2
core   0: 3 0x0000000080004008 (0x00002c17) x24 0x0000000080006008
core   0: 0x000000008000400c (0x062c0c13) addi    s8, s8, 98
core   0: 3 0x000000008000400c (0x062c0c13) x24 0x000000008000606a
core   0: 0x0000000080004010 (0x000c00e7) jalr    s8
core   0: 3 0x0000000080004010 (0x000c00e7) x1  0x0000000080004014
core   0: >>>>  any_handler
core   0: 0x000000008000606a (0x341027f3) csrrs   a5, mepc, zero
core   0: 3 0x000000008000606a (0x341027f3) x15 0x00000000800043a6
core   0: 0x000000008000606e (0x34202773) csrrs   a4, mcause, zero
core   0: 3 0x000000008000606e (0x34202773) x14 0x0000000000000002
core   0: 0x0000000080006072 (0x142026f3) csrrs   a3, scause, zero
core   0: 3 0x0000000080006072 (0x142026f3) x13 0x0000000000000000
core   0: 0x0000000080006076 (0x30402673) csrrs   a2, mie, zero
core   0: 3 0x0000000080006076 (0x30402673) x12 0x0000000000000a00
core   0: 0x000000008000607a (0x344025f3) csrrs   a1, mip, zero
core   0: 3 0x000000008000607a (0x344025f3) x11 0x0000000000000080
core   0: 0x000000008000607e (0x343025f3) csrrs   a1, mtval, zero
core   0: 3 0x000000008000607e (0x343025f3) x11 0x00000000c03b7753
core   0: 0x0000000080006082 (0x14302573) csrrs   a0, stval, zero
core   0: 3 0x0000000080006082 (0x14302573) x10 0x0000000000000000
core   0: 0x0000000080006086 (0xb02024f3) csrrs   s1, minstret, zero
core   0: 3 0x0000000080006086 (0xb02024f3) x9  0x00000000000008f8
core   0: 0x000000008000608a (0x0000a811) c.j     pc + 20
core   0: 3 0x000000008000608a (0xa811)
core   0: >>>>  mepc_4
core   0: 0x000000008000609e (0x00000791) c.addi  a5, 4
core   0: 3 0x000000008000609e (0x0791) x15 0x00000000800043aa
core   0: 0x00000000800060a0 (0x34179073) csrrw   zero, mepc, a5
core   0: 3 0x00000000800060a0 (0x34179073) c833_mepc 0x00000000800043aa
core   0: 0x00000000800060a4 (0x30200073) mret
core   0: 3 0x00000000800060a4 (0x30200073) c768_mstatus 0x8000000a00106080
core   0: 0x00000000800043aa (0xc21b70d3) fcvt.wu.d ra, fs6
core   0: exception trap_illegal_instruction, epc 0x00000000800043aa
core   0:           tval 0x00000000c21b70d3
core   0: >>>>  $xrv64i2p1_m2p0_a2p1_f2p2_d2p2_zicsr2p0_zifencei2p0_zmmul1p0_zba1p0_zbb1p0_zbc1p0_zbs1p0
core   0: 0x0000000080004000 (0x0080006f) j       pc + 0x8
core   0: 3 0x0000000080004000 (0x0080006f)
core   0: >>>>  mmode_exception_handler
core   0: 0x0000000080004008 (0x00002c17) auipc   s8, 0x2
core   0: 3 0x0000000080004008 (0x00002c17) x24 0x0000000080006008
core   0: 0x000000008000400c (0x062c0c13) addi    s8, s8, 98
core   0: 3 0x000000008000400c (0x062c0c13) x24 0x000000008000606a
core   0: 0x0000000080004010 (0x000c00e7) jalr    s8
core   0: 3 0x0000000080004010 (0x000c00e7) x1  0x0000000080004014
core   0: >>>>  any_handler
core   0: 0x000000008000606a (0x341027f3) csrrs   a5, mepc, zero
core   0: 3 0x000000008000606a (0x341027f3) x15 0x00000000800043aa
core   0: 0x000000008000606e (0x34202773) csrrs   a4, mcause, zero
core   0: 3 0x000000008000606e (0x34202773) x14 0x0000000000000002
core   0: 0x0000000080006072 (0x142026f3) csrrs   a3, scause, zero
core   0: 3 0x0000000080006072 (0x142026f3) x13 0x0000000000000000
core   0: 0x0000000080006076 (0x30402673) csrrs   a2, mie, zero
core   0: 3 0x0000000080006076 (0x30402673) x12 0x0000000000000a00
core   0: 0x000000008000607a (0x344025f3) csrrs   a1, mip, zero
core   0: 3 0x000000008000607a (0x344025f3) x11 0x0000000000000080
core   0: 0x000000008000607e (0x343025f3) csrrs   a1, mtval, zero
core   0: 3 0x000000008000607e (0x343025f3) x11 0x00000000c21b70d3
core   0: 0x0000000080006082 (0x14302573) csrrs   a0, stval, zero
core   0: 3 0x0000000080006082 (0x14302573) x10 0x0000000000000000
core   0: 0x0000000080006086 (0xb02024f3) csrrs   s1, minstret, zero
core   0: 3 0x0000000080006086 (0xb02024f3) x9  0x0000000000000908
core   0: 0x000000008000608a (0x0000a811) c.j     pc + 20
core   0: 3 0x000000008000608a (0xa811)
core   0: >>>>  mepc_4
core   0: 0x000000008000609e (0x00000791) c.addi  a5, 4
core   0: 3 0x000000008000609e (0x0791) x15 0x00000000800043ae
core   0: 0x00000000800060a0 (0x34179073) csrrw   zero, mepc, a5
core   0: 3 0x00000000800060a0 (0x34179073) c833_mepc 0x00000000800043ae
core   0: 0x00000000800060a4 (0x30200073) mret
core   0: 3 0x00000000800060a4 (0x30200073) c768_mstatus 0x8000000a00106080
core   0: 0x00000000800043ae (0xd21e89d3) fcvt.d.wu fs3, t4
core   0: 1 0x00000000800043ae (0xd21e89d3) f19 0x409ff80000000000
core   0: 0x00000000800043b2 (0x00209cf3) csrrw   s9, frm, ra
core   0: 1 0x00000000800043b2 (0x00209cf3) x25 0x0000000000000007 c2_frm 0x0000000000000004
core   0: 0x00000000800043b6 (0x1b79fd53) fdiv.d  fs10, fs3, fs7
core   0: 1 0x00000000800043b6 (0x1b79fd53) c1_fflags 0x0000000000000015 f26 0x7ff0000000000000
core   0: 0x00000000800043ba (0x03debeb3) mulhu   t4, t4, t4
core   0: 1 0x00000000800043ba (0x03debeb3) x29 0x40000000000007fe
core   0: 0x00000000800043be (0xc3717c47) fmsub.d fs8, ft2, fs7, fs8
core   0: 1 0x00000000800043be (0xc3717c47) f24 0x7ff8000000000000
core   0: 0x00000000800043c2 (0x03995a33) divu    s4, s2, s9
core   0: 1 0x00000000800043c2 (0x03995a33) x20 0x2492492492492492
core   0: 0x00000000800043c6 (0xc230f6d3) fcvt.lu.d a3, ft1
core   0: 1 0x00000000800043c6 (0xc230f6d3) c1_fflags 0x0000000000000015 x13 0xffffffffffffffff
core   0: 0x00000000800043ca (0x00b8d8bb) srlw    a7, a7, a1
core   0: 1 0x00000000800043ca (0x00b8d8bb) x17 0x0000000000000000
core   0: 0x00000000800043ce (0xc02174d3) fcvt.l.s s1, ft2
core   0: 1 0x00000000800043ce (0xc02174d3) c1_fflags 0x0000000000000015 x9  0x7fffffffffffffff
core   0: 0x00000000800043d2 (0x2252ad53) fsgnjx.d fs10, ft5, ft5
core   0: 1 0x00000000800043d2 (0x2252ad53) f26 0x7ff8000000000000
core   0: 0x00000000800043d6 (0x4084543b) sraw    s0, s0, s0
core   0: 1 0x00000000800043d6 (0x4084543b) x8  0x0000000000000000
core   0: 0x00000000800043da (0x4019f253) fcvt.s.d ft4, fs3
core   0: 1 0x00000000800043da (0x4019f253) f4  0xffffffff44ffc000
core   0: 0x00000000800043de (0xf2344993) xori    s3, s0, -221
core   0: 1 0x00000000800043de (0xf2344993) x19 0xffffffffffffff23
core   0: 0x00000000800043e2 (0x014d13bb) sllw    t2, s10, s4
core   0: 1 0x00000000800043e2 (0x014d13bb) x7  0x0000000000000000
core   0: 0x00000000800043e6 (0xc238f753) fcvt.lu.d a4, fa7
core   0: 1 0x00000000800043e6 (0xc238f753) c1_fflags 0x0000000000000015 x14 0xffffffffffffffff
core   0: 0x00000000800043ea (0xe20981d3) fmv.x.d gp, fs3
core   0: 1 0x00000000800043ea (0xe20981d3) x3  0x409ff80000000000
core   0: 0x00000000800043ee (0x41f3d39b) sraiw   t2, t2, 31
core   0: 1 0x00000000800043ee (0x41f3d39b) x7  0x0000000000000000
core   0: 0x00000000800043f2 (0xa2698753) fle.d   a4, fs3, ft6
core   0: 1 0x00000000800043f2 (0xa2698753) c1_fflags 0x0000000000000015 x14 0x0000000000000000
core   0: 0x00000000800043f6 (0xc22674d3) fcvt.l.d s1, fa2
core   0: 1 0x00000000800043f6 (0xc22674d3) c1_fflags 0x0000000000000015 x9  0x7fffffffffffffff
core   0: 0x00000000800043fa (0x014457bb) srlw    a5, s0, s4
core   0: 1 0x00000000800043fa (0x014457bb) x15 0x0000000000000000
core   0: 0x00000000800043fe (0x132d7f53) fmul.d  ft10, fs10, fs2
core   0: 1 0x00000000800043fe (0x132d7f53) f30 0x7ff8000000000000
core   0: 0x0000000080004402 (0x00000001) c.nop
core   0: 1 0x0000000080004402 (0x0001)
core   0: 0x0000000080004404 (0x41280cb3) sub     s9, a6, s2
core   0: 1 0x0000000080004404 (0x41280cb3) x25 0xfffffffffffffe3a
core   0: 0x0000000080004408 (0xd02e74d3) fcvt.s.l fs1, t3
core   0: 1 0x0000000080004408 (0xd02e74d3) f9  0xffffffff00000000
core   0: 0x000000008000440c (0x0190931b) slliw   t1, ra, 25
core   0: 1 0x000000008000440c (0x0190931b) x6  0x0000000028000000
core   0: 0x0000000080004410 (0x039efa33) remu    s4, t4, s9
core   0: 1 0x0000000080004410 (0x039efa33) x20 0x40000000000007fe
core   0: 0x0000000080004414 (0xd23073d3) fcvt.d.lu ft7, zero
core   0: 1 0x0000000080004414 (0xd23073d3) f7  0x0000000000000000
core   0: 0x0000000080004418 (0x01069033) sll     zero, a3, a6
core   0: 1 0x0000000080004418 (0x01069033)
core   0: 0x000000008000441c (0x5a0e7ed3) fsqrt.d ft9, ft8
core   0: 1 0x000000008000441c (0x5a0e7ed3) f29 0x7ff8000000000000
core   0: 0x0000000080004420 (0x03dd68b3) rem     a7, s10, t4
core   0: 1 0x0000000080004420 (0x03dd68b3) x17 0x0000000000000000
core   0: 0x0000000080004424 (0x03dd50b3) divu    ra, s10, t4
core   0: 1 0x0000000080004424 (0x03dd50b3) x1  0x0000000000000000
core   0: 0x0000000080004428 (0x028e8ab7) lui     s5, 0x28e8
core   0: 1 0x0000000080004428 (0x028e8ab7) x21 0x00000000028e8000
core   0: 0x000000008000442c (0xc99a8a9b) addiw   s5, s5, -871
core   0: 1 0x000000008000442c (0xc99a8a9b) x21 0x00000000028e7c99
core   0: 0x0000000080004430 (0x00000ab6) c.slli  s5, 13
core   0: 1 0x0000000080004430 (0x0ab6) x21 0x00000051cf932000
core   0: 0x0000000080004432 (0x264a8a93) addi    s5, s5, 612
core   0: 1 0x0000000080004432 (0x264a8a93) x21 0x00000051cf932264
core   0: 0x0000000080004436 (0x01689d9b) slliw   s11, a7, 22
core   0: 1 0x0000000080004436 (0x01689d9b) x27 0x0000000000000000
core   0: 0x000000008000443a (0xd20e09d3) fcvt.d.w fs3, t3
core   0: 1 0x000000008000443a (0xd20e09d3) f19 0x0000000000000000
core   0: 0x000000008000443e (0x03021e33) mulh    t3, tp, a6
core   0: 1 0x000000008000443e (0x03021e33) x28 0xffffffffffffffff
core   0: 0x0000000080004442 (0x0040d0b3) srl     ra, ra, tp
core   0: 1 0x0000000080004442 (0x0040d0b3) x1  0x0000000000000000
core   0: 0x0000000080004446 (0x2a1c9cd3) fmax.d  fs9, fs9, ft1
core   0: 1 0x0000000080004446 (0x2a1c9cd3) f25 0x7ff8000000000000
core   0: 0x000000008000444a (0xd20e00d3) fcvt.d.w ft1, t3
core   0: 1 0x000000008000444a (0xd20e00d3) f1  0xbff0000000000000
core   0: 0x000000008000444e (0x2386a7d3) fsgnjx.d fa5, fa3, fs8
core   0: 1 0x000000008000444e (0x2386a7d3) f15 0x7ff8000000000000
core   0: 0x0000000080004452 (0xfdfe0e9b) addiw   t4, t3, -33
core   0: 1 0x0000000080004452 (0xfdfe0e9b) x29 0xffffffffffffffde
core   0: 0x0000000080004456 (0x4e7ece13) xori    t3, t4, 1255
core   0: 1 0x0000000080004456 (0x4e7ece13) x28 0xfffffffffffffb39
core   0: 0x000000008000445a (0x02f2573b) divuw   a4, tp, a5
core   0: 1 0x000000008000445a (0x02f2573b) x14 0xffffffffffffffff
core   0: 0x000000008000445e (0x03ce30b3) mulhu   ra, t3, t3
core   0: 1 0x000000008000445e (0x03ce30b3) x1  0xfffffffffffff672
core   0: 0x0000000080004462 (0xdbde7093) andi    ra, t3, -579
core   0: 1 0x0000000080004462 (0xdbde7093) x1  0xfffffffffffff939
core   0: 0x0000000080004466 (0xf2070553) fmv.d.x fa0, a4
core   0: 1 0x0000000080004466 (0xf2070553) f10 0xffffffffffffffff
core   0: 0x000000008000446a (0x009499bb) sllw    s3, s1, s1
core   0: 1 0x000000008000446a (0x009499bb) x19 0xffffffff80000000
core   0: 0x000000008000446e (0x000c7cb3) and     s9, s8, zero
core   0: 1 0x000000008000446e (0x000c7cb3) x25 0x0000000000000000
core   0: 0x0000000080004472 (0xfed3e837) lui     a6, 0xfed3e
core   0: 1 0x0000000080004472 (0xfed3e837) x16 0xfffffffffed3e000
core   0: 0x0000000080004476 (0x4898081b) addiw   a6, a6, 1161
core   0: 1 0x0000000080004476 (0x4898081b) x16 0xfffffffffed3e489
core   0: 0x000000008000447a (0x00000836) c.slli  a6, 13
core   0: 1 0x000000008000447a (0x0836) x16 0xffffffda7c912000
core   0: 0x000000008000447c (0x9f580813) addi    a6, a6, -1547
core   0: 1 0x000000008000447c (0x9f580813) x16 0xffffffda7c9119f5
core   0: 0x0000000080004480 (0x0ff0000f) fence   iorw,iorw
core   0: 1 0x0000000080004480 (0x0ff0000f)
core   0: 0x0000000080004484 (0x0386cc3b) divw    s8, a3, s8
core   0: 1 0x0000000080004484 (0x0386cc3b) x24 0x0000000000000000
core   0: 0x0000000080004488 (0x40e25193) srai    gp, tp, 14
core   0: 1 0x0000000080004488 (0x40e25193) x3  0x0000000000000000
core   0: 0x000000008000448c (0x028af733) remu    a4, s5, s0
core   0: 1 0x000000008000448c (0x028af733) x14 0x00000051cf932264
core   0: 0x0000000080004490 (0x410359bb) sraw    s3, t1, a6
core   0: 1 0x0000000080004490 (0x410359bb) x19 0x0000000000000140
core   0: 0x0000000080004494 (0x137c7a53) fmul.d  fs4, fs8, fs7
core   0: 1 0x0000000080004494 (0x137c7a53) f20 0x7ff8000000000000
core   0: 0x0000000080004498 (0x406e5cbb) sraw    s9, t3, t1
core   0: 1 0x0000000080004498 (0x406e5cbb) x25 0xfffffffffffffb39
core   0: 0x000000008000449c (0x239c87d3) fsgnj.d fa5, fs9, fs9
core   0: 1 0x000000008000449c (0x239c87d3) f15 0x7ff8000000000000
core   0: 0x00000000800044a0 (0xea5efcc3) fmadd.d fs9, ft9, ft5, ft9
core   0: 1 0x00000000800044a0 (0xea5efcc3) f25 0x7ff8000000000000
core   0: 0x00000000800044a4 (0xaff98d9b) addiw   s11, s3, -1281
core   0: 1 0x00000000800044a4 (0xaff98d9b) x27 0xfffffffffffffc3f
core   0: 0x00000000800044a8 (0x03ce0bbb) mulw    s7, t3, t3
core   0: 1 0x00000000800044a8 (0x03ce0bbb) x23 0x000000000016d2b1
core   0: 0x00000000800044ac (0x01c3da3b) srlw    s4, t2, t3
core   0: 1 0x00000000800044ac (0x01c3da3b) x20 0x0000000000000000
core   0: 0x00000000800044b0 (0x028387bb) mulw    a5, t2, s0
core   0: 1 0x00000000800044b0 (0x028387bb) x15 0x0000000000000000
core   0: 0x00000000800044b4 (0x5a0b7c53) fsqrt.d fs8, fs6
core   0: 1 0x00000000800044b4 (0x5a0b7c53) f24 0x7ff8000000000000
core   0: 0x00000000800044b8 (0x236b2553) fsgnjx.d fa0, fs6, fs6
core   0: 1 0x00000000800044b8 (0x236b2553) f10 0x7fffffff00000000
core   0: 0x00000000800044bc (0x0067e033) or      zero, a5, t1
core   0: 1 0x00000000800044bc (0x0067e033)
core   0: 0x00000000800044c0 (0x012d5d1b) srliw   s10, s10, 18
core   0: 1 0x00000000800044c0 (0x012d5d1b) x26 0x0000000000000000
core   0: 0x00000000800044c4 (0x01612133) slt     sp, sp, s6
core   0: 1 0x00000000800044c4 (0x01612133) x2  0x0000000000000001
core   0: 0x00000000800044c8 (0x00049293) slli    t0, s1, 0
core   0: 1 0x00000000800044c8 (0x00049293) x5  0x7fffffffffffffff
core   0: 0x00000000800044cc (0x029049bb) divw    s3, zero, s1
core   0: 1 0x00000000800044cc (0x029049bb) x19 0x0000000000000000
core   0: 0x00000000800044d0 (0xb1bd7213) andi    tp, s10, -1253
core   0: 1 0x00000000800044d0 (0xb1bd7213) x4  0x0000000000000000
core   0: 0x00000000800044d4 (0x1b8c7453) fdiv.d  fs0, fs8, fs8
core   0: 1 0x00000000800044d4 (0x1b8c7453) f8  0x7ff8000000000000
core   0: 0x00000000800044d8 (0xf2028353) fmv.d.x ft6, t0
core   0: 1 0x00000000800044d8 (0xf2028353) f6  0x7fffffffffffffff
core   0: 0x00000000800044dc (0x4013dd9b) sraiw   s11, t2, 1
core   0: 1 0x00000000800044dc (0x4013dd9b) x27 0x0000000000000000
core   0: 0x00000000800044e0 (0xd22c72d3) fcvt.d.l ft5, s8
core   0: 1 0x00000000800044e0 (0xd22c72d3) f5  0x0000000000000000
core   0: 0x00000000800044e4 (0x40f65cbb) sraw    s9, a2, a5
core   0: 1 0x00000000800044e4 (0x40f65cbb) x25 0x0000000000000a00
core   0: 0x00000000800044e8 (0x1aae7553) fdiv.d  fa0, ft8, fa0
core   0: 1 0x00000000800044e8 (0x1aae7553) f10 0x7ff8000000000000
core   0: 0x00000000800044ec (0x00000001) c.nop
core   0: 1 0x00000000800044ec (0x0001)
core   0: 0x00000000800044ee (0x505bc897) auipc   a7, 0x505bc
core   0: 1 0x00000000800044ee (0x505bc897) x17 0x00000000d05c04ee
core   0: 0x00000000800044f2 (0x032dc933) div     s2, s11, s2
core   0: 1 0x00000000800044f2 (0x032dc933) x18 0x0000000000000000
core   0: 0x00000000800044f6 (0xc3907643) fmadd.d fa2, ft0, fs9, fs8
core   0: 1 0x00000000800044f6 (0xc3907643) f12 0x7ff8000000000000
core   0: 0x00000000800044fa (0x106fd073) csrrwi  zero, scounteren, 31
core   0: 1 0x00000000800044fa (0x106fd073) c262_scounteren 0x0000000000000000
core   0: 0x00000000800044fe (0xd23d7ad3) fcvt.d.lu fs5, s10
core   0: 1 0x00000000800044fe (0xd23d7ad3) f21 0x0000000000000000
core   0: 0x0000000080004502 (0x026cf333) remu    t1, s9, t1
core   0: 1 0x0000000080004502 (0x026cf333) x6  0x0000000000000a00
core   0: 0x0000000080004506 (0x00000001) c.nop
core   0: 1 0x0000000080004506 (0x0001)
core   0: 0x0000000080004508 (0x090e0e13) addi    t3, t3, 144
core   0: 1 0x0000000080004508 (0x090e0e13) x28 0xfffffffffffffbc9
core   0: 0x000000008000450c (0x002024f3) csrrs   s1, frm, zero
core   0: 1 0x000000008000450c (0x002024f3) x9  0x0000000000000004
core   0: 0x0000000080004510 (0xc01e3bf3) csrrc   s7, time, t3
core   0: exception trap_illegal_instruction, epc 0x0000000080004510
core   0:           tval 0x00000000c01e3bf3
core   0: >>>>  $xrv64i2p1_m2p0_a2p1_f2p2_d2p2_zicsr2p0_zifencei2p0_zmmul1p0_zba1p0_zbb1p0_zbc1p0_zbs1p0
core   0: 0x0000000080004000 (0x0080006f) j       pc + 0x8
core   0: 3 0x0000000080004000 (0x0080006f)
core   0: >>>>  mmode_exception_handler
core   0: 0x0000000080004008 (0x00002c17) auipc   s8, 0x2
core   0: 3 0x0000000080004008 (0x00002c17) x24 0x0000000080006008
core   0: 0x000000008000400c (0x062c0c13) addi    s8, s8, 98
core   0: 3 0x000000008000400c (0x062c0c13) x24 0x000000008000606a
core   0: 0x0000000080004010 (0x000c00e7) jalr    s8
core   0: 3 0x0000000080004010 (0x000c00e7) x1  0x0000000080004014
core   0: >>>>  any_handler
core   0: 0x000000008000606a (0x341027f3) csrrs   a5, mepc, zero
core   0: 3 0x000000008000606a (0x341027f3) x15 0x0000000080004510
core   0: 0x000000008000606e (0x34202773) csrrs   a4, mcause, zero
core   0: 3 0x000000008000606e (0x34202773) x14 0x0000000000000002
core   0: 0x0000000080006072 (0x142026f3) csrrs   a3, scause, zero
core   0: 3 0x0000000080006072 (0x142026f3) x13 0x0000000000000000
core   0: 0x0000000080006076 (0x30402673) csrrs   a2, mie, zero
core   0: 3 0x0000000080006076 (0x30402673) x12 0x0000000000000a00
core   0: 0x000000008000607a (0x344025f3) csrrs   a1, mip, zero
core   0: 3 0x000000008000607a (0x344025f3) x11 0x0000000000000080
core   0: 0x000000008000607e (0x343025f3) csrrs   a1, mtval, zero
core   0: 3 0x000000008000607e (0x343025f3) x11 0x00000000c01e3bf3
core   0: 0x0000000080006082 (0x14302573) csrrs   a0, stval, zero
core   0: 3 0x0000000080006082 (0x14302573) x10 0x0000000000000000
core   0: 0x0000000080006086 (0xb02024f3) csrrs   s1, minstret, zero
core   0: 3 0x0000000080006086 (0xb02024f3) x9  0x0000000000000973
core   0: 0x000000008000608a (0x0000a811) c.j     pc + 20
core   0: 3 0x000000008000608a (0xa811)
core   0: >>>>  mepc_4
core   0: 0x000000008000609e (0x00000791) c.addi  a5, 4
core   0: 3 0x000000008000609e (0x0791) x15 0x0000000080004514
core   0: 0x00000000800060a0 (0x34179073) csrrw   zero, mepc, a5
core   0: 3 0x00000000800060a0 (0x34179073) c833_mepc 0x0000000080004514
core   0: 0x00000000800060a4 (0x30200073) mret
core   0: 3 0x00000000800060a4 (0x30200073) c768_mstatus 0x8000000a00106080
core   0: 0x0000000080004514 (0x002029f3) csrrs   s3, frm, zero
core   0: 1 0x0000000080004514 (0x002029f3) x19 0x0000000000000004
core   0: 0x0000000080004518 (0x00000001) c.nop
core   0: 1 0x0000000080004518 (0x0001)
core   0: 0x000000008000451a (0x02c67cd3) fadd.d  fs9, fa2, fa2
core   0: 1 0x000000008000451a (0x02c67cd3) f25 0x7ff8000000000000
core   0: 0x000000008000451e (0x00859137) lui     sp, 0x859
core   0: 1 0x000000008000451e (0x00859137) x2  0x0000000000859000
core   0: 0x0000000080004522 (0x4fd1011b) addiw   sp, sp, 1277
core   0: 1 0x0000000080004522 (0x4fd1011b) x2  0x00000000008594fd
core   0: 0x0000000080004526 (0x0000013a) c.slli  sp, 14
core   0: 1 0x0000000080004526 (0x013a) x2  0x00000021653f4000
core   0: 0x0000000080004528 (0x19710113) addi    sp, sp, 407
core   0: 1 0x0000000080004528 (0x19710113) x2  0x00000021653f4197
core   0: 0x000000008000452c (0x00202073) csrrs   zero, frm, zero
core   0: 1 0x000000008000452c (0x00202073)
core   0: 0x0000000080004530 (0x00c383bb) addw    t2, t2, a2
core   0: 1 0x0000000080004530 (0x00c383bb) x7  0x0000000000000a00
core   0: 0x0000000080004534 (0x02c8b633) mulhu   a2, a7, a2
core   0: 1 0x0000000080004534 (0x02c8b633) x12 0x0000000000000000
core   0: 0x0000000080004538 (0x00fa19bb) sllw    s3, s4, a5
core   0: 1 0x0000000080004538 (0x00fa19bb) x19 0x0000000000000000
core   0: 0x000000008000453c (0x023f7c53) fadd.d  fs8, ft10, ft3
core   0: 1 0x000000008000453c (0x023f7c53) f24 0x7ff8000000000000
core   0: 0x0000000080004540 (0x0b80ff53) fsub.d  ft10, ft1, fs8
core   0: 1 0x0000000080004540 (0x0b80ff53) f30 0x7ff8000000000000
core   0: 0x0000000080004544 (0xc22df053) fcvt.l.d zero, fs11
core   0: 1 0x0000000080004544 (0xc22df053) c1_fflags 0x0000000000000015
core   0: 0x0000000080004548 (0xc0277ad3) fcvt.l.s s5, fa4
core   0: 1 0x0000000080004548 (0xc0277ad3) c1_fflags 0x0000000000000015 x21 0x7fffffffffffffff
core   0: 0x000000008000454c (0x00d000bb) addw    ra, zero, a3
core   0: 1 0x000000008000454c (0x00d000bb) x1  0x0000000000000000
core   0: 0x0000000080004550 (0x002029f3) csrrs   s3, frm, zero
core   0: 1 0x0000000080004550 (0x002029f3) x19 0x0000000000000004
core   0: 0x0000000080004554 (0x02c62db3) mulhsu  s11, a2, a2
core   0: 1 0x0000000080004554 (0x02c62db3) x27 0x0000000000000000
core   0: 0x0000000080004558 (0x03c0c2b3) div     t0, ra, t3
core   0: 1 0x0000000080004558 (0x03c0c2b3) x5  0x0000000000000000
core   0: 0x000000008000455c (0xc239f6d3) fcvt.lu.d a3, fs3
core   0: 1 0x000000008000455c (0xc239f6d3) x13 0x0000000000000000
core   0: 0x0000000080004560 (0x2ff52b97) auipc   s7, 0x2ff52
core   0: 1 0x0000000080004560 (0x2ff52b97) x23 0x00000000aff56560
core   0: 0x0000000080004564 (0x03cd423b) divw    tp, s10, t3
core   0: 1 0x0000000080004564 (0x03cd423b) x4  0x0000000000000000
core   0: 0x0000000080004568 (0xf20203d3) fmv.d.x ft7, tp
core   0: 1 0x0000000080004568 (0xf20203d3) f7  0x0000000000000000
core   0: 0x000000008000456c (0xe8934017) auipc   zero, 0xe8934
core   0: 1 0x000000008000456c (0xe8934017)
core   0: 0x0000000080004570 (0x039961bb) remw    gp, s2, s9
core   0: 1 0x0000000080004570 (0x039961bb) x3  0x0000000000000000
core   0: 0x0000000080004574 (0x23bca7d3) fsgnjx.d fa5, fs9, fs11
core   0: 1 0x0000000080004574 (0x23bca7d3) f15 0x7ff8000000000000
core   0: 0x0000000080004578 (0x2b591953) fmax.d  fs2, fs2, fs5
core   0: 1 0x0000000080004578 (0x2b591953) f18 0x0000000000000000
core   0: 0x000000008000457c (0x00019593) slli    a1, gp, 0
core   0: 1 0x000000008000457c (0x00019593) x11 0x0000000000000000
core   0: 0x0000000080004580 (0x02325bb3) divu    s7, tp, gp
core   0: 1 0x0000000080004580 (0x02325bb3) x23 0xffffffffffffffff
core   0: 0x0000000080004584 (0xa647e013) ori     zero, a5, -1436
core   0: 1 0x0000000080004584 (0xa647e013)
core   0: 0x0000000080004588 (0x401cfcd3) fcvt.s.d fs9, fs9
core   0: 1 0x0000000080004588 (0x401cfcd3) f25 0xffffffff7fc00000
core   0: 0x000000008000458c (0x02474233) div     tp, a4, tp
core   0: 1 0x000000008000458c (0x02474233) x4  0xffffffffffffffff
core   0: 0x0000000080004590 (0x01f99a1b) slliw   s4, s3, 31
core   0: 1 0x0000000080004590 (0x01f99a1b) x20 0x0000000000000000
core   0: 0x0000000080004594 (0x0b6c7dd3) fsub.d  fs11, fs8, fs6
core   0: 1 0x0000000080004594 (0x0b6c7dd3) f27 0x7ff8000000000000
core   0: 0x0000000080004598 (0x0192e2b3) or      t0, t0, s9
core   0: 1 0x0000000080004598 (0x0192e2b3) x5  0x0000000000000a00
core   0: 0x000000008000459c (0x01fada93) srli    s5, s5, 31
core   0: 1 0x000000008000459c (0x01fada93) x21 0x00000000ffffffff
core   0: 0x00000000800045a0 (0x5a0c70d3) fsqrt.d ft1, fs8
core   0: 1 0x00000000800045a0 (0x5a0c70d3) f1  0x7ff8000000000000
core   0: 0x00000000800045a4 (0x03ce7d33) remu    s10, t3, t3
core   0: 1 0x00000000800045a4 (0x03ce7d33) x26 0x0000000000000000
core   0: 0x00000000800045a8 (0xd21c89d3) fcvt.d.wu fs3, s9
core   0: 1 0x00000000800045a8 (0xd21c89d3) f19 0x40a4000000000000
core   0: 0x00000000800045ac (0x0004043b) addw    s0, s0, zero
core   0: 1 0x00000000800045ac (0x0004043b) x8  0x0000000000000000
core   0: 0x00000000800045b0 (0xe2030c53) fmv.x.d s8, ft6
core   0: 1 0x00000000800045b0 (0xe2030c53) x24 0x7fffffffffffffff
core   0: 0x00000000800045b4 (0xd03674d3) fcvt.s.lu fs1, a2
core   0: 1 0x00000000800045b4 (0xd03674d3) f9  0xffffffff00000000
core   0: 0x00000000800045b8 (0xd20c0f53) fcvt.d.w ft10, s8
core   0: 1 0x00000000800045b8 (0xd20c0f53) f30 0xbff0000000000000
core   0: 0x00000000800045bc (0x00c5569b) srliw   a3, a0, 12
core   0: 1 0x00000000800045bc (0x00c5569b) x13 0x0000000000000000
core   0: 0x00000000800045c0 (0x23efafd3) fsgnjx.d ft11, ft11, ft10
core   0: 1 0x00000000800045c0 (0x23efafd3) f31 0x7fffffff00000000
core   0: 0x00000000800045c4 (0x00000001) c.nop
core   0: 1 0x00000000800045c4 (0x0001)
core   0: 0x00000000800045c6 (0x0227b733) mulhu   a4, a5, sp
core   0: 1 0x00000000800045c6 (0x0227b733) x14 0x0000000000000010
core   0: 0x00000000800045ca (0x401d7f53) fcvt.s.d ft10, fs10
core   0: 1 0x00000000800045ca (0x401d7f53) f30 0xffffffff7fc00000
core   0: 0x00000000800045ce (0x02b8c533) div     a0, a7, a1
core   0: 1 0x00000000800045ce (0x02b8c533) x10 0xffffffffffffffff
core   0: 0x00000000800045d2 (0x03a121b3) mulhsu  gp, sp, s10
core   0: 1 0x00000000800045d2 (0x03a121b3) x3  0x0000000000000000
core   0: 0x00000000800045d6 (0x22bd8dd3) fsgnj.d fs11, fs11, fa1
core   0: 1 0x00000000800045d6 (0x22bd8dd3) f27 0x7ff8000000000000
core   0: 0x00000000800045da (0x42028cd3) fcvt.d.s fs9, ft5
core   0: 1 0x00000000800045da (0x42028cd3) f25 0x7ff8000000000000
core   0: 0x00000000800045de (0xffee7037) lui     zero, 0xffee7
core   0: 1 0x00000000800045de (0xffee7037)
core   0: 0x00000000800045e2 (0xb190001b) addiw   zero, zero, -1255
core   0: 1 0x00000000800045e2 (0xb190001b)
core   0: 0x00000000800045e6 (0x00c01013) slli    zero, zero, 12
core   0: 1 0x00000000800045e6 (0x00c01013)
core   0: 0x00000000800045ea (0xf6b00013) li      zero, -149
core   0: 1 0x00000000800045ea (0xf6b00013)
core   0: 0x00000000800045ee (0x40045b13) srai    s6, s0, 0
core   0: 1 0x00000000800045ee (0x40045b13) x22 0x0000000000000000
core   0: 0x00000000800045f2 (0xc20df0d3) fcvt.w.d ra, fs11
core   0: 1 0x00000000800045f2 (0xc20df0d3) c1_fflags 0x0000000000000015 x1  0x000000007fffffff
core   0: 0x00000000800045f6 (0x4010d21b) sraiw   tp, ra, 1
core   0: 1 0x00000000800045f6 (0x4010d21b) x4  0x000000003fffffff
core   0: 0x00000000800045fa (0x00000001) c.nop
core   0: 1 0x00000000800045fa (0x0001)
core   0: 0x00000000800045fc (0x40685733) sra     a4, a6, t1
core   0: 1 0x00000000800045fc (0x40685733) x14 0xffffffda7c9119f5
core   0: 0x0000000080004600 (0x038c78bb) remuw   a7, s8, s8
core   0: 1 0x0000000080004600 (0x038c78bb) x17 0x0000000000000000
core   0: 0x0000000080004604 (0x4165d5b3) sra     a1, a1, s6
core   0: 1 0x0000000080004604 (0x4165d5b3) x11 0x0000000000000000
core   0: 0x0000000080004608 (0x0005d99b) srliw   s3, a1, 0
core   0: 1 0x0000000080004608 (0x0005d99b) x19 0x0000000000000000
core   0: 0x000000008000460c (0x22889453) fsgnjn.d fs0, fa7, fs0
core   0: 1 0x000000008000460c (0x22889453) f8  0xffffffff00000000
core   0: 0x0000000080004610 (0x41f2d59b) sraiw   a1, t0, 31
core   0: 1 0x0000000080004610 (0x41f2d59b) x11 0x0000000000000000
core   0: 0x0000000080004614 (0xa3911253) flt.d   tp, ft2, fs9
core   0: 1 0x0000000080004614 (0xa3911253) c1_fflags 0x0000000000000015 x4  0x0000000000000000
core   0: 0x0000000080004618 (0xc03cf453) fcvt.lu.s s0, fs9
core   0: 1 0x0000000080004618 (0xc03cf453) c1_fflags 0x0000000000000015 x8  0xffffffffffffffff
core   0: 0x000000008000461c (0x40218133) sub     sp, gp, sp
core   0: 1 0x000000008000461c (0x40218133) x2  0xffffffde9ac0be69
core   0: 0x0000000080004620 (0x014b5b3b) srlw    s6, s6, s4
core   0: 1 0x0000000080004620 (0x014b5b3b) x22 0x0000000000000000
core   0: 0x0000000080004624 (0x234f8a53) fsgnj.d fs4, ft11, fs4
core   0: 1 0x0000000080004624 (0x234f8a53) f20 0x7fffffff00000000
core   0: 0x0000000080004628 (0x4144d4b3) sra     s1, s1, s4
core   0: 1 0x0000000080004628 (0x4144d4b3) x9  0x0000000000000973
core   0: 0x000000008000462c (0xc236f1d3) fcvt.lu.d gp, fa3
core   0: 1 0x000000008000462c (0xc236f1d3) c1_fflags 0x0000000000000015 x3  0xffffffffffffffff
core   0: 0x0000000080004630 (0x00fc98bb) sllw    a7, s9, a5
core   0: 1 0x0000000080004630 (0x00fc98bb) x17 0xffffffffa0000000
core   0: 0x0000000080004634 (0x1558e913) ori     s2, a7, 341
core   0: 1 0x0000000080004634 (0x1558e913) x18 0xffffffffa0000155
core   0: 0x0000000080004638 (0x02e843b3) div     t2, a6, a4
core   0: 1 0x0000000080004638 (0x02e843b3) x7  0x0000000000000001
core   0: 0x000000008000463c (0x000090fd) c.srli  s1, 63
core   0: 1 0x000000008000463c (0x90fd) x9  0x0000000000000000
core   0: 0x000000008000463e (0x028e493b) divw    s2, t3, s0
core   0: 1 0x000000008000463e (0x028e493b) x18 0x0000000000000437
core   0: 0x0000000080004642 (0x00097393) andi    t2, s2, 0
core   0: 1 0x0000000080004642 (0x00097393) x7  0x0000000000000000
core   0: 0x0000000080004646 (0x0207fe33) remu    t3, a5, zero
core   0: 1 0x0000000080004646 (0x0207fe33) x28 0x0000000080004514
core   0: 0x000000008000464a (0x23250ad3) fsgnj.d fs5, fa0, fs2
core   0: 1 0x000000008000464a (0x23250ad3) f21 0x7ff8000000000000
core   0: 0x000000008000464e (0x0004121b) slliw   tp, s0, 0
core   0: 1 0x000000008000464e (0x0004121b) x4  0xffffffffffffffff
core   0: 0x0000000080004652 (0x00000001) c.nop
core   0: 1 0x0000000080004652 (0x0001)
core   0: 0x0000000080004654 (0x41d98833) sub     a6, s3, t4
core   0: 1 0x0000000080004654 (0x41d98833) x16 0x0000000000000022
core   0: 0x0000000080004658 (0x0273c6bb) divw    a3, t2, t2
core   0: 1 0x0000000080004658 (0x0273c6bb) x13 0xffffffffffffffff
core   0: 0x000000008000465c (0x0b5e71d3) fsub.d  ft3, ft8, fs5
core   0: 1 0x000000008000465c (0x0b5e71d3) f3  0x7ff8000000000000
core   0: 0x0000000080004660 (0x416a8133) sub     sp, s5, s6
core   0: 1 0x0000000080004660 (0x416a8133) x2  0x00000000ffffffff
core   0: 0x0000000080004664 (0x414c0c3b) subw    s8, s8, s4
core   0: 1 0x0000000080004664 (0x414c0c3b) x24 0xffffffffffffffff
core   0: 0x0000000080004668 (0xc0357ed3) fcvt.lu.s t4, fa0
core   0: 1 0x0000000080004668 (0xc0357ed3) c1_fflags 0x0000000000000015 x29 0xffffffffffffffff
core   0: 0x000000008000466c (0x000d4533) xor     a0, s10, zero
core   0: 1 0x000000008000466c (0x000d4533) x10 0x0000000000000000
core   0: 0x0000000080004670 (0xd22df9d3) fcvt.d.l fs3, s11
core   0: 1 0x0000000080004670 (0xd22df9d3) f19 0x0000000000000000
core   0: 0x0000000080004674 (0x01689ebb) sllw    t4, a7, s6
core   0: 1 0x0000000080004674 (0x01689ebb) x29 0xffffffffa0000000
core   0: 0x0000000080004678 (0x409c04b3) sub     s1, s8, s1
core   0: 1 0x0000000080004678 (0x409c04b3) x9  0xffffffffffffffff
core   0: 0x000000008000467c (0xc02e7cd3) fcvt.l.s s9, ft8
core   0: 1 0x000000008000467c (0xc02e7cd3) c1_fflags 0x0000000000000015 x25 0x7fffffffffffffff
core   0: 0x0000000080004680 (0x011498b3) sll     a7, s1, a7
core   0: 1 0x0000000080004680 (0x011498b3) x17 0xffffffffffffffff
core   0: 0x0000000080004684 (0x1a9276d3) fdiv.d  fa3, ft4, fs1
core   0: 1 0x0000000080004684 (0x1a9276d3) f13 0x7ff8000000000000
core   0: 0x0000000080004688 (0x01f09b1b) slliw   s6, ra, 31
core   0: 1 0x0000000080004688 (0x01f09b1b) x22 0xffffffff80000000
core   0: 0x000000008000468c (0xc21ff153) fcvt.wu.d sp, ft11
core   0: 1 0x000000008000468c (0xc21ff153) c1_fflags 0x0000000000000015 x2  0xffffffffffffffff
core   0: 0x0000000080004690 (0xd2020553) fcvt.d.w fa0, tp
core   0: 1 0x0000000080004690 (0xd2020553) f10 0xbff0000000000000
core   0: 0x0000000080004694 (0xc026f853) fcvt.l.s a6, fa3
core   0: 1 0x0000000080004694 (0xc026f853) c1_fflags 0x0000000000000015 x16 0x7fffffffffffffff
core   0: 0x0000000080004698 (0x030793b3) mulh    t2, a5, a6
core   0: 1 0x0000000080004698 (0x030793b3) x7  0x0000000040002289
core   0: 0x000000008000469c (0x5a02fc53) fsqrt.d fs8, ft5
core   0: 1 0x000000008000469c (0x5a02fc53) f24 0x0000000000000000
core   0: 0x00000000800046a0 (0xc22479d3) fcvt.l.d s3, fs0
core   0: 1 0x00000000800046a0 (0xc22479d3) c1_fflags 0x0000000000000015 x19 0x7fffffffffffffff
core   0: 0x00000000800046a4 (0x00000001) c.nop
core   0: 1 0x00000000800046a4 (0x0001)
core   0: 0x00000000800046a6 (0x1c03ec97) auipc   s9, 0x1c03e
core   0: 1 0x00000000800046a6 (0x1c03ec97) x25 0x000000009c0426a6
core   0: 0x00000000800046aa (0xebc87d47) fmsub.d fs10, fa6, ft8, ft9
core   0: 1 0x00000000800046aa (0xebc87d47) f26 0x7ff8000000000000
core   0: 0x00000000800046ae (0x02f7ed33) rem     s10, a5, a5
core   0: 1 0x00000000800046ae (0x02f7ed33) x26 0x0000000000000000
core   0: 0x00000000800046b2 (0xc23d7953) fcvt.lu.d s2, fs10
core   0: 1 0x00000000800046b2 (0xc23d7953) c1_fflags 0x0000000000000015 x18 0xffffffffffffffff
core   0: 0x00000000800046b6 (0x0271ca3b) divw    s4, gp, t2
core   0: 1 0x00000000800046b6 (0x0271ca3b) x20 0x0000000000000000
core   0: 0x00000000800046ba (0x024efad3) fadd.d  fs5, ft9, ft4
core   0: 1 0x00000000800046ba (0x024efad3) f21 0x7ff8000000000000
core   0: 0x00000000800046be (0x00520d37) lui     s10, 0x520
core   0: 1 0x00000000800046be (0x00520d37) x26 0x0000000000520000
core   0: 0x00000000800046c2 (0x2d3d0d1b) addiw   s10, s10, 723
core   0: 1 0x00000000800046c2 (0x2d3d0d1b) x26 0x00000000005202d3
core   0: 0x00000000800046c6 (0x00000d3a) c.slli  s10, 14
core   0: 1 0x00000000800046c6 (0x0d3a) x26 0x0000001480b4c000
core   0: 0x00000000800046c8 (0x906d0d13) addi    s10, s10, -1786
core   0: 1 0x00000000800046c8 (0x906d0d13) x26 0x0000001480b4b906
core   0: 0x00000000800046cc (0x0205a033) mulhsu  zero, a1, zero
core   0: 1 0x00000000800046cc (0x0205a033)
core   0: 0x00000000800046d0 (0x0006e6b3) or      a3, a3, zero
core   0: 1 0x00000000800046d0 (0x0006e6b3) x13 0xffffffffffffffff
core   0: 0x00000000800046d4 (0x002d83bb) addw    t2, s11, sp
core   0: 1 0x00000000800046d4 (0x002d83bb) x7  0xffffffffffffffff
core   0: 0x00000000800046d8 (0xc21d7153) fcvt.wu.d sp, fs10
core   0: 1 0x00000000800046d8 (0xc21d7153) c1_fflags 0x0000000000000015 x2  0xffffffffffffffff
core   0: 0x00000000800046dc (0x00cd5c1b) srliw   s8, s10, 12
core   0: 1 0x00000000800046dc (0x00cd5c1b) x24 0x0000000000080b4b
core   0: 0x00000000800046e0 (0x418c0ebb) subw    t4, s8, s8
core   0: 1 0x00000000800046e0 (0x418c0ebb) x29 0x0000000000000000
core   0: 0x00000000800046e4 (0x019c96bb) sllw    a3, s9, s9
core   0: 1 0x00000000800046e4 (0x019c96bb) x13 0x000000000109a980
core   0: 0x00000000800046e8 (0x14005973) csrrwi  s2, sscratch, 0
core   0: 1 0x00000000800046e8 (0x14005973) x18 0x0000000000000000 c320_sscratch 0x0000000000000000
core   0: 0x00000000800046ec (0x012edb33) srl     s6, t4, s2
core   0: 1 0x00000000800046ec (0x012edb33) x22 0x0000000000000000
core   0: 0x00000000800046f0 (0xeb517143) fmadd.d ft2, ft2, fs5, ft9
core   0: 1 0x00000000800046f0 (0xeb517143) f2  0x7ff8000000000000
core   0: 0x00000000800046f4 (0xd22b79d3) fcvt.d.l fs3, s6
core   0: 1 0x00000000800046f4 (0xd22b79d3) f19 0x0000000000000000
core   0: 0x00000000800046f8 (0x4067de93) srai    t4, a5, 6
core   0: 1 0x00000000800046f8 (0x4067de93) x29 0x0000000002000114
core   0: 0x00000000800046fc (0xfff50293) addi    t0, a0, -1
core   0: 1 0x00000000800046fc (0xfff50293) x5  0xffffffffffffffff
core   0: 0x0000000080004700 (0x000b9a3b) sllw    s4, s7, zero
core   0: 1 0x0000000080004700 (0x000b9a3b) x20 0xffffffffffffffff
core   0: 0x0000000080004704 (0xa36ccc93) xori    s9, s9, -1482
core   0: 1 0x0000000080004704 (0xa36ccc93) x25 0xffffffff63fbdc90
core   0: 0x0000000080004708 (0xc031b1f3) csrrc   gp, hpmcounter3, gp
core   0: exception trap_illegal_instruction, epc 0x0000000080004708
core   0:           tval 0x00000000c031b1f3
core   0: >>>>  $xrv64i2p1_m2p0_a2p1_f2p2_d2p2_zicsr2p0_zifencei2p0_zmmul1p0_zba1p0_zbb1p0_zbc1p0_zbs1p0
core   0: 0x0000000080004000 (0x0080006f) j       pc + 0x8
core   0: 3 0x0000000080004000 (0x0080006f)
core   0: >>>>  mmode_exception_handler
core   0: 0x0000000080004008 (0x00002c17) auipc   s8, 0x2
core   0: 3 0x0000000080004008 (0x00002c17) x24 0x0000000080006008
core   0: 0x000000008000400c (0x062c0c13) addi    s8, s8, 98
core   0: 3 0x000000008000400c (0x062c0c13) x24 0x000000008000606a
core   0: 0x0000000080004010 (0x000c00e7) jalr    s8
core   0: 3 0x0000000080004010 (0x000c00e7) x1  0x0000000080004014
core   0: >>>>  any_handler
core   0: 0x000000008000606a (0x341027f3) csrrs   a5, mepc, zero
core   0: 3 0x000000008000606a (0x341027f3) x15 0x0000000080004708
core   0: 0x000000008000606e (0x34202773) csrrs   a4, mcause, zero
core   0: 3 0x000000008000606e (0x34202773) x14 0x0000000000000002
core   0: 0x0000000080006072 (0x142026f3) csrrs   a3, scause, zero
core   0: 3 0x0000000080006072 (0x142026f3) x13 0x0000000000000000
core   0: 0x0000000080006076 (0x30402673) csrrs   a2, mie, zero
core   0: 3 0x0000000080006076 (0x30402673) x12 0x0000000000000a00
core   0: 0x000000008000607a (0x344025f3) csrrs   a1, mip, zero
core   0: 3 0x000000008000607a (0x344025f3) x11 0x0000000000000080
core   0: 0x000000008000607e (0x343025f3) csrrs   a1, mtval, zero
core   0: 3 0x000000008000607e (0x343025f3) x11 0x00000000c031b1f3
core   0: 0x0000000080006082 (0x14302573) csrrs   a0, stval, zero
core   0: 3 0x0000000080006082 (0x14302573) x10 0x0000000000000000
core   0: 0x0000000080006086 (0xb02024f3) csrrs   s1, minstret, zero
core   0: 3 0x0000000080006086 (0xb02024f3) x9  0x0000000000000a04
core   0: 0x000000008000608a (0x0000a811) c.j     pc + 20
core   0: 3 0x000000008000608a (0xa811)
core   0: >>>>  mepc_4
core   0: 0x000000008000609e (0x00000791) c.addi  a5, 4
core   0: 3 0x000000008000609e (0x0791) x15 0x000000008000470c
core   0: 0x00000000800060a0 (0x34179073) csrrw   zero, mepc, a5
core   0: 3 0x00000000800060a0 (0x34179073) c833_mepc 0x000000008000470c
core   0: 0x00000000800060a4 (0x30200073) mret
core   0: 3 0x00000000800060a4 (0x30200073) c768_mstatus 0x8000000a00106080
core   0: 0x000000008000470c (0x019c5ebb) srlw    t4, s8, s9
core   0: 1 0x000000008000470c (0x019c5ebb) x29 0x0000000000008000
core   0: 0x0000000080004710 (0x0ff0000f) fence   iorw,iorw
core   0: 1 0x0000000080004710 (0x0ff0000f)
core   0: 0x0000000080004714 (0x02070c3b) mulw    s8, a4, zero
core   0: 1 0x0000000080004714 (0x02070c3b) x24 0x0000000000000000
core   0: 0x0000000080004718 (0x01378333) add     t1, a5, s3
core   0: 1 0x0000000080004718 (0x01378333) x6  0x800000008000470b
core   0: 0x000000008000471c (0x0ff0000f) fence   iorw,iorw
core   0: 1 0x000000008000471c (0x0ff0000f)
core   0: 0x0000000080004720 (0x0123093b) addw    s2, t1, s2
core   0: 1 0x0000000080004720 (0x0123093b) x18 0xffffffff8000470b
core   0: 0x0000000080004724 (0xe5db2217) auipc   tp, 0xe5db2
core   0: 1 0x0000000080004724 (0xe5db2217) x4  0x0000000065db6724
core   0: 0x0000000080004728 (0x80036093) ori     ra, t1, -2048
core   0: 1 0x0000000080004728 (0x80036093) x1  0xffffffffffffff0b
core   0: 0x000000008000472c (0x401c73d3) fcvt.s.d ft7, fs8
core   0: 1 0x000000008000472c (0x401c73d3) f7  0xffffffff00000000
core   0: 0x0000000080004730 (0xfbecfa93) andi    s5, s9, -66
core   0: 1 0x0000000080004730 (0xfbecfa93) x21 0xffffffff63fbdc90
core   0: 0x0000000080004734 (0xd2a2fd4f) fnmadd.d fs10, ft5, fa0, fs10
core   0: 1 0x0000000080004734 (0xd2a2fd4f) f26 0x7ff8000000000000
core   0: 0x0000000080004738 (0x0becfad3) fsub.d  fs5, fs9, ft10
core   0: 1 0x0000000080004738 (0x0becfad3) f21 0x7ff8000000000000
core   0: 0x000000008000473c (0x0120a133) slt     sp, ra, s2
core   0: 1 0x000000008000473c (0x0120a133) x2  0x0000000000000000
core   0: 0x0000000080004740 (0x001d829b) addiw   t0, s11, 1
core   0: 1 0x0000000080004740 (0x001d829b) x5  0x0000000000000001
core   0: 0x0000000080004744 (0xa2538bd3) fle.d   s7, ft7, ft5
core   0: 1 0x0000000080004744 (0xa2538bd3) c1_fflags 0x0000000000000015 x23 0x0000000000000000
core   0: 0x0000000080004748 (0xd227f453) fcvt.d.l fs0, a5
core   0: 1 0x0000000080004748 (0xd227f453) f8  0x41e00008e1800000
core   0: 0x000000008000474c (0x01567533) and     a0, a2, s5
core   0: 1 0x000000008000474c (0x01567533) x10 0x0000000000000800
core   0: 0x0000000080004750 (0x001b55b3) srl     a1, s6, ra
core   0: 1 0x0000000080004750 (0x001b55b3) x11 0x0000000000000000
core   0: 0x0000000080004754 (0x4cb03937) lui     s2, 0x4cb03
core   0: 1 0x0000000080004754 (0x4cb03937) x18 0x000000004cb03000
core   0: 0x0000000080004758 (0x412b573b) sraw    a4, s6, s2
core   0: 1 0x0000000080004758 (0x412b573b) x14 0x0000000000000000
core   0: 0x000000008000475c (0x02e80cb3) mul     s9, a6, a4
core   0: 1 0x000000008000475c (0x02e80cb3) x25 0x0000000000000000
core   0: 0x0000000080004760 (0xc21575d3) fcvt.wu.d a1, fa0
core   0: 1 0x0000000080004760 (0xc21575d3) c1_fflags 0x0000000000000015 x11 0x0000000000000000
core   0: 0x0000000080004764 (0x0a3b70d3) fsub.d  ft1, fs6, ft3
core   0: 1 0x0000000080004764 (0x0a3b70d3) f1  0x7ff8000000000000
core   0: 0x0000000080004768 (0x014d53bb) srlw    t2, s10, s4
core   0: 1 0x0000000080004768 (0x014d53bb) x7  0x0000000000000001
core   0: 0x000000008000476c (0xb7e70ab7) lui     s5, 0xb7e70
core   0: 1 0x000000008000476c (0xb7e70ab7) x21 0xffffffffb7e70000
core   0: 0x0000000080004770 (0x22571453) fsgnjn.d fs0, fa4, ft5
core   0: 1 0x0000000080004770 (0x22571453) f8  0xfff8000000000000
core   0: 0x0000000080004774 (0xe23476cb) fnmsub.d fa3, fs0, ft3, ft8
core   0: 1 0x0000000080004774 (0xe23476cb) f13 0x7ff8000000000000
core   0: 0x0000000080004778 (0x03fa1d13) slli    s10, s4, 63
core   0: 1 0x0000000080004778 (0x03fa1d13) x26 0x8000000000000000
core   0: 0x000000008000477c (0x57e08c93) addi    s9, ra, 1406
core   0: 1 0x000000008000477c (0x57e08c93) x25 0x0000000000000489
core   0: 0x0000000080004780 (0x010711b3) sll     gp, a4, a6
core   0: 1 0x0000000080004780 (0x010711b3) x3  0x0000000000000000
core   0: 0x0000000080004784 (0x8536b693) sltiu   a3, a3, -1965
core   0: 1 0x0000000080004784 (0x8536b693) x13 0x0000000000000001
core   0: 0x0000000080004788 (0xc20977d3) fcvt.w.d a5, fs2
core   0: 1 0x0000000080004788 (0xc20977d3) x15 0x0000000000000000
core   0: 0x000000008000478c (0x41835c33) sra     s8, t1, s8
core   0: 1 0x000000008000478c (0x41835c33) x24 0x800000008000470b
core   0: 0x0000000080004790 (0x2af686d3) fmin.d  fa3, fa3, fa5
core   0: 1 0x0000000080004790 (0x2af686d3) f13 0x7ff8000000000000
core   0: 0x0000000080004794 (0xc038f0d3) fcvt.lu.s ra, fa7
core   0: 1 0x0000000080004794 (0xc038f0d3) c1_fflags 0x0000000000000015 x1  0xffffffffffffffff
core   0: 0x0000000080004798 (0x00f788bb) addw    a7, a5, a5
core   0: 1 0x0000000080004798 (0x00f788bb) x17 0x0000000000000000
core   0: 0x000000008000479c (0x002026f3) csrrs   a3, frm, zero
core   0: 1 0x000000008000479c (0x002026f3) x13 0x0000000000000004
core   0: 0x00000000800047a0 (0x026080bb) mulw    ra, ra, t1
core   0: 1 0x00000000800047a0 (0x026080bb) x1  0x000000007fffb8f5
core   0: 0x00000000800047a4 (0xd2008953) fcvt.d.w fs2, ra
core   0: 1 0x00000000800047a4 (0xd2008953) f18 0x41dfffee3d400000
core   0: 0x00000000800047a8 (0x401080b3) sub     ra, ra, ra
core   0: 1 0x00000000800047a8 (0x401080b3) x1  0x0000000000000000
core   0: 0x00000000800047ac (0x8000ca93) xori    s5, ra, -2048
core   0: 1 0x00000000800047ac (0x8000ca93) x21 0xfffffffffffff800
core   0: 0x00000000800047b0 (0x03f29a13) slli    s4, t0, 63
core   0: 1 0x00000000800047b0 (0x03f29a13) x20 0x8000000000000000
core   0: 0x00000000800047b4 (0xf8363d37) lui     s10, 0xf8363
core   0: 1 0x00000000800047b4 (0xf8363d37) x26 0xfffffffff8363000
core   0: 0x00000000800047b8 (0x4abd0d1b) addiw   s10, s10, 1195
core   0: 1 0x00000000800047b8 (0x4abd0d1b) x26 0xfffffffff83634ab
core   0: 0x00000000800047bc (0x00000d32) c.slli  s10, 12
core   0: 1 0x00000000800047bc (0x0d32) x26 0xffffff83634ab000
core   0: 0x00000000800047be (0x9afd0d13) addi    s10, s10, -1617
core   0: 1 0x00000000800047be (0x9afd0d13) x26 0xffffff83634aa9af
core   0: 0x00000000800047c2 (0x35936593) ori     a1, t1, 857
core   0: 1 0x00000000800047c2 (0x35936593) x11 0x800000008000475b
core   0: 0x00000000800047c6 (0x41225ab3) sra     s5, tp, s2
core   0: 1 0x00000000800047c6 (0x41225ab3) x21 0x0000000065db6724
core   0: 0x00000000800047ca (0xd22af853) fcvt.d.l fa6, s5
core   0: 1 0x00000000800047ca (0xd22af853) f16 0x41d976d9c9000000
core   0: 0x00000000800047ce (0x72adf537) lui     a0, 0x72adf
core   0: 1 0x00000000800047ce (0x72adf537) x10 0x0000000072adf000
core   0: 0x00000000800047d2 (0x00191d1b) slliw   s10, s2, 1
core   0: 1 0x00000000800047d2 (0x00191d1b) x26 0xffffffff99606000
core   0: 0x00000000800047d6 (0xc02576d3) fcvt.l.s a3, fa0
core   0: 1 0x00000000800047d6 (0xc02576d3) c1_fflags 0x0000000000000015 x13 0x7fffffffffffffff
core   0: 0x00000000800047da (0x02f697b3) mulh    a5, a3, a5
core   0: 1 0x00000000800047da (0x02f697b3) x15 0x0000000000000000
core   0: 0x00000000800047de (0xa3050053) fle.d   zero, fa0, fa6
core   0: 1 0x00000000800047de (0xa3050053)
core   0: 0x00000000800047e2 (0xf2080f53) fmv.d.x ft10, a6
core   0: 1 0x00000000800047e2 (0xf2080f53) f30 0x7fffffffffffffff
core   0: 0x00000000800047e6 (0x01068eb3) add     t4, a3, a6
core   0: 1 0x00000000800047e6 (0x01068eb3) x29 0xfffffffffffffffe
core   0: 0x00000000800047ea (0x1b9f7ccf) fnmadd.d fs9, ft10, fs9, ft3
core   0: 1 0x00000000800047ea (0x1b9f7ccf) f25 0x7ff8000000000000
core   0: 0x00000000800047ee (0xb3def24f) fnmadd.d ft4, ft9, ft9, fs6
core   0: 1 0x00000000800047ee (0xb3def24f) f4  0x7ff8000000000000
core   0: 0x00000000800047f2 (0x016a8dbb) addw    s11, s5, s6
core   0: 1 0x00000000800047f2 (0x016a8dbb) x27 0x0000000065db6724
core   0: 0x00000000800047f6 (0xd03df6d3) fcvt.s.lu fa3, s11
core   0: 1 0x00000000800047f6 (0xd03df6d3) c1_fflags 0x0000000000000015 f13 0xffffffff4ecbb6ce
core   0: 0x00000000800047fa (0x0b087853) fsub.d  fa6, fa6, fa6
core   0: 1 0x00000000800047fa (0x0b087853) f16 0x0000000000000000
core   0: 0x00000000800047fe (0x02f53a33) mulhu   s4, a0, a5
core   0: 1 0x00000000800047fe (0x02f53a33) x20 0x0000000000000000
core   0: 0x0000000080004802 (0x0047db17) auipc   s6, 0x47d
core   0: 1 0x0000000080004802 (0x0047db17) x22 0x0000000080481802
core   0: 0x0000000080004806 (0x03ce79d3) fadd.d  fs3, ft8, ft8
core   0: 1 0x0000000080004806 (0x03ce79d3) f19 0x7ff8000000000000
core   0: 0x000000008000480a (0x014570b3) and     ra, a0, s4
core   0: 1 0x000000008000480a (0x014570b3) x1  0x0000000000000000
core   0: 0x000000008000480e (0x42098153) fcvt.d.s ft2, fs3
core   0: 1 0x000000008000480e (0x42098153) f2  0x7ff8000000000000
core   0: 0x0000000080004812 (0x03f71693) slli    a3, a4, 63
core   0: 1 0x0000000080004812 (0x03f71693) x13 0x0000000000000000
core   0: 0x0000000080004816 (0x40ed553b) sraw    a0, s10, a4
core   0: 1 0x0000000080004816 (0x40ed553b) x10 0xffffffff99606000
core   0: 0x000000008000481a (0x03ce5e3b) divuw   t3, t3, t3
core   0: 1 0x000000008000481a (0x03ce5e3b) x28 0x0000000000000001
core   0: 0x000000008000481e (0x01f1129b) slliw   t0, sp, 31
core   0: 1 0x000000008000481e (0x01f1129b) x5  0x0000000000000000
core   0: 0x0000000080004822 (0x001693f3) csrrw   t2, fflags, a3
core   0: 1 0x0000000080004822 (0x001693f3) x7  0x0000000000000015 c1_fflags 0x0000000000000000
core   0: 0x0000000080004826 (0x0207f653) fadd.d  fa2, fa5, ft0
core   0: 1 0x0000000080004826 (0x0207f653) f12 0x7ff8000000000000
core   0: 0x000000008000482a (0xd22e7cd3) fcvt.d.l fs9, t3
core   0: 1 0x000000008000482a (0xd22e7cd3) f25 0x3ff0000000000000
core   0: 0x000000008000482e (0x01641433) sll     s0, s0, s6
core   0: 1 0x000000008000482e (0x01641433) x8  0xfffffffffffffffc
core   0: 0x0000000080004832 (0x00000001) c.nop
core   0: 1 0x0000000080004832 (0x0001)
core   0: 0x0000000080004834 (0xd0247d53) fcvt.s.l fs10, s0
core   0: 1 0x0000000080004834 (0xd0247d53) f26 0xffffffffc0800000
core   0: 0x0000000080004838 (0x23a301d3) fsgnj.d ft3, ft6, fs10
core   0: 1 0x0000000080004838 (0x23a301d3) f3  0xffffffffffffffff
core   0: 0x000000008000483c (0x9ba07143) fmadd.d ft2, ft0, fs10, fs3
core   0: 1 0x000000008000483c (0x9ba07143) f2  0x7ff8000000000000
core   0: 0x0000000080004840 (0x70a881b7) lui     gp, 0x70a88
core   0: 1 0x0000000080004840 (0x70a881b7) x3  0x0000000070a88000
core   0: 0x0000000080004844 (0xd02bff53) fcvt.s.l ft10, s7
core   0: 1 0x0000000080004844 (0xd02bff53) f30 0xffffffff00000000
core   0: 0x0000000080004848 (0x001024f3) csrrs   s1, fflags, zero
core   0: 1 0x0000000080004848 (0x001024f3) x9  0x0000000000000000
core   0: 0x000000008000484c (0x001b4a13) xori    s4, s6, 1
core   0: 1 0x000000008000484c (0x001b4a13) x20 0x0000000080481803
core   0: 0x0000000080004850 (0x002027f3) csrrs   a5, frm, zero
core   0: 1 0x0000000080004850 (0x002027f3) x15 0x0000000000000004
core   0: 0x0000000080004854 (0x12f2ffd3) fmul.d  ft11, ft5, fa5
core   0: 1 0x0000000080004854 (0x12f2ffd3) f31 0x7ff8000000000000
core   0: 0x0000000080004858 (0x32e78413) addi    s0, a5, 814
core   0: 1 0x0000000080004858 (0x32e78413) x8  0x0000000000000332
core   0: 0x000000008000485c (0x22d89ed3) fsgnjn.d ft9, fa7, fa3
core   0: 1 0x000000008000485c (0x22d89ed3) f29 0x7fffffff00000000
core   0: 0x0000000080004860 (0x026655bb) divuw   a1, a2, t1
core   0: 1 0x0000000080004860 (0x026655bb) x11 0x0000000000000000
core   0: 0x0000000080004864 (0x0017c1b3) xor     gp, a5, ra
core   0: 1 0x0000000080004864 (0x0017c1b3) x3  0x0000000000000004
core   0: 0x0000000080004868 (0x4013fdd3) fcvt.s.d fs11, ft7
core   0: 1 0x0000000080004868 (0x4013fdd3) f27 0xffffffff7fc00000
core   0: 0x000000008000486c (0x01ccd89b) srliw   a7, s9, 28
core   0: 1 0x000000008000486c (0x01ccd89b) x17 0x0000000000000000
core   0: 0x0000000080004870 (0xc23ef3d3) fcvt.lu.d t2, ft9
core   0: 1 0x0000000080004870 (0xc23ef3d3) c1_fflags 0x0000000000000010 x7  0xffffffffffffffff
core   0: 0x0000000080004874 (0x03c4503b) divuw   zero, s0, t3
core   0: 1 0x0000000080004874 (0x03c4503b)
core   0: 0x0000000080004878 (0x7d738297) auipc   t0, 0x7d738
core   0: 1 0x0000000080004878 (0x7d738297) x5  0x00000000fd73c878
core   0: 0x000000008000487c (0xd22c77d3) fcvt.d.l fa5, s8
core   0: 1 0x000000008000487c (0xd22c77d3) c1_fflags 0x0000000000000011 f15 0xc3dfffffffdfffee
core   0: 0x0000000080004880 (0xf2078253) fmv.d.x ft4, a5
core   0: 1 0x0000000080004880 (0xf2078253) f4  0x0000000000000004
core   0: 0x0000000080004884 (0x01ce1e3b) sllw    t3, t3, t3
core   0: 1 0x0000000080004884 (0x01ce1e3b) x28 0x0000000000000002
core   0: 0x0000000080004888 (0x00365ab3) srl     s5, a2, gp
core   0: 1 0x0000000080004888 (0x00365ab3) x21 0x00000000000000a0
core   0: 0x000000008000488c (0x001d9a9b) slliw   s5, s11, 1
core   0: 1 0x000000008000488c (0x001d9a9b) x21 0xffffffffcbb6ce48
core   0: 0x0000000080004890 (0x035afebb) remuw   t4, s5, s5
core   0: 1 0x0000000080004890 (0x035afebb) x29 0x0000000000000000
core   0: 0x0000000080004894 (0x01d3583b) srlw    a6, t1, t4
core   0: 1 0x0000000080004894 (0x01d3583b) x16 0xffffffff8000470b
core   0: 0x0000000080004898 (0x08accc93) xori    s9, s9, 138
core   0: 1 0x0000000080004898 (0x08accc93) x25 0x0000000000000403
core   0: 0x000000008000489c (0x30392773) csrrs   a4, mideleg, s2
core   0: exception trap_illegal_instruction, epc 0x000000008000489c
core   0:           tval 0x0000000030392773
core   0: >>>>  $xrv64i2p1_m2p0_a2p1_f2p2_d2p2_zicsr2p0_zifencei2p0_zmmul1p0_zba1p0_zbb1p0_zbc1p0_zbs1p0
core   0: 0x0000000080004000 (0x0080006f) j       pc + 0x8
core   0: 3 0x0000000080004000 (0x0080006f)
core   0: >>>>  mmode_exception_handler
core   0: 0x0000000080004008 (0x00002c17) auipc   s8, 0x2
core   0: 3 0x0000000080004008 (0x00002c17) x24 0x0000000080006008
core   0: 0x000000008000400c (0x062c0c13) addi    s8, s8, 98
core   0: 3 0x000000008000400c (0x062c0c13) x24 0x000000008000606a
core   0: 0x0000000080004010 (0x000c00e7) jalr    s8
core   0: 3 0x0000000080004010 (0x000c00e7) x1  0x0000000080004014
core   0: >>>>  any_handler
core   0: 0x000000008000606a (0x341027f3) csrrs   a5, mepc, zero
core   0: 3 0x000000008000606a (0x341027f3) x15 0x000000008000489c
core   0: 0x000000008000606e (0x34202773) csrrs   a4, mcause, zero
core   0: 3 0x000000008000606e (0x34202773) x14 0x0000000000000002
core   0: 0x0000000080006072 (0x142026f3) csrrs   a3, scause, zero
core   0: 3 0x0000000080006072 (0x142026f3) x13 0x0000000000000000
core   0: 0x0000000080006076 (0x30402673) csrrs   a2, mie, zero
core   0: 3 0x0000000080006076 (0x30402673) x12 0x0000000000000a00
core   0: 0x000000008000607a (0x344025f3) csrrs   a1, mip, zero
core   0: 3 0x000000008000607a (0x344025f3) x11 0x0000000000000080
core   0: 0x000000008000607e (0x343025f3) csrrs   a1, mtval, zero
core   0: 3 0x000000008000607e (0x343025f3) x11 0x0000000030392773
core   0: 0x0000000080006082 (0x14302573) csrrs   a0, stval, zero
core   0: 3 0x0000000080006082 (0x14302573) x10 0x0000000000000000
core   0: 0x0000000080006086 (0xb02024f3) csrrs   s1, minstret, zero
core   0: 3 0x0000000080006086 (0xb02024f3) x9  0x0000000000000a79
core   0: 0x000000008000608a (0x0000a811) c.j     pc + 20
core   0: 3 0x000000008000608a (0xa811)
core   0: >>>>  mepc_4
core   0: 0x000000008000609e (0x00000791) c.addi  a5, 4
core   0: 3 0x000000008000609e (0x0791) x15 0x00000000800048a0
core   0: 0x00000000800060a0 (0x34179073) csrrw   zero, mepc, a5
core   0: 3 0x00000000800060a0 (0x34179073) c833_mepc 0x00000000800048a0
core   0: 0x00000000800060a4 (0x30200073) mret
core   0: 3 0x00000000800060a4 (0x30200073) c768_mstatus 0x8000000a00106080
core   0: 0x00000000800048a0 (0x00ef9ab7) lui     s5, 0xef9
core   0: 1 0x00000000800048a0 (0x00ef9ab7) x21 0x0000000000ef9000
core   0: 0x00000000800048a4 (0x6d7a8a9b) addiw   s5, s5, 1751
core   0: 1 0x00000000800048a4 (0x6d7a8a9b) x21 0x0000000000ef96d7
core   0: 0x00000000800048a8 (0x00000ab6) c.slli  s5, 13
core   0: 1 0x00000000800048a8 (0x0ab6) x21 0x0000001df2dae000
core   0: 0x00000000800048aa (0x028a8a93) addi    s5, s5, 40
core   0: 1 0x00000000800048aa (0x028a8a93) x21 0x0000001df2dae028
core   0: 0x00000000800048ae (0x5a01f1cf) fnmadd.d ft3, ft3, ft0, fa1
core   0: 1 0x00000000800048ae (0x5a01f1cf) f3  0x7ff8000000000000
core   0: 0x00000000800048b2 (0x0369f83b) remuw   a6, s3, s6
core   0: 1 0x00000000800048b2 (0x0369f83b) x16 0x000000007fb7e7fd
core   0: 0x00000000800048b6 (0x0161eb33) or      s6, gp, s6
core   0: 1 0x00000000800048b6 (0x0161eb33) x22 0x0000000080481806
core   0: 0x00000000800048ba (0x0065d69b) srliw   a3, a1, 6
core   0: 1 0x00000000800048ba (0x0065d69b) x13 0x0000000000c0e49d
core   0: 0x00000000800048be (0x4036813b) subw    sp, a3, gp
core   0: 1 0x00000000800048be (0x4036813b) x2  0x0000000000c0e499
core   0: 0x00000000800048c2 (0x22589dd3) fsgnjn.d fs11, fa7, ft5
core   0: 1 0x00000000800048c2 (0x22589dd3) f27 0xffffffff00000000
core   0: 0x00000000800048c6 (0xc232f753) fcvt.lu.d a4, ft5
core   0: 1 0x00000000800048c6 (0xc232f753) x14 0x0000000000000000
core   0: 0x00000000800048ca (0x402684bb) subw    s1, a3, sp
core   0: 1 0x00000000800048ca (0x402684bb) x9  0x0000000000000004
core   0: 0x00000000800048ce (0x01ddd3b7) lui     t2, 0x1ddd
core   0: 1 0x00000000800048ce (0x01ddd3b7) x7  0x0000000001ddd000
core   0: 0x00000000800048d2 (0x8ab3839b) addiw   t2, t2, -1877
core   0: 1 0x00000000800048d2 (0x8ab3839b) x7  0x0000000001ddc8ab
core   0: 0x00000000800048d6 (0x000003b6) c.slli  t2, 13
core   0: 1 0x00000000800048d6 (0x03b6) x7  0x0000003bb9156000
core   0: 0x00000000800048d8 (0x3fd38393) addi    t2, t2, 1021
core   0: 1 0x00000000800048d8 (0x3fd38393) x7  0x0000003bb91563fd
core   0: 0x00000000800048dc (0xa326db97) auipc   s7, 0xa326d
core   0: 1 0x00000000800048dc (0xa326db97) x23 0x00000000232718dc
core   0: 0x00000000800048e0 (0x42547b43) fmadd.d fs6, fs0, ft5, fs0
core   0: 1 0x00000000800048e0 (0x42547b43) f22 0x7ff8000000000000
core   0: 0x00000000800048e4 (0xd234fe53) fcvt.d.lu ft8, s1
core   0: 1 0x00000000800048e4 (0xd234fe53) f28 0x4010000000000000
core   0: 0x00000000800048e8 (0x23061653) fsgnjn.d fa2, fa2, fa6
core   0: 1 0x00000000800048e8 (0x23061653) f12 0xfff8000000000000
core   0: 0x00000000800048ec (0xf20b8e53) fmv.d.x ft8, s7
core   0: 1 0x00000000800048ec (0xf20b8e53) f28 0x00000000232718dc
core   0: 0x00000000800048f0 (0x002a11f3) csrrw   gp, frm, s4
core   0: 1 0x00000000800048f0 (0x002a11f3) x3  0x0000000000000004 c2_frm 0x0000000000000003
core   0: 0x00000000800048f4 (0x23b22dd3) fsgnjx.d fs11, ft4, fs11
core   0: 1 0x00000000800048f4 (0x23b22dd3) f27 0x8000000000000004
core   0: 0x00000000800048f8 (0xa2840bd3) fle.d   s7, fs0, fs0
core   0: 1 0x00000000800048f8 (0xa2840bd3) c1_fflags 0x0000000000000011 x23 0x0000000000000000
core   0: 0x00000000800048fc (0x017463b3) or      t2, s0, s7
core   0: 1 0x00000000800048fc (0x017463b3) x7  0x0000000000000332
core   0: 0x0000000080004900 (0x0005e813) ori     a6, a1, 0
core   0: 1 0x0000000080004900 (0x0005e813) x16 0x0000000030392773
core   0: 0x0000000080004904 (0x0005d19b) srliw   gp, a1, 0
core   0: 1 0x0000000080004904 (0x0005d19b) x3  0x0000000030392773
core   0: 0x0000000080004908 (0x001993f3) csrrw   t2, fflags, s3
core   0: 1 0x0000000080004908 (0x001993f3) x7  0x0000000000000011 c1_fflags 0x000000000000001f
core   0: 0x000000008000490c (0xfe1c6d37) lui     s10, 0xfe1c6
core   0: 1 0x000000008000490c (0xfe1c6d37) x26 0xfffffffffe1c6000
core   0: 0x0000000080004910 (0x6a5d0d1b) addiw   s10, s10, 1701
core   0: 1 0x0000000080004910 (0x6a5d0d1b) x26 0xfffffffffe1c66a5
core   0: 0x0000000080004914 (0x00000d32) c.slli  s10, 12
core   0: 1 0x0000000080004914 (0x0d32) x26 0xffffffe1c66a5000
core   0: 0x0000000080004916 (0xeb5d0d13) addi    s10, s10, -331
core   0: 1 0x0000000080004916 (0xeb5d0d13) x26 0xffffffe1c66a4eb5
core   0: 0x000000008000491a (0xc0227e53) fcvt.l.s t3, ft4
core   0: 1 0x000000008000491a (0xc0227e53) c1_fflags 0x000000000000001f x28 0x7fffffffffffffff
core   0: 0x000000008000491e (0xf2038953) fmv.d.x fs2, t2
core   0: 1 0x000000008000491e (0xf2038953) f18 0x0000000000000011
core   0: 0x0000000080004922 (0x024894b3) mulh    s1, a7, tp
core   0: 1 0x0000000080004922 (0x024894b3) x9  0x0000000000000000
core   0: 0x0000000080004926 (0x0003829b) sext.w  t0, t2
core   0: 1 0x0000000080004926 (0x0003829b) x5  0x0000000000000011
core   0: 0x000000008000492a (0xa3b80d53) fle.d   s10, fa6, fs11
core   0: 1 0x000000008000492a (0xa3b80d53) x26 0x0000000000000000
core   0: 0x000000008000492e (0x011d169b) slliw   a3, s10, 17
core   0: 1 0x000000008000492e (0x011d169b) x13 0x0000000000000000
core   0: 0x0000000080004932 (0x00000001) c.nop
core   0: 1 0x0000000080004932 (0x0001)
core   0: 0x0000000080004934 (0xd236f1d3) fcvt.d.lu ft3, a3
core   0: 1 0x0000000080004934 (0xd236f1d3) f3  0x0000000000000000
core   0: 0x0000000080004938 (0x00f6f8b3) and     a7, a3, a5
core   0: 1 0x0000000080004938 (0x00f6f8b3) x17 0x0000000000000000
core   0: 0x000000008000493c (0xfa05e9b7) lui     s3, 0xfa05e
core   0: 1 0x000000008000493c (0xfa05e9b7) x19 0xfffffffffa05e000
core   0: 0x0000000080004940 (0xe7f9899b) addiw   s3, s3, -385
core   0: 1 0x0000000080004940 (0xe7f9899b) x19 0xfffffffffa05de7f
core   0: 0x0000000080004944 (0x000009b2) c.slli  s3, 12
core   0: 1 0x0000000080004944 (0x09b2) x19 0xffffffa05de7f000
core   0: 0x0000000080004946 (0x33c98993) addi    s3, s3, 828
core   0: 1 0x0000000080004946 (0x33c98993) x19 0xffffffa05de7f33c
core   0: 0x000000008000494a (0xc20ef5d3) fcvt.w.d a1, ft9
core   0: 1 0x000000008000494a (0xc20ef5d3) c1_fflags 0x000000000000001f x11 0x000000007fffffff
core   0: 0x000000008000494e (0x0361cb3b) divw    s6, gp, s6
core   0: 1 0x000000008000494e (0x0361cb3b) x22 0x0000000000000000
core   0: 0x0000000080004952 (0xdac2f24f) fnmadd.d ft4, ft5, fa2, fs11
core   0: 1 0x0000000080004952 (0xdac2f24f) f4  0x7ff8000000000000
core   0: 0x0000000080004956 (0x016b543b) srlw    s0, s6, s6
core   0: 1 0x0000000080004956 (0x016b543b) x8  0x0000000000000000
core   0: 0x000000008000495a (0x00089c13) slli    s8, a7, 0
core   0: 1 0x000000008000495a (0x00089c13) x24 0x0000000000000000
core   0: 0x000000008000495e (0x40127fd3) fcvt.s.d ft11, ft4
core   0: 1 0x000000008000495e (0x40127fd3) f31 0xffffffff7fc00000
core   0: 0x0000000080004962 (0x01f4901b) slliw   zero, s1, 31
core   0: 1 0x0000000080004962 (0x01f4901b)
core   0: 0x0000000080004966 (0x0278d73b) divuw   a4, a7, t2
core   0: 1 0x0000000080004966 (0x0278d73b) x14 0x0000000000000000
core   0: 0x000000008000496a (0x013c5c9b) srliw   s9, s8, 19
core   0: 1 0x000000008000496a (0x013c5c9b) x25 0x0000000000000000
core   0: 0x000000008000496e (0x417555b3) sra     a1, a0, s7
core   0: 1 0x000000008000496e (0x417555b3) x11 0x0000000000000000
core   0: 0x0000000080004972 (0x0175f833) and     a6, a1, s7
core   0: 1 0x0000000080004972 (0x0175f833) x16 0x0000000000000000
core   0: 0x0000000080004976 (0x23e4af53) fsgnjx.d ft10, fs1, ft10
core   0: 1 0x0000000080004976 (0x23e4af53) f30 0x7fffffff00000000
core   0: 0x000000008000497a (0xc214f6d3) fcvt.wu.d a3, fs1
core   0: 1 0x000000008000497a (0xc214f6d3) c1_fflags 0x000000000000001f x13 0xffffffffffffffff
core   0: 0x000000008000497e (0x0338f1d3) fadd.d  ft3, fa7, fs3
core   0: 1 0x000000008000497e (0x0338f1d3) f3  0x7ff8000000000000
core   0: 0x0000000080004982 (0x00202573) csrrs   a0, frm, zero
core   0: 1 0x0000000080004982 (0x00202573) x10 0x0000000000000003
core   0: 0x0000000080004986 (0x00a95933) srl     s2, s2, a0
core   0: 1 0x0000000080004986 (0x00a95933) x18 0x0000000009960600
core   0: 0x000000008000498a (0x128476d3) fmul.d  fa3, fs0, fs0
core   0: 1 0x000000008000498a (0x128476d3) f13 0x7ff8000000000000
core   0: 0x000000008000498e (0x912b0b13) addi    s6, s6, -1774
core   0: 1 0x000000008000498e (0x912b0b13) x22 0xfffffffffffff912
core   0: 0x0000000080004992 (0x36bb4713) xori    a4, s6, 875
core   0: 1 0x0000000080004992 (0x36bb4713) x14 0xfffffffffffffa79
core   0: 0x0000000080004996 (0xd022fdd3) fcvt.s.l fs11, t0
core   0: 1 0x0000000080004996 (0xd022fdd3) f27 0xffffffff41880000
core   0: 0x000000008000499a (0x00291673) csrrw   a2, frm, s2
core   0: 1 0x000000008000499a (0x00291673) x12 0x0000000000000003 c2_frm 0x0000000000000000
core   0: 0x000000008000499e (0x00b34db3) xor     s11, t1, a1
core   0: 1 0x000000008000499e (0x00b34db3) x27 0x800000008000470b
core   0: 0x00000000800049a2 (0x0000c993) xori    s3, ra, 0
core   0: 1 0x00000000800049a2 (0x0000c993) x19 0x0000000080004014
core   0: 0x00000000800049a6 (0xe20f1bd3) fclass.d s7, ft10
core   0: 1 0x00000000800049a6 (0xe20f1bd3) x23 0x0000000000000200
core   0: 0x00000000800049aa (0xd020fc53) fcvt.s.l fs8, ra
core   0: 1 0x00000000800049aa (0xd020fc53) c1_fflags 0x000000000000001f f24 0xffffffff4f000040
core   0: 0x00000000800049ae (0x00269773) csrrw   a4, frm, a3
core   0: 1 0x00000000800049ae (0x00269773) x14 0x0000000000000000 c2_frm 0x0000000000000007
core   0: 0x00000000800049b2 (0x001b1cf3) csrrw   s9, fflags, s6
core   0: 1 0x00000000800049b2 (0x001b1cf3) x25 0x000000000000001f c1_fflags 0x0000000000000012
core   0: 0x00000000800049b6 (0x00a517bb) sllw    a5, a0, a0
core   0: 1 0x00000000800049b6 (0x00a517bb) x15 0x0000000000000018
core   0: 0x00000000800049ba (0x00201b73) csrrw   s6, frm, zero
core   0: 1 0x00000000800049ba (0x00201b73) x22 0x0000000000000007 c2_frm 0x0000000000000000
core   0: 0x00000000800049be (0x00052233) slt     tp, a0, zero
core   0: 1 0x00000000800049be (0x00052233) x4  0x0000000000000000
core   0: 0x00000000800049c2 (0x0006599b) srliw   s3, a2, 0
core   0: 1 0x00000000800049c2 (0x0006599b) x19 0x0000000000000003
core   0: 0x00000000800049c6 (0x29b3839b) addiw   t2, t2, 667
core   0: 1 0x00000000800049c6 (0x29b3839b) x7  0x00000000000002ac
core   0: 0x00000000800049ca (0xd039f9d3) fcvt.s.lu fs3, s3
core   0: 1 0x00000000800049ca (0xd039f9d3) f19 0xffffffff40400000
core   0: 0x00000000800049ce (0x027691b3) mulh    gp, a3, t2
core   0: 1 0x00000000800049ce (0x027691b3) x3  0xffffffffffffffff
core   0: 0x00000000800049d2 (0x0061993b) sllw    s2, gp, t1
core   0: 1 0x00000000800049d2 (0x0061993b) x18 0xfffffffffffff800
core   0: 0x00000000800049d6 (0xa33f8a53) fle.d   s4, ft11, fs3
core   0: 1 0x00000000800049d6 (0xa33f8a53) c1_fflags 0x0000000000000012 x20 0x0000000000000000
core   0: 0x00000000800049da (0x024d7dbb) remuw   s11, s10, tp
core   0: 1 0x00000000800049da (0x024d7dbb) x27 0x0000000000000000
core   0: 0x00000000800049de (0x013e1333) sll     t1, t3, s3
core   0: 1 0x00000000800049de (0x013e1333) x6  0xfffffffffffffff8
core   0: 0x00000000800049e2 (0x34424537) lui     a0, 0x34424
core   0: 1 0x00000000800049e2 (0x34424537) x10 0x0000000034424000
core   0: 0x00000000800049e6 (0x42e7de13) srai    t3, a5, 46
core   0: 1 0x00000000800049e6 (0x42e7de13) x28 0x0000000000000000
core   0: 0x00000000800049ea (0x95107a93) andi    s5, zero, -1711
core   0: 1 0x00000000800049ea (0x95107a93) x21 0x0000000000000000
core   0: 0x00000000800049ee (0x01701d13) slli    s10, zero, 23
core   0: 1 0x00000000800049ee (0x01701d13) x26 0x0000000000000000
core   0: 0x00000000800049f2 (0x306fddf3) csrrwi  s11, mcounteren, 31
core   0: exception trap_illegal_instruction, epc 0x00000000800049f2
core   0:           tval 0x00000000306fddf3
core   0: >>>>  $xrv64i2p1_m2p0_a2p1_f2p2_d2p2_zicsr2p0_zifencei2p0_zmmul1p0_zba1p0_zbb1p0_zbc1p0_zbs1p0
core   0: 0x0000000080004000 (0x0080006f) j       pc + 0x8
core   0: 3 0x0000000080004000 (0x0080006f)
core   0: >>>>  mmode_exception_handler
core   0: 0x0000000080004008 (0x00002c17) auipc   s8, 0x2
core   0: 3 0x0000000080004008 (0x00002c17) x24 0x0000000080006008
core   0: 0x000000008000400c (0x062c0c13) addi    s8, s8, 98
core   0: 3 0x000000008000400c (0x062c0c13) x24 0x000000008000606a
core   0: 0x0000000080004010 (0x000c00e7) jalr    s8
core   0: 3 0x0000000080004010 (0x000c00e7) x1  0x0000000080004014
core   0: >>>>  any_handler
core   0: 0x000000008000606a (0x341027f3) csrrs   a5, mepc, zero
core   0: 3 0x000000008000606a (0x341027f3) x15 0x00000000800049f2
core   0: 0x000000008000606e (0x34202773) csrrs   a4, mcause, zero
core   0: 3 0x000000008000606e (0x34202773) x14 0x0000000000000002
core   0: 0x0000000080006072 (0x142026f3) csrrs   a3, scause, zero
core   0: 3 0x0000000080006072 (0x142026f3) x13 0x0000000000000000
core   0: 0x0000000080006076 (0x30402673) csrrs   a2, mie, zero
core   0: 3 0x0000000080006076 (0x30402673) x12 0x0000000000000a00
core   0: 0x000000008000607a (0x344025f3) csrrs   a1, mip, zero
core   0: 3 0x000000008000607a (0x344025f3) x11 0x0000000000000080
core   0: 0x000000008000607e (0x343025f3) csrrs   a1, mtval, zero
core   0: 3 0x000000008000607e (0x343025f3) x11 0x00000000306fddf3
core   0: 0x0000000080006082 (0x14302573) csrrs   a0, stval, zero
core   0: 3 0x0000000080006082 (0x14302573) x10 0x0000000000000000
core   0: 0x0000000080006086 (0xb02024f3) csrrs   s1, minstret, zero
core   0: 3 0x0000000080006086 (0xb02024f3) x9  0x0000000000000ae0
core   0: 0x000000008000608a (0x0000a811) c.j     pc + 20
core   0: 3 0x000000008000608a (0xa811)
core   0: >>>>  mepc_4
core   0: 0x000000008000609e (0x00000791) c.addi  a5, 4
core   0: 3 0x000000008000609e (0x0791) x15 0x00000000800049f6
core   0: 0x00000000800060a0 (0x34179073) csrrw   zero, mepc, a5
core   0: 3 0x00000000800060a0 (0x34179073) c833_mepc 0x00000000800049f6
core   0: 0x00000000800060a4 (0x30200073) mret
core   0: 3 0x00000000800060a4 (0x30200073) c768_mstatus 0x8000000a00106080
core   0: 0x00000000800049f6 (0x00029313) slli    t1, t0, 0
core   0: 1 0x00000000800049f6 (0x00029313) x6  0x0000000000000011
core   0: 0x00000000800049fa (0x00fd8633) add     a2, s11, a5
core   0: 1 0x00000000800049fa (0x00fd8633) x12 0x00000000800049f6
core   0: 0x00000000800049fe (0x038e2c33) mulhsu  s8, t3, s8
core   0: 1 0x00000000800049fe (0x038e2c33) x24 0x0000000000000000
core   0: 0x0000000080004a02 (0xc857a4b7) lui     s1, 0xc857a
core   0: 1 0x0000000080004a02 (0xc857a4b7) x9  0xffffffffc857a000
core   0: 0x0000000080004a06 (0x00000001) c.nop
core   0: 1 0x0000000080004a06 (0x0001)
core   0: 0x0000000080004a08 (0x401b7253) fcvt.s.d ft4, fs6
core   0: 1 0x0000000080004a08 (0x401b7253) f4  0xffffffff7fc00000
core   0: 0x0000000080004a0c (0x0ae7f9c3) fmadd.d fs3, fa5, fa4, ft1
core   0: 1 0x0000000080004a0c (0x0ae7f9c3) f19 0x7ff8000000000000
core   0: 0x0000000080004a10 (0x002392bb) sllw    t0, t2, sp
core   0: 1 0x0000000080004a10 (0x002392bb) x5  0x0000000058000000
core   0: 0x0000000080004a14 (0x131876d3) fmul.d  fa3, fa6, fa7
core   0: 1 0x0000000080004a14 (0x131876d3) f13 0x7ff8000000000000
core   0: 0x0000000080004a18 (0x001a881b) addiw   a6, s5, 1
core   0: 1 0x0000000080004a18 (0x001a881b) x16 0x0000000000000001
core   0: 0x0000000080004a1c (0x005bcbb3) xor     s7, s7, t0
core   0: 1 0x0000000080004a1c (0x005bcbb3) x23 0x0000000058000200
core   0: 0x0000000080004a20 (0x40bbd33b) sraw    t1, s7, a1
core   0: 1 0x0000000080004a20 (0x40bbd33b) x6  0x0000000000000b00
core   0: 0x0000000080004a24 (0x411958b3) sra     a7, s2, a7
core   0: 1 0x0000000080004a24 (0x411958b3) x17 0xfffffffffffff800
core   0: 0x0000000080004a28 (0x408adcbb) sraw    s9, s5, s0
core   0: 1 0x0000000080004a28 (0x408adcbb) x25 0x0000000000000000
core   0: 0x0000000080004a2c (0x00d399bb) sllw    s3, t2, a3
core   0: 1 0x0000000080004a2c (0x00d399bb) x19 0x00000000000002ac
core   0: 0x0000000080004a30 (0x029c8cbb) mulw    s9, s9, s1
core   0: 1 0x0000000080004a30 (0x029c8cbb) x25 0x0000000000000000
core   0: 0x0000000080004a34 (0x01c0063b) addw    a2, zero, t3
core   0: 1 0x0000000080004a34 (0x01c0063b) x12 0x0000000000000000
core   0: 0x0000000080004a38 (0x0268763b) remuw   a2, a6, t1
core   0: 1 0x0000000080004a38 (0x0268763b) x12 0x0000000000000001
core   0: 0x0000000080004a3c (0x002995f3) csrrw   a1, frm, s3
core   0: 1 0x0000000080004a3c (0x002995f3) x11 0x0000000000000000 c2_frm 0x0000000000000004
core   0: 0x0000000080004a40 (0x12df7f53) fmul.d  ft10, ft10, fa3
core   0: 1 0x0000000080004a40 (0x12df7f53) f30 0x7ff8000000000000
core   0: 0x0000000080004a44 (0xd037f9d3) fcvt.s.lu fs3, a5
core   0: 1 0x0000000080004a44 (0xd037f9d3) c1_fflags 0x0000000000000013 f19 0xffffffff4f00004a
core   0: 0x0000000080004a48 (0xc03f7553) fcvt.lu.s a0, ft10
core   0: 1 0x0000000080004a48 (0xc03f7553) c1_fflags 0x0000000000000013 x10 0xffffffffffffffff
core   0: 0x0000000080004a4c (0x1371f653) fmul.d  fa2, ft3, fs7
core   0: 1 0x0000000080004a4c (0x1371f653) f12 0x7ff8000000000000
core   0: 0x0000000080004a50 (0x23e595d3) fsgnjn.d fa1, fa1, ft10
core   0: 1 0x0000000080004a50 (0x23e595d3) f11 0xfff8000000000000
core   0: 0x0000000080004a54 (0x80064113) xori    sp, a2, -2048
core   0: 1 0x0000000080004a54 (0x80064113) x2  0xfffffffffffff801
core   0: 0x0000000080004a58 (0xf1202073) csrrs   zero, marchid, zero
core   0: exception trap_illegal_instruction, epc 0x0000000080004a58
core   0:           tval 0x00000000f1202073
core   0: >>>>  $xrv64i2p1_m2p0_a2p1_f2p2_d2p2_zicsr2p0_zifencei2p0_zmmul1p0_zba1p0_zbb1p0_zbc1p0_zbs1p0
core   0: 0x0000000080004000 (0x0080006f) j       pc + 0x8
core   0: 3 0x0000000080004000 (0x0080006f)
core   0: >>>>  mmode_exception_handler
core   0: 0x0000000080004008 (0x00002c17) auipc   s8, 0x2
core   0: 3 0x0000000080004008 (0x00002c17) x24 0x0000000080006008
core   0: 0x000000008000400c (0x062c0c13) addi    s8, s8, 98
core   0: 3 0x000000008000400c (0x062c0c13) x24 0x000000008000606a
core   0: 0x0000000080004010 (0x000c00e7) jalr    s8
core   0: 3 0x0000000080004010 (0x000c00e7) x1  0x0000000080004014
core   0: >>>>  any_handler
core   0: 0x000000008000606a (0x341027f3) csrrs   a5, mepc, zero
core   0: 3 0x000000008000606a (0x341027f3) x15 0x0000000080004a58
core   0: 0x000000008000606e (0x34202773) csrrs   a4, mcause, zero
core   0: 3 0x000000008000606e (0x34202773) x14 0x0000000000000002
core   0: 0x0000000080006072 (0x142026f3) csrrs   a3, scause, zero
core   0: 3 0x0000000080006072 (0x142026f3) x13 0x0000000000000000
core   0: 0x0000000080006076 (0x30402673) csrrs   a2, mie, zero
core   0: 3 0x0000000080006076 (0x30402673) x12 0x0000000000000a00
core   0: 0x000000008000607a (0x344025f3) csrrs   a1, mip, zero
core   0: 3 0x000000008000607a (0x344025f3) x11 0x0000000000000080
core   0: 0x000000008000607e (0x343025f3) csrrs   a1, mtval, zero
core   0: 3 0x000000008000607e (0x343025f3) x11 0x00000000f1202073
core   0: 0x0000000080006082 (0x14302573) csrrs   a0, stval, zero
core   0: 3 0x0000000080006082 (0x14302573) x10 0x0000000000000000
core   0: 0x0000000080006086 (0xb02024f3) csrrs   s1, minstret, zero
core   0: 3 0x0000000080006086 (0xb02024f3) x9  0x0000000000000b09
core   0: 0x000000008000608a (0x0000a811) c.j     pc + 20
core   0: 3 0x000000008000608a (0xa811)
core   0: >>>>  mepc_4
core   0: 0x000000008000609e (0x00000791) c.addi  a5, 4
core   0: 3 0x000000008000609e (0x0791) x15 0x0000000080004a5c
core   0: 0x00000000800060a0 (0x34179073) csrrw   zero, mepc, a5
core   0: 3 0x00000000800060a0 (0x34179073) c833_mepc 0x0000000080004a5c
core   0: 0x00000000800060a4 (0x30200073) mret
core   0: 3 0x00000000800060a4 (0x30200073) c768_mstatus 0x8000000a00106080
core   0: 0x0000000080004a5c (0x002b98f3) csrrw   a7, frm, s7
core   0: 1 0x0000000080004a5c (0x002b98f3) x17 0x0000000000000004 c2_frm 0x0000000000000000
core   0: 0x0000000080004a60 (0x0789c0b7) lui     ra, 0x789c
core   0: 1 0x0000000080004a60 (0x0789c0b7) x1  0x000000000789c000
core   0: 0x0000000080004a64 (0x0a10809b) addiw   ra, ra, 161
core   0: 1 0x0000000080004a64 (0x0a10809b) x1  0x000000000789c0a1
core   0: 0x0000000080004a68 (0x000000b2) c.slli  ra, 12
core   0: 1 0x0000000080004a68 (0x00b2) x1  0x000000789c0a1000
core   0: 0x0000000080004a6a (0xc4108093) addi    ra, ra, -959
core   0: 1 0x0000000080004a6a (0xc4108093) x1  0x000000789c0a0c41
core   0: 0x0000000080004a6e (0x02b373bb) remuw   t2, t1, a1
core   0: 1 0x0000000080004a6e (0x02b373bb) x7  0x0000000000000b00
core   0: 0x0000000080004a72 (0x02b08bb3) mul     s7, ra, a1
core   0: 1 0x0000000080004a72 (0x02b08bb3) x23 0x9a08407a132ba133
core   0: 0x0000000080004a76 (0x4064d633) sra     a2, s1, t1
core   0: 1 0x0000000080004a76 (0x4064d633) x12 0x0000000000000b09
core   0: 0x0000000080004a7a (0xa29588d3) fle.d   a7, fa1, fs1
core   0: 1 0x0000000080004a7a (0xa29588d3) c1_fflags 0x0000000000000013 x17 0x0000000000000000
core   0: 0x0000000080004a7e (0xc23676d3) fcvt.lu.d a3, fa2
core   0: 1 0x0000000080004a7e (0xc23676d3) c1_fflags 0x0000000000000013 x13 0xffffffffffffffff
core   0: 0x0000000080004a82 (0x00202a73) csrrs   s4, frm, zero
core   0: 1 0x0000000080004a82 (0x00202a73) x20 0x0000000000000000
core   0: 0x0000000080004a86 (0x0019859b) addiw   a1, s3, 1
core   0: 1 0x0000000080004a86 (0x0019859b) x11 0x00000000000002ad
core   0: 0x0000000080004a8a (0x03863633) mulhu   a2, a2, s8
core   0: 1 0x0000000080004a8a (0x03863633) x12 0x0000000000000000
core   0: 0x0000000080004a8e (0x4abbf14b) fnmsub.d ft2, fs7, fa1, fs1
core   0: 1 0x0000000080004a8e (0x4abbf14b) f2  0x7ff8000000000000
core   0: 0x0000000080004a92 (0x00159b93) slli    s7, a1, 1
core   0: 1 0x0000000080004a92 (0x00159b93) x23 0x000000000000055a
core   0: 0x0000000080004a96 (0x0ff0000f) fence   iorw,iorw
core   0: 1 0x0000000080004a96 (0x0ff0000f)
core   0: 0x0000000080004a9a (0x6bd30413) addi    s0, t1, 1725
core   0: 1 0x0000000080004a9a (0x6bd30413) x8  0x00000000000011bd
core   0: 0x0000000080004a9e (0xb265f34b) fnmsub.d ft6, fa1, ft6, fs6
core   0: 1 0x0000000080004a9e (0xb265f34b) f6  0x7ff8000000000000
core   0: 0x0000000080004aa2 (0x0000957d) c.srai  a0, 63
core   0: 1 0x0000000080004aa2 (0x957d) x10 0x0000000000000000
core   0: 0x0000000080004aa4 (0x2a141253) fmax.d  ft4, fs0, ft1
core   0: 1 0x0000000080004aa4 (0x2a141253) f4  0x7ff8000000000000
core   0: 0x0000000080004aa8 (0x7b0fddf3) csrrwi  s11, dcsr, 31
core   0: exception trap_illegal_instruction, epc 0x0000000080004aa8
core   0:           tval 0x000000007b0fddf3
core   0: >>>>  $xrv64i2p1_m2p0_a2p1_f2p2_d2p2_zicsr2p0_zifencei2p0_zmmul1p0_zba1p0_zbb1p0_zbc1p0_zbs1p0
core   0: 0x0000000080004000 (0x0080006f) j       pc + 0x8
core   0: 3 0x0000000080004000 (0x0080006f)
core   0: >>>>  mmode_exception_handler
core   0: 0x0000000080004008 (0x00002c17) auipc   s8, 0x2
core   0: 3 0x0000000080004008 (0x00002c17) x24 0x0000000080006008
core   0: 0x000000008000400c (0x062c0c13) addi    s8, s8, 98
core   0: 3 0x000000008000400c (0x062c0c13) x24 0x000000008000606a
core   0: 0x0000000080004010 (0x000c00e7) jalr    s8
core   0: 3 0x0000000080004010 (0x000c00e7) x1  0x0000000080004014
core   0: >>>>  any_handler
core   0: 0x000000008000606a (0x341027f3) csrrs   a5, mepc, zero
core   0: 3 0x000000008000606a (0x341027f3) x15 0x0000000080004aa8
core   0: 0x000000008000606e (0x34202773) csrrs   a4, mcause, zero
core   0: 3 0x000000008000606e (0x34202773) x14 0x0000000000000002
core   0: 0x0000000080006072 (0x142026f3) csrrs   a3, scause, zero
core   0: 3 0x0000000080006072 (0x142026f3) x13 0x0000000000000000
core   0: 0x0000000080006076 (0x30402673) csrrs   a2, mie, zero
core   0: 3 0x0000000080006076 (0x30402673) x12 0x0000000000000a00
core   0: 0x000000008000607a (0x344025f3) csrrs   a1, mip, zero
core   0: 3 0x000000008000607a (0x344025f3) x11 0x0000000000000080
core   0: 0x000000008000607e (0x343025f3) csrrs   a1, mtval, zero
core   0: 3 0x000000008000607e (0x343025f3) x11 0x000000007b0fddf3
core   0: 0x0000000080006082 (0x14302573) csrrs   a0, stval, zero
core   0: 3 0x0000000080006082 (0x14302573) x10 0x0000000000000000
core   0: 0x0000000080006086 (0xb02024f3) csrrs   s1, minstret, zero
core   0: 3 0x0000000080006086 (0xb02024f3) x9  0x0000000000000b2d
core   0: 0x000000008000608a (0x0000a811) c.j     pc + 20
core   0: 3 0x000000008000608a (0xa811)
core   0: >>>>  mepc_4
core   0: 0x000000008000609e (0x00000791) c.addi  a5, 4
core   0: 3 0x000000008000609e (0x0791) x15 0x0000000080004aac
core   0: 0x00000000800060a0 (0x34179073) csrrw   zero, mepc, a5
core   0: 3 0x00000000800060a0 (0x34179073) c833_mepc 0x0000000080004aac
core   0: 0x00000000800060a4 (0x30200073) mret
core   0: 3 0x00000000800060a4 (0x30200073) c768_mstatus 0x8000000a00106080
core   0: 0x0000000080004aac (0x0119593b) srlw    s2, s2, a7
core   0: 1 0x0000000080004aac (0x0119593b) x18 0xfffffffffffff800
core   0: 0x0000000080004ab0 (0x221090d3) fsgnjn.d ft1, ft1, ft1
core   0: 1 0x0000000080004ab0 (0x221090d3) f1  0xfff8000000000000
core   0: 0x0000000080004ab4 (0xd37c7d4b) fnmsub.d fs10, fs8, fs7, fs10
core   0: 1 0x0000000080004ab4 (0xd37c7d4b) f26 0x7ff8000000000000
core   0: 0x0000000080004ab8 (0x0f84e993) ori     s3, s1, 248
core   0: 1 0x0000000080004ab8 (0x0f84e993) x19 0x0000000000000bfd
core   0: 0x0000000080004abc (0xd20e08d3) fcvt.d.w fa7, t3
core   0: 1 0x0000000080004abc (0xd20e08d3) f17 0x0000000000000000
core   0: 0x0000000080004ac0 (0x23951553) fsgnjn.d fa0, fa0, fs9
core   0: 1 0x0000000080004ac0 (0x23951553) f10 0xbff0000000000000
core   0: 0x0000000080004ac4 (0xc02cfd53) fcvt.l.s s10, fs9
core   0: 1 0x0000000080004ac4 (0xc02cfd53) c1_fflags 0x0000000000000013 x26 0x7fffffffffffffff
core   0: 0x0000000080004ac8 (0x01a1a733) slt     a4, gp, s10
core   0: 1 0x0000000080004ac8 (0x01a1a733) x14 0x0000000000000001
core   0: 0x0000000080004acc (0xa2f10dd3) fle.d   s11, ft2, fa5
core   0: 1 0x0000000080004acc (0xa2f10dd3) c1_fflags 0x0000000000000013 x27 0x0000000000000000
core   0: 0x0000000080004ad0 (0x404154bb) sraw    s1, sp, tp
core   0: 1 0x0000000080004ad0 (0x404154bb) x9  0xfffffffffffff801
core   0: 0x0000000080004ad4 (0x747e4c13) xori    s8, t3, 1863
core   0: 1 0x0000000080004ad4 (0x747e4c13) x24 0x0000000000000747
core   0: 0x0000000080004ad8 (0x0169193b) sllw    s2, s2, s6
core   0: 1 0x0000000080004ad8 (0x0169193b) x18 0xfffffffffffc0000
core   0: 0x0000000080004adc (0x0003c513) xori    a0, t2, 0
core   0: 1 0x0000000080004adc (0x0003c513) x10 0x0000000000000b00
core   0: 0x0000000080004ae0 (0xd0397f53) fcvt.s.lu ft10, s2
core   0: 1 0x0000000080004ae0 (0xd0397f53) c1_fflags 0x0000000000000013 f30 0xffffffff5f800000
core   0: 0x0000000080004ae4 (0xd21985d3) fcvt.d.wu fa1, s3
core   0: 1 0x0000000080004ae4 (0xd21985d3) f11 0x40a7fa0000000000
core   0: 0x0000000080004ae8 (0xa3e78253) fle.d   tp, fa5, ft10
core   0: 1 0x0000000080004ae8 (0xa3e78253) c1_fflags 0x0000000000000013 x4  0x0000000000000000
core   0: 0x0000000080004aec (0x01225c3b) srlw    s8, tp, s2
core   0: 1 0x0000000080004aec (0x01225c3b) x24 0x0000000000000000
core   0: 0x0000000080004af0 (0x7ff20d1b) addiw   s10, tp, 2047
core   0: 1 0x0000000080004af0 (0x7ff20d1b) x26 0x00000000000007ff
core   0: 0x0000000080004af4 (0x5be57dc3) fmadd.d fs11, fa0, ft10, fa1
core   0: 1 0x0000000080004af4 (0x5be57dc3) f27 0x7ff8000000000000
core   0: 0x0000000080004af8 (0xfff4029b) addiw   t0, s0, -1
core   0: 1 0x0000000080004af8 (0xfff4029b) x5  0x00000000000011bc
core   0: 0x0000000080004afc (0x1415a9f3) csrrs   s3, sepc, a1
core   0: 1 0x0000000080004afc (0x1415a9f3) x19 0x0000000000000000 c321_sepc 0x000000007b0fddf2
core   0: 0x0000000080004b00 (0x00000001) c.nop
core   0: 1 0x0000000080004b00 (0x0001)
core   0: 0x0000000080004b02 (0x2af202d3) fmin.d  ft5, ft4, fa5
core   0: 1 0x0000000080004b02 (0x2af202d3) f5  0xc3dfffffffdfffee
core   0: 0x0000000080004b06 (0xd0317bd3) fcvt.s.lu fs7, sp
core   0: 1 0x0000000080004b06 (0xd0317bd3) c1_fflags 0x0000000000000013 f23 0xffffffff5f800000
core   0: 0x0000000080004b0a (0x0ff0000f) fence   iorw,iorw
core   0: 1 0x0000000080004b0a (0x0ff0000f)
core   0: 0x0000000080004b0e (0x016b5c3b) srlw    s8, s6, s6
core   0: 1 0x0000000080004b0e (0x016b5c3b) x24 0x0000000000000000
core   0: 0x0000000080004b12 (0xd2277853) fcvt.d.l fa6, a4
core   0: 1 0x0000000080004b12 (0xd2277853) f16 0x3ff0000000000000
core   0: 0x0000000080004b16 (0x22a713d3) fsgnjn.d ft7, fa4, fa0
core   0: 1 0x0000000080004b16 (0x22a713d3) f7  0x7ff8000000000000
core   0: 0x0000000080004b1a (0xd02c7653) fcvt.s.l fa2, s8
core   0: 1 0x0000000080004b1a (0xd02c7653) f12 0xffffffff00000000
core   0: 0x0000000080004b1e (0x42018353) fcvt.d.s ft6, ft3
core   0: 1 0x0000000080004b1e (0x42018353) f6  0x7ff8000000000000
core   0: 0x0000000080004b22 (0xca587c4f) fnmadd.d fs8, fa6, ft5, fs9
core   0: 1 0x0000000080004b22 (0xca587c4f) c1_fflags 0x0000000000000013 f24 0x43dfffffffdfffee
core   0: 0x0000000080004b26 (0x7ff9081b) addiw   a6, s2, 2047
core   0: 1 0x0000000080004b26 (0x7ff9081b) x16 0xfffffffffffc07ff
core   0: 0x0000000080004b2a (0x0041fb33) and     s6, gp, tp
core   0: 1 0x0000000080004b2a (0x0041fb33) x22 0x0000000000000000
core   0: 0x0000000080004b2e (0x40295433) sra     s0, s2, sp
core   0: 1 0x0000000080004b2e (0x40295433) x8  0xfffffffffffe0000
core   0: 0x0000000080004b32 (0x00632eb3) slt     t4, t1, t1
core   0: 1 0x0000000080004b32 (0x00632eb3) x29 0x0000000000000000
core   0: 0x0000000080004b36 (0xb834f7b7) lui     a5, 0xb834f
core   0: 1 0x0000000080004b36 (0xb834f7b7) x15 0xffffffffb834f000
core   0: 0x0000000080004b3a (0x001e941b) slliw   s0, t4, 1
core   0: 1 0x0000000080004b3a (0x001e941b) x8  0x0000000000000000
core   0: 0x0000000080004b3e (0x23732bd3) fsgnjx.d fs7, ft6, fs7
core   0: 1 0x0000000080004b3e (0x23732bd3) f23 0xfff8000000000000
core   0: 0x0000000080004b42 (0xe20808d3) fmv.x.d a7, fa6
core   0: 1 0x0000000080004b42 (0xe20808d3) x17 0x3ff0000000000000
core   0: 0x0000000080004b46 (0x408406bb) subw    a3, s0, s0
core   0: 1 0x0000000080004b46 (0x408406bb) x13 0x0000000000000000
core   0: 0x0000000080004b4a (0xa2628cd3) fle.d   s9, ft5, ft6
core   0: 1 0x0000000080004b4a (0xa2628cd3) c1_fflags 0x0000000000000013 x25 0x0000000000000000
core   0: 0x0000000080004b4e (0x0006929b) slliw   t0, a3, 0
core   0: 1 0x0000000080004b4e (0x0006929b) x5  0x0000000000000000
core   0: 0x0000000080004b52 (0x32eb7513) andi    a0, s6, 814
core   0: 1 0x0000000080004b52 (0x32eb7513) x10 0x0000000000000000
core   0: 0x0000000080004b56 (0x40d589b3) sub     s3, a1, a3
core   0: 1 0x0000000080004b56 (0x40d589b3) x19 0x000000007b0fddf3
core   0: 0x0000000080004b5a (0x73bb7f4f) fnmadd.d ft10, fs6, fs11, fa4
core   0: 1 0x0000000080004b5a (0x73bb7f4f) f30 0x7ff8000000000000
core   0: 0x0000000080004b5e (0xf86112b7) lui     t0, 0xf8611
core   0: 1 0x0000000080004b5e (0xf86112b7) x5  0xfffffffff8611000
core   0: 0x0000000080004b62 (0x0e92829b) addiw   t0, t0, 233
core   0: 1 0x0000000080004b62 (0x0e92829b) x5  0xfffffffff86110e9
core   0: 0x0000000080004b66 (0x000002b2) c.slli  t0, 12
core   0: 1 0x0000000080004b66 (0x02b2) x5  0xffffff86110e9000
core   0: 0x0000000080004b68 (0x44a28293) addi    t0, t0, 1098
core   0: 1 0x0000000080004b68 (0x44a28293) x5  0xffffff86110e944a
core   0: 0x0000000080004b6c (0x225724d3) fsgnjx.d fs1, fa4, ft5
core   0: 1 0x0000000080004b6c (0x225724d3) f9  0xfff8000000000000
core   0: 0x0000000080004b70 (0xc23ff6d3) fcvt.lu.d a3, ft11
core   0: 1 0x0000000080004b70 (0xc23ff6d3) c1_fflags 0x0000000000000013 x13 0xffffffffffffffff
core   0: 0x0000000080004b74 (0x00d24233) xor     tp, tp, a3
core   0: 1 0x0000000080004b74 (0x00d24233) x4  0xffffffffffffffff
core   0: 0x0000000080004b78 (0xd94da793) slti    a5, s11, -620
core   0: 1 0x0000000080004b78 (0xd94da793) x15 0x0000000000000000
core   0: 0x0000000080004b7c (0x0035959b) slliw   a1, a1, 3
core   0: 1 0x0000000080004b7c (0x0035959b) x11 0xffffffffd87eef98
core   0: 0x0000000080004b80 (0x23b682d3) fsgnj.d ft5, fa3, fs11
core   0: 1 0x0000000080004b80 (0x23b682d3) f5  0x7ff8000000000000
core   0: 0x0000000080004b84 (0x001d98f3) csrrw   a7, fflags, s11
core   0: 1 0x0000000080004b84 (0x001d98f3) x17 0x0000000000000013 c1_fflags 0x0000000000000000
core   0: 0x0000000080004b88 (0x00a05b3b) srlw    s6, zero, a0
core   0: 1 0x0000000080004b88 (0x00a05b3b) x22 0x0000000000000000
core   0: 0x0000000080004b8c (0x001c1bf3) csrrw   s7, fflags, s8
core   0: 1 0x0000000080004b8c (0x001c1bf3) x23 0x0000000000000000 c1_fflags 0x0000000000000000
core   0: 0x0000000080004b90 (0x22cfa653) fsgnjx.d fa2, ft11, fa2
core   0: 1 0x0000000080004b90 (0x22cfa653) f12 0x7fffffff7fc00000
core   0: 0x0000000080004b94 (0xd23d75d3) fcvt.d.lu fa1, s10
core   0: 1 0x0000000080004b94 (0xd23d75d3) f11 0x409ffc0000000000
core   0: 0x0000000080004b98 (0xf2038bd3) fmv.d.x fs7, t2
core   0: 1 0x0000000080004b98 (0xf2038bd3) f23 0x0000000000000b00
core   0: 0x0000000080004b9c (0xc025f5d3) fcvt.l.s a1, fa1
core   0: 1 0x0000000080004b9c (0xc025f5d3) c1_fflags 0x0000000000000010 x11 0x7fffffffffffffff
core   0: 0x0000000080004ba0 (0xc220f853) fcvt.l.d a6, ft1
core   0: 1 0x0000000080004ba0 (0xc220f853) c1_fflags 0x0000000000000010 x16 0x7fffffffffffffff
core   0: 0x0000000080004ba4 (0xa2bb8c53) fle.d   s8, fs7, fa1
core   0: 1 0x0000000080004ba4 (0xa2bb8c53) x24 0x0000000000000001
core   0: 0x0000000080004ba8 (0x02a77cbb) remuw   s9, a4, a0
core   0: 1 0x0000000080004ba8 (0x02a77cbb) x25 0x0000000000000001
core   0: 0x0000000080004bac (0x40100b3b) subw    s6, zero, ra
core   0: 1 0x0000000080004bac (0x40100b3b) x22 0x000000007fffbfec
core   0: 0x0000000080004bb0 (0xc2397cd3) fcvt.lu.d s9, fs2
core   0: 1 0x0000000080004bb0 (0xc2397cd3) c1_fflags 0x0000000000000011 x25 0x0000000000000000
core   0: 0x0000000080004bb4 (0xd03b72d3) fcvt.s.lu ft5, s6
core   0: 1 0x0000000080004bb4 (0xd03b72d3) c1_fflags 0x0000000000000011 f5  0xffffffff4effff80
core   0: 0x0000000080004bb8 (0x022d1833) mulh    a6, s10, sp
core   0: 1 0x0000000080004bb8 (0x022d1833) x16 0xffffffffffffffff
core   0: 0x0000000080004bbc (0xc2714cb7) lui     s9, 0xc2714
core   0: 1 0x0000000080004bbc (0xc2714cb7) x25 0xffffffffc2714000
core   0: 0x0000000080004bc0 (0x420b0853) fcvt.d.s fa6, fs6
core   0: 1 0x0000000080004bc0 (0x420b0853) f16 0x7ff8000000000000
core   0: 0x0000000080004bc4 (0x01509737) lui     a4, 0x1509
core   0: 1 0x0000000080004bc4 (0x01509737) x14 0x0000000001509000
core   0: 0x0000000080004bc8 (0x1557071b) addiw   a4, a4, 341
core   0: 1 0x0000000080004bc8 (0x1557071b) x14 0x0000000001509155
core   0: 0x0000000080004bcc (0x00000736) c.slli  a4, 13
core   0: 1 0x0000000080004bcc (0x0736) x14 0x0000002a122aa000
core   0: 0x0000000080004bce (0xb7d70713) addi    a4, a4, -1155
core   0: 1 0x0000000080004bce (0xb7d70713) x14 0x0000002a122a9b7d
core   0: 0x0000000080004bd2 (0x32bb74cf) fnmadd.d fs1, fs6, fa1, ft6
core   0: 1 0x0000000080004bd2 (0x32bb74cf) f9  0x7ff8000000000000
core   0: 0x0000000080004bd6 (0x00e728b3) slt     a7, a4, a4
core   0: 1 0x0000000080004bd6 (0x00e728b3) x17 0x0000000000000000
core   0: 0x0000000080004bda (0x14185973) csrrwi  s2, sepc, 16
core   0: 1 0x0000000080004bda (0x14185973) x18 0x000000007b0fddf2 c321_sepc 0x0000000000000010
core   0: 0x0000000080004bde (0x932bf6cf) fnmadd.d fa3, fs7, fs2, fs2
core   0: 1 0x0000000080004bde (0x932bf6cf) c1_fflags 0x0000000000000013 f13 0x8000000000000011
core   0: 0x0000000080004be2 (0x2aa45197) auipc   gp, 0x2aa45
core   0: 1 0x0000000080004be2 (0x2aa45197) x3  0x00000000aaa49be2
core   0: 0x0000000080004be6 (0x401bf653) fcvt.s.d fa2, fs7
core   0: 1 0x0000000080004be6 (0x401bf653) c1_fflags 0x0000000000000013 f12 0xffffffff00000000
core   0: 0x0000000080004bea (0x0bf57353) fsub.d  ft6, fa0, ft11
core   0: 1 0x0000000080004bea (0x0bf57353) f6  0x7ff8000000000000
core   0: 0x0000000080004bee (0x00000001) c.nop
core   0: 1 0x0000000080004bee (0x0001)
core   0: 0x0000000080004bf0 (0x03f1d493) srli    s1, gp, 63
core   0: 1 0x0000000080004bf0 (0x03f1d493) x9  0x0000000000000000
core   0: 0x0000000080004bf4 (0xc20ff953) fcvt.w.d s2, ft11
core   0: 1 0x0000000080004bf4 (0xc20ff953) c1_fflags 0x0000000000000013 x18 0x000000007fffffff
core   0: 0x0000000080004bf8 (0xc03df053) fcvt.lu.s zero, fs11
core   0: 1 0x0000000080004bf8 (0xc03df053) c1_fflags 0x0000000000000013
core   0: 0x0000000080004bfc (0x7e50c093) xori    ra, ra, 2021
core   0: 1 0x0000000080004bfc (0x7e50c093) x1  0x00000000800047f1
core   0: 0x0000000080004c00 (0x03cc5a93) srli    s5, s8, 60
core   0: 1 0x0000000080004c00 (0x03cc5a93) x21 0x0000000000000000
core   0: 0x0000000080004c04 (0xd21c0153) fcvt.d.wu ft2, s8
core   0: 1 0x0000000080004c04 (0xd21c0153) f2  0x3ff0000000000000
core   0: 0x0000000080004c08 (0xf20406d3) fmv.d.x fa3, s0
core   0: 1 0x0000000080004c08 (0xf20406d3) f13 0x0000000000000000
core   0: 0x0000000080004c0c (0x00000001) c.nop
core   0: 1 0x0000000080004c0c (0x0001)
core   0: 0x0000000080004c0e (0xc0503df3) csrrc   s11, hpmcounter5, zero
core   0: exception trap_illegal_instruction, epc 0x0000000080004c0e
core   0:           tval 0x00000000c0503df3
core   0: >>>>  $xrv64i2p1_m2p0_a2p1_f2p2_d2p2_zicsr2p0_zifencei2p0_zmmul1p0_zba1p0_zbb1p0_zbc1p0_zbs1p0
core   0: 0x0000000080004000 (0x0080006f) j       pc + 0x8
core   0: 3 0x0000000080004000 (0x0080006f)
core   0: >>>>  mmode_exception_handler
core   0: 0x0000000080004008 (0x00002c17) auipc   s8, 0x2
core   0: 3 0x0000000080004008 (0x00002c17) x24 0x0000000080006008
core   0: 0x000000008000400c (0x062c0c13) addi    s8, s8, 98
core   0: 3 0x000000008000400c (0x062c0c13) x24 0x000000008000606a
core   0: 0x0000000080004010 (0x000c00e7) jalr    s8
core   0: 3 0x0000000080004010 (0x000c00e7) x1  0x0000000080004014
core   0: >>>>  any_handler
core   0: 0x000000008000606a (0x341027f3) csrrs   a5, mepc, zero
core   0: 3 0x000000008000606a (0x341027f3) x15 0x0000000080004c0e
core   0: 0x000000008000606e (0x34202773) csrrs   a4, mcause, zero
core   0: 3 0x000000008000606e (0x34202773) x14 0x0000000000000002
core   0: 0x0000000080006072 (0x142026f3) csrrs   a3, scause, zero
core   0: 3 0x0000000080006072 (0x142026f3) x13 0x0000000000000000
core   0: 0x0000000080006076 (0x30402673) csrrs   a2, mie, zero
core   0: 3 0x0000000080006076 (0x30402673) x12 0x0000000000000a00
core   0: 0x000000008000607a (0x344025f3) csrrs   a1, mip, zero
core   0: 3 0x000000008000607a (0x344025f3) x11 0x0000000000000080
core   0: 0x000000008000607e (0x343025f3) csrrs   a1, mtval, zero
core   0: 3 0x000000008000607e (0x343025f3) x11 0x00000000c0503df3
core   0: 0x0000000080006082 (0x14302573) csrrs   a0, stval, zero
core   0: 3 0x0000000080006082 (0x14302573) x10 0x0000000000000000
core   0: 0x0000000080006086 (0xb02024f3) csrrs   s1, minstret, zero
core   0: 3 0x0000000080006086 (0xb02024f3) x9  0x0000000000000b98
core   0: 0x000000008000608a (0x0000a811) c.j     pc + 20
core   0: 3 0x000000008000608a (0xa811)
core   0: >>>>  mepc_4
core   0: 0x000000008000609e (0x00000791) c.addi  a5, 4
core   0: 3 0x000000008000609e (0x0791) x15 0x0000000080004c12
core   0: 0x00000000800060a0 (0x34179073) csrrw   zero, mepc, a5
core   0: 3 0x00000000800060a0 (0x34179073) c833_mepc 0x0000000080004c12
core   0: 0x00000000800060a4 (0x30200073) mret
core   0: 3 0x00000000800060a4 (0x30200073) c768_mstatus 0x8000000a00106080
core   0: 0x0000000080004c12 (0x03584833) div     a6, a6, s5
core   0: 1 0x0000000080004c12 (0x03584833) x16 0xffffffffffffffff
core   0: 0x0000000080004c16 (0x0302f43b) remuw   s0, t0, a6
core   0: 1 0x0000000080004c16 (0x0302f43b) x8  0x00000000110e944a
core   0: 0x0000000080004c1a (0x00fe1e3b) sllw    t3, t3, a5
core   0: 1 0x0000000080004c1a (0x00fe1e3b) x28 0x0000000000000000
core   0: 0x0000000080004c1e (0x2b2d07d3) fmin.d  fa5, fs10, fs2
core   0: 1 0x0000000080004c1e (0x2b2d07d3) f15 0x0000000000000011
core   0: 0x0000000080004c22 (0x420d0653) fcvt.d.s fa2, fs10
core   0: 1 0x0000000080004c22 (0x420d0653) f12 0x7ff8000000000000
core   0: 0x0000000080004c26 (0x02267d3b) remuw   s10, a2, sp
core   0: 1 0x0000000080004c26 (0x02267d3b) x26 0x0000000000000a00
core   0: 0x0000000080004c2a (0x00cbcdb3) xor     s11, s7, a2
core   0: 1 0x0000000080004c2a (0x00cbcdb3) x27 0x0000000000000a00
core   0: 0x0000000080004c2e (0xc2197ed3) fcvt.wu.d t4, fs2
core   0: 1 0x0000000080004c2e (0xc2197ed3) c1_fflags 0x0000000000000013 x29 0x0000000000000000
core   0: 0x0000000080004c32 (0x03f9d513) srli    a0, s3, 63
core   0: 1 0x0000000080004c32 (0x03f9d513) x10 0x0000000000000000
core   0: 0x0000000080004c36 (0x417b051b) addiw   a0, s6, 1047
core   0: 1 0x0000000080004c36 (0x417b051b) x10 0x000000007fffc403
core   0: 0x0000000080004c3a (0xc03976d3) fcvt.lu.s a3, fs2
core   0: 1 0x0000000080004c3a (0xc03976d3) c1_fflags 0x0000000000000013 x13 0xffffffffffffffff
core   0: 0x0000000080004c3e (0x00b355bb) srlw    a1, t1, a1
core   0: 1 0x0000000080004c3e (0x00b355bb) x11 0x0000000000000000
core   0: 0x0000000080004c42 (0x02f6fcb3) remu    s9, a3, a5
core   0: 1 0x0000000080004c42 (0x02f6fcb3) x25 0x000000005a6ac50f
core   0: 0x0000000080004c46 (0x03a9073b) mulw    a4, s2, s10
core   0: 1 0x0000000080004c46 (0x03a9073b) x14 0xfffffffffffff600
core   0: 0x0000000080004c4a (0x22892fd3) fsgnjx.d ft11, fs2, fs0
core   0: 1 0x0000000080004c4a (0x22892fd3) f31 0x8000000000000011
core   0: 0x0000000080004c4e (0x23ff25d3) fsgnjx.d fa1, ft10, ft11
core   0: 1 0x0000000080004c4e (0x23ff25d3) f11 0xfff8000000000000
core   0: 0x0000000080004c52 (0x00e1d5bb) srlw    a1, gp, a4
core   0: 1 0x0000000080004c52 (0x00e1d5bb) x11 0xffffffffaaa49be2
core   0: 0x0000000080004c56 (0x2b2c1953) fmax.d  fs2, fs8, fs2
core   0: 1 0x0000000080004c56 (0x2b2c1953) f18 0x43dfffffffdfffee
core   0: 0x0000000080004c5a (0x4001dc9b) sraiw   s9, gp, 0
core   0: 1 0x0000000080004c5a (0x4001dc9b) x25 0xffffffffaaa49be2
core   0: 0x0000000080004c5e (0x41985e3b) sraw    t3, a6, s9
core   0: 1 0x0000000080004c5e (0x41985e3b) x28 0xffffffffffffffff
core   0: 0x0000000080004c62 (0xd2178653) fcvt.d.wu fa2, a5
core   0: 1 0x0000000080004c62 (0xd2178653) f12 0x41e0000982400000
core   0: 0x0000000080004c66 (0x2385a553) fsgnjx.d fa0, fa1, fs8
core   0: 1 0x0000000080004c66 (0x2385a553) f10 0xfff8000000000000
core   0: 0x0000000080004c6a (0x41985033) sra     zero, a6, s9
core   0: 1 0x0000000080004c6a (0x41985033)
core   0: 0x0000000080004c6e (0xc2357453) fcvt.lu.d s0, fa0
core   0: 1 0x0000000080004c6e (0xc2357453) c1_fflags 0x0000000000000013 x8  0xffffffffffffffff
core   0: 0x0000000080004c72 (0xe2058ad3) fmv.x.d s5, fa1
core   0: 1 0x0000000080004c72 (0xe2058ad3) x21 0xfff8000000000000
core   0: 0x0000000080004c76 (0x01f4181b) slliw   a6, s0, 31
core   0: 1 0x0000000080004c76 (0x01f4181b) x16 0xffffffff80000000
core   0: 0x0000000080004c7a (0x72a86013) ori     zero, a6, 1834
core   0: 1 0x0000000080004c7a (0x72a86013)
core   0: 0x0000000080004c7e (0x000e1193) slli    gp, t3, 0
core   0: 1 0x0000000080004c7e (0x000e1193) x3  0xffffffffffffffff
core   0: 0x0000000080004c82 (0xb0273b73) csrrc   s6, minstret, a4
core   0: exception trap_illegal_instruction, epc 0x0000000080004c82
core   0:           tval 0x00000000b0273b73
core   0: >>>>  $xrv64i2p1_m2p0_a2p1_f2p2_d2p2_zicsr2p0_zifencei2p0_zmmul1p0_zba1p0_zbb1p0_zbc1p0_zbs1p0
core   0: 0x0000000080004000 (0x0080006f) j       pc + 0x8
core   0: 3 0x0000000080004000 (0x0080006f)
core   0: >>>>  mmode_exception_handler
core   0: 0x0000000080004008 (0x00002c17) auipc   s8, 0x2
core   0: 3 0x0000000080004008 (0x00002c17) x24 0x0000000080006008
core   0: 0x000000008000400c (0x062c0c13) addi    s8, s8, 98
core   0: 3 0x000000008000400c (0x062c0c13) x24 0x000000008000606a
core   0: 0x0000000080004010 (0x000c00e7) jalr    s8
core   0: 3 0x0000000080004010 (0x000c00e7) x1  0x0000000080004014
core   0: >>>>  any_handler
core   0: 0x000000008000606a (0x341027f3) csrrs   a5, mepc, zero
core   0: 3 0x000000008000606a (0x341027f3) x15 0x0000000080004c82
core   0: 0x000000008000606e (0x34202773) csrrs   a4, mcause, zero
core   0: 3 0x000000008000606e (0x34202773) x14 0x0000000000000002
core   0: 0x0000000080006072 (0x142026f3) csrrs   a3, scause, zero
core   0: 3 0x0000000080006072 (0x142026f3) x13 0x0000000000000000
core   0: 0x0000000080006076 (0x30402673) csrrs   a2, mie, zero
core   0: 3 0x0000000080006076 (0x30402673) x12 0x0000000000000a00
core   0: 0x000000008000607a (0x344025f3) csrrs   a1, mip, zero
core   0: 3 0x000000008000607a (0x344025f3) x11 0x0000000000000080
core   0: 0x000000008000607e (0x343025f3) csrrs   a1, mtval, zero
core   0: 3 0x000000008000607e (0x343025f3) x11 0x00000000b0273b73
core   0: 0x0000000080006082 (0x14302573) csrrs   a0, stval, zero
core   0: 3 0x0000000080006082 (0x14302573) x10 0x0000000000000000
core   0: 0x0000000080006086 (0xb02024f3) csrrs   s1, minstret, zero
core   0: 3 0x0000000080006086 (0xb02024f3) x9  0x0000000000000bc4
core   0: 0x000000008000608a (0x0000a811) c.j     pc + 20
core   0: 3 0x000000008000608a (0xa811)
core   0: >>>>  mepc_4
core   0: 0x000000008000609e (0x00000791) c.addi  a5, 4
core   0: 3 0x000000008000609e (0x0791) x15 0x0000000080004c86
core   0: 0x00000000800060a0 (0x34179073) csrrw   zero, mepc, a5
core   0: 3 0x00000000800060a0 (0x34179073) c833_mepc 0x0000000080004c86
core   0: 0x00000000800060a4 (0x30200073) mret
core   0: 3 0x00000000800060a4 (0x30200073) c768_mstatus 0x8000000a00106080
core   0: 0x0000000080004c86 (0x0108ec33) or      s8, a7, a6
core   0: 1 0x0000000080004c86 (0x0108ec33) x24 0xffffffff80000000
core   0: 0x0000000080004c8a (0x01806933) or      s2, zero, s8
core   0: 1 0x0000000080004c8a (0x01806933) x18 0xffffffff80000000
core   0: 0x0000000080004c8e (0xc0257e53) fcvt.l.s t3, fa0
core   0: 1 0x0000000080004c8e (0xc0257e53) c1_fflags 0x0000000000000013 x28 0x7fffffffffffffff
core   0: 0x0000000080004c92 (0x0ff0000f) fence   iorw,iorw
core   0: 1 0x0000000080004c92 (0x0ff0000f)
core   0: 0x0000000080004c96 (0xd2018bd3) fcvt.d.w fs7, gp
core   0: 1 0x0000000080004c96 (0xd2018bd3) f23 0xbff0000000000000
core   0: 0x0000000080004c9a (0x01c41c13) slli    s8, s0, 28
core   0: 1 0x0000000080004c9a (0x01c41c13) x24 0xfffffffff0000000
core   0: 0x0000000080004c9e (0x00202a73) csrrs   s4, frm, zero
core   0: 1 0x0000000080004c9e (0x00202a73) x20 0x0000000000000000
core   0: 0x0000000080004ca2 (0xc0377d53) fcvt.lu.s s10, fa4
core   0: 1 0x0000000080004ca2 (0xc0377d53) c1_fflags 0x0000000000000013 x26 0xffffffffffffffff
core   0: 0x0000000080004ca6 (0x7ffd851b) addiw   a0, s11, 2047
core   0: 1 0x0000000080004ca6 (0x7ffd851b) x10 0x00000000000011ff
core   0: 0x0000000080004caa (0x02a57e33) remu    t3, a0, a0
core   0: 1 0x0000000080004caa (0x02a57e33) x28 0x0000000000000000
core   0: 0x0000000080004cae (0x40ded43b) sraw    s0, t4, a3
core   0: 1 0x0000000080004cae (0x40ded43b) x8  0x0000000000000000
core   0: 0x0000000080004cb2 (0x0286f8b3) remu    a7, a3, s0
core   0: 1 0x0000000080004cb2 (0x0286f8b3) x17 0x0000000000000000
core   0: 0x0000000080004cb6 (0x411009bb) subw    s3, zero, a7
core   0: 1 0x0000000080004cb6 (0x411009bb) x19 0x0000000000000000
core   0: 0x0000000080004cba (0x0294f4d3) fadd.d  fs1, fs1, fs1
core   0: 1 0x0000000080004cba (0x0294f4d3) f9  0x7ff8000000000000
core   0: 0x0000000080004cbe (0x407383b3) sub     t2, t2, t2
core   0: 1 0x0000000080004cbe (0x407383b3) x7  0x0000000000000000
core   0: 0x0000000080004cc2 (0xd2038153) fcvt.d.w ft2, t2
core   0: 1 0x0000000080004cc2 (0xd2038153) f2  0x0000000000000000
core   0: 0x0000000080004cc6 (0x0a2772d3) fsub.d  ft5, fa4, ft2
core   0: 1 0x0000000080004cc6 (0x0a2772d3) f5  0x7ff8000000000000
core   0: 0x0000000080004cca (0x0092aab3) slt     s5, t0, s1
core   0: 1 0x0000000080004cca (0x0092aab3) x21 0x0000000000000001
core   0: 0x0000000080004cce (0xd0367dd3) fcvt.s.lu fs11, a2
core   0: 1 0x0000000080004cce (0xd0367dd3) f27 0xffffffff45200000
core   0: 0x0000000080004cd2 (0xc2277cd3) fcvt.l.d s9, fa4
core   0: 1 0x0000000080004cd2 (0xc2277cd3) c1_fflags 0x0000000000000013 x25 0x7fffffffffffffff
core   0: 0x0000000080004cd6 (0x00dd93bb) sllw    t2, s11, a3
core   0: 1 0x0000000080004cd6 (0x00dd93bb) x7  0x0000000000000a00
core   0: 0x0000000080004cda (0x0ff0000f) fence   iorw,iorw
core   0: 1 0x0000000080004cda (0x0ff0000f)
core   0: 0x0000000080004cde (0x00000001) c.nop
core   0: 1 0x0000000080004cde (0x0001)
core   0: 0x0000000080004ce0 (0x1b48fa53) fdiv.d  fs4, fa7, fs4
core   0: 1 0x0000000080004ce0 (0x1b48fa53) f20 0x7ff8000000000000
core   0: 0x0000000080004ce4 (0xe526f593) andi    a1, a3, -430
core   0: 1 0x0000000080004ce4 (0xe526f593) x11 0x0000000000000000
core   0: 0x0000000080004ce8 (0x00f98b3b) addw    s6, s3, a5
core   0: 1 0x0000000080004ce8 (0x00f98b3b) x22 0xffffffff80004c86
core   0: 0x0000000080004cec (0x14c5c113) xori    sp, a1, 332
core   0: 1 0x0000000080004cec (0x14c5c113) x2  0x000000000000014c
core   0: 0x0000000080004cf0 (0x000c4893) xori    a7, s8, 0
core   0: 1 0x0000000080004cf0 (0x000c4893) x17 0xfffffffff0000000
core   0: 0x0000000080004cf4 (0x035551bb) divuw   gp, a0, s5
core   0: 1 0x0000000080004cf4 (0x035551bb) x3  0x00000000000011ff
core   0: 0x0000000080004cf8 (0xd02af153) fcvt.s.l ft2, s5
core   0: 1 0x0000000080004cf8 (0xd02af153) f2  0xffffffff3f800000
core   0: 0x0000000080004cfc (0x1bca72d3) fdiv.d  ft5, fs4, ft8
core   0: 1 0x0000000080004cfc (0x1bca72d3) f5  0x7ff8000000000000
core   0: 0x0000000080004d00 (0x4147593b) sraw    s2, a4, s4
core   0: 1 0x0000000080004d00 (0x4147593b) x18 0x0000000000000002
core   0: 0x0000000080004d04 (0x4018fdd3) fcvt.s.d fs11, fa7
core   0: 1 0x0000000080004d04 (0x4018fdd3) f27 0xffffffff00000000
core   0: 0x0000000080004d08 (0x223192d3) fsgnjn.d ft5, ft3, ft3
core   0: 1 0x0000000080004d08 (0x223192d3) f5  0xfff8000000000000
core   0: 0x0000000080004d0c (0x023e14b3) mulh    s1, t3, gp
core   0: 1 0x0000000080004d0c (0x023e14b3) x9  0x0000000000000000
core   0: 0x0000000080004d10 (0xd02af2d3) fcvt.s.l ft5, s5
core   0: 1 0x0000000080004d10 (0xd02af2d3) f5  0xffffffff3f800000
core   0: 0x0000000080004d14 (0x01c0a433) slt     s0, ra, t3
core   0: 1 0x0000000080004d14 (0x01c0a433) x8  0x0000000000000000
core   0: 0x0000000080004d18 (0x2a5c9153) fmax.d  ft2, fs9, ft5
core   0: 1 0x0000000080004d18 (0x2a5c9153) f2  0x3ff0000000000000
core   0: 0x0000000080004d1c (0x1a71f1d3) fdiv.d  ft3, ft3, ft7
core   0: 1 0x0000000080004d1c (0x1a71f1d3) f3  0x7ff8000000000000
core   0: 0x0000000080004d20 (0x420a8fd3) fcvt.d.s ft11, fs5
core   0: 1 0x0000000080004d20 (0x420a8fd3) f31 0x7ff8000000000000
core   0: 0x0000000080004d24 (0x0021063b) addw    a2, sp, sp
core   0: 1 0x0000000080004d24 (0x0021063b) x12 0x0000000000000298
core   0: 0x0000000080004d28 (0x7ffee813) ori     a6, t4, 2047
core   0: 1 0x0000000080004d28 (0x7ffee813) x16 0x00000000000007ff
core   0: 0x0000000080004d2c (0x40ccd0bb) sraw    ra, s9, a2
core   0: 1 0x0000000080004d2c (0x40ccd0bb) x1  0xffffffffffffffff
core   0: 0x0000000080004d30 (0x40d204b3) sub     s1, tp, a3
core   0: 1 0x0000000080004d30 (0x40d204b3) x9  0xffffffffffffffff
core   0: 0x0000000080004d34 (0x420c0653) fcvt.d.s fa2, fs8
core   0: 1 0x0000000080004d34 (0x420c0653) f12 0x7ff8000000000000
core   0: 0x0000000080004d38 (0x01c845b3) xor     a1, a6, t3
core   0: 1 0x0000000080004d38 (0x01c845b3) x11 0x00000000000007ff
core   0: 0x0000000080004d3c (0x00846733) or      a4, s0, s0
core   0: 1 0x0000000080004d3c (0x00846733) x14 0x0000000000000000
core   0: 0x0000000080004d40 (0x00000001) c.nop
core   0: 1 0x0000000080004d40 (0x0001)
core   0: 0x0000000080004d42 (0x5a077a53) fsqrt.d fs4, fa4
core   0: 1 0x0000000080004d42 (0x5a077a53) f20 0x7ff8000000000000
core   0: 0x0000000080004d46 (0x01971cbb) sllw    s9, a4, s9
core   0: 1 0x0000000080004d46 (0x01971cbb) x25 0x0000000000000000
core   0: 0x0000000080004d4a (0x2ae904d3) fmin.d  fs1, fs2, fa4
core   0: 1 0x0000000080004d4a (0x2ae904d3) f9  0x43dfffffffdfffee
core   0: 0x0000000080004d4e (0xd23a7dd3) fcvt.d.lu fs11, s4
core   0: 1 0x0000000080004d4e (0xd23a7dd3) f27 0x0000000000000000
core   0: 0x0000000080004d52 (0xe2b7091b) addiw   s2, a4, -469
core   0: 1 0x0000000080004d52 (0xe2b7091b) x18 0xfffffffffffffe2b
core   0: 0x0000000080004d56 (0x00000001) c.nop
core   0: 1 0x0000000080004d56 (0x0001)
core   0: 0x0000000080004d58 (0xa39cfa43) fmadd.d fs4, fs9, fs9, fs4
core   0: 1 0x0000000080004d58 (0xa39cfa43) f20 0x7ff8000000000000
core   0: 0x0000000080004d5c (0x33526137) lui     sp, 0x33526
core   0: 1 0x0000000080004d5c (0x33526137) x2  0x0000000033526000
core   0: 0x0000000080004d60 (0x017e9533) sll     a0, t4, s7
core   0: 1 0x0000000080004d60 (0x017e9533) x10 0x0000000000000000
core   0: 0x0000000080004d64 (0xfff56d93) ori     s11, a0, -1
core   0: 1 0x0000000080004d64 (0xfff56d93) x27 0xffffffffffffffff
core   0: 0x0000000080004d68 (0x420f01d3) fcvt.d.s ft3, ft10
core   0: 1 0x0000000080004d68 (0x420f01d3) f3  0x7ff8000000000000
core   0: 0x0000000080004d6c (0x401a7f53) fcvt.s.d ft10, fs4
core   0: 1 0x0000000080004d6c (0x401a7f53) f30 0xffffffff7fc00000
core   0: 0x0000000080004d70 (0x00a507bb) addw    a5, a0, a0
core   0: 1 0x0000000080004d70 (0x00a507bb) x15 0x0000000000000000
core   0: 0x0000000080004d74 (0x41dc5c1b) sraiw   s8, s8, 29
core   0: 1 0x0000000080004d74 (0x41dc5c1b) x24 0xffffffffffffffff
core   0: 0x0000000080004d78 (0x733779c7) fmsub.d fs3, fa4, fs3, fa4
core   0: 1 0x0000000080004d78 (0x733779c7) f19 0x7ff8000000000000
core   0: 0x0000000080004d7c (0x015a023b) addw    tp, s4, s5
core   0: 1 0x0000000080004d7c (0x015a023b) x4  0x0000000000000001
core   0: 0x0000000080004d80 (0xd034fc53) fcvt.s.lu fs8, s1
core   0: 1 0x0000000080004d80 (0xd034fc53) c1_fflags 0x0000000000000013 f24 0xffffffff5f800000
core   0: 0x0000000080004d84 (0x143aa1f3) csrrs   gp, stval, s5
core   0: 1 0x0000000080004d84 (0x143aa1f3) x3  0x0000000000000000 c323_stval 0x0000000000000001
core   0: 0x0000000080004d88 (0x00000001) c.nop
core   0: 1 0x0000000080004d88 (0x0001)
core   0: 0x0000000080004d8a (0x40127253) fcvt.s.d ft4, ft4
core   0: 1 0x0000000080004d8a (0x40127253) f4  0xffffffff7fc00000
core   0: 0x0000000080004d8e (0x0ad0f0cf) fnmadd.d ft1, ft1, fa3, ft1
core   0: 1 0x0000000080004d8e (0x0ad0f0cf) f1  0x7ff8000000000000
core   0: 0x0000000080004d92 (0x03088d3b) mulw    s10, a7, a6
core   0: 1 0x0000000080004d92 (0x03088d3b) x26 0x0000000010000000
core   0: 0x0000000080004d96 (0x0ff0000f) fence   iorw,iorw
core   0: 1 0x0000000080004d96 (0x0ff0000f)
core   0: 0x0000000080004d9a (0xd032f353) fcvt.s.lu ft6, t0
core   0: 1 0x0000000080004d9a (0xd032f353) c1_fflags 0x0000000000000013 f6  0xffffffff5f800000
core   0: 0x0000000080004d9e (0x1a6f79d3) fdiv.d  fs3, ft10, ft6
core   0: 1 0x0000000080004d9e (0x1a6f79d3) f19 0x7ff8000000000000
core   0: 0x0000000080004da2 (0x41a9863b) subw    a2, s3, s10
core   0: 1 0x0000000080004da2 (0x41a9863b) x12 0xfffffffff0000000
core   0: 0x0000000080004da6 (0x0006159b) slliw   a1, a2, 0
core   0: 1 0x0000000080004da6 (0x0006159b) x11 0xfffffffff0000000
core   0: 0x0000000080004daa (0x8008f413) andi    s0, a7, -2048
core   0: 1 0x0000000080004daa (0x8008f413) x8  0xfffffffff0000000
core   0: 0x0000000080004dae (0xc229f3d3) fcvt.l.d t2, fs3
core   0: 1 0x0000000080004dae (0xc229f3d3) c1_fflags 0x0000000000000013 x7  0x7fffffffffffffff
core   0: 0x0000000080004db2 (0x00000001) c.nop
core   0: 1 0x0000000080004db2 (0x0001)
core   0: 0x0000000080004db4 (0x407bdbbb) sraw    s7, s7, t2
core   0: 1 0x0000000080004db4 (0x407bdbbb) x23 0x0000000000000000
core   0: 0x0000000080004db8 (0x0001d813) srli    a6, gp, 0
core   0: 1 0x0000000080004db8 (0x0001d813) x16 0x0000000000000000
core   0: 0x0000000080004dbc (0x036561bb) remw    gp, a0, s6
core   0: 1 0x0000000080004dbc (0x036561bb) x3  0x0000000000000000
core   0: 0x0000000080004dc0 (0x000c1e93) slli    t4, s8, 0
core   0: 1 0x0000000080004dc0 (0x000c1e93) x29 0xffffffffffffffff
core   0: 0x0000000080004dc4 (0x001022f3) csrrs   t0, fflags, zero
core   0: 1 0x0000000080004dc4 (0x001022f3) x5  0x0000000000000013
core   0: 0x0000000080004dc8 (0x0b487a43) fmadd.d fs4, fa6, fs4, ft1
core   0: 1 0x0000000080004dc8 (0x0b487a43) f20 0x7ff8000000000000
core   0: 0x0000000080004dcc (0xc2177653) fcvt.wu.d a2, fa4
core   0: 1 0x0000000080004dcc (0xc2177653) c1_fflags 0x0000000000000013 x12 0xffffffffffffffff
core   0: 0x0000000080004dd0 (0xf2038d53) fmv.d.x fs10, t2
core   0: 1 0x0000000080004dd0 (0xf2038d53) f26 0x7fffffffffffffff
core   0: 0x0000000080004dd4 (0x00171a9b) slliw   s5, a4, 1
core   0: 1 0x0000000080004dd4 (0x00171a9b) x21 0x0000000000000000
core   0: 0x0000000080004dd8 (0x13de7553) fmul.d  fa0, ft8, ft9
core   0: 1 0x0000000080004dd8 (0x13de7553) f10 0x7ff8000000000000
core   0: 0x0000000080004ddc (0x01c60e3b) addw    t3, a2, t3
core   0: 1 0x0000000080004ddc (0x01c60e3b) x28 0xffffffffffffffff
core   0: 0x0000000080004de0 (0x2a1e80d3) fmin.d  ft1, ft9, ft1
core   0: 1 0x0000000080004de0 (0x2a1e80d3) f1  0x7ff8000000000000
core   0: 0x0000000080004de4 (0x001e8d3b) addw    s10, t4, ra
core   0: 1 0x0000000080004de4 (0x001e8d3b) x26 0xfffffffffffffffe
core   0: 0x0000000080004de8 (0x0009c393) xori    t2, s3, 0
core   0: 1 0x0000000080004de8 (0x0009c393) x7  0x0000000000000000
core   0: 0x0000000080004dec (0x407a02bb) subw    t0, s4, t2
core   0: 1 0x0000000080004dec (0x407a02bb) x5  0x0000000000000000
core   0: 0x0000000080004df0 (0x00b9193b) sllw    s2, s2, a1
core   0: 1 0x0000000080004df0 (0x00b9193b) x18 0xfffffffffffffe2b
core   0: 0x0000000080004df4 (0xf60d8b1b) addiw   s6, s11, -160
core   0: 1 0x0000000080004df4 (0xf60d8b1b) x22 0xffffffffffffff5f
core   0: 0x0000000080004df8 (0x0123f533) and     a0, t2, s2
core   0: 1 0x0000000080004df8 (0x0123f533) x10 0x0000000000000000
core   0: 0x0000000080004dfc (0xc23e7653) fcvt.lu.d a2, ft8
core   0: 1 0x0000000080004dfc (0xc23e7653) c1_fflags 0x0000000000000013 x12 0x0000000000000000
core   0: 0x0000000080004e00 (0xd025f753) fcvt.s.l fa4, a1
core   0: 1 0x0000000080004e00 (0xd025f753) f14 0xffffffffcd800000
core   0: 0x0000000080004e04 (0xd0397a53) fcvt.s.lu fs4, s2
core   0: 1 0x0000000080004e04 (0xd0397a53) c1_fflags 0x0000000000000013 f20 0xffffffff5f800000
core   0: 0x0000000080004e08 (0x239103d3) fsgnj.d ft7, ft2, fs9
core   0: 1 0x0000000080004e08 (0x239103d3) f7  0x3ff0000000000000
core   0: 0x0000000080004e0c (0xd23e7453) fcvt.d.lu fs0, t3
core   0: 1 0x0000000080004e0c (0xd23e7453) c1_fflags 0x0000000000000013 f8  0x43f0000000000000
core   0: 0x0000000080004e10 (0x4085d6bb) sraw    a3, a1, s0
core   0: 1 0x0000000080004e10 (0x4085d6bb) x13 0xfffffffff0000000
core   0: 0x0000000080004e14 (0x418d5093) srai    ra, s10, 24
core   0: 1 0x0000000080004e14 (0x418d5093) x1  0xffffffffffffffff
core   0: 0x0000000080004e18 (0xf11f5073) csrrwi  zero, mvendorid, 30
core   0: exception trap_illegal_instruction, epc 0x0000000080004e18
core   0:           tval 0x00000000f11f5073
core   0: >>>>  $xrv64i2p1_m2p0_a2p1_f2p2_d2p2_zicsr2p0_zifencei2p0_zmmul1p0_zba1p0_zbb1p0_zbc1p0_zbs1p0
core   0: 0x0000000080004000 (0x0080006f) j       pc + 0x8
core   0: 3 0x0000000080004000 (0x0080006f)
core   0: >>>>  mmode_exception_handler
core   0: 0x0000000080004008 (0x00002c17) auipc   s8, 0x2
core   0: 3 0x0000000080004008 (0x00002c17) x24 0x0000000080006008
core   0: 0x000000008000400c (0x062c0c13) addi    s8, s8, 98
core   0: 3 0x000000008000400c (0x062c0c13) x24 0x000000008000606a
core   0: 0x0000000080004010 (0x000c00e7) jalr    s8
core   0: 3 0x0000000080004010 (0x000c00e7) x1  0x0000000080004014
core   0: >>>>  any_handler
core   0: 0x000000008000606a (0x341027f3) csrrs   a5, mepc, zero
core   0: 3 0x000000008000606a (0x341027f3) x15 0x0000000080004e18
core   0: 0x000000008000606e (0x34202773) csrrs   a4, mcause, zero
core   0: 3 0x000000008000606e (0x34202773) x14 0x0000000000000002
core   0: 0x0000000080006072 (0x142026f3) csrrs   a3, scause, zero
core   0: 3 0x0000000080006072 (0x142026f3) x13 0x0000000000000000
core   0: 0x0000000080006076 (0x30402673) csrrs   a2, mie, zero
core   0: 3 0x0000000080006076 (0x30402673) x12 0x0000000000000a00
core   0: 0x000000008000607a (0x344025f3) csrrs   a1, mip, zero
core   0: 3 0x000000008000607a (0x344025f3) x11 0x0000000000000080
core   0: 0x000000008000607e (0x343025f3) csrrs   a1, mtval, zero
core   0: 3 0x000000008000607e (0x343025f3) x11 0x00000000f11f5073
core   0: 0x0000000080006082 (0x14302573) csrrs   a0, stval, zero
core   0: 3 0x0000000080006082 (0x14302573) x10 0x0000000000000001
core   0: 0x0000000080006086 (0xb02024f3) csrrs   s1, minstret, zero
core   0: 3 0x0000000080006086 (0xb02024f3) x9  0x0000000000000c3b
core   0: 0x000000008000608a (0x0000a811) c.j     pc + 20
core   0: 3 0x000000008000608a (0xa811)
core   0: >>>>  mepc_4
core   0: 0x000000008000609e (0x00000791) c.addi  a5, 4
core   0: 3 0x000000008000609e (0x0791) x15 0x0000000080004e1c
core   0: 0x00000000800060a0 (0x34179073) csrrw   zero, mepc, a5
core   0: 3 0x00000000800060a0 (0x34179073) c833_mepc 0x0000000080004e1c
core   0: 0x00000000800060a4 (0x30200073) mret
core   0: 3 0x00000000800060a4 (0x30200073) c768_mstatus 0x8000000a00106080
core   0: 0x0000000080004e1c (0x41a452b3) sra     t0, s0, s10
core   0: 1 0x0000000080004e1c (0x41a452b3) x5  0xffffffffffffffff
core   0: 0x0000000080004e20 (0x68b54937) lui     s2, 0x68b54
core   0: 1 0x0000000080004e20 (0x68b54937) x18 0x0000000068b54000
core   0: 0x0000000080004e24 (0x433cf9c7) fmsub.d fs3, fs9, fs3, fs0
core   0: 1 0x0000000080004e24 (0x433cf9c7) f19 0x7ff8000000000000
core   0: 0x0000000080004e28 (0x12f9fbd3) fmul.d  fs7, fs3, fa5
core   0: 1 0x0000000080004e28 (0x12f9fbd3) f23 0x7ff8000000000000
core   0: 0x0000000080004e2c (0x03c917b3) mulh    a5, s2, t3
core   0: 1 0x0000000080004e2c (0x03c917b3) x15 0xffffffffffffffff
core   0: 0x0000000080004e30 (0x41c2d83b) sraw    a6, t0, t3
core   0: 1 0x0000000080004e30 (0x41c2d83b) x16 0xffffffffffffffff
core   0: 0x0000000080004e34 (0x0b64fecf) fnmadd.d ft9, fs1, fs6, ft1
core   0: 1 0x0000000080004e34 (0x0b64fecf) f29 0x7ff8000000000000
core   0: 0x0000000080004e38 (0x49bc4713) xori    a4, s8, 1179
core   0: 1 0x0000000080004e38 (0x49bc4713) x14 0x00000000800064f1
core   0: 0x0000000080004e3c (0xd032f4d3) fcvt.s.lu fs1, t0
core   0: 1 0x0000000080004e3c (0xd032f4d3) c1_fflags 0x0000000000000013 f9  0xffffffff5f800000
core   0: 0x0000000080004e40 (0x4162023b) subw    tp, tp, s6
core   0: 1 0x0000000080004e40 (0x4162023b) x4  0x00000000000000a2
core   0: 0x0000000080004e44 (0x00000001) c.nop
core   0: 1 0x0000000080004e44 (0x0001)
core   0: 0x0000000080004e46 (0x03b24d3b) divw    s10, tp, s11
core   0: 1 0x0000000080004e46 (0x03b24d3b) x26 0xffffffffffffff5e
core   0: 0x0000000080004e4a (0xc037fc53) fcvt.lu.s s8, fa5
core   0: 1 0x0000000080004e4a (0xc037fc53) c1_fflags 0x0000000000000013 x24 0xffffffffffffffff
core   0: 0x0000000080004e4e (0x1a967b53) fdiv.d  fs6, fa2, fs1
core   0: 1 0x0000000080004e4e (0x1a967b53) f22 0x7ff8000000000000
core   0: 0x0000000080004e52 (0x031c5b93) srli    s7, s8, 49
core   0: 1 0x0000000080004e52 (0x031c5b93) x23 0x0000000000007fff
core   0: 0x0000000080004e56 (0xd024f053) fcvt.s.l ft0, s1
core   0: 1 0x0000000080004e56 (0xd024f053) f0  0xffffffff4543b000
core   0: 0x0000000080004e5a (0xc20f73d3) fcvt.w.d t2, ft10
core   0: 1 0x0000000080004e5a (0xc20f73d3) c1_fflags 0x0000000000000013 x7  0x000000007fffffff
core   0: 0x0000000080004e5e (0x015e893b) addw    s2, t4, s5
core   0: 1 0x0000000080004e5e (0x015e893b) x18 0xffffffffffffffff
core   0: 0x0000000080004e62 (0x03284033) div     zero, a6, s2
core   0: 1 0x0000000080004e62 (0x03284033)
core   0: 0x0000000080004e66 (0x40a80ebb) subw    t4, a6, a0
core   0: 1 0x0000000080004e66 (0x40a80ebb) x29 0xfffffffffffffffe
core   0: 0x0000000080004e6a (0xfff657b7) lui     a5, 0xfff65
core   0: 1 0x0000000080004e6a (0xfff657b7) x15 0xfffffffffff65000
core   0: 0x0000000080004e6e (0xa517879b) addiw   a5, a5, -1455
core   0: 1 0x0000000080004e6e (0xa517879b) x15 0xfffffffffff64a51
core   0: 0x0000000080004e72 (0x000007ce) c.slli  a5, 19
core   0: 1 0x0000000080004e72 (0x07ce) x15 0xffffffb252880000
core   0: 0x0000000080004e74 (0x99678793) addi    a5, a5, -1642
core   0: 1 0x0000000080004e74 (0x99678793) x15 0xffffffb25287f996
core   0: 0x0000000080004e78 (0x1063b073) csrrc   zero, scounteren, t2
core   0: 1 0x0000000080004e78 (0x1063b073) c262_scounteren 0x0000000000000000
core   0: 0x0000000080004e7c (0x1b6075d3) fdiv.d  fa1, ft0, fs6
core   0: 1 0x0000000080004e7c (0x1b6075d3) f11 0x7ff8000000000000
core   0: 0x0000000080004e80 (0x8003f713) andi    a4, t2, -2048
core   0: 1 0x0000000080004e80 (0x8003f713) x14 0x000000007ffff800
core   0: 0x0000000080004e84 (0x000084a6) c.mv    s1, s1
core   0: 1 0x0000000080004e84 (0x84a6) x9  0x0000000000000c3b
core   0: 0x0000000080004e86 (0x22258953) fsgnj.d fs2, fa1, ft2
core   0: 1 0x0000000080004e86 (0x22258953) f18 0x7ff8000000000000
core   0: 0x0000000080004e8a (0x001027f3) csrrs   a5, fflags, zero
core   0: 1 0x0000000080004e8a (0x001027f3) x15 0x0000000000000013
core   0: 0x0000000080004e8e (0x00f7d8bb) srlw    a7, a5, a5
core   0: 1 0x0000000080004e8e (0x00f7d8bb) x17 0x0000000000000000
core   0: 0x0000000080004e92 (0x01b6c6b3) xor     a3, a3, s11
core   0: 1 0x0000000080004e92 (0x01b6c6b3) x13 0xffffffffffffffff
core   0: 0x0000000080004e96 (0x0ff0000f) fence   iorw,iorw
core   0: 1 0x0000000080004e96 (0x0ff0000f)
core   0: 0x0000000080004e9a (0x028d403b) divw    zero, s10, s0
core   0: 1 0x0000000080004e9a (0x028d403b)
core   0: 0x0000000080004e9e (0x001c1af3) csrrw   s5, fflags, s8
core   0: 1 0x0000000080004e9e (0x001c1af3) x21 0x0000000000000013 c1_fflags 0x000000000000001f
core   0: 0x0000000080004ea2 (0x00014413) xori    s0, sp, 0
core   0: 1 0x0000000080004ea2 (0x00014413) x8  0x0000000033526000
core   0: 0x0000000080004ea6 (0x22b901d3) fsgnj.d ft3, fs2, fa1
core   0: 1 0x0000000080004ea6 (0x22b901d3) f3  0x7ff8000000000000
core   0: 0x0000000080004eaa (0x4163deb3) sra     t4, t2, s6
core   0: 1 0x0000000080004eaa (0x4163deb3) x29 0x0000000000000000
core   0: 0x0000000080004eae (0x03deed3b) remw    s10, t4, t4
core   0: 1 0x0000000080004eae (0x03deed3b) x26 0x0000000000000000
core   0: 0x0000000080004eb2 (0x00202173) csrrs   sp, frm, zero
core   0: 1 0x0000000080004eb2 (0x00202173) x2  0x0000000000000000
core   0: 0x0000000080004eb6 (0x0221f8d3) fadd.d  fa7, ft3, ft2
core   0: 1 0x0000000080004eb6 (0x0221f8d3) f17 0x7ff8000000000000
core   0: 0x0000000080004eba (0x2e55f193) andi    gp, a1, 741
core   0: 1 0x0000000080004eba (0x2e55f193) x3  0x0000000000000061
core   0: 0x0000000080004ebe (0x23102253) fsgnjx.d ft4, ft0, fa7
core   0: 1 0x0000000080004ebe (0x23102253) f4  0xffffffff4543b000
core   0: 0x0000000080004ec2 (0x00b69433) sll     s0, a3, a1
core   0: 1 0x0000000080004ec2 (0x00b69433) x8  0xfff8000000000000
core   0: 0x0000000080004ec6 (0x00102673) csrrs   a2, fflags, zero
core   0: 1 0x0000000080004ec6 (0x00102673) x12 0x000000000000001f
core   0: 0x0000000080004eca (0x007ad1b3) srl     gp, s5, t2
core   0: 1 0x0000000080004eca (0x007ad1b3) x3  0x0000000000000000
core   0: 0x0000000080004ece (0xc0159df3) csrrw   s11, time, a1
core   0: exception trap_illegal_instruction, epc 0x0000000080004ece
core   0:           tval 0x00000000c0159df3
core   0: >>>>  $xrv64i2p1_m2p0_a2p1_f2p2_d2p2_zicsr2p0_zifencei2p0_zmmul1p0_zba1p0_zbb1p0_zbc1p0_zbs1p0
core   0: 0x0000000080004000 (0x0080006f) j       pc + 0x8
core   0: 3 0x0000000080004000 (0x0080006f)
core   0: >>>>  mmode_exception_handler
core   0: 0x0000000080004008 (0x00002c17) auipc   s8, 0x2
core   0: 3 0x0000000080004008 (0x00002c17) x24 0x0000000080006008
core   0: 0x000000008000400c (0x062c0c13) addi    s8, s8, 98
core   0: 3 0x000000008000400c (0x062c0c13) x24 0x000000008000606a
core   0: 0x0000000080004010 (0x000c00e7) jalr    s8
core   0: 3 0x0000000080004010 (0x000c00e7) x1  0x0000000080004014
core   0: >>>>  any_handler
core   0: 0x000000008000606a (0x341027f3) csrrs   a5, mepc, zero
core   0: 3 0x000000008000606a (0x341027f3) x15 0x0000000080004ece
core   0: 0x000000008000606e (0x34202773) csrrs   a4, mcause, zero
core   0: 3 0x000000008000606e (0x34202773) x14 0x0000000000000002
core   0: 0x0000000080006072 (0x142026f3) csrrs   a3, scause, zero
core   0: 3 0x0000000080006072 (0x142026f3) x13 0x0000000000000000
core   0: 0x0000000080006076 (0x30402673) csrrs   a2, mie, zero
core   0: 3 0x0000000080006076 (0x30402673) x12 0x0000000000000a00
core   0: 0x000000008000607a (0x344025f3) csrrs   a1, mip, zero
core   0: 3 0x000000008000607a (0x344025f3) x11 0x0000000000000080
core   0: 0x000000008000607e (0x343025f3) csrrs   a1, mtval, zero
core   0: 3 0x000000008000607e (0x343025f3) x11 0x00000000c0159df3
core   0: 0x0000000080006082 (0x14302573) csrrs   a0, stval, zero
core   0: 3 0x0000000080006082 (0x14302573) x10 0x0000000000000001
core   0: 0x0000000080006086 (0xb02024f3) csrrs   s1, minstret, zero
core   0: 3 0x0000000080006086 (0xb02024f3) x9  0x0000000000000c79
core   0: 0x000000008000608a (0x0000a811) c.j     pc + 20
core   0: 3 0x000000008000608a (0xa811)
core   0: >>>>  mepc_4
core   0: 0x000000008000609e (0x00000791) c.addi  a5, 4
core   0: 3 0x000000008000609e (0x0791) x15 0x0000000080004ed2
core   0: 0x00000000800060a0 (0x34179073) csrrw   zero, mepc, a5
core   0: 3 0x00000000800060a0 (0x34179073) c833_mepc 0x0000000080004ed2
core   0: 0x00000000800060a4 (0x30200073) mret
core   0: 3 0x00000000800060a4 (0x30200073) c768_mstatus 0x8000000a00106080
core   0: 0x0000000080004ed2 (0x1a0a7e4f) fnmadd.d ft8, fs4, ft0, ft3
core   0: 1 0x0000000080004ed2 (0x1a0a7e4f) f28 0x7ff8000000000000
core   0: 0x0000000080004ed6 (0x4005db1b) sraiw   s6, a1, 0
core   0: 1 0x0000000080004ed6 (0x4005db1b) x22 0xffffffffc0159df3
core   0: 0x0000000080004eda (0x000be9b3) or      s3, s7, zero
core   0: 1 0x0000000080004eda (0x000be9b3) x19 0x0000000000007fff
core   0: 0x0000000080004ede (0x005d52bb) srlw    t0, s10, t0
core   0: 1 0x0000000080004ede (0x005d52bb) x5  0x0000000000000000
core   0: 0x0000000080004ee2 (0x00009686) c.add   a3, ra
core   0: 1 0x0000000080004ee2 (0x9686) x13 0x0000000080004014
core   0: 0x0000000080004ee4 (0x23d70ed3) fsgnj.d ft9, fa4, ft9
core   0: 1 0x0000000080004ee4 (0x23d70ed3) f29 0x7fffffffcd800000
core   0: 0x0000000080004ee8 (0x00db9933) sll     s2, s7, a3
core   0: 1 0x0000000080004ee8 (0x00db9933) x18 0x00000007fff00000
core   0: 0x0000000080004eec (0xa3498453) fle.d   s0, fs3, fs4
core   0: 1 0x0000000080004eec (0xa3498453) c1_fflags 0x000000000000001f x8  0x0000000000000000
core   0: 0x0000000080004ef0 (0x23df93d3) fsgnjn.d ft7, ft11, ft9
core   0: 1 0x0000000080004ef0 (0x23df93d3) f7  0xfff8000000000000
core   0: 0x0000000080004ef4 (0xda7f1897) auipc   a7, 0xda7f1
core   0: 1 0x0000000080004ef4 (0xda7f1897) x17 0x000000005a7f5ef4
core   0: 0x0000000080004ef8 (0xd228f0d3) fcvt.d.l ft1, a7
core   0: 1 0x0000000080004ef8 (0xd228f0d3) f1  0x41d69fd7bd000000
core   0: 0x0000000080004efc (0x8007cd13) xori    s10, a5, -2048
core   0: 1 0x0000000080004efc (0x8007cd13) x26 0xffffffff7fffb6d2
core   0: 0x0000000080004f00 (0x41a585b3) sub     a1, a1, s10
core   0: 1 0x0000000080004f00 (0x41a585b3) x11 0x000000014015e721
core   0: 0x0000000080004f04 (0x8b1873cb) fnmsub.d ft7, fa6, fa7, fa7
core   0: 1 0x0000000080004f04 (0x8b1873cb) f7  0x7ff8000000000000
core   0: 0x0000000080004f08 (0x0ff0000f) fence   iorw,iorw
core   0: 1 0x0000000080004f08 (0x0ff0000f)
core   0: 0x0000000080004f0c (0xd2058ad3) fcvt.d.w fs5, a1
core   0: 1 0x0000000080004f0c (0xd2058ad3) f21 0x41d00579c8400000
core   0: 0x0000000080004f10 (0x00000001) c.nop
core   0: 1 0x0000000080004f10 (0x0001)
core   0: 0x0000000080004f12 (0xd22dfa53) fcvt.d.l fs4, s11
core   0: 1 0x0000000080004f12 (0xd22dfa53) f20 0xbff0000000000000
core   0: 0x0000000080004f16 (0x2b291653) fmax.d  fa2, fs2, fs2
core   0: 1 0x0000000080004f16 (0x2b291653) f12 0x7ff8000000000000
core   0: 0x0000000080004f1a (0x03579e13) slli    t3, a5, 53
core   0: 1 0x0000000080004f1a (0x03579e13) x28 0xda40000000000000
core   0: 0x0000000080004f1e (0x01c2e2b3) or      t0, t0, t3
core   0: 1 0x0000000080004f1e (0x01c2e2b3) x5  0xda40000000000000
core   0: 0x0000000080004f22 (0x0345fcb3) remu    s9, a1, s4
core   0: 1 0x0000000080004f22 (0x0345fcb3) x25 0x000000014015e721
core   0: 0x0000000080004f26 (0x2a5883d3) fmin.d  ft7, fa7, ft5
core   0: 1 0x0000000080004f26 (0x2a5883d3) f7  0x7ff8000000000000
core   0: 0x0000000080004f2a (0xc815aaf3) csrrs   s5, timeh, a1
core   0: exception trap_illegal_instruction, epc 0x0000000080004f2a
core   0:           tval 0x00000000c815aaf3
core   0: >>>>  $xrv64i2p1_m2p0_a2p1_f2p2_d2p2_zicsr2p0_zifencei2p0_zmmul1p0_zba1p0_zbb1p0_zbc1p0_zbs1p0
core   0: 0x0000000080004000 (0x0080006f) j       pc + 0x8
core   0: 3 0x0000000080004000 (0x0080006f)
core   0: >>>>  mmode_exception_handler
core   0: 0x0000000080004008 (0x00002c17) auipc   s8, 0x2
core   0: 3 0x0000000080004008 (0x00002c17) x24 0x0000000080006008
core   0: 0x000000008000400c (0x062c0c13) addi    s8, s8, 98
core   0: 3 0x000000008000400c (0x062c0c13) x24 0x000000008000606a
core   0: 0x0000000080004010 (0x000c00e7) jalr    s8
core   0: 3 0x0000000080004010 (0x000c00e7) x1  0x0000000080004014
core   0: >>>>  any_handler
core   0: 0x000000008000606a (0x341027f3) csrrs   a5, mepc, zero
core   0: 3 0x000000008000606a (0x341027f3) x15 0x0000000080004f2a
core   0: 0x000000008000606e (0x34202773) csrrs   a4, mcause, zero
core   0: 3 0x000000008000606e (0x34202773) x14 0x0000000000000002
core   0: 0x0000000080006072 (0x142026f3) csrrs   a3, scause, zero
core   0: 3 0x0000000080006072 (0x142026f3) x13 0x0000000000000000
core   0: 0x0000000080006076 (0x30402673) csrrs   a2, mie, zero
core   0: 3 0x0000000080006076 (0x30402673) x12 0x0000000000000a00
core   0: 0x000000008000607a (0x344025f3) csrrs   a1, mip, zero
core   0: 3 0x000000008000607a (0x344025f3) x11 0x0000000000000080
core   0: 0x000000008000607e (0x343025f3) csrrs   a1, mtval, zero
core   0: 3 0x000000008000607e (0x343025f3) x11 0x00000000c815aaf3
core   0: 0x0000000080006082 (0x14302573) csrrs   a0, stval, zero
core   0: 3 0x0000000080006082 (0x14302573) x10 0x0000000000000001
core   0: 0x0000000080006086 (0xb02024f3) csrrs   s1, minstret, zero
core   0: 3 0x0000000080006086 (0xb02024f3) x9  0x0000000000000ca0
core   0: 0x000000008000608a (0x0000a811) c.j     pc + 20
core   0: 3 0x000000008000608a (0xa811)
core   0: >>>>  mepc_4
core   0: 0x000000008000609e (0x00000791) c.addi  a5, 4
core   0: 3 0x000000008000609e (0x0791) x15 0x0000000080004f2e
core   0: 0x00000000800060a0 (0x34179073) csrrw   zero, mepc, a5
core   0: 3 0x00000000800060a0 (0x34179073) c833_mepc 0x0000000080004f2e
core   0: 0x00000000800060a4 (0x30200073) mret
core   0: 3 0x00000000800060a4 (0x30200073) c768_mstatus 0x8000000a00106080
core   0: 0x0000000080004f2e (0x34476873) csrrsi  a6, mip, 14
core   0: exception trap_illegal_instruction, epc 0x0000000080004f2e
core   0:           tval 0x0000000034476873
core   0: >>>>  $xrv64i2p1_m2p0_a2p1_f2p2_d2p2_zicsr2p0_zifencei2p0_zmmul1p0_zba1p0_zbb1p0_zbc1p0_zbs1p0
core   0: 0x0000000080004000 (0x0080006f) j       pc + 0x8
core   0: 3 0x0000000080004000 (0x0080006f)
core   0: >>>>  mmode_exception_handler
core   0: 0x0000000080004008 (0x00002c17) auipc   s8, 0x2
core   0: 3 0x0000000080004008 (0x00002c17) x24 0x0000000080006008
core   0: 0x000000008000400c (0x062c0c13) addi    s8, s8, 98
core   0: 3 0x000000008000400c (0x062c0c13) x24 0x000000008000606a
core   0: 0x0000000080004010 (0x000c00e7) jalr    s8
core   0: 3 0x0000000080004010 (0x000c00e7) x1  0x0000000080004014
core   0: >>>>  any_handler
core   0: 0x000000008000606a (0x341027f3) csrrs   a5, mepc, zero
core   0: 3 0x000000008000606a (0x341027f3) x15 0x0000000080004f2e
core   0: 0x000000008000606e (0x34202773) csrrs   a4, mcause, zero
core   0: 3 0x000000008000606e (0x34202773) x14 0x0000000000000002
core   0: 0x0000000080006072 (0x142026f3) csrrs   a3, scause, zero
core   0: 3 0x0000000080006072 (0x142026f3) x13 0x0000000000000000
core   0: 0x0000000080006076 (0x30402673) csrrs   a2, mie, zero
core   0: 3 0x0000000080006076 (0x30402673) x12 0x0000000000000a00
core   0: 0x000000008000607a (0x344025f3) csrrs   a1, mip, zero
core   0: 3 0x000000008000607a (0x344025f3) x11 0x0000000000000080
core   0: 0x000000008000607e (0x343025f3) csrrs   a1, mtval, zero
core   0: 3 0x000000008000607e (0x343025f3) x11 0x0000000034476873
core   0: 0x0000000080006082 (0x14302573) csrrs   a0, stval, zero
core   0: 3 0x0000000080006082 (0x14302573) x10 0x0000000000000001
core   0: 0x0000000080006086 (0xb02024f3) csrrs   s1, minstret, zero
core   0: 3 0x0000000080006086 (0xb02024f3) x9  0x0000000000000cb0
core   0: 0x000000008000608a (0x0000a811) c.j     pc + 20
core   0: 3 0x000000008000608a (0xa811)
core   0: >>>>  mepc_4
core   0: 0x000000008000609e (0x00000791) c.addi  a5, 4
core   0: 3 0x000000008000609e (0x0791) x15 0x0000000080004f32
core   0: 0x00000000800060a0 (0x34179073) csrrw   zero, mepc, a5
core   0: 3 0x00000000800060a0 (0x34179073) c833_mepc 0x0000000080004f32
core   0: 0x00000000800060a4 (0x30200073) mret
core   0: 3 0x00000000800060a4 (0x30200073) c768_mstatus 0x8000000a00106080
core   0: 0x0000000080004f32 (0x0212c2b3) div     t0, t0, ra
core   0: 1 0x0000000080004f32 (0x0212c2b3) x5  0xffffffffb48025cc
core   0: 0x0000000080004f36 (0x00a5533b) srlw    t1, a0, a0
core   0: 1 0x0000000080004f36 (0x00a5533b) x6  0x0000000000000000
core   0: 0x0000000080004f3a (0x400ad213) srai    tp, s5, 0
core   0: 1 0x0000000080004f3a (0x400ad213) x4  0x0000000000000013
core   0: 0x0000000080004f3e (0x00000001) c.nop
core   0: 1 0x0000000080004f3e (0x0001)
core   0: 0x0000000080004f40 (0x01cd8737) lui     a4, 0x1cd8
core   0: 1 0x0000000080004f40 (0x01cd8737) x14 0x0000000001cd8000
core   0: 0x0000000080004f44 (0x91b7071b) addiw   a4, a4, -1765
core   0: 1 0x0000000080004f44 (0x91b7071b) x14 0x0000000001cd791b
core   0: 0x0000000080004f48 (0x00000736) c.slli  a4, 13
core   0: 1 0x0000000080004f48 (0x0736) x14 0x00000039af236000
core   0: 0x0000000080004f4a (0x03670713) addi    a4, a4, 54
core   0: 1 0x0000000080004f4a (0x03670713) x14 0x00000039af236036
core   0: 0x0000000080004f4e (0xa38588d3) fle.d   a7, fa1, fs8
core   0: 1 0x0000000080004f4e (0xa38588d3) c1_fflags 0x000000000000001f x17 0x0000000000000000
core   0: 0x0000000080004f52 (0x0bd2f253) fsub.d  ft4, ft5, ft9
core   0: 1 0x0000000080004f52 (0x0bd2f253) f4  0x7ff8000000000000
core   0: 0x0000000080004f56 (0x7aba7a4f) fnmadd.d fs4, fs4, fa1, fa5
core   0: 1 0x0000000080004f56 (0x7aba7a4f) f20 0x7ff8000000000000
core   0: 0x0000000080004f5a (0x02fcee3b) remw    t3, s9, a5
core   0: 1 0x0000000080004f5a (0x02fcee3b) x28 0x000000004015e721
core   0: 0x0000000080004f5e (0xc226f953) fcvt.l.d s2, fa3
core   0: 1 0x0000000080004f5e (0xc226f953) x18 0x0000000000000000
core   0: 0x0000000080004f62 (0x007c0a33) add     s4, s8, t2
core   0: 1 0x0000000080004f62 (0x007c0a33) x20 0x0000000100006069
core   0: 0x0000000080004f66 (0x0ff0000f) fence   iorw,iorw
core   0: 1 0x0000000080004f66 (0x0ff0000f)
core   0: 0x0000000080004f6a (0x221b01d3) fsgnj.d ft3, fs6, ft1
core   0: 1 0x0000000080004f6a (0x221b01d3) f3  0x7ff8000000000000
core   0: 0x0000000080004f6e (0x03405033) divu    zero, zero, s4
core   0: 1 0x0000000080004f6e (0x03405033)
core   0: 0x0000000080004f72 (0x0006591b) srliw   s2, a2, 0
core   0: 1 0x0000000080004f72 (0x0006591b) x18 0x0000000000000a00
core   0: 0x0000000080004f76 (0x01031e3b) sllw    t3, t1, a6
core   0: 1 0x0000000080004f76 (0x01031e3b) x28 0x0000000000000000
core   0: 0x0000000080004f7a (0x231928d3) fsgnjx.d fa7, fs2, fa7
core   0: 1 0x0000000080004f7a (0x231928d3) f17 0x7ff8000000000000
core   0: 0x0000000080004f7e (0x415e5ebb) sraw    t4, t3, s5
core   0: 1 0x0000000080004f7e (0x415e5ebb) x29 0x0000000000000000
core   0: 0x0000000080004f82 (0x002a18f3) csrrw   a7, frm, s4
core   0: 1 0x0000000080004f82 (0x002a18f3) x17 0x0000000000000000 c2_frm 0x0000000000000001
core   0: 0x0000000080004f86 (0xb48b8213) addi    tp, s7, -1208
core   0: 1 0x0000000080004f86 (0xb48b8213) x4  0x0000000000007b47
core   0: 0x0000000080004f8a (0xb022a2f3) csrrs   t0, minstret, t0
core   0: exception trap_illegal_instruction, epc 0x0000000080004f8a
core   0:           tval 0x00000000b022a2f3
core   0: >>>>  $xrv64i2p1_m2p0_a2p1_f2p2_d2p2_zicsr2p0_zifencei2p0_zmmul1p0_zba1p0_zbb1p0_zbc1p0_zbs1p0
core   0: 0x0000000080004000 (0x0080006f) j       pc + 0x8
core   0: 3 0x0000000080004000 (0x0080006f)
core   0: >>>>  mmode_exception_handler
core   0: 0x0000000080004008 (0x00002c17) auipc   s8, 0x2
core   0: 3 0x0000000080004008 (0x00002c17) x24 0x0000000080006008
core   0: 0x000000008000400c (0x062c0c13) addi    s8, s8, 98
core   0: 3 0x000000008000400c (0x062c0c13) x24 0x000000008000606a
core   0: 0x0000000080004010 (0x000c00e7) jalr    s8
core   0: 3 0x0000000080004010 (0x000c00e7) x1  0x0000000080004014
core   0: >>>>  any_handler
core   0: 0x000000008000606a (0x341027f3) csrrs   a5, mepc, zero
core   0: 3 0x000000008000606a (0x341027f3) x15 0x0000000080004f8a
core   0: 0x000000008000606e (0x34202773) csrrs   a4, mcause, zero
core   0: 3 0x000000008000606e (0x34202773) x14 0x0000000000000002
core   0: 0x0000000080006072 (0x142026f3) csrrs   a3, scause, zero
core   0: 3 0x0000000080006072 (0x142026f3) x13 0x0000000000000000
core   0: 0x0000000080006076 (0x30402673) csrrs   a2, mie, zero
core   0: 3 0x0000000080006076 (0x30402673) x12 0x0000000000000a00
core   0: 0x000000008000607a (0x344025f3) csrrs   a1, mip, zero
core   0: 3 0x000000008000607a (0x344025f3) x11 0x0000000000000080
core   0: 0x000000008000607e (0x343025f3) csrrs   a1, mtval, zero
core   0: 3 0x000000008000607e (0x343025f3) x11 0x00000000b022a2f3
core   0: 0x0000000080006082 (0x14302573) csrrs   a0, stval, zero
core   0: 3 0x0000000080006082 (0x14302573) x10 0x0000000000000001
core   0: 0x0000000080006086 (0xb02024f3) csrrs   s1, minstret, zero
core   0: 3 0x0000000080006086 (0xb02024f3) x9  0x0000000000000cd7
core   0: 0x000000008000608a (0x0000a811) c.j     pc + 20
core   0: 3 0x000000008000608a (0xa811)
core   0: >>>>  mepc_4
core   0: 0x000000008000609e (0x00000791) c.addi  a5, 4
core   0: 3 0x000000008000609e (0x0791) x15 0x0000000080004f8e
core   0: 0x00000000800060a0 (0x34179073) csrrw   zero, mepc, a5
core   0: 3 0x00000000800060a0 (0x34179073) c833_mepc 0x0000000080004f8e
core   0: 0x00000000800060a4 (0x30200073) mret
core   0: 3 0x00000000800060a4 (0x30200073) c768_mstatus 0x8000000a00106080
core   0: 0x0000000080004f8e (0x03c2623b) remw    tp, tp, t3
core   0: 1 0x0000000080004f8e (0x03c2623b) x4  0x0000000000007b47
core   0: 0x0000000080004f92 (0x01759bbb) sllw    s7, a1, s7
core   0: 1 0x0000000080004f92 (0x01759bbb) x23 0xffffffff80000000
core   0: 0x0000000080004f96 (0xc024f5d3) fcvt.l.s a1, fs1
core   0: 1 0x0000000080004f96 (0xc024f5d3) c1_fflags 0x000000000000001f x11 0x7fffffffffffffff
core   0: 0x0000000080004f9a (0x2bff99d3) fmax.d  fs3, ft11, ft11
core   0: 1 0x0000000080004f9a (0x2bff99d3) f19 0x7ff8000000000000
core   0: 0x0000000080004f9e (0x0364d8b3) divu    a7, s1, s6
core   0: 1 0x0000000080004f9e (0x0364d8b3) x17 0x0000000000000000
core   0: 0x0000000080004fa2 (0x742d029b) addiw   t0, s10, 1858
core   0: 1 0x0000000080004fa2 (0x742d029b) x5  0x000000007fffbe14
core   0: 0x0000000080004fa6 (0xc20df053) fcvt.w.d zero, fs11
core   0: 1 0x0000000080004fa6 (0xc20df053)
core   0: 0x0000000080004faa (0x001d1e93) slli    t4, s10, 1
core   0: 1 0x0000000080004faa (0x001d1e93) x29 0xfffffffeffff6da4
core   0: 0x0000000080004fae (0x7ffd0b9b) addiw   s7, s10, 2047
core   0: 1 0x0000000080004fae (0x7ffd0b9b) x23 0x000000007fffbed1
core   0: 0x0000000080004fb2 (0x024e8abb) mulw    s5, t4, tp
core   0: 1 0x0000000080004fb2 (0x024e8abb) x21 0xffffffffb985347c
core   0: 0x0000000080004fb6 (0xd0227553) fcvt.s.l fa0, tp
core   0: 1 0x0000000080004fb6 (0xd0227553) f10 0xffffffff46f68e00
core   0: 0x0000000080004fba (0xc2057453) fcvt.w.d s0, fa0
core   0: 1 0x0000000080004fba (0xc2057453) c1_fflags 0x000000000000001f x8  0x000000007fffffff
core   0: 0x0000000080004fbe (0x01523037) lui     zero, 0x1523
core   0: 1 0x0000000080004fbe (0x01523037)
core   0: 0x0000000080004fc2 (0xbe10001b) addiw   zero, zero, -1055
core   0: 1 0x0000000080004fc2 (0xbe10001b)
core   0: 0x0000000080004fc6 (0x00e01013) slli    zero, zero, 14
core   0: 1 0x0000000080004fc6 (0x00e01013)
core   0: 0x0000000080004fca (0x7c200013) li      zero, 1986
core   0: 1 0x0000000080004fca (0x7c200013)
core   0: 0x0000000080004fce (0x0318513b) divuw   sp, a6, a7
core   0: 1 0x0000000080004fce (0x0318513b) x2  0xffffffffffffffff
core   0: 0x0000000080004fd2 (0x0358e13b) remw    sp, a7, s5
core   0: 1 0x0000000080004fd2 (0x0358e13b) x2  0x0000000000000000
core   0: 0x0000000080004fd6 (0x02931393) slli    t2, t1, 41
core   0: 1 0x0000000080004fd6 (0x02931393) x7  0x0000000000000000
core   0: 0x0000000080004fda (0x4046de9b) sraiw   t4, a3, 4
core   0: 1 0x0000000080004fda (0x4046de9b) x29 0x0000000000000000
core   0: 0x0000000080004fde (0x406781bb) subw    gp, a5, t1
core   0: 1 0x0000000080004fde (0x406781bb) x3  0xffffffff80004f8e
core   0: 0x0000000080004fe2 (0xd2b771cf) fnmadd.d ft3, fa4, fa1, fs10
core   0: 1 0x0000000080004fe2 (0xd2b771cf) f3  0x7ff8000000000000
core   0: 0x0000000080004fe6 (0xd0337253) fcvt.s.lu ft4, t1
core   0: 1 0x0000000080004fe6 (0xd0337253) f4  0xffffffff00000000
core   0: 0x0000000080004fea (0x001e93f3) csrrw   t2, fflags, t4
core   0: 1 0x0000000080004fea (0x001e93f3) x7  0x000000000000001f c1_fflags 0x0000000000000000
core   0: 0x0000000080004fee (0x02736abb) remw    s5, t1, t2
core   0: 1 0x0000000080004fee (0x02736abb) x21 0x0000000000000000
core   0: 0x0000000080004ff2 (0x0097e633) or      a2, a5, s1
core   0: 1 0x0000000080004ff2 (0x0097e633) x12 0x0000000080004fdf
core   0: 0x0000000080004ff6 (0x019769b3) or      s3, a4, s9
core   0: 1 0x0000000080004ff6 (0x019769b3) x19 0x000000014015e723
core   0: 0x0000000080004ffa (0x1ae1fa53) fdiv.d  fs4, ft3, fa4
core   0: 1 0x0000000080004ffa (0x1ae1fa53) f20 0x7ff8000000000000
core   0: 0x0000000080004ffe (0x006982bb) addw    t0, s3, t1
core   0: 1 0x0000000080004ffe (0x006982bb) x5  0x000000004015e723
core   0: 0x0000000080005002 (0x011ee3b3) or      t2, t4, a7
core   0: 1 0x0000000080005002 (0x011ee3b3) x7  0x0000000000000000
core   0: 0x0000000080005006 (0x0233d1bb) divuw   gp, t2, gp
core   0: 1 0x0000000080005006 (0x0233d1bb) x3  0x0000000000000000
core   0: 0x000000008000500a (0x0031a5b3) slt     a1, gp, gp
core   0: 1 0x000000008000500a (0x0031a5b3) x11 0x0000000000000000
core   0: 0x000000008000500e (0x4140dc3b) sraw    s8, ra, s4
core   0: 1 0x000000008000500e (0x4140dc3b) x24 0xffffffffffc00020
core   0: 0x0000000080005012 (0x41a25033) sra     zero, tp, s10
core   0: 1 0x0000000080005012 (0x41a25033)
core   0: 0x0000000080005016 (0xd2168553) fcvt.d.wu fa0, a3
core   0: 1 0x0000000080005016 (0xd2168553) f10 0x0000000000000000
core   0: 0x000000008000501a (0x402b8abb) subw    s5, s7, sp
core   0: 1 0x000000008000501a (0x402b8abb) x21 0x000000007fffbed1
core   0: 0x000000008000501e (0x00b2d4b3) srl     s1, t0, a1
core   0: 1 0x000000008000501e (0x00b2d4b3) x9  0x000000004015e723
core   0: 0x0000000080005022 (0x00e5dc13) srli    s8, a1, 14
core   0: 1 0x0000000080005022 (0x00e5dc13) x24 0x0000000000000000
core   0: 0x0000000080005026 (0xd22c7753) fcvt.d.l fa4, s8
core   0: 1 0x0000000080005026 (0xd22c7753) f14 0x0000000000000000
core   0: 0x000000008000502a (0x62e67443) fmadd.d fs0, fa2, fa4, fa2
core   0: 1 0x000000008000502a (0x62e67443) f8  0x7ff8000000000000
core   0: 0x000000008000502e (0xbe101d97) auipc   s11, 0xbe101
core   0: 1 0x000000008000502e (0xbe101d97) x27 0x000000003e10602e
core   0: 0x0000000080005032 (0x2a8117d3) fmax.d  fa5, ft2, fs0
core   0: 1 0x0000000080005032 (0x2a8117d3) f15 0x3ff0000000000000
core   0: 0x0000000080005036 (0x0186a6b3) slt     a3, a3, s8
core   0: 1 0x0000000080005036 (0x0186a6b3) x13 0x0000000000000000
core   0: 0x000000008000503a (0xda8476c3) fmadd.d fa3, fs0, fs0, fs11
core   0: 1 0x000000008000503a (0xda8476c3) f13 0x7ff8000000000000
core   0: 0x000000008000503e (0x039c7cbb) remuw   s9, s8, s9
core   0: 1 0x000000008000503e (0x039c7cbb) x25 0x0000000000000000
core   0: 0x0000000080005042 (0x3030de73) csrrwi  t3, mideleg, 1
core   0: exception trap_illegal_instruction, epc 0x0000000080005042
core   0:           tval 0x000000003030de73
core   0: >>>>  $xrv64i2p1_m2p0_a2p1_f2p2_d2p2_zicsr2p0_zifencei2p0_zmmul1p0_zba1p0_zbb1p0_zbc1p0_zbs1p0
core   0: 0x0000000080004000 (0x0080006f) j       pc + 0x8
core   0: 3 0x0000000080004000 (0x0080006f)
core   0: >>>>  mmode_exception_handler
core   0: 0x0000000080004008 (0x00002c17) auipc   s8, 0x2
core   0: 3 0x0000000080004008 (0x00002c17) x24 0x0000000080006008
core   0: 0x000000008000400c (0x062c0c13) addi    s8, s8, 98
core   0: 3 0x000000008000400c (0x062c0c13) x24 0x000000008000606a
core   0: 0x0000000080004010 (0x000c00e7) jalr    s8
core   0: 3 0x0000000080004010 (0x000c00e7) x1  0x0000000080004014
core   0: >>>>  any_handler
core   0: 0x000000008000606a (0x341027f3) csrrs   a5, mepc, zero
core   0: 3 0x000000008000606a (0x341027f3) x15 0x0000000080005042
core   0: 0x000000008000606e (0x34202773) csrrs   a4, mcause, zero
core   0: 3 0x000000008000606e (0x34202773) x14 0x0000000000000002
core   0: 0x0000000080006072 (0x142026f3) csrrs   a3, scause, zero
core   0: 3 0x0000000080006072 (0x142026f3) x13 0x0000000000000000
core   0: 0x0000000080006076 (0x30402673) csrrs   a2, mie, zero
core   0: 3 0x0000000080006076 (0x30402673) x12 0x0000000000000a00
core   0: 0x000000008000607a (0x344025f3) csrrs   a1, mip, zero
core   0: 3 0x000000008000607a (0x344025f3) x11 0x0000000000000080
core   0: 0x000000008000607e (0x343025f3) csrrs   a1, mtval, zero
core   0: 3 0x000000008000607e (0x343025f3) x11 0x000000003030de73
core   0: 0x0000000080006082 (0x14302573) csrrs   a0, stval, zero
core   0: 3 0x0000000080006082 (0x14302573) x10 0x0000000000000001
core   0: 0x0000000080006086 (0xb02024f3) csrrs   s1, minstret, zero
core   0: 3 0x0000000080006086 (0xb02024f3) x9  0x0000000000000d14
core   0: 0x000000008000608a (0x0000a811) c.j     pc + 20
core   0: 3 0x000000008000608a (0xa811)
core   0: >>>>  mepc_4
core   0: 0x000000008000609e (0x00000791) c.addi  a5, 4
core   0: 3 0x000000008000609e (0x0791) x15 0x0000000080005046
core   0: 0x00000000800060a0 (0x34179073) csrrw   zero, mepc, a5
core   0: 3 0x00000000800060a0 (0x34179073) c833_mepc 0x0000000080005046
core   0: 0x00000000800060a4 (0x30200073) mret
core   0: 3 0x00000000800060a4 (0x30200073) c768_mstatus 0x8000000a00106080
core   0: 0x0000000080005046 (0x0199d9bb) srlw    s3, s3, s9
core   0: 1 0x0000000080005046 (0x0199d9bb) x19 0x000000004015e723
core   0: 0x000000008000504a (0xaa408093) addi    ra, ra, -1372
core   0: 1 0x000000008000504a (0xaa408093) x1  0x0000000080003ab8
core   0: 0x000000008000504e (0x0360ceb3) div     t4, ra, s6
core   0: 1 0x000000008000504e (0x0360ceb3) x29 0xfffffffffffffffe
core   0: 0x0000000080005052 (0xc23efa53) fcvt.lu.d s4, ft9
core   0: 1 0x0000000080005052 (0xc23efa53) c1_fflags 0x0000000000000010 x20 0xffffffffffffffff
core   0: 0x0000000080005056 (0x001d9173) csrrw   sp, fflags, s11
core   0: 1 0x0000000080005056 (0x001d9173) x2  0x0000000000000010 c1_fflags 0x000000000000000e
core   0: 0x000000008000505a (0xd2217753) fcvt.d.l fa4, sp
core   0: 1 0x000000008000505a (0xd2217753) f14 0x4030000000000000
core   0: 0x000000008000505e (0xd5d17613) andi    a2, sp, -675
core   0: 1 0x000000008000505e (0xd5d17613) x12 0x0000000000000010
core   0: 0x0000000080005062 (0x01309293) slli    t0, ra, 19
core   0: 1 0x0000000080005062 (0x01309293) x5  0x00040001d5c00000
core   0: 0x0000000080005066 (0x022b03bb) mulw    t2, s6, sp
core   0: 1 0x0000000080005066 (0x022b03bb) x7  0x000000000159df30
core   0: 0x000000008000506a (0x01631893) slli    a7, t1, 22
core   0: 1 0x000000008000506a (0x01631893) x17 0x0000000000000000
core   0: 0x000000008000506e (0x003891b3) sll     gp, a7, gp
core   0: 1 0x000000008000506e (0x003891b3) x3  0x0000000000000000
core   0: 0x0000000080005072 (0x00202e73) csrrs   t3, frm, zero
core   0: 1 0x0000000080005072 (0x00202e73) x28 0x0000000000000001
core   0: 0x0000000080005076 (0x1aecfcd3) fdiv.d  fs9, fs9, fa4
core   0: 1 0x0000000080005076 (0x1aecfcd3) f25 0x3fb0000000000000
core   0: 0x000000008000507a (0xfb977317) auipc   t1, 0xfb977
core   0: 1 0x000000008000507a (0xfb977317) x6  0x000000007b97c07a
core   0: 0x000000008000507e (0x10536b73) csrrsi  s6, stvec, 6
core   0: 1 0x000000008000507e (0x10536b73) x22 0x0000000000000000 c261_stvec 0x0000000000000004
core   0: 0x0000000080005082 (0x00000001) c.nop
core   0: 1 0x0000000080005082 (0x0001)
core   0: 0x0000000080005084 (0x001a4213) xori    tp, s4, 1
core   0: 1 0x0000000080005084 (0x001a4213) x4  0xfffffffffffffffe
core   0: 0x0000000080005088 (0xc20dfdd3) fcvt.w.d s11, fs11
core   0: 1 0x0000000080005088 (0xc20dfdd3) x27 0x0000000000000000
core   0: 0x000000008000508c (0xfca82537) lui     a0, 0xfca82
core   0: 1 0x000000008000508c (0xfca82537) x10 0xfffffffffca82000
core   0: 0x0000000080005090 (0x38f5051b) addiw   a0, a0, 911
core   0: 1 0x0000000080005090 (0x38f5051b) x10 0xfffffffffca8238f
core   0: 0x0000000080005094 (0x00000532) c.slli  a0, 12
core   0: 1 0x0000000080005094 (0x0532) x10 0xffffffca8238f000
core   0: 0x0000000080005096 (0xcac50513) addi    a0, a0, -852
core   0: 1 0x0000000080005096 (0xcac50513) x10 0xffffffca8238ecac
core   0: 0x000000008000509a (0x00000001) c.nop
core   0: 1 0x000000008000509a (0x0001)
core   0: 0x000000008000509c (0x8c60809b) addiw   ra, ra, -1850
core   0: 1 0x000000008000509c (0x8c60809b) x1  0xffffffff8000337e
core   0: 0x00000000800050a0 (0xeb0af7c7) fmsub.d fa5, fs5, fa6, ft9
core   0: 1 0x00000000800050a0 (0xeb0af7c7) f15 0x7ff8000000000000
core   0: 0x00000000800050a4 (0x00000001) c.nop
core   0: 1 0x00000000800050a4 (0x0001)
core   0: 0x00000000800050a6 (0x017ca733) slt     a4, s9, s7
core   0: 1 0x00000000800050a6 (0x017ca733) x14 0x0000000000000001
core   0: 0x00000000800050aa (0x3204a4f3) csrrs   s1, mcountinhibit, s1
core   0: exception trap_illegal_instruction, epc 0x00000000800050aa
core   0:           tval 0x000000003204a4f3
core   0: >>>>  $xrv64i2p1_m2p0_a2p1_f2p2_d2p2_zicsr2p0_zifencei2p0_zmmul1p0_zba1p0_zbb1p0_zbc1p0_zbs1p0
core   0: 0x0000000080004000 (0x0080006f) j       pc + 0x8
core   0: 3 0x0000000080004000 (0x0080006f)
core   0: >>>>  mmode_exception_handler
core   0: 0x0000000080004008 (0x00002c17) auipc   s8, 0x2
core   0: 3 0x0000000080004008 (0x00002c17) x24 0x0000000080006008
core   0: 0x000000008000400c (0x062c0c13) addi    s8, s8, 98
core   0: 3 0x000000008000400c (0x062c0c13) x24 0x000000008000606a
core   0: 0x0000000080004010 (0x000c00e7) jalr    s8
core   0: 3 0x0000000080004010 (0x000c00e7) x1  0x0000000080004014
core   0: >>>>  any_handler
core   0: 0x000000008000606a (0x341027f3) csrrs   a5, mepc, zero
core   0: 3 0x000000008000606a (0x341027f3) x15 0x00000000800050aa
core   0: 0x000000008000606e (0x34202773) csrrs   a4, mcause, zero
core   0: 3 0x000000008000606e (0x34202773) x14 0x0000000000000002
core   0: 0x0000000080006072 (0x142026f3) csrrs   a3, scause, zero
core   0: 3 0x0000000080006072 (0x142026f3) x13 0x0000000000000000
core   0: 0x0000000080006076 (0x30402673) csrrs   a2, mie, zero
core   0: 3 0x0000000080006076 (0x30402673) x12 0x0000000000000a00
core   0: 0x000000008000607a (0x344025f3) csrrs   a1, mip, zero
core   0: 3 0x000000008000607a (0x344025f3) x11 0x0000000000000080
core   0: 0x000000008000607e (0x343025f3) csrrs   a1, mtval, zero
core   0: 3 0x000000008000607e (0x343025f3) x11 0x000000003204a4f3
core   0: 0x0000000080006082 (0x14302573) csrrs   a0, stval, zero
core   0: 3 0x0000000080006082 (0x14302573) x10 0x0000000000000001
core   0: 0x0000000080006086 (0xb02024f3) csrrs   s1, minstret, zero
core   0: 3 0x0000000080006086 (0xb02024f3) x9  0x0000000000000d3f
core   0: 0x000000008000608a (0x0000a811) c.j     pc + 20
core   0: 3 0x000000008000608a (0xa811)
core   0: >>>>  mepc_4
core   0: 0x000000008000609e (0x00000791) c.addi  a5, 4
core   0: 3 0x000000008000609e (0x0791) x15 0x00000000800050ae
core   0: 0x00000000800060a0 (0x34179073) csrrw   zero, mepc, a5
core   0: 3 0x00000000800060a0 (0x34179073) c833_mepc 0x00000000800050ae
core   0: 0x00000000800060a4 (0x30200073) mret
core   0: 3 0x00000000800060a4 (0x30200073) c768_mstatus 0x8000000a00106080
core   0: 0x00000000800050ae (0x02d57ebb) remuw   t4, a0, a3
core   0: 1 0x00000000800050ae (0x02d57ebb) x29 0x0000000000000001
core   0: 0x00000000800050b2 (0xc027f953) fcvt.l.s s2, fa5
core   0: 1 0x00000000800050b2 (0xc027f953) c1_fflags 0x000000000000001e x18 0x7fffffffffffffff
core   0: 0x00000000800050b6 (0x003609bb) addw    s3, a2, gp
core   0: 1 0x00000000800050b6 (0x003609bb) x19 0x0000000000000a00
core   0: 0x00000000800050ba (0x01ba523b) srlw    tp, s4, s11
core   0: 1 0x00000000800050ba (0x01ba523b) x4  0xffffffffffffffff
core   0: 0x00000000800050be (0x0172c333) xor     t1, t0, s7
core   0: 1 0x00000000800050be (0x0172c333) x6  0x00040001aa3fbed1
core   0: 0x00000000800050c2 (0x2b39fdcf) fnmadd.d fs11, fs3, fs3, ft5
core   0: 1 0x00000000800050c2 (0x2b39fdcf) f27 0x7ff8000000000000
core   0: 0x00000000800050c6 (0x401d5bbb) sraw    s7, s10, ra
core   0: 1 0x00000000800050c6 (0x401d5bbb) x23 0x00000000000007ff
core   0: 0x00000000800050ca (0xd20700d3) fcvt.d.w ft1, a4
core   0: 1 0x00000000800050ca (0xd20700d3) f1  0x4000000000000000
core   0: 0x00000000800050ce (0x03c86b33) rem     s6, a6, t3
core   0: 1 0x00000000800050ce (0x03c86b33) x22 0x0000000000000000
core   0: 0x00000000800050d2 (0x01d75433) srl     s0, a4, t4
core   0: 1 0x00000000800050d2 (0x01d75433) x8  0x0000000000000001
core   0: 0x00000000800050d6 (0x83942193) slti    gp, s0, -1991
core   0: 1 0x00000000800050d6 (0x83942193) x3  0x0000000000000000
core   0: 0x00000000800050da (0x00bee833) or      a6, t4, a1
core   0: 1 0x00000000800050da (0x00bee833) x16 0x000000003204a4f3
core   0: 0x00000000800050de (0x02788a33) mul     s4, a7, t2
core   0: 1 0x00000000800050de (0x02788a33) x20 0x0000000000000000
core   0: 0x00000000800050e2 (0x00000001) c.nop
core   0: 1 0x00000000800050e2 (0x0001)
core   0: 0x00000000800050e4 (0x00000001) c.nop
core   0: 1 0x00000000800050e4 (0x0001)
core   0: 0x00000000800050e6 (0x01647937) lui     s2, 0x1647
core   0: 1 0x00000000800050e6 (0x01647937) x18 0x0000000001647000
core   0: 0x00000000800050ea (0xbc79091b) addiw   s2, s2, -1081
core   0: 1 0x00000000800050ea (0xbc79091b) x18 0x0000000001646bc7
core   0: 0x00000000800050ee (0x0000093a) c.slli  s2, 14
core   0: 1 0x00000000800050ee (0x093a) x18 0x000000591af1c000
core   0: 0x00000000800050f0 (0xe7c90913) addi    s2, s2, -388
core   0: 1 0x00000000800050f0 (0xe7c90913) x18 0x000000591af1be7c
core   0: 0x00000000800050f4 (0x0295bc33) mulhu   s8, a1, s1
core   0: 1 0x00000000800050f4 (0x0295bc33) x24 0x0000000000000000
core   0: 0x00000000800050f8 (0x0047863b) addw    a2, a5, tp
core   0: 1 0x00000000800050f8 (0x0047863b) x12 0xffffffff800050ad
core   0: 0x00000000800050fc (0xe2000dd3) fmv.x.d s11, ft0
core   0: 1 0x00000000800050fc (0xe2000dd3) x27 0xffffffff4543b000
core   0: 0x0000000080005100 (0x019dd913) srli    s2, s11, 25
core   0: 1 0x0000000080005100 (0x019dd913) x18 0x0000007fffffffa2
core   0: 0x0000000080005104 (0x01b91abb) sllw    s5, s2, s11
core   0: 1 0x0000000080005104 (0x01b91abb) x21 0xffffffffffffffa2
core   0: 0x0000000080005108 (0x00000001) c.nop
core   0: 1 0x0000000080005108 (0x0001)
core   0: 0x000000008000510a (0xd03979d3) fcvt.s.lu fs3, s2
core   0: 1 0x000000008000510a (0xd03979d3) c1_fflags 0x000000000000001f f19 0xffffffff52ffffff
core   0: 0x000000008000510e (0xd03bf2d3) fcvt.s.lu ft5, s7
core   0: 1 0x000000008000510e (0xd03bf2d3) f5  0xffffffff44ffe000
core   0: 0x0000000080005112 (0x02457233) remu    tp, a0, tp
core   0: 1 0x0000000080005112 (0x02457233) x4  0x0000000000000001
core   0: 0x0000000080005116 (0x03a1a2b3) mulhsu  t0, gp, s10
core   0: 1 0x0000000080005116 (0x03a1a2b3) x5  0x0000000000000000
core   0: 0x000000008000511a (0x026a5b93) srli    s7, s4, 38
core   0: 1 0x000000008000511a (0x026a5b93) x23 0x0000000000000000
core   0: 0x000000008000511e (0x005a0abb) addw    s5, s4, t0
core   0: 1 0x000000008000511e (0x005a0abb) x21 0x0000000000000000
core   0: 0x0000000080005122 (0x23378ad3) fsgnj.d fs5, fa5, fs3
core   0: 1 0x0000000080005122 (0x23378ad3) f21 0xfff8000000000000
core   0: 0x0000000080005126 (0xc034f853) fcvt.lu.s a6, fs1
core   0: 1 0x0000000080005126 (0xc034f853) c1_fflags 0x000000000000001f x16 0xffffffffffffffff
core   0: 0x000000008000512a (0x0198ecb3) or      s9, a7, s9
core   0: 1 0x000000008000512a (0x0198ecb3) x25 0x0000000000000000
core   0: 0x000000008000512e (0x2bc28053) fmin.d  ft0, ft5, ft8
core   0: 1 0x000000008000512e (0x2bc28053) f0  0x7ff8000000000000
core   0: 0x0000000080005132 (0x00202273) csrrs   tp, frm, zero
core   0: 1 0x0000000080005132 (0x00202273) x4  0x0000000000000001
core   0: 0x0000000080005136 (0x0081143b) sllw    s0, sp, s0
core   0: 1 0x0000000080005136 (0x0081143b) x8  0x0000000000000020
core   0: 0x000000008000513a (0xc21bf753) fcvt.wu.d a4, fs7
core   0: 1 0x000000008000513a (0xc21bf753) c1_fflags 0x000000000000001f x14 0xffffffffffffffff
core   0: 0x000000008000513e (0x400b521b) sraiw   tp, s6, 0
core   0: 1 0x000000008000513e (0x400b521b) x4  0x0000000000000000
core   0: 0x0000000080005142 (0xd21e8bd3) fcvt.d.wu fs7, t4
core   0: 1 0x0000000080005142 (0xd21e8bd3) f23 0x3ff0000000000000
core   0: 0x0000000080005146 (0x40e70e33) sub     t3, a4, a4
core   0: 1 0x0000000080005146 (0x40e70e33) x28 0x0000000000000000
core   0: 0x000000008000514a (0x0392053b) mulw    a0, tp, s9
core   0: 1 0x000000008000514a (0x0392053b) x10 0x0000000000000000
core   0: 0x000000008000514e (0x00ea41b3) xor     gp, s4, a4
core   0: 1 0x000000008000514e (0x00ea41b3) x3  0xffffffffffffffff
core   0: 0x0000000080005152 (0x7cd74213) xori    tp, a4, 1997
core   0: 1 0x0000000080005152 (0x7cd74213) x4  0xfffffffffffff832
core   0: 0x0000000080005156 (0xd02c76d3) fcvt.s.l fa3, s8
core   0: 1 0x0000000080005156 (0xd02c76d3) f13 0xffffffff00000000
core   0: 0x000000008000515a (0x9815c093) xori    ra, a1, -1663
core   0: 1 0x000000008000515a (0x9815c093) x1  0xffffffffcdfb5d72
core   0: 0x000000008000515e (0xbb39f9cb) fnmsub.d fs3, fs3, fs3, fs7
core   0: 1 0x000000008000515e (0xbb39f9cb) f19 0x7ff8000000000000
core   0: 0x0000000080005162 (0x22870353) fsgnj.d ft6, fa4, fs0
core   0: 1 0x0000000080005162 (0x22870353) f6  0x4030000000000000
core   0: 0x0000000080005166 (0x002028f3) csrrs   a7, frm, zero
core   0: 1 0x0000000080005166 (0x002028f3) x17 0x0000000000000001
core   0: 0x000000008000516a (0xc06f8417) auipc   s0, 0xc06f8
core   0: 1 0x000000008000516a (0xc06f8417) x8  0x00000000406fd16a
core   0: 0x000000008000516e (0x1284f153) fmul.d  ft2, fs1, fs0
core   0: 1 0x000000008000516e (0x1284f153) f2  0x7ff8000000000000
core   0: 0x0000000080005172 (0x002115f3) csrrw   a1, frm, sp
core   0: 1 0x0000000080005172 (0x002115f3) x11 0x0000000000000001 c2_frm 0x0000000000000000
core   0: 0x0000000080005176 (0x00751913) slli    s2, a0, 7
core   0: 1 0x0000000080005176 (0x00751913) x18 0x0000000000000000
core   0: 0x000000008000517a (0xd03d7bd3) fcvt.s.lu fs7, s10
core   0: 1 0x000000008000517a (0xd03d7bd3) c1_fflags 0x000000000000001f f23 0xffffffff5f800000
core   0: 0x000000008000517e (0x010947b3) xor     a5, s2, a6
core   0: 1 0x000000008000517e (0x010947b3) x15 0xffffffffffffffff
core   0: 0x0000000080005182 (0x003c1a33) sll     s4, s8, gp
core   0: 1 0x0000000080005182 (0x003c1a33) x20 0x0000000000000000
core   0: 0x0000000080005186 (0x00e1d0bb) srlw    ra, gp, a4
core   0: 1 0x0000000080005186 (0x00e1d0bb) x1  0x0000000000000001
core   0: 0x000000008000518a (0xc0277e53) fcvt.l.s t3, fa4
core   0: 1 0x000000008000518a (0xc0277e53) c1_fflags 0x000000000000001f x28 0x7fffffffffffffff
core   0: 0x000000008000518e (0x40765a1b) sraiw   s4, a2, 7
core   0: 1 0x000000008000518e (0x40765a1b) x20 0xffffffffff0000a1
core   0: 0x0000000080005192 (0x414e84b3) sub     s1, t4, s4
core   0: 1 0x0000000080005192 (0x414e84b3) x9  0x0000000000ffff60
core   0: 0x0000000080005196 (0xaca1c293) xori    t0, gp, -1334
core   0: 1 0x0000000080005196 (0xaca1c293) x5  0x0000000000000535
core   0: 0x000000008000519a (0xc031f1d3) fcvt.lu.s gp, ft3
core   0: 1 0x000000008000519a (0xc031f1d3) c1_fflags 0x000000000000001f x3  0xffffffffffffffff
core   0: 0x000000008000519e (0x000099ae) c.add   s3, a1
core   0: 1 0x000000008000519e (0x99ae) x19 0x0000000000000a01
core   0: 0x00000000800051a0 (0x237198d3) fsgnjn.d fa7, ft3, fs7
core   0: 1 0x00000000800051a0 (0x237198d3) f17 0x7ff8000000000000
core   0: 0x00000000800051a4 (0x0569f313) andi    t1, s3, 86
core   0: 1 0x00000000800051a4 (0x0569f313) x6  0x0000000000000000
core   0: 0x00000000800051a8 (0xc02bf453) fcvt.l.s s0, fs7
core   0: 1 0x00000000800051a8 (0xc02bf453) c1_fflags 0x000000000000001f x8  0x7fffffffffffffff
core   0: 0x00000000800051ac (0x0329febb) remuw   t4, s3, s2
core   0: 1 0x00000000800051ac (0x0329febb) x29 0x0000000000000a01
core   0: 0x00000000800051b0 (0xd2397d53) fcvt.d.lu fs10, s2
core   0: 1 0x00000000800051b0 (0xd2397d53) f26 0x0000000000000000
core   0: 0x00000000800051b4 (0x4007d59b) sraiw   a1, a5, 0
core   0: 1 0x00000000800051b4 (0x4007d59b) x11 0xffffffffffffffff
core   0: 0x00000000800051b8 (0x4175dbbb) sraw    s7, a1, s7
core   0: 1 0x00000000800051b8 (0x4175dbbb) x23 0xffffffffffffffff
core   0: 0x00000000800051bc (0xff2512b7) lui     t0, 0xff251
core   0: 1 0x00000000800051bc (0xff2512b7) x5  0xffffffffff251000
core   0: 0x00000000800051c0 (0x3152829b) addiw   t0, t0, 789
core   0: 1 0x00000000800051c0 (0x3152829b) x5  0xffffffffff251315
core   0: 0x00000000800051c4 (0x000002b6) c.slli  t0, 13
core   0: 1 0x00000000800051c4 (0x02b6) x5  0xffffffe4a262a000
core   0: 0x00000000800051c6 (0x24028293) addi    t0, t0, 576
core   0: 1 0x00000000800051c6 (0x24028293) x5  0xffffffe4a262a240
core   0: 0x00000000800051ca (0xf31a7a43) fmadd.d fs4, fs4, fa7, ft10
core   0: 1 0x00000000800051ca (0xf31a7a43) f20 0x7ff8000000000000
core   0: 0x00000000800051ce (0x5c8a6d13) ori     s10, s4, 1480
core   0: 1 0x00000000800051ce (0x5c8a6d13) x26 0xffffffffff0005e9
core   0: 0x00000000800051d2 (0x41625093) srai    ra, tp, 22
core   0: 1 0x00000000800051d2 (0x41625093) x1  0xffffffffffffffff
core   0: 0x00000000800051d6 (0xc8867c93) andi    s9, a2, -888
core   0: 1 0x00000000800051d6 (0xc8867c93) x25 0xffffffff80005088
core   0: 0x00000000800051da (0x0017c8b3) xor     a7, a5, ra
core   0: 1 0x00000000800051da (0x0017c8b3) x17 0x0000000000000000
core   0: 0x00000000800051de (0xd2297153) fcvt.d.l ft2, s2
core   0: 1 0x00000000800051de (0xd2297153) f2  0x0000000000000000
core   0: 0x00000000800051e2 (0xdab5f5cf) fnmadd.d fa1, fa1, fa1, fs11
core   0: 1 0x00000000800051e2 (0xdab5f5cf) f11 0x7ff8000000000000
core   0: 0x00000000800051e6 (0x00915d13) srli    s10, sp, 9
core   0: 1 0x00000000800051e6 (0x00915d13) x26 0x0000000000000000
core   0: 0x00000000800051ea (0x03155413) srli    s0, a0, 49
core   0: 1 0x00000000800051ea (0x03155413) x8  0x0000000000000000
core   0: 0x00000000800051ee (0x0285733b) remuw   t1, a0, s0
core   0: 1 0x00000000800051ee (0x0285733b) x6  0x0000000000000000
core   0: 0x00000000800051f2 (0x00a696bb) sllw    a3, a3, a0
core   0: 1 0x00000000800051f2 (0x00a696bb) x13 0x0000000000000000
core   0: 0x00000000800051f6 (0xfcb19237) lui     tp, 0xfcb19
core   0: 1 0x00000000800051f6 (0xfcb19237) x4  0xfffffffffcb19000
core   0: 0x00000000800051fa (0x65d2021b) addiw   tp, tp, 1629
core   0: 1 0x00000000800051fa (0x65d2021b) x4  0xfffffffffcb1965d
core   0: 0x00000000800051fe (0x00000236) c.slli  tp, 13
core   0: 1 0x00000000800051fe (0x0236) x4  0xffffff9632cba000
core   0: 0x0000000080005200 (0x6b820213) addi    tp, tp, 1720
core   0: 1 0x0000000080005200 (0x6b820213) x4  0xffffff9632cba6b8
core   0: 0x0000000080005204 (0x405186b3) sub     a3, gp, t0
core   0: 1 0x0000000080005204 (0x405186b3) x13 0x0000001b5d9d5dbf
core   0: 0x0000000080005208 (0x00121873) csrrw   a6, fflags, tp
core   0: 1 0x0000000080005208 (0x00121873) x16 0x000000000000001f c1_fflags 0x0000000000000018
core   0: 0x000000008000520c (0x40195d9b) sraiw   s11, s2, 1
core   0: 1 0x000000008000520c (0x40195d9b) x27 0x0000000000000000
core   0: 0x0000000080005210 (0x01196b33) or      s6, s2, a7
core   0: 1 0x0000000080005210 (0x01196b33) x22 0x0000000000000000
core   0: 0x0000000080005214 (0x5a077ed3) fsqrt.d ft9, fa4
core   0: 1 0x0000000080005214 (0x5a077ed3) f29 0x4010000000000000
core   0: 0x0000000080005218 (0x01ceee33) or      t3, t4, t3
core   0: 1 0x0000000080005218 (0x01ceee33) x28 0x7fffffffffffffff
core   0: 0x000000008000521c (0x00aa5833) srl     a6, s4, a0
core   0: 1 0x000000008000521c (0x00aa5833) x16 0xffffffffff0000a1
core   0: 0x0000000080005220 (0xd21c0d53) fcvt.d.wu fs10, s8
core   0: 1 0x0000000080005220 (0xd21c0d53) f26 0x0000000000000000
core   0: 0x0000000080005224 (0x00e558bb) srlw    a7, a0, a4
core   0: 1 0x0000000080005224 (0x00e558bb) x17 0x0000000000000000
core   0: 0x0000000080005228 (0x4018d913) srai    s2, a7, 1
core   0: 1 0x0000000080005228 (0x4018d913) x18 0x0000000000000000
core   0: 0x000000008000522c (0x02e97233) remu    tp, s2, a4
core   0: 1 0x000000008000522c (0x02e97233) x4  0x0000000000000000
core   0: 0x0000000080005230 (0x03bcf53b) remuw   a0, s9, s11
core   0: 1 0x0000000080005230 (0x03bcf53b) x10 0xffffffff80005088
core   0: 0x0000000080005234 (0x0319b9b3) mulhu   s3, s3, a7
core   0: 1 0x0000000080005234 (0x0319b9b3) x19 0x0000000000000000
core   0: 0x0000000080005238 (0x02d96bb3) rem     s7, s2, a3
core   0: 1 0x0000000080005238 (0x02d96bb3) x23 0x0000000000000000
core   0: 0x000000008000523c (0xf2088b53) fmv.d.x fs6, a7
core   0: 1 0x000000008000523c (0xf2088b53) f22 0x0000000000000000
core   0: 0x0000000080005240 (0x4082589b) sraiw   a7, tp, 8
core   0: 1 0x0000000080005240 (0x4082589b) x17 0x0000000000000000
core   0: 0x0000000080005244 (0x035ac0b3) div     ra, s5, s5
core   0: 1 0x0000000080005244 (0x035ac0b3) x1  0xffffffffffffffff
core   0: 0x0000000080005248 (0x00051a93) slli    s5, a0, 0
core   0: 1 0x0000000080005248 (0x00051a93) x21 0xffffffff80005088
core   0: 0x000000008000524c (0x40075d93) srai    s11, a4, 0
core   0: 1 0x000000008000524c (0x40075d93) x27 0xffffffffffffffff
core   0: 0x0000000080005250 (0x00bb543b) srlw    s0, s6, a1
core   0: 1 0x0000000080005250 (0x00bb543b) x8  0x0000000000000000
core   0: 0x0000000080005254 (0x41e5d51b) sraiw   a0, a1, 30
core   0: 1 0x0000000080005254 (0x41e5d51b) x10 0xffffffffffffffff
core   0: 0x0000000080005258 (0x0003509b) srliw   ra, t1, 0
core   0: 1 0x0000000080005258 (0x0003509b) x1  0x0000000000000000
core   0: 0x000000008000525c (0x227f94d3) fsgnjn.d fs1, ft11, ft7
core   0: 1 0x000000008000525c (0x227f94d3) f9  0xfff8000000000000
core   0: 0x0000000080005260 (0x120df0d3) fmul.d  ft1, fs11, ft0
core   0: 1 0x0000000080005260 (0x120df0d3) f1  0x7ff8000000000000
core   0: 0x0000000080005264 (0x0004071b) sext.w  a4, s0
core   0: 1 0x0000000080005264 (0x0004071b) x14 0x0000000000000000
core   0: 0x0000000080005268 (0x02529813) slli    a6, t0, 37
core   0: 1 0x0000000080005268 (0x02529813) x16 0x4c54480000000000
core   0: 0x000000008000526c (0x0002581b) srliw   a6, tp, 0
core   0: 1 0x000000008000526c (0x0002581b) x16 0x0000000000000000
core   0: 0x0000000080005270 (0x420687d3) fcvt.d.s fa5, fa3
core   0: 1 0x0000000080005270 (0x420687d3) f15 0x0000000000000000
core   0: 0x0000000080005274 (0x4024d49b) sraiw   s1, s1, 2
core   0: 1 0x0000000080005274 (0x4024d49b) x9  0x00000000003fffd8
core   0: 0x0000000080005278 (0x2273a953) fsgnjx.d fs2, ft7, ft7
core   0: 1 0x0000000080005278 (0x2273a953) f18 0x7ff8000000000000
core   0: 0x000000008000527c (0xb1980c1b) addiw   s8, a6, -1255
core   0: 1 0x000000008000527c (0xb1980c1b) x24 0xfffffffffffffb19
core   0: 0x0000000080005280 (0x018c00bb) addw    ra, s8, s8
core   0: 1 0x0000000080005280 (0x018c00bb) x1  0xfffffffffffff632
core   0: 0x0000000080005284 (0x0013f433) and     s0, t2, ra
core   0: 1 0x0000000080005284 (0x0013f433) x8  0x000000000159d630
core   0: 0x0000000080005288 (0x5a0ff2d3) fsqrt.d ft5, ft11
core   0: 1 0x0000000080005288 (0x5a0ff2d3) f5  0x7ff8000000000000
core   0: 0x000000008000528c (0x02a772c3) fmadd.d ft5, fa4, fa0, ft0
core   0: 1 0x000000008000528c (0x02a772c3) f5  0x7ff8000000000000
core   0: 0x0000000080005290 (0x418459bb) sraw    s3, s0, s8
core   0: 1 0x0000000080005290 (0x418459bb) x19 0x0000000000000000
core   0: 0x0000000080005294 (0x2ac898d3) fmax.d  fa7, fa7, fa2
core   0: 1 0x0000000080005294 (0x2ac898d3) f17 0x7ff8000000000000
core   0: 0x0000000080005298 (0xc0405cf3) csrrwi  s9, hpmcounter4, 0
core   0: exception trap_illegal_instruction, epc 0x0000000080005298
core   0:           tval 0x00000000c0405cf3
core   0: >>>>  $xrv64i2p1_m2p0_a2p1_f2p2_d2p2_zicsr2p0_zifencei2p0_zmmul1p0_zba1p0_zbb1p0_zbc1p0_zbs1p0
core   0: 0x0000000080004000 (0x0080006f) j       pc + 0x8
core   0: 3 0x0000000080004000 (0x0080006f)
core   0: >>>>  mmode_exception_handler
core   0: 0x0000000080004008 (0x00002c17) auipc   s8, 0x2
core   0: 3 0x0000000080004008 (0x00002c17) x24 0x0000000080006008
core   0: 0x000000008000400c (0x062c0c13) addi    s8, s8, 98
core   0: 3 0x000000008000400c (0x062c0c13) x24 0x000000008000606a
core   0: 0x0000000080004010 (0x000c00e7) jalr    s8
core   0: 3 0x0000000080004010 (0x000c00e7) x1  0x0000000080004014
core   0: >>>>  any_handler
core   0: 0x000000008000606a (0x341027f3) csrrs   a5, mepc, zero
core   0: 3 0x000000008000606a (0x341027f3) x15 0x0000000080005298
core   0: 0x000000008000606e (0x34202773) csrrs   a4, mcause, zero
core   0: 3 0x000000008000606e (0x34202773) x14 0x0000000000000002
core   0: 0x0000000080006072 (0x142026f3) csrrs   a3, scause, zero
core   0: 3 0x0000000080006072 (0x142026f3) x13 0x0000000000000000
core   0: 0x0000000080006076 (0x30402673) csrrs   a2, mie, zero
core   0: 3 0x0000000080006076 (0x30402673) x12 0x0000000000000a00
core   0: 0x000000008000607a (0x344025f3) csrrs   a1, mip, zero
core   0: 3 0x000000008000607a (0x344025f3) x11 0x0000000000000080
core   0: 0x000000008000607e (0x343025f3) csrrs   a1, mtval, zero
core   0: 3 0x000000008000607e (0x343025f3) x11 0x00000000c0405cf3
core   0: 0x0000000080006082 (0x14302573) csrrs   a0, stval, zero
core   0: 3 0x0000000080006082 (0x14302573) x10 0x0000000000000001
core   0: 0x0000000080006086 (0xb02024f3) csrrs   s1, minstret, zero
core   0: 3 0x0000000080006086 (0xb02024f3) x9  0x0000000000000dcd
core   0: 0x000000008000608a (0x0000a811) c.j     pc + 20
core   0: 3 0x000000008000608a (0xa811)
core   0: >>>>  mepc_4
core   0: 0x000000008000609e (0x00000791) c.addi  a5, 4
core   0: 3 0x000000008000609e (0x0791) x15 0x000000008000529c
core   0: 0x00000000800060a0 (0x34179073) csrrw   zero, mepc, a5
core   0: 3 0x00000000800060a0 (0x34179073) c833_mepc 0x000000008000529c
core   0: 0x00000000800060a4 (0x30200073) mret
core   0: 3 0x00000000800060a4 (0x30200073) c768_mstatus 0x8000000a00106080
core   0: 0x000000008000529c (0xc0006773) csrrsi  a4, cycle, 0
core   0: exception trap_illegal_instruction, epc 0x000000008000529c
core   0:           tval 0x00000000c0006773
core   0: >>>>  $xrv64i2p1_m2p0_a2p1_f2p2_d2p2_zicsr2p0_zifencei2p0_zmmul1p0_zba1p0_zbb1p0_zbc1p0_zbs1p0
core   0: 0x0000000080004000 (0x0080006f) j       pc + 0x8
core   0: 3 0x0000000080004000 (0x0080006f)
core   0: >>>>  mmode_exception_handler
core   0: 0x0000000080004008 (0x00002c17) auipc   s8, 0x2
core   0: 3 0x0000000080004008 (0x00002c17) x24 0x0000000080006008
core   0: 0x000000008000400c (0x062c0c13) addi    s8, s8, 98
core   0: 3 0x000000008000400c (0x062c0c13) x24 0x000000008000606a
core   0: 0x0000000080004010 (0x000c00e7) jalr    s8
core   0: 3 0x0000000080004010 (0x000c00e7) x1  0x0000000080004014
core   0: >>>>  any_handler
core   0: 0x000000008000606a (0x341027f3) csrrs   a5, mepc, zero
core   0: 3 0x000000008000606a (0x341027f3) x15 0x000000008000529c
core   0: 0x000000008000606e (0x34202773) csrrs   a4, mcause, zero
core   0: 3 0x000000008000606e (0x34202773) x14 0x0000000000000002
core   0: 0x0000000080006072 (0x142026f3) csrrs   a3, scause, zero
core   0: 3 0x0000000080006072 (0x142026f3) x13 0x0000000000000000
core   0: 0x0000000080006076 (0x30402673) csrrs   a2, mie, zero
core   0: 3 0x0000000080006076 (0x30402673) x12 0x0000000000000a00
core   0: 0x000000008000607a (0x344025f3) csrrs   a1, mip, zero
core   0: 3 0x000000008000607a (0x344025f3) x11 0x0000000000000080
core   0: 0x000000008000607e (0x343025f3) csrrs   a1, mtval, zero
core   0: 3 0x000000008000607e (0x343025f3) x11 0x00000000c0006773
core   0: 0x0000000080006082 (0x14302573) csrrs   a0, stval, zero
core   0: 3 0x0000000080006082 (0x14302573) x10 0x0000000000000001
core   0: 0x0000000080006086 (0xb02024f3) csrrs   s1, minstret, zero
core   0: 3 0x0000000080006086 (0xb02024f3) x9  0x0000000000000ddd
core   0: 0x000000008000608a (0x0000a811) c.j     pc + 20
core   0: 3 0x000000008000608a (0xa811)
core   0: >>>>  mepc_4
core   0: 0x000000008000609e (0x00000791) c.addi  a5, 4
core   0: 3 0x000000008000609e (0x0791) x15 0x00000000800052a0
core   0: 0x00000000800060a0 (0x34179073) csrrw   zero, mepc, a5
core   0: 3 0x00000000800060a0 (0x34179073) c833_mepc 0x00000000800052a0
core   0: 0x00000000800060a4 (0x30200073) mret
core   0: 3 0x00000000800060a4 (0x30200073) c768_mstatus 0x8000000a00106080
core   0: 0x00000000800052a0 (0x00b3dbb3) srl     s7, t2, a1
core   0: 1 0x00000000800052a0 (0x00b3dbb3) x23 0x0000000000000000
core   0: 0x00000000800052a4 (0x000a509b) srliw   ra, s4, 0
core   0: 1 0x00000000800052a4 (0x000a509b) x1  0xffffffffff0000a1
core   0: 0x00000000800052a8 (0x0131183b) sllw    a6, sp, s3
core   0: 1 0x00000000800052a8 (0x0131183b) x16 0x0000000000000010
core   0: 0x00000000800052ac (0x01c868b3) or      a7, a6, t3
core   0: 1 0x00000000800052ac (0x01c868b3) x17 0x7fffffffffffffff
core   0: 0x00000000800052b0 (0x13bc7bd3) fmul.d  fs7, fs8, fs11
core   0: 1 0x00000000800052b0 (0x13bc7bd3) f23 0x7ff8000000000000
core   0: 0x00000000800052b4 (0x00f35333) srl     t1, t1, a5
core   0: 1 0x00000000800052b4 (0x00f35333) x6  0x0000000000000000
core   0: 0x00000000800052b8 (0xf2078fd3) fmv.d.x ft11, a5
core   0: 1 0x00000000800052b8 (0xf2078fd3) f31 0x00000000800052a0
core   0: 0x00000000800052bc (0x00202cf3) csrrs   s9, frm, zero
core   0: 1 0x00000000800052bc (0x00202cf3) x25 0x0000000000000000
core   0: 0x00000000800052c0 (0x30343973) csrrc   s2, mideleg, s0
core   0: exception trap_illegal_instruction, epc 0x00000000800052c0
core   0:           tval 0x0000000030343973
core   0: >>>>  $xrv64i2p1_m2p0_a2p1_f2p2_d2p2_zicsr2p0_zifencei2p0_zmmul1p0_zba1p0_zbb1p0_zbc1p0_zbs1p0
core   0: 0x0000000080004000 (0x0080006f) j       pc + 0x8
core   0: 3 0x0000000080004000 (0x0080006f)
core   0: >>>>  mmode_exception_handler
core   0: 0x0000000080004008 (0x00002c17) auipc   s8, 0x2
core   0: 3 0x0000000080004008 (0x00002c17) x24 0x0000000080006008
core   0: 0x000000008000400c (0x062c0c13) addi    s8, s8, 98
core   0: 3 0x000000008000400c (0x062c0c13) x24 0x000000008000606a
core   0: 0x0000000080004010 (0x000c00e7) jalr    s8
core   0: 3 0x0000000080004010 (0x000c00e7) x1  0x0000000080004014
core   0: >>>>  any_handler
core   0: 0x000000008000606a (0x341027f3) csrrs   a5, mepc, zero
core   0: 3 0x000000008000606a (0x341027f3) x15 0x00000000800052c0
core   0: 0x000000008000606e (0x34202773) csrrs   a4, mcause, zero
core   0: 3 0x000000008000606e (0x34202773) x14 0x0000000000000002
core   0: 0x0000000080006072 (0x142026f3) csrrs   a3, scause, zero
core   0: 3 0x0000000080006072 (0x142026f3) x13 0x0000000000000000
core   0: 0x0000000080006076 (0x30402673) csrrs   a2, mie, zero
core   0: 3 0x0000000080006076 (0x30402673) x12 0x0000000000000a00
core   0: 0x000000008000607a (0x344025f3) csrrs   a1, mip, zero
core   0: 3 0x000000008000607a (0x344025f3) x11 0x0000000000000080
core   0: 0x000000008000607e (0x343025f3) csrrs   a1, mtval, zero
core   0: 3 0x000000008000607e (0x343025f3) x11 0x0000000030343973
core   0: 0x0000000080006082 (0x14302573) csrrs   a0, stval, zero
core   0: 3 0x0000000080006082 (0x14302573) x10 0x0000000000000001
core   0: 0x0000000080006086 (0xb02024f3) csrrs   s1, minstret, zero
core   0: 3 0x0000000080006086 (0xb02024f3) x9  0x0000000000000df5
core   0: 0x000000008000608a (0x0000a811) c.j     pc + 20
core   0: 3 0x000000008000608a (0xa811)
core   0: >>>>  mepc_4
core   0: 0x000000008000609e (0x00000791) c.addi  a5, 4
core   0: 3 0x000000008000609e (0x0791) x15 0x00000000800052c4
core   0: 0x00000000800060a0 (0x34179073) csrrw   zero, mepc, a5
core   0: 3 0x00000000800060a0 (0x34179073) c833_mepc 0x00000000800052c4
core   0: 0x00000000800060a4 (0x30200073) mret
core   0: 3 0x00000000800060a4 (0x30200073) c768_mstatus 0x8000000a00106080
core   0: 0x00000000800052c4 (0xd03af953) fcvt.s.lu fs2, s5
core   0: 1 0x00000000800052c4 (0xd03af953) c1_fflags 0x0000000000000019 f18 0xffffffff5f800000
core   0: 0x00000000800052c8 (0x03595ab3) divu    s5, s2, s5
core   0: 1 0x00000000800052c8 (0x03595ab3) x21 0x0000000000000000
core   0: 0x00000000800052cc (0x3428da73) csrrwi  s4, mcause, 17
core   0: exception trap_illegal_instruction, epc 0x00000000800052cc
core   0:           tval 0x000000003428da73
core   0: >>>>  $xrv64i2p1_m2p0_a2p1_f2p2_d2p2_zicsr2p0_zifencei2p0_zmmul1p0_zba1p0_zbb1p0_zbc1p0_zbs1p0
core   0: 0x0000000080004000 (0x0080006f) j       pc + 0x8
core   0: 3 0x0000000080004000 (0x0080006f)
core   0: >>>>  mmode_exception_handler
core   0: 0x0000000080004008 (0x00002c17) auipc   s8, 0x2
core   0: 3 0x0000000080004008 (0x00002c17) x24 0x0000000080006008
core   0: 0x000000008000400c (0x062c0c13) addi    s8, s8, 98
core   0: 3 0x000000008000400c (0x062c0c13) x24 0x000000008000606a
core   0: 0x0000000080004010 (0x000c00e7) jalr    s8
core   0: 3 0x0000000080004010 (0x000c00e7) x1  0x0000000080004014
core   0: >>>>  any_handler
core   0: 0x000000008000606a (0x341027f3) csrrs   a5, mepc, zero
core   0: 3 0x000000008000606a (0x341027f3) x15 0x00000000800052cc
core   0: 0x000000008000606e (0x34202773) csrrs   a4, mcause, zero
core   0: 3 0x000000008000606e (0x34202773) x14 0x0000000000000002
core   0: 0x0000000080006072 (0x142026f3) csrrs   a3, scause, zero
core   0: 3 0x0000000080006072 (0x142026f3) x13 0x0000000000000000
core   0: 0x0000000080006076 (0x30402673) csrrs   a2, mie, zero
core   0: 3 0x0000000080006076 (0x30402673) x12 0x0000000000000a00
core   0: 0x000000008000607a (0x344025f3) csrrs   a1, mip, zero
core   0: 3 0x000000008000607a (0x344025f3) x11 0x0000000000000080
core   0: 0x000000008000607e (0x343025f3) csrrs   a1, mtval, zero
core   0: 3 0x000000008000607e (0x343025f3) x11 0x000000003428da73
core   0: 0x0000000080006082 (0x14302573) csrrs   a0, stval, zero
core   0: 3 0x0000000080006082 (0x14302573) x10 0x0000000000000001
core   0: 0x0000000080006086 (0xb02024f3) csrrs   s1, minstret, zero
core   0: 3 0x0000000080006086 (0xb02024f3) x9  0x0000000000000e07
core   0: 0x000000008000608a (0x0000a811) c.j     pc + 20
core   0: 3 0x000000008000608a (0xa811)
core   0: >>>>  mepc_4
core   0: 0x000000008000609e (0x00000791) c.addi  a5, 4
core   0: 3 0x000000008000609e (0x0791) x15 0x00000000800052d0
core   0: 0x00000000800060a0 (0x34179073) csrrw   zero, mepc, a5
core   0: 3 0x00000000800060a0 (0x34179073) c833_mepc 0x00000000800052d0
core   0: 0x00000000800060a4 (0x30200073) mret
core   0: 3 0x00000000800060a4 (0x30200073) c768_mstatus 0x8000000a00106080
core   0: 0x00000000800052d0 (0x40005913) srai    s2, zero, 0
core   0: 1 0x00000000800052d0 (0x40005913) x18 0x0000000000000000
core   0: 0x00000000800052d4 (0xd67b8ab7) lui     s5, 0xd67b8
core   0: 1 0x00000000800052d4 (0xd67b8ab7) x21 0xffffffffd67b8000
core   0: 0x00000000800052d8 (0x40805433) sra     s0, zero, s0
core   0: 1 0x00000000800052d8 (0x40805433) x8  0x0000000000000000
core   0: 0x00000000800052dc (0x4013fad3) fcvt.s.d fs5, ft7
core   0: 1 0x00000000800052dc (0x4013fad3) f21 0xffffffff7fc00000
core   0: 0x00000000800052e0 (0xc03c7dd3) fcvt.lu.s s11, fs8
core   0: 1 0x00000000800052e0 (0xc03c7dd3) c1_fflags 0x0000000000000019 x27 0xffffffffffffffff
core   0: 0x00000000800052e4 (0x40e00033) sub     zero, zero, a4
core   0: 1 0x00000000800052e4 (0x40e00033)
core   0: 0x00000000800052e8 (0xc03a7853) fcvt.lu.s a6, fs4
core   0: 1 0x00000000800052e8 (0xc03a7853) c1_fflags 0x0000000000000019 x16 0xffffffffffffffff
core   0: 0x00000000800052ec (0x40395933) sra     s2, s2, gp
core   0: 1 0x00000000800052ec (0x40395933) x18 0x0000000000000000
core   0: 0x00000000800052f0 (0x025abab3) mulhu   s5, s5, t0
core   0: 1 0x00000000800052f0 (0x025abab3) x21 0xffffffe478de2244
core   0: 0x00000000800052f4 (0x8b5afd43) fmadd.d fs10, fs5, fs5, fa7
core   0: 1 0x00000000800052f4 (0x8b5afd43) f26 0x7ff8000000000000
core   0: 0x00000000800052f8 (0x4029db1b) sraiw   s6, s3, 2
core   0: 1 0x00000000800052f8 (0x4029db1b) x22 0x0000000000000000
core   0: 0x00000000800052fc (0x01e3919b) slliw   gp, t2, 30
core   0: 1 0x00000000800052fc (0x01e3919b) x3  0x0000000000000000
core   0: 0x0000000080005300 (0xb79b5937) lui     s2, 0xb79b5
core   0: 1 0x0000000080005300 (0xb79b5937) x18 0xffffffffb79b5000
core   0: 0x0000000080005304 (0x005912bb) sllw    t0, s2, t0
core   0: 1 0x0000000080005304 (0x005912bb) x5  0xffffffffb79b5000
core   0: 0x0000000080005308 (0x00000001) c.nop
core   0: 1 0x0000000080005308 (0x0001)
core   0: 0x000000008000530a (0x1e104097) auipc   ra, 0x1e104
core   0: 1 0x000000008000530a (0x1e104097) x1  0x000000009e10930a
core   0: 0x000000008000530e (0x9c494513) xori    a0, s2, -1596
core   0: 1 0x000000008000530e (0x9c494513) x10 0x000000004864a9c4
core   0: 0x0000000080005312 (0x01b07db3) and     s11, zero, s11
core   0: 1 0x0000000080005312 (0x01b07db3) x27 0x0000000000000000
core   0: 0x0000000080005316 (0x008e9ebb) sllw    t4, t4, s0
core   0: 1 0x0000000080005316 (0x008e9ebb) x29 0x0000000000000a01
core   0: 0x000000008000531a (0x000098ca) c.add   a7, s2
core   0: 1 0x000000008000531a (0x98ca) x17 0x7fffffffb79b4fff
core   0: 0x000000008000531c (0x00c494bb) sllw    s1, s1, a2
core   0: 1 0x000000008000531c (0x00c494bb) x9  0x0000000000000e07
core   0: 0x0000000080005320 (0xfffae413) ori     s0, s5, -1
core   0: 1 0x0000000080005320 (0xfffae413) x8  0xffffffffffffffff
core   0: 0x0000000080005324 (0xc21f7353) fcvt.wu.d t1, ft10
core   0: 1 0x0000000080005324 (0xc21f7353) c1_fflags 0x0000000000000019 x6  0xffffffffffffffff
core   0: 0x0000000080005328 (0xe20b8153) fmv.x.d sp, fs7
core   0: 1 0x0000000080005328 (0xe20b8153) x2  0x7ff8000000000000
core   0: 0x000000008000532c (0x03636b33) rem     s6, t1, s6
core   0: 1 0x000000008000532c (0x03636b33) x22 0xffffffffffffffff
core   0: 0x0000000080005330 (0x00de46b3) xor     a3, t3, a3
core   0: 1 0x0000000080005330 (0x00de46b3) x13 0x7fffffffffffffff
core   0: 0x0000000080005334 (0x0318a533) mulhsu  a0, a7, a7
core   0: 1 0x0000000080005334 (0x0318a533) x10 0x3fffffffb79b4fff
core   0: 0x0000000080005338 (0x53da7b4b) fnmsub.d fs6, fs4, ft9, fa0
core   0: 1 0x0000000080005338 (0x53da7b4b) f22 0x7ff8000000000000
core   0: 0x000000008000533c (0x0075db9b) srliw   s7, a1, 7
core   0: 1 0x000000008000533c (0x0075db9b) x23 0x00000000006851b4
core   0: 0x0000000080005340 (0x3a7979c3) fmadd.d fs3, fs2, ft7, ft7
core   0: 1 0x0000000080005340 (0x3a7979c3) f19 0x7ff8000000000000
core   0: 0x0000000080005344 (0x0ff0000f) fence   iorw,iorw
core   0: 1 0x0000000080005344 (0x0ff0000f)
core   0: 0x0000000080005348 (0x01fb939b) slliw   t2, s7, 31
core   0: 1 0x0000000080005348 (0x01fb939b) x7  0x0000000000000000
core   0: 0x000000008000534c (0x02c0b533) mulhu   a0, ra, a2
core   0: 1 0x000000008000534c (0x02c0b533) x10 0x0000000000000000
core   0: 0x0000000080005350 (0x1baf7f53) fdiv.d  ft10, ft10, fs10
core   0: 1 0x0000000080005350 (0x1baf7f53) f30 0x7ff8000000000000
core   0: 0x0000000080005354 (0x01cb9d33) sll     s10, s7, t3
core   0: 1 0x0000000080005354 (0x01cb9d33) x26 0x0000000000000000
core   0: 0x0000000080005358 (0x40005413) srai    s0, zero, 0
core   0: 1 0x0000000080005358 (0x40005413) x8  0x0000000000000000
core   0: 0x000000008000535c (0x00161e73) csrrw   t3, fflags, a2
core   0: 1 0x000000008000535c (0x00161e73) x28 0x0000000000000019 c1_fflags 0x0000000000000000
core   0: 0x0000000080005360 (0x0190c2b3) xor     t0, ra, s9
core   0: 1 0x0000000080005360 (0x0190c2b3) x5  0x000000009e10930a
core   0: 0x0000000080005364 (0x231f0fd3) fsgnj.d ft11, ft10, fa7
core   0: 1 0x0000000080005364 (0x231f0fd3) f31 0x7ff8000000000000
core   0: 0x0000000080005368 (0x0226f953) fadd.d  fs2, fa3, ft2
core   0: 1 0x0000000080005368 (0x0226f953) f18 0x7ff8000000000000
core   0: 0x000000008000536c (0x000b1b1b) slliw   s6, s6, 0
core   0: 1 0x000000008000536c (0x000b1b1b) x22 0xffffffffffffffff
core   0: 0x0000000080005370 (0x00011193) slli    gp, sp, 0
core   0: 1 0x0000000080005370 (0x00011193) x3  0x7ff8000000000000
core   0: 0x0000000080005374 (0x0081973b) sllw    a4, gp, s0
core   0: 1 0x0000000080005374 (0x0081973b) x14 0x0000000000000000
core   0: 0x0000000080005378 (0x001025f3) csrrs   a1, fflags, zero
core   0: 1 0x0000000080005378 (0x001025f3) x11 0x0000000000000000
core   0: 0x000000008000537c (0xfd84eb13) ori     s6, s1, -40
core   0: 1 0x000000008000537c (0xfd84eb13) x22 0xffffffffffffffdf
core   0: 0x0000000080005380 (0x00604db3) xor     s11, zero, t1
core   0: 1 0x0000000080005380 (0x00604db3) x27 0xffffffffffffffff
core   0: 0x0000000080005384 (0x2367a353) fsgnjx.d ft6, fa5, fs6
core   0: 1 0x0000000080005384 (0x2367a353) f6  0x0000000000000000
core   0: 0x0000000080005388 (0xa37789d3) fle.d   s3, fa5, fs7
core   0: 1 0x0000000080005388 (0xa37789d3) c1_fflags 0x0000000000000010 x19 0x0000000000000000
core   0: 0x000000008000538c (0x01672b33) slt     s6, a4, s6
core   0: 1 0x000000008000538c (0x01672b33) x22 0x0000000000000000
core   0: 0x0000000080005390 (0x33bbf04b) fnmsub.d ft0, fs7, fs11, ft6
core   0: 1 0x0000000080005390 (0x33bbf04b) f0  0x7ff8000000000000
core   0: 0x0000000080005394 (0x4cff8217) auipc   tp, 0x4cff8
core   0: 1 0x0000000080005394 (0x4cff8217) x4  0x00000000ccffd394
core   0: 0x0000000080005398 (0x009baeb3) slt     t4, s7, s1
core   0: 1 0x0000000080005398 (0x009baeb3) x29 0x0000000000000000
core   0: 0x000000008000539c (0x000b1a9b) slliw   s5, s6, 0
core   0: 1 0x000000008000539c (0x000b1a9b) x21 0x0000000000000000
core   0: 0x00000000800053a0 (0x4f0ac393) xori    t2, s5, 1264
core   0: 1 0x00000000800053a0 (0x4f0ac393) x7  0x00000000000004f0
core   0: 0x00000000800053a4 (0xc0297353) fcvt.l.s t1, fs2
core   0: 1 0x00000000800053a4 (0xc0297353) c1_fflags 0x0000000000000010 x6  0x7fffffffffffffff
core   0: 0x00000000800053a8 (0x41b5023b) subw    tp, a0, s11
core   0: 1 0x00000000800053a8 (0x41b5023b) x4  0x0000000000000001
core   0: 0x00000000800053ac (0x03dc1e33) mulh    t3, s8, t4
core   0: 1 0x00000000800053ac (0x03dc1e33) x28 0x0000000000000000
core   0: 0x00000000800053b0 (0x40395793) srai    a5, s2, 3
core   0: 1 0x00000000800053b0 (0x40395793) x15 0xfffffffff6f36a00
core   0: 0x00000000800053b4 (0xc020f9d3) fcvt.l.s s3, ft1
core   0: 1 0x00000000800053b4 (0xc020f9d3) c1_fflags 0x0000000000000010 x19 0x7fffffffffffffff
core   0: 0x00000000800053b8 (0xfffc0a1b) addiw   s4, s8, -1
core   0: 1 0x00000000800053b8 (0xfffc0a1b) x20 0xffffffff80006069
core   0: 0x00000000800053bc (0x409a599b) sraiw   s3, s4, 9
core   0: 1 0x00000000800053bc (0x409a599b) x19 0xffffffffffc00030
core   0: 0x00000000800053c0 (0x0141109b) slliw   ra, sp, 20
core   0: 1 0x00000000800053c0 (0x0141109b) x1  0x0000000000000000
core   0: 0x00000000800053c4 (0x00e9a833) slt     a6, s3, a4
core   0: 1 0x00000000800053c4 (0x00e9a833) x16 0x0000000000000001
core   0: 0x00000000800053c8 (0x00009d4e) c.add   s10, s3
core   0: 1 0x00000000800053c8 (0x9d4e) x26 0xffffffffffc00030
core   0: 0x00000000800053ca (0x00082db3) slt     s11, a6, zero
core   0: 1 0x00000000800053ca (0x00082db3) x27 0x0000000000000000
core   0: 0x00000000800053ce (0x03084ebb) divw    t4, a6, a6
core   0: 1 0x00000000800053ce (0x03084ebb) x29 0x0000000000000001
core   0: 0x00000000800053d2 (0x42008153) fcvt.d.s ft2, ft1
core   0: 1 0x00000000800053d2 (0x42008153) f2  0x7ff8000000000000
core   0: 0x00000000800053d6 (0x0295f8bb) remuw   a7, a1, s1
core   0: 1 0x00000000800053d6 (0x0295f8bb) x17 0x0000000000000000
core   0: 0x00000000800053da (0x106fd073) csrrwi  zero, scounteren, 31
core   0: 1 0x00000000800053da (0x106fd073) c262_scounteren 0x0000000000000000
core   0: 0x00000000800053de (0x002d49b3) xor     s3, s10, sp
core   0: 1 0x00000000800053de (0x002d49b3) x19 0x8007ffffffc00030
core   0: 0x00000000800053e2 (0x41db8c33) sub     s8, s7, t4
core   0: 1 0x00000000800053e2 (0x41db8c33) x24 0x00000000006851b3
core   0: 0x00000000800053e6 (0x020173c3) fmadd.d ft7, ft2, ft0, ft0
core   0: 1 0x00000000800053e6 (0x020173c3) f7  0x7ff8000000000000
core   0: 0x00000000800053ea (0x347f96b7) lui     a3, 0x347f9
core   0: 1 0x00000000800053ea (0x347f96b7) x13 0x00000000347f9000
core   0: 0x00000000800053ee (0xbf2b6913) ori     s2, s6, -1038
core   0: 1 0x00000000800053ee (0xbf2b6913) x18 0xfffffffffffffbf2
core   0: 0x00000000800053f2 (0x01b05a9b) srliw   s5, zero, 27
core   0: 1 0x00000000800053f2 (0x01b05a9b) x21 0x0000000000000000
core   0: 0x00000000800053f6 (0x00fe599b) srliw   s3, t3, 15
core   0: 1 0x00000000800053f6 (0x00fe599b) x19 0x0000000000000000
core   0: 0x00000000800053fa (0xc034fb53) fcvt.lu.s s6, fs1
core   0: 1 0x00000000800053fa (0xc034fb53) c1_fflags 0x0000000000000010 x22 0xffffffffffffffff
core   0: 0x00000000800053fe (0xd74b4c93) xori    s9, s6, -652
core   0: 1 0x00000000800053fe (0xd74b4c93) x25 0x000000000000028b
core   0: 0x0000000080005402 (0xc204f853) fcvt.w.d a6, fs1
core   0: 1 0x0000000080005402 (0xc204f853) c1_fflags 0x0000000000000010 x16 0x000000007fffffff
core   0: 0x0000000080005406 (0xd02a7ed3) fcvt.s.l ft9, s4
core   0: 1 0x0000000080005406 (0xd02a7ed3) c1_fflags 0x0000000000000011 f29 0xffffffffceffff3f
core   0: 0x000000008000540a (0xd02b7153) fcvt.s.l ft2, s6
core   0: 1 0x000000008000540a (0xd02b7153) f2  0xffffffffbf800000
core   0: 0x000000008000540e (0xe770889b) addiw   a7, ra, -393
core   0: 1 0x000000008000540e (0xe770889b) x17 0xfffffffffffffe77
core   0: 0x0000000080005412 (0xc226f3d3) fcvt.l.d t2, fa3
core   0: 1 0x0000000080005412 (0xc226f3d3) c1_fflags 0x0000000000000011 x7  0x7fffffffffffffff
core   0: 0x0000000080005416 (0x00138c9b) addiw   s9, t2, 1
core   0: 1 0x0000000080005416 (0x00138c9b) x25 0x0000000000000000
core   0: 0x000000008000541a (0xe14ac613) xori    a2, s5, -492
core   0: 1 0x000000008000541a (0xe14ac613) x12 0xfffffffffffffe14
core   0: 0x000000008000541e (0x41fe5013) srai    zero, t3, 31
core   0: 1 0x000000008000541e (0x41fe5013)
core   0: 0x0000000080005422 (0x2273afd3) fsgnjx.d ft11, ft7, ft7
core   0: 1 0x0000000080005422 (0x2273afd3) f31 0x7ff8000000000000
core   0: 0x0000000080005426 (0x0005819b) sext.w  gp, a1
core   0: 1 0x0000000080005426 (0x0005819b) x3  0x0000000000000000
core   0: 0x000000008000542a (0x2bbf7dcf) fnmadd.d fs11, ft10, fs11, ft5
core   0: 1 0x000000008000542a (0x2bbf7dcf) f27 0x7ff8000000000000
core   0: 0x000000008000542e (0x0176563b) srlw    a2, a2, s7
core   0: 1 0x000000008000542e (0x0176563b) x12 0x0000000000000fff
core   0: 0x0000000080005432 (0x1a6c7b53) fdiv.d  fs6, fs8, ft6
core   0: 1 0x0000000080005432 (0x1a6c7b53) f22 0x7ff8000000000000
core   0: 0x0000000080005436 (0x5b52f347) fmsub.d ft6, ft5, fs5, fa1
core   0: 1 0x0000000080005436 (0x5b52f347) f6  0x7ff8000000000000
core   0: 0x000000008000543a (0x0a8e7953) fsub.d  fs2, ft8, fs0
core   0: 1 0x000000008000543a (0x0a8e7953) f18 0x7ff8000000000000
core   0: 0x000000008000543e (0x2a780653) fmin.d  fa2, fa6, ft7
core   0: 1 0x000000008000543e (0x2a780653) f12 0x7ff8000000000000
core   0: 0x0000000080005442 (0x01824c33) xor     s8, tp, s8
core   0: 1 0x0000000080005442 (0x01824c33) x24 0x00000000006851b2
core   0: 0x0000000080005446 (0x00131a73) csrrw   s4, fflags, t1
core   0: 1 0x0000000080005446 (0x00131a73) x20 0x0000000000000011 c1_fflags 0x000000000000001f
core   0: 0x000000008000544a (0x0142573b) srlw    a4, tp, s4
core   0: 1 0x000000008000544a (0x0142573b) x14 0x0000000000000000
core   0: 0x000000008000544e (0x0b987c53) fsub.d  fs8, fa6, fs9
core   0: 1 0x000000008000544e (0x0b987c53) f24 0x7ff8000000000000
core   0: 0x0000000080005452 (0xd51a081b) addiw   a6, s4, -687
core   0: 1 0x0000000080005452 (0xd51a081b) x16 0xfffffffffffffd62
core   0: 0x0000000080005456 (0xbc6acc93) xori    s9, s5, -1082
core   0: 1 0x0000000080005456 (0xbc6acc93) x25 0xfffffffffffffbc6
core   0: 0x000000008000545a (0x1a667353) fdiv.d  ft6, fa2, ft6
core   0: 1 0x000000008000545a (0x1a667353) f6  0x7ff8000000000000
core   0: 0x000000008000545e (0x01bad93b) srlw    s2, s5, s11
core   0: 1 0x000000008000545e (0x01bad93b) x18 0x0000000000000000
core   0: 0x0000000080005462 (0x0019551b) srliw   a0, s2, 1
core   0: 1 0x0000000080005462 (0x0019551b) x10 0x0000000000000000
core   0: 0x0000000080005466 (0xd22d72d3) fcvt.d.l ft5, s10
core   0: 1 0x0000000080005466 (0xd22d72d3) f5  0xc14fffe800000000
core   0: 0x000000008000546a (0xc20673d3) fcvt.w.d t2, fa2
core   0: 1 0x000000008000546a (0xc20673d3) c1_fflags 0x000000000000001f x7  0x000000007fffffff
core   0: 0x000000008000546e (0x0225d7b3) divu    a5, a1, sp
core   0: 1 0x000000008000546e (0x0225d7b3) x15 0x0000000000000000
core   0: 0x0000000080005472 (0x03cd1bb3) mulh    s7, s10, t3
core   0: 1 0x0000000080005472 (0x03cd1bb3) x23 0x0000000000000000
core   0: 0x0000000080005476 (0xd0337a53) fcvt.s.lu fs4, t1
core   0: 1 0x0000000080005476 (0xd0337a53) c1_fflags 0x000000000000001f f20 0xffffffff5f000000
core   0: 0x000000008000547a (0x001e9473) csrrw   s0, fflags, t4
core   0: 1 0x000000008000547a (0x001e9473) x8  0x000000000000001f c1_fflags 0x0000000000000001
core   0: 0x000000008000547e (0x01cdd8bb) srlw    a7, s11, t3
core   0: 1 0x000000008000547e (0x01cdd8bb) x17 0x0000000000000000
core   0: 0x0000000080005482 (0xa2da04d3) fle.d   s1, fs4, fa3
core   0: 1 0x0000000080005482 (0xa2da04d3) c1_fflags 0x0000000000000011 x9  0x0000000000000000
core   0: 0x0000000080005486 (0xa2da784f) fnmadd.d fa6, fs4, fa3, fs4
core   0: 1 0x0000000080005486 (0xa2da784f) f16 0x7ff8000000000000
core   0: 0x000000008000548a (0x0314f2d3) fadd.d  ft5, fs1, fa7
core   0: 1 0x000000008000548a (0x0314f2d3) f5  0x7ff8000000000000
core   0: 0x000000008000548e (0x02382433) mulhsu  s0, a6, gp
core   0: 1 0x000000008000548e (0x02382433) x8  0x0000000000000000
core   0: 0x0000000080005492 (0x08587237) lui     tp, 0x8587
core   0: 1 0x0000000080005492 (0x08587237) x4  0x0000000008587000
core   0: 0x0000000080005496 (0x1afcf143) fmadd.d ft2, fs9, fa5, ft3
core   0: 1 0x0000000080005496 (0x1afcf143) f2  0x7ff8000000000000
core   0: 0x000000008000549a (0xd2008dd3) fcvt.d.w fs11, ra
core   0: 1 0x000000008000549a (0xd2008dd3) f27 0x0000000000000000
core   0: 0x000000008000549e (0x409e8b33) sub     s6, t4, s1
core   0: 1 0x000000008000549e (0x409e8b33) x22 0x0000000000000001
core   0: 0x00000000800054a2 (0x033cbcb3) mulhu   s9, s9, s3
core   0: 1 0x00000000800054a2 (0x033cbcb3) x25 0x0000000000000000
core   0: 0x00000000800054a6 (0x02953433) mulhu   s0, a0, s1
core   0: 1 0x00000000800054a6 (0x02953433) x8  0x0000000000000000
core   0: 0x00000000800054aa (0xcbef794f) fnmadd.d fs2, ft10, ft10, fs9
core   0: 1 0x00000000800054aa (0xcbef794f) f18 0x7ff8000000000000
core   0: 0x00000000800054ae (0x409d85bb) subw    a1, s11, s1
core   0: 1 0x00000000800054ae (0x409d85bb) x11 0x0000000000000000
core   0: 0x00000000800054b2 (0x00ac62b7) lui     t0, 0xac6
core   0: 1 0x00000000800054b2 (0x00ac62b7) x5  0x0000000000ac6000
core   0: 0x00000000800054b6 (0xf632829b) addiw   t0, t0, -157
core   0: 1 0x00000000800054b6 (0xf632829b) x5  0x0000000000ac5f63
core   0: 0x00000000800054ba (0x000002b2) c.slli  t0, 12
core   0: 1 0x00000000800054ba (0x02b2) x5  0x0000000ac5f63000
core   0: 0x00000000800054bc (0x4ad28293) addi    t0, t0, 1197
core   0: 1 0x00000000800054bc (0x4ad28293) x5  0x0000000ac5f634ad
core   0: 0x00000000800054c0 (0x2b9019d3) fmax.d  fs3, ft0, fs9
core   0: 1 0x00000000800054c0 (0x2b9019d3) f19 0x3fb0000000000000
core   0: 0x00000000800054c4 (0xfe6897b7) lui     a5, 0xfe689
core   0: 1 0x00000000800054c4 (0xfe6897b7) x15 0xfffffffffe689000
core   0: 0x00000000800054c8 (0xfad7879b) addiw   a5, a5, -83
core   0: 1 0x00000000800054c8 (0xfad7879b) x15 0xfffffffffe688fad
core   0: 0x00000000800054cc (0x000007b2) c.slli  a5, 12
core   0: 1 0x00000000800054cc (0x07b2) x15 0xffffffe688fad000
core   0: 0x00000000800054ce (0x24d78793) addi    a5, a5, 589
core   0: 1 0x00000000800054ce (0x24d78793) x15 0xffffffe688fad24d
core   0: 0x00000000800054d2 (0x01d85dbb) srlw    s11, a6, t4
core   0: 1 0x00000000800054d2 (0x01d85dbb) x27 0x000000007ffffeb1
core   0: 0x00000000800054d6 (0x013df9b3) and     s3, s11, s3
core   0: 1 0x00000000800054d6 (0x013df9b3) x19 0x0000000000000000
core   0: 0x00000000800054da (0x0338ddb3) divu    s11, a7, s3
core   0: 1 0x00000000800054da (0x0338ddb3) x27 0xffffffffffffffff
core   0: 0x00000000800054de (0xf3d0ff4b) fnmsub.d ft10, ft1, ft9, ft10
core   0: 1 0x00000000800054de (0xf3d0ff4b) f30 0x7ff8000000000000
core   0: 0x00000000800054e2 (0x000dc393) xori    t2, s11, 0
core   0: 1 0x00000000800054e2 (0x000dc393) x7  0xffffffffffffffff
core   0: 0x00000000800054e6 (0x0002159b) slliw   a1, tp, 0
core   0: 1 0x00000000800054e6 (0x0002159b) x11 0x0000000008587000
core   0: 0x00000000800054ea (0xc20ef153) fcvt.w.d sp, ft9
core   0: 1 0x00000000800054ea (0xc20ef153) c1_fflags 0x0000000000000011 x2  0x000000007fffffff
core   0: 0x00000000800054ee (0x0ff0000f) fence   iorw,iorw
core   0: 1 0x00000000800054ee (0x0ff0000f)
core   0: 0x00000000800054f2 (0x03ad6433) rem     s0, s10, s10
core   0: 1 0x00000000800054f2 (0x03ad6433) x8  0x0000000000000000
core   0: 0x00000000800054f6 (0x00139c73) csrrw   s8, fflags, t2
core   0: 1 0x00000000800054f6 (0x00139c73) x24 0x0000000000000011 c1_fflags 0x000000000000001f
core   0: 0x00000000800054fa (0x12cc7953) fmul.d  fs2, fs8, fa2
core   0: 1 0x00000000800054fa (0x12cc7953) f18 0x7ff8000000000000
core   0: 0x00000000800054fe (0xd2038753) fcvt.d.w fa4, t2
core   0: 1 0x00000000800054fe (0xd2038753) f14 0xbff0000000000000
core   0: 0x0000000080005502 (0x015ae5b3) or      a1, s5, s5
core   0: 1 0x0000000080005502 (0x015ae5b3) x11 0x0000000000000000
core   0: 0x0000000080005506 (0x03598b3b) mulw    s6, s3, s5
core   0: 1 0x0000000080005506 (0x03598b3b) x22 0x0000000000000000
core   0: 0x000000008000550a (0x142e3cf3) csrrc   s9, scause, t3
core   0: 1 0x000000008000550a (0x142e3cf3) x25 0x0000000000000000 c322_scause 0x0000000000000000
core   0: 0x000000008000550e (0x018cacb3) slt     s9, s9, s8
core   0: 1 0x000000008000550e (0x018cacb3) x25 0x0000000000000001
core   0: 0x0000000080005512 (0x2a9b1bd3) fmax.d  fs7, fs6, fs1
core   0: 1 0x0000000080005512 (0x2a9b1bd3) f23 0x7ff8000000000000
core   0: 0x0000000080005516 (0x038c39b3) mulhu   s3, s8, s8
core   0: 1 0x0000000080005516 (0x038c39b3) x19 0x0000000000000000
core   0: 0x000000008000551a (0x42070053) fcvt.d.s ft0, fa4
core   0: 1 0x000000008000551a (0x42070053) f0  0x7ff8000000000000
core   0: 0x000000008000551e (0xe20e8a53) fmv.x.d s4, ft9
core   0: 1 0x000000008000551e (0xe20e8a53) x20 0xffffffffceffff3f
core   0: 0x0000000080005522 (0x414985bb) subw    a1, s3, s4
core   0: 1 0x0000000080005522 (0x414985bb) x11 0x00000000310000c1
core   0: 0x0000000080005526 (0xd029fdd3) fcvt.s.l fs11, s3
core   0: 1 0x0000000080005526 (0xd029fdd3) f27 0xffffffff00000000
core   0: 0x000000008000552a (0x134477d3) fmul.d  fa5, fs0, fs4
core   0: 1 0x000000008000552a (0x134477d3) f15 0x7ff8000000000000
core   0: 0x000000008000552e (0x40b05bb3) sra     s7, zero, a1
core   0: 1 0x000000008000552e (0x40b05bb3) x23 0x0000000000000000
core   0: 0x0000000080005532 (0xd20000d3) fcvt.d.w ft1, zero
core   0: 1 0x0000000080005532 (0xd20000d3) f1  0x0000000000000000
core   0: 0x0000000080005536 (0x02a108b3) mul     a7, sp, a0
core   0: 1 0x0000000080005536 (0x02a108b3) x17 0x0000000000000000
core   0: 0x000000008000553a (0x0ff0000f) fence   iorw,iorw
core   0: 1 0x000000008000553a (0x0ff0000f)
core   0: 0x000000008000553e (0x1403a0f3) csrrs   ra, sscratch, t2
core   0: 1 0x000000008000553e (0x1403a0f3) x1  0x0000000000000000 c320_sscratch 0xffffffffffffffff
core   0: 0x0000000080005542 (0x011a9b1b) slliw   s6, s5, 17
core   0: 1 0x0000000080005542 (0x011a9b1b) x22 0x0000000000000000
core   0: 0x0000000080005546 (0x015c62b3) or      t0, s8, s5
core   0: 1 0x0000000080005546 (0x015c62b3) x5  0x0000000000000011
core   0: 0x000000008000554a (0x400d8eb3) sub     t4, s11, zero
core   0: 1 0x000000008000554a (0x400d8eb3) x29 0xffffffffffffffff
core   0: 0x000000008000554e (0x00049493) slli    s1, s1, 0
core   0: 1 0x000000008000554e (0x00049493) x9  0x0000000000000000
core   0: 0x0000000080005552 (0xf3c87f43) fmadd.d ft10, fa6, ft8, ft10
core   0: 1 0x0000000080005552 (0xf3c87f43) f30 0x7ff8000000000000
core   0: 0x0000000080005556 (0x011740b3) xor     ra, a4, a7
core   0: 1 0x0000000080005556 (0x011740b3) x1  0x0000000000000000
core   0: 0x000000008000555a (0xd023f053) fcvt.s.l ft0, t2
core   0: 1 0x000000008000555a (0xd023f053) f0  0xffffffffbf800000
core   0: 0x000000008000555e (0x0a05f4d3) fsub.d  fs1, fa1, ft0
core   0: 1 0x000000008000555e (0x0a05f4d3) f9  0x7ff8000000000000
core   0: 0x0000000080005562 (0xc024f7d3) fcvt.l.s a5, fs1
core   0: 1 0x0000000080005562 (0xc024f7d3) c1_fflags 0x000000000000001f x15 0x7fffffffffffffff
core   0: 0x0000000080005566 (0xe20484d3) fmv.x.d s1, fs1
core   0: 1 0x0000000080005566 (0xe20484d3) x9  0x7ff8000000000000
core   0: 0x000000008000556a (0x418d8e3b) subw    t3, s11, s8
core   0: 1 0x000000008000556a (0x418d8e3b) x28 0xffffffffffffffee
core   0: 0x000000008000556e (0x7472b1f3) csrrc   gp, mseccfg, t0
core   0: exception trap_illegal_instruction, epc 0x000000008000556e
core   0:           tval 0x000000007472b1f3
core   0: >>>>  $xrv64i2p1_m2p0_a2p1_f2p2_d2p2_zicsr2p0_zifencei2p0_zmmul1p0_zba1p0_zbb1p0_zbc1p0_zbs1p0
core   0: 0x0000000080004000 (0x0080006f) j       pc + 0x8
core   0: 3 0x0000000080004000 (0x0080006f)
core   0: >>>>  mmode_exception_handler
core   0: 0x0000000080004008 (0x00002c17) auipc   s8, 0x2
core   0: 3 0x0000000080004008 (0x00002c17) x24 0x0000000080006008
core   0: 0x000000008000400c (0x062c0c13) addi    s8, s8, 98
core   0: 3 0x000000008000400c (0x062c0c13) x24 0x000000008000606a
core   0: 0x0000000080004010 (0x000c00e7) jalr    s8
core   0: 3 0x0000000080004010 (0x000c00e7) x1  0x0000000080004014
core   0: >>>>  any_handler
core   0: 0x000000008000606a (0x341027f3) csrrs   a5, mepc, zero
core   0: 3 0x000000008000606a (0x341027f3) x15 0x000000008000556e
core   0: 0x000000008000606e (0x34202773) csrrs   a4, mcause, zero
core   0: 3 0x000000008000606e (0x34202773) x14 0x0000000000000002
core   0: 0x0000000080006072 (0x142026f3) csrrs   a3, scause, zero
core   0: 3 0x0000000080006072 (0x142026f3) x13 0x0000000000000000
core   0: 0x0000000080006076 (0x30402673) csrrs   a2, mie, zero
core   0: 3 0x0000000080006076 (0x30402673) x12 0x0000000000000a00
core   0: 0x000000008000607a (0x344025f3) csrrs   a1, mip, zero
core   0: 3 0x000000008000607a (0x344025f3) x11 0x0000000000000080
core   0: 0x000000008000607e (0x343025f3) csrrs   a1, mtval, zero
core   0: 3 0x000000008000607e (0x343025f3) x11 0x000000007472b1f3
core   0: 0x0000000080006082 (0x14302573) csrrs   a0, stval, zero
core   0: 3 0x0000000080006082 (0x14302573) x10 0x0000000000000001
core   0: 0x0000000080006086 (0xb02024f3) csrrs   s1, minstret, zero
core   0: 3 0x0000000080006086 (0xb02024f3) x9  0x0000000000000ec1
core   0: 0x000000008000608a (0x0000a811) c.j     pc + 20
core   0: 3 0x000000008000608a (0xa811)
core   0: >>>>  mepc_4
core   0: 0x000000008000609e (0x00000791) c.addi  a5, 4
core   0: 3 0x000000008000609e (0x0791) x15 0x0000000080005572
core   0: 0x00000000800060a0 (0x34179073) csrrw   zero, mepc, a5
core   0: 3 0x00000000800060a0 (0x34179073) c833_mepc 0x0000000080005572
core   0: 0x00000000800060a4 (0x30200073) mret
core   0: 3 0x00000000800060a4 (0x30200073) c768_mstatus 0x8000000a00106080
core   0: 0x0000000080005572 (0x0162da13) srli    s4, t0, 22
core   0: 1 0x0000000080005572 (0x0162da13) x20 0x0000000000000000
core   0: 0x0000000080005576 (0x40535c3b) sraw    s8, t1, t0
core   0: 1 0x0000000080005576 (0x40535c3b) x24 0xffffffffffffffff
core   0: 0x000000008000557a (0x4c2e031b) addiw   t1, t3, 1218
core   0: 1 0x000000008000557a (0x4c2e031b) x6  0x00000000000004b0
core   0: 0x000000008000557e (0x001249b3) xor     s3, tp, ra
core   0: 1 0x000000008000557e (0x001249b3) x19 0x0000000088583014
core   0: 0x0000000080005582 (0x02c6e6b3) rem     a3, a3, a2
core   0: 1 0x0000000080005582 (0x02c6e6b3) x13 0x0000000000000000
core   0: 0x0000000080005586 (0x00aa4a33) xor     s4, s4, a0
core   0: 1 0x0000000080005586 (0x00aa4a33) x20 0x0000000000000001
core   0: 0x000000008000558a (0x02aa1bb3) mulh    s7, s4, a0
core   0: 1 0x000000008000558a (0x02aa1bb3) x23 0x0000000000000000
core   0: 0x000000008000558e (0x03d57eb3) remu    t4, a0, t4
core   0: 1 0x000000008000558e (0x03d57eb3) x29 0x0000000000000001
core   0: 0x0000000080005592 (0x405c5493) srai    s1, s8, 5
core   0: 1 0x0000000080005592 (0x405c5493) x9  0xffffffffffffffff
core   0: 0x0000000080005596 (0x0ff0000f) fence   iorw,iorw
core   0: 1 0x0000000080005596 (0x0ff0000f)
core   0: 0x000000008000559a (0x01c006bb) addw    a3, zero, t3
core   0: 1 0x000000008000559a (0x01c006bb) x13 0xffffffffffffffee
core   0: 0x000000008000559e (0x00e15033) srl     zero, sp, a4
core   0: 1 0x000000008000559e (0x00e15033)
core   0: 0x00000000800055a2 (0xc02f73d3) fcvt.l.s t2, ft10
core   0: 1 0x00000000800055a2 (0xc02f73d3) c1_fflags 0x000000000000001f x7  0x7fffffffffffffff
core   0: 0x00000000800055a6 (0xc24f754b) fnmsub.d fa0, ft10, ft4, fs8
core   0: 1 0x00000000800055a6 (0xc24f754b) f10 0x7ff8000000000000
core   0: 0x00000000800055aa (0xf4d25537) lui     a0, 0xf4d25
core   0: 1 0x00000000800055aa (0xf4d25537) x10 0xfffffffff4d25000
core   0: 0x00000000800055ae (0x41595793) srai    a5, s2, 21
core   0: 1 0x00000000800055ae (0x41595793) x15 0x0000000000000000
core   0: 0x00000000800055b2 (0xc20a7353) fcvt.w.d t1, fs4
core   0: 1 0x00000000800055b2 (0xc20a7353) c1_fflags 0x000000000000001f x6  0x000000007fffffff
core   0: 0x00000000800055b6 (0x42f2da93) srai    s5, t0, 47
core   0: 1 0x00000000800055b6 (0x42f2da93) x21 0x0000000000000000
core   0: 0x00000000800055ba (0xc23a7dd3) fcvt.lu.d s11, fs4
core   0: 1 0x00000000800055ba (0xc23a7dd3) c1_fflags 0x000000000000001f x27 0xffffffffffffffff
core   0: 0x00000000800055be (0x00a97c33) and     s8, s2, a0
core   0: 1 0x00000000800055be (0x00a97c33) x24 0x0000000000000000
core   0: 0x00000000800055c2 (0x02656bb3) rem     s7, a0, t1
core   0: 1 0x00000000800055c2 (0x02656bb3) x23 0xfffffffff4d25000
core   0: 0x00000000800055c6 (0xd03576d3) fcvt.s.lu fa3, a0
core   0: 1 0x00000000800055c6 (0xd03576d3) c1_fflags 0x000000000000001f f13 0xffffffff5f800000
core   0: 0x00000000800055ca (0x029ad4bb) divuw   s1, s5, s1
core   0: 1 0x00000000800055ca (0x029ad4bb) x9  0x0000000000000000
core   0: 0x00000000800055ce (0x800a889b) addiw   a7, s5, -2048
core   0: 1 0x00000000800055ce (0x800a889b) x17 0xfffffffffffff800
core   0: 0x00000000800055d2 (0x43915c13) srai    s8, sp, 57
core   0: 1 0x00000000800055d2 (0x43915c13) x24 0x0000000000000000
core   0: 0x00000000800055d6 (0xe3f8fec7) fmsub.d ft9, fa7, ft11, ft8
core   0: 1 0x00000000800055d6 (0xe3f8fec7) f29 0x7ff8000000000000
core   0: 0x00000000800055da (0x41888033) sub     zero, a7, s8
core   0: 1 0x00000000800055da (0x41888033)
core   0: 0x00000000800055de (0x00095593) srli    a1, s2, 0
core   0: 1 0x00000000800055de (0x00095593) x11 0x0000000000000000
core   0: 0x00000000800055e2 (0x0154dd93) srli    s11, s1, 21
core   0: 1 0x00000000800055e2 (0x0154dd93) x27 0x0000000000000000
core   0: 0x00000000800055e6 (0x40d889bb) subw    s3, a7, a3
core   0: 1 0x00000000800055e6 (0x40d889bb) x19 0xfffffffffffff812
core   0: 0x00000000800055ea (0x01ba5637) lui     a2, 0x1ba5
core   0: 1 0x00000000800055ea (0x01ba5637) x12 0x0000000001ba5000
core   0: 0x00000000800055ee (0x61d6061b) addiw   a2, a2, 1565
core   0: 1 0x00000000800055ee (0x61d6061b) x12 0x0000000001ba561d
core   0: 0x00000000800055f2 (0x00000632) c.slli  a2, 12
core   0: 1 0x00000000800055f2 (0x0632) x12 0x0000001ba561d000
core   0: 0x00000000800055f4 (0xb5460613) addi    a2, a2, -1196
core   0: 1 0x00000000800055f4 (0xb5460613) x12 0x0000001ba561cb54
core   0: 0x00000000800055f8 (0x036b7c53) fadd.d  fs8, fs6, fs6
core   0: 1 0x00000000800055f8 (0x036b7c53) f24 0x7ff8000000000000
core   0: 0x00000000800055fc (0x02d0663b) remw    a2, zero, a3
core   0: 1 0x00000000800055fc (0x02d0663b) x12 0x0000000000000000
core   0: 0x0000000080005600 (0xd20501d3) fcvt.d.w ft3, a0
core   0: 1 0x0000000080005600 (0xd20501d3) f3  0xc1a65b6000000000
core   0: 0x0000000080005604 (0x4016d093) srai    ra, a3, 1
core   0: 1 0x0000000080005604 (0x4016d093) x1  0xfffffffffffffff7
core   0: 0x0000000080005608 (0x068dc2b7) lui     t0, 0x68dc
core   0: 1 0x0000000080005608 (0x068dc2b7) x5  0x00000000068dc000
core   0: 0x000000008000560c (0x52f2829b) addiw   t0, t0, 1327
core   0: 1 0x000000008000560c (0x52f2829b) x5  0x00000000068dc52f
core   0: 0x0000000080005610 (0x000002b2) c.slli  t0, 12
core   0: 1 0x0000000080005610 (0x02b2) x5  0x00000068dc52f000
core   0: 0x0000000080005612 (0x20928293) addi    t0, t0, 521
core   0: 1 0x0000000080005612 (0x20928293) x5  0x00000068dc52f209
core   0: 0x0000000080005616 (0x2a3c18d3) fmax.d  fa7, fs8, ft3
core   0: 1 0x0000000080005616 (0x2a3c18d3) f17 0xc1a65b6000000000
core   0: 0x000000008000561a (0x0250f33b) remuw   t1, ra, t0
core   0: 1 0x000000008000561a (0x0250f33b) x6  0x0000000023ad0dee
core   0: 0x000000008000561e (0xd03bfc53) fcvt.s.lu fs8, s7
core   0: 1 0x000000008000561e (0xd03bfc53) c1_fflags 0x000000000000001f f24 0xffffffff5f800000
core   0: 0x0000000080005622 (0x0b8cf153) fsub.d  ft2, fs9, fs8
core   0: 1 0x0000000080005622 (0x0b8cf153) f2  0x7ff8000000000000
core   0: 0x0000000080005626 (0x22af2f53) fsgnjx.d ft10, ft10, fa0
core   0: 1 0x0000000080005626 (0x22af2f53) f30 0x7ff8000000000000
core   0: 0x000000008000562a (0x0ff0000f) fence   iorw,iorw
core   0: 1 0x000000008000562a (0x0ff0000f)
core   0: 0x000000008000562e (0xc024fbd3) fcvt.l.s s7, fs1
core   0: 1 0x000000008000562e (0xc024fbd3) c1_fflags 0x000000000000001f x23 0x7fffffffffffffff
core   0: 0x0000000080005632 (0x0009de13) srli    t3, s3, 0
core   0: 1 0x0000000080005632 (0x0009de13) x28 0xfffffffffffff812
core   0: 0x0000000080005636 (0x00000001) c.nop
core   0: 1 0x0000000080005636 (0x0001)
core   0: 0x0000000080005638 (0x009c51bb) srlw    gp, s8, s1
core   0: 1 0x0000000080005638 (0x009c51bb) x3  0x0000000000000000
core   0: 0x000000008000563c (0x00000001) c.nop
core   0: 1 0x000000008000563c (0x0001)
core   0: 0x000000008000563e (0xc2157353) fcvt.wu.d t1, fa0
core   0: 1 0x000000008000563e (0xc2157353) c1_fflags 0x000000000000001f x6  0xffffffffffffffff
core   0: 0x0000000080005642 (0xc21576d3) fcvt.wu.d a3, fa0
core   0: 1 0x0000000080005642 (0xc21576d3) c1_fflags 0x000000000000001f x13 0xffffffffffffffff
core   0: 0x0000000080005646 (0x80030593) addi    a1, t1, -2048
core   0: 1 0x0000000080005646 (0x80030593) x11 0xfffffffffffff7ff
core   0: 0x000000008000564a (0xf7b14893) xori    a7, sp, -133
core   0: 1 0x000000008000564a (0xf7b14893) x17 0xffffffff80000084
core   0: 0x000000008000564e (0x00b5d4bb) srlw    s1, a1, a1
core   0: 1 0x000000008000564e (0x00b5d4bb) x9  0x0000000000000001
core   0: 0x0000000080005652 (0x018dd093) srli    ra, s11, 24
core   0: 1 0x0000000080005652 (0x018dd093) x1  0x0000000000000000
core   0: 0x0000000080005656 (0x0ff0000f) fence   iorw,iorw
core   0: 1 0x0000000080005656 (0x0ff0000f)
core   0: 0x000000008000565a (0xd21b0e53) fcvt.d.wu ft8, s6
core   0: 1 0x000000008000565a (0xd21b0e53) f28 0x0000000000000000
core   0: 0x000000008000565e (0xad94091b) addiw   s2, s0, -1319
core   0: 1 0x000000008000565e (0xad94091b) x18 0xfffffffffffffad9
core   0: 0x0000000080005662 (0x12087753) fmul.d  fa4, fa6, ft0
core   0: 1 0x0000000080005662 (0x12087753) f14 0x7ff8000000000000
core   0: 0x0000000080005666 (0x00277db3) and     s11, a4, sp
core   0: 1 0x0000000080005666 (0x00277db3) x27 0x0000000000000002
core   0: 0x000000008000566a (0xcb39de37) lui     t3, 0xcb39d
core   0: 1 0x000000008000566a (0xcb39de37) x28 0xffffffffcb39d000
core   0: 0x000000008000566e (0x4017fd53) fcvt.s.d fs10, fa5
core   0: 1 0x000000008000566e (0x4017fd53) f26 0xffffffff7fc00000
core   0: 0x0000000080005672 (0x03ba8abb) mulw    s5, s5, s11
core   0: 1 0x0000000080005672 (0x03ba8abb) x21 0x0000000000000000
core   0: 0x0000000080005676 (0x93aff8c7) fmsub.d fa7, ft11, fs10, fs2
core   0: 1 0x0000000080005676 (0x93aff8c7) f17 0x7ff8000000000000
core   0: 0x000000008000567a (0x022d9593) slli    a1, s11, 34
core   0: 1 0x000000008000567a (0x022d9593) x11 0x0000000800000000
core   0: 0x000000008000567e (0x002020f3) csrrs   ra, frm, zero
core   0: 1 0x000000008000567e (0x002020f3) x1  0x0000000000000000
core   0: 0x0000000080005682 (0x00b683bb) addw    t2, a3, a1
core   0: 1 0x0000000080005682 (0x00b683bb) x7  0xffffffffffffffff
core   0: 0x0000000080005686 (0x1a28f8d3) fdiv.d  fa7, fa7, ft2
core   0: 1 0x0000000080005686 (0x1a28f8d3) f17 0x7ff8000000000000
core   0: 0x000000008000568a (0x000a941b) slliw   s0, s5, 0
core   0: 1 0x000000008000568a (0x000a941b) x8  0x0000000000000000
core   0: 0x000000008000568e (0x0152f3b3) and     t2, t0, s5
core   0: 1 0x000000008000568e (0x0152f3b3) x7  0x0000000000000000
core   0: 0x0000000080005692 (0x0012949b) slliw   s1, t0, 1
core   0: 1 0x0000000080005692 (0x0012949b) x9  0xffffffffb8a5e412
core   0: 0x0000000080005696 (0x02731333) mulh    t1, t1, t2
core   0: 1 0x0000000080005696 (0x02731333) x6  0x0000000000000000
core   0: 0x000000008000569a (0x01fe919b) slliw   gp, t4, 31
core   0: 1 0x000000008000569a (0x01fe919b) x3  0xffffffff80000000
core   0: 0x000000008000569e (0x037b8bb3) mul     s7, s7, s7
core   0: 1 0x000000008000569e (0x037b8bb3) x23 0x0000000000000001
core   0: 0x00000000800056a2 (0x41a35ebb) sraw    t4, t1, s10
core   0: 1 0x00000000800056a2 (0x41a35ebb) x29 0x0000000000000000
core   0: 0x00000000800056a6 (0x00000001) c.nop
core   0: 1 0x00000000800056a6 (0x0001)
core   0: 0x00000000800056a8 (0xc209f7d3) fcvt.w.d a5, fs3
core   0: 1 0x00000000800056a8 (0xc209f7d3) c1_fflags 0x000000000000001f x15 0x0000000000000000
core   0: 0x00000000800056ac (0x002029f3) csrrs   s3, frm, zero
core   0: 1 0x00000000800056ac (0x002029f3) x19 0x0000000000000000
core   0: 0x00000000800056b0 (0x02c17b3b) remuw   s6, sp, a2
core   0: 1 0x00000000800056b0 (0x02c17b3b) x22 0x000000007fffffff
core   0: 0x00000000800056b4 (0x00e5909b) slliw   ra, a1, 14
core   0: 1 0x00000000800056b4 (0x00e5909b) x1  0x0000000000000000
core   0: 0x00000000800056b8 (0x00ad933b) sllw    t1, s11, a0
core   0: 1 0x00000000800056b8 (0x00ad933b) x6  0x0000000000000002
core   0: 0x00000000800056bc (0x41d4dd93) srai    s11, s1, 29
core   0: 1 0x00000000800056bc (0x41d4dd93) x27 0xfffffffffffffffd
core   0: 0x00000000800056c0 (0x001bdd9b) srliw   s11, s7, 1
core   0: 1 0x00000000800056c0 (0x001bdd9b) x27 0x0000000000000000
core   0: 0x00000000800056c4 (0x501ce293) ori     t0, s9, 1281
core   0: 1 0x00000000800056c4 (0x501ce293) x5  0x0000000000000501
core   0: 0x00000000800056c8 (0x01d29233) sll     tp, t0, t4
core   0: 1 0x00000000800056c8 (0x01d29233) x4  0x0000000000000501
core   0: 0x00000000800056cc (0x004ed33b) srlw    t1, t4, tp
core   0: 1 0x00000000800056cc (0x004ed33b) x6  0x0000000000000000
core   0: 0x00000000800056d0 (0x0000197e) c.slli  s2, 63
core   0: 1 0x00000000800056d0 (0x197e) x18 0x8000000000000000
core   0: 0x00000000800056d2 (0x61b14b93) xori    s7, sp, 1563
core   0: 1 0x00000000800056d2 (0x61b14b93) x23 0x000000007ffff9e4
core   0: 0x00000000800056d6 (0xd029f853) fcvt.s.l fa6, s3
core   0: 1 0x00000000800056d6 (0xd029f853) f16 0xffffffff00000000
core   0: 0x00000000800056da (0x5254c617) auipc   a2, 0x5254c
core   0: 1 0x00000000800056da (0x5254c617) x12 0x00000000d25516da
core   0: 0x00000000800056de (0x000016ba) c.slli  a3, 46
core   0: 1 0x00000000800056de (0x16ba) x13 0xffffc00000000000
core   0: 0x00000000800056e0 (0x0368f933) remu    s2, a7, s6
core   0: 1 0x00000000800056e0 (0x0368f933) x18 0x0000000000000087
core   0: 0x00000000800056e4 (0x03533c37) lui     s8, 0x3533
core   0: 1 0x00000000800056e4 (0x03533c37) x24 0x0000000003533000
core   0: 0x00000000800056e8 (0x15fc0c1b) addiw   s8, s8, 351
core   0: 1 0x00000000800056e8 (0x15fc0c1b) x24 0x000000000353315f
core   0: 0x00000000800056ec (0x00000c32) c.slli  s8, 12
core   0: 1 0x00000000800056ec (0x0c32) x24 0x000000353315f000
core   0: 0x00000000800056ee (0x7e2c0c13) addi    s8, s8, 2018
core   0: 1 0x00000000800056ee (0x7e2c0c13) x24 0x000000353315f7e2
core   0: 0x00000000800056f2 (0x01188db3) add     s11, a7, a7
core   0: 1 0x00000000800056f2 (0x01188db3) x27 0xffffffff00000108
core   0: 0x00000000800056f6 (0xc217f9d3) fcvt.wu.d s3, fa5
core   0: 1 0x00000000800056f6 (0xc217f9d3) c1_fflags 0x000000000000001f x19 0xffffffffffffffff
core   0: 0x00000000800056fa (0x01a0873b) addw    a4, ra, s10
core   0: 1 0x00000000800056fa (0x01a0873b) x14 0xffffffffffc00030
core   0: 0x00000000800056fe (0x22590953) fsgnj.d fs2, fs2, ft5
core   0: 1 0x00000000800056fe (0x22590953) f18 0x7ff8000000000000
core   0: 0x0000000080005702 (0x00000001) c.nop
core   0: 1 0x0000000080005702 (0x0001)
core   0: 0x0000000080005704 (0x00e74933) xor     s2, a4, a4
core   0: 1 0x0000000080005704 (0x00e74933) x18 0x0000000000000000
core   0: 0x0000000080005708 (0x40eb09bb) subw    s3, s6, a4
core   0: 1 0x0000000080005708 (0x40eb09bb) x19 0xffffffff803fffcf
core   0: 0x000000008000570c (0xfff0a313) slti    t1, ra, -1
core   0: 1 0x000000008000570c (0xfff0a313) x6  0x0000000000000000
core   0: 0x0000000080005710 (0x0063953b) sllw    a0, t2, t1
core   0: 1 0x0000000080005710 (0x0063953b) x10 0x0000000000000000
core   0: 0x0000000080005714 (0x00000001) c.nop
core   0: 1 0x0000000080005714 (0x0001)
core   0: 0x0000000080005716 (0x0023d6b3) srl     a3, t2, sp
core   0: 1 0x0000000080005716 (0x0023d6b3) x13 0x0000000000000000
core   0: 0x000000008000571a (0x3e2737b7) lui     a5, 0x3e273
core   0: 1 0x000000008000571a (0x3e2737b7) x15 0x000000003e273000
core   0: 0x000000008000571e (0x0145eb33) or      s6, a1, s4
core   0: 1 0x000000008000571e (0x0145eb33) x22 0x0000000800000001
core   0: 0x0000000080005722 (0x800b6213) ori     tp, s6, -2048
core   0: 1 0x0000000080005722 (0x800b6213) x4  0xfffffffffffff801
core   0: 0x0000000080005726 (0x0007571b) srliw   a4, a4, 0
core   0: 1 0x0000000080005726 (0x0007571b) x14 0xffffffffffc00030
core   0: 0x000000008000572a (0x40f659b3) sra     s3, a2, a5
core   0: 1 0x000000008000572a (0x40f659b3) x19 0x00000000d25516da
core   0: 0x000000008000572e (0x00008085) c.srli  s1, 1
core   0: 1 0x000000008000572e (0x8085) x9  0x7fffffffdc52f209
core   0: 0x0000000080005730 (0x13e37143) fmadd.d ft2, ft6, ft10, ft2
core   0: 1 0x0000000080005730 (0x13e37143) f2  0x7ff8000000000000
core   0: 0x0000000080005734 (0x4007529b) sraiw   t0, a4, 0
core   0: 1 0x0000000080005734 (0x4007529b) x5  0xffffffffffc00030
core   0: 0x0000000080005738 (0x009344b3) xor     s1, t1, s1
core   0: 1 0x0000000080005738 (0x009344b3) x9  0x7fffffffdc52f209
core   0: 0x000000008000573c (0x41ae8ebb) subw    t4, t4, s10
core   0: 1 0x000000008000573c (0x41ae8ebb) x29 0x00000000003fffd0
core   0: 0x0000000080005740 (0x01d24433) xor     s0, tp, t4
core   0: 1 0x0000000080005740 (0x01d24433) x8  0xffffffffffc007d1
core   0: 0x0000000080005744 (0x00845a33) srl     s4, s0, s0
core   0: 1 0x0000000080005744 (0x00845a33) x20 0x00007fffffffffe0
core   0: 0x0000000080005748 (0xa20301d3) fle.d   gp, ft6, ft0
core   0: 1 0x0000000080005748 (0xa20301d3) c1_fflags 0x000000000000001f x3  0x0000000000000000
core   0: 0x000000008000574c (0x01371cbb) sllw    s9, a4, s3
core   0: 1 0x000000008000574c (0x01371cbb) x25 0xffffffffc0000000
core   0: 0x0000000080005750 (0x403908b3) sub     a7, s2, gp
core   0: 1 0x0000000080005750 (0x403908b3) x17 0x0000000000000000
core   0: 0x0000000080005754 (0x1a2d7253) fdiv.d  ft4, fs10, ft2
core   0: 1 0x0000000080005754 (0x1a2d7253) f4  0x7ff8000000000000
core   0: 0x0000000080005758 (0x141afe73) csrrci  t3, sepc, 21
core   0: 1 0x0000000080005758 (0x141afe73) x28 0x0000000000000010 c321_sepc 0x0000000000000000
core   0: 0x000000008000575c (0x26c14e93) xori    t4, sp, 620
core   0: 1 0x000000008000575c (0x26c14e93) x29 0x000000007ffffd93
core   0: 0x0000000080005760 (0xc2197ed3) fcvt.wu.d t4, fs2
core   0: 1 0x0000000080005760 (0xc2197ed3) c1_fflags 0x000000000000001f x29 0xffffffffffffffff
core   0: 0x0000000080005764 (0xc23276d3) fcvt.lu.d a3, ft4
core   0: 1 0x0000000080005764 (0xc23276d3) c1_fflags 0x000000000000001f x13 0xffffffffffffffff
core   0: 0x0000000080005768 (0x2a8503d3) fmin.d  ft7, fa0, fs0
core   0: 1 0x0000000080005768 (0x2a8503d3) f7  0x7ff8000000000000
core   0: 0x000000008000576c (0x0b7efed3) fsub.d  ft9, ft9, fs7
core   0: 1 0x000000008000576c (0x0b7efed3) f29 0x7ff8000000000000
core   0: 0x0000000080005770 (0x0048163b) sllw    a2, a6, tp
core   0: 1 0x0000000080005770 (0x0048163b) x12 0xfffffffffffffac4
core   0: 0x0000000080005774 (0x238f8453) fsgnj.d fs0, ft11, fs8
core   0: 1 0x0000000080005774 (0x238f8453) f8  0xfff8000000000000
core   0: 0x0000000080005778 (0x4002531b) sraiw   t1, tp, 0
core   0: 1 0x0000000080005778 (0x4002531b) x6  0xfffffffffffff801
core   0: 0x000000008000577c (0x00008a12) c.mv    s4, tp
core   0: 1 0x000000008000577c (0x8a12) x20 0xfffffffffffff801
core   0: 0x000000008000577e (0x025a69b3) rem     s3, s4, t0
core   0: 1 0x000000008000577e (0x025a69b3) x19 0xfffffffffffff801
core   0: 0x0000000080005782 (0x8b24f8cf) fnmadd.d fa7, fs1, fs2, fa7
core   0: 1 0x0000000080005782 (0x8b24f8cf) f17 0x7ff8000000000000
core   0: 0x0000000080005786 (0x0122193b) sllw    s2, tp, s2
core   0: 1 0x0000000080005786 (0x0122193b) x18 0xfffffffffffff801
core   0: 0x000000008000578a (0xd278f0cb) fnmsub.d ft1, fa7, ft7, fs10
core   0: 1 0x000000008000578a (0xd278f0cb) f1  0x7ff8000000000000
core   0: 0x000000008000578e (0x01416133) or      sp, sp, s4
core   0: 1 0x000000008000578e (0x01416133) x2  0xffffffffffffffff
core   0: 0x0000000080005792 (0xb2db76c7) fmsub.d fa3, fs6, fa3, fs6
core   0: 1 0x0000000080005792 (0xb2db76c7) f13 0x7ff8000000000000
core   0: 0x0000000080005796 (0x02791537) lui     a0, 0x2791
core   0: 1 0x0000000080005796 (0x02791537) x10 0x0000000002791000
core   0: 0x000000008000579a (0x9ad5051b) addiw   a0, a0, -1619
core   0: 1 0x000000008000579a (0x9ad5051b) x10 0x00000000027909ad
core   0: 0x000000008000579e (0x00000532) c.slli  a0, 12
core   0: 1 0x000000008000579e (0x0532) x10 0x00000027909ad000
core   0: 0x00000000800057a0 (0xa8a50513) addi    a0, a0, -1398
core   0: 1 0x00000000800057a0 (0xa8a50513) x10 0x00000027909aca8a
core   0: 0x00000000800057a4 (0x0a16fec3) fmadd.d ft9, fa3, ft1, ft1
core   0: 1 0x00000000800057a4 (0x0a16fec3) f29 0x7ff8000000000000
core   0: 0x00000000800057a8 (0xc03b7b53) fcvt.lu.s s6, fs6
core   0: 1 0x00000000800057a8 (0xc03b7b53) c1_fflags 0x000000000000001f x22 0xffffffffffffffff
core   0: 0x00000000800057ac (0x00864e33) xor     t3, a2, s0
core   0: 1 0x00000000800057ac (0x00864e33) x28 0x00000000003ffd15
core   0: 0x00000000800057b0 (0x022bea33) rem     s4, s7, sp
core   0: 1 0x00000000800057b0 (0x022bea33) x20 0x0000000000000000
core   0: 0x00000000800057b4 (0x9ac6f647) fmsub.d fa2, fa3, fa2, fs3
core   0: 1 0x00000000800057b4 (0x9ac6f647) f12 0x7ff8000000000000
core   0: 0x00000000800057b8 (0x1e61b8b7) lui     a7, 0x1e61b
core   0: 1 0x00000000800057b8 (0x1e61b8b7) x17 0x000000001e61b000
core   0: 0x00000000800057bc (0x00102af3) csrrs   s5, fflags, zero
core   0: 1 0x00000000800057bc (0x00102af3) x21 0x000000000000001f
core   0: 0x00000000800057c0 (0x23d10a53) fsgnj.d fs4, ft2, ft9
core   0: 1 0x00000000800057c0 (0x23d10a53) f20 0x7ff8000000000000
core   0: 0x00000000800057c4 (0x420e0cd3) fcvt.d.s fs9, ft8
core   0: 1 0x00000000800057c4 (0x420e0cd3) f25 0x7ff8000000000000
core   0: 0x00000000800057c8 (0x1bbe7dd3) fdiv.d  fs11, ft8, fs11
core   0: 1 0x00000000800057c8 (0x1bbe7dd3) f27 0x7ff8000000000000
core   0: 0x00000000800057cc (0x23b91253) fsgnjn.d ft4, fs2, fs11
core   0: 1 0x00000000800057cc (0x23b91253) f4  0xfff8000000000000
core   0: 0x00000000800057d0 (0xd21a8fd3) fcvt.d.wu ft11, s5
core   0: 1 0x00000000800057d0 (0xd21a8fd3) f31 0x403f000000000000
core   0: 0x00000000800057d4 (0x0ff0000f) fence   iorw,iorw
core   0: 1 0x00000000800057d4 (0x0ff0000f)
core   0: 0x00000000800057d8 (0x42090753) fcvt.d.s fa4, fs2
core   0: 1 0x00000000800057d8 (0x42090753) f14 0x7ff8000000000000
core   0: 0x00000000800057dc (0x483b869b) addiw   a3, s7, 1155
core   0: 1 0x00000000800057dc (0x483b869b) x13 0x000000007ffffe67
core   0: 0x00000000800057e0 (0xf2088a53) fmv.d.x fs4, a7
core   0: 1 0x00000000800057e0 (0xf2088a53) f20 0x000000001e61b000
core   0: 0x00000000800057e4 (0x035edebb) divuw   t4, t4, s5
core   0: 1 0x00000000800057e4 (0x035edebb) x29 0x0000000008421084
core   0: 0x00000000800057e8 (0x0217c6bb) divw    a3, a5, ra
core   0: 1 0x00000000800057e8 (0x0217c6bb) x13 0xffffffffffffffff
core   0: 0x00000000800057ec (0x0a3dfdd3) fsub.d  fs11, fs11, ft3
core   0: 1 0x00000000800057ec (0x0a3dfdd3) f27 0x7ff8000000000000
core   0: 0x00000000800057f0 (0x01a58933) add     s2, a1, s10
core   0: 1 0x00000000800057f0 (0x01a58933) x18 0x00000007ffc00030
core   0: 0x00000000800057f4 (0xa23a0453) fle.d   s0, fs4, ft3
core   0: 1 0x00000000800057f4 (0xa23a0453) x8  0x0000000000000000
core   0: 0x00000000800057f8 (0x058fcc37) lui     s8, 0x58fc
core   0: 1 0x00000000800057f8 (0x058fcc37) x24 0x00000000058fc000
core   0: 0x00000000800057fc (0xf05c0c1b) addiw   s8, s8, -251
core   0: 1 0x00000000800057fc (0xf05c0c1b) x24 0x00000000058fbf05
core   0: 0x0000000080005800 (0x00000c32) c.slli  s8, 12
core   0: 1 0x0000000080005800 (0x0c32) x24 0x00000058fbf05000
core   0: 0x0000000080005802 (0x9a5c0c13) addi    s8, s8, -1627
core   0: 1 0x0000000080005802 (0x9a5c0c13) x24 0x00000058fbf049a5
core   0: 0x0000000080005806 (0xd2170553) fcvt.d.wu fa0, a4
core   0: 1 0x0000000080005806 (0xd2170553) f10 0x41eff80006000000
core   0: 0x000000008000580a (0x02cca733) mulhsu  a4, s9, a2
core   0: 1 0x000000008000580a (0x02cca733) x14 0xffffffffc0000000
core   0: 0x000000008000580e (0xc2b57347) fmsub.d ft6, fa0, fa1, fs8
core   0: 1 0x000000008000580e (0xc2b57347) f6  0x7ff8000000000000
core   0: 0x0000000080005812 (0xc21c77d3) fcvt.wu.d a5, fs8
core   0: 1 0x0000000080005812 (0xc21c77d3) c1_fflags 0x000000000000001f x15 0xffffffffffffffff
core   0: 0x0000000080005816 (0x00000001) c.nop
core   0: 1 0x0000000080005816 (0x0001)
core   0: 0x0000000080005818 (0x22341253) fsgnjn.d ft4, fs0, ft3
core   0: 1 0x0000000080005818 (0x22341253) f4  0x7ff8000000000000
core   0: 0x000000008000581c (0x0397e7bb) remw    a5, a5, s9
core   0: 1 0x000000008000581c (0x0397e7bb) x15 0xffffffffffffffff
core   0: 0x0000000080005820 (0x02ec8733) mul     a4, s9, a4
core   0: 1 0x0000000080005820 (0x02ec8733) x14 0x1000000000000000
core   0: 0x0000000080005824 (0x228587d3) fsgnj.d fa5, fa1, fs0
core   0: 1 0x0000000080005824 (0x228587d3) f15 0xfff8000000000000
core   0: 0x0000000080005828 (0xd21789d3) fcvt.d.wu fs3, a5
core   0: 1 0x0000000080005828 (0xd21789d3) f19 0x41efffffffe00000
core   0: 0x000000008000582c (0xc2317cd3) fcvt.lu.d s9, ft2
core   0: 1 0x000000008000582c (0xc2317cd3) c1_fflags 0x000000000000001f x25 0xffffffffffffffff
core   0: 0x0000000080005830 (0x3425b5f3) csrrc   a1, mcause, a1
core   0: exception trap_illegal_instruction, epc 0x0000000080005830
core   0:           tval 0x000000003425b5f3
core   0: >>>>  $xrv64i2p1_m2p0_a2p1_f2p2_d2p2_zicsr2p0_zifencei2p0_zmmul1p0_zba1p0_zbb1p0_zbc1p0_zbs1p0
core   0: 0x0000000080004000 (0x0080006f) j       pc + 0x8
core   0: 3 0x0000000080004000 (0x0080006f)
core   0: >>>>  mmode_exception_handler
core   0: 0x0000000080004008 (0x00002c17) auipc   s8, 0x2
core   0: 3 0x0000000080004008 (0x00002c17) x24 0x0000000080006008
core   0: 0x000000008000400c (0x062c0c13) addi    s8, s8, 98
core   0: 3 0x000000008000400c (0x062c0c13) x24 0x000000008000606a
core   0: 0x0000000080004010 (0x000c00e7) jalr    s8
core   0: 3 0x0000000080004010 (0x000c00e7) x1  0x0000000080004014
core   0: >>>>  any_handler
core   0: 0x000000008000606a (0x341027f3) csrrs   a5, mepc, zero
core   0: 3 0x000000008000606a (0x341027f3) x15 0x0000000080005830
core   0: 0x000000008000606e (0x34202773) csrrs   a4, mcause, zero
core   0: 3 0x000000008000606e (0x34202773) x14 0x0000000000000002
core   0: 0x0000000080006072 (0x142026f3) csrrs   a3, scause, zero
core   0: 3 0x0000000080006072 (0x142026f3) x13 0x0000000000000000
core   0: 0x0000000080006076 (0x30402673) csrrs   a2, mie, zero
core   0: 3 0x0000000080006076 (0x30402673) x12 0x0000000000000a00
core   0: 0x000000008000607a (0x344025f3) csrrs   a1, mip, zero
core   0: 3 0x000000008000607a (0x344025f3) x11 0x0000000000000080
core   0: 0x000000008000607e (0x343025f3) csrrs   a1, mtval, zero
core   0: 3 0x000000008000607e (0x343025f3) x11 0x000000003425b5f3
core   0: 0x0000000080006082 (0x14302573) csrrs   a0, stval, zero
core   0: 3 0x0000000080006082 (0x14302573) x10 0x0000000000000001
core   0: 0x0000000080006086 (0xb02024f3) csrrs   s1, minstret, zero
core   0: 3 0x0000000080006086 (0xb02024f3) x9  0x0000000000000f88
core   0: 0x000000008000608a (0x0000a811) c.j     pc + 20
core   0: 3 0x000000008000608a (0xa811)
core   0: >>>>  mepc_4
core   0: 0x000000008000609e (0x00000791) c.addi  a5, 4
core   0: 3 0x000000008000609e (0x0791) x15 0x0000000080005834
core   0: 0x00000000800060a0 (0x34179073) csrrw   zero, mepc, a5
core   0: 3 0x00000000800060a0 (0x34179073) c833_mepc 0x0000000080005834
core   0: 0x00000000800060a4 (0x30200073) mret
core   0: 3 0x00000000800060a4 (0x30200073) c768_mstatus 0x8000000a00106080
core   0: 0x0000000080005834 (0x00bb2533) slt     a0, s6, a1
core   0: 1 0x0000000080005834 (0x00bb2533) x10 0x0000000000000001
core   0: 0x0000000080005838 (0x7ff1c393) xori    t2, gp, 2047
core   0: 1 0x0000000080005838 (0x7ff1c393) x7  0x00000000000007ff
core   0: 0x000000008000583c (0x02990033) mul     zero, s2, s1
core   0: 1 0x000000008000583c (0x02990033)
core   0: 0x0000000080005840 (0x00000001) c.nop
core   0: 1 0x0000000080005840 (0x0001)
core   0: 0x0000000080005842 (0xc03178d3) fcvt.lu.s a7, ft2
core   0: 1 0x0000000080005842 (0xc03178d3) c1_fflags 0x000000000000001f x17 0xffffffffffffffff
core   0: 0x0000000080005846 (0x00000001) c.nop
core   0: 1 0x0000000080005846 (0x0001)
core   0: 0x0000000080005848 (0x22de2d53) fsgnjx.d fs10, ft8, fa3
core   0: 1 0x0000000080005848 (0x22de2d53) f26 0x0000000000000000
core   0: 0x000000008000584c (0x001024f3) csrrs   s1, fflags, zero
core   0: 1 0x000000008000584c (0x001024f3) x9  0x000000000000001f
core   0: 0x0000000080005850 (0x0132d29b) srliw   t0, t0, 19
core   0: 1 0x0000000080005850 (0x0132d29b) x5  0x0000000000001ff8
core   0: 0x0000000080005854 (0xc229fa53) fcvt.l.d s4, fs3
core   0: 1 0x0000000080005854 (0xc229fa53) x20 0x00000000ffffffff
core   0: 0x0000000080005858 (0x420888d3) fcvt.d.s fa7, fa7
core   0: 1 0x0000000080005858 (0x420888d3) f17 0x7ff8000000000000
core   0: 0x000000008000585c (0x039a4cbb) divw    s9, s4, s9
core   0: 1 0x000000008000585c (0x039a4cbb) x25 0x0000000000000001
core   0: 0x0000000080005860 (0x0ff0000f) fence   iorw,iorw
core   0: 1 0x0000000080005860 (0x0ff0000f)
core   0: 0x0000000080005864 (0xcf7a8393) addi    t2, s5, -777
core   0: 1 0x0000000080005864 (0xcf7a8393) x7  0xfffffffffffffd16
core   0: 0x0000000080005868 (0x0125d59b) srliw   a1, a1, 18
core   0: 1 0x0000000080005868 (0x0125d59b) x11 0x0000000000000d09
core   0: 0x000000008000586c (0xd30d7ec7) fmsub.d ft9, fs10, fa6, fs10
core   0: 1 0x000000008000586c (0xd30d7ec7) f29 0x7ff8000000000000
core   0: 0x0000000080005870 (0x23ad2dd3) fsgnjx.d fs11, fs10, fs10
core   0: 1 0x0000000080005870 (0x23ad2dd3) f27 0x0000000000000000
core   0: 0x0000000080005874 (0x0ff0000f) fence   iorw,iorw
core   0: 1 0x0000000080005874 (0x0ff0000f)
core   0: 0x0000000080005878 (0xc20efc53) fcvt.w.d s8, ft9
core   0: 1 0x0000000080005878 (0xc20efc53) c1_fflags 0x000000000000001f x24 0x000000007fffffff
core   0: 0x000000008000587c (0x000c6793) ori     a5, s8, 0
core   0: 1 0x000000008000587c (0x000c6793) x15 0x000000007fffffff
core   0: 0x0000000080005880 (0x035aeab3) rem     s5, s5, s5
core   0: 1 0x0000000080005880 (0x035aeab3) x21 0x0000000000000000
core   0: 0x0000000080005884 (0x2b8d8853) fmin.d  fa6, fs11, fs8
core   0: 1 0x0000000080005884 (0x2b8d8853) f16 0x0000000000000000
core   0: 0x0000000080005888 (0x02da8dbb) mulw    s11, s5, a3
core   0: 1 0x0000000080005888 (0x02da8dbb) x27 0x0000000000000000
core   0: 0x000000008000588c (0xc20878d3) fcvt.w.d a7, fa6
core   0: 1 0x000000008000588c (0xc20878d3) x17 0x0000000000000000
core   0: 0x0000000080005890 (0x082870b7) lui     ra, 0x8287
core   0: 1 0x0000000080005890 (0x082870b7) x1  0x0000000008287000
core   0: 0x0000000080005894 (0x413dc593) xori    a1, s11, 1043
core   0: 1 0x0000000080005894 (0x413dc593) x11 0x0000000000000413
core   0: 0x0000000080005898 (0x01740133) add     sp, s0, s7
core   0: 1 0x0000000080005898 (0x01740133) x2  0x000000007ffff9e4
core   0: 0x000000008000589c (0x133773d3) fmul.d  ft7, fa4, fs3
core   0: 1 0x000000008000589c (0x133773d3) f7  0x7ff8000000000000
core   0: 0x00000000800058a0 (0xc023fc53) fcvt.l.s s8, ft7
core   0: 1 0x00000000800058a0 (0xc023fc53) c1_fflags 0x000000000000001f x24 0x7fffffffffffffff
core   0: 0x00000000800058a4 (0xc23076d3) fcvt.lu.d a3, ft0
core   0: 1 0x00000000800058a4 (0xc23076d3) c1_fflags 0x000000000000001f x13 0xffffffffffffffff
core   0: 0x00000000800058a8 (0x131778d3) fmul.d  fa7, fa4, fa7
core   0: 1 0x00000000800058a8 (0x131778d3) f17 0x7ff8000000000000
core   0: 0x00000000800058ac (0x405289b3) sub     s3, t0, t0
core   0: 1 0x00000000800058ac (0x405289b3) x19 0x0000000000000000
core   0: 0x00000000800058b0 (0x1bd1f953) fdiv.d  fs2, ft3, ft9
core   0: 1 0x00000000800058b0 (0x1bd1f953) f18 0x7ff8000000000000
core   0: 0x00000000800058b4 (0xd20e0453) fcvt.d.w fs0, t3
core   0: 1 0x00000000800058b4 (0xd20e0453) f8  0x414ffe8a80000000
core   0: 0x00000000800058b8 (0x0062d213) srli    tp, t0, 6
core   0: 1 0x00000000800058b8 (0x0062d213) x4  0x000000000000007f
core   0: 0x00000000800058bc (0xf7460913) addi    s2, a2, -140
core   0: 1 0x00000000800058bc (0xf7460913) x18 0x0000000000000974
core   0: 0x00000000800058c0 (0x00000676) c.slli  a2, 29
core   0: 1 0x00000000800058c0 (0x0676) x12 0x0000014000000000
core   0: 0x00000000800058c2 (0x1a3f70c7) fmsub.d ft1, ft10, ft3, ft3
core   0: 1 0x00000000800058c2 (0x1a3f70c7) f1  0x7ff8000000000000
core   0: 0x00000000800058c6 (0x22340853) fsgnj.d fa6, fs0, ft3
core   0: 1 0x00000000800058c6 (0x22340853) f16 0xc14ffe8a80000000
core   0: 0x00000000800058ca (0xd21b0cd3) fcvt.d.wu fs9, s6
core   0: 1 0x00000000800058ca (0xd21b0cd3) f25 0x41efffffffe00000
core   0: 0x00000000800058ce (0x2a949053) fmax.d  ft0, fs1, fs1
core   0: 1 0x00000000800058ce (0x2a949053) f0  0x7ff8000000000000
core   0: 0x00000000800058d2 (0x0091113b) sllw    sp, sp, s1
core   0: 1 0x00000000800058d2 (0x0091113b) x2  0x0000000000000000
core   0: 0x00000000800058d6 (0x000ede9b) srliw   t4, t4, 0
core   0: 1 0x00000000800058d6 (0x000ede9b) x29 0x0000000008421084
core   0: 0x00000000800058da (0x41f1d69b) sraiw   a3, gp, 31
core   0: 1 0x00000000800058da (0x41f1d69b) x13 0x0000000000000000
core   0: 0x00000000800058de (0x00b19cbb) sllw    s9, gp, a1
core   0: 1 0x00000000800058de (0x00b19cbb) x25 0x0000000000000000
core   0: 0x00000000800058e2 (0x406ed8bb) sraw    a7, t4, t1
core   0: 1 0x00000000800058e2 (0x406ed8bb) x17 0x0000000004210842
core   0: 0x00000000800058e6 (0x401a7ad3) fcvt.s.d fs5, fs4
core   0: 1 0x00000000800058e6 (0x401a7ad3) c1_fflags 0x000000000000001f f21 0xffffffff00000000
core   0: 0x00000000800058ea (0x40e30c3b) subw    s8, t1, a4
core   0: 1 0x00000000800058ea (0x40e30c3b) x24 0xfffffffffffff7ff
core   0: 0x00000000800058ee (0x0002121b) slliw   tp, tp, 0
core   0: 1 0x00000000800058ee (0x0002121b) x4  0x000000000000007f
core   0: 0x00000000800058f2 (0x4008de13) srai    t3, a7, 0
core   0: 1 0x00000000800058f2 (0x4008de13) x28 0x0000000004210842
core   0: 0x00000000800058f6 (0x41c0073b) subw    a4, zero, t3
core   0: 1 0x00000000800058f6 (0x41c0073b) x14 0xfffffffffbdef7be
core   0: 0x00000000800058fa (0x5a0179d3) fsqrt.d fs3, ft2
core   0: 1 0x00000000800058fa (0x5a0179d3) f19 0x7ff8000000000000
core   0: 0x00000000800058fe (0x00cbfbb3) and     s7, s7, a2
core   0: 1 0x00000000800058fe (0x00cbfbb3) x23 0x0000000000000000
core   0: 0x0000000080005902 (0x342b94f3) csrrw   s1, mcause, s7
core   0: exception trap_illegal_instruction, epc 0x0000000080005902
core   0:           tval 0x00000000342b94f3
core   0: >>>>  $xrv64i2p1_m2p0_a2p1_f2p2_d2p2_zicsr2p0_zifencei2p0_zmmul1p0_zba1p0_zbb1p0_zbc1p0_zbs1p0
core   0: 0x0000000080004000 (0x0080006f) j       pc + 0x8
core   0: 3 0x0000000080004000 (0x0080006f)
core   0: >>>>  mmode_exception_handler
core   0: 0x0000000080004008 (0x00002c17) auipc   s8, 0x2
core   0: 3 0x0000000080004008 (0x00002c17) x24 0x0000000080006008
core   0: 0x000000008000400c (0x062c0c13) addi    s8, s8, 98
core   0: 3 0x000000008000400c (0x062c0c13) x24 0x000000008000606a
core   0: 0x0000000080004010 (0x000c00e7) jalr    s8
core   0: 3 0x0000000080004010 (0x000c00e7) x1  0x0000000080004014
core   0: >>>>  any_handler
core   0: 0x000000008000606a (0x341027f3) csrrs   a5, mepc, zero
core   0: 3 0x000000008000606a (0x341027f3) x15 0x0000000080005902
core   0: 0x000000008000606e (0x34202773) csrrs   a4, mcause, zero
core   0: 3 0x000000008000606e (0x34202773) x14 0x0000000000000002
core   0: 0x0000000080006072 (0x142026f3) csrrs   a3, scause, zero
core   0: 3 0x0000000080006072 (0x142026f3) x13 0x0000000000000000
core   0: 0x0000000080006076 (0x30402673) csrrs   a2, mie, zero
core   0: 3 0x0000000080006076 (0x30402673) x12 0x0000000000000a00
core   0: 0x000000008000607a (0x344025f3) csrrs   a1, mip, zero
core   0: 3 0x000000008000607a (0x344025f3) x11 0x0000000000000080
core   0: 0x000000008000607e (0x343025f3) csrrs   a1, mtval, zero
core   0: 3 0x000000008000607e (0x343025f3) x11 0x00000000342b94f3
core   0: 0x0000000080006082 (0x14302573) csrrs   a0, stval, zero
core   0: 3 0x0000000080006082 (0x14302573) x10 0x0000000000000001
core   0: 0x0000000080006086 (0xb02024f3) csrrs   s1, minstret, zero
core   0: 3 0x0000000080006086 (0xb02024f3) x9  0x0000000000000fcd
core   0: 0x000000008000608a (0x0000a811) c.j     pc + 20
core   0: 3 0x000000008000608a (0xa811)
core   0: >>>>  mepc_4
core   0: 0x000000008000609e (0x00000791) c.addi  a5, 4
core   0: 3 0x000000008000609e (0x0791) x15 0x0000000080005906
core   0: 0x00000000800060a0 (0x34179073) csrrw   zero, mepc, a5
core   0: 3 0x00000000800060a0 (0x34179073) c833_mepc 0x0000000080005906
core   0: 0x00000000800060a4 (0x30200073) mret
core   0: 3 0x00000000800060a4 (0x30200073) c768_mstatus 0x8000000a00106080
core   0: 0x0000000080005906 (0x401573d3) fcvt.s.d ft7, fa0
core   0: 1 0x0000000080005906 (0x401573d3) c1_fflags 0x000000000000001f f7  0xffffffff4f7fc000
core   0: 0x000000008000590a (0x411d5d33) sra     s10, s10, a7
core   0: 1 0x000000008000590a (0x411d5d33) x26 0xfffffffffff0000c
core   0: 0x000000008000590e (0x40925d3b) sraw    s10, tp, s1
core   0: 1 0x000000008000590e (0x40925d3b) x26 0x0000000000000000
core   0: 0x0000000080005912 (0xc01fd173) csrrwi  sp, time, 31
core   0: exception trap_illegal_instruction, epc 0x0000000080005912
core   0:           tval 0x00000000c01fd173
core   0: >>>>  $xrv64i2p1_m2p0_a2p1_f2p2_d2p2_zicsr2p0_zifencei2p0_zmmul1p0_zba1p0_zbb1p0_zbc1p0_zbs1p0
core   0: 0x0000000080004000 (0x0080006f) j       pc + 0x8
core   0: 3 0x0000000080004000 (0x0080006f)
core   0: >>>>  mmode_exception_handler
core   0: 0x0000000080004008 (0x00002c17) auipc   s8, 0x2
core   0: 3 0x0000000080004008 (0x00002c17) x24 0x0000000080006008
core   0: 0x000000008000400c (0x062c0c13) addi    s8, s8, 98
core   0: 3 0x000000008000400c (0x062c0c13) x24 0x000000008000606a
core   0: 0x0000000080004010 (0x000c00e7) jalr    s8
core   0: 3 0x0000000080004010 (0x000c00e7) x1  0x0000000080004014
core   0: >>>>  any_handler
core   0: 0x000000008000606a (0x341027f3) csrrs   a5, mepc, zero
core   0: 3 0x000000008000606a (0x341027f3) x15 0x0000000080005912
core   0: 0x000000008000606e (0x34202773) csrrs   a4, mcause, zero
core   0: 3 0x000000008000606e (0x34202773) x14 0x0000000000000002
core   0: 0x0000000080006072 (0x142026f3) csrrs   a3, scause, zero
core   0: 3 0x0000000080006072 (0x142026f3) x13 0x0000000000000000
core   0: 0x0000000080006076 (0x30402673) csrrs   a2, mie, zero
core   0: 3 0x0000000080006076 (0x30402673) x12 0x0000000000000a00
core   0: 0x000000008000607a (0x344025f3) csrrs   a1, mip, zero
core   0: 3 0x000000008000607a (0x344025f3) x11 0x0000000000000080
core   0: 0x000000008000607e (0x343025f3) csrrs   a1, mtval, zero
core   0: 3 0x000000008000607e (0x343025f3) x11 0x00000000c01fd173
core   0: 0x0000000080006082 (0x14302573) csrrs   a0, stval, zero
core   0: 3 0x0000000080006082 (0x14302573) x10 0x0000000000000001
core   0: 0x0000000080006086 (0xb02024f3) csrrs   s1, minstret, zero
core   0: 3 0x0000000080006086 (0xb02024f3) x9  0x0000000000000fe0
core   0: 0x000000008000608a (0x0000a811) c.j     pc + 20
core   0: 3 0x000000008000608a (0xa811)
core   0: >>>>  mepc_4
core   0: 0x000000008000609e (0x00000791) c.addi  a5, 4
core   0: 3 0x000000008000609e (0x0791) x15 0x0000000080005916
core   0: 0x00000000800060a0 (0x34179073) csrrw   zero, mepc, a5
core   0: 3 0x00000000800060a0 (0x34179073) c833_mepc 0x0000000080005916
core   0: 0x00000000800060a4 (0x30200073) mret
core   0: 3 0x00000000800060a4 (0x30200073) c768_mstatus 0x8000000a00106080
core   0: 0x0000000080005916 (0x236a8cd3) fsgnj.d fs9, fs5, fs6
core   0: 1 0x0000000080005916 (0x236a8cd3) f25 0x7fffffff00000000
core   0: 0x000000008000591a (0x00d11c9b) slliw   s9, sp, 13
core   0: 1 0x000000008000591a (0x00d11c9b) x25 0x0000000000000000
core   0: 0x000000008000591e (0x0161e033) or      zero, gp, s6
core   0: 1 0x000000008000591e (0x0161e033)
core   0: 0x0000000080005922 (0xd2188553) fcvt.d.wu fa0, a7
core   0: 1 0x0000000080005922 (0xd2188553) f10 0x4190842108000000
core   0: 0x0000000080005926 (0x13b3f5d3) fmul.d  fa1, ft7, fs11
core   0: 1 0x0000000080005926 (0x13b3f5d3) f11 0x7ff8000000000000
core   0: 0x000000008000592a (0x020a9ab3) mulh    s5, s5, zero
core   0: 1 0x000000008000592a (0x020a9ab3) x21 0x0000000000000000
core   0: 0x000000008000592e (0x00359b3b) sllw    s6, a1, gp
core   0: 1 0x000000008000592e (0x00359b3b) x22 0xffffffffc01fd173
core   0: 0x0000000080005932 (0xfff86313) ori     t1, a6, -1
core   0: 1 0x0000000080005932 (0xfff86313) x6  0xffffffffffffffff
core   0: 0x0000000080005936 (0xba590eb7) lui     t4, 0xba590
core   0: 1 0x0000000080005936 (0xba590eb7) x29 0xffffffffba590000
core   0: 0x000000008000593a (0x02e2bab3) mulhu   s5, t0, a4
core   0: 1 0x000000008000593a (0x02e2bab3) x21 0x0000000000000000
core   0: 0x000000008000593e (0x0294ebbb) remw    s7, s1, s1
core   0: 1 0x000000008000593e (0x0294ebbb) x23 0x0000000000000000
core   0: 0x0000000080005942 (0xe20582d3) fmv.x.d t0, fa1
core   0: 1 0x0000000080005942 (0xe20582d3) x5  0x7ff8000000000000
core   0: 0x0000000080005946 (0x0ff0000f) fence   iorw,iorw
core   0: 1 0x0000000080005946 (0x0ff0000f)
core   0: 0x000000008000594a (0x00000001) c.nop
core   0: 1 0x000000008000594a (0x0001)
core   0: 0x000000008000594c (0x01d29993) slli    s3, t0, 29
core   0: 1 0x000000008000594c (0x01d29993) x19 0x0000000000000000
core   0: 0x0000000080005950 (0xc2def6c7) fmsub.d fa3, ft9, fa3, fs8
core   0: 1 0x0000000080005950 (0xc2def6c7) f13 0x7ff8000000000000
core   0: 0x0000000080005954 (0x01d98b3b) addw    s6, s3, t4
core   0: 1 0x0000000080005954 (0x01d98b3b) x22 0xffffffffba590000
core   0: 0x0000000080005958 (0x43d6d493) srai    s1, a3, 61
core   0: 1 0x0000000080005958 (0x43d6d493) x9  0x0000000000000000
core   0: 0x000000008000595c (0xd2050bd3) fcvt.d.w fs7, a0
core   0: 1 0x000000008000595c (0xd2050bd3) f23 0x3ff0000000000000
core   0: 0x0000000080005960 (0xba737b47) fmsub.d fs6, ft6, ft7, fs7
core   0: 1 0x0000000080005960 (0xba737b47) f22 0x7ff8000000000000
core   0: 0x0000000080005964 (0x03bdde33) divu    t3, s11, s11
core   0: 1 0x0000000080005964 (0x03bdde33) x28 0xffffffffffffffff
core   0: 0x0000000080005968 (0x00000001) c.nop
core   0: 1 0x0000000080005968 (0x0001)
core   0: 0x000000008000596a (0x41965d93) srai    s11, a2, 25
core   0: 1 0x000000008000596a (0x41965d93) x27 0x0000000000000000
core   0: 0x000000008000596e (0x00116393) ori     t2, sp, 1
core   0: 1 0x000000008000596e (0x00116393) x7  0x0000000000000001
core   0: 0x0000000080005972 (0xe2030b53) fmv.x.d s6, ft6
core   0: 1 0x0000000080005972 (0xe2030b53) x22 0x7ff8000000000000
core   0: 0x0000000080005976 (0xd23b7ed3) fcvt.d.lu ft9, s6
core   0: 1 0x0000000080005976 (0xd23b7ed3) f29 0x43dffe0000000000
core   0: 0x000000008000597a (0x390b4893) xori    a7, s6, 912
core   0: 1 0x000000008000597a (0x390b4893) x17 0x7ff8000000000390
core   0: 0x000000008000597e (0xd21a8353) fcvt.d.wu ft6, s5
core   0: 1 0x000000008000597e (0xd21a8353) f6  0x0000000000000000
core   0: 0x0000000080005982 (0x03a88e33) mul     t3, a7, s10
core   0: 1 0x0000000080005982 (0x03a88e33) x28 0x0000000000000000
core   0: 0x0000000080005986 (0xc033f8d3) fcvt.lu.s a7, ft7
core   0: 1 0x0000000080005986 (0xc033f8d3) x17 0x00000000ffc00000
core   0: 0x000000008000598a (0x2b930c53) fmin.d  fs8, ft6, fs9
core   0: 1 0x000000008000598a (0x2b930c53) f24 0x0000000000000000
core   0: 0x000000008000598e (0x03c4fa3b) remuw   s4, s1, t3
core   0: 1 0x000000008000598e (0x03c4fa3b) x20 0x0000000000000000
core   0: 0x0000000080005992 (0x01749813) slli    a6, s1, 23
core   0: 1 0x0000000080005992 (0x01749813) x16 0x0000000000000000
core   0: 0x0000000080005996 (0xc0307bf3) csrrci  s7, hpmcounter3, 0
core   0: exception trap_illegal_instruction, epc 0x0000000080005996
core   0:           tval 0x00000000c0307bf3
core   0: >>>>  $xrv64i2p1_m2p0_a2p1_f2p2_d2p2_zicsr2p0_zifencei2p0_zmmul1p0_zba1p0_zbb1p0_zbc1p0_zbs1p0
core   0: 0x0000000080004000 (0x0080006f) j       pc + 0x8
core   0: 3 0x0000000080004000 (0x0080006f)
core   0: >>>>  mmode_exception_handler
core   0: 0x0000000080004008 (0x00002c17) auipc   s8, 0x2
core   0: 3 0x0000000080004008 (0x00002c17) x24 0x0000000080006008
core   0: 0x000000008000400c (0x062c0c13) addi    s8, s8, 98
core   0: 3 0x000000008000400c (0x062c0c13) x24 0x000000008000606a
core   0: 0x0000000080004010 (0x000c00e7) jalr    s8
core   0: 3 0x0000000080004010 (0x000c00e7) x1  0x0000000080004014
core   0: >>>>  any_handler
core   0: 0x000000008000606a (0x341027f3) csrrs   a5, mepc, zero
core   0: 3 0x000000008000606a (0x341027f3) x15 0x0000000080005996
core   0: 0x000000008000606e (0x34202773) csrrs   a4, mcause, zero
core   0: 3 0x000000008000606e (0x34202773) x14 0x0000000000000002
core   0: 0x0000000080006072 (0x142026f3) csrrs   a3, scause, zero
core   0: 3 0x0000000080006072 (0x142026f3) x13 0x0000000000000000
core   0: 0x0000000080006076 (0x30402673) csrrs   a2, mie, zero
core   0: 3 0x0000000080006076 (0x30402673) x12 0x0000000000000a00
core   0: 0x000000008000607a (0x344025f3) csrrs   a1, mip, zero
core   0: 3 0x000000008000607a (0x344025f3) x11 0x0000000000000080
core   0: 0x000000008000607e (0x343025f3) csrrs   a1, mtval, zero
core   0: 3 0x000000008000607e (0x343025f3) x11 0x00000000c0307bf3
core   0: 0x0000000080006082 (0x14302573) csrrs   a0, stval, zero
core   0: 3 0x0000000080006082 (0x14302573) x10 0x0000000000000001
core   0: 0x0000000080006086 (0xb02024f3) csrrs   s1, minstret, zero
core   0: 3 0x0000000080006086 (0xb02024f3) x9  0x0000000000001011
core   0: 0x000000008000608a (0x0000a811) c.j     pc + 20
core   0: 3 0x000000008000608a (0xa811)
core   0: >>>>  mepc_4
core   0: 0x000000008000609e (0x00000791) c.addi  a5, 4
core   0: 3 0x000000008000609e (0x0791) x15 0x000000008000599a
core   0: 0x00000000800060a0 (0x34179073) csrrw   zero, mepc, a5
core   0: 3 0x00000000800060a0 (0x34179073) c833_mepc 0x000000008000599a
core   0: 0x00000000800060a4 (0x30200073) mret
core   0: 3 0x00000000800060a4 (0x30200073) c768_mstatus 0x8000000a00106080
core   0: 0x000000008000599a (0x01265933) srl     s2, a2, s2
core   0: 1 0x000000008000599a (0x01265933) x18 0x0000000000000000
core   0: 0x000000008000599e (0x000095ee) c.add   a1, s11
core   0: 1 0x000000008000599e (0x95ee) x11 0x00000000c0307bf3
core   0: 0x00000000800059a0 (0x036973b3) remu    t2, s2, s6
core   0: 1 0x00000000800059a0 (0x036973b3) x7  0x0000000000000000
core   0: 0x00000000800059a4 (0x0131073b) addw    a4, sp, s3
core   0: 1 0x00000000800059a4 (0x0131073b) x14 0x0000000000000000
core   0: 0x00000000800059a8 (0x02ce8a3b) mulw    s4, t4, a2
core   0: 1 0x00000000800059a8 (0x02ce8a3b) x20 0x000000007a000000
core   0: 0x00000000800059ac (0x01c0a7b7) lui     a5, 0x1c0a
core   0: 1 0x00000000800059ac (0x01c0a7b7) x15 0x0000000001c0a000
core   0: 0x00000000800059b0 (0x2b37879b) addiw   a5, a5, 691
core   0: 1 0x00000000800059b0 (0x2b37879b) x15 0x0000000001c0a2b3
core   0: 0x00000000800059b4 (0x000007b2) c.slli  a5, 12
core   0: 1 0x00000000800059b4 (0x07b2) x15 0x0000001c0a2b3000
core   0: 0x00000000800059b6 (0xc7278793) addi    a5, a5, -910
core   0: 1 0x00000000800059b6 (0xc7278793) x15 0x0000001c0a2b2c72
core   0: 0x00000000800059ba (0x23cc92d3) fsgnjn.d ft5, fs9, ft8
core   0: 1 0x00000000800059ba (0x23cc92d3) f5  0xffffffff00000000
core   0: 0x00000000800059be (0x72fa071b) addiw   a4, s4, 1839
core   0: 1 0x00000000800059be (0x72fa071b) x14 0x000000007a00072f
core   0: 0x00000000800059c2 (0x420787d3) fcvt.d.s fa5, fa5
core   0: 1 0x00000000800059c2 (0x420787d3) f15 0x7ff8000000000000
core   0: 0x00000000800059c6 (0x01d5143b) sllw    s0, a0, t4
core   0: 1 0x00000000800059c6 (0x01d5143b) x8  0x0000000000000001
core   0: 0x00000000800059ca (0x420883d3) fcvt.d.s ft7, fa7
core   0: 1 0x00000000800059ca (0x420883d3) f7  0x7ff8000000000000
core   0: 0x00000000800059ce (0x00148713) addi    a4, s1, 1
core   0: 1 0x00000000800059ce (0x00148713) x14 0x0000000000001012
core   0: 0x00000000800059d2 (0x02e8783b) remuw   a6, a6, a4
core   0: 1 0x00000000800059d2 (0x02e8783b) x16 0x0000000000000000
core   0: 0x00000000800059d6 (0x00177b33) and     s6, a4, ra
core   0: 1 0x00000000800059d6 (0x00177b33) x22 0x0000000000000010
core   0: 0x00000000800059da (0x00bb01b3) add     gp, s6, a1
core   0: 1 0x00000000800059da (0x00bb01b3) x3  0x00000000c0307c03
core   0: 0x00000000800059de (0x014046b3) xor     a3, zero, s4
core   0: 1 0x00000000800059de (0x014046b3) x13 0x000000007a000000
core   0: 0x00000000800059e2 (0x0026ccb3) xor     s9, a3, sp
core   0: 1 0x00000000800059e2 (0x0026ccb3) x25 0x000000007a000000
core   0: 0x00000000800059e6 (0xf11716f3) csrrw   a3, mvendorid, a4
core   0: exception trap_illegal_instruction, epc 0x00000000800059e6
core   0:           tval 0x00000000f11716f3
core   0: >>>>  $xrv64i2p1_m2p0_a2p1_f2p2_d2p2_zicsr2p0_zifencei2p0_zmmul1p0_zba1p0_zbb1p0_zbc1p0_zbs1p0
core   0: 0x0000000080004000 (0x0080006f) j       pc + 0x8
core   0: 3 0x0000000080004000 (0x0080006f)
core   0: >>>>  mmode_exception_handler
core   0: 0x0000000080004008 (0x00002c17) auipc   s8, 0x2
core   0: 3 0x0000000080004008 (0x00002c17) x24 0x0000000080006008
core   0: 0x000000008000400c (0x062c0c13) addi    s8, s8, 98
core   0: 3 0x000000008000400c (0x062c0c13) x24 0x000000008000606a
core   0: 0x0000000080004010 (0x000c00e7) jalr    s8
core   0: 3 0x0000000080004010 (0x000c00e7) x1  0x0000000080004014
core   0: >>>>  any_handler
core   0: 0x000000008000606a (0x341027f3) csrrs   a5, mepc, zero
core   0: 3 0x000000008000606a (0x341027f3) x15 0x00000000800059e6
core   0: 0x000000008000606e (0x34202773) csrrs   a4, mcause, zero
core   0: 3 0x000000008000606e (0x34202773) x14 0x0000000000000002
core   0: 0x0000000080006072 (0x142026f3) csrrs   a3, scause, zero
core   0: 3 0x0000000080006072 (0x142026f3) x13 0x0000000000000000
core   0: 0x0000000080006076 (0x30402673) csrrs   a2, mie, zero
core   0: 3 0x0000000080006076 (0x30402673) x12 0x0000000000000a00
core   0: 0x000000008000607a (0x344025f3) csrrs   a1, mip, zero
core   0: 3 0x000000008000607a (0x344025f3) x11 0x0000000000000080
core   0: 0x000000008000607e (0x343025f3) csrrs   a1, mtval, zero
core   0: 3 0x000000008000607e (0x343025f3) x11 0x00000000f11716f3
core   0: 0x0000000080006082 (0x14302573) csrrs   a0, stval, zero
core   0: 3 0x0000000080006082 (0x14302573) x10 0x0000000000000001
core   0: 0x0000000080006086 (0xb02024f3) csrrs   s1, minstret, zero
core   0: 3 0x0000000080006086 (0xb02024f3) x9  0x0000000000001035
core   0: 0x000000008000608a (0x0000a811) c.j     pc + 20
core   0: 3 0x000000008000608a (0xa811)
core   0: >>>>  mepc_4
core   0: 0x000000008000609e (0x00000791) c.addi  a5, 4
core   0: 3 0x000000008000609e (0x0791) x15 0x00000000800059ea
core   0: 0x00000000800060a0 (0x34179073) csrrw   zero, mepc, a5
core   0: 3 0x00000000800060a0 (0x34179073) c833_mepc 0x00000000800059ea
core   0: 0x00000000800060a4 (0x30200073) mret
core   0: 3 0x00000000800060a4 (0x30200073) c768_mstatus 0x8000000a00106080
core   0: 0x00000000800059ea (0xa27789d3) fle.d   s3, fa5, ft7
core   0: 1 0x00000000800059ea (0xa27789d3) c1_fflags 0x000000000000001f x19 0x0000000000000000
core   0: 0x00000000800059ee (0x00e565b3) or      a1, a0, a4
core   0: 1 0x00000000800059ee (0x00e565b3) x11 0x0000000000000003
core   0: 0x00000000800059f2 (0x4080033b) subw    t1, zero, s0
core   0: 1 0x00000000800059f2 (0x4080033b) x6  0xffffffffffffffff
core   0: 0x00000000800059f6 (0x00f6a7b3) slt     a5, a3, a5
core   0: 1 0x00000000800059f6 (0x00f6a7b3) x15 0x0000000000000001
core   0: 0x00000000800059fa (0x8225ba97) auipc   s5, 0x8225b
core   0: 1 0x00000000800059fa (0x8225ba97) x21 0x00000000022609fa
core   0: 0x00000000800059fe (0x2b8ef2c7) fmsub.d ft5, ft9, fs8, ft5
core   0: 1 0x00000000800059fe (0x2b8ef2c7) f5  0x7ff8000000000000
core   0: 0x0000000080005a02 (0x1b70fbd3) fdiv.d  fs7, ft1, fs7
core   0: 1 0x0000000080005a02 (0x1b70fbd3) f23 0x7ff8000000000000
core   0: 0x0000000080005a06 (0x80058a1b) addiw   s4, a1, -2048
core   0: 1 0x0000000080005a06 (0x80058a1b) x20 0xfffffffffffff803
core   0: 0x0000000080005a0a (0x02d456bb) divuw   a3, s0, a3
core   0: 1 0x0000000080005a0a (0x02d456bb) x13 0xffffffffffffffff
core   0: 0x0000000080005a0e (0xf3ba3c93) sltiu   s9, s4, -197
core   0: 1 0x0000000080005a0e (0xf3ba3c93) x25 0x0000000000000001
core   0: 0x0000000080005a12 (0x0397ec33) rem     s8, a5, s9
core   0: 1 0x0000000080005a12 (0x0397ec33) x24 0x0000000000000000
core   0: 0x0000000080005a16 (0x00a28dbb) addw    s11, t0, a0
core   0: 1 0x0000000080005a16 (0x00a28dbb) x27 0x0000000000000001
core   0: 0x0000000080005a1a (0x00025c9b) srliw   s9, tp, 0
core   0: 1 0x0000000080005a1a (0x00025c9b) x25 0x000000000000007f
core   0: 0x0000000080005a1e (0xb29c76cb) fnmsub.d fa3, fs8, fs1, fs6
core   0: 1 0x0000000080005a1e (0xb29c76cb) f13 0x7ff8000000000000
core   0: 0x0000000080005a22 (0x0012591b) srliw   s2, tp, 1
core   0: 1 0x0000000080005a22 (0x0012591b) x18 0x000000000000003f
core   0: 0x0000000080005a26 (0x00130393) addi    t2, t1, 1
core   0: 1 0x0000000080005a26 (0x00130393) x7  0x0000000000000000
core   0: 0x0000000080005a2a (0x03237133) remu    sp, t1, s2
core   0: 1 0x0000000080005a2a (0x03237133) x2  0x000000000000000f
core   0: 0x0000000080005a2e (0x0193a233) slt     tp, t2, s9
core   0: 1 0x0000000080005a2e (0x0193a233) x4  0x0000000000000001
core   0: 0x0000000080005a32 (0x00bc5c3b) srlw    s8, s8, a1
core   0: 1 0x0000000080005a32 (0x00bc5c3b) x24 0x0000000000000000
core   0: 0x0000000080005a36 (0xd23ef753) fcvt.d.lu fa4, t4
core   0: 1 0x0000000080005a36 (0xd23ef753) f14 0x43effffffff74b20
core   0: 0x0000000080005a3a (0xc02b78d3) fcvt.l.s a7, fs6
core   0: 1 0x0000000080005a3a (0xc02b78d3) c1_fflags 0x000000000000001f x17 0x7fffffffffffffff
core   0: 0x0000000080005a3e (0x07046593) ori     a1, s0, 112
core   0: 1 0x0000000080005a3e (0x07046593) x11 0x0000000000000071
core   0: 0x0000000080005a42 (0xd231f153) fcvt.d.lu ft2, gp
core   0: 1 0x0000000080005a42 (0xd231f153) f2  0x41e8060f80600000
core   0: 0x0000000080005a46 (0x65dad3b7) lui     t2, 0x65dad
core   0: 1 0x0000000080005a46 (0x65dad3b7) x7  0x0000000065dad000
core   0: 0x0000000080005a4a (0x0272b433) mulhu   s0, t0, t2
core   0: 1 0x0000000080005a4a (0x0272b433) x8  0x0000000032ea3929
core   0: 0x0000000080005a4e (0x02845313) srli    t1, s0, 40
core   0: 1 0x0000000080005a4e (0x02845313) x6  0x0000000000000000
core   0: 0x0000000080005a52 (0x005612bb) sllw    t0, a2, t0
core   0: 1 0x0000000080005a52 (0x005612bb) x5  0x0000000000000a00
core   0: 0x0000000080005a56 (0x1282764f) fnmadd.d fa2, ft4, fs0, ft2
core   0: 1 0x0000000080005a56 (0x1282764f) f12 0x7ff8000000000000
core   0: 0x0000000080005a5a (0x4008549b) sraiw   s1, a6, 0
core   0: 1 0x0000000080005a5a (0x4008549b) x9  0x0000000000000000
core   0: 0x0000000080005a5e (0xd2180bd3) fcvt.d.wu fs7, a6
core   0: 1 0x0000000080005a5e (0xd2180bd3) f23 0x0000000000000000
core   0: 0x0000000080005a62 (0x02262633) mulhsu  a2, a2, sp
core   0: 1 0x0000000080005a62 (0x02262633) x12 0x0000000000000000
core   0: 0x0000000080005a66 (0x034e6a33) rem     s4, t3, s4
core   0: 1 0x0000000080005a66 (0x034e6a33) x20 0x0000000000000000
core   0: 0x0000000080005a6a (0x43fbd793) srai    a5, s7, 63
core   0: 1 0x0000000080005a6a (0x43fbd793) x15 0x0000000000000000
core   0: 0x0000000080005a6e (0x03a68d33) mul     s10, a3, s10
core   0: 1 0x0000000080005a6e (0x03a68d33) x26 0x0000000000000000
core   0: 0x0000000080005a72 (0x00000001) c.nop
core   0: 1 0x0000000080005a72 (0x0001)
core   0: 0x0000000080005a74 (0xe3dd829b) addiw   t0, s11, -451
core   0: 1 0x0000000080005a74 (0xe3dd829b) x5  0xfffffffffffffe3e
core   0: 0x0000000080005a78 (0x01828933) add     s2, t0, s8
core   0: 1 0x0000000080005a78 (0x01828933) x18 0xfffffffffffffe3e
core   0: 0x0000000080005a7c (0xc2237e53) fcvt.l.d t3, ft6
core   0: 1 0x0000000080005a7c (0xc2237e53) x28 0x0000000000000000
core   0: 0x0000000080005a80 (0x0360eb3b) remw    s6, ra, s6
core   0: 1 0x0000000080005a80 (0x0360eb3b) x22 0xfffffffffffffff4
core   0: 0x0000000080005a84 (0x12c97c53) fmul.d  fs8, fs2, fa2
core   0: 1 0x0000000080005a84 (0x12c97c53) f24 0x7ff8000000000000
core   0: 0x0000000080005a88 (0x2bd00053) fmin.d  ft0, ft0, ft9
core   0: 1 0x0000000080005a88 (0x2bd00053) f0  0x43dffe0000000000
core   0: 0x0000000080005a8c (0x008999b3) sll     s3, s3, s0
core   0: 1 0x0000000080005a8c (0x008999b3) x19 0x0000000000000000
core   0: 0x0000000080005a90 (0x41b080b3) sub     ra, ra, s11
core   0: 1 0x0000000080005a90 (0x41b080b3) x1  0x0000000080004013
core   0: 0x0000000080005a94 (0x01481213) slli    tp, a6, 20
core   0: 1 0x0000000080005a94 (0x01481213) x4  0x0000000000000000
core   0: 0x0000000080005a98 (0x00181cf3) csrrw   s9, fflags, a6
core   0: 1 0x0000000080005a98 (0x00181cf3) x25 0x000000000000001f c1_fflags 0x0000000000000000
core   0: 0x0000000080005a9c (0xd4182c13) slti    s8, a6, -703
core   0: 1 0x0000000080005a9c (0xd4182c13) x24 0x0000000000000000
core   0: 0x0000000080005aa0 (0x419c55bb) sraw    a1, s8, s9
core   0: 1 0x0000000080005aa0 (0x419c55bb) x11 0x0000000000000000
core   0: 0x0000000080005aa4 (0xc03c801b) addiw   zero, s9, -1021
core   0: 1 0x0000000080005aa4 (0xc03c801b)
core   0: 0x0000000080005aa8 (0x12607853) fmul.d  fa6, ft0, ft6
core   0: 1 0x0000000080005aa8 (0x12607853) f16 0x0000000000000000
core   0: 0x0000000080005aac (0x00004405) c.li    s0, 1
core   0: 1 0x0000000080005aac (0x4405) x8  0x0000000000000001
core   0: 0x0000000080005aae (0x001494f3) csrrw   s1, fflags, s1
core   0: 1 0x0000000080005aae (0x001494f3) x9  0x0000000000000000 c1_fflags 0x0000000000000000
core   0: 0x0000000080005ab2 (0x0293b5b3) mulhu   a1, t2, s1
core   0: 1 0x0000000080005ab2 (0x0293b5b3) x11 0x0000000000000000
core   0: 0x0000000080005ab6 (0x220aafd3) fsgnjx.d ft11, fs5, ft0
core   0: 1 0x0000000080005ab6 (0x220aafd3) f31 0xffffffff00000000
core   0: 0x0000000080005aba (0x0370b833) mulhu   a6, ra, s7
core   0: 1 0x0000000080005aba (0x0370b833) x16 0x0000000000000000
core   0: 0x0000000080005abe (0x02b59233) mulh    tp, a1, a1
core   0: 1 0x0000000080005abe (0x02b59233) x4  0x0000000000000000
core   0: 0x0000000080005ac2 (0x01bd8a3b) addw    s4, s11, s11
core   0: 1 0x0000000080005ac2 (0x01bd8a3b) x20 0x0000000000000002
core   0: 0x0000000080005ac6 (0xc03878d3) fcvt.lu.s a7, fa6
core   0: 1 0x0000000080005ac6 (0xc03878d3) c1_fflags 0x0000000000000010 x17 0xffffffffffffffff
core   0: 0x0000000080005aca (0x40a8d6b3) sra     a3, a7, a0
core   0: 1 0x0000000080005aca (0x40a8d6b3) x13 0xffffffffffffffff
core   0: 0x0000000080005ace (0x03067c53) fadd.d  fs8, fa2, fa6
core   0: 1 0x0000000080005ace (0x03067c53) f24 0x7ff8000000000000
core   0: 0x0000000080005ad2 (0x40c10db3) sub     s11, sp, a2
core   0: 1 0x0000000080005ad2 (0x40c10db3) x27 0x000000000000000f
core   0: 0x0000000080005ad6 (0x738c7747) fmsub.d fa4, fs8, fs8, fa4
core   0: 1 0x0000000080005ad6 (0x738c7747) f14 0x7ff8000000000000
core   0: 0x0000000080005ada (0x001023f3) csrrs   t2, fflags, zero
core   0: 1 0x0000000080005ada (0x001023f3) x7  0x0000000000000010
core   0: 0x0000000080005ade (0x0b17774f) fnmadd.d fa4, fa4, fa7, ft1
core   0: 1 0x0000000080005ade (0x0b17774f) f14 0x7ff8000000000000
core   0: 0x0000000080005ae2 (0x414c8c33) sub     s8, s9, s4
core   0: 1 0x0000000080005ae2 (0x414c8c33) x24 0x000000000000001d
core   0: 0x0000000080005ae6 (0x03514abb) divw    s5, sp, s5
core   0: 1 0x0000000080005ae6 (0x03514abb) x21 0x0000000000000000
core   0: 0x0000000080005aea (0x1b577ad3) fdiv.d  fs5, fa4, fs5
core   0: 1 0x0000000080005aea (0x1b577ad3) f21 0x7ff8000000000000
core   0: 0x0000000080005aee (0x1b95f4d3) fdiv.d  fs1, fa1, fs9
core   0: 1 0x0000000080005aee (0x1b95f4d3) f9  0x7ff8000000000000
core   0: 0x0000000080005af2 (0xa3e9f247) fmsub.d ft4, fs3, ft10, fs4
core   0: 1 0x0000000080005af2 (0xa3e9f247) f4  0x7ff8000000000000
core   0: 0x0000000080005af6 (0x02927d53) fadd.d  fs10, ft4, fs1
core   0: 1 0x0000000080005af6 (0x02927d53) f26 0x7ff8000000000000
core   0: 0x0000000080005afa (0x401551b3) sra     gp, a0, ra
core   0: 1 0x0000000080005afa (0x401551b3) x3  0x0000000000000000
core   0: 0x0000000080005afe (0xbafbffcf) fnmadd.d ft11, fs7, fa5, fs7
core   0: 1 0x0000000080005afe (0xbafbffcf) f31 0x7ff8000000000000
core   0: 0x0000000080005b02 (0x0318d8bb) divuw   a7, a7, a7
core   0: 1 0x0000000080005b02 (0x0318d8bb) x17 0x0000000000000001
core   0: 0x0000000080005b06 (0x2ab59153) fmax.d  ft2, fa1, fa1
core   0: 1 0x0000000080005b06 (0x2ab59153) f2  0x7ff8000000000000
core   0: 0x0000000080005b0a (0x02c652bb) divuw   t0, a2, a2
core   0: 1 0x0000000080005b0a (0x02c652bb) x5  0xffffffffffffffff
core   0: 0x0000000080005b0e (0x8c98821b) addiw   tp, a7, -1847
core   0: 1 0x0000000080005b0e (0x8c98821b) x4  0xfffffffffffff8ca
core   0: 0x0000000080005b12 (0x03263d33) mulhu   s10, a2, s2
core   0: 1 0x0000000080005b12 (0x03263d33) x26 0x0000000000000000
core   0: 0x0000000080005b16 (0xe2cf764b) fnmsub.d fa2, ft10, fa2, ft8
core   0: 1 0x0000000080005b16 (0xe2cf764b) f12 0x7ff8000000000000
core   0: 0x0000000080005b1a (0xd23179d3) fcvt.d.lu fs3, sp
core   0: 1 0x0000000080005b1a (0xd23179d3) f19 0x402e000000000000
core   0: 0x0000000080005b1e (0x0266e433) rem     s0, a3, t1
core   0: 1 0x0000000080005b1e (0x0266e433) x8  0xffffffffffffffff
core   0: 0x0000000080005b22 (0x00745b33) srl     s6, s0, t2
core   0: 1 0x0000000080005b22 (0x00745b33) x22 0x0000ffffffffffff
core   0: 0x0000000080005b26 (0xd21b0953) fcvt.d.wu fs2, s6
core   0: 1 0x0000000080005b26 (0xd21b0953) f18 0x41efffffffe00000
core   0: 0x0000000080005b2a (0x00000001) c.nop
core   0: 1 0x0000000080005b2a (0x0001)
core   0: 0x0000000080005b2c (0x001b70b3) and     ra, s6, ra
core   0: 1 0x0000000080005b2c (0x001b70b3) x1  0x0000000080004013
core   0: 0x0000000080005b30 (0x43955b13) srai    s6, a0, 57
core   0: 1 0x0000000080005b30 (0x43955b13) x22 0x0000000000000000
core   0: 0x0000000080005b34 (0x34049373) csrrw   t1, mscratch, s1
core   0: exception trap_illegal_instruction, epc 0x0000000080005b34
core   0:           tval 0x0000000034049373
core   0: >>>>  $xrv64i2p1_m2p0_a2p1_f2p2_d2p2_zicsr2p0_zifencei2p0_zmmul1p0_zba1p0_zbb1p0_zbc1p0_zbs1p0
core   0: 0x0000000080004000 (0x0080006f) j       pc + 0x8
core   0: 3 0x0000000080004000 (0x0080006f)
core   0: >>>>  mmode_exception_handler
core   0: 0x0000000080004008 (0x00002c17) auipc   s8, 0x2
core   0: 3 0x0000000080004008 (0x00002c17) x24 0x0000000080006008
core   0: 0x000000008000400c (0x062c0c13) addi    s8, s8, 98
core   0: 3 0x000000008000400c (0x062c0c13) x24 0x000000008000606a
core   0: 0x0000000080004010 (0x000c00e7) jalr    s8
core   0: 3 0x0000000080004010 (0x000c00e7) x1  0x0000000080004014
core   0: >>>>  any_handler
core   0: 0x000000008000606a (0x341027f3) csrrs   a5, mepc, zero
core   0: 3 0x000000008000606a (0x341027f3) x15 0x0000000080005b34
core   0: 0x000000008000606e (0x34202773) csrrs   a4, mcause, zero
core   0: 3 0x000000008000606e (0x34202773) x14 0x0000000000000002
core   0: 0x0000000080006072 (0x142026f3) csrrs   a3, scause, zero
core   0: 3 0x0000000080006072 (0x142026f3) x13 0x0000000000000000
core   0: 0x0000000080006076 (0x30402673) csrrs   a2, mie, zero
core   0: 3 0x0000000080006076 (0x30402673) x12 0x0000000000000a00
core   0: 0x000000008000607a (0x344025f3) csrrs   a1, mip, zero
core   0: 3 0x000000008000607a (0x344025f3) x11 0x0000000000000080
core   0: 0x000000008000607e (0x343025f3) csrrs   a1, mtval, zero
core   0: 3 0x000000008000607e (0x343025f3) x11 0x0000000034049373
core   0: 0x0000000080006082 (0x14302573) csrrs   a0, stval, zero
core   0: 3 0x0000000080006082 (0x14302573) x10 0x0000000000000001
core   0: 0x0000000080006086 (0xb02024f3) csrrs   s1, minstret, zero
core   0: 3 0x0000000080006086 (0xb02024f3) x9  0x0000000000001099
core   0: 0x000000008000608a (0x0000a811) c.j     pc + 20
core   0: 3 0x000000008000608a (0xa811)
core   0: >>>>  mepc_4
core   0: 0x000000008000609e (0x00000791) c.addi  a5, 4
core   0: 3 0x000000008000609e (0x0791) x15 0x0000000080005b38
core   0: 0x00000000800060a0 (0x34179073) csrrw   zero, mepc, a5
core   0: 3 0x00000000800060a0 (0x34179073) c833_mepc 0x0000000080005b38
core   0: 0x00000000800060a4 (0x30200073) mret
core   0: 3 0x00000000800060a4 (0x30200073) c768_mstatus 0x8000000a00106080
core   0: 0x0000000080005b38 (0xc21afc53) fcvt.wu.d s8, fs5
core   0: 1 0x0000000080005b38 (0xc21afc53) c1_fflags 0x0000000000000010 x24 0xffffffffffffffff
core   0: 0x0000000080005b3c (0x2a920cd3) fmin.d  fs9, ft4, fs1
core   0: 1 0x0000000080005b3c (0x2a920cd3) f25 0x7ff8000000000000
core   0: 0x0000000080005b40 (0xfa7cfdc7) fmsub.d fs11, fs9, ft7, ft11
core   0: 1 0x0000000080005b40 (0xfa7cfdc7) f27 0x7ff8000000000000
core   0: 0x0000000080005b44 (0x007b2533) slt     a0, s6, t2
core   0: 1 0x0000000080005b44 (0x007b2533) x10 0x0000000000000001
core   0: 0x0000000080005b48 (0x407edd3b) sraw    s10, t4, t2
core   0: 1 0x0000000080005b48 (0x407edd3b) x26 0xffffffffffffba59
core   0: 0x0000000080005b4c (0x004babb3) slt     s7, s7, tp
core   0: 1 0x0000000080005b4c (0x004babb3) x23 0x0000000000000000
core   0: 0x0000000080005b50 (0x22bc9a53) fsgnjn.d fs4, fs9, fa1
core   0: 1 0x0000000080005b50 (0x22bc9a53) f20 0xfff8000000000000
core   0: 0x0000000080005b54 (0xae458c13) addi    s8, a1, -1308
core   0: 1 0x0000000080005b54 (0xae458c13) x24 0x0000000034048e57
core   0: 0x0000000080005b58 (0x2b189553) fmax.d  fa0, fa7, fa7
core   0: 1 0x0000000080005b58 (0x2b189553) f10 0x7ff8000000000000
core   0: 0x0000000080005b5c (0xd22279d3) fcvt.d.l fs3, tp
core   0: 1 0x0000000080005b5c (0xd22279d3) f19 0xc09cd80000000000
core   0: 0x0000000080005b60 (0xa37e0353) fle.d   t1, ft8, fs7
core   0: 1 0x0000000080005b60 (0xa37e0353) x6  0x0000000000000001
core   0: 0x0000000080005b64 (0xfff47193) andi    gp, s0, -1
core   0: 1 0x0000000080005b64 (0xfff47193) x3  0xffffffffffffffff
core   0: 0x0000000080005b68 (0x03a5e533) rem     a0, a1, s10
core   0: 1 0x0000000080005b68 (0x03a5e533) x10 0x00000000000030ca
core   0: 0x0000000080005b6c (0xc02d7053) fcvt.l.s zero, fs10
core   0: 1 0x0000000080005b6c (0xc02d7053) c1_fflags 0x0000000000000010
core   0: 0x0000000080005b70 (0xd0297cd3) fcvt.s.l fs9, s2
core   0: 1 0x0000000080005b70 (0xd0297cd3) f25 0xffffffffc3e10000
core   0: 0x0000000080005b74 (0xd020fd53) fcvt.s.l fs10, ra
core   0: 1 0x0000000080005b74 (0xd020fd53) c1_fflags 0x0000000000000011 f26 0xffffffff4f000040
core   0: 0x0000000080005b78 (0x02f7f23b) remuw   tp, a5, a5
core   0: 1 0x0000000080005b78 (0x02f7f23b) x4  0x0000000000000000
core   0: 0x0000000080005b7c (0x23e32053) fsgnjx.d ft0, ft6, ft10
core   0: 1 0x0000000080005b7c (0x23e32053) f0  0x0000000000000000
core   0: 0x0000000080005b80 (0x6284744f) fnmadd.d fs0, fs0, fs0, fa2
core   0: 1 0x0000000080005b80 (0x6284744f) f8  0x7ff8000000000000
core   0: 0x0000000080005b84 (0x0042183b) sllw    a6, tp, tp
core   0: 1 0x0000000080005b84 (0x0042183b) x16 0x0000000000000000
core   0: 0x0000000080005b88 (0x420d08d3) fcvt.d.s fa7, fs10
core   0: 1 0x0000000080005b88 (0x420d08d3) f17 0x41e0000800000000
core   0: 0x0000000080005b8c (0x03002033) mulhsu  zero, zero, a6
core   0: 1 0x0000000080005b8c (0x03002033)
core   0: 0x0000000080005b90 (0x3420d4f3) csrrwi  s1, mcause, 1
core   0: exception trap_illegal_instruction, epc 0x0000000080005b90
core   0:           tval 0x000000003420d4f3
core   0: >>>>  $xrv64i2p1_m2p0_a2p1_f2p2_d2p2_zicsr2p0_zifencei2p0_zmmul1p0_zba1p0_zbb1p0_zbc1p0_zbs1p0
core   0: 0x0000000080004000 (0x0080006f) j       pc + 0x8
core   0: 3 0x0000000080004000 (0x0080006f)
core   0: >>>>  mmode_exception_handler
core   0: 0x0000000080004008 (0x00002c17) auipc   s8, 0x2
core   0: 3 0x0000000080004008 (0x00002c17) x24 0x0000000080006008
core   0: 0x000000008000400c (0x062c0c13) addi    s8, s8, 98
core   0: 3 0x000000008000400c (0x062c0c13) x24 0x000000008000606a
core   0: 0x0000000080004010 (0x000c00e7) jalr    s8
core   0: 3 0x0000000080004010 (0x000c00e7) x1  0x0000000080004014
core   0: >>>>  any_handler
core   0: 0x000000008000606a (0x341027f3) csrrs   a5, mepc, zero
core   0: 3 0x000000008000606a (0x341027f3) x15 0x0000000080005b90
core   0: 0x000000008000606e (0x34202773) csrrs   a4, mcause, zero
core   0: 3 0x000000008000606e (0x34202773) x14 0x0000000000000002
core   0: 0x0000000080006072 (0x142026f3) csrrs   a3, scause, zero
core   0: 3 0x0000000080006072 (0x142026f3) x13 0x0000000000000000
core   0: 0x0000000080006076 (0x30402673) csrrs   a2, mie, zero
core   0: 3 0x0000000080006076 (0x30402673) x12 0x0000000000000a00
core   0: 0x000000008000607a (0x344025f3) csrrs   a1, mip, zero
core   0: 3 0x000000008000607a (0x344025f3) x11 0x0000000000000080
core   0: 0x000000008000607e (0x343025f3) csrrs   a1, mtval, zero
core   0: 3 0x000000008000607e (0x343025f3) x11 0x000000003420d4f3
core   0: 0x0000000080006082 (0x14302573) csrrs   a0, stval, zero
core   0: 3 0x0000000080006082 (0x14302573) x10 0x0000000000000001
core   0: 0x0000000080006086 (0xb02024f3) csrrs   s1, minstret, zero
core   0: 3 0x0000000080006086 (0xb02024f3) x9  0x00000000000010bf
core   0: 0x000000008000608a (0x0000a811) c.j     pc + 20
core   0: 3 0x000000008000608a (0xa811)
core   0: >>>>  mepc_4
core   0: 0x000000008000609e (0x00000791) c.addi  a5, 4
core   0: 3 0x000000008000609e (0x0791) x15 0x0000000080005b94
core   0: 0x00000000800060a0 (0x34179073) csrrw   zero, mepc, a5
core   0: 3 0x00000000800060a0 (0x34179073) c833_mepc 0x0000000080005b94
core   0: 0x00000000800060a4 (0x30200073) mret
core   0: 3 0x00000000800060a4 (0x30200073) c768_mstatus 0x8000000a00106080
core   0: 0x0000000080005b94 (0xa2f8a7d3) feq.d   a5, fa7, fa5
core   0: 1 0x0000000080005b94 (0xa2f8a7d3) x15 0x0000000000000000
core   0: 0x0000000080005b98 (0x02f49193) slli    gp, s1, 47
core   0: 1 0x0000000080005b98 (0x02f49193) x3  0x085f800000000000
core   0: 0x0000000080005b9c (0x023b5b3b) divuw   s6, s6, gp
core   0: 1 0x0000000080005b9c (0x023b5b3b) x22 0xffffffffffffffff
core   0: 0x0000000080005ba0 (0xd20182d3) fcvt.d.w ft5, gp
core   0: 1 0x0000000080005ba0 (0xd20182d3) f5  0x0000000000000000
core   0: 0x0000000080005ba4 (0x02f2c1b3) div     gp, t0, a5
core   0: 1 0x0000000080005ba4 (0x02f2c1b3) x3  0xffffffffffffffff
core   0: 0x0000000080005ba8 (0x019a5293) srli    t0, s4, 25
core   0: 1 0x0000000080005ba8 (0x019a5293) x5  0x0000000000000000
core   0: 0x0000000080005bac (0x0108edb3) or      s11, a7, a6
core   0: 1 0x0000000080005bac (0x0108edb3) x27 0x0000000000000001
core   0: 0x0000000080005bb0 (0x030dd9bb) divuw   s3, s11, a6
core   0: 1 0x0000000080005bb0 (0x030dd9bb) x19 0xffffffffffffffff
core   0: 0x0000000080005bb4 (0x80098d1b) addiw   s10, s3, -2048
core   0: 1 0x0000000080005bb4 (0x80098d1b) x26 0xfffffffffffff7ff
core   0: 0x0000000080005bb8 (0xc813fbf3) csrrci  s7, timeh, 7
core   0: exception trap_illegal_instruction, epc 0x0000000080005bb8
core   0:           tval 0x00000000c813fbf3
core   0: >>>>  $xrv64i2p1_m2p0_a2p1_f2p2_d2p2_zicsr2p0_zifencei2p0_zmmul1p0_zba1p0_zbb1p0_zbc1p0_zbs1p0
core   0: 0x0000000080004000 (0x0080006f) j       pc + 0x8
core   0: 3 0x0000000080004000 (0x0080006f)
core   0: >>>>  mmode_exception_handler
core   0: 0x0000000080004008 (0x00002c17) auipc   s8, 0x2
core   0: 3 0x0000000080004008 (0x00002c17) x24 0x0000000080006008
core   0: 0x000000008000400c (0x062c0c13) addi    s8, s8, 98
core   0: 3 0x000000008000400c (0x062c0c13) x24 0x000000008000606a
core   0: 0x0000000080004010 (0x000c00e7) jalr    s8
core   0: 3 0x0000000080004010 (0x000c00e7) x1  0x0000000080004014
core   0: >>>>  any_handler
core   0: 0x000000008000606a (0x341027f3) csrrs   a5, mepc, zero
core   0: 3 0x000000008000606a (0x341027f3) x15 0x0000000080005bb8
core   0: 0x000000008000606e (0x34202773) csrrs   a4, mcause, zero
core   0: 3 0x000000008000606e (0x34202773) x14 0x0000000000000002
core   0: 0x0000000080006072 (0x142026f3) csrrs   a3, scause, zero
core   0: 3 0x0000000080006072 (0x142026f3) x13 0x0000000000000000
core   0: 0x0000000080006076 (0x30402673) csrrs   a2, mie, zero
core   0: 3 0x0000000080006076 (0x30402673) x12 0x0000000000000a00
core   0: 0x000000008000607a (0x344025f3) csrrs   a1, mip, zero
core   0: 3 0x000000008000607a (0x344025f3) x11 0x0000000000000080
core   0: 0x000000008000607e (0x343025f3) csrrs   a1, mtval, zero
core   0: 3 0x000000008000607e (0x343025f3) x11 0x00000000c813fbf3
core   0: 0x0000000080006082 (0x14302573) csrrs   a0, stval, zero
core   0: 3 0x0000000080006082 (0x14302573) x10 0x0000000000000001
core   0: 0x0000000080006086 (0xb02024f3) csrrs   s1, minstret, zero
core   0: 3 0x0000000080006086 (0xb02024f3) x9  0x00000000000010d8
core   0: 0x000000008000608a (0x0000a811) c.j     pc + 20
core   0: 3 0x000000008000608a (0xa811)
core   0: >>>>  mepc_4
core   0: 0x000000008000609e (0x00000791) c.addi  a5, 4
core   0: 3 0x000000008000609e (0x0791) x15 0x0000000080005bbc
core   0: 0x00000000800060a0 (0x34179073) csrrw   zero, mepc, a5
core   0: 3 0x00000000800060a0 (0x34179073) c833_mepc 0x0000000080005bbc
core   0: 0x00000000800060a4 (0x30200073) mret
core   0: 3 0x00000000800060a4 (0x30200073) c768_mstatus 0x8000000a00106080
core   0: 0x0000000080005bbc (0x027d413b) divw    sp, s10, t2
core   0: 1 0x0000000080005bbc (0x027d413b) x2  0xffffffffffffff80
core   0: 0x0000000080005bc0 (0x02bb53b3) divu    t2, s6, a1
core   0: 1 0x0000000080005bc0 (0x02bb53b3) x7  0x00000001478d59c7
core   0: 0x0000000080005bc4 (0xf150ea73) csrrsi  s4, mconfigptr, 1
core   0: exception trap_illegal_instruction, epc 0x0000000080005bc4
core   0:           tval 0x00000000f150ea73
core   0: >>>>  $xrv64i2p1_m2p0_a2p1_f2p2_d2p2_zicsr2p0_zifencei2p0_zmmul1p0_zba1p0_zbb1p0_zbc1p0_zbs1p0
core   0: 0x0000000080004000 (0x0080006f) j       pc + 0x8
core   0: 3 0x0000000080004000 (0x0080006f)
core   0: >>>>  mmode_exception_handler
core   0: 0x0000000080004008 (0x00002c17) auipc   s8, 0x2
core   0: 3 0x0000000080004008 (0x00002c17) x24 0x0000000080006008
core   0: 0x000000008000400c (0x062c0c13) addi    s8, s8, 98
core   0: 3 0x000000008000400c (0x062c0c13) x24 0x000000008000606a
core   0: 0x0000000080004010 (0x000c00e7) jalr    s8
core   0: 3 0x0000000080004010 (0x000c00e7) x1  0x0000000080004014
core   0: >>>>  any_handler
core   0: 0x000000008000606a (0x341027f3) csrrs   a5, mepc, zero
core   0: 3 0x000000008000606a (0x341027f3) x15 0x0000000080005bc4
core   0: 0x000000008000606e (0x34202773) csrrs   a4, mcause, zero
core   0: 3 0x000000008000606e (0x34202773) x14 0x0000000000000002
core   0: 0x0000000080006072 (0x142026f3) csrrs   a3, scause, zero
core   0: 3 0x0000000080006072 (0x142026f3) x13 0x0000000000000000
core   0: 0x0000000080006076 (0x30402673) csrrs   a2, mie, zero
core   0: 3 0x0000000080006076 (0x30402673) x12 0x0000000000000a00
core   0: 0x000000008000607a (0x344025f3) csrrs   a1, mip, zero
core   0: 3 0x000000008000607a (0x344025f3) x11 0x0000000000000080
core   0: 0x000000008000607e (0x343025f3) csrrs   a1, mtval, zero
core   0: 3 0x000000008000607e (0x343025f3) x11 0x00000000f150ea73
core   0: 0x0000000080006082 (0x14302573) csrrs   a0, stval, zero
core   0: 3 0x0000000080006082 (0x14302573) x10 0x0000000000000001
core   0: 0x0000000080006086 (0xb02024f3) csrrs   s1, minstret, zero
core   0: 3 0x0000000080006086 (0xb02024f3) x9  0x00000000000010ea
core   0: 0x000000008000608a (0x0000a811) c.j     pc + 20
core   0: 3 0x000000008000608a (0xa811)
core   0: >>>>  mepc_4
core   0: 0x000000008000609e (0x00000791) c.addi  a5, 4
core   0: 3 0x000000008000609e (0x0791) x15 0x0000000080005bc8
core   0: 0x00000000800060a0 (0x34179073) csrrw   zero, mepc, a5
core   0: 3 0x00000000800060a0 (0x34179073) c833_mepc 0x0000000080005bc8
core   0: 0x00000000800060a4 (0x30200073) mret
core   0: 3 0x00000000800060a4 (0x30200073) c768_mstatus 0x8000000a00106080
core   0: 0x0000000080005bc8 (0x5a01f1d3) fsqrt.d ft3, ft3
core   0: 1 0x0000000080005bc8 (0x5a01f1d3) c1_fflags 0x0000000000000011 f3  0x7ff8000000000000
core   0: 0x0000000080005bcc (0x00000001) c.nop
core   0: 1 0x0000000080005bcc (0x0001)
core   0: 0x0000000080005bce (0x0000337d) c.addiw t1, -1
core   0: 1 0x0000000080005bce (0x337d) x6  0x0000000000000000
core   0: 0x0000000080005bd0 (0x00130b93) addi    s7, t1, 1
core   0: 1 0x0000000080005bd0 (0x00130b93) x23 0x0000000000000001
core   0: 0x0000000080005bd4 (0x23297443) fmadd.d fs0, fs2, fs2, ft4
core   0: 1 0x0000000080005bd4 (0x23297443) f8  0x7ff8000000000000
core   0: 0x0000000080005bd8 (0x12c47cc7) fmsub.d fs9, fs0, fa2, ft2
core   0: 1 0x0000000080005bd8 (0x12c47cc7) f25 0x7ff8000000000000
core   0: 0x0000000080005bdc (0xd22ef653) fcvt.d.l fa2, t4
core   0: 1 0x0000000080005bdc (0xd22ef653) f12 0xc1d169c000000000
core   0: 0x0000000080005be0 (0x22ce9553) fsgnjn.d fa0, ft9, fa2
core   0: 1 0x0000000080005be0 (0x22ce9553) f10 0x43dffe0000000000
core   0: 0x0000000080005be4 (0xa2f28dd3) fle.d   s11, ft5, fa5
core   0: 1 0x0000000080005be4 (0xa2f28dd3) c1_fflags 0x0000000000000011 x27 0x0000000000000000
core   0: 0x0000000080005be8 (0x03136437) lui     s0, 0x3136
core   0: 1 0x0000000080005be8 (0x03136437) x8  0x0000000003136000
core   0: 0x0000000080005bec (0xa1d4041b) addiw   s0, s0, -1507
core   0: 1 0x0000000080005bec (0xa1d4041b) x8  0x0000000003135a1d
core   0: 0x0000000080005bf0 (0x00000436) c.slli  s0, 13
core   0: 1 0x0000000080005bf0 (0x0436) x8  0x000000626b43a000
core   0: 0x0000000080005bf2 (0x79740413) addi    s0, s0, 1943
core   0: 1 0x0000000080005bf2 (0x79740413) x8  0x000000626b43a797
core   0: 0x0000000080005bf6 (0x2a1c10d3) fmax.d  ft1, fs8, ft1
core   0: 1 0x0000000080005bf6 (0x2a1c10d3) f1  0x7ff8000000000000
core   0: 0x0000000080005bfa (0x00981e33) sll     t3, a6, s1
core   0: 1 0x0000000080005bfa (0x00981e33) x28 0x0000000000000000
core   0: 0x0000000080005bfe (0x015e0db3) add     s11, t3, s5
core   0: 1 0x0000000080005bfe (0x015e0db3) x27 0x0000000000000000
core   0: 0x0000000080005c02 (0x420e0653) fcvt.d.s fa2, ft8
core   0: 1 0x0000000080005c02 (0x420e0653) f12 0x7ff8000000000000
core   0: 0x0000000080005c06 (0xc030fdd3) fcvt.lu.s s11, ft1
core   0: 1 0x0000000080005c06 (0xc030fdd3) c1_fflags 0x0000000000000011 x27 0xffffffffffffffff
core   0: 0x0000000080005c0a (0x40167753) fcvt.s.d fa4, fa2
core   0: 1 0x0000000080005c0a (0x40167753) f14 0xffffffff7fc00000
core   0: 0x0000000080005c0e (0x02ee873b) mulw    a4, t4, a4
core   0: 1 0x0000000080005c0e (0x02ee873b) x14 0x0000000074b20000
core   0: 0x0000000080005c12 (0x955afc13) andi    s8, s5, -1707
core   0: 1 0x0000000080005c12 (0x955afc13) x24 0x0000000000000000
core   0: 0x0000000080005c16 (0x0185abb3) slt     s7, a1, s8
core   0: 1 0x0000000080005c16 (0x0185abb3) x23 0x0000000000000000
core   0: 0x0000000080005c1a (0x735afac3) fmadd.d fs5, fs5, fs5, fa4
core   0: 1 0x0000000080005c1a (0x735afac3) f21 0x7ff8000000000000
core   0: 0x0000000080005c1e (0x006801b3) add     gp, a6, t1
core   0: 1 0x0000000080005c1e (0x006801b3) x3  0x0000000000000000
core   0: 0x0000000080005c22 (0xc01fd8f3) csrrwi  a7, time, 31
core   0: exception trap_illegal_instruction, epc 0x0000000080005c22
core   0:           tval 0x00000000c01fd8f3
core   0: >>>>  $xrv64i2p1_m2p0_a2p1_f2p2_d2p2_zicsr2p0_zifencei2p0_zmmul1p0_zba1p0_zbb1p0_zbc1p0_zbs1p0
core   0: 0x0000000080004000 (0x0080006f) j       pc + 0x8
core   0: 3 0x0000000080004000 (0x0080006f)
core   0: >>>>  mmode_exception_handler
core   0: 0x0000000080004008 (0x00002c17) auipc   s8, 0x2
core   0: 3 0x0000000080004008 (0x00002c17) x24 0x0000000080006008
core   0: 0x000000008000400c (0x062c0c13) addi    s8, s8, 98
core   0: 3 0x000000008000400c (0x062c0c13) x24 0x000000008000606a
core   0: 0x0000000080004010 (0x000c00e7) jalr    s8
core   0: 3 0x0000000080004010 (0x000c00e7) x1  0x0000000080004014
core   0: >>>>  any_handler
core   0: 0x000000008000606a (0x341027f3) csrrs   a5, mepc, zero
core   0: 3 0x000000008000606a (0x341027f3) x15 0x0000000080005c22
core   0: 0x000000008000606e (0x34202773) csrrs   a4, mcause, zero
core   0: 3 0x000000008000606e (0x34202773) x14 0x0000000000000002
core   0: 0x0000000080006072 (0x142026f3) csrrs   a3, scause, zero
core   0: 3 0x0000000080006072 (0x142026f3) x13 0x0000000000000000
core   0: 0x0000000080006076 (0x30402673) csrrs   a2, mie, zero
core   0: 3 0x0000000080006076 (0x30402673) x12 0x0000000000000a00
core   0: 0x000000008000607a (0x344025f3) csrrs   a1, mip, zero
core   0: 3 0x000000008000607a (0x344025f3) x11 0x0000000000000080
core   0: 0x000000008000607e (0x343025f3) csrrs   a1, mtval, zero
core   0: 3 0x000000008000607e (0x343025f3) x11 0x00000000c01fd8f3
core   0: 0x0000000080006082 (0x14302573) csrrs   a0, stval, zero
core   0: 3 0x0000000080006082 (0x14302573) x10 0x0000000000000001
core   0: 0x0000000080006086 (0xb02024f3) csrrs   s1, minstret, zero
core   0: 3 0x0000000080006086 (0xb02024f3) x9  0x0000000000001112
core   0: 0x000000008000608a (0x0000a811) c.j     pc + 20
core   0: 3 0x000000008000608a (0xa811)
core   0: >>>>  mepc_4
core   0: 0x000000008000609e (0x00000791) c.addi  a5, 4
core   0: 3 0x000000008000609e (0x0791) x15 0x0000000080005c26
core   0: 0x00000000800060a0 (0x34179073) csrrw   zero, mepc, a5
core   0: 3 0x00000000800060a0 (0x34179073) c833_mepc 0x0000000080005c26
core   0: 0x00000000800060a4 (0x30200073) mret
core   0: 3 0x00000000800060a4 (0x30200073) c768_mstatus 0x8000000a00106080
core   0: 0x0000000080005c26 (0x00000001) c.nop
core   0: 1 0x0000000080005c26 (0x0001)
core   0: 0x0000000080005c28 (0x002c501b) srliw   zero, s8, 2
core   0: 1 0x0000000080005c28 (0x002c501b)
core   0: 0x0000000080005c2c (0x0381d913) srli    s2, gp, 56
core   0: 1 0x0000000080005c2c (0x0381d913) x18 0x0000000000000000
core   0: 0x0000000080005c30 (0x0b218513) addi    a0, gp, 178
core   0: 1 0x0000000080005c30 (0x0b218513) x10 0x00000000000000b2
core   0: 0x0000000080005c34 (0xc03773d3) fcvt.lu.s t2, fa4
core   0: 1 0x0000000080005c34 (0xc03773d3) c1_fflags 0x0000000000000011 x7  0xffffffffffffffff
core   0: 0x0000000080005c38 (0x0006949b) slliw   s1, a3, 0
core   0: 1 0x0000000080005c38 (0x0006949b) x9  0x0000000000000000
core   0: 0x0000000080005c3c (0x00161093) slli    ra, a2, 1
core   0: 1 0x0000000080005c3c (0x00161093) x1  0x0000000000001400
core   0: 0x0000000080005c40 (0xc218f2d3) fcvt.wu.d t0, fa7
core   0: 1 0x0000000080005c40 (0xc218f2d3) x5  0xffffffff80004000
core   0: 0x0000000080005c44 (0x41f5551b) sraiw   a0, a0, 31
core   0: 1 0x0000000080005c44 (0x41f5551b) x10 0x0000000000000000
core   0: 0x0000000080005c48 (0xd232f0d3) fcvt.d.lu ft1, t0
core   0: 1 0x0000000080005c48 (0xd232f0d3) f1  0x43effffffff00008
core   0: 0x0000000080005c4c (0x401a7a53) fcvt.s.d fs4, fs4
core   0: 1 0x0000000080005c4c (0x401a7a53) f20 0xffffffff7fc00000
core   0: 0x0000000080005c50 (0x106d7073) csrrci  zero, scounteren, 26
core   0: 1 0x0000000080005c50 (0x106d7073) c262_scounteren 0x0000000000000000
core   0: 0x0000000080005c54 (0x40d1d09b) sraiw   ra, gp, 13
core   0: 1 0x0000000080005c54 (0x40d1d09b) x1  0x0000000000000000
core   0: 0x0000000080005c58 (0x1d22ee13) ori     t3, t0, 466
core   0: 1 0x0000000080005c58 (0x1d22ee13) x28 0xffffffff800041d2
core   0: 0x0000000080005c5c (0x0012539b) srliw   t2, tp, 1
core   0: 1 0x0000000080005c5c (0x0012539b) x7  0x0000000000000000
core   0: 0x0000000080005c60 (0xf0f1f297) auipc   t0, 0xf0f1f
core   0: 1 0x0000000080005c60 (0xf0f1f297) x5  0x0000000070f24c60
core   0: 0x0000000080005c64 (0x013b969b) slliw   a3, s7, 19
core   0: 1 0x0000000080005c64 (0x013b969b) x13 0x0000000000000000
core   0: 0x0000000080005c68 (0x4010d01b) sraiw   zero, ra, 1
core   0: 1 0x0000000080005c68 (0x4010d01b)
core   0: 0x0000000080005c6c (0x221f0f53) fsgnj.d ft10, ft10, ft1
core   0: 1 0x0000000080005c6c (0x221f0f53) f30 0x7ff8000000000000
core   0: 0x0000000080005c70 (0x010a98b3) sll     a7, s5, a6
core   0: 1 0x0000000080005c70 (0x010a98b3) x17 0x0000000000000000
core   0: 0x0000000080005c74 (0xd29a1437) lui     s0, 0xd29a1
core   0: 1 0x0000000080005c74 (0xd29a1437) x8  0xffffffffd29a1000
core   0: 0x0000000080005c78 (0xd024f853) fcvt.s.l fa6, s1
core   0: 1 0x0000000080005c78 (0xd024f853) f16 0xffffffff00000000
core   0: 0x0000000080005c7c (0xd038f4d3) fcvt.s.lu fs1, a7
core   0: 1 0x0000000080005c7c (0xd038f4d3) f9  0xffffffff00000000
core   0: 0x0000000080005c80 (0x0004d293) srli    t0, s1, 0
core   0: 1 0x0000000080005c80 (0x0004d293) x5  0x0000000000000000
core   0: 0x0000000080005c84 (0x0022d133) srl     sp, t0, sp
core   0: 1 0x0000000080005c84 (0x0022d133) x2  0x0000000000000000
core   0: 0x0000000080005c88 (0x8af4fdc3) fmadd.d fs11, fs1, fa5, fa7
core   0: 1 0x0000000080005c88 (0x8af4fdc3) f27 0x7ff8000000000000
core   0: 0x0000000080005c8c (0xfde28a9b) addiw   s5, t0, -34
core   0: 1 0x0000000080005c8c (0xfde28a9b) x21 0xffffffffffffffde
core   0: 0x0000000080005c90 (0x00e0589b) srliw   a7, zero, 14
core   0: 1 0x0000000080005c90 (0x00e0589b) x17 0x0000000000000000
core   0: 0x0000000080005c94 (0x2a3310d3) fmax.d  ft1, ft6, ft3
core   0: 1 0x0000000080005c94 (0x2a3310d3) f1  0x0000000000000000
core   0: 0x0000000080005c98 (0x3b74fe43) fmadd.d ft8, fs1, fs7, ft7
core   0: 1 0x0000000080005c98 (0x3b74fe43) f28 0x7ff8000000000000
core   0: 0x0000000080005c9c (0x01b31e33) sll     t3, t1, s11
core   0: 1 0x0000000080005c9c (0x01b31e33) x28 0x0000000000000000
core   0: 0x0000000080005ca0 (0x80006013) prefetch.i -2048(zero)
core   0: 1 0x0000000080005ca0 (0x80006013)
core   0: 0x0000000080005ca4 (0x02cc5993) srli    s3, s8, 44
core   0: 1 0x0000000080005ca4 (0x02cc5993) x19 0x0000000000000000
core   0: 0x0000000080005ca8 (0x025b0e3b) mulw    t3, s6, t0
core   0: 1 0x0000000080005ca8 (0x025b0e3b) x28 0x0000000000000000
core   0: 0x0000000080005cac (0xf90e3437) lui     s0, 0xf90e3
core   0: 1 0x0000000080005cac (0xf90e3437) x8  0xfffffffff90e3000
core   0: 0x0000000080005cb0 (0x8df4041b) addiw   s0, s0, -1825
core   0: 1 0x0000000080005cb0 (0x8df4041b) x8  0xfffffffff90e28df
core   0: 0x0000000080005cb4 (0x00000432) c.slli  s0, 12
core   0: 1 0x0000000080005cb4 (0x0432) x8  0xffffff90e28df000
core   0: 0x0000000080005cb6 (0xae240413) addi    s0, s0, -1310
core   0: 1 0x0000000080005cb6 (0xae240413) x8  0xffffff90e28deae2
core   0: 0x0000000080005cba (0xbb7bfa43) fmadd.d fs4, fs7, fs7, fs7
core   0: 1 0x0000000080005cba (0xbb7bfa43) f20 0x0000000000000000
core   0: 0x0000000080005cbe (0x01531a3b) sllw    s4, t1, s5
core   0: 1 0x0000000080005cbe (0x01531a3b) x20 0x0000000000000000
core   0: 0x0000000080005cc2 (0x02daac33) mulhsu  s8, s5, a3
core   0: 1 0x0000000080005cc2 (0x02daac33) x24 0x0000000000000000
core   0: 0x0000000080005cc6 (0x018b5b33) srl     s6, s6, s8
core   0: 1 0x0000000080005cc6 (0x018b5b33) x22 0xffffffffffffffff
core   0: 0x0000000080005cca (0x401a79d3) fcvt.s.d fs3, fs4
core   0: 1 0x0000000080005cca (0x401a79d3) f19 0xffffffff00000000
core   0: 0x0000000080005cce (0x00cbe0b3) or      ra, s7, a2
core   0: 1 0x0000000080005cce (0x00cbe0b3) x1  0x0000000000000a00
core   0: 0x0000000080005cd2 (0x0083f833) and     a6, t2, s0
core   0: 1 0x0000000080005cd2 (0x0083f833) x16 0x0000000000000000
core   0: 0x0000000080005cd6 (0x0247823b) mulw    tp, a5, tp
core   0: 1 0x0000000080005cd6 (0x0247823b) x4  0x0000000000000000
core   0: 0x0000000080005cda (0xa2988d53) fle.d   s10, fa7, fs1
core   0: 1 0x0000000080005cda (0xa2988d53) c1_fflags 0x0000000000000011 x26 0x0000000000000000
core   0: 0x0000000080005cde (0x40175e93) srai    t4, a4, 1
core   0: 1 0x0000000080005cde (0x40175e93) x29 0x0000000000000001
core   0: 0x0000000080005ce2 (0x03923db3) mulhu   s11, tp, s9
core   0: 1 0x0000000080005ce2 (0x03923db3) x27 0x0000000000000000
core   0: 0x0000000080005ce6 (0xd03cfc53) fcvt.s.lu fs8, s9
core   0: 1 0x0000000080005ce6 (0xd03cfc53) f24 0xffffffff41f80000
core   0: 0x0000000080005cea (0xf135f073) csrrci  zero, mimpid, 11
core   0: exception trap_illegal_instruction, epc 0x0000000080005cea
core   0:           tval 0x00000000f135f073
core   0: >>>>  $xrv64i2p1_m2p0_a2p1_f2p2_d2p2_zicsr2p0_zifencei2p0_zmmul1p0_zba1p0_zbb1p0_zbc1p0_zbs1p0
core   0: 0x0000000080004000 (0x0080006f) j       pc + 0x8
core   0: 3 0x0000000080004000 (0x0080006f)
core   0: >>>>  mmode_exception_handler
core   0: 0x0000000080004008 (0x00002c17) auipc   s8, 0x2
core   0: 3 0x0000000080004008 (0x00002c17) x24 0x0000000080006008
core   0: 0x000000008000400c (0x062c0c13) addi    s8, s8, 98
core   0: 3 0x000000008000400c (0x062c0c13) x24 0x000000008000606a
core   0: 0x0000000080004010 (0x000c00e7) jalr    s8
core   0: 3 0x0000000080004010 (0x000c00e7) x1  0x0000000080004014
core   0: >>>>  any_handler
core   0: 0x000000008000606a (0x341027f3) csrrs   a5, mepc, zero
core   0: 3 0x000000008000606a (0x341027f3) x15 0x0000000080005cea
core   0: 0x000000008000606e (0x34202773) csrrs   a4, mcause, zero
core   0: 3 0x000000008000606e (0x34202773) x14 0x0000000000000002
core   0: 0x0000000080006072 (0x142026f3) csrrs   a3, scause, zero
core   0: 3 0x0000000080006072 (0x142026f3) x13 0x0000000000000000
core   0: 0x0000000080006076 (0x30402673) csrrs   a2, mie, zero
core   0: 3 0x0000000080006076 (0x30402673) x12 0x0000000000000a00
core   0: 0x000000008000607a (0x344025f3) csrrs   a1, mip, zero
core   0: 3 0x000000008000607a (0x344025f3) x11 0x0000000000000080
core   0: 0x000000008000607e (0x343025f3) csrrs   a1, mtval, zero
core   0: 3 0x000000008000607e (0x343025f3) x11 0x00000000f135f073
core   0: 0x0000000080006082 (0x14302573) csrrs   a0, stval, zero
core   0: 3 0x0000000080006082 (0x14302573) x10 0x0000000000000001
core   0: 0x0000000080006086 (0xb02024f3) csrrs   s1, minstret, zero
core   0: 3 0x0000000080006086 (0xb02024f3) x9  0x0000000000001154
core   0: 0x000000008000608a (0x0000a811) c.j     pc + 20
core   0: 3 0x000000008000608a (0xa811)
core   0: >>>>  mepc_4
core   0: 0x000000008000609e (0x00000791) c.addi  a5, 4
core   0: 3 0x000000008000609e (0x0791) x15 0x0000000080005cee
core   0: 0x00000000800060a0 (0x34179073) csrrw   zero, mepc, a5
core   0: 3 0x00000000800060a0 (0x34179073) c833_mepc 0x0000000080005cee
core   0: 0x00000000800060a4 (0x30200073) mret
core   0: 3 0x00000000800060a4 (0x30200073) c768_mstatus 0x8000000a00106080
core   0: 0x0000000080005cee (0xaf8cf417) auipc   s0, 0xaf8cf
core   0: 1 0x0000000080005cee (0xaf8cf417) x8  0x000000002f8d4cee
core   0: 0x0000000080005cf2 (0x40075d9b) sraiw   s11, a4, 0
core   0: 1 0x0000000080005cf2 (0x40075d9b) x27 0x0000000000000002
core   0: 0x0000000080005cf6 (0xa3fe0953) fle.d   s2, ft8, ft11
core   0: 1 0x0000000080005cf6 (0xa3fe0953) c1_fflags 0x0000000000000011 x18 0x0000000000000000
core   0: 0x0000000080005cfa (0x01027533) and     a0, tp, a6
core   0: 1 0x0000000080005cfa (0x01027533) x10 0x0000000000000000
core   0: 0x0000000080005cfe (0x01855c9b) srliw   s9, a0, 24
core   0: 1 0x0000000080005cfe (0x01855c9b) x25 0x0000000000000000
core   0: 0x0000000080005d02 (0x000009ba) c.slli  s3, 14
core   0: 1 0x0000000080005d02 (0x09ba) x19 0x0000000000000000
core   0: 0x0000000080005d04 (0xd03cf8d3) fcvt.s.lu fa7, s9
core   0: 1 0x0000000080005d04 (0xd03cf8d3) f17 0xffffffff00000000
core   0: 0x0000000080005d08 (0x122a714f) fnmadd.d ft2, fs4, ft2, ft2
core   0: 1 0x0000000080005d08 (0x122a714f) f2  0x7ff8000000000000
core   0: 0x0000000080005d0c (0x001c7c13) andi    s8, s8, 1
core   0: 1 0x0000000080005d0c (0x001c7c13) x24 0x0000000000000000
core   0: 0x0000000080005d10 (0x4045d23b) sraw    tp, a1, tp
core   0: 1 0x0000000080005d10 (0x4045d23b) x4  0xfffffffff135f073
core   0: 0x0000000080005d14 (0x82c87bc7) fmsub.d fs7, fa6, fa2, fa6
core   0: 1 0x0000000080005d14 (0x82c87bc7) f23 0x7ff8000000000000
core   0: 0x0000000080005d18 (0x5a0c72d3) fsqrt.d ft5, fs8
core   0: 1 0x0000000080005d18 (0x5a0c72d3) f5  0x7ff8000000000000
core   0: 0x0000000080005d1c (0x028a1633) mulh    a2, s4, s0
core   0: 1 0x0000000080005d1c (0x028a1633) x12 0x0000000000000000
core   0: 0x0000000080005d20 (0x01a04d33) xor     s10, zero, s10
core   0: 1 0x0000000080005d20 (0x01a04d33) x26 0x0000000000000000
core   0: 0x0000000080005d24 (0xd2ca4313) xori    t1, s4, -724
core   0: 1 0x0000000080005d24 (0xd2ca4313) x6  0xfffffffffffffd2c
core   0: 0x0000000080005d28 (0x0031d1bb) srlw    gp, gp, gp
core   0: 1 0x0000000080005d28 (0x0031d1bb) x3  0x0000000000000000
core   0: 0x0000000080005d2c (0x0ff0000f) fence   iorw,iorw
core   0: 1 0x0000000080005d2c (0x0ff0000f)
core   0: 0x0000000080005d30 (0x5a0efb53) fsqrt.d fs6, ft9
core   0: 1 0x0000000080005d30 (0x5a0efb53) c1_fflags 0x0000000000000011 f22 0x41e69fe95eb7dd64
core   0: 0x0000000080005d34 (0x026cccbb) divw    s9, s9, t1
core   0: 1 0x0000000080005d34 (0x026cccbb) x25 0x0000000000000000
core   0: 0x0000000080005d38 (0x03dafad3) fadd.d  fs5, fs5, ft9
core   0: 1 0x0000000080005d38 (0x03dafad3) f21 0x7ff8000000000000
core   0: 0x0000000080005d3c (0x00f21e9b) slliw   t4, tp, 15
core   0: 1 0x0000000080005d3c (0x00f21e9b) x29 0xfffffffff8398000
core   0: 0x0000000080005d40 (0x1322f053) fmul.d  ft0, ft5, fs2
core   0: 1 0x0000000080005d40 (0x1322f053) f0  0x7ff8000000000000
core   0: 0x0000000080005d44 (0x02199293) slli    t0, s3, 33
core   0: 1 0x0000000080005d44 (0x02199293) x5  0x0000000000000000
core   0: 0x0000000080005d48 (0xd2010853) fcvt.d.w fa6, sp
core   0: 1 0x0000000080005d48 (0xd2010853) f16 0x0000000000000000
core   0: 0x0000000080005d4c (0x013442b3) xor     t0, s0, s3
core   0: 1 0x0000000080005d4c (0x013442b3) x5  0x000000002f8d4cee
core   0: 0x0000000080005d50 (0x0253f833) remu    a6, t2, t0
core   0: 1 0x0000000080005d50 (0x0253f833) x16 0x0000000000000000
core   0: 0x0000000080005d54 (0xc21bf253) fcvt.wu.d tp, fs7
core   0: 1 0x0000000080005d54 (0xc21bf253) c1_fflags 0x0000000000000011 x4  0xffffffffffffffff
core   0: 0x0000000080005d58 (0xb19cfd37) lui     s10, 0xb19cf
core   0: 1 0x0000000080005d58 (0xb19cfd37) x26 0xffffffffb19cf000
core   0: 0x0000000080005d5c (0x00000001) c.nop
core   0: 1 0x0000000080005d5c (0x0001)
core   0: 0x0000000080005d5e (0x12287d4b) fnmsub.d fs10, fa6, ft2, ft2
core   0: 1 0x0000000080005d5e (0x12287d4b) f26 0x7ff8000000000000
core   0: 0x0000000080005d62 (0xf3fc71cb) fnmsub.d ft3, fs8, ft11, ft10
core   0: 1 0x0000000080005d62 (0xf3fc71cb) f3  0x7ff8000000000000
core   0: 0x0000000080005d66 (0x000090ae) c.add   ra, a1
core   0: 1 0x0000000080005d66 (0x90ae) x1  0x0000000171363087
core   0: 0x0000000080005d68 (0x0004d11b) srliw   sp, s1, 0
core   0: 1 0x0000000080005d68 (0x0004d11b) x2  0x0000000000001154
core   0: 0x0000000080005d6c (0x0008181b) slliw   a6, a6, 0
core   0: 1 0x0000000080005d6c (0x0008181b) x16 0x0000000000000000
core   0: 0x0000000080005d70 (0x40137a53) fcvt.s.d fs4, ft6
core   0: 1 0x0000000080005d70 (0x40137a53) f20 0xffffffff00000000
core   0: 0x0000000080005d74 (0x0381723b) remuw   tp, sp, s8
core   0: 1 0x0000000080005d74 (0x0381723b) x4  0x0000000000001154
core   0: 0x0000000080005d78 (0x00a0d333) srl     t1, ra, a0
core   0: 1 0x0000000080005d78 (0x00a0d333) x6  0x0000000171363087
core   0: 0x0000000080005d7c (0xd233fed3) fcvt.d.lu ft9, t2
core   0: 1 0x0000000080005d7c (0xd233fed3) f29 0x0000000000000000
core   0: 0x0000000080005d80 (0x0013551b) srliw   a0, t1, 1
core   0: 1 0x0000000080005d80 (0x0013551b) x10 0x00000000389b1843
core   0: 0x0000000080005d84 (0x002514f3) csrrw   s1, frm, a0
core   0: 1 0x0000000080005d84 (0x002514f3) x9  0x0000000000000000 c2_frm 0x0000000000000003
core   0: 0x0000000080005d88 (0xf1352373) csrrs   t1, mimpid, a0
core   0: exception trap_illegal_instruction, epc 0x0000000080005d88
core   0:           tval 0x00000000f1352373
core   0: >>>>  $xrv64i2p1_m2p0_a2p1_f2p2_d2p2_zicsr2p0_zifencei2p0_zmmul1p0_zba1p0_zbb1p0_zbc1p0_zbs1p0
core   0: 0x0000000080004000 (0x0080006f) j       pc + 0x8
core   0: 3 0x0000000080004000 (0x0080006f)
core   0: >>>>  mmode_exception_handler
core   0: 0x0000000080004008 (0x00002c17) auipc   s8, 0x2
core   0: 3 0x0000000080004008 (0x00002c17) x24 0x0000000080006008
core   0: 0x000000008000400c (0x062c0c13) addi    s8, s8, 98
core   0: 3 0x000000008000400c (0x062c0c13) x24 0x000000008000606a
core   0: 0x0000000080004010 (0x000c00e7) jalr    s8
core   0: 3 0x0000000080004010 (0x000c00e7) x1  0x0000000080004014
core   0: >>>>  any_handler
core   0: 0x000000008000606a (0x341027f3) csrrs   a5, mepc, zero
core   0: 3 0x000000008000606a (0x341027f3) x15 0x0000000080005d88
core   0: 0x000000008000606e (0x34202773) csrrs   a4, mcause, zero
core   0: 3 0x000000008000606e (0x34202773) x14 0x0000000000000002
core   0: 0x0000000080006072 (0x142026f3) csrrs   a3, scause, zero
core   0: 3 0x0000000080006072 (0x142026f3) x13 0x0000000000000000
core   0: 0x0000000080006076 (0x30402673) csrrs   a2, mie, zero
core   0: 3 0x0000000080006076 (0x30402673) x12 0x0000000000000a00
core   0: 0x000000008000607a (0x344025f3) csrrs   a1, mip, zero
core   0: 3 0x000000008000607a (0x344025f3) x11 0x0000000000000080
core   0: 0x000000008000607e (0x343025f3) csrrs   a1, mtval, zero
core   0: 3 0x000000008000607e (0x343025f3) x11 0x00000000f1352373
core   0: 0x0000000080006082 (0x14302573) csrrs   a0, stval, zero
core   0: 3 0x0000000080006082 (0x14302573) x10 0x0000000000000001
core   0: 0x0000000080006086 (0xb02024f3) csrrs   s1, minstret, zero
core   0: 3 0x0000000080006086 (0xb02024f3) x9  0x000000000000118c
core   0: 0x000000008000608a (0x0000a811) c.j     pc + 20
core   0: 3 0x000000008000608a (0xa811)
core   0: >>>>  mepc_4
core   0: 0x000000008000609e (0x00000791) c.addi  a5, 4
core   0: 3 0x000000008000609e (0x0791) x15 0x0000000080005d8c
core   0: 0x00000000800060a0 (0x34179073) csrrw   zero, mepc, a5
core   0: 3 0x00000000800060a0 (0x34179073) c833_mepc 0x0000000080005d8c
core   0: 0x00000000800060a4 (0x30200073) mret
core   0: 3 0x00000000800060a4 (0x30200073) c768_mstatus 0x8000000a00106080
core   0: 0x0000000080005d8c (0x001e1eb7) lui     t4, 0x1e1
core   0: 1 0x0000000080005d8c (0x001e1eb7) x29 0x00000000001e1000
core   0: 0x0000000080005d90 (0x757e8e9b) addiw   t4, t4, 1879
core   0: 1 0x0000000080005d90 (0x757e8e9b) x29 0x00000000001e1757
core   0: 0x0000000080005d94 (0x00000ec6) c.slli  t4, 17
core   0: 1 0x0000000080005d94 (0x0ec6) x29 0x0000003c2eae0000
core   0: 0x0000000080005d96 (0xb86e8e93) addi    t4, t4, -1146
core   0: 1 0x0000000080005d96 (0xb86e8e93) x29 0x0000003c2eadfb86
core   0: 0x0000000080005d9a (0x64787d13) andi    s10, a6, 1607
core   0: 1 0x0000000080005d9a (0x64787d13) x26 0x0000000000000000
core   0: 0x0000000080005d9e (0x01f8571b) srliw   a4, a6, 31
core   0: 1 0x0000000080005d9e (0x01f8571b) x14 0x0000000000000000
core   0: 0x0000000080005da2 (0x023371bb) remuw   gp, t1, gp
core   0: 1 0x0000000080005da2 (0x023371bb) x3  0x0000000071363087
core   0: 0x0000000080005da6 (0x412c87b3) sub     a5, s9, s2
core   0: 1 0x0000000080005da6 (0x412c87b3) x15 0x0000000000000000
core   0: 0x0000000080005daa (0xa2238e53) fle.d   t3, ft7, ft2
core   0: 1 0x0000000080005daa (0xa2238e53) c1_fflags 0x0000000000000011 x28 0x0000000000000000
core   0: 0x0000000080005dae (0x40468933) sub     s2, a3, tp
core   0: 1 0x0000000080005dae (0x40468933) x18 0xffffffffffffeeac
core   0: 0x0000000080005db2 (0x00000001) c.nop
core   0: 1 0x0000000080005db2 (0x0001)
core   0: 0x0000000080005db4 (0x40e2d31b) sraiw   t1, t0, 14
core   0: 1 0x0000000080005db4 (0x40e2d31b) x6  0x000000000000be35
core   0: 0x0000000080005db8 (0x00e77b33) and     s6, a4, a4
core   0: 1 0x0000000080005db8 (0x00e77b33) x22 0x0000000000000000
core   0: 0x0000000080005dbc (0xf1251073) csrrw   zero, marchid, a0
core   0: exception trap_illegal_instruction, epc 0x0000000080005dbc
core   0:           tval 0x00000000f1251073
core   0: >>>>  $xrv64i2p1_m2p0_a2p1_f2p2_d2p2_zicsr2p0_zifencei2p0_zmmul1p0_zba1p0_zbb1p0_zbc1p0_zbs1p0
core   0: 0x0000000080004000 (0x0080006f) j       pc + 0x8
core   0: 3 0x0000000080004000 (0x0080006f)
core   0: >>>>  mmode_exception_handler
core   0: 0x0000000080004008 (0x00002c17) auipc   s8, 0x2
core   0: 3 0x0000000080004008 (0x00002c17) x24 0x0000000080006008
core   0: 0x000000008000400c (0x062c0c13) addi    s8, s8, 98
core   0: 3 0x000000008000400c (0x062c0c13) x24 0x000000008000606a
core   0: 0x0000000080004010 (0x000c00e7) jalr    s8
core   0: 3 0x0000000080004010 (0x000c00e7) x1  0x0000000080004014
core   0: >>>>  any_handler
core   0: 0x000000008000606a (0x341027f3) csrrs   a5, mepc, zero
core   0: 3 0x000000008000606a (0x341027f3) x15 0x0000000080005dbc
core   0: 0x000000008000606e (0x34202773) csrrs   a4, mcause, zero
core   0: 3 0x000000008000606e (0x34202773) x14 0x0000000000000002
core   0: 0x0000000080006072 (0x142026f3) csrrs   a3, scause, zero
core   0: 3 0x0000000080006072 (0x142026f3) x13 0x0000000000000000
core   0: 0x0000000080006076 (0x30402673) csrrs   a2, mie, zero
core   0: 3 0x0000000080006076 (0x30402673) x12 0x0000000000000a00
core   0: 0x000000008000607a (0x344025f3) csrrs   a1, mip, zero
core   0: 3 0x000000008000607a (0x344025f3) x11 0x0000000000000080
core   0: 0x000000008000607e (0x343025f3) csrrs   a1, mtval, zero
core   0: 3 0x000000008000607e (0x343025f3) x11 0x00000000f1251073
core   0: 0x0000000080006082 (0x14302573) csrrs   a0, stval, zero
core   0: 3 0x0000000080006082 (0x14302573) x10 0x0000000000000001
core   0: 0x0000000080006086 (0xb02024f3) csrrs   s1, minstret, zero
core   0: 3 0x0000000080006086 (0xb02024f3) x9  0x00000000000011a9
core   0: 0x000000008000608a (0x0000a811) c.j     pc + 20
core   0: 3 0x000000008000608a (0xa811)
core   0: >>>>  mepc_4
core   0: 0x000000008000609e (0x00000791) c.addi  a5, 4
core   0: 3 0x000000008000609e (0x0791) x15 0x0000000080005dc0
core   0: 0x00000000800060a0 (0x34179073) csrrw   zero, mepc, a5
core   0: 3 0x00000000800060a0 (0x34179073) c833_mepc 0x0000000080005dc0
core   0: 0x00000000800060a4 (0x30200073) mret
core   0: 3 0x00000000800060a4 (0x30200073) c768_mstatus 0x8000000a00106080
core   0: 0x0000000080005dc0 (0x009d24b3) slt     s1, s10, s1
core   0: 1 0x0000000080005dc0 (0x009d24b3) x9  0x0000000000000001
core   0: 0x0000000080005dc4 (0xd2170bd3) fcvt.d.wu fs7, a4
core   0: 1 0x0000000080005dc4 (0xd2170bd3) f23 0x4000000000000000
core   0: 0x0000000080005dc8 (0x00000001) c.nop
core   0: 1 0x0000000080005dc8 (0x0001)
core   0: 0x0000000080005dca (0x31ab1b73) csrrw   s6, menvcfgh, s6
core   0: exception trap_illegal_instruction, epc 0x0000000080005dca
core   0:           tval 0x0000000031ab1b73
core   0: >>>>  $xrv64i2p1_m2p0_a2p1_f2p2_d2p2_zicsr2p0_zifencei2p0_zmmul1p0_zba1p0_zbb1p0_zbc1p0_zbs1p0
core   0: 0x0000000080004000 (0x0080006f) j       pc + 0x8
core   0: 3 0x0000000080004000 (0x0080006f)
core   0: >>>>  mmode_exception_handler
core   0: 0x0000000080004008 (0x00002c17) auipc   s8, 0x2
core   0: 3 0x0000000080004008 (0x00002c17) x24 0x0000000080006008
core   0: 0x000000008000400c (0x062c0c13) addi    s8, s8, 98
core   0: 3 0x000000008000400c (0x062c0c13) x24 0x000000008000606a
core   0: 0x0000000080004010 (0x000c00e7) jalr    s8
core   0: 3 0x0000000080004010 (0x000c00e7) x1  0x0000000080004014
core   0: >>>>  any_handler
core   0: 0x000000008000606a (0x341027f3) csrrs   a5, mepc, zero
core   0: 3 0x000000008000606a (0x341027f3) x15 0x0000000080005dca
core   0: 0x000000008000606e (0x34202773) csrrs   a4, mcause, zero
core   0: 3 0x000000008000606e (0x34202773) x14 0x0000000000000002
core   0: 0x0000000080006072 (0x142026f3) csrrs   a3, scause, zero
core   0: 3 0x0000000080006072 (0x142026f3) x13 0x0000000000000000
core   0: 0x0000000080006076 (0x30402673) csrrs   a2, mie, zero
core   0: 3 0x0000000080006076 (0x30402673) x12 0x0000000000000a00
core   0: 0x000000008000607a (0x344025f3) csrrs   a1, mip, zero
core   0: 3 0x000000008000607a (0x344025f3) x11 0x0000000000000080
core   0: 0x000000008000607e (0x343025f3) csrrs   a1, mtval, zero
core   0: 3 0x000000008000607e (0x343025f3) x11 0x0000000031ab1b73
core   0: 0x0000000080006082 (0x14302573) csrrs   a0, stval, zero
core   0: 3 0x0000000080006082 (0x14302573) x10 0x0000000000000001
core   0: 0x0000000080006086 (0xb02024f3) csrrs   s1, minstret, zero
core   0: 3 0x0000000080006086 (0xb02024f3) x9  0x00000000000011bc
core   0: 0x000000008000608a (0x0000a811) c.j     pc + 20
core   0: 3 0x000000008000608a (0xa811)
core   0: >>>>  mepc_4
core   0: 0x000000008000609e (0x00000791) c.addi  a5, 4
core   0: 3 0x000000008000609e (0x0791) x15 0x0000000080005dce
core   0: 0x00000000800060a0 (0x34179073) csrrw   zero, mepc, a5
core   0: 3 0x00000000800060a0 (0x34179073) c833_mepc 0x0000000080005dce
core   0: 0x00000000800060a4 (0x30200073) mret
core   0: 3 0x00000000800060a4 (0x30200073) c768_mstatus 0x8000000a00106080
core   0: 0x0000000080005dce (0xd3d4f34f) fnmadd.d ft6, fs1, ft9, fs10
core   0: 1 0x0000000080005dce (0xd3d4f34f) f6  0x7ff8000000000000
core   0: 0x0000000080005dd2 (0x0280843b) mulw    s0, ra, s0
core   0: 1 0x0000000080005dd2 (0x0280843b) x8  0x000000000a458298
core   0: 0x0000000080005dd6 (0x00671d9b) slliw   s11, a4, 6
core   0: 1 0x0000000080005dd6 (0x00671d9b) x27 0x0000000000000080
core   0: 0x0000000080005dda (0x02c189b3) mul     s3, gp, a2
core   0: 1 0x0000000080005dda (0x02c189b3) x19 0x0000046c1de54600
core   0: 0x0000000080005dde (0x01215b9b) srliw   s7, sp, 18
core   0: 1 0x0000000080005dde (0x01215b9b) x23 0x0000000000000000
core   0: 0x0000000080005de2 (0x00159573) csrrw   a0, fflags, a1
core   0: 1 0x0000000080005de2 (0x00159573) x10 0x0000000000000011 c1_fflags 0x0000000000000013
core   0: 0x0000000080005de6 (0x4005de1b) sraiw   t3, a1, 0
core   0: 1 0x0000000080005de6 (0x4005de1b) x28 0x0000000031ab1b73
core   0: 0x0000000080005dea (0xf2078653) fmv.d.x fa2, a5
core   0: 1 0x0000000080005dea (0xf2078653) f12 0x0000000080005dce
core   0: 0x0000000080005dee (0xf20e0053) fmv.d.x ft0, t3
core   0: 1 0x0000000080005dee (0xf20e0053) f0  0x0000000031ab1b73
core   0: 0x0000000080005df2 (0x00f7de33) srl     t3, a5, a5
core   0: 1 0x0000000080005df2 (0x00f7de33) x28 0x0000000000020001
core   0: 0x0000000080005df6 (0xc02e74d3) fcvt.l.s s1, ft8
core   0: 1 0x0000000080005df6 (0xc02e74d3) c1_fflags 0x0000000000000013 x9  0x7fffffffffffffff
core   0: 0x0000000080005dfa (0x001559b3) srl     s3, a0, ra
core   0: 1 0x0000000080005dfa (0x001559b3) x19 0x0000000000000000
core   0: 0x0000000080005dfe (0x00409d9b) slliw   s11, ra, 4
core   0: 1 0x0000000080005dfe (0x00409d9b) x27 0x0000000000040140
core   0: 0x0000000080005e02 (0x005d9a1b) slliw   s4, s11, 5
core   0: 1 0x0000000080005e02 (0x005d9a1b) x20 0x0000000000802800
core   0: 0x0000000080005e06 (0x4185d5bb) sraw    a1, a1, s8
core   0: 1 0x0000000080005e06 (0x4185d5bb) x11 0x00000000000c6ac6
core   0: 0x0000000080005e0a (0xe6eef113) andi    sp, t4, -402
core   0: 1 0x0000000080005e0a (0xe6eef113) x2  0x0000003c2eadfa06
core   0: 0x0000000080005e0e (0x03bef953) fadd.d  fs2, ft9, fs11
core   0: 1 0x0000000080005e0e (0x03bef953) f18 0x7ff8000000000000
core   0: 0x0000000080005e12 (0xc230f653) fcvt.lu.d a2, ft1
core   0: 1 0x0000000080005e12 (0xc230f653) x12 0x0000000000000000
core   0: 0x0000000080005e16 (0x7ff1c393) xori    t2, gp, 2047
core   0: 1 0x0000000080005e16 (0x7ff1c393) x7  0x0000000071363778
core   0: 0x0000000080005e1a (0x023645b3) div     a1, a2, gp
core   0: 1 0x0000000080005e1a (0x023645b3) x11 0x0000000000000000
core   0: 0x0000000080005e1e (0x000b5993) srli    s3, s6, 0
core   0: 1 0x0000000080005e1e (0x000b5993) x19 0x0000000000000000
core   0: 0x0000000080005e22 (0x22fda7d3) fsgnjx.d fa5, fs11, fa5
core   0: 1 0x0000000080005e22 (0x22fda7d3) f15 0x7ff8000000000000
core   0: 0x0000000080005e26 (0x4004033b) subw    t1, s0, zero
core   0: 1 0x0000000080005e26 (0x4004033b) x6  0x000000000a458298
core   0: 0x0000000080005e2a (0xb1d3e037) lui     zero, 0xb1d3e
core   0: 1 0x0000000080005e2a (0xb1d3e037)
core   0: 0x0000000080005e2e (0xc054b2f3) csrrc   t0, hpmcounter5, s1
core   0: exception trap_illegal_instruction, epc 0x0000000080005e2e
core   0:           tval 0x00000000c054b2f3
core   0: >>>>  $xrv64i2p1_m2p0_a2p1_f2p2_d2p2_zicsr2p0_zifencei2p0_zmmul1p0_zba1p0_zbb1p0_zbc1p0_zbs1p0
core   0: 0x0000000080004000 (0x0080006f) j       pc + 0x8
core   0: 3 0x0000000080004000 (0x0080006f)
core   0: >>>>  mmode_exception_handler
core   0: 0x0000000080004008 (0x00002c17) auipc   s8, 0x2
core   0: 3 0x0000000080004008 (0x00002c17) x24 0x0000000080006008
core   0: 0x000000008000400c (0x062c0c13) addi    s8, s8, 98
core   0: 3 0x000000008000400c (0x062c0c13) x24 0x000000008000606a
core   0: 0x0000000080004010 (0x000c00e7) jalr    s8
core   0: 3 0x0000000080004010 (0x000c00e7) x1  0x0000000080004014
core   0: >>>>  any_handler
core   0: 0x000000008000606a (0x341027f3) csrrs   a5, mepc, zero
core   0: 3 0x000000008000606a (0x341027f3) x15 0x0000000080005e2e
core   0: 0x000000008000606e (0x34202773) csrrs   a4, mcause, zero
core   0: 3 0x000000008000606e (0x34202773) x14 0x0000000000000002
core   0: 0x0000000080006072 (0x142026f3) csrrs   a3, scause, zero
core   0: 3 0x0000000080006072 (0x142026f3) x13 0x0000000000000000
core   0: 0x0000000080006076 (0x30402673) csrrs   a2, mie, zero
core   0: 3 0x0000000080006076 (0x30402673) x12 0x0000000000000a00
core   0: 0x000000008000607a (0x344025f3) csrrs   a1, mip, zero
core   0: 3 0x000000008000607a (0x344025f3) x11 0x0000000000000080
core   0: 0x000000008000607e (0x343025f3) csrrs   a1, mtval, zero
core   0: 3 0x000000008000607e (0x343025f3) x11 0x00000000c054b2f3
core   0: 0x0000000080006082 (0x14302573) csrrs   a0, stval, zero
core   0: 3 0x0000000080006082 (0x14302573) x10 0x0000000000000001
core   0: 0x0000000080006086 (0xb02024f3) csrrs   s1, minstret, zero
core   0: 3 0x0000000080006086 (0xb02024f3) x9  0x00000000000011e4
core   0: 0x000000008000608a (0x0000a811) c.j     pc + 20
core   0: 3 0x000000008000608a (0xa811)
core   0: >>>>  mepc_4
core   0: 0x000000008000609e (0x00000791) c.addi  a5, 4
core   0: 3 0x000000008000609e (0x0791) x15 0x0000000080005e32
core   0: 0x00000000800060a0 (0x34179073) csrrw   zero, mepc, a5
core   0: 3 0x00000000800060a0 (0x34179073) c833_mepc 0x0000000080005e32
core   0: 0x00000000800060a4 (0x30200073) mret
core   0: 3 0x00000000800060a4 (0x30200073) c768_mstatus 0x8000000a00106080
core   0: 0x0000000080005e32 (0x00a3953b) sllw    a0, t2, a0
core   0: 1 0x0000000080005e32 (0x00a3953b) x10 0xffffffffe26c6ef0
core   0: 0x0000000080005e36 (0x01f2dd1b) srliw   s10, t0, 31
core   0: 1 0x0000000080005e36 (0x01f2dd1b) x26 0x0000000000000000
core   0: 0x0000000080005e3a (0x01c49ab3) sll     s5, s1, t3
core   0: 1 0x0000000080005e3a (0x01c49ab3) x21 0x00000000000023c8
core   0: 0x0000000080005e3e (0x4146883b) subw    a6, a3, s4
core   0: 1 0x0000000080005e3e (0x4146883b) x16 0xffffffffff7fd800
core   0: 0x0000000080005e42 (0x4091511b) sraiw   sp, sp, 9
core   0: 1 0x0000000080005e42 (0x4091511b) x2  0x00000000001756fd
core   0: 0x0000000080005e46 (0x02000ebb) mulw    t4, zero, zero
core   0: 1 0x0000000080005e46 (0x02000ebb) x29 0x0000000000000000
core   0: 0x0000000080005e4a (0xa3640453) fle.d   s0, fs0, fs6
core   0: 1 0x0000000080005e4a (0xa3640453) c1_fflags 0x0000000000000013 x8  0x0000000000000000
core   0: 0x0000000080005e4e (0x026e823b) mulw    tp, t4, t1
core   0: 1 0x0000000080005e4e (0x026e823b) x4  0x0000000000000000
core   0: 0x0000000080005e52 (0xd02b7bd3) fcvt.s.l fs7, s6
core   0: 1 0x0000000080005e52 (0xd02b7bd3) f23 0xffffffff00000000
core   0: 0x0000000080005e56 (0x0231f8d3) fadd.d  fa7, ft3, ft3
core   0: 1 0x0000000080005e56 (0x0231f8d3) f17 0x7ff8000000000000
core   0: 0x0000000080005e5a (0x0012939b) slliw   t2, t0, 1
core   0: 1 0x0000000080005e5a (0x0012939b) x7  0x000000005f1a99dc
core   0: 0x0000000080005e5e (0x0208d613) srli    a2, a7, 32
core   0: 1 0x0000000080005e5e (0x0208d613) x12 0x0000000000000000
core   0: 0x0000000080005e62 (0x41080433) sub     s0, a6, a6
core   0: 1 0x0000000080005e62 (0x41080433) x8  0x0000000000000000
core   0: 0x0000000080005e66 (0x0b0e7e53) fsub.d  ft8, ft8, fa6
core   0: 1 0x0000000080005e66 (0x0b0e7e53) f28 0x7ff8000000000000
core   0: 0x0000000080005e6a (0x30309ef3) csrrw   t4, mideleg, ra
core   0: exception trap_illegal_instruction, epc 0x0000000080005e6a
core   0:           tval 0x0000000030309ef3
core   0: >>>>  $xrv64i2p1_m2p0_a2p1_f2p2_d2p2_zicsr2p0_zifencei2p0_zmmul1p0_zba1p0_zbb1p0_zbc1p0_zbs1p0
core   0: 0x0000000080004000 (0x0080006f) j       pc + 0x8
core   0: 3 0x0000000080004000 (0x0080006f)
core   0: >>>>  mmode_exception_handler
core   0: 0x0000000080004008 (0x00002c17) auipc   s8, 0x2
core   0: 3 0x0000000080004008 (0x00002c17) x24 0x0000000080006008
core   0: 0x000000008000400c (0x062c0c13) addi    s8, s8, 98
core   0: 3 0x000000008000400c (0x062c0c13) x24 0x000000008000606a
core   0: 0x0000000080004010 (0x000c00e7) jalr    s8
core   0: 3 0x0000000080004010 (0x000c00e7) x1  0x0000000080004014
core   0: >>>>  any_handler
core   0: 0x000000008000606a (0x341027f3) csrrs   a5, mepc, zero
core   0: 3 0x000000008000606a (0x341027f3) x15 0x0000000080005e6a
core   0: 0x000000008000606e (0x34202773) csrrs   a4, mcause, zero
core   0: 3 0x000000008000606e (0x34202773) x14 0x0000000000000002
core   0: 0x0000000080006072 (0x142026f3) csrrs   a3, scause, zero
core   0: 3 0x0000000080006072 (0x142026f3) x13 0x0000000000000000
core   0: 0x0000000080006076 (0x30402673) csrrs   a2, mie, zero
core   0: 3 0x0000000080006076 (0x30402673) x12 0x0000000000000a00
core   0: 0x000000008000607a (0x344025f3) csrrs   a1, mip, zero
core   0: 3 0x000000008000607a (0x344025f3) x11 0x0000000000000080
core   0: 0x000000008000607e (0x343025f3) csrrs   a1, mtval, zero
core   0: 3 0x000000008000607e (0x343025f3) x11 0x0000000030309ef3
core   0: 0x0000000080006082 (0x14302573) csrrs   a0, stval, zero
core   0: 3 0x0000000080006082 (0x14302573) x10 0x0000000000000001
core   0: 0x0000000080006086 (0xb02024f3) csrrs   s1, minstret, zero
core   0: 3 0x0000000080006086 (0xb02024f3) x9  0x0000000000001202
core   0: 0x000000008000608a (0x0000a811) c.j     pc + 20
core   0: 3 0x000000008000608a (0xa811)
core   0: >>>>  mepc_4
core   0: 0x000000008000609e (0x00000791) c.addi  a5, 4
core   0: 3 0x000000008000609e (0x0791) x15 0x0000000080005e6e
core   0: 0x00000000800060a0 (0x34179073) csrrw   zero, mepc, a5
core   0: 3 0x00000000800060a0 (0x34179073) c833_mepc 0x0000000080005e6e
core   0: 0x00000000800060a4 (0x30200073) mret
core   0: 3 0x00000000800060a4 (0x30200073) c768_mstatus 0x8000000a00106080
core   0: 0x0000000080005e6e (0x43f7d493) srai    s1, a5, 63
core   0: 1 0x0000000080005e6e (0x43f7d493) x9  0x0000000000000000
core   0: 0x0000000080005e72 (0xd02c7e53) fcvt.s.l ft8, s8
core   0: 1 0x0000000080005e72 (0xd02c7e53) c1_fflags 0x0000000000000013 f28 0xffffffff4f000061
core   0: 0x0000000080005e76 (0x03fad913) srli    s2, s5, 63
core   0: 1 0x0000000080005e76 (0x03fad913) x18 0x0000000000000000
core   0: 0x0000000080005e7a (0xd03ef653) fcvt.s.lu fa2, t4
core   0: 1 0x0000000080005e7a (0xd03ef653) f12 0xffffffff00000000
core   0: 0x0000000080005e7e (0x02c519b3) mulh    s3, a0, a2
core   0: 1 0x0000000080005e7e (0x02c519b3) x19 0x0000000000000000
core   0: 0x0000000080005e82 (0x03647d3b) remuw   s10, s0, s6
core   0: 1 0x0000000080005e82 (0x03647d3b) x26 0x0000000000000000
core   0: 0x0000000080005e86 (0x0249de33) divu    t3, s3, tp
core   0: 1 0x0000000080005e86 (0x0249de33) x28 0xffffffffffffffff
core   0: 0x0000000080005e8a (0xfeb3d0b7) lui     ra, 0xfeb3d
core   0: 1 0x0000000080005e8a (0xfeb3d0b7) x1  0xfffffffffeb3d000
core   0: 0x0000000080005e8e (0xe530809b) addiw   ra, ra, -429
core   0: 1 0x0000000080005e8e (0xe530809b) x1  0xfffffffffeb3ce53
core   0: 0x0000000080005e92 (0x000000b2) c.slli  ra, 12
core   0: 1 0x0000000080005e92 (0x00b2) x1  0xffffffeb3ce53000
core   0: 0x0000000080005e94 (0x7ae08093) addi    ra, ra, 1966
core   0: 1 0x0000000080005e94 (0x7ae08093) x1  0xffffffeb3ce537ae
core   0: 0x0000000080005e98 (0x7ff7c993) xori    s3, a5, 2047
core   0: 1 0x0000000080005e98 (0x7ff7c993) x19 0x0000000080005991
core   0: 0x0000000080005e9c (0x0211a1b3) mulhsu  gp, gp, ra
core   0: 1 0x0000000080005e9c (0x0211a1b3) x3  0x000000007136307d
core   0: 0x0000000080005ea0 (0x03bc29b3) mulhsu  s3, s8, s11
core   0: 1 0x0000000080005ea0 (0x03bc29b3) x19 0x0000000000000000
core   0: 0x0000000080005ea4 (0xaa95f84b) fnmsub.d fa6, fa1, fs1, fs5
core   0: 1 0x0000000080005ea4 (0xaa95f84b) f16 0x7ff8000000000000
core   0: 0x0000000080005ea8 (0x02811133) mulh    sp, sp, s0
core   0: 1 0x0000000080005ea8 (0x02811133) x2  0x0000000000000000
core   0: 0x0000000080005eac (0x0ff0000f) fence   iorw,iorw
core   0: 1 0x0000000080005eac (0x0ff0000f)
core   0: 0x0000000080005eb0 (0x5f9d4593) xori    a1, s10, 1529
core   0: 1 0x0000000080005eb0 (0x5f9d4593) x11 0x00000000000005f9
core   0: 0x0000000080005eb4 (0x0088933b) sllw    t1, a7, s0
core   0: 1 0x0000000080005eb4 (0x0088933b) x6  0x0000000000000000
core   0: 0x0000000080005eb8 (0x41a106bb) subw    a3, sp, s10
core   0: 1 0x0000000080005eb8 (0x41a106bb) x13 0x0000000000000000
core   0: 0x0000000080005ebc (0x00b9d1bb) srlw    gp, s3, a1
core   0: 1 0x0000000080005ebc (0x00b9d1bb) x3  0x0000000000000000
core   0: 0x0000000080005ec0 (0xc02698f3) csrrw   a7, instret, a3
core   0: exception trap_illegal_instruction, epc 0x0000000080005ec0
core   0:           tval 0x00000000c02698f3
core   0: >>>>  $xrv64i2p1_m2p0_a2p1_f2p2_d2p2_zicsr2p0_zifencei2p0_zmmul1p0_zba1p0_zbb1p0_zbc1p0_zbs1p0
core   0: 0x0000000080004000 (0x0080006f) j       pc + 0x8
core   0: 3 0x0000000080004000 (0x0080006f)
core   0: >>>>  mmode_exception_handler
core   0: 0x0000000080004008 (0x00002c17) auipc   s8, 0x2
core   0: 3 0x0000000080004008 (0x00002c17) x24 0x0000000080006008
core   0: 0x000000008000400c (0x062c0c13) addi    s8, s8, 98
core   0: 3 0x000000008000400c (0x062c0c13) x24 0x000000008000606a
core   0: 0x0000000080004010 (0x000c00e7) jalr    s8
core   0: 3 0x0000000080004010 (0x000c00e7) x1  0x0000000080004014
core   0: >>>>  any_handler
core   0: 0x000000008000606a (0x341027f3) csrrs   a5, mepc, zero
core   0: 3 0x000000008000606a (0x341027f3) x15 0x0000000080005ec0
core   0: 0x000000008000606e (0x34202773) csrrs   a4, mcause, zero
core   0: 3 0x000000008000606e (0x34202773) x14 0x0000000000000002
core   0: 0x0000000080006072 (0x142026f3) csrrs   a3, scause, zero
core   0: 3 0x0000000080006072 (0x142026f3) x13 0x0000000000000000
core   0: 0x0000000080006076 (0x30402673) csrrs   a2, mie, zero
core   0: 3 0x0000000080006076 (0x30402673) x12 0x0000000000000a00
core   0: 0x000000008000607a (0x344025f3) csrrs   a1, mip, zero
core   0: 3 0x000000008000607a (0x344025f3) x11 0x0000000000000080
core   0: 0x000000008000607e (0x343025f3) csrrs   a1, mtval, zero
core   0: 3 0x000000008000607e (0x343025f3) x11 0x00000000c02698f3
core   0: 0x0000000080006082 (0x14302573) csrrs   a0, stval, zero
core   0: 3 0x0000000080006082 (0x14302573) x10 0x0000000000000001
core   0: 0x0000000080006086 (0xb02024f3) csrrs   s1, minstret, zero
core   0: 3 0x0000000080006086 (0xb02024f3) x9  0x0000000000001227
core   0: 0x000000008000608a (0x0000a811) c.j     pc + 20
core   0: 3 0x000000008000608a (0xa811)
core   0: >>>>  mepc_4
core   0: 0x000000008000609e (0x00000791) c.addi  a5, 4
core   0: 3 0x000000008000609e (0x0791) x15 0x0000000080005ec4
core   0: 0x00000000800060a0 (0x34179073) csrrw   zero, mepc, a5
core   0: 3 0x00000000800060a0 (0x34179073) c833_mepc 0x0000000080005ec4
core   0: 0x00000000800060a4 (0x30200073) mret
core   0: 3 0x00000000800060a4 (0x30200073) c768_mstatus 0x8000000a00106080
core   0: 0x0000000080005ec4 (0xc20079d3) fcvt.w.d s3, ft0
core   0: 1 0x0000000080005ec4 (0xc20079d3) c1_fflags 0x0000000000000013 x19 0x0000000000000001
core   0: 0x0000000080005ec8 (0x026875d3) fadd.d  fa1, fa6, ft6
core   0: 1 0x0000000080005ec8 (0x026875d3) f11 0x7ff8000000000000
core   0: 0x0000000080005ecc (0x000b5ebb) srlw    t4, s6, zero
core   0: 1 0x0000000080005ecc (0x000b5ebb) x29 0x0000000000000000
core   0: 0x0000000080005ed0 (0x039a0cb3) mul     s9, s4, s9
core   0: 1 0x0000000080005ed0 (0x039a0cb3) x25 0x0000000000000000
core   0: 0x0000000080005ed4 (0x00e9843b) addw    s0, s3, a4
core   0: 1 0x0000000080005ed4 (0x00e9843b) x8  0x0000000000000003
core   0: 0x0000000080005ed8 (0x420d0d53) fcvt.d.s fs10, fs10
core   0: 1 0x0000000080005ed8 (0x420d0d53) f26 0x7ff8000000000000
core   0: 0x0000000080005edc (0x00ba813b) addw    sp, s5, a1
core   0: 1 0x0000000080005edc (0x00ba813b) x2  0xffffffffc026bcbb
core   0: 0x0000000080005ee0 (0x3033b3f3) csrrc   t2, mideleg, t2
core   0: exception trap_illegal_instruction, epc 0x0000000080005ee0
core   0:           tval 0x000000003033b3f3
core   0: >>>>  $xrv64i2p1_m2p0_a2p1_f2p2_d2p2_zicsr2p0_zifencei2p0_zmmul1p0_zba1p0_zbb1p0_zbc1p0_zbs1p0
core   0: 0x0000000080004000 (0x0080006f) j       pc + 0x8
core   0: 3 0x0000000080004000 (0x0080006f)
core   0: >>>>  mmode_exception_handler
core   0: 0x0000000080004008 (0x00002c17) auipc   s8, 0x2
core   0: 3 0x0000000080004008 (0x00002c17) x24 0x0000000080006008
core   0: 0x000000008000400c (0x062c0c13) addi    s8, s8, 98
core   0: 3 0x000000008000400c (0x062c0c13) x24 0x000000008000606a
core   0: 0x0000000080004010 (0x000c00e7) jalr    s8
core   0: 3 0x0000000080004010 (0x000c00e7) x1  0x0000000080004014
core   0: >>>>  any_handler
core   0: 0x000000008000606a (0x341027f3) csrrs   a5, mepc, zero
core   0: 3 0x000000008000606a (0x341027f3) x15 0x0000000080005ee0
core   0: 0x000000008000606e (0x34202773) csrrs   a4, mcause, zero
core   0: 3 0x000000008000606e (0x34202773) x14 0x0000000000000002
core   0: 0x0000000080006072 (0x142026f3) csrrs   a3, scause, zero
core   0: 3 0x0000000080006072 (0x142026f3) x13 0x0000000000000000
core   0: 0x0000000080006076 (0x30402673) csrrs   a2, mie, zero
core   0: 3 0x0000000080006076 (0x30402673) x12 0x0000000000000a00
core   0: 0x000000008000607a (0x344025f3) csrrs   a1, mip, zero
core   0: 3 0x000000008000607a (0x344025f3) x11 0x0000000000000080
core   0: 0x000000008000607e (0x343025f3) csrrs   a1, mtval, zero
core   0: 3 0x000000008000607e (0x343025f3) x11 0x000000003033b3f3
core   0: 0x0000000080006082 (0x14302573) csrrs   a0, stval, zero
core   0: 3 0x0000000080006082 (0x14302573) x10 0x0000000000000001
core   0: 0x0000000080006086 (0xb02024f3) csrrs   s1, minstret, zero
core   0: 3 0x0000000080006086 (0xb02024f3) x9  0x000000000000123e
core   0: 0x000000008000608a (0x0000a811) c.j     pc + 20
core   0: 3 0x000000008000608a (0xa811)
core   0: >>>>  mepc_4
core   0: 0x000000008000609e (0x00000791) c.addi  a5, 4
core   0: 3 0x000000008000609e (0x0791) x15 0x0000000080005ee4
core   0: 0x00000000800060a0 (0x34179073) csrrw   zero, mepc, a5
core   0: 3 0x00000000800060a0 (0x34179073) c833_mepc 0x0000000080005ee4
core   0: 0x00000000800060a4 (0x30200073) mret
core   0: 3 0x00000000800060a4 (0x30200073) c768_mstatus 0x8000000a00106080
core   0: 0x0000000080005ee4 (0x236b25d3) fsgnjx.d fa1, fs6, fs6
core   0: 1 0x0000000080005ee4 (0x236b25d3) f11 0x41e69fe95eb7dd64
core   0: 0x0000000080005ee8 (0x02d6f6bb) remuw   a3, a3, a3
core   0: 1 0x0000000080005ee8 (0x02d6f6bb) x13 0x0000000000000000
core   0: 0x0000000080005eec (0xa44f6817) auipc   a6, 0xa44f6
core   0: 1 0x0000000080005eec (0xa44f6817) x16 0x00000000244fbeec
core   0: 0x0000000080005ef0 (0x410503bb) subw    t2, a0, a6
core   0: 1 0x0000000080005ef0 (0x410503bb) x7  0xffffffffdbb04115
core   0: 0x0000000080005ef4 (0xf20e80d3) fmv.d.x ft1, t4
core   0: 1 0x0000000080005ef4 (0xf20e80d3) f1  0x0000000000000000
core   0: 0x0000000080005ef8 (0x00000001) c.nop
core   0: 1 0x0000000080005ef8 (0x0001)
core   0: 0x0000000080005efa (0x921e794f) fnmadd.d fs2, ft8, ft1, fs2
core   0: 1 0x0000000080005efa (0x921e794f) f18 0x7ff8000000000000
core   0: 0x0000000080005efe (0xc20ef2d3) fcvt.w.d t0, ft9
core   0: 1 0x0000000080005efe (0xc20ef2d3) x5  0x0000000000000000
core   0: 0x0000000080005f02 (0x01280d37) lui     s10, 0x1280
core   0: 1 0x0000000080005f02 (0x01280d37) x26 0x0000000001280000
core   0: 0x0000000080005f06 (0x469d0d1b) addiw   s10, s10, 1129
core   0: 1 0x0000000080005f06 (0x469d0d1b) x26 0x0000000001280469
core   0: 0x0000000080005f0a (0x00000d3a) c.slli  s10, 14
core   0: 1 0x0000000080005f0a (0x0d3a) x26 0x0000004a011a4000
core   0: 0x0000000080005f0c (0xf07d0d13) addi    s10, s10, -249
core   0: 1 0x0000000080005f0c (0xf07d0d13) x26 0x0000004a011a3f07
core   0: 0x0000000080005f10 (0x40738a3b) subw    s4, t2, t2
core   0: 1 0x0000000080005f10 (0x40738a3b) x20 0x0000000000000000
core   0: 0x0000000080005f14 (0x7ff2811b) addiw   sp, t0, 2047
core   0: 1 0x0000000080005f14 (0x7ff2811b) x2  0x00000000000007ff
core   0: 0x0000000080005f18 (0x0118fd37) lui     s10, 0x118f
core   0: 1 0x0000000080005f18 (0x0118fd37) x26 0x000000000118f000
core   0: 0x0000000080005f1c (0x321d0d1b) addiw   s10, s10, 801
core   0: 1 0x0000000080005f1c (0x321d0d1b) x26 0x000000000118f321
core   0: 0x0000000080005f20 (0x00000d32) c.slli  s10, 12
core   0: 1 0x0000000080005f20 (0x0d32) x26 0x000000118f321000
core   0: 0x0000000080005f22 (0xc89d0d13) addi    s10, s10, -887
core   0: 1 0x0000000080005f22 (0xc89d0d13) x26 0x000000118f320c89
core   0: 0x0000000080005f26 (0x021d653b) remw    a0, s10, ra
core   0: 1 0x0000000080005f26 (0x021d653b) x10 0xffffffff8f320c89
core   0: 0x0000000080005f2a (0x02987b3b) remuw   s6, a6, s1
core   0: 1 0x0000000080005f2a (0x02987b3b) x22 0x0000000000001190
core   0: 0x0000000080005f2e (0x0023531b) srliw   t1, t1, 2
core   0: 1 0x0000000080005f2e (0x0023531b) x6  0x0000000000000000
core   0: 0x0000000080005f32 (0x034a42bb) divw    t0, s4, s4
core   0: 1 0x0000000080005f32 (0x034a42bb) x5  0xffffffffffffffff
core   0: 0x0000000080005f36 (0x0339f9d3) fadd.d  fs3, fs3, fs3
core   0: 1 0x0000000080005f36 (0x0339f9d3) f19 0x7ff8000000000000
core   0: 0x0000000080005f3a (0xf2028553) fmv.d.x fa0, t0
core   0: 1 0x0000000080005f3a (0xf2028553) f10 0xffffffffffffffff
core   0: 0x0000000080005f3e (0x00d1a333) slt     t1, gp, a3
core   0: 1 0x0000000080005f3e (0x00d1a333) x6  0x0000000000000000
core   0: 0x0000000080005f42 (0x7ff3839b) addiw   t2, t2, 2047
core   0: 1 0x0000000080005f42 (0x7ff3839b) x7  0xffffffffdbb04914
core   0: 0x0000000080005f46 (0x401df0d3) fcvt.s.d ft1, fs11
core   0: 1 0x0000000080005f46 (0x401df0d3) f1  0xffffffff7fc00000
core   0: 0x0000000080005f4a (0x401b599b) sraiw   s3, s6, 1
core   0: 1 0x0000000080005f4a (0x401b599b) x19 0x00000000000008c8
core   0: 0x0000000080005f4e (0x006991bb) sllw    gp, s3, t1
core   0: 1 0x0000000080005f4e (0x006991bb) x3  0x00000000000008c8
core   0: 0x0000000080005f52 (0x00019233) sll     tp, gp, zero
core   0: 1 0x0000000080005f52 (0x00019233) x4  0x00000000000008c8
core   0: 0x0000000080005f56 (0x000088b2) c.mv    a7, a2
core   0: 1 0x0000000080005f56 (0x88b2) x17 0x0000000000000a00
core   0: 0x0000000080005f58 (0x00000001) c.nop
core   0: 1 0x0000000080005f58 (0x0001)
core   0: 0x0000000080005f5a (0xfff8851b) addiw   a0, a7, -1
core   0: 1 0x0000000080005f5a (0xfff8851b) x10 0x00000000000009ff
core   0: 0x0000000080005f5e (0xc021f853) fcvt.l.s a6, ft3
core   0: 1 0x0000000080005f5e (0xc021f853) c1_fflags 0x0000000000000013 x16 0x7fffffffffffffff
core   0: 0x0000000080005f62 (0x00814433) xor     s0, sp, s0
core   0: 1 0x0000000080005f62 (0x00814433) x8  0x00000000000007fc
core   0: 0x0000000080005f66 (0x41f5589b) sraiw   a7, a0, 31
core   0: 1 0x0000000080005f66 (0x41f5589b) x17 0x0000000000000000
core   0: 0x0000000080005f6a (0x00000001) c.nop
core   0: 1 0x0000000080005f6a (0x0001)
core   0: 0x0000000080005f6c (0x030286bb) mulw    a3, t0, a6
core   0: 1 0x0000000080005f6c (0x030286bb) x13 0x0000000000000001
core   0: 0x0000000080005f70 (0xfff68e1b) addiw   t3, a3, -1
core   0: 1 0x0000000080005f70 (0xfff68e1b) x28 0x0000000000000000
core   0: 0x0000000080005f74 (0x00102273) csrrs   tp, fflags, zero
core   0: 1 0x0000000080005f74 (0x00102273) x4  0x0000000000000013
core   0: 0x0000000080005f78 (0x02c054b3) divu    s1, zero, a2
core   0: 1 0x0000000080005f78 (0x02c054b3) x9  0x0000000000000000
core   0: 0x0000000080005f7c (0x43acd813) srai    a6, s9, 58
core   0: 1 0x0000000080005f7c (0x43acd813) x16 0x0000000000000000
core   0: 0x0000000080005f80 (0xc031f1d3) fcvt.lu.s gp, ft3
core   0: 1 0x0000000080005f80 (0xc031f1d3) c1_fflags 0x0000000000000013 x3  0xffffffffffffffff
core   0: 0x0000000080005f84 (0x0329553b) divuw   a0, s2, s2
core   0: 1 0x0000000080005f84 (0x0329553b) x10 0xffffffffffffffff
core   0: 0x0000000080005f88 (0xd02cf953) fcvt.s.l fs2, s9
core   0: 1 0x0000000080005f88 (0xd02cf953) f18 0xffffffff00000000
core   0: 0x0000000080005f8c (0x2b8a1a53) fmax.d  fs4, fs4, fs8
core   0: 1 0x0000000080005f8c (0x2b8a1a53) f20 0x7ff8000000000000
core   0: 0x0000000080005f90 (0x418953bb) sraw    t2, s2, s8
core   0: 1 0x0000000080005f90 (0x418953bb) x7  0x0000000000000000
core   0: 0x0000000080005f94 (0x41b0d9bb) sraw    s3, ra, s11
core   0: 1 0x0000000080005f94 (0x41b0d9bb) x19 0xffffffff80004014
core   0: 0x0000000080005f98 (0xc231f953) fcvt.lu.d s2, ft3
core   0: 1 0x0000000080005f98 (0xc231f953) c1_fflags 0x0000000000000013 x18 0xffffffffffffffff
core   0: 0x0000000080005f9c (0x2a3904d3) fmin.d  fs1, fs2, ft3
core   0: 1 0x0000000080005f9c (0x2a3904d3) f9  0x7ff8000000000000
core   0: 0x0000000080005fa0 (0xd2070b53) fcvt.d.w fs6, a4
core   0: 1 0x0000000080005fa0 (0xd2070b53) f22 0x4000000000000000
core   0: 0x0000000080005fa4 (0x0101113b) sllw    sp, sp, a6
core   0: 1 0x0000000080005fa4 (0x0101113b) x2  0x00000000000007ff
core   0: 0x0000000080005fa8 (0x0093ebb3) or      s7, t2, s1
core   0: 1 0x0000000080005fa8 (0x0093ebb3) x23 0x0000000000000000
core   0: 0x0000000080005fac (0x1212f5d3) fmul.d  fa1, ft5, ft1
core   0: 1 0x0000000080005fac (0x1212f5d3) f11 0x7ff8000000000000
core   0: 0x0000000080005fb0 (0x5abd7dcf) fnmadd.d fs11, fs10, fa1, fa1
core   0: 1 0x0000000080005fb0 (0x5abd7dcf) f27 0x7ff8000000000000
core   0: 0x0000000080005fb4 (0x41648d33) sub     s10, s1, s6
core   0: 1 0x0000000080005fb4 (0x41648d33) x26 0xffffffffffffee70
core   0: 0x0000000080005fb8 (0x017d5bbb) srlw    s7, s10, s7
core   0: 1 0x0000000080005fb8 (0x017d5bbb) x23 0xffffffffffffee70
core   0: 0x0000000080005fbc (0x2230a0d3) fsgnjx.d ft1, ft1, ft3
core   0: 1 0x0000000080005fbc (0x2230a0d3) f1  0xffffffff7fc00000
core   0: 0x0000000080005fc0 (0x5f1d7313) andi    t1, s10, 1521
core   0: 1 0x0000000080005fc0 (0x5f1d7313) x6  0x0000000000000470
core   0: 0x0000000080005fc4 (0x002d85b7) lui     a1, 0x2d8
core   0: 1 0x0000000080005fc4 (0x002d85b7) x11 0x00000000002d8000
core   0: 0x0000000080005fc8 (0x3675859b) addiw   a1, a1, 871
core   0: 1 0x0000000080005fc8 (0x3675859b) x11 0x00000000002d8367
core   0: 0x0000000080005fcc (0x000005b6) c.slli  a1, 13
core   0: 1 0x0000000080005fcc (0x05b6) x11 0x00000005b06ce000
core   0: 0x0000000080005fce (0xbb458593) addi    a1, a1, -1100
core   0: 1 0x0000000080005fce (0xbb458593) x11 0x00000005b06cdbb4
core   0: 0x0000000080005fd2 (0x2bfb93d3) fmax.d  ft7, fs7, ft11
core   0: 1 0x0000000080005fd2 (0x2bfb93d3) f7  0x7ff8000000000000
core   0: 0x0000000080005fd6 (0x039364bb) remw    s1, t1, s9
core   0: 1 0x0000000080005fd6 (0x039364bb) x9  0x0000000000000470
core   0: 0x0000000080005fda (0xd2130bd3) fcvt.d.wu fs7, t1
core   0: 1 0x0000000080005fda (0xd2130bd3) f23 0x4091c00000000000
core   0: 0x0000000080005fde (0x01fe999b) slliw   s3, t4, 31
core   0: 1 0x0000000080005fde (0x01fe999b) x19 0x0000000000000000
core   0: 0x0000000080005fe2 (0x41da579b) sraiw   a5, s4, 29
core   0: 1 0x0000000080005fe2 (0x41da579b) x15 0x0000000000000000
core   0: 0x0000000080005fe6 (0x000e0933) add     s2, t3, zero
core   0: 1 0x0000000080005fe6 (0x000e0933) x18 0x0000000000000000
core   0: 0x0000000080005fea (0x012b07bb) addw    a5, s6, s2
core   0: 1 0x0000000080005fea (0x012b07bb) x15 0x0000000000001190
core   0: 0x0000000080005fee (0xa23b88d3) fle.d   a7, fs7, ft3
core   0: 1 0x0000000080005fee (0xa23b88d3) c1_fflags 0x0000000000000013 x17 0x0000000000000000
core   0: 0x0000000080005ff2 (0x033799b3) mulh    s3, a5, s3
core   0: 1 0x0000000080005ff2 (0x033799b3) x19 0x0000000000000000
core   0: 0x0000000080005ff6 (0xd2088453) fcvt.d.w fs0, a7
core   0: 1 0x0000000080005ff6 (0xd2088453) f8  0x0000000000000000
core   0: 0x0000000080005ffa (0xd2198f53) fcvt.d.wu ft10, s3
core   0: 1 0x0000000080005ffa (0xd2198f53) f30 0x0000000000000000
core   0: 0x0000000080005ffe (0xc02474d3) fcvt.l.s s1, fs0
core   0: 1 0x0000000080005ffe (0xc02474d3) c1_fflags 0x0000000000000013 x9  0x7fffffffffffffff
core   0: 0x0000000080006002 (0x01235a33) srl     s4, t1, s2
core   0: 1 0x0000000080006002 (0x01235a33) x20 0x0000000000000470
core   0: 0x0000000080006006 (0x40137853) fcvt.s.d fa6, ft6
core   0: 1 0x0000000080006006 (0x40137853) f16 0xffffffff7fc00000
core   0: 0x000000008000600a (0x008a0b33) add     s6, s4, s0
core   0: 1 0x000000008000600a (0x008a0b33) x22 0x0000000000000c6c
core   0: 0x000000008000600e (0x02dd7c53) fadd.d  fs8, fs10, fa3
core   0: 1 0x000000008000600e (0x02dd7c53) f24 0x7ff8000000000000
core   0: 0x0000000080006012 (0x00201173) csrrw   sp, frm, zero
core   0: 1 0x0000000080006012 (0x00201173) x2  0x0000000000000003 c2_frm 0x0000000000000000
core   0: 0x0000000080006016 (0x000bd793) srli    a5, s7, 0
core   0: 1 0x0000000080006016 (0x000bd793) x15 0xffffffffffffee70
core   0: 0x000000008000601a (0x0a2ef8d3) fsub.d  fa7, ft9, ft2
core   0: 1 0x000000008000601a (0x0a2ef8d3) f17 0x7ff8000000000000
core   0: 0x000000008000601e (0x403e8eb3) sub     t4, t4, gp
core   0: 1 0x000000008000601e (0x403e8eb3) x29 0x0000000000000001
core   0: 0x0000000080006022 (0xc0357253) fcvt.lu.s tp, fa0
core   0: 1 0x0000000080006022 (0xc0357253) c1_fflags 0x0000000000000013 x4  0xffffffffffffffff
core   0: 0x0000000080006026 (0x40c80abb) subw    s5, a6, a2
core   0: 1 0x0000000080006026 (0x40c80abb) x21 0xfffffffffffff600
core   0: 0x000000008000602a (0x0a98fdd3) fsub.d  fs11, fa7, fs1
core   0: 1 0x000000008000602a (0x0a98fdd3) f27 0x7ff8000000000000
core   0: 0x000000008000602e (0x00c8d933) srl     s2, a7, a2
core   0: 1 0x000000008000602e (0x00c8d933) x18 0x0000000000000000
core   0: 0x0000000080006032 (0x00202573) csrrs   a0, frm, zero
core   0: 1 0x0000000080006032 (0x00202573) x10 0x0000000000000000
core   0: 0x0000000080006036 (0x0325d4bb) divuw   s1, a1, s2
core   0: 1 0x0000000080006036 (0x0325d4bb) x9  0xffffffffffffffff
core   0: 0x000000008000603a (0x0234dc93) srli    s9, s1, 35
core   0: 1 0x000000008000603a (0x0234dc93) x25 0x000000001fffffff
core   0: 0x000000008000603e (0x41ce0abb) subw    s5, t3, t3
core   0: 1 0x000000008000603e (0x41ce0abb) x21 0x0000000000000000
core   0: 0x0000000080006042 (0x01592cb3) slt     s9, s2, s5
core   0: 1 0x0000000080006042 (0x01592cb3) x25 0x0000000000000000
core   0: 0x0000000080006046 (0x01ba9abb) sllw    s5, s5, s11
core   0: 1 0x0000000080006046 (0x01ba9abb) x21 0x0000000000000000
core   0: 0x000000008000604a (0xe4dfb117) auipc   sp, 0xe4dfb
core   0: 1 0x000000008000604a (0xe4dfb117) x2  0x0000000064e0104a
core   0: 0x000000008000604e (0x00000001) c.nop
core   0: 1 0x000000008000604e (0x0001)
core   0: 0x0000000080006050 (0x02c60c33) mul     s8, a2, a2
core   0: 1 0x0000000080006050 (0x02c60c33) x24 0x0000000000640000
core   0: 0x0000000080006054 (0x235313d3) fsgnjn.d ft7, ft6, fs5
core   0: 1 0x0000000080006054 (0x235313d3) f7  0xfff8000000000000
core   0: 0x0000000080006058 (0xa21e8cd3) fle.d   s9, ft9, ft1
core   0: 1 0x0000000080006058 (0xa21e8cd3) c1_fflags 0x0000000000000013 x25 0x0000000000000000
core   0: 0x000000008000605c (0xc03af453) fcvt.lu.s s0, fs5
core   0: 1 0x000000008000605c (0xc03af453) c1_fflags 0x0000000000000013 x8  0xffffffffffffffff
core   0: 0x0000000080006060 (0x00ad5013) srli    zero, s10, 10
core   0: 1 0x0000000080006060 (0x00ad5013)
core   0: >>>>  write_tohost
core   0: 0x0000000080006064 (0x980fa0ef) jal     pc - 0x5e80
core   0: 1 0x0000000080006064 (0x980fa0ef) x1  0x0000000080006068
core   0: >>>>  _exit
core   0: 0x00000000800001e4 (0x00004505) c.li    a0, 1
core   0: 1 0x00000000800001e4 (0x4505) x10 0x0000000000000001
core   0: 0x00000000800001e6 (0x00001f17) auipc   t5, 0x1
core   0: 1 0x00000000800001e6 (0x00001f17) x30 0x00000000800011e6
core   0: 0x00000000800001ea (0xe0af2d23) sw      a0, -486(t5)
core   0: 1 0x00000000800001ea (0xe0af2d23) mem 0x0000000080001000 0x00000001
cp /home/server/RISCV/cva6/verif/sim/out/seed_864/spike_sim/new_seeds_864_.cv64a6_imafdc_sv39.log.iss /home/server/RISCV/cva6/verif/sim/out/seed_864/spike_sim/new_seeds_864_.cv64a6_imafdc_sv39.log
