Makefile:14: must set CVA6_REPO_DIR to point at the root of CVA6 sources and CVA6_TB_DIR to point here -- doing it for you...
LD_LIBRARY_PATH="$(realpath ../../tools/spike/lib):$LD_LIBRARY_PATH" \
	/home/server/RISCV/cva6/tools/spike/bin/spike --steps=2000000  --log-commits --isa=rv64gc_zba_zbb_zbs_zbc_zicsr_zifencei --priv=msu -l /home/server/RISCV/cva6/verif/sim/out/seed_1846/directed_asm_tests/new_seeds_1846_.o
[SPIKE] Max simulation steps: 2000000
[SPIKE] Proc 0 | ISA: rv64gc_zba_zbb_zbs_zbc_zicsr_zifencei PRIV: msu
[SPIKE] Initializing memories...
core   0: 0x0000000000010000 (0x00100413) li      s0, 1
core   0: 3 0x0000000000010000 (0x00100413) x8  0x0000000000000001
core   0: 0x0000000000010004 (0x01f41413) slli    s0, s0, 31
core   0: 3 0x0000000000010004 (0x01f41413) x8  0x0000000080000000
core   0: 0x0000000000010008 (0xf1402573) csrrs   a0, mhartid, zero
core   0: 3 0x0000000000010008 (0xf1402573) x10 0x0000000000000000
core   0: 0x000000000001000c (0x00000597) auipc   a1, 0x0
core   0: 3 0x000000000001000c (0x00000597) x11 0x000000000001000c
core   0: 0x0000000000010010 (0x07458593) addi    a1, a1, 116
core   0: 3 0x0000000000010010 (0x07458593) x11 0x0000000000010080
core   0: 0x0000000000010014 (0x00040067) jr      s0
core   0: 3 0x0000000000010014 (0x00040067)
core   0: >>>>  _start
core   0: 0x0000000080000000 (0x00004081) c.li    ra, 0
core   0: 3 0x0000000080000000 (0x4081) x1  0x0000000000000000
core   0: 0x0000000080000002 (0x00004101) c.li    sp, 0
core   0: 3 0x0000000080000002 (0x4101) x2  0x0000000000000000
core   0: 0x0000000080000004 (0x00004181) c.li    gp, 0
core   0: 3 0x0000000080000004 (0x4181) x3  0x0000000000000000
core   0: 0x0000000080000006 (0x00004201) c.li    tp, 0
core   0: 3 0x0000000080000006 (0x4201) x4  0x0000000000000000
core   0: 0x0000000080000008 (0x00004281) c.li    t0, 0
core   0: 3 0x0000000080000008 (0x4281) x5  0x0000000000000000
core   0: 0x000000008000000a (0x00004301) c.li    t1, 0
core   0: 3 0x000000008000000a (0x4301) x6  0x0000000000000000
core   0: 0x000000008000000c (0x00004381) c.li    t2, 0
core   0: 3 0x000000008000000c (0x4381) x7  0x0000000000000000
core   0: 0x000000008000000e (0x00004401) c.li    s0, 0
core   0: 3 0x000000008000000e (0x4401) x8  0x0000000000000000
core   0: 0x0000000080000010 (0x00004481) c.li    s1, 0
core   0: 3 0x0000000080000010 (0x4481) x9  0x0000000000000000
core   0: 0x0000000080000012 (0x00004501) c.li    a0, 0
core   0: 3 0x0000000080000012 (0x4501) x10 0x0000000000000000
core   0: 0x0000000080000014 (0x00004581) c.li    a1, 0
core   0: 3 0x0000000080000014 (0x4581) x11 0x0000000000000000
core   0: 0x0000000080000016 (0x00004601) c.li    a2, 0
core   0: 3 0x0000000080000016 (0x4601) x12 0x0000000000000000
core   0: 0x0000000080000018 (0x00004681) c.li    a3, 0
core   0: 3 0x0000000080000018 (0x4681) x13 0x0000000000000000
core   0: 0x000000008000001a (0x00004701) c.li    a4, 0
core   0: 3 0x000000008000001a (0x4701) x14 0x0000000000000000
core   0: 0x000000008000001c (0x00004781) c.li    a5, 0
core   0: 3 0x000000008000001c (0x4781) x15 0x0000000000000000
core   0: 0x000000008000001e (0x00004801) c.li    a6, 0
core   0: 3 0x000000008000001e (0x4801) x16 0x0000000000000000
core   0: 0x0000000080000020 (0x00004881) c.li    a7, 0
core   0: 3 0x0000000080000020 (0x4881) x17 0x0000000000000000
core   0: 0x0000000080000022 (0x00004901) c.li    s2, 0
core   0: 3 0x0000000080000022 (0x4901) x18 0x0000000000000000
core   0: 0x0000000080000024 (0x00004981) c.li    s3, 0
core   0: 3 0x0000000080000024 (0x4981) x19 0x0000000000000000
core   0: 0x0000000080000026 (0x00004a01) c.li    s4, 0
core   0: 3 0x0000000080000026 (0x4a01) x20 0x0000000000000000
core   0: 0x0000000080000028 (0x00004a81) c.li    s5, 0
core   0: 3 0x0000000080000028 (0x4a81) x21 0x0000000000000000
core   0: 0x000000008000002a (0x00004b01) c.li    s6, 0
core   0: 3 0x000000008000002a (0x4b01) x22 0x0000000000000000
core   0: 0x000000008000002c (0x00004b81) c.li    s7, 0
core   0: 3 0x000000008000002c (0x4b81) x23 0x0000000000000000
core   0: 0x000000008000002e (0x00004c01) c.li    s8, 0
core   0: 3 0x000000008000002e (0x4c01) x24 0x0000000000000000
core   0: 0x0000000080000030 (0x00004c81) c.li    s9, 0
core   0: 3 0x0000000080000030 (0x4c81) x25 0x0000000000000000
core   0: 0x0000000080000032 (0x00004d01) c.li    s10, 0
core   0: 3 0x0000000080000032 (0x4d01) x26 0x0000000000000000
core   0: 0x0000000080000034 (0x00004d81) c.li    s11, 0
core   0: 3 0x0000000080000034 (0x4d81) x27 0x0000000000000000
core   0: 0x0000000080000036 (0x00004e01) c.li    t3, 0
core   0: 3 0x0000000080000036 (0x4e01) x28 0x0000000000000000
core   0: 0x0000000080000038 (0x00004e81) c.li    t4, 0
core   0: 3 0x0000000080000038 (0x4e81) x29 0x0000000000000000
core   0: 0x000000008000003a (0x00004f01) c.li    t5, 0
core   0: 3 0x000000008000003a (0x4f01) x30 0x0000000000000000
core   0: 0x000000008000003c (0x00004f81) c.li    t6, 0
core   0: 3 0x000000008000003c (0x4f81) x31 0x0000000000000000
core   0: 0x000000008000003e (0x000062f9) c.lui   t0, 0x1e
core   0: 3 0x000000008000003e (0x62f9) x5  0x000000000001e000
core   0: 0x0000000080000040 (0x3002a073) csrrs   zero, mstatus, t0
core   0: 3 0x0000000080000040 (0x3002a073) c768_mstatus 0x8000000a00006000
core   0: 0x0000000080000044 (0x00004285) c.li    t0, 1
core   0: 3 0x0000000080000044 (0x4285) x5  0x0000000000000001
core   0: 0x0000000080000046 (0x000002fe) c.slli  t0, 31
core   0: 3 0x0000000080000046 (0x02fe) x5  0x0000000080000000
core   0: 0x0000000080000048 (0x0002d863) bge     t0, zero, pc + 16
core   0: 3 0x0000000080000048 (0x0002d863)
core   0: 0x0000000080000058 (0x00000297) auipc   t0, 0x0
core   0: 3 0x0000000080000058 (0x00000297) x5  0x0000000080000058
core   0: 0x000000008000005c (0x09028293) addi    t0, t0, 144
core   0: 3 0x000000008000005c (0x09028293) x5  0x00000000800000e8
core   0: 0x0000000080000060 (0x30529073) csrrw   zero, mtvec, t0
core   0: 3 0x0000000080000060 (0x30529073) c773_mtvec 0x00000000800000e8
core   0: 0x0000000080000064 (0x00301073) csrrw   zero, fcsr, zero
core   0: 3 0x0000000080000064 (0x00301073) c1_fflags 0x0000000000000000 c2_frm 0x0000000000000000
core   0: 0x0000000080000068 (0xf0000053) fmv.w.x ft0, zero
core   0: 3 0x0000000080000068 (0xf0000053) f0  0xffffffff00000000
core   0: 0x000000008000006c (0xf00000d3) fmv.w.x ft1, zero
core   0: 3 0x000000008000006c (0xf00000d3) f1  0xffffffff00000000
core   0: 0x0000000080000070 (0xf0000153) fmv.w.x ft2, zero
core   0: 3 0x0000000080000070 (0xf0000153) f2  0xffffffff00000000
core   0: 0x0000000080000074 (0xf00001d3) fmv.w.x ft3, zero
core   0: 3 0x0000000080000074 (0xf00001d3) f3  0xffffffff00000000
core   0: 0x0000000080000078 (0xf0000253) fmv.w.x ft4, zero
core   0: 3 0x0000000080000078 (0xf0000253) f4  0xffffffff00000000
core   0: 0x000000008000007c (0xf00002d3) fmv.w.x ft5, zero
core   0: 3 0x000000008000007c (0xf00002d3) f5  0xffffffff00000000
core   0: 0x0000000080000080 (0xf0000353) fmv.w.x ft6, zero
core   0: 3 0x0000000080000080 (0xf0000353) f6  0xffffffff00000000
core   0: 0x0000000080000084 (0xf00003d3) fmv.w.x ft7, zero
core   0: 3 0x0000000080000084 (0xf00003d3) f7  0xffffffff00000000
core   0: 0x0000000080000088 (0xf0000453) fmv.w.x fs0, zero
core   0: 3 0x0000000080000088 (0xf0000453) f8  0xffffffff00000000
core   0: 0x000000008000008c (0xf00004d3) fmv.w.x fs1, zero
core   0: 3 0x000000008000008c (0xf00004d3) f9  0xffffffff00000000
core   0: 0x0000000080000090 (0xf0000553) fmv.w.x fa0, zero
core   0: 3 0x0000000080000090 (0xf0000553) f10 0xffffffff00000000
core   0: 0x0000000080000094 (0xf00005d3) fmv.w.x fa1, zero
core   0: 3 0x0000000080000094 (0xf00005d3) f11 0xffffffff00000000
core   0: 0x0000000080000098 (0xf0000653) fmv.w.x fa2, zero
core   0: 3 0x0000000080000098 (0xf0000653) f12 0xffffffff00000000
core   0: 0x000000008000009c (0xf00006d3) fmv.w.x fa3, zero
core   0: 3 0x000000008000009c (0xf00006d3) f13 0xffffffff00000000
core   0: 0x00000000800000a0 (0xf0000753) fmv.w.x fa4, zero
core   0: 3 0x00000000800000a0 (0xf0000753) f14 0xffffffff00000000
core   0: 0x00000000800000a4 (0xf00007d3) fmv.w.x fa5, zero
core   0: 3 0x00000000800000a4 (0xf00007d3) f15 0xffffffff00000000
core   0: 0x00000000800000a8 (0xf0000853) fmv.w.x fa6, zero
core   0: 3 0x00000000800000a8 (0xf0000853) f16 0xffffffff00000000
core   0: 0x00000000800000ac (0xf00008d3) fmv.w.x fa7, zero
core   0: 3 0x00000000800000ac (0xf00008d3) f17 0xffffffff00000000
core   0: 0x00000000800000b0 (0xf0000953) fmv.w.x fs2, zero
core   0: 3 0x00000000800000b0 (0xf0000953) f18 0xffffffff00000000
core   0: 0x00000000800000b4 (0xf00009d3) fmv.w.x fs3, zero
core   0: 3 0x00000000800000b4 (0xf00009d3) f19 0xffffffff00000000
core   0: 0x00000000800000b8 (0xf0000a53) fmv.w.x fs4, zero
core   0: 3 0x00000000800000b8 (0xf0000a53) f20 0xffffffff00000000
core   0: 0x00000000800000bc (0xf0000ad3) fmv.w.x fs5, zero
core   0: 3 0x00000000800000bc (0xf0000ad3) f21 0xffffffff00000000
core   0: 0x00000000800000c0 (0xf0000b53) fmv.w.x fs6, zero
core   0: 3 0x00000000800000c0 (0xf0000b53) f22 0xffffffff00000000
core   0: 0x00000000800000c4 (0xf0000bd3) fmv.w.x fs7, zero
core   0: 3 0x00000000800000c4 (0xf0000bd3) f23 0xffffffff00000000
core   0: 0x00000000800000c8 (0xf0000c53) fmv.w.x fs8, zero
core   0: 3 0x00000000800000c8 (0xf0000c53) f24 0xffffffff00000000
core   0: 0x00000000800000cc (0xf0000cd3) fmv.w.x fs9, zero
core   0: 3 0x00000000800000cc (0xf0000cd3) f25 0xffffffff00000000
core   0: 0x00000000800000d0 (0xf0000d53) fmv.w.x fs10, zero
core   0: 3 0x00000000800000d0 (0xf0000d53) f26 0xffffffff00000000
core   0: 0x00000000800000d4 (0xf0000dd3) fmv.w.x fs11, zero
core   0: 3 0x00000000800000d4 (0xf0000dd3) f27 0xffffffff00000000
core   0: 0x00000000800000d8 (0xf0000e53) fmv.w.x ft8, zero
core   0: 3 0x00000000800000d8 (0xf0000e53) f28 0xffffffff00000000
core   0: 0x00000000800000dc (0xf0000ed3) fmv.w.x ft9, zero
core   0: 3 0x00000000800000dc (0xf0000ed3) f29 0xffffffff00000000
core   0: 0x00000000800000e0 (0xf0000f53) fmv.w.x ft10, zero
core   0: 3 0x00000000800000e0 (0xf0000f53) f30 0xffffffff00000000
core   0: 0x00000000800000e4 (0xf0000fd3) fmv.w.x ft11, zero
core   0: 3 0x00000000800000e4 (0xf0000fd3) f31 0xffffffff00000000
core   0: 0x00000000800000e8 (0x00000297) auipc   t0, 0x0
core   0: 3 0x00000000800000e8 (0x00000297) x5  0x00000000800000e8
core   0: 0x00000000800000ec (0x03c28293) addi    t0, t0, 60
core   0: 3 0x00000000800000ec (0x03c28293) x5  0x0000000080000124
core   0: 0x00000000800000f0 (0x30529073) csrrw   zero, mtvec, t0
core   0: 3 0x00000000800000f0 (0x30529073) c773_mtvec 0x0000000080000124
core   0: 0x00000000800000f4 (0x00012197) auipc   gp, 0x12
core   0: 3 0x00000000800000f4 (0x00012197) x3  0x00000000800120f4
core   0: 0x00000000800000f8 (0x73418193) addi    gp, gp, 1844
core   0: 3 0x00000000800000f8 (0x73418193) x3  0x0000000080012828
core   0: 0x00000000800000fc (0x00012217) auipc   tp, 0x12
core   0: 3 0x00000000800000fc (0x00012217) x4  0x00000000800120fc
core   0: 0x0000000080000100 (0xf8320213) addi    tp, tp, -125
core   0: 3 0x0000000080000100 (0xf8320213) x4  0x000000008001207f
core   0: 0x0000000080000104 (0xfc027213) andi    tp, tp, -64
core   0: 3 0x0000000080000104 (0xfc027213) x4  0x0000000080012040
core   0: 0x0000000080000108 (0xf1402573) csrrs   a0, mhartid, zero
core   0: 3 0x0000000080000108 (0xf1402573) x10 0x0000000000000000
core   0: 0x000000008000010c (0x00004585) c.li    a1, 1
core   0: 3 0x000000008000010c (0x4585) x11 0x0000000000000001
core   0: 0x000000008000010e (0x00b57063) bgeu    a0, a1, pc + 0
core   0: 3 0x000000008000010e (0x00b57063)
core   0: 0x0000000080000112 (0x00150113) addi    sp, a0, 1
core   0: 3 0x0000000080000112 (0x00150113) x2  0x0000000000000001
core   0: 0x0000000080000116 (0x00000146) c.slli  sp, 17
core   0: 3 0x0000000080000116 (0x0146) x2  0x0000000000020000
core   0: 0x0000000080000118 (0x00009112) c.add   sp, tp
core   0: 3 0x0000000080000118 (0x9112) x2  0x0000000080032040
core   0: 0x000000008000011a (0x01151613) slli    a2, a0, 17
core   0: 3 0x000000008000011a (0x01151613) x12 0x0000000000000000
core   0: 0x000000008000011e (0x00009232) c.add   tp, a2
core   0: 3 0x000000008000011e (0x9232) x4  0x0000000080012040
core   0: 0x0000000080000120 (0x4500f06f) j       pc + 0xf450
core   0: 3 0x0000000080000120 (0x4500f06f)
core   0: >>>>  _init
core   0: 0x000000008000f570 (0x00007171) c.addi16sp sp, -176
core   0: 3 0x000000008000f570 (0x7171) x2  0x0000000080031f90
core   0: 0x000000008000f572 (0x0000f506) c.sdsp  ra, 168(sp)
core   0: 3 0x000000008000f572 (0xf506) mem 0x0000000080032038 0x0000000000000000
core   0: 0x000000008000f574 (0x0000f122) c.sdsp  s0, 160(sp)
core   0: 3 0x000000008000f574 (0xf122) mem 0x0000000080032030 0x0000000000000000
core   0: 0x000000008000f576 (0x0000ed26) c.sdsp  s1, 152(sp)
core   0: 3 0x000000008000f576 (0xed26) mem 0x0000000080032028 0x0000000000000000
core   0: 0x000000008000f578 (0x00001900) c.addi4spn s0, sp, 176
core   0: 3 0x000000008000f578 (0x1900) x8  0x0000000080032040
core   0: 0x000000008000f57a (0x000087aa) c.mv    a5, a0
core   0: 3 0x000000008000f57a (0x87aa) x15 0x0000000000000000
core   0: 0x000000008000f57c (0x0000872e) c.mv    a4, a1
core   0: 3 0x000000008000f57c (0x872e) x14 0x0000000000000001
core   0: 0x000000008000f57e (0xf4f42e23) sw      a5, -164(s0)
core   0: 3 0x000000008000f57e (0xf4f42e23) mem 0x0000000080031f9c 0x00000000
core   0: 0x000000008000f582 (0x000087ba) c.mv    a5, a4
core   0: 3 0x000000008000f582 (0x87ba) x15 0x0000000000000001
core   0: 0x000000008000f584 (0xf4f42c23) sw      a5, -168(s0)
core   0: 3 0x000000008000f584 (0xf4f42c23) mem 0x0000000080031f98 0x00000001
core   0: 0x000000008000f588 (0xfe040793) addi    a5, s0, -32
core   0: 3 0x000000008000f588 (0xfe040793) x15 0x0000000080032020
core   0: 0x000000008000f58c (0xf4f43823) sd      a5, -176(s0)
core   0: 3 0x000000008000f58c (0xf4f43823) mem 0x0000000080031f90 0x0000000080032020
core   0: 0x000000008000f590 (0xf5043783) ld      a5, -176(s0)
core   0: 3 0x000000008000f590 (0xf5043783) x15 0x0000000080032020 mem 0x0000000080031f90
core   0: 0x000000008000f594 (0xf8078793) addi    a5, a5, -128
core   0: 3 0x000000008000f594 (0xf8078793) x15 0x0000000080031fa0
core   0: 0x000000008000f598 (0x03f78793) addi    a5, a5, 63
core   0: 3 0x000000008000f598 (0x03f78793) x15 0x0000000080031fdf
core   0: 0x000000008000f59c (0x00008399) c.srli  a5, 6
core   0: 3 0x000000008000f59c (0x8399) x15 0x0000000002000c7f
core   0: 0x000000008000f59e (0x00679493) slli    s1, a5, 6
core   0: 3 0x000000008000f59e (0x00679493) x9  0x0000000080031fc0
core   0: 0x000000008000f5a2 (0xf65ff0ef) jal     pc - 0x9c
core   0: 3 0x000000008000f5a2 (0xf65ff0ef) x1  0x000000008000f5a6
core   0: >>>>  init_tls
core   0: 0x000000008000f506 (0x00001101) c.addi  sp, -32
core   0: 3 0x000000008000f506 (0x1101) x2  0x0000000080031f70
core   0: 0x000000008000f508 (0x0000ec06) c.sdsp  ra, 24(sp)
core   0: 3 0x000000008000f508 (0xec06) mem 0x0000000080031f88 0x000000008000f5a6
core   0: 0x000000008000f50a (0x0000e822) c.sdsp  s0, 16(sp)
core   0: 3 0x000000008000f50a (0xe822) mem 0x0000000080031f80 0x0000000080032040
core   0: 0x000000008000f50c (0x00001000) c.addi4spn s0, sp, 32
core   0: 3 0x000000008000f50c (0x1000) x8  0x0000000080031f90
core   0: 0x000000008000f50e (0x00003717) auipc   a4, 0x3
core   0: 3 0x000000008000f50e (0x00003717) x14 0x000000008001250e
core   0: 0x000000008000f512 (0xb1a70713) addi    a4, a4, -1254
core   0: 3 0x000000008000f512 (0xb1a70713) x14 0x0000000080012028
core   0: 0x000000008000f516 (0x00003797) auipc   a5, 0x3
core   0: 3 0x000000008000f516 (0x00003797) x15 0x0000000080012516
core   0: 0x000000008000f51a (0xb1278793) addi    a5, a5, -1262
core   0: 3 0x000000008000f51a (0xb1278793) x15 0x0000000080012028
core   0: 0x000000008000f51e (0x40f707b3) sub     a5, a4, a5
core   0: 3 0x000000008000f51e (0x40f707b3) x15 0x0000000000000000
core   0: 0x000000008000f522 (0xfef43423) sd      a5, -24(s0)
core   0: 3 0x000000008000f522 (0xfef43423) mem 0x0000000080031f78 0x0000000000000000
core   0: 0x000000008000f526 (0x00008792) c.mv    a5, tp
core   0: 3 0x000000008000f526 (0x8792) x15 0x0000000080012040
core   0: 0x000000008000f528 (0xfe843603) ld      a2, -24(s0)
core   0: 3 0x000000008000f528 (0xfe843603) x12 0x0000000000000000 mem 0x0000000080031f78
core   0: 0x000000008000f52c (0x00003597) auipc   a1, 0x3
core   0: 3 0x000000008000f52c (0x00003597) x11 0x000000008001252c
core   0: 0x000000008000f530 (0xafc58593) addi    a1, a1, -1284
core   0: 3 0x000000008000f530 (0xafc58593) x11 0x0000000080012028
core   0: 0x000000008000f534 (0x0000853e) c.mv    a0, a5
core   0: 3 0x000000008000f534 (0x853e) x10 0x0000000080012040
core   0: 0x000000008000f536 (0x0f9000ef) jal     pc + 0x8f8
core   0: 3 0x000000008000f536 (0x0f9000ef) x1  0x000000008000f53a
core   0: >>>>  memcpy
core   0: 0x000000008000fe2e (0x0000715d) c.addi16sp sp, -80
core   0: 3 0x000000008000fe2e (0x715d) x2  0x0000000080031f20
core   0: 0x000000008000fe30 (0x0000e4a2) c.sdsp  s0, 72(sp)
core   0: 3 0x000000008000fe30 (0xe4a2) mem 0x0000000080031f68 0x0000000080031f90
core   0: 0x000000008000fe32 (0x00000880) c.addi4spn s0, sp, 80
core   0: 3 0x000000008000fe32 (0x0880) x8  0x0000000080031f70
core   0: 0x000000008000fe34 (0xfca43423) sd      a0, -56(s0)
core   0: 3 0x000000008000fe34 (0xfca43423) mem 0x0000000080031f38 0x0000000080012040
core   0: 0x000000008000fe38 (0xfcb43023) sd      a1, -64(s0)
core   0: 3 0x000000008000fe38 (0xfcb43023) mem 0x0000000080031f30 0x0000000080012028
core   0: 0x000000008000fe3c (0xfac43c23) sd      a2, -72(s0)
core   0: 3 0x000000008000fe3c (0xfac43c23) mem 0x0000000080031f28 0x0000000000000000
core   0: 0x000000008000fe40 (0xfc843703) ld      a4, -56(s0)
core   0: 3 0x000000008000fe40 (0xfc843703) x14 0x0000000080012040 mem 0x0000000080031f38
core   0: 0x000000008000fe44 (0xfc043783) ld      a5, -64(s0)
core   0: 3 0x000000008000fe44 (0xfc043783) x15 0x0000000080012028 mem 0x0000000080031f30
core   0: 0x000000008000fe48 (0x00008f5d) c.or    a4, a5
core   0: 3 0x000000008000fe48 (0x8f5d) x14 0x0000000080012068
core   0: 0x000000008000fe4a (0xfb843783) ld      a5, -72(s0)
core   0: 3 0x000000008000fe4a (0xfb843783) x15 0x0000000000000000 mem 0x0000000080031f28
core   0: 0x000000008000fe4e (0x00008fd9) c.or    a5, a4
core   0: 3 0x000000008000fe4e (0x8fd9) x15 0x0000000080012068
core   0: 0x000000008000fe50 (0x00008b9d) c.andi  a5, 7
core   0: 3 0x000000008000fe50 (0x8b9d) x15 0x0000000000000000
core   0: 0x000000008000fe52 (0x0000e3b1) c.bnez  a5, pc + 68
core   0: 3 0x000000008000fe52 (0xe3b1)
core   0: 0x000000008000fe54 (0xfc043783) ld      a5, -64(s0)
core   0: 3 0x000000008000fe54 (0xfc043783) x15 0x0000000080012028 mem 0x0000000080031f30
core   0: 0x000000008000fe58 (0xfef43423) sd      a5, -24(s0)
core   0: 3 0x000000008000fe58 (0xfef43423) mem 0x0000000080031f58 0x0000000080012028
core   0: 0x000000008000fe5c (0xfc843783) ld      a5, -56(s0)
core   0: 3 0x000000008000fe5c (0xfc843783) x15 0x0000000080012040 mem 0x0000000080031f38
core   0: 0x000000008000fe60 (0xfef43023) sd      a5, -32(s0)
core   0: 3 0x000000008000fe60 (0xfef43023) mem 0x0000000080031f50 0x0000000080012040
core   0: 0x000000008000fe64 (0x0000a839) c.j     pc + 30
core   0: 3 0x000000008000fe64 (0xa839)
core   0: 0x000000008000fe82 (0xfc843703) ld      a4, -56(s0)
core   0: 3 0x000000008000fe82 (0xfc843703) x14 0x0000000080012040 mem 0x0000000080031f38
core   0: 0x000000008000fe86 (0xfb843783) ld      a5, -72(s0)
core   0: 3 0x000000008000fe86 (0xfb843783) x15 0x0000000000000000 mem 0x0000000080031f28
core   0: 0x000000008000fe8a (0x000097ba) c.add   a5, a4
core   0: 3 0x000000008000fe8a (0x97ba) x15 0x0000000080012040
core   0: 0x000000008000fe8c (0xfe043703) ld      a4, -32(s0)
core   0: 3 0x000000008000fe8c (0xfe043703) x14 0x0000000080012040 mem 0x0000000080031f50
core   0: 0x000000008000fe90 (0xfcf76be3) bltu    a4, a5, pc - 42
core   0: 3 0x000000008000fe90 (0xfcf76be3)
core   0: 0x000000008000fe94 (0x0000a099) c.j     pc + 70
core   0: 3 0x000000008000fe94 (0xa099)
core   0: 0x000000008000feda (0xfc843783) ld      a5, -56(s0)
core   0: 3 0x000000008000feda (0xfc843783) x15 0x0000000080012040 mem 0x0000000080031f38
core   0: 0x000000008000fede (0x0000853e) c.mv    a0, a5
core   0: 3 0x000000008000fede (0x853e) x10 0x0000000080012040
core   0: 0x000000008000fee0 (0x00006426) c.ldsp  s0, 72(sp)
core   0: 3 0x000000008000fee0 (0x6426) x8  0x0000000080031f90 mem 0x0000000080031f68
core   0: 0x000000008000fee2 (0x00006161) c.addi16sp sp, 80
core   0: 3 0x000000008000fee2 (0x6161) x2  0x0000000080031f70
core   0: 0x000000008000fee4 (0x00008082) ret
core   0: 3 0x000000008000fee4 (0x8082)
core   0: 0x000000008000f53a (0x00003717) auipc   a4, 0x3
core   0: 3 0x000000008000f53a (0x00003717) x14 0x000000008001253a
core   0: 0x000000008000f53e (0xb8a70713) addi    a4, a4, -1142
core   0: 3 0x000000008000f53e (0xb8a70713) x14 0x00000000800120c4
core   0: 0x000000008000f542 (0x00003797) auipc   a5, 0x3
core   0: 3 0x000000008000f542 (0x00003797) x15 0x0000000080012542
core   0: 0x000000008000f546 (0xae678793) addi    a5, a5, -1306
core   0: 3 0x000000008000f546 (0xae678793) x15 0x0000000080012028
core   0: 0x000000008000f54a (0x40f707b3) sub     a5, a4, a5
core   0: 3 0x000000008000f54a (0x40f707b3) x15 0x000000000000009c
core   0: 0x000000008000f54e (0xfef43023) sd      a5, -32(s0)
core   0: 3 0x000000008000f54e (0xfef43023) mem 0x0000000080031f70 0x000000000000009c
core   0: 0x000000008000f552 (0x00008712) c.mv    a4, tp
core   0: 3 0x000000008000f552 (0x8712) x14 0x0000000080012040
core   0: 0x000000008000f554 (0xfe843783) ld      a5, -24(s0)
core   0: 3 0x000000008000f554 (0xfe843783) x15 0x0000000000000000 mem 0x0000000080031f78
core   0: 0x000000008000f558 (0x000097ba) c.add   a5, a4
core   0: 3 0x000000008000f558 (0x97ba) x15 0x0000000080012040
core   0: 0x000000008000f55a (0xfe043603) ld      a2, -32(s0)
core   0: 3 0x000000008000f55a (0xfe043603) x12 0x000000000000009c mem 0x0000000080031f70
core   0: 0x000000008000f55e (0x00004581) c.li    a1, 0
core   0: 3 0x000000008000f55e (0x4581) x11 0x0000000000000000
core   0: 0x000000008000f560 (0x0000853e) c.mv    a0, a5
core   0: 3 0x000000008000f560 (0x853e) x10 0x0000000080012040
core   0: 0x000000008000f562 (0x185000ef) jal     pc + 0x984
core   0: 3 0x000000008000f562 (0x185000ef) x1  0x000000008000f566
core   0: >>>>  memset
core   0: 0x000000008000fee6 (0x0000715d) c.addi16sp sp, -80
core   0: 3 0x000000008000fee6 (0x715d) x2  0x0000000080031f20
core   0: 0x000000008000fee8 (0x0000e4a2) c.sdsp  s0, 72(sp)
core   0: 3 0x000000008000fee8 (0xe4a2) mem 0x0000000080031f68 0x0000000080031f90
core   0: 0x000000008000feea (0x00000880) c.addi4spn s0, sp, 80
core   0: 3 0x000000008000feea (0x0880) x8  0x0000000080031f70
core   0: 0x000000008000feec (0xfca43423) sd      a0, -56(s0)
core   0: 3 0x000000008000feec (0xfca43423) mem 0x0000000080031f38 0x0000000080012040
core   0: 0x000000008000fef0 (0x000087ae) c.mv    a5, a1
core   0: 3 0x000000008000fef0 (0x87ae) x15 0x0000000000000000
core   0: 0x000000008000fef2 (0xfac43c23) sd      a2, -72(s0)
core   0: 3 0x000000008000fef2 (0xfac43c23) mem 0x0000000080031f28 0x000000000000009c
core   0: 0x000000008000fef6 (0xfcf42223) sw      a5, -60(s0)
core   0: 3 0x000000008000fef6 (0xfcf42223) mem 0x0000000080031f34 0x00000000
core   0: 0x000000008000fefa (0xfc843703) ld      a4, -56(s0)
core   0: 3 0x000000008000fefa (0xfc843703) x14 0x0000000080012040 mem 0x0000000080031f38
core   0: 0x000000008000fefe (0xfb843783) ld      a5, -72(s0)
core   0: 3 0x000000008000fefe (0xfb843783) x15 0x000000000000009c mem 0x0000000080031f28
core   0: 0x000000008000ff02 (0x00008fd9) c.or    a5, a4
core   0: 3 0x000000008000ff02 (0x8fd9) x15 0x00000000800120dc
core   0: 0x000000008000ff04 (0x00008b9d) c.andi  a5, 7
core   0: 3 0x000000008000ff04 (0x8b9d) x15 0x0000000000000004
core   0: 0x000000008000ff06 (0x0000e7bd) c.bnez  a5, pc + 110
core   0: 3 0x000000008000ff06 (0xe7bd)
core   0: 0x000000008000ff74 (0xfc843783) ld      a5, -56(s0)
core   0: 3 0x000000008000ff74 (0xfc843783) x15 0x0000000080012040 mem 0x0000000080031f38
core   0: 0x000000008000ff78 (0xfef43023) sd      a5, -32(s0)
core   0: 3 0x000000008000ff78 (0xfef43023) mem 0x0000000080031f50 0x0000000080012040
core   0: 0x000000008000ff7c (0x0000a829) c.j     pc + 26
core   0: 3 0x000000008000ff7c (0xa829)
core   0: 0x000000008000ff96 (0xfc843703) ld      a4, -56(s0)
core   0: 3 0x000000008000ff96 (0xfc843703) x14 0x0000000080012040 mem 0x0000000080031f38
core   0: 0x000000008000ff9a (0xfb843783) ld      a5, -72(s0)
core   0: 3 0x000000008000ff9a (0xfb843783) x15 0x000000000000009c mem 0x0000000080031f28
core   0: 0x000000008000ff9e (0x000097ba) c.add   a5, a4
core   0: 3 0x000000008000ff9e (0x97ba) x15 0x00000000800120dc
core   0: 0x000000008000ffa0 (0xfe043703) ld      a4, -32(s0)
core   0: 3 0x000000008000ffa0 (0xfe043703) x14 0x0000000080012040 mem 0x0000000080031f50
core   0: 0x000000008000ffa4 (0xfcf76de3) bltu    a4, a5, pc - 38
core   0: 3 0x000000008000ffa4 (0xfcf76de3)
core   0: 0x000000008000ff7e (0xfe043783) ld      a5, -32(s0)
core   0: 3 0x000000008000ff7e (0xfe043783) x15 0x0000000080012040 mem 0x0000000080031f50
core   0: 0x000000008000ff82 (0x00178713) addi    a4, a5, 1
core   0: 3 0x000000008000ff82 (0x00178713) x14 0x0000000080012041
core   0: 0x000000008000ff86 (0xfee43023) sd      a4, -32(s0)
core   0: 3 0x000000008000ff86 (0xfee43023) mem 0x0000000080031f50 0x0000000080012041
core   0: 0x000000008000ff8a (0xfc442703) lw      a4, -60(s0)
core   0: 3 0x000000008000ff8a (0xfc442703) x14 0x0000000000000000 mem 0x0000000080031f34
core   0: 0x000000008000ff8e (0x0ff77713) andi    a4, a4, 255
core   0: 3 0x000000008000ff8e (0x0ff77713) x14 0x0000000000000000
core   0: 0x000000008000ff92 (0x00e78023) sb      a4, 0(a5)
core   0: 3 0x000000008000ff92 (0x00e78023) mem 0x0000000080012040 0x00
core   0: 0x000000008000ff96 (0xfc843703) ld      a4, -56(s0)
core   0: 3 0x000000008000ff96 (0xfc843703) x14 0x0000000080012040 mem 0x0000000080031f38
core   0: 0x000000008000ff9a (0xfb843783) ld      a5, -72(s0)
core   0: 3 0x000000008000ff9a (0xfb843783) x15 0x000000000000009c mem 0x0000000080031f28
core   0: 0x000000008000ff9e (0x000097ba) c.add   a5, a4
core   0: 3 0x000000008000ff9e (0x97ba) x15 0x00000000800120dc
core   0: 0x000000008000ffa0 (0xfe043703) ld      a4, -32(s0)
core   0: 3 0x000000008000ffa0 (0xfe043703) x14 0x0000000080012041 mem 0x0000000080031f50
core   0: 0x000000008000ffa4 (0xfcf76de3) bltu    a4, a5, pc - 38
core   0: 3 0x000000008000ffa4 (0xfcf76de3)
core   0: 0x000000008000ff7e (0xfe043783) ld      a5, -32(s0)
core   0: 3 0x000000008000ff7e (0xfe043783) x15 0x0000000080012041 mem 0x0000000080031f50
core   0: 0x000000008000ff82 (0x00178713) addi    a4, a5, 1
core   0: 3 0x000000008000ff82 (0x00178713) x14 0x0000000080012042
core   0: 0x000000008000ff86 (0xfee43023) sd      a4, -32(s0)
core   0: 3 0x000000008000ff86 (0xfee43023) mem 0x0000000080031f50 0x0000000080012042
core   0: 0x000000008000ff8a (0xfc442703) lw      a4, -60(s0)
core   0: 3 0x000000008000ff8a (0xfc442703) x14 0x0000000000000000 mem 0x0000000080031f34
core   0: 0x000000008000ff8e (0x0ff77713) andi    a4, a4, 255
core   0: 3 0x000000008000ff8e (0x0ff77713) x14 0x0000000000000000
core   0: 0x000000008000ff92 (0x00e78023) sb      a4, 0(a5)
core   0: 3 0x000000008000ff92 (0x00e78023) mem 0x0000000080012041 0x00
core   0: 0x000000008000ff96 (0xfc843703) ld      a4, -56(s0)
core   0: 3 0x000000008000ff96 (0xfc843703) x14 0x0000000080012040 mem 0x0000000080031f38
core   0: 0x000000008000ff9a (0xfb843783) ld      a5, -72(s0)
core   0: 3 0x000000008000ff9a (0xfb843783) x15 0x000000000000009c mem 0x0000000080031f28
core   0: 0x000000008000ff9e (0x000097ba) c.add   a5, a4
core   0: 3 0x000000008000ff9e (0x97ba) x15 0x00000000800120dc
core   0: 0x000000008000ffa0 (0xfe043703) ld      a4, -32(s0)
core   0: 3 0x000000008000ffa0 (0xfe043703) x14 0x0000000080012042 mem 0x0000000080031f50
core   0: 0x000000008000ffa4 (0xfcf76de3) bltu    a4, a5, pc - 38
core   0: 3 0x000000008000ffa4 (0xfcf76de3)
core   0: 0x000000008000ff7e (0xfe043783) ld      a5, -32(s0)
core   0: 3 0x000000008000ff7e (0xfe043783) x15 0x0000000080012042 mem 0x0000000080031f50
core   0: 0x000000008000ff82 (0x00178713) addi    a4, a5, 1
core   0: 3 0x000000008000ff82 (0x00178713) x14 0x0000000080012043
core   0: 0x000000008000ff86 (0xfee43023) sd      a4, -32(s0)
core   0: 3 0x000000008000ff86 (0xfee43023) mem 0x0000000080031f50 0x0000000080012043
core   0: 0x000000008000ff8a (0xfc442703) lw      a4, -60(s0)
core   0: 3 0x000000008000ff8a (0xfc442703) x14 0x0000000000000000 mem 0x0000000080031f34
core   0: 0x000000008000ff8e (0x0ff77713) andi    a4, a4, 255
core   0: 3 0x000000008000ff8e (0x0ff77713) x14 0x0000000000000000
core   0: 0x000000008000ff92 (0x00e78023) sb      a4, 0(a5)
core   0: 3 0x000000008000ff92 (0x00e78023) mem 0x0000000080012042 0x00
core   0: 0x000000008000ff96 (0xfc843703) ld      a4, -56(s0)
core   0: 3 0x000000008000ff96 (0xfc843703) x14 0x0000000080012040 mem 0x0000000080031f38
core   0: 0x000000008000ff9a (0xfb843783) ld      a5, -72(s0)
core   0: 3 0x000000008000ff9a (0xfb843783) x15 0x000000000000009c mem 0x0000000080031f28
core   0: 0x000000008000ff9e (0x000097ba) c.add   a5, a4
core   0: 3 0x000000008000ff9e (0x97ba) x15 0x00000000800120dc
core   0: 0x000000008000ffa0 (0xfe043703) ld      a4, -32(s0)
core   0: 3 0x000000008000ffa0 (0xfe043703) x14 0x0000000080012043 mem 0x0000000080031f50
core   0: 0x000000008000ffa4 (0xfcf76de3) bltu    a4, a5, pc - 38
core   0: 3 0x000000008000ffa4 (0xfcf76de3)
core   0: 0x000000008000ff7e (0xfe043783) ld      a5, -32(s0)
core   0: 3 0x000000008000ff7e (0xfe043783) x15 0x0000000080012043 mem 0x0000000080031f50
core   0: 0x000000008000ff82 (0x00178713) addi    a4, a5, 1
core   0: 3 0x000000008000ff82 (0x00178713) x14 0x0000000080012044
core   0: 0x000000008000ff86 (0xfee43023) sd      a4, -32(s0)
core   0: 3 0x000000008000ff86 (0xfee43023) mem 0x0000000080031f50 0x0000000080012044
core   0: 0x000000008000ff8a (0xfc442703) lw      a4, -60(s0)
core   0: 3 0x000000008000ff8a (0xfc442703) x14 0x0000000000000000 mem 0x0000000080031f34
core   0: 0x000000008000ff8e (0x0ff77713) andi    a4, a4, 255
core   0: 3 0x000000008000ff8e (0x0ff77713) x14 0x0000000000000000
core   0: 0x000000008000ff92 (0x00e78023) sb      a4, 0(a5)
core   0: 3 0x000000008000ff92 (0x00e78023) mem 0x0000000080012043 0x00
core   0: 0x000000008000ff96 (0xfc843703) ld      a4, -56(s0)
core   0: 3 0x000000008000ff96 (0xfc843703) x14 0x0000000080012040 mem 0x0000000080031f38
core   0: 0x000000008000ff9a (0xfb843783) ld      a5, -72(s0)
core   0: 3 0x000000008000ff9a (0xfb843783) x15 0x000000000000009c mem 0x0000000080031f28
core   0: 0x000000008000ff9e (0x000097ba) c.add   a5, a4
core   0: 3 0x000000008000ff9e (0x97ba) x15 0x00000000800120dc
core   0: 0x000000008000ffa0 (0xfe043703) ld      a4, -32(s0)
core   0: 3 0x000000008000ffa0 (0xfe043703) x14 0x0000000080012044 mem 0x0000000080031f50
core   0: 0x000000008000ffa4 (0xfcf76de3) bltu    a4, a5, pc - 38
core   0: 3 0x000000008000ffa4 (0xfcf76de3)
core   0: 0x000000008000ff7e (0xfe043783) ld      a5, -32(s0)
core   0: 3 0x000000008000ff7e (0xfe043783) x15 0x0000000080012044 mem 0x0000000080031f50
core   0: 0x000000008000ff82 (0x00178713) addi    a4, a5, 1
core   0: 3 0x000000008000ff82 (0x00178713) x14 0x0000000080012045
core   0: 0x000000008000ff86 (0xfee43023) sd      a4, -32(s0)
core   0: 3 0x000000008000ff86 (0xfee43023) mem 0x0000000080031f50 0x0000000080012045
core   0: 0x000000008000ff8a (0xfc442703) lw      a4, -60(s0)
core   0: 3 0x000000008000ff8a (0xfc442703) x14 0x0000000000000000 mem 0x0000000080031f34
core   0: 0x000000008000ff8e (0x0ff77713) andi    a4, a4, 255
core   0: 3 0x000000008000ff8e (0x0ff77713) x14 0x0000000000000000
core   0: 0x000000008000ff92 (0x00e78023) sb      a4, 0(a5)
core   0: 3 0x000000008000ff92 (0x00e78023) mem 0x0000000080012044 0x00
core   0: 0x000000008000ff96 (0xfc843703) ld      a4, -56(s0)
core   0: 3 0x000000008000ff96 (0xfc843703) x14 0x0000000080012040 mem 0x0000000080031f38
core   0: 0x000000008000ff9a (0xfb843783) ld      a5, -72(s0)
core   0: 3 0x000000008000ff9a (0xfb843783) x15 0x000000000000009c mem 0x0000000080031f28
core   0: 0x000000008000ff9e (0x000097ba) c.add   a5, a4
core   0: 3 0x000000008000ff9e (0x97ba) x15 0x00000000800120dc
core   0: 0x000000008000ffa0 (0xfe043703) ld      a4, -32(s0)
core   0: 3 0x000000008000ffa0 (0xfe043703) x14 0x0000000080012045 mem 0x0000000080031f50
core   0: 0x000000008000ffa4 (0xfcf76de3) bltu    a4, a5, pc - 38
core   0: 3 0x000000008000ffa4 (0xfcf76de3)
core   0: 0x000000008000ff7e (0xfe043783) ld      a5, -32(s0)
core   0: 3 0x000000008000ff7e (0xfe043783) x15 0x0000000080012045 mem 0x0000000080031f50
core   0: 0x000000008000ff82 (0x00178713) addi    a4, a5, 1
core   0: 3 0x000000008000ff82 (0x00178713) x14 0x0000000080012046
core   0: 0x000000008000ff86 (0xfee43023) sd      a4, -32(s0)
core   0: 3 0x000000008000ff86 (0xfee43023) mem 0x0000000080031f50 0x0000000080012046
core   0: 0x000000008000ff8a (0xfc442703) lw      a4, -60(s0)
core   0: 3 0x000000008000ff8a (0xfc442703) x14 0x0000000000000000 mem 0x0000000080031f34
core   0: 0x000000008000ff8e (0x0ff77713) andi    a4, a4, 255
core   0: 3 0x000000008000ff8e (0x0ff77713) x14 0x0000000000000000
core   0: 0x000000008000ff92 (0x00e78023) sb      a4, 0(a5)
core   0: 3 0x000000008000ff92 (0x00e78023) mem 0x0000000080012045 0x00
core   0: 0x000000008000ff96 (0xfc843703) ld      a4, -56(s0)
core   0: 3 0x000000008000ff96 (0xfc843703) x14 0x0000000080012040 mem 0x0000000080031f38
core   0: 0x000000008000ff9a (0xfb843783) ld      a5, -72(s0)
core   0: 3 0x000000008000ff9a (0xfb843783) x15 0x000000000000009c mem 0x0000000080031f28
core   0: 0x000000008000ff9e (0x000097ba) c.add   a5, a4
core   0: 3 0x000000008000ff9e (0x97ba) x15 0x00000000800120dc
core   0: 0x000000008000ffa0 (0xfe043703) ld      a4, -32(s0)
core   0: 3 0x000000008000ffa0 (0xfe043703) x14 0x0000000080012046 mem 0x0000000080031f50
core   0: 0x000000008000ffa4 (0xfcf76de3) bltu    a4, a5, pc - 38
core   0: 3 0x000000008000ffa4 (0xfcf76de3)
core   0: 0x000000008000ff7e (0xfe043783) ld      a5, -32(s0)
core   0: 3 0x000000008000ff7e (0xfe043783) x15 0x0000000080012046 mem 0x0000000080031f50
core   0: 0x000000008000ff82 (0x00178713) addi    a4, a5, 1
core   0: 3 0x000000008000ff82 (0x00178713) x14 0x0000000080012047
core   0: 0x000000008000ff86 (0xfee43023) sd      a4, -32(s0)
core   0: 3 0x000000008000ff86 (0xfee43023) mem 0x0000000080031f50 0x0000000080012047
core   0: 0x000000008000ff8a (0xfc442703) lw      a4, -60(s0)
core   0: 3 0x000000008000ff8a (0xfc442703) x14 0x0000000000000000 mem 0x0000000080031f34
core   0: 0x000000008000ff8e (0x0ff77713) andi    a4, a4, 255
core   0: 3 0x000000008000ff8e (0x0ff77713) x14 0x0000000000000000
core   0: 0x000000008000ff92 (0x00e78023) sb      a4, 0(a5)
core   0: 3 0x000000008000ff92 (0x00e78023) mem 0x0000000080012046 0x00
core   0: 0x000000008000ff96 (0xfc843703) ld      a4, -56(s0)
core   0: 3 0x000000008000ff96 (0xfc843703) x14 0x0000000080012040 mem 0x0000000080031f38
core   0: 0x000000008000ff9a (0xfb843783) ld      a5, -72(s0)
core   0: 3 0x000000008000ff9a (0xfb843783) x15 0x000000000000009c mem 0x0000000080031f28
core   0: 0x000000008000ff9e (0x000097ba) c.add   a5, a4
core   0: 3 0x000000008000ff9e (0x97ba) x15 0x00000000800120dc
core   0: 0x000000008000ffa0 (0xfe043703) ld      a4, -32(s0)
core   0: 3 0x000000008000ffa0 (0xfe043703) x14 0x0000000080012047 mem 0x0000000080031f50
core   0: 0x000000008000ffa4 (0xfcf76de3) bltu    a4, a5, pc - 38
core   0: 3 0x000000008000ffa4 (0xfcf76de3)
core   0: 0x000000008000ff7e (0xfe043783) ld      a5, -32(s0)
core   0: 3 0x000000008000ff7e (0xfe043783) x15 0x0000000080012047 mem 0x0000000080031f50
core   0: 0x000000008000ff82 (0x00178713) addi    a4, a5, 1
core   0: 3 0x000000008000ff82 (0x00178713) x14 0x0000000080012048
core   0: 0x000000008000ff86 (0xfee43023) sd      a4, -32(s0)
core   0: 3 0x000000008000ff86 (0xfee43023) mem 0x0000000080031f50 0x0000000080012048
core   0: 0x000000008000ff8a (0xfc442703) lw      a4, -60(s0)
core   0: 3 0x000000008000ff8a (0xfc442703) x14 0x0000000000000000 mem 0x0000000080031f34
core   0: 0x000000008000ff8e (0x0ff77713) andi    a4, a4, 255
core   0: 3 0x000000008000ff8e (0x0ff77713) x14 0x0000000000000000
core   0: 0x000000008000ff92 (0x00e78023) sb      a4, 0(a5)
core   0: 3 0x000000008000ff92 (0x00e78023) mem 0x0000000080012047 0x00
core   0: 0x000000008000ff96 (0xfc843703) ld      a4, -56(s0)
core   0: 3 0x000000008000ff96 (0xfc843703) x14 0x0000000080012040 mem 0x0000000080031f38
core   0: 0x000000008000ff9a (0xfb843783) ld      a5, -72(s0)
core   0: 3 0x000000008000ff9a (0xfb843783) x15 0x000000000000009c mem 0x0000000080031f28
core   0: 0x000000008000ff9e (0x000097ba) c.add   a5, a4
core   0: 3 0x000000008000ff9e (0x97ba) x15 0x00000000800120dc
core   0: 0x000000008000ffa0 (0xfe043703) ld      a4, -32(s0)
core   0: 3 0x000000008000ffa0 (0xfe043703) x14 0x0000000080012048 mem 0x0000000080031f50
core   0: 0x000000008000ffa4 (0xfcf76de3) bltu    a4, a5, pc - 38
core   0: 3 0x000000008000ffa4 (0xfcf76de3)
core   0: 0x000000008000ff7e (0xfe043783) ld      a5, -32(s0)
core   0: 3 0x000000008000ff7e (0xfe043783) x15 0x0000000080012048 mem 0x0000000080031f50
core   0: 0x000000008000ff82 (0x00178713) addi    a4, a5, 1
core   0: 3 0x000000008000ff82 (0x00178713) x14 0x0000000080012049
core   0: 0x000000008000ff86 (0xfee43023) sd      a4, -32(s0)
core   0: 3 0x000000008000ff86 (0xfee43023) mem 0x0000000080031f50 0x0000000080012049
core   0: 0x000000008000ff8a (0xfc442703) lw      a4, -60(s0)
core   0: 3 0x000000008000ff8a (0xfc442703) x14 0x0000000000000000 mem 0x0000000080031f34
core   0: 0x000000008000ff8e (0x0ff77713) andi    a4, a4, 255
core   0: 3 0x000000008000ff8e (0x0ff77713) x14 0x0000000000000000
core   0: 0x000000008000ff92 (0x00e78023) sb      a4, 0(a5)
core   0: 3 0x000000008000ff92 (0x00e78023) mem 0x0000000080012048 0x00
core   0: 0x000000008000ff96 (0xfc843703) ld      a4, -56(s0)
core   0: 3 0x000000008000ff96 (0xfc843703) x14 0x0000000080012040 mem 0x0000000080031f38
core   0: 0x000000008000ff9a (0xfb843783) ld      a5, -72(s0)
core   0: 3 0x000000008000ff9a (0xfb843783) x15 0x000000000000009c mem 0x0000000080031f28
core   0: 0x000000008000ff9e (0x000097ba) c.add   a5, a4
core   0: 3 0x000000008000ff9e (0x97ba) x15 0x00000000800120dc
core   0: 0x000000008000ffa0 (0xfe043703) ld      a4, -32(s0)
core   0: 3 0x000000008000ffa0 (0xfe043703) x14 0x0000000080012049 mem 0x0000000080031f50
core   0: 0x000000008000ffa4 (0xfcf76de3) bltu    a4, a5, pc - 38
core   0: 3 0x000000008000ffa4 (0xfcf76de3)
core   0: 0x000000008000ff7e (0xfe043783) ld      a5, -32(s0)
core   0: 3 0x000000008000ff7e (0xfe043783) x15 0x0000000080012049 mem 0x0000000080031f50
core   0: 0x000000008000ff82 (0x00178713) addi    a4, a5, 1
core   0: 3 0x000000008000ff82 (0x00178713) x14 0x000000008001204a
core   0: 0x000000008000ff86 (0xfee43023) sd      a4, -32(s0)
core   0: 3 0x000000008000ff86 (0xfee43023) mem 0x0000000080031f50 0x000000008001204a
core   0: 0x000000008000ff8a (0xfc442703) lw      a4, -60(s0)
core   0: 3 0x000000008000ff8a (0xfc442703) x14 0x0000000000000000 mem 0x0000000080031f34
core   0: 0x000000008000ff8e (0x0ff77713) andi    a4, a4, 255
core   0: 3 0x000000008000ff8e (0x0ff77713) x14 0x0000000000000000
core   0: 0x000000008000ff92 (0x00e78023) sb      a4, 0(a5)
core   0: 3 0x000000008000ff92 (0x00e78023) mem 0x0000000080012049 0x00
core   0: 0x000000008000ff96 (0xfc843703) ld      a4, -56(s0)
core   0: 3 0x000000008000ff96 (0xfc843703) x14 0x0000000080012040 mem 0x0000000080031f38
core   0: 0x000000008000ff9a (0xfb843783) ld      a5, -72(s0)
core   0: 3 0x000000008000ff9a (0xfb843783) x15 0x000000000000009c mem 0x0000000080031f28
core   0: 0x000000008000ff9e (0x000097ba) c.add   a5, a4
core   0: 3 0x000000008000ff9e (0x97ba) x15 0x00000000800120dc
core   0: 0x000000008000ffa0 (0xfe043703) ld      a4, -32(s0)
core   0: 3 0x000000008000ffa0 (0xfe043703) x14 0x000000008001204a mem 0x0000000080031f50
core   0: 0x000000008000ffa4 (0xfcf76de3) bltu    a4, a5, pc - 38
core   0: 3 0x000000008000ffa4 (0xfcf76de3)
core   0: 0x000000008000ff7e (0xfe043783) ld      a5, -32(s0)
core   0: 3 0x000000008000ff7e (0xfe043783) x15 0x000000008001204a mem 0x0000000080031f50
core   0: 0x000000008000ff82 (0x00178713) addi    a4, a5, 1
core   0: 3 0x000000008000ff82 (0x00178713) x14 0x000000008001204b
core   0: 0x000000008000ff86 (0xfee43023) sd      a4, -32(s0)
core   0: 3 0x000000008000ff86 (0xfee43023) mem 0x0000000080031f50 0x000000008001204b
core   0: 0x000000008000ff8a (0xfc442703) lw      a4, -60(s0)
core   0: 3 0x000000008000ff8a (0xfc442703) x14 0x0000000000000000 mem 0x0000000080031f34
core   0: 0x000000008000ff8e (0x0ff77713) andi    a4, a4, 255
core   0: 3 0x000000008000ff8e (0x0ff77713) x14 0x0000000000000000
core   0: 0x000000008000ff92 (0x00e78023) sb      a4, 0(a5)
core   0: 3 0x000000008000ff92 (0x00e78023) mem 0x000000008001204a 0x00
core   0: 0x000000008000ff96 (0xfc843703) ld      a4, -56(s0)
core   0: 3 0x000000008000ff96 (0xfc843703) x14 0x0000000080012040 mem 0x0000000080031f38
core   0: 0x000000008000ff9a (0xfb843783) ld      a5, -72(s0)
core   0: 3 0x000000008000ff9a (0xfb843783) x15 0x000000000000009c mem 0x0000000080031f28
core   0: 0x000000008000ff9e (0x000097ba) c.add   a5, a4
core   0: 3 0x000000008000ff9e (0x97ba) x15 0x00000000800120dc
core   0: 0x000000008000ffa0 (0xfe043703) ld      a4, -32(s0)
core   0: 3 0x000000008000ffa0 (0xfe043703) x14 0x000000008001204b mem 0x0000000080031f50
core   0: 0x000000008000ffa4 (0xfcf76de3) bltu    a4, a5, pc - 38
core   0: 3 0x000000008000ffa4 (0xfcf76de3)
core   0: 0x000000008000ff7e (0xfe043783) ld      a5, -32(s0)
core   0: 3 0x000000008000ff7e (0xfe043783) x15 0x000000008001204b mem 0x0000000080031f50
core   0: 0x000000008000ff82 (0x00178713) addi    a4, a5, 1
core   0: 3 0x000000008000ff82 (0x00178713) x14 0x000000008001204c
core   0: 0x000000008000ff86 (0xfee43023) sd      a4, -32(s0)
core   0: 3 0x000000008000ff86 (0xfee43023) mem 0x0000000080031f50 0x000000008001204c
core   0: 0x000000008000ff8a (0xfc442703) lw      a4, -60(s0)
core   0: 3 0x000000008000ff8a (0xfc442703) x14 0x0000000000000000 mem 0x0000000080031f34
core   0: 0x000000008000ff8e (0x0ff77713) andi    a4, a4, 255
core   0: 3 0x000000008000ff8e (0x0ff77713) x14 0x0000000000000000
core   0: 0x000000008000ff92 (0x00e78023) sb      a4, 0(a5)
core   0: 3 0x000000008000ff92 (0x00e78023) mem 0x000000008001204b 0x00
core   0: 0x000000008000ff96 (0xfc843703) ld      a4, -56(s0)
core   0: 3 0x000000008000ff96 (0xfc843703) x14 0x0000000080012040 mem 0x0000000080031f38
core   0: 0x000000008000ff9a (0xfb843783) ld      a5, -72(s0)
core   0: 3 0x000000008000ff9a (0xfb843783) x15 0x000000000000009c mem 0x0000000080031f28
core   0: 0x000000008000ff9e (0x000097ba) c.add   a5, a4
core   0: 3 0x000000008000ff9e (0x97ba) x15 0x00000000800120dc
core   0: 0x000000008000ffa0 (0xfe043703) ld      a4, -32(s0)
core   0: 3 0x000000008000ffa0 (0xfe043703) x14 0x000000008001204c mem 0x0000000080031f50
core   0: 0x000000008000ffa4 (0xfcf76de3) bltu    a4, a5, pc - 38
core   0: 3 0x000000008000ffa4 (0xfcf76de3)
core   0: 0x000000008000ff7e (0xfe043783) ld      a5, -32(s0)
core   0: 3 0x000000008000ff7e (0xfe043783) x15 0x000000008001204c mem 0x0000000080031f50
core   0: 0x000000008000ff82 (0x00178713) addi    a4, a5, 1
core   0: 3 0x000000008000ff82 (0x00178713) x14 0x000000008001204d
core   0: 0x000000008000ff86 (0xfee43023) sd      a4, -32(s0)
core   0: 3 0x000000008000ff86 (0xfee43023) mem 0x0000000080031f50 0x000000008001204d
core   0: 0x000000008000ff8a (0xfc442703) lw      a4, -60(s0)
core   0: 3 0x000000008000ff8a (0xfc442703) x14 0x0000000000000000 mem 0x0000000080031f34
core   0: 0x000000008000ff8e (0x0ff77713) andi    a4, a4, 255
core   0: 3 0x000000008000ff8e (0x0ff77713) x14 0x0000000000000000
core   0: 0x000000008000ff92 (0x00e78023) sb      a4, 0(a5)
core   0: 3 0x000000008000ff92 (0x00e78023) mem 0x000000008001204c 0x00
core   0: 0x000000008000ff96 (0xfc843703) ld      a4, -56(s0)
core   0: 3 0x000000008000ff96 (0xfc843703) x14 0x0000000080012040 mem 0x0000000080031f38
core   0: 0x000000008000ff9a (0xfb843783) ld      a5, -72(s0)
core   0: 3 0x000000008000ff9a (0xfb843783) x15 0x000000000000009c mem 0x0000000080031f28
core   0: 0x000000008000ff9e (0x000097ba) c.add   a5, a4
core   0: 3 0x000000008000ff9e (0x97ba) x15 0x00000000800120dc
core   0: 0x000000008000ffa0 (0xfe043703) ld      a4, -32(s0)
core   0: 3 0x000000008000ffa0 (0xfe043703) x14 0x000000008001204d mem 0x0000000080031f50
core   0: 0x000000008000ffa4 (0xfcf76de3) bltu    a4, a5, pc - 38
core   0: 3 0x000000008000ffa4 (0xfcf76de3)
core   0: 0x000000008000ff7e (0xfe043783) ld      a5, -32(s0)
core   0: 3 0x000000008000ff7e (0xfe043783) x15 0x000000008001204d mem 0x0000000080031f50
core   0: 0x000000008000ff82 (0x00178713) addi    a4, a5, 1
core   0: 3 0x000000008000ff82 (0x00178713) x14 0x000000008001204e
core   0: 0x000000008000ff86 (0xfee43023) sd      a4, -32(s0)
core   0: 3 0x000000008000ff86 (0xfee43023) mem 0x0000000080031f50 0x000000008001204e
core   0: 0x000000008000ff8a (0xfc442703) lw      a4, -60(s0)
core   0: 3 0x000000008000ff8a (0xfc442703) x14 0x0000000000000000 mem 0x0000000080031f34
core   0: 0x000000008000ff8e (0x0ff77713) andi    a4, a4, 255
core   0: 3 0x000000008000ff8e (0x0ff77713) x14 0x0000000000000000
core   0: 0x000000008000ff92 (0x00e78023) sb      a4, 0(a5)
core   0: 3 0x000000008000ff92 (0x00e78023) mem 0x000000008001204d 0x00
core   0: 0x000000008000ff96 (0xfc843703) ld      a4, -56(s0)
core   0: 3 0x000000008000ff96 (0xfc843703) x14 0x0000000080012040 mem 0x0000000080031f38
core   0: 0x000000008000ff9a (0xfb843783) ld      a5, -72(s0)
core   0: 3 0x000000008000ff9a (0xfb843783) x15 0x000000000000009c mem 0x0000000080031f28
core   0: 0x000000008000ff9e (0x000097ba) c.add   a5, a4
core   0: 3 0x000000008000ff9e (0x97ba) x15 0x00000000800120dc
core   0: 0x000000008000ffa0 (0xfe043703) ld      a4, -32(s0)
core   0: 3 0x000000008000ffa0 (0xfe043703) x14 0x000000008001204e mem 0x0000000080031f50
core   0: 0x000000008000ffa4 (0xfcf76de3) bltu    a4, a5, pc - 38
core   0: 3 0x000000008000ffa4 (0xfcf76de3)
core   0: 0x000000008000ff7e (0xfe043783) ld      a5, -32(s0)
core   0: 3 0x000000008000ff7e (0xfe043783) x15 0x000000008001204e mem 0x0000000080031f50
core   0: 0x000000008000ff82 (0x00178713) addi    a4, a5, 1
core   0: 3 0x000000008000ff82 (0x00178713) x14 0x000000008001204f
core   0: 0x000000008000ff86 (0xfee43023) sd      a4, -32(s0)
core   0: 3 0x000000008000ff86 (0xfee43023) mem 0x0000000080031f50 0x000000008001204f
core   0: 0x000000008000ff8a (0xfc442703) lw      a4, -60(s0)
core   0: 3 0x000000008000ff8a (0xfc442703) x14 0x0000000000000000 mem 0x0000000080031f34
core   0: 0x000000008000ff8e (0x0ff77713) andi    a4, a4, 255
core   0: 3 0x000000008000ff8e (0x0ff77713) x14 0x0000000000000000
core   0: 0x000000008000ff92 (0x00e78023) sb      a4, 0(a5)
core   0: 3 0x000000008000ff92 (0x00e78023) mem 0x000000008001204e 0x00
core   0: 0x000000008000ff96 (0xfc843703) ld      a4, -56(s0)
core   0: 3 0x000000008000ff96 (0xfc843703) x14 0x0000000080012040 mem 0x0000000080031f38
core   0: 0x000000008000ff9a (0xfb843783) ld      a5, -72(s0)
core   0: 3 0x000000008000ff9a (0xfb843783) x15 0x000000000000009c mem 0x0000000080031f28
core   0: 0x000000008000ff9e (0x000097ba) c.add   a5, a4
core   0: 3 0x000000008000ff9e (0x97ba) x15 0x00000000800120dc
core   0: 0x000000008000ffa0 (0xfe043703) ld      a4, -32(s0)
core   0: 3 0x000000008000ffa0 (0xfe043703) x14 0x000000008001204f mem 0x0000000080031f50
core   0: 0x000000008000ffa4 (0xfcf76de3) bltu    a4, a5, pc - 38
core   0: 3 0x000000008000ffa4 (0xfcf76de3)
core   0: 0x000000008000ff7e (0xfe043783) ld      a5, -32(s0)
core   0: 3 0x000000008000ff7e (0xfe043783) x15 0x000000008001204f mem 0x0000000080031f50
core   0: 0x000000008000ff82 (0x00178713) addi    a4, a5, 1
core   0: 3 0x000000008000ff82 (0x00178713) x14 0x0000000080012050
core   0: 0x000000008000ff86 (0xfee43023) sd      a4, -32(s0)
core   0: 3 0x000000008000ff86 (0xfee43023) mem 0x0000000080031f50 0x0000000080012050
core   0: 0x000000008000ff8a (0xfc442703) lw      a4, -60(s0)
core   0: 3 0x000000008000ff8a (0xfc442703) x14 0x0000000000000000 mem 0x0000000080031f34
core   0: 0x000000008000ff8e (0x0ff77713) andi    a4, a4, 255
core   0: 3 0x000000008000ff8e (0x0ff77713) x14 0x0000000000000000
core   0: 0x000000008000ff92 (0x00e78023) sb      a4, 0(a5)
core   0: 3 0x000000008000ff92 (0x00e78023) mem 0x000000008001204f 0x00
core   0: 0x000000008000ff96 (0xfc843703) ld      a4, -56(s0)
core   0: 3 0x000000008000ff96 (0xfc843703) x14 0x0000000080012040 mem 0x0000000080031f38
core   0: 0x000000008000ff9a (0xfb843783) ld      a5, -72(s0)
core   0: 3 0x000000008000ff9a (0xfb843783) x15 0x000000000000009c mem 0x0000000080031f28
core   0: 0x000000008000ff9e (0x000097ba) c.add   a5, a4
core   0: 3 0x000000008000ff9e (0x97ba) x15 0x00000000800120dc
core   0: 0x000000008000ffa0 (0xfe043703) ld      a4, -32(s0)
core   0: 3 0x000000008000ffa0 (0xfe043703) x14 0x0000000080012050 mem 0x0000000080031f50
core   0: 0x000000008000ffa4 (0xfcf76de3) bltu    a4, a5, pc - 38
core   0: 3 0x000000008000ffa4 (0xfcf76de3)
core   0: 0x000000008000ff7e (0xfe043783) ld      a5, -32(s0)
core   0: 3 0x000000008000ff7e (0xfe043783) x15 0x0000000080012050 mem 0x0000000080031f50
core   0: 0x000000008000ff82 (0x00178713) addi    a4, a5, 1
core   0: 3 0x000000008000ff82 (0x00178713) x14 0x0000000080012051
core   0: 0x000000008000ff86 (0xfee43023) sd      a4, -32(s0)
core   0: 3 0x000000008000ff86 (0xfee43023) mem 0x0000000080031f50 0x0000000080012051
core   0: 0x000000008000ff8a (0xfc442703) lw      a4, -60(s0)
core   0: 3 0x000000008000ff8a (0xfc442703) x14 0x0000000000000000 mem 0x0000000080031f34
core   0: 0x000000008000ff8e (0x0ff77713) andi    a4, a4, 255
core   0: 3 0x000000008000ff8e (0x0ff77713) x14 0x0000000000000000
core   0: 0x000000008000ff92 (0x00e78023) sb      a4, 0(a5)
core   0: 3 0x000000008000ff92 (0x00e78023) mem 0x0000000080012050 0x00
core   0: 0x000000008000ff96 (0xfc843703) ld      a4, -56(s0)
core   0: 3 0x000000008000ff96 (0xfc843703) x14 0x0000000080012040 mem 0x0000000080031f38
core   0: 0x000000008000ff9a (0xfb843783) ld      a5, -72(s0)
core   0: 3 0x000000008000ff9a (0xfb843783) x15 0x000000000000009c mem 0x0000000080031f28
core   0: 0x000000008000ff9e (0x000097ba) c.add   a5, a4
core   0: 3 0x000000008000ff9e (0x97ba) x15 0x00000000800120dc
core   0: 0x000000008000ffa0 (0xfe043703) ld      a4, -32(s0)
core   0: 3 0x000000008000ffa0 (0xfe043703) x14 0x0000000080012051 mem 0x0000000080031f50
core   0: 0x000000008000ffa4 (0xfcf76de3) bltu    a4, a5, pc - 38
core   0: 3 0x000000008000ffa4 (0xfcf76de3)
core   0: 0x000000008000ff7e (0xfe043783) ld      a5, -32(s0)
core   0: 3 0x000000008000ff7e (0xfe043783) x15 0x0000000080012051 mem 0x0000000080031f50
core   0: 0x000000008000ff82 (0x00178713) addi    a4, a5, 1
core   0: 3 0x000000008000ff82 (0x00178713) x14 0x0000000080012052
core   0: 0x000000008000ff86 (0xfee43023) sd      a4, -32(s0)
core   0: 3 0x000000008000ff86 (0xfee43023) mem 0x0000000080031f50 0x0000000080012052
core   0: 0x000000008000ff8a (0xfc442703) lw      a4, -60(s0)
core   0: 3 0x000000008000ff8a (0xfc442703) x14 0x0000000000000000 mem 0x0000000080031f34
core   0: 0x000000008000ff8e (0x0ff77713) andi    a4, a4, 255
core   0: 3 0x000000008000ff8e (0x0ff77713) x14 0x0000000000000000
core   0: 0x000000008000ff92 (0x00e78023) sb      a4, 0(a5)
core   0: 3 0x000000008000ff92 (0x00e78023) mem 0x0000000080012051 0x00
core   0: 0x000000008000ff96 (0xfc843703) ld      a4, -56(s0)
core   0: 3 0x000000008000ff96 (0xfc843703) x14 0x0000000080012040 mem 0x0000000080031f38
core   0: 0x000000008000ff9a (0xfb843783) ld      a5, -72(s0)
core   0: 3 0x000000008000ff9a (0xfb843783) x15 0x000000000000009c mem 0x0000000080031f28
core   0: 0x000000008000ff9e (0x000097ba) c.add   a5, a4
core   0: 3 0x000000008000ff9e (0x97ba) x15 0x00000000800120dc
core   0: 0x000000008000ffa0 (0xfe043703) ld      a4, -32(s0)
core   0: 3 0x000000008000ffa0 (0xfe043703) x14 0x0000000080012052 mem 0x0000000080031f50
core   0: 0x000000008000ffa4 (0xfcf76de3) bltu    a4, a5, pc - 38
core   0: 3 0x000000008000ffa4 (0xfcf76de3)
core   0: 0x000000008000ff7e (0xfe043783) ld      a5, -32(s0)
core   0: 3 0x000000008000ff7e (0xfe043783) x15 0x0000000080012052 mem 0x0000000080031f50
core   0: 0x000000008000ff82 (0x00178713) addi    a4, a5, 1
core   0: 3 0x000000008000ff82 (0x00178713) x14 0x0000000080012053
core   0: 0x000000008000ff86 (0xfee43023) sd      a4, -32(s0)
core   0: 3 0x000000008000ff86 (0xfee43023) mem 0x0000000080031f50 0x0000000080012053
core   0: 0x000000008000ff8a (0xfc442703) lw      a4, -60(s0)
core   0: 3 0x000000008000ff8a (0xfc442703) x14 0x0000000000000000 mem 0x0000000080031f34
core   0: 0x000000008000ff8e (0x0ff77713) andi    a4, a4, 255
core   0: 3 0x000000008000ff8e (0x0ff77713) x14 0x0000000000000000
core   0: 0x000000008000ff92 (0x00e78023) sb      a4, 0(a5)
core   0: 3 0x000000008000ff92 (0x00e78023) mem 0x0000000080012052 0x00
core   0: 0x000000008000ff96 (0xfc843703) ld      a4, -56(s0)
core   0: 3 0x000000008000ff96 (0xfc843703) x14 0x0000000080012040 mem 0x0000000080031f38
core   0: 0x000000008000ff9a (0xfb843783) ld      a5, -72(s0)
core   0: 3 0x000000008000ff9a (0xfb843783) x15 0x000000000000009c mem 0x0000000080031f28
core   0: 0x000000008000ff9e (0x000097ba) c.add   a5, a4
core   0: 3 0x000000008000ff9e (0x97ba) x15 0x00000000800120dc
core   0: 0x000000008000ffa0 (0xfe043703) ld      a4, -32(s0)
core   0: 3 0x000000008000ffa0 (0xfe043703) x14 0x0000000080012053 mem 0x0000000080031f50
core   0: 0x000000008000ffa4 (0xfcf76de3) bltu    a4, a5, pc - 38
core   0: 3 0x000000008000ffa4 (0xfcf76de3)
core   0: 0x000000008000ff7e (0xfe043783) ld      a5, -32(s0)
core   0: 3 0x000000008000ff7e (0xfe043783) x15 0x0000000080012053 mem 0x0000000080031f50
core   0: 0x000000008000ff82 (0x00178713) addi    a4, a5, 1
core   0: 3 0x000000008000ff82 (0x00178713) x14 0x0000000080012054
core   0: 0x000000008000ff86 (0xfee43023) sd      a4, -32(s0)
core   0: 3 0x000000008000ff86 (0xfee43023) mem 0x0000000080031f50 0x0000000080012054
core   0: 0x000000008000ff8a (0xfc442703) lw      a4, -60(s0)
core   0: 3 0x000000008000ff8a (0xfc442703) x14 0x0000000000000000 mem 0x0000000080031f34
core   0: 0x000000008000ff8e (0x0ff77713) andi    a4, a4, 255
core   0: 3 0x000000008000ff8e (0x0ff77713) x14 0x0000000000000000
core   0: 0x000000008000ff92 (0x00e78023) sb      a4, 0(a5)
core   0: 3 0x000000008000ff92 (0x00e78023) mem 0x0000000080012053 0x00
core   0: 0x000000008000ff96 (0xfc843703) ld      a4, -56(s0)
core   0: 3 0x000000008000ff96 (0xfc843703) x14 0x0000000080012040 mem 0x0000000080031f38
core   0: 0x000000008000ff9a (0xfb843783) ld      a5, -72(s0)
core   0: 3 0x000000008000ff9a (0xfb843783) x15 0x000000000000009c mem 0x0000000080031f28
core   0: 0x000000008000ff9e (0x000097ba) c.add   a5, a4
core   0: 3 0x000000008000ff9e (0x97ba) x15 0x00000000800120dc
core   0: 0x000000008000ffa0 (0xfe043703) ld      a4, -32(s0)
core   0: 3 0x000000008000ffa0 (0xfe043703) x14 0x0000000080012054 mem 0x0000000080031f50
core   0: 0x000000008000ffa4 (0xfcf76de3) bltu    a4, a5, pc - 38
core   0: 3 0x000000008000ffa4 (0xfcf76de3)
core   0: 0x000000008000ff7e (0xfe043783) ld      a5, -32(s0)
core   0: 3 0x000000008000ff7e (0xfe043783) x15 0x0000000080012054 mem 0x0000000080031f50
core   0: 0x000000008000ff82 (0x00178713) addi    a4, a5, 1
core   0: 3 0x000000008000ff82 (0x00178713) x14 0x0000000080012055
core   0: 0x000000008000ff86 (0xfee43023) sd      a4, -32(s0)
core   0: 3 0x000000008000ff86 (0xfee43023) mem 0x0000000080031f50 0x0000000080012055
core   0: 0x000000008000ff8a (0xfc442703) lw      a4, -60(s0)
core   0: 3 0x000000008000ff8a (0xfc442703) x14 0x0000000000000000 mem 0x0000000080031f34
core   0: 0x000000008000ff8e (0x0ff77713) andi    a4, a4, 255
core   0: 3 0x000000008000ff8e (0x0ff77713) x14 0x0000000000000000
core   0: 0x000000008000ff92 (0x00e78023) sb      a4, 0(a5)
core   0: 3 0x000000008000ff92 (0x00e78023) mem 0x0000000080012054 0x00
core   0: 0x000000008000ff96 (0xfc843703) ld      a4, -56(s0)
core   0: 3 0x000000008000ff96 (0xfc843703) x14 0x0000000080012040 mem 0x0000000080031f38
core   0: 0x000000008000ff9a (0xfb843783) ld      a5, -72(s0)
core   0: 3 0x000000008000ff9a (0xfb843783) x15 0x000000000000009c mem 0x0000000080031f28
core   0: 0x000000008000ff9e (0x000097ba) c.add   a5, a4
core   0: 3 0x000000008000ff9e (0x97ba) x15 0x00000000800120dc
core   0: 0x000000008000ffa0 (0xfe043703) ld      a4, -32(s0)
core   0: 3 0x000000008000ffa0 (0xfe043703) x14 0x0000000080012055 mem 0x0000000080031f50
core   0: 0x000000008000ffa4 (0xfcf76de3) bltu    a4, a5, pc - 38
core   0: 3 0x000000008000ffa4 (0xfcf76de3)
core   0: 0x000000008000ff7e (0xfe043783) ld      a5, -32(s0)
core   0: 3 0x000000008000ff7e (0xfe043783) x15 0x0000000080012055 mem 0x0000000080031f50
core   0: 0x000000008000ff82 (0x00178713) addi    a4, a5, 1
core   0: 3 0x000000008000ff82 (0x00178713) x14 0x0000000080012056
core   0: 0x000000008000ff86 (0xfee43023) sd      a4, -32(s0)
core   0: 3 0x000000008000ff86 (0xfee43023) mem 0x0000000080031f50 0x0000000080012056
core   0: 0x000000008000ff8a (0xfc442703) lw      a4, -60(s0)
core   0: 3 0x000000008000ff8a (0xfc442703) x14 0x0000000000000000 mem 0x0000000080031f34
core   0: 0x000000008000ff8e (0x0ff77713) andi    a4, a4, 255
core   0: 3 0x000000008000ff8e (0x0ff77713) x14 0x0000000000000000
core   0: 0x000000008000ff92 (0x00e78023) sb      a4, 0(a5)
core   0: 3 0x000000008000ff92 (0x00e78023) mem 0x0000000080012055 0x00
core   0: 0x000000008000ff96 (0xfc843703) ld      a4, -56(s0)
core   0: 3 0x000000008000ff96 (0xfc843703) x14 0x0000000080012040 mem 0x0000000080031f38
core   0: 0x000000008000ff9a (0xfb843783) ld      a5, -72(s0)
core   0: 3 0x000000008000ff9a (0xfb843783) x15 0x000000000000009c mem 0x0000000080031f28
core   0: 0x000000008000ff9e (0x000097ba) c.add   a5, a4
core   0: 3 0x000000008000ff9e (0x97ba) x15 0x00000000800120dc
core   0: 0x000000008000ffa0 (0xfe043703) ld      a4, -32(s0)
core   0: 3 0x000000008000ffa0 (0xfe043703) x14 0x0000000080012056 mem 0x0000000080031f50
core   0: 0x000000008000ffa4 (0xfcf76de3) bltu    a4, a5, pc - 38
core   0: 3 0x000000008000ffa4 (0xfcf76de3)
core   0: 0x000000008000ff7e (0xfe043783) ld      a5, -32(s0)
core   0: 3 0x000000008000ff7e (0xfe043783) x15 0x0000000080012056 mem 0x0000000080031f50
core   0: 0x000000008000ff82 (0x00178713) addi    a4, a5, 1
core   0: 3 0x000000008000ff82 (0x00178713) x14 0x0000000080012057
core   0: 0x000000008000ff86 (0xfee43023) sd      a4, -32(s0)
core   0: 3 0x000000008000ff86 (0xfee43023) mem 0x0000000080031f50 0x0000000080012057
core   0: 0x000000008000ff8a (0xfc442703) lw      a4, -60(s0)
core   0: 3 0x000000008000ff8a (0xfc442703) x14 0x0000000000000000 mem 0x0000000080031f34
core   0: 0x000000008000ff8e (0x0ff77713) andi    a4, a4, 255
core   0: 3 0x000000008000ff8e (0x0ff77713) x14 0x0000000000000000
core   0: 0x000000008000ff92 (0x00e78023) sb      a4, 0(a5)
core   0: 3 0x000000008000ff92 (0x00e78023) mem 0x0000000080012056 0x00
core   0: 0x000000008000ff96 (0xfc843703) ld      a4, -56(s0)
core   0: 3 0x000000008000ff96 (0xfc843703) x14 0x0000000080012040 mem 0x0000000080031f38
core   0: 0x000000008000ff9a (0xfb843783) ld      a5, -72(s0)
core   0: 3 0x000000008000ff9a (0xfb843783) x15 0x000000000000009c mem 0x0000000080031f28
core   0: 0x000000008000ff9e (0x000097ba) c.add   a5, a4
core   0: 3 0x000000008000ff9e (0x97ba) x15 0x00000000800120dc
core   0: 0x000000008000ffa0 (0xfe043703) ld      a4, -32(s0)
core   0: 3 0x000000008000ffa0 (0xfe043703) x14 0x0000000080012057 mem 0x0000000080031f50
core   0: 0x000000008000ffa4 (0xfcf76de3) bltu    a4, a5, pc - 38
core   0: 3 0x000000008000ffa4 (0xfcf76de3)
core   0: 0x000000008000ff7e (0xfe043783) ld      a5, -32(s0)
core   0: 3 0x000000008000ff7e (0xfe043783) x15 0x0000000080012057 mem 0x0000000080031f50
core   0: 0x000000008000ff82 (0x00178713) addi    a4, a5, 1
core   0: 3 0x000000008000ff82 (0x00178713) x14 0x0000000080012058
core   0: 0x000000008000ff86 (0xfee43023) sd      a4, -32(s0)
core   0: 3 0x000000008000ff86 (0xfee43023) mem 0x0000000080031f50 0x0000000080012058
core   0: 0x000000008000ff8a (0xfc442703) lw      a4, -60(s0)
core   0: 3 0x000000008000ff8a (0xfc442703) x14 0x0000000000000000 mem 0x0000000080031f34
core   0: 0x000000008000ff8e (0x0ff77713) andi    a4, a4, 255
core   0: 3 0x000000008000ff8e (0x0ff77713) x14 0x0000000000000000
core   0: 0x000000008000ff92 (0x00e78023) sb      a4, 0(a5)
core   0: 3 0x000000008000ff92 (0x00e78023) mem 0x0000000080012057 0x00
core   0: 0x000000008000ff96 (0xfc843703) ld      a4, -56(s0)
core   0: 3 0x000000008000ff96 (0xfc843703) x14 0x0000000080012040 mem 0x0000000080031f38
core   0: 0x000000008000ff9a (0xfb843783) ld      a5, -72(s0)
core   0: 3 0x000000008000ff9a (0xfb843783) x15 0x000000000000009c mem 0x0000000080031f28
core   0: 0x000000008000ff9e (0x000097ba) c.add   a5, a4
core   0: 3 0x000000008000ff9e (0x97ba) x15 0x00000000800120dc
core   0: 0x000000008000ffa0 (0xfe043703) ld      a4, -32(s0)
core   0: 3 0x000000008000ffa0 (0xfe043703) x14 0x0000000080012058 mem 0x0000000080031f50
core   0: 0x000000008000ffa4 (0xfcf76de3) bltu    a4, a5, pc - 38
core   0: 3 0x000000008000ffa4 (0xfcf76de3)
core   0: 0x000000008000ff7e (0xfe043783) ld      a5, -32(s0)
core   0: 3 0x000000008000ff7e (0xfe043783) x15 0x0000000080012058 mem 0x0000000080031f50
core   0: 0x000000008000ff82 (0x00178713) addi    a4, a5, 1
core   0: 3 0x000000008000ff82 (0x00178713) x14 0x0000000080012059
core   0: 0x000000008000ff86 (0xfee43023) sd      a4, -32(s0)
core   0: 3 0x000000008000ff86 (0xfee43023) mem 0x0000000080031f50 0x0000000080012059
core   0: 0x000000008000ff8a (0xfc442703) lw      a4, -60(s0)
core   0: 3 0x000000008000ff8a (0xfc442703) x14 0x0000000000000000 mem 0x0000000080031f34
core   0: 0x000000008000ff8e (0x0ff77713) andi    a4, a4, 255
core   0: 3 0x000000008000ff8e (0x0ff77713) x14 0x0000000000000000
core   0: 0x000000008000ff92 (0x00e78023) sb      a4, 0(a5)
core   0: 3 0x000000008000ff92 (0x00e78023) mem 0x0000000080012058 0x00
core   0: 0x000000008000ff96 (0xfc843703) ld      a4, -56(s0)
core   0: 3 0x000000008000ff96 (0xfc843703) x14 0x0000000080012040 mem 0x0000000080031f38
core   0: 0x000000008000ff9a (0xfb843783) ld      a5, -72(s0)
core   0: 3 0x000000008000ff9a (0xfb843783) x15 0x000000000000009c mem 0x0000000080031f28
core   0: 0x000000008000ff9e (0x000097ba) c.add   a5, a4
core   0: 3 0x000000008000ff9e (0x97ba) x15 0x00000000800120dc
core   0: 0x000000008000ffa0 (0xfe043703) ld      a4, -32(s0)
core   0: 3 0x000000008000ffa0 (0xfe043703) x14 0x0000000080012059 mem 0x0000000080031f50
core   0: 0x000000008000ffa4 (0xfcf76de3) bltu    a4, a5, pc - 38
core   0: 3 0x000000008000ffa4 (0xfcf76de3)
core   0: 0x000000008000ff7e (0xfe043783) ld      a5, -32(s0)
core   0: 3 0x000000008000ff7e (0xfe043783) x15 0x0000000080012059 mem 0x0000000080031f50
core   0: 0x000000008000ff82 (0x00178713) addi    a4, a5, 1
core   0: 3 0x000000008000ff82 (0x00178713) x14 0x000000008001205a
core   0: 0x000000008000ff86 (0xfee43023) sd      a4, -32(s0)
core   0: 3 0x000000008000ff86 (0xfee43023) mem 0x0000000080031f50 0x000000008001205a
core   0: 0x000000008000ff8a (0xfc442703) lw      a4, -60(s0)
core   0: 3 0x000000008000ff8a (0xfc442703) x14 0x0000000000000000 mem 0x0000000080031f34
core   0: 0x000000008000ff8e (0x0ff77713) andi    a4, a4, 255
core   0: 3 0x000000008000ff8e (0x0ff77713) x14 0x0000000000000000
core   0: 0x000000008000ff92 (0x00e78023) sb      a4, 0(a5)
core   0: 3 0x000000008000ff92 (0x00e78023) mem 0x0000000080012059 0x00
core   0: 0x000000008000ff96 (0xfc843703) ld      a4, -56(s0)
core   0: 3 0x000000008000ff96 (0xfc843703) x14 0x0000000080012040 mem 0x0000000080031f38
core   0: 0x000000008000ff9a (0xfb843783) ld      a5, -72(s0)
core   0: 3 0x000000008000ff9a (0xfb843783) x15 0x000000000000009c mem 0x0000000080031f28
core   0: 0x000000008000ff9e (0x000097ba) c.add   a5, a4
core   0: 3 0x000000008000ff9e (0x97ba) x15 0x00000000800120dc
core   0: 0x000000008000ffa0 (0xfe043703) ld      a4, -32(s0)
core   0: 3 0x000000008000ffa0 (0xfe043703) x14 0x000000008001205a mem 0x0000000080031f50
core   0: 0x000000008000ffa4 (0xfcf76de3) bltu    a4, a5, pc - 38
core   0: 3 0x000000008000ffa4 (0xfcf76de3)
core   0: 0x000000008000ff7e (0xfe043783) ld      a5, -32(s0)
core   0: 3 0x000000008000ff7e (0xfe043783) x15 0x000000008001205a mem 0x0000000080031f50
core   0: 0x000000008000ff82 (0x00178713) addi    a4, a5, 1
core   0: 3 0x000000008000ff82 (0x00178713) x14 0x000000008001205b
core   0: 0x000000008000ff86 (0xfee43023) sd      a4, -32(s0)
core   0: 3 0x000000008000ff86 (0xfee43023) mem 0x0000000080031f50 0x000000008001205b
core   0: 0x000000008000ff8a (0xfc442703) lw      a4, -60(s0)
core   0: 3 0x000000008000ff8a (0xfc442703) x14 0x0000000000000000 mem 0x0000000080031f34
core   0: 0x000000008000ff8e (0x0ff77713) andi    a4, a4, 255
core   0: 3 0x000000008000ff8e (0x0ff77713) x14 0x0000000000000000
core   0: 0x000000008000ff92 (0x00e78023) sb      a4, 0(a5)
core   0: 3 0x000000008000ff92 (0x00e78023) mem 0x000000008001205a 0x00
core   0: 0x000000008000ff96 (0xfc843703) ld      a4, -56(s0)
core   0: 3 0x000000008000ff96 (0xfc843703) x14 0x0000000080012040 mem 0x0000000080031f38
core   0: 0x000000008000ff9a (0xfb843783) ld      a5, -72(s0)
core   0: 3 0x000000008000ff9a (0xfb843783) x15 0x000000000000009c mem 0x0000000080031f28
core   0: 0x000000008000ff9e (0x000097ba) c.add   a5, a4
core   0: 3 0x000000008000ff9e (0x97ba) x15 0x00000000800120dc
core   0: 0x000000008000ffa0 (0xfe043703) ld      a4, -32(s0)
core   0: 3 0x000000008000ffa0 (0xfe043703) x14 0x000000008001205b mem 0x0000000080031f50
core   0: 0x000000008000ffa4 (0xfcf76de3) bltu    a4, a5, pc - 38
core   0: 3 0x000000008000ffa4 (0xfcf76de3)
core   0: 0x000000008000ff7e (0xfe043783) ld      a5, -32(s0)
core   0: 3 0x000000008000ff7e (0xfe043783) x15 0x000000008001205b mem 0x0000000080031f50
core   0: 0x000000008000ff82 (0x00178713) addi    a4, a5, 1
core   0: 3 0x000000008000ff82 (0x00178713) x14 0x000000008001205c
core   0: 0x000000008000ff86 (0xfee43023) sd      a4, -32(s0)
core   0: 3 0x000000008000ff86 (0xfee43023) mem 0x0000000080031f50 0x000000008001205c
core   0: 0x000000008000ff8a (0xfc442703) lw      a4, -60(s0)
core   0: 3 0x000000008000ff8a (0xfc442703) x14 0x0000000000000000 mem 0x0000000080031f34
core   0: 0x000000008000ff8e (0x0ff77713) andi    a4, a4, 255
core   0: 3 0x000000008000ff8e (0x0ff77713) x14 0x0000000000000000
core   0: 0x000000008000ff92 (0x00e78023) sb      a4, 0(a5)
core   0: 3 0x000000008000ff92 (0x00e78023) mem 0x000000008001205b 0x00
core   0: 0x000000008000ff96 (0xfc843703) ld      a4, -56(s0)
core   0: 3 0x000000008000ff96 (0xfc843703) x14 0x0000000080012040 mem 0x0000000080031f38
core   0: 0x000000008000ff9a (0xfb843783) ld      a5, -72(s0)
core   0: 3 0x000000008000ff9a (0xfb843783) x15 0x000000000000009c mem 0x0000000080031f28
core   0: 0x000000008000ff9e (0x000097ba) c.add   a5, a4
core   0: 3 0x000000008000ff9e (0x97ba) x15 0x00000000800120dc
core   0: 0x000000008000ffa0 (0xfe043703) ld      a4, -32(s0)
core   0: 3 0x000000008000ffa0 (0xfe043703) x14 0x000000008001205c mem 0x0000000080031f50
core   0: 0x000000008000ffa4 (0xfcf76de3) bltu    a4, a5, pc - 38
core   0: 3 0x000000008000ffa4 (0xfcf76de3)
core   0: 0x000000008000ff7e (0xfe043783) ld      a5, -32(s0)
core   0: 3 0x000000008000ff7e (0xfe043783) x15 0x000000008001205c mem 0x0000000080031f50
core   0: 0x000000008000ff82 (0x00178713) addi    a4, a5, 1
core   0: 3 0x000000008000ff82 (0x00178713) x14 0x000000008001205d
core   0: 0x000000008000ff86 (0xfee43023) sd      a4, -32(s0)
core   0: 3 0x000000008000ff86 (0xfee43023) mem 0x0000000080031f50 0x000000008001205d
core   0: 0x000000008000ff8a (0xfc442703) lw      a4, -60(s0)
core   0: 3 0x000000008000ff8a (0xfc442703) x14 0x0000000000000000 mem 0x0000000080031f34
core   0: 0x000000008000ff8e (0x0ff77713) andi    a4, a4, 255
core   0: 3 0x000000008000ff8e (0x0ff77713) x14 0x0000000000000000
core   0: 0x000000008000ff92 (0x00e78023) sb      a4, 0(a5)
core   0: 3 0x000000008000ff92 (0x00e78023) mem 0x000000008001205c 0x00
core   0: 0x000000008000ff96 (0xfc843703) ld      a4, -56(s0)
core   0: 3 0x000000008000ff96 (0xfc843703) x14 0x0000000080012040 mem 0x0000000080031f38
core   0: 0x000000008000ff9a (0xfb843783) ld      a5, -72(s0)
core   0: 3 0x000000008000ff9a (0xfb843783) x15 0x000000000000009c mem 0x0000000080031f28
core   0: 0x000000008000ff9e (0x000097ba) c.add   a5, a4
core   0: 3 0x000000008000ff9e (0x97ba) x15 0x00000000800120dc
core   0: 0x000000008000ffa0 (0xfe043703) ld      a4, -32(s0)
core   0: 3 0x000000008000ffa0 (0xfe043703) x14 0x000000008001205d mem 0x0000000080031f50
core   0: 0x000000008000ffa4 (0xfcf76de3) bltu    a4, a5, pc - 38
core   0: 3 0x000000008000ffa4 (0xfcf76de3)
core   0: 0x000000008000ff7e (0xfe043783) ld      a5, -32(s0)
core   0: 3 0x000000008000ff7e (0xfe043783) x15 0x000000008001205d mem 0x0000000080031f50
core   0: 0x000000008000ff82 (0x00178713) addi    a4, a5, 1
core   0: 3 0x000000008000ff82 (0x00178713) x14 0x000000008001205e
core   0: 0x000000008000ff86 (0xfee43023) sd      a4, -32(s0)
core   0: 3 0x000000008000ff86 (0xfee43023) mem 0x0000000080031f50 0x000000008001205e
core   0: 0x000000008000ff8a (0xfc442703) lw      a4, -60(s0)
core   0: 3 0x000000008000ff8a (0xfc442703) x14 0x0000000000000000 mem 0x0000000080031f34
core   0: 0x000000008000ff8e (0x0ff77713) andi    a4, a4, 255
core   0: 3 0x000000008000ff8e (0x0ff77713) x14 0x0000000000000000
core   0: 0x000000008000ff92 (0x00e78023) sb      a4, 0(a5)
core   0: 3 0x000000008000ff92 (0x00e78023) mem 0x000000008001205d 0x00
core   0: 0x000000008000ff96 (0xfc843703) ld      a4, -56(s0)
core   0: 3 0x000000008000ff96 (0xfc843703) x14 0x0000000080012040 mem 0x0000000080031f38
core   0: 0x000000008000ff9a (0xfb843783) ld      a5, -72(s0)
core   0: 3 0x000000008000ff9a (0xfb843783) x15 0x000000000000009c mem 0x0000000080031f28
core   0: 0x000000008000ff9e (0x000097ba) c.add   a5, a4
core   0: 3 0x000000008000ff9e (0x97ba) x15 0x00000000800120dc
core   0: 0x000000008000ffa0 (0xfe043703) ld      a4, -32(s0)
core   0: 3 0x000000008000ffa0 (0xfe043703) x14 0x000000008001205e mem 0x0000000080031f50
core   0: 0x000000008000ffa4 (0xfcf76de3) bltu    a4, a5, pc - 38
core   0: 3 0x000000008000ffa4 (0xfcf76de3)
core   0: 0x000000008000ff7e (0xfe043783) ld      a5, -32(s0)
core   0: 3 0x000000008000ff7e (0xfe043783) x15 0x000000008001205e mem 0x0000000080031f50
core   0: 0x000000008000ff82 (0x00178713) addi    a4, a5, 1
core   0: 3 0x000000008000ff82 (0x00178713) x14 0x000000008001205f
core   0: 0x000000008000ff86 (0xfee43023) sd      a4, -32(s0)
core   0: 3 0x000000008000ff86 (0xfee43023) mem 0x0000000080031f50 0x000000008001205f
core   0: 0x000000008000ff8a (0xfc442703) lw      a4, -60(s0)
core   0: 3 0x000000008000ff8a (0xfc442703) x14 0x0000000000000000 mem 0x0000000080031f34
core   0: 0x000000008000ff8e (0x0ff77713) andi    a4, a4, 255
core   0: 3 0x000000008000ff8e (0x0ff77713) x14 0x0000000000000000
core   0: 0x000000008000ff92 (0x00e78023) sb      a4, 0(a5)
core   0: 3 0x000000008000ff92 (0x00e78023) mem 0x000000008001205e 0x00
core   0: 0x000000008000ff96 (0xfc843703) ld      a4, -56(s0)
core   0: 3 0x000000008000ff96 (0xfc843703) x14 0x0000000080012040 mem 0x0000000080031f38
core   0: 0x000000008000ff9a (0xfb843783) ld      a5, -72(s0)
core   0: 3 0x000000008000ff9a (0xfb843783) x15 0x000000000000009c mem 0x0000000080031f28
core   0: 0x000000008000ff9e (0x000097ba) c.add   a5, a4
core   0: 3 0x000000008000ff9e (0x97ba) x15 0x00000000800120dc
core   0: 0x000000008000ffa0 (0xfe043703) ld      a4, -32(s0)
core   0: 3 0x000000008000ffa0 (0xfe043703) x14 0x000000008001205f mem 0x0000000080031f50
core   0: 0x000000008000ffa4 (0xfcf76de3) bltu    a4, a5, pc - 38
core   0: 3 0x000000008000ffa4 (0xfcf76de3)
core   0: 0x000000008000ff7e (0xfe043783) ld      a5, -32(s0)
core   0: 3 0x000000008000ff7e (0xfe043783) x15 0x000000008001205f mem 0x0000000080031f50
core   0: 0x000000008000ff82 (0x00178713) addi    a4, a5, 1
core   0: 3 0x000000008000ff82 (0x00178713) x14 0x0000000080012060
core   0: 0x000000008000ff86 (0xfee43023) sd      a4, -32(s0)
core   0: 3 0x000000008000ff86 (0xfee43023) mem 0x0000000080031f50 0x0000000080012060
core   0: 0x000000008000ff8a (0xfc442703) lw      a4, -60(s0)
core   0: 3 0x000000008000ff8a (0xfc442703) x14 0x0000000000000000 mem 0x0000000080031f34
core   0: 0x000000008000ff8e (0x0ff77713) andi    a4, a4, 255
core   0: 3 0x000000008000ff8e (0x0ff77713) x14 0x0000000000000000
core   0: 0x000000008000ff92 (0x00e78023) sb      a4, 0(a5)
core   0: 3 0x000000008000ff92 (0x00e78023) mem 0x000000008001205f 0x00
core   0: 0x000000008000ff96 (0xfc843703) ld      a4, -56(s0)
core   0: 3 0x000000008000ff96 (0xfc843703) x14 0x0000000080012040 mem 0x0000000080031f38
core   0: 0x000000008000ff9a (0xfb843783) ld      a5, -72(s0)
core   0: 3 0x000000008000ff9a (0xfb843783) x15 0x000000000000009c mem 0x0000000080031f28
core   0: 0x000000008000ff9e (0x000097ba) c.add   a5, a4
core   0: 3 0x000000008000ff9e (0x97ba) x15 0x00000000800120dc
core   0: 0x000000008000ffa0 (0xfe043703) ld      a4, -32(s0)
core   0: 3 0x000000008000ffa0 (0xfe043703) x14 0x0000000080012060 mem 0x0000000080031f50
core   0: 0x000000008000ffa4 (0xfcf76de3) bltu    a4, a5, pc - 38
core   0: 3 0x000000008000ffa4 (0xfcf76de3)
core   0: 0x000000008000ff7e (0xfe043783) ld      a5, -32(s0)
core   0: 3 0x000000008000ff7e (0xfe043783) x15 0x0000000080012060 mem 0x0000000080031f50
core   0: 0x000000008000ff82 (0x00178713) addi    a4, a5, 1
core   0: 3 0x000000008000ff82 (0x00178713) x14 0x0000000080012061
core   0: 0x000000008000ff86 (0xfee43023) sd      a4, -32(s0)
core   0: 3 0x000000008000ff86 (0xfee43023) mem 0x0000000080031f50 0x0000000080012061
core   0: 0x000000008000ff8a (0xfc442703) lw      a4, -60(s0)
core   0: 3 0x000000008000ff8a (0xfc442703) x14 0x0000000000000000 mem 0x0000000080031f34
core   0: 0x000000008000ff8e (0x0ff77713) andi    a4, a4, 255
core   0: 3 0x000000008000ff8e (0x0ff77713) x14 0x0000000000000000
core   0: 0x000000008000ff92 (0x00e78023) sb      a4, 0(a5)
core   0: 3 0x000000008000ff92 (0x00e78023) mem 0x0000000080012060 0x00
core   0: 0x000000008000ff96 (0xfc843703) ld      a4, -56(s0)
core   0: 3 0x000000008000ff96 (0xfc843703) x14 0x0000000080012040 mem 0x0000000080031f38
core   0: 0x000000008000ff9a (0xfb843783) ld      a5, -72(s0)
core   0: 3 0x000000008000ff9a (0xfb843783) x15 0x000000000000009c mem 0x0000000080031f28
core   0: 0x000000008000ff9e (0x000097ba) c.add   a5, a4
core   0: 3 0x000000008000ff9e (0x97ba) x15 0x00000000800120dc
core   0: 0x000000008000ffa0 (0xfe043703) ld      a4, -32(s0)
core   0: 3 0x000000008000ffa0 (0xfe043703) x14 0x0000000080012061 mem 0x0000000080031f50
core   0: 0x000000008000ffa4 (0xfcf76de3) bltu    a4, a5, pc - 38
core   0: 3 0x000000008000ffa4 (0xfcf76de3)
core   0: 0x000000008000ff7e (0xfe043783) ld      a5, -32(s0)
core   0: 3 0x000000008000ff7e (0xfe043783) x15 0x0000000080012061 mem 0x0000000080031f50
core   0: 0x000000008000ff82 (0x00178713) addi    a4, a5, 1
core   0: 3 0x000000008000ff82 (0x00178713) x14 0x0000000080012062
core   0: 0x000000008000ff86 (0xfee43023) sd      a4, -32(s0)
core   0: 3 0x000000008000ff86 (0xfee43023) mem 0x0000000080031f50 0x0000000080012062
core   0: 0x000000008000ff8a (0xfc442703) lw      a4, -60(s0)
core   0: 3 0x000000008000ff8a (0xfc442703) x14 0x0000000000000000 mem 0x0000000080031f34
core   0: 0x000000008000ff8e (0x0ff77713) andi    a4, a4, 255
core   0: 3 0x000000008000ff8e (0x0ff77713) x14 0x0000000000000000
core   0: 0x000000008000ff92 (0x00e78023) sb      a4, 0(a5)
core   0: 3 0x000000008000ff92 (0x00e78023) mem 0x0000000080012061 0x00
core   0: 0x000000008000ff96 (0xfc843703) ld      a4, -56(s0)
core   0: 3 0x000000008000ff96 (0xfc843703) x14 0x0000000080012040 mem 0x0000000080031f38
core   0: 0x000000008000ff9a (0xfb843783) ld      a5, -72(s0)
core   0: 3 0x000000008000ff9a (0xfb843783) x15 0x000000000000009c mem 0x0000000080031f28
core   0: 0x000000008000ff9e (0x000097ba) c.add   a5, a4
core   0: 3 0x000000008000ff9e (0x97ba) x15 0x00000000800120dc
core   0: 0x000000008000ffa0 (0xfe043703) ld      a4, -32(s0)
core   0: 3 0x000000008000ffa0 (0xfe043703) x14 0x0000000080012062 mem 0x0000000080031f50
core   0: 0x000000008000ffa4 (0xfcf76de3) bltu    a4, a5, pc - 38
core   0: 3 0x000000008000ffa4 (0xfcf76de3)
core   0: 0x000000008000ff7e (0xfe043783) ld      a5, -32(s0)
core   0: 3 0x000000008000ff7e (0xfe043783) x15 0x0000000080012062 mem 0x0000000080031f50
core   0: 0x000000008000ff82 (0x00178713) addi    a4, a5, 1
core   0: 3 0x000000008000ff82 (0x00178713) x14 0x0000000080012063
core   0: 0x000000008000ff86 (0xfee43023) sd      a4, -32(s0)
core   0: 3 0x000000008000ff86 (0xfee43023) mem 0x0000000080031f50 0x0000000080012063
core   0: 0x000000008000ff8a (0xfc442703) lw      a4, -60(s0)
core   0: 3 0x000000008000ff8a (0xfc442703) x14 0x0000000000000000 mem 0x0000000080031f34
core   0: 0x000000008000ff8e (0x0ff77713) andi    a4, a4, 255
core   0: 3 0x000000008000ff8e (0x0ff77713) x14 0x0000000000000000
core   0: 0x000000008000ff92 (0x00e78023) sb      a4, 0(a5)
core   0: 3 0x000000008000ff92 (0x00e78023) mem 0x0000000080012062 0x00
core   0: 0x000000008000ff96 (0xfc843703) ld      a4, -56(s0)
core   0: 3 0x000000008000ff96 (0xfc843703) x14 0x0000000080012040 mem 0x0000000080031f38
core   0: 0x000000008000ff9a (0xfb843783) ld      a5, -72(s0)
core   0: 3 0x000000008000ff9a (0xfb843783) x15 0x000000000000009c mem 0x0000000080031f28
core   0: 0x000000008000ff9e (0x000097ba) c.add   a5, a4
core   0: 3 0x000000008000ff9e (0x97ba) x15 0x00000000800120dc
core   0: 0x000000008000ffa0 (0xfe043703) ld      a4, -32(s0)
core   0: 3 0x000000008000ffa0 (0xfe043703) x14 0x0000000080012063 mem 0x0000000080031f50
core   0: 0x000000008000ffa4 (0xfcf76de3) bltu    a4, a5, pc - 38
core   0: 3 0x000000008000ffa4 (0xfcf76de3)
core   0: 0x000000008000ff7e (0xfe043783) ld      a5, -32(s0)
core   0: 3 0x000000008000ff7e (0xfe043783) x15 0x0000000080012063 mem 0x0000000080031f50
core   0: 0x000000008000ff82 (0x00178713) addi    a4, a5, 1
core   0: 3 0x000000008000ff82 (0x00178713) x14 0x0000000080012064
core   0: 0x000000008000ff86 (0xfee43023) sd      a4, -32(s0)
core   0: 3 0x000000008000ff86 (0xfee43023) mem 0x0000000080031f50 0x0000000080012064
core   0: 0x000000008000ff8a (0xfc442703) lw      a4, -60(s0)
core   0: 3 0x000000008000ff8a (0xfc442703) x14 0x0000000000000000 mem 0x0000000080031f34
core   0: 0x000000008000ff8e (0x0ff77713) andi    a4, a4, 255
core   0: 3 0x000000008000ff8e (0x0ff77713) x14 0x0000000000000000
core   0: 0x000000008000ff92 (0x00e78023) sb      a4, 0(a5)
core   0: 3 0x000000008000ff92 (0x00e78023) mem 0x0000000080012063 0x00
core   0: 0x000000008000ff96 (0xfc843703) ld      a4, -56(s0)
core   0: 3 0x000000008000ff96 (0xfc843703) x14 0x0000000080012040 mem 0x0000000080031f38
core   0: 0x000000008000ff9a (0xfb843783) ld      a5, -72(s0)
core   0: 3 0x000000008000ff9a (0xfb843783) x15 0x000000000000009c mem 0x0000000080031f28
core   0: 0x000000008000ff9e (0x000097ba) c.add   a5, a4
core   0: 3 0x000000008000ff9e (0x97ba) x15 0x00000000800120dc
core   0: 0x000000008000ffa0 (0xfe043703) ld      a4, -32(s0)
core   0: 3 0x000000008000ffa0 (0xfe043703) x14 0x0000000080012064 mem 0x0000000080031f50
core   0: 0x000000008000ffa4 (0xfcf76de3) bltu    a4, a5, pc - 38
core   0: 3 0x000000008000ffa4 (0xfcf76de3)
core   0: 0x000000008000ff7e (0xfe043783) ld      a5, -32(s0)
core   0: 3 0x000000008000ff7e (0xfe043783) x15 0x0000000080012064 mem 0x0000000080031f50
core   0: 0x000000008000ff82 (0x00178713) addi    a4, a5, 1
core   0: 3 0x000000008000ff82 (0x00178713) x14 0x0000000080012065
core   0: 0x000000008000ff86 (0xfee43023) sd      a4, -32(s0)
core   0: 3 0x000000008000ff86 (0xfee43023) mem 0x0000000080031f50 0x0000000080012065
core   0: 0x000000008000ff8a (0xfc442703) lw      a4, -60(s0)
core   0: 3 0x000000008000ff8a (0xfc442703) x14 0x0000000000000000 mem 0x0000000080031f34
core   0: 0x000000008000ff8e (0x0ff77713) andi    a4, a4, 255
core   0: 3 0x000000008000ff8e (0x0ff77713) x14 0x0000000000000000
core   0: 0x000000008000ff92 (0x00e78023) sb      a4, 0(a5)
core   0: 3 0x000000008000ff92 (0x00e78023) mem 0x0000000080012064 0x00
core   0: 0x000000008000ff96 (0xfc843703) ld      a4, -56(s0)
core   0: 3 0x000000008000ff96 (0xfc843703) x14 0x0000000080012040 mem 0x0000000080031f38
core   0: 0x000000008000ff9a (0xfb843783) ld      a5, -72(s0)
core   0: 3 0x000000008000ff9a (0xfb843783) x15 0x000000000000009c mem 0x0000000080031f28
core   0: 0x000000008000ff9e (0x000097ba) c.add   a5, a4
core   0: 3 0x000000008000ff9e (0x97ba) x15 0x00000000800120dc
core   0: 0x000000008000ffa0 (0xfe043703) ld      a4, -32(s0)
core   0: 3 0x000000008000ffa0 (0xfe043703) x14 0x0000000080012065 mem 0x0000000080031f50
core   0: 0x000000008000ffa4 (0xfcf76de3) bltu    a4, a5, pc - 38
core   0: 3 0x000000008000ffa4 (0xfcf76de3)
core   0: 0x000000008000ff7e (0xfe043783) ld      a5, -32(s0)
core   0: 3 0x000000008000ff7e (0xfe043783) x15 0x0000000080012065 mem 0x0000000080031f50
core   0: 0x000000008000ff82 (0x00178713) addi    a4, a5, 1
core   0: 3 0x000000008000ff82 (0x00178713) x14 0x0000000080012066
core   0: 0x000000008000ff86 (0xfee43023) sd      a4, -32(s0)
core   0: 3 0x000000008000ff86 (0xfee43023) mem 0x0000000080031f50 0x0000000080012066
core   0: 0x000000008000ff8a (0xfc442703) lw      a4, -60(s0)
core   0: 3 0x000000008000ff8a (0xfc442703) x14 0x0000000000000000 mem 0x0000000080031f34
core   0: 0x000000008000ff8e (0x0ff77713) andi    a4, a4, 255
core   0: 3 0x000000008000ff8e (0x0ff77713) x14 0x0000000000000000
core   0: 0x000000008000ff92 (0x00e78023) sb      a4, 0(a5)
core   0: 3 0x000000008000ff92 (0x00e78023) mem 0x0000000080012065 0x00
core   0: 0x000000008000ff96 (0xfc843703) ld      a4, -56(s0)
core   0: 3 0x000000008000ff96 (0xfc843703) x14 0x0000000080012040 mem 0x0000000080031f38
core   0: 0x000000008000ff9a (0xfb843783) ld      a5, -72(s0)
core   0: 3 0x000000008000ff9a (0xfb843783) x15 0x000000000000009c mem 0x0000000080031f28
core   0: 0x000000008000ff9e (0x000097ba) c.add   a5, a4
core   0: 3 0x000000008000ff9e (0x97ba) x15 0x00000000800120dc
core   0: 0x000000008000ffa0 (0xfe043703) ld      a4, -32(s0)
core   0: 3 0x000000008000ffa0 (0xfe043703) x14 0x0000000080012066 mem 0x0000000080031f50
core   0: 0x000000008000ffa4 (0xfcf76de3) bltu    a4, a5, pc - 38
core   0: 3 0x000000008000ffa4 (0xfcf76de3)
core   0: 0x000000008000ff7e (0xfe043783) ld      a5, -32(s0)
core   0: 3 0x000000008000ff7e (0xfe043783) x15 0x0000000080012066 mem 0x0000000080031f50
core   0: 0x000000008000ff82 (0x00178713) addi    a4, a5, 1
core   0: 3 0x000000008000ff82 (0x00178713) x14 0x0000000080012067
core   0: 0x000000008000ff86 (0xfee43023) sd      a4, -32(s0)
core   0: 3 0x000000008000ff86 (0xfee43023) mem 0x0000000080031f50 0x0000000080012067
core   0: 0x000000008000ff8a (0xfc442703) lw      a4, -60(s0)
core   0: 3 0x000000008000ff8a (0xfc442703) x14 0x0000000000000000 mem 0x0000000080031f34
core   0: 0x000000008000ff8e (0x0ff77713) andi    a4, a4, 255
core   0: 3 0x000000008000ff8e (0x0ff77713) x14 0x0000000000000000
core   0: 0x000000008000ff92 (0x00e78023) sb      a4, 0(a5)
core   0: 3 0x000000008000ff92 (0x00e78023) mem 0x0000000080012066 0x00
core   0: 0x000000008000ff96 (0xfc843703) ld      a4, -56(s0)
core   0: 3 0x000000008000ff96 (0xfc843703) x14 0x0000000080012040 mem 0x0000000080031f38
core   0: 0x000000008000ff9a (0xfb843783) ld      a5, -72(s0)
core   0: 3 0x000000008000ff9a (0xfb843783) x15 0x000000000000009c mem 0x0000000080031f28
core   0: 0x000000008000ff9e (0x000097ba) c.add   a5, a4
core   0: 3 0x000000008000ff9e (0x97ba) x15 0x00000000800120dc
core   0: 0x000000008000ffa0 (0xfe043703) ld      a4, -32(s0)
core   0: 3 0x000000008000ffa0 (0xfe043703) x14 0x0000000080012067 mem 0x0000000080031f50
core   0: 0x000000008000ffa4 (0xfcf76de3) bltu    a4, a5, pc - 38
core   0: 3 0x000000008000ffa4 (0xfcf76de3)
core   0: 0x000000008000ff7e (0xfe043783) ld      a5, -32(s0)
core   0: 3 0x000000008000ff7e (0xfe043783) x15 0x0000000080012067 mem 0x0000000080031f50
core   0: 0x000000008000ff82 (0x00178713) addi    a4, a5, 1
core   0: 3 0x000000008000ff82 (0x00178713) x14 0x0000000080012068
core   0: 0x000000008000ff86 (0xfee43023) sd      a4, -32(s0)
core   0: 3 0x000000008000ff86 (0xfee43023) mem 0x0000000080031f50 0x0000000080012068
core   0: 0x000000008000ff8a (0xfc442703) lw      a4, -60(s0)
core   0: 3 0x000000008000ff8a (0xfc442703) x14 0x0000000000000000 mem 0x0000000080031f34
core   0: 0x000000008000ff8e (0x0ff77713) andi    a4, a4, 255
core   0: 3 0x000000008000ff8e (0x0ff77713) x14 0x0000000000000000
core   0: 0x000000008000ff92 (0x00e78023) sb      a4, 0(a5)
core   0: 3 0x000000008000ff92 (0x00e78023) mem 0x0000000080012067 0x00
core   0: 0x000000008000ff96 (0xfc843703) ld      a4, -56(s0)
core   0: 3 0x000000008000ff96 (0xfc843703) x14 0x0000000080012040 mem 0x0000000080031f38
core   0: 0x000000008000ff9a (0xfb843783) ld      a5, -72(s0)
core   0: 3 0x000000008000ff9a (0xfb843783) x15 0x000000000000009c mem 0x0000000080031f28
core   0: 0x000000008000ff9e (0x000097ba) c.add   a5, a4
core   0: 3 0x000000008000ff9e (0x97ba) x15 0x00000000800120dc
core   0: 0x000000008000ffa0 (0xfe043703) ld      a4, -32(s0)
core   0: 3 0x000000008000ffa0 (0xfe043703) x14 0x0000000080012068 mem 0x0000000080031f50
core   0: 0x000000008000ffa4 (0xfcf76de3) bltu    a4, a5, pc - 38
core   0: 3 0x000000008000ffa4 (0xfcf76de3)
core   0: 0x000000008000ff7e (0xfe043783) ld      a5, -32(s0)
core   0: 3 0x000000008000ff7e (0xfe043783) x15 0x0000000080012068 mem 0x0000000080031f50
core   0: 0x000000008000ff82 (0x00178713) addi    a4, a5, 1
core   0: 3 0x000000008000ff82 (0x00178713) x14 0x0000000080012069
core   0: 0x000000008000ff86 (0xfee43023) sd      a4, -32(s0)
core   0: 3 0x000000008000ff86 (0xfee43023) mem 0x0000000080031f50 0x0000000080012069
core   0: 0x000000008000ff8a (0xfc442703) lw      a4, -60(s0)
core   0: 3 0x000000008000ff8a (0xfc442703) x14 0x0000000000000000 mem 0x0000000080031f34
core   0: 0x000000008000ff8e (0x0ff77713) andi    a4, a4, 255
core   0: 3 0x000000008000ff8e (0x0ff77713) x14 0x0000000000000000
core   0: 0x000000008000ff92 (0x00e78023) sb      a4, 0(a5)
core   0: 3 0x000000008000ff92 (0x00e78023) mem 0x0000000080012068 0x00
core   0: 0x000000008000ff96 (0xfc843703) ld      a4, -56(s0)
core   0: 3 0x000000008000ff96 (0xfc843703) x14 0x0000000080012040 mem 0x0000000080031f38
core   0: 0x000000008000ff9a (0xfb843783) ld      a5, -72(s0)
core   0: 3 0x000000008000ff9a (0xfb843783) x15 0x000000000000009c mem 0x0000000080031f28
core   0: 0x000000008000ff9e (0x000097ba) c.add   a5, a4
core   0: 3 0x000000008000ff9e (0x97ba) x15 0x00000000800120dc
core   0: 0x000000008000ffa0 (0xfe043703) ld      a4, -32(s0)
core   0: 3 0x000000008000ffa0 (0xfe043703) x14 0x0000000080012069 mem 0x0000000080031f50
core   0: 0x000000008000ffa4 (0xfcf76de3) bltu    a4, a5, pc - 38
core   0: 3 0x000000008000ffa4 (0xfcf76de3)
core   0: 0x000000008000ff7e (0xfe043783) ld      a5, -32(s0)
core   0: 3 0x000000008000ff7e (0xfe043783) x15 0x0000000080012069 mem 0x0000000080031f50
core   0: 0x000000008000ff82 (0x00178713) addi    a4, a5, 1
core   0: 3 0x000000008000ff82 (0x00178713) x14 0x000000008001206a
core   0: 0x000000008000ff86 (0xfee43023) sd      a4, -32(s0)
core   0: 3 0x000000008000ff86 (0xfee43023) mem 0x0000000080031f50 0x000000008001206a
core   0: 0x000000008000ff8a (0xfc442703) lw      a4, -60(s0)
core   0: 3 0x000000008000ff8a (0xfc442703) x14 0x0000000000000000 mem 0x0000000080031f34
core   0: 0x000000008000ff8e (0x0ff77713) andi    a4, a4, 255
core   0: 3 0x000000008000ff8e (0x0ff77713) x14 0x0000000000000000
core   0: 0x000000008000ff92 (0x00e78023) sb      a4, 0(a5)
core   0: 3 0x000000008000ff92 (0x00e78023) mem 0x0000000080012069 0x00
core   0: 0x000000008000ff96 (0xfc843703) ld      a4, -56(s0)
core   0: 3 0x000000008000ff96 (0xfc843703) x14 0x0000000080012040 mem 0x0000000080031f38
core   0: 0x000000008000ff9a (0xfb843783) ld      a5, -72(s0)
core   0: 3 0x000000008000ff9a (0xfb843783) x15 0x000000000000009c mem 0x0000000080031f28
core   0: 0x000000008000ff9e (0x000097ba) c.add   a5, a4
core   0: 3 0x000000008000ff9e (0x97ba) x15 0x00000000800120dc
core   0: 0x000000008000ffa0 (0xfe043703) ld      a4, -32(s0)
core   0: 3 0x000000008000ffa0 (0xfe043703) x14 0x000000008001206a mem 0x0000000080031f50
core   0: 0x000000008000ffa4 (0xfcf76de3) bltu    a4, a5, pc - 38
core   0: 3 0x000000008000ffa4 (0xfcf76de3)
core   0: 0x000000008000ff7e (0xfe043783) ld      a5, -32(s0)
core   0: 3 0x000000008000ff7e (0xfe043783) x15 0x000000008001206a mem 0x0000000080031f50
core   0: 0x000000008000ff82 (0x00178713) addi    a4, a5, 1
core   0: 3 0x000000008000ff82 (0x00178713) x14 0x000000008001206b
core   0: 0x000000008000ff86 (0xfee43023) sd      a4, -32(s0)
core   0: 3 0x000000008000ff86 (0xfee43023) mem 0x0000000080031f50 0x000000008001206b
core   0: 0x000000008000ff8a (0xfc442703) lw      a4, -60(s0)
core   0: 3 0x000000008000ff8a (0xfc442703) x14 0x0000000000000000 mem 0x0000000080031f34
core   0: 0x000000008000ff8e (0x0ff77713) andi    a4, a4, 255
core   0: 3 0x000000008000ff8e (0x0ff77713) x14 0x0000000000000000
core   0: 0x000000008000ff92 (0x00e78023) sb      a4, 0(a5)
core   0: 3 0x000000008000ff92 (0x00e78023) mem 0x000000008001206a 0x00
core   0: 0x000000008000ff96 (0xfc843703) ld      a4, -56(s0)
core   0: 3 0x000000008000ff96 (0xfc843703) x14 0x0000000080012040 mem 0x0000000080031f38
core   0: 0x000000008000ff9a (0xfb843783) ld      a5, -72(s0)
core   0: 3 0x000000008000ff9a (0xfb843783) x15 0x000000000000009c mem 0x0000000080031f28
core   0: 0x000000008000ff9e (0x000097ba) c.add   a5, a4
core   0: 3 0x000000008000ff9e (0x97ba) x15 0x00000000800120dc
core   0: 0x000000008000ffa0 (0xfe043703) ld      a4, -32(s0)
core   0: 3 0x000000008000ffa0 (0xfe043703) x14 0x000000008001206b mem 0x0000000080031f50
core   0: 0x000000008000ffa4 (0xfcf76de3) bltu    a4, a5, pc - 38
core   0: 3 0x000000008000ffa4 (0xfcf76de3)
core   0: 0x000000008000ff7e (0xfe043783) ld      a5, -32(s0)
core   0: 3 0x000000008000ff7e (0xfe043783) x15 0x000000008001206b mem 0x0000000080031f50
core   0: 0x000000008000ff82 (0x00178713) addi    a4, a5, 1
core   0: 3 0x000000008000ff82 (0x00178713) x14 0x000000008001206c
core   0: 0x000000008000ff86 (0xfee43023) sd      a4, -32(s0)
core   0: 3 0x000000008000ff86 (0xfee43023) mem 0x0000000080031f50 0x000000008001206c
core   0: 0x000000008000ff8a (0xfc442703) lw      a4, -60(s0)
core   0: 3 0x000000008000ff8a (0xfc442703) x14 0x0000000000000000 mem 0x0000000080031f34
core   0: 0x000000008000ff8e (0x0ff77713) andi    a4, a4, 255
core   0: 3 0x000000008000ff8e (0x0ff77713) x14 0x0000000000000000
core   0: 0x000000008000ff92 (0x00e78023) sb      a4, 0(a5)
core   0: 3 0x000000008000ff92 (0x00e78023) mem 0x000000008001206b 0x00
core   0: 0x000000008000ff96 (0xfc843703) ld      a4, -56(s0)
core   0: 3 0x000000008000ff96 (0xfc843703) x14 0x0000000080012040 mem 0x0000000080031f38
core   0: 0x000000008000ff9a (0xfb843783) ld      a5, -72(s0)
core   0: 3 0x000000008000ff9a (0xfb843783) x15 0x000000000000009c mem 0x0000000080031f28
core   0: 0x000000008000ff9e (0x000097ba) c.add   a5, a4
core   0: 3 0x000000008000ff9e (0x97ba) x15 0x00000000800120dc
core   0: 0x000000008000ffa0 (0xfe043703) ld      a4, -32(s0)
core   0: 3 0x000000008000ffa0 (0xfe043703) x14 0x000000008001206c mem 0x0000000080031f50
core   0: 0x000000008000ffa4 (0xfcf76de3) bltu    a4, a5, pc - 38
core   0: 3 0x000000008000ffa4 (0xfcf76de3)
core   0: 0x000000008000ff7e (0xfe043783) ld      a5, -32(s0)
core   0: 3 0x000000008000ff7e (0xfe043783) x15 0x000000008001206c mem 0x0000000080031f50
core   0: 0x000000008000ff82 (0x00178713) addi    a4, a5, 1
core   0: 3 0x000000008000ff82 (0x00178713) x14 0x000000008001206d
core   0: 0x000000008000ff86 (0xfee43023) sd      a4, -32(s0)
core   0: 3 0x000000008000ff86 (0xfee43023) mem 0x0000000080031f50 0x000000008001206d
core   0: 0x000000008000ff8a (0xfc442703) lw      a4, -60(s0)
core   0: 3 0x000000008000ff8a (0xfc442703) x14 0x0000000000000000 mem 0x0000000080031f34
core   0: 0x000000008000ff8e (0x0ff77713) andi    a4, a4, 255
core   0: 3 0x000000008000ff8e (0x0ff77713) x14 0x0000000000000000
core   0: 0x000000008000ff92 (0x00e78023) sb      a4, 0(a5)
core   0: 3 0x000000008000ff92 (0x00e78023) mem 0x000000008001206c 0x00
core   0: 0x000000008000ff96 (0xfc843703) ld      a4, -56(s0)
core   0: 3 0x000000008000ff96 (0xfc843703) x14 0x0000000080012040 mem 0x0000000080031f38
core   0: 0x000000008000ff9a (0xfb843783) ld      a5, -72(s0)
core   0: 3 0x000000008000ff9a (0xfb843783) x15 0x000000000000009c mem 0x0000000080031f28
core   0: 0x000000008000ff9e (0x000097ba) c.add   a5, a4
core   0: 3 0x000000008000ff9e (0x97ba) x15 0x00000000800120dc
core   0: 0x000000008000ffa0 (0xfe043703) ld      a4, -32(s0)
core   0: 3 0x000000008000ffa0 (0xfe043703) x14 0x000000008001206d mem 0x0000000080031f50
core   0: 0x000000008000ffa4 (0xfcf76de3) bltu    a4, a5, pc - 38
core   0: 3 0x000000008000ffa4 (0xfcf76de3)
core   0: 0x000000008000ff7e (0xfe043783) ld      a5, -32(s0)
core   0: 3 0x000000008000ff7e (0xfe043783) x15 0x000000008001206d mem 0x0000000080031f50
core   0: 0x000000008000ff82 (0x00178713) addi    a4, a5, 1
core   0: 3 0x000000008000ff82 (0x00178713) x14 0x000000008001206e
core   0: 0x000000008000ff86 (0xfee43023) sd      a4, -32(s0)
core   0: 3 0x000000008000ff86 (0xfee43023) mem 0x0000000080031f50 0x000000008001206e
core   0: 0x000000008000ff8a (0xfc442703) lw      a4, -60(s0)
core   0: 3 0x000000008000ff8a (0xfc442703) x14 0x0000000000000000 mem 0x0000000080031f34
core   0: 0x000000008000ff8e (0x0ff77713) andi    a4, a4, 255
core   0: 3 0x000000008000ff8e (0x0ff77713) x14 0x0000000000000000
core   0: 0x000000008000ff92 (0x00e78023) sb      a4, 0(a5)
core   0: 3 0x000000008000ff92 (0x00e78023) mem 0x000000008001206d 0x00
core   0: 0x000000008000ff96 (0xfc843703) ld      a4, -56(s0)
core   0: 3 0x000000008000ff96 (0xfc843703) x14 0x0000000080012040 mem 0x0000000080031f38
core   0: 0x000000008000ff9a (0xfb843783) ld      a5, -72(s0)
core   0: 3 0x000000008000ff9a (0xfb843783) x15 0x000000000000009c mem 0x0000000080031f28
core   0: 0x000000008000ff9e (0x000097ba) c.add   a5, a4
core   0: 3 0x000000008000ff9e (0x97ba) x15 0x00000000800120dc
core   0: 0x000000008000ffa0 (0xfe043703) ld      a4, -32(s0)
core   0: 3 0x000000008000ffa0 (0xfe043703) x14 0x000000008001206e mem 0x0000000080031f50
core   0: 0x000000008000ffa4 (0xfcf76de3) bltu    a4, a5, pc - 38
core   0: 3 0x000000008000ffa4 (0xfcf76de3)
core   0: 0x000000008000ff7e (0xfe043783) ld      a5, -32(s0)
core   0: 3 0x000000008000ff7e (0xfe043783) x15 0x000000008001206e mem 0x0000000080031f50
core   0: 0x000000008000ff82 (0x00178713) addi    a4, a5, 1
core   0: 3 0x000000008000ff82 (0x00178713) x14 0x000000008001206f
core   0: 0x000000008000ff86 (0xfee43023) sd      a4, -32(s0)
core   0: 3 0x000000008000ff86 (0xfee43023) mem 0x0000000080031f50 0x000000008001206f
core   0: 0x000000008000ff8a (0xfc442703) lw      a4, -60(s0)
core   0: 3 0x000000008000ff8a (0xfc442703) x14 0x0000000000000000 mem 0x0000000080031f34
core   0: 0x000000008000ff8e (0x0ff77713) andi    a4, a4, 255
core   0: 3 0x000000008000ff8e (0x0ff77713) x14 0x0000000000000000
core   0: 0x000000008000ff92 (0x00e78023) sb      a4, 0(a5)
core   0: 3 0x000000008000ff92 (0x00e78023) mem 0x000000008001206e 0x00
core   0: 0x000000008000ff96 (0xfc843703) ld      a4, -56(s0)
core   0: 3 0x000000008000ff96 (0xfc843703) x14 0x0000000080012040 mem 0x0000000080031f38
core   0: 0x000000008000ff9a (0xfb843783) ld      a5, -72(s0)
core   0: 3 0x000000008000ff9a (0xfb843783) x15 0x000000000000009c mem 0x0000000080031f28
core   0: 0x000000008000ff9e (0x000097ba) c.add   a5, a4
core   0: 3 0x000000008000ff9e (0x97ba) x15 0x00000000800120dc
core   0: 0x000000008000ffa0 (0xfe043703) ld      a4, -32(s0)
core   0: 3 0x000000008000ffa0 (0xfe043703) x14 0x000000008001206f mem 0x0000000080031f50
core   0: 0x000000008000ffa4 (0xfcf76de3) bltu    a4, a5, pc - 38
core   0: 3 0x000000008000ffa4 (0xfcf76de3)
core   0: 0x000000008000ff7e (0xfe043783) ld      a5, -32(s0)
core   0: 3 0x000000008000ff7e (0xfe043783) x15 0x000000008001206f mem 0x0000000080031f50
core   0: 0x000000008000ff82 (0x00178713) addi    a4, a5, 1
core   0: 3 0x000000008000ff82 (0x00178713) x14 0x0000000080012070
core   0: 0x000000008000ff86 (0xfee43023) sd      a4, -32(s0)
core   0: 3 0x000000008000ff86 (0xfee43023) mem 0x0000000080031f50 0x0000000080012070
core   0: 0x000000008000ff8a (0xfc442703) lw      a4, -60(s0)
core   0: 3 0x000000008000ff8a (0xfc442703) x14 0x0000000000000000 mem 0x0000000080031f34
core   0: 0x000000008000ff8e (0x0ff77713) andi    a4, a4, 255
core   0: 3 0x000000008000ff8e (0x0ff77713) x14 0x0000000000000000
core   0: 0x000000008000ff92 (0x00e78023) sb      a4, 0(a5)
core   0: 3 0x000000008000ff92 (0x00e78023) mem 0x000000008001206f 0x00
core   0: 0x000000008000ff96 (0xfc843703) ld      a4, -56(s0)
core   0: 3 0x000000008000ff96 (0xfc843703) x14 0x0000000080012040 mem 0x0000000080031f38
core   0: 0x000000008000ff9a (0xfb843783) ld      a5, -72(s0)
core   0: 3 0x000000008000ff9a (0xfb843783) x15 0x000000000000009c mem 0x0000000080031f28
core   0: 0x000000008000ff9e (0x000097ba) c.add   a5, a4
core   0: 3 0x000000008000ff9e (0x97ba) x15 0x00000000800120dc
core   0: 0x000000008000ffa0 (0xfe043703) ld      a4, -32(s0)
core   0: 3 0x000000008000ffa0 (0xfe043703) x14 0x0000000080012070 mem 0x0000000080031f50
core   0: 0x000000008000ffa4 (0xfcf76de3) bltu    a4, a5, pc - 38
core   0: 3 0x000000008000ffa4 (0xfcf76de3)
core   0: 0x000000008000ff7e (0xfe043783) ld      a5, -32(s0)
core   0: 3 0x000000008000ff7e (0xfe043783) x15 0x0000000080012070 mem 0x0000000080031f50
core   0: 0x000000008000ff82 (0x00178713) addi    a4, a5, 1
core   0: 3 0x000000008000ff82 (0x00178713) x14 0x0000000080012071
core   0: 0x000000008000ff86 (0xfee43023) sd      a4, -32(s0)
core   0: 3 0x000000008000ff86 (0xfee43023) mem 0x0000000080031f50 0x0000000080012071
core   0: 0x000000008000ff8a (0xfc442703) lw      a4, -60(s0)
core   0: 3 0x000000008000ff8a (0xfc442703) x14 0x0000000000000000 mem 0x0000000080031f34
core   0: 0x000000008000ff8e (0x0ff77713) andi    a4, a4, 255
core   0: 3 0x000000008000ff8e (0x0ff77713) x14 0x0000000000000000
core   0: 0x000000008000ff92 (0x00e78023) sb      a4, 0(a5)
core   0: 3 0x000000008000ff92 (0x00e78023) mem 0x0000000080012070 0x00
core   0: 0x000000008000ff96 (0xfc843703) ld      a4, -56(s0)
core   0: 3 0x000000008000ff96 (0xfc843703) x14 0x0000000080012040 mem 0x0000000080031f38
core   0: 0x000000008000ff9a (0xfb843783) ld      a5, -72(s0)
core   0: 3 0x000000008000ff9a (0xfb843783) x15 0x000000000000009c mem 0x0000000080031f28
core   0: 0x000000008000ff9e (0x000097ba) c.add   a5, a4
core   0: 3 0x000000008000ff9e (0x97ba) x15 0x00000000800120dc
core   0: 0x000000008000ffa0 (0xfe043703) ld      a4, -32(s0)
core   0: 3 0x000000008000ffa0 (0xfe043703) x14 0x0000000080012071 mem 0x0000000080031f50
core   0: 0x000000008000ffa4 (0xfcf76de3) bltu    a4, a5, pc - 38
core   0: 3 0x000000008000ffa4 (0xfcf76de3)
core   0: 0x000000008000ff7e (0xfe043783) ld      a5, -32(s0)
core   0: 3 0x000000008000ff7e (0xfe043783) x15 0x0000000080012071 mem 0x0000000080031f50
core   0: 0x000000008000ff82 (0x00178713) addi    a4, a5, 1
core   0: 3 0x000000008000ff82 (0x00178713) x14 0x0000000080012072
core   0: 0x000000008000ff86 (0xfee43023) sd      a4, -32(s0)
core   0: 3 0x000000008000ff86 (0xfee43023) mem 0x0000000080031f50 0x0000000080012072
core   0: 0x000000008000ff8a (0xfc442703) lw      a4, -60(s0)
core   0: 3 0x000000008000ff8a (0xfc442703) x14 0x0000000000000000 mem 0x0000000080031f34
core   0: 0x000000008000ff8e (0x0ff77713) andi    a4, a4, 255
core   0: 3 0x000000008000ff8e (0x0ff77713) x14 0x0000000000000000
core   0: 0x000000008000ff92 (0x00e78023) sb      a4, 0(a5)
core   0: 3 0x000000008000ff92 (0x00e78023) mem 0x0000000080012071 0x00
core   0: 0x000000008000ff96 (0xfc843703) ld      a4, -56(s0)
core   0: 3 0x000000008000ff96 (0xfc843703) x14 0x0000000080012040 mem 0x0000000080031f38
core   0: 0x000000008000ff9a (0xfb843783) ld      a5, -72(s0)
core   0: 3 0x000000008000ff9a (0xfb843783) x15 0x000000000000009c mem 0x0000000080031f28
core   0: 0x000000008000ff9e (0x000097ba) c.add   a5, a4
core   0: 3 0x000000008000ff9e (0x97ba) x15 0x00000000800120dc
core   0: 0x000000008000ffa0 (0xfe043703) ld      a4, -32(s0)
core   0: 3 0x000000008000ffa0 (0xfe043703) x14 0x0000000080012072 mem 0x0000000080031f50
core   0: 0x000000008000ffa4 (0xfcf76de3) bltu    a4, a5, pc - 38
core   0: 3 0x000000008000ffa4 (0xfcf76de3)
core   0: 0x000000008000ff7e (0xfe043783) ld      a5, -32(s0)
core   0: 3 0x000000008000ff7e (0xfe043783) x15 0x0000000080012072 mem 0x0000000080031f50
core   0: 0x000000008000ff82 (0x00178713) addi    a4, a5, 1
core   0: 3 0x000000008000ff82 (0x00178713) x14 0x0000000080012073
core   0: 0x000000008000ff86 (0xfee43023) sd      a4, -32(s0)
core   0: 3 0x000000008000ff86 (0xfee43023) mem 0x0000000080031f50 0x0000000080012073
core   0: 0x000000008000ff8a (0xfc442703) lw      a4, -60(s0)
core   0: 3 0x000000008000ff8a (0xfc442703) x14 0x0000000000000000 mem 0x0000000080031f34
core   0: 0x000000008000ff8e (0x0ff77713) andi    a4, a4, 255
core   0: 3 0x000000008000ff8e (0x0ff77713) x14 0x0000000000000000
core   0: 0x000000008000ff92 (0x00e78023) sb      a4, 0(a5)
core   0: 3 0x000000008000ff92 (0x00e78023) mem 0x0000000080012072 0x00
core   0: 0x000000008000ff96 (0xfc843703) ld      a4, -56(s0)
core   0: 3 0x000000008000ff96 (0xfc843703) x14 0x0000000080012040 mem 0x0000000080031f38
core   0: 0x000000008000ff9a (0xfb843783) ld      a5, -72(s0)
core   0: 3 0x000000008000ff9a (0xfb843783) x15 0x000000000000009c mem 0x0000000080031f28
core   0: 0x000000008000ff9e (0x000097ba) c.add   a5, a4
core   0: 3 0x000000008000ff9e (0x97ba) x15 0x00000000800120dc
core   0: 0x000000008000ffa0 (0xfe043703) ld      a4, -32(s0)
core   0: 3 0x000000008000ffa0 (0xfe043703) x14 0x0000000080012073 mem 0x0000000080031f50
core   0: 0x000000008000ffa4 (0xfcf76de3) bltu    a4, a5, pc - 38
core   0: 3 0x000000008000ffa4 (0xfcf76de3)
core   0: 0x000000008000ff7e (0xfe043783) ld      a5, -32(s0)
core   0: 3 0x000000008000ff7e (0xfe043783) x15 0x0000000080012073 mem 0x0000000080031f50
core   0: 0x000000008000ff82 (0x00178713) addi    a4, a5, 1
core   0: 3 0x000000008000ff82 (0x00178713) x14 0x0000000080012074
core   0: 0x000000008000ff86 (0xfee43023) sd      a4, -32(s0)
core   0: 3 0x000000008000ff86 (0xfee43023) mem 0x0000000080031f50 0x0000000080012074
core   0: 0x000000008000ff8a (0xfc442703) lw      a4, -60(s0)
core   0: 3 0x000000008000ff8a (0xfc442703) x14 0x0000000000000000 mem 0x0000000080031f34
core   0: 0x000000008000ff8e (0x0ff77713) andi    a4, a4, 255
core   0: 3 0x000000008000ff8e (0x0ff77713) x14 0x0000000000000000
core   0: 0x000000008000ff92 (0x00e78023) sb      a4, 0(a5)
core   0: 3 0x000000008000ff92 (0x00e78023) mem 0x0000000080012073 0x00
core   0: 0x000000008000ff96 (0xfc843703) ld      a4, -56(s0)
core   0: 3 0x000000008000ff96 (0xfc843703) x14 0x0000000080012040 mem 0x0000000080031f38
core   0: 0x000000008000ff9a (0xfb843783) ld      a5, -72(s0)
core   0: 3 0x000000008000ff9a (0xfb843783) x15 0x000000000000009c mem 0x0000000080031f28
core   0: 0x000000008000ff9e (0x000097ba) c.add   a5, a4
core   0: 3 0x000000008000ff9e (0x97ba) x15 0x00000000800120dc
core   0: 0x000000008000ffa0 (0xfe043703) ld      a4, -32(s0)
core   0: 3 0x000000008000ffa0 (0xfe043703) x14 0x0000000080012074 mem 0x0000000080031f50
core   0: 0x000000008000ffa4 (0xfcf76de3) bltu    a4, a5, pc - 38
core   0: 3 0x000000008000ffa4 (0xfcf76de3)
core   0: 0x000000008000ff7e (0xfe043783) ld      a5, -32(s0)
core   0: 3 0x000000008000ff7e (0xfe043783) x15 0x0000000080012074 mem 0x0000000080031f50
core   0: 0x000000008000ff82 (0x00178713) addi    a4, a5, 1
core   0: 3 0x000000008000ff82 (0x00178713) x14 0x0000000080012075
core   0: 0x000000008000ff86 (0xfee43023) sd      a4, -32(s0)
core   0: 3 0x000000008000ff86 (0xfee43023) mem 0x0000000080031f50 0x0000000080012075
core   0: 0x000000008000ff8a (0xfc442703) lw      a4, -60(s0)
core   0: 3 0x000000008000ff8a (0xfc442703) x14 0x0000000000000000 mem 0x0000000080031f34
core   0: 0x000000008000ff8e (0x0ff77713) andi    a4, a4, 255
core   0: 3 0x000000008000ff8e (0x0ff77713) x14 0x0000000000000000
core   0: 0x000000008000ff92 (0x00e78023) sb      a4, 0(a5)
core   0: 3 0x000000008000ff92 (0x00e78023) mem 0x0000000080012074 0x00
core   0: 0x000000008000ff96 (0xfc843703) ld      a4, -56(s0)
core   0: 3 0x000000008000ff96 (0xfc843703) x14 0x0000000080012040 mem 0x0000000080031f38
core   0: 0x000000008000ff9a (0xfb843783) ld      a5, -72(s0)
core   0: 3 0x000000008000ff9a (0xfb843783) x15 0x000000000000009c mem 0x0000000080031f28
core   0: 0x000000008000ff9e (0x000097ba) c.add   a5, a4
core   0: 3 0x000000008000ff9e (0x97ba) x15 0x00000000800120dc
core   0: 0x000000008000ffa0 (0xfe043703) ld      a4, -32(s0)
core   0: 3 0x000000008000ffa0 (0xfe043703) x14 0x0000000080012075 mem 0x0000000080031f50
core   0: 0x000000008000ffa4 (0xfcf76de3) bltu    a4, a5, pc - 38
core   0: 3 0x000000008000ffa4 (0xfcf76de3)
core   0: 0x000000008000ff7e (0xfe043783) ld      a5, -32(s0)
core   0: 3 0x000000008000ff7e (0xfe043783) x15 0x0000000080012075 mem 0x0000000080031f50
core   0: 0x000000008000ff82 (0x00178713) addi    a4, a5, 1
core   0: 3 0x000000008000ff82 (0x00178713) x14 0x0000000080012076
core   0: 0x000000008000ff86 (0xfee43023) sd      a4, -32(s0)
core   0: 3 0x000000008000ff86 (0xfee43023) mem 0x0000000080031f50 0x0000000080012076
core   0: 0x000000008000ff8a (0xfc442703) lw      a4, -60(s0)
core   0: 3 0x000000008000ff8a (0xfc442703) x14 0x0000000000000000 mem 0x0000000080031f34
core   0: 0x000000008000ff8e (0x0ff77713) andi    a4, a4, 255
core   0: 3 0x000000008000ff8e (0x0ff77713) x14 0x0000000000000000
core   0: 0x000000008000ff92 (0x00e78023) sb      a4, 0(a5)
core   0: 3 0x000000008000ff92 (0x00e78023) mem 0x0000000080012075 0x00
core   0: 0x000000008000ff96 (0xfc843703) ld      a4, -56(s0)
core   0: 3 0x000000008000ff96 (0xfc843703) x14 0x0000000080012040 mem 0x0000000080031f38
core   0: 0x000000008000ff9a (0xfb843783) ld      a5, -72(s0)
core   0: 3 0x000000008000ff9a (0xfb843783) x15 0x000000000000009c mem 0x0000000080031f28
core   0: 0x000000008000ff9e (0x000097ba) c.add   a5, a4
core   0: 3 0x000000008000ff9e (0x97ba) x15 0x00000000800120dc
core   0: 0x000000008000ffa0 (0xfe043703) ld      a4, -32(s0)
core   0: 3 0x000000008000ffa0 (0xfe043703) x14 0x0000000080012076 mem 0x0000000080031f50
core   0: 0x000000008000ffa4 (0xfcf76de3) bltu    a4, a5, pc - 38
core   0: 3 0x000000008000ffa4 (0xfcf76de3)
core   0: 0x000000008000ff7e (0xfe043783) ld      a5, -32(s0)
core   0: 3 0x000000008000ff7e (0xfe043783) x15 0x0000000080012076 mem 0x0000000080031f50
core   0: 0x000000008000ff82 (0x00178713) addi    a4, a5, 1
core   0: 3 0x000000008000ff82 (0x00178713) x14 0x0000000080012077
core   0: 0x000000008000ff86 (0xfee43023) sd      a4, -32(s0)
core   0: 3 0x000000008000ff86 (0xfee43023) mem 0x0000000080031f50 0x0000000080012077
core   0: 0x000000008000ff8a (0xfc442703) lw      a4, -60(s0)
core   0: 3 0x000000008000ff8a (0xfc442703) x14 0x0000000000000000 mem 0x0000000080031f34
core   0: 0x000000008000ff8e (0x0ff77713) andi    a4, a4, 255
core   0: 3 0x000000008000ff8e (0x0ff77713) x14 0x0000000000000000
core   0: 0x000000008000ff92 (0x00e78023) sb      a4, 0(a5)
core   0: 3 0x000000008000ff92 (0x00e78023) mem 0x0000000080012076 0x00
core   0: 0x000000008000ff96 (0xfc843703) ld      a4, -56(s0)
core   0: 3 0x000000008000ff96 (0xfc843703) x14 0x0000000080012040 mem 0x0000000080031f38
core   0: 0x000000008000ff9a (0xfb843783) ld      a5, -72(s0)
core   0: 3 0x000000008000ff9a (0xfb843783) x15 0x000000000000009c mem 0x0000000080031f28
core   0: 0x000000008000ff9e (0x000097ba) c.add   a5, a4
core   0: 3 0x000000008000ff9e (0x97ba) x15 0x00000000800120dc
core   0: 0x000000008000ffa0 (0xfe043703) ld      a4, -32(s0)
core   0: 3 0x000000008000ffa0 (0xfe043703) x14 0x0000000080012077 mem 0x0000000080031f50
core   0: 0x000000008000ffa4 (0xfcf76de3) bltu    a4, a5, pc - 38
core   0: 3 0x000000008000ffa4 (0xfcf76de3)
core   0: 0x000000008000ff7e (0xfe043783) ld      a5, -32(s0)
core   0: 3 0x000000008000ff7e (0xfe043783) x15 0x0000000080012077 mem 0x0000000080031f50
core   0: 0x000000008000ff82 (0x00178713) addi    a4, a5, 1
core   0: 3 0x000000008000ff82 (0x00178713) x14 0x0000000080012078
core   0: 0x000000008000ff86 (0xfee43023) sd      a4, -32(s0)
core   0: 3 0x000000008000ff86 (0xfee43023) mem 0x0000000080031f50 0x0000000080012078
core   0: 0x000000008000ff8a (0xfc442703) lw      a4, -60(s0)
core   0: 3 0x000000008000ff8a (0xfc442703) x14 0x0000000000000000 mem 0x0000000080031f34
core   0: 0x000000008000ff8e (0x0ff77713) andi    a4, a4, 255
core   0: 3 0x000000008000ff8e (0x0ff77713) x14 0x0000000000000000
core   0: 0x000000008000ff92 (0x00e78023) sb      a4, 0(a5)
core   0: 3 0x000000008000ff92 (0x00e78023) mem 0x0000000080012077 0x00
core   0: 0x000000008000ff96 (0xfc843703) ld      a4, -56(s0)
core   0: 3 0x000000008000ff96 (0xfc843703) x14 0x0000000080012040 mem 0x0000000080031f38
core   0: 0x000000008000ff9a (0xfb843783) ld      a5, -72(s0)
core   0: 3 0x000000008000ff9a (0xfb843783) x15 0x000000000000009c mem 0x0000000080031f28
core   0: 0x000000008000ff9e (0x000097ba) c.add   a5, a4
core   0: 3 0x000000008000ff9e (0x97ba) x15 0x00000000800120dc
core   0: 0x000000008000ffa0 (0xfe043703) ld      a4, -32(s0)
core   0: 3 0x000000008000ffa0 (0xfe043703) x14 0x0000000080012078 mem 0x0000000080031f50
core   0: 0x000000008000ffa4 (0xfcf76de3) bltu    a4, a5, pc - 38
core   0: 3 0x000000008000ffa4 (0xfcf76de3)
core   0: 0x000000008000ff7e (0xfe043783) ld      a5, -32(s0)
core   0: 3 0x000000008000ff7e (0xfe043783) x15 0x0000000080012078 mem 0x0000000080031f50
core   0: 0x000000008000ff82 (0x00178713) addi    a4, a5, 1
core   0: 3 0x000000008000ff82 (0x00178713) x14 0x0000000080012079
core   0: 0x000000008000ff86 (0xfee43023) sd      a4, -32(s0)
core   0: 3 0x000000008000ff86 (0xfee43023) mem 0x0000000080031f50 0x0000000080012079
core   0: 0x000000008000ff8a (0xfc442703) lw      a4, -60(s0)
core   0: 3 0x000000008000ff8a (0xfc442703) x14 0x0000000000000000 mem 0x0000000080031f34
core   0: 0x000000008000ff8e (0x0ff77713) andi    a4, a4, 255
core   0: 3 0x000000008000ff8e (0x0ff77713) x14 0x0000000000000000
core   0: 0x000000008000ff92 (0x00e78023) sb      a4, 0(a5)
core   0: 3 0x000000008000ff92 (0x00e78023) mem 0x0000000080012078 0x00
core   0: 0x000000008000ff96 (0xfc843703) ld      a4, -56(s0)
core   0: 3 0x000000008000ff96 (0xfc843703) x14 0x0000000080012040 mem 0x0000000080031f38
core   0: 0x000000008000ff9a (0xfb843783) ld      a5, -72(s0)
core   0: 3 0x000000008000ff9a (0xfb843783) x15 0x000000000000009c mem 0x0000000080031f28
core   0: 0x000000008000ff9e (0x000097ba) c.add   a5, a4
core   0: 3 0x000000008000ff9e (0x97ba) x15 0x00000000800120dc
core   0: 0x000000008000ffa0 (0xfe043703) ld      a4, -32(s0)
core   0: 3 0x000000008000ffa0 (0xfe043703) x14 0x0000000080012079 mem 0x0000000080031f50
core   0: 0x000000008000ffa4 (0xfcf76de3) bltu    a4, a5, pc - 38
core   0: 3 0x000000008000ffa4 (0xfcf76de3)
core   0: 0x000000008000ff7e (0xfe043783) ld      a5, -32(s0)
core   0: 3 0x000000008000ff7e (0xfe043783) x15 0x0000000080012079 mem 0x0000000080031f50
core   0: 0x000000008000ff82 (0x00178713) addi    a4, a5, 1
core   0: 3 0x000000008000ff82 (0x00178713) x14 0x000000008001207a
core   0: 0x000000008000ff86 (0xfee43023) sd      a4, -32(s0)
core   0: 3 0x000000008000ff86 (0xfee43023) mem 0x0000000080031f50 0x000000008001207a
core   0: 0x000000008000ff8a (0xfc442703) lw      a4, -60(s0)
core   0: 3 0x000000008000ff8a (0xfc442703) x14 0x0000000000000000 mem 0x0000000080031f34
core   0: 0x000000008000ff8e (0x0ff77713) andi    a4, a4, 255
core   0: 3 0x000000008000ff8e (0x0ff77713) x14 0x0000000000000000
core   0: 0x000000008000ff92 (0x00e78023) sb      a4, 0(a5)
core   0: 3 0x000000008000ff92 (0x00e78023) mem 0x0000000080012079 0x00
core   0: 0x000000008000ff96 (0xfc843703) ld      a4, -56(s0)
core   0: 3 0x000000008000ff96 (0xfc843703) x14 0x0000000080012040 mem 0x0000000080031f38
core   0: 0x000000008000ff9a (0xfb843783) ld      a5, -72(s0)
core   0: 3 0x000000008000ff9a (0xfb843783) x15 0x000000000000009c mem 0x0000000080031f28
core   0: 0x000000008000ff9e (0x000097ba) c.add   a5, a4
core   0: 3 0x000000008000ff9e (0x97ba) x15 0x00000000800120dc
core   0: 0x000000008000ffa0 (0xfe043703) ld      a4, -32(s0)
core   0: 3 0x000000008000ffa0 (0xfe043703) x14 0x000000008001207a mem 0x0000000080031f50
core   0: 0x000000008000ffa4 (0xfcf76de3) bltu    a4, a5, pc - 38
core   0: 3 0x000000008000ffa4 (0xfcf76de3)
core   0: 0x000000008000ff7e (0xfe043783) ld      a5, -32(s0)
core   0: 3 0x000000008000ff7e (0xfe043783) x15 0x000000008001207a mem 0x0000000080031f50
core   0: 0x000000008000ff82 (0x00178713) addi    a4, a5, 1
core   0: 3 0x000000008000ff82 (0x00178713) x14 0x000000008001207b
core   0: 0x000000008000ff86 (0xfee43023) sd      a4, -32(s0)
core   0: 3 0x000000008000ff86 (0xfee43023) mem 0x0000000080031f50 0x000000008001207b
core   0: 0x000000008000ff8a (0xfc442703) lw      a4, -60(s0)
core   0: 3 0x000000008000ff8a (0xfc442703) x14 0x0000000000000000 mem 0x0000000080031f34
core   0: 0x000000008000ff8e (0x0ff77713) andi    a4, a4, 255
core   0: 3 0x000000008000ff8e (0x0ff77713) x14 0x0000000000000000
core   0: 0x000000008000ff92 (0x00e78023) sb      a4, 0(a5)
core   0: 3 0x000000008000ff92 (0x00e78023) mem 0x000000008001207a 0x00
core   0: 0x000000008000ff96 (0xfc843703) ld      a4, -56(s0)
core   0: 3 0x000000008000ff96 (0xfc843703) x14 0x0000000080012040 mem 0x0000000080031f38
core   0: 0x000000008000ff9a (0xfb843783) ld      a5, -72(s0)
core   0: 3 0x000000008000ff9a (0xfb843783) x15 0x000000000000009c mem 0x0000000080031f28
core   0: 0x000000008000ff9e (0x000097ba) c.add   a5, a4
core   0: 3 0x000000008000ff9e (0x97ba) x15 0x00000000800120dc
core   0: 0x000000008000ffa0 (0xfe043703) ld      a4, -32(s0)
core   0: 3 0x000000008000ffa0 (0xfe043703) x14 0x000000008001207b mem 0x0000000080031f50
core   0: 0x000000008000ffa4 (0xfcf76de3) bltu    a4, a5, pc - 38
core   0: 3 0x000000008000ffa4 (0xfcf76de3)
core   0: 0x000000008000ff7e (0xfe043783) ld      a5, -32(s0)
core   0: 3 0x000000008000ff7e (0xfe043783) x15 0x000000008001207b mem 0x0000000080031f50
core   0: 0x000000008000ff82 (0x00178713) addi    a4, a5, 1
core   0: 3 0x000000008000ff82 (0x00178713) x14 0x000000008001207c
core   0: 0x000000008000ff86 (0xfee43023) sd      a4, -32(s0)
core   0: 3 0x000000008000ff86 (0xfee43023) mem 0x0000000080031f50 0x000000008001207c
core   0: 0x000000008000ff8a (0xfc442703) lw      a4, -60(s0)
core   0: 3 0x000000008000ff8a (0xfc442703) x14 0x0000000000000000 mem 0x0000000080031f34
core   0: 0x000000008000ff8e (0x0ff77713) andi    a4, a4, 255
core   0: 3 0x000000008000ff8e (0x0ff77713) x14 0x0000000000000000
core   0: 0x000000008000ff92 (0x00e78023) sb      a4, 0(a5)
core   0: 3 0x000000008000ff92 (0x00e78023) mem 0x000000008001207b 0x00
core   0: 0x000000008000ff96 (0xfc843703) ld      a4, -56(s0)
core   0: 3 0x000000008000ff96 (0xfc843703) x14 0x0000000080012040 mem 0x0000000080031f38
core   0: 0x000000008000ff9a (0xfb843783) ld      a5, -72(s0)
core   0: 3 0x000000008000ff9a (0xfb843783) x15 0x000000000000009c mem 0x0000000080031f28
core   0: 0x000000008000ff9e (0x000097ba) c.add   a5, a4
core   0: 3 0x000000008000ff9e (0x97ba) x15 0x00000000800120dc
core   0: 0x000000008000ffa0 (0xfe043703) ld      a4, -32(s0)
core   0: 3 0x000000008000ffa0 (0xfe043703) x14 0x000000008001207c mem 0x0000000080031f50
core   0: 0x000000008000ffa4 (0xfcf76de3) bltu    a4, a5, pc - 38
core   0: 3 0x000000008000ffa4 (0xfcf76de3)
core   0: 0x000000008000ff7e (0xfe043783) ld      a5, -32(s0)
core   0: 3 0x000000008000ff7e (0xfe043783) x15 0x000000008001207c mem 0x0000000080031f50
core   0: 0x000000008000ff82 (0x00178713) addi    a4, a5, 1
core   0: 3 0x000000008000ff82 (0x00178713) x14 0x000000008001207d
core   0: 0x000000008000ff86 (0xfee43023) sd      a4, -32(s0)
core   0: 3 0x000000008000ff86 (0xfee43023) mem 0x0000000080031f50 0x000000008001207d
core   0: 0x000000008000ff8a (0xfc442703) lw      a4, -60(s0)
core   0: 3 0x000000008000ff8a (0xfc442703) x14 0x0000000000000000 mem 0x0000000080031f34
core   0: 0x000000008000ff8e (0x0ff77713) andi    a4, a4, 255
core   0: 3 0x000000008000ff8e (0x0ff77713) x14 0x0000000000000000
core   0: 0x000000008000ff92 (0x00e78023) sb      a4, 0(a5)
core   0: 3 0x000000008000ff92 (0x00e78023) mem 0x000000008001207c 0x00
core   0: 0x000000008000ff96 (0xfc843703) ld      a4, -56(s0)
core   0: 3 0x000000008000ff96 (0xfc843703) x14 0x0000000080012040 mem 0x0000000080031f38
core   0: 0x000000008000ff9a (0xfb843783) ld      a5, -72(s0)
core   0: 3 0x000000008000ff9a (0xfb843783) x15 0x000000000000009c mem 0x0000000080031f28
core   0: 0x000000008000ff9e (0x000097ba) c.add   a5, a4
core   0: 3 0x000000008000ff9e (0x97ba) x15 0x00000000800120dc
core   0: 0x000000008000ffa0 (0xfe043703) ld      a4, -32(s0)
core   0: 3 0x000000008000ffa0 (0xfe043703) x14 0x000000008001207d mem 0x0000000080031f50
core   0: 0x000000008000ffa4 (0xfcf76de3) bltu    a4, a5, pc - 38
core   0: 3 0x000000008000ffa4 (0xfcf76de3)
core   0: 0x000000008000ff7e (0xfe043783) ld      a5, -32(s0)
core   0: 3 0x000000008000ff7e (0xfe043783) x15 0x000000008001207d mem 0x0000000080031f50
core   0: 0x000000008000ff82 (0x00178713) addi    a4, a5, 1
core   0: 3 0x000000008000ff82 (0x00178713) x14 0x000000008001207e
core   0: 0x000000008000ff86 (0xfee43023) sd      a4, -32(s0)
core   0: 3 0x000000008000ff86 (0xfee43023) mem 0x0000000080031f50 0x000000008001207e
core   0: 0x000000008000ff8a (0xfc442703) lw      a4, -60(s0)
core   0: 3 0x000000008000ff8a (0xfc442703) x14 0x0000000000000000 mem 0x0000000080031f34
core   0: 0x000000008000ff8e (0x0ff77713) andi    a4, a4, 255
core   0: 3 0x000000008000ff8e (0x0ff77713) x14 0x0000000000000000
core   0: 0x000000008000ff92 (0x00e78023) sb      a4, 0(a5)
core   0: 3 0x000000008000ff92 (0x00e78023) mem 0x000000008001207d 0x00
core   0: 0x000000008000ff96 (0xfc843703) ld      a4, -56(s0)
core   0: 3 0x000000008000ff96 (0xfc843703) x14 0x0000000080012040 mem 0x0000000080031f38
core   0: 0x000000008000ff9a (0xfb843783) ld      a5, -72(s0)
core   0: 3 0x000000008000ff9a (0xfb843783) x15 0x000000000000009c mem 0x0000000080031f28
core   0: 0x000000008000ff9e (0x000097ba) c.add   a5, a4
core   0: 3 0x000000008000ff9e (0x97ba) x15 0x00000000800120dc
core   0: 0x000000008000ffa0 (0xfe043703) ld      a4, -32(s0)
core   0: 3 0x000000008000ffa0 (0xfe043703) x14 0x000000008001207e mem 0x0000000080031f50
core   0: 0x000000008000ffa4 (0xfcf76de3) bltu    a4, a5, pc - 38
core   0: 3 0x000000008000ffa4 (0xfcf76de3)
core   0: 0x000000008000ff7e (0xfe043783) ld      a5, -32(s0)
core   0: 3 0x000000008000ff7e (0xfe043783) x15 0x000000008001207e mem 0x0000000080031f50
core   0: 0x000000008000ff82 (0x00178713) addi    a4, a5, 1
core   0: 3 0x000000008000ff82 (0x00178713) x14 0x000000008001207f
core   0: 0x000000008000ff86 (0xfee43023) sd      a4, -32(s0)
core   0: 3 0x000000008000ff86 (0xfee43023) mem 0x0000000080031f50 0x000000008001207f
core   0: 0x000000008000ff8a (0xfc442703) lw      a4, -60(s0)
core   0: 3 0x000000008000ff8a (0xfc442703) x14 0x0000000000000000 mem 0x0000000080031f34
core   0: 0x000000008000ff8e (0x0ff77713) andi    a4, a4, 255
core   0: 3 0x000000008000ff8e (0x0ff77713) x14 0x0000000000000000
core   0: 0x000000008000ff92 (0x00e78023) sb      a4, 0(a5)
core   0: 3 0x000000008000ff92 (0x00e78023) mem 0x000000008001207e 0x00
core   0: 0x000000008000ff96 (0xfc843703) ld      a4, -56(s0)
core   0: 3 0x000000008000ff96 (0xfc843703) x14 0x0000000080012040 mem 0x0000000080031f38
core   0: 0x000000008000ff9a (0xfb843783) ld      a5, -72(s0)
core   0: 3 0x000000008000ff9a (0xfb843783) x15 0x000000000000009c mem 0x0000000080031f28
core   0: 0x000000008000ff9e (0x000097ba) c.add   a5, a4
core   0: 3 0x000000008000ff9e (0x97ba) x15 0x00000000800120dc
core   0: 0x000000008000ffa0 (0xfe043703) ld      a4, -32(s0)
core   0: 3 0x000000008000ffa0 (0xfe043703) x14 0x000000008001207f mem 0x0000000080031f50
core   0: 0x000000008000ffa4 (0xfcf76de3) bltu    a4, a5, pc - 38
core   0: 3 0x000000008000ffa4 (0xfcf76de3)
core   0: 0x000000008000ff7e (0xfe043783) ld      a5, -32(s0)
core   0: 3 0x000000008000ff7e (0xfe043783) x15 0x000000008001207f mem 0x0000000080031f50
core   0: 0x000000008000ff82 (0x00178713) addi    a4, a5, 1
core   0: 3 0x000000008000ff82 (0x00178713) x14 0x0000000080012080
core   0: 0x000000008000ff86 (0xfee43023) sd      a4, -32(s0)
core   0: 3 0x000000008000ff86 (0xfee43023) mem 0x0000000080031f50 0x0000000080012080
core   0: 0x000000008000ff8a (0xfc442703) lw      a4, -60(s0)
core   0: 3 0x000000008000ff8a (0xfc442703) x14 0x0000000000000000 mem 0x0000000080031f34
core   0: 0x000000008000ff8e (0x0ff77713) andi    a4, a4, 255
core   0: 3 0x000000008000ff8e (0x0ff77713) x14 0x0000000000000000
core   0: 0x000000008000ff92 (0x00e78023) sb      a4, 0(a5)
core   0: 3 0x000000008000ff92 (0x00e78023) mem 0x000000008001207f 0x00
core   0: 0x000000008000ff96 (0xfc843703) ld      a4, -56(s0)
core   0: 3 0x000000008000ff96 (0xfc843703) x14 0x0000000080012040 mem 0x0000000080031f38
core   0: 0x000000008000ff9a (0xfb843783) ld      a5, -72(s0)
core   0: 3 0x000000008000ff9a (0xfb843783) x15 0x000000000000009c mem 0x0000000080031f28
core   0: 0x000000008000ff9e (0x000097ba) c.add   a5, a4
core   0: 3 0x000000008000ff9e (0x97ba) x15 0x00000000800120dc
core   0: 0x000000008000ffa0 (0xfe043703) ld      a4, -32(s0)
core   0: 3 0x000000008000ffa0 (0xfe043703) x14 0x0000000080012080 mem 0x0000000080031f50
core   0: 0x000000008000ffa4 (0xfcf76de3) bltu    a4, a5, pc - 38
core   0: 3 0x000000008000ffa4 (0xfcf76de3)
core   0: 0x000000008000ff7e (0xfe043783) ld      a5, -32(s0)
core   0: 3 0x000000008000ff7e (0xfe043783) x15 0x0000000080012080 mem 0x0000000080031f50
core   0: 0x000000008000ff82 (0x00178713) addi    a4, a5, 1
core   0: 3 0x000000008000ff82 (0x00178713) x14 0x0000000080012081
core   0: 0x000000008000ff86 (0xfee43023) sd      a4, -32(s0)
core   0: 3 0x000000008000ff86 (0xfee43023) mem 0x0000000080031f50 0x0000000080012081
core   0: 0x000000008000ff8a (0xfc442703) lw      a4, -60(s0)
core   0: 3 0x000000008000ff8a (0xfc442703) x14 0x0000000000000000 mem 0x0000000080031f34
core   0: 0x000000008000ff8e (0x0ff77713) andi    a4, a4, 255
core   0: 3 0x000000008000ff8e (0x0ff77713) x14 0x0000000000000000
core   0: 0x000000008000ff92 (0x00e78023) sb      a4, 0(a5)
core   0: 3 0x000000008000ff92 (0x00e78023) mem 0x0000000080012080 0x00
core   0: 0x000000008000ff96 (0xfc843703) ld      a4, -56(s0)
core   0: 3 0x000000008000ff96 (0xfc843703) x14 0x0000000080012040 mem 0x0000000080031f38
core   0: 0x000000008000ff9a (0xfb843783) ld      a5, -72(s0)
core   0: 3 0x000000008000ff9a (0xfb843783) x15 0x000000000000009c mem 0x0000000080031f28
core   0: 0x000000008000ff9e (0x000097ba) c.add   a5, a4
core   0: 3 0x000000008000ff9e (0x97ba) x15 0x00000000800120dc
core   0: 0x000000008000ffa0 (0xfe043703) ld      a4, -32(s0)
core   0: 3 0x000000008000ffa0 (0xfe043703) x14 0x0000000080012081 mem 0x0000000080031f50
core   0: 0x000000008000ffa4 (0xfcf76de3) bltu    a4, a5, pc - 38
core   0: 3 0x000000008000ffa4 (0xfcf76de3)
core   0: 0x000000008000ff7e (0xfe043783) ld      a5, -32(s0)
core   0: 3 0x000000008000ff7e (0xfe043783) x15 0x0000000080012081 mem 0x0000000080031f50
core   0: 0x000000008000ff82 (0x00178713) addi    a4, a5, 1
core   0: 3 0x000000008000ff82 (0x00178713) x14 0x0000000080012082
core   0: 0x000000008000ff86 (0xfee43023) sd      a4, -32(s0)
core   0: 3 0x000000008000ff86 (0xfee43023) mem 0x0000000080031f50 0x0000000080012082
core   0: 0x000000008000ff8a (0xfc442703) lw      a4, -60(s0)
core   0: 3 0x000000008000ff8a (0xfc442703) x14 0x0000000000000000 mem 0x0000000080031f34
core   0: 0x000000008000ff8e (0x0ff77713) andi    a4, a4, 255
core   0: 3 0x000000008000ff8e (0x0ff77713) x14 0x0000000000000000
core   0: 0x000000008000ff92 (0x00e78023) sb      a4, 0(a5)
core   0: 3 0x000000008000ff92 (0x00e78023) mem 0x0000000080012081 0x00
core   0: 0x000000008000ff96 (0xfc843703) ld      a4, -56(s0)
core   0: 3 0x000000008000ff96 (0xfc843703) x14 0x0000000080012040 mem 0x0000000080031f38
core   0: 0x000000008000ff9a (0xfb843783) ld      a5, -72(s0)
core   0: 3 0x000000008000ff9a (0xfb843783) x15 0x000000000000009c mem 0x0000000080031f28
core   0: 0x000000008000ff9e (0x000097ba) c.add   a5, a4
core   0: 3 0x000000008000ff9e (0x97ba) x15 0x00000000800120dc
core   0: 0x000000008000ffa0 (0xfe043703) ld      a4, -32(s0)
core   0: 3 0x000000008000ffa0 (0xfe043703) x14 0x0000000080012082 mem 0x0000000080031f50
core   0: 0x000000008000ffa4 (0xfcf76de3) bltu    a4, a5, pc - 38
core   0: 3 0x000000008000ffa4 (0xfcf76de3)
core   0: 0x000000008000ff7e (0xfe043783) ld      a5, -32(s0)
core   0: 3 0x000000008000ff7e (0xfe043783) x15 0x0000000080012082 mem 0x0000000080031f50
core   0: 0x000000008000ff82 (0x00178713) addi    a4, a5, 1
core   0: 3 0x000000008000ff82 (0x00178713) x14 0x0000000080012083
core   0: 0x000000008000ff86 (0xfee43023) sd      a4, -32(s0)
core   0: 3 0x000000008000ff86 (0xfee43023) mem 0x0000000080031f50 0x0000000080012083
core   0: 0x000000008000ff8a (0xfc442703) lw      a4, -60(s0)
core   0: 3 0x000000008000ff8a (0xfc442703) x14 0x0000000000000000 mem 0x0000000080031f34
core   0: 0x000000008000ff8e (0x0ff77713) andi    a4, a4, 255
core   0: 3 0x000000008000ff8e (0x0ff77713) x14 0x0000000000000000
core   0: 0x000000008000ff92 (0x00e78023) sb      a4, 0(a5)
core   0: 3 0x000000008000ff92 (0x00e78023) mem 0x0000000080012082 0x00
core   0: 0x000000008000ff96 (0xfc843703) ld      a4, -56(s0)
core   0: 3 0x000000008000ff96 (0xfc843703) x14 0x0000000080012040 mem 0x0000000080031f38
core   0: 0x000000008000ff9a (0xfb843783) ld      a5, -72(s0)
core   0: 3 0x000000008000ff9a (0xfb843783) x15 0x000000000000009c mem 0x0000000080031f28
core   0: 0x000000008000ff9e (0x000097ba) c.add   a5, a4
core   0: 3 0x000000008000ff9e (0x97ba) x15 0x00000000800120dc
core   0: 0x000000008000ffa0 (0xfe043703) ld      a4, -32(s0)
core   0: 3 0x000000008000ffa0 (0xfe043703) x14 0x0000000080012083 mem 0x0000000080031f50
core   0: 0x000000008000ffa4 (0xfcf76de3) bltu    a4, a5, pc - 38
core   0: 3 0x000000008000ffa4 (0xfcf76de3)
core   0: 0x000000008000ff7e (0xfe043783) ld      a5, -32(s0)
core   0: 3 0x000000008000ff7e (0xfe043783) x15 0x0000000080012083 mem 0x0000000080031f50
core   0: 0x000000008000ff82 (0x00178713) addi    a4, a5, 1
core   0: 3 0x000000008000ff82 (0x00178713) x14 0x0000000080012084
core   0: 0x000000008000ff86 (0xfee43023) sd      a4, -32(s0)
core   0: 3 0x000000008000ff86 (0xfee43023) mem 0x0000000080031f50 0x0000000080012084
core   0: 0x000000008000ff8a (0xfc442703) lw      a4, -60(s0)
core   0: 3 0x000000008000ff8a (0xfc442703) x14 0x0000000000000000 mem 0x0000000080031f34
core   0: 0x000000008000ff8e (0x0ff77713) andi    a4, a4, 255
core   0: 3 0x000000008000ff8e (0x0ff77713) x14 0x0000000000000000
core   0: 0x000000008000ff92 (0x00e78023) sb      a4, 0(a5)
core   0: 3 0x000000008000ff92 (0x00e78023) mem 0x0000000080012083 0x00
core   0: 0x000000008000ff96 (0xfc843703) ld      a4, -56(s0)
core   0: 3 0x000000008000ff96 (0xfc843703) x14 0x0000000080012040 mem 0x0000000080031f38
core   0: 0x000000008000ff9a (0xfb843783) ld      a5, -72(s0)
core   0: 3 0x000000008000ff9a (0xfb843783) x15 0x000000000000009c mem 0x0000000080031f28
core   0: 0x000000008000ff9e (0x000097ba) c.add   a5, a4
core   0: 3 0x000000008000ff9e (0x97ba) x15 0x00000000800120dc
core   0: 0x000000008000ffa0 (0xfe043703) ld      a4, -32(s0)
core   0: 3 0x000000008000ffa0 (0xfe043703) x14 0x0000000080012084 mem 0x0000000080031f50
core   0: 0x000000008000ffa4 (0xfcf76de3) bltu    a4, a5, pc - 38
core   0: 3 0x000000008000ffa4 (0xfcf76de3)
core   0: 0x000000008000ff7e (0xfe043783) ld      a5, -32(s0)
core   0: 3 0x000000008000ff7e (0xfe043783) x15 0x0000000080012084 mem 0x0000000080031f50
core   0: 0x000000008000ff82 (0x00178713) addi    a4, a5, 1
core   0: 3 0x000000008000ff82 (0x00178713) x14 0x0000000080012085
core   0: 0x000000008000ff86 (0xfee43023) sd      a4, -32(s0)
core   0: 3 0x000000008000ff86 (0xfee43023) mem 0x0000000080031f50 0x0000000080012085
core   0: 0x000000008000ff8a (0xfc442703) lw      a4, -60(s0)
core   0: 3 0x000000008000ff8a (0xfc442703) x14 0x0000000000000000 mem 0x0000000080031f34
core   0: 0x000000008000ff8e (0x0ff77713) andi    a4, a4, 255
core   0: 3 0x000000008000ff8e (0x0ff77713) x14 0x0000000000000000
core   0: 0x000000008000ff92 (0x00e78023) sb      a4, 0(a5)
core   0: 3 0x000000008000ff92 (0x00e78023) mem 0x0000000080012084 0x00
core   0: 0x000000008000ff96 (0xfc843703) ld      a4, -56(s0)
core   0: 3 0x000000008000ff96 (0xfc843703) x14 0x0000000080012040 mem 0x0000000080031f38
core   0: 0x000000008000ff9a (0xfb843783) ld      a5, -72(s0)
core   0: 3 0x000000008000ff9a (0xfb843783) x15 0x000000000000009c mem 0x0000000080031f28
core   0: 0x000000008000ff9e (0x000097ba) c.add   a5, a4
core   0: 3 0x000000008000ff9e (0x97ba) x15 0x00000000800120dc
core   0: 0x000000008000ffa0 (0xfe043703) ld      a4, -32(s0)
core   0: 3 0x000000008000ffa0 (0xfe043703) x14 0x0000000080012085 mem 0x0000000080031f50
core   0: 0x000000008000ffa4 (0xfcf76de3) bltu    a4, a5, pc - 38
core   0: 3 0x000000008000ffa4 (0xfcf76de3)
core   0: 0x000000008000ff7e (0xfe043783) ld      a5, -32(s0)
core   0: 3 0x000000008000ff7e (0xfe043783) x15 0x0000000080012085 mem 0x0000000080031f50
core   0: 0x000000008000ff82 (0x00178713) addi    a4, a5, 1
core   0: 3 0x000000008000ff82 (0x00178713) x14 0x0000000080012086
core   0: 0x000000008000ff86 (0xfee43023) sd      a4, -32(s0)
core   0: 3 0x000000008000ff86 (0xfee43023) mem 0x0000000080031f50 0x0000000080012086
core   0: 0x000000008000ff8a (0xfc442703) lw      a4, -60(s0)
core   0: 3 0x000000008000ff8a (0xfc442703) x14 0x0000000000000000 mem 0x0000000080031f34
core   0: 0x000000008000ff8e (0x0ff77713) andi    a4, a4, 255
core   0: 3 0x000000008000ff8e (0x0ff77713) x14 0x0000000000000000
core   0: 0x000000008000ff92 (0x00e78023) sb      a4, 0(a5)
core   0: 3 0x000000008000ff92 (0x00e78023) mem 0x0000000080012085 0x00
core   0: 0x000000008000ff96 (0xfc843703) ld      a4, -56(s0)
core   0: 3 0x000000008000ff96 (0xfc843703) x14 0x0000000080012040 mem 0x0000000080031f38
core   0: 0x000000008000ff9a (0xfb843783) ld      a5, -72(s0)
core   0: 3 0x000000008000ff9a (0xfb843783) x15 0x000000000000009c mem 0x0000000080031f28
core   0: 0x000000008000ff9e (0x000097ba) c.add   a5, a4
core   0: 3 0x000000008000ff9e (0x97ba) x15 0x00000000800120dc
core   0: 0x000000008000ffa0 (0xfe043703) ld      a4, -32(s0)
core   0: 3 0x000000008000ffa0 (0xfe043703) x14 0x0000000080012086 mem 0x0000000080031f50
core   0: 0x000000008000ffa4 (0xfcf76de3) bltu    a4, a5, pc - 38
core   0: 3 0x000000008000ffa4 (0xfcf76de3)
core   0: 0x000000008000ff7e (0xfe043783) ld      a5, -32(s0)
core   0: 3 0x000000008000ff7e (0xfe043783) x15 0x0000000080012086 mem 0x0000000080031f50
core   0: 0x000000008000ff82 (0x00178713) addi    a4, a5, 1
core   0: 3 0x000000008000ff82 (0x00178713) x14 0x0000000080012087
core   0: 0x000000008000ff86 (0xfee43023) sd      a4, -32(s0)
core   0: 3 0x000000008000ff86 (0xfee43023) mem 0x0000000080031f50 0x0000000080012087
core   0: 0x000000008000ff8a (0xfc442703) lw      a4, -60(s0)
core   0: 3 0x000000008000ff8a (0xfc442703) x14 0x0000000000000000 mem 0x0000000080031f34
core   0: 0x000000008000ff8e (0x0ff77713) andi    a4, a4, 255
core   0: 3 0x000000008000ff8e (0x0ff77713) x14 0x0000000000000000
core   0: 0x000000008000ff92 (0x00e78023) sb      a4, 0(a5)
core   0: 3 0x000000008000ff92 (0x00e78023) mem 0x0000000080012086 0x00
core   0: 0x000000008000ff96 (0xfc843703) ld      a4, -56(s0)
core   0: 3 0x000000008000ff96 (0xfc843703) x14 0x0000000080012040 mem 0x0000000080031f38
core   0: 0x000000008000ff9a (0xfb843783) ld      a5, -72(s0)
core   0: 3 0x000000008000ff9a (0xfb843783) x15 0x000000000000009c mem 0x0000000080031f28
core   0: 0x000000008000ff9e (0x000097ba) c.add   a5, a4
core   0: 3 0x000000008000ff9e (0x97ba) x15 0x00000000800120dc
core   0: 0x000000008000ffa0 (0xfe043703) ld      a4, -32(s0)
core   0: 3 0x000000008000ffa0 (0xfe043703) x14 0x0000000080012087 mem 0x0000000080031f50
core   0: 0x000000008000ffa4 (0xfcf76de3) bltu    a4, a5, pc - 38
core   0: 3 0x000000008000ffa4 (0xfcf76de3)
core   0: 0x000000008000ff7e (0xfe043783) ld      a5, -32(s0)
core   0: 3 0x000000008000ff7e (0xfe043783) x15 0x0000000080012087 mem 0x0000000080031f50
core   0: 0x000000008000ff82 (0x00178713) addi    a4, a5, 1
core   0: 3 0x000000008000ff82 (0x00178713) x14 0x0000000080012088
core   0: 0x000000008000ff86 (0xfee43023) sd      a4, -32(s0)
core   0: 3 0x000000008000ff86 (0xfee43023) mem 0x0000000080031f50 0x0000000080012088
core   0: 0x000000008000ff8a (0xfc442703) lw      a4, -60(s0)
core   0: 3 0x000000008000ff8a (0xfc442703) x14 0x0000000000000000 mem 0x0000000080031f34
core   0: 0x000000008000ff8e (0x0ff77713) andi    a4, a4, 255
core   0: 3 0x000000008000ff8e (0x0ff77713) x14 0x0000000000000000
core   0: 0x000000008000ff92 (0x00e78023) sb      a4, 0(a5)
core   0: 3 0x000000008000ff92 (0x00e78023) mem 0x0000000080012087 0x00
core   0: 0x000000008000ff96 (0xfc843703) ld      a4, -56(s0)
core   0: 3 0x000000008000ff96 (0xfc843703) x14 0x0000000080012040 mem 0x0000000080031f38
core   0: 0x000000008000ff9a (0xfb843783) ld      a5, -72(s0)
core   0: 3 0x000000008000ff9a (0xfb843783) x15 0x000000000000009c mem 0x0000000080031f28
core   0: 0x000000008000ff9e (0x000097ba) c.add   a5, a4
core   0: 3 0x000000008000ff9e (0x97ba) x15 0x00000000800120dc
core   0: 0x000000008000ffa0 (0xfe043703) ld      a4, -32(s0)
core   0: 3 0x000000008000ffa0 (0xfe043703) x14 0x0000000080012088 mem 0x0000000080031f50
core   0: 0x000000008000ffa4 (0xfcf76de3) bltu    a4, a5, pc - 38
core   0: 3 0x000000008000ffa4 (0xfcf76de3)
core   0: 0x000000008000ff7e (0xfe043783) ld      a5, -32(s0)
core   0: 3 0x000000008000ff7e (0xfe043783) x15 0x0000000080012088 mem 0x0000000080031f50
core   0: 0x000000008000ff82 (0x00178713) addi    a4, a5, 1
core   0: 3 0x000000008000ff82 (0x00178713) x14 0x0000000080012089
core   0: 0x000000008000ff86 (0xfee43023) sd      a4, -32(s0)
core   0: 3 0x000000008000ff86 (0xfee43023) mem 0x0000000080031f50 0x0000000080012089
core   0: 0x000000008000ff8a (0xfc442703) lw      a4, -60(s0)
core   0: 3 0x000000008000ff8a (0xfc442703) x14 0x0000000000000000 mem 0x0000000080031f34
core   0: 0x000000008000ff8e (0x0ff77713) andi    a4, a4, 255
core   0: 3 0x000000008000ff8e (0x0ff77713) x14 0x0000000000000000
core   0: 0x000000008000ff92 (0x00e78023) sb      a4, 0(a5)
core   0: 3 0x000000008000ff92 (0x00e78023) mem 0x0000000080012088 0x00
core   0: 0x000000008000ff96 (0xfc843703) ld      a4, -56(s0)
core   0: 3 0x000000008000ff96 (0xfc843703) x14 0x0000000080012040 mem 0x0000000080031f38
core   0: 0x000000008000ff9a (0xfb843783) ld      a5, -72(s0)
core   0: 3 0x000000008000ff9a (0xfb843783) x15 0x000000000000009c mem 0x0000000080031f28
core   0: 0x000000008000ff9e (0x000097ba) c.add   a5, a4
core   0: 3 0x000000008000ff9e (0x97ba) x15 0x00000000800120dc
core   0: 0x000000008000ffa0 (0xfe043703) ld      a4, -32(s0)
core   0: 3 0x000000008000ffa0 (0xfe043703) x14 0x0000000080012089 mem 0x0000000080031f50
core   0: 0x000000008000ffa4 (0xfcf76de3) bltu    a4, a5, pc - 38
core   0: 3 0x000000008000ffa4 (0xfcf76de3)
core   0: 0x000000008000ff7e (0xfe043783) ld      a5, -32(s0)
core   0: 3 0x000000008000ff7e (0xfe043783) x15 0x0000000080012089 mem 0x0000000080031f50
core   0: 0x000000008000ff82 (0x00178713) addi    a4, a5, 1
core   0: 3 0x000000008000ff82 (0x00178713) x14 0x000000008001208a
core   0: 0x000000008000ff86 (0xfee43023) sd      a4, -32(s0)
core   0: 3 0x000000008000ff86 (0xfee43023) mem 0x0000000080031f50 0x000000008001208a
core   0: 0x000000008000ff8a (0xfc442703) lw      a4, -60(s0)
core   0: 3 0x000000008000ff8a (0xfc442703) x14 0x0000000000000000 mem 0x0000000080031f34
core   0: 0x000000008000ff8e (0x0ff77713) andi    a4, a4, 255
core   0: 3 0x000000008000ff8e (0x0ff77713) x14 0x0000000000000000
core   0: 0x000000008000ff92 (0x00e78023) sb      a4, 0(a5)
core   0: 3 0x000000008000ff92 (0x00e78023) mem 0x0000000080012089 0x00
core   0: 0x000000008000ff96 (0xfc843703) ld      a4, -56(s0)
core   0: 3 0x000000008000ff96 (0xfc843703) x14 0x0000000080012040 mem 0x0000000080031f38
core   0: 0x000000008000ff9a (0xfb843783) ld      a5, -72(s0)
core   0: 3 0x000000008000ff9a (0xfb843783) x15 0x000000000000009c mem 0x0000000080031f28
core   0: 0x000000008000ff9e (0x000097ba) c.add   a5, a4
core   0: 3 0x000000008000ff9e (0x97ba) x15 0x00000000800120dc
core   0: 0x000000008000ffa0 (0xfe043703) ld      a4, -32(s0)
core   0: 3 0x000000008000ffa0 (0xfe043703) x14 0x000000008001208a mem 0x0000000080031f50
core   0: 0x000000008000ffa4 (0xfcf76de3) bltu    a4, a5, pc - 38
core   0: 3 0x000000008000ffa4 (0xfcf76de3)
core   0: 0x000000008000ff7e (0xfe043783) ld      a5, -32(s0)
core   0: 3 0x000000008000ff7e (0xfe043783) x15 0x000000008001208a mem 0x0000000080031f50
core   0: 0x000000008000ff82 (0x00178713) addi    a4, a5, 1
core   0: 3 0x000000008000ff82 (0x00178713) x14 0x000000008001208b
core   0: 0x000000008000ff86 (0xfee43023) sd      a4, -32(s0)
core   0: 3 0x000000008000ff86 (0xfee43023) mem 0x0000000080031f50 0x000000008001208b
core   0: 0x000000008000ff8a (0xfc442703) lw      a4, -60(s0)
core   0: 3 0x000000008000ff8a (0xfc442703) x14 0x0000000000000000 mem 0x0000000080031f34
core   0: 0x000000008000ff8e (0x0ff77713) andi    a4, a4, 255
core   0: 3 0x000000008000ff8e (0x0ff77713) x14 0x0000000000000000
core   0: 0x000000008000ff92 (0x00e78023) sb      a4, 0(a5)
core   0: 3 0x000000008000ff92 (0x00e78023) mem 0x000000008001208a 0x00
core   0: 0x000000008000ff96 (0xfc843703) ld      a4, -56(s0)
core   0: 3 0x000000008000ff96 (0xfc843703) x14 0x0000000080012040 mem 0x0000000080031f38
core   0: 0x000000008000ff9a (0xfb843783) ld      a5, -72(s0)
core   0: 3 0x000000008000ff9a (0xfb843783) x15 0x000000000000009c mem 0x0000000080031f28
core   0: 0x000000008000ff9e (0x000097ba) c.add   a5, a4
core   0: 3 0x000000008000ff9e (0x97ba) x15 0x00000000800120dc
core   0: 0x000000008000ffa0 (0xfe043703) ld      a4, -32(s0)
core   0: 3 0x000000008000ffa0 (0xfe043703) x14 0x000000008001208b mem 0x0000000080031f50
core   0: 0x000000008000ffa4 (0xfcf76de3) bltu    a4, a5, pc - 38
core   0: 3 0x000000008000ffa4 (0xfcf76de3)
core   0: 0x000000008000ff7e (0xfe043783) ld      a5, -32(s0)
core   0: 3 0x000000008000ff7e (0xfe043783) x15 0x000000008001208b mem 0x0000000080031f50
core   0: 0x000000008000ff82 (0x00178713) addi    a4, a5, 1
core   0: 3 0x000000008000ff82 (0x00178713) x14 0x000000008001208c
core   0: 0x000000008000ff86 (0xfee43023) sd      a4, -32(s0)
core   0: 3 0x000000008000ff86 (0xfee43023) mem 0x0000000080031f50 0x000000008001208c
core   0: 0x000000008000ff8a (0xfc442703) lw      a4, -60(s0)
core   0: 3 0x000000008000ff8a (0xfc442703) x14 0x0000000000000000 mem 0x0000000080031f34
core   0: 0x000000008000ff8e (0x0ff77713) andi    a4, a4, 255
core   0: 3 0x000000008000ff8e (0x0ff77713) x14 0x0000000000000000
core   0: 0x000000008000ff92 (0x00e78023) sb      a4, 0(a5)
core   0: 3 0x000000008000ff92 (0x00e78023) mem 0x000000008001208b 0x00
core   0: 0x000000008000ff96 (0xfc843703) ld      a4, -56(s0)
core   0: 3 0x000000008000ff96 (0xfc843703) x14 0x0000000080012040 mem 0x0000000080031f38
core   0: 0x000000008000ff9a (0xfb843783) ld      a5, -72(s0)
core   0: 3 0x000000008000ff9a (0xfb843783) x15 0x000000000000009c mem 0x0000000080031f28
core   0: 0x000000008000ff9e (0x000097ba) c.add   a5, a4
core   0: 3 0x000000008000ff9e (0x97ba) x15 0x00000000800120dc
core   0: 0x000000008000ffa0 (0xfe043703) ld      a4, -32(s0)
core   0: 3 0x000000008000ffa0 (0xfe043703) x14 0x000000008001208c mem 0x0000000080031f50
core   0: 0x000000008000ffa4 (0xfcf76de3) bltu    a4, a5, pc - 38
core   0: 3 0x000000008000ffa4 (0xfcf76de3)
core   0: 0x000000008000ff7e (0xfe043783) ld      a5, -32(s0)
core   0: 3 0x000000008000ff7e (0xfe043783) x15 0x000000008001208c mem 0x0000000080031f50
core   0: 0x000000008000ff82 (0x00178713) addi    a4, a5, 1
core   0: 3 0x000000008000ff82 (0x00178713) x14 0x000000008001208d
core   0: 0x000000008000ff86 (0xfee43023) sd      a4, -32(s0)
core   0: 3 0x000000008000ff86 (0xfee43023) mem 0x0000000080031f50 0x000000008001208d
core   0: 0x000000008000ff8a (0xfc442703) lw      a4, -60(s0)
core   0: 3 0x000000008000ff8a (0xfc442703) x14 0x0000000000000000 mem 0x0000000080031f34
core   0: 0x000000008000ff8e (0x0ff77713) andi    a4, a4, 255
core   0: 3 0x000000008000ff8e (0x0ff77713) x14 0x0000000000000000
core   0: 0x000000008000ff92 (0x00e78023) sb      a4, 0(a5)
core   0: 3 0x000000008000ff92 (0x00e78023) mem 0x000000008001208c 0x00
core   0: 0x000000008000ff96 (0xfc843703) ld      a4, -56(s0)
core   0: 3 0x000000008000ff96 (0xfc843703) x14 0x0000000080012040 mem 0x0000000080031f38
core   0: 0x000000008000ff9a (0xfb843783) ld      a5, -72(s0)
core   0: 3 0x000000008000ff9a (0xfb843783) x15 0x000000000000009c mem 0x0000000080031f28
core   0: 0x000000008000ff9e (0x000097ba) c.add   a5, a4
core   0: 3 0x000000008000ff9e (0x97ba) x15 0x00000000800120dc
core   0: 0x000000008000ffa0 (0xfe043703) ld      a4, -32(s0)
core   0: 3 0x000000008000ffa0 (0xfe043703) x14 0x000000008001208d mem 0x0000000080031f50
core   0: 0x000000008000ffa4 (0xfcf76de3) bltu    a4, a5, pc - 38
core   0: 3 0x000000008000ffa4 (0xfcf76de3)
core   0: 0x000000008000ff7e (0xfe043783) ld      a5, -32(s0)
core   0: 3 0x000000008000ff7e (0xfe043783) x15 0x000000008001208d mem 0x0000000080031f50
core   0: 0x000000008000ff82 (0x00178713) addi    a4, a5, 1
core   0: 3 0x000000008000ff82 (0x00178713) x14 0x000000008001208e
core   0: 0x000000008000ff86 (0xfee43023) sd      a4, -32(s0)
core   0: 3 0x000000008000ff86 (0xfee43023) mem 0x0000000080031f50 0x000000008001208e
core   0: 0x000000008000ff8a (0xfc442703) lw      a4, -60(s0)
core   0: 3 0x000000008000ff8a (0xfc442703) x14 0x0000000000000000 mem 0x0000000080031f34
core   0: 0x000000008000ff8e (0x0ff77713) andi    a4, a4, 255
core   0: 3 0x000000008000ff8e (0x0ff77713) x14 0x0000000000000000
core   0: 0x000000008000ff92 (0x00e78023) sb      a4, 0(a5)
core   0: 3 0x000000008000ff92 (0x00e78023) mem 0x000000008001208d 0x00
core   0: 0x000000008000ff96 (0xfc843703) ld      a4, -56(s0)
core   0: 3 0x000000008000ff96 (0xfc843703) x14 0x0000000080012040 mem 0x0000000080031f38
core   0: 0x000000008000ff9a (0xfb843783) ld      a5, -72(s0)
core   0: 3 0x000000008000ff9a (0xfb843783) x15 0x000000000000009c mem 0x0000000080031f28
core   0: 0x000000008000ff9e (0x000097ba) c.add   a5, a4
core   0: 3 0x000000008000ff9e (0x97ba) x15 0x00000000800120dc
core   0: 0x000000008000ffa0 (0xfe043703) ld      a4, -32(s0)
core   0: 3 0x000000008000ffa0 (0xfe043703) x14 0x000000008001208e mem 0x0000000080031f50
core   0: 0x000000008000ffa4 (0xfcf76de3) bltu    a4, a5, pc - 38
core   0: 3 0x000000008000ffa4 (0xfcf76de3)
core   0: 0x000000008000ff7e (0xfe043783) ld      a5, -32(s0)
core   0: 3 0x000000008000ff7e (0xfe043783) x15 0x000000008001208e mem 0x0000000080031f50
core   0: 0x000000008000ff82 (0x00178713) addi    a4, a5, 1
core   0: 3 0x000000008000ff82 (0x00178713) x14 0x000000008001208f
core   0: 0x000000008000ff86 (0xfee43023) sd      a4, -32(s0)
core   0: 3 0x000000008000ff86 (0xfee43023) mem 0x0000000080031f50 0x000000008001208f
core   0: 0x000000008000ff8a (0xfc442703) lw      a4, -60(s0)
core   0: 3 0x000000008000ff8a (0xfc442703) x14 0x0000000000000000 mem 0x0000000080031f34
core   0: 0x000000008000ff8e (0x0ff77713) andi    a4, a4, 255
core   0: 3 0x000000008000ff8e (0x0ff77713) x14 0x0000000000000000
core   0: 0x000000008000ff92 (0x00e78023) sb      a4, 0(a5)
core   0: 3 0x000000008000ff92 (0x00e78023) mem 0x000000008001208e 0x00
core   0: 0x000000008000ff96 (0xfc843703) ld      a4, -56(s0)
core   0: 3 0x000000008000ff96 (0xfc843703) x14 0x0000000080012040 mem 0x0000000080031f38
core   0: 0x000000008000ff9a (0xfb843783) ld      a5, -72(s0)
core   0: 3 0x000000008000ff9a (0xfb843783) x15 0x000000000000009c mem 0x0000000080031f28
core   0: 0x000000008000ff9e (0x000097ba) c.add   a5, a4
core   0: 3 0x000000008000ff9e (0x97ba) x15 0x00000000800120dc
core   0: 0x000000008000ffa0 (0xfe043703) ld      a4, -32(s0)
core   0: 3 0x000000008000ffa0 (0xfe043703) x14 0x000000008001208f mem 0x0000000080031f50
core   0: 0x000000008000ffa4 (0xfcf76de3) bltu    a4, a5, pc - 38
core   0: 3 0x000000008000ffa4 (0xfcf76de3)
core   0: 0x000000008000ff7e (0xfe043783) ld      a5, -32(s0)
core   0: 3 0x000000008000ff7e (0xfe043783) x15 0x000000008001208f mem 0x0000000080031f50
core   0: 0x000000008000ff82 (0x00178713) addi    a4, a5, 1
core   0: 3 0x000000008000ff82 (0x00178713) x14 0x0000000080012090
core   0: 0x000000008000ff86 (0xfee43023) sd      a4, -32(s0)
core   0: 3 0x000000008000ff86 (0xfee43023) mem 0x0000000080031f50 0x0000000080012090
core   0: 0x000000008000ff8a (0xfc442703) lw      a4, -60(s0)
core   0: 3 0x000000008000ff8a (0xfc442703) x14 0x0000000000000000 mem 0x0000000080031f34
core   0: 0x000000008000ff8e (0x0ff77713) andi    a4, a4, 255
core   0: 3 0x000000008000ff8e (0x0ff77713) x14 0x0000000000000000
core   0: 0x000000008000ff92 (0x00e78023) sb      a4, 0(a5)
core   0: 3 0x000000008000ff92 (0x00e78023) mem 0x000000008001208f 0x00
core   0: 0x000000008000ff96 (0xfc843703) ld      a4, -56(s0)
core   0: 3 0x000000008000ff96 (0xfc843703) x14 0x0000000080012040 mem 0x0000000080031f38
core   0: 0x000000008000ff9a (0xfb843783) ld      a5, -72(s0)
core   0: 3 0x000000008000ff9a (0xfb843783) x15 0x000000000000009c mem 0x0000000080031f28
core   0: 0x000000008000ff9e (0x000097ba) c.add   a5, a4
core   0: 3 0x000000008000ff9e (0x97ba) x15 0x00000000800120dc
core   0: 0x000000008000ffa0 (0xfe043703) ld      a4, -32(s0)
core   0: 3 0x000000008000ffa0 (0xfe043703) x14 0x0000000080012090 mem 0x0000000080031f50
core   0: 0x000000008000ffa4 (0xfcf76de3) bltu    a4, a5, pc - 38
core   0: 3 0x000000008000ffa4 (0xfcf76de3)
core   0: 0x000000008000ff7e (0xfe043783) ld      a5, -32(s0)
core   0: 3 0x000000008000ff7e (0xfe043783) x15 0x0000000080012090 mem 0x0000000080031f50
core   0: 0x000000008000ff82 (0x00178713) addi    a4, a5, 1
core   0: 3 0x000000008000ff82 (0x00178713) x14 0x0000000080012091
core   0: 0x000000008000ff86 (0xfee43023) sd      a4, -32(s0)
core   0: 3 0x000000008000ff86 (0xfee43023) mem 0x0000000080031f50 0x0000000080012091
core   0: 0x000000008000ff8a (0xfc442703) lw      a4, -60(s0)
core   0: 3 0x000000008000ff8a (0xfc442703) x14 0x0000000000000000 mem 0x0000000080031f34
core   0: 0x000000008000ff8e (0x0ff77713) andi    a4, a4, 255
core   0: 3 0x000000008000ff8e (0x0ff77713) x14 0x0000000000000000
core   0: 0x000000008000ff92 (0x00e78023) sb      a4, 0(a5)
core   0: 3 0x000000008000ff92 (0x00e78023) mem 0x0000000080012090 0x00
core   0: 0x000000008000ff96 (0xfc843703) ld      a4, -56(s0)
core   0: 3 0x000000008000ff96 (0xfc843703) x14 0x0000000080012040 mem 0x0000000080031f38
core   0: 0x000000008000ff9a (0xfb843783) ld      a5, -72(s0)
core   0: 3 0x000000008000ff9a (0xfb843783) x15 0x000000000000009c mem 0x0000000080031f28
core   0: 0x000000008000ff9e (0x000097ba) c.add   a5, a4
core   0: 3 0x000000008000ff9e (0x97ba) x15 0x00000000800120dc
core   0: 0x000000008000ffa0 (0xfe043703) ld      a4, -32(s0)
core   0: 3 0x000000008000ffa0 (0xfe043703) x14 0x0000000080012091 mem 0x0000000080031f50
core   0: 0x000000008000ffa4 (0xfcf76de3) bltu    a4, a5, pc - 38
core   0: 3 0x000000008000ffa4 (0xfcf76de3)
core   0: 0x000000008000ff7e (0xfe043783) ld      a5, -32(s0)
core   0: 3 0x000000008000ff7e (0xfe043783) x15 0x0000000080012091 mem 0x0000000080031f50
core   0: 0x000000008000ff82 (0x00178713) addi    a4, a5, 1
core   0: 3 0x000000008000ff82 (0x00178713) x14 0x0000000080012092
core   0: 0x000000008000ff86 (0xfee43023) sd      a4, -32(s0)
core   0: 3 0x000000008000ff86 (0xfee43023) mem 0x0000000080031f50 0x0000000080012092
core   0: 0x000000008000ff8a (0xfc442703) lw      a4, -60(s0)
core   0: 3 0x000000008000ff8a (0xfc442703) x14 0x0000000000000000 mem 0x0000000080031f34
core   0: 0x000000008000ff8e (0x0ff77713) andi    a4, a4, 255
core   0: 3 0x000000008000ff8e (0x0ff77713) x14 0x0000000000000000
core   0: 0x000000008000ff92 (0x00e78023) sb      a4, 0(a5)
core   0: 3 0x000000008000ff92 (0x00e78023) mem 0x0000000080012091 0x00
core   0: 0x000000008000ff96 (0xfc843703) ld      a4, -56(s0)
core   0: 3 0x000000008000ff96 (0xfc843703) x14 0x0000000080012040 mem 0x0000000080031f38
core   0: 0x000000008000ff9a (0xfb843783) ld      a5, -72(s0)
core   0: 3 0x000000008000ff9a (0xfb843783) x15 0x000000000000009c mem 0x0000000080031f28
core   0: 0x000000008000ff9e (0x000097ba) c.add   a5, a4
core   0: 3 0x000000008000ff9e (0x97ba) x15 0x00000000800120dc
core   0: 0x000000008000ffa0 (0xfe043703) ld      a4, -32(s0)
core   0: 3 0x000000008000ffa0 (0xfe043703) x14 0x0000000080012092 mem 0x0000000080031f50
core   0: 0x000000008000ffa4 (0xfcf76de3) bltu    a4, a5, pc - 38
core   0: 3 0x000000008000ffa4 (0xfcf76de3)
core   0: 0x000000008000ff7e (0xfe043783) ld      a5, -32(s0)
core   0: 3 0x000000008000ff7e (0xfe043783) x15 0x0000000080012092 mem 0x0000000080031f50
core   0: 0x000000008000ff82 (0x00178713) addi    a4, a5, 1
core   0: 3 0x000000008000ff82 (0x00178713) x14 0x0000000080012093
core   0: 0x000000008000ff86 (0xfee43023) sd      a4, -32(s0)
core   0: 3 0x000000008000ff86 (0xfee43023) mem 0x0000000080031f50 0x0000000080012093
core   0: 0x000000008000ff8a (0xfc442703) lw      a4, -60(s0)
core   0: 3 0x000000008000ff8a (0xfc442703) x14 0x0000000000000000 mem 0x0000000080031f34
core   0: 0x000000008000ff8e (0x0ff77713) andi    a4, a4, 255
core   0: 3 0x000000008000ff8e (0x0ff77713) x14 0x0000000000000000
core   0: 0x000000008000ff92 (0x00e78023) sb      a4, 0(a5)
core   0: 3 0x000000008000ff92 (0x00e78023) mem 0x0000000080012092 0x00
core   0: 0x000000008000ff96 (0xfc843703) ld      a4, -56(s0)
core   0: 3 0x000000008000ff96 (0xfc843703) x14 0x0000000080012040 mem 0x0000000080031f38
core   0: 0x000000008000ff9a (0xfb843783) ld      a5, -72(s0)
core   0: 3 0x000000008000ff9a (0xfb843783) x15 0x000000000000009c mem 0x0000000080031f28
core   0: 0x000000008000ff9e (0x000097ba) c.add   a5, a4
core   0: 3 0x000000008000ff9e (0x97ba) x15 0x00000000800120dc
core   0: 0x000000008000ffa0 (0xfe043703) ld      a4, -32(s0)
core   0: 3 0x000000008000ffa0 (0xfe043703) x14 0x0000000080012093 mem 0x0000000080031f50
core   0: 0x000000008000ffa4 (0xfcf76de3) bltu    a4, a5, pc - 38
core   0: 3 0x000000008000ffa4 (0xfcf76de3)
core   0: 0x000000008000ff7e (0xfe043783) ld      a5, -32(s0)
core   0: 3 0x000000008000ff7e (0xfe043783) x15 0x0000000080012093 mem 0x0000000080031f50
core   0: 0x000000008000ff82 (0x00178713) addi    a4, a5, 1
core   0: 3 0x000000008000ff82 (0x00178713) x14 0x0000000080012094
core   0: 0x000000008000ff86 (0xfee43023) sd      a4, -32(s0)
core   0: 3 0x000000008000ff86 (0xfee43023) mem 0x0000000080031f50 0x0000000080012094
core   0: 0x000000008000ff8a (0xfc442703) lw      a4, -60(s0)
core   0: 3 0x000000008000ff8a (0xfc442703) x14 0x0000000000000000 mem 0x0000000080031f34
core   0: 0x000000008000ff8e (0x0ff77713) andi    a4, a4, 255
core   0: 3 0x000000008000ff8e (0x0ff77713) x14 0x0000000000000000
core   0: 0x000000008000ff92 (0x00e78023) sb      a4, 0(a5)
core   0: 3 0x000000008000ff92 (0x00e78023) mem 0x0000000080012093 0x00
core   0: 0x000000008000ff96 (0xfc843703) ld      a4, -56(s0)
core   0: 3 0x000000008000ff96 (0xfc843703) x14 0x0000000080012040 mem 0x0000000080031f38
core   0: 0x000000008000ff9a (0xfb843783) ld      a5, -72(s0)
core   0: 3 0x000000008000ff9a (0xfb843783) x15 0x000000000000009c mem 0x0000000080031f28
core   0: 0x000000008000ff9e (0x000097ba) c.add   a5, a4
core   0: 3 0x000000008000ff9e (0x97ba) x15 0x00000000800120dc
core   0: 0x000000008000ffa0 (0xfe043703) ld      a4, -32(s0)
core   0: 3 0x000000008000ffa0 (0xfe043703) x14 0x0000000080012094 mem 0x0000000080031f50
core   0: 0x000000008000ffa4 (0xfcf76de3) bltu    a4, a5, pc - 38
core   0: 3 0x000000008000ffa4 (0xfcf76de3)
core   0: 0x000000008000ff7e (0xfe043783) ld      a5, -32(s0)
core   0: 3 0x000000008000ff7e (0xfe043783) x15 0x0000000080012094 mem 0x0000000080031f50
core   0: 0x000000008000ff82 (0x00178713) addi    a4, a5, 1
core   0: 3 0x000000008000ff82 (0x00178713) x14 0x0000000080012095
core   0: 0x000000008000ff86 (0xfee43023) sd      a4, -32(s0)
core   0: 3 0x000000008000ff86 (0xfee43023) mem 0x0000000080031f50 0x0000000080012095
core   0: 0x000000008000ff8a (0xfc442703) lw      a4, -60(s0)
core   0: 3 0x000000008000ff8a (0xfc442703) x14 0x0000000000000000 mem 0x0000000080031f34
core   0: 0x000000008000ff8e (0x0ff77713) andi    a4, a4, 255
core   0: 3 0x000000008000ff8e (0x0ff77713) x14 0x0000000000000000
core   0: 0x000000008000ff92 (0x00e78023) sb      a4, 0(a5)
core   0: 3 0x000000008000ff92 (0x00e78023) mem 0x0000000080012094 0x00
core   0: 0x000000008000ff96 (0xfc843703) ld      a4, -56(s0)
core   0: 3 0x000000008000ff96 (0xfc843703) x14 0x0000000080012040 mem 0x0000000080031f38
core   0: 0x000000008000ff9a (0xfb843783) ld      a5, -72(s0)
core   0: 3 0x000000008000ff9a (0xfb843783) x15 0x000000000000009c mem 0x0000000080031f28
core   0: 0x000000008000ff9e (0x000097ba) c.add   a5, a4
core   0: 3 0x000000008000ff9e (0x97ba) x15 0x00000000800120dc
core   0: 0x000000008000ffa0 (0xfe043703) ld      a4, -32(s0)
core   0: 3 0x000000008000ffa0 (0xfe043703) x14 0x0000000080012095 mem 0x0000000080031f50
core   0: 0x000000008000ffa4 (0xfcf76de3) bltu    a4, a5, pc - 38
core   0: 3 0x000000008000ffa4 (0xfcf76de3)
core   0: 0x000000008000ff7e (0xfe043783) ld      a5, -32(s0)
core   0: 3 0x000000008000ff7e (0xfe043783) x15 0x0000000080012095 mem 0x0000000080031f50
core   0: 0x000000008000ff82 (0x00178713) addi    a4, a5, 1
core   0: 3 0x000000008000ff82 (0x00178713) x14 0x0000000080012096
core   0: 0x000000008000ff86 (0xfee43023) sd      a4, -32(s0)
core   0: 3 0x000000008000ff86 (0xfee43023) mem 0x0000000080031f50 0x0000000080012096
core   0: 0x000000008000ff8a (0xfc442703) lw      a4, -60(s0)
core   0: 3 0x000000008000ff8a (0xfc442703) x14 0x0000000000000000 mem 0x0000000080031f34
core   0: 0x000000008000ff8e (0x0ff77713) andi    a4, a4, 255
core   0: 3 0x000000008000ff8e (0x0ff77713) x14 0x0000000000000000
core   0: 0x000000008000ff92 (0x00e78023) sb      a4, 0(a5)
core   0: 3 0x000000008000ff92 (0x00e78023) mem 0x0000000080012095 0x00
core   0: 0x000000008000ff96 (0xfc843703) ld      a4, -56(s0)
core   0: 3 0x000000008000ff96 (0xfc843703) x14 0x0000000080012040 mem 0x0000000080031f38
core   0: 0x000000008000ff9a (0xfb843783) ld      a5, -72(s0)
core   0: 3 0x000000008000ff9a (0xfb843783) x15 0x000000000000009c mem 0x0000000080031f28
core   0: 0x000000008000ff9e (0x000097ba) c.add   a5, a4
core   0: 3 0x000000008000ff9e (0x97ba) x15 0x00000000800120dc
core   0: 0x000000008000ffa0 (0xfe043703) ld      a4, -32(s0)
core   0: 3 0x000000008000ffa0 (0xfe043703) x14 0x0000000080012096 mem 0x0000000080031f50
core   0: 0x000000008000ffa4 (0xfcf76de3) bltu    a4, a5, pc - 38
core   0: 3 0x000000008000ffa4 (0xfcf76de3)
core   0: 0x000000008000ff7e (0xfe043783) ld      a5, -32(s0)
core   0: 3 0x000000008000ff7e (0xfe043783) x15 0x0000000080012096 mem 0x0000000080031f50
core   0: 0x000000008000ff82 (0x00178713) addi    a4, a5, 1
core   0: 3 0x000000008000ff82 (0x00178713) x14 0x0000000080012097
core   0: 0x000000008000ff86 (0xfee43023) sd      a4, -32(s0)
core   0: 3 0x000000008000ff86 (0xfee43023) mem 0x0000000080031f50 0x0000000080012097
core   0: 0x000000008000ff8a (0xfc442703) lw      a4, -60(s0)
core   0: 3 0x000000008000ff8a (0xfc442703) x14 0x0000000000000000 mem 0x0000000080031f34
core   0: 0x000000008000ff8e (0x0ff77713) andi    a4, a4, 255
core   0: 3 0x000000008000ff8e (0x0ff77713) x14 0x0000000000000000
core   0: 0x000000008000ff92 (0x00e78023) sb      a4, 0(a5)
core   0: 3 0x000000008000ff92 (0x00e78023) mem 0x0000000080012096 0x00
core   0: 0x000000008000ff96 (0xfc843703) ld      a4, -56(s0)
core   0: 3 0x000000008000ff96 (0xfc843703) x14 0x0000000080012040 mem 0x0000000080031f38
core   0: 0x000000008000ff9a (0xfb843783) ld      a5, -72(s0)
core   0: 3 0x000000008000ff9a (0xfb843783) x15 0x000000000000009c mem 0x0000000080031f28
core   0: 0x000000008000ff9e (0x000097ba) c.add   a5, a4
core   0: 3 0x000000008000ff9e (0x97ba) x15 0x00000000800120dc
core   0: 0x000000008000ffa0 (0xfe043703) ld      a4, -32(s0)
core   0: 3 0x000000008000ffa0 (0xfe043703) x14 0x0000000080012097 mem 0x0000000080031f50
core   0: 0x000000008000ffa4 (0xfcf76de3) bltu    a4, a5, pc - 38
core   0: 3 0x000000008000ffa4 (0xfcf76de3)
core   0: 0x000000008000ff7e (0xfe043783) ld      a5, -32(s0)
core   0: 3 0x000000008000ff7e (0xfe043783) x15 0x0000000080012097 mem 0x0000000080031f50
core   0: 0x000000008000ff82 (0x00178713) addi    a4, a5, 1
core   0: 3 0x000000008000ff82 (0x00178713) x14 0x0000000080012098
core   0: 0x000000008000ff86 (0xfee43023) sd      a4, -32(s0)
core   0: 3 0x000000008000ff86 (0xfee43023) mem 0x0000000080031f50 0x0000000080012098
core   0: 0x000000008000ff8a (0xfc442703) lw      a4, -60(s0)
core   0: 3 0x000000008000ff8a (0xfc442703) x14 0x0000000000000000 mem 0x0000000080031f34
core   0: 0x000000008000ff8e (0x0ff77713) andi    a4, a4, 255
core   0: 3 0x000000008000ff8e (0x0ff77713) x14 0x0000000000000000
core   0: 0x000000008000ff92 (0x00e78023) sb      a4, 0(a5)
core   0: 3 0x000000008000ff92 (0x00e78023) mem 0x0000000080012097 0x00
core   0: 0x000000008000ff96 (0xfc843703) ld      a4, -56(s0)
core   0: 3 0x000000008000ff96 (0xfc843703) x14 0x0000000080012040 mem 0x0000000080031f38
core   0: 0x000000008000ff9a (0xfb843783) ld      a5, -72(s0)
core   0: 3 0x000000008000ff9a (0xfb843783) x15 0x000000000000009c mem 0x0000000080031f28
core   0: 0x000000008000ff9e (0x000097ba) c.add   a5, a4
core   0: 3 0x000000008000ff9e (0x97ba) x15 0x00000000800120dc
core   0: 0x000000008000ffa0 (0xfe043703) ld      a4, -32(s0)
core   0: 3 0x000000008000ffa0 (0xfe043703) x14 0x0000000080012098 mem 0x0000000080031f50
core   0: 0x000000008000ffa4 (0xfcf76de3) bltu    a4, a5, pc - 38
core   0: 3 0x000000008000ffa4 (0xfcf76de3)
core   0: 0x000000008000ff7e (0xfe043783) ld      a5, -32(s0)
core   0: 3 0x000000008000ff7e (0xfe043783) x15 0x0000000080012098 mem 0x0000000080031f50
core   0: 0x000000008000ff82 (0x00178713) addi    a4, a5, 1
core   0: 3 0x000000008000ff82 (0x00178713) x14 0x0000000080012099
core   0: 0x000000008000ff86 (0xfee43023) sd      a4, -32(s0)
core   0: 3 0x000000008000ff86 (0xfee43023) mem 0x0000000080031f50 0x0000000080012099
core   0: 0x000000008000ff8a (0xfc442703) lw      a4, -60(s0)
core   0: 3 0x000000008000ff8a (0xfc442703) x14 0x0000000000000000 mem 0x0000000080031f34
core   0: 0x000000008000ff8e (0x0ff77713) andi    a4, a4, 255
core   0: 3 0x000000008000ff8e (0x0ff77713) x14 0x0000000000000000
core   0: 0x000000008000ff92 (0x00e78023) sb      a4, 0(a5)
core   0: 3 0x000000008000ff92 (0x00e78023) mem 0x0000000080012098 0x00
core   0: 0x000000008000ff96 (0xfc843703) ld      a4, -56(s0)
core   0: 3 0x000000008000ff96 (0xfc843703) x14 0x0000000080012040 mem 0x0000000080031f38
core   0: 0x000000008000ff9a (0xfb843783) ld      a5, -72(s0)
core   0: 3 0x000000008000ff9a (0xfb843783) x15 0x000000000000009c mem 0x0000000080031f28
core   0: 0x000000008000ff9e (0x000097ba) c.add   a5, a4
core   0: 3 0x000000008000ff9e (0x97ba) x15 0x00000000800120dc
core   0: 0x000000008000ffa0 (0xfe043703) ld      a4, -32(s0)
core   0: 3 0x000000008000ffa0 (0xfe043703) x14 0x0000000080012099 mem 0x0000000080031f50
core   0: 0x000000008000ffa4 (0xfcf76de3) bltu    a4, a5, pc - 38
core   0: 3 0x000000008000ffa4 (0xfcf76de3)
core   0: 0x000000008000ff7e (0xfe043783) ld      a5, -32(s0)
core   0: 3 0x000000008000ff7e (0xfe043783) x15 0x0000000080012099 mem 0x0000000080031f50
core   0: 0x000000008000ff82 (0x00178713) addi    a4, a5, 1
core   0: 3 0x000000008000ff82 (0x00178713) x14 0x000000008001209a
core   0: 0x000000008000ff86 (0xfee43023) sd      a4, -32(s0)
core   0: 3 0x000000008000ff86 (0xfee43023) mem 0x0000000080031f50 0x000000008001209a
core   0: 0x000000008000ff8a (0xfc442703) lw      a4, -60(s0)
core   0: 3 0x000000008000ff8a (0xfc442703) x14 0x0000000000000000 mem 0x0000000080031f34
core   0: 0x000000008000ff8e (0x0ff77713) andi    a4, a4, 255
core   0: 3 0x000000008000ff8e (0x0ff77713) x14 0x0000000000000000
core   0: 0x000000008000ff92 (0x00e78023) sb      a4, 0(a5)
core   0: 3 0x000000008000ff92 (0x00e78023) mem 0x0000000080012099 0x00
core   0: 0x000000008000ff96 (0xfc843703) ld      a4, -56(s0)
core   0: 3 0x000000008000ff96 (0xfc843703) x14 0x0000000080012040 mem 0x0000000080031f38
core   0: 0x000000008000ff9a (0xfb843783) ld      a5, -72(s0)
core   0: 3 0x000000008000ff9a (0xfb843783) x15 0x000000000000009c mem 0x0000000080031f28
core   0: 0x000000008000ff9e (0x000097ba) c.add   a5, a4
core   0: 3 0x000000008000ff9e (0x97ba) x15 0x00000000800120dc
core   0: 0x000000008000ffa0 (0xfe043703) ld      a4, -32(s0)
core   0: 3 0x000000008000ffa0 (0xfe043703) x14 0x000000008001209a mem 0x0000000080031f50
core   0: 0x000000008000ffa4 (0xfcf76de3) bltu    a4, a5, pc - 38
core   0: 3 0x000000008000ffa4 (0xfcf76de3)
core   0: 0x000000008000ff7e (0xfe043783) ld      a5, -32(s0)
core   0: 3 0x000000008000ff7e (0xfe043783) x15 0x000000008001209a mem 0x0000000080031f50
core   0: 0x000000008000ff82 (0x00178713) addi    a4, a5, 1
core   0: 3 0x000000008000ff82 (0x00178713) x14 0x000000008001209b
core   0: 0x000000008000ff86 (0xfee43023) sd      a4, -32(s0)
core   0: 3 0x000000008000ff86 (0xfee43023) mem 0x0000000080031f50 0x000000008001209b
core   0: 0x000000008000ff8a (0xfc442703) lw      a4, -60(s0)
core   0: 3 0x000000008000ff8a (0xfc442703) x14 0x0000000000000000 mem 0x0000000080031f34
core   0: 0x000000008000ff8e (0x0ff77713) andi    a4, a4, 255
core   0: 3 0x000000008000ff8e (0x0ff77713) x14 0x0000000000000000
core   0: 0x000000008000ff92 (0x00e78023) sb      a4, 0(a5)
core   0: 3 0x000000008000ff92 (0x00e78023) mem 0x000000008001209a 0x00
core   0: 0x000000008000ff96 (0xfc843703) ld      a4, -56(s0)
core   0: 3 0x000000008000ff96 (0xfc843703) x14 0x0000000080012040 mem 0x0000000080031f38
core   0: 0x000000008000ff9a (0xfb843783) ld      a5, -72(s0)
core   0: 3 0x000000008000ff9a (0xfb843783) x15 0x000000000000009c mem 0x0000000080031f28
core   0: 0x000000008000ff9e (0x000097ba) c.add   a5, a4
core   0: 3 0x000000008000ff9e (0x97ba) x15 0x00000000800120dc
core   0: 0x000000008000ffa0 (0xfe043703) ld      a4, -32(s0)
core   0: 3 0x000000008000ffa0 (0xfe043703) x14 0x000000008001209b mem 0x0000000080031f50
core   0: 0x000000008000ffa4 (0xfcf76de3) bltu    a4, a5, pc - 38
core   0: 3 0x000000008000ffa4 (0xfcf76de3)
core   0: 0x000000008000ff7e (0xfe043783) ld      a5, -32(s0)
core   0: 3 0x000000008000ff7e (0xfe043783) x15 0x000000008001209b mem 0x0000000080031f50
core   0: 0x000000008000ff82 (0x00178713) addi    a4, a5, 1
core   0: 3 0x000000008000ff82 (0x00178713) x14 0x000000008001209c
core   0: 0x000000008000ff86 (0xfee43023) sd      a4, -32(s0)
core   0: 3 0x000000008000ff86 (0xfee43023) mem 0x0000000080031f50 0x000000008001209c
core   0: 0x000000008000ff8a (0xfc442703) lw      a4, -60(s0)
core   0: 3 0x000000008000ff8a (0xfc442703) x14 0x0000000000000000 mem 0x0000000080031f34
core   0: 0x000000008000ff8e (0x0ff77713) andi    a4, a4, 255
core   0: 3 0x000000008000ff8e (0x0ff77713) x14 0x0000000000000000
core   0: 0x000000008000ff92 (0x00e78023) sb      a4, 0(a5)
core   0: 3 0x000000008000ff92 (0x00e78023) mem 0x000000008001209b 0x00
core   0: 0x000000008000ff96 (0xfc843703) ld      a4, -56(s0)
core   0: 3 0x000000008000ff96 (0xfc843703) x14 0x0000000080012040 mem 0x0000000080031f38
core   0: 0x000000008000ff9a (0xfb843783) ld      a5, -72(s0)
core   0: 3 0x000000008000ff9a (0xfb843783) x15 0x000000000000009c mem 0x0000000080031f28
core   0: 0x000000008000ff9e (0x000097ba) c.add   a5, a4
core   0: 3 0x000000008000ff9e (0x97ba) x15 0x00000000800120dc
core   0: 0x000000008000ffa0 (0xfe043703) ld      a4, -32(s0)
core   0: 3 0x000000008000ffa0 (0xfe043703) x14 0x000000008001209c mem 0x0000000080031f50
core   0: 0x000000008000ffa4 (0xfcf76de3) bltu    a4, a5, pc - 38
core   0: 3 0x000000008000ffa4 (0xfcf76de3)
core   0: 0x000000008000ff7e (0xfe043783) ld      a5, -32(s0)
core   0: 3 0x000000008000ff7e (0xfe043783) x15 0x000000008001209c mem 0x0000000080031f50
core   0: 0x000000008000ff82 (0x00178713) addi    a4, a5, 1
core   0: 3 0x000000008000ff82 (0x00178713) x14 0x000000008001209d
core   0: 0x000000008000ff86 (0xfee43023) sd      a4, -32(s0)
core   0: 3 0x000000008000ff86 (0xfee43023) mem 0x0000000080031f50 0x000000008001209d
core   0: 0x000000008000ff8a (0xfc442703) lw      a4, -60(s0)
core   0: 3 0x000000008000ff8a (0xfc442703) x14 0x0000000000000000 mem 0x0000000080031f34
core   0: 0x000000008000ff8e (0x0ff77713) andi    a4, a4, 255
core   0: 3 0x000000008000ff8e (0x0ff77713) x14 0x0000000000000000
core   0: 0x000000008000ff92 (0x00e78023) sb      a4, 0(a5)
core   0: 3 0x000000008000ff92 (0x00e78023) mem 0x000000008001209c 0x00
core   0: 0x000000008000ff96 (0xfc843703) ld      a4, -56(s0)
core   0: 3 0x000000008000ff96 (0xfc843703) x14 0x0000000080012040 mem 0x0000000080031f38
core   0: 0x000000008000ff9a (0xfb843783) ld      a5, -72(s0)
core   0: 3 0x000000008000ff9a (0xfb843783) x15 0x000000000000009c mem 0x0000000080031f28
core   0: 0x000000008000ff9e (0x000097ba) c.add   a5, a4
core   0: 3 0x000000008000ff9e (0x97ba) x15 0x00000000800120dc
core   0: 0x000000008000ffa0 (0xfe043703) ld      a4, -32(s0)
core   0: 3 0x000000008000ffa0 (0xfe043703) x14 0x000000008001209d mem 0x0000000080031f50
core   0: 0x000000008000ffa4 (0xfcf76de3) bltu    a4, a5, pc - 38
core   0: 3 0x000000008000ffa4 (0xfcf76de3)
core   0: 0x000000008000ff7e (0xfe043783) ld      a5, -32(s0)
core   0: 3 0x000000008000ff7e (0xfe043783) x15 0x000000008001209d mem 0x0000000080031f50
core   0: 0x000000008000ff82 (0x00178713) addi    a4, a5, 1
core   0: 3 0x000000008000ff82 (0x00178713) x14 0x000000008001209e
core   0: 0x000000008000ff86 (0xfee43023) sd      a4, -32(s0)
core   0: 3 0x000000008000ff86 (0xfee43023) mem 0x0000000080031f50 0x000000008001209e
core   0: 0x000000008000ff8a (0xfc442703) lw      a4, -60(s0)
core   0: 3 0x000000008000ff8a (0xfc442703) x14 0x0000000000000000 mem 0x0000000080031f34
core   0: 0x000000008000ff8e (0x0ff77713) andi    a4, a4, 255
core   0: 3 0x000000008000ff8e (0x0ff77713) x14 0x0000000000000000
core   0: 0x000000008000ff92 (0x00e78023) sb      a4, 0(a5)
core   0: 3 0x000000008000ff92 (0x00e78023) mem 0x000000008001209d 0x00
core   0: 0x000000008000ff96 (0xfc843703) ld      a4, -56(s0)
core   0: 3 0x000000008000ff96 (0xfc843703) x14 0x0000000080012040 mem 0x0000000080031f38
core   0: 0x000000008000ff9a (0xfb843783) ld      a5, -72(s0)
core   0: 3 0x000000008000ff9a (0xfb843783) x15 0x000000000000009c mem 0x0000000080031f28
core   0: 0x000000008000ff9e (0x000097ba) c.add   a5, a4
core   0: 3 0x000000008000ff9e (0x97ba) x15 0x00000000800120dc
core   0: 0x000000008000ffa0 (0xfe043703) ld      a4, -32(s0)
core   0: 3 0x000000008000ffa0 (0xfe043703) x14 0x000000008001209e mem 0x0000000080031f50
core   0: 0x000000008000ffa4 (0xfcf76de3) bltu    a4, a5, pc - 38
core   0: 3 0x000000008000ffa4 (0xfcf76de3)
core   0: 0x000000008000ff7e (0xfe043783) ld      a5, -32(s0)
core   0: 3 0x000000008000ff7e (0xfe043783) x15 0x000000008001209e mem 0x0000000080031f50
core   0: 0x000000008000ff82 (0x00178713) addi    a4, a5, 1
core   0: 3 0x000000008000ff82 (0x00178713) x14 0x000000008001209f
core   0: 0x000000008000ff86 (0xfee43023) sd      a4, -32(s0)
core   0: 3 0x000000008000ff86 (0xfee43023) mem 0x0000000080031f50 0x000000008001209f
core   0: 0x000000008000ff8a (0xfc442703) lw      a4, -60(s0)
core   0: 3 0x000000008000ff8a (0xfc442703) x14 0x0000000000000000 mem 0x0000000080031f34
core   0: 0x000000008000ff8e (0x0ff77713) andi    a4, a4, 255
core   0: 3 0x000000008000ff8e (0x0ff77713) x14 0x0000000000000000
core   0: 0x000000008000ff92 (0x00e78023) sb      a4, 0(a5)
core   0: 3 0x000000008000ff92 (0x00e78023) mem 0x000000008001209e 0x00
core   0: 0x000000008000ff96 (0xfc843703) ld      a4, -56(s0)
core   0: 3 0x000000008000ff96 (0xfc843703) x14 0x0000000080012040 mem 0x0000000080031f38
core   0: 0x000000008000ff9a (0xfb843783) ld      a5, -72(s0)
core   0: 3 0x000000008000ff9a (0xfb843783) x15 0x000000000000009c mem 0x0000000080031f28
core   0: 0x000000008000ff9e (0x000097ba) c.add   a5, a4
core   0: 3 0x000000008000ff9e (0x97ba) x15 0x00000000800120dc
core   0: 0x000000008000ffa0 (0xfe043703) ld      a4, -32(s0)
core   0: 3 0x000000008000ffa0 (0xfe043703) x14 0x000000008001209f mem 0x0000000080031f50
core   0: 0x000000008000ffa4 (0xfcf76de3) bltu    a4, a5, pc - 38
core   0: 3 0x000000008000ffa4 (0xfcf76de3)
core   0: 0x000000008000ff7e (0xfe043783) ld      a5, -32(s0)
core   0: 3 0x000000008000ff7e (0xfe043783) x15 0x000000008001209f mem 0x0000000080031f50
core   0: 0x000000008000ff82 (0x00178713) addi    a4, a5, 1
core   0: 3 0x000000008000ff82 (0x00178713) x14 0x00000000800120a0
core   0: 0x000000008000ff86 (0xfee43023) sd      a4, -32(s0)
core   0: 3 0x000000008000ff86 (0xfee43023) mem 0x0000000080031f50 0x00000000800120a0
core   0: 0x000000008000ff8a (0xfc442703) lw      a4, -60(s0)
core   0: 3 0x000000008000ff8a (0xfc442703) x14 0x0000000000000000 mem 0x0000000080031f34
core   0: 0x000000008000ff8e (0x0ff77713) andi    a4, a4, 255
core   0: 3 0x000000008000ff8e (0x0ff77713) x14 0x0000000000000000
core   0: 0x000000008000ff92 (0x00e78023) sb      a4, 0(a5)
core   0: 3 0x000000008000ff92 (0x00e78023) mem 0x000000008001209f 0x00
core   0: 0x000000008000ff96 (0xfc843703) ld      a4, -56(s0)
core   0: 3 0x000000008000ff96 (0xfc843703) x14 0x0000000080012040 mem 0x0000000080031f38
core   0: 0x000000008000ff9a (0xfb843783) ld      a5, -72(s0)
core   0: 3 0x000000008000ff9a (0xfb843783) x15 0x000000000000009c mem 0x0000000080031f28
core   0: 0x000000008000ff9e (0x000097ba) c.add   a5, a4
core   0: 3 0x000000008000ff9e (0x97ba) x15 0x00000000800120dc
core   0: 0x000000008000ffa0 (0xfe043703) ld      a4, -32(s0)
core   0: 3 0x000000008000ffa0 (0xfe043703) x14 0x00000000800120a0 mem 0x0000000080031f50
core   0: 0x000000008000ffa4 (0xfcf76de3) bltu    a4, a5, pc - 38
core   0: 3 0x000000008000ffa4 (0xfcf76de3)
core   0: 0x000000008000ff7e (0xfe043783) ld      a5, -32(s0)
core   0: 3 0x000000008000ff7e (0xfe043783) x15 0x00000000800120a0 mem 0x0000000080031f50
core   0: 0x000000008000ff82 (0x00178713) addi    a4, a5, 1
core   0: 3 0x000000008000ff82 (0x00178713) x14 0x00000000800120a1
core   0: 0x000000008000ff86 (0xfee43023) sd      a4, -32(s0)
core   0: 3 0x000000008000ff86 (0xfee43023) mem 0x0000000080031f50 0x00000000800120a1
core   0: 0x000000008000ff8a (0xfc442703) lw      a4, -60(s0)
core   0: 3 0x000000008000ff8a (0xfc442703) x14 0x0000000000000000 mem 0x0000000080031f34
core   0: 0x000000008000ff8e (0x0ff77713) andi    a4, a4, 255
core   0: 3 0x000000008000ff8e (0x0ff77713) x14 0x0000000000000000
core   0: 0x000000008000ff92 (0x00e78023) sb      a4, 0(a5)
core   0: 3 0x000000008000ff92 (0x00e78023) mem 0x00000000800120a0 0x00
core   0: 0x000000008000ff96 (0xfc843703) ld      a4, -56(s0)
core   0: 3 0x000000008000ff96 (0xfc843703) x14 0x0000000080012040 mem 0x0000000080031f38
core   0: 0x000000008000ff9a (0xfb843783) ld      a5, -72(s0)
core   0: 3 0x000000008000ff9a (0xfb843783) x15 0x000000000000009c mem 0x0000000080031f28
core   0: 0x000000008000ff9e (0x000097ba) c.add   a5, a4
core   0: 3 0x000000008000ff9e (0x97ba) x15 0x00000000800120dc
core   0: 0x000000008000ffa0 (0xfe043703) ld      a4, -32(s0)
core   0: 3 0x000000008000ffa0 (0xfe043703) x14 0x00000000800120a1 mem 0x0000000080031f50
core   0: 0x000000008000ffa4 (0xfcf76de3) bltu    a4, a5, pc - 38
core   0: 3 0x000000008000ffa4 (0xfcf76de3)
core   0: 0x000000008000ff7e (0xfe043783) ld      a5, -32(s0)
core   0: 3 0x000000008000ff7e (0xfe043783) x15 0x00000000800120a1 mem 0x0000000080031f50
core   0: 0x000000008000ff82 (0x00178713) addi    a4, a5, 1
core   0: 3 0x000000008000ff82 (0x00178713) x14 0x00000000800120a2
core   0: 0x000000008000ff86 (0xfee43023) sd      a4, -32(s0)
core   0: 3 0x000000008000ff86 (0xfee43023) mem 0x0000000080031f50 0x00000000800120a2
core   0: 0x000000008000ff8a (0xfc442703) lw      a4, -60(s0)
core   0: 3 0x000000008000ff8a (0xfc442703) x14 0x0000000000000000 mem 0x0000000080031f34
core   0: 0x000000008000ff8e (0x0ff77713) andi    a4, a4, 255
core   0: 3 0x000000008000ff8e (0x0ff77713) x14 0x0000000000000000
core   0: 0x000000008000ff92 (0x00e78023) sb      a4, 0(a5)
core   0: 3 0x000000008000ff92 (0x00e78023) mem 0x00000000800120a1 0x00
core   0: 0x000000008000ff96 (0xfc843703) ld      a4, -56(s0)
core   0: 3 0x000000008000ff96 (0xfc843703) x14 0x0000000080012040 mem 0x0000000080031f38
core   0: 0x000000008000ff9a (0xfb843783) ld      a5, -72(s0)
core   0: 3 0x000000008000ff9a (0xfb843783) x15 0x000000000000009c mem 0x0000000080031f28
core   0: 0x000000008000ff9e (0x000097ba) c.add   a5, a4
core   0: 3 0x000000008000ff9e (0x97ba) x15 0x00000000800120dc
core   0: 0x000000008000ffa0 (0xfe043703) ld      a4, -32(s0)
core   0: 3 0x000000008000ffa0 (0xfe043703) x14 0x00000000800120a2 mem 0x0000000080031f50
core   0: 0x000000008000ffa4 (0xfcf76de3) bltu    a4, a5, pc - 38
core   0: 3 0x000000008000ffa4 (0xfcf76de3)
core   0: 0x000000008000ff7e (0xfe043783) ld      a5, -32(s0)
core   0: 3 0x000000008000ff7e (0xfe043783) x15 0x00000000800120a2 mem 0x0000000080031f50
core   0: 0x000000008000ff82 (0x00178713) addi    a4, a5, 1
core   0: 3 0x000000008000ff82 (0x00178713) x14 0x00000000800120a3
core   0: 0x000000008000ff86 (0xfee43023) sd      a4, -32(s0)
core   0: 3 0x000000008000ff86 (0xfee43023) mem 0x0000000080031f50 0x00000000800120a3
core   0: 0x000000008000ff8a (0xfc442703) lw      a4, -60(s0)
core   0: 3 0x000000008000ff8a (0xfc442703) x14 0x0000000000000000 mem 0x0000000080031f34
core   0: 0x000000008000ff8e (0x0ff77713) andi    a4, a4, 255
core   0: 3 0x000000008000ff8e (0x0ff77713) x14 0x0000000000000000
core   0: 0x000000008000ff92 (0x00e78023) sb      a4, 0(a5)
core   0: 3 0x000000008000ff92 (0x00e78023) mem 0x00000000800120a2 0x00
core   0: 0x000000008000ff96 (0xfc843703) ld      a4, -56(s0)
core   0: 3 0x000000008000ff96 (0xfc843703) x14 0x0000000080012040 mem 0x0000000080031f38
core   0: 0x000000008000ff9a (0xfb843783) ld      a5, -72(s0)
core   0: 3 0x000000008000ff9a (0xfb843783) x15 0x000000000000009c mem 0x0000000080031f28
core   0: 0x000000008000ff9e (0x000097ba) c.add   a5, a4
core   0: 3 0x000000008000ff9e (0x97ba) x15 0x00000000800120dc
core   0: 0x000000008000ffa0 (0xfe043703) ld      a4, -32(s0)
core   0: 3 0x000000008000ffa0 (0xfe043703) x14 0x00000000800120a3 mem 0x0000000080031f50
core   0: 0x000000008000ffa4 (0xfcf76de3) bltu    a4, a5, pc - 38
core   0: 3 0x000000008000ffa4 (0xfcf76de3)
core   0: 0x000000008000ff7e (0xfe043783) ld      a5, -32(s0)
core   0: 3 0x000000008000ff7e (0xfe043783) x15 0x00000000800120a3 mem 0x0000000080031f50
core   0: 0x000000008000ff82 (0x00178713) addi    a4, a5, 1
core   0: 3 0x000000008000ff82 (0x00178713) x14 0x00000000800120a4
core   0: 0x000000008000ff86 (0xfee43023) sd      a4, -32(s0)
core   0: 3 0x000000008000ff86 (0xfee43023) mem 0x0000000080031f50 0x00000000800120a4
core   0: 0x000000008000ff8a (0xfc442703) lw      a4, -60(s0)
core   0: 3 0x000000008000ff8a (0xfc442703) x14 0x0000000000000000 mem 0x0000000080031f34
core   0: 0x000000008000ff8e (0x0ff77713) andi    a4, a4, 255
core   0: 3 0x000000008000ff8e (0x0ff77713) x14 0x0000000000000000
core   0: 0x000000008000ff92 (0x00e78023) sb      a4, 0(a5)
core   0: 3 0x000000008000ff92 (0x00e78023) mem 0x00000000800120a3 0x00
core   0: 0x000000008000ff96 (0xfc843703) ld      a4, -56(s0)
core   0: 3 0x000000008000ff96 (0xfc843703) x14 0x0000000080012040 mem 0x0000000080031f38
core   0: 0x000000008000ff9a (0xfb843783) ld      a5, -72(s0)
core   0: 3 0x000000008000ff9a (0xfb843783) x15 0x000000000000009c mem 0x0000000080031f28
core   0: 0x000000008000ff9e (0x000097ba) c.add   a5, a4
core   0: 3 0x000000008000ff9e (0x97ba) x15 0x00000000800120dc
core   0: 0x000000008000ffa0 (0xfe043703) ld      a4, -32(s0)
core   0: 3 0x000000008000ffa0 (0xfe043703) x14 0x00000000800120a4 mem 0x0000000080031f50
core   0: 0x000000008000ffa4 (0xfcf76de3) bltu    a4, a5, pc - 38
core   0: 3 0x000000008000ffa4 (0xfcf76de3)
core   0: 0x000000008000ff7e (0xfe043783) ld      a5, -32(s0)
core   0: 3 0x000000008000ff7e (0xfe043783) x15 0x00000000800120a4 mem 0x0000000080031f50
core   0: 0x000000008000ff82 (0x00178713) addi    a4, a5, 1
core   0: 3 0x000000008000ff82 (0x00178713) x14 0x00000000800120a5
core   0: 0x000000008000ff86 (0xfee43023) sd      a4, -32(s0)
core   0: 3 0x000000008000ff86 (0xfee43023) mem 0x0000000080031f50 0x00000000800120a5
core   0: 0x000000008000ff8a (0xfc442703) lw      a4, -60(s0)
core   0: 3 0x000000008000ff8a (0xfc442703) x14 0x0000000000000000 mem 0x0000000080031f34
core   0: 0x000000008000ff8e (0x0ff77713) andi    a4, a4, 255
core   0: 3 0x000000008000ff8e (0x0ff77713) x14 0x0000000000000000
core   0: 0x000000008000ff92 (0x00e78023) sb      a4, 0(a5)
core   0: 3 0x000000008000ff92 (0x00e78023) mem 0x00000000800120a4 0x00
core   0: 0x000000008000ff96 (0xfc843703) ld      a4, -56(s0)
core   0: 3 0x000000008000ff96 (0xfc843703) x14 0x0000000080012040 mem 0x0000000080031f38
core   0: 0x000000008000ff9a (0xfb843783) ld      a5, -72(s0)
core   0: 3 0x000000008000ff9a (0xfb843783) x15 0x000000000000009c mem 0x0000000080031f28
core   0: 0x000000008000ff9e (0x000097ba) c.add   a5, a4
core   0: 3 0x000000008000ff9e (0x97ba) x15 0x00000000800120dc
core   0: 0x000000008000ffa0 (0xfe043703) ld      a4, -32(s0)
core   0: 3 0x000000008000ffa0 (0xfe043703) x14 0x00000000800120a5 mem 0x0000000080031f50
core   0: 0x000000008000ffa4 (0xfcf76de3) bltu    a4, a5, pc - 38
core   0: 3 0x000000008000ffa4 (0xfcf76de3)
core   0: 0x000000008000ff7e (0xfe043783) ld      a5, -32(s0)
core   0: 3 0x000000008000ff7e (0xfe043783) x15 0x00000000800120a5 mem 0x0000000080031f50
core   0: 0x000000008000ff82 (0x00178713) addi    a4, a5, 1
core   0: 3 0x000000008000ff82 (0x00178713) x14 0x00000000800120a6
core   0: 0x000000008000ff86 (0xfee43023) sd      a4, -32(s0)
core   0: 3 0x000000008000ff86 (0xfee43023) mem 0x0000000080031f50 0x00000000800120a6
core   0: 0x000000008000ff8a (0xfc442703) lw      a4, -60(s0)
core   0: 3 0x000000008000ff8a (0xfc442703) x14 0x0000000000000000 mem 0x0000000080031f34
core   0: 0x000000008000ff8e (0x0ff77713) andi    a4, a4, 255
core   0: 3 0x000000008000ff8e (0x0ff77713) x14 0x0000000000000000
core   0: 0x000000008000ff92 (0x00e78023) sb      a4, 0(a5)
core   0: 3 0x000000008000ff92 (0x00e78023) mem 0x00000000800120a5 0x00
core   0: 0x000000008000ff96 (0xfc843703) ld      a4, -56(s0)
core   0: 3 0x000000008000ff96 (0xfc843703) x14 0x0000000080012040 mem 0x0000000080031f38
core   0: 0x000000008000ff9a (0xfb843783) ld      a5, -72(s0)
core   0: 3 0x000000008000ff9a (0xfb843783) x15 0x000000000000009c mem 0x0000000080031f28
core   0: 0x000000008000ff9e (0x000097ba) c.add   a5, a4
core   0: 3 0x000000008000ff9e (0x97ba) x15 0x00000000800120dc
core   0: 0x000000008000ffa0 (0xfe043703) ld      a4, -32(s0)
core   0: 3 0x000000008000ffa0 (0xfe043703) x14 0x00000000800120a6 mem 0x0000000080031f50
core   0: 0x000000008000ffa4 (0xfcf76de3) bltu    a4, a5, pc - 38
core   0: 3 0x000000008000ffa4 (0xfcf76de3)
core   0: 0x000000008000ff7e (0xfe043783) ld      a5, -32(s0)
core   0: 3 0x000000008000ff7e (0xfe043783) x15 0x00000000800120a6 mem 0x0000000080031f50
core   0: 0x000000008000ff82 (0x00178713) addi    a4, a5, 1
core   0: 3 0x000000008000ff82 (0x00178713) x14 0x00000000800120a7
core   0: 0x000000008000ff86 (0xfee43023) sd      a4, -32(s0)
core   0: 3 0x000000008000ff86 (0xfee43023) mem 0x0000000080031f50 0x00000000800120a7
core   0: 0x000000008000ff8a (0xfc442703) lw      a4, -60(s0)
core   0: 3 0x000000008000ff8a (0xfc442703) x14 0x0000000000000000 mem 0x0000000080031f34
core   0: 0x000000008000ff8e (0x0ff77713) andi    a4, a4, 255
core   0: 3 0x000000008000ff8e (0x0ff77713) x14 0x0000000000000000
core   0: 0x000000008000ff92 (0x00e78023) sb      a4, 0(a5)
core   0: 3 0x000000008000ff92 (0x00e78023) mem 0x00000000800120a6 0x00
core   0: 0x000000008000ff96 (0xfc843703) ld      a4, -56(s0)
core   0: 3 0x000000008000ff96 (0xfc843703) x14 0x0000000080012040 mem 0x0000000080031f38
core   0: 0x000000008000ff9a (0xfb843783) ld      a5, -72(s0)
core   0: 3 0x000000008000ff9a (0xfb843783) x15 0x000000000000009c mem 0x0000000080031f28
core   0: 0x000000008000ff9e (0x000097ba) c.add   a5, a4
core   0: 3 0x000000008000ff9e (0x97ba) x15 0x00000000800120dc
core   0: 0x000000008000ffa0 (0xfe043703) ld      a4, -32(s0)
core   0: 3 0x000000008000ffa0 (0xfe043703) x14 0x00000000800120a7 mem 0x0000000080031f50
core   0: 0x000000008000ffa4 (0xfcf76de3) bltu    a4, a5, pc - 38
core   0: 3 0x000000008000ffa4 (0xfcf76de3)
core   0: 0x000000008000ff7e (0xfe043783) ld      a5, -32(s0)
core   0: 3 0x000000008000ff7e (0xfe043783) x15 0x00000000800120a7 mem 0x0000000080031f50
core   0: 0x000000008000ff82 (0x00178713) addi    a4, a5, 1
core   0: 3 0x000000008000ff82 (0x00178713) x14 0x00000000800120a8
core   0: 0x000000008000ff86 (0xfee43023) sd      a4, -32(s0)
core   0: 3 0x000000008000ff86 (0xfee43023) mem 0x0000000080031f50 0x00000000800120a8
core   0: 0x000000008000ff8a (0xfc442703) lw      a4, -60(s0)
core   0: 3 0x000000008000ff8a (0xfc442703) x14 0x0000000000000000 mem 0x0000000080031f34
core   0: 0x000000008000ff8e (0x0ff77713) andi    a4, a4, 255
core   0: 3 0x000000008000ff8e (0x0ff77713) x14 0x0000000000000000
core   0: 0x000000008000ff92 (0x00e78023) sb      a4, 0(a5)
core   0: 3 0x000000008000ff92 (0x00e78023) mem 0x00000000800120a7 0x00
core   0: 0x000000008000ff96 (0xfc843703) ld      a4, -56(s0)
core   0: 3 0x000000008000ff96 (0xfc843703) x14 0x0000000080012040 mem 0x0000000080031f38
core   0: 0x000000008000ff9a (0xfb843783) ld      a5, -72(s0)
core   0: 3 0x000000008000ff9a (0xfb843783) x15 0x000000000000009c mem 0x0000000080031f28
core   0: 0x000000008000ff9e (0x000097ba) c.add   a5, a4
core   0: 3 0x000000008000ff9e (0x97ba) x15 0x00000000800120dc
core   0: 0x000000008000ffa0 (0xfe043703) ld      a4, -32(s0)
core   0: 3 0x000000008000ffa0 (0xfe043703) x14 0x00000000800120a8 mem 0x0000000080031f50
core   0: 0x000000008000ffa4 (0xfcf76de3) bltu    a4, a5, pc - 38
core   0: 3 0x000000008000ffa4 (0xfcf76de3)
core   0: 0x000000008000ff7e (0xfe043783) ld      a5, -32(s0)
core   0: 3 0x000000008000ff7e (0xfe043783) x15 0x00000000800120a8 mem 0x0000000080031f50
core   0: 0x000000008000ff82 (0x00178713) addi    a4, a5, 1
core   0: 3 0x000000008000ff82 (0x00178713) x14 0x00000000800120a9
core   0: 0x000000008000ff86 (0xfee43023) sd      a4, -32(s0)
core   0: 3 0x000000008000ff86 (0xfee43023) mem 0x0000000080031f50 0x00000000800120a9
core   0: 0x000000008000ff8a (0xfc442703) lw      a4, -60(s0)
core   0: 3 0x000000008000ff8a (0xfc442703) x14 0x0000000000000000 mem 0x0000000080031f34
core   0: 0x000000008000ff8e (0x0ff77713) andi    a4, a4, 255
core   0: 3 0x000000008000ff8e (0x0ff77713) x14 0x0000000000000000
core   0: 0x000000008000ff92 (0x00e78023) sb      a4, 0(a5)
core   0: 3 0x000000008000ff92 (0x00e78023) mem 0x00000000800120a8 0x00
core   0: 0x000000008000ff96 (0xfc843703) ld      a4, -56(s0)
core   0: 3 0x000000008000ff96 (0xfc843703) x14 0x0000000080012040 mem 0x0000000080031f38
core   0: 0x000000008000ff9a (0xfb843783) ld      a5, -72(s0)
core   0: 3 0x000000008000ff9a (0xfb843783) x15 0x000000000000009c mem 0x0000000080031f28
core   0: 0x000000008000ff9e (0x000097ba) c.add   a5, a4
core   0: 3 0x000000008000ff9e (0x97ba) x15 0x00000000800120dc
core   0: 0x000000008000ffa0 (0xfe043703) ld      a4, -32(s0)
core   0: 3 0x000000008000ffa0 (0xfe043703) x14 0x00000000800120a9 mem 0x0000000080031f50
core   0: 0x000000008000ffa4 (0xfcf76de3) bltu    a4, a5, pc - 38
core   0: 3 0x000000008000ffa4 (0xfcf76de3)
core   0: 0x000000008000ff7e (0xfe043783) ld      a5, -32(s0)
core   0: 3 0x000000008000ff7e (0xfe043783) x15 0x00000000800120a9 mem 0x0000000080031f50
core   0: 0x000000008000ff82 (0x00178713) addi    a4, a5, 1
core   0: 3 0x000000008000ff82 (0x00178713) x14 0x00000000800120aa
core   0: 0x000000008000ff86 (0xfee43023) sd      a4, -32(s0)
core   0: 3 0x000000008000ff86 (0xfee43023) mem 0x0000000080031f50 0x00000000800120aa
core   0: 0x000000008000ff8a (0xfc442703) lw      a4, -60(s0)
core   0: 3 0x000000008000ff8a (0xfc442703) x14 0x0000000000000000 mem 0x0000000080031f34
core   0: 0x000000008000ff8e (0x0ff77713) andi    a4, a4, 255
core   0: 3 0x000000008000ff8e (0x0ff77713) x14 0x0000000000000000
core   0: 0x000000008000ff92 (0x00e78023) sb      a4, 0(a5)
core   0: 3 0x000000008000ff92 (0x00e78023) mem 0x00000000800120a9 0x00
core   0: 0x000000008000ff96 (0xfc843703) ld      a4, -56(s0)
core   0: 3 0x000000008000ff96 (0xfc843703) x14 0x0000000080012040 mem 0x0000000080031f38
core   0: 0x000000008000ff9a (0xfb843783) ld      a5, -72(s0)
core   0: 3 0x000000008000ff9a (0xfb843783) x15 0x000000000000009c mem 0x0000000080031f28
core   0: 0x000000008000ff9e (0x000097ba) c.add   a5, a4
core   0: 3 0x000000008000ff9e (0x97ba) x15 0x00000000800120dc
core   0: 0x000000008000ffa0 (0xfe043703) ld      a4, -32(s0)
core   0: 3 0x000000008000ffa0 (0xfe043703) x14 0x00000000800120aa mem 0x0000000080031f50
core   0: 0x000000008000ffa4 (0xfcf76de3) bltu    a4, a5, pc - 38
core   0: 3 0x000000008000ffa4 (0xfcf76de3)
core   0: 0x000000008000ff7e (0xfe043783) ld      a5, -32(s0)
core   0: 3 0x000000008000ff7e (0xfe043783) x15 0x00000000800120aa mem 0x0000000080031f50
core   0: 0x000000008000ff82 (0x00178713) addi    a4, a5, 1
core   0: 3 0x000000008000ff82 (0x00178713) x14 0x00000000800120ab
core   0: 0x000000008000ff86 (0xfee43023) sd      a4, -32(s0)
core   0: 3 0x000000008000ff86 (0xfee43023) mem 0x0000000080031f50 0x00000000800120ab
core   0: 0x000000008000ff8a (0xfc442703) lw      a4, -60(s0)
core   0: 3 0x000000008000ff8a (0xfc442703) x14 0x0000000000000000 mem 0x0000000080031f34
core   0: 0x000000008000ff8e (0x0ff77713) andi    a4, a4, 255
core   0: 3 0x000000008000ff8e (0x0ff77713) x14 0x0000000000000000
core   0: 0x000000008000ff92 (0x00e78023) sb      a4, 0(a5)
core   0: 3 0x000000008000ff92 (0x00e78023) mem 0x00000000800120aa 0x00
core   0: 0x000000008000ff96 (0xfc843703) ld      a4, -56(s0)
core   0: 3 0x000000008000ff96 (0xfc843703) x14 0x0000000080012040 mem 0x0000000080031f38
core   0: 0x000000008000ff9a (0xfb843783) ld      a5, -72(s0)
core   0: 3 0x000000008000ff9a (0xfb843783) x15 0x000000000000009c mem 0x0000000080031f28
core   0: 0x000000008000ff9e (0x000097ba) c.add   a5, a4
core   0: 3 0x000000008000ff9e (0x97ba) x15 0x00000000800120dc
core   0: 0x000000008000ffa0 (0xfe043703) ld      a4, -32(s0)
core   0: 3 0x000000008000ffa0 (0xfe043703) x14 0x00000000800120ab mem 0x0000000080031f50
core   0: 0x000000008000ffa4 (0xfcf76de3) bltu    a4, a5, pc - 38
core   0: 3 0x000000008000ffa4 (0xfcf76de3)
core   0: 0x000000008000ff7e (0xfe043783) ld      a5, -32(s0)
core   0: 3 0x000000008000ff7e (0xfe043783) x15 0x00000000800120ab mem 0x0000000080031f50
core   0: 0x000000008000ff82 (0x00178713) addi    a4, a5, 1
core   0: 3 0x000000008000ff82 (0x00178713) x14 0x00000000800120ac
core   0: 0x000000008000ff86 (0xfee43023) sd      a4, -32(s0)
core   0: 3 0x000000008000ff86 (0xfee43023) mem 0x0000000080031f50 0x00000000800120ac
core   0: 0x000000008000ff8a (0xfc442703) lw      a4, -60(s0)
core   0: 3 0x000000008000ff8a (0xfc442703) x14 0x0000000000000000 mem 0x0000000080031f34
core   0: 0x000000008000ff8e (0x0ff77713) andi    a4, a4, 255
core   0: 3 0x000000008000ff8e (0x0ff77713) x14 0x0000000000000000
core   0: 0x000000008000ff92 (0x00e78023) sb      a4, 0(a5)
core   0: 3 0x000000008000ff92 (0x00e78023) mem 0x00000000800120ab 0x00
core   0: 0x000000008000ff96 (0xfc843703) ld      a4, -56(s0)
core   0: 3 0x000000008000ff96 (0xfc843703) x14 0x0000000080012040 mem 0x0000000080031f38
core   0: 0x000000008000ff9a (0xfb843783) ld      a5, -72(s0)
core   0: 3 0x000000008000ff9a (0xfb843783) x15 0x000000000000009c mem 0x0000000080031f28
core   0: 0x000000008000ff9e (0x000097ba) c.add   a5, a4
core   0: 3 0x000000008000ff9e (0x97ba) x15 0x00000000800120dc
core   0: 0x000000008000ffa0 (0xfe043703) ld      a4, -32(s0)
core   0: 3 0x000000008000ffa0 (0xfe043703) x14 0x00000000800120ac mem 0x0000000080031f50
core   0: 0x000000008000ffa4 (0xfcf76de3) bltu    a4, a5, pc - 38
core   0: 3 0x000000008000ffa4 (0xfcf76de3)
core   0: 0x000000008000ff7e (0xfe043783) ld      a5, -32(s0)
core   0: 3 0x000000008000ff7e (0xfe043783) x15 0x00000000800120ac mem 0x0000000080031f50
core   0: 0x000000008000ff82 (0x00178713) addi    a4, a5, 1
core   0: 3 0x000000008000ff82 (0x00178713) x14 0x00000000800120ad
core   0: 0x000000008000ff86 (0xfee43023) sd      a4, -32(s0)
core   0: 3 0x000000008000ff86 (0xfee43023) mem 0x0000000080031f50 0x00000000800120ad
core   0: 0x000000008000ff8a (0xfc442703) lw      a4, -60(s0)
core   0: 3 0x000000008000ff8a (0xfc442703) x14 0x0000000000000000 mem 0x0000000080031f34
core   0: 0x000000008000ff8e (0x0ff77713) andi    a4, a4, 255
core   0: 3 0x000000008000ff8e (0x0ff77713) x14 0x0000000000000000
core   0: 0x000000008000ff92 (0x00e78023) sb      a4, 0(a5)
core   0: 3 0x000000008000ff92 (0x00e78023) mem 0x00000000800120ac 0x00
core   0: 0x000000008000ff96 (0xfc843703) ld      a4, -56(s0)
core   0: 3 0x000000008000ff96 (0xfc843703) x14 0x0000000080012040 mem 0x0000000080031f38
core   0: 0x000000008000ff9a (0xfb843783) ld      a5, -72(s0)
core   0: 3 0x000000008000ff9a (0xfb843783) x15 0x000000000000009c mem 0x0000000080031f28
core   0: 0x000000008000ff9e (0x000097ba) c.add   a5, a4
core   0: 3 0x000000008000ff9e (0x97ba) x15 0x00000000800120dc
core   0: 0x000000008000ffa0 (0xfe043703) ld      a4, -32(s0)
core   0: 3 0x000000008000ffa0 (0xfe043703) x14 0x00000000800120ad mem 0x0000000080031f50
core   0: 0x000000008000ffa4 (0xfcf76de3) bltu    a4, a5, pc - 38
core   0: 3 0x000000008000ffa4 (0xfcf76de3)
core   0: 0x000000008000ff7e (0xfe043783) ld      a5, -32(s0)
core   0: 3 0x000000008000ff7e (0xfe043783) x15 0x00000000800120ad mem 0x0000000080031f50
core   0: 0x000000008000ff82 (0x00178713) addi    a4, a5, 1
core   0: 3 0x000000008000ff82 (0x00178713) x14 0x00000000800120ae
core   0: 0x000000008000ff86 (0xfee43023) sd      a4, -32(s0)
core   0: 3 0x000000008000ff86 (0xfee43023) mem 0x0000000080031f50 0x00000000800120ae
core   0: 0x000000008000ff8a (0xfc442703) lw      a4, -60(s0)
core   0: 3 0x000000008000ff8a (0xfc442703) x14 0x0000000000000000 mem 0x0000000080031f34
core   0: 0x000000008000ff8e (0x0ff77713) andi    a4, a4, 255
core   0: 3 0x000000008000ff8e (0x0ff77713) x14 0x0000000000000000
core   0: 0x000000008000ff92 (0x00e78023) sb      a4, 0(a5)
core   0: 3 0x000000008000ff92 (0x00e78023) mem 0x00000000800120ad 0x00
core   0: 0x000000008000ff96 (0xfc843703) ld      a4, -56(s0)
core   0: 3 0x000000008000ff96 (0xfc843703) x14 0x0000000080012040 mem 0x0000000080031f38
core   0: 0x000000008000ff9a (0xfb843783) ld      a5, -72(s0)
core   0: 3 0x000000008000ff9a (0xfb843783) x15 0x000000000000009c mem 0x0000000080031f28
core   0: 0x000000008000ff9e (0x000097ba) c.add   a5, a4
core   0: 3 0x000000008000ff9e (0x97ba) x15 0x00000000800120dc
core   0: 0x000000008000ffa0 (0xfe043703) ld      a4, -32(s0)
core   0: 3 0x000000008000ffa0 (0xfe043703) x14 0x00000000800120ae mem 0x0000000080031f50
core   0: 0x000000008000ffa4 (0xfcf76de3) bltu    a4, a5, pc - 38
core   0: 3 0x000000008000ffa4 (0xfcf76de3)
core   0: 0x000000008000ff7e (0xfe043783) ld      a5, -32(s0)
core   0: 3 0x000000008000ff7e (0xfe043783) x15 0x00000000800120ae mem 0x0000000080031f50
core   0: 0x000000008000ff82 (0x00178713) addi    a4, a5, 1
core   0: 3 0x000000008000ff82 (0x00178713) x14 0x00000000800120af
core   0: 0x000000008000ff86 (0xfee43023) sd      a4, -32(s0)
core   0: 3 0x000000008000ff86 (0xfee43023) mem 0x0000000080031f50 0x00000000800120af
core   0: 0x000000008000ff8a (0xfc442703) lw      a4, -60(s0)
core   0: 3 0x000000008000ff8a (0xfc442703) x14 0x0000000000000000 mem 0x0000000080031f34
core   0: 0x000000008000ff8e (0x0ff77713) andi    a4, a4, 255
core   0: 3 0x000000008000ff8e (0x0ff77713) x14 0x0000000000000000
core   0: 0x000000008000ff92 (0x00e78023) sb      a4, 0(a5)
core   0: 3 0x000000008000ff92 (0x00e78023) mem 0x00000000800120ae 0x00
core   0: 0x000000008000ff96 (0xfc843703) ld      a4, -56(s0)
core   0: 3 0x000000008000ff96 (0xfc843703) x14 0x0000000080012040 mem 0x0000000080031f38
core   0: 0x000000008000ff9a (0xfb843783) ld      a5, -72(s0)
core   0: 3 0x000000008000ff9a (0xfb843783) x15 0x000000000000009c mem 0x0000000080031f28
core   0: 0x000000008000ff9e (0x000097ba) c.add   a5, a4
core   0: 3 0x000000008000ff9e (0x97ba) x15 0x00000000800120dc
core   0: 0x000000008000ffa0 (0xfe043703) ld      a4, -32(s0)
core   0: 3 0x000000008000ffa0 (0xfe043703) x14 0x00000000800120af mem 0x0000000080031f50
core   0: 0x000000008000ffa4 (0xfcf76de3) bltu    a4, a5, pc - 38
core   0: 3 0x000000008000ffa4 (0xfcf76de3)
core   0: 0x000000008000ff7e (0xfe043783) ld      a5, -32(s0)
core   0: 3 0x000000008000ff7e (0xfe043783) x15 0x00000000800120af mem 0x0000000080031f50
core   0: 0x000000008000ff82 (0x00178713) addi    a4, a5, 1
core   0: 3 0x000000008000ff82 (0x00178713) x14 0x00000000800120b0
core   0: 0x000000008000ff86 (0xfee43023) sd      a4, -32(s0)
core   0: 3 0x000000008000ff86 (0xfee43023) mem 0x0000000080031f50 0x00000000800120b0
core   0: 0x000000008000ff8a (0xfc442703) lw      a4, -60(s0)
core   0: 3 0x000000008000ff8a (0xfc442703) x14 0x0000000000000000 mem 0x0000000080031f34
core   0: 0x000000008000ff8e (0x0ff77713) andi    a4, a4, 255
core   0: 3 0x000000008000ff8e (0x0ff77713) x14 0x0000000000000000
core   0: 0x000000008000ff92 (0x00e78023) sb      a4, 0(a5)
core   0: 3 0x000000008000ff92 (0x00e78023) mem 0x00000000800120af 0x00
core   0: 0x000000008000ff96 (0xfc843703) ld      a4, -56(s0)
core   0: 3 0x000000008000ff96 (0xfc843703) x14 0x0000000080012040 mem 0x0000000080031f38
core   0: 0x000000008000ff9a (0xfb843783) ld      a5, -72(s0)
core   0: 3 0x000000008000ff9a (0xfb843783) x15 0x000000000000009c mem 0x0000000080031f28
core   0: 0x000000008000ff9e (0x000097ba) c.add   a5, a4
core   0: 3 0x000000008000ff9e (0x97ba) x15 0x00000000800120dc
core   0: 0x000000008000ffa0 (0xfe043703) ld      a4, -32(s0)
core   0: 3 0x000000008000ffa0 (0xfe043703) x14 0x00000000800120b0 mem 0x0000000080031f50
core   0: 0x000000008000ffa4 (0xfcf76de3) bltu    a4, a5, pc - 38
core   0: 3 0x000000008000ffa4 (0xfcf76de3)
core   0: 0x000000008000ff7e (0xfe043783) ld      a5, -32(s0)
core   0: 3 0x000000008000ff7e (0xfe043783) x15 0x00000000800120b0 mem 0x0000000080031f50
core   0: 0x000000008000ff82 (0x00178713) addi    a4, a5, 1
core   0: 3 0x000000008000ff82 (0x00178713) x14 0x00000000800120b1
core   0: 0x000000008000ff86 (0xfee43023) sd      a4, -32(s0)
core   0: 3 0x000000008000ff86 (0xfee43023) mem 0x0000000080031f50 0x00000000800120b1
core   0: 0x000000008000ff8a (0xfc442703) lw      a4, -60(s0)
core   0: 3 0x000000008000ff8a (0xfc442703) x14 0x0000000000000000 mem 0x0000000080031f34
core   0: 0x000000008000ff8e (0x0ff77713) andi    a4, a4, 255
core   0: 3 0x000000008000ff8e (0x0ff77713) x14 0x0000000000000000
core   0: 0x000000008000ff92 (0x00e78023) sb      a4, 0(a5)
core   0: 3 0x000000008000ff92 (0x00e78023) mem 0x00000000800120b0 0x00
core   0: 0x000000008000ff96 (0xfc843703) ld      a4, -56(s0)
core   0: 3 0x000000008000ff96 (0xfc843703) x14 0x0000000080012040 mem 0x0000000080031f38
core   0: 0x000000008000ff9a (0xfb843783) ld      a5, -72(s0)
core   0: 3 0x000000008000ff9a (0xfb843783) x15 0x000000000000009c mem 0x0000000080031f28
core   0: 0x000000008000ff9e (0x000097ba) c.add   a5, a4
core   0: 3 0x000000008000ff9e (0x97ba) x15 0x00000000800120dc
core   0: 0x000000008000ffa0 (0xfe043703) ld      a4, -32(s0)
core   0: 3 0x000000008000ffa0 (0xfe043703) x14 0x00000000800120b1 mem 0x0000000080031f50
core   0: 0x000000008000ffa4 (0xfcf76de3) bltu    a4, a5, pc - 38
core   0: 3 0x000000008000ffa4 (0xfcf76de3)
core   0: 0x000000008000ff7e (0xfe043783) ld      a5, -32(s0)
core   0: 3 0x000000008000ff7e (0xfe043783) x15 0x00000000800120b1 mem 0x0000000080031f50
core   0: 0x000000008000ff82 (0x00178713) addi    a4, a5, 1
core   0: 3 0x000000008000ff82 (0x00178713) x14 0x00000000800120b2
core   0: 0x000000008000ff86 (0xfee43023) sd      a4, -32(s0)
core   0: 3 0x000000008000ff86 (0xfee43023) mem 0x0000000080031f50 0x00000000800120b2
core   0: 0x000000008000ff8a (0xfc442703) lw      a4, -60(s0)
core   0: 3 0x000000008000ff8a (0xfc442703) x14 0x0000000000000000 mem 0x0000000080031f34
core   0: 0x000000008000ff8e (0x0ff77713) andi    a4, a4, 255
core   0: 3 0x000000008000ff8e (0x0ff77713) x14 0x0000000000000000
core   0: 0x000000008000ff92 (0x00e78023) sb      a4, 0(a5)
core   0: 3 0x000000008000ff92 (0x00e78023) mem 0x00000000800120b1 0x00
core   0: 0x000000008000ff96 (0xfc843703) ld      a4, -56(s0)
core   0: 3 0x000000008000ff96 (0xfc843703) x14 0x0000000080012040 mem 0x0000000080031f38
core   0: 0x000000008000ff9a (0xfb843783) ld      a5, -72(s0)
core   0: 3 0x000000008000ff9a (0xfb843783) x15 0x000000000000009c mem 0x0000000080031f28
core   0: 0x000000008000ff9e (0x000097ba) c.add   a5, a4
core   0: 3 0x000000008000ff9e (0x97ba) x15 0x00000000800120dc
core   0: 0x000000008000ffa0 (0xfe043703) ld      a4, -32(s0)
core   0: 3 0x000000008000ffa0 (0xfe043703) x14 0x00000000800120b2 mem 0x0000000080031f50
core   0: 0x000000008000ffa4 (0xfcf76de3) bltu    a4, a5, pc - 38
core   0: 3 0x000000008000ffa4 (0xfcf76de3)
core   0: 0x000000008000ff7e (0xfe043783) ld      a5, -32(s0)
core   0: 3 0x000000008000ff7e (0xfe043783) x15 0x00000000800120b2 mem 0x0000000080031f50
core   0: 0x000000008000ff82 (0x00178713) addi    a4, a5, 1
core   0: 3 0x000000008000ff82 (0x00178713) x14 0x00000000800120b3
core   0: 0x000000008000ff86 (0xfee43023) sd      a4, -32(s0)
core   0: 3 0x000000008000ff86 (0xfee43023) mem 0x0000000080031f50 0x00000000800120b3
core   0: 0x000000008000ff8a (0xfc442703) lw      a4, -60(s0)
core   0: 3 0x000000008000ff8a (0xfc442703) x14 0x0000000000000000 mem 0x0000000080031f34
core   0: 0x000000008000ff8e (0x0ff77713) andi    a4, a4, 255
core   0: 3 0x000000008000ff8e (0x0ff77713) x14 0x0000000000000000
core   0: 0x000000008000ff92 (0x00e78023) sb      a4, 0(a5)
core   0: 3 0x000000008000ff92 (0x00e78023) mem 0x00000000800120b2 0x00
core   0: 0x000000008000ff96 (0xfc843703) ld      a4, -56(s0)
core   0: 3 0x000000008000ff96 (0xfc843703) x14 0x0000000080012040 mem 0x0000000080031f38
core   0: 0x000000008000ff9a (0xfb843783) ld      a5, -72(s0)
core   0: 3 0x000000008000ff9a (0xfb843783) x15 0x000000000000009c mem 0x0000000080031f28
core   0: 0x000000008000ff9e (0x000097ba) c.add   a5, a4
core   0: 3 0x000000008000ff9e (0x97ba) x15 0x00000000800120dc
core   0: 0x000000008000ffa0 (0xfe043703) ld      a4, -32(s0)
core   0: 3 0x000000008000ffa0 (0xfe043703) x14 0x00000000800120b3 mem 0x0000000080031f50
core   0: 0x000000008000ffa4 (0xfcf76de3) bltu    a4, a5, pc - 38
core   0: 3 0x000000008000ffa4 (0xfcf76de3)
core   0: 0x000000008000ff7e (0xfe043783) ld      a5, -32(s0)
core   0: 3 0x000000008000ff7e (0xfe043783) x15 0x00000000800120b3 mem 0x0000000080031f50
core   0: 0x000000008000ff82 (0x00178713) addi    a4, a5, 1
core   0: 3 0x000000008000ff82 (0x00178713) x14 0x00000000800120b4
core   0: 0x000000008000ff86 (0xfee43023) sd      a4, -32(s0)
core   0: 3 0x000000008000ff86 (0xfee43023) mem 0x0000000080031f50 0x00000000800120b4
core   0: 0x000000008000ff8a (0xfc442703) lw      a4, -60(s0)
core   0: 3 0x000000008000ff8a (0xfc442703) x14 0x0000000000000000 mem 0x0000000080031f34
core   0: 0x000000008000ff8e (0x0ff77713) andi    a4, a4, 255
core   0: 3 0x000000008000ff8e (0x0ff77713) x14 0x0000000000000000
core   0: 0x000000008000ff92 (0x00e78023) sb      a4, 0(a5)
core   0: 3 0x000000008000ff92 (0x00e78023) mem 0x00000000800120b3 0x00
core   0: 0x000000008000ff96 (0xfc843703) ld      a4, -56(s0)
core   0: 3 0x000000008000ff96 (0xfc843703) x14 0x0000000080012040 mem 0x0000000080031f38
core   0: 0x000000008000ff9a (0xfb843783) ld      a5, -72(s0)
core   0: 3 0x000000008000ff9a (0xfb843783) x15 0x000000000000009c mem 0x0000000080031f28
core   0: 0x000000008000ff9e (0x000097ba) c.add   a5, a4
core   0: 3 0x000000008000ff9e (0x97ba) x15 0x00000000800120dc
core   0: 0x000000008000ffa0 (0xfe043703) ld      a4, -32(s0)
core   0: 3 0x000000008000ffa0 (0xfe043703) x14 0x00000000800120b4 mem 0x0000000080031f50
core   0: 0x000000008000ffa4 (0xfcf76de3) bltu    a4, a5, pc - 38
core   0: 3 0x000000008000ffa4 (0xfcf76de3)
core   0: 0x000000008000ff7e (0xfe043783) ld      a5, -32(s0)
core   0: 3 0x000000008000ff7e (0xfe043783) x15 0x00000000800120b4 mem 0x0000000080031f50
core   0: 0x000000008000ff82 (0x00178713) addi    a4, a5, 1
core   0: 3 0x000000008000ff82 (0x00178713) x14 0x00000000800120b5
core   0: 0x000000008000ff86 (0xfee43023) sd      a4, -32(s0)
core   0: 3 0x000000008000ff86 (0xfee43023) mem 0x0000000080031f50 0x00000000800120b5
core   0: 0x000000008000ff8a (0xfc442703) lw      a4, -60(s0)
core   0: 3 0x000000008000ff8a (0xfc442703) x14 0x0000000000000000 mem 0x0000000080031f34
core   0: 0x000000008000ff8e (0x0ff77713) andi    a4, a4, 255
core   0: 3 0x000000008000ff8e (0x0ff77713) x14 0x0000000000000000
core   0: 0x000000008000ff92 (0x00e78023) sb      a4, 0(a5)
core   0: 3 0x000000008000ff92 (0x00e78023) mem 0x00000000800120b4 0x00
core   0: 0x000000008000ff96 (0xfc843703) ld      a4, -56(s0)
core   0: 3 0x000000008000ff96 (0xfc843703) x14 0x0000000080012040 mem 0x0000000080031f38
core   0: 0x000000008000ff9a (0xfb843783) ld      a5, -72(s0)
core   0: 3 0x000000008000ff9a (0xfb843783) x15 0x000000000000009c mem 0x0000000080031f28
core   0: 0x000000008000ff9e (0x000097ba) c.add   a5, a4
core   0: 3 0x000000008000ff9e (0x97ba) x15 0x00000000800120dc
core   0: 0x000000008000ffa0 (0xfe043703) ld      a4, -32(s0)
core   0: 3 0x000000008000ffa0 (0xfe043703) x14 0x00000000800120b5 mem 0x0000000080031f50
core   0: 0x000000008000ffa4 (0xfcf76de3) bltu    a4, a5, pc - 38
core   0: 3 0x000000008000ffa4 (0xfcf76de3)
core   0: 0x000000008000ff7e (0xfe043783) ld      a5, -32(s0)
core   0: 3 0x000000008000ff7e (0xfe043783) x15 0x00000000800120b5 mem 0x0000000080031f50
core   0: 0x000000008000ff82 (0x00178713) addi    a4, a5, 1
core   0: 3 0x000000008000ff82 (0x00178713) x14 0x00000000800120b6
core   0: 0x000000008000ff86 (0xfee43023) sd      a4, -32(s0)
core   0: 3 0x000000008000ff86 (0xfee43023) mem 0x0000000080031f50 0x00000000800120b6
core   0: 0x000000008000ff8a (0xfc442703) lw      a4, -60(s0)
core   0: 3 0x000000008000ff8a (0xfc442703) x14 0x0000000000000000 mem 0x0000000080031f34
core   0: 0x000000008000ff8e (0x0ff77713) andi    a4, a4, 255
core   0: 3 0x000000008000ff8e (0x0ff77713) x14 0x0000000000000000
core   0: 0x000000008000ff92 (0x00e78023) sb      a4, 0(a5)
core   0: 3 0x000000008000ff92 (0x00e78023) mem 0x00000000800120b5 0x00
core   0: 0x000000008000ff96 (0xfc843703) ld      a4, -56(s0)
core   0: 3 0x000000008000ff96 (0xfc843703) x14 0x0000000080012040 mem 0x0000000080031f38
core   0: 0x000000008000ff9a (0xfb843783) ld      a5, -72(s0)
core   0: 3 0x000000008000ff9a (0xfb843783) x15 0x000000000000009c mem 0x0000000080031f28
core   0: 0x000000008000ff9e (0x000097ba) c.add   a5, a4
core   0: 3 0x000000008000ff9e (0x97ba) x15 0x00000000800120dc
core   0: 0x000000008000ffa0 (0xfe043703) ld      a4, -32(s0)
core   0: 3 0x000000008000ffa0 (0xfe043703) x14 0x00000000800120b6 mem 0x0000000080031f50
core   0: 0x000000008000ffa4 (0xfcf76de3) bltu    a4, a5, pc - 38
core   0: 3 0x000000008000ffa4 (0xfcf76de3)
core   0: 0x000000008000ff7e (0xfe043783) ld      a5, -32(s0)
core   0: 3 0x000000008000ff7e (0xfe043783) x15 0x00000000800120b6 mem 0x0000000080031f50
core   0: 0x000000008000ff82 (0x00178713) addi    a4, a5, 1
core   0: 3 0x000000008000ff82 (0x00178713) x14 0x00000000800120b7
core   0: 0x000000008000ff86 (0xfee43023) sd      a4, -32(s0)
core   0: 3 0x000000008000ff86 (0xfee43023) mem 0x0000000080031f50 0x00000000800120b7
core   0: 0x000000008000ff8a (0xfc442703) lw      a4, -60(s0)
core   0: 3 0x000000008000ff8a (0xfc442703) x14 0x0000000000000000 mem 0x0000000080031f34
core   0: 0x000000008000ff8e (0x0ff77713) andi    a4, a4, 255
core   0: 3 0x000000008000ff8e (0x0ff77713) x14 0x0000000000000000
core   0: 0x000000008000ff92 (0x00e78023) sb      a4, 0(a5)
core   0: 3 0x000000008000ff92 (0x00e78023) mem 0x00000000800120b6 0x00
core   0: 0x000000008000ff96 (0xfc843703) ld      a4, -56(s0)
core   0: 3 0x000000008000ff96 (0xfc843703) x14 0x0000000080012040 mem 0x0000000080031f38
core   0: 0x000000008000ff9a (0xfb843783) ld      a5, -72(s0)
core   0: 3 0x000000008000ff9a (0xfb843783) x15 0x000000000000009c mem 0x0000000080031f28
core   0: 0x000000008000ff9e (0x000097ba) c.add   a5, a4
core   0: 3 0x000000008000ff9e (0x97ba) x15 0x00000000800120dc
core   0: 0x000000008000ffa0 (0xfe043703) ld      a4, -32(s0)
core   0: 3 0x000000008000ffa0 (0xfe043703) x14 0x00000000800120b7 mem 0x0000000080031f50
core   0: 0x000000008000ffa4 (0xfcf76de3) bltu    a4, a5, pc - 38
core   0: 3 0x000000008000ffa4 (0xfcf76de3)
core   0: 0x000000008000ff7e (0xfe043783) ld      a5, -32(s0)
core   0: 3 0x000000008000ff7e (0xfe043783) x15 0x00000000800120b7 mem 0x0000000080031f50
core   0: 0x000000008000ff82 (0x00178713) addi    a4, a5, 1
core   0: 3 0x000000008000ff82 (0x00178713) x14 0x00000000800120b8
core   0: 0x000000008000ff86 (0xfee43023) sd      a4, -32(s0)
core   0: 3 0x000000008000ff86 (0xfee43023) mem 0x0000000080031f50 0x00000000800120b8
core   0: 0x000000008000ff8a (0xfc442703) lw      a4, -60(s0)
core   0: 3 0x000000008000ff8a (0xfc442703) x14 0x0000000000000000 mem 0x0000000080031f34
core   0: 0x000000008000ff8e (0x0ff77713) andi    a4, a4, 255
core   0: 3 0x000000008000ff8e (0x0ff77713) x14 0x0000000000000000
core   0: 0x000000008000ff92 (0x00e78023) sb      a4, 0(a5)
core   0: 3 0x000000008000ff92 (0x00e78023) mem 0x00000000800120b7 0x00
core   0: 0x000000008000ff96 (0xfc843703) ld      a4, -56(s0)
core   0: 3 0x000000008000ff96 (0xfc843703) x14 0x0000000080012040 mem 0x0000000080031f38
core   0: 0x000000008000ff9a (0xfb843783) ld      a5, -72(s0)
core   0: 3 0x000000008000ff9a (0xfb843783) x15 0x000000000000009c mem 0x0000000080031f28
core   0: 0x000000008000ff9e (0x000097ba) c.add   a5, a4
core   0: 3 0x000000008000ff9e (0x97ba) x15 0x00000000800120dc
core   0: 0x000000008000ffa0 (0xfe043703) ld      a4, -32(s0)
core   0: 3 0x000000008000ffa0 (0xfe043703) x14 0x00000000800120b8 mem 0x0000000080031f50
core   0: 0x000000008000ffa4 (0xfcf76de3) bltu    a4, a5, pc - 38
core   0: 3 0x000000008000ffa4 (0xfcf76de3)
core   0: 0x000000008000ff7e (0xfe043783) ld      a5, -32(s0)
core   0: 3 0x000000008000ff7e (0xfe043783) x15 0x00000000800120b8 mem 0x0000000080031f50
core   0: 0x000000008000ff82 (0x00178713) addi    a4, a5, 1
core   0: 3 0x000000008000ff82 (0x00178713) x14 0x00000000800120b9
core   0: 0x000000008000ff86 (0xfee43023) sd      a4, -32(s0)
core   0: 3 0x000000008000ff86 (0xfee43023) mem 0x0000000080031f50 0x00000000800120b9
core   0: 0x000000008000ff8a (0xfc442703) lw      a4, -60(s0)
core   0: 3 0x000000008000ff8a (0xfc442703) x14 0x0000000000000000 mem 0x0000000080031f34
core   0: 0x000000008000ff8e (0x0ff77713) andi    a4, a4, 255
core   0: 3 0x000000008000ff8e (0x0ff77713) x14 0x0000000000000000
core   0: 0x000000008000ff92 (0x00e78023) sb      a4, 0(a5)
core   0: 3 0x000000008000ff92 (0x00e78023) mem 0x00000000800120b8 0x00
core   0: 0x000000008000ff96 (0xfc843703) ld      a4, -56(s0)
core   0: 3 0x000000008000ff96 (0xfc843703) x14 0x0000000080012040 mem 0x0000000080031f38
core   0: 0x000000008000ff9a (0xfb843783) ld      a5, -72(s0)
core   0: 3 0x000000008000ff9a (0xfb843783) x15 0x000000000000009c mem 0x0000000080031f28
core   0: 0x000000008000ff9e (0x000097ba) c.add   a5, a4
core   0: 3 0x000000008000ff9e (0x97ba) x15 0x00000000800120dc
core   0: 0x000000008000ffa0 (0xfe043703) ld      a4, -32(s0)
core   0: 3 0x000000008000ffa0 (0xfe043703) x14 0x00000000800120b9 mem 0x0000000080031f50
core   0: 0x000000008000ffa4 (0xfcf76de3) bltu    a4, a5, pc - 38
core   0: 3 0x000000008000ffa4 (0xfcf76de3)
core   0: 0x000000008000ff7e (0xfe043783) ld      a5, -32(s0)
core   0: 3 0x000000008000ff7e (0xfe043783) x15 0x00000000800120b9 mem 0x0000000080031f50
core   0: 0x000000008000ff82 (0x00178713) addi    a4, a5, 1
core   0: 3 0x000000008000ff82 (0x00178713) x14 0x00000000800120ba
core   0: 0x000000008000ff86 (0xfee43023) sd      a4, -32(s0)
core   0: 3 0x000000008000ff86 (0xfee43023) mem 0x0000000080031f50 0x00000000800120ba
core   0: 0x000000008000ff8a (0xfc442703) lw      a4, -60(s0)
core   0: 3 0x000000008000ff8a (0xfc442703) x14 0x0000000000000000 mem 0x0000000080031f34
core   0: 0x000000008000ff8e (0x0ff77713) andi    a4, a4, 255
core   0: 3 0x000000008000ff8e (0x0ff77713) x14 0x0000000000000000
core   0: 0x000000008000ff92 (0x00e78023) sb      a4, 0(a5)
core   0: 3 0x000000008000ff92 (0x00e78023) mem 0x00000000800120b9 0x00
core   0: 0x000000008000ff96 (0xfc843703) ld      a4, -56(s0)
core   0: 3 0x000000008000ff96 (0xfc843703) x14 0x0000000080012040 mem 0x0000000080031f38
core   0: 0x000000008000ff9a (0xfb843783) ld      a5, -72(s0)
core   0: 3 0x000000008000ff9a (0xfb843783) x15 0x000000000000009c mem 0x0000000080031f28
core   0: 0x000000008000ff9e (0x000097ba) c.add   a5, a4
core   0: 3 0x000000008000ff9e (0x97ba) x15 0x00000000800120dc
core   0: 0x000000008000ffa0 (0xfe043703) ld      a4, -32(s0)
core   0: 3 0x000000008000ffa0 (0xfe043703) x14 0x00000000800120ba mem 0x0000000080031f50
core   0: 0x000000008000ffa4 (0xfcf76de3) bltu    a4, a5, pc - 38
core   0: 3 0x000000008000ffa4 (0xfcf76de3)
core   0: 0x000000008000ff7e (0xfe043783) ld      a5, -32(s0)
core   0: 3 0x000000008000ff7e (0xfe043783) x15 0x00000000800120ba mem 0x0000000080031f50
core   0: 0x000000008000ff82 (0x00178713) addi    a4, a5, 1
core   0: 3 0x000000008000ff82 (0x00178713) x14 0x00000000800120bb
core   0: 0x000000008000ff86 (0xfee43023) sd      a4, -32(s0)
core   0: 3 0x000000008000ff86 (0xfee43023) mem 0x0000000080031f50 0x00000000800120bb
core   0: 0x000000008000ff8a (0xfc442703) lw      a4, -60(s0)
core   0: 3 0x000000008000ff8a (0xfc442703) x14 0x0000000000000000 mem 0x0000000080031f34
core   0: 0x000000008000ff8e (0x0ff77713) andi    a4, a4, 255
core   0: 3 0x000000008000ff8e (0x0ff77713) x14 0x0000000000000000
core   0: 0x000000008000ff92 (0x00e78023) sb      a4, 0(a5)
core   0: 3 0x000000008000ff92 (0x00e78023) mem 0x00000000800120ba 0x00
core   0: 0x000000008000ff96 (0xfc843703) ld      a4, -56(s0)
core   0: 3 0x000000008000ff96 (0xfc843703) x14 0x0000000080012040 mem 0x0000000080031f38
core   0: 0x000000008000ff9a (0xfb843783) ld      a5, -72(s0)
core   0: 3 0x000000008000ff9a (0xfb843783) x15 0x000000000000009c mem 0x0000000080031f28
core   0: 0x000000008000ff9e (0x000097ba) c.add   a5, a4
core   0: 3 0x000000008000ff9e (0x97ba) x15 0x00000000800120dc
core   0: 0x000000008000ffa0 (0xfe043703) ld      a4, -32(s0)
core   0: 3 0x000000008000ffa0 (0xfe043703) x14 0x00000000800120bb mem 0x0000000080031f50
core   0: 0x000000008000ffa4 (0xfcf76de3) bltu    a4, a5, pc - 38
core   0: 3 0x000000008000ffa4 (0xfcf76de3)
core   0: 0x000000008000ff7e (0xfe043783) ld      a5, -32(s0)
core   0: 3 0x000000008000ff7e (0xfe043783) x15 0x00000000800120bb mem 0x0000000080031f50
core   0: 0x000000008000ff82 (0x00178713) addi    a4, a5, 1
core   0: 3 0x000000008000ff82 (0x00178713) x14 0x00000000800120bc
core   0: 0x000000008000ff86 (0xfee43023) sd      a4, -32(s0)
core   0: 3 0x000000008000ff86 (0xfee43023) mem 0x0000000080031f50 0x00000000800120bc
core   0: 0x000000008000ff8a (0xfc442703) lw      a4, -60(s0)
core   0: 3 0x000000008000ff8a (0xfc442703) x14 0x0000000000000000 mem 0x0000000080031f34
core   0: 0x000000008000ff8e (0x0ff77713) andi    a4, a4, 255
core   0: 3 0x000000008000ff8e (0x0ff77713) x14 0x0000000000000000
core   0: 0x000000008000ff92 (0x00e78023) sb      a4, 0(a5)
core   0: 3 0x000000008000ff92 (0x00e78023) mem 0x00000000800120bb 0x00
core   0: 0x000000008000ff96 (0xfc843703) ld      a4, -56(s0)
core   0: 3 0x000000008000ff96 (0xfc843703) x14 0x0000000080012040 mem 0x0000000080031f38
core   0: 0x000000008000ff9a (0xfb843783) ld      a5, -72(s0)
core   0: 3 0x000000008000ff9a (0xfb843783) x15 0x000000000000009c mem 0x0000000080031f28
core   0: 0x000000008000ff9e (0x000097ba) c.add   a5, a4
core   0: 3 0x000000008000ff9e (0x97ba) x15 0x00000000800120dc
core   0: 0x000000008000ffa0 (0xfe043703) ld      a4, -32(s0)
core   0: 3 0x000000008000ffa0 (0xfe043703) x14 0x00000000800120bc mem 0x0000000080031f50
core   0: 0x000000008000ffa4 (0xfcf76de3) bltu    a4, a5, pc - 38
core   0: 3 0x000000008000ffa4 (0xfcf76de3)
core   0: 0x000000008000ff7e (0xfe043783) ld      a5, -32(s0)
core   0: 3 0x000000008000ff7e (0xfe043783) x15 0x00000000800120bc mem 0x0000000080031f50
core   0: 0x000000008000ff82 (0x00178713) addi    a4, a5, 1
core   0: 3 0x000000008000ff82 (0x00178713) x14 0x00000000800120bd
core   0: 0x000000008000ff86 (0xfee43023) sd      a4, -32(s0)
core   0: 3 0x000000008000ff86 (0xfee43023) mem 0x0000000080031f50 0x00000000800120bd
core   0: 0x000000008000ff8a (0xfc442703) lw      a4, -60(s0)
core   0: 3 0x000000008000ff8a (0xfc442703) x14 0x0000000000000000 mem 0x0000000080031f34
core   0: 0x000000008000ff8e (0x0ff77713) andi    a4, a4, 255
core   0: 3 0x000000008000ff8e (0x0ff77713) x14 0x0000000000000000
core   0: 0x000000008000ff92 (0x00e78023) sb      a4, 0(a5)
core   0: 3 0x000000008000ff92 (0x00e78023) mem 0x00000000800120bc 0x00
core   0: 0x000000008000ff96 (0xfc843703) ld      a4, -56(s0)
core   0: 3 0x000000008000ff96 (0xfc843703) x14 0x0000000080012040 mem 0x0000000080031f38
core   0: 0x000000008000ff9a (0xfb843783) ld      a5, -72(s0)
core   0: 3 0x000000008000ff9a (0xfb843783) x15 0x000000000000009c mem 0x0000000080031f28
core   0: 0x000000008000ff9e (0x000097ba) c.add   a5, a4
core   0: 3 0x000000008000ff9e (0x97ba) x15 0x00000000800120dc
core   0: 0x000000008000ffa0 (0xfe043703) ld      a4, -32(s0)
core   0: 3 0x000000008000ffa0 (0xfe043703) x14 0x00000000800120bd mem 0x0000000080031f50
core   0: 0x000000008000ffa4 (0xfcf76de3) bltu    a4, a5, pc - 38
core   0: 3 0x000000008000ffa4 (0xfcf76de3)
core   0: 0x000000008000ff7e (0xfe043783) ld      a5, -32(s0)
core   0: 3 0x000000008000ff7e (0xfe043783) x15 0x00000000800120bd mem 0x0000000080031f50
core   0: 0x000000008000ff82 (0x00178713) addi    a4, a5, 1
core   0: 3 0x000000008000ff82 (0x00178713) x14 0x00000000800120be
core   0: 0x000000008000ff86 (0xfee43023) sd      a4, -32(s0)
core   0: 3 0x000000008000ff86 (0xfee43023) mem 0x0000000080031f50 0x00000000800120be
core   0: 0x000000008000ff8a (0xfc442703) lw      a4, -60(s0)
core   0: 3 0x000000008000ff8a (0xfc442703) x14 0x0000000000000000 mem 0x0000000080031f34
core   0: 0x000000008000ff8e (0x0ff77713) andi    a4, a4, 255
core   0: 3 0x000000008000ff8e (0x0ff77713) x14 0x0000000000000000
core   0: 0x000000008000ff92 (0x00e78023) sb      a4, 0(a5)
core   0: 3 0x000000008000ff92 (0x00e78023) mem 0x00000000800120bd 0x00
core   0: 0x000000008000ff96 (0xfc843703) ld      a4, -56(s0)
core   0: 3 0x000000008000ff96 (0xfc843703) x14 0x0000000080012040 mem 0x0000000080031f38
core   0: 0x000000008000ff9a (0xfb843783) ld      a5, -72(s0)
core   0: 3 0x000000008000ff9a (0xfb843783) x15 0x000000000000009c mem 0x0000000080031f28
core   0: 0x000000008000ff9e (0x000097ba) c.add   a5, a4
core   0: 3 0x000000008000ff9e (0x97ba) x15 0x00000000800120dc
core   0: 0x000000008000ffa0 (0xfe043703) ld      a4, -32(s0)
core   0: 3 0x000000008000ffa0 (0xfe043703) x14 0x00000000800120be mem 0x0000000080031f50
core   0: 0x000000008000ffa4 (0xfcf76de3) bltu    a4, a5, pc - 38
core   0: 3 0x000000008000ffa4 (0xfcf76de3)
core   0: 0x000000008000ff7e (0xfe043783) ld      a5, -32(s0)
core   0: 3 0x000000008000ff7e (0xfe043783) x15 0x00000000800120be mem 0x0000000080031f50
core   0: 0x000000008000ff82 (0x00178713) addi    a4, a5, 1
core   0: 3 0x000000008000ff82 (0x00178713) x14 0x00000000800120bf
core   0: 0x000000008000ff86 (0xfee43023) sd      a4, -32(s0)
core   0: 3 0x000000008000ff86 (0xfee43023) mem 0x0000000080031f50 0x00000000800120bf
core   0: 0x000000008000ff8a (0xfc442703) lw      a4, -60(s0)
core   0: 3 0x000000008000ff8a (0xfc442703) x14 0x0000000000000000 mem 0x0000000080031f34
core   0: 0x000000008000ff8e (0x0ff77713) andi    a4, a4, 255
core   0: 3 0x000000008000ff8e (0x0ff77713) x14 0x0000000000000000
core   0: 0x000000008000ff92 (0x00e78023) sb      a4, 0(a5)
core   0: 3 0x000000008000ff92 (0x00e78023) mem 0x00000000800120be 0x00
core   0: 0x000000008000ff96 (0xfc843703) ld      a4, -56(s0)
core   0: 3 0x000000008000ff96 (0xfc843703) x14 0x0000000080012040 mem 0x0000000080031f38
core   0: 0x000000008000ff9a (0xfb843783) ld      a5, -72(s0)
core   0: 3 0x000000008000ff9a (0xfb843783) x15 0x000000000000009c mem 0x0000000080031f28
core   0: 0x000000008000ff9e (0x000097ba) c.add   a5, a4
core   0: 3 0x000000008000ff9e (0x97ba) x15 0x00000000800120dc
core   0: 0x000000008000ffa0 (0xfe043703) ld      a4, -32(s0)
core   0: 3 0x000000008000ffa0 (0xfe043703) x14 0x00000000800120bf mem 0x0000000080031f50
core   0: 0x000000008000ffa4 (0xfcf76de3) bltu    a4, a5, pc - 38
core   0: 3 0x000000008000ffa4 (0xfcf76de3)
core   0: 0x000000008000ff7e (0xfe043783) ld      a5, -32(s0)
core   0: 3 0x000000008000ff7e (0xfe043783) x15 0x00000000800120bf mem 0x0000000080031f50
core   0: 0x000000008000ff82 (0x00178713) addi    a4, a5, 1
core   0: 3 0x000000008000ff82 (0x00178713) x14 0x00000000800120c0
core   0: 0x000000008000ff86 (0xfee43023) sd      a4, -32(s0)
core   0: 3 0x000000008000ff86 (0xfee43023) mem 0x0000000080031f50 0x00000000800120c0
core   0: 0x000000008000ff8a (0xfc442703) lw      a4, -60(s0)
core   0: 3 0x000000008000ff8a (0xfc442703) x14 0x0000000000000000 mem 0x0000000080031f34
core   0: 0x000000008000ff8e (0x0ff77713) andi    a4, a4, 255
core   0: 3 0x000000008000ff8e (0x0ff77713) x14 0x0000000000000000
core   0: 0x000000008000ff92 (0x00e78023) sb      a4, 0(a5)
core   0: 3 0x000000008000ff92 (0x00e78023) mem 0x00000000800120bf 0x00
core   0: 0x000000008000ff96 (0xfc843703) ld      a4, -56(s0)
core   0: 3 0x000000008000ff96 (0xfc843703) x14 0x0000000080012040 mem 0x0000000080031f38
core   0: 0x000000008000ff9a (0xfb843783) ld      a5, -72(s0)
core   0: 3 0x000000008000ff9a (0xfb843783) x15 0x000000000000009c mem 0x0000000080031f28
core   0: 0x000000008000ff9e (0x000097ba) c.add   a5, a4
core   0: 3 0x000000008000ff9e (0x97ba) x15 0x00000000800120dc
core   0: 0x000000008000ffa0 (0xfe043703) ld      a4, -32(s0)
core   0: 3 0x000000008000ffa0 (0xfe043703) x14 0x00000000800120c0 mem 0x0000000080031f50
core   0: 0x000000008000ffa4 (0xfcf76de3) bltu    a4, a5, pc - 38
core   0: 3 0x000000008000ffa4 (0xfcf76de3)
core   0: 0x000000008000ff7e (0xfe043783) ld      a5, -32(s0)
core   0: 3 0x000000008000ff7e (0xfe043783) x15 0x00000000800120c0 mem 0x0000000080031f50
core   0: 0x000000008000ff82 (0x00178713) addi    a4, a5, 1
core   0: 3 0x000000008000ff82 (0x00178713) x14 0x00000000800120c1
core   0: 0x000000008000ff86 (0xfee43023) sd      a4, -32(s0)
core   0: 3 0x000000008000ff86 (0xfee43023) mem 0x0000000080031f50 0x00000000800120c1
core   0: 0x000000008000ff8a (0xfc442703) lw      a4, -60(s0)
core   0: 3 0x000000008000ff8a (0xfc442703) x14 0x0000000000000000 mem 0x0000000080031f34
core   0: 0x000000008000ff8e (0x0ff77713) andi    a4, a4, 255
core   0: 3 0x000000008000ff8e (0x0ff77713) x14 0x0000000000000000
core   0: 0x000000008000ff92 (0x00e78023) sb      a4, 0(a5)
core   0: 3 0x000000008000ff92 (0x00e78023) mem 0x00000000800120c0 0x00
core   0: 0x000000008000ff96 (0xfc843703) ld      a4, -56(s0)
core   0: 3 0x000000008000ff96 (0xfc843703) x14 0x0000000080012040 mem 0x0000000080031f38
core   0: 0x000000008000ff9a (0xfb843783) ld      a5, -72(s0)
core   0: 3 0x000000008000ff9a (0xfb843783) x15 0x000000000000009c mem 0x0000000080031f28
core   0: 0x000000008000ff9e (0x000097ba) c.add   a5, a4
core   0: 3 0x000000008000ff9e (0x97ba) x15 0x00000000800120dc
core   0: 0x000000008000ffa0 (0xfe043703) ld      a4, -32(s0)
core   0: 3 0x000000008000ffa0 (0xfe043703) x14 0x00000000800120c1 mem 0x0000000080031f50
core   0: 0x000000008000ffa4 (0xfcf76de3) bltu    a4, a5, pc - 38
core   0: 3 0x000000008000ffa4 (0xfcf76de3)
core   0: 0x000000008000ff7e (0xfe043783) ld      a5, -32(s0)
core   0: 3 0x000000008000ff7e (0xfe043783) x15 0x00000000800120c1 mem 0x0000000080031f50
core   0: 0x000000008000ff82 (0x00178713) addi    a4, a5, 1
core   0: 3 0x000000008000ff82 (0x00178713) x14 0x00000000800120c2
core   0: 0x000000008000ff86 (0xfee43023) sd      a4, -32(s0)
core   0: 3 0x000000008000ff86 (0xfee43023) mem 0x0000000080031f50 0x00000000800120c2
core   0: 0x000000008000ff8a (0xfc442703) lw      a4, -60(s0)
core   0: 3 0x000000008000ff8a (0xfc442703) x14 0x0000000000000000 mem 0x0000000080031f34
core   0: 0x000000008000ff8e (0x0ff77713) andi    a4, a4, 255
core   0: 3 0x000000008000ff8e (0x0ff77713) x14 0x0000000000000000
core   0: 0x000000008000ff92 (0x00e78023) sb      a4, 0(a5)
core   0: 3 0x000000008000ff92 (0x00e78023) mem 0x00000000800120c1 0x00
core   0: 0x000000008000ff96 (0xfc843703) ld      a4, -56(s0)
core   0: 3 0x000000008000ff96 (0xfc843703) x14 0x0000000080012040 mem 0x0000000080031f38
core   0: 0x000000008000ff9a (0xfb843783) ld      a5, -72(s0)
core   0: 3 0x000000008000ff9a (0xfb843783) x15 0x000000000000009c mem 0x0000000080031f28
core   0: 0x000000008000ff9e (0x000097ba) c.add   a5, a4
core   0: 3 0x000000008000ff9e (0x97ba) x15 0x00000000800120dc
core   0: 0x000000008000ffa0 (0xfe043703) ld      a4, -32(s0)
core   0: 3 0x000000008000ffa0 (0xfe043703) x14 0x00000000800120c2 mem 0x0000000080031f50
core   0: 0x000000008000ffa4 (0xfcf76de3) bltu    a4, a5, pc - 38
core   0: 3 0x000000008000ffa4 (0xfcf76de3)
core   0: 0x000000008000ff7e (0xfe043783) ld      a5, -32(s0)
core   0: 3 0x000000008000ff7e (0xfe043783) x15 0x00000000800120c2 mem 0x0000000080031f50
core   0: 0x000000008000ff82 (0x00178713) addi    a4, a5, 1
core   0: 3 0x000000008000ff82 (0x00178713) x14 0x00000000800120c3
core   0: 0x000000008000ff86 (0xfee43023) sd      a4, -32(s0)
core   0: 3 0x000000008000ff86 (0xfee43023) mem 0x0000000080031f50 0x00000000800120c3
core   0: 0x000000008000ff8a (0xfc442703) lw      a4, -60(s0)
core   0: 3 0x000000008000ff8a (0xfc442703) x14 0x0000000000000000 mem 0x0000000080031f34
core   0: 0x000000008000ff8e (0x0ff77713) andi    a4, a4, 255
core   0: 3 0x000000008000ff8e (0x0ff77713) x14 0x0000000000000000
core   0: 0x000000008000ff92 (0x00e78023) sb      a4, 0(a5)
core   0: 3 0x000000008000ff92 (0x00e78023) mem 0x00000000800120c2 0x00
core   0: 0x000000008000ff96 (0xfc843703) ld      a4, -56(s0)
core   0: 3 0x000000008000ff96 (0xfc843703) x14 0x0000000080012040 mem 0x0000000080031f38
core   0: 0x000000008000ff9a (0xfb843783) ld      a5, -72(s0)
core   0: 3 0x000000008000ff9a (0xfb843783) x15 0x000000000000009c mem 0x0000000080031f28
core   0: 0x000000008000ff9e (0x000097ba) c.add   a5, a4
core   0: 3 0x000000008000ff9e (0x97ba) x15 0x00000000800120dc
core   0: 0x000000008000ffa0 (0xfe043703) ld      a4, -32(s0)
core   0: 3 0x000000008000ffa0 (0xfe043703) x14 0x00000000800120c3 mem 0x0000000080031f50
core   0: 0x000000008000ffa4 (0xfcf76de3) bltu    a4, a5, pc - 38
core   0: 3 0x000000008000ffa4 (0xfcf76de3)
core   0: 0x000000008000ff7e (0xfe043783) ld      a5, -32(s0)
core   0: 3 0x000000008000ff7e (0xfe043783) x15 0x00000000800120c3 mem 0x0000000080031f50
core   0: 0x000000008000ff82 (0x00178713) addi    a4, a5, 1
core   0: 3 0x000000008000ff82 (0x00178713) x14 0x00000000800120c4
core   0: 0x000000008000ff86 (0xfee43023) sd      a4, -32(s0)
core   0: 3 0x000000008000ff86 (0xfee43023) mem 0x0000000080031f50 0x00000000800120c4
core   0: 0x000000008000ff8a (0xfc442703) lw      a4, -60(s0)
core   0: 3 0x000000008000ff8a (0xfc442703) x14 0x0000000000000000 mem 0x0000000080031f34
core   0: 0x000000008000ff8e (0x0ff77713) andi    a4, a4, 255
core   0: 3 0x000000008000ff8e (0x0ff77713) x14 0x0000000000000000
core   0: 0x000000008000ff92 (0x00e78023) sb      a4, 0(a5)
core   0: 3 0x000000008000ff92 (0x00e78023) mem 0x00000000800120c3 0x00
core   0: 0x000000008000ff96 (0xfc843703) ld      a4, -56(s0)
core   0: 3 0x000000008000ff96 (0xfc843703) x14 0x0000000080012040 mem 0x0000000080031f38
core   0: 0x000000008000ff9a (0xfb843783) ld      a5, -72(s0)
core   0: 3 0x000000008000ff9a (0xfb843783) x15 0x000000000000009c mem 0x0000000080031f28
core   0: 0x000000008000ff9e (0x000097ba) c.add   a5, a4
core   0: 3 0x000000008000ff9e (0x97ba) x15 0x00000000800120dc
core   0: 0x000000008000ffa0 (0xfe043703) ld      a4, -32(s0)
core   0: 3 0x000000008000ffa0 (0xfe043703) x14 0x00000000800120c4 mem 0x0000000080031f50
core   0: 0x000000008000ffa4 (0xfcf76de3) bltu    a4, a5, pc - 38
core   0: 3 0x000000008000ffa4 (0xfcf76de3)
core   0: 0x000000008000ff7e (0xfe043783) ld      a5, -32(s0)
core   0: 3 0x000000008000ff7e (0xfe043783) x15 0x00000000800120c4 mem 0x0000000080031f50
core   0: 0x000000008000ff82 (0x00178713) addi    a4, a5, 1
core   0: 3 0x000000008000ff82 (0x00178713) x14 0x00000000800120c5
core   0: 0x000000008000ff86 (0xfee43023) sd      a4, -32(s0)
core   0: 3 0x000000008000ff86 (0xfee43023) mem 0x0000000080031f50 0x00000000800120c5
core   0: 0x000000008000ff8a (0xfc442703) lw      a4, -60(s0)
core   0: 3 0x000000008000ff8a (0xfc442703) x14 0x0000000000000000 mem 0x0000000080031f34
core   0: 0x000000008000ff8e (0x0ff77713) andi    a4, a4, 255
core   0: 3 0x000000008000ff8e (0x0ff77713) x14 0x0000000000000000
core   0: 0x000000008000ff92 (0x00e78023) sb      a4, 0(a5)
core   0: 3 0x000000008000ff92 (0x00e78023) mem 0x00000000800120c4 0x00
core   0: 0x000000008000ff96 (0xfc843703) ld      a4, -56(s0)
core   0: 3 0x000000008000ff96 (0xfc843703) x14 0x0000000080012040 mem 0x0000000080031f38
core   0: 0x000000008000ff9a (0xfb843783) ld      a5, -72(s0)
core   0: 3 0x000000008000ff9a (0xfb843783) x15 0x000000000000009c mem 0x0000000080031f28
core   0: 0x000000008000ff9e (0x000097ba) c.add   a5, a4
core   0: 3 0x000000008000ff9e (0x97ba) x15 0x00000000800120dc
core   0: 0x000000008000ffa0 (0xfe043703) ld      a4, -32(s0)
core   0: 3 0x000000008000ffa0 (0xfe043703) x14 0x00000000800120c5 mem 0x0000000080031f50
core   0: 0x000000008000ffa4 (0xfcf76de3) bltu    a4, a5, pc - 38
core   0: 3 0x000000008000ffa4 (0xfcf76de3)
core   0: 0x000000008000ff7e (0xfe043783) ld      a5, -32(s0)
core   0: 3 0x000000008000ff7e (0xfe043783) x15 0x00000000800120c5 mem 0x0000000080031f50
core   0: 0x000000008000ff82 (0x00178713) addi    a4, a5, 1
core   0: 3 0x000000008000ff82 (0x00178713) x14 0x00000000800120c6
core   0: 0x000000008000ff86 (0xfee43023) sd      a4, -32(s0)
core   0: 3 0x000000008000ff86 (0xfee43023) mem 0x0000000080031f50 0x00000000800120c6
core   0: 0x000000008000ff8a (0xfc442703) lw      a4, -60(s0)
core   0: 3 0x000000008000ff8a (0xfc442703) x14 0x0000000000000000 mem 0x0000000080031f34
core   0: 0x000000008000ff8e (0x0ff77713) andi    a4, a4, 255
core   0: 3 0x000000008000ff8e (0x0ff77713) x14 0x0000000000000000
core   0: 0x000000008000ff92 (0x00e78023) sb      a4, 0(a5)
core   0: 3 0x000000008000ff92 (0x00e78023) mem 0x00000000800120c5 0x00
core   0: 0x000000008000ff96 (0xfc843703) ld      a4, -56(s0)
core   0: 3 0x000000008000ff96 (0xfc843703) x14 0x0000000080012040 mem 0x0000000080031f38
core   0: 0x000000008000ff9a (0xfb843783) ld      a5, -72(s0)
core   0: 3 0x000000008000ff9a (0xfb843783) x15 0x000000000000009c mem 0x0000000080031f28
core   0: 0x000000008000ff9e (0x000097ba) c.add   a5, a4
core   0: 3 0x000000008000ff9e (0x97ba) x15 0x00000000800120dc
core   0: 0x000000008000ffa0 (0xfe043703) ld      a4, -32(s0)
core   0: 3 0x000000008000ffa0 (0xfe043703) x14 0x00000000800120c6 mem 0x0000000080031f50
core   0: 0x000000008000ffa4 (0xfcf76de3) bltu    a4, a5, pc - 38
core   0: 3 0x000000008000ffa4 (0xfcf76de3)
core   0: 0x000000008000ff7e (0xfe043783) ld      a5, -32(s0)
core   0: 3 0x000000008000ff7e (0xfe043783) x15 0x00000000800120c6 mem 0x0000000080031f50
core   0: 0x000000008000ff82 (0x00178713) addi    a4, a5, 1
core   0: 3 0x000000008000ff82 (0x00178713) x14 0x00000000800120c7
core   0: 0x000000008000ff86 (0xfee43023) sd      a4, -32(s0)
core   0: 3 0x000000008000ff86 (0xfee43023) mem 0x0000000080031f50 0x00000000800120c7
core   0: 0x000000008000ff8a (0xfc442703) lw      a4, -60(s0)
core   0: 3 0x000000008000ff8a (0xfc442703) x14 0x0000000000000000 mem 0x0000000080031f34
core   0: 0x000000008000ff8e (0x0ff77713) andi    a4, a4, 255
core   0: 3 0x000000008000ff8e (0x0ff77713) x14 0x0000000000000000
core   0: 0x000000008000ff92 (0x00e78023) sb      a4, 0(a5)
core   0: 3 0x000000008000ff92 (0x00e78023) mem 0x00000000800120c6 0x00
core   0: 0x000000008000ff96 (0xfc843703) ld      a4, -56(s0)
core   0: 3 0x000000008000ff96 (0xfc843703) x14 0x0000000080012040 mem 0x0000000080031f38
core   0: 0x000000008000ff9a (0xfb843783) ld      a5, -72(s0)
core   0: 3 0x000000008000ff9a (0xfb843783) x15 0x000000000000009c mem 0x0000000080031f28
core   0: 0x000000008000ff9e (0x000097ba) c.add   a5, a4
core   0: 3 0x000000008000ff9e (0x97ba) x15 0x00000000800120dc
core   0: 0x000000008000ffa0 (0xfe043703) ld      a4, -32(s0)
core   0: 3 0x000000008000ffa0 (0xfe043703) x14 0x00000000800120c7 mem 0x0000000080031f50
core   0: 0x000000008000ffa4 (0xfcf76de3) bltu    a4, a5, pc - 38
core   0: 3 0x000000008000ffa4 (0xfcf76de3)
core   0: 0x000000008000ff7e (0xfe043783) ld      a5, -32(s0)
core   0: 3 0x000000008000ff7e (0xfe043783) x15 0x00000000800120c7 mem 0x0000000080031f50
core   0: 0x000000008000ff82 (0x00178713) addi    a4, a5, 1
core   0: 3 0x000000008000ff82 (0x00178713) x14 0x00000000800120c8
core   0: 0x000000008000ff86 (0xfee43023) sd      a4, -32(s0)
core   0: 3 0x000000008000ff86 (0xfee43023) mem 0x0000000080031f50 0x00000000800120c8
core   0: 0x000000008000ff8a (0xfc442703) lw      a4, -60(s0)
core   0: 3 0x000000008000ff8a (0xfc442703) x14 0x0000000000000000 mem 0x0000000080031f34
core   0: 0x000000008000ff8e (0x0ff77713) andi    a4, a4, 255
core   0: 3 0x000000008000ff8e (0x0ff77713) x14 0x0000000000000000
core   0: 0x000000008000ff92 (0x00e78023) sb      a4, 0(a5)
core   0: 3 0x000000008000ff92 (0x00e78023) mem 0x00000000800120c7 0x00
core   0: 0x000000008000ff96 (0xfc843703) ld      a4, -56(s0)
core   0: 3 0x000000008000ff96 (0xfc843703) x14 0x0000000080012040 mem 0x0000000080031f38
core   0: 0x000000008000ff9a (0xfb843783) ld      a5, -72(s0)
core   0: 3 0x000000008000ff9a (0xfb843783) x15 0x000000000000009c mem 0x0000000080031f28
core   0: 0x000000008000ff9e (0x000097ba) c.add   a5, a4
core   0: 3 0x000000008000ff9e (0x97ba) x15 0x00000000800120dc
core   0: 0x000000008000ffa0 (0xfe043703) ld      a4, -32(s0)
core   0: 3 0x000000008000ffa0 (0xfe043703) x14 0x00000000800120c8 mem 0x0000000080031f50
core   0: 0x000000008000ffa4 (0xfcf76de3) bltu    a4, a5, pc - 38
core   0: 3 0x000000008000ffa4 (0xfcf76de3)
core   0: 0x000000008000ff7e (0xfe043783) ld      a5, -32(s0)
core   0: 3 0x000000008000ff7e (0xfe043783) x15 0x00000000800120c8 mem 0x0000000080031f50
core   0: 0x000000008000ff82 (0x00178713) addi    a4, a5, 1
core   0: 3 0x000000008000ff82 (0x00178713) x14 0x00000000800120c9
core   0: 0x000000008000ff86 (0xfee43023) sd      a4, -32(s0)
core   0: 3 0x000000008000ff86 (0xfee43023) mem 0x0000000080031f50 0x00000000800120c9
core   0: 0x000000008000ff8a (0xfc442703) lw      a4, -60(s0)
core   0: 3 0x000000008000ff8a (0xfc442703) x14 0x0000000000000000 mem 0x0000000080031f34
core   0: 0x000000008000ff8e (0x0ff77713) andi    a4, a4, 255
core   0: 3 0x000000008000ff8e (0x0ff77713) x14 0x0000000000000000
core   0: 0x000000008000ff92 (0x00e78023) sb      a4, 0(a5)
core   0: 3 0x000000008000ff92 (0x00e78023) mem 0x00000000800120c8 0x00
core   0: 0x000000008000ff96 (0xfc843703) ld      a4, -56(s0)
core   0: 3 0x000000008000ff96 (0xfc843703) x14 0x0000000080012040 mem 0x0000000080031f38
core   0: 0x000000008000ff9a (0xfb843783) ld      a5, -72(s0)
core   0: 3 0x000000008000ff9a (0xfb843783) x15 0x000000000000009c mem 0x0000000080031f28
core   0: 0x000000008000ff9e (0x000097ba) c.add   a5, a4
core   0: 3 0x000000008000ff9e (0x97ba) x15 0x00000000800120dc
core   0: 0x000000008000ffa0 (0xfe043703) ld      a4, -32(s0)
core   0: 3 0x000000008000ffa0 (0xfe043703) x14 0x00000000800120c9 mem 0x0000000080031f50
core   0: 0x000000008000ffa4 (0xfcf76de3) bltu    a4, a5, pc - 38
core   0: 3 0x000000008000ffa4 (0xfcf76de3)
core   0: 0x000000008000ff7e (0xfe043783) ld      a5, -32(s0)
core   0: 3 0x000000008000ff7e (0xfe043783) x15 0x00000000800120c9 mem 0x0000000080031f50
core   0: 0x000000008000ff82 (0x00178713) addi    a4, a5, 1
core   0: 3 0x000000008000ff82 (0x00178713) x14 0x00000000800120ca
core   0: 0x000000008000ff86 (0xfee43023) sd      a4, -32(s0)
core   0: 3 0x000000008000ff86 (0xfee43023) mem 0x0000000080031f50 0x00000000800120ca
core   0: 0x000000008000ff8a (0xfc442703) lw      a4, -60(s0)
core   0: 3 0x000000008000ff8a (0xfc442703) x14 0x0000000000000000 mem 0x0000000080031f34
core   0: 0x000000008000ff8e (0x0ff77713) andi    a4, a4, 255
core   0: 3 0x000000008000ff8e (0x0ff77713) x14 0x0000000000000000
core   0: 0x000000008000ff92 (0x00e78023) sb      a4, 0(a5)
core   0: 3 0x000000008000ff92 (0x00e78023) mem 0x00000000800120c9 0x00
core   0: 0x000000008000ff96 (0xfc843703) ld      a4, -56(s0)
core   0: 3 0x000000008000ff96 (0xfc843703) x14 0x0000000080012040 mem 0x0000000080031f38
core   0: 0x000000008000ff9a (0xfb843783) ld      a5, -72(s0)
core   0: 3 0x000000008000ff9a (0xfb843783) x15 0x000000000000009c mem 0x0000000080031f28
core   0: 0x000000008000ff9e (0x000097ba) c.add   a5, a4
core   0: 3 0x000000008000ff9e (0x97ba) x15 0x00000000800120dc
core   0: 0x000000008000ffa0 (0xfe043703) ld      a4, -32(s0)
core   0: 3 0x000000008000ffa0 (0xfe043703) x14 0x00000000800120ca mem 0x0000000080031f50
core   0: 0x000000008000ffa4 (0xfcf76de3) bltu    a4, a5, pc - 38
core   0: 3 0x000000008000ffa4 (0xfcf76de3)
core   0: 0x000000008000ff7e (0xfe043783) ld      a5, -32(s0)
core   0: 3 0x000000008000ff7e (0xfe043783) x15 0x00000000800120ca mem 0x0000000080031f50
core   0: 0x000000008000ff82 (0x00178713) addi    a4, a5, 1
core   0: 3 0x000000008000ff82 (0x00178713) x14 0x00000000800120cb
core   0: 0x000000008000ff86 (0xfee43023) sd      a4, -32(s0)
core   0: 3 0x000000008000ff86 (0xfee43023) mem 0x0000000080031f50 0x00000000800120cb
core   0: 0x000000008000ff8a (0xfc442703) lw      a4, -60(s0)
core   0: 3 0x000000008000ff8a (0xfc442703) x14 0x0000000000000000 mem 0x0000000080031f34
core   0: 0x000000008000ff8e (0x0ff77713) andi    a4, a4, 255
core   0: 3 0x000000008000ff8e (0x0ff77713) x14 0x0000000000000000
core   0: 0x000000008000ff92 (0x00e78023) sb      a4, 0(a5)
core   0: 3 0x000000008000ff92 (0x00e78023) mem 0x00000000800120ca 0x00
core   0: 0x000000008000ff96 (0xfc843703) ld      a4, -56(s0)
core   0: 3 0x000000008000ff96 (0xfc843703) x14 0x0000000080012040 mem 0x0000000080031f38
core   0: 0x000000008000ff9a (0xfb843783) ld      a5, -72(s0)
core   0: 3 0x000000008000ff9a (0xfb843783) x15 0x000000000000009c mem 0x0000000080031f28
core   0: 0x000000008000ff9e (0x000097ba) c.add   a5, a4
core   0: 3 0x000000008000ff9e (0x97ba) x15 0x00000000800120dc
core   0: 0x000000008000ffa0 (0xfe043703) ld      a4, -32(s0)
core   0: 3 0x000000008000ffa0 (0xfe043703) x14 0x00000000800120cb mem 0x0000000080031f50
core   0: 0x000000008000ffa4 (0xfcf76de3) bltu    a4, a5, pc - 38
core   0: 3 0x000000008000ffa4 (0xfcf76de3)
core   0: 0x000000008000ff7e (0xfe043783) ld      a5, -32(s0)
core   0: 3 0x000000008000ff7e (0xfe043783) x15 0x00000000800120cb mem 0x0000000080031f50
core   0: 0x000000008000ff82 (0x00178713) addi    a4, a5, 1
core   0: 3 0x000000008000ff82 (0x00178713) x14 0x00000000800120cc
core   0: 0x000000008000ff86 (0xfee43023) sd      a4, -32(s0)
core   0: 3 0x000000008000ff86 (0xfee43023) mem 0x0000000080031f50 0x00000000800120cc
core   0: 0x000000008000ff8a (0xfc442703) lw      a4, -60(s0)
core   0: 3 0x000000008000ff8a (0xfc442703) x14 0x0000000000000000 mem 0x0000000080031f34
core   0: 0x000000008000ff8e (0x0ff77713) andi    a4, a4, 255
core   0: 3 0x000000008000ff8e (0x0ff77713) x14 0x0000000000000000
core   0: 0x000000008000ff92 (0x00e78023) sb      a4, 0(a5)
core   0: 3 0x000000008000ff92 (0x00e78023) mem 0x00000000800120cb 0x00
core   0: 0x000000008000ff96 (0xfc843703) ld      a4, -56(s0)
core   0: 3 0x000000008000ff96 (0xfc843703) x14 0x0000000080012040 mem 0x0000000080031f38
core   0: 0x000000008000ff9a (0xfb843783) ld      a5, -72(s0)
core   0: 3 0x000000008000ff9a (0xfb843783) x15 0x000000000000009c mem 0x0000000080031f28
core   0: 0x000000008000ff9e (0x000097ba) c.add   a5, a4
core   0: 3 0x000000008000ff9e (0x97ba) x15 0x00000000800120dc
core   0: 0x000000008000ffa0 (0xfe043703) ld      a4, -32(s0)
core   0: 3 0x000000008000ffa0 (0xfe043703) x14 0x00000000800120cc mem 0x0000000080031f50
core   0: 0x000000008000ffa4 (0xfcf76de3) bltu    a4, a5, pc - 38
core   0: 3 0x000000008000ffa4 (0xfcf76de3)
core   0: 0x000000008000ff7e (0xfe043783) ld      a5, -32(s0)
core   0: 3 0x000000008000ff7e (0xfe043783) x15 0x00000000800120cc mem 0x0000000080031f50
core   0: 0x000000008000ff82 (0x00178713) addi    a4, a5, 1
core   0: 3 0x000000008000ff82 (0x00178713) x14 0x00000000800120cd
core   0: 0x000000008000ff86 (0xfee43023) sd      a4, -32(s0)
core   0: 3 0x000000008000ff86 (0xfee43023) mem 0x0000000080031f50 0x00000000800120cd
core   0: 0x000000008000ff8a (0xfc442703) lw      a4, -60(s0)
core   0: 3 0x000000008000ff8a (0xfc442703) x14 0x0000000000000000 mem 0x0000000080031f34
core   0: 0x000000008000ff8e (0x0ff77713) andi    a4, a4, 255
core   0: 3 0x000000008000ff8e (0x0ff77713) x14 0x0000000000000000
core   0: 0x000000008000ff92 (0x00e78023) sb      a4, 0(a5)
core   0: 3 0x000000008000ff92 (0x00e78023) mem 0x00000000800120cc 0x00
core   0: 0x000000008000ff96 (0xfc843703) ld      a4, -56(s0)
core   0: 3 0x000000008000ff96 (0xfc843703) x14 0x0000000080012040 mem 0x0000000080031f38
core   0: 0x000000008000ff9a (0xfb843783) ld      a5, -72(s0)
core   0: 3 0x000000008000ff9a (0xfb843783) x15 0x000000000000009c mem 0x0000000080031f28
core   0: 0x000000008000ff9e (0x000097ba) c.add   a5, a4
core   0: 3 0x000000008000ff9e (0x97ba) x15 0x00000000800120dc
core   0: 0x000000008000ffa0 (0xfe043703) ld      a4, -32(s0)
core   0: 3 0x000000008000ffa0 (0xfe043703) x14 0x00000000800120cd mem 0x0000000080031f50
core   0: 0x000000008000ffa4 (0xfcf76de3) bltu    a4, a5, pc - 38
core   0: 3 0x000000008000ffa4 (0xfcf76de3)
core   0: 0x000000008000ff7e (0xfe043783) ld      a5, -32(s0)
core   0: 3 0x000000008000ff7e (0xfe043783) x15 0x00000000800120cd mem 0x0000000080031f50
core   0: 0x000000008000ff82 (0x00178713) addi    a4, a5, 1
core   0: 3 0x000000008000ff82 (0x00178713) x14 0x00000000800120ce
core   0: 0x000000008000ff86 (0xfee43023) sd      a4, -32(s0)
core   0: 3 0x000000008000ff86 (0xfee43023) mem 0x0000000080031f50 0x00000000800120ce
core   0: 0x000000008000ff8a (0xfc442703) lw      a4, -60(s0)
core   0: 3 0x000000008000ff8a (0xfc442703) x14 0x0000000000000000 mem 0x0000000080031f34
core   0: 0x000000008000ff8e (0x0ff77713) andi    a4, a4, 255
core   0: 3 0x000000008000ff8e (0x0ff77713) x14 0x0000000000000000
core   0: 0x000000008000ff92 (0x00e78023) sb      a4, 0(a5)
core   0: 3 0x000000008000ff92 (0x00e78023) mem 0x00000000800120cd 0x00
core   0: 0x000000008000ff96 (0xfc843703) ld      a4, -56(s0)
core   0: 3 0x000000008000ff96 (0xfc843703) x14 0x0000000080012040 mem 0x0000000080031f38
core   0: 0x000000008000ff9a (0xfb843783) ld      a5, -72(s0)
core   0: 3 0x000000008000ff9a (0xfb843783) x15 0x000000000000009c mem 0x0000000080031f28
core   0: 0x000000008000ff9e (0x000097ba) c.add   a5, a4
core   0: 3 0x000000008000ff9e (0x97ba) x15 0x00000000800120dc
core   0: 0x000000008000ffa0 (0xfe043703) ld      a4, -32(s0)
core   0: 3 0x000000008000ffa0 (0xfe043703) x14 0x00000000800120ce mem 0x0000000080031f50
core   0: 0x000000008000ffa4 (0xfcf76de3) bltu    a4, a5, pc - 38
core   0: 3 0x000000008000ffa4 (0xfcf76de3)
core   0: 0x000000008000ff7e (0xfe043783) ld      a5, -32(s0)
core   0: 3 0x000000008000ff7e (0xfe043783) x15 0x00000000800120ce mem 0x0000000080031f50
core   0: 0x000000008000ff82 (0x00178713) addi    a4, a5, 1
core   0: 3 0x000000008000ff82 (0x00178713) x14 0x00000000800120cf
core   0: 0x000000008000ff86 (0xfee43023) sd      a4, -32(s0)
core   0: 3 0x000000008000ff86 (0xfee43023) mem 0x0000000080031f50 0x00000000800120cf
core   0: 0x000000008000ff8a (0xfc442703) lw      a4, -60(s0)
core   0: 3 0x000000008000ff8a (0xfc442703) x14 0x0000000000000000 mem 0x0000000080031f34
core   0: 0x000000008000ff8e (0x0ff77713) andi    a4, a4, 255
core   0: 3 0x000000008000ff8e (0x0ff77713) x14 0x0000000000000000
core   0: 0x000000008000ff92 (0x00e78023) sb      a4, 0(a5)
core   0: 3 0x000000008000ff92 (0x00e78023) mem 0x00000000800120ce 0x00
core   0: 0x000000008000ff96 (0xfc843703) ld      a4, -56(s0)
core   0: 3 0x000000008000ff96 (0xfc843703) x14 0x0000000080012040 mem 0x0000000080031f38
core   0: 0x000000008000ff9a (0xfb843783) ld      a5, -72(s0)
core   0: 3 0x000000008000ff9a (0xfb843783) x15 0x000000000000009c mem 0x0000000080031f28
core   0: 0x000000008000ff9e (0x000097ba) c.add   a5, a4
core   0: 3 0x000000008000ff9e (0x97ba) x15 0x00000000800120dc
core   0: 0x000000008000ffa0 (0xfe043703) ld      a4, -32(s0)
core   0: 3 0x000000008000ffa0 (0xfe043703) x14 0x00000000800120cf mem 0x0000000080031f50
core   0: 0x000000008000ffa4 (0xfcf76de3) bltu    a4, a5, pc - 38
core   0: 3 0x000000008000ffa4 (0xfcf76de3)
core   0: 0x000000008000ff7e (0xfe043783) ld      a5, -32(s0)
core   0: 3 0x000000008000ff7e (0xfe043783) x15 0x00000000800120cf mem 0x0000000080031f50
core   0: 0x000000008000ff82 (0x00178713) addi    a4, a5, 1
core   0: 3 0x000000008000ff82 (0x00178713) x14 0x00000000800120d0
core   0: 0x000000008000ff86 (0xfee43023) sd      a4, -32(s0)
core   0: 3 0x000000008000ff86 (0xfee43023) mem 0x0000000080031f50 0x00000000800120d0
core   0: 0x000000008000ff8a (0xfc442703) lw      a4, -60(s0)
core   0: 3 0x000000008000ff8a (0xfc442703) x14 0x0000000000000000 mem 0x0000000080031f34
core   0: 0x000000008000ff8e (0x0ff77713) andi    a4, a4, 255
core   0: 3 0x000000008000ff8e (0x0ff77713) x14 0x0000000000000000
core   0: 0x000000008000ff92 (0x00e78023) sb      a4, 0(a5)
core   0: 3 0x000000008000ff92 (0x00e78023) mem 0x00000000800120cf 0x00
core   0: 0x000000008000ff96 (0xfc843703) ld      a4, -56(s0)
core   0: 3 0x000000008000ff96 (0xfc843703) x14 0x0000000080012040 mem 0x0000000080031f38
core   0: 0x000000008000ff9a (0xfb843783) ld      a5, -72(s0)
core   0: 3 0x000000008000ff9a (0xfb843783) x15 0x000000000000009c mem 0x0000000080031f28
core   0: 0x000000008000ff9e (0x000097ba) c.add   a5, a4
core   0: 3 0x000000008000ff9e (0x97ba) x15 0x00000000800120dc
core   0: 0x000000008000ffa0 (0xfe043703) ld      a4, -32(s0)
core   0: 3 0x000000008000ffa0 (0xfe043703) x14 0x00000000800120d0 mem 0x0000000080031f50
core   0: 0x000000008000ffa4 (0xfcf76de3) bltu    a4, a5, pc - 38
core   0: 3 0x000000008000ffa4 (0xfcf76de3)
core   0: 0x000000008000ff7e (0xfe043783) ld      a5, -32(s0)
core   0: 3 0x000000008000ff7e (0xfe043783) x15 0x00000000800120d0 mem 0x0000000080031f50
core   0: 0x000000008000ff82 (0x00178713) addi    a4, a5, 1
core   0: 3 0x000000008000ff82 (0x00178713) x14 0x00000000800120d1
core   0: 0x000000008000ff86 (0xfee43023) sd      a4, -32(s0)
core   0: 3 0x000000008000ff86 (0xfee43023) mem 0x0000000080031f50 0x00000000800120d1
core   0: 0x000000008000ff8a (0xfc442703) lw      a4, -60(s0)
core   0: 3 0x000000008000ff8a (0xfc442703) x14 0x0000000000000000 mem 0x0000000080031f34
core   0: 0x000000008000ff8e (0x0ff77713) andi    a4, a4, 255
core   0: 3 0x000000008000ff8e (0x0ff77713) x14 0x0000000000000000
core   0: 0x000000008000ff92 (0x00e78023) sb      a4, 0(a5)
core   0: 3 0x000000008000ff92 (0x00e78023) mem 0x00000000800120d0 0x00
core   0: 0x000000008000ff96 (0xfc843703) ld      a4, -56(s0)
core   0: 3 0x000000008000ff96 (0xfc843703) x14 0x0000000080012040 mem 0x0000000080031f38
core   0: 0x000000008000ff9a (0xfb843783) ld      a5, -72(s0)
core   0: 3 0x000000008000ff9a (0xfb843783) x15 0x000000000000009c mem 0x0000000080031f28
core   0: 0x000000008000ff9e (0x000097ba) c.add   a5, a4
core   0: 3 0x000000008000ff9e (0x97ba) x15 0x00000000800120dc
core   0: 0x000000008000ffa0 (0xfe043703) ld      a4, -32(s0)
core   0: 3 0x000000008000ffa0 (0xfe043703) x14 0x00000000800120d1 mem 0x0000000080031f50
core   0: 0x000000008000ffa4 (0xfcf76de3) bltu    a4, a5, pc - 38
core   0: 3 0x000000008000ffa4 (0xfcf76de3)
core   0: 0x000000008000ff7e (0xfe043783) ld      a5, -32(s0)
core   0: 3 0x000000008000ff7e (0xfe043783) x15 0x00000000800120d1 mem 0x0000000080031f50
core   0: 0x000000008000ff82 (0x00178713) addi    a4, a5, 1
core   0: 3 0x000000008000ff82 (0x00178713) x14 0x00000000800120d2
core   0: 0x000000008000ff86 (0xfee43023) sd      a4, -32(s0)
core   0: 3 0x000000008000ff86 (0xfee43023) mem 0x0000000080031f50 0x00000000800120d2
core   0: 0x000000008000ff8a (0xfc442703) lw      a4, -60(s0)
core   0: 3 0x000000008000ff8a (0xfc442703) x14 0x0000000000000000 mem 0x0000000080031f34
core   0: 0x000000008000ff8e (0x0ff77713) andi    a4, a4, 255
core   0: 3 0x000000008000ff8e (0x0ff77713) x14 0x0000000000000000
core   0: 0x000000008000ff92 (0x00e78023) sb      a4, 0(a5)
core   0: 3 0x000000008000ff92 (0x00e78023) mem 0x00000000800120d1 0x00
core   0: 0x000000008000ff96 (0xfc843703) ld      a4, -56(s0)
core   0: 3 0x000000008000ff96 (0xfc843703) x14 0x0000000080012040 mem 0x0000000080031f38
core   0: 0x000000008000ff9a (0xfb843783) ld      a5, -72(s0)
core   0: 3 0x000000008000ff9a (0xfb843783) x15 0x000000000000009c mem 0x0000000080031f28
core   0: 0x000000008000ff9e (0x000097ba) c.add   a5, a4
core   0: 3 0x000000008000ff9e (0x97ba) x15 0x00000000800120dc
core   0: 0x000000008000ffa0 (0xfe043703) ld      a4, -32(s0)
core   0: 3 0x000000008000ffa0 (0xfe043703) x14 0x00000000800120d2 mem 0x0000000080031f50
core   0: 0x000000008000ffa4 (0xfcf76de3) bltu    a4, a5, pc - 38
core   0: 3 0x000000008000ffa4 (0xfcf76de3)
core   0: 0x000000008000ff7e (0xfe043783) ld      a5, -32(s0)
core   0: 3 0x000000008000ff7e (0xfe043783) x15 0x00000000800120d2 mem 0x0000000080031f50
core   0: 0x000000008000ff82 (0x00178713) addi    a4, a5, 1
core   0: 3 0x000000008000ff82 (0x00178713) x14 0x00000000800120d3
core   0: 0x000000008000ff86 (0xfee43023) sd      a4, -32(s0)
core   0: 3 0x000000008000ff86 (0xfee43023) mem 0x0000000080031f50 0x00000000800120d3
core   0: 0x000000008000ff8a (0xfc442703) lw      a4, -60(s0)
core   0: 3 0x000000008000ff8a (0xfc442703) x14 0x0000000000000000 mem 0x0000000080031f34
core   0: 0x000000008000ff8e (0x0ff77713) andi    a4, a4, 255
core   0: 3 0x000000008000ff8e (0x0ff77713) x14 0x0000000000000000
core   0: 0x000000008000ff92 (0x00e78023) sb      a4, 0(a5)
core   0: 3 0x000000008000ff92 (0x00e78023) mem 0x00000000800120d2 0x00
core   0: 0x000000008000ff96 (0xfc843703) ld      a4, -56(s0)
core   0: 3 0x000000008000ff96 (0xfc843703) x14 0x0000000080012040 mem 0x0000000080031f38
core   0: 0x000000008000ff9a (0xfb843783) ld      a5, -72(s0)
core   0: 3 0x000000008000ff9a (0xfb843783) x15 0x000000000000009c mem 0x0000000080031f28
core   0: 0x000000008000ff9e (0x000097ba) c.add   a5, a4
core   0: 3 0x000000008000ff9e (0x97ba) x15 0x00000000800120dc
core   0: 0x000000008000ffa0 (0xfe043703) ld      a4, -32(s0)
core   0: 3 0x000000008000ffa0 (0xfe043703) x14 0x00000000800120d3 mem 0x0000000080031f50
core   0: 0x000000008000ffa4 (0xfcf76de3) bltu    a4, a5, pc - 38
core   0: 3 0x000000008000ffa4 (0xfcf76de3)
core   0: 0x000000008000ff7e (0xfe043783) ld      a5, -32(s0)
core   0: 3 0x000000008000ff7e (0xfe043783) x15 0x00000000800120d3 mem 0x0000000080031f50
core   0: 0x000000008000ff82 (0x00178713) addi    a4, a5, 1
core   0: 3 0x000000008000ff82 (0x00178713) x14 0x00000000800120d4
core   0: 0x000000008000ff86 (0xfee43023) sd      a4, -32(s0)
core   0: 3 0x000000008000ff86 (0xfee43023) mem 0x0000000080031f50 0x00000000800120d4
core   0: 0x000000008000ff8a (0xfc442703) lw      a4, -60(s0)
core   0: 3 0x000000008000ff8a (0xfc442703) x14 0x0000000000000000 mem 0x0000000080031f34
core   0: 0x000000008000ff8e (0x0ff77713) andi    a4, a4, 255
core   0: 3 0x000000008000ff8e (0x0ff77713) x14 0x0000000000000000
core   0: 0x000000008000ff92 (0x00e78023) sb      a4, 0(a5)
core   0: 3 0x000000008000ff92 (0x00e78023) mem 0x00000000800120d3 0x00
core   0: 0x000000008000ff96 (0xfc843703) ld      a4, -56(s0)
core   0: 3 0x000000008000ff96 (0xfc843703) x14 0x0000000080012040 mem 0x0000000080031f38
core   0: 0x000000008000ff9a (0xfb843783) ld      a5, -72(s0)
core   0: 3 0x000000008000ff9a (0xfb843783) x15 0x000000000000009c mem 0x0000000080031f28
core   0: 0x000000008000ff9e (0x000097ba) c.add   a5, a4
core   0: 3 0x000000008000ff9e (0x97ba) x15 0x00000000800120dc
core   0: 0x000000008000ffa0 (0xfe043703) ld      a4, -32(s0)
core   0: 3 0x000000008000ffa0 (0xfe043703) x14 0x00000000800120d4 mem 0x0000000080031f50
core   0: 0x000000008000ffa4 (0xfcf76de3) bltu    a4, a5, pc - 38
core   0: 3 0x000000008000ffa4 (0xfcf76de3)
core   0: 0x000000008000ff7e (0xfe043783) ld      a5, -32(s0)
core   0: 3 0x000000008000ff7e (0xfe043783) x15 0x00000000800120d4 mem 0x0000000080031f50
core   0: 0x000000008000ff82 (0x00178713) addi    a4, a5, 1
core   0: 3 0x000000008000ff82 (0x00178713) x14 0x00000000800120d5
core   0: 0x000000008000ff86 (0xfee43023) sd      a4, -32(s0)
core   0: 3 0x000000008000ff86 (0xfee43023) mem 0x0000000080031f50 0x00000000800120d5
core   0: 0x000000008000ff8a (0xfc442703) lw      a4, -60(s0)
core   0: 3 0x000000008000ff8a (0xfc442703) x14 0x0000000000000000 mem 0x0000000080031f34
core   0: 0x000000008000ff8e (0x0ff77713) andi    a4, a4, 255
core   0: 3 0x000000008000ff8e (0x0ff77713) x14 0x0000000000000000
core   0: 0x000000008000ff92 (0x00e78023) sb      a4, 0(a5)
core   0: 3 0x000000008000ff92 (0x00e78023) mem 0x00000000800120d4 0x00
core   0: 0x000000008000ff96 (0xfc843703) ld      a4, -56(s0)
core   0: 3 0x000000008000ff96 (0xfc843703) x14 0x0000000080012040 mem 0x0000000080031f38
core   0: 0x000000008000ff9a (0xfb843783) ld      a5, -72(s0)
core   0: 3 0x000000008000ff9a (0xfb843783) x15 0x000000000000009c mem 0x0000000080031f28
core   0: 0x000000008000ff9e (0x000097ba) c.add   a5, a4
core   0: 3 0x000000008000ff9e (0x97ba) x15 0x00000000800120dc
core   0: 0x000000008000ffa0 (0xfe043703) ld      a4, -32(s0)
core   0: 3 0x000000008000ffa0 (0xfe043703) x14 0x00000000800120d5 mem 0x0000000080031f50
core   0: 0x000000008000ffa4 (0xfcf76de3) bltu    a4, a5, pc - 38
core   0: 3 0x000000008000ffa4 (0xfcf76de3)
core   0: 0x000000008000ff7e (0xfe043783) ld      a5, -32(s0)
core   0: 3 0x000000008000ff7e (0xfe043783) x15 0x00000000800120d5 mem 0x0000000080031f50
core   0: 0x000000008000ff82 (0x00178713) addi    a4, a5, 1
core   0: 3 0x000000008000ff82 (0x00178713) x14 0x00000000800120d6
core   0: 0x000000008000ff86 (0xfee43023) sd      a4, -32(s0)
core   0: 3 0x000000008000ff86 (0xfee43023) mem 0x0000000080031f50 0x00000000800120d6
core   0: 0x000000008000ff8a (0xfc442703) lw      a4, -60(s0)
core   0: 3 0x000000008000ff8a (0xfc442703) x14 0x0000000000000000 mem 0x0000000080031f34
core   0: 0x000000008000ff8e (0x0ff77713) andi    a4, a4, 255
core   0: 3 0x000000008000ff8e (0x0ff77713) x14 0x0000000000000000
core   0: 0x000000008000ff92 (0x00e78023) sb      a4, 0(a5)
core   0: 3 0x000000008000ff92 (0x00e78023) mem 0x00000000800120d5 0x00
core   0: 0x000000008000ff96 (0xfc843703) ld      a4, -56(s0)
core   0: 3 0x000000008000ff96 (0xfc843703) x14 0x0000000080012040 mem 0x0000000080031f38
core   0: 0x000000008000ff9a (0xfb843783) ld      a5, -72(s0)
core   0: 3 0x000000008000ff9a (0xfb843783) x15 0x000000000000009c mem 0x0000000080031f28
core   0: 0x000000008000ff9e (0x000097ba) c.add   a5, a4
core   0: 3 0x000000008000ff9e (0x97ba) x15 0x00000000800120dc
core   0: 0x000000008000ffa0 (0xfe043703) ld      a4, -32(s0)
core   0: 3 0x000000008000ffa0 (0xfe043703) x14 0x00000000800120d6 mem 0x0000000080031f50
core   0: 0x000000008000ffa4 (0xfcf76de3) bltu    a4, a5, pc - 38
core   0: 3 0x000000008000ffa4 (0xfcf76de3)
core   0: 0x000000008000ff7e (0xfe043783) ld      a5, -32(s0)
core   0: 3 0x000000008000ff7e (0xfe043783) x15 0x00000000800120d6 mem 0x0000000080031f50
core   0: 0x000000008000ff82 (0x00178713) addi    a4, a5, 1
core   0: 3 0x000000008000ff82 (0x00178713) x14 0x00000000800120d7
core   0: 0x000000008000ff86 (0xfee43023) sd      a4, -32(s0)
core   0: 3 0x000000008000ff86 (0xfee43023) mem 0x0000000080031f50 0x00000000800120d7
core   0: 0x000000008000ff8a (0xfc442703) lw      a4, -60(s0)
core   0: 3 0x000000008000ff8a (0xfc442703) x14 0x0000000000000000 mem 0x0000000080031f34
core   0: 0x000000008000ff8e (0x0ff77713) andi    a4, a4, 255
core   0: 3 0x000000008000ff8e (0x0ff77713) x14 0x0000000000000000
core   0: 0x000000008000ff92 (0x00e78023) sb      a4, 0(a5)
core   0: 3 0x000000008000ff92 (0x00e78023) mem 0x00000000800120d6 0x00
core   0: 0x000000008000ff96 (0xfc843703) ld      a4, -56(s0)
core   0: 3 0x000000008000ff96 (0xfc843703) x14 0x0000000080012040 mem 0x0000000080031f38
core   0: 0x000000008000ff9a (0xfb843783) ld      a5, -72(s0)
core   0: 3 0x000000008000ff9a (0xfb843783) x15 0x000000000000009c mem 0x0000000080031f28
core   0: 0x000000008000ff9e (0x000097ba) c.add   a5, a4
core   0: 3 0x000000008000ff9e (0x97ba) x15 0x00000000800120dc
core   0: 0x000000008000ffa0 (0xfe043703) ld      a4, -32(s0)
core   0: 3 0x000000008000ffa0 (0xfe043703) x14 0x00000000800120d7 mem 0x0000000080031f50
core   0: 0x000000008000ffa4 (0xfcf76de3) bltu    a4, a5, pc - 38
core   0: 3 0x000000008000ffa4 (0xfcf76de3)
core   0: 0x000000008000ff7e (0xfe043783) ld      a5, -32(s0)
core   0: 3 0x000000008000ff7e (0xfe043783) x15 0x00000000800120d7 mem 0x0000000080031f50
core   0: 0x000000008000ff82 (0x00178713) addi    a4, a5, 1
core   0: 3 0x000000008000ff82 (0x00178713) x14 0x00000000800120d8
core   0: 0x000000008000ff86 (0xfee43023) sd      a4, -32(s0)
core   0: 3 0x000000008000ff86 (0xfee43023) mem 0x0000000080031f50 0x00000000800120d8
core   0: 0x000000008000ff8a (0xfc442703) lw      a4, -60(s0)
core   0: 3 0x000000008000ff8a (0xfc442703) x14 0x0000000000000000 mem 0x0000000080031f34
core   0: 0x000000008000ff8e (0x0ff77713) andi    a4, a4, 255
core   0: 3 0x000000008000ff8e (0x0ff77713) x14 0x0000000000000000
core   0: 0x000000008000ff92 (0x00e78023) sb      a4, 0(a5)
core   0: 3 0x000000008000ff92 (0x00e78023) mem 0x00000000800120d7 0x00
core   0: 0x000000008000ff96 (0xfc843703) ld      a4, -56(s0)
core   0: 3 0x000000008000ff96 (0xfc843703) x14 0x0000000080012040 mem 0x0000000080031f38
core   0: 0x000000008000ff9a (0xfb843783) ld      a5, -72(s0)
core   0: 3 0x000000008000ff9a (0xfb843783) x15 0x000000000000009c mem 0x0000000080031f28
core   0: 0x000000008000ff9e (0x000097ba) c.add   a5, a4
core   0: 3 0x000000008000ff9e (0x97ba) x15 0x00000000800120dc
core   0: 0x000000008000ffa0 (0xfe043703) ld      a4, -32(s0)
core   0: 3 0x000000008000ffa0 (0xfe043703) x14 0x00000000800120d8 mem 0x0000000080031f50
core   0: 0x000000008000ffa4 (0xfcf76de3) bltu    a4, a5, pc - 38
core   0: 3 0x000000008000ffa4 (0xfcf76de3)
core   0: 0x000000008000ff7e (0xfe043783) ld      a5, -32(s0)
core   0: 3 0x000000008000ff7e (0xfe043783) x15 0x00000000800120d8 mem 0x0000000080031f50
core   0: 0x000000008000ff82 (0x00178713) addi    a4, a5, 1
core   0: 3 0x000000008000ff82 (0x00178713) x14 0x00000000800120d9
core   0: 0x000000008000ff86 (0xfee43023) sd      a4, -32(s0)
core   0: 3 0x000000008000ff86 (0xfee43023) mem 0x0000000080031f50 0x00000000800120d9
core   0: 0x000000008000ff8a (0xfc442703) lw      a4, -60(s0)
core   0: 3 0x000000008000ff8a (0xfc442703) x14 0x0000000000000000 mem 0x0000000080031f34
core   0: 0x000000008000ff8e (0x0ff77713) andi    a4, a4, 255
core   0: 3 0x000000008000ff8e (0x0ff77713) x14 0x0000000000000000
core   0: 0x000000008000ff92 (0x00e78023) sb      a4, 0(a5)
core   0: 3 0x000000008000ff92 (0x00e78023) mem 0x00000000800120d8 0x00
core   0: 0x000000008000ff96 (0xfc843703) ld      a4, -56(s0)
core   0: 3 0x000000008000ff96 (0xfc843703) x14 0x0000000080012040 mem 0x0000000080031f38
core   0: 0x000000008000ff9a (0xfb843783) ld      a5, -72(s0)
core   0: 3 0x000000008000ff9a (0xfb843783) x15 0x000000000000009c mem 0x0000000080031f28
core   0: 0x000000008000ff9e (0x000097ba) c.add   a5, a4
core   0: 3 0x000000008000ff9e (0x97ba) x15 0x00000000800120dc
core   0: 0x000000008000ffa0 (0xfe043703) ld      a4, -32(s0)
core   0: 3 0x000000008000ffa0 (0xfe043703) x14 0x00000000800120d9 mem 0x0000000080031f50
core   0: 0x000000008000ffa4 (0xfcf76de3) bltu    a4, a5, pc - 38
core   0: 3 0x000000008000ffa4 (0xfcf76de3)
core   0: 0x000000008000ff7e (0xfe043783) ld      a5, -32(s0)
core   0: 3 0x000000008000ff7e (0xfe043783) x15 0x00000000800120d9 mem 0x0000000080031f50
core   0: 0x000000008000ff82 (0x00178713) addi    a4, a5, 1
core   0: 3 0x000000008000ff82 (0x00178713) x14 0x00000000800120da
core   0: 0x000000008000ff86 (0xfee43023) sd      a4, -32(s0)
core   0: 3 0x000000008000ff86 (0xfee43023) mem 0x0000000080031f50 0x00000000800120da
core   0: 0x000000008000ff8a (0xfc442703) lw      a4, -60(s0)
core   0: 3 0x000000008000ff8a (0xfc442703) x14 0x0000000000000000 mem 0x0000000080031f34
core   0: 0x000000008000ff8e (0x0ff77713) andi    a4, a4, 255
core   0: 3 0x000000008000ff8e (0x0ff77713) x14 0x0000000000000000
core   0: 0x000000008000ff92 (0x00e78023) sb      a4, 0(a5)
core   0: 3 0x000000008000ff92 (0x00e78023) mem 0x00000000800120d9 0x00
core   0: 0x000000008000ff96 (0xfc843703) ld      a4, -56(s0)
core   0: 3 0x000000008000ff96 (0xfc843703) x14 0x0000000080012040 mem 0x0000000080031f38
core   0: 0x000000008000ff9a (0xfb843783) ld      a5, -72(s0)
core   0: 3 0x000000008000ff9a (0xfb843783) x15 0x000000000000009c mem 0x0000000080031f28
core   0: 0x000000008000ff9e (0x000097ba) c.add   a5, a4
core   0: 3 0x000000008000ff9e (0x97ba) x15 0x00000000800120dc
core   0: 0x000000008000ffa0 (0xfe043703) ld      a4, -32(s0)
core   0: 3 0x000000008000ffa0 (0xfe043703) x14 0x00000000800120da mem 0x0000000080031f50
core   0: 0x000000008000ffa4 (0xfcf76de3) bltu    a4, a5, pc - 38
core   0: 3 0x000000008000ffa4 (0xfcf76de3)
core   0: 0x000000008000ff7e (0xfe043783) ld      a5, -32(s0)
core   0: 3 0x000000008000ff7e (0xfe043783) x15 0x00000000800120da mem 0x0000000080031f50
core   0: 0x000000008000ff82 (0x00178713) addi    a4, a5, 1
core   0: 3 0x000000008000ff82 (0x00178713) x14 0x00000000800120db
core   0: 0x000000008000ff86 (0xfee43023) sd      a4, -32(s0)
core   0: 3 0x000000008000ff86 (0xfee43023) mem 0x0000000080031f50 0x00000000800120db
core   0: 0x000000008000ff8a (0xfc442703) lw      a4, -60(s0)
core   0: 3 0x000000008000ff8a (0xfc442703) x14 0x0000000000000000 mem 0x0000000080031f34
core   0: 0x000000008000ff8e (0x0ff77713) andi    a4, a4, 255
core   0: 3 0x000000008000ff8e (0x0ff77713) x14 0x0000000000000000
core   0: 0x000000008000ff92 (0x00e78023) sb      a4, 0(a5)
core   0: 3 0x000000008000ff92 (0x00e78023) mem 0x00000000800120da 0x00
core   0: 0x000000008000ff96 (0xfc843703) ld      a4, -56(s0)
core   0: 3 0x000000008000ff96 (0xfc843703) x14 0x0000000080012040 mem 0x0000000080031f38
core   0: 0x000000008000ff9a (0xfb843783) ld      a5, -72(s0)
core   0: 3 0x000000008000ff9a (0xfb843783) x15 0x000000000000009c mem 0x0000000080031f28
core   0: 0x000000008000ff9e (0x000097ba) c.add   a5, a4
core   0: 3 0x000000008000ff9e (0x97ba) x15 0x00000000800120dc
core   0: 0x000000008000ffa0 (0xfe043703) ld      a4, -32(s0)
core   0: 3 0x000000008000ffa0 (0xfe043703) x14 0x00000000800120db mem 0x0000000080031f50
core   0: 0x000000008000ffa4 (0xfcf76de3) bltu    a4, a5, pc - 38
core   0: 3 0x000000008000ffa4 (0xfcf76de3)
core   0: 0x000000008000ff7e (0xfe043783) ld      a5, -32(s0)
core   0: 3 0x000000008000ff7e (0xfe043783) x15 0x00000000800120db mem 0x0000000080031f50
core   0: 0x000000008000ff82 (0x00178713) addi    a4, a5, 1
core   0: 3 0x000000008000ff82 (0x00178713) x14 0x00000000800120dc
core   0: 0x000000008000ff86 (0xfee43023) sd      a4, -32(s0)
core   0: 3 0x000000008000ff86 (0xfee43023) mem 0x0000000080031f50 0x00000000800120dc
core   0: 0x000000008000ff8a (0xfc442703) lw      a4, -60(s0)
core   0: 3 0x000000008000ff8a (0xfc442703) x14 0x0000000000000000 mem 0x0000000080031f34
core   0: 0x000000008000ff8e (0x0ff77713) andi    a4, a4, 255
core   0: 3 0x000000008000ff8e (0x0ff77713) x14 0x0000000000000000
core   0: 0x000000008000ff92 (0x00e78023) sb      a4, 0(a5)
core   0: 3 0x000000008000ff92 (0x00e78023) mem 0x00000000800120db 0x00
core   0: 0x000000008000ff96 (0xfc843703) ld      a4, -56(s0)
core   0: 3 0x000000008000ff96 (0xfc843703) x14 0x0000000080012040 mem 0x0000000080031f38
core   0: 0x000000008000ff9a (0xfb843783) ld      a5, -72(s0)
core   0: 3 0x000000008000ff9a (0xfb843783) x15 0x000000000000009c mem 0x0000000080031f28
core   0: 0x000000008000ff9e (0x000097ba) c.add   a5, a4
core   0: 3 0x000000008000ff9e (0x97ba) x15 0x00000000800120dc
core   0: 0x000000008000ffa0 (0xfe043703) ld      a4, -32(s0)
core   0: 3 0x000000008000ffa0 (0xfe043703) x14 0x00000000800120dc mem 0x0000000080031f50
core   0: 0x000000008000ffa4 (0xfcf76de3) bltu    a4, a5, pc - 38
core   0: 3 0x000000008000ffa4 (0xfcf76de3)
core   0: 0x000000008000ffa8 (0xfc843783) ld      a5, -56(s0)
core   0: 3 0x000000008000ffa8 (0xfc843783) x15 0x0000000080012040 mem 0x0000000080031f38
core   0: 0x000000008000ffac (0x0000853e) c.mv    a0, a5
core   0: 3 0x000000008000ffac (0x853e) x10 0x0000000080012040
core   0: 0x000000008000ffae (0x00006426) c.ldsp  s0, 72(sp)
core   0: 3 0x000000008000ffae (0x6426) x8  0x0000000080031f90 mem 0x0000000080031f68
core   0: 0x000000008000ffb0 (0x00006161) c.addi16sp sp, 80
core   0: 3 0x000000008000ffb0 (0x6161) x2  0x0000000080031f70
core   0: 0x000000008000ffb2 (0x00008082) ret
core   0: 3 0x000000008000ffb2 (0x8082)
core   0: 0x000000008000f566 (0x00000001) c.nop
core   0: 3 0x000000008000f566 (0x0001)
core   0: 0x000000008000f568 (0x000060e2) c.ldsp  ra, 24(sp)
core   0: 3 0x000000008000f568 (0x60e2) x1  0x000000008000f5a6 mem 0x0000000080031f88
core   0: 0x000000008000f56a (0x00006442) c.ldsp  s0, 16(sp)
core   0: 3 0x000000008000f56a (0x6442) x8  0x0000000080032040 mem 0x0000000080031f80
core   0: 0x000000008000f56c (0x00006105) c.addi16sp sp, 32
core   0: 3 0x000000008000f56c (0x6105) x2  0x0000000080031f90
core   0: 0x000000008000f56e (0x00008082) ret
core   0: 3 0x000000008000f56e (0x8082)
core   0: 0x000000008000f5a6 (0xf5842703) lw      a4, -168(s0)
core   0: 3 0x000000008000f5a6 (0xf5842703) x14 0x0000000000000001 mem 0x0000000080031f98
core   0: 0x000000008000f5aa (0xf5c42783) lw      a5, -164(s0)
core   0: 3 0x000000008000f5aa (0xf5c42783) x15 0x0000000000000000 mem 0x0000000080031f9c
core   0: 0x000000008000f5ae (0x000085ba) c.mv    a1, a4
core   0: 3 0x000000008000f5ae (0x85ba) x11 0x0000000000000001
core   0: 0x000000008000f5b0 (0x0000853e) c.mv    a0, a5
core   0: 3 0x000000008000f5b0 (0x853e) x10 0x0000000000000000
core   0: 0x000000008000f5b2 (0xf03ff0ef) jal     pc - 0xfe
core   0: 3 0x000000008000f5b2 (0xf03ff0ef) x1  0x000000008000f5b6
core   0: >>>>  thread_entry
core   0: 0x000000008000f4b4 (0x00001101) c.addi  sp, -32
core   0: 3 0x000000008000f4b4 (0x1101) x2  0x0000000080031f70
core   0: 0x000000008000f4b6 (0x0000ec22) c.sdsp  s0, 24(sp)
core   0: 3 0x000000008000f4b6 (0xec22) mem 0x0000000080031f88 0x0000000080032040
core   0: 0x000000008000f4b8 (0x00001000) c.addi4spn s0, sp, 32
core   0: 3 0x000000008000f4b8 (0x1000) x8  0x0000000080031f90
core   0: 0x000000008000f4ba (0x000087aa) c.mv    a5, a0
core   0: 3 0x000000008000f4ba (0x87aa) x15 0x0000000000000000
core   0: 0x000000008000f4bc (0x0000872e) c.mv    a4, a1
core   0: 3 0x000000008000f4bc (0x872e) x14 0x0000000000000001
core   0: 0x000000008000f4be (0xfef42623) sw      a5, -20(s0)
core   0: 3 0x000000008000f4be (0xfef42623) mem 0x0000000080031f7c 0x00000000
core   0: 0x000000008000f4c2 (0x000087ba) c.mv    a5, a4
core   0: 3 0x000000008000f4c2 (0x87ba) x15 0x0000000000000001
core   0: 0x000000008000f4c4 (0xfef42423) sw      a5, -24(s0)
core   0: 3 0x000000008000f4c4 (0xfef42423) mem 0x0000000080031f78 0x00000001
core   0: 0x000000008000f4c8 (0x00000001) c.nop
core   0: 3 0x000000008000f4c8 (0x0001)
core   0: 0x000000008000f4ca (0xfec42783) lw      a5, -20(s0)
core   0: 3 0x000000008000f4ca (0xfec42783) x15 0x0000000000000000 mem 0x0000000080031f7c
core   0: 0x000000008000f4ce (0x00002781) c.addiw a5, 0
core   0: 3 0x000000008000f4ce (0x2781) x15 0x0000000000000000
core   0: 0x000000008000f4d0 (0x0000ffed) c.bnez  a5, pc - 6
core   0: 3 0x000000008000f4d0 (0xffed)
core   0: 0x000000008000f4d2 (0x00000001) c.nop
core   0: 3 0x000000008000f4d2 (0x0001)
core   0: 0x000000008000f4d4 (0x00000001) c.nop
core   0: 3 0x000000008000f4d4 (0x0001)
core   0: 0x000000008000f4d6 (0x00006462) c.ldsp  s0, 24(sp)
core   0: 3 0x000000008000f4d6 (0x6462) x8  0x0000000080032040 mem 0x0000000080031f88
core   0: 0x000000008000f4d8 (0x00006105) c.addi16sp sp, 32
core   0: 3 0x000000008000f4d8 (0x6105) x2  0x0000000080031f90
core   0: 0x000000008000f4da (0x00008082) ret
core   0: 3 0x000000008000f4da (0x8082)
core   0: 0x000000008000f5b6 (0x00004581) c.li    a1, 0
core   0: 3 0x000000008000f5b6 (0x4581) x11 0x0000000000000000
core   0: 0x000000008000f5b8 (0x00004501) c.li    a0, 0
core   0: 3 0x000000008000f5b8 (0x4501) x10 0x0000000000000000
core   0: 0x000000008000f5ba (0xa47f20ef) jal     pc - 0xd5ba
core   0: 3 0x000000008000f5ba (0xa47f20ef) x1  0x000000008000f5be
core   0: >>>>  main
core   0: 0x0000000080002000 (0x00000001) c.nop
core   0: 3 0x0000000080002000 (0x0001)
core   0: >>>>  trap_vec_init
core   0: 0x0000000080002002 (0x00002797) auipc   a5, 0x2
core   0: 3 0x0000000080002002 (0x00002797) x15 0x0000000080004002
core   0: 0x0000000080002006 (0xffe78793) addi    a5, a5, -2
core   0: 3 0x0000000080002006 (0xffe78793) x15 0x0000000080004000
core   0: 0x000000008000200a (0x30579073) csrrw   zero, mtvec, a5
core   0: 3 0x000000008000200a (0x30579073) c773_mtvec 0x0000000080004000
core   0: >>>>  pmp_setup
core   0: 0x000000008000200e (0x00002c17) auipc   s8, 0x2
core   0: 3 0x000000008000200e (0x00002c17) x24 0x000000008000400e
core   0: 0x0000000080002012 (0x022c0c13) addi    s8, s8, 34
core   0: 3 0x0000000080002012 (0x022c0c13) x24 0x0000000080004030
core   0: 0x0000000080002016 (0x00004781) c.li    a5, 0
core   0: 3 0x0000000080002016 (0x4781) x15 0x0000000000000000
core   0: 0x0000000080002018 (0x00009c3e) c.add   s8, a5
core   0: 3 0x0000000080002018 (0x9c3e) x24 0x0000000080004030
core   0: 0x000000008000201a (0x3b0c1073) csrrw   zero, pmpaddr0, s8
core   0: 3 0x000000008000201a (0x3b0c1073) c944_pmpaddr0 0x0000000080004030
core   0: 0x000000008000201e (0x00004c3d) c.li    s8, 15
core   0: 3 0x000000008000201e (0x4c3d) x24 0x000000000000000f
core   0: 0x0000000080002020 (0x3a0c1073) csrrw   zero, pmpcfg0, s8
core   0: 3 0x0000000080002020 (0x3a0c1073) c928_pmpcfg0 0x000000000000000f
core   0: 0x0000000080002024 (0x12000073) sfence.vma zero, zero
core   0: 3 0x0000000080002024 (0x12000073)
core   0: >>>>  mepc_setup
core   0: 0x0000000080002028 (0x00002797) auipc   a5, 0x2
core   0: 3 0x0000000080002028 (0x00002797) x15 0x0000000080004028
core   0: 0x000000008000202c (0x00878793) addi    a5, a5, 8
core   0: 3 0x000000008000202c (0x00878793) x15 0x0000000080004030
core   0: 0x0000000080002030 (0x34179073) csrrw   zero, mepc, a5
core   0: 3 0x0000000080002030 (0x34179073) c833_mepc 0x0000000080004030
core   0: >>>>  custom_csr_setup
core   0: 0x0000000080002034 (0x00100f9b) addiw   t6, zero, 1
core   0: 3 0x0000000080002034 (0x00100f9b) x31 0x0000000000000001
core   0: 0x0000000080002038 (0x00000ffe) c.slli  t6, 31
core   0: 3 0x0000000080002038 (0x0ffe) x31 0x0000000080000000
core   0: 0x000000008000203a (0x00000001) c.nop
core   0: 3 0x000000008000203a (0x0001)
core   0: >>>>  init_s_mode
core   0: 0x000000008000203c (0xfff0079b) addiw   a5, zero, -1
core   0: 3 0x000000008000203c (0xfff0079b) x15 0xffffffffffffffff
core   0: 0x0000000080002040 (0x000017fe) c.slli  a5, 63
core   0: 3 0x0000000080002040 (0x17fe) x15 0x8000000000000000
core   0: 0x0000000080002042 (0x18079073) csrrw   zero, satp, a5
core   0: 3 0x0000000080002042 (0x18079073) c384_satp 0x8000000000000000
core   0: 0x0000000080002046 (0x0000f797) auipc   a5, 0xf
core   0: 3 0x0000000080002046 (0x0000f797) x15 0x0000000080011046
core   0: 0x000000008000204a (0xfba78793) addi    a5, a5, -70
core   0: 3 0x000000008000204a (0xfba78793) x15 0x0000000080011000
core   0: 0x000000008000204e (0x000083b1) c.srli  a5, 12
core   0: 3 0x000000008000204e (0x83b1) x15 0x0000000000080011
core   0: 0x0000000080002050 (0x0010061b) addiw   a2, zero, 1
core   0: 3 0x0000000080002050 (0x0010061b) x12 0x0000000000000001
core   0: 0x0000000080002054 (0x00001632) c.slli  a2, 44
core   0: 3 0x0000000080002054 (0x1632) x12 0x0000100000000000
core   0: 0x0000000080002056 (0x0000167d) c.addi  a2, -1
core   0: 3 0x0000000080002056 (0x167d) x12 0x00000fffffffffff
core   0: 0x0000000080002058 (0x00008ff1) c.and   a5, a2
core   0: 3 0x0000000080002058 (0x8ff1) x15 0x0000000000080011
core   0: 0x000000008000205a (0x1807a073) csrrs   zero, satp, a5
core   0: 3 0x000000008000205a (0x1807a073) c384_satp 0x8000000000080011
core   0: 0x000000008000205e (0x00a005b7) lui     a1, 0xa00
core   0: 3 0x000000008000205e (0x00a005b7) x11 0x0000000000a00000
core   0: 0x0000000080002062 (0x10b5859b) addiw   a1, a1, 267
core   0: 3 0x0000000080002062 (0x10b5859b) x11 0x0000000000a0010b
core   0: 0x0000000080002066 (0x000005b2) c.slli  a1, 12
core   0: 3 0x0000000080002066 (0x05b2) x11 0x0000000a0010b000
core   0: 0x0000000080002068 (0xa0058593) addi    a1, a1, -1536
core   0: 3 0x0000000080002068 (0xa0058593) x11 0x0000000a0010aa00
core   0: 0x000000008000206c (0x30059073) csrrw   zero, mstatus, a1
core   0: 3 0x000000008000206c (0x30059073) c768_mstatus 0x0000000a00102800
core   0: 0x0000000080002070 (0x30459073) csrrw   zero, mie, a1
core   0: 3 0x0000000080002070 (0x30459073) c772_mie 0x0000000000000a00
core   0: 0x0000000080002074 (0x00a005b7) lui     a1, 0xa00
core   0: 3 0x0000000080002074 (0x00a005b7) x11 0x0000000000a00000
core   0: 0x0000000080002078 (0x10b5859b) addiw   a1, a1, 267
core   0: 3 0x0000000080002078 (0x10b5859b) x11 0x0000000000a0010b
core   0: 0x000000008000207c (0x000005b2) c.slli  a1, 12
core   0: 3 0x000000008000207c (0x05b2) x11 0x0000000a0010b000
core   0: 0x000000008000207e (0xa0058593) addi    a1, a1, -1536
core   0: 3 0x000000008000207e (0xa0058593) x11 0x0000000a0010aa00
core   0: 0x0000000080002082 (0x10059073) csrrw   zero, sstatus, a1
core   0: 3 0x0000000080002082 (0x10059073) c768_mstatus 0x0000000a00102800
core   0: 0x0000000080002086 (0x10459073) csrrw   zero, sie, a1
core   0: 3 0x0000000080002086 (0x10459073) c772_mie 0x0000000000000a00
core   0: 0x000000008000208a (0x30200073) mret
core   0: 3 0x000000008000208a (0x30200073) c768_mstatus 0x0000000a00102080
core   0: >>>>  main_g
core   0: 0x0000000080004030 (0x2a86ee93) ori     t4, a3, 680
core   0: 1 0x0000000080004030 (0x2a86ee93) x29 0x00000000000002a8
core   0: 0x0000000080004034 (0x00000001) c.nop
core   0: 1 0x0000000080004034 (0x0001)
core   0: 0x0000000080004036 (0x0ad8c137) lui     sp, 0xad8c
core   0: 1 0x0000000080004036 (0x0ad8c137) x2  0x000000000ad8c000
core   0: 0x000000008000403a (0x80010d9b) addiw   s11, sp, -2048
core   0: 1 0x000000008000403a (0x80010d9b) x27 0x000000000ad8b800
core   0: 0x000000008000403e (0x2a7a9ad3) fmax.d  fs5, fs5, ft7
core   0: 1 0x000000008000403e (0x2a7a9ad3) c768_mstatus 0x8000000a00106080 f21 0x7ff8000000000000
core   0: 0x0000000080004042 (0x0ab27c53) fsub.d  fs8, ft4, fa1
core   0: 1 0x0000000080004042 (0x0ab27c53) f24 0x7ff8000000000000
core   0: 0x0000000080004046 (0xd221fe53) fcvt.d.l ft8, gp
core   0: 1 0x0000000080004046 (0xd221fe53) f28 0x41e0002505000000
core   0: 0x000000008000404a (0x011a11bb) sllw    gp, s4, a7
core   0: 1 0x000000008000404a (0x011a11bb) x3  0x0000000000000000
core   0: 0x000000008000404e (0x02b3dc13) srli    s8, t2, 43
core   0: 1 0x000000008000404e (0x02b3dc13) x24 0x0000000000000000
core   0: 0x0000000080004052 (0x01ad74b3) and     s1, s10, s10
core   0: 1 0x0000000080004052 (0x01ad74b3) x9  0x0000000000000000
core   0: 0x0000000080004056 (0xd024fe53) fcvt.s.l ft8, s1
core   0: 1 0x0000000080004056 (0xd024fe53) f28 0xffffffff00000000
core   0: 0x000000008000405a (0xc031f2d3) fcvt.lu.s t0, ft3
core   0: 1 0x000000008000405a (0xc031f2d3) x5  0x0000000000000000
core   0: 0x000000008000405e (0x409ad41b) sraiw   s0, s5, 9
core   0: 1 0x000000008000405e (0x409ad41b) x8  0x0000000000000000
core   0: 0x0000000080004062 (0x002d9b73) csrrw   s6, frm, s11
core   0: 1 0x0000000080004062 (0x002d9b73) x22 0x0000000000000000 c2_frm 0x0000000000000000
core   0: 0x0000000080004066 (0x01ba81bb) addw    gp, s5, s11
core   0: 1 0x0000000080004066 (0x01ba81bb) x3  0x000000000ad8b800
core   0: 0x000000008000406a (0x03b4f833) remu    a6, s1, s11
core   0: 1 0x000000008000406a (0x03b4f833) x16 0x0000000000000000
core   0: 0x000000008000406e (0x005bfc33) and     s8, s7, t0
core   0: 1 0x000000008000406e (0x005bfc33) x24 0x0000000000000000
core   0: 0x0000000080004072 (0xc02671d3) fcvt.l.s gp, fa2
core   0: 1 0x0000000080004072 (0xc02671d3) x3  0x0000000000000000
core   0: 0x0000000080004076 (0x4011ffd3) fcvt.s.d ft11, ft3
core   0: 1 0x0000000080004076 (0x4011ffd3) f31 0xffffffff7fc00000
core   0: 0x000000008000407a (0x033df93b) remuw   s2, s11, s3
core   0: 1 0x000000008000407a (0x033df93b) x18 0x000000000ad8b800
core   0: 0x000000008000407e (0x41c9d1bb) sraw    gp, s3, t3
core   0: 1 0x000000008000407e (0x41c9d1bb) x3  0x0000000000000000
core   0: 0x0000000080004082 (0x23648bd3) fsgnj.d fs7, fs1, fs6
core   0: 1 0x0000000080004082 (0x23648bd3) f23 0xffffffff00000000
core   0: 0x0000000080004086 (0x01086833) or      a6, a6, a6
core   0: 1 0x0000000080004086 (0x01086833) x16 0x0000000000000000
core   0: 0x000000008000408a (0x0332b733) mulhu   a4, t0, s3
core   0: 1 0x000000008000408a (0x0332b733) x14 0x0000000000000000
core   0: 0x000000008000408e (0x0011f193) andi    gp, gp, 1
core   0: 1 0x000000008000408e (0x0011f193) x3  0x0000000000000000
core   0: 0x0000000080004092 (0x9335f7c3) fmadd.d fa5, fa1, fs3, fs2
core   0: 1 0x0000000080004092 (0x9335f7c3) f15 0x7ff8000000000000
core   0: 0x0000000080004096 (0xc22a7553) fcvt.l.d a0, fs4
core   0: 1 0x0000000080004096 (0xc22a7553) c1_fflags 0x0000000000000010 x10 0x7fffffffffffffff
core   0: 0x000000008000409a (0x0019d313) srli    t1, s3, 1
core   0: 1 0x000000008000409a (0x0019d313) x6  0x0000000000000000
core   0: 0x000000008000409e (0x00000001) c.nop
core   0: 1 0x000000008000409e (0x0001)
core   0: 0x00000000800040a0 (0x1b277a53) fdiv.d  fs4, fa4, fs2
core   0: 1 0x00000000800040a0 (0x1b277a53) f20 0x7ff8000000000000
core   0: 0x00000000800040a4 (0x0267833b) mulw    t1, a5, t1
core   0: 1 0x00000000800040a4 (0x0267833b) x6  0x0000000000000000
core   0: 0x00000000800040a8 (0x01635793) srli    a5, t1, 22
core   0: 1 0x00000000800040a8 (0x01635793) x15 0x0000000000000000
core   0: 0x00000000800040ac (0x0387d213) srli    tp, a5, 56
core   0: 1 0x00000000800040ac (0x0387d213) x4  0x0000000000000000
core   0: 0x00000000800040b0 (0x01f8901b) slliw   zero, a7, 31
core   0: 1 0x00000000800040b0 (0x01f8901b)
core   0: 0x00000000800040b4 (0x4167db33) sra     s6, a5, s6
core   0: 1 0x00000000800040b4 (0x4167db33) x22 0x0000000000000000
core   0: 0x00000000800040b8 (0x0ff0000f) fence   iorw,iorw
core   0: 1 0x00000000800040b8 (0x0ff0000f)
core   0: 0x00000000800040bc (0x03d7fed3) fadd.d  ft9, fa5, ft9
core   0: 1 0x00000000800040bc (0x03d7fed3) f29 0x7ff8000000000000
core   0: 0x00000000800040c0 (0xd237fad3) fcvt.d.lu fs5, a5
core   0: 1 0x00000000800040c0 (0xd237fad3) f21 0x0000000000000000
core   0: 0x00000000800040c4 (0xc207f4d3) fcvt.w.d s1, fa5
core   0: 1 0x00000000800040c4 (0xc207f4d3) c1_fflags 0x0000000000000010 x9  0x000000007fffffff
core   0: 0x00000000800040c8 (0xc2047e53) fcvt.w.d t3, fs0
core   0: 1 0x00000000800040c8 (0xc2047e53) c1_fflags 0x0000000000000010 x28 0x000000007fffffff
core   0: 0x00000000800040cc (0xc0387953) fcvt.lu.s s2, fa6
core   0: 1 0x00000000800040cc (0xc0387953) x18 0x0000000000000000
core   0: 0x00000000800040d0 (0x013d19bb) sllw    s3, s10, s3
core   0: 1 0x00000000800040d0 (0x013d19bb) x19 0x0000000000000000
core   0: 0x00000000800040d4 (0xcb82724b) fnmsub.d ft4, ft4, fs8, fs9
core   0: 1 0x00000000800040d4 (0xcb82724b) f4  0x7ff8000000000000
core   0: 0x00000000800040d8 (0x0027d59b) srliw   a1, a5, 2
core   0: 1 0x00000000800040d8 (0x0027d59b) x11 0x0000000000000000
core   0: 0x00000000800040dc (0x0b4d75d3) fsub.d  fa1, fs10, fs4
core   0: 1 0x00000000800040dc (0x0b4d75d3) f11 0x7ff8000000000000
core   0: 0x00000000800040e0 (0x4cdb56b7) lui     a3, 0x4cdb5
core   0: 1 0x00000000800040e0 (0x4cdb56b7) x13 0x000000004cdb5000
core   0: 0x00000000800040e4 (0x00102c73) csrrs   s8, fflags, zero
core   0: 1 0x00000000800040e4 (0x00102c73) x24 0x0000000000000010
core   0: 0x00000000800040e8 (0xa1150b93) addi    s7, a0, -1519
core   0: 1 0x00000000800040e8 (0xa1150b93) x23 0x7ffffffffffffa10
core   0: 0x00000000800040ec (0x00a79b1b) slliw   s6, a5, 10
core   0: 1 0x00000000800040ec (0x00a79b1b) x22 0x0000000000000000
core   0: 0x00000000800040f0 (0xc21ef253) fcvt.wu.d tp, ft9
core   0: 1 0x00000000800040f0 (0xc21ef253) c1_fflags 0x0000000000000010 x4  0xffffffffffffffff
core   0: 0x00000000800040f4 (0x003781bb) addw    gp, a5, gp
core   0: 1 0x00000000800040f4 (0x003781bb) x3  0x0000000000000000
core   0: 0x00000000800040f8 (0xd2168853) fcvt.d.wu fa6, a3
core   0: 1 0x00000000800040f8 (0xd2168853) f16 0x41d336d400000000
core   0: 0x00000000800040fc (0x01069c13) slli    s8, a3, 16
core   0: 1 0x00000000800040fc (0x01069c13) x24 0x00004cdb50000000
core   0: 0x0000000080004100 (0x01f89793) slli    a5, a7, 31
core   0: 1 0x0000000080004100 (0x01f89793) x15 0x0000000000000000
core   0: 0x0000000080004104 (0x13787753) fmul.d  fa4, fa6, fs7
core   0: 1 0x0000000080004104 (0x13787753) f14 0x7ff8000000000000
core   0: 0x0000000080004108 (0x000095ee) c.add   a1, s11
core   0: 1 0x0000000080004108 (0x95ee) x11 0x000000000ad8b800
core   0: 0x000000008000410a (0xf13b2573) csrrs   a0, mimpid, s6
core   0: exception trap_illegal_instruction, epc 0x000000008000410a
core   0:           tval 0x00000000f13b2573
core   0: >>>>  $xrv64i2p1_m2p0_a2p1_f2p2_d2p2_zicsr2p0_zifencei2p0_zmmul1p0_zba1p0_zbb1p0_zbc1p0_zbs1p0
core   0: 0x0000000080004000 (0x0080006f) j       pc + 0x8
core   0: 3 0x0000000080004000 (0x0080006f)
core   0: >>>>  mmode_exception_handler
core   0: 0x0000000080004008 (0x00002c17) auipc   s8, 0x2
core   0: 3 0x0000000080004008 (0x00002c17) x24 0x0000000080006008
core   0: 0x000000008000400c (0xfd4c0c13) addi    s8, s8, -44
core   0: 3 0x000000008000400c (0xfd4c0c13) x24 0x0000000080005fdc
core   0: 0x0000000080004010 (0x000c00e7) jalr    s8
core   0: 3 0x0000000080004010 (0x000c00e7) x1  0x0000000080004014
core   0: >>>>  any_handler
core   0: 0x0000000080005fdc (0x341027f3) csrrs   a5, mepc, zero
core   0: 3 0x0000000080005fdc (0x341027f3) x15 0x000000008000410a
core   0: 0x0000000080005fe0 (0x34202773) csrrs   a4, mcause, zero
core   0: 3 0x0000000080005fe0 (0x34202773) x14 0x0000000000000002
core   0: 0x0000000080005fe4 (0x142026f3) csrrs   a3, scause, zero
core   0: 3 0x0000000080005fe4 (0x142026f3) x13 0x0000000000000000
core   0: 0x0000000080005fe8 (0x30402673) csrrs   a2, mie, zero
core   0: 3 0x0000000080005fe8 (0x30402673) x12 0x0000000000000a00
core   0: 0x0000000080005fec (0x344025f3) csrrs   a1, mip, zero
core   0: 3 0x0000000080005fec (0x344025f3) x11 0x0000000000000080
core   0: 0x0000000080005ff0 (0x343025f3) csrrs   a1, mtval, zero
core   0: 3 0x0000000080005ff0 (0x343025f3) x11 0x00000000f13b2573
core   0: 0x0000000080005ff4 (0x14302573) csrrs   a0, stval, zero
core   0: 3 0x0000000080005ff4 (0x14302573) x10 0x0000000000000000
core   0: 0x0000000080005ff8 (0xb02024f3) csrrs   s1, minstret, zero
core   0: 3 0x0000000080005ff8 (0xb02024f3) x9  0x0000000000000803
core   0: 0x0000000080005ffc (0x0000a811) c.j     pc + 20
core   0: 3 0x0000000080005ffc (0xa811)
core   0: >>>>  mepc_4
core   0: 0x0000000080006010 (0x00000791) c.addi  a5, 4
core   0: 3 0x0000000080006010 (0x0791) x15 0x000000008000410e
core   0: 0x0000000080006012 (0x34179073) csrrw   zero, mepc, a5
core   0: 3 0x0000000080006012 (0x34179073) c833_mepc 0x000000008000410e
core   0: 0x0000000080006016 (0x30200073) mret
core   0: 3 0x0000000080006016 (0x30200073) c768_mstatus 0x8000000a00106080
core   0: 0x000000008000410e (0x323b5bf3) csrrwi  s7, mhpmevent3, 22
core   0: exception trap_illegal_instruction, epc 0x000000008000410e
core   0:           tval 0x00000000323b5bf3
core   0: >>>>  $xrv64i2p1_m2p0_a2p1_f2p2_d2p2_zicsr2p0_zifencei2p0_zmmul1p0_zba1p0_zbb1p0_zbc1p0_zbs1p0
core   0: 0x0000000080004000 (0x0080006f) j       pc + 0x8
core   0: 3 0x0000000080004000 (0x0080006f)
core   0: >>>>  mmode_exception_handler
core   0: 0x0000000080004008 (0x00002c17) auipc   s8, 0x2
core   0: 3 0x0000000080004008 (0x00002c17) x24 0x0000000080006008
core   0: 0x000000008000400c (0xfd4c0c13) addi    s8, s8, -44
core   0: 3 0x000000008000400c (0xfd4c0c13) x24 0x0000000080005fdc
core   0: 0x0000000080004010 (0x000c00e7) jalr    s8
core   0: 3 0x0000000080004010 (0x000c00e7) x1  0x0000000080004014
core   0: >>>>  any_handler
core   0: 0x0000000080005fdc (0x341027f3) csrrs   a5, mepc, zero
core   0: 3 0x0000000080005fdc (0x341027f3) x15 0x000000008000410e
core   0: 0x0000000080005fe0 (0x34202773) csrrs   a4, mcause, zero
core   0: 3 0x0000000080005fe0 (0x34202773) x14 0x0000000000000002
core   0: 0x0000000080005fe4 (0x142026f3) csrrs   a3, scause, zero
core   0: 3 0x0000000080005fe4 (0x142026f3) x13 0x0000000000000000
core   0: 0x0000000080005fe8 (0x30402673) csrrs   a2, mie, zero
core   0: 3 0x0000000080005fe8 (0x30402673) x12 0x0000000000000a00
core   0: 0x0000000080005fec (0x344025f3) csrrs   a1, mip, zero
core   0: 3 0x0000000080005fec (0x344025f3) x11 0x0000000000000080
core   0: 0x0000000080005ff0 (0x343025f3) csrrs   a1, mtval, zero
core   0: 3 0x0000000080005ff0 (0x343025f3) x11 0x00000000323b5bf3
core   0: 0x0000000080005ff4 (0x14302573) csrrs   a0, stval, zero
core   0: 3 0x0000000080005ff4 (0x14302573) x10 0x0000000000000000
core   0: 0x0000000080005ff8 (0xb02024f3) csrrs   s1, minstret, zero
core   0: 3 0x0000000080005ff8 (0xb02024f3) x9  0x0000000000000813
core   0: 0x0000000080005ffc (0x0000a811) c.j     pc + 20
core   0: 3 0x0000000080005ffc (0xa811)
core   0: >>>>  mepc_4
core   0: 0x0000000080006010 (0x00000791) c.addi  a5, 4
core   0: 3 0x0000000080006010 (0x0791) x15 0x0000000080004112
core   0: 0x0000000080006012 (0x34179073) csrrw   zero, mepc, a5
core   0: 3 0x0000000080006012 (0x34179073) c833_mepc 0x0000000080004112
core   0: 0x0000000080006016 (0x30200073) mret
core   0: 3 0x0000000080006016 (0x30200073) c768_mstatus 0x8000000a00106080
core   0: 0x0000000080004112 (0x400ddd9b) sraiw   s11, s11, 0
core   0: 1 0x0000000080004112 (0x400ddd9b) x27 0x000000000ad8b800
core   0: 0x0000000080004116 (0x00000001) c.nop
core   0: 1 0x0000000080004116 (0x0001)
core   0: 0x0000000080004118 (0x03af7153) fadd.d  ft2, ft10, fs10
core   0: 1 0x0000000080004118 (0x03af7153) f2  0x7ff8000000000000
core   0: 0x000000008000411c (0x13cf78c7) fmsub.d fa7, ft10, ft8, ft2
core   0: 1 0x000000008000411c (0x13cf78c7) f17 0x7ff8000000000000
core   0: 0x0000000080004120 (0x1410e673) csrrsi  a2, sepc, 1
core   0: 1 0x0000000080004120 (0x1410e673) x12 0x0000000000000000 c321_sepc 0x0000000000000000
core   0: 0x0000000080004124 (0x0266d313) srli    t1, a3, 38
core   0: 1 0x0000000080004124 (0x0266d313) x6  0x0000000000000000
core   0: 0x0000000080004128 (0xc01bd9f3) csrrwi  s3, time, 23
core   0: exception trap_illegal_instruction, epc 0x0000000080004128
core   0:           tval 0x00000000c01bd9f3
core   0: >>>>  $xrv64i2p1_m2p0_a2p1_f2p2_d2p2_zicsr2p0_zifencei2p0_zmmul1p0_zba1p0_zbb1p0_zbc1p0_zbs1p0
core   0: 0x0000000080004000 (0x0080006f) j       pc + 0x8
core   0: 3 0x0000000080004000 (0x0080006f)
core   0: >>>>  mmode_exception_handler
core   0: 0x0000000080004008 (0x00002c17) auipc   s8, 0x2
core   0: 3 0x0000000080004008 (0x00002c17) x24 0x0000000080006008
core   0: 0x000000008000400c (0xfd4c0c13) addi    s8, s8, -44
core   0: 3 0x000000008000400c (0xfd4c0c13) x24 0x0000000080005fdc
core   0: 0x0000000080004010 (0x000c00e7) jalr    s8
core   0: 3 0x0000000080004010 (0x000c00e7) x1  0x0000000080004014
core   0: >>>>  any_handler
core   0: 0x0000000080005fdc (0x341027f3) csrrs   a5, mepc, zero
core   0: 3 0x0000000080005fdc (0x341027f3) x15 0x0000000080004128
core   0: 0x0000000080005fe0 (0x34202773) csrrs   a4, mcause, zero
core   0: 3 0x0000000080005fe0 (0x34202773) x14 0x0000000000000002
core   0: 0x0000000080005fe4 (0x142026f3) csrrs   a3, scause, zero
core   0: 3 0x0000000080005fe4 (0x142026f3) x13 0x0000000000000000
core   0: 0x0000000080005fe8 (0x30402673) csrrs   a2, mie, zero
core   0: 3 0x0000000080005fe8 (0x30402673) x12 0x0000000000000a00
core   0: 0x0000000080005fec (0x344025f3) csrrs   a1, mip, zero
core   0: 3 0x0000000080005fec (0x344025f3) x11 0x0000000000000080
core   0: 0x0000000080005ff0 (0x343025f3) csrrs   a1, mtval, zero
core   0: 3 0x0000000080005ff0 (0x343025f3) x11 0x00000000c01bd9f3
core   0: 0x0000000080005ff4 (0x14302573) csrrs   a0, stval, zero
core   0: 3 0x0000000080005ff4 (0x14302573) x10 0x0000000000000000
core   0: 0x0000000080005ff8 (0xb02024f3) csrrs   s1, minstret, zero
core   0: 3 0x0000000080005ff8 (0xb02024f3) x9  0x0000000000000829
core   0: 0x0000000080005ffc (0x0000a811) c.j     pc + 20
core   0: 3 0x0000000080005ffc (0xa811)
core   0: >>>>  mepc_4
core   0: 0x0000000080006010 (0x00000791) c.addi  a5, 4
core   0: 3 0x0000000080006010 (0x0791) x15 0x000000008000412c
core   0: 0x0000000080006012 (0x34179073) csrrw   zero, mepc, a5
core   0: 3 0x0000000080006012 (0x34179073) c833_mepc 0x000000008000412c
core   0: 0x0000000080006016 (0x30200073) mret
core   0: 3 0x0000000080006016 (0x30200073) c768_mstatus 0x8000000a00106080
core   0: 0x000000008000412c (0xe318f9c3) fmadd.d fs3, fa7, fa7, ft8
core   0: 1 0x000000008000412c (0xe318f9c3) f19 0x7ff8000000000000
core   0: 0x0000000080004130 (0x43deec37) lui     s8, 0x43dee
core   0: 1 0x0000000080004130 (0x43deec37) x24 0x0000000043dee000
core   0: 0x0000000080004134 (0xc224f1d3) fcvt.l.d gp, fs1
core   0: 1 0x0000000080004134 (0xc224f1d3) c1_fflags 0x0000000000000010 x3  0x7fffffffffffffff
core   0: 0x0000000080004138 (0x3103bd73) csrrc   s10, mstatush, t2
core   0: exception trap_illegal_instruction, epc 0x0000000080004138
core   0:           tval 0x000000003103bd73
core   0: >>>>  $xrv64i2p1_m2p0_a2p1_f2p2_d2p2_zicsr2p0_zifencei2p0_zmmul1p0_zba1p0_zbb1p0_zbc1p0_zbs1p0
core   0: 0x0000000080004000 (0x0080006f) j       pc + 0x8
core   0: 3 0x0000000080004000 (0x0080006f)
core   0: >>>>  mmode_exception_handler
core   0: 0x0000000080004008 (0x00002c17) auipc   s8, 0x2
core   0: 3 0x0000000080004008 (0x00002c17) x24 0x0000000080006008
core   0: 0x000000008000400c (0xfd4c0c13) addi    s8, s8, -44
core   0: 3 0x000000008000400c (0xfd4c0c13) x24 0x0000000080005fdc
core   0: 0x0000000080004010 (0x000c00e7) jalr    s8
core   0: 3 0x0000000080004010 (0x000c00e7) x1  0x0000000080004014
core   0: >>>>  any_handler
core   0: 0x0000000080005fdc (0x341027f3) csrrs   a5, mepc, zero
core   0: 3 0x0000000080005fdc (0x341027f3) x15 0x0000000080004138
core   0: 0x0000000080005fe0 (0x34202773) csrrs   a4, mcause, zero
core   0: 3 0x0000000080005fe0 (0x34202773) x14 0x0000000000000002
core   0: 0x0000000080005fe4 (0x142026f3) csrrs   a3, scause, zero
core   0: 3 0x0000000080005fe4 (0x142026f3) x13 0x0000000000000000
core   0: 0x0000000080005fe8 (0x30402673) csrrs   a2, mie, zero
core   0: 3 0x0000000080005fe8 (0x30402673) x12 0x0000000000000a00
core   0: 0x0000000080005fec (0x344025f3) csrrs   a1, mip, zero
core   0: 3 0x0000000080005fec (0x344025f3) x11 0x0000000000000080
core   0: 0x0000000080005ff0 (0x343025f3) csrrs   a1, mtval, zero
core   0: 3 0x0000000080005ff0 (0x343025f3) x11 0x000000003103bd73
core   0: 0x0000000080005ff4 (0x14302573) csrrs   a0, stval, zero
core   0: 3 0x0000000080005ff4 (0x14302573) x10 0x0000000000000000
core   0: 0x0000000080005ff8 (0xb02024f3) csrrs   s1, minstret, zero
core   0: 3 0x0000000080005ff8 (0xb02024f3) x9  0x000000000000083c
core   0: 0x0000000080005ffc (0x0000a811) c.j     pc + 20
core   0: 3 0x0000000080005ffc (0xa811)
core   0: >>>>  mepc_4
core   0: 0x0000000080006010 (0x00000791) c.addi  a5, 4
core   0: 3 0x0000000080006010 (0x0791) x15 0x000000008000413c
core   0: 0x0000000080006012 (0x34179073) csrrw   zero, mepc, a5
core   0: 3 0x0000000080006012 (0x34179073) c833_mepc 0x000000008000413c
core   0: 0x0000000080006016 (0x30200073) mret
core   0: 3 0x0000000080006016 (0x30200073) c768_mstatus 0x8000000a00106080
core   0: 0x000000008000413c (0x02e80733) mul     a4, a6, a4
core   0: 1 0x000000008000413c (0x02e80733) x14 0x0000000000000000
core   0: 0x0000000080004140 (0xf2070ad3) fmv.d.x fs5, a4
core   0: 1 0x0000000080004140 (0xf2070ad3) f21 0x0000000000000000
core   0: 0x0000000080004144 (0xd962f793) andi    a5, t0, -618
core   0: 1 0x0000000080004144 (0xd962f793) x15 0x0000000000000000
core   0: 0x0000000080004148 (0x015a9abb) sllw    s5, s5, s5
core   0: 1 0x0000000080004148 (0x015a9abb) x21 0x0000000000000000
core   0: 0x000000008000414c (0xd20a8553) fcvt.d.w fa0, s5
core   0: 1 0x000000008000414c (0xd20a8553) f10 0x0000000000000000
core   0: 0x0000000080004150 (0x003c75b3) and     a1, s8, gp
core   0: 1 0x0000000080004150 (0x003c75b3) x11 0x0000000080005fdc
core   0: 0x0000000080004154 (0x01ad1d3b) sllw    s10, s10, s10
core   0: 1 0x0000000080004154 (0x01ad1d3b) x26 0x0000000000000000
core   0: 0x0000000080004158 (0x42000cd3) fcvt.d.s fs9, ft0
core   0: 1 0x0000000080004158 (0x42000cd3) f25 0x0000000000000000
core   0: 0x000000008000415c (0xdbb57bcb) fnmsub.d fs7, fa0, fs11, fs11
core   0: 1 0x000000008000415c (0xdbb57bcb) f23 0x7ff8000000000000
core   0: 0x0000000080004160 (0x066d3537) lui     a0, 0x66d3
core   0: 1 0x0000000080004160 (0x066d3537) x10 0x00000000066d3000
core   0: 0x0000000080004164 (0x1455051b) addiw   a0, a0, 325
core   0: 1 0x0000000080004164 (0x1455051b) x10 0x00000000066d3145
core   0: 0x0000000080004168 (0x00000532) c.slli  a0, 12
core   0: 1 0x0000000080004168 (0x0532) x10 0x00000066d3145000
core   0: 0x000000008000416a (0x78f50513) addi    a0, a0, 1935
core   0: 1 0x000000008000416a (0x78f50513) x10 0x00000066d314578f
core   0: 0x000000008000416e (0x00009a96) c.add   s5, t0
core   0: 1 0x000000008000416e (0x9a96) x21 0x0000000000000000
core   0: 0x0000000080004170 (0x42078953) fcvt.d.s fs2, fa5
core   0: 1 0x0000000080004170 (0x42078953) f18 0x7ff8000000000000
core   0: 0x0000000080004174 (0x000a9e1b) slliw   t3, s5, 0
core   0: 1 0x0000000080004174 (0x000a9e1b) x28 0x0000000000000000
core   0: 0x0000000080004178 (0x000014fe) c.slli  s1, 63
core   0: 1 0x0000000080004178 (0x14fe) x9  0x0000000000000000
core   0: 0x000000008000417a (0xc0357c53) fcvt.lu.s s8, fa0
core   0: 1 0x000000008000417a (0xc0357c53) c1_fflags 0x0000000000000010 x24 0xffffffffffffffff
core   0: 0x000000008000417e (0x0318ac33) mulhsu  s8, a7, a7
core   0: 1 0x000000008000417e (0x0318ac33) x24 0x0000000000000000
core   0: 0x0000000080004182 (0x038ee03b) remw    zero, t4, s8
core   0: 1 0x0000000080004182 (0x038ee03b)
core   0: 0x0000000080004186 (0x404a519b) sraiw   gp, s4, 4
core   0: 1 0x0000000080004186 (0x404a519b) x3  0x0000000000000000
core   0: 0x000000008000418a (0x95c96a93) ori     s5, s2, -1700
core   0: 1 0x000000008000418a (0x95c96a93) x21 0xfffffffffffff95c
core   0: 0x000000008000418e (0x02b105bb) mulw    a1, sp, a1
core   0: 1 0x000000008000418e (0x02b105bb) x11 0xffffffffc1850000
core   0: 0x0000000080004192 (0x134a7b53) fmul.d  fs6, fs4, fs4
core   0: 1 0x0000000080004192 (0x134a7b53) f22 0x7ff8000000000000
core   0: 0x0000000080004196 (0x002029f3) csrrs   s3, frm, zero
core   0: 1 0x0000000080004196 (0x002029f3) x19 0x0000000000000000
core   0: 0x000000008000419a (0x02b456bb) divuw   a3, s0, a1
core   0: 1 0x000000008000419a (0x02b456bb) x13 0x0000000000000000
core   0: 0x000000008000419e (0x41ba559b) sraiw   a1, s4, 27
core   0: 1 0x000000008000419e (0x41ba559b) x11 0x0000000000000000
core   0: 0x00000000800041a2 (0x03906cbb) remw    s9, zero, s9
core   0: 1 0x00000000800041a2 (0x03906cbb) x25 0x0000000000000000
core   0: 0x00000000800041a6 (0x03ca04b3) mul     s1, s4, t3
core   0: 1 0x00000000800041a6 (0x03ca04b3) x9  0x0000000000000000
core   0: 0x00000000800041aa (0x000093e1) c.srli  a5, 56
core   0: 1 0x00000000800041aa (0x93e1) x15 0x0000000000000000
core   0: 0x00000000800041ac (0x1b527253) fdiv.d  ft4, ft4, fs5
core   0: 1 0x00000000800041ac (0x1b527253) f4  0x7ff8000000000000
core   0: 0x00000000800041b0 (0x03999333) mulh    t1, s3, s9
core   0: 1 0x00000000800041b0 (0x03999333) x6  0x0000000000000000
core   0: 0x00000000800041b4 (0x01a79bb3) sll     s7, a5, s10
core   0: 1 0x00000000800041b4 (0x01a79bb3) x23 0x0000000000000000
core   0: 0x00000000800041b8 (0x03ad42bb) divw    t0, s10, s10
core   0: 1 0x00000000800041b8 (0x03ad42bb) x5  0xffffffffffffffff
core   0: 0x00000000800041bc (0x2b4106d3) fmin.d  fa3, ft2, fs4
core   0: 1 0x00000000800041bc (0x2b4106d3) f13 0x7ff8000000000000
core   0: 0x00000000800041c0 (0x01ad2533) slt     a0, s10, s10
core   0: 1 0x00000000800041c0 (0x01ad2533) x10 0x0000000000000000
core   0: 0x00000000800041c4 (0x0001541b) srliw   s0, sp, 0
core   0: 1 0x00000000800041c4 (0x0001541b) x8  0x000000000ad8c000
core   0: 0x00000000800041c8 (0x00289af3) csrrw   s5, frm, a7
core   0: 1 0x00000000800041c8 (0x00289af3) x21 0x0000000000000000 c2_frm 0x0000000000000000
core   0: 0x00000000800041cc (0xc21d79d3) fcvt.wu.d s3, fs10
core   0: 1 0x00000000800041cc (0xc21d79d3) c1_fflags 0x0000000000000010 x19 0xffffffffffffffff
core   0: 0x00000000800041d0 (0xee796713) ori     a4, s2, -281
core   0: 1 0x00000000800041d0 (0xee796713) x14 0xfffffffffffffee7
core   0: 0x00000000800041d4 (0x420c8553) fcvt.d.s fa0, fs9
core   0: 1 0x00000000800041d4 (0x420c8553) f10 0x7ff8000000000000
core   0: 0x00000000800041d8 (0xc026f453) fcvt.l.s s0, fa3
core   0: 1 0x00000000800041d8 (0xc026f453) c1_fflags 0x0000000000000010 x8  0x7fffffffffffffff
core   0: 0x00000000800041dc (0x2baf1353) fmax.d  ft6, ft10, fs10
core   0: 1 0x00000000800041dc (0x2baf1353) f6  0x7ff8000000000000
core   0: 0x00000000800041e0 (0x00202273) csrrs   tp, frm, zero
core   0: 1 0x00000000800041e0 (0x00202273) x4  0x0000000000000000
core   0: 0x00000000800041e4 (0x000e1b1b) slliw   s6, t3, 0
core   0: 1 0x00000000800041e4 (0x000e1b1b) x22 0x0000000000000000
core   0: 0x00000000800041e8 (0xe20705d3) fmv.x.d a1, fa4
core   0: 1 0x00000000800041e8 (0xe20705d3) x11 0x7ff8000000000000
core   0: 0x00000000800041ec (0xf5462713) slti    a4, a2, -172
core   0: 1 0x00000000800041ec (0xf5462713) x14 0x0000000000000000
core   0: 0x00000000800041f0 (0x00f640b3) xor     ra, a2, a5
core   0: 1 0x00000000800041f0 (0x00f640b3) x1  0x0000000000000a00
core   0: 0x00000000800041f4 (0x00035493) srli    s1, t1, 0
core   0: 1 0x00000000800041f4 (0x00035493) x9  0x0000000000000000
core   0: 0x00000000800041f8 (0x01068dbb) addw    s11, a3, a6
core   0: 1 0x00000000800041f8 (0x01068dbb) x27 0x0000000000000000
core   0: 0x00000000800041fc (0x00d3e133) or      sp, t2, a3
core   0: 1 0x00000000800041fc (0x00d3e133) x2  0x0000000000000000
core   0: 0x0000000080004200 (0x00202573) csrrs   a0, frm, zero
core   0: 1 0x0000000080004200 (0x00202573) x10 0x0000000000000000
core   0: 0x0000000080004204 (0x2a8580d3) fmin.d  ft1, fa1, fs0
core   0: 1 0x0000000080004204 (0x2a8580d3) f1  0x7ff8000000000000
core   0: 0x0000000080004208 (0x1ab1f9d3) fdiv.d  fs3, ft3, fa1
core   0: 1 0x0000000080004208 (0x1ab1f9d3) f19 0x7ff8000000000000
core   0: 0x000000008000420c (0x01211b3b) sllw    s6, sp, s2
core   0: 1 0x000000008000420c (0x01211b3b) x22 0x0000000000000000
core   0: 0x0000000080004210 (0x02e04d3b) divw    s10, zero, a4
core   0: 1 0x0000000080004210 (0x02e04d3b) x26 0xffffffffffffffff
core   0: 0x0000000080004214 (0x0223533b) divuw   t1, t1, sp
core   0: 1 0x0000000080004214 (0x0223533b) x6  0xffffffffffffffff
core   0: 0x0000000080004218 (0x4235d213) srai    tp, a1, 35
core   0: 1 0x0000000080004218 (0x4235d213) x4  0x000000000fff0000
core   0: 0x000000008000421c (0x001d1d73) csrrw   s10, fflags, s10
core   0: 1 0x000000008000421c (0x001d1d73) x26 0x0000000000000010 c1_fflags 0x000000000000001f
core   0: 0x0000000080004220 (0x002026f3) csrrs   a3, frm, zero
core   0: 1 0x0000000080004220 (0x002026f3) x13 0x0000000000000000
core   0: 0x0000000080004224 (0x22052053) fsgnjx.d ft0, fa0, ft0
core   0: 1 0x0000000080004224 (0x22052053) f0  0xfff8000000000000
core   0: 0x0000000080004228 (0x00106c33) or      s8, zero, ra
core   0: 1 0x0000000080004228 (0x00106c33) x24 0x0000000000000a00
core   0: 0x000000008000422c (0xa2218cd3) fle.d   s9, ft3, ft2
core   0: 1 0x000000008000422c (0xa2218cd3) c1_fflags 0x000000000000001f x25 0x0000000000000000
core   0: 0x0000000080004230 (0x000e1913) slli    s2, t3, 0
core   0: 1 0x0000000080004230 (0x000e1913) x18 0x0000000000000000
core   0: 0x0000000080004234 (0x0b4b7853) fsub.d  fa6, fs6, fs4
core   0: 1 0x0000000080004234 (0x0b4b7853) f16 0x7ff8000000000000
core   0: 0x0000000080004238 (0xc029f053) fcvt.l.s zero, fs3
core   0: 1 0x0000000080004238 (0xc029f053) c1_fflags 0x000000000000001f
core   0: 0x000000008000423c (0xf20c8953) fmv.d.x fs2, s9
core   0: 1 0x000000008000423c (0xf20c8953) f18 0x0000000000000000
core   0: 0x0000000080004240 (0x00051993) slli    s3, a0, 0
core   0: 1 0x0000000080004240 (0x00051993) x19 0x0000000000000000
core   0: 0x0000000080004244 (0x236515d3) fsgnjn.d fa1, fa0, fs6
core   0: 1 0x0000000080004244 (0x236515d3) f11 0xfff8000000000000
core   0: 0x0000000080004248 (0xf6794513) xori    a0, s2, -153
core   0: 1 0x0000000080004248 (0xf6794513) x10 0xffffffffffffff67
core   0: 0x000000008000424c (0x00161373) csrrw   t1, fflags, a2
core   0: 1 0x000000008000424c (0x00161373) x6  0x000000000000001f c1_fflags 0x0000000000000000
core   0: 0x0000000080004250 (0x5a077453) fsqrt.d fs0, fa4
core   0: 1 0x0000000080004250 (0x5a077453) f8  0x7ff8000000000000
core   0: 0x0000000080004254 (0xd0357853) fcvt.s.lu fa6, a0
core   0: 1 0x0000000080004254 (0xd0357853) c1_fflags 0x0000000000000001 f16 0xffffffff5f800000
core   0: 0x0000000080004258 (0x41bd5c1b) sraiw   s8, s10, 27
core   0: 1 0x0000000080004258 (0x41bd5c1b) x24 0x0000000000000000
core   0: 0x000000008000425c (0x00001a32) c.slli  s4, 44
core   0: 1 0x000000008000425c (0x1a32) x20 0x0000000000000000
core   0: 0x000000008000425e (0x0420a617) auipc   a2, 0x420a
core   0: 1 0x000000008000425e (0x0420a617) x12 0x000000008420e25e
core   0: 0x0000000080004262 (0x00202af3) csrrs   s5, frm, zero
core   0: 1 0x0000000080004262 (0x00202af3) x21 0x0000000000000000
core   0: 0x0000000080004266 (0x018a89bb) addw    s3, s5, s8
core   0: 1 0x0000000080004266 (0x018a89bb) x19 0x0000000000000000
core   0: 0x000000008000426a (0x4009d413) srai    s0, s3, 0
core   0: 1 0x000000008000426a (0x4009d413) x8  0x0000000000000000
core   0: 0x000000008000426e (0x0289bdb3) mulhu   s11, s3, s0
core   0: 1 0x000000008000426e (0x0289bdb3) x27 0x0000000000000000
core   0: 0x0000000080004272 (0x41695eb3) sra     t4, s2, s6
core   0: 1 0x0000000080004272 (0x41695eb3) x29 0x0000000000000000
core   0: 0x0000000080004276 (0x002e9073) csrrw   zero, frm, t4
core   0: 1 0x0000000080004276 (0x002e9073) c2_frm 0x0000000000000000
core   0: 0x000000008000427a (0x02052233) mulhsu  tp, a0, zero
core   0: 1 0x000000008000427a (0x02052233) x4  0x0000000000000000
core   0: 0x000000008000427e (0x43f25c13) srai    s8, tp, 63
core   0: 1 0x000000008000427e (0x43f25c13) x24 0x0000000000000000
core   0: 0x0000000080004282 (0x42040c53) fcvt.d.s fs8, fs0
core   0: 1 0x0000000080004282 (0x42040c53) f24 0x7ff8000000000000
core   0: 0x0000000080004286 (0xdeb44eb7) lui     t4, 0xdeb44
core   0: 1 0x0000000080004286 (0xdeb44eb7) x29 0xffffffffdeb44000
core   0: 0x000000008000428a (0x228372c7) fmsub.d ft5, ft6, fs0, ft4
core   0: 1 0x000000008000428a (0x228372c7) f5  0x7ff8000000000000
core   0: 0x000000008000428e (0x8bacfbc3) fmadd.d fs7, fs9, fs10, fa7
core   0: 1 0x000000008000428e (0x8bacfbc3) f23 0x7ff8000000000000
core   0: 0x0000000080004292 (0x746e8e9b) addiw   t4, t4, 1862
core   0: 1 0x0000000080004292 (0x746e8e9b) x29 0xffffffffdeb44746
core   0: 0x0000000080004296 (0x0173dd13) srli    s10, t2, 23
core   0: 1 0x0000000080004296 (0x0173dd13) x26 0x0000000000000000
core   0: 0x000000008000429a (0x0074dab3) srl     s5, s1, t2
core   0: 1 0x000000008000429a (0x0074dab3) x21 0x0000000000000000
core   0: 0x000000008000429e (0x0221033b) mulw    t1, sp, sp
core   0: 1 0x000000008000429e (0x0221033b) x6  0x0000000000000000
core   0: 0x00000000800042a2 (0xc02d7453) fcvt.l.s s0, fs10
core   0: 1 0x00000000800042a2 (0xc02d7453) x8  0x0000000000000000
core   0: 0x00000000800042a6 (0x02d104bb) mulw    s1, sp, a3
core   0: 1 0x00000000800042a6 (0x02d104bb) x9  0x0000000000000000
core   0: 0x00000000800042aa (0xe20707d3) fmv.x.d a5, fa4
core   0: 1 0x00000000800042aa (0xe20707d3) x15 0x7ff8000000000000
core   0: 0x00000000800042ae (0xd2267ed3) fcvt.d.l ft9, a2
core   0: 1 0x00000000800042ae (0xd2267ed3) f29 0x41e0841c4bc00000
core   0: 0x00000000800042b2 (0x4032d833) sra     a6, t0, gp
core   0: 1 0x00000000800042b2 (0x4032d833) x16 0xffffffffffffffff
core   0: 0x00000000800042b6 (0x0366fb33) remu    s6, a3, s6
core   0: 1 0x00000000800042b6 (0x0366fb33) x22 0x0000000000000000
core   0: 0x00000000800042ba (0x0395dcbb) divuw   s9, a1, s9
core   0: 1 0x00000000800042ba (0x0395dcbb) x25 0xffffffffffffffff
core   0: 0x00000000800042be (0x00ada2b3) slt     t0, s11, a0
core   0: 1 0x00000000800042be (0x00ada2b3) x5  0x0000000000000000
core   0: 0x00000000800042c2 (0xc02af6d3) fcvt.l.s a3, fs5
core   0: 1 0x00000000800042c2 (0xc02af6d3) c1_fflags 0x0000000000000011 x13 0x7fffffffffffffff
core   0: 0x00000000800042c6 (0x62c34313) xori    t1, t1, 1580
core   0: 1 0x00000000800042c6 (0x62c34313) x6  0x000000000000062c
core   0: 0x00000000800042ca (0xd21e80d3) fcvt.d.wu ft1, t4
core   0: 1 0x00000000800042ca (0xd21e80d3) f1  0x41ebd688e8c00000
core   0: 0x00000000800042ce (0x01d3153b) sllw    a0, t1, t4
core   0: 1 0x00000000800042ce (0x01d3153b) x10 0x0000000000018b00
core   0: 0x00000000800042d2 (0x002b1b73) csrrw   s6, frm, s6
core   0: 1 0x00000000800042d2 (0x002b1b73) x22 0x0000000000000000 c2_frm 0x0000000000000000
core   0: 0x00000000800042d6 (0x4021029b) addiw   t0, sp, 1026
core   0: 1 0x00000000800042d6 (0x4021029b) x5  0x0000000000000402
core   0: 0x00000000800042da (0xc0307753) fcvt.lu.s a4, ft0
core   0: 1 0x00000000800042da (0xc0307753) c1_fflags 0x0000000000000011 x14 0xffffffffffffffff
core   0: 0x00000000800042de (0x02157553) fadd.d  fa0, fa0, ft1
core   0: 1 0x00000000800042de (0x02157553) f10 0x7ff8000000000000
core   0: 0x00000000800042e2 (0x024a72bb) remuw   t0, s4, tp
core   0: 1 0x00000000800042e2 (0x024a72bb) x5  0x0000000000000000
core   0: 0x00000000800042e6 (0x039cc4bb) divw    s1, s9, s9
core   0: 1 0x00000000800042e6 (0x039cc4bb) x9  0x0000000000000001
core   0: 0x00000000800042ea (0x10ac9073) csrrw   zero, senvcfg, s9
core   0: 1 0x00000000800042ea (0x10ac9073) c266_senvcfg 0x0000000000000000
core   0: 0x00000000800042ee (0xf112d373) csrrwi  t1, mvendorid, 5
core   0: exception trap_illegal_instruction, epc 0x00000000800042ee
core   0:           tval 0x00000000f112d373
core   0: >>>>  $xrv64i2p1_m2p0_a2p1_f2p2_d2p2_zicsr2p0_zifencei2p0_zmmul1p0_zba1p0_zbb1p0_zbc1p0_zbs1p0
core   0: 0x0000000080004000 (0x0080006f) j       pc + 0x8
core   0: 3 0x0000000080004000 (0x0080006f)
core   0: >>>>  mmode_exception_handler
core   0: 0x0000000080004008 (0x00002c17) auipc   s8, 0x2
core   0: 3 0x0000000080004008 (0x00002c17) x24 0x0000000080006008
core   0: 0x000000008000400c (0xfd4c0c13) addi    s8, s8, -44
core   0: 3 0x000000008000400c (0xfd4c0c13) x24 0x0000000080005fdc
core   0: 0x0000000080004010 (0x000c00e7) jalr    s8
core   0: 3 0x0000000080004010 (0x000c00e7) x1  0x0000000080004014
core   0: >>>>  any_handler
core   0: 0x0000000080005fdc (0x341027f3) csrrs   a5, mepc, zero
core   0: 3 0x0000000080005fdc (0x341027f3) x15 0x00000000800042ee
core   0: 0x0000000080005fe0 (0x34202773) csrrs   a4, mcause, zero
core   0: 3 0x0000000080005fe0 (0x34202773) x14 0x0000000000000002
core   0: 0x0000000080005fe4 (0x142026f3) csrrs   a3, scause, zero
core   0: 3 0x0000000080005fe4 (0x142026f3) x13 0x0000000000000000
core   0: 0x0000000080005fe8 (0x30402673) csrrs   a2, mie, zero
core   0: 3 0x0000000080005fe8 (0x30402673) x12 0x0000000000000a00
core   0: 0x0000000080005fec (0x344025f3) csrrs   a1, mip, zero
core   0: 3 0x0000000080005fec (0x344025f3) x11 0x0000000000000080
core   0: 0x0000000080005ff0 (0x343025f3) csrrs   a1, mtval, zero
core   0: 3 0x0000000080005ff0 (0x343025f3) x11 0x00000000f112d373
core   0: 0x0000000080005ff4 (0x14302573) csrrs   a0, stval, zero
core   0: 3 0x0000000080005ff4 (0x14302573) x10 0x0000000000000000
core   0: 0x0000000080005ff8 (0xb02024f3) csrrs   s1, minstret, zero
core   0: 3 0x0000000080005ff8 (0xb02024f3) x9  0x00000000000008bb
core   0: 0x0000000080005ffc (0x0000a811) c.j     pc + 20
core   0: 3 0x0000000080005ffc (0xa811)
core   0: >>>>  mepc_4
core   0: 0x0000000080006010 (0x00000791) c.addi  a5, 4
core   0: 3 0x0000000080006010 (0x0791) x15 0x00000000800042f2
core   0: 0x0000000080006012 (0x34179073) csrrw   zero, mepc, a5
core   0: 3 0x0000000080006012 (0x34179073) c833_mepc 0x00000000800042f2
core   0: 0x0000000080006016 (0x30200073) mret
core   0: 3 0x0000000080006016 (0x30200073) c768_mstatus 0x8000000a00106080
core   0: 0x00000000800042f2 (0x03540c33) mul     s8, s0, s5
core   0: 1 0x00000000800042f2 (0x03540c33) x24 0x0000000000000000
core   0: 0x00000000800042f6 (0xd02c7453) fcvt.s.l fs0, s8
core   0: 1 0x00000000800042f6 (0xd02c7453) f8  0xffffffff00000000
core   0: 0x00000000800042fa (0x35a76113) ori     sp, a4, 858
core   0: 1 0x00000000800042fa (0x35a76113) x2  0x000000000000035a
core   0: 0x00000000800042fe (0x02517a33) remu    s4, sp, t0
core   0: 1 0x00000000800042fe (0x02517a33) x20 0x000000000000035a
core   0: 0x0000000080004302 (0xd038ff53) fcvt.s.lu ft10, a7
core   0: 1 0x0000000080004302 (0xd038ff53) f30 0xffffffff00000000
core   0: 0x0000000080004306 (0xa2fa05d3) fle.d   a1, fs4, fa5
core   0: 1 0x0000000080004306 (0xa2fa05d3) c1_fflags 0x0000000000000011 x11 0x0000000000000000
core   0: 0x000000008000430a (0x020eb633) mulhu   a2, t4, zero
core   0: 1 0x000000008000430a (0x020eb633) x12 0x0000000000000000
core   0: 0x000000008000430e (0xcaa47cc3) fmadd.d fs9, fs0, fa0, fs9
core   0: 1 0x000000008000430e (0xcaa47cc3) f25 0x7ff8000000000000
core   0: 0x0000000080004312 (0xc22cf1d3) fcvt.l.d gp, fs9
core   0: 1 0x0000000080004312 (0xc22cf1d3) c1_fflags 0x0000000000000011 x3  0x7fffffffffffffff
core   0: 0x0000000080004316 (0xf20402d3) fmv.d.x ft5, s0
core   0: 1 0x0000000080004316 (0xf20402d3) f5  0x0000000000000000
core   0: 0x000000008000431a (0x40197853) fcvt.s.d fa6, fs2
core   0: 1 0x000000008000431a (0x40197853) f16 0xffffffff00000000
core   0: 0x000000008000431e (0x019b5d1b) srliw   s10, s6, 25
core   0: 1 0x000000008000431e (0x019b5d1b) x26 0x0000000000000000
core   0: 0x0000000080004322 (0x12627243) fmadd.d ft4, ft4, ft6, ft2
core   0: 1 0x0000000080004322 (0x12627243) f4  0x7ff8000000000000
core   0: 0x0000000080004326 (0x7b0cd2f3) csrrwi  t0, dcsr, 25
core   0: exception trap_illegal_instruction, epc 0x0000000080004326
core   0:           tval 0x000000007b0cd2f3
core   0: >>>>  $xrv64i2p1_m2p0_a2p1_f2p2_d2p2_zicsr2p0_zifencei2p0_zmmul1p0_zba1p0_zbb1p0_zbc1p0_zbs1p0
core   0: 0x0000000080004000 (0x0080006f) j       pc + 0x8
core   0: 3 0x0000000080004000 (0x0080006f)
core   0: >>>>  mmode_exception_handler
core   0: 0x0000000080004008 (0x00002c17) auipc   s8, 0x2
core   0: 3 0x0000000080004008 (0x00002c17) x24 0x0000000080006008
core   0: 0x000000008000400c (0xfd4c0c13) addi    s8, s8, -44
core   0: 3 0x000000008000400c (0xfd4c0c13) x24 0x0000000080005fdc
core   0: 0x0000000080004010 (0x000c00e7) jalr    s8
core   0: 3 0x0000000080004010 (0x000c00e7) x1  0x0000000080004014
core   0: >>>>  any_handler
core   0: 0x0000000080005fdc (0x341027f3) csrrs   a5, mepc, zero
core   0: 3 0x0000000080005fdc (0x341027f3) x15 0x0000000080004326
core   0: 0x0000000080005fe0 (0x34202773) csrrs   a4, mcause, zero
core   0: 3 0x0000000080005fe0 (0x34202773) x14 0x0000000000000002
core   0: 0x0000000080005fe4 (0x142026f3) csrrs   a3, scause, zero
core   0: 3 0x0000000080005fe4 (0x142026f3) x13 0x0000000000000000
core   0: 0x0000000080005fe8 (0x30402673) csrrs   a2, mie, zero
core   0: 3 0x0000000080005fe8 (0x30402673) x12 0x0000000000000a00
core   0: 0x0000000080005fec (0x344025f3) csrrs   a1, mip, zero
core   0: 3 0x0000000080005fec (0x344025f3) x11 0x0000000000000080
core   0: 0x0000000080005ff0 (0x343025f3) csrrs   a1, mtval, zero
core   0: 3 0x0000000080005ff0 (0x343025f3) x11 0x000000007b0cd2f3
core   0: 0x0000000080005ff4 (0x14302573) csrrs   a0, stval, zero
core   0: 3 0x0000000080005ff4 (0x14302573) x10 0x0000000000000000
core   0: 0x0000000080005ff8 (0xb02024f3) csrrs   s1, minstret, zero
core   0: 3 0x0000000080005ff8 (0xb02024f3) x9  0x00000000000008d8
core   0: 0x0000000080005ffc (0x0000a811) c.j     pc + 20
core   0: 3 0x0000000080005ffc (0xa811)
core   0: >>>>  mepc_4
core   0: 0x0000000080006010 (0x00000791) c.addi  a5, 4
core   0: 3 0x0000000080006010 (0x0791) x15 0x000000008000432a
core   0: 0x0000000080006012 (0x34179073) csrrw   zero, mepc, a5
core   0: 3 0x0000000080006012 (0x34179073) c833_mepc 0x000000008000432a
core   0: 0x0000000080006016 (0x30200073) mret
core   0: 3 0x0000000080006016 (0x30200073) c768_mstatus 0x8000000a00106080
core   0: 0x000000008000432a (0x41a20633) sub     a2, tp, s10
core   0: 1 0x000000008000432a (0x41a20633) x12 0x0000000000000000
core   0: 0x000000008000432e (0xd227f8d3) fcvt.d.l fa7, a5
core   0: 1 0x000000008000432e (0xd227f8d3) f17 0x41e0000865400000
core   0: 0x0000000080004332 (0xa34d05d3) fle.d   a1, fs10, fs4
core   0: 1 0x0000000080004332 (0xa34d05d3) c1_fflags 0x0000000000000011 x11 0x0000000000000000
core   0: 0x0000000080004336 (0xd2158fd3) fcvt.d.wu ft11, a1
core   0: 1 0x0000000080004336 (0xd2158fd3) f31 0x0000000000000000
core   0: 0x000000008000433a (0x2bd89353) fmax.d  ft6, fa7, ft9
core   0: 1 0x000000008000433a (0x2bd89353) f6  0x41e0841c4bc00000
core   0: 0x000000008000433e (0xd47bce13) xori    t3, s7, -697
core   0: 1 0x000000008000433e (0xd47bce13) x28 0xfffffffffffffd47
core   0: 0x0000000080004342 (0x10acf073) csrrci  zero, senvcfg, 25
core   0: 1 0x0000000080004342 (0x10acf073) c266_senvcfg 0x0000000000000000
core   0: 0x0000000080004346 (0x00b39833) sll     a6, t2, a1
core   0: 1 0x0000000080004346 (0x00b39833) x16 0x0000000000000000
core   0: 0x000000008000434a (0xce963297) auipc   t0, 0xce963
core   0: 1 0x000000008000434a (0xce963297) x5  0x000000004e96734a
core   0: 0x000000008000434e (0xf20581d3) fmv.d.x ft3, a1
core   0: 1 0x000000008000434e (0xf20581d3) f3  0x0000000000000000
core   0: 0x0000000080004352 (0x02d6c6b3) div     a3, a3, a3
core   0: 1 0x0000000080004352 (0x02d6c6b3) x13 0xffffffffffffffff
core   0: 0x0000000080004356 (0x0aebf143) fmadd.d ft2, fs7, fa4, ft1
core   0: 1 0x0000000080004356 (0x0aebf143) f2  0x7ff8000000000000
core   0: 0x000000008000435a (0x00e2fdb3) and     s11, t0, a4
core   0: 1 0x000000008000435a (0x00e2fdb3) x27 0x0000000000000002
core   0: 0x000000008000435e (0xba86cd13) xori    s10, a3, -1112
core   0: 1 0x000000008000435e (0xba86cd13) x26 0x0000000000000457
core   0: 0x0000000080004362 (0x411c5e1b) sraiw   t3, s8, 17
core   0: 1 0x0000000080004362 (0x411c5e1b) x28 0xffffffffffffc000
core   0: 0x0000000080004366 (0x40065393) srai    t2, a2, 0
core   0: 1 0x0000000080004366 (0x40065393) x7  0x0000000000000000
core   0: 0x000000008000436a (0x27b772b7) lui     t0, 0x27b77
core   0: 1 0x000000008000436a (0x27b772b7) x5  0x0000000027b77000
core   0: 0x000000008000436e (0x4168531b) sraiw   t1, a6, 22
core   0: 1 0x000000008000436e (0x4168531b) x6  0x0000000000000000
core   0: 0x0000000080004372 (0x00000001) c.nop
core   0: 1 0x0000000080004372 (0x0001)
core   0: 0x0000000080004374 (0xd533889b) addiw   a7, t2, -685
core   0: 1 0x0000000080004374 (0xd533889b) x17 0xfffffffffffffd53
core   0: 0x0000000080004378 (0x001020f3) csrrs   ra, fflags, zero
core   0: 1 0x0000000080004378 (0x001020f3) x1  0x0000000000000011
core   0: 0x000000008000437c (0x021974b3) remu    s1, s2, ra
core   0: 1 0x000000008000437c (0x021974b3) x9  0x0000000000000000
core   0: 0x0000000080004380 (0xe2010953) fmv.x.d s2, ft2
core   0: 1 0x0000000080004380 (0xe2010953) x18 0x7ff8000000000000
core   0: 0x0000000080004384 (0x00000001) c.nop
core   0: 1 0x0000000080004384 (0x0001)
core   0: 0x0000000080004386 (0x01155893) srli    a7, a0, 17
core   0: 1 0x0000000080004386 (0x01155893) x17 0x0000000000000000
core   0: 0x000000008000438a (0xd23c7853) fcvt.d.lu fa6, s8
core   0: 1 0x000000008000438a (0xd23c7853) f16 0x41e0000bfb800000
core   0: 0x000000008000438e (0x2c078593) addi    a1, a5, 704
core   0: 1 0x000000008000438e (0x2c078593) x11 0x00000000800045ea
core   0: 0x0000000080004392 (0x03188433) mul     s0, a7, a7
core   0: 1 0x0000000080004392 (0x03188433) x8  0x0000000000000000
core   0: 0x0000000080004396 (0x2bb41dd3) fmax.d  fs11, fs0, fs11
core   0: 1 0x0000000080004396 (0x2bb41dd3) f27 0x7ff8000000000000
core   0: 0x000000008000439a (0x4abf4bb7) lui     s7, 0x4abf4
core   0: 1 0x000000008000439a (0x4abf4bb7) x23 0x000000004abf4000
core   0: 0x000000008000439e (0x0098519b) srliw   gp, a6, 9
core   0: 1 0x000000008000439e (0x0098519b) x3  0x0000000000000000
core   0: 0x00000000800043a2 (0x141df573) csrrci  a0, sepc, 27
core   0: 1 0x00000000800043a2 (0x141df573) x10 0x0000000000000000 c321_sepc 0x0000000000000000
core   0: 0x00000000800043a6 (0x41718abb) subw    s5, gp, s7
core   0: 1 0x00000000800043a6 (0x41718abb) x21 0xffffffffb540c000
core   0: 0x00000000800043aa (0x01f5db1b) srliw   s6, a1, 31
core   0: 1 0x00000000800043aa (0x01f5db1b) x22 0x0000000000000001
core   0: 0x00000000800043ae (0xc8126373) csrrsi  t1, timeh, 4
core   0: exception trap_illegal_instruction, epc 0x00000000800043ae
core   0:           tval 0x00000000c8126373
core   0: >>>>  $xrv64i2p1_m2p0_a2p1_f2p2_d2p2_zicsr2p0_zifencei2p0_zmmul1p0_zba1p0_zbb1p0_zbc1p0_zbs1p0
core   0: 0x0000000080004000 (0x0080006f) j       pc + 0x8
core   0: 3 0x0000000080004000 (0x0080006f)
core   0: >>>>  mmode_exception_handler
core   0: 0x0000000080004008 (0x00002c17) auipc   s8, 0x2
core   0: 3 0x0000000080004008 (0x00002c17) x24 0x0000000080006008
core   0: 0x000000008000400c (0xfd4c0c13) addi    s8, s8, -44
core   0: 3 0x000000008000400c (0xfd4c0c13) x24 0x0000000080005fdc
core   0: 0x0000000080004010 (0x000c00e7) jalr    s8
core   0: 3 0x0000000080004010 (0x000c00e7) x1  0x0000000080004014
core   0: >>>>  any_handler
core   0: 0x0000000080005fdc (0x341027f3) csrrs   a5, mepc, zero
core   0: 3 0x0000000080005fdc (0x341027f3) x15 0x00000000800043ae
core   0: 0x0000000080005fe0 (0x34202773) csrrs   a4, mcause, zero
core   0: 3 0x0000000080005fe0 (0x34202773) x14 0x0000000000000002
core   0: 0x0000000080005fe4 (0x142026f3) csrrs   a3, scause, zero
core   0: 3 0x0000000080005fe4 (0x142026f3) x13 0x0000000000000000
core   0: 0x0000000080005fe8 (0x30402673) csrrs   a2, mie, zero
core   0: 3 0x0000000080005fe8 (0x30402673) x12 0x0000000000000a00
core   0: 0x0000000080005fec (0x344025f3) csrrs   a1, mip, zero
core   0: 3 0x0000000080005fec (0x344025f3) x11 0x0000000000000080
core   0: 0x0000000080005ff0 (0x343025f3) csrrs   a1, mtval, zero
core   0: 3 0x0000000080005ff0 (0x343025f3) x11 0x00000000c8126373
core   0: 0x0000000080005ff4 (0x14302573) csrrs   a0, stval, zero
core   0: 3 0x0000000080005ff4 (0x14302573) x10 0x0000000000000000
core   0: 0x0000000080005ff8 (0xb02024f3) csrrs   s1, minstret, zero
core   0: 3 0x0000000080005ff8 (0xb02024f3) x9  0x000000000000090a
core   0: 0x0000000080005ffc (0x0000a811) c.j     pc + 20
core   0: 3 0x0000000080005ffc (0xa811)
core   0: >>>>  mepc_4
core   0: 0x0000000080006010 (0x00000791) c.addi  a5, 4
core   0: 3 0x0000000080006010 (0x0791) x15 0x00000000800043b2
core   0: 0x0000000080006012 (0x34179073) csrrw   zero, mepc, a5
core   0: 3 0x0000000080006012 (0x34179073) c833_mepc 0x00000000800043b2
core   0: 0x0000000080006016 (0x30200073) mret
core   0: 3 0x0000000080006016 (0x30200073) c768_mstatus 0x8000000a00106080
core   0: 0x00000000800043b2 (0x02132733) mulhsu  a4, t1, ra
core   0: 1 0x00000000800043b2 (0x02132733) x14 0x0000000000000000
core   0: 0x00000000800043b6 (0x029c8c33) mul     s8, s9, s1
core   0: 1 0x00000000800043b6 (0x029c8c33) x24 0xfffffffffffff6f6
core   0: 0x00000000800043ba (0xbdfa7297) auipc   t0, 0xbdfa7
core   0: 1 0x00000000800043ba (0xbdfa7297) x5  0x000000003dfab3ba
core   0: 0x00000000800043be (0x00000001) c.nop
core   0: 1 0x00000000800043be (0x0001)
core   0: 0x00000000800043c0 (0xc2097153) fcvt.w.d sp, fs2
core   0: 1 0x00000000800043c0 (0xc2097153) x2  0x0000000000000000
core   0: 0x00000000800043c4 (0xa2e08553) fle.d   a0, ft1, fa4
core   0: 1 0x00000000800043c4 (0xa2e08553) c1_fflags 0x0000000000000011 x10 0x0000000000000000
core   0: 0x00000000800043c8 (0xc20173d3) fcvt.w.d t2, ft2
core   0: 1 0x00000000800043c8 (0xc20173d3) c1_fflags 0x0000000000000011 x7  0x000000007fffffff
core   0: 0x00000000800043cc (0x4153db93) srai    s7, t2, 21
core   0: 1 0x00000000800043cc (0x4153db93) x23 0x00000000000003ff
core   0: 0x00000000800043d0 (0xc003b6f3) csrrc   a3, cycle, t2
core   0: exception trap_illegal_instruction, epc 0x00000000800043d0
core   0:           tval 0x00000000c003b6f3
core   0: >>>>  $xrv64i2p1_m2p0_a2p1_f2p2_d2p2_zicsr2p0_zifencei2p0_zmmul1p0_zba1p0_zbb1p0_zbc1p0_zbs1p0
core   0: 0x0000000080004000 (0x0080006f) j       pc + 0x8
core   0: 3 0x0000000080004000 (0x0080006f)
core   0: >>>>  mmode_exception_handler
core   0: 0x0000000080004008 (0x00002c17) auipc   s8, 0x2
core   0: 3 0x0000000080004008 (0x00002c17) x24 0x0000000080006008
core   0: 0x000000008000400c (0xfd4c0c13) addi    s8, s8, -44
core   0: 3 0x000000008000400c (0xfd4c0c13) x24 0x0000000080005fdc
core   0: 0x0000000080004010 (0x000c00e7) jalr    s8
core   0: 3 0x0000000080004010 (0x000c00e7) x1  0x0000000080004014
core   0: >>>>  any_handler
core   0: 0x0000000080005fdc (0x341027f3) csrrs   a5, mepc, zero
core   0: 3 0x0000000080005fdc (0x341027f3) x15 0x00000000800043d0
core   0: 0x0000000080005fe0 (0x34202773) csrrs   a4, mcause, zero
core   0: 3 0x0000000080005fe0 (0x34202773) x14 0x0000000000000002
core   0: 0x0000000080005fe4 (0x142026f3) csrrs   a3, scause, zero
core   0: 3 0x0000000080005fe4 (0x142026f3) x13 0x0000000000000000
core   0: 0x0000000080005fe8 (0x30402673) csrrs   a2, mie, zero
core   0: 3 0x0000000080005fe8 (0x30402673) x12 0x0000000000000a00
core   0: 0x0000000080005fec (0x344025f3) csrrs   a1, mip, zero
core   0: 3 0x0000000080005fec (0x344025f3) x11 0x0000000000000080
core   0: 0x0000000080005ff0 (0x343025f3) csrrs   a1, mtval, zero
core   0: 3 0x0000000080005ff0 (0x343025f3) x11 0x00000000c003b6f3
core   0: 0x0000000080005ff4 (0x14302573) csrrs   a0, stval, zero
core   0: 3 0x0000000080005ff4 (0x14302573) x10 0x0000000000000000
core   0: 0x0000000080005ff8 (0xb02024f3) csrrs   s1, minstret, zero
core   0: 3 0x0000000080005ff8 (0xb02024f3) x9  0x0000000000000922
core   0: 0x0000000080005ffc (0x0000a811) c.j     pc + 20
core   0: 3 0x0000000080005ffc (0xa811)
core   0: >>>>  mepc_4
core   0: 0x0000000080006010 (0x00000791) c.addi  a5, 4
core   0: 3 0x0000000080006010 (0x0791) x15 0x00000000800043d4
core   0: 0x0000000080006012 (0x34179073) csrrw   zero, mepc, a5
core   0: 3 0x0000000080006012 (0x34179073) c833_mepc 0x00000000800043d4
core   0: 0x0000000080006016 (0x30200073) mret
core   0: 3 0x0000000080006016 (0x30200073) c768_mstatus 0x8000000a00106080
core   0: 0x00000000800043d4 (0x0241eeb3) rem     t4, gp, tp
core   0: 1 0x00000000800043d4 (0x0241eeb3) x29 0x0000000000000000
core   0: 0x00000000800043d8 (0xd229fad3) fcvt.d.l fs5, s3
core   0: 1 0x00000000800043d8 (0xd229fad3) f21 0x0000000000000000
core   0: 0x00000000800043dc (0x23bcac53) fsgnjx.d fs8, fs9, fs11
core   0: 1 0x00000000800043dc (0x23bcac53) f24 0x7ff8000000000000
core   0: 0x00000000800043e0 (0x0ff0000f) fence   iorw,iorw
core   0: 1 0x00000000800043e0 (0x0ff0000f)
core   0: 0x00000000800043e4 (0xcc6e059b) addiw   a1, t3, -826
core   0: 1 0x00000000800043e4 (0xcc6e059b) x11 0xffffffffffffbcc6
core   0: 0x00000000800043e8 (0x00ed0b3b) addw    s6, s10, a4
core   0: 1 0x00000000800043e8 (0x00ed0b3b) x22 0x0000000000000459
core   0: 0x00000000800043ec (0x0005949b) slliw   s1, a1, 0
core   0: 1 0x00000000800043ec (0x0005949b) x9  0xffffffffffffbcc6
core   0: 0x00000000800043f0 (0x000d1d13) slli    s10, s10, 0
core   0: 1 0x00000000800043f0 (0x000d1d13) x26 0x0000000000000457
core   0: 0x00000000800043f4 (0x41a2d813) srai    a6, t0, 26
core   0: 1 0x00000000800043f4 (0x41a2d813) x16 0x000000000000000f
core   0: 0x00000000800043f8 (0x001811f3) csrrw   gp, fflags, a6
core   0: 1 0x00000000800043f8 (0x001811f3) x3  0x0000000000000011 c1_fflags 0x000000000000000f
core   0: 0x00000000800043fc (0xd22c71d3) fcvt.d.l ft3, s8
core   0: 1 0x00000000800043fc (0xd22c71d3) f3  0x41e0000bfb800000
core   0: 0x0000000080004400 (0x23b38dd3) fsgnj.d fs11, ft7, fs11
core   0: 1 0x0000000080004400 (0x23b38dd3) f27 0x7fffffff00000000
core   0: 0x0000000080004404 (0x73677743) fmadd.d fa4, fa4, fs6, fa4
core   0: 1 0x0000000080004404 (0x73677743) f14 0x7ff8000000000000
core   0: 0x0000000080004408 (0x22d22553) fsgnjx.d fa0, ft4, fa3
core   0: 1 0x0000000080004408 (0x22d22553) f10 0x7ff8000000000000
core   0: 0x000000008000440c (0x63e9d937) lui     s2, 0x63e9d
core   0: 1 0x000000008000440c (0x63e9d937) x18 0x0000000063e9d000
core   0: 0x0000000080004410 (0x01575833) srl     a6, a4, s5
core   0: 1 0x0000000080004410 (0x01575833) x16 0x0000000000000002
core   0: 0x0000000080004414 (0x47336313) ori     t1, t1, 1139
core   0: 1 0x0000000080004414 (0x47336313) x6  0x0000000000000473
core   0: 0x0000000080004418 (0x22aa9753) fsgnjn.d fa4, fs5, fa0
core   0: 1 0x0000000080004418 (0x22aa9753) f14 0x8000000000000000
core   0: 0x000000008000441c (0x2b348fd3) fmin.d  ft11, fs1, fs3
core   0: 1 0x000000008000441c (0x2b348fd3) f31 0x7ff8000000000000
core   0: 0x0000000080004420 (0x225786d3) fsgnj.d fa3, fa5, ft5
core   0: 1 0x0000000080004420 (0x225786d3) f13 0x7ff8000000000000
core   0: 0x0000000080004424 (0x013a523b) srlw    tp, s4, s3
core   0: 1 0x0000000080004424 (0x013a523b) x4  0x000000000000035a
core   0: 0x0000000080004428 (0xd03df353) fcvt.s.lu ft6, s11
core   0: 1 0x0000000080004428 (0xd03df353) f6  0xffffffff40000000
core   0: 0x000000008000442c (0xd0337cd3) fcvt.s.lu fs9, t1
core   0: 1 0x000000008000442c (0xd0337cd3) f25 0xffffffff448e6000
core   0: 0x0000000080004430 (0x003a509b) srliw   ra, s4, 3
core   0: 1 0x0000000080004430 (0x003a509b) x1  0x000000000000006b
core   0: 0x0000000080004434 (0xda6dfdc3) fmadd.d fs11, fs11, ft6, fs11
core   0: 1 0x0000000080004434 (0xda6dfdc3) f27 0x7ff8000000000000
core   0: 0x0000000080004438 (0x0143d3bb) srlw    t2, t2, s4
core   0: 1 0x0000000080004438 (0x0143d3bb) x7  0x000000000000001f
core   0: 0x000000008000443c (0xd2198053) fcvt.d.wu ft0, s3
core   0: 1 0x000000008000443c (0xd2198053) f0  0x0000000000000000
core   0: 0x0000000080004440 (0x1245fb53) fmul.d  fs6, fa1, ft4
core   0: 1 0x0000000080004440 (0x1245fb53) f22 0x7ff8000000000000
core   0: 0x0000000080004444 (0xb3367647) fmsub.d fa2, fa2, fs3, fs6
core   0: 1 0x0000000080004444 (0xb3367647) f12 0x7ff8000000000000
core   0: 0x0000000080004448 (0x415585bb) subw    a1, a1, s5
core   0: 1 0x0000000080004448 (0x415585bb) x11 0x000000004abefcc6
core   0: 0x000000008000444c (0xfff3e993) ori     s3, t2, -1
core   0: 1 0x000000008000444c (0xfff3e993) x19 0xffffffffffffffff
core   0: 0x0000000080004450 (0x139b7f53) fmul.d  ft10, fs6, fs9
core   0: 1 0x0000000080004450 (0x139b7f53) f30 0x7ff8000000000000
core   0: 0x0000000080004454 (0x141e50f3) csrrwi  ra, sepc, 28
core   0: 1 0x0000000080004454 (0x141e50f3) x1  0x0000000000000000 c321_sepc 0x000000000000001c
core   0: 0x0000000080004458 (0xc02b7c53) fcvt.l.s s8, fs6
core   0: 1 0x0000000080004458 (0xc02b7c53) c1_fflags 0x000000000000001f x24 0x7fffffffffffffff
core   0: 0x000000008000445c (0x42000a53) fcvt.d.s fs4, ft0
core   0: 1 0x000000008000445c (0x42000a53) f20 0x7ff8000000000000
core   0: 0x0000000080004460 (0x022b0eb3) mul     t4, s6, sp
core   0: 1 0x0000000080004460 (0x022b0eb3) x29 0x0000000000000000
core   0: 0x0000000080004464 (0xe20184d3) fmv.x.d s1, ft3
core   0: 1 0x0000000080004464 (0xe20184d3) x9  0x41e0000bfb800000
core   0: 0x0000000080004468 (0x03c4cbbb) divw    s7, s1, t3
core   0: 1 0x0000000080004468 (0x03c4cbbb) x23 0x0000000000001200
core   0: 0x000000008000446c (0x80006d13) ori     s10, zero, -2048
core   0: 1 0x000000008000446c (0x80006d13) x26 0xfffffffffffff800
core   0: 0x0000000080004470 (0x036d5b3b) divuw   s6, s10, s6
core   0: 1 0x0000000080004470 (0x036d5b3b) x22 0x00000000003ae1dc
core   0: 0x0000000080004474 (0xa3e9714b) fnmsub.d ft2, fs2, ft10, fs4
core   0: 1 0x0000000080004474 (0xa3e9714b) f2  0x7ff8000000000000
core   0: 0x0000000080004478 (0xd20484d3) fcvt.d.w fs1, s1
core   0: 1 0x0000000080004478 (0xd20484d3) f9  0xc192000000000000
core   0: 0x000000008000447c (0x4b28784f) fnmadd.d fa6, fa6, fs2, fs1
core   0: 1 0x000000008000447c (0x4b28784f) f16 0x4192000000000000
core   0: 0x0000000080004480 (0x2a8410d3) fmax.d  ft1, fs0, fs0
core   0: 1 0x0000000080004480 (0x2a8410d3) f1  0x7ff8000000000000
core   0: 0x0000000080004484 (0x001d579b) srliw   a5, s10, 1
core   0: 1 0x0000000080004484 (0x001d579b) x15 0x000000007ffffc00
core   0: 0x0000000080004488 (0x00002c81) c.addiw s9, 0
core   0: 1 0x0000000080004488 (0x2c81) x25 0xffffffffffffffff
core   0: 0x000000008000448a (0x0af4fe53) fsub.d  ft8, fs1, fa5
core   0: 1 0x000000008000448a (0x0af4fe53) f28 0x7ff8000000000000
core   0: 0x000000008000448e (0xd037f6d3) fcvt.s.lu fa3, a5
core   0: 1 0x000000008000448e (0xd037f6d3) f13 0xffffffff4efffff8
core   0: 0x0000000080004492 (0x000ae693) ori     a3, s5, 0
core   0: 1 0x0000000080004492 (0x000ae693) x13 0xffffffffb540c000
core   0: 0x0000000080004496 (0xc22d7653) fcvt.l.d a2, fs10
core   0: 1 0x0000000080004496 (0xc22d7653) c1_fflags 0x000000000000001f x12 0x7fffffffffffffff
core   0: 0x000000008000449a (0x00015d3b) srlw    s10, sp, zero
core   0: 1 0x000000008000449a (0x00015d3b) x26 0x0000000000000000
core   0: 0x000000008000449e (0xd21c06d3) fcvt.d.wu fa3, s8
core   0: 1 0x000000008000449e (0xd21c06d3) f13 0x41efffffffe00000
core   0: 0x00000000800044a2 (0x00000001) c.nop
core   0: 1 0x00000000800044a2 (0x0001)
core   0: 0x00000000800044a4 (0x024d6abb) remw    s5, s10, tp
core   0: 1 0x00000000800044a4 (0x024d6abb) x21 0x0000000000000000
core   0: 0x00000000800044a8 (0x03c7f853) fadd.d  fa6, fa5, ft8
core   0: 1 0x00000000800044a8 (0x03c7f853) f16 0x7ff8000000000000
core   0: 0x00000000800044ac (0xd2267253) fcvt.d.l ft4, a2
core   0: 1 0x00000000800044ac (0xd2267253) c1_fflags 0x000000000000001f f4  0x43e0000000000000
core   0: 0x00000000800044b0 (0x029c5b3b) divuw   s6, s8, s1
core   0: 1 0x00000000800044b0 (0x029c5b3b) x22 0x0000000000000001
core   0: 0x00000000800044b4 (0x12d6f4d3) fmul.d  fs1, fa3, fa3
core   0: 1 0x00000000800044b4 (0x12d6f4d3) c1_fflags 0x000000000000001f f9  0x43efffffffc00000
core   0: 0x00000000800044b8 (0x2a9e09d3) fmin.d  fs3, ft8, fs1
core   0: 1 0x00000000800044b8 (0x2a9e09d3) f19 0x43efffffffc00000
core   0: 0x00000000800044bc (0x01ba88bb) addw    a7, s5, s11
core   0: 1 0x00000000800044bc (0x01ba88bb) x17 0x0000000000000002
core   0: 0x00000000800044c0 (0x015d26b3) slt     a3, s10, s5
core   0: 1 0x00000000800044c0 (0x015d26b3) x13 0x0000000000000000
core   0: 0x00000000800044c4 (0xd22df953) fcvt.d.l fs2, s11
core   0: 1 0x00000000800044c4 (0xd22df953) f18 0x4000000000000000
core   0: 0x00000000800044c8 (0xc22573d3) fcvt.l.d t2, fa0
core   0: 1 0x00000000800044c8 (0xc22573d3) c1_fflags 0x000000000000001f x7  0x7fffffffffffffff
core   0: 0x00000000800044cc (0xd033f353) fcvt.s.lu ft6, t2
core   0: 1 0x00000000800044cc (0xd033f353) c1_fflags 0x000000000000001f f6  0xffffffff5f000000
core   0: 0x00000000800044d0 (0x0146ddbb) srlw    s11, a3, s4
core   0: 1 0x00000000800044d0 (0x0146ddbb) x27 0x0000000000000000
core   0: 0x00000000800044d4 (0x03bde7b3) rem     a5, s11, s11
core   0: 1 0x00000000800044d4 (0x03bde7b3) x15 0x0000000000000000
core   0: 0x00000000800044d8 (0x236b9b53) fsgnjn.d fs6, fs7, fs6
core   0: 1 0x00000000800044d8 (0x236b9b53) f22 0xfff8000000000000
core   0: 0x00000000800044dc (0x63befecf) fnmadd.d ft9, ft9, fs11, fa2
core   0: 1 0x00000000800044dc (0x63befecf) f29 0x7ff8000000000000
core   0: 0x00000000800044e0 (0xd033fdd3) fcvt.s.lu fs11, t2
core   0: 1 0x00000000800044e0 (0xd033fdd3) c1_fflags 0x000000000000001f f27 0xffffffff5f000000
core   0: 0x00000000800044e4 (0x01608233) add     tp, ra, s6
core   0: 1 0x00000000800044e4 (0x01608233) x4  0x0000000000000001
core   0: 0x00000000800044e8 (0x00da96bb) sllw    a3, s5, a3
core   0: 1 0x00000000800044e8 (0x00da96bb) x13 0x0000000000000000
core   0: 0x00000000800044ec (0x00074093) xori    ra, a4, 0
core   0: 1 0x00000000800044ec (0x00074093) x1  0x0000000000000002
core   0: 0x00000000800044f0 (0xc23ef853) fcvt.lu.d a6, ft9
core   0: 1 0x00000000800044f0 (0xc23ef853) c1_fflags 0x000000000000001f x16 0xffffffffffffffff
core   0: 0x00000000800044f4 (0xc22b7653) fcvt.l.d a2, fs6
core   0: 1 0x00000000800044f4 (0xc22b7653) c1_fflags 0x000000000000001f x12 0x7fffffffffffffff
core   0: 0x00000000800044f8 (0x00202473) csrrs   s0, frm, zero
core   0: 1 0x00000000800044f8 (0x00202473) x8  0x0000000000000000
core   0: 0x00000000800044fc (0x908f0437) lui     s0, 0x908f0
core   0: 1 0x00000000800044fc (0x908f0437) x8  0xffffffff908f0000
core   0: 0x0000000080004500 (0x00239b73) csrrw   s6, frm, t2
core   0: 1 0x0000000080004500 (0x00239b73) x22 0x0000000000000000 c2_frm 0x0000000000000007
core   0: 0x0000000080004504 (0x13de7bd3) fmul.d  fs7, ft8, ft9
core   0: exception trap_illegal_instruction, epc 0x0000000080004504
core   0:           tval 0x0000000013de7bd3
core   0: >>>>  $xrv64i2p1_m2p0_a2p1_f2p2_d2p2_zicsr2p0_zifencei2p0_zmmul1p0_zba1p0_zbb1p0_zbc1p0_zbs1p0
core   0: 0x0000000080004000 (0x0080006f) j       pc + 0x8
core   0: 3 0x0000000080004000 (0x0080006f)
core   0: >>>>  mmode_exception_handler
core   0: 0x0000000080004008 (0x00002c17) auipc   s8, 0x2
core   0: 3 0x0000000080004008 (0x00002c17) x24 0x0000000080006008
core   0: 0x000000008000400c (0xfd4c0c13) addi    s8, s8, -44
core   0: 3 0x000000008000400c (0xfd4c0c13) x24 0x0000000080005fdc
core   0: 0x0000000080004010 (0x000c00e7) jalr    s8
core   0: 3 0x0000000080004010 (0x000c00e7) x1  0x0000000080004014
core   0: >>>>  any_handler
core   0: 0x0000000080005fdc (0x341027f3) csrrs   a5, mepc, zero
core   0: 3 0x0000000080005fdc (0x341027f3) x15 0x0000000080004504
core   0: 0x0000000080005fe0 (0x34202773) csrrs   a4, mcause, zero
core   0: 3 0x0000000080005fe0 (0x34202773) x14 0x0000000000000002
core   0: 0x0000000080005fe4 (0x142026f3) csrrs   a3, scause, zero
core   0: 3 0x0000000080005fe4 (0x142026f3) x13 0x0000000000000000
core   0: 0x0000000080005fe8 (0x30402673) csrrs   a2, mie, zero
core   0: 3 0x0000000080005fe8 (0x30402673) x12 0x0000000000000a00
core   0: 0x0000000080005fec (0x344025f3) csrrs   a1, mip, zero
core   0: 3 0x0000000080005fec (0x344025f3) x11 0x0000000000000080
core   0: 0x0000000080005ff0 (0x343025f3) csrrs   a1, mtval, zero
core   0: 3 0x0000000080005ff0 (0x343025f3) x11 0x0000000013de7bd3
core   0: 0x0000000080005ff4 (0x14302573) csrrs   a0, stval, zero
core   0: 3 0x0000000080005ff4 (0x14302573) x10 0x0000000000000000
core   0: 0x0000000080005ff8 (0xb02024f3) csrrs   s1, minstret, zero
core   0: 3 0x0000000080005ff8 (0xb02024f3) x9  0x000000000000097f
core   0: 0x0000000080005ffc (0x0000a811) c.j     pc + 20
core   0: 3 0x0000000080005ffc (0xa811)
core   0: >>>>  mepc_4
core   0: 0x0000000080006010 (0x00000791) c.addi  a5, 4
core   0: 3 0x0000000080006010 (0x0791) x15 0x0000000080004508
core   0: 0x0000000080006012 (0x34179073) csrrw   zero, mepc, a5
core   0: 3 0x0000000080006012 (0x34179073) c833_mepc 0x0000000080004508
core   0: 0x0000000080006016 (0x30200073) mret
core   0: 3 0x0000000080006016 (0x30200073) c768_mstatus 0x8000000a00106080
core   0: 0x0000000080004508 (0xc23d7cd3) fcvt.lu.d s9, fs10
core   0: exception trap_illegal_instruction, epc 0x0000000080004508
core   0:           tval 0x00000000c23d7cd3
core   0: >>>>  $xrv64i2p1_m2p0_a2p1_f2p2_d2p2_zicsr2p0_zifencei2p0_zmmul1p0_zba1p0_zbb1p0_zbc1p0_zbs1p0
core   0: 0x0000000080004000 (0x0080006f) j       pc + 0x8
core   0: 3 0x0000000080004000 (0x0080006f)
core   0: >>>>  mmode_exception_handler
core   0: 0x0000000080004008 (0x00002c17) auipc   s8, 0x2
core   0: 3 0x0000000080004008 (0x00002c17) x24 0x0000000080006008
core   0: 0x000000008000400c (0xfd4c0c13) addi    s8, s8, -44
core   0: 3 0x000000008000400c (0xfd4c0c13) x24 0x0000000080005fdc
core   0: 0x0000000080004010 (0x000c00e7) jalr    s8
core   0: 3 0x0000000080004010 (0x000c00e7) x1  0x0000000080004014
core   0: >>>>  any_handler
core   0: 0x0000000080005fdc (0x341027f3) csrrs   a5, mepc, zero
core   0: 3 0x0000000080005fdc (0x341027f3) x15 0x0000000080004508
core   0: 0x0000000080005fe0 (0x34202773) csrrs   a4, mcause, zero
core   0: 3 0x0000000080005fe0 (0x34202773) x14 0x0000000000000002
core   0: 0x0000000080005fe4 (0x142026f3) csrrs   a3, scause, zero
core   0: 3 0x0000000080005fe4 (0x142026f3) x13 0x0000000000000000
core   0: 0x0000000080005fe8 (0x30402673) csrrs   a2, mie, zero
core   0: 3 0x0000000080005fe8 (0x30402673) x12 0x0000000000000a00
core   0: 0x0000000080005fec (0x344025f3) csrrs   a1, mip, zero
core   0: 3 0x0000000080005fec (0x344025f3) x11 0x0000000000000080
core   0: 0x0000000080005ff0 (0x343025f3) csrrs   a1, mtval, zero
core   0: 3 0x0000000080005ff0 (0x343025f3) x11 0x00000000c23d7cd3
core   0: 0x0000000080005ff4 (0x14302573) csrrs   a0, stval, zero
core   0: 3 0x0000000080005ff4 (0x14302573) x10 0x0000000000000000
core   0: 0x0000000080005ff8 (0xb02024f3) csrrs   s1, minstret, zero
core   0: 3 0x0000000080005ff8 (0xb02024f3) x9  0x000000000000098f
core   0: 0x0000000080005ffc (0x0000a811) c.j     pc + 20
core   0: 3 0x0000000080005ffc (0xa811)
core   0: >>>>  mepc_4
core   0: 0x0000000080006010 (0x00000791) c.addi  a5, 4
core   0: 3 0x0000000080006010 (0x0791) x15 0x000000008000450c
core   0: 0x0000000080006012 (0x34179073) csrrw   zero, mepc, a5
core   0: 3 0x0000000080006012 (0x34179073) c833_mepc 0x000000008000450c
core   0: 0x0000000080006016 (0x30200073) mret
core   0: 3 0x0000000080006016 (0x30200073) c768_mstatus 0x8000000a00106080
core   0: 0x000000008000450c (0x03297933) remu    s2, s2, s2
core   0: 1 0x000000008000450c (0x03297933) x18 0x0000000000000000
core   0: 0x0000000080004510 (0x23c71353) fsgnjn.d ft6, fa4, ft8
core   0: 1 0x0000000080004510 (0x23c71353) f6  0x8000000000000000
core   0: 0x0000000080004514 (0xd2090ed3) fcvt.d.w ft9, s2
core   0: 1 0x0000000080004514 (0xd2090ed3) f29 0x0000000000000000
core   0: 0x0000000080004518 (0x00d4d4bb) srlw    s1, s1, a3
core   0: 1 0x0000000080004518 (0x00d4d4bb) x9  0x000000000000098f
core   0: 0x000000008000451c (0x026925b3) mulhsu  a1, s2, t1
core   0: 1 0x000000008000451c (0x026925b3) x11 0x0000000000000000
core   0: 0x0000000080004520 (0x0047991b) slliw   s2, a5, 4
core   0: 1 0x0000000080004520 (0x0047991b) x18 0x00000000000450c0
core   0: 0x0000000080004524 (0x392f2697) auipc   a3, 0x392f2
core   0: 1 0x0000000080004524 (0x392f2697) x13 0x00000000b92f6524
core   0: 0x0000000080004528 (0x02d21bb3) mulh    s7, tp, a3
core   0: 1 0x0000000080004528 (0x02d21bb3) x23 0x0000000000000000
core   0: 0x000000008000452c (0x2b3901d3) fmin.d  ft3, fs2, fs3
core   0: 1 0x000000008000452c (0x2b3901d3) f3  0x4000000000000000
core   0: 0x0000000080004530 (0xd9558e97) auipc   t4, 0xd9558
core   0: 1 0x0000000080004530 (0xd9558e97) x29 0x000000005955c530
core   0: 0x0000000080004534 (0x010bc3b3) xor     t2, s7, a6
core   0: 1 0x0000000080004534 (0x010bc3b3) x7  0xffffffffffffffff
core   0: 0x0000000080004538 (0x00000001) c.nop
core   0: 1 0x0000000080004538 (0x0001)
core   0: 0x000000008000453a (0x5b2976c7) fmsub.d fa3, fs2, fs2, fa1
core   0: exception trap_illegal_instruction, epc 0x000000008000453a
core   0:           tval 0x000000005b2976c7
core   0: >>>>  $xrv64i2p1_m2p0_a2p1_f2p2_d2p2_zicsr2p0_zifencei2p0_zmmul1p0_zba1p0_zbb1p0_zbc1p0_zbs1p0
core   0: 0x0000000080004000 (0x0080006f) j       pc + 0x8
core   0: 3 0x0000000080004000 (0x0080006f)
core   0: >>>>  mmode_exception_handler
core   0: 0x0000000080004008 (0x00002c17) auipc   s8, 0x2
core   0: 3 0x0000000080004008 (0x00002c17) x24 0x0000000080006008
core   0: 0x000000008000400c (0xfd4c0c13) addi    s8, s8, -44
core   0: 3 0x000000008000400c (0xfd4c0c13) x24 0x0000000080005fdc
core   0: 0x0000000080004010 (0x000c00e7) jalr    s8
core   0: 3 0x0000000080004010 (0x000c00e7) x1  0x0000000080004014
core   0: >>>>  any_handler
core   0: 0x0000000080005fdc (0x341027f3) csrrs   a5, mepc, zero
core   0: 3 0x0000000080005fdc (0x341027f3) x15 0x000000008000453a
core   0: 0x0000000080005fe0 (0x34202773) csrrs   a4, mcause, zero
core   0: 3 0x0000000080005fe0 (0x34202773) x14 0x0000000000000002
core   0: 0x0000000080005fe4 (0x142026f3) csrrs   a3, scause, zero
core   0: 3 0x0000000080005fe4 (0x142026f3) x13 0x0000000000000000
core   0: 0x0000000080005fe8 (0x30402673) csrrs   a2, mie, zero
core   0: 3 0x0000000080005fe8 (0x30402673) x12 0x0000000000000a00
core   0: 0x0000000080005fec (0x344025f3) csrrs   a1, mip, zero
core   0: 3 0x0000000080005fec (0x344025f3) x11 0x0000000000000080
core   0: 0x0000000080005ff0 (0x343025f3) csrrs   a1, mtval, zero
core   0: 3 0x0000000080005ff0 (0x343025f3) x11 0x000000005b2976c7
core   0: 0x0000000080005ff4 (0x14302573) csrrs   a0, stval, zero
core   0: 3 0x0000000080005ff4 (0x14302573) x10 0x0000000000000000
core   0: 0x0000000080005ff8 (0xb02024f3) csrrs   s1, minstret, zero
core   0: 3 0x0000000080005ff8 (0xb02024f3) x9  0x00000000000009ab
core   0: 0x0000000080005ffc (0x0000a811) c.j     pc + 20
core   0: 3 0x0000000080005ffc (0xa811)
core   0: >>>>  mepc_4
core   0: 0x0000000080006010 (0x00000791) c.addi  a5, 4
core   0: 3 0x0000000080006010 (0x0791) x15 0x000000008000453e
core   0: 0x0000000080006012 (0x34179073) csrrw   zero, mepc, a5
core   0: 3 0x0000000080006012 (0x34179073) c833_mepc 0x000000008000453e
core   0: 0x0000000080006016 (0x30200073) mret
core   0: 3 0x0000000080006016 (0x30200073) c768_mstatus 0x8000000a00106080
core   0: 0x000000008000453e (0x1a96f04f) fnmadd.d ft0, fa3, fs1, ft3
core   0: exception trap_illegal_instruction, epc 0x000000008000453e
core   0:           tval 0x000000001a96f04f
core   0: >>>>  $xrv64i2p1_m2p0_a2p1_f2p2_d2p2_zicsr2p0_zifencei2p0_zmmul1p0_zba1p0_zbb1p0_zbc1p0_zbs1p0
core   0: 0x0000000080004000 (0x0080006f) j       pc + 0x8
core   0: 3 0x0000000080004000 (0x0080006f)
core   0: >>>>  mmode_exception_handler
core   0: 0x0000000080004008 (0x00002c17) auipc   s8, 0x2
core   0: 3 0x0000000080004008 (0x00002c17) x24 0x0000000080006008
core   0: 0x000000008000400c (0xfd4c0c13) addi    s8, s8, -44
core   0: 3 0x000000008000400c (0xfd4c0c13) x24 0x0000000080005fdc
core   0: 0x0000000080004010 (0x000c00e7) jalr    s8
core   0: 3 0x0000000080004010 (0x000c00e7) x1  0x0000000080004014
core   0: >>>>  any_handler
core   0: 0x0000000080005fdc (0x341027f3) csrrs   a5, mepc, zero
core   0: 3 0x0000000080005fdc (0x341027f3) x15 0x000000008000453e
core   0: 0x0000000080005fe0 (0x34202773) csrrs   a4, mcause, zero
core   0: 3 0x0000000080005fe0 (0x34202773) x14 0x0000000000000002
core   0: 0x0000000080005fe4 (0x142026f3) csrrs   a3, scause, zero
core   0: 3 0x0000000080005fe4 (0x142026f3) x13 0x0000000000000000
core   0: 0x0000000080005fe8 (0x30402673) csrrs   a2, mie, zero
core   0: 3 0x0000000080005fe8 (0x30402673) x12 0x0000000000000a00
core   0: 0x0000000080005fec (0x344025f3) csrrs   a1, mip, zero
core   0: 3 0x0000000080005fec (0x344025f3) x11 0x0000000000000080
core   0: 0x0000000080005ff0 (0x343025f3) csrrs   a1, mtval, zero
core   0: 3 0x0000000080005ff0 (0x343025f3) x11 0x000000001a96f04f
core   0: 0x0000000080005ff4 (0x14302573) csrrs   a0, stval, zero
core   0: 3 0x0000000080005ff4 (0x14302573) x10 0x0000000000000000
core   0: 0x0000000080005ff8 (0xb02024f3) csrrs   s1, minstret, zero
core   0: 3 0x0000000080005ff8 (0xb02024f3) x9  0x00000000000009bb
core   0: 0x0000000080005ffc (0x0000a811) c.j     pc + 20
core   0: 3 0x0000000080005ffc (0xa811)
core   0: >>>>  mepc_4
core   0: 0x0000000080006010 (0x00000791) c.addi  a5, 4
core   0: 3 0x0000000080006010 (0x0791) x15 0x0000000080004542
core   0: 0x0000000080006012 (0x34179073) csrrw   zero, mepc, a5
core   0: 3 0x0000000080006012 (0x34179073) c833_mepc 0x0000000080004542
core   0: 0x0000000080006016 (0x30200073) mret
core   0: 3 0x0000000080006016 (0x30200073) c768_mstatus 0x8000000a00106080
core   0: 0x0000000080004542 (0x2aeb8453) fmin.d  fs0, fs7, fa4
core   0: 1 0x0000000080004542 (0x2aeb8453) f8  0x8000000000000000
core   0: 0x0000000080004546 (0x407a093b) subw    s2, s4, t2
core   0: 1 0x0000000080004546 (0x407a093b) x18 0x000000000000035b
core   0: 0x000000008000454a (0x002b1b33) sll     s6, s6, sp
core   0: 1 0x000000008000454a (0x002b1b33) x22 0x0000000000000000
core   0: 0x000000008000454e (0x03d48d93) addi    s11, s1, 61
core   0: 1 0x000000008000454e (0x03d48d93) x27 0x00000000000009f8
core   0: 0x0000000080004552 (0x03510b3b) mulw    s6, sp, s5
core   0: 1 0x0000000080004552 (0x03510b3b) x22 0x0000000000000000
core   0: 0x0000000080004556 (0x001c4037) lui     zero, 0x1c4
core   0: 1 0x0000000080004556 (0x001c4037)
core   0: 0x000000008000455a (0xe2d0001b) addiw   zero, zero, -467
core   0: 1 0x000000008000455a (0xe2d0001b)
core   0: 0x000000008000455e (0x01201013) slli    zero, zero, 18
core   0: 1 0x000000008000455e (0x01201013)
core   0: 0x0000000080004562 (0x5d500013) li      zero, 1493
core   0: 1 0x0000000080004562 (0x5d500013)
core   0: 0x0000000080004566 (0x016555b3) srl     a1, a0, s6
core   0: 1 0x0000000080004566 (0x016555b3) x11 0x0000000000000000
core   0: 0x000000008000456a (0xc2077353) fcvt.w.d t1, fa4
core   0: exception trap_illegal_instruction, epc 0x000000008000456a
core   0:           tval 0x00000000c2077353
core   0: >>>>  $xrv64i2p1_m2p0_a2p1_f2p2_d2p2_zicsr2p0_zifencei2p0_zmmul1p0_zba1p0_zbb1p0_zbc1p0_zbs1p0
core   0: 0x0000000080004000 (0x0080006f) j       pc + 0x8
core   0: 3 0x0000000080004000 (0x0080006f)
core   0: >>>>  mmode_exception_handler
core   0: 0x0000000080004008 (0x00002c17) auipc   s8, 0x2
core   0: 3 0x0000000080004008 (0x00002c17) x24 0x0000000080006008
core   0: 0x000000008000400c (0xfd4c0c13) addi    s8, s8, -44
core   0: 3 0x000000008000400c (0xfd4c0c13) x24 0x0000000080005fdc
core   0: 0x0000000080004010 (0x000c00e7) jalr    s8
core   0: 3 0x0000000080004010 (0x000c00e7) x1  0x0000000080004014
core   0: >>>>  any_handler
core   0: 0x0000000080005fdc (0x341027f3) csrrs   a5, mepc, zero
core   0: 3 0x0000000080005fdc (0x341027f3) x15 0x000000008000456a
core   0: 0x0000000080005fe0 (0x34202773) csrrs   a4, mcause, zero
core   0: 3 0x0000000080005fe0 (0x34202773) x14 0x0000000000000002
core   0: 0x0000000080005fe4 (0x142026f3) csrrs   a3, scause, zero
core   0: 3 0x0000000080005fe4 (0x142026f3) x13 0x0000000000000000
core   0: 0x0000000080005fe8 (0x30402673) csrrs   a2, mie, zero
core   0: 3 0x0000000080005fe8 (0x30402673) x12 0x0000000000000a00
core   0: 0x0000000080005fec (0x344025f3) csrrs   a1, mip, zero
core   0: 3 0x0000000080005fec (0x344025f3) x11 0x0000000000000080
core   0: 0x0000000080005ff0 (0x343025f3) csrrs   a1, mtval, zero
core   0: 3 0x0000000080005ff0 (0x343025f3) x11 0x00000000c2077353
core   0: 0x0000000080005ff4 (0x14302573) csrrs   a0, stval, zero
core   0: 3 0x0000000080005ff4 (0x14302573) x10 0x0000000000000000
core   0: 0x0000000080005ff8 (0xb02024f3) csrrs   s1, minstret, zero
core   0: 3 0x0000000080005ff8 (0xb02024f3) x9  0x00000000000009d5
core   0: 0x0000000080005ffc (0x0000a811) c.j     pc + 20
core   0: 3 0x0000000080005ffc (0xa811)
core   0: >>>>  mepc_4
core   0: 0x0000000080006010 (0x00000791) c.addi  a5, 4
core   0: 3 0x0000000080006010 (0x0791) x15 0x000000008000456e
core   0: 0x0000000080006012 (0x34179073) csrrw   zero, mepc, a5
core   0: 3 0x0000000080006012 (0x34179073) c833_mepc 0x000000008000456e
core   0: 0x0000000080006016 (0x30200073) mret
core   0: 3 0x0000000080006016 (0x30200073) c768_mstatus 0x8000000a00106080
core   0: 0x000000008000456e (0x800a0293) addi    t0, s4, -2048
core   0: 1 0x000000008000456e (0x800a0293) x5  0xfffffffffffffb5a
core   0: 0x0000000080004572 (0x5e1b2397) auipc   t2, 0x5e1b2
core   0: 1 0x0000000080004572 (0x5e1b2397) x7  0x00000000de1b6572
core   0: 0x0000000080004576 (0x0374db3b) divuw   s6, s1, s7
core   0: 1 0x0000000080004576 (0x0374db3b) x22 0xffffffffffffffff
core   0: 0x000000008000457a (0xfca639b7) lui     s3, 0xfca63
core   0: 1 0x000000008000457a (0xfca639b7) x19 0xfffffffffca63000
core   0: 0x000000008000457e (0x4d59899b) addiw   s3, s3, 1237
core   0: 1 0x000000008000457e (0x4d59899b) x19 0xfffffffffca634d5
core   0: 0x0000000080004582 (0x000009b2) c.slli  s3, 12
core   0: 1 0x0000000080004582 (0x09b2) x19 0xffffffca634d5000
core   0: 0x0000000080004584 (0x2b998993) addi    s3, s3, 697
core   0: 1 0x0000000080004584 (0x2b998993) x19 0xffffffca634d52b9
core   0: 0x0000000080004588 (0x029c70bb) remuw   ra, s8, s1
core   0: 1 0x0000000080004588 (0x029c70bb) x1  0x00000000000004f7
core   0: 0x000000008000458c (0x02211393) slli    t2, sp, 34
core   0: 1 0x000000008000458c (0x02211393) x7  0x0000000000000000
core   0: 0x0000000080004590 (0x0017021b) addiw   tp, a4, 1
core   0: 1 0x0000000080004590 (0x0017021b) x4  0x0000000000000003
core   0: 0x0000000080004594 (0x013b5e13) srli    t3, s6, 19
core   0: 1 0x0000000080004594 (0x013b5e13) x28 0x00001fffffffffff
core   0: 0x0000000080004598 (0x03780ebb) mulw    t4, a6, s7
core   0: 1 0x0000000080004598 (0x03780ebb) x29 0x0000000000000000
core   0: 0x000000008000459c (0x004ee333) or      t1, t4, tp
core   0: 1 0x000000008000459c (0x004ee333) x6  0x0000000000000003
core   0: 0x00000000800045a0 (0x0356503b) divuw   zero, a2, s5
core   0: 1 0x00000000800045a0 (0x0356503b)
core   0: 0x00000000800045a4 (0x002a9d73) csrrw   s10, frm, s5
core   0: 1 0x00000000800045a4 (0x002a9d73) x26 0x0000000000000007 c2_frm 0x0000000000000000
core   0: 0x00000000800045a8 (0xf2028353) fmv.d.x ft6, t0
core   0: 1 0x00000000800045a8 (0xf2028353) f6  0xfffffffffffffb5a
core   0: 0x00000000800045ac (0x02f508bb) mulw    a7, a0, a5
core   0: 1 0x00000000800045ac (0x02f508bb) x17 0x0000000000000000
core   0: 0x00000000800045b0 (0x800d7493) andi    s1, s10, -2048
core   0: 1 0x00000000800045b0 (0x800d7493) x9  0x0000000000000000
core   0: 0x00000000800045b4 (0xd2377853) fcvt.d.lu fa6, a4
core   0: 1 0x00000000800045b4 (0xd2377853) f16 0x4000000000000000
core   0: 0x00000000800045b8 (0x41355e1b) sraiw   t3, a0, 19
core   0: 1 0x00000000800045b8 (0x41355e1b) x28 0x0000000000000000
core   0: 0x00000000800045bc (0x01f0939b) slliw   t2, ra, 31
core   0: 1 0x00000000800045bc (0x01f0939b) x7  0xffffffff80000000
core   0: 0x00000000800045c0 (0x01a77e33) and     t3, a4, s10
core   0: 1 0x00000000800045c0 (0x01a77e33) x28 0x0000000000000002
core   0: 0x00000000800045c4 (0xd0237953) fcvt.s.l fs2, t1
core   0: 1 0x00000000800045c4 (0xd0237953) f18 0xffffffff40400000
core   0: 0x00000000800045c8 (0x410d00bb) subw    ra, s10, a6
core   0: 1 0x00000000800045c8 (0x410d00bb) x1  0x0000000000000008
core   0: 0x00000000800045cc (0x000594b3) sll     s1, a1, zero
core   0: 1 0x00000000800045cc (0x000594b3) x9  0x00000000c2077353
core   0: 0x00000000800045d0 (0xc0377853) fcvt.lu.s a6, fa4
core   0: 1 0x00000000800045d0 (0xc0377853) c1_fflags 0x000000000000001f x16 0xffffffffffffffff
core   0: 0x00000000800045d4 (0x034c21b3) mulhsu  gp, s8, s4
core   0: 1 0x00000000800045d4 (0x034c21b3) x3  0x0000000000000000
core   0: 0x00000000800045d8 (0x0ff0000f) fence   iorw,iorw
core   0: 1 0x00000000800045d8 (0x0ff0000f)
core   0: 0x00000000800045dc (0xfffb831b) addiw   t1, s7, -1
core   0: 1 0x00000000800045dc (0xfffb831b) x6  0xffffffffffffffff
core   0: 0x00000000800045e0 (0x1300fa4f) fnmadd.d fs4, ft1, fa6, ft2
core   0: 1 0x00000000800045e0 (0x1300fa4f) f20 0x7ff8000000000000
core   0: 0x00000000800045e4 (0x02318db3) mul     s11, gp, gp
core   0: 1 0x00000000800045e4 (0x02318db3) x27 0x0000000000000000
core   0: 0x00000000800045e8 (0x419d0abb) subw    s5, s10, s9
core   0: 1 0x00000000800045e8 (0x419d0abb) x21 0x0000000000000008
core   0: 0x00000000800045ec (0x02e56db3) rem     s11, a0, a4
core   0: 1 0x00000000800045ec (0x02e56db3) x27 0x0000000000000000
core   0: 0x00000000800045f0 (0x41670033) sub     zero, a4, s6
core   0: 1 0x00000000800045f0 (0x41670033)
core   0: 0x00000000800045f4 (0x017adc33) srl     s8, s5, s7
core   0: 1 0x00000000800045f4 (0x017adc33) x24 0x0000000000000008
core   0: 0x00000000800045f8 (0x00000001) c.nop
core   0: 1 0x00000000800045f8 (0x0001)
core   0: 0x00000000800045fa (0x001028f3) csrrs   a7, fflags, zero
core   0: 1 0x00000000800045fa (0x001028f3) x17 0x000000000000001f
core   0: 0x00000000800045fe (0x005083bb) addw    t2, ra, t0
core   0: 1 0x00000000800045fe (0x005083bb) x7  0xfffffffffffffb62
core   0: 0x0000000080004602 (0x0253893b) mulw    s2, t2, t0
core   0: 1 0x0000000080004602 (0x0253893b) x18 0x0000000000157674
core   0: 0x0000000080004606 (0xffbf3837) lui     a6, 0xffbf3
core   0: 1 0x0000000080004606 (0xffbf3837) x16 0xffffffffffbf3000
core   0: 0x000000008000460a (0x015d41b3) xor     gp, s10, s5
core   0: 1 0x000000008000460a (0x015d41b3) x3  0x000000000000000f
core   0: 0x000000008000460e (0xd221f053) fcvt.d.l ft0, gp
core   0: 1 0x000000008000460e (0xd221f053) f0  0x402e000000000000
core   0: 0x0000000080004612 (0xc21a79d3) fcvt.wu.d s3, fs4
core   0: 1 0x0000000080004612 (0xc21a79d3) c1_fflags 0x000000000000001f x19 0xffffffffffffffff
core   0: 0x0000000080004616 (0x00009a8e) c.add   s5, gp
core   0: 1 0x0000000080004616 (0x9a8e) x21 0x0000000000000017
core   0: 0x0000000080004618 (0xc2b3fc4f) fnmadd.d fs8, ft7, fa1, fs8
core   0: 1 0x0000000080004618 (0xc2b3fc4f) f24 0x7ff8000000000000
core   0: 0x000000008000461c (0x936ab917) auipc   s2, 0x936ab
core   0: 1 0x000000008000461c (0x936ab917) x18 0x00000000136af61c
core   0: 0x0000000080004620 (0x40fb5b3b) sraw    s6, s6, a5
core   0: 1 0x0000000080004620 (0x40fb5b3b) x22 0xffffffffffffffff
core   0: 0x0000000080004624 (0x51d7819b) addiw   gp, a5, 1309
core   0: 1 0x0000000080004624 (0x51d7819b) x3  0xffffffff80004a8b
core   0: 0x0000000080004628 (0x014b79b3) and     s3, s6, s4
core   0: 1 0x0000000080004628 (0x014b79b3) x19 0x000000000000035a
core   0: 0x000000008000462c (0xa2918ad3) fle.d   s5, ft3, fs1
core   0: 1 0x000000008000462c (0xa2918ad3) x21 0x0000000000000001
core   0: 0x0000000080004630 (0x10a7b073) csrrc   zero, senvcfg, a5
core   0: 1 0x0000000080004630 (0x10a7b073) c266_senvcfg 0x0000000000000000
core   0: 0x0000000080004634 (0x024080bb) mulw    ra, ra, tp
core   0: 1 0x0000000080004634 (0x024080bb) x1  0x0000000000000018
core   0: 0x0000000080004638 (0xc051d1f3) csrrwi  gp, hpmcounter5, 3
core   0: exception trap_illegal_instruction, epc 0x0000000080004638
core   0:           tval 0x00000000c051d1f3
core   0: >>>>  $xrv64i2p1_m2p0_a2p1_f2p2_d2p2_zicsr2p0_zifencei2p0_zmmul1p0_zba1p0_zbb1p0_zbc1p0_zbs1p0
core   0: 0x0000000080004000 (0x0080006f) j       pc + 0x8
core   0: 3 0x0000000080004000 (0x0080006f)
core   0: >>>>  mmode_exception_handler
core   0: 0x0000000080004008 (0x00002c17) auipc   s8, 0x2
core   0: 3 0x0000000080004008 (0x00002c17) x24 0x0000000080006008
core   0: 0x000000008000400c (0xfd4c0c13) addi    s8, s8, -44
core   0: 3 0x000000008000400c (0xfd4c0c13) x24 0x0000000080005fdc
core   0: 0x0000000080004010 (0x000c00e7) jalr    s8
core   0: 3 0x0000000080004010 (0x000c00e7) x1  0x0000000080004014
core   0: >>>>  any_handler
core   0: 0x0000000080005fdc (0x341027f3) csrrs   a5, mepc, zero
core   0: 3 0x0000000080005fdc (0x341027f3) x15 0x0000000080004638
core   0: 0x0000000080005fe0 (0x34202773) csrrs   a4, mcause, zero
core   0: 3 0x0000000080005fe0 (0x34202773) x14 0x0000000000000002
core   0: 0x0000000080005fe4 (0x142026f3) csrrs   a3, scause, zero
core   0: 3 0x0000000080005fe4 (0x142026f3) x13 0x0000000000000000
core   0: 0x0000000080005fe8 (0x30402673) csrrs   a2, mie, zero
core   0: 3 0x0000000080005fe8 (0x30402673) x12 0x0000000000000a00
core   0: 0x0000000080005fec (0x344025f3) csrrs   a1, mip, zero
core   0: 3 0x0000000080005fec (0x344025f3) x11 0x0000000000000080
core   0: 0x0000000080005ff0 (0x343025f3) csrrs   a1, mtval, zero
core   0: 3 0x0000000080005ff0 (0x343025f3) x11 0x00000000c051d1f3
core   0: 0x0000000080005ff4 (0x14302573) csrrs   a0, stval, zero
core   0: 3 0x0000000080005ff4 (0x14302573) x10 0x0000000000000000
core   0: 0x0000000080005ff8 (0xb02024f3) csrrs   s1, minstret, zero
core   0: 3 0x0000000080005ff8 (0xb02024f3) x9  0x0000000000000a19
core   0: 0x0000000080005ffc (0x0000a811) c.j     pc + 20
core   0: 3 0x0000000080005ffc (0xa811)
core   0: >>>>  mepc_4
core   0: 0x0000000080006010 (0x00000791) c.addi  a5, 4
core   0: 3 0x0000000080006010 (0x0791) x15 0x000000008000463c
core   0: 0x0000000080006012 (0x34179073) csrrw   zero, mepc, a5
core   0: 3 0x0000000080006012 (0x34179073) c833_mepc 0x000000008000463c
core   0: 0x0000000080006016 (0x30200073) mret
core   0: 3 0x0000000080006016 (0x30200073) c768_mstatus 0x8000000a00106080
core   0: 0x000000008000463c (0x4014f653) fcvt.s.d fa2, fs1
core   0: 1 0x000000008000463c (0x4014f653) c1_fflags 0x000000000000001f f12 0xffffffff5f800000
core   0: 0x0000000080004640 (0x41d684bb) subw    s1, a3, t4
core   0: 1 0x0000000080004640 (0x41d684bb) x9  0x0000000000000000
core   0: 0x0000000080004644 (0x42028453) fcvt.d.s fs0, ft5
core   0: 1 0x0000000080004644 (0x42028453) f8  0x7ff8000000000000
core   0: 0x0000000080004648 (0x0273fab3) remu    s5, t2, t2
core   0: 1 0x0000000080004648 (0x0273fab3) x21 0x0000000000000000
core   0: 0x000000008000464c (0x00c8c8b3) xor     a7, a7, a2
core   0: 1 0x000000008000464c (0x00c8c8b3) x17 0x0000000000000a1f
core   0: 0x0000000080004650 (0x00000001) c.nop
core   0: 1 0x0000000080004650 (0x0001)
core   0: 0x0000000080004652 (0xa4527e97) auipc   t4, 0xa4527
core   0: 1 0x0000000080004652 (0xa4527e97) x29 0x000000002452b652
core   0: 0x0000000080004656 (0x1b9476d3) fdiv.d  fa3, fs0, fs9
core   0: 1 0x0000000080004656 (0x1b9476d3) f13 0x7ff8000000000000
core   0: 0x000000008000465a (0xa2d37b47) fmsub.d fs6, ft6, fa3, fs4
core   0: 1 0x000000008000465a (0xa2d37b47) f22 0x7ff8000000000000
core   0: 0x000000008000465e (0x41d6d0bb) sraw    ra, a3, t4
core   0: 1 0x000000008000465e (0x41d6d0bb) x1  0x0000000000000000
core   0: 0x0000000080004662 (0xf2000353) fmv.d.x ft6, zero
core   0: 1 0x0000000080004662 (0xf2000353) f6  0x0000000000000000
core   0: 0x0000000080004666 (0x0b6bfbd3) fsub.d  fs7, fs7, fs6
core   0: 1 0x0000000080004666 (0x0b6bfbd3) f23 0x7ff8000000000000
core   0: 0x000000008000466a (0x0010149b) slliw   s1, zero, 1
core   0: 1 0x000000008000466a (0x0010149b) x9  0x0000000000000000
core   0: 0x000000008000466e (0x5a0cf253) fsqrt.d ft4, fs9
core   0: 1 0x000000008000466e (0x5a0cf253) f4  0x7ff8000000000000
core   0: 0x0000000080004672 (0x03c2ce3b) divw    t3, t0, t3
core   0: 1 0x0000000080004672 (0x03c2ce3b) x28 0xfffffffffffffdad
core   0: 0x0000000080004676 (0x5d5c6db7) lui     s11, 0x5d5c6
core   0: 1 0x0000000080004676 (0x5d5c6db7) x27 0x000000005d5c6000
core   0: 0x000000008000467a (0x01889e1b) slliw   t3, a7, 24
core   0: 1 0x000000008000467a (0x01889e1b) x28 0x000000001f000000
core   0: 0x000000008000467e (0xc027f853) fcvt.l.s a6, fa5
core   0: 1 0x000000008000467e (0xc027f853) c1_fflags 0x000000000000001f x16 0x7fffffffffffffff
core   0: 0x0000000080004682 (0x43fad213) srai    tp, s5, 63
core   0: 1 0x0000000080004682 (0x43fad213) x4  0x0000000000000000
core   0: 0x0000000080004686 (0x011bd8bb) srlw    a7, s7, a7
core   0: 1 0x0000000080004686 (0x011bd8bb) x17 0x0000000000000000
core   0: 0x000000008000468a (0x415403b3) sub     t2, s0, s5
core   0: 1 0x000000008000468a (0x415403b3) x7  0xffffffff908f0000
core   0: 0x000000008000468e (0xd2347f53) fcvt.d.lu ft10, s0
core   0: 1 0x000000008000468e (0xd2347f53) f30 0x43effffffff211e0
core   0: 0x0000000080004692 (0xd0347cd3) fcvt.s.lu fs9, s0
core   0: 1 0x0000000080004692 (0xd0347cd3) c1_fflags 0x000000000000001f f25 0xffffffff5f800000
core   0: 0x0000000080004696 (0xc03677d3) fcvt.lu.s a5, fa2
core   0: 1 0x0000000080004696 (0xc03677d3) c1_fflags 0x000000000000001f x15 0xffffffffffffffff
core   0: 0x000000008000469a (0x00232d33) slt     s10, t1, sp
core   0: 1 0x000000008000469a (0x00232d33) x26 0x0000000000000001
core   0: 0x000000008000469e (0x1e31cc13) xori    s8, gp, 483
core   0: 1 0x000000008000469e (0x1e31cc13) x24 0xffffffff80004b68
core   0: 0x00000000800046a2 (0xd027fa53) fcvt.s.l fs4, a5
core   0: 1 0x00000000800046a2 (0xd027fa53) f20 0xffffffffbf800000
core   0: 0x00000000800046a6 (0xf2010dd3) fmv.d.x fs11, sp
core   0: 1 0x00000000800046a6 (0xf2010dd3) f27 0x0000000000000000
core   0: 0x00000000800046aa (0x2a029d53) fmax.d  fs10, ft5, ft0
core   0: 1 0x00000000800046aa (0x2a029d53) f26 0x402e000000000000
core   0: 0x00000000800046ae (0x001023f3) csrrs   t2, fflags, zero
core   0: 1 0x00000000800046ae (0x001023f3) x7  0x000000000000001f
core   0: 0x00000000800046b2 (0x023b3e33) mulhu   t3, s6, gp
core   0: 1 0x00000000800046b2 (0x023b3e33) x28 0xffffffff80004a8a
core   0: 0x00000000800046b6 (0x0ff0000f) fence   iorw,iorw
core   0: 1 0x00000000800046b6 (0x0ff0000f)
core   0: 0x00000000800046ba (0x43f15893) srai    a7, sp, 63
core   0: 1 0x00000000800046ba (0x43f15893) x17 0x0000000000000000
core   0: 0x00000000800046be (0x0e960313) addi    t1, a2, 233
core   0: 1 0x00000000800046be (0x0e960313) x6  0x0000000000000ae9
core   0: 0x00000000800046c2 (0xab807ac7) fmsub.d fs5, ft0, fs8, fs5
core   0: 1 0x00000000800046c2 (0xab807ac7) f21 0x7ff8000000000000
core   0: 0x00000000800046c6 (0x0005db13) srli    s6, a1, 0
core   0: 1 0x00000000800046c6 (0x0005db13) x22 0x00000000c051d1f3
core   0: 0x00000000800046ca (0x032b5613) srli    a2, s6, 50
core   0: 1 0x00000000800046ca (0x032b5613) x12 0x0000000000000000
core   0: 0x00000000800046ce (0x41bb0d33) sub     s10, s6, s11
core   0: 1 0x00000000800046ce (0x41bb0d33) x26 0x0000000062f571f3
core   0: 0x00000000800046d2 (0x00b592bb) sllw    t0, a1, a1
core   0: 1 0x00000000800046d2 (0x00b592bb) x5  0xffffffff8f980000
core   0: 0x00000000800046d6 (0x401ed51b) sraiw   a0, t4, 1
core   0: 1 0x00000000800046d6 (0x401ed51b) x10 0x0000000012295b29
core   0: 0x00000000800046da (0xd032ffd3) fcvt.s.lu ft11, t0
core   0: 1 0x00000000800046da (0xd032ffd3) c1_fflags 0x000000000000001f f31 0xffffffff5f800000
core   0: 0x00000000800046de (0x036dd1bb) divuw   gp, s11, s6
core   0: 1 0x00000000800046de (0x036dd1bb) x3  0x0000000000000000
core   0: 0x00000000800046e2 (0x019992bb) sllw    t0, s3, s9
core   0: 1 0x00000000800046e2 (0x019992bb) x5  0x0000000000000000
core   0: 0x00000000800046e6 (0x228481d3) fsgnj.d ft3, fs1, fs0
core   0: 1 0x00000000800046e6 (0x228481d3) f3  0x43efffffffc00000
core   0: 0x00000000800046ea (0x03bddb3b) divuw   s6, s11, s11
core   0: 1 0x00000000800046ea (0x03bddb3b) x22 0x0000000000000001
core   0: 0x00000000800046ee (0x001cd01b) srliw   zero, s9, 1
core   0: 1 0x00000000800046ee (0x001cd01b)
core   0: 0x00000000800046f2 (0x40d3d2bb) sraw    t0, t2, a3
core   0: 1 0x00000000800046f2 (0x40d3d2bb) x5  0x000000000000001f
core   0: 0x00000000800046f6 (0x00556a33) or      s4, a0, t0
core   0: 1 0x00000000800046f6 (0x00556a33) x20 0x0000000012295b3f
core   0: 0x00000000800046fa (0xd022fc53) fcvt.s.l fs8, t0
core   0: 1 0x00000000800046fa (0xd022fc53) f24 0xffffffff41f80000
core   0: 0x00000000800046fe (0x037171b3) remu    gp, sp, s7
core   0: 1 0x00000000800046fe (0x037171b3) x3  0x0000000000000000
core   0: 0x0000000080004702 (0xc060e873) csrrsi  a6, hpmcounter6, 1
core   0: exception trap_illegal_instruction, epc 0x0000000080004702
core   0:           tval 0x00000000c060e873
core   0: >>>>  $xrv64i2p1_m2p0_a2p1_f2p2_d2p2_zicsr2p0_zifencei2p0_zmmul1p0_zba1p0_zbb1p0_zbc1p0_zbs1p0
core   0: 0x0000000080004000 (0x0080006f) j       pc + 0x8
core   0: 3 0x0000000080004000 (0x0080006f)
core   0: >>>>  mmode_exception_handler
core   0: 0x0000000080004008 (0x00002c17) auipc   s8, 0x2
core   0: 3 0x0000000080004008 (0x00002c17) x24 0x0000000080006008
core   0: 0x000000008000400c (0xfd4c0c13) addi    s8, s8, -44
core   0: 3 0x000000008000400c (0xfd4c0c13) x24 0x0000000080005fdc
core   0: 0x0000000080004010 (0x000c00e7) jalr    s8
core   0: 3 0x0000000080004010 (0x000c00e7) x1  0x0000000080004014
core   0: >>>>  any_handler
core   0: 0x0000000080005fdc (0x341027f3) csrrs   a5, mepc, zero
core   0: 3 0x0000000080005fdc (0x341027f3) x15 0x0000000080004702
core   0: 0x0000000080005fe0 (0x34202773) csrrs   a4, mcause, zero
core   0: 3 0x0000000080005fe0 (0x34202773) x14 0x0000000000000002
core   0: 0x0000000080005fe4 (0x142026f3) csrrs   a3, scause, zero
core   0: 3 0x0000000080005fe4 (0x142026f3) x13 0x0000000000000000
core   0: 0x0000000080005fe8 (0x30402673) csrrs   a2, mie, zero
core   0: 3 0x0000000080005fe8 (0x30402673) x12 0x0000000000000a00
core   0: 0x0000000080005fec (0x344025f3) csrrs   a1, mip, zero
core   0: 3 0x0000000080005fec (0x344025f3) x11 0x0000000000000080
core   0: 0x0000000080005ff0 (0x343025f3) csrrs   a1, mtval, zero
core   0: 3 0x0000000080005ff0 (0x343025f3) x11 0x00000000c060e873
core   0: 0x0000000080005ff4 (0x14302573) csrrs   a0, stval, zero
core   0: 3 0x0000000080005ff4 (0x14302573) x10 0x0000000000000000
core   0: 0x0000000080005ff8 (0xb02024f3) csrrs   s1, minstret, zero
core   0: 3 0x0000000080005ff8 (0xb02024f3) x9  0x0000000000000a5b
core   0: 0x0000000080005ffc (0x0000a811) c.j     pc + 20
core   0: 3 0x0000000080005ffc (0xa811)
core   0: >>>>  mepc_4
core   0: 0x0000000080006010 (0x00000791) c.addi  a5, 4
core   0: 3 0x0000000080006010 (0x0791) x15 0x0000000080004706
core   0: 0x0000000080006012 (0x34179073) csrrw   zero, mepc, a5
core   0: 3 0x0000000080006012 (0x34179073) c833_mepc 0x0000000080004706
core   0: 0x0000000080006016 (0x30200073) mret
core   0: 3 0x0000000080006016 (0x30200073) c768_mstatus 0x8000000a00106080
core   0: 0x0000000080004706 (0x4118529b) sraiw   t0, a6, 17
core   0: 1 0x0000000080004706 (0x4118529b) x5  0xffffffffffffffff
core   0: 0x000000008000470a (0xcab7031b) addiw   t1, a4, -853
core   0: 1 0x000000008000470a (0xcab7031b) x6  0xfffffffffffffcad
core   0: 0x000000008000470e (0xd0237653) fcvt.s.l fa2, t1
core   0: 1 0x000000008000470e (0xd0237653) f12 0xffffffffc454c000
core   0: 0x0000000080004712 (0xc03cf153) fcvt.lu.s sp, fs9
core   0: 1 0x0000000080004712 (0xc03cf153) c1_fflags 0x000000000000001f x2  0xffffffffffffffff
core   0: 0x0000000080004716 (0x038a64b3) rem     s1, s4, s8
core   0: 1 0x0000000080004716 (0x038a64b3) x9  0x0000000012295b3f
core   0: 0x000000008000471a (0x0297e6bb) remw    a3, a5, s1
core   0: 1 0x000000008000471a (0x0297e6bb) x13 0xffffffffff21c5bf
core   0: 0x000000008000471e (0x7ff4ec13) ori     s8, s1, 2047
core   0: 1 0x000000008000471e (0x7ff4ec13) x24 0x0000000012295fff
core   0: 0x0000000080004722 (0xfff6059b) addiw   a1, a2, -1
core   0: 1 0x0000000080004722 (0xfff6059b) x11 0x00000000000009ff
core   0: 0x0000000080004726 (0x00202473) csrrs   s0, frm, zero
core   0: 1 0x0000000080004726 (0x00202473) x8  0x0000000000000000
core   0: 0x000000008000472a (0x03c66633) rem     a2, a2, t3
core   0: 1 0x000000008000472a (0x03c66633) x12 0x0000000000000a00
core   0: 0x000000008000472e (0x002029f3) csrrs   s3, frm, zero
core   0: 1 0x000000008000472e (0x002029f3) x19 0x0000000000000000
core   0: 0x0000000080004732 (0x22170953) fsgnj.d fs2, fa4, ft1
core   0: 1 0x0000000080004732 (0x22170953) f18 0x0000000000000000
core   0: 0x0000000080004736 (0xc36cc237) lui     tp, 0xc36cc
core   0: 1 0x0000000080004736 (0xc36cc237) x4  0xffffffffc36cc000
core   0: 0x000000008000473a (0x40167653) fcvt.s.d fa2, fa2
core   0: 1 0x000000008000473a (0x40167653) f12 0xffffffff7fc00000
core   0: 0x000000008000473e (0x401451b3) sra     gp, s0, ra
core   0: 1 0x000000008000473e (0x401451b3) x3  0x0000000000000000
core   0: 0x0000000080004742 (0xd20484d3) fcvt.d.w fs1, s1
core   0: 1 0x0000000080004742 (0xd20484d3) f9  0x41b2295b3f000000
core   0: 0x0000000080004746 (0x00000001) c.nop
core   0: 1 0x0000000080004746 (0x0001)
core   0: 0x0000000080004748 (0x00181e73) csrrw   t3, fflags, a6
core   0: 1 0x0000000080004748 (0x00181e73) x28 0x000000000000001f c1_fflags 0x000000000000001f
core   0: 0x000000008000474c (0x01964ab3) xor     s5, a2, s9
core   0: 1 0x000000008000474c (0x01964ab3) x21 0xfffffffffffff5ff
core   0: 0x0000000080004750 (0x00cb98b3) sll     a7, s7, a2
core   0: 1 0x0000000080004750 (0x00cb98b3) x17 0x0000000000000000
core   0: 0x0000000080004754 (0xf91e63b7) lui     t2, 0xf91e6
core   0: 1 0x0000000080004754 (0xf91e63b7) x7  0xfffffffff91e6000
core   0: 0x0000000080004758 (0x7013839b) addiw   t2, t2, 1793
core   0: 1 0x0000000080004758 (0x7013839b) x7  0xfffffffff91e6701
core   0: 0x000000008000475c (0x000003b2) c.slli  t2, 12
core   0: 1 0x000000008000475c (0x03b2) x7  0xffffff91e6701000
core   0: 0x000000008000475e (0xad838393) addi    t2, t2, -1320
core   0: 1 0x000000008000475e (0xad838393) x7  0xffffff91e6700ad8
core   0: 0x0000000080004762 (0x01a7e833) or      a6, a5, s10
core   0: 1 0x0000000080004762 (0x01a7e833) x16 0x00000000e2f577f7
core   0: 0x0000000080004766 (0x42018ed3) fcvt.d.s ft9, ft3
core   0: 1 0x0000000080004766 (0x42018ed3) f29 0x7ff8000000000000
core   0: 0x000000008000476a (0x23be6e13) ori     t3, t3, 571
core   0: 1 0x000000008000476a (0x23be6e13) x28 0x000000000000023f
core   0: 0x000000008000476e (0x03bdcb3b) divw    s6, s11, s11
core   0: 1 0x000000008000476e (0x03bdcb3b) x22 0x0000000000000001
core   0: 0x0000000080004772 (0x52367ac3) fmadd.d fs5, fa2, ft3, fa0
core   0: 1 0x0000000080004772 (0x52367ac3) f21 0x7ff8000000000000
core   0: 0x0000000080004776 (0x139373d3) fmul.d  ft7, ft6, fs9
core   0: 1 0x0000000080004776 (0x139373d3) f7  0x7ff8000000000000
core   0: 0x000000008000477a (0x226616d3) fsgnjn.d fa3, fa2, ft6
core   0: 1 0x000000008000477a (0x226616d3) f13 0xffffffff7fc00000
core   0: 0x000000008000477e (0x03b1513b) divuw   sp, sp, s11
core   0: 1 0x000000008000477e (0x03b1513b) x2  0x0000000000000002
core   0: 0x0000000080004782 (0x03b0fbd3) fadd.d  fs7, ft1, fs11
core   0: 1 0x0000000080004782 (0x03b0fbd3) f23 0x7ff8000000000000
core   0: 0x0000000080004786 (0x2b500f53) fmin.d  ft10, ft0, fs5
core   0: 1 0x0000000080004786 (0x2b500f53) f30 0x402e000000000000
core   0: 0x000000008000478a (0xf1135df3) csrrwi  s11, mvendorid, 6
core   0: exception trap_illegal_instruction, epc 0x000000008000478a
core   0:           tval 0x00000000f1135df3
core   0: >>>>  $xrv64i2p1_m2p0_a2p1_f2p2_d2p2_zicsr2p0_zifencei2p0_zmmul1p0_zba1p0_zbb1p0_zbc1p0_zbs1p0
core   0: 0x0000000080004000 (0x0080006f) j       pc + 0x8
core   0: 3 0x0000000080004000 (0x0080006f)
core   0: >>>>  mmode_exception_handler
core   0: 0x0000000080004008 (0x00002c17) auipc   s8, 0x2
core   0: 3 0x0000000080004008 (0x00002c17) x24 0x0000000080006008
core   0: 0x000000008000400c (0xfd4c0c13) addi    s8, s8, -44
core   0: 3 0x000000008000400c (0xfd4c0c13) x24 0x0000000080005fdc
core   0: 0x0000000080004010 (0x000c00e7) jalr    s8
core   0: 3 0x0000000080004010 (0x000c00e7) x1  0x0000000080004014
core   0: >>>>  any_handler
core   0: 0x0000000080005fdc (0x341027f3) csrrs   a5, mepc, zero
core   0: 3 0x0000000080005fdc (0x341027f3) x15 0x000000008000478a
core   0: 0x0000000080005fe0 (0x34202773) csrrs   a4, mcause, zero
core   0: 3 0x0000000080005fe0 (0x34202773) x14 0x0000000000000002
core   0: 0x0000000080005fe4 (0x142026f3) csrrs   a3, scause, zero
core   0: 3 0x0000000080005fe4 (0x142026f3) x13 0x0000000000000000
core   0: 0x0000000080005fe8 (0x30402673) csrrs   a2, mie, zero
core   0: 3 0x0000000080005fe8 (0x30402673) x12 0x0000000000000a00
core   0: 0x0000000080005fec (0x344025f3) csrrs   a1, mip, zero
core   0: 3 0x0000000080005fec (0x344025f3) x11 0x0000000000000080
core   0: 0x0000000080005ff0 (0x343025f3) csrrs   a1, mtval, zero
core   0: 3 0x0000000080005ff0 (0x343025f3) x11 0x00000000f1135df3
core   0: 0x0000000080005ff4 (0x14302573) csrrs   a0, stval, zero
core   0: 3 0x0000000080005ff4 (0x14302573) x10 0x0000000000000000
core   0: 0x0000000080005ff8 (0xb02024f3) csrrs   s1, minstret, zero
core   0: 3 0x0000000080005ff8 (0xb02024f3) x9  0x0000000000000a8d
core   0: 0x0000000080005ffc (0x0000a811) c.j     pc + 20
core   0: 3 0x0000000080005ffc (0xa811)
core   0: >>>>  mepc_4
core   0: 0x0000000080006010 (0x00000791) c.addi  a5, 4
core   0: 3 0x0000000080006010 (0x0791) x15 0x000000008000478e
core   0: 0x0000000080006012 (0x34179073) csrrw   zero, mepc, a5
core   0: 3 0x0000000080006012 (0x34179073) c833_mepc 0x000000008000478e
core   0: 0x0000000080006016 (0x30200073) mret
core   0: 3 0x0000000080006016 (0x30200073) c768_mstatus 0x8000000a00106080
core   0: 0x000000008000478e (0xc2167653) fcvt.wu.d a2, fa2
core   0: 1 0x000000008000478e (0xc2167653) c1_fflags 0x000000000000001f x12 0xffffffffffffffff
core   0: 0x0000000080004792 (0x01665b3b) srlw    s6, a2, s6
core   0: 1 0x0000000080004792 (0x01665b3b) x22 0x000000007fffffff
core   0: 0x0000000080004796 (0x41be8a3b) subw    s4, t4, s11
core   0: 1 0x0000000080004796 (0x41be8a3b) x20 0xffffffffc6f65652
core   0: 0x000000008000479a (0x001b4513) xori    a0, s6, 1
core   0: 1 0x000000008000479a (0x001b4513) x10 0x000000007ffffffe
core   0: 0x000000008000479e (0x0151559b) srliw   a1, sp, 21
core   0: 1 0x000000008000479e (0x0151559b) x11 0x0000000000000000
core   0: 0x00000000800047a2 (0x02a88833) mul     a6, a7, a0
core   0: 1 0x00000000800047a2 (0x02a88833) x16 0x0000000000000000
core   0: 0x00000000800047a6 (0x237b8b53) fsgnj.d fs6, fs7, fs7
core   0: 1 0x00000000800047a6 (0x237b8b53) f22 0x7ff8000000000000
core   0: 0x00000000800047aa (0x00102273) csrrs   tp, fflags, zero
core   0: 1 0x00000000800047aa (0x00102273) x4  0x000000000000001f
core   0: 0x00000000800047ae (0x41ccdb3b) sraw    s6, s9, t3
core   0: 1 0x00000000800047ae (0x41ccdb3b) x22 0xffffffffffffffff
core   0: 0x00000000800047b2 (0x000a5d1b) srliw   s10, s4, 0
core   0: 1 0x00000000800047b2 (0x000a5d1b) x26 0xffffffffc6f65652
core   0: 0x00000000800047b6 (0x7b0fe2f3) csrrsi  t0, dcsr, 31
core   0: exception trap_illegal_instruction, epc 0x00000000800047b6
core   0:           tval 0x000000007b0fe2f3
core   0: >>>>  $xrv64i2p1_m2p0_a2p1_f2p2_d2p2_zicsr2p0_zifencei2p0_zmmul1p0_zba1p0_zbb1p0_zbc1p0_zbs1p0
core   0: 0x0000000080004000 (0x0080006f) j       pc + 0x8
core   0: 3 0x0000000080004000 (0x0080006f)
core   0: >>>>  mmode_exception_handler
core   0: 0x0000000080004008 (0x00002c17) auipc   s8, 0x2
core   0: 3 0x0000000080004008 (0x00002c17) x24 0x0000000080006008
core   0: 0x000000008000400c (0xfd4c0c13) addi    s8, s8, -44
core   0: 3 0x000000008000400c (0xfd4c0c13) x24 0x0000000080005fdc
core   0: 0x0000000080004010 (0x000c00e7) jalr    s8
core   0: 3 0x0000000080004010 (0x000c00e7) x1  0x0000000080004014
core   0: >>>>  any_handler
core   0: 0x0000000080005fdc (0x341027f3) csrrs   a5, mepc, zero
core   0: 3 0x0000000080005fdc (0x341027f3) x15 0x00000000800047b6
core   0: 0x0000000080005fe0 (0x34202773) csrrs   a4, mcause, zero
core   0: 3 0x0000000080005fe0 (0x34202773) x14 0x0000000000000002
core   0: 0x0000000080005fe4 (0x142026f3) csrrs   a3, scause, zero
core   0: 3 0x0000000080005fe4 (0x142026f3) x13 0x0000000000000000
core   0: 0x0000000080005fe8 (0x30402673) csrrs   a2, mie, zero
core   0: 3 0x0000000080005fe8 (0x30402673) x12 0x0000000000000a00
core   0: 0x0000000080005fec (0x344025f3) csrrs   a1, mip, zero
core   0: 3 0x0000000080005fec (0x344025f3) x11 0x0000000000000080
core   0: 0x0000000080005ff0 (0x343025f3) csrrs   a1, mtval, zero
core   0: 3 0x0000000080005ff0 (0x343025f3) x11 0x000000007b0fe2f3
core   0: 0x0000000080005ff4 (0x14302573) csrrs   a0, stval, zero
core   0: 3 0x0000000080005ff4 (0x14302573) x10 0x0000000000000000
core   0: 0x0000000080005ff8 (0xb02024f3) csrrs   s1, minstret, zero
core   0: 3 0x0000000080005ff8 (0xb02024f3) x9  0x0000000000000aa7
core   0: 0x0000000080005ffc (0x0000a811) c.j     pc + 20
core   0: 3 0x0000000080005ffc (0xa811)
core   0: >>>>  mepc_4
core   0: 0x0000000080006010 (0x00000791) c.addi  a5, 4
core   0: 3 0x0000000080006010 (0x0791) x15 0x00000000800047ba
core   0: 0x0000000080006012 (0x34179073) csrrw   zero, mepc, a5
core   0: 3 0x0000000080006012 (0x34179073) c833_mepc 0x00000000800047ba
core   0: 0x0000000080006016 (0x30200073) mret
core   0: 3 0x0000000080006016 (0x30200073) c768_mstatus 0x8000000a00106080
core   0: 0x00000000800047ba (0x02e2dd13) srli    s10, t0, 46
core   0: 1 0x00000000800047ba (0x02e2dd13) x26 0x000000000003ffff
core   0: 0x00000000800047be (0x00231373) csrrw   t1, frm, t1
core   0: 1 0x00000000800047be (0x00231373) x6  0x0000000000000000 c2_frm 0x0000000000000005
core   0: 0x00000000800047c2 (0x0001559b) srliw   a1, sp, 0
core   0: 1 0x00000000800047c2 (0x0001559b) x11 0x0000000000000002
core   0: 0x00000000800047c6 (0x002d9df3) csrrw   s11, frm, s11
core   0: 1 0x00000000800047c6 (0x002d9df3) x27 0x0000000000000005 c2_frm 0x0000000000000000
core   0: 0x00000000800047ca (0x0ff0000f) fence   iorw,iorw
core   0: 1 0x00000000800047ca (0x0ff0000f)
core   0: 0x00000000800047ce (0x4016f6d3) fcvt.s.d fa3, fa3
core   0: 1 0x00000000800047ce (0x4016f6d3) f13 0xffffffff7fc00000
core   0: 0x00000000800047d2 (0xd03df4d3) fcvt.s.lu fs1, s11
core   0: 1 0x00000000800047d2 (0xd03df4d3) f9  0xffffffff40a00000
core   0: 0x00000000800047d6 (0x0b277753) fsub.d  fa4, fa4, fs2
core   0: 1 0x00000000800047d6 (0x0b277753) f14 0x8000000000000000
core   0: 0x00000000800047da (0xc204f753) fcvt.w.d a4, fs1
core   0: 1 0x00000000800047da (0xc204f753) c1_fflags 0x000000000000001f x14 0x000000007fffffff
core   0: 0x00000000800047de (0xf20c8ad3) fmv.d.x fs5, s9
core   0: 1 0x00000000800047de (0xf20c8ad3) f21 0xffffffffffffffff
core   0: 0x00000000800047e2 (0xfffd879b) addiw   a5, s11, -1
core   0: 1 0x00000000800047e2 (0xfffd879b) x15 0x0000000000000004
core   0: 0x00000000800047e6 (0x020583b3) mul     t2, a1, zero
core   0: 1 0x00000000800047e6 (0x020583b3) x7  0x0000000000000000
core   0: 0x00000000800047ea (0x215bf593) andi    a1, s7, 533
core   0: 1 0x00000000800047ea (0x215bf593) x11 0x0000000000000000
core   0: 0x00000000800047ee (0x41080a3b) subw    s4, a6, a6
core   0: 1 0x00000000800047ee (0x41080a3b) x20 0x0000000000000000
core   0: 0x00000000800047f2 (0x5a0bfbd3) fsqrt.d fs7, fs7
core   0: 1 0x00000000800047f2 (0x5a0bfbd3) f23 0x7ff8000000000000
core   0: 0x00000000800047f6 (0xa32e00d3) fle.d   ra, ft8, fs2
core   0: 1 0x00000000800047f6 (0xa32e00d3) c1_fflags 0x000000000000001f x1  0x0000000000000000
core   0: 0x00000000800047fa (0x00142d33) slt     s10, s0, ra
core   0: 1 0x00000000800047fa (0x00142d33) x26 0x0000000000000000
core   0: 0x00000000800047fe (0x02a561bb) remw    gp, a0, a0
core   0: 1 0x00000000800047fe (0x02a561bb) x3  0x0000000000000000
core   0: 0x0000000080004802 (0x0099c8b3) xor     a7, s3, s1
core   0: 1 0x0000000080004802 (0x0099c8b3) x17 0x0000000000000aa7
core   0: 0x0000000080004806 (0xf3c1fb4b) fnmsub.d fs6, ft3, ft8, ft10
core   0: 1 0x0000000080004806 (0xf3c1fb4b) f22 0x7ff8000000000000
core   0: 0x000000008000480a (0x0ff0000f) fence   iorw,iorw
core   0: 1 0x000000008000480a (0x0ff0000f)
core   0: 0x000000008000480e (0xc23efd53) fcvt.lu.d s10, ft9
core   0: 1 0x000000008000480e (0xc23efd53) c1_fflags 0x000000000000001f x26 0xffffffffffffffff
core   0: 0x0000000080004812 (0x0002d41b) srliw   s0, t0, 0
core   0: 1 0x0000000080004812 (0x0002d41b) x8  0xffffffffffffffff
core   0: 0x0000000080004816 (0x00000001) c.nop
core   0: 1 0x0000000080004816 (0x0001)
core   0: 0x0000000080004818 (0xd23777d3) fcvt.d.lu fa5, a4
core   0: 1 0x0000000080004818 (0xd23777d3) f15 0x41dfffffffc00000
core   0: 0x000000008000481c (0x00101bf3) csrrw   s7, fflags, zero
core   0: 1 0x000000008000481c (0x00101bf3) x23 0x000000000000001f c1_fflags 0x0000000000000000
core   0: 0x0000000080004820 (0xc0277853) fcvt.l.s a6, fa4
core   0: 1 0x0000000080004820 (0xc0277853) c1_fflags 0x0000000000000010 x16 0x7fffffffffffffff
core   0: 0x0000000080004824 (0xc237fdd3) fcvt.lu.d s11, fa5
core   0: 1 0x0000000080004824 (0xc237fdd3) x27 0x000000007fffffff
core   0: 0x0000000080004828 (0x020a9993) slli    s3, s5, 32
core   0: 1 0x0000000080004828 (0x020a9993) x19 0xfffff5ff00000000
core   0: 0x000000008000482c (0xaa79e593) ori     a1, s3, -1369
core   0: 1 0x000000008000482c (0xaa79e593) x11 0xfffffffffffffaa7
core   0: 0x0000000080004830 (0x012b993b) sllw    s2, s7, s2
core   0: 1 0x0000000080004830 (0x012b993b) x18 0xfffffffff0000000
core   0: 0x0000000080004834 (0xfffa041b) addiw   s0, s4, -1
core   0: 1 0x0000000080004834 (0xfffa041b) x8  0xffffffffffffffff
core   0: 0x0000000080004838 (0x8b760d9b) addiw   s11, a2, -1865
core   0: 1 0x0000000080004838 (0x8b760d9b) x27 0x00000000000002b7
core   0: 0x000000008000483c (0xc02d74d3) fcvt.l.s s1, fs10
core   0: 1 0x000000008000483c (0xc02d74d3) c1_fflags 0x0000000000000010 x9  0x7fffffffffffffff
core   0: 0x0000000080004840 (0x00e6fe33) and     t3, a3, a4
core   0: 1 0x0000000080004840 (0x00e6fe33) x28 0x0000000000000000
core   0: 0x0000000080004844 (0x001b92f3) csrrw   t0, fflags, s7
core   0: 1 0x0000000080004844 (0x001b92f3) x5  0x0000000000000010 c1_fflags 0x000000000000001f
core   0: 0x0000000080004848 (0x00c7d8bb) srlw    a7, a5, a2
core   0: 1 0x0000000080004848 (0x00c7d8bb) x17 0x0000000000000004
core   0: 0x000000008000484c (0xca64e417) auipc   s0, 0xca64e
core   0: 1 0x000000008000484c (0xca64e417) x8  0x000000004a65284c
core   0: 0x0000000080004850 (0x03454a3b) divw    s4, a0, s4
core   0: 1 0x0000000080004850 (0x03454a3b) x20 0xffffffffffffffff
core   0: 0x0000000080004854 (0x00202d73) csrrs   s10, frm, zero
core   0: 1 0x0000000080004854 (0x00202d73) x26 0x0000000000000000
core   0: 0x0000000080004858 (0x5a0bf5d3) fsqrt.d fa1, fs7
core   0: 1 0x0000000080004858 (0x5a0bf5d3) f11 0x7ff8000000000000
core   0: 0x000000008000485c (0xfffd6213) ori     tp, s10, -1
core   0: 1 0x000000008000485c (0xfffd6213) x4  0xffffffffffffffff
core   0: 0x0000000080004860 (0x39c3e093) ori     ra, t2, 924
core   0: 1 0x0000000080004860 (0x39c3e093) x1  0x000000000000039c
core   0: 0x0000000080004864 (0x03bdad33) mulhsu  s10, s11, s11
core   0: 1 0x0000000080004864 (0x03bdad33) x26 0x0000000000000000
core   0: 0x0000000080004868 (0xea75f3cf) fnmadd.d ft7, fa1, ft7, ft9
core   0: 1 0x0000000080004868 (0xea75f3cf) f7  0x7ff8000000000000
core   0: 0x000000008000486c (0x003bd11b) srliw   sp, s7, 3
core   0: 1 0x000000008000486c (0x003bd11b) x2  0x0000000000000003
core   0: 0x0000000080004870 (0x4171023b) subw    tp, sp, s7
core   0: 1 0x0000000080004870 (0x4171023b) x4  0xffffffffffffffe4
core   0: 0x0000000080004874 (0x001e1a13) slli    s4, t3, 1
core   0: 1 0x0000000080004874 (0x001e1a13) x20 0x0000000000000000
core   0: 0x0000000080004878 (0xfff5831b) addiw   t1, a1, -1
core   0: 1 0x0000000080004878 (0xfff5831b) x6  0xfffffffffffffaa6
core   0: 0x000000008000487c (0x039cdcb3) divu    s9, s9, s9
core   0: 1 0x000000008000487c (0x039cdcb3) x25 0x0000000000000001
core   0: 0x0000000080004880 (0x104e24f3) csrrs   s1, sie, t3
core   0: 1 0x0000000080004880 (0x104e24f3) x9  0x0000000000000000 c772_mie 0x0000000000000a00
core   0: 0x0000000080004884 (0x02b75313) srli    t1, a4, 43
core   0: 1 0x0000000080004884 (0x02b75313) x6  0x0000000000000000
core   0: 0x0000000080004888 (0x228e2e53) fsgnjx.d ft8, ft8, fs0
core   0: 1 0x0000000080004888 (0x228e2e53) f28 0x7ff8000000000000
core   0: 0x000000008000488c (0xc235f953) fcvt.lu.d s2, fa1
core   0: 1 0x000000008000488c (0xc235f953) c1_fflags 0x000000000000001f x18 0xffffffffffffffff
core   0: 0x0000000080004890 (0x003cd933) srl     s2, s9, gp
core   0: 1 0x0000000080004890 (0x003cd933) x18 0x0000000000000001
core   0: 0x0000000080004894 (0x00840bbb) addw    s7, s0, s0
core   0: 1 0x0000000080004894 (0x00840bbb) x23 0xffffffff94ca5098
core   0: 0x0000000080004898 (0xd03bf753) fcvt.s.lu fa4, s7
core   0: 1 0x0000000080004898 (0xd03bf753) c1_fflags 0x000000000000001f f14 0xffffffff5f800000
core   0: 0x000000008000489c (0x0002d393) srli    t2, t0, 0
core   0: 1 0x000000008000489c (0x0002d393) x7  0x0000000000000010
core   0: 0x00000000800048a0 (0x41ae843b) subw    s0, t4, s10
core   0: 1 0x00000000800048a0 (0x41ae843b) x8  0x000000002452b652
core   0: 0x00000000800048a4 (0x01aeeb33) or      s6, t4, s10
core   0: 1 0x00000000800048a4 (0x01aeeb33) x22 0x000000002452b652
core   0: 0x00000000800048a8 (0x3dd52c17) auipc   s8, 0x3dd52
core   0: 1 0x00000000800048a8 (0x3dd52c17) x24 0x00000000bdd568a8
core   0: 0x00000000800048ac (0x00009cda) c.add   s9, s6
core   0: 1 0x00000000800048ac (0x9cda) x25 0x000000002452b653
core   0: 0x00000000800048ae (0xd033f353) fcvt.s.lu ft6, t2
core   0: 1 0x00000000800048ae (0xd033f353) f6  0xffffffff41800000
core   0: 0x00000000800048b2 (0x001197f3) csrrw   a5, fflags, gp
core   0: 1 0x00000000800048b2 (0x001197f3) x15 0x000000000000001f c1_fflags 0x0000000000000000
core   0: 0x00000000800048b6 (0x01b0cdb3) xor     s11, ra, s11
core   0: 1 0x00000000800048b6 (0x01b0cdb3) x27 0x000000000000012b
core   0: 0x00000000800048ba (0x5d387017) auipc   zero, 0x5d387
core   0: 1 0x00000000800048ba (0x5d387017)
core   0: 0x00000000800048be (0x01b38b33) add     s6, t2, s11
core   0: 1 0x00000000800048be (0x01b38b33) x22 0x000000000000013b
core   0: 0x00000000800048c2 (0x41bd89bb) subw    s3, s11, s11
core   0: 1 0x00000000800048c2 (0x41bd89bb) x19 0x0000000000000000
core   0: 0x00000000800048c6 (0xa2f2a637) lui     a2, 0xa2f2a
core   0: 1 0x00000000800048c6 (0xa2f2a637) x12 0xffffffffa2f2a000
core   0: 0x00000000800048ca (0x013ca033) slt     zero, s9, s3
core   0: 1 0x00000000800048ca (0x013ca033)
core   0: 0x00000000800048ce (0x9003b437) lui     s0, 0x9003b
core   0: 1 0x00000000800048ce (0x9003b437) x8  0xffffffff9003b000
core   0: 0x00000000800048d2 (0x00d681b3) add     gp, a3, a3
core   0: 1 0x00000000800048d2 (0x00d681b3) x3  0x0000000000000000
core   0: 0x00000000800048d6 (0x00c6d4bb) srlw    s1, a3, a2
core   0: 1 0x00000000800048d6 (0x00c6d4bb) x9  0x0000000000000000
core   0: 0x00000000800048da (0x03cb4eb3) div     t4, s6, t3
core   0: 1 0x00000000800048da (0x03cb4eb3) x29 0xffffffffffffffff
core   0: 0x00000000800048de (0xd023f553) fcvt.s.l fa0, t2
core   0: 1 0x00000000800048de (0xd023f553) f10 0xffffffff41800000
core   0: 0x00000000800048e2 (0x00f8583b) srlw    a6, a6, a5
core   0: 1 0x00000000800048e2 (0x00f8583b) x16 0x0000000000000001
core   0: 0x00000000800048e6 (0x23f50ed3) fsgnj.d ft9, fa0, ft11
core   0: 1 0x00000000800048e6 (0x23f50ed3) f29 0xffffffff41800000
core   0: 0x00000000800048ea (0x006683bb) addw    t2, a3, t1
core   0: 1 0x00000000800048ea (0x006683bb) x7  0x0000000000000000
core   0: 0x00000000800048ee (0xd0237953) fcvt.s.l fs2, t1
core   0: 1 0x00000000800048ee (0xd0237953) f18 0xffffffff00000000
core   0: 0x00000000800048f2 (0x2d910e9b) addiw   t4, sp, 729
core   0: 1 0x00000000800048f2 (0x2d910e9b) x29 0x00000000000002dc
core   0: 0x00000000800048f6 (0x023a62b3) rem     t0, s4, gp
core   0: 1 0x00000000800048f6 (0x023a62b3) x5  0x0000000000000000
core   0: 0x00000000800048fa (0xebdafa4f) fnmadd.d fs4, fs5, ft9, ft9
core   0: 1 0x00000000800048fa (0xebdafa4f) f20 0x7ff8000000000000
core   0: 0x00000000800048fe (0xaf994693) xori    a3, s2, -1287
core   0: 1 0x00000000800048fe (0xaf994693) x13 0xfffffffffffffaf8
core   0: 0x0000000080004902 (0x4002529b) sraiw   t0, tp, 0
core   0: 1 0x0000000080004902 (0x4002529b) x5  0xffffffffffffffe4
core   0: 0x0000000080004906 (0x236ea2d3) fsgnjx.d ft5, ft9, fs6
core   0: 1 0x0000000080004906 (0x236ea2d3) f5  0xffffffff41800000
core   0: 0x000000008000490a (0x03f45c93) srli    s9, s0, 63
core   0: 1 0x000000008000490a (0x03f45c93) x25 0x0000000000000001
core   0: 0x000000008000490e (0x0a597f53) fsub.d  ft10, fs2, ft5
core   0: 1 0x000000008000490e (0x0a597f53) f30 0x7ff8000000000000
core   0: 0x0000000080004912 (0x303c96f3) csrrw   a3, mideleg, s9
core   0: exception trap_illegal_instruction, epc 0x0000000080004912
core   0:           tval 0x00000000303c96f3
core   0: >>>>  $xrv64i2p1_m2p0_a2p1_f2p2_d2p2_zicsr2p0_zifencei2p0_zmmul1p0_zba1p0_zbb1p0_zbc1p0_zbs1p0
core   0: 0x0000000080004000 (0x0080006f) j       pc + 0x8
core   0: 3 0x0000000080004000 (0x0080006f)
core   0: >>>>  mmode_exception_handler
core   0: 0x0000000080004008 (0x00002c17) auipc   s8, 0x2
core   0: 3 0x0000000080004008 (0x00002c17) x24 0x0000000080006008
core   0: 0x000000008000400c (0xfd4c0c13) addi    s8, s8, -44
core   0: 3 0x000000008000400c (0xfd4c0c13) x24 0x0000000080005fdc
core   0: 0x0000000080004010 (0x000c00e7) jalr    s8
core   0: 3 0x0000000080004010 (0x000c00e7) x1  0x0000000080004014
core   0: >>>>  any_handler
core   0: 0x0000000080005fdc (0x341027f3) csrrs   a5, mepc, zero
core   0: 3 0x0000000080005fdc (0x341027f3) x15 0x0000000080004912
core   0: 0x0000000080005fe0 (0x34202773) csrrs   a4, mcause, zero
core   0: 3 0x0000000080005fe0 (0x34202773) x14 0x0000000000000002
core   0: 0x0000000080005fe4 (0x142026f3) csrrs   a3, scause, zero
core   0: 3 0x0000000080005fe4 (0x142026f3) x13 0x0000000000000000
core   0: 0x0000000080005fe8 (0x30402673) csrrs   a2, mie, zero
core   0: 3 0x0000000080005fe8 (0x30402673) x12 0x0000000000000a00
core   0: 0x0000000080005fec (0x344025f3) csrrs   a1, mip, zero
core   0: 3 0x0000000080005fec (0x344025f3) x11 0x0000000000000080
core   0: 0x0000000080005ff0 (0x343025f3) csrrs   a1, mtval, zero
core   0: 3 0x0000000080005ff0 (0x343025f3) x11 0x00000000303c96f3
core   0: 0x0000000080005ff4 (0x14302573) csrrs   a0, stval, zero
core   0: 3 0x0000000080005ff4 (0x14302573) x10 0x0000000000000000
core   0: 0x0000000080005ff8 (0xb02024f3) csrrs   s1, minstret, zero
core   0: 3 0x0000000080005ff8 (0xb02024f3) x9  0x0000000000000b0e
core   0: 0x0000000080005ffc (0x0000a811) c.j     pc + 20
core   0: 3 0x0000000080005ffc (0xa811)
core   0: >>>>  mepc_4
core   0: 0x0000000080006010 (0x00000791) c.addi  a5, 4
core   0: 3 0x0000000080006010 (0x0791) x15 0x0000000080004916
core   0: 0x0000000080006012 (0x34179073) csrrw   zero, mepc, a5
core   0: 3 0x0000000080006012 (0x34179073) c833_mepc 0x0000000080004916
core   0: 0x0000000080006016 (0x30200073) mret
core   0: 3 0x0000000080006016 (0x30200073) c768_mstatus 0x8000000a00106080
core   0: 0x0000000080004916 (0xbd474593) xori    a1, a4, -1068
core   0: 1 0x0000000080004916 (0xbd474593) x11 0xfffffffffffffbd6
core   0: 0x000000008000491a (0x032f7c53) fadd.d  fs8, ft10, fs2
core   0: 1 0x000000008000491a (0x032f7c53) f24 0x7ff8000000000000
core   0: 0x000000008000491e (0x001fec37) lui     s8, 0x1fe
core   0: 1 0x000000008000491e (0x001fec37) x24 0x00000000001fe000
core   0: 0x0000000080004922 (0x93fc0c1b) addiw   s8, s8, -1729
core   0: 1 0x0000000080004922 (0x93fc0c1b) x24 0x00000000001fd93f
core   0: 0x0000000080004926 (0x00000c3e) c.slli  s8, 15
core   0: 1 0x0000000080004926 (0x0c3e) x24 0x0000000fec9f8000
core   0: 0x0000000080004928 (0x7aec0c13) addi    s8, s8, 1966
core   0: 1 0x0000000080004928 (0x7aec0c13) x24 0x0000000fec9f87ae
core   0: 0x000000008000492c (0x029b8bbb) mulw    s7, s7, s1
core   0: 1 0x000000008000492c (0x029b8bbb) x23 0xffffffffd486f050
core   0: 0x0000000080004930 (0xeae87893) andi    a7, a6, -338
core   0: 1 0x0000000080004930 (0xeae87893) x17 0x0000000000000000
core   0: 0x0000000080004934 (0x40a8d53b) sraw    a0, a7, a0
core   0: 1 0x0000000080004934 (0x40a8d53b) x10 0x0000000000000000
core   0: 0x0000000080004938 (0x0078123b) sllw    tp, a6, t2
core   0: 1 0x0000000080004938 (0x0078123b) x4  0x0000000000000001
core   0: 0x000000008000493c (0x01d5ee33) or      t3, a1, t4
core   0: 1 0x000000008000493c (0x01d5ee33) x28 0xfffffffffffffbde
core   0: 0x0000000080004940 (0x221c01d3) fsgnj.d ft3, fs8, ft1
core   0: 1 0x0000000080004940 (0x221c01d3) f3  0x7ff8000000000000
core   0: 0x0000000080004944 (0x0318d6bb) divuw   a3, a7, a7
core   0: 1 0x0000000080004944 (0x0318d6bb) x13 0xffffffffffffffff
core   0: 0x0000000080004948 (0xc22c7cd3) fcvt.l.d s9, fs8
core   0: 1 0x0000000080004948 (0xc22c7cd3) c1_fflags 0x0000000000000010 x25 0x7fffffffffffffff
core   0: 0x000000008000494c (0xc029f1d3) fcvt.l.s gp, fs3
core   0: 1 0x000000008000494c (0xc029f1d3) c1_fflags 0x0000000000000010 x3  0x7fffffffffffffff
core   0: 0x0000000080004950 (0x026c463b) divw    a2, s8, t1
core   0: 1 0x0000000080004950 (0x026c463b) x12 0xffffffffffffffff
core   0: 0x0000000080004954 (0x5d260e1b) addiw   t3, a2, 1490
core   0: 1 0x0000000080004954 (0x5d260e1b) x28 0x00000000000005d1
core   0: 0x0000000080004958 (0x00000001) c.nop
core   0: 1 0x0000000080004958 (0x0001)
core   0: 0x000000008000495a (0x00abd233) srl     tp, s7, a0
core   0: 1 0x000000008000495a (0x00abd233) x4  0xffffffffd486f050
core   0: 0x000000008000495e (0xe3dc7ecf) fnmadd.d ft9, fs8, ft9, ft8
core   0: 1 0x000000008000495e (0xe3dc7ecf) f29 0x7ff8000000000000
core   0: 0x0000000080004962 (0xe20f80d3) fmv.x.d ra, ft11
core   0: 1 0x0000000080004962 (0xe20f80d3) x1  0xffffffff5f800000
core   0: 0x0000000080004966 (0x0073f333) and     t1, t2, t2
core   0: 1 0x0000000080004966 (0x0073f333) x6  0x0000000000000000
core   0: 0x000000008000496a (0xc0367453) fcvt.lu.s s0, fa2
core   0: 1 0x000000008000496a (0xc0367453) c1_fflags 0x0000000000000010 x8  0xffffffffffffffff
core   0: 0x000000008000496e (0x237507d3) fsgnj.d fa5, fa0, fs7
core   0: 1 0x000000008000496e (0x237507d3) f15 0x7fffffff41800000
core   0: 0x0000000080004972 (0x1377714f) fnmadd.d ft2, fa4, fs7, ft2
core   0: 1 0x0000000080004972 (0x1377714f) f2  0x7ff8000000000000
core   0: 0x0000000080004976 (0x0ff0000f) fence   iorw,iorw
core   0: 1 0x0000000080004976 (0x0ff0000f)
core   0: 0x000000008000497a (0x0317673b) remw    a4, a4, a7
core   0: 1 0x000000008000497a (0x0317673b) x14 0x0000000000000002
core   0: 0x000000008000497e (0x0075d91b) srliw   s2, a1, 7
core   0: 1 0x000000008000497e (0x0075d91b) x18 0x0000000001fffff7
core   0: 0x0000000080004982 (0x0129063b) addw    a2, s2, s2
core   0: 1 0x0000000080004982 (0x0129063b) x12 0x0000000003ffffee
core   0: 0x0000000080004986 (0x6ae97843) fmadd.d fa6, fs2, fa4, fa3
core   0: 1 0x0000000080004986 (0x6ae97843) f16 0x7ff8000000000000
core   0: 0x000000008000498a (0x40385abb) sraw    s5, a6, gp
core   0: 1 0x000000008000498a (0x40385abb) x21 0x0000000000000000
core   0: 0x000000008000498e (0xfff64213) not     tp, a2
core   0: 1 0x000000008000498e (0xfff64213) x4  0xfffffffffc000011
core   0: 0x0000000080004992 (0x02aae1b3) rem     gp, s5, a0
core   0: 1 0x0000000080004992 (0x02aae1b3) x3  0x0000000000000000
core   0: 0x0000000080004996 (0x00000001) c.nop
core   0: 1 0x0000000080004996 (0x0001)
core   0: 0x0000000080004998 (0x0b597ad3) fsub.d  fs5, fs2, fs5
core   0: 1 0x0000000080004998 (0x0b597ad3) f21 0x7ff8000000000000
core   0: 0x000000008000499c (0x401dfdd3) fcvt.s.d fs11, fs11
core   0: 1 0x000000008000499c (0x401dfdd3) f27 0xffffffff00000000
core   0: 0x00000000800049a0 (0xd229f2d3) fcvt.d.l ft5, s3
core   0: 1 0x00000000800049a0 (0xd229f2d3) f5  0x0000000000000000
core   0: 0x00000000800049a4 (0x34798813) addi    a6, s3, 839
core   0: 1 0x00000000800049a4 (0x34798813) x16 0x0000000000000347
core   0: 0x00000000800049a8 (0x13957153) fmul.d  ft2, fa0, fs9
core   0: 1 0x00000000800049a8 (0x13957153) f2  0x7ff8000000000000
core   0: 0x00000000800049ac (0x10579573) csrrw   a0, stvec, a5
core   0: 1 0x00000000800049ac (0x10579573) x10 0x0000000000000000 c261_stvec 0x0000000080004914
core   0: 0x00000000800049b0 (0xc38bfe4f) fnmadd.d ft8, fs7, fs8, fs8
core   0: 1 0x00000000800049b0 (0xc38bfe4f) f28 0x7ff8000000000000
core   0: 0x00000000800049b4 (0xa3bc0753) fle.d   a4, fs8, fs11
core   0: 1 0x00000000800049b4 (0xa3bc0753) c1_fflags 0x0000000000000010 x14 0x0000000000000000
core   0: 0x00000000800049b8 (0x6b5bf6c7) fmsub.d fa3, fs7, fs5, fa3
core   0: 1 0x00000000800049b8 (0x6b5bf6c7) f13 0x7ff8000000000000
core   0: 0x00000000800049bc (0x42028fd3) fcvt.d.s ft11, ft5
core   0: 1 0x00000000800049bc (0x42028fd3) f31 0x7ff8000000000000
core   0: 0x00000000800049c0 (0x01791933) sll     s2, s2, s7
core   0: 1 0x00000000800049c0 (0x01791933) x18 0x000001fffff70000
core   0: 0x00000000800049c4 (0x4000813b) subw    sp, ra, zero
core   0: 1 0x00000000800049c4 (0x4000813b) x2  0x000000005f800000
core   0: 0x00000000800049c8 (0x0093119b) slliw   gp, t1, 9
core   0: 1 0x00000000800049c8 (0x0093119b) x3  0x0000000000000000
core   0: 0x00000000800049cc (0x2a8f95d3) fmax.d  fa1, ft11, fs0
core   0: 1 0x00000000800049cc (0x2a8f95d3) f11 0x7ff8000000000000
core   0: 0x00000000800049d0 (0x1ac5f2d3) fdiv.d  ft5, fa1, fa2
core   0: 1 0x00000000800049d0 (0x1ac5f2d3) f5  0x7ff8000000000000
core   0: 0x00000000800049d4 (0x01295db3) srl     s11, s2, s2
core   0: 1 0x00000000800049d4 (0x01295db3) x27 0x000001fffff70000
core   0: 0x00000000800049d8 (0x0008181b) slliw   a6, a6, 0
core   0: 1 0x00000000800049d8 (0x0008181b) x16 0x0000000000000347
core   0: 0x00000000800049dc (0x03ce01bb) mulw    gp, t3, t3
core   0: 1 0x00000000800049dc (0x03ce01bb) x3  0x000000000021d4a1
core   0: 0x00000000800049e0 (0x2b329bd3) fmax.d  fs7, ft5, fs3
core   0: 1 0x00000000800049e0 (0x2b329bd3) f23 0x43efffffffc00000
core   0: 0x00000000800049e4 (0x0279d713) srli    a4, s3, 39
core   0: 1 0x00000000800049e4 (0x0279d713) x14 0x0000000000000000
core   0: 0x00000000800049e8 (0x639c7ccb) fnmsub.d fs9, fs8, fs9, fa2
core   0: 1 0x00000000800049e8 (0x639c7ccb) f25 0x7ff8000000000000
core   0: 0x00000000800049ec (0xf11e9573) csrrw   a0, mvendorid, t4
core   0: exception trap_illegal_instruction, epc 0x00000000800049ec
core   0:           tval 0x00000000f11e9573
core   0: >>>>  $xrv64i2p1_m2p0_a2p1_f2p2_d2p2_zicsr2p0_zifencei2p0_zmmul1p0_zba1p0_zbb1p0_zbc1p0_zbs1p0
core   0: 0x0000000080004000 (0x0080006f) j       pc + 0x8
core   0: 3 0x0000000080004000 (0x0080006f)
core   0: >>>>  mmode_exception_handler
core   0: 0x0000000080004008 (0x00002c17) auipc   s8, 0x2
core   0: 3 0x0000000080004008 (0x00002c17) x24 0x0000000080006008
core   0: 0x000000008000400c (0xfd4c0c13) addi    s8, s8, -44
core   0: 3 0x000000008000400c (0xfd4c0c13) x24 0x0000000080005fdc
core   0: 0x0000000080004010 (0x000c00e7) jalr    s8
core   0: 3 0x0000000080004010 (0x000c00e7) x1  0x0000000080004014
core   0: >>>>  any_handler
core   0: 0x0000000080005fdc (0x341027f3) csrrs   a5, mepc, zero
core   0: 3 0x0000000080005fdc (0x341027f3) x15 0x00000000800049ec
core   0: 0x0000000080005fe0 (0x34202773) csrrs   a4, mcause, zero
core   0: 3 0x0000000080005fe0 (0x34202773) x14 0x0000000000000002
core   0: 0x0000000080005fe4 (0x142026f3) csrrs   a3, scause, zero
core   0: 3 0x0000000080005fe4 (0x142026f3) x13 0x0000000000000000
core   0: 0x0000000080005fe8 (0x30402673) csrrs   a2, mie, zero
core   0: 3 0x0000000080005fe8 (0x30402673) x12 0x0000000000000a00
core   0: 0x0000000080005fec (0x344025f3) csrrs   a1, mip, zero
core   0: 3 0x0000000080005fec (0x344025f3) x11 0x0000000000000080
core   0: 0x0000000080005ff0 (0x343025f3) csrrs   a1, mtval, zero
core   0: 3 0x0000000080005ff0 (0x343025f3) x11 0x00000000f11e9573
core   0: 0x0000000080005ff4 (0x14302573) csrrs   a0, stval, zero
core   0: 3 0x0000000080005ff4 (0x14302573) x10 0x0000000000000000
core   0: 0x0000000080005ff8 (0xb02024f3) csrrs   s1, minstret, zero
core   0: 3 0x0000000080005ff8 (0xb02024f3) x9  0x0000000000000b55
core   0: 0x0000000080005ffc (0x0000a811) c.j     pc + 20
core   0: 3 0x0000000080005ffc (0xa811)
core   0: >>>>  mepc_4
core   0: 0x0000000080006010 (0x00000791) c.addi  a5, 4
core   0: 3 0x0000000080006010 (0x0791) x15 0x00000000800049f0
core   0: 0x0000000080006012 (0x34179073) csrrw   zero, mepc, a5
core   0: 3 0x0000000080006012 (0x34179073) c833_mepc 0x00000000800049f0
core   0: 0x0000000080006016 (0x30200073) mret
core   0: 3 0x0000000080006016 (0x30200073) c768_mstatus 0x8000000a00106080
core   0: 0x00000000800049f0 (0x00767433) and     s0, a2, t2
core   0: 1 0x00000000800049f0 (0x00767433) x8  0x0000000000000000
core   0: 0x00000000800049f4 (0x00b6823b) addw    tp, a3, a1
core   0: 1 0x00000000800049f4 (0x00b6823b) x4  0xfffffffff11e9573
core   0: 0x00000000800049f8 (0x42000653) fcvt.d.s fa2, ft0
core   0: 1 0x00000000800049f8 (0x42000653) f12 0x7ff8000000000000
core   0: 0x00000000800049fc (0x00b75e3b) srlw    t3, a4, a1
core   0: 1 0x00000000800049fc (0x00b75e3b) x28 0x0000000000000000
core   0: 0x0000000080004a00 (0x0251fb33) remu    s6, gp, t0
core   0: 1 0x0000000080004a00 (0x0251fb33) x22 0x000000000021d4a1
core   0: 0x0000000080004a04 (0x22b61053) fsgnjn.d ft0, fa2, fa1
core   0: 1 0x0000000080004a04 (0x22b61053) f0  0xfff8000000000000
core   0: 0x0000000080004a08 (0x0001931b) slliw   t1, gp, 0
core   0: 1 0x0000000080004a08 (0x0001931b) x6  0x000000000021d4a1
core   0: 0x0000000080004a0c (0x0017f493) andi    s1, a5, 1
core   0: 1 0x0000000080004a0c (0x0017f493) x9  0x0000000000000000
core   0: 0x0000000080004a10 (0x4013541b) sraiw   s0, t1, 1
core   0: 1 0x0000000080004a10 (0x4013541b) x8  0x000000000010ea50
core   0: 0x0000000080004a14 (0x3bd073cf) fnmadd.d ft7, ft0, ft9, ft7
core   0: 1 0x0000000080004a14 (0x3bd073cf) f7  0x7ff8000000000000
core   0: 0x0000000080004a18 (0xd0347953) fcvt.s.lu fs2, s0
core   0: 1 0x0000000080004a18 (0xd0347953) f18 0xffffffff49875280
core   0: 0x0000000080004a1c (0x00000001) c.nop
core   0: 1 0x0000000080004a1c (0x0001)
core   0: 0x0000000080004a1e (0x40e2d313) srai    t1, t0, 14
core   0: 1 0x0000000080004a1e (0x40e2d313) x6  0xffffffffffffffff
core   0: 0x0000000080004a22 (0x8b114113) xori    sp, sp, -1871
core   0: 1 0x0000000080004a22 (0x8b114113) x2  0xffffffffa07ff8b1
core   0: 0x0000000080004a26 (0x00115413) srli    s0, sp, 1
core   0: 1 0x0000000080004a26 (0x00115413) x8  0x7fffffffd03ffc58
core   0: 0x0000000080004a2a (0xfffe801b) addiw   zero, t4, -1
core   0: 1 0x0000000080004a2a (0xfffe801b)
core   0: 0x0000000080004a2e (0xc0297253) fcvt.l.s tp, fs2
core   0: 1 0x0000000080004a2e (0xc0297253) x4  0x000000000010ea50
core   0: 0x0000000080004a32 (0x1b4b7b53) fdiv.d  fs6, fs6, fs4
core   0: 1 0x0000000080004a32 (0x1b4b7b53) f22 0x7ff8000000000000
core   0: 0x0000000080004a36 (0x001025f3) csrrs   a1, fflags, zero
core   0: 1 0x0000000080004a36 (0x001025f3) x11 0x0000000000000010
core   0: 0x0000000080004a3a (0xd03ef953) fcvt.s.lu fs2, t4
core   0: 1 0x0000000080004a3a (0xd03ef953) f18 0xffffffff44370000
core   0: 0x0000000080004a3e (0x32488193) addi    gp, a7, 804
core   0: 1 0x0000000080004a3e (0x32488193) x3  0x0000000000000324
core   0: 0x0000000080004a42 (0x033d2db3) mulhsu  s11, s10, s3
core   0: 1 0x0000000080004a42 (0x033d2db3) x27 0x0000000000000000
core   0: 0x0000000080004a46 (0xd03d73d3) fcvt.s.lu ft7, s10
core   0: 1 0x0000000080004a46 (0xd03d73d3) f7  0xffffffff00000000
core   0: 0x0000000080004a4a (0xc033fad3) fcvt.lu.s s5, ft7
core   0: 1 0x0000000080004a4a (0xc033fad3) x21 0x0000000000000000
core   0: 0x0000000080004a4e (0xc054e473) csrrsi  s0, hpmcounter5, 9
core   0: exception trap_illegal_instruction, epc 0x0000000080004a4e
core   0:           tval 0x00000000c054e473
core   0: >>>>  $xrv64i2p1_m2p0_a2p1_f2p2_d2p2_zicsr2p0_zifencei2p0_zmmul1p0_zba1p0_zbb1p0_zbc1p0_zbs1p0
core   0: 0x0000000080004000 (0x0080006f) j       pc + 0x8
core   0: 3 0x0000000080004000 (0x0080006f)
core   0: >>>>  mmode_exception_handler
core   0: 0x0000000080004008 (0x00002c17) auipc   s8, 0x2
core   0: 3 0x0000000080004008 (0x00002c17) x24 0x0000000080006008
core   0: 0x000000008000400c (0xfd4c0c13) addi    s8, s8, -44
core   0: 3 0x000000008000400c (0xfd4c0c13) x24 0x0000000080005fdc
core   0: 0x0000000080004010 (0x000c00e7) jalr    s8
core   0: 3 0x0000000080004010 (0x000c00e7) x1  0x0000000080004014
core   0: >>>>  any_handler
core   0: 0x0000000080005fdc (0x341027f3) csrrs   a5, mepc, zero
core   0: 3 0x0000000080005fdc (0x341027f3) x15 0x0000000080004a4e
core   0: 0x0000000080005fe0 (0x34202773) csrrs   a4, mcause, zero
core   0: 3 0x0000000080005fe0 (0x34202773) x14 0x0000000000000002
core   0: 0x0000000080005fe4 (0x142026f3) csrrs   a3, scause, zero
core   0: 3 0x0000000080005fe4 (0x142026f3) x13 0x0000000000000000
core   0: 0x0000000080005fe8 (0x30402673) csrrs   a2, mie, zero
core   0: 3 0x0000000080005fe8 (0x30402673) x12 0x0000000000000a00
core   0: 0x0000000080005fec (0x344025f3) csrrs   a1, mip, zero
core   0: 3 0x0000000080005fec (0x344025f3) x11 0x0000000000000080
core   0: 0x0000000080005ff0 (0x343025f3) csrrs   a1, mtval, zero
core   0: 3 0x0000000080005ff0 (0x343025f3) x11 0x00000000c054e473
core   0: 0x0000000080005ff4 (0x14302573) csrrs   a0, stval, zero
core   0: 3 0x0000000080005ff4 (0x14302573) x10 0x0000000000000000
core   0: 0x0000000080005ff8 (0xb02024f3) csrrs   s1, minstret, zero
core   0: 3 0x0000000080005ff8 (0xb02024f3) x9  0x0000000000000b7d
core   0: 0x0000000080005ffc (0x0000a811) c.j     pc + 20
core   0: 3 0x0000000080005ffc (0xa811)
core   0: >>>>  mepc_4
core   0: 0x0000000080006010 (0x00000791) c.addi  a5, 4
core   0: 3 0x0000000080006010 (0x0791) x15 0x0000000080004a52
core   0: 0x0000000080006012 (0x34179073) csrrw   zero, mepc, a5
core   0: 3 0x0000000080006012 (0x34179073) c833_mepc 0x0000000080004a52
core   0: 0x0000000080006016 (0x30200073) mret
core   0: 3 0x0000000080006016 (0x30200073) c768_mstatus 0x8000000a00106080
core   0: 0x0000000080004a52 (0xd0397ad3) fcvt.s.lu fs5, s2
core   0: 1 0x0000000080004a52 (0xd0397ad3) c1_fflags 0x0000000000000011 f21 0xffffffff53fffffc
core   0: 0x0000000080004a56 (0x22ada553) fsgnjx.d fa0, fs11, fa0
core   0: 1 0x0000000080004a56 (0x22ada553) f10 0x7fffffff00000000
core   0: 0x0000000080004a5a (0x40005313) srai    t1, zero, 0
core   0: 1 0x0000000080004a5a (0x40005313) x6  0x0000000000000000
core   0: 0x0000000080004a5e (0x0144eeb3) or      t4, s1, s4
core   0: 1 0x0000000080004a5e (0x0144eeb3) x29 0x0000000000000b7d
core   0: 0x0000000080004a62 (0x0236d8b3) divu    a7, a3, gp
core   0: 1 0x0000000080004a62 (0x0236d8b3) x17 0x0000000000000000
core   0: 0x0000000080004a66 (0xd2008d53) fcvt.d.w fs10, ra
core   0: 1 0x0000000080004a66 (0xd2008d53) f26 0xc1dfffeffb000000
core   0: 0x0000000080004a6a (0x55122237) lui     tp, 0x55122
core   0: 1 0x0000000080004a6a (0x55122237) x4  0x0000000055122000
core   0: 0x0000000080004a6e (0x00202573) csrrs   a0, frm, zero
core   0: 1 0x0000000080004a6e (0x00202573) x10 0x0000000000000000
core   0: 0x0000000080004a72 (0x4045003b) subw    zero, a0, tp
core   0: 1 0x0000000080004a72 (0x4045003b)
core   0: 0x0000000080004a76 (0x0005da3b) srlw    s4, a1, zero
core   0: 1 0x0000000080004a76 (0x0005da3b) x20 0xffffffffc054e473
core   0: 0x0000000080004a7a (0x23440053) fsgnj.d ft0, fs0, fs4
core   0: 1 0x0000000080004a7a (0x23440053) f0  0x7ff8000000000000
core   0: 0x0000000080004a7e (0x420a04d3) fcvt.d.s fs1, fs4
core   0: 1 0x0000000080004a7e (0x420a04d3) f9  0x7ff8000000000000
core   0: 0x0000000080004a82 (0x40117753) fcvt.s.d fa4, ft2
core   0: 1 0x0000000080004a82 (0x40117753) f14 0xffffffff7fc00000
core   0: 0x0000000080004a86 (0x401d80bb) subw    ra, s11, ra
core   0: 1 0x0000000080004a86 (0x401d80bb) x1  0x000000007fffbfec
core   0: 0x0000000080004a8a (0x41570bbb) subw    s7, a4, s5
core   0: 1 0x0000000080004a8a (0x41570bbb) x23 0x0000000000000002
core   0: 0x0000000080004a8e (0x000c9793) slli    a5, s9, 0
core   0: 1 0x0000000080004a8e (0x000c9793) x15 0x7fffffffffffffff
core   0: 0x0000000080004a92 (0x00102973) csrrs   s2, fflags, zero
core   0: 1 0x0000000080004a92 (0x00102973) x18 0x0000000000000011
core   0: 0x0000000080004a96 (0xc221f453) fcvt.l.d s0, ft3
core   0: 1 0x0000000080004a96 (0xc221f453) c1_fflags 0x0000000000000011 x8  0x7fffffffffffffff
core   0: 0x0000000080004a9a (0x001b12f3) csrrw   t0, fflags, s6
core   0: 1 0x0000000080004a9a (0x001b12f3) x5  0x0000000000000011 c1_fflags 0x0000000000000001
core   0: 0x0000000080004a9e (0x02a6ec3b) remw    s8, a3, a0
core   0: 1 0x0000000080004a9e (0x02a6ec3b) x24 0x0000000000000000
core   0: 0x0000000080004aa2 (0xa22189d3) fle.d   s3, ft3, ft2
core   0: 1 0x0000000080004aa2 (0xa22189d3) c1_fflags 0x0000000000000011 x19 0x0000000000000000
core   0: 0x0000000080004aa6 (0xd23bf2d3) fcvt.d.lu ft5, s7
core   0: 1 0x0000000080004aa6 (0xd23bf2d3) f5  0x4000000000000000
core   0: 0x0000000080004aaa (0xaa2b7bcb) fnmsub.d fs7, fs6, ft2, fs5
core   0: 1 0x0000000080004aaa (0xaa2b7bcb) f23 0x7ff8000000000000
core   0: 0x0000000080004aae (0x7391744b) fnmsub.d fs0, ft2, fs9, fa4
core   0: 1 0x0000000080004aae (0x7391744b) f8  0x7ff8000000000000
core   0: 0x0000000080004ab2 (0x03551533) mulh    a0, a0, s5
core   0: 1 0x0000000080004ab2 (0x03551533) x10 0x0000000000000000
core   0: 0x0000000080004ab6 (0x01ded33b) srlw    t1, t4, t4
core   0: 1 0x0000000080004ab6 (0x01ded33b) x6  0x0000000000000000
core   0: 0x0000000080004aba (0x0217b6b3) mulhu   a3, a5, ra
core   0: 1 0x0000000080004aba (0x0217b6b3) x13 0x000000003fffdff5
core   0: 0x0000000080004abe (0x00000001) c.nop
core   0: 1 0x0000000080004abe (0x0001)
core   0: 0x0000000080004ac0 (0x1aadf3d3) fdiv.d  ft7, fs11, fa0
core   0: 1 0x0000000080004ac0 (0x1aadf3d3) f7  0x7ff8000000000000
core   0: 0x0000000080004ac4 (0x1a8b7b53) fdiv.d  fs6, fs6, fs0
core   0: 1 0x0000000080004ac4 (0x1a8b7b53) f22 0x7ff8000000000000
core   0: 0x0000000080004ac8 (0x0a3b71d3) fsub.d  ft3, fs6, ft3
core   0: 1 0x0000000080004ac8 (0x0a3b71d3) f3  0x7ff8000000000000
core   0: 0x0000000080004acc (0x1aedf153) fdiv.d  ft2, fs11, fa4
core   0: 1 0x0000000080004acc (0x1aedf153) f2  0x7ff8000000000000
core   0: 0x0000000080004ad0 (0x0264e9bb) remw    s3, s1, t1
core   0: 1 0x0000000080004ad0 (0x0264e9bb) x19 0x0000000000000b7d
core   0: 0x0000000080004ad4 (0x02f09733) mulh    a4, ra, a5
core   0: 1 0x0000000080004ad4 (0x02f09733) x14 0x000000003fffdff5
core   0: 0x0000000080004ad8 (0x222faed3) fsgnjx.d ft9, ft11, ft2
core   0: 1 0x0000000080004ad8 (0x222faed3) f29 0x7ff8000000000000
core   0: 0x0000000080004adc (0x01a0d81b) srliw   a6, ra, 26
core   0: 1 0x0000000080004adc (0x01a0d81b) x16 0x000000000000001f
core   0: 0x0000000080004ae0 (0x02738333) mul     t1, t2, t2
core   0: 1 0x0000000080004ae0 (0x02738333) x6  0x0000000000000000
core   0: 0x0000000080004ae4 (0x00772a33) slt     s4, a4, t2
core   0: 1 0x0000000080004ae4 (0x00772a33) x20 0x0000000000000000
core   0: 0x0000000080004ae8 (0x000c5413) srli    s0, s8, 0
core   0: 1 0x0000000080004ae8 (0x000c5413) x8  0x0000000000000000
core   0: 0x0000000080004aec (0x41c95c1b) sraiw   s8, s2, 28
core   0: 1 0x0000000080004aec (0x41c95c1b) x24 0x0000000000000000
core   0: 0x0000000080004af0 (0x00d89313) slli    t1, a7, 13
core   0: 1 0x0000000080004af0 (0x00d89313) x6  0x0000000000000000
core   0: 0x0000000080004af4 (0x003b03bb) addw    t2, s6, gp
core   0: 1 0x0000000080004af4 (0x003b03bb) x7  0x000000000021d7c5
core   0: 0x0000000080004af8 (0x12407553) fmul.d  fa0, ft0, ft4
core   0: 1 0x0000000080004af8 (0x12407553) f10 0x7ff8000000000000
core   0: 0x0000000080004afc (0x001700bb) addw    ra, a4, ra
core   0: 1 0x0000000080004afc (0x001700bb) x1  0xffffffffbfff9fe1
core   0: 0x0000000080004b00 (0x00000001) c.nop
core   0: 1 0x0000000080004b00 (0x0001)
core   0: 0x0000000080004b02 (0x005d8dbb) addw    s11, s11, t0
core   0: 1 0x0000000080004b02 (0x005d8dbb) x27 0x0000000000000011
core   0: 0x0000000080004b06 (0x008b5893) srli    a7, s6, 8
core   0: 1 0x0000000080004b06 (0x008b5893) x17 0x00000000000021d4
core   0: 0x0000000080004b0a (0x01f4141b) slliw   s0, s0, 31
core   0: 1 0x0000000080004b0a (0x01f4141b) x8  0x0000000000000000
core   0: 0x0000000080004b0e (0x388a7a97) auipc   s5, 0x388a7
core   0: 1 0x0000000080004b0e (0x388a7a97) x21 0x00000000b88abb0e
core   0: 0x0000000080004b12 (0x400ddd9b) sraiw   s11, s11, 0
core   0: 1 0x0000000080004b12 (0x400ddd9b) x27 0x0000000000000011
core   0: 0x0000000080004b16 (0x0052579b) srliw   a5, tp, 5
core   0: 1 0x0000000080004b16 (0x0052579b) x15 0x0000000002a89100
core   0: 0x0000000080004b1a (0x018a1b93) slli    s7, s4, 24
core   0: 1 0x0000000080004b1a (0x018a1b93) x23 0x0000000000000000
core   0: 0x0000000080004b1e (0x003c063b) addw    a2, s8, gp
core   0: 1 0x0000000080004b1e (0x003c063b) x12 0x0000000000000324
core   0: 0x0000000080004b22 (0x4010d0bb) sraw    ra, ra, ra
core   0: 1 0x0000000080004b22 (0x4010d0bb) x1  0xffffffffdfffcff0
core   0: 0x0000000080004b26 (0xc02c7ad3) fcvt.l.s s5, fs8
core   0: 1 0x0000000080004b26 (0xc02c7ad3) c1_fflags 0x0000000000000011 x21 0x7fffffffffffffff
core   0: 0x0000000080004b2a (0x52427dc7) fmsub.d fs11, ft4, ft4, fa0
core   0: 1 0x0000000080004b2a (0x52427dc7) f27 0x7ff8000000000000
core   0: 0x0000000080004b2e (0x0ff0000f) fence   iorw,iorw
core   0: 1 0x0000000080004b2e (0x0ff0000f)
core   0: 0x0000000080004b32 (0x55aac893) xori    a7, s5, 1370
core   0: 1 0x0000000080004b32 (0x55aac893) x17 0x7ffffffffffffaa5
core   0: 0x0000000080004b36 (0xdb69794f) fnmadd.d fs2, fs2, fs6, fs11
core   0: 1 0x0000000080004b36 (0xdb69794f) f18 0x7ff8000000000000
core   0: 0x0000000080004b3a (0x0116e6b3) or      a3, a3, a7
core   0: 1 0x0000000080004b3a (0x0116e6b3) x13 0x7ffffffffffffff5
core   0: 0x0000000080004b3e (0x007683bb) addw    t2, a3, t2
core   0: 1 0x0000000080004b3e (0x007683bb) x7  0x000000000021d7ba
core   0: 0x0000000080004b42 (0x5a007cd3) fsqrt.d fs9, ft0
core   0: 1 0x0000000080004b42 (0x5a007cd3) f25 0x7ff8000000000000
core   0: 0x0000000080004b46 (0x10405573) csrrwi  a0, sie, 0
core   0: 1 0x0000000080004b46 (0x10405573) x10 0x0000000000000000 c772_mie 0x0000000000000a00
core   0: 0x0000000080004b4a (0x40105593) srai    a1, zero, 1
core   0: 1 0x0000000080004b4a (0x40105593) x11 0x0000000000000000
core   0: 0x0000000080004b4e (0x1bbcf5d3) fdiv.d  fa1, fs9, fs11
core   0: 1 0x0000000080004b4e (0x1bbcf5d3) f11 0x7ff8000000000000
core   0: 0x0000000080004b52 (0x01fedd9b) srliw   s11, t4, 31
core   0: 1 0x0000000080004b52 (0x01fedd9b) x27 0x0000000000000000
core   0: 0x0000000080004b56 (0xd23dfcd3) fcvt.d.lu fs9, s11
core   0: 1 0x0000000080004b56 (0xd23dfcd3) f25 0x0000000000000000
core   0: 0x0000000080004b5a (0x02e77cb3) remu    s9, a4, a4
core   0: 1 0x0000000080004b5a (0x02e77cb3) x25 0x0000000000000000
core   0: 0x0000000080004b5e (0x019d5b3b) srlw    s6, s10, s9
core   0: 1 0x0000000080004b5e (0x019d5b3b) x22 0x0000000000000000
core   0: 0x0000000080004b62 (0x0001cc13) xori    s8, gp, 0
core   0: 1 0x0000000080004b62 (0x0001cc13) x24 0x0000000000000324
core   0: 0x0000000080004b66 (0x43fad293) srai    t0, s5, 63
core   0: 1 0x0000000080004b66 (0x43fad293) x5  0x0000000000000000
core   0: 0x0000000080004b6a (0x24138793) addi    a5, t2, 577
core   0: 1 0x0000000080004b6a (0x24138793) x15 0x000000000021d9fb
core   0: 0x0000000080004b6e (0x002c4933) xor     s2, s8, sp
core   0: 1 0x0000000080004b6e (0x002c4933) x18 0xffffffffa07ffb95
core   0: 0x0000000080004b72 (0x000e5e1b) srliw   t3, t3, 0
core   0: 1 0x0000000080004b72 (0x000e5e1b) x28 0x0000000000000000
core   0: 0x0000000080004b76 (0x01f7de9b) srliw   t4, a5, 31
core   0: 1 0x0000000080004b76 (0x01f7de9b) x29 0x0000000000000000
core   0: 0x0000000080004b7a (0x023e6abb) remw    s5, t3, gp
core   0: 1 0x0000000080004b7a (0x023e6abb) x21 0x0000000000000000
core   0: 0x0000000080004b7e (0x409487b3) sub     a5, s1, s1
core   0: 1 0x0000000080004b7e (0x409487b3) x15 0x0000000000000000
core   0: 0x0000000080004b82 (0x00151373) csrrw   t1, fflags, a0
core   0: 1 0x0000000080004b82 (0x00151373) x6  0x0000000000000011 c1_fflags 0x0000000000000000
core   0: 0x0000000080004b86 (0x02435733) divu    a4, t1, tp
core   0: 1 0x0000000080004b86 (0x02435733) x14 0x0000000000000000
core   0: 0x0000000080004b8a (0x03aa5a3b) divuw   s4, s4, s10
core   0: 1 0x0000000080004b8a (0x03aa5a3b) x20 0xffffffffffffffff
core   0: 0x0000000080004b8e (0x22010653) fsgnj.d fa2, ft2, ft0
core   0: 1 0x0000000080004b8e (0x22010653) f12 0x7ff8000000000000
core   0: 0x0000000080004b92 (0x002c1d1b) slliw   s10, s8, 2
core   0: 1 0x0000000080004b92 (0x002c1d1b) x26 0x0000000000000c90
core   0: 0x0000000080004b96 (0x0116003b) addw    zero, a2, a7
core   0: 1 0x0000000080004b96 (0x0116003b)
core   0: 0x0000000080004b9a (0x001d0a9b) addiw   s5, s10, 1
core   0: 1 0x0000000080004b9a (0x001d0a9b) x21 0x0000000000000c91
core   0: 0x0000000080004b9e (0x1b57f1cb) fnmsub.d ft3, fa5, fs5, ft3
core   0: 1 0x0000000080004b9e (0x1b57f1cb) f3  0x7ff8000000000000
core   0: 0x0000000080004ba2 (0x029e893b) mulw    s2, t4, s1
core   0: 1 0x0000000080004ba2 (0x029e893b) x18 0x0000000000000000
core   0: 0x0000000080004ba6 (0xfc65e2b7) lui     t0, 0xfc65e
core   0: 1 0x0000000080004ba6 (0xfc65e2b7) x5  0xfffffffffc65e000
core   0: 0x0000000080004baa (0x0772829b) addiw   t0, t0, 119
core   0: 1 0x0000000080004baa (0x0772829b) x5  0xfffffffffc65e077
core   0: 0x0000000080004bae (0x000002b6) c.slli  t0, 13
core   0: 1 0x0000000080004bae (0x02b6) x5  0xffffff8cbc0ee000
core   0: 0x0000000080004bb0 (0x60628293) addi    t0, t0, 1542
core   0: 1 0x0000000080004bb0 (0x60628293) x5  0xffffff8cbc0ee606
core   0: 0x0000000080004bb4 (0xc23dfed3) fcvt.lu.d t4, fs11
core   0: 1 0x0000000080004bb4 (0xc23dfed3) c1_fflags 0x0000000000000010 x29 0xffffffffffffffff
core   0: 0x0000000080004bb8 (0xf11fddf3) csrrwi  s11, mvendorid, 31
core   0: exception trap_illegal_instruction, epc 0x0000000080004bb8
core   0:           tval 0x00000000f11fddf3
core   0: >>>>  $xrv64i2p1_m2p0_a2p1_f2p2_d2p2_zicsr2p0_zifencei2p0_zmmul1p0_zba1p0_zbb1p0_zbc1p0_zbs1p0
core   0: 0x0000000080004000 (0x0080006f) j       pc + 0x8
core   0: 3 0x0000000080004000 (0x0080006f)
core   0: >>>>  mmode_exception_handler
core   0: 0x0000000080004008 (0x00002c17) auipc   s8, 0x2
core   0: 3 0x0000000080004008 (0x00002c17) x24 0x0000000080006008
core   0: 0x000000008000400c (0xfd4c0c13) addi    s8, s8, -44
core   0: 3 0x000000008000400c (0xfd4c0c13) x24 0x0000000080005fdc
core   0: 0x0000000080004010 (0x000c00e7) jalr    s8
core   0: 3 0x0000000080004010 (0x000c00e7) x1  0x0000000080004014
core   0: >>>>  any_handler
core   0: 0x0000000080005fdc (0x341027f3) csrrs   a5, mepc, zero
core   0: 3 0x0000000080005fdc (0x341027f3) x15 0x0000000080004bb8
core   0: 0x0000000080005fe0 (0x34202773) csrrs   a4, mcause, zero
core   0: 3 0x0000000080005fe0 (0x34202773) x14 0x0000000000000002
core   0: 0x0000000080005fe4 (0x142026f3) csrrs   a3, scause, zero
core   0: 3 0x0000000080005fe4 (0x142026f3) x13 0x0000000000000000
core   0: 0x0000000080005fe8 (0x30402673) csrrs   a2, mie, zero
core   0: 3 0x0000000080005fe8 (0x30402673) x12 0x0000000000000a00
core   0: 0x0000000080005fec (0x344025f3) csrrs   a1, mip, zero
core   0: 3 0x0000000080005fec (0x344025f3) x11 0x0000000000000080
core   0: 0x0000000080005ff0 (0x343025f3) csrrs   a1, mtval, zero
core   0: 3 0x0000000080005ff0 (0x343025f3) x11 0x00000000f11fddf3
core   0: 0x0000000080005ff4 (0x14302573) csrrs   a0, stval, zero
core   0: 3 0x0000000080005ff4 (0x14302573) x10 0x0000000000000000
core   0: 0x0000000080005ff8 (0xb02024f3) csrrs   s1, minstret, zero
core   0: 3 0x0000000080005ff8 (0xb02024f3) x9  0x0000000000000be8
core   0: 0x0000000080005ffc (0x0000a811) c.j     pc + 20
core   0: 3 0x0000000080005ffc (0xa811)
core   0: >>>>  mepc_4
core   0: 0x0000000080006010 (0x00000791) c.addi  a5, 4
core   0: 3 0x0000000080006010 (0x0791) x15 0x0000000080004bbc
core   0: 0x0000000080006012 (0x34179073) csrrw   zero, mepc, a5
core   0: 3 0x0000000080006012 (0x34179073) c833_mepc 0x0000000080004bbc
core   0: 0x0000000080006016 (0x30200073) mret
core   0: 3 0x0000000080006016 (0x30200073) c768_mstatus 0x8000000a00106080
core   0: 0x0000000080004bbc (0x0152511b) srliw   sp, tp, 21
core   0: 1 0x0000000080004bbc (0x0152511b) x2  0x00000000000002a8
core   0: 0x0000000080004bc0 (0x00000001) c.nop
core   0: 1 0x0000000080004bc0 (0x0001)
core   0: 0x0000000080004bc2 (0x004887bb) addw    a5, a7, tp
core   0: 1 0x0000000080004bc2 (0x004887bb) x15 0x0000000055121aa5
core   0: 0x0000000080004bc6 (0x000e1a13) slli    s4, t3, 0
core   0: 1 0x0000000080004bc6 (0x000e1a13) x20 0x0000000000000000
core   0: 0x0000000080004bca (0xc20df1d3) fcvt.w.d gp, fs11
core   0: 1 0x0000000080004bca (0xc20df1d3) c1_fflags 0x0000000000000010 x3  0x000000007fffffff
core   0: 0x0000000080004bce (0x420f0c53) fcvt.d.s fs8, ft10
core   0: 1 0x0000000080004bce (0x420f0c53) f24 0x7ff8000000000000
core   0: 0x0000000080004bd2 (0xb0221173) csrrw   sp, minstret, tp
core   0: exception trap_illegal_instruction, epc 0x0000000080004bd2
core   0:           tval 0x00000000b0221173
core   0: >>>>  $xrv64i2p1_m2p0_a2p1_f2p2_d2p2_zicsr2p0_zifencei2p0_zmmul1p0_zba1p0_zbb1p0_zbc1p0_zbs1p0
core   0: 0x0000000080004000 (0x0080006f) j       pc + 0x8
core   0: 3 0x0000000080004000 (0x0080006f)
core   0: >>>>  mmode_exception_handler
core   0: 0x0000000080004008 (0x00002c17) auipc   s8, 0x2
core   0: 3 0x0000000080004008 (0x00002c17) x24 0x0000000080006008
core   0: 0x000000008000400c (0xfd4c0c13) addi    s8, s8, -44
core   0: 3 0x000000008000400c (0xfd4c0c13) x24 0x0000000080005fdc
core   0: 0x0000000080004010 (0x000c00e7) jalr    s8
core   0: 3 0x0000000080004010 (0x000c00e7) x1  0x0000000080004014
core   0: >>>>  any_handler
core   0: 0x0000000080005fdc (0x341027f3) csrrs   a5, mepc, zero
core   0: 3 0x0000000080005fdc (0x341027f3) x15 0x0000000080004bd2
core   0: 0x0000000080005fe0 (0x34202773) csrrs   a4, mcause, zero
core   0: 3 0x0000000080005fe0 (0x34202773) x14 0x0000000000000002
core   0: 0x0000000080005fe4 (0x142026f3) csrrs   a3, scause, zero
core   0: 3 0x0000000080005fe4 (0x142026f3) x13 0x0000000000000000
core   0: 0x0000000080005fe8 (0x30402673) csrrs   a2, mie, zero
core   0: 3 0x0000000080005fe8 (0x30402673) x12 0x0000000000000a00
core   0: 0x0000000080005fec (0x344025f3) csrrs   a1, mip, zero
core   0: 3 0x0000000080005fec (0x344025f3) x11 0x0000000000000080
core   0: 0x0000000080005ff0 (0x343025f3) csrrs   a1, mtval, zero
core   0: 3 0x0000000080005ff0 (0x343025f3) x11 0x00000000b0221173
core   0: 0x0000000080005ff4 (0x14302573) csrrs   a0, stval, zero
core   0: 3 0x0000000080005ff4 (0x14302573) x10 0x0000000000000000
core   0: 0x0000000080005ff8 (0xb02024f3) csrrs   s1, minstret, zero
core   0: 3 0x0000000080005ff8 (0xb02024f3) x9  0x0000000000000bfe
core   0: 0x0000000080005ffc (0x0000a811) c.j     pc + 20
core   0: 3 0x0000000080005ffc (0xa811)
core   0: >>>>  mepc_4
core   0: 0x0000000080006010 (0x00000791) c.addi  a5, 4
core   0: 3 0x0000000080006010 (0x0791) x15 0x0000000080004bd6
core   0: 0x0000000080006012 (0x34179073) csrrw   zero, mepc, a5
core   0: 3 0x0000000080006012 (0x34179073) c833_mepc 0x0000000080004bd6
core   0: 0x0000000080006016 (0x30200073) mret
core   0: 3 0x0000000080006016 (0x30200073) c768_mstatus 0x8000000a00106080
core   0: 0x0000000080004bd6 (0x5a00f8d3) fsqrt.d fa7, ft1
core   0: 1 0x0000000080004bd6 (0x5a00f8d3) f17 0x7ff8000000000000
core   0: 0x0000000080004bda (0x03dcf333) remu    t1, s9, t4
core   0: 1 0x0000000080004bda (0x03dcf333) x6  0x0000000000000000
core   0: 0x0000000080004bde (0xf2030a53) fmv.d.x fs4, t1
core   0: 1 0x0000000080004bde (0xf2030a53) f20 0x0000000000000000
core   0: 0x0000000080004be2 (0x40155093) srai    ra, a0, 1
core   0: 1 0x0000000080004be2 (0x40155093) x1  0x0000000000000000
core   0: 0x0000000080004be6 (0xb4c8f813) andi    a6, a7, -1204
core   0: 1 0x0000000080004be6 (0xb4c8f813) x16 0x7ffffffffffffa04
core   0: 0x0000000080004bea (0x0318b933) mulhu   s2, a7, a7
core   0: 1 0x0000000080004bea (0x0318b933) x18 0x3ffffffffffffaa5
core   0: 0x0000000080004bee (0x2beb0f53) fmin.d  ft10, fs6, ft10
core   0: 1 0x0000000080004bee (0x2beb0f53) f30 0x7ff8000000000000
core   0: 0x0000000080004bf2 (0xf136a573) csrrs   a0, mimpid, a3
core   0: exception trap_illegal_instruction, epc 0x0000000080004bf2
core   0:           tval 0x00000000f136a573
core   0: >>>>  $xrv64i2p1_m2p0_a2p1_f2p2_d2p2_zicsr2p0_zifencei2p0_zmmul1p0_zba1p0_zbb1p0_zbc1p0_zbs1p0
core   0: 0x0000000080004000 (0x0080006f) j       pc + 0x8
core   0: 3 0x0000000080004000 (0x0080006f)
core   0: >>>>  mmode_exception_handler
core   0: 0x0000000080004008 (0x00002c17) auipc   s8, 0x2
core   0: 3 0x0000000080004008 (0x00002c17) x24 0x0000000080006008
core   0: 0x000000008000400c (0xfd4c0c13) addi    s8, s8, -44
core   0: 3 0x000000008000400c (0xfd4c0c13) x24 0x0000000080005fdc
core   0: 0x0000000080004010 (0x000c00e7) jalr    s8
core   0: 3 0x0000000080004010 (0x000c00e7) x1  0x0000000080004014
core   0: >>>>  any_handler
core   0: 0x0000000080005fdc (0x341027f3) csrrs   a5, mepc, zero
core   0: 3 0x0000000080005fdc (0x341027f3) x15 0x0000000080004bf2
core   0: 0x0000000080005fe0 (0x34202773) csrrs   a4, mcause, zero
core   0: 3 0x0000000080005fe0 (0x34202773) x14 0x0000000000000002
core   0: 0x0000000080005fe4 (0x142026f3) csrrs   a3, scause, zero
core   0: 3 0x0000000080005fe4 (0x142026f3) x13 0x0000000000000000
core   0: 0x0000000080005fe8 (0x30402673) csrrs   a2, mie, zero
core   0: 3 0x0000000080005fe8 (0x30402673) x12 0x0000000000000a00
core   0: 0x0000000080005fec (0x344025f3) csrrs   a1, mip, zero
core   0: 3 0x0000000080005fec (0x344025f3) x11 0x0000000000000080
core   0: 0x0000000080005ff0 (0x343025f3) csrrs   a1, mtval, zero
core   0: 3 0x0000000080005ff0 (0x343025f3) x11 0x00000000f136a573
core   0: 0x0000000080005ff4 (0x14302573) csrrs   a0, stval, zero
core   0: 3 0x0000000080005ff4 (0x14302573) x10 0x0000000000000000
core   0: 0x0000000080005ff8 (0xb02024f3) csrrs   s1, minstret, zero
core   0: 3 0x0000000080005ff8 (0xb02024f3) x9  0x0000000000000c15
core   0: 0x0000000080005ffc (0x0000a811) c.j     pc + 20
core   0: 3 0x0000000080005ffc (0xa811)
core   0: >>>>  mepc_4
core   0: 0x0000000080006010 (0x00000791) c.addi  a5, 4
core   0: 3 0x0000000080006010 (0x0791) x15 0x0000000080004bf6
core   0: 0x0000000080006012 (0x34179073) csrrw   zero, mepc, a5
core   0: 3 0x0000000080006012 (0x34179073) c833_mepc 0x0000000080004bf6
core   0: 0x0000000080006016 (0x30200073) mret
core   0: 3 0x0000000080006016 (0x30200073) c768_mstatus 0x8000000a00106080
core   0: 0x0000000080004bf6 (0x401a7ed3) fcvt.s.d ft9, fs4
core   0: 1 0x0000000080004bf6 (0x401a7ed3) f29 0xffffffff00000000
core   0: 0x0000000080004bfa (0x00000001) c.nop
core   0: 1 0x0000000080004bfa (0x0001)
core   0: 0x0000000080004bfc (0x41248a3b) subw    s4, s1, s2
core   0: 1 0x0000000080004bfc (0x41248a3b) x20 0x0000000000001170
core   0: 0x0000000080004c00 (0xd2198e53) fcvt.d.wu ft8, s3
core   0: 1 0x0000000080004c00 (0xd2198e53) f28 0x40a6fa0000000000
core   0: 0x0000000080004c04 (0x22f907d3) fsgnj.d fa5, fs2, fa5
core   0: 1 0x0000000080004c04 (0x22f907d3) f15 0x7ff8000000000000
core   0: 0x0000000080004c08 (0x001a70b3) and     ra, s4, ra
core   0: 1 0x0000000080004c08 (0x001a70b3) x1  0x0000000000000010
core   0: 0x0000000080004c0c (0x01c3cab3) xor     s5, t2, t3
core   0: 1 0x0000000080004c0c (0x01c3cab3) x21 0x000000000021d7ba
core   0: 0x0000000080004c10 (0x4004d493) srai    s1, s1, 0
core   0: 1 0x0000000080004c10 (0x4004d493) x9  0x0000000000000c15
core   0: 0x0000000080004c14 (0x01d4d013) srli    zero, s1, 29
core   0: 1 0x0000000080004c14 (0x01d4d013)
core   0: 0x0000000080004c18 (0x011894b3) sll     s1, a7, a7
core   0: 1 0x0000000080004c18 (0x011894b3) x9  0xffff54a000000000
core   0: 0x0000000080004c1c (0xe2090853) fmv.x.d a6, fs2
core   0: 1 0x0000000080004c1c (0xe2090853) x16 0x7ff8000000000000
core   0: 0x0000000080004c20 (0x00115993) srli    s3, sp, 1
core   0: 1 0x0000000080004c20 (0x00115993) x19 0x0000000000000154
core   0: 0x0000000080004c24 (0x002513f3) csrrw   t2, frm, a0
core   0: 1 0x0000000080004c24 (0x002513f3) x7  0x0000000000000000 c2_frm 0x0000000000000000
core   0: 0x0000000080004c28 (0x40a1053b) subw    a0, sp, a0
core   0: 1 0x0000000080004c28 (0x40a1053b) x10 0x00000000000002a8
core   0: 0x0000000080004c2c (0x40a085bb) subw    a1, ra, a0
core   0: 1 0x0000000080004c2c (0x40a085bb) x11 0xfffffffffffffd68
core   0: 0x0000000080004c30 (0xc02b7e53) fcvt.l.s t3, fs6
core   0: 1 0x0000000080004c30 (0xc02b7e53) c1_fflags 0x0000000000000010 x28 0x7fffffffffffffff
core   0: 0x0000000080004c34 (0x016e27b3) slt     a5, t3, s6
core   0: 1 0x0000000080004c34 (0x016e27b3) x15 0x0000000000000000
core   0: 0x0000000080004c38 (0xe20002d3) fmv.x.d t0, ft0
core   0: 1 0x0000000080004c38 (0xe20002d3) x5  0x7ff8000000000000
core   0: 0x0000000080004c3c (0x0052c9b3) xor     s3, t0, t0
core   0: 1 0x0000000080004c3c (0x0052c9b3) x19 0x0000000000000000
core   0: 0x0000000080004c40 (0x40e0d733) sra     a4, ra, a4
core   0: 1 0x0000000080004c40 (0x40e0d733) x14 0x0000000000000004
core   0: 0x0000000080004c44 (0x0290483b) divw    a6, zero, s1
core   0: 1 0x0000000080004c44 (0x0290483b) x16 0xffffffffffffffff
core   0: 0x0000000080004c48 (0x41f9dc9b) sraiw   s9, s3, 31
core   0: 1 0x0000000080004c48 (0x41f9dc9b) x25 0x0000000000000000
core   0: 0x0000000080004c4c (0x03cdedbb) remw    s11, s11, t3
core   0: 1 0x0000000080004c4c (0x03cdedbb) x27 0x0000000000000000
core   0: 0x0000000080004c50 (0x03799c93) slli    s9, s3, 55
core   0: 1 0x0000000080004c50 (0x03799c93) x25 0x0000000000000000
core   0: 0x0000000080004c54 (0x0ff0000f) fence   iorw,iorw
core   0: 1 0x0000000080004c54 (0x0ff0000f)
core   0: 0x0000000080004c58 (0x1a80f453) fdiv.d  fs0, ft1, fs0
core   0: 1 0x0000000080004c58 (0x1a80f453) f8  0x7ff8000000000000
core   0: 0x0000000080004c5c (0x03bc0c3b) mulw    s8, s8, s11
core   0: 1 0x0000000080004c5c (0x03bc0c3b) x24 0x0000000000000000
core   0: 0x0000000080004c60 (0x030a5333) divu    t1, s4, a6
core   0: 1 0x0000000080004c60 (0x030a5333) x6  0x0000000000000000
core   0: 0x0000000080004c64 (0x01388dbb) addw    s11, a7, s3
core   0: 1 0x0000000080004c64 (0x01388dbb) x27 0xfffffffffffffaa5
core   0: 0x0000000080004c68 (0x02edec3b) remw    s8, s11, a4
core   0: 1 0x0000000080004c68 (0x02edec3b) x24 0xfffffffffffffffd
core   0: 0x0000000080004c6c (0x418b08b3) sub     a7, s6, s8
core   0: 1 0x0000000080004c6c (0x418b08b3) x17 0x0000000000000003
core   0: 0x0000000080004c70 (0x343c1873) csrrw   a6, mtval, s8
core   0: exception trap_illegal_instruction, epc 0x0000000080004c70
core   0:           tval 0x00000000343c1873
core   0: >>>>  $xrv64i2p1_m2p0_a2p1_f2p2_d2p2_zicsr2p0_zifencei2p0_zmmul1p0_zba1p0_zbb1p0_zbc1p0_zbs1p0
core   0: 0x0000000080004000 (0x0080006f) j       pc + 0x8
core   0: 3 0x0000000080004000 (0x0080006f)
core   0: >>>>  mmode_exception_handler
core   0: 0x0000000080004008 (0x00002c17) auipc   s8, 0x2
core   0: 3 0x0000000080004008 (0x00002c17) x24 0x0000000080006008
core   0: 0x000000008000400c (0xfd4c0c13) addi    s8, s8, -44
core   0: 3 0x000000008000400c (0xfd4c0c13) x24 0x0000000080005fdc
core   0: 0x0000000080004010 (0x000c00e7) jalr    s8
core   0: 3 0x0000000080004010 (0x000c00e7) x1  0x0000000080004014
core   0: >>>>  any_handler
core   0: 0x0000000080005fdc (0x341027f3) csrrs   a5, mepc, zero
core   0: 3 0x0000000080005fdc (0x341027f3) x15 0x0000000080004c70
core   0: 0x0000000080005fe0 (0x34202773) csrrs   a4, mcause, zero
core   0: 3 0x0000000080005fe0 (0x34202773) x14 0x0000000000000002
core   0: 0x0000000080005fe4 (0x142026f3) csrrs   a3, scause, zero
core   0: 3 0x0000000080005fe4 (0x142026f3) x13 0x0000000000000000
core   0: 0x0000000080005fe8 (0x30402673) csrrs   a2, mie, zero
core   0: 3 0x0000000080005fe8 (0x30402673) x12 0x0000000000000a00
core   0: 0x0000000080005fec (0x344025f3) csrrs   a1, mip, zero
core   0: 3 0x0000000080005fec (0x344025f3) x11 0x0000000000000080
core   0: 0x0000000080005ff0 (0x343025f3) csrrs   a1, mtval, zero
core   0: 3 0x0000000080005ff0 (0x343025f3) x11 0x00000000343c1873
core   0: 0x0000000080005ff4 (0x14302573) csrrs   a0, stval, zero
core   0: 3 0x0000000080005ff4 (0x14302573) x10 0x0000000000000000
core   0: 0x0000000080005ff8 (0xb02024f3) csrrs   s1, minstret, zero
core   0: 3 0x0000000080005ff8 (0xb02024f3) x9  0x0000000000000c44
core   0: 0x0000000080005ffc (0x0000a811) c.j     pc + 20
core   0: 3 0x0000000080005ffc (0xa811)
core   0: >>>>  mepc_4
core   0: 0x0000000080006010 (0x00000791) c.addi  a5, 4
core   0: 3 0x0000000080006010 (0x0791) x15 0x0000000080004c74
core   0: 0x0000000080006012 (0x34179073) csrrw   zero, mepc, a5
core   0: 3 0x0000000080006012 (0x34179073) c833_mepc 0x0000000080004c74
core   0: 0x0000000080006016 (0x30200073) mret
core   0: 3 0x0000000080006016 (0x30200073) c768_mstatus 0x8000000a00106080
core   0: 0x0000000080004c74 (0x00044433) xor     s0, s0, zero
core   0: 1 0x0000000080004c74 (0x00044433) x8  0x0000000000000000
core   0: 0x0000000080004c78 (0xd2040dd3) fcvt.d.w fs11, s0
core   0: 1 0x0000000080004c78 (0xd2040dd3) f27 0x0000000000000000
core   0: 0x0000000080004c7c (0x7ffc091b) addiw   s2, s8, 2047
core   0: 1 0x0000000080004c7c (0x7ffc091b) x18 0xffffffff800067db
core   0: 0x0000000080004c80 (0x00341a13) slli    s4, s0, 3
core   0: 1 0x0000000080004c80 (0x00341a13) x20 0x0000000000000000
core   0: 0x0000000080004c84 (0x221f9cd3) fsgnjn.d fs9, ft11, ft1
core   0: 1 0x0000000080004c84 (0x221f9cd3) f25 0xfff8000000000000
core   0: 0x0000000080004c88 (0x026579d3) fadd.d  fs3, fa0, ft6
core   0: 1 0x0000000080004c88 (0x026579d3) f19 0x7ff8000000000000
core   0: 0x0000000080004c8c (0x635b7647) fmsub.d fa2, fs6, fs5, fa2
core   0: 1 0x0000000080004c8c (0x635b7647) f12 0x7ff8000000000000
core   0: 0x0000000080004c90 (0x4134dd1b) sraiw   s10, s1, 19
core   0: 1 0x0000000080004c90 (0x4134dd1b) x26 0x0000000000000000
core   0: 0x0000000080004c94 (0x03f69293) slli    t0, a3, 63
core   0: 1 0x0000000080004c94 (0x03f69293) x5  0x0000000000000000
core   0: 0x0000000080004c98 (0x5a0678d3) fsqrt.d fa7, fa2
core   0: 1 0x0000000080004c98 (0x5a0678d3) f17 0x7ff8000000000000
core   0: 0x0000000080004c9c (0x00102c73) csrrs   s8, fflags, zero
core   0: 1 0x0000000080004c9c (0x00102c73) x24 0x0000000000000010
core   0: 0x0000000080004ca0 (0x0267f233) remu    tp, a5, t1
core   0: 1 0x0000000080004ca0 (0x0267f233) x4  0x0000000080004c74
core   0: 0x0000000080004ca4 (0x00102973) csrrs   s2, fflags, zero
core   0: 1 0x0000000080004ca4 (0x00102973) x18 0x0000000000000010
core   0: 0x0000000080004ca8 (0x2edce993) ori     s3, s9, 749
core   0: 1 0x0000000080004ca8 (0x2edce993) x19 0x00000000000002ed
core   0: 0x0000000080004cac (0x00e1ae33) slt     t3, gp, a4
core   0: 1 0x0000000080004cac (0x00e1ae33) x28 0x0000000000000000
core   0: 0x0000000080004cb0 (0x037d2233) mulhsu  tp, s10, s7
core   0: 1 0x0000000080004cb0 (0x037d2233) x4  0x0000000000000000
core   0: 0x0000000080004cb4 (0x031a8cb3) mul     s9, s5, a7
core   0: 1 0x0000000080004cb4 (0x031a8cb3) x25 0x000000000065872e
core   0: 0x0000000080004cb8 (0xd20e87d3) fcvt.d.w fa5, t4
core   0: 1 0x0000000080004cb8 (0xd20e87d3) f15 0xbff0000000000000
core   0: 0x0000000080004cbc (0x019423b3) slt     t2, s0, s9
core   0: 1 0x0000000080004cbc (0x019423b3) x7  0x0000000000000001
core   0: 0x0000000080004cc0 (0x13167053) fmul.d  ft0, fa2, fa7
core   0: 1 0x0000000080004cc0 (0x13167053) f0  0x7ff8000000000000
core   0: 0x0000000080004cc4 (0x01fcd11b) srliw   sp, s9, 31
core   0: 1 0x0000000080004cc4 (0x01fcd11b) x2  0x0000000000000000
core   0: 0x0000000080004cc8 (0x40ba5d3b) sraw    s10, s4, a1
core   0: 1 0x0000000080004cc8 (0x40ba5d3b) x26 0x0000000000000000
core   0: 0x0000000080004ccc (0x020d74b3) remu    s1, s10, zero
core   0: 1 0x0000000080004ccc (0x020d74b3) x9  0x0000000000000000
core   0: 0x0000000080004cd0 (0x140ff173) csrrci  sp, sscratch, 31
core   0: 1 0x0000000080004cd0 (0x140ff173) x2  0x0000000000000000 c320_sscratch 0x0000000000000000
core   0: 0x0000000080004cd4 (0x00199b9b) slliw   s7, s3, 1
core   0: 1 0x0000000080004cd4 (0x00199b9b) x23 0x00000000000005da
core   0: 0x0000000080004cd8 (0xc225f4d3) fcvt.l.d s1, fa1
core   0: 1 0x0000000080004cd8 (0xc225f4d3) c1_fflags 0x0000000000000010 x9  0x7fffffffffffffff
core   0: 0x0000000080004cdc (0x800e0d93) addi    s11, t3, -2048
core   0: 1 0x0000000080004cdc (0x800e0d93) x27 0xfffffffffffff800
core   0: 0x0000000080004ce0 (0x00000001) c.nop
core   0: 1 0x0000000080004ce0 (0x0001)
core   0: 0x0000000080004ce2 (0xc2227ad3) fcvt.l.d s5, ft4
core   0: 1 0x0000000080004ce2 (0xc2227ad3) c1_fflags 0x0000000000000010 x21 0x7fffffffffffffff
core   0: 0x0000000080004ce6 (0xf20d8a53) fmv.d.x fs4, s11
core   0: 1 0x0000000080004ce6 (0xf20d8a53) f20 0xfffffffffffff800
core   0: 0x0000000080004cea (0x03ddd73b) divuw   a4, s11, t4
core   0: 1 0x0000000080004cea (0x03ddd73b) x14 0x0000000000000000
core   0: 0x0000000080004cee (0xd026fdd3) fcvt.s.l fs11, a3
core   0: 1 0x0000000080004cee (0xd026fdd3) f27 0xffffffff00000000
core   0: 0x0000000080004cf2 (0xc037f6d3) fcvt.lu.s a3, fa5
core   0: 1 0x0000000080004cf2 (0xc037f6d3) c1_fflags 0x0000000000000010 x13 0xffffffffffffffff
core   0: 0x0000000080004cf6 (0x000ef413) andi    s0, t4, 0
core   0: 1 0x0000000080004cf6 (0x000ef413) x8  0x0000000000000000
core   0: 0x0000000080004cfa (0xd02cf553) fcvt.s.l fa0, s9
core   0: 1 0x0000000080004cfa (0xd02cf553) f10 0xffffffff4acb0e5c
core   0: 0x0000000080004cfe (0x0138cab3) xor     s5, a7, s3
core   0: 1 0x0000000080004cfe (0x0138cab3) x21 0x00000000000002ee
core   0: 0x0000000080004d02 (0x03911133) mulh    sp, sp, s9
core   0: 1 0x0000000080004d02 (0x03911133) x2  0x0000000000000000
core   0: 0x0000000080004d06 (0xd20881d3) fcvt.d.w ft3, a7
core   0: 1 0x0000000080004d06 (0xd20881d3) f3  0x4008000000000000
core   0: 0x0000000080004d0a (0xd034fc53) fcvt.s.lu fs8, s1
core   0: 1 0x0000000080004d0a (0xd034fc53) c1_fflags 0x0000000000000011 f24 0xffffffff5f000000
core   0: 0x0000000080004d0e (0x41340433) sub     s0, s0, s3
core   0: 1 0x0000000080004d0e (0x41340433) x8  0xfffffffffffffd13
core   0: 0x0000000080004d12 (0x0007571b) srliw   a4, a4, 0
core   0: 1 0x0000000080004d12 (0x0007571b) x14 0x0000000000000000
core   0: 0x0000000080004d16 (0x00008ebd) c.xor   a3, a5
core   0: 1 0x0000000080004d16 (0x8ebd) x13 0xffffffff7fffb38b
core   0: 0x0000000080004d18 (0x021c093b) mulw    s2, s8, ra
core   0: 1 0x0000000080004d18 (0x021c093b) x18 0x0000000000040140
core   0: 0x0000000080004d1c (0xc23cf9d3) fcvt.lu.d s3, fs9
core   0: 1 0x0000000080004d1c (0xc23cf9d3) c1_fflags 0x0000000000000011 x19 0xffffffffffffffff
core   0: 0x0000000080004d20 (0x01b51533) sll     a0, a0, s11
core   0: 1 0x0000000080004d20 (0x01b51533) x10 0x0000000000000000
core   0: 0x0000000080004d24 (0x01087833) and     a6, a6, a6
core   0: 1 0x0000000080004d24 (0x01087833) x16 0xffffffffffffffff
core   0: 0x0000000080004d28 (0x40e6073b) subw    a4, a2, a4
core   0: 1 0x0000000080004d28 (0x40e6073b) x14 0x0000000000000a00
core   0: 0x0000000080004d2c (0x4189591b) sraiw   s2, s2, 24
core   0: 1 0x0000000080004d2c (0x4189591b) x18 0x0000000000000000
core   0: 0x0000000080004d30 (0x034a7e33) remu    t3, s4, s4
core   0: 1 0x0000000080004d30 (0x034a7e33) x28 0x0000000000000000
core   0: 0x0000000080004d34 (0xa26386d3) fle.d   a3, ft7, ft6
core   0: 1 0x0000000080004d34 (0xa26386d3) c1_fflags 0x0000000000000011 x13 0x0000000000000000
core   0: 0x0000000080004d38 (0x02d00c3b) mulw    s8, zero, a3
core   0: 1 0x0000000080004d38 (0x02d00c3b) x24 0x0000000000000000
core   0: 0x0000000080004d3c (0x000c95bb) sllw    a1, s9, zero
core   0: 1 0x0000000080004d3c (0x000c95bb) x11 0x000000000065872e
core   0: 0x0000000080004d40 (0x0105de13) srli    t3, a1, 16
core   0: 1 0x0000000080004d40 (0x0105de13) x28 0x0000000000000065
core   0: 0x0000000080004d44 (0x018d1d9b) slliw   s11, s10, 24
core   0: 1 0x0000000080004d44 (0x018d1d9b) x27 0x0000000000000000
core   0: 0x0000000080004d48 (0x4019d993) srai    s3, s3, 1
core   0: 1 0x0000000080004d48 (0x4019d993) x19 0xffffffffffffffff
core   0: 0x0000000080004d4c (0x2b860e53) fmin.d  ft8, fa2, fs8
core   0: 1 0x0000000080004d4c (0x2b860e53) f28 0x7ff8000000000000
core   0: 0x0000000080004d50 (0x0014011b) addiw   sp, s0, 1
core   0: 1 0x0000000080004d50 (0x0014011b) x2  0xfffffffffffffd14
core   0: 0x0000000080004d54 (0x00000001) c.nop
core   0: 1 0x0000000080004d54 (0x0001)
core   0: 0x0000000080004d56 (0x0ff0000f) fence   iorw,iorw
core   0: 1 0x0000000080004d56 (0x0ff0000f)
core   0: 0x0000000080004d5a (0x0262f2d3) fadd.d  ft5, ft5, ft6
core   0: 1 0x0000000080004d5a (0x0262f2d3) f5  0x7ff8000000000000
core   0: 0x0000000080004d5e (0x401e7dd3) fcvt.s.d fs11, ft8
core   0: 1 0x0000000080004d5e (0x401e7dd3) f27 0xffffffff7fc00000
core   0: 0x0000000080004d62 (0x02d6a3b3) mulhsu  t2, a3, a3
core   0: 1 0x0000000080004d62 (0x02d6a3b3) x7  0x0000000000000000
core   0: 0x0000000080004d66 (0xc0317a53) fcvt.lu.s s4, ft2
core   0: 1 0x0000000080004d66 (0xc0317a53) c1_fflags 0x0000000000000011 x20 0xffffffffffffffff
core   0: 0x0000000080004d6a (0x4342dd13) srai    s10, t0, 52
core   0: 1 0x0000000080004d6a (0x4342dd13) x26 0x0000000000000000
core   0: 0x0000000080004d6e (0xd0267cd3) fcvt.s.l fs9, a2
core   0: 1 0x0000000080004d6e (0xd0267cd3) f25 0xffffffff45200000
core   0: 0x0000000080004d72 (0x031c62bb) remw    t0, s8, a7
core   0: 1 0x0000000080004d72 (0x031c62bb) x5  0x0000000000000000
core   0: 0x0000000080004d76 (0x0000149a) c.slli  s1, 38
core   0: 1 0x0000000080004d76 (0x149a) x9  0xffffffc000000000
core   0: 0x0000000080004d78 (0xd02d75d3) fcvt.s.l fa1, s10
core   0: 1 0x0000000080004d78 (0xd02d75d3) f11 0xffffffff00000000
core   0: 0x0000000080004d7c (0x0002979b) slliw   a5, t0, 0
core   0: 1 0x0000000080004d7c (0x0002979b) x15 0x0000000000000000
core   0: 0x0000000080004d80 (0x7ff64b13) xori    s6, a2, 2047
core   0: 1 0x0000000080004d80 (0x7ff64b13) x22 0x0000000000000dff
core   0: 0x0000000080004d84 (0x034e46bb) divw    a3, t3, s4
core   0: 1 0x0000000080004d84 (0x034e46bb) x13 0xffffffffffffff9b
core   0: 0x0000000080004d88 (0x0b8cf947) fmsub.d fs2, fs9, fs8, ft1
core   0: 1 0x0000000080004d88 (0x0b8cf947) f18 0x7ff8000000000000
core   0: 0x0000000080004d8c (0x226c11d3) fsgnjn.d ft3, fs8, ft6
core   0: 1 0x0000000080004d8c (0x226c11d3) f3  0x7fffffff5f000000
core   0: 0x0000000080004d90 (0x40f7d7b3) sra     a5, a5, a5
core   0: 1 0x0000000080004d90 (0x40f7d7b3) x15 0x0000000000000000
core   0: 0x0000000080004d94 (0x01464533) xor     a0, a2, s4
core   0: 1 0x0000000080004d94 (0x01464533) x10 0xfffffffffffff5ff
core   0: 0x0000000080004d98 (0xca9f7bc7) fmsub.d fs7, ft10, fs1, fs9
core   0: 1 0x0000000080004d98 (0xca9f7bc7) f23 0x7ff8000000000000
core   0: 0x0000000080004d9c (0x00008a5a) c.mv    s4, s6
core   0: 1 0x0000000080004d9c (0x8a5a) x20 0x0000000000000dff
core   0: 0x0000000080004d9e (0x00aed233) srl     tp, t4, a0
core   0: 1 0x0000000080004d9e (0x00aed233) x4  0x0000000000000001
core   0: 0x0000000080004da2 (0x02c215b3) mulh    a1, tp, a2
core   0: 1 0x0000000080004da2 (0x02c215b3) x11 0x0000000000000000
core   0: 0x0000000080004da6 (0xd035fcd3) fcvt.s.lu fs9, a1
core   0: 1 0x0000000080004da6 (0xd035fcd3) f25 0xffffffff00000000
core   0: 0x0000000080004daa (0x0316f753) fadd.d  fa4, fa3, fa7
core   0: 1 0x0000000080004daa (0x0316f753) f14 0x7ff8000000000000
core   0: 0x0000000080004dae (0x330bcb93) xori    s7, s7, 816
core   0: 1 0x0000000080004dae (0x330bcb93) x23 0x00000000000006ea
core   0: 0x0000000080004db2 (0xc03f7753) fcvt.lu.s a4, ft10
core   0: 1 0x0000000080004db2 (0xc03f7753) c1_fflags 0x0000000000000011 x14 0xffffffffffffffff
core   0: 0x0000000080004db6 (0x4037569b) sraiw   a3, a4, 3
core   0: 1 0x0000000080004db6 (0x4037569b) x13 0xffffffffffffffff
core   0: 0x0000000080004dba (0x0153c8b3) xor     a7, t2, s5
core   0: 1 0x0000000080004dba (0x0153c8b3) x17 0x00000000000002ee
core   0: 0x0000000080004dbe (0x228415d3) fsgnjn.d fa1, fs0, fs0
core   0: 1 0x0000000080004dbe (0x228415d3) f11 0xfff8000000000000
core   0: 0x0000000080004dc2 (0x0ff0000f) fence   iorw,iorw
core   0: 1 0x0000000080004dc2 (0x0ff0000f)
core   0: 0x0000000080004dc6 (0x02e8fcd3) fadd.d  fs9, fa7, fa4
core   0: 1 0x0000000080004dc6 (0x02e8fcd3) f25 0x7ff8000000000000
core   0: 0x0000000080004dca (0x035603b3) mul     t2, a2, s5
core   0: 1 0x0000000080004dca (0x035603b3) x7  0x00000000001d4c00
core   0: 0x0000000080004dce (0xc023f9d3) fcvt.l.s s3, ft7
core   0: 1 0x0000000080004dce (0xc023f9d3) c1_fflags 0x0000000000000011 x19 0x7fffffffffffffff
core   0: 0x0000000080004dd2 (0xf20386d3) fmv.d.x fa3, t2
core   0: 1 0x0000000080004dd2 (0xf20386d3) f13 0x00000000001d4c00
core   0: 0x0000000080004dd6 (0x02ac34b3) mulhu   s1, s8, a0
core   0: 1 0x0000000080004dd6 (0x02ac34b3) x9  0x0000000000000000
core   0: 0x0000000080004dda (0x0ff0000f) fence   iorw,iorw
core   0: 1 0x0000000080004dda (0x0ff0000f)
core   0: 0x0000000080004dde (0x400205bb) subw    a1, tp, zero
core   0: 1 0x0000000080004dde (0x400205bb) x11 0x0000000000000001
core   0: 0x0000000080004de2 (0x40b38b3b) subw    s6, t2, a1
core   0: 1 0x0000000080004de2 (0x40b38b3b) x22 0x00000000001d4bff
core   0: 0x0000000080004de6 (0x02815593) srli    a1, sp, 40
core   0: 1 0x0000000080004de6 (0x02815593) x11 0x0000000000ffffff
core   0: 0x0000000080004dea (0xff157d37) lui     s10, 0xff157
core   0: 1 0x0000000080004dea (0xff157d37) x26 0xffffffffff157000
core   0: 0x0000000080004dee (0xb3fd0d1b) addiw   s10, s10, -1217
core   0: 1 0x0000000080004dee (0xb3fd0d1b) x26 0xffffffffff156b3f
core   0: 0x0000000080004df2 (0x00000d3e) c.slli  s10, 15
core   0: 1 0x0000000080004df2 (0x0d3e) x26 0xffffff8ab59f8000
core   0: 0x0000000080004df4 (0x6c5d0d13) addi    s10, s10, 1733
core   0: 1 0x0000000080004df4 (0x6c5d0d13) x26 0xffffff8ab59f86c5
core   0: 0x0000000080004df8 (0x2b1e93d3) fmax.d  ft7, ft9, fa7
core   0: 1 0x0000000080004df8 (0x2b1e93d3) f7  0x7ff8000000000000
core   0: 0x0000000080004dfc (0xde6e4493) xori    s1, t3, -538
core   0: 1 0x0000000080004dfc (0xde6e4493) x9  0xfffffffffffffd83
core   0: 0x0000000080004e00 (0x006d6633) or      a2, s10, t1
core   0: 1 0x0000000080004e00 (0x006d6633) x12 0xffffff8ab59f86c5
core   0: 0x0000000080004e04 (0x403ada3b) sraw    s4, s5, gp
core   0: 1 0x0000000080004e04 (0x403ada3b) x20 0x0000000000000000
core   0: 0x0000000080004e08 (0x1bccf1d3) fdiv.d  ft3, fs9, ft8
core   0: 1 0x0000000080004e08 (0x1bccf1d3) f3  0x7ff8000000000000
core   0: 0x0000000080004e0c (0x0ff0000f) fence   iorw,iorw
core   0: 1 0x0000000080004e0c (0x0ff0000f)
core   0: 0x0000000080004e10 (0xc20b72d3) fcvt.w.d t0, fs6
core   0: 1 0x0000000080004e10 (0xc20b72d3) c1_fflags 0x0000000000000011 x5  0x000000007fffffff
core   0: 0x0000000080004e14 (0x2328a8d3) fsgnjx.d fa7, fa7, fs2
core   0: 1 0x0000000080004e14 (0x2328a8d3) f17 0x7ff8000000000000
core   0: 0x0000000080004e18 (0x0111e333) or      t1, gp, a7
core   0: 1 0x0000000080004e18 (0x0111e333) x6  0x000000007fffffff
core   0: 0x0000000080004e1c (0x00f6d69b) srliw   a3, a3, 15
core   0: 1 0x0000000080004e1c (0x00f6d69b) x13 0x000000000001ffff
core   0: 0x0000000080004e20 (0xc23d7153) fcvt.lu.d sp, fs10
core   0: 1 0x0000000080004e20 (0xc23d7153) c1_fflags 0x0000000000000011 x2  0x0000000000000000
core   0: 0x0000000080004e24 (0x40de8933) sub     s2, t4, a3
core   0: 1 0x0000000080004e24 (0x40de8933) x18 0xfffffffffffe0000
core   0: 0x0000000080004e28 (0x82497343) fmadd.d ft6, fs2, ft4, fa6
core   0: 1 0x0000000080004e28 (0x82497343) f6  0x7ff8000000000000
core   0: 0x0000000080004e2c (0x2a0402d3) fmin.d  ft5, fs0, ft0
core   0: 1 0x0000000080004e2c (0x2a0402d3) f5  0x7ff8000000000000
core   0: 0x0000000080004e30 (0x6a01c193) xori    gp, gp, 1696
core   0: 1 0x0000000080004e30 (0x6a01c193) x3  0x000000007ffff95f
core   0: 0x0000000080004e34 (0x01cd55bb) srlw    a1, s10, t3
core   0: 1 0x0000000080004e34 (0x01cd55bb) x11 0x0000000005acfc36
core   0: 0x0000000080004e38 (0x765a4713) xori    a4, s4, 1893
core   0: 1 0x0000000080004e38 (0x765a4713) x14 0x0000000000000765
core   0: 0x0000000080004e3c (0x0374fbbb) remuw   s7, s1, s7
core   0: 1 0x0000000080004e3c (0x0374fbbb) x23 0x00000000000005c7
core   0: 0x0000000080004e40 (0x41fbdc1b) sraiw   s8, s7, 31
core   0: 1 0x0000000080004e40 (0x41fbdc1b) x24 0x0000000000000000
core   0: 0x0000000080004e44 (0xf20107d3) fmv.d.x fa5, sp
core   0: 1 0x0000000080004e44 (0xf20107d3) f15 0x0000000000000000
core   0: 0x0000000080004e48 (0x037c32b3) mulhu   t0, s8, s7
core   0: 1 0x0000000080004e48 (0x037c32b3) x5  0x0000000000000000
core   0: 0x0000000080004e4c (0x2f0d7d13) andi    s10, s10, 752
core   0: 1 0x0000000080004e4c (0x2f0d7d13) x26 0x00000000000002c0
core   0: 0x0000000080004e50 (0xc22c7453) fcvt.l.d s0, fs8
core   0: 1 0x0000000080004e50 (0xc22c7453) c1_fflags 0x0000000000000011 x8  0x7fffffffffffffff
core   0: 0x0000000080004e54 (0x03f41793) slli    a5, s0, 63
core   0: 1 0x0000000080004e54 (0x03f41793) x15 0x8000000000000000
core   0: 0x0000000080004e58 (0x028b80bb) mulw    ra, s7, s0
core   0: 1 0x0000000080004e58 (0x028b80bb) x1  0xfffffffffffffa39
core   0: 0x0000000080004e5c (0x4019093b) subw    s2, s2, ra
core   0: 1 0x0000000080004e5c (0x4019093b) x18 0xfffffffffffe05c7
core   0: 0x0000000080004e60 (0x3e6d4117) auipc   sp, 0x3e6d4
core   0: 1 0x0000000080004e60 (0x3e6d4117) x2  0x00000000be6d8e60
core   0: 0x0000000080004e64 (0x03ad4d3b) divw    s10, s10, s10
core   0: 1 0x0000000080004e64 (0x03ad4d3b) x26 0x0000000000000001
core   0: 0x0000000080004e68 (0x93e8d717) auipc   a4, 0x93e8d
core   0: 1 0x0000000080004e68 (0x93e8d717) x14 0x0000000013e91e68
core   0: 0x0000000080004e6c (0x021907b3) mul     a5, s2, ra
core   0: 1 0x0000000080004e6c (0x021907b3) x15 0x000000000b6c9f4f
core   0: 0x0000000080004e70 (0x011b953b) sllw    a0, s7, a7
core   0: 1 0x0000000080004e70 (0x011b953b) x10 0x000000000171c000
core   0: 0x0000000080004e74 (0x0333d1bb) divuw   gp, t2, s3
core   0: 1 0x0000000080004e74 (0x0333d1bb) x3  0x0000000000000000
core   0: 0x0000000080004e78 (0x800d0213) addi    tp, s10, -2048
core   0: 1 0x0000000080004e78 (0x800d0213) x4  0xfffffffffffff801
core   0: 0x0000000080004e7c (0x001982bb) addw    t0, s3, ra
core   0: 1 0x0000000080004e7c (0x001982bb) x5  0xfffffffffffffa38
core   0: 0x0000000080004e80 (0xd0367053) fcvt.s.lu ft0, a2
core   0: 1 0x0000000080004e80 (0xd0367053) c1_fflags 0x0000000000000011 f0  0xffffffff5f800000
core   0: 0x0000000080004e84 (0x9a860513) addi    a0, a2, -1624
core   0: 1 0x0000000080004e84 (0x9a860513) x10 0xffffff8ab59f806d
core   0: 0x0000000080004e88 (0x00a717bb) sllw    a5, a4, a0
core   0: 1 0x0000000080004e88 (0x00a717bb) x15 0x0000000023cd0000
core   0: 0x0000000080004e8c (0xe20188d3) fmv.x.d a7, ft3
core   0: 1 0x0000000080004e8c (0xe20188d3) x17 0x7ff8000000000000
core   0: 0x0000000080004e90 (0x40e3583b) sraw    a6, t1, a4
core   0: 1 0x0000000080004e90 (0x40e3583b) x16 0x00000000007fffff
core   0: 0x0000000080004e94 (0x0311a133) mulhsu  sp, gp, a7
core   0: 1 0x0000000080004e94 (0x0311a133) x2  0x0000000000000000
core   0: 0x0000000080004e98 (0x001193f3) csrrw   t2, fflags, gp
core   0: 1 0x0000000080004e98 (0x001193f3) x7  0x0000000000000011 c1_fflags 0x0000000000000000
core   0: 0x0000000080004e9c (0x01be5e33) srl     t3, t3, s11
core   0: 1 0x0000000080004e9c (0x01be5e33) x28 0x0000000000000065
core   0: 0x0000000080004ea0 (0x02c0b7b3) mulhu   a5, ra, a2
core   0: 1 0x0000000080004ea0 (0x02c0b7b3) x15 0xffffff8ab59f80fe
core   0: 0x0000000080004ea4 (0x03722cb3) mulhsu  s9, tp, s7
core   0: 1 0x0000000080004ea4 (0x03722cb3) x25 0xffffffffffffffff
core   0: 0x0000000080004ea8 (0xc23074d3) fcvt.lu.d s1, ft0
core   0: 1 0x0000000080004ea8 (0xc23074d3) c1_fflags 0x0000000000000010 x9  0xffffffffffffffff
core   0: 0x0000000080004eac (0x03493933) mulhu   s2, s2, s4
core   0: 1 0x0000000080004eac (0x03493933) x18 0x0000000000000000
core   0: 0x0000000080004eb0 (0xa2f789d3) fle.d   s3, fa5, fa5
core   0: 1 0x0000000080004eb0 (0xa2f789d3) x19 0x0000000000000001
core   0: 0x0000000080004eb4 (0xfec50a37) lui     s4, 0xfec50
core   0: 1 0x0000000080004eb4 (0xfec50a37) x20 0xfffffffffec50000
core   0: 0x0000000080004eb8 (0xf4da0a1b) addiw   s4, s4, -179
core   0: 1 0x0000000080004eb8 (0xf4da0a1b) x20 0xfffffffffec4ff4d
core   0: 0x0000000080004ebc (0x00000a32) c.slli  s4, 12
core   0: 1 0x0000000080004ebc (0x0a32) x20 0xffffffec4ff4d000
core   0: 0x0000000080004ebe (0x59ea0a13) addi    s4, s4, 1438
core   0: 1 0x0000000080004ebe (0x59ea0a13) x20 0xffffffec4ff4d59e
core   0: 0x0000000080004ec2 (0x2a9018d3) fmax.d  fa7, ft0, fs1
core   0: 1 0x0000000080004ec2 (0x2a9018d3) f17 0x7ff8000000000000
core   0: 0x0000000080004ec6 (0xd23dfb53) fcvt.d.lu fs6, s11
core   0: 1 0x0000000080004ec6 (0xd23dfb53) f22 0x0000000000000000
core   0: 0x0000000080004eca (0x02899433) mulh    s0, s3, s0
core   0: 1 0x0000000080004eca (0x02899433) x8  0x0000000000000000
core   0: 0x0000000080004ece (0x68a00e37) lui     t3, 0x68a00
core   0: 1 0x0000000080004ece (0x68a00e37) x28 0x0000000068a00000
core   0: 0x0000000080004ed2 (0x40098133) sub     sp, s3, zero
core   0: 1 0x0000000080004ed2 (0x40098133) x2  0x0000000000000001
core   0: 0x0000000080004ed6 (0x232f7f4b) fnmsub.d ft10, ft10, fs2, ft4
core   0: 1 0x0000000080004ed6 (0x232f7f4b) f30 0x7ff8000000000000
core   0: 0x0000000080004eda (0x0217b0b3) mulhu   ra, a5, ra
core   0: 1 0x0000000080004eda (0x0217b0b3) x1  0xffffff8ab59f7b37
core   0: 0x0000000080004ede (0x00000485) c.addi  s1, 1
core   0: 1 0x0000000080004ede (0x0485) x9  0x0000000000000000
core   0: 0x0000000080004ee0 (0x5a0df453) fsqrt.d fs0, fs11
core   0: 1 0x0000000080004ee0 (0x5a0df453) f8  0x7ff8000000000000
core   0: 0x0000000080004ee4 (0xf2008c53) fmv.d.x fs8, ra
core   0: 1 0x0000000080004ee4 (0xf2008c53) f24 0xffffff8ab59f7b37
core   0: 0x0000000080004ee8 (0x40c65abb) sraw    s5, a2, a2
core   0: 1 0x0000000080004ee8 (0x40c65abb) x21 0xfffffffffdacfc36
core   0: 0x0000000080004eec (0x00dadd33) srl     s10, s5, a3
core   0: 1 0x0000000080004eec (0x00dadd33) x26 0x0000000000000001
core   0: 0x0000000080004ef0 (0x01d9513b) srlw    sp, s2, t4
core   0: 1 0x0000000080004ef0 (0x01d9513b) x2  0x0000000000000000
core   0: 0x0000000080004ef4 (0xd237fed3) fcvt.d.lu ft9, a5
core   0: 1 0x0000000080004ef4 (0xd237fed3) c1_fflags 0x0000000000000011 f29 0x43effffff156b3f0
core   0: 0x0000000080004ef8 (0xa2478d53) fle.d   s10, fa5, ft4
core   0: 1 0x0000000080004ef8 (0xa2478d53) c1_fflags 0x0000000000000011 x26 0x0000000000000000
core   0: 0x0000000080004efc (0xc024f353) fcvt.l.s t1, fs1
core   0: 1 0x0000000080004efc (0xc024f353) c1_fflags 0x0000000000000011 x6  0x7fffffffffffffff
core   0: 0x0000000080004f00 (0x2b7f784f) fnmadd.d fa6, ft10, fs7, ft5
core   0: 1 0x0000000080004f00 (0x2b7f784f) f16 0x7ff8000000000000
core   0: 0x0000000080004f04 (0xe2050953) fmv.x.d s2, fa0
core   0: 1 0x0000000080004f04 (0xe2050953) x18 0xffffffff4acb0e5c
core   0: 0x0000000080004f08 (0xd2188dd3) fcvt.d.wu fs11, a7
core   0: 1 0x0000000080004f08 (0xd2188dd3) f27 0x0000000000000000
core   0: 0x0000000080004f0c (0x03207c3b) remuw   s8, zero, s2
core   0: 1 0x0000000080004f0c (0x03207c3b) x24 0x0000000000000000
core   0: 0x0000000080004f10 (0x6d9c031b) addiw   t1, s8, 1753
core   0: 1 0x0000000080004f10 (0x6d9c031b) x6  0x00000000000006d9
core   0: 0x0000000080004f14 (0xc2397253) fcvt.lu.d tp, fs2
core   0: 1 0x0000000080004f14 (0xc2397253) c1_fflags 0x0000000000000011 x4  0xffffffffffffffff
core   0: 0x0000000080004f18 (0x02c7c7bb) divw    a5, a5, a2
core   0: 1 0x0000000080004f18 (0x02c7c7bb) x15 0x0000000000000001
core   0: 0x0000000080004f1c (0x002793f3) csrrw   t2, frm, a5
core   0: 1 0x0000000080004f1c (0x002793f3) x7  0x0000000000000000 c2_frm 0x0000000000000001
core   0: 0x0000000080004f20 (0x004522b3) slt     t0, a0, tp
core   0: 1 0x0000000080004f20 (0x004522b3) x5  0x0000000000000001
core   0: 0x0000000080004f24 (0x0bc871d3) fsub.d  ft3, fa6, ft8
core   0: 1 0x0000000080004f24 (0x0bc871d3) f3  0x7ff8000000000000
core   0: 0x0000000080004f28 (0x02e2e0b3) rem     ra, t0, a4
core   0: 1 0x0000000080004f28 (0x02e2e0b3) x1  0x0000000000000001
core   0: 0x0000000080004f2c (0xd222fa53) fcvt.d.l fs4, t0
core   0: 1 0x0000000080004f2c (0xd222fa53) f20 0x3ff0000000000000
core   0: 0x0000000080004f30 (0x0051511b) srliw   sp, sp, 5
core   0: 1 0x0000000080004f30 (0x0051511b) x2  0x0000000000000000
core   0: 0x0000000080004f34 (0x002aa7b3) slt     a5, s5, sp
core   0: 1 0x0000000080004f34 (0x002aa7b3) x15 0x0000000000000001
core   0: 0x0000000080004f38 (0x00000001) c.nop
core   0: 1 0x0000000080004f38 (0x0001)
core   0: 0x0000000080004f3a (0x02e35613) srli    a2, t1, 46
core   0: 1 0x0000000080004f3a (0x02e35613) x12 0x0000000000000000
core   0: 0x0000000080004f3e (0x0352423b) divw    tp, tp, s5
core   0: 1 0x0000000080004f3e (0x0352423b) x4  0x0000000000000000
core   0: 0x0000000080004f42 (0x01a75293) srli    t0, a4, 26
core   0: 1 0x0000000080004f42 (0x01a75293) x5  0x0000000000000004
core   0: 0x0000000080004f46 (0x00202273) csrrs   tp, frm, zero
core   0: 1 0x0000000080004f46 (0x00202273) x4  0x0000000000000001
core   0: 0x0000000080004f4a (0xd0377a53) fcvt.s.lu fs4, a4
core   0: 1 0x0000000080004f4a (0xd0377a53) c1_fflags 0x0000000000000011 f20 0xffffffff4d9f48f3
core   0: 0x0000000080004f4e (0xa38700d3) fle.d   ra, fa4, fs8
core   0: 1 0x0000000080004f4e (0xa38700d3) c1_fflags 0x0000000000000011 x1  0x0000000000000000
core   0: 0x0000000080004f52 (0x420a0ad3) fcvt.d.s fs5, fs4
core   0: 1 0x0000000080004f52 (0x420a0ad3) f21 0x41b3e91e60000000
core   0: 0x0000000080004f56 (0x02b7b5b3) mulhu   a1, a5, a1
core   0: 1 0x0000000080004f56 (0x02b7b5b3) x11 0x0000000000000000
core   0: 0x0000000080004f5a (0x0065c333) xor     t1, a1, t1
core   0: 1 0x0000000080004f5a (0x0065c333) x6  0x00000000000006d9
core   0: 0x0000000080004f5e (0x011824b3) slt     s1, a6, a7
core   0: 1 0x0000000080004f5e (0x011824b3) x9  0x0000000000000001
core   0: 0x0000000080004f62 (0xc2177953) fcvt.wu.d s2, fa4
core   0: 1 0x0000000080004f62 (0xc2177953) c1_fflags 0x0000000000000011 x18 0xffffffffffffffff
core   0: 0x0000000080004f66 (0xa344f847) fmsub.d fa6, fs1, fs4, fs4
core   0: 1 0x0000000080004f66 (0xa344f847) f16 0x7ff8000000000000
core   0: 0x0000000080004f6a (0x01d0debb) srlw    t4, ra, t4
core   0: 1 0x0000000080004f6a (0x01d0debb) x29 0x0000000000000000
core   0: 0x0000000080004f6e (0x13ad76d3) fmul.d  fa3, fs10, fs10
core   0: 1 0x0000000080004f6e (0x13ad76d3) c1_fflags 0x0000000000000011 f13 0x43cfffdff6080500
core   0: 0x0000000080004f72 (0x011adbb3) srl     s7, s5, a7
core   0: 1 0x0000000080004f72 (0x011adbb3) x23 0xfffffffffdacfc36
core   0: 0x0000000080004f76 (0x008b5b33) srl     s6, s6, s0
core   0: 1 0x0000000080004f76 (0x008b5b33) x22 0x00000000001d4bff
core   0: 0x0000000080004f7a (0x00008d45) c.or    a0, s1
core   0: 1 0x0000000080004f7a (0x8d45) x10 0xffffff8ab59f806d
core   0: 0x0000000080004f7c (0x2af91c53) fmax.d  fs8, fs2, fa5
core   0: 1 0x0000000080004f7c (0x2af91c53) f24 0x0000000000000000
core   0: 0x0000000080004f80 (0x0350bc33) mulhu   s8, ra, s5
core   0: 1 0x0000000080004f80 (0x0350bc33) x24 0x0000000000000000
core   0: 0x0000000080004f84 (0x22a207d3) fsgnj.d fa5, ft4, fa0
core   0: 1 0x0000000080004f84 (0x22a207d3) f15 0xfff8000000000000
core   0: 0x0000000080004f88 (0x41b4043b) subw    s0, s0, s11
core   0: 1 0x0000000080004f88 (0x41b4043b) x8  0x0000000000000000
core   0: 0x0000000080004f8c (0x0326513b) divuw   sp, a2, s2
core   0: 1 0x0000000080004f8c (0x0326513b) x2  0x0000000000000000
core   0: 0x0000000080004f90 (0x028a52bb) divuw   t0, s4, s0
core   0: 1 0x0000000080004f90 (0x028a52bb) x5  0xffffffffffffffff
core   0: 0x0000000080004f94 (0x9dc16b13) ori     s6, sp, -1572
core   0: 1 0x0000000080004f94 (0x9dc16b13) x22 0xfffffffffffff9dc
core   0: 0x0000000080004f98 (0xfff28d1b) addiw   s10, t0, -1
core   0: 1 0x0000000080004f98 (0xfff28d1b) x26 0xfffffffffffffffe
core   0: 0x0000000080004f9c (0x02c8d093) srli    ra, a7, 44
core   0: 1 0x0000000080004f9c (0x02c8d093) x1  0x000000000007ff80
core   0: 0x0000000080004fa0 (0x03145c33) divu    s8, s0, a7
core   0: 1 0x0000000080004fa0 (0x03145c33) x24 0x0000000000000000
core   0: 0x0000000080004fa4 (0x038c7653) fadd.d  fa2, fs8, fs8
core   0: 1 0x0000000080004fa4 (0x038c7653) f12 0x0000000000000000
core   0: 0x0000000080004fa8 (0x22892c53) fsgnjx.d fs8, fs2, fs0
core   0: 1 0x0000000080004fa8 (0x22892c53) f24 0x7ff8000000000000
core   0: 0x0000000080004fac (0x00289073) csrrw   zero, frm, a7
core   0: 1 0x0000000080004fac (0x00289073) c2_frm 0x0000000000000000
core   0: 0x0000000080004fb0 (0x03becdbb) divw    s11, t4, s11
core   0: 1 0x0000000080004fb0 (0x03becdbb) x27 0xffffffffffffffff
core   0: 0x0000000080004fb4 (0x414a5733) sra     a4, s4, s4
core   0: 1 0x0000000080004fb4 (0x414a5733) x14 0xffffffffffffffb1
core   0: 0x0000000080004fb8 (0x03bd2d33) mulhsu  s10, s10, s11
core   0: 1 0x0000000080004fb8 (0x03bd2d33) x26 0xfffffffffffffffe
core   0: 0x0000000080004fbc (0xd03df853) fcvt.s.lu fa6, s11
core   0: 1 0x0000000080004fbc (0xd03df853) c1_fflags 0x0000000000000011 f16 0xffffffff5f800000
core   0: 0x0000000080004fc0 (0x2be81f53) fmax.d  ft10, fa6, ft10
core   0: 1 0x0000000080004fc0 (0x2be81f53) f30 0x7ff8000000000000
core   0: 0x0000000080004fc4 (0x0109d09b) srliw   ra, s3, 16
core   0: 1 0x0000000080004fc4 (0x0109d09b) x1  0x0000000000000000
core   0: 0x0000000080004fc8 (0xc21efcd3) fcvt.wu.d s9, ft9
core   0: 1 0x0000000080004fc8 (0xc21efcd3) c1_fflags 0x0000000000000011 x25 0xffffffffffffffff
core   0: 0x0000000080004fcc (0x0bd7fed3) fsub.d  ft9, fa5, ft9
core   0: 1 0x0000000080004fcc (0x0bd7fed3) f29 0x7ff8000000000000
core   0: 0x0000000080004fd0 (0x0223c433) div     s0, t2, sp
core   0: 1 0x0000000080004fd0 (0x0223c433) x8  0xffffffffffffffff
core   0: 0x0000000080004fd4 (0x03c8083b) mulw    a6, a6, t3
core   0: 1 0x0000000080004fd4 (0x03c8083b) x16 0xffffffff97600000
core   0: 0x0000000080004fd8 (0x001a959b) slliw   a1, s5, 1
core   0: 1 0x0000000080004fd8 (0x001a959b) x11 0xfffffffffb59f86c
core   0: 0x0000000080004fdc (0xc20f75d3) fcvt.w.d a1, ft10
core   0: 1 0x0000000080004fdc (0xc20f75d3) c1_fflags 0x0000000000000011 x11 0x000000007fffffff
core   0: 0x0000000080004fe0 (0x401ef653) fcvt.s.d fa2, ft9
core   0: 1 0x0000000080004fe0 (0x401ef653) f12 0xffffffff7fc00000
core   0: 0x0000000080004fe4 (0xf2078b53) fmv.d.x fs6, a5
core   0: 1 0x0000000080004fe4 (0xf2078b53) f22 0x0000000000000001
core   0: 0x0000000080004fe8 (0x22391753) fsgnjn.d fa4, fs2, ft3
core   0: 1 0x0000000080004fe8 (0x22391753) f14 0xfff8000000000000
core   0: 0x0000000080004fec (0x01c354bb) srlw    s1, t1, t3
core   0: 1 0x0000000080004fec (0x01c354bb) x9  0x00000000000006d9
core   0: 0x0000000080004ff0 (0x143ca2f3) csrrs   t0, stval, s9
core   0: 1 0x0000000080004ff0 (0x143ca2f3) x5  0x0000000000000000 c323_stval 0xffffffffffffffff
core   0: 0x0000000080004ff4 (0x1b1dff53) fdiv.d  ft10, fs11, fa7
core   0: 1 0x0000000080004ff4 (0x1b1dff53) f30 0x7ff8000000000000
core   0: 0x0000000080004ff8 (0x8002ee93) ori     t4, t0, -2048
core   0: 1 0x0000000080004ff8 (0x8002ee93) x29 0xfffffffffffff800
core   0: 0x0000000080004ffc (0x0057c2b3) xor     t0, a5, t0
core   0: 1 0x0000000080004ffc (0x0057c2b3) x5  0x0000000000000001
core   0: 0x0000000080005000 (0x2a181753) fmax.d  fa4, fa6, ft1
core   0: 1 0x0000000080005000 (0x2a181753) f14 0x7ff8000000000000
core   0: 0x0000000080005004 (0x12a476d3) fmul.d  fa3, fs0, fa0
core   0: 1 0x0000000080005004 (0x12a476d3) f13 0x7ff8000000000000
core   0: 0x0000000080005008 (0x0081e6b3) or      a3, gp, s0
core   0: 1 0x0000000080005008 (0x0081e6b3) x13 0xffffffffffffffff
core   0: 0x000000008000500c (0xd0347953) fcvt.s.lu fs2, s0
core   0: 1 0x000000008000500c (0xd0347953) c1_fflags 0x0000000000000011 f18 0xffffffff5f800000
core   0: 0x0000000080005010 (0xd2168253) fcvt.d.wu ft4, a3
core   0: 1 0x0000000080005010 (0xd2168253) f4  0x41efffffffe00000
core   0: 0x0000000080005014 (0x002098f3) csrrw   a7, frm, ra
core   0: 1 0x0000000080005014 (0x002098f3) x17 0x0000000000000000 c2_frm 0x0000000000000000
core   0: 0x0000000080005018 (0x00e6c7b3) xor     a5, a3, a4
core   0: 1 0x0000000080005018 (0x00e6c7b3) x15 0x000000000000004e
core   0: 0x000000008000501c (0xfeb07db7) lui     s11, 0xfeb07
core   0: 1 0x000000008000501c (0xfeb07db7) x27 0xfffffffffeb07000
core   0: 0x0000000080005020 (0x03495713) srli    a4, s2, 52
core   0: 1 0x0000000080005020 (0x03495713) x14 0x0000000000000fff
core   0: 0x0000000080005024 (0x01c722b3) slt     t0, a4, t3
core   0: 1 0x0000000080005024 (0x01c722b3) x5  0x0000000000000001
core   0: 0x0000000080005028 (0x00d4c433) xor     s0, s1, a3
core   0: 1 0x0000000080005028 (0x00d4c433) x8  0xfffffffffffff926
core   0: 0x000000008000502c (0xfff96d13) ori     s10, s2, -1
core   0: 1 0x000000008000502c (0xfff96d13) x26 0xffffffffffffffff
core   0: 0x0000000080005030 (0x408486bb) subw    a3, s1, s0
core   0: 1 0x0000000080005030 (0x408486bb) x13 0x0000000000000db3
core   0: 0x0000000080005034 (0x5a00f153) fsqrt.d ft2, ft1
core   0: 1 0x0000000080005034 (0x5a00f153) f2  0x7ff8000000000000
core   0: 0x0000000080005038 (0x00000001) c.nop
core   0: 1 0x0000000080005038 (0x0001)
core   0: 0x000000008000503a (0x4255dd13) srai    s10, a1, 37
core   0: 1 0x000000008000503a (0x4255dd13) x26 0x0000000000000000
core   0: 0x000000008000503e (0x004af3b3) and     t2, s5, tp
core   0: 1 0x000000008000503e (0x004af3b3) x7  0x0000000000000000
core   0: 0x0000000080005042 (0xf2080353) fmv.d.x ft6, a6
core   0: 1 0x0000000080005042 (0xf2080353) f6  0xffffffff97600000
core   0: 0x0000000080005046 (0x0077e7b3) or      a5, a5, t2
core   0: 1 0x0000000080005046 (0x0077e7b3) x15 0x000000000000004e
core   0: 0x000000008000504a (0x00015113) srli    sp, sp, 0
core   0: 1 0x000000008000504a (0x00015113) x2  0x0000000000000000
core   0: 0x000000008000504e (0x01701233) sll     tp, zero, s7
core   0: 1 0x000000008000504e (0x01701233) x4  0x0000000000000000
core   0: 0x0000000080005052 (0x02497c33) remu    s8, s2, tp
core   0: 1 0x0000000080005052 (0x02497c33) x24 0xffffffffffffffff
core   0: 0x0000000080005056 (0x4014f6d3) fcvt.s.d fa3, fs1
core   0: 1 0x0000000080005056 (0x4014f6d3) f13 0xffffffff7fc00000
core   0: 0x000000008000505a (0x00000001) c.nop
core   0: 1 0x000000008000505a (0x0001)
core   0: 0x000000008000505c (0x02ddd93b) divuw   s2, s11, a3
core   0: 1 0x000000008000505c (0x02ddd93b) x18 0x000000000012976d
core   0: 0x0000000080005060 (0xd22dfcd3) fcvt.d.l fs9, s11
core   0: 1 0x0000000080005060 (0xd22dfcd3) f25 0xc174f90000000000
core   0: 0x0000000080005064 (0x401d509b) sraiw   ra, s10, 1
core   0: 1 0x0000000080005064 (0x401d509b) x1  0x0000000000000000
core   0: 0x0000000080005068 (0x4110da33) sra     s4, ra, a7
core   0: 1 0x0000000080005068 (0x4110da33) x20 0x0000000000000000
core   0: 0x000000008000506c (0x4032dab3) sra     s5, t0, gp
core   0: 1 0x000000008000506c (0x4032dab3) x21 0x0000000000000001
core   0: 0x0000000080005070 (0xc994ebb7) lui     s7, 0xc994e
core   0: 1 0x0000000080005070 (0xc994ebb7) x23 0xffffffffc994e000
core   0: 0x0000000080005074 (0x03365693) srli    a3, a2, 51
core   0: 1 0x0000000080005074 (0x03365693) x13 0x0000000000000000
core   0: 0x0000000080005078 (0x4002d593) srai    a1, t0, 0
core   0: 1 0x0000000080005078 (0x4002d593) x11 0x0000000000000001
core   0: 0x000000008000507c (0x01261d3b) sllw    s10, a2, s2
core   0: 1 0x000000008000507c (0x01261d3b) x26 0x0000000000000000
core   0: 0x0000000080005080 (0x414a5a3b) sraw    s4, s4, s4
core   0: 1 0x0000000080005080 (0x414a5a3b) x20 0x0000000000000000
core   0: 0x0000000080005084 (0x7ffb4a93) xori    s5, s6, 2047
core   0: 1 0x0000000080005084 (0x7ffb4a93) x21 0xfffffffffffffe23
core   0: 0x0000000080005088 (0x5a0cf7d3) fsqrt.d fa5, fs9
core   0: 1 0x0000000080005088 (0x5a0cf7d3) c1_fflags 0x0000000000000011 f15 0x7ff8000000000000
core   0: 0x000000008000508c (0x000a9993) slli    s3, s5, 0
core   0: 1 0x000000008000508c (0x000a9993) x19 0xfffffffffffffe23
core   0: 0x0000000080005090 (0x420706d3) fcvt.d.s fa3, fa4
core   0: 1 0x0000000080005090 (0x420706d3) f13 0x7ff8000000000000
core   0: 0x0000000080005094 (0x1afa7a53) fdiv.d  fs4, fs4, fa5
core   0: 1 0x0000000080005094 (0x1afa7a53) f20 0x7ff8000000000000
core   0: 0x0000000080005098 (0x1307f453) fmul.d  fs0, fa5, fa6
core   0: 1 0x0000000080005098 (0x1307f453) f8  0x7ff8000000000000
core   0: 0x000000008000509c (0x02acd533) divu    a0, s9, a0
core   0: 1 0x000000008000509c (0x02acd533) x10 0x0000000000000001
core   0: 0x00000000800050a0 (0x02347fd3) fadd.d  ft11, fs0, ft3
core   0: 1 0x00000000800050a0 (0x02347fd3) f31 0x7ff8000000000000
core   0: 0x00000000800050a4 (0x22618353) fsgnj.d ft6, ft3, ft6
core   0: 1 0x00000000800050a4 (0x22618353) f6  0xfff8000000000000
core   0: 0x00000000800050a8 (0x03f91813) slli    a6, s2, 63
core   0: 1 0x00000000800050a8 (0x03f91813) x16 0x8000000000000000
core   0: 0x00000000800050ac (0x4010d193) srai    gp, ra, 1
core   0: 1 0x00000000800050ac (0x4010d193) x3  0x0000000000000000
core   0: 0x00000000800050b0 (0x03b73733) mulhu   a4, a4, s11
core   0: 1 0x00000000800050b0 (0x03b73733) x14 0x0000000000000ffe
core   0: 0x00000000800050b4 (0x00fd81b7) lui     gp, 0xfd8
core   0: 1 0x00000000800050b4 (0x00fd81b7) x3  0x0000000000fd8000
core   0: 0x00000000800050b8 (0x4c91819b) addiw   gp, gp, 1225
core   0: 1 0x00000000800050b8 (0x4c91819b) x3  0x0000000000fd84c9
core   0: 0x00000000800050bc (0x000001be) c.slli  gp, 15
core   0: 1 0x00000000800050bc (0x01be) x3  0x0000007ec2648000
core   0: 0x00000000800050be (0x96518193) addi    gp, gp, -1691
core   0: 1 0x00000000800050be (0x96518193) x3  0x0000007ec2647965
core   0: 0x00000000800050c2 (0x40ca06b3) sub     a3, s4, a2
core   0: 1 0x00000000800050c2 (0x40ca06b3) x13 0x0000000000000000
core   0: 0x00000000800050c6 (0x01c722b3) slt     t0, a4, t3
core   0: 1 0x00000000800050c6 (0x01c722b3) x5  0x0000000000000001
core   0: 0x00000000800050ca (0x13cc7e53) fmul.d  ft8, fs8, ft8
core   0: 1 0x00000000800050ca (0x13cc7e53) f28 0x7ff8000000000000
core   0: 0x00000000800050ce (0x00000001) c.nop
core   0: 1 0x00000000800050ce (0x0001)
core   0: 0x00000000800050d0 (0x83f7764f) fnmadd.d fa2, fa4, ft11, fa6
core   0: 1 0x00000000800050d0 (0x83f7764f) f12 0x7ff8000000000000
core   0: 0x00000000800050d4 (0x404c59bb) sraw    s3, s8, tp
core   0: 1 0x00000000800050d4 (0x404c59bb) x19 0xffffffffffffffff
core   0: 0x00000000800050d8 (0x00299573) csrrw   a0, frm, s3
core   0: 1 0x00000000800050d8 (0x00299573) x10 0x0000000000000000 c2_frm 0x0000000000000007
core   0: 0x00000000800050dc (0x401352b3) sra     t0, t1, ra
core   0: 1 0x00000000800050dc (0x401352b3) x5  0x00000000000006d9
core   0: 0x00000000800050e0 (0xd239f853) fcvt.d.lu fa6, s3
core   0: exception trap_illegal_instruction, epc 0x00000000800050e0
core   0:           tval 0x00000000d239f853
core   0: >>>>  $xrv64i2p1_m2p0_a2p1_f2p2_d2p2_zicsr2p0_zifencei2p0_zmmul1p0_zba1p0_zbb1p0_zbc1p0_zbs1p0
core   0: 0x0000000080004000 (0x0080006f) j       pc + 0x8
core   0: 3 0x0000000080004000 (0x0080006f)
core   0: >>>>  mmode_exception_handler
core   0: 0x0000000080004008 (0x00002c17) auipc   s8, 0x2
core   0: 3 0x0000000080004008 (0x00002c17) x24 0x0000000080006008
core   0: 0x000000008000400c (0xfd4c0c13) addi    s8, s8, -44
core   0: 3 0x000000008000400c (0xfd4c0c13) x24 0x0000000080005fdc
core   0: 0x0000000080004010 (0x000c00e7) jalr    s8
core   0: 3 0x0000000080004010 (0x000c00e7) x1  0x0000000080004014
core   0: >>>>  any_handler
core   0: 0x0000000080005fdc (0x341027f3) csrrs   a5, mepc, zero
core   0: 3 0x0000000080005fdc (0x341027f3) x15 0x00000000800050e0
core   0: 0x0000000080005fe0 (0x34202773) csrrs   a4, mcause, zero
core   0: 3 0x0000000080005fe0 (0x34202773) x14 0x0000000000000002
core   0: 0x0000000080005fe4 (0x142026f3) csrrs   a3, scause, zero
core   0: 3 0x0000000080005fe4 (0x142026f3) x13 0x0000000000000000
core   0: 0x0000000080005fe8 (0x30402673) csrrs   a2, mie, zero
core   0: 3 0x0000000080005fe8 (0x30402673) x12 0x0000000000000a00
core   0: 0x0000000080005fec (0x344025f3) csrrs   a1, mip, zero
core   0: 3 0x0000000080005fec (0x344025f3) x11 0x0000000000000080
core   0: 0x0000000080005ff0 (0x343025f3) csrrs   a1, mtval, zero
core   0: 3 0x0000000080005ff0 (0x343025f3) x11 0x00000000d239f853
core   0: 0x0000000080005ff4 (0x14302573) csrrs   a0, stval, zero
core   0: 3 0x0000000080005ff4 (0x14302573) x10 0xffffffffffffffff
core   0: 0x0000000080005ff8 (0xb02024f3) csrrs   s1, minstret, zero
core   0: 3 0x0000000080005ff8 (0xb02024f3) x9  0x0000000000000d76
core   0: 0x0000000080005ffc (0x0000a811) c.j     pc + 20
core   0: 3 0x0000000080005ffc (0xa811)
core   0: >>>>  mepc_4
core   0: 0x0000000080006010 (0x00000791) c.addi  a5, 4
core   0: 3 0x0000000080006010 (0x0791) x15 0x00000000800050e4
core   0: 0x0000000080006012 (0x34179073) csrrw   zero, mepc, a5
core   0: 3 0x0000000080006012 (0x34179073) c833_mepc 0x00000000800050e4
core   0: 0x0000000080006016 (0x30200073) mret
core   0: 3 0x0000000080006016 (0x30200073) c768_mstatus 0x8000000a00106080
core   0: 0x00000000800050e4 (0x0154cab3) xor     s5, s1, s5
core   0: 1 0x00000000800050e4 (0x0154cab3) x21 0xfffffffffffff355
core   0: 0x00000000800050e8 (0x417b80bb) subw    ra, s7, s7
core   0: 1 0x00000000800050e8 (0x417b80bb) x1  0x0000000000000000
core   0: 0x00000000800050ec (0x41f3599b) sraiw   s3, t1, 31
core   0: 1 0x00000000800050ec (0x41f3599b) x19 0x0000000000000000
core   0: 0x00000000800050f0 (0x03d767b3) rem     a5, a4, t4
core   0: 1 0x00000000800050f0 (0x03d767b3) x15 0x0000000000000002
core   0: 0x00000000800050f4 (0x02f2b933) mulhu   s2, t0, a5
core   0: 1 0x00000000800050f4 (0x02f2b933) x18 0x0000000000000000
core   0: 0x00000000800050f8 (0x02e7ea33) rem     s4, a5, a4
core   0: 1 0x00000000800050f8 (0x02e7ea33) x20 0x0000000000000000
core   0: 0x00000000800050fc (0x003dc833) xor     a6, s11, gp
core   0: 1 0x00000000800050fc (0x003dc833) x16 0xffffff813cd40965
core   0: 0x0000000080005100 (0xf20a02d3) fmv.d.x ft5, s4
core   0: 1 0x0000000080005100 (0xf20a02d3) f5  0x0000000000000000
core   0: 0x0000000080005104 (0x056a0193) addi    gp, s4, 86
core   0: 1 0x0000000080005104 (0x056a0193) x3  0x0000000000000056
core   0: 0x0000000080005108 (0x01d571b3) and     gp, a0, t4
core   0: 1 0x0000000080005108 (0x01d571b3) x3  0xfffffffffffff800
core   0: 0x000000008000510c (0x22d584d3) fsgnj.d fs1, fa1, fa3
core   0: 1 0x000000008000510c (0x22d584d3) f9  0x7ff8000000000000
core   0: 0x0000000080005110 (0x0b93fcd3) fsub.d  fs9, ft7, fs9
core   0: exception trap_illegal_instruction, epc 0x0000000080005110
core   0:           tval 0x000000000b93fcd3
core   0: >>>>  $xrv64i2p1_m2p0_a2p1_f2p2_d2p2_zicsr2p0_zifencei2p0_zmmul1p0_zba1p0_zbb1p0_zbc1p0_zbs1p0
core   0: 0x0000000080004000 (0x0080006f) j       pc + 0x8
core   0: 3 0x0000000080004000 (0x0080006f)
core   0: >>>>  mmode_exception_handler
core   0: 0x0000000080004008 (0x00002c17) auipc   s8, 0x2
core   0: 3 0x0000000080004008 (0x00002c17) x24 0x0000000080006008
core   0: 0x000000008000400c (0xfd4c0c13) addi    s8, s8, -44
core   0: 3 0x000000008000400c (0xfd4c0c13) x24 0x0000000080005fdc
core   0: 0x0000000080004010 (0x000c00e7) jalr    s8
core   0: 3 0x0000000080004010 (0x000c00e7) x1  0x0000000080004014
core   0: >>>>  any_handler
core   0: 0x0000000080005fdc (0x341027f3) csrrs   a5, mepc, zero
core   0: 3 0x0000000080005fdc (0x341027f3) x15 0x0000000080005110
core   0: 0x0000000080005fe0 (0x34202773) csrrs   a4, mcause, zero
core   0: 3 0x0000000080005fe0 (0x34202773) x14 0x0000000000000002
core   0: 0x0000000080005fe4 (0x142026f3) csrrs   a3, scause, zero
core   0: 3 0x0000000080005fe4 (0x142026f3) x13 0x0000000000000000
core   0: 0x0000000080005fe8 (0x30402673) csrrs   a2, mie, zero
core   0: 3 0x0000000080005fe8 (0x30402673) x12 0x0000000000000a00
core   0: 0x0000000080005fec (0x344025f3) csrrs   a1, mip, zero
core   0: 3 0x0000000080005fec (0x344025f3) x11 0x0000000000000080
core   0: 0x0000000080005ff0 (0x343025f3) csrrs   a1, mtval, zero
core   0: 3 0x0000000080005ff0 (0x343025f3) x11 0x000000000b93fcd3
core   0: 0x0000000080005ff4 (0x14302573) csrrs   a0, stval, zero
core   0: 3 0x0000000080005ff4 (0x14302573) x10 0xffffffffffffffff
core   0: 0x0000000080005ff8 (0xb02024f3) csrrs   s1, minstret, zero
core   0: 3 0x0000000080005ff8 (0xb02024f3) x9  0x0000000000000d91
core   0: 0x0000000080005ffc (0x0000a811) c.j     pc + 20
core   0: 3 0x0000000080005ffc (0xa811)
core   0: >>>>  mepc_4
core   0: 0x0000000080006010 (0x00000791) c.addi  a5, 4
core   0: 3 0x0000000080006010 (0x0791) x15 0x0000000080005114
core   0: 0x0000000080006012 (0x34179073) csrrw   zero, mepc, a5
core   0: 3 0x0000000080006012 (0x34179073) c833_mepc 0x0000000080005114
core   0: 0x0000000080006016 (0x30200073) mret
core   0: 3 0x0000000080006016 (0x30200073) c768_mstatus 0x8000000a00106080
core   0: 0x0000000080005114 (0x0b5cfe53) fsub.d  ft8, fs9, fs5
core   0: exception trap_illegal_instruction, epc 0x0000000080005114
core   0:           tval 0x000000000b5cfe53
core   0: >>>>  $xrv64i2p1_m2p0_a2p1_f2p2_d2p2_zicsr2p0_zifencei2p0_zmmul1p0_zba1p0_zbb1p0_zbc1p0_zbs1p0
core   0: 0x0000000080004000 (0x0080006f) j       pc + 0x8
core   0: 3 0x0000000080004000 (0x0080006f)
core   0: >>>>  mmode_exception_handler
core   0: 0x0000000080004008 (0x00002c17) auipc   s8, 0x2
core   0: 3 0x0000000080004008 (0x00002c17) x24 0x0000000080006008
core   0: 0x000000008000400c (0xfd4c0c13) addi    s8, s8, -44
core   0: 3 0x000000008000400c (0xfd4c0c13) x24 0x0000000080005fdc
core   0: 0x0000000080004010 (0x000c00e7) jalr    s8
core   0: 3 0x0000000080004010 (0x000c00e7) x1  0x0000000080004014
core   0: >>>>  any_handler
core   0: 0x0000000080005fdc (0x341027f3) csrrs   a5, mepc, zero
core   0: 3 0x0000000080005fdc (0x341027f3) x15 0x0000000080005114
core   0: 0x0000000080005fe0 (0x34202773) csrrs   a4, mcause, zero
core   0: 3 0x0000000080005fe0 (0x34202773) x14 0x0000000000000002
core   0: 0x0000000080005fe4 (0x142026f3) csrrs   a3, scause, zero
core   0: 3 0x0000000080005fe4 (0x142026f3) x13 0x0000000000000000
core   0: 0x0000000080005fe8 (0x30402673) csrrs   a2, mie, zero
core   0: 3 0x0000000080005fe8 (0x30402673) x12 0x0000000000000a00
core   0: 0x0000000080005fec (0x344025f3) csrrs   a1, mip, zero
core   0: 3 0x0000000080005fec (0x344025f3) x11 0x0000000000000080
core   0: 0x0000000080005ff0 (0x343025f3) csrrs   a1, mtval, zero
core   0: 3 0x0000000080005ff0 (0x343025f3) x11 0x000000000b5cfe53
core   0: 0x0000000080005ff4 (0x14302573) csrrs   a0, stval, zero
core   0: 3 0x0000000080005ff4 (0x14302573) x10 0xffffffffffffffff
core   0: 0x0000000080005ff8 (0xb02024f3) csrrs   s1, minstret, zero
core   0: 3 0x0000000080005ff8 (0xb02024f3) x9  0x0000000000000da1
core   0: 0x0000000080005ffc (0x0000a811) c.j     pc + 20
core   0: 3 0x0000000080005ffc (0xa811)
core   0: >>>>  mepc_4
core   0: 0x0000000080006010 (0x00000791) c.addi  a5, 4
core   0: 3 0x0000000080006010 (0x0791) x15 0x0000000080005118
core   0: 0x0000000080006012 (0x34179073) csrrw   zero, mepc, a5
core   0: 3 0x0000000080006012 (0x34179073) c833_mepc 0x0000000080005118
core   0: 0x0000000080006016 (0x30200073) mret
core   0: 3 0x0000000080006016 (0x30200073) c768_mstatus 0x8000000a00106080
core   0: 0x0000000080005118 (0x022afc33) remu    s8, s5, sp
core   0: 1 0x0000000080005118 (0x022afc33) x24 0xfffffffffffff355
core   0: 0x000000008000511c (0xd2010353) fcvt.d.w ft6, sp
core   0: 1 0x000000008000511c (0xd2010353) f6  0x0000000000000000
core   0: 0x0000000080005120 (0xfbf37dc7) fmsub.d fs11, ft6, ft11, ft11
core   0: exception trap_illegal_instruction, epc 0x0000000080005120
core   0:           tval 0x00000000fbf37dc7
core   0: >>>>  $xrv64i2p1_m2p0_a2p1_f2p2_d2p2_zicsr2p0_zifencei2p0_zmmul1p0_zba1p0_zbb1p0_zbc1p0_zbs1p0
core   0: 0x0000000080004000 (0x0080006f) j       pc + 0x8
core   0: 3 0x0000000080004000 (0x0080006f)
core   0: >>>>  mmode_exception_handler
core   0: 0x0000000080004008 (0x00002c17) auipc   s8, 0x2
core   0: 3 0x0000000080004008 (0x00002c17) x24 0x0000000080006008
core   0: 0x000000008000400c (0xfd4c0c13) addi    s8, s8, -44
core   0: 3 0x000000008000400c (0xfd4c0c13) x24 0x0000000080005fdc
core   0: 0x0000000080004010 (0x000c00e7) jalr    s8
core   0: 3 0x0000000080004010 (0x000c00e7) x1  0x0000000080004014
core   0: >>>>  any_handler
core   0: 0x0000000080005fdc (0x341027f3) csrrs   a5, mepc, zero
core   0: 3 0x0000000080005fdc (0x341027f3) x15 0x0000000080005120
core   0: 0x0000000080005fe0 (0x34202773) csrrs   a4, mcause, zero
core   0: 3 0x0000000080005fe0 (0x34202773) x14 0x0000000000000002
core   0: 0x0000000080005fe4 (0x142026f3) csrrs   a3, scause, zero
core   0: 3 0x0000000080005fe4 (0x142026f3) x13 0x0000000000000000
core   0: 0x0000000080005fe8 (0x30402673) csrrs   a2, mie, zero
core   0: 3 0x0000000080005fe8 (0x30402673) x12 0x0000000000000a00
core   0: 0x0000000080005fec (0x344025f3) csrrs   a1, mip, zero
core   0: 3 0x0000000080005fec (0x344025f3) x11 0x0000000000000080
core   0: 0x0000000080005ff0 (0x343025f3) csrrs   a1, mtval, zero
core   0: 3 0x0000000080005ff0 (0x343025f3) x11 0x00000000fbf37dc7
core   0: 0x0000000080005ff4 (0x14302573) csrrs   a0, stval, zero
core   0: 3 0x0000000080005ff4 (0x14302573) x10 0xffffffffffffffff
core   0: 0x0000000080005ff8 (0xb02024f3) csrrs   s1, minstret, zero
core   0: 3 0x0000000080005ff8 (0xb02024f3) x9  0x0000000000000db3
core   0: 0x0000000080005ffc (0x0000a811) c.j     pc + 20
core   0: 3 0x0000000080005ffc (0xa811)
core   0: >>>>  mepc_4
core   0: 0x0000000080006010 (0x00000791) c.addi  a5, 4
core   0: 3 0x0000000080006010 (0x0791) x15 0x0000000080005124
core   0: 0x0000000080006012 (0x34179073) csrrw   zero, mepc, a5
core   0: 3 0x0000000080006012 (0x34179073) c833_mepc 0x0000000080005124
core   0: 0x0000000080006016 (0x30200073) mret
core   0: 3 0x0000000080006016 (0x30200073) c768_mstatus 0x8000000a00106080
core   0: 0x0000000080005124 (0x02c125b3) mulhsu  a1, sp, a2
core   0: 1 0x0000000080005124 (0x02c125b3) x11 0x0000000000000000
core   0: 0x0000000080005128 (0xd2060853) fcvt.d.w fa6, a2
core   0: 1 0x0000000080005128 (0xd2060853) f16 0x40a4000000000000
core   0: 0x000000008000512c (0x037d2a33) mulhsu  s4, s10, s7
core   0: 1 0x000000008000512c (0x037d2a33) x20 0x0000000000000000
core   0: 0x0000000080005130 (0x41cdd093) srai    ra, s11, 28
core   0: 1 0x0000000080005130 (0x41cdd093) x1  0xffffffffffffffff
core   0: 0x0000000080005134 (0x003dda93) srli    s5, s11, 3
core   0: 1 0x0000000080005134 (0x003dda93) x21 0x1fffffffffd60e00
core   0: 0x0000000080005138 (0x00e181bb) addw    gp, gp, a4
core   0: 1 0x0000000080005138 (0x00e181bb) x3  0xfffffffffffff802
core   0: 0x000000008000513c (0x4037063b) subw    a2, a4, gp
core   0: 1 0x000000008000513c (0x4037063b) x12 0x0000000000000800
core   0: 0x0000000080005140 (0x00000001) c.nop
core   0: 1 0x0000000080005140 (0x0001)
core   0: 0x0000000080005142 (0xc0517df3) csrrci  s11, hpmcounter5, 2
core   0: exception trap_illegal_instruction, epc 0x0000000080005142
core   0:           tval 0x00000000c0517df3
core   0: >>>>  $xrv64i2p1_m2p0_a2p1_f2p2_d2p2_zicsr2p0_zifencei2p0_zmmul1p0_zba1p0_zbb1p0_zbc1p0_zbs1p0
core   0: 0x0000000080004000 (0x0080006f) j       pc + 0x8
core   0: 3 0x0000000080004000 (0x0080006f)
core   0: >>>>  mmode_exception_handler
core   0: 0x0000000080004008 (0x00002c17) auipc   s8, 0x2
core   0: 3 0x0000000080004008 (0x00002c17) x24 0x0000000080006008
core   0: 0x000000008000400c (0xfd4c0c13) addi    s8, s8, -44
core   0: 3 0x000000008000400c (0xfd4c0c13) x24 0x0000000080005fdc
core   0: 0x0000000080004010 (0x000c00e7) jalr    s8
core   0: 3 0x0000000080004010 (0x000c00e7) x1  0x0000000080004014
core   0: >>>>  any_handler
core   0: 0x0000000080005fdc (0x341027f3) csrrs   a5, mepc, zero
core   0: 3 0x0000000080005fdc (0x341027f3) x15 0x0000000080005142
core   0: 0x0000000080005fe0 (0x34202773) csrrs   a4, mcause, zero
core   0: 3 0x0000000080005fe0 (0x34202773) x14 0x0000000000000002
core   0: 0x0000000080005fe4 (0x142026f3) csrrs   a3, scause, zero
core   0: 3 0x0000000080005fe4 (0x142026f3) x13 0x0000000000000000
core   0: 0x0000000080005fe8 (0x30402673) csrrs   a2, mie, zero
core   0: 3 0x0000000080005fe8 (0x30402673) x12 0x0000000000000a00
core   0: 0x0000000080005fec (0x344025f3) csrrs   a1, mip, zero
core   0: 3 0x0000000080005fec (0x344025f3) x11 0x0000000000000080
core   0: 0x0000000080005ff0 (0x343025f3) csrrs   a1, mtval, zero
core   0: 3 0x0000000080005ff0 (0x343025f3) x11 0x00000000c0517df3
core   0: 0x0000000080005ff4 (0x14302573) csrrs   a0, stval, zero
core   0: 3 0x0000000080005ff4 (0x14302573) x10 0xffffffffffffffff
core   0: 0x0000000080005ff8 (0xb02024f3) csrrs   s1, minstret, zero
core   0: 3 0x0000000080005ff8 (0xb02024f3) x9  0x0000000000000dcb
core   0: 0x0000000080005ffc (0x0000a811) c.j     pc + 20
core   0: 3 0x0000000080005ffc (0xa811)
core   0: >>>>  mepc_4
core   0: 0x0000000080006010 (0x00000791) c.addi  a5, 4
core   0: 3 0x0000000080006010 (0x0791) x15 0x0000000080005146
core   0: 0x0000000080006012 (0x34179073) csrrw   zero, mepc, a5
core   0: 3 0x0000000080006012 (0x34179073) c833_mepc 0x0000000080005146
core   0: 0x0000000080006016 (0x30200073) mret
core   0: 3 0x0000000080006016 (0x30200073) c768_mstatus 0x8000000a00106080
core   0: 0x0000000080005146 (0x4100d893) srai    a7, ra, 16
core   0: 1 0x0000000080005146 (0x4100d893) x17 0x0000000000008000
core   0: 0x000000008000514a (0x41b7883b) subw    a6, a5, s11
core   0: 1 0x000000008000514a (0x41b7883b) x16 0xffffffff814fe146
core   0: 0x000000008000514e (0x414a5a3b) sraw    s4, s4, s4
core   0: 1 0x000000008000514e (0x414a5a3b) x20 0x0000000000000000
core   0: 0x0000000080005152 (0xd2090453) fcvt.d.w fs0, s2
core   0: 1 0x0000000080005152 (0xd2090453) f8  0x0000000000000000
core   0: 0x0000000080005156 (0x00000001) c.nop
core   0: 1 0x0000000080005156 (0x0001)
core   0: 0x0000000080005158 (0x0146531b) srliw   t1, a2, 20
core   0: 1 0x0000000080005158 (0x0146531b) x6  0x0000000000000000
core   0: 0x000000008000515c (0x012859bb) srlw    s3, a6, s2
core   0: 1 0x000000008000515c (0x012859bb) x19 0xffffffff814fe146
core   0: 0x0000000080005160 (0x0124d31b) srliw   t1, s1, 18
core   0: 1 0x0000000080005160 (0x0124d31b) x6  0x0000000000000000
core   0: 0x0000000080005164 (0xd0257153) fcvt.s.l ft2, a0
core   0: exception trap_illegal_instruction, epc 0x0000000080005164
core   0:           tval 0x00000000d0257153
core   0: >>>>  $xrv64i2p1_m2p0_a2p1_f2p2_d2p2_zicsr2p0_zifencei2p0_zmmul1p0_zba1p0_zbb1p0_zbc1p0_zbs1p0
core   0: 0x0000000080004000 (0x0080006f) j       pc + 0x8
core   0: 3 0x0000000080004000 (0x0080006f)
core   0: >>>>  mmode_exception_handler
core   0: 0x0000000080004008 (0x00002c17) auipc   s8, 0x2
core   0: 3 0x0000000080004008 (0x00002c17) x24 0x0000000080006008
core   0: 0x000000008000400c (0xfd4c0c13) addi    s8, s8, -44
core   0: 3 0x000000008000400c (0xfd4c0c13) x24 0x0000000080005fdc
core   0: 0x0000000080004010 (0x000c00e7) jalr    s8
core   0: 3 0x0000000080004010 (0x000c00e7) x1  0x0000000080004014
core   0: >>>>  any_handler
core   0: 0x0000000080005fdc (0x341027f3) csrrs   a5, mepc, zero
core   0: 3 0x0000000080005fdc (0x341027f3) x15 0x0000000080005164
core   0: 0x0000000080005fe0 (0x34202773) csrrs   a4, mcause, zero
core   0: 3 0x0000000080005fe0 (0x34202773) x14 0x0000000000000002
core   0: 0x0000000080005fe4 (0x142026f3) csrrs   a3, scause, zero
core   0: 3 0x0000000080005fe4 (0x142026f3) x13 0x0000000000000000
core   0: 0x0000000080005fe8 (0x30402673) csrrs   a2, mie, zero
core   0: 3 0x0000000080005fe8 (0x30402673) x12 0x0000000000000a00
core   0: 0x0000000080005fec (0x344025f3) csrrs   a1, mip, zero
core   0: 3 0x0000000080005fec (0x344025f3) x11 0x0000000000000080
core   0: 0x0000000080005ff0 (0x343025f3) csrrs   a1, mtval, zero
core   0: 3 0x0000000080005ff0 (0x343025f3) x11 0x00000000d0257153
core   0: 0x0000000080005ff4 (0x14302573) csrrs   a0, stval, zero
core   0: 3 0x0000000080005ff4 (0x14302573) x10 0xffffffffffffffff
core   0: 0x0000000080005ff8 (0xb02024f3) csrrs   s1, minstret, zero
core   0: 3 0x0000000080005ff8 (0xb02024f3) x9  0x0000000000000de3
core   0: 0x0000000080005ffc (0x0000a811) c.j     pc + 20
core   0: 3 0x0000000080005ffc (0xa811)
core   0: >>>>  mepc_4
core   0: 0x0000000080006010 (0x00000791) c.addi  a5, 4
core   0: 3 0x0000000080006010 (0x0791) x15 0x0000000080005168
core   0: 0x0000000080006012 (0x34179073) csrrw   zero, mepc, a5
core   0: 3 0x0000000080006012 (0x34179073) c833_mepc 0x0000000080005168
core   0: 0x0000000080006016 (0x30200073) mret
core   0: 3 0x0000000080006016 (0x30200073) c768_mstatus 0x8000000a00106080
core   0: 0x0000000080005168 (0x0ff0000f) fence   iorw,iorw
core   0: 1 0x0000000080005168 (0x0ff0000f)
core   0: 0x000000008000516c (0x74b40493) addi    s1, s0, 1867
core   0: 1 0x000000008000516c (0x74b40493) x9  0x0000000000000071
core   0: 0x0000000080005170 (0xc216f1d3) fcvt.wu.d gp, fa3
core   0: exception trap_illegal_instruction, epc 0x0000000080005170
core   0:           tval 0x00000000c216f1d3
core   0: >>>>  $xrv64i2p1_m2p0_a2p1_f2p2_d2p2_zicsr2p0_zifencei2p0_zmmul1p0_zba1p0_zbb1p0_zbc1p0_zbs1p0
core   0: 0x0000000080004000 (0x0080006f) j       pc + 0x8
core   0: 3 0x0000000080004000 (0x0080006f)
core   0: >>>>  mmode_exception_handler
core   0: 0x0000000080004008 (0x00002c17) auipc   s8, 0x2
core   0: 3 0x0000000080004008 (0x00002c17) x24 0x0000000080006008
core   0: 0x000000008000400c (0xfd4c0c13) addi    s8, s8, -44
core   0: 3 0x000000008000400c (0xfd4c0c13) x24 0x0000000080005fdc
core   0: 0x0000000080004010 (0x000c00e7) jalr    s8
core   0: 3 0x0000000080004010 (0x000c00e7) x1  0x0000000080004014
core   0: >>>>  any_handler
core   0: 0x0000000080005fdc (0x341027f3) csrrs   a5, mepc, zero
core   0: 3 0x0000000080005fdc (0x341027f3) x15 0x0000000080005170
core   0: 0x0000000080005fe0 (0x34202773) csrrs   a4, mcause, zero
core   0: 3 0x0000000080005fe0 (0x34202773) x14 0x0000000000000002
core   0: 0x0000000080005fe4 (0x142026f3) csrrs   a3, scause, zero
core   0: 3 0x0000000080005fe4 (0x142026f3) x13 0x0000000000000000
core   0: 0x0000000080005fe8 (0x30402673) csrrs   a2, mie, zero
core   0: 3 0x0000000080005fe8 (0x30402673) x12 0x0000000000000a00
core   0: 0x0000000080005fec (0x344025f3) csrrs   a1, mip, zero
core   0: 3 0x0000000080005fec (0x344025f3) x11 0x0000000000000080
core   0: 0x0000000080005ff0 (0x343025f3) csrrs   a1, mtval, zero
core   0: 3 0x0000000080005ff0 (0x343025f3) x11 0x00000000c216f1d3
core   0: 0x0000000080005ff4 (0x14302573) csrrs   a0, stval, zero
core   0: 3 0x0000000080005ff4 (0x14302573) x10 0xffffffffffffffff
core   0: 0x0000000080005ff8 (0xb02024f3) csrrs   s1, minstret, zero
core   0: 3 0x0000000080005ff8 (0xb02024f3) x9  0x0000000000000df5
core   0: 0x0000000080005ffc (0x0000a811) c.j     pc + 20
core   0: 3 0x0000000080005ffc (0xa811)
core   0: >>>>  mepc_4
core   0: 0x0000000080006010 (0x00000791) c.addi  a5, 4
core   0: 3 0x0000000080006010 (0x0791) x15 0x0000000080005174
core   0: 0x0000000080006012 (0x34179073) csrrw   zero, mepc, a5
core   0: 3 0x0000000080006012 (0x34179073) c833_mepc 0x0000000080005174
core   0: 0x0000000080006016 (0x30200073) mret
core   0: 3 0x0000000080006016 (0x30200073) c768_mstatus 0x8000000a00106080
core   0: 0x0000000080005174 (0x2b5a9453) fmax.d  fs0, fs5, fs5
core   0: 1 0x0000000080005174 (0x2b5a9453) f8  0x41b3e91e60000000
core   0: 0x0000000080005178 (0xd2100353) fcvt.d.wu ft6, zero
core   0: 1 0x0000000080005178 (0xd2100353) f6  0x0000000000000000
core   0: 0x000000008000517c (0x024203b3) mul     t2, tp, tp
core   0: 1 0x000000008000517c (0x024203b3) x7  0x0000000000000000
core   0: 0x0000000080005180 (0x021e60bb) remw    ra, t3, ra
core   0: 1 0x0000000080005180 (0x021e60bb) x1  0x0000000068a00000
core   0: 0x0000000080005184 (0x016b16bb) sllw    a3, s6, s6
core   0: 1 0x0000000080005184 (0x016b16bb) x13 0xffffffffc0000000
core   0: 0x0000000080005188 (0x03711a13) slli    s4, sp, 55
core   0: 1 0x0000000080005188 (0x03711a13) x20 0x0000000000000000
core   0: 0x000000008000518c (0xbfcbca93) xori    s5, s7, -1028
core   0: 1 0x000000008000518c (0xbfcbca93) x21 0x00000000366b1bfc
core   0: 0x0000000080005190 (0xc04062f3) csrrsi  t0, hpmcounter4, 0
core   0: exception trap_illegal_instruction, epc 0x0000000080005190
core   0:           tval 0x00000000c04062f3
core   0: >>>>  $xrv64i2p1_m2p0_a2p1_f2p2_d2p2_zicsr2p0_zifencei2p0_zmmul1p0_zba1p0_zbb1p0_zbc1p0_zbs1p0
core   0: 0x0000000080004000 (0x0080006f) j       pc + 0x8
core   0: 3 0x0000000080004000 (0x0080006f)
core   0: >>>>  mmode_exception_handler
core   0: 0x0000000080004008 (0x00002c17) auipc   s8, 0x2
core   0: 3 0x0000000080004008 (0x00002c17) x24 0x0000000080006008
core   0: 0x000000008000400c (0xfd4c0c13) addi    s8, s8, -44
core   0: 3 0x000000008000400c (0xfd4c0c13) x24 0x0000000080005fdc
core   0: 0x0000000080004010 (0x000c00e7) jalr    s8
core   0: 3 0x0000000080004010 (0x000c00e7) x1  0x0000000080004014
core   0: >>>>  any_handler
core   0: 0x0000000080005fdc (0x341027f3) csrrs   a5, mepc, zero
core   0: 3 0x0000000080005fdc (0x341027f3) x15 0x0000000080005190
core   0: 0x0000000080005fe0 (0x34202773) csrrs   a4, mcause, zero
core   0: 3 0x0000000080005fe0 (0x34202773) x14 0x0000000000000002
core   0: 0x0000000080005fe4 (0x142026f3) csrrs   a3, scause, zero
core   0: 3 0x0000000080005fe4 (0x142026f3) x13 0x0000000000000000
core   0: 0x0000000080005fe8 (0x30402673) csrrs   a2, mie, zero
core   0: 3 0x0000000080005fe8 (0x30402673) x12 0x0000000000000a00
core   0: 0x0000000080005fec (0x344025f3) csrrs   a1, mip, zero
core   0: 3 0x0000000080005fec (0x344025f3) x11 0x0000000000000080
core   0: 0x0000000080005ff0 (0x343025f3) csrrs   a1, mtval, zero
core   0: 3 0x0000000080005ff0 (0x343025f3) x11 0x00000000c04062f3
core   0: 0x0000000080005ff4 (0x14302573) csrrs   a0, stval, zero
core   0: 3 0x0000000080005ff4 (0x14302573) x10 0xffffffffffffffff
core   0: 0x0000000080005ff8 (0xb02024f3) csrrs   s1, minstret, zero
core   0: 3 0x0000000080005ff8 (0xb02024f3) x9  0x0000000000000e0c
core   0: 0x0000000080005ffc (0x0000a811) c.j     pc + 20
core   0: 3 0x0000000080005ffc (0xa811)
core   0: >>>>  mepc_4
core   0: 0x0000000080006010 (0x00000791) c.addi  a5, 4
core   0: 3 0x0000000080006010 (0x0791) x15 0x0000000080005194
core   0: 0x0000000080006012 (0x34179073) csrrw   zero, mepc, a5
core   0: 3 0x0000000080006012 (0x34179073) c833_mepc 0x0000000080005194
core   0: 0x0000000080006016 (0x30200073) mret
core   0: 3 0x0000000080006016 (0x30200073) c768_mstatus 0x8000000a00106080
core   0: 0x0000000080005194 (0x40ecd533) sra     a0, s9, a4
core   0: 1 0x0000000080005194 (0x40ecd533) x10 0xffffffffffffffff
core   0: 0x0000000080005198 (0x00075793) srli    a5, a4, 0
core   0: 1 0x0000000080005198 (0x00075793) x15 0x0000000000000002
core   0: 0x000000008000519c (0x00c7d833) srl     a6, a5, a2
core   0: 1 0x000000008000519c (0x00c7d833) x16 0x0000000000000002
core   0: 0x00000000800051a0 (0x14283773) csrrc   a4, scause, a6
core   0: 1 0x00000000800051a0 (0x14283773) x14 0x0000000000000000 c322_scause 0x0000000000000000
core   0: 0x00000000800051a4 (0xd2008ed3) fcvt.d.w ft9, ra
core   0: 1 0x00000000800051a4 (0xd2008ed3) f29 0xc1dfffeffb000000
core   0: 0x00000000800051a8 (0x00271273) csrrw   tp, frm, a4
core   0: 1 0x00000000800051a8 (0x00271273) x4  0x0000000000000007 c2_frm 0x0000000000000000
core   0: 0x00000000800051ac (0x02eecc3b) divw    s8, t4, a4
core   0: 1 0x00000000800051ac (0x02eecc3b) x24 0xffffffffffffffff
core   0: 0x00000000800051b0 (0x01fed89b) srliw   a7, t4, 31
core   0: 1 0x00000000800051b0 (0x01fed89b) x17 0x0000000000000001
core   0: 0x00000000800051b4 (0x408cd833) sra     a6, s9, s0
core   0: 1 0x00000000800051b4 (0x408cd833) x16 0xffffffffffffffff
core   0: 0x00000000800051b8 (0x000a2033) slt     zero, s4, zero
core   0: 1 0x00000000800051b8 (0x000a2033)
core   0: 0x00000000800051bc (0x03b07dbb) remuw   s11, zero, s11
core   0: 1 0x00000000800051bc (0x03b07dbb) x27 0x0000000000000000
core   0: 0x00000000800051c0 (0xd22070d3) fcvt.d.l ft1, zero
core   0: 1 0x00000000800051c0 (0xd22070d3) f1  0x0000000000000000
core   0: 0x00000000800051c4 (0xc220f1d3) fcvt.l.d gp, ft1
core   0: 1 0x00000000800051c4 (0xc220f1d3) x3  0x0000000000000000
core   0: 0x00000000800051c8 (0x0294033b) mulw    t1, s0, s1
core   0: 1 0x00000000800051c8 (0x0294033b) x6  0xffffffffff9fc1c8
core   0: 0x00000000800051cc (0x403606bb) subw    a3, a2, gp
core   0: 1 0x00000000800051cc (0x403606bb) x13 0x0000000000000a00
core   0: 0x00000000800051d0 (0x00008ded) c.and   a1, a1
core   0: 1 0x00000000800051d0 (0x8ded) x11 0x00000000c04062f3
core   0: 0x00000000800051d2 (0x00ece233) or      tp, s9, a4
core   0: 1 0x00000000800051d2 (0x00ece233) x4  0xffffffffffffffff
core   0: 0x00000000800051d6 (0x40147453) fcvt.s.d fs0, fs0
core   0: 1 0x00000000800051d6 (0x40147453) f8  0xffffffff4d9f48f3
core   0: 0x00000000800051da (0x001967b3) or      a5, s2, ra
core   0: 1 0x00000000800051da (0x001967b3) x15 0x0000000080004014
core   0: 0x00000000800051de (0xc02ef4d3) fcvt.l.s s1, ft9
core   0: 1 0x00000000800051de (0xc02ef4d3) c1_fflags 0x0000000000000011 x9  0x7fffffffffffffff
core   0: 0x00000000800051e2 (0x001d93f3) csrrw   t2, fflags, s11
core   0: 1 0x00000000800051e2 (0x001d93f3) x7  0x0000000000000011 c1_fflags 0x0000000000000000
core   0: 0x00000000800051e6 (0x5a00f9d3) fsqrt.d fs3, ft1
core   0: 1 0x00000000800051e6 (0x5a00f9d3) f19 0x0000000000000000
core   0: 0x00000000800051ea (0x40bbd23b) sraw    tp, s7, a1
core   0: 1 0x00000000800051ea (0x40bbd23b) x4  0xfffffffffffff932
core   0: 0x00000000800051ee (0x01b27a33) and     s4, tp, s11
core   0: 1 0x00000000800051ee (0x01b27a33) x20 0x0000000000000000
core   0: 0x00000000800051f2 (0xd21a8a53) fcvt.d.wu fs4, s5
core   0: 1 0x00000000800051f2 (0xd21a8a53) f20 0x41cb358dfe000000
core   0: 0x00000000800051f6 (0x43c45513) srai    a0, s0, 60
core   0: 1 0x00000000800051f6 (0x43c45513) x10 0xffffffffffffffff
core   0: 0x00000000800051fa (0xcbca4c13) xori    s8, s4, -836
core   0: 1 0x00000000800051fa (0xcbca4c13) x24 0xfffffffffffffcbc
core   0: 0x00000000800051fe (0x800d7b13) andi    s6, s10, -2048
core   0: 1 0x00000000800051fe (0x800d7b13) x22 0x0000000000000000
core   0: 0x0000000080005202 (0xbafb4393) xori    t2, s6, -1105
core   0: 1 0x0000000080005202 (0xbafb4393) x7  0xfffffffffffffbaf
core   0: 0x0000000080005206 (0xd2060c53) fcvt.d.w fs8, a2
core   0: 1 0x0000000080005206 (0xd2060c53) f24 0x40a4000000000000
core   0: 0x000000008000520a (0x0079163b) sllw    a2, s2, t2
core   0: 1 0x000000008000520a (0x0079163b) x12 0x0000000000000000
core   0: 0x000000008000520e (0x00156513) ori     a0, a0, 1
core   0: 1 0x000000008000520e (0x00156513) x10 0xffffffffffffffff
core   0: 0x0000000080005212 (0xf2060153) fmv.d.x ft2, a2
core   0: 1 0x0000000080005212 (0xf2060153) f2  0x0000000000000000
core   0: 0x0000000080005216 (0x02f82833) mulhsu  a6, a6, a5
core   0: 1 0x0000000080005216 (0x02f82833) x16 0xffffffffffffffff
core   0: 0x000000008000521a (0x00000001) c.nop
core   0: 1 0x000000008000521a (0x0001)
core   0: 0x000000008000521c (0x03379933) mulh    s2, a5, s3
core   0: 1 0x000000008000521c (0x03379933) x18 0xffffffffffffffff
core   0: 0x0000000080005220 (0xfef27693) andi    a3, tp, -17
core   0: 1 0x0000000080005220 (0xfef27693) x13 0xfffffffffffff922
core   0: 0x0000000080005224 (0x41cc5db3) sra     s11, s8, t3
core   0: 1 0x0000000080005224 (0x41cc5db3) x27 0xfffffffffffffcbc
core   0: 0x0000000080005228 (0x013478b3) and     a7, s0, s3
core   0: 1 0x0000000080005228 (0x013478b3) x17 0xffffffff814fe106
core   0: 0x000000008000522c (0xcdcb94b7) lui     s1, 0xcdcb9
core   0: 1 0x000000008000522c (0xcdcb94b7) x9  0xffffffffcdcb9000
core   0: 0x0000000080005230 (0x40fb89bb) subw    s3, s7, a5
core   0: 1 0x0000000080005230 (0x40fb89bb) x19 0x0000000049949fec
core   0: 0x0000000080005234 (0xf3767493) andi    s1, a2, -201
core   0: 1 0x0000000080005234 (0xf3767493) x9  0x0000000000000000
core   0: 0x0000000080005238 (0x000d4ab3) xor     s5, s10, zero
core   0: 1 0x0000000080005238 (0x000d4ab3) x21 0x0000000000000000
core   0: 0x000000008000523c (0x0a1a7747) fmsub.d fa4, fs4, ft1, ft1
core   0: 1 0x000000008000523c (0x0a1a7747) f14 0x0000000000000000
core   0: 0x0000000080005240 (0x40035213) srai    tp, t1, 0
core   0: 1 0x0000000080005240 (0x40035213) x4  0xffffffffff9fc1c8
core   0: 0x0000000080005244 (0x137a7a53) fmul.d  fs4, fs4, fs7
core   0: 1 0x0000000080005244 (0x137a7a53) f20 0x7ff8000000000000
core   0: 0x0000000080005248 (0x007993b3) sll     t2, s3, t2
core   0: 1 0x0000000080005248 (0x007993b3) x7  0x4ff6000000000000
core   0: 0x000000008000524c (0x03351133) mulh    sp, a0, s3
core   0: 1 0x000000008000524c (0x03351133) x2  0xffffffffffffffff
core   0: 0x0000000080005250 (0x027ef053) fadd.d  ft0, ft9, ft7
core   0: 1 0x0000000080005250 (0x027ef053) f0  0x7ff8000000000000
core   0: 0x0000000080005254 (0x005294bb) sllw    s1, t0, t0
core   0: 1 0x0000000080005254 (0x005294bb) x9  0xffffffffb2000000
core   0: 0x0000000080005258 (0x0044a0b3) slt     ra, s1, tp
core   0: 1 0x0000000080005258 (0x0044a0b3) x1  0x0000000000000001
core   0: 0x000000008000525c (0xc22d75d3) fcvt.l.d a1, fs10
core   0: 1 0x000000008000525c (0xc22d75d3) x11 0xffffffff80004014
core   0: 0x0000000080005260 (0xfa017fcb) fnmsub.d ft11, ft2, ft0, ft11
core   0: 1 0x0000000080005260 (0xfa017fcb) f31 0x7ff8000000000000
core   0: 0x0000000080005264 (0x0334cc3b) divw    s8, s1, s3
core   0: 1 0x0000000080005264 (0x0334cc3b) x24 0xffffffffffffffff
core   0: 0x0000000080005268 (0x002619b3) sll     s3, a2, sp
core   0: 1 0x0000000080005268 (0x002619b3) x19 0x0000000000000000
core   0: 0x000000008000526c (0x02cbdbbb) divuw   s7, s7, a2
core   0: 1 0x000000008000526c (0x02cbdbbb) x23 0xffffffffffffffff
core   0: 0x0000000080005270 (0xfb5afd43) fmadd.d fs10, fs5, fs5, ft11
core   0: 1 0x0000000080005270 (0xfb5afd43) f26 0x7ff8000000000000
core   0: 0x0000000080005274 (0xd0d58e13) addi    t3, a1, -755
core   0: 1 0x0000000080005274 (0xd0d58e13) x28 0xffffffff80003d21
core   0: 0x0000000080005278 (0x0083d69b) srliw   a3, t2, 8
core   0: 1 0x0000000080005278 (0x0083d69b) x13 0x0000000000000000
core   0: 0x000000008000527c (0x7ff5ce93) xori    t4, a1, 2047
core   0: 1 0x000000008000527c (0x7ff5ce93) x29 0xffffffff800047eb
core   0: 0x0000000080005280 (0x40ca5a3b) sraw    s4, s4, a2
core   0: 1 0x0000000080005280 (0x40ca5a3b) x20 0x0000000000000000
core   0: 0x0000000080005284 (0x000a5793) srli    a5, s4, 0
core   0: 1 0x0000000080005284 (0x000a5793) x15 0x0000000000000000
core   0: 0x0000000080005288 (0x00000001) c.nop
core   0: 1 0x0000000080005288 (0x0001)
core   0: 0x000000008000528a (0x01719c33) sll     s8, gp, s7
core   0: 1 0x000000008000528a (0x01719c33) x24 0x0000000000000000
core   0: 0x000000008000528e (0x0016f7b3) and     a5, a3, ra
core   0: 1 0x000000008000528e (0x0016f7b3) x15 0x0000000000000000
core   0: 0x0000000080005292 (0xc22afbd3) fcvt.l.d s7, fs5
core   0: 1 0x0000000080005292 (0xc22afbd3) x23 0x0000000013e91e60
core   0: 0x0000000080005296 (0x420885d3) fcvt.d.s fa1, fa7
core   0: 1 0x0000000080005296 (0x420885d3) f11 0x7ff8000000000000
core   0: 0x000000008000529a (0x59930313) addi    t1, t1, 1433
core   0: 1 0x000000008000529a (0x59930313) x6  0xffffffffff9fc761
core   0: 0x000000008000529e (0x03894cbb) divw    s9, s2, s8
core   0: 1 0x000000008000529e (0x03894cbb) x25 0xffffffffffffffff
core   0: 0x00000000800052a2 (0x8877d017) auipc   zero, 0x8877d
core   0: 1 0x00000000800052a2 (0x8877d017)
core   0: 0x00000000800052a6 (0x020009b3) mul     s3, zero, zero
core   0: 1 0x00000000800052a6 (0x020009b3) x19 0x0000000000000000
core   0: 0x00000000800052aa (0x000ea533) slt     a0, t4, zero
core   0: 1 0x00000000800052aa (0x000ea533) x10 0x0000000000000001
core   0: 0x00000000800052ae (0x00000001) c.nop
core   0: 1 0x00000000800052ae (0x0001)
core   0: 0x00000000800052b0 (0x9380e137) lui     sp, 0x9380e
core   0: 1 0x00000000800052b0 (0x9380e137) x2  0xffffffff9380e000
core   0: 0x00000000800052b4 (0x030c2833) mulhsu  a6, s8, a6
core   0: 1 0x00000000800052b4 (0x030c2833) x16 0x0000000000000000
core   0: 0x00000000800052b8 (0x01d3deb3) srl     t4, t2, t4
core   0: 1 0x00000000800052b8 (0x01d3deb3) x29 0x000000000009fec0
core   0: 0x00000000800052bc (0x021304bb) mulw    s1, t1, ra
core   0: 1 0x00000000800052bc (0x021304bb) x9  0xffffffffff9fc761
core   0: 0x00000000800052c0 (0x0030d0b3) srl     ra, ra, gp
core   0: 1 0x00000000800052c0 (0x0030d0b3) x1  0x0000000000000001
core   0: 0x00000000800052c4 (0x0015c393) xori    t2, a1, 1
core   0: 1 0x00000000800052c4 (0x0015c393) x7  0xffffffff80004015
core   0: 0x00000000800052c8 (0x03010cb3) mul     s9, sp, a6
core   0: 1 0x00000000800052c8 (0x03010cb3) x25 0x0000000000000000
core   0: 0x00000000800052cc (0x019cd63b) srlw    a2, s9, s9
core   0: 1 0x00000000800052cc (0x019cd63b) x12 0x0000000000000000
core   0: 0x00000000800052d0 (0x00f5e233) or      tp, a1, a5
core   0: 1 0x00000000800052d0 (0x00f5e233) x4  0xffffffff80004014
core   0: 0x00000000800052d4 (0x00de9d93) slli    s11, t4, 13
core   0: 1 0x00000000800052d4 (0x00de9d93) x27 0x000000013fd80000
core   0: 0x00000000800052d8 (0x005deb33) or      s6, s11, t0
core   0: 1 0x00000000800052d8 (0x005deb33) x22 0x000000013fd806d9
core   0: 0x00000000800052dc (0x026af33b) remuw   t1, s5, t1
core   0: 1 0x00000000800052dc (0x026af33b) x6  0x0000000000000000
core   0: 0x00000000800052e0 (0x79980e1b) addiw   t3, a6, 1945
core   0: 1 0x00000000800052e0 (0x79980e1b) x28 0x0000000000000799
core   0: 0x00000000800052e4 (0x03ab7b4f) fnmadd.d fs6, fs6, fs10, ft0
core   0: 1 0x00000000800052e4 (0x03ab7b4f) f22 0x7ff8000000000000
core   0: 0x00000000800052e8 (0x02e1c1b3) div     gp, gp, a4
core   0: 1 0x00000000800052e8 (0x02e1c1b3) x3  0xffffffffffffffff
core   0: 0x00000000800052ec (0x02545d33) divu    s10, s0, t0
core   0: 1 0x00000000800052ec (0x02545d33) x26 0x00256292e95d510b
core   0: 0x00000000800052f0 (0x41668b3b) subw    s6, a3, s6
core   0: 1 0x00000000800052f0 (0x41668b3b) x22 0xffffffffc027f927
core   0: 0x00000000800052f4 (0x00102773) csrrs   a4, fflags, zero
core   0: 1 0x00000000800052f4 (0x00102773) x14 0x0000000000000000
core   0: 0x00000000800052f8 (0x413859b3) sra     s3, a6, s3
core   0: 1 0x00000000800052f8 (0x413859b3) x19 0x0000000000000000
core   0: 0x00000000800052fc (0x00000001) c.nop
core   0: 1 0x00000000800052fc (0x0001)
core   0: 0x00000000800052fe (0x143fe9f3) csrrsi  s3, stval, 31
core   0: 1 0x00000000800052fe (0x143fe9f3) x19 0xffffffffffffffff c323_stval 0xffffffffffffffff
core   0: 0x0000000080005302 (0x00ea971b) slliw   a4, s5, 14
core   0: 1 0x0000000080005302 (0x00ea971b) x14 0x0000000000000000
core   0: 0x0000000080005306 (0x40b75b33) sra     s6, a4, a1
core   0: 1 0x0000000080005306 (0x40b75b33) x22 0x0000000000000000
core   0: 0x000000008000530a (0x00002781) c.addiw a5, 0
core   0: 1 0x000000008000530a (0x2781) x15 0x0000000000000000
core   0: 0x000000008000530c (0x00000001) c.nop
core   0: 1 0x000000008000530c (0x0001)
core   0: 0x000000008000530e (0x01bc5c1b) srliw   s8, s8, 27
core   0: 1 0x000000008000530e (0x01bc5c1b) x24 0x0000000000000000
core   0: 0x0000000080005312 (0xf20e8fd3) fmv.d.x ft11, t4
core   0: 1 0x0000000080005312 (0xf20e8fd3) f31 0x000000000009fec0
core   0: 0x0000000080005316 (0x029104bb) mulw    s1, sp, s1
core   0: 1 0x0000000080005316 (0x029104bb) x9  0x0000000031f4e000
core   0: 0x000000008000531a (0xc0377953) fcvt.lu.s s2, fa4
core   0: 1 0x000000008000531a (0xc0377953) c1_fflags 0x0000000000000010 x18 0xffffffffffffffff
core   0: 0x000000008000531e (0x406c0333) sub     t1, s8, t1
core   0: 1 0x000000008000531e (0x406c0333) x6  0x0000000000000000
core   0: 0x0000000080005322 (0x02d6b6b3) mulhu   a3, a3, a3
core   0: 1 0x0000000080005322 (0x02d6b6b3) x13 0x0000000000000000
core   0: 0x0000000080005326 (0x9f429497) auipc   s1, 0x9f429
core   0: 1 0x0000000080005326 (0x9f429497) x9  0x000000001f42e326
core   0: 0x000000008000532a (0xfc28e937) lui     s2, 0xfc28e
core   0: 1 0x000000008000532a (0xfc28e937) x18 0xfffffffffc28e000
core   0: 0x000000008000532e (0xd2d9091b) addiw   s2, s2, -723
core   0: 1 0x000000008000532e (0xd2d9091b) x18 0xfffffffffc28dd2d
core   0: 0x0000000080005332 (0x00000932) c.slli  s2, 12
core   0: 1 0x0000000080005332 (0x0932) x18 0xffffffc28dd2d000
core   0: 0x0000000080005334 (0x26890913) addi    s2, s2, 616
core   0: 1 0x0000000080005334 (0x26890913) x18 0xffffffc28dd2d268
core   0: 0x0000000080005338 (0x00a5e3b3) or      t2, a1, a0
core   0: 1 0x0000000080005338 (0x00a5e3b3) x7  0xffffffff80004015
core   0: 0x000000008000533c (0x1fd46237) lui     tp, 0x1fd46
core   0: 1 0x000000008000533c (0x1fd46237) x4  0x000000001fd46000
core   0: 0x0000000080005340 (0x418a81b3) sub     gp, s5, s8
core   0: 1 0x0000000080005340 (0x418a81b3) x3  0x0000000000000000
core   0: 0x0000000080005344 (0x0141a333) slt     t1, gp, s4
core   0: 1 0x0000000080005344 (0x0141a333) x6  0x0000000000000000
core   0: 0x0000000080005348 (0xe20702d3) fmv.x.d t0, fa4
core   0: 1 0x0000000080005348 (0xe20702d3) x5  0x0000000000000000
core   0: 0x000000008000534c (0x01102133) slt     sp, zero, a7
core   0: 1 0x000000008000534c (0x01102133) x2  0x0000000000000000
core   0: 0x0000000080005350 (0x2bef9f53) fmax.d  ft10, ft11, ft10
core   0: 1 0x0000000080005350 (0x2bef9f53) f30 0x000000000009fec0
core   0: 0x0000000080005354 (0x00121273) csrrw   tp, fflags, tp
core   0: 1 0x0000000080005354 (0x00121273) x4  0x0000000000000010 c1_fflags 0x0000000000000000
core   0: 0x0000000080005358 (0x000adb13) srli    s6, s5, 0
core   0: 1 0x0000000080005358 (0x000adb13) x22 0x0000000000000000
core   0: 0x000000008000535c (0x0019029b) addiw   t0, s2, 1
core   0: 1 0x000000008000535c (0x0019029b) x5  0xffffffff8dd2d269
core   0: 0x0000000080005360 (0xa24f0053) fle.d   zero, ft10, ft4
core   0: 1 0x0000000080005360 (0xa24f0053)
core   0: 0x0000000080005364 (0x5a05fa53) fsqrt.d fs4, fa1
core   0: 1 0x0000000080005364 (0x5a05fa53) f20 0x7ff8000000000000
core   0: 0x0000000080005368 (0xd032fad3) fcvt.s.lu fs5, t0
core   0: 1 0x0000000080005368 (0xd032fad3) c1_fflags 0x0000000000000001 f21 0xffffffff5f800000
core   0: 0x000000008000536c (0x40187253) fcvt.s.d ft4, fa6
core   0: 1 0x000000008000536c (0x40187253) f4  0xffffffff45200000
core   0: 0x0000000080005370 (0xfea2d237) lui     tp, 0xfea2d
core   0: 1 0x0000000080005370 (0xfea2d237) x4  0xfffffffffea2d000
core   0: 0x0000000080005374 (0xe652021b) addiw   tp, tp, -411
core   0: 1 0x0000000080005374 (0xe652021b) x4  0xfffffffffea2ce65
core   0: 0x0000000080005378 (0x00000236) c.slli  tp, 13
core   0: 1 0x0000000080005378 (0x0236) x4  0xffffffd459cca000
core   0: 0x000000008000537a (0xae020213) addi    tp, tp, -1312
core   0: 1 0x000000008000537a (0xae020213) x4  0xffffffd459cc9ae0
core   0: 0x000000008000537e (0x5a0c75d3) fsqrt.d fa1, fs8
core   0: 1 0x000000008000537e (0x5a0c75d3) c1_fflags 0x0000000000000001 f11 0x40494c583ada5b53
core   0: 0x0000000080005382 (0x0bf37fd3) fsub.d  ft11, ft6, ft11
core   0: 1 0x0000000080005382 (0x0bf37fd3) f31 0x800000000009fec0
core   0: 0x0000000080005386 (0x02b5e5b3) rem     a1, a1, a1
core   0: 1 0x0000000080005386 (0x02b5e5b3) x11 0x0000000000000000
core   0: 0x000000008000538a (0x03851bb3) mulh    s7, a0, s8
core   0: 1 0x000000008000538a (0x03851bb3) x23 0x0000000000000000
core   0: 0x000000008000538e (0xd025f2d3) fcvt.s.l ft5, a1
core   0: 1 0x000000008000538e (0xd025f2d3) f5  0xffffffff00000000
core   0: 0x0000000080005392 (0xf20c0fd3) fmv.d.x ft11, s8
core   0: 1 0x0000000080005392 (0xf20c0fd3) f31 0x0000000000000000
core   0: 0x0000000080005396 (0x0111d01b) srliw   zero, gp, 17
core   0: 1 0x0000000080005396 (0x0111d01b)
core   0: 0x000000008000539a (0x407ad593) srai    a1, s5, 7
core   0: 1 0x000000008000539a (0x407ad593) x11 0x0000000000000000
core   0: 0x000000008000539e (0x401a7353) fcvt.s.d ft6, fs4
core   0: 1 0x000000008000539e (0x401a7353) f6  0xffffffff7fc00000
core   0: 0x00000000800053a2 (0x3425ab73) csrrs   s6, mcause, a1
core   0: exception trap_illegal_instruction, epc 0x00000000800053a2
core   0:           tval 0x000000003425ab73
core   0: >>>>  $xrv64i2p1_m2p0_a2p1_f2p2_d2p2_zicsr2p0_zifencei2p0_zmmul1p0_zba1p0_zbb1p0_zbc1p0_zbs1p0
core   0: 0x0000000080004000 (0x0080006f) j       pc + 0x8
core   0: 3 0x0000000080004000 (0x0080006f)
core   0: >>>>  mmode_exception_handler
core   0: 0x0000000080004008 (0x00002c17) auipc   s8, 0x2
core   0: 3 0x0000000080004008 (0x00002c17) x24 0x0000000080006008
core   0: 0x000000008000400c (0xfd4c0c13) addi    s8, s8, -44
core   0: 3 0x000000008000400c (0xfd4c0c13) x24 0x0000000080005fdc
core   0: 0x0000000080004010 (0x000c00e7) jalr    s8
core   0: 3 0x0000000080004010 (0x000c00e7) x1  0x0000000080004014
core   0: >>>>  any_handler
core   0: 0x0000000080005fdc (0x341027f3) csrrs   a5, mepc, zero
core   0: 3 0x0000000080005fdc (0x341027f3) x15 0x00000000800053a2
core   0: 0x0000000080005fe0 (0x34202773) csrrs   a4, mcause, zero
core   0: 3 0x0000000080005fe0 (0x34202773) x14 0x0000000000000002
core   0: 0x0000000080005fe4 (0x142026f3) csrrs   a3, scause, zero
core   0: 3 0x0000000080005fe4 (0x142026f3) x13 0x0000000000000000
core   0: 0x0000000080005fe8 (0x30402673) csrrs   a2, mie, zero
core   0: 3 0x0000000080005fe8 (0x30402673) x12 0x0000000000000a00
core   0: 0x0000000080005fec (0x344025f3) csrrs   a1, mip, zero
core   0: 3 0x0000000080005fec (0x344025f3) x11 0x0000000000000080
core   0: 0x0000000080005ff0 (0x343025f3) csrrs   a1, mtval, zero
core   0: 3 0x0000000080005ff0 (0x343025f3) x11 0x000000003425ab73
core   0: 0x0000000080005ff4 (0x14302573) csrrs   a0, stval, zero
core   0: 3 0x0000000080005ff4 (0x14302573) x10 0xffffffffffffffff
core   0: 0x0000000080005ff8 (0xb02024f3) csrrs   s1, minstret, zero
core   0: 3 0x0000000080005ff8 (0xb02024f3) x9  0x0000000000000ea4
core   0: 0x0000000080005ffc (0x0000a811) c.j     pc + 20
core   0: 3 0x0000000080005ffc (0xa811)
core   0: >>>>  mepc_4
core   0: 0x0000000080006010 (0x00000791) c.addi  a5, 4
core   0: 3 0x0000000080006010 (0x0791) x15 0x00000000800053a6
core   0: 0x0000000080006012 (0x34179073) csrrw   zero, mepc, a5
core   0: 3 0x0000000080006012 (0x34179073) c833_mepc 0x00000000800053a6
core   0: 0x0000000080006016 (0x30200073) mret
core   0: 3 0x0000000080006016 (0x30200073) c768_mstatus 0x8000000a00106080
core   0: 0x00000000800053a6 (0x00b5d2b3) srl     t0, a1, a1
core   0: 1 0x00000000800053a6 (0x00b5d2b3) x5  0x0000000000000000
core   0: 0x00000000800053aa (0x3420f1f3) csrrci  gp, mcause, 1
core   0: exception trap_illegal_instruction, epc 0x00000000800053aa
core   0:           tval 0x000000003420f1f3
core   0: >>>>  $xrv64i2p1_m2p0_a2p1_f2p2_d2p2_zicsr2p0_zifencei2p0_zmmul1p0_zba1p0_zbb1p0_zbc1p0_zbs1p0
core   0: 0x0000000080004000 (0x0080006f) j       pc + 0x8
core   0: 3 0x0000000080004000 (0x0080006f)
core   0: >>>>  mmode_exception_handler
core   0: 0x0000000080004008 (0x00002c17) auipc   s8, 0x2
core   0: 3 0x0000000080004008 (0x00002c17) x24 0x0000000080006008
core   0: 0x000000008000400c (0xfd4c0c13) addi    s8, s8, -44
core   0: 3 0x000000008000400c (0xfd4c0c13) x24 0x0000000080005fdc
core   0: 0x0000000080004010 (0x000c00e7) jalr    s8
core   0: 3 0x0000000080004010 (0x000c00e7) x1  0x0000000080004014
core   0: >>>>  any_handler
core   0: 0x0000000080005fdc (0x341027f3) csrrs   a5, mepc, zero
core   0: 3 0x0000000080005fdc (0x341027f3) x15 0x00000000800053aa
core   0: 0x0000000080005fe0 (0x34202773) csrrs   a4, mcause, zero
core   0: 3 0x0000000080005fe0 (0x34202773) x14 0x0000000000000002
core   0: 0x0000000080005fe4 (0x142026f3) csrrs   a3, scause, zero
core   0: 3 0x0000000080005fe4 (0x142026f3) x13 0x0000000000000000
core   0: 0x0000000080005fe8 (0x30402673) csrrs   a2, mie, zero
core   0: 3 0x0000000080005fe8 (0x30402673) x12 0x0000000000000a00
core   0: 0x0000000080005fec (0x344025f3) csrrs   a1, mip, zero
core   0: 3 0x0000000080005fec (0x344025f3) x11 0x0000000000000080
core   0: 0x0000000080005ff0 (0x343025f3) csrrs   a1, mtval, zero
core   0: 3 0x0000000080005ff0 (0x343025f3) x11 0x000000003420f1f3
core   0: 0x0000000080005ff4 (0x14302573) csrrs   a0, stval, zero
core   0: 3 0x0000000080005ff4 (0x14302573) x10 0xffffffffffffffff
core   0: 0x0000000080005ff8 (0xb02024f3) csrrs   s1, minstret, zero
core   0: 3 0x0000000080005ff8 (0xb02024f3) x9  0x0000000000000eb5
core   0: 0x0000000080005ffc (0x0000a811) c.j     pc + 20
core   0: 3 0x0000000080005ffc (0xa811)
core   0: >>>>  mepc_4
core   0: 0x0000000080006010 (0x00000791) c.addi  a5, 4
core   0: 3 0x0000000080006010 (0x0791) x15 0x00000000800053ae
core   0: 0x0000000080006012 (0x34179073) csrrw   zero, mepc, a5
core   0: 3 0x0000000080006012 (0x34179073) c833_mepc 0x00000000800053ae
core   0: 0x0000000080006016 (0x30200073) mret
core   0: 3 0x0000000080006016 (0x30200073) c768_mstatus 0x8000000a00106080
core   0: 0x00000000800053ae (0x00d71b3b) sllw    s6, a4, a3
core   0: 1 0x00000000800053ae (0x00d71b3b) x22 0x0000000000000002
core   0: 0x00000000800053b2 (0xe4548e13) addi    t3, s1, -443
core   0: 1 0x00000000800053b2 (0xe4548e13) x28 0x0000000000000cfa
core   0: 0x00000000800053b6 (0x42040453) fcvt.d.s fs0, fs0
core   0: 1 0x00000000800053b6 (0x42040453) f8  0x41b3e91e60000000
core   0: 0x00000000800053ba (0x9bedf04f) fnmadd.d ft0, fs11, ft10, fs3
core   0: 1 0x00000000800053ba (0x9bedf04f) f0  0x8000000000000000
core   0: 0x00000000800053be (0x001c071b) addiw   a4, s8, 1
core   0: 1 0x00000000800053be (0x001c071b) x14 0xffffffff80005fdd
core   0: 0x00000000800053c2 (0x028700b3) mul     ra, a4, s0
core   0: 1 0x00000000800053c2 (0x028700b3) x1  0x0000036cfd6f2fce
core   0: 0x00000000800053c6 (0x366e4c93) xori    s9, t3, 870
core   0: 1 0x00000000800053c6 (0x366e4c93) x25 0x0000000000000f9c
core   0: 0x00000000800053ca (0x00041693) slli    a3, s0, 0
core   0: 1 0x00000000800053ca (0x00041693) x13 0xfffffffffffff926
core   0: 0x00000000800053ce (0xd03cf4d3) fcvt.s.lu fs1, s9
core   0: 1 0x00000000800053ce (0xd03cf4d3) f9  0xffffffff4579c000
core   0: 0x00000000800053d2 (0x41ecd11b) sraiw   sp, s9, 30
core   0: 1 0x00000000800053d2 (0x41ecd11b) x2  0x0000000000000000
core   0: 0x00000000800053d6 (0x0b4bfc47) fmsub.d fs8, fs7, fs4, ft1
core   0: 1 0x00000000800053d6 (0x0b4bfc47) f24 0x7ff8000000000000
core   0: 0x00000000800053da (0x002e9af3) csrrw   s5, frm, t4
core   0: 1 0x00000000800053da (0x002e9af3) x21 0x0000000000000000 c2_frm 0x0000000000000000
core   0: 0x00000000800053de (0x41005493) srai    s1, zero, 16
core   0: 1 0x00000000800053de (0x41005493) x9  0x0000000000000000
core   0: 0x00000000800053e2 (0x412e509b) sraiw   ra, t3, 18
core   0: 1 0x00000000800053e2 (0x412e509b) x1  0x0000000000000000
core   0: 0x00000000800053e6 (0xd2008053) fcvt.d.w ft0, ra
core   0: 1 0x00000000800053e6 (0xd2008053) f0  0x0000000000000000
core   0: 0x00000000800053ea (0x0ff0000f) fence   iorw,iorw
core   0: 1 0x00000000800053ea (0x0ff0000f)
core   0: 0x00000000800053ee (0x00ebdbbb) srlw    s7, s7, a4
core   0: 1 0x00000000800053ee (0x00ebdbbb) x23 0x0000000000000000
core   0: 0x00000000800053f2 (0x40455533) sra     a0, a0, tp
core   0: 1 0x00000000800053f2 (0x40455533) x10 0xffffffffffffffff
core   0: 0x00000000800053f6 (0x036b693b) remw    s2, s6, s6
core   0: 1 0x00000000800053f6 (0x036b693b) x18 0x0000000000000000
core   0: 0x00000000800053fa (0x1b8071d3) fdiv.d  ft3, ft0, fs8
core   0: 1 0x00000000800053fa (0x1b8071d3) f3  0x7ff8000000000000
core   0: 0x00000000800053fe (0x4ac65597) auipc   a1, 0x4ac65
core   0: 1 0x00000000800053fe (0x4ac65597) x11 0x00000000cac6a3fe
core   0: 0x0000000080005402 (0x00190413) addi    s0, s2, 1
core   0: 1 0x0000000080005402 (0x00190413) x8  0x0000000000000001
core   0: 0x0000000080005406 (0x008c4c33) xor     s8, s8, s0
core   0: 1 0x0000000080005406 (0x008c4c33) x24 0x0000000080005fdd
core   0: 0x000000008000540a (0x1a09dd17) auipc   s10, 0x1a09d
core   0: 1 0x000000008000540a (0x1a09dd17) x26 0x000000009a0a240a
core   0: 0x000000008000540e (0x30652673) csrrs   a2, mcounteren, a0
core   0: exception trap_illegal_instruction, epc 0x000000008000540e
core   0:           tval 0x0000000030652673
core   0: >>>>  $xrv64i2p1_m2p0_a2p1_f2p2_d2p2_zicsr2p0_zifencei2p0_zmmul1p0_zba1p0_zbb1p0_zbc1p0_zbs1p0
core   0: 0x0000000080004000 (0x0080006f) j       pc + 0x8
core   0: 3 0x0000000080004000 (0x0080006f)
core   0: >>>>  mmode_exception_handler
core   0: 0x0000000080004008 (0x00002c17) auipc   s8, 0x2
core   0: 3 0x0000000080004008 (0x00002c17) x24 0x0000000080006008
core   0: 0x000000008000400c (0xfd4c0c13) addi    s8, s8, -44
core   0: 3 0x000000008000400c (0xfd4c0c13) x24 0x0000000080005fdc
core   0: 0x0000000080004010 (0x000c00e7) jalr    s8
core   0: 3 0x0000000080004010 (0x000c00e7) x1  0x0000000080004014
core   0: >>>>  any_handler
core   0: 0x0000000080005fdc (0x341027f3) csrrs   a5, mepc, zero
core   0: 3 0x0000000080005fdc (0x341027f3) x15 0x000000008000540e
core   0: 0x0000000080005fe0 (0x34202773) csrrs   a4, mcause, zero
core   0: 3 0x0000000080005fe0 (0x34202773) x14 0x0000000000000002
core   0: 0x0000000080005fe4 (0x142026f3) csrrs   a3, scause, zero
core   0: 3 0x0000000080005fe4 (0x142026f3) x13 0x0000000000000000
core   0: 0x0000000080005fe8 (0x30402673) csrrs   a2, mie, zero
core   0: 3 0x0000000080005fe8 (0x30402673) x12 0x0000000000000a00
core   0: 0x0000000080005fec (0x344025f3) csrrs   a1, mip, zero
core   0: 3 0x0000000080005fec (0x344025f3) x11 0x0000000000000080
core   0: 0x0000000080005ff0 (0x343025f3) csrrs   a1, mtval, zero
core   0: 3 0x0000000080005ff0 (0x343025f3) x11 0x0000000030652673
core   0: 0x0000000080005ff4 (0x14302573) csrrs   a0, stval, zero
core   0: 3 0x0000000080005ff4 (0x14302573) x10 0xffffffffffffffff
core   0: 0x0000000080005ff8 (0xb02024f3) csrrs   s1, minstret, zero
core   0: 3 0x0000000080005ff8 (0xb02024f3) x9  0x0000000000000edd
core   0: 0x0000000080005ffc (0x0000a811) c.j     pc + 20
core   0: 3 0x0000000080005ffc (0xa811)
core   0: >>>>  mepc_4
core   0: 0x0000000080006010 (0x00000791) c.addi  a5, 4
core   0: 3 0x0000000080006010 (0x0791) x15 0x0000000080005412
core   0: 0x0000000080006012 (0x34179073) csrrw   zero, mepc, a5
core   0: 3 0x0000000080006012 (0x34179073) c833_mepc 0x0000000080005412
core   0: 0x0000000080006016 (0x30200073) mret
core   0: 3 0x0000000080006016 (0x30200073) c768_mstatus 0x8000000a00106080
core   0: 0x0000000080005412 (0x0161de33) srl     t3, gp, s6
core   0: 1 0x0000000080005412 (0x0161de33) x28 0x0000000000000000
core   0: 0x0000000080005416 (0x00000936) c.slli  s2, 13
core   0: 1 0x0000000080005416 (0x0936) x18 0x0000000000000000
core   0: 0x0000000080005418 (0x02cdd293) srli    t0, s11, 44
core   0: 1 0x0000000080005418 (0x02cdd293) x5  0x0000000000000000
core   0: 0x000000008000541c (0xc23c7153) fcvt.lu.d sp, fs8
core   0: 1 0x000000008000541c (0xc23c7153) c1_fflags 0x0000000000000011 x2  0xffffffffffffffff
core   0: 0x0000000080005420 (0x4164531b) sraiw   t1, s0, 22
core   0: 1 0x0000000080005420 (0x4164531b) x6  0x0000000000000000
core   0: 0x0000000080005424 (0x0004581b) srliw   a6, s0, 0
core   0: 1 0x0000000080005424 (0x0004581b) x16 0x0000000000000001
core   0: 0x0000000080005428 (0x1b267653) fdiv.d  fa2, fa2, fs2
core   0: 1 0x0000000080005428 (0x1b267653) f12 0x7ff8000000000000
core   0: 0x000000008000542c (0x007343b3) xor     t2, t1, t2
core   0: 1 0x000000008000542c (0x007343b3) x7  0xffffffff80004015
core   0: 0x0000000080005430 (0x00000001) c.nop
core   0: 1 0x0000000080005430 (0x0001)
core   0: 0x0000000080005432 (0x80074293) xori    t0, a4, -2048
core   0: 1 0x0000000080005432 (0x80074293) x5  0xfffffffffffff802
core   0: 0x0000000080005436 (0x03647abb) remuw   s5, s0, s6
core   0: 1 0x0000000080005436 (0x03647abb) x21 0x0000000000000001
core   0: 0x000000008000543a (0x410e8b33) sub     s6, t4, a6
core   0: 1 0x000000008000543a (0x410e8b33) x22 0x000000000009febf
core   0: 0x000000008000543e (0x0a5a7ed3) fsub.d  ft9, fs4, ft5
core   0: 1 0x000000008000543e (0x0a5a7ed3) f29 0x7ff8000000000000
core   0: 0x0000000080005442 (0x1bd67553) fdiv.d  fa0, fa2, ft9
core   0: 1 0x0000000080005442 (0x1bd67553) f10 0x7ff8000000000000
core   0: 0x0000000080005446 (0x40615913) srai    s2, sp, 6
core   0: 1 0x0000000080005446 (0x40615913) x18 0xffffffffffffffff
core   0: 0x000000008000544a (0x03c5e4b3) rem     s1, a1, t3
core   0: 1 0x000000008000544a (0x03c5e4b3) x9  0x0000000030652673
core   0: 0x000000008000544e (0x0049191b) slliw   s2, s2, 4
core   0: 1 0x000000008000544e (0x0049191b) x18 0xfffffffffffffff0
core   0: 0x0000000080005452 (0x400dd493) srai    s1, s11, 0
core   0: 1 0x0000000080005452 (0x400dd493) x9  0x000000013fd80000
core   0: 0x0000000080005456 (0xf20703d3) fmv.d.x ft7, a4
core   0: 1 0x0000000080005456 (0xf20703d3) f7  0x0000000000000002
core   0: 0x000000008000545a (0x3a33f347) fmsub.d ft6, ft7, ft3, ft7
core   0: 1 0x000000008000545a (0x3a33f347) f6  0x7ff8000000000000
core   0: 0x000000008000545e (0x00000001) c.nop
core   0: 1 0x000000008000545e (0x0001)
core   0: 0x0000000080005460 (0x411d573b) sraw    a4, s10, a7
core   0: 1 0x0000000080005460 (0x411d573b) x14 0xfffffffffe682890
core   0: 0x0000000080005464 (0x22709553) fsgnjn.d fa0, ft1, ft7
core   0: 1 0x0000000080005464 (0x22709553) f10 0x8000000000000000
core   0: 0x0000000080005468 (0x4138dcbb) sraw    s9, a7, s3
core   0: 1 0x0000000080005468 (0x4138dcbb) x25 0xffffffffffffffff
core   0: 0x000000008000546c (0xd027f7d3) fcvt.s.l fa5, a5
core   0: 1 0x000000008000546c (0xd027f7d3) c1_fflags 0x0000000000000011 f15 0xffffffff4f000054
core   0: 0x0000000080005470 (0x0231de3b) divuw   t3, gp, gp
core   0: 1 0x0000000080005470 (0x0231de3b) x28 0xffffffffffffffff
core   0: 0x0000000080005474 (0x405706b3) sub     a3, a4, t0
core   0: 1 0x0000000080005474 (0x405706b3) x13 0xfffffffffe68308e
core   0: 0x0000000080005478 (0xa3a30a53) fle.d   s4, ft6, fs10
core   0: 1 0x0000000080005478 (0xa3a30a53) c1_fflags 0x0000000000000011 x20 0x0000000000000000
core   0: 0x000000008000547c (0xd22a72d3) fcvt.d.l ft5, s4
core   0: 1 0x000000008000547c (0xd22a72d3) f5  0x0000000000000000
core   0: 0x0000000080005480 (0x007cd3b3) srl     t2, s9, t2
core   0: 1 0x0000000080005480 (0x007cd3b3) x7  0x000007ffffffffff
core   0: 0x0000000080005484 (0x01a9963b) sllw    a2, s3, s10
core   0: 1 0x0000000080005484 (0x01a9963b) x12 0xfffffffffffffc00
core   0: 0x0000000080005488 (0xf965f293) andi    t0, a1, -106
core   0: 1 0x0000000080005488 (0xf965f293) x5  0x0000000030652612
core   0: 0x000000008000548c (0x7aa0fa4b) fnmsub.d fs4, ft1, fa0, fa5
core   0: 1 0x000000008000548c (0x7aa0fa4b) f20 0x7ff8000000000000
core   0: 0x0000000080005490 (0xc232f7d3) fcvt.lu.d a5, ft5
core   0: 1 0x0000000080005490 (0xc232f7d3) x15 0x0000000000000000
core   0: 0x0000000080005494 (0x5c098a9b) addiw   s5, s3, 1472
core   0: 1 0x0000000080005494 (0x5c098a9b) x21 0x00000000000005bf
core   0: 0x0000000080005498 (0x0003dc1b) srliw   s8, t2, 0
core   0: 1 0x0000000080005498 (0x0003dc1b) x24 0xffffffffffffffff
core   0: 0x000000008000549c (0x803c0413) addi    s0, s8, -2045
core   0: 1 0x000000008000549c (0x803c0413) x8  0xfffffffffffff802
core   0: 0x00000000800054a0 (0x00008d21) c.xor   a0, s0
core   0: 1 0x00000000800054a0 (0x8d21) x10 0x00000000000007fd
core   0: 0x00000000800054a2 (0x02070733) mul     a4, a4, zero
core   0: 1 0x00000000800054a2 (0x02070733) x14 0x0000000000000000
core   0: 0x00000000800054a6 (0x00a2d233) srl     tp, t0, a0
core   0: 1 0x00000000800054a6 (0x00a2d233) x4  0x0000000000000000
core   0: 0x00000000800054aa (0x02524e33) div     t3, tp, t0
core   0: 1 0x00000000800054aa (0x02524e33) x28 0x0000000000000000
core   0: 0x00000000800054ae (0x00634333) xor     t1, t1, t1
core   0: 1 0x00000000800054ae (0x00634333) x6  0x0000000000000000
core   0: 0x00000000800054b2 (0x1a05f5d3) fdiv.d  fa1, fa1, ft0
core   0: 1 0x00000000800054b2 (0x1a05f5d3) c1_fflags 0x0000000000000019 f11 0x7ff0000000000000
core   0: 0x00000000800054b6 (0x001b853b) addw    a0, s7, ra
core   0: 1 0x00000000800054b6 (0x001b853b) x10 0xffffffff80004014
core   0: 0x00000000800054ba (0x03dc0c3b) mulw    s8, s8, t4
core   0: 1 0x00000000800054ba (0x03dc0c3b) x24 0xfffffffffff60140
core   0: 0x00000000800054be (0x40147dd3) fcvt.s.d fs11, fs0
core   0: 1 0x00000000800054be (0x40147dd3) f27 0xffffffff4d9f48f3
core   0: 0x00000000800054c2 (0x420a0f53) fcvt.d.s ft10, fs4
core   0: 1 0x00000000800054c2 (0x420a0f53) f30 0x7ff8000000000000
core   0: 0x00000000800054c6 (0xc02c7ad3) fcvt.l.s s5, fs8
core   0: 1 0x00000000800054c6 (0xc02c7ad3) c1_fflags 0x0000000000000019 x21 0x7fffffffffffffff
core   0: 0x00000000800054ca (0x0ff0000f) fence   iorw,iorw
core   0: 1 0x00000000800054ca (0x0ff0000f)
core   0: 0x00000000800054ce (0xd23dfd53) fcvt.d.lu fs10, s11
core   0: 1 0x00000000800054ce (0xd23dfd53) f26 0x41f3fd8000000000
core   0: 0x00000000800054d2 (0x12037353) fmul.d  ft6, ft6, ft0
core   0: 1 0x00000000800054d2 (0x12037353) f6  0x7ff8000000000000
core   0: 0x00000000800054d6 (0x0364d4b3) divu    s1, s1, s6
core   0: 1 0x00000000800054d6 (0x0364d4b3) x9  0x0000000000002000
core   0: 0x00000000800054da (0x4016843b) subw    s0, a3, ra
core   0: 1 0x00000000800054da (0x4016843b) x8  0x000000007e67f07a
core   0: 0x00000000800054de (0x002020f3) csrrs   ra, frm, zero
core   0: 1 0x00000000800054de (0x002020f3) x1  0x0000000000000000
core   0: 0x00000000800054e2 (0x41a65633) sra     a2, a2, s10
core   0: 1 0x00000000800054e2 (0x41a65633) x12 0xffffffffffffffff
core   0: 0x00000000800054e6 (0x004389bb) addw    s3, t2, tp
core   0: 1 0x00000000800054e6 (0x004389bb) x19 0xffffffffffffffff
core   0: 0x00000000800054ea (0x017a44b3) xor     s1, s4, s7
core   0: 1 0x00000000800054ea (0x017a44b3) x9  0x0000000000000000
core   0: 0x00000000800054ee (0x13d4f3d3) fmul.d  ft7, fs1, ft9
core   0: 1 0x00000000800054ee (0x13d4f3d3) f7  0x7ff8000000000000
core   0: 0x00000000800054f2 (0x00049e9b) slliw   t4, s1, 0
core   0: 1 0x00000000800054f2 (0x00049e9b) x29 0x0000000000000000
core   0: 0x00000000800054f6 (0x0137f9b3) and     s3, a5, s3
core   0: 1 0x00000000800054f6 (0x0137f9b3) x19 0x0000000000000000
core   0: 0x00000000800054fa (0x41d65b3b) sraw    s6, a2, t4
core   0: 1 0x00000000800054fa (0x41d65b3b) x22 0xffffffffffffffff
core   0: 0x00000000800054fe (0x037eda33) divu    s4, t4, s7
core   0: 1 0x00000000800054fe (0x037eda33) x20 0xffffffffffffffff
core   0: 0x0000000080005502 (0x0012121b) slliw   tp, tp, 1
core   0: 1 0x0000000080005502 (0x0012121b) x4  0x0000000000000000
core   0: 0x0000000080005506 (0x4010003b) subw    zero, zero, ra
core   0: 1 0x0000000080005506 (0x4010003b)
core   0: 0x000000008000550a (0xc211f1d3) fcvt.wu.d gp, ft3
core   0: 1 0x000000008000550a (0xc211f1d3) c1_fflags 0x0000000000000019 x3  0xffffffffffffffff
core   0: 0x000000008000550e (0x00202c73) csrrs   s8, frm, zero
core   0: 1 0x000000008000550e (0x00202c73) x24 0x0000000000000000
core   0: 0x0000000080005512 (0x4091d013) srai    zero, gp, 9
core   0: 1 0x0000000080005512 (0x4091d013)
core   0: 0x0000000080005516 (0x80050513) addi    a0, a0, -2048
core   0: 1 0x0000000080005516 (0x80050513) x10 0xffffffff80003814
core   0: 0x000000008000551a (0x00949933) sll     s2, s1, s1
core   0: 1 0x000000008000551a (0x00949933) x18 0x0000000000000000
core   0: 0x000000008000551e (0x400e5713) srai    a4, t3, 0
core   0: 1 0x000000008000551e (0x400e5713) x14 0x0000000000000000
core   0: 0x0000000080005522 (0x7d50bb93) sltiu   s7, ra, 2005
core   0: 1 0x0000000080005522 (0x7d50bb93) x23 0x0000000000000001
core   0: 0x0000000080005526 (0x40f3d01b) sraiw   zero, t2, 15
core   0: 1 0x0000000080005526 (0x40f3d01b)
core   0: 0x000000008000552a (0x02006bbb) remw    s7, zero, zero
core   0: 1 0x000000008000552a (0x02006bbb) x23 0x0000000000000000
core   0: 0x000000008000552e (0xa896041b) addiw   s0, a2, -1399
core   0: 1 0x000000008000552e (0xa896041b) x8  0xfffffffffffffa88
core   0: 0x0000000080005532 (0x22a82ed3) fsgnjx.d ft9, fa6, fa0
core   0: 1 0x0000000080005532 (0x22a82ed3) f29 0xc0a4000000000000
core   0: 0x0000000080005536 (0xd0327cd3) fcvt.s.lu fs9, tp
core   0: 1 0x0000000080005536 (0xd0327cd3) f25 0xffffffff00000000
core   0: 0x000000008000553a (0x23b4e013) ori     zero, s1, 571
core   0: 1 0x000000008000553a (0x23b4e013)
core   0: 0x000000008000553e (0x07db4693) xori    a3, s6, 125
core   0: 1 0x000000008000553e (0x07db4693) x13 0xffffffffffffff82
core   0: 0x0000000080005542 (0x183d8693) addi    a3, s11, 387
core   0: 1 0x0000000080005542 (0x183d8693) x13 0x000000013fd80183
core   0: 0x0000000080005546 (0x014c6db3) or      s11, s8, s4
core   0: 1 0x0000000080005546 (0x014c6db3) x27 0xffffffffffffffff
core   0: 0x000000008000554a (0x02d1e9bb) remw    s3, gp, a3
core   0: 1 0x000000008000554a (0x02d1e9bb) x19 0xffffffffffffffff
core   0: 0x000000008000554e (0x01d72db3) slt     s11, a4, t4
core   0: 1 0x000000008000554e (0x01d72db3) x27 0x0000000000000000
core   0: 0x0000000080005552 (0x039be4bb) remw    s1, s7, s9
core   0: 1 0x0000000080005552 (0x039be4bb) x9  0x0000000000000000
core   0: 0x0000000080005556 (0x0a11f1c7) fmsub.d ft3, ft3, ft1, ft1
core   0: 1 0x0000000080005556 (0x0a11f1c7) f3  0x7ff8000000000000
core   0: 0x000000008000555a (0x0131983b) sllw    a6, gp, s3
core   0: 1 0x000000008000555a (0x0131983b) x16 0xffffffff80000000
core   0: 0x000000008000555e (0x400b5793) srai    a5, s6, 0
core   0: 1 0x000000008000555e (0x400b5793) x15 0xffffffffffffffff
core   0: 0x0000000080005562 (0x001b1b73) csrrw   s6, fflags, s6
core   0: 1 0x0000000080005562 (0x001b1b73) x22 0x0000000000000019 c1_fflags 0x000000000000001f
core   0: 0x0000000080005566 (0x01b34833) xor     a6, t1, s11
core   0: 1 0x0000000080005566 (0x01b34833) x16 0x0000000000000000
core   0: 0x000000008000556a (0x0159159b) slliw   a1, s2, 21
core   0: 1 0x000000008000556a (0x0159159b) x11 0x0000000000000000
core   0: 0x000000008000556e (0x0005db13) srli    s6, a1, 0
core   0: 1 0x000000008000556e (0x0005db13) x22 0x0000000000000000
core   0: 0x0000000080005572 (0xd0277b53) fcvt.s.l fs6, a4
core   0: 1 0x0000000080005572 (0xd0277b53) f22 0xffffffff00000000
core   0: 0x0000000080005576 (0xa3ff8353) fle.d   t1, ft11, ft11
core   0: 1 0x0000000080005576 (0xa3ff8353) x6  0x0000000000000001
core   0: 0x000000008000557a (0x1a20f253) fdiv.d  ft4, ft1, ft2
core   0: 1 0x000000008000557a (0x1a20f253) c1_fflags 0x000000000000001f f4  0x7ff8000000000000
core   0: 0x000000008000557e (0x401a59bb) sraw    s3, s4, ra
core   0: 1 0x000000008000557e (0x401a59bb) x19 0xffffffffffffffff
core   0: 0x0000000080005582 (0x028b02b3) mul     t0, s6, s0
core   0: 1 0x0000000080005582 (0x028b02b3) x5  0x0000000000000000
core   0: 0x0000000080005586 (0x5a0c7ed3) fsqrt.d ft9, fs8
core   0: 1 0x0000000080005586 (0x5a0c7ed3) f29 0x7ff8000000000000
core   0: 0x000000008000558a (0x40e80833) sub     a6, a6, a4
core   0: 1 0x000000008000558a (0x40e80833) x16 0x0000000000000000
core   0: 0x000000008000558e (0xd2070f53) fcvt.d.w ft10, a4
core   0: 1 0x000000008000558e (0xd2070f53) f30 0x0000000000000000
core   0: 0x0000000080005592 (0x00a1edb3) or      s11, gp, a0
core   0: 1 0x0000000080005592 (0x00a1edb3) x27 0xffffffffffffffff
core   0: 0x0000000080005596 (0x0010509b) srliw   ra, zero, 1
core   0: 1 0x0000000080005596 (0x0010509b) x1  0x0000000000000000
core   0: 0x000000008000559a (0xc0227853) fcvt.l.s a6, ft4
core   0: 1 0x000000008000559a (0xc0227853) c1_fflags 0x000000000000001f x16 0x7fffffffffffffff
core   0: 0x000000008000559e (0x2b7c0bd3) fmin.d  fs7, fs8, fs7
core   0: 1 0x000000008000559e (0x2b7c0bd3) f23 0x7ff8000000000000
core   0: 0x00000000800055a2 (0x40065193) srai    gp, a2, 0
core   0: 1 0x00000000800055a2 (0x40065193) x3  0xffffffffffffffff
core   0: 0x00000000800055a6 (0xf3868093) addi    ra, a3, -200
core   0: 1 0x00000000800055a6 (0xf3868093) x1  0x000000013fd800bb
core   0: 0x00000000800055aa (0x401ff753) fcvt.s.d fa4, ft11
core   0: 1 0x00000000800055aa (0x401ff753) f14 0xffffffff00000000
core   0: 0x00000000800055ae (0x23ef19d3) fsgnjn.d fs3, ft10, ft10
core   0: 1 0x00000000800055ae (0x23ef19d3) f19 0x8000000000000000
core   0: 0x00000000800055b2 (0x9afb7b43) fmadd.d fs6, fs6, fa5, fs3
core   0: 1 0x00000000800055b2 (0x9afb7b43) f22 0x7ff8000000000000
core   0: 0x00000000800055b6 (0x00102373) csrrs   t1, fflags, zero
core   0: 1 0x00000000800055b6 (0x00102373) x6  0x000000000000001f
core   0: 0x00000000800055ba (0x0278f3d3) fadd.d  ft7, fa7, ft7
core   0: 1 0x00000000800055ba (0x0278f3d3) f7  0x7ff8000000000000
core   0: 0x00000000800055be (0x018b5b33) srl     s6, s6, s8
core   0: 1 0x00000000800055be (0x018b5b33) x22 0x0000000000000000
core   0: 0x00000000800055c2 (0x22838f53) fsgnj.d ft10, ft7, fs0
core   0: 1 0x00000000800055c2 (0x22838f53) f30 0x7ff8000000000000
core   0: 0x00000000800055c6 (0x004e573b) srlw    a4, t3, tp
core   0: 1 0x00000000800055c6 (0x004e573b) x14 0x0000000000000000
core   0: 0x00000000800055ca (0xc0277bd3) fcvt.l.s s7, fa4
core   0: 1 0x00000000800055ca (0xc0277bd3) x23 0x0000000000000000
core   0: 0x00000000800055ce (0x40c65a3b) sraw    s4, a2, a2
core   0: 1 0x00000000800055ce (0x40c65a3b) x20 0xffffffffffffffff
core   0: 0x00000000800055d2 (0x0006d493) srli    s1, a3, 0
core   0: 1 0x00000000800055d2 (0x0006d493) x9  0x000000013fd80183
core   0: 0x00000000800055d6 (0x014e68b3) or      a7, t3, s4
core   0: 1 0x00000000800055d6 (0x014e68b3) x17 0xffffffffffffffff
core   0: 0x00000000800055da (0xf119b273) csrrc   tp, mvendorid, s3
core   0: exception trap_illegal_instruction, epc 0x00000000800055da
core   0:           tval 0x00000000f119b273
core   0: >>>>  $xrv64i2p1_m2p0_a2p1_f2p2_d2p2_zicsr2p0_zifencei2p0_zmmul1p0_zba1p0_zbb1p0_zbc1p0_zbs1p0
core   0: 0x0000000080004000 (0x0080006f) j       pc + 0x8
core   0: 3 0x0000000080004000 (0x0080006f)
core   0: >>>>  mmode_exception_handler
core   0: 0x0000000080004008 (0x00002c17) auipc   s8, 0x2
core   0: 3 0x0000000080004008 (0x00002c17) x24 0x0000000080006008
core   0: 0x000000008000400c (0xfd4c0c13) addi    s8, s8, -44
core   0: 3 0x000000008000400c (0xfd4c0c13) x24 0x0000000080005fdc
core   0: 0x0000000080004010 (0x000c00e7) jalr    s8
core   0: 3 0x0000000080004010 (0x000c00e7) x1  0x0000000080004014
core   0: >>>>  any_handler
core   0: 0x0000000080005fdc (0x341027f3) csrrs   a5, mepc, zero
core   0: 3 0x0000000080005fdc (0x341027f3) x15 0x00000000800055da
core   0: 0x0000000080005fe0 (0x34202773) csrrs   a4, mcause, zero
core   0: 3 0x0000000080005fe0 (0x34202773) x14 0x0000000000000002
core   0: 0x0000000080005fe4 (0x142026f3) csrrs   a3, scause, zero
core   0: 3 0x0000000080005fe4 (0x142026f3) x13 0x0000000000000000
core   0: 0x0000000080005fe8 (0x30402673) csrrs   a2, mie, zero
core   0: 3 0x0000000080005fe8 (0x30402673) x12 0x0000000000000a00
core   0: 0x0000000080005fec (0x344025f3) csrrs   a1, mip, zero
core   0: 3 0x0000000080005fec (0x344025f3) x11 0x0000000000000080
core   0: 0x0000000080005ff0 (0x343025f3) csrrs   a1, mtval, zero
core   0: 3 0x0000000080005ff0 (0x343025f3) x11 0x00000000f119b273
core   0: 0x0000000080005ff4 (0x14302573) csrrs   a0, stval, zero
core   0: 3 0x0000000080005ff4 (0x14302573) x10 0xffffffffffffffff
core   0: 0x0000000080005ff8 (0xb02024f3) csrrs   s1, minstret, zero
core   0: 3 0x0000000080005ff8 (0xb02024f3) x9  0x0000000000000f61
core   0: 0x0000000080005ffc (0x0000a811) c.j     pc + 20
core   0: 3 0x0000000080005ffc (0xa811)
core   0: >>>>  mepc_4
core   0: 0x0000000080006010 (0x00000791) c.addi  a5, 4
core   0: 3 0x0000000080006010 (0x0791) x15 0x00000000800055de
core   0: 0x0000000080006012 (0x34179073) csrrw   zero, mepc, a5
core   0: 3 0x0000000080006012 (0x34179073) c833_mepc 0x00000000800055de
core   0: 0x0000000080006016 (0x30200073) mret
core   0: 3 0x0000000080006016 (0x30200073) c768_mstatus 0x8000000a00106080
core   0: 0x00000000800055de (0x4426c393) xori    t2, a3, 1090
core   0: 1 0x00000000800055de (0x4426c393) x7  0x0000000000000442
core   0: 0x00000000800055e2 (0x00c080bb) addw    ra, ra, a2
core   0: 1 0x00000000800055e2 (0x00c080bb) x1  0xffffffff80004a14
core   0: 0x00000000800055e6 (0x003ed833) srl     a6, t4, gp
core   0: 1 0x00000000800055e6 (0x003ed833) x16 0x0000000000000000
core   0: 0x00000000800055ea (0x419802bb) subw    t0, a6, s9
core   0: 1 0x00000000800055ea (0x419802bb) x5  0x0000000000000001
core   0: 0x00000000800055ee (0x01cede3b) srlw    t3, t4, t3
core   0: 1 0x00000000800055ee (0x01cede3b) x28 0x0000000000000000
core   0: 0x00000000800055f2 (0x40b5d01b) sraiw   zero, a1, 11
core   0: 1 0x00000000800055f2 (0x40b5d01b)
core   0: 0x00000000800055f6 (0xc0697073) csrrci  zero, hpmcounter6, 18
core   0: exception trap_illegal_instruction, epc 0x00000000800055f6
core   0:           tval 0x00000000c0697073
core   0: >>>>  $xrv64i2p1_m2p0_a2p1_f2p2_d2p2_zicsr2p0_zifencei2p0_zmmul1p0_zba1p0_zbb1p0_zbc1p0_zbs1p0
core   0: 0x0000000080004000 (0x0080006f) j       pc + 0x8
core   0: 3 0x0000000080004000 (0x0080006f)
core   0: >>>>  mmode_exception_handler
core   0: 0x0000000080004008 (0x00002c17) auipc   s8, 0x2
core   0: 3 0x0000000080004008 (0x00002c17) x24 0x0000000080006008
core   0: 0x000000008000400c (0xfd4c0c13) addi    s8, s8, -44
core   0: 3 0x000000008000400c (0xfd4c0c13) x24 0x0000000080005fdc
core   0: 0x0000000080004010 (0x000c00e7) jalr    s8
core   0: 3 0x0000000080004010 (0x000c00e7) x1  0x0000000080004014
core   0: >>>>  any_handler
core   0: 0x0000000080005fdc (0x341027f3) csrrs   a5, mepc, zero
core   0: 3 0x0000000080005fdc (0x341027f3) x15 0x00000000800055f6
core   0: 0x0000000080005fe0 (0x34202773) csrrs   a4, mcause, zero
core   0: 3 0x0000000080005fe0 (0x34202773) x14 0x0000000000000002
core   0: 0x0000000080005fe4 (0x142026f3) csrrs   a3, scause, zero
core   0: 3 0x0000000080005fe4 (0x142026f3) x13 0x0000000000000000
core   0: 0x0000000080005fe8 (0x30402673) csrrs   a2, mie, zero
core   0: 3 0x0000000080005fe8 (0x30402673) x12 0x0000000000000a00
core   0: 0x0000000080005fec (0x344025f3) csrrs   a1, mip, zero
core   0: 3 0x0000000080005fec (0x344025f3) x11 0x0000000000000080
core   0: 0x0000000080005ff0 (0x343025f3) csrrs   a1, mtval, zero
core   0: 3 0x0000000080005ff0 (0x343025f3) x11 0x00000000c0697073
core   0: 0x0000000080005ff4 (0x14302573) csrrs   a0, stval, zero
core   0: 3 0x0000000080005ff4 (0x14302573) x10 0xffffffffffffffff
core   0: 0x0000000080005ff8 (0xb02024f3) csrrs   s1, minstret, zero
core   0: 3 0x0000000080005ff8 (0xb02024f3) x9  0x0000000000000f77
core   0: 0x0000000080005ffc (0x0000a811) c.j     pc + 20
core   0: 3 0x0000000080005ffc (0xa811)
core   0: >>>>  mepc_4
core   0: 0x0000000080006010 (0x00000791) c.addi  a5, 4
core   0: 3 0x0000000080006010 (0x0791) x15 0x00000000800055fa
core   0: 0x0000000080006012 (0x34179073) csrrw   zero, mepc, a5
core   0: 3 0x0000000080006012 (0x34179073) c833_mepc 0x00000000800055fa
core   0: 0x0000000080006016 (0x30200073) mret
core   0: 3 0x0000000080006016 (0x30200073) c768_mstatus 0x8000000a00106080
core   0: 0x00000000800055fa (0x6ad6f843) fmadd.d fa6, fa3, fa3, fa3
core   0: 1 0x00000000800055fa (0x6ad6f843) f16 0x7ff8000000000000
core   0: 0x00000000800055fe (0x0206e6bb) remw    a3, a3, zero
core   0: 1 0x00000000800055fe (0x0206e6bb) x13 0x0000000000000000
core   0: 0x0000000080005602 (0x71cc1cb7) lui     s9, 0x71cc1
core   0: 1 0x0000000080005602 (0x71cc1cb7) x25 0x0000000071cc1000
core   0: 0x0000000080005606 (0xc202fb53) fcvt.w.d s6, ft5
core   0: 1 0x0000000080005606 (0xc202fb53) x22 0x0000000000000000
core   0: 0x000000008000560a (0x230d0d53) fsgnj.d fs10, fs10, fa6
core   0: 1 0x000000008000560a (0x230d0d53) f26 0x41f3fd8000000000
core   0: 0x000000008000560e (0x00102473) csrrs   s0, fflags, zero
core   0: 1 0x000000008000560e (0x00102473) x8  0x000000000000001f
core   0: 0x0000000080005612 (0x00cb0033) add     zero, s6, a2
core   0: 1 0x0000000080005612 (0x00cb0033)
core   0: 0x0000000080005616 (0xb3b16493) ori     s1, sp, -1221
core   0: 1 0x0000000080005616 (0xb3b16493) x9  0xffffffffffffffff
core   0: 0x000000008000561a (0x00be9db3) sll     s11, t4, a1
core   0: 1 0x000000008000561a (0x00be9db3) x27 0x0000000000000000
core   0: 0x000000008000561e (0x01c7583b) srlw    a6, a4, t3
core   0: 1 0x000000008000561e (0x01c7583b) x16 0x0000000000000002
core   0: 0x0000000080005622 (0xbb88e893) ori     a7, a7, -1096
core   0: 1 0x0000000080005622 (0xbb88e893) x17 0xffffffffffffffff
core   0: 0x0000000080005626 (0x004a179b) slliw   a5, s4, 4
core   0: 1 0x0000000080005626 (0x004a179b) x15 0xfffffffffffffff0
core   0: 0x000000008000562a (0x00f1d5b3) srl     a1, gp, a5
core   0: 1 0x000000008000562a (0x00f1d5b3) x11 0x000000000000ffff
core   0: 0x000000008000562e (0x01bda7b3) slt     a5, s11, s11
core   0: 1 0x000000008000562e (0x01bda7b3) x15 0x0000000000000000
core   0: 0x0000000080005632 (0x00000001) c.nop
core   0: 1 0x0000000080005632 (0x0001)
core   0: 0x0000000080005634 (0x03b79c93) slli    s9, a5, 59
core   0: 1 0x0000000080005634 (0x03b79c93) x25 0x0000000000000000
core   0: 0x0000000080005638 (0x02047d33) remu    s10, s0, zero
core   0: 1 0x0000000080005638 (0x02047d33) x26 0x000000000000001f
core   0: 0x000000008000563c (0x029d5713) srli    a4, s10, 41
core   0: 1 0x000000008000563c (0x029d5713) x14 0x0000000000000000
core   0: 0x0000000080005640 (0xc20678d3) fcvt.w.d a7, fa2
core   0: 1 0x0000000080005640 (0xc20678d3) c1_fflags 0x000000000000001f x17 0x000000007fffffff
core   0: 0x0000000080005644 (0x5a05f4d3) fsqrt.d fs1, fa1
core   0: 1 0x0000000080005644 (0x5a05f4d3) f9  0x7ff0000000000000
core   0: 0x0000000080005648 (0xc20b7753) fcvt.w.d a4, fs6
core   0: 1 0x0000000080005648 (0xc20b7753) c1_fflags 0x000000000000001f x14 0x000000007fffffff
core   0: 0x000000008000564c (0x00141873) csrrw   a6, fflags, s0
core   0: 1 0x000000008000564c (0x00141873) x16 0x000000000000001f c1_fflags 0x000000000000001f
core   0: 0x0000000080005650 (0x410582bb) subw    t0, a1, a6
core   0: 1 0x0000000080005650 (0x410582bb) x5  0x000000000000ffe0
core   0: 0x0000000080005654 (0xf1306c73) csrrsi  s8, mimpid, 0
core   0: exception trap_illegal_instruction, epc 0x0000000080005654
core   0:           tval 0x00000000f1306c73
core   0: >>>>  $xrv64i2p1_m2p0_a2p1_f2p2_d2p2_zicsr2p0_zifencei2p0_zmmul1p0_zba1p0_zbb1p0_zbc1p0_zbs1p0
core   0: 0x0000000080004000 (0x0080006f) j       pc + 0x8
core   0: 3 0x0000000080004000 (0x0080006f)
core   0: >>>>  mmode_exception_handler
core   0: 0x0000000080004008 (0x00002c17) auipc   s8, 0x2
core   0: 3 0x0000000080004008 (0x00002c17) x24 0x0000000080006008
core   0: 0x000000008000400c (0xfd4c0c13) addi    s8, s8, -44
core   0: 3 0x000000008000400c (0xfd4c0c13) x24 0x0000000080005fdc
core   0: 0x0000000080004010 (0x000c00e7) jalr    s8
core   0: 3 0x0000000080004010 (0x000c00e7) x1  0x0000000080004014
core   0: >>>>  any_handler
core   0: 0x0000000080005fdc (0x341027f3) csrrs   a5, mepc, zero
core   0: 3 0x0000000080005fdc (0x341027f3) x15 0x0000000080005654
core   0: 0x0000000080005fe0 (0x34202773) csrrs   a4, mcause, zero
core   0: 3 0x0000000080005fe0 (0x34202773) x14 0x0000000000000002
core   0: 0x0000000080005fe4 (0x142026f3) csrrs   a3, scause, zero
core   0: 3 0x0000000080005fe4 (0x142026f3) x13 0x0000000000000000
core   0: 0x0000000080005fe8 (0x30402673) csrrs   a2, mie, zero
core   0: 3 0x0000000080005fe8 (0x30402673) x12 0x0000000000000a00
core   0: 0x0000000080005fec (0x344025f3) csrrs   a1, mip, zero
core   0: 3 0x0000000080005fec (0x344025f3) x11 0x0000000000000080
core   0: 0x0000000080005ff0 (0x343025f3) csrrs   a1, mtval, zero
core   0: 3 0x0000000080005ff0 (0x343025f3) x11 0x00000000f1306c73
core   0: 0x0000000080005ff4 (0x14302573) csrrs   a0, stval, zero
core   0: 3 0x0000000080005ff4 (0x14302573) x10 0xffffffffffffffff
core   0: 0x0000000080005ff8 (0xb02024f3) csrrs   s1, minstret, zero
core   0: 3 0x0000000080005ff8 (0xb02024f3) x9  0x0000000000000f9e
core   0: 0x0000000080005ffc (0x0000a811) c.j     pc + 20
core   0: 3 0x0000000080005ffc (0xa811)
core   0: >>>>  mepc_4
core   0: 0x0000000080006010 (0x00000791) c.addi  a5, 4
core   0: 3 0x0000000080006010 (0x0791) x15 0x0000000080005658
core   0: 0x0000000080006012 (0x34179073) csrrw   zero, mepc, a5
core   0: 3 0x0000000080006012 (0x34179073) c833_mepc 0x0000000080005658
core   0: 0x0000000080006016 (0x30200073) mret
core   0: 3 0x0000000080006016 (0x30200073) c768_mstatus 0x8000000a00106080
core   0: 0x0000000080005658 (0x22e41c53) fsgnjn.d fs8, fs0, fa4
core   0: 1 0x0000000080005658 (0x22e41c53) f24 0x41b3e91e60000000
core   0: 0x000000008000565c (0x2249fd47) fmsub.d fs10, fs3, ft4, ft4
core   0: 1 0x000000008000565c (0x2249fd47) f26 0x7ff8000000000000
core   0: 0x0000000080005660 (0xd2128a53) fcvt.d.wu fs4, t0
core   0: 1 0x0000000080005660 (0xd2128a53) f20 0x40effc0000000000
core   0: 0x0000000080005664 (0x40575d3b) sraw    s10, a4, t0
core   0: 1 0x0000000080005664 (0x40575d3b) x26 0x0000000000000002
core   0: 0x0000000080005668 (0x417c5bb3) sra     s7, s8, s7
core   0: 1 0x0000000080005668 (0x417c5bb3) x23 0x0000000080005fdc
core   0: 0x000000008000566c (0x411b01bb) subw    gp, s6, a7
core   0: 1 0x000000008000566c (0x411b01bb) x3  0xffffffff80000001
core   0: 0x0000000080005670 (0x0049f0b3) and     ra, s3, tp
core   0: 1 0x0000000080005670 (0x0049f0b3) x1  0x0000000000000000
core   0: 0x0000000080005674 (0xd22d7cd3) fcvt.d.l fs9, s10
core   0: 1 0x0000000080005674 (0xd22d7cd3) f25 0x4000000000000000
core   0: 0x0000000080005678 (0x01ad48b3) xor     a7, s10, s10
core   0: 1 0x0000000080005678 (0x01ad48b3) x17 0x0000000000000000
core   0: 0x000000008000567c (0x417e8e33) sub     t3, t4, s7
core   0: 1 0x000000008000567c (0x417e8e33) x28 0xffffffff7fffa024
core   0: 0x0000000080005680 (0x40e7db9b) sraiw   s7, a5, 14
core   0: 1 0x0000000080005680 (0x40e7db9b) x23 0xfffffffffffe0001
core   0: 0x0000000080005684 (0x439cfcc3) fmadd.d fs9, fs9, fs9, fs0
core   0: 1 0x0000000080005684 (0x439cfcc3) f25 0x41b3e91e64000000
core   0: 0x0000000080005688 (0x40cc59b3) sra     s3, s8, a2
core   0: 1 0x0000000080005688 (0x40cc59b3) x19 0x0000000080005fdc
core   0: 0x000000008000568c (0x03b184bb) mulw    s1, gp, s11
core   0: 1 0x000000008000568c (0x03b184bb) x9  0x0000000000000000
core   0: 0x0000000080005690 (0xd038ffd3) fcvt.s.lu ft11, a7
core   0: 1 0x0000000080005690 (0xd038ffd3) f31 0xffffffff00000000
core   0: 0x0000000080005694 (0xc061ed37) lui     s10, 0xc061e
core   0: 1 0x0000000080005694 (0xc061ed37) x26 0xffffffffc061e000
core   0: 0x0000000080005698 (0xd228fa53) fcvt.d.l fs4, a7
core   0: 1 0x0000000080005698 (0xd228fa53) f20 0x0000000000000000
core   0: 0x000000008000569c (0x0203e133) rem     sp, t2, zero
core   0: 1 0x000000008000569c (0x0203e133) x2  0x0000000000000442
core   0: 0x00000000800056a0 (0x002e9eb3) sll     t4, t4, sp
core   0: 1 0x00000000800056a0 (0x002e9eb3) x29 0x0000000000000000
core   0: 0x00000000800056a4 (0x01db123b) sllw    tp, s6, t4
core   0: 1 0x00000000800056a4 (0x01db123b) x4  0x0000000000000000
core   0: 0x00000000800056a8 (0xd037f7d3) fcvt.s.lu fa5, a5
core   0: 1 0x00000000800056a8 (0xd037f7d3) c1_fflags 0x000000000000001f f15 0xffffffff4f000056
core   0: 0x00000000800056ac (0xd22af253) fcvt.d.l ft4, s5
core   0: 1 0x00000000800056ac (0xd22af253) c1_fflags 0x000000000000001f f4  0x43e0000000000000
core   0: 0x00000000800056b0 (0x00259673) csrrw   a2, frm, a1
core   0: 1 0x00000000800056b0 (0x00259673) x12 0x0000000000000000 c2_frm 0x0000000000000003
core   0: 0x00000000800056b4 (0x40e00e33) sub     t3, zero, a4
core   0: 1 0x00000000800056b4 (0x40e00e33) x28 0xfffffffffffffffe
core   0: 0x00000000800056b8 (0x203cfd93) andi    s11, s9, 515
core   0: 1 0x00000000800056b8 (0x203cfd93) x27 0x0000000000000000
core   0: 0x00000000800056bc (0x0174dbb3) srl     s7, s1, s7
core   0: 1 0x00000000800056bc (0x0174dbb3) x23 0x0000000000000000
core   0: 0x00000000800056c0 (0x80046013) prefetch.i -2048(s0)
core   0: 1 0x00000000800056c0 (0x80046013)
core   0: 0x00000000800056c4 (0x02e7d213) srli    tp, a5, 46
core   0: 1 0x00000000800056c4 (0x02e7d213) x4  0x0000000000000000
core   0: 0x00000000800056c8 (0xa2477a43) fmadd.d fs4, fa4, ft4, fs4
core   0: 1 0x00000000800056c8 (0xa2477a43) f20 0x7ff8000000000000
core   0: 0x00000000800056cc (0xc02a7353) fcvt.l.s t1, fs4
core   0: 1 0x00000000800056cc (0xc02a7353) c1_fflags 0x000000000000001f x6  0x7fffffffffffffff
core   0: 0x00000000800056d0 (0x004759bb) srlw    s3, a4, tp
core   0: 1 0x00000000800056d0 (0x004759bb) x19 0x0000000000000002
core   0: 0x00000000800056d4 (0xc20277d3) fcvt.w.d a5, ft4
core   0: 1 0x00000000800056d4 (0xc20277d3) c1_fflags 0x000000000000001f x15 0x000000007fffffff
core   0: 0x00000000800056d8 (0xc22dfcd3) fcvt.l.d s9, fs11
core   0: 1 0x00000000800056d8 (0xc22dfcd3) c1_fflags 0x000000000000001f x25 0x7fffffffffffffff
core   0: 0x00000000800056dc (0xd22cf453) fcvt.d.l fs0, s9
core   0: 1 0x00000000800056dc (0xd22cf453) c1_fflags 0x000000000000001f f8  0x43e0000000000000
core   0: 0x00000000800056e0 (0x03c72733) mulhsu  a4, a4, t3
core   0: 1 0x00000000800056e0 (0x03c72733) x14 0x0000000000000001
core   0: 0x00000000800056e4 (0xe2018453) fmv.x.d s0, ft3
core   0: 1 0x00000000800056e4 (0xe2018453) x8  0x7ff8000000000000
core   0: 0x00000000800056e8 (0x039bccbb) divw    s9, s7, s9
core   0: 1 0x00000000800056e8 (0x039bccbb) x25 0x0000000000000000
core   0: 0x00000000800056ec (0x0ff0000f) fence   iorw,iorw
core   0: 1 0x00000000800056ec (0x0ff0000f)
core   0: 0x00000000800056f0 (0x00000001) c.nop
core   0: 1 0x00000000800056f0 (0x0001)
core   0: 0x00000000800056f2 (0x0098d4bb) srlw    s1, a7, s1
core   0: 1 0x00000000800056f2 (0x0098d4bb) x9  0x0000000000000000
core   0: 0x00000000800056f6 (0xc02670d3) fcvt.l.s ra, fa2
core   0: 1 0x00000000800056f6 (0xc02670d3) c1_fflags 0x000000000000001f x1  0x7fffffffffffffff
core   0: 0x00000000800056fa (0x401174d3) fcvt.s.d fs1, ft2
core   0: 1 0x00000000800056fa (0x401174d3) f9  0xffffffff00000000
core   0: 0x00000000800056fe (0x00d408bb) addw    a7, s0, a3
core   0: 1 0x00000000800056fe (0x00d408bb) x17 0x0000000000000000
core   0: 0x0000000080005702 (0x01aa129b) slliw   t0, s4, 26
core   0: 1 0x0000000080005702 (0x01aa129b) x5  0xfffffffffc000000
core   0: 0x0000000080005706 (0x7ff4f513) andi    a0, s1, 2047
core   0: 1 0x0000000080005706 (0x7ff4f513) x10 0x0000000000000000
core   0: 0x000000008000570a (0x800e871b) addiw   a4, t4, -2048
core   0: 1 0x000000008000570a (0x800e871b) x14 0xfffffffffffff800
core   0: 0x000000008000570e (0x02f25cb3) divu    s9, tp, a5
core   0: 1 0x000000008000570e (0x02f25cb3) x25 0x0000000000000000
core   0: 0x0000000080005712 (0x410b1597) auipc   a1, 0x410b1
core   0: 1 0x0000000080005712 (0x410b1597) x11 0x00000000c10b6712
core   0: 0x0000000080005716 (0xc20f76d3) fcvt.w.d a3, ft10
core   0: 1 0x0000000080005716 (0xc20f76d3) c1_fflags 0x000000000000001f x13 0x000000007fffffff
core   0: 0x000000008000571a (0x4a23fdcf) fnmadd.d fs11, ft7, ft2, fs1
core   0: 1 0x000000008000571a (0x4a23fdcf) f27 0x7ff8000000000000
core   0: 0x000000008000571e (0xd03c7653) fcvt.s.lu fa2, s8
core   0: 1 0x000000008000571e (0xd03c7653) c1_fflags 0x000000000000001f f12 0xffffffff4f000060
core   0: 0x0000000080005722 (0xbd3ae093) ori     ra, s5, -1069
core   0: 1 0x0000000080005722 (0xbd3ae093) x1  0xffffffffffffffff
core   0: 0x0000000080005726 (0x02533433) mulhu   s0, t1, t0
core   0: 1 0x0000000080005726 (0x02533433) x8  0x7ffffffffdffffff
core   0: 0x000000008000572a (0x0192cdb3) xor     s11, t0, s9
core   0: 1 0x000000008000572a (0x0192cdb3) x27 0xfffffffffc000000
core   0: 0x000000008000572e (0x0026c7b3) xor     a5, a3, sp
core   0: 1 0x000000008000572e (0x0026c7b3) x15 0x000000007ffffbbd
core   0: 0x0000000080005732 (0x7bad7d4b) fnmsub.d fs10, fs10, fs10, fa5
core   0: 1 0x0000000080005732 (0x7bad7d4b) f26 0x7ff8000000000000
core   0: 0x0000000080005736 (0x401e55bb) sraw    a1, t3, ra
core   0: 1 0x0000000080005736 (0x401e55bb) x11 0xffffffffffffffff
core   0: 0x000000008000573a (0x404a8d3b) subw    s10, s5, tp
core   0: 1 0x000000008000573a (0x404a8d3b) x26 0xffffffffffffffff
core   0: 0x000000008000573e (0x0208f853) fadd.d  fa6, fa7, ft0
core   0: 1 0x000000008000573e (0x0208f853) f16 0x7ff8000000000000
core   0: 0x0000000080005742 (0x035a603b) remw    zero, s4, s5
core   0: 1 0x0000000080005742 (0x035a603b)
core   0: 0x0000000080005746 (0x2a4d0ad3) fmin.d  fs5, fs10, ft4
core   0: 1 0x0000000080005746 (0x2a4d0ad3) f21 0x43e0000000000000
core   0: 0x000000008000574a (0x0ff0000f) fence   iorw,iorw
core   0: 1 0x000000008000574a (0x0ff0000f)
core   0: 0x000000008000574e (0x401c5c1b) sraiw   s8, s8, 1
core   0: 1 0x000000008000574e (0x401c5c1b) x24 0xffffffffc0002fee
core   0: 0x0000000080005752 (0x40685713) srai    a4, a6, 6
core   0: 1 0x0000000080005752 (0x40685713) x14 0x0000000000000000
core   0: 0x0000000080005756 (0x7ff66993) ori     s3, a2, 2047
core   0: 1 0x0000000080005756 (0x7ff66993) x19 0x00000000000007ff
core   0: 0x000000008000575a (0x23be0353) fsgnj.d ft6, ft8, fs11
core   0: 1 0x000000008000575a (0x23be0353) f6  0x7ff8000000000000
core   0: 0x000000008000575e (0x0ff0000f) fence   iorw,iorw
core   0: 1 0x000000008000575e (0x0ff0000f)
core   0: 0x0000000080005762 (0x000416b3) sll     a3, s0, zero
core   0: 1 0x0000000080005762 (0x000416b3) x13 0x7ffffffffdffffff
core   0: 0x0000000080005766 (0x01984833) xor     a6, a6, s9
core   0: 1 0x0000000080005766 (0x01984833) x16 0x000000000000001f
core   0: 0x000000008000576a (0xd03872d3) fcvt.s.lu ft5, a6
core   0: 1 0x000000008000576a (0xd03872d3) f5  0xffffffff41f80000
core   0: 0x000000008000576e (0x011d8cbb) addw    s9, s11, a7
core   0: 1 0x000000008000576e (0x011d8cbb) x25 0xfffffffffc000000
core   0: 0x0000000080005772 (0xd30dfe93) andi    t4, s11, -720
core   0: 1 0x0000000080005772 (0xd30dfe93) x29 0xfffffffffc000000
core   0: 0x0000000080005776 (0x010cc1b3) xor     gp, s9, a6
core   0: 1 0x0000000080005776 (0x010cc1b3) x3  0xfffffffffc00001f
core   0: 0x000000008000577a (0x0391c2bb) divw    t0, gp, s9
core   0: 1 0x000000008000577a (0x0391c2bb) x5  0x0000000000000000
core   0: 0x000000008000577e (0x8007e093) ori     ra, a5, -2048
core   0: 1 0x000000008000577e (0x8007e093) x1  0xfffffffffffffbbd
core   0: 0x0000000080005782 (0x2adf9ad3) fmax.d  fs5, ft11, fa3
core   0: 1 0x0000000080005782 (0x2adf9ad3) f21 0x7ff8000000000000
core   0: 0x0000000080005786 (0xc034f053) fcvt.lu.s zero, fs1
core   0: 1 0x0000000080005786 (0xc034f053)
core   0: 0x000000008000578a (0x020b3b33) mulhu   s6, s6, zero
core   0: 1 0x000000008000578a (0x020b3b33) x22 0x0000000000000000
core   0: 0x000000008000578e (0x00109073) csrrw   zero, fflags, ra
core   0: 1 0x000000008000578e (0x00109073) c1_fflags 0x000000000000001d
core   0: 0x0000000080005792 (0x406355b3) sra     a1, t1, t1
core   0: 1 0x0000000080005792 (0x406355b3) x11 0x0000000000000000
core   0: 0x0000000080005796 (0x401f7c53) fcvt.s.d fs8, ft10
core   0: 1 0x0000000080005796 (0x401f7c53) f24 0xffffffff7fc00000
core   0: 0x000000008000579a (0xc23cf153) fcvt.lu.d sp, fs9
core   0: 1 0x000000008000579a (0xc23cf153) x2  0x0000000013e91e64
core   0: 0x000000008000579e (0x02be01bb) mulw    gp, t3, a1
core   0: 1 0x000000008000579e (0x02be01bb) x3  0x0000000000000000
core   0: 0x00000000800057a2 (0x019ceab3) or      s5, s9, s9
core   0: 1 0x00000000800057a2 (0x019ceab3) x21 0xfffffffffc000000
core   0: 0x00000000800057a6 (0x01d31ebb) sllw    t4, t1, t4
core   0: 1 0x00000000800057a6 (0x01d31ebb) x29 0xffffffffffffffff
core   0: 0x00000000800057aa (0x034d1d33) mulh    s10, s10, s4
core   0: 1 0x00000000800057aa (0x034d1d33) x26 0x0000000000000000
core   0: 0x00000000800057ae (0x0014841b) addiw   s0, s1, 1
core   0: 1 0x00000000800057ae (0x0014841b) x8  0x0000000000000001
core   0: 0x00000000800057b2 (0x0016099b) addiw   s3, a2, 1
core   0: 1 0x00000000800057b2 (0x0016099b) x19 0x0000000000000001
core   0: 0x00000000800057b6 (0x00190c93) addi    s9, s2, 1
core   0: 1 0x00000000800057b6 (0x00190c93) x25 0x0000000000000001
core   0: 0x00000000800057ba (0x00bc41b3) xor     gp, s8, a1
core   0: 1 0x00000000800057ba (0x00bc41b3) x3  0xffffffffc0002fee
core   0: 0x00000000800057be (0xd23a7d53) fcvt.d.lu fs10, s4
core   0: 1 0x00000000800057be (0xd23a7d53) c1_fflags 0x000000000000001d f26 0x43f0000000000000
core   0: 0x00000000800057c2 (0x0141d893) srli    a7, gp, 20
core   0: 1 0x00000000800057c2 (0x0141d893) x17 0x00000ffffffffc00
core   0: 0x00000000800057c6 (0xd20b8553) fcvt.d.w fa0, s7
core   0: 1 0x00000000800057c6 (0xd20b8553) f10 0x0000000000000000
core   0: 0x00000000800057ca (0x00202973) csrrs   s2, frm, zero
core   0: 1 0x00000000800057ca (0x00202973) x18 0x0000000000000003
core   0: 0x00000000800057ce (0xc03d7ed3) fcvt.lu.s t4, fs10
core   0: 1 0x00000000800057ce (0xc03d7ed3) c1_fflags 0x000000000000001d x29 0xffffffffffffffff
core   0: 0x00000000800057d2 (0xa27107d3) fle.d   a5, ft2, ft7
core   0: 1 0x00000000800057d2 (0xa27107d3) c1_fflags 0x000000000000001d x15 0x0000000000000000
core   0: 0x00000000800057d6 (0x00000001) c.nop
core   0: 1 0x00000000800057d6 (0x0001)
core   0: 0x00000000800057d8 (0x033370bb) remuw   ra, t1, s3
core   0: 1 0x00000000800057d8 (0x033370bb) x1  0x0000000000000000
core   0: 0x00000000800057dc (0x00171773) csrrw   a4, fflags, a4
core   0: 1 0x00000000800057dc (0x00171773) x14 0x000000000000001d c1_fflags 0x0000000000000000
core   0: 0x00000000800057e0 (0xc033fd53) fcvt.lu.s s10, ft7
core   0: 1 0x00000000800057e0 (0xc033fd53) c1_fflags 0x0000000000000010 x26 0xffffffffffffffff
core   0: 0x00000000800057e4 (0x023b7853) fadd.d  fa6, fs6, ft3
core   0: 1 0x00000000800057e4 (0x023b7853) f16 0x7ff8000000000000
core   0: 0x00000000800057e8 (0xc0006bf3) csrrsi  s7, cycle, 0
core   0: exception trap_illegal_instruction, epc 0x00000000800057e8
core   0:           tval 0x00000000c0006bf3
core   0: >>>>  $xrv64i2p1_m2p0_a2p1_f2p2_d2p2_zicsr2p0_zifencei2p0_zmmul1p0_zba1p0_zbb1p0_zbc1p0_zbs1p0
core   0: 0x0000000080004000 (0x0080006f) j       pc + 0x8
core   0: 3 0x0000000080004000 (0x0080006f)
core   0: >>>>  mmode_exception_handler
core   0: 0x0000000080004008 (0x00002c17) auipc   s8, 0x2
core   0: 3 0x0000000080004008 (0x00002c17) x24 0x0000000080006008
core   0: 0x000000008000400c (0xfd4c0c13) addi    s8, s8, -44
core   0: 3 0x000000008000400c (0xfd4c0c13) x24 0x0000000080005fdc
core   0: 0x0000000080004010 (0x000c00e7) jalr    s8
core   0: 3 0x0000000080004010 (0x000c00e7) x1  0x0000000080004014
core   0: >>>>  any_handler
core   0: 0x0000000080005fdc (0x341027f3) csrrs   a5, mepc, zero
core   0: 3 0x0000000080005fdc (0x341027f3) x15 0x00000000800057e8
core   0: 0x0000000080005fe0 (0x34202773) csrrs   a4, mcause, zero
core   0: 3 0x0000000080005fe0 (0x34202773) x14 0x0000000000000002
core   0: 0x0000000080005fe4 (0x142026f3) csrrs   a3, scause, zero
core   0: 3 0x0000000080005fe4 (0x142026f3) x13 0x0000000000000000
core   0: 0x0000000080005fe8 (0x30402673) csrrs   a2, mie, zero
core   0: 3 0x0000000080005fe8 (0x30402673) x12 0x0000000000000a00
core   0: 0x0000000080005fec (0x344025f3) csrrs   a1, mip, zero
core   0: 3 0x0000000080005fec (0x344025f3) x11 0x0000000000000080
core   0: 0x0000000080005ff0 (0x343025f3) csrrs   a1, mtval, zero
core   0: 3 0x0000000080005ff0 (0x343025f3) x11 0x00000000c0006bf3
core   0: 0x0000000080005ff4 (0x14302573) csrrs   a0, stval, zero
core   0: 3 0x0000000080005ff4 (0x14302573) x10 0xffffffffffffffff
core   0: 0x0000000080005ff8 (0xb02024f3) csrrs   s1, minstret, zero
core   0: 3 0x0000000080005ff8 (0xb02024f3) x9  0x0000000000001013
core   0: 0x0000000080005ffc (0x0000a811) c.j     pc + 20
core   0: 3 0x0000000080005ffc (0xa811)
core   0: >>>>  mepc_4
core   0: 0x0000000080006010 (0x00000791) c.addi  a5, 4
core   0: 3 0x0000000080006010 (0x0791) x15 0x00000000800057ec
core   0: 0x0000000080006012 (0x34179073) csrrw   zero, mepc, a5
core   0: 3 0x0000000080006012 (0x34179073) c833_mepc 0x00000000800057ec
core   0: 0x0000000080006016 (0x30200073) mret
core   0: 3 0x0000000080006016 (0x30200073) c768_mstatus 0x8000000a00106080
core   0: 0x00000000800057ec (0x009e8633) add     a2, t4, s1
core   0: 1 0x00000000800057ec (0x009e8633) x12 0x0000000000001012
core   0: 0x00000000800057f0 (0x0ff0000f) fence   iorw,iorw
core   0: 1 0x00000000800057f0 (0x0ff0000f)
core   0: 0x00000000800057f4 (0x00000001) c.nop
core   0: 1 0x00000000800057f4 (0x0001)
core   0: 0x00000000800057f6 (0x409489bb) subw    s3, s1, s1
core   0: 1 0x00000000800057f6 (0x409489bb) x19 0x0000000000000000
core   0: 0x00000000800057fa (0x234194d3) fsgnjn.d fs1, ft3, fs4
core   0: 1 0x00000000800057fa (0x234194d3) f9  0xfff8000000000000
core   0: 0x00000000800057fe (0x0396c8bb) divw    a7, a3, s9
core   0: 1 0x00000000800057fe (0x0396c8bb) x17 0x0000000000000000
core   0: 0x0000000080005802 (0x22f7ab53) fsgnjx.d fs6, fa5, fa5
core   0: 1 0x0000000080005802 (0x22f7ab53) f22 0x7fffffff4f000056
core   0: 0x0000000080005806 (0x03188633) mul     a2, a7, a7
core   0: 1 0x0000000080005806 (0x03188633) x12 0x0000000000000000
core   0: 0x000000008000580a (0xf1215173) csrrwi  sp, marchid, 2
core   0: exception trap_illegal_instruction, epc 0x000000008000580a
core   0:           tval 0x00000000f1215173
core   0: >>>>  $xrv64i2p1_m2p0_a2p1_f2p2_d2p2_zicsr2p0_zifencei2p0_zmmul1p0_zba1p0_zbb1p0_zbc1p0_zbs1p0
core   0: 0x0000000080004000 (0x0080006f) j       pc + 0x8
core   0: 3 0x0000000080004000 (0x0080006f)
core   0: >>>>  mmode_exception_handler
core   0: 0x0000000080004008 (0x00002c17) auipc   s8, 0x2
core   0: 3 0x0000000080004008 (0x00002c17) x24 0x0000000080006008
core   0: 0x000000008000400c (0xfd4c0c13) addi    s8, s8, -44
core   0: 3 0x000000008000400c (0xfd4c0c13) x24 0x0000000080005fdc
core   0: 0x0000000080004010 (0x000c00e7) jalr    s8
core   0: 3 0x0000000080004010 (0x000c00e7) x1  0x0000000080004014
core   0: >>>>  any_handler
core   0: 0x0000000080005fdc (0x341027f3) csrrs   a5, mepc, zero
core   0: 3 0x0000000080005fdc (0x341027f3) x15 0x000000008000580a
core   0: 0x0000000080005fe0 (0x34202773) csrrs   a4, mcause, zero
core   0: 3 0x0000000080005fe0 (0x34202773) x14 0x0000000000000002
core   0: 0x0000000080005fe4 (0x142026f3) csrrs   a3, scause, zero
core   0: 3 0x0000000080005fe4 (0x142026f3) x13 0x0000000000000000
core   0: 0x0000000080005fe8 (0x30402673) csrrs   a2, mie, zero
core   0: 3 0x0000000080005fe8 (0x30402673) x12 0x0000000000000a00
core   0: 0x0000000080005fec (0x344025f3) csrrs   a1, mip, zero
core   0: 3 0x0000000080005fec (0x344025f3) x11 0x0000000000000080
core   0: 0x0000000080005ff0 (0x343025f3) csrrs   a1, mtval, zero
core   0: 3 0x0000000080005ff0 (0x343025f3) x11 0x00000000f1215173
core   0: 0x0000000080005ff4 (0x14302573) csrrs   a0, stval, zero
core   0: 3 0x0000000080005ff4 (0x14302573) x10 0xffffffffffffffff
core   0: 0x0000000080005ff8 (0xb02024f3) csrrs   s1, minstret, zero
core   0: 3 0x0000000080005ff8 (0xb02024f3) x9  0x000000000000102b
core   0: 0x0000000080005ffc (0x0000a811) c.j     pc + 20
core   0: 3 0x0000000080005ffc (0xa811)
core   0: >>>>  mepc_4
core   0: 0x0000000080006010 (0x00000791) c.addi  a5, 4
core   0: 3 0x0000000080006010 (0x0791) x15 0x000000008000580e
core   0: 0x0000000080006012 (0x34179073) csrrw   zero, mepc, a5
core   0: 3 0x0000000080006012 (0x34179073) c833_mepc 0x000000008000580e
core   0: 0x0000000080006016 (0x30200073) mret
core   0: 3 0x0000000080006016 (0x30200073) c768_mstatus 0x8000000a00106080
core   0: 0x000000008000580e (0x032309b3) mul     s3, t1, s2
core   0: 1 0x000000008000580e (0x032309b3) x19 0x7ffffffffffffffd
core   0: 0x0000000080005812 (0x00099a9b) slliw   s5, s3, 0
core   0: 1 0x0000000080005812 (0x00099a9b) x21 0xfffffffffffffffd
core   0: 0x0000000080005816 (0xc02ffcd3) fcvt.l.s s9, ft11
core   0: 1 0x0000000080005816 (0xc02ffcd3) x25 0x0000000000000000
core   0: 0x000000008000581a (0xfb841bb7) lui     s7, 0xfb841
core   0: 1 0x000000008000581a (0xfb841bb7) x23 0xfffffffffb841000
core   0: 0x000000008000581e (0xae7b8b9b) addiw   s7, s7, -1305
core   0: 1 0x000000008000581e (0xae7b8b9b) x23 0xfffffffffb840ae7
core   0: 0x0000000080005822 (0x00000bb2) c.slli  s7, 12
core   0: 1 0x0000000080005822 (0x0bb2) x23 0xffffffb840ae7000
core   0: 0x0000000080005824 (0x237b8b93) addi    s7, s7, 567
core   0: 1 0x0000000080005824 (0x237b8b93) x23 0xffffffb840ae7237
core   0: 0x0000000080005828 (0x019591bb) sllw    gp, a1, s9
core   0: 1 0x0000000080005828 (0x019591bb) x3  0xfffffffff1215173
core   0: 0x000000008000582c (0x002050bb) srlw    ra, zero, sp
core   0: 1 0x000000008000582c (0x002050bb) x1  0x0000000000000000
core   0: 0x0000000080005830 (0x1400bcf3) csrrc   s9, sscratch, ra
core   0: 1 0x0000000080005830 (0x1400bcf3) x25 0x0000000000000000 c320_sscratch 0x0000000000000000
core   0: 0x0000000080005834 (0xd63e0e1b) addiw   t3, t3, -669
core   0: 1 0x0000000080005834 (0xd63e0e1b) x28 0xfffffffffffffd61
core   0: 0x0000000080005838 (0x013c853b) addw    a0, s9, s3
core   0: 1 0x0000000080005838 (0x013c853b) x10 0xfffffffffffffffd
core   0: 0x000000008000583c (0xe375fec3) fmadd.d ft9, fa1, fs7, ft8
core   0: 1 0x000000008000583c (0xe375fec3) f29 0x7ff8000000000000
core   0: 0x0000000080005840 (0x02c42a33) mulhsu  s4, s0, a2
core   0: 1 0x0000000080005840 (0x02c42a33) x20 0x0000000000000000
core   0: 0x0000000080005844 (0x014bf833) and     a6, s7, s4
core   0: 1 0x0000000080005844 (0x014bf833) x16 0x0000000000000000
core   0: 0x0000000080005848 (0x039b4cbb) divw    s9, s6, s9
core   0: 1 0x0000000080005848 (0x039b4cbb) x25 0xffffffffffffffff
core   0: 0x000000008000584c (0x01f3531b) srliw   t1, t1, 31
core   0: 1 0x000000008000584c (0x01f3531b) x6  0x0000000000000001
core   0: 0x0000000080005850 (0xbd309217) auipc   tp, 0xbd309
core   0: 1 0x0000000080005850 (0xbd309217) x4  0x000000003d30e850
core   0: 0x0000000080005854 (0x401474d3) fcvt.s.d fs1, fs0
core   0: 1 0x0000000080005854 (0x401474d3) f9  0xffffffff5f000000
core   0: 0x0000000080005858 (0x02e068bb) remw    a7, zero, a4
core   0: 1 0x0000000080005858 (0x02e068bb) x17 0x0000000000000000
core   0: 0x000000008000585c (0xd02177d3) fcvt.s.l fa5, sp
core   0: 1 0x000000008000585c (0xd02177d3) c1_fflags 0x0000000000000011 f15 0xffffffff4d9f48f4
core   0: 0x0000000080005860 (0x633bcb13) xori    s6, s7, 1587
core   0: 1 0x0000000080005860 (0x633bcb13) x22 0xffffffb840ae7404
core   0: 0x0000000080005864 (0x4118d0b3) sra     ra, a7, a7
core   0: 1 0x0000000080005864 (0x4118d0b3) x1  0x0000000000000000
core   0: 0x0000000080005868 (0x03133833) mulhu   a6, t1, a7
core   0: 1 0x0000000080005868 (0x03133833) x16 0x0000000000000000
core   0: 0x000000008000586c (0x001a1cf3) csrrw   s9, fflags, s4
core   0: 1 0x000000008000586c (0x001a1cf3) x25 0x0000000000000011 c1_fflags 0x0000000000000000
core   0: 0x0000000080005870 (0xc010fe73) csrrci  t3, time, 1
core   0: exception trap_illegal_instruction, epc 0x0000000080005870
core   0:           tval 0x00000000c010fe73
core   0: >>>>  $xrv64i2p1_m2p0_a2p1_f2p2_d2p2_zicsr2p0_zifencei2p0_zmmul1p0_zba1p0_zbb1p0_zbc1p0_zbs1p0
core   0: 0x0000000080004000 (0x0080006f) j       pc + 0x8
core   0: 3 0x0000000080004000 (0x0080006f)
core   0: >>>>  mmode_exception_handler
core   0: 0x0000000080004008 (0x00002c17) auipc   s8, 0x2
core   0: 3 0x0000000080004008 (0x00002c17) x24 0x0000000080006008
core   0: 0x000000008000400c (0xfd4c0c13) addi    s8, s8, -44
core   0: 3 0x000000008000400c (0xfd4c0c13) x24 0x0000000080005fdc
core   0: 0x0000000080004010 (0x000c00e7) jalr    s8
core   0: 3 0x0000000080004010 (0x000c00e7) x1  0x0000000080004014
core   0: >>>>  any_handler
core   0: 0x0000000080005fdc (0x341027f3) csrrs   a5, mepc, zero
core   0: 3 0x0000000080005fdc (0x341027f3) x15 0x0000000080005870
core   0: 0x0000000080005fe0 (0x34202773) csrrs   a4, mcause, zero
core   0: 3 0x0000000080005fe0 (0x34202773) x14 0x0000000000000002
core   0: 0x0000000080005fe4 (0x142026f3) csrrs   a3, scause, zero
core   0: 3 0x0000000080005fe4 (0x142026f3) x13 0x0000000000000000
core   0: 0x0000000080005fe8 (0x30402673) csrrs   a2, mie, zero
core   0: 3 0x0000000080005fe8 (0x30402673) x12 0x0000000000000a00
core   0: 0x0000000080005fec (0x344025f3) csrrs   a1, mip, zero
core   0: 3 0x0000000080005fec (0x344025f3) x11 0x0000000000000080
core   0: 0x0000000080005ff0 (0x343025f3) csrrs   a1, mtval, zero
core   0: 3 0x0000000080005ff0 (0x343025f3) x11 0x00000000c010fe73
core   0: 0x0000000080005ff4 (0x14302573) csrrs   a0, stval, zero
core   0: 3 0x0000000080005ff4 (0x14302573) x10 0xffffffffffffffff
core   0: 0x0000000080005ff8 (0xb02024f3) csrrs   s1, minstret, zero
core   0: 3 0x0000000080005ff8 (0xb02024f3) x9  0x0000000000001054
core   0: 0x0000000080005ffc (0x0000a811) c.j     pc + 20
core   0: 3 0x0000000080005ffc (0xa811)
core   0: >>>>  mepc_4
core   0: 0x0000000080006010 (0x00000791) c.addi  a5, 4
core   0: 3 0x0000000080006010 (0x0791) x15 0x0000000080005874
core   0: 0x0000000080006012 (0x34179073) csrrw   zero, mepc, a5
core   0: 3 0x0000000080006012 (0x34179073) c833_mepc 0x0000000080005874
core   0: 0x0000000080006016 (0x30200073) mret
core   0: 3 0x0000000080006016 (0x30200073) c768_mstatus 0x8000000a00106080
core   0: 0x0000000080005874 (0xc03bfad3) fcvt.lu.s s5, fs7
core   0: 1 0x0000000080005874 (0xc03bfad3) c1_fflags 0x0000000000000010 x21 0xffffffffffffffff
core   0: 0x0000000080005878 (0x00045613) srli    a2, s0, 0
core   0: 1 0x0000000080005878 (0x00045613) x12 0x0000000000000001
core   0: 0x000000008000587c (0x02c5803b) mulw    zero, a1, a2
core   0: 1 0x000000008000587c (0x02c5803b)
core   0: 0x0000000080005880 (0x6ad6f6c7) fmsub.d fa3, fa3, fa3, fa3
core   0: 1 0x0000000080005880 (0x6ad6f6c7) f13 0x7ff8000000000000
core   0: 0x0000000080005884 (0x0012d237) lui     tp, 0x12d
core   0: 1 0x0000000080005884 (0x0012d237) x4  0x000000000012d000
core   0: 0x0000000080005888 (0xfdb2021b) addiw   tp, tp, -37
core   0: 1 0x0000000080005888 (0xfdb2021b) x4  0x000000000012cfdb
core   0: 0x000000008000588c (0x00000246) c.slli  tp, 17
core   0: 1 0x000000008000588c (0x0246) x4  0x000000259fb60000
core   0: 0x000000008000588e (0xbaa20213) addi    tp, tp, -1110
core   0: 1 0x000000008000588e (0xbaa20213) x4  0x000000259fb5fbaa
core   0: 0x0000000080005892 (0x00000001) c.nop
core   0: 1 0x0000000080005892 (0x0001)
core   0: 0x0000000080005894 (0x4001d193) srai    gp, gp, 0
core   0: 1 0x0000000080005894 (0x4001d193) x3  0xfffffffff1215173
core   0: 0x0000000080005898 (0x00102673) csrrs   a2, fflags, zero
core   0: 1 0x0000000080005898 (0x00102673) x12 0x0000000000000010
core   0: 0x000000008000589c (0x00102873) csrrs   a6, fflags, zero
core   0: 1 0x000000008000589c (0x00102873) x16 0x0000000000000010
core   0: 0x00000000800058a0 (0x01ceea37) lui     s4, 0x1cee
core   0: 1 0x00000000800058a0 (0x01ceea37) x20 0x0000000001cee000
core   0: 0x00000000800058a4 (0x995a0a1b) addiw   s4, s4, -1643
core   0: 1 0x00000000800058a4 (0x995a0a1b) x20 0x0000000001ced995
core   0: 0x00000000800058a8 (0x00000a32) c.slli  s4, 12
core   0: 1 0x00000000800058a8 (0x0a32) x20 0x0000001ced995000
core   0: 0x00000000800058aa (0x73fa0a13) addi    s4, s4, 1855
core   0: 1 0x00000000800058aa (0x73fa0a13) x20 0x0000001ced99573f
core   0: 0x00000000800058ae (0x40085993) srai    s3, a6, 0
core   0: 1 0x00000000800058ae (0x40085993) x19 0x0000000000000010
core   0: 0x00000000800058b2 (0x0139dc3b) srlw    s8, s3, s3
core   0: 1 0x00000000800058b2 (0x0139dc3b) x24 0x0000000000000000
core   0: 0x00000000800058b6 (0x01f9101b) slliw   zero, s2, 31
core   0: 1 0x00000000800058b6 (0x01f9101b)
core   0: 0x00000000800058ba (0x420a8b53) fcvt.d.s fs6, fs5
core   0: 1 0x00000000800058ba (0x420a8b53) f22 0x7ff8000000000000
core   0: 0x00000000800058be (0x02092ab3) mulhsu  s5, s2, zero
core   0: 1 0x00000000800058be (0x02092ab3) x21 0x0000000000000000
core   0: 0x00000000800058c2 (0x0a427253) fsub.d  ft4, ft4, ft4
core   0: 1 0x00000000800058c2 (0x0a427253) f4  0x0000000000000000
core   0: 0x00000000800058c6 (0x0ff0000f) fence   iorw,iorw
core   0: 1 0x00000000800058c6 (0x0ff0000f)
core   0: 0x00000000800058ca (0x00000c6a) c.slli  s8, 26
core   0: 1 0x00000000800058ca (0x0c6a) x24 0x0000000000000000
core   0: 0x00000000800058cc (0x00102b73) csrrs   s6, fflags, zero
core   0: 1 0x00000000800058cc (0x00102b73) x22 0x0000000000000010
core   0: 0x00000000800058d0 (0x1b1b70d3) fdiv.d  ft1, fs6, fa7
core   0: 1 0x00000000800058d0 (0x1b1b70d3) f1  0x7ff8000000000000
core   0: 0x00000000800058d4 (0xc03b7a53) fcvt.lu.s s4, fs6
core   0: 1 0x00000000800058d4 (0xc03b7a53) c1_fflags 0x0000000000000010 x20 0xffffffffffffffff
core   0: 0x00000000800058d8 (0x00f500bb) addw    ra, a0, a5
core   0: 1 0x00000000800058d8 (0x00f500bb) x1  0xffffffff80005873
core   0: 0x00000000800058dc (0x03d0e3b3) rem     t2, ra, t4
core   0: 1 0x00000000800058dc (0x03d0e3b3) x7  0x0000000000000000
core   0: 0x00000000800058e0 (0x0121593b) srlw    s2, sp, s2
core   0: 1 0x00000000800058e0 (0x0121593b) x18 0x00000000027d23cc
core   0: 0x00000000800058e4 (0x417a5a1b) sraiw   s4, s4, 23
core   0: 1 0x00000000800058e4 (0x417a5a1b) x20 0xffffffffffffffff
core   0: 0x00000000800058e8 (0x03485a33) divu    s4, a6, s4
core   0: 1 0x00000000800058e8 (0x03485a33) x20 0x0000000000000000
core   0: 0x00000000800058ec (0x2a22f14f) fnmadd.d ft2, ft5, ft2, ft5
core   0: 1 0x00000000800058ec (0x2a22f14f) f2  0x7ff8000000000000
core   0: 0x00000000800058f0 (0x05d60613) addi    a2, a2, 93
core   0: 1 0x00000000800058f0 (0x05d60613) x12 0x000000000000006d
core   0: 0x00000000800058f4 (0x87893c37) lui     s8, 0x87893
core   0: 1 0x00000000800058f4 (0x87893c37) x24 0xffffffff87893000
core   0: 0x00000000800058f8 (0xd54c15b7) lui     a1, 0xd54c1
core   0: 1 0x00000000800058f8 (0xd54c15b7) x11 0xffffffffd54c1000
core   0: 0x00000000800058fc (0xd220ff53) fcvt.d.l ft10, ra
core   0: 1 0x00000000800058fc (0xd220ff53) f30 0xc1dfffe9e3400000
core   0: 0x0000000080005900 (0x009e16bb) sllw    a3, t3, s1
core   0: 1 0x0000000080005900 (0x009e16bb) x13 0xffffffffd6100000
core   0: 0x0000000080005904 (0xe20e8353) fmv.x.d t1, ft9
core   0: 1 0x0000000080005904 (0xe20e8353) x6  0x7ff8000000000000
core   0: 0x0000000080005908 (0x154805b7) lui     a1, 0x15480
core   0: 1 0x0000000080005908 (0x154805b7) x11 0x0000000015480000
core   0: 0x000000008000590c (0x03b31db3) mulh    s11, t1, s11
core   0: 1 0x000000008000590c (0x03b31db3) x27 0xfffffffffe002000
core   0: 0x0000000080005910 (0xc20cf853) fcvt.w.d a6, fs9
core   0: 1 0x0000000080005910 (0xc20cf853) x16 0x0000000013e91e64
core   0: 0x0000000080005914 (0x03a0b3b3) mulhu   t2, ra, s10
core   0: 1 0x0000000080005914 (0x03a0b3b3) x7  0xffffffff80005872
core   0: 0x0000000080005918 (0xcce0e313) ori     t1, ra, -818
core   0: 1 0x0000000080005918 (0xcce0e313) x6  0xfffffffffffffcff
core   0: 0x000000008000591c (0x03532eb3) mulhsu  t4, t1, s5
core   0: 1 0x000000008000591c (0x03532eb3) x29 0x0000000000000000
core   0: 0x0000000080005920 (0x214a5597) auipc   a1, 0x214a5
core   0: 1 0x0000000080005920 (0x214a5597) x11 0x00000000a14aa920
core   0: 0x0000000080005924 (0x000ced37) lui     s10, 0xce
core   0: 1 0x0000000080005924 (0x000ced37) x26 0x00000000000ce000
core   0: 0x0000000080005928 (0x3d5d0d1b) addiw   s10, s10, 981
core   0: 1 0x0000000080005928 (0x3d5d0d1b) x26 0x00000000000ce3d5
core   0: 0x000000008000592c (0x00000d4e) c.slli  s10, 19
core   0: 1 0x000000008000592c (0x0d4e) x26 0x000000671ea80000
core   0: 0x000000008000592e (0x217d0d13) addi    s10, s10, 535
core   0: 1 0x000000008000592e (0x217d0d13) x26 0x000000671ea80217
core   0: 0x0000000080005932 (0x00158a1b) addiw   s4, a1, 1
core   0: 1 0x0000000080005932 (0x00158a1b) x20 0xffffffffa14aa921
core   0: 0x0000000080005936 (0x02f277b3) remu    a5, tp, a5
core   0: 1 0x0000000080005936 (0x02f277b3) x15 0x000000001f9c11ae
core   0: 0x000000008000593a (0x03c2493b) divw    s2, tp, t3
core   0: 1 0x000000008000593a (0x03c2493b) x18 0x000000000024bc7a
core   0: 0x000000008000593e (0x026777bb) remuw   a5, a4, t1
core   0: 1 0x000000008000593e (0x026777bb) x15 0x0000000000000002
core   0: 0x0000000080005942 (0x022f7053) fadd.d  ft0, ft10, ft2
core   0: 1 0x0000000080005942 (0x022f7053) f0  0x7ff8000000000000
core   0: 0x0000000080005946 (0xc21172d3) fcvt.wu.d t0, ft2
core   0: 1 0x0000000080005946 (0xc21172d3) c1_fflags 0x0000000000000010 x5  0xffffffffffffffff
core   0: 0x000000008000594a (0xd032fed3) fcvt.s.lu ft9, t0
core   0: 1 0x000000008000594a (0xd032fed3) c1_fflags 0x0000000000000011 f29 0xffffffff5f800000
core   0: 0x000000008000594e (0x00000001) c.nop
core   0: 1 0x000000008000594e (0x0001)
core   0: 0x0000000080005950 (0x014701bb) addw    gp, a4, s4
core   0: 1 0x0000000080005950 (0x014701bb) x3  0xffffffffa14aa923
core   0: 0x0000000080005954 (0x00101013) slli    zero, zero, 1
core   0: 1 0x0000000080005954 (0x00101013)
core   0: 0x0000000080005958 (0x408859b3) sra     s3, a6, s0
core   0: 1 0x0000000080005958 (0x408859b3) x19 0x0000000009f48f32
core   0: 0x000000008000595c (0xf20b8fd3) fmv.d.x ft11, s7
core   0: 1 0x000000008000595c (0xf20b8fd3) f31 0xffffffb840ae7237
core   0: 0x0000000080005960 (0x0000579b) srliw   a5, zero, 0
core   0: 1 0x0000000080005960 (0x0000579b) x15 0x0000000000000000
core   0: 0x0000000080005964 (0x025df83b) remuw   a6, s11, t0
core   0: 1 0x0000000080005964 (0x025df83b) x16 0xfffffffffe002000
core   0: 0x0000000080005968 (0x01f71d1b) slliw   s10, a4, 31
core   0: 1 0x0000000080005968 (0x01f71d1b) x26 0x0000000000000000
core   0: 0x000000008000596c (0x0013041b) addiw   s0, t1, 1
core   0: 1 0x000000008000596c (0x0013041b) x8  0xfffffffffffffd00
core   0: 0x0000000080005970 (0xd2130e53) fcvt.d.wu ft8, t1
core   0: 1 0x0000000080005970 (0xd2130e53) f28 0x41efffff9fe00000
core   0: 0x0000000080005974 (0x414a0e3b) subw    t3, s4, s4
core   0: 1 0x0000000080005974 (0x414a0e3b) x28 0x0000000000000000
core   0: 0x0000000080005978 (0x40eb533b) sraw    t1, s6, a4
core   0: 1 0x0000000080005978 (0x40eb533b) x6  0x0000000000000004
core   0: 0x000000008000597c (0x022aa133) mulhsu  sp, s5, sp
core   0: 1 0x000000008000597c (0x022aa133) x2  0x0000000000000000
core   0: 0x0000000080005980 (0xe2018c53) fmv.x.d s8, ft3
core   0: 1 0x0000000080005980 (0xe2018c53) x24 0x7ff8000000000000
core   0: 0x0000000080005984 (0x01ce563b) srlw    a2, t3, t3
core   0: 1 0x0000000080005984 (0x01ce563b) x12 0x0000000000000000
core   0: 0x0000000080005988 (0x23de9653) fsgnjn.d fa2, ft9, ft9
core   0: 1 0x0000000080005988 (0x23de9653) f12 0x7fffffff5f800000
core   0: 0x000000008000598c (0xf20a09d3) fmv.d.x fs3, s4
core   0: 1 0x000000008000598c (0xf20a09d3) f19 0xffffffffa14aa921
core   0: 0x0000000080005990 (0x2b321253) fmax.d  ft4, ft4, fs3
core   0: 1 0x0000000080005990 (0x2b321253) f4  0x0000000000000000
core   0: 0x0000000080005994 (0x5a027b53) fsqrt.d fs6, ft4
core   0: 1 0x0000000080005994 (0x5a027b53) f22 0x0000000000000000
core   0: 0x0000000080005998 (0xc8132e73) csrrs   t3, timeh, t1
core   0: exception trap_illegal_instruction, epc 0x0000000080005998
core   0:           tval 0x00000000c8132e73
core   0: >>>>  $xrv64i2p1_m2p0_a2p1_f2p2_d2p2_zicsr2p0_zifencei2p0_zmmul1p0_zba1p0_zbb1p0_zbc1p0_zbs1p0
core   0: 0x0000000080004000 (0x0080006f) j       pc + 0x8
core   0: 3 0x0000000080004000 (0x0080006f)
core   0: >>>>  mmode_exception_handler
core   0: 0x0000000080004008 (0x00002c17) auipc   s8, 0x2
core   0: 3 0x0000000080004008 (0x00002c17) x24 0x0000000080006008
core   0: 0x000000008000400c (0xfd4c0c13) addi    s8, s8, -44
core   0: 3 0x000000008000400c (0xfd4c0c13) x24 0x0000000080005fdc
core   0: 0x0000000080004010 (0x000c00e7) jalr    s8
core   0: 3 0x0000000080004010 (0x000c00e7) x1  0x0000000080004014
core   0: >>>>  any_handler
core   0: 0x0000000080005fdc (0x341027f3) csrrs   a5, mepc, zero
core   0: 3 0x0000000080005fdc (0x341027f3) x15 0x0000000080005998
core   0: 0x0000000080005fe0 (0x34202773) csrrs   a4, mcause, zero
core   0: 3 0x0000000080005fe0 (0x34202773) x14 0x0000000000000002
core   0: 0x0000000080005fe4 (0x142026f3) csrrs   a3, scause, zero
core   0: 3 0x0000000080005fe4 (0x142026f3) x13 0x0000000000000000
core   0: 0x0000000080005fe8 (0x30402673) csrrs   a2, mie, zero
core   0: 3 0x0000000080005fe8 (0x30402673) x12 0x0000000000000a00
core   0: 0x0000000080005fec (0x344025f3) csrrs   a1, mip, zero
core   0: 3 0x0000000080005fec (0x344025f3) x11 0x0000000000000080
core   0: 0x0000000080005ff0 (0x343025f3) csrrs   a1, mtval, zero
core   0: 3 0x0000000080005ff0 (0x343025f3) x11 0x00000000c8132e73
core   0: 0x0000000080005ff4 (0x14302573) csrrs   a0, stval, zero
core   0: 3 0x0000000080005ff4 (0x14302573) x10 0xffffffffffffffff
core   0: 0x0000000080005ff8 (0xb02024f3) csrrs   s1, minstret, zero
core   0: 3 0x0000000080005ff8 (0xb02024f3) x9  0x00000000000010b0
core   0: 0x0000000080005ffc (0x0000a811) c.j     pc + 20
core   0: 3 0x0000000080005ffc (0xa811)
core   0: >>>>  mepc_4
core   0: 0x0000000080006010 (0x00000791) c.addi  a5, 4
core   0: 3 0x0000000080006010 (0x0791) x15 0x000000008000599c
core   0: 0x0000000080006012 (0x34179073) csrrw   zero, mepc, a5
core   0: 3 0x0000000080006012 (0x34179073) c833_mepc 0x000000008000599c
core   0: 0x0000000080006016 (0x30200073) mret
core   0: 3 0x0000000080006016 (0x30200073) c768_mstatus 0x8000000a00106080
core   0: 0x000000008000599c (0x02d3f6b3) remu    a3, t2, a3
core   0: 1 0x000000008000599c (0x02d3f6b3) x13 0xffffffff80005872
core   0: 0x00000000800059a0 (0x035ded37) lui     s10, 0x35de
core   0: 1 0x00000000800059a0 (0x035ded37) x26 0x00000000035de000
core   0: 0x00000000800059a4 (0xbd1d0d1b) addiw   s10, s10, -1071
core   0: 1 0x00000000800059a4 (0xbd1d0d1b) x26 0x00000000035ddbd1
core   0: 0x00000000800059a8 (0x00000d36) c.slli  s10, 13
core   0: 1 0x00000000800059a8 (0x0d36) x26 0x0000006bbb7a2000
core   0: 0x00000000800059aa (0xd21d0d13) addi    s10, s10, -735
core   0: 1 0x00000000800059aa (0xd21d0d13) x26 0x0000006bbb7a1d21
core   0: 0x00000000800059ae (0x01bd48b3) xor     a7, s10, s11
core   0: 1 0x00000000800059ae (0x01bd48b3) x17 0xffffff94457a3d21
core   0: 0x00000000800059b2 (0xd36e7d43) fmadd.d fs10, ft8, fs6, fs10
core   0: 1 0x00000000800059b2 (0xd36e7d43) f26 0x43f0000000000000
core   0: 0x00000000800059b6 (0x4006803b) subw    zero, a3, zero
core   0: 1 0x00000000800059b6 (0x4006803b)
core   0: 0x00000000800059ba (0x7ff4c493) xori    s1, s1, 2047
core   0: 1 0x00000000800059ba (0x7ff4c493) x9  0x000000000000174f
core   0: 0x00000000800059be (0x03177c33) remu    s8, a4, a7
core   0: 1 0x00000000800059be (0x03177c33) x24 0x0000000000000002
core   0: 0x00000000800059c2 (0x002716f3) csrrw   a3, frm, a4
core   0: 1 0x00000000800059c2 (0x002716f3) x13 0x0000000000000003 c2_frm 0x0000000000000002
core   0: 0x00000000800059c6 (0x418e03b3) sub     t2, t3, s8
core   0: 1 0x00000000800059c6 (0x418e03b3) x7  0xfffffffffffffffe
core   0: 0x00000000800059ca (0xba0ff5c7) fmsub.d fa1, ft11, ft0, fs7
core   0: 1 0x00000000800059ca (0xba0ff5c7) f11 0x7ff8000000000000
core   0: 0x00000000800059ce (0x0139edb3) or      s11, s3, s3
core   0: 1 0x00000000800059ce (0x0139edb3) x27 0x0000000009f48f32
core   0: 0x00000000800059d2 (0x1d032b37) lui     s6, 0x1d032
core   0: 1 0x00000000800059d2 (0x1d032b37) x22 0x000000001d032000
core   0: 0x00000000800059d6 (0x00009b13) slli    s6, ra, 0
core   0: 1 0x00000000800059d6 (0x00009b13) x22 0x0000000080004014
core   0: 0x00000000800059da (0xd2048353) fcvt.d.w ft6, s1
core   0: 1 0x00000000800059da (0xd2048353) f6  0x40b74f0000000000
core   0: 0x00000000800059de (0xf20286d3) fmv.d.x fa3, t0
core   0: 1 0x00000000800059de (0xf20286d3) f13 0xffffffffffffffff
core   0: 0x00000000800059e2 (0x00181df3) csrrw   s11, fflags, a6
core   0: 1 0x00000000800059e2 (0x00181df3) x27 0x0000000000000011 c1_fflags 0x0000000000000000
core   0: 0x00000000800059e6 (0x0010d5bb) srlw    a1, ra, ra
core   0: 1 0x00000000800059e6 (0x0010d5bb) x11 0x0000000000000800
core   0: 0x00000000800059ea (0xc204f953) fcvt.w.d s2, fs1
core   0: 1 0x00000000800059ea (0xc204f953) c1_fflags 0x0000000000000010 x18 0x000000007fffffff
core   0: 0x00000000800059ee (0x417b5b33) sra     s6, s6, s7
core   0: 1 0x00000000800059ee (0x417b5b33) x22 0x0000000000000000
core   0: 0x00000000800059f2 (0x40890433) sub     s0, s2, s0
core   0: 1 0x00000000800059f2 (0x40890433) x8  0x00000000800002ff
core   0: 0x00000000800059f6 (0x035c11b3) mulh    gp, s8, s5
core   0: 1 0x00000000800059f6 (0x035c11b3) x3  0x0000000000000000
core   0: 0x00000000800059fa (0x23e385d3) fsgnj.d fa1, ft7, ft10
core   0: 1 0x00000000800059fa (0x23e385d3) f11 0xfff8000000000000
core   0: 0x00000000800059fe (0x002d9ef3) csrrw   t4, frm, s11
core   0: 1 0x00000000800059fe (0x002d9ef3) x29 0x0000000000000002 c2_frm 0x0000000000000001
core   0: 0x0000000080005a02 (0x00446233) or      tp, s0, tp
core   0: 1 0x0000000080005a02 (0x00446233) x4  0x000000259fb5fbff
core   0: 0x0000000080005a06 (0xd2178bd3) fcvt.d.wu fs7, a5
core   0: 1 0x0000000080005a06 (0xd2178bd3) f23 0x41e0000b33800000
core   0: 0x0000000080005a0a (0xf3a2f143) fmadd.d ft2, ft5, fs10, ft10
core   0: 1 0x0000000080005a0a (0xf3a2f143) f2  0x7ff8000000000000
core   0: 0x0000000080005a0e (0x00f51e1b) slliw   t3, a0, 15
core   0: 1 0x0000000080005a0e (0x00f51e1b) x28 0xffffffffffff8000
core   0: 0x0000000080005a12 (0x02610d33) mul     s10, sp, t1
core   0: 1 0x0000000080005a12 (0x02610d33) x26 0x0000000000000000
core   0: 0x0000000080005a16 (0x419bdb3b) sraw    s6, s7, s9
core   0: 1 0x0000000080005a16 (0x419bdb3b) x22 0x0000000000002057
core   0: 0x0000000080005a1a (0x01be1e3b) sllw    t3, t3, s11
core   0: 1 0x0000000080005a1a (0x01be1e3b) x28 0x0000000000000000
core   0: 0x0000000080005a1e (0x5a067b53) fsqrt.d fs6, fa2
core   0: 1 0x0000000080005a1e (0x5a067b53) f22 0x7ff8000000000000
core   0: 0x0000000080005a22 (0xd21b0f53) fcvt.d.wu ft10, s6
core   0: 1 0x0000000080005a22 (0xd21b0f53) f30 0x40c02b8000000000
core   0: 0x0000000080005a26 (0xc2207053) fcvt.l.d zero, ft0
core   0: 1 0x0000000080005a26 (0xc2207053) c1_fflags 0x0000000000000010
core   0: 0x0000000080005a2a (0x034a74b3) remu    s1, s4, s4
core   0: 1 0x0000000080005a2a (0x034a74b3) x9  0x0000000000000000
core   0: 0x0000000080005a2e (0x000889b3) add     s3, a7, zero
core   0: 1 0x0000000080005a2e (0x000889b3) x19 0xffffff94457a3d21
core   0: 0x0000000080005a32 (0x00f1919b) slliw   gp, gp, 15
core   0: 1 0x0000000080005a32 (0x00f1919b) x3  0x0000000000000000
core   0: 0x0000000080005a36 (0x0b4b78d3) fsub.d  fa7, fs6, fs4
core   0: 1 0x0000000080005a36 (0x0b4b78d3) f17 0x7ff8000000000000
core   0: 0x0000000080005a3a (0x5221714b) fnmsub.d ft2, ft2, ft2, fa0
core   0: 1 0x0000000080005a3a (0x5221714b) f2  0x7ff8000000000000
core   0: 0x0000000080005a3e (0x01dee933) or      s2, t4, t4
core   0: 1 0x0000000080005a3e (0x01dee933) x18 0x0000000000000002
core   0: 0x0000000080005a42 (0x00202bf3) csrrs   s7, frm, zero
core   0: 1 0x0000000080005a42 (0x00202bf3) x23 0x0000000000000001
core   0: 0x0000000080005a46 (0x00104393) xori    t2, zero, 1
core   0: 1 0x0000000080005a46 (0x00104393) x7  0x0000000000000001
core   0: 0x0000000080005a4a (0x00070b1b) sext.w  s6, a4
core   0: 1 0x0000000080005a4a (0x00070b1b) x22 0x0000000000000002
core   0: 0x0000000080005a4e (0x22298453) fsgnj.d fs0, fs3, ft2
core   0: 1 0x0000000080005a4e (0x22298453) f8  0x7fffffffa14aa921
core   0: 0x0000000080005a52 (0x021bc7bb) divw    a5, s7, ra
core   0: 1 0x0000000080005a52 (0x021bc7bb) x15 0x0000000000000000
core   0: 0x0000000080005a56 (0x00fa1bb3) sll     s7, s4, a5
core   0: 1 0x0000000080005a56 (0x00fa1bb3) x23 0xffffffffa14aa921
core   0: 0x0000000080005a5a (0x02c87a33) remu    s4, a6, a2
core   0: 1 0x0000000080005a5a (0x02c87a33) x20 0x0000000000000600
core   0: 0x0000000080005a5e (0x419c84bb) subw    s1, s9, s9
core   0: 1 0x0000000080005a5e (0x419c84bb) x9  0x0000000000000000
core   0: 0x0000000080005a62 (0x00802533) slt     a0, zero, s0
core   0: 1 0x0000000080005a62 (0x00802533) x10 0x0000000000000001
core   0: 0x0000000080005a66 (0xa68e4913) xori    s2, t3, -1432
core   0: 1 0x0000000080005a66 (0xa68e4913) x18 0xfffffffffffffa68
core   0: 0x0000000080005a6a (0x0192a8b3) slt     a7, t0, s9
core   0: 1 0x0000000080005a6a (0x0192a8b3) x17 0x0000000000000001
core   0: 0x0000000080005a6e (0x0ff0000f) fence   iorw,iorw
core   0: 1 0x0000000080005a6e (0x0ff0000f)
core   0: 0x0000000080005a72 (0x023391b3) mulh    gp, t2, gp
core   0: 1 0x0000000080005a72 (0x023391b3) x3  0x0000000000000000
core   0: 0x0000000080005a76 (0xa4b7f913) andi    s2, a5, -1461
core   0: 1 0x0000000080005a76 (0xa4b7f913) x18 0x0000000000000000
core   0: 0x0000000080005a7a (0x401650b3) sra     ra, a2, ra
core   0: 1 0x0000000080005a7a (0x401650b3) x1  0x0000000000000000
core   0: 0x0000000080005a7e (0x000c9b93) slli    s7, s9, 0
core   0: 1 0x0000000080005a7e (0x000c9b93) x23 0x0000000000000011
core   0: 0x0000000080005a82 (0x00000001) c.nop
core   0: 1 0x0000000080005a82 (0x0001)
core   0: 0x0000000080005a84 (0x02103033) mulhu   zero, zero, ra
core   0: 1 0x0000000080005a84 (0x02103033)
core   0: 0x0000000080005a88 (0xdbbdfac7) fmsub.d fs5, fs11, fs11, fs11
core   0: 1 0x0000000080005a88 (0xdbbdfac7) f21 0x7ff8000000000000
core   0: 0x0000000080005a8c (0x002027f3) csrrs   a5, frm, zero
core   0: 1 0x0000000080005a8c (0x002027f3) x15 0x0000000000000001
core   0: 0x0000000080005a90 (0xae27adb7) lui     s11, 0xae27a
core   0: 1 0x0000000080005a90 (0xae27adb7) x27 0xffffffffae27a000
core   0: 0x0000000080005a94 (0x405add3b) sraw    s10, s5, t0
core   0: 1 0x0000000080005a94 (0x405add3b) x26 0x0000000000000000
core   0: 0x0000000080005a98 (0x400dd893) srai    a7, s11, 0
core   0: 1 0x0000000080005a98 (0x400dd893) x17 0xffffffffae27a000
core   0: 0x0000000080005a9c (0xc03ff7d3) fcvt.lu.s a5, ft11
core   0: 1 0x0000000080005a9c (0xc03ff7d3) c1_fflags 0x0000000000000010 x15 0xffffffffffffffff
core   0: 0x0000000080005aa0 (0x03351e33) mulh    t3, a0, s3
core   0: 1 0x0000000080005aa0 (0x03351e33) x28 0xffffffffffffffff
core   0: 0x0000000080005aa4 (0x009554bb) srlw    s1, a0, s1
core   0: 1 0x0000000080005aa4 (0x009554bb) x9  0x0000000000000001
core   0: 0x0000000080005aa8 (0x420584d3) fcvt.d.s fs1, fa1
core   0: 1 0x0000000080005aa8 (0x420584d3) f9  0x7ff8000000000000
core   0: 0x0000000080005aac (0xd2327a53) fcvt.d.lu fs4, tp
core   0: 1 0x0000000080005aac (0xd2327a53) f20 0x4242cfdafdff8000
core   0: 0x0000000080005ab0 (0x409559b3) sra     s3, a0, s1
core   0: 1 0x0000000080005ab0 (0x409559b3) x19 0x0000000000000000
core   0: 0x0000000080005ab4 (0x32d41517) auipc   a0, 0x32d41
core   0: 1 0x0000000080005ab4 (0x32d41517) x10 0x00000000b2d46ab4
core   0: 0x0000000080005ab8 (0xd20383d3) fcvt.d.w ft7, t2
core   0: 1 0x0000000080005ab8 (0xd20383d3) f7  0x3ff0000000000000
core   0: 0x0000000080005abc (0xc02ffef3) csrrci  t4, instret, 31
core   0: exception trap_illegal_instruction, epc 0x0000000080005abc
core   0:           tval 0x00000000c02ffef3
core   0: >>>>  $xrv64i2p1_m2p0_a2p1_f2p2_d2p2_zicsr2p0_zifencei2p0_zmmul1p0_zba1p0_zbb1p0_zbc1p0_zbs1p0
core   0: 0x0000000080004000 (0x0080006f) j       pc + 0x8
core   0: 3 0x0000000080004000 (0x0080006f)
core   0: >>>>  mmode_exception_handler
core   0: 0x0000000080004008 (0x00002c17) auipc   s8, 0x2
core   0: 3 0x0000000080004008 (0x00002c17) x24 0x0000000080006008
core   0: 0x000000008000400c (0xfd4c0c13) addi    s8, s8, -44
core   0: 3 0x000000008000400c (0xfd4c0c13) x24 0x0000000080005fdc
core   0: 0x0000000080004010 (0x000c00e7) jalr    s8
core   0: 3 0x0000000080004010 (0x000c00e7) x1  0x0000000080004014
core   0: >>>>  any_handler
core   0: 0x0000000080005fdc (0x341027f3) csrrs   a5, mepc, zero
core   0: 3 0x0000000080005fdc (0x341027f3) x15 0x0000000080005abc
core   0: 0x0000000080005fe0 (0x34202773) csrrs   a4, mcause, zero
core   0: 3 0x0000000080005fe0 (0x34202773) x14 0x0000000000000002
core   0: 0x0000000080005fe4 (0x142026f3) csrrs   a3, scause, zero
core   0: 3 0x0000000080005fe4 (0x142026f3) x13 0x0000000000000000
core   0: 0x0000000080005fe8 (0x30402673) csrrs   a2, mie, zero
core   0: 3 0x0000000080005fe8 (0x30402673) x12 0x0000000000000a00
core   0: 0x0000000080005fec (0x344025f3) csrrs   a1, mip, zero
core   0: 3 0x0000000080005fec (0x344025f3) x11 0x0000000000000080
core   0: 0x0000000080005ff0 (0x343025f3) csrrs   a1, mtval, zero
core   0: 3 0x0000000080005ff0 (0x343025f3) x11 0x00000000c02ffef3
core   0: 0x0000000080005ff4 (0x14302573) csrrs   a0, stval, zero
core   0: 3 0x0000000080005ff4 (0x14302573) x10 0xffffffffffffffff
core   0: 0x0000000080005ff8 (0xb02024f3) csrrs   s1, minstret, zero
core   0: 3 0x0000000080005ff8 (0xb02024f3) x9  0x0000000000001109
core   0: 0x0000000080005ffc (0x0000a811) c.j     pc + 20
core   0: 3 0x0000000080005ffc (0xa811)
core   0: >>>>  mepc_4
core   0: 0x0000000080006010 (0x00000791) c.addi  a5, 4
core   0: 3 0x0000000080006010 (0x0791) x15 0x0000000080005ac0
core   0: 0x0000000080006012 (0x34179073) csrrw   zero, mepc, a5
core   0: 3 0x0000000080006012 (0x34179073) c833_mepc 0x0000000080005ac0
core   0: 0x0000000080006016 (0x30200073) mret
core   0: 3 0x0000000080006016 (0x30200073) c768_mstatus 0x8000000a00106080
core   0: 0x0000000080005ac0 (0x22c29653) fsgnjn.d fa2, ft5, fa2
core   0: 1 0x0000000080005ac0 (0x22c29653) f12 0xffffffff41f80000
core   0: 0x0000000080005ac4 (0xc224f053) fcvt.l.d zero, fs1
core   0: 1 0x0000000080005ac4 (0xc224f053) c1_fflags 0x0000000000000010
core   0: 0x0000000080005ac8 (0xfffe4c93) not     s9, t3
core   0: 1 0x0000000080005ac8 (0xfffe4c93) x25 0x0000000000000000
core   0: 0x0000000080005acc (0x029649bb) divw    s3, a2, s1
core   0: 1 0x0000000080005acc (0x029649bb) x19 0x0000000000000000
core   0: 0x0000000080005ad0 (0x0265d393) srli    t2, a1, 38
core   0: 1 0x0000000080005ad0 (0x0265d393) x7  0x0000000000000000
core   0: 0x0000000080005ad4 (0x420402d3) fcvt.d.s ft5, fs0
core   0: 1 0x0000000080005ad4 (0x420402d3) f5  0x7ff8000000000000
core   0: 0x0000000080005ad8 (0xf2038f53) fmv.d.x ft10, t2
core   0: 1 0x0000000080005ad8 (0xf2038f53) f30 0x0000000000000000
core   0: 0x0000000080005adc (0x303decf3) csrrsi  s9, mideleg, 27
core   0: exception trap_illegal_instruction, epc 0x0000000080005adc
core   0:           tval 0x00000000303decf3
core   0: >>>>  $xrv64i2p1_m2p0_a2p1_f2p2_d2p2_zicsr2p0_zifencei2p0_zmmul1p0_zba1p0_zbb1p0_zbc1p0_zbs1p0
core   0: 0x0000000080004000 (0x0080006f) j       pc + 0x8
core   0: 3 0x0000000080004000 (0x0080006f)
core   0: >>>>  mmode_exception_handler
core   0: 0x0000000080004008 (0x00002c17) auipc   s8, 0x2
core   0: 3 0x0000000080004008 (0x00002c17) x24 0x0000000080006008
core   0: 0x000000008000400c (0xfd4c0c13) addi    s8, s8, -44
core   0: 3 0x000000008000400c (0xfd4c0c13) x24 0x0000000080005fdc
core   0: 0x0000000080004010 (0x000c00e7) jalr    s8
core   0: 3 0x0000000080004010 (0x000c00e7) x1  0x0000000080004014
core   0: >>>>  any_handler
core   0: 0x0000000080005fdc (0x341027f3) csrrs   a5, mepc, zero
core   0: 3 0x0000000080005fdc (0x341027f3) x15 0x0000000080005adc
core   0: 0x0000000080005fe0 (0x34202773) csrrs   a4, mcause, zero
core   0: 3 0x0000000080005fe0 (0x34202773) x14 0x0000000000000002
core   0: 0x0000000080005fe4 (0x142026f3) csrrs   a3, scause, zero
core   0: 3 0x0000000080005fe4 (0x142026f3) x13 0x0000000000000000
core   0: 0x0000000080005fe8 (0x30402673) csrrs   a2, mie, zero
core   0: 3 0x0000000080005fe8 (0x30402673) x12 0x0000000000000a00
core   0: 0x0000000080005fec (0x344025f3) csrrs   a1, mip, zero
core   0: 3 0x0000000080005fec (0x344025f3) x11 0x0000000000000080
core   0: 0x0000000080005ff0 (0x343025f3) csrrs   a1, mtval, zero
core   0: 3 0x0000000080005ff0 (0x343025f3) x11 0x00000000303decf3
core   0: 0x0000000080005ff4 (0x14302573) csrrs   a0, stval, zero
core   0: 3 0x0000000080005ff4 (0x14302573) x10 0xffffffffffffffff
core   0: 0x0000000080005ff8 (0xb02024f3) csrrs   s1, minstret, zero
core   0: 3 0x0000000080005ff8 (0xb02024f3) x9  0x0000000000001120
core   0: 0x0000000080005ffc (0x0000a811) c.j     pc + 20
core   0: 3 0x0000000080005ffc (0xa811)
core   0: >>>>  mepc_4
core   0: 0x0000000080006010 (0x00000791) c.addi  a5, 4
core   0: 3 0x0000000080006010 (0x0791) x15 0x0000000080005ae0
core   0: 0x0000000080006012 (0x34179073) csrrw   zero, mepc, a5
core   0: 3 0x0000000080006012 (0x34179073) c833_mepc 0x0000000080005ae0
core   0: 0x0000000080006016 (0x30200073) mret
core   0: 3 0x0000000080006016 (0x30200073) c768_mstatus 0x8000000a00106080
core   0: 0x0000000080005ae0 (0x6bee7347) fmsub.d ft6, ft8, ft10, fa3
core   0: 1 0x0000000080005ae0 (0x6bee7347) f6  0x7ff8000000000000
core   0: 0x0000000080005ae4 (0x2b288cd3) fmin.d  fs9, fa7, fs2
core   0: 1 0x0000000080005ae4 (0x2b288cd3) f25 0x7ff8000000000000
core   0: 0x0000000080005ae8 (0x039719b3) mulh    s3, a4, s9
core   0: 1 0x0000000080005ae8 (0x039719b3) x19 0x0000000000000000
core   0: 0x0000000080005aec (0xd0227dd3) fcvt.s.l fs11, tp
core   0: 1 0x0000000080005aec (0xd0227dd3) c1_fflags 0x0000000000000011 f27 0xffffffff52167ed7
core   0: 0x0000000080005af0 (0x02c9fc3b) remuw   s8, s3, a2
core   0: 1 0x0000000080005af0 (0x02c9fc3b) x24 0x0000000000000000
core   0: 0x0000000080005af4 (0x01844333) xor     t1, s0, s8
core   0: 1 0x0000000080005af4 (0x01844333) x6  0x00000000800002ff
core   0: 0x0000000080005af8 (0x00000001) c.nop
core   0: 1 0x0000000080005af8 (0x0001)
core   0: 0x0000000080005afa (0x4080023b) subw    tp, zero, s0
core   0: 1 0x0000000080005afa (0x4080023b) x4  0x000000007ffffd01
core   0: 0x0000000080005afe (0x0136a6b3) slt     a3, a3, s3
core   0: 1 0x0000000080005afe (0x0136a6b3) x13 0x0000000000000000
core   0: 0x0000000080005b02 (0x01aef5b3) and     a1, t4, s10
core   0: 1 0x0000000080005b02 (0x01aef5b3) x11 0x0000000000000000
core   0: 0x0000000080005b06 (0xd21b8253) fcvt.d.wu ft4, s7
core   0: 1 0x0000000080005b06 (0xd21b8253) f4  0x4031000000000000
core   0: 0x0000000080005b0a (0xd025f6d3) fcvt.s.l fa3, a1
core   0: 1 0x0000000080005b0a (0xd025f6d3) f13 0xffffffff00000000
core   0: 0x0000000080005b0e (0x0b0475d3) fsub.d  fa1, fs0, fa6
core   0: 1 0x0000000080005b0e (0x0b0475d3) f11 0x7ff8000000000000
core   0: 0x0000000080005b12 (0x6ad5f64f) fnmadd.d fa2, fa1, fa3, fa3
core   0: 1 0x0000000080005b12 (0x6ad5f64f) f12 0x7ff8000000000000
core   0: 0x0000000080005b16 (0x2b9f92d3) fmax.d  ft5, ft11, fs9
core   0: 1 0x0000000080005b16 (0x2b9f92d3) f5  0x7ff8000000000000
core   0: 0x0000000080005b1a (0x00f0a833) slt     a6, ra, a5
core   0: 1 0x0000000080005b1a (0x00f0a833) x16 0x0000000000000001
core   0: 0x0000000080005b1e (0x23fe0753) fsgnj.d fa4, ft8, ft11
core   0: 1 0x0000000080005b1e (0x23fe0753) f14 0xc1efffff9fe00000
core   0: 0x0000000080005b22 (0xd2207c53) fcvt.d.l fs8, zero
core   0: 1 0x0000000080005b22 (0xd2207c53) f24 0x0000000000000000
core   0: 0x0000000080005b26 (0x00000001) c.nop
core   0: 1 0x0000000080005b26 (0x0001)
core   0: 0x0000000080005b28 (0x0018e893) ori     a7, a7, 1
core   0: 1 0x0000000080005b28 (0x0018e893) x17 0xffffffffae27a001
core   0: 0x0000000080005b2c (0xc0317353) fcvt.lu.s t1, ft2
core   0: 1 0x0000000080005b2c (0xc0317353) c1_fflags 0x0000000000000011 x6  0xffffffffffffffff
core   0: 0x0000000080005b30 (0x02fcfcd3) fadd.d  fs9, fs9, fa5
core   0: 1 0x0000000080005b30 (0x02fcfcd3) f25 0x7ff8000000000000
core   0: 0x0000000080005b34 (0x026c8033) mul     zero, s9, t1
core   0: 1 0x0000000080005b34 (0x026c8033)
core   0: 0x0000000080005b38 (0x238192d3) fsgnjn.d ft5, ft3, fs8
core   0: 1 0x0000000080005b38 (0x238192d3) f5  0xfff8000000000000
core   0: 0x0000000080005b3c (0xf6ce7617) auipc   a2, 0xf6ce7
core   0: 1 0x0000000080005b3c (0xf6ce7617) x12 0x0000000076cecb3c
core   0: 0x0000000080005b40 (0xd6d0d837) lui     a6, 0xd6d0d
core   0: 1 0x0000000080005b40 (0xd6d0d837) x16 0xffffffffd6d0d000
core   0: 0x0000000080005b44 (0xd0267653) fcvt.s.l fa2, a2
core   0: 1 0x0000000080005b44 (0xd0267653) c1_fflags 0x0000000000000011 f12 0xffffffff4eed9d96
core   0: 0x0000000080005b48 (0x002024f3) csrrs   s1, frm, zero
core   0: 1 0x0000000080005b48 (0x002024f3) x9  0x0000000000000001
core   0: 0x0000000080005b4c (0x4017f153) fcvt.s.d ft2, fa5
core   0: 1 0x0000000080005b4c (0x4017f153) f2  0xffffffff7fc00000
core   0: 0x0000000080005b50 (0x002495f3) csrrw   a1, frm, s1
core   0: 1 0x0000000080005b50 (0x002495f3) x11 0x0000000000000001 c2_frm 0x0000000000000001
core   0: 0x0000000080005b54 (0xe20a8d53) fmv.x.d s10, fs5
core   0: 1 0x0000000080005b54 (0xe20a8d53) x26 0x7ff8000000000000
core   0: 0x0000000080005b58 (0x2bb30dd3) fmin.d  fs11, ft6, fs11
core   0: 1 0x0000000080005b58 (0x2bb30dd3) f27 0x7ff8000000000000
core   0: 0x0000000080005b5c (0x405607b3) sub     a5, a2, t0
core   0: 1 0x0000000080005b5c (0x405607b3) x15 0x0000000076cecb3d
core   0: 0x0000000080005b60 (0x327374c7) fmsub.d fs1, ft6, ft7, ft6
core   0: 1 0x0000000080005b60 (0x327374c7) f9  0x7ff8000000000000
core   0: 0x0000000080005b64 (0x0369bb33) mulhu   s6, s3, s6
core   0: 1 0x0000000080005b64 (0x0369bb33) x22 0x0000000000000000
core   0: 0x0000000080005b68 (0xe2030cd3) fmv.x.d s9, ft6
core   0: 1 0x0000000080005b68 (0xe2030cd3) x25 0x7ff8000000000000
core   0: 0x0000000080005b6c (0x0267f4bb) remuw   s1, a5, t1
core   0: 1 0x0000000080005b6c (0x0267f4bb) x9  0x0000000076cecb3d
core   0: 0x0000000080005b70 (0xd2030553) fcvt.d.w fa0, t1
core   0: 1 0x0000000080005b70 (0xd2030553) f10 0xbff0000000000000
core   0: 0x0000000080005b74 (0x4013fd53) fcvt.s.d fs10, ft7
core   0: 1 0x0000000080005b74 (0x4013fd53) f26 0xffffffff3f800000
core   0: 0x0000000080005b78 (0x03a17333) remu    t1, sp, s10
core   0: 1 0x0000000080005b78 (0x03a17333) x6  0x0000000000000000
core   0: 0x0000000080005b7c (0x23919ed3) fsgnjn.d ft9, ft3, fs9
core   0: 1 0x0000000080005b7c (0x23919ed3) f29 0xfff8000000000000
core   0: 0x0000000080005b80 (0x223999d3) fsgnjn.d fs3, fs3, ft3
core   0: 1 0x0000000080005b80 (0x223999d3) f19 0xffffffffa14aa921
core   0: 0x0000000080005b84 (0x0000070e) c.slli  a4, 3
core   0: 1 0x0000000080005b84 (0x070e) x14 0x0000000000000010
core   0: 0x0000000080005b86 (0x01894e33) xor     t3, s2, s8
core   0: 1 0x0000000080005b86 (0x01894e33) x28 0x0000000000000000
core   0: 0x0000000080005b8a (0x2a318dd3) fmin.d  fs11, ft3, ft3
core   0: 1 0x0000000080005b8a (0x2a318dd3) f27 0x7ff8000000000000
core   0: 0x0000000080005b8e (0x7fe9e193) ori     gp, s3, 2046
core   0: 1 0x0000000080005b8e (0x7fe9e193) x3  0x00000000000007fe
core   0: 0x0000000080005b92 (0x41dcdd3b) sraw    s10, s9, t4
core   0: 1 0x0000000080005b92 (0x41dcdd3b) x26 0x0000000000000000
core   0: 0x0000000080005b96 (0x01559e9b) slliw   t4, a1, 21
core   0: 1 0x0000000080005b96 (0x01559e9b) x29 0x0000000000200000
core   0: 0x0000000080005b9a (0x025dddb3) divu    s11, s11, t0
core   0: 1 0x0000000080005b9a (0x025dddb3) x27 0x0000000000000000
core   0: 0x0000000080005b9e (0xec006013) prefetch.i -320(zero)
core   0: 1 0x0000000080005b9e (0xec006013)
core   0: 0x0000000080005ba2 (0xf20d0653) fmv.d.x fa2, s10
core   0: 1 0x0000000080005ba2 (0xf20d0653) f12 0x0000000000000000
core   0: 0x0000000080005ba6 (0x00eef833) and     a6, t4, a4
core   0: 1 0x0000000080005ba6 (0x00eef833) x16 0x0000000000000000
core   0: 0x0000000080005baa (0xc2267c53) fcvt.l.d s8, fa2
core   0: 1 0x0000000080005baa (0xc2267c53) x24 0x0000000000000000
core   0: 0x0000000080005bae (0x231a0253) fsgnj.d ft4, fs4, fa7
core   0: 1 0x0000000080005bae (0x231a0253) f4  0x4242cfdafdff8000
core   0: 0x0000000080005bb2 (0x011dfcb3) and     s9, s11, a7
core   0: 1 0x0000000080005bb2 (0x011dfcb3) x25 0x0000000000000000
core   0: 0x0000000080005bb6 (0x71f3d537) lui     a0, 0x71f3d
core   0: 1 0x0000000080005bb6 (0x71f3d537) x10 0x0000000071f3d000
core   0: 0x0000000080005bba (0xf12e36f3) csrrc   a3, marchid, t3
core   0: exception trap_illegal_instruction, epc 0x0000000080005bba
core   0:           tval 0x00000000f12e36f3
core   0: >>>>  $xrv64i2p1_m2p0_a2p1_f2p2_d2p2_zicsr2p0_zifencei2p0_zmmul1p0_zba1p0_zbb1p0_zbc1p0_zbs1p0
core   0: 0x0000000080004000 (0x0080006f) j       pc + 0x8
core   0: 3 0x0000000080004000 (0x0080006f)
core   0: >>>>  mmode_exception_handler
core   0: 0x0000000080004008 (0x00002c17) auipc   s8, 0x2
core   0: 3 0x0000000080004008 (0x00002c17) x24 0x0000000080006008
core   0: 0x000000008000400c (0xfd4c0c13) addi    s8, s8, -44
core   0: 3 0x000000008000400c (0xfd4c0c13) x24 0x0000000080005fdc
core   0: 0x0000000080004010 (0x000c00e7) jalr    s8
core   0: 3 0x0000000080004010 (0x000c00e7) x1  0x0000000080004014
core   0: >>>>  any_handler
core   0: 0x0000000080005fdc (0x341027f3) csrrs   a5, mepc, zero
core   0: 3 0x0000000080005fdc (0x341027f3) x15 0x0000000080005bba
core   0: 0x0000000080005fe0 (0x34202773) csrrs   a4, mcause, zero
core   0: 3 0x0000000080005fe0 (0x34202773) x14 0x0000000000000002
core   0: 0x0000000080005fe4 (0x142026f3) csrrs   a3, scause, zero
core   0: 3 0x0000000080005fe4 (0x142026f3) x13 0x0000000000000000
core   0: 0x0000000080005fe8 (0x30402673) csrrs   a2, mie, zero
core   0: 3 0x0000000080005fe8 (0x30402673) x12 0x0000000000000a00
core   0: 0x0000000080005fec (0x344025f3) csrrs   a1, mip, zero
core   0: 3 0x0000000080005fec (0x344025f3) x11 0x0000000000000080
core   0: 0x0000000080005ff0 (0x343025f3) csrrs   a1, mtval, zero
core   0: 3 0x0000000080005ff0 (0x343025f3) x11 0x00000000f12e36f3
core   0: 0x0000000080005ff4 (0x14302573) csrrs   a0, stval, zero
core   0: 3 0x0000000080005ff4 (0x14302573) x10 0xffffffffffffffff
core   0: 0x0000000080005ff8 (0xb02024f3) csrrs   s1, minstret, zero
core   0: 3 0x0000000080005ff8 (0xb02024f3) x9  0x0000000000001168
core   0: 0x0000000080005ffc (0x0000a811) c.j     pc + 20
core   0: 3 0x0000000080005ffc (0xa811)
core   0: >>>>  mepc_4
core   0: 0x0000000080006010 (0x00000791) c.addi  a5, 4
core   0: 3 0x0000000080006010 (0x0791) x15 0x0000000080005bbe
core   0: 0x0000000080006012 (0x34179073) csrrw   zero, mepc, a5
core   0: 3 0x0000000080006012 (0x34179073) c833_mepc 0x0000000080005bbe
core   0: 0x0000000080006016 (0x30200073) mret
core   0: 3 0x0000000080006016 (0x30200073) c768_mstatus 0x8000000a00106080
core   0: 0x0000000080005bbe (0xcbf5f64b) fnmsub.d fa2, fa1, ft11, fs9
core   0: 1 0x0000000080005bbe (0xcbf5f64b) f12 0x7ff8000000000000
core   0: 0x0000000080005bc2 (0x2ab60cd3) fmin.d  fs9, fa2, fa1
core   0: 1 0x0000000080005bc2 (0x2ab60cd3) f25 0x7ff8000000000000
core   0: 0x0000000080005bc6 (0x41250633) sub     a2, a0, s2
core   0: 1 0x0000000080005bc6 (0x41250633) x12 0xffffffffffffffff
core   0: 0x0000000080005bca (0x2ab49253) fmax.d  ft4, fs1, fa1
core   0: 1 0x0000000080005bca (0x2ab49253) f4  0x7ff8000000000000
core   0: 0x0000000080005bce (0x0254a8b7) lui     a7, 0x254a
core   0: 1 0x0000000080005bce (0x0254a8b7) x17 0x000000000254a000
core   0: 0x0000000080005bd2 (0x37d8889b) addiw   a7, a7, 893
core   0: 1 0x0000000080005bd2 (0x37d8889b) x17 0x000000000254a37d
core   0: 0x0000000080005bd6 (0x000008b2) c.slli  a7, 12
core   0: 1 0x0000000080005bd6 (0x08b2) x17 0x000000254a37d000
core   0: 0x0000000080005bd8 (0x92288893) addi    a7, a7, -1758
core   0: 1 0x0000000080005bd8 (0x92288893) x17 0x000000254a37c922
core   0: 0x0000000080005bdc (0x7155da17) auipc   s4, 0x7155d
core   0: 1 0x0000000080005bdc (0x7155da17) x20 0x00000000f1562bdc
core   0: 0x0000000080005be0 (0x031453bb) divuw   t2, s0, a7
core   0: 1 0x0000000080005be0 (0x031453bb) x7  0x0000000000000001
core   0: 0x0000000080005be4 (0x00488bbb) addw    s7, a7, tp
core   0: 1 0x0000000080005be4 (0x00488bbb) x23 0xffffffffca37c623
core   0: 0x0000000080005be8 (0x4109083b) subw    a6, s2, a6
core   0: 1 0x0000000080005be8 (0x4109083b) x16 0x0000000000000000
core   0: 0x0000000080005bec (0x94f46513) ori     a0, s0, -1713
core   0: 1 0x0000000080005bec (0x94f46513) x10 0xfffffffffffffbff
core   0: 0x0000000080005bf0 (0x01b584b3) add     s1, a1, s11
core   0: 1 0x0000000080005bf0 (0x01b584b3) x9  0x00000000f12e36f3
core   0: 0x0000000080005bf4 (0x002027f3) csrrs   a5, frm, zero
core   0: 1 0x0000000080005bf4 (0x002027f3) x15 0x0000000000000001
core   0: 0x0000000080005bf8 (0xa3f279c7) fmsub.d fs3, ft4, ft11, fs4
core   0: 1 0x0000000080005bf8 (0xa3f279c7) f19 0x7ff8000000000000
core   0: 0x0000000080005bfc (0x41ba5ebb) sraw    t4, s4, s11
core   0: 1 0x0000000080005bfc (0x41ba5ebb) x29 0xfffffffff1562bdc
core   0: 0x0000000080005c00 (0x1a52f1d3) fdiv.d  ft3, ft5, ft5
core   0: 1 0x0000000080005c00 (0x1a52f1d3) f3  0x7ff8000000000000
core   0: 0x0000000080005c04 (0x4065d813) srai    a6, a1, 6
core   0: 1 0x0000000080005c04 (0x4065d813) x16 0x0000000003c4b8db
core   0: 0x0000000080005c08 (0x021a8633) mul     a2, s5, ra
core   0: 1 0x0000000080005c08 (0x021a8633) x12 0x0000000000000000
core   0: 0x0000000080005c0c (0xdb45c813) xori    a6, a1, -588
core   0: 1 0x0000000080005c0c (0xdb45c813) x16 0xffffffff0ed1cb47
core   0: 0x0000000080005c10 (0x00085c1b) srliw   s8, a6, 0
core   0: 1 0x0000000080005c10 (0x00085c1b) x24 0x000000000ed1cb47
core   0: 0x0000000080005c14 (0x459a8517) auipc   a0, 0x459a8
core   0: 1 0x0000000080005c14 (0x459a8517) x10 0x00000000c59adc14
core   0: 0x0000000080005c18 (0x5a06f6d3) fsqrt.d fa3, fa3
core   0: 1 0x0000000080005c18 (0x5a06f6d3) f13 0x7ff8000000000000
core   0: 0x0000000080005c1c (0x42d6764f) fnmadd.d fa2, fa2, fa3, fs0
core   0: 1 0x0000000080005c1c (0x42d6764f) f12 0x7ff8000000000000
core   0: 0x0000000080005c20 (0x33cf7e47) fmsub.d ft8, ft10, ft8, ft6
core   0: 1 0x0000000080005c20 (0x33cf7e47) f28 0x7ff8000000000000
core   0: 0x0000000080005c24 (0x025782b3) mul     t0, a5, t0
core   0: 1 0x0000000080005c24 (0x025782b3) x5  0xffffffffffffffff
core   0: 0x0000000080005c28 (0x0210c13b) divw    sp, ra, ra
core   0: 1 0x0000000080005c28 (0x0210c13b) x2  0x0000000000000001
core   0: 0x0000000080005c2c (0xf3f37ac3) fmadd.d fs5, ft6, ft11, ft10
core   0: 1 0x0000000080005c2c (0xf3f37ac3) f21 0x7ff8000000000000
core   0: 0x0000000080005c30 (0x22c08f53) fsgnj.d ft10, ft1, fa2
core   0: 1 0x0000000080005c30 (0x22c08f53) f30 0x7ff8000000000000
core   0: 0x0000000080005c34 (0x0137f7b3) and     a5, a5, s3
core   0: 1 0x0000000080005c34 (0x0137f7b3) x15 0x0000000000000000
core   0: 0x0000000080005c38 (0xc03cb3f3) csrrc   t2, hpmcounter3, s9
core   0: exception trap_illegal_instruction, epc 0x0000000080005c38
core   0:           tval 0x00000000c03cb3f3
core   0: >>>>  $xrv64i2p1_m2p0_a2p1_f2p2_d2p2_zicsr2p0_zifencei2p0_zmmul1p0_zba1p0_zbb1p0_zbc1p0_zbs1p0
core   0: 0x0000000080004000 (0x0080006f) j       pc + 0x8
core   0: 3 0x0000000080004000 (0x0080006f)
core   0: >>>>  mmode_exception_handler
core   0: 0x0000000080004008 (0x00002c17) auipc   s8, 0x2
core   0: 3 0x0000000080004008 (0x00002c17) x24 0x0000000080006008
core   0: 0x000000008000400c (0xfd4c0c13) addi    s8, s8, -44
core   0: 3 0x000000008000400c (0xfd4c0c13) x24 0x0000000080005fdc
core   0: 0x0000000080004010 (0x000c00e7) jalr    s8
core   0: 3 0x0000000080004010 (0x000c00e7) x1  0x0000000080004014
core   0: >>>>  any_handler
core   0: 0x0000000080005fdc (0x341027f3) csrrs   a5, mepc, zero
core   0: 3 0x0000000080005fdc (0x341027f3) x15 0x0000000080005c38
core   0: 0x0000000080005fe0 (0x34202773) csrrs   a4, mcause, zero
core   0: 3 0x0000000080005fe0 (0x34202773) x14 0x0000000000000002
core   0: 0x0000000080005fe4 (0x142026f3) csrrs   a3, scause, zero
core   0: 3 0x0000000080005fe4 (0x142026f3) x13 0x0000000000000000
core   0: 0x0000000080005fe8 (0x30402673) csrrs   a2, mie, zero
core   0: 3 0x0000000080005fe8 (0x30402673) x12 0x0000000000000a00
core   0: 0x0000000080005fec (0x344025f3) csrrs   a1, mip, zero
core   0: 3 0x0000000080005fec (0x344025f3) x11 0x0000000000000080
core   0: 0x0000000080005ff0 (0x343025f3) csrrs   a1, mtval, zero
core   0: 3 0x0000000080005ff0 (0x343025f3) x11 0x00000000c03cb3f3
core   0: 0x0000000080005ff4 (0x14302573) csrrs   a0, stval, zero
core   0: 3 0x0000000080005ff4 (0x14302573) x10 0xffffffffffffffff
core   0: 0x0000000080005ff8 (0xb02024f3) csrrs   s1, minstret, zero
core   0: 3 0x0000000080005ff8 (0xb02024f3) x9  0x0000000000001197
core   0: 0x0000000080005ffc (0x0000a811) c.j     pc + 20
core   0: 3 0x0000000080005ffc (0xa811)
core   0: >>>>  mepc_4
core   0: 0x0000000080006010 (0x00000791) c.addi  a5, 4
core   0: 3 0x0000000080006010 (0x0791) x15 0x0000000080005c3c
core   0: 0x0000000080006012 (0x34179073) csrrw   zero, mepc, a5
core   0: 3 0x0000000080006012 (0x34179073) c833_mepc 0x0000000080005c3c
core   0: 0x0000000080006016 (0x30200073) mret
core   0: 3 0x0000000080006016 (0x30200073) c768_mstatus 0x8000000a00106080
core   0: 0x0000000080005c3c (0x0a257553) fsub.d  fa0, fa0, ft2
core   0: 1 0x0000000080005c3c (0x0a257553) f10 0x7ff8000000000000
core   0: 0x0000000080005c40 (0x41080833) sub     a6, a6, a6
core   0: 1 0x0000000080005c40 (0x41080833) x16 0x0000000000000000
core   0: 0x0000000080005c44 (0xc218f2d3) fcvt.wu.d t0, fa7
core   0: 1 0x0000000080005c44 (0xc218f2d3) c1_fflags 0x0000000000000011 x5  0xffffffffffffffff
core   0: 0x0000000080005c48 (0x00000001) c.nop
core   0: 1 0x0000000080005c48 (0x0001)
core   0: 0x0000000080005c4a (0x4006d19b) sraiw   gp, a3, 0
core   0: 1 0x0000000080005c4a (0x4006d19b) x3  0x0000000000000000
core   0: 0x0000000080005c4e (0x07d9ec13) ori     s8, s3, 125
core   0: 1 0x0000000080005c4e (0x07d9ec13) x24 0x000000000000007d
core   0: 0x0000000080005c52 (0x020351b3) divu    gp, t1, zero
core   0: 1 0x0000000080005c52 (0x020351b3) x3  0xffffffffffffffff
core   0: 0x0000000080005c56 (0xd53e0b37) lui     s6, 0xd53e0
core   0: 1 0x0000000080005c56 (0xd53e0b37) x22 0xffffffffd53e0000
core   0: 0x0000000080005c5a (0x0ff0000f) fence   iorw,iorw
core   0: 1 0x0000000080005c5a (0x0ff0000f)
core   0: 0x0000000080005c5e (0x40f007bb) subw    a5, zero, a5
core   0: 1 0x0000000080005c5e (0x40f007bb) x15 0x000000007fffa3c4
core   0: 0x0000000080005c62 (0x42fd5913) srai    s2, s10, 47
core   0: 1 0x0000000080005c62 (0x42fd5913) x18 0x0000000000000000
core   0: 0x0000000080005c66 (0x0017511b) srliw   sp, a4, 1
core   0: 1 0x0000000080005c66 (0x0017511b) x2  0x0000000000000001
core   0: 0x0000000080005c6a (0x034a3533) mulhu   a0, s4, s4
core   0: 1 0x0000000080005c6a (0x034a3533) x10 0x0000000000000000
core   0: 0x0000000080005c6e (0xd03efe53) fcvt.s.lu ft8, t4
core   0: 1 0x0000000080005c6e (0xd03efe53) c1_fflags 0x0000000000000011 f28 0xffffffff5f7fffff
core   0: 0x0000000080005c72 (0xfe26809b) addiw   ra, a3, -30
core   0: 1 0x0000000080005c72 (0xfe26809b) x1  0xffffffffffffffe2
core   0: 0x0000000080005c76 (0x416388b3) sub     a7, t2, s6
core   0: 1 0x0000000080005c76 (0x416388b3) x17 0x000000002ac20001
core   0: 0x0000000080005c7a (0x00202a73) csrrs   s4, frm, zero
core   0: 1 0x0000000080005c7a (0x00202a73) x20 0x0000000000000001
core   0: 0x0000000080005c7e (0x4175d43b) sraw    s0, a1, s7
core   0: 1 0x0000000080005c7e (0x4175d43b) x8  0xfffffffff807967e
core   0: 0x0000000080005c82 (0x0277f7bb) remuw   a5, a5, t2
core   0: 1 0x0000000080005c82 (0x0277f7bb) x15 0x0000000000000000
core   0: 0x0000000080005c86 (0x409b5b3b) sraw    s6, s6, s1
core   0: 1 0x0000000080005c86 (0x409b5b3b) x22 0xffffffffffffffaa
core   0: 0x0000000080005c8a (0x00f7959b) slliw   a1, a5, 15
core   0: 1 0x0000000080005c8a (0x00f7959b) x11 0x0000000000000000
core   0: 0x0000000080005c8e (0xc0257ed3) fcvt.l.s t4, fa0
core   0: 1 0x0000000080005c8e (0xc0257ed3) c1_fflags 0x0000000000000011 x29 0x7fffffffffffffff
core   0: 0x0000000080005c92 (0x00000001) c.nop
core   0: 1 0x0000000080005c92 (0x0001)
core   0: 0x0000000080005c94 (0xfe6dee37) lui     t3, 0xfe6de
core   0: 1 0x0000000080005c94 (0xfe6dee37) x28 0xfffffffffe6de000
core   0: 0x0000000080005c98 (0x267e0e1b) addiw   t3, t3, 615
core   0: 1 0x0000000080005c98 (0x267e0e1b) x28 0xfffffffffe6de267
core   0: 0x0000000080005c9c (0x00000e36) c.slli  t3, 13
core   0: 1 0x0000000080005c9c (0x0e36) x28 0xffffffcdbc4ce000
core   0: 0x0000000080005c9e (0xd43e0e13) addi    t3, t3, -701
core   0: 1 0x0000000080005c9e (0xd43e0e13) x28 0xffffffcdbc4cdd43
core   0: 0x0000000080005ca2 (0x408e5433) sra     s0, t3, s0
core   0: 1 0x0000000080005ca2 (0x408e5433) x8  0xffffffffffffffff
core   0: 0x0000000080005ca6 (0x22cc8253) fsgnj.d ft4, fs9, fa2
core   0: 1 0x0000000080005ca6 (0x22cc8253) f4  0x7ff8000000000000
core   0: 0x0000000080005caa (0x2ad898d3) fmax.d  fa7, fa7, fa3
core   0: 1 0x0000000080005caa (0x2ad898d3) f17 0x7ff8000000000000
core   0: 0x0000000080005cae (0x001d9df3) csrrw   s11, fflags, s11
core   0: 1 0x0000000080005cae (0x001d9df3) x27 0x0000000000000011 c1_fflags 0x0000000000000000
core   0: 0x0000000080005cb2 (0x00627a33) and     s4, tp, t1
core   0: 1 0x0000000080005cb2 (0x00627a33) x20 0x0000000000000000
core   0: 0x0000000080005cb6 (0xf20301d3) fmv.d.x ft3, t1
core   0: 1 0x0000000080005cb6 (0xf20301d3) f3  0x0000000000000000
core   0: 0x0000000080005cba (0x7d3bb717) auipc   a4, 0x7d3bb
core   0: 1 0x0000000080005cba (0x7d3bb717) x14 0x00000000fd3c0cba
core   0: 0x0000000080005cbe (0x00102df3) csrrs   s11, fflags, zero
core   0: 1 0x0000000080005cbe (0x00102df3) x27 0x0000000000000000
core   0: 0x0000000080005cc2 (0x4ae7724f) fnmadd.d ft4, fa4, fa4, fs1
core   0: 1 0x0000000080005cc2 (0x4ae7724f) f4  0x7ff8000000000000
core   0: 0x0000000080005cc6 (0x0376abb3) mulhsu  s7, a3, s7
core   0: 1 0x0000000080005cc6 (0x0376abb3) x23 0x0000000000000000
core   0: 0x0000000080005cca (0xd20a07d3) fcvt.d.w fa5, s4
core   0: 1 0x0000000080005cca (0xd20a07d3) f15 0x0000000000000000
core   0: 0x0000000080005cce (0xc037f1d3) fcvt.lu.s gp, fa5
core   0: 1 0x0000000080005cce (0xc037f1d3) c1_fflags 0x0000000000000010 x3  0xffffffffffffffff
core   0: 0x0000000080005cd2 (0x430e74c3) fmadd.d fs1, ft8, fa6, fs0
core   0: 1 0x0000000080005cd2 (0x430e74c3) f9  0x7ff8000000000000
core   0: 0x0000000080005cd6 (0x7ff68b9b) addiw   s7, a3, 2047
core   0: 1 0x0000000080005cd6 (0x7ff68b9b) x23 0x00000000000007ff
core   0: 0x0000000080005cda (0xc2397ad3) fcvt.lu.d s5, fs2
core   0: 1 0x0000000080005cda (0xc2397ad3) c1_fflags 0x0000000000000010 x21 0xffffffffffffffff
core   0: 0x0000000080005cde (0x00121873) csrrw   a6, fflags, tp
core   0: 1 0x0000000080005cde (0x00121873) x16 0x0000000000000010 c1_fflags 0x0000000000000001
core   0: 0x0000000080005ce2 (0xc05b6473) csrrsi  s0, hpmcounter5, 22
core   0: exception trap_illegal_instruction, epc 0x0000000080005ce2
core   0:           tval 0x00000000c05b6473
core   0: >>>>  $xrv64i2p1_m2p0_a2p1_f2p2_d2p2_zicsr2p0_zifencei2p0_zmmul1p0_zba1p0_zbb1p0_zbc1p0_zbs1p0
core   0: 0x0000000080004000 (0x0080006f) j       pc + 0x8
core   0: 3 0x0000000080004000 (0x0080006f)
core   0: >>>>  mmode_exception_handler
core   0: 0x0000000080004008 (0x00002c17) auipc   s8, 0x2
core   0: 3 0x0000000080004008 (0x00002c17) x24 0x0000000080006008
core   0: 0x000000008000400c (0xfd4c0c13) addi    s8, s8, -44
core   0: 3 0x000000008000400c (0xfd4c0c13) x24 0x0000000080005fdc
core   0: 0x0000000080004010 (0x000c00e7) jalr    s8
core   0: 3 0x0000000080004010 (0x000c00e7) x1  0x0000000080004014
core   0: >>>>  any_handler
core   0: 0x0000000080005fdc (0x341027f3) csrrs   a5, mepc, zero
core   0: 3 0x0000000080005fdc (0x341027f3) x15 0x0000000080005ce2
core   0: 0x0000000080005fe0 (0x34202773) csrrs   a4, mcause, zero
core   0: 3 0x0000000080005fe0 (0x34202773) x14 0x0000000000000002
core   0: 0x0000000080005fe4 (0x142026f3) csrrs   a3, scause, zero
core   0: 3 0x0000000080005fe4 (0x142026f3) x13 0x0000000000000000
core   0: 0x0000000080005fe8 (0x30402673) csrrs   a2, mie, zero
core   0: 3 0x0000000080005fe8 (0x30402673) x12 0x0000000000000a00
core   0: 0x0000000080005fec (0x344025f3) csrrs   a1, mip, zero
core   0: 3 0x0000000080005fec (0x344025f3) x11 0x0000000000000080
core   0: 0x0000000080005ff0 (0x343025f3) csrrs   a1, mtval, zero
core   0: 3 0x0000000080005ff0 (0x343025f3) x11 0x00000000c05b6473
core   0: 0x0000000080005ff4 (0x14302573) csrrs   a0, stval, zero
core   0: 3 0x0000000080005ff4 (0x14302573) x10 0xffffffffffffffff
core   0: 0x0000000080005ff8 (0xb02024f3) csrrs   s1, minstret, zero
core   0: 3 0x0000000080005ff8 (0xb02024f3) x9  0x00000000000011d2
core   0: 0x0000000080005ffc (0x0000a811) c.j     pc + 20
core   0: 3 0x0000000080005ffc (0xa811)
core   0: >>>>  mepc_4
core   0: 0x0000000080006010 (0x00000791) c.addi  a5, 4
core   0: 3 0x0000000080006010 (0x0791) x15 0x0000000080005ce6
core   0: 0x0000000080006012 (0x34179073) csrrw   zero, mepc, a5
core   0: 3 0x0000000080006012 (0x34179073) c833_mepc 0x0000000080005ce6
core   0: 0x0000000080006016 (0x30200073) mret
core   0: 3 0x0000000080006016 (0x30200073) c768_mstatus 0x8000000a00106080
core   0: 0x0000000080005ce6 (0x03c68d3b) mulw    s10, a3, t3
core   0: 1 0x0000000080005ce6 (0x03c68d3b) x26 0x0000000000000000
core   0: 0x0000000080005cea (0x41d00033) sub     zero, zero, t4
core   0: 1 0x0000000080005cea (0x41d00033)
core   0: 0x0000000080005cee (0xafec0293) addi    t0, s8, -1282
core   0: 1 0x0000000080005cee (0xafec0293) x5  0x0000000080005ada
core   0: 0x0000000080005cf2 (0x0ac071cf) fnmadd.d ft3, ft0, fa2, ft1
core   0: 1 0x0000000080005cf2 (0x0ac071cf) f3  0x7ff8000000000000
core   0: 0x0000000080005cf6 (0x03553533) mulhu   a0, a0, s5
core   0: 1 0x0000000080005cf6 (0x03553533) x10 0xfffffffffffffffe
core   0: 0x0000000080005cfa (0xf20a8f53) fmv.d.x ft10, s5
core   0: 1 0x0000000080005cfa (0xf20a8f53) f30 0xffffffffffffffff
core   0: 0x0000000080005cfe (0xa3540ad3) fle.d   s5, fs0, fs5
core   0: 1 0x0000000080005cfe (0xa3540ad3) c1_fflags 0x0000000000000011 x21 0x0000000000000000
core   0: 0x0000000080005d02 (0x001bf493) andi    s1, s7, 1
core   0: 1 0x0000000080005d02 (0x001bf493) x9  0x0000000000000001
core   0: 0x0000000080005d06 (0xc204f8d3) fcvt.w.d a7, fs1
core   0: 1 0x0000000080005d06 (0xc204f8d3) c1_fflags 0x0000000000000011 x17 0x000000007fffffff
core   0: 0x0000000080005d0a (0x9795f793) andi    a5, a1, -1671
core   0: 1 0x0000000080005d0a (0x9795f793) x15 0x00000000c05b6071
core   0: 0x0000000080005d0e (0xc21f7153) fcvt.wu.d sp, ft10
core   0: 1 0x0000000080005d0e (0xc21f7153) c1_fflags 0x0000000000000011 x2  0xffffffffffffffff
core   0: 0x0000000080005d12 (0x00181a73) csrrw   s4, fflags, a6
core   0: 1 0x0000000080005d12 (0x00181a73) x20 0x0000000000000011 c1_fflags 0x0000000000000010
core   0: 0x0000000080005d16 (0x401ef6d3) fcvt.s.d fa3, ft9
core   0: 1 0x0000000080005d16 (0x401ef6d3) f13 0xffffffff7fc00000
core   0: 0x0000000080005d1a (0x030b7c3b) remuw   s8, s6, a6
core   0: 1 0x0000000080005d1a (0x030b7c3b) x24 0x000000000000000a
core   0: 0x0000000080005d1e (0x03be4133) div     sp, t3, s11
core   0: 1 0x0000000080005d1e (0x03be4133) x2  0xffffffffffffffff
core   0: 0x0000000080005d22 (0x230c2b53) fsgnjx.d fs6, fs8, fa6
core   0: 1 0x0000000080005d22 (0x230c2b53) f22 0x0000000000000000
core   0: 0x0000000080005d26 (0x02be6eb3) rem     t4, t3, a1
core   0: 1 0x0000000080005d26 (0x02be6eb3) x29 0xffffffff53dcc2e9
core   0: 0x0000000080005d2a (0xa27888d3) fle.d   a7, fa7, ft7
core   0: 1 0x0000000080005d2a (0xa27888d3) c1_fflags 0x0000000000000010 x17 0x0000000000000000
core   0: 0x0000000080005d2e (0xd2347bd3) fcvt.d.lu fs7, s0
core   0: 1 0x0000000080005d2e (0xd2347bd3) c1_fflags 0x0000000000000011 f23 0x43efffffffffffff
core   0: 0x0000000080005d32 (0x00271973) csrrw   s2, frm, a4
core   0: 1 0x0000000080005d32 (0x00271973) x18 0x0000000000000001 c2_frm 0x0000000000000002
core   0: 0x0000000080005d36 (0x00137c13) andi    s8, t1, 1
core   0: 1 0x0000000080005d36 (0x00137c13) x24 0x0000000000000000
core   0: 0x0000000080005d3a (0x601e839b) addiw   t2, t4, 1537
core   0: 1 0x0000000080005d3a (0x601e839b) x7  0x0000000053dcc8ea
core   0: 0x0000000080005d3e (0xf1502b73) csrrs   s6, mconfigptr, zero
core   0: exception trap_illegal_instruction, epc 0x0000000080005d3e
core   0:           tval 0x00000000f1502b73
core   0: >>>>  $xrv64i2p1_m2p0_a2p1_f2p2_d2p2_zicsr2p0_zifencei2p0_zmmul1p0_zba1p0_zbb1p0_zbc1p0_zbs1p0
core   0: 0x0000000080004000 (0x0080006f) j       pc + 0x8
core   0: 3 0x0000000080004000 (0x0080006f)
core   0: >>>>  mmode_exception_handler
core   0: 0x0000000080004008 (0x00002c17) auipc   s8, 0x2
core   0: 3 0x0000000080004008 (0x00002c17) x24 0x0000000080006008
core   0: 0x000000008000400c (0xfd4c0c13) addi    s8, s8, -44
core   0: 3 0x000000008000400c (0xfd4c0c13) x24 0x0000000080005fdc
core   0: 0x0000000080004010 (0x000c00e7) jalr    s8
core   0: 3 0x0000000080004010 (0x000c00e7) x1  0x0000000080004014
core   0: >>>>  any_handler
core   0: 0x0000000080005fdc (0x341027f3) csrrs   a5, mepc, zero
core   0: 3 0x0000000080005fdc (0x341027f3) x15 0x0000000080005d3e
core   0: 0x0000000080005fe0 (0x34202773) csrrs   a4, mcause, zero
core   0: 3 0x0000000080005fe0 (0x34202773) x14 0x0000000000000002
core   0: 0x0000000080005fe4 (0x142026f3) csrrs   a3, scause, zero
core   0: 3 0x0000000080005fe4 (0x142026f3) x13 0x0000000000000000
core   0: 0x0000000080005fe8 (0x30402673) csrrs   a2, mie, zero
core   0: 3 0x0000000080005fe8 (0x30402673) x12 0x0000000000000a00
core   0: 0x0000000080005fec (0x344025f3) csrrs   a1, mip, zero
core   0: 3 0x0000000080005fec (0x344025f3) x11 0x0000000000000080
core   0: 0x0000000080005ff0 (0x343025f3) csrrs   a1, mtval, zero
core   0: 3 0x0000000080005ff0 (0x343025f3) x11 0x00000000f1502b73
core   0: 0x0000000080005ff4 (0x14302573) csrrs   a0, stval, zero
core   0: 3 0x0000000080005ff4 (0x14302573) x10 0xffffffffffffffff
core   0: 0x0000000080005ff8 (0xb02024f3) csrrs   s1, minstret, zero
core   0: 3 0x0000000080005ff8 (0xb02024f3) x9  0x00000000000011f8
core   0: 0x0000000080005ffc (0x0000a811) c.j     pc + 20
core   0: 3 0x0000000080005ffc (0xa811)
core   0: >>>>  mepc_4
core   0: 0x0000000080006010 (0x00000791) c.addi  a5, 4
core   0: 3 0x0000000080006010 (0x0791) x15 0x0000000080005d42
core   0: 0x0000000080006012 (0x34179073) csrrw   zero, mepc, a5
core   0: 3 0x0000000080006012 (0x34179073) c833_mepc 0x0000000080005d42
core   0: 0x0000000080006016 (0x30200073) mret
core   0: 3 0x0000000080006016 (0x30200073) c768_mstatus 0x8000000a00106080
core   0: 0x0000000080005d42 (0x00e6573b) srlw    a4, a2, a4
core   0: 1 0x0000000080005d42 (0x00e6573b) x14 0x0000000000000280
core   0: 0x0000000080005d46 (0x323869f3) csrrsi  s3, mhpmevent3, 16
core   0: exception trap_illegal_instruction, epc 0x0000000080005d46
core   0:           tval 0x00000000323869f3
core   0: >>>>  $xrv64i2p1_m2p0_a2p1_f2p2_d2p2_zicsr2p0_zifencei2p0_zmmul1p0_zba1p0_zbb1p0_zbc1p0_zbs1p0
core   0: 0x0000000080004000 (0x0080006f) j       pc + 0x8
core   0: 3 0x0000000080004000 (0x0080006f)
core   0: >>>>  mmode_exception_handler
core   0: 0x0000000080004008 (0x00002c17) auipc   s8, 0x2
core   0: 3 0x0000000080004008 (0x00002c17) x24 0x0000000080006008
core   0: 0x000000008000400c (0xfd4c0c13) addi    s8, s8, -44
core   0: 3 0x000000008000400c (0xfd4c0c13) x24 0x0000000080005fdc
core   0: 0x0000000080004010 (0x000c00e7) jalr    s8
core   0: 3 0x0000000080004010 (0x000c00e7) x1  0x0000000080004014
core   0: >>>>  any_handler
core   0: 0x0000000080005fdc (0x341027f3) csrrs   a5, mepc, zero
core   0: 3 0x0000000080005fdc (0x341027f3) x15 0x0000000080005d46
core   0: 0x0000000080005fe0 (0x34202773) csrrs   a4, mcause, zero
core   0: 3 0x0000000080005fe0 (0x34202773) x14 0x0000000000000002
core   0: 0x0000000080005fe4 (0x142026f3) csrrs   a3, scause, zero
core   0: 3 0x0000000080005fe4 (0x142026f3) x13 0x0000000000000000
core   0: 0x0000000080005fe8 (0x30402673) csrrs   a2, mie, zero
core   0: 3 0x0000000080005fe8 (0x30402673) x12 0x0000000000000a00
core   0: 0x0000000080005fec (0x344025f3) csrrs   a1, mip, zero
core   0: 3 0x0000000080005fec (0x344025f3) x11 0x0000000000000080
core   0: 0x0000000080005ff0 (0x343025f3) csrrs   a1, mtval, zero
core   0: 3 0x0000000080005ff0 (0x343025f3) x11 0x00000000323869f3
core   0: 0x0000000080005ff4 (0x14302573) csrrs   a0, stval, zero
core   0: 3 0x0000000080005ff4 (0x14302573) x10 0xffffffffffffffff
core   0: 0x0000000080005ff8 (0xb02024f3) csrrs   s1, minstret, zero
core   0: 3 0x0000000080005ff8 (0xb02024f3) x9  0x0000000000001209
core   0: 0x0000000080005ffc (0x0000a811) c.j     pc + 20
core   0: 3 0x0000000080005ffc (0xa811)
core   0: >>>>  mepc_4
core   0: 0x0000000080006010 (0x00000791) c.addi  a5, 4
core   0: 3 0x0000000080006010 (0x0791) x15 0x0000000080005d4a
core   0: 0x0000000080006012 (0x34179073) csrrw   zero, mepc, a5
core   0: 3 0x0000000080006012 (0x34179073) c833_mepc 0x0000000080005d4a
core   0: 0x0000000080006016 (0x30200073) mret
core   0: 3 0x0000000080006016 (0x30200073) c768_mstatus 0x8000000a00106080
core   0: 0x0000000080005d4a (0xead77643) fmadd.d fa2, fa4, fa3, ft9
core   0: 1 0x0000000080005d4a (0xead77643) f12 0x7ff8000000000000
core   0: 0x0000000080005d4e (0xd036f453) fcvt.s.lu fs0, a3
core   0: 1 0x0000000080005d4e (0xd036f453) f8  0xffffffff00000000
core   0: 0x0000000080005d52 (0x406e563b) sraw    a2, t3, t1
core   0: 1 0x0000000080005d52 (0x406e563b) x12 0xffffffffbc4cdd43
core   0: 0x0000000080005d56 (0xfff64213) not     tp, a2
core   0: 1 0x0000000080005d56 (0xfff64213) x4  0x0000000043b322bc
core   0: 0x0000000080005d5a (0xd0207cd3) fcvt.s.l fs9, zero
core   0: 1 0x0000000080005d5a (0xd0207cd3) f25 0xffffffff00000000
core   0: 0x0000000080005d5e (0x43f65b93) srai    s7, a2, 63
core   0: 1 0x0000000080005d5e (0x43f65b93) x23 0xffffffffffffffff
core   0: 0x0000000080005d62 (0xd20903d3) fcvt.d.w ft7, s2
core   0: 1 0x0000000080005d62 (0xd20903d3) f7  0x3ff0000000000000
core   0: 0x0000000080005d66 (0x02d6f53b) remuw   a0, a3, a3
core   0: 1 0x0000000080005d66 (0x02d6f53b) x10 0x0000000000000000
core   0: 0x0000000080005d6a (0xf15ba9f3) csrrs   s3, mconfigptr, s7
core   0: exception trap_illegal_instruction, epc 0x0000000080005d6a
core   0:           tval 0x00000000f15ba9f3
core   0: >>>>  $xrv64i2p1_m2p0_a2p1_f2p2_d2p2_zicsr2p0_zifencei2p0_zmmul1p0_zba1p0_zbb1p0_zbc1p0_zbs1p0
core   0: 0x0000000080004000 (0x0080006f) j       pc + 0x8
core   0: 3 0x0000000080004000 (0x0080006f)
core   0: >>>>  mmode_exception_handler
core   0: 0x0000000080004008 (0x00002c17) auipc   s8, 0x2
core   0: 3 0x0000000080004008 (0x00002c17) x24 0x0000000080006008
core   0: 0x000000008000400c (0xfd4c0c13) addi    s8, s8, -44
core   0: 3 0x000000008000400c (0xfd4c0c13) x24 0x0000000080005fdc
core   0: 0x0000000080004010 (0x000c00e7) jalr    s8
core   0: 3 0x0000000080004010 (0x000c00e7) x1  0x0000000080004014
core   0: >>>>  any_handler
core   0: 0x0000000080005fdc (0x341027f3) csrrs   a5, mepc, zero
core   0: 3 0x0000000080005fdc (0x341027f3) x15 0x0000000080005d6a
core   0: 0x0000000080005fe0 (0x34202773) csrrs   a4, mcause, zero
core   0: 3 0x0000000080005fe0 (0x34202773) x14 0x0000000000000002
core   0: 0x0000000080005fe4 (0x142026f3) csrrs   a3, scause, zero
core   0: 3 0x0000000080005fe4 (0x142026f3) x13 0x0000000000000000
core   0: 0x0000000080005fe8 (0x30402673) csrrs   a2, mie, zero
core   0: 3 0x0000000080005fe8 (0x30402673) x12 0x0000000000000a00
core   0: 0x0000000080005fec (0x344025f3) csrrs   a1, mip, zero
core   0: 3 0x0000000080005fec (0x344025f3) x11 0x0000000000000080
core   0: 0x0000000080005ff0 (0x343025f3) csrrs   a1, mtval, zero
core   0: 3 0x0000000080005ff0 (0x343025f3) x11 0x00000000f15ba9f3
core   0: 0x0000000080005ff4 (0x14302573) csrrs   a0, stval, zero
core   0: 3 0x0000000080005ff4 (0x14302573) x10 0xffffffffffffffff
core   0: 0x0000000080005ff8 (0xb02024f3) csrrs   s1, minstret, zero
core   0: 3 0x0000000080005ff8 (0xb02024f3) x9  0x0000000000001221
core   0: 0x0000000080005ffc (0x0000a811) c.j     pc + 20
core   0: 3 0x0000000080005ffc (0xa811)
core   0: >>>>  mepc_4
core   0: 0x0000000080006010 (0x00000791) c.addi  a5, 4
core   0: 3 0x0000000080006010 (0x0791) x15 0x0000000080005d6e
core   0: 0x0000000080006012 (0x34179073) csrrw   zero, mepc, a5
core   0: 3 0x0000000080006012 (0x34179073) c833_mepc 0x0000000080005d6e
core   0: 0x0000000080006016 (0x30200073) mret
core   0: 3 0x0000000080006016 (0x30200073) c768_mstatus 0x8000000a00106080
core   0: 0x0000000080005d6e (0x039d21b3) mulhsu  gp, s10, s9
core   0: 1 0x0000000080005d6e (0x039d21b3) x3  0x0000000000000000
core   0: 0x0000000080005d72 (0x4062d1bb) sraw    gp, t0, t1
core   0: 1 0x0000000080005d72 (0x4062d1bb) x3  0xffffffff80005ada
core   0: 0x0000000080005d76 (0x2b1c9353) fmax.d  ft6, fs9, fa7
core   0: 1 0x0000000080005d76 (0x2b1c9353) f6  0x7ff8000000000000
core   0: 0x0000000080005d7a (0x09fc5337) lui     t1, 0x9fc5
core   0: 1 0x0000000080005d7a (0x09fc5337) x6  0x0000000009fc5000
core   0: 0x0000000080005d7e (0x52e3f2c7) fmsub.d ft5, ft7, fa4, fa0
core   0: 1 0x0000000080005d7e (0x52e3f2c7) f5  0x7ff8000000000000
core   0: 0x0000000080005d82 (0xc00fd5f3) csrrwi  a1, cycle, 31
core   0: exception trap_illegal_instruction, epc 0x0000000080005d82
core   0:           tval 0x00000000c00fd5f3
core   0: >>>>  $xrv64i2p1_m2p0_a2p1_f2p2_d2p2_zicsr2p0_zifencei2p0_zmmul1p0_zba1p0_zbb1p0_zbc1p0_zbs1p0
core   0: 0x0000000080004000 (0x0080006f) j       pc + 0x8
core   0: 3 0x0000000080004000 (0x0080006f)
core   0: >>>>  mmode_exception_handler
core   0: 0x0000000080004008 (0x00002c17) auipc   s8, 0x2
core   0: 3 0x0000000080004008 (0x00002c17) x24 0x0000000080006008
core   0: 0x000000008000400c (0xfd4c0c13) addi    s8, s8, -44
core   0: 3 0x000000008000400c (0xfd4c0c13) x24 0x0000000080005fdc
core   0: 0x0000000080004010 (0x000c00e7) jalr    s8
core   0: 3 0x0000000080004010 (0x000c00e7) x1  0x0000000080004014
core   0: >>>>  any_handler
core   0: 0x0000000080005fdc (0x341027f3) csrrs   a5, mepc, zero
core   0: 3 0x0000000080005fdc (0x341027f3) x15 0x0000000080005d82
core   0: 0x0000000080005fe0 (0x34202773) csrrs   a4, mcause, zero
core   0: 3 0x0000000080005fe0 (0x34202773) x14 0x0000000000000002
core   0: 0x0000000080005fe4 (0x142026f3) csrrs   a3, scause, zero
core   0: 3 0x0000000080005fe4 (0x142026f3) x13 0x0000000000000000
core   0: 0x0000000080005fe8 (0x30402673) csrrs   a2, mie, zero
core   0: 3 0x0000000080005fe8 (0x30402673) x12 0x0000000000000a00
core   0: 0x0000000080005fec (0x344025f3) csrrs   a1, mip, zero
core   0: 3 0x0000000080005fec (0x344025f3) x11 0x0000000000000080
core   0: 0x0000000080005ff0 (0x343025f3) csrrs   a1, mtval, zero
core   0: 3 0x0000000080005ff0 (0x343025f3) x11 0x00000000c00fd5f3
core   0: 0x0000000080005ff4 (0x14302573) csrrs   a0, stval, zero
core   0: 3 0x0000000080005ff4 (0x14302573) x10 0xffffffffffffffff
core   0: 0x0000000080005ff8 (0xb02024f3) csrrs   s1, minstret, zero
core   0: 3 0x0000000080005ff8 (0xb02024f3) x9  0x0000000000001236
core   0: 0x0000000080005ffc (0x0000a811) c.j     pc + 20
core   0: 3 0x0000000080005ffc (0xa811)
core   0: >>>>  mepc_4
core   0: 0x0000000080006010 (0x00000791) c.addi  a5, 4
core   0: 3 0x0000000080006010 (0x0791) x15 0x0000000080005d86
core   0: 0x0000000080006012 (0x34179073) csrrw   zero, mepc, a5
core   0: 3 0x0000000080006012 (0x34179073) c833_mepc 0x0000000080005d86
core   0: 0x0000000080006016 (0x30200073) mret
core   0: 3 0x0000000080006016 (0x30200073) c768_mstatus 0x8000000a00106080
core   0: 0x0000000080005d86 (0x7ff4f713) andi    a4, s1, 2047
core   0: 1 0x0000000080005d86 (0x7ff4f713) x14 0x0000000000000236
core   0: 0x0000000080005d8a (0x02f31333) mulh    t1, t1, a5
core   0: 1 0x0000000080005d8a (0x02f31333) x6  0x0000000000000000
core   0: 0x0000000080005d8e (0x405502bb) subw    t0, a0, t0
core   0: 1 0x0000000080005d8e (0x405502bb) x5  0x000000007fffa525
core   0: 0x0000000080005d92 (0x7ff00413) li      s0, 2047
core   0: 1 0x0000000080005d92 (0x7ff00413) x8  0x00000000000007ff
core   0: 0x0000000080005d96 (0x001e0033) add     zero, t3, ra
core   0: 1 0x0000000080005d96 (0x001e0033)
core   0: 0x0000000080005d9a (0xc232f653) fcvt.lu.d a2, ft5
core   0: 1 0x0000000080005d9a (0xc232f653) c1_fflags 0x0000000000000011 x12 0xffffffffffffffff
core   0: 0x0000000080005d9e (0x22f01437) lui     s0, 0x22f01
core   0: 1 0x0000000080005d9e (0x22f01437) x8  0x0000000022f01000
core   0: 0x0000000080005da2 (0x02c669bb) remw    s3, a2, a2
core   0: 1 0x0000000080005da2 (0x02c669bb) x19 0x0000000000000000
core   0: 0x0000000080005da6 (0x00b50c3b) addw    s8, a0, a1
core   0: 1 0x0000000080005da6 (0x00b50c3b) x24 0xffffffffc00fd5f2
core   0: 0x0000000080005daa (0x0387e9bb) remw    s3, a5, s8
core   0: 1 0x0000000080005daa (0x0387e9bb) x19 0xffffffffffe0b1a2
core   0: 0x0000000080005dae (0x0242e23b) remw    tp, t0, tp
core   0: 1 0x0000000080005dae (0x0242e23b) x4  0x000000003c4c8269
core   0: 0x0000000080005db2 (0x40e50ebb) subw    t4, a0, a4
core   0: 1 0x0000000080005db2 (0x40e50ebb) x29 0xfffffffffffffdc9
core   0: 0x0000000080005db6 (0x4007dc13) srai    s8, a5, 0
core   0: 1 0x0000000080005db6 (0x4007dc13) x24 0x0000000080005d86
core   0: 0x0000000080005dba (0xd1c14b13) xori    s6, sp, -740
core   0: 1 0x0000000080005dba (0xd1c14b13) x22 0x00000000000002e3
core   0: 0x0000000080005dbe (0x008c5433) srl     s0, s8, s0
core   0: 1 0x0000000080005dbe (0x008c5433) x8  0x0000000080005d86
core   0: 0x0000000080005dc2 (0xc23576d3) fcvt.lu.d a3, fa0
core   0: 1 0x0000000080005dc2 (0xc23576d3) c1_fflags 0x0000000000000011 x13 0xffffffffffffffff
core   0: 0x0000000080005dc6 (0x3204eaf3) csrrsi  s5, mcountinhibit, 9
core   0: exception trap_illegal_instruction, epc 0x0000000080005dc6
core   0:           tval 0x000000003204eaf3
core   0: >>>>  $xrv64i2p1_m2p0_a2p1_f2p2_d2p2_zicsr2p0_zifencei2p0_zmmul1p0_zba1p0_zbb1p0_zbc1p0_zbs1p0
core   0: 0x0000000080004000 (0x0080006f) j       pc + 0x8
core   0: 3 0x0000000080004000 (0x0080006f)
core   0: >>>>  mmode_exception_handler
core   0: 0x0000000080004008 (0x00002c17) auipc   s8, 0x2
core   0: 3 0x0000000080004008 (0x00002c17) x24 0x0000000080006008
core   0: 0x000000008000400c (0xfd4c0c13) addi    s8, s8, -44
core   0: 3 0x000000008000400c (0xfd4c0c13) x24 0x0000000080005fdc
core   0: 0x0000000080004010 (0x000c00e7) jalr    s8
core   0: 3 0x0000000080004010 (0x000c00e7) x1  0x0000000080004014
core   0: >>>>  any_handler
core   0: 0x0000000080005fdc (0x341027f3) csrrs   a5, mepc, zero
core   0: 3 0x0000000080005fdc (0x341027f3) x15 0x0000000080005dc6
core   0: 0x0000000080005fe0 (0x34202773) csrrs   a4, mcause, zero
core   0: 3 0x0000000080005fe0 (0x34202773) x14 0x0000000000000002
core   0: 0x0000000080005fe4 (0x142026f3) csrrs   a3, scause, zero
core   0: 3 0x0000000080005fe4 (0x142026f3) x13 0x0000000000000000
core   0: 0x0000000080005fe8 (0x30402673) csrrs   a2, mie, zero
core   0: 3 0x0000000080005fe8 (0x30402673) x12 0x0000000000000a00
core   0: 0x0000000080005fec (0x344025f3) csrrs   a1, mip, zero
core   0: 3 0x0000000080005fec (0x344025f3) x11 0x0000000000000080
core   0: 0x0000000080005ff0 (0x343025f3) csrrs   a1, mtval, zero
core   0: 3 0x0000000080005ff0 (0x343025f3) x11 0x000000003204eaf3
core   0: 0x0000000080005ff4 (0x14302573) csrrs   a0, stval, zero
core   0: 3 0x0000000080005ff4 (0x14302573) x10 0xffffffffffffffff
core   0: 0x0000000080005ff8 (0xb02024f3) csrrs   s1, minstret, zero
core   0: 3 0x0000000080005ff8 (0xb02024f3) x9  0x0000000000001256
core   0: 0x0000000080005ffc (0x0000a811) c.j     pc + 20
core   0: 3 0x0000000080005ffc (0xa811)
core   0: >>>>  mepc_4
core   0: 0x0000000080006010 (0x00000791) c.addi  a5, 4
core   0: 3 0x0000000080006010 (0x0791) x15 0x0000000080005dca
core   0: 0x0000000080006012 (0x34179073) csrrw   zero, mepc, a5
core   0: 3 0x0000000080006012 (0x34179073) c833_mepc 0x0000000080005dca
core   0: 0x0000000080006016 (0x30200073) mret
core   0: 3 0x0000000080006016 (0x30200073) c768_mstatus 0x8000000a00106080
core   0: 0x0000000080005dca (0xc03570d3) fcvt.lu.s ra, fa0
core   0: 1 0x0000000080005dca (0xc03570d3) c1_fflags 0x0000000000000011 x1  0xffffffffffffffff
core   0: 0x0000000080005dce (0x0007d99b) srliw   s3, a5, 0
core   0: 1 0x0000000080005dce (0x0007d99b) x19 0xffffffff80005dca
core   0: 0x0000000080005dd2 (0x013c91b3) sll     gp, s9, s3
core   0: 1 0x0000000080005dd2 (0x013c91b3) x3  0x0000000000000000
core   0: 0x0000000080005dd6 (0xb39971cb) fnmsub.d ft3, fs2, fs9, fs6
core   0: 1 0x0000000080005dd6 (0xb39971cb) f3  0x7ff8000000000000
core   0: 0x0000000080005dda (0x0309883b) mulw    a6, s3, a6
core   0: 1 0x0000000080005dda (0x0309883b) x16 0x000000000005dca0
core   0: 0x0000000080005dde (0x00bb5093) srli    ra, s6, 11
core   0: 1 0x0000000080005dde (0x00bb5093) x1  0x0000000000000000
core   0: 0x0000000080005de2 (0x5abb8313) addi    t1, s7, 1451
core   0: 1 0x0000000080005de2 (0x5abb8313) x6  0x00000000000005aa
core   0: 0x0000000080005de6 (0xd8872d17) auipc   s10, 0xd8872
core   0: 1 0x0000000080005de6 (0xd8872d17) x26 0x0000000058877de6
core   0: 0x0000000080005dea (0x0353fad3) fadd.d  fs5, ft7, fs5
core   0: 1 0x0000000080005dea (0x0353fad3) f21 0x7ff8000000000000
core   0: 0x0000000080005dee (0x800cea93) ori     s5, s9, -2048
core   0: 1 0x0000000080005dee (0x800cea93) x21 0xfffffffffffff800
core   0: 0x0000000080005df2 (0x0196c6b3) xor     a3, a3, s9
core   0: 1 0x0000000080005df2 (0x0196c6b3) x13 0x0000000000000000
core   0: 0x0000000080005df6 (0xc21b7353) fcvt.wu.d t1, fs6
core   0: 1 0x0000000080005df6 (0xc21b7353) x6  0x0000000000000000
core   0: 0x0000000080005dfa (0x0ff0000f) fence   iorw,iorw
core   0: 1 0x0000000080005dfa (0x0ff0000f)
core   0: 0x0000000080005dfe (0x401af453) fcvt.s.d fs0, fs5
core   0: 1 0x0000000080005dfe (0x401af453) f8  0xffffffff7fc00000
core   0: 0x0000000080005e02 (0x03356933) rem     s2, a0, s3
core   0: 1 0x0000000080005e02 (0x03356933) x18 0xffffffffffffffff
core   0: 0x0000000080005e06 (0xc00693f3) csrrw   t2, cycle, a3
core   0: exception trap_illegal_instruction, epc 0x0000000080005e06
core   0:           tval 0x00000000c00693f3
core   0: >>>>  $xrv64i2p1_m2p0_a2p1_f2p2_d2p2_zicsr2p0_zifencei2p0_zmmul1p0_zba1p0_zbb1p0_zbc1p0_zbs1p0
core   0: 0x0000000080004000 (0x0080006f) j       pc + 0x8
core   0: 3 0x0000000080004000 (0x0080006f)
core   0: >>>>  mmode_exception_handler
core   0: 0x0000000080004008 (0x00002c17) auipc   s8, 0x2
core   0: 3 0x0000000080004008 (0x00002c17) x24 0x0000000080006008
core   0: 0x000000008000400c (0xfd4c0c13) addi    s8, s8, -44
core   0: 3 0x000000008000400c (0xfd4c0c13) x24 0x0000000080005fdc
core   0: 0x0000000080004010 (0x000c00e7) jalr    s8
core   0: 3 0x0000000080004010 (0x000c00e7) x1  0x0000000080004014
core   0: >>>>  any_handler
core   0: 0x0000000080005fdc (0x341027f3) csrrs   a5, mepc, zero
core   0: 3 0x0000000080005fdc (0x341027f3) x15 0x0000000080005e06
core   0: 0x0000000080005fe0 (0x34202773) csrrs   a4, mcause, zero
core   0: 3 0x0000000080005fe0 (0x34202773) x14 0x0000000000000002
core   0: 0x0000000080005fe4 (0x142026f3) csrrs   a3, scause, zero
core   0: 3 0x0000000080005fe4 (0x142026f3) x13 0x0000000000000000
core   0: 0x0000000080005fe8 (0x30402673) csrrs   a2, mie, zero
core   0: 3 0x0000000080005fe8 (0x30402673) x12 0x0000000000000a00
core   0: 0x0000000080005fec (0x344025f3) csrrs   a1, mip, zero
core   0: 3 0x0000000080005fec (0x344025f3) x11 0x0000000000000080
core   0: 0x0000000080005ff0 (0x343025f3) csrrs   a1, mtval, zero
core   0: 3 0x0000000080005ff0 (0x343025f3) x11 0x00000000c00693f3
core   0: 0x0000000080005ff4 (0x14302573) csrrs   a0, stval, zero
core   0: 3 0x0000000080005ff4 (0x14302573) x10 0xffffffffffffffff
core   0: 0x0000000080005ff8 (0xb02024f3) csrrs   s1, minstret, zero
core   0: 3 0x0000000080005ff8 (0xb02024f3) x9  0x0000000000001275
core   0: 0x0000000080005ffc (0x0000a811) c.j     pc + 20
core   0: 3 0x0000000080005ffc (0xa811)
core   0: >>>>  mepc_4
core   0: 0x0000000080006010 (0x00000791) c.addi  a5, 4
core   0: 3 0x0000000080006010 (0x0791) x15 0x0000000080005e0a
core   0: 0x0000000080006012 (0x34179073) csrrw   zero, mepc, a5
core   0: 3 0x0000000080006012 (0x34179073) c833_mepc 0x0000000080005e0a
core   0: 0x0000000080006016 (0x30200073) mret
core   0: 3 0x0000000080006016 (0x30200073) c768_mstatus 0x8000000a00106080
core   0: 0x0000000080005e0a (0x4063d11b) sraiw   sp, t2, 6
core   0: 1 0x0000000080005e0a (0x4063d11b) x2  0x00000000014f7323
core   0: 0x0000000080005e0e (0x31051b73) csrrw   s6, mstatush, a0
core   0: exception trap_illegal_instruction, epc 0x0000000080005e0e
core   0:           tval 0x0000000031051b73
core   0: >>>>  $xrv64i2p1_m2p0_a2p1_f2p2_d2p2_zicsr2p0_zifencei2p0_zmmul1p0_zba1p0_zbb1p0_zbc1p0_zbs1p0
core   0: 0x0000000080004000 (0x0080006f) j       pc + 0x8
core   0: 3 0x0000000080004000 (0x0080006f)
core   0: >>>>  mmode_exception_handler
core   0: 0x0000000080004008 (0x00002c17) auipc   s8, 0x2
core   0: 3 0x0000000080004008 (0x00002c17) x24 0x0000000080006008
core   0: 0x000000008000400c (0xfd4c0c13) addi    s8, s8, -44
core   0: 3 0x000000008000400c (0xfd4c0c13) x24 0x0000000080005fdc
core   0: 0x0000000080004010 (0x000c00e7) jalr    s8
core   0: 3 0x0000000080004010 (0x000c00e7) x1  0x0000000080004014
core   0: >>>>  any_handler
core   0: 0x0000000080005fdc (0x341027f3) csrrs   a5, mepc, zero
core   0: 3 0x0000000080005fdc (0x341027f3) x15 0x0000000080005e0e
core   0: 0x0000000080005fe0 (0x34202773) csrrs   a4, mcause, zero
core   0: 3 0x0000000080005fe0 (0x34202773) x14 0x0000000000000002
core   0: 0x0000000080005fe4 (0x142026f3) csrrs   a3, scause, zero
core   0: 3 0x0000000080005fe4 (0x142026f3) x13 0x0000000000000000
core   0: 0x0000000080005fe8 (0x30402673) csrrs   a2, mie, zero
core   0: 3 0x0000000080005fe8 (0x30402673) x12 0x0000000000000a00
core   0: 0x0000000080005fec (0x344025f3) csrrs   a1, mip, zero
core   0: 3 0x0000000080005fec (0x344025f3) x11 0x0000000000000080
core   0: 0x0000000080005ff0 (0x343025f3) csrrs   a1, mtval, zero
core   0: 3 0x0000000080005ff0 (0x343025f3) x11 0x0000000031051b73
core   0: 0x0000000080005ff4 (0x14302573) csrrs   a0, stval, zero
core   0: 3 0x0000000080005ff4 (0x14302573) x10 0xffffffffffffffff
core   0: 0x0000000080005ff8 (0xb02024f3) csrrs   s1, minstret, zero
core   0: 3 0x0000000080005ff8 (0xb02024f3) x9  0x0000000000001286
core   0: 0x0000000080005ffc (0x0000a811) c.j     pc + 20
core   0: 3 0x0000000080005ffc (0xa811)
core   0: >>>>  mepc_4
core   0: 0x0000000080006010 (0x00000791) c.addi  a5, 4
core   0: 3 0x0000000080006010 (0x0791) x15 0x0000000080005e12
core   0: 0x0000000080006012 (0x34179073) csrrw   zero, mepc, a5
core   0: 3 0x0000000080006012 (0x34179073) c833_mepc 0x0000000080005e12
core   0: 0x0000000080006016 (0x30200073) mret
core   0: 3 0x0000000080006016 (0x30200073) c768_mstatus 0x8000000a00106080
core   0: 0x0000000080005e12 (0xd2110ed3) fcvt.d.wu ft9, sp
core   0: 1 0x0000000080005e12 (0xd2110ed3) f29 0x4174f73230000000
core   0: 0x0000000080005e16 (0x00000001) c.nop
core   0: 1 0x0000000080005e16 (0x0001)
core   0: 0x0000000080005e18 (0x005ef6b3) and     a3, t4, t0
core   0: 1 0x0000000080005e18 (0x005ef6b3) x13 0x000000007fffa501
core   0: 0x0000000080005e1c (0x005b189b) slliw   a7, s6, 5
core   0: 1 0x0000000080005e1c (0x005b189b) x17 0x0000000000005c60
core   0: 0x0000000080005e20 (0x411902b3) sub     t0, s2, a7
core   0: 1 0x0000000080005e20 (0x411902b3) x5  0xffffffffffffa39f
core   0: 0x0000000080005e24 (0x0003dd1b) srliw   s10, t2, 0
core   0: 1 0x0000000080005e24 (0x0003dd1b) x26 0x0000000053dcc8ea
core   0: 0x0000000080005e28 (0xc032f8d3) fcvt.lu.s a7, ft5
core   0: 1 0x0000000080005e28 (0xc032f8d3) c1_fflags 0x0000000000000011 x17 0xffffffffffffffff
core   0: 0x0000000080005e2c (0x05d3fa37) lui     s4, 0x5d3f
core   0: 1 0x0000000080005e2c (0x05d3fa37) x20 0x0000000005d3f000
core   0: 0x0000000080005e30 (0x37da0a1b) addiw   s4, s4, 893
core   0: 1 0x0000000080005e30 (0x37da0a1b) x20 0x0000000005d3f37d
core   0: 0x0000000080005e34 (0x00000a32) c.slli  s4, 12
core   0: 1 0x0000000080005e34 (0x0a32) x20 0x0000005d3f37d000
core   0: 0x0000000080005e36 (0x2c2a0a13) addi    s4, s4, 706
core   0: 1 0x0000000080005e36 (0x2c2a0a13) x20 0x0000005d3f37d2c2
core   0: 0x0000000080005e3a (0x001896f3) csrrw   a3, fflags, a7
core   0: 1 0x0000000080005e3a (0x001896f3) x13 0x0000000000000011 c1_fflags 0x000000000000001f
core   0: 0x0000000080005e3e (0x001393f3) csrrw   t2, fflags, t2
core   0: 1 0x0000000080005e3e (0x001393f3) x7  0x000000000000001f c1_fflags 0x000000000000000a
core   0: 0x0000000080005e42 (0x034a613b) remw    sp, s4, s4
core   0: 1 0x0000000080005e42 (0x034a613b) x2  0x0000000000000000
core   0: 0x0000000080005e46 (0xd2317ad3) fcvt.d.lu fs5, sp
core   0: 1 0x0000000080005e46 (0xd2317ad3) f21 0x0000000000000000
core   0: 0x0000000080005e4a (0x03bb8a33) mul     s4, s7, s11
core   0: 1 0x0000000080005e4a (0x03bb8a33) x20 0x0000000000000000
core   0: 0x0000000080005e4e (0x133078d3) fmul.d  fa7, ft0, fs3
core   0: 1 0x0000000080005e4e (0x133078d3) f17 0x7ff8000000000000
core   0: 0x0000000080005e52 (0x037a5dbb) divuw   s11, s4, s7
core   0: 1 0x0000000080005e52 (0x037a5dbb) x27 0x0000000000000000
core   0: 0x0000000080005e56 (0x001a1c93) slli    s9, s4, 1
core   0: 1 0x0000000080005e56 (0x001a1c93) x25 0x0000000000000000
core   0: 0x0000000080005e5a (0x02cdb633) mulhu   a2, s11, a2
core   0: 1 0x0000000080005e5a (0x02cdb633) x12 0x0000000000000000
core   0: 0x0000000080005e5e (0x00ce7133) and     sp, t3, a2
core   0: 1 0x0000000080005e5e (0x00ce7133) x2  0x0000000000000000
core   0: 0x0000000080005e62 (0x12e8f253) fmul.d  ft4, fa7, fa4
core   0: 1 0x0000000080005e62 (0x12e8f253) f4  0x7ff8000000000000
core   0: 0x0000000080005e66 (0x001e1c73) csrrw   s8, fflags, t3
core   0: 1 0x0000000080005e66 (0x001e1c73) x24 0x000000000000000a c1_fflags 0x0000000000000003
core   0: 0x0000000080005e6a (0x5a08fdd3) fsqrt.d fs11, fa7
core   0: 1 0x0000000080005e6a (0x5a08fdd3) f27 0x7ff8000000000000
core   0: 0x0000000080005e6e (0x41dc50b3) sra     ra, s8, t4
core   0: 1 0x0000000080005e6e (0x41dc50b3) x1  0x0000000000000000
core   0: 0x0000000080005e72 (0x001c7413) andi    s0, s8, 1
core   0: 1 0x0000000080005e72 (0x001c7413) x8  0x0000000000000000
core   0: 0x0000000080005e76 (0x010201bb) addw    gp, tp, a6
core   0: 1 0x0000000080005e76 (0x010201bb) x3  0x000000003c525f09
core   0: 0x0000000080005e7a (0xffed8bb7) lui     s7, 0xffed8
core   0: 1 0x0000000080005e7a (0xffed8bb7) x23 0xffffffffffed8000
core   0: 0x0000000080005e7e (0x505b8b9b) addiw   s7, s7, 1285
core   0: 1 0x0000000080005e7e (0x505b8b9b) x23 0xffffffffffed8505
core   0: 0x0000000080005e82 (0x00000bbe) c.slli  s7, 15
core   0: 1 0x0000000080005e82 (0x0bbe) x23 0xfffffff6c2828000
core   0: 0x0000000080005e84 (0xc8fb8b93) addi    s7, s7, -881
core   0: 1 0x0000000080005e84 (0xc8fb8b93) x23 0xfffffff6c2827c8f
core   0: 0x0000000080005e88 (0x23a104d3) fsgnj.d fs1, ft2, fs10
core   0: 1 0x0000000080005e88 (0x23a104d3) f9  0xffffffff7fc00000
core   0: 0x0000000080005e8c (0x0174823b) addw    tp, s1, s7
core   0: 1 0x0000000080005e8c (0x0174823b) x4  0xffffffffc2828f15
core   0: 0x0000000080005e90 (0x52a4fcc7) fmsub.d fs9, fs1, fa0, fa0
core   0: 1 0x0000000080005e90 (0x52a4fcc7) f25 0x7ff8000000000000
core   0: 0x0000000080005e94 (0x2aa48253) fmin.d  ft4, fs1, fa0
core   0: 1 0x0000000080005e94 (0x2aa48253) f4  0x7ff8000000000000
core   0: 0x0000000080005e98 (0x2b3814d3) fmax.d  fs1, fa6, fs3
core   0: 1 0x0000000080005e98 (0x2b3814d3) f9  0x7ff8000000000000
core   0: 0x0000000080005e9c (0x42040753) fcvt.d.s fa4, fs0
core   0: 1 0x0000000080005e9c (0x42040753) f14 0x7ff8000000000000
core   0: 0x0000000080005ea0 (0x039acabb) divw    s5, s5, s9
core   0: 1 0x0000000080005ea0 (0x039acabb) x21 0xffffffffffffffff
core   0: 0x0000000080005ea4 (0x01354937) lui     s2, 0x1354
core   0: 1 0x0000000080005ea4 (0x01354937) x18 0x0000000001354000
core   0: 0x0000000080005ea8 (0xd0f9091b) addiw   s2, s2, -753
core   0: 1 0x0000000080005ea8 (0xd0f9091b) x18 0x0000000001353d0f
core   0: 0x0000000080005eac (0x0000093a) c.slli  s2, 14
core   0: 1 0x0000000080005eac (0x093a) x18 0x0000004d4f43c000
core   0: 0x0000000080005eae (0xcad90913) addi    s2, s2, -851
core   0: 1 0x0000000080005eae (0xcad90913) x18 0x0000004d4f43bcad
core   0: 0x0000000080005eb2 (0x1af27953) fdiv.d  fs2, ft4, fa5
core   0: 1 0x0000000080005eb2 (0x1af27953) f18 0x7ff8000000000000
core   0: 0x0000000080005eb6 (0xc027f3d3) fcvt.l.s t2, fa5
core   0: 1 0x0000000080005eb6 (0xc027f3d3) c1_fflags 0x0000000000000013 x7  0x7fffffffffffffff
core   0: 0x0000000080005eba (0xe2447e47) fmsub.d ft8, fs0, ft4, ft8
core   0: 1 0x0000000080005eba (0xe2447e47) f28 0x7ff8000000000000
core   0: 0x0000000080005ebe (0x03f95e93) srli    t4, s2, 63
core   0: 1 0x0000000080005ebe (0x03f95e93) x29 0x0000000000000000
core   0: 0x0000000080005ec2 (0x001df513) andi    a0, s11, 1
core   0: 1 0x0000000080005ec2 (0x001df513) x10 0x0000000000000000
core   0: 0x0000000080005ec6 (0x2b051f53) fmax.d  ft10, fa0, fa6
core   0: 1 0x0000000080005ec6 (0x2b051f53) f30 0x7ff8000000000000
core   0: 0x0000000080005eca (0x031968b3) rem     a7, s2, a7
core   0: 1 0x0000000080005eca (0x031968b3) x17 0x0000000000000000
core   0: 0x0000000080005ece (0x0ff0000f) fence   iorw,iorw
core   0: 1 0x0000000080005ece (0x0ff0000f)
core   0: 0x0000000080005ed2 (0x01935cbb) srlw    s9, t1, s9
core   0: 1 0x0000000080005ed2 (0x01935cbb) x25 0x0000000000000000
core   0: 0x0000000080005ed6 (0x01e85e93) srli    t4, a6, 30
core   0: 1 0x0000000080005ed6 (0x01e85e93) x29 0x0000000000000000
core   0: 0x0000000080005eda (0x4012f053) fcvt.s.d ft0, ft5
core   0: 1 0x0000000080005eda (0x4012f053) f0  0xffffffff7fc00000
core   0: 0x0000000080005ede (0x00bd1d3b) sllw    s10, s10, a1
core   0: 1 0x0000000080005ede (0x00bd1d3b) x26 0x0000000047500000
core   0: 0x0000000080005ee2 (0x8005889b) addiw   a7, a1, -2048
core   0: 1 0x0000000080005ee2 (0x8005889b) x17 0x0000000031051373
core   0: 0x0000000080005ee6 (0x02fea7b3) mulhsu  a5, t4, a5
core   0: 1 0x0000000080005ee6 (0x02fea7b3) x15 0x0000000000000000
core   0: 0x0000000080005eea (0x1b0070d3) fdiv.d  ft1, ft0, fa6
core   0: 1 0x0000000080005eea (0x1b0070d3) f1  0x7ff8000000000000
core   0: 0x0000000080005eee (0x03cb7a33) remu    s4, s6, t3
core   0: 1 0x0000000080005eee (0x03cb7a33) x20 0x00000000000002e3
core   0: 0x0000000080005ef2 (0x0227d193) srli    gp, a5, 34
core   0: 1 0x0000000080005ef2 (0x0227d193) x3  0x0000000000000000
core   0: 0x0000000080005ef6 (0x4181d09b) sraiw   ra, gp, 24
core   0: 1 0x0000000080005ef6 (0x4181d09b) x1  0x0000000000000000
core   0: 0x0000000080005efa (0xcbecf7cf) fnmadd.d fa5, fs9, ft10, fs9
core   0: 1 0x0000000080005efa (0xcbecf7cf) f15 0x7ff8000000000000
core   0: 0x0000000080005efe (0x001a133b) sllw    t1, s4, ra
core   0: 1 0x0000000080005efe (0x001a133b) x6  0x00000000000002e3
core   0: 0x0000000080005f02 (0x02b800b3) mul     ra, a6, a1
core   0: 1 0x0000000080005f02 (0x02b800b3) x1  0x00011f589006fbe0
core   0: 0x0000000080005f06 (0x01a5d01b) srliw   zero, a1, 26
core   0: 1 0x0000000080005f06 (0x01a5d01b)
core   0: 0x0000000080005f0a (0x013089bb) addw    s3, ra, s3
core   0: 1 0x0000000080005f0a (0x013089bb) x19 0x00000000100759aa
core   0: 0x0000000080005f0e (0x5a0b7a53) fsqrt.d fs4, fs6
core   0: 1 0x0000000080005f0e (0x5a0b7a53) f20 0x0000000000000000
core   0: 0x0000000080005f12 (0x12477753) fmul.d  fa4, fa4, ft4
core   0: 1 0x0000000080005f12 (0x12477753) f14 0x7ff8000000000000
core   0: 0x0000000080005f16 (0xc1d98693) addi    a3, s3, -995
core   0: 1 0x0000000080005f16 (0xc1d98693) x13 0x00000000100755c7
core   0: 0x0000000080005f1a (0x40c1551b) sraiw   a0, sp, 12
core   0: 1 0x0000000080005f1a (0x40c1551b) x10 0x0000000000000000
core   0: 0x0000000080005f1e (0x3d8d9bb7) lui     s7, 0x3d8d9
core   0: 1 0x0000000080005f1e (0x3d8d9bb7) x23 0x000000003d8d9000
core   0: 0x0000000080005f22 (0x007e0abb) addw    s5, t3, t2
core   0: 1 0x0000000080005f22 (0x007e0abb) x21 0xffffffffbc4cdd42
core   0: 0x0000000080005f26 (0xe2008553) fmv.x.d a0, ft1
core   0: 1 0x0000000080005f26 (0xe2008553) x10 0x7ff8000000000000
core   0: 0x0000000080005f2a (0x022c5893) srli    a7, s8, 34
core   0: 1 0x0000000080005f2a (0x022c5893) x17 0x0000000000000000
core   0: 0x0000000080005f2e (0x40a8883b) subw    a6, a7, a0
core   0: 1 0x0000000080005f2e (0x40a8883b) x16 0x0000000000000000
core   0: 0x0000000080005f32 (0x7472a4f3) csrrs   s1, mseccfg, t0
core   0: exception trap_illegal_instruction, epc 0x0000000080005f32
core   0:           tval 0x000000007472a4f3
core   0: >>>>  $xrv64i2p1_m2p0_a2p1_f2p2_d2p2_zicsr2p0_zifencei2p0_zmmul1p0_zba1p0_zbb1p0_zbc1p0_zbs1p0
core   0: 0x0000000080004000 (0x0080006f) j       pc + 0x8
core   0: 3 0x0000000080004000 (0x0080006f)
core   0: >>>>  mmode_exception_handler
core   0: 0x0000000080004008 (0x00002c17) auipc   s8, 0x2
core   0: 3 0x0000000080004008 (0x00002c17) x24 0x0000000080006008
core   0: 0x000000008000400c (0xfd4c0c13) addi    s8, s8, -44
core   0: 3 0x000000008000400c (0xfd4c0c13) x24 0x0000000080005fdc
core   0: 0x0000000080004010 (0x000c00e7) jalr    s8
core   0: 3 0x0000000080004010 (0x000c00e7) x1  0x0000000080004014
core   0: >>>>  any_handler
core   0: 0x0000000080005fdc (0x341027f3) csrrs   a5, mepc, zero
core   0: 3 0x0000000080005fdc (0x341027f3) x15 0x0000000080005f32
core   0: 0x0000000080005fe0 (0x34202773) csrrs   a4, mcause, zero
core   0: 3 0x0000000080005fe0 (0x34202773) x14 0x0000000000000002
core   0: 0x0000000080005fe4 (0x142026f3) csrrs   a3, scause, zero
core   0: 3 0x0000000080005fe4 (0x142026f3) x13 0x0000000000000000
core   0: 0x0000000080005fe8 (0x30402673) csrrs   a2, mie, zero
core   0: 3 0x0000000080005fe8 (0x30402673) x12 0x0000000000000a00
core   0: 0x0000000080005fec (0x344025f3) csrrs   a1, mip, zero
core   0: 3 0x0000000080005fec (0x344025f3) x11 0x0000000000000080
core   0: 0x0000000080005ff0 (0x343025f3) csrrs   a1, mtval, zero
core   0: 3 0x0000000080005ff0 (0x343025f3) x11 0x000000007472a4f3
core   0: 0x0000000080005ff4 (0x14302573) csrrs   a0, stval, zero
core   0: 3 0x0000000080005ff4 (0x14302573) x10 0xffffffffffffffff
core   0: 0x0000000080005ff8 (0xb02024f3) csrrs   s1, minstret, zero
core   0: 3 0x0000000080005ff8 (0xb02024f3) x9  0x00000000000012e0
core   0: 0x0000000080005ffc (0x0000a811) c.j     pc + 20
core   0: 3 0x0000000080005ffc (0xa811)
core   0: >>>>  mepc_4
core   0: 0x0000000080006010 (0x00000791) c.addi  a5, 4
core   0: 3 0x0000000080006010 (0x0791) x15 0x0000000080005f36
core   0: 0x0000000080006012 (0x34179073) csrrw   zero, mepc, a5
core   0: 3 0x0000000080006012 (0x34179073) c833_mepc 0x0000000080005f36
core   0: 0x0000000080006016 (0x30200073) mret
core   0: 3 0x0000000080006016 (0x30200073) c768_mstatus 0x8000000a00106080
core   0: 0x0000000080005f36 (0x1a50ff53) fdiv.d  ft10, ft1, ft5
core   0: 1 0x0000000080005f36 (0x1a50ff53) f30 0x7ff8000000000000
core   0: 0x0000000080005f3a (0x02585993) srli    s3, a6, 37
core   0: 1 0x0000000080005f3a (0x02585993) x19 0x0000000000000000
core   0: 0x0000000080005f3e (0xd2080cd3) fcvt.d.w fs9, a6
core   0: 1 0x0000000080005f3e (0xd2080cd3) f25 0x0000000000000000
core   0: 0x0000000080005f42 (0x5a0f7ad3) fsqrt.d fs5, ft10
core   0: 1 0x0000000080005f42 (0x5a0f7ad3) f21 0x7ff8000000000000
core   0: 0x0000000080005f46 (0x02e19c93) slli    s9, gp, 46
core   0: 1 0x0000000080005f46 (0x02e19c93) x25 0x0000000000000000
core   0: 0x0000000080005f4a (0x23ed87d3) fsgnj.d fa5, fs11, ft10
core   0: 1 0x0000000080005f4a (0x23ed87d3) f15 0x7ff8000000000000
core   0: 0x0000000080005f4e (0x420a8d53) fcvt.d.s fs10, fs5
core   0: 1 0x0000000080005f4e (0x420a8d53) f26 0x7ff8000000000000
core   0: 0x0000000080005f52 (0x000cd8bb) srlw    a7, s9, zero
core   0: 1 0x0000000080005f52 (0x000cd8bb) x17 0x0000000000000000
core   0: 0x0000000080005f56 (0x01a9dc1b) srliw   s8, s3, 26
core   0: 1 0x0000000080005f56 (0x01a9dc1b) x24 0x0000000000000000
core   0: 0x0000000080005f5a (0x01a91693) slli    a3, s2, 26
core   0: 1 0x0000000080005f5a (0x01a91693) x13 0x353d0ef2b4000000
core   0: 0x0000000080005f5e (0x00102873) csrrs   a6, fflags, zero
core   0: 1 0x0000000080005f5e (0x00102873) x16 0x0000000000000013
core   0: 0x0000000080005f62 (0x026dddb3) divu    s11, s11, t1
core   0: 1 0x0000000080005f62 (0x026dddb3) x27 0x0000000000000000
core   0: 0x0000000080005f66 (0x0b9cfcc3) fmadd.d fs9, fs9, fs9, ft1
core   0: 1 0x0000000080005f66 (0x0b9cfcc3) f25 0x7ff8000000000000
core   0: 0x0000000080005f6a (0x0317533b) divuw   t1, a4, a7
core   0: 1 0x0000000080005f6a (0x0317533b) x6  0xffffffffffffffff
core   0: 0x0000000080005f6e (0x03042ab3) mulhsu  s5, s0, a6
core   0: 1 0x0000000080005f6e (0x03042ab3) x21 0x0000000000000000
core   0: 0x0000000080005f72 (0xd238f4d3) fcvt.d.lu fs1, a7
core   0: 1 0x0000000080005f72 (0xd238f4d3) f9  0x0000000000000000
core   0: 0x0000000080005f76 (0x00000001) c.nop
core   0: 1 0x0000000080005f76 (0x0001)
core   0: 0x0000000080005f78 (0xc0217a53) fcvt.l.s s4, ft2
core   0: 1 0x0000000080005f78 (0xc0217a53) c1_fflags 0x0000000000000013 x20 0x7fffffffffffffff
core   0: 0x0000000080005f7c (0xf20a0753) fmv.d.x fa4, s4
core   0: 1 0x0000000080005f7c (0xf20a0753) f14 0x7fffffffffffffff
core   0: 0x0000000080005f80 (0x0149593b) srlw    s2, s2, s4
core   0: 1 0x0000000080005f80 (0x0149593b) x18 0x0000000000000000
core   0: 0x0000000080005f84 (0x00001092) c.slli  ra, 36
core   0: 1 0x0000000080005f84 (0x1092) x1  0x0004014000000000
core   0: 0x0000000080005f86 (0xd224f953) fcvt.d.l fs2, s1
core   0: 1 0x0000000080005f86 (0xd224f953) f18 0x40b2e00000000000
core   0: 0x0000000080005f8a (0x43f55813) srai    a6, a0, 63
core   0: 1 0x0000000080005f8a (0x43f55813) x16 0xffffffffffffffff
core   0: 0x0000000080005f8e (0x032776d3) fadd.d  fa3, fa4, fs2
core   0: 1 0x0000000080005f8e (0x032776d3) f13 0x7ff8000000000000
core   0: 0x0000000080005f92 (0x143de4f3) csrrsi  s1, stval, 27
core   0: 1 0x0000000080005f92 (0x143de4f3) x9  0xffffffffffffffff c323_stval 0xffffffffffffffff
core   0: 0x0000000080005f96 (0x004e023b) addw    tp, t3, tp
core   0: 1 0x0000000080005f96 (0x004e023b) x4  0x000000007ecf6c58
core   0: 0x0000000080005f9a (0x143178f3) csrrci  a7, stval, 2
core   0: 1 0x0000000080005f9a (0x143178f3) x17 0xffffffffffffffff c323_stval 0xfffffffffffffffd
core   0: 0x0000000080005f9e (0xc27ace37) lui     t3, 0xc27ac
core   0: 1 0x0000000080005f9e (0xc27ace37) x28 0xffffffffc27ac000
core   0: 0x0000000080005fa2 (0x03c07b53) fadd.d  fs6, ft0, ft8
core   0: 1 0x0000000080005fa2 (0x03c07b53) f22 0x7ff8000000000000
core   0: 0x0000000080005fa6 (0x020a4a33) div     s4, s4, zero
core   0: 1 0x0000000080005fa6 (0x020a4a33) x20 0xffffffffffffffff
core   0: 0x0000000080005faa (0xd0207553) fcvt.s.l fa0, zero
core   0: 1 0x0000000080005faa (0xd0207553) f10 0xffffffff00000000
core   0: 0x0000000080005fae (0xe20883d3) fmv.x.d t2, fa7
core   0: 1 0x0000000080005fae (0xe20883d3) x7  0x7ff8000000000000
core   0: 0x0000000080005fb2 (0x01587cb3) and     s9, a6, s5
core   0: 1 0x0000000080005fb2 (0x01587cb3) x25 0x0000000000000000
core   0: 0x0000000080005fb6 (0x02997dd3) fadd.d  fs11, fs2, fs1
core   0: 1 0x0000000080005fb6 (0x02997dd3) f27 0x40b2e00000000000
core   0: 0x0000000080005fba (0x01969d3b) sllw    s10, a3, s9
core   0: 1 0x0000000080005fba (0x01969d3b) x26 0xffffffffb4000000
core   0: 0x0000000080005fbe (0x127cf253) fmul.d  ft4, fs9, ft7
core   0: 1 0x0000000080005fbe (0x127cf253) f4  0x7ff8000000000000
core   0: 0x0000000080005fc2 (0x01aa5a33) srl     s4, s4, s10
core   0: 1 0x0000000080005fc2 (0x01aa5a33) x20 0xffffffffffffffff
core   0: 0x0000000080005fc6 (0x52167a4f) fnmadd.d fs4, fa2, ft1, fa0
core   0: 1 0x0000000080005fc6 (0x52167a4f) f20 0x7ff8000000000000
core   0: 0x0000000080005fca (0x035ce633) rem     a2, s9, s5
core   0: 1 0x0000000080005fca (0x035ce633) x12 0x0000000000000000
core   0: 0x0000000080005fce (0x401af7d3) fcvt.s.d fa5, fs5
core   0: 1 0x0000000080005fce (0x401af7d3) f15 0xffffffff7fc00000
core   0: 0x0000000080005fd2 (0x0ff0000f) fence   iorw,iorw
core   0: 1 0x0000000080005fd2 (0x0ff0000f)
core   0: >>>>  write_tohost
core   0: 0x0000000080005fd6 (0xa0efa0ef) jal     pc - 0x5df2
core   0: 1 0x0000000080005fd6 (0xa0efa0ef) x1  0x0000000080005fda
core   0: >>>>  _exit
core   0: 0x00000000800001e4 (0x00004505) c.li    a0, 1
core   0: 1 0x00000000800001e4 (0x4505) x10 0x0000000000000001
core   0: 0x00000000800001e6 (0x00001f17) auipc   t5, 0x1
core   0: 1 0x00000000800001e6 (0x00001f17) x30 0x00000000800011e6
core   0: 0x00000000800001ea (0xe0af2d23) sw      a0, -486(t5)
core   0: 1 0x00000000800001ea (0xe0af2d23) mem 0x0000000080001000 0x00000001
cp /home/server/RISCV/cva6/verif/sim/out/seed_1846/spike_sim/new_seeds_1846_.cv64a6_imafdc_sv39.log.iss /home/server/RISCV/cva6/verif/sim/out/seed_1846/spike_sim/new_seeds_1846_.cv64a6_imafdc_sv39.log
