Makefile:14: must set CVA6_REPO_DIR to point at the root of CVA6 sources and CVA6_TB_DIR to point here -- doing it for you...
LD_LIBRARY_PATH="$(realpath ../../tools/spike/lib):$LD_LIBRARY_PATH" \
	/home/server/RISCV/cva6/tools/spike/bin/spike --steps=2000000  --log-commits --isa=rv64gc_zba_zbb_zbs_zbc_zicsr_zifencei --priv=msu -l /home/server/RISCV/cva6/verif/sim/out/seed_1350/directed_asm_tests/new_seeds_1350_.o
[SPIKE] Max simulation steps: 2000000
[SPIKE] Proc 0 | ISA: rv64gc_zba_zbb_zbs_zbc_zicsr_zifencei PRIV: msu
[SPIKE] Initializing memories...
core   0: 0x0000000000010000 (0x00100413) li      s0, 1
core   0: 3 0x0000000000010000 (0x00100413) x8  0x0000000000000001
core   0: 0x0000000000010004 (0x01f41413) slli    s0, s0, 31
core   0: 3 0x0000000000010004 (0x01f41413) x8  0x0000000080000000
core   0: 0x0000000000010008 (0xf1402573) csrrs   a0, mhartid, zero
core   0: 3 0x0000000000010008 (0xf1402573) x10 0x0000000000000000
core   0: 0x000000000001000c (0x00000597) auipc   a1, 0x0
core   0: 3 0x000000000001000c (0x00000597) x11 0x000000000001000c
core   0: 0x0000000000010010 (0x07458593) addi    a1, a1, 116
core   0: 3 0x0000000000010010 (0x07458593) x11 0x0000000000010080
core   0: 0x0000000000010014 (0x00040067) jr      s0
core   0: 3 0x0000000000010014 (0x00040067)
core   0: >>>>  _start
core   0: 0x0000000080000000 (0x00004081) c.li    ra, 0
core   0: 3 0x0000000080000000 (0x4081) x1  0x0000000000000000
core   0: 0x0000000080000002 (0x00004101) c.li    sp, 0
core   0: 3 0x0000000080000002 (0x4101) x2  0x0000000000000000
core   0: 0x0000000080000004 (0x00004181) c.li    gp, 0
core   0: 3 0x0000000080000004 (0x4181) x3  0x0000000000000000
core   0: 0x0000000080000006 (0x00004201) c.li    tp, 0
core   0: 3 0x0000000080000006 (0x4201) x4  0x0000000000000000
core   0: 0x0000000080000008 (0x00004281) c.li    t0, 0
core   0: 3 0x0000000080000008 (0x4281) x5  0x0000000000000000
core   0: 0x000000008000000a (0x00004301) c.li    t1, 0
core   0: 3 0x000000008000000a (0x4301) x6  0x0000000000000000
core   0: 0x000000008000000c (0x00004381) c.li    t2, 0
core   0: 3 0x000000008000000c (0x4381) x7  0x0000000000000000
core   0: 0x000000008000000e (0x00004401) c.li    s0, 0
core   0: 3 0x000000008000000e (0x4401) x8  0x0000000000000000
core   0: 0x0000000080000010 (0x00004481) c.li    s1, 0
core   0: 3 0x0000000080000010 (0x4481) x9  0x0000000000000000
core   0: 0x0000000080000012 (0x00004501) c.li    a0, 0
core   0: 3 0x0000000080000012 (0x4501) x10 0x0000000000000000
core   0: 0x0000000080000014 (0x00004581) c.li    a1, 0
core   0: 3 0x0000000080000014 (0x4581) x11 0x0000000000000000
core   0: 0x0000000080000016 (0x00004601) c.li    a2, 0
core   0: 3 0x0000000080000016 (0x4601) x12 0x0000000000000000
core   0: 0x0000000080000018 (0x00004681) c.li    a3, 0
core   0: 3 0x0000000080000018 (0x4681) x13 0x0000000000000000
core   0: 0x000000008000001a (0x00004701) c.li    a4, 0
core   0: 3 0x000000008000001a (0x4701) x14 0x0000000000000000
core   0: 0x000000008000001c (0x00004781) c.li    a5, 0
core   0: 3 0x000000008000001c (0x4781) x15 0x0000000000000000
core   0: 0x000000008000001e (0x00004801) c.li    a6, 0
core   0: 3 0x000000008000001e (0x4801) x16 0x0000000000000000
core   0: 0x0000000080000020 (0x00004881) c.li    a7, 0
core   0: 3 0x0000000080000020 (0x4881) x17 0x0000000000000000
core   0: 0x0000000080000022 (0x00004901) c.li    s2, 0
core   0: 3 0x0000000080000022 (0x4901) x18 0x0000000000000000
core   0: 0x0000000080000024 (0x00004981) c.li    s3, 0
core   0: 3 0x0000000080000024 (0x4981) x19 0x0000000000000000
core   0: 0x0000000080000026 (0x00004a01) c.li    s4, 0
core   0: 3 0x0000000080000026 (0x4a01) x20 0x0000000000000000
core   0: 0x0000000080000028 (0x00004a81) c.li    s5, 0
core   0: 3 0x0000000080000028 (0x4a81) x21 0x0000000000000000
core   0: 0x000000008000002a (0x00004b01) c.li    s6, 0
core   0: 3 0x000000008000002a (0x4b01) x22 0x0000000000000000
core   0: 0x000000008000002c (0x00004b81) c.li    s7, 0
core   0: 3 0x000000008000002c (0x4b81) x23 0x0000000000000000
core   0: 0x000000008000002e (0x00004c01) c.li    s8, 0
core   0: 3 0x000000008000002e (0x4c01) x24 0x0000000000000000
core   0: 0x0000000080000030 (0x00004c81) c.li    s9, 0
core   0: 3 0x0000000080000030 (0x4c81) x25 0x0000000000000000
core   0: 0x0000000080000032 (0x00004d01) c.li    s10, 0
core   0: 3 0x0000000080000032 (0x4d01) x26 0x0000000000000000
core   0: 0x0000000080000034 (0x00004d81) c.li    s11, 0
core   0: 3 0x0000000080000034 (0x4d81) x27 0x0000000000000000
core   0: 0x0000000080000036 (0x00004e01) c.li    t3, 0
core   0: 3 0x0000000080000036 (0x4e01) x28 0x0000000000000000
core   0: 0x0000000080000038 (0x00004e81) c.li    t4, 0
core   0: 3 0x0000000080000038 (0x4e81) x29 0x0000000000000000
core   0: 0x000000008000003a (0x00004f01) c.li    t5, 0
core   0: 3 0x000000008000003a (0x4f01) x30 0x0000000000000000
core   0: 0x000000008000003c (0x00004f81) c.li    t6, 0
core   0: 3 0x000000008000003c (0x4f81) x31 0x0000000000000000
core   0: 0x000000008000003e (0x000062f9) c.lui   t0, 0x1e
core   0: 3 0x000000008000003e (0x62f9) x5  0x000000000001e000
core   0: 0x0000000080000040 (0x3002a073) csrrs   zero, mstatus, t0
core   0: 3 0x0000000080000040 (0x3002a073) c768_mstatus 0x8000000a00006000
core   0: 0x0000000080000044 (0x00004285) c.li    t0, 1
core   0: 3 0x0000000080000044 (0x4285) x5  0x0000000000000001
core   0: 0x0000000080000046 (0x000002fe) c.slli  t0, 31
core   0: 3 0x0000000080000046 (0x02fe) x5  0x0000000080000000
core   0: 0x0000000080000048 (0x0002d863) bge     t0, zero, pc + 16
core   0: 3 0x0000000080000048 (0x0002d863)
core   0: 0x0000000080000058 (0x00000297) auipc   t0, 0x0
core   0: 3 0x0000000080000058 (0x00000297) x5  0x0000000080000058
core   0: 0x000000008000005c (0x09028293) addi    t0, t0, 144
core   0: 3 0x000000008000005c (0x09028293) x5  0x00000000800000e8
core   0: 0x0000000080000060 (0x30529073) csrrw   zero, mtvec, t0
core   0: 3 0x0000000080000060 (0x30529073) c773_mtvec 0x00000000800000e8
core   0: 0x0000000080000064 (0x00301073) csrrw   zero, fcsr, zero
core   0: 3 0x0000000080000064 (0x00301073) c1_fflags 0x0000000000000000 c2_frm 0x0000000000000000
core   0: 0x0000000080000068 (0xf0000053) fmv.w.x ft0, zero
core   0: 3 0x0000000080000068 (0xf0000053) f0  0xffffffff00000000
core   0: 0x000000008000006c (0xf00000d3) fmv.w.x ft1, zero
core   0: 3 0x000000008000006c (0xf00000d3) f1  0xffffffff00000000
core   0: 0x0000000080000070 (0xf0000153) fmv.w.x ft2, zero
core   0: 3 0x0000000080000070 (0xf0000153) f2  0xffffffff00000000
core   0: 0x0000000080000074 (0xf00001d3) fmv.w.x ft3, zero
core   0: 3 0x0000000080000074 (0xf00001d3) f3  0xffffffff00000000
core   0: 0x0000000080000078 (0xf0000253) fmv.w.x ft4, zero
core   0: 3 0x0000000080000078 (0xf0000253) f4  0xffffffff00000000
core   0: 0x000000008000007c (0xf00002d3) fmv.w.x ft5, zero
core   0: 3 0x000000008000007c (0xf00002d3) f5  0xffffffff00000000
core   0: 0x0000000080000080 (0xf0000353) fmv.w.x ft6, zero
core   0: 3 0x0000000080000080 (0xf0000353) f6  0xffffffff00000000
core   0: 0x0000000080000084 (0xf00003d3) fmv.w.x ft7, zero
core   0: 3 0x0000000080000084 (0xf00003d3) f7  0xffffffff00000000
core   0: 0x0000000080000088 (0xf0000453) fmv.w.x fs0, zero
core   0: 3 0x0000000080000088 (0xf0000453) f8  0xffffffff00000000
core   0: 0x000000008000008c (0xf00004d3) fmv.w.x fs1, zero
core   0: 3 0x000000008000008c (0xf00004d3) f9  0xffffffff00000000
core   0: 0x0000000080000090 (0xf0000553) fmv.w.x fa0, zero
core   0: 3 0x0000000080000090 (0xf0000553) f10 0xffffffff00000000
core   0: 0x0000000080000094 (0xf00005d3) fmv.w.x fa1, zero
core   0: 3 0x0000000080000094 (0xf00005d3) f11 0xffffffff00000000
core   0: 0x0000000080000098 (0xf0000653) fmv.w.x fa2, zero
core   0: 3 0x0000000080000098 (0xf0000653) f12 0xffffffff00000000
core   0: 0x000000008000009c (0xf00006d3) fmv.w.x fa3, zero
core   0: 3 0x000000008000009c (0xf00006d3) f13 0xffffffff00000000
core   0: 0x00000000800000a0 (0xf0000753) fmv.w.x fa4, zero
core   0: 3 0x00000000800000a0 (0xf0000753) f14 0xffffffff00000000
core   0: 0x00000000800000a4 (0xf00007d3) fmv.w.x fa5, zero
core   0: 3 0x00000000800000a4 (0xf00007d3) f15 0xffffffff00000000
core   0: 0x00000000800000a8 (0xf0000853) fmv.w.x fa6, zero
core   0: 3 0x00000000800000a8 (0xf0000853) f16 0xffffffff00000000
core   0: 0x00000000800000ac (0xf00008d3) fmv.w.x fa7, zero
core   0: 3 0x00000000800000ac (0xf00008d3) f17 0xffffffff00000000
core   0: 0x00000000800000b0 (0xf0000953) fmv.w.x fs2, zero
core   0: 3 0x00000000800000b0 (0xf0000953) f18 0xffffffff00000000
core   0: 0x00000000800000b4 (0xf00009d3) fmv.w.x fs3, zero
core   0: 3 0x00000000800000b4 (0xf00009d3) f19 0xffffffff00000000
core   0: 0x00000000800000b8 (0xf0000a53) fmv.w.x fs4, zero
core   0: 3 0x00000000800000b8 (0xf0000a53) f20 0xffffffff00000000
core   0: 0x00000000800000bc (0xf0000ad3) fmv.w.x fs5, zero
core   0: 3 0x00000000800000bc (0xf0000ad3) f21 0xffffffff00000000
core   0: 0x00000000800000c0 (0xf0000b53) fmv.w.x fs6, zero
core   0: 3 0x00000000800000c0 (0xf0000b53) f22 0xffffffff00000000
core   0: 0x00000000800000c4 (0xf0000bd3) fmv.w.x fs7, zero
core   0: 3 0x00000000800000c4 (0xf0000bd3) f23 0xffffffff00000000
core   0: 0x00000000800000c8 (0xf0000c53) fmv.w.x fs8, zero
core   0: 3 0x00000000800000c8 (0xf0000c53) f24 0xffffffff00000000
core   0: 0x00000000800000cc (0xf0000cd3) fmv.w.x fs9, zero
core   0: 3 0x00000000800000cc (0xf0000cd3) f25 0xffffffff00000000
core   0: 0x00000000800000d0 (0xf0000d53) fmv.w.x fs10, zero
core   0: 3 0x00000000800000d0 (0xf0000d53) f26 0xffffffff00000000
core   0: 0x00000000800000d4 (0xf0000dd3) fmv.w.x fs11, zero
core   0: 3 0x00000000800000d4 (0xf0000dd3) f27 0xffffffff00000000
core   0: 0x00000000800000d8 (0xf0000e53) fmv.w.x ft8, zero
core   0: 3 0x00000000800000d8 (0xf0000e53) f28 0xffffffff00000000
core   0: 0x00000000800000dc (0xf0000ed3) fmv.w.x ft9, zero
core   0: 3 0x00000000800000dc (0xf0000ed3) f29 0xffffffff00000000
core   0: 0x00000000800000e0 (0xf0000f53) fmv.w.x ft10, zero
core   0: 3 0x00000000800000e0 (0xf0000f53) f30 0xffffffff00000000
core   0: 0x00000000800000e4 (0xf0000fd3) fmv.w.x ft11, zero
core   0: 3 0x00000000800000e4 (0xf0000fd3) f31 0xffffffff00000000
core   0: 0x00000000800000e8 (0x00000297) auipc   t0, 0x0
core   0: 3 0x00000000800000e8 (0x00000297) x5  0x00000000800000e8
core   0: 0x00000000800000ec (0x03c28293) addi    t0, t0, 60
core   0: 3 0x00000000800000ec (0x03c28293) x5  0x0000000080000124
core   0: 0x00000000800000f0 (0x30529073) csrrw   zero, mtvec, t0
core   0: 3 0x00000000800000f0 (0x30529073) c773_mtvec 0x0000000080000124
core   0: 0x00000000800000f4 (0x00012197) auipc   gp, 0x12
core   0: 3 0x00000000800000f4 (0x00012197) x3  0x00000000800120f4
core   0: 0x00000000800000f8 (0x73418193) addi    gp, gp, 1844
core   0: 3 0x00000000800000f8 (0x73418193) x3  0x0000000080012828
core   0: 0x00000000800000fc (0x00012217) auipc   tp, 0x12
core   0: 3 0x00000000800000fc (0x00012217) x4  0x00000000800120fc
core   0: 0x0000000080000100 (0xf8320213) addi    tp, tp, -125
core   0: 3 0x0000000080000100 (0xf8320213) x4  0x000000008001207f
core   0: 0x0000000080000104 (0xfc027213) andi    tp, tp, -64
core   0: 3 0x0000000080000104 (0xfc027213) x4  0x0000000080012040
core   0: 0x0000000080000108 (0xf1402573) csrrs   a0, mhartid, zero
core   0: 3 0x0000000080000108 (0xf1402573) x10 0x0000000000000000
core   0: 0x000000008000010c (0x00004585) c.li    a1, 1
core   0: 3 0x000000008000010c (0x4585) x11 0x0000000000000001
core   0: 0x000000008000010e (0x00b57063) bgeu    a0, a1, pc + 0
core   0: 3 0x000000008000010e (0x00b57063)
core   0: 0x0000000080000112 (0x00150113) addi    sp, a0, 1
core   0: 3 0x0000000080000112 (0x00150113) x2  0x0000000000000001
core   0: 0x0000000080000116 (0x00000146) c.slli  sp, 17
core   0: 3 0x0000000080000116 (0x0146) x2  0x0000000000020000
core   0: 0x0000000080000118 (0x00009112) c.add   sp, tp
core   0: 3 0x0000000080000118 (0x9112) x2  0x0000000080032040
core   0: 0x000000008000011a (0x01151613) slli    a2, a0, 17
core   0: 3 0x000000008000011a (0x01151613) x12 0x0000000000000000
core   0: 0x000000008000011e (0x00009232) c.add   tp, a2
core   0: 3 0x000000008000011e (0x9232) x4  0x0000000080012040
core   0: 0x0000000080000120 (0x3860f06f) j       pc + 0xf386
core   0: 3 0x0000000080000120 (0x3860f06f)
core   0: >>>>  _init
core   0: 0x000000008000f4a6 (0x00007171) c.addi16sp sp, -176
core   0: 3 0x000000008000f4a6 (0x7171) x2  0x0000000080031f90
core   0: 0x000000008000f4a8 (0x0000f506) c.sdsp  ra, 168(sp)
core   0: 3 0x000000008000f4a8 (0xf506) mem 0x0000000080032038 0x0000000000000000
core   0: 0x000000008000f4aa (0x0000f122) c.sdsp  s0, 160(sp)
core   0: 3 0x000000008000f4aa (0xf122) mem 0x0000000080032030 0x0000000000000000
core   0: 0x000000008000f4ac (0x0000ed26) c.sdsp  s1, 152(sp)
core   0: 3 0x000000008000f4ac (0xed26) mem 0x0000000080032028 0x0000000000000000
core   0: 0x000000008000f4ae (0x00001900) c.addi4spn s0, sp, 176
core   0: 3 0x000000008000f4ae (0x1900) x8  0x0000000080032040
core   0: 0x000000008000f4b0 (0x000087aa) c.mv    a5, a0
core   0: 3 0x000000008000f4b0 (0x87aa) x15 0x0000000000000000
core   0: 0x000000008000f4b2 (0x0000872e) c.mv    a4, a1
core   0: 3 0x000000008000f4b2 (0x872e) x14 0x0000000000000001
core   0: 0x000000008000f4b4 (0xf4f42e23) sw      a5, -164(s0)
core   0: 3 0x000000008000f4b4 (0xf4f42e23) mem 0x0000000080031f9c 0x00000000
core   0: 0x000000008000f4b8 (0x000087ba) c.mv    a5, a4
core   0: 3 0x000000008000f4b8 (0x87ba) x15 0x0000000000000001
core   0: 0x000000008000f4ba (0xf4f42c23) sw      a5, -168(s0)
core   0: 3 0x000000008000f4ba (0xf4f42c23) mem 0x0000000080031f98 0x00000001
core   0: 0x000000008000f4be (0xfe040793) addi    a5, s0, -32
core   0: 3 0x000000008000f4be (0xfe040793) x15 0x0000000080032020
core   0: 0x000000008000f4c2 (0xf4f43823) sd      a5, -176(s0)
core   0: 3 0x000000008000f4c2 (0xf4f43823) mem 0x0000000080031f90 0x0000000080032020
core   0: 0x000000008000f4c6 (0xf5043783) ld      a5, -176(s0)
core   0: 3 0x000000008000f4c6 (0xf5043783) x15 0x0000000080032020 mem 0x0000000080031f90
core   0: 0x000000008000f4ca (0xf8078793) addi    a5, a5, -128
core   0: 3 0x000000008000f4ca (0xf8078793) x15 0x0000000080031fa0
core   0: 0x000000008000f4ce (0x03f78793) addi    a5, a5, 63
core   0: 3 0x000000008000f4ce (0x03f78793) x15 0x0000000080031fdf
core   0: 0x000000008000f4d2 (0x00008399) c.srli  a5, 6
core   0: 3 0x000000008000f4d2 (0x8399) x15 0x0000000002000c7f
core   0: 0x000000008000f4d4 (0x00679493) slli    s1, a5, 6
core   0: 3 0x000000008000f4d4 (0x00679493) x9  0x0000000080031fc0
core   0: 0x000000008000f4d8 (0xf65ff0ef) jal     pc - 0x9c
core   0: 3 0x000000008000f4d8 (0xf65ff0ef) x1  0x000000008000f4dc
core   0: >>>>  init_tls
core   0: 0x000000008000f43c (0x00001101) c.addi  sp, -32
core   0: 3 0x000000008000f43c (0x1101) x2  0x0000000080031f70
core   0: 0x000000008000f43e (0x0000ec06) c.sdsp  ra, 24(sp)
core   0: 3 0x000000008000f43e (0xec06) mem 0x0000000080031f88 0x000000008000f4dc
core   0: 0x000000008000f440 (0x0000e822) c.sdsp  s0, 16(sp)
core   0: 3 0x000000008000f440 (0xe822) mem 0x0000000080031f80 0x0000000080032040
core   0: 0x000000008000f442 (0x00001000) c.addi4spn s0, sp, 32
core   0: 3 0x000000008000f442 (0x1000) x8  0x0000000080031f90
core   0: 0x000000008000f444 (0x00003717) auipc   a4, 0x3
core   0: 3 0x000000008000f444 (0x00003717) x14 0x0000000080012444
core   0: 0x000000008000f448 (0xbe470713) addi    a4, a4, -1052
core   0: 3 0x000000008000f448 (0xbe470713) x14 0x0000000080012028
core   0: 0x000000008000f44c (0x00003797) auipc   a5, 0x3
core   0: 3 0x000000008000f44c (0x00003797) x15 0x000000008001244c
core   0: 0x000000008000f450 (0xbdc78793) addi    a5, a5, -1060
core   0: 3 0x000000008000f450 (0xbdc78793) x15 0x0000000080012028
core   0: 0x000000008000f454 (0x40f707b3) sub     a5, a4, a5
core   0: 3 0x000000008000f454 (0x40f707b3) x15 0x0000000000000000
core   0: 0x000000008000f458 (0xfef43423) sd      a5, -24(s0)
core   0: 3 0x000000008000f458 (0xfef43423) mem 0x0000000080031f78 0x0000000000000000
core   0: 0x000000008000f45c (0x00008792) c.mv    a5, tp
core   0: 3 0x000000008000f45c (0x8792) x15 0x0000000080012040
core   0: 0x000000008000f45e (0xfe843603) ld      a2, -24(s0)
core   0: 3 0x000000008000f45e (0xfe843603) x12 0x0000000000000000 mem 0x0000000080031f78
core   0: 0x000000008000f462 (0x00003597) auipc   a1, 0x3
core   0: 3 0x000000008000f462 (0x00003597) x11 0x0000000080012462
core   0: 0x000000008000f466 (0xbc658593) addi    a1, a1, -1082
core   0: 3 0x000000008000f466 (0xbc658593) x11 0x0000000080012028
core   0: 0x000000008000f46a (0x0000853e) c.mv    a0, a5
core   0: 3 0x000000008000f46a (0x853e) x10 0x0000000080012040
core   0: 0x000000008000f46c (0x0f9000ef) jal     pc + 0x8f8
core   0: 3 0x000000008000f46c (0x0f9000ef) x1  0x000000008000f470
core   0: >>>>  memcpy
core   0: 0x000000008000fd64 (0x0000715d) c.addi16sp sp, -80
core   0: 3 0x000000008000fd64 (0x715d) x2  0x0000000080031f20
core   0: 0x000000008000fd66 (0x0000e4a2) c.sdsp  s0, 72(sp)
core   0: 3 0x000000008000fd66 (0xe4a2) mem 0x0000000080031f68 0x0000000080031f90
core   0: 0x000000008000fd68 (0x00000880) c.addi4spn s0, sp, 80
core   0: 3 0x000000008000fd68 (0x0880) x8  0x0000000080031f70
core   0: 0x000000008000fd6a (0xfca43423) sd      a0, -56(s0)
core   0: 3 0x000000008000fd6a (0xfca43423) mem 0x0000000080031f38 0x0000000080012040
core   0: 0x000000008000fd6e (0xfcb43023) sd      a1, -64(s0)
core   0: 3 0x000000008000fd6e (0xfcb43023) mem 0x0000000080031f30 0x0000000080012028
core   0: 0x000000008000fd72 (0xfac43c23) sd      a2, -72(s0)
core   0: 3 0x000000008000fd72 (0xfac43c23) mem 0x0000000080031f28 0x0000000000000000
core   0: 0x000000008000fd76 (0xfc843703) ld      a4, -56(s0)
core   0: 3 0x000000008000fd76 (0xfc843703) x14 0x0000000080012040 mem 0x0000000080031f38
core   0: 0x000000008000fd7a (0xfc043783) ld      a5, -64(s0)
core   0: 3 0x000000008000fd7a (0xfc043783) x15 0x0000000080012028 mem 0x0000000080031f30
core   0: 0x000000008000fd7e (0x00008f5d) c.or    a4, a5
core   0: 3 0x000000008000fd7e (0x8f5d) x14 0x0000000080012068
core   0: 0x000000008000fd80 (0xfb843783) ld      a5, -72(s0)
core   0: 3 0x000000008000fd80 (0xfb843783) x15 0x0000000000000000 mem 0x0000000080031f28
core   0: 0x000000008000fd84 (0x00008fd9) c.or    a5, a4
core   0: 3 0x000000008000fd84 (0x8fd9) x15 0x0000000080012068
core   0: 0x000000008000fd86 (0x00008b9d) c.andi  a5, 7
core   0: 3 0x000000008000fd86 (0x8b9d) x15 0x0000000000000000
core   0: 0x000000008000fd88 (0x0000e3b1) c.bnez  a5, pc + 68
core   0: 3 0x000000008000fd88 (0xe3b1)
core   0: 0x000000008000fd8a (0xfc043783) ld      a5, -64(s0)
core   0: 3 0x000000008000fd8a (0xfc043783) x15 0x0000000080012028 mem 0x0000000080031f30
core   0: 0x000000008000fd8e (0xfef43423) sd      a5, -24(s0)
core   0: 3 0x000000008000fd8e (0xfef43423) mem 0x0000000080031f58 0x0000000080012028
core   0: 0x000000008000fd92 (0xfc843783) ld      a5, -56(s0)
core   0: 3 0x000000008000fd92 (0xfc843783) x15 0x0000000080012040 mem 0x0000000080031f38
core   0: 0x000000008000fd96 (0xfef43023) sd      a5, -32(s0)
core   0: 3 0x000000008000fd96 (0xfef43023) mem 0x0000000080031f50 0x0000000080012040
core   0: 0x000000008000fd9a (0x0000a839) c.j     pc + 30
core   0: 3 0x000000008000fd9a (0xa839)
core   0: 0x000000008000fdb8 (0xfc843703) ld      a4, -56(s0)
core   0: 3 0x000000008000fdb8 (0xfc843703) x14 0x0000000080012040 mem 0x0000000080031f38
core   0: 0x000000008000fdbc (0xfb843783) ld      a5, -72(s0)
core   0: 3 0x000000008000fdbc (0xfb843783) x15 0x0000000000000000 mem 0x0000000080031f28
core   0: 0x000000008000fdc0 (0x000097ba) c.add   a5, a4
core   0: 3 0x000000008000fdc0 (0x97ba) x15 0x0000000080012040
core   0: 0x000000008000fdc2 (0xfe043703) ld      a4, -32(s0)
core   0: 3 0x000000008000fdc2 (0xfe043703) x14 0x0000000080012040 mem 0x0000000080031f50
core   0: 0x000000008000fdc6 (0xfcf76be3) bltu    a4, a5, pc - 42
core   0: 3 0x000000008000fdc6 (0xfcf76be3)
core   0: 0x000000008000fdca (0x0000a099) c.j     pc + 70
core   0: 3 0x000000008000fdca (0xa099)
core   0: 0x000000008000fe10 (0xfc843783) ld      a5, -56(s0)
core   0: 3 0x000000008000fe10 (0xfc843783) x15 0x0000000080012040 mem 0x0000000080031f38
core   0: 0x000000008000fe14 (0x0000853e) c.mv    a0, a5
core   0: 3 0x000000008000fe14 (0x853e) x10 0x0000000080012040
core   0: 0x000000008000fe16 (0x00006426) c.ldsp  s0, 72(sp)
core   0: 3 0x000000008000fe16 (0x6426) x8  0x0000000080031f90 mem 0x0000000080031f68
core   0: 0x000000008000fe18 (0x00006161) c.addi16sp sp, 80
core   0: 3 0x000000008000fe18 (0x6161) x2  0x0000000080031f70
core   0: 0x000000008000fe1a (0x00008082) ret
core   0: 3 0x000000008000fe1a (0x8082)
core   0: 0x000000008000f470 (0x00003717) auipc   a4, 0x3
core   0: 3 0x000000008000f470 (0x00003717) x14 0x0000000080012470
core   0: 0x000000008000f474 (0xc5470713) addi    a4, a4, -940
core   0: 3 0x000000008000f474 (0xc5470713) x14 0x00000000800120c4
core   0: 0x000000008000f478 (0x00003797) auipc   a5, 0x3
core   0: 3 0x000000008000f478 (0x00003797) x15 0x0000000080012478
core   0: 0x000000008000f47c (0xbb078793) addi    a5, a5, -1104
core   0: 3 0x000000008000f47c (0xbb078793) x15 0x0000000080012028
core   0: 0x000000008000f480 (0x40f707b3) sub     a5, a4, a5
core   0: 3 0x000000008000f480 (0x40f707b3) x15 0x000000000000009c
core   0: 0x000000008000f484 (0xfef43023) sd      a5, -32(s0)
core   0: 3 0x000000008000f484 (0xfef43023) mem 0x0000000080031f70 0x000000000000009c
core   0: 0x000000008000f488 (0x00008712) c.mv    a4, tp
core   0: 3 0x000000008000f488 (0x8712) x14 0x0000000080012040
core   0: 0x000000008000f48a (0xfe843783) ld      a5, -24(s0)
core   0: 3 0x000000008000f48a (0xfe843783) x15 0x0000000000000000 mem 0x0000000080031f78
core   0: 0x000000008000f48e (0x000097ba) c.add   a5, a4
core   0: 3 0x000000008000f48e (0x97ba) x15 0x0000000080012040
core   0: 0x000000008000f490 (0xfe043603) ld      a2, -32(s0)
core   0: 3 0x000000008000f490 (0xfe043603) x12 0x000000000000009c mem 0x0000000080031f70
core   0: 0x000000008000f494 (0x00004581) c.li    a1, 0
core   0: 3 0x000000008000f494 (0x4581) x11 0x0000000000000000
core   0: 0x000000008000f496 (0x0000853e) c.mv    a0, a5
core   0: 3 0x000000008000f496 (0x853e) x10 0x0000000080012040
core   0: 0x000000008000f498 (0x185000ef) jal     pc + 0x984
core   0: 3 0x000000008000f498 (0x185000ef) x1  0x000000008000f49c
core   0: >>>>  memset
core   0: 0x000000008000fe1c (0x0000715d) c.addi16sp sp, -80
core   0: 3 0x000000008000fe1c (0x715d) x2  0x0000000080031f20
core   0: 0x000000008000fe1e (0x0000e4a2) c.sdsp  s0, 72(sp)
core   0: 3 0x000000008000fe1e (0xe4a2) mem 0x0000000080031f68 0x0000000080031f90
core   0: 0x000000008000fe20 (0x00000880) c.addi4spn s0, sp, 80
core   0: 3 0x000000008000fe20 (0x0880) x8  0x0000000080031f70
core   0: 0x000000008000fe22 (0xfca43423) sd      a0, -56(s0)
core   0: 3 0x000000008000fe22 (0xfca43423) mem 0x0000000080031f38 0x0000000080012040
core   0: 0x000000008000fe26 (0x000087ae) c.mv    a5, a1
core   0: 3 0x000000008000fe26 (0x87ae) x15 0x0000000000000000
core   0: 0x000000008000fe28 (0xfac43c23) sd      a2, -72(s0)
core   0: 3 0x000000008000fe28 (0xfac43c23) mem 0x0000000080031f28 0x000000000000009c
core   0: 0x000000008000fe2c (0xfcf42223) sw      a5, -60(s0)
core   0: 3 0x000000008000fe2c (0xfcf42223) mem 0x0000000080031f34 0x00000000
core   0: 0x000000008000fe30 (0xfc843703) ld      a4, -56(s0)
core   0: 3 0x000000008000fe30 (0xfc843703) x14 0x0000000080012040 mem 0x0000000080031f38
core   0: 0x000000008000fe34 (0xfb843783) ld      a5, -72(s0)
core   0: 3 0x000000008000fe34 (0xfb843783) x15 0x000000000000009c mem 0x0000000080031f28
core   0: 0x000000008000fe38 (0x00008fd9) c.or    a5, a4
core   0: 3 0x000000008000fe38 (0x8fd9) x15 0x00000000800120dc
core   0: 0x000000008000fe3a (0x00008b9d) c.andi  a5, 7
core   0: 3 0x000000008000fe3a (0x8b9d) x15 0x0000000000000004
core   0: 0x000000008000fe3c (0x0000e7bd) c.bnez  a5, pc + 110
core   0: 3 0x000000008000fe3c (0xe7bd)
core   0: 0x000000008000feaa (0xfc843783) ld      a5, -56(s0)
core   0: 3 0x000000008000feaa (0xfc843783) x15 0x0000000080012040 mem 0x0000000080031f38
core   0: 0x000000008000feae (0xfef43023) sd      a5, -32(s0)
core   0: 3 0x000000008000feae (0xfef43023) mem 0x0000000080031f50 0x0000000080012040
core   0: 0x000000008000feb2 (0x0000a829) c.j     pc + 26
core   0: 3 0x000000008000feb2 (0xa829)
core   0: 0x000000008000fecc (0xfc843703) ld      a4, -56(s0)
core   0: 3 0x000000008000fecc (0xfc843703) x14 0x0000000080012040 mem 0x0000000080031f38
core   0: 0x000000008000fed0 (0xfb843783) ld      a5, -72(s0)
core   0: 3 0x000000008000fed0 (0xfb843783) x15 0x000000000000009c mem 0x0000000080031f28
core   0: 0x000000008000fed4 (0x000097ba) c.add   a5, a4
core   0: 3 0x000000008000fed4 (0x97ba) x15 0x00000000800120dc
core   0: 0x000000008000fed6 (0xfe043703) ld      a4, -32(s0)
core   0: 3 0x000000008000fed6 (0xfe043703) x14 0x0000000080012040 mem 0x0000000080031f50
core   0: 0x000000008000feda (0xfcf76de3) bltu    a4, a5, pc - 38
core   0: 3 0x000000008000feda (0xfcf76de3)
core   0: 0x000000008000feb4 (0xfe043783) ld      a5, -32(s0)
core   0: 3 0x000000008000feb4 (0xfe043783) x15 0x0000000080012040 mem 0x0000000080031f50
core   0: 0x000000008000feb8 (0x00178713) addi    a4, a5, 1
core   0: 3 0x000000008000feb8 (0x00178713) x14 0x0000000080012041
core   0: 0x000000008000febc (0xfee43023) sd      a4, -32(s0)
core   0: 3 0x000000008000febc (0xfee43023) mem 0x0000000080031f50 0x0000000080012041
core   0: 0x000000008000fec0 (0xfc442703) lw      a4, -60(s0)
core   0: 3 0x000000008000fec0 (0xfc442703) x14 0x0000000000000000 mem 0x0000000080031f34
core   0: 0x000000008000fec4 (0x0ff77713) andi    a4, a4, 255
core   0: 3 0x000000008000fec4 (0x0ff77713) x14 0x0000000000000000
core   0: 0x000000008000fec8 (0x00e78023) sb      a4, 0(a5)
core   0: 3 0x000000008000fec8 (0x00e78023) mem 0x0000000080012040 0x00
core   0: 0x000000008000fecc (0xfc843703) ld      a4, -56(s0)
core   0: 3 0x000000008000fecc (0xfc843703) x14 0x0000000080012040 mem 0x0000000080031f38
core   0: 0x000000008000fed0 (0xfb843783) ld      a5, -72(s0)
core   0: 3 0x000000008000fed0 (0xfb843783) x15 0x000000000000009c mem 0x0000000080031f28
core   0: 0x000000008000fed4 (0x000097ba) c.add   a5, a4
core   0: 3 0x000000008000fed4 (0x97ba) x15 0x00000000800120dc
core   0: 0x000000008000fed6 (0xfe043703) ld      a4, -32(s0)
core   0: 3 0x000000008000fed6 (0xfe043703) x14 0x0000000080012041 mem 0x0000000080031f50
core   0: 0x000000008000feda (0xfcf76de3) bltu    a4, a5, pc - 38
core   0: 3 0x000000008000feda (0xfcf76de3)
core   0: 0x000000008000feb4 (0xfe043783) ld      a5, -32(s0)
core   0: 3 0x000000008000feb4 (0xfe043783) x15 0x0000000080012041 mem 0x0000000080031f50
core   0: 0x000000008000feb8 (0x00178713) addi    a4, a5, 1
core   0: 3 0x000000008000feb8 (0x00178713) x14 0x0000000080012042
core   0: 0x000000008000febc (0xfee43023) sd      a4, -32(s0)
core   0: 3 0x000000008000febc (0xfee43023) mem 0x0000000080031f50 0x0000000080012042
core   0: 0x000000008000fec0 (0xfc442703) lw      a4, -60(s0)
core   0: 3 0x000000008000fec0 (0xfc442703) x14 0x0000000000000000 mem 0x0000000080031f34
core   0: 0x000000008000fec4 (0x0ff77713) andi    a4, a4, 255
core   0: 3 0x000000008000fec4 (0x0ff77713) x14 0x0000000000000000
core   0: 0x000000008000fec8 (0x00e78023) sb      a4, 0(a5)
core   0: 3 0x000000008000fec8 (0x00e78023) mem 0x0000000080012041 0x00
core   0: 0x000000008000fecc (0xfc843703) ld      a4, -56(s0)
core   0: 3 0x000000008000fecc (0xfc843703) x14 0x0000000080012040 mem 0x0000000080031f38
core   0: 0x000000008000fed0 (0xfb843783) ld      a5, -72(s0)
core   0: 3 0x000000008000fed0 (0xfb843783) x15 0x000000000000009c mem 0x0000000080031f28
core   0: 0x000000008000fed4 (0x000097ba) c.add   a5, a4
core   0: 3 0x000000008000fed4 (0x97ba) x15 0x00000000800120dc
core   0: 0x000000008000fed6 (0xfe043703) ld      a4, -32(s0)
core   0: 3 0x000000008000fed6 (0xfe043703) x14 0x0000000080012042 mem 0x0000000080031f50
core   0: 0x000000008000feda (0xfcf76de3) bltu    a4, a5, pc - 38
core   0: 3 0x000000008000feda (0xfcf76de3)
core   0: 0x000000008000feb4 (0xfe043783) ld      a5, -32(s0)
core   0: 3 0x000000008000feb4 (0xfe043783) x15 0x0000000080012042 mem 0x0000000080031f50
core   0: 0x000000008000feb8 (0x00178713) addi    a4, a5, 1
core   0: 3 0x000000008000feb8 (0x00178713) x14 0x0000000080012043
core   0: 0x000000008000febc (0xfee43023) sd      a4, -32(s0)
core   0: 3 0x000000008000febc (0xfee43023) mem 0x0000000080031f50 0x0000000080012043
core   0: 0x000000008000fec0 (0xfc442703) lw      a4, -60(s0)
core   0: 3 0x000000008000fec0 (0xfc442703) x14 0x0000000000000000 mem 0x0000000080031f34
core   0: 0x000000008000fec4 (0x0ff77713) andi    a4, a4, 255
core   0: 3 0x000000008000fec4 (0x0ff77713) x14 0x0000000000000000
core   0: 0x000000008000fec8 (0x00e78023) sb      a4, 0(a5)
core   0: 3 0x000000008000fec8 (0x00e78023) mem 0x0000000080012042 0x00
core   0: 0x000000008000fecc (0xfc843703) ld      a4, -56(s0)
core   0: 3 0x000000008000fecc (0xfc843703) x14 0x0000000080012040 mem 0x0000000080031f38
core   0: 0x000000008000fed0 (0xfb843783) ld      a5, -72(s0)
core   0: 3 0x000000008000fed0 (0xfb843783) x15 0x000000000000009c mem 0x0000000080031f28
core   0: 0x000000008000fed4 (0x000097ba) c.add   a5, a4
core   0: 3 0x000000008000fed4 (0x97ba) x15 0x00000000800120dc
core   0: 0x000000008000fed6 (0xfe043703) ld      a4, -32(s0)
core   0: 3 0x000000008000fed6 (0xfe043703) x14 0x0000000080012043 mem 0x0000000080031f50
core   0: 0x000000008000feda (0xfcf76de3) bltu    a4, a5, pc - 38
core   0: 3 0x000000008000feda (0xfcf76de3)
core   0: 0x000000008000feb4 (0xfe043783) ld      a5, -32(s0)
core   0: 3 0x000000008000feb4 (0xfe043783) x15 0x0000000080012043 mem 0x0000000080031f50
core   0: 0x000000008000feb8 (0x00178713) addi    a4, a5, 1
core   0: 3 0x000000008000feb8 (0x00178713) x14 0x0000000080012044
core   0: 0x000000008000febc (0xfee43023) sd      a4, -32(s0)
core   0: 3 0x000000008000febc (0xfee43023) mem 0x0000000080031f50 0x0000000080012044
core   0: 0x000000008000fec0 (0xfc442703) lw      a4, -60(s0)
core   0: 3 0x000000008000fec0 (0xfc442703) x14 0x0000000000000000 mem 0x0000000080031f34
core   0: 0x000000008000fec4 (0x0ff77713) andi    a4, a4, 255
core   0: 3 0x000000008000fec4 (0x0ff77713) x14 0x0000000000000000
core   0: 0x000000008000fec8 (0x00e78023) sb      a4, 0(a5)
core   0: 3 0x000000008000fec8 (0x00e78023) mem 0x0000000080012043 0x00
core   0: 0x000000008000fecc (0xfc843703) ld      a4, -56(s0)
core   0: 3 0x000000008000fecc (0xfc843703) x14 0x0000000080012040 mem 0x0000000080031f38
core   0: 0x000000008000fed0 (0xfb843783) ld      a5, -72(s0)
core   0: 3 0x000000008000fed0 (0xfb843783) x15 0x000000000000009c mem 0x0000000080031f28
core   0: 0x000000008000fed4 (0x000097ba) c.add   a5, a4
core   0: 3 0x000000008000fed4 (0x97ba) x15 0x00000000800120dc
core   0: 0x000000008000fed6 (0xfe043703) ld      a4, -32(s0)
core   0: 3 0x000000008000fed6 (0xfe043703) x14 0x0000000080012044 mem 0x0000000080031f50
core   0: 0x000000008000feda (0xfcf76de3) bltu    a4, a5, pc - 38
core   0: 3 0x000000008000feda (0xfcf76de3)
core   0: 0x000000008000feb4 (0xfe043783) ld      a5, -32(s0)
core   0: 3 0x000000008000feb4 (0xfe043783) x15 0x0000000080012044 mem 0x0000000080031f50
core   0: 0x000000008000feb8 (0x00178713) addi    a4, a5, 1
core   0: 3 0x000000008000feb8 (0x00178713) x14 0x0000000080012045
core   0: 0x000000008000febc (0xfee43023) sd      a4, -32(s0)
core   0: 3 0x000000008000febc (0xfee43023) mem 0x0000000080031f50 0x0000000080012045
core   0: 0x000000008000fec0 (0xfc442703) lw      a4, -60(s0)
core   0: 3 0x000000008000fec0 (0xfc442703) x14 0x0000000000000000 mem 0x0000000080031f34
core   0: 0x000000008000fec4 (0x0ff77713) andi    a4, a4, 255
core   0: 3 0x000000008000fec4 (0x0ff77713) x14 0x0000000000000000
core   0: 0x000000008000fec8 (0x00e78023) sb      a4, 0(a5)
core   0: 3 0x000000008000fec8 (0x00e78023) mem 0x0000000080012044 0x00
core   0: 0x000000008000fecc (0xfc843703) ld      a4, -56(s0)
core   0: 3 0x000000008000fecc (0xfc843703) x14 0x0000000080012040 mem 0x0000000080031f38
core   0: 0x000000008000fed0 (0xfb843783) ld      a5, -72(s0)
core   0: 3 0x000000008000fed0 (0xfb843783) x15 0x000000000000009c mem 0x0000000080031f28
core   0: 0x000000008000fed4 (0x000097ba) c.add   a5, a4
core   0: 3 0x000000008000fed4 (0x97ba) x15 0x00000000800120dc
core   0: 0x000000008000fed6 (0xfe043703) ld      a4, -32(s0)
core   0: 3 0x000000008000fed6 (0xfe043703) x14 0x0000000080012045 mem 0x0000000080031f50
core   0: 0x000000008000feda (0xfcf76de3) bltu    a4, a5, pc - 38
core   0: 3 0x000000008000feda (0xfcf76de3)
core   0: 0x000000008000feb4 (0xfe043783) ld      a5, -32(s0)
core   0: 3 0x000000008000feb4 (0xfe043783) x15 0x0000000080012045 mem 0x0000000080031f50
core   0: 0x000000008000feb8 (0x00178713) addi    a4, a5, 1
core   0: 3 0x000000008000feb8 (0x00178713) x14 0x0000000080012046
core   0: 0x000000008000febc (0xfee43023) sd      a4, -32(s0)
core   0: 3 0x000000008000febc (0xfee43023) mem 0x0000000080031f50 0x0000000080012046
core   0: 0x000000008000fec0 (0xfc442703) lw      a4, -60(s0)
core   0: 3 0x000000008000fec0 (0xfc442703) x14 0x0000000000000000 mem 0x0000000080031f34
core   0: 0x000000008000fec4 (0x0ff77713) andi    a4, a4, 255
core   0: 3 0x000000008000fec4 (0x0ff77713) x14 0x0000000000000000
core   0: 0x000000008000fec8 (0x00e78023) sb      a4, 0(a5)
core   0: 3 0x000000008000fec8 (0x00e78023) mem 0x0000000080012045 0x00
core   0: 0x000000008000fecc (0xfc843703) ld      a4, -56(s0)
core   0: 3 0x000000008000fecc (0xfc843703) x14 0x0000000080012040 mem 0x0000000080031f38
core   0: 0x000000008000fed0 (0xfb843783) ld      a5, -72(s0)
core   0: 3 0x000000008000fed0 (0xfb843783) x15 0x000000000000009c mem 0x0000000080031f28
core   0: 0x000000008000fed4 (0x000097ba) c.add   a5, a4
core   0: 3 0x000000008000fed4 (0x97ba) x15 0x00000000800120dc
core   0: 0x000000008000fed6 (0xfe043703) ld      a4, -32(s0)
core   0: 3 0x000000008000fed6 (0xfe043703) x14 0x0000000080012046 mem 0x0000000080031f50
core   0: 0x000000008000feda (0xfcf76de3) bltu    a4, a5, pc - 38
core   0: 3 0x000000008000feda (0xfcf76de3)
core   0: 0x000000008000feb4 (0xfe043783) ld      a5, -32(s0)
core   0: 3 0x000000008000feb4 (0xfe043783) x15 0x0000000080012046 mem 0x0000000080031f50
core   0: 0x000000008000feb8 (0x00178713) addi    a4, a5, 1
core   0: 3 0x000000008000feb8 (0x00178713) x14 0x0000000080012047
core   0: 0x000000008000febc (0xfee43023) sd      a4, -32(s0)
core   0: 3 0x000000008000febc (0xfee43023) mem 0x0000000080031f50 0x0000000080012047
core   0: 0x000000008000fec0 (0xfc442703) lw      a4, -60(s0)
core   0: 3 0x000000008000fec0 (0xfc442703) x14 0x0000000000000000 mem 0x0000000080031f34
core   0: 0x000000008000fec4 (0x0ff77713) andi    a4, a4, 255
core   0: 3 0x000000008000fec4 (0x0ff77713) x14 0x0000000000000000
core   0: 0x000000008000fec8 (0x00e78023) sb      a4, 0(a5)
core   0: 3 0x000000008000fec8 (0x00e78023) mem 0x0000000080012046 0x00
core   0: 0x000000008000fecc (0xfc843703) ld      a4, -56(s0)
core   0: 3 0x000000008000fecc (0xfc843703) x14 0x0000000080012040 mem 0x0000000080031f38
core   0: 0x000000008000fed0 (0xfb843783) ld      a5, -72(s0)
core   0: 3 0x000000008000fed0 (0xfb843783) x15 0x000000000000009c mem 0x0000000080031f28
core   0: 0x000000008000fed4 (0x000097ba) c.add   a5, a4
core   0: 3 0x000000008000fed4 (0x97ba) x15 0x00000000800120dc
core   0: 0x000000008000fed6 (0xfe043703) ld      a4, -32(s0)
core   0: 3 0x000000008000fed6 (0xfe043703) x14 0x0000000080012047 mem 0x0000000080031f50
core   0: 0x000000008000feda (0xfcf76de3) bltu    a4, a5, pc - 38
core   0: 3 0x000000008000feda (0xfcf76de3)
core   0: 0x000000008000feb4 (0xfe043783) ld      a5, -32(s0)
core   0: 3 0x000000008000feb4 (0xfe043783) x15 0x0000000080012047 mem 0x0000000080031f50
core   0: 0x000000008000feb8 (0x00178713) addi    a4, a5, 1
core   0: 3 0x000000008000feb8 (0x00178713) x14 0x0000000080012048
core   0: 0x000000008000febc (0xfee43023) sd      a4, -32(s0)
core   0: 3 0x000000008000febc (0xfee43023) mem 0x0000000080031f50 0x0000000080012048
core   0: 0x000000008000fec0 (0xfc442703) lw      a4, -60(s0)
core   0: 3 0x000000008000fec0 (0xfc442703) x14 0x0000000000000000 mem 0x0000000080031f34
core   0: 0x000000008000fec4 (0x0ff77713) andi    a4, a4, 255
core   0: 3 0x000000008000fec4 (0x0ff77713) x14 0x0000000000000000
core   0: 0x000000008000fec8 (0x00e78023) sb      a4, 0(a5)
core   0: 3 0x000000008000fec8 (0x00e78023) mem 0x0000000080012047 0x00
core   0: 0x000000008000fecc (0xfc843703) ld      a4, -56(s0)
core   0: 3 0x000000008000fecc (0xfc843703) x14 0x0000000080012040 mem 0x0000000080031f38
core   0: 0x000000008000fed0 (0xfb843783) ld      a5, -72(s0)
core   0: 3 0x000000008000fed0 (0xfb843783) x15 0x000000000000009c mem 0x0000000080031f28
core   0: 0x000000008000fed4 (0x000097ba) c.add   a5, a4
core   0: 3 0x000000008000fed4 (0x97ba) x15 0x00000000800120dc
core   0: 0x000000008000fed6 (0xfe043703) ld      a4, -32(s0)
core   0: 3 0x000000008000fed6 (0xfe043703) x14 0x0000000080012048 mem 0x0000000080031f50
core   0: 0x000000008000feda (0xfcf76de3) bltu    a4, a5, pc - 38
core   0: 3 0x000000008000feda (0xfcf76de3)
core   0: 0x000000008000feb4 (0xfe043783) ld      a5, -32(s0)
core   0: 3 0x000000008000feb4 (0xfe043783) x15 0x0000000080012048 mem 0x0000000080031f50
core   0: 0x000000008000feb8 (0x00178713) addi    a4, a5, 1
core   0: 3 0x000000008000feb8 (0x00178713) x14 0x0000000080012049
core   0: 0x000000008000febc (0xfee43023) sd      a4, -32(s0)
core   0: 3 0x000000008000febc (0xfee43023) mem 0x0000000080031f50 0x0000000080012049
core   0: 0x000000008000fec0 (0xfc442703) lw      a4, -60(s0)
core   0: 3 0x000000008000fec0 (0xfc442703) x14 0x0000000000000000 mem 0x0000000080031f34
core   0: 0x000000008000fec4 (0x0ff77713) andi    a4, a4, 255
core   0: 3 0x000000008000fec4 (0x0ff77713) x14 0x0000000000000000
core   0: 0x000000008000fec8 (0x00e78023) sb      a4, 0(a5)
core   0: 3 0x000000008000fec8 (0x00e78023) mem 0x0000000080012048 0x00
core   0: 0x000000008000fecc (0xfc843703) ld      a4, -56(s0)
core   0: 3 0x000000008000fecc (0xfc843703) x14 0x0000000080012040 mem 0x0000000080031f38
core   0: 0x000000008000fed0 (0xfb843783) ld      a5, -72(s0)
core   0: 3 0x000000008000fed0 (0xfb843783) x15 0x000000000000009c mem 0x0000000080031f28
core   0: 0x000000008000fed4 (0x000097ba) c.add   a5, a4
core   0: 3 0x000000008000fed4 (0x97ba) x15 0x00000000800120dc
core   0: 0x000000008000fed6 (0xfe043703) ld      a4, -32(s0)
core   0: 3 0x000000008000fed6 (0xfe043703) x14 0x0000000080012049 mem 0x0000000080031f50
core   0: 0x000000008000feda (0xfcf76de3) bltu    a4, a5, pc - 38
core   0: 3 0x000000008000feda (0xfcf76de3)
core   0: 0x000000008000feb4 (0xfe043783) ld      a5, -32(s0)
core   0: 3 0x000000008000feb4 (0xfe043783) x15 0x0000000080012049 mem 0x0000000080031f50
core   0: 0x000000008000feb8 (0x00178713) addi    a4, a5, 1
core   0: 3 0x000000008000feb8 (0x00178713) x14 0x000000008001204a
core   0: 0x000000008000febc (0xfee43023) sd      a4, -32(s0)
core   0: 3 0x000000008000febc (0xfee43023) mem 0x0000000080031f50 0x000000008001204a
core   0: 0x000000008000fec0 (0xfc442703) lw      a4, -60(s0)
core   0: 3 0x000000008000fec0 (0xfc442703) x14 0x0000000000000000 mem 0x0000000080031f34
core   0: 0x000000008000fec4 (0x0ff77713) andi    a4, a4, 255
core   0: 3 0x000000008000fec4 (0x0ff77713) x14 0x0000000000000000
core   0: 0x000000008000fec8 (0x00e78023) sb      a4, 0(a5)
core   0: 3 0x000000008000fec8 (0x00e78023) mem 0x0000000080012049 0x00
core   0: 0x000000008000fecc (0xfc843703) ld      a4, -56(s0)
core   0: 3 0x000000008000fecc (0xfc843703) x14 0x0000000080012040 mem 0x0000000080031f38
core   0: 0x000000008000fed0 (0xfb843783) ld      a5, -72(s0)
core   0: 3 0x000000008000fed0 (0xfb843783) x15 0x000000000000009c mem 0x0000000080031f28
core   0: 0x000000008000fed4 (0x000097ba) c.add   a5, a4
core   0: 3 0x000000008000fed4 (0x97ba) x15 0x00000000800120dc
core   0: 0x000000008000fed6 (0xfe043703) ld      a4, -32(s0)
core   0: 3 0x000000008000fed6 (0xfe043703) x14 0x000000008001204a mem 0x0000000080031f50
core   0: 0x000000008000feda (0xfcf76de3) bltu    a4, a5, pc - 38
core   0: 3 0x000000008000feda (0xfcf76de3)
core   0: 0x000000008000feb4 (0xfe043783) ld      a5, -32(s0)
core   0: 3 0x000000008000feb4 (0xfe043783) x15 0x000000008001204a mem 0x0000000080031f50
core   0: 0x000000008000feb8 (0x00178713) addi    a4, a5, 1
core   0: 3 0x000000008000feb8 (0x00178713) x14 0x000000008001204b
core   0: 0x000000008000febc (0xfee43023) sd      a4, -32(s0)
core   0: 3 0x000000008000febc (0xfee43023) mem 0x0000000080031f50 0x000000008001204b
core   0: 0x000000008000fec0 (0xfc442703) lw      a4, -60(s0)
core   0: 3 0x000000008000fec0 (0xfc442703) x14 0x0000000000000000 mem 0x0000000080031f34
core   0: 0x000000008000fec4 (0x0ff77713) andi    a4, a4, 255
core   0: 3 0x000000008000fec4 (0x0ff77713) x14 0x0000000000000000
core   0: 0x000000008000fec8 (0x00e78023) sb      a4, 0(a5)
core   0: 3 0x000000008000fec8 (0x00e78023) mem 0x000000008001204a 0x00
core   0: 0x000000008000fecc (0xfc843703) ld      a4, -56(s0)
core   0: 3 0x000000008000fecc (0xfc843703) x14 0x0000000080012040 mem 0x0000000080031f38
core   0: 0x000000008000fed0 (0xfb843783) ld      a5, -72(s0)
core   0: 3 0x000000008000fed0 (0xfb843783) x15 0x000000000000009c mem 0x0000000080031f28
core   0: 0x000000008000fed4 (0x000097ba) c.add   a5, a4
core   0: 3 0x000000008000fed4 (0x97ba) x15 0x00000000800120dc
core   0: 0x000000008000fed6 (0xfe043703) ld      a4, -32(s0)
core   0: 3 0x000000008000fed6 (0xfe043703) x14 0x000000008001204b mem 0x0000000080031f50
core   0: 0x000000008000feda (0xfcf76de3) bltu    a4, a5, pc - 38
core   0: 3 0x000000008000feda (0xfcf76de3)
core   0: 0x000000008000feb4 (0xfe043783) ld      a5, -32(s0)
core   0: 3 0x000000008000feb4 (0xfe043783) x15 0x000000008001204b mem 0x0000000080031f50
core   0: 0x000000008000feb8 (0x00178713) addi    a4, a5, 1
core   0: 3 0x000000008000feb8 (0x00178713) x14 0x000000008001204c
core   0: 0x000000008000febc (0xfee43023) sd      a4, -32(s0)
core   0: 3 0x000000008000febc (0xfee43023) mem 0x0000000080031f50 0x000000008001204c
core   0: 0x000000008000fec0 (0xfc442703) lw      a4, -60(s0)
core   0: 3 0x000000008000fec0 (0xfc442703) x14 0x0000000000000000 mem 0x0000000080031f34
core   0: 0x000000008000fec4 (0x0ff77713) andi    a4, a4, 255
core   0: 3 0x000000008000fec4 (0x0ff77713) x14 0x0000000000000000
core   0: 0x000000008000fec8 (0x00e78023) sb      a4, 0(a5)
core   0: 3 0x000000008000fec8 (0x00e78023) mem 0x000000008001204b 0x00
core   0: 0x000000008000fecc (0xfc843703) ld      a4, -56(s0)
core   0: 3 0x000000008000fecc (0xfc843703) x14 0x0000000080012040 mem 0x0000000080031f38
core   0: 0x000000008000fed0 (0xfb843783) ld      a5, -72(s0)
core   0: 3 0x000000008000fed0 (0xfb843783) x15 0x000000000000009c mem 0x0000000080031f28
core   0: 0x000000008000fed4 (0x000097ba) c.add   a5, a4
core   0: 3 0x000000008000fed4 (0x97ba) x15 0x00000000800120dc
core   0: 0x000000008000fed6 (0xfe043703) ld      a4, -32(s0)
core   0: 3 0x000000008000fed6 (0xfe043703) x14 0x000000008001204c mem 0x0000000080031f50
core   0: 0x000000008000feda (0xfcf76de3) bltu    a4, a5, pc - 38
core   0: 3 0x000000008000feda (0xfcf76de3)
core   0: 0x000000008000feb4 (0xfe043783) ld      a5, -32(s0)
core   0: 3 0x000000008000feb4 (0xfe043783) x15 0x000000008001204c mem 0x0000000080031f50
core   0: 0x000000008000feb8 (0x00178713) addi    a4, a5, 1
core   0: 3 0x000000008000feb8 (0x00178713) x14 0x000000008001204d
core   0: 0x000000008000febc (0xfee43023) sd      a4, -32(s0)
core   0: 3 0x000000008000febc (0xfee43023) mem 0x0000000080031f50 0x000000008001204d
core   0: 0x000000008000fec0 (0xfc442703) lw      a4, -60(s0)
core   0: 3 0x000000008000fec0 (0xfc442703) x14 0x0000000000000000 mem 0x0000000080031f34
core   0: 0x000000008000fec4 (0x0ff77713) andi    a4, a4, 255
core   0: 3 0x000000008000fec4 (0x0ff77713) x14 0x0000000000000000
core   0: 0x000000008000fec8 (0x00e78023) sb      a4, 0(a5)
core   0: 3 0x000000008000fec8 (0x00e78023) mem 0x000000008001204c 0x00
core   0: 0x000000008000fecc (0xfc843703) ld      a4, -56(s0)
core   0: 3 0x000000008000fecc (0xfc843703) x14 0x0000000080012040 mem 0x0000000080031f38
core   0: 0x000000008000fed0 (0xfb843783) ld      a5, -72(s0)
core   0: 3 0x000000008000fed0 (0xfb843783) x15 0x000000000000009c mem 0x0000000080031f28
core   0: 0x000000008000fed4 (0x000097ba) c.add   a5, a4
core   0: 3 0x000000008000fed4 (0x97ba) x15 0x00000000800120dc
core   0: 0x000000008000fed6 (0xfe043703) ld      a4, -32(s0)
core   0: 3 0x000000008000fed6 (0xfe043703) x14 0x000000008001204d mem 0x0000000080031f50
core   0: 0x000000008000feda (0xfcf76de3) bltu    a4, a5, pc - 38
core   0: 3 0x000000008000feda (0xfcf76de3)
core   0: 0x000000008000feb4 (0xfe043783) ld      a5, -32(s0)
core   0: 3 0x000000008000feb4 (0xfe043783) x15 0x000000008001204d mem 0x0000000080031f50
core   0: 0x000000008000feb8 (0x00178713) addi    a4, a5, 1
core   0: 3 0x000000008000feb8 (0x00178713) x14 0x000000008001204e
core   0: 0x000000008000febc (0xfee43023) sd      a4, -32(s0)
core   0: 3 0x000000008000febc (0xfee43023) mem 0x0000000080031f50 0x000000008001204e
core   0: 0x000000008000fec0 (0xfc442703) lw      a4, -60(s0)
core   0: 3 0x000000008000fec0 (0xfc442703) x14 0x0000000000000000 mem 0x0000000080031f34
core   0: 0x000000008000fec4 (0x0ff77713) andi    a4, a4, 255
core   0: 3 0x000000008000fec4 (0x0ff77713) x14 0x0000000000000000
core   0: 0x000000008000fec8 (0x00e78023) sb      a4, 0(a5)
core   0: 3 0x000000008000fec8 (0x00e78023) mem 0x000000008001204d 0x00
core   0: 0x000000008000fecc (0xfc843703) ld      a4, -56(s0)
core   0: 3 0x000000008000fecc (0xfc843703) x14 0x0000000080012040 mem 0x0000000080031f38
core   0: 0x000000008000fed0 (0xfb843783) ld      a5, -72(s0)
core   0: 3 0x000000008000fed0 (0xfb843783) x15 0x000000000000009c mem 0x0000000080031f28
core   0: 0x000000008000fed4 (0x000097ba) c.add   a5, a4
core   0: 3 0x000000008000fed4 (0x97ba) x15 0x00000000800120dc
core   0: 0x000000008000fed6 (0xfe043703) ld      a4, -32(s0)
core   0: 3 0x000000008000fed6 (0xfe043703) x14 0x000000008001204e mem 0x0000000080031f50
core   0: 0x000000008000feda (0xfcf76de3) bltu    a4, a5, pc - 38
core   0: 3 0x000000008000feda (0xfcf76de3)
core   0: 0x000000008000feb4 (0xfe043783) ld      a5, -32(s0)
core   0: 3 0x000000008000feb4 (0xfe043783) x15 0x000000008001204e mem 0x0000000080031f50
core   0: 0x000000008000feb8 (0x00178713) addi    a4, a5, 1
core   0: 3 0x000000008000feb8 (0x00178713) x14 0x000000008001204f
core   0: 0x000000008000febc (0xfee43023) sd      a4, -32(s0)
core   0: 3 0x000000008000febc (0xfee43023) mem 0x0000000080031f50 0x000000008001204f
core   0: 0x000000008000fec0 (0xfc442703) lw      a4, -60(s0)
core   0: 3 0x000000008000fec0 (0xfc442703) x14 0x0000000000000000 mem 0x0000000080031f34
core   0: 0x000000008000fec4 (0x0ff77713) andi    a4, a4, 255
core   0: 3 0x000000008000fec4 (0x0ff77713) x14 0x0000000000000000
core   0: 0x000000008000fec8 (0x00e78023) sb      a4, 0(a5)
core   0: 3 0x000000008000fec8 (0x00e78023) mem 0x000000008001204e 0x00
core   0: 0x000000008000fecc (0xfc843703) ld      a4, -56(s0)
core   0: 3 0x000000008000fecc (0xfc843703) x14 0x0000000080012040 mem 0x0000000080031f38
core   0: 0x000000008000fed0 (0xfb843783) ld      a5, -72(s0)
core   0: 3 0x000000008000fed0 (0xfb843783) x15 0x000000000000009c mem 0x0000000080031f28
core   0: 0x000000008000fed4 (0x000097ba) c.add   a5, a4
core   0: 3 0x000000008000fed4 (0x97ba) x15 0x00000000800120dc
core   0: 0x000000008000fed6 (0xfe043703) ld      a4, -32(s0)
core   0: 3 0x000000008000fed6 (0xfe043703) x14 0x000000008001204f mem 0x0000000080031f50
core   0: 0x000000008000feda (0xfcf76de3) bltu    a4, a5, pc - 38
core   0: 3 0x000000008000feda (0xfcf76de3)
core   0: 0x000000008000feb4 (0xfe043783) ld      a5, -32(s0)
core   0: 3 0x000000008000feb4 (0xfe043783) x15 0x000000008001204f mem 0x0000000080031f50
core   0: 0x000000008000feb8 (0x00178713) addi    a4, a5, 1
core   0: 3 0x000000008000feb8 (0x00178713) x14 0x0000000080012050
core   0: 0x000000008000febc (0xfee43023) sd      a4, -32(s0)
core   0: 3 0x000000008000febc (0xfee43023) mem 0x0000000080031f50 0x0000000080012050
core   0: 0x000000008000fec0 (0xfc442703) lw      a4, -60(s0)
core   0: 3 0x000000008000fec0 (0xfc442703) x14 0x0000000000000000 mem 0x0000000080031f34
core   0: 0x000000008000fec4 (0x0ff77713) andi    a4, a4, 255
core   0: 3 0x000000008000fec4 (0x0ff77713) x14 0x0000000000000000
core   0: 0x000000008000fec8 (0x00e78023) sb      a4, 0(a5)
core   0: 3 0x000000008000fec8 (0x00e78023) mem 0x000000008001204f 0x00
core   0: 0x000000008000fecc (0xfc843703) ld      a4, -56(s0)
core   0: 3 0x000000008000fecc (0xfc843703) x14 0x0000000080012040 mem 0x0000000080031f38
core   0: 0x000000008000fed0 (0xfb843783) ld      a5, -72(s0)
core   0: 3 0x000000008000fed0 (0xfb843783) x15 0x000000000000009c mem 0x0000000080031f28
core   0: 0x000000008000fed4 (0x000097ba) c.add   a5, a4
core   0: 3 0x000000008000fed4 (0x97ba) x15 0x00000000800120dc
core   0: 0x000000008000fed6 (0xfe043703) ld      a4, -32(s0)
core   0: 3 0x000000008000fed6 (0xfe043703) x14 0x0000000080012050 mem 0x0000000080031f50
core   0: 0x000000008000feda (0xfcf76de3) bltu    a4, a5, pc - 38
core   0: 3 0x000000008000feda (0xfcf76de3)
core   0: 0x000000008000feb4 (0xfe043783) ld      a5, -32(s0)
core   0: 3 0x000000008000feb4 (0xfe043783) x15 0x0000000080012050 mem 0x0000000080031f50
core   0: 0x000000008000feb8 (0x00178713) addi    a4, a5, 1
core   0: 3 0x000000008000feb8 (0x00178713) x14 0x0000000080012051
core   0: 0x000000008000febc (0xfee43023) sd      a4, -32(s0)
core   0: 3 0x000000008000febc (0xfee43023) mem 0x0000000080031f50 0x0000000080012051
core   0: 0x000000008000fec0 (0xfc442703) lw      a4, -60(s0)
core   0: 3 0x000000008000fec0 (0xfc442703) x14 0x0000000000000000 mem 0x0000000080031f34
core   0: 0x000000008000fec4 (0x0ff77713) andi    a4, a4, 255
core   0: 3 0x000000008000fec4 (0x0ff77713) x14 0x0000000000000000
core   0: 0x000000008000fec8 (0x00e78023) sb      a4, 0(a5)
core   0: 3 0x000000008000fec8 (0x00e78023) mem 0x0000000080012050 0x00
core   0: 0x000000008000fecc (0xfc843703) ld      a4, -56(s0)
core   0: 3 0x000000008000fecc (0xfc843703) x14 0x0000000080012040 mem 0x0000000080031f38
core   0: 0x000000008000fed0 (0xfb843783) ld      a5, -72(s0)
core   0: 3 0x000000008000fed0 (0xfb843783) x15 0x000000000000009c mem 0x0000000080031f28
core   0: 0x000000008000fed4 (0x000097ba) c.add   a5, a4
core   0: 3 0x000000008000fed4 (0x97ba) x15 0x00000000800120dc
core   0: 0x000000008000fed6 (0xfe043703) ld      a4, -32(s0)
core   0: 3 0x000000008000fed6 (0xfe043703) x14 0x0000000080012051 mem 0x0000000080031f50
core   0: 0x000000008000feda (0xfcf76de3) bltu    a4, a5, pc - 38
core   0: 3 0x000000008000feda (0xfcf76de3)
core   0: 0x000000008000feb4 (0xfe043783) ld      a5, -32(s0)
core   0: 3 0x000000008000feb4 (0xfe043783) x15 0x0000000080012051 mem 0x0000000080031f50
core   0: 0x000000008000feb8 (0x00178713) addi    a4, a5, 1
core   0: 3 0x000000008000feb8 (0x00178713) x14 0x0000000080012052
core   0: 0x000000008000febc (0xfee43023) sd      a4, -32(s0)
core   0: 3 0x000000008000febc (0xfee43023) mem 0x0000000080031f50 0x0000000080012052
core   0: 0x000000008000fec0 (0xfc442703) lw      a4, -60(s0)
core   0: 3 0x000000008000fec0 (0xfc442703) x14 0x0000000000000000 mem 0x0000000080031f34
core   0: 0x000000008000fec4 (0x0ff77713) andi    a4, a4, 255
core   0: 3 0x000000008000fec4 (0x0ff77713) x14 0x0000000000000000
core   0: 0x000000008000fec8 (0x00e78023) sb      a4, 0(a5)
core   0: 3 0x000000008000fec8 (0x00e78023) mem 0x0000000080012051 0x00
core   0: 0x000000008000fecc (0xfc843703) ld      a4, -56(s0)
core   0: 3 0x000000008000fecc (0xfc843703) x14 0x0000000080012040 mem 0x0000000080031f38
core   0: 0x000000008000fed0 (0xfb843783) ld      a5, -72(s0)
core   0: 3 0x000000008000fed0 (0xfb843783) x15 0x000000000000009c mem 0x0000000080031f28
core   0: 0x000000008000fed4 (0x000097ba) c.add   a5, a4
core   0: 3 0x000000008000fed4 (0x97ba) x15 0x00000000800120dc
core   0: 0x000000008000fed6 (0xfe043703) ld      a4, -32(s0)
core   0: 3 0x000000008000fed6 (0xfe043703) x14 0x0000000080012052 mem 0x0000000080031f50
core   0: 0x000000008000feda (0xfcf76de3) bltu    a4, a5, pc - 38
core   0: 3 0x000000008000feda (0xfcf76de3)
core   0: 0x000000008000feb4 (0xfe043783) ld      a5, -32(s0)
core   0: 3 0x000000008000feb4 (0xfe043783) x15 0x0000000080012052 mem 0x0000000080031f50
core   0: 0x000000008000feb8 (0x00178713) addi    a4, a5, 1
core   0: 3 0x000000008000feb8 (0x00178713) x14 0x0000000080012053
core   0: 0x000000008000febc (0xfee43023) sd      a4, -32(s0)
core   0: 3 0x000000008000febc (0xfee43023) mem 0x0000000080031f50 0x0000000080012053
core   0: 0x000000008000fec0 (0xfc442703) lw      a4, -60(s0)
core   0: 3 0x000000008000fec0 (0xfc442703) x14 0x0000000000000000 mem 0x0000000080031f34
core   0: 0x000000008000fec4 (0x0ff77713) andi    a4, a4, 255
core   0: 3 0x000000008000fec4 (0x0ff77713) x14 0x0000000000000000
core   0: 0x000000008000fec8 (0x00e78023) sb      a4, 0(a5)
core   0: 3 0x000000008000fec8 (0x00e78023) mem 0x0000000080012052 0x00
core   0: 0x000000008000fecc (0xfc843703) ld      a4, -56(s0)
core   0: 3 0x000000008000fecc (0xfc843703) x14 0x0000000080012040 mem 0x0000000080031f38
core   0: 0x000000008000fed0 (0xfb843783) ld      a5, -72(s0)
core   0: 3 0x000000008000fed0 (0xfb843783) x15 0x000000000000009c mem 0x0000000080031f28
core   0: 0x000000008000fed4 (0x000097ba) c.add   a5, a4
core   0: 3 0x000000008000fed4 (0x97ba) x15 0x00000000800120dc
core   0: 0x000000008000fed6 (0xfe043703) ld      a4, -32(s0)
core   0: 3 0x000000008000fed6 (0xfe043703) x14 0x0000000080012053 mem 0x0000000080031f50
core   0: 0x000000008000feda (0xfcf76de3) bltu    a4, a5, pc - 38
core   0: 3 0x000000008000feda (0xfcf76de3)
core   0: 0x000000008000feb4 (0xfe043783) ld      a5, -32(s0)
core   0: 3 0x000000008000feb4 (0xfe043783) x15 0x0000000080012053 mem 0x0000000080031f50
core   0: 0x000000008000feb8 (0x00178713) addi    a4, a5, 1
core   0: 3 0x000000008000feb8 (0x00178713) x14 0x0000000080012054
core   0: 0x000000008000febc (0xfee43023) sd      a4, -32(s0)
core   0: 3 0x000000008000febc (0xfee43023) mem 0x0000000080031f50 0x0000000080012054
core   0: 0x000000008000fec0 (0xfc442703) lw      a4, -60(s0)
core   0: 3 0x000000008000fec0 (0xfc442703) x14 0x0000000000000000 mem 0x0000000080031f34
core   0: 0x000000008000fec4 (0x0ff77713) andi    a4, a4, 255
core   0: 3 0x000000008000fec4 (0x0ff77713) x14 0x0000000000000000
core   0: 0x000000008000fec8 (0x00e78023) sb      a4, 0(a5)
core   0: 3 0x000000008000fec8 (0x00e78023) mem 0x0000000080012053 0x00
core   0: 0x000000008000fecc (0xfc843703) ld      a4, -56(s0)
core   0: 3 0x000000008000fecc (0xfc843703) x14 0x0000000080012040 mem 0x0000000080031f38
core   0: 0x000000008000fed0 (0xfb843783) ld      a5, -72(s0)
core   0: 3 0x000000008000fed0 (0xfb843783) x15 0x000000000000009c mem 0x0000000080031f28
core   0: 0x000000008000fed4 (0x000097ba) c.add   a5, a4
core   0: 3 0x000000008000fed4 (0x97ba) x15 0x00000000800120dc
core   0: 0x000000008000fed6 (0xfe043703) ld      a4, -32(s0)
core   0: 3 0x000000008000fed6 (0xfe043703) x14 0x0000000080012054 mem 0x0000000080031f50
core   0: 0x000000008000feda (0xfcf76de3) bltu    a4, a5, pc - 38
core   0: 3 0x000000008000feda (0xfcf76de3)
core   0: 0x000000008000feb4 (0xfe043783) ld      a5, -32(s0)
core   0: 3 0x000000008000feb4 (0xfe043783) x15 0x0000000080012054 mem 0x0000000080031f50
core   0: 0x000000008000feb8 (0x00178713) addi    a4, a5, 1
core   0: 3 0x000000008000feb8 (0x00178713) x14 0x0000000080012055
core   0: 0x000000008000febc (0xfee43023) sd      a4, -32(s0)
core   0: 3 0x000000008000febc (0xfee43023) mem 0x0000000080031f50 0x0000000080012055
core   0: 0x000000008000fec0 (0xfc442703) lw      a4, -60(s0)
core   0: 3 0x000000008000fec0 (0xfc442703) x14 0x0000000000000000 mem 0x0000000080031f34
core   0: 0x000000008000fec4 (0x0ff77713) andi    a4, a4, 255
core   0: 3 0x000000008000fec4 (0x0ff77713) x14 0x0000000000000000
core   0: 0x000000008000fec8 (0x00e78023) sb      a4, 0(a5)
core   0: 3 0x000000008000fec8 (0x00e78023) mem 0x0000000080012054 0x00
core   0: 0x000000008000fecc (0xfc843703) ld      a4, -56(s0)
core   0: 3 0x000000008000fecc (0xfc843703) x14 0x0000000080012040 mem 0x0000000080031f38
core   0: 0x000000008000fed0 (0xfb843783) ld      a5, -72(s0)
core   0: 3 0x000000008000fed0 (0xfb843783) x15 0x000000000000009c mem 0x0000000080031f28
core   0: 0x000000008000fed4 (0x000097ba) c.add   a5, a4
core   0: 3 0x000000008000fed4 (0x97ba) x15 0x00000000800120dc
core   0: 0x000000008000fed6 (0xfe043703) ld      a4, -32(s0)
core   0: 3 0x000000008000fed6 (0xfe043703) x14 0x0000000080012055 mem 0x0000000080031f50
core   0: 0x000000008000feda (0xfcf76de3) bltu    a4, a5, pc - 38
core   0: 3 0x000000008000feda (0xfcf76de3)
core   0: 0x000000008000feb4 (0xfe043783) ld      a5, -32(s0)
core   0: 3 0x000000008000feb4 (0xfe043783) x15 0x0000000080012055 mem 0x0000000080031f50
core   0: 0x000000008000feb8 (0x00178713) addi    a4, a5, 1
core   0: 3 0x000000008000feb8 (0x00178713) x14 0x0000000080012056
core   0: 0x000000008000febc (0xfee43023) sd      a4, -32(s0)
core   0: 3 0x000000008000febc (0xfee43023) mem 0x0000000080031f50 0x0000000080012056
core   0: 0x000000008000fec0 (0xfc442703) lw      a4, -60(s0)
core   0: 3 0x000000008000fec0 (0xfc442703) x14 0x0000000000000000 mem 0x0000000080031f34
core   0: 0x000000008000fec4 (0x0ff77713) andi    a4, a4, 255
core   0: 3 0x000000008000fec4 (0x0ff77713) x14 0x0000000000000000
core   0: 0x000000008000fec8 (0x00e78023) sb      a4, 0(a5)
core   0: 3 0x000000008000fec8 (0x00e78023) mem 0x0000000080012055 0x00
core   0: 0x000000008000fecc (0xfc843703) ld      a4, -56(s0)
core   0: 3 0x000000008000fecc (0xfc843703) x14 0x0000000080012040 mem 0x0000000080031f38
core   0: 0x000000008000fed0 (0xfb843783) ld      a5, -72(s0)
core   0: 3 0x000000008000fed0 (0xfb843783) x15 0x000000000000009c mem 0x0000000080031f28
core   0: 0x000000008000fed4 (0x000097ba) c.add   a5, a4
core   0: 3 0x000000008000fed4 (0x97ba) x15 0x00000000800120dc
core   0: 0x000000008000fed6 (0xfe043703) ld      a4, -32(s0)
core   0: 3 0x000000008000fed6 (0xfe043703) x14 0x0000000080012056 mem 0x0000000080031f50
core   0: 0x000000008000feda (0xfcf76de3) bltu    a4, a5, pc - 38
core   0: 3 0x000000008000feda (0xfcf76de3)
core   0: 0x000000008000feb4 (0xfe043783) ld      a5, -32(s0)
core   0: 3 0x000000008000feb4 (0xfe043783) x15 0x0000000080012056 mem 0x0000000080031f50
core   0: 0x000000008000feb8 (0x00178713) addi    a4, a5, 1
core   0: 3 0x000000008000feb8 (0x00178713) x14 0x0000000080012057
core   0: 0x000000008000febc (0xfee43023) sd      a4, -32(s0)
core   0: 3 0x000000008000febc (0xfee43023) mem 0x0000000080031f50 0x0000000080012057
core   0: 0x000000008000fec0 (0xfc442703) lw      a4, -60(s0)
core   0: 3 0x000000008000fec0 (0xfc442703) x14 0x0000000000000000 mem 0x0000000080031f34
core   0: 0x000000008000fec4 (0x0ff77713) andi    a4, a4, 255
core   0: 3 0x000000008000fec4 (0x0ff77713) x14 0x0000000000000000
core   0: 0x000000008000fec8 (0x00e78023) sb      a4, 0(a5)
core   0: 3 0x000000008000fec8 (0x00e78023) mem 0x0000000080012056 0x00
core   0: 0x000000008000fecc (0xfc843703) ld      a4, -56(s0)
core   0: 3 0x000000008000fecc (0xfc843703) x14 0x0000000080012040 mem 0x0000000080031f38
core   0: 0x000000008000fed0 (0xfb843783) ld      a5, -72(s0)
core   0: 3 0x000000008000fed0 (0xfb843783) x15 0x000000000000009c mem 0x0000000080031f28
core   0: 0x000000008000fed4 (0x000097ba) c.add   a5, a4
core   0: 3 0x000000008000fed4 (0x97ba) x15 0x00000000800120dc
core   0: 0x000000008000fed6 (0xfe043703) ld      a4, -32(s0)
core   0: 3 0x000000008000fed6 (0xfe043703) x14 0x0000000080012057 mem 0x0000000080031f50
core   0: 0x000000008000feda (0xfcf76de3) bltu    a4, a5, pc - 38
core   0: 3 0x000000008000feda (0xfcf76de3)
core   0: 0x000000008000feb4 (0xfe043783) ld      a5, -32(s0)
core   0: 3 0x000000008000feb4 (0xfe043783) x15 0x0000000080012057 mem 0x0000000080031f50
core   0: 0x000000008000feb8 (0x00178713) addi    a4, a5, 1
core   0: 3 0x000000008000feb8 (0x00178713) x14 0x0000000080012058
core   0: 0x000000008000febc (0xfee43023) sd      a4, -32(s0)
core   0: 3 0x000000008000febc (0xfee43023) mem 0x0000000080031f50 0x0000000080012058
core   0: 0x000000008000fec0 (0xfc442703) lw      a4, -60(s0)
core   0: 3 0x000000008000fec0 (0xfc442703) x14 0x0000000000000000 mem 0x0000000080031f34
core   0: 0x000000008000fec4 (0x0ff77713) andi    a4, a4, 255
core   0: 3 0x000000008000fec4 (0x0ff77713) x14 0x0000000000000000
core   0: 0x000000008000fec8 (0x00e78023) sb      a4, 0(a5)
core   0: 3 0x000000008000fec8 (0x00e78023) mem 0x0000000080012057 0x00
core   0: 0x000000008000fecc (0xfc843703) ld      a4, -56(s0)
core   0: 3 0x000000008000fecc (0xfc843703) x14 0x0000000080012040 mem 0x0000000080031f38
core   0: 0x000000008000fed0 (0xfb843783) ld      a5, -72(s0)
core   0: 3 0x000000008000fed0 (0xfb843783) x15 0x000000000000009c mem 0x0000000080031f28
core   0: 0x000000008000fed4 (0x000097ba) c.add   a5, a4
core   0: 3 0x000000008000fed4 (0x97ba) x15 0x00000000800120dc
core   0: 0x000000008000fed6 (0xfe043703) ld      a4, -32(s0)
core   0: 3 0x000000008000fed6 (0xfe043703) x14 0x0000000080012058 mem 0x0000000080031f50
core   0: 0x000000008000feda (0xfcf76de3) bltu    a4, a5, pc - 38
core   0: 3 0x000000008000feda (0xfcf76de3)
core   0: 0x000000008000feb4 (0xfe043783) ld      a5, -32(s0)
core   0: 3 0x000000008000feb4 (0xfe043783) x15 0x0000000080012058 mem 0x0000000080031f50
core   0: 0x000000008000feb8 (0x00178713) addi    a4, a5, 1
core   0: 3 0x000000008000feb8 (0x00178713) x14 0x0000000080012059
core   0: 0x000000008000febc (0xfee43023) sd      a4, -32(s0)
core   0: 3 0x000000008000febc (0xfee43023) mem 0x0000000080031f50 0x0000000080012059
core   0: 0x000000008000fec0 (0xfc442703) lw      a4, -60(s0)
core   0: 3 0x000000008000fec0 (0xfc442703) x14 0x0000000000000000 mem 0x0000000080031f34
core   0: 0x000000008000fec4 (0x0ff77713) andi    a4, a4, 255
core   0: 3 0x000000008000fec4 (0x0ff77713) x14 0x0000000000000000
core   0: 0x000000008000fec8 (0x00e78023) sb      a4, 0(a5)
core   0: 3 0x000000008000fec8 (0x00e78023) mem 0x0000000080012058 0x00
core   0: 0x000000008000fecc (0xfc843703) ld      a4, -56(s0)
core   0: 3 0x000000008000fecc (0xfc843703) x14 0x0000000080012040 mem 0x0000000080031f38
core   0: 0x000000008000fed0 (0xfb843783) ld      a5, -72(s0)
core   0: 3 0x000000008000fed0 (0xfb843783) x15 0x000000000000009c mem 0x0000000080031f28
core   0: 0x000000008000fed4 (0x000097ba) c.add   a5, a4
core   0: 3 0x000000008000fed4 (0x97ba) x15 0x00000000800120dc
core   0: 0x000000008000fed6 (0xfe043703) ld      a4, -32(s0)
core   0: 3 0x000000008000fed6 (0xfe043703) x14 0x0000000080012059 mem 0x0000000080031f50
core   0: 0x000000008000feda (0xfcf76de3) bltu    a4, a5, pc - 38
core   0: 3 0x000000008000feda (0xfcf76de3)
core   0: 0x000000008000feb4 (0xfe043783) ld      a5, -32(s0)
core   0: 3 0x000000008000feb4 (0xfe043783) x15 0x0000000080012059 mem 0x0000000080031f50
core   0: 0x000000008000feb8 (0x00178713) addi    a4, a5, 1
core   0: 3 0x000000008000feb8 (0x00178713) x14 0x000000008001205a
core   0: 0x000000008000febc (0xfee43023) sd      a4, -32(s0)
core   0: 3 0x000000008000febc (0xfee43023) mem 0x0000000080031f50 0x000000008001205a
core   0: 0x000000008000fec0 (0xfc442703) lw      a4, -60(s0)
core   0: 3 0x000000008000fec0 (0xfc442703) x14 0x0000000000000000 mem 0x0000000080031f34
core   0: 0x000000008000fec4 (0x0ff77713) andi    a4, a4, 255
core   0: 3 0x000000008000fec4 (0x0ff77713) x14 0x0000000000000000
core   0: 0x000000008000fec8 (0x00e78023) sb      a4, 0(a5)
core   0: 3 0x000000008000fec8 (0x00e78023) mem 0x0000000080012059 0x00
core   0: 0x000000008000fecc (0xfc843703) ld      a4, -56(s0)
core   0: 3 0x000000008000fecc (0xfc843703) x14 0x0000000080012040 mem 0x0000000080031f38
core   0: 0x000000008000fed0 (0xfb843783) ld      a5, -72(s0)
core   0: 3 0x000000008000fed0 (0xfb843783) x15 0x000000000000009c mem 0x0000000080031f28
core   0: 0x000000008000fed4 (0x000097ba) c.add   a5, a4
core   0: 3 0x000000008000fed4 (0x97ba) x15 0x00000000800120dc
core   0: 0x000000008000fed6 (0xfe043703) ld      a4, -32(s0)
core   0: 3 0x000000008000fed6 (0xfe043703) x14 0x000000008001205a mem 0x0000000080031f50
core   0: 0x000000008000feda (0xfcf76de3) bltu    a4, a5, pc - 38
core   0: 3 0x000000008000feda (0xfcf76de3)
core   0: 0x000000008000feb4 (0xfe043783) ld      a5, -32(s0)
core   0: 3 0x000000008000feb4 (0xfe043783) x15 0x000000008001205a mem 0x0000000080031f50
core   0: 0x000000008000feb8 (0x00178713) addi    a4, a5, 1
core   0: 3 0x000000008000feb8 (0x00178713) x14 0x000000008001205b
core   0: 0x000000008000febc (0xfee43023) sd      a4, -32(s0)
core   0: 3 0x000000008000febc (0xfee43023) mem 0x0000000080031f50 0x000000008001205b
core   0: 0x000000008000fec0 (0xfc442703) lw      a4, -60(s0)
core   0: 3 0x000000008000fec0 (0xfc442703) x14 0x0000000000000000 mem 0x0000000080031f34
core   0: 0x000000008000fec4 (0x0ff77713) andi    a4, a4, 255
core   0: 3 0x000000008000fec4 (0x0ff77713) x14 0x0000000000000000
core   0: 0x000000008000fec8 (0x00e78023) sb      a4, 0(a5)
core   0: 3 0x000000008000fec8 (0x00e78023) mem 0x000000008001205a 0x00
core   0: 0x000000008000fecc (0xfc843703) ld      a4, -56(s0)
core   0: 3 0x000000008000fecc (0xfc843703) x14 0x0000000080012040 mem 0x0000000080031f38
core   0: 0x000000008000fed0 (0xfb843783) ld      a5, -72(s0)
core   0: 3 0x000000008000fed0 (0xfb843783) x15 0x000000000000009c mem 0x0000000080031f28
core   0: 0x000000008000fed4 (0x000097ba) c.add   a5, a4
core   0: 3 0x000000008000fed4 (0x97ba) x15 0x00000000800120dc
core   0: 0x000000008000fed6 (0xfe043703) ld      a4, -32(s0)
core   0: 3 0x000000008000fed6 (0xfe043703) x14 0x000000008001205b mem 0x0000000080031f50
core   0: 0x000000008000feda (0xfcf76de3) bltu    a4, a5, pc - 38
core   0: 3 0x000000008000feda (0xfcf76de3)
core   0: 0x000000008000feb4 (0xfe043783) ld      a5, -32(s0)
core   0: 3 0x000000008000feb4 (0xfe043783) x15 0x000000008001205b mem 0x0000000080031f50
core   0: 0x000000008000feb8 (0x00178713) addi    a4, a5, 1
core   0: 3 0x000000008000feb8 (0x00178713) x14 0x000000008001205c
core   0: 0x000000008000febc (0xfee43023) sd      a4, -32(s0)
core   0: 3 0x000000008000febc (0xfee43023) mem 0x0000000080031f50 0x000000008001205c
core   0: 0x000000008000fec0 (0xfc442703) lw      a4, -60(s0)
core   0: 3 0x000000008000fec0 (0xfc442703) x14 0x0000000000000000 mem 0x0000000080031f34
core   0: 0x000000008000fec4 (0x0ff77713) andi    a4, a4, 255
core   0: 3 0x000000008000fec4 (0x0ff77713) x14 0x0000000000000000
core   0: 0x000000008000fec8 (0x00e78023) sb      a4, 0(a5)
core   0: 3 0x000000008000fec8 (0x00e78023) mem 0x000000008001205b 0x00
core   0: 0x000000008000fecc (0xfc843703) ld      a4, -56(s0)
core   0: 3 0x000000008000fecc (0xfc843703) x14 0x0000000080012040 mem 0x0000000080031f38
core   0: 0x000000008000fed0 (0xfb843783) ld      a5, -72(s0)
core   0: 3 0x000000008000fed0 (0xfb843783) x15 0x000000000000009c mem 0x0000000080031f28
core   0: 0x000000008000fed4 (0x000097ba) c.add   a5, a4
core   0: 3 0x000000008000fed4 (0x97ba) x15 0x00000000800120dc
core   0: 0x000000008000fed6 (0xfe043703) ld      a4, -32(s0)
core   0: 3 0x000000008000fed6 (0xfe043703) x14 0x000000008001205c mem 0x0000000080031f50
core   0: 0x000000008000feda (0xfcf76de3) bltu    a4, a5, pc - 38
core   0: 3 0x000000008000feda (0xfcf76de3)
core   0: 0x000000008000feb4 (0xfe043783) ld      a5, -32(s0)
core   0: 3 0x000000008000feb4 (0xfe043783) x15 0x000000008001205c mem 0x0000000080031f50
core   0: 0x000000008000feb8 (0x00178713) addi    a4, a5, 1
core   0: 3 0x000000008000feb8 (0x00178713) x14 0x000000008001205d
core   0: 0x000000008000febc (0xfee43023) sd      a4, -32(s0)
core   0: 3 0x000000008000febc (0xfee43023) mem 0x0000000080031f50 0x000000008001205d
core   0: 0x000000008000fec0 (0xfc442703) lw      a4, -60(s0)
core   0: 3 0x000000008000fec0 (0xfc442703) x14 0x0000000000000000 mem 0x0000000080031f34
core   0: 0x000000008000fec4 (0x0ff77713) andi    a4, a4, 255
core   0: 3 0x000000008000fec4 (0x0ff77713) x14 0x0000000000000000
core   0: 0x000000008000fec8 (0x00e78023) sb      a4, 0(a5)
core   0: 3 0x000000008000fec8 (0x00e78023) mem 0x000000008001205c 0x00
core   0: 0x000000008000fecc (0xfc843703) ld      a4, -56(s0)
core   0: 3 0x000000008000fecc (0xfc843703) x14 0x0000000080012040 mem 0x0000000080031f38
core   0: 0x000000008000fed0 (0xfb843783) ld      a5, -72(s0)
core   0: 3 0x000000008000fed0 (0xfb843783) x15 0x000000000000009c mem 0x0000000080031f28
core   0: 0x000000008000fed4 (0x000097ba) c.add   a5, a4
core   0: 3 0x000000008000fed4 (0x97ba) x15 0x00000000800120dc
core   0: 0x000000008000fed6 (0xfe043703) ld      a4, -32(s0)
core   0: 3 0x000000008000fed6 (0xfe043703) x14 0x000000008001205d mem 0x0000000080031f50
core   0: 0x000000008000feda (0xfcf76de3) bltu    a4, a5, pc - 38
core   0: 3 0x000000008000feda (0xfcf76de3)
core   0: 0x000000008000feb4 (0xfe043783) ld      a5, -32(s0)
core   0: 3 0x000000008000feb4 (0xfe043783) x15 0x000000008001205d mem 0x0000000080031f50
core   0: 0x000000008000feb8 (0x00178713) addi    a4, a5, 1
core   0: 3 0x000000008000feb8 (0x00178713) x14 0x000000008001205e
core   0: 0x000000008000febc (0xfee43023) sd      a4, -32(s0)
core   0: 3 0x000000008000febc (0xfee43023) mem 0x0000000080031f50 0x000000008001205e
core   0: 0x000000008000fec0 (0xfc442703) lw      a4, -60(s0)
core   0: 3 0x000000008000fec0 (0xfc442703) x14 0x0000000000000000 mem 0x0000000080031f34
core   0: 0x000000008000fec4 (0x0ff77713) andi    a4, a4, 255
core   0: 3 0x000000008000fec4 (0x0ff77713) x14 0x0000000000000000
core   0: 0x000000008000fec8 (0x00e78023) sb      a4, 0(a5)
core   0: 3 0x000000008000fec8 (0x00e78023) mem 0x000000008001205d 0x00
core   0: 0x000000008000fecc (0xfc843703) ld      a4, -56(s0)
core   0: 3 0x000000008000fecc (0xfc843703) x14 0x0000000080012040 mem 0x0000000080031f38
core   0: 0x000000008000fed0 (0xfb843783) ld      a5, -72(s0)
core   0: 3 0x000000008000fed0 (0xfb843783) x15 0x000000000000009c mem 0x0000000080031f28
core   0: 0x000000008000fed4 (0x000097ba) c.add   a5, a4
core   0: 3 0x000000008000fed4 (0x97ba) x15 0x00000000800120dc
core   0: 0x000000008000fed6 (0xfe043703) ld      a4, -32(s0)
core   0: 3 0x000000008000fed6 (0xfe043703) x14 0x000000008001205e mem 0x0000000080031f50
core   0: 0x000000008000feda (0xfcf76de3) bltu    a4, a5, pc - 38
core   0: 3 0x000000008000feda (0xfcf76de3)
core   0: 0x000000008000feb4 (0xfe043783) ld      a5, -32(s0)
core   0: 3 0x000000008000feb4 (0xfe043783) x15 0x000000008001205e mem 0x0000000080031f50
core   0: 0x000000008000feb8 (0x00178713) addi    a4, a5, 1
core   0: 3 0x000000008000feb8 (0x00178713) x14 0x000000008001205f
core   0: 0x000000008000febc (0xfee43023) sd      a4, -32(s0)
core   0: 3 0x000000008000febc (0xfee43023) mem 0x0000000080031f50 0x000000008001205f
core   0: 0x000000008000fec0 (0xfc442703) lw      a4, -60(s0)
core   0: 3 0x000000008000fec0 (0xfc442703) x14 0x0000000000000000 mem 0x0000000080031f34
core   0: 0x000000008000fec4 (0x0ff77713) andi    a4, a4, 255
core   0: 3 0x000000008000fec4 (0x0ff77713) x14 0x0000000000000000
core   0: 0x000000008000fec8 (0x00e78023) sb      a4, 0(a5)
core   0: 3 0x000000008000fec8 (0x00e78023) mem 0x000000008001205e 0x00
core   0: 0x000000008000fecc (0xfc843703) ld      a4, -56(s0)
core   0: 3 0x000000008000fecc (0xfc843703) x14 0x0000000080012040 mem 0x0000000080031f38
core   0: 0x000000008000fed0 (0xfb843783) ld      a5, -72(s0)
core   0: 3 0x000000008000fed0 (0xfb843783) x15 0x000000000000009c mem 0x0000000080031f28
core   0: 0x000000008000fed4 (0x000097ba) c.add   a5, a4
core   0: 3 0x000000008000fed4 (0x97ba) x15 0x00000000800120dc
core   0: 0x000000008000fed6 (0xfe043703) ld      a4, -32(s0)
core   0: 3 0x000000008000fed6 (0xfe043703) x14 0x000000008001205f mem 0x0000000080031f50
core   0: 0x000000008000feda (0xfcf76de3) bltu    a4, a5, pc - 38
core   0: 3 0x000000008000feda (0xfcf76de3)
core   0: 0x000000008000feb4 (0xfe043783) ld      a5, -32(s0)
core   0: 3 0x000000008000feb4 (0xfe043783) x15 0x000000008001205f mem 0x0000000080031f50
core   0: 0x000000008000feb8 (0x00178713) addi    a4, a5, 1
core   0: 3 0x000000008000feb8 (0x00178713) x14 0x0000000080012060
core   0: 0x000000008000febc (0xfee43023) sd      a4, -32(s0)
core   0: 3 0x000000008000febc (0xfee43023) mem 0x0000000080031f50 0x0000000080012060
core   0: 0x000000008000fec0 (0xfc442703) lw      a4, -60(s0)
core   0: 3 0x000000008000fec0 (0xfc442703) x14 0x0000000000000000 mem 0x0000000080031f34
core   0: 0x000000008000fec4 (0x0ff77713) andi    a4, a4, 255
core   0: 3 0x000000008000fec4 (0x0ff77713) x14 0x0000000000000000
core   0: 0x000000008000fec8 (0x00e78023) sb      a4, 0(a5)
core   0: 3 0x000000008000fec8 (0x00e78023) mem 0x000000008001205f 0x00
core   0: 0x000000008000fecc (0xfc843703) ld      a4, -56(s0)
core   0: 3 0x000000008000fecc (0xfc843703) x14 0x0000000080012040 mem 0x0000000080031f38
core   0: 0x000000008000fed0 (0xfb843783) ld      a5, -72(s0)
core   0: 3 0x000000008000fed0 (0xfb843783) x15 0x000000000000009c mem 0x0000000080031f28
core   0: 0x000000008000fed4 (0x000097ba) c.add   a5, a4
core   0: 3 0x000000008000fed4 (0x97ba) x15 0x00000000800120dc
core   0: 0x000000008000fed6 (0xfe043703) ld      a4, -32(s0)
core   0: 3 0x000000008000fed6 (0xfe043703) x14 0x0000000080012060 mem 0x0000000080031f50
core   0: 0x000000008000feda (0xfcf76de3) bltu    a4, a5, pc - 38
core   0: 3 0x000000008000feda (0xfcf76de3)
core   0: 0x000000008000feb4 (0xfe043783) ld      a5, -32(s0)
core   0: 3 0x000000008000feb4 (0xfe043783) x15 0x0000000080012060 mem 0x0000000080031f50
core   0: 0x000000008000feb8 (0x00178713) addi    a4, a5, 1
core   0: 3 0x000000008000feb8 (0x00178713) x14 0x0000000080012061
core   0: 0x000000008000febc (0xfee43023) sd      a4, -32(s0)
core   0: 3 0x000000008000febc (0xfee43023) mem 0x0000000080031f50 0x0000000080012061
core   0: 0x000000008000fec0 (0xfc442703) lw      a4, -60(s0)
core   0: 3 0x000000008000fec0 (0xfc442703) x14 0x0000000000000000 mem 0x0000000080031f34
core   0: 0x000000008000fec4 (0x0ff77713) andi    a4, a4, 255
core   0: 3 0x000000008000fec4 (0x0ff77713) x14 0x0000000000000000
core   0: 0x000000008000fec8 (0x00e78023) sb      a4, 0(a5)
core   0: 3 0x000000008000fec8 (0x00e78023) mem 0x0000000080012060 0x00
core   0: 0x000000008000fecc (0xfc843703) ld      a4, -56(s0)
core   0: 3 0x000000008000fecc (0xfc843703) x14 0x0000000080012040 mem 0x0000000080031f38
core   0: 0x000000008000fed0 (0xfb843783) ld      a5, -72(s0)
core   0: 3 0x000000008000fed0 (0xfb843783) x15 0x000000000000009c mem 0x0000000080031f28
core   0: 0x000000008000fed4 (0x000097ba) c.add   a5, a4
core   0: 3 0x000000008000fed4 (0x97ba) x15 0x00000000800120dc
core   0: 0x000000008000fed6 (0xfe043703) ld      a4, -32(s0)
core   0: 3 0x000000008000fed6 (0xfe043703) x14 0x0000000080012061 mem 0x0000000080031f50
core   0: 0x000000008000feda (0xfcf76de3) bltu    a4, a5, pc - 38
core   0: 3 0x000000008000feda (0xfcf76de3)
core   0: 0x000000008000feb4 (0xfe043783) ld      a5, -32(s0)
core   0: 3 0x000000008000feb4 (0xfe043783) x15 0x0000000080012061 mem 0x0000000080031f50
core   0: 0x000000008000feb8 (0x00178713) addi    a4, a5, 1
core   0: 3 0x000000008000feb8 (0x00178713) x14 0x0000000080012062
core   0: 0x000000008000febc (0xfee43023) sd      a4, -32(s0)
core   0: 3 0x000000008000febc (0xfee43023) mem 0x0000000080031f50 0x0000000080012062
core   0: 0x000000008000fec0 (0xfc442703) lw      a4, -60(s0)
core   0: 3 0x000000008000fec0 (0xfc442703) x14 0x0000000000000000 mem 0x0000000080031f34
core   0: 0x000000008000fec4 (0x0ff77713) andi    a4, a4, 255
core   0: 3 0x000000008000fec4 (0x0ff77713) x14 0x0000000000000000
core   0: 0x000000008000fec8 (0x00e78023) sb      a4, 0(a5)
core   0: 3 0x000000008000fec8 (0x00e78023) mem 0x0000000080012061 0x00
core   0: 0x000000008000fecc (0xfc843703) ld      a4, -56(s0)
core   0: 3 0x000000008000fecc (0xfc843703) x14 0x0000000080012040 mem 0x0000000080031f38
core   0: 0x000000008000fed0 (0xfb843783) ld      a5, -72(s0)
core   0: 3 0x000000008000fed0 (0xfb843783) x15 0x000000000000009c mem 0x0000000080031f28
core   0: 0x000000008000fed4 (0x000097ba) c.add   a5, a4
core   0: 3 0x000000008000fed4 (0x97ba) x15 0x00000000800120dc
core   0: 0x000000008000fed6 (0xfe043703) ld      a4, -32(s0)
core   0: 3 0x000000008000fed6 (0xfe043703) x14 0x0000000080012062 mem 0x0000000080031f50
core   0: 0x000000008000feda (0xfcf76de3) bltu    a4, a5, pc - 38
core   0: 3 0x000000008000feda (0xfcf76de3)
core   0: 0x000000008000feb4 (0xfe043783) ld      a5, -32(s0)
core   0: 3 0x000000008000feb4 (0xfe043783) x15 0x0000000080012062 mem 0x0000000080031f50
core   0: 0x000000008000feb8 (0x00178713) addi    a4, a5, 1
core   0: 3 0x000000008000feb8 (0x00178713) x14 0x0000000080012063
core   0: 0x000000008000febc (0xfee43023) sd      a4, -32(s0)
core   0: 3 0x000000008000febc (0xfee43023) mem 0x0000000080031f50 0x0000000080012063
core   0: 0x000000008000fec0 (0xfc442703) lw      a4, -60(s0)
core   0: 3 0x000000008000fec0 (0xfc442703) x14 0x0000000000000000 mem 0x0000000080031f34
core   0: 0x000000008000fec4 (0x0ff77713) andi    a4, a4, 255
core   0: 3 0x000000008000fec4 (0x0ff77713) x14 0x0000000000000000
core   0: 0x000000008000fec8 (0x00e78023) sb      a4, 0(a5)
core   0: 3 0x000000008000fec8 (0x00e78023) mem 0x0000000080012062 0x00
core   0: 0x000000008000fecc (0xfc843703) ld      a4, -56(s0)
core   0: 3 0x000000008000fecc (0xfc843703) x14 0x0000000080012040 mem 0x0000000080031f38
core   0: 0x000000008000fed0 (0xfb843783) ld      a5, -72(s0)
core   0: 3 0x000000008000fed0 (0xfb843783) x15 0x000000000000009c mem 0x0000000080031f28
core   0: 0x000000008000fed4 (0x000097ba) c.add   a5, a4
core   0: 3 0x000000008000fed4 (0x97ba) x15 0x00000000800120dc
core   0: 0x000000008000fed6 (0xfe043703) ld      a4, -32(s0)
core   0: 3 0x000000008000fed6 (0xfe043703) x14 0x0000000080012063 mem 0x0000000080031f50
core   0: 0x000000008000feda (0xfcf76de3) bltu    a4, a5, pc - 38
core   0: 3 0x000000008000feda (0xfcf76de3)
core   0: 0x000000008000feb4 (0xfe043783) ld      a5, -32(s0)
core   0: 3 0x000000008000feb4 (0xfe043783) x15 0x0000000080012063 mem 0x0000000080031f50
core   0: 0x000000008000feb8 (0x00178713) addi    a4, a5, 1
core   0: 3 0x000000008000feb8 (0x00178713) x14 0x0000000080012064
core   0: 0x000000008000febc (0xfee43023) sd      a4, -32(s0)
core   0: 3 0x000000008000febc (0xfee43023) mem 0x0000000080031f50 0x0000000080012064
core   0: 0x000000008000fec0 (0xfc442703) lw      a4, -60(s0)
core   0: 3 0x000000008000fec0 (0xfc442703) x14 0x0000000000000000 mem 0x0000000080031f34
core   0: 0x000000008000fec4 (0x0ff77713) andi    a4, a4, 255
core   0: 3 0x000000008000fec4 (0x0ff77713) x14 0x0000000000000000
core   0: 0x000000008000fec8 (0x00e78023) sb      a4, 0(a5)
core   0: 3 0x000000008000fec8 (0x00e78023) mem 0x0000000080012063 0x00
core   0: 0x000000008000fecc (0xfc843703) ld      a4, -56(s0)
core   0: 3 0x000000008000fecc (0xfc843703) x14 0x0000000080012040 mem 0x0000000080031f38
core   0: 0x000000008000fed0 (0xfb843783) ld      a5, -72(s0)
core   0: 3 0x000000008000fed0 (0xfb843783) x15 0x000000000000009c mem 0x0000000080031f28
core   0: 0x000000008000fed4 (0x000097ba) c.add   a5, a4
core   0: 3 0x000000008000fed4 (0x97ba) x15 0x00000000800120dc
core   0: 0x000000008000fed6 (0xfe043703) ld      a4, -32(s0)
core   0: 3 0x000000008000fed6 (0xfe043703) x14 0x0000000080012064 mem 0x0000000080031f50
core   0: 0x000000008000feda (0xfcf76de3) bltu    a4, a5, pc - 38
core   0: 3 0x000000008000feda (0xfcf76de3)
core   0: 0x000000008000feb4 (0xfe043783) ld      a5, -32(s0)
core   0: 3 0x000000008000feb4 (0xfe043783) x15 0x0000000080012064 mem 0x0000000080031f50
core   0: 0x000000008000feb8 (0x00178713) addi    a4, a5, 1
core   0: 3 0x000000008000feb8 (0x00178713) x14 0x0000000080012065
core   0: 0x000000008000febc (0xfee43023) sd      a4, -32(s0)
core   0: 3 0x000000008000febc (0xfee43023) mem 0x0000000080031f50 0x0000000080012065
core   0: 0x000000008000fec0 (0xfc442703) lw      a4, -60(s0)
core   0: 3 0x000000008000fec0 (0xfc442703) x14 0x0000000000000000 mem 0x0000000080031f34
core   0: 0x000000008000fec4 (0x0ff77713) andi    a4, a4, 255
core   0: 3 0x000000008000fec4 (0x0ff77713) x14 0x0000000000000000
core   0: 0x000000008000fec8 (0x00e78023) sb      a4, 0(a5)
core   0: 3 0x000000008000fec8 (0x00e78023) mem 0x0000000080012064 0x00
core   0: 0x000000008000fecc (0xfc843703) ld      a4, -56(s0)
core   0: 3 0x000000008000fecc (0xfc843703) x14 0x0000000080012040 mem 0x0000000080031f38
core   0: 0x000000008000fed0 (0xfb843783) ld      a5, -72(s0)
core   0: 3 0x000000008000fed0 (0xfb843783) x15 0x000000000000009c mem 0x0000000080031f28
core   0: 0x000000008000fed4 (0x000097ba) c.add   a5, a4
core   0: 3 0x000000008000fed4 (0x97ba) x15 0x00000000800120dc
core   0: 0x000000008000fed6 (0xfe043703) ld      a4, -32(s0)
core   0: 3 0x000000008000fed6 (0xfe043703) x14 0x0000000080012065 mem 0x0000000080031f50
core   0: 0x000000008000feda (0xfcf76de3) bltu    a4, a5, pc - 38
core   0: 3 0x000000008000feda (0xfcf76de3)
core   0: 0x000000008000feb4 (0xfe043783) ld      a5, -32(s0)
core   0: 3 0x000000008000feb4 (0xfe043783) x15 0x0000000080012065 mem 0x0000000080031f50
core   0: 0x000000008000feb8 (0x00178713) addi    a4, a5, 1
core   0: 3 0x000000008000feb8 (0x00178713) x14 0x0000000080012066
core   0: 0x000000008000febc (0xfee43023) sd      a4, -32(s0)
core   0: 3 0x000000008000febc (0xfee43023) mem 0x0000000080031f50 0x0000000080012066
core   0: 0x000000008000fec0 (0xfc442703) lw      a4, -60(s0)
core   0: 3 0x000000008000fec0 (0xfc442703) x14 0x0000000000000000 mem 0x0000000080031f34
core   0: 0x000000008000fec4 (0x0ff77713) andi    a4, a4, 255
core   0: 3 0x000000008000fec4 (0x0ff77713) x14 0x0000000000000000
core   0: 0x000000008000fec8 (0x00e78023) sb      a4, 0(a5)
core   0: 3 0x000000008000fec8 (0x00e78023) mem 0x0000000080012065 0x00
core   0: 0x000000008000fecc (0xfc843703) ld      a4, -56(s0)
core   0: 3 0x000000008000fecc (0xfc843703) x14 0x0000000080012040 mem 0x0000000080031f38
core   0: 0x000000008000fed0 (0xfb843783) ld      a5, -72(s0)
core   0: 3 0x000000008000fed0 (0xfb843783) x15 0x000000000000009c mem 0x0000000080031f28
core   0: 0x000000008000fed4 (0x000097ba) c.add   a5, a4
core   0: 3 0x000000008000fed4 (0x97ba) x15 0x00000000800120dc
core   0: 0x000000008000fed6 (0xfe043703) ld      a4, -32(s0)
core   0: 3 0x000000008000fed6 (0xfe043703) x14 0x0000000080012066 mem 0x0000000080031f50
core   0: 0x000000008000feda (0xfcf76de3) bltu    a4, a5, pc - 38
core   0: 3 0x000000008000feda (0xfcf76de3)
core   0: 0x000000008000feb4 (0xfe043783) ld      a5, -32(s0)
core   0: 3 0x000000008000feb4 (0xfe043783) x15 0x0000000080012066 mem 0x0000000080031f50
core   0: 0x000000008000feb8 (0x00178713) addi    a4, a5, 1
core   0: 3 0x000000008000feb8 (0x00178713) x14 0x0000000080012067
core   0: 0x000000008000febc (0xfee43023) sd      a4, -32(s0)
core   0: 3 0x000000008000febc (0xfee43023) mem 0x0000000080031f50 0x0000000080012067
core   0: 0x000000008000fec0 (0xfc442703) lw      a4, -60(s0)
core   0: 3 0x000000008000fec0 (0xfc442703) x14 0x0000000000000000 mem 0x0000000080031f34
core   0: 0x000000008000fec4 (0x0ff77713) andi    a4, a4, 255
core   0: 3 0x000000008000fec4 (0x0ff77713) x14 0x0000000000000000
core   0: 0x000000008000fec8 (0x00e78023) sb      a4, 0(a5)
core   0: 3 0x000000008000fec8 (0x00e78023) mem 0x0000000080012066 0x00
core   0: 0x000000008000fecc (0xfc843703) ld      a4, -56(s0)
core   0: 3 0x000000008000fecc (0xfc843703) x14 0x0000000080012040 mem 0x0000000080031f38
core   0: 0x000000008000fed0 (0xfb843783) ld      a5, -72(s0)
core   0: 3 0x000000008000fed0 (0xfb843783) x15 0x000000000000009c mem 0x0000000080031f28
core   0: 0x000000008000fed4 (0x000097ba) c.add   a5, a4
core   0: 3 0x000000008000fed4 (0x97ba) x15 0x00000000800120dc
core   0: 0x000000008000fed6 (0xfe043703) ld      a4, -32(s0)
core   0: 3 0x000000008000fed6 (0xfe043703) x14 0x0000000080012067 mem 0x0000000080031f50
core   0: 0x000000008000feda (0xfcf76de3) bltu    a4, a5, pc - 38
core   0: 3 0x000000008000feda (0xfcf76de3)
core   0: 0x000000008000feb4 (0xfe043783) ld      a5, -32(s0)
core   0: 3 0x000000008000feb4 (0xfe043783) x15 0x0000000080012067 mem 0x0000000080031f50
core   0: 0x000000008000feb8 (0x00178713) addi    a4, a5, 1
core   0: 3 0x000000008000feb8 (0x00178713) x14 0x0000000080012068
core   0: 0x000000008000febc (0xfee43023) sd      a4, -32(s0)
core   0: 3 0x000000008000febc (0xfee43023) mem 0x0000000080031f50 0x0000000080012068
core   0: 0x000000008000fec0 (0xfc442703) lw      a4, -60(s0)
core   0: 3 0x000000008000fec0 (0xfc442703) x14 0x0000000000000000 mem 0x0000000080031f34
core   0: 0x000000008000fec4 (0x0ff77713) andi    a4, a4, 255
core   0: 3 0x000000008000fec4 (0x0ff77713) x14 0x0000000000000000
core   0: 0x000000008000fec8 (0x00e78023) sb      a4, 0(a5)
core   0: 3 0x000000008000fec8 (0x00e78023) mem 0x0000000080012067 0x00
core   0: 0x000000008000fecc (0xfc843703) ld      a4, -56(s0)
core   0: 3 0x000000008000fecc (0xfc843703) x14 0x0000000080012040 mem 0x0000000080031f38
core   0: 0x000000008000fed0 (0xfb843783) ld      a5, -72(s0)
core   0: 3 0x000000008000fed0 (0xfb843783) x15 0x000000000000009c mem 0x0000000080031f28
core   0: 0x000000008000fed4 (0x000097ba) c.add   a5, a4
core   0: 3 0x000000008000fed4 (0x97ba) x15 0x00000000800120dc
core   0: 0x000000008000fed6 (0xfe043703) ld      a4, -32(s0)
core   0: 3 0x000000008000fed6 (0xfe043703) x14 0x0000000080012068 mem 0x0000000080031f50
core   0: 0x000000008000feda (0xfcf76de3) bltu    a4, a5, pc - 38
core   0: 3 0x000000008000feda (0xfcf76de3)
core   0: 0x000000008000feb4 (0xfe043783) ld      a5, -32(s0)
core   0: 3 0x000000008000feb4 (0xfe043783) x15 0x0000000080012068 mem 0x0000000080031f50
core   0: 0x000000008000feb8 (0x00178713) addi    a4, a5, 1
core   0: 3 0x000000008000feb8 (0x00178713) x14 0x0000000080012069
core   0: 0x000000008000febc (0xfee43023) sd      a4, -32(s0)
core   0: 3 0x000000008000febc (0xfee43023) mem 0x0000000080031f50 0x0000000080012069
core   0: 0x000000008000fec0 (0xfc442703) lw      a4, -60(s0)
core   0: 3 0x000000008000fec0 (0xfc442703) x14 0x0000000000000000 mem 0x0000000080031f34
core   0: 0x000000008000fec4 (0x0ff77713) andi    a4, a4, 255
core   0: 3 0x000000008000fec4 (0x0ff77713) x14 0x0000000000000000
core   0: 0x000000008000fec8 (0x00e78023) sb      a4, 0(a5)
core   0: 3 0x000000008000fec8 (0x00e78023) mem 0x0000000080012068 0x00
core   0: 0x000000008000fecc (0xfc843703) ld      a4, -56(s0)
core   0: 3 0x000000008000fecc (0xfc843703) x14 0x0000000080012040 mem 0x0000000080031f38
core   0: 0x000000008000fed0 (0xfb843783) ld      a5, -72(s0)
core   0: 3 0x000000008000fed0 (0xfb843783) x15 0x000000000000009c mem 0x0000000080031f28
core   0: 0x000000008000fed4 (0x000097ba) c.add   a5, a4
core   0: 3 0x000000008000fed4 (0x97ba) x15 0x00000000800120dc
core   0: 0x000000008000fed6 (0xfe043703) ld      a4, -32(s0)
core   0: 3 0x000000008000fed6 (0xfe043703) x14 0x0000000080012069 mem 0x0000000080031f50
core   0: 0x000000008000feda (0xfcf76de3) bltu    a4, a5, pc - 38
core   0: 3 0x000000008000feda (0xfcf76de3)
core   0: 0x000000008000feb4 (0xfe043783) ld      a5, -32(s0)
core   0: 3 0x000000008000feb4 (0xfe043783) x15 0x0000000080012069 mem 0x0000000080031f50
core   0: 0x000000008000feb8 (0x00178713) addi    a4, a5, 1
core   0: 3 0x000000008000feb8 (0x00178713) x14 0x000000008001206a
core   0: 0x000000008000febc (0xfee43023) sd      a4, -32(s0)
core   0: 3 0x000000008000febc (0xfee43023) mem 0x0000000080031f50 0x000000008001206a
core   0: 0x000000008000fec0 (0xfc442703) lw      a4, -60(s0)
core   0: 3 0x000000008000fec0 (0xfc442703) x14 0x0000000000000000 mem 0x0000000080031f34
core   0: 0x000000008000fec4 (0x0ff77713) andi    a4, a4, 255
core   0: 3 0x000000008000fec4 (0x0ff77713) x14 0x0000000000000000
core   0: 0x000000008000fec8 (0x00e78023) sb      a4, 0(a5)
core   0: 3 0x000000008000fec8 (0x00e78023) mem 0x0000000080012069 0x00
core   0: 0x000000008000fecc (0xfc843703) ld      a4, -56(s0)
core   0: 3 0x000000008000fecc (0xfc843703) x14 0x0000000080012040 mem 0x0000000080031f38
core   0: 0x000000008000fed0 (0xfb843783) ld      a5, -72(s0)
core   0: 3 0x000000008000fed0 (0xfb843783) x15 0x000000000000009c mem 0x0000000080031f28
core   0: 0x000000008000fed4 (0x000097ba) c.add   a5, a4
core   0: 3 0x000000008000fed4 (0x97ba) x15 0x00000000800120dc
core   0: 0x000000008000fed6 (0xfe043703) ld      a4, -32(s0)
core   0: 3 0x000000008000fed6 (0xfe043703) x14 0x000000008001206a mem 0x0000000080031f50
core   0: 0x000000008000feda (0xfcf76de3) bltu    a4, a5, pc - 38
core   0: 3 0x000000008000feda (0xfcf76de3)
core   0: 0x000000008000feb4 (0xfe043783) ld      a5, -32(s0)
core   0: 3 0x000000008000feb4 (0xfe043783) x15 0x000000008001206a mem 0x0000000080031f50
core   0: 0x000000008000feb8 (0x00178713) addi    a4, a5, 1
core   0: 3 0x000000008000feb8 (0x00178713) x14 0x000000008001206b
core   0: 0x000000008000febc (0xfee43023) sd      a4, -32(s0)
core   0: 3 0x000000008000febc (0xfee43023) mem 0x0000000080031f50 0x000000008001206b
core   0: 0x000000008000fec0 (0xfc442703) lw      a4, -60(s0)
core   0: 3 0x000000008000fec0 (0xfc442703) x14 0x0000000000000000 mem 0x0000000080031f34
core   0: 0x000000008000fec4 (0x0ff77713) andi    a4, a4, 255
core   0: 3 0x000000008000fec4 (0x0ff77713) x14 0x0000000000000000
core   0: 0x000000008000fec8 (0x00e78023) sb      a4, 0(a5)
core   0: 3 0x000000008000fec8 (0x00e78023) mem 0x000000008001206a 0x00
core   0: 0x000000008000fecc (0xfc843703) ld      a4, -56(s0)
core   0: 3 0x000000008000fecc (0xfc843703) x14 0x0000000080012040 mem 0x0000000080031f38
core   0: 0x000000008000fed0 (0xfb843783) ld      a5, -72(s0)
core   0: 3 0x000000008000fed0 (0xfb843783) x15 0x000000000000009c mem 0x0000000080031f28
core   0: 0x000000008000fed4 (0x000097ba) c.add   a5, a4
core   0: 3 0x000000008000fed4 (0x97ba) x15 0x00000000800120dc
core   0: 0x000000008000fed6 (0xfe043703) ld      a4, -32(s0)
core   0: 3 0x000000008000fed6 (0xfe043703) x14 0x000000008001206b mem 0x0000000080031f50
core   0: 0x000000008000feda (0xfcf76de3) bltu    a4, a5, pc - 38
core   0: 3 0x000000008000feda (0xfcf76de3)
core   0: 0x000000008000feb4 (0xfe043783) ld      a5, -32(s0)
core   0: 3 0x000000008000feb4 (0xfe043783) x15 0x000000008001206b mem 0x0000000080031f50
core   0: 0x000000008000feb8 (0x00178713) addi    a4, a5, 1
core   0: 3 0x000000008000feb8 (0x00178713) x14 0x000000008001206c
core   0: 0x000000008000febc (0xfee43023) sd      a4, -32(s0)
core   0: 3 0x000000008000febc (0xfee43023) mem 0x0000000080031f50 0x000000008001206c
core   0: 0x000000008000fec0 (0xfc442703) lw      a4, -60(s0)
core   0: 3 0x000000008000fec0 (0xfc442703) x14 0x0000000000000000 mem 0x0000000080031f34
core   0: 0x000000008000fec4 (0x0ff77713) andi    a4, a4, 255
core   0: 3 0x000000008000fec4 (0x0ff77713) x14 0x0000000000000000
core   0: 0x000000008000fec8 (0x00e78023) sb      a4, 0(a5)
core   0: 3 0x000000008000fec8 (0x00e78023) mem 0x000000008001206b 0x00
core   0: 0x000000008000fecc (0xfc843703) ld      a4, -56(s0)
core   0: 3 0x000000008000fecc (0xfc843703) x14 0x0000000080012040 mem 0x0000000080031f38
core   0: 0x000000008000fed0 (0xfb843783) ld      a5, -72(s0)
core   0: 3 0x000000008000fed0 (0xfb843783) x15 0x000000000000009c mem 0x0000000080031f28
core   0: 0x000000008000fed4 (0x000097ba) c.add   a5, a4
core   0: 3 0x000000008000fed4 (0x97ba) x15 0x00000000800120dc
core   0: 0x000000008000fed6 (0xfe043703) ld      a4, -32(s0)
core   0: 3 0x000000008000fed6 (0xfe043703) x14 0x000000008001206c mem 0x0000000080031f50
core   0: 0x000000008000feda (0xfcf76de3) bltu    a4, a5, pc - 38
core   0: 3 0x000000008000feda (0xfcf76de3)
core   0: 0x000000008000feb4 (0xfe043783) ld      a5, -32(s0)
core   0: 3 0x000000008000feb4 (0xfe043783) x15 0x000000008001206c mem 0x0000000080031f50
core   0: 0x000000008000feb8 (0x00178713) addi    a4, a5, 1
core   0: 3 0x000000008000feb8 (0x00178713) x14 0x000000008001206d
core   0: 0x000000008000febc (0xfee43023) sd      a4, -32(s0)
core   0: 3 0x000000008000febc (0xfee43023) mem 0x0000000080031f50 0x000000008001206d
core   0: 0x000000008000fec0 (0xfc442703) lw      a4, -60(s0)
core   0: 3 0x000000008000fec0 (0xfc442703) x14 0x0000000000000000 mem 0x0000000080031f34
core   0: 0x000000008000fec4 (0x0ff77713) andi    a4, a4, 255
core   0: 3 0x000000008000fec4 (0x0ff77713) x14 0x0000000000000000
core   0: 0x000000008000fec8 (0x00e78023) sb      a4, 0(a5)
core   0: 3 0x000000008000fec8 (0x00e78023) mem 0x000000008001206c 0x00
core   0: 0x000000008000fecc (0xfc843703) ld      a4, -56(s0)
core   0: 3 0x000000008000fecc (0xfc843703) x14 0x0000000080012040 mem 0x0000000080031f38
core   0: 0x000000008000fed0 (0xfb843783) ld      a5, -72(s0)
core   0: 3 0x000000008000fed0 (0xfb843783) x15 0x000000000000009c mem 0x0000000080031f28
core   0: 0x000000008000fed4 (0x000097ba) c.add   a5, a4
core   0: 3 0x000000008000fed4 (0x97ba) x15 0x00000000800120dc
core   0: 0x000000008000fed6 (0xfe043703) ld      a4, -32(s0)
core   0: 3 0x000000008000fed6 (0xfe043703) x14 0x000000008001206d mem 0x0000000080031f50
core   0: 0x000000008000feda (0xfcf76de3) bltu    a4, a5, pc - 38
core   0: 3 0x000000008000feda (0xfcf76de3)
core   0: 0x000000008000feb4 (0xfe043783) ld      a5, -32(s0)
core   0: 3 0x000000008000feb4 (0xfe043783) x15 0x000000008001206d mem 0x0000000080031f50
core   0: 0x000000008000feb8 (0x00178713) addi    a4, a5, 1
core   0: 3 0x000000008000feb8 (0x00178713) x14 0x000000008001206e
core   0: 0x000000008000febc (0xfee43023) sd      a4, -32(s0)
core   0: 3 0x000000008000febc (0xfee43023) mem 0x0000000080031f50 0x000000008001206e
core   0: 0x000000008000fec0 (0xfc442703) lw      a4, -60(s0)
core   0: 3 0x000000008000fec0 (0xfc442703) x14 0x0000000000000000 mem 0x0000000080031f34
core   0: 0x000000008000fec4 (0x0ff77713) andi    a4, a4, 255
core   0: 3 0x000000008000fec4 (0x0ff77713) x14 0x0000000000000000
core   0: 0x000000008000fec8 (0x00e78023) sb      a4, 0(a5)
core   0: 3 0x000000008000fec8 (0x00e78023) mem 0x000000008001206d 0x00
core   0: 0x000000008000fecc (0xfc843703) ld      a4, -56(s0)
core   0: 3 0x000000008000fecc (0xfc843703) x14 0x0000000080012040 mem 0x0000000080031f38
core   0: 0x000000008000fed0 (0xfb843783) ld      a5, -72(s0)
core   0: 3 0x000000008000fed0 (0xfb843783) x15 0x000000000000009c mem 0x0000000080031f28
core   0: 0x000000008000fed4 (0x000097ba) c.add   a5, a4
core   0: 3 0x000000008000fed4 (0x97ba) x15 0x00000000800120dc
core   0: 0x000000008000fed6 (0xfe043703) ld      a4, -32(s0)
core   0: 3 0x000000008000fed6 (0xfe043703) x14 0x000000008001206e mem 0x0000000080031f50
core   0: 0x000000008000feda (0xfcf76de3) bltu    a4, a5, pc - 38
core   0: 3 0x000000008000feda (0xfcf76de3)
core   0: 0x000000008000feb4 (0xfe043783) ld      a5, -32(s0)
core   0: 3 0x000000008000feb4 (0xfe043783) x15 0x000000008001206e mem 0x0000000080031f50
core   0: 0x000000008000feb8 (0x00178713) addi    a4, a5, 1
core   0: 3 0x000000008000feb8 (0x00178713) x14 0x000000008001206f
core   0: 0x000000008000febc (0xfee43023) sd      a4, -32(s0)
core   0: 3 0x000000008000febc (0xfee43023) mem 0x0000000080031f50 0x000000008001206f
core   0: 0x000000008000fec0 (0xfc442703) lw      a4, -60(s0)
core   0: 3 0x000000008000fec0 (0xfc442703) x14 0x0000000000000000 mem 0x0000000080031f34
core   0: 0x000000008000fec4 (0x0ff77713) andi    a4, a4, 255
core   0: 3 0x000000008000fec4 (0x0ff77713) x14 0x0000000000000000
core   0: 0x000000008000fec8 (0x00e78023) sb      a4, 0(a5)
core   0: 3 0x000000008000fec8 (0x00e78023) mem 0x000000008001206e 0x00
core   0: 0x000000008000fecc (0xfc843703) ld      a4, -56(s0)
core   0: 3 0x000000008000fecc (0xfc843703) x14 0x0000000080012040 mem 0x0000000080031f38
core   0: 0x000000008000fed0 (0xfb843783) ld      a5, -72(s0)
core   0: 3 0x000000008000fed0 (0xfb843783) x15 0x000000000000009c mem 0x0000000080031f28
core   0: 0x000000008000fed4 (0x000097ba) c.add   a5, a4
core   0: 3 0x000000008000fed4 (0x97ba) x15 0x00000000800120dc
core   0: 0x000000008000fed6 (0xfe043703) ld      a4, -32(s0)
core   0: 3 0x000000008000fed6 (0xfe043703) x14 0x000000008001206f mem 0x0000000080031f50
core   0: 0x000000008000feda (0xfcf76de3) bltu    a4, a5, pc - 38
core   0: 3 0x000000008000feda (0xfcf76de3)
core   0: 0x000000008000feb4 (0xfe043783) ld      a5, -32(s0)
core   0: 3 0x000000008000feb4 (0xfe043783) x15 0x000000008001206f mem 0x0000000080031f50
core   0: 0x000000008000feb8 (0x00178713) addi    a4, a5, 1
core   0: 3 0x000000008000feb8 (0x00178713) x14 0x0000000080012070
core   0: 0x000000008000febc (0xfee43023) sd      a4, -32(s0)
core   0: 3 0x000000008000febc (0xfee43023) mem 0x0000000080031f50 0x0000000080012070
core   0: 0x000000008000fec0 (0xfc442703) lw      a4, -60(s0)
core   0: 3 0x000000008000fec0 (0xfc442703) x14 0x0000000000000000 mem 0x0000000080031f34
core   0: 0x000000008000fec4 (0x0ff77713) andi    a4, a4, 255
core   0: 3 0x000000008000fec4 (0x0ff77713) x14 0x0000000000000000
core   0: 0x000000008000fec8 (0x00e78023) sb      a4, 0(a5)
core   0: 3 0x000000008000fec8 (0x00e78023) mem 0x000000008001206f 0x00
core   0: 0x000000008000fecc (0xfc843703) ld      a4, -56(s0)
core   0: 3 0x000000008000fecc (0xfc843703) x14 0x0000000080012040 mem 0x0000000080031f38
core   0: 0x000000008000fed0 (0xfb843783) ld      a5, -72(s0)
core   0: 3 0x000000008000fed0 (0xfb843783) x15 0x000000000000009c mem 0x0000000080031f28
core   0: 0x000000008000fed4 (0x000097ba) c.add   a5, a4
core   0: 3 0x000000008000fed4 (0x97ba) x15 0x00000000800120dc
core   0: 0x000000008000fed6 (0xfe043703) ld      a4, -32(s0)
core   0: 3 0x000000008000fed6 (0xfe043703) x14 0x0000000080012070 mem 0x0000000080031f50
core   0: 0x000000008000feda (0xfcf76de3) bltu    a4, a5, pc - 38
core   0: 3 0x000000008000feda (0xfcf76de3)
core   0: 0x000000008000feb4 (0xfe043783) ld      a5, -32(s0)
core   0: 3 0x000000008000feb4 (0xfe043783) x15 0x0000000080012070 mem 0x0000000080031f50
core   0: 0x000000008000feb8 (0x00178713) addi    a4, a5, 1
core   0: 3 0x000000008000feb8 (0x00178713) x14 0x0000000080012071
core   0: 0x000000008000febc (0xfee43023) sd      a4, -32(s0)
core   0: 3 0x000000008000febc (0xfee43023) mem 0x0000000080031f50 0x0000000080012071
core   0: 0x000000008000fec0 (0xfc442703) lw      a4, -60(s0)
core   0: 3 0x000000008000fec0 (0xfc442703) x14 0x0000000000000000 mem 0x0000000080031f34
core   0: 0x000000008000fec4 (0x0ff77713) andi    a4, a4, 255
core   0: 3 0x000000008000fec4 (0x0ff77713) x14 0x0000000000000000
core   0: 0x000000008000fec8 (0x00e78023) sb      a4, 0(a5)
core   0: 3 0x000000008000fec8 (0x00e78023) mem 0x0000000080012070 0x00
core   0: 0x000000008000fecc (0xfc843703) ld      a4, -56(s0)
core   0: 3 0x000000008000fecc (0xfc843703) x14 0x0000000080012040 mem 0x0000000080031f38
core   0: 0x000000008000fed0 (0xfb843783) ld      a5, -72(s0)
core   0: 3 0x000000008000fed0 (0xfb843783) x15 0x000000000000009c mem 0x0000000080031f28
core   0: 0x000000008000fed4 (0x000097ba) c.add   a5, a4
core   0: 3 0x000000008000fed4 (0x97ba) x15 0x00000000800120dc
core   0: 0x000000008000fed6 (0xfe043703) ld      a4, -32(s0)
core   0: 3 0x000000008000fed6 (0xfe043703) x14 0x0000000080012071 mem 0x0000000080031f50
core   0: 0x000000008000feda (0xfcf76de3) bltu    a4, a5, pc - 38
core   0: 3 0x000000008000feda (0xfcf76de3)
core   0: 0x000000008000feb4 (0xfe043783) ld      a5, -32(s0)
core   0: 3 0x000000008000feb4 (0xfe043783) x15 0x0000000080012071 mem 0x0000000080031f50
core   0: 0x000000008000feb8 (0x00178713) addi    a4, a5, 1
core   0: 3 0x000000008000feb8 (0x00178713) x14 0x0000000080012072
core   0: 0x000000008000febc (0xfee43023) sd      a4, -32(s0)
core   0: 3 0x000000008000febc (0xfee43023) mem 0x0000000080031f50 0x0000000080012072
core   0: 0x000000008000fec0 (0xfc442703) lw      a4, -60(s0)
core   0: 3 0x000000008000fec0 (0xfc442703) x14 0x0000000000000000 mem 0x0000000080031f34
core   0: 0x000000008000fec4 (0x0ff77713) andi    a4, a4, 255
core   0: 3 0x000000008000fec4 (0x0ff77713) x14 0x0000000000000000
core   0: 0x000000008000fec8 (0x00e78023) sb      a4, 0(a5)
core   0: 3 0x000000008000fec8 (0x00e78023) mem 0x0000000080012071 0x00
core   0: 0x000000008000fecc (0xfc843703) ld      a4, -56(s0)
core   0: 3 0x000000008000fecc (0xfc843703) x14 0x0000000080012040 mem 0x0000000080031f38
core   0: 0x000000008000fed0 (0xfb843783) ld      a5, -72(s0)
core   0: 3 0x000000008000fed0 (0xfb843783) x15 0x000000000000009c mem 0x0000000080031f28
core   0: 0x000000008000fed4 (0x000097ba) c.add   a5, a4
core   0: 3 0x000000008000fed4 (0x97ba) x15 0x00000000800120dc
core   0: 0x000000008000fed6 (0xfe043703) ld      a4, -32(s0)
core   0: 3 0x000000008000fed6 (0xfe043703) x14 0x0000000080012072 mem 0x0000000080031f50
core   0: 0x000000008000feda (0xfcf76de3) bltu    a4, a5, pc - 38
core   0: 3 0x000000008000feda (0xfcf76de3)
core   0: 0x000000008000feb4 (0xfe043783) ld      a5, -32(s0)
core   0: 3 0x000000008000feb4 (0xfe043783) x15 0x0000000080012072 mem 0x0000000080031f50
core   0: 0x000000008000feb8 (0x00178713) addi    a4, a5, 1
core   0: 3 0x000000008000feb8 (0x00178713) x14 0x0000000080012073
core   0: 0x000000008000febc (0xfee43023) sd      a4, -32(s0)
core   0: 3 0x000000008000febc (0xfee43023) mem 0x0000000080031f50 0x0000000080012073
core   0: 0x000000008000fec0 (0xfc442703) lw      a4, -60(s0)
core   0: 3 0x000000008000fec0 (0xfc442703) x14 0x0000000000000000 mem 0x0000000080031f34
core   0: 0x000000008000fec4 (0x0ff77713) andi    a4, a4, 255
core   0: 3 0x000000008000fec4 (0x0ff77713) x14 0x0000000000000000
core   0: 0x000000008000fec8 (0x00e78023) sb      a4, 0(a5)
core   0: 3 0x000000008000fec8 (0x00e78023) mem 0x0000000080012072 0x00
core   0: 0x000000008000fecc (0xfc843703) ld      a4, -56(s0)
core   0: 3 0x000000008000fecc (0xfc843703) x14 0x0000000080012040 mem 0x0000000080031f38
core   0: 0x000000008000fed0 (0xfb843783) ld      a5, -72(s0)
core   0: 3 0x000000008000fed0 (0xfb843783) x15 0x000000000000009c mem 0x0000000080031f28
core   0: 0x000000008000fed4 (0x000097ba) c.add   a5, a4
core   0: 3 0x000000008000fed4 (0x97ba) x15 0x00000000800120dc
core   0: 0x000000008000fed6 (0xfe043703) ld      a4, -32(s0)
core   0: 3 0x000000008000fed6 (0xfe043703) x14 0x0000000080012073 mem 0x0000000080031f50
core   0: 0x000000008000feda (0xfcf76de3) bltu    a4, a5, pc - 38
core   0: 3 0x000000008000feda (0xfcf76de3)
core   0: 0x000000008000feb4 (0xfe043783) ld      a5, -32(s0)
core   0: 3 0x000000008000feb4 (0xfe043783) x15 0x0000000080012073 mem 0x0000000080031f50
core   0: 0x000000008000feb8 (0x00178713) addi    a4, a5, 1
core   0: 3 0x000000008000feb8 (0x00178713) x14 0x0000000080012074
core   0: 0x000000008000febc (0xfee43023) sd      a4, -32(s0)
core   0: 3 0x000000008000febc (0xfee43023) mem 0x0000000080031f50 0x0000000080012074
core   0: 0x000000008000fec0 (0xfc442703) lw      a4, -60(s0)
core   0: 3 0x000000008000fec0 (0xfc442703) x14 0x0000000000000000 mem 0x0000000080031f34
core   0: 0x000000008000fec4 (0x0ff77713) andi    a4, a4, 255
core   0: 3 0x000000008000fec4 (0x0ff77713) x14 0x0000000000000000
core   0: 0x000000008000fec8 (0x00e78023) sb      a4, 0(a5)
core   0: 3 0x000000008000fec8 (0x00e78023) mem 0x0000000080012073 0x00
core   0: 0x000000008000fecc (0xfc843703) ld      a4, -56(s0)
core   0: 3 0x000000008000fecc (0xfc843703) x14 0x0000000080012040 mem 0x0000000080031f38
core   0: 0x000000008000fed0 (0xfb843783) ld      a5, -72(s0)
core   0: 3 0x000000008000fed0 (0xfb843783) x15 0x000000000000009c mem 0x0000000080031f28
core   0: 0x000000008000fed4 (0x000097ba) c.add   a5, a4
core   0: 3 0x000000008000fed4 (0x97ba) x15 0x00000000800120dc
core   0: 0x000000008000fed6 (0xfe043703) ld      a4, -32(s0)
core   0: 3 0x000000008000fed6 (0xfe043703) x14 0x0000000080012074 mem 0x0000000080031f50
core   0: 0x000000008000feda (0xfcf76de3) bltu    a4, a5, pc - 38
core   0: 3 0x000000008000feda (0xfcf76de3)
core   0: 0x000000008000feb4 (0xfe043783) ld      a5, -32(s0)
core   0: 3 0x000000008000feb4 (0xfe043783) x15 0x0000000080012074 mem 0x0000000080031f50
core   0: 0x000000008000feb8 (0x00178713) addi    a4, a5, 1
core   0: 3 0x000000008000feb8 (0x00178713) x14 0x0000000080012075
core   0: 0x000000008000febc (0xfee43023) sd      a4, -32(s0)
core   0: 3 0x000000008000febc (0xfee43023) mem 0x0000000080031f50 0x0000000080012075
core   0: 0x000000008000fec0 (0xfc442703) lw      a4, -60(s0)
core   0: 3 0x000000008000fec0 (0xfc442703) x14 0x0000000000000000 mem 0x0000000080031f34
core   0: 0x000000008000fec4 (0x0ff77713) andi    a4, a4, 255
core   0: 3 0x000000008000fec4 (0x0ff77713) x14 0x0000000000000000
core   0: 0x000000008000fec8 (0x00e78023) sb      a4, 0(a5)
core   0: 3 0x000000008000fec8 (0x00e78023) mem 0x0000000080012074 0x00
core   0: 0x000000008000fecc (0xfc843703) ld      a4, -56(s0)
core   0: 3 0x000000008000fecc (0xfc843703) x14 0x0000000080012040 mem 0x0000000080031f38
core   0: 0x000000008000fed0 (0xfb843783) ld      a5, -72(s0)
core   0: 3 0x000000008000fed0 (0xfb843783) x15 0x000000000000009c mem 0x0000000080031f28
core   0: 0x000000008000fed4 (0x000097ba) c.add   a5, a4
core   0: 3 0x000000008000fed4 (0x97ba) x15 0x00000000800120dc
core   0: 0x000000008000fed6 (0xfe043703) ld      a4, -32(s0)
core   0: 3 0x000000008000fed6 (0xfe043703) x14 0x0000000080012075 mem 0x0000000080031f50
core   0: 0x000000008000feda (0xfcf76de3) bltu    a4, a5, pc - 38
core   0: 3 0x000000008000feda (0xfcf76de3)
core   0: 0x000000008000feb4 (0xfe043783) ld      a5, -32(s0)
core   0: 3 0x000000008000feb4 (0xfe043783) x15 0x0000000080012075 mem 0x0000000080031f50
core   0: 0x000000008000feb8 (0x00178713) addi    a4, a5, 1
core   0: 3 0x000000008000feb8 (0x00178713) x14 0x0000000080012076
core   0: 0x000000008000febc (0xfee43023) sd      a4, -32(s0)
core   0: 3 0x000000008000febc (0xfee43023) mem 0x0000000080031f50 0x0000000080012076
core   0: 0x000000008000fec0 (0xfc442703) lw      a4, -60(s0)
core   0: 3 0x000000008000fec0 (0xfc442703) x14 0x0000000000000000 mem 0x0000000080031f34
core   0: 0x000000008000fec4 (0x0ff77713) andi    a4, a4, 255
core   0: 3 0x000000008000fec4 (0x0ff77713) x14 0x0000000000000000
core   0: 0x000000008000fec8 (0x00e78023) sb      a4, 0(a5)
core   0: 3 0x000000008000fec8 (0x00e78023) mem 0x0000000080012075 0x00
core   0: 0x000000008000fecc (0xfc843703) ld      a4, -56(s0)
core   0: 3 0x000000008000fecc (0xfc843703) x14 0x0000000080012040 mem 0x0000000080031f38
core   0: 0x000000008000fed0 (0xfb843783) ld      a5, -72(s0)
core   0: 3 0x000000008000fed0 (0xfb843783) x15 0x000000000000009c mem 0x0000000080031f28
core   0: 0x000000008000fed4 (0x000097ba) c.add   a5, a4
core   0: 3 0x000000008000fed4 (0x97ba) x15 0x00000000800120dc
core   0: 0x000000008000fed6 (0xfe043703) ld      a4, -32(s0)
core   0: 3 0x000000008000fed6 (0xfe043703) x14 0x0000000080012076 mem 0x0000000080031f50
core   0: 0x000000008000feda (0xfcf76de3) bltu    a4, a5, pc - 38
core   0: 3 0x000000008000feda (0xfcf76de3)
core   0: 0x000000008000feb4 (0xfe043783) ld      a5, -32(s0)
core   0: 3 0x000000008000feb4 (0xfe043783) x15 0x0000000080012076 mem 0x0000000080031f50
core   0: 0x000000008000feb8 (0x00178713) addi    a4, a5, 1
core   0: 3 0x000000008000feb8 (0x00178713) x14 0x0000000080012077
core   0: 0x000000008000febc (0xfee43023) sd      a4, -32(s0)
core   0: 3 0x000000008000febc (0xfee43023) mem 0x0000000080031f50 0x0000000080012077
core   0: 0x000000008000fec0 (0xfc442703) lw      a4, -60(s0)
core   0: 3 0x000000008000fec0 (0xfc442703) x14 0x0000000000000000 mem 0x0000000080031f34
core   0: 0x000000008000fec4 (0x0ff77713) andi    a4, a4, 255
core   0: 3 0x000000008000fec4 (0x0ff77713) x14 0x0000000000000000
core   0: 0x000000008000fec8 (0x00e78023) sb      a4, 0(a5)
core   0: 3 0x000000008000fec8 (0x00e78023) mem 0x0000000080012076 0x00
core   0: 0x000000008000fecc (0xfc843703) ld      a4, -56(s0)
core   0: 3 0x000000008000fecc (0xfc843703) x14 0x0000000080012040 mem 0x0000000080031f38
core   0: 0x000000008000fed0 (0xfb843783) ld      a5, -72(s0)
core   0: 3 0x000000008000fed0 (0xfb843783) x15 0x000000000000009c mem 0x0000000080031f28
core   0: 0x000000008000fed4 (0x000097ba) c.add   a5, a4
core   0: 3 0x000000008000fed4 (0x97ba) x15 0x00000000800120dc
core   0: 0x000000008000fed6 (0xfe043703) ld      a4, -32(s0)
core   0: 3 0x000000008000fed6 (0xfe043703) x14 0x0000000080012077 mem 0x0000000080031f50
core   0: 0x000000008000feda (0xfcf76de3) bltu    a4, a5, pc - 38
core   0: 3 0x000000008000feda (0xfcf76de3)
core   0: 0x000000008000feb4 (0xfe043783) ld      a5, -32(s0)
core   0: 3 0x000000008000feb4 (0xfe043783) x15 0x0000000080012077 mem 0x0000000080031f50
core   0: 0x000000008000feb8 (0x00178713) addi    a4, a5, 1
core   0: 3 0x000000008000feb8 (0x00178713) x14 0x0000000080012078
core   0: 0x000000008000febc (0xfee43023) sd      a4, -32(s0)
core   0: 3 0x000000008000febc (0xfee43023) mem 0x0000000080031f50 0x0000000080012078
core   0: 0x000000008000fec0 (0xfc442703) lw      a4, -60(s0)
core   0: 3 0x000000008000fec0 (0xfc442703) x14 0x0000000000000000 mem 0x0000000080031f34
core   0: 0x000000008000fec4 (0x0ff77713) andi    a4, a4, 255
core   0: 3 0x000000008000fec4 (0x0ff77713) x14 0x0000000000000000
core   0: 0x000000008000fec8 (0x00e78023) sb      a4, 0(a5)
core   0: 3 0x000000008000fec8 (0x00e78023) mem 0x0000000080012077 0x00
core   0: 0x000000008000fecc (0xfc843703) ld      a4, -56(s0)
core   0: 3 0x000000008000fecc (0xfc843703) x14 0x0000000080012040 mem 0x0000000080031f38
core   0: 0x000000008000fed0 (0xfb843783) ld      a5, -72(s0)
core   0: 3 0x000000008000fed0 (0xfb843783) x15 0x000000000000009c mem 0x0000000080031f28
core   0: 0x000000008000fed4 (0x000097ba) c.add   a5, a4
core   0: 3 0x000000008000fed4 (0x97ba) x15 0x00000000800120dc
core   0: 0x000000008000fed6 (0xfe043703) ld      a4, -32(s0)
core   0: 3 0x000000008000fed6 (0xfe043703) x14 0x0000000080012078 mem 0x0000000080031f50
core   0: 0x000000008000feda (0xfcf76de3) bltu    a4, a5, pc - 38
core   0: 3 0x000000008000feda (0xfcf76de3)
core   0: 0x000000008000feb4 (0xfe043783) ld      a5, -32(s0)
core   0: 3 0x000000008000feb4 (0xfe043783) x15 0x0000000080012078 mem 0x0000000080031f50
core   0: 0x000000008000feb8 (0x00178713) addi    a4, a5, 1
core   0: 3 0x000000008000feb8 (0x00178713) x14 0x0000000080012079
core   0: 0x000000008000febc (0xfee43023) sd      a4, -32(s0)
core   0: 3 0x000000008000febc (0xfee43023) mem 0x0000000080031f50 0x0000000080012079
core   0: 0x000000008000fec0 (0xfc442703) lw      a4, -60(s0)
core   0: 3 0x000000008000fec0 (0xfc442703) x14 0x0000000000000000 mem 0x0000000080031f34
core   0: 0x000000008000fec4 (0x0ff77713) andi    a4, a4, 255
core   0: 3 0x000000008000fec4 (0x0ff77713) x14 0x0000000000000000
core   0: 0x000000008000fec8 (0x00e78023) sb      a4, 0(a5)
core   0: 3 0x000000008000fec8 (0x00e78023) mem 0x0000000080012078 0x00
core   0: 0x000000008000fecc (0xfc843703) ld      a4, -56(s0)
core   0: 3 0x000000008000fecc (0xfc843703) x14 0x0000000080012040 mem 0x0000000080031f38
core   0: 0x000000008000fed0 (0xfb843783) ld      a5, -72(s0)
core   0: 3 0x000000008000fed0 (0xfb843783) x15 0x000000000000009c mem 0x0000000080031f28
core   0: 0x000000008000fed4 (0x000097ba) c.add   a5, a4
core   0: 3 0x000000008000fed4 (0x97ba) x15 0x00000000800120dc
core   0: 0x000000008000fed6 (0xfe043703) ld      a4, -32(s0)
core   0: 3 0x000000008000fed6 (0xfe043703) x14 0x0000000080012079 mem 0x0000000080031f50
core   0: 0x000000008000feda (0xfcf76de3) bltu    a4, a5, pc - 38
core   0: 3 0x000000008000feda (0xfcf76de3)
core   0: 0x000000008000feb4 (0xfe043783) ld      a5, -32(s0)
core   0: 3 0x000000008000feb4 (0xfe043783) x15 0x0000000080012079 mem 0x0000000080031f50
core   0: 0x000000008000feb8 (0x00178713) addi    a4, a5, 1
core   0: 3 0x000000008000feb8 (0x00178713) x14 0x000000008001207a
core   0: 0x000000008000febc (0xfee43023) sd      a4, -32(s0)
core   0: 3 0x000000008000febc (0xfee43023) mem 0x0000000080031f50 0x000000008001207a
core   0: 0x000000008000fec0 (0xfc442703) lw      a4, -60(s0)
core   0: 3 0x000000008000fec0 (0xfc442703) x14 0x0000000000000000 mem 0x0000000080031f34
core   0: 0x000000008000fec4 (0x0ff77713) andi    a4, a4, 255
core   0: 3 0x000000008000fec4 (0x0ff77713) x14 0x0000000000000000
core   0: 0x000000008000fec8 (0x00e78023) sb      a4, 0(a5)
core   0: 3 0x000000008000fec8 (0x00e78023) mem 0x0000000080012079 0x00
core   0: 0x000000008000fecc (0xfc843703) ld      a4, -56(s0)
core   0: 3 0x000000008000fecc (0xfc843703) x14 0x0000000080012040 mem 0x0000000080031f38
core   0: 0x000000008000fed0 (0xfb843783) ld      a5, -72(s0)
core   0: 3 0x000000008000fed0 (0xfb843783) x15 0x000000000000009c mem 0x0000000080031f28
core   0: 0x000000008000fed4 (0x000097ba) c.add   a5, a4
core   0: 3 0x000000008000fed4 (0x97ba) x15 0x00000000800120dc
core   0: 0x000000008000fed6 (0xfe043703) ld      a4, -32(s0)
core   0: 3 0x000000008000fed6 (0xfe043703) x14 0x000000008001207a mem 0x0000000080031f50
core   0: 0x000000008000feda (0xfcf76de3) bltu    a4, a5, pc - 38
core   0: 3 0x000000008000feda (0xfcf76de3)
core   0: 0x000000008000feb4 (0xfe043783) ld      a5, -32(s0)
core   0: 3 0x000000008000feb4 (0xfe043783) x15 0x000000008001207a mem 0x0000000080031f50
core   0: 0x000000008000feb8 (0x00178713) addi    a4, a5, 1
core   0: 3 0x000000008000feb8 (0x00178713) x14 0x000000008001207b
core   0: 0x000000008000febc (0xfee43023) sd      a4, -32(s0)
core   0: 3 0x000000008000febc (0xfee43023) mem 0x0000000080031f50 0x000000008001207b
core   0: 0x000000008000fec0 (0xfc442703) lw      a4, -60(s0)
core   0: 3 0x000000008000fec0 (0xfc442703) x14 0x0000000000000000 mem 0x0000000080031f34
core   0: 0x000000008000fec4 (0x0ff77713) andi    a4, a4, 255
core   0: 3 0x000000008000fec4 (0x0ff77713) x14 0x0000000000000000
core   0: 0x000000008000fec8 (0x00e78023) sb      a4, 0(a5)
core   0: 3 0x000000008000fec8 (0x00e78023) mem 0x000000008001207a 0x00
core   0: 0x000000008000fecc (0xfc843703) ld      a4, -56(s0)
core   0: 3 0x000000008000fecc (0xfc843703) x14 0x0000000080012040 mem 0x0000000080031f38
core   0: 0x000000008000fed0 (0xfb843783) ld      a5, -72(s0)
core   0: 3 0x000000008000fed0 (0xfb843783) x15 0x000000000000009c mem 0x0000000080031f28
core   0: 0x000000008000fed4 (0x000097ba) c.add   a5, a4
core   0: 3 0x000000008000fed4 (0x97ba) x15 0x00000000800120dc
core   0: 0x000000008000fed6 (0xfe043703) ld      a4, -32(s0)
core   0: 3 0x000000008000fed6 (0xfe043703) x14 0x000000008001207b mem 0x0000000080031f50
core   0: 0x000000008000feda (0xfcf76de3) bltu    a4, a5, pc - 38
core   0: 3 0x000000008000feda (0xfcf76de3)
core   0: 0x000000008000feb4 (0xfe043783) ld      a5, -32(s0)
core   0: 3 0x000000008000feb4 (0xfe043783) x15 0x000000008001207b mem 0x0000000080031f50
core   0: 0x000000008000feb8 (0x00178713) addi    a4, a5, 1
core   0: 3 0x000000008000feb8 (0x00178713) x14 0x000000008001207c
core   0: 0x000000008000febc (0xfee43023) sd      a4, -32(s0)
core   0: 3 0x000000008000febc (0xfee43023) mem 0x0000000080031f50 0x000000008001207c
core   0: 0x000000008000fec0 (0xfc442703) lw      a4, -60(s0)
core   0: 3 0x000000008000fec0 (0xfc442703) x14 0x0000000000000000 mem 0x0000000080031f34
core   0: 0x000000008000fec4 (0x0ff77713) andi    a4, a4, 255
core   0: 3 0x000000008000fec4 (0x0ff77713) x14 0x0000000000000000
core   0: 0x000000008000fec8 (0x00e78023) sb      a4, 0(a5)
core   0: 3 0x000000008000fec8 (0x00e78023) mem 0x000000008001207b 0x00
core   0: 0x000000008000fecc (0xfc843703) ld      a4, -56(s0)
core   0: 3 0x000000008000fecc (0xfc843703) x14 0x0000000080012040 mem 0x0000000080031f38
core   0: 0x000000008000fed0 (0xfb843783) ld      a5, -72(s0)
core   0: 3 0x000000008000fed0 (0xfb843783) x15 0x000000000000009c mem 0x0000000080031f28
core   0: 0x000000008000fed4 (0x000097ba) c.add   a5, a4
core   0: 3 0x000000008000fed4 (0x97ba) x15 0x00000000800120dc
core   0: 0x000000008000fed6 (0xfe043703) ld      a4, -32(s0)
core   0: 3 0x000000008000fed6 (0xfe043703) x14 0x000000008001207c mem 0x0000000080031f50
core   0: 0x000000008000feda (0xfcf76de3) bltu    a4, a5, pc - 38
core   0: 3 0x000000008000feda (0xfcf76de3)
core   0: 0x000000008000feb4 (0xfe043783) ld      a5, -32(s0)
core   0: 3 0x000000008000feb4 (0xfe043783) x15 0x000000008001207c mem 0x0000000080031f50
core   0: 0x000000008000feb8 (0x00178713) addi    a4, a5, 1
core   0: 3 0x000000008000feb8 (0x00178713) x14 0x000000008001207d
core   0: 0x000000008000febc (0xfee43023) sd      a4, -32(s0)
core   0: 3 0x000000008000febc (0xfee43023) mem 0x0000000080031f50 0x000000008001207d
core   0: 0x000000008000fec0 (0xfc442703) lw      a4, -60(s0)
core   0: 3 0x000000008000fec0 (0xfc442703) x14 0x0000000000000000 mem 0x0000000080031f34
core   0: 0x000000008000fec4 (0x0ff77713) andi    a4, a4, 255
core   0: 3 0x000000008000fec4 (0x0ff77713) x14 0x0000000000000000
core   0: 0x000000008000fec8 (0x00e78023) sb      a4, 0(a5)
core   0: 3 0x000000008000fec8 (0x00e78023) mem 0x000000008001207c 0x00
core   0: 0x000000008000fecc (0xfc843703) ld      a4, -56(s0)
core   0: 3 0x000000008000fecc (0xfc843703) x14 0x0000000080012040 mem 0x0000000080031f38
core   0: 0x000000008000fed0 (0xfb843783) ld      a5, -72(s0)
core   0: 3 0x000000008000fed0 (0xfb843783) x15 0x000000000000009c mem 0x0000000080031f28
core   0: 0x000000008000fed4 (0x000097ba) c.add   a5, a4
core   0: 3 0x000000008000fed4 (0x97ba) x15 0x00000000800120dc
core   0: 0x000000008000fed6 (0xfe043703) ld      a4, -32(s0)
core   0: 3 0x000000008000fed6 (0xfe043703) x14 0x000000008001207d mem 0x0000000080031f50
core   0: 0x000000008000feda (0xfcf76de3) bltu    a4, a5, pc - 38
core   0: 3 0x000000008000feda (0xfcf76de3)
core   0: 0x000000008000feb4 (0xfe043783) ld      a5, -32(s0)
core   0: 3 0x000000008000feb4 (0xfe043783) x15 0x000000008001207d mem 0x0000000080031f50
core   0: 0x000000008000feb8 (0x00178713) addi    a4, a5, 1
core   0: 3 0x000000008000feb8 (0x00178713) x14 0x000000008001207e
core   0: 0x000000008000febc (0xfee43023) sd      a4, -32(s0)
core   0: 3 0x000000008000febc (0xfee43023) mem 0x0000000080031f50 0x000000008001207e
core   0: 0x000000008000fec0 (0xfc442703) lw      a4, -60(s0)
core   0: 3 0x000000008000fec0 (0xfc442703) x14 0x0000000000000000 mem 0x0000000080031f34
core   0: 0x000000008000fec4 (0x0ff77713) andi    a4, a4, 255
core   0: 3 0x000000008000fec4 (0x0ff77713) x14 0x0000000000000000
core   0: 0x000000008000fec8 (0x00e78023) sb      a4, 0(a5)
core   0: 3 0x000000008000fec8 (0x00e78023) mem 0x000000008001207d 0x00
core   0: 0x000000008000fecc (0xfc843703) ld      a4, -56(s0)
core   0: 3 0x000000008000fecc (0xfc843703) x14 0x0000000080012040 mem 0x0000000080031f38
core   0: 0x000000008000fed0 (0xfb843783) ld      a5, -72(s0)
core   0: 3 0x000000008000fed0 (0xfb843783) x15 0x000000000000009c mem 0x0000000080031f28
core   0: 0x000000008000fed4 (0x000097ba) c.add   a5, a4
core   0: 3 0x000000008000fed4 (0x97ba) x15 0x00000000800120dc
core   0: 0x000000008000fed6 (0xfe043703) ld      a4, -32(s0)
core   0: 3 0x000000008000fed6 (0xfe043703) x14 0x000000008001207e mem 0x0000000080031f50
core   0: 0x000000008000feda (0xfcf76de3) bltu    a4, a5, pc - 38
core   0: 3 0x000000008000feda (0xfcf76de3)
core   0: 0x000000008000feb4 (0xfe043783) ld      a5, -32(s0)
core   0: 3 0x000000008000feb4 (0xfe043783) x15 0x000000008001207e mem 0x0000000080031f50
core   0: 0x000000008000feb8 (0x00178713) addi    a4, a5, 1
core   0: 3 0x000000008000feb8 (0x00178713) x14 0x000000008001207f
core   0: 0x000000008000febc (0xfee43023) sd      a4, -32(s0)
core   0: 3 0x000000008000febc (0xfee43023) mem 0x0000000080031f50 0x000000008001207f
core   0: 0x000000008000fec0 (0xfc442703) lw      a4, -60(s0)
core   0: 3 0x000000008000fec0 (0xfc442703) x14 0x0000000000000000 mem 0x0000000080031f34
core   0: 0x000000008000fec4 (0x0ff77713) andi    a4, a4, 255
core   0: 3 0x000000008000fec4 (0x0ff77713) x14 0x0000000000000000
core   0: 0x000000008000fec8 (0x00e78023) sb      a4, 0(a5)
core   0: 3 0x000000008000fec8 (0x00e78023) mem 0x000000008001207e 0x00
core   0: 0x000000008000fecc (0xfc843703) ld      a4, -56(s0)
core   0: 3 0x000000008000fecc (0xfc843703) x14 0x0000000080012040 mem 0x0000000080031f38
core   0: 0x000000008000fed0 (0xfb843783) ld      a5, -72(s0)
core   0: 3 0x000000008000fed0 (0xfb843783) x15 0x000000000000009c mem 0x0000000080031f28
core   0: 0x000000008000fed4 (0x000097ba) c.add   a5, a4
core   0: 3 0x000000008000fed4 (0x97ba) x15 0x00000000800120dc
core   0: 0x000000008000fed6 (0xfe043703) ld      a4, -32(s0)
core   0: 3 0x000000008000fed6 (0xfe043703) x14 0x000000008001207f mem 0x0000000080031f50
core   0: 0x000000008000feda (0xfcf76de3) bltu    a4, a5, pc - 38
core   0: 3 0x000000008000feda (0xfcf76de3)
core   0: 0x000000008000feb4 (0xfe043783) ld      a5, -32(s0)
core   0: 3 0x000000008000feb4 (0xfe043783) x15 0x000000008001207f mem 0x0000000080031f50
core   0: 0x000000008000feb8 (0x00178713) addi    a4, a5, 1
core   0: 3 0x000000008000feb8 (0x00178713) x14 0x0000000080012080
core   0: 0x000000008000febc (0xfee43023) sd      a4, -32(s0)
core   0: 3 0x000000008000febc (0xfee43023) mem 0x0000000080031f50 0x0000000080012080
core   0: 0x000000008000fec0 (0xfc442703) lw      a4, -60(s0)
core   0: 3 0x000000008000fec0 (0xfc442703) x14 0x0000000000000000 mem 0x0000000080031f34
core   0: 0x000000008000fec4 (0x0ff77713) andi    a4, a4, 255
core   0: 3 0x000000008000fec4 (0x0ff77713) x14 0x0000000000000000
core   0: 0x000000008000fec8 (0x00e78023) sb      a4, 0(a5)
core   0: 3 0x000000008000fec8 (0x00e78023) mem 0x000000008001207f 0x00
core   0: 0x000000008000fecc (0xfc843703) ld      a4, -56(s0)
core   0: 3 0x000000008000fecc (0xfc843703) x14 0x0000000080012040 mem 0x0000000080031f38
core   0: 0x000000008000fed0 (0xfb843783) ld      a5, -72(s0)
core   0: 3 0x000000008000fed0 (0xfb843783) x15 0x000000000000009c mem 0x0000000080031f28
core   0: 0x000000008000fed4 (0x000097ba) c.add   a5, a4
core   0: 3 0x000000008000fed4 (0x97ba) x15 0x00000000800120dc
core   0: 0x000000008000fed6 (0xfe043703) ld      a4, -32(s0)
core   0: 3 0x000000008000fed6 (0xfe043703) x14 0x0000000080012080 mem 0x0000000080031f50
core   0: 0x000000008000feda (0xfcf76de3) bltu    a4, a5, pc - 38
core   0: 3 0x000000008000feda (0xfcf76de3)
core   0: 0x000000008000feb4 (0xfe043783) ld      a5, -32(s0)
core   0: 3 0x000000008000feb4 (0xfe043783) x15 0x0000000080012080 mem 0x0000000080031f50
core   0: 0x000000008000feb8 (0x00178713) addi    a4, a5, 1
core   0: 3 0x000000008000feb8 (0x00178713) x14 0x0000000080012081
core   0: 0x000000008000febc (0xfee43023) sd      a4, -32(s0)
core   0: 3 0x000000008000febc (0xfee43023) mem 0x0000000080031f50 0x0000000080012081
core   0: 0x000000008000fec0 (0xfc442703) lw      a4, -60(s0)
core   0: 3 0x000000008000fec0 (0xfc442703) x14 0x0000000000000000 mem 0x0000000080031f34
core   0: 0x000000008000fec4 (0x0ff77713) andi    a4, a4, 255
core   0: 3 0x000000008000fec4 (0x0ff77713) x14 0x0000000000000000
core   0: 0x000000008000fec8 (0x00e78023) sb      a4, 0(a5)
core   0: 3 0x000000008000fec8 (0x00e78023) mem 0x0000000080012080 0x00
core   0: 0x000000008000fecc (0xfc843703) ld      a4, -56(s0)
core   0: 3 0x000000008000fecc (0xfc843703) x14 0x0000000080012040 mem 0x0000000080031f38
core   0: 0x000000008000fed0 (0xfb843783) ld      a5, -72(s0)
core   0: 3 0x000000008000fed0 (0xfb843783) x15 0x000000000000009c mem 0x0000000080031f28
core   0: 0x000000008000fed4 (0x000097ba) c.add   a5, a4
core   0: 3 0x000000008000fed4 (0x97ba) x15 0x00000000800120dc
core   0: 0x000000008000fed6 (0xfe043703) ld      a4, -32(s0)
core   0: 3 0x000000008000fed6 (0xfe043703) x14 0x0000000080012081 mem 0x0000000080031f50
core   0: 0x000000008000feda (0xfcf76de3) bltu    a4, a5, pc - 38
core   0: 3 0x000000008000feda (0xfcf76de3)
core   0: 0x000000008000feb4 (0xfe043783) ld      a5, -32(s0)
core   0: 3 0x000000008000feb4 (0xfe043783) x15 0x0000000080012081 mem 0x0000000080031f50
core   0: 0x000000008000feb8 (0x00178713) addi    a4, a5, 1
core   0: 3 0x000000008000feb8 (0x00178713) x14 0x0000000080012082
core   0: 0x000000008000febc (0xfee43023) sd      a4, -32(s0)
core   0: 3 0x000000008000febc (0xfee43023) mem 0x0000000080031f50 0x0000000080012082
core   0: 0x000000008000fec0 (0xfc442703) lw      a4, -60(s0)
core   0: 3 0x000000008000fec0 (0xfc442703) x14 0x0000000000000000 mem 0x0000000080031f34
core   0: 0x000000008000fec4 (0x0ff77713) andi    a4, a4, 255
core   0: 3 0x000000008000fec4 (0x0ff77713) x14 0x0000000000000000
core   0: 0x000000008000fec8 (0x00e78023) sb      a4, 0(a5)
core   0: 3 0x000000008000fec8 (0x00e78023) mem 0x0000000080012081 0x00
core   0: 0x000000008000fecc (0xfc843703) ld      a4, -56(s0)
core   0: 3 0x000000008000fecc (0xfc843703) x14 0x0000000080012040 mem 0x0000000080031f38
core   0: 0x000000008000fed0 (0xfb843783) ld      a5, -72(s0)
core   0: 3 0x000000008000fed0 (0xfb843783) x15 0x000000000000009c mem 0x0000000080031f28
core   0: 0x000000008000fed4 (0x000097ba) c.add   a5, a4
core   0: 3 0x000000008000fed4 (0x97ba) x15 0x00000000800120dc
core   0: 0x000000008000fed6 (0xfe043703) ld      a4, -32(s0)
core   0: 3 0x000000008000fed6 (0xfe043703) x14 0x0000000080012082 mem 0x0000000080031f50
core   0: 0x000000008000feda (0xfcf76de3) bltu    a4, a5, pc - 38
core   0: 3 0x000000008000feda (0xfcf76de3)
core   0: 0x000000008000feb4 (0xfe043783) ld      a5, -32(s0)
core   0: 3 0x000000008000feb4 (0xfe043783) x15 0x0000000080012082 mem 0x0000000080031f50
core   0: 0x000000008000feb8 (0x00178713) addi    a4, a5, 1
core   0: 3 0x000000008000feb8 (0x00178713) x14 0x0000000080012083
core   0: 0x000000008000febc (0xfee43023) sd      a4, -32(s0)
core   0: 3 0x000000008000febc (0xfee43023) mem 0x0000000080031f50 0x0000000080012083
core   0: 0x000000008000fec0 (0xfc442703) lw      a4, -60(s0)
core   0: 3 0x000000008000fec0 (0xfc442703) x14 0x0000000000000000 mem 0x0000000080031f34
core   0: 0x000000008000fec4 (0x0ff77713) andi    a4, a4, 255
core   0: 3 0x000000008000fec4 (0x0ff77713) x14 0x0000000000000000
core   0: 0x000000008000fec8 (0x00e78023) sb      a4, 0(a5)
core   0: 3 0x000000008000fec8 (0x00e78023) mem 0x0000000080012082 0x00
core   0: 0x000000008000fecc (0xfc843703) ld      a4, -56(s0)
core   0: 3 0x000000008000fecc (0xfc843703) x14 0x0000000080012040 mem 0x0000000080031f38
core   0: 0x000000008000fed0 (0xfb843783) ld      a5, -72(s0)
core   0: 3 0x000000008000fed0 (0xfb843783) x15 0x000000000000009c mem 0x0000000080031f28
core   0: 0x000000008000fed4 (0x000097ba) c.add   a5, a4
core   0: 3 0x000000008000fed4 (0x97ba) x15 0x00000000800120dc
core   0: 0x000000008000fed6 (0xfe043703) ld      a4, -32(s0)
core   0: 3 0x000000008000fed6 (0xfe043703) x14 0x0000000080012083 mem 0x0000000080031f50
core   0: 0x000000008000feda (0xfcf76de3) bltu    a4, a5, pc - 38
core   0: 3 0x000000008000feda (0xfcf76de3)
core   0: 0x000000008000feb4 (0xfe043783) ld      a5, -32(s0)
core   0: 3 0x000000008000feb4 (0xfe043783) x15 0x0000000080012083 mem 0x0000000080031f50
core   0: 0x000000008000feb8 (0x00178713) addi    a4, a5, 1
core   0: 3 0x000000008000feb8 (0x00178713) x14 0x0000000080012084
core   0: 0x000000008000febc (0xfee43023) sd      a4, -32(s0)
core   0: 3 0x000000008000febc (0xfee43023) mem 0x0000000080031f50 0x0000000080012084
core   0: 0x000000008000fec0 (0xfc442703) lw      a4, -60(s0)
core   0: 3 0x000000008000fec0 (0xfc442703) x14 0x0000000000000000 mem 0x0000000080031f34
core   0: 0x000000008000fec4 (0x0ff77713) andi    a4, a4, 255
core   0: 3 0x000000008000fec4 (0x0ff77713) x14 0x0000000000000000
core   0: 0x000000008000fec8 (0x00e78023) sb      a4, 0(a5)
core   0: 3 0x000000008000fec8 (0x00e78023) mem 0x0000000080012083 0x00
core   0: 0x000000008000fecc (0xfc843703) ld      a4, -56(s0)
core   0: 3 0x000000008000fecc (0xfc843703) x14 0x0000000080012040 mem 0x0000000080031f38
core   0: 0x000000008000fed0 (0xfb843783) ld      a5, -72(s0)
core   0: 3 0x000000008000fed0 (0xfb843783) x15 0x000000000000009c mem 0x0000000080031f28
core   0: 0x000000008000fed4 (0x000097ba) c.add   a5, a4
core   0: 3 0x000000008000fed4 (0x97ba) x15 0x00000000800120dc
core   0: 0x000000008000fed6 (0xfe043703) ld      a4, -32(s0)
core   0: 3 0x000000008000fed6 (0xfe043703) x14 0x0000000080012084 mem 0x0000000080031f50
core   0: 0x000000008000feda (0xfcf76de3) bltu    a4, a5, pc - 38
core   0: 3 0x000000008000feda (0xfcf76de3)
core   0: 0x000000008000feb4 (0xfe043783) ld      a5, -32(s0)
core   0: 3 0x000000008000feb4 (0xfe043783) x15 0x0000000080012084 mem 0x0000000080031f50
core   0: 0x000000008000feb8 (0x00178713) addi    a4, a5, 1
core   0: 3 0x000000008000feb8 (0x00178713) x14 0x0000000080012085
core   0: 0x000000008000febc (0xfee43023) sd      a4, -32(s0)
core   0: 3 0x000000008000febc (0xfee43023) mem 0x0000000080031f50 0x0000000080012085
core   0: 0x000000008000fec0 (0xfc442703) lw      a4, -60(s0)
core   0: 3 0x000000008000fec0 (0xfc442703) x14 0x0000000000000000 mem 0x0000000080031f34
core   0: 0x000000008000fec4 (0x0ff77713) andi    a4, a4, 255
core   0: 3 0x000000008000fec4 (0x0ff77713) x14 0x0000000000000000
core   0: 0x000000008000fec8 (0x00e78023) sb      a4, 0(a5)
core   0: 3 0x000000008000fec8 (0x00e78023) mem 0x0000000080012084 0x00
core   0: 0x000000008000fecc (0xfc843703) ld      a4, -56(s0)
core   0: 3 0x000000008000fecc (0xfc843703) x14 0x0000000080012040 mem 0x0000000080031f38
core   0: 0x000000008000fed0 (0xfb843783) ld      a5, -72(s0)
core   0: 3 0x000000008000fed0 (0xfb843783) x15 0x000000000000009c mem 0x0000000080031f28
core   0: 0x000000008000fed4 (0x000097ba) c.add   a5, a4
core   0: 3 0x000000008000fed4 (0x97ba) x15 0x00000000800120dc
core   0: 0x000000008000fed6 (0xfe043703) ld      a4, -32(s0)
core   0: 3 0x000000008000fed6 (0xfe043703) x14 0x0000000080012085 mem 0x0000000080031f50
core   0: 0x000000008000feda (0xfcf76de3) bltu    a4, a5, pc - 38
core   0: 3 0x000000008000feda (0xfcf76de3)
core   0: 0x000000008000feb4 (0xfe043783) ld      a5, -32(s0)
core   0: 3 0x000000008000feb4 (0xfe043783) x15 0x0000000080012085 mem 0x0000000080031f50
core   0: 0x000000008000feb8 (0x00178713) addi    a4, a5, 1
core   0: 3 0x000000008000feb8 (0x00178713) x14 0x0000000080012086
core   0: 0x000000008000febc (0xfee43023) sd      a4, -32(s0)
core   0: 3 0x000000008000febc (0xfee43023) mem 0x0000000080031f50 0x0000000080012086
core   0: 0x000000008000fec0 (0xfc442703) lw      a4, -60(s0)
core   0: 3 0x000000008000fec0 (0xfc442703) x14 0x0000000000000000 mem 0x0000000080031f34
core   0: 0x000000008000fec4 (0x0ff77713) andi    a4, a4, 255
core   0: 3 0x000000008000fec4 (0x0ff77713) x14 0x0000000000000000
core   0: 0x000000008000fec8 (0x00e78023) sb      a4, 0(a5)
core   0: 3 0x000000008000fec8 (0x00e78023) mem 0x0000000080012085 0x00
core   0: 0x000000008000fecc (0xfc843703) ld      a4, -56(s0)
core   0: 3 0x000000008000fecc (0xfc843703) x14 0x0000000080012040 mem 0x0000000080031f38
core   0: 0x000000008000fed0 (0xfb843783) ld      a5, -72(s0)
core   0: 3 0x000000008000fed0 (0xfb843783) x15 0x000000000000009c mem 0x0000000080031f28
core   0: 0x000000008000fed4 (0x000097ba) c.add   a5, a4
core   0: 3 0x000000008000fed4 (0x97ba) x15 0x00000000800120dc
core   0: 0x000000008000fed6 (0xfe043703) ld      a4, -32(s0)
core   0: 3 0x000000008000fed6 (0xfe043703) x14 0x0000000080012086 mem 0x0000000080031f50
core   0: 0x000000008000feda (0xfcf76de3) bltu    a4, a5, pc - 38
core   0: 3 0x000000008000feda (0xfcf76de3)
core   0: 0x000000008000feb4 (0xfe043783) ld      a5, -32(s0)
core   0: 3 0x000000008000feb4 (0xfe043783) x15 0x0000000080012086 mem 0x0000000080031f50
core   0: 0x000000008000feb8 (0x00178713) addi    a4, a5, 1
core   0: 3 0x000000008000feb8 (0x00178713) x14 0x0000000080012087
core   0: 0x000000008000febc (0xfee43023) sd      a4, -32(s0)
core   0: 3 0x000000008000febc (0xfee43023) mem 0x0000000080031f50 0x0000000080012087
core   0: 0x000000008000fec0 (0xfc442703) lw      a4, -60(s0)
core   0: 3 0x000000008000fec0 (0xfc442703) x14 0x0000000000000000 mem 0x0000000080031f34
core   0: 0x000000008000fec4 (0x0ff77713) andi    a4, a4, 255
core   0: 3 0x000000008000fec4 (0x0ff77713) x14 0x0000000000000000
core   0: 0x000000008000fec8 (0x00e78023) sb      a4, 0(a5)
core   0: 3 0x000000008000fec8 (0x00e78023) mem 0x0000000080012086 0x00
core   0: 0x000000008000fecc (0xfc843703) ld      a4, -56(s0)
core   0: 3 0x000000008000fecc (0xfc843703) x14 0x0000000080012040 mem 0x0000000080031f38
core   0: 0x000000008000fed0 (0xfb843783) ld      a5, -72(s0)
core   0: 3 0x000000008000fed0 (0xfb843783) x15 0x000000000000009c mem 0x0000000080031f28
core   0: 0x000000008000fed4 (0x000097ba) c.add   a5, a4
core   0: 3 0x000000008000fed4 (0x97ba) x15 0x00000000800120dc
core   0: 0x000000008000fed6 (0xfe043703) ld      a4, -32(s0)
core   0: 3 0x000000008000fed6 (0xfe043703) x14 0x0000000080012087 mem 0x0000000080031f50
core   0: 0x000000008000feda (0xfcf76de3) bltu    a4, a5, pc - 38
core   0: 3 0x000000008000feda (0xfcf76de3)
core   0: 0x000000008000feb4 (0xfe043783) ld      a5, -32(s0)
core   0: 3 0x000000008000feb4 (0xfe043783) x15 0x0000000080012087 mem 0x0000000080031f50
core   0: 0x000000008000feb8 (0x00178713) addi    a4, a5, 1
core   0: 3 0x000000008000feb8 (0x00178713) x14 0x0000000080012088
core   0: 0x000000008000febc (0xfee43023) sd      a4, -32(s0)
core   0: 3 0x000000008000febc (0xfee43023) mem 0x0000000080031f50 0x0000000080012088
core   0: 0x000000008000fec0 (0xfc442703) lw      a4, -60(s0)
core   0: 3 0x000000008000fec0 (0xfc442703) x14 0x0000000000000000 mem 0x0000000080031f34
core   0: 0x000000008000fec4 (0x0ff77713) andi    a4, a4, 255
core   0: 3 0x000000008000fec4 (0x0ff77713) x14 0x0000000000000000
core   0: 0x000000008000fec8 (0x00e78023) sb      a4, 0(a5)
core   0: 3 0x000000008000fec8 (0x00e78023) mem 0x0000000080012087 0x00
core   0: 0x000000008000fecc (0xfc843703) ld      a4, -56(s0)
core   0: 3 0x000000008000fecc (0xfc843703) x14 0x0000000080012040 mem 0x0000000080031f38
core   0: 0x000000008000fed0 (0xfb843783) ld      a5, -72(s0)
core   0: 3 0x000000008000fed0 (0xfb843783) x15 0x000000000000009c mem 0x0000000080031f28
core   0: 0x000000008000fed4 (0x000097ba) c.add   a5, a4
core   0: 3 0x000000008000fed4 (0x97ba) x15 0x00000000800120dc
core   0: 0x000000008000fed6 (0xfe043703) ld      a4, -32(s0)
core   0: 3 0x000000008000fed6 (0xfe043703) x14 0x0000000080012088 mem 0x0000000080031f50
core   0: 0x000000008000feda (0xfcf76de3) bltu    a4, a5, pc - 38
core   0: 3 0x000000008000feda (0xfcf76de3)
core   0: 0x000000008000feb4 (0xfe043783) ld      a5, -32(s0)
core   0: 3 0x000000008000feb4 (0xfe043783) x15 0x0000000080012088 mem 0x0000000080031f50
core   0: 0x000000008000feb8 (0x00178713) addi    a4, a5, 1
core   0: 3 0x000000008000feb8 (0x00178713) x14 0x0000000080012089
core   0: 0x000000008000febc (0xfee43023) sd      a4, -32(s0)
core   0: 3 0x000000008000febc (0xfee43023) mem 0x0000000080031f50 0x0000000080012089
core   0: 0x000000008000fec0 (0xfc442703) lw      a4, -60(s0)
core   0: 3 0x000000008000fec0 (0xfc442703) x14 0x0000000000000000 mem 0x0000000080031f34
core   0: 0x000000008000fec4 (0x0ff77713) andi    a4, a4, 255
core   0: 3 0x000000008000fec4 (0x0ff77713) x14 0x0000000000000000
core   0: 0x000000008000fec8 (0x00e78023) sb      a4, 0(a5)
core   0: 3 0x000000008000fec8 (0x00e78023) mem 0x0000000080012088 0x00
core   0: 0x000000008000fecc (0xfc843703) ld      a4, -56(s0)
core   0: 3 0x000000008000fecc (0xfc843703) x14 0x0000000080012040 mem 0x0000000080031f38
core   0: 0x000000008000fed0 (0xfb843783) ld      a5, -72(s0)
core   0: 3 0x000000008000fed0 (0xfb843783) x15 0x000000000000009c mem 0x0000000080031f28
core   0: 0x000000008000fed4 (0x000097ba) c.add   a5, a4
core   0: 3 0x000000008000fed4 (0x97ba) x15 0x00000000800120dc
core   0: 0x000000008000fed6 (0xfe043703) ld      a4, -32(s0)
core   0: 3 0x000000008000fed6 (0xfe043703) x14 0x0000000080012089 mem 0x0000000080031f50
core   0: 0x000000008000feda (0xfcf76de3) bltu    a4, a5, pc - 38
core   0: 3 0x000000008000feda (0xfcf76de3)
core   0: 0x000000008000feb4 (0xfe043783) ld      a5, -32(s0)
core   0: 3 0x000000008000feb4 (0xfe043783) x15 0x0000000080012089 mem 0x0000000080031f50
core   0: 0x000000008000feb8 (0x00178713) addi    a4, a5, 1
core   0: 3 0x000000008000feb8 (0x00178713) x14 0x000000008001208a
core   0: 0x000000008000febc (0xfee43023) sd      a4, -32(s0)
core   0: 3 0x000000008000febc (0xfee43023) mem 0x0000000080031f50 0x000000008001208a
core   0: 0x000000008000fec0 (0xfc442703) lw      a4, -60(s0)
core   0: 3 0x000000008000fec0 (0xfc442703) x14 0x0000000000000000 mem 0x0000000080031f34
core   0: 0x000000008000fec4 (0x0ff77713) andi    a4, a4, 255
core   0: 3 0x000000008000fec4 (0x0ff77713) x14 0x0000000000000000
core   0: 0x000000008000fec8 (0x00e78023) sb      a4, 0(a5)
core   0: 3 0x000000008000fec8 (0x00e78023) mem 0x0000000080012089 0x00
core   0: 0x000000008000fecc (0xfc843703) ld      a4, -56(s0)
core   0: 3 0x000000008000fecc (0xfc843703) x14 0x0000000080012040 mem 0x0000000080031f38
core   0: 0x000000008000fed0 (0xfb843783) ld      a5, -72(s0)
core   0: 3 0x000000008000fed0 (0xfb843783) x15 0x000000000000009c mem 0x0000000080031f28
core   0: 0x000000008000fed4 (0x000097ba) c.add   a5, a4
core   0: 3 0x000000008000fed4 (0x97ba) x15 0x00000000800120dc
core   0: 0x000000008000fed6 (0xfe043703) ld      a4, -32(s0)
core   0: 3 0x000000008000fed6 (0xfe043703) x14 0x000000008001208a mem 0x0000000080031f50
core   0: 0x000000008000feda (0xfcf76de3) bltu    a4, a5, pc - 38
core   0: 3 0x000000008000feda (0xfcf76de3)
core   0: 0x000000008000feb4 (0xfe043783) ld      a5, -32(s0)
core   0: 3 0x000000008000feb4 (0xfe043783) x15 0x000000008001208a mem 0x0000000080031f50
core   0: 0x000000008000feb8 (0x00178713) addi    a4, a5, 1
core   0: 3 0x000000008000feb8 (0x00178713) x14 0x000000008001208b
core   0: 0x000000008000febc (0xfee43023) sd      a4, -32(s0)
core   0: 3 0x000000008000febc (0xfee43023) mem 0x0000000080031f50 0x000000008001208b
core   0: 0x000000008000fec0 (0xfc442703) lw      a4, -60(s0)
core   0: 3 0x000000008000fec0 (0xfc442703) x14 0x0000000000000000 mem 0x0000000080031f34
core   0: 0x000000008000fec4 (0x0ff77713) andi    a4, a4, 255
core   0: 3 0x000000008000fec4 (0x0ff77713) x14 0x0000000000000000
core   0: 0x000000008000fec8 (0x00e78023) sb      a4, 0(a5)
core   0: 3 0x000000008000fec8 (0x00e78023) mem 0x000000008001208a 0x00
core   0: 0x000000008000fecc (0xfc843703) ld      a4, -56(s0)
core   0: 3 0x000000008000fecc (0xfc843703) x14 0x0000000080012040 mem 0x0000000080031f38
core   0: 0x000000008000fed0 (0xfb843783) ld      a5, -72(s0)
core   0: 3 0x000000008000fed0 (0xfb843783) x15 0x000000000000009c mem 0x0000000080031f28
core   0: 0x000000008000fed4 (0x000097ba) c.add   a5, a4
core   0: 3 0x000000008000fed4 (0x97ba) x15 0x00000000800120dc
core   0: 0x000000008000fed6 (0xfe043703) ld      a4, -32(s0)
core   0: 3 0x000000008000fed6 (0xfe043703) x14 0x000000008001208b mem 0x0000000080031f50
core   0: 0x000000008000feda (0xfcf76de3) bltu    a4, a5, pc - 38
core   0: 3 0x000000008000feda (0xfcf76de3)
core   0: 0x000000008000feb4 (0xfe043783) ld      a5, -32(s0)
core   0: 3 0x000000008000feb4 (0xfe043783) x15 0x000000008001208b mem 0x0000000080031f50
core   0: 0x000000008000feb8 (0x00178713) addi    a4, a5, 1
core   0: 3 0x000000008000feb8 (0x00178713) x14 0x000000008001208c
core   0: 0x000000008000febc (0xfee43023) sd      a4, -32(s0)
core   0: 3 0x000000008000febc (0xfee43023) mem 0x0000000080031f50 0x000000008001208c
core   0: 0x000000008000fec0 (0xfc442703) lw      a4, -60(s0)
core   0: 3 0x000000008000fec0 (0xfc442703) x14 0x0000000000000000 mem 0x0000000080031f34
core   0: 0x000000008000fec4 (0x0ff77713) andi    a4, a4, 255
core   0: 3 0x000000008000fec4 (0x0ff77713) x14 0x0000000000000000
core   0: 0x000000008000fec8 (0x00e78023) sb      a4, 0(a5)
core   0: 3 0x000000008000fec8 (0x00e78023) mem 0x000000008001208b 0x00
core   0: 0x000000008000fecc (0xfc843703) ld      a4, -56(s0)
core   0: 3 0x000000008000fecc (0xfc843703) x14 0x0000000080012040 mem 0x0000000080031f38
core   0: 0x000000008000fed0 (0xfb843783) ld      a5, -72(s0)
core   0: 3 0x000000008000fed0 (0xfb843783) x15 0x000000000000009c mem 0x0000000080031f28
core   0: 0x000000008000fed4 (0x000097ba) c.add   a5, a4
core   0: 3 0x000000008000fed4 (0x97ba) x15 0x00000000800120dc
core   0: 0x000000008000fed6 (0xfe043703) ld      a4, -32(s0)
core   0: 3 0x000000008000fed6 (0xfe043703) x14 0x000000008001208c mem 0x0000000080031f50
core   0: 0x000000008000feda (0xfcf76de3) bltu    a4, a5, pc - 38
core   0: 3 0x000000008000feda (0xfcf76de3)
core   0: 0x000000008000feb4 (0xfe043783) ld      a5, -32(s0)
core   0: 3 0x000000008000feb4 (0xfe043783) x15 0x000000008001208c mem 0x0000000080031f50
core   0: 0x000000008000feb8 (0x00178713) addi    a4, a5, 1
core   0: 3 0x000000008000feb8 (0x00178713) x14 0x000000008001208d
core   0: 0x000000008000febc (0xfee43023) sd      a4, -32(s0)
core   0: 3 0x000000008000febc (0xfee43023) mem 0x0000000080031f50 0x000000008001208d
core   0: 0x000000008000fec0 (0xfc442703) lw      a4, -60(s0)
core   0: 3 0x000000008000fec0 (0xfc442703) x14 0x0000000000000000 mem 0x0000000080031f34
core   0: 0x000000008000fec4 (0x0ff77713) andi    a4, a4, 255
core   0: 3 0x000000008000fec4 (0x0ff77713) x14 0x0000000000000000
core   0: 0x000000008000fec8 (0x00e78023) sb      a4, 0(a5)
core   0: 3 0x000000008000fec8 (0x00e78023) mem 0x000000008001208c 0x00
core   0: 0x000000008000fecc (0xfc843703) ld      a4, -56(s0)
core   0: 3 0x000000008000fecc (0xfc843703) x14 0x0000000080012040 mem 0x0000000080031f38
core   0: 0x000000008000fed0 (0xfb843783) ld      a5, -72(s0)
core   0: 3 0x000000008000fed0 (0xfb843783) x15 0x000000000000009c mem 0x0000000080031f28
core   0: 0x000000008000fed4 (0x000097ba) c.add   a5, a4
core   0: 3 0x000000008000fed4 (0x97ba) x15 0x00000000800120dc
core   0: 0x000000008000fed6 (0xfe043703) ld      a4, -32(s0)
core   0: 3 0x000000008000fed6 (0xfe043703) x14 0x000000008001208d mem 0x0000000080031f50
core   0: 0x000000008000feda (0xfcf76de3) bltu    a4, a5, pc - 38
core   0: 3 0x000000008000feda (0xfcf76de3)
core   0: 0x000000008000feb4 (0xfe043783) ld      a5, -32(s0)
core   0: 3 0x000000008000feb4 (0xfe043783) x15 0x000000008001208d mem 0x0000000080031f50
core   0: 0x000000008000feb8 (0x00178713) addi    a4, a5, 1
core   0: 3 0x000000008000feb8 (0x00178713) x14 0x000000008001208e
core   0: 0x000000008000febc (0xfee43023) sd      a4, -32(s0)
core   0: 3 0x000000008000febc (0xfee43023) mem 0x0000000080031f50 0x000000008001208e
core   0: 0x000000008000fec0 (0xfc442703) lw      a4, -60(s0)
core   0: 3 0x000000008000fec0 (0xfc442703) x14 0x0000000000000000 mem 0x0000000080031f34
core   0: 0x000000008000fec4 (0x0ff77713) andi    a4, a4, 255
core   0: 3 0x000000008000fec4 (0x0ff77713) x14 0x0000000000000000
core   0: 0x000000008000fec8 (0x00e78023) sb      a4, 0(a5)
core   0: 3 0x000000008000fec8 (0x00e78023) mem 0x000000008001208d 0x00
core   0: 0x000000008000fecc (0xfc843703) ld      a4, -56(s0)
core   0: 3 0x000000008000fecc (0xfc843703) x14 0x0000000080012040 mem 0x0000000080031f38
core   0: 0x000000008000fed0 (0xfb843783) ld      a5, -72(s0)
core   0: 3 0x000000008000fed0 (0xfb843783) x15 0x000000000000009c mem 0x0000000080031f28
core   0: 0x000000008000fed4 (0x000097ba) c.add   a5, a4
core   0: 3 0x000000008000fed4 (0x97ba) x15 0x00000000800120dc
core   0: 0x000000008000fed6 (0xfe043703) ld      a4, -32(s0)
core   0: 3 0x000000008000fed6 (0xfe043703) x14 0x000000008001208e mem 0x0000000080031f50
core   0: 0x000000008000feda (0xfcf76de3) bltu    a4, a5, pc - 38
core   0: 3 0x000000008000feda (0xfcf76de3)
core   0: 0x000000008000feb4 (0xfe043783) ld      a5, -32(s0)
core   0: 3 0x000000008000feb4 (0xfe043783) x15 0x000000008001208e mem 0x0000000080031f50
core   0: 0x000000008000feb8 (0x00178713) addi    a4, a5, 1
core   0: 3 0x000000008000feb8 (0x00178713) x14 0x000000008001208f
core   0: 0x000000008000febc (0xfee43023) sd      a4, -32(s0)
core   0: 3 0x000000008000febc (0xfee43023) mem 0x0000000080031f50 0x000000008001208f
core   0: 0x000000008000fec0 (0xfc442703) lw      a4, -60(s0)
core   0: 3 0x000000008000fec0 (0xfc442703) x14 0x0000000000000000 mem 0x0000000080031f34
core   0: 0x000000008000fec4 (0x0ff77713) andi    a4, a4, 255
core   0: 3 0x000000008000fec4 (0x0ff77713) x14 0x0000000000000000
core   0: 0x000000008000fec8 (0x00e78023) sb      a4, 0(a5)
core   0: 3 0x000000008000fec8 (0x00e78023) mem 0x000000008001208e 0x00
core   0: 0x000000008000fecc (0xfc843703) ld      a4, -56(s0)
core   0: 3 0x000000008000fecc (0xfc843703) x14 0x0000000080012040 mem 0x0000000080031f38
core   0: 0x000000008000fed0 (0xfb843783) ld      a5, -72(s0)
core   0: 3 0x000000008000fed0 (0xfb843783) x15 0x000000000000009c mem 0x0000000080031f28
core   0: 0x000000008000fed4 (0x000097ba) c.add   a5, a4
core   0: 3 0x000000008000fed4 (0x97ba) x15 0x00000000800120dc
core   0: 0x000000008000fed6 (0xfe043703) ld      a4, -32(s0)
core   0: 3 0x000000008000fed6 (0xfe043703) x14 0x000000008001208f mem 0x0000000080031f50
core   0: 0x000000008000feda (0xfcf76de3) bltu    a4, a5, pc - 38
core   0: 3 0x000000008000feda (0xfcf76de3)
core   0: 0x000000008000feb4 (0xfe043783) ld      a5, -32(s0)
core   0: 3 0x000000008000feb4 (0xfe043783) x15 0x000000008001208f mem 0x0000000080031f50
core   0: 0x000000008000feb8 (0x00178713) addi    a4, a5, 1
core   0: 3 0x000000008000feb8 (0x00178713) x14 0x0000000080012090
core   0: 0x000000008000febc (0xfee43023) sd      a4, -32(s0)
core   0: 3 0x000000008000febc (0xfee43023) mem 0x0000000080031f50 0x0000000080012090
core   0: 0x000000008000fec0 (0xfc442703) lw      a4, -60(s0)
core   0: 3 0x000000008000fec0 (0xfc442703) x14 0x0000000000000000 mem 0x0000000080031f34
core   0: 0x000000008000fec4 (0x0ff77713) andi    a4, a4, 255
core   0: 3 0x000000008000fec4 (0x0ff77713) x14 0x0000000000000000
core   0: 0x000000008000fec8 (0x00e78023) sb      a4, 0(a5)
core   0: 3 0x000000008000fec8 (0x00e78023) mem 0x000000008001208f 0x00
core   0: 0x000000008000fecc (0xfc843703) ld      a4, -56(s0)
core   0: 3 0x000000008000fecc (0xfc843703) x14 0x0000000080012040 mem 0x0000000080031f38
core   0: 0x000000008000fed0 (0xfb843783) ld      a5, -72(s0)
core   0: 3 0x000000008000fed0 (0xfb843783) x15 0x000000000000009c mem 0x0000000080031f28
core   0: 0x000000008000fed4 (0x000097ba) c.add   a5, a4
core   0: 3 0x000000008000fed4 (0x97ba) x15 0x00000000800120dc
core   0: 0x000000008000fed6 (0xfe043703) ld      a4, -32(s0)
core   0: 3 0x000000008000fed6 (0xfe043703) x14 0x0000000080012090 mem 0x0000000080031f50
core   0: 0x000000008000feda (0xfcf76de3) bltu    a4, a5, pc - 38
core   0: 3 0x000000008000feda (0xfcf76de3)
core   0: 0x000000008000feb4 (0xfe043783) ld      a5, -32(s0)
core   0: 3 0x000000008000feb4 (0xfe043783) x15 0x0000000080012090 mem 0x0000000080031f50
core   0: 0x000000008000feb8 (0x00178713) addi    a4, a5, 1
core   0: 3 0x000000008000feb8 (0x00178713) x14 0x0000000080012091
core   0: 0x000000008000febc (0xfee43023) sd      a4, -32(s0)
core   0: 3 0x000000008000febc (0xfee43023) mem 0x0000000080031f50 0x0000000080012091
core   0: 0x000000008000fec0 (0xfc442703) lw      a4, -60(s0)
core   0: 3 0x000000008000fec0 (0xfc442703) x14 0x0000000000000000 mem 0x0000000080031f34
core   0: 0x000000008000fec4 (0x0ff77713) andi    a4, a4, 255
core   0: 3 0x000000008000fec4 (0x0ff77713) x14 0x0000000000000000
core   0: 0x000000008000fec8 (0x00e78023) sb      a4, 0(a5)
core   0: 3 0x000000008000fec8 (0x00e78023) mem 0x0000000080012090 0x00
core   0: 0x000000008000fecc (0xfc843703) ld      a4, -56(s0)
core   0: 3 0x000000008000fecc (0xfc843703) x14 0x0000000080012040 mem 0x0000000080031f38
core   0: 0x000000008000fed0 (0xfb843783) ld      a5, -72(s0)
core   0: 3 0x000000008000fed0 (0xfb843783) x15 0x000000000000009c mem 0x0000000080031f28
core   0: 0x000000008000fed4 (0x000097ba) c.add   a5, a4
core   0: 3 0x000000008000fed4 (0x97ba) x15 0x00000000800120dc
core   0: 0x000000008000fed6 (0xfe043703) ld      a4, -32(s0)
core   0: 3 0x000000008000fed6 (0xfe043703) x14 0x0000000080012091 mem 0x0000000080031f50
core   0: 0x000000008000feda (0xfcf76de3) bltu    a4, a5, pc - 38
core   0: 3 0x000000008000feda (0xfcf76de3)
core   0: 0x000000008000feb4 (0xfe043783) ld      a5, -32(s0)
core   0: 3 0x000000008000feb4 (0xfe043783) x15 0x0000000080012091 mem 0x0000000080031f50
core   0: 0x000000008000feb8 (0x00178713) addi    a4, a5, 1
core   0: 3 0x000000008000feb8 (0x00178713) x14 0x0000000080012092
core   0: 0x000000008000febc (0xfee43023) sd      a4, -32(s0)
core   0: 3 0x000000008000febc (0xfee43023) mem 0x0000000080031f50 0x0000000080012092
core   0: 0x000000008000fec0 (0xfc442703) lw      a4, -60(s0)
core   0: 3 0x000000008000fec0 (0xfc442703) x14 0x0000000000000000 mem 0x0000000080031f34
core   0: 0x000000008000fec4 (0x0ff77713) andi    a4, a4, 255
core   0: 3 0x000000008000fec4 (0x0ff77713) x14 0x0000000000000000
core   0: 0x000000008000fec8 (0x00e78023) sb      a4, 0(a5)
core   0: 3 0x000000008000fec8 (0x00e78023) mem 0x0000000080012091 0x00
core   0: 0x000000008000fecc (0xfc843703) ld      a4, -56(s0)
core   0: 3 0x000000008000fecc (0xfc843703) x14 0x0000000080012040 mem 0x0000000080031f38
core   0: 0x000000008000fed0 (0xfb843783) ld      a5, -72(s0)
core   0: 3 0x000000008000fed0 (0xfb843783) x15 0x000000000000009c mem 0x0000000080031f28
core   0: 0x000000008000fed4 (0x000097ba) c.add   a5, a4
core   0: 3 0x000000008000fed4 (0x97ba) x15 0x00000000800120dc
core   0: 0x000000008000fed6 (0xfe043703) ld      a4, -32(s0)
core   0: 3 0x000000008000fed6 (0xfe043703) x14 0x0000000080012092 mem 0x0000000080031f50
core   0: 0x000000008000feda (0xfcf76de3) bltu    a4, a5, pc - 38
core   0: 3 0x000000008000feda (0xfcf76de3)
core   0: 0x000000008000feb4 (0xfe043783) ld      a5, -32(s0)
core   0: 3 0x000000008000feb4 (0xfe043783) x15 0x0000000080012092 mem 0x0000000080031f50
core   0: 0x000000008000feb8 (0x00178713) addi    a4, a5, 1
core   0: 3 0x000000008000feb8 (0x00178713) x14 0x0000000080012093
core   0: 0x000000008000febc (0xfee43023) sd      a4, -32(s0)
core   0: 3 0x000000008000febc (0xfee43023) mem 0x0000000080031f50 0x0000000080012093
core   0: 0x000000008000fec0 (0xfc442703) lw      a4, -60(s0)
core   0: 3 0x000000008000fec0 (0xfc442703) x14 0x0000000000000000 mem 0x0000000080031f34
core   0: 0x000000008000fec4 (0x0ff77713) andi    a4, a4, 255
core   0: 3 0x000000008000fec4 (0x0ff77713) x14 0x0000000000000000
core   0: 0x000000008000fec8 (0x00e78023) sb      a4, 0(a5)
core   0: 3 0x000000008000fec8 (0x00e78023) mem 0x0000000080012092 0x00
core   0: 0x000000008000fecc (0xfc843703) ld      a4, -56(s0)
core   0: 3 0x000000008000fecc (0xfc843703) x14 0x0000000080012040 mem 0x0000000080031f38
core   0: 0x000000008000fed0 (0xfb843783) ld      a5, -72(s0)
core   0: 3 0x000000008000fed0 (0xfb843783) x15 0x000000000000009c mem 0x0000000080031f28
core   0: 0x000000008000fed4 (0x000097ba) c.add   a5, a4
core   0: 3 0x000000008000fed4 (0x97ba) x15 0x00000000800120dc
core   0: 0x000000008000fed6 (0xfe043703) ld      a4, -32(s0)
core   0: 3 0x000000008000fed6 (0xfe043703) x14 0x0000000080012093 mem 0x0000000080031f50
core   0: 0x000000008000feda (0xfcf76de3) bltu    a4, a5, pc - 38
core   0: 3 0x000000008000feda (0xfcf76de3)
core   0: 0x000000008000feb4 (0xfe043783) ld      a5, -32(s0)
core   0: 3 0x000000008000feb4 (0xfe043783) x15 0x0000000080012093 mem 0x0000000080031f50
core   0: 0x000000008000feb8 (0x00178713) addi    a4, a5, 1
core   0: 3 0x000000008000feb8 (0x00178713) x14 0x0000000080012094
core   0: 0x000000008000febc (0xfee43023) sd      a4, -32(s0)
core   0: 3 0x000000008000febc (0xfee43023) mem 0x0000000080031f50 0x0000000080012094
core   0: 0x000000008000fec0 (0xfc442703) lw      a4, -60(s0)
core   0: 3 0x000000008000fec0 (0xfc442703) x14 0x0000000000000000 mem 0x0000000080031f34
core   0: 0x000000008000fec4 (0x0ff77713) andi    a4, a4, 255
core   0: 3 0x000000008000fec4 (0x0ff77713) x14 0x0000000000000000
core   0: 0x000000008000fec8 (0x00e78023) sb      a4, 0(a5)
core   0: 3 0x000000008000fec8 (0x00e78023) mem 0x0000000080012093 0x00
core   0: 0x000000008000fecc (0xfc843703) ld      a4, -56(s0)
core   0: 3 0x000000008000fecc (0xfc843703) x14 0x0000000080012040 mem 0x0000000080031f38
core   0: 0x000000008000fed0 (0xfb843783) ld      a5, -72(s0)
core   0: 3 0x000000008000fed0 (0xfb843783) x15 0x000000000000009c mem 0x0000000080031f28
core   0: 0x000000008000fed4 (0x000097ba) c.add   a5, a4
core   0: 3 0x000000008000fed4 (0x97ba) x15 0x00000000800120dc
core   0: 0x000000008000fed6 (0xfe043703) ld      a4, -32(s0)
core   0: 3 0x000000008000fed6 (0xfe043703) x14 0x0000000080012094 mem 0x0000000080031f50
core   0: 0x000000008000feda (0xfcf76de3) bltu    a4, a5, pc - 38
core   0: 3 0x000000008000feda (0xfcf76de3)
core   0: 0x000000008000feb4 (0xfe043783) ld      a5, -32(s0)
core   0: 3 0x000000008000feb4 (0xfe043783) x15 0x0000000080012094 mem 0x0000000080031f50
core   0: 0x000000008000feb8 (0x00178713) addi    a4, a5, 1
core   0: 3 0x000000008000feb8 (0x00178713) x14 0x0000000080012095
core   0: 0x000000008000febc (0xfee43023) sd      a4, -32(s0)
core   0: 3 0x000000008000febc (0xfee43023) mem 0x0000000080031f50 0x0000000080012095
core   0: 0x000000008000fec0 (0xfc442703) lw      a4, -60(s0)
core   0: 3 0x000000008000fec0 (0xfc442703) x14 0x0000000000000000 mem 0x0000000080031f34
core   0: 0x000000008000fec4 (0x0ff77713) andi    a4, a4, 255
core   0: 3 0x000000008000fec4 (0x0ff77713) x14 0x0000000000000000
core   0: 0x000000008000fec8 (0x00e78023) sb      a4, 0(a5)
core   0: 3 0x000000008000fec8 (0x00e78023) mem 0x0000000080012094 0x00
core   0: 0x000000008000fecc (0xfc843703) ld      a4, -56(s0)
core   0: 3 0x000000008000fecc (0xfc843703) x14 0x0000000080012040 mem 0x0000000080031f38
core   0: 0x000000008000fed0 (0xfb843783) ld      a5, -72(s0)
core   0: 3 0x000000008000fed0 (0xfb843783) x15 0x000000000000009c mem 0x0000000080031f28
core   0: 0x000000008000fed4 (0x000097ba) c.add   a5, a4
core   0: 3 0x000000008000fed4 (0x97ba) x15 0x00000000800120dc
core   0: 0x000000008000fed6 (0xfe043703) ld      a4, -32(s0)
core   0: 3 0x000000008000fed6 (0xfe043703) x14 0x0000000080012095 mem 0x0000000080031f50
core   0: 0x000000008000feda (0xfcf76de3) bltu    a4, a5, pc - 38
core   0: 3 0x000000008000feda (0xfcf76de3)
core   0: 0x000000008000feb4 (0xfe043783) ld      a5, -32(s0)
core   0: 3 0x000000008000feb4 (0xfe043783) x15 0x0000000080012095 mem 0x0000000080031f50
core   0: 0x000000008000feb8 (0x00178713) addi    a4, a5, 1
core   0: 3 0x000000008000feb8 (0x00178713) x14 0x0000000080012096
core   0: 0x000000008000febc (0xfee43023) sd      a4, -32(s0)
core   0: 3 0x000000008000febc (0xfee43023) mem 0x0000000080031f50 0x0000000080012096
core   0: 0x000000008000fec0 (0xfc442703) lw      a4, -60(s0)
core   0: 3 0x000000008000fec0 (0xfc442703) x14 0x0000000000000000 mem 0x0000000080031f34
core   0: 0x000000008000fec4 (0x0ff77713) andi    a4, a4, 255
core   0: 3 0x000000008000fec4 (0x0ff77713) x14 0x0000000000000000
core   0: 0x000000008000fec8 (0x00e78023) sb      a4, 0(a5)
core   0: 3 0x000000008000fec8 (0x00e78023) mem 0x0000000080012095 0x00
core   0: 0x000000008000fecc (0xfc843703) ld      a4, -56(s0)
core   0: 3 0x000000008000fecc (0xfc843703) x14 0x0000000080012040 mem 0x0000000080031f38
core   0: 0x000000008000fed0 (0xfb843783) ld      a5, -72(s0)
core   0: 3 0x000000008000fed0 (0xfb843783) x15 0x000000000000009c mem 0x0000000080031f28
core   0: 0x000000008000fed4 (0x000097ba) c.add   a5, a4
core   0: 3 0x000000008000fed4 (0x97ba) x15 0x00000000800120dc
core   0: 0x000000008000fed6 (0xfe043703) ld      a4, -32(s0)
core   0: 3 0x000000008000fed6 (0xfe043703) x14 0x0000000080012096 mem 0x0000000080031f50
core   0: 0x000000008000feda (0xfcf76de3) bltu    a4, a5, pc - 38
core   0: 3 0x000000008000feda (0xfcf76de3)
core   0: 0x000000008000feb4 (0xfe043783) ld      a5, -32(s0)
core   0: 3 0x000000008000feb4 (0xfe043783) x15 0x0000000080012096 mem 0x0000000080031f50
core   0: 0x000000008000feb8 (0x00178713) addi    a4, a5, 1
core   0: 3 0x000000008000feb8 (0x00178713) x14 0x0000000080012097
core   0: 0x000000008000febc (0xfee43023) sd      a4, -32(s0)
core   0: 3 0x000000008000febc (0xfee43023) mem 0x0000000080031f50 0x0000000080012097
core   0: 0x000000008000fec0 (0xfc442703) lw      a4, -60(s0)
core   0: 3 0x000000008000fec0 (0xfc442703) x14 0x0000000000000000 mem 0x0000000080031f34
core   0: 0x000000008000fec4 (0x0ff77713) andi    a4, a4, 255
core   0: 3 0x000000008000fec4 (0x0ff77713) x14 0x0000000000000000
core   0: 0x000000008000fec8 (0x00e78023) sb      a4, 0(a5)
core   0: 3 0x000000008000fec8 (0x00e78023) mem 0x0000000080012096 0x00
core   0: 0x000000008000fecc (0xfc843703) ld      a4, -56(s0)
core   0: 3 0x000000008000fecc (0xfc843703) x14 0x0000000080012040 mem 0x0000000080031f38
core   0: 0x000000008000fed0 (0xfb843783) ld      a5, -72(s0)
core   0: 3 0x000000008000fed0 (0xfb843783) x15 0x000000000000009c mem 0x0000000080031f28
core   0: 0x000000008000fed4 (0x000097ba) c.add   a5, a4
core   0: 3 0x000000008000fed4 (0x97ba) x15 0x00000000800120dc
core   0: 0x000000008000fed6 (0xfe043703) ld      a4, -32(s0)
core   0: 3 0x000000008000fed6 (0xfe043703) x14 0x0000000080012097 mem 0x0000000080031f50
core   0: 0x000000008000feda (0xfcf76de3) bltu    a4, a5, pc - 38
core   0: 3 0x000000008000feda (0xfcf76de3)
core   0: 0x000000008000feb4 (0xfe043783) ld      a5, -32(s0)
core   0: 3 0x000000008000feb4 (0xfe043783) x15 0x0000000080012097 mem 0x0000000080031f50
core   0: 0x000000008000feb8 (0x00178713) addi    a4, a5, 1
core   0: 3 0x000000008000feb8 (0x00178713) x14 0x0000000080012098
core   0: 0x000000008000febc (0xfee43023) sd      a4, -32(s0)
core   0: 3 0x000000008000febc (0xfee43023) mem 0x0000000080031f50 0x0000000080012098
core   0: 0x000000008000fec0 (0xfc442703) lw      a4, -60(s0)
core   0: 3 0x000000008000fec0 (0xfc442703) x14 0x0000000000000000 mem 0x0000000080031f34
core   0: 0x000000008000fec4 (0x0ff77713) andi    a4, a4, 255
core   0: 3 0x000000008000fec4 (0x0ff77713) x14 0x0000000000000000
core   0: 0x000000008000fec8 (0x00e78023) sb      a4, 0(a5)
core   0: 3 0x000000008000fec8 (0x00e78023) mem 0x0000000080012097 0x00
core   0: 0x000000008000fecc (0xfc843703) ld      a4, -56(s0)
core   0: 3 0x000000008000fecc (0xfc843703) x14 0x0000000080012040 mem 0x0000000080031f38
core   0: 0x000000008000fed0 (0xfb843783) ld      a5, -72(s0)
core   0: 3 0x000000008000fed0 (0xfb843783) x15 0x000000000000009c mem 0x0000000080031f28
core   0: 0x000000008000fed4 (0x000097ba) c.add   a5, a4
core   0: 3 0x000000008000fed4 (0x97ba) x15 0x00000000800120dc
core   0: 0x000000008000fed6 (0xfe043703) ld      a4, -32(s0)
core   0: 3 0x000000008000fed6 (0xfe043703) x14 0x0000000080012098 mem 0x0000000080031f50
core   0: 0x000000008000feda (0xfcf76de3) bltu    a4, a5, pc - 38
core   0: 3 0x000000008000feda (0xfcf76de3)
core   0: 0x000000008000feb4 (0xfe043783) ld      a5, -32(s0)
core   0: 3 0x000000008000feb4 (0xfe043783) x15 0x0000000080012098 mem 0x0000000080031f50
core   0: 0x000000008000feb8 (0x00178713) addi    a4, a5, 1
core   0: 3 0x000000008000feb8 (0x00178713) x14 0x0000000080012099
core   0: 0x000000008000febc (0xfee43023) sd      a4, -32(s0)
core   0: 3 0x000000008000febc (0xfee43023) mem 0x0000000080031f50 0x0000000080012099
core   0: 0x000000008000fec0 (0xfc442703) lw      a4, -60(s0)
core   0: 3 0x000000008000fec0 (0xfc442703) x14 0x0000000000000000 mem 0x0000000080031f34
core   0: 0x000000008000fec4 (0x0ff77713) andi    a4, a4, 255
core   0: 3 0x000000008000fec4 (0x0ff77713) x14 0x0000000000000000
core   0: 0x000000008000fec8 (0x00e78023) sb      a4, 0(a5)
core   0: 3 0x000000008000fec8 (0x00e78023) mem 0x0000000080012098 0x00
core   0: 0x000000008000fecc (0xfc843703) ld      a4, -56(s0)
core   0: 3 0x000000008000fecc (0xfc843703) x14 0x0000000080012040 mem 0x0000000080031f38
core   0: 0x000000008000fed0 (0xfb843783) ld      a5, -72(s0)
core   0: 3 0x000000008000fed0 (0xfb843783) x15 0x000000000000009c mem 0x0000000080031f28
core   0: 0x000000008000fed4 (0x000097ba) c.add   a5, a4
core   0: 3 0x000000008000fed4 (0x97ba) x15 0x00000000800120dc
core   0: 0x000000008000fed6 (0xfe043703) ld      a4, -32(s0)
core   0: 3 0x000000008000fed6 (0xfe043703) x14 0x0000000080012099 mem 0x0000000080031f50
core   0: 0x000000008000feda (0xfcf76de3) bltu    a4, a5, pc - 38
core   0: 3 0x000000008000feda (0xfcf76de3)
core   0: 0x000000008000feb4 (0xfe043783) ld      a5, -32(s0)
core   0: 3 0x000000008000feb4 (0xfe043783) x15 0x0000000080012099 mem 0x0000000080031f50
core   0: 0x000000008000feb8 (0x00178713) addi    a4, a5, 1
core   0: 3 0x000000008000feb8 (0x00178713) x14 0x000000008001209a
core   0: 0x000000008000febc (0xfee43023) sd      a4, -32(s0)
core   0: 3 0x000000008000febc (0xfee43023) mem 0x0000000080031f50 0x000000008001209a
core   0: 0x000000008000fec0 (0xfc442703) lw      a4, -60(s0)
core   0: 3 0x000000008000fec0 (0xfc442703) x14 0x0000000000000000 mem 0x0000000080031f34
core   0: 0x000000008000fec4 (0x0ff77713) andi    a4, a4, 255
core   0: 3 0x000000008000fec4 (0x0ff77713) x14 0x0000000000000000
core   0: 0x000000008000fec8 (0x00e78023) sb      a4, 0(a5)
core   0: 3 0x000000008000fec8 (0x00e78023) mem 0x0000000080012099 0x00
core   0: 0x000000008000fecc (0xfc843703) ld      a4, -56(s0)
core   0: 3 0x000000008000fecc (0xfc843703) x14 0x0000000080012040 mem 0x0000000080031f38
core   0: 0x000000008000fed0 (0xfb843783) ld      a5, -72(s0)
core   0: 3 0x000000008000fed0 (0xfb843783) x15 0x000000000000009c mem 0x0000000080031f28
core   0: 0x000000008000fed4 (0x000097ba) c.add   a5, a4
core   0: 3 0x000000008000fed4 (0x97ba) x15 0x00000000800120dc
core   0: 0x000000008000fed6 (0xfe043703) ld      a4, -32(s0)
core   0: 3 0x000000008000fed6 (0xfe043703) x14 0x000000008001209a mem 0x0000000080031f50
core   0: 0x000000008000feda (0xfcf76de3) bltu    a4, a5, pc - 38
core   0: 3 0x000000008000feda (0xfcf76de3)
core   0: 0x000000008000feb4 (0xfe043783) ld      a5, -32(s0)
core   0: 3 0x000000008000feb4 (0xfe043783) x15 0x000000008001209a mem 0x0000000080031f50
core   0: 0x000000008000feb8 (0x00178713) addi    a4, a5, 1
core   0: 3 0x000000008000feb8 (0x00178713) x14 0x000000008001209b
core   0: 0x000000008000febc (0xfee43023) sd      a4, -32(s0)
core   0: 3 0x000000008000febc (0xfee43023) mem 0x0000000080031f50 0x000000008001209b
core   0: 0x000000008000fec0 (0xfc442703) lw      a4, -60(s0)
core   0: 3 0x000000008000fec0 (0xfc442703) x14 0x0000000000000000 mem 0x0000000080031f34
core   0: 0x000000008000fec4 (0x0ff77713) andi    a4, a4, 255
core   0: 3 0x000000008000fec4 (0x0ff77713) x14 0x0000000000000000
core   0: 0x000000008000fec8 (0x00e78023) sb      a4, 0(a5)
core   0: 3 0x000000008000fec8 (0x00e78023) mem 0x000000008001209a 0x00
core   0: 0x000000008000fecc (0xfc843703) ld      a4, -56(s0)
core   0: 3 0x000000008000fecc (0xfc843703) x14 0x0000000080012040 mem 0x0000000080031f38
core   0: 0x000000008000fed0 (0xfb843783) ld      a5, -72(s0)
core   0: 3 0x000000008000fed0 (0xfb843783) x15 0x000000000000009c mem 0x0000000080031f28
core   0: 0x000000008000fed4 (0x000097ba) c.add   a5, a4
core   0: 3 0x000000008000fed4 (0x97ba) x15 0x00000000800120dc
core   0: 0x000000008000fed6 (0xfe043703) ld      a4, -32(s0)
core   0: 3 0x000000008000fed6 (0xfe043703) x14 0x000000008001209b mem 0x0000000080031f50
core   0: 0x000000008000feda (0xfcf76de3) bltu    a4, a5, pc - 38
core   0: 3 0x000000008000feda (0xfcf76de3)
core   0: 0x000000008000feb4 (0xfe043783) ld      a5, -32(s0)
core   0: 3 0x000000008000feb4 (0xfe043783) x15 0x000000008001209b mem 0x0000000080031f50
core   0: 0x000000008000feb8 (0x00178713) addi    a4, a5, 1
core   0: 3 0x000000008000feb8 (0x00178713) x14 0x000000008001209c
core   0: 0x000000008000febc (0xfee43023) sd      a4, -32(s0)
core   0: 3 0x000000008000febc (0xfee43023) mem 0x0000000080031f50 0x000000008001209c
core   0: 0x000000008000fec0 (0xfc442703) lw      a4, -60(s0)
core   0: 3 0x000000008000fec0 (0xfc442703) x14 0x0000000000000000 mem 0x0000000080031f34
core   0: 0x000000008000fec4 (0x0ff77713) andi    a4, a4, 255
core   0: 3 0x000000008000fec4 (0x0ff77713) x14 0x0000000000000000
core   0: 0x000000008000fec8 (0x00e78023) sb      a4, 0(a5)
core   0: 3 0x000000008000fec8 (0x00e78023) mem 0x000000008001209b 0x00
core   0: 0x000000008000fecc (0xfc843703) ld      a4, -56(s0)
core   0: 3 0x000000008000fecc (0xfc843703) x14 0x0000000080012040 mem 0x0000000080031f38
core   0: 0x000000008000fed0 (0xfb843783) ld      a5, -72(s0)
core   0: 3 0x000000008000fed0 (0xfb843783) x15 0x000000000000009c mem 0x0000000080031f28
core   0: 0x000000008000fed4 (0x000097ba) c.add   a5, a4
core   0: 3 0x000000008000fed4 (0x97ba) x15 0x00000000800120dc
core   0: 0x000000008000fed6 (0xfe043703) ld      a4, -32(s0)
core   0: 3 0x000000008000fed6 (0xfe043703) x14 0x000000008001209c mem 0x0000000080031f50
core   0: 0x000000008000feda (0xfcf76de3) bltu    a4, a5, pc - 38
core   0: 3 0x000000008000feda (0xfcf76de3)
core   0: 0x000000008000feb4 (0xfe043783) ld      a5, -32(s0)
core   0: 3 0x000000008000feb4 (0xfe043783) x15 0x000000008001209c mem 0x0000000080031f50
core   0: 0x000000008000feb8 (0x00178713) addi    a4, a5, 1
core   0: 3 0x000000008000feb8 (0x00178713) x14 0x000000008001209d
core   0: 0x000000008000febc (0xfee43023) sd      a4, -32(s0)
core   0: 3 0x000000008000febc (0xfee43023) mem 0x0000000080031f50 0x000000008001209d
core   0: 0x000000008000fec0 (0xfc442703) lw      a4, -60(s0)
core   0: 3 0x000000008000fec0 (0xfc442703) x14 0x0000000000000000 mem 0x0000000080031f34
core   0: 0x000000008000fec4 (0x0ff77713) andi    a4, a4, 255
core   0: 3 0x000000008000fec4 (0x0ff77713) x14 0x0000000000000000
core   0: 0x000000008000fec8 (0x00e78023) sb      a4, 0(a5)
core   0: 3 0x000000008000fec8 (0x00e78023) mem 0x000000008001209c 0x00
core   0: 0x000000008000fecc (0xfc843703) ld      a4, -56(s0)
core   0: 3 0x000000008000fecc (0xfc843703) x14 0x0000000080012040 mem 0x0000000080031f38
core   0: 0x000000008000fed0 (0xfb843783) ld      a5, -72(s0)
core   0: 3 0x000000008000fed0 (0xfb843783) x15 0x000000000000009c mem 0x0000000080031f28
core   0: 0x000000008000fed4 (0x000097ba) c.add   a5, a4
core   0: 3 0x000000008000fed4 (0x97ba) x15 0x00000000800120dc
core   0: 0x000000008000fed6 (0xfe043703) ld      a4, -32(s0)
core   0: 3 0x000000008000fed6 (0xfe043703) x14 0x000000008001209d mem 0x0000000080031f50
core   0: 0x000000008000feda (0xfcf76de3) bltu    a4, a5, pc - 38
core   0: 3 0x000000008000feda (0xfcf76de3)
core   0: 0x000000008000feb4 (0xfe043783) ld      a5, -32(s0)
core   0: 3 0x000000008000feb4 (0xfe043783) x15 0x000000008001209d mem 0x0000000080031f50
core   0: 0x000000008000feb8 (0x00178713) addi    a4, a5, 1
core   0: 3 0x000000008000feb8 (0x00178713) x14 0x000000008001209e
core   0: 0x000000008000febc (0xfee43023) sd      a4, -32(s0)
core   0: 3 0x000000008000febc (0xfee43023) mem 0x0000000080031f50 0x000000008001209e
core   0: 0x000000008000fec0 (0xfc442703) lw      a4, -60(s0)
core   0: 3 0x000000008000fec0 (0xfc442703) x14 0x0000000000000000 mem 0x0000000080031f34
core   0: 0x000000008000fec4 (0x0ff77713) andi    a4, a4, 255
core   0: 3 0x000000008000fec4 (0x0ff77713) x14 0x0000000000000000
core   0: 0x000000008000fec8 (0x00e78023) sb      a4, 0(a5)
core   0: 3 0x000000008000fec8 (0x00e78023) mem 0x000000008001209d 0x00
core   0: 0x000000008000fecc (0xfc843703) ld      a4, -56(s0)
core   0: 3 0x000000008000fecc (0xfc843703) x14 0x0000000080012040 mem 0x0000000080031f38
core   0: 0x000000008000fed0 (0xfb843783) ld      a5, -72(s0)
core   0: 3 0x000000008000fed0 (0xfb843783) x15 0x000000000000009c mem 0x0000000080031f28
core   0: 0x000000008000fed4 (0x000097ba) c.add   a5, a4
core   0: 3 0x000000008000fed4 (0x97ba) x15 0x00000000800120dc
core   0: 0x000000008000fed6 (0xfe043703) ld      a4, -32(s0)
core   0: 3 0x000000008000fed6 (0xfe043703) x14 0x000000008001209e mem 0x0000000080031f50
core   0: 0x000000008000feda (0xfcf76de3) bltu    a4, a5, pc - 38
core   0: 3 0x000000008000feda (0xfcf76de3)
core   0: 0x000000008000feb4 (0xfe043783) ld      a5, -32(s0)
core   0: 3 0x000000008000feb4 (0xfe043783) x15 0x000000008001209e mem 0x0000000080031f50
core   0: 0x000000008000feb8 (0x00178713) addi    a4, a5, 1
core   0: 3 0x000000008000feb8 (0x00178713) x14 0x000000008001209f
core   0: 0x000000008000febc (0xfee43023) sd      a4, -32(s0)
core   0: 3 0x000000008000febc (0xfee43023) mem 0x0000000080031f50 0x000000008001209f
core   0: 0x000000008000fec0 (0xfc442703) lw      a4, -60(s0)
core   0: 3 0x000000008000fec0 (0xfc442703) x14 0x0000000000000000 mem 0x0000000080031f34
core   0: 0x000000008000fec4 (0x0ff77713) andi    a4, a4, 255
core   0: 3 0x000000008000fec4 (0x0ff77713) x14 0x0000000000000000
core   0: 0x000000008000fec8 (0x00e78023) sb      a4, 0(a5)
core   0: 3 0x000000008000fec8 (0x00e78023) mem 0x000000008001209e 0x00
core   0: 0x000000008000fecc (0xfc843703) ld      a4, -56(s0)
core   0: 3 0x000000008000fecc (0xfc843703) x14 0x0000000080012040 mem 0x0000000080031f38
core   0: 0x000000008000fed0 (0xfb843783) ld      a5, -72(s0)
core   0: 3 0x000000008000fed0 (0xfb843783) x15 0x000000000000009c mem 0x0000000080031f28
core   0: 0x000000008000fed4 (0x000097ba) c.add   a5, a4
core   0: 3 0x000000008000fed4 (0x97ba) x15 0x00000000800120dc
core   0: 0x000000008000fed6 (0xfe043703) ld      a4, -32(s0)
core   0: 3 0x000000008000fed6 (0xfe043703) x14 0x000000008001209f mem 0x0000000080031f50
core   0: 0x000000008000feda (0xfcf76de3) bltu    a4, a5, pc - 38
core   0: 3 0x000000008000feda (0xfcf76de3)
core   0: 0x000000008000feb4 (0xfe043783) ld      a5, -32(s0)
core   0: 3 0x000000008000feb4 (0xfe043783) x15 0x000000008001209f mem 0x0000000080031f50
core   0: 0x000000008000feb8 (0x00178713) addi    a4, a5, 1
core   0: 3 0x000000008000feb8 (0x00178713) x14 0x00000000800120a0
core   0: 0x000000008000febc (0xfee43023) sd      a4, -32(s0)
core   0: 3 0x000000008000febc (0xfee43023) mem 0x0000000080031f50 0x00000000800120a0
core   0: 0x000000008000fec0 (0xfc442703) lw      a4, -60(s0)
core   0: 3 0x000000008000fec0 (0xfc442703) x14 0x0000000000000000 mem 0x0000000080031f34
core   0: 0x000000008000fec4 (0x0ff77713) andi    a4, a4, 255
core   0: 3 0x000000008000fec4 (0x0ff77713) x14 0x0000000000000000
core   0: 0x000000008000fec8 (0x00e78023) sb      a4, 0(a5)
core   0: 3 0x000000008000fec8 (0x00e78023) mem 0x000000008001209f 0x00
core   0: 0x000000008000fecc (0xfc843703) ld      a4, -56(s0)
core   0: 3 0x000000008000fecc (0xfc843703) x14 0x0000000080012040 mem 0x0000000080031f38
core   0: 0x000000008000fed0 (0xfb843783) ld      a5, -72(s0)
core   0: 3 0x000000008000fed0 (0xfb843783) x15 0x000000000000009c mem 0x0000000080031f28
core   0: 0x000000008000fed4 (0x000097ba) c.add   a5, a4
core   0: 3 0x000000008000fed4 (0x97ba) x15 0x00000000800120dc
core   0: 0x000000008000fed6 (0xfe043703) ld      a4, -32(s0)
core   0: 3 0x000000008000fed6 (0xfe043703) x14 0x00000000800120a0 mem 0x0000000080031f50
core   0: 0x000000008000feda (0xfcf76de3) bltu    a4, a5, pc - 38
core   0: 3 0x000000008000feda (0xfcf76de3)
core   0: 0x000000008000feb4 (0xfe043783) ld      a5, -32(s0)
core   0: 3 0x000000008000feb4 (0xfe043783) x15 0x00000000800120a0 mem 0x0000000080031f50
core   0: 0x000000008000feb8 (0x00178713) addi    a4, a5, 1
core   0: 3 0x000000008000feb8 (0x00178713) x14 0x00000000800120a1
core   0: 0x000000008000febc (0xfee43023) sd      a4, -32(s0)
core   0: 3 0x000000008000febc (0xfee43023) mem 0x0000000080031f50 0x00000000800120a1
core   0: 0x000000008000fec0 (0xfc442703) lw      a4, -60(s0)
core   0: 3 0x000000008000fec0 (0xfc442703) x14 0x0000000000000000 mem 0x0000000080031f34
core   0: 0x000000008000fec4 (0x0ff77713) andi    a4, a4, 255
core   0: 3 0x000000008000fec4 (0x0ff77713) x14 0x0000000000000000
core   0: 0x000000008000fec8 (0x00e78023) sb      a4, 0(a5)
core   0: 3 0x000000008000fec8 (0x00e78023) mem 0x00000000800120a0 0x00
core   0: 0x000000008000fecc (0xfc843703) ld      a4, -56(s0)
core   0: 3 0x000000008000fecc (0xfc843703) x14 0x0000000080012040 mem 0x0000000080031f38
core   0: 0x000000008000fed0 (0xfb843783) ld      a5, -72(s0)
core   0: 3 0x000000008000fed0 (0xfb843783) x15 0x000000000000009c mem 0x0000000080031f28
core   0: 0x000000008000fed4 (0x000097ba) c.add   a5, a4
core   0: 3 0x000000008000fed4 (0x97ba) x15 0x00000000800120dc
core   0: 0x000000008000fed6 (0xfe043703) ld      a4, -32(s0)
core   0: 3 0x000000008000fed6 (0xfe043703) x14 0x00000000800120a1 mem 0x0000000080031f50
core   0: 0x000000008000feda (0xfcf76de3) bltu    a4, a5, pc - 38
core   0: 3 0x000000008000feda (0xfcf76de3)
core   0: 0x000000008000feb4 (0xfe043783) ld      a5, -32(s0)
core   0: 3 0x000000008000feb4 (0xfe043783) x15 0x00000000800120a1 mem 0x0000000080031f50
core   0: 0x000000008000feb8 (0x00178713) addi    a4, a5, 1
core   0: 3 0x000000008000feb8 (0x00178713) x14 0x00000000800120a2
core   0: 0x000000008000febc (0xfee43023) sd      a4, -32(s0)
core   0: 3 0x000000008000febc (0xfee43023) mem 0x0000000080031f50 0x00000000800120a2
core   0: 0x000000008000fec0 (0xfc442703) lw      a4, -60(s0)
core   0: 3 0x000000008000fec0 (0xfc442703) x14 0x0000000000000000 mem 0x0000000080031f34
core   0: 0x000000008000fec4 (0x0ff77713) andi    a4, a4, 255
core   0: 3 0x000000008000fec4 (0x0ff77713) x14 0x0000000000000000
core   0: 0x000000008000fec8 (0x00e78023) sb      a4, 0(a5)
core   0: 3 0x000000008000fec8 (0x00e78023) mem 0x00000000800120a1 0x00
core   0: 0x000000008000fecc (0xfc843703) ld      a4, -56(s0)
core   0: 3 0x000000008000fecc (0xfc843703) x14 0x0000000080012040 mem 0x0000000080031f38
core   0: 0x000000008000fed0 (0xfb843783) ld      a5, -72(s0)
core   0: 3 0x000000008000fed0 (0xfb843783) x15 0x000000000000009c mem 0x0000000080031f28
core   0: 0x000000008000fed4 (0x000097ba) c.add   a5, a4
core   0: 3 0x000000008000fed4 (0x97ba) x15 0x00000000800120dc
core   0: 0x000000008000fed6 (0xfe043703) ld      a4, -32(s0)
core   0: 3 0x000000008000fed6 (0xfe043703) x14 0x00000000800120a2 mem 0x0000000080031f50
core   0: 0x000000008000feda (0xfcf76de3) bltu    a4, a5, pc - 38
core   0: 3 0x000000008000feda (0xfcf76de3)
core   0: 0x000000008000feb4 (0xfe043783) ld      a5, -32(s0)
core   0: 3 0x000000008000feb4 (0xfe043783) x15 0x00000000800120a2 mem 0x0000000080031f50
core   0: 0x000000008000feb8 (0x00178713) addi    a4, a5, 1
core   0: 3 0x000000008000feb8 (0x00178713) x14 0x00000000800120a3
core   0: 0x000000008000febc (0xfee43023) sd      a4, -32(s0)
core   0: 3 0x000000008000febc (0xfee43023) mem 0x0000000080031f50 0x00000000800120a3
core   0: 0x000000008000fec0 (0xfc442703) lw      a4, -60(s0)
core   0: 3 0x000000008000fec0 (0xfc442703) x14 0x0000000000000000 mem 0x0000000080031f34
core   0: 0x000000008000fec4 (0x0ff77713) andi    a4, a4, 255
core   0: 3 0x000000008000fec4 (0x0ff77713) x14 0x0000000000000000
core   0: 0x000000008000fec8 (0x00e78023) sb      a4, 0(a5)
core   0: 3 0x000000008000fec8 (0x00e78023) mem 0x00000000800120a2 0x00
core   0: 0x000000008000fecc (0xfc843703) ld      a4, -56(s0)
core   0: 3 0x000000008000fecc (0xfc843703) x14 0x0000000080012040 mem 0x0000000080031f38
core   0: 0x000000008000fed0 (0xfb843783) ld      a5, -72(s0)
core   0: 3 0x000000008000fed0 (0xfb843783) x15 0x000000000000009c mem 0x0000000080031f28
core   0: 0x000000008000fed4 (0x000097ba) c.add   a5, a4
core   0: 3 0x000000008000fed4 (0x97ba) x15 0x00000000800120dc
core   0: 0x000000008000fed6 (0xfe043703) ld      a4, -32(s0)
core   0: 3 0x000000008000fed6 (0xfe043703) x14 0x00000000800120a3 mem 0x0000000080031f50
core   0: 0x000000008000feda (0xfcf76de3) bltu    a4, a5, pc - 38
core   0: 3 0x000000008000feda (0xfcf76de3)
core   0: 0x000000008000feb4 (0xfe043783) ld      a5, -32(s0)
core   0: 3 0x000000008000feb4 (0xfe043783) x15 0x00000000800120a3 mem 0x0000000080031f50
core   0: 0x000000008000feb8 (0x00178713) addi    a4, a5, 1
core   0: 3 0x000000008000feb8 (0x00178713) x14 0x00000000800120a4
core   0: 0x000000008000febc (0xfee43023) sd      a4, -32(s0)
core   0: 3 0x000000008000febc (0xfee43023) mem 0x0000000080031f50 0x00000000800120a4
core   0: 0x000000008000fec0 (0xfc442703) lw      a4, -60(s0)
core   0: 3 0x000000008000fec0 (0xfc442703) x14 0x0000000000000000 mem 0x0000000080031f34
core   0: 0x000000008000fec4 (0x0ff77713) andi    a4, a4, 255
core   0: 3 0x000000008000fec4 (0x0ff77713) x14 0x0000000000000000
core   0: 0x000000008000fec8 (0x00e78023) sb      a4, 0(a5)
core   0: 3 0x000000008000fec8 (0x00e78023) mem 0x00000000800120a3 0x00
core   0: 0x000000008000fecc (0xfc843703) ld      a4, -56(s0)
core   0: 3 0x000000008000fecc (0xfc843703) x14 0x0000000080012040 mem 0x0000000080031f38
core   0: 0x000000008000fed0 (0xfb843783) ld      a5, -72(s0)
core   0: 3 0x000000008000fed0 (0xfb843783) x15 0x000000000000009c mem 0x0000000080031f28
core   0: 0x000000008000fed4 (0x000097ba) c.add   a5, a4
core   0: 3 0x000000008000fed4 (0x97ba) x15 0x00000000800120dc
core   0: 0x000000008000fed6 (0xfe043703) ld      a4, -32(s0)
core   0: 3 0x000000008000fed6 (0xfe043703) x14 0x00000000800120a4 mem 0x0000000080031f50
core   0: 0x000000008000feda (0xfcf76de3) bltu    a4, a5, pc - 38
core   0: 3 0x000000008000feda (0xfcf76de3)
core   0: 0x000000008000feb4 (0xfe043783) ld      a5, -32(s0)
core   0: 3 0x000000008000feb4 (0xfe043783) x15 0x00000000800120a4 mem 0x0000000080031f50
core   0: 0x000000008000feb8 (0x00178713) addi    a4, a5, 1
core   0: 3 0x000000008000feb8 (0x00178713) x14 0x00000000800120a5
core   0: 0x000000008000febc (0xfee43023) sd      a4, -32(s0)
core   0: 3 0x000000008000febc (0xfee43023) mem 0x0000000080031f50 0x00000000800120a5
core   0: 0x000000008000fec0 (0xfc442703) lw      a4, -60(s0)
core   0: 3 0x000000008000fec0 (0xfc442703) x14 0x0000000000000000 mem 0x0000000080031f34
core   0: 0x000000008000fec4 (0x0ff77713) andi    a4, a4, 255
core   0: 3 0x000000008000fec4 (0x0ff77713) x14 0x0000000000000000
core   0: 0x000000008000fec8 (0x00e78023) sb      a4, 0(a5)
core   0: 3 0x000000008000fec8 (0x00e78023) mem 0x00000000800120a4 0x00
core   0: 0x000000008000fecc (0xfc843703) ld      a4, -56(s0)
core   0: 3 0x000000008000fecc (0xfc843703) x14 0x0000000080012040 mem 0x0000000080031f38
core   0: 0x000000008000fed0 (0xfb843783) ld      a5, -72(s0)
core   0: 3 0x000000008000fed0 (0xfb843783) x15 0x000000000000009c mem 0x0000000080031f28
core   0: 0x000000008000fed4 (0x000097ba) c.add   a5, a4
core   0: 3 0x000000008000fed4 (0x97ba) x15 0x00000000800120dc
core   0: 0x000000008000fed6 (0xfe043703) ld      a4, -32(s0)
core   0: 3 0x000000008000fed6 (0xfe043703) x14 0x00000000800120a5 mem 0x0000000080031f50
core   0: 0x000000008000feda (0xfcf76de3) bltu    a4, a5, pc - 38
core   0: 3 0x000000008000feda (0xfcf76de3)
core   0: 0x000000008000feb4 (0xfe043783) ld      a5, -32(s0)
core   0: 3 0x000000008000feb4 (0xfe043783) x15 0x00000000800120a5 mem 0x0000000080031f50
core   0: 0x000000008000feb8 (0x00178713) addi    a4, a5, 1
core   0: 3 0x000000008000feb8 (0x00178713) x14 0x00000000800120a6
core   0: 0x000000008000febc (0xfee43023) sd      a4, -32(s0)
core   0: 3 0x000000008000febc (0xfee43023) mem 0x0000000080031f50 0x00000000800120a6
core   0: 0x000000008000fec0 (0xfc442703) lw      a4, -60(s0)
core   0: 3 0x000000008000fec0 (0xfc442703) x14 0x0000000000000000 mem 0x0000000080031f34
core   0: 0x000000008000fec4 (0x0ff77713) andi    a4, a4, 255
core   0: 3 0x000000008000fec4 (0x0ff77713) x14 0x0000000000000000
core   0: 0x000000008000fec8 (0x00e78023) sb      a4, 0(a5)
core   0: 3 0x000000008000fec8 (0x00e78023) mem 0x00000000800120a5 0x00
core   0: 0x000000008000fecc (0xfc843703) ld      a4, -56(s0)
core   0: 3 0x000000008000fecc (0xfc843703) x14 0x0000000080012040 mem 0x0000000080031f38
core   0: 0x000000008000fed0 (0xfb843783) ld      a5, -72(s0)
core   0: 3 0x000000008000fed0 (0xfb843783) x15 0x000000000000009c mem 0x0000000080031f28
core   0: 0x000000008000fed4 (0x000097ba) c.add   a5, a4
core   0: 3 0x000000008000fed4 (0x97ba) x15 0x00000000800120dc
core   0: 0x000000008000fed6 (0xfe043703) ld      a4, -32(s0)
core   0: 3 0x000000008000fed6 (0xfe043703) x14 0x00000000800120a6 mem 0x0000000080031f50
core   0: 0x000000008000feda (0xfcf76de3) bltu    a4, a5, pc - 38
core   0: 3 0x000000008000feda (0xfcf76de3)
core   0: 0x000000008000feb4 (0xfe043783) ld      a5, -32(s0)
core   0: 3 0x000000008000feb4 (0xfe043783) x15 0x00000000800120a6 mem 0x0000000080031f50
core   0: 0x000000008000feb8 (0x00178713) addi    a4, a5, 1
core   0: 3 0x000000008000feb8 (0x00178713) x14 0x00000000800120a7
core   0: 0x000000008000febc (0xfee43023) sd      a4, -32(s0)
core   0: 3 0x000000008000febc (0xfee43023) mem 0x0000000080031f50 0x00000000800120a7
core   0: 0x000000008000fec0 (0xfc442703) lw      a4, -60(s0)
core   0: 3 0x000000008000fec0 (0xfc442703) x14 0x0000000000000000 mem 0x0000000080031f34
core   0: 0x000000008000fec4 (0x0ff77713) andi    a4, a4, 255
core   0: 3 0x000000008000fec4 (0x0ff77713) x14 0x0000000000000000
core   0: 0x000000008000fec8 (0x00e78023) sb      a4, 0(a5)
core   0: 3 0x000000008000fec8 (0x00e78023) mem 0x00000000800120a6 0x00
core   0: 0x000000008000fecc (0xfc843703) ld      a4, -56(s0)
core   0: 3 0x000000008000fecc (0xfc843703) x14 0x0000000080012040 mem 0x0000000080031f38
core   0: 0x000000008000fed0 (0xfb843783) ld      a5, -72(s0)
core   0: 3 0x000000008000fed0 (0xfb843783) x15 0x000000000000009c mem 0x0000000080031f28
core   0: 0x000000008000fed4 (0x000097ba) c.add   a5, a4
core   0: 3 0x000000008000fed4 (0x97ba) x15 0x00000000800120dc
core   0: 0x000000008000fed6 (0xfe043703) ld      a4, -32(s0)
core   0: 3 0x000000008000fed6 (0xfe043703) x14 0x00000000800120a7 mem 0x0000000080031f50
core   0: 0x000000008000feda (0xfcf76de3) bltu    a4, a5, pc - 38
core   0: 3 0x000000008000feda (0xfcf76de3)
core   0: 0x000000008000feb4 (0xfe043783) ld      a5, -32(s0)
core   0: 3 0x000000008000feb4 (0xfe043783) x15 0x00000000800120a7 mem 0x0000000080031f50
core   0: 0x000000008000feb8 (0x00178713) addi    a4, a5, 1
core   0: 3 0x000000008000feb8 (0x00178713) x14 0x00000000800120a8
core   0: 0x000000008000febc (0xfee43023) sd      a4, -32(s0)
core   0: 3 0x000000008000febc (0xfee43023) mem 0x0000000080031f50 0x00000000800120a8
core   0: 0x000000008000fec0 (0xfc442703) lw      a4, -60(s0)
core   0: 3 0x000000008000fec0 (0xfc442703) x14 0x0000000000000000 mem 0x0000000080031f34
core   0: 0x000000008000fec4 (0x0ff77713) andi    a4, a4, 255
core   0: 3 0x000000008000fec4 (0x0ff77713) x14 0x0000000000000000
core   0: 0x000000008000fec8 (0x00e78023) sb      a4, 0(a5)
core   0: 3 0x000000008000fec8 (0x00e78023) mem 0x00000000800120a7 0x00
core   0: 0x000000008000fecc (0xfc843703) ld      a4, -56(s0)
core   0: 3 0x000000008000fecc (0xfc843703) x14 0x0000000080012040 mem 0x0000000080031f38
core   0: 0x000000008000fed0 (0xfb843783) ld      a5, -72(s0)
core   0: 3 0x000000008000fed0 (0xfb843783) x15 0x000000000000009c mem 0x0000000080031f28
core   0: 0x000000008000fed4 (0x000097ba) c.add   a5, a4
core   0: 3 0x000000008000fed4 (0x97ba) x15 0x00000000800120dc
core   0: 0x000000008000fed6 (0xfe043703) ld      a4, -32(s0)
core   0: 3 0x000000008000fed6 (0xfe043703) x14 0x00000000800120a8 mem 0x0000000080031f50
core   0: 0x000000008000feda (0xfcf76de3) bltu    a4, a5, pc - 38
core   0: 3 0x000000008000feda (0xfcf76de3)
core   0: 0x000000008000feb4 (0xfe043783) ld      a5, -32(s0)
core   0: 3 0x000000008000feb4 (0xfe043783) x15 0x00000000800120a8 mem 0x0000000080031f50
core   0: 0x000000008000feb8 (0x00178713) addi    a4, a5, 1
core   0: 3 0x000000008000feb8 (0x00178713) x14 0x00000000800120a9
core   0: 0x000000008000febc (0xfee43023) sd      a4, -32(s0)
core   0: 3 0x000000008000febc (0xfee43023) mem 0x0000000080031f50 0x00000000800120a9
core   0: 0x000000008000fec0 (0xfc442703) lw      a4, -60(s0)
core   0: 3 0x000000008000fec0 (0xfc442703) x14 0x0000000000000000 mem 0x0000000080031f34
core   0: 0x000000008000fec4 (0x0ff77713) andi    a4, a4, 255
core   0: 3 0x000000008000fec4 (0x0ff77713) x14 0x0000000000000000
core   0: 0x000000008000fec8 (0x00e78023) sb      a4, 0(a5)
core   0: 3 0x000000008000fec8 (0x00e78023) mem 0x00000000800120a8 0x00
core   0: 0x000000008000fecc (0xfc843703) ld      a4, -56(s0)
core   0: 3 0x000000008000fecc (0xfc843703) x14 0x0000000080012040 mem 0x0000000080031f38
core   0: 0x000000008000fed0 (0xfb843783) ld      a5, -72(s0)
core   0: 3 0x000000008000fed0 (0xfb843783) x15 0x000000000000009c mem 0x0000000080031f28
core   0: 0x000000008000fed4 (0x000097ba) c.add   a5, a4
core   0: 3 0x000000008000fed4 (0x97ba) x15 0x00000000800120dc
core   0: 0x000000008000fed6 (0xfe043703) ld      a4, -32(s0)
core   0: 3 0x000000008000fed6 (0xfe043703) x14 0x00000000800120a9 mem 0x0000000080031f50
core   0: 0x000000008000feda (0xfcf76de3) bltu    a4, a5, pc - 38
core   0: 3 0x000000008000feda (0xfcf76de3)
core   0: 0x000000008000feb4 (0xfe043783) ld      a5, -32(s0)
core   0: 3 0x000000008000feb4 (0xfe043783) x15 0x00000000800120a9 mem 0x0000000080031f50
core   0: 0x000000008000feb8 (0x00178713) addi    a4, a5, 1
core   0: 3 0x000000008000feb8 (0x00178713) x14 0x00000000800120aa
core   0: 0x000000008000febc (0xfee43023) sd      a4, -32(s0)
core   0: 3 0x000000008000febc (0xfee43023) mem 0x0000000080031f50 0x00000000800120aa
core   0: 0x000000008000fec0 (0xfc442703) lw      a4, -60(s0)
core   0: 3 0x000000008000fec0 (0xfc442703) x14 0x0000000000000000 mem 0x0000000080031f34
core   0: 0x000000008000fec4 (0x0ff77713) andi    a4, a4, 255
core   0: 3 0x000000008000fec4 (0x0ff77713) x14 0x0000000000000000
core   0: 0x000000008000fec8 (0x00e78023) sb      a4, 0(a5)
core   0: 3 0x000000008000fec8 (0x00e78023) mem 0x00000000800120a9 0x00
core   0: 0x000000008000fecc (0xfc843703) ld      a4, -56(s0)
core   0: 3 0x000000008000fecc (0xfc843703) x14 0x0000000080012040 mem 0x0000000080031f38
core   0: 0x000000008000fed0 (0xfb843783) ld      a5, -72(s0)
core   0: 3 0x000000008000fed0 (0xfb843783) x15 0x000000000000009c mem 0x0000000080031f28
core   0: 0x000000008000fed4 (0x000097ba) c.add   a5, a4
core   0: 3 0x000000008000fed4 (0x97ba) x15 0x00000000800120dc
core   0: 0x000000008000fed6 (0xfe043703) ld      a4, -32(s0)
core   0: 3 0x000000008000fed6 (0xfe043703) x14 0x00000000800120aa mem 0x0000000080031f50
core   0: 0x000000008000feda (0xfcf76de3) bltu    a4, a5, pc - 38
core   0: 3 0x000000008000feda (0xfcf76de3)
core   0: 0x000000008000feb4 (0xfe043783) ld      a5, -32(s0)
core   0: 3 0x000000008000feb4 (0xfe043783) x15 0x00000000800120aa mem 0x0000000080031f50
core   0: 0x000000008000feb8 (0x00178713) addi    a4, a5, 1
core   0: 3 0x000000008000feb8 (0x00178713) x14 0x00000000800120ab
core   0: 0x000000008000febc (0xfee43023) sd      a4, -32(s0)
core   0: 3 0x000000008000febc (0xfee43023) mem 0x0000000080031f50 0x00000000800120ab
core   0: 0x000000008000fec0 (0xfc442703) lw      a4, -60(s0)
core   0: 3 0x000000008000fec0 (0xfc442703) x14 0x0000000000000000 mem 0x0000000080031f34
core   0: 0x000000008000fec4 (0x0ff77713) andi    a4, a4, 255
core   0: 3 0x000000008000fec4 (0x0ff77713) x14 0x0000000000000000
core   0: 0x000000008000fec8 (0x00e78023) sb      a4, 0(a5)
core   0: 3 0x000000008000fec8 (0x00e78023) mem 0x00000000800120aa 0x00
core   0: 0x000000008000fecc (0xfc843703) ld      a4, -56(s0)
core   0: 3 0x000000008000fecc (0xfc843703) x14 0x0000000080012040 mem 0x0000000080031f38
core   0: 0x000000008000fed0 (0xfb843783) ld      a5, -72(s0)
core   0: 3 0x000000008000fed0 (0xfb843783) x15 0x000000000000009c mem 0x0000000080031f28
core   0: 0x000000008000fed4 (0x000097ba) c.add   a5, a4
core   0: 3 0x000000008000fed4 (0x97ba) x15 0x00000000800120dc
core   0: 0x000000008000fed6 (0xfe043703) ld      a4, -32(s0)
core   0: 3 0x000000008000fed6 (0xfe043703) x14 0x00000000800120ab mem 0x0000000080031f50
core   0: 0x000000008000feda (0xfcf76de3) bltu    a4, a5, pc - 38
core   0: 3 0x000000008000feda (0xfcf76de3)
core   0: 0x000000008000feb4 (0xfe043783) ld      a5, -32(s0)
core   0: 3 0x000000008000feb4 (0xfe043783) x15 0x00000000800120ab mem 0x0000000080031f50
core   0: 0x000000008000feb8 (0x00178713) addi    a4, a5, 1
core   0: 3 0x000000008000feb8 (0x00178713) x14 0x00000000800120ac
core   0: 0x000000008000febc (0xfee43023) sd      a4, -32(s0)
core   0: 3 0x000000008000febc (0xfee43023) mem 0x0000000080031f50 0x00000000800120ac
core   0: 0x000000008000fec0 (0xfc442703) lw      a4, -60(s0)
core   0: 3 0x000000008000fec0 (0xfc442703) x14 0x0000000000000000 mem 0x0000000080031f34
core   0: 0x000000008000fec4 (0x0ff77713) andi    a4, a4, 255
core   0: 3 0x000000008000fec4 (0x0ff77713) x14 0x0000000000000000
core   0: 0x000000008000fec8 (0x00e78023) sb      a4, 0(a5)
core   0: 3 0x000000008000fec8 (0x00e78023) mem 0x00000000800120ab 0x00
core   0: 0x000000008000fecc (0xfc843703) ld      a4, -56(s0)
core   0: 3 0x000000008000fecc (0xfc843703) x14 0x0000000080012040 mem 0x0000000080031f38
core   0: 0x000000008000fed0 (0xfb843783) ld      a5, -72(s0)
core   0: 3 0x000000008000fed0 (0xfb843783) x15 0x000000000000009c mem 0x0000000080031f28
core   0: 0x000000008000fed4 (0x000097ba) c.add   a5, a4
core   0: 3 0x000000008000fed4 (0x97ba) x15 0x00000000800120dc
core   0: 0x000000008000fed6 (0xfe043703) ld      a4, -32(s0)
core   0: 3 0x000000008000fed6 (0xfe043703) x14 0x00000000800120ac mem 0x0000000080031f50
core   0: 0x000000008000feda (0xfcf76de3) bltu    a4, a5, pc - 38
core   0: 3 0x000000008000feda (0xfcf76de3)
core   0: 0x000000008000feb4 (0xfe043783) ld      a5, -32(s0)
core   0: 3 0x000000008000feb4 (0xfe043783) x15 0x00000000800120ac mem 0x0000000080031f50
core   0: 0x000000008000feb8 (0x00178713) addi    a4, a5, 1
core   0: 3 0x000000008000feb8 (0x00178713) x14 0x00000000800120ad
core   0: 0x000000008000febc (0xfee43023) sd      a4, -32(s0)
core   0: 3 0x000000008000febc (0xfee43023) mem 0x0000000080031f50 0x00000000800120ad
core   0: 0x000000008000fec0 (0xfc442703) lw      a4, -60(s0)
core   0: 3 0x000000008000fec0 (0xfc442703) x14 0x0000000000000000 mem 0x0000000080031f34
core   0: 0x000000008000fec4 (0x0ff77713) andi    a4, a4, 255
core   0: 3 0x000000008000fec4 (0x0ff77713) x14 0x0000000000000000
core   0: 0x000000008000fec8 (0x00e78023) sb      a4, 0(a5)
core   0: 3 0x000000008000fec8 (0x00e78023) mem 0x00000000800120ac 0x00
core   0: 0x000000008000fecc (0xfc843703) ld      a4, -56(s0)
core   0: 3 0x000000008000fecc (0xfc843703) x14 0x0000000080012040 mem 0x0000000080031f38
core   0: 0x000000008000fed0 (0xfb843783) ld      a5, -72(s0)
core   0: 3 0x000000008000fed0 (0xfb843783) x15 0x000000000000009c mem 0x0000000080031f28
core   0: 0x000000008000fed4 (0x000097ba) c.add   a5, a4
core   0: 3 0x000000008000fed4 (0x97ba) x15 0x00000000800120dc
core   0: 0x000000008000fed6 (0xfe043703) ld      a4, -32(s0)
core   0: 3 0x000000008000fed6 (0xfe043703) x14 0x00000000800120ad mem 0x0000000080031f50
core   0: 0x000000008000feda (0xfcf76de3) bltu    a4, a5, pc - 38
core   0: 3 0x000000008000feda (0xfcf76de3)
core   0: 0x000000008000feb4 (0xfe043783) ld      a5, -32(s0)
core   0: 3 0x000000008000feb4 (0xfe043783) x15 0x00000000800120ad mem 0x0000000080031f50
core   0: 0x000000008000feb8 (0x00178713) addi    a4, a5, 1
core   0: 3 0x000000008000feb8 (0x00178713) x14 0x00000000800120ae
core   0: 0x000000008000febc (0xfee43023) sd      a4, -32(s0)
core   0: 3 0x000000008000febc (0xfee43023) mem 0x0000000080031f50 0x00000000800120ae
core   0: 0x000000008000fec0 (0xfc442703) lw      a4, -60(s0)
core   0: 3 0x000000008000fec0 (0xfc442703) x14 0x0000000000000000 mem 0x0000000080031f34
core   0: 0x000000008000fec4 (0x0ff77713) andi    a4, a4, 255
core   0: 3 0x000000008000fec4 (0x0ff77713) x14 0x0000000000000000
core   0: 0x000000008000fec8 (0x00e78023) sb      a4, 0(a5)
core   0: 3 0x000000008000fec8 (0x00e78023) mem 0x00000000800120ad 0x00
core   0: 0x000000008000fecc (0xfc843703) ld      a4, -56(s0)
core   0: 3 0x000000008000fecc (0xfc843703) x14 0x0000000080012040 mem 0x0000000080031f38
core   0: 0x000000008000fed0 (0xfb843783) ld      a5, -72(s0)
core   0: 3 0x000000008000fed0 (0xfb843783) x15 0x000000000000009c mem 0x0000000080031f28
core   0: 0x000000008000fed4 (0x000097ba) c.add   a5, a4
core   0: 3 0x000000008000fed4 (0x97ba) x15 0x00000000800120dc
core   0: 0x000000008000fed6 (0xfe043703) ld      a4, -32(s0)
core   0: 3 0x000000008000fed6 (0xfe043703) x14 0x00000000800120ae mem 0x0000000080031f50
core   0: 0x000000008000feda (0xfcf76de3) bltu    a4, a5, pc - 38
core   0: 3 0x000000008000feda (0xfcf76de3)
core   0: 0x000000008000feb4 (0xfe043783) ld      a5, -32(s0)
core   0: 3 0x000000008000feb4 (0xfe043783) x15 0x00000000800120ae mem 0x0000000080031f50
core   0: 0x000000008000feb8 (0x00178713) addi    a4, a5, 1
core   0: 3 0x000000008000feb8 (0x00178713) x14 0x00000000800120af
core   0: 0x000000008000febc (0xfee43023) sd      a4, -32(s0)
core   0: 3 0x000000008000febc (0xfee43023) mem 0x0000000080031f50 0x00000000800120af
core   0: 0x000000008000fec0 (0xfc442703) lw      a4, -60(s0)
core   0: 3 0x000000008000fec0 (0xfc442703) x14 0x0000000000000000 mem 0x0000000080031f34
core   0: 0x000000008000fec4 (0x0ff77713) andi    a4, a4, 255
core   0: 3 0x000000008000fec4 (0x0ff77713) x14 0x0000000000000000
core   0: 0x000000008000fec8 (0x00e78023) sb      a4, 0(a5)
core   0: 3 0x000000008000fec8 (0x00e78023) mem 0x00000000800120ae 0x00
core   0: 0x000000008000fecc (0xfc843703) ld      a4, -56(s0)
core   0: 3 0x000000008000fecc (0xfc843703) x14 0x0000000080012040 mem 0x0000000080031f38
core   0: 0x000000008000fed0 (0xfb843783) ld      a5, -72(s0)
core   0: 3 0x000000008000fed0 (0xfb843783) x15 0x000000000000009c mem 0x0000000080031f28
core   0: 0x000000008000fed4 (0x000097ba) c.add   a5, a4
core   0: 3 0x000000008000fed4 (0x97ba) x15 0x00000000800120dc
core   0: 0x000000008000fed6 (0xfe043703) ld      a4, -32(s0)
core   0: 3 0x000000008000fed6 (0xfe043703) x14 0x00000000800120af mem 0x0000000080031f50
core   0: 0x000000008000feda (0xfcf76de3) bltu    a4, a5, pc - 38
core   0: 3 0x000000008000feda (0xfcf76de3)
core   0: 0x000000008000feb4 (0xfe043783) ld      a5, -32(s0)
core   0: 3 0x000000008000feb4 (0xfe043783) x15 0x00000000800120af mem 0x0000000080031f50
core   0: 0x000000008000feb8 (0x00178713) addi    a4, a5, 1
core   0: 3 0x000000008000feb8 (0x00178713) x14 0x00000000800120b0
core   0: 0x000000008000febc (0xfee43023) sd      a4, -32(s0)
core   0: 3 0x000000008000febc (0xfee43023) mem 0x0000000080031f50 0x00000000800120b0
core   0: 0x000000008000fec0 (0xfc442703) lw      a4, -60(s0)
core   0: 3 0x000000008000fec0 (0xfc442703) x14 0x0000000000000000 mem 0x0000000080031f34
core   0: 0x000000008000fec4 (0x0ff77713) andi    a4, a4, 255
core   0: 3 0x000000008000fec4 (0x0ff77713) x14 0x0000000000000000
core   0: 0x000000008000fec8 (0x00e78023) sb      a4, 0(a5)
core   0: 3 0x000000008000fec8 (0x00e78023) mem 0x00000000800120af 0x00
core   0: 0x000000008000fecc (0xfc843703) ld      a4, -56(s0)
core   0: 3 0x000000008000fecc (0xfc843703) x14 0x0000000080012040 mem 0x0000000080031f38
core   0: 0x000000008000fed0 (0xfb843783) ld      a5, -72(s0)
core   0: 3 0x000000008000fed0 (0xfb843783) x15 0x000000000000009c mem 0x0000000080031f28
core   0: 0x000000008000fed4 (0x000097ba) c.add   a5, a4
core   0: 3 0x000000008000fed4 (0x97ba) x15 0x00000000800120dc
core   0: 0x000000008000fed6 (0xfe043703) ld      a4, -32(s0)
core   0: 3 0x000000008000fed6 (0xfe043703) x14 0x00000000800120b0 mem 0x0000000080031f50
core   0: 0x000000008000feda (0xfcf76de3) bltu    a4, a5, pc - 38
core   0: 3 0x000000008000feda (0xfcf76de3)
core   0: 0x000000008000feb4 (0xfe043783) ld      a5, -32(s0)
core   0: 3 0x000000008000feb4 (0xfe043783) x15 0x00000000800120b0 mem 0x0000000080031f50
core   0: 0x000000008000feb8 (0x00178713) addi    a4, a5, 1
core   0: 3 0x000000008000feb8 (0x00178713) x14 0x00000000800120b1
core   0: 0x000000008000febc (0xfee43023) sd      a4, -32(s0)
core   0: 3 0x000000008000febc (0xfee43023) mem 0x0000000080031f50 0x00000000800120b1
core   0: 0x000000008000fec0 (0xfc442703) lw      a4, -60(s0)
core   0: 3 0x000000008000fec0 (0xfc442703) x14 0x0000000000000000 mem 0x0000000080031f34
core   0: 0x000000008000fec4 (0x0ff77713) andi    a4, a4, 255
core   0: 3 0x000000008000fec4 (0x0ff77713) x14 0x0000000000000000
core   0: 0x000000008000fec8 (0x00e78023) sb      a4, 0(a5)
core   0: 3 0x000000008000fec8 (0x00e78023) mem 0x00000000800120b0 0x00
core   0: 0x000000008000fecc (0xfc843703) ld      a4, -56(s0)
core   0: 3 0x000000008000fecc (0xfc843703) x14 0x0000000080012040 mem 0x0000000080031f38
core   0: 0x000000008000fed0 (0xfb843783) ld      a5, -72(s0)
core   0: 3 0x000000008000fed0 (0xfb843783) x15 0x000000000000009c mem 0x0000000080031f28
core   0: 0x000000008000fed4 (0x000097ba) c.add   a5, a4
core   0: 3 0x000000008000fed4 (0x97ba) x15 0x00000000800120dc
core   0: 0x000000008000fed6 (0xfe043703) ld      a4, -32(s0)
core   0: 3 0x000000008000fed6 (0xfe043703) x14 0x00000000800120b1 mem 0x0000000080031f50
core   0: 0x000000008000feda (0xfcf76de3) bltu    a4, a5, pc - 38
core   0: 3 0x000000008000feda (0xfcf76de3)
core   0: 0x000000008000feb4 (0xfe043783) ld      a5, -32(s0)
core   0: 3 0x000000008000feb4 (0xfe043783) x15 0x00000000800120b1 mem 0x0000000080031f50
core   0: 0x000000008000feb8 (0x00178713) addi    a4, a5, 1
core   0: 3 0x000000008000feb8 (0x00178713) x14 0x00000000800120b2
core   0: 0x000000008000febc (0xfee43023) sd      a4, -32(s0)
core   0: 3 0x000000008000febc (0xfee43023) mem 0x0000000080031f50 0x00000000800120b2
core   0: 0x000000008000fec0 (0xfc442703) lw      a4, -60(s0)
core   0: 3 0x000000008000fec0 (0xfc442703) x14 0x0000000000000000 mem 0x0000000080031f34
core   0: 0x000000008000fec4 (0x0ff77713) andi    a4, a4, 255
core   0: 3 0x000000008000fec4 (0x0ff77713) x14 0x0000000000000000
core   0: 0x000000008000fec8 (0x00e78023) sb      a4, 0(a5)
core   0: 3 0x000000008000fec8 (0x00e78023) mem 0x00000000800120b1 0x00
core   0: 0x000000008000fecc (0xfc843703) ld      a4, -56(s0)
core   0: 3 0x000000008000fecc (0xfc843703) x14 0x0000000080012040 mem 0x0000000080031f38
core   0: 0x000000008000fed0 (0xfb843783) ld      a5, -72(s0)
core   0: 3 0x000000008000fed0 (0xfb843783) x15 0x000000000000009c mem 0x0000000080031f28
core   0: 0x000000008000fed4 (0x000097ba) c.add   a5, a4
core   0: 3 0x000000008000fed4 (0x97ba) x15 0x00000000800120dc
core   0: 0x000000008000fed6 (0xfe043703) ld      a4, -32(s0)
core   0: 3 0x000000008000fed6 (0xfe043703) x14 0x00000000800120b2 mem 0x0000000080031f50
core   0: 0x000000008000feda (0xfcf76de3) bltu    a4, a5, pc - 38
core   0: 3 0x000000008000feda (0xfcf76de3)
core   0: 0x000000008000feb4 (0xfe043783) ld      a5, -32(s0)
core   0: 3 0x000000008000feb4 (0xfe043783) x15 0x00000000800120b2 mem 0x0000000080031f50
core   0: 0x000000008000feb8 (0x00178713) addi    a4, a5, 1
core   0: 3 0x000000008000feb8 (0x00178713) x14 0x00000000800120b3
core   0: 0x000000008000febc (0xfee43023) sd      a4, -32(s0)
core   0: 3 0x000000008000febc (0xfee43023) mem 0x0000000080031f50 0x00000000800120b3
core   0: 0x000000008000fec0 (0xfc442703) lw      a4, -60(s0)
core   0: 3 0x000000008000fec0 (0xfc442703) x14 0x0000000000000000 mem 0x0000000080031f34
core   0: 0x000000008000fec4 (0x0ff77713) andi    a4, a4, 255
core   0: 3 0x000000008000fec4 (0x0ff77713) x14 0x0000000000000000
core   0: 0x000000008000fec8 (0x00e78023) sb      a4, 0(a5)
core   0: 3 0x000000008000fec8 (0x00e78023) mem 0x00000000800120b2 0x00
core   0: 0x000000008000fecc (0xfc843703) ld      a4, -56(s0)
core   0: 3 0x000000008000fecc (0xfc843703) x14 0x0000000080012040 mem 0x0000000080031f38
core   0: 0x000000008000fed0 (0xfb843783) ld      a5, -72(s0)
core   0: 3 0x000000008000fed0 (0xfb843783) x15 0x000000000000009c mem 0x0000000080031f28
core   0: 0x000000008000fed4 (0x000097ba) c.add   a5, a4
core   0: 3 0x000000008000fed4 (0x97ba) x15 0x00000000800120dc
core   0: 0x000000008000fed6 (0xfe043703) ld      a4, -32(s0)
core   0: 3 0x000000008000fed6 (0xfe043703) x14 0x00000000800120b3 mem 0x0000000080031f50
core   0: 0x000000008000feda (0xfcf76de3) bltu    a4, a5, pc - 38
core   0: 3 0x000000008000feda (0xfcf76de3)
core   0: 0x000000008000feb4 (0xfe043783) ld      a5, -32(s0)
core   0: 3 0x000000008000feb4 (0xfe043783) x15 0x00000000800120b3 mem 0x0000000080031f50
core   0: 0x000000008000feb8 (0x00178713) addi    a4, a5, 1
core   0: 3 0x000000008000feb8 (0x00178713) x14 0x00000000800120b4
core   0: 0x000000008000febc (0xfee43023) sd      a4, -32(s0)
core   0: 3 0x000000008000febc (0xfee43023) mem 0x0000000080031f50 0x00000000800120b4
core   0: 0x000000008000fec0 (0xfc442703) lw      a4, -60(s0)
core   0: 3 0x000000008000fec0 (0xfc442703) x14 0x0000000000000000 mem 0x0000000080031f34
core   0: 0x000000008000fec4 (0x0ff77713) andi    a4, a4, 255
core   0: 3 0x000000008000fec4 (0x0ff77713) x14 0x0000000000000000
core   0: 0x000000008000fec8 (0x00e78023) sb      a4, 0(a5)
core   0: 3 0x000000008000fec8 (0x00e78023) mem 0x00000000800120b3 0x00
core   0: 0x000000008000fecc (0xfc843703) ld      a4, -56(s0)
core   0: 3 0x000000008000fecc (0xfc843703) x14 0x0000000080012040 mem 0x0000000080031f38
core   0: 0x000000008000fed0 (0xfb843783) ld      a5, -72(s0)
core   0: 3 0x000000008000fed0 (0xfb843783) x15 0x000000000000009c mem 0x0000000080031f28
core   0: 0x000000008000fed4 (0x000097ba) c.add   a5, a4
core   0: 3 0x000000008000fed4 (0x97ba) x15 0x00000000800120dc
core   0: 0x000000008000fed6 (0xfe043703) ld      a4, -32(s0)
core   0: 3 0x000000008000fed6 (0xfe043703) x14 0x00000000800120b4 mem 0x0000000080031f50
core   0: 0x000000008000feda (0xfcf76de3) bltu    a4, a5, pc - 38
core   0: 3 0x000000008000feda (0xfcf76de3)
core   0: 0x000000008000feb4 (0xfe043783) ld      a5, -32(s0)
core   0: 3 0x000000008000feb4 (0xfe043783) x15 0x00000000800120b4 mem 0x0000000080031f50
core   0: 0x000000008000feb8 (0x00178713) addi    a4, a5, 1
core   0: 3 0x000000008000feb8 (0x00178713) x14 0x00000000800120b5
core   0: 0x000000008000febc (0xfee43023) sd      a4, -32(s0)
core   0: 3 0x000000008000febc (0xfee43023) mem 0x0000000080031f50 0x00000000800120b5
core   0: 0x000000008000fec0 (0xfc442703) lw      a4, -60(s0)
core   0: 3 0x000000008000fec0 (0xfc442703) x14 0x0000000000000000 mem 0x0000000080031f34
core   0: 0x000000008000fec4 (0x0ff77713) andi    a4, a4, 255
core   0: 3 0x000000008000fec4 (0x0ff77713) x14 0x0000000000000000
core   0: 0x000000008000fec8 (0x00e78023) sb      a4, 0(a5)
core   0: 3 0x000000008000fec8 (0x00e78023) mem 0x00000000800120b4 0x00
core   0: 0x000000008000fecc (0xfc843703) ld      a4, -56(s0)
core   0: 3 0x000000008000fecc (0xfc843703) x14 0x0000000080012040 mem 0x0000000080031f38
core   0: 0x000000008000fed0 (0xfb843783) ld      a5, -72(s0)
core   0: 3 0x000000008000fed0 (0xfb843783) x15 0x000000000000009c mem 0x0000000080031f28
core   0: 0x000000008000fed4 (0x000097ba) c.add   a5, a4
core   0: 3 0x000000008000fed4 (0x97ba) x15 0x00000000800120dc
core   0: 0x000000008000fed6 (0xfe043703) ld      a4, -32(s0)
core   0: 3 0x000000008000fed6 (0xfe043703) x14 0x00000000800120b5 mem 0x0000000080031f50
core   0: 0x000000008000feda (0xfcf76de3) bltu    a4, a5, pc - 38
core   0: 3 0x000000008000feda (0xfcf76de3)
core   0: 0x000000008000feb4 (0xfe043783) ld      a5, -32(s0)
core   0: 3 0x000000008000feb4 (0xfe043783) x15 0x00000000800120b5 mem 0x0000000080031f50
core   0: 0x000000008000feb8 (0x00178713) addi    a4, a5, 1
core   0: 3 0x000000008000feb8 (0x00178713) x14 0x00000000800120b6
core   0: 0x000000008000febc (0xfee43023) sd      a4, -32(s0)
core   0: 3 0x000000008000febc (0xfee43023) mem 0x0000000080031f50 0x00000000800120b6
core   0: 0x000000008000fec0 (0xfc442703) lw      a4, -60(s0)
core   0: 3 0x000000008000fec0 (0xfc442703) x14 0x0000000000000000 mem 0x0000000080031f34
core   0: 0x000000008000fec4 (0x0ff77713) andi    a4, a4, 255
core   0: 3 0x000000008000fec4 (0x0ff77713) x14 0x0000000000000000
core   0: 0x000000008000fec8 (0x00e78023) sb      a4, 0(a5)
core   0: 3 0x000000008000fec8 (0x00e78023) mem 0x00000000800120b5 0x00
core   0: 0x000000008000fecc (0xfc843703) ld      a4, -56(s0)
core   0: 3 0x000000008000fecc (0xfc843703) x14 0x0000000080012040 mem 0x0000000080031f38
core   0: 0x000000008000fed0 (0xfb843783) ld      a5, -72(s0)
core   0: 3 0x000000008000fed0 (0xfb843783) x15 0x000000000000009c mem 0x0000000080031f28
core   0: 0x000000008000fed4 (0x000097ba) c.add   a5, a4
core   0: 3 0x000000008000fed4 (0x97ba) x15 0x00000000800120dc
core   0: 0x000000008000fed6 (0xfe043703) ld      a4, -32(s0)
core   0: 3 0x000000008000fed6 (0xfe043703) x14 0x00000000800120b6 mem 0x0000000080031f50
core   0: 0x000000008000feda (0xfcf76de3) bltu    a4, a5, pc - 38
core   0: 3 0x000000008000feda (0xfcf76de3)
core   0: 0x000000008000feb4 (0xfe043783) ld      a5, -32(s0)
core   0: 3 0x000000008000feb4 (0xfe043783) x15 0x00000000800120b6 mem 0x0000000080031f50
core   0: 0x000000008000feb8 (0x00178713) addi    a4, a5, 1
core   0: 3 0x000000008000feb8 (0x00178713) x14 0x00000000800120b7
core   0: 0x000000008000febc (0xfee43023) sd      a4, -32(s0)
core   0: 3 0x000000008000febc (0xfee43023) mem 0x0000000080031f50 0x00000000800120b7
core   0: 0x000000008000fec0 (0xfc442703) lw      a4, -60(s0)
core   0: 3 0x000000008000fec0 (0xfc442703) x14 0x0000000000000000 mem 0x0000000080031f34
core   0: 0x000000008000fec4 (0x0ff77713) andi    a4, a4, 255
core   0: 3 0x000000008000fec4 (0x0ff77713) x14 0x0000000000000000
core   0: 0x000000008000fec8 (0x00e78023) sb      a4, 0(a5)
core   0: 3 0x000000008000fec8 (0x00e78023) mem 0x00000000800120b6 0x00
core   0: 0x000000008000fecc (0xfc843703) ld      a4, -56(s0)
core   0: 3 0x000000008000fecc (0xfc843703) x14 0x0000000080012040 mem 0x0000000080031f38
core   0: 0x000000008000fed0 (0xfb843783) ld      a5, -72(s0)
core   0: 3 0x000000008000fed0 (0xfb843783) x15 0x000000000000009c mem 0x0000000080031f28
core   0: 0x000000008000fed4 (0x000097ba) c.add   a5, a4
core   0: 3 0x000000008000fed4 (0x97ba) x15 0x00000000800120dc
core   0: 0x000000008000fed6 (0xfe043703) ld      a4, -32(s0)
core   0: 3 0x000000008000fed6 (0xfe043703) x14 0x00000000800120b7 mem 0x0000000080031f50
core   0: 0x000000008000feda (0xfcf76de3) bltu    a4, a5, pc - 38
core   0: 3 0x000000008000feda (0xfcf76de3)
core   0: 0x000000008000feb4 (0xfe043783) ld      a5, -32(s0)
core   0: 3 0x000000008000feb4 (0xfe043783) x15 0x00000000800120b7 mem 0x0000000080031f50
core   0: 0x000000008000feb8 (0x00178713) addi    a4, a5, 1
core   0: 3 0x000000008000feb8 (0x00178713) x14 0x00000000800120b8
core   0: 0x000000008000febc (0xfee43023) sd      a4, -32(s0)
core   0: 3 0x000000008000febc (0xfee43023) mem 0x0000000080031f50 0x00000000800120b8
core   0: 0x000000008000fec0 (0xfc442703) lw      a4, -60(s0)
core   0: 3 0x000000008000fec0 (0xfc442703) x14 0x0000000000000000 mem 0x0000000080031f34
core   0: 0x000000008000fec4 (0x0ff77713) andi    a4, a4, 255
core   0: 3 0x000000008000fec4 (0x0ff77713) x14 0x0000000000000000
core   0: 0x000000008000fec8 (0x00e78023) sb      a4, 0(a5)
core   0: 3 0x000000008000fec8 (0x00e78023) mem 0x00000000800120b7 0x00
core   0: 0x000000008000fecc (0xfc843703) ld      a4, -56(s0)
core   0: 3 0x000000008000fecc (0xfc843703) x14 0x0000000080012040 mem 0x0000000080031f38
core   0: 0x000000008000fed0 (0xfb843783) ld      a5, -72(s0)
core   0: 3 0x000000008000fed0 (0xfb843783) x15 0x000000000000009c mem 0x0000000080031f28
core   0: 0x000000008000fed4 (0x000097ba) c.add   a5, a4
core   0: 3 0x000000008000fed4 (0x97ba) x15 0x00000000800120dc
core   0: 0x000000008000fed6 (0xfe043703) ld      a4, -32(s0)
core   0: 3 0x000000008000fed6 (0xfe043703) x14 0x00000000800120b8 mem 0x0000000080031f50
core   0: 0x000000008000feda (0xfcf76de3) bltu    a4, a5, pc - 38
core   0: 3 0x000000008000feda (0xfcf76de3)
core   0: 0x000000008000feb4 (0xfe043783) ld      a5, -32(s0)
core   0: 3 0x000000008000feb4 (0xfe043783) x15 0x00000000800120b8 mem 0x0000000080031f50
core   0: 0x000000008000feb8 (0x00178713) addi    a4, a5, 1
core   0: 3 0x000000008000feb8 (0x00178713) x14 0x00000000800120b9
core   0: 0x000000008000febc (0xfee43023) sd      a4, -32(s0)
core   0: 3 0x000000008000febc (0xfee43023) mem 0x0000000080031f50 0x00000000800120b9
core   0: 0x000000008000fec0 (0xfc442703) lw      a4, -60(s0)
core   0: 3 0x000000008000fec0 (0xfc442703) x14 0x0000000000000000 mem 0x0000000080031f34
core   0: 0x000000008000fec4 (0x0ff77713) andi    a4, a4, 255
core   0: 3 0x000000008000fec4 (0x0ff77713) x14 0x0000000000000000
core   0: 0x000000008000fec8 (0x00e78023) sb      a4, 0(a5)
core   0: 3 0x000000008000fec8 (0x00e78023) mem 0x00000000800120b8 0x00
core   0: 0x000000008000fecc (0xfc843703) ld      a4, -56(s0)
core   0: 3 0x000000008000fecc (0xfc843703) x14 0x0000000080012040 mem 0x0000000080031f38
core   0: 0x000000008000fed0 (0xfb843783) ld      a5, -72(s0)
core   0: 3 0x000000008000fed0 (0xfb843783) x15 0x000000000000009c mem 0x0000000080031f28
core   0: 0x000000008000fed4 (0x000097ba) c.add   a5, a4
core   0: 3 0x000000008000fed4 (0x97ba) x15 0x00000000800120dc
core   0: 0x000000008000fed6 (0xfe043703) ld      a4, -32(s0)
core   0: 3 0x000000008000fed6 (0xfe043703) x14 0x00000000800120b9 mem 0x0000000080031f50
core   0: 0x000000008000feda (0xfcf76de3) bltu    a4, a5, pc - 38
core   0: 3 0x000000008000feda (0xfcf76de3)
core   0: 0x000000008000feb4 (0xfe043783) ld      a5, -32(s0)
core   0: 3 0x000000008000feb4 (0xfe043783) x15 0x00000000800120b9 mem 0x0000000080031f50
core   0: 0x000000008000feb8 (0x00178713) addi    a4, a5, 1
core   0: 3 0x000000008000feb8 (0x00178713) x14 0x00000000800120ba
core   0: 0x000000008000febc (0xfee43023) sd      a4, -32(s0)
core   0: 3 0x000000008000febc (0xfee43023) mem 0x0000000080031f50 0x00000000800120ba
core   0: 0x000000008000fec0 (0xfc442703) lw      a4, -60(s0)
core   0: 3 0x000000008000fec0 (0xfc442703) x14 0x0000000000000000 mem 0x0000000080031f34
core   0: 0x000000008000fec4 (0x0ff77713) andi    a4, a4, 255
core   0: 3 0x000000008000fec4 (0x0ff77713) x14 0x0000000000000000
core   0: 0x000000008000fec8 (0x00e78023) sb      a4, 0(a5)
core   0: 3 0x000000008000fec8 (0x00e78023) mem 0x00000000800120b9 0x00
core   0: 0x000000008000fecc (0xfc843703) ld      a4, -56(s0)
core   0: 3 0x000000008000fecc (0xfc843703) x14 0x0000000080012040 mem 0x0000000080031f38
core   0: 0x000000008000fed0 (0xfb843783) ld      a5, -72(s0)
core   0: 3 0x000000008000fed0 (0xfb843783) x15 0x000000000000009c mem 0x0000000080031f28
core   0: 0x000000008000fed4 (0x000097ba) c.add   a5, a4
core   0: 3 0x000000008000fed4 (0x97ba) x15 0x00000000800120dc
core   0: 0x000000008000fed6 (0xfe043703) ld      a4, -32(s0)
core   0: 3 0x000000008000fed6 (0xfe043703) x14 0x00000000800120ba mem 0x0000000080031f50
core   0: 0x000000008000feda (0xfcf76de3) bltu    a4, a5, pc - 38
core   0: 3 0x000000008000feda (0xfcf76de3)
core   0: 0x000000008000feb4 (0xfe043783) ld      a5, -32(s0)
core   0: 3 0x000000008000feb4 (0xfe043783) x15 0x00000000800120ba mem 0x0000000080031f50
core   0: 0x000000008000feb8 (0x00178713) addi    a4, a5, 1
core   0: 3 0x000000008000feb8 (0x00178713) x14 0x00000000800120bb
core   0: 0x000000008000febc (0xfee43023) sd      a4, -32(s0)
core   0: 3 0x000000008000febc (0xfee43023) mem 0x0000000080031f50 0x00000000800120bb
core   0: 0x000000008000fec0 (0xfc442703) lw      a4, -60(s0)
core   0: 3 0x000000008000fec0 (0xfc442703) x14 0x0000000000000000 mem 0x0000000080031f34
core   0: 0x000000008000fec4 (0x0ff77713) andi    a4, a4, 255
core   0: 3 0x000000008000fec4 (0x0ff77713) x14 0x0000000000000000
core   0: 0x000000008000fec8 (0x00e78023) sb      a4, 0(a5)
core   0: 3 0x000000008000fec8 (0x00e78023) mem 0x00000000800120ba 0x00
core   0: 0x000000008000fecc (0xfc843703) ld      a4, -56(s0)
core   0: 3 0x000000008000fecc (0xfc843703) x14 0x0000000080012040 mem 0x0000000080031f38
core   0: 0x000000008000fed0 (0xfb843783) ld      a5, -72(s0)
core   0: 3 0x000000008000fed0 (0xfb843783) x15 0x000000000000009c mem 0x0000000080031f28
core   0: 0x000000008000fed4 (0x000097ba) c.add   a5, a4
core   0: 3 0x000000008000fed4 (0x97ba) x15 0x00000000800120dc
core   0: 0x000000008000fed6 (0xfe043703) ld      a4, -32(s0)
core   0: 3 0x000000008000fed6 (0xfe043703) x14 0x00000000800120bb mem 0x0000000080031f50
core   0: 0x000000008000feda (0xfcf76de3) bltu    a4, a5, pc - 38
core   0: 3 0x000000008000feda (0xfcf76de3)
core   0: 0x000000008000feb4 (0xfe043783) ld      a5, -32(s0)
core   0: 3 0x000000008000feb4 (0xfe043783) x15 0x00000000800120bb mem 0x0000000080031f50
core   0: 0x000000008000feb8 (0x00178713) addi    a4, a5, 1
core   0: 3 0x000000008000feb8 (0x00178713) x14 0x00000000800120bc
core   0: 0x000000008000febc (0xfee43023) sd      a4, -32(s0)
core   0: 3 0x000000008000febc (0xfee43023) mem 0x0000000080031f50 0x00000000800120bc
core   0: 0x000000008000fec0 (0xfc442703) lw      a4, -60(s0)
core   0: 3 0x000000008000fec0 (0xfc442703) x14 0x0000000000000000 mem 0x0000000080031f34
core   0: 0x000000008000fec4 (0x0ff77713) andi    a4, a4, 255
core   0: 3 0x000000008000fec4 (0x0ff77713) x14 0x0000000000000000
core   0: 0x000000008000fec8 (0x00e78023) sb      a4, 0(a5)
core   0: 3 0x000000008000fec8 (0x00e78023) mem 0x00000000800120bb 0x00
core   0: 0x000000008000fecc (0xfc843703) ld      a4, -56(s0)
core   0: 3 0x000000008000fecc (0xfc843703) x14 0x0000000080012040 mem 0x0000000080031f38
core   0: 0x000000008000fed0 (0xfb843783) ld      a5, -72(s0)
core   0: 3 0x000000008000fed0 (0xfb843783) x15 0x000000000000009c mem 0x0000000080031f28
core   0: 0x000000008000fed4 (0x000097ba) c.add   a5, a4
core   0: 3 0x000000008000fed4 (0x97ba) x15 0x00000000800120dc
core   0: 0x000000008000fed6 (0xfe043703) ld      a4, -32(s0)
core   0: 3 0x000000008000fed6 (0xfe043703) x14 0x00000000800120bc mem 0x0000000080031f50
core   0: 0x000000008000feda (0xfcf76de3) bltu    a4, a5, pc - 38
core   0: 3 0x000000008000feda (0xfcf76de3)
core   0: 0x000000008000feb4 (0xfe043783) ld      a5, -32(s0)
core   0: 3 0x000000008000feb4 (0xfe043783) x15 0x00000000800120bc mem 0x0000000080031f50
core   0: 0x000000008000feb8 (0x00178713) addi    a4, a5, 1
core   0: 3 0x000000008000feb8 (0x00178713) x14 0x00000000800120bd
core   0: 0x000000008000febc (0xfee43023) sd      a4, -32(s0)
core   0: 3 0x000000008000febc (0xfee43023) mem 0x0000000080031f50 0x00000000800120bd
core   0: 0x000000008000fec0 (0xfc442703) lw      a4, -60(s0)
core   0: 3 0x000000008000fec0 (0xfc442703) x14 0x0000000000000000 mem 0x0000000080031f34
core   0: 0x000000008000fec4 (0x0ff77713) andi    a4, a4, 255
core   0: 3 0x000000008000fec4 (0x0ff77713) x14 0x0000000000000000
core   0: 0x000000008000fec8 (0x00e78023) sb      a4, 0(a5)
core   0: 3 0x000000008000fec8 (0x00e78023) mem 0x00000000800120bc 0x00
core   0: 0x000000008000fecc (0xfc843703) ld      a4, -56(s0)
core   0: 3 0x000000008000fecc (0xfc843703) x14 0x0000000080012040 mem 0x0000000080031f38
core   0: 0x000000008000fed0 (0xfb843783) ld      a5, -72(s0)
core   0: 3 0x000000008000fed0 (0xfb843783) x15 0x000000000000009c mem 0x0000000080031f28
core   0: 0x000000008000fed4 (0x000097ba) c.add   a5, a4
core   0: 3 0x000000008000fed4 (0x97ba) x15 0x00000000800120dc
core   0: 0x000000008000fed6 (0xfe043703) ld      a4, -32(s0)
core   0: 3 0x000000008000fed6 (0xfe043703) x14 0x00000000800120bd mem 0x0000000080031f50
core   0: 0x000000008000feda (0xfcf76de3) bltu    a4, a5, pc - 38
core   0: 3 0x000000008000feda (0xfcf76de3)
core   0: 0x000000008000feb4 (0xfe043783) ld      a5, -32(s0)
core   0: 3 0x000000008000feb4 (0xfe043783) x15 0x00000000800120bd mem 0x0000000080031f50
core   0: 0x000000008000feb8 (0x00178713) addi    a4, a5, 1
core   0: 3 0x000000008000feb8 (0x00178713) x14 0x00000000800120be
core   0: 0x000000008000febc (0xfee43023) sd      a4, -32(s0)
core   0: 3 0x000000008000febc (0xfee43023) mem 0x0000000080031f50 0x00000000800120be
core   0: 0x000000008000fec0 (0xfc442703) lw      a4, -60(s0)
core   0: 3 0x000000008000fec0 (0xfc442703) x14 0x0000000000000000 mem 0x0000000080031f34
core   0: 0x000000008000fec4 (0x0ff77713) andi    a4, a4, 255
core   0: 3 0x000000008000fec4 (0x0ff77713) x14 0x0000000000000000
core   0: 0x000000008000fec8 (0x00e78023) sb      a4, 0(a5)
core   0: 3 0x000000008000fec8 (0x00e78023) mem 0x00000000800120bd 0x00
core   0: 0x000000008000fecc (0xfc843703) ld      a4, -56(s0)
core   0: 3 0x000000008000fecc (0xfc843703) x14 0x0000000080012040 mem 0x0000000080031f38
core   0: 0x000000008000fed0 (0xfb843783) ld      a5, -72(s0)
core   0: 3 0x000000008000fed0 (0xfb843783) x15 0x000000000000009c mem 0x0000000080031f28
core   0: 0x000000008000fed4 (0x000097ba) c.add   a5, a4
core   0: 3 0x000000008000fed4 (0x97ba) x15 0x00000000800120dc
core   0: 0x000000008000fed6 (0xfe043703) ld      a4, -32(s0)
core   0: 3 0x000000008000fed6 (0xfe043703) x14 0x00000000800120be mem 0x0000000080031f50
core   0: 0x000000008000feda (0xfcf76de3) bltu    a4, a5, pc - 38
core   0: 3 0x000000008000feda (0xfcf76de3)
core   0: 0x000000008000feb4 (0xfe043783) ld      a5, -32(s0)
core   0: 3 0x000000008000feb4 (0xfe043783) x15 0x00000000800120be mem 0x0000000080031f50
core   0: 0x000000008000feb8 (0x00178713) addi    a4, a5, 1
core   0: 3 0x000000008000feb8 (0x00178713) x14 0x00000000800120bf
core   0: 0x000000008000febc (0xfee43023) sd      a4, -32(s0)
core   0: 3 0x000000008000febc (0xfee43023) mem 0x0000000080031f50 0x00000000800120bf
core   0: 0x000000008000fec0 (0xfc442703) lw      a4, -60(s0)
core   0: 3 0x000000008000fec0 (0xfc442703) x14 0x0000000000000000 mem 0x0000000080031f34
core   0: 0x000000008000fec4 (0x0ff77713) andi    a4, a4, 255
core   0: 3 0x000000008000fec4 (0x0ff77713) x14 0x0000000000000000
core   0: 0x000000008000fec8 (0x00e78023) sb      a4, 0(a5)
core   0: 3 0x000000008000fec8 (0x00e78023) mem 0x00000000800120be 0x00
core   0: 0x000000008000fecc (0xfc843703) ld      a4, -56(s0)
core   0: 3 0x000000008000fecc (0xfc843703) x14 0x0000000080012040 mem 0x0000000080031f38
core   0: 0x000000008000fed0 (0xfb843783) ld      a5, -72(s0)
core   0: 3 0x000000008000fed0 (0xfb843783) x15 0x000000000000009c mem 0x0000000080031f28
core   0: 0x000000008000fed4 (0x000097ba) c.add   a5, a4
core   0: 3 0x000000008000fed4 (0x97ba) x15 0x00000000800120dc
core   0: 0x000000008000fed6 (0xfe043703) ld      a4, -32(s0)
core   0: 3 0x000000008000fed6 (0xfe043703) x14 0x00000000800120bf mem 0x0000000080031f50
core   0: 0x000000008000feda (0xfcf76de3) bltu    a4, a5, pc - 38
core   0: 3 0x000000008000feda (0xfcf76de3)
core   0: 0x000000008000feb4 (0xfe043783) ld      a5, -32(s0)
core   0: 3 0x000000008000feb4 (0xfe043783) x15 0x00000000800120bf mem 0x0000000080031f50
core   0: 0x000000008000feb8 (0x00178713) addi    a4, a5, 1
core   0: 3 0x000000008000feb8 (0x00178713) x14 0x00000000800120c0
core   0: 0x000000008000febc (0xfee43023) sd      a4, -32(s0)
core   0: 3 0x000000008000febc (0xfee43023) mem 0x0000000080031f50 0x00000000800120c0
core   0: 0x000000008000fec0 (0xfc442703) lw      a4, -60(s0)
core   0: 3 0x000000008000fec0 (0xfc442703) x14 0x0000000000000000 mem 0x0000000080031f34
core   0: 0x000000008000fec4 (0x0ff77713) andi    a4, a4, 255
core   0: 3 0x000000008000fec4 (0x0ff77713) x14 0x0000000000000000
core   0: 0x000000008000fec8 (0x00e78023) sb      a4, 0(a5)
core   0: 3 0x000000008000fec8 (0x00e78023) mem 0x00000000800120bf 0x00
core   0: 0x000000008000fecc (0xfc843703) ld      a4, -56(s0)
core   0: 3 0x000000008000fecc (0xfc843703) x14 0x0000000080012040 mem 0x0000000080031f38
core   0: 0x000000008000fed0 (0xfb843783) ld      a5, -72(s0)
core   0: 3 0x000000008000fed0 (0xfb843783) x15 0x000000000000009c mem 0x0000000080031f28
core   0: 0x000000008000fed4 (0x000097ba) c.add   a5, a4
core   0: 3 0x000000008000fed4 (0x97ba) x15 0x00000000800120dc
core   0: 0x000000008000fed6 (0xfe043703) ld      a4, -32(s0)
core   0: 3 0x000000008000fed6 (0xfe043703) x14 0x00000000800120c0 mem 0x0000000080031f50
core   0: 0x000000008000feda (0xfcf76de3) bltu    a4, a5, pc - 38
core   0: 3 0x000000008000feda (0xfcf76de3)
core   0: 0x000000008000feb4 (0xfe043783) ld      a5, -32(s0)
core   0: 3 0x000000008000feb4 (0xfe043783) x15 0x00000000800120c0 mem 0x0000000080031f50
core   0: 0x000000008000feb8 (0x00178713) addi    a4, a5, 1
core   0: 3 0x000000008000feb8 (0x00178713) x14 0x00000000800120c1
core   0: 0x000000008000febc (0xfee43023) sd      a4, -32(s0)
core   0: 3 0x000000008000febc (0xfee43023) mem 0x0000000080031f50 0x00000000800120c1
core   0: 0x000000008000fec0 (0xfc442703) lw      a4, -60(s0)
core   0: 3 0x000000008000fec0 (0xfc442703) x14 0x0000000000000000 mem 0x0000000080031f34
core   0: 0x000000008000fec4 (0x0ff77713) andi    a4, a4, 255
core   0: 3 0x000000008000fec4 (0x0ff77713) x14 0x0000000000000000
core   0: 0x000000008000fec8 (0x00e78023) sb      a4, 0(a5)
core   0: 3 0x000000008000fec8 (0x00e78023) mem 0x00000000800120c0 0x00
core   0: 0x000000008000fecc (0xfc843703) ld      a4, -56(s0)
core   0: 3 0x000000008000fecc (0xfc843703) x14 0x0000000080012040 mem 0x0000000080031f38
core   0: 0x000000008000fed0 (0xfb843783) ld      a5, -72(s0)
core   0: 3 0x000000008000fed0 (0xfb843783) x15 0x000000000000009c mem 0x0000000080031f28
core   0: 0x000000008000fed4 (0x000097ba) c.add   a5, a4
core   0: 3 0x000000008000fed4 (0x97ba) x15 0x00000000800120dc
core   0: 0x000000008000fed6 (0xfe043703) ld      a4, -32(s0)
core   0: 3 0x000000008000fed6 (0xfe043703) x14 0x00000000800120c1 mem 0x0000000080031f50
core   0: 0x000000008000feda (0xfcf76de3) bltu    a4, a5, pc - 38
core   0: 3 0x000000008000feda (0xfcf76de3)
core   0: 0x000000008000feb4 (0xfe043783) ld      a5, -32(s0)
core   0: 3 0x000000008000feb4 (0xfe043783) x15 0x00000000800120c1 mem 0x0000000080031f50
core   0: 0x000000008000feb8 (0x00178713) addi    a4, a5, 1
core   0: 3 0x000000008000feb8 (0x00178713) x14 0x00000000800120c2
core   0: 0x000000008000febc (0xfee43023) sd      a4, -32(s0)
core   0: 3 0x000000008000febc (0xfee43023) mem 0x0000000080031f50 0x00000000800120c2
core   0: 0x000000008000fec0 (0xfc442703) lw      a4, -60(s0)
core   0: 3 0x000000008000fec0 (0xfc442703) x14 0x0000000000000000 mem 0x0000000080031f34
core   0: 0x000000008000fec4 (0x0ff77713) andi    a4, a4, 255
core   0: 3 0x000000008000fec4 (0x0ff77713) x14 0x0000000000000000
core   0: 0x000000008000fec8 (0x00e78023) sb      a4, 0(a5)
core   0: 3 0x000000008000fec8 (0x00e78023) mem 0x00000000800120c1 0x00
core   0: 0x000000008000fecc (0xfc843703) ld      a4, -56(s0)
core   0: 3 0x000000008000fecc (0xfc843703) x14 0x0000000080012040 mem 0x0000000080031f38
core   0: 0x000000008000fed0 (0xfb843783) ld      a5, -72(s0)
core   0: 3 0x000000008000fed0 (0xfb843783) x15 0x000000000000009c mem 0x0000000080031f28
core   0: 0x000000008000fed4 (0x000097ba) c.add   a5, a4
core   0: 3 0x000000008000fed4 (0x97ba) x15 0x00000000800120dc
core   0: 0x000000008000fed6 (0xfe043703) ld      a4, -32(s0)
core   0: 3 0x000000008000fed6 (0xfe043703) x14 0x00000000800120c2 mem 0x0000000080031f50
core   0: 0x000000008000feda (0xfcf76de3) bltu    a4, a5, pc - 38
core   0: 3 0x000000008000feda (0xfcf76de3)
core   0: 0x000000008000feb4 (0xfe043783) ld      a5, -32(s0)
core   0: 3 0x000000008000feb4 (0xfe043783) x15 0x00000000800120c2 mem 0x0000000080031f50
core   0: 0x000000008000feb8 (0x00178713) addi    a4, a5, 1
core   0: 3 0x000000008000feb8 (0x00178713) x14 0x00000000800120c3
core   0: 0x000000008000febc (0xfee43023) sd      a4, -32(s0)
core   0: 3 0x000000008000febc (0xfee43023) mem 0x0000000080031f50 0x00000000800120c3
core   0: 0x000000008000fec0 (0xfc442703) lw      a4, -60(s0)
core   0: 3 0x000000008000fec0 (0xfc442703) x14 0x0000000000000000 mem 0x0000000080031f34
core   0: 0x000000008000fec4 (0x0ff77713) andi    a4, a4, 255
core   0: 3 0x000000008000fec4 (0x0ff77713) x14 0x0000000000000000
core   0: 0x000000008000fec8 (0x00e78023) sb      a4, 0(a5)
core   0: 3 0x000000008000fec8 (0x00e78023) mem 0x00000000800120c2 0x00
core   0: 0x000000008000fecc (0xfc843703) ld      a4, -56(s0)
core   0: 3 0x000000008000fecc (0xfc843703) x14 0x0000000080012040 mem 0x0000000080031f38
core   0: 0x000000008000fed0 (0xfb843783) ld      a5, -72(s0)
core   0: 3 0x000000008000fed0 (0xfb843783) x15 0x000000000000009c mem 0x0000000080031f28
core   0: 0x000000008000fed4 (0x000097ba) c.add   a5, a4
core   0: 3 0x000000008000fed4 (0x97ba) x15 0x00000000800120dc
core   0: 0x000000008000fed6 (0xfe043703) ld      a4, -32(s0)
core   0: 3 0x000000008000fed6 (0xfe043703) x14 0x00000000800120c3 mem 0x0000000080031f50
core   0: 0x000000008000feda (0xfcf76de3) bltu    a4, a5, pc - 38
core   0: 3 0x000000008000feda (0xfcf76de3)
core   0: 0x000000008000feb4 (0xfe043783) ld      a5, -32(s0)
core   0: 3 0x000000008000feb4 (0xfe043783) x15 0x00000000800120c3 mem 0x0000000080031f50
core   0: 0x000000008000feb8 (0x00178713) addi    a4, a5, 1
core   0: 3 0x000000008000feb8 (0x00178713) x14 0x00000000800120c4
core   0: 0x000000008000febc (0xfee43023) sd      a4, -32(s0)
core   0: 3 0x000000008000febc (0xfee43023) mem 0x0000000080031f50 0x00000000800120c4
core   0: 0x000000008000fec0 (0xfc442703) lw      a4, -60(s0)
core   0: 3 0x000000008000fec0 (0xfc442703) x14 0x0000000000000000 mem 0x0000000080031f34
core   0: 0x000000008000fec4 (0x0ff77713) andi    a4, a4, 255
core   0: 3 0x000000008000fec4 (0x0ff77713) x14 0x0000000000000000
core   0: 0x000000008000fec8 (0x00e78023) sb      a4, 0(a5)
core   0: 3 0x000000008000fec8 (0x00e78023) mem 0x00000000800120c3 0x00
core   0: 0x000000008000fecc (0xfc843703) ld      a4, -56(s0)
core   0: 3 0x000000008000fecc (0xfc843703) x14 0x0000000080012040 mem 0x0000000080031f38
core   0: 0x000000008000fed0 (0xfb843783) ld      a5, -72(s0)
core   0: 3 0x000000008000fed0 (0xfb843783) x15 0x000000000000009c mem 0x0000000080031f28
core   0: 0x000000008000fed4 (0x000097ba) c.add   a5, a4
core   0: 3 0x000000008000fed4 (0x97ba) x15 0x00000000800120dc
core   0: 0x000000008000fed6 (0xfe043703) ld      a4, -32(s0)
core   0: 3 0x000000008000fed6 (0xfe043703) x14 0x00000000800120c4 mem 0x0000000080031f50
core   0: 0x000000008000feda (0xfcf76de3) bltu    a4, a5, pc - 38
core   0: 3 0x000000008000feda (0xfcf76de3)
core   0: 0x000000008000feb4 (0xfe043783) ld      a5, -32(s0)
core   0: 3 0x000000008000feb4 (0xfe043783) x15 0x00000000800120c4 mem 0x0000000080031f50
core   0: 0x000000008000feb8 (0x00178713) addi    a4, a5, 1
core   0: 3 0x000000008000feb8 (0x00178713) x14 0x00000000800120c5
core   0: 0x000000008000febc (0xfee43023) sd      a4, -32(s0)
core   0: 3 0x000000008000febc (0xfee43023) mem 0x0000000080031f50 0x00000000800120c5
core   0: 0x000000008000fec0 (0xfc442703) lw      a4, -60(s0)
core   0: 3 0x000000008000fec0 (0xfc442703) x14 0x0000000000000000 mem 0x0000000080031f34
core   0: 0x000000008000fec4 (0x0ff77713) andi    a4, a4, 255
core   0: 3 0x000000008000fec4 (0x0ff77713) x14 0x0000000000000000
core   0: 0x000000008000fec8 (0x00e78023) sb      a4, 0(a5)
core   0: 3 0x000000008000fec8 (0x00e78023) mem 0x00000000800120c4 0x00
core   0: 0x000000008000fecc (0xfc843703) ld      a4, -56(s0)
core   0: 3 0x000000008000fecc (0xfc843703) x14 0x0000000080012040 mem 0x0000000080031f38
core   0: 0x000000008000fed0 (0xfb843783) ld      a5, -72(s0)
core   0: 3 0x000000008000fed0 (0xfb843783) x15 0x000000000000009c mem 0x0000000080031f28
core   0: 0x000000008000fed4 (0x000097ba) c.add   a5, a4
core   0: 3 0x000000008000fed4 (0x97ba) x15 0x00000000800120dc
core   0: 0x000000008000fed6 (0xfe043703) ld      a4, -32(s0)
core   0: 3 0x000000008000fed6 (0xfe043703) x14 0x00000000800120c5 mem 0x0000000080031f50
core   0: 0x000000008000feda (0xfcf76de3) bltu    a4, a5, pc - 38
core   0: 3 0x000000008000feda (0xfcf76de3)
core   0: 0x000000008000feb4 (0xfe043783) ld      a5, -32(s0)
core   0: 3 0x000000008000feb4 (0xfe043783) x15 0x00000000800120c5 mem 0x0000000080031f50
core   0: 0x000000008000feb8 (0x00178713) addi    a4, a5, 1
core   0: 3 0x000000008000feb8 (0x00178713) x14 0x00000000800120c6
core   0: 0x000000008000febc (0xfee43023) sd      a4, -32(s0)
core   0: 3 0x000000008000febc (0xfee43023) mem 0x0000000080031f50 0x00000000800120c6
core   0: 0x000000008000fec0 (0xfc442703) lw      a4, -60(s0)
core   0: 3 0x000000008000fec0 (0xfc442703) x14 0x0000000000000000 mem 0x0000000080031f34
core   0: 0x000000008000fec4 (0x0ff77713) andi    a4, a4, 255
core   0: 3 0x000000008000fec4 (0x0ff77713) x14 0x0000000000000000
core   0: 0x000000008000fec8 (0x00e78023) sb      a4, 0(a5)
core   0: 3 0x000000008000fec8 (0x00e78023) mem 0x00000000800120c5 0x00
core   0: 0x000000008000fecc (0xfc843703) ld      a4, -56(s0)
core   0: 3 0x000000008000fecc (0xfc843703) x14 0x0000000080012040 mem 0x0000000080031f38
core   0: 0x000000008000fed0 (0xfb843783) ld      a5, -72(s0)
core   0: 3 0x000000008000fed0 (0xfb843783) x15 0x000000000000009c mem 0x0000000080031f28
core   0: 0x000000008000fed4 (0x000097ba) c.add   a5, a4
core   0: 3 0x000000008000fed4 (0x97ba) x15 0x00000000800120dc
core   0: 0x000000008000fed6 (0xfe043703) ld      a4, -32(s0)
core   0: 3 0x000000008000fed6 (0xfe043703) x14 0x00000000800120c6 mem 0x0000000080031f50
core   0: 0x000000008000feda (0xfcf76de3) bltu    a4, a5, pc - 38
core   0: 3 0x000000008000feda (0xfcf76de3)
core   0: 0x000000008000feb4 (0xfe043783) ld      a5, -32(s0)
core   0: 3 0x000000008000feb4 (0xfe043783) x15 0x00000000800120c6 mem 0x0000000080031f50
core   0: 0x000000008000feb8 (0x00178713) addi    a4, a5, 1
core   0: 3 0x000000008000feb8 (0x00178713) x14 0x00000000800120c7
core   0: 0x000000008000febc (0xfee43023) sd      a4, -32(s0)
core   0: 3 0x000000008000febc (0xfee43023) mem 0x0000000080031f50 0x00000000800120c7
core   0: 0x000000008000fec0 (0xfc442703) lw      a4, -60(s0)
core   0: 3 0x000000008000fec0 (0xfc442703) x14 0x0000000000000000 mem 0x0000000080031f34
core   0: 0x000000008000fec4 (0x0ff77713) andi    a4, a4, 255
core   0: 3 0x000000008000fec4 (0x0ff77713) x14 0x0000000000000000
core   0: 0x000000008000fec8 (0x00e78023) sb      a4, 0(a5)
core   0: 3 0x000000008000fec8 (0x00e78023) mem 0x00000000800120c6 0x00
core   0: 0x000000008000fecc (0xfc843703) ld      a4, -56(s0)
core   0: 3 0x000000008000fecc (0xfc843703) x14 0x0000000080012040 mem 0x0000000080031f38
core   0: 0x000000008000fed0 (0xfb843783) ld      a5, -72(s0)
core   0: 3 0x000000008000fed0 (0xfb843783) x15 0x000000000000009c mem 0x0000000080031f28
core   0: 0x000000008000fed4 (0x000097ba) c.add   a5, a4
core   0: 3 0x000000008000fed4 (0x97ba) x15 0x00000000800120dc
core   0: 0x000000008000fed6 (0xfe043703) ld      a4, -32(s0)
core   0: 3 0x000000008000fed6 (0xfe043703) x14 0x00000000800120c7 mem 0x0000000080031f50
core   0: 0x000000008000feda (0xfcf76de3) bltu    a4, a5, pc - 38
core   0: 3 0x000000008000feda (0xfcf76de3)
core   0: 0x000000008000feb4 (0xfe043783) ld      a5, -32(s0)
core   0: 3 0x000000008000feb4 (0xfe043783) x15 0x00000000800120c7 mem 0x0000000080031f50
core   0: 0x000000008000feb8 (0x00178713) addi    a4, a5, 1
core   0: 3 0x000000008000feb8 (0x00178713) x14 0x00000000800120c8
core   0: 0x000000008000febc (0xfee43023) sd      a4, -32(s0)
core   0: 3 0x000000008000febc (0xfee43023) mem 0x0000000080031f50 0x00000000800120c8
core   0: 0x000000008000fec0 (0xfc442703) lw      a4, -60(s0)
core   0: 3 0x000000008000fec0 (0xfc442703) x14 0x0000000000000000 mem 0x0000000080031f34
core   0: 0x000000008000fec4 (0x0ff77713) andi    a4, a4, 255
core   0: 3 0x000000008000fec4 (0x0ff77713) x14 0x0000000000000000
core   0: 0x000000008000fec8 (0x00e78023) sb      a4, 0(a5)
core   0: 3 0x000000008000fec8 (0x00e78023) mem 0x00000000800120c7 0x00
core   0: 0x000000008000fecc (0xfc843703) ld      a4, -56(s0)
core   0: 3 0x000000008000fecc (0xfc843703) x14 0x0000000080012040 mem 0x0000000080031f38
core   0: 0x000000008000fed0 (0xfb843783) ld      a5, -72(s0)
core   0: 3 0x000000008000fed0 (0xfb843783) x15 0x000000000000009c mem 0x0000000080031f28
core   0: 0x000000008000fed4 (0x000097ba) c.add   a5, a4
core   0: 3 0x000000008000fed4 (0x97ba) x15 0x00000000800120dc
core   0: 0x000000008000fed6 (0xfe043703) ld      a4, -32(s0)
core   0: 3 0x000000008000fed6 (0xfe043703) x14 0x00000000800120c8 mem 0x0000000080031f50
core   0: 0x000000008000feda (0xfcf76de3) bltu    a4, a5, pc - 38
core   0: 3 0x000000008000feda (0xfcf76de3)
core   0: 0x000000008000feb4 (0xfe043783) ld      a5, -32(s0)
core   0: 3 0x000000008000feb4 (0xfe043783) x15 0x00000000800120c8 mem 0x0000000080031f50
core   0: 0x000000008000feb8 (0x00178713) addi    a4, a5, 1
core   0: 3 0x000000008000feb8 (0x00178713) x14 0x00000000800120c9
core   0: 0x000000008000febc (0xfee43023) sd      a4, -32(s0)
core   0: 3 0x000000008000febc (0xfee43023) mem 0x0000000080031f50 0x00000000800120c9
core   0: 0x000000008000fec0 (0xfc442703) lw      a4, -60(s0)
core   0: 3 0x000000008000fec0 (0xfc442703) x14 0x0000000000000000 mem 0x0000000080031f34
core   0: 0x000000008000fec4 (0x0ff77713) andi    a4, a4, 255
core   0: 3 0x000000008000fec4 (0x0ff77713) x14 0x0000000000000000
core   0: 0x000000008000fec8 (0x00e78023) sb      a4, 0(a5)
core   0: 3 0x000000008000fec8 (0x00e78023) mem 0x00000000800120c8 0x00
core   0: 0x000000008000fecc (0xfc843703) ld      a4, -56(s0)
core   0: 3 0x000000008000fecc (0xfc843703) x14 0x0000000080012040 mem 0x0000000080031f38
core   0: 0x000000008000fed0 (0xfb843783) ld      a5, -72(s0)
core   0: 3 0x000000008000fed0 (0xfb843783) x15 0x000000000000009c mem 0x0000000080031f28
core   0: 0x000000008000fed4 (0x000097ba) c.add   a5, a4
core   0: 3 0x000000008000fed4 (0x97ba) x15 0x00000000800120dc
core   0: 0x000000008000fed6 (0xfe043703) ld      a4, -32(s0)
core   0: 3 0x000000008000fed6 (0xfe043703) x14 0x00000000800120c9 mem 0x0000000080031f50
core   0: 0x000000008000feda (0xfcf76de3) bltu    a4, a5, pc - 38
core   0: 3 0x000000008000feda (0xfcf76de3)
core   0: 0x000000008000feb4 (0xfe043783) ld      a5, -32(s0)
core   0: 3 0x000000008000feb4 (0xfe043783) x15 0x00000000800120c9 mem 0x0000000080031f50
core   0: 0x000000008000feb8 (0x00178713) addi    a4, a5, 1
core   0: 3 0x000000008000feb8 (0x00178713) x14 0x00000000800120ca
core   0: 0x000000008000febc (0xfee43023) sd      a4, -32(s0)
core   0: 3 0x000000008000febc (0xfee43023) mem 0x0000000080031f50 0x00000000800120ca
core   0: 0x000000008000fec0 (0xfc442703) lw      a4, -60(s0)
core   0: 3 0x000000008000fec0 (0xfc442703) x14 0x0000000000000000 mem 0x0000000080031f34
core   0: 0x000000008000fec4 (0x0ff77713) andi    a4, a4, 255
core   0: 3 0x000000008000fec4 (0x0ff77713) x14 0x0000000000000000
core   0: 0x000000008000fec8 (0x00e78023) sb      a4, 0(a5)
core   0: 3 0x000000008000fec8 (0x00e78023) mem 0x00000000800120c9 0x00
core   0: 0x000000008000fecc (0xfc843703) ld      a4, -56(s0)
core   0: 3 0x000000008000fecc (0xfc843703) x14 0x0000000080012040 mem 0x0000000080031f38
core   0: 0x000000008000fed0 (0xfb843783) ld      a5, -72(s0)
core   0: 3 0x000000008000fed0 (0xfb843783) x15 0x000000000000009c mem 0x0000000080031f28
core   0: 0x000000008000fed4 (0x000097ba) c.add   a5, a4
core   0: 3 0x000000008000fed4 (0x97ba) x15 0x00000000800120dc
core   0: 0x000000008000fed6 (0xfe043703) ld      a4, -32(s0)
core   0: 3 0x000000008000fed6 (0xfe043703) x14 0x00000000800120ca mem 0x0000000080031f50
core   0: 0x000000008000feda (0xfcf76de3) bltu    a4, a5, pc - 38
core   0: 3 0x000000008000feda (0xfcf76de3)
core   0: 0x000000008000feb4 (0xfe043783) ld      a5, -32(s0)
core   0: 3 0x000000008000feb4 (0xfe043783) x15 0x00000000800120ca mem 0x0000000080031f50
core   0: 0x000000008000feb8 (0x00178713) addi    a4, a5, 1
core   0: 3 0x000000008000feb8 (0x00178713) x14 0x00000000800120cb
core   0: 0x000000008000febc (0xfee43023) sd      a4, -32(s0)
core   0: 3 0x000000008000febc (0xfee43023) mem 0x0000000080031f50 0x00000000800120cb
core   0: 0x000000008000fec0 (0xfc442703) lw      a4, -60(s0)
core   0: 3 0x000000008000fec0 (0xfc442703) x14 0x0000000000000000 mem 0x0000000080031f34
core   0: 0x000000008000fec4 (0x0ff77713) andi    a4, a4, 255
core   0: 3 0x000000008000fec4 (0x0ff77713) x14 0x0000000000000000
core   0: 0x000000008000fec8 (0x00e78023) sb      a4, 0(a5)
core   0: 3 0x000000008000fec8 (0x00e78023) mem 0x00000000800120ca 0x00
core   0: 0x000000008000fecc (0xfc843703) ld      a4, -56(s0)
core   0: 3 0x000000008000fecc (0xfc843703) x14 0x0000000080012040 mem 0x0000000080031f38
core   0: 0x000000008000fed0 (0xfb843783) ld      a5, -72(s0)
core   0: 3 0x000000008000fed0 (0xfb843783) x15 0x000000000000009c mem 0x0000000080031f28
core   0: 0x000000008000fed4 (0x000097ba) c.add   a5, a4
core   0: 3 0x000000008000fed4 (0x97ba) x15 0x00000000800120dc
core   0: 0x000000008000fed6 (0xfe043703) ld      a4, -32(s0)
core   0: 3 0x000000008000fed6 (0xfe043703) x14 0x00000000800120cb mem 0x0000000080031f50
core   0: 0x000000008000feda (0xfcf76de3) bltu    a4, a5, pc - 38
core   0: 3 0x000000008000feda (0xfcf76de3)
core   0: 0x000000008000feb4 (0xfe043783) ld      a5, -32(s0)
core   0: 3 0x000000008000feb4 (0xfe043783) x15 0x00000000800120cb mem 0x0000000080031f50
core   0: 0x000000008000feb8 (0x00178713) addi    a4, a5, 1
core   0: 3 0x000000008000feb8 (0x00178713) x14 0x00000000800120cc
core   0: 0x000000008000febc (0xfee43023) sd      a4, -32(s0)
core   0: 3 0x000000008000febc (0xfee43023) mem 0x0000000080031f50 0x00000000800120cc
core   0: 0x000000008000fec0 (0xfc442703) lw      a4, -60(s0)
core   0: 3 0x000000008000fec0 (0xfc442703) x14 0x0000000000000000 mem 0x0000000080031f34
core   0: 0x000000008000fec4 (0x0ff77713) andi    a4, a4, 255
core   0: 3 0x000000008000fec4 (0x0ff77713) x14 0x0000000000000000
core   0: 0x000000008000fec8 (0x00e78023) sb      a4, 0(a5)
core   0: 3 0x000000008000fec8 (0x00e78023) mem 0x00000000800120cb 0x00
core   0: 0x000000008000fecc (0xfc843703) ld      a4, -56(s0)
core   0: 3 0x000000008000fecc (0xfc843703) x14 0x0000000080012040 mem 0x0000000080031f38
core   0: 0x000000008000fed0 (0xfb843783) ld      a5, -72(s0)
core   0: 3 0x000000008000fed0 (0xfb843783) x15 0x000000000000009c mem 0x0000000080031f28
core   0: 0x000000008000fed4 (0x000097ba) c.add   a5, a4
core   0: 3 0x000000008000fed4 (0x97ba) x15 0x00000000800120dc
core   0: 0x000000008000fed6 (0xfe043703) ld      a4, -32(s0)
core   0: 3 0x000000008000fed6 (0xfe043703) x14 0x00000000800120cc mem 0x0000000080031f50
core   0: 0x000000008000feda (0xfcf76de3) bltu    a4, a5, pc - 38
core   0: 3 0x000000008000feda (0xfcf76de3)
core   0: 0x000000008000feb4 (0xfe043783) ld      a5, -32(s0)
core   0: 3 0x000000008000feb4 (0xfe043783) x15 0x00000000800120cc mem 0x0000000080031f50
core   0: 0x000000008000feb8 (0x00178713) addi    a4, a5, 1
core   0: 3 0x000000008000feb8 (0x00178713) x14 0x00000000800120cd
core   0: 0x000000008000febc (0xfee43023) sd      a4, -32(s0)
core   0: 3 0x000000008000febc (0xfee43023) mem 0x0000000080031f50 0x00000000800120cd
core   0: 0x000000008000fec0 (0xfc442703) lw      a4, -60(s0)
core   0: 3 0x000000008000fec0 (0xfc442703) x14 0x0000000000000000 mem 0x0000000080031f34
core   0: 0x000000008000fec4 (0x0ff77713) andi    a4, a4, 255
core   0: 3 0x000000008000fec4 (0x0ff77713) x14 0x0000000000000000
core   0: 0x000000008000fec8 (0x00e78023) sb      a4, 0(a5)
core   0: 3 0x000000008000fec8 (0x00e78023) mem 0x00000000800120cc 0x00
core   0: 0x000000008000fecc (0xfc843703) ld      a4, -56(s0)
core   0: 3 0x000000008000fecc (0xfc843703) x14 0x0000000080012040 mem 0x0000000080031f38
core   0: 0x000000008000fed0 (0xfb843783) ld      a5, -72(s0)
core   0: 3 0x000000008000fed0 (0xfb843783) x15 0x000000000000009c mem 0x0000000080031f28
core   0: 0x000000008000fed4 (0x000097ba) c.add   a5, a4
core   0: 3 0x000000008000fed4 (0x97ba) x15 0x00000000800120dc
core   0: 0x000000008000fed6 (0xfe043703) ld      a4, -32(s0)
core   0: 3 0x000000008000fed6 (0xfe043703) x14 0x00000000800120cd mem 0x0000000080031f50
core   0: 0x000000008000feda (0xfcf76de3) bltu    a4, a5, pc - 38
core   0: 3 0x000000008000feda (0xfcf76de3)
core   0: 0x000000008000feb4 (0xfe043783) ld      a5, -32(s0)
core   0: 3 0x000000008000feb4 (0xfe043783) x15 0x00000000800120cd mem 0x0000000080031f50
core   0: 0x000000008000feb8 (0x00178713) addi    a4, a5, 1
core   0: 3 0x000000008000feb8 (0x00178713) x14 0x00000000800120ce
core   0: 0x000000008000febc (0xfee43023) sd      a4, -32(s0)
core   0: 3 0x000000008000febc (0xfee43023) mem 0x0000000080031f50 0x00000000800120ce
core   0: 0x000000008000fec0 (0xfc442703) lw      a4, -60(s0)
core   0: 3 0x000000008000fec0 (0xfc442703) x14 0x0000000000000000 mem 0x0000000080031f34
core   0: 0x000000008000fec4 (0x0ff77713) andi    a4, a4, 255
core   0: 3 0x000000008000fec4 (0x0ff77713) x14 0x0000000000000000
core   0: 0x000000008000fec8 (0x00e78023) sb      a4, 0(a5)
core   0: 3 0x000000008000fec8 (0x00e78023) mem 0x00000000800120cd 0x00
core   0: 0x000000008000fecc (0xfc843703) ld      a4, -56(s0)
core   0: 3 0x000000008000fecc (0xfc843703) x14 0x0000000080012040 mem 0x0000000080031f38
core   0: 0x000000008000fed0 (0xfb843783) ld      a5, -72(s0)
core   0: 3 0x000000008000fed0 (0xfb843783) x15 0x000000000000009c mem 0x0000000080031f28
core   0: 0x000000008000fed4 (0x000097ba) c.add   a5, a4
core   0: 3 0x000000008000fed4 (0x97ba) x15 0x00000000800120dc
core   0: 0x000000008000fed6 (0xfe043703) ld      a4, -32(s0)
core   0: 3 0x000000008000fed6 (0xfe043703) x14 0x00000000800120ce mem 0x0000000080031f50
core   0: 0x000000008000feda (0xfcf76de3) bltu    a4, a5, pc - 38
core   0: 3 0x000000008000feda (0xfcf76de3)
core   0: 0x000000008000feb4 (0xfe043783) ld      a5, -32(s0)
core   0: 3 0x000000008000feb4 (0xfe043783) x15 0x00000000800120ce mem 0x0000000080031f50
core   0: 0x000000008000feb8 (0x00178713) addi    a4, a5, 1
core   0: 3 0x000000008000feb8 (0x00178713) x14 0x00000000800120cf
core   0: 0x000000008000febc (0xfee43023) sd      a4, -32(s0)
core   0: 3 0x000000008000febc (0xfee43023) mem 0x0000000080031f50 0x00000000800120cf
core   0: 0x000000008000fec0 (0xfc442703) lw      a4, -60(s0)
core   0: 3 0x000000008000fec0 (0xfc442703) x14 0x0000000000000000 mem 0x0000000080031f34
core   0: 0x000000008000fec4 (0x0ff77713) andi    a4, a4, 255
core   0: 3 0x000000008000fec4 (0x0ff77713) x14 0x0000000000000000
core   0: 0x000000008000fec8 (0x00e78023) sb      a4, 0(a5)
core   0: 3 0x000000008000fec8 (0x00e78023) mem 0x00000000800120ce 0x00
core   0: 0x000000008000fecc (0xfc843703) ld      a4, -56(s0)
core   0: 3 0x000000008000fecc (0xfc843703) x14 0x0000000080012040 mem 0x0000000080031f38
core   0: 0x000000008000fed0 (0xfb843783) ld      a5, -72(s0)
core   0: 3 0x000000008000fed0 (0xfb843783) x15 0x000000000000009c mem 0x0000000080031f28
core   0: 0x000000008000fed4 (0x000097ba) c.add   a5, a4
core   0: 3 0x000000008000fed4 (0x97ba) x15 0x00000000800120dc
core   0: 0x000000008000fed6 (0xfe043703) ld      a4, -32(s0)
core   0: 3 0x000000008000fed6 (0xfe043703) x14 0x00000000800120cf mem 0x0000000080031f50
core   0: 0x000000008000feda (0xfcf76de3) bltu    a4, a5, pc - 38
core   0: 3 0x000000008000feda (0xfcf76de3)
core   0: 0x000000008000feb4 (0xfe043783) ld      a5, -32(s0)
core   0: 3 0x000000008000feb4 (0xfe043783) x15 0x00000000800120cf mem 0x0000000080031f50
core   0: 0x000000008000feb8 (0x00178713) addi    a4, a5, 1
core   0: 3 0x000000008000feb8 (0x00178713) x14 0x00000000800120d0
core   0: 0x000000008000febc (0xfee43023) sd      a4, -32(s0)
core   0: 3 0x000000008000febc (0xfee43023) mem 0x0000000080031f50 0x00000000800120d0
core   0: 0x000000008000fec0 (0xfc442703) lw      a4, -60(s0)
core   0: 3 0x000000008000fec0 (0xfc442703) x14 0x0000000000000000 mem 0x0000000080031f34
core   0: 0x000000008000fec4 (0x0ff77713) andi    a4, a4, 255
core   0: 3 0x000000008000fec4 (0x0ff77713) x14 0x0000000000000000
core   0: 0x000000008000fec8 (0x00e78023) sb      a4, 0(a5)
core   0: 3 0x000000008000fec8 (0x00e78023) mem 0x00000000800120cf 0x00
core   0: 0x000000008000fecc (0xfc843703) ld      a4, -56(s0)
core   0: 3 0x000000008000fecc (0xfc843703) x14 0x0000000080012040 mem 0x0000000080031f38
core   0: 0x000000008000fed0 (0xfb843783) ld      a5, -72(s0)
core   0: 3 0x000000008000fed0 (0xfb843783) x15 0x000000000000009c mem 0x0000000080031f28
core   0: 0x000000008000fed4 (0x000097ba) c.add   a5, a4
core   0: 3 0x000000008000fed4 (0x97ba) x15 0x00000000800120dc
core   0: 0x000000008000fed6 (0xfe043703) ld      a4, -32(s0)
core   0: 3 0x000000008000fed6 (0xfe043703) x14 0x00000000800120d0 mem 0x0000000080031f50
core   0: 0x000000008000feda (0xfcf76de3) bltu    a4, a5, pc - 38
core   0: 3 0x000000008000feda (0xfcf76de3)
core   0: 0x000000008000feb4 (0xfe043783) ld      a5, -32(s0)
core   0: 3 0x000000008000feb4 (0xfe043783) x15 0x00000000800120d0 mem 0x0000000080031f50
core   0: 0x000000008000feb8 (0x00178713) addi    a4, a5, 1
core   0: 3 0x000000008000feb8 (0x00178713) x14 0x00000000800120d1
core   0: 0x000000008000febc (0xfee43023) sd      a4, -32(s0)
core   0: 3 0x000000008000febc (0xfee43023) mem 0x0000000080031f50 0x00000000800120d1
core   0: 0x000000008000fec0 (0xfc442703) lw      a4, -60(s0)
core   0: 3 0x000000008000fec0 (0xfc442703) x14 0x0000000000000000 mem 0x0000000080031f34
core   0: 0x000000008000fec4 (0x0ff77713) andi    a4, a4, 255
core   0: 3 0x000000008000fec4 (0x0ff77713) x14 0x0000000000000000
core   0: 0x000000008000fec8 (0x00e78023) sb      a4, 0(a5)
core   0: 3 0x000000008000fec8 (0x00e78023) mem 0x00000000800120d0 0x00
core   0: 0x000000008000fecc (0xfc843703) ld      a4, -56(s0)
core   0: 3 0x000000008000fecc (0xfc843703) x14 0x0000000080012040 mem 0x0000000080031f38
core   0: 0x000000008000fed0 (0xfb843783) ld      a5, -72(s0)
core   0: 3 0x000000008000fed0 (0xfb843783) x15 0x000000000000009c mem 0x0000000080031f28
core   0: 0x000000008000fed4 (0x000097ba) c.add   a5, a4
core   0: 3 0x000000008000fed4 (0x97ba) x15 0x00000000800120dc
core   0: 0x000000008000fed6 (0xfe043703) ld      a4, -32(s0)
core   0: 3 0x000000008000fed6 (0xfe043703) x14 0x00000000800120d1 mem 0x0000000080031f50
core   0: 0x000000008000feda (0xfcf76de3) bltu    a4, a5, pc - 38
core   0: 3 0x000000008000feda (0xfcf76de3)
core   0: 0x000000008000feb4 (0xfe043783) ld      a5, -32(s0)
core   0: 3 0x000000008000feb4 (0xfe043783) x15 0x00000000800120d1 mem 0x0000000080031f50
core   0: 0x000000008000feb8 (0x00178713) addi    a4, a5, 1
core   0: 3 0x000000008000feb8 (0x00178713) x14 0x00000000800120d2
core   0: 0x000000008000febc (0xfee43023) sd      a4, -32(s0)
core   0: 3 0x000000008000febc (0xfee43023) mem 0x0000000080031f50 0x00000000800120d2
core   0: 0x000000008000fec0 (0xfc442703) lw      a4, -60(s0)
core   0: 3 0x000000008000fec0 (0xfc442703) x14 0x0000000000000000 mem 0x0000000080031f34
core   0: 0x000000008000fec4 (0x0ff77713) andi    a4, a4, 255
core   0: 3 0x000000008000fec4 (0x0ff77713) x14 0x0000000000000000
core   0: 0x000000008000fec8 (0x00e78023) sb      a4, 0(a5)
core   0: 3 0x000000008000fec8 (0x00e78023) mem 0x00000000800120d1 0x00
core   0: 0x000000008000fecc (0xfc843703) ld      a4, -56(s0)
core   0: 3 0x000000008000fecc (0xfc843703) x14 0x0000000080012040 mem 0x0000000080031f38
core   0: 0x000000008000fed0 (0xfb843783) ld      a5, -72(s0)
core   0: 3 0x000000008000fed0 (0xfb843783) x15 0x000000000000009c mem 0x0000000080031f28
core   0: 0x000000008000fed4 (0x000097ba) c.add   a5, a4
core   0: 3 0x000000008000fed4 (0x97ba) x15 0x00000000800120dc
core   0: 0x000000008000fed6 (0xfe043703) ld      a4, -32(s0)
core   0: 3 0x000000008000fed6 (0xfe043703) x14 0x00000000800120d2 mem 0x0000000080031f50
core   0: 0x000000008000feda (0xfcf76de3) bltu    a4, a5, pc - 38
core   0: 3 0x000000008000feda (0xfcf76de3)
core   0: 0x000000008000feb4 (0xfe043783) ld      a5, -32(s0)
core   0: 3 0x000000008000feb4 (0xfe043783) x15 0x00000000800120d2 mem 0x0000000080031f50
core   0: 0x000000008000feb8 (0x00178713) addi    a4, a5, 1
core   0: 3 0x000000008000feb8 (0x00178713) x14 0x00000000800120d3
core   0: 0x000000008000febc (0xfee43023) sd      a4, -32(s0)
core   0: 3 0x000000008000febc (0xfee43023) mem 0x0000000080031f50 0x00000000800120d3
core   0: 0x000000008000fec0 (0xfc442703) lw      a4, -60(s0)
core   0: 3 0x000000008000fec0 (0xfc442703) x14 0x0000000000000000 mem 0x0000000080031f34
core   0: 0x000000008000fec4 (0x0ff77713) andi    a4, a4, 255
core   0: 3 0x000000008000fec4 (0x0ff77713) x14 0x0000000000000000
core   0: 0x000000008000fec8 (0x00e78023) sb      a4, 0(a5)
core   0: 3 0x000000008000fec8 (0x00e78023) mem 0x00000000800120d2 0x00
core   0: 0x000000008000fecc (0xfc843703) ld      a4, -56(s0)
core   0: 3 0x000000008000fecc (0xfc843703) x14 0x0000000080012040 mem 0x0000000080031f38
core   0: 0x000000008000fed0 (0xfb843783) ld      a5, -72(s0)
core   0: 3 0x000000008000fed0 (0xfb843783) x15 0x000000000000009c mem 0x0000000080031f28
core   0: 0x000000008000fed4 (0x000097ba) c.add   a5, a4
core   0: 3 0x000000008000fed4 (0x97ba) x15 0x00000000800120dc
core   0: 0x000000008000fed6 (0xfe043703) ld      a4, -32(s0)
core   0: 3 0x000000008000fed6 (0xfe043703) x14 0x00000000800120d3 mem 0x0000000080031f50
core   0: 0x000000008000feda (0xfcf76de3) bltu    a4, a5, pc - 38
core   0: 3 0x000000008000feda (0xfcf76de3)
core   0: 0x000000008000feb4 (0xfe043783) ld      a5, -32(s0)
core   0: 3 0x000000008000feb4 (0xfe043783) x15 0x00000000800120d3 mem 0x0000000080031f50
core   0: 0x000000008000feb8 (0x00178713) addi    a4, a5, 1
core   0: 3 0x000000008000feb8 (0x00178713) x14 0x00000000800120d4
core   0: 0x000000008000febc (0xfee43023) sd      a4, -32(s0)
core   0: 3 0x000000008000febc (0xfee43023) mem 0x0000000080031f50 0x00000000800120d4
core   0: 0x000000008000fec0 (0xfc442703) lw      a4, -60(s0)
core   0: 3 0x000000008000fec0 (0xfc442703) x14 0x0000000000000000 mem 0x0000000080031f34
core   0: 0x000000008000fec4 (0x0ff77713) andi    a4, a4, 255
core   0: 3 0x000000008000fec4 (0x0ff77713) x14 0x0000000000000000
core   0: 0x000000008000fec8 (0x00e78023) sb      a4, 0(a5)
core   0: 3 0x000000008000fec8 (0x00e78023) mem 0x00000000800120d3 0x00
core   0: 0x000000008000fecc (0xfc843703) ld      a4, -56(s0)
core   0: 3 0x000000008000fecc (0xfc843703) x14 0x0000000080012040 mem 0x0000000080031f38
core   0: 0x000000008000fed0 (0xfb843783) ld      a5, -72(s0)
core   0: 3 0x000000008000fed0 (0xfb843783) x15 0x000000000000009c mem 0x0000000080031f28
core   0: 0x000000008000fed4 (0x000097ba) c.add   a5, a4
core   0: 3 0x000000008000fed4 (0x97ba) x15 0x00000000800120dc
core   0: 0x000000008000fed6 (0xfe043703) ld      a4, -32(s0)
core   0: 3 0x000000008000fed6 (0xfe043703) x14 0x00000000800120d4 mem 0x0000000080031f50
core   0: 0x000000008000feda (0xfcf76de3) bltu    a4, a5, pc - 38
core   0: 3 0x000000008000feda (0xfcf76de3)
core   0: 0x000000008000feb4 (0xfe043783) ld      a5, -32(s0)
core   0: 3 0x000000008000feb4 (0xfe043783) x15 0x00000000800120d4 mem 0x0000000080031f50
core   0: 0x000000008000feb8 (0x00178713) addi    a4, a5, 1
core   0: 3 0x000000008000feb8 (0x00178713) x14 0x00000000800120d5
core   0: 0x000000008000febc (0xfee43023) sd      a4, -32(s0)
core   0: 3 0x000000008000febc (0xfee43023) mem 0x0000000080031f50 0x00000000800120d5
core   0: 0x000000008000fec0 (0xfc442703) lw      a4, -60(s0)
core   0: 3 0x000000008000fec0 (0xfc442703) x14 0x0000000000000000 mem 0x0000000080031f34
core   0: 0x000000008000fec4 (0x0ff77713) andi    a4, a4, 255
core   0: 3 0x000000008000fec4 (0x0ff77713) x14 0x0000000000000000
core   0: 0x000000008000fec8 (0x00e78023) sb      a4, 0(a5)
core   0: 3 0x000000008000fec8 (0x00e78023) mem 0x00000000800120d4 0x00
core   0: 0x000000008000fecc (0xfc843703) ld      a4, -56(s0)
core   0: 3 0x000000008000fecc (0xfc843703) x14 0x0000000080012040 mem 0x0000000080031f38
core   0: 0x000000008000fed0 (0xfb843783) ld      a5, -72(s0)
core   0: 3 0x000000008000fed0 (0xfb843783) x15 0x000000000000009c mem 0x0000000080031f28
core   0: 0x000000008000fed4 (0x000097ba) c.add   a5, a4
core   0: 3 0x000000008000fed4 (0x97ba) x15 0x00000000800120dc
core   0: 0x000000008000fed6 (0xfe043703) ld      a4, -32(s0)
core   0: 3 0x000000008000fed6 (0xfe043703) x14 0x00000000800120d5 mem 0x0000000080031f50
core   0: 0x000000008000feda (0xfcf76de3) bltu    a4, a5, pc - 38
core   0: 3 0x000000008000feda (0xfcf76de3)
core   0: 0x000000008000feb4 (0xfe043783) ld      a5, -32(s0)
core   0: 3 0x000000008000feb4 (0xfe043783) x15 0x00000000800120d5 mem 0x0000000080031f50
core   0: 0x000000008000feb8 (0x00178713) addi    a4, a5, 1
core   0: 3 0x000000008000feb8 (0x00178713) x14 0x00000000800120d6
core   0: 0x000000008000febc (0xfee43023) sd      a4, -32(s0)
core   0: 3 0x000000008000febc (0xfee43023) mem 0x0000000080031f50 0x00000000800120d6
core   0: 0x000000008000fec0 (0xfc442703) lw      a4, -60(s0)
core   0: 3 0x000000008000fec0 (0xfc442703) x14 0x0000000000000000 mem 0x0000000080031f34
core   0: 0x000000008000fec4 (0x0ff77713) andi    a4, a4, 255
core   0: 3 0x000000008000fec4 (0x0ff77713) x14 0x0000000000000000
core   0: 0x000000008000fec8 (0x00e78023) sb      a4, 0(a5)
core   0: 3 0x000000008000fec8 (0x00e78023) mem 0x00000000800120d5 0x00
core   0: 0x000000008000fecc (0xfc843703) ld      a4, -56(s0)
core   0: 3 0x000000008000fecc (0xfc843703) x14 0x0000000080012040 mem 0x0000000080031f38
core   0: 0x000000008000fed0 (0xfb843783) ld      a5, -72(s0)
core   0: 3 0x000000008000fed0 (0xfb843783) x15 0x000000000000009c mem 0x0000000080031f28
core   0: 0x000000008000fed4 (0x000097ba) c.add   a5, a4
core   0: 3 0x000000008000fed4 (0x97ba) x15 0x00000000800120dc
core   0: 0x000000008000fed6 (0xfe043703) ld      a4, -32(s0)
core   0: 3 0x000000008000fed6 (0xfe043703) x14 0x00000000800120d6 mem 0x0000000080031f50
core   0: 0x000000008000feda (0xfcf76de3) bltu    a4, a5, pc - 38
core   0: 3 0x000000008000feda (0xfcf76de3)
core   0: 0x000000008000feb4 (0xfe043783) ld      a5, -32(s0)
core   0: 3 0x000000008000feb4 (0xfe043783) x15 0x00000000800120d6 mem 0x0000000080031f50
core   0: 0x000000008000feb8 (0x00178713) addi    a4, a5, 1
core   0: 3 0x000000008000feb8 (0x00178713) x14 0x00000000800120d7
core   0: 0x000000008000febc (0xfee43023) sd      a4, -32(s0)
core   0: 3 0x000000008000febc (0xfee43023) mem 0x0000000080031f50 0x00000000800120d7
core   0: 0x000000008000fec0 (0xfc442703) lw      a4, -60(s0)
core   0: 3 0x000000008000fec0 (0xfc442703) x14 0x0000000000000000 mem 0x0000000080031f34
core   0: 0x000000008000fec4 (0x0ff77713) andi    a4, a4, 255
core   0: 3 0x000000008000fec4 (0x0ff77713) x14 0x0000000000000000
core   0: 0x000000008000fec8 (0x00e78023) sb      a4, 0(a5)
core   0: 3 0x000000008000fec8 (0x00e78023) mem 0x00000000800120d6 0x00
core   0: 0x000000008000fecc (0xfc843703) ld      a4, -56(s0)
core   0: 3 0x000000008000fecc (0xfc843703) x14 0x0000000080012040 mem 0x0000000080031f38
core   0: 0x000000008000fed0 (0xfb843783) ld      a5, -72(s0)
core   0: 3 0x000000008000fed0 (0xfb843783) x15 0x000000000000009c mem 0x0000000080031f28
core   0: 0x000000008000fed4 (0x000097ba) c.add   a5, a4
core   0: 3 0x000000008000fed4 (0x97ba) x15 0x00000000800120dc
core   0: 0x000000008000fed6 (0xfe043703) ld      a4, -32(s0)
core   0: 3 0x000000008000fed6 (0xfe043703) x14 0x00000000800120d7 mem 0x0000000080031f50
core   0: 0x000000008000feda (0xfcf76de3) bltu    a4, a5, pc - 38
core   0: 3 0x000000008000feda (0xfcf76de3)
core   0: 0x000000008000feb4 (0xfe043783) ld      a5, -32(s0)
core   0: 3 0x000000008000feb4 (0xfe043783) x15 0x00000000800120d7 mem 0x0000000080031f50
core   0: 0x000000008000feb8 (0x00178713) addi    a4, a5, 1
core   0: 3 0x000000008000feb8 (0x00178713) x14 0x00000000800120d8
core   0: 0x000000008000febc (0xfee43023) sd      a4, -32(s0)
core   0: 3 0x000000008000febc (0xfee43023) mem 0x0000000080031f50 0x00000000800120d8
core   0: 0x000000008000fec0 (0xfc442703) lw      a4, -60(s0)
core   0: 3 0x000000008000fec0 (0xfc442703) x14 0x0000000000000000 mem 0x0000000080031f34
core   0: 0x000000008000fec4 (0x0ff77713) andi    a4, a4, 255
core   0: 3 0x000000008000fec4 (0x0ff77713) x14 0x0000000000000000
core   0: 0x000000008000fec8 (0x00e78023) sb      a4, 0(a5)
core   0: 3 0x000000008000fec8 (0x00e78023) mem 0x00000000800120d7 0x00
core   0: 0x000000008000fecc (0xfc843703) ld      a4, -56(s0)
core   0: 3 0x000000008000fecc (0xfc843703) x14 0x0000000080012040 mem 0x0000000080031f38
core   0: 0x000000008000fed0 (0xfb843783) ld      a5, -72(s0)
core   0: 3 0x000000008000fed0 (0xfb843783) x15 0x000000000000009c mem 0x0000000080031f28
core   0: 0x000000008000fed4 (0x000097ba) c.add   a5, a4
core   0: 3 0x000000008000fed4 (0x97ba) x15 0x00000000800120dc
core   0: 0x000000008000fed6 (0xfe043703) ld      a4, -32(s0)
core   0: 3 0x000000008000fed6 (0xfe043703) x14 0x00000000800120d8 mem 0x0000000080031f50
core   0: 0x000000008000feda (0xfcf76de3) bltu    a4, a5, pc - 38
core   0: 3 0x000000008000feda (0xfcf76de3)
core   0: 0x000000008000feb4 (0xfe043783) ld      a5, -32(s0)
core   0: 3 0x000000008000feb4 (0xfe043783) x15 0x00000000800120d8 mem 0x0000000080031f50
core   0: 0x000000008000feb8 (0x00178713) addi    a4, a5, 1
core   0: 3 0x000000008000feb8 (0x00178713) x14 0x00000000800120d9
core   0: 0x000000008000febc (0xfee43023) sd      a4, -32(s0)
core   0: 3 0x000000008000febc (0xfee43023) mem 0x0000000080031f50 0x00000000800120d9
core   0: 0x000000008000fec0 (0xfc442703) lw      a4, -60(s0)
core   0: 3 0x000000008000fec0 (0xfc442703) x14 0x0000000000000000 mem 0x0000000080031f34
core   0: 0x000000008000fec4 (0x0ff77713) andi    a4, a4, 255
core   0: 3 0x000000008000fec4 (0x0ff77713) x14 0x0000000000000000
core   0: 0x000000008000fec8 (0x00e78023) sb      a4, 0(a5)
core   0: 3 0x000000008000fec8 (0x00e78023) mem 0x00000000800120d8 0x00
core   0: 0x000000008000fecc (0xfc843703) ld      a4, -56(s0)
core   0: 3 0x000000008000fecc (0xfc843703) x14 0x0000000080012040 mem 0x0000000080031f38
core   0: 0x000000008000fed0 (0xfb843783) ld      a5, -72(s0)
core   0: 3 0x000000008000fed0 (0xfb843783) x15 0x000000000000009c mem 0x0000000080031f28
core   0: 0x000000008000fed4 (0x000097ba) c.add   a5, a4
core   0: 3 0x000000008000fed4 (0x97ba) x15 0x00000000800120dc
core   0: 0x000000008000fed6 (0xfe043703) ld      a4, -32(s0)
core   0: 3 0x000000008000fed6 (0xfe043703) x14 0x00000000800120d9 mem 0x0000000080031f50
core   0: 0x000000008000feda (0xfcf76de3) bltu    a4, a5, pc - 38
core   0: 3 0x000000008000feda (0xfcf76de3)
core   0: 0x000000008000feb4 (0xfe043783) ld      a5, -32(s0)
core   0: 3 0x000000008000feb4 (0xfe043783) x15 0x00000000800120d9 mem 0x0000000080031f50
core   0: 0x000000008000feb8 (0x00178713) addi    a4, a5, 1
core   0: 3 0x000000008000feb8 (0x00178713) x14 0x00000000800120da
core   0: 0x000000008000febc (0xfee43023) sd      a4, -32(s0)
core   0: 3 0x000000008000febc (0xfee43023) mem 0x0000000080031f50 0x00000000800120da
core   0: 0x000000008000fec0 (0xfc442703) lw      a4, -60(s0)
core   0: 3 0x000000008000fec0 (0xfc442703) x14 0x0000000000000000 mem 0x0000000080031f34
core   0: 0x000000008000fec4 (0x0ff77713) andi    a4, a4, 255
core   0: 3 0x000000008000fec4 (0x0ff77713) x14 0x0000000000000000
core   0: 0x000000008000fec8 (0x00e78023) sb      a4, 0(a5)
core   0: 3 0x000000008000fec8 (0x00e78023) mem 0x00000000800120d9 0x00
core   0: 0x000000008000fecc (0xfc843703) ld      a4, -56(s0)
core   0: 3 0x000000008000fecc (0xfc843703) x14 0x0000000080012040 mem 0x0000000080031f38
core   0: 0x000000008000fed0 (0xfb843783) ld      a5, -72(s0)
core   0: 3 0x000000008000fed0 (0xfb843783) x15 0x000000000000009c mem 0x0000000080031f28
core   0: 0x000000008000fed4 (0x000097ba) c.add   a5, a4
core   0: 3 0x000000008000fed4 (0x97ba) x15 0x00000000800120dc
core   0: 0x000000008000fed6 (0xfe043703) ld      a4, -32(s0)
core   0: 3 0x000000008000fed6 (0xfe043703) x14 0x00000000800120da mem 0x0000000080031f50
core   0: 0x000000008000feda (0xfcf76de3) bltu    a4, a5, pc - 38
core   0: 3 0x000000008000feda (0xfcf76de3)
core   0: 0x000000008000feb4 (0xfe043783) ld      a5, -32(s0)
core   0: 3 0x000000008000feb4 (0xfe043783) x15 0x00000000800120da mem 0x0000000080031f50
core   0: 0x000000008000feb8 (0x00178713) addi    a4, a5, 1
core   0: 3 0x000000008000feb8 (0x00178713) x14 0x00000000800120db
core   0: 0x000000008000febc (0xfee43023) sd      a4, -32(s0)
core   0: 3 0x000000008000febc (0xfee43023) mem 0x0000000080031f50 0x00000000800120db
core   0: 0x000000008000fec0 (0xfc442703) lw      a4, -60(s0)
core   0: 3 0x000000008000fec0 (0xfc442703) x14 0x0000000000000000 mem 0x0000000080031f34
core   0: 0x000000008000fec4 (0x0ff77713) andi    a4, a4, 255
core   0: 3 0x000000008000fec4 (0x0ff77713) x14 0x0000000000000000
core   0: 0x000000008000fec8 (0x00e78023) sb      a4, 0(a5)
core   0: 3 0x000000008000fec8 (0x00e78023) mem 0x00000000800120da 0x00
core   0: 0x000000008000fecc (0xfc843703) ld      a4, -56(s0)
core   0: 3 0x000000008000fecc (0xfc843703) x14 0x0000000080012040 mem 0x0000000080031f38
core   0: 0x000000008000fed0 (0xfb843783) ld      a5, -72(s0)
core   0: 3 0x000000008000fed0 (0xfb843783) x15 0x000000000000009c mem 0x0000000080031f28
core   0: 0x000000008000fed4 (0x000097ba) c.add   a5, a4
core   0: 3 0x000000008000fed4 (0x97ba) x15 0x00000000800120dc
core   0: 0x000000008000fed6 (0xfe043703) ld      a4, -32(s0)
core   0: 3 0x000000008000fed6 (0xfe043703) x14 0x00000000800120db mem 0x0000000080031f50
core   0: 0x000000008000feda (0xfcf76de3) bltu    a4, a5, pc - 38
core   0: 3 0x000000008000feda (0xfcf76de3)
core   0: 0x000000008000feb4 (0xfe043783) ld      a5, -32(s0)
core   0: 3 0x000000008000feb4 (0xfe043783) x15 0x00000000800120db mem 0x0000000080031f50
core   0: 0x000000008000feb8 (0x00178713) addi    a4, a5, 1
core   0: 3 0x000000008000feb8 (0x00178713) x14 0x00000000800120dc
core   0: 0x000000008000febc (0xfee43023) sd      a4, -32(s0)
core   0: 3 0x000000008000febc (0xfee43023) mem 0x0000000080031f50 0x00000000800120dc
core   0: 0x000000008000fec0 (0xfc442703) lw      a4, -60(s0)
core   0: 3 0x000000008000fec0 (0xfc442703) x14 0x0000000000000000 mem 0x0000000080031f34
core   0: 0x000000008000fec4 (0x0ff77713) andi    a4, a4, 255
core   0: 3 0x000000008000fec4 (0x0ff77713) x14 0x0000000000000000
core   0: 0x000000008000fec8 (0x00e78023) sb      a4, 0(a5)
core   0: 3 0x000000008000fec8 (0x00e78023) mem 0x00000000800120db 0x00
core   0: 0x000000008000fecc (0xfc843703) ld      a4, -56(s0)
core   0: 3 0x000000008000fecc (0xfc843703) x14 0x0000000080012040 mem 0x0000000080031f38
core   0: 0x000000008000fed0 (0xfb843783) ld      a5, -72(s0)
core   0: 3 0x000000008000fed0 (0xfb843783) x15 0x000000000000009c mem 0x0000000080031f28
core   0: 0x000000008000fed4 (0x000097ba) c.add   a5, a4
core   0: 3 0x000000008000fed4 (0x97ba) x15 0x00000000800120dc
core   0: 0x000000008000fed6 (0xfe043703) ld      a4, -32(s0)
core   0: 3 0x000000008000fed6 (0xfe043703) x14 0x00000000800120dc mem 0x0000000080031f50
core   0: 0x000000008000feda (0xfcf76de3) bltu    a4, a5, pc - 38
core   0: 3 0x000000008000feda (0xfcf76de3)
core   0: 0x000000008000fede (0xfc843783) ld      a5, -56(s0)
core   0: 3 0x000000008000fede (0xfc843783) x15 0x0000000080012040 mem 0x0000000080031f38
core   0: 0x000000008000fee2 (0x0000853e) c.mv    a0, a5
core   0: 3 0x000000008000fee2 (0x853e) x10 0x0000000080012040
core   0: 0x000000008000fee4 (0x00006426) c.ldsp  s0, 72(sp)
core   0: 3 0x000000008000fee4 (0x6426) x8  0x0000000080031f90 mem 0x0000000080031f68
core   0: 0x000000008000fee6 (0x00006161) c.addi16sp sp, 80
core   0: 3 0x000000008000fee6 (0x6161) x2  0x0000000080031f70
core   0: 0x000000008000fee8 (0x00008082) ret
core   0: 3 0x000000008000fee8 (0x8082)
core   0: 0x000000008000f49c (0x00000001) c.nop
core   0: 3 0x000000008000f49c (0x0001)
core   0: 0x000000008000f49e (0x000060e2) c.ldsp  ra, 24(sp)
core   0: 3 0x000000008000f49e (0x60e2) x1  0x000000008000f4dc mem 0x0000000080031f88
core   0: 0x000000008000f4a0 (0x00006442) c.ldsp  s0, 16(sp)
core   0: 3 0x000000008000f4a0 (0x6442) x8  0x0000000080032040 mem 0x0000000080031f80
core   0: 0x000000008000f4a2 (0x00006105) c.addi16sp sp, 32
core   0: 3 0x000000008000f4a2 (0x6105) x2  0x0000000080031f90
core   0: 0x000000008000f4a4 (0x00008082) ret
core   0: 3 0x000000008000f4a4 (0x8082)
core   0: 0x000000008000f4dc (0xf5842703) lw      a4, -168(s0)
core   0: 3 0x000000008000f4dc (0xf5842703) x14 0x0000000000000001 mem 0x0000000080031f98
core   0: 0x000000008000f4e0 (0xf5c42783) lw      a5, -164(s0)
core   0: 3 0x000000008000f4e0 (0xf5c42783) x15 0x0000000000000000 mem 0x0000000080031f9c
core   0: 0x000000008000f4e4 (0x000085ba) c.mv    a1, a4
core   0: 3 0x000000008000f4e4 (0x85ba) x11 0x0000000000000001
core   0: 0x000000008000f4e6 (0x0000853e) c.mv    a0, a5
core   0: 3 0x000000008000f4e6 (0x853e) x10 0x0000000000000000
core   0: 0x000000008000f4e8 (0xf03ff0ef) jal     pc - 0xfe
core   0: 3 0x000000008000f4e8 (0xf03ff0ef) x1  0x000000008000f4ec
core   0: >>>>  thread_entry
core   0: 0x000000008000f3ea (0x00001101) c.addi  sp, -32
core   0: 3 0x000000008000f3ea (0x1101) x2  0x0000000080031f70
core   0: 0x000000008000f3ec (0x0000ec22) c.sdsp  s0, 24(sp)
core   0: 3 0x000000008000f3ec (0xec22) mem 0x0000000080031f88 0x0000000080032040
core   0: 0x000000008000f3ee (0x00001000) c.addi4spn s0, sp, 32
core   0: 3 0x000000008000f3ee (0x1000) x8  0x0000000080031f90
core   0: 0x000000008000f3f0 (0x000087aa) c.mv    a5, a0
core   0: 3 0x000000008000f3f0 (0x87aa) x15 0x0000000000000000
core   0: 0x000000008000f3f2 (0x0000872e) c.mv    a4, a1
core   0: 3 0x000000008000f3f2 (0x872e) x14 0x0000000000000001
core   0: 0x000000008000f3f4 (0xfef42623) sw      a5, -20(s0)
core   0: 3 0x000000008000f3f4 (0xfef42623) mem 0x0000000080031f7c 0x00000000
core   0: 0x000000008000f3f8 (0x000087ba) c.mv    a5, a4
core   0: 3 0x000000008000f3f8 (0x87ba) x15 0x0000000000000001
core   0: 0x000000008000f3fa (0xfef42423) sw      a5, -24(s0)
core   0: 3 0x000000008000f3fa (0xfef42423) mem 0x0000000080031f78 0x00000001
core   0: 0x000000008000f3fe (0x00000001) c.nop
core   0: 3 0x000000008000f3fe (0x0001)
core   0: 0x000000008000f400 (0xfec42783) lw      a5, -20(s0)
core   0: 3 0x000000008000f400 (0xfec42783) x15 0x0000000000000000 mem 0x0000000080031f7c
core   0: 0x000000008000f404 (0x00002781) c.addiw a5, 0
core   0: 3 0x000000008000f404 (0x2781) x15 0x0000000000000000
core   0: 0x000000008000f406 (0x0000ffed) c.bnez  a5, pc - 6
core   0: 3 0x000000008000f406 (0xffed)
core   0: 0x000000008000f408 (0x00000001) c.nop
core   0: 3 0x000000008000f408 (0x0001)
core   0: 0x000000008000f40a (0x00000001) c.nop
core   0: 3 0x000000008000f40a (0x0001)
core   0: 0x000000008000f40c (0x00006462) c.ldsp  s0, 24(sp)
core   0: 3 0x000000008000f40c (0x6462) x8  0x0000000080032040 mem 0x0000000080031f88
core   0: 0x000000008000f40e (0x00006105) c.addi16sp sp, 32
core   0: 3 0x000000008000f40e (0x6105) x2  0x0000000080031f90
core   0: 0x000000008000f410 (0x00008082) ret
core   0: 3 0x000000008000f410 (0x8082)
core   0: 0x000000008000f4ec (0x00004581) c.li    a1, 0
core   0: 3 0x000000008000f4ec (0x4581) x11 0x0000000000000000
core   0: 0x000000008000f4ee (0x00004501) c.li    a0, 0
core   0: 3 0x000000008000f4ee (0x4501) x10 0x0000000000000000
core   0: 0x000000008000f4f0 (0xb11f20ef) jal     pc - 0xd4f0
core   0: 3 0x000000008000f4f0 (0xb11f20ef) x1  0x000000008000f4f4
core   0: >>>>  main
core   0: 0x0000000080002000 (0x00000001) c.nop
core   0: 3 0x0000000080002000 (0x0001)
core   0: >>>>  trap_vec_init
core   0: 0x0000000080002002 (0x00002797) auipc   a5, 0x2
core   0: 3 0x0000000080002002 (0x00002797) x15 0x0000000080004002
core   0: 0x0000000080002006 (0xffe78793) addi    a5, a5, -2
core   0: 3 0x0000000080002006 (0xffe78793) x15 0x0000000080004000
core   0: 0x000000008000200a (0x30579073) csrrw   zero, mtvec, a5
core   0: 3 0x000000008000200a (0x30579073) c773_mtvec 0x0000000080004000
core   0: >>>>  pmp_setup
core   0: 0x000000008000200e (0x00002c17) auipc   s8, 0x2
core   0: 3 0x000000008000200e (0x00002c17) x24 0x000000008000400e
core   0: 0x0000000080002012 (0x022c0c13) addi    s8, s8, 34
core   0: 3 0x0000000080002012 (0x022c0c13) x24 0x0000000080004030
core   0: 0x0000000080002016 (0x00004781) c.li    a5, 0
core   0: 3 0x0000000080002016 (0x4781) x15 0x0000000000000000
core   0: 0x0000000080002018 (0x00009c3e) c.add   s8, a5
core   0: 3 0x0000000080002018 (0x9c3e) x24 0x0000000080004030
core   0: 0x000000008000201a (0x3b0c1073) csrrw   zero, pmpaddr0, s8
core   0: 3 0x000000008000201a (0x3b0c1073) c944_pmpaddr0 0x0000000080004030
core   0: 0x000000008000201e (0x00004c3d) c.li    s8, 15
core   0: 3 0x000000008000201e (0x4c3d) x24 0x000000000000000f
core   0: 0x0000000080002020 (0x3a0c1073) csrrw   zero, pmpcfg0, s8
core   0: 3 0x0000000080002020 (0x3a0c1073) c928_pmpcfg0 0x000000000000000f
core   0: 0x0000000080002024 (0x12000073) sfence.vma zero, zero
core   0: 3 0x0000000080002024 (0x12000073)
core   0: >>>>  mepc_setup
core   0: 0x0000000080002028 (0x00002797) auipc   a5, 0x2
core   0: 3 0x0000000080002028 (0x00002797) x15 0x0000000080004028
core   0: 0x000000008000202c (0x00878793) addi    a5, a5, 8
core   0: 3 0x000000008000202c (0x00878793) x15 0x0000000080004030
core   0: 0x0000000080002030 (0x34179073) csrrw   zero, mepc, a5
core   0: 3 0x0000000080002030 (0x34179073) c833_mepc 0x0000000080004030
core   0: >>>>  custom_csr_setup
core   0: 0x0000000080002034 (0x00100f9b) addiw   t6, zero, 1
core   0: 3 0x0000000080002034 (0x00100f9b) x31 0x0000000000000001
core   0: 0x0000000080002038 (0x00000ffe) c.slli  t6, 31
core   0: 3 0x0000000080002038 (0x0ffe) x31 0x0000000080000000
core   0: 0x000000008000203a (0x00000001) c.nop
core   0: 3 0x000000008000203a (0x0001)
core   0: >>>>  init_s_mode
core   0: 0x000000008000203c (0xfff0079b) addiw   a5, zero, -1
core   0: 3 0x000000008000203c (0xfff0079b) x15 0xffffffffffffffff
core   0: 0x0000000080002040 (0x000017fe) c.slli  a5, 63
core   0: 3 0x0000000080002040 (0x17fe) x15 0x8000000000000000
core   0: 0x0000000080002042 (0x18079073) csrrw   zero, satp, a5
core   0: 3 0x0000000080002042 (0x18079073) c384_satp 0x8000000000000000
core   0: 0x0000000080002046 (0x0000f797) auipc   a5, 0xf
core   0: 3 0x0000000080002046 (0x0000f797) x15 0x0000000080011046
core   0: 0x000000008000204a (0xfba78793) addi    a5, a5, -70
core   0: 3 0x000000008000204a (0xfba78793) x15 0x0000000080011000
core   0: 0x000000008000204e (0x000083b1) c.srli  a5, 12
core   0: 3 0x000000008000204e (0x83b1) x15 0x0000000000080011
core   0: 0x0000000080002050 (0x0010061b) addiw   a2, zero, 1
core   0: 3 0x0000000080002050 (0x0010061b) x12 0x0000000000000001
core   0: 0x0000000080002054 (0x00001632) c.slli  a2, 44
core   0: 3 0x0000000080002054 (0x1632) x12 0x0000100000000000
core   0: 0x0000000080002056 (0x0000167d) c.addi  a2, -1
core   0: 3 0x0000000080002056 (0x167d) x12 0x00000fffffffffff
core   0: 0x0000000080002058 (0x00008ff1) c.and   a5, a2
core   0: 3 0x0000000080002058 (0x8ff1) x15 0x0000000000080011
core   0: 0x000000008000205a (0x1807a073) csrrs   zero, satp, a5
core   0: 3 0x000000008000205a (0x1807a073) c384_satp 0x8000000000080011
core   0: 0x000000008000205e (0x00a005b7) lui     a1, 0xa00
core   0: 3 0x000000008000205e (0x00a005b7) x11 0x0000000000a00000
core   0: 0x0000000080002062 (0x10b5859b) addiw   a1, a1, 267
core   0: 3 0x0000000080002062 (0x10b5859b) x11 0x0000000000a0010b
core   0: 0x0000000080002066 (0x000005b2) c.slli  a1, 12
core   0: 3 0x0000000080002066 (0x05b2) x11 0x0000000a0010b000
core   0: 0x0000000080002068 (0xa0058593) addi    a1, a1, -1536
core   0: 3 0x0000000080002068 (0xa0058593) x11 0x0000000a0010aa00
core   0: 0x000000008000206c (0x30059073) csrrw   zero, mstatus, a1
core   0: 3 0x000000008000206c (0x30059073) c768_mstatus 0x0000000a00102800
core   0: 0x0000000080002070 (0x30459073) csrrw   zero, mie, a1
core   0: 3 0x0000000080002070 (0x30459073) c772_mie 0x0000000000000a00
core   0: 0x0000000080002074 (0x00a005b7) lui     a1, 0xa00
core   0: 3 0x0000000080002074 (0x00a005b7) x11 0x0000000000a00000
core   0: 0x0000000080002078 (0x10b5859b) addiw   a1, a1, 267
core   0: 3 0x0000000080002078 (0x10b5859b) x11 0x0000000000a0010b
core   0: 0x000000008000207c (0x000005b2) c.slli  a1, 12
core   0: 3 0x000000008000207c (0x05b2) x11 0x0000000a0010b000
core   0: 0x000000008000207e (0xa0058593) addi    a1, a1, -1536
core   0: 3 0x000000008000207e (0xa0058593) x11 0x0000000a0010aa00
core   0: 0x0000000080002082 (0x10059073) csrrw   zero, sstatus, a1
core   0: 3 0x0000000080002082 (0x10059073) c768_mstatus 0x0000000a00102800
core   0: 0x0000000080002086 (0x10459073) csrrw   zero, sie, a1
core   0: 3 0x0000000080002086 (0x10459073) c772_mie 0x0000000000000a00
core   0: 0x000000008000208a (0x30200073) mret
core   0: 3 0x000000008000208a (0x30200073) c768_mstatus 0x0000000a00102080
core   0: >>>>  main_g
core   0: 0x0000000080004030 (0x2a80e237) lui     tp, 0x2a80e
core   0: 1 0x0000000080004030 (0x2a80e237) x4  0x000000002a80e000
core   0: 0x0000000080004034 (0x03567653) fadd.d  fa2, fa2, fs5
core   0: 1 0x0000000080004034 (0x03567653) c768_mstatus 0x8000000a00106080 f12 0x7ff8000000000000
core   0: 0x0000000080004038 (0x00cdcdb3) xor     s11, s11, a2
core   0: 1 0x0000000080004038 (0x00cdcdb3) x27 0x00000fffffffffff
core   0: 0x000000008000403c (0x001d039b) addiw   t2, s10, 1
core   0: 1 0x000000008000403c (0x001d039b) x7  0x0000000000000001
core   0: 0x0000000080004040 (0x40167ad3) fcvt.s.d fs5, fa2
core   0: 1 0x0000000080004040 (0x40167ad3) f21 0xffffffff7fc00000
core   0: 0x0000000080004044 (0xc2d48e9b) addiw   t4, s1, -979
core   0: 1 0x0000000080004044 (0xc2d48e9b) x29 0xffffffff80031bed
core   0: 0x0000000080004048 (0x0154d693) srli    a3, s1, 21
core   0: 1 0x0000000080004048 (0x0154d693) x13 0x0000000000000400
core   0: 0x000000008000404c (0x00000001) c.nop
core   0: 1 0x000000008000404c (0x0001)
core   0: 0x000000008000404e (0x030b2b33) mulhsu  s6, s6, a6
core   0: 1 0x000000008000404e (0x030b2b33) x22 0x0000000000000000
core   0: 0x0000000080004052 (0x3fd6899b) addiw   s3, a3, 1021
core   0: 1 0x0000000080004052 (0x3fd6899b) x19 0x00000000000007fd
core   0: 0x0000000080004056 (0x0dd8f513) andi    a0, a7, 221
core   0: 1 0x0000000080004056 (0x0dd8f513) x10 0x0000000000000000
core   0: 0x000000008000405a (0x000cdb9b) srliw   s7, s9, 0
core   0: 1 0x000000008000405a (0x000cdb9b) x23 0x0000000000000000
core   0: 0x000000008000405e (0x00d2119b) slliw   gp, tp, 13
core   0: 1 0x000000008000405e (0x00d2119b) x3  0x000000001c000000
core   0: 0x0000000080004062 (0xc2337ad3) fcvt.lu.d s5, ft6
core   0: 1 0x0000000080004062 (0xc2337ad3) c1_fflags 0x0000000000000010 x21 0xffffffffffffffff
core   0: 0x0000000080004066 (0xc03f7053) fcvt.lu.s zero, ft10
core   0: 1 0x0000000080004066 (0xc03f7053)
core   0: 0x000000008000406a (0x4103d03b) sraw    zero, t2, a6
core   0: 1 0x000000008000406a (0x4103d03b)
core   0: 0x000000008000406e (0x0000e533) or      a0, ra, zero
core   0: 1 0x000000008000406e (0x0000e533) x10 0x000000008000f4f4
core   0: 0x0000000080004072 (0xf2028153) fmv.d.x ft2, t0
core   0: 1 0x0000000080004072 (0xf2028153) f2  0x0000000080000124
core   0: 0x0000000080004076 (0xd8bce4b7) lui     s1, 0xd8bce
core   0: 1 0x0000000080004076 (0xd8bce4b7) x9  0xffffffffd8bce000
core   0: 0x000000008000407a (0xb0263a73) csrrc   s4, minstret, a2
core   0: exception trap_illegal_instruction, epc 0x000000008000407a
core   0:           tval 0x00000000b0263a73
core   0: >>>>  $xrv64i2p1_m2p0_a2p1_f2p2_d2p2_zicsr2p0_zifencei2p0_zmmul1p0_zba1p0_zbb1p0_zbc1p0_zbs1p0
core   0: 0x0000000080004000 (0x0080006f) j       pc + 0x8
core   0: 3 0x0000000080004000 (0x0080006f)
core   0: >>>>  mmode_exception_handler
core   0: 0x0000000080004008 (0x00002c17) auipc   s8, 0x2
core   0: 3 0x0000000080004008 (0x00002c17) x24 0x0000000080006008
core   0: 0x000000008000400c (0x09ec0c13) addi    s8, s8, 158
core   0: 3 0x000000008000400c (0x09ec0c13) x24 0x00000000800060a6
core   0: 0x0000000080004010 (0x000c00e7) jalr    s8
core   0: 3 0x0000000080004010 (0x000c00e7) x1  0x0000000080004014
core   0: >>>>  any_handler
core   0: 0x00000000800060a6 (0x341027f3) csrrs   a5, mepc, zero
core   0: 3 0x00000000800060a6 (0x341027f3) x15 0x000000008000407a
core   0: 0x00000000800060aa (0x34202773) csrrs   a4, mcause, zero
core   0: 3 0x00000000800060aa (0x34202773) x14 0x0000000000000002
core   0: 0x00000000800060ae (0x142026f3) csrrs   a3, scause, zero
core   0: 3 0x00000000800060ae (0x142026f3) x13 0x0000000000000000
core   0: 0x00000000800060b2 (0x30402673) csrrs   a2, mie, zero
core   0: 3 0x00000000800060b2 (0x30402673) x12 0x0000000000000a00
core   0: 0x00000000800060b6 (0x344025f3) csrrs   a1, mip, zero
core   0: 3 0x00000000800060b6 (0x344025f3) x11 0x0000000000000080
core   0: 0x00000000800060ba (0x343025f3) csrrs   a1, mtval, zero
core   0: 3 0x00000000800060ba (0x343025f3) x11 0x00000000b0263a73
core   0: 0x00000000800060be (0x14302573) csrrs   a0, stval, zero
core   0: 3 0x00000000800060be (0x14302573) x10 0x0000000000000000
core   0: 0x00000000800060c2 (0xb02024f3) csrrs   s1, minstret, zero
core   0: 3 0x00000000800060c2 (0xb02024f3) x9  0x00000000000007de
core   0: 0x00000000800060c6 (0x0000a811) c.j     pc + 20
core   0: 3 0x00000000800060c6 (0xa811)
core   0: >>>>  mepc_4
core   0: 0x00000000800060da (0x00000791) c.addi  a5, 4
core   0: 3 0x00000000800060da (0x0791) x15 0x000000008000407e
core   0: 0x00000000800060dc (0x34179073) csrrw   zero, mepc, a5
core   0: 3 0x00000000800060dc (0x34179073) c833_mepc 0x000000008000407e
core   0: 0x00000000800060e0 (0x30200073) mret
core   0: 3 0x00000000800060e0 (0x30200073) c768_mstatus 0x8000000a00106080
core   0: 0x000000008000407e (0x4336db13) srai    s6, a3, 51
core   0: 1 0x000000008000407e (0x4336db13) x22 0x0000000000000000
core   0: 0x0000000080004082 (0x411ad793) srai    a5, s5, 17
core   0: 1 0x0000000080004082 (0x411ad793) x15 0xffffffffffffffff
core   0: 0x0000000080004086 (0x0383723b) remuw   tp, t1, s8
core   0: 1 0x0000000080004086 (0x0383723b) x4  0x0000000000000000
core   0: 0x000000008000408a (0x1404a873) csrrs   a6, sscratch, s1
core   0: 1 0x000000008000408a (0x1404a873) x16 0x0000000000000000 c320_sscratch 0x00000000000007de
core   0: 0x000000008000408e (0x004d10bb) sllw    ra, s10, tp
core   0: 1 0x000000008000408e (0x004d10bb) x1  0x0000000000000000
core   0: 0x0000000080004092 (0xf2018753) fmv.d.x fa4, gp
core   0: 1 0x0000000080004092 (0xf2018753) f14 0x000000001c000000
core   0: 0x0000000080004096 (0x00000001) c.nop
core   0: 1 0x0000000080004096 (0x0001)
core   0: 0x0000000080004098 (0x23a40b53) fsgnj.d fs6, fs0, fs10
core   0: 1 0x0000000080004098 (0x23a40b53) f22 0xffffffff00000000
core   0: 0x000000008000409c (0x7ff0849b) addiw   s1, ra, 2047
core   0: 1 0x000000008000409c (0x7ff0849b) x9  0x00000000000007ff
core   0: 0x00000000800040a0 (0x0092c3b3) xor     t2, t0, s1
core   0: 1 0x00000000800040a0 (0x0092c3b3) x7  0x00000000800006db
core   0: 0x00000000800040a4 (0x001025f3) csrrs   a1, fflags, zero
core   0: 1 0x00000000800040a4 (0x001025f3) x11 0x0000000000000010
core   0: 0x00000000800040a8 (0x001e1e33) sll     t3, t3, ra
core   0: 1 0x00000000800040a8 (0x001e1e33) x28 0x0000000000000000
core   0: 0x00000000800040ac (0x0035f4b3) and     s1, a1, gp
core   0: 1 0x00000000800040ac (0x0035f4b3) x9  0x0000000000000000
core   0: 0x00000000800040b0 (0xd2058553) fcvt.d.w fa0, a1
core   0: 1 0x00000000800040b0 (0xd2058553) f10 0x4030000000000000
core   0: 0x00000000800040b4 (0x0ab57453) fsub.d  fs0, fa0, fa1
core   0: 1 0x00000000800040b4 (0x0ab57453) f8  0x7ff8000000000000
core   0: 0x00000000800040b8 (0x00000001) c.nop
core   0: 1 0x00000000800040b8 (0x0001)
core   0: 0x00000000800040ba (0xf2028fd3) fmv.d.x ft11, t0
core   0: 1 0x00000000800040ba (0xf2028fd3) f31 0x0000000080000124
core   0: 0x00000000800040be (0x2a5472cb) fnmsub.d ft5, fs0, ft5, ft5
core   0: 1 0x00000000800040be (0x2a5472cb) f5  0x7ff8000000000000
core   0: 0x00000000800040c2 (0x00b45ab3) srl     s5, s0, a1
core   0: 1 0x00000000800040c2 (0x00b45ab3) x21 0x0000000000008003
core   0: 0x00000000800040c6 (0x00001913) slli    s2, zero, 0
core   0: 1 0x00000000800040c6 (0x00001913) x18 0x0000000000000000
core   0: 0x00000000800040ca (0x00000001) c.nop
core   0: 1 0x00000000800040ca (0x0001)
core   0: 0x00000000800040cc (0x0019531b) srliw   t1, s2, 1
core   0: 1 0x00000000800040cc (0x0019531b) x6  0x0000000000000000
core   0: 0x00000000800040d0 (0x1a64f353) fdiv.d  ft6, fs1, ft6
core   0: 1 0x00000000800040d0 (0x1a64f353) f6  0x7ff8000000000000
core   0: 0x00000000800040d4 (0xc22bfb53) fcvt.l.d s6, fs7
core   0: 1 0x00000000800040d4 (0xc22bfb53) c1_fflags 0x0000000000000010 x22 0x7fffffffffffffff
core   0: 0x00000000800040d8 (0x4010d513) srai    a0, ra, 1
core   0: 1 0x00000000800040d8 (0x4010d513) x10 0x0000000000000000
core   0: 0x00000000800040dc (0x027b43b3) div     t2, s6, t2
core   0: 1 0x00000000800040dc (0x027b43b3) x7  0x00000000fffff24a
core   0: 0x00000000800040e0 (0x001d1813) slli    a6, s10, 1
core   0: 1 0x00000000800040e0 (0x001d1813) x16 0x0000000000000000
core   0: 0x00000000800040e4 (0x0049d89b) srliw   a7, s3, 4
core   0: 1 0x00000000800040e4 (0x0049d89b) x17 0x000000000000007f
core   0: 0x00000000800040e8 (0x0313c3b3) div     t2, t2, a7
core   0: 1 0x00000000800040e8 (0x0313c3b3) x7  0x00000000020407f4
core   0: 0x00000000800040ec (0x7d2b7417) auipc   s0, 0x7d2b7
core   0: 1 0x00000000800040ec (0x7d2b7417) x8  0x00000000fd2bb0ec
core   0: 0x00000000800040f0 (0x40545e1b) sraiw   t3, s0, 5
core   0: 1 0x00000000800040f0 (0x40545e1b) x28 0xffffffffffe95d87
core   0: 0x00000000800040f4 (0x03770033) mul     zero, a4, s7
core   0: 1 0x00000000800040f4 (0x03770033)
core   0: 0x00000000800040f8 (0xd2158e53) fcvt.d.wu ft8, a1
core   0: 1 0x00000000800040f8 (0xd2158e53) f28 0x4030000000000000
core   0: 0x00000000800040fc (0x02b00db3) mul     s11, zero, a1
core   0: 1 0x00000000800040fc (0x02b00db3) x27 0x0000000000000000
core   0: 0x0000000080004100 (0x019a5a13) srli    s4, s4, 25
core   0: 1 0x0000000080004100 (0x019a5a13) x20 0x0000000000000000
core   0: 0x0000000080004104 (0x0ff0000f) fence   iorw,iorw
core   0: 1 0x0000000080004104 (0x0ff0000f)
core   0: 0x0000000080004108 (0x7ff4c113) xori    sp, s1, 2047
core   0: 1 0x0000000080004108 (0x7ff4c113) x2  0x00000000000007ff
core   0: 0x000000008000410c (0x014d7333) and     t1, s10, s4
core   0: 1 0x000000008000410c (0x014d7333) x6  0x0000000000000000
core   0: 0x0000000080004110 (0x0287c5b7) lui     a1, 0x287c
core   0: 1 0x0000000080004110 (0x0287c5b7) x11 0x000000000287c000
core   0: 0x0000000080004114 (0xd875859b) addiw   a1, a1, -633
core   0: 1 0x0000000080004114 (0xd875859b) x11 0x000000000287bd87
core   0: 0x0000000080004118 (0x000005b2) c.slli  a1, 12
core   0: 1 0x0000000080004118 (0x05b2) x11 0x000000287bd87000
core   0: 0x000000008000411a (0x18358593) addi    a1, a1, 387
core   0: 1 0x000000008000411a (0x18358593) x11 0x000000287bd87183
core   0: 0x000000008000411e (0x00995533) srl     a0, s2, s1
core   0: 1 0x000000008000411e (0x00995533) x10 0x0000000000000000
core   0: 0x0000000080004122 (0x00bd0c3b) addw    s8, s10, a1
core   0: 1 0x0000000080004122 (0x00bd0c3b) x24 0x000000007bd87183
core   0: 0x0000000080004126 (0x00425333) srl     t1, tp, tp
core   0: 1 0x0000000080004126 (0x00425333) x6  0x0000000000000000
core   0: 0x000000008000412a (0x4753001b) addiw   zero, t1, 1141
core   0: 1 0x000000008000412a (0x4753001b)
core   0: 0x000000008000412e (0x01c7933b) sllw    t1, a5, t3
core   0: 1 0x000000008000412e (0x01c7933b) x6  0xffffffffffffff80
core   0: 0x0000000080004132 (0xd3740193) addi    gp, s0, -713
core   0: 1 0x0000000080004132 (0xd3740193) x3  0x00000000fd2bae23
core   0: 0x0000000080004136 (0x00044213) xori    tp, s0, 0
core   0: 1 0x0000000080004136 (0x00044213) x4  0x00000000fd2bb0ec
core   0: 0x000000008000413a (0xd031fc53) fcvt.s.lu fs8, gp
core   0: 1 0x000000008000413a (0xd031fc53) c1_fflags 0x0000000000000011 f24 0xffffffff4f7d2bae
core   0: 0x000000008000413e (0x00000001) c.nop
core   0: 1 0x000000008000413e (0x0001)
core   0: 0x0000000080004140 (0x4006551b) sraiw   a0, a2, 0
core   0: 1 0x0000000080004140 (0x4006551b) x10 0x0000000000000a00
core   0: 0x0000000080004144 (0x0b8c77d3) fsub.d  fa5, fs8, fs8
core   0: 1 0x0000000080004144 (0x0b8c77d3) f15 0x7ff8000000000000
core   0: 0x0000000080004148 (0x40a5d433) sra     s0, a1, a0
core   0: 1 0x0000000080004148 (0x40a5d433) x8  0x000000287bd87183
core   0: 0x000000008000414c (0xc23df753) fcvt.lu.d a4, fs11
core   0: 1 0x000000008000414c (0xc23df753) c1_fflags 0x0000000000000011 x14 0xffffffffffffffff
core   0: 0x0000000080004150 (0x03560c3b) mulw    s8, a2, s5
core   0: 1 0x0000000080004150 (0x03560c3b) x24 0x0000000005001e00
core   0: 0x0000000080004154 (0x0188193b) sllw    s2, a6, s8
core   0: 1 0x0000000080004154 (0x0188193b) x18 0x0000000000000000
core   0: 0x0000000080004158 (0x00111573) csrrw   a0, fflags, sp
core   0: 1 0x0000000080004158 (0x00111573) x10 0x0000000000000011 c1_fflags 0x000000000000001f
core   0: 0x000000008000415c (0x0b8cfcd3) fsub.d  fs9, fs9, fs8
core   0: 1 0x000000008000415c (0x0b8cfcd3) f25 0x7ff8000000000000
core   0: 0x0000000080004160 (0x40450a33) sub     s4, a0, tp
core   0: 1 0x0000000080004160 (0x40450a33) x20 0xffffffff02d44f25
core   0: 0x0000000080004164 (0x025a70b7) lui     ra, 0x25a7
core   0: 1 0x0000000080004164 (0x025a70b7) x1  0x00000000025a7000
core   0: 0x0000000080004168 (0x2e10809b) addiw   ra, ra, 737
core   0: 1 0x0000000080004168 (0x2e10809b) x1  0x00000000025a72e1
core   0: 0x000000008000416c (0x000000b6) c.slli  ra, 13
core   0: 1 0x000000008000416c (0x00b6) x1  0x0000004b4e5c2000
core   0: 0x000000008000416e (0x55408093) addi    ra, ra, 1364
core   0: 1 0x000000008000416e (0x55408093) x1  0x0000004b4e5c2554
core   0: 0x0000000080004172 (0x40408333) sub     t1, ra, tp
core   0: 1 0x0000000080004172 (0x40408333) x6  0x0000004a51307468
core   0: 0x0000000080004176 (0x02370eb7) lui     t4, 0x2370
core   0: 1 0x0000000080004176 (0x02370eb7) x29 0x0000000002370000
core   0: 0x000000008000417a (0x171e8e9b) addiw   t4, t4, 369
core   0: 1 0x000000008000417a (0x171e8e9b) x29 0x0000000002370171
core   0: 0x000000008000417e (0x00000eb6) c.slli  t4, 13
core   0: 1 0x000000008000417e (0x0eb6) x29 0x00000046e02e2000
core   0: 0x0000000080004180 (0x1bce8e93) addi    t4, t4, 444
core   0: 1 0x0000000080004180 (0x1bce8e93) x29 0x00000046e02e21bc
core   0: 0x0000000080004184 (0x4481879b) addiw   a5, gp, 1096
core   0: 1 0x0000000080004184 (0x4481879b) x15 0xfffffffffd2bb26b
core   0: 0x0000000080004188 (0x40178e33) sub     t3, a5, ra
core   0: 1 0x0000000080004188 (0x40178e33) x28 0xffffffb4aecf8d17
core   0: 0x000000008000418c (0xc206f6d3) fcvt.w.d a3, fa3
core   0: 1 0x000000008000418c (0xc206f6d3) c1_fflags 0x000000000000001f x13 0x000000007fffffff
core   0: 0x0000000080004190 (0x408e5d1b) sraiw   s10, t3, 8
core   0: 1 0x0000000080004190 (0x408e5d1b) x26 0xffffffffffaecf8d
core   0: 0x0000000080004194 (0x8007c893) xori    a7, a5, -2048
core   0: 1 0x0000000080004194 (0x8007c893) x17 0x0000000002d44a6b
core   0: 0x0000000080004198 (0x00000b05) c.addi  s6, 1
core   0: 1 0x0000000080004198 (0x0b05) x22 0x8000000000000000
core   0: 0x000000008000419a (0x001d9bf3) csrrw   s7, fflags, s11
core   0: 1 0x000000008000419a (0x001d9bf3) x23 0x000000000000001f c1_fflags 0x0000000000000000
core   0: 0x000000008000419e (0x2b761bd3) fmax.d  fs7, fa2, fs7
core   0: 1 0x000000008000419e (0x2b761bd3) f23 0x7ff8000000000000
core   0: 0x00000000800041a2 (0x4123d39b) sraiw   t2, t2, 18
core   0: 1 0x00000000800041a2 (0x4123d39b) x7  0x0000000000000081
core   0: 0x00000000800041a6 (0x42020453) fcvt.d.s fs0, ft4
core   0: 1 0x00000000800041a6 (0x42020453) f8  0x0000000000000000
core   0: 0x00000000800041aa (0x01cef233) and     tp, t4, t3
core   0: 1 0x00000000800041aa (0x01cef233) x4  0x00000004a00e0114
core   0: 0x00000000800041ae (0x00202b73) csrrs   s6, frm, zero
core   0: 1 0x00000000800041ae (0x00202b73) x22 0x0000000000000000
core   0: 0x00000000800041b2 (0x01620bbb) addw    s7, tp, s6
core   0: 1 0x00000000800041b2 (0x01620bbb) x23 0xffffffffa00e0114
core   0: 0x00000000800041b6 (0x037adc3b) divuw   s8, s5, s7
core   0: 1 0x00000000800041b6 (0x037adc3b) x24 0x0000000000000000
core   0: 0x00000000800041ba (0xc2277253) fcvt.l.d tp, fa4
core   0: 1 0x00000000800041ba (0xc2277253) c1_fflags 0x0000000000000001 x4  0x0000000000000000
core   0: 0x00000000800041be (0x00221c73) csrrw   s8, frm, tp
core   0: 1 0x00000000800041be (0x00221c73) x24 0x0000000000000000 c2_frm 0x0000000000000000
core   0: 0x00000000800041c2 (0x4017f7d3) fcvt.s.d fa5, fa5
core   0: 1 0x00000000800041c2 (0x4017f7d3) f15 0xffffffff7fc00000
core   0: 0x00000000800041c6 (0x002090f3) csrrw   ra, frm, ra
core   0: 1 0x00000000800041c6 (0x002090f3) x1  0x0000000000000000 c2_frm 0x0000000000000004
core   0: 0x00000000800041ca (0x0210c233) div     tp, ra, ra
core   0: 1 0x00000000800041ca (0x0210c233) x4  0xffffffffffffffff
core   0: 0x00000000800041ce (0xfff2051b) addiw   a0, tp, -1
core   0: 1 0x00000000800041ce (0xfff2051b) x10 0xfffffffffffffffe
core   0: 0x00000000800041d2 (0x02a117b3) mulh    a5, sp, a0
core   0: 1 0x00000000800041d2 (0x02a117b3) x15 0xffffffffffffffff
core   0: 0x00000000800041d6 (0x0310c1bb) divw    gp, ra, a7
core   0: 1 0x00000000800041d6 (0x0310c1bb) x3  0x0000000000000000
core   0: 0x00000000800041da (0xd2048153) fcvt.d.w ft2, s1
core   0: 1 0x00000000800041da (0xd2048153) f2  0x0000000000000000
core   0: 0x00000000800041de (0x4143571b) sraiw   a4, t1, 20
core   0: 1 0x00000000800041de (0x4143571b) x14 0x0000000000000513
core   0: 0x00000000800041e2 (0xe20d85d3) fmv.x.d a1, fs11
core   0: 1 0x00000000800041e2 (0xe20d85d3) x11 0xffffffff00000000
core   0: 0x00000000800041e6 (0xfcb0e1b7) lui     gp, 0xfcb0e
core   0: 1 0x00000000800041e6 (0xfcb0e1b7) x3  0xfffffffffcb0e000
core   0: 0x00000000800041ea (0xe691819b) addiw   gp, gp, -407
core   0: 1 0x00000000800041ea (0xe691819b) x3  0xfffffffffcb0de69
core   0: 0x00000000800041ee (0x000001b2) c.slli  gp, 12
core   0: 1 0x00000000800041ee (0x01b2) x3  0xffffffcb0de69000
core   0: 0x00000000800041f0 (0x4f818193) addi    gp, gp, 1272
core   0: 1 0x00000000800041f0 (0x4f818193) x3  0xffffffcb0de694f8
core   0: 0x00000000800041f4 (0x2a610753) fmin.d  fa4, ft2, ft6
core   0: 1 0x00000000800041f4 (0x2a610753) f14 0x0000000000000000
core   0: 0x00000000800041f8 (0x00601dbb) sllw    s11, zero, t1
core   0: 1 0x00000000800041f8 (0x00601dbb) x27 0x0000000000000000
core   0: 0x00000000800041fc (0x0387803b) mulw    zero, a5, s8
core   0: 1 0x00000000800041fc (0x0387803b)
core   0: 0x0000000080004200 (0x0019883b) addw    a6, s3, ra
core   0: 1 0x0000000080004200 (0x0019883b) x16 0x00000000000007fd
core   0: 0x0000000080004204 (0x23099cd3) fsgnjn.d fs9, fs3, fa6
core   0: 1 0x0000000080004204 (0x23099cd3) f25 0x7fffffff00000000
core   0: 0x0000000080004208 (0x00000001) c.nop
core   0: 1 0x0000000080004208 (0x0001)
core   0: 0x000000008000420a (0x0049c0b3) xor     ra, s3, tp
core   0: 1 0x000000008000420a (0x0049c0b3) x1  0xfffffffffffff802
core   0: 0x000000008000420e (0xbb4bf0cb) fnmsub.d ft1, fs7, fs4, fs7
core   0: 1 0x000000008000420e (0xbb4bf0cb) f1  0x7ff8000000000000
core   0: 0x0000000080004212 (0x028b71d3) fadd.d  ft3, fs6, fs0
core   0: 1 0x0000000080004212 (0x028b71d3) f3  0x7ff8000000000000
core   0: 0x0000000080004216 (0xf28938b7) lui     a7, 0xf2893
core   0: 1 0x0000000080004216 (0xf28938b7) x17 0xfffffffff2893000
core   0: 0x000000008000421a (0x04416a37) lui     s4, 0x4416
core   0: 1 0x000000008000421a (0x04416a37) x20 0x0000000004416000
core   0: 0x000000008000421e (0x3b9a0a1b) addiw   s4, s4, 953
core   0: 1 0x000000008000421e (0x3b9a0a1b) x20 0x00000000044163b9
core   0: 0x0000000080004222 (0x00000a32) c.slli  s4, 12
core   0: 1 0x0000000080004222 (0x0a32) x20 0x00000044163b9000
core   0: 0x0000000080004224 (0x524a0a13) addi    s4, s4, 1316
core   0: 1 0x0000000080004224 (0x524a0a13) x20 0x00000044163b9524
core   0: 0x0000000080004228 (0x1aa7f553) fdiv.d  fa0, fa5, fa0
core   0: 1 0x0000000080004228 (0x1aa7f553) f10 0x7ff8000000000000
core   0: 0x000000008000422c (0x0310c5bb) divw    a1, ra, a7
core   0: 1 0x000000008000422c (0x0310c5bb) x11 0x0000000000000000
core   0: 0x0000000080004230 (0x4185dc13) srai    s8, a1, 24
core   0: 1 0x0000000080004230 (0x4185dc13) x24 0x0000000000000000
core   0: 0x0000000080004234 (0x000ba893) slti    a7, s7, 0
core   0: 1 0x0000000080004234 (0x000ba893) x17 0x0000000000000001
core   0: 0x0000000080004238 (0x4018f453) fcvt.s.d fs0, fa7
core   0: 1 0x0000000080004238 (0x4018f453) f8  0xffffffff7fc00000
core   0: 0x000000008000423c (0x000b1b13) slli    s6, s6, 0
core   0: 1 0x000000008000423c (0x000b1b13) x22 0x0000000000000000
core   0: 0x0000000080004240 (0x230cabd3) fsgnjx.d fs7, fs9, fa6
core   0: 1 0x0000000080004240 (0x230cabd3) f23 0xffffffff00000000
core   0: 0x0000000080004244 (0x343b2df3) csrrs   s11, mtval, s6
core   0: exception trap_illegal_instruction, epc 0x0000000080004244
core   0:           tval 0x00000000343b2df3
core   0: >>>>  $xrv64i2p1_m2p0_a2p1_f2p2_d2p2_zicsr2p0_zifencei2p0_zmmul1p0_zba1p0_zbb1p0_zbc1p0_zbs1p0
core   0: 0x0000000080004000 (0x0080006f) j       pc + 0x8
core   0: 3 0x0000000080004000 (0x0080006f)
core   0: >>>>  mmode_exception_handler
core   0: 0x0000000080004008 (0x00002c17) auipc   s8, 0x2
core   0: 3 0x0000000080004008 (0x00002c17) x24 0x0000000080006008
core   0: 0x000000008000400c (0x09ec0c13) addi    s8, s8, 158
core   0: 3 0x000000008000400c (0x09ec0c13) x24 0x00000000800060a6
core   0: 0x0000000080004010 (0x000c00e7) jalr    s8
core   0: 3 0x0000000080004010 (0x000c00e7) x1  0x0000000080004014
core   0: >>>>  any_handler
core   0: 0x00000000800060a6 (0x341027f3) csrrs   a5, mepc, zero
core   0: 3 0x00000000800060a6 (0x341027f3) x15 0x0000000080004244
core   0: 0x00000000800060aa (0x34202773) csrrs   a4, mcause, zero
core   0: 3 0x00000000800060aa (0x34202773) x14 0x0000000000000002
core   0: 0x00000000800060ae (0x142026f3) csrrs   a3, scause, zero
core   0: 3 0x00000000800060ae (0x142026f3) x13 0x0000000000000000
core   0: 0x00000000800060b2 (0x30402673) csrrs   a2, mie, zero
core   0: 3 0x00000000800060b2 (0x30402673) x12 0x0000000000000a00
core   0: 0x00000000800060b6 (0x344025f3) csrrs   a1, mip, zero
core   0: 3 0x00000000800060b6 (0x344025f3) x11 0x0000000000000080
core   0: 0x00000000800060ba (0x343025f3) csrrs   a1, mtval, zero
core   0: 3 0x00000000800060ba (0x343025f3) x11 0x00000000343b2df3
core   0: 0x00000000800060be (0x14302573) csrrs   a0, stval, zero
core   0: 3 0x00000000800060be (0x14302573) x10 0x0000000000000000
core   0: 0x00000000800060c2 (0xb02024f3) csrrs   s1, minstret, zero
core   0: 3 0x00000000800060c2 (0xb02024f3) x9  0x0000000000000865
core   0: 0x00000000800060c6 (0x0000a811) c.j     pc + 20
core   0: 3 0x00000000800060c6 (0xa811)
core   0: >>>>  mepc_4
core   0: 0x00000000800060da (0x00000791) c.addi  a5, 4
core   0: 3 0x00000000800060da (0x0791) x15 0x0000000080004248
core   0: 0x00000000800060dc (0x34179073) csrrw   zero, mepc, a5
core   0: 3 0x00000000800060dc (0x34179073) c833_mepc 0x0000000080004248
core   0: 0x00000000800060e0 (0x30200073) mret
core   0: 3 0x00000000800060e0 (0x30200073) c768_mstatus 0x8000000a00106080
core   0: 0x0000000080004248 (0xd234f653) fcvt.d.lu fa2, s1
core   0: 1 0x0000000080004248 (0xd234f653) f12 0x40a0ca0000000000
core   0: 0x000000008000424c (0x41cdd013) srai    zero, s11, 28
core   0: 1 0x000000008000424c (0x41cdd013)
core   0: 0x0000000080004250 (0x22462ad3) fsgnjx.d fs5, fa2, ft4
core   0: 1 0x0000000080004250 (0x22462ad3) f21 0xc0a0ca0000000000
core   0: 0x0000000080004254 (0x401a7ad3) fcvt.s.d fs5, fs4
core   0: 1 0x0000000080004254 (0x401a7ad3) f21 0xffffffff7fc00000
core   0: 0x0000000080004258 (0x40d15393) srai    t2, sp, 13
core   0: 1 0x0000000080004258 (0x40d15393) x7  0x0000000000000000
core   0: 0x000000008000425c (0x4122023b) subw    tp, tp, s2
core   0: 1 0x000000008000425c (0x4122023b) x4  0xffffffffffffffff
core   0: 0x0000000080004260 (0x0240a833) mulhsu  a6, ra, tp
core   0: 1 0x0000000080004260 (0x0240a833) x16 0x0000000080004013
core   0: 0x0000000080004264 (0x006bcc33) xor     s8, s7, t1
core   0: 1 0x0000000080004264 (0x006bcc33) x24 0xffffffb5f13e757c
core   0: 0x0000000080004268 (0x020842b3) div     t0, a6, zero
core   0: 1 0x0000000080004268 (0x020842b3) x5  0xffffffffffffffff
core   0: 0x000000008000426c (0x025a57bb) divuw   a5, s4, t0
core   0: 1 0x000000008000426c (0x025a57bb) x15 0x0000000000000000
core   0: 0x0000000080004270 (0x4015d0b3) sra     ra, a1, ra
core   0: 1 0x0000000080004270 (0x4015d0b3) x1  0x0000000000000343
core   0: 0x0000000080004274 (0x02c66633) rem     a2, a2, a2
core   0: 1 0x0000000080004274 (0x02c66633) x12 0x0000000000000000
core   0: 0x0000000080004278 (0x40065d1b) sraiw   s10, a2, 0
core   0: 1 0x0000000080004278 (0x40065d1b) x26 0x0000000000000000
core   0: 0x000000008000427c (0xae5d8d93) addi    s11, s11, -1307
core   0: 1 0x000000008000427c (0xae5d8d93) x27 0xfffffffffffffae5
core   0: 0x0000000080004280 (0x003c00b3) add     ra, s8, gp
core   0: 1 0x0000000080004280 (0x003c00b3) x1  0xffffff80ff250a74
core   0: 0x0000000080004284 (0x01c18cbb) addw    s9, gp, t3
core   0: 1 0x0000000080004284 (0x01c18cbb) x25 0xffffffffbcb6220f
core   0: 0x0000000080004288 (0x02fe7333) remu    t1, t3, a5
core   0: 1 0x0000000080004288 (0x02fe7333) x6  0xffffffb4aecf8d17
core   0: 0x000000008000428c (0x0227f5bb) remuw   a1, a5, sp
core   0: 1 0x000000008000428c (0x0227f5bb) x11 0x0000000000000000
core   0: 0x0000000080004290 (0x5ab5f4cf) fnmadd.d fs1, fa1, fa1, fa1
core   0: 1 0x0000000080004290 (0x5ab5f4cf) f9  0x7ff8000000000000
core   0: 0x0000000080004294 (0xeab4f7cf) fnmadd.d fa5, fs1, fa1, ft9
core   0: 1 0x0000000080004294 (0xeab4f7cf) f15 0x7ff8000000000000
core   0: 0x0000000080004298 (0xf43a7193) andi    gp, s4, -189
core   0: 1 0x0000000080004298 (0xf43a7193) x3  0x00000044163b9500
core   0: 0x000000008000429c (0x420e89d3) fcvt.d.s fs3, ft9
core   0: 1 0x000000008000429c (0x420e89d3) f19 0x0000000000000000
core   0: 0x00000000800042a0 (0xd22efd53) fcvt.d.l fs10, t4
core   0: 1 0x00000000800042a0 (0xd22efd53) f26 0x4251b80b886f0000
core   0: 0x00000000800042a4 (0x00202c73) csrrs   s8, frm, zero
core   0: 1 0x00000000800042a4 (0x00202c73) x24 0x0000000000000004
core   0: 0x00000000800042a8 (0x014a5633) srl     a2, s4, s4
core   0: 1 0x00000000800042a8 (0x014a5633) x12 0x0000000000000004
core   0: 0x00000000800042ac (0xf2098b53) fmv.d.x fs6, s3
core   0: 1 0x00000000800042ac (0xf2098b53) f22 0x00000000000007fd
core   0: 0x00000000800042b0 (0x401bdb9b) sraiw   s7, s7, 1
core   0: 1 0x00000000800042b0 (0x401bdb9b) x23 0xffffffffd007008a
core   0: 0x00000000800042b4 (0x2bab1053) fmax.d  ft0, fs6, fs10
core   0: 1 0x00000000800042b4 (0x2bab1053) f0  0x4251b80b886f0000
core   0: 0x00000000800042b8 (0x143d2373) csrrs   t1, stval, s10
core   0: 1 0x00000000800042b8 (0x143d2373) x6  0x0000000000000000 c323_stval 0x0000000000000000
core   0: 0x00000000800042bc (0x000bf813) andi    a6, s7, 0
core   0: 1 0x00000000800042bc (0x000bf813) x16 0x0000000000000000
core   0: 0x00000000800042c0 (0xa27d0e53) fle.d   t3, fs10, ft7
core   0: 1 0x00000000800042c0 (0xa27d0e53) c1_fflags 0x0000000000000011 x28 0x0000000000000000
core   0: 0x00000000800042c4 (0x03ce6633) rem     a2, t3, t3
core   0: 1 0x00000000800042c4 (0x03ce6633) x12 0x0000000000000000
core   0: 0x00000000800042c8 (0xc03b7bd3) fcvt.lu.s s7, fs6
core   0: 1 0x00000000800042c8 (0xc03b7bd3) c1_fflags 0x0000000000000011 x23 0xffffffffffffffff
core   0: 0x00000000800042cc (0x0086109b) slliw   ra, a2, 8
core   0: 1 0x00000000800042cc (0x0086109b) x1  0x0000000000000000
core   0: 0x00000000800042d0 (0x23cd0553) fsgnj.d fa0, fs10, ft8
core   0: 1 0x00000000800042d0 (0x23cd0553) f10 0x4251b80b886f0000
core   0: 0x00000000800042d4 (0xa36703d3) fle.d   t2, fa4, fs6
core   0: 1 0x00000000800042d4 (0xa36703d3) x7  0x0000000000000001
core   0: 0x00000000800042d8 (0x019c97bb) sllw    a5, s9, s9
core   0: 1 0x00000000800042d8 (0x019c97bb) x15 0x0000000011078000
core   0: 0x00000000800042dc (0xd23df6d3) fcvt.d.lu fa3, s11
core   0: 1 0x00000000800042dc (0xd23df6d3) c1_fflags 0x0000000000000011 f13 0x43efffffffffffff
core   0: 0x00000000800042e0 (0x42078453) fcvt.d.s fs0, fa5
core   0: 1 0x00000000800042e0 (0x42078453) f8  0x7ff8000000000000
core   0: 0x00000000800042e4 (0x5a0775d3) fsqrt.d fa1, fa4
core   0: 1 0x00000000800042e4 (0x5a0775d3) f11 0x0000000000000000
core   0: 0x00000000800042e8 (0x00179673) csrrw   a2, fflags, a5
core   0: 1 0x00000000800042e8 (0x00179673) x12 0x0000000000000011 c1_fflags 0x0000000000000000
core   0: 0x00000000800042ec (0x0052ad33) slt     s10, t0, t0
core   0: 1 0x00000000800042ec (0x0052ad33) x26 0x0000000000000000
core   0: 0x00000000800042f0 (0xd03d7dd3) fcvt.s.lu fs11, s10
core   0: 1 0x00000000800042f0 (0xd03d7dd3) f27 0xffffffff00000000
core   0: 0x00000000800042f4 (0x0234f1d3) fadd.d  ft3, fs1, ft3
core   0: 1 0x00000000800042f4 (0x0234f1d3) f3  0x7ff8000000000000
core   0: 0x00000000800042f8 (0xd2158453) fcvt.d.wu fs0, a1
core   0: 1 0x00000000800042f8 (0xd2158453) f8  0x0000000000000000
core   0: 0x00000000800042fc (0x0015d49b) srliw   s1, a1, 1
core   0: 1 0x00000000800042fc (0x0015d49b) x9  0x0000000000000000
core   0: 0x0000000080004300 (0xf2030fd3) fmv.d.x ft11, t1
core   0: 1 0x0000000080004300 (0xf2030fd3) f31 0x0000000000000000
core   0: 0x0000000080004304 (0xc23df3d3) fcvt.lu.d t2, fs11
core   0: 1 0x0000000080004304 (0xc23df3d3) c1_fflags 0x0000000000000010 x7  0xffffffffffffffff
core   0: 0x0000000080004308 (0xd02c73d3) fcvt.s.l ft7, s8
core   0: 1 0x0000000080004308 (0xd02c73d3) f7  0xffffffff40800000
core   0: 0x000000008000430c (0x5a74fb4f) fnmadd.d fs6, fs1, ft7, fa1
core   0: 1 0x000000008000430c (0x5a74fb4f) f22 0x7ff8000000000000
core   0: 0x0000000080004310 (0x03b67a33) remu    s4, a2, s11
core   0: 1 0x0000000080004310 (0x03b67a33) x20 0x0000000000000011
core   0: 0x0000000080004314 (0x0005151b) slliw   a0, a0, 0
core   0: 1 0x0000000080004314 (0x0005151b) x10 0x0000000000000000
core   0: 0x0000000080004318 (0x00151973) csrrw   s2, fflags, a0
core   0: 1 0x0000000080004318 (0x00151973) x18 0x0000000000000010 c1_fflags 0x0000000000000000
core   0: 0x000000008000431c (0x03b66033) rem     zero, a2, s11
core   0: 1 0x000000008000431c (0x03b66033)
core   0: 0x0000000080004320 (0x00105813) srli    a6, zero, 1
core   0: 1 0x0000000080004320 (0x00105813) x16 0x0000000000000000
core   0: 0x0000000080004324 (0x43fa5893) srai    a7, s4, 63
core   0: 1 0x0000000080004324 (0x43fa5893) x17 0x0000000000000000
core   0: 0x0000000080004328 (0x00678a33) add     s4, a5, t1
core   0: 1 0x0000000080004328 (0x00678a33) x20 0x0000000011078000
core   0: 0x000000008000432c (0xd2237553) fcvt.d.l fa0, t1
core   0: 1 0x000000008000432c (0xd2237553) f10 0x0000000000000000
core   0: 0x0000000080004330 (0xc223f853) fcvt.l.d a6, ft7
core   0: 1 0x0000000080004330 (0xc223f853) c1_fflags 0x0000000000000010 x16 0x7fffffffffffffff
core   0: 0x0000000080004334 (0x003a1dbb) sllw    s11, s4, gp
core   0: 1 0x0000000080004334 (0x003a1dbb) x27 0x0000000011078000
core   0: 0x0000000080004338 (0x001022f3) csrrs   t0, fflags, zero
core   0: 1 0x0000000080004338 (0x001022f3) x5  0x0000000000000010
core   0: 0x000000008000433c (0xc22b7d53) fcvt.l.d s10, fs6
core   0: 1 0x000000008000433c (0xc22b7d53) c1_fflags 0x0000000000000010 x26 0x7fffffffffffffff
core   0: 0x0000000080004340 (0x00001eb2) c.slli  t4, 44
core   0: 1 0x0000000080004340 (0x1eb2) x29 0xe21bc00000000000
core   0: 0x0000000080004342 (0x03a712b3) mulh    t0, a4, s10
core   0: 1 0x0000000080004342 (0x03a712b3) x5  0x0000000000000000
core   0: 0x0000000080004346 (0x00000001) c.nop
core   0: 1 0x0000000080004346 (0x0001)
core   0: 0x0000000080004348 (0x030d22b3) mulhsu  t0, s10, a6
core   0: 1 0x0000000080004348 (0x030d22b3) x5  0x3fffffffffffffff
core   0: 0x000000008000434c (0x8007c093) xori    ra, a5, -2048
core   0: 1 0x000000008000434c (0x8007c093) x1  0xffffffffeef87800
core   0: 0x0000000080004350 (0x02bd1cb3) mulh    s9, s10, a1
core   0: 1 0x0000000080004350 (0x02bd1cb3) x25 0x0000000000000000
core   0: 0x0000000080004354 (0x0164dd93) srli    s11, s1, 22
core   0: 1 0x0000000080004354 (0x0164dd93) x27 0x0000000000000000
core   0: 0x0000000080004358 (0x00141c73) csrrw   s8, fflags, s0
core   0: 1 0x0000000080004358 (0x00141c73) x24 0x0000000000000010 c1_fflags 0x0000000000000003
core   0: 0x000000008000435c (0x01de9ebb) sllw    t4, t4, t4
core   0: 1 0x000000008000435c (0x01de9ebb) x29 0x0000000000000000
core   0: 0x0000000080004360 (0x000e929b) slliw   t0, t4, 0
core   0: 1 0x0000000080004360 (0x000e929b) x5  0x0000000000000000
core   0: 0x0000000080004364 (0xa33a5137) lui     sp, 0xa33a5
core   0: 1 0x0000000080004364 (0xa33a5137) x2  0xffffffffa33a5000
core   0: 0x0000000080004368 (0xc03df0d3) fcvt.lu.s ra, fs11
core   0: 1 0x0000000080004368 (0xc03df0d3) x1  0x0000000000000000
core   0: 0x000000008000436c (0xd58ecc13) xori    s8, t4, -680
core   0: 1 0x000000008000436c (0xd58ecc13) x24 0xfffffffffffffd58
core   0: 0x0000000080004370 (0xc03a74d3) fcvt.lu.s s1, fs4
core   0: 1 0x0000000080004370 (0xc03a74d3) x9  0x0000000000000000
core   0: 0x0000000080004374 (0x0008d793) srli    a5, a7, 0
core   0: 1 0x0000000080004374 (0x0008d793) x15 0x0000000000000000
core   0: 0x0000000080004378 (0x00000001) c.nop
core   0: 1 0x0000000080004378 (0x0001)
core   0: 0x000000008000437a (0x41bd8d33) sub     s10, s11, s11
core   0: 1 0x000000008000437a (0x41bd8d33) x26 0x0000000000000000
core   0: 0x000000008000437e (0x000d2713) slti    a4, s10, 0
core   0: 1 0x000000008000437e (0x000d2713) x14 0x0000000000000000
core   0: 0x0000000080004382 (0x4061d13b) sraw    sp, gp, t1
core   0: 1 0x0000000080004382 (0x4061d13b) x2  0x00000000163b9500
core   0: 0x0000000080004386 (0x0b0e70d3) fsub.d  ft1, ft8, fa6
core   0: 1 0x0000000080004386 (0x0b0e70d3) f1  0x7ff8000000000000
core   0: 0x000000008000438a (0x395d55b7) lui     a1, 0x395d5
core   0: 1 0x000000008000438a (0x395d55b7) x11 0x00000000395d5000
core   0: 0x000000008000438e (0x01754bb3) xor     s7, a0, s7
core   0: 1 0x000000008000438e (0x01754bb3) x23 0xffffffffffffffff
core   0: 0x0000000080004392 (0x00e71733) sll     a4, a4, a4
core   0: 1 0x0000000080004392 (0x00e71733) x14 0x0000000000000000
core   0: 0x0000000080004396 (0x7ff6809b) addiw   ra, a3, 2047
core   0: 1 0x0000000080004396 (0x7ff6809b) x1  0x00000000000007ff
core   0: 0x000000008000439a (0x002c1d73) csrrw   s10, frm, s8
core   0: 1 0x000000008000439a (0x002c1d73) x26 0x0000000000000004 c2_frm 0x0000000000000000
core   0: 0x000000008000439e (0x03896633) rem     a2, s2, s8
core   0: 1 0x000000008000439e (0x03896633) x12 0x0000000000000010
core   0: 0x00000000800043a2 (0x420d8dd3) fcvt.d.s fs11, fs11
core   0: 1 0x00000000800043a2 (0x420d8dd3) f27 0x0000000000000000
core   0: 0x00000000800043a6 (0x4140d0bb) sraw    ra, ra, s4
core   0: 1 0x00000000800043a6 (0x4140d0bb) x1  0x00000000000007ff
core   0: 0x00000000800043aa (0x82b5fbc7) fmsub.d fs7, fa1, fa1, fa6
core   0: 1 0x00000000800043aa (0x82b5fbc7) f23 0x7ff8000000000000
core   0: 0x00000000800043ae (0xd221f4d3) fcvt.d.l fs1, gp
core   0: 1 0x00000000800043ae (0xd221f4d3) f9  0x4251058ee5400000
core   0: 0x00000000800043b2 (0x4015f753) fcvt.s.d fa4, fa1
core   0: 1 0x00000000800043b2 (0x4015f753) f14 0xffffffff00000000
core   0: 0x00000000800043b6 (0x429e5213) srai    tp, t3, 41
core   0: 1 0x00000000800043b6 (0x429e5213) x4  0x0000000000000000
core   0: 0x00000000800043ba (0x00102c73) csrrs   s8, fflags, zero
core   0: 1 0x00000000800043ba (0x00102c73) x24 0x0000000000000003
core   0: 0x00000000800043be (0xc0306e73) csrrsi  t3, hpmcounter3, 0
core   0: exception trap_illegal_instruction, epc 0x00000000800043be
core   0:           tval 0x00000000c0306e73
core   0: >>>>  $xrv64i2p1_m2p0_a2p1_f2p2_d2p2_zicsr2p0_zifencei2p0_zmmul1p0_zba1p0_zbb1p0_zbc1p0_zbs1p0
core   0: 0x0000000080004000 (0x0080006f) j       pc + 0x8
core   0: 3 0x0000000080004000 (0x0080006f)
core   0: >>>>  mmode_exception_handler
core   0: 0x0000000080004008 (0x00002c17) auipc   s8, 0x2
core   0: 3 0x0000000080004008 (0x00002c17) x24 0x0000000080006008
core   0: 0x000000008000400c (0x09ec0c13) addi    s8, s8, 158
core   0: 3 0x000000008000400c (0x09ec0c13) x24 0x00000000800060a6
core   0: 0x0000000080004010 (0x000c00e7) jalr    s8
core   0: 3 0x0000000080004010 (0x000c00e7) x1  0x0000000080004014
core   0: >>>>  any_handler
core   0: 0x00000000800060a6 (0x341027f3) csrrs   a5, mepc, zero
core   0: 3 0x00000000800060a6 (0x341027f3) x15 0x00000000800043be
core   0: 0x00000000800060aa (0x34202773) csrrs   a4, mcause, zero
core   0: 3 0x00000000800060aa (0x34202773) x14 0x0000000000000002
core   0: 0x00000000800060ae (0x142026f3) csrrs   a3, scause, zero
core   0: 3 0x00000000800060ae (0x142026f3) x13 0x0000000000000000
core   0: 0x00000000800060b2 (0x30402673) csrrs   a2, mie, zero
core   0: 3 0x00000000800060b2 (0x30402673) x12 0x0000000000000a00
core   0: 0x00000000800060b6 (0x344025f3) csrrs   a1, mip, zero
core   0: 3 0x00000000800060b6 (0x344025f3) x11 0x0000000000000080
core   0: 0x00000000800060ba (0x343025f3) csrrs   a1, mtval, zero
core   0: 3 0x00000000800060ba (0x343025f3) x11 0x00000000c0306e73
core   0: 0x00000000800060be (0x14302573) csrrs   a0, stval, zero
core   0: 3 0x00000000800060be (0x14302573) x10 0x0000000000000000
core   0: 0x00000000800060c2 (0xb02024f3) csrrs   s1, minstret, zero
core   0: 3 0x00000000800060c2 (0xb02024f3) x9  0x00000000000008d4
core   0: 0x00000000800060c6 (0x0000a811) c.j     pc + 20
core   0: 3 0x00000000800060c6 (0xa811)
core   0: >>>>  mepc_4
core   0: 0x00000000800060da (0x00000791) c.addi  a5, 4
core   0: 3 0x00000000800060da (0x0791) x15 0x00000000800043c2
core   0: 0x00000000800060dc (0x34179073) csrrw   zero, mepc, a5
core   0: 3 0x00000000800060dc (0x34179073) c833_mepc 0x00000000800043c2
core   0: 0x00000000800060e0 (0x30200073) mret
core   0: 3 0x00000000800060e0 (0x30200073) c768_mstatus 0x8000000a00106080
core   0: 0x00000000800043c2 (0xfe264993) xori    s3, a2, -30
core   0: 1 0x00000000800043c2 (0xfe264993) x19 0xfffffffffffff5e2
core   0: 0x00000000800043c6 (0x012d5093) srli    ra, s10, 18
core   0: 1 0x00000000800043c6 (0x012d5093) x1  0x0000000000000000
core   0: 0x00000000800043ca (0x0093ae33) slt     t3, t2, s1
core   0: 1 0x00000000800043ca (0x0093ae33) x28 0x0000000000000001
core   0: 0x00000000800043ce (0x03637b53) fadd.d  fs6, ft6, fs6
core   0: 1 0x00000000800043ce (0x03637b53) f22 0x7ff8000000000000
core   0: 0x00000000800043d2 (0x1b877753) fdiv.d  fa4, fa4, fs8
core   0: 1 0x00000000800043d2 (0x1b877753) f14 0x7ff8000000000000
core   0: 0x00000000800043d6 (0x017e5bbb) srlw    s7, t3, s7
core   0: 1 0x00000000800043d6 (0x017e5bbb) x23 0x0000000000000000
core   0: 0x00000000800043da (0x020a0033) mul     zero, s4, zero
core   0: 1 0x00000000800043da (0x020a0033)
core   0: 0x00000000800043de (0x00f7fdb3) and     s11, a5, a5
core   0: 1 0x00000000800043de (0x00f7fdb3) x27 0x00000000800043c2
core   0: 0x00000000800043e2 (0x001c9c13) slli    s8, s9, 1
core   0: 1 0x00000000800043e2 (0x001c9c13) x24 0x0000000000000000
core   0: 0x00000000800043e6 (0x9b1278c7) fmsub.d fa7, ft4, fa7, fs3
core   0: 1 0x00000000800043e6 (0x9b1278c7) f17 0x7ff8000000000000
core   0: 0x00000000800043ea (0x1ae7f853) fdiv.d  fa6, fa5, fa4
core   0: 1 0x00000000800043ea (0x1ae7f853) f16 0x7ff8000000000000
core   0: 0x00000000800043ee (0xd03b7dd3) fcvt.s.lu fs11, s6
core   0: 1 0x00000000800043ee (0xd03b7dd3) f27 0xffffffff00000000
core   0: 0x00000000800043f2 (0x00000001) c.nop
core   0: 1 0x00000000800043f2 (0x0001)
core   0: 0x00000000800043f4 (0x01f95c1b) srliw   s8, s2, 31
core   0: 1 0x00000000800043f4 (0x01f95c1b) x24 0x0000000000000000
core   0: 0x00000000800043f8 (0x000a1c13) slli    s8, s4, 0
core   0: 1 0x00000000800043f8 (0x000a1c13) x24 0x0000000011078000
core   0: 0x00000000800043fc (0xc217fad3) fcvt.wu.d s5, fa5
core   0: 1 0x00000000800043fc (0xc217fad3) c1_fflags 0x0000000000000013 x21 0xffffffffffffffff
core   0: 0x0000000080004400 (0xf20a84d3) fmv.d.x fs1, s5
core   0: 1 0x0000000080004400 (0xf20a84d3) f9  0xffffffffffffffff
core   0: 0x0000000080004404 (0x039743b3) div     t2, a4, s9
core   0: 1 0x0000000080004404 (0x039743b3) x7  0xffffffffffffffff
core   0: 0x0000000080004408 (0xf2018b53) fmv.d.x fs6, gp
core   0: 1 0x0000000080004408 (0xf2018b53) f22 0x00000044163b9500
core   0: 0x000000008000440c (0xe8db0b13) addi    s6, s6, -371
core   0: 1 0x000000008000440c (0xe8db0b13) x22 0xfffffffffffffe8d
core   0: 0x0000000080004410 (0x00db1cb3) sll     s9, s6, a3
core   0: 1 0x0000000080004410 (0x00db1cb3) x25 0xfffffffffffffe8d
core   0: 0x0000000080004414 (0x7ff6c293) xori    t0, a3, 2047
core   0: 1 0x0000000080004414 (0x7ff6c293) x5  0x00000000000007ff
core   0: 0x0000000080004418 (0x01f4981b) slliw   a6, s1, 31
core   0: 1 0x0000000080004418 (0x01f4981b) x16 0x0000000000000000
core   0: 0x000000008000441c (0xc20ffed3) fcvt.w.d t4, ft11
core   0: 1 0x000000008000441c (0xc20ffed3) x29 0x0000000000000000
core   0: 0x0000000080004420 (0x00202573) csrrs   a0, frm, zero
core   0: 1 0x0000000080004420 (0x00202573) x10 0x0000000000000000
core   0: 0x0000000080004424 (0x5a0a7a53) fsqrt.d fs4, fs4
core   0: 1 0x0000000080004424 (0x5a0a7a53) f20 0x7ff8000000000000
core   0: 0x0000000080004428 (0x4060d833) sra     a6, ra, t1
core   0: 1 0x0000000080004428 (0x4060d833) x16 0x0000000000000000
core   0: 0x000000008000442c (0x02b106bb) mulw    a3, sp, a1
core   0: 1 0x000000008000442c (0x02b106bb) x13 0xffffffff86c9ef00
core   0: 0x0000000080004430 (0x0018961b) slliw   a2, a7, 1
core   0: 1 0x0000000080004430 (0x0018961b) x12 0x0000000000000000
core   0: 0x0000000080004434 (0xa238f5c3) fmadd.d fa1, fa7, ft3, fs4
core   0: 1 0x0000000080004434 (0xa238f5c3) f11 0x7ff8000000000000
core   0: 0x0000000080004438 (0x00cbc233) xor     tp, s7, a2
core   0: 1 0x0000000080004438 (0x00cbc233) x4  0x0000000000000000
core   0: 0x000000008000443c (0x0048f5b3) and     a1, a7, tp
core   0: 1 0x000000008000443c (0x0048f5b3) x11 0x0000000000000000
core   0: 0x0000000080004440 (0x037bae33) mulhsu  t3, s7, s7
core   0: 1 0x0000000080004440 (0x037bae33) x28 0x0000000000000000
core   0: 0x0000000080004444 (0x017e18b3) sll     a7, t3, s7
core   0: 1 0x0000000080004444 (0x017e18b3) x17 0x0000000000000000
core   0: 0x0000000080004448 (0x02f0ebbb) remw    s7, ra, a5
core   0: 1 0x0000000080004448 (0x02f0ebbb) x23 0x0000000000000000
core   0: 0x000000008000444c (0x00214db3) xor     s11, sp, sp
core   0: 1 0x000000008000444c (0x00214db3) x27 0x0000000000000000
core   0: 0x0000000080004450 (0xd2110a53) fcvt.d.wu fs4, sp
core   0: 1 0x0000000080004450 (0xd2110a53) f20 0x41b63b9500000000
core   0: 0x0000000080004454 (0x225383d3) fsgnj.d ft7, ft7, ft5
core   0: 1 0x0000000080004454 (0x225383d3) f7  0x7fffffff40800000
core   0: 0x0000000080004458 (0x7ffe079b) addiw   a5, t3, 2047
core   0: 1 0x0000000080004458 (0x7ffe079b) x15 0x00000000000007ff
core   0: 0x000000008000445c (0x230eafd3) fsgnjx.d ft11, ft9, fa6
core   0: 1 0x000000008000445c (0x230eafd3) f31 0xffffffff00000000
core   0: 0x0000000080004460 (0x031aa133) mulhsu  sp, s5, a7
core   0: 1 0x0000000080004460 (0x031aa133) x2  0x0000000000000000
core   0: 0x0000000080004464 (0x0029853b) addw    a0, s3, sp
core   0: 1 0x0000000080004464 (0x0029853b) x10 0xfffffffffffff5e2
core   0: 0x0000000080004468 (0x800b0b1b) addiw   s6, s6, -2048
core   0: 1 0x0000000080004468 (0x800b0b1b) x22 0xfffffffffffff68d
core   0: 0x000000008000446c (0xf15adcf3) csrrwi  s9, mconfigptr, 21
core   0: exception trap_illegal_instruction, epc 0x000000008000446c
core   0:           tval 0x00000000f15adcf3
core   0: >>>>  $xrv64i2p1_m2p0_a2p1_f2p2_d2p2_zicsr2p0_zifencei2p0_zmmul1p0_zba1p0_zbb1p0_zbc1p0_zbs1p0
core   0: 0x0000000080004000 (0x0080006f) j       pc + 0x8
core   0: 3 0x0000000080004000 (0x0080006f)
core   0: >>>>  mmode_exception_handler
core   0: 0x0000000080004008 (0x00002c17) auipc   s8, 0x2
core   0: 3 0x0000000080004008 (0x00002c17) x24 0x0000000080006008
core   0: 0x000000008000400c (0x09ec0c13) addi    s8, s8, 158
core   0: 3 0x000000008000400c (0x09ec0c13) x24 0x00000000800060a6
core   0: 0x0000000080004010 (0x000c00e7) jalr    s8
core   0: 3 0x0000000080004010 (0x000c00e7) x1  0x0000000080004014
core   0: >>>>  any_handler
core   0: 0x00000000800060a6 (0x341027f3) csrrs   a5, mepc, zero
core   0: 3 0x00000000800060a6 (0x341027f3) x15 0x000000008000446c
core   0: 0x00000000800060aa (0x34202773) csrrs   a4, mcause, zero
core   0: 3 0x00000000800060aa (0x34202773) x14 0x0000000000000002
core   0: 0x00000000800060ae (0x142026f3) csrrs   a3, scause, zero
core   0: 3 0x00000000800060ae (0x142026f3) x13 0x0000000000000000
core   0: 0x00000000800060b2 (0x30402673) csrrs   a2, mie, zero
core   0: 3 0x00000000800060b2 (0x30402673) x12 0x0000000000000a00
core   0: 0x00000000800060b6 (0x344025f3) csrrs   a1, mip, zero
core   0: 3 0x00000000800060b6 (0x344025f3) x11 0x0000000000000080
core   0: 0x00000000800060ba (0x343025f3) csrrs   a1, mtval, zero
core   0: 3 0x00000000800060ba (0x343025f3) x11 0x00000000f15adcf3
core   0: 0x00000000800060be (0x14302573) csrrs   a0, stval, zero
core   0: 3 0x00000000800060be (0x14302573) x10 0x0000000000000000
core   0: 0x00000000800060c2 (0xb02024f3) csrrs   s1, minstret, zero
core   0: 3 0x00000000800060c2 (0xb02024f3) x9  0x000000000000090f
core   0: 0x00000000800060c6 (0x0000a811) c.j     pc + 20
core   0: 3 0x00000000800060c6 (0xa811)
core   0: >>>>  mepc_4
core   0: 0x00000000800060da (0x00000791) c.addi  a5, 4
core   0: 3 0x00000000800060da (0x0791) x15 0x0000000080004470
core   0: 0x00000000800060dc (0x34179073) csrrw   zero, mepc, a5
core   0: 3 0x00000000800060dc (0x34179073) c833_mepc 0x0000000080004470
core   0: 0x00000000800060e0 (0x30200073) mret
core   0: 3 0x00000000800060e0 (0x30200073) c768_mstatus 0x8000000a00106080
core   0: 0x0000000080004470 (0x00874e33) xor     t3, a4, s0
core   0: 1 0x0000000080004470 (0x00874e33) x28 0x000000287bd87181
core   0: 0x0000000080004474 (0x1a667f53) fdiv.d  ft10, fa2, ft6
core   0: 1 0x0000000080004474 (0x1a667f53) f30 0x7ff8000000000000
core   0: 0x0000000080004478 (0x984b8017) auipc   zero, 0x984b8
core   0: 1 0x0000000080004478 (0x984b8017)
core   0: 0x000000008000447c (0xa2ff01d3) fle.d   gp, ft10, fa5
core   0: 1 0x000000008000447c (0xa2ff01d3) c1_fflags 0x0000000000000013 x3  0x0000000000000000
core   0: 0x0000000080004480 (0xc026fed3) fcvt.l.s t4, fa3
core   0: 1 0x0000000080004480 (0xc026fed3) c1_fflags 0x0000000000000013 x29 0x7fffffffffffffff
core   0: 0x0000000080004484 (0x03f71313) slli    t1, a4, 63
core   0: 1 0x0000000080004484 (0x03f71313) x6  0x0000000000000000
core   0: 0x0000000080004488 (0x02b0e0b3) rem     ra, ra, a1
core   0: 1 0x0000000080004488 (0x02b0e0b3) x1  0x0000000080004014
core   0: 0x000000008000448c (0x4100501b) sraiw   zero, zero, 16
core   0: 1 0x000000008000448c (0x4100501b)
core   0: 0x0000000080004490 (0xd21705d3) fcvt.d.wu fa1, a4
core   0: 1 0x0000000080004490 (0xd21705d3) f11 0x4000000000000000
core   0: 0x0000000080004494 (0x0139ec37) lui     s8, 0x139e
core   0: 1 0x0000000080004494 (0x0139ec37) x24 0x000000000139e000
core   0: 0x0000000080004498 (0x86bc0c1b) addiw   s8, s8, -1941
core   0: 1 0x0000000080004498 (0x86bc0c1b) x24 0x000000000139d86b
core   0: 0x000000008000449c (0x00000c32) c.slli  s8, 12
core   0: 1 0x000000008000449c (0x0c32) x24 0x000000139d86b000
core   0: 0x000000008000449e (0x127c0c13) addi    s8, s8, 295
core   0: 1 0x000000008000449e (0x127c0c13) x24 0x000000139d86b127
core   0: 0x00000000800044a2 (0xc20ef6d3) fcvt.w.d a3, ft9
core   0: 1 0x00000000800044a2 (0xc20ef6d3) c1_fflags 0x0000000000000013 x13 0x000000007fffffff
core   0: 0x00000000800044a6 (0x42fd8613) addi    a2, s11, 1071
core   0: 1 0x00000000800044a6 (0x42fd8613) x12 0x000000000000042f
core   0: 0x00000000800044aa (0x40147653) fcvt.s.d fa2, fs0
core   0: 1 0x00000000800044aa (0x40147653) f12 0xffffffff00000000
core   0: 0x00000000800044ae (0x41fada9b) sraiw   s5, s5, 31
core   0: 1 0x00000000800044ae (0x41fada9b) x21 0xffffffffffffffff
core   0: 0x00000000800044b2 (0x0137073b) addw    a4, a4, s3
core   0: 1 0x00000000800044b2 (0x0137073b) x14 0xfffffffffffff5e4
core   0: 0x00000000800044b6 (0x46369337) lui     t1, 0x46369
core   0: 1 0x00000000800044b6 (0x46369337) x6  0x0000000046369000
core   0: 0x00000000800044ba (0x0353653b) remw    a0, t1, s5
core   0: 1 0x00000000800044ba (0x0353653b) x10 0x0000000000000000
core   0: 0x00000000800044be (0x00a60c3b) addw    s8, a2, a0
core   0: 1 0x00000000800044be (0x00a60c3b) x24 0x000000000000042f
core   0: 0x00000000800044c2 (0x23682253) fsgnjx.d ft4, fa6, fs6
core   0: 1 0x00000000800044c2 (0x23682253) f4  0x7ff8000000000000
core   0: 0x00000000800044c6 (0x5a067ed3) fsqrt.d ft9, fa2
core   0: 1 0x00000000800044c6 (0x5a067ed3) f29 0x7ff8000000000000
core   0: 0x00000000800044ca (0x401956b3) sra     a3, s2, ra
core   0: 1 0x00000000800044ca (0x401956b3) x13 0x0000000000000000
core   0: 0x00000000800044ce (0xc023fbf3) csrrci  s7, instret, 7
core   0: exception trap_illegal_instruction, epc 0x00000000800044ce
core   0:           tval 0x00000000c023fbf3
core   0: >>>>  $xrv64i2p1_m2p0_a2p1_f2p2_d2p2_zicsr2p0_zifencei2p0_zmmul1p0_zba1p0_zbb1p0_zbc1p0_zbs1p0
core   0: 0x0000000080004000 (0x0080006f) j       pc + 0x8
core   0: 3 0x0000000080004000 (0x0080006f)
core   0: >>>>  mmode_exception_handler
core   0: 0x0000000080004008 (0x00002c17) auipc   s8, 0x2
core   0: 3 0x0000000080004008 (0x00002c17) x24 0x0000000080006008
core   0: 0x000000008000400c (0x09ec0c13) addi    s8, s8, 158
core   0: 3 0x000000008000400c (0x09ec0c13) x24 0x00000000800060a6
core   0: 0x0000000080004010 (0x000c00e7) jalr    s8
core   0: 3 0x0000000080004010 (0x000c00e7) x1  0x0000000080004014
core   0: >>>>  any_handler
core   0: 0x00000000800060a6 (0x341027f3) csrrs   a5, mepc, zero
core   0: 3 0x00000000800060a6 (0x341027f3) x15 0x00000000800044ce
core   0: 0x00000000800060aa (0x34202773) csrrs   a4, mcause, zero
core   0: 3 0x00000000800060aa (0x34202773) x14 0x0000000000000002
core   0: 0x00000000800060ae (0x142026f3) csrrs   a3, scause, zero
core   0: 3 0x00000000800060ae (0x142026f3) x13 0x0000000000000000
core   0: 0x00000000800060b2 (0x30402673) csrrs   a2, mie, zero
core   0: 3 0x00000000800060b2 (0x30402673) x12 0x0000000000000a00
core   0: 0x00000000800060b6 (0x344025f3) csrrs   a1, mip, zero
core   0: 3 0x00000000800060b6 (0x344025f3) x11 0x0000000000000080
core   0: 0x00000000800060ba (0x343025f3) csrrs   a1, mtval, zero
core   0: 3 0x00000000800060ba (0x343025f3) x11 0x00000000c023fbf3
core   0: 0x00000000800060be (0x14302573) csrrs   a0, stval, zero
core   0: 3 0x00000000800060be (0x14302573) x10 0x0000000000000000
core   0: 0x00000000800060c2 (0xb02024f3) csrrs   s1, minstret, zero
core   0: 3 0x00000000800060c2 (0xb02024f3) x9  0x0000000000000937
core   0: 0x00000000800060c6 (0x0000a811) c.j     pc + 20
core   0: 3 0x00000000800060c6 (0xa811)
core   0: >>>>  mepc_4
core   0: 0x00000000800060da (0x00000791) c.addi  a5, 4
core   0: 3 0x00000000800060da (0x0791) x15 0x00000000800044d2
core   0: 0x00000000800060dc (0x34179073) csrrw   zero, mepc, a5
core   0: 3 0x00000000800060dc (0x34179073) c833_mepc 0x00000000800044d2
core   0: 0x00000000800060e0 (0x30200073) mret
core   0: 3 0x00000000800060e0 (0x30200073) c768_mstatus 0x8000000a00106080
core   0: 0x00000000800044d2 (0x1250f0d3) fmul.d  ft1, ft1, ft5
core   0: 1 0x00000000800044d2 (0x1250f0d3) f1  0x7ff8000000000000
core   0: 0x00000000800044d6 (0x0ff0000f) fence   iorw,iorw
core   0: 1 0x00000000800044d6 (0x0ff0000f)
core   0: 0x00000000800044da (0xd3a17147) fmsub.d ft2, ft2, fs10, fs10
core   0: 1 0x00000000800044da (0xd3a17147) f2  0xc251b80b886f0000
core   0: 0x00000000800044de (0xbbd8b313) sltiu   t1, a7, -1091
core   0: 1 0x00000000800044de (0xbbd8b313) x6  0x0000000000000001
core   0: 0x00000000800044e2 (0xad03009b) addiw   ra, t1, -1328
core   0: 1 0x00000000800044e2 (0xad03009b) x1  0xfffffffffffffad1
core   0: 0x00000000800044e6 (0x024350bb) divuw   ra, t1, tp
core   0: 1 0x00000000800044e6 (0x024350bb) x1  0xffffffffffffffff
core   0: 0x00000000800044ea (0x80027993) andi    s3, tp, -2048
core   0: 1 0x00000000800044ea (0x80027993) x19 0x0000000000000000
core   0: 0x00000000800044ee (0x01d881bb) addw    gp, a7, t4
core   0: 1 0x00000000800044ee (0x01d881bb) x3  0xffffffffffffffff
core   0: 0x00000000800044f2 (0x00008a52) c.mv    s4, s4
core   0: 1 0x00000000800044f2 (0x8a52) x20 0x0000000011078000
core   0: 0x00000000800044f4 (0xc230fd53) fcvt.lu.d s10, ft1
core   0: 1 0x00000000800044f4 (0xc230fd53) c1_fflags 0x0000000000000013 x26 0xffffffffffffffff
core   0: 0x00000000800044f8 (0x0293c933) div     s2, t2, s1
core   0: 1 0x00000000800044f8 (0x0293c933) x18 0x0000000000000000
core   0: 0x00000000800044fc (0x4017f7d3) fcvt.s.d fa5, fa5
core   0: 1 0x00000000800044fc (0x4017f7d3) f15 0xffffffff7fc00000
core   0: 0x0000000080004500 (0xd2058e53) fcvt.d.w ft8, a1
core   0: 1 0x0000000080004500 (0xd2058e53) f28 0xc1cfee0206800000
core   0: 0x0000000080004504 (0x4006d013) srai    zero, a3, 0
core   0: 1 0x0000000080004504 (0x4006d013)
core   0: 0x0000000080004508 (0x4155d41b) sraiw   s0, a1, 21
core   0: 1 0x0000000080004508 (0x4155d41b) x8  0xfffffffffffffe01
core   0: 0x000000008000450c (0xc03c7c53) fcvt.lu.s s8, fs8
core   0: 1 0x000000008000450c (0xc03c7c53) x24 0x00000000fd2bae00
core   0: 0x0000000080004510 (0x00000001) c.nop
core   0: 1 0x0000000080004510 (0x0001)
core   0: 0x0000000080004512 (0x238f9c53) fsgnjn.d fs8, ft11, fs8
core   0: 1 0x0000000080004512 (0x238f9c53) f24 0x7fffffff00000000
core   0: 0x0000000080004516 (0x00131373) csrrw   t1, fflags, t1
core   0: 1 0x0000000080004516 (0x00131373) x6  0x0000000000000013 c1_fflags 0x0000000000000001
core   0: 0x000000008000451a (0xd02ef253) fcvt.s.l ft4, t4
core   0: 1 0x000000008000451a (0xd02ef253) c1_fflags 0x0000000000000001 f4  0xffffffff5f000000
core   0: 0x000000008000451e (0x406e81b3) sub     gp, t4, t1
core   0: 1 0x000000008000451e (0x406e81b3) x3  0x7fffffffffffffec
core   0: 0x0000000080004522 (0x00a97433) and     s0, s2, a0
core   0: 1 0x0000000080004522 (0x00a97433) x8  0x0000000000000000
core   0: 0x0000000080004526 (0x411dddbb) sraw    s11, s11, a7
core   0: 1 0x0000000080004526 (0x411dddbb) x27 0x0000000000000000
core   0: 0x000000008000452a (0x41bc843b) subw    s0, s9, s11
core   0: 1 0x000000008000452a (0x41bc843b) x8  0xfffffffffffffe8d
core   0: 0x000000008000452e (0x0019d593) srli    a1, s3, 1
core   0: 1 0x000000008000452e (0x0019d593) x11 0x0000000000000000
core   0: 0x0000000080004532 (0x00202073) csrrs   zero, frm, zero
core   0: 1 0x0000000080004532 (0x00202073)
core   0: 0x0000000080004536 (0x03262533) mulhsu  a0, a2, s2
core   0: 1 0x0000000080004536 (0x03262533) x10 0x0000000000000000
core   0: 0x000000008000453a (0x00102c73) csrrs   s8, fflags, zero
core   0: 1 0x000000008000453a (0x00102c73) x24 0x0000000000000001
core   0: 0x000000008000453e (0x033729b3) mulhsu  s3, a4, s3
core   0: 1 0x000000008000453e (0x033729b3) x19 0x0000000000000000
core   0: 0x0000000080004542 (0x051cd897) auipc   a7, 0x51cd
core   0: 1 0x0000000080004542 (0x051cd897) x17 0x00000000851d1542
core   0: 0x0000000080004546 (0xe389cd93) xori    s11, s3, -456
core   0: 1 0x0000000080004546 (0xe389cd93) x27 0xfffffffffffffe38
core   0: 0x000000008000454a (0xf25677c3) fmadd.d fa5, fa2, ft5, ft10
core   0: 1 0x000000008000454a (0xf25677c3) f15 0x7ff8000000000000
core   0: 0x000000008000454e (0xc2127bd3) fcvt.wu.d s7, ft4
core   0: 1 0x000000008000454e (0xc2127bd3) c1_fflags 0x0000000000000011 x23 0xffffffffffffffff
core   0: 0x0000000080004552 (0x01221c13) slli    s8, tp, 18
core   0: 1 0x0000000080004552 (0x01221c13) x24 0x0000000000000000
core   0: 0x0000000080004556 (0x5a0af953) fsqrt.d fs2, fs5
core   0: 1 0x0000000080004556 (0x5a0af953) f18 0x7ff8000000000000
core   0: 0x000000008000455a (0x96824893) xori    a7, tp, -1688
core   0: 1 0x000000008000455a (0x96824893) x17 0xfffffffffffff968
core   0: 0x000000008000455e (0x2b5292d3) fmax.d  ft5, ft5, fs5
core   0: 1 0x000000008000455e (0x2b5292d3) f5  0x7ff8000000000000
core   0: 0x0000000080004562 (0x40835313) srai    t1, t1, 8
core   0: 1 0x0000000080004562 (0x40835313) x6  0x0000000000000000
core   0: 0x0000000080004566 (0x0268e93b) remw    s2, a7, t1
core   0: 1 0x0000000080004566 (0x0268e93b) x18 0xfffffffffffff968
core   0: 0x000000008000456a (0x01288533) add     a0, a7, s2
core   0: 1 0x000000008000456a (0x01288533) x10 0xfffffffffffff2d0
core   0: 0x000000008000456e (0x401a75d3) fcvt.s.d fa1, fs4
core   0: 1 0x000000008000456e (0x401a75d3) f11 0xffffffff4db1dca8
core   0: 0x0000000080004572 (0x40795293) srai    t0, s2, 7
core   0: 1 0x0000000080004572 (0x40795293) x5  0xfffffffffffffff2
core   0: 0x0000000080004576 (0x02eaa233) mulhsu  tp, s5, a4
core   0: 1 0x0000000080004576 (0x02eaa233) x4  0xffffffffffffffff
core   0: 0x000000008000457a (0x01f8d79b) srliw   a5, a7, 31
core   0: 1 0x000000008000457a (0x01f8d79b) x15 0x0000000000000001
core   0: 0x000000008000457e (0x0950fb17) auipc   s6, 0x950f
core   0: 1 0x000000008000457e (0x0950fb17) x22 0x000000008951357e
core   0: 0x0000000080004582 (0x224babd3) fsgnjx.d fs7, fs7, ft4
core   0: 1 0x0000000080004582 (0x224babd3) f23 0xfff8000000000000
core   0: 0x0000000080004586 (0x40fb583b) sraw    a6, s6, a5
core   0: 1 0x0000000080004586 (0x40fb583b) x16 0xffffffffc4a89abf
core   0: 0x000000008000458a (0x568c3b97) auipc   s7, 0x568c3
core   0: 1 0x000000008000458a (0x568c3b97) x23 0x00000000d68c758a
core   0: 0x000000008000458e (0x005cdc9b) srliw   s9, s9, 5
core   0: 1 0x000000008000458e (0x005cdc9b) x25 0x0000000007fffff4
core   0: 0x0000000080004592 (0x03584ebb) divw    t4, a6, s5
core   0: 1 0x0000000080004592 (0x03584ebb) x29 0x000000003b576541
core   0: 0x0000000080004596 (0x0054fe33) and     t3, s1, t0
core   0: 1 0x0000000080004596 (0x0054fe33) x28 0x0000000000000932
core   0: 0x000000008000459a (0x41fcd89b) sraiw   a7, s9, 31
core   0: 1 0x000000008000459a (0x41fcd89b) x17 0x0000000000000000
core   0: 0x000000008000459e (0xd20c88d3) fcvt.d.w fa7, s9
core   0: 1 0x000000008000459e (0xd20c88d3) f17 0x419fffffd0000000
core   0: 0x00000000800045a2 (0x00000001) c.nop
core   0: 1 0x00000000800045a2 (0x0001)
core   0: 0x00000000800045a4 (0x001c879b) addiw   a5, s9, 1
core   0: 1 0x00000000800045a4 (0x001c879b) x15 0x0000000007fffff5
core   0: 0x00000000800045a8 (0x0118d633) srl     a2, a7, a7
core   0: 1 0x00000000800045a8 (0x0118d633) x12 0x0000000000000000
core   0: 0x00000000800045ac (0x00202c73) csrrs   s8, frm, zero
core   0: 1 0x00000000800045ac (0x00202c73) x24 0x0000000000000000
core   0: 0x00000000800045b0 (0xc214f253) fcvt.wu.d tp, fs1
core   0: 1 0x00000000800045b0 (0xc214f253) c1_fflags 0x0000000000000011 x4  0xffffffffffffffff
core   0: 0x00000000800045b4 (0xa2cb8653) fle.d   a2, fs7, fa2
core   0: 1 0x00000000800045b4 (0xa2cb8653) c1_fflags 0x0000000000000011 x12 0x0000000000000000
core   0: 0x00000000800045b8 (0xe2ab6b13) ori     s6, s6, -470
core   0: 1 0x00000000800045b8 (0xe2ab6b13) x22 0xffffffffffffff7e
core   0: 0x00000000800045bc (0x5a08fad3) fsqrt.d fs5, fa7
core   0: 1 0x00000000800045bc (0x5a08fad3) c1_fflags 0x0000000000000011 f21 0x40c6a09e5586c4f9
core   0: 0x00000000800045c0 (0x014d8533) add     a0, s11, s4
core   0: 1 0x00000000800045c0 (0x014d8533) x10 0x0000000011077e38
core   0: 0x00000000800045c4 (0x41a585bb) subw    a1, a1, s10
core   0: 1 0x00000000800045c4 (0x41a585bb) x11 0x0000000000000001
core   0: 0x00000000800045c8 (0xd2088dd3) fcvt.d.w fs11, a7
core   0: 1 0x00000000800045c8 (0xd2088dd3) f27 0x0000000000000000
core   0: 0x00000000800045cc (0xd2357253) fcvt.d.lu ft4, a0
core   0: 1 0x00000000800045cc (0xd2357253) f4  0x41b1077e38000000
core   0: 0x00000000800045d0 (0x00049a9b) slliw   s5, s1, 0
core   0: 1 0x00000000800045d0 (0x00049a9b) x21 0x0000000000000937
core   0: 0x00000000800045d4 (0xf20480d3) fmv.d.x ft1, s1
core   0: 1 0x00000000800045d4 (0xf20480d3) f1  0x0000000000000937
core   0: 0x00000000800045d8 (0x02bd65b3) rem     a1, s10, a1
core   0: 1 0x00000000800045d8 (0x02bd65b3) x11 0x0000000000000000
core   0: 0x00000000800045dc (0x02b79933) mulh    s2, a5, a1
core   0: 1 0x00000000800045dc (0x02b79933) x18 0x0000000000000000
core   0: 0x00000000800045e0 (0x0230dc13) srli    s8, ra, 35
core   0: 1 0x00000000800045e0 (0x0230dc13) x24 0x000000001fffffff
core   0: 0x00000000800045e4 (0x03272733) mulhsu  a4, a4, s2
core   0: 1 0x00000000800045e4 (0x03272733) x14 0x0000000000000000
core   0: 0x00000000800045e8 (0xc212f2d3) fcvt.wu.d t0, ft5
core   0: 1 0x00000000800045e8 (0xc212f2d3) c1_fflags 0x0000000000000011 x5  0xffffffffffffffff
core   0: 0x00000000800045ec (0x00129ef3) csrrw   t4, fflags, t0
core   0: 1 0x00000000800045ec (0x00129ef3) x29 0x0000000000000011 c1_fflags 0x000000000000001f
core   0: 0x00000000800045f0 (0xc22d73d3) fcvt.l.d t2, fs10
core   0: 1 0x00000000800045f0 (0xc22d73d3) x7  0x00000046e02e21bc
core   0: 0x00000000800045f4 (0x0ff0000f) fence   iorw,iorw
core   0: 1 0x00000000800045f4 (0x0ff0000f)
core   0: 0x00000000800045f8 (0xfc20c8b7) lui     a7, 0xfc20c
core   0: 1 0x00000000800045f8 (0xfc20c8b7) x17 0xfffffffffc20c000
core   0: 0x00000000800045fc (0x64b8889b) addiw   a7, a7, 1611
core   0: 1 0x00000000800045fc (0x64b8889b) x17 0xfffffffffc20c64b
core   0: 0x0000000080004600 (0x000008b6) c.slli  a7, 13
core   0: 1 0x0000000080004600 (0x08b6) x17 0xffffff8418c96000
core   0: 0x0000000080004602 (0xd4f88893) addi    a7, a7, -689
core   0: 1 0x0000000080004602 (0xd4f88893) x17 0xffffff8418c95d4f
core   0: 0x0000000080004606 (0xc231f8d3) fcvt.lu.d a7, ft3
core   0: 1 0x0000000080004606 (0xc231f8d3) c1_fflags 0x000000000000001f x17 0xffffffffffffffff
core   0: 0x000000008000460a (0x40095913) srai    s2, s2, 0
core   0: 1 0x000000008000460a (0x40095913) x18 0x0000000000000000
core   0: 0x000000008000460e (0x00b5ec33) or      s8, a1, a1
core   0: 1 0x000000008000460e (0x00b5ec33) x24 0x0000000000000000
core   0: 0x0000000080004612 (0x23fd0753) fsgnj.d fa4, fs10, ft11
core   0: 1 0x0000000080004612 (0x23fd0753) f14 0xc251b80b886f0000
core   0: 0x0000000080004616 (0x0186053b) addw    a0, a2, s8
core   0: 1 0x0000000080004616 (0x0186053b) x10 0x0000000000000000
core   0: 0x000000008000461a (0x41f2509b) sraiw   ra, tp, 31
core   0: 1 0x000000008000461a (0x41f2509b) x1  0xffffffffffffffff
core   0: 0x000000008000461e (0x00c26333) or      t1, tp, a2
core   0: 1 0x000000008000461e (0x00c26333) x6  0xffffffffffffffff
core   0: 0x0000000080004622 (0x033de9bb) remw    s3, s11, s3
core   0: 1 0x0000000080004622 (0x033de9bb) x19 0xfffffffffffffe38
core   0: 0x0000000080004626 (0x00fd17b3) sll     a5, s10, a5
core   0: 1 0x0000000080004626 (0x00fd17b3) x15 0xffe0000000000000
core   0: 0x000000008000462a (0x01b06133) or      sp, zero, s11
core   0: 1 0x000000008000462a (0x01b06133) x2  0xfffffffffffffe38
core   0: 0x000000008000462e (0x0253fcb3) remu    s9, t2, t0
core   0: 1 0x000000008000462e (0x0253fcb3) x25 0x00000046e02e21bc
core   0: 0x0000000080004632 (0xc80066f3) csrrsi  a3, cycleh, 0
core   0: exception trap_illegal_instruction, epc 0x0000000080004632
core   0:           tval 0x00000000c80066f3
core   0: >>>>  $xrv64i2p1_m2p0_a2p1_f2p2_d2p2_zicsr2p0_zifencei2p0_zmmul1p0_zba1p0_zbb1p0_zbc1p0_zbs1p0
core   0: 0x0000000080004000 (0x0080006f) j       pc + 0x8
core   0: 3 0x0000000080004000 (0x0080006f)
core   0: >>>>  mmode_exception_handler
core   0: 0x0000000080004008 (0x00002c17) auipc   s8, 0x2
core   0: 3 0x0000000080004008 (0x00002c17) x24 0x0000000080006008
core   0: 0x000000008000400c (0x09ec0c13) addi    s8, s8, 158
core   0: 3 0x000000008000400c (0x09ec0c13) x24 0x00000000800060a6
core   0: 0x0000000080004010 (0x000c00e7) jalr    s8
core   0: 3 0x0000000080004010 (0x000c00e7) x1  0x0000000080004014
core   0: >>>>  any_handler
core   0: 0x00000000800060a6 (0x341027f3) csrrs   a5, mepc, zero
core   0: 3 0x00000000800060a6 (0x341027f3) x15 0x0000000080004632
core   0: 0x00000000800060aa (0x34202773) csrrs   a4, mcause, zero
core   0: 3 0x00000000800060aa (0x34202773) x14 0x0000000000000002
core   0: 0x00000000800060ae (0x142026f3) csrrs   a3, scause, zero
core   0: 3 0x00000000800060ae (0x142026f3) x13 0x0000000000000000
core   0: 0x00000000800060b2 (0x30402673) csrrs   a2, mie, zero
core   0: 3 0x00000000800060b2 (0x30402673) x12 0x0000000000000a00
core   0: 0x00000000800060b6 (0x344025f3) csrrs   a1, mip, zero
core   0: 3 0x00000000800060b6 (0x344025f3) x11 0x0000000000000080
core   0: 0x00000000800060ba (0x343025f3) csrrs   a1, mtval, zero
core   0: 3 0x00000000800060ba (0x343025f3) x11 0x00000000c80066f3
core   0: 0x00000000800060be (0x14302573) csrrs   a0, stval, zero
core   0: 3 0x00000000800060be (0x14302573) x10 0x0000000000000000
core   0: 0x00000000800060c2 (0xb02024f3) csrrs   s1, minstret, zero
core   0: 3 0x00000000800060c2 (0xb02024f3) x9  0x00000000000009a1
core   0: 0x00000000800060c6 (0x0000a811) c.j     pc + 20
core   0: 3 0x00000000800060c6 (0xa811)
core   0: >>>>  mepc_4
core   0: 0x00000000800060da (0x00000791) c.addi  a5, 4
core   0: 3 0x00000000800060da (0x0791) x15 0x0000000080004636
core   0: 0x00000000800060dc (0x34179073) csrrw   zero, mepc, a5
core   0: 3 0x00000000800060dc (0x34179073) c833_mepc 0x0000000080004636
core   0: 0x00000000800060e0 (0x30200073) mret
core   0: 3 0x00000000800060e0 (0x30200073) c768_mstatus 0x8000000a00106080
core   0: 0x0000000080004636 (0xfff67213) andi    tp, a2, -1
core   0: 1 0x0000000080004636 (0xfff67213) x4  0x0000000000000a00
core   0: 0x000000008000463a (0x13e8081b) addiw   a6, a6, 318
core   0: 1 0x000000008000463a (0x13e8081b) x16 0xffffffffc4a89bfd
core   0: 0x000000008000463e (0x41a80b33) sub     s6, a6, s10
core   0: 1 0x000000008000463e (0x41a80b33) x22 0xffffffffc4a89bfe
core   0: 0x0000000080004642 (0x401258bb) sraw    a7, tp, ra
core   0: 1 0x0000000080004642 (0x401258bb) x17 0x0000000000000000
core   0: 0x0000000080004646 (0x0116993b) sllw    s2, a3, a7
core   0: 1 0x0000000080004646 (0x0116993b) x18 0x0000000000000000
core   0: 0x000000008000464a (0x41f0d81b) sraiw   a6, ra, 31
core   0: 1 0x000000008000464a (0x41f0d81b) x16 0xffffffffffffffff
core   0: 0x000000008000464e (0x02a55113) srli    sp, a0, 42
core   0: 1 0x000000008000464e (0x02a55113) x2  0x0000000000000000
core   0: 0x0000000080004652 (0x13957953) fmul.d  fs2, fa0, fs9
core   0: 1 0x0000000080004652 (0x13957953) f18 0x7ff8000000000000
core   0: 0x0000000080004656 (0xc02bfed3) fcvt.l.s t4, fs7
core   0: 1 0x0000000080004656 (0xc02bfed3) c1_fflags 0x000000000000001f x29 0x7fffffffffffffff
core   0: 0x000000008000465a (0xc21cf7d3) fcvt.wu.d a5, fs9
core   0: 1 0x000000008000465a (0xc21cf7d3) c1_fflags 0x000000000000001f x15 0xffffffffffffffff
core   0: 0x000000008000465e (0xd239f553) fcvt.d.lu fa0, s3
core   0: 1 0x000000008000465e (0xd239f553) c1_fflags 0x000000000000001f f10 0x43f0000000000000
core   0: 0x0000000080004662 (0xfaaf7e47) fmsub.d ft8, ft10, fa0, ft11
core   0: 1 0x0000000080004662 (0xfaaf7e47) f28 0x7ff8000000000000
core   0: 0x0000000080004666 (0x00d68cbb) addw    s9, a3, a3
core   0: 1 0x0000000080004666 (0x00d68cbb) x25 0x0000000000000000
core   0: 0x000000008000466a (0xd21c8cd3) fcvt.d.wu fs9, s9
core   0: 1 0x000000008000466a (0xd21c8cd3) f25 0x0000000000000000
core   0: 0x000000008000466e (0x039bc3bb) divw    t2, s7, s9
core   0: 1 0x000000008000466e (0x039bc3bb) x7  0xffffffffffffffff
core   0: 0x0000000080004672 (0x00734633) xor     a2, t1, t2
core   0: 1 0x0000000080004672 (0x00734633) x12 0x0000000000000000
core   0: 0x0000000080004676 (0x40cd0133) sub     sp, s10, a2
core   0: 1 0x0000000080004676 (0x40cd0133) x2  0xffffffffffffffff
core   0: 0x000000008000467a (0x226d8fd3) fsgnj.d ft11, fs11, ft6
core   0: 1 0x000000008000467a (0x226d8fd3) f31 0x0000000000000000
core   0: 0x000000008000467e (0x02e10c33) mul     s8, sp, a4
core   0: 1 0x000000008000467e (0x02e10c33) x24 0xfffffffffffffffe
core   0: 0x0000000080004682 (0x02d62eb3) mulhsu  t4, a2, a3
core   0: 1 0x0000000080004682 (0x02d62eb3) x29 0x0000000000000000
core   0: 0x0000000080004686 (0xebd8ffcb) fnmsub.d ft11, fa7, ft9, ft9
core   0: 1 0x0000000080004686 (0xebd8ffcb) f31 0x7ff8000000000000
core   0: 0x000000008000468a (0xd032f653) fcvt.s.lu fa2, t0
core   0: 1 0x000000008000468a (0xd032f653) c1_fflags 0x000000000000001f f12 0xffffffff5f800000
core   0: 0x000000008000468e (0x420606d3) fcvt.d.s fa3, fa2
core   0: 1 0x000000008000468e (0x420606d3) f13 0x43f0000000000000
core   0: 0x0000000080004692 (0x6b5c704b) fnmsub.d ft0, fs8, fs5, fa3
core   0: 1 0x0000000080004692 (0x6b5c704b) f0  0x7ff8000000000000
core   0: 0x0000000080004696 (0x03f19613) slli    a2, gp, 63
core   0: 1 0x0000000080004696 (0x03f19613) x12 0x0000000000000000
core   0: 0x000000008000469a (0x23892753) fsgnjx.d fa4, fs2, fs8
core   0: 1 0x000000008000469a (0x23892753) f14 0x7ff8000000000000
core   0: 0x000000008000469e (0x02e98033) mul     zero, s3, a4
core   0: 1 0x000000008000469e (0x02e98033)
core   0: 0x00000000800046a2 (0x01f538b7) lui     a7, 0x1f53
core   0: 1 0x00000000800046a2 (0x01f538b7) x17 0x0000000001f53000
core   0: 0x00000000800046a6 (0x5778889b) addiw   a7, a7, 1399
core   0: 1 0x00000000800046a6 (0x5778889b) x17 0x0000000001f53577
core   0: 0x00000000800046aa (0x000008ba) c.slli  a7, 14
core   0: 1 0x00000000800046aa (0x08ba) x17 0x0000007d4d5dc000
core   0: 0x00000000800046ac (0xf5688893) addi    a7, a7, -170
core   0: 1 0x00000000800046ac (0xf5688893) x17 0x0000007d4d5dbf56
core   0: 0x00000000800046b0 (0x4128d6bb) sraw    a3, a7, s2
core   0: 1 0x00000000800046b0 (0x4128d6bb) x13 0x000000004d5dbf56
core   0: 0x00000000800046b4 (0xb6376397) auipc   t2, 0xb6376
core   0: 1 0x00000000800046b4 (0xb6376397) x7  0x000000003637a6b4
core   0: 0x00000000800046b8 (0x015e123b) sllw    tp, t3, s5
core   0: 1 0x00000000800046b8 (0x015e123b) x4  0xffffffff99000000
core   0: 0x00000000800046bc (0x02027d33) remu    s10, tp, zero
core   0: 1 0x00000000800046bc (0x02027d33) x26 0xffffffff99000000
core   0: 0x00000000800046c0 (0x00000001) c.nop
core   0: 1 0x00000000800046c0 (0x0001)
core   0: 0x00000000800046c2 (0x00a9d5b3) srl     a1, s3, a0
core   0: 1 0x00000000800046c2 (0x00a9d5b3) x11 0xfffffffffffffe38
core   0: 0x00000000800046c6 (0x002597f3) csrrw   a5, frm, a1
core   0: 1 0x00000000800046c6 (0x002597f3) x15 0x0000000000000000 c2_frm 0x0000000000000000
core   0: 0x00000000800046ca (0x400edbbb) sraw    s7, t4, zero
core   0: 1 0x00000000800046ca (0x400edbbb) x23 0x0000000000000000
core   0: 0x00000000800046ce (0x310ff873) csrrci  a6, mstatush, 31
core   0: exception trap_illegal_instruction, epc 0x00000000800046ce
core   0:           tval 0x00000000310ff873
core   0: >>>>  $xrv64i2p1_m2p0_a2p1_f2p2_d2p2_zicsr2p0_zifencei2p0_zmmul1p0_zba1p0_zbb1p0_zbc1p0_zbs1p0
core   0: 0x0000000080004000 (0x0080006f) j       pc + 0x8
core   0: 3 0x0000000080004000 (0x0080006f)
core   0: >>>>  mmode_exception_handler
core   0: 0x0000000080004008 (0x00002c17) auipc   s8, 0x2
core   0: 3 0x0000000080004008 (0x00002c17) x24 0x0000000080006008
core   0: 0x000000008000400c (0x09ec0c13) addi    s8, s8, 158
core   0: 3 0x000000008000400c (0x09ec0c13) x24 0x00000000800060a6
core   0: 0x0000000080004010 (0x000c00e7) jalr    s8
core   0: 3 0x0000000080004010 (0x000c00e7) x1  0x0000000080004014
core   0: >>>>  any_handler
core   0: 0x00000000800060a6 (0x341027f3) csrrs   a5, mepc, zero
core   0: 3 0x00000000800060a6 (0x341027f3) x15 0x00000000800046ce
core   0: 0x00000000800060aa (0x34202773) csrrs   a4, mcause, zero
core   0: 3 0x00000000800060aa (0x34202773) x14 0x0000000000000002
core   0: 0x00000000800060ae (0x142026f3) csrrs   a3, scause, zero
core   0: 3 0x00000000800060ae (0x142026f3) x13 0x0000000000000000
core   0: 0x00000000800060b2 (0x30402673) csrrs   a2, mie, zero
core   0: 3 0x00000000800060b2 (0x30402673) x12 0x0000000000000a00
core   0: 0x00000000800060b6 (0x344025f3) csrrs   a1, mip, zero
core   0: 3 0x00000000800060b6 (0x344025f3) x11 0x0000000000000080
core   0: 0x00000000800060ba (0x343025f3) csrrs   a1, mtval, zero
core   0: 3 0x00000000800060ba (0x343025f3) x11 0x00000000310ff873
core   0: 0x00000000800060be (0x14302573) csrrs   a0, stval, zero
core   0: 3 0x00000000800060be (0x14302573) x10 0x0000000000000000
core   0: 0x00000000800060c2 (0xb02024f3) csrrs   s1, minstret, zero
core   0: 3 0x00000000800060c2 (0xb02024f3) x9  0x00000000000009d8
core   0: 0x00000000800060c6 (0x0000a811) c.j     pc + 20
core   0: 3 0x00000000800060c6 (0xa811)
core   0: >>>>  mepc_4
core   0: 0x00000000800060da (0x00000791) c.addi  a5, 4
core   0: 3 0x00000000800060da (0x0791) x15 0x00000000800046d2
core   0: 0x00000000800060dc (0x34179073) csrrw   zero, mepc, a5
core   0: 3 0x00000000800060dc (0x34179073) c833_mepc 0x00000000800046d2
core   0: 0x00000000800060e0 (0x30200073) mret
core   0: 3 0x00000000800060e0 (0x30200073) c768_mstatus 0x8000000a00106080
core   0: 0x00000000800046d2 (0x001e12f3) csrrw   t0, fflags, t3
core   0: 1 0x00000000800046d2 (0x001e12f3) x5  0x000000000000001f c1_fflags 0x0000000000000012
core   0: 0x00000000800046d6 (0x01fb959b) slliw   a1, s7, 31
core   0: 1 0x00000000800046d6 (0x01fb959b) x11 0x0000000000000000
core   0: 0x00000000800046da (0x4207d093) srai    ra, a5, 32
core   0: 1 0x00000000800046da (0x4207d093) x1  0x0000000000000000
core   0: 0x00000000800046de (0x0293653b) remw    a0, t1, s1
core   0: 1 0x00000000800046de (0x0293653b) x10 0xffffffffffffffff
core   0: 0x00000000800046e2 (0x03f79213) slli    tp, a5, 63
core   0: 1 0x00000000800046e2 (0x03f79213) x4  0x0000000000000000
core   0: 0x00000000800046e6 (0x2bdc01d3) fmin.d  ft3, fs8, ft9
core   0: 1 0x00000000800046e6 (0x2bdc01d3) f3  0x7ff8000000000000
core   0: 0x00000000800046ea (0x466c4c13) xori    s8, s8, 1126
core   0: 1 0x00000000800046ea (0x466c4c13) x24 0x00000000800064c0
core   0: 0x00000000800046ee (0x00aa78b3) and     a7, s4, a0
core   0: 1 0x00000000800046ee (0x00aa78b3) x17 0x0000000011078000
core   0: 0x00000000800046f2 (0x02f85dbb) divuw   s11, a6, a5
core   0: 1 0x00000000800046f2 (0x02f85dbb) x27 0x0000000000000001
core   0: 0x00000000800046f6 (0x2b4c14d3) fmax.d  fs1, fs8, fs4
core   0: 1 0x00000000800046f6 (0x2b4c14d3) f9  0x41b63b9500000000
core   0: 0x00000000800046fa (0x01020cbb) addw    s9, tp, a6
core   0: 1 0x00000000800046fa (0x01020cbb) x25 0xffffffffffffffff
core   0: 0x00000000800046fe (0x4d1cc113) xori    sp, s9, 1233
core   0: 1 0x00000000800046fe (0x4d1cc113) x2  0xfffffffffffffb2e
core   0: 0x0000000080004702 (0x4016f153) fcvt.s.d ft2, fa3
core   0: 1 0x0000000080004702 (0x4016f153) f2  0xffffffff5f800000
core   0: 0x0000000080004706 (0xc203fc53) fcvt.w.d s8, ft7
core   0: 1 0x0000000080004706 (0xc203fc53) c1_fflags 0x0000000000000012 x24 0x000000007fffffff
core   0: 0x000000008000470a (0x0bbe7dd3) fsub.d  fs11, ft8, fs11
core   0: 1 0x000000008000470a (0x0bbe7dd3) f27 0x7ff8000000000000
core   0: 0x000000008000470e (0x024e48bb) divw    a7, t3, tp
core   0: 1 0x000000008000470e (0x024e48bb) x17 0xffffffffffffffff
core   0: 0x0000000080004712 (0x00000001) c.nop
core   0: 1 0x0000000080004712 (0x0001)
core   0: 0x0000000080004714 (0x039c5e13) srli    t3, s8, 57
core   0: 1 0x0000000080004714 (0x039c5e13) x28 0x0000000000000000
core   0: 0x0000000080004718 (0x42000953) fcvt.d.s fs2, ft0
core   0: 1 0x0000000080004718 (0x42000953) f18 0x7ff8000000000000
core   0: 0x000000008000471c (0x23208753) fsgnj.d fa4, ft1, fs2
core   0: 1 0x000000008000471c (0x23208753) f14 0x0000000000000937
core   0: 0x0000000080004720 (0x02ebdbbb) divuw   s7, s7, a4
core   0: 1 0x0000000080004720 (0x02ebdbbb) x23 0x0000000000000000
core   0: 0x0000000080004724 (0x00191ef3) csrrw   t4, fflags, s2
core   0: 1 0x0000000080004724 (0x00191ef3) x29 0x0000000000000012 c1_fflags 0x0000000000000000
core   0: 0x0000000080004728 (0x03cdde3b) divuw   t3, s11, t3
core   0: 1 0x0000000080004728 (0x03cdde3b) x28 0xffffffffffffffff
core   0: 0x000000008000472c (0x00bc05bb) addw    a1, s8, a1
core   0: 1 0x000000008000472c (0x00bc05bb) x11 0x000000007fffffff
core   0: 0x0000000080004730 (0xe20084d3) fmv.x.d s1, ft1
core   0: 1 0x0000000080004730 (0xe20084d3) x9  0x0000000000000937
core   0: 0x0000000080004734 (0xd02df553) fcvt.s.l fa0, s11
core   0: 1 0x0000000080004734 (0xd02df553) f10 0xffffffff3f800000
core   0: 0x0000000080004738 (0x00d19b1b) slliw   s6, gp, 13
core   0: 1 0x0000000080004738 (0x00d19b1b) x22 0xfffffffffffd8000
core   0: 0x000000008000473c (0x02fb12b3) mulh    t0, s6, a5
core   0: 1 0x000000008000473c (0x02fb12b3) x5  0xffffffffffffffff
core   0: 0x0000000080004740 (0x2218ac53) fsgnjx.d fs8, fa7, ft1
core   0: 1 0x0000000080004740 (0x2218ac53) f24 0x419fffffd0000000
core   0: 0x0000000080004744 (0xc05495f3) csrrw   a1, hpmcounter5, s1
core   0: exception trap_illegal_instruction, epc 0x0000000080004744
core   0:           tval 0x00000000c05495f3
core   0: >>>>  $xrv64i2p1_m2p0_a2p1_f2p2_d2p2_zicsr2p0_zifencei2p0_zmmul1p0_zba1p0_zbb1p0_zbc1p0_zbs1p0
core   0: 0x0000000080004000 (0x0080006f) j       pc + 0x8
core   0: 3 0x0000000080004000 (0x0080006f)
core   0: >>>>  mmode_exception_handler
core   0: 0x0000000080004008 (0x00002c17) auipc   s8, 0x2
core   0: 3 0x0000000080004008 (0x00002c17) x24 0x0000000080006008
core   0: 0x000000008000400c (0x09ec0c13) addi    s8, s8, 158
core   0: 3 0x000000008000400c (0x09ec0c13) x24 0x00000000800060a6
core   0: 0x0000000080004010 (0x000c00e7) jalr    s8
core   0: 3 0x0000000080004010 (0x000c00e7) x1  0x0000000080004014
core   0: >>>>  any_handler
core   0: 0x00000000800060a6 (0x341027f3) csrrs   a5, mepc, zero
core   0: 3 0x00000000800060a6 (0x341027f3) x15 0x0000000080004744
core   0: 0x00000000800060aa (0x34202773) csrrs   a4, mcause, zero
core   0: 3 0x00000000800060aa (0x34202773) x14 0x0000000000000002
core   0: 0x00000000800060ae (0x142026f3) csrrs   a3, scause, zero
core   0: 3 0x00000000800060ae (0x142026f3) x13 0x0000000000000000
core   0: 0x00000000800060b2 (0x30402673) csrrs   a2, mie, zero
core   0: 3 0x00000000800060b2 (0x30402673) x12 0x0000000000000a00
core   0: 0x00000000800060b6 (0x344025f3) csrrs   a1, mip, zero
core   0: 3 0x00000000800060b6 (0x344025f3) x11 0x0000000000000080
core   0: 0x00000000800060ba (0x343025f3) csrrs   a1, mtval, zero
core   0: 3 0x00000000800060ba (0x343025f3) x11 0x00000000c05495f3
core   0: 0x00000000800060be (0x14302573) csrrs   a0, stval, zero
core   0: 3 0x00000000800060be (0x14302573) x10 0x0000000000000000
core   0: 0x00000000800060c2 (0xb02024f3) csrrs   s1, minstret, zero
core   0: 3 0x00000000800060c2 (0xb02024f3) x9  0x0000000000000a05
core   0: 0x00000000800060c6 (0x0000a811) c.j     pc + 20
core   0: 3 0x00000000800060c6 (0xa811)
core   0: >>>>  mepc_4
core   0: 0x00000000800060da (0x00000791) c.addi  a5, 4
core   0: 3 0x00000000800060da (0x0791) x15 0x0000000080004748
core   0: 0x00000000800060dc (0x34179073) csrrw   zero, mepc, a5
core   0: 3 0x00000000800060dc (0x34179073) c833_mepc 0x0000000080004748
core   0: 0x00000000800060e0 (0x30200073) mret
core   0: 3 0x00000000800060e0 (0x30200073) c768_mstatus 0x8000000a00106080
core   0: 0x0000000080004748 (0x0b10f253) fsub.d  ft4, ft1, fa7
core   0: 1 0x0000000080004748 (0x0b10f253) c1_fflags 0x0000000000000001 f4  0xc19fffffd0000000
core   0: 0x000000008000474c (0xc21c7dd3) fcvt.wu.d s11, fs8
core   0: 1 0x000000008000474c (0xc21c7dd3) x27 0x0000000007fffff4
core   0: 0x0000000080004750 (0x0013e393) ori     t2, t2, 1
core   0: 1 0x0000000080004750 (0x0013e393) x7  0x000000003637a6b5
core   0: 0x0000000080004754 (0x2bcd0bd3) fmin.d  fs7, fs10, ft8
core   0: 1 0x0000000080004754 (0x2bcd0bd3) f23 0x4251b80b886f0000
core   0: 0x0000000080004758 (0x409383bb) subw    t2, t2, s1
core   0: 1 0x0000000080004758 (0x409383bb) x7  0x0000000036379cb0
core   0: 0x000000008000475c (0x4a87ad97) auipc   s11, 0x4a87a
core   0: 1 0x000000008000475c (0x4a87ad97) x27 0x00000000ca87e75c
core   0: 0x0000000080004760 (0xd2138953) fcvt.d.wu fs2, t2
core   0: 1 0x0000000080004760 (0xd2138953) f18 0x41cb1bce58000000
core   0: 0x0000000080004764 (0xc03c7c53) fcvt.lu.s s8, fs8
core   0: 1 0x0000000080004764 (0xc03c7c53) c1_fflags 0x0000000000000011 x24 0xffffffffffffffff
core   0: 0x0000000080004768 (0x0ff0000f) fence   iorw,iorw
core   0: 1 0x0000000080004768 (0x0ff0000f)
core   0: 0x000000008000476c (0x00169d1b) slliw   s10, a3, 1
core   0: 1 0x000000008000476c (0x00169d1b) x26 0x0000000000000000
core   0: 0x0000000080004770 (0x020470b7) lui     ra, 0x2047
core   0: 1 0x0000000080004770 (0x020470b7) x1  0x0000000002047000
core   0: 0x0000000080004774 (0x0063d0b3) srl     ra, t2, t1
core   0: 1 0x0000000080004774 (0x0063d0b3) x1  0x0000000000000000
core   0: 0x0000000080004778 (0xc03c7cd3) fcvt.lu.s s9, fs8
core   0: 1 0x0000000080004778 (0xc03c7cd3) c1_fflags 0x0000000000000011 x25 0xffffffffffffffff
core   0: 0x000000008000477c (0x00109073) csrrw   zero, fflags, ra
core   0: 1 0x000000008000477c (0x00109073) c1_fflags 0x0000000000000000
core   0: 0x0000000080004780 (0x0007563b) srlw    a2, a4, zero
core   0: 1 0x0000000080004780 (0x0007563b) x12 0x0000000000000002
core   0: 0x0000000080004784 (0xf3437e43) fmadd.d ft8, ft6, fs4, ft10
core   0: 1 0x0000000080004784 (0xf3437e43) f28 0x7ff8000000000000
core   0: 0x0000000080004788 (0xd2030453) fcvt.d.w fs0, t1
core   0: 1 0x0000000080004788 (0xd2030453) f8  0xbff0000000000000
core   0: 0x000000008000478c (0xe20f0453) fmv.x.d s0, ft10
core   0: 1 0x000000008000478c (0xe20f0453) x8  0x7ff8000000000000
core   0: 0x0000000080004790 (0x2b0dcab7) lui     s5, 0x2b0dc
core   0: 1 0x0000000080004790 (0x2b0dcab7) x21 0x000000002b0dc000
core   0: 0x0000000080004794 (0x455a4c93) xori    s9, s4, 1109
core   0: 1 0x0000000080004794 (0x455a4c93) x25 0x0000000011078455
core   0: 0x0000000080004798 (0x48990217) auipc   tp, 0x48990
core   0: 1 0x0000000080004798 (0x48990217) x4  0x00000000c8994798
core   0: 0x000000008000479c (0x0042913b) sllw    sp, t0, tp
core   0: 1 0x000000008000479c (0x0042913b) x2  0xffffffffff000000
core   0: 0x00000000800047a0 (0x400cdc93) srai    s9, s9, 0
core   0: 1 0x00000000800047a0 (0x400cdc93) x25 0x0000000011078455
core   0: 0x00000000800047a4 (0x41250b33) sub     s6, a0, s2
core   0: 1 0x00000000800047a4 (0x41250b33) x22 0x0000000000000000
core   0: 0x00000000800047a8 (0x4011d0b3) sra     ra, gp, ra
core   0: 1 0x00000000800047a8 (0x4011d0b3) x1  0x7fffffffffffffec
core   0: 0x00000000800047ac (0x41d002bb) subw    t0, zero, t4
core   0: 1 0x00000000800047ac (0x41d002bb) x5  0xffffffffffffffee
core   0: 0x00000000800047b0 (0x00102cf3) csrrs   s9, fflags, zero
core   0: 1 0x00000000800047b0 (0x00102cf3) x25 0x0000000000000000
core   0: 0x00000000800047b4 (0xe9760e93) addi    t4, a2, -361
core   0: 1 0x00000000800047b4 (0xe9760e93) x29 0xfffffffffffffe99
core   0: 0x00000000800047b8 (0xa3e88953) fle.d   s2, fa7, ft10
core   0: 1 0x00000000800047b8 (0xa3e88953) c1_fflags 0x0000000000000010 x18 0x0000000000000000
core   0: 0x00000000800047bc (0x01ad6d33) or      s10, s10, s10
core   0: 1 0x00000000800047bc (0x01ad6d33) x26 0x0000000000000000
core   0: 0x00000000800047c0 (0x01a19ebb) sllw    t4, gp, s10
core   0: 1 0x00000000800047c0 (0x01a19ebb) x29 0xffffffffffffffec
core   0: 0x00000000800047c4 (0x03de0abb) mulw    s5, t3, t4
core   0: 1 0x00000000800047c4 (0x03de0abb) x21 0x0000000000000014
core   0: 0x00000000800047c8 (0x034a7a3b) remuw   s4, s4, s4
core   0: 1 0x00000000800047c8 (0x034a7a3b) x20 0x0000000000000000
core   0: 0x00000000800047cc (0x1c716917) auipc   s2, 0x1c716
core   0: 1 0x00000000800047cc (0x1c716917) x18 0x000000009c71a7cc
core   0: 0x00000000800047d0 (0x00066393) ori     t2, a2, 0
core   0: 1 0x00000000800047d0 (0x00066393) x7  0x0000000000000002
core   0: 0x00000000800047d4 (0x01ca13b3) sll     t2, s4, t3
core   0: 1 0x00000000800047d4 (0x01ca13b3) x7  0x0000000000000000
core   0: 0x00000000800047d8 (0x01457133) and     sp, a0, s4
core   0: 1 0x00000000800047d8 (0x01457133) x2  0x0000000000000000
core   0: 0x00000000800047dc (0x9d3b4c93) xori    s9, s6, -1581
core   0: 1 0x00000000800047dc (0x9d3b4c93) x25 0xfffffffffffff9d3
core   0: 0x00000000800047e0 (0x2a840d53) fmin.d  fs10, fs0, fs0
core   0: 1 0x00000000800047e0 (0x2a840d53) f26 0xbff0000000000000
core   0: 0x00000000800047e4 (0x002b1c3b) sllw    s8, s6, sp
core   0: 1 0x00000000800047e4 (0x002b1c3b) x24 0x0000000000000000
core   0: 0x00000000800047e8 (0x222d2153) fsgnjx.d ft2, fs10, ft2
core   0: 1 0x00000000800047e8 (0x222d2153) f2  0x3ff0000000000000
core   0: 0x00000000800047ec (0xda73fa47) fmsub.d fs4, ft7, ft7, fs11
core   0: 1 0x00000000800047ec (0xda73fa47) f20 0x7ff8000000000000
core   0: 0x00000000800047f0 (0x01849533) sll     a0, s1, s8
core   0: 1 0x00000000800047f0 (0x01849533) x10 0x0000000000000a05
core   0: 0x00000000800047f4 (0xc21172d3) fcvt.wu.d t0, ft2
core   0: 1 0x00000000800047f4 (0xc21172d3) x5  0x0000000000000001
core   0: 0x00000000800047f8 (0x0256813b) mulw    sp, a3, t0
core   0: 1 0x00000000800047f8 (0x0256813b) x2  0x0000000000000000
core   0: 0x00000000800047fc (0x0061581b) srliw   a6, sp, 6
core   0: 1 0x00000000800047fc (0x0061581b) x16 0x0000000000000000
core   0: 0x0000000080004800 (0x00202473) csrrs   s0, frm, zero
core   0: 1 0x0000000080004800 (0x00202473) x8  0x0000000000000000
core   0: 0x0000000080004804 (0x00b3cbb7) lui     s7, 0xb3c
core   0: 1 0x0000000080004804 (0x00b3cbb7) x23 0x0000000000b3c000
core   0: 0x0000000080004808 (0x25fb8b9b) addiw   s7, s7, 607
core   0: 1 0x0000000080004808 (0x25fb8b9b) x23 0x0000000000b3c25f
core   0: 0x000000008000480c (0x00000bb6) c.slli  s7, 13
core   0: 1 0x000000008000480c (0x0bb6) x23 0x00000016784be000
core   0: 0x000000008000480e (0x070b8b93) addi    s7, s7, 112
core   0: 1 0x000000008000480e (0x070b8b93) x23 0x00000016784be070
core   0: 0x0000000080004812 (0xa097fe17) auipc   t3, 0xa097f
core   0: 1 0x0000000080004812 (0xa097fe17) x28 0x0000000020983812
core   0: 0x0000000080004816 (0xd2287f53) fcvt.d.l ft10, a6
core   0: 1 0x0000000080004816 (0xd2287f53) f30 0x0000000000000000
core   0: 0x000000008000481a (0x01f45d9b) srliw   s11, s0, 31
core   0: 1 0x000000008000481a (0x01f45d9b) x27 0x0000000000000000
core   0: 0x000000008000481e (0x4154599b) sraiw   s3, s0, 21
core   0: 1 0x000000008000481e (0x4154599b) x19 0x0000000000000000
core   0: 0x0000000080004822 (0x43fdde93) srai    t4, s11, 63
core   0: 1 0x0000000080004822 (0x43fdde93) x29 0x0000000000000000
core   0: 0x0000000080004826 (0x03e176d3) fadd.d  fa3, ft2, ft10
core   0: 1 0x0000000080004826 (0x03e176d3) f13 0x3ff0000000000000
core   0: 0x000000008000482a (0xc028f2d3) fcvt.l.s t0, fa7
core   0: 1 0x000000008000482a (0xc028f2d3) c1_fflags 0x0000000000000010 x5  0x7fffffffffffffff
core   0: 0x000000008000482e (0x00000001) c.nop
core   0: 1 0x000000008000482e (0x0001)
core   0: 0x0000000080004830 (0x0068583b) srlw    a6, a6, t1
core   0: 1 0x0000000080004830 (0x0068583b) x16 0x0000000000000000
core   0: 0x0000000080004834 (0x1a31f253) fdiv.d  ft4, ft3, ft3
core   0: 1 0x0000000080004834 (0x1a31f253) f4  0x7ff8000000000000
core   0: 0x0000000080004838 (0x02225e13) srli    t3, tp, 34
core   0: 1 0x0000000080004838 (0x02225e13) x28 0x0000000000000000
core   0: 0x000000008000483c (0x0ff0000f) fence   iorw,iorw
core   0: 1 0x000000008000483c (0x0ff0000f)
core   0: 0x0000000080004840 (0x031e4033) div     zero, t3, a7
core   0: 1 0x0000000080004840 (0x031e4033)
core   0: 0x0000000080004844 (0x00b9c333) xor     t1, s3, a1
core   0: 1 0x0000000080004844 (0x00b9c333) x6  0x00000000c05495f3
core   0: 0x0000000080004848 (0x017af1b3) and     gp, s5, s7
core   0: 1 0x0000000080004848 (0x017af1b3) x3  0x0000000000000010
core   0: 0x000000008000484c (0x420b09d3) fcvt.d.s fs3, fs6
core   0: 1 0x000000008000484c (0x420b09d3) f19 0x7ff8000000000000
core   0: 0x0000000080004850 (0x40285513) srai    a0, a6, 2
core   0: 1 0x0000000080004850 (0x40285513) x10 0x0000000000000000
core   0: 0x0000000080004854 (0xc20370d3) fcvt.w.d ra, ft6
core   0: 1 0x0000000080004854 (0xc20370d3) c1_fflags 0x0000000000000010 x1  0x000000007fffffff
core   0: 0x0000000080004858 (0x023dfd33) remu    s10, s11, gp
core   0: 1 0x0000000080004858 (0x023dfd33) x26 0x0000000000000000
core   0: 0x000000008000485c (0x10047573) csrrci  a0, sstatus, 8
core   0: 1 0x000000008000485c (0x10047573) x10 0x8000000200006000 c768_mstatus 0x8000000a00106080
core   0: 0x0000000080004860 (0xd021f653) fcvt.s.l fa2, gp
core   0: 1 0x0000000080004860 (0xd021f653) f12 0xffffffff41800000
core   0: 0x0000000080004864 (0xc06db473) csrrc   s0, hpmcounter6, s11
core   0: exception trap_illegal_instruction, epc 0x0000000080004864
core   0:           tval 0x00000000c06db473
core   0: >>>>  $xrv64i2p1_m2p0_a2p1_f2p2_d2p2_zicsr2p0_zifencei2p0_zmmul1p0_zba1p0_zbb1p0_zbc1p0_zbs1p0
core   0: 0x0000000080004000 (0x0080006f) j       pc + 0x8
core   0: 3 0x0000000080004000 (0x0080006f)
core   0: >>>>  mmode_exception_handler
core   0: 0x0000000080004008 (0x00002c17) auipc   s8, 0x2
core   0: 3 0x0000000080004008 (0x00002c17) x24 0x0000000080006008
core   0: 0x000000008000400c (0x09ec0c13) addi    s8, s8, 158
core   0: 3 0x000000008000400c (0x09ec0c13) x24 0x00000000800060a6
core   0: 0x0000000080004010 (0x000c00e7) jalr    s8
core   0: 3 0x0000000080004010 (0x000c00e7) x1  0x0000000080004014
core   0: >>>>  any_handler
core   0: 0x00000000800060a6 (0x341027f3) csrrs   a5, mepc, zero
core   0: 3 0x00000000800060a6 (0x341027f3) x15 0x0000000080004864
core   0: 0x00000000800060aa (0x34202773) csrrs   a4, mcause, zero
core   0: 3 0x00000000800060aa (0x34202773) x14 0x0000000000000002
core   0: 0x00000000800060ae (0x142026f3) csrrs   a3, scause, zero
core   0: 3 0x00000000800060ae (0x142026f3) x13 0x0000000000000000
core   0: 0x00000000800060b2 (0x30402673) csrrs   a2, mie, zero
core   0: 3 0x00000000800060b2 (0x30402673) x12 0x0000000000000a00
core   0: 0x00000000800060b6 (0x344025f3) csrrs   a1, mip, zero
core   0: 3 0x00000000800060b6 (0x344025f3) x11 0x0000000000000080
core   0: 0x00000000800060ba (0x343025f3) csrrs   a1, mtval, zero
core   0: 3 0x00000000800060ba (0x343025f3) x11 0x00000000c06db473
core   0: 0x00000000800060be (0x14302573) csrrs   a0, stval, zero
core   0: 3 0x00000000800060be (0x14302573) x10 0x0000000000000000
core   0: 0x00000000800060c2 (0xb02024f3) csrrs   s1, minstret, zero
core   0: 3 0x00000000800060c2 (0xb02024f3) x9  0x0000000000000a5d
core   0: 0x00000000800060c6 (0x0000a811) c.j     pc + 20
core   0: 3 0x00000000800060c6 (0xa811)
core   0: >>>>  mepc_4
core   0: 0x00000000800060da (0x00000791) c.addi  a5, 4
core   0: 3 0x00000000800060da (0x0791) x15 0x0000000080004868
core   0: 0x00000000800060dc (0x34179073) csrrw   zero, mepc, a5
core   0: 3 0x00000000800060dc (0x34179073) c833_mepc 0x0000000080004868
core   0: 0x00000000800060e0 (0x30200073) mret
core   0: 3 0x00000000800060e0 (0x30200073) c768_mstatus 0x8000000a00106080
core   0: 0x0000000080004868 (0xa22f8e53) fle.d   t3, ft11, ft2
core   0: 1 0x0000000080004868 (0xa22f8e53) c1_fflags 0x0000000000000010 x28 0x0000000000000000
core   0: 0x000000008000486c (0x014c0bb3) add     s7, s8, s4
core   0: 1 0x000000008000486c (0x014c0bb3) x23 0x00000000800060a6
core   0: 0x0000000080004870 (0x80018193) addi    gp, gp, -2048
core   0: 1 0x0000000080004870 (0x80018193) x3  0xfffffffffffff810
core   0: 0x0000000080004874 (0x0333f3d3) fadd.d  ft7, ft7, fs3
core   0: 1 0x0000000080004874 (0x0333f3d3) f7  0x7ff8000000000000
core   0: 0x0000000080004878 (0x41bb8c33) sub     s8, s7, s11
core   0: 1 0x0000000080004878 (0x41bb8c33) x24 0x00000000800060a6
core   0: 0x000000008000487c (0x024b8ebb) mulw    t4, s7, tp
core   0: 1 0x000000008000487c (0x024b8ebb) x29 0xffffffff8e3d6c90
core   0: 0x0000000080004880 (0xb4ab4b37) lui     s6, 0xb4ab4
core   0: 1 0x0000000080004880 (0xb4ab4b37) x22 0xffffffffb4ab4000
core   0: 0x0000000080004884 (0x0005da93) srli    s5, a1, 0
core   0: 1 0x0000000080004884 (0x0005da93) x21 0x00000000c06db473
core   0: 0x0000000080004888 (0x018b063b) addw    a2, s6, s8
core   0: 1 0x0000000080004888 (0x018b063b) x12 0x0000000034aba0a6
core   0: 0x000000008000488c (0x02bc4133) div     sp, s8, a1
core   0: 1 0x000000008000488c (0x02bc4133) x2  0x0000000000000000
core   0: 0x0000000080004890 (0x001a851b) addiw   a0, s5, 1
core   0: 1 0x0000000080004890 (0x001a851b) x10 0xffffffffc06db474
core   0: 0x0000000080004894 (0x320eacf3) csrrs   s9, mcountinhibit, t4
core   0: exception trap_illegal_instruction, epc 0x0000000080004894
core   0:           tval 0x00000000320eacf3
core   0: >>>>  $xrv64i2p1_m2p0_a2p1_f2p2_d2p2_zicsr2p0_zifencei2p0_zmmul1p0_zba1p0_zbb1p0_zbc1p0_zbs1p0
core   0: 0x0000000080004000 (0x0080006f) j       pc + 0x8
core   0: 3 0x0000000080004000 (0x0080006f)
core   0: >>>>  mmode_exception_handler
core   0: 0x0000000080004008 (0x00002c17) auipc   s8, 0x2
core   0: 3 0x0000000080004008 (0x00002c17) x24 0x0000000080006008
core   0: 0x000000008000400c (0x09ec0c13) addi    s8, s8, 158
core   0: 3 0x000000008000400c (0x09ec0c13) x24 0x00000000800060a6
core   0: 0x0000000080004010 (0x000c00e7) jalr    s8
core   0: 3 0x0000000080004010 (0x000c00e7) x1  0x0000000080004014
core   0: >>>>  any_handler
core   0: 0x00000000800060a6 (0x341027f3) csrrs   a5, mepc, zero
core   0: 3 0x00000000800060a6 (0x341027f3) x15 0x0000000080004894
core   0: 0x00000000800060aa (0x34202773) csrrs   a4, mcause, zero
core   0: 3 0x00000000800060aa (0x34202773) x14 0x0000000000000002
core   0: 0x00000000800060ae (0x142026f3) csrrs   a3, scause, zero
core   0: 3 0x00000000800060ae (0x142026f3) x13 0x0000000000000000
core   0: 0x00000000800060b2 (0x30402673) csrrs   a2, mie, zero
core   0: 3 0x00000000800060b2 (0x30402673) x12 0x0000000000000a00
core   0: 0x00000000800060b6 (0x344025f3) csrrs   a1, mip, zero
core   0: 3 0x00000000800060b6 (0x344025f3) x11 0x0000000000000080
core   0: 0x00000000800060ba (0x343025f3) csrrs   a1, mtval, zero
core   0: 3 0x00000000800060ba (0x343025f3) x11 0x00000000320eacf3
core   0: 0x00000000800060be (0x14302573) csrrs   a0, stval, zero
core   0: 3 0x00000000800060be (0x14302573) x10 0x0000000000000000
core   0: 0x00000000800060c2 (0xb02024f3) csrrs   s1, minstret, zero
core   0: 3 0x00000000800060c2 (0xb02024f3) x9  0x0000000000000a78
core   0: 0x00000000800060c6 (0x0000a811) c.j     pc + 20
core   0: 3 0x00000000800060c6 (0xa811)
core   0: >>>>  mepc_4
core   0: 0x00000000800060da (0x00000791) c.addi  a5, 4
core   0: 3 0x00000000800060da (0x0791) x15 0x0000000080004898
core   0: 0x00000000800060dc (0x34179073) csrrw   zero, mepc, a5
core   0: 3 0x00000000800060dc (0x34179073) c833_mepc 0x0000000080004898
core   0: 0x00000000800060e0 (0x30200073) mret
core   0: 3 0x00000000800060e0 (0x30200073) c768_mstatus 0x8000000a00106080
core   0: 0x0000000080004898 (0x019b1433) sll     s0, s6, s9
core   0: 1 0x0000000080004898 (0x019b1433) x8  0xfffda55a00000000
core   0: 0x000000008000489c (0xe9356913) ori     s2, a0, -365
core   0: 1 0x000000008000489c (0xe9356913) x18 0xfffffffffffffe93
core   0: 0x00000000800048a0 (0xc0317a53) fcvt.lu.s s4, ft2
core   0: 1 0x00000000800048a0 (0xc0317a53) c1_fflags 0x0000000000000010 x20 0xffffffffffffffff
core   0: 0x00000000800048a4 (0x3a0a7dcf) fnmadd.d fs11, fs4, ft0, ft7
core   0: 1 0x00000000800048a4 (0x3a0a7dcf) f27 0x7ff8000000000000
core   0: 0x00000000800048a8 (0x01760abb) addw    s5, a2, s7
core   0: 1 0x00000000800048a8 (0x01760abb) x21 0xffffffff80006aa6
core   0: 0x00000000800048ac (0x41d686b3) sub     a3, a3, t4
core   0: 1 0x00000000800048ac (0x41d686b3) x13 0x0000000071c29370
core   0: 0x00000000800048b0 (0x03b076cf) fnmadd.d fa3, ft0, fs11, ft0
core   0: 1 0x00000000800048b0 (0x03b076cf) f13 0x7ff8000000000000
core   0: 0x00000000800048b4 (0x03082533) mulhsu  a0, a6, a6
core   0: 1 0x00000000800048b4 (0x03082533) x10 0x0000000000000000
core   0: 0x00000000800048b8 (0x222323d3) fsgnjx.d ft7, ft6, ft2
core   0: 1 0x00000000800048b8 (0x222323d3) f7  0x7ff8000000000000
core   0: 0x00000000800048bc (0xfcdfa617) auipc   a2, 0xfcdfa
core   0: 1 0x00000000800048bc (0xfcdfa617) x12 0x000000007cdfe8bc
core   0: 0x00000000800048c0 (0xd2068453) fcvt.d.w fs0, a3
core   0: 1 0x00000000800048c0 (0xd2068453) f8  0x41dc70a4dc000000
core   0: 0x00000000800048c4 (0x03599393) slli    t2, s3, 53
core   0: 1 0x00000000800048c4 (0x03599393) x7  0x0000000000000000
core   0: 0x00000000800048c8 (0x5a0cfed3) fsqrt.d ft9, fs9
core   0: 1 0x00000000800048c8 (0x5a0cfed3) f29 0x0000000000000000
core   0: 0x00000000800048cc (0xd02672d3) fcvt.s.l ft5, a2
core   0: 1 0x00000000800048cc (0xd02672d3) c1_fflags 0x0000000000000011 f5  0xffffffff4ef9bfd1
core   0: 0x00000000800048d0 (0x020e833b) mulw    t1, t4, zero
core   0: 1 0x00000000800048d0 (0x020e833b) x6  0x0000000000000000
core   0: 0x00000000800048d4 (0x401b7d53) fcvt.s.d fs10, fs6
core   0: 1 0x00000000800048d4 (0x401b7d53) c1_fflags 0x0000000000000013 f26 0xffffffff00000000
core   0: 0x00000000800048d8 (0x001e9173) csrrw   sp, fflags, t4
core   0: 1 0x00000000800048d8 (0x001e9173) x2  0x0000000000000013 c1_fflags 0x0000000000000010
core   0: 0x00000000800048dc (0x8a2d7143) fmadd.d ft2, fs10, ft2, fa7
core   0: 1 0x00000000800048dc (0x8a2d7143) f2  0x7ff8000000000000
core   0: 0x00000000800048e0 (0x40b703b3) sub     t2, a4, a1
core   0: 1 0x00000000800048e0 (0x40b703b3) x7  0xffffffffcdf1530f
core   0: 0x00000000800048e4 (0x80080413) addi    s0, a6, -2048
core   0: 1 0x00000000800048e4 (0x80080413) x8  0xfffffffffffff800
core   0: 0x00000000800048e8 (0x0014c293) xori    t0, s1, 1
core   0: 1 0x00000000800048e8 (0x0014c293) x5  0x0000000000000a79
core   0: 0x00000000800048ec (0x41cbdb9b) sraiw   s7, s7, 28
core   0: 1 0x00000000800048ec (0x41cbdb9b) x23 0xfffffffffffffff8
core   0: 0x00000000800048f0 (0x40185793) srai    a5, a6, 1
core   0: 1 0x00000000800048f0 (0x40185793) x15 0x0000000000000000
core   0: 0x00000000800048f4 (0xc209fb53) fcvt.w.d s6, fs3
core   0: 1 0x00000000800048f4 (0xc209fb53) c1_fflags 0x0000000000000010 x22 0x000000007fffffff
core   0: 0x00000000800048f8 (0x002e1e73) csrrw   t3, frm, t3
core   0: 1 0x00000000800048f8 (0x002e1e73) x28 0x0000000000000000 c2_frm 0x0000000000000000
core   0: 0x00000000800048fc (0xaba47acf) fnmadd.d fs5, fs0, fs10, fs5
core   0: 1 0x00000000800048fc (0xaba47acf) f21 0x7ff8000000000000
core   0: 0x0000000080004900 (0x010507bb) addw    a5, a0, a6
core   0: 1 0x0000000080004900 (0x010507bb) x15 0x0000000000000000
core   0: 0x0000000080004904 (0x4ab07b37) lui     s6, 0x4ab07
core   0: 1 0x0000000080004904 (0x4ab07b37) x22 0x000000004ab07000
core   0: 0x0000000080004908 (0x2def7b97) auipc   s7, 0x2def7
core   0: 1 0x0000000080004908 (0x2def7b97) x23 0x00000000adefb908
core   0: 0x000000008000490c (0x0ff0000f) fence   iorw,iorw
core   0: 1 0x000000008000490c (0x0ff0000f)
core   0: 0x0000000080004910 (0xc23ffcd3) fcvt.lu.d s9, ft11
core   0: 1 0x0000000080004910 (0xc23ffcd3) c1_fflags 0x0000000000000010 x25 0xffffffffffffffff
core   0: 0x0000000080004914 (0x406a5abb) sraw    s5, s4, t1
core   0: 1 0x0000000080004914 (0x406a5abb) x21 0xffffffffffffffff
core   0: 0x0000000080004918 (0x415b023b) subw    tp, s6, s5
core   0: 1 0x0000000080004918 (0x415b023b) x4  0x000000004ab07001
core   0: 0x000000008000491c (0xe20f8e53) fmv.x.d t3, ft11
core   0: 1 0x000000008000491c (0xe20f8e53) x28 0x7ff8000000000000
core   0: 0x0000000080004920 (0x9b39fc4f) fnmadd.d fs8, fs3, fs3, fs3
core   0: 1 0x0000000080004920 (0x9b39fc4f) f24 0x7ff8000000000000
core   0: 0x0000000080004924 (0x4019f3d3) fcvt.s.d ft7, fs3
core   0: 1 0x0000000080004924 (0x4019f3d3) f7  0xffffffff7fc00000
core   0: 0x0000000080004928 (0x0011da9b) srliw   s5, gp, 1
core   0: 1 0x0000000080004928 (0x0011da9b) x21 0x000000007ffffc08
core   0: 0x000000008000492c (0xa35084d3) fle.d   s1, ft1, fs5
core   0: 1 0x000000008000492c (0xa35084d3) c1_fflags 0x0000000000000010 x9  0x0000000000000000
core   0: 0x0000000080004930 (0x00046033) or      zero, s0, zero
core   0: 1 0x0000000080004930 (0x00046033)
core   0: 0x0000000080004934 (0x4018f8d3) fcvt.s.d fa7, fa7
core   0: 1 0x0000000080004934 (0x4018f8d3) c1_fflags 0x0000000000000011 f17 0xffffffff4cfffffe
core   0: 0x0000000080004938 (0xc206fb53) fcvt.w.d s6, fa3
core   0: 1 0x0000000080004938 (0xc206fb53) c1_fflags 0x0000000000000011 x22 0x000000007fffffff
core   0: 0x000000008000493c (0xc028f7d3) fcvt.l.s a5, fa7
core   0: 1 0x000000008000493c (0xc028f7d3) x15 0x0000000007fffff0
core   0: 0x0000000080004940 (0x010875b3) and     a1, a6, a6
core   0: 1 0x0000000080004940 (0x010875b3) x11 0x0000000000000000
core   0: 0x0000000080004944 (0x43fad013) srai    zero, s5, 63
core   0: 1 0x0000000080004944 (0x43fad013)
core   0: 0x0000000080004948 (0xcbfa7443) fmadd.d fs0, fs4, ft11, fs9
core   0: 1 0x0000000080004948 (0xcbfa7443) f8  0x7ff8000000000000
core   0: 0x000000008000494c (0x018793bb) sllw    t2, a5, s8
core   0: 1 0x000000008000494c (0x018793bb) x7  0xfffffffffffffc00
core   0: 0x0000000080004950 (0x005e64b3) or      s1, t3, t0
core   0: 1 0x0000000080004950 (0x005e64b3) x9  0x7ff8000000000a79
core   0: 0x0000000080004954 (0x412a5733) sra     a4, s4, s2
core   0: 1 0x0000000080004954 (0x412a5733) x14 0xffffffffffffffff
core   0: 0x0000000080004958 (0x05057b37) lui     s6, 0x5057
core   0: 1 0x0000000080004958 (0x05057b37) x22 0x0000000005057000
core   0: 0x000000008000495c (0x4e3b0b1b) addiw   s6, s6, 1251
core   0: 1 0x000000008000495c (0x4e3b0b1b) x22 0x00000000050574e3
core   0: 0x0000000080004960 (0x00000b32) c.slli  s6, 12
core   0: 1 0x0000000080004960 (0x0b32) x22 0x00000050574e3000
core   0: 0x0000000080004962 (0x9ceb0b13) addi    s6, s6, -1586
core   0: 1 0x0000000080004962 (0x9ceb0b13) x22 0x00000050574e29ce
core   0: 0x0000000080004966 (0x01c4a4b3) slt     s1, s1, t3
core   0: 1 0x0000000080004966 (0x01c4a4b3) x9  0x0000000000000000
core   0: 0x000000008000496a (0x09bef193) andi    gp, t4, 155
core   0: 1 0x000000008000496a (0x09bef193) x3  0x0000000000000090
core   0: 0x000000008000496e (0x2b5a8653) fmin.d  fa2, fs5, fs5
core   0: 1 0x000000008000496e (0x2b5a8653) f12 0x7ff8000000000000
core   0: 0x0000000080004972 (0x005a43b7) lui     t2, 0x5a4
core   0: 1 0x0000000080004972 (0x005a43b7) x7  0x00000000005a4000
core   0: 0x0000000080004976 (0x17f3839b) addiw   t2, t2, 383
core   0: 1 0x0000000080004976 (0x17f3839b) x7  0x00000000005a417f
core   0: 0x000000008000497a (0x000003b6) c.slli  t2, 13
core   0: 1 0x000000008000497a (0x03b6) x7  0x0000000b482fe000
core   0: 0x000000008000497c (0xf8938393) addi    t2, t2, -119
core   0: 1 0x000000008000497c (0xf8938393) x7  0x0000000b482fdf89
core   0: 0x0000000080004980 (0x0205e8b3) rem     a7, a1, zero
core   0: 1 0x0000000080004980 (0x0205e8b3) x17 0x0000000000000000
core   0: 0x0000000080004984 (0x02f53737) lui     a4, 0x2f53
core   0: 1 0x0000000080004984 (0x02f53737) x14 0x0000000002f53000
core   0: 0x0000000080004988 (0xd297071b) addiw   a4, a4, -727
core   0: 1 0x0000000080004988 (0xd297071b) x14 0x0000000002f52d29
core   0: 0x000000008000498c (0x00000736) c.slli  a4, 13
core   0: 1 0x000000008000498c (0x0736) x14 0x0000005ea5a52000
core   0: 0x000000008000498e (0xf1870713) addi    a4, a4, -232
core   0: 1 0x000000008000498e (0xf1870713) x14 0x0000005ea5a51f18
core   0: 0x0000000080004992 (0x00ec9a9b) slliw   s5, s9, 14
core   0: 1 0x0000000080004992 (0x00ec9a9b) x21 0xffffffffffffc000
core   0: 0x0000000080004996 (0x00102df3) csrrs   s11, fflags, zero
core   0: 1 0x0000000080004996 (0x00102df3) x27 0x0000000000000011
core   0: 0x000000008000499a (0x221911d3) fsgnjn.d ft3, fs2, ft1
core   0: 1 0x000000008000499a (0x221911d3) f3  0xc1cb1bce58000000
core   0: 0x000000008000499e (0x02ec5733) divu    a4, s8, a4
core   0: 1 0x000000008000499e (0x02ec5733) x14 0x0000000000000000
core   0: 0x00000000800049a2 (0x006a9abb) sllw    s5, s5, t1
core   0: 1 0x00000000800049a2 (0x006a9abb) x21 0xffffffffffffc000
core   0: 0x00000000800049a6 (0xc209fa53) fcvt.w.d s4, fs3
core   0: 1 0x00000000800049a6 (0xc209fa53) c1_fflags 0x0000000000000011 x20 0x000000007fffffff
core   0: 0x00000000800049aa (0xfffd061b) addiw   a2, s10, -1
core   0: 1 0x00000000800049aa (0xfffd061b) x12 0xffffffffffffffff
core   0: 0x00000000800049ae (0xf20880d3) fmv.d.x ft1, a7
core   0: 1 0x00000000800049ae (0xf20880d3) f1  0x0000000000000000
core   0: 0x00000000800049b2 (0x92d8f013) andi    zero, a7, -1747
core   0: 1 0x00000000800049b2 (0x92d8f013)
core   0: 0x00000000800049b6 (0xc220fcd3) fcvt.l.d s9, ft1
core   0: 1 0x00000000800049b6 (0xc220fcd3) x25 0x0000000000000000
core   0: 0x00000000800049ba (0x03dd4d33) div     s10, s10, t4
core   0: 1 0x00000000800049ba (0x03dd4d33) x26 0x0000000000000000
core   0: 0x00000000800049be (0x00e7919b) slliw   gp, a5, 14
core   0: 1 0x00000000800049be (0x00e7919b) x3  0xfffffffffffc0000
core   0: 0x00000000800049c2 (0x22992b53) fsgnjx.d fs6, fs2, fs1
core   0: 1 0x00000000800049c2 (0x22992b53) f22 0x41cb1bce58000000
core   0: 0x00000000800049c6 (0xd22d74d3) fcvt.d.l fs1, s10
core   0: 1 0x00000000800049c6 (0xd22d74d3) f9  0x0000000000000000
core   0: 0x00000000800049ca (0x01dc07b3) add     a5, s8, t4
core   0: 1 0x00000000800049ca (0x01dc07b3) x15 0x000000000e3dcd36
core   0: 0x00000000800049ce (0x028cdcbb) divuw   s9, s9, s0
core   0: 1 0x00000000800049ce (0x028cdcbb) x25 0x0000000000000000
core   0: 0x00000000800049d2 (0x89e87513) andi    a0, a6, -1890
core   0: 1 0x00000000800049d2 (0x89e87513) x10 0x0000000000000000
core   0: 0x00000000800049d6 (0x01f41d9b) slliw   s11, s0, 31
core   0: 1 0x00000000800049d6 (0x01f41d9b) x27 0x0000000000000000
core   0: 0x00000000800049da (0x01b681bb) addw    gp, a3, s11
core   0: 1 0x00000000800049da (0x01b681bb) x3  0x0000000071c29370
core   0: 0x00000000800049de (0x8421fd13) andi    s10, gp, -1982
core   0: 1 0x00000000800049de (0x8421fd13) x26 0x0000000071c29040
core   0: 0x00000000800049e2 (0x31a063f3) csrrsi  t2, menvcfgh, 0
core   0: exception trap_illegal_instruction, epc 0x00000000800049e2
core   0:           tval 0x0000000031a063f3
core   0: >>>>  $xrv64i2p1_m2p0_a2p1_f2p2_d2p2_zicsr2p0_zifencei2p0_zmmul1p0_zba1p0_zbb1p0_zbc1p0_zbs1p0
core   0: 0x0000000080004000 (0x0080006f) j       pc + 0x8
core   0: 3 0x0000000080004000 (0x0080006f)
core   0: >>>>  mmode_exception_handler
core   0: 0x0000000080004008 (0x00002c17) auipc   s8, 0x2
core   0: 3 0x0000000080004008 (0x00002c17) x24 0x0000000080006008
core   0: 0x000000008000400c (0x09ec0c13) addi    s8, s8, 158
core   0: 3 0x000000008000400c (0x09ec0c13) x24 0x00000000800060a6
core   0: 0x0000000080004010 (0x000c00e7) jalr    s8
core   0: 3 0x0000000080004010 (0x000c00e7) x1  0x0000000080004014
core   0: >>>>  any_handler
core   0: 0x00000000800060a6 (0x341027f3) csrrs   a5, mepc, zero
core   0: 3 0x00000000800060a6 (0x341027f3) x15 0x00000000800049e2
core   0: 0x00000000800060aa (0x34202773) csrrs   a4, mcause, zero
core   0: 3 0x00000000800060aa (0x34202773) x14 0x0000000000000002
core   0: 0x00000000800060ae (0x142026f3) csrrs   a3, scause, zero
core   0: 3 0x00000000800060ae (0x142026f3) x13 0x0000000000000000
core   0: 0x00000000800060b2 (0x30402673) csrrs   a2, mie, zero
core   0: 3 0x00000000800060b2 (0x30402673) x12 0x0000000000000a00
core   0: 0x00000000800060b6 (0x344025f3) csrrs   a1, mip, zero
core   0: 3 0x00000000800060b6 (0x344025f3) x11 0x0000000000000080
core   0: 0x00000000800060ba (0x343025f3) csrrs   a1, mtval, zero
core   0: 3 0x00000000800060ba (0x343025f3) x11 0x0000000031a063f3
core   0: 0x00000000800060be (0x14302573) csrrs   a0, stval, zero
core   0: 3 0x00000000800060be (0x14302573) x10 0x0000000000000000
core   0: 0x00000000800060c2 (0xb02024f3) csrrs   s1, minstret, zero
core   0: 3 0x00000000800060c2 (0xb02024f3) x9  0x0000000000000adc
core   0: 0x00000000800060c6 (0x0000a811) c.j     pc + 20
core   0: 3 0x00000000800060c6 (0xa811)
core   0: >>>>  mepc_4
core   0: 0x00000000800060da (0x00000791) c.addi  a5, 4
core   0: 3 0x00000000800060da (0x0791) x15 0x00000000800049e6
core   0: 0x00000000800060dc (0x34179073) csrrw   zero, mepc, a5
core   0: 3 0x00000000800060dc (0x34179073) c833_mepc 0x00000000800049e6
core   0: 0x00000000800060e0 (0x30200073) mret
core   0: 3 0x00000000800060e0 (0x30200073) c768_mstatus 0x8000000a00106080
core   0: 0x00000000800049e6 (0x4078573b) sraw    a4, a6, t2
core   0: 1 0x00000000800049e6 (0x4078573b) x14 0x0000000000000000
core   0: 0x00000000800049ea (0x00000001) c.nop
core   0: 1 0x00000000800049ea (0x0001)
core   0: 0x00000000800049ec (0x00cb9513) slli    a0, s7, 12
core   0: 1 0x00000000800049ec (0x00cb9513) x10 0x00000adefb908000
core   0: 0x00000000800049f0 (0x6d134d97) auipc   s11, 0x6d134
core   0: 1 0x00000000800049f0 (0x6d134d97) x27 0x00000000ed1389f0
core   0: 0x00000000800049f4 (0xc224fcd3) fcvt.l.d s9, fs1
core   0: 1 0x00000000800049f4 (0xc224fcd3) x25 0x0000000000000000
core   0: 0x00000000800049f8 (0x800b8393) addi    t2, s7, -2048
core   0: 1 0x00000000800049f8 (0x800b8393) x7  0x00000000adefb108
core   0: 0x00000000800049fc (0x019781b3) add     gp, a5, s9
core   0: 1 0x00000000800049fc (0x019781b3) x3  0x00000000800049e6
core   0: 0x0000000080004a00 (0xc217fed3) fcvt.wu.d t4, fa5
core   0: 1 0x0000000080004a00 (0xc217fed3) c1_fflags 0x0000000000000011 x29 0xffffffffffffffff
core   0: 0x0000000080004a04 (0x4b48f4cf) fnmadd.d fs1, fa7, fs4, fs1
core   0: 1 0x0000000080004a04 (0x4b48f4cf) f9  0x7ff8000000000000
core   0: 0x0000000080004a08 (0x853c829b) addiw   t0, s9, -1965
core   0: 1 0x0000000080004a08 (0x853c829b) x5  0xfffffffffffff853
core   0: 0x0000000080004a0c (0x001022f3) csrrs   t0, fflags, zero
core   0: 1 0x0000000080004a0c (0x001022f3) x5  0x0000000000000011
core   0: 0x0000000080004a10 (0x1b13734b) fnmsub.d ft6, ft6, fa7, ft3
core   0: 1 0x0000000080004a10 (0x1b13734b) f6  0x7ff8000000000000
core   0: 0x0000000080004a14 (0xd22770d3) fcvt.d.l ft1, a4
core   0: 1 0x0000000080004a14 (0xd22770d3) f1  0x0000000000000000
core   0: 0x0000000080004a18 (0xfc2ee9b7) lui     s3, 0xfc2ee
core   0: 1 0x0000000080004a18 (0xfc2ee9b7) x19 0xfffffffffc2ee000
core   0: 0x0000000080004a1c (0x1e79899b) addiw   s3, s3, 487
core   0: 1 0x0000000080004a1c (0x1e79899b) x19 0xfffffffffc2ee1e7
core   0: 0x0000000080004a20 (0x000009b2) c.slli  s3, 12
core   0: 1 0x0000000080004a20 (0x09b2) x19 0xffffffc2ee1e7000
core   0: 0x0000000080004a22 (0x7d198993) addi    s3, s3, 2001
core   0: 1 0x0000000080004a22 (0x7d198993) x19 0xffffffc2ee1e77d1
core   0: 0x0000000080004a26 (0xd222f2d3) fcvt.d.l ft5, t0
core   0: 1 0x0000000080004a26 (0xd222f2d3) f5  0x4031000000000000
core   0: 0x0000000080004a2a (0xf0497a93) andi    s5, s2, -252
core   0: 1 0x0000000080004a2a (0xf0497a93) x21 0xfffffffffffffe00
core   0: 0x0000000080004a2e (0xda10fac3) fmadd.d fs5, ft1, ft1, fs11
core   0: 1 0x0000000080004a2e (0xda10fac3) f21 0x7ff8000000000000
core   0: 0x0000000080004a32 (0xe20489d3) fmv.x.d s3, fs1
core   0: 1 0x0000000080004a32 (0xe20489d3) x19 0x7ff8000000000000
core   0: 0x0000000080004a36 (0x00000001) c.nop
core   0: 1 0x0000000080004a36 (0x0001)
core   0: 0x0000000080004a38 (0xaaa0f1cf) fnmadd.d ft3, ft1, fa0, fs5
core   0: 1 0x0000000080004a38 (0xaaa0f1cf) f3  0x7ff8000000000000
core   0: 0x0000000080004a3c (0x01a5159b) slliw   a1, a0, 26
core   0: 1 0x0000000080004a3c (0x01a5159b) x11 0x0000000000000000
core   0: 0x0000000080004a40 (0x034b063b) mulw    a2, s6, s4
core   0: 1 0x0000000080004a40 (0x034b063b) x12 0xffffffffa8b1d632
core   0: 0x0000000080004a44 (0x02ce4e33) div     t3, t3, a2
core   0: 1 0x0000000080004a44 (0x02ce4e33) x28 0xfffffffe88c3e161
core   0: 0x0000000080004a48 (0xedf44517) auipc   a0, 0xedf44
core   0: 1 0x0000000080004a48 (0xedf44517) x10 0x000000006df48a48
core   0: 0x0000000080004a4c (0x7475e6f3) csrrsi  a3, mseccfg, 11
core   0: exception trap_illegal_instruction, epc 0x0000000080004a4c
core   0:           tval 0x000000007475e6f3
core   0: >>>>  $xrv64i2p1_m2p0_a2p1_f2p2_d2p2_zicsr2p0_zifencei2p0_zmmul1p0_zba1p0_zbb1p0_zbc1p0_zbs1p0
core   0: 0x0000000080004000 (0x0080006f) j       pc + 0x8
core   0: 3 0x0000000080004000 (0x0080006f)
core   0: >>>>  mmode_exception_handler
core   0: 0x0000000080004008 (0x00002c17) auipc   s8, 0x2
core   0: 3 0x0000000080004008 (0x00002c17) x24 0x0000000080006008
core   0: 0x000000008000400c (0x09ec0c13) addi    s8, s8, 158
core   0: 3 0x000000008000400c (0x09ec0c13) x24 0x00000000800060a6
core   0: 0x0000000080004010 (0x000c00e7) jalr    s8
core   0: 3 0x0000000080004010 (0x000c00e7) x1  0x0000000080004014
core   0: >>>>  any_handler
core   0: 0x00000000800060a6 (0x341027f3) csrrs   a5, mepc, zero
core   0: 3 0x00000000800060a6 (0x341027f3) x15 0x0000000080004a4c
core   0: 0x00000000800060aa (0x34202773) csrrs   a4, mcause, zero
core   0: 3 0x00000000800060aa (0x34202773) x14 0x0000000000000002
core   0: 0x00000000800060ae (0x142026f3) csrrs   a3, scause, zero
core   0: 3 0x00000000800060ae (0x142026f3) x13 0x0000000000000000
core   0: 0x00000000800060b2 (0x30402673) csrrs   a2, mie, zero
core   0: 3 0x00000000800060b2 (0x30402673) x12 0x0000000000000a00
core   0: 0x00000000800060b6 (0x344025f3) csrrs   a1, mip, zero
core   0: 3 0x00000000800060b6 (0x344025f3) x11 0x0000000000000080
core   0: 0x00000000800060ba (0x343025f3) csrrs   a1, mtval, zero
core   0: 3 0x00000000800060ba (0x343025f3) x11 0x000000007475e6f3
core   0: 0x00000000800060be (0x14302573) csrrs   a0, stval, zero
core   0: 3 0x00000000800060be (0x14302573) x10 0x0000000000000000
core   0: 0x00000000800060c2 (0xb02024f3) csrrs   s1, minstret, zero
core   0: 3 0x00000000800060c2 (0xb02024f3) x9  0x0000000000000b07
core   0: 0x00000000800060c6 (0x0000a811) c.j     pc + 20
core   0: 3 0x00000000800060c6 (0xa811)
core   0: >>>>  mepc_4
core   0: 0x00000000800060da (0x00000791) c.addi  a5, 4
core   0: 3 0x00000000800060da (0x0791) x15 0x0000000080004a50
core   0: 0x00000000800060dc (0x34179073) csrrw   zero, mepc, a5
core   0: 3 0x00000000800060dc (0x34179073) c833_mepc 0x0000000080004a50
core   0: 0x00000000800060e0 (0x30200073) mret
core   0: 3 0x00000000800060e0 (0x30200073) c768_mstatus 0x8000000a00106080
core   0: 0x0000000080004a50 (0x539572c3) fmadd.d ft5, fa0, fs9, fa0
core   0: 1 0x0000000080004a50 (0x539572c3) f5  0x7ff8000000000000
core   0: 0x0000000080004a54 (0x00cce1b7) lui     gp, 0xcce
core   0: 1 0x0000000080004a54 (0x00cce1b7) x3  0x0000000000cce000
core   0: 0x0000000080004a58 (0x04b1819b) addiw   gp, gp, 75
core   0: 1 0x0000000080004a58 (0x04b1819b) x3  0x0000000000cce04b
core   0: 0x0000000080004a5c (0x000001be) c.slli  gp, 15
core   0: 1 0x0000000080004a5c (0x01be) x3  0x0000006670258000
core   0: 0x0000000080004a5e (0xa4a18193) addi    gp, gp, -1462
core   0: 1 0x0000000080004a5e (0xa4a18193) x3  0x0000006670257a4a
core   0: 0x0000000080004a62 (0x41d68ebb) subw    t4, a3, t4
core   0: 1 0x0000000080004a62 (0x41d68ebb) x29 0x0000000000000001
core   0: 0x0000000080004a66 (0xd2267b53) fcvt.d.l fs6, a2
core   0: 1 0x0000000080004a66 (0xd2267b53) f22 0x40a4000000000000
core   0: 0x0000000080004a6a (0x00d51533) sll     a0, a0, a3
core   0: 1 0x0000000080004a6a (0x00d51533) x10 0x0000000000000000
core   0: 0x0000000080004a6e (0x0ff0000f) fence   iorw,iorw
core   0: 1 0x0000000080004a6e (0x0ff0000f)
core   0: 0x0000000080004a72 (0x0017f093) andi    ra, a5, 1
core   0: 1 0x0000000080004a72 (0x0017f093) x1  0x0000000000000000
core   0: 0x0000000080004a76 (0x02f7d33b) divuw   t1, a5, a5
core   0: 1 0x0000000080004a76 (0x02f7d33b) x6  0x0000000000000001
core   0: 0x0000000080004a7a (0x00000001) c.nop
core   0: 1 0x0000000080004a7a (0x0001)
core   0: 0x0000000080004a7c (0x00883833) sltu    a6, a6, s0
core   0: 1 0x0000000080004a7c (0x00883833) x16 0x0000000000000001
core   0: 0x0000000080004a80 (0x00000001) c.nop
core   0: 1 0x0000000080004a80 (0x0001)
core   0: 0x0000000080004a82 (0x00aa1e33) sll     t3, s4, a0
core   0: 1 0x0000000080004a82 (0x00aa1e33) x28 0x000000007fffffff
core   0: 0x0000000080004a86 (0x415e5b33) sra     s6, t3, s5
core   0: 1 0x0000000080004a86 (0x415e5b33) x22 0x000000007fffffff
core   0: 0x0000000080004a8a (0x4164853b) subw    a0, s1, s6
core   0: 1 0x0000000080004a8a (0x4164853b) x10 0xffffffff80000b08
core   0: 0x0000000080004a8e (0x016c1ebb) sllw    t4, s8, s6
core   0: 1 0x0000000080004a8e (0x016c1ebb) x29 0x0000000000000000
core   0: 0x0000000080004a92 (0x001718f3) csrrw   a7, fflags, a4
core   0: 1 0x0000000080004a92 (0x001718f3) x17 0x0000000000000011 c1_fflags 0x0000000000000002
core   0: 0x0000000080004a96 (0x0006e3b3) or      t2, a3, zero
core   0: 1 0x0000000080004a96 (0x0006e3b3) x7  0x0000000000000000
core   0: 0x0000000080004a9a (0x0083d433) srl     s0, t2, s0
core   0: 1 0x0000000080004a9a (0x0083d433) x8  0x0000000000000000
core   0: 0x0000000080004a9e (0xc21f7b53) fcvt.wu.d s6, ft10
core   0: 1 0x0000000080004a9e (0xc21f7b53) x22 0x0000000000000000
core   0: 0x0000000080004aa2 (0x036d9eb3) mulh    t4, s11, s6
core   0: 1 0x0000000080004aa2 (0x036d9eb3) x29 0x0000000000000000
core   0: 0x0000000080004aa6 (0x00def6b3) and     a3, t4, a3
core   0: 1 0x0000000080004aa6 (0x00def6b3) x13 0x0000000000000000
core   0: 0x0000000080004aaa (0x01db50bb) srlw    ra, s6, t4
core   0: 1 0x0000000080004aaa (0x01db50bb) x1  0x0000000000000000
core   0: 0x0000000080004aae (0x401a8d33) sub     s10, s5, ra
core   0: 1 0x0000000080004aae (0x401a8d33) x26 0xfffffffffffffe00
core   0: 0x0000000080004ab2 (0x0000de93) srli    t4, ra, 0
core   0: 1 0x0000000080004ab2 (0x0000de93) x29 0x0000000000000000
core   0: 0x0000000080004ab6 (0x00e42b33) slt     s6, s0, a4
core   0: 1 0x0000000080004ab6 (0x00e42b33) x22 0x0000000000000001
core   0: 0x0000000080004aba (0x01ab1bbb) sllw    s7, s6, s10
core   0: 1 0x0000000080004aba (0x01ab1bbb) x23 0x0000000000000001
core   0: 0x0000000080004abe (0x03a429b3) mulhsu  s3, s0, s10
core   0: 1 0x0000000080004abe (0x03a429b3) x19 0x0000000000000000
core   0: 0x0000000080004ac2 (0x401375d3) fcvt.s.d fa1, ft6
core   0: 1 0x0000000080004ac2 (0x401375d3) f11 0xffffffff7fc00000
core   0: 0x0000000080004ac6 (0x01c39a33) sll     s4, t2, t3
core   0: 1 0x0000000080004ac6 (0x01c39a33) x20 0x0000000000000000
core   0: 0x0000000080004aca (0x401b7c53) fcvt.s.d fs8, fs6
core   0: 1 0x0000000080004aca (0x401b7c53) f24 0xffffffff45200000
core   0: 0x0000000080004ace (0xc201f8d3) fcvt.w.d a7, ft3
core   0: 1 0x0000000080004ace (0xc201f8d3) c1_fflags 0x0000000000000012 x17 0x000000007fffffff
core   0: 0x0000000080004ad2 (0x00000001) c.nop
core   0: 1 0x0000000080004ad2 (0x0001)
core   0: 0x0000000080004ad4 (0x027982b3) mul     t0, s3, t2
core   0: 1 0x0000000080004ad4 (0x027982b3) x5  0x0000000000000000
core   0: 0x0000000080004ad8 (0x0072893b) addw    s2, t0, t2
core   0: 1 0x0000000080004ad8 (0x0072893b) x18 0x0000000000000000
core   0: 0x0000000080004adc (0x0017d213) srli    tp, a5, 1
core   0: 1 0x0000000080004adc (0x0017d213) x4  0x0000000040002528
core   0: 0x0000000080004ae0 (0x1b30fdd3) fdiv.d  fs11, ft1, fs3
core   0: 1 0x0000000080004ae0 (0x1b30fdd3) f27 0x7ff8000000000000
core   0: 0x0000000080004ae4 (0xf9b73d93) sltiu   s11, a4, -101
core   0: 1 0x0000000080004ae4 (0xf9b73d93) x27 0x0000000000000001
core   0: 0x0000000080004ae8 (0x00089893) slli    a7, a7, 0
core   0: 1 0x0000000080004ae8 (0x00089893) x17 0x000000007fffffff
core   0: 0x0000000080004aec (0xd227f053) fcvt.d.l ft0, a5
core   0: 1 0x0000000080004aec (0xd227f053) f0  0x41e000094a000000
core   0: 0x0000000080004af0 (0x01139d3b) sllw    s10, t2, a7
core   0: 1 0x0000000080004af0 (0x01139d3b) x26 0x0000000000000000
core   0: 0x0000000080004af4 (0xd038f6d3) fcvt.s.lu fa3, a7
core   0: 1 0x0000000080004af4 (0xd038f6d3) c1_fflags 0x0000000000000013 f13 0xffffffff4f000000
core   0: 0x0000000080004af8 (0x01a11dbb) sllw    s11, sp, s10
core   0: 1 0x0000000080004af8 (0x01a11dbb) x27 0x0000000000000013
core   0: 0x0000000080004afc (0x141d9373) csrrw   t1, sepc, s11
core   0: 1 0x0000000080004afc (0x141d9373) x6  0x0000000000000000 c321_sepc 0x0000000000000012
core   0: 0x0000000080004b00 (0xca3cf04f) fnmadd.d ft0, fs9, ft3, fs9
core   0: 1 0x0000000080004b00 (0xca3cf04f) f0  0x7ff8000000000000
core   0: 0x0000000080004b04 (0x00f9f7b3) and     a5, s3, a5
core   0: 1 0x0000000080004b04 (0x00f9f7b3) x15 0x0000000000000000
core   0: 0x0000000080004b08 (0x4e657613) andi    a2, a0, 1254
core   0: 1 0x0000000080004b08 (0x4e657613) x12 0x0000000000000000
core   0: 0x0000000080004b0c (0x03460a3b) mulw    s4, a2, s4
core   0: 1 0x0000000080004b0c (0x03460a3b) x20 0x0000000000000000
core   0: 0x0000000080004b10 (0x01bb5db3) srl     s11, s6, s11
core   0: 1 0x0000000080004b10 (0x01bb5db3) x27 0x0000000000000000
core   0: 0x0000000080004b14 (0xc20b70d3) fcvt.w.d ra, fs6
core   0: 1 0x0000000080004b14 (0xc20b70d3) x1  0x0000000000000a00
core   0: 0x0000000080004b18 (0xf20b0253) fmv.d.x ft4, s6
core   0: 1 0x0000000080004b18 (0xf20b0253) f4  0x0000000000000001
core   0: 0x0000000080004b1c (0x93b373cf) fnmadd.d ft7, ft6, fs11, fs2
core   0: 1 0x0000000080004b1c (0x93b373cf) f7  0x7ff8000000000000
core   0: 0x0000000080004b20 (0xc2237253) fcvt.l.d tp, ft6
core   0: 1 0x0000000080004b20 (0xc2237253) c1_fflags 0x0000000000000013 x4  0x7fffffffffffffff
core   0: 0x0000000080004b24 (0x13a176d3) fmul.d  fa3, ft2, fs10
core   0: 1 0x0000000080004b24 (0x13a176d3) f13 0x7ff8000000000000
core   0: 0x0000000080004b28 (0x144169f3) csrrsi  s3, sip, 2
core   0: 1 0x0000000080004b28 (0x144169f3) x19 0x0000000000000000 c836_mip 0x0000000000000080
core   0: 0x0000000080004b2c (0x007e0cb3) add     s9, t3, t2
core   0: 1 0x0000000080004b2c (0x007e0cb3) x25 0x000000007fffffff
core   0: 0x0000000080004b30 (0x02379a33) mulh    s4, a5, gp
core   0: 1 0x0000000080004b30 (0x02379a33) x20 0x0000000000000000
core   0: 0x0000000080004b34 (0x5a0bfbd3) fsqrt.d fs7, fs7
core   0: 1 0x0000000080004b34 (0x5a0bfbd3) c1_fflags 0x0000000000000013 f23 0x4120d6692494c221
core   0: 0x0000000080004b38 (0x00a68eb7) lui     t4, 0xa68
core   0: 1 0x0000000080004b38 (0x00a68eb7) x29 0x0000000000a68000
core   0: 0x0000000080004b3c (0x543e8e9b) addiw   t4, t4, 1347
core   0: 1 0x0000000080004b3c (0x543e8e9b) x29 0x0000000000a68543
core   0: 0x0000000080004b40 (0x00000eb6) c.slli  t4, 13
core   0: 1 0x0000000080004b40 (0x0eb6) x29 0x00000014d0a86000
core   0: 0x0000000080004b42 (0x75be8e93) addi    t4, t4, 1883
core   0: 1 0x0000000080004b42 (0x75be8e93) x29 0x00000014d0a8675b
core   0: 0x0000000080004b46 (0x01dd55bb) srlw    a1, s10, t4
core   0: 1 0x0000000080004b46 (0x01dd55bb) x11 0x0000000000000000
core   0: 0x0000000080004b4a (0x02207053) fadd.d  ft0, ft0, ft2
core   0: 1 0x0000000080004b4a (0x02207053) f0  0x7ff8000000000000
core   0: 0x0000000080004b4e (0x031ed1b3) divu    gp, t4, a7
core   0: 1 0x0000000080004b4e (0x031ed1b3) x3  0x0000000000000029
core   0: 0x0000000080004b52 (0x0015989b) slliw   a7, a1, 1
core   0: 1 0x0000000080004b52 (0x0015989b) x17 0x0000000000000000
core   0: 0x0000000080004b56 (0x00420dbb) addw    s11, tp, tp
core   0: 1 0x0000000080004b56 (0x00420dbb) x27 0xfffffffffffffffe
core   0: 0x0000000080004b5a (0xbc546993) ori     s3, s0, -1083
core   0: 1 0x0000000080004b5a (0xbc546993) x19 0xfffffffffffffbc5
core   0: 0x0000000080004b5e (0x01f9d71b) srliw   a4, s3, 31
core   0: 1 0x0000000080004b5e (0x01f9d71b) x14 0x0000000000000001
core   0: 0x0000000080004b62 (0xff8a46b7) lui     a3, 0xff8a4
core   0: 1 0x0000000080004b62 (0xff8a46b7) x13 0xffffffffff8a4000
core   0: 0x0000000080004b66 (0x1db6869b) addiw   a3, a3, 475
core   0: 1 0x0000000080004b66 (0x1db6869b) x13 0xffffffffff8a41db
core   0: 0x0000000080004b6a (0x000006be) c.slli  a3, 15
core   0: 1 0x0000000080004b6a (0x06be) x13 0xffffffc520ed8000
core   0: 0x0000000080004b6c (0xeaf68693) addi    a3, a3, -337
core   0: 1 0x0000000080004b6c (0xeaf68693) x13 0xffffffc520ed7eaf
core   0: 0x0000000080004b70 (0x230f1f53) fsgnjn.d ft10, ft10, fa6
core   0: 1 0x0000000080004b70 (0x230f1f53) f30 0x8000000000000000
core   0: 0x0000000080004b74 (0x001788b3) add     a7, a5, ra
core   0: 1 0x0000000080004b74 (0x001788b3) x17 0x0000000000000a00
core   0: 0x0000000080004b78 (0x00986933) or      s2, a6, s1
core   0: 1 0x0000000080004b78 (0x00986933) x18 0x0000000000000b07
core   0: 0x0000000080004b7c (0x0006561b) srliw   a2, a2, 0
core   0: 1 0x0000000080004b7c (0x0006561b) x12 0x0000000000000000
core   0: 0x0000000080004b80 (0x0ff0000f) fence   iorw,iorw
core   0: 1 0x0000000080004b80 (0x0ff0000f)
core   0: 0x0000000080004b84 (0xc233f253) fcvt.lu.d tp, ft7
core   0: 1 0x0000000080004b84 (0xc233f253) c1_fflags 0x0000000000000013 x4  0xffffffffffffffff
core   0: 0x0000000080004b88 (0x00c4541b) srliw   s0, s0, 12
core   0: 1 0x0000000080004b88 (0x00c4541b) x8  0x0000000000000000
core   0: 0x0000000080004b8c (0x019a9a9b) slliw   s5, s5, 25
core   0: 1 0x0000000080004b8c (0x019a9a9b) x21 0x0000000000000000
core   0: 0x0000000080004b90 (0x00f35eb3) srl     t4, t1, a5
core   0: 1 0x0000000080004b90 (0x00f35eb3) x29 0x0000000000000000
core   0: 0x0000000080004b94 (0xf3af5717) auipc   a4, 0xf3af5
core   0: 1 0x0000000080004b94 (0xf3af5717) x14 0x0000000073af9b94
core   0: 0x0000000080004b98 (0x03de76bb) remuw   a3, t3, t4
core   0: 1 0x0000000080004b98 (0x03de76bb) x13 0x000000007fffffff
core   0: 0x0000000080004b9c (0x03dcd013) srli    zero, s9, 61
core   0: 1 0x0000000080004b9c (0x03dcd013)
core   0: 0x0000000080004ba0 (0x0ace7653) fsub.d  fa2, ft8, fa2
core   0: 1 0x0000000080004ba0 (0x0ace7653) f12 0x7ff8000000000000
core   0: 0x0000000080004ba4 (0x2a951453) fmax.d  fs0, fa0, fs1
core   0: 1 0x0000000080004ba4 (0x2a951453) f8  0x7ff8000000000000
core   0: 0x0000000080004ba8 (0x00000001) c.nop
core   0: 1 0x0000000080004ba8 (0x0001)
core   0: 0x0000000080004baa (0x014a4ab3) xor     s5, s4, s4
core   0: 1 0x0000000080004baa (0x014a4ab3) x21 0x0000000000000000
core   0: 0x0000000080004bae (0x0142ec33) or      s8, t0, s4
core   0: 1 0x0000000080004bae (0x0142ec33) x24 0x0000000000000000
core   0: 0x0000000080004bb2 (0xff281737) lui     a4, 0xff281
core   0: 1 0x0000000080004bb2 (0xff281737) x14 0xffffffffff281000
core   0: 0x0000000080004bb6 (0x48b7071b) addiw   a4, a4, 1163
core   0: 1 0x0000000080004bb6 (0x48b7071b) x14 0xffffffffff28148b
core   0: 0x0000000080004bba (0x00000732) c.slli  a4, 12
core   0: 1 0x0000000080004bba (0x0732) x14 0xfffffff28148b000
core   0: 0x0000000080004bbc (0x85370713) addi    a4, a4, -1965
core   0: 1 0x0000000080004bbc (0x85370713) x14 0xfffffff28148a853
core   0: 0x0000000080004bc0 (0x5a0f7f53) fsqrt.d ft10, ft10
core   0: 1 0x0000000080004bc0 (0x5a0f7f53) f30 0x8000000000000000
core   0: 0x0000000080004bc4 (0x01ed1d1b) slliw   s10, s10, 30
core   0: 1 0x0000000080004bc4 (0x01ed1d1b) x26 0x0000000000000000
core   0: 0x0000000080004bc8 (0x0a18fbd3) fsub.d  fs7, fa7, ft1
core   0: 1 0x0000000080004bc8 (0x0a18fbd3) f23 0x7ff8000000000000
core   0: 0x0000000080004bcc (0x23589ed3) fsgnjn.d ft9, fa7, fs5
core   0: 1 0x0000000080004bcc (0x23589ed3) f29 0xffffffff4cfffffe
core   0: 0x0000000080004bd0 (0x02e70dbb) mulw    s11, a4, a4
core   0: 1 0x0000000080004bd0 (0x02e70dbb) x27 0xffffffffc35d0ae9
core   0: 0x0000000080004bd4 (0xd2377d53) fcvt.d.lu fs10, a4
core   0: 1 0x0000000080004bd4 (0xd2377d53) c1_fflags 0x0000000000000013 f26 0x43effffffe502915
core   0: 0x0000000080004bd8 (0x41c686bb) subw    a3, a3, t3
core   0: 1 0x0000000080004bd8 (0x41c686bb) x13 0x0000000000000000
core   0: 0x0000000080004bdc (0x40018833) sub     a6, gp, zero
core   0: 1 0x0000000080004bdc (0x40018833) x16 0x0000000000000029
core   0: 0x0000000080004be0 (0x00102a73) csrrs   s4, fflags, zero
core   0: 1 0x0000000080004be0 (0x00102a73) x20 0x0000000000000013
core   0: 0x0000000080004be4 (0xe20589d3) fmv.x.d s3, fa1
core   0: 1 0x0000000080004be4 (0xe20589d3) x19 0xffffffff7fc00000
core   0: 0x0000000080004be8 (0x00075733) srl     a4, a4, zero
core   0: 1 0x0000000080004be8 (0x00075733) x14 0xfffffff28148a853
core   0: 0x0000000080004bec (0x420e0e53) fcvt.d.s ft8, ft8
core   0: 1 0x0000000080004bec (0x420e0e53) f28 0x7ff8000000000000
core   0: 0x0000000080004bf0 (0x000e9e9b) slliw   t4, t4, 0
core   0: 1 0x0000000080004bf0 (0x000e9e9b) x29 0x0000000000000000
core   0: 0x0000000080004bf4 (0x01d9d793) srli    a5, s3, 29
core   0: 1 0x0000000080004bf4 (0x01d9d793) x15 0x00000007fffffffb
core   0: 0x0000000080004bf8 (0x5bc5f043) fmadd.d ft0, fa1, ft8, fa1
core   0: 1 0x0000000080004bf8 (0x5bc5f043) f0  0x7ff8000000000000
core   0: 0x0000000080004bfc (0x40e4ddb3) sra     s11, s1, a4
core   0: 1 0x0000000080004bfc (0x40e4ddb3) x27 0x0000000000000000
core   0: 0x0000000080004c00 (0x4000de13) srai    t3, ra, 0
core   0: 1 0x0000000080004c00 (0x4000de13) x28 0x0000000000000a00
core   0: 0x0000000080004c04 (0x01451a3b) sllw    s4, a0, s4
core   0: 1 0x0000000080004c04 (0x01451a3b) x20 0x0000000058400000
core   0: 0x0000000080004c08 (0x002e1bf3) csrrw   s7, frm, t3
core   0: 1 0x0000000080004c08 (0x002e1bf3) x23 0x0000000000000000 c2_frm 0x0000000000000000
core   0: 0x0000000080004c0c (0x417a58bb) sraw    a7, s4, s7
core   0: 1 0x0000000080004c0c (0x417a58bb) x17 0x0000000058400000
core   0: 0x0000000080004c10 (0x67808093) addi    ra, ra, 1656
core   0: 1 0x0000000080004c10 (0x67808093) x1  0x0000000000001078
core   0: 0x0000000080004c14 (0x014605bb) addw    a1, a2, s4
core   0: 1 0x0000000080004c14 (0x014605bb) x11 0x0000000058400000
core   0: 0x0000000080004c18 (0x037be63b) remw    a2, s7, s7
core   0: 1 0x0000000080004c18 (0x037be63b) x12 0x0000000000000000
core   0: 0x0000000080004c1c (0x01c5153b) sllw    a0, a0, t3
core   0: 1 0x0000000080004c1c (0x01c5153b) x10 0xffffffff80000b08
core   0: 0x0000000080004c20 (0x00202673) csrrs   a2, frm, zero
core   0: 1 0x0000000080004c20 (0x00202673) x12 0x0000000000000000
core   0: 0x0000000080004c24 (0x028a693b) remw    s2, s4, s0
core   0: 1 0x0000000080004c24 (0x028a693b) x18 0x0000000058400000
core   0: 0x0000000080004c28 (0xf14132f3) csrrc   t0, mhartid, sp
core   0: exception trap_illegal_instruction, epc 0x0000000080004c28
core   0:           tval 0x00000000f14132f3
core   0: >>>>  $xrv64i2p1_m2p0_a2p1_f2p2_d2p2_zicsr2p0_zifencei2p0_zmmul1p0_zba1p0_zbb1p0_zbc1p0_zbs1p0
core   0: 0x0000000080004000 (0x0080006f) j       pc + 0x8
core   0: 3 0x0000000080004000 (0x0080006f)
core   0: >>>>  mmode_exception_handler
core   0: 0x0000000080004008 (0x00002c17) auipc   s8, 0x2
core   0: 3 0x0000000080004008 (0x00002c17) x24 0x0000000080006008
core   0: 0x000000008000400c (0x09ec0c13) addi    s8, s8, 158
core   0: 3 0x000000008000400c (0x09ec0c13) x24 0x00000000800060a6
core   0: 0x0000000080004010 (0x000c00e7) jalr    s8
core   0: 3 0x0000000080004010 (0x000c00e7) x1  0x0000000080004014
core   0: >>>>  any_handler
core   0: 0x00000000800060a6 (0x341027f3) csrrs   a5, mepc, zero
core   0: 3 0x00000000800060a6 (0x341027f3) x15 0x0000000080004c28
core   0: 0x00000000800060aa (0x34202773) csrrs   a4, mcause, zero
core   0: 3 0x00000000800060aa (0x34202773) x14 0x0000000000000002
core   0: 0x00000000800060ae (0x142026f3) csrrs   a3, scause, zero
core   0: 3 0x00000000800060ae (0x142026f3) x13 0x0000000000000000
core   0: 0x00000000800060b2 (0x30402673) csrrs   a2, mie, zero
core   0: 3 0x00000000800060b2 (0x30402673) x12 0x0000000000000a00
core   0: 0x00000000800060b6 (0x344025f3) csrrs   a1, mip, zero
core   0: 3 0x00000000800060b6 (0x344025f3) x11 0x0000000000000080
core   0: 0x00000000800060ba (0x343025f3) csrrs   a1, mtval, zero
core   0: 3 0x00000000800060ba (0x343025f3) x11 0x00000000f14132f3
core   0: 0x00000000800060be (0x14302573) csrrs   a0, stval, zero
core   0: 3 0x00000000800060be (0x14302573) x10 0x0000000000000000
core   0: 0x00000000800060c2 (0xb02024f3) csrrs   s1, minstret, zero
core   0: 3 0x00000000800060c2 (0xb02024f3) x9  0x0000000000000b91
core   0: 0x00000000800060c6 (0x0000a811) c.j     pc + 20
core   0: 3 0x00000000800060c6 (0xa811)
core   0: >>>>  mepc_4
core   0: 0x00000000800060da (0x00000791) c.addi  a5, 4
core   0: 3 0x00000000800060da (0x0791) x15 0x0000000080004c2c
core   0: 0x00000000800060dc (0x34179073) csrrw   zero, mepc, a5
core   0: 3 0x00000000800060dc (0x34179073) c833_mepc 0x0000000080004c2c
core   0: 0x00000000800060e0 (0x30200073) mret
core   0: 3 0x00000000800060e0 (0x30200073) c768_mstatus 0x8000000a00106080
core   0: 0x0000000080004c2c (0x03f45493) srli    s1, s0, 63
core   0: 1 0x0000000080004c2c (0x03f45493) x9  0x0000000000000000
core   0: 0x0000000080004c30 (0x00000001) c.nop
core   0: 1 0x0000000080004c30 (0x0001)
core   0: 0x0000000080004c32 (0x00249373) csrrw   t1, frm, s1
core   0: 1 0x0000000080004c32 (0x00249373) x6  0x0000000000000000 c2_frm 0x0000000000000000
core   0: 0x0000000080004c36 (0x02546bbb) remw    s7, s0, t0
core   0: 1 0x0000000080004c36 (0x02546bbb) x23 0x0000000000000000
core   0: 0x0000000080004c3a (0xf20c03d3) fmv.d.x ft7, s8
core   0: 1 0x0000000080004c3a (0xf20c03d3) f7  0x00000000800060a6
core   0: 0x0000000080004c3e (0x01200dbb) addw    s11, zero, s2
core   0: 1 0x0000000080004c3e (0x01200dbb) x27 0x0000000058400000
core   0: 0x0000000080004c42 (0x1294fd53) fmul.d  fs10, fs1, fs1
core   0: 1 0x0000000080004c42 (0x1294fd53) f26 0x7ff8000000000000
core   0: 0x0000000080004c46 (0x5a0d7a53) fsqrt.d fs4, fs10
core   0: 1 0x0000000080004c46 (0x5a0d7a53) f20 0x7ff8000000000000
core   0: 0x0000000080004c4a (0x01fd5c9b) srliw   s9, s10, 31
core   0: 1 0x0000000080004c4a (0x01fd5c9b) x25 0x0000000000000000
core   0: 0x0000000080004c4e (0xf5a0e113) ori     sp, ra, -166
core   0: 1 0x0000000080004c4e (0xf5a0e113) x2  0xffffffffffffff5e
core   0: 0x0000000080004c52 (0x036e81b3) mul     gp, t4, s6
core   0: 1 0x0000000080004c52 (0x036e81b3) x3  0x0000000000000000
core   0: 0x0000000080004c56 (0x0269e9b3) rem     s3, s3, t1
core   0: 1 0x0000000080004c56 (0x0269e9b3) x19 0xffffffff7fc00000
core   0: 0x0000000080004c5a (0xd226ffd3) fcvt.d.l ft11, a3
core   0: 1 0x0000000080004c5a (0xd226ffd3) f31 0x0000000000000000
core   0: 0x0000000080004c5e (0x6a587243) fmadd.d ft4, fa6, ft5, fa3
core   0: 1 0x0000000080004c5e (0x6a587243) f4  0x7ff8000000000000
core   0: 0x0000000080004c62 (0x229ff4cb) fnmsub.d fs1, ft11, fs1, ft4
core   0: 1 0x0000000080004c62 (0x229ff4cb) f9  0x7ff8000000000000
core   0: 0x0000000080004c66 (0xc029f8d3) fcvt.l.s a7, fs3
core   0: 1 0x0000000080004c66 (0xc029f8d3) c1_fflags 0x0000000000000013 x17 0x7fffffffffffffff
core   0: 0x0000000080004c6a (0xd035f753) fcvt.s.lu fa4, a1
core   0: 1 0x0000000080004c6a (0xd035f753) c1_fflags 0x0000000000000013 f14 0xffffffff4f714133
core   0: 0x0000000080004c6e (0x40125493) srai    s1, tp, 1
core   0: 1 0x0000000080004c6e (0x40125493) x9  0xffffffffffffffff
core   0: 0x0000000080004c72 (0x0003171b) slliw   a4, t1, 0
core   0: 1 0x0000000080004c72 (0x0003171b) x14 0x0000000000000000
core   0: 0x0000000080004c76 (0x02d1823b) mulw    tp, gp, a3
core   0: 1 0x0000000080004c76 (0x02d1823b) x4  0x0000000000000000
core   0: 0x0000000080004c7a (0xd032f853) fcvt.s.lu fa6, t0
core   0: 1 0x0000000080004c7a (0xd032f853) f16 0xffffffff00000000
core   0: 0x0000000080004c7e (0x005297bb) sllw    a5, t0, t0
core   0: 1 0x0000000080004c7e (0x005297bb) x15 0x0000000000000000
core   0: 0x0000000080004c82 (0x018c5a3b) srlw    s4, s8, s8
core   0: 1 0x0000000080004c82 (0x018c5a3b) x20 0x0000000002000182
core   0: 0x0000000080004c86 (0x401657bb) sraw    a5, a2, ra
core   0: 1 0x0000000080004c86 (0x401657bb) x15 0x0000000000000000
core   0: 0x0000000080004c8a (0x00ed9e9b) slliw   t4, s11, 14
core   0: 1 0x0000000080004c8a (0x00ed9e9b) x29 0x0000000000000000
core   0: 0x0000000080004c8e (0xa2e68ed3) fle.d   t4, fa3, fa4
core   0: 1 0x0000000080004c8e (0xa2e68ed3) c1_fflags 0x0000000000000013 x29 0x0000000000000000
core   0: 0x0000000080004c92 (0xc2327153) fcvt.lu.d sp, ft4
core   0: 1 0x0000000080004c92 (0xc2327153) c1_fflags 0x0000000000000013 x2  0xffffffffffffffff
core   0: 0x0000000080004c96 (0x00171373) csrrw   t1, fflags, a4
core   0: 1 0x0000000080004c96 (0x00171373) x6  0x0000000000000013 c1_fflags 0x0000000000000000
core   0: 0x0000000080004c9a (0x01110d3b) addw    s10, sp, a7
core   0: 1 0x0000000080004c9a (0x01110d3b) x26 0xfffffffffffffffe
core   0: 0x0000000080004c9e (0x037effd3) fadd.d  ft11, ft9, fs7
core   0: 1 0x0000000080004c9e (0x037effd3) f31 0x7ff8000000000000
core   0: 0x0000000080004ca2 (0x5a0bf853) fsqrt.d fa6, fs7
core   0: 1 0x0000000080004ca2 (0x5a0bf853) f16 0x7ff8000000000000
core   0: 0x0000000080004ca6 (0x00632333) slt     t1, t1, t1
core   0: 1 0x0000000080004ca6 (0x00632333) x6  0x0000000000000000
core   0: 0x0000000080004caa (0x032a80b3) mul     ra, s5, s2
core   0: 1 0x0000000080004caa (0x032a80b3) x1  0x0000000000000000
core   0: 0x0000000080004cae (0x23fba1d3) fsgnjx.d ft3, fs7, ft11
core   0: 1 0x0000000080004cae (0x23fba1d3) f3  0x7ff8000000000000
core   0: 0x0000000080004cb2 (0x5be1f0cf) fnmadd.d ft1, ft3, ft10, fa1
core   0: 1 0x0000000080004cb2 (0x5be1f0cf) f1  0x7ff8000000000000
core   0: 0x0000000080004cb6 (0x40085513) srai    a0, a6, 0
core   0: 1 0x0000000080004cb6 (0x40085513) x10 0x0000000000000029
core   0: 0x0000000080004cba (0x1924f197) auipc   gp, 0x1924f
core   0: 1 0x0000000080004cba (0x1924f197) x3  0x0000000099253cba
core   0: 0x0000000080004cbe (0xa21ba9d3) feq.d   s3, fs7, ft1
core   0: 1 0x0000000080004cbe (0xa21ba9d3) x19 0x0000000000000000
core   0: 0x0000000080004cc2 (0x00109e33) sll     t3, ra, ra
core   0: 1 0x0000000080004cc2 (0x00109e33) x28 0x0000000000000000
core   0: 0x0000000080004cc6 (0x00bc7eb3) and     t4, s8, a1
core   0: 1 0x0000000080004cc6 (0x00bc7eb3) x29 0x00000000800020a2
core   0: 0x0000000080004cca (0xc0287e53) fcvt.l.s t3, fa6
core   0: 1 0x0000000080004cca (0xc0287e53) c1_fflags 0x0000000000000010 x28 0x7fffffffffffffff
core   0: 0x0000000080004cce (0x1a547453) fdiv.d  fs0, fs0, ft5
core   0: 1 0x0000000080004cce (0x1a547453) f8  0x7ff8000000000000
core   0: 0x0000000080004cd2 (0x000c9b9b) slliw   s7, s9, 0
core   0: 1 0x0000000080004cd2 (0x000c9b9b) x23 0x0000000000000000
core   0: 0x0000000080004cd6 (0xeff27293) andi    t0, tp, -257
core   0: 1 0x0000000080004cd6 (0xeff27293) x5  0x0000000000000000
core   0: 0x0000000080004cda (0x41f65b9b) sraiw   s7, a2, 31
core   0: 1 0x0000000080004cda (0x41f65b9b) x23 0x0000000000000000
core   0: 0x0000000080004cde (0x22a78153) fsgnj.d ft2, fa5, fa0
core   0: 1 0x0000000080004cde (0x22a78153) f2  0xfff8000000000000
core   0: 0x0000000080004ce2 (0x0ff0000f) fence   iorw,iorw
core   0: 1 0x0000000080004ce2 (0x0ff0000f)
core   0: 0x0000000080004ce6 (0x01430abb) addw    s5, t1, s4
core   0: 1 0x0000000080004ce6 (0x01430abb) x21 0x0000000002000182
core   0: 0x0000000080004cea (0x01cd589b) srliw   a7, s10, 28
core   0: 1 0x0000000080004cea (0x01cd589b) x17 0x000000000000000f
core   0: 0x0000000080004cee (0x018a101b) slliw   zero, s4, 24
core   0: 1 0x0000000080004cee (0x018a101b)
core   0: 0x0000000080004cf2 (0xd227ff53) fcvt.d.l ft10, a5
core   0: 1 0x0000000080004cf2 (0xd227ff53) f30 0x0000000000000000
core   0: 0x0000000080004cf6 (0x237fafd3) fsgnjx.d ft11, ft11, fs7
core   0: 1 0x0000000080004cf6 (0x237fafd3) f31 0x7ff8000000000000
core   0: 0x0000000080004cfa (0x021d3e33) mulhu   t3, s10, ra
core   0: 1 0x0000000080004cfa (0x021d3e33) x28 0x0000000000000000
core   0: 0x0000000080004cfe (0x7ff3f813) andi    a6, t2, 2047
core   0: 1 0x0000000080004cfe (0x7ff3f813) x16 0x0000000000000000
core   0: 0x0000000080004d02 (0xd21d8b53) fcvt.d.wu fs6, s11
core   0: 1 0x0000000080004d02 (0xd21d8b53) f22 0x41d6100000000000
core   0: 0x0000000080004d06 (0x030a7633) remu    a2, s4, a6
core   0: 1 0x0000000080004d06 (0x030a7633) x12 0x0000000002000182
core   0: 0x0000000080004d0a (0x03f0ffd3) fadd.d  ft11, ft1, ft11
core   0: 1 0x0000000080004d0a (0x03f0ffd3) f31 0x7ff8000000000000
core   0: 0x0000000080004d0e (0x5a0d7d53) fsqrt.d fs10, fs10
core   0: 1 0x0000000080004d0e (0x5a0d7d53) f26 0x7ff8000000000000
core   0: 0x0000000080004d12 (0x40708d33) sub     s10, ra, t2
core   0: 1 0x0000000080004d12 (0x40708d33) x26 0x0000000000000000
core   0: 0x0000000080004d16 (0x017b0733) add     a4, s6, s7
core   0: 1 0x0000000080004d16 (0x017b0733) x14 0x0000000000000001
core   0: 0x0000000080004d1a (0x1bfafb53) fdiv.d  fs6, fs5, ft11
core   0: 1 0x0000000080004d1a (0x1bfafb53) f22 0x7ff8000000000000
core   0: 0x0000000080004d1e (0xea63be97) auipc   t4, 0xea63b
core   0: 1 0x0000000080004d1e (0xea63be97) x29 0x000000006a63fd1e
core   0: 0x0000000080004d22 (0x021090b3) mulh    ra, ra, ra
core   0: 1 0x0000000080004d22 (0x021090b3) x1  0x0000000000000000
core   0: 0x0000000080004d26 (0x4009519b) sraiw   gp, s2, 0
core   0: 1 0x0000000080004d26 (0x4009519b) x3  0x0000000058400000
core   0: 0x0000000080004d2a (0x018c1c33) sll     s8, s8, s8
core   0: 1 0x0000000080004d2a (0x018c1c33) x24 0x0018298000000000
core   0: 0x0000000080004d2e (0x03a7d193) srli    gp, a5, 58
core   0: 1 0x0000000080004d2e (0x03a7d193) x3  0x0000000000000000
core   0: 0x0000000080004d32 (0x02d0e233) rem     tp, ra, a3
core   0: 1 0x0000000080004d32 (0x02d0e233) x4  0x0000000000000000
core   0: 0x0000000080004d36 (0x0118a733) slt     a4, a7, a7
core   0: 1 0x0000000080004d36 (0x0118a733) x14 0x0000000000000000
core   0: 0x0000000080004d3a (0x5a0cf053) fsqrt.d ft0, fs9
core   0: 1 0x0000000080004d3a (0x5a0cf053) f0  0x0000000000000000
core   0: 0x0000000080004d3e (0x01225dbb) srlw    s11, tp, s2
core   0: 1 0x0000000080004d3e (0x01225dbb) x27 0x0000000000000000
core   0: 0x0000000080004d42 (0x303c5673) csrrwi  a2, mideleg, 24
core   0: exception trap_illegal_instruction, epc 0x0000000080004d42
core   0:           tval 0x00000000303c5673
core   0: >>>>  $xrv64i2p1_m2p0_a2p1_f2p2_d2p2_zicsr2p0_zifencei2p0_zmmul1p0_zba1p0_zbb1p0_zbc1p0_zbs1p0
core   0: 0x0000000080004000 (0x0080006f) j       pc + 0x8
core   0: 3 0x0000000080004000 (0x0080006f)
core   0: >>>>  mmode_exception_handler
core   0: 0x0000000080004008 (0x00002c17) auipc   s8, 0x2
core   0: 3 0x0000000080004008 (0x00002c17) x24 0x0000000080006008
core   0: 0x000000008000400c (0x09ec0c13) addi    s8, s8, 158
core   0: 3 0x000000008000400c (0x09ec0c13) x24 0x00000000800060a6
core   0: 0x0000000080004010 (0x000c00e7) jalr    s8
core   0: 3 0x0000000080004010 (0x000c00e7) x1  0x0000000080004014
core   0: >>>>  any_handler
core   0: 0x00000000800060a6 (0x341027f3) csrrs   a5, mepc, zero
core   0: 3 0x00000000800060a6 (0x341027f3) x15 0x0000000080004d42
core   0: 0x00000000800060aa (0x34202773) csrrs   a4, mcause, zero
core   0: 3 0x00000000800060aa (0x34202773) x14 0x0000000000000002
core   0: 0x00000000800060ae (0x142026f3) csrrs   a3, scause, zero
core   0: 3 0x00000000800060ae (0x142026f3) x13 0x0000000000000000
core   0: 0x00000000800060b2 (0x30402673) csrrs   a2, mie, zero
core   0: 3 0x00000000800060b2 (0x30402673) x12 0x0000000000000a00
core   0: 0x00000000800060b6 (0x344025f3) csrrs   a1, mip, zero
core   0: 3 0x00000000800060b6 (0x344025f3) x11 0x0000000000000080
core   0: 0x00000000800060ba (0x343025f3) csrrs   a1, mtval, zero
core   0: 3 0x00000000800060ba (0x343025f3) x11 0x00000000303c5673
core   0: 0x00000000800060be (0x14302573) csrrs   a0, stval, zero
core   0: 3 0x00000000800060be (0x14302573) x10 0x0000000000000000
core   0: 0x00000000800060c2 (0xb02024f3) csrrs   s1, minstret, zero
core   0: 3 0x00000000800060c2 (0xb02024f3) x9  0x0000000000000be7
core   0: 0x00000000800060c6 (0x0000a811) c.j     pc + 20
core   0: 3 0x00000000800060c6 (0xa811)
core   0: >>>>  mepc_4
core   0: 0x00000000800060da (0x00000791) c.addi  a5, 4
core   0: 3 0x00000000800060da (0x0791) x15 0x0000000080004d46
core   0: 0x00000000800060dc (0x34179073) csrrw   zero, mepc, a5
core   0: 3 0x00000000800060dc (0x34179073) c833_mepc 0x0000000080004d46
core   0: 0x00000000800060e0 (0x30200073) mret
core   0: 3 0x00000000800060e0 (0x30200073) c768_mstatus 0x8000000a00106080
core   0: 0x0000000080004d46 (0x1b1078d3) fdiv.d  fa7, ft0, fa7
core   0: 1 0x0000000080004d46 (0x1b1078d3) f17 0x7ff8000000000000
core   0: 0x0000000080004d4a (0x02cd563b) divuw   a2, s10, a2
core   0: 1 0x0000000080004d4a (0x02cd563b) x12 0x0000000000000000
core   0: 0x0000000080004d4e (0x004d19b3) sll     s3, s10, tp
core   0: 1 0x0000000080004d4e (0x004d19b3) x19 0x0000000000000000
core   0: 0x0000000080004d52 (0x01cd8cbb) addw    s9, s11, t3
core   0: 1 0x0000000080004d52 (0x01cd8cbb) x25 0x0000000000000000
core   0: 0x0000000080004d56 (0x0010d0bb) srlw    ra, ra, ra
core   0: 1 0x0000000080004d56 (0x0010d0bb) x1  0x0000000000000800
core   0: 0x0000000080004d5a (0x02b20233) mul     tp, tp, a1
core   0: 1 0x0000000080004d5a (0x02b20233) x4  0x0000000000000000
core   0: 0x0000000080004d5e (0x7ff67b13) andi    s6, a2, 2047
core   0: 1 0x0000000080004d5e (0x7ff67b13) x22 0x0000000000000000
core   0: 0x0000000080004d62 (0x944e4313) xori    t1, t3, -1724
core   0: 1 0x0000000080004d62 (0x944e4313) x6  0xfffffffffffff944
core   0: 0x0000000080004d66 (0x013369b3) or      s3, t1, s3
core   0: 1 0x0000000080004d66 (0x013369b3) x19 0xfffffffffffff944
core   0: 0x0000000080004d6a (0x01addc3b) srlw    s8, s11, s10
core   0: 1 0x0000000080004d6a (0x01addc3b) x24 0x0000000000000000
core   0: 0x0000000080004d6e (0x151c0d1b) addiw   s10, s8, 337
core   0: 1 0x0000000080004d6e (0x151c0d1b) x26 0x0000000000000151
core   0: 0x0000000080004d72 (0x142a5273) csrrwi  tp, scause, 20
core   0: 1 0x0000000080004d72 (0x142a5273) x4  0x0000000000000000 c322_scause 0x0000000000000014
core   0: 0x0000000080004d76 (0x0a1d7fd3) fsub.d  ft11, fs10, ft1
core   0: 1 0x0000000080004d76 (0x0a1d7fd3) f31 0x7ff8000000000000
core   0: 0x0000000080004d7a (0x23147f4f) fnmadd.d ft10, fs0, fa7, ft4
core   0: 1 0x0000000080004d7a (0x23147f4f) f30 0x7ff8000000000000
core   0: 0x0000000080004d7e (0x0ff0000f) fence   iorw,iorw
core   0: 1 0x0000000080004d7e (0x0ff0000f)
core   0: 0x0000000080004d82 (0x03f7d713) srli    a4, a5, 63
core   0: 1 0x0000000080004d82 (0x03f7d713) x14 0x0000000000000000
core   0: 0x0000000080004d86 (0x0b4a72cf) fnmadd.d ft5, fs4, fs4, ft1
core   0: 1 0x0000000080004d86 (0x0b4a72cf) f5  0x7ff8000000000000
core   0: 0x0000000080004d8a (0x00fc6c33) or      s8, s8, a5
core   0: 1 0x0000000080004d8a (0x00fc6c33) x24 0x0000000080004d46
core   0: 0x0000000080004d8e (0x00102973) csrrs   s2, fflags, zero
core   0: 1 0x0000000080004d8e (0x00102973) x18 0x0000000000000010
core   0: 0x0000000080004d92 (0x01470ebb) addw    t4, a4, s4
core   0: 1 0x0000000080004d92 (0x01470ebb) x29 0x0000000002000182
core   0: 0x0000000080004d96 (0x000e9d9b) slliw   s11, t4, 0
core   0: 1 0x0000000080004d96 (0x000e9d9b) x27 0x0000000002000182
core   0: 0x0000000080004d9a (0x01d592bb) sllw    t0, a1, t4
core   0: 1 0x0000000080004d9a (0x01d592bb) x5  0xffffffffc0f159cc
core   0: 0x0000000080004d9e (0xfffd841b) addiw   s0, s11, -1
core   0: 1 0x0000000080004d9e (0xfffd841b) x8  0x0000000002000181
core   0: 0x0000000080004da2 (0x3103d9f3) csrrwi  s3, mstatush, 7
core   0: exception trap_illegal_instruction, epc 0x0000000080004da2
core   0:           tval 0x000000003103d9f3
core   0: >>>>  $xrv64i2p1_m2p0_a2p1_f2p2_d2p2_zicsr2p0_zifencei2p0_zmmul1p0_zba1p0_zbb1p0_zbc1p0_zbs1p0
core   0: 0x0000000080004000 (0x0080006f) j       pc + 0x8
core   0: 3 0x0000000080004000 (0x0080006f)
core   0: >>>>  mmode_exception_handler
core   0: 0x0000000080004008 (0x00002c17) auipc   s8, 0x2
core   0: 3 0x0000000080004008 (0x00002c17) x24 0x0000000080006008
core   0: 0x000000008000400c (0x09ec0c13) addi    s8, s8, 158
core   0: 3 0x000000008000400c (0x09ec0c13) x24 0x00000000800060a6
core   0: 0x0000000080004010 (0x000c00e7) jalr    s8
core   0: 3 0x0000000080004010 (0x000c00e7) x1  0x0000000080004014
core   0: >>>>  any_handler
core   0: 0x00000000800060a6 (0x341027f3) csrrs   a5, mepc, zero
core   0: 3 0x00000000800060a6 (0x341027f3) x15 0x0000000080004da2
core   0: 0x00000000800060aa (0x34202773) csrrs   a4, mcause, zero
core   0: 3 0x00000000800060aa (0x34202773) x14 0x0000000000000002
core   0: 0x00000000800060ae (0x142026f3) csrrs   a3, scause, zero
core   0: 3 0x00000000800060ae (0x142026f3) x13 0x0000000000000014
core   0: 0x00000000800060b2 (0x30402673) csrrs   a2, mie, zero
core   0: 3 0x00000000800060b2 (0x30402673) x12 0x0000000000000a00
core   0: 0x00000000800060b6 (0x344025f3) csrrs   a1, mip, zero
core   0: 3 0x00000000800060b6 (0x344025f3) x11 0x0000000000000080
core   0: 0x00000000800060ba (0x343025f3) csrrs   a1, mtval, zero
core   0: 3 0x00000000800060ba (0x343025f3) x11 0x000000003103d9f3
core   0: 0x00000000800060be (0x14302573) csrrs   a0, stval, zero
core   0: 3 0x00000000800060be (0x14302573) x10 0x0000000000000000
core   0: 0x00000000800060c2 (0xb02024f3) csrrs   s1, minstret, zero
core   0: 3 0x00000000800060c2 (0xb02024f3) x9  0x0000000000000c0e
core   0: 0x00000000800060c6 (0x0000a811) c.j     pc + 20
core   0: 3 0x00000000800060c6 (0xa811)
core   0: >>>>  mepc_4
core   0: 0x00000000800060da (0x00000791) c.addi  a5, 4
core   0: 3 0x00000000800060da (0x0791) x15 0x0000000080004da6
core   0: 0x00000000800060dc (0x34179073) csrrw   zero, mepc, a5
core   0: 3 0x00000000800060dc (0x34179073) c833_mepc 0x0000000080004da6
core   0: 0x00000000800060e0 (0x30200073) mret
core   0: 3 0x00000000800060e0 (0x30200073) c768_mstatus 0x8000000a00106080
core   0: 0x0000000080004da6 (0x224224d3) fsgnjx.d fs1, ft4, ft4
core   0: 1 0x0000000080004da6 (0x224224d3) f9  0x7ff8000000000000
core   0: 0x0000000080004daa (0x01f3159b) slliw   a1, t1, 31
core   0: 1 0x0000000080004daa (0x01f3159b) x11 0x0000000000000000
core   0: 0x0000000080004dae (0x3af5f843) fmadd.d fa6, fa1, fa5, ft7
core   0: 1 0x0000000080004dae (0x3af5f843) f16 0x7ff8000000000000
core   0: 0x0000000080004db2 (0x00059b13) slli    s6, a1, 0
core   0: 1 0x0000000080004db2 (0x00059b13) x22 0x0000000000000000
core   0: 0x0000000080004db6 (0x2a970753) fmin.d  fa4, fa4, fs1
core   0: 1 0x0000000080004db6 (0x2a970753) f14 0x7ff8000000000000
core   0: 0x0000000080004dba (0x02b84ab3) div     s5, a6, a1
core   0: 1 0x0000000080004dba (0x02b84ab3) x21 0xffffffffffffffff
core   0: 0x0000000080004dbe (0xf20b00d3) fmv.d.x ft1, s6
core   0: 1 0x0000000080004dbe (0xf20b00d3) f1  0x0000000000000000
core   0: 0x0000000080004dc2 (0x0a2bf2d3) fsub.d  ft5, fs7, ft2
core   0: 1 0x0000000080004dc2 (0x0a2bf2d3) f5  0x7ff8000000000000
core   0: 0x0000000080004dc6 (0x01507433) and     s0, zero, s5
core   0: 1 0x0000000080004dc6 (0x01507433) x8  0x0000000000000000
core   0: 0x0000000080004dca (0xb7f8061b) addiw   a2, a6, -1153
core   0: 1 0x0000000080004dca (0xb7f8061b) x12 0xfffffffffffffb7f
core   0: 0x0000000080004dce (0x9b8aea13) ori     s4, s5, -1608
core   0: 1 0x0000000080004dce (0x9b8aea13) x20 0xffffffffffffffff
core   0: 0x0000000080004dd2 (0x407403bb) subw    t2, s0, t2
core   0: 1 0x0000000080004dd2 (0x407403bb) x7  0x0000000000000000
core   0: 0x0000000080004dd6 (0x22268653) fsgnj.d fa2, fa3, ft2
core   0: 1 0x0000000080004dd6 (0x22268653) f12 0xfff8000000000000
core   0: 0x0000000080004dda (0x2b251653) fmax.d  fa2, fa0, fs2
core   0: 1 0x0000000080004dda (0x2b251653) f12 0x41cb1bce58000000
core   0: 0x0000000080004dde (0x82517b4f) fnmadd.d fs6, ft2, ft5, fa6
core   0: 1 0x0000000080004dde (0x82517b4f) f22 0x7ff8000000000000
core   0: 0x0000000080004de2 (0x22ae84d3) fsgnj.d fs1, ft9, fa0
core   0: 1 0x0000000080004de2 (0x22ae84d3) f9  0xffffffff4cfffffe
core   0: 0x0000000080004de6 (0x80094793) xori    a5, s2, -2048
core   0: 1 0x0000000080004de6 (0x80094793) x15 0xfffffffffffff810
core   0: 0x0000000080004dea (0x01189bbb) sllw    s7, a7, a7
core   0: 1 0x0000000080004dea (0x01189bbb) x23 0x0000000000078000
core   0: 0x0000000080004dee (0xa2948b53) fle.d   s6, fs1, fs1
core   0: 1 0x0000000080004dee (0xa2948b53) c1_fflags 0x0000000000000010 x22 0x0000000000000000
core   0: 0x0000000080004df2 (0x229191d3) fsgnjn.d ft3, ft3, fs1
core   0: 1 0x0000000080004df2 (0x229191d3) f3  0x7ff8000000000000
core   0: 0x0000000080004df6 (0x00f8e4b3) or      s1, a7, a5
core   0: 1 0x0000000080004df6 (0x00f8e4b3) x9  0xfffffffffffff81f
core   0: 0x0000000080004dfa (0x014417bb) sllw    a5, s0, s4
core   0: 1 0x0000000080004dfa (0x014417bb) x15 0x0000000000000000
core   0: 0x0000000080004dfe (0x4103d3b3) sra     t2, t2, a6
core   0: 1 0x0000000080004dfe (0x4103d3b3) x7  0x0000000000000000
core   0: 0x0000000080004e02 (0x407ad73b) sraw    a4, s5, t2
core   0: 1 0x0000000080004e02 (0x407ad73b) x14 0xffffffffffffffff
core   0: 0x0000000080004e06 (0x0ff0000f) fence   iorw,iorw
core   0: 1 0x0000000080004e06 (0x0ff0000f)
core   0: 0x0000000080004e0a (0x01ad1d33) sll     s10, s10, s10
core   0: 1 0x0000000080004e0a (0x01ad1d33) x26 0x0000000002a20000
core   0: 0x0000000080004e0e (0xc223f153) fcvt.l.d sp, ft7
core   0: 1 0x0000000080004e0e (0xc223f153) c1_fflags 0x0000000000000011 x2  0x0000000000000000
core   0: 0x0000000080004e12 (0x41010633) sub     a2, sp, a6
core   0: 1 0x0000000080004e12 (0x41010633) x12 0x0000000000000000
core   0: 0x0000000080004e16 (0xd0277a53) fcvt.s.l fs4, a4
core   0: 1 0x0000000080004e16 (0xd0277a53) f20 0xffffffffbf800000
core   0: 0x0000000080004e1a (0x01ad519b) srliw   gp, s10, 26
core   0: 1 0x0000000080004e1a (0x01ad519b) x3  0x0000000000000000
core   0: 0x0000000080004e1e (0x0184e4b3) or      s1, s1, s8
core   0: 1 0x0000000080004e1e (0x0184e4b3) x9  0xfffffffffffff8bf
core   0: 0x0000000080004e22 (0xc238f353) fcvt.lu.d t1, fa7
core   0: 1 0x0000000080004e22 (0xc238f353) c1_fflags 0x0000000000000011 x6  0xffffffffffffffff
core   0: 0x0000000080004e26 (0x027773b3) remu    t2, a4, t2
core   0: 1 0x0000000080004e26 (0x027773b3) x7  0xffffffffffffffff
core   0: 0x0000000080004e2a (0x42f9d093) srai    ra, s3, 47
core   0: 1 0x0000000080004e2a (0x42f9d093) x1  0xffffffffffffffff
core   0: 0x0000000080004e2e (0x00331e9b) slliw   t4, t1, 3
core   0: 1 0x0000000080004e2e (0x00331e9b) x29 0xfffffffffffffff8
core   0: 0x0000000080004e32 (0x8005e793) ori     a5, a1, -2048
core   0: 1 0x0000000080004e32 (0x8005e793) x15 0xfffffffffffff800
core   0: 0x0000000080004e36 (0x0157a933) slt     s2, a5, s5
core   0: 1 0x0000000080004e36 (0x0157a933) x18 0x0000000000000001
core   0: 0x0000000080004e3a (0x012786bb) addw    a3, a5, s2
core   0: 1 0x0000000080004e3a (0x012786bb) x13 0xfffffffffffff801
core   0: 0x0000000080004e3e (0x523b0a13) addi    s4, s6, 1315
core   0: 1 0x0000000080004e3e (0x523b0a13) x20 0x0000000000000523
core   0: 0x0000000080004e42 (0x027a523b) divuw   tp, s4, t2
core   0: 1 0x0000000080004e42 (0x027a523b) x4  0x0000000000000000
core   0: 0x0000000080004e46 (0x00202d73) csrrs   s10, frm, zero
core   0: 1 0x0000000080004e46 (0x00202d73) x26 0x0000000000000000
core   0: 0x0000000080004e4a (0x0114f7b3) and     a5, s1, a7
core   0: 1 0x0000000080004e4a (0x0114f7b3) x15 0x000000000000000f
core   0: 0x0000000080004e4e (0x0081d433) srl     s0, gp, s0
core   0: 1 0x0000000080004e4e (0x0081d433) x8  0x0000000000000000
core   0: 0x0000000080004e52 (0x01d40c3b) addw    s8, s0, t4
core   0: 1 0x0000000080004e52 (0x01d40c3b) x24 0xfffffffffffffff8
core   0: 0x0000000080004e56 (0x00366333) or      t1, a2, gp
core   0: 1 0x0000000080004e56 (0x00366333) x6  0x0000000000000000
core   0: 0x0000000080004e5a (0x0016081b) addiw   a6, a2, 1
core   0: 1 0x0000000080004e5a (0x0016081b) x16 0x0000000000000001
core   0: 0x0000000080004e5e (0xfff60493) addi    s1, a2, -1
core   0: 1 0x0000000080004e5e (0xfff60493) x9  0xffffffffffffffff
core   0: 0x0000000080004e62 (0x0294e9b3) rem     s3, s1, s1
core   0: 1 0x0000000080004e62 (0x0294e9b3) x19 0x0000000000000000
core   0: 0x0000000080004e66 (0x35b45837) lui     a6, 0x35b45
core   0: 1 0x0000000080004e66 (0x35b45837) x16 0x0000000035b45000
core   0: 0x0000000080004e6a (0x40a8d49b) sraiw   s1, a7, 10
core   0: 1 0x0000000080004e6a (0x40a8d49b) x9  0x0000000000000000
core   0: 0x0000000080004e6e (0x00f4e1b3) or      gp, s1, a5
core   0: 1 0x0000000080004e6e (0x00f4e1b3) x3  0x000000000000000f
core   0: 0x0000000080004e72 (0x00102073) csrrs   zero, fflags, zero
core   0: 1 0x0000000080004e72 (0x00102073)
core   0: 0x0000000080004e76 (0x01d142b3) xor     t0, sp, t4
core   0: 1 0x0000000080004e76 (0x01d142b3) x5  0xfffffffffffffff8
core   0: 0x0000000080004e7a (0x4009d21b) sraiw   tp, s3, 0
core   0: 1 0x0000000080004e7a (0x4009d21b) x4  0x0000000000000000
core   0: 0x0000000080004e7e (0x0258f8b3) remu    a7, a7, t0
core   0: 1 0x0000000080004e7e (0x0258f8b3) x17 0x000000000000000f
core   0: 0x0000000080004e82 (0x02a97153) fadd.d  ft2, fs2, fa0
core   0: 1 0x0000000080004e82 (0x02a97153) f2  0x7ff8000000000000
core   0: 0x0000000080004e86 (0x40425d1b) sraiw   s10, tp, 4
core   0: 1 0x0000000080004e86 (0x40425d1b) x26 0x0000000000000000
core   0: 0x0000000080004e8a (0x2a999353) fmax.d  ft6, fs3, fs1
core   0: 1 0x0000000080004e8a (0x2a999353) f6  0x7ff8000000000000
core   0: 0x0000000080004e8e (0xd228fb53) fcvt.d.l fs6, a7
core   0: 1 0x0000000080004e8e (0xd228fb53) f22 0x402e000000000000
core   0: 0x0000000080004e92 (0x1b10fc53) fdiv.d  fs8, ft1, fa7
core   0: 1 0x0000000080004e92 (0x1b10fc53) f24 0x7ff8000000000000
core   0: 0x0000000080004e96 (0xc027f653) fcvt.l.s a2, fa5
core   0: 1 0x0000000080004e96 (0xc027f653) c1_fflags 0x0000000000000011 x12 0x7fffffffffffffff
core   0: 0x0000000080004e9a (0xc020f553) fcvt.l.s a0, ft1
core   0: 1 0x0000000080004e9a (0xc020f553) c1_fflags 0x0000000000000011 x10 0x7fffffffffffffff
core   0: 0x0000000080004e9e (0x420c7647) fmsub.d fa2, fs8, ft0, fs0
core   0: 1 0x0000000080004e9e (0x420c7647) f12 0x7ff8000000000000
core   0: 0x0000000080004ea2 (0x42078853) fcvt.d.s fa6, fa5
core   0: 1 0x0000000080004ea2 (0x42078853) f16 0x7ff8000000000000
core   0: 0x0000000080004ea6 (0x019e1e33) sll     t3, t3, s9
core   0: 1 0x0000000080004ea6 (0x019e1e33) x28 0x0000000000000000
core   0: 0x0000000080004eaa (0x016c153b) sllw    a0, s8, s6
core   0: 1 0x0000000080004eaa (0x016c153b) x10 0xfffffffffffffff8
core   0: 0x0000000080004eae (0x5a0bf6d3) fsqrt.d fa3, fs7
core   0: 1 0x0000000080004eae (0x5a0bf6d3) f13 0x7ff8000000000000
core   0: 0x0000000080004eb2 (0x4058d49b) sraiw   s1, a7, 5
core   0: 1 0x0000000080004eb2 (0x4058d49b) x9  0x0000000000000000
core   0: 0x0000000080004eb6 (0x00e6d9b7) lui     s3, 0xe6d
core   0: 1 0x0000000080004eb6 (0x00e6d9b7) x19 0x0000000000e6d000
core   0: 0x0000000080004eba (0x0819899b) addiw   s3, s3, 129
core   0: 1 0x0000000080004eba (0x0819899b) x19 0x0000000000e6d081
core   0: 0x0000000080004ebe (0x000009be) c.slli  s3, 15
core   0: 1 0x0000000080004ebe (0x09be) x19 0x0000007368408000
core   0: 0x0000000080004ec0 (0x94298993) addi    s3, s3, -1726
core   0: 1 0x0000000080004ec0 (0x94298993) x19 0x0000007368407942
core   0: 0x0000000080004ec4 (0x0ff0000f) fence   iorw,iorw
core   0: 1 0x0000000080004ec4 (0x0ff0000f)
core   0: 0x0000000080004ec8 (0x0223f3b3) remu    t2, t2, sp
core   0: 1 0x0000000080004ec8 (0x0223f3b3) x7  0xffffffffffffffff
core   0: 0x0000000080004ecc (0x01834833) xor     a6, t1, s8
core   0: 1 0x0000000080004ecc (0x01834833) x16 0xfffffffffffffff8
core   0: 0x0000000080004ed0 (0x0343b633) mulhu   a2, t2, s4
core   0: 1 0x0000000080004ed0 (0x0343b633) x12 0x0000000000000522
core   0: 0x0000000080004ed4 (0x520ef8c7) fmsub.d fa7, ft9, ft0, fa0
core   0: 1 0x0000000080004ed4 (0x520ef8c7) f17 0x7ff8000000000000
core   0: 0x0000000080004ed8 (0x77a955b7) lui     a1, 0x77a95
core   0: 1 0x0000000080004ed8 (0x77a955b7) x11 0x0000000077a95000
core   0: 0x0000000080004edc (0xe20e87d3) fmv.x.d a5, ft9
core   0: 1 0x0000000080004edc (0xe20e87d3) x15 0xffffffff4cfffffe
core   0: 0x0000000080004ee0 (0x303cadf3) csrrs   s11, mideleg, s9
core   0: exception trap_illegal_instruction, epc 0x0000000080004ee0
core   0:           tval 0x00000000303cadf3
core   0: >>>>  $xrv64i2p1_m2p0_a2p1_f2p2_d2p2_zicsr2p0_zifencei2p0_zmmul1p0_zba1p0_zbb1p0_zbc1p0_zbs1p0
core   0: 0x0000000080004000 (0x0080006f) j       pc + 0x8
core   0: 3 0x0000000080004000 (0x0080006f)
core   0: >>>>  mmode_exception_handler
core   0: 0x0000000080004008 (0x00002c17) auipc   s8, 0x2
core   0: 3 0x0000000080004008 (0x00002c17) x24 0x0000000080006008
core   0: 0x000000008000400c (0x09ec0c13) addi    s8, s8, 158
core   0: 3 0x000000008000400c (0x09ec0c13) x24 0x00000000800060a6
core   0: 0x0000000080004010 (0x000c00e7) jalr    s8
core   0: 3 0x0000000080004010 (0x000c00e7) x1  0x0000000080004014
core   0: >>>>  any_handler
core   0: 0x00000000800060a6 (0x341027f3) csrrs   a5, mepc, zero
core   0: 3 0x00000000800060a6 (0x341027f3) x15 0x0000000080004ee0
core   0: 0x00000000800060aa (0x34202773) csrrs   a4, mcause, zero
core   0: 3 0x00000000800060aa (0x34202773) x14 0x0000000000000002
core   0: 0x00000000800060ae (0x142026f3) csrrs   a3, scause, zero
core   0: 3 0x00000000800060ae (0x142026f3) x13 0x0000000000000014
core   0: 0x00000000800060b2 (0x30402673) csrrs   a2, mie, zero
core   0: 3 0x00000000800060b2 (0x30402673) x12 0x0000000000000a00
core   0: 0x00000000800060b6 (0x344025f3) csrrs   a1, mip, zero
core   0: 3 0x00000000800060b6 (0x344025f3) x11 0x0000000000000080
core   0: 0x00000000800060ba (0x343025f3) csrrs   a1, mtval, zero
core   0: 3 0x00000000800060ba (0x343025f3) x11 0x00000000303cadf3
core   0: 0x00000000800060be (0x14302573) csrrs   a0, stval, zero
core   0: 3 0x00000000800060be (0x14302573) x10 0x0000000000000000
core   0: 0x00000000800060c2 (0xb02024f3) csrrs   s1, minstret, zero
core   0: 3 0x00000000800060c2 (0xb02024f3) x9  0x0000000000000c6d
core   0: 0x00000000800060c6 (0x0000a811) c.j     pc + 20
core   0: 3 0x00000000800060c6 (0xa811)
core   0: >>>>  mepc_4
core   0: 0x00000000800060da (0x00000791) c.addi  a5, 4
core   0: 3 0x00000000800060da (0x0791) x15 0x0000000080004ee4
core   0: 0x00000000800060dc (0x34179073) csrrw   zero, mepc, a5
core   0: 3 0x00000000800060dc (0x34179073) c833_mepc 0x0000000080004ee4
core   0: 0x00000000800060e0 (0x30200073) mret
core   0: 3 0x00000000800060e0 (0x30200073) c768_mstatus 0x8000000a00106080
core   0: 0x0000000080004ee4 (0xe2050a53) fmv.x.d s4, fa0
core   0: 1 0x0000000080004ee4 (0xe2050a53) x20 0xffffffff3f800000
core   0: 0x0000000080004ee8 (0x016b52bb) srlw    t0, s6, s6
core   0: 1 0x0000000080004ee8 (0x016b52bb) x5  0x0000000000000000
core   0: 0x0000000080004eec (0xf11bb773) csrrc   a4, mvendorid, s7
core   0: exception trap_illegal_instruction, epc 0x0000000080004eec
core   0:           tval 0x00000000f11bb773
core   0: >>>>  $xrv64i2p1_m2p0_a2p1_f2p2_d2p2_zicsr2p0_zifencei2p0_zmmul1p0_zba1p0_zbb1p0_zbc1p0_zbs1p0
core   0: 0x0000000080004000 (0x0080006f) j       pc + 0x8
core   0: 3 0x0000000080004000 (0x0080006f)
core   0: >>>>  mmode_exception_handler
core   0: 0x0000000080004008 (0x00002c17) auipc   s8, 0x2
core   0: 3 0x0000000080004008 (0x00002c17) x24 0x0000000080006008
core   0: 0x000000008000400c (0x09ec0c13) addi    s8, s8, 158
core   0: 3 0x000000008000400c (0x09ec0c13) x24 0x00000000800060a6
core   0: 0x0000000080004010 (0x000c00e7) jalr    s8
core   0: 3 0x0000000080004010 (0x000c00e7) x1  0x0000000080004014
core   0: >>>>  any_handler
core   0: 0x00000000800060a6 (0x341027f3) csrrs   a5, mepc, zero
core   0: 3 0x00000000800060a6 (0x341027f3) x15 0x0000000080004eec
core   0: 0x00000000800060aa (0x34202773) csrrs   a4, mcause, zero
core   0: 3 0x00000000800060aa (0x34202773) x14 0x0000000000000002
core   0: 0x00000000800060ae (0x142026f3) csrrs   a3, scause, zero
core   0: 3 0x00000000800060ae (0x142026f3) x13 0x0000000000000014
core   0: 0x00000000800060b2 (0x30402673) csrrs   a2, mie, zero
core   0: 3 0x00000000800060b2 (0x30402673) x12 0x0000000000000a00
core   0: 0x00000000800060b6 (0x344025f3) csrrs   a1, mip, zero
core   0: 3 0x00000000800060b6 (0x344025f3) x11 0x0000000000000080
core   0: 0x00000000800060ba (0x343025f3) csrrs   a1, mtval, zero
core   0: 3 0x00000000800060ba (0x343025f3) x11 0x00000000f11bb773
core   0: 0x00000000800060be (0x14302573) csrrs   a0, stval, zero
core   0: 3 0x00000000800060be (0x14302573) x10 0x0000000000000000
core   0: 0x00000000800060c2 (0xb02024f3) csrrs   s1, minstret, zero
core   0: 3 0x00000000800060c2 (0xb02024f3) x9  0x0000000000000c7f
core   0: 0x00000000800060c6 (0x0000a811) c.j     pc + 20
core   0: 3 0x00000000800060c6 (0xa811)
core   0: >>>>  mepc_4
core   0: 0x00000000800060da (0x00000791) c.addi  a5, 4
core   0: 3 0x00000000800060da (0x0791) x15 0x0000000080004ef0
core   0: 0x00000000800060dc (0x34179073) csrrw   zero, mepc, a5
core   0: 3 0x00000000800060dc (0x34179073) c833_mepc 0x0000000080004ef0
core   0: 0x00000000800060e0 (0x30200073) mret
core   0: 3 0x00000000800060e0 (0x30200073) c768_mstatus 0x8000000a00106080
core   0: 0x0000000080004ef0 (0x40ae03b3) sub     t2, t3, a0
core   0: 1 0x0000000080004ef0 (0x40ae03b3) x7  0x0000000000000000
core   0: 0x0000000080004ef4 (0x0ba8f2d3) fsub.d  ft5, fa7, fs10
core   0: 1 0x0000000080004ef4 (0x0ba8f2d3) f5  0x7ff8000000000000
core   0: 0x0000000080004ef8 (0xf2070353) fmv.d.x ft6, a4
core   0: 1 0x0000000080004ef8 (0xf2070353) f6  0x0000000000000002
core   0: 0x0000000080004efc (0x0111959b) slliw   a1, gp, 17
core   0: 1 0x0000000080004efc (0x0111959b) x11 0x00000000001e0000
core   0: 0x0000000080004f00 (0x4017f8d3) fcvt.s.d fa7, fa5
core   0: 1 0x0000000080004f00 (0x4017f8d3) f17 0xffffffff7fc00000
core   0: 0x0000000080004f04 (0x011608bb) addw    a7, a2, a7
core   0: 1 0x0000000080004f04 (0x011608bb) x17 0x0000000000000a0f
core   0: 0x0000000080004f08 (0xd030fd53) fcvt.s.lu fs10, ra
core   0: 1 0x0000000080004f08 (0xd030fd53) c1_fflags 0x0000000000000011 f26 0xffffffff4f000040
core   0: 0x0000000080004f0c (0x01d08a33) add     s4, ra, t4
core   0: 1 0x0000000080004f0c (0x01d08a33) x20 0x000000008000400c
core   0: 0x0000000080004f10 (0x01ba1237) lui     tp, 0x1ba1
core   0: 1 0x0000000080004f10 (0x01ba1237) x4  0x0000000001ba1000
core   0: 0x0000000080004f14 (0x4892021b) addiw   tp, tp, 1161
core   0: 1 0x0000000080004f14 (0x4892021b) x4  0x0000000001ba1489
core   0: 0x0000000080004f18 (0x00000232) c.slli  tp, 12
core   0: 1 0x0000000080004f18 (0x0232) x4  0x0000001ba1489000
core   0: 0x0000000080004f1a (0x0aa20213) addi    tp, tp, 170
core   0: 1 0x0000000080004f1a (0x0aa20213) x4  0x0000001ba14890aa
core   0: 0x0000000080004f1e (0xc2027a53) fcvt.w.d s4, ft4
core   0: 1 0x0000000080004f1e (0xc2027a53) c1_fflags 0x0000000000000011 x20 0x000000007fffffff
core   0: 0x0000000080004f22 (0x03cbb3b3) mulhu   t2, s7, t3
core   0: 1 0x0000000080004f22 (0x03cbb3b3) x7  0x0000000000000000
core   0: 0x0000000080004f26 (0x5a0d75d3) fsqrt.d fa1, fs10
core   0: 1 0x0000000080004f26 (0x5a0d75d3) f11 0x7ff8000000000000
core   0: 0x0000000080004f2a (0x000ee193) ori     gp, t4, 0
core   0: 1 0x0000000080004f2a (0x000ee193) x3  0xfffffffffffffff8
core   0: 0x0000000080004f2e (0x032914b3) mulh    s1, s2, s2
core   0: 1 0x0000000080004f2e (0x032914b3) x9  0x0000000000000000
core   0: 0x0000000080004f32 (0xf20185d3) fmv.d.x fa1, gp
core   0: 1 0x0000000080004f32 (0xf20185d3) f11 0xfffffffffffffff8
core   0: 0x0000000080004f36 (0xa2ce70c7) fmsub.d ft1, ft8, fa2, fs4
core   0: 1 0x0000000080004f36 (0xa2ce70c7) f1  0x7ff8000000000000
core   0: 0x0000000080004f3a (0x0003d013) srli    zero, t2, 0
core   0: 1 0x0000000080004f3a (0x0003d013)
core   0: 0x0000000080004f3e (0x00151b13) slli    s6, a0, 1
core   0: 1 0x0000000080004f3e (0x00151b13) x22 0x0000000000000000
core   0: 0x0000000080004f42 (0x015b7ab3) and     s5, s6, s5
core   0: 1 0x0000000080004f42 (0x015b7ab3) x21 0x0000000000000000
core   0: 0x0000000080004f46 (0x403b599b) sraiw   s3, s6, 3
core   0: 1 0x0000000080004f46 (0x403b599b) x19 0x0000000000000000
core   0: 0x0000000080004f4a (0x121efcd3) fmul.d  fs9, ft9, ft1
core   0: 1 0x0000000080004f4a (0x121efcd3) f25 0x7ff8000000000000
core   0: 0x0000000080004f4e (0x225292d3) fsgnjn.d ft5, ft5, ft5
core   0: 1 0x0000000080004f4e (0x225292d3) f5  0xfff8000000000000
core   0: 0x0000000080004f52 (0xe20c8a53) fmv.x.d s4, fs9
core   0: 1 0x0000000080004f52 (0xe20c8a53) x20 0x7ff8000000000000
core   0: 0x0000000080004f56 (0x40d45213) srai    tp, s0, 13
core   0: 1 0x0000000080004f56 (0x40d45213) x4  0x0000000000000000
core   0: 0x0000000080004f5a (0x02425533) divu    a0, tp, tp
core   0: 1 0x0000000080004f5a (0x02425533) x10 0xffffffffffffffff
core   0: 0x0000000080004f5e (0x2b928c53) fmin.d  fs8, ft5, fs9
core   0: 1 0x0000000080004f5e (0x2b928c53) f24 0x7ff8000000000000
core   0: 0x0000000080004f62 (0x006310bb) sllw    ra, t1, t1
core   0: 1 0x0000000080004f62 (0x006310bb) x1  0x0000000000000000
core   0: 0x0000000080004f66 (0x00102b73) csrrs   s6, fflags, zero
core   0: 1 0x0000000080004f66 (0x00102b73) x22 0x0000000000000011
core   0: 0x0000000080004f6a (0x008e583b) srlw    a6, t3, s0
core   0: 1 0x0000000080004f6a (0x008e583b) x16 0x0000000000000000
core   0: 0x0000000080004f6e (0x01bdaa33) slt     s4, s11, s11
core   0: 1 0x0000000080004f6e (0x01bdaa33) x20 0x0000000000000000
core   0: 0x0000000080004f72 (0xc03c70d3) fcvt.lu.s ra, fs8
core   0: 1 0x0000000080004f72 (0xc03c70d3) c1_fflags 0x0000000000000011 x1  0xffffffffffffffff
core   0: 0x0000000080004f76 (0x34332373) csrrs   t1, mtval, t1
core   0: exception trap_illegal_instruction, epc 0x0000000080004f76
core   0:           tval 0x0000000034332373
core   0: >>>>  $xrv64i2p1_m2p0_a2p1_f2p2_d2p2_zicsr2p0_zifencei2p0_zmmul1p0_zba1p0_zbb1p0_zbc1p0_zbs1p0
core   0: 0x0000000080004000 (0x0080006f) j       pc + 0x8
core   0: 3 0x0000000080004000 (0x0080006f)
core   0: >>>>  mmode_exception_handler
core   0: 0x0000000080004008 (0x00002c17) auipc   s8, 0x2
core   0: 3 0x0000000080004008 (0x00002c17) x24 0x0000000080006008
core   0: 0x000000008000400c (0x09ec0c13) addi    s8, s8, 158
core   0: 3 0x000000008000400c (0x09ec0c13) x24 0x00000000800060a6
core   0: 0x0000000080004010 (0x000c00e7) jalr    s8
core   0: 3 0x0000000080004010 (0x000c00e7) x1  0x0000000080004014
core   0: >>>>  any_handler
core   0: 0x00000000800060a6 (0x341027f3) csrrs   a5, mepc, zero
core   0: 3 0x00000000800060a6 (0x341027f3) x15 0x0000000080004f76
core   0: 0x00000000800060aa (0x34202773) csrrs   a4, mcause, zero
core   0: 3 0x00000000800060aa (0x34202773) x14 0x0000000000000002
core   0: 0x00000000800060ae (0x142026f3) csrrs   a3, scause, zero
core   0: 3 0x00000000800060ae (0x142026f3) x13 0x0000000000000014
core   0: 0x00000000800060b2 (0x30402673) csrrs   a2, mie, zero
core   0: 3 0x00000000800060b2 (0x30402673) x12 0x0000000000000a00
core   0: 0x00000000800060b6 (0x344025f3) csrrs   a1, mip, zero
core   0: 3 0x00000000800060b6 (0x344025f3) x11 0x0000000000000080
core   0: 0x00000000800060ba (0x343025f3) csrrs   a1, mtval, zero
core   0: 3 0x00000000800060ba (0x343025f3) x11 0x0000000034332373
core   0: 0x00000000800060be (0x14302573) csrrs   a0, stval, zero
core   0: 3 0x00000000800060be (0x14302573) x10 0x0000000000000000
core   0: 0x00000000800060c2 (0xb02024f3) csrrs   s1, minstret, zero
core   0: 3 0x00000000800060c2 (0xb02024f3) x9  0x0000000000000cb1
core   0: 0x00000000800060c6 (0x0000a811) c.j     pc + 20
core   0: 3 0x00000000800060c6 (0xa811)
core   0: >>>>  mepc_4
core   0: 0x00000000800060da (0x00000791) c.addi  a5, 4
core   0: 3 0x00000000800060da (0x0791) x15 0x0000000080004f7a
core   0: 0x00000000800060dc (0x34179073) csrrw   zero, mepc, a5
core   0: 3 0x00000000800060dc (0x34179073) c833_mepc 0x0000000080004f7a
core   0: 0x00000000800060e0 (0x30200073) mret
core   0: 3 0x00000000800060e0 (0x30200073) c768_mstatus 0x8000000a00106080
core   0: 0x0000000080004f7a (0x01217233) and     tp, sp, s2
core   0: 1 0x0000000080004f7a (0x01217233) x4  0x0000000000000000
core   0: 0x0000000080004f7e (0x00010e9b) sext.w  t4, sp
core   0: 1 0x0000000080004f7e (0x00010e9b) x29 0x0000000000000000
core   0: 0x0000000080004f82 (0x0ff0000f) fence   iorw,iorw
core   0: 1 0x0000000080004f82 (0x0ff0000f)
core   0: 0x0000000080004f86 (0xaa037acf) fnmadd.d fs5, ft6, ft0, fs5
core   0: 1 0x0000000080004f86 (0xaa037acf) f21 0x7ff8000000000000
core   0: 0x0000000080004f8a (0x1b54f4cb) fnmsub.d fs1, fs1, fs5, ft3
core   0: 1 0x0000000080004f8a (0x1b54f4cb) f9  0x7ff8000000000000
core   0: 0x0000000080004f8e (0x3bdeff43) fmadd.d ft10, ft9, ft9, ft7
core   0: 1 0x0000000080004f8e (0x3bdeff43) f30 0x7ff8000000000000
core   0: 0x0000000080004f92 (0x00018b9b) sext.w  s7, gp
core   0: 1 0x0000000080004f92 (0x00018b9b) x23 0xfffffffffffffff8
core   0: 0x0000000080004f96 (0x12b5f2d3) fmul.d  ft5, fa1, fa1
core   0: 1 0x0000000080004f96 (0x12b5f2d3) f5  0x7ff8000000000000
core   0: 0x0000000080004f9a (0xd0247053) fcvt.s.l ft0, s0
core   0: 1 0x0000000080004f9a (0xd0247053) f0  0xffffffff00000000
core   0: 0x0000000080004f9e (0x42098c53) fcvt.d.s fs8, fs3
core   0: 1 0x0000000080004f9e (0x42098c53) f24 0x7ff8000000000000
core   0: 0x0000000080004fa2 (0x00102573) csrrs   a0, fflags, zero
core   0: 1 0x0000000080004fa2 (0x00102573) x10 0x0000000000000011
core   0: 0x0000000080004fa6 (0x2d954a13) xori    s4, a0, 729
core   0: 1 0x0000000080004fa6 (0x2d954a13) x20 0x00000000000002c8
core   0: 0x0000000080004faa (0x22d5a853) fsgnjx.d fa6, fa1, fa3
core   0: 1 0x0000000080004faa (0x22d5a853) f16 0xfffffffffffffff8
core   0: 0x0000000080004fae (0x0ff0000f) fence   iorw,iorw
core   0: 1 0x0000000080004fae (0x0ff0000f)
core   0: 0x0000000080004fb2 (0xc225f253) fcvt.l.d tp, fa1
core   0: 1 0x0000000080004fb2 (0xc225f253) c1_fflags 0x0000000000000011 x4  0x7fffffffffffffff
core   0: 0x0000000080004fb6 (0x0097e9b3) or      s3, a5, s1
core   0: 1 0x0000000080004fb6 (0x0097e9b3) x19 0x0000000080004ffb
core   0: 0x0000000080004fba (0x0318e0bb) remw    ra, a7, a7
core   0: 1 0x0000000080004fba (0x0318e0bb) x1  0x0000000000000000
core   0: 0x0000000080004fbe (0x0017a2b3) slt     t0, a5, ra
core   0: 1 0x0000000080004fbe (0x0017a2b3) x5  0x0000000000000000
core   0: 0x0000000080004fc2 (0x0273c933) div     s2, t2, t2
core   0: 1 0x0000000080004fc2 (0x0273c933) x18 0xffffffffffffffff
core   0: 0x0000000080004fc6 (0x019003bb) addw    t2, zero, s9
core   0: 1 0x0000000080004fc6 (0x019003bb) x7  0x0000000000000000
core   0: 0x0000000080004fca (0x9b99facf) fnmadd.d fs5, fs3, fs9, fs3
core   0: 1 0x0000000080004fca (0x9b99facf) f21 0x7ff8000000000000
core   0: 0x0000000080004fce (0x0237d7b3) divu    a5, a5, gp
core   0: 1 0x0000000080004fce (0x0237d7b3) x15 0x0000000000000000
core   0: 0x0000000080004fd2 (0xd227f9d3) fcvt.d.l fs3, a5
core   0: 1 0x0000000080004fd2 (0xd227f9d3) f19 0x0000000000000000
core   0: 0x0000000080004fd6 (0x00881b33) sll     s6, a6, s0
core   0: 1 0x0000000080004fd6 (0x00881b33) x22 0x0000000000000000
core   0: 0x0000000080004fda (0xc21b7dd3) fcvt.wu.d s11, fs6
core   0: 1 0x0000000080004fda (0xc21b7dd3) x27 0x000000000000000f
core   0: 0x0000000080004fde (0x00009cf6) c.add   s9, t4
core   0: 1 0x0000000080004fde (0x9cf6) x25 0x0000000000000000
core   0: 0x0000000080004fe0 (0x026b8333) mul     t1, s7, t1
core   0: 1 0x0000000080004fe0 (0x026b8333) x6  0x0000000000000000
core   0: 0x0000000080004fe4 (0x0072f3b3) and     t2, t0, t2
core   0: 1 0x0000000080004fe4 (0x0072f3b3) x7  0x0000000000000000
core   0: 0x0000000080004fe8 (0xd2068a53) fcvt.d.w fs4, a3
core   0: 1 0x0000000080004fe8 (0xd2068a53) f20 0x4034000000000000
core   0: 0x0000000080004fec (0x73c7794b) fnmsub.d fs2, fa4, ft8, fa4
core   0: 1 0x0000000080004fec (0x73c7794b) f18 0x7ff8000000000000
core   0: 0x0000000080004ff0 (0x000cd193) srli    gp, s9, 0
core   0: 1 0x0000000080004ff0 (0x000cd193) x3  0x0000000000000000
core   0: 0x0000000080004ff4 (0x5a0cf3d3) fsqrt.d ft7, fs9
core   0: 1 0x0000000080004ff4 (0x5a0cf3d3) f7  0x7ff8000000000000
core   0: 0x0000000080004ff8 (0x9add849b) addiw   s1, s11, -1619
core   0: 1 0x0000000080004ff8 (0x9add849b) x9  0xfffffffffffff9bc
core   0: 0x0000000080004ffc (0xa73df393) andi    t2, s11, -1421
core   0: 1 0x0000000080004ffc (0xa73df393) x7  0x0000000000000003
core   0: 0x0000000080005000 (0x00da9bbb) sllw    s7, s5, a3
core   0: 1 0x0000000080005000 (0x00da9bbb) x23 0x0000000000000000
core   0: 0x0000000080005004 (0x42028c53) fcvt.d.s fs8, ft5
core   0: 1 0x0000000080005004 (0x42028c53) f24 0x7ff8000000000000
core   0: 0x0000000080005008 (0x417385bb) subw    a1, t2, s7
core   0: 1 0x0000000080005008 (0x417385bb) x11 0x0000000000000003
core   0: 0x000000008000500c (0xc228f4d3) fcvt.l.d s1, fa7
core   0: 1 0x000000008000500c (0xc228f4d3) c1_fflags 0x0000000000000011 x9  0x7fffffffffffffff
core   0: 0x0000000080005010 (0xc21375d3) fcvt.wu.d a1, ft6
core   0: 1 0x0000000080005010 (0xc21375d3) c1_fflags 0x0000000000000011 x11 0x0000000000000000
core   0: 0x0000000080005014 (0x00e99733) sll     a4, s3, a4
core   0: 1 0x0000000080005014 (0x00e99733) x14 0x0000000200013fec
core   0: 0x0000000080005018 (0xd113c213) xori    tp, t2, -751
core   0: 1 0x0000000080005018 (0xd113c213) x4  0xfffffffffffffd12
core   0: 0x000000008000501c (0xc007f973) csrrci  s2, cycle, 15
core   0: exception trap_illegal_instruction, epc 0x000000008000501c
core   0:           tval 0x00000000c007f973
core   0: >>>>  $xrv64i2p1_m2p0_a2p1_f2p2_d2p2_zicsr2p0_zifencei2p0_zmmul1p0_zba1p0_zbb1p0_zbc1p0_zbs1p0
core   0: 0x0000000080004000 (0x0080006f) j       pc + 0x8
core   0: 3 0x0000000080004000 (0x0080006f)
core   0: >>>>  mmode_exception_handler
core   0: 0x0000000080004008 (0x00002c17) auipc   s8, 0x2
core   0: 3 0x0000000080004008 (0x00002c17) x24 0x0000000080006008
core   0: 0x000000008000400c (0x09ec0c13) addi    s8, s8, 158
core   0: 3 0x000000008000400c (0x09ec0c13) x24 0x00000000800060a6
core   0: 0x0000000080004010 (0x000c00e7) jalr    s8
core   0: 3 0x0000000080004010 (0x000c00e7) x1  0x0000000080004014
core   0: >>>>  any_handler
core   0: 0x00000000800060a6 (0x341027f3) csrrs   a5, mepc, zero
core   0: 3 0x00000000800060a6 (0x341027f3) x15 0x000000008000501c
core   0: 0x00000000800060aa (0x34202773) csrrs   a4, mcause, zero
core   0: 3 0x00000000800060aa (0x34202773) x14 0x0000000000000002
core   0: 0x00000000800060ae (0x142026f3) csrrs   a3, scause, zero
core   0: 3 0x00000000800060ae (0x142026f3) x13 0x0000000000000014
core   0: 0x00000000800060b2 (0x30402673) csrrs   a2, mie, zero
core   0: 3 0x00000000800060b2 (0x30402673) x12 0x0000000000000a00
core   0: 0x00000000800060b6 (0x344025f3) csrrs   a1, mip, zero
core   0: 3 0x00000000800060b6 (0x344025f3) x11 0x0000000000000080
core   0: 0x00000000800060ba (0x343025f3) csrrs   a1, mtval, zero
core   0: 3 0x00000000800060ba (0x343025f3) x11 0x00000000c007f973
core   0: 0x00000000800060be (0x14302573) csrrs   a0, stval, zero
core   0: 3 0x00000000800060be (0x14302573) x10 0x0000000000000000
core   0: 0x00000000800060c2 (0xb02024f3) csrrs   s1, minstret, zero
core   0: 3 0x00000000800060c2 (0xb02024f3) x9  0x0000000000000cea
core   0: 0x00000000800060c6 (0x0000a811) c.j     pc + 20
core   0: 3 0x00000000800060c6 (0xa811)
core   0: >>>>  mepc_4
core   0: 0x00000000800060da (0x00000791) c.addi  a5, 4
core   0: 3 0x00000000800060da (0x0791) x15 0x0000000080005020
core   0: 0x00000000800060dc (0x34179073) csrrw   zero, mepc, a5
core   0: 3 0x00000000800060dc (0x34179073) c833_mepc 0x0000000080005020
core   0: 0x00000000800060e0 (0x30200073) mret
core   0: 3 0x00000000800060e0 (0x30200073) c768_mstatus 0x8000000a00106080
core   0: 0x0000000080005020 (0xfad461b7) lui     gp, 0xfad46
core   0: 1 0x0000000080005020 (0xfad461b7) x3  0xfffffffffad46000
core   0: 0x0000000080005024 (0xec71819b) addiw   gp, gp, -313
core   0: 1 0x0000000080005024 (0xec71819b) x3  0xfffffffffad45ec7
core   0: 0x0000000080005028 (0x000001b2) c.slli  gp, 12
core   0: 1 0x0000000080005028 (0x01b2) x3  0xffffffad45ec7000
core   0: 0x000000008000502a (0x36618193) addi    gp, gp, 870
core   0: 1 0x000000008000502a (0x36618193) x3  0xffffffad45ec7366
core   0: 0x000000008000502e (0xa21309d3) fle.d   s3, ft6, ft1
core   0: 1 0x000000008000502e (0xa21309d3) c1_fflags 0x0000000000000011 x19 0x0000000000000000
core   0: 0x0000000080005032 (0xd2030353) fcvt.d.w ft6, t1
core   0: 1 0x0000000080005032 (0xd2030353) f6  0x0000000000000000
core   0: 0x0000000080005036 (0x011e48b3) xor     a7, t3, a7
core   0: 1 0x0000000080005036 (0x011e48b3) x17 0x0000000000000a0f
core   0: 0x000000008000503a (0x016d0b3b) addw    s6, s10, s6
core   0: 1 0x000000008000503a (0x016d0b3b) x22 0x0000000000000000
core   0: 0x000000008000503e (0x001ce693) ori     a3, s9, 1
core   0: 1 0x000000008000503e (0x001ce693) x13 0x0000000000000001
core   0: 0x0000000080005042 (0x03a46dbb) remw    s11, s0, s10
core   0: 1 0x0000000080005042 (0x03a46dbb) x27 0x0000000000000000
core   0: 0x0000000080005046 (0xc02cf2d3) fcvt.l.s t0, fs9
core   0: 1 0x0000000080005046 (0xc02cf2d3) c1_fflags 0x0000000000000011 x5  0x7fffffffffffffff
core   0: 0x000000008000504a (0x40b70333) sub     t1, a4, a1
core   0: 1 0x000000008000504a (0x40b70333) x6  0xffffffff3ff8068f
core   0: 0x000000008000504e (0x001d1433) sll     s0, s10, ra
core   0: 1 0x000000008000504e (0x001d1433) x8  0x0000000000000000
core   0: 0x0000000080005052 (0x029bd3bb) divuw   t2, s7, s1
core   0: 1 0x0000000080005052 (0x029bd3bb) x7  0x0000000000000000
core   0: 0x0000000080005056 (0x00000001) c.nop
core   0: 1 0x0000000080005056 (0x0001)
core   0: 0x0000000080005058 (0x030b68bb) remw    a7, s6, a6
core   0: 1 0x0000000080005058 (0x030b68bb) x17 0x0000000000000000
core   0: 0x000000008000505c (0x0078fdb3) and     s11, a7, t2
core   0: 1 0x000000008000505c (0x0078fdb3) x27 0x0000000000000000
core   0: 0x0000000080005060 (0x0158f8b3) and     a7, a7, s5
core   0: 1 0x0000000080005060 (0x0158f8b3) x17 0x0000000000000000
core   0: 0x0000000080005064 (0x40c88abb) subw    s5, a7, a2
core   0: 1 0x0000000080005064 (0x40c88abb) x21 0xfffffffffffff600
core   0: 0x0000000080005068 (0x4010fbd3) fcvt.s.d fs7, ft1
core   0: 1 0x0000000080005068 (0x4010fbd3) f23 0xffffffff7fc00000
core   0: 0x000000008000506c (0x40c1d1bb) sraw    gp, gp, a2
core   0: 1 0x000000008000506c (0x40c1d1bb) x3  0x0000000045ec7366
core   0: 0x0000000080005070 (0x00076713) ori     a4, a4, 0
core   0: 1 0x0000000080005070 (0x00076713) x14 0x0000000000000002
core   0: 0x0000000080005074 (0x02071113) slli    sp, a4, 32
core   0: 1 0x0000000080005074 (0x02071113) x2  0x0000000200000000
core   0: 0x0000000080005078 (0x0ff0000f) fence   iorw,iorw
core   0: 1 0x0000000080005078 (0x0ff0000f)
core   0: 0x000000008000507c (0x4014f4d3) fcvt.s.d fs1, fs1
core   0: 1 0x000000008000507c (0x4014f4d3) f9  0xffffffff7fc00000
core   0: 0x0000000080005080 (0xd034fa53) fcvt.s.lu fs4, s1
core   0: 1 0x0000000080005080 (0xd034fa53) f20 0xffffffff454ea000
core   0: 0x0000000080005084 (0x00000001) c.nop
core   0: 1 0x0000000080005084 (0x0001)
core   0: 0x0000000080005086 (0xca9a72cb) fnmsub.d ft5, fs4, fs1, fs9
core   0: 1 0x0000000080005086 (0xca9a72cb) f5  0x7ff8000000000000
core   0: 0x000000008000508a (0x004a023b) addw    tp, s4, tp
core   0: 1 0x000000008000508a (0x004a023b) x4  0xffffffffffffffda
core   0: 0x000000008000508e (0x013d153b) sllw    a0, s10, s3
core   0: 1 0x000000008000508e (0x013d153b) x10 0x0000000000000000
core   0: 0x0000000080005092 (0x4251d893) srai    a7, gp, 37
core   0: 1 0x0000000080005092 (0x4251d893) x17 0x0000000000000000
core   0: 0x0000000080005096 (0x00d6cc33) xor     s8, a3, a3
core   0: 1 0x0000000080005096 (0x00d6cc33) x24 0x0000000000000000
core   0: 0x000000008000509a (0x00421b33) sll     s6, tp, tp
core   0: 1 0x000000008000509a (0x00421b33) x22 0xffffffff68000000
core   0: 0x000000008000509e (0x400c589b) sraiw   a7, s8, 0
core   0: 1 0x000000008000509e (0x400c589b) x17 0x0000000000000000
core   0: 0x00000000800050a2 (0xc02dfbd3) fcvt.l.s s7, fs11
core   0: 1 0x00000000800050a2 (0xc02dfbd3) c1_fflags 0x0000000000000011 x23 0x7fffffffffffffff
core   0: 0x00000000800050a6 (0xebd17147) fmsub.d ft2, ft2, ft9, ft9
core   0: 1 0x00000000800050a6 (0xebd17147) f2  0x7ff8000000000000
core   0: 0x00000000800050aa (0xc23970d3) fcvt.lu.d ra, fs2
core   0: 1 0x00000000800050aa (0xc23970d3) c1_fflags 0x0000000000000011 x1  0xffffffffffffffff
core   0: 0x00000000800050ae (0x13887447) fmsub.d fs0, fa6, fs8, ft2
core   0: 1 0x00000000800050ae (0x13887447) f8  0x7ff8000000000000
core   0: 0x00000000800050b2 (0x018ae933) or      s2, s5, s8
core   0: 1 0x00000000800050b2 (0x018ae933) x18 0xfffffffffffff600
core   0: 0x00000000800050b6 (0xf2dd8e93) addi    t4, s11, -211
core   0: 1 0x00000000800050b6 (0xf2dd8e93) x29 0xffffffffffffff2d
core   0: 0x00000000800050ba (0x01d581b3) add     gp, a1, t4
core   0: 1 0x00000000800050ba (0x01d581b3) x3  0x00000000c007f8a0
core   0: 0x00000000800050be (0x02f017b3) mulh    a5, zero, a5
core   0: 1 0x00000000800050be (0x02f017b3) x15 0x0000000000000000
core   0: 0x00000000800050c2 (0x0052f2b3) and     t0, t0, t0
core   0: 1 0x00000000800050c2 (0x0052f2b3) x5  0x7fffffffffffffff
core   0: 0x00000000800050c6 (0x9b588013) addi    zero, a7, -1611
core   0: 1 0x00000000800050c6 (0x9b588013)
core   0: 0x00000000800050ca (0x0ff0000f) fence   iorw,iorw
core   0: 1 0x00000000800050ca (0x0ff0000f)
core   0: 0x00000000800050ce (0x74792a73) csrrs   s4, mseccfg, s2
core   0: exception trap_illegal_instruction, epc 0x00000000800050ce
core   0:           tval 0x0000000074792a73
core   0: >>>>  $xrv64i2p1_m2p0_a2p1_f2p2_d2p2_zicsr2p0_zifencei2p0_zmmul1p0_zba1p0_zbb1p0_zbc1p0_zbs1p0
core   0: 0x0000000080004000 (0x0080006f) j       pc + 0x8
core   0: 3 0x0000000080004000 (0x0080006f)
core   0: >>>>  mmode_exception_handler
core   0: 0x0000000080004008 (0x00002c17) auipc   s8, 0x2
core   0: 3 0x0000000080004008 (0x00002c17) x24 0x0000000080006008
core   0: 0x000000008000400c (0x09ec0c13) addi    s8, s8, 158
core   0: 3 0x000000008000400c (0x09ec0c13) x24 0x00000000800060a6
core   0: 0x0000000080004010 (0x000c00e7) jalr    s8
core   0: 3 0x0000000080004010 (0x000c00e7) x1  0x0000000080004014
core   0: >>>>  any_handler
core   0: 0x00000000800060a6 (0x341027f3) csrrs   a5, mepc, zero
core   0: 3 0x00000000800060a6 (0x341027f3) x15 0x00000000800050ce
core   0: 0x00000000800060aa (0x34202773) csrrs   a4, mcause, zero
core   0: 3 0x00000000800060aa (0x34202773) x14 0x0000000000000002
core   0: 0x00000000800060ae (0x142026f3) csrrs   a3, scause, zero
core   0: 3 0x00000000800060ae (0x142026f3) x13 0x0000000000000014
core   0: 0x00000000800060b2 (0x30402673) csrrs   a2, mie, zero
core   0: 3 0x00000000800060b2 (0x30402673) x12 0x0000000000000a00
core   0: 0x00000000800060b6 (0x344025f3) csrrs   a1, mip, zero
core   0: 3 0x00000000800060b6 (0x344025f3) x11 0x0000000000000080
core   0: 0x00000000800060ba (0x343025f3) csrrs   a1, mtval, zero
core   0: 3 0x00000000800060ba (0x343025f3) x11 0x0000000074792a73
core   0: 0x00000000800060be (0x14302573) csrrs   a0, stval, zero
core   0: 3 0x00000000800060be (0x14302573) x10 0x0000000000000000
core   0: 0x00000000800060c2 (0xb02024f3) csrrs   s1, minstret, zero
core   0: 3 0x00000000800060c2 (0xb02024f3) x9  0x0000000000000d27
core   0: 0x00000000800060c6 (0x0000a811) c.j     pc + 20
core   0: 3 0x00000000800060c6 (0xa811)
core   0: >>>>  mepc_4
core   0: 0x00000000800060da (0x00000791) c.addi  a5, 4
core   0: 3 0x00000000800060da (0x0791) x15 0x00000000800050d2
core   0: 0x00000000800060dc (0x34179073) csrrw   zero, mepc, a5
core   0: 3 0x00000000800060dc (0x34179073) c833_mepc 0x00000000800050d2
core   0: 0x00000000800060e0 (0x30200073) mret
core   0: 3 0x00000000800060e0 (0x30200073) c768_mstatus 0x8000000a00106080
core   0: 0x00000000800050d2 (0x00000001) c.nop
core   0: 1 0x00000000800050d2 (0x0001)
core   0: 0x00000000800050d4 (0x400b5b1b) sraiw   s6, s6, 0
core   0: 1 0x00000000800050d4 (0x400b5b1b) x22 0x0000000068000000
core   0: 0x00000000800050d8 (0x31a434f3) csrrc   s1, menvcfgh, s0
core   0: exception trap_illegal_instruction, epc 0x00000000800050d8
core   0:           tval 0x0000000031a434f3
core   0: >>>>  $xrv64i2p1_m2p0_a2p1_f2p2_d2p2_zicsr2p0_zifencei2p0_zmmul1p0_zba1p0_zbb1p0_zbc1p0_zbs1p0
core   0: 0x0000000080004000 (0x0080006f) j       pc + 0x8
core   0: 3 0x0000000080004000 (0x0080006f)
core   0: >>>>  mmode_exception_handler
core   0: 0x0000000080004008 (0x00002c17) auipc   s8, 0x2
core   0: 3 0x0000000080004008 (0x00002c17) x24 0x0000000080006008
core   0: 0x000000008000400c (0x09ec0c13) addi    s8, s8, 158
core   0: 3 0x000000008000400c (0x09ec0c13) x24 0x00000000800060a6
core   0: 0x0000000080004010 (0x000c00e7) jalr    s8
core   0: 3 0x0000000080004010 (0x000c00e7) x1  0x0000000080004014
core   0: >>>>  any_handler
core   0: 0x00000000800060a6 (0x341027f3) csrrs   a5, mepc, zero
core   0: 3 0x00000000800060a6 (0x341027f3) x15 0x00000000800050d8
core   0: 0x00000000800060aa (0x34202773) csrrs   a4, mcause, zero
core   0: 3 0x00000000800060aa (0x34202773) x14 0x0000000000000002
core   0: 0x00000000800060ae (0x142026f3) csrrs   a3, scause, zero
core   0: 3 0x00000000800060ae (0x142026f3) x13 0x0000000000000014
core   0: 0x00000000800060b2 (0x30402673) csrrs   a2, mie, zero
core   0: 3 0x00000000800060b2 (0x30402673) x12 0x0000000000000a00
core   0: 0x00000000800060b6 (0x344025f3) csrrs   a1, mip, zero
core   0: 3 0x00000000800060b6 (0x344025f3) x11 0x0000000000000080
core   0: 0x00000000800060ba (0x343025f3) csrrs   a1, mtval, zero
core   0: 3 0x00000000800060ba (0x343025f3) x11 0x0000000031a434f3
core   0: 0x00000000800060be (0x14302573) csrrs   a0, stval, zero
core   0: 3 0x00000000800060be (0x14302573) x10 0x0000000000000000
core   0: 0x00000000800060c2 (0xb02024f3) csrrs   s1, minstret, zero
core   0: 3 0x00000000800060c2 (0xb02024f3) x9  0x0000000000000d39
core   0: 0x00000000800060c6 (0x0000a811) c.j     pc + 20
core   0: 3 0x00000000800060c6 (0xa811)
core   0: >>>>  mepc_4
core   0: 0x00000000800060da (0x00000791) c.addi  a5, 4
core   0: 3 0x00000000800060da (0x0791) x15 0x00000000800050dc
core   0: 0x00000000800060dc (0x34179073) csrrw   zero, mepc, a5
core   0: 3 0x00000000800060dc (0x34179073) c833_mepc 0x00000000800050dc
core   0: 0x00000000800060e0 (0x30200073) mret
core   0: 3 0x00000000800060e0 (0x30200073) c768_mstatus 0x8000000a00106080
core   0: 0x00000000800050dc (0x01a80b3b) addw    s6, a6, s10
core   0: 1 0x00000000800050dc (0x01a80b3b) x22 0x0000000000000000
core   0: 0x00000000800050e0 (0x2ae01053) fmax.d  ft0, ft0, fa4
core   0: 1 0x00000000800050e0 (0x2ae01053) f0  0x7ff8000000000000
core   0: 0x00000000800050e4 (0x03bc0db3) mul     s11, s8, s11
core   0: 1 0x00000000800050e4 (0x03bc0db3) x27 0x0000000000000000
core   0: 0x00000000800050e8 (0x0000967d) c.srai  a2, 63
core   0: 1 0x00000000800050e8 (0x967d) x12 0x0000000000000000
core   0: 0x00000000800050ea (0x02e1f1bb) remuw   gp, gp, a4
core   0: 1 0x00000000800050ea (0x02e1f1bb) x3  0x0000000000000000
core   0: 0x00000000800050ee (0xd0367fd3) fcvt.s.lu ft11, a2
core   0: 1 0x00000000800050ee (0xd0367fd3) f31 0xffffffff00000000
core   0: 0x00000000800050f2 (0xc0307bd3) fcvt.lu.s s7, ft0
core   0: 1 0x00000000800050f2 (0xc0307bd3) c1_fflags 0x0000000000000011 x23 0xffffffffffffffff
core   0: 0x00000000800050f6 (0x2a020253) fmin.d  ft4, ft4, ft0
core   0: 1 0x00000000800050f6 (0x2a020253) f4  0x7ff8000000000000
core   0: 0x00000000800050fa (0x303191f3) csrrw   gp, mideleg, gp
core   0: exception trap_illegal_instruction, epc 0x00000000800050fa
core   0:           tval 0x00000000303191f3
core   0: >>>>  $xrv64i2p1_m2p0_a2p1_f2p2_d2p2_zicsr2p0_zifencei2p0_zmmul1p0_zba1p0_zbb1p0_zbc1p0_zbs1p0
core   0: 0x0000000080004000 (0x0080006f) j       pc + 0x8
core   0: 3 0x0000000080004000 (0x0080006f)
core   0: >>>>  mmode_exception_handler
core   0: 0x0000000080004008 (0x00002c17) auipc   s8, 0x2
core   0: 3 0x0000000080004008 (0x00002c17) x24 0x0000000080006008
core   0: 0x000000008000400c (0x09ec0c13) addi    s8, s8, 158
core   0: 3 0x000000008000400c (0x09ec0c13) x24 0x00000000800060a6
core   0: 0x0000000080004010 (0x000c00e7) jalr    s8
core   0: 3 0x0000000080004010 (0x000c00e7) x1  0x0000000080004014
core   0: >>>>  any_handler
core   0: 0x00000000800060a6 (0x341027f3) csrrs   a5, mepc, zero
core   0: 3 0x00000000800060a6 (0x341027f3) x15 0x00000000800050fa
core   0: 0x00000000800060aa (0x34202773) csrrs   a4, mcause, zero
core   0: 3 0x00000000800060aa (0x34202773) x14 0x0000000000000002
core   0: 0x00000000800060ae (0x142026f3) csrrs   a3, scause, zero
core   0: 3 0x00000000800060ae (0x142026f3) x13 0x0000000000000014
core   0: 0x00000000800060b2 (0x30402673) csrrs   a2, mie, zero
core   0: 3 0x00000000800060b2 (0x30402673) x12 0x0000000000000a00
core   0: 0x00000000800060b6 (0x344025f3) csrrs   a1, mip, zero
core   0: 3 0x00000000800060b6 (0x344025f3) x11 0x0000000000000080
core   0: 0x00000000800060ba (0x343025f3) csrrs   a1, mtval, zero
core   0: 3 0x00000000800060ba (0x343025f3) x11 0x00000000303191f3
core   0: 0x00000000800060be (0x14302573) csrrs   a0, stval, zero
core   0: 3 0x00000000800060be (0x14302573) x10 0x0000000000000000
core   0: 0x00000000800060c2 (0xb02024f3) csrrs   s1, minstret, zero
core   0: 3 0x00000000800060c2 (0xb02024f3) x9  0x0000000000000d51
core   0: 0x00000000800060c6 (0x0000a811) c.j     pc + 20
core   0: 3 0x00000000800060c6 (0xa811)
core   0: >>>>  mepc_4
core   0: 0x00000000800060da (0x00000791) c.addi  a5, 4
core   0: 3 0x00000000800060da (0x0791) x15 0x00000000800050fe
core   0: 0x00000000800060dc (0x34179073) csrrw   zero, mepc, a5
core   0: 3 0x00000000800060dc (0x34179073) c833_mepc 0x00000000800050fe
core   0: 0x00000000800060e0 (0x30200073) mret
core   0: 3 0x00000000800060e0 (0x30200073) c768_mstatus 0x8000000a00106080
core   0: 0x00000000800050fe (0x4163d5b3) sra     a1, t2, s6
core   0: 1 0x00000000800050fe (0x4163d5b3) x11 0x0000000000000000
core   0: 0x0000000080005102 (0x4017f4d3) fcvt.s.d fs1, fa5
core   0: 1 0x0000000080005102 (0x4017f4d3) f9  0xffffffff7fc00000
core   0: 0x0000000080005106 (0x5ce78d37) lui     s10, 0x5ce78
core   0: 1 0x0000000080005106 (0x5ce78d37) x26 0x000000005ce78000
core   0: 0x000000008000510a (0x008d46b3) xor     a3, s10, s0
core   0: 1 0x000000008000510a (0x008d46b3) x13 0x000000005ce78000
core   0: 0x000000008000510e (0x0ff0000f) fence   iorw,iorw
core   0: 1 0x000000008000510e (0x0ff0000f)
core   0: 0x0000000080005112 (0xa7686717) auipc   a4, 0xa7686
core   0: 1 0x0000000080005112 (0xa7686717) x14 0x000000002768b112
core   0: 0x0000000080005116 (0x40085033) sra     zero, a6, zero
core   0: 1 0x0000000080005116 (0x40085033)
core   0: 0x000000008000511a (0xf1383273) csrrc   tp, mimpid, a6
core   0: exception trap_illegal_instruction, epc 0x000000008000511a
core   0:           tval 0x00000000f1383273
core   0: >>>>  $xrv64i2p1_m2p0_a2p1_f2p2_d2p2_zicsr2p0_zifencei2p0_zmmul1p0_zba1p0_zbb1p0_zbc1p0_zbs1p0
core   0: 0x0000000080004000 (0x0080006f) j       pc + 0x8
core   0: 3 0x0000000080004000 (0x0080006f)
core   0: >>>>  mmode_exception_handler
core   0: 0x0000000080004008 (0x00002c17) auipc   s8, 0x2
core   0: 3 0x0000000080004008 (0x00002c17) x24 0x0000000080006008
core   0: 0x000000008000400c (0x09ec0c13) addi    s8, s8, 158
core   0: 3 0x000000008000400c (0x09ec0c13) x24 0x00000000800060a6
core   0: 0x0000000080004010 (0x000c00e7) jalr    s8
core   0: 3 0x0000000080004010 (0x000c00e7) x1  0x0000000080004014
core   0: >>>>  any_handler
core   0: 0x00000000800060a6 (0x341027f3) csrrs   a5, mepc, zero
core   0: 3 0x00000000800060a6 (0x341027f3) x15 0x000000008000511a
core   0: 0x00000000800060aa (0x34202773) csrrs   a4, mcause, zero
core   0: 3 0x00000000800060aa (0x34202773) x14 0x0000000000000002
core   0: 0x00000000800060ae (0x142026f3) csrrs   a3, scause, zero
core   0: 3 0x00000000800060ae (0x142026f3) x13 0x0000000000000014
core   0: 0x00000000800060b2 (0x30402673) csrrs   a2, mie, zero
core   0: 3 0x00000000800060b2 (0x30402673) x12 0x0000000000000a00
core   0: 0x00000000800060b6 (0x344025f3) csrrs   a1, mip, zero
core   0: 3 0x00000000800060b6 (0x344025f3) x11 0x0000000000000080
core   0: 0x00000000800060ba (0x343025f3) csrrs   a1, mtval, zero
core   0: 3 0x00000000800060ba (0x343025f3) x11 0x00000000f1383273
core   0: 0x00000000800060be (0x14302573) csrrs   a0, stval, zero
core   0: 3 0x00000000800060be (0x14302573) x10 0x0000000000000000
core   0: 0x00000000800060c2 (0xb02024f3) csrrs   s1, minstret, zero
core   0: 3 0x00000000800060c2 (0xb02024f3) x9  0x0000000000000d68
core   0: 0x00000000800060c6 (0x0000a811) c.j     pc + 20
core   0: 3 0x00000000800060c6 (0xa811)
core   0: >>>>  mepc_4
core   0: 0x00000000800060da (0x00000791) c.addi  a5, 4
core   0: 3 0x00000000800060da (0x0791) x15 0x000000008000511e
core   0: 0x00000000800060dc (0x34179073) csrrw   zero, mepc, a5
core   0: 3 0x00000000800060dc (0x34179073) c833_mepc 0x000000008000511e
core   0: 0x00000000800060e0 (0x30200073) mret
core   0: 3 0x00000000800060e0 (0x30200073) c768_mstatus 0x8000000a00106080
core   0: 0x000000008000511e (0x22092953) fsgnjx.d fs2, fs2, ft0
core   0: 1 0x000000008000511e (0x22092953) f18 0x7ff8000000000000
core   0: 0x0000000080005122 (0xd23170d3) fcvt.d.lu ft1, sp
core   0: 1 0x0000000080005122 (0xd23170d3) f1  0x4200000000000000
core   0: 0x0000000080005126 (0x00eb1733) sll     a4, s6, a4
core   0: 1 0x0000000080005126 (0x00eb1733) x14 0x0000000000000000
core   0: 0x000000008000512a (0xe2008c53) fmv.x.d s8, ft1
core   0: 1 0x000000008000512a (0xe2008c53) x24 0x4200000000000000
core   0: 0x000000008000512e (0x0a94f853) fsub.d  fa6, fs1, fs1
core   0: 1 0x000000008000512e (0x0a94f853) f16 0x7ff8000000000000
core   0: 0x0000000080005132 (0xd2060ad3) fcvt.d.w fs5, a2
core   0: 1 0x0000000080005132 (0xd2060ad3) f21 0x40a4000000000000
core   0: 0x0000000080005136 (0x4008d13b) sraw    sp, a7, zero
core   0: 1 0x0000000080005136 (0x4008d13b) x2  0x0000000000000000
core   0: 0x000000008000513a (0x0202023b) mulw    tp, tp, zero
core   0: 1 0x000000008000513a (0x0202023b) x4  0x0000000000000000
core   0: 0x000000008000513e (0x004e1cbb) sllw    s9, t3, tp
core   0: 1 0x000000008000513e (0x004e1cbb) x25 0x0000000000000000
core   0: 0x0000000080005142 (0x42050f53) fcvt.d.s ft10, fa0
core   0: 1 0x0000000080005142 (0x42050f53) f30 0x3ff0000000000000
core   0: 0x0000000080005146 (0xff445db7) lui     s11, 0xff445
core   0: 1 0x0000000080005146 (0xff445db7) x27 0xffffffffff445000
core   0: 0x000000008000514a (0x885d8d9b) addiw   s11, s11, -1915
core   0: 1 0x000000008000514a (0x885d8d9b) x27 0xffffffffff444885
core   0: 0x000000008000514e (0x00000db6) c.slli  s11, 13
core   0: 1 0x000000008000514e (0x0db6) x27 0xffffffe88910a000
core   0: 0x0000000080005150 (0x187d8d93) addi    s11, s11, 391
core   0: 1 0x0000000080005150 (0x187d8d93) x27 0xffffffe88910a187
core   0: 0x0000000080005154 (0x407e093b) subw    s2, t3, t2
core   0: 1 0x0000000080005154 (0x407e093b) x18 0x0000000000000000
core   0: 0x0000000080005158 (0xd21d0853) fcvt.d.wu fa6, s10
core   0: 1 0x0000000080005158 (0xd21d0853) f16 0x41d739e000000000
core   0: 0x000000008000515c (0x00000001) c.nop
core   0: 1 0x000000008000515c (0x0001)
core   0: 0x000000008000515e (0xc22ff853) fcvt.l.d a6, ft11
core   0: 1 0x000000008000515e (0xc22ff853) c1_fflags 0x0000000000000011 x16 0x7fffffffffffffff
core   0: 0x0000000080005162 (0x01bd9eb3) sll     t4, s11, s11
core   0: 1 0x0000000080005162 (0x01bd9eb3) x29 0xfffff4448850c380
core   0: 0x0000000080005166 (0x029cdabb) divuw   s5, s9, s1
core   0: 1 0x0000000080005166 (0x029cdabb) x21 0x0000000000000000
core   0: 0x000000008000516a (0x018508bb) addw    a7, a0, s8
core   0: 1 0x000000008000516a (0x018508bb) x17 0x0000000000000000
core   0: 0x000000008000516e (0x6b06fbcb) fnmsub.d fs7, fa3, fa6, fa3
core   0: 1 0x000000008000516e (0x6b06fbcb) f23 0x7ff8000000000000
core   0: 0x0000000080005172 (0x001bdd1b) srliw   s10, s7, 1
core   0: 1 0x0000000080005172 (0x001bdd1b) x26 0x000000007fffffff
core   0: 0x0000000080005176 (0x12637f53) fmul.d  ft10, ft6, ft6
core   0: 1 0x0000000080005176 (0x12637f53) f30 0x0000000000000000
core   0: 0x000000008000517a (0x01a0d633) srl     a2, ra, s10
core   0: 1 0x000000008000517a (0x01a0d633) x12 0x0000000000000000
core   0: 0x000000008000517e (0x00029033) sll     zero, t0, zero
core   0: 1 0x000000008000517e (0x00029033)
core   0: 0x0000000080005182 (0x00000d86) c.slli  s11, 1
core   0: 1 0x0000000080005182 (0x0d86) x27 0xffffffd11221430e
core   0: 0x0000000080005184 (0x0208403b) divw    zero, a6, zero
core   0: 1 0x0000000080005184 (0x0208403b)
core   0: 0x0000000080005188 (0x01b89ebb) sllw    t4, a7, s11
core   0: 1 0x0000000080005188 (0x01b89ebb) x29 0x0000000000000000
core   0: 0x000000008000518c (0x027c6a3b) remw    s4, s8, t2
core   0: 1 0x000000008000518c (0x027c6a3b) x20 0x0000000000000000
core   0: 0x0000000080005190 (0x00102af3) csrrs   s5, fflags, zero
core   0: 1 0x0000000080005190 (0x00102af3) x21 0x0000000000000011
core   0: 0x0000000080005194 (0xd2277353) fcvt.d.l ft6, a4
core   0: 1 0x0000000080005194 (0xd2277353) f6  0x0000000000000000
core   0: 0x0000000080005198 (0xd3a97dcb) fnmsub.d fs11, fs2, fs10, fs10
core   0: 1 0x0000000080005198 (0xd3a97dcb) f27 0x7ff8000000000000
core   0: 0x000000008000519c (0x00221273) csrrw   tp, frm, tp
core   0: 1 0x000000008000519c (0x00221273) x4  0x0000000000000000 c2_frm 0x0000000000000000
core   0: 0x00000000800051a0 (0xc0267e53) fcvt.l.s t3, fa2
core   0: 1 0x00000000800051a0 (0xc0267e53) c1_fflags 0x0000000000000011 x28 0x7fffffffffffffff
core   0: 0x00000000800051a4 (0x01969133) sll     sp, a3, s9
core   0: 1 0x00000000800051a4 (0x01969133) x2  0x0000000000000014
core   0: 0x00000000800051a8 (0x02e75a3b) divuw   s4, a4, a4
core   0: 1 0x00000000800051a8 (0x02e75a3b) x20 0xffffffffffffffff
core   0: 0x00000000800051ac (0x40ec80bb) subw    ra, s9, a4
core   0: 1 0x00000000800051ac (0x40ec80bb) x1  0x0000000000000000
core   0: 0x00000000800051b0 (0x0ff0000f) fence   iorw,iorw
core   0: 1 0x00000000800051b0 (0x0ff0000f)
core   0: 0x00000000800051b4 (0x00000001) c.nop
core   0: 1 0x00000000800051b4 (0x0001)
core   0: 0x00000000800051b6 (0xc4c9dc17) auipc   s8, 0xc4c9d
core   0: 1 0x00000000800051b6 (0xc4c9dc17) x24 0x0000000044ca21b6
core   0: 0x00000000800051ba (0xc238fa53) fcvt.lu.d s4, fa7
core   0: 1 0x00000000800051ba (0xc238fa53) c1_fflags 0x0000000000000011 x20 0xffffffffffffffff
core   0: 0x00000000800051be (0xc03677d3) fcvt.lu.s a5, fa2
core   0: 1 0x00000000800051be (0xc03677d3) c1_fflags 0x0000000000000011 x15 0xffffffffffffffff
core   0: 0x00000000800051c2 (0x13677cd3) fmul.d  fs9, fa4, fs6
core   0: 1 0x00000000800051c2 (0x13677cd3) f25 0x7ff8000000000000
core   0: 0x00000000800051c6 (0x02c620b3) mulhsu  ra, a2, a2
core   0: 1 0x00000000800051c6 (0x02c620b3) x1  0x0000000000000000
core   0: 0x00000000800051ca (0x001719bb) sllw    s3, a4, ra
core   0: 1 0x00000000800051ca (0x001719bb) x19 0x0000000000000000
core   0: 0x00000000800051ce (0x4009883b) subw    a6, s3, zero
core   0: 1 0x00000000800051ce (0x4009883b) x16 0x0000000000000000
core   0: 0x00000000800051d2 (0xc81ffe73) csrrci  t3, timeh, 31
core   0: exception trap_illegal_instruction, epc 0x00000000800051d2
core   0:           tval 0x00000000c81ffe73
core   0: >>>>  $xrv64i2p1_m2p0_a2p1_f2p2_d2p2_zicsr2p0_zifencei2p0_zmmul1p0_zba1p0_zbb1p0_zbc1p0_zbs1p0
core   0: 0x0000000080004000 (0x0080006f) j       pc + 0x8
core   0: 3 0x0000000080004000 (0x0080006f)
core   0: >>>>  mmode_exception_handler
core   0: 0x0000000080004008 (0x00002c17) auipc   s8, 0x2
core   0: 3 0x0000000080004008 (0x00002c17) x24 0x0000000080006008
core   0: 0x000000008000400c (0x09ec0c13) addi    s8, s8, 158
core   0: 3 0x000000008000400c (0x09ec0c13) x24 0x00000000800060a6
core   0: 0x0000000080004010 (0x000c00e7) jalr    s8
core   0: 3 0x0000000080004010 (0x000c00e7) x1  0x0000000080004014
core   0: >>>>  any_handler
core   0: 0x00000000800060a6 (0x341027f3) csrrs   a5, mepc, zero
core   0: 3 0x00000000800060a6 (0x341027f3) x15 0x00000000800051d2
core   0: 0x00000000800060aa (0x34202773) csrrs   a4, mcause, zero
core   0: 3 0x00000000800060aa (0x34202773) x14 0x0000000000000002
core   0: 0x00000000800060ae (0x142026f3) csrrs   a3, scause, zero
core   0: 3 0x00000000800060ae (0x142026f3) x13 0x0000000000000014
core   0: 0x00000000800060b2 (0x30402673) csrrs   a2, mie, zero
core   0: 3 0x00000000800060b2 (0x30402673) x12 0x0000000000000a00
core   0: 0x00000000800060b6 (0x344025f3) csrrs   a1, mip, zero
core   0: 3 0x00000000800060b6 (0x344025f3) x11 0x0000000000000080
core   0: 0x00000000800060ba (0x343025f3) csrrs   a1, mtval, zero
core   0: 3 0x00000000800060ba (0x343025f3) x11 0x00000000c81ffe73
core   0: 0x00000000800060be (0x14302573) csrrs   a0, stval, zero
core   0: 3 0x00000000800060be (0x14302573) x10 0x0000000000000000
core   0: 0x00000000800060c2 (0xb02024f3) csrrs   s1, minstret, zero
core   0: 3 0x00000000800060c2 (0xb02024f3) x9  0x0000000000000da7
core   0: 0x00000000800060c6 (0x0000a811) c.j     pc + 20
core   0: 3 0x00000000800060c6 (0xa811)
core   0: >>>>  mepc_4
core   0: 0x00000000800060da (0x00000791) c.addi  a5, 4
core   0: 3 0x00000000800060da (0x0791) x15 0x00000000800051d6
core   0: 0x00000000800060dc (0x34179073) csrrw   zero, mepc, a5
core   0: 3 0x00000000800060dc (0x34179073) c833_mepc 0x00000000800051d6
core   0: 0x00000000800060e0 (0x30200073) mret
core   0: 3 0x00000000800060e0 (0x30200073) c768_mstatus 0x8000000a00106080
core   0: 0x00000000800051d6 (0x029e4b3b) divw    s6, t3, s1
core   0: 1 0x00000000800051d6 (0x029e4b3b) x22 0x0000000000000000
core   0: 0x00000000800051da (0x42e2d293) srai    t0, t0, 46
core   0: 1 0x00000000800051da (0x42e2d293) x5  0x000000000001ffff
core   0: 0x00000000800051de (0xd0387453) fcvt.s.lu fs0, a6
core   0: 1 0x00000000800051de (0xd0387453) f8  0xffffffff00000000
core   0: 0x00000000800051e2 (0xc2147bd3) fcvt.wu.d s7, fs0
core   0: 1 0x00000000800051e2 (0xc2147bd3) c1_fflags 0x0000000000000011 x23 0xffffffffffffffff
core   0: 0x00000000800051e6 (0x02087033) remu    zero, a6, zero
core   0: 1 0x00000000800051e6 (0x02087033)
core   0: 0x00000000800051ea (0x02b2ebb3) rem     s7, t0, a1
core   0: 1 0x00000000800051ea (0x02b2ebb3) x23 0x000000000001ffff
core   0: 0x00000000800051ee (0xc217f8d3) fcvt.wu.d a7, fa5
core   0: 1 0x00000000800051ee (0xc217f8d3) c1_fflags 0x0000000000000011 x17 0xffffffffffffffff
core   0: 0x00000000800051f2 (0x125ffd53) fmul.d  fs10, ft11, ft5
core   0: 1 0x00000000800051f2 (0x125ffd53) f26 0x7ff8000000000000
core   0: 0x00000000800051f6 (0x031e5213) srli    tp, t3, 49
core   0: 1 0x00000000800051f6 (0x031e5213) x4  0x0000000000003fff
core   0: 0x00000000800051fa (0xd3a6f943) fmadd.d fs2, fa3, fs10, fs10
core   0: 1 0x00000000800051fa (0xd3a6f943) f18 0x7ff8000000000000
core   0: 0x00000000800051fe (0x009159bb) srlw    s3, sp, s1
core   0: 1 0x00000000800051fe (0x009159bb) x19 0x0000000000000000
core   0: 0x0000000080005202 (0xd021fd53) fcvt.s.l fs10, gp
core   0: 1 0x0000000080005202 (0xd021fd53) f26 0xffffffff00000000
core   0: 0x0000000080005206 (0x03cb1913) slli    s2, s6, 60
core   0: 1 0x0000000080005206 (0x03cb1913) x18 0x0000000000000000
core   0: 0x000000008000520a (0x0e2b7d93) andi    s11, s6, 226
core   0: 1 0x000000008000520a (0x0e2b7d93) x27 0x0000000000000000
core   0: 0x000000008000520e (0x2462019b) addiw   gp, tp, 582
core   0: 1 0x000000008000520e (0x2462019b) x3  0x0000000000004245
core   0: 0x0000000080005212 (0xfff04793) not     a5, zero
core   0: 1 0x0000000080005212 (0xfff04793) x15 0xffffffffffffffff
core   0: 0x0000000080005216 (0xdad90813) addi    a6, s2, -595
core   0: 1 0x0000000080005216 (0xdad90813) x16 0xfffffffffffffdad
core   0: 0x000000008000521a (0x0010589b) srliw   a7, zero, 1
core   0: 1 0x000000008000521a (0x0010589b) x17 0x0000000000000000
core   0: 0x000000008000521e (0x4008d713) srai    a4, a7, 0
core   0: 1 0x000000008000521e (0x4008d713) x14 0x0000000000000000
core   0: 0x0000000080005222 (0xa3a90953) fle.d   s2, fs2, fs10
core   0: 1 0x0000000080005222 (0xa3a90953) c1_fflags 0x0000000000000011 x18 0x0000000000000000
core   0: 0x0000000080005226 (0x96fc0513) addi    a0, s8, -1681
core   0: 1 0x0000000080005226 (0x96fc0513) x10 0x0000000080005a15
core   0: 0x000000008000522a (0x9eccec97) auipc   s9, 0x9ecce
core   0: 1 0x000000008000522a (0x9eccec97) x25 0x000000001ecd322a
core   0: 0x000000008000522e (0x1256f4d3) fmul.d  fs1, fa3, ft5
core   0: 1 0x000000008000522e (0x1256f4d3) f9  0x7ff8000000000000
core   0: 0x0000000080005232 (0x035141bb) divw    gp, sp, s5
core   0: 1 0x0000000080005232 (0x035141bb) x3  0x0000000000000001
core   0: 0x0000000080005236 (0x00102e73) csrrs   t3, fflags, zero
core   0: 1 0x0000000080005236 (0x00102e73) x28 0x0000000000000011
core   0: 0x000000008000523a (0x6b67879b) addiw   a5, a5, 1718
core   0: 1 0x000000008000523a (0x6b67879b) x15 0x00000000000006b5
core   0: 0x000000008000523e (0x003b1893) slli    a7, s6, 3
core   0: 1 0x000000008000523e (0x003b1893) x17 0x0000000000000000
core   0: 0x0000000080005242 (0x00000001) c.nop
core   0: 1 0x0000000080005242 (0x0001)
core   0: 0x0000000080005244 (0x03b9f937) lui     s2, 0x3b9f
core   0: 1 0x0000000080005244 (0x03b9f937) x18 0x0000000003b9f000
core   0: 0x0000000080005248 (0x6e99091b) addiw   s2, s2, 1769
core   0: 1 0x0000000080005248 (0x6e99091b) x18 0x0000000003b9f6e9
core   0: 0x000000008000524c (0x00000932) c.slli  s2, 12
core   0: 1 0x000000008000524c (0x0932) x18 0x0000003b9f6e9000
core   0: 0x000000008000524e (0xca790913) addi    s2, s2, -857
core   0: 1 0x000000008000524e (0xca790913) x18 0x0000003b9f6e8ca7
core   0: 0x0000000080005252 (0x03d9c833) div     a6, s3, t4
core   0: 1 0x0000000080005252 (0x03d9c833) x16 0xffffffffffffffff
core   0: 0x0000000080005256 (0x42090f53) fcvt.d.s ft10, fs2
core   0: 1 0x0000000080005256 (0x42090f53) f30 0x7ff8000000000000
core   0: 0x000000008000525a (0xd21e8853) fcvt.d.wu fa6, t4
core   0: 1 0x000000008000525a (0xd21e8853) f16 0x0000000000000000
core   0: 0x000000008000525e (0x420903d3) fcvt.d.s ft7, fs2
core   0: 1 0x000000008000525e (0x420903d3) f7  0x7ff8000000000000
core   0: 0x0000000080005262 (0x00000001) c.nop
core   0: 1 0x0000000080005262 (0x0001)
core   0: 0x0000000080005264 (0x005e82bb) addw    t0, t4, t0
core   0: 1 0x0000000080005264 (0x005e82bb) x5  0x000000000001ffff
core   0: 0x0000000080005268 (0x28828a13) addi    s4, t0, 648
core   0: 1 0x0000000080005268 (0x28828a13) x20 0x0000000000020287
core   0: 0x000000008000526c (0xf1313573) csrrc   a0, mimpid, sp
core   0: exception trap_illegal_instruction, epc 0x000000008000526c
core   0:           tval 0x00000000f1313573
core   0: >>>>  $xrv64i2p1_m2p0_a2p1_f2p2_d2p2_zicsr2p0_zifencei2p0_zmmul1p0_zba1p0_zbb1p0_zbc1p0_zbs1p0
core   0: 0x0000000080004000 (0x0080006f) j       pc + 0x8
core   0: 3 0x0000000080004000 (0x0080006f)
core   0: >>>>  mmode_exception_handler
core   0: 0x0000000080004008 (0x00002c17) auipc   s8, 0x2
core   0: 3 0x0000000080004008 (0x00002c17) x24 0x0000000080006008
core   0: 0x000000008000400c (0x09ec0c13) addi    s8, s8, 158
core   0: 3 0x000000008000400c (0x09ec0c13) x24 0x00000000800060a6
core   0: 0x0000000080004010 (0x000c00e7) jalr    s8
core   0: 3 0x0000000080004010 (0x000c00e7) x1  0x0000000080004014
core   0: >>>>  any_handler
core   0: 0x00000000800060a6 (0x341027f3) csrrs   a5, mepc, zero
core   0: 3 0x00000000800060a6 (0x341027f3) x15 0x000000008000526c
core   0: 0x00000000800060aa (0x34202773) csrrs   a4, mcause, zero
core   0: 3 0x00000000800060aa (0x34202773) x14 0x0000000000000002
core   0: 0x00000000800060ae (0x142026f3) csrrs   a3, scause, zero
core   0: 3 0x00000000800060ae (0x142026f3) x13 0x0000000000000014
core   0: 0x00000000800060b2 (0x30402673) csrrs   a2, mie, zero
core   0: 3 0x00000000800060b2 (0x30402673) x12 0x0000000000000a00
core   0: 0x00000000800060b6 (0x344025f3) csrrs   a1, mip, zero
core   0: 3 0x00000000800060b6 (0x344025f3) x11 0x0000000000000080
core   0: 0x00000000800060ba (0x343025f3) csrrs   a1, mtval, zero
core   0: 3 0x00000000800060ba (0x343025f3) x11 0x00000000f1313573
core   0: 0x00000000800060be (0x14302573) csrrs   a0, stval, zero
core   0: 3 0x00000000800060be (0x14302573) x10 0x0000000000000000
core   0: 0x00000000800060c2 (0xb02024f3) csrrs   s1, minstret, zero
core   0: 3 0x00000000800060c2 (0xb02024f3) x9  0x0000000000000dde
core   0: 0x00000000800060c6 (0x0000a811) c.j     pc + 20
core   0: 3 0x00000000800060c6 (0xa811)
core   0: >>>>  mepc_4
core   0: 0x00000000800060da (0x00000791) c.addi  a5, 4
core   0: 3 0x00000000800060da (0x0791) x15 0x0000000080005270
core   0: 0x00000000800060dc (0x34179073) csrrw   zero, mepc, a5
core   0: 3 0x00000000800060dc (0x34179073) c833_mepc 0x0000000080005270
core   0: 0x00000000800060e0 (0x30200073) mret
core   0: 3 0x00000000800060e0 (0x30200073) c768_mstatus 0x8000000a00106080
core   0: 0x0000000080005270 (0xf153a2f3) csrrs   t0, mconfigptr, t2
core   0: exception trap_illegal_instruction, epc 0x0000000080005270
core   0:           tval 0x00000000f153a2f3
core   0: >>>>  $xrv64i2p1_m2p0_a2p1_f2p2_d2p2_zicsr2p0_zifencei2p0_zmmul1p0_zba1p0_zbb1p0_zbc1p0_zbs1p0
core   0: 0x0000000080004000 (0x0080006f) j       pc + 0x8
core   0: 3 0x0000000080004000 (0x0080006f)
core   0: >>>>  mmode_exception_handler
core   0: 0x0000000080004008 (0x00002c17) auipc   s8, 0x2
core   0: 3 0x0000000080004008 (0x00002c17) x24 0x0000000080006008
core   0: 0x000000008000400c (0x09ec0c13) addi    s8, s8, 158
core   0: 3 0x000000008000400c (0x09ec0c13) x24 0x00000000800060a6
core   0: 0x0000000080004010 (0x000c00e7) jalr    s8
core   0: 3 0x0000000080004010 (0x000c00e7) x1  0x0000000080004014
core   0: >>>>  any_handler
core   0: 0x00000000800060a6 (0x341027f3) csrrs   a5, mepc, zero
core   0: 3 0x00000000800060a6 (0x341027f3) x15 0x0000000080005270
core   0: 0x00000000800060aa (0x34202773) csrrs   a4, mcause, zero
core   0: 3 0x00000000800060aa (0x34202773) x14 0x0000000000000002
core   0: 0x00000000800060ae (0x142026f3) csrrs   a3, scause, zero
core   0: 3 0x00000000800060ae (0x142026f3) x13 0x0000000000000014
core   0: 0x00000000800060b2 (0x30402673) csrrs   a2, mie, zero
core   0: 3 0x00000000800060b2 (0x30402673) x12 0x0000000000000a00
core   0: 0x00000000800060b6 (0x344025f3) csrrs   a1, mip, zero
core   0: 3 0x00000000800060b6 (0x344025f3) x11 0x0000000000000080
core   0: 0x00000000800060ba (0x343025f3) csrrs   a1, mtval, zero
core   0: 3 0x00000000800060ba (0x343025f3) x11 0x00000000f153a2f3
core   0: 0x00000000800060be (0x14302573) csrrs   a0, stval, zero
core   0: 3 0x00000000800060be (0x14302573) x10 0x0000000000000000
core   0: 0x00000000800060c2 (0xb02024f3) csrrs   s1, minstret, zero
core   0: 3 0x00000000800060c2 (0xb02024f3) x9  0x0000000000000dee
core   0: 0x00000000800060c6 (0x0000a811) c.j     pc + 20
core   0: 3 0x00000000800060c6 (0xa811)
core   0: >>>>  mepc_4
core   0: 0x00000000800060da (0x00000791) c.addi  a5, 4
core   0: 3 0x00000000800060da (0x0791) x15 0x0000000080005274
core   0: 0x00000000800060dc (0x34179073) csrrw   zero, mepc, a5
core   0: 3 0x00000000800060dc (0x34179073) c833_mepc 0x0000000080005274
core   0: 0x00000000800060e0 (0x30200073) mret
core   0: 3 0x00000000800060e0 (0x30200073) c768_mstatus 0x8000000a00106080
core   0: 0x0000000080005274 (0xc02f7453) fcvt.l.s s0, ft10
core   0: 1 0x0000000080005274 (0xc02f7453) c1_fflags 0x0000000000000011 x8  0x7fffffffffffffff
core   0: 0x0000000080005278 (0x00102cf3) csrrs   s9, fflags, zero
core   0: 1 0x0000000080005278 (0x00102cf3) x25 0x0000000000000011
core   0: 0x000000008000527c (0x5a03fc53) fsqrt.d fs8, ft7
core   0: 1 0x000000008000527c (0x5a03fc53) f24 0x7ff8000000000000
core   0: 0x0000000080005280 (0x2b828853) fmin.d  fa6, ft5, fs8
core   0: 1 0x0000000080005280 (0x2b828853) f16 0x7ff8000000000000
core   0: 0x0000000080005284 (0xf2080453) fmv.d.x fs0, a6
core   0: 1 0x0000000080005284 (0xf2080453) f8  0xffffffffffffffff
core   0: 0x0000000080005288 (0xc037fc53) fcvt.lu.s s8, fa5
core   0: 1 0x0000000080005288 (0xc037fc53) c1_fflags 0x0000000000000011 x24 0xffffffffffffffff
core   0: 0x000000008000528c (0x00000001) c.nop
core   0: 1 0x000000008000528c (0x0001)
core   0: 0x000000008000528e (0x401a7d53) fcvt.s.d fs10, fs4
core   0: 1 0x000000008000528e (0x401a7d53) f26 0xffffffff7fc00000
core   0: 0x0000000080005292 (0x420d0b53) fcvt.d.s fs6, fs10
core   0: 1 0x0000000080005292 (0x420d0b53) f22 0x7ff8000000000000
core   0: 0x0000000080005296 (0x0005f413) andi    s0, a1, 0
core   0: 1 0x0000000080005296 (0x0005f413) x8  0x0000000000000000
core   0: 0x000000008000529a (0xd236fcd3) fcvt.d.lu fs9, a3
core   0: 1 0x000000008000529a (0xd236fcd3) f25 0x4034000000000000
core   0: 0x000000008000529e (0xc229fed3) fcvt.l.d t4, fs3
core   0: 1 0x000000008000529e (0xc229fed3) x29 0x0000000000000000
core   0: 0x00000000800052a2 (0x02d22eb3) mulhsu  t4, tp, a3
core   0: 1 0x00000000800052a2 (0x02d22eb3) x29 0x0000000000000000
core   0: 0x00000000800052a6 (0x8db67437) lui     s0, 0x8db67
core   0: 1 0x00000000800052a6 (0x8db67437) x8  0xffffffff8db67000
core   0: 0x00000000800052aa (0x011ef833) and     a6, t4, a7
core   0: 1 0x00000000800052aa (0x011ef833) x16 0x0000000000000000
core   0: 0x00000000800052ae (0xab5eeb13) ori     s6, t4, -1355
core   0: 1 0x00000000800052ae (0xab5eeb13) x22 0xfffffffffffffab5
core   0: 0x00000000800052b2 (0x02427553) fadd.d  fa0, ft4, ft4
core   0: 1 0x00000000800052b2 (0x02427553) f10 0x7ff8000000000000
core   0: 0x00000000800052b6 (0xd23c7153) fcvt.d.lu ft2, s8
core   0: 1 0x00000000800052b6 (0xd23c7153) c1_fflags 0x0000000000000011 f2  0x43f0000000000000
core   0: 0x00000000800052ba (0xd03effd3) fcvt.s.lu ft11, t4
core   0: 1 0x00000000800052ba (0xd03effd3) f31 0xffffffff00000000
core   0: 0x00000000800052be (0x0022513b) srlw    sp, tp, sp
core   0: 1 0x00000000800052be (0x0022513b) x2  0x0000000000000000
core   0: 0x00000000800052c2 (0x02c36c3b) remw    s8, t1, a2
core   0: 1 0x00000000800052c2 (0x02c36c3b) x24 0x000000000000028f
core   0: 0x00000000800052c6 (0x0ff0000f) fence   iorw,iorw
core   0: 1 0x00000000800052c6 (0x0ff0000f)
core   0: 0x00000000800052ca (0x00000001) c.nop
core   0: 1 0x00000000800052ca (0x0001)
core   0: 0x00000000800052cc (0x0ec7011b) addiw   sp, a4, 236
core   0: 1 0x00000000800052cc (0x0ec7011b) x2  0x00000000000000ee
core   0: 0x00000000800052d0 (0xd2377b53) fcvt.d.lu fs6, a4
core   0: 1 0x00000000800052d0 (0xd2377b53) f22 0x4000000000000000
core   0: 0x00000000800052d4 (0x002025f3) csrrs   a1, frm, zero
core   0: 1 0x00000000800052d4 (0x002025f3) x11 0x0000000000000000
core   0: 0x00000000800052d8 (0xc235f253) fcvt.lu.d tp, fa1
core   0: 1 0x00000000800052d8 (0xc235f253) c1_fflags 0x0000000000000011 x4  0xffffffffffffffff
core   0: 0x00000000800052dc (0x0058a837) lui     a6, 0x58a
core   0: 1 0x00000000800052dc (0x0058a837) x16 0x000000000058a000
core   0: 0x00000000800052e0 (0x3558081b) addiw   a6, a6, 853
core   0: 1 0x00000000800052e0 (0x3558081b) x16 0x000000000058a355
core   0: 0x00000000800052e4 (0x0000083a) c.slli  a6, 14
core   0: 1 0x00000000800052e4 (0x083a) x16 0x0000001628d54000
core   0: 0x00000000800052e6 (0x8f180813) addi    a6, a6, -1807
core   0: 1 0x00000000800052e6 (0x8f180813) x16 0x0000001628d538f1
core   0: 0x00000000800052ea (0x4a8b7f47) fmsub.d ft10, fs6, fs0, fs1
core   0: 1 0x00000000800052ea (0x4a8b7f47) f30 0x7ff8000000000000
core   0: 0x00000000800052ee (0x010da7b3) slt     a5, s11, a6
core   0: 1 0x00000000800052ee (0x010da7b3) x15 0x0000000000000001
core   0: 0x00000000800052f2 (0x31a039f3) csrrc   s3, menvcfgh, zero
core   0: exception trap_illegal_instruction, epc 0x00000000800052f2
core   0:           tval 0x0000000031a039f3
core   0: >>>>  $xrv64i2p1_m2p0_a2p1_f2p2_d2p2_zicsr2p0_zifencei2p0_zmmul1p0_zba1p0_zbb1p0_zbc1p0_zbs1p0
core   0: 0x0000000080004000 (0x0080006f) j       pc + 0x8
core   0: 3 0x0000000080004000 (0x0080006f)
core   0: >>>>  mmode_exception_handler
core   0: 0x0000000080004008 (0x00002c17) auipc   s8, 0x2
core   0: 3 0x0000000080004008 (0x00002c17) x24 0x0000000080006008
core   0: 0x000000008000400c (0x09ec0c13) addi    s8, s8, 158
core   0: 3 0x000000008000400c (0x09ec0c13) x24 0x00000000800060a6
core   0: 0x0000000080004010 (0x000c00e7) jalr    s8
core   0: 3 0x0000000080004010 (0x000c00e7) x1  0x0000000080004014
core   0: >>>>  any_handler
core   0: 0x00000000800060a6 (0x341027f3) csrrs   a5, mepc, zero
core   0: 3 0x00000000800060a6 (0x341027f3) x15 0x00000000800052f2
core   0: 0x00000000800060aa (0x34202773) csrrs   a4, mcause, zero
core   0: 3 0x00000000800060aa (0x34202773) x14 0x0000000000000002
core   0: 0x00000000800060ae (0x142026f3) csrrs   a3, scause, zero
core   0: 3 0x00000000800060ae (0x142026f3) x13 0x0000000000000014
core   0: 0x00000000800060b2 (0x30402673) csrrs   a2, mie, zero
core   0: 3 0x00000000800060b2 (0x30402673) x12 0x0000000000000a00
core   0: 0x00000000800060b6 (0x344025f3) csrrs   a1, mip, zero
core   0: 3 0x00000000800060b6 (0x344025f3) x11 0x0000000000000080
core   0: 0x00000000800060ba (0x343025f3) csrrs   a1, mtval, zero
core   0: 3 0x00000000800060ba (0x343025f3) x11 0x0000000031a039f3
core   0: 0x00000000800060be (0x14302573) csrrs   a0, stval, zero
core   0: 3 0x00000000800060be (0x14302573) x10 0x0000000000000000
core   0: 0x00000000800060c2 (0xb02024f3) csrrs   s1, minstret, zero
core   0: 3 0x00000000800060c2 (0xb02024f3) x9  0x0000000000000e1f
core   0: 0x00000000800060c6 (0x0000a811) c.j     pc + 20
core   0: 3 0x00000000800060c6 (0xa811)
core   0: >>>>  mepc_4
core   0: 0x00000000800060da (0x00000791) c.addi  a5, 4
core   0: 3 0x00000000800060da (0x0791) x15 0x00000000800052f6
core   0: 0x00000000800060dc (0x34179073) csrrw   zero, mepc, a5
core   0: 3 0x00000000800060dc (0x34179073) c833_mepc 0x00000000800052f6
core   0: 0x00000000800060e0 (0x30200073) mret
core   0: 3 0x00000000800060e0 (0x30200073) c768_mstatus 0x8000000a00106080
core   0: 0x00000000800052f6 (0x00102a73) csrrs   s4, fflags, zero
core   0: 1 0x00000000800052f6 (0x00102a73) x20 0x0000000000000011
core   0: 0x00000000800052fa (0x00009e99) c.subw  a3, a4
core   0: 1 0x00000000800052fa (0x9e99) x13 0x0000000000000012
core   0: 0x00000000800052fc (0xc02f7ed3) fcvt.l.s t4, ft10
core   0: 1 0x00000000800052fc (0xc02f7ed3) c1_fflags 0x0000000000000011 x29 0x7fffffffffffffff
core   0: 0x0000000080005300 (0x02be76b3) remu    a3, t3, a1
core   0: 1 0x0000000080005300 (0x02be76b3) x13 0x0000000000000011
core   0: 0x0000000080005304 (0x02849113) slli    sp, s1, 40
core   0: 1 0x0000000080005304 (0x02849113) x2  0x000e1f0000000000
core   0: 0x0000000080005308 (0x6aa68913) addi    s2, a3, 1706
core   0: 1 0x0000000080005308 (0x6aa68913) x18 0x00000000000006bb
core   0: 0x000000008000530c (0xd2108253) fcvt.d.wu ft4, ra
core   0: 1 0x000000008000530c (0xd2108253) f4  0x41e0000802800000
core   0: 0x0000000080005310 (0xa0e2c293) xori    t0, t0, -1522
core   0: 1 0x0000000080005310 (0xa0e2c293) x5  0xfffffffffffe05f1
core   0: 0x0000000080005314 (0x005aaab3) slt     s5, s5, t0
core   0: 1 0x0000000080005314 (0x005aaab3) x21 0x0000000000000000
core   0: 0x0000000080005318 (0x4234754f) fnmadd.d fa0, fs0, ft3, fs0
core   0: 1 0x0000000080005318 (0x4234754f) f10 0x7ff8000000000000
core   0: 0x000000008000531c (0x002d66b3) or      a3, s10, sp
core   0: 1 0x000000008000531c (0x002d66b3) x13 0x000e1f007fffffff
core   0: 0x0000000080005320 (0x106de073) csrrsi  zero, scounteren, 27
core   0: 1 0x0000000080005320 (0x106de073) c262_scounteren 0x0000000000000000
core   0: 0x0000000080005324 (0x45d78c9b) addiw   s9, a5, 1117
core   0: 1 0x0000000080005324 (0x45d78c9b) x25 0xffffffff80005753
core   0: 0x0000000080005328 (0x0339bdb3) mulhu   s11, s3, s3
core   0: 1 0x0000000080005328 (0x0339bdb3) x27 0x0000000000000000
core   0: 0x000000008000532c (0xc2057953) fcvt.w.d s2, fa0
core   0: 1 0x000000008000532c (0xc2057953) c1_fflags 0x0000000000000011 x18 0x000000007fffffff
core   0: 0x0000000080005330 (0x001c53b3) srl     t2, s8, ra
core   0: 1 0x0000000080005330 (0x001c53b3) x7  0x0000000000000800
core   0: 0x0000000080005334 (0x001edbb3) srl     s7, t4, ra
core   0: 1 0x0000000080005334 (0x001edbb3) x23 0x000007ffffffffff
core   0: 0x0000000080005338 (0xa2a202d3) fle.d   t0, ft4, fa0
core   0: 1 0x0000000080005338 (0xa2a202d3) c1_fflags 0x0000000000000011 x5  0x0000000000000000
core   0: 0x000000008000533c (0x002298f3) csrrw   a7, frm, t0
core   0: 1 0x000000008000533c (0x002298f3) x17 0x0000000000000000 c2_frm 0x0000000000000000
core   0: 0x0000000080005340 (0x0132f6b3) and     a3, t0, s3
core   0: 1 0x0000000080005340 (0x0132f6b3) x13 0x0000000000000000
core   0: 0x0000000080005344 (0x01bdaeb3) slt     t4, s11, s11
core   0: 1 0x0000000080005344 (0x01bdaeb3) x29 0x0000000000000000
core   0: 0x0000000080005348 (0x01d4a333) slt     t1, s1, t4
core   0: 1 0x0000000080005348 (0x01d4a333) x6  0x0000000000000000
core   0: 0x000000008000534c (0x010a1a3b) sllw    s4, s4, a6
core   0: 1 0x000000008000534c (0x010a1a3b) x20 0x0000000000220000
core   0: 0x0000000080005350 (0x030a7733) remu    a4, s4, a6
core   0: 1 0x0000000080005350 (0x030a7733) x14 0x0000000000220000
core   0: 0x0000000080005354 (0x00125533) srl     a0, tp, ra
core   0: 1 0x0000000080005354 (0x00125533) x10 0x00000fffffffffff
core   0: 0x0000000080005358 (0x02926a33) rem     s4, tp, s1
core   0: 1 0x0000000080005358 (0x02926a33) x20 0xffffffffffffffff
core   0: 0x000000008000535c (0x029075b3) remu    a1, zero, s1
core   0: 1 0x000000008000535c (0x029075b3) x11 0x0000000000000000
core   0: 0x0000000080005360 (0x88664d13) xori    s10, a2, -1914
core   0: 1 0x0000000080005360 (0x88664d13) x26 0xfffffffffffff286
core   0: 0x0000000080005364 (0x5a0571d3) fsqrt.d ft3, fa0
core   0: 1 0x0000000080005364 (0x5a0571d3) f3  0x7ff8000000000000
core   0: 0x0000000080005368 (0x00b67cb3) and     s9, a2, a1
core   0: 1 0x0000000080005368 (0x00b67cb3) x25 0x0000000000000000
core   0: 0x000000008000536c (0x01289ab7) lui     s5, 0x1289
core   0: 1 0x000000008000536c (0x01289ab7) x21 0x0000000001289000
core   0: 0x0000000080005370 (0x463a8a9b) addiw   s5, s5, 1123
core   0: 1 0x0000000080005370 (0x463a8a9b) x21 0x0000000001289463
core   0: 0x0000000080005374 (0x00000ab2) c.slli  s5, 12
core   0: 1 0x0000000080005374 (0x0ab2) x21 0x0000001289463000
core   0: 0x0000000080005376 (0x4cea8a93) addi    s5, s5, 1230
core   0: 1 0x0000000080005376 (0x4cea8a93) x21 0x00000012894634ce
core   0: 0x000000008000537a (0x8ebafd13) andi    s10, s5, -1813
core   0: 1 0x000000008000537a (0x8ebafd13) x26 0x00000012894630ca
core   0: 0x000000008000537e (0x41ae0e3b) subw    t3, t3, s10
core   0: 1 0x000000008000537e (0x41ae0e3b) x28 0x0000000076b9cf47
core   0: 0x0000000080005382 (0x00000001) c.nop
core   0: 1 0x0000000080005382 (0x0001)
core   0: 0x0000000080005384 (0x02631cb3) mulh    s9, t1, t1
core   0: 1 0x0000000080005384 (0x02631cb3) x25 0x0000000000000000
core   0: 0x0000000080005388 (0xc21570d3) fcvt.wu.d ra, fa0
core   0: 1 0x0000000080005388 (0xc21570d3) c1_fflags 0x0000000000000011 x1  0xffffffffffffffff
core   0: 0x000000008000538c (0x2b691953) fmax.d  fs2, fs2, fs6
core   0: 1 0x000000008000538c (0x2b691953) f18 0x4000000000000000
core   0: 0x0000000080005390 (0x320494f3) csrrw   s1, mcountinhibit, s1
core   0: exception trap_illegal_instruction, epc 0x0000000080005390
core   0:           tval 0x00000000320494f3
core   0: >>>>  $xrv64i2p1_m2p0_a2p1_f2p2_d2p2_zicsr2p0_zifencei2p0_zmmul1p0_zba1p0_zbb1p0_zbc1p0_zbs1p0
core   0: 0x0000000080004000 (0x0080006f) j       pc + 0x8
core   0: 3 0x0000000080004000 (0x0080006f)
core   0: >>>>  mmode_exception_handler
core   0: 0x0000000080004008 (0x00002c17) auipc   s8, 0x2
core   0: 3 0x0000000080004008 (0x00002c17) x24 0x0000000080006008
core   0: 0x000000008000400c (0x09ec0c13) addi    s8, s8, 158
core   0: 3 0x000000008000400c (0x09ec0c13) x24 0x00000000800060a6
core   0: 0x0000000080004010 (0x000c00e7) jalr    s8
core   0: 3 0x0000000080004010 (0x000c00e7) x1  0x0000000080004014
core   0: >>>>  any_handler
core   0: 0x00000000800060a6 (0x341027f3) csrrs   a5, mepc, zero
core   0: 3 0x00000000800060a6 (0x341027f3) x15 0x0000000080005390
core   0: 0x00000000800060aa (0x34202773) csrrs   a4, mcause, zero
core   0: 3 0x00000000800060aa (0x34202773) x14 0x0000000000000002
core   0: 0x00000000800060ae (0x142026f3) csrrs   a3, scause, zero
core   0: 3 0x00000000800060ae (0x142026f3) x13 0x0000000000000014
core   0: 0x00000000800060b2 (0x30402673) csrrs   a2, mie, zero
core   0: 3 0x00000000800060b2 (0x30402673) x12 0x0000000000000a00
core   0: 0x00000000800060b6 (0x344025f3) csrrs   a1, mip, zero
core   0: 3 0x00000000800060b6 (0x344025f3) x11 0x0000000000000080
core   0: 0x00000000800060ba (0x343025f3) csrrs   a1, mtval, zero
core   0: 3 0x00000000800060ba (0x343025f3) x11 0x00000000320494f3
core   0: 0x00000000800060be (0x14302573) csrrs   a0, stval, zero
core   0: 3 0x00000000800060be (0x14302573) x10 0x0000000000000000
core   0: 0x00000000800060c2 (0xb02024f3) csrrs   s1, minstret, zero
core   0: 3 0x00000000800060c2 (0xb02024f3) x9  0x0000000000000e57
core   0: 0x00000000800060c6 (0x0000a811) c.j     pc + 20
core   0: 3 0x00000000800060c6 (0xa811)
core   0: >>>>  mepc_4
core   0: 0x00000000800060da (0x00000791) c.addi  a5, 4
core   0: 3 0x00000000800060da (0x0791) x15 0x0000000080005394
core   0: 0x00000000800060dc (0x34179073) csrrw   zero, mepc, a5
core   0: 3 0x00000000800060dc (0x34179073) c833_mepc 0x0000000080005394
core   0: 0x00000000800060e0 (0x30200073) mret
core   0: 3 0x00000000800060e0 (0x30200073) c768_mstatus 0x8000000a00106080
core   0: 0x0000000080005394 (0x003778b3) and     a7, a4, gp
core   0: 1 0x0000000080005394 (0x003778b3) x17 0x0000000000000000
core   0: 0x0000000080005398 (0x00102df3) csrrs   s11, fflags, zero
core   0: 1 0x0000000080005398 (0x00102df3) x27 0x0000000000000011
core   0: 0x000000008000539c (0x4bd37c4b) fnmsub.d fs8, ft6, ft9, fs1
core   0: 1 0x000000008000539c (0x4bd37c4b) f24 0x7ff8000000000000
core   0: 0x00000000800053a0 (0xdd6d0997) auipc   s3, 0xdd6d0
core   0: 1 0x00000000800053a0 (0xdd6d0997) x19 0x000000005d6d53a0
core   0: 0x00000000800053a4 (0xf2028053) fmv.d.x ft0, t0
core   0: 1 0x00000000800053a4 (0xf2028053) f0  0x0000000000000000
core   0: 0x00000000800053a8 (0x78d9c313) xori    t1, s3, 1933
core   0: 1 0x00000000800053a8 (0x78d9c313) x6  0x000000005d6d542d
core   0: 0x00000000800053ac (0x00c34833) xor     a6, t1, a2
core   0: 1 0x00000000800053ac (0x00c34833) x16 0x000000005d6d5e2d
core   0: 0x00000000800053b0 (0x031ef633) remu    a2, t4, a7
core   0: 1 0x00000000800053b0 (0x031ef633) x12 0x0000000000000000
core   0: 0x00000000800053b4 (0xa2078753) fle.d   a4, fa5, ft0
core   0: 1 0x00000000800053b4 (0xa2078753) c1_fflags 0x0000000000000011 x14 0x0000000000000000
core   0: 0x00000000800053b8 (0x012e1cb3) sll     s9, t3, s2
core   0: 1 0x00000000800053b8 (0x012e1cb3) x25 0x8000000000000000
core   0: 0x00000000800053bc (0x000c8633) add     a2, s9, zero
core   0: 1 0x00000000800053bc (0x000c8633) x12 0x8000000000000000
core   0: 0x00000000800053c0 (0xc20c70d3) fcvt.w.d ra, fs8
core   0: 1 0x00000000800053c0 (0xc20c70d3) c1_fflags 0x0000000000000011 x1  0x000000007fffffff
core   0: 0x00000000800053c4 (0x4094551b) sraiw   a0, s0, 9
core   0: 1 0x00000000800053c4 (0x4094551b) x10 0xffffffffffc6db38
core   0: 0x00000000800053c8 (0x002494f3) csrrw   s1, frm, s1
core   0: 1 0x00000000800053c8 (0x002494f3) x9  0x0000000000000000 c2_frm 0x0000000000000007
core   0: 0x00000000800053cc (0xf2048853) fmv.d.x fa6, s1
core   0: 1 0x00000000800053cc (0xf2048853) f16 0x0000000000000000
core   0: 0x00000000800053d0 (0xddb4e793) ori     a5, s1, -549
core   0: 1 0x00000000800053d0 (0xddb4e793) x15 0xfffffffffffffddb
core   0: 0x00000000800053d4 (0xc2387cd3) fcvt.lu.d s9, fa6
core   0: exception trap_illegal_instruction, epc 0x00000000800053d4
core   0:           tval 0x00000000c2387cd3
core   0: >>>>  $xrv64i2p1_m2p0_a2p1_f2p2_d2p2_zicsr2p0_zifencei2p0_zmmul1p0_zba1p0_zbb1p0_zbc1p0_zbs1p0
core   0: 0x0000000080004000 (0x0080006f) j       pc + 0x8
core   0: 3 0x0000000080004000 (0x0080006f)
core   0: >>>>  mmode_exception_handler
core   0: 0x0000000080004008 (0x00002c17) auipc   s8, 0x2
core   0: 3 0x0000000080004008 (0x00002c17) x24 0x0000000080006008
core   0: 0x000000008000400c (0x09ec0c13) addi    s8, s8, 158
core   0: 3 0x000000008000400c (0x09ec0c13) x24 0x00000000800060a6
core   0: 0x0000000080004010 (0x000c00e7) jalr    s8
core   0: 3 0x0000000080004010 (0x000c00e7) x1  0x0000000080004014
core   0: >>>>  any_handler
core   0: 0x00000000800060a6 (0x341027f3) csrrs   a5, mepc, zero
core   0: 3 0x00000000800060a6 (0x341027f3) x15 0x00000000800053d4
core   0: 0x00000000800060aa (0x34202773) csrrs   a4, mcause, zero
core   0: 3 0x00000000800060aa (0x34202773) x14 0x0000000000000002
core   0: 0x00000000800060ae (0x142026f3) csrrs   a3, scause, zero
core   0: 3 0x00000000800060ae (0x142026f3) x13 0x0000000000000014
core   0: 0x00000000800060b2 (0x30402673) csrrs   a2, mie, zero
core   0: 3 0x00000000800060b2 (0x30402673) x12 0x0000000000000a00
core   0: 0x00000000800060b6 (0x344025f3) csrrs   a1, mip, zero
core   0: 3 0x00000000800060b6 (0x344025f3) x11 0x0000000000000080
core   0: 0x00000000800060ba (0x343025f3) csrrs   a1, mtval, zero
core   0: 3 0x00000000800060ba (0x343025f3) x11 0x00000000c2387cd3
core   0: 0x00000000800060be (0x14302573) csrrs   a0, stval, zero
core   0: 3 0x00000000800060be (0x14302573) x10 0x0000000000000000
core   0: 0x00000000800060c2 (0xb02024f3) csrrs   s1, minstret, zero
core   0: 3 0x00000000800060c2 (0xb02024f3) x9  0x0000000000000e77
core   0: 0x00000000800060c6 (0x0000a811) c.j     pc + 20
core   0: 3 0x00000000800060c6 (0xa811)
core   0: >>>>  mepc_4
core   0: 0x00000000800060da (0x00000791) c.addi  a5, 4
core   0: 3 0x00000000800060da (0x0791) x15 0x00000000800053d8
core   0: 0x00000000800060dc (0x34179073) csrrw   zero, mepc, a5
core   0: 3 0x00000000800060dc (0x34179073) c833_mepc 0x00000000800053d8
core   0: 0x00000000800060e0 (0x30200073) mret
core   0: 3 0x00000000800060e0 (0x30200073) c768_mstatus 0x8000000a00106080
core   0: 0x00000000800053d8 (0x0333f0b3) remu    ra, t2, s3
core   0: 1 0x00000000800053d8 (0x0333f0b3) x1  0x0000000000000800
core   0: 0x00000000800053dc (0x414a0933) sub     s2, s4, s4
core   0: 1 0x00000000800053dc (0x414a0933) x18 0x0000000000000000
core   0: 0x00000000800053e0 (0xd031fd53) fcvt.s.lu fs10, gp
core   0: exception trap_illegal_instruction, epc 0x00000000800053e0
core   0:           tval 0x00000000d031fd53
core   0: >>>>  $xrv64i2p1_m2p0_a2p1_f2p2_d2p2_zicsr2p0_zifencei2p0_zmmul1p0_zba1p0_zbb1p0_zbc1p0_zbs1p0
core   0: 0x0000000080004000 (0x0080006f) j       pc + 0x8
core   0: 3 0x0000000080004000 (0x0080006f)
core   0: >>>>  mmode_exception_handler
core   0: 0x0000000080004008 (0x00002c17) auipc   s8, 0x2
core   0: 3 0x0000000080004008 (0x00002c17) x24 0x0000000080006008
core   0: 0x000000008000400c (0x09ec0c13) addi    s8, s8, 158
core   0: 3 0x000000008000400c (0x09ec0c13) x24 0x00000000800060a6
core   0: 0x0000000080004010 (0x000c00e7) jalr    s8
core   0: 3 0x0000000080004010 (0x000c00e7) x1  0x0000000080004014
core   0: >>>>  any_handler
core   0: 0x00000000800060a6 (0x341027f3) csrrs   a5, mepc, zero
core   0: 3 0x00000000800060a6 (0x341027f3) x15 0x00000000800053e0
core   0: 0x00000000800060aa (0x34202773) csrrs   a4, mcause, zero
core   0: 3 0x00000000800060aa (0x34202773) x14 0x0000000000000002
core   0: 0x00000000800060ae (0x142026f3) csrrs   a3, scause, zero
core   0: 3 0x00000000800060ae (0x142026f3) x13 0x0000000000000014
core   0: 0x00000000800060b2 (0x30402673) csrrs   a2, mie, zero
core   0: 3 0x00000000800060b2 (0x30402673) x12 0x0000000000000a00
core   0: 0x00000000800060b6 (0x344025f3) csrrs   a1, mip, zero
core   0: 3 0x00000000800060b6 (0x344025f3) x11 0x0000000000000080
core   0: 0x00000000800060ba (0x343025f3) csrrs   a1, mtval, zero
core   0: 3 0x00000000800060ba (0x343025f3) x11 0x00000000d031fd53
core   0: 0x00000000800060be (0x14302573) csrrs   a0, stval, zero
core   0: 3 0x00000000800060be (0x14302573) x10 0x0000000000000000
core   0: 0x00000000800060c2 (0xb02024f3) csrrs   s1, minstret, zero
core   0: 3 0x00000000800060c2 (0xb02024f3) x9  0x0000000000000e89
core   0: 0x00000000800060c6 (0x0000a811) c.j     pc + 20
core   0: 3 0x00000000800060c6 (0xa811)
core   0: >>>>  mepc_4
core   0: 0x00000000800060da (0x00000791) c.addi  a5, 4
core   0: 3 0x00000000800060da (0x0791) x15 0x00000000800053e4
core   0: 0x00000000800060dc (0x34179073) csrrw   zero, mepc, a5
core   0: 3 0x00000000800060dc (0x34179073) c833_mepc 0x00000000800053e4
core   0: 0x00000000800060e0 (0x30200073) mret
core   0: 3 0x00000000800060e0 (0x30200073) c768_mstatus 0x8000000a00106080
core   0: 0x00000000800053e4 (0x2af81753) fmax.d  fa4, fa6, fa5
core   0: 1 0x00000000800053e4 (0x2af81753) f14 0x0000000000000000
core   0: 0x00000000800053e8 (0x0002039b) sext.w  t2, tp
core   0: 1 0x00000000800053e8 (0x0002039b) x7  0xffffffffffffffff
core   0: 0x00000000800053ec (0x02803eb3) mulhu   t4, zero, s0
core   0: 1 0x00000000800053ec (0x02803eb3) x29 0x0000000000000000
core   0: 0x00000000800053f0 (0x000a1c13) slli    s8, s4, 0
core   0: 1 0x00000000800053f0 (0x000a1c13) x24 0xffffffffffffffff
core   0: 0x00000000800053f4 (0x03a4483b) divw    a6, s0, s10
core   0: 1 0x00000000800053f4 (0x03a4483b) x16 0x0000000000000000
core   0: 0x00000000800053f8 (0x02a15133) divu    sp, sp, a0
core   0: 1 0x00000000800053f8 (0x02a15133) x2  0xffffffffffffffff
core   0: 0x00000000800053fc (0x0ff0000f) fence   iorw,iorw
core   0: 1 0x00000000800053fc (0x0ff0000f)
core   0: 0x0000000080005400 (0xc21d7853) fcvt.wu.d a6, fs10
core   0: exception trap_illegal_instruction, epc 0x0000000080005400
core   0:           tval 0x00000000c21d7853
core   0: >>>>  $xrv64i2p1_m2p0_a2p1_f2p2_d2p2_zicsr2p0_zifencei2p0_zmmul1p0_zba1p0_zbb1p0_zbc1p0_zbs1p0
core   0: 0x0000000080004000 (0x0080006f) j       pc + 0x8
core   0: 3 0x0000000080004000 (0x0080006f)
core   0: >>>>  mmode_exception_handler
core   0: 0x0000000080004008 (0x00002c17) auipc   s8, 0x2
core   0: 3 0x0000000080004008 (0x00002c17) x24 0x0000000080006008
core   0: 0x000000008000400c (0x09ec0c13) addi    s8, s8, 158
core   0: 3 0x000000008000400c (0x09ec0c13) x24 0x00000000800060a6
core   0: 0x0000000080004010 (0x000c00e7) jalr    s8
core   0: 3 0x0000000080004010 (0x000c00e7) x1  0x0000000080004014
core   0: >>>>  any_handler
core   0: 0x00000000800060a6 (0x341027f3) csrrs   a5, mepc, zero
core   0: 3 0x00000000800060a6 (0x341027f3) x15 0x0000000080005400
core   0: 0x00000000800060aa (0x34202773) csrrs   a4, mcause, zero
core   0: 3 0x00000000800060aa (0x34202773) x14 0x0000000000000002
core   0: 0x00000000800060ae (0x142026f3) csrrs   a3, scause, zero
core   0: 3 0x00000000800060ae (0x142026f3) x13 0x0000000000000014
core   0: 0x00000000800060b2 (0x30402673) csrrs   a2, mie, zero
core   0: 3 0x00000000800060b2 (0x30402673) x12 0x0000000000000a00
core   0: 0x00000000800060b6 (0x344025f3) csrrs   a1, mip, zero
core   0: 3 0x00000000800060b6 (0x344025f3) x11 0x0000000000000080
core   0: 0x00000000800060ba (0x343025f3) csrrs   a1, mtval, zero
core   0: 3 0x00000000800060ba (0x343025f3) x11 0x00000000c21d7853
core   0: 0x00000000800060be (0x14302573) csrrs   a0, stval, zero
core   0: 3 0x00000000800060be (0x14302573) x10 0x0000000000000000
core   0: 0x00000000800060c2 (0xb02024f3) csrrs   s1, minstret, zero
core   0: 3 0x00000000800060c2 (0xb02024f3) x9  0x0000000000000ea0
core   0: 0x00000000800060c6 (0x0000a811) c.j     pc + 20
core   0: 3 0x00000000800060c6 (0xa811)
core   0: >>>>  mepc_4
core   0: 0x00000000800060da (0x00000791) c.addi  a5, 4
core   0: 3 0x00000000800060da (0x0791) x15 0x0000000080005404
core   0: 0x00000000800060dc (0x34179073) csrrw   zero, mepc, a5
core   0: 3 0x00000000800060dc (0x34179073) c833_mepc 0x0000000080005404
core   0: 0x00000000800060e0 (0x30200073) mret
core   0: 3 0x00000000800060e0 (0x30200073) c768_mstatus 0x8000000a00106080
core   0: 0x0000000080005404 (0x22772a53) fsgnjx.d fs4, fa4, ft7
core   0: 1 0x0000000080005404 (0x22772a53) f20 0x0000000000000000
core   0: 0x0000000080005408 (0x0004e493) ori     s1, s1, 0
core   0: 1 0x0000000080005408 (0x0004e493) x9  0x0000000000000ea0
core   0: 0x000000008000540c (0x15ba7a13) andi    s4, s4, 347
core   0: 1 0x000000008000540c (0x15ba7a13) x20 0x000000000000015b
core   0: 0x0000000080005410 (0x401cd2bb) sraw    t0, s9, ra
core   0: 1 0x0000000080005410 (0x401cd2bb) x5  0x0000000000000000
core   0: 0x0000000080005414 (0xd22af4d3) fcvt.d.l fs1, s5
core   0: exception trap_illegal_instruction, epc 0x0000000080005414
core   0:           tval 0x00000000d22af4d3
core   0: >>>>  $xrv64i2p1_m2p0_a2p1_f2p2_d2p2_zicsr2p0_zifencei2p0_zmmul1p0_zba1p0_zbb1p0_zbc1p0_zbs1p0
core   0: 0x0000000080004000 (0x0080006f) j       pc + 0x8
core   0: 3 0x0000000080004000 (0x0080006f)
core   0: >>>>  mmode_exception_handler
core   0: 0x0000000080004008 (0x00002c17) auipc   s8, 0x2
core   0: 3 0x0000000080004008 (0x00002c17) x24 0x0000000080006008
core   0: 0x000000008000400c (0x09ec0c13) addi    s8, s8, 158
core   0: 3 0x000000008000400c (0x09ec0c13) x24 0x00000000800060a6
core   0: 0x0000000080004010 (0x000c00e7) jalr    s8
core   0: 3 0x0000000080004010 (0x000c00e7) x1  0x0000000080004014
core   0: >>>>  any_handler
core   0: 0x00000000800060a6 (0x341027f3) csrrs   a5, mepc, zero
core   0: 3 0x00000000800060a6 (0x341027f3) x15 0x0000000080005414
core   0: 0x00000000800060aa (0x34202773) csrrs   a4, mcause, zero
core   0: 3 0x00000000800060aa (0x34202773) x14 0x0000000000000002
core   0: 0x00000000800060ae (0x142026f3) csrrs   a3, scause, zero
core   0: 3 0x00000000800060ae (0x142026f3) x13 0x0000000000000014
core   0: 0x00000000800060b2 (0x30402673) csrrs   a2, mie, zero
core   0: 3 0x00000000800060b2 (0x30402673) x12 0x0000000000000a00
core   0: 0x00000000800060b6 (0x344025f3) csrrs   a1, mip, zero
core   0: 3 0x00000000800060b6 (0x344025f3) x11 0x0000000000000080
core   0: 0x00000000800060ba (0x343025f3) csrrs   a1, mtval, zero
core   0: 3 0x00000000800060ba (0x343025f3) x11 0x00000000d22af4d3
core   0: 0x00000000800060be (0x14302573) csrrs   a0, stval, zero
core   0: 3 0x00000000800060be (0x14302573) x10 0x0000000000000000
core   0: 0x00000000800060c2 (0xb02024f3) csrrs   s1, minstret, zero
core   0: 3 0x00000000800060c2 (0xb02024f3) x9  0x0000000000000eb4
core   0: 0x00000000800060c6 (0x0000a811) c.j     pc + 20
core   0: 3 0x00000000800060c6 (0xa811)
core   0: >>>>  mepc_4
core   0: 0x00000000800060da (0x00000791) c.addi  a5, 4
core   0: 3 0x00000000800060da (0x0791) x15 0x0000000080005418
core   0: 0x00000000800060dc (0x34179073) csrrw   zero, mepc, a5
core   0: 3 0x00000000800060dc (0x34179073) c833_mepc 0x0000000080005418
core   0: 0x00000000800060e0 (0x30200073) mret
core   0: 3 0x00000000800060e0 (0x30200073) c768_mstatus 0x8000000a00106080
core   0: 0x0000000080005418 (0x38cc5e97) auipc   t4, 0x38cc5
core   0: 1 0x0000000080005418 (0x38cc5e97) x29 0x00000000b8cca418
core   0: 0x000000008000541c (0x40f9d933) sra     s2, s3, a5
core   0: 1 0x000000008000541c (0x40f9d933) x18 0x000000000000005d
core   0: 0x0000000080005420 (0x41a68333) sub     t1, a3, s10
core   0: 1 0x0000000080005420 (0x41a68333) x6  0xffffffed76b9cf4a
core   0: 0x0000000080005424 (0x01ad5933) srl     s2, s10, s10
core   0: 1 0x0000000080005424 (0x01ad5933) x18 0x0000000004a2518c
core   0: 0x0000000080005428 (0x03587853) fadd.d  fa6, fa6, fs5
core   0: exception trap_illegal_instruction, epc 0x0000000080005428
core   0:           tval 0x0000000003587853
core   0: >>>>  $xrv64i2p1_m2p0_a2p1_f2p2_d2p2_zicsr2p0_zifencei2p0_zmmul1p0_zba1p0_zbb1p0_zbc1p0_zbs1p0
core   0: 0x0000000080004000 (0x0080006f) j       pc + 0x8
core   0: 3 0x0000000080004000 (0x0080006f)
core   0: >>>>  mmode_exception_handler
core   0: 0x0000000080004008 (0x00002c17) auipc   s8, 0x2
core   0: 3 0x0000000080004008 (0x00002c17) x24 0x0000000080006008
core   0: 0x000000008000400c (0x09ec0c13) addi    s8, s8, 158
core   0: 3 0x000000008000400c (0x09ec0c13) x24 0x00000000800060a6
core   0: 0x0000000080004010 (0x000c00e7) jalr    s8
core   0: 3 0x0000000080004010 (0x000c00e7) x1  0x0000000080004014
core   0: >>>>  any_handler
core   0: 0x00000000800060a6 (0x341027f3) csrrs   a5, mepc, zero
core   0: 3 0x00000000800060a6 (0x341027f3) x15 0x0000000080005428
core   0: 0x00000000800060aa (0x34202773) csrrs   a4, mcause, zero
core   0: 3 0x00000000800060aa (0x34202773) x14 0x0000000000000002
core   0: 0x00000000800060ae (0x142026f3) csrrs   a3, scause, zero
core   0: 3 0x00000000800060ae (0x142026f3) x13 0x0000000000000014
core   0: 0x00000000800060b2 (0x30402673) csrrs   a2, mie, zero
core   0: 3 0x00000000800060b2 (0x30402673) x12 0x0000000000000a00
core   0: 0x00000000800060b6 (0x344025f3) csrrs   a1, mip, zero
core   0: 3 0x00000000800060b6 (0x344025f3) x11 0x0000000000000080
core   0: 0x00000000800060ba (0x343025f3) csrrs   a1, mtval, zero
core   0: 3 0x00000000800060ba (0x343025f3) x11 0x0000000003587853
core   0: 0x00000000800060be (0x14302573) csrrs   a0, stval, zero
core   0: 3 0x00000000800060be (0x14302573) x10 0x0000000000000000
core   0: 0x00000000800060c2 (0xb02024f3) csrrs   s1, minstret, zero
core   0: 3 0x00000000800060c2 (0xb02024f3) x9  0x0000000000000ec8
core   0: 0x00000000800060c6 (0x0000a811) c.j     pc + 20
core   0: 3 0x00000000800060c6 (0xa811)
core   0: >>>>  mepc_4
core   0: 0x00000000800060da (0x00000791) c.addi  a5, 4
core   0: 3 0x00000000800060da (0x0791) x15 0x000000008000542c
core   0: 0x00000000800060dc (0x34179073) csrrw   zero, mepc, a5
core   0: 3 0x00000000800060dc (0x34179073) c833_mepc 0x000000008000542c
core   0: 0x00000000800060e0 (0x30200073) mret
core   0: 3 0x00000000800060e0 (0x30200073) c768_mstatus 0x8000000a00106080
core   0: 0x000000008000542c (0x03bbddbb) divuw   s11, s7, s11
core   0: 1 0x000000008000542c (0x03bbddbb) x27 0x000000000f0f0f0f
core   0: 0x0000000080005430 (0x0297703b) remuw   zero, a4, s1
core   0: 1 0x0000000080005430 (0x0297703b)
core   0: 0x0000000080005434 (0x0ff0000f) fence   iorw,iorw
core   0: 1 0x0000000080005434 (0x0ff0000f)
core   0: 0x0000000080005438 (0x0bb37953) fsub.d  fs2, ft6, fs11
core   0: exception trap_illegal_instruction, epc 0x0000000080005438
core   0:           tval 0x000000000bb37953
core   0: >>>>  $xrv64i2p1_m2p0_a2p1_f2p2_d2p2_zicsr2p0_zifencei2p0_zmmul1p0_zba1p0_zbb1p0_zbc1p0_zbs1p0
core   0: 0x0000000080004000 (0x0080006f) j       pc + 0x8
core   0: 3 0x0000000080004000 (0x0080006f)
core   0: >>>>  mmode_exception_handler
core   0: 0x0000000080004008 (0x00002c17) auipc   s8, 0x2
core   0: 3 0x0000000080004008 (0x00002c17) x24 0x0000000080006008
core   0: 0x000000008000400c (0x09ec0c13) addi    s8, s8, 158
core   0: 3 0x000000008000400c (0x09ec0c13) x24 0x00000000800060a6
core   0: 0x0000000080004010 (0x000c00e7) jalr    s8
core   0: 3 0x0000000080004010 (0x000c00e7) x1  0x0000000080004014
core   0: >>>>  any_handler
core   0: 0x00000000800060a6 (0x341027f3) csrrs   a5, mepc, zero
core   0: 3 0x00000000800060a6 (0x341027f3) x15 0x0000000080005438
core   0: 0x00000000800060aa (0x34202773) csrrs   a4, mcause, zero
core   0: 3 0x00000000800060aa (0x34202773) x14 0x0000000000000002
core   0: 0x00000000800060ae (0x142026f3) csrrs   a3, scause, zero
core   0: 3 0x00000000800060ae (0x142026f3) x13 0x0000000000000014
core   0: 0x00000000800060b2 (0x30402673) csrrs   a2, mie, zero
core   0: 3 0x00000000800060b2 (0x30402673) x12 0x0000000000000a00
core   0: 0x00000000800060b6 (0x344025f3) csrrs   a1, mip, zero
core   0: 3 0x00000000800060b6 (0x344025f3) x11 0x0000000000000080
core   0: 0x00000000800060ba (0x343025f3) csrrs   a1, mtval, zero
core   0: 3 0x00000000800060ba (0x343025f3) x11 0x000000000bb37953
core   0: 0x00000000800060be (0x14302573) csrrs   a0, stval, zero
core   0: 3 0x00000000800060be (0x14302573) x10 0x0000000000000000
core   0: 0x00000000800060c2 (0xb02024f3) csrrs   s1, minstret, zero
core   0: 3 0x00000000800060c2 (0xb02024f3) x9  0x0000000000000edb
core   0: 0x00000000800060c6 (0x0000a811) c.j     pc + 20
core   0: 3 0x00000000800060c6 (0xa811)
core   0: >>>>  mepc_4
core   0: 0x00000000800060da (0x00000791) c.addi  a5, 4
core   0: 3 0x00000000800060da (0x0791) x15 0x000000008000543c
core   0: 0x00000000800060dc (0x34179073) csrrw   zero, mepc, a5
core   0: 3 0x00000000800060dc (0x34179073) c833_mepc 0x000000008000543c
core   0: 0x00000000800060e0 (0x30200073) mret
core   0: 3 0x00000000800060e0 (0x30200073) c768_mstatus 0x8000000a00106080
core   0: 0x000000008000543c (0x00271973) csrrw   s2, frm, a4
core   0: 1 0x000000008000543c (0x00271973) x18 0x0000000000000007 c2_frm 0x0000000000000002
core   0: 0x0000000080005440 (0x409904bb) subw    s1, s2, s1
core   0: 1 0x0000000080005440 (0x409904bb) x9  0xfffffffffffff12c
core   0: 0x0000000080005444 (0x0318a233) mulhsu  tp, a7, a7
core   0: 1 0x0000000080005444 (0x0318a233) x4  0x0000000000000000
core   0: 0x0000000080005448 (0x40985db3) sra     s11, a6, s1
core   0: 1 0x0000000080005448 (0x40985db3) x27 0x0000000000000000
core   0: 0x000000008000544c (0x0003503b) srlw    zero, t1, zero
core   0: 1 0x000000008000544c (0x0003503b)
core   0: 0x0000000080005450 (0x2ae7724f) fnmadd.d ft4, fa4, fa4, ft5
core   0: 1 0x0000000080005450 (0x2ae7724f) f4  0x7ff8000000000000
core   0: 0x0000000080005454 (0x012949b3) xor     s3, s2, s2
core   0: 1 0x0000000080005454 (0x012949b3) x19 0x0000000000000000
core   0: 0x0000000080005458 (0x03b97053) fadd.d  ft0, fs2, fs11
core   0: 1 0x0000000080005458 (0x03b97053) f0  0x7ff8000000000000
core   0: 0x000000008000545c (0x400edb9b) sraiw   s7, t4, 0
core   0: 1 0x000000008000545c (0x400edb9b) x23 0xffffffffb8cca418
core   0: 0x0000000080005460 (0x0a627a53) fsub.d  fs4, ft4, ft6
core   0: 1 0x0000000080005460 (0x0a627a53) f20 0x7ff8000000000000
core   0: 0x0000000080005464 (0x401d5693) srai    a3, s10, 1
core   0: 1 0x0000000080005464 (0x401d5693) x13 0x0000000944a31865
core   0: 0x0000000080005468 (0x007e0333) add     t1, t3, t2
core   0: 1 0x0000000080005468 (0x007e0333) x6  0x0000000076b9cf46
core   0: 0x000000008000546c (0x004d5233) srl     tp, s10, tp
core   0: 1 0x000000008000546c (0x004d5233) x4  0x00000012894630ca
core   0: 0x0000000080005470 (0x0373f3b3) remu    t2, t2, s7
core   0: 1 0x0000000080005470 (0x0373f3b3) x7  0x0000000047335be7
core   0: 0x0000000080005474 (0x4143d913) srai    s2, t2, 20
core   0: 1 0x0000000080005474 (0x4143d913) x18 0x0000000000000473
core   0: 0x0000000080005478 (0xa9bdee13) ori     t3, s11, -1381
core   0: 1 0x0000000080005478 (0xa9bdee13) x28 0xfffffffffffffa9b
core   0: 0x000000008000547c (0x412e053b) subw    a0, t3, s2
core   0: 1 0x000000008000547c (0x412e053b) x10 0xfffffffffffff628
core   0: 0x0000000080005480 (0xf2078653) fmv.d.x fa2, a5
core   0: 1 0x0000000080005480 (0xf2078653) f12 0x000000008000543c
core   0: 0x0000000080005484 (0x014a9d1b) slliw   s10, s5, 20
core   0: 1 0x0000000080005484 (0x014a9d1b) x26 0x000000004ce00000
core   0: 0x0000000080005488 (0x000d0e1b) sext.w  t3, s10
core   0: 1 0x0000000080005488 (0x000d0e1b) x28 0x000000004ce00000
core   0: 0x000000008000548c (0x000e1513) slli    a0, t3, 0
core   0: 1 0x000000008000548c (0x000e1513) x10 0x000000004ce00000
core   0: 0x0000000080005490 (0x034a20b3) mulhsu  ra, s4, s4
core   0: 1 0x0000000080005490 (0x034a20b3) x1  0x0000000000000000
core   0: 0x0000000080005494 (0xc23f71d3) fcvt.lu.d gp, ft10
core   0: 1 0x0000000080005494 (0xc23f71d3) c1_fflags 0x0000000000000011 x3  0xffffffffffffffff
core   0: 0x0000000080005498 (0x0160191b) slliw   s2, zero, 22
core   0: 1 0x0000000080005498 (0x0160191b) x18 0x0000000000000000
core   0: 0x000000008000549c (0x8005859b) addiw   a1, a1, -2048
core   0: 1 0x000000008000549c (0x8005859b) x11 0x000000000bb37153
core   0: 0x00000000800054a0 (0xe20a0e53) fmv.x.d t3, fs4
core   0: 1 0x00000000800054a0 (0xe20a0e53) x28 0x7ff8000000000000
core   0: 0x00000000800054a4 (0x00ca2a33) slt     s4, s4, a2
core   0: 1 0x00000000800054a4 (0x00ca2a33) x20 0x0000000000000001
core   0: 0x00000000800054a8 (0x001024f3) csrrs   s1, fflags, zero
core   0: 1 0x00000000800054a8 (0x001024f3) x9  0x0000000000000011
core   0: 0x00000000800054ac (0x01d6d993) srli    s3, a3, 29
core   0: 1 0x00000000800054ac (0x01d6d993) x19 0x000000000000004a
core   0: 0x00000000800054b0 (0x39a07097) auipc   ra, 0x39a07
core   0: 1 0x00000000800054b0 (0x39a07097) x1  0x00000000b9a0c4b0
core   0: 0x00000000800054b4 (0xd02df5d3) fcvt.s.l fa1, s11
core   0: 1 0x00000000800054b4 (0xd02df5d3) f11 0xffffffff00000000
core   0: 0x00000000800054b8 (0x00209573) csrrw   a0, frm, ra
core   0: 1 0x00000000800054b8 (0x00209573) x10 0x0000000000000002 c2_frm 0x0000000000000000
core   0: 0x00000000800054bc (0x00009a52) c.add   s4, s4
core   0: 1 0x00000000800054bc (0x9a52) x20 0x0000000000000002
core   0: 0x00000000800054be (0xd225f253) fcvt.d.l ft4, a1
core   0: 1 0x00000000800054be (0xd225f253) f4  0x41a766e2a6000000
core   0: 0x00000000800054c2 (0x40015a93) srai    s5, sp, 0
core   0: 1 0x00000000800054c2 (0x40015a93) x21 0xffffffffffffffff
core   0: 0x00000000800054c6 (0xa2798953) fle.d   s2, fs3, ft7
core   0: 1 0x00000000800054c6 (0xa2798953) c1_fflags 0x0000000000000011 x18 0x0000000000000000
core   0: 0x00000000800054ca (0x00202573) csrrs   a0, frm, zero
core   0: 1 0x00000000800054ca (0x00202573) x10 0x0000000000000000
core   0: 0x00000000800054ce (0xc02c7a53) fcvt.l.s s4, fs8
core   0: 1 0x00000000800054ce (0xc02c7a53) c1_fflags 0x0000000000000011 x20 0x7fffffffffffffff
core   0: 0x00000000800054d2 (0xd02ef753) fcvt.s.l fa4, t4
core   0: 1 0x00000000800054d2 (0xd02ef753) c1_fflags 0x0000000000000011 f14 0xffffffff4f38cca4
core   0: 0x00000000800054d6 (0x000c1893) slli    a7, s8, 0
core   0: 1 0x00000000800054d6 (0x000c1893) x17 0x00000000800060a6
core   0: 0x00000000800054da (0xc230fbd3) fcvt.lu.d s7, ft1
core   0: 1 0x00000000800054da (0xc230fbd3) x23 0x0000000200000000
core   0: 0x00000000800054de (0x01cc9793) slli    a5, s9, 28
core   0: 1 0x00000000800054de (0x01cc9793) x15 0x0000000000000000
core   0: 0x00000000800054e2 (0x035a663b) remw    a2, s4, s5
core   0: 1 0x00000000800054e2 (0x035a663b) x12 0x0000000000000000
core   0: 0x00000000800054e6 (0x420084d3) fcvt.d.s fs1, ft1
core   0: 1 0x00000000800054e6 (0x420084d3) f9  0x7ff8000000000000
core   0: 0x00000000800054ea (0x22b59053) fsgnjn.d ft0, fa1, fa1
core   0: 1 0x00000000800054ea (0x22b59053) f0  0x7fffffff00000000
core   0: 0x00000000800054ee (0xec994a97) auipc   s5, 0xec994
core   0: 1 0x00000000800054ee (0xec994a97) x21 0x000000006c9994ee
core   0: 0x00000000800054f2 (0x8004c293) xori    t0, s1, -2048
core   0: 1 0x00000000800054f2 (0x8004c293) x5  0xfffffffffffff811
core   0: 0x00000000800054f6 (0x40177753) fcvt.s.d fa4, fa4
core   0: 1 0x00000000800054f6 (0x40177753) f14 0xffffffff7fc00000
core   0: 0x00000000800054fa (0x02ca8e3b) mulw    t3, s5, a2
core   0: 1 0x00000000800054fa (0x02ca8e3b) x28 0x0000000000000000
core   0: 0x00000000800054fe (0x00c8999b) slliw   s3, a7, 12
core   0: 1 0x00000000800054fe (0x00c8999b) x19 0x00000000060a6000
core   0: 0x0000000080005502 (0x1bc07fd3) fdiv.d  ft11, ft0, ft8
core   0: 1 0x0000000080005502 (0x1bc07fd3) f31 0x7ff8000000000000
core   0: 0x0000000080005506 (0x02f55733) divu    a4, a0, a5
core   0: 1 0x0000000080005506 (0x02f55733) x14 0xffffffffffffffff
core   0: 0x000000008000550a (0x00000001) c.nop
core   0: 1 0x000000008000550a (0x0001)
core   0: 0x000000008000550c (0x03fc7dd3) fadd.d  fs11, fs8, ft11
core   0: 1 0x000000008000550c (0x03fc7dd3) f27 0x7ff8000000000000
core   0: 0x0000000080005510 (0xac151297) auipc   t0, 0xac151
core   0: 1 0x0000000080005510 (0xac151297) x5  0x000000002c156510
core   0: 0x0000000080005514 (0x43015113) srai    sp, sp, 48
core   0: 1 0x0000000080005514 (0x43015113) x2  0xffffffffffffffff
core   0: 0x0000000080005518 (0x0363d3bb) divuw   t2, t2, s6
core   0: 1 0x0000000080005518 (0x0363d3bb) x7  0x0000000000000000
core   0: 0x000000008000551c (0x4014f353) fcvt.s.d ft6, fs1
core   0: 1 0x000000008000551c (0x4014f353) f6  0xffffffff7fc00000
core   0: 0x0000000080005520 (0xc214fdd3) fcvt.wu.d s11, fs1
core   0: 1 0x0000000080005520 (0xc214fdd3) c1_fflags 0x0000000000000011 x27 0xffffffffffffffff
core   0: 0x0000000080005524 (0x00000001) c.nop
core   0: 1 0x0000000080005524 (0x0001)
core   0: 0x0000000080005526 (0x4ef20293) addi    t0, tp, 1263
core   0: 1 0x0000000080005526 (0x4ef20293) x5  0x00000012894635b9
core   0: 0x000000008000552a (0x0ff0000f) fence   iorw,iorw
core   0: 1 0x000000008000552a (0x0ff0000f)
core   0: 0x000000008000552e (0x003493b7) lui     t2, 0x349
core   0: 1 0x000000008000552e (0x003493b7) x7  0x0000000000349000
core   0: 0x0000000080005532 (0x9fd3839b) addiw   t2, t2, -1539
core   0: 1 0x0000000080005532 (0x9fd3839b) x7  0x00000000003489fd
core   0: 0x0000000080005536 (0x000003b6) c.slli  t2, 13
core   0: 1 0x0000000080005536 (0x03b6) x7  0x00000006913fa000
core   0: 0x0000000080005538 (0x96338393) addi    t2, t2, -1693
core   0: 1 0x0000000080005538 (0x96338393) x7  0x00000006913f9963
core   0: 0x000000008000553c (0x324efec7) fmsub.d ft9, ft9, ft4, ft6
core   0: 1 0x000000008000553c (0x324efec7) f29 0x7ff8000000000000
core   0: 0x0000000080005540 (0xa3affa4f) fnmadd.d fs4, ft11, fs10, fs4
core   0: 1 0x0000000080005540 (0xa3affa4f) f20 0x7ff8000000000000
core   0: 0x0000000080005544 (0x4052583b) sraw    a6, tp, t0
core   0: 1 0x0000000080005544 (0x4052583b) x16 0xffffffffffffffc4
core   0: 0x0000000080005548 (0xc037fc53) fcvt.lu.s s8, fa5
core   0: 1 0x0000000080005548 (0xc037fc53) c1_fflags 0x0000000000000011 x24 0xffffffffffffffff
core   0: 0x000000008000554c (0x03b28db3) mul     s11, t0, s11
core   0: 1 0x000000008000554c (0x03b28db3) x27 0xffffffed76b9ca47
core   0: 0x0000000080005550 (0xa23bfbcb) fnmsub.d fs7, fs7, ft3, fs4
core   0: 1 0x0000000080005550 (0xa23bfbcb) f23 0x7ff8000000000000
core   0: 0x0000000080005554 (0x0181d1bb) srlw    gp, gp, s8
core   0: 1 0x0000000080005554 (0x0181d1bb) x3  0x0000000000000001
core   0: 0x0000000080005558 (0xcc38e413) ori     s0, a7, -829
core   0: 1 0x0000000080005558 (0xcc38e413) x8  0xfffffffffffffce7
core   0: 0x000000008000555c (0x408452b3) sra     t0, s0, s0
core   0: 1 0x000000008000555c (0x408452b3) x5  0xffffffffffffffff
core   0: 0x0000000080005560 (0x00169973) csrrw   s2, fflags, a3
core   0: 1 0x0000000080005560 (0x00169973) x18 0x0000000000000011 c1_fflags 0x0000000000000005
core   0: 0x0000000080005564 (0x013d69b3) or      s3, s10, s3
core   0: 1 0x0000000080005564 (0x013d69b3) x19 0x000000004eea6000
core   0: 0x0000000080005568 (0x00202a73) csrrs   s4, frm, zero
core   0: 1 0x0000000080005568 (0x00202a73) x20 0x0000000000000000
core   0: 0x000000008000556c (0x008b2833) slt     a6, s6, s0
core   0: 1 0x000000008000556c (0x008b2833) x16 0x0000000000000001
core   0: 0x0000000080005570 (0x4287f94b) fnmsub.d fs2, fa5, fs0, fs0
core   0: 1 0x0000000080005570 (0x4287f94b) f18 0x7ff8000000000000
core   0: 0x0000000080005574 (0x00000001) c.nop
core   0: 1 0x0000000080005574 (0x0001)
core   0: 0x0000000080005576 (0x40348933) sub     s2, s1, gp
core   0: 1 0x0000000080005576 (0x40348933) x18 0x0000000000000010
core   0: 0x000000008000557a (0x2bcc8cd3) fmin.d  fs9, fs9, ft8
core   0: 1 0x000000008000557a (0x2bcc8cd3) f25 0x4034000000000000
core   0: 0x000000008000557e (0x40015d13) srai    s10, sp, 0
core   0: 1 0x000000008000557e (0x40015d13) x26 0xffffffffffffffff
core   0: 0x0000000080005582 (0x00000001) c.nop
core   0: 1 0x0000000080005582 (0x0001)
core   0: 0x0000000080005584 (0xe046cb93) xori    s7, a3, -508
core   0: 1 0x0000000080005584 (0xe046cb93) x23 0xfffffff6bb5ce661
core   0: 0x0000000080005588 (0xc03afcd3) fcvt.lu.s s9, fs5
core   0: 1 0x0000000080005588 (0xc03afcd3) c1_fflags 0x0000000000000015 x25 0xffffffffffffffff
core   0: 0x000000008000558c (0xc025fa53) fcvt.l.s s4, fa1
core   0: 1 0x000000008000558c (0xc025fa53) x20 0x0000000000000000
core   0: 0x0000000080005590 (0xd21d0ed3) fcvt.d.wu ft9, s10
core   0: 1 0x0000000080005590 (0xd21d0ed3) f29 0x41efffffffe00000
core   0: 0x0000000080005594 (0x00202bf3) csrrs   s7, frm, zero
core   0: 1 0x0000000080005594 (0x00202bf3) x23 0x0000000000000000
core   0: 0x0000000080005598 (0x404c8a3b) subw    s4, s9, tp
core   0: 1 0x0000000080005598 (0x404c8a3b) x20 0x0000000076b9cf35
core   0: 0x000000008000559c (0x1b7af553) fdiv.d  fa0, fs5, fs7
core   0: 1 0x000000008000559c (0x1b7af553) f10 0x7ff8000000000000
core   0: 0x00000000800055a0 (0x420701d3) fcvt.d.s ft3, fa4
core   0: 1 0x00000000800055a0 (0x420701d3) f3  0x7ff8000000000000
core   0: 0x00000000800055a4 (0x2bb18dd3) fmin.d  fs11, ft3, fs11
core   0: 1 0x00000000800055a4 (0x2bb18dd3) f27 0x7ff8000000000000
core   0: 0x00000000800055a8 (0x019c81b3) add     gp, s9, s9
core   0: 1 0x00000000800055a8 (0x019c81b3) x3  0xfffffffffffffffe
core   0: 0x00000000800055ac (0x2be20253) fmin.d  ft4, ft4, ft10
core   0: 1 0x00000000800055ac (0x2be20253) f4  0x41a766e2a6000000
core   0: 0x00000000800055b0 (0xf14ebef3) csrrc   t4, mhartid, t4
core   0: exception trap_illegal_instruction, epc 0x00000000800055b0
core   0:           tval 0x00000000f14ebef3
core   0: >>>>  $xrv64i2p1_m2p0_a2p1_f2p2_d2p2_zicsr2p0_zifencei2p0_zmmul1p0_zba1p0_zbb1p0_zbc1p0_zbs1p0
core   0: 0x0000000080004000 (0x0080006f) j       pc + 0x8
core   0: 3 0x0000000080004000 (0x0080006f)
core   0: >>>>  mmode_exception_handler
core   0: 0x0000000080004008 (0x00002c17) auipc   s8, 0x2
core   0: 3 0x0000000080004008 (0x00002c17) x24 0x0000000080006008
core   0: 0x000000008000400c (0x09ec0c13) addi    s8, s8, 158
core   0: 3 0x000000008000400c (0x09ec0c13) x24 0x00000000800060a6
core   0: 0x0000000080004010 (0x000c00e7) jalr    s8
core   0: 3 0x0000000080004010 (0x000c00e7) x1  0x0000000080004014
core   0: >>>>  any_handler
core   0: 0x00000000800060a6 (0x341027f3) csrrs   a5, mepc, zero
core   0: 3 0x00000000800060a6 (0x341027f3) x15 0x00000000800055b0
core   0: 0x00000000800060aa (0x34202773) csrrs   a4, mcause, zero
core   0: 3 0x00000000800060aa (0x34202773) x14 0x0000000000000002
core   0: 0x00000000800060ae (0x142026f3) csrrs   a3, scause, zero
core   0: 3 0x00000000800060ae (0x142026f3) x13 0x0000000000000014
core   0: 0x00000000800060b2 (0x30402673) csrrs   a2, mie, zero
core   0: 3 0x00000000800060b2 (0x30402673) x12 0x0000000000000a00
core   0: 0x00000000800060b6 (0x344025f3) csrrs   a1, mip, zero
core   0: 3 0x00000000800060b6 (0x344025f3) x11 0x0000000000000080
core   0: 0x00000000800060ba (0x343025f3) csrrs   a1, mtval, zero
core   0: 3 0x00000000800060ba (0x343025f3) x11 0x00000000f14ebef3
core   0: 0x00000000800060be (0x14302573) csrrs   a0, stval, zero
core   0: 3 0x00000000800060be (0x14302573) x10 0x0000000000000000
core   0: 0x00000000800060c2 (0xb02024f3) csrrs   s1, minstret, zero
core   0: 3 0x00000000800060c2 (0xb02024f3) x9  0x0000000000000f4b
core   0: 0x00000000800060c6 (0x0000a811) c.j     pc + 20
core   0: 3 0x00000000800060c6 (0xa811)
core   0: >>>>  mepc_4
core   0: 0x00000000800060da (0x00000791) c.addi  a5, 4
core   0: 3 0x00000000800060da (0x0791) x15 0x00000000800055b4
core   0: 0x00000000800060dc (0x34179073) csrrw   zero, mepc, a5
core   0: 3 0x00000000800060dc (0x34179073) c833_mepc 0x00000000800055b4
core   0: 0x00000000800060e0 (0x30200073) mret
core   0: 3 0x00000000800060e0 (0x30200073) c768_mstatus 0x8000000a00106080
core   0: 0x00000000800055b4 (0xfca69bb7) lui     s7, 0xfca69
core   0: 1 0x00000000800055b4 (0xfca69bb7) x23 0xfffffffffca69000
core   0: 0x00000000800055b8 (0x671b8b9b) addiw   s7, s7, 1649
core   0: 1 0x00000000800055b8 (0x671b8b9b) x23 0xfffffffffca69671
core   0: 0x00000000800055bc (0x00000bb6) c.slli  s7, 13
core   0: 1 0x00000000800055bc (0x0bb6) x23 0xffffff94d2ce2000
core   0: 0x00000000800055be (0xc39b8b93) addi    s7, s7, -967
core   0: 1 0x00000000800055be (0xc39b8b93) x23 0xffffff94d2ce1c39
core   0: 0x00000000800055c2 (0xd20986d3) fcvt.d.w fa3, s3
core   0: 1 0x00000000800055c2 (0xd20986d3) f13 0x41d3ba9800000000
core   0: 0x00000000800055c6 (0x00828b33) add     s6, t0, s0
core   0: 1 0x00000000800055c6 (0x00828b33) x22 0xfffffffffffffce6
core   0: 0x00000000800055ca (0xd03278d3) fcvt.s.lu fa7, tp
core   0: 1 0x00000000800055ca (0xd03278d3) c1_fflags 0x0000000000000015 f17 0xffffffff51944a32
core   0: 0x00000000800055ce (0x0ff0000f) fence   iorw,iorw
core   0: 1 0x00000000800055ce (0x0ff0000f)
core   0: 0x00000000800055d2 (0x400c511b) sraiw   sp, s8, 0
core   0: 1 0x00000000800055d2 (0x400c511b) x2  0xffffffff800060a6
core   0: 0x00000000800055d6 (0x00000001) c.nop
core   0: 1 0x00000000800055d6 (0x0001)
core   0: 0x00000000800055d8 (0x32c5754b) fnmsub.d fa0, fa0, fa2, ft6
core   0: 1 0x00000000800055d8 (0x32c5754b) f10 0x7ff8000000000000
core   0: 0x00000000800055dc (0x00d61637) lui     a2, 0xd61
core   0: 1 0x00000000800055dc (0x00d61637) x12 0x0000000000d61000
core   0: 0x00000000800055e0 (0x14b6061b) addiw   a2, a2, 331
core   0: 1 0x00000000800055e0 (0x14b6061b) x12 0x0000000000d6114b
core   0: 0x00000000800055e4 (0x00000632) c.slli  a2, 12
core   0: 1 0x00000000800055e4 (0x0632) x12 0x0000000d6114b000
core   0: 0x00000000800055e6 (0xf8260613) addi    a2, a2, -126
core   0: 1 0x00000000800055e6 (0xf8260613) x12 0x0000000d6114af82
core   0: 0x00000000800055ea (0xd22df053) fcvt.d.l ft0, s11
core   0: 1 0x00000000800055ea (0xd22df053) f0  0xc232894635b90000
core   0: 0x00000000800055ee (0x0000579b) srliw   a5, zero, 0
core   0: 1 0x00000000800055ee (0x0000579b) x15 0x0000000000000000
core   0: 0x00000000800055f2 (0x420d01d3) fcvt.d.s ft3, fs10
core   0: 1 0x00000000800055f2 (0x420d01d3) f3  0x7ff8000000000000
core   0: 0x00000000800055f6 (0x10467173) csrrci  sp, sie, 12
core   0: 1 0x00000000800055f6 (0x10467173) x2  0x0000000000000000 c772_mie 0x0000000000000a00
core   0: 0x00000000800055fa (0x0150b6b3) sltu    a3, ra, s5
core   0: 1 0x00000000800055fa (0x0150b6b3) x13 0x0000000000000000
core   0: 0x00000000800055fe (0x43f05513) srai    a0, zero, 63
core   0: 1 0x00000000800055fe (0x43f05513) x10 0x0000000000000000
core   0: 0x0000000080005602 (0x0384c83b) divw    a6, s1, s8
core   0: 1 0x0000000080005602 (0x0384c83b) x16 0x0000000000000000
core   0: 0x0000000080005606 (0x00e1013b) addw    sp, sp, a4
core   0: 1 0x0000000080005606 (0x00e1013b) x2  0x0000000000000002
core   0: 0x000000008000560a (0xe2030953) fmv.x.d s2, ft6
core   0: 1 0x000000008000560a (0xe2030953) x18 0xffffffff7fc00000
core   0: 0x000000008000560e (0x0009901b) slliw   zero, s3, 0
core   0: 1 0x000000008000560e (0x0009901b)
core   0: 0x0000000080005612 (0x03def5bb) remuw   a1, t4, t4
core   0: 1 0x0000000080005612 (0x03def5bb) x11 0x0000000000000000
core   0: 0x0000000080005616 (0xf0bf7037) lui     zero, 0xf0bf7
core   0: 1 0x0000000080005616 (0xf0bf7037)
core   0: 0x000000008000561a (0x0006da9b) srliw   s5, a3, 0
core   0: 1 0x000000008000561a (0x0006da9b) x21 0x0000000000000000
core   0: 0x000000008000561e (0x02daf5b3) remu    a1, s5, a3
core   0: 1 0x000000008000561e (0x02daf5b3) x11 0x0000000000000000
core   0: 0x0000000080005622 (0x03f69793) slli    a5, a3, 63
core   0: 1 0x0000000080005622 (0x03f69793) x15 0x0000000000000000
core   0: 0x0000000080005626 (0x34321273) csrrw   tp, mtval, tp
core   0: exception trap_illegal_instruction, epc 0x0000000080005626
core   0:           tval 0x0000000034321273
core   0: >>>>  $xrv64i2p1_m2p0_a2p1_f2p2_d2p2_zicsr2p0_zifencei2p0_zmmul1p0_zba1p0_zbb1p0_zbc1p0_zbs1p0
core   0: 0x0000000080004000 (0x0080006f) j       pc + 0x8
core   0: 3 0x0000000080004000 (0x0080006f)
core   0: >>>>  mmode_exception_handler
core   0: 0x0000000080004008 (0x00002c17) auipc   s8, 0x2
core   0: 3 0x0000000080004008 (0x00002c17) x24 0x0000000080006008
core   0: 0x000000008000400c (0x09ec0c13) addi    s8, s8, 158
core   0: 3 0x000000008000400c (0x09ec0c13) x24 0x00000000800060a6
core   0: 0x0000000080004010 (0x000c00e7) jalr    s8
core   0: 3 0x0000000080004010 (0x000c00e7) x1  0x0000000080004014
core   0: >>>>  any_handler
core   0: 0x00000000800060a6 (0x341027f3) csrrs   a5, mepc, zero
core   0: 3 0x00000000800060a6 (0x341027f3) x15 0x0000000080005626
core   0: 0x00000000800060aa (0x34202773) csrrs   a4, mcause, zero
core   0: 3 0x00000000800060aa (0x34202773) x14 0x0000000000000002
core   0: 0x00000000800060ae (0x142026f3) csrrs   a3, scause, zero
core   0: 3 0x00000000800060ae (0x142026f3) x13 0x0000000000000014
core   0: 0x00000000800060b2 (0x30402673) csrrs   a2, mie, zero
core   0: 3 0x00000000800060b2 (0x30402673) x12 0x0000000000000a00
core   0: 0x00000000800060b6 (0x344025f3) csrrs   a1, mip, zero
core   0: 3 0x00000000800060b6 (0x344025f3) x11 0x0000000000000080
core   0: 0x00000000800060ba (0x343025f3) csrrs   a1, mtval, zero
core   0: 3 0x00000000800060ba (0x343025f3) x11 0x0000000034321273
core   0: 0x00000000800060be (0x14302573) csrrs   a0, stval, zero
core   0: 3 0x00000000800060be (0x14302573) x10 0x0000000000000000
core   0: 0x00000000800060c2 (0xb02024f3) csrrs   s1, minstret, zero
core   0: 3 0x00000000800060c2 (0xb02024f3) x9  0x0000000000000f79
core   0: 0x00000000800060c6 (0x0000a811) c.j     pc + 20
core   0: 3 0x00000000800060c6 (0xa811)
core   0: >>>>  mepc_4
core   0: 0x00000000800060da (0x00000791) c.addi  a5, 4
core   0: 3 0x00000000800060da (0x0791) x15 0x000000008000562a
core   0: 0x00000000800060dc (0x34179073) csrrw   zero, mepc, a5
core   0: 3 0x00000000800060dc (0x34179073) c833_mepc 0x000000008000562a
core   0: 0x00000000800060e0 (0x30200073) mret
core   0: 3 0x00000000800060e0 (0x30200073) c768_mstatus 0x8000000a00106080
core   0: 0x000000008000562a (0x002026f3) csrrs   a3, frm, zero
core   0: 1 0x000000008000562a (0x002026f3) x13 0x0000000000000000
core   0: 0x000000008000562e (0x03a2fd33) remu    s10, t0, s10
core   0: 1 0x000000008000562e (0x03a2fd33) x26 0x0000000000000000
core   0: 0x0000000080005632 (0xd2138953) fcvt.d.wu fs2, t2
core   0: 1 0x0000000080005632 (0xd2138953) f18 0x41e227f32c600000
core   0: 0x0000000080005636 (0x01b7c9b3) xor     s3, a5, s11
core   0: 1 0x0000000080005636 (0x01b7c9b3) x19 0xffffffedf6b99c6d
core   0: 0x000000008000563a (0x0269cabb) divw    s5, s3, t1
core   0: 1 0x000000008000563a (0x0269cabb) x21 0x0000000000000000
core   0: 0x000000008000563e (0x344278f3) csrrci  a7, mip, 4
core   0: exception trap_illegal_instruction, epc 0x000000008000563e
core   0:           tval 0x00000000344278f3
core   0: >>>>  $xrv64i2p1_m2p0_a2p1_f2p2_d2p2_zicsr2p0_zifencei2p0_zmmul1p0_zba1p0_zbb1p0_zbc1p0_zbs1p0
core   0: 0x0000000080004000 (0x0080006f) j       pc + 0x8
core   0: 3 0x0000000080004000 (0x0080006f)
core   0: >>>>  mmode_exception_handler
core   0: 0x0000000080004008 (0x00002c17) auipc   s8, 0x2
core   0: 3 0x0000000080004008 (0x00002c17) x24 0x0000000080006008
core   0: 0x000000008000400c (0x09ec0c13) addi    s8, s8, 158
core   0: 3 0x000000008000400c (0x09ec0c13) x24 0x00000000800060a6
core   0: 0x0000000080004010 (0x000c00e7) jalr    s8
core   0: 3 0x0000000080004010 (0x000c00e7) x1  0x0000000080004014
core   0: >>>>  any_handler
core   0: 0x00000000800060a6 (0x341027f3) csrrs   a5, mepc, zero
core   0: 3 0x00000000800060a6 (0x341027f3) x15 0x000000008000563e
core   0: 0x00000000800060aa (0x34202773) csrrs   a4, mcause, zero
core   0: 3 0x00000000800060aa (0x34202773) x14 0x0000000000000002
core   0: 0x00000000800060ae (0x142026f3) csrrs   a3, scause, zero
core   0: 3 0x00000000800060ae (0x142026f3) x13 0x0000000000000014
core   0: 0x00000000800060b2 (0x30402673) csrrs   a2, mie, zero
core   0: 3 0x00000000800060b2 (0x30402673) x12 0x0000000000000a00
core   0: 0x00000000800060b6 (0x344025f3) csrrs   a1, mip, zero
core   0: 3 0x00000000800060b6 (0x344025f3) x11 0x0000000000000080
core   0: 0x00000000800060ba (0x343025f3) csrrs   a1, mtval, zero
core   0: 3 0x00000000800060ba (0x343025f3) x11 0x00000000344278f3
core   0: 0x00000000800060be (0x14302573) csrrs   a0, stval, zero
core   0: 3 0x00000000800060be (0x14302573) x10 0x0000000000000000
core   0: 0x00000000800060c2 (0xb02024f3) csrrs   s1, minstret, zero
core   0: 3 0x00000000800060c2 (0xb02024f3) x9  0x0000000000000f8e
core   0: 0x00000000800060c6 (0x0000a811) c.j     pc + 20
core   0: 3 0x00000000800060c6 (0xa811)
core   0: >>>>  mepc_4
core   0: 0x00000000800060da (0x00000791) c.addi  a5, 4
core   0: 3 0x00000000800060da (0x0791) x15 0x0000000080005642
core   0: 0x00000000800060dc (0x34179073) csrrw   zero, mepc, a5
core   0: 3 0x00000000800060dc (0x34179073) c833_mepc 0x0000000080005642
core   0: 0x00000000800060e0 (0x30200073) mret
core   0: 3 0x00000000800060e0 (0x30200073) c768_mstatus 0x8000000a00106080
core   0: 0x0000000080005642 (0x40bcd53b) sraw    a0, s9, a1
core   0: 1 0x0000000080005642 (0x40bcd53b) x10 0xffffffffffffffff
core   0: 0x0000000080005646 (0x00009e29) c.addw  a2, a0
core   0: 1 0x0000000080005646 (0x9e29) x12 0x00000000000009ff
core   0: 0x0000000080005648 (0x0ff0000f) fence   iorw,iorw
core   0: 1 0x0000000080005648 (0x0ff0000f)
core   0: 0x000000008000564c (0x00d24133) xor     sp, tp, a3
core   0: 1 0x000000008000564c (0x00d24133) x2  0x00000012894630de
core   0: 0x0000000080005650 (0x4016f353) fcvt.s.d ft6, fa3
core   0: 1 0x0000000080005650 (0x4016f353) f6  0xffffffff4e9dd4c0
core   0: 0x0000000080005654 (0x00255ebb) srlw    t4, a0, sp
core   0: 1 0x0000000080005654 (0x00255ebb) x29 0x0000000000000003
core   0: 0x0000000080005658 (0x00000001) c.nop
core   0: 1 0x0000000080005658 (0x0001)
core   0: 0x000000008000565a (0x00000001) c.nop
core   0: 1 0x000000008000565a (0x0001)
core   0: 0x000000008000565c (0x1a84f453) fdiv.d  fs0, fs1, fs0
core   0: 1 0x000000008000565c (0x1a84f453) f8  0x7ff8000000000000
core   0: 0x0000000080005660 (0xd0267a53) fcvt.s.l fs4, a2
core   0: 1 0x0000000080005660 (0xd0267a53) f20 0xffffffff451ff000
core   0: 0x0000000080005664 (0x03a2b833) mulhu   a6, t0, s10
core   0: 1 0x0000000080005664 (0x03a2b833) x16 0x0000000000000000
core   0: 0x0000000080005668 (0x00029393) slli    t2, t0, 0
core   0: 1 0x0000000080005668 (0x00029393) x7  0xffffffffffffffff
core   0: 0x000000008000566c (0x227f1f53) fsgnjn.d ft10, ft10, ft7
core   0: 1 0x000000008000566c (0x227f1f53) f30 0xfff8000000000000
core   0: 0x0000000080005670 (0x228a0ad3) fsgnj.d fs5, fs4, fs0
core   0: 1 0x0000000080005670 (0x228a0ad3) f21 0x7fffffff451ff000
core   0: 0x0000000080005674 (0x0ff0000f) fence   iorw,iorw
core   0: 1 0x0000000080005674 (0x0ff0000f)
core   0: 0x0000000080005678 (0x03f25393) srli    t2, tp, 63
core   0: 1 0x0000000080005678 (0x03f25393) x7  0x0000000000000000
core   0: 0x000000008000567c (0x0356a1b3) mulhsu  gp, a3, s5
core   0: 1 0x000000008000567c (0x0356a1b3) x3  0x0000000000000000
core   0: 0x0000000080005680 (0x0004d11b) srliw   sp, s1, 0
core   0: 1 0x0000000080005680 (0x0004d11b) x2  0x0000000000000f8e
core   0: 0x0000000080005684 (0x236b8cd3) fsgnj.d fs9, fs7, fs6
core   0: 1 0x0000000080005684 (0x236b8cd3) f25 0x7ff8000000000000
core   0: 0x0000000080005688 (0x0be77a53) fsub.d  fs4, fa4, ft10
core   0: 1 0x0000000080005688 (0x0be77a53) f20 0x7ff8000000000000
core   0: 0x000000008000568c (0xc20bf753) fcvt.w.d a4, fs7
core   0: 1 0x000000008000568c (0xc20bf753) c1_fflags 0x0000000000000015 x14 0x000000007fffffff
core   0: 0x0000000080005690 (0x002463b3) or      t2, s0, sp
core   0: 1 0x0000000080005690 (0x002463b3) x7  0xffffffffffffffef
core   0: 0x0000000080005694 (0x23292b53) fsgnjx.d fs6, fs2, fs2
core   0: 1 0x0000000080005694 (0x23292b53) f22 0x41e227f32c600000
core   0: 0x0000000080005698 (0x02fb7d53) fadd.d  fs10, fs6, fa5
core   0: 1 0x0000000080005698 (0x02fb7d53) f26 0x7ff8000000000000
core   0: 0x000000008000569c (0xd267f143) fmadd.d ft2, fa5, ft6, fs10
core   0: 1 0x000000008000569c (0xd267f143) f2  0x7ff8000000000000
core   0: 0x00000000800056a0 (0x03fcd793) srli    a5, s9, 63
core   0: 1 0x00000000800056a0 (0x03fcd793) x15 0x0000000000000001
core   0: 0x00000000800056a4 (0x6a1a6a13) ori     s4, s4, 1697
core   0: 1 0x00000000800056a4 (0x6a1a6a13) x20 0x0000000076b9cfb5
core   0: 0x00000000800056a8 (0xc01fe173) csrrsi  sp, time, 31
core   0: exception trap_illegal_instruction, epc 0x00000000800056a8
core   0:           tval 0x00000000c01fe173
core   0: >>>>  $xrv64i2p1_m2p0_a2p1_f2p2_d2p2_zicsr2p0_zifencei2p0_zmmul1p0_zba1p0_zbb1p0_zbc1p0_zbs1p0
core   0: 0x0000000080004000 (0x0080006f) j       pc + 0x8
core   0: 3 0x0000000080004000 (0x0080006f)
core   0: >>>>  mmode_exception_handler
core   0: 0x0000000080004008 (0x00002c17) auipc   s8, 0x2
core   0: 3 0x0000000080004008 (0x00002c17) x24 0x0000000080006008
core   0: 0x000000008000400c (0x09ec0c13) addi    s8, s8, 158
core   0: 3 0x000000008000400c (0x09ec0c13) x24 0x00000000800060a6
core   0: 0x0000000080004010 (0x000c00e7) jalr    s8
core   0: 3 0x0000000080004010 (0x000c00e7) x1  0x0000000080004014
core   0: >>>>  any_handler
core   0: 0x00000000800060a6 (0x341027f3) csrrs   a5, mepc, zero
core   0: 3 0x00000000800060a6 (0x341027f3) x15 0x00000000800056a8
core   0: 0x00000000800060aa (0x34202773) csrrs   a4, mcause, zero
core   0: 3 0x00000000800060aa (0x34202773) x14 0x0000000000000002
core   0: 0x00000000800060ae (0x142026f3) csrrs   a3, scause, zero
core   0: 3 0x00000000800060ae (0x142026f3) x13 0x0000000000000014
core   0: 0x00000000800060b2 (0x30402673) csrrs   a2, mie, zero
core   0: 3 0x00000000800060b2 (0x30402673) x12 0x0000000000000a00
core   0: 0x00000000800060b6 (0x344025f3) csrrs   a1, mip, zero
core   0: 3 0x00000000800060b6 (0x344025f3) x11 0x0000000000000080
core   0: 0x00000000800060ba (0x343025f3) csrrs   a1, mtval, zero
core   0: 3 0x00000000800060ba (0x343025f3) x11 0x00000000c01fe173
core   0: 0x00000000800060be (0x14302573) csrrs   a0, stval, zero
core   0: 3 0x00000000800060be (0x14302573) x10 0x0000000000000000
core   0: 0x00000000800060c2 (0xb02024f3) csrrs   s1, minstret, zero
core   0: 3 0x00000000800060c2 (0xb02024f3) x9  0x0000000000000fb9
core   0: 0x00000000800060c6 (0x0000a811) c.j     pc + 20
core   0: 3 0x00000000800060c6 (0xa811)
core   0: >>>>  mepc_4
core   0: 0x00000000800060da (0x00000791) c.addi  a5, 4
core   0: 3 0x00000000800060da (0x0791) x15 0x00000000800056ac
core   0: 0x00000000800060dc (0x34179073) csrrw   zero, mepc, a5
core   0: 3 0x00000000800060dc (0x34179073) c833_mepc 0x00000000800056ac
core   0: 0x00000000800060e0 (0x30200073) mret
core   0: 3 0x00000000800060e0 (0x30200073) c768_mstatus 0x8000000a00106080
core   0: 0x00000000800056ac (0x037a7233) remu    tp, s4, s7
core   0: 1 0x00000000800056ac (0x037a7233) x4  0x0000000076b9cfb5
core   0: 0x00000000800056b0 (0x002cd493) srli    s1, s9, 2
core   0: 1 0x00000000800056b0 (0x002cd493) x9  0x3fffffffffffffff
core   0: 0x00000000800056b4 (0x7344c793) xori    a5, s1, 1844
core   0: 1 0x00000000800056b4 (0x7344c793) x15 0x3ffffffffffff8cb
core   0: 0x00000000800056b8 (0x33a47b43) fmadd.d fs6, fs0, fs10, ft6
core   0: 1 0x00000000800056b8 (0x33a47b43) f22 0x7ff8000000000000
core   0: 0x00000000800056bc (0x00000001) c.nop
core   0: 1 0x00000000800056bc (0x0001)
core   0: 0x00000000800056be (0xc27d4613) xori    a2, s10, -985
core   0: 1 0x00000000800056be (0xc27d4613) x12 0xfffffffffffffc27
core   0: 0x00000000800056c2 (0x934e7243) fmadd.d ft4, ft8, fs4, fs2
core   0: 1 0x00000000800056c2 (0x934e7243) f4  0x7ff8000000000000
core   0: 0x00000000800056c6 (0x029641b3) div     gp, a2, s1
core   0: 1 0x00000000800056c6 (0x029641b3) x3  0x0000000000000000
core   0: 0x00000000800056ca (0x23c981d3) fsgnj.d ft3, fs3, ft8
core   0: 1 0x00000000800056ca (0x23c981d3) f3  0x0000000000000000
core   0: 0x00000000800056ce (0x0039db33) srl     s6, s3, gp
core   0: 1 0x00000000800056ce (0x0039db33) x22 0xffffffedf6b99c6d
core   0: 0x00000000800056d2 (0x03d3c3b3) div     t2, t2, t4
core   0: 1 0x00000000800056d2 (0x03d3c3b3) x7  0xfffffffffffffffb
core   0: 0x00000000800056d6 (0x41c157bb) sraw    a5, sp, t3
core   0: 1 0x00000000800056d6 (0x41c157bb) x15 0x0000000000000f8e
core   0: 0x00000000800056da (0x0311483b) divw    a6, sp, a7
core   0: 1 0x00000000800056da (0x0311483b) x16 0x0000000000000000
core   0: 0x00000000800056de (0x0024dabb) srlw    s5, s1, sp
core   0: 1 0x00000000800056de (0x0024dabb) x21 0x000000000003ffff
core   0: 0x00000000800056e2 (0x1b3dfdd3) fdiv.d  fs11, fs11, fs3
core   0: 1 0x00000000800056e2 (0x1b3dfdd3) f27 0x7ff8000000000000
core   0: 0x00000000800056e6 (0x0addf853) fsub.d  fa6, fs11, fa3
core   0: 1 0x00000000800056e6 (0x0addf853) f16 0x7ff8000000000000
core   0: 0x00000000800056ea (0x00fd73b3) and     t2, s10, a5
core   0: 1 0x00000000800056ea (0x00fd73b3) x7  0x0000000000000000
core   0: 0x00000000800056ee (0x838bfbcf) fnmadd.d fs7, fs7, fs8, fa6
core   0: 1 0x00000000800056ee (0x838bfbcf) f23 0x7ff8000000000000
core   0: 0x00000000800056f2 (0x000b971b) slliw   a4, s7, 0
core   0: 1 0x00000000800056f2 (0x000b971b) x14 0xffffffffd2ce1c39
core   0: 0x00000000800056f6 (0xc035f2d3) fcvt.lu.s t0, fa1
core   0: 1 0x00000000800056f6 (0xc035f2d3) x5  0x0000000000000000
core   0: 0x00000000800056fa (0x02d873d3) fadd.d  ft7, fa6, fa3
core   0: 1 0x00000000800056fa (0x02d873d3) f7  0x7ff8000000000000
core   0: 0x00000000800056fe (0x4186501b) sraiw   zero, a2, 24
core   0: 1 0x00000000800056fe (0x4186501b)
core   0: 0x0000000080005702 (0x13728213) addi    tp, t0, 311
core   0: 1 0x0000000080005702 (0x13728213) x4  0x0000000000000137
core   0: 0x0000000080005706 (0x0329f9b3) remu    s3, s3, s2
core   0: 1 0x0000000080005706 (0x0329f9b3) x19 0xffffffedf6b99c6d
core   0: 0x000000008000570a (0x5a03f153) fsqrt.d ft2, ft7
core   0: 1 0x000000008000570a (0x5a03f153) f2  0x7ff8000000000000
core   0: 0x000000008000570e (0xd2120c53) fcvt.d.wu fs8, tp
core   0: 1 0x000000008000570e (0xd2120c53) f24 0x4073700000000000
core   0: 0x0000000080005712 (0x22a82e53) fsgnjx.d ft8, fa6, fa0
core   0: 1 0x0000000080005712 (0x22a82e53) f28 0x7ff8000000000000
core   0: 0x0000000080005716 (0x009d163b) sllw    a2, s10, s1
core   0: 1 0x0000000080005716 (0x009d163b) x12 0x0000000000000000
core   0: 0x000000008000571a (0xd22d7ad3) fcvt.d.l fs5, s10
core   0: 1 0x000000008000571a (0xd22d7ad3) f21 0x0000000000000000
core   0: 0x000000008000571e (0x02cc06bb) mulw    a3, s8, a2
core   0: 1 0x000000008000571e (0x02cc06bb) x13 0x0000000000000000
core   0: 0x0000000080005722 (0x2ba489d3) fmin.d  fs3, fs1, fs10
core   0: 1 0x0000000080005722 (0x2ba489d3) f19 0x7ff8000000000000
core   0: 0x0000000080005726 (0x02cbf653) fadd.d  fa2, fs7, fa2
core   0: 1 0x0000000080005726 (0x02cbf653) f12 0x7ff8000000000000
core   0: 0x000000008000572a (0x0aee71d3) fsub.d  ft3, ft8, fa4
core   0: 1 0x000000008000572a (0x0aee71d3) f3  0x7ff8000000000000
core   0: 0x000000008000572e (0x00c4deb3) srl     t4, s1, a2
core   0: 1 0x000000008000572e (0x00c4deb3) x29 0x3fffffffffffffff
core   0: 0x0000000080005732 (0x00f07633) and     a2, zero, a5
core   0: 1 0x0000000080005732 (0x00f07633) x12 0x0000000000000000
core   0: 0x0000000080005736 (0xc02e7ad3) fcvt.l.s s5, ft8
core   0: 1 0x0000000080005736 (0xc02e7ad3) c1_fflags 0x0000000000000015 x21 0x7fffffffffffffff
core   0: 0x000000008000573a (0x038a8033) mul     zero, s5, s8
core   0: 1 0x000000008000573a (0x038a8033)
core   0: 0x000000008000573e (0xd2050dd3) fcvt.d.w fs11, a0
core   0: 1 0x000000008000573e (0xd2050dd3) f27 0x0000000000000000
core   0: 0x0000000080005742 (0x402007b3) sub     a5, zero, sp
core   0: 1 0x0000000080005742 (0x402007b3) x15 0xfffffffffffff072
core   0: 0x0000000080005746 (0x3fa59437) lui     s0, 0x3fa59
core   0: 1 0x0000000080005746 (0x3fa59437) x8  0x000000003fa59000
core   0: 0x000000008000574a (0x00248333) add     t1, s1, sp
core   0: 1 0x000000008000574a (0x00248333) x6  0x4000000000000f8d
core   0: 0x000000008000574e (0x4018ffd3) fcvt.s.d ft11, fa7
core   0: 1 0x000000008000574e (0x4018ffd3) f31 0xffffffff7fc00000
core   0: 0x0000000080005752 (0x024663b3) rem     t2, a2, tp
core   0: 1 0x0000000080005752 (0x024663b3) x7  0x0000000000000000
core   0: 0x0000000080005756 (0x002021f3) csrrs   gp, frm, zero
core   0: 1 0x0000000080005756 (0x002021f3) x3  0x0000000000000000
core   0: 0x000000008000575a (0xc228f0d3) fcvt.l.d ra, fa7
core   0: 1 0x000000008000575a (0xc228f0d3) c1_fflags 0x0000000000000015 x1  0x7fffffffffffffff
core   0: 0x000000008000575e (0x002e66b3) or      a3, t3, sp
core   0: 1 0x000000008000575e (0x002e66b3) x13 0x0000000000000f8e
core   0: 0x0000000080005762 (0xc211fb53) fcvt.wu.d s6, ft3
core   0: 1 0x0000000080005762 (0xc211fb53) c1_fflags 0x0000000000000015 x22 0xffffffffffffffff
core   0: 0x0000000080005766 (0x4005d893) srai    a7, a1, 0
core   0: 1 0x0000000080005766 (0x4005d893) x17 0x00000000c01fe173
core   0: 0x000000008000576a (0x02df7f53) fadd.d  ft10, ft10, fa3
core   0: 1 0x000000008000576a (0x02df7f53) f30 0x7ff8000000000000
core   0: 0x000000008000576e (0x2a3d8dd3) fmin.d  fs11, fs11, ft3
core   0: 1 0x000000008000576e (0x2a3d8dd3) f27 0x0000000000000000
core   0: 0x0000000080005772 (0x00dcccb3) xor     s9, s9, a3
core   0: 1 0x0000000080005772 (0x00dcccb3) x25 0xfffffffffffff071
core   0: 0x0000000080005776 (0x800cfd13) andi    s10, s9, -2048
core   0: 1 0x0000000080005776 (0x800cfd13) x26 0xfffffffffffff000
core   0: 0x000000008000577a (0x2a38881b) addiw   a6, a7, 675
core   0: 1 0x000000008000577a (0x2a38881b) x16 0xffffffffc01fe416
core   0: 0x000000008000577e (0x011ea7b3) slt     a5, t4, a7
core   0: 1 0x000000008000577e (0x011ea7b3) x15 0x0000000000000000
core   0: 0x0000000080005782 (0x002026f3) csrrs   a3, frm, zero
core   0: 1 0x0000000080005782 (0x002026f3) x13 0x0000000000000000
core   0: 0x0000000080005786 (0x400ed513) srai    a0, t4, 0
core   0: 1 0x0000000080005786 (0x400ed513) x10 0x3fffffffffffffff
core   0: 0x000000008000578a (0x024eadb3) mulhsu  s11, t4, tp
core   0: 1 0x000000008000578a (0x024eadb3) x27 0x000000000000004d
core   0: 0x000000008000578e (0x2ac90653) fmin.d  fa2, fs2, fa2
core   0: 1 0x000000008000578e (0x2ac90653) f12 0x41e227f32c600000
core   0: 0x0000000080005792 (0x0009d11b) srliw   sp, s3, 0
core   0: 1 0x0000000080005792 (0x0009d11b) x2  0xfffffffff6b99c6d
core   0: 0x0000000080005796 (0x00089893) slli    a7, a7, 0
core   0: 1 0x0000000080005796 (0x00089893) x17 0x00000000c01fe173
core   0: 0x000000008000579a (0x1bd6f953) fdiv.d  fs2, fa3, ft9
core   0: 1 0x000000008000579a (0x1bd6f953) c1_fflags 0x0000000000000015 f18 0x3fd3ba980013ba98
core   0: 0x000000008000579e (0x42098b53) fcvt.d.s fs6, fs3
core   0: 1 0x000000008000579e (0x42098b53) f22 0x7ff8000000000000
core   0: 0x00000000800057a2 (0x01a1101b) slliw   zero, sp, 26
core   0: 1 0x00000000800057a2 (0x01a1101b)
core   0: 0x00000000800057a6 (0x01501abb) sllw    s5, zero, s5
core   0: 1 0x00000000800057a6 (0x01501abb) x21 0x0000000000000000
core   0: 0x00000000800057aa (0x00111d73) csrrw   s10, fflags, sp
core   0: 1 0x00000000800057aa (0x00111d73) x26 0x0000000000000015 c1_fflags 0x000000000000000d
core   0: 0x00000000800057ae (0x033e5e13) srli    t3, t3, 51
core   0: 1 0x00000000800057ae (0x033e5e13) x28 0x0000000000000000
core   0: 0x00000000800057b2 (0x00cb5d3b) srlw    s10, s6, a2
core   0: 1 0x00000000800057b2 (0x00cb5d3b) x26 0xffffffffffffffff
core   0: 0x00000000800057b6 (0x00e41433) sll     s0, s0, a4
core   0: 1 0x00000000800057b6 (0x00e41433) x8  0x0000000000000000
core   0: 0x00000000800057ba (0x0b6b7fd3) fsub.d  ft11, fs6, fs6
core   0: 1 0x00000000800057ba (0x0b6b7fd3) f31 0x7ff8000000000000
core   0: 0x00000000800057be (0x2352af53) fsgnjx.d ft10, ft5, fs5
core   0: 1 0x00000000800057be (0x2352af53) f30 0x7ff8000000000000
core   0: 0x00000000800057c2 (0x015dd6bb) srlw    a3, s11, s5
core   0: 1 0x00000000800057c2 (0x015dd6bb) x13 0x000000000000004d
core   0: 0x00000000800057c6 (0x00000001) c.nop
core   0: 1 0x00000000800057c6 (0x0001)
core   0: 0x00000000800057c8 (0x7c898c9b) addiw   s9, s3, 1992
core   0: 1 0x00000000800057c8 (0x7c898c9b) x25 0xfffffffff6b9a435
core   0: 0x00000000800057cc (0x01139c1b) slliw   s8, t2, 17
core   0: 1 0x00000000800057cc (0x01139c1b) x24 0x0000000000000000
core   0: 0x00000000800057d0 (0x00001cea) c.slli  s9, 58
core   0: 1 0x00000000800057d0 (0x1cea) x25 0xd400000000000000
core   0: 0x00000000800057d2 (0x001c5a1b) srliw   s4, s8, 1
core   0: 1 0x00000000800057d2 (0x001c5a1b) x20 0x0000000000000000
core   0: 0x00000000800057d6 (0x00159973) csrrw   s2, fflags, a1
core   0: 1 0x00000000800057d6 (0x00159973) x18 0x000000000000000d c1_fflags 0x0000000000000013
core   0: 0x00000000800057da (0xc20df8d3) fcvt.w.d a7, fs11
core   0: 1 0x00000000800057da (0xc20df8d3) x17 0x0000000000000000
core   0: 0x00000000800057de (0x27ce6413) ori     s0, t3, 636
core   0: 1 0x00000000800057de (0x27ce6413) x8  0x000000000000027c
core   0: 0x00000000800057e2 (0x000e131b) slliw   t1, t3, 0
core   0: 1 0x00000000800057e2 (0x000e131b) x6  0x0000000000000000
core   0: 0x00000000800057e6 (0x40485d1b) sraiw   s10, a6, 4
core   0: 1 0x00000000800057e6 (0x40485d1b) x26 0xfffffffffc01fe41
core   0: 0x00000000800057ea (0x41080d3b) subw    s10, a6, a6
core   0: 1 0x00000000800057ea (0x41080d3b) x26 0x0000000000000000
core   0: 0x00000000800057ee (0xc810f2f3) csrrci  t0, timeh, 1
core   0: exception trap_illegal_instruction, epc 0x00000000800057ee
core   0:           tval 0x00000000c810f2f3
core   0: >>>>  $xrv64i2p1_m2p0_a2p1_f2p2_d2p2_zicsr2p0_zifencei2p0_zmmul1p0_zba1p0_zbb1p0_zbc1p0_zbs1p0
core   0: 0x0000000080004000 (0x0080006f) j       pc + 0x8
core   0: 3 0x0000000080004000 (0x0080006f)
core   0: >>>>  mmode_exception_handler
core   0: 0x0000000080004008 (0x00002c17) auipc   s8, 0x2
core   0: 3 0x0000000080004008 (0x00002c17) x24 0x0000000080006008
core   0: 0x000000008000400c (0x09ec0c13) addi    s8, s8, 158
core   0: 3 0x000000008000400c (0x09ec0c13) x24 0x00000000800060a6
core   0: 0x0000000080004010 (0x000c00e7) jalr    s8
core   0: 3 0x0000000080004010 (0x000c00e7) x1  0x0000000080004014
core   0: >>>>  any_handler
core   0: 0x00000000800060a6 (0x341027f3) csrrs   a5, mepc, zero
core   0: 3 0x00000000800060a6 (0x341027f3) x15 0x00000000800057ee
core   0: 0x00000000800060aa (0x34202773) csrrs   a4, mcause, zero
core   0: 3 0x00000000800060aa (0x34202773) x14 0x0000000000000002
core   0: 0x00000000800060ae (0x142026f3) csrrs   a3, scause, zero
core   0: 3 0x00000000800060ae (0x142026f3) x13 0x0000000000000014
core   0: 0x00000000800060b2 (0x30402673) csrrs   a2, mie, zero
core   0: 3 0x00000000800060b2 (0x30402673) x12 0x0000000000000a00
core   0: 0x00000000800060b6 (0x344025f3) csrrs   a1, mip, zero
core   0: 3 0x00000000800060b6 (0x344025f3) x11 0x0000000000000080
core   0: 0x00000000800060ba (0x343025f3) csrrs   a1, mtval, zero
core   0: 3 0x00000000800060ba (0x343025f3) x11 0x00000000c810f2f3
core   0: 0x00000000800060be (0x14302573) csrrs   a0, stval, zero
core   0: 3 0x00000000800060be (0x14302573) x10 0x0000000000000000
core   0: 0x00000000800060c2 (0xb02024f3) csrrs   s1, minstret, zero
core   0: 3 0x00000000800060c2 (0xb02024f3) x9  0x000000000000101b
core   0: 0x00000000800060c6 (0x0000a811) c.j     pc + 20
core   0: 3 0x00000000800060c6 (0xa811)
core   0: >>>>  mepc_4
core   0: 0x00000000800060da (0x00000791) c.addi  a5, 4
core   0: 3 0x00000000800060da (0x0791) x15 0x00000000800057f2
core   0: 0x00000000800060dc (0x34179073) csrrw   zero, mepc, a5
core   0: 3 0x00000000800060dc (0x34179073) c833_mepc 0x00000000800057f2
core   0: 0x00000000800060e0 (0x30200073) mret
core   0: 3 0x00000000800060e0 (0x30200073) c768_mstatus 0x8000000a00106080
core   0: 0x00000000800057f2 (0x4005dc93) srai    s9, a1, 0
core   0: 1 0x00000000800057f2 (0x4005dc93) x25 0x00000000c810f2f3
core   0: 0x00000000800057f6 (0x22f69ed3) fsgnjn.d ft9, fa3, fa5
core   0: 1 0x00000000800057f6 (0x22f69ed3) f29 0xc1d3ba9800000000
core   0: 0x00000000800057fa (0x5a057353) fsqrt.d ft6, fa0
core   0: 1 0x00000000800057fa (0x5a057353) f6  0x7ff8000000000000
core   0: 0x00000000800057fe (0x23940253) fsgnj.d ft4, fs0, fs9
core   0: 1 0x00000000800057fe (0x23940253) f4  0x7ff8000000000000
core   0: 0x0000000080005802 (0x23432353) fsgnjx.d ft6, ft6, fs4
core   0: 1 0x0000000080005802 (0x23432353) f6  0x7ff8000000000000
core   0: 0x0000000080005806 (0x00008ad6) c.mv    s5, s5
core   0: 1 0x0000000080005806 (0x8ad6) x21 0x0000000000000000
core   0: 0x0000000080005808 (0x0ff0000f) fence   iorw,iorw
core   0: 1 0x0000000080005808 (0x0ff0000f)
core   0: 0x000000008000580c (0x011601bb) addw    gp, a2, a7
core   0: 1 0x000000008000580c (0x011601bb) x3  0x0000000000000a00
core   0: 0x0000000080005810 (0xc23f7d53) fcvt.lu.d s10, ft10
core   0: 1 0x0000000080005810 (0xc23f7d53) c1_fflags 0x0000000000000013 x26 0xffffffffffffffff
core   0: 0x0000000080005814 (0x23458953) fsgnj.d fs2, fa1, fs4
core   0: 1 0x0000000080005814 (0x23458953) f18 0x7fffffff00000000
core   0: 0x0000000080005818 (0x00202673) csrrs   a2, frm, zero
core   0: 1 0x0000000080005818 (0x00202673) x12 0x0000000000000000
core   0: 0x000000008000581c (0x154c6093) ori     ra, s8, 340
core   0: 1 0x000000008000581c (0x154c6093) x1  0x00000000800061f6
core   0: 0x0000000080005820 (0x405cd51b) sraiw   a0, s9, 5
core   0: 1 0x0000000080005820 (0x405cd51b) x10 0xfffffffffe408797
core   0: 0x0000000080005824 (0x02e317b3) mulh    a5, t1, a4
core   0: 1 0x0000000080005824 (0x02e317b3) x15 0x0000000000000000
core   0: 0x0000000080005828 (0x02f6adb3) mulhsu  s11, a3, a5
core   0: 1 0x0000000080005828 (0x02f6adb3) x27 0x0000000000000000
core   0: 0x000000008000582c (0x7159f8b7) lui     a7, 0x7159f
core   0: 1 0x000000008000582c (0x7159f8b7) x17 0x000000007159f000
core   0: 0x0000000080005830 (0x00279df3) csrrw   s11, frm, a5
core   0: 1 0x0000000080005830 (0x00279df3) x27 0x0000000000000000 c2_frm 0x0000000000000000
core   0: 0x0000000080005834 (0x02b0c5b3) div     a1, ra, a1
core   0: 1 0x0000000080005834 (0x02b0c5b3) x11 0x0000000000000000
core   0: 0x0000000080005838 (0xd03d7a53) fcvt.s.lu fs4, s10
core   0: 1 0x0000000080005838 (0xd03d7a53) c1_fflags 0x0000000000000013 f20 0xffffffff5f800000
core   0: 0x000000008000583c (0x0096a6b3) slt     a3, a3, s1
core   0: 1 0x000000008000583c (0x0096a6b3) x13 0x0000000000000001
core   0: 0x0000000080005840 (0x0367ce3b) divw    t3, a5, s6
core   0: 1 0x0000000080005840 (0x0367ce3b) x28 0x0000000000000000
core   0: 0x0000000080005844 (0xc2297253) fcvt.l.d tp, fs2
core   0: 1 0x0000000080005844 (0xc2297253) c1_fflags 0x0000000000000013 x4  0x7fffffffffffffff
core   0: 0x0000000080005848 (0x7ff96913) ori     s2, s2, 2047
core   0: 1 0x0000000080005848 (0x7ff96913) x18 0x00000000000007ff
core   0: 0x000000008000584c (0xd21903d3) fcvt.d.wu ft7, s2
core   0: 1 0x000000008000584c (0xd21903d3) f7  0x409ffc0000000000
core   0: 0x0000000080005850 (0x0122c133) xor     sp, t0, s2
core   0: 1 0x0000000080005850 (0x0122c133) x2  0x00000000000007ff
core   0: 0x0000000080005854 (0x0023a4b3) slt     s1, t2, sp
core   0: 1 0x0000000080005854 (0x0023a4b3) x9  0x0000000000000001
core   0: 0x0000000080005858 (0x02cdd63b) divuw   a2, s11, a2
core   0: 1 0x0000000080005858 (0x02cdd63b) x12 0xffffffffffffffff
core   0: 0x000000008000585c (0xc0237e53) fcvt.l.s t3, ft6
core   0: 1 0x000000008000585c (0xc0237e53) c1_fflags 0x0000000000000013 x28 0x7fffffffffffffff
core   0: 0x0000000080005860 (0x015e95b3) sll     a1, t4, s5
core   0: 1 0x0000000080005860 (0x015e95b3) x11 0x3fffffffffffffff
core   0: 0x0000000080005864 (0x03467043) fmadd.d ft0, fa2, fs4, ft0
core   0: 1 0x0000000080005864 (0x03467043) f0  0x7ff8000000000000
core   0: 0x0000000080005868 (0x2aa59bd3) fmax.d  fs7, fa1, fa0
core   0: 1 0x0000000080005868 (0x2aa59bd3) f23 0x7ff8000000000000
core   0: 0x000000008000586c (0xdb6bc793) xori    a5, s7, -586
core   0: 1 0x000000008000586c (0xdb6bc793) x15 0x0000006b2d31e18f
core   0: 0x0000000080005870 (0xa39581d3) fle.d   gp, fa1, fs9
core   0: 1 0x0000000080005870 (0xa39581d3) c1_fflags 0x0000000000000013 x3  0x0000000000000000
core   0: 0x0000000080005874 (0xd234f4d3) fcvt.d.lu fs1, s1
core   0: 1 0x0000000080005874 (0xd234f4d3) f9  0x3ff0000000000000
core   0: 0x0000000080005878 (0xf20c8c53) fmv.d.x fs8, s9
core   0: 1 0x0000000080005878 (0xf20c8c53) f24 0x00000000c810f2f3
core   0: 0x000000008000587c (0x7ffef413) andi    s0, t4, 2047
core   0: 1 0x000000008000587c (0x7ffef413) x8  0x00000000000007ff
core   0: 0x0000000080005880 (0x00ae8cbb) addw    s9, t4, a0
core   0: 1 0x0000000080005880 (0x00ae8cbb) x25 0xfffffffffe408796
core   0: 0x0000000080005884 (0xc339fdcb) fnmsub.d fs11, fs3, fs3, fs8
core   0: 1 0x0000000080005884 (0xc339fdcb) f27 0x7ff8000000000000
core   0: 0x0000000080005888 (0x1b397953) fdiv.d  fs2, fs2, fs3
core   0: 1 0x0000000080005888 (0x1b397953) f18 0x7ff8000000000000
core   0: 0x000000008000588c (0xe20804d3) fmv.x.d s1, fa6
core   0: 1 0x000000008000588c (0xe20804d3) x9  0x7ff8000000000000
core   0: 0x0000000080005890 (0x039dbcb3) mulhu   s9, s11, s9
core   0: 1 0x0000000080005890 (0x039dbcb3) x25 0x0000000000000000
core   0: 0x0000000080005894 (0x01ca8abb) addw    s5, s5, t3
core   0: 1 0x0000000080005894 (0x01ca8abb) x21 0xffffffffffffffff
core   0: 0x0000000080005898 (0x416501b3) sub     gp, a0, s6
core   0: 1 0x0000000080005898 (0x416501b3) x3  0xfffffffffe408798
core   0: 0x000000008000589c (0x43a7d113) srai    sp, a5, 58
core   0: 1 0x000000008000589c (0x43a7d113) x2  0x0000000000000000
core   0: 0x00000000800058a0 (0xd227f453) fcvt.d.l fs0, a5
core   0: 1 0x00000000800058a0 (0xd227f453) f8  0x425acb4c7863c000
core   0: 0x00000000800058a4 (0x00f4053b) addw    a0, s0, a5
core   0: 1 0x00000000800058a4 (0x00f4053b) x10 0x000000002d31e98e
core   0: 0x00000000800058a8 (0x014b5eb3) srl     t4, s6, s4
core   0: 1 0x00000000800058a8 (0x014b5eb3) x29 0xffffffffffffffff
core   0: 0x00000000800058ac (0x402609bb) subw    s3, a2, sp
core   0: 1 0x00000000800058ac (0x402609bb) x19 0xffffffffffffffff
core   0: 0x00000000800058b0 (0xd0217ed3) fcvt.s.l ft9, sp
core   0: 1 0x00000000800058b0 (0xd0217ed3) f29 0xffffffff00000000
core   0: 0x00000000800058b4 (0x01c18b3b) addw    s6, gp, t3
core   0: 1 0x00000000800058b4 (0x01c18b3b) x22 0xfffffffffe408797
core   0: 0x00000000800058b8 (0x00000001) c.nop
core   0: 1 0x00000000800058b8 (0x0001)
core   0: 0x00000000800058ba (0x00000001) c.nop
core   0: 1 0x00000000800058ba (0x0001)
core   0: 0x00000000800058bc (0xf3e64113) xori    sp, a2, -194
core   0: 1 0x00000000800058bc (0xf3e64113) x2  0x00000000000000c1
core   0: 0x00000000800058c0 (0x4148d89b) sraiw   a7, a7, 20
core   0: 1 0x00000000800058c0 (0x4148d89b) x17 0x0000000000000715
core   0: 0x00000000800058c4 (0xfffb029b) addiw   t0, s6, -1
core   0: 1 0x00000000800058c4 (0xfffb029b) x5  0xfffffffffe408796
core   0: 0x00000000800058c8 (0x0014581b) srliw   a6, s0, 1
core   0: 1 0x00000000800058c8 (0x0014581b) x16 0x00000000000003ff
core   0: 0x00000000800058cc (0xc03df5d3) fcvt.lu.s a1, fs11
core   0: 1 0x00000000800058cc (0xc03df5d3) c1_fflags 0x0000000000000013 x11 0xffffffffffffffff
core   0: 0x00000000800058d0 (0x01265993) srli    s3, a2, 18
core   0: 1 0x00000000800058d0 (0x01265993) x19 0x00003fffffffffff
core   0: 0x00000000800058d4 (0x000cd613) srli    a2, s9, 0
core   0: 1 0x00000000800058d4 (0x000cd613) x12 0x0000000000000000
core   0: 0x00000000800058d8 (0x0107d0bb) srlw    ra, a5, a6
core   0: 1 0x00000000800058d8 (0x0107d0bb) x1  0x0000000000000000
core   0: 0x00000000800058dc (0x00f506bb) addw    a3, a0, a5
core   0: 1 0x00000000800058dc (0x00f506bb) x13 0x000000005a63cb1d
core   0: 0x00000000800058e0 (0xc02973d3) fcvt.l.s t2, fs2
core   0: 1 0x00000000800058e0 (0xc02973d3) c1_fflags 0x0000000000000013 x7  0x7fffffffffffffff
core   0: 0x00000000800058e4 (0xf8005ab7) lui     s5, 0xf8005
core   0: 1 0x00000000800058e4 (0xf8005ab7) x21 0xfffffffff8005000
core   0: 0x00000000800058e8 (0xb9ba8a9b) addiw   s5, s5, -1125
core   0: 1 0x00000000800058e8 (0xb9ba8a9b) x21 0xfffffffff8004b9b
core   0: 0x00000000800058ec (0x00000ab2) c.slli  s5, 12
core   0: 1 0x00000000800058ec (0x0ab2) x21 0xffffff8004b9b000
core   0: 0x00000000800058ee (0x794a8a93) addi    s5, s5, 1940
core   0: 1 0x00000000800058ee (0x794a8a93) x21 0xffffff8004b9b794
core   0: 0x00000000800058f2 (0x031005b3) mul     a1, zero, a7
core   0: 1 0x00000000800058f2 (0x031005b3) x11 0x0000000000000000
core   0: 0x00000000800058f6 (0x22641553) fsgnjn.d fa0, fs0, ft6
core   0: 1 0x00000000800058f6 (0x22641553) f10 0xc25acb4c7863c000
core   0: 0x00000000800058fa (0xba4a60b7) lui     ra, 0xba4a6
core   0: 1 0x00000000800058fa (0xba4a60b7) x1  0xffffffffba4a6000
core   0: 0x00000000800058fe (0x0a697353) fsub.d  ft6, fs2, ft6
core   0: 1 0x00000000800058fe (0x0a697353) f6  0x7ff8000000000000
core   0: 0x0000000080005902 (0x1adc7653) fdiv.d  fa2, fs8, fa3
core   0: 1 0x0000000080005902 (0x1adc7653) c1_fflags 0x0000000000000013 f12 0x0000000000000003
core   0: 0x0000000080005906 (0xc21672d3) fcvt.wu.d t0, fa2
core   0: 1 0x0000000080005906 (0xc21672d3) c1_fflags 0x0000000000000013 x5  0x0000000000000000
core   0: 0x000000008000590a (0x0213dabb) divuw   s5, t2, ra
core   0: 1 0x000000008000590a (0x0213dabb) x21 0x0000000000000001
core   0: 0x000000008000590e (0x00b9a9b3) slt     s3, s3, a1
core   0: 1 0x000000008000590e (0x00b9a9b3) x19 0x0000000000000000
core   0: 0x0000000080005912 (0x03fbdb93) srli    s7, s7, 63
core   0: 1 0x0000000080005912 (0x03fbdb93) x23 0x0000000000000001
core   0: 0x0000000080005916 (0x015bdb9b) srliw   s7, s7, 21
core   0: 1 0x0000000080005916 (0x015bdb9b) x23 0x0000000000000000
core   0: 0x000000008000591a (0x0bd47753) fsub.d  fa4, fs0, ft9
core   0: 1 0x000000008000591a (0x0bd47753) f14 0x7ff8000000000000
core   0: 0x000000008000591e (0x021babb3) mulhsu  s7, s7, ra
core   0: 1 0x000000008000591e (0x021babb3) x23 0x0000000000000000
core   0: 0x0000000080005922 (0x015ba5b3) slt     a1, s7, s5
core   0: 1 0x0000000080005922 (0x015ba5b3) x11 0x0000000000000001
core   0: 0x0000000080005926 (0x0ff0000f) fence   iorw,iorw
core   0: 1 0x0000000080005926 (0x0ff0000f)
core   0: 0x000000008000592a (0x00031a13) slli    s4, t1, 0
core   0: 1 0x000000008000592a (0x00031a13) x20 0x0000000000000000
core   0: 0x000000008000592e (0x40b501b3) sub     gp, a0, a1
core   0: 1 0x000000008000592e (0x40b501b3) x3  0x000000002d31e98d
core   0: 0x0000000080005932 (0xd225f7d3) fcvt.d.l fa5, a1
core   0: 1 0x0000000080005932 (0xd225f7d3) f15 0x3ff0000000000000
core   0: 0x0000000080005936 (0x02dd01bb) mulw    gp, s10, a3
core   0: 1 0x0000000080005936 (0x02dd01bb) x3  0xffffffffa59c34e3
core   0: 0x000000008000593a (0x401278d3) fcvt.s.d fa7, ft4
core   0: 1 0x000000008000593a (0x401278d3) f17 0xffffffff7fc00000
core   0: 0x000000008000593e (0x22ba9353) fsgnjn.d ft6, fs5, fa1
core   0: 1 0x000000008000593e (0x22ba9353) f6  0x0000000000000000
core   0: 0x0000000080005942 (0x002022f3) csrrs   t0, frm, zero
core   0: 1 0x0000000080005942 (0x002022f3) x5  0x0000000000000000
core   0: 0x0000000080005946 (0xa8e86697) auipc   a3, 0xa8e86
core   0: 1 0x0000000080005946 (0xa8e86697) x13 0x0000000028e8b946
core   0: 0x000000008000594a (0x932279c7) fmsub.d fs3, ft4, fs2, fs2
core   0: 1 0x000000008000594a (0x932279c7) f19 0x7ff8000000000000
core   0: 0x000000008000594e (0x411c5c33) sra     s8, s8, a7
core   0: 1 0x000000008000594e (0x411c5c33) x24 0x0000000000000400
core   0: 0x0000000080005952 (0x7ff48493) addi    s1, s1, 2047
core   0: 1 0x0000000080005952 (0x7ff48493) x9  0x7ff80000000007ff
core   0: 0x0000000080005956 (0x0339c9bb) divw    s3, s3, s3
core   0: 1 0x0000000080005956 (0x0339c9bb) x19 0xffffffffffffffff
core   0: 0x000000008000595a (0xfffa2a13) slti    s4, s4, -1
core   0: 1 0x000000008000595a (0xfffa2a13) x20 0x0000000000000000
core   0: 0x000000008000595e (0xd20688d3) fcvt.d.w fa7, a3
core   0: 1 0x000000008000595e (0xd20688d3) f17 0x41c4745ca3000000
core   0: 0x0000000080005962 (0x039277bb) remuw   a5, tp, s9
core   0: 1 0x0000000080005962 (0x039277bb) x15 0xffffffffffffffff
core   0: 0x0000000080005966 (0x012b543b) srlw    s0, s6, s2
core   0: 1 0x0000000080005966 (0x012b543b) x8  0x0000000000000001
core   0: 0x000000008000596a (0x7ffb8d93) addi    s11, s7, 2047
core   0: 1 0x000000008000596a (0x7ffb8d93) x27 0x00000000000007ff
core   0: 0x000000008000596e (0x40a0833b) subw    t1, ra, a0
core   0: 1 0x000000008000596e (0x40a0833b) x6  0xffffffff8d187672
core   0: 0x0000000080005972 (0xf2028153) fmv.d.x ft2, t0
core   0: 1 0x0000000080005972 (0xf2028153) f2  0x0000000000000000
core   0: 0x0000000080005976 (0x68e8e013) ori     zero, a7, 1678
core   0: 1 0x0000000080005976 (0x68e8e013)
core   0: 0x000000008000597a (0x8981ce13) xori    t3, gp, -1896
core   0: 1 0x000000008000597a (0x8981ce13) x28 0x000000005a63cc7b
core   0: 0x000000008000597e (0x00202073) csrrs   zero, frm, zero
core   0: 1 0x000000008000597e (0x00202073)
core   0: 0x0000000080005982 (0x0007c7b3) xor     a5, a5, zero
core   0: 1 0x0000000080005982 (0x0007c7b3) x15 0xffffffffffffffff
core   0: 0x0000000080005986 (0xc20870d3) fcvt.w.d ra, fa6
core   0: 1 0x0000000080005986 (0xc20870d3) c1_fflags 0x0000000000000013 x1  0x000000007fffffff
core   0: 0x000000008000598a (0x7a61e013) ori     zero, gp, 1958
core   0: 1 0x000000008000598a (0x7a61e013)
core   0: 0x000000008000598e (0xc02a2273) csrrs   tp, instret, s4
core   0: exception trap_illegal_instruction, epc 0x000000008000598e
core   0:           tval 0x00000000c02a2273
core   0: >>>>  $xrv64i2p1_m2p0_a2p1_f2p2_d2p2_zicsr2p0_zifencei2p0_zmmul1p0_zba1p0_zbb1p0_zbc1p0_zbs1p0
core   0: 0x0000000080004000 (0x0080006f) j       pc + 0x8
core   0: 3 0x0000000080004000 (0x0080006f)
core   0: >>>>  mmode_exception_handler
core   0: 0x0000000080004008 (0x00002c17) auipc   s8, 0x2
core   0: 3 0x0000000080004008 (0x00002c17) x24 0x0000000080006008
core   0: 0x000000008000400c (0x09ec0c13) addi    s8, s8, 158
core   0: 3 0x000000008000400c (0x09ec0c13) x24 0x00000000800060a6
core   0: 0x0000000080004010 (0x000c00e7) jalr    s8
core   0: 3 0x0000000080004010 (0x000c00e7) x1  0x0000000080004014
core   0: >>>>  any_handler
core   0: 0x00000000800060a6 (0x341027f3) csrrs   a5, mepc, zero
core   0: 3 0x00000000800060a6 (0x341027f3) x15 0x000000008000598e
core   0: 0x00000000800060aa (0x34202773) csrrs   a4, mcause, zero
core   0: 3 0x00000000800060aa (0x34202773) x14 0x0000000000000002
core   0: 0x00000000800060ae (0x142026f3) csrrs   a3, scause, zero
core   0: 3 0x00000000800060ae (0x142026f3) x13 0x0000000000000014
core   0: 0x00000000800060b2 (0x30402673) csrrs   a2, mie, zero
core   0: 3 0x00000000800060b2 (0x30402673) x12 0x0000000000000a00
core   0: 0x00000000800060b6 (0x344025f3) csrrs   a1, mip, zero
core   0: 3 0x00000000800060b6 (0x344025f3) x11 0x0000000000000080
core   0: 0x00000000800060ba (0x343025f3) csrrs   a1, mtval, zero
core   0: 3 0x00000000800060ba (0x343025f3) x11 0x00000000c02a2273
core   0: 0x00000000800060be (0x14302573) csrrs   a0, stval, zero
core   0: 3 0x00000000800060be (0x14302573) x10 0x0000000000000000
core   0: 0x00000000800060c2 (0xb02024f3) csrrs   s1, minstret, zero
core   0: 3 0x00000000800060c2 (0xb02024f3) x9  0x0000000000001094
core   0: 0x00000000800060c6 (0x0000a811) c.j     pc + 20
core   0: 3 0x00000000800060c6 (0xa811)
core   0: >>>>  mepc_4
core   0: 0x00000000800060da (0x00000791) c.addi  a5, 4
core   0: 3 0x00000000800060da (0x0791) x15 0x0000000080005992
core   0: 0x00000000800060dc (0x34179073) csrrw   zero, mepc, a5
core   0: 3 0x00000000800060dc (0x34179073) c833_mepc 0x0000000080005992
core   0: 0x00000000800060e0 (0x30200073) mret
core   0: 3 0x00000000800060e0 (0x30200073) c768_mstatus 0x8000000a00106080
core   0: 0x0000000080005992 (0x02c6ca33) div     s4, a3, a2
core   0: 1 0x0000000080005992 (0x02c6ca33) x20 0x0000000000000000
core   0: 0x0000000080005996 (0x222c98d3) fsgnjn.d fa7, fs9, ft2
core   0: 1 0x0000000080005996 (0x222c98d3) f17 0xfff8000000000000
core   0: 0x000000008000599a (0x6f65f413) andi    s0, a1, 1782
core   0: 1 0x000000008000599a (0x6f65f413) x8  0x0000000000000272
core   0: 0x000000008000599e (0xfff50a93) addi    s5, a0, -1
core   0: 1 0x000000008000599e (0xfff50a93) x21 0xffffffffffffffff
core   0: 0x00000000800059a2 (0x02f2d73b) divuw   a4, t0, a5
core   0: 1 0x00000000800059a2 (0x02f2d73b) x14 0x0000000000000000
core   0: 0x00000000800059a6 (0x02a2853b) mulw    a0, t0, a0
core   0: 1 0x00000000800059a6 (0x02a2853b) x10 0x0000000000000000
core   0: 0x00000000800059aa (0x00102b73) csrrs   s6, fflags, zero
core   0: 1 0x00000000800059aa (0x00102b73) x22 0x0000000000000013
core   0: 0x00000000800059ae (0xc0217bd3) fcvt.l.s s7, ft2
core   0: 1 0x00000000800059ae (0xc0217bd3) c1_fflags 0x0000000000000013 x23 0x7fffffffffffffff
core   0: 0x00000000800059b2 (0x000bda13) srli    s4, s7, 0
core   0: 1 0x00000000800059b2 (0x000bda13) x20 0x7fffffffffffffff
core   0: 0x00000000800059b6 (0x00202973) csrrs   s2, frm, zero
core   0: 1 0x00000000800059b6 (0x00202973) x18 0x0000000000000000
core   0: 0x00000000800059ba (0x00102773) csrrs   a4, fflags, zero
core   0: 1 0x00000000800059ba (0x00102773) x14 0x0000000000000013
core   0: 0x00000000800059be (0x4124d4bb) sraw    s1, s1, s2
core   0: 1 0x00000000800059be (0x4124d4bb) x9  0x0000000000001094
core   0: 0x00000000800059c2 (0x0232fd3b) remuw   s10, t0, gp
core   0: 1 0x00000000800059c2 (0x0232fd3b) x26 0x0000000000000000
core   0: 0x00000000800059c6 (0x0014d893) srli    a7, s1, 1
core   0: 1 0x00000000800059c6 (0x0014d893) x17 0x000000000000084a
core   0: 0x00000000800059ca (0x0115933b) sllw    t1, a1, a7
core   0: 1 0x00000000800059ca (0x0115933b) x6  0xffffffffa889cc00
core   0: 0x00000000800059ce (0xa31896d3) flt.d   a3, fa7, fa7
core   0: 1 0x00000000800059ce (0xa31896d3) c1_fflags 0x0000000000000013 x13 0x0000000000000000
core   0: 0x00000000800059d2 (0x003c1c33) sll     s8, s8, gp
core   0: 1 0x00000000800059d2 (0x003c1c33) x24 0x0003053000000000
core   0: 0x00000000800059d6 (0x401af353) fcvt.s.d ft6, fs5
core   0: 1 0x00000000800059d6 (0x401af353) f6  0xffffffff00000000
core   0: 0x00000000800059da (0x020e0e3b) mulw    t3, t3, zero
core   0: 1 0x00000000800059da (0x020e0e3b) x28 0x0000000000000000
core   0: 0x00000000800059de (0xd26fffc7) fmsub.d ft11, ft11, ft6, fs10
core   0: 1 0x00000000800059de (0xd26fffc7) f31 0x7ff8000000000000
core   0: 0x00000000800059e2 (0x00a396b3) sll     a3, t2, a0
core   0: 1 0x00000000800059e2 (0x00a396b3) x13 0x7fffffffffffffff
core   0: 0x00000000800059e6 (0x01b9da3b) srlw    s4, s3, s11
core   0: 1 0x00000000800059e6 (0x01b9da3b) x20 0x0000000000000001
core   0: 0x00000000800059ea (0x00cd98b3) sll     a7, s11, a2
core   0: 1 0x00000000800059ea (0x00cd98b3) x17 0x00000000000007ff
core   0: 0x00000000800059ee (0x239d0d53) fsgnj.d fs10, fs10, fs9
core   0: 1 0x00000000800059ee (0x239d0d53) f26 0x7ff8000000000000
core   0: 0x00000000800059f2 (0xd2170053) fcvt.d.wu ft0, a4
core   0: 1 0x00000000800059f2 (0xd2170053) f0  0x4033000000000000
core   0: 0x00000000800059f6 (0x010b9133) sll     sp, s7, a6
core   0: 1 0x00000000800059f6 (0x010b9133) x2  0x8000000000000000
core   0: 0x00000000800059fa (0x0341d313) srli    t1, gp, 52
core   0: 1 0x00000000800059fa (0x0341d313) x6  0x0000000000000fff
core   0: 0x00000000800059fe (0x0067d73b) srlw    a4, a5, t1
core   0: 1 0x00000000800059fe (0x0067d73b) x14 0x0000000000000001
core   0: 0x0000000080005a02 (0x232006d3) fsgnj.d fa3, ft0, fs2
core   0: 1 0x0000000080005a02 (0x232006d3) f13 0x4033000000000000
core   0: 0x0000000080005a06 (0x03138c33) mul     s8, t2, a7
core   0: 1 0x0000000080005a06 (0x03138c33) x24 0x7ffffffffffff801
core   0: 0x0000000080005a0a (0x43245193) srai    gp, s0, 50
core   0: 1 0x0000000080005a0a (0x43245193) x3  0x0000000000000000
core   0: 0x0000000080005a0e (0x003cd393) srli    t2, s9, 3
core   0: 1 0x0000000080005a0e (0x003cd393) x7  0x0000000000000000
core   0: 0x0000000080005a12 (0x00009e36) c.add   t3, a3
core   0: 1 0x0000000080005a12 (0x9e36) x28 0x7fffffffffffffff
core   0: 0x0000000080005a14 (0x02a9b533) mulhu   a0, s3, a0
core   0: 1 0x0000000080005a14 (0x02a9b533) x10 0x0000000000000000
core   0: 0x0000000080005a18 (0x000a181b) slliw   a6, s4, 0
core   0: 1 0x0000000080005a18 (0x000a181b) x16 0x0000000000000001
core   0: 0x0000000080005a1c (0x40345db3) sra     s11, s0, gp
core   0: 1 0x0000000080005a1c (0x40345db3) x27 0x0000000000000272
core   0: 0x0000000080005a20 (0x00000001) c.nop
core   0: 1 0x0000000080005a20 (0x0001)
core   0: 0x0000000080005a22 (0x00c1e933) or      s2, gp, a2
core   0: 1 0x0000000080005a22 (0x00c1e933) x18 0x0000000000000a00
core   0: 0x0000000080005a26 (0x019a999b) slliw   s3, s5, 25
core   0: 1 0x0000000080005a26 (0x019a999b) x19 0xfffffffffe000000
core   0: 0x0000000080005a2a (0x013d15b3) sll     a1, s10, s3
core   0: 1 0x0000000080005a2a (0x013d15b3) x11 0x0000000000000000
core   0: 0x0000000080005a2e (0x020984b3) mul     s1, s3, zero
core   0: 1 0x0000000080005a2e (0x020984b3) x9  0x0000000000000000
core   0: 0x0000000080005a32 (0x9649f693) andi    a3, s3, -1692
core   0: 1 0x0000000080005a32 (0x9649f693) x13 0xfffffffffe000000
core   0: 0x0000000080005a36 (0x00680933) add     s2, a6, t1
core   0: 1 0x0000000080005a36 (0x00680933) x18 0x0000000000001000
core   0: 0x0000000080005a3a (0x92cef64b) fnmsub.d fa2, ft9, fa2, fs2
core   0: 1 0x0000000080005a3a (0x92cef64b) f12 0x7ff8000000000000
core   0: 0x0000000080005a3e (0x400c5c13) srai    s8, s8, 0
core   0: 1 0x0000000080005a3e (0x400c5c13) x24 0x7ffffffffffff801
core   0: 0x0000000080005a42 (0x02f96d3b) remw    s10, s2, a5
core   0: 1 0x0000000080005a42 (0x02f96d3b) x26 0x0000000000001000
core   0: 0x0000000080005a46 (0x001022f3) csrrs   t0, fflags, zero
core   0: 1 0x0000000080005a46 (0x001022f3) x5  0x0000000000000013
core   0: 0x0000000080005a4a (0x800b8e1b) addiw   t3, s7, -2048
core   0: 1 0x0000000080005a4a (0x800b8e1b) x28 0xfffffffffffff7ff
core   0: 0x0000000080005a4e (0x22191353) fsgnjn.d ft6, fs2, ft1
core   0: 1 0x0000000080005a4e (0x22191353) f6  0xfff8000000000000
core   0: 0x0000000080005a52 (0xf127a973) csrrs   s2, marchid, a5
core   0: exception trap_illegal_instruction, epc 0x0000000080005a52
core   0:           tval 0x00000000f127a973
core   0: >>>>  $xrv64i2p1_m2p0_a2p1_f2p2_d2p2_zicsr2p0_zifencei2p0_zmmul1p0_zba1p0_zbb1p0_zbc1p0_zbs1p0
core   0: 0x0000000080004000 (0x0080006f) j       pc + 0x8
core   0: 3 0x0000000080004000 (0x0080006f)
core   0: >>>>  mmode_exception_handler
core   0: 0x0000000080004008 (0x00002c17) auipc   s8, 0x2
core   0: 3 0x0000000080004008 (0x00002c17) x24 0x0000000080006008
core   0: 0x000000008000400c (0x09ec0c13) addi    s8, s8, 158
core   0: 3 0x000000008000400c (0x09ec0c13) x24 0x00000000800060a6
core   0: 0x0000000080004010 (0x000c00e7) jalr    s8
core   0: 3 0x0000000080004010 (0x000c00e7) x1  0x0000000080004014
core   0: >>>>  any_handler
core   0: 0x00000000800060a6 (0x341027f3) csrrs   a5, mepc, zero
core   0: 3 0x00000000800060a6 (0x341027f3) x15 0x0000000080005a52
core   0: 0x00000000800060aa (0x34202773) csrrs   a4, mcause, zero
core   0: 3 0x00000000800060aa (0x34202773) x14 0x0000000000000002
core   0: 0x00000000800060ae (0x142026f3) csrrs   a3, scause, zero
core   0: 3 0x00000000800060ae (0x142026f3) x13 0x0000000000000014
core   0: 0x00000000800060b2 (0x30402673) csrrs   a2, mie, zero
core   0: 3 0x00000000800060b2 (0x30402673) x12 0x0000000000000a00
core   0: 0x00000000800060b6 (0x344025f3) csrrs   a1, mip, zero
core   0: 3 0x00000000800060b6 (0x344025f3) x11 0x0000000000000080
core   0: 0x00000000800060ba (0x343025f3) csrrs   a1, mtval, zero
core   0: 3 0x00000000800060ba (0x343025f3) x11 0x00000000f127a973
core   0: 0x00000000800060be (0x14302573) csrrs   a0, stval, zero
core   0: 3 0x00000000800060be (0x14302573) x10 0x0000000000000000
core   0: 0x00000000800060c2 (0xb02024f3) csrrs   s1, minstret, zero
core   0: 3 0x00000000800060c2 (0xb02024f3) x9  0x00000000000010d5
core   0: 0x00000000800060c6 (0x0000a811) c.j     pc + 20
core   0: 3 0x00000000800060c6 (0xa811)
core   0: >>>>  mepc_4
core   0: 0x00000000800060da (0x00000791) c.addi  a5, 4
core   0: 3 0x00000000800060da (0x0791) x15 0x0000000080005a56
core   0: 0x00000000800060dc (0x34179073) csrrw   zero, mepc, a5
core   0: 3 0x00000000800060dc (0x34179073) c833_mepc 0x0000000080005a56
core   0: 0x00000000800060e0 (0x30200073) mret
core   0: 3 0x00000000800060e0 (0x30200073) c768_mstatus 0x8000000a00106080
core   0: 0x0000000080005a56 (0x0bf1f9d3) fsub.d  fs3, ft3, ft11
core   0: 1 0x0000000080005a56 (0x0bf1f9d3) f19 0x7ff8000000000000
core   0: 0x0000000080005a5a (0x01b30dbb) addw    s11, t1, s11
core   0: 1 0x0000000080005a5a (0x01b30dbb) x27 0x0000000000001271
core   0: 0x0000000080005a5e (0x00f6dc1b) srliw   s8, a3, 15
core   0: 1 0x0000000080005a5e (0x00f6dc1b) x24 0x0000000000000000
core   0: 0x0000000080005a62 (0xa3560e53) fle.d   t3, fa2, fs5
core   0: 1 0x0000000080005a62 (0xa3560e53) c1_fflags 0x0000000000000013 x28 0x0000000000000000
core   0: 0x0000000080005a66 (0x01784833) xor     a6, a6, s7
core   0: 1 0x0000000080005a66 (0x01784833) x16 0x7ffffffffffffffe
core   0: 0x0000000080005a6a (0x00000001) c.nop
core   0: 1 0x0000000080005a6a (0x0001)
core   0: 0x0000000080005a6c (0x00b800bb) addw    ra, a6, a1
core   0: 1 0x0000000080005a6c (0x00b800bb) x1  0xfffffffff127a971
core   0: 0x0000000080005a70 (0xd029f253) fcvt.s.l ft4, s3
core   0: 1 0x0000000080005a70 (0xd029f253) f4  0xffffffffcc000000
core   0: 0x0000000080005a74 (0xc0467af3) csrrci  s5, hpmcounter4, 12
core   0: exception trap_illegal_instruction, epc 0x0000000080005a74
core   0:           tval 0x00000000c0467af3
core   0: >>>>  $xrv64i2p1_m2p0_a2p1_f2p2_d2p2_zicsr2p0_zifencei2p0_zmmul1p0_zba1p0_zbb1p0_zbc1p0_zbs1p0
core   0: 0x0000000080004000 (0x0080006f) j       pc + 0x8
core   0: 3 0x0000000080004000 (0x0080006f)
core   0: >>>>  mmode_exception_handler
core   0: 0x0000000080004008 (0x00002c17) auipc   s8, 0x2
core   0: 3 0x0000000080004008 (0x00002c17) x24 0x0000000080006008
core   0: 0x000000008000400c (0x09ec0c13) addi    s8, s8, 158
core   0: 3 0x000000008000400c (0x09ec0c13) x24 0x00000000800060a6
core   0: 0x0000000080004010 (0x000c00e7) jalr    s8
core   0: 3 0x0000000080004010 (0x000c00e7) x1  0x0000000080004014
core   0: >>>>  any_handler
core   0: 0x00000000800060a6 (0x341027f3) csrrs   a5, mepc, zero
core   0: 3 0x00000000800060a6 (0x341027f3) x15 0x0000000080005a74
core   0: 0x00000000800060aa (0x34202773) csrrs   a4, mcause, zero
core   0: 3 0x00000000800060aa (0x34202773) x14 0x0000000000000002
core   0: 0x00000000800060ae (0x142026f3) csrrs   a3, scause, zero
core   0: 3 0x00000000800060ae (0x142026f3) x13 0x0000000000000014
core   0: 0x00000000800060b2 (0x30402673) csrrs   a2, mie, zero
core   0: 3 0x00000000800060b2 (0x30402673) x12 0x0000000000000a00
core   0: 0x00000000800060b6 (0x344025f3) csrrs   a1, mip, zero
core   0: 3 0x00000000800060b6 (0x344025f3) x11 0x0000000000000080
core   0: 0x00000000800060ba (0x343025f3) csrrs   a1, mtval, zero
core   0: 3 0x00000000800060ba (0x343025f3) x11 0x00000000c0467af3
core   0: 0x00000000800060be (0x14302573) csrrs   a0, stval, zero
core   0: 3 0x00000000800060be (0x14302573) x10 0x0000000000000000
core   0: 0x00000000800060c2 (0xb02024f3) csrrs   s1, minstret, zero
core   0: 3 0x00000000800060c2 (0xb02024f3) x9  0x00000000000010ed
core   0: 0x00000000800060c6 (0x0000a811) c.j     pc + 20
core   0: 3 0x00000000800060c6 (0xa811)
core   0: >>>>  mepc_4
core   0: 0x00000000800060da (0x00000791) c.addi  a5, 4
core   0: 3 0x00000000800060da (0x0791) x15 0x0000000080005a78
core   0: 0x00000000800060dc (0x34179073) csrrw   zero, mepc, a5
core   0: 3 0x00000000800060dc (0x34179073) c833_mepc 0x0000000080005a78
core   0: 0x00000000800060e0 (0x30200073) mret
core   0: 3 0x00000000800060e0 (0x30200073) c768_mstatus 0x8000000a00106080
core   0: 0x0000000080005a78 (0x00102df3) csrrs   s11, fflags, zero
core   0: 1 0x0000000080005a78 (0x00102df3) x27 0x0000000000000013
core   0: 0x0000000080005a7c (0x03b7a433) mulhsu  s0, a5, s11
core   0: 1 0x0000000080005a7c (0x03b7a433) x8  0x0000000000000000
core   0: 0x0000000080005a80 (0x40045d13) srai    s10, s0, 0
core   0: 1 0x0000000080005a80 (0x40045d13) x26 0x0000000000000000
core   0: 0x0000000080005a84 (0x2ff27e13) andi    t3, tp, 767
core   0: 1 0x0000000080005a84 (0x2ff27e13) x28 0x00000000000002ff
core   0: 0x0000000080005a88 (0x01c216bb) sllw    a3, tp, t3
core   0: 1 0x0000000080005a88 (0x01c216bb) x13 0xffffffff80000000
core   0: 0x0000000080005a8c (0x0012129b) slliw   t0, tp, 1
core   0: 1 0x0000000080005a8c (0x0012129b) x5  0xfffffffffffffffe
core   0: 0x0000000080005a90 (0x00d4003b) addw    zero, s0, a3
core   0: 1 0x0000000080005a90 (0x00d4003b)
core   0: 0x0000000080005a94 (0x5a06f353) fsqrt.d ft6, fa3
core   0: 1 0x0000000080005a94 (0x5a06f353) c1_fflags 0x0000000000000013 f6  0x40116f8334644df9
core   0: 0x0000000080005a98 (0xd22e7053) fcvt.d.l ft0, t3
core   0: 1 0x0000000080005a98 (0xd22e7053) f0  0x4087f80000000000
core   0: 0x0000000080005a9c (0x405e093b) subw    s2, t3, t0
core   0: 1 0x0000000080005a9c (0x405e093b) x18 0x0000000000000301
core   0: 0x0000000080005aa0 (0x02d6e6b3) rem     a3, a3, a3
core   0: 1 0x0000000080005aa0 (0x02d6e6b3) x13 0x0000000000000000
core   0: 0x0000000080005aa4 (0x43ae5c93) srai    s9, t3, 58
core   0: 1 0x0000000080005aa4 (0x43ae5c93) x25 0x0000000000000000
core   0: 0x0000000080005aa8 (0xe20f8ad3) fmv.x.d s5, ft11
core   0: 1 0x0000000080005aa8 (0xe20f8ad3) x21 0x7ff8000000000000
core   0: 0x0000000080005aac (0xf11399f3) csrrw   s3, mvendorid, t2
core   0: exception trap_illegal_instruction, epc 0x0000000080005aac
core   0:           tval 0x00000000f11399f3
core   0: >>>>  $xrv64i2p1_m2p0_a2p1_f2p2_d2p2_zicsr2p0_zifencei2p0_zmmul1p0_zba1p0_zbb1p0_zbc1p0_zbs1p0
core   0: 0x0000000080004000 (0x0080006f) j       pc + 0x8
core   0: 3 0x0000000080004000 (0x0080006f)
core   0: >>>>  mmode_exception_handler
core   0: 0x0000000080004008 (0x00002c17) auipc   s8, 0x2
core   0: 3 0x0000000080004008 (0x00002c17) x24 0x0000000080006008
core   0: 0x000000008000400c (0x09ec0c13) addi    s8, s8, 158
core   0: 3 0x000000008000400c (0x09ec0c13) x24 0x00000000800060a6
core   0: 0x0000000080004010 (0x000c00e7) jalr    s8
core   0: 3 0x0000000080004010 (0x000c00e7) x1  0x0000000080004014
core   0: >>>>  any_handler
core   0: 0x00000000800060a6 (0x341027f3) csrrs   a5, mepc, zero
core   0: 3 0x00000000800060a6 (0x341027f3) x15 0x0000000080005aac
core   0: 0x00000000800060aa (0x34202773) csrrs   a4, mcause, zero
core   0: 3 0x00000000800060aa (0x34202773) x14 0x0000000000000002
core   0: 0x00000000800060ae (0x142026f3) csrrs   a3, scause, zero
core   0: 3 0x00000000800060ae (0x142026f3) x13 0x0000000000000014
core   0: 0x00000000800060b2 (0x30402673) csrrs   a2, mie, zero
core   0: 3 0x00000000800060b2 (0x30402673) x12 0x0000000000000a00
core   0: 0x00000000800060b6 (0x344025f3) csrrs   a1, mip, zero
core   0: 3 0x00000000800060b6 (0x344025f3) x11 0x0000000000000080
core   0: 0x00000000800060ba (0x343025f3) csrrs   a1, mtval, zero
core   0: 3 0x00000000800060ba (0x343025f3) x11 0x00000000f11399f3
core   0: 0x00000000800060be (0x14302573) csrrs   a0, stval, zero
core   0: 3 0x00000000800060be (0x14302573) x10 0x0000000000000000
core   0: 0x00000000800060c2 (0xb02024f3) csrrs   s1, minstret, zero
core   0: 3 0x00000000800060c2 (0xb02024f3) x9  0x000000000000110a
core   0: 0x00000000800060c6 (0x0000a811) c.j     pc + 20
core   0: 3 0x00000000800060c6 (0xa811)
core   0: >>>>  mepc_4
core   0: 0x00000000800060da (0x00000791) c.addi  a5, 4
core   0: 3 0x00000000800060da (0x0791) x15 0x0000000080005ab0
core   0: 0x00000000800060dc (0x34179073) csrrw   zero, mepc, a5
core   0: 3 0x00000000800060dc (0x34179073) c833_mepc 0x0000000080005ab0
core   0: 0x00000000800060e0 (0x30200073) mret
core   0: 3 0x00000000800060e0 (0x30200073) c768_mstatus 0x8000000a00106080
core   0: 0x0000000080005ab0 (0xb3618593) addi    a1, gp, -1226
core   0: 1 0x0000000080005ab0 (0xb3618593) x11 0xfffffffffffffb36
core   0: 0x0000000080005ab4 (0xbdbac297) auipc   t0, 0xbdbac
core   0: 1 0x0000000080005ab4 (0xbdbac297) x5  0x000000003dbb1ab4
core   0: 0x0000000080005ab8 (0x01de94bb) sllw    s1, t4, t4
core   0: 1 0x0000000080005ab8 (0x01de94bb) x9  0xffffffff80000000
core   0: 0x0000000080005abc (0xfb01744b) fnmsub.d fs0, ft2, fa6, ft11
core   0: 1 0x0000000080005abc (0xfb01744b) f8  0x7ff8000000000000
core   0: 0x0000000080005ac0 (0x01fed71b) srliw   a4, t4, 31
core   0: 1 0x0000000080005ac0 (0x01fed71b) x14 0x0000000000000001
core   0: 0x0000000080005ac4 (0x42a85e13) srai    t3, a6, 42
core   0: 1 0x0000000080005ac4 (0x42a85e13) x28 0x00000000001fffff
core   0: 0x0000000080005ac8 (0x010e179b) slliw   a5, t3, 16
core   0: 1 0x0000000080005ac8 (0x010e179b) x15 0xffffffffffff0000
core   0: 0x0000000080005acc (0x0b92f6c3) fmadd.d fa3, ft5, fs9, ft1
core   0: 1 0x0000000080005acc (0x0b92f6c3) f13 0x7ff8000000000000
core   0: 0x0000000080005ad0 (0x41fbd31b) sraiw   t1, s7, 31
core   0: 1 0x0000000080005ad0 (0x41fbd31b) x6  0xffffffffffffffff
core   0: 0x0000000080005ad4 (0x124673d3) fmul.d  ft7, fa2, ft4
core   0: 1 0x0000000080005ad4 (0x124673d3) f7  0x7ff8000000000000
core   0: 0x0000000080005ad8 (0xd027ff53) fcvt.s.l ft10, a5
core   0: 1 0x0000000080005ad8 (0xd027ff53) f30 0xffffffffc7800000
core   0: 0x0000000080005adc (0x03fc5113) srli    sp, s8, 63
core   0: 1 0x0000000080005adc (0x03fc5113) x2  0x0000000000000000
core   0: 0x0000000080005ae0 (0xf2050053) fmv.d.x ft0, a0
core   0: 1 0x0000000080005ae0 (0xf2050053) f0  0x0000000000000000
core   0: 0x0000000080005ae4 (0x00def9b3) and     s3, t4, a3
core   0: 1 0x0000000080005ae4 (0x00def9b3) x19 0x0000000000000014
core   0: 0x0000000080005ae8 (0x00000001) c.nop
core   0: 1 0x0000000080005ae8 (0x0001)
core   0: 0x0000000080005aea (0x01f9979b) slliw   a5, s3, 31
core   0: 1 0x0000000080005aea (0x01f9979b) x15 0x0000000000000000
core   0: 0x0000000080005aee (0x41c6553b) sraw    a0, a2, t3
core   0: 1 0x0000000080005aee (0x41c6553b) x10 0x0000000000000000
core   0: 0x0000000080005af2 (0x01ce03bb) addw    t2, t3, t3
core   0: 1 0x0000000080005af2 (0x01ce03bb) x7  0x00000000003ffffe
core   0: 0x0000000080005af6 (0x00279073) csrrw   zero, frm, a5
core   0: 1 0x0000000080005af6 (0x00279073) c2_frm 0x0000000000000000
core   0: 0x0000000080005afa (0x4000d19b) sraiw   gp, ra, 0
core   0: 1 0x0000000080005afa (0x4000d19b) x3  0xffffffff80004014
core   0: 0x0000000080005afe (0xc02f7053) fcvt.l.s zero, ft10
core   0: 1 0x0000000080005afe (0xc02f7053)
core   0: 0x0000000080005b02 (0x0014911b) slliw   sp, s1, 1
core   0: 1 0x0000000080005b02 (0x0014911b) x2  0x0000000000000000
core   0: 0x0000000080005b06 (0x7ff36b93) ori     s7, t1, 2047
core   0: 1 0x0000000080005b06 (0x7ff36b93) x23 0xffffffffffffffff
core   0: 0x0000000080005b0a (0x00202673) csrrs   a2, frm, zero
core   0: 1 0x0000000080005b0a (0x00202673) x12 0x0000000000000000
core   0: 0x0000000080005b0e (0x00169873) csrrw   a6, fflags, a3
core   0: 1 0x0000000080005b0e (0x00169873) x16 0x0000000000000013 c1_fflags 0x0000000000000014
core   0: 0x0000000080005b12 (0x42008ad3) fcvt.d.s fs5, ft1
core   0: 1 0x0000000080005b12 (0x42008ad3) f21 0x7ff8000000000000
core   0: 0x0000000080005b16 (0x00102373) csrrs   t1, fflags, zero
core   0: 1 0x0000000080005b16 (0x00102373) x6  0x0000000000000014
core   0: 0x0000000080005b1a (0x0ff0000f) fence   iorw,iorw
core   0: 1 0x0000000080005b1a (0x0ff0000f)
core   0: 0x0000000080005b1e (0x8a22ea17) auipc   s4, 0x8a22e
core   0: 1 0x0000000080005b1e (0x8a22ea17) x20 0x000000000a233b1e
core   0: 0x0000000080005b22 (0x0ff0000f) fence   iorw,iorw
core   0: 1 0x0000000080005b22 (0x0ff0000f)
core   0: 0x0000000080005b26 (0x4028559b) sraiw   a1, a6, 2
core   0: 1 0x0000000080005b26 (0x4028559b) x11 0x0000000000000004
core   0: 0x0000000080005b2a (0x00146293) ori     t0, s0, 1
core   0: 1 0x0000000080005b2a (0x00146293) x5  0x0000000000000001
core   0: 0x0000000080005b2e (0x01a59abb) sllw    s5, a1, s10
core   0: 1 0x0000000080005b2e (0x01a59abb) x21 0x0000000000000004
core   0: 0x0000000080005b32 (0x0047943b) sllw    s0, a5, tp
core   0: 1 0x0000000080005b32 (0x0047943b) x8  0x0000000000000000
core   0: 0x0000000080005b36 (0x00003665) c.addiw a2, -7
core   0: 1 0x0000000080005b36 (0x3665) x12 0xfffffffffffffff9
core   0: 0x0000000080005b38 (0x4013d39b) sraiw   t2, t2, 1
core   0: 1 0x0000000080005b38 (0x4013d39b) x7  0x00000000001fffff
core   0: 0x0000000080005b3c (0x00000933) add     s2, zero, zero
core   0: 1 0x0000000080005b3c (0x00000933) x18 0x0000000000000000
core   0: 0x0000000080005b40 (0x404905bb) subw    a1, s2, tp
core   0: 1 0x0000000080005b40 (0x404905bb) x11 0x0000000000000001
core   0: 0x0000000080005b44 (0x024d0ab3) mul     s5, s10, tp
core   0: 1 0x0000000080005b44 (0x024d0ab3) x21 0x0000000000000000
core   0: 0x0000000080005b48 (0xffc8e837) lui     a6, 0xffc8e
core   0: 1 0x0000000080005b48 (0xffc8e837) x16 0xffffffffffc8e000
core   0: 0x0000000080005b4c (0xe9b8081b) addiw   a6, a6, -357
core   0: 1 0x0000000080005b4c (0xe9b8081b) x16 0xffffffffffc8de9b
core   0: 0x0000000080005b50 (0x0000083e) c.slli  a6, 15
core   0: 1 0x0000000080005b50 (0x083e) x16 0xffffffe46f4d8000
core   0: 0x0000000080005b52 (0xc6980813) addi    a6, a6, -919
core   0: 1 0x0000000080005b52 (0xc6980813) x16 0xffffffe46f4d7c69
core   0: 0x0000000080005b56 (0x03c30cbb) mulw    s9, t1, t3
core   0: 1 0x0000000080005b56 (0x03c30cbb) x25 0x00000000027fffec
core   0: 0x0000000080005b5a (0x0284f4b3) remu    s1, s1, s0
core   0: 1 0x0000000080005b5a (0x0284f4b3) x9  0xffffffff80000000
core   0: 0x0000000080005b5e (0xd02bfad3) fcvt.s.l fs5, s7
core   0: 1 0x0000000080005b5e (0xd02bfad3) f21 0xffffffffbf800000
core   0: 0x0000000080005b62 (0x409789bb) subw    s3, a5, s1
core   0: 1 0x0000000080005b62 (0x409789bb) x19 0xffffffff80000000
core   0: 0x0000000080005b66 (0xc23af953) fcvt.lu.d s2, fs5
core   0: 1 0x0000000080005b66 (0xc23af953) c1_fflags 0x0000000000000014 x18 0xffffffffffffffff
core   0: 0x0000000080005b6a (0x03363633) mulhu   a2, a2, s3
core   0: 1 0x0000000080005b6a (0x03363633) x12 0xffffffff7ffffff9
core   0: 0x0000000080005b6e (0x02f37e33) remu    t3, t1, a5
core   0: 1 0x0000000080005b6e (0x02f37e33) x28 0x0000000000000014
core   0: 0x0000000080005b72 (0x019585bb) addw    a1, a1, s9
core   0: 1 0x0000000080005b72 (0x019585bb) x11 0x00000000027fffed
core   0: 0x0000000080005b76 (0x03211db3) mulh    s11, sp, s2
core   0: 1 0x0000000080005b76 (0x03211db3) x27 0x0000000000000000
core   0: 0x0000000080005b7a (0x001d7913) andi    s2, s10, 1
core   0: 1 0x0000000080005b7a (0x001d7913) x18 0x0000000000000000
core   0: 0x0000000080005b7e (0xd2128953) fcvt.d.wu fs2, t0
core   0: 1 0x0000000080005b7e (0xd2128953) f18 0x3ff0000000000000
core   0: 0x0000000080005b82 (0x41b0599b) sraiw   s3, zero, 27
core   0: 1 0x0000000080005b82 (0x41b0599b) x19 0x0000000000000000
core   0: 0x0000000080005b86 (0x5a0d7d53) fsqrt.d fs10, fs10
core   0: 1 0x0000000080005b86 (0x5a0d7d53) f26 0x7ff8000000000000
core   0: 0x0000000080005b8a (0x41f9d69b) sraiw   a3, s3, 31
core   0: 1 0x0000000080005b8a (0x41f9d69b) x13 0x0000000000000000
core   0: 0x0000000080005b8e (0x00948e33) add     t3, s1, s1
core   0: 1 0x0000000080005b8e (0x00948e33) x28 0xffffffff00000000
core   0: 0x0000000080005b92 (0xc01bedf3) csrrsi  s11, time, 23
core   0: exception trap_illegal_instruction, epc 0x0000000080005b92
core   0:           tval 0x00000000c01bedf3
core   0: >>>>  $xrv64i2p1_m2p0_a2p1_f2p2_d2p2_zicsr2p0_zifencei2p0_zmmul1p0_zba1p0_zbb1p0_zbc1p0_zbs1p0
core   0: 0x0000000080004000 (0x0080006f) j       pc + 0x8
core   0: 3 0x0000000080004000 (0x0080006f)
core   0: >>>>  mmode_exception_handler
core   0: 0x0000000080004008 (0x00002c17) auipc   s8, 0x2
core   0: 3 0x0000000080004008 (0x00002c17) x24 0x0000000080006008
core   0: 0x000000008000400c (0x09ec0c13) addi    s8, s8, 158
core   0: 3 0x000000008000400c (0x09ec0c13) x24 0x00000000800060a6
core   0: 0x0000000080004010 (0x000c00e7) jalr    s8
core   0: 3 0x0000000080004010 (0x000c00e7) x1  0x0000000080004014
core   0: >>>>  any_handler
core   0: 0x00000000800060a6 (0x341027f3) csrrs   a5, mepc, zero
core   0: 3 0x00000000800060a6 (0x341027f3) x15 0x0000000080005b92
core   0: 0x00000000800060aa (0x34202773) csrrs   a4, mcause, zero
core   0: 3 0x00000000800060aa (0x34202773) x14 0x0000000000000002
core   0: 0x00000000800060ae (0x142026f3) csrrs   a3, scause, zero
core   0: 3 0x00000000800060ae (0x142026f3) x13 0x0000000000000014
core   0: 0x00000000800060b2 (0x30402673) csrrs   a2, mie, zero
core   0: 3 0x00000000800060b2 (0x30402673) x12 0x0000000000000a00
core   0: 0x00000000800060b6 (0x344025f3) csrrs   a1, mip, zero
core   0: 3 0x00000000800060b6 (0x344025f3) x11 0x0000000000000080
core   0: 0x00000000800060ba (0x343025f3) csrrs   a1, mtval, zero
core   0: 3 0x00000000800060ba (0x343025f3) x11 0x00000000c01bedf3
core   0: 0x00000000800060be (0x14302573) csrrs   a0, stval, zero
core   0: 3 0x00000000800060be (0x14302573) x10 0x0000000000000000
core   0: 0x00000000800060c2 (0xb02024f3) csrrs   s1, minstret, zero
core   0: 3 0x00000000800060c2 (0xb02024f3) x9  0x0000000000001154
core   0: 0x00000000800060c6 (0x0000a811) c.j     pc + 20
core   0: 3 0x00000000800060c6 (0xa811)
core   0: >>>>  mepc_4
core   0: 0x00000000800060da (0x00000791) c.addi  a5, 4
core   0: 3 0x00000000800060da (0x0791) x15 0x0000000080005b96
core   0: 0x00000000800060dc (0x34179073) csrrw   zero, mepc, a5
core   0: 3 0x00000000800060dc (0x34179073) c833_mepc 0x0000000080005b96
core   0: 0x00000000800060e0 (0x30200073) mret
core   0: 3 0x00000000800060e0 (0x30200073) c768_mstatus 0x8000000a00106080
core   0: 0x0000000080005b96 (0x002d803b) addw    zero, s11, sp
core   0: 1 0x0000000080005b96 (0x002d803b)
core   0: 0x0000000080005b9a (0x1a517853) fdiv.d  fa6, ft2, ft5
core   0: 1 0x0000000080005b9a (0x1a517853) f16 0x7ff8000000000000
core   0: 0x0000000080005b9e (0x23a10c53) fsgnj.d fs8, ft2, fs10
core   0: 1 0x0000000080005b9e (0x23a10c53) f24 0x0000000000000000
core   0: 0x0000000080005ba2 (0x000088de) c.mv    a7, s7
core   0: 1 0x0000000080005ba2 (0x88de) x17 0xffffffffffffffff
core   0: 0x0000000080005ba4 (0x03b5613b) remw    sp, a0, s11
core   0: 1 0x0000000080005ba4 (0x03b5613b) x2  0x0000000000000000
core   0: 0x0000000080005ba8 (0x2bb51753) fmax.d  fa4, fa0, fs11
core   0: 1 0x0000000080005ba8 (0x2bb51753) f14 0xc25acb4c7863c000
core   0: 0x0000000080005bac (0x002020f3) csrrs   ra, frm, zero
core   0: 1 0x0000000080005bac (0x002020f3) x1  0x0000000000000000
core   0: 0x0000000080005bb0 (0xdb037b13) andi    s6, t1, -592
core   0: 1 0x0000000080005bb0 (0xdb037b13) x22 0x0000000000000010
core   0: 0x0000000080005bb4 (0x0132c9b3) xor     s3, t0, s3
core   0: 1 0x0000000080005bb4 (0x0132c9b3) x19 0x0000000000000001
core   0: 0x0000000080005bb8 (0x0ff0000f) fence   iorw,iorw
core   0: 1 0x0000000080005bb8 (0x0ff0000f)
core   0: 0x0000000080005bbc (0x02299013) slli    zero, s3, 34
core   0: 1 0x0000000080005bbc (0x02299013)
core   0: 0x0000000080005bc0 (0x006643b3) xor     t2, a2, t1
core   0: 1 0x0000000080005bc0 (0x006643b3) x7  0x0000000000000a14
core   0: 0x0000000080005bc4 (0x23262ed3) fsgnjx.d ft9, fa2, fs2
core   0: 1 0x0000000080005bc4 (0x23262ed3) f29 0x7ff8000000000000
core   0: 0x0000000080005bc8 (0xd0237dd3) fcvt.s.l fs11, t1
core   0: 1 0x0000000080005bc8 (0xd0237dd3) f27 0xffffffff41a00000
core   0: 0x0000000080005bcc (0x7ff1e013) ori     zero, gp, 2047
core   0: 1 0x0000000080005bcc (0x7ff1e013)
core   0: 0x0000000080005bd0 (0x021003b3) mul     t2, zero, ra
core   0: 1 0x0000000080005bd0 (0x021003b3) x7  0x0000000000000000
core   0: 0x0000000080005bd4 (0xf2e37747) fmsub.d fa4, ft6, fa4, ft10
core   0: 1 0x0000000080005bd4 (0xf2e37747) f14 0x7ff8000000000000
core   0: 0x0000000080005bd8 (0xcb49e913) ori     s2, s3, -844
core   0: 1 0x0000000080005bd8 (0xcb49e913) x18 0xfffffffffffffcb5
core   0: 0x0000000080005bdc (0x000bfbb3) and     s7, s7, zero
core   0: 1 0x0000000080005bdc (0x000bfbb3) x23 0x0000000000000000
core   0: 0x0000000080005be0 (0x0ff0000f) fence   iorw,iorw
core   0: 1 0x0000000080005be0 (0x0ff0000f)
core   0: 0x0000000080005be4 (0xd0217c53) fcvt.s.l fs8, sp
core   0: 1 0x0000000080005be4 (0xd0217c53) f24 0xffffffff00000000
core   0: 0x0000000080005be8 (0x4beb869b) addiw   a3, s7, 1214
core   0: 1 0x0000000080005be8 (0x4beb869b) x13 0x00000000000004be
core   0: 0x0000000080005bec (0x03626233) rem     tp, tp, s6
core   0: 1 0x0000000080005bec (0x03626233) x4  0x000000000000000f
core   0: 0x0000000080005bf0 (0xd236fad3) fcvt.d.lu fs5, a3
core   0: 1 0x0000000080005bf0 (0xd236fad3) f21 0x4092f80000000000
core   0: 0x0000000080005bf4 (0x0007191b) slliw   s2, a4, 0
core   0: 1 0x0000000080005bf4 (0x0007191b) x18 0x0000000000000002
core   0: 0x0000000080005bf8 (0xd037fa53) fcvt.s.lu fs4, a5
core   0: 1 0x0000000080005bf8 (0xd037fa53) c1_fflags 0x0000000000000015 f20 0xffffffff4f00005c
core   0: 0x0000000080005bfc (0x011b96b3) sll     a3, s7, a7
core   0: 1 0x0000000080005bfc (0x011b96b3) x13 0x0000000000000000
core   0: 0x0000000080005c00 (0xa290704f) fnmadd.d ft0, ft0, fs1, fs4
core   0: 1 0x0000000080005c00 (0xa290704f) f0  0x7ff8000000000000
core   0: 0x0000000080005c04 (0x034a29b3) mulhsu  s3, s4, s4
core   0: 1 0x0000000080005c04 (0x034a29b3) x19 0x0000000000000000
core   0: 0x0000000080005c08 (0x4018f8d3) fcvt.s.d fa7, fa7
core   0: 1 0x0000000080005c08 (0x4018f8d3) f17 0xffffffff7fc00000
core   0: 0x0000000080005c0c (0x5a0c7d53) fsqrt.d fs10, fs8
core   0: 1 0x0000000080005c0c (0x5a0c7d53) f26 0x7ff8000000000000
core   0: 0x0000000080005c10 (0x401f77d3) fcvt.s.d fa5, ft10
core   0: 1 0x0000000080005c10 (0x401f77d3) f15 0xffffffff7fc00000
core   0: 0x0000000080005c14 (0x405dd0b3) sra     ra, s11, t0
core   0: 1 0x0000000080005c14 (0x405dd0b3) x1  0x0000000000000000
core   0: 0x0000000080005c18 (0xf152fef3) csrrci  t4, mconfigptr, 5
core   0: exception trap_illegal_instruction, epc 0x0000000080005c18
core   0:           tval 0x00000000f152fef3
core   0: >>>>  $xrv64i2p1_m2p0_a2p1_f2p2_d2p2_zicsr2p0_zifencei2p0_zmmul1p0_zba1p0_zbb1p0_zbc1p0_zbs1p0
core   0: 0x0000000080004000 (0x0080006f) j       pc + 0x8
core   0: 3 0x0000000080004000 (0x0080006f)
core   0: >>>>  mmode_exception_handler
core   0: 0x0000000080004008 (0x00002c17) auipc   s8, 0x2
core   0: 3 0x0000000080004008 (0x00002c17) x24 0x0000000080006008
core   0: 0x000000008000400c (0x09ec0c13) addi    s8, s8, 158
core   0: 3 0x000000008000400c (0x09ec0c13) x24 0x00000000800060a6
core   0: 0x0000000080004010 (0x000c00e7) jalr    s8
core   0: 3 0x0000000080004010 (0x000c00e7) x1  0x0000000080004014
core   0: >>>>  any_handler
core   0: 0x00000000800060a6 (0x341027f3) csrrs   a5, mepc, zero
core   0: 3 0x00000000800060a6 (0x341027f3) x15 0x0000000080005c18
core   0: 0x00000000800060aa (0x34202773) csrrs   a4, mcause, zero
core   0: 3 0x00000000800060aa (0x34202773) x14 0x0000000000000002
core   0: 0x00000000800060ae (0x142026f3) csrrs   a3, scause, zero
core   0: 3 0x00000000800060ae (0x142026f3) x13 0x0000000000000014
core   0: 0x00000000800060b2 (0x30402673) csrrs   a2, mie, zero
core   0: 3 0x00000000800060b2 (0x30402673) x12 0x0000000000000a00
core   0: 0x00000000800060b6 (0x344025f3) csrrs   a1, mip, zero
core   0: 3 0x00000000800060b6 (0x344025f3) x11 0x0000000000000080
core   0: 0x00000000800060ba (0x343025f3) csrrs   a1, mtval, zero
core   0: 3 0x00000000800060ba (0x343025f3) x11 0x00000000f152fef3
core   0: 0x00000000800060be (0x14302573) csrrs   a0, stval, zero
core   0: 3 0x00000000800060be (0x14302573) x10 0x0000000000000000
core   0: 0x00000000800060c2 (0xb02024f3) csrrs   s1, minstret, zero
core   0: 3 0x00000000800060c2 (0xb02024f3) x9  0x0000000000001185
core   0: 0x00000000800060c6 (0x0000a811) c.j     pc + 20
core   0: 3 0x00000000800060c6 (0xa811)
core   0: >>>>  mepc_4
core   0: 0x00000000800060da (0x00000791) c.addi  a5, 4
core   0: 3 0x00000000800060da (0x0791) x15 0x0000000080005c1c
core   0: 0x00000000800060dc (0x34179073) csrrw   zero, mepc, a5
core   0: 3 0x00000000800060dc (0x34179073) c833_mepc 0x0000000080005c1c
core   0: 0x00000000800060e0 (0x30200073) mret
core   0: 3 0x00000000800060e0 (0x30200073) c768_mstatus 0x8000000a00106080
core   0: 0x0000000080005c1c (0x02279193) slli    gp, a5, 34
core   0: 1 0x0000000080005c1c (0x02279193) x3  0x0001707000000000
core   0: 0x0000000080005c20 (0x5a067653) fsqrt.d fa2, fa2
core   0: 1 0x0000000080005c20 (0x5a067653) f12 0x7ff8000000000000
core   0: 0x0000000080005c24 (0x01f5d813) srli    a6, a1, 31
core   0: 1 0x0000000080005c24 (0x01f5d813) x16 0x0000000000000001
core   0: 0x0000000080005c28 (0x01031d3b) sllw    s10, t1, a6
core   0: 1 0x0000000080005c28 (0x01031d3b) x26 0x0000000000000028
core   0: 0x0000000080005c2c (0x0138d9b3) srl     s3, a7, s3
core   0: 1 0x0000000080005c2c (0x0138d9b3) x19 0xffffffffffffffff
core   0: 0x0000000080005c30 (0xfd81d537) lui     a0, 0xfd81d
core   0: 1 0x0000000080005c30 (0xfd81d537) x10 0xfffffffffd81d000
core   0: 0x0000000080005c34 (0x8ed5051b) addiw   a0, a0, -1811
core   0: 1 0x0000000080005c34 (0x8ed5051b) x10 0xfffffffffd81c8ed
core   0: 0x0000000080005c38 (0x00000532) c.slli  a0, 12
core   0: 1 0x0000000080005c38 (0x0532) x10 0xffffffd81c8ed000
core   0: 0x0000000080005c3a (0x1b850513) addi    a0, a0, 440
core   0: 1 0x0000000080005c3a (0x1b850513) x10 0xffffffd81c8ed1b8
core   0: 0x0000000080005c3e (0x038ee6bb) remw    a3, t4, s8
core   0: 1 0x0000000080005c3e (0x038ee6bb) x13 0xffffffffffffffff
core   0: 0x0000000080005c42 (0x02e4a933) mulhsu  s2, s1, a4
core   0: 1 0x0000000080005c42 (0x02e4a933) x18 0x0000000000000000
core   0: 0x0000000080005c46 (0x032c0b33) mul     s6, s8, s2
core   0: 1 0x0000000080005c46 (0x032c0b33) x22 0x0000000000000000
core   0: 0x0000000080005c4a (0x0008989b) slliw   a7, a7, 0
core   0: 1 0x0000000080005c4a (0x0008989b) x17 0xffffffffffffffff
core   0: 0x0000000080005c4e (0x2268a7d3) fsgnjx.d fa5, fa7, ft6
core   0: 1 0x0000000080005c4e (0x2268a7d3) f15 0xffffffff7fc00000
core   0: 0x0000000080005c52 (0x01261abb) sllw    s5, a2, s2
core   0: 1 0x0000000080005c52 (0x01261abb) x21 0x0000000000000a00
core   0: 0x0000000080005c56 (0x021560bb) remw    ra, a0, ra
core   0: 1 0x0000000080005c56 (0x021560bb) x1  0x000000001c8ed1b8
core   0: 0x0000000080005c5a (0xc02ffed3) fcvt.l.s t4, ft11
core   0: 1 0x0000000080005c5a (0xc02ffed3) c1_fflags 0x0000000000000015 x29 0x7fffffffffffffff
core   0: 0x0000000080005c5e (0x2a4316d3) fmax.d  fa3, ft6, ft4
core   0: 1 0x0000000080005c5e (0x2a4316d3) f13 0x40116f8334644df9
core   0: 0x0000000080005c62 (0x0034d71b) srliw   a4, s1, 3
core   0: 1 0x0000000080005c62 (0x0034d71b) x14 0x0000000000000230
core   0: 0x0000000080005c66 (0xc236fd53) fcvt.lu.d s10, fa3
core   0: 1 0x0000000080005c66 (0xc236fd53) c1_fflags 0x0000000000000015 x26 0x0000000000000004
core   0: 0x0000000080005c6a (0x00102073) csrrs   zero, fflags, zero
core   0: 1 0x0000000080005c6a (0x00102073)
core   0: 0x0000000080005c6e (0x0139d9bb) srlw    s3, s3, s3
core   0: 1 0x0000000080005c6e (0x0139d9bb) x19 0x0000000000000001
core   0: 0x0000000080005c72 (0x002d9e73) csrrw   t3, frm, s11
core   0: 1 0x0000000080005c72 (0x002d9e73) x28 0x0000000000000000 c2_frm 0x0000000000000000
core   0: 0x0000000080005c76 (0x42048fd3) fcvt.d.s ft11, fs1
core   0: 1 0x0000000080005c76 (0x42048fd3) f31 0x7ff8000000000000
core   0: 0x0000000080005c7a (0x4118d8bb) sraw    a7, a7, a7
core   0: 1 0x0000000080005c7a (0x4118d8bb) x17 0xffffffffffffffff
core   0: 0x0000000080005c7e (0x3107f473) csrrci  s0, mstatush, 15
core   0: exception trap_illegal_instruction, epc 0x0000000080005c7e
core   0:           tval 0x000000003107f473
core   0: >>>>  $xrv64i2p1_m2p0_a2p1_f2p2_d2p2_zicsr2p0_zifencei2p0_zmmul1p0_zba1p0_zbb1p0_zbc1p0_zbs1p0
core   0: 0x0000000080004000 (0x0080006f) j       pc + 0x8
core   0: 3 0x0000000080004000 (0x0080006f)
core   0: >>>>  mmode_exception_handler
core   0: 0x0000000080004008 (0x00002c17) auipc   s8, 0x2
core   0: 3 0x0000000080004008 (0x00002c17) x24 0x0000000080006008
core   0: 0x000000008000400c (0x09ec0c13) addi    s8, s8, 158
core   0: 3 0x000000008000400c (0x09ec0c13) x24 0x00000000800060a6
core   0: 0x0000000080004010 (0x000c00e7) jalr    s8
core   0: 3 0x0000000080004010 (0x000c00e7) x1  0x0000000080004014
core   0: >>>>  any_handler
core   0: 0x00000000800060a6 (0x341027f3) csrrs   a5, mepc, zero
core   0: 3 0x00000000800060a6 (0x341027f3) x15 0x0000000080005c7e
core   0: 0x00000000800060aa (0x34202773) csrrs   a4, mcause, zero
core   0: 3 0x00000000800060aa (0x34202773) x14 0x0000000000000002
core   0: 0x00000000800060ae (0x142026f3) csrrs   a3, scause, zero
core   0: 3 0x00000000800060ae (0x142026f3) x13 0x0000000000000014
core   0: 0x00000000800060b2 (0x30402673) csrrs   a2, mie, zero
core   0: 3 0x00000000800060b2 (0x30402673) x12 0x0000000000000a00
core   0: 0x00000000800060b6 (0x344025f3) csrrs   a1, mip, zero
core   0: 3 0x00000000800060b6 (0x344025f3) x11 0x0000000000000080
core   0: 0x00000000800060ba (0x343025f3) csrrs   a1, mtval, zero
core   0: 3 0x00000000800060ba (0x343025f3) x11 0x000000003107f473
core   0: 0x00000000800060be (0x14302573) csrrs   a0, stval, zero
core   0: 3 0x00000000800060be (0x14302573) x10 0x0000000000000000
core   0: 0x00000000800060c2 (0xb02024f3) csrrs   s1, minstret, zero
core   0: 3 0x00000000800060c2 (0xb02024f3) x9  0x00000000000011ae
core   0: 0x00000000800060c6 (0x0000a811) c.j     pc + 20
core   0: 3 0x00000000800060c6 (0xa811)
core   0: >>>>  mepc_4
core   0: 0x00000000800060da (0x00000791) c.addi  a5, 4
core   0: 3 0x00000000800060da (0x0791) x15 0x0000000080005c82
core   0: 0x00000000800060dc (0x34179073) csrrw   zero, mepc, a5
core   0: 3 0x00000000800060dc (0x34179073) c833_mepc 0x0000000080005c82
core   0: 0x00000000800060e0 (0x30200073) mret
core   0: 3 0x00000000800060e0 (0x30200073) c768_mstatus 0x8000000a00106080
core   0: 0x0000000080005c82 (0x40b5dcbb) sraw    s9, a1, a1
core   0: 1 0x0000000080005c82 (0x40b5dcbb) x25 0x0000000000000620
core   0: 0x0000000080005c86 (0x019dd9b3) srl     s3, s11, s9
core   0: 1 0x0000000080005c86 (0x019dd9b3) x19 0x0000000000000000
core   0: 0x0000000080005c8a (0x012b5c13) srli    s8, s6, 18
core   0: 1 0x0000000080005c8a (0x012b5c13) x24 0x0000000000000000
core   0: 0x0000000080005c8e (0xff23859b) addiw   a1, t2, -14
core   0: 1 0x0000000080005c8e (0xff23859b) x11 0xfffffffffffffff2
core   0: 0x0000000080005c92 (0x2f8cecb7) lui     s9, 0x2f8ce
core   0: 1 0x0000000080005c92 (0x2f8cecb7) x25 0x000000002f8ce000
core   0: 0x0000000080005c96 (0x010b0533) add     a0, s6, a6
core   0: 1 0x0000000080005c96 (0x010b0533) x10 0x0000000000000001
core   0: 0x0000000080005c9a (0x412dd913) srai    s2, s11, 18
core   0: 1 0x0000000080005c9a (0x412dd913) x18 0x0000000000000000
core   0: 0x0000000080005c9e (0x42483317) auipc   t1, 0x42483
core   0: 1 0x0000000080005c9e (0x42483317) x6  0x00000000c2488c9e
core   0: 0x0000000080005ca2 (0x40ea5a3b) sraw    s4, s4, a4
core   0: 1 0x0000000080005ca2 (0x40ea5a3b) x20 0x000000000288cec7
core   0: 0x0000000080005ca6 (0x2c00c213) xori    tp, ra, 704
core   0: 1 0x0000000080005ca6 (0x2c00c213) x4  0x00000000800042d4
core   0: 0x0000000080005caa (0x02175733) divu    a4, a4, ra
core   0: 1 0x0000000080005caa (0x02175733) x14 0x0000000000000000
core   0: 0x0000000080005cae (0x2bda0a53) fmin.d  fs4, fs4, ft9
core   0: 1 0x0000000080005cae (0x2bda0a53) f20 0x7ff8000000000000
core   0: 0x0000000080005cb2 (0x0248413b) divw    sp, a6, tp
core   0: 1 0x0000000080005cb2 (0x0248413b) x2  0x0000000000000000
core   0: 0x0000000080005cb6 (0x40e6d6b3) sra     a3, a3, a4
core   0: 1 0x0000000080005cb6 (0x40e6d6b3) x13 0x0000000000000014
core   0: 0x0000000080005cba (0x40ddda33) sra     s4, s11, a3
core   0: 1 0x0000000080005cba (0x40ddda33) x20 0x0000000000000000
core   0: 0x0000000080005cbe (0x03f11013) slli    zero, sp, 63
core   0: 1 0x0000000080005cbe (0x03f11013)
core   0: 0x0000000080005cc2 (0x1448a773) csrrs   a4, sip, a7
core   0: 1 0x0000000080005cc2 (0x1448a773) x14 0x0000000000000000 c836_mip 0x0000000000000080
core   0: 0x0000000080005cc6 (0x00202173) csrrs   sp, frm, zero
core   0: 1 0x0000000080005cc6 (0x00202173) x2  0x0000000000000000
core   0: 0x0000000080005cca (0x0088aeb3) slt     t4, a7, s0
core   0: 1 0x0000000080005cca (0x0088aeb3) x29 0x0000000000000001
core   0: 0x0000000080005cce (0x409e5e3b) sraw    t3, t3, s1
core   0: 1 0x0000000080005cce (0x409e5e3b) x28 0x0000000000000000
core   0: 0x0000000080005cd2 (0x00d3f1b3) and     gp, t2, a3
core   0: 1 0x0000000080005cd2 (0x00d3f1b3) x3  0x0000000000000000
core   0: 0x0000000080005cd6 (0x78ed87b7) lui     a5, 0x78ed8
core   0: 1 0x0000000080005cd6 (0x78ed87b7) x15 0x0000000078ed8000
core   0: 0x0000000080005cda (0x8a3ef8c7) fmsub.d fa7, ft9, ft3, fa7
core   0: 1 0x0000000080005cda (0x8a3ef8c7) f17 0x7ff8000000000000
core   0: 0x0000000080005cde (0x225d09d3) fsgnj.d fs3, fs10, ft5
core   0: 1 0x0000000080005cde (0x225d09d3) f19 0x7ff8000000000000
core   0: 0x0000000080005ce2 (0x00140b1b) addiw   s6, s0, 1
core   0: 1 0x0000000080005ce2 (0x00140b1b) x22 0x0000000000000001
core   0: 0x0000000080005ce6 (0x031a6cbb) remw    s9, s4, a7
core   0: 1 0x0000000080005ce6 (0x031a6cbb) x25 0x0000000000000000
core   0: 0x0000000080005cea (0x000e589b) srliw   a7, t3, 0
core   0: 1 0x0000000080005cea (0x000e589b) x17 0x0000000000000000
core   0: 0x0000000080005cee (0x4010f053) fcvt.s.d ft0, ft1
core   0: 1 0x0000000080005cee (0x4010f053) f0  0xffffffff50000000
core   0: 0x0000000080005cf2 (0x01139633) sll     a2, t2, a7
core   0: 1 0x0000000080005cf2 (0x01139633) x12 0x0000000000000000
core   0: 0x0000000080005cf6 (0xa3008cd3) fle.d   s9, ft1, fa6
core   0: 1 0x0000000080005cf6 (0xa3008cd3) c1_fflags 0x0000000000000015 x25 0x0000000000000000
core   0: 0x0000000080005cfa (0x017d19bb) sllw    s3, s10, s7
core   0: 1 0x0000000080005cfa (0x017d19bb) x19 0x0000000000000004
core   0: 0x0000000080005cfe (0x40ba0933) sub     s2, s4, a1
core   0: 1 0x0000000080005cfe (0x40ba0933) x18 0x000000000000000e
core   0: 0x0000000080005d02 (0x00069813) slli    a6, a3, 0
core   0: 1 0x0000000080005d02 (0x00069813) x16 0x0000000000000014
core   0: 0x0000000080005d06 (0x69adcb13) xori    s6, s11, 1690
core   0: 1 0x0000000080005d06 (0x69adcb13) x22 0x000000000000069a
core   0: 0x0000000080005d0a (0xfccfa237) lui     tp, 0xfccfa
core   0: 1 0x0000000080005d0a (0xfccfa237) x4  0xfffffffffccfa000
core   0: 0x0000000080005d0e (0xfdd2021b) addiw   tp, tp, -35
core   0: 1 0x0000000080005d0e (0xfdd2021b) x4  0xfffffffffccf9fdd
core   0: 0x0000000080005d12 (0x00000232) c.slli  tp, 12
core   0: 1 0x0000000080005d12 (0x0232) x4  0xffffffccf9fdd000
core   0: 0x0000000080005d14 (0xea520213) addi    tp, tp, -347
core   0: 1 0x0000000080005d14 (0xea520213) x4  0xffffffccf9fdcea5
core   0: 0x0000000080005d18 (0x00ecd393) srli    t2, s9, 14
core   0: 1 0x0000000080005d18 (0x00ecd393) x7  0x0000000000000000
core   0: 0x0000000080005d1c (0x00dadd13) srli    s10, s5, 13
core   0: 1 0x0000000080005d1c (0x00dadd13) x26 0x0000000000000000
core   0: 0x0000000080005d20 (0xd025f3d3) fcvt.s.l ft7, a1
core   0: 1 0x0000000080005d20 (0xd025f3d3) f7  0xffffffffc1600000
core   0: 0x0000000080005d24 (0x01a5fb33) and     s6, a1, s10
core   0: 1 0x0000000080005d24 (0x01a5fb33) x22 0x0000000000000000
core   0: 0x0000000080005d28 (0x00102373) csrrs   t1, fflags, zero
core   0: 1 0x0000000080005d28 (0x00102373) x6  0x0000000000000015
core   0: 0x0000000080005d2c (0x020c8a33) mul     s4, s9, zero
core   0: 1 0x0000000080005d2c (0x020c8a33) x20 0x0000000000000000
core   0: 0x0000000080005d30 (0x42078c53) fcvt.d.s fs8, fa5
core   0: 1 0x0000000080005d30 (0x42078c53) f24 0x7ff8000000000000
core   0: 0x0000000080005d34 (0xa2367647) fmsub.d fa2, fa2, ft3, fs4
core   0: 1 0x0000000080005d34 (0xa2367647) f12 0x7ff8000000000000
core   0: 0x0000000080005d38 (0x0010a633) slt     a2, ra, ra
core   0: 1 0x0000000080005d38 (0x0010a633) x12 0x0000000000000000
core   0: 0x0000000080005d3c (0xc23a7ed3) fcvt.lu.d t4, fs4
core   0: 1 0x0000000080005d3c (0xc23a7ed3) c1_fflags 0x0000000000000015 x29 0xffffffffffffffff
core   0: 0x0000000080005d40 (0x00000001) c.nop
core   0: 1 0x0000000080005d40 (0x0001)
core   0: 0x0000000080005d42 (0x42040453) fcvt.d.s fs0, fs0
core   0: 1 0x0000000080005d42 (0x42040453) f8  0x7ff8000000000000
core   0: 0x0000000080005d46 (0x0ff0000f) fence   iorw,iorw
core   0: 1 0x0000000080005d46 (0x0ff0000f)
core   0: 0x0000000080005d4a (0x5a0cff53) fsqrt.d ft10, fs9
core   0: 1 0x0000000080005d4a (0x5a0cff53) f30 0x7ff8000000000000
core   0: 0x0000000080005d4e (0x23ab2a53) fsgnjx.d fs4, fs6, fs10
core   0: 1 0x0000000080005d4e (0x23ab2a53) f20 0x7ff8000000000000
core   0: 0x0000000080005d52 (0x1b497cd3) fdiv.d  fs9, fs2, fs4
core   0: 1 0x0000000080005d52 (0x1b497cd3) f25 0x7ff8000000000000
core   0: 0x0000000080005d56 (0x03c92333) mulhsu  t1, s2, t3
core   0: 1 0x0000000080005d56 (0x03c92333) x6  0x0000000000000000
core   0: 0x0000000080005d5a (0x00000001) c.nop
core   0: 1 0x0000000080005d5a (0x0001)
core   0: 0x0000000080005d5c (0x2b8c9f53) fmax.d  ft10, fs9, fs8
core   0: 1 0x0000000080005d5c (0x2b8c9f53) f30 0x7ff8000000000000
core   0: 0x0000000080005d60 (0x41618633) sub     a2, gp, s6
core   0: 1 0x0000000080005d60 (0x41618633) x12 0x0000000000000000
core   0: 0x0000000080005d64 (0xa2a50ed3) fle.d   t4, fa0, fa0
core   0: 1 0x0000000080005d64 (0xa2a50ed3) x29 0x0000000000000001
core   0: 0x0000000080005d68 (0x0063023b) addw    tp, t1, t1
core   0: 1 0x0000000080005d68 (0x0063023b) x4  0x0000000000000000
core   0: 0x0000000080005d6c (0x02e66733) rem     a4, a2, a4
core   0: 1 0x0000000080005d6c (0x02e66733) x14 0x0000000000000000
core   0: 0x0000000080005d70 (0x41ded1bb) sraw    gp, t4, t4
core   0: 1 0x0000000080005d70 (0x41ded1bb) x3  0x0000000000000000
core   0: 0x0000000080005d74 (0xd2070c53) fcvt.d.w fs8, a4
core   0: 1 0x0000000080005d74 (0xd2070c53) f24 0x0000000000000000
core   0: 0x0000000080005d78 (0x02ea733b) remuw   t1, s4, a4
core   0: 1 0x0000000080005d78 (0x02ea733b) x6  0x0000000000000000
core   0: 0x0000000080005d7c (0x0013059b) addiw   a1, t1, 1
core   0: 1 0x0000000080005d7c (0x0013059b) x11 0x0000000000000001
core   0: 0x0000000080005d80 (0x03172cb3) mulhsu  s9, a4, a7
core   0: 1 0x0000000080005d80 (0x03172cb3) x25 0x0000000000000000
core   0: 0x0000000080005d84 (0x42028bd3) fcvt.d.s fs7, ft5
core   0: 1 0x0000000080005d84 (0x42028bd3) f23 0x7ff8000000000000
core   0: 0x0000000080005d88 (0x30a67113) andi    sp, a2, 778
core   0: 1 0x0000000080005d88 (0x30a67113) x2  0x0000000000000000
core   0: 0x0000000080005d8c (0x40f80abb) subw    s5, a6, a5
core   0: 1 0x0000000080005d8c (0x40f80abb) x21 0xffffffff87128014
core   0: 0x0000000080005d90 (0x00202573) csrrs   a0, frm, zero
core   0: 1 0x0000000080005d90 (0x00202573) x10 0x0000000000000000
core   0: 0x0000000080005d94 (0xebdd871b) addiw   a4, s11, -323
core   0: 1 0x0000000080005d94 (0xebdd871b) x14 0xfffffffffffffebd
core   0: 0x0000000080005d98 (0x025b55b3) divu    a1, s6, t0
core   0: 1 0x0000000080005d98 (0x025b55b3) x11 0x0000000000000000
core   0: 0x0000000080005d9c (0x000084c6) c.mv    s1, a7
core   0: 1 0x0000000080005d9c (0x84c6) x9  0x0000000000000000
core   0: 0x0000000080005d9e (0xc21bf8d3) fcvt.wu.d a7, fs7
core   0: 1 0x0000000080005d9e (0xc21bf8d3) c1_fflags 0x0000000000000015 x17 0xffffffffffffffff
core   0: 0x0000000080005da2 (0xd22d75d3) fcvt.d.l fa1, s10
core   0: 1 0x0000000080005da2 (0xd22d75d3) f11 0x0000000000000000
core   0: 0x0000000080005da6 (0xa2b42353) feq.d   t1, fs0, fa1
core   0: 1 0x0000000080005da6 (0xa2b42353) x6  0x0000000000000000
core   0: 0x0000000080005daa (0x40c6863b) subw    a2, a3, a2
core   0: 1 0x0000000080005daa (0x40c6863b) x12 0x0000000000000014
core   0: 0x0000000080005dae (0x00041d9b) slliw   s11, s0, 0
core   0: 1 0x0000000080005dae (0x00041d9b) x27 0x0000000000000000
core   0: 0x0000000080005db2 (0xbe57871b) addiw   a4, a5, -1051
core   0: 1 0x0000000080005db2 (0xbe57871b) x14 0x0000000078ed7be5
core   0: 0x0000000080005db6 (0xa22b84d3) fle.d   s1, fs7, ft2
core   0: 1 0x0000000080005db6 (0xa22b84d3) c1_fflags 0x0000000000000015 x9  0x0000000000000000
core   0: 0x0000000080005dba (0xbad6fec3) fmadd.d ft9, fa3, fa3, fs7
core   0: 1 0x0000000080005dba (0xbad6fec3) f29 0x7ff8000000000000
core   0: 0x0000000080005dbe (0xe2058453) fmv.x.d s0, fa1
core   0: 1 0x0000000080005dbe (0xe2058453) x8  0x0000000000000000
core   0: 0x0000000080005dc2 (0xc036f5d3) fcvt.lu.s a1, fa3
core   0: 1 0x0000000080005dc2 (0xc036f5d3) c1_fflags 0x0000000000000015 x11 0xffffffffffffffff
core   0: 0x0000000080005dc6 (0x01628ab3) add     s5, t0, s6
core   0: 1 0x0000000080005dc6 (0x01628ab3) x21 0x0000000000000001
core   0: 0x0000000080005dca (0xc206f2d3) fcvt.w.d t0, fa3
core   0: 1 0x0000000080005dca (0xc206f2d3) c1_fflags 0x0000000000000015 x5  0x0000000000000004
core   0: 0x0000000080005dce (0xc23ef553) fcvt.lu.d a0, ft9
core   0: 1 0x0000000080005dce (0xc23ef553) c1_fflags 0x0000000000000015 x10 0xffffffffffffffff
core   0: 0x0000000080005dd2 (0x411a5bbb) sraw    s7, s4, a7
core   0: 1 0x0000000080005dd2 (0x411a5bbb) x23 0x0000000000000000
core   0: 0x0000000080005dd6 (0x0184141b) slliw   s0, s0, 24
core   0: 1 0x0000000080005dd6 (0x0184141b) x8  0x0000000000000000
core   0: 0x0000000080005dda (0x22940dd3) fsgnj.d fs11, fs0, fs1
core   0: 1 0x0000000080005dda (0x22940dd3) f27 0x7ff8000000000000
core   0: 0x0000000080005dde (0x03b42233) mulhsu  tp, s0, s11
core   0: 1 0x0000000080005dde (0x03b42233) x4  0x0000000000000000
core   0: 0x0000000080005de2 (0x77eb0513) addi    a0, s6, 1918
core   0: 1 0x0000000080005de2 (0x77eb0513) x10 0x000000000000077e
core   0: 0x0000000080005de6 (0x02861a93) slli    s5, a2, 40
core   0: 1 0x0000000080005de6 (0x02861a93) x21 0x0000140000000000
core   0: 0x0000000080005dea (0x007a93b3) sll     t2, s5, t2
core   0: 1 0x0000000080005dea (0x007a93b3) x7  0x0000140000000000
core   0: 0x0000000080005dee (0xc03cf7d3) fcvt.lu.s a5, fs9
core   0: 1 0x0000000080005dee (0xc03cf7d3) c1_fflags 0x0000000000000015 x15 0xffffffffffffffff
core   0: 0x0000000080005df2 (0xc027fad3) fcvt.l.s s5, fa5
core   0: 1 0x0000000080005df2 (0xc027fad3) c1_fflags 0x0000000000000015 x21 0x7fffffffffffffff
core   0: 0x0000000080005df6 (0xf20d8453) fmv.d.x fs0, s11
core   0: 1 0x0000000080005df6 (0xf20d8453) f8  0x0000000000000000
core   0: 0x0000000080005dfa (0x02e75e3b) divuw   t3, a4, a4
core   0: 1 0x0000000080005dfa (0x02e75e3b) x28 0x0000000000000001
core   0: 0x0000000080005dfe (0x40e3d63b) sraw    a2, t2, a4
core   0: 1 0x0000000080005dfe (0x40e3d63b) x12 0x0000000000000000
core   0: 0x0000000080005e02 (0x00000001) c.nop
core   0: 1 0x0000000080005e02 (0x0001)
core   0: 0x0000000080005e04 (0x14240993) addi    s3, s0, 322
core   0: 1 0x0000000080005e04 (0x14240993) x19 0x0000000000000142
core   0: 0x0000000080005e08 (0x00639b3b) sllw    s6, t2, t1
core   0: 1 0x0000000080005e08 (0x00639b3b) x22 0x0000000000000000
core   0: 0x0000000080005e0c (0x420f0f53) fcvt.d.s ft10, ft10
core   0: 1 0x0000000080005e0c (0x420f0f53) f30 0x7ff8000000000000
core   0: 0x0000000080005e10 (0x4125d91b) sraiw   s2, a1, 18
core   0: 1 0x0000000080005e10 (0x4125d91b) x18 0xffffffffffffffff
core   0: 0x0000000080005e14 (0xe2138693) addi    a3, t2, -479
core   0: 1 0x0000000080005e14 (0xe2138693) x13 0x000013fffffffe21
core   0: 0x0000000080005e18 (0x005bd51b) srliw   a0, s7, 5
core   0: 1 0x0000000080005e18 (0x005bd51b) x10 0x0000000000000000
core   0: 0x0000000080005e1c (0x720f7743) fmadd.d fa4, ft10, ft0, fa4
core   0: 1 0x0000000080005e1c (0x720f7743) f14 0x7ff8000000000000
core   0: 0x0000000080005e20 (0x00bd9db3) sll     s11, s11, a1
core   0: 1 0x0000000080005e20 (0x00bd9db3) x27 0x0000000000000000
core   0: 0x0000000080005e24 (0x2a6bf2c7) fmsub.d ft5, fs7, ft6, ft5
core   0: 1 0x0000000080005e24 (0x2a6bf2c7) f5  0x7ff8000000000000
core   0: 0x0000000080005e28 (0x41b6063b) subw    a2, a2, s11
core   0: 1 0x0000000080005e28 (0x41b6063b) x12 0x0000000000000000
core   0: 0x0000000080005e2c (0xc2107453) fcvt.wu.d s0, ft0
core   0: 1 0x0000000080005e2c (0xc2107453) c1_fflags 0x0000000000000015 x8  0xffffffffffffffff
core   0: 0x0000000080005e30 (0x01954d33) xor     s10, a0, s9
core   0: 1 0x0000000080005e30 (0x01954d33) x26 0x0000000000000000
core   0: 0x0000000080005e34 (0x3c356993) ori     s3, a0, 963
core   0: 1 0x0000000080005e34 (0x3c356993) x19 0x00000000000003c3
core   0: 0x0000000080005e38 (0xe2050553) fmv.x.d a0, fa0
core   0: 1 0x0000000080005e38 (0xe2050553) x10 0xc25acb4c7863c000
core   0: 0x0000000080005e3c (0x008b84bb) addw    s1, s7, s0
core   0: 1 0x0000000080005e3c (0x008b84bb) x9  0xffffffffffffffff
core   0: 0x0000000080005e40 (0x002d9df3) csrrw   s11, frm, s11
core   0: 1 0x0000000080005e40 (0x002d9df3) x27 0x0000000000000000 c2_frm 0x0000000000000000
core   0: 0x0000000080005e44 (0x02ddf3bb) remuw   t2, s11, a3
core   0: 1 0x0000000080005e44 (0x02ddf3bb) x7  0x0000000000000000
core   0: 0x0000000080005e48 (0xc0277ad3) fcvt.l.s s5, fa4
core   0: 1 0x0000000080005e48 (0xc0277ad3) c1_fflags 0x0000000000000015 x21 0x7fffffffffffffff
core   0: 0x0000000080005e4c (0xd20a88d3) fcvt.d.w fa7, s5
core   0: 1 0x0000000080005e4c (0xd20a88d3) f17 0xbff0000000000000
core   0: 0x0000000080005e50 (0x02004abb) divw    s5, zero, zero
core   0: 1 0x0000000080005e50 (0x02004abb) x21 0xffffffffffffffff
core   0: 0x0000000080005e54 (0x01b65633) srl     a2, a2, s11
core   0: 1 0x0000000080005e54 (0x01b65633) x12 0x0000000000000000
core   0: 0x0000000080005e58 (0x419dda33) sra     s4, s11, s9
core   0: 1 0x0000000080005e58 (0x419dda33) x20 0x0000000000000000
core   0: 0x0000000080005e5c (0xc2337b53) fcvt.lu.d s6, ft6
core   0: 1 0x0000000080005e5c (0xc2337b53) c1_fflags 0x0000000000000015 x22 0x0000000000000004
core   0: 0x0000000080005e60 (0x01e125b7) lui     a1, 0x1e12
core   0: 1 0x0000000080005e60 (0x01e125b7) x11 0x0000000001e12000
core   0: 0x0000000080005e64 (0xf615859b) addiw   a1, a1, -159
core   0: 1 0x0000000080005e64 (0xf615859b) x11 0x0000000001e11f61
core   0: 0x0000000080005e68 (0x000005ba) c.slli  a1, 14
core   0: 1 0x0000000080005e68 (0x05ba) x11 0x0000007847d84000
core   0: 0x0000000080005e6a (0xdbf58593) addi    a1, a1, -577
core   0: 1 0x0000000080005e6a (0xdbf58593) x11 0x0000007847d83dbf
core   0: 0x0000000080005e6e (0x00c59413) slli    s0, a1, 12
core   0: 1 0x0000000080005e6e (0x00c59413) x8  0x0007847d83dbf000
core   0: 0x0000000080005e72 (0x00870d33) add     s10, a4, s0
core   0: 1 0x0000000080005e72 (0x00870d33) x26 0x0007847dfcc96be5
core   0: 0x0000000080005e76 (0x001ae693) ori     a3, s5, 1
core   0: 1 0x0000000080005e76 (0x001ae693) x13 0xffffffffffffffff
core   0: 0x0000000080005e7a (0x020cdd37) lui     s10, 0x20cd
core   0: 1 0x0000000080005e7a (0x020cdd37) x26 0x00000000020cd000
core   0: 0x0000000080005e7e (0x433d0d1b) addiw   s10, s10, 1075
core   0: 1 0x0000000080005e7e (0x433d0d1b) x26 0x00000000020cd433
core   0: 0x0000000080005e82 (0x00000d32) c.slli  s10, 12
core   0: 1 0x0000000080005e82 (0x0d32) x26 0x00000020cd433000
core   0: 0x0000000080005e84 (0x40fd0d13) addi    s10, s10, 1039
core   0: 1 0x0000000080005e84 (0x40fd0d13) x26 0x00000020cd43340f
core   0: 0x0000000080005e88 (0x41d589bb) subw    s3, a1, t4
core   0: 1 0x0000000080005e88 (0x41d589bb) x19 0x0000000047d83dbe
core   0: 0x0000000080005e8c (0x411ddc9b) sraiw   s9, s11, 17
core   0: 1 0x0000000080005e8c (0x411ddc9b) x25 0x0000000000000000
core   0: 0x0000000080005e90 (0x0183939b) slliw   t2, t2, 24
core   0: 1 0x0000000080005e90 (0x0183939b) x7  0x0000000000000000
core   0: 0x0000000080005e94 (0x026ceebb) remw    t4, s9, t1
core   0: 1 0x0000000080005e94 (0x026ceebb) x29 0x0000000000000000
core   0: 0x0000000080005e98 (0x229899d3) fsgnjn.d fs3, fa7, fs1
core   0: 1 0x0000000080005e98 (0x229899d3) f19 0xbff0000000000000
core   0: 0x0000000080005e9c (0x00008d96) c.mv    s11, t0
core   0: 1 0x0000000080005e9c (0x8d96) x27 0x0000000000000004
core   0: 0x0000000080005e9e (0x01db101b) slliw   zero, s6, 29
core   0: 1 0x0000000080005e9e (0x01db101b)
core   0: 0x0000000080005ea2 (0xdae31137) lui     sp, 0xdae31
core   0: 1 0x0000000080005ea2 (0xdae31137) x2  0xffffffffdae31000
core   0: 0x0000000080005ea6 (0x01110abb) addw    s5, sp, a7
core   0: 1 0x0000000080005ea6 (0x01110abb) x21 0xffffffffdae30fff
core   0: 0x0000000080005eaa (0x401ad693) srai    a3, s5, 1
core   0: 1 0x0000000080005eaa (0x401ad693) x13 0xffffffffed7187ff
core   0: 0x0000000080005eae (0xd2110653) fcvt.d.wu fa2, sp
core   0: 1 0x0000000080005eae (0xd2110653) f12 0x41eb5c6200000000
core   0: 0x0000000080005eb2 (0x00c6cdb3) xor     s11, a3, a2
core   0: 1 0x0000000080005eb2 (0x00c6cdb3) x27 0xffffffffed7187ff
core   0: 0x0000000080005eb6 (0x01487e33) and     t3, a6, s4
core   0: 1 0x0000000080005eb6 (0x01487e33) x28 0x0000000000000000
core   0: 0x0000000080005eba (0xd02779d3) fcvt.s.l fs3, a4
core   0: 1 0x0000000080005eba (0xd02779d3) c1_fflags 0x0000000000000015 f19 0xffffffff4ef1daf8
core   0: 0x0000000080005ebe (0x00000001) c.nop
core   0: 1 0x0000000080005ebe (0x0001)
core   0: 0x0000000080005ec0 (0x4002de9b) sraiw   t4, t0, 0
core   0: 1 0x0000000080005ec0 (0x4002de9b) x29 0x0000000000000004
core   0: 0x0000000080005ec4 (0x022eba33) mulhu   s4, t4, sp
core   0: 1 0x0000000080005ec4 (0x022eba33) x20 0x0000000000000003
core   0: 0x0000000080005ec8 (0x00000001) c.nop
core   0: 1 0x0000000080005ec8 (0x0001)
core   0: 0x0000000080005eca (0x00b10e33) add     t3, sp, a1
core   0: 1 0x0000000080005eca (0x00b10e33) x28 0x0000007822bb4dbf
core   0: 0x0000000080005ece (0xd020f953) fcvt.s.l fs2, ra
core   0: 1 0x0000000080005ece (0xd020f953) c1_fflags 0x0000000000000015 f18 0xffffffff4f000040
core   0: 0x0000000080005ed2 (0x7ff0fd93) andi    s11, ra, 2047
core   0: 1 0x0000000080005ed2 (0x7ff0fd93) x27 0x0000000000000014
core   0: 0x0000000080005ed6 (0x001cdc9b) srliw   s9, s9, 1
core   0: 1 0x0000000080005ed6 (0x001cdc9b) x25 0x0000000000000000
core   0: 0x0000000080005eda (0xc238f3d3) fcvt.lu.d t2, fa7
core   0: 1 0x0000000080005eda (0xc238f3d3) c1_fflags 0x0000000000000015 x7  0x0000000000000000
core   0: 0x0000000080005ede (0x400add1b) sraiw   s10, s5, 0
core   0: 1 0x0000000080005ede (0x400add1b) x26 0xffffffffdae30fff
core   0: 0x0000000080005ee2 (0x5a097253) fsqrt.d ft4, fs2
core   0: 1 0x0000000080005ee2 (0x5a097253) f4  0x7ff8000000000000
core   0: 0x0000000080005ee6 (0xd21686d3) fcvt.d.wu fa3, a3
core   0: 1 0x0000000080005ee6 (0xd21686d3) f13 0x41edae30ffe00000
core   0: 0x0000000080005eea (0x01b61dbb) sllw    s11, a2, s11
core   0: 1 0x0000000080005eea (0x01b61dbb) x27 0x0000000000000000
core   0: 0x0000000080005eee (0x01357533) and     a0, a0, s3
core   0: 1 0x0000000080005eee (0x01357533) x10 0x0000000040400000
core   0: 0x0000000080005ef2 (0x00102cf3) csrrs   s9, fflags, zero
core   0: 1 0x0000000080005ef2 (0x00102cf3) x25 0x0000000000000015
core   0: 0x0000000080005ef6 (0x40f7d333) sra     t1, a5, a5
core   0: 1 0x0000000080005ef6 (0x40f7d333) x6  0xffffffffffffffff
core   0: 0x0000000080005efa (0x0089543b) srlw    s0, s2, s0
core   0: 1 0x0000000080005efa (0x0089543b) x8  0xffffffffffffffff
core   0: 0x0000000080005efe (0x020d653b) remw    a0, s10, zero
core   0: 1 0x0000000080005efe (0x020d653b) x10 0xffffffffdae30fff
core   0: 0x0000000080005f02 (0xf20b8ed3) fmv.d.x ft9, s7
core   0: 1 0x0000000080005f02 (0xf20b8ed3) f29 0x0000000000000000
core   0: 0x0000000080005f06 (0x41330733) sub     a4, t1, s3
core   0: 1 0x0000000080005f06 (0x41330733) x14 0xffffffffb827c241
core   0: 0x0000000080005f0a (0x00000001) c.nop
core   0: 1 0x0000000080005f0a (0x0001)
core   0: 0x0000000080005f0c (0x0205f43b) remuw   s0, a1, zero
core   0: 1 0x0000000080005f0c (0x0205f43b) x8  0x0000000047d83dbf
core   0: 0x0000000080005f10 (0x5a0ef0d3) fsqrt.d ft1, ft9
core   0: 1 0x0000000080005f10 (0x5a0ef0d3) f1  0x0000000000000000
core   0: 0x0000000080005f14 (0x026ce3b3) rem     t2, s9, t1
core   0: 1 0x0000000080005f14 (0x026ce3b3) x7  0x0000000000000000
core   0: 0x0000000080005f18 (0x01141cb3) sll     s9, s0, a7
core   0: 1 0x0000000080005f18 (0x01141cb3) x25 0x8000000000000000
core   0: 0x0000000080005f1c (0xc21a7653) fcvt.wu.d a2, fs4
core   0: 1 0x0000000080005f1c (0xc21a7653) c1_fflags 0x0000000000000015 x12 0xffffffffffffffff
core   0: 0x0000000080005f20 (0x00000001) c.nop
core   0: 1 0x0000000080005f20 (0x0001)
core   0: 0x0000000080005f22 (0x0ff0000f) fence   iorw,iorw
core   0: 1 0x0000000080005f22 (0x0ff0000f)
core   0: 0x0000000080005f26 (0x02f7e233) rem     tp, a5, a5
core   0: 1 0x0000000080005f26 (0x02f7e233) x4  0x0000000000000000
core   0: 0x0000000080005f2a (0x8bda72cb) fnmsub.d ft5, fs4, ft9, fa7
core   0: 1 0x0000000080005f2a (0x8bda72cb) f5  0x7ff8000000000000
core   0: 0x0000000080005f2e (0x0112d8bb) srlw    a7, t0, a7
core   0: 1 0x0000000080005f2e (0x0112d8bb) x17 0x0000000000000000
core   0: 0x0000000080005f32 (0x0028ca33) xor     s4, a7, sp
core   0: 1 0x0000000080005f32 (0x0028ca33) x20 0xffffffffdae31000
core   0: 0x0000000080005f36 (0xcb78ee13) ori     t3, a7, -841
core   0: 1 0x0000000080005f36 (0xcb78ee13) x28 0xfffffffffffffcb7
core   0: 0x0000000080005f3a (0x5a02f7d3) fsqrt.d fa5, ft5
core   0: 1 0x0000000080005f3a (0x5a02f7d3) f15 0x7ff8000000000000
core   0: 0x0000000080005f3e (0x003ca733) slt     a4, s9, gp
core   0: 1 0x0000000080005f3e (0x003ca733) x14 0x0000000000000001
core   0: 0x0000000080005f42 (0x00edfdb3) and     s11, s11, a4
core   0: 1 0x0000000080005f42 (0x00edfdb3) x27 0x0000000000000000
core   0: 0x0000000080005f46 (0x02c67653) fadd.d  fa2, fa2, fa2
core   0: 1 0x0000000080005f46 (0x02c67653) f12 0x41fb5c6200000000
core   0: 0x0000000080005f4a (0x00041c1b) slliw   s8, s0, 0
core   0: 1 0x0000000080005f4a (0x00041c1b) x24 0x0000000047d83dbf
core   0: 0x0000000080005f4e (0x00079c93) slli    s9, a5, 0
core   0: 1 0x0000000080005f4e (0x00079c93) x25 0xffffffffffffffff
core   0: 0x0000000080005f52 (0x0013d99b) srliw   s3, t2, 1
core   0: 1 0x0000000080005f52 (0x0013d99b) x19 0x0000000000000000
core   0: 0x0000000080005f56 (0x019df4b3) and     s1, s11, s9
core   0: 1 0x0000000080005f56 (0x019df4b3) x9  0x0000000000000000
core   0: 0x0000000080005f5a (0x0003531b) srliw   t1, t1, 0
core   0: 1 0x0000000080005f5a (0x0003531b) x6  0xffffffffffffffff
core   0: 0x0000000080005f5e (0x036d7b33) remu    s6, s10, s6
core   0: 1 0x0000000080005f5e (0x036d7b33) x22 0x0000000000000003
core   0: 0x0000000080005f62 (0x02a8a533) mulhsu  a0, a7, a0
core   0: 1 0x0000000080005f62 (0x02a8a533) x10 0x0000000000000000
core   0: 0x0000000080005f66 (0x00cb6233) or      tp, s6, a2
core   0: 1 0x0000000080005f66 (0x00cb6233) x4  0xffffffffffffffff
core   0: 0x0000000080005f6a (0x02d276b3) remu    a3, tp, a3
core   0: 1 0x0000000080005f6a (0x02d276b3) x13 0x00000000128e7800
core   0: 0x0000000080005f6e (0x03825e93) srli    t4, tp, 56
core   0: 1 0x0000000080005f6e (0x03825e93) x29 0x00000000000000ff
core   0: 0x0000000080005f72 (0x002020f3) csrrs   ra, frm, zero
core   0: 1 0x0000000080005f72 (0x002020f3) x1  0x0000000000000000
core   0: 0x0000000080005f76 (0xc3b57dc7) fmsub.d fs11, fa0, fs11, fs8
core   0: 1 0x0000000080005f76 (0xc3b57dc7) f27 0x7ff8000000000000
core   0: 0x0000000080005f7a (0x239478cb) fnmsub.d fa7, fs0, fs9, ft4
core   0: 1 0x0000000080005f7a (0x239478cb) f17 0x7ff8000000000000
core   0: 0x0000000080005f7e (0x400bd99b) sraiw   s3, s7, 0
core   0: 1 0x0000000080005f7e (0x400bd99b) x19 0x0000000000000000
core   0: 0x0000000080005f82 (0xd2287653) fcvt.d.l fa2, a6
core   0: 1 0x0000000080005f82 (0xd2287653) f12 0x4034000000000000
core   0: 0x0000000080005f86 (0x420081d3) fcvt.d.s ft3, ft1
core   0: 1 0x0000000080005f86 (0x420081d3) f3  0x7ff8000000000000
core   0: 0x0000000080005f8a (0x00000001) c.nop
core   0: 1 0x0000000080005f8a (0x0001)
core   0: 0x0000000080005f8c (0x023081b3) mul     gp, ra, gp
core   0: 1 0x0000000080005f8c (0x023081b3) x3  0x0000000000000000
core   0: 0x0000000080005f90 (0x0311fa53) fadd.d  fs4, ft3, fa7
core   0: 1 0x0000000080005f90 (0x0311fa53) f20 0x7ff8000000000000
core   0: 0x0000000080005f94 (0xf3a57ccf) fnmadd.d fs9, fa0, fs10, ft10
core   0: 1 0x0000000080005f94 (0xf3a57ccf) f25 0x7ff8000000000000
core   0: 0x0000000080005f98 (0xf151ae73) csrrs   t3, mconfigptr, gp
core   0: exception trap_illegal_instruction, epc 0x0000000080005f98
core   0:           tval 0x00000000f151ae73
core   0: >>>>  $xrv64i2p1_m2p0_a2p1_f2p2_d2p2_zicsr2p0_zifencei2p0_zmmul1p0_zba1p0_zbb1p0_zbc1p0_zbs1p0
core   0: 0x0000000080004000 (0x0080006f) j       pc + 0x8
core   0: 3 0x0000000080004000 (0x0080006f)
core   0: >>>>  mmode_exception_handler
core   0: 0x0000000080004008 (0x00002c17) auipc   s8, 0x2
core   0: 3 0x0000000080004008 (0x00002c17) x24 0x0000000080006008
core   0: 0x000000008000400c (0x09ec0c13) addi    s8, s8, 158
core   0: 3 0x000000008000400c (0x09ec0c13) x24 0x00000000800060a6
core   0: 0x0000000080004010 (0x000c00e7) jalr    s8
core   0: 3 0x0000000080004010 (0x000c00e7) x1  0x0000000080004014
core   0: >>>>  any_handler
core   0: 0x00000000800060a6 (0x341027f3) csrrs   a5, mepc, zero
core   0: 3 0x00000000800060a6 (0x341027f3) x15 0x0000000080005f98
core   0: 0x00000000800060aa (0x34202773) csrrs   a4, mcause, zero
core   0: 3 0x00000000800060aa (0x34202773) x14 0x0000000000000002
core   0: 0x00000000800060ae (0x142026f3) csrrs   a3, scause, zero
core   0: 3 0x00000000800060ae (0x142026f3) x13 0x0000000000000014
core   0: 0x00000000800060b2 (0x30402673) csrrs   a2, mie, zero
core   0: 3 0x00000000800060b2 (0x30402673) x12 0x0000000000000a00
core   0: 0x00000000800060b6 (0x344025f3) csrrs   a1, mip, zero
core   0: 3 0x00000000800060b6 (0x344025f3) x11 0x0000000000000080
core   0: 0x00000000800060ba (0x343025f3) csrrs   a1, mtval, zero
core   0: 3 0x00000000800060ba (0x343025f3) x11 0x00000000f151ae73
core   0: 0x00000000800060be (0x14302573) csrrs   a0, stval, zero
core   0: 3 0x00000000800060be (0x14302573) x10 0x0000000000000000
core   0: 0x00000000800060c2 (0xb02024f3) csrrs   s1, minstret, zero
core   0: 3 0x00000000800060c2 (0xb02024f3) x9  0x000000000000128a
core   0: 0x00000000800060c6 (0x0000a811) c.j     pc + 20
core   0: 3 0x00000000800060c6 (0xa811)
core   0: >>>>  mepc_4
core   0: 0x00000000800060da (0x00000791) c.addi  a5, 4
core   0: 3 0x00000000800060da (0x0791) x15 0x0000000080005f9c
core   0: 0x00000000800060dc (0x34179073) csrrw   zero, mepc, a5
core   0: 3 0x00000000800060dc (0x34179073) c833_mepc 0x0000000080005f9c
core   0: 0x00000000800060e0 (0x30200073) mret
core   0: 3 0x00000000800060e0 (0x30200073) c768_mstatus 0x8000000a00106080
core   0: 0x0000000080005f9c (0x0031d6b3) srl     a3, gp, gp
core   0: 1 0x0000000080005f9c (0x0031d6b3) x13 0x0000000000000000
core   0: 0x0000000080005fa0 (0xd2297353) fcvt.d.l ft6, s2
core   0: 1 0x0000000080005fa0 (0xd2297353) f6  0xbff0000000000000
core   0: 0x0000000080005fa4 (0x40d50db3) sub     s11, a0, a3
core   0: 1 0x0000000080005fa4 (0x40d50db3) x27 0x0000000000000000
core   0: 0x0000000080005fa8 (0x40665833) sra     a6, a2, t1
core   0: 1 0x0000000080005fa8 (0x40665833) x16 0x0000000000000000
core   0: 0x0000000080005fac (0x01bb4db3) xor     s11, s6, s11
core   0: 1 0x0000000080005fac (0x01bb4db3) x27 0x0000000000000003
core   0: 0x0000000080005fb0 (0x03080833) mul     a6, a6, a6
core   0: 1 0x0000000080005fb0 (0x03080833) x16 0x0000000000000000
core   0: 0x0000000080005fb4 (0x40195393) srai    t2, s2, 1
core   0: 1 0x0000000080005fb4 (0x40195393) x7  0xffffffffffffffff
core   0: 0x0000000080005fb8 (0x4291d313) srai    t1, gp, 41
core   0: 1 0x0000000080005fb8 (0x4291d313) x6  0x0000000000000000
core   0: 0x0000000080005fbc (0x1a637953) fdiv.d  fs2, ft6, ft6
core   0: 1 0x0000000080005fbc (0x1a637953) f18 0x3ff0000000000000
core   0: 0x0000000080005fc0 (0x410d0a33) sub     s4, s10, a6
core   0: 1 0x0000000080005fc0 (0x410d0a33) x20 0xffffffffdae30fff
core   0: 0x0000000080005fc4 (0x40075713) srai    a4, a4, 0
core   0: 1 0x0000000080005fc4 (0x40075713) x14 0x0000000000000002
core   0: 0x0000000080005fc8 (0x800ec513) xori    a0, t4, -2048
core   0: 1 0x0000000080005fc8 (0x800ec513) x10 0xfffffffffffff8ff
core   0: 0x0000000080005fcc (0x0259f2c3) fmadd.d ft5, fs3, ft5, ft0
core   0: 1 0x0000000080005fcc (0x0259f2c3) f5  0x7ff8000000000000
core   0: 0x0000000080005fd0 (0xe20f0653) fmv.x.d a2, ft10
core   0: 1 0x0000000080005fd0 (0xe20f0653) x12 0x7ff8000000000000
core   0: 0x0000000080005fd4 (0x01928733) add     a4, t0, s9
core   0: 1 0x0000000080005fd4 (0x01928733) x14 0x0000000000000003
core   0: 0x0000000080005fd8 (0x036c8a33) mul     s4, s9, s6
core   0: 1 0x0000000080005fd8 (0x036c8a33) x20 0xfffffffffffffffd
core   0: 0x0000000080005fdc (0x825c784f) fnmadd.d fa6, fs8, ft5, fa6
core   0: 1 0x0000000080005fdc (0x825c784f) f16 0x7ff8000000000000
core   0: 0x0000000080005fe0 (0xc22871d3) fcvt.l.d gp, fa6
core   0: 1 0x0000000080005fe0 (0xc22871d3) c1_fflags 0x0000000000000015 x3  0x7fffffffffffffff
core   0: 0x0000000080005fe4 (0xfbf1714b) fnmsub.d ft2, ft2, ft11, ft11
core   0: 1 0x0000000080005fe4 (0xfbf1714b) f2  0x7ff8000000000000
core   0: 0x0000000080005fe8 (0x2a121ad3) fmax.d  fs5, ft4, ft1
core   0: 1 0x0000000080005fe8 (0x2a121ad3) f21 0x0000000000000000
core   0: 0x0000000080005fec (0x03598bb3) mul     s7, s3, s5
core   0: 1 0x0000000080005fec (0x03598bb3) x23 0x0000000000000000
core   0: 0x0000000080005ff0 (0x00a00abb) addw    s5, zero, a0
core   0: 1 0x0000000080005ff0 (0x00a00abb) x21 0xfffffffffffff8ff
core   0: 0x0000000080005ff4 (0x00d9d733) srl     a4, s3, a3
core   0: 1 0x0000000080005ff4 (0x00d9d733) x14 0x0000000000000000
core   0: 0x0000000080005ff8 (0x40e4d7b3) sra     a5, s1, a4
core   0: 1 0x0000000080005ff8 (0x40e4d7b3) x15 0x000000000000128a
core   0: 0x0000000080005ffc (0xd2377453) fcvt.d.lu fs0, a4
core   0: 1 0x0000000080005ffc (0xd2377453) f8  0x0000000000000000
core   0: 0x0000000080006000 (0xf2b7f7c7) fmsub.d fa5, fa5, fa1, ft10
core   0: 1 0x0000000080006000 (0xf2b7f7c7) f15 0x7ff8000000000000
core   0: 0x0000000080006004 (0x00e2c333) xor     t1, t0, a4
core   0: 1 0x0000000080006004 (0x00e2c333) x6  0x0000000000000004
core   0: 0x0000000080006008 (0x40535c33) sra     s8, t1, t0
core   0: 1 0x0000000080006008 (0x40535c33) x24 0x0000000000000000
core   0: 0x000000008000600c (0x7ff00a1b) addiw   s4, zero, 2047
core   0: 1 0x000000008000600c (0x7ff00a1b) x20 0x00000000000007ff
core   0: 0x0000000080006010 (0x00009d76) c.add   s10, t4
core   0: 1 0x0000000080006010 (0x9d76) x26 0xffffffffdae310fe
core   0: 0x0000000080006012 (0x038a59b3) divu    s3, s4, s8
core   0: 1 0x0000000080006012 (0x038a59b3) x19 0xffffffffffffffff
core   0: 0x0000000080006016 (0x0244f4d3) fadd.d  fs1, fs1, ft4
core   0: 1 0x0000000080006016 (0x0244f4d3) f9  0x7ff8000000000000
core   0: 0x000000008000601a (0x038a9593) slli    a1, s5, 56
core   0: 1 0x000000008000601a (0x038a9593) x11 0xff00000000000000
core   0: 0x000000008000601e (0x015aee33) or      t3, s5, s5
core   0: 1 0x000000008000601e (0x015aee33) x28 0xfffffffffffff8ff
core   0: 0x0000000080006022 (0xc226f7d3) fcvt.l.d a5, fa3
core   0: 1 0x0000000080006022 (0xc226f7d3) x15 0x00000000ed7187ff
core   0: 0x0000000080006026 (0x001a5e1b) srliw   t3, s4, 1
core   0: 1 0x0000000080006026 (0x001a5e1b) x28 0x00000000000003ff
core   0: 0x000000008000602a (0xd02b7b53) fcvt.s.l fs6, s6
core   0: 1 0x000000008000602a (0xd02b7b53) f22 0xffffffff40400000
core   0: 0x000000008000602e (0x401d77d3) fcvt.s.d fa5, fs10
core   0: 1 0x000000008000602e (0x401d77d3) f15 0xffffffff7fc00000
core   0: 0x0000000080006032 (0xda2a3ab7) lui     s5, 0xda2a3
core   0: 1 0x0000000080006032 (0xda2a3ab7) x21 0xffffffffda2a3000
core   0: 0x0000000080006036 (0x403ad71b) sraiw   a4, s5, 3
core   0: 1 0x0000000080006036 (0x403ad71b) x14 0xfffffffffb454600
core   0: 0x000000008000603a (0x013a0abb) addw    s5, s4, s3
core   0: 1 0x000000008000603a (0x013a0abb) x21 0x00000000000007fe
core   0: 0x000000008000603e (0x00000001) c.nop
core   0: 1 0x000000008000603e (0x0001)
core   0: 0x0000000080006040 (0x000e121b) slliw   tp, t3, 0
core   0: 1 0x0000000080006040 (0x000e121b) x4  0x00000000000003ff
core   0: 0x0000000080006044 (0x00202273) csrrs   tp, frm, zero
core   0: 1 0x0000000080006044 (0x00202273) x4  0x0000000000000000
core   0: 0x0000000080006048 (0x5a0874d3) fsqrt.d fs1, fa6
core   0: 1 0x0000000080006048 (0x5a0874d3) f9  0x7ff8000000000000
core   0: 0x000000008000604c (0x420f8fd3) fcvt.d.s ft11, ft11
core   0: 1 0x000000008000604c (0x420f8fd3) f31 0x7ff8000000000000
core   0: 0x0000000080006050 (0x4283d393) srai    t2, t2, 40
core   0: 1 0x0000000080006050 (0x4283d393) x7  0xffffffffffffffff
core   0: 0x0000000080006054 (0xc215fb53) fcvt.wu.d s6, fa1
core   0: 1 0x0000000080006054 (0xc215fb53) x22 0x0000000000000000
core   0: 0x0000000080006058 (0x034b453b) divw    a0, s6, s4
core   0: 1 0x0000000080006058 (0x034b453b) x10 0x0000000000000000
core   0: 0x000000008000605c (0x40b205b3) sub     a1, tp, a1
core   0: 1 0x000000008000605c (0x40b205b3) x11 0x0100000000000000
core   0: 0x0000000080006060 (0xe547fd13) andi    s10, a5, -428
core   0: 1 0x0000000080006060 (0xe547fd13) x26 0x00000000ed718654
core   0: 0x0000000080006064 (0x841efb93) andi    s7, t4, -1983
core   0: 1 0x0000000080006064 (0x841efb93) x23 0x0000000000000041
core   0: 0x0000000080006068 (0x00f5833b) addw    t1, a1, a5
core   0: 1 0x0000000080006068 (0x00f5833b) x6  0xffffffffed7187ff
core   0: 0x000000008000606c (0xe272fd47) fmsub.d fs10, ft5, ft7, ft8
core   0: 1 0x000000008000606c (0xe272fd47) f26 0x7ff8000000000000
core   0: 0x0000000080006070 (0x4345de13) srai    t3, a1, 52
core   0: 1 0x0000000080006070 (0x4345de13) x28 0x0000000000000010
core   0: 0x0000000080006074 (0x03d26eb3) rem     t4, tp, t4
core   0: 1 0x0000000080006074 (0x03d26eb3) x29 0x0000000000000000
core   0: 0x0000000080006078 (0x010e9833) sll     a6, t4, a6
core   0: 1 0x0000000080006078 (0x010e9833) x16 0x0000000000000000
core   0: 0x000000008000607c (0x0398b433) mulhu   s0, a7, s9
core   0: 1 0x000000008000607c (0x0398b433) x8  0x0000000000000000
core   0: 0x0000000080006080 (0xd21186d3) fcvt.d.wu fa3, gp
core   0: 1 0x0000000080006080 (0xd21186d3) f13 0x41efffffffe00000
core   0: 0x0000000080006084 (0x5a0672d3) fsqrt.d ft5, fa2
core   0: 1 0x0000000080006084 (0x5a0672d3) c1_fflags 0x0000000000000015 f5  0x4011e3779b97f4a8
core   0: 0x0000000080006088 (0x01b86633) or      a2, a6, s11
core   0: 1 0x0000000080006088 (0x01b86633) x12 0x0000000000000003
core   0: 0x000000008000608c (0x2ac50553) fmin.d  fa0, fa0, fa2
core   0: 1 0x000000008000608c (0x2ac50553) f10 0xc25acb4c7863c000
core   0: 0x0000000080006090 (0x411bd8b3) sra     a7, s7, a7
core   0: 1 0x0000000080006090 (0x411bd8b3) x17 0x0000000000000041
core   0: 0x0000000080006094 (0x0058f9b3) and     s3, a7, t0
core   0: 1 0x0000000080006094 (0x0058f9b3) x19 0x0000000000000000
core   0: 0x0000000080006098 (0x03166133) rem     sp, a2, a7
core   0: 1 0x0000000080006098 (0x03166133) x2  0x0000000000000003
core   0: 0x000000008000609c (0x01a114bb) sllw    s1, sp, s10
core   0: 1 0x000000008000609c (0x01a114bb) x9  0x0000000000300000
core   0: >>>>  write_tohost
core   0: 0x00000000800060a0 (0x944fa0ef) jal     pc - 0x5ebc
core   0: 1 0x00000000800060a0 (0x944fa0ef) x1  0x00000000800060a4
core   0: >>>>  _exit
core   0: 0x00000000800001e4 (0x00004505) c.li    a0, 1
core   0: 1 0x00000000800001e4 (0x4505) x10 0x0000000000000001
core   0: 0x00000000800001e6 (0x00001f17) auipc   t5, 0x1
core   0: 1 0x00000000800001e6 (0x00001f17) x30 0x00000000800011e6
core   0: 0x00000000800001ea (0xe0af2d23) sw      a0, -486(t5)
core   0: 1 0x00000000800001ea (0xe0af2d23) mem 0x0000000080001000 0x00000001
cp /home/server/RISCV/cva6/verif/sim/out/seed_1350/spike_sim/new_seeds_1350_.cv64a6_imafdc_sv39.log.iss /home/server/RISCV/cva6/verif/sim/out/seed_1350/spike_sim/new_seeds_1350_.cv64a6_imafdc_sv39.log
