Makefile:14: must set CVA6_REPO_DIR to point at the root of CVA6 sources and CVA6_TB_DIR to point here -- doing it for you...
LD_LIBRARY_PATH="$(realpath ../../tools/spike/lib):$LD_LIBRARY_PATH" \
	/home/server/RISCV/cva6/tools/spike/bin/spike --steps=2000000  --log-commits --isa=rv64gc_zba_zbb_zbs_zbc_zicsr_zifencei --priv=msu -l /home/server/RISCV/cva6/verif/sim/out/seed_362/directed_asm_tests/new_seeds_362_.o
[SPIKE] Max simulation steps: 2000000
[SPIKE] Proc 0 | ISA: rv64gc_zba_zbb_zbs_zbc_zicsr_zifencei PRIV: msu
[SPIKE] Initializing memories...
core   0: 0x0000000000010000 (0x00100413) li      s0, 1
core   0: 3 0x0000000000010000 (0x00100413) x8  0x0000000000000001
core   0: 0x0000000000010004 (0x01f41413) slli    s0, s0, 31
core   0: 3 0x0000000000010004 (0x01f41413) x8  0x0000000080000000
core   0: 0x0000000000010008 (0xf1402573) csrrs   a0, mhartid, zero
core   0: 3 0x0000000000010008 (0xf1402573) x10 0x0000000000000000
core   0: 0x000000000001000c (0x00000597) auipc   a1, 0x0
core   0: 3 0x000000000001000c (0x00000597) x11 0x000000000001000c
core   0: 0x0000000000010010 (0x07458593) addi    a1, a1, 116
core   0: 3 0x0000000000010010 (0x07458593) x11 0x0000000000010080
core   0: 0x0000000000010014 (0x00040067) jr      s0
core   0: 3 0x0000000000010014 (0x00040067)
core   0: >>>>  _start
core   0: 0x0000000080000000 (0x00004081) c.li    ra, 0
core   0: 3 0x0000000080000000 (0x4081) x1  0x0000000000000000
core   0: 0x0000000080000002 (0x00004101) c.li    sp, 0
core   0: 3 0x0000000080000002 (0x4101) x2  0x0000000000000000
core   0: 0x0000000080000004 (0x00004181) c.li    gp, 0
core   0: 3 0x0000000080000004 (0x4181) x3  0x0000000000000000
core   0: 0x0000000080000006 (0x00004201) c.li    tp, 0
core   0: 3 0x0000000080000006 (0x4201) x4  0x0000000000000000
core   0: 0x0000000080000008 (0x00004281) c.li    t0, 0
core   0: 3 0x0000000080000008 (0x4281) x5  0x0000000000000000
core   0: 0x000000008000000a (0x00004301) c.li    t1, 0
core   0: 3 0x000000008000000a (0x4301) x6  0x0000000000000000
core   0: 0x000000008000000c (0x00004381) c.li    t2, 0
core   0: 3 0x000000008000000c (0x4381) x7  0x0000000000000000
core   0: 0x000000008000000e (0x00004401) c.li    s0, 0
core   0: 3 0x000000008000000e (0x4401) x8  0x0000000000000000
core   0: 0x0000000080000010 (0x00004481) c.li    s1, 0
core   0: 3 0x0000000080000010 (0x4481) x9  0x0000000000000000
core   0: 0x0000000080000012 (0x00004501) c.li    a0, 0
core   0: 3 0x0000000080000012 (0x4501) x10 0x0000000000000000
core   0: 0x0000000080000014 (0x00004581) c.li    a1, 0
core   0: 3 0x0000000080000014 (0x4581) x11 0x0000000000000000
core   0: 0x0000000080000016 (0x00004601) c.li    a2, 0
core   0: 3 0x0000000080000016 (0x4601) x12 0x0000000000000000
core   0: 0x0000000080000018 (0x00004681) c.li    a3, 0
core   0: 3 0x0000000080000018 (0x4681) x13 0x0000000000000000
core   0: 0x000000008000001a (0x00004701) c.li    a4, 0
core   0: 3 0x000000008000001a (0x4701) x14 0x0000000000000000
core   0: 0x000000008000001c (0x00004781) c.li    a5, 0
core   0: 3 0x000000008000001c (0x4781) x15 0x0000000000000000
core   0: 0x000000008000001e (0x00004801) c.li    a6, 0
core   0: 3 0x000000008000001e (0x4801) x16 0x0000000000000000
core   0: 0x0000000080000020 (0x00004881) c.li    a7, 0
core   0: 3 0x0000000080000020 (0x4881) x17 0x0000000000000000
core   0: 0x0000000080000022 (0x00004901) c.li    s2, 0
core   0: 3 0x0000000080000022 (0x4901) x18 0x0000000000000000
core   0: 0x0000000080000024 (0x00004981) c.li    s3, 0
core   0: 3 0x0000000080000024 (0x4981) x19 0x0000000000000000
core   0: 0x0000000080000026 (0x00004a01) c.li    s4, 0
core   0: 3 0x0000000080000026 (0x4a01) x20 0x0000000000000000
core   0: 0x0000000080000028 (0x00004a81) c.li    s5, 0
core   0: 3 0x0000000080000028 (0x4a81) x21 0x0000000000000000
core   0: 0x000000008000002a (0x00004b01) c.li    s6, 0
core   0: 3 0x000000008000002a (0x4b01) x22 0x0000000000000000
core   0: 0x000000008000002c (0x00004b81) c.li    s7, 0
core   0: 3 0x000000008000002c (0x4b81) x23 0x0000000000000000
core   0: 0x000000008000002e (0x00004c01) c.li    s8, 0
core   0: 3 0x000000008000002e (0x4c01) x24 0x0000000000000000
core   0: 0x0000000080000030 (0x00004c81) c.li    s9, 0
core   0: 3 0x0000000080000030 (0x4c81) x25 0x0000000000000000
core   0: 0x0000000080000032 (0x00004d01) c.li    s10, 0
core   0: 3 0x0000000080000032 (0x4d01) x26 0x0000000000000000
core   0: 0x0000000080000034 (0x00004d81) c.li    s11, 0
core   0: 3 0x0000000080000034 (0x4d81) x27 0x0000000000000000
core   0: 0x0000000080000036 (0x00004e01) c.li    t3, 0
core   0: 3 0x0000000080000036 (0x4e01) x28 0x0000000000000000
core   0: 0x0000000080000038 (0x00004e81) c.li    t4, 0
core   0: 3 0x0000000080000038 (0x4e81) x29 0x0000000000000000
core   0: 0x000000008000003a (0x00004f01) c.li    t5, 0
core   0: 3 0x000000008000003a (0x4f01) x30 0x0000000000000000
core   0: 0x000000008000003c (0x00004f81) c.li    t6, 0
core   0: 3 0x000000008000003c (0x4f81) x31 0x0000000000000000
core   0: 0x000000008000003e (0x000062f9) c.lui   t0, 0x1e
core   0: 3 0x000000008000003e (0x62f9) x5  0x000000000001e000
core   0: 0x0000000080000040 (0x3002a073) csrrs   zero, mstatus, t0
core   0: 3 0x0000000080000040 (0x3002a073) c768_mstatus 0x8000000a00006000
core   0: 0x0000000080000044 (0x00004285) c.li    t0, 1
core   0: 3 0x0000000080000044 (0x4285) x5  0x0000000000000001
core   0: 0x0000000080000046 (0x000002fe) c.slli  t0, 31
core   0: 3 0x0000000080000046 (0x02fe) x5  0x0000000080000000
core   0: 0x0000000080000048 (0x0002d863) bge     t0, zero, pc + 16
core   0: 3 0x0000000080000048 (0x0002d863)
core   0: 0x0000000080000058 (0x00000297) auipc   t0, 0x0
core   0: 3 0x0000000080000058 (0x00000297) x5  0x0000000080000058
core   0: 0x000000008000005c (0x09028293) addi    t0, t0, 144
core   0: 3 0x000000008000005c (0x09028293) x5  0x00000000800000e8
core   0: 0x0000000080000060 (0x30529073) csrrw   zero, mtvec, t0
core   0: 3 0x0000000080000060 (0x30529073) c773_mtvec 0x00000000800000e8
core   0: 0x0000000080000064 (0x00301073) csrrw   zero, fcsr, zero
core   0: 3 0x0000000080000064 (0x00301073) c1_fflags 0x0000000000000000 c2_frm 0x0000000000000000
core   0: 0x0000000080000068 (0xf0000053) fmv.w.x ft0, zero
core   0: 3 0x0000000080000068 (0xf0000053) f0  0xffffffff00000000
core   0: 0x000000008000006c (0xf00000d3) fmv.w.x ft1, zero
core   0: 3 0x000000008000006c (0xf00000d3) f1  0xffffffff00000000
core   0: 0x0000000080000070 (0xf0000153) fmv.w.x ft2, zero
core   0: 3 0x0000000080000070 (0xf0000153) f2  0xffffffff00000000
core   0: 0x0000000080000074 (0xf00001d3) fmv.w.x ft3, zero
core   0: 3 0x0000000080000074 (0xf00001d3) f3  0xffffffff00000000
core   0: 0x0000000080000078 (0xf0000253) fmv.w.x ft4, zero
core   0: 3 0x0000000080000078 (0xf0000253) f4  0xffffffff00000000
core   0: 0x000000008000007c (0xf00002d3) fmv.w.x ft5, zero
core   0: 3 0x000000008000007c (0xf00002d3) f5  0xffffffff00000000
core   0: 0x0000000080000080 (0xf0000353) fmv.w.x ft6, zero
core   0: 3 0x0000000080000080 (0xf0000353) f6  0xffffffff00000000
core   0: 0x0000000080000084 (0xf00003d3) fmv.w.x ft7, zero
core   0: 3 0x0000000080000084 (0xf00003d3) f7  0xffffffff00000000
core   0: 0x0000000080000088 (0xf0000453) fmv.w.x fs0, zero
core   0: 3 0x0000000080000088 (0xf0000453) f8  0xffffffff00000000
core   0: 0x000000008000008c (0xf00004d3) fmv.w.x fs1, zero
core   0: 3 0x000000008000008c (0xf00004d3) f9  0xffffffff00000000
core   0: 0x0000000080000090 (0xf0000553) fmv.w.x fa0, zero
core   0: 3 0x0000000080000090 (0xf0000553) f10 0xffffffff00000000
core   0: 0x0000000080000094 (0xf00005d3) fmv.w.x fa1, zero
core   0: 3 0x0000000080000094 (0xf00005d3) f11 0xffffffff00000000
core   0: 0x0000000080000098 (0xf0000653) fmv.w.x fa2, zero
core   0: 3 0x0000000080000098 (0xf0000653) f12 0xffffffff00000000
core   0: 0x000000008000009c (0xf00006d3) fmv.w.x fa3, zero
core   0: 3 0x000000008000009c (0xf00006d3) f13 0xffffffff00000000
core   0: 0x00000000800000a0 (0xf0000753) fmv.w.x fa4, zero
core   0: 3 0x00000000800000a0 (0xf0000753) f14 0xffffffff00000000
core   0: 0x00000000800000a4 (0xf00007d3) fmv.w.x fa5, zero
core   0: 3 0x00000000800000a4 (0xf00007d3) f15 0xffffffff00000000
core   0: 0x00000000800000a8 (0xf0000853) fmv.w.x fa6, zero
core   0: 3 0x00000000800000a8 (0xf0000853) f16 0xffffffff00000000
core   0: 0x00000000800000ac (0xf00008d3) fmv.w.x fa7, zero
core   0: 3 0x00000000800000ac (0xf00008d3) f17 0xffffffff00000000
core   0: 0x00000000800000b0 (0xf0000953) fmv.w.x fs2, zero
core   0: 3 0x00000000800000b0 (0xf0000953) f18 0xffffffff00000000
core   0: 0x00000000800000b4 (0xf00009d3) fmv.w.x fs3, zero
core   0: 3 0x00000000800000b4 (0xf00009d3) f19 0xffffffff00000000
core   0: 0x00000000800000b8 (0xf0000a53) fmv.w.x fs4, zero
core   0: 3 0x00000000800000b8 (0xf0000a53) f20 0xffffffff00000000
core   0: 0x00000000800000bc (0xf0000ad3) fmv.w.x fs5, zero
core   0: 3 0x00000000800000bc (0xf0000ad3) f21 0xffffffff00000000
core   0: 0x00000000800000c0 (0xf0000b53) fmv.w.x fs6, zero
core   0: 3 0x00000000800000c0 (0xf0000b53) f22 0xffffffff00000000
core   0: 0x00000000800000c4 (0xf0000bd3) fmv.w.x fs7, zero
core   0: 3 0x00000000800000c4 (0xf0000bd3) f23 0xffffffff00000000
core   0: 0x00000000800000c8 (0xf0000c53) fmv.w.x fs8, zero
core   0: 3 0x00000000800000c8 (0xf0000c53) f24 0xffffffff00000000
core   0: 0x00000000800000cc (0xf0000cd3) fmv.w.x fs9, zero
core   0: 3 0x00000000800000cc (0xf0000cd3) f25 0xffffffff00000000
core   0: 0x00000000800000d0 (0xf0000d53) fmv.w.x fs10, zero
core   0: 3 0x00000000800000d0 (0xf0000d53) f26 0xffffffff00000000
core   0: 0x00000000800000d4 (0xf0000dd3) fmv.w.x fs11, zero
core   0: 3 0x00000000800000d4 (0xf0000dd3) f27 0xffffffff00000000
core   0: 0x00000000800000d8 (0xf0000e53) fmv.w.x ft8, zero
core   0: 3 0x00000000800000d8 (0xf0000e53) f28 0xffffffff00000000
core   0: 0x00000000800000dc (0xf0000ed3) fmv.w.x ft9, zero
core   0: 3 0x00000000800000dc (0xf0000ed3) f29 0xffffffff00000000
core   0: 0x00000000800000e0 (0xf0000f53) fmv.w.x ft10, zero
core   0: 3 0x00000000800000e0 (0xf0000f53) f30 0xffffffff00000000
core   0: 0x00000000800000e4 (0xf0000fd3) fmv.w.x ft11, zero
core   0: 3 0x00000000800000e4 (0xf0000fd3) f31 0xffffffff00000000
core   0: 0x00000000800000e8 (0x00000297) auipc   t0, 0x0
core   0: 3 0x00000000800000e8 (0x00000297) x5  0x00000000800000e8
core   0: 0x00000000800000ec (0x03c28293) addi    t0, t0, 60
core   0: 3 0x00000000800000ec (0x03c28293) x5  0x0000000080000124
core   0: 0x00000000800000f0 (0x30529073) csrrw   zero, mtvec, t0
core   0: 3 0x00000000800000f0 (0x30529073) c773_mtvec 0x0000000080000124
core   0: 0x00000000800000f4 (0x00012197) auipc   gp, 0x12
core   0: 3 0x00000000800000f4 (0x00012197) x3  0x00000000800120f4
core   0: 0x00000000800000f8 (0x73418193) addi    gp, gp, 1844
core   0: 3 0x00000000800000f8 (0x73418193) x3  0x0000000080012828
core   0: 0x00000000800000fc (0x00012217) auipc   tp, 0x12
core   0: 3 0x00000000800000fc (0x00012217) x4  0x00000000800120fc
core   0: 0x0000000080000100 (0xf8320213) addi    tp, tp, -125
core   0: 3 0x0000000080000100 (0xf8320213) x4  0x000000008001207f
core   0: 0x0000000080000104 (0xfc027213) andi    tp, tp, -64
core   0: 3 0x0000000080000104 (0xfc027213) x4  0x0000000080012040
core   0: 0x0000000080000108 (0xf1402573) csrrs   a0, mhartid, zero
core   0: 3 0x0000000080000108 (0xf1402573) x10 0x0000000000000000
core   0: 0x000000008000010c (0x00004585) c.li    a1, 1
core   0: 3 0x000000008000010c (0x4585) x11 0x0000000000000001
core   0: 0x000000008000010e (0x00b57063) bgeu    a0, a1, pc + 0
core   0: 3 0x000000008000010e (0x00b57063)
core   0: 0x0000000080000112 (0x00150113) addi    sp, a0, 1
core   0: 3 0x0000000080000112 (0x00150113) x2  0x0000000000000001
core   0: 0x0000000080000116 (0x00000146) c.slli  sp, 17
core   0: 3 0x0000000080000116 (0x0146) x2  0x0000000000020000
core   0: 0x0000000080000118 (0x00009112) c.add   sp, tp
core   0: 3 0x0000000080000118 (0x9112) x2  0x0000000080032040
core   0: 0x000000008000011a (0x01151613) slli    a2, a0, 17
core   0: 3 0x000000008000011a (0x01151613) x12 0x0000000000000000
core   0: 0x000000008000011e (0x00009232) c.add   tp, a2
core   0: 3 0x000000008000011e (0x9232) x4  0x0000000080012040
core   0: 0x0000000080000120 (0x3ce0f06f) j       pc + 0xf3ce
core   0: 3 0x0000000080000120 (0x3ce0f06f)
core   0: >>>>  _init
core   0: 0x000000008000f4ee (0x00007171) c.addi16sp sp, -176
core   0: 3 0x000000008000f4ee (0x7171) x2  0x0000000080031f90
core   0: 0x000000008000f4f0 (0x0000f506) c.sdsp  ra, 168(sp)
core   0: 3 0x000000008000f4f0 (0xf506) mem 0x0000000080032038 0x0000000000000000
core   0: 0x000000008000f4f2 (0x0000f122) c.sdsp  s0, 160(sp)
core   0: 3 0x000000008000f4f2 (0xf122) mem 0x0000000080032030 0x0000000000000000
core   0: 0x000000008000f4f4 (0x0000ed26) c.sdsp  s1, 152(sp)
core   0: 3 0x000000008000f4f4 (0xed26) mem 0x0000000080032028 0x0000000000000000
core   0: 0x000000008000f4f6 (0x00001900) c.addi4spn s0, sp, 176
core   0: 3 0x000000008000f4f6 (0x1900) x8  0x0000000080032040
core   0: 0x000000008000f4f8 (0x000087aa) c.mv    a5, a0
core   0: 3 0x000000008000f4f8 (0x87aa) x15 0x0000000000000000
core   0: 0x000000008000f4fa (0x0000872e) c.mv    a4, a1
core   0: 3 0x000000008000f4fa (0x872e) x14 0x0000000000000001
core   0: 0x000000008000f4fc (0xf4f42e23) sw      a5, -164(s0)
core   0: 3 0x000000008000f4fc (0xf4f42e23) mem 0x0000000080031f9c 0x00000000
core   0: 0x000000008000f500 (0x000087ba) c.mv    a5, a4
core   0: 3 0x000000008000f500 (0x87ba) x15 0x0000000000000001
core   0: 0x000000008000f502 (0xf4f42c23) sw      a5, -168(s0)
core   0: 3 0x000000008000f502 (0xf4f42c23) mem 0x0000000080031f98 0x00000001
core   0: 0x000000008000f506 (0xfe040793) addi    a5, s0, -32
core   0: 3 0x000000008000f506 (0xfe040793) x15 0x0000000080032020
core   0: 0x000000008000f50a (0xf4f43823) sd      a5, -176(s0)
core   0: 3 0x000000008000f50a (0xf4f43823) mem 0x0000000080031f90 0x0000000080032020
core   0: 0x000000008000f50e (0xf5043783) ld      a5, -176(s0)
core   0: 3 0x000000008000f50e (0xf5043783) x15 0x0000000080032020 mem 0x0000000080031f90
core   0: 0x000000008000f512 (0xf8078793) addi    a5, a5, -128
core   0: 3 0x000000008000f512 (0xf8078793) x15 0x0000000080031fa0
core   0: 0x000000008000f516 (0x03f78793) addi    a5, a5, 63
core   0: 3 0x000000008000f516 (0x03f78793) x15 0x0000000080031fdf
core   0: 0x000000008000f51a (0x00008399) c.srli  a5, 6
core   0: 3 0x000000008000f51a (0x8399) x15 0x0000000002000c7f
core   0: 0x000000008000f51c (0x00679493) slli    s1, a5, 6
core   0: 3 0x000000008000f51c (0x00679493) x9  0x0000000080031fc0
core   0: 0x000000008000f520 (0xf65ff0ef) jal     pc - 0x9c
core   0: 3 0x000000008000f520 (0xf65ff0ef) x1  0x000000008000f524
core   0: >>>>  init_tls
core   0: 0x000000008000f484 (0x00001101) c.addi  sp, -32
core   0: 3 0x000000008000f484 (0x1101) x2  0x0000000080031f70
core   0: 0x000000008000f486 (0x0000ec06) c.sdsp  ra, 24(sp)
core   0: 3 0x000000008000f486 (0xec06) mem 0x0000000080031f88 0x000000008000f524
core   0: 0x000000008000f488 (0x0000e822) c.sdsp  s0, 16(sp)
core   0: 3 0x000000008000f488 (0xe822) mem 0x0000000080031f80 0x0000000080032040
core   0: 0x000000008000f48a (0x00001000) c.addi4spn s0, sp, 32
core   0: 3 0x000000008000f48a (0x1000) x8  0x0000000080031f90
core   0: 0x000000008000f48c (0x00003717) auipc   a4, 0x3
core   0: 3 0x000000008000f48c (0x00003717) x14 0x000000008001248c
core   0: 0x000000008000f490 (0xb9c70713) addi    a4, a4, -1124
core   0: 3 0x000000008000f490 (0xb9c70713) x14 0x0000000080012028
core   0: 0x000000008000f494 (0x00003797) auipc   a5, 0x3
core   0: 3 0x000000008000f494 (0x00003797) x15 0x0000000080012494
core   0: 0x000000008000f498 (0xb9478793) addi    a5, a5, -1132
core   0: 3 0x000000008000f498 (0xb9478793) x15 0x0000000080012028
core   0: 0x000000008000f49c (0x40f707b3) sub     a5, a4, a5
core   0: 3 0x000000008000f49c (0x40f707b3) x15 0x0000000000000000
core   0: 0x000000008000f4a0 (0xfef43423) sd      a5, -24(s0)
core   0: 3 0x000000008000f4a0 (0xfef43423) mem 0x0000000080031f78 0x0000000000000000
core   0: 0x000000008000f4a4 (0x00008792) c.mv    a5, tp
core   0: 3 0x000000008000f4a4 (0x8792) x15 0x0000000080012040
core   0: 0x000000008000f4a6 (0xfe843603) ld      a2, -24(s0)
core   0: 3 0x000000008000f4a6 (0xfe843603) x12 0x0000000000000000 mem 0x0000000080031f78
core   0: 0x000000008000f4aa (0x00003597) auipc   a1, 0x3
core   0: 3 0x000000008000f4aa (0x00003597) x11 0x00000000800124aa
core   0: 0x000000008000f4ae (0xb7e58593) addi    a1, a1, -1154
core   0: 3 0x000000008000f4ae (0xb7e58593) x11 0x0000000080012028
core   0: 0x000000008000f4b2 (0x0000853e) c.mv    a0, a5
core   0: 3 0x000000008000f4b2 (0x853e) x10 0x0000000080012040
core   0: 0x000000008000f4b4 (0x0f9000ef) jal     pc + 0x8f8
core   0: 3 0x000000008000f4b4 (0x0f9000ef) x1  0x000000008000f4b8
core   0: >>>>  memcpy
core   0: 0x000000008000fdac (0x0000715d) c.addi16sp sp, -80
core   0: 3 0x000000008000fdac (0x715d) x2  0x0000000080031f20
core   0: 0x000000008000fdae (0x0000e4a2) c.sdsp  s0, 72(sp)
core   0: 3 0x000000008000fdae (0xe4a2) mem 0x0000000080031f68 0x0000000080031f90
core   0: 0x000000008000fdb0 (0x00000880) c.addi4spn s0, sp, 80
core   0: 3 0x000000008000fdb0 (0x0880) x8  0x0000000080031f70
core   0: 0x000000008000fdb2 (0xfca43423) sd      a0, -56(s0)
core   0: 3 0x000000008000fdb2 (0xfca43423) mem 0x0000000080031f38 0x0000000080012040
core   0: 0x000000008000fdb6 (0xfcb43023) sd      a1, -64(s0)
core   0: 3 0x000000008000fdb6 (0xfcb43023) mem 0x0000000080031f30 0x0000000080012028
core   0: 0x000000008000fdba (0xfac43c23) sd      a2, -72(s0)
core   0: 3 0x000000008000fdba (0xfac43c23) mem 0x0000000080031f28 0x0000000000000000
core   0: 0x000000008000fdbe (0xfc843703) ld      a4, -56(s0)
core   0: 3 0x000000008000fdbe (0xfc843703) x14 0x0000000080012040 mem 0x0000000080031f38
core   0: 0x000000008000fdc2 (0xfc043783) ld      a5, -64(s0)
core   0: 3 0x000000008000fdc2 (0xfc043783) x15 0x0000000080012028 mem 0x0000000080031f30
core   0: 0x000000008000fdc6 (0x00008f5d) c.or    a4, a5
core   0: 3 0x000000008000fdc6 (0x8f5d) x14 0x0000000080012068
core   0: 0x000000008000fdc8 (0xfb843783) ld      a5, -72(s0)
core   0: 3 0x000000008000fdc8 (0xfb843783) x15 0x0000000000000000 mem 0x0000000080031f28
core   0: 0x000000008000fdcc (0x00008fd9) c.or    a5, a4
core   0: 3 0x000000008000fdcc (0x8fd9) x15 0x0000000080012068
core   0: 0x000000008000fdce (0x00008b9d) c.andi  a5, 7
core   0: 3 0x000000008000fdce (0x8b9d) x15 0x0000000000000000
core   0: 0x000000008000fdd0 (0x0000e3b1) c.bnez  a5, pc + 68
core   0: 3 0x000000008000fdd0 (0xe3b1)
core   0: 0x000000008000fdd2 (0xfc043783) ld      a5, -64(s0)
core   0: 3 0x000000008000fdd2 (0xfc043783) x15 0x0000000080012028 mem 0x0000000080031f30
core   0: 0x000000008000fdd6 (0xfef43423) sd      a5, -24(s0)
core   0: 3 0x000000008000fdd6 (0xfef43423) mem 0x0000000080031f58 0x0000000080012028
core   0: 0x000000008000fdda (0xfc843783) ld      a5, -56(s0)
core   0: 3 0x000000008000fdda (0xfc843783) x15 0x0000000080012040 mem 0x0000000080031f38
core   0: 0x000000008000fdde (0xfef43023) sd      a5, -32(s0)
core   0: 3 0x000000008000fdde (0xfef43023) mem 0x0000000080031f50 0x0000000080012040
core   0: 0x000000008000fde2 (0x0000a839) c.j     pc + 30
core   0: 3 0x000000008000fde2 (0xa839)
core   0: 0x000000008000fe00 (0xfc843703) ld      a4, -56(s0)
core   0: 3 0x000000008000fe00 (0xfc843703) x14 0x0000000080012040 mem 0x0000000080031f38
core   0: 0x000000008000fe04 (0xfb843783) ld      a5, -72(s0)
core   0: 3 0x000000008000fe04 (0xfb843783) x15 0x0000000000000000 mem 0x0000000080031f28
core   0: 0x000000008000fe08 (0x000097ba) c.add   a5, a4
core   0: 3 0x000000008000fe08 (0x97ba) x15 0x0000000080012040
core   0: 0x000000008000fe0a (0xfe043703) ld      a4, -32(s0)
core   0: 3 0x000000008000fe0a (0xfe043703) x14 0x0000000080012040 mem 0x0000000080031f50
core   0: 0x000000008000fe0e (0xfcf76be3) bltu    a4, a5, pc - 42
core   0: 3 0x000000008000fe0e (0xfcf76be3)
core   0: 0x000000008000fe12 (0x0000a099) c.j     pc + 70
core   0: 3 0x000000008000fe12 (0xa099)
core   0: 0x000000008000fe58 (0xfc843783) ld      a5, -56(s0)
core   0: 3 0x000000008000fe58 (0xfc843783) x15 0x0000000080012040 mem 0x0000000080031f38
core   0: 0x000000008000fe5c (0x0000853e) c.mv    a0, a5
core   0: 3 0x000000008000fe5c (0x853e) x10 0x0000000080012040
core   0: 0x000000008000fe5e (0x00006426) c.ldsp  s0, 72(sp)
core   0: 3 0x000000008000fe5e (0x6426) x8  0x0000000080031f90 mem 0x0000000080031f68
core   0: 0x000000008000fe60 (0x00006161) c.addi16sp sp, 80
core   0: 3 0x000000008000fe60 (0x6161) x2  0x0000000080031f70
core   0: 0x000000008000fe62 (0x00008082) ret
core   0: 3 0x000000008000fe62 (0x8082)
core   0: 0x000000008000f4b8 (0x00003717) auipc   a4, 0x3
core   0: 3 0x000000008000f4b8 (0x00003717) x14 0x00000000800124b8
core   0: 0x000000008000f4bc (0xc0c70713) addi    a4, a4, -1012
core   0: 3 0x000000008000f4bc (0xc0c70713) x14 0x00000000800120c4
core   0: 0x000000008000f4c0 (0x00003797) auipc   a5, 0x3
core   0: 3 0x000000008000f4c0 (0x00003797) x15 0x00000000800124c0
core   0: 0x000000008000f4c4 (0xb6878793) addi    a5, a5, -1176
core   0: 3 0x000000008000f4c4 (0xb6878793) x15 0x0000000080012028
core   0: 0x000000008000f4c8 (0x40f707b3) sub     a5, a4, a5
core   0: 3 0x000000008000f4c8 (0x40f707b3) x15 0x000000000000009c
core   0: 0x000000008000f4cc (0xfef43023) sd      a5, -32(s0)
core   0: 3 0x000000008000f4cc (0xfef43023) mem 0x0000000080031f70 0x000000000000009c
core   0: 0x000000008000f4d0 (0x00008712) c.mv    a4, tp
core   0: 3 0x000000008000f4d0 (0x8712) x14 0x0000000080012040
core   0: 0x000000008000f4d2 (0xfe843783) ld      a5, -24(s0)
core   0: 3 0x000000008000f4d2 (0xfe843783) x15 0x0000000000000000 mem 0x0000000080031f78
core   0: 0x000000008000f4d6 (0x000097ba) c.add   a5, a4
core   0: 3 0x000000008000f4d6 (0x97ba) x15 0x0000000080012040
core   0: 0x000000008000f4d8 (0xfe043603) ld      a2, -32(s0)
core   0: 3 0x000000008000f4d8 (0xfe043603) x12 0x000000000000009c mem 0x0000000080031f70
core   0: 0x000000008000f4dc (0x00004581) c.li    a1, 0
core   0: 3 0x000000008000f4dc (0x4581) x11 0x0000000000000000
core   0: 0x000000008000f4de (0x0000853e) c.mv    a0, a5
core   0: 3 0x000000008000f4de (0x853e) x10 0x0000000080012040
core   0: 0x000000008000f4e0 (0x185000ef) jal     pc + 0x984
core   0: 3 0x000000008000f4e0 (0x185000ef) x1  0x000000008000f4e4
core   0: >>>>  memset
core   0: 0x000000008000fe64 (0x0000715d) c.addi16sp sp, -80
core   0: 3 0x000000008000fe64 (0x715d) x2  0x0000000080031f20
core   0: 0x000000008000fe66 (0x0000e4a2) c.sdsp  s0, 72(sp)
core   0: 3 0x000000008000fe66 (0xe4a2) mem 0x0000000080031f68 0x0000000080031f90
core   0: 0x000000008000fe68 (0x00000880) c.addi4spn s0, sp, 80
core   0: 3 0x000000008000fe68 (0x0880) x8  0x0000000080031f70
core   0: 0x000000008000fe6a (0xfca43423) sd      a0, -56(s0)
core   0: 3 0x000000008000fe6a (0xfca43423) mem 0x0000000080031f38 0x0000000080012040
core   0: 0x000000008000fe6e (0x000087ae) c.mv    a5, a1
core   0: 3 0x000000008000fe6e (0x87ae) x15 0x0000000000000000
core   0: 0x000000008000fe70 (0xfac43c23) sd      a2, -72(s0)
core   0: 3 0x000000008000fe70 (0xfac43c23) mem 0x0000000080031f28 0x000000000000009c
core   0: 0x000000008000fe74 (0xfcf42223) sw      a5, -60(s0)
core   0: 3 0x000000008000fe74 (0xfcf42223) mem 0x0000000080031f34 0x00000000
core   0: 0x000000008000fe78 (0xfc843703) ld      a4, -56(s0)
core   0: 3 0x000000008000fe78 (0xfc843703) x14 0x0000000080012040 mem 0x0000000080031f38
core   0: 0x000000008000fe7c (0xfb843783) ld      a5, -72(s0)
core   0: 3 0x000000008000fe7c (0xfb843783) x15 0x000000000000009c mem 0x0000000080031f28
core   0: 0x000000008000fe80 (0x00008fd9) c.or    a5, a4
core   0: 3 0x000000008000fe80 (0x8fd9) x15 0x00000000800120dc
core   0: 0x000000008000fe82 (0x00008b9d) c.andi  a5, 7
core   0: 3 0x000000008000fe82 (0x8b9d) x15 0x0000000000000004
core   0: 0x000000008000fe84 (0x0000e7bd) c.bnez  a5, pc + 110
core   0: 3 0x000000008000fe84 (0xe7bd)
core   0: 0x000000008000fef2 (0xfc843783) ld      a5, -56(s0)
core   0: 3 0x000000008000fef2 (0xfc843783) x15 0x0000000080012040 mem 0x0000000080031f38
core   0: 0x000000008000fef6 (0xfef43023) sd      a5, -32(s0)
core   0: 3 0x000000008000fef6 (0xfef43023) mem 0x0000000080031f50 0x0000000080012040
core   0: 0x000000008000fefa (0x0000a829) c.j     pc + 26
core   0: 3 0x000000008000fefa (0xa829)
core   0: 0x000000008000ff14 (0xfc843703) ld      a4, -56(s0)
core   0: 3 0x000000008000ff14 (0xfc843703) x14 0x0000000080012040 mem 0x0000000080031f38
core   0: 0x000000008000ff18 (0xfb843783) ld      a5, -72(s0)
core   0: 3 0x000000008000ff18 (0xfb843783) x15 0x000000000000009c mem 0x0000000080031f28
core   0: 0x000000008000ff1c (0x000097ba) c.add   a5, a4
core   0: 3 0x000000008000ff1c (0x97ba) x15 0x00000000800120dc
core   0: 0x000000008000ff1e (0xfe043703) ld      a4, -32(s0)
core   0: 3 0x000000008000ff1e (0xfe043703) x14 0x0000000080012040 mem 0x0000000080031f50
core   0: 0x000000008000ff22 (0xfcf76de3) bltu    a4, a5, pc - 38
core   0: 3 0x000000008000ff22 (0xfcf76de3)
core   0: 0x000000008000fefc (0xfe043783) ld      a5, -32(s0)
core   0: 3 0x000000008000fefc (0xfe043783) x15 0x0000000080012040 mem 0x0000000080031f50
core   0: 0x000000008000ff00 (0x00178713) addi    a4, a5, 1
core   0: 3 0x000000008000ff00 (0x00178713) x14 0x0000000080012041
core   0: 0x000000008000ff04 (0xfee43023) sd      a4, -32(s0)
core   0: 3 0x000000008000ff04 (0xfee43023) mem 0x0000000080031f50 0x0000000080012041
core   0: 0x000000008000ff08 (0xfc442703) lw      a4, -60(s0)
core   0: 3 0x000000008000ff08 (0xfc442703) x14 0x0000000000000000 mem 0x0000000080031f34
core   0: 0x000000008000ff0c (0x0ff77713) andi    a4, a4, 255
core   0: 3 0x000000008000ff0c (0x0ff77713) x14 0x0000000000000000
core   0: 0x000000008000ff10 (0x00e78023) sb      a4, 0(a5)
core   0: 3 0x000000008000ff10 (0x00e78023) mem 0x0000000080012040 0x00
core   0: 0x000000008000ff14 (0xfc843703) ld      a4, -56(s0)
core   0: 3 0x000000008000ff14 (0xfc843703) x14 0x0000000080012040 mem 0x0000000080031f38
core   0: 0x000000008000ff18 (0xfb843783) ld      a5, -72(s0)
core   0: 3 0x000000008000ff18 (0xfb843783) x15 0x000000000000009c mem 0x0000000080031f28
core   0: 0x000000008000ff1c (0x000097ba) c.add   a5, a4
core   0: 3 0x000000008000ff1c (0x97ba) x15 0x00000000800120dc
core   0: 0x000000008000ff1e (0xfe043703) ld      a4, -32(s0)
core   0: 3 0x000000008000ff1e (0xfe043703) x14 0x0000000080012041 mem 0x0000000080031f50
core   0: 0x000000008000ff22 (0xfcf76de3) bltu    a4, a5, pc - 38
core   0: 3 0x000000008000ff22 (0xfcf76de3)
core   0: 0x000000008000fefc (0xfe043783) ld      a5, -32(s0)
core   0: 3 0x000000008000fefc (0xfe043783) x15 0x0000000080012041 mem 0x0000000080031f50
core   0: 0x000000008000ff00 (0x00178713) addi    a4, a5, 1
core   0: 3 0x000000008000ff00 (0x00178713) x14 0x0000000080012042
core   0: 0x000000008000ff04 (0xfee43023) sd      a4, -32(s0)
core   0: 3 0x000000008000ff04 (0xfee43023) mem 0x0000000080031f50 0x0000000080012042
core   0: 0x000000008000ff08 (0xfc442703) lw      a4, -60(s0)
core   0: 3 0x000000008000ff08 (0xfc442703) x14 0x0000000000000000 mem 0x0000000080031f34
core   0: 0x000000008000ff0c (0x0ff77713) andi    a4, a4, 255
core   0: 3 0x000000008000ff0c (0x0ff77713) x14 0x0000000000000000
core   0: 0x000000008000ff10 (0x00e78023) sb      a4, 0(a5)
core   0: 3 0x000000008000ff10 (0x00e78023) mem 0x0000000080012041 0x00
core   0: 0x000000008000ff14 (0xfc843703) ld      a4, -56(s0)
core   0: 3 0x000000008000ff14 (0xfc843703) x14 0x0000000080012040 mem 0x0000000080031f38
core   0: 0x000000008000ff18 (0xfb843783) ld      a5, -72(s0)
core   0: 3 0x000000008000ff18 (0xfb843783) x15 0x000000000000009c mem 0x0000000080031f28
core   0: 0x000000008000ff1c (0x000097ba) c.add   a5, a4
core   0: 3 0x000000008000ff1c (0x97ba) x15 0x00000000800120dc
core   0: 0x000000008000ff1e (0xfe043703) ld      a4, -32(s0)
core   0: 3 0x000000008000ff1e (0xfe043703) x14 0x0000000080012042 mem 0x0000000080031f50
core   0: 0x000000008000ff22 (0xfcf76de3) bltu    a4, a5, pc - 38
core   0: 3 0x000000008000ff22 (0xfcf76de3)
core   0: 0x000000008000fefc (0xfe043783) ld      a5, -32(s0)
core   0: 3 0x000000008000fefc (0xfe043783) x15 0x0000000080012042 mem 0x0000000080031f50
core   0: 0x000000008000ff00 (0x00178713) addi    a4, a5, 1
core   0: 3 0x000000008000ff00 (0x00178713) x14 0x0000000080012043
core   0: 0x000000008000ff04 (0xfee43023) sd      a4, -32(s0)
core   0: 3 0x000000008000ff04 (0xfee43023) mem 0x0000000080031f50 0x0000000080012043
core   0: 0x000000008000ff08 (0xfc442703) lw      a4, -60(s0)
core   0: 3 0x000000008000ff08 (0xfc442703) x14 0x0000000000000000 mem 0x0000000080031f34
core   0: 0x000000008000ff0c (0x0ff77713) andi    a4, a4, 255
core   0: 3 0x000000008000ff0c (0x0ff77713) x14 0x0000000000000000
core   0: 0x000000008000ff10 (0x00e78023) sb      a4, 0(a5)
core   0: 3 0x000000008000ff10 (0x00e78023) mem 0x0000000080012042 0x00
core   0: 0x000000008000ff14 (0xfc843703) ld      a4, -56(s0)
core   0: 3 0x000000008000ff14 (0xfc843703) x14 0x0000000080012040 mem 0x0000000080031f38
core   0: 0x000000008000ff18 (0xfb843783) ld      a5, -72(s0)
core   0: 3 0x000000008000ff18 (0xfb843783) x15 0x000000000000009c mem 0x0000000080031f28
core   0: 0x000000008000ff1c (0x000097ba) c.add   a5, a4
core   0: 3 0x000000008000ff1c (0x97ba) x15 0x00000000800120dc
core   0: 0x000000008000ff1e (0xfe043703) ld      a4, -32(s0)
core   0: 3 0x000000008000ff1e (0xfe043703) x14 0x0000000080012043 mem 0x0000000080031f50
core   0: 0x000000008000ff22 (0xfcf76de3) bltu    a4, a5, pc - 38
core   0: 3 0x000000008000ff22 (0xfcf76de3)
core   0: 0x000000008000fefc (0xfe043783) ld      a5, -32(s0)
core   0: 3 0x000000008000fefc (0xfe043783) x15 0x0000000080012043 mem 0x0000000080031f50
core   0: 0x000000008000ff00 (0x00178713) addi    a4, a5, 1
core   0: 3 0x000000008000ff00 (0x00178713) x14 0x0000000080012044
core   0: 0x000000008000ff04 (0xfee43023) sd      a4, -32(s0)
core   0: 3 0x000000008000ff04 (0xfee43023) mem 0x0000000080031f50 0x0000000080012044
core   0: 0x000000008000ff08 (0xfc442703) lw      a4, -60(s0)
core   0: 3 0x000000008000ff08 (0xfc442703) x14 0x0000000000000000 mem 0x0000000080031f34
core   0: 0x000000008000ff0c (0x0ff77713) andi    a4, a4, 255
core   0: 3 0x000000008000ff0c (0x0ff77713) x14 0x0000000000000000
core   0: 0x000000008000ff10 (0x00e78023) sb      a4, 0(a5)
core   0: 3 0x000000008000ff10 (0x00e78023) mem 0x0000000080012043 0x00
core   0: 0x000000008000ff14 (0xfc843703) ld      a4, -56(s0)
core   0: 3 0x000000008000ff14 (0xfc843703) x14 0x0000000080012040 mem 0x0000000080031f38
core   0: 0x000000008000ff18 (0xfb843783) ld      a5, -72(s0)
core   0: 3 0x000000008000ff18 (0xfb843783) x15 0x000000000000009c mem 0x0000000080031f28
core   0: 0x000000008000ff1c (0x000097ba) c.add   a5, a4
core   0: 3 0x000000008000ff1c (0x97ba) x15 0x00000000800120dc
core   0: 0x000000008000ff1e (0xfe043703) ld      a4, -32(s0)
core   0: 3 0x000000008000ff1e (0xfe043703) x14 0x0000000080012044 mem 0x0000000080031f50
core   0: 0x000000008000ff22 (0xfcf76de3) bltu    a4, a5, pc - 38
core   0: 3 0x000000008000ff22 (0xfcf76de3)
core   0: 0x000000008000fefc (0xfe043783) ld      a5, -32(s0)
core   0: 3 0x000000008000fefc (0xfe043783) x15 0x0000000080012044 mem 0x0000000080031f50
core   0: 0x000000008000ff00 (0x00178713) addi    a4, a5, 1
core   0: 3 0x000000008000ff00 (0x00178713) x14 0x0000000080012045
core   0: 0x000000008000ff04 (0xfee43023) sd      a4, -32(s0)
core   0: 3 0x000000008000ff04 (0xfee43023) mem 0x0000000080031f50 0x0000000080012045
core   0: 0x000000008000ff08 (0xfc442703) lw      a4, -60(s0)
core   0: 3 0x000000008000ff08 (0xfc442703) x14 0x0000000000000000 mem 0x0000000080031f34
core   0: 0x000000008000ff0c (0x0ff77713) andi    a4, a4, 255
core   0: 3 0x000000008000ff0c (0x0ff77713) x14 0x0000000000000000
core   0: 0x000000008000ff10 (0x00e78023) sb      a4, 0(a5)
core   0: 3 0x000000008000ff10 (0x00e78023) mem 0x0000000080012044 0x00
core   0: 0x000000008000ff14 (0xfc843703) ld      a4, -56(s0)
core   0: 3 0x000000008000ff14 (0xfc843703) x14 0x0000000080012040 mem 0x0000000080031f38
core   0: 0x000000008000ff18 (0xfb843783) ld      a5, -72(s0)
core   0: 3 0x000000008000ff18 (0xfb843783) x15 0x000000000000009c mem 0x0000000080031f28
core   0: 0x000000008000ff1c (0x000097ba) c.add   a5, a4
core   0: 3 0x000000008000ff1c (0x97ba) x15 0x00000000800120dc
core   0: 0x000000008000ff1e (0xfe043703) ld      a4, -32(s0)
core   0: 3 0x000000008000ff1e (0xfe043703) x14 0x0000000080012045 mem 0x0000000080031f50
core   0: 0x000000008000ff22 (0xfcf76de3) bltu    a4, a5, pc - 38
core   0: 3 0x000000008000ff22 (0xfcf76de3)
core   0: 0x000000008000fefc (0xfe043783) ld      a5, -32(s0)
core   0: 3 0x000000008000fefc (0xfe043783) x15 0x0000000080012045 mem 0x0000000080031f50
core   0: 0x000000008000ff00 (0x00178713) addi    a4, a5, 1
core   0: 3 0x000000008000ff00 (0x00178713) x14 0x0000000080012046
core   0: 0x000000008000ff04 (0xfee43023) sd      a4, -32(s0)
core   0: 3 0x000000008000ff04 (0xfee43023) mem 0x0000000080031f50 0x0000000080012046
core   0: 0x000000008000ff08 (0xfc442703) lw      a4, -60(s0)
core   0: 3 0x000000008000ff08 (0xfc442703) x14 0x0000000000000000 mem 0x0000000080031f34
core   0: 0x000000008000ff0c (0x0ff77713) andi    a4, a4, 255
core   0: 3 0x000000008000ff0c (0x0ff77713) x14 0x0000000000000000
core   0: 0x000000008000ff10 (0x00e78023) sb      a4, 0(a5)
core   0: 3 0x000000008000ff10 (0x00e78023) mem 0x0000000080012045 0x00
core   0: 0x000000008000ff14 (0xfc843703) ld      a4, -56(s0)
core   0: 3 0x000000008000ff14 (0xfc843703) x14 0x0000000080012040 mem 0x0000000080031f38
core   0: 0x000000008000ff18 (0xfb843783) ld      a5, -72(s0)
core   0: 3 0x000000008000ff18 (0xfb843783) x15 0x000000000000009c mem 0x0000000080031f28
core   0: 0x000000008000ff1c (0x000097ba) c.add   a5, a4
core   0: 3 0x000000008000ff1c (0x97ba) x15 0x00000000800120dc
core   0: 0x000000008000ff1e (0xfe043703) ld      a4, -32(s0)
core   0: 3 0x000000008000ff1e (0xfe043703) x14 0x0000000080012046 mem 0x0000000080031f50
core   0: 0x000000008000ff22 (0xfcf76de3) bltu    a4, a5, pc - 38
core   0: 3 0x000000008000ff22 (0xfcf76de3)
core   0: 0x000000008000fefc (0xfe043783) ld      a5, -32(s0)
core   0: 3 0x000000008000fefc (0xfe043783) x15 0x0000000080012046 mem 0x0000000080031f50
core   0: 0x000000008000ff00 (0x00178713) addi    a4, a5, 1
core   0: 3 0x000000008000ff00 (0x00178713) x14 0x0000000080012047
core   0: 0x000000008000ff04 (0xfee43023) sd      a4, -32(s0)
core   0: 3 0x000000008000ff04 (0xfee43023) mem 0x0000000080031f50 0x0000000080012047
core   0: 0x000000008000ff08 (0xfc442703) lw      a4, -60(s0)
core   0: 3 0x000000008000ff08 (0xfc442703) x14 0x0000000000000000 mem 0x0000000080031f34
core   0: 0x000000008000ff0c (0x0ff77713) andi    a4, a4, 255
core   0: 3 0x000000008000ff0c (0x0ff77713) x14 0x0000000000000000
core   0: 0x000000008000ff10 (0x00e78023) sb      a4, 0(a5)
core   0: 3 0x000000008000ff10 (0x00e78023) mem 0x0000000080012046 0x00
core   0: 0x000000008000ff14 (0xfc843703) ld      a4, -56(s0)
core   0: 3 0x000000008000ff14 (0xfc843703) x14 0x0000000080012040 mem 0x0000000080031f38
core   0: 0x000000008000ff18 (0xfb843783) ld      a5, -72(s0)
core   0: 3 0x000000008000ff18 (0xfb843783) x15 0x000000000000009c mem 0x0000000080031f28
core   0: 0x000000008000ff1c (0x000097ba) c.add   a5, a4
core   0: 3 0x000000008000ff1c (0x97ba) x15 0x00000000800120dc
core   0: 0x000000008000ff1e (0xfe043703) ld      a4, -32(s0)
core   0: 3 0x000000008000ff1e (0xfe043703) x14 0x0000000080012047 mem 0x0000000080031f50
core   0: 0x000000008000ff22 (0xfcf76de3) bltu    a4, a5, pc - 38
core   0: 3 0x000000008000ff22 (0xfcf76de3)
core   0: 0x000000008000fefc (0xfe043783) ld      a5, -32(s0)
core   0: 3 0x000000008000fefc (0xfe043783) x15 0x0000000080012047 mem 0x0000000080031f50
core   0: 0x000000008000ff00 (0x00178713) addi    a4, a5, 1
core   0: 3 0x000000008000ff00 (0x00178713) x14 0x0000000080012048
core   0: 0x000000008000ff04 (0xfee43023) sd      a4, -32(s0)
core   0: 3 0x000000008000ff04 (0xfee43023) mem 0x0000000080031f50 0x0000000080012048
core   0: 0x000000008000ff08 (0xfc442703) lw      a4, -60(s0)
core   0: 3 0x000000008000ff08 (0xfc442703) x14 0x0000000000000000 mem 0x0000000080031f34
core   0: 0x000000008000ff0c (0x0ff77713) andi    a4, a4, 255
core   0: 3 0x000000008000ff0c (0x0ff77713) x14 0x0000000000000000
core   0: 0x000000008000ff10 (0x00e78023) sb      a4, 0(a5)
core   0: 3 0x000000008000ff10 (0x00e78023) mem 0x0000000080012047 0x00
core   0: 0x000000008000ff14 (0xfc843703) ld      a4, -56(s0)
core   0: 3 0x000000008000ff14 (0xfc843703) x14 0x0000000080012040 mem 0x0000000080031f38
core   0: 0x000000008000ff18 (0xfb843783) ld      a5, -72(s0)
core   0: 3 0x000000008000ff18 (0xfb843783) x15 0x000000000000009c mem 0x0000000080031f28
core   0: 0x000000008000ff1c (0x000097ba) c.add   a5, a4
core   0: 3 0x000000008000ff1c (0x97ba) x15 0x00000000800120dc
core   0: 0x000000008000ff1e (0xfe043703) ld      a4, -32(s0)
core   0: 3 0x000000008000ff1e (0xfe043703) x14 0x0000000080012048 mem 0x0000000080031f50
core   0: 0x000000008000ff22 (0xfcf76de3) bltu    a4, a5, pc - 38
core   0: 3 0x000000008000ff22 (0xfcf76de3)
core   0: 0x000000008000fefc (0xfe043783) ld      a5, -32(s0)
core   0: 3 0x000000008000fefc (0xfe043783) x15 0x0000000080012048 mem 0x0000000080031f50
core   0: 0x000000008000ff00 (0x00178713) addi    a4, a5, 1
core   0: 3 0x000000008000ff00 (0x00178713) x14 0x0000000080012049
core   0: 0x000000008000ff04 (0xfee43023) sd      a4, -32(s0)
core   0: 3 0x000000008000ff04 (0xfee43023) mem 0x0000000080031f50 0x0000000080012049
core   0: 0x000000008000ff08 (0xfc442703) lw      a4, -60(s0)
core   0: 3 0x000000008000ff08 (0xfc442703) x14 0x0000000000000000 mem 0x0000000080031f34
core   0: 0x000000008000ff0c (0x0ff77713) andi    a4, a4, 255
core   0: 3 0x000000008000ff0c (0x0ff77713) x14 0x0000000000000000
core   0: 0x000000008000ff10 (0x00e78023) sb      a4, 0(a5)
core   0: 3 0x000000008000ff10 (0x00e78023) mem 0x0000000080012048 0x00
core   0: 0x000000008000ff14 (0xfc843703) ld      a4, -56(s0)
core   0: 3 0x000000008000ff14 (0xfc843703) x14 0x0000000080012040 mem 0x0000000080031f38
core   0: 0x000000008000ff18 (0xfb843783) ld      a5, -72(s0)
core   0: 3 0x000000008000ff18 (0xfb843783) x15 0x000000000000009c mem 0x0000000080031f28
core   0: 0x000000008000ff1c (0x000097ba) c.add   a5, a4
core   0: 3 0x000000008000ff1c (0x97ba) x15 0x00000000800120dc
core   0: 0x000000008000ff1e (0xfe043703) ld      a4, -32(s0)
core   0: 3 0x000000008000ff1e (0xfe043703) x14 0x0000000080012049 mem 0x0000000080031f50
core   0: 0x000000008000ff22 (0xfcf76de3) bltu    a4, a5, pc - 38
core   0: 3 0x000000008000ff22 (0xfcf76de3)
core   0: 0x000000008000fefc (0xfe043783) ld      a5, -32(s0)
core   0: 3 0x000000008000fefc (0xfe043783) x15 0x0000000080012049 mem 0x0000000080031f50
core   0: 0x000000008000ff00 (0x00178713) addi    a4, a5, 1
core   0: 3 0x000000008000ff00 (0x00178713) x14 0x000000008001204a
core   0: 0x000000008000ff04 (0xfee43023) sd      a4, -32(s0)
core   0: 3 0x000000008000ff04 (0xfee43023) mem 0x0000000080031f50 0x000000008001204a
core   0: 0x000000008000ff08 (0xfc442703) lw      a4, -60(s0)
core   0: 3 0x000000008000ff08 (0xfc442703) x14 0x0000000000000000 mem 0x0000000080031f34
core   0: 0x000000008000ff0c (0x0ff77713) andi    a4, a4, 255
core   0: 3 0x000000008000ff0c (0x0ff77713) x14 0x0000000000000000
core   0: 0x000000008000ff10 (0x00e78023) sb      a4, 0(a5)
core   0: 3 0x000000008000ff10 (0x00e78023) mem 0x0000000080012049 0x00
core   0: 0x000000008000ff14 (0xfc843703) ld      a4, -56(s0)
core   0: 3 0x000000008000ff14 (0xfc843703) x14 0x0000000080012040 mem 0x0000000080031f38
core   0: 0x000000008000ff18 (0xfb843783) ld      a5, -72(s0)
core   0: 3 0x000000008000ff18 (0xfb843783) x15 0x000000000000009c mem 0x0000000080031f28
core   0: 0x000000008000ff1c (0x000097ba) c.add   a5, a4
core   0: 3 0x000000008000ff1c (0x97ba) x15 0x00000000800120dc
core   0: 0x000000008000ff1e (0xfe043703) ld      a4, -32(s0)
core   0: 3 0x000000008000ff1e (0xfe043703) x14 0x000000008001204a mem 0x0000000080031f50
core   0: 0x000000008000ff22 (0xfcf76de3) bltu    a4, a5, pc - 38
core   0: 3 0x000000008000ff22 (0xfcf76de3)
core   0: 0x000000008000fefc (0xfe043783) ld      a5, -32(s0)
core   0: 3 0x000000008000fefc (0xfe043783) x15 0x000000008001204a mem 0x0000000080031f50
core   0: 0x000000008000ff00 (0x00178713) addi    a4, a5, 1
core   0: 3 0x000000008000ff00 (0x00178713) x14 0x000000008001204b
core   0: 0x000000008000ff04 (0xfee43023) sd      a4, -32(s0)
core   0: 3 0x000000008000ff04 (0xfee43023) mem 0x0000000080031f50 0x000000008001204b
core   0: 0x000000008000ff08 (0xfc442703) lw      a4, -60(s0)
core   0: 3 0x000000008000ff08 (0xfc442703) x14 0x0000000000000000 mem 0x0000000080031f34
core   0: 0x000000008000ff0c (0x0ff77713) andi    a4, a4, 255
core   0: 3 0x000000008000ff0c (0x0ff77713) x14 0x0000000000000000
core   0: 0x000000008000ff10 (0x00e78023) sb      a4, 0(a5)
core   0: 3 0x000000008000ff10 (0x00e78023) mem 0x000000008001204a 0x00
core   0: 0x000000008000ff14 (0xfc843703) ld      a4, -56(s0)
core   0: 3 0x000000008000ff14 (0xfc843703) x14 0x0000000080012040 mem 0x0000000080031f38
core   0: 0x000000008000ff18 (0xfb843783) ld      a5, -72(s0)
core   0: 3 0x000000008000ff18 (0xfb843783) x15 0x000000000000009c mem 0x0000000080031f28
core   0: 0x000000008000ff1c (0x000097ba) c.add   a5, a4
core   0: 3 0x000000008000ff1c (0x97ba) x15 0x00000000800120dc
core   0: 0x000000008000ff1e (0xfe043703) ld      a4, -32(s0)
core   0: 3 0x000000008000ff1e (0xfe043703) x14 0x000000008001204b mem 0x0000000080031f50
core   0: 0x000000008000ff22 (0xfcf76de3) bltu    a4, a5, pc - 38
core   0: 3 0x000000008000ff22 (0xfcf76de3)
core   0: 0x000000008000fefc (0xfe043783) ld      a5, -32(s0)
core   0: 3 0x000000008000fefc (0xfe043783) x15 0x000000008001204b mem 0x0000000080031f50
core   0: 0x000000008000ff00 (0x00178713) addi    a4, a5, 1
core   0: 3 0x000000008000ff00 (0x00178713) x14 0x000000008001204c
core   0: 0x000000008000ff04 (0xfee43023) sd      a4, -32(s0)
core   0: 3 0x000000008000ff04 (0xfee43023) mem 0x0000000080031f50 0x000000008001204c
core   0: 0x000000008000ff08 (0xfc442703) lw      a4, -60(s0)
core   0: 3 0x000000008000ff08 (0xfc442703) x14 0x0000000000000000 mem 0x0000000080031f34
core   0: 0x000000008000ff0c (0x0ff77713) andi    a4, a4, 255
core   0: 3 0x000000008000ff0c (0x0ff77713) x14 0x0000000000000000
core   0: 0x000000008000ff10 (0x00e78023) sb      a4, 0(a5)
core   0: 3 0x000000008000ff10 (0x00e78023) mem 0x000000008001204b 0x00
core   0: 0x000000008000ff14 (0xfc843703) ld      a4, -56(s0)
core   0: 3 0x000000008000ff14 (0xfc843703) x14 0x0000000080012040 mem 0x0000000080031f38
core   0: 0x000000008000ff18 (0xfb843783) ld      a5, -72(s0)
core   0: 3 0x000000008000ff18 (0xfb843783) x15 0x000000000000009c mem 0x0000000080031f28
core   0: 0x000000008000ff1c (0x000097ba) c.add   a5, a4
core   0: 3 0x000000008000ff1c (0x97ba) x15 0x00000000800120dc
core   0: 0x000000008000ff1e (0xfe043703) ld      a4, -32(s0)
core   0: 3 0x000000008000ff1e (0xfe043703) x14 0x000000008001204c mem 0x0000000080031f50
core   0: 0x000000008000ff22 (0xfcf76de3) bltu    a4, a5, pc - 38
core   0: 3 0x000000008000ff22 (0xfcf76de3)
core   0: 0x000000008000fefc (0xfe043783) ld      a5, -32(s0)
core   0: 3 0x000000008000fefc (0xfe043783) x15 0x000000008001204c mem 0x0000000080031f50
core   0: 0x000000008000ff00 (0x00178713) addi    a4, a5, 1
core   0: 3 0x000000008000ff00 (0x00178713) x14 0x000000008001204d
core   0: 0x000000008000ff04 (0xfee43023) sd      a4, -32(s0)
core   0: 3 0x000000008000ff04 (0xfee43023) mem 0x0000000080031f50 0x000000008001204d
core   0: 0x000000008000ff08 (0xfc442703) lw      a4, -60(s0)
core   0: 3 0x000000008000ff08 (0xfc442703) x14 0x0000000000000000 mem 0x0000000080031f34
core   0: 0x000000008000ff0c (0x0ff77713) andi    a4, a4, 255
core   0: 3 0x000000008000ff0c (0x0ff77713) x14 0x0000000000000000
core   0: 0x000000008000ff10 (0x00e78023) sb      a4, 0(a5)
core   0: 3 0x000000008000ff10 (0x00e78023) mem 0x000000008001204c 0x00
core   0: 0x000000008000ff14 (0xfc843703) ld      a4, -56(s0)
core   0: 3 0x000000008000ff14 (0xfc843703) x14 0x0000000080012040 mem 0x0000000080031f38
core   0: 0x000000008000ff18 (0xfb843783) ld      a5, -72(s0)
core   0: 3 0x000000008000ff18 (0xfb843783) x15 0x000000000000009c mem 0x0000000080031f28
core   0: 0x000000008000ff1c (0x000097ba) c.add   a5, a4
core   0: 3 0x000000008000ff1c (0x97ba) x15 0x00000000800120dc
core   0: 0x000000008000ff1e (0xfe043703) ld      a4, -32(s0)
core   0: 3 0x000000008000ff1e (0xfe043703) x14 0x000000008001204d mem 0x0000000080031f50
core   0: 0x000000008000ff22 (0xfcf76de3) bltu    a4, a5, pc - 38
core   0: 3 0x000000008000ff22 (0xfcf76de3)
core   0: 0x000000008000fefc (0xfe043783) ld      a5, -32(s0)
core   0: 3 0x000000008000fefc (0xfe043783) x15 0x000000008001204d mem 0x0000000080031f50
core   0: 0x000000008000ff00 (0x00178713) addi    a4, a5, 1
core   0: 3 0x000000008000ff00 (0x00178713) x14 0x000000008001204e
core   0: 0x000000008000ff04 (0xfee43023) sd      a4, -32(s0)
core   0: 3 0x000000008000ff04 (0xfee43023) mem 0x0000000080031f50 0x000000008001204e
core   0: 0x000000008000ff08 (0xfc442703) lw      a4, -60(s0)
core   0: 3 0x000000008000ff08 (0xfc442703) x14 0x0000000000000000 mem 0x0000000080031f34
core   0: 0x000000008000ff0c (0x0ff77713) andi    a4, a4, 255
core   0: 3 0x000000008000ff0c (0x0ff77713) x14 0x0000000000000000
core   0: 0x000000008000ff10 (0x00e78023) sb      a4, 0(a5)
core   0: 3 0x000000008000ff10 (0x00e78023) mem 0x000000008001204d 0x00
core   0: 0x000000008000ff14 (0xfc843703) ld      a4, -56(s0)
core   0: 3 0x000000008000ff14 (0xfc843703) x14 0x0000000080012040 mem 0x0000000080031f38
core   0: 0x000000008000ff18 (0xfb843783) ld      a5, -72(s0)
core   0: 3 0x000000008000ff18 (0xfb843783) x15 0x000000000000009c mem 0x0000000080031f28
core   0: 0x000000008000ff1c (0x000097ba) c.add   a5, a4
core   0: 3 0x000000008000ff1c (0x97ba) x15 0x00000000800120dc
core   0: 0x000000008000ff1e (0xfe043703) ld      a4, -32(s0)
core   0: 3 0x000000008000ff1e (0xfe043703) x14 0x000000008001204e mem 0x0000000080031f50
core   0: 0x000000008000ff22 (0xfcf76de3) bltu    a4, a5, pc - 38
core   0: 3 0x000000008000ff22 (0xfcf76de3)
core   0: 0x000000008000fefc (0xfe043783) ld      a5, -32(s0)
core   0: 3 0x000000008000fefc (0xfe043783) x15 0x000000008001204e mem 0x0000000080031f50
core   0: 0x000000008000ff00 (0x00178713) addi    a4, a5, 1
core   0: 3 0x000000008000ff00 (0x00178713) x14 0x000000008001204f
core   0: 0x000000008000ff04 (0xfee43023) sd      a4, -32(s0)
core   0: 3 0x000000008000ff04 (0xfee43023) mem 0x0000000080031f50 0x000000008001204f
core   0: 0x000000008000ff08 (0xfc442703) lw      a4, -60(s0)
core   0: 3 0x000000008000ff08 (0xfc442703) x14 0x0000000000000000 mem 0x0000000080031f34
core   0: 0x000000008000ff0c (0x0ff77713) andi    a4, a4, 255
core   0: 3 0x000000008000ff0c (0x0ff77713) x14 0x0000000000000000
core   0: 0x000000008000ff10 (0x00e78023) sb      a4, 0(a5)
core   0: 3 0x000000008000ff10 (0x00e78023) mem 0x000000008001204e 0x00
core   0: 0x000000008000ff14 (0xfc843703) ld      a4, -56(s0)
core   0: 3 0x000000008000ff14 (0xfc843703) x14 0x0000000080012040 mem 0x0000000080031f38
core   0: 0x000000008000ff18 (0xfb843783) ld      a5, -72(s0)
core   0: 3 0x000000008000ff18 (0xfb843783) x15 0x000000000000009c mem 0x0000000080031f28
core   0: 0x000000008000ff1c (0x000097ba) c.add   a5, a4
core   0: 3 0x000000008000ff1c (0x97ba) x15 0x00000000800120dc
core   0: 0x000000008000ff1e (0xfe043703) ld      a4, -32(s0)
core   0: 3 0x000000008000ff1e (0xfe043703) x14 0x000000008001204f mem 0x0000000080031f50
core   0: 0x000000008000ff22 (0xfcf76de3) bltu    a4, a5, pc - 38
core   0: 3 0x000000008000ff22 (0xfcf76de3)
core   0: 0x000000008000fefc (0xfe043783) ld      a5, -32(s0)
core   0: 3 0x000000008000fefc (0xfe043783) x15 0x000000008001204f mem 0x0000000080031f50
core   0: 0x000000008000ff00 (0x00178713) addi    a4, a5, 1
core   0: 3 0x000000008000ff00 (0x00178713) x14 0x0000000080012050
core   0: 0x000000008000ff04 (0xfee43023) sd      a4, -32(s0)
core   0: 3 0x000000008000ff04 (0xfee43023) mem 0x0000000080031f50 0x0000000080012050
core   0: 0x000000008000ff08 (0xfc442703) lw      a4, -60(s0)
core   0: 3 0x000000008000ff08 (0xfc442703) x14 0x0000000000000000 mem 0x0000000080031f34
core   0: 0x000000008000ff0c (0x0ff77713) andi    a4, a4, 255
core   0: 3 0x000000008000ff0c (0x0ff77713) x14 0x0000000000000000
core   0: 0x000000008000ff10 (0x00e78023) sb      a4, 0(a5)
core   0: 3 0x000000008000ff10 (0x00e78023) mem 0x000000008001204f 0x00
core   0: 0x000000008000ff14 (0xfc843703) ld      a4, -56(s0)
core   0: 3 0x000000008000ff14 (0xfc843703) x14 0x0000000080012040 mem 0x0000000080031f38
core   0: 0x000000008000ff18 (0xfb843783) ld      a5, -72(s0)
core   0: 3 0x000000008000ff18 (0xfb843783) x15 0x000000000000009c mem 0x0000000080031f28
core   0: 0x000000008000ff1c (0x000097ba) c.add   a5, a4
core   0: 3 0x000000008000ff1c (0x97ba) x15 0x00000000800120dc
core   0: 0x000000008000ff1e (0xfe043703) ld      a4, -32(s0)
core   0: 3 0x000000008000ff1e (0xfe043703) x14 0x0000000080012050 mem 0x0000000080031f50
core   0: 0x000000008000ff22 (0xfcf76de3) bltu    a4, a5, pc - 38
core   0: 3 0x000000008000ff22 (0xfcf76de3)
core   0: 0x000000008000fefc (0xfe043783) ld      a5, -32(s0)
core   0: 3 0x000000008000fefc (0xfe043783) x15 0x0000000080012050 mem 0x0000000080031f50
core   0: 0x000000008000ff00 (0x00178713) addi    a4, a5, 1
core   0: 3 0x000000008000ff00 (0x00178713) x14 0x0000000080012051
core   0: 0x000000008000ff04 (0xfee43023) sd      a4, -32(s0)
core   0: 3 0x000000008000ff04 (0xfee43023) mem 0x0000000080031f50 0x0000000080012051
core   0: 0x000000008000ff08 (0xfc442703) lw      a4, -60(s0)
core   0: 3 0x000000008000ff08 (0xfc442703) x14 0x0000000000000000 mem 0x0000000080031f34
core   0: 0x000000008000ff0c (0x0ff77713) andi    a4, a4, 255
core   0: 3 0x000000008000ff0c (0x0ff77713) x14 0x0000000000000000
core   0: 0x000000008000ff10 (0x00e78023) sb      a4, 0(a5)
core   0: 3 0x000000008000ff10 (0x00e78023) mem 0x0000000080012050 0x00
core   0: 0x000000008000ff14 (0xfc843703) ld      a4, -56(s0)
core   0: 3 0x000000008000ff14 (0xfc843703) x14 0x0000000080012040 mem 0x0000000080031f38
core   0: 0x000000008000ff18 (0xfb843783) ld      a5, -72(s0)
core   0: 3 0x000000008000ff18 (0xfb843783) x15 0x000000000000009c mem 0x0000000080031f28
core   0: 0x000000008000ff1c (0x000097ba) c.add   a5, a4
core   0: 3 0x000000008000ff1c (0x97ba) x15 0x00000000800120dc
core   0: 0x000000008000ff1e (0xfe043703) ld      a4, -32(s0)
core   0: 3 0x000000008000ff1e (0xfe043703) x14 0x0000000080012051 mem 0x0000000080031f50
core   0: 0x000000008000ff22 (0xfcf76de3) bltu    a4, a5, pc - 38
core   0: 3 0x000000008000ff22 (0xfcf76de3)
core   0: 0x000000008000fefc (0xfe043783) ld      a5, -32(s0)
core   0: 3 0x000000008000fefc (0xfe043783) x15 0x0000000080012051 mem 0x0000000080031f50
core   0: 0x000000008000ff00 (0x00178713) addi    a4, a5, 1
core   0: 3 0x000000008000ff00 (0x00178713) x14 0x0000000080012052
core   0: 0x000000008000ff04 (0xfee43023) sd      a4, -32(s0)
core   0: 3 0x000000008000ff04 (0xfee43023) mem 0x0000000080031f50 0x0000000080012052
core   0: 0x000000008000ff08 (0xfc442703) lw      a4, -60(s0)
core   0: 3 0x000000008000ff08 (0xfc442703) x14 0x0000000000000000 mem 0x0000000080031f34
core   0: 0x000000008000ff0c (0x0ff77713) andi    a4, a4, 255
core   0: 3 0x000000008000ff0c (0x0ff77713) x14 0x0000000000000000
core   0: 0x000000008000ff10 (0x00e78023) sb      a4, 0(a5)
core   0: 3 0x000000008000ff10 (0x00e78023) mem 0x0000000080012051 0x00
core   0: 0x000000008000ff14 (0xfc843703) ld      a4, -56(s0)
core   0: 3 0x000000008000ff14 (0xfc843703) x14 0x0000000080012040 mem 0x0000000080031f38
core   0: 0x000000008000ff18 (0xfb843783) ld      a5, -72(s0)
core   0: 3 0x000000008000ff18 (0xfb843783) x15 0x000000000000009c mem 0x0000000080031f28
core   0: 0x000000008000ff1c (0x000097ba) c.add   a5, a4
core   0: 3 0x000000008000ff1c (0x97ba) x15 0x00000000800120dc
core   0: 0x000000008000ff1e (0xfe043703) ld      a4, -32(s0)
core   0: 3 0x000000008000ff1e (0xfe043703) x14 0x0000000080012052 mem 0x0000000080031f50
core   0: 0x000000008000ff22 (0xfcf76de3) bltu    a4, a5, pc - 38
core   0: 3 0x000000008000ff22 (0xfcf76de3)
core   0: 0x000000008000fefc (0xfe043783) ld      a5, -32(s0)
core   0: 3 0x000000008000fefc (0xfe043783) x15 0x0000000080012052 mem 0x0000000080031f50
core   0: 0x000000008000ff00 (0x00178713) addi    a4, a5, 1
core   0: 3 0x000000008000ff00 (0x00178713) x14 0x0000000080012053
core   0: 0x000000008000ff04 (0xfee43023) sd      a4, -32(s0)
core   0: 3 0x000000008000ff04 (0xfee43023) mem 0x0000000080031f50 0x0000000080012053
core   0: 0x000000008000ff08 (0xfc442703) lw      a4, -60(s0)
core   0: 3 0x000000008000ff08 (0xfc442703) x14 0x0000000000000000 mem 0x0000000080031f34
core   0: 0x000000008000ff0c (0x0ff77713) andi    a4, a4, 255
core   0: 3 0x000000008000ff0c (0x0ff77713) x14 0x0000000000000000
core   0: 0x000000008000ff10 (0x00e78023) sb      a4, 0(a5)
core   0: 3 0x000000008000ff10 (0x00e78023) mem 0x0000000080012052 0x00
core   0: 0x000000008000ff14 (0xfc843703) ld      a4, -56(s0)
core   0: 3 0x000000008000ff14 (0xfc843703) x14 0x0000000080012040 mem 0x0000000080031f38
core   0: 0x000000008000ff18 (0xfb843783) ld      a5, -72(s0)
core   0: 3 0x000000008000ff18 (0xfb843783) x15 0x000000000000009c mem 0x0000000080031f28
core   0: 0x000000008000ff1c (0x000097ba) c.add   a5, a4
core   0: 3 0x000000008000ff1c (0x97ba) x15 0x00000000800120dc
core   0: 0x000000008000ff1e (0xfe043703) ld      a4, -32(s0)
core   0: 3 0x000000008000ff1e (0xfe043703) x14 0x0000000080012053 mem 0x0000000080031f50
core   0: 0x000000008000ff22 (0xfcf76de3) bltu    a4, a5, pc - 38
core   0: 3 0x000000008000ff22 (0xfcf76de3)
core   0: 0x000000008000fefc (0xfe043783) ld      a5, -32(s0)
core   0: 3 0x000000008000fefc (0xfe043783) x15 0x0000000080012053 mem 0x0000000080031f50
core   0: 0x000000008000ff00 (0x00178713) addi    a4, a5, 1
core   0: 3 0x000000008000ff00 (0x00178713) x14 0x0000000080012054
core   0: 0x000000008000ff04 (0xfee43023) sd      a4, -32(s0)
core   0: 3 0x000000008000ff04 (0xfee43023) mem 0x0000000080031f50 0x0000000080012054
core   0: 0x000000008000ff08 (0xfc442703) lw      a4, -60(s0)
core   0: 3 0x000000008000ff08 (0xfc442703) x14 0x0000000000000000 mem 0x0000000080031f34
core   0: 0x000000008000ff0c (0x0ff77713) andi    a4, a4, 255
core   0: 3 0x000000008000ff0c (0x0ff77713) x14 0x0000000000000000
core   0: 0x000000008000ff10 (0x00e78023) sb      a4, 0(a5)
core   0: 3 0x000000008000ff10 (0x00e78023) mem 0x0000000080012053 0x00
core   0: 0x000000008000ff14 (0xfc843703) ld      a4, -56(s0)
core   0: 3 0x000000008000ff14 (0xfc843703) x14 0x0000000080012040 mem 0x0000000080031f38
core   0: 0x000000008000ff18 (0xfb843783) ld      a5, -72(s0)
core   0: 3 0x000000008000ff18 (0xfb843783) x15 0x000000000000009c mem 0x0000000080031f28
core   0: 0x000000008000ff1c (0x000097ba) c.add   a5, a4
core   0: 3 0x000000008000ff1c (0x97ba) x15 0x00000000800120dc
core   0: 0x000000008000ff1e (0xfe043703) ld      a4, -32(s0)
core   0: 3 0x000000008000ff1e (0xfe043703) x14 0x0000000080012054 mem 0x0000000080031f50
core   0: 0x000000008000ff22 (0xfcf76de3) bltu    a4, a5, pc - 38
core   0: 3 0x000000008000ff22 (0xfcf76de3)
core   0: 0x000000008000fefc (0xfe043783) ld      a5, -32(s0)
core   0: 3 0x000000008000fefc (0xfe043783) x15 0x0000000080012054 mem 0x0000000080031f50
core   0: 0x000000008000ff00 (0x00178713) addi    a4, a5, 1
core   0: 3 0x000000008000ff00 (0x00178713) x14 0x0000000080012055
core   0: 0x000000008000ff04 (0xfee43023) sd      a4, -32(s0)
core   0: 3 0x000000008000ff04 (0xfee43023) mem 0x0000000080031f50 0x0000000080012055
core   0: 0x000000008000ff08 (0xfc442703) lw      a4, -60(s0)
core   0: 3 0x000000008000ff08 (0xfc442703) x14 0x0000000000000000 mem 0x0000000080031f34
core   0: 0x000000008000ff0c (0x0ff77713) andi    a4, a4, 255
core   0: 3 0x000000008000ff0c (0x0ff77713) x14 0x0000000000000000
core   0: 0x000000008000ff10 (0x00e78023) sb      a4, 0(a5)
core   0: 3 0x000000008000ff10 (0x00e78023) mem 0x0000000080012054 0x00
core   0: 0x000000008000ff14 (0xfc843703) ld      a4, -56(s0)
core   0: 3 0x000000008000ff14 (0xfc843703) x14 0x0000000080012040 mem 0x0000000080031f38
core   0: 0x000000008000ff18 (0xfb843783) ld      a5, -72(s0)
core   0: 3 0x000000008000ff18 (0xfb843783) x15 0x000000000000009c mem 0x0000000080031f28
core   0: 0x000000008000ff1c (0x000097ba) c.add   a5, a4
core   0: 3 0x000000008000ff1c (0x97ba) x15 0x00000000800120dc
core   0: 0x000000008000ff1e (0xfe043703) ld      a4, -32(s0)
core   0: 3 0x000000008000ff1e (0xfe043703) x14 0x0000000080012055 mem 0x0000000080031f50
core   0: 0x000000008000ff22 (0xfcf76de3) bltu    a4, a5, pc - 38
core   0: 3 0x000000008000ff22 (0xfcf76de3)
core   0: 0x000000008000fefc (0xfe043783) ld      a5, -32(s0)
core   0: 3 0x000000008000fefc (0xfe043783) x15 0x0000000080012055 mem 0x0000000080031f50
core   0: 0x000000008000ff00 (0x00178713) addi    a4, a5, 1
core   0: 3 0x000000008000ff00 (0x00178713) x14 0x0000000080012056
core   0: 0x000000008000ff04 (0xfee43023) sd      a4, -32(s0)
core   0: 3 0x000000008000ff04 (0xfee43023) mem 0x0000000080031f50 0x0000000080012056
core   0: 0x000000008000ff08 (0xfc442703) lw      a4, -60(s0)
core   0: 3 0x000000008000ff08 (0xfc442703) x14 0x0000000000000000 mem 0x0000000080031f34
core   0: 0x000000008000ff0c (0x0ff77713) andi    a4, a4, 255
core   0: 3 0x000000008000ff0c (0x0ff77713) x14 0x0000000000000000
core   0: 0x000000008000ff10 (0x00e78023) sb      a4, 0(a5)
core   0: 3 0x000000008000ff10 (0x00e78023) mem 0x0000000080012055 0x00
core   0: 0x000000008000ff14 (0xfc843703) ld      a4, -56(s0)
core   0: 3 0x000000008000ff14 (0xfc843703) x14 0x0000000080012040 mem 0x0000000080031f38
core   0: 0x000000008000ff18 (0xfb843783) ld      a5, -72(s0)
core   0: 3 0x000000008000ff18 (0xfb843783) x15 0x000000000000009c mem 0x0000000080031f28
core   0: 0x000000008000ff1c (0x000097ba) c.add   a5, a4
core   0: 3 0x000000008000ff1c (0x97ba) x15 0x00000000800120dc
core   0: 0x000000008000ff1e (0xfe043703) ld      a4, -32(s0)
core   0: 3 0x000000008000ff1e (0xfe043703) x14 0x0000000080012056 mem 0x0000000080031f50
core   0: 0x000000008000ff22 (0xfcf76de3) bltu    a4, a5, pc - 38
core   0: 3 0x000000008000ff22 (0xfcf76de3)
core   0: 0x000000008000fefc (0xfe043783) ld      a5, -32(s0)
core   0: 3 0x000000008000fefc (0xfe043783) x15 0x0000000080012056 mem 0x0000000080031f50
core   0: 0x000000008000ff00 (0x00178713) addi    a4, a5, 1
core   0: 3 0x000000008000ff00 (0x00178713) x14 0x0000000080012057
core   0: 0x000000008000ff04 (0xfee43023) sd      a4, -32(s0)
core   0: 3 0x000000008000ff04 (0xfee43023) mem 0x0000000080031f50 0x0000000080012057
core   0: 0x000000008000ff08 (0xfc442703) lw      a4, -60(s0)
core   0: 3 0x000000008000ff08 (0xfc442703) x14 0x0000000000000000 mem 0x0000000080031f34
core   0: 0x000000008000ff0c (0x0ff77713) andi    a4, a4, 255
core   0: 3 0x000000008000ff0c (0x0ff77713) x14 0x0000000000000000
core   0: 0x000000008000ff10 (0x00e78023) sb      a4, 0(a5)
core   0: 3 0x000000008000ff10 (0x00e78023) mem 0x0000000080012056 0x00
core   0: 0x000000008000ff14 (0xfc843703) ld      a4, -56(s0)
core   0: 3 0x000000008000ff14 (0xfc843703) x14 0x0000000080012040 mem 0x0000000080031f38
core   0: 0x000000008000ff18 (0xfb843783) ld      a5, -72(s0)
core   0: 3 0x000000008000ff18 (0xfb843783) x15 0x000000000000009c mem 0x0000000080031f28
core   0: 0x000000008000ff1c (0x000097ba) c.add   a5, a4
core   0: 3 0x000000008000ff1c (0x97ba) x15 0x00000000800120dc
core   0: 0x000000008000ff1e (0xfe043703) ld      a4, -32(s0)
core   0: 3 0x000000008000ff1e (0xfe043703) x14 0x0000000080012057 mem 0x0000000080031f50
core   0: 0x000000008000ff22 (0xfcf76de3) bltu    a4, a5, pc - 38
core   0: 3 0x000000008000ff22 (0xfcf76de3)
core   0: 0x000000008000fefc (0xfe043783) ld      a5, -32(s0)
core   0: 3 0x000000008000fefc (0xfe043783) x15 0x0000000080012057 mem 0x0000000080031f50
core   0: 0x000000008000ff00 (0x00178713) addi    a4, a5, 1
core   0: 3 0x000000008000ff00 (0x00178713) x14 0x0000000080012058
core   0: 0x000000008000ff04 (0xfee43023) sd      a4, -32(s0)
core   0: 3 0x000000008000ff04 (0xfee43023) mem 0x0000000080031f50 0x0000000080012058
core   0: 0x000000008000ff08 (0xfc442703) lw      a4, -60(s0)
core   0: 3 0x000000008000ff08 (0xfc442703) x14 0x0000000000000000 mem 0x0000000080031f34
core   0: 0x000000008000ff0c (0x0ff77713) andi    a4, a4, 255
core   0: 3 0x000000008000ff0c (0x0ff77713) x14 0x0000000000000000
core   0: 0x000000008000ff10 (0x00e78023) sb      a4, 0(a5)
core   0: 3 0x000000008000ff10 (0x00e78023) mem 0x0000000080012057 0x00
core   0: 0x000000008000ff14 (0xfc843703) ld      a4, -56(s0)
core   0: 3 0x000000008000ff14 (0xfc843703) x14 0x0000000080012040 mem 0x0000000080031f38
core   0: 0x000000008000ff18 (0xfb843783) ld      a5, -72(s0)
core   0: 3 0x000000008000ff18 (0xfb843783) x15 0x000000000000009c mem 0x0000000080031f28
core   0: 0x000000008000ff1c (0x000097ba) c.add   a5, a4
core   0: 3 0x000000008000ff1c (0x97ba) x15 0x00000000800120dc
core   0: 0x000000008000ff1e (0xfe043703) ld      a4, -32(s0)
core   0: 3 0x000000008000ff1e (0xfe043703) x14 0x0000000080012058 mem 0x0000000080031f50
core   0: 0x000000008000ff22 (0xfcf76de3) bltu    a4, a5, pc - 38
core   0: 3 0x000000008000ff22 (0xfcf76de3)
core   0: 0x000000008000fefc (0xfe043783) ld      a5, -32(s0)
core   0: 3 0x000000008000fefc (0xfe043783) x15 0x0000000080012058 mem 0x0000000080031f50
core   0: 0x000000008000ff00 (0x00178713) addi    a4, a5, 1
core   0: 3 0x000000008000ff00 (0x00178713) x14 0x0000000080012059
core   0: 0x000000008000ff04 (0xfee43023) sd      a4, -32(s0)
core   0: 3 0x000000008000ff04 (0xfee43023) mem 0x0000000080031f50 0x0000000080012059
core   0: 0x000000008000ff08 (0xfc442703) lw      a4, -60(s0)
core   0: 3 0x000000008000ff08 (0xfc442703) x14 0x0000000000000000 mem 0x0000000080031f34
core   0: 0x000000008000ff0c (0x0ff77713) andi    a4, a4, 255
core   0: 3 0x000000008000ff0c (0x0ff77713) x14 0x0000000000000000
core   0: 0x000000008000ff10 (0x00e78023) sb      a4, 0(a5)
core   0: 3 0x000000008000ff10 (0x00e78023) mem 0x0000000080012058 0x00
core   0: 0x000000008000ff14 (0xfc843703) ld      a4, -56(s0)
core   0: 3 0x000000008000ff14 (0xfc843703) x14 0x0000000080012040 mem 0x0000000080031f38
core   0: 0x000000008000ff18 (0xfb843783) ld      a5, -72(s0)
core   0: 3 0x000000008000ff18 (0xfb843783) x15 0x000000000000009c mem 0x0000000080031f28
core   0: 0x000000008000ff1c (0x000097ba) c.add   a5, a4
core   0: 3 0x000000008000ff1c (0x97ba) x15 0x00000000800120dc
core   0: 0x000000008000ff1e (0xfe043703) ld      a4, -32(s0)
core   0: 3 0x000000008000ff1e (0xfe043703) x14 0x0000000080012059 mem 0x0000000080031f50
core   0: 0x000000008000ff22 (0xfcf76de3) bltu    a4, a5, pc - 38
core   0: 3 0x000000008000ff22 (0xfcf76de3)
core   0: 0x000000008000fefc (0xfe043783) ld      a5, -32(s0)
core   0: 3 0x000000008000fefc (0xfe043783) x15 0x0000000080012059 mem 0x0000000080031f50
core   0: 0x000000008000ff00 (0x00178713) addi    a4, a5, 1
core   0: 3 0x000000008000ff00 (0x00178713) x14 0x000000008001205a
core   0: 0x000000008000ff04 (0xfee43023) sd      a4, -32(s0)
core   0: 3 0x000000008000ff04 (0xfee43023) mem 0x0000000080031f50 0x000000008001205a
core   0: 0x000000008000ff08 (0xfc442703) lw      a4, -60(s0)
core   0: 3 0x000000008000ff08 (0xfc442703) x14 0x0000000000000000 mem 0x0000000080031f34
core   0: 0x000000008000ff0c (0x0ff77713) andi    a4, a4, 255
core   0: 3 0x000000008000ff0c (0x0ff77713) x14 0x0000000000000000
core   0: 0x000000008000ff10 (0x00e78023) sb      a4, 0(a5)
core   0: 3 0x000000008000ff10 (0x00e78023) mem 0x0000000080012059 0x00
core   0: 0x000000008000ff14 (0xfc843703) ld      a4, -56(s0)
core   0: 3 0x000000008000ff14 (0xfc843703) x14 0x0000000080012040 mem 0x0000000080031f38
core   0: 0x000000008000ff18 (0xfb843783) ld      a5, -72(s0)
core   0: 3 0x000000008000ff18 (0xfb843783) x15 0x000000000000009c mem 0x0000000080031f28
core   0: 0x000000008000ff1c (0x000097ba) c.add   a5, a4
core   0: 3 0x000000008000ff1c (0x97ba) x15 0x00000000800120dc
core   0: 0x000000008000ff1e (0xfe043703) ld      a4, -32(s0)
core   0: 3 0x000000008000ff1e (0xfe043703) x14 0x000000008001205a mem 0x0000000080031f50
core   0: 0x000000008000ff22 (0xfcf76de3) bltu    a4, a5, pc - 38
core   0: 3 0x000000008000ff22 (0xfcf76de3)
core   0: 0x000000008000fefc (0xfe043783) ld      a5, -32(s0)
core   0: 3 0x000000008000fefc (0xfe043783) x15 0x000000008001205a mem 0x0000000080031f50
core   0: 0x000000008000ff00 (0x00178713) addi    a4, a5, 1
core   0: 3 0x000000008000ff00 (0x00178713) x14 0x000000008001205b
core   0: 0x000000008000ff04 (0xfee43023) sd      a4, -32(s0)
core   0: 3 0x000000008000ff04 (0xfee43023) mem 0x0000000080031f50 0x000000008001205b
core   0: 0x000000008000ff08 (0xfc442703) lw      a4, -60(s0)
core   0: 3 0x000000008000ff08 (0xfc442703) x14 0x0000000000000000 mem 0x0000000080031f34
core   0: 0x000000008000ff0c (0x0ff77713) andi    a4, a4, 255
core   0: 3 0x000000008000ff0c (0x0ff77713) x14 0x0000000000000000
core   0: 0x000000008000ff10 (0x00e78023) sb      a4, 0(a5)
core   0: 3 0x000000008000ff10 (0x00e78023) mem 0x000000008001205a 0x00
core   0: 0x000000008000ff14 (0xfc843703) ld      a4, -56(s0)
core   0: 3 0x000000008000ff14 (0xfc843703) x14 0x0000000080012040 mem 0x0000000080031f38
core   0: 0x000000008000ff18 (0xfb843783) ld      a5, -72(s0)
core   0: 3 0x000000008000ff18 (0xfb843783) x15 0x000000000000009c mem 0x0000000080031f28
core   0: 0x000000008000ff1c (0x000097ba) c.add   a5, a4
core   0: 3 0x000000008000ff1c (0x97ba) x15 0x00000000800120dc
core   0: 0x000000008000ff1e (0xfe043703) ld      a4, -32(s0)
core   0: 3 0x000000008000ff1e (0xfe043703) x14 0x000000008001205b mem 0x0000000080031f50
core   0: 0x000000008000ff22 (0xfcf76de3) bltu    a4, a5, pc - 38
core   0: 3 0x000000008000ff22 (0xfcf76de3)
core   0: 0x000000008000fefc (0xfe043783) ld      a5, -32(s0)
core   0: 3 0x000000008000fefc (0xfe043783) x15 0x000000008001205b mem 0x0000000080031f50
core   0: 0x000000008000ff00 (0x00178713) addi    a4, a5, 1
core   0: 3 0x000000008000ff00 (0x00178713) x14 0x000000008001205c
core   0: 0x000000008000ff04 (0xfee43023) sd      a4, -32(s0)
core   0: 3 0x000000008000ff04 (0xfee43023) mem 0x0000000080031f50 0x000000008001205c
core   0: 0x000000008000ff08 (0xfc442703) lw      a4, -60(s0)
core   0: 3 0x000000008000ff08 (0xfc442703) x14 0x0000000000000000 mem 0x0000000080031f34
core   0: 0x000000008000ff0c (0x0ff77713) andi    a4, a4, 255
core   0: 3 0x000000008000ff0c (0x0ff77713) x14 0x0000000000000000
core   0: 0x000000008000ff10 (0x00e78023) sb      a4, 0(a5)
core   0: 3 0x000000008000ff10 (0x00e78023) mem 0x000000008001205b 0x00
core   0: 0x000000008000ff14 (0xfc843703) ld      a4, -56(s0)
core   0: 3 0x000000008000ff14 (0xfc843703) x14 0x0000000080012040 mem 0x0000000080031f38
core   0: 0x000000008000ff18 (0xfb843783) ld      a5, -72(s0)
core   0: 3 0x000000008000ff18 (0xfb843783) x15 0x000000000000009c mem 0x0000000080031f28
core   0: 0x000000008000ff1c (0x000097ba) c.add   a5, a4
core   0: 3 0x000000008000ff1c (0x97ba) x15 0x00000000800120dc
core   0: 0x000000008000ff1e (0xfe043703) ld      a4, -32(s0)
core   0: 3 0x000000008000ff1e (0xfe043703) x14 0x000000008001205c mem 0x0000000080031f50
core   0: 0x000000008000ff22 (0xfcf76de3) bltu    a4, a5, pc - 38
core   0: 3 0x000000008000ff22 (0xfcf76de3)
core   0: 0x000000008000fefc (0xfe043783) ld      a5, -32(s0)
core   0: 3 0x000000008000fefc (0xfe043783) x15 0x000000008001205c mem 0x0000000080031f50
core   0: 0x000000008000ff00 (0x00178713) addi    a4, a5, 1
core   0: 3 0x000000008000ff00 (0x00178713) x14 0x000000008001205d
core   0: 0x000000008000ff04 (0xfee43023) sd      a4, -32(s0)
core   0: 3 0x000000008000ff04 (0xfee43023) mem 0x0000000080031f50 0x000000008001205d
core   0: 0x000000008000ff08 (0xfc442703) lw      a4, -60(s0)
core   0: 3 0x000000008000ff08 (0xfc442703) x14 0x0000000000000000 mem 0x0000000080031f34
core   0: 0x000000008000ff0c (0x0ff77713) andi    a4, a4, 255
core   0: 3 0x000000008000ff0c (0x0ff77713) x14 0x0000000000000000
core   0: 0x000000008000ff10 (0x00e78023) sb      a4, 0(a5)
core   0: 3 0x000000008000ff10 (0x00e78023) mem 0x000000008001205c 0x00
core   0: 0x000000008000ff14 (0xfc843703) ld      a4, -56(s0)
core   0: 3 0x000000008000ff14 (0xfc843703) x14 0x0000000080012040 mem 0x0000000080031f38
core   0: 0x000000008000ff18 (0xfb843783) ld      a5, -72(s0)
core   0: 3 0x000000008000ff18 (0xfb843783) x15 0x000000000000009c mem 0x0000000080031f28
core   0: 0x000000008000ff1c (0x000097ba) c.add   a5, a4
core   0: 3 0x000000008000ff1c (0x97ba) x15 0x00000000800120dc
core   0: 0x000000008000ff1e (0xfe043703) ld      a4, -32(s0)
core   0: 3 0x000000008000ff1e (0xfe043703) x14 0x000000008001205d mem 0x0000000080031f50
core   0: 0x000000008000ff22 (0xfcf76de3) bltu    a4, a5, pc - 38
core   0: 3 0x000000008000ff22 (0xfcf76de3)
core   0: 0x000000008000fefc (0xfe043783) ld      a5, -32(s0)
core   0: 3 0x000000008000fefc (0xfe043783) x15 0x000000008001205d mem 0x0000000080031f50
core   0: 0x000000008000ff00 (0x00178713) addi    a4, a5, 1
core   0: 3 0x000000008000ff00 (0x00178713) x14 0x000000008001205e
core   0: 0x000000008000ff04 (0xfee43023) sd      a4, -32(s0)
core   0: 3 0x000000008000ff04 (0xfee43023) mem 0x0000000080031f50 0x000000008001205e
core   0: 0x000000008000ff08 (0xfc442703) lw      a4, -60(s0)
core   0: 3 0x000000008000ff08 (0xfc442703) x14 0x0000000000000000 mem 0x0000000080031f34
core   0: 0x000000008000ff0c (0x0ff77713) andi    a4, a4, 255
core   0: 3 0x000000008000ff0c (0x0ff77713) x14 0x0000000000000000
core   0: 0x000000008000ff10 (0x00e78023) sb      a4, 0(a5)
core   0: 3 0x000000008000ff10 (0x00e78023) mem 0x000000008001205d 0x00
core   0: 0x000000008000ff14 (0xfc843703) ld      a4, -56(s0)
core   0: 3 0x000000008000ff14 (0xfc843703) x14 0x0000000080012040 mem 0x0000000080031f38
core   0: 0x000000008000ff18 (0xfb843783) ld      a5, -72(s0)
core   0: 3 0x000000008000ff18 (0xfb843783) x15 0x000000000000009c mem 0x0000000080031f28
core   0: 0x000000008000ff1c (0x000097ba) c.add   a5, a4
core   0: 3 0x000000008000ff1c (0x97ba) x15 0x00000000800120dc
core   0: 0x000000008000ff1e (0xfe043703) ld      a4, -32(s0)
core   0: 3 0x000000008000ff1e (0xfe043703) x14 0x000000008001205e mem 0x0000000080031f50
core   0: 0x000000008000ff22 (0xfcf76de3) bltu    a4, a5, pc - 38
core   0: 3 0x000000008000ff22 (0xfcf76de3)
core   0: 0x000000008000fefc (0xfe043783) ld      a5, -32(s0)
core   0: 3 0x000000008000fefc (0xfe043783) x15 0x000000008001205e mem 0x0000000080031f50
core   0: 0x000000008000ff00 (0x00178713) addi    a4, a5, 1
core   0: 3 0x000000008000ff00 (0x00178713) x14 0x000000008001205f
core   0: 0x000000008000ff04 (0xfee43023) sd      a4, -32(s0)
core   0: 3 0x000000008000ff04 (0xfee43023) mem 0x0000000080031f50 0x000000008001205f
core   0: 0x000000008000ff08 (0xfc442703) lw      a4, -60(s0)
core   0: 3 0x000000008000ff08 (0xfc442703) x14 0x0000000000000000 mem 0x0000000080031f34
core   0: 0x000000008000ff0c (0x0ff77713) andi    a4, a4, 255
core   0: 3 0x000000008000ff0c (0x0ff77713) x14 0x0000000000000000
core   0: 0x000000008000ff10 (0x00e78023) sb      a4, 0(a5)
core   0: 3 0x000000008000ff10 (0x00e78023) mem 0x000000008001205e 0x00
core   0: 0x000000008000ff14 (0xfc843703) ld      a4, -56(s0)
core   0: 3 0x000000008000ff14 (0xfc843703) x14 0x0000000080012040 mem 0x0000000080031f38
core   0: 0x000000008000ff18 (0xfb843783) ld      a5, -72(s0)
core   0: 3 0x000000008000ff18 (0xfb843783) x15 0x000000000000009c mem 0x0000000080031f28
core   0: 0x000000008000ff1c (0x000097ba) c.add   a5, a4
core   0: 3 0x000000008000ff1c (0x97ba) x15 0x00000000800120dc
core   0: 0x000000008000ff1e (0xfe043703) ld      a4, -32(s0)
core   0: 3 0x000000008000ff1e (0xfe043703) x14 0x000000008001205f mem 0x0000000080031f50
core   0: 0x000000008000ff22 (0xfcf76de3) bltu    a4, a5, pc - 38
core   0: 3 0x000000008000ff22 (0xfcf76de3)
core   0: 0x000000008000fefc (0xfe043783) ld      a5, -32(s0)
core   0: 3 0x000000008000fefc (0xfe043783) x15 0x000000008001205f mem 0x0000000080031f50
core   0: 0x000000008000ff00 (0x00178713) addi    a4, a5, 1
core   0: 3 0x000000008000ff00 (0x00178713) x14 0x0000000080012060
core   0: 0x000000008000ff04 (0xfee43023) sd      a4, -32(s0)
core   0: 3 0x000000008000ff04 (0xfee43023) mem 0x0000000080031f50 0x0000000080012060
core   0: 0x000000008000ff08 (0xfc442703) lw      a4, -60(s0)
core   0: 3 0x000000008000ff08 (0xfc442703) x14 0x0000000000000000 mem 0x0000000080031f34
core   0: 0x000000008000ff0c (0x0ff77713) andi    a4, a4, 255
core   0: 3 0x000000008000ff0c (0x0ff77713) x14 0x0000000000000000
core   0: 0x000000008000ff10 (0x00e78023) sb      a4, 0(a5)
core   0: 3 0x000000008000ff10 (0x00e78023) mem 0x000000008001205f 0x00
core   0: 0x000000008000ff14 (0xfc843703) ld      a4, -56(s0)
core   0: 3 0x000000008000ff14 (0xfc843703) x14 0x0000000080012040 mem 0x0000000080031f38
core   0: 0x000000008000ff18 (0xfb843783) ld      a5, -72(s0)
core   0: 3 0x000000008000ff18 (0xfb843783) x15 0x000000000000009c mem 0x0000000080031f28
core   0: 0x000000008000ff1c (0x000097ba) c.add   a5, a4
core   0: 3 0x000000008000ff1c (0x97ba) x15 0x00000000800120dc
core   0: 0x000000008000ff1e (0xfe043703) ld      a4, -32(s0)
core   0: 3 0x000000008000ff1e (0xfe043703) x14 0x0000000080012060 mem 0x0000000080031f50
core   0: 0x000000008000ff22 (0xfcf76de3) bltu    a4, a5, pc - 38
core   0: 3 0x000000008000ff22 (0xfcf76de3)
core   0: 0x000000008000fefc (0xfe043783) ld      a5, -32(s0)
core   0: 3 0x000000008000fefc (0xfe043783) x15 0x0000000080012060 mem 0x0000000080031f50
core   0: 0x000000008000ff00 (0x00178713) addi    a4, a5, 1
core   0: 3 0x000000008000ff00 (0x00178713) x14 0x0000000080012061
core   0: 0x000000008000ff04 (0xfee43023) sd      a4, -32(s0)
core   0: 3 0x000000008000ff04 (0xfee43023) mem 0x0000000080031f50 0x0000000080012061
core   0: 0x000000008000ff08 (0xfc442703) lw      a4, -60(s0)
core   0: 3 0x000000008000ff08 (0xfc442703) x14 0x0000000000000000 mem 0x0000000080031f34
core   0: 0x000000008000ff0c (0x0ff77713) andi    a4, a4, 255
core   0: 3 0x000000008000ff0c (0x0ff77713) x14 0x0000000000000000
core   0: 0x000000008000ff10 (0x00e78023) sb      a4, 0(a5)
core   0: 3 0x000000008000ff10 (0x00e78023) mem 0x0000000080012060 0x00
core   0: 0x000000008000ff14 (0xfc843703) ld      a4, -56(s0)
core   0: 3 0x000000008000ff14 (0xfc843703) x14 0x0000000080012040 mem 0x0000000080031f38
core   0: 0x000000008000ff18 (0xfb843783) ld      a5, -72(s0)
core   0: 3 0x000000008000ff18 (0xfb843783) x15 0x000000000000009c mem 0x0000000080031f28
core   0: 0x000000008000ff1c (0x000097ba) c.add   a5, a4
core   0: 3 0x000000008000ff1c (0x97ba) x15 0x00000000800120dc
core   0: 0x000000008000ff1e (0xfe043703) ld      a4, -32(s0)
core   0: 3 0x000000008000ff1e (0xfe043703) x14 0x0000000080012061 mem 0x0000000080031f50
core   0: 0x000000008000ff22 (0xfcf76de3) bltu    a4, a5, pc - 38
core   0: 3 0x000000008000ff22 (0xfcf76de3)
core   0: 0x000000008000fefc (0xfe043783) ld      a5, -32(s0)
core   0: 3 0x000000008000fefc (0xfe043783) x15 0x0000000080012061 mem 0x0000000080031f50
core   0: 0x000000008000ff00 (0x00178713) addi    a4, a5, 1
core   0: 3 0x000000008000ff00 (0x00178713) x14 0x0000000080012062
core   0: 0x000000008000ff04 (0xfee43023) sd      a4, -32(s0)
core   0: 3 0x000000008000ff04 (0xfee43023) mem 0x0000000080031f50 0x0000000080012062
core   0: 0x000000008000ff08 (0xfc442703) lw      a4, -60(s0)
core   0: 3 0x000000008000ff08 (0xfc442703) x14 0x0000000000000000 mem 0x0000000080031f34
core   0: 0x000000008000ff0c (0x0ff77713) andi    a4, a4, 255
core   0: 3 0x000000008000ff0c (0x0ff77713) x14 0x0000000000000000
core   0: 0x000000008000ff10 (0x00e78023) sb      a4, 0(a5)
core   0: 3 0x000000008000ff10 (0x00e78023) mem 0x0000000080012061 0x00
core   0: 0x000000008000ff14 (0xfc843703) ld      a4, -56(s0)
core   0: 3 0x000000008000ff14 (0xfc843703) x14 0x0000000080012040 mem 0x0000000080031f38
core   0: 0x000000008000ff18 (0xfb843783) ld      a5, -72(s0)
core   0: 3 0x000000008000ff18 (0xfb843783) x15 0x000000000000009c mem 0x0000000080031f28
core   0: 0x000000008000ff1c (0x000097ba) c.add   a5, a4
core   0: 3 0x000000008000ff1c (0x97ba) x15 0x00000000800120dc
core   0: 0x000000008000ff1e (0xfe043703) ld      a4, -32(s0)
core   0: 3 0x000000008000ff1e (0xfe043703) x14 0x0000000080012062 mem 0x0000000080031f50
core   0: 0x000000008000ff22 (0xfcf76de3) bltu    a4, a5, pc - 38
core   0: 3 0x000000008000ff22 (0xfcf76de3)
core   0: 0x000000008000fefc (0xfe043783) ld      a5, -32(s0)
core   0: 3 0x000000008000fefc (0xfe043783) x15 0x0000000080012062 mem 0x0000000080031f50
core   0: 0x000000008000ff00 (0x00178713) addi    a4, a5, 1
core   0: 3 0x000000008000ff00 (0x00178713) x14 0x0000000080012063
core   0: 0x000000008000ff04 (0xfee43023) sd      a4, -32(s0)
core   0: 3 0x000000008000ff04 (0xfee43023) mem 0x0000000080031f50 0x0000000080012063
core   0: 0x000000008000ff08 (0xfc442703) lw      a4, -60(s0)
core   0: 3 0x000000008000ff08 (0xfc442703) x14 0x0000000000000000 mem 0x0000000080031f34
core   0: 0x000000008000ff0c (0x0ff77713) andi    a4, a4, 255
core   0: 3 0x000000008000ff0c (0x0ff77713) x14 0x0000000000000000
core   0: 0x000000008000ff10 (0x00e78023) sb      a4, 0(a5)
core   0: 3 0x000000008000ff10 (0x00e78023) mem 0x0000000080012062 0x00
core   0: 0x000000008000ff14 (0xfc843703) ld      a4, -56(s0)
core   0: 3 0x000000008000ff14 (0xfc843703) x14 0x0000000080012040 mem 0x0000000080031f38
core   0: 0x000000008000ff18 (0xfb843783) ld      a5, -72(s0)
core   0: 3 0x000000008000ff18 (0xfb843783) x15 0x000000000000009c mem 0x0000000080031f28
core   0: 0x000000008000ff1c (0x000097ba) c.add   a5, a4
core   0: 3 0x000000008000ff1c (0x97ba) x15 0x00000000800120dc
core   0: 0x000000008000ff1e (0xfe043703) ld      a4, -32(s0)
core   0: 3 0x000000008000ff1e (0xfe043703) x14 0x0000000080012063 mem 0x0000000080031f50
core   0: 0x000000008000ff22 (0xfcf76de3) bltu    a4, a5, pc - 38
core   0: 3 0x000000008000ff22 (0xfcf76de3)
core   0: 0x000000008000fefc (0xfe043783) ld      a5, -32(s0)
core   0: 3 0x000000008000fefc (0xfe043783) x15 0x0000000080012063 mem 0x0000000080031f50
core   0: 0x000000008000ff00 (0x00178713) addi    a4, a5, 1
core   0: 3 0x000000008000ff00 (0x00178713) x14 0x0000000080012064
core   0: 0x000000008000ff04 (0xfee43023) sd      a4, -32(s0)
core   0: 3 0x000000008000ff04 (0xfee43023) mem 0x0000000080031f50 0x0000000080012064
core   0: 0x000000008000ff08 (0xfc442703) lw      a4, -60(s0)
core   0: 3 0x000000008000ff08 (0xfc442703) x14 0x0000000000000000 mem 0x0000000080031f34
core   0: 0x000000008000ff0c (0x0ff77713) andi    a4, a4, 255
core   0: 3 0x000000008000ff0c (0x0ff77713) x14 0x0000000000000000
core   0: 0x000000008000ff10 (0x00e78023) sb      a4, 0(a5)
core   0: 3 0x000000008000ff10 (0x00e78023) mem 0x0000000080012063 0x00
core   0: 0x000000008000ff14 (0xfc843703) ld      a4, -56(s0)
core   0: 3 0x000000008000ff14 (0xfc843703) x14 0x0000000080012040 mem 0x0000000080031f38
core   0: 0x000000008000ff18 (0xfb843783) ld      a5, -72(s0)
core   0: 3 0x000000008000ff18 (0xfb843783) x15 0x000000000000009c mem 0x0000000080031f28
core   0: 0x000000008000ff1c (0x000097ba) c.add   a5, a4
core   0: 3 0x000000008000ff1c (0x97ba) x15 0x00000000800120dc
core   0: 0x000000008000ff1e (0xfe043703) ld      a4, -32(s0)
core   0: 3 0x000000008000ff1e (0xfe043703) x14 0x0000000080012064 mem 0x0000000080031f50
core   0: 0x000000008000ff22 (0xfcf76de3) bltu    a4, a5, pc - 38
core   0: 3 0x000000008000ff22 (0xfcf76de3)
core   0: 0x000000008000fefc (0xfe043783) ld      a5, -32(s0)
core   0: 3 0x000000008000fefc (0xfe043783) x15 0x0000000080012064 mem 0x0000000080031f50
core   0: 0x000000008000ff00 (0x00178713) addi    a4, a5, 1
core   0: 3 0x000000008000ff00 (0x00178713) x14 0x0000000080012065
core   0: 0x000000008000ff04 (0xfee43023) sd      a4, -32(s0)
core   0: 3 0x000000008000ff04 (0xfee43023) mem 0x0000000080031f50 0x0000000080012065
core   0: 0x000000008000ff08 (0xfc442703) lw      a4, -60(s0)
core   0: 3 0x000000008000ff08 (0xfc442703) x14 0x0000000000000000 mem 0x0000000080031f34
core   0: 0x000000008000ff0c (0x0ff77713) andi    a4, a4, 255
core   0: 3 0x000000008000ff0c (0x0ff77713) x14 0x0000000000000000
core   0: 0x000000008000ff10 (0x00e78023) sb      a4, 0(a5)
core   0: 3 0x000000008000ff10 (0x00e78023) mem 0x0000000080012064 0x00
core   0: 0x000000008000ff14 (0xfc843703) ld      a4, -56(s0)
core   0: 3 0x000000008000ff14 (0xfc843703) x14 0x0000000080012040 mem 0x0000000080031f38
core   0: 0x000000008000ff18 (0xfb843783) ld      a5, -72(s0)
core   0: 3 0x000000008000ff18 (0xfb843783) x15 0x000000000000009c mem 0x0000000080031f28
core   0: 0x000000008000ff1c (0x000097ba) c.add   a5, a4
core   0: 3 0x000000008000ff1c (0x97ba) x15 0x00000000800120dc
core   0: 0x000000008000ff1e (0xfe043703) ld      a4, -32(s0)
core   0: 3 0x000000008000ff1e (0xfe043703) x14 0x0000000080012065 mem 0x0000000080031f50
core   0: 0x000000008000ff22 (0xfcf76de3) bltu    a4, a5, pc - 38
core   0: 3 0x000000008000ff22 (0xfcf76de3)
core   0: 0x000000008000fefc (0xfe043783) ld      a5, -32(s0)
core   0: 3 0x000000008000fefc (0xfe043783) x15 0x0000000080012065 mem 0x0000000080031f50
core   0: 0x000000008000ff00 (0x00178713) addi    a4, a5, 1
core   0: 3 0x000000008000ff00 (0x00178713) x14 0x0000000080012066
core   0: 0x000000008000ff04 (0xfee43023) sd      a4, -32(s0)
core   0: 3 0x000000008000ff04 (0xfee43023) mem 0x0000000080031f50 0x0000000080012066
core   0: 0x000000008000ff08 (0xfc442703) lw      a4, -60(s0)
core   0: 3 0x000000008000ff08 (0xfc442703) x14 0x0000000000000000 mem 0x0000000080031f34
core   0: 0x000000008000ff0c (0x0ff77713) andi    a4, a4, 255
core   0: 3 0x000000008000ff0c (0x0ff77713) x14 0x0000000000000000
core   0: 0x000000008000ff10 (0x00e78023) sb      a4, 0(a5)
core   0: 3 0x000000008000ff10 (0x00e78023) mem 0x0000000080012065 0x00
core   0: 0x000000008000ff14 (0xfc843703) ld      a4, -56(s0)
core   0: 3 0x000000008000ff14 (0xfc843703) x14 0x0000000080012040 mem 0x0000000080031f38
core   0: 0x000000008000ff18 (0xfb843783) ld      a5, -72(s0)
core   0: 3 0x000000008000ff18 (0xfb843783) x15 0x000000000000009c mem 0x0000000080031f28
core   0: 0x000000008000ff1c (0x000097ba) c.add   a5, a4
core   0: 3 0x000000008000ff1c (0x97ba) x15 0x00000000800120dc
core   0: 0x000000008000ff1e (0xfe043703) ld      a4, -32(s0)
core   0: 3 0x000000008000ff1e (0xfe043703) x14 0x0000000080012066 mem 0x0000000080031f50
core   0: 0x000000008000ff22 (0xfcf76de3) bltu    a4, a5, pc - 38
core   0: 3 0x000000008000ff22 (0xfcf76de3)
core   0: 0x000000008000fefc (0xfe043783) ld      a5, -32(s0)
core   0: 3 0x000000008000fefc (0xfe043783) x15 0x0000000080012066 mem 0x0000000080031f50
core   0: 0x000000008000ff00 (0x00178713) addi    a4, a5, 1
core   0: 3 0x000000008000ff00 (0x00178713) x14 0x0000000080012067
core   0: 0x000000008000ff04 (0xfee43023) sd      a4, -32(s0)
core   0: 3 0x000000008000ff04 (0xfee43023) mem 0x0000000080031f50 0x0000000080012067
core   0: 0x000000008000ff08 (0xfc442703) lw      a4, -60(s0)
core   0: 3 0x000000008000ff08 (0xfc442703) x14 0x0000000000000000 mem 0x0000000080031f34
core   0: 0x000000008000ff0c (0x0ff77713) andi    a4, a4, 255
core   0: 3 0x000000008000ff0c (0x0ff77713) x14 0x0000000000000000
core   0: 0x000000008000ff10 (0x00e78023) sb      a4, 0(a5)
core   0: 3 0x000000008000ff10 (0x00e78023) mem 0x0000000080012066 0x00
core   0: 0x000000008000ff14 (0xfc843703) ld      a4, -56(s0)
core   0: 3 0x000000008000ff14 (0xfc843703) x14 0x0000000080012040 mem 0x0000000080031f38
core   0: 0x000000008000ff18 (0xfb843783) ld      a5, -72(s0)
core   0: 3 0x000000008000ff18 (0xfb843783) x15 0x000000000000009c mem 0x0000000080031f28
core   0: 0x000000008000ff1c (0x000097ba) c.add   a5, a4
core   0: 3 0x000000008000ff1c (0x97ba) x15 0x00000000800120dc
core   0: 0x000000008000ff1e (0xfe043703) ld      a4, -32(s0)
core   0: 3 0x000000008000ff1e (0xfe043703) x14 0x0000000080012067 mem 0x0000000080031f50
core   0: 0x000000008000ff22 (0xfcf76de3) bltu    a4, a5, pc - 38
core   0: 3 0x000000008000ff22 (0xfcf76de3)
core   0: 0x000000008000fefc (0xfe043783) ld      a5, -32(s0)
core   0: 3 0x000000008000fefc (0xfe043783) x15 0x0000000080012067 mem 0x0000000080031f50
core   0: 0x000000008000ff00 (0x00178713) addi    a4, a5, 1
core   0: 3 0x000000008000ff00 (0x00178713) x14 0x0000000080012068
core   0: 0x000000008000ff04 (0xfee43023) sd      a4, -32(s0)
core   0: 3 0x000000008000ff04 (0xfee43023) mem 0x0000000080031f50 0x0000000080012068
core   0: 0x000000008000ff08 (0xfc442703) lw      a4, -60(s0)
core   0: 3 0x000000008000ff08 (0xfc442703) x14 0x0000000000000000 mem 0x0000000080031f34
core   0: 0x000000008000ff0c (0x0ff77713) andi    a4, a4, 255
core   0: 3 0x000000008000ff0c (0x0ff77713) x14 0x0000000000000000
core   0: 0x000000008000ff10 (0x00e78023) sb      a4, 0(a5)
core   0: 3 0x000000008000ff10 (0x00e78023) mem 0x0000000080012067 0x00
core   0: 0x000000008000ff14 (0xfc843703) ld      a4, -56(s0)
core   0: 3 0x000000008000ff14 (0xfc843703) x14 0x0000000080012040 mem 0x0000000080031f38
core   0: 0x000000008000ff18 (0xfb843783) ld      a5, -72(s0)
core   0: 3 0x000000008000ff18 (0xfb843783) x15 0x000000000000009c mem 0x0000000080031f28
core   0: 0x000000008000ff1c (0x000097ba) c.add   a5, a4
core   0: 3 0x000000008000ff1c (0x97ba) x15 0x00000000800120dc
core   0: 0x000000008000ff1e (0xfe043703) ld      a4, -32(s0)
core   0: 3 0x000000008000ff1e (0xfe043703) x14 0x0000000080012068 mem 0x0000000080031f50
core   0: 0x000000008000ff22 (0xfcf76de3) bltu    a4, a5, pc - 38
core   0: 3 0x000000008000ff22 (0xfcf76de3)
core   0: 0x000000008000fefc (0xfe043783) ld      a5, -32(s0)
core   0: 3 0x000000008000fefc (0xfe043783) x15 0x0000000080012068 mem 0x0000000080031f50
core   0: 0x000000008000ff00 (0x00178713) addi    a4, a5, 1
core   0: 3 0x000000008000ff00 (0x00178713) x14 0x0000000080012069
core   0: 0x000000008000ff04 (0xfee43023) sd      a4, -32(s0)
core   0: 3 0x000000008000ff04 (0xfee43023) mem 0x0000000080031f50 0x0000000080012069
core   0: 0x000000008000ff08 (0xfc442703) lw      a4, -60(s0)
core   0: 3 0x000000008000ff08 (0xfc442703) x14 0x0000000000000000 mem 0x0000000080031f34
core   0: 0x000000008000ff0c (0x0ff77713) andi    a4, a4, 255
core   0: 3 0x000000008000ff0c (0x0ff77713) x14 0x0000000000000000
core   0: 0x000000008000ff10 (0x00e78023) sb      a4, 0(a5)
core   0: 3 0x000000008000ff10 (0x00e78023) mem 0x0000000080012068 0x00
core   0: 0x000000008000ff14 (0xfc843703) ld      a4, -56(s0)
core   0: 3 0x000000008000ff14 (0xfc843703) x14 0x0000000080012040 mem 0x0000000080031f38
core   0: 0x000000008000ff18 (0xfb843783) ld      a5, -72(s0)
core   0: 3 0x000000008000ff18 (0xfb843783) x15 0x000000000000009c mem 0x0000000080031f28
core   0: 0x000000008000ff1c (0x000097ba) c.add   a5, a4
core   0: 3 0x000000008000ff1c (0x97ba) x15 0x00000000800120dc
core   0: 0x000000008000ff1e (0xfe043703) ld      a4, -32(s0)
core   0: 3 0x000000008000ff1e (0xfe043703) x14 0x0000000080012069 mem 0x0000000080031f50
core   0: 0x000000008000ff22 (0xfcf76de3) bltu    a4, a5, pc - 38
core   0: 3 0x000000008000ff22 (0xfcf76de3)
core   0: 0x000000008000fefc (0xfe043783) ld      a5, -32(s0)
core   0: 3 0x000000008000fefc (0xfe043783) x15 0x0000000080012069 mem 0x0000000080031f50
core   0: 0x000000008000ff00 (0x00178713) addi    a4, a5, 1
core   0: 3 0x000000008000ff00 (0x00178713) x14 0x000000008001206a
core   0: 0x000000008000ff04 (0xfee43023) sd      a4, -32(s0)
core   0: 3 0x000000008000ff04 (0xfee43023) mem 0x0000000080031f50 0x000000008001206a
core   0: 0x000000008000ff08 (0xfc442703) lw      a4, -60(s0)
core   0: 3 0x000000008000ff08 (0xfc442703) x14 0x0000000000000000 mem 0x0000000080031f34
core   0: 0x000000008000ff0c (0x0ff77713) andi    a4, a4, 255
core   0: 3 0x000000008000ff0c (0x0ff77713) x14 0x0000000000000000
core   0: 0x000000008000ff10 (0x00e78023) sb      a4, 0(a5)
core   0: 3 0x000000008000ff10 (0x00e78023) mem 0x0000000080012069 0x00
core   0: 0x000000008000ff14 (0xfc843703) ld      a4, -56(s0)
core   0: 3 0x000000008000ff14 (0xfc843703) x14 0x0000000080012040 mem 0x0000000080031f38
core   0: 0x000000008000ff18 (0xfb843783) ld      a5, -72(s0)
core   0: 3 0x000000008000ff18 (0xfb843783) x15 0x000000000000009c mem 0x0000000080031f28
core   0: 0x000000008000ff1c (0x000097ba) c.add   a5, a4
core   0: 3 0x000000008000ff1c (0x97ba) x15 0x00000000800120dc
core   0: 0x000000008000ff1e (0xfe043703) ld      a4, -32(s0)
core   0: 3 0x000000008000ff1e (0xfe043703) x14 0x000000008001206a mem 0x0000000080031f50
core   0: 0x000000008000ff22 (0xfcf76de3) bltu    a4, a5, pc - 38
core   0: 3 0x000000008000ff22 (0xfcf76de3)
core   0: 0x000000008000fefc (0xfe043783) ld      a5, -32(s0)
core   0: 3 0x000000008000fefc (0xfe043783) x15 0x000000008001206a mem 0x0000000080031f50
core   0: 0x000000008000ff00 (0x00178713) addi    a4, a5, 1
core   0: 3 0x000000008000ff00 (0x00178713) x14 0x000000008001206b
core   0: 0x000000008000ff04 (0xfee43023) sd      a4, -32(s0)
core   0: 3 0x000000008000ff04 (0xfee43023) mem 0x0000000080031f50 0x000000008001206b
core   0: 0x000000008000ff08 (0xfc442703) lw      a4, -60(s0)
core   0: 3 0x000000008000ff08 (0xfc442703) x14 0x0000000000000000 mem 0x0000000080031f34
core   0: 0x000000008000ff0c (0x0ff77713) andi    a4, a4, 255
core   0: 3 0x000000008000ff0c (0x0ff77713) x14 0x0000000000000000
core   0: 0x000000008000ff10 (0x00e78023) sb      a4, 0(a5)
core   0: 3 0x000000008000ff10 (0x00e78023) mem 0x000000008001206a 0x00
core   0: 0x000000008000ff14 (0xfc843703) ld      a4, -56(s0)
core   0: 3 0x000000008000ff14 (0xfc843703) x14 0x0000000080012040 mem 0x0000000080031f38
core   0: 0x000000008000ff18 (0xfb843783) ld      a5, -72(s0)
core   0: 3 0x000000008000ff18 (0xfb843783) x15 0x000000000000009c mem 0x0000000080031f28
core   0: 0x000000008000ff1c (0x000097ba) c.add   a5, a4
core   0: 3 0x000000008000ff1c (0x97ba) x15 0x00000000800120dc
core   0: 0x000000008000ff1e (0xfe043703) ld      a4, -32(s0)
core   0: 3 0x000000008000ff1e (0xfe043703) x14 0x000000008001206b mem 0x0000000080031f50
core   0: 0x000000008000ff22 (0xfcf76de3) bltu    a4, a5, pc - 38
core   0: 3 0x000000008000ff22 (0xfcf76de3)
core   0: 0x000000008000fefc (0xfe043783) ld      a5, -32(s0)
core   0: 3 0x000000008000fefc (0xfe043783) x15 0x000000008001206b mem 0x0000000080031f50
core   0: 0x000000008000ff00 (0x00178713) addi    a4, a5, 1
core   0: 3 0x000000008000ff00 (0x00178713) x14 0x000000008001206c
core   0: 0x000000008000ff04 (0xfee43023) sd      a4, -32(s0)
core   0: 3 0x000000008000ff04 (0xfee43023) mem 0x0000000080031f50 0x000000008001206c
core   0: 0x000000008000ff08 (0xfc442703) lw      a4, -60(s0)
core   0: 3 0x000000008000ff08 (0xfc442703) x14 0x0000000000000000 mem 0x0000000080031f34
core   0: 0x000000008000ff0c (0x0ff77713) andi    a4, a4, 255
core   0: 3 0x000000008000ff0c (0x0ff77713) x14 0x0000000000000000
core   0: 0x000000008000ff10 (0x00e78023) sb      a4, 0(a5)
core   0: 3 0x000000008000ff10 (0x00e78023) mem 0x000000008001206b 0x00
core   0: 0x000000008000ff14 (0xfc843703) ld      a4, -56(s0)
core   0: 3 0x000000008000ff14 (0xfc843703) x14 0x0000000080012040 mem 0x0000000080031f38
core   0: 0x000000008000ff18 (0xfb843783) ld      a5, -72(s0)
core   0: 3 0x000000008000ff18 (0xfb843783) x15 0x000000000000009c mem 0x0000000080031f28
core   0: 0x000000008000ff1c (0x000097ba) c.add   a5, a4
core   0: 3 0x000000008000ff1c (0x97ba) x15 0x00000000800120dc
core   0: 0x000000008000ff1e (0xfe043703) ld      a4, -32(s0)
core   0: 3 0x000000008000ff1e (0xfe043703) x14 0x000000008001206c mem 0x0000000080031f50
core   0: 0x000000008000ff22 (0xfcf76de3) bltu    a4, a5, pc - 38
core   0: 3 0x000000008000ff22 (0xfcf76de3)
core   0: 0x000000008000fefc (0xfe043783) ld      a5, -32(s0)
core   0: 3 0x000000008000fefc (0xfe043783) x15 0x000000008001206c mem 0x0000000080031f50
core   0: 0x000000008000ff00 (0x00178713) addi    a4, a5, 1
core   0: 3 0x000000008000ff00 (0x00178713) x14 0x000000008001206d
core   0: 0x000000008000ff04 (0xfee43023) sd      a4, -32(s0)
core   0: 3 0x000000008000ff04 (0xfee43023) mem 0x0000000080031f50 0x000000008001206d
core   0: 0x000000008000ff08 (0xfc442703) lw      a4, -60(s0)
core   0: 3 0x000000008000ff08 (0xfc442703) x14 0x0000000000000000 mem 0x0000000080031f34
core   0: 0x000000008000ff0c (0x0ff77713) andi    a4, a4, 255
core   0: 3 0x000000008000ff0c (0x0ff77713) x14 0x0000000000000000
core   0: 0x000000008000ff10 (0x00e78023) sb      a4, 0(a5)
core   0: 3 0x000000008000ff10 (0x00e78023) mem 0x000000008001206c 0x00
core   0: 0x000000008000ff14 (0xfc843703) ld      a4, -56(s0)
core   0: 3 0x000000008000ff14 (0xfc843703) x14 0x0000000080012040 mem 0x0000000080031f38
core   0: 0x000000008000ff18 (0xfb843783) ld      a5, -72(s0)
core   0: 3 0x000000008000ff18 (0xfb843783) x15 0x000000000000009c mem 0x0000000080031f28
core   0: 0x000000008000ff1c (0x000097ba) c.add   a5, a4
core   0: 3 0x000000008000ff1c (0x97ba) x15 0x00000000800120dc
core   0: 0x000000008000ff1e (0xfe043703) ld      a4, -32(s0)
core   0: 3 0x000000008000ff1e (0xfe043703) x14 0x000000008001206d mem 0x0000000080031f50
core   0: 0x000000008000ff22 (0xfcf76de3) bltu    a4, a5, pc - 38
core   0: 3 0x000000008000ff22 (0xfcf76de3)
core   0: 0x000000008000fefc (0xfe043783) ld      a5, -32(s0)
core   0: 3 0x000000008000fefc (0xfe043783) x15 0x000000008001206d mem 0x0000000080031f50
core   0: 0x000000008000ff00 (0x00178713) addi    a4, a5, 1
core   0: 3 0x000000008000ff00 (0x00178713) x14 0x000000008001206e
core   0: 0x000000008000ff04 (0xfee43023) sd      a4, -32(s0)
core   0: 3 0x000000008000ff04 (0xfee43023) mem 0x0000000080031f50 0x000000008001206e
core   0: 0x000000008000ff08 (0xfc442703) lw      a4, -60(s0)
core   0: 3 0x000000008000ff08 (0xfc442703) x14 0x0000000000000000 mem 0x0000000080031f34
core   0: 0x000000008000ff0c (0x0ff77713) andi    a4, a4, 255
core   0: 3 0x000000008000ff0c (0x0ff77713) x14 0x0000000000000000
core   0: 0x000000008000ff10 (0x00e78023) sb      a4, 0(a5)
core   0: 3 0x000000008000ff10 (0x00e78023) mem 0x000000008001206d 0x00
core   0: 0x000000008000ff14 (0xfc843703) ld      a4, -56(s0)
core   0: 3 0x000000008000ff14 (0xfc843703) x14 0x0000000080012040 mem 0x0000000080031f38
core   0: 0x000000008000ff18 (0xfb843783) ld      a5, -72(s0)
core   0: 3 0x000000008000ff18 (0xfb843783) x15 0x000000000000009c mem 0x0000000080031f28
core   0: 0x000000008000ff1c (0x000097ba) c.add   a5, a4
core   0: 3 0x000000008000ff1c (0x97ba) x15 0x00000000800120dc
core   0: 0x000000008000ff1e (0xfe043703) ld      a4, -32(s0)
core   0: 3 0x000000008000ff1e (0xfe043703) x14 0x000000008001206e mem 0x0000000080031f50
core   0: 0x000000008000ff22 (0xfcf76de3) bltu    a4, a5, pc - 38
core   0: 3 0x000000008000ff22 (0xfcf76de3)
core   0: 0x000000008000fefc (0xfe043783) ld      a5, -32(s0)
core   0: 3 0x000000008000fefc (0xfe043783) x15 0x000000008001206e mem 0x0000000080031f50
core   0: 0x000000008000ff00 (0x00178713) addi    a4, a5, 1
core   0: 3 0x000000008000ff00 (0x00178713) x14 0x000000008001206f
core   0: 0x000000008000ff04 (0xfee43023) sd      a4, -32(s0)
core   0: 3 0x000000008000ff04 (0xfee43023) mem 0x0000000080031f50 0x000000008001206f
core   0: 0x000000008000ff08 (0xfc442703) lw      a4, -60(s0)
core   0: 3 0x000000008000ff08 (0xfc442703) x14 0x0000000000000000 mem 0x0000000080031f34
core   0: 0x000000008000ff0c (0x0ff77713) andi    a4, a4, 255
core   0: 3 0x000000008000ff0c (0x0ff77713) x14 0x0000000000000000
core   0: 0x000000008000ff10 (0x00e78023) sb      a4, 0(a5)
core   0: 3 0x000000008000ff10 (0x00e78023) mem 0x000000008001206e 0x00
core   0: 0x000000008000ff14 (0xfc843703) ld      a4, -56(s0)
core   0: 3 0x000000008000ff14 (0xfc843703) x14 0x0000000080012040 mem 0x0000000080031f38
core   0: 0x000000008000ff18 (0xfb843783) ld      a5, -72(s0)
core   0: 3 0x000000008000ff18 (0xfb843783) x15 0x000000000000009c mem 0x0000000080031f28
core   0: 0x000000008000ff1c (0x000097ba) c.add   a5, a4
core   0: 3 0x000000008000ff1c (0x97ba) x15 0x00000000800120dc
core   0: 0x000000008000ff1e (0xfe043703) ld      a4, -32(s0)
core   0: 3 0x000000008000ff1e (0xfe043703) x14 0x000000008001206f mem 0x0000000080031f50
core   0: 0x000000008000ff22 (0xfcf76de3) bltu    a4, a5, pc - 38
core   0: 3 0x000000008000ff22 (0xfcf76de3)
core   0: 0x000000008000fefc (0xfe043783) ld      a5, -32(s0)
core   0: 3 0x000000008000fefc (0xfe043783) x15 0x000000008001206f mem 0x0000000080031f50
core   0: 0x000000008000ff00 (0x00178713) addi    a4, a5, 1
core   0: 3 0x000000008000ff00 (0x00178713) x14 0x0000000080012070
core   0: 0x000000008000ff04 (0xfee43023) sd      a4, -32(s0)
core   0: 3 0x000000008000ff04 (0xfee43023) mem 0x0000000080031f50 0x0000000080012070
core   0: 0x000000008000ff08 (0xfc442703) lw      a4, -60(s0)
core   0: 3 0x000000008000ff08 (0xfc442703) x14 0x0000000000000000 mem 0x0000000080031f34
core   0: 0x000000008000ff0c (0x0ff77713) andi    a4, a4, 255
core   0: 3 0x000000008000ff0c (0x0ff77713) x14 0x0000000000000000
core   0: 0x000000008000ff10 (0x00e78023) sb      a4, 0(a5)
core   0: 3 0x000000008000ff10 (0x00e78023) mem 0x000000008001206f 0x00
core   0: 0x000000008000ff14 (0xfc843703) ld      a4, -56(s0)
core   0: 3 0x000000008000ff14 (0xfc843703) x14 0x0000000080012040 mem 0x0000000080031f38
core   0: 0x000000008000ff18 (0xfb843783) ld      a5, -72(s0)
core   0: 3 0x000000008000ff18 (0xfb843783) x15 0x000000000000009c mem 0x0000000080031f28
core   0: 0x000000008000ff1c (0x000097ba) c.add   a5, a4
core   0: 3 0x000000008000ff1c (0x97ba) x15 0x00000000800120dc
core   0: 0x000000008000ff1e (0xfe043703) ld      a4, -32(s0)
core   0: 3 0x000000008000ff1e (0xfe043703) x14 0x0000000080012070 mem 0x0000000080031f50
core   0: 0x000000008000ff22 (0xfcf76de3) bltu    a4, a5, pc - 38
core   0: 3 0x000000008000ff22 (0xfcf76de3)
core   0: 0x000000008000fefc (0xfe043783) ld      a5, -32(s0)
core   0: 3 0x000000008000fefc (0xfe043783) x15 0x0000000080012070 mem 0x0000000080031f50
core   0: 0x000000008000ff00 (0x00178713) addi    a4, a5, 1
core   0: 3 0x000000008000ff00 (0x00178713) x14 0x0000000080012071
core   0: 0x000000008000ff04 (0xfee43023) sd      a4, -32(s0)
core   0: 3 0x000000008000ff04 (0xfee43023) mem 0x0000000080031f50 0x0000000080012071
core   0: 0x000000008000ff08 (0xfc442703) lw      a4, -60(s0)
core   0: 3 0x000000008000ff08 (0xfc442703) x14 0x0000000000000000 mem 0x0000000080031f34
core   0: 0x000000008000ff0c (0x0ff77713) andi    a4, a4, 255
core   0: 3 0x000000008000ff0c (0x0ff77713) x14 0x0000000000000000
core   0: 0x000000008000ff10 (0x00e78023) sb      a4, 0(a5)
core   0: 3 0x000000008000ff10 (0x00e78023) mem 0x0000000080012070 0x00
core   0: 0x000000008000ff14 (0xfc843703) ld      a4, -56(s0)
core   0: 3 0x000000008000ff14 (0xfc843703) x14 0x0000000080012040 mem 0x0000000080031f38
core   0: 0x000000008000ff18 (0xfb843783) ld      a5, -72(s0)
core   0: 3 0x000000008000ff18 (0xfb843783) x15 0x000000000000009c mem 0x0000000080031f28
core   0: 0x000000008000ff1c (0x000097ba) c.add   a5, a4
core   0: 3 0x000000008000ff1c (0x97ba) x15 0x00000000800120dc
core   0: 0x000000008000ff1e (0xfe043703) ld      a4, -32(s0)
core   0: 3 0x000000008000ff1e (0xfe043703) x14 0x0000000080012071 mem 0x0000000080031f50
core   0: 0x000000008000ff22 (0xfcf76de3) bltu    a4, a5, pc - 38
core   0: 3 0x000000008000ff22 (0xfcf76de3)
core   0: 0x000000008000fefc (0xfe043783) ld      a5, -32(s0)
core   0: 3 0x000000008000fefc (0xfe043783) x15 0x0000000080012071 mem 0x0000000080031f50
core   0: 0x000000008000ff00 (0x00178713) addi    a4, a5, 1
core   0: 3 0x000000008000ff00 (0x00178713) x14 0x0000000080012072
core   0: 0x000000008000ff04 (0xfee43023) sd      a4, -32(s0)
core   0: 3 0x000000008000ff04 (0xfee43023) mem 0x0000000080031f50 0x0000000080012072
core   0: 0x000000008000ff08 (0xfc442703) lw      a4, -60(s0)
core   0: 3 0x000000008000ff08 (0xfc442703) x14 0x0000000000000000 mem 0x0000000080031f34
core   0: 0x000000008000ff0c (0x0ff77713) andi    a4, a4, 255
core   0: 3 0x000000008000ff0c (0x0ff77713) x14 0x0000000000000000
core   0: 0x000000008000ff10 (0x00e78023) sb      a4, 0(a5)
core   0: 3 0x000000008000ff10 (0x00e78023) mem 0x0000000080012071 0x00
core   0: 0x000000008000ff14 (0xfc843703) ld      a4, -56(s0)
core   0: 3 0x000000008000ff14 (0xfc843703) x14 0x0000000080012040 mem 0x0000000080031f38
core   0: 0x000000008000ff18 (0xfb843783) ld      a5, -72(s0)
core   0: 3 0x000000008000ff18 (0xfb843783) x15 0x000000000000009c mem 0x0000000080031f28
core   0: 0x000000008000ff1c (0x000097ba) c.add   a5, a4
core   0: 3 0x000000008000ff1c (0x97ba) x15 0x00000000800120dc
core   0: 0x000000008000ff1e (0xfe043703) ld      a4, -32(s0)
core   0: 3 0x000000008000ff1e (0xfe043703) x14 0x0000000080012072 mem 0x0000000080031f50
core   0: 0x000000008000ff22 (0xfcf76de3) bltu    a4, a5, pc - 38
core   0: 3 0x000000008000ff22 (0xfcf76de3)
core   0: 0x000000008000fefc (0xfe043783) ld      a5, -32(s0)
core   0: 3 0x000000008000fefc (0xfe043783) x15 0x0000000080012072 mem 0x0000000080031f50
core   0: 0x000000008000ff00 (0x00178713) addi    a4, a5, 1
core   0: 3 0x000000008000ff00 (0x00178713) x14 0x0000000080012073
core   0: 0x000000008000ff04 (0xfee43023) sd      a4, -32(s0)
core   0: 3 0x000000008000ff04 (0xfee43023) mem 0x0000000080031f50 0x0000000080012073
core   0: 0x000000008000ff08 (0xfc442703) lw      a4, -60(s0)
core   0: 3 0x000000008000ff08 (0xfc442703) x14 0x0000000000000000 mem 0x0000000080031f34
core   0: 0x000000008000ff0c (0x0ff77713) andi    a4, a4, 255
core   0: 3 0x000000008000ff0c (0x0ff77713) x14 0x0000000000000000
core   0: 0x000000008000ff10 (0x00e78023) sb      a4, 0(a5)
core   0: 3 0x000000008000ff10 (0x00e78023) mem 0x0000000080012072 0x00
core   0: 0x000000008000ff14 (0xfc843703) ld      a4, -56(s0)
core   0: 3 0x000000008000ff14 (0xfc843703) x14 0x0000000080012040 mem 0x0000000080031f38
core   0: 0x000000008000ff18 (0xfb843783) ld      a5, -72(s0)
core   0: 3 0x000000008000ff18 (0xfb843783) x15 0x000000000000009c mem 0x0000000080031f28
core   0: 0x000000008000ff1c (0x000097ba) c.add   a5, a4
core   0: 3 0x000000008000ff1c (0x97ba) x15 0x00000000800120dc
core   0: 0x000000008000ff1e (0xfe043703) ld      a4, -32(s0)
core   0: 3 0x000000008000ff1e (0xfe043703) x14 0x0000000080012073 mem 0x0000000080031f50
core   0: 0x000000008000ff22 (0xfcf76de3) bltu    a4, a5, pc - 38
core   0: 3 0x000000008000ff22 (0xfcf76de3)
core   0: 0x000000008000fefc (0xfe043783) ld      a5, -32(s0)
core   0: 3 0x000000008000fefc (0xfe043783) x15 0x0000000080012073 mem 0x0000000080031f50
core   0: 0x000000008000ff00 (0x00178713) addi    a4, a5, 1
core   0: 3 0x000000008000ff00 (0x00178713) x14 0x0000000080012074
core   0: 0x000000008000ff04 (0xfee43023) sd      a4, -32(s0)
core   0: 3 0x000000008000ff04 (0xfee43023) mem 0x0000000080031f50 0x0000000080012074
core   0: 0x000000008000ff08 (0xfc442703) lw      a4, -60(s0)
core   0: 3 0x000000008000ff08 (0xfc442703) x14 0x0000000000000000 mem 0x0000000080031f34
core   0: 0x000000008000ff0c (0x0ff77713) andi    a4, a4, 255
core   0: 3 0x000000008000ff0c (0x0ff77713) x14 0x0000000000000000
core   0: 0x000000008000ff10 (0x00e78023) sb      a4, 0(a5)
core   0: 3 0x000000008000ff10 (0x00e78023) mem 0x0000000080012073 0x00
core   0: 0x000000008000ff14 (0xfc843703) ld      a4, -56(s0)
core   0: 3 0x000000008000ff14 (0xfc843703) x14 0x0000000080012040 mem 0x0000000080031f38
core   0: 0x000000008000ff18 (0xfb843783) ld      a5, -72(s0)
core   0: 3 0x000000008000ff18 (0xfb843783) x15 0x000000000000009c mem 0x0000000080031f28
core   0: 0x000000008000ff1c (0x000097ba) c.add   a5, a4
core   0: 3 0x000000008000ff1c (0x97ba) x15 0x00000000800120dc
core   0: 0x000000008000ff1e (0xfe043703) ld      a4, -32(s0)
core   0: 3 0x000000008000ff1e (0xfe043703) x14 0x0000000080012074 mem 0x0000000080031f50
core   0: 0x000000008000ff22 (0xfcf76de3) bltu    a4, a5, pc - 38
core   0: 3 0x000000008000ff22 (0xfcf76de3)
core   0: 0x000000008000fefc (0xfe043783) ld      a5, -32(s0)
core   0: 3 0x000000008000fefc (0xfe043783) x15 0x0000000080012074 mem 0x0000000080031f50
core   0: 0x000000008000ff00 (0x00178713) addi    a4, a5, 1
core   0: 3 0x000000008000ff00 (0x00178713) x14 0x0000000080012075
core   0: 0x000000008000ff04 (0xfee43023) sd      a4, -32(s0)
core   0: 3 0x000000008000ff04 (0xfee43023) mem 0x0000000080031f50 0x0000000080012075
core   0: 0x000000008000ff08 (0xfc442703) lw      a4, -60(s0)
core   0: 3 0x000000008000ff08 (0xfc442703) x14 0x0000000000000000 mem 0x0000000080031f34
core   0: 0x000000008000ff0c (0x0ff77713) andi    a4, a4, 255
core   0: 3 0x000000008000ff0c (0x0ff77713) x14 0x0000000000000000
core   0: 0x000000008000ff10 (0x00e78023) sb      a4, 0(a5)
core   0: 3 0x000000008000ff10 (0x00e78023) mem 0x0000000080012074 0x00
core   0: 0x000000008000ff14 (0xfc843703) ld      a4, -56(s0)
core   0: 3 0x000000008000ff14 (0xfc843703) x14 0x0000000080012040 mem 0x0000000080031f38
core   0: 0x000000008000ff18 (0xfb843783) ld      a5, -72(s0)
core   0: 3 0x000000008000ff18 (0xfb843783) x15 0x000000000000009c mem 0x0000000080031f28
core   0: 0x000000008000ff1c (0x000097ba) c.add   a5, a4
core   0: 3 0x000000008000ff1c (0x97ba) x15 0x00000000800120dc
core   0: 0x000000008000ff1e (0xfe043703) ld      a4, -32(s0)
core   0: 3 0x000000008000ff1e (0xfe043703) x14 0x0000000080012075 mem 0x0000000080031f50
core   0: 0x000000008000ff22 (0xfcf76de3) bltu    a4, a5, pc - 38
core   0: 3 0x000000008000ff22 (0xfcf76de3)
core   0: 0x000000008000fefc (0xfe043783) ld      a5, -32(s0)
core   0: 3 0x000000008000fefc (0xfe043783) x15 0x0000000080012075 mem 0x0000000080031f50
core   0: 0x000000008000ff00 (0x00178713) addi    a4, a5, 1
core   0: 3 0x000000008000ff00 (0x00178713) x14 0x0000000080012076
core   0: 0x000000008000ff04 (0xfee43023) sd      a4, -32(s0)
core   0: 3 0x000000008000ff04 (0xfee43023) mem 0x0000000080031f50 0x0000000080012076
core   0: 0x000000008000ff08 (0xfc442703) lw      a4, -60(s0)
core   0: 3 0x000000008000ff08 (0xfc442703) x14 0x0000000000000000 mem 0x0000000080031f34
core   0: 0x000000008000ff0c (0x0ff77713) andi    a4, a4, 255
core   0: 3 0x000000008000ff0c (0x0ff77713) x14 0x0000000000000000
core   0: 0x000000008000ff10 (0x00e78023) sb      a4, 0(a5)
core   0: 3 0x000000008000ff10 (0x00e78023) mem 0x0000000080012075 0x00
core   0: 0x000000008000ff14 (0xfc843703) ld      a4, -56(s0)
core   0: 3 0x000000008000ff14 (0xfc843703) x14 0x0000000080012040 mem 0x0000000080031f38
core   0: 0x000000008000ff18 (0xfb843783) ld      a5, -72(s0)
core   0: 3 0x000000008000ff18 (0xfb843783) x15 0x000000000000009c mem 0x0000000080031f28
core   0: 0x000000008000ff1c (0x000097ba) c.add   a5, a4
core   0: 3 0x000000008000ff1c (0x97ba) x15 0x00000000800120dc
core   0: 0x000000008000ff1e (0xfe043703) ld      a4, -32(s0)
core   0: 3 0x000000008000ff1e (0xfe043703) x14 0x0000000080012076 mem 0x0000000080031f50
core   0: 0x000000008000ff22 (0xfcf76de3) bltu    a4, a5, pc - 38
core   0: 3 0x000000008000ff22 (0xfcf76de3)
core   0: 0x000000008000fefc (0xfe043783) ld      a5, -32(s0)
core   0: 3 0x000000008000fefc (0xfe043783) x15 0x0000000080012076 mem 0x0000000080031f50
core   0: 0x000000008000ff00 (0x00178713) addi    a4, a5, 1
core   0: 3 0x000000008000ff00 (0x00178713) x14 0x0000000080012077
core   0: 0x000000008000ff04 (0xfee43023) sd      a4, -32(s0)
core   0: 3 0x000000008000ff04 (0xfee43023) mem 0x0000000080031f50 0x0000000080012077
core   0: 0x000000008000ff08 (0xfc442703) lw      a4, -60(s0)
core   0: 3 0x000000008000ff08 (0xfc442703) x14 0x0000000000000000 mem 0x0000000080031f34
core   0: 0x000000008000ff0c (0x0ff77713) andi    a4, a4, 255
core   0: 3 0x000000008000ff0c (0x0ff77713) x14 0x0000000000000000
core   0: 0x000000008000ff10 (0x00e78023) sb      a4, 0(a5)
core   0: 3 0x000000008000ff10 (0x00e78023) mem 0x0000000080012076 0x00
core   0: 0x000000008000ff14 (0xfc843703) ld      a4, -56(s0)
core   0: 3 0x000000008000ff14 (0xfc843703) x14 0x0000000080012040 mem 0x0000000080031f38
core   0: 0x000000008000ff18 (0xfb843783) ld      a5, -72(s0)
core   0: 3 0x000000008000ff18 (0xfb843783) x15 0x000000000000009c mem 0x0000000080031f28
core   0: 0x000000008000ff1c (0x000097ba) c.add   a5, a4
core   0: 3 0x000000008000ff1c (0x97ba) x15 0x00000000800120dc
core   0: 0x000000008000ff1e (0xfe043703) ld      a4, -32(s0)
core   0: 3 0x000000008000ff1e (0xfe043703) x14 0x0000000080012077 mem 0x0000000080031f50
core   0: 0x000000008000ff22 (0xfcf76de3) bltu    a4, a5, pc - 38
core   0: 3 0x000000008000ff22 (0xfcf76de3)
core   0: 0x000000008000fefc (0xfe043783) ld      a5, -32(s0)
core   0: 3 0x000000008000fefc (0xfe043783) x15 0x0000000080012077 mem 0x0000000080031f50
core   0: 0x000000008000ff00 (0x00178713) addi    a4, a5, 1
core   0: 3 0x000000008000ff00 (0x00178713) x14 0x0000000080012078
core   0: 0x000000008000ff04 (0xfee43023) sd      a4, -32(s0)
core   0: 3 0x000000008000ff04 (0xfee43023) mem 0x0000000080031f50 0x0000000080012078
core   0: 0x000000008000ff08 (0xfc442703) lw      a4, -60(s0)
core   0: 3 0x000000008000ff08 (0xfc442703) x14 0x0000000000000000 mem 0x0000000080031f34
core   0: 0x000000008000ff0c (0x0ff77713) andi    a4, a4, 255
core   0: 3 0x000000008000ff0c (0x0ff77713) x14 0x0000000000000000
core   0: 0x000000008000ff10 (0x00e78023) sb      a4, 0(a5)
core   0: 3 0x000000008000ff10 (0x00e78023) mem 0x0000000080012077 0x00
core   0: 0x000000008000ff14 (0xfc843703) ld      a4, -56(s0)
core   0: 3 0x000000008000ff14 (0xfc843703) x14 0x0000000080012040 mem 0x0000000080031f38
core   0: 0x000000008000ff18 (0xfb843783) ld      a5, -72(s0)
core   0: 3 0x000000008000ff18 (0xfb843783) x15 0x000000000000009c mem 0x0000000080031f28
core   0: 0x000000008000ff1c (0x000097ba) c.add   a5, a4
core   0: 3 0x000000008000ff1c (0x97ba) x15 0x00000000800120dc
core   0: 0x000000008000ff1e (0xfe043703) ld      a4, -32(s0)
core   0: 3 0x000000008000ff1e (0xfe043703) x14 0x0000000080012078 mem 0x0000000080031f50
core   0: 0x000000008000ff22 (0xfcf76de3) bltu    a4, a5, pc - 38
core   0: 3 0x000000008000ff22 (0xfcf76de3)
core   0: 0x000000008000fefc (0xfe043783) ld      a5, -32(s0)
core   0: 3 0x000000008000fefc (0xfe043783) x15 0x0000000080012078 mem 0x0000000080031f50
core   0: 0x000000008000ff00 (0x00178713) addi    a4, a5, 1
core   0: 3 0x000000008000ff00 (0x00178713) x14 0x0000000080012079
core   0: 0x000000008000ff04 (0xfee43023) sd      a4, -32(s0)
core   0: 3 0x000000008000ff04 (0xfee43023) mem 0x0000000080031f50 0x0000000080012079
core   0: 0x000000008000ff08 (0xfc442703) lw      a4, -60(s0)
core   0: 3 0x000000008000ff08 (0xfc442703) x14 0x0000000000000000 mem 0x0000000080031f34
core   0: 0x000000008000ff0c (0x0ff77713) andi    a4, a4, 255
core   0: 3 0x000000008000ff0c (0x0ff77713) x14 0x0000000000000000
core   0: 0x000000008000ff10 (0x00e78023) sb      a4, 0(a5)
core   0: 3 0x000000008000ff10 (0x00e78023) mem 0x0000000080012078 0x00
core   0: 0x000000008000ff14 (0xfc843703) ld      a4, -56(s0)
core   0: 3 0x000000008000ff14 (0xfc843703) x14 0x0000000080012040 mem 0x0000000080031f38
core   0: 0x000000008000ff18 (0xfb843783) ld      a5, -72(s0)
core   0: 3 0x000000008000ff18 (0xfb843783) x15 0x000000000000009c mem 0x0000000080031f28
core   0: 0x000000008000ff1c (0x000097ba) c.add   a5, a4
core   0: 3 0x000000008000ff1c (0x97ba) x15 0x00000000800120dc
core   0: 0x000000008000ff1e (0xfe043703) ld      a4, -32(s0)
core   0: 3 0x000000008000ff1e (0xfe043703) x14 0x0000000080012079 mem 0x0000000080031f50
core   0: 0x000000008000ff22 (0xfcf76de3) bltu    a4, a5, pc - 38
core   0: 3 0x000000008000ff22 (0xfcf76de3)
core   0: 0x000000008000fefc (0xfe043783) ld      a5, -32(s0)
core   0: 3 0x000000008000fefc (0xfe043783) x15 0x0000000080012079 mem 0x0000000080031f50
core   0: 0x000000008000ff00 (0x00178713) addi    a4, a5, 1
core   0: 3 0x000000008000ff00 (0x00178713) x14 0x000000008001207a
core   0: 0x000000008000ff04 (0xfee43023) sd      a4, -32(s0)
core   0: 3 0x000000008000ff04 (0xfee43023) mem 0x0000000080031f50 0x000000008001207a
core   0: 0x000000008000ff08 (0xfc442703) lw      a4, -60(s0)
core   0: 3 0x000000008000ff08 (0xfc442703) x14 0x0000000000000000 mem 0x0000000080031f34
core   0: 0x000000008000ff0c (0x0ff77713) andi    a4, a4, 255
core   0: 3 0x000000008000ff0c (0x0ff77713) x14 0x0000000000000000
core   0: 0x000000008000ff10 (0x00e78023) sb      a4, 0(a5)
core   0: 3 0x000000008000ff10 (0x00e78023) mem 0x0000000080012079 0x00
core   0: 0x000000008000ff14 (0xfc843703) ld      a4, -56(s0)
core   0: 3 0x000000008000ff14 (0xfc843703) x14 0x0000000080012040 mem 0x0000000080031f38
core   0: 0x000000008000ff18 (0xfb843783) ld      a5, -72(s0)
core   0: 3 0x000000008000ff18 (0xfb843783) x15 0x000000000000009c mem 0x0000000080031f28
core   0: 0x000000008000ff1c (0x000097ba) c.add   a5, a4
core   0: 3 0x000000008000ff1c (0x97ba) x15 0x00000000800120dc
core   0: 0x000000008000ff1e (0xfe043703) ld      a4, -32(s0)
core   0: 3 0x000000008000ff1e (0xfe043703) x14 0x000000008001207a mem 0x0000000080031f50
core   0: 0x000000008000ff22 (0xfcf76de3) bltu    a4, a5, pc - 38
core   0: 3 0x000000008000ff22 (0xfcf76de3)
core   0: 0x000000008000fefc (0xfe043783) ld      a5, -32(s0)
core   0: 3 0x000000008000fefc (0xfe043783) x15 0x000000008001207a mem 0x0000000080031f50
core   0: 0x000000008000ff00 (0x00178713) addi    a4, a5, 1
core   0: 3 0x000000008000ff00 (0x00178713) x14 0x000000008001207b
core   0: 0x000000008000ff04 (0xfee43023) sd      a4, -32(s0)
core   0: 3 0x000000008000ff04 (0xfee43023) mem 0x0000000080031f50 0x000000008001207b
core   0: 0x000000008000ff08 (0xfc442703) lw      a4, -60(s0)
core   0: 3 0x000000008000ff08 (0xfc442703) x14 0x0000000000000000 mem 0x0000000080031f34
core   0: 0x000000008000ff0c (0x0ff77713) andi    a4, a4, 255
core   0: 3 0x000000008000ff0c (0x0ff77713) x14 0x0000000000000000
core   0: 0x000000008000ff10 (0x00e78023) sb      a4, 0(a5)
core   0: 3 0x000000008000ff10 (0x00e78023) mem 0x000000008001207a 0x00
core   0: 0x000000008000ff14 (0xfc843703) ld      a4, -56(s0)
core   0: 3 0x000000008000ff14 (0xfc843703) x14 0x0000000080012040 mem 0x0000000080031f38
core   0: 0x000000008000ff18 (0xfb843783) ld      a5, -72(s0)
core   0: 3 0x000000008000ff18 (0xfb843783) x15 0x000000000000009c mem 0x0000000080031f28
core   0: 0x000000008000ff1c (0x000097ba) c.add   a5, a4
core   0: 3 0x000000008000ff1c (0x97ba) x15 0x00000000800120dc
core   0: 0x000000008000ff1e (0xfe043703) ld      a4, -32(s0)
core   0: 3 0x000000008000ff1e (0xfe043703) x14 0x000000008001207b mem 0x0000000080031f50
core   0: 0x000000008000ff22 (0xfcf76de3) bltu    a4, a5, pc - 38
core   0: 3 0x000000008000ff22 (0xfcf76de3)
core   0: 0x000000008000fefc (0xfe043783) ld      a5, -32(s0)
core   0: 3 0x000000008000fefc (0xfe043783) x15 0x000000008001207b mem 0x0000000080031f50
core   0: 0x000000008000ff00 (0x00178713) addi    a4, a5, 1
core   0: 3 0x000000008000ff00 (0x00178713) x14 0x000000008001207c
core   0: 0x000000008000ff04 (0xfee43023) sd      a4, -32(s0)
core   0: 3 0x000000008000ff04 (0xfee43023) mem 0x0000000080031f50 0x000000008001207c
core   0: 0x000000008000ff08 (0xfc442703) lw      a4, -60(s0)
core   0: 3 0x000000008000ff08 (0xfc442703) x14 0x0000000000000000 mem 0x0000000080031f34
core   0: 0x000000008000ff0c (0x0ff77713) andi    a4, a4, 255
core   0: 3 0x000000008000ff0c (0x0ff77713) x14 0x0000000000000000
core   0: 0x000000008000ff10 (0x00e78023) sb      a4, 0(a5)
core   0: 3 0x000000008000ff10 (0x00e78023) mem 0x000000008001207b 0x00
core   0: 0x000000008000ff14 (0xfc843703) ld      a4, -56(s0)
core   0: 3 0x000000008000ff14 (0xfc843703) x14 0x0000000080012040 mem 0x0000000080031f38
core   0: 0x000000008000ff18 (0xfb843783) ld      a5, -72(s0)
core   0: 3 0x000000008000ff18 (0xfb843783) x15 0x000000000000009c mem 0x0000000080031f28
core   0: 0x000000008000ff1c (0x000097ba) c.add   a5, a4
core   0: 3 0x000000008000ff1c (0x97ba) x15 0x00000000800120dc
core   0: 0x000000008000ff1e (0xfe043703) ld      a4, -32(s0)
core   0: 3 0x000000008000ff1e (0xfe043703) x14 0x000000008001207c mem 0x0000000080031f50
core   0: 0x000000008000ff22 (0xfcf76de3) bltu    a4, a5, pc - 38
core   0: 3 0x000000008000ff22 (0xfcf76de3)
core   0: 0x000000008000fefc (0xfe043783) ld      a5, -32(s0)
core   0: 3 0x000000008000fefc (0xfe043783) x15 0x000000008001207c mem 0x0000000080031f50
core   0: 0x000000008000ff00 (0x00178713) addi    a4, a5, 1
core   0: 3 0x000000008000ff00 (0x00178713) x14 0x000000008001207d
core   0: 0x000000008000ff04 (0xfee43023) sd      a4, -32(s0)
core   0: 3 0x000000008000ff04 (0xfee43023) mem 0x0000000080031f50 0x000000008001207d
core   0: 0x000000008000ff08 (0xfc442703) lw      a4, -60(s0)
core   0: 3 0x000000008000ff08 (0xfc442703) x14 0x0000000000000000 mem 0x0000000080031f34
core   0: 0x000000008000ff0c (0x0ff77713) andi    a4, a4, 255
core   0: 3 0x000000008000ff0c (0x0ff77713) x14 0x0000000000000000
core   0: 0x000000008000ff10 (0x00e78023) sb      a4, 0(a5)
core   0: 3 0x000000008000ff10 (0x00e78023) mem 0x000000008001207c 0x00
core   0: 0x000000008000ff14 (0xfc843703) ld      a4, -56(s0)
core   0: 3 0x000000008000ff14 (0xfc843703) x14 0x0000000080012040 mem 0x0000000080031f38
core   0: 0x000000008000ff18 (0xfb843783) ld      a5, -72(s0)
core   0: 3 0x000000008000ff18 (0xfb843783) x15 0x000000000000009c mem 0x0000000080031f28
core   0: 0x000000008000ff1c (0x000097ba) c.add   a5, a4
core   0: 3 0x000000008000ff1c (0x97ba) x15 0x00000000800120dc
core   0: 0x000000008000ff1e (0xfe043703) ld      a4, -32(s0)
core   0: 3 0x000000008000ff1e (0xfe043703) x14 0x000000008001207d mem 0x0000000080031f50
core   0: 0x000000008000ff22 (0xfcf76de3) bltu    a4, a5, pc - 38
core   0: 3 0x000000008000ff22 (0xfcf76de3)
core   0: 0x000000008000fefc (0xfe043783) ld      a5, -32(s0)
core   0: 3 0x000000008000fefc (0xfe043783) x15 0x000000008001207d mem 0x0000000080031f50
core   0: 0x000000008000ff00 (0x00178713) addi    a4, a5, 1
core   0: 3 0x000000008000ff00 (0x00178713) x14 0x000000008001207e
core   0: 0x000000008000ff04 (0xfee43023) sd      a4, -32(s0)
core   0: 3 0x000000008000ff04 (0xfee43023) mem 0x0000000080031f50 0x000000008001207e
core   0: 0x000000008000ff08 (0xfc442703) lw      a4, -60(s0)
core   0: 3 0x000000008000ff08 (0xfc442703) x14 0x0000000000000000 mem 0x0000000080031f34
core   0: 0x000000008000ff0c (0x0ff77713) andi    a4, a4, 255
core   0: 3 0x000000008000ff0c (0x0ff77713) x14 0x0000000000000000
core   0: 0x000000008000ff10 (0x00e78023) sb      a4, 0(a5)
core   0: 3 0x000000008000ff10 (0x00e78023) mem 0x000000008001207d 0x00
core   0: 0x000000008000ff14 (0xfc843703) ld      a4, -56(s0)
core   0: 3 0x000000008000ff14 (0xfc843703) x14 0x0000000080012040 mem 0x0000000080031f38
core   0: 0x000000008000ff18 (0xfb843783) ld      a5, -72(s0)
core   0: 3 0x000000008000ff18 (0xfb843783) x15 0x000000000000009c mem 0x0000000080031f28
core   0: 0x000000008000ff1c (0x000097ba) c.add   a5, a4
core   0: 3 0x000000008000ff1c (0x97ba) x15 0x00000000800120dc
core   0: 0x000000008000ff1e (0xfe043703) ld      a4, -32(s0)
core   0: 3 0x000000008000ff1e (0xfe043703) x14 0x000000008001207e mem 0x0000000080031f50
core   0: 0x000000008000ff22 (0xfcf76de3) bltu    a4, a5, pc - 38
core   0: 3 0x000000008000ff22 (0xfcf76de3)
core   0: 0x000000008000fefc (0xfe043783) ld      a5, -32(s0)
core   0: 3 0x000000008000fefc (0xfe043783) x15 0x000000008001207e mem 0x0000000080031f50
core   0: 0x000000008000ff00 (0x00178713) addi    a4, a5, 1
core   0: 3 0x000000008000ff00 (0x00178713) x14 0x000000008001207f
core   0: 0x000000008000ff04 (0xfee43023) sd      a4, -32(s0)
core   0: 3 0x000000008000ff04 (0xfee43023) mem 0x0000000080031f50 0x000000008001207f
core   0: 0x000000008000ff08 (0xfc442703) lw      a4, -60(s0)
core   0: 3 0x000000008000ff08 (0xfc442703) x14 0x0000000000000000 mem 0x0000000080031f34
core   0: 0x000000008000ff0c (0x0ff77713) andi    a4, a4, 255
core   0: 3 0x000000008000ff0c (0x0ff77713) x14 0x0000000000000000
core   0: 0x000000008000ff10 (0x00e78023) sb      a4, 0(a5)
core   0: 3 0x000000008000ff10 (0x00e78023) mem 0x000000008001207e 0x00
core   0: 0x000000008000ff14 (0xfc843703) ld      a4, -56(s0)
core   0: 3 0x000000008000ff14 (0xfc843703) x14 0x0000000080012040 mem 0x0000000080031f38
core   0: 0x000000008000ff18 (0xfb843783) ld      a5, -72(s0)
core   0: 3 0x000000008000ff18 (0xfb843783) x15 0x000000000000009c mem 0x0000000080031f28
core   0: 0x000000008000ff1c (0x000097ba) c.add   a5, a4
core   0: 3 0x000000008000ff1c (0x97ba) x15 0x00000000800120dc
core   0: 0x000000008000ff1e (0xfe043703) ld      a4, -32(s0)
core   0: 3 0x000000008000ff1e (0xfe043703) x14 0x000000008001207f mem 0x0000000080031f50
core   0: 0x000000008000ff22 (0xfcf76de3) bltu    a4, a5, pc - 38
core   0: 3 0x000000008000ff22 (0xfcf76de3)
core   0: 0x000000008000fefc (0xfe043783) ld      a5, -32(s0)
core   0: 3 0x000000008000fefc (0xfe043783) x15 0x000000008001207f mem 0x0000000080031f50
core   0: 0x000000008000ff00 (0x00178713) addi    a4, a5, 1
core   0: 3 0x000000008000ff00 (0x00178713) x14 0x0000000080012080
core   0: 0x000000008000ff04 (0xfee43023) sd      a4, -32(s0)
core   0: 3 0x000000008000ff04 (0xfee43023) mem 0x0000000080031f50 0x0000000080012080
core   0: 0x000000008000ff08 (0xfc442703) lw      a4, -60(s0)
core   0: 3 0x000000008000ff08 (0xfc442703) x14 0x0000000000000000 mem 0x0000000080031f34
core   0: 0x000000008000ff0c (0x0ff77713) andi    a4, a4, 255
core   0: 3 0x000000008000ff0c (0x0ff77713) x14 0x0000000000000000
core   0: 0x000000008000ff10 (0x00e78023) sb      a4, 0(a5)
core   0: 3 0x000000008000ff10 (0x00e78023) mem 0x000000008001207f 0x00
core   0: 0x000000008000ff14 (0xfc843703) ld      a4, -56(s0)
core   0: 3 0x000000008000ff14 (0xfc843703) x14 0x0000000080012040 mem 0x0000000080031f38
core   0: 0x000000008000ff18 (0xfb843783) ld      a5, -72(s0)
core   0: 3 0x000000008000ff18 (0xfb843783) x15 0x000000000000009c mem 0x0000000080031f28
core   0: 0x000000008000ff1c (0x000097ba) c.add   a5, a4
core   0: 3 0x000000008000ff1c (0x97ba) x15 0x00000000800120dc
core   0: 0x000000008000ff1e (0xfe043703) ld      a4, -32(s0)
core   0: 3 0x000000008000ff1e (0xfe043703) x14 0x0000000080012080 mem 0x0000000080031f50
core   0: 0x000000008000ff22 (0xfcf76de3) bltu    a4, a5, pc - 38
core   0: 3 0x000000008000ff22 (0xfcf76de3)
core   0: 0x000000008000fefc (0xfe043783) ld      a5, -32(s0)
core   0: 3 0x000000008000fefc (0xfe043783) x15 0x0000000080012080 mem 0x0000000080031f50
core   0: 0x000000008000ff00 (0x00178713) addi    a4, a5, 1
core   0: 3 0x000000008000ff00 (0x00178713) x14 0x0000000080012081
core   0: 0x000000008000ff04 (0xfee43023) sd      a4, -32(s0)
core   0: 3 0x000000008000ff04 (0xfee43023) mem 0x0000000080031f50 0x0000000080012081
core   0: 0x000000008000ff08 (0xfc442703) lw      a4, -60(s0)
core   0: 3 0x000000008000ff08 (0xfc442703) x14 0x0000000000000000 mem 0x0000000080031f34
core   0: 0x000000008000ff0c (0x0ff77713) andi    a4, a4, 255
core   0: 3 0x000000008000ff0c (0x0ff77713) x14 0x0000000000000000
core   0: 0x000000008000ff10 (0x00e78023) sb      a4, 0(a5)
core   0: 3 0x000000008000ff10 (0x00e78023) mem 0x0000000080012080 0x00
core   0: 0x000000008000ff14 (0xfc843703) ld      a4, -56(s0)
core   0: 3 0x000000008000ff14 (0xfc843703) x14 0x0000000080012040 mem 0x0000000080031f38
core   0: 0x000000008000ff18 (0xfb843783) ld      a5, -72(s0)
core   0: 3 0x000000008000ff18 (0xfb843783) x15 0x000000000000009c mem 0x0000000080031f28
core   0: 0x000000008000ff1c (0x000097ba) c.add   a5, a4
core   0: 3 0x000000008000ff1c (0x97ba) x15 0x00000000800120dc
core   0: 0x000000008000ff1e (0xfe043703) ld      a4, -32(s0)
core   0: 3 0x000000008000ff1e (0xfe043703) x14 0x0000000080012081 mem 0x0000000080031f50
core   0: 0x000000008000ff22 (0xfcf76de3) bltu    a4, a5, pc - 38
core   0: 3 0x000000008000ff22 (0xfcf76de3)
core   0: 0x000000008000fefc (0xfe043783) ld      a5, -32(s0)
core   0: 3 0x000000008000fefc (0xfe043783) x15 0x0000000080012081 mem 0x0000000080031f50
core   0: 0x000000008000ff00 (0x00178713) addi    a4, a5, 1
core   0: 3 0x000000008000ff00 (0x00178713) x14 0x0000000080012082
core   0: 0x000000008000ff04 (0xfee43023) sd      a4, -32(s0)
core   0: 3 0x000000008000ff04 (0xfee43023) mem 0x0000000080031f50 0x0000000080012082
core   0: 0x000000008000ff08 (0xfc442703) lw      a4, -60(s0)
core   0: 3 0x000000008000ff08 (0xfc442703) x14 0x0000000000000000 mem 0x0000000080031f34
core   0: 0x000000008000ff0c (0x0ff77713) andi    a4, a4, 255
core   0: 3 0x000000008000ff0c (0x0ff77713) x14 0x0000000000000000
core   0: 0x000000008000ff10 (0x00e78023) sb      a4, 0(a5)
core   0: 3 0x000000008000ff10 (0x00e78023) mem 0x0000000080012081 0x00
core   0: 0x000000008000ff14 (0xfc843703) ld      a4, -56(s0)
core   0: 3 0x000000008000ff14 (0xfc843703) x14 0x0000000080012040 mem 0x0000000080031f38
core   0: 0x000000008000ff18 (0xfb843783) ld      a5, -72(s0)
core   0: 3 0x000000008000ff18 (0xfb843783) x15 0x000000000000009c mem 0x0000000080031f28
core   0: 0x000000008000ff1c (0x000097ba) c.add   a5, a4
core   0: 3 0x000000008000ff1c (0x97ba) x15 0x00000000800120dc
core   0: 0x000000008000ff1e (0xfe043703) ld      a4, -32(s0)
core   0: 3 0x000000008000ff1e (0xfe043703) x14 0x0000000080012082 mem 0x0000000080031f50
core   0: 0x000000008000ff22 (0xfcf76de3) bltu    a4, a5, pc - 38
core   0: 3 0x000000008000ff22 (0xfcf76de3)
core   0: 0x000000008000fefc (0xfe043783) ld      a5, -32(s0)
core   0: 3 0x000000008000fefc (0xfe043783) x15 0x0000000080012082 mem 0x0000000080031f50
core   0: 0x000000008000ff00 (0x00178713) addi    a4, a5, 1
core   0: 3 0x000000008000ff00 (0x00178713) x14 0x0000000080012083
core   0: 0x000000008000ff04 (0xfee43023) sd      a4, -32(s0)
core   0: 3 0x000000008000ff04 (0xfee43023) mem 0x0000000080031f50 0x0000000080012083
core   0: 0x000000008000ff08 (0xfc442703) lw      a4, -60(s0)
core   0: 3 0x000000008000ff08 (0xfc442703) x14 0x0000000000000000 mem 0x0000000080031f34
core   0: 0x000000008000ff0c (0x0ff77713) andi    a4, a4, 255
core   0: 3 0x000000008000ff0c (0x0ff77713) x14 0x0000000000000000
core   0: 0x000000008000ff10 (0x00e78023) sb      a4, 0(a5)
core   0: 3 0x000000008000ff10 (0x00e78023) mem 0x0000000080012082 0x00
core   0: 0x000000008000ff14 (0xfc843703) ld      a4, -56(s0)
core   0: 3 0x000000008000ff14 (0xfc843703) x14 0x0000000080012040 mem 0x0000000080031f38
core   0: 0x000000008000ff18 (0xfb843783) ld      a5, -72(s0)
core   0: 3 0x000000008000ff18 (0xfb843783) x15 0x000000000000009c mem 0x0000000080031f28
core   0: 0x000000008000ff1c (0x000097ba) c.add   a5, a4
core   0: 3 0x000000008000ff1c (0x97ba) x15 0x00000000800120dc
core   0: 0x000000008000ff1e (0xfe043703) ld      a4, -32(s0)
core   0: 3 0x000000008000ff1e (0xfe043703) x14 0x0000000080012083 mem 0x0000000080031f50
core   0: 0x000000008000ff22 (0xfcf76de3) bltu    a4, a5, pc - 38
core   0: 3 0x000000008000ff22 (0xfcf76de3)
core   0: 0x000000008000fefc (0xfe043783) ld      a5, -32(s0)
core   0: 3 0x000000008000fefc (0xfe043783) x15 0x0000000080012083 mem 0x0000000080031f50
core   0: 0x000000008000ff00 (0x00178713) addi    a4, a5, 1
core   0: 3 0x000000008000ff00 (0x00178713) x14 0x0000000080012084
core   0: 0x000000008000ff04 (0xfee43023) sd      a4, -32(s0)
core   0: 3 0x000000008000ff04 (0xfee43023) mem 0x0000000080031f50 0x0000000080012084
core   0: 0x000000008000ff08 (0xfc442703) lw      a4, -60(s0)
core   0: 3 0x000000008000ff08 (0xfc442703) x14 0x0000000000000000 mem 0x0000000080031f34
core   0: 0x000000008000ff0c (0x0ff77713) andi    a4, a4, 255
core   0: 3 0x000000008000ff0c (0x0ff77713) x14 0x0000000000000000
core   0: 0x000000008000ff10 (0x00e78023) sb      a4, 0(a5)
core   0: 3 0x000000008000ff10 (0x00e78023) mem 0x0000000080012083 0x00
core   0: 0x000000008000ff14 (0xfc843703) ld      a4, -56(s0)
core   0: 3 0x000000008000ff14 (0xfc843703) x14 0x0000000080012040 mem 0x0000000080031f38
core   0: 0x000000008000ff18 (0xfb843783) ld      a5, -72(s0)
core   0: 3 0x000000008000ff18 (0xfb843783) x15 0x000000000000009c mem 0x0000000080031f28
core   0: 0x000000008000ff1c (0x000097ba) c.add   a5, a4
core   0: 3 0x000000008000ff1c (0x97ba) x15 0x00000000800120dc
core   0: 0x000000008000ff1e (0xfe043703) ld      a4, -32(s0)
core   0: 3 0x000000008000ff1e (0xfe043703) x14 0x0000000080012084 mem 0x0000000080031f50
core   0: 0x000000008000ff22 (0xfcf76de3) bltu    a4, a5, pc - 38
core   0: 3 0x000000008000ff22 (0xfcf76de3)
core   0: 0x000000008000fefc (0xfe043783) ld      a5, -32(s0)
core   0: 3 0x000000008000fefc (0xfe043783) x15 0x0000000080012084 mem 0x0000000080031f50
core   0: 0x000000008000ff00 (0x00178713) addi    a4, a5, 1
core   0: 3 0x000000008000ff00 (0x00178713) x14 0x0000000080012085
core   0: 0x000000008000ff04 (0xfee43023) sd      a4, -32(s0)
core   0: 3 0x000000008000ff04 (0xfee43023) mem 0x0000000080031f50 0x0000000080012085
core   0: 0x000000008000ff08 (0xfc442703) lw      a4, -60(s0)
core   0: 3 0x000000008000ff08 (0xfc442703) x14 0x0000000000000000 mem 0x0000000080031f34
core   0: 0x000000008000ff0c (0x0ff77713) andi    a4, a4, 255
core   0: 3 0x000000008000ff0c (0x0ff77713) x14 0x0000000000000000
core   0: 0x000000008000ff10 (0x00e78023) sb      a4, 0(a5)
core   0: 3 0x000000008000ff10 (0x00e78023) mem 0x0000000080012084 0x00
core   0: 0x000000008000ff14 (0xfc843703) ld      a4, -56(s0)
core   0: 3 0x000000008000ff14 (0xfc843703) x14 0x0000000080012040 mem 0x0000000080031f38
core   0: 0x000000008000ff18 (0xfb843783) ld      a5, -72(s0)
core   0: 3 0x000000008000ff18 (0xfb843783) x15 0x000000000000009c mem 0x0000000080031f28
core   0: 0x000000008000ff1c (0x000097ba) c.add   a5, a4
core   0: 3 0x000000008000ff1c (0x97ba) x15 0x00000000800120dc
core   0: 0x000000008000ff1e (0xfe043703) ld      a4, -32(s0)
core   0: 3 0x000000008000ff1e (0xfe043703) x14 0x0000000080012085 mem 0x0000000080031f50
core   0: 0x000000008000ff22 (0xfcf76de3) bltu    a4, a5, pc - 38
core   0: 3 0x000000008000ff22 (0xfcf76de3)
core   0: 0x000000008000fefc (0xfe043783) ld      a5, -32(s0)
core   0: 3 0x000000008000fefc (0xfe043783) x15 0x0000000080012085 mem 0x0000000080031f50
core   0: 0x000000008000ff00 (0x00178713) addi    a4, a5, 1
core   0: 3 0x000000008000ff00 (0x00178713) x14 0x0000000080012086
core   0: 0x000000008000ff04 (0xfee43023) sd      a4, -32(s0)
core   0: 3 0x000000008000ff04 (0xfee43023) mem 0x0000000080031f50 0x0000000080012086
core   0: 0x000000008000ff08 (0xfc442703) lw      a4, -60(s0)
core   0: 3 0x000000008000ff08 (0xfc442703) x14 0x0000000000000000 mem 0x0000000080031f34
core   0: 0x000000008000ff0c (0x0ff77713) andi    a4, a4, 255
core   0: 3 0x000000008000ff0c (0x0ff77713) x14 0x0000000000000000
core   0: 0x000000008000ff10 (0x00e78023) sb      a4, 0(a5)
core   0: 3 0x000000008000ff10 (0x00e78023) mem 0x0000000080012085 0x00
core   0: 0x000000008000ff14 (0xfc843703) ld      a4, -56(s0)
core   0: 3 0x000000008000ff14 (0xfc843703) x14 0x0000000080012040 mem 0x0000000080031f38
core   0: 0x000000008000ff18 (0xfb843783) ld      a5, -72(s0)
core   0: 3 0x000000008000ff18 (0xfb843783) x15 0x000000000000009c mem 0x0000000080031f28
core   0: 0x000000008000ff1c (0x000097ba) c.add   a5, a4
core   0: 3 0x000000008000ff1c (0x97ba) x15 0x00000000800120dc
core   0: 0x000000008000ff1e (0xfe043703) ld      a4, -32(s0)
core   0: 3 0x000000008000ff1e (0xfe043703) x14 0x0000000080012086 mem 0x0000000080031f50
core   0: 0x000000008000ff22 (0xfcf76de3) bltu    a4, a5, pc - 38
core   0: 3 0x000000008000ff22 (0xfcf76de3)
core   0: 0x000000008000fefc (0xfe043783) ld      a5, -32(s0)
core   0: 3 0x000000008000fefc (0xfe043783) x15 0x0000000080012086 mem 0x0000000080031f50
core   0: 0x000000008000ff00 (0x00178713) addi    a4, a5, 1
core   0: 3 0x000000008000ff00 (0x00178713) x14 0x0000000080012087
core   0: 0x000000008000ff04 (0xfee43023) sd      a4, -32(s0)
core   0: 3 0x000000008000ff04 (0xfee43023) mem 0x0000000080031f50 0x0000000080012087
core   0: 0x000000008000ff08 (0xfc442703) lw      a4, -60(s0)
core   0: 3 0x000000008000ff08 (0xfc442703) x14 0x0000000000000000 mem 0x0000000080031f34
core   0: 0x000000008000ff0c (0x0ff77713) andi    a4, a4, 255
core   0: 3 0x000000008000ff0c (0x0ff77713) x14 0x0000000000000000
core   0: 0x000000008000ff10 (0x00e78023) sb      a4, 0(a5)
core   0: 3 0x000000008000ff10 (0x00e78023) mem 0x0000000080012086 0x00
core   0: 0x000000008000ff14 (0xfc843703) ld      a4, -56(s0)
core   0: 3 0x000000008000ff14 (0xfc843703) x14 0x0000000080012040 mem 0x0000000080031f38
core   0: 0x000000008000ff18 (0xfb843783) ld      a5, -72(s0)
core   0: 3 0x000000008000ff18 (0xfb843783) x15 0x000000000000009c mem 0x0000000080031f28
core   0: 0x000000008000ff1c (0x000097ba) c.add   a5, a4
core   0: 3 0x000000008000ff1c (0x97ba) x15 0x00000000800120dc
core   0: 0x000000008000ff1e (0xfe043703) ld      a4, -32(s0)
core   0: 3 0x000000008000ff1e (0xfe043703) x14 0x0000000080012087 mem 0x0000000080031f50
core   0: 0x000000008000ff22 (0xfcf76de3) bltu    a4, a5, pc - 38
core   0: 3 0x000000008000ff22 (0xfcf76de3)
core   0: 0x000000008000fefc (0xfe043783) ld      a5, -32(s0)
core   0: 3 0x000000008000fefc (0xfe043783) x15 0x0000000080012087 mem 0x0000000080031f50
core   0: 0x000000008000ff00 (0x00178713) addi    a4, a5, 1
core   0: 3 0x000000008000ff00 (0x00178713) x14 0x0000000080012088
core   0: 0x000000008000ff04 (0xfee43023) sd      a4, -32(s0)
core   0: 3 0x000000008000ff04 (0xfee43023) mem 0x0000000080031f50 0x0000000080012088
core   0: 0x000000008000ff08 (0xfc442703) lw      a4, -60(s0)
core   0: 3 0x000000008000ff08 (0xfc442703) x14 0x0000000000000000 mem 0x0000000080031f34
core   0: 0x000000008000ff0c (0x0ff77713) andi    a4, a4, 255
core   0: 3 0x000000008000ff0c (0x0ff77713) x14 0x0000000000000000
core   0: 0x000000008000ff10 (0x00e78023) sb      a4, 0(a5)
core   0: 3 0x000000008000ff10 (0x00e78023) mem 0x0000000080012087 0x00
core   0: 0x000000008000ff14 (0xfc843703) ld      a4, -56(s0)
core   0: 3 0x000000008000ff14 (0xfc843703) x14 0x0000000080012040 mem 0x0000000080031f38
core   0: 0x000000008000ff18 (0xfb843783) ld      a5, -72(s0)
core   0: 3 0x000000008000ff18 (0xfb843783) x15 0x000000000000009c mem 0x0000000080031f28
core   0: 0x000000008000ff1c (0x000097ba) c.add   a5, a4
core   0: 3 0x000000008000ff1c (0x97ba) x15 0x00000000800120dc
core   0: 0x000000008000ff1e (0xfe043703) ld      a4, -32(s0)
core   0: 3 0x000000008000ff1e (0xfe043703) x14 0x0000000080012088 mem 0x0000000080031f50
core   0: 0x000000008000ff22 (0xfcf76de3) bltu    a4, a5, pc - 38
core   0: 3 0x000000008000ff22 (0xfcf76de3)
core   0: 0x000000008000fefc (0xfe043783) ld      a5, -32(s0)
core   0: 3 0x000000008000fefc (0xfe043783) x15 0x0000000080012088 mem 0x0000000080031f50
core   0: 0x000000008000ff00 (0x00178713) addi    a4, a5, 1
core   0: 3 0x000000008000ff00 (0x00178713) x14 0x0000000080012089
core   0: 0x000000008000ff04 (0xfee43023) sd      a4, -32(s0)
core   0: 3 0x000000008000ff04 (0xfee43023) mem 0x0000000080031f50 0x0000000080012089
core   0: 0x000000008000ff08 (0xfc442703) lw      a4, -60(s0)
core   0: 3 0x000000008000ff08 (0xfc442703) x14 0x0000000000000000 mem 0x0000000080031f34
core   0: 0x000000008000ff0c (0x0ff77713) andi    a4, a4, 255
core   0: 3 0x000000008000ff0c (0x0ff77713) x14 0x0000000000000000
core   0: 0x000000008000ff10 (0x00e78023) sb      a4, 0(a5)
core   0: 3 0x000000008000ff10 (0x00e78023) mem 0x0000000080012088 0x00
core   0: 0x000000008000ff14 (0xfc843703) ld      a4, -56(s0)
core   0: 3 0x000000008000ff14 (0xfc843703) x14 0x0000000080012040 mem 0x0000000080031f38
core   0: 0x000000008000ff18 (0xfb843783) ld      a5, -72(s0)
core   0: 3 0x000000008000ff18 (0xfb843783) x15 0x000000000000009c mem 0x0000000080031f28
core   0: 0x000000008000ff1c (0x000097ba) c.add   a5, a4
core   0: 3 0x000000008000ff1c (0x97ba) x15 0x00000000800120dc
core   0: 0x000000008000ff1e (0xfe043703) ld      a4, -32(s0)
core   0: 3 0x000000008000ff1e (0xfe043703) x14 0x0000000080012089 mem 0x0000000080031f50
core   0: 0x000000008000ff22 (0xfcf76de3) bltu    a4, a5, pc - 38
core   0: 3 0x000000008000ff22 (0xfcf76de3)
core   0: 0x000000008000fefc (0xfe043783) ld      a5, -32(s0)
core   0: 3 0x000000008000fefc (0xfe043783) x15 0x0000000080012089 mem 0x0000000080031f50
core   0: 0x000000008000ff00 (0x00178713) addi    a4, a5, 1
core   0: 3 0x000000008000ff00 (0x00178713) x14 0x000000008001208a
core   0: 0x000000008000ff04 (0xfee43023) sd      a4, -32(s0)
core   0: 3 0x000000008000ff04 (0xfee43023) mem 0x0000000080031f50 0x000000008001208a
core   0: 0x000000008000ff08 (0xfc442703) lw      a4, -60(s0)
core   0: 3 0x000000008000ff08 (0xfc442703) x14 0x0000000000000000 mem 0x0000000080031f34
core   0: 0x000000008000ff0c (0x0ff77713) andi    a4, a4, 255
core   0: 3 0x000000008000ff0c (0x0ff77713) x14 0x0000000000000000
core   0: 0x000000008000ff10 (0x00e78023) sb      a4, 0(a5)
core   0: 3 0x000000008000ff10 (0x00e78023) mem 0x0000000080012089 0x00
core   0: 0x000000008000ff14 (0xfc843703) ld      a4, -56(s0)
core   0: 3 0x000000008000ff14 (0xfc843703) x14 0x0000000080012040 mem 0x0000000080031f38
core   0: 0x000000008000ff18 (0xfb843783) ld      a5, -72(s0)
core   0: 3 0x000000008000ff18 (0xfb843783) x15 0x000000000000009c mem 0x0000000080031f28
core   0: 0x000000008000ff1c (0x000097ba) c.add   a5, a4
core   0: 3 0x000000008000ff1c (0x97ba) x15 0x00000000800120dc
core   0: 0x000000008000ff1e (0xfe043703) ld      a4, -32(s0)
core   0: 3 0x000000008000ff1e (0xfe043703) x14 0x000000008001208a mem 0x0000000080031f50
core   0: 0x000000008000ff22 (0xfcf76de3) bltu    a4, a5, pc - 38
core   0: 3 0x000000008000ff22 (0xfcf76de3)
core   0: 0x000000008000fefc (0xfe043783) ld      a5, -32(s0)
core   0: 3 0x000000008000fefc (0xfe043783) x15 0x000000008001208a mem 0x0000000080031f50
core   0: 0x000000008000ff00 (0x00178713) addi    a4, a5, 1
core   0: 3 0x000000008000ff00 (0x00178713) x14 0x000000008001208b
core   0: 0x000000008000ff04 (0xfee43023) sd      a4, -32(s0)
core   0: 3 0x000000008000ff04 (0xfee43023) mem 0x0000000080031f50 0x000000008001208b
core   0: 0x000000008000ff08 (0xfc442703) lw      a4, -60(s0)
core   0: 3 0x000000008000ff08 (0xfc442703) x14 0x0000000000000000 mem 0x0000000080031f34
core   0: 0x000000008000ff0c (0x0ff77713) andi    a4, a4, 255
core   0: 3 0x000000008000ff0c (0x0ff77713) x14 0x0000000000000000
core   0: 0x000000008000ff10 (0x00e78023) sb      a4, 0(a5)
core   0: 3 0x000000008000ff10 (0x00e78023) mem 0x000000008001208a 0x00
core   0: 0x000000008000ff14 (0xfc843703) ld      a4, -56(s0)
core   0: 3 0x000000008000ff14 (0xfc843703) x14 0x0000000080012040 mem 0x0000000080031f38
core   0: 0x000000008000ff18 (0xfb843783) ld      a5, -72(s0)
core   0: 3 0x000000008000ff18 (0xfb843783) x15 0x000000000000009c mem 0x0000000080031f28
core   0: 0x000000008000ff1c (0x000097ba) c.add   a5, a4
core   0: 3 0x000000008000ff1c (0x97ba) x15 0x00000000800120dc
core   0: 0x000000008000ff1e (0xfe043703) ld      a4, -32(s0)
core   0: 3 0x000000008000ff1e (0xfe043703) x14 0x000000008001208b mem 0x0000000080031f50
core   0: 0x000000008000ff22 (0xfcf76de3) bltu    a4, a5, pc - 38
core   0: 3 0x000000008000ff22 (0xfcf76de3)
core   0: 0x000000008000fefc (0xfe043783) ld      a5, -32(s0)
core   0: 3 0x000000008000fefc (0xfe043783) x15 0x000000008001208b mem 0x0000000080031f50
core   0: 0x000000008000ff00 (0x00178713) addi    a4, a5, 1
core   0: 3 0x000000008000ff00 (0x00178713) x14 0x000000008001208c
core   0: 0x000000008000ff04 (0xfee43023) sd      a4, -32(s0)
core   0: 3 0x000000008000ff04 (0xfee43023) mem 0x0000000080031f50 0x000000008001208c
core   0: 0x000000008000ff08 (0xfc442703) lw      a4, -60(s0)
core   0: 3 0x000000008000ff08 (0xfc442703) x14 0x0000000000000000 mem 0x0000000080031f34
core   0: 0x000000008000ff0c (0x0ff77713) andi    a4, a4, 255
core   0: 3 0x000000008000ff0c (0x0ff77713) x14 0x0000000000000000
core   0: 0x000000008000ff10 (0x00e78023) sb      a4, 0(a5)
core   0: 3 0x000000008000ff10 (0x00e78023) mem 0x000000008001208b 0x00
core   0: 0x000000008000ff14 (0xfc843703) ld      a4, -56(s0)
core   0: 3 0x000000008000ff14 (0xfc843703) x14 0x0000000080012040 mem 0x0000000080031f38
core   0: 0x000000008000ff18 (0xfb843783) ld      a5, -72(s0)
core   0: 3 0x000000008000ff18 (0xfb843783) x15 0x000000000000009c mem 0x0000000080031f28
core   0: 0x000000008000ff1c (0x000097ba) c.add   a5, a4
core   0: 3 0x000000008000ff1c (0x97ba) x15 0x00000000800120dc
core   0: 0x000000008000ff1e (0xfe043703) ld      a4, -32(s0)
core   0: 3 0x000000008000ff1e (0xfe043703) x14 0x000000008001208c mem 0x0000000080031f50
core   0: 0x000000008000ff22 (0xfcf76de3) bltu    a4, a5, pc - 38
core   0: 3 0x000000008000ff22 (0xfcf76de3)
core   0: 0x000000008000fefc (0xfe043783) ld      a5, -32(s0)
core   0: 3 0x000000008000fefc (0xfe043783) x15 0x000000008001208c mem 0x0000000080031f50
core   0: 0x000000008000ff00 (0x00178713) addi    a4, a5, 1
core   0: 3 0x000000008000ff00 (0x00178713) x14 0x000000008001208d
core   0: 0x000000008000ff04 (0xfee43023) sd      a4, -32(s0)
core   0: 3 0x000000008000ff04 (0xfee43023) mem 0x0000000080031f50 0x000000008001208d
core   0: 0x000000008000ff08 (0xfc442703) lw      a4, -60(s0)
core   0: 3 0x000000008000ff08 (0xfc442703) x14 0x0000000000000000 mem 0x0000000080031f34
core   0: 0x000000008000ff0c (0x0ff77713) andi    a4, a4, 255
core   0: 3 0x000000008000ff0c (0x0ff77713) x14 0x0000000000000000
core   0: 0x000000008000ff10 (0x00e78023) sb      a4, 0(a5)
core   0: 3 0x000000008000ff10 (0x00e78023) mem 0x000000008001208c 0x00
core   0: 0x000000008000ff14 (0xfc843703) ld      a4, -56(s0)
core   0: 3 0x000000008000ff14 (0xfc843703) x14 0x0000000080012040 mem 0x0000000080031f38
core   0: 0x000000008000ff18 (0xfb843783) ld      a5, -72(s0)
core   0: 3 0x000000008000ff18 (0xfb843783) x15 0x000000000000009c mem 0x0000000080031f28
core   0: 0x000000008000ff1c (0x000097ba) c.add   a5, a4
core   0: 3 0x000000008000ff1c (0x97ba) x15 0x00000000800120dc
core   0: 0x000000008000ff1e (0xfe043703) ld      a4, -32(s0)
core   0: 3 0x000000008000ff1e (0xfe043703) x14 0x000000008001208d mem 0x0000000080031f50
core   0: 0x000000008000ff22 (0xfcf76de3) bltu    a4, a5, pc - 38
core   0: 3 0x000000008000ff22 (0xfcf76de3)
core   0: 0x000000008000fefc (0xfe043783) ld      a5, -32(s0)
core   0: 3 0x000000008000fefc (0xfe043783) x15 0x000000008001208d mem 0x0000000080031f50
core   0: 0x000000008000ff00 (0x00178713) addi    a4, a5, 1
core   0: 3 0x000000008000ff00 (0x00178713) x14 0x000000008001208e
core   0: 0x000000008000ff04 (0xfee43023) sd      a4, -32(s0)
core   0: 3 0x000000008000ff04 (0xfee43023) mem 0x0000000080031f50 0x000000008001208e
core   0: 0x000000008000ff08 (0xfc442703) lw      a4, -60(s0)
core   0: 3 0x000000008000ff08 (0xfc442703) x14 0x0000000000000000 mem 0x0000000080031f34
core   0: 0x000000008000ff0c (0x0ff77713) andi    a4, a4, 255
core   0: 3 0x000000008000ff0c (0x0ff77713) x14 0x0000000000000000
core   0: 0x000000008000ff10 (0x00e78023) sb      a4, 0(a5)
core   0: 3 0x000000008000ff10 (0x00e78023) mem 0x000000008001208d 0x00
core   0: 0x000000008000ff14 (0xfc843703) ld      a4, -56(s0)
core   0: 3 0x000000008000ff14 (0xfc843703) x14 0x0000000080012040 mem 0x0000000080031f38
core   0: 0x000000008000ff18 (0xfb843783) ld      a5, -72(s0)
core   0: 3 0x000000008000ff18 (0xfb843783) x15 0x000000000000009c mem 0x0000000080031f28
core   0: 0x000000008000ff1c (0x000097ba) c.add   a5, a4
core   0: 3 0x000000008000ff1c (0x97ba) x15 0x00000000800120dc
core   0: 0x000000008000ff1e (0xfe043703) ld      a4, -32(s0)
core   0: 3 0x000000008000ff1e (0xfe043703) x14 0x000000008001208e mem 0x0000000080031f50
core   0: 0x000000008000ff22 (0xfcf76de3) bltu    a4, a5, pc - 38
core   0: 3 0x000000008000ff22 (0xfcf76de3)
core   0: 0x000000008000fefc (0xfe043783) ld      a5, -32(s0)
core   0: 3 0x000000008000fefc (0xfe043783) x15 0x000000008001208e mem 0x0000000080031f50
core   0: 0x000000008000ff00 (0x00178713) addi    a4, a5, 1
core   0: 3 0x000000008000ff00 (0x00178713) x14 0x000000008001208f
core   0: 0x000000008000ff04 (0xfee43023) sd      a4, -32(s0)
core   0: 3 0x000000008000ff04 (0xfee43023) mem 0x0000000080031f50 0x000000008001208f
core   0: 0x000000008000ff08 (0xfc442703) lw      a4, -60(s0)
core   0: 3 0x000000008000ff08 (0xfc442703) x14 0x0000000000000000 mem 0x0000000080031f34
core   0: 0x000000008000ff0c (0x0ff77713) andi    a4, a4, 255
core   0: 3 0x000000008000ff0c (0x0ff77713) x14 0x0000000000000000
core   0: 0x000000008000ff10 (0x00e78023) sb      a4, 0(a5)
core   0: 3 0x000000008000ff10 (0x00e78023) mem 0x000000008001208e 0x00
core   0: 0x000000008000ff14 (0xfc843703) ld      a4, -56(s0)
core   0: 3 0x000000008000ff14 (0xfc843703) x14 0x0000000080012040 mem 0x0000000080031f38
core   0: 0x000000008000ff18 (0xfb843783) ld      a5, -72(s0)
core   0: 3 0x000000008000ff18 (0xfb843783) x15 0x000000000000009c mem 0x0000000080031f28
core   0: 0x000000008000ff1c (0x000097ba) c.add   a5, a4
core   0: 3 0x000000008000ff1c (0x97ba) x15 0x00000000800120dc
core   0: 0x000000008000ff1e (0xfe043703) ld      a4, -32(s0)
core   0: 3 0x000000008000ff1e (0xfe043703) x14 0x000000008001208f mem 0x0000000080031f50
core   0: 0x000000008000ff22 (0xfcf76de3) bltu    a4, a5, pc - 38
core   0: 3 0x000000008000ff22 (0xfcf76de3)
core   0: 0x000000008000fefc (0xfe043783) ld      a5, -32(s0)
core   0: 3 0x000000008000fefc (0xfe043783) x15 0x000000008001208f mem 0x0000000080031f50
core   0: 0x000000008000ff00 (0x00178713) addi    a4, a5, 1
core   0: 3 0x000000008000ff00 (0x00178713) x14 0x0000000080012090
core   0: 0x000000008000ff04 (0xfee43023) sd      a4, -32(s0)
core   0: 3 0x000000008000ff04 (0xfee43023) mem 0x0000000080031f50 0x0000000080012090
core   0: 0x000000008000ff08 (0xfc442703) lw      a4, -60(s0)
core   0: 3 0x000000008000ff08 (0xfc442703) x14 0x0000000000000000 mem 0x0000000080031f34
core   0: 0x000000008000ff0c (0x0ff77713) andi    a4, a4, 255
core   0: 3 0x000000008000ff0c (0x0ff77713) x14 0x0000000000000000
core   0: 0x000000008000ff10 (0x00e78023) sb      a4, 0(a5)
core   0: 3 0x000000008000ff10 (0x00e78023) mem 0x000000008001208f 0x00
core   0: 0x000000008000ff14 (0xfc843703) ld      a4, -56(s0)
core   0: 3 0x000000008000ff14 (0xfc843703) x14 0x0000000080012040 mem 0x0000000080031f38
core   0: 0x000000008000ff18 (0xfb843783) ld      a5, -72(s0)
core   0: 3 0x000000008000ff18 (0xfb843783) x15 0x000000000000009c mem 0x0000000080031f28
core   0: 0x000000008000ff1c (0x000097ba) c.add   a5, a4
core   0: 3 0x000000008000ff1c (0x97ba) x15 0x00000000800120dc
core   0: 0x000000008000ff1e (0xfe043703) ld      a4, -32(s0)
core   0: 3 0x000000008000ff1e (0xfe043703) x14 0x0000000080012090 mem 0x0000000080031f50
core   0: 0x000000008000ff22 (0xfcf76de3) bltu    a4, a5, pc - 38
core   0: 3 0x000000008000ff22 (0xfcf76de3)
core   0: 0x000000008000fefc (0xfe043783) ld      a5, -32(s0)
core   0: 3 0x000000008000fefc (0xfe043783) x15 0x0000000080012090 mem 0x0000000080031f50
core   0: 0x000000008000ff00 (0x00178713) addi    a4, a5, 1
core   0: 3 0x000000008000ff00 (0x00178713) x14 0x0000000080012091
core   0: 0x000000008000ff04 (0xfee43023) sd      a4, -32(s0)
core   0: 3 0x000000008000ff04 (0xfee43023) mem 0x0000000080031f50 0x0000000080012091
core   0: 0x000000008000ff08 (0xfc442703) lw      a4, -60(s0)
core   0: 3 0x000000008000ff08 (0xfc442703) x14 0x0000000000000000 mem 0x0000000080031f34
core   0: 0x000000008000ff0c (0x0ff77713) andi    a4, a4, 255
core   0: 3 0x000000008000ff0c (0x0ff77713) x14 0x0000000000000000
core   0: 0x000000008000ff10 (0x00e78023) sb      a4, 0(a5)
core   0: 3 0x000000008000ff10 (0x00e78023) mem 0x0000000080012090 0x00
core   0: 0x000000008000ff14 (0xfc843703) ld      a4, -56(s0)
core   0: 3 0x000000008000ff14 (0xfc843703) x14 0x0000000080012040 mem 0x0000000080031f38
core   0: 0x000000008000ff18 (0xfb843783) ld      a5, -72(s0)
core   0: 3 0x000000008000ff18 (0xfb843783) x15 0x000000000000009c mem 0x0000000080031f28
core   0: 0x000000008000ff1c (0x000097ba) c.add   a5, a4
core   0: 3 0x000000008000ff1c (0x97ba) x15 0x00000000800120dc
core   0: 0x000000008000ff1e (0xfe043703) ld      a4, -32(s0)
core   0: 3 0x000000008000ff1e (0xfe043703) x14 0x0000000080012091 mem 0x0000000080031f50
core   0: 0x000000008000ff22 (0xfcf76de3) bltu    a4, a5, pc - 38
core   0: 3 0x000000008000ff22 (0xfcf76de3)
core   0: 0x000000008000fefc (0xfe043783) ld      a5, -32(s0)
core   0: 3 0x000000008000fefc (0xfe043783) x15 0x0000000080012091 mem 0x0000000080031f50
core   0: 0x000000008000ff00 (0x00178713) addi    a4, a5, 1
core   0: 3 0x000000008000ff00 (0x00178713) x14 0x0000000080012092
core   0: 0x000000008000ff04 (0xfee43023) sd      a4, -32(s0)
core   0: 3 0x000000008000ff04 (0xfee43023) mem 0x0000000080031f50 0x0000000080012092
core   0: 0x000000008000ff08 (0xfc442703) lw      a4, -60(s0)
core   0: 3 0x000000008000ff08 (0xfc442703) x14 0x0000000000000000 mem 0x0000000080031f34
core   0: 0x000000008000ff0c (0x0ff77713) andi    a4, a4, 255
core   0: 3 0x000000008000ff0c (0x0ff77713) x14 0x0000000000000000
core   0: 0x000000008000ff10 (0x00e78023) sb      a4, 0(a5)
core   0: 3 0x000000008000ff10 (0x00e78023) mem 0x0000000080012091 0x00
core   0: 0x000000008000ff14 (0xfc843703) ld      a4, -56(s0)
core   0: 3 0x000000008000ff14 (0xfc843703) x14 0x0000000080012040 mem 0x0000000080031f38
core   0: 0x000000008000ff18 (0xfb843783) ld      a5, -72(s0)
core   0: 3 0x000000008000ff18 (0xfb843783) x15 0x000000000000009c mem 0x0000000080031f28
core   0: 0x000000008000ff1c (0x000097ba) c.add   a5, a4
core   0: 3 0x000000008000ff1c (0x97ba) x15 0x00000000800120dc
core   0: 0x000000008000ff1e (0xfe043703) ld      a4, -32(s0)
core   0: 3 0x000000008000ff1e (0xfe043703) x14 0x0000000080012092 mem 0x0000000080031f50
core   0: 0x000000008000ff22 (0xfcf76de3) bltu    a4, a5, pc - 38
core   0: 3 0x000000008000ff22 (0xfcf76de3)
core   0: 0x000000008000fefc (0xfe043783) ld      a5, -32(s0)
core   0: 3 0x000000008000fefc (0xfe043783) x15 0x0000000080012092 mem 0x0000000080031f50
core   0: 0x000000008000ff00 (0x00178713) addi    a4, a5, 1
core   0: 3 0x000000008000ff00 (0x00178713) x14 0x0000000080012093
core   0: 0x000000008000ff04 (0xfee43023) sd      a4, -32(s0)
core   0: 3 0x000000008000ff04 (0xfee43023) mem 0x0000000080031f50 0x0000000080012093
core   0: 0x000000008000ff08 (0xfc442703) lw      a4, -60(s0)
core   0: 3 0x000000008000ff08 (0xfc442703) x14 0x0000000000000000 mem 0x0000000080031f34
core   0: 0x000000008000ff0c (0x0ff77713) andi    a4, a4, 255
core   0: 3 0x000000008000ff0c (0x0ff77713) x14 0x0000000000000000
core   0: 0x000000008000ff10 (0x00e78023) sb      a4, 0(a5)
core   0: 3 0x000000008000ff10 (0x00e78023) mem 0x0000000080012092 0x00
core   0: 0x000000008000ff14 (0xfc843703) ld      a4, -56(s0)
core   0: 3 0x000000008000ff14 (0xfc843703) x14 0x0000000080012040 mem 0x0000000080031f38
core   0: 0x000000008000ff18 (0xfb843783) ld      a5, -72(s0)
core   0: 3 0x000000008000ff18 (0xfb843783) x15 0x000000000000009c mem 0x0000000080031f28
core   0: 0x000000008000ff1c (0x000097ba) c.add   a5, a4
core   0: 3 0x000000008000ff1c (0x97ba) x15 0x00000000800120dc
core   0: 0x000000008000ff1e (0xfe043703) ld      a4, -32(s0)
core   0: 3 0x000000008000ff1e (0xfe043703) x14 0x0000000080012093 mem 0x0000000080031f50
core   0: 0x000000008000ff22 (0xfcf76de3) bltu    a4, a5, pc - 38
core   0: 3 0x000000008000ff22 (0xfcf76de3)
core   0: 0x000000008000fefc (0xfe043783) ld      a5, -32(s0)
core   0: 3 0x000000008000fefc (0xfe043783) x15 0x0000000080012093 mem 0x0000000080031f50
core   0: 0x000000008000ff00 (0x00178713) addi    a4, a5, 1
core   0: 3 0x000000008000ff00 (0x00178713) x14 0x0000000080012094
core   0: 0x000000008000ff04 (0xfee43023) sd      a4, -32(s0)
core   0: 3 0x000000008000ff04 (0xfee43023) mem 0x0000000080031f50 0x0000000080012094
core   0: 0x000000008000ff08 (0xfc442703) lw      a4, -60(s0)
core   0: 3 0x000000008000ff08 (0xfc442703) x14 0x0000000000000000 mem 0x0000000080031f34
core   0: 0x000000008000ff0c (0x0ff77713) andi    a4, a4, 255
core   0: 3 0x000000008000ff0c (0x0ff77713) x14 0x0000000000000000
core   0: 0x000000008000ff10 (0x00e78023) sb      a4, 0(a5)
core   0: 3 0x000000008000ff10 (0x00e78023) mem 0x0000000080012093 0x00
core   0: 0x000000008000ff14 (0xfc843703) ld      a4, -56(s0)
core   0: 3 0x000000008000ff14 (0xfc843703) x14 0x0000000080012040 mem 0x0000000080031f38
core   0: 0x000000008000ff18 (0xfb843783) ld      a5, -72(s0)
core   0: 3 0x000000008000ff18 (0xfb843783) x15 0x000000000000009c mem 0x0000000080031f28
core   0: 0x000000008000ff1c (0x000097ba) c.add   a5, a4
core   0: 3 0x000000008000ff1c (0x97ba) x15 0x00000000800120dc
core   0: 0x000000008000ff1e (0xfe043703) ld      a4, -32(s0)
core   0: 3 0x000000008000ff1e (0xfe043703) x14 0x0000000080012094 mem 0x0000000080031f50
core   0: 0x000000008000ff22 (0xfcf76de3) bltu    a4, a5, pc - 38
core   0: 3 0x000000008000ff22 (0xfcf76de3)
core   0: 0x000000008000fefc (0xfe043783) ld      a5, -32(s0)
core   0: 3 0x000000008000fefc (0xfe043783) x15 0x0000000080012094 mem 0x0000000080031f50
core   0: 0x000000008000ff00 (0x00178713) addi    a4, a5, 1
core   0: 3 0x000000008000ff00 (0x00178713) x14 0x0000000080012095
core   0: 0x000000008000ff04 (0xfee43023) sd      a4, -32(s0)
core   0: 3 0x000000008000ff04 (0xfee43023) mem 0x0000000080031f50 0x0000000080012095
core   0: 0x000000008000ff08 (0xfc442703) lw      a4, -60(s0)
core   0: 3 0x000000008000ff08 (0xfc442703) x14 0x0000000000000000 mem 0x0000000080031f34
core   0: 0x000000008000ff0c (0x0ff77713) andi    a4, a4, 255
core   0: 3 0x000000008000ff0c (0x0ff77713) x14 0x0000000000000000
core   0: 0x000000008000ff10 (0x00e78023) sb      a4, 0(a5)
core   0: 3 0x000000008000ff10 (0x00e78023) mem 0x0000000080012094 0x00
core   0: 0x000000008000ff14 (0xfc843703) ld      a4, -56(s0)
core   0: 3 0x000000008000ff14 (0xfc843703) x14 0x0000000080012040 mem 0x0000000080031f38
core   0: 0x000000008000ff18 (0xfb843783) ld      a5, -72(s0)
core   0: 3 0x000000008000ff18 (0xfb843783) x15 0x000000000000009c mem 0x0000000080031f28
core   0: 0x000000008000ff1c (0x000097ba) c.add   a5, a4
core   0: 3 0x000000008000ff1c (0x97ba) x15 0x00000000800120dc
core   0: 0x000000008000ff1e (0xfe043703) ld      a4, -32(s0)
core   0: 3 0x000000008000ff1e (0xfe043703) x14 0x0000000080012095 mem 0x0000000080031f50
core   0: 0x000000008000ff22 (0xfcf76de3) bltu    a4, a5, pc - 38
core   0: 3 0x000000008000ff22 (0xfcf76de3)
core   0: 0x000000008000fefc (0xfe043783) ld      a5, -32(s0)
core   0: 3 0x000000008000fefc (0xfe043783) x15 0x0000000080012095 mem 0x0000000080031f50
core   0: 0x000000008000ff00 (0x00178713) addi    a4, a5, 1
core   0: 3 0x000000008000ff00 (0x00178713) x14 0x0000000080012096
core   0: 0x000000008000ff04 (0xfee43023) sd      a4, -32(s0)
core   0: 3 0x000000008000ff04 (0xfee43023) mem 0x0000000080031f50 0x0000000080012096
core   0: 0x000000008000ff08 (0xfc442703) lw      a4, -60(s0)
core   0: 3 0x000000008000ff08 (0xfc442703) x14 0x0000000000000000 mem 0x0000000080031f34
core   0: 0x000000008000ff0c (0x0ff77713) andi    a4, a4, 255
core   0: 3 0x000000008000ff0c (0x0ff77713) x14 0x0000000000000000
core   0: 0x000000008000ff10 (0x00e78023) sb      a4, 0(a5)
core   0: 3 0x000000008000ff10 (0x00e78023) mem 0x0000000080012095 0x00
core   0: 0x000000008000ff14 (0xfc843703) ld      a4, -56(s0)
core   0: 3 0x000000008000ff14 (0xfc843703) x14 0x0000000080012040 mem 0x0000000080031f38
core   0: 0x000000008000ff18 (0xfb843783) ld      a5, -72(s0)
core   0: 3 0x000000008000ff18 (0xfb843783) x15 0x000000000000009c mem 0x0000000080031f28
core   0: 0x000000008000ff1c (0x000097ba) c.add   a5, a4
core   0: 3 0x000000008000ff1c (0x97ba) x15 0x00000000800120dc
core   0: 0x000000008000ff1e (0xfe043703) ld      a4, -32(s0)
core   0: 3 0x000000008000ff1e (0xfe043703) x14 0x0000000080012096 mem 0x0000000080031f50
core   0: 0x000000008000ff22 (0xfcf76de3) bltu    a4, a5, pc - 38
core   0: 3 0x000000008000ff22 (0xfcf76de3)
core   0: 0x000000008000fefc (0xfe043783) ld      a5, -32(s0)
core   0: 3 0x000000008000fefc (0xfe043783) x15 0x0000000080012096 mem 0x0000000080031f50
core   0: 0x000000008000ff00 (0x00178713) addi    a4, a5, 1
core   0: 3 0x000000008000ff00 (0x00178713) x14 0x0000000080012097
core   0: 0x000000008000ff04 (0xfee43023) sd      a4, -32(s0)
core   0: 3 0x000000008000ff04 (0xfee43023) mem 0x0000000080031f50 0x0000000080012097
core   0: 0x000000008000ff08 (0xfc442703) lw      a4, -60(s0)
core   0: 3 0x000000008000ff08 (0xfc442703) x14 0x0000000000000000 mem 0x0000000080031f34
core   0: 0x000000008000ff0c (0x0ff77713) andi    a4, a4, 255
core   0: 3 0x000000008000ff0c (0x0ff77713) x14 0x0000000000000000
core   0: 0x000000008000ff10 (0x00e78023) sb      a4, 0(a5)
core   0: 3 0x000000008000ff10 (0x00e78023) mem 0x0000000080012096 0x00
core   0: 0x000000008000ff14 (0xfc843703) ld      a4, -56(s0)
core   0: 3 0x000000008000ff14 (0xfc843703) x14 0x0000000080012040 mem 0x0000000080031f38
core   0: 0x000000008000ff18 (0xfb843783) ld      a5, -72(s0)
core   0: 3 0x000000008000ff18 (0xfb843783) x15 0x000000000000009c mem 0x0000000080031f28
core   0: 0x000000008000ff1c (0x000097ba) c.add   a5, a4
core   0: 3 0x000000008000ff1c (0x97ba) x15 0x00000000800120dc
core   0: 0x000000008000ff1e (0xfe043703) ld      a4, -32(s0)
core   0: 3 0x000000008000ff1e (0xfe043703) x14 0x0000000080012097 mem 0x0000000080031f50
core   0: 0x000000008000ff22 (0xfcf76de3) bltu    a4, a5, pc - 38
core   0: 3 0x000000008000ff22 (0xfcf76de3)
core   0: 0x000000008000fefc (0xfe043783) ld      a5, -32(s0)
core   0: 3 0x000000008000fefc (0xfe043783) x15 0x0000000080012097 mem 0x0000000080031f50
core   0: 0x000000008000ff00 (0x00178713) addi    a4, a5, 1
core   0: 3 0x000000008000ff00 (0x00178713) x14 0x0000000080012098
core   0: 0x000000008000ff04 (0xfee43023) sd      a4, -32(s0)
core   0: 3 0x000000008000ff04 (0xfee43023) mem 0x0000000080031f50 0x0000000080012098
core   0: 0x000000008000ff08 (0xfc442703) lw      a4, -60(s0)
core   0: 3 0x000000008000ff08 (0xfc442703) x14 0x0000000000000000 mem 0x0000000080031f34
core   0: 0x000000008000ff0c (0x0ff77713) andi    a4, a4, 255
core   0: 3 0x000000008000ff0c (0x0ff77713) x14 0x0000000000000000
core   0: 0x000000008000ff10 (0x00e78023) sb      a4, 0(a5)
core   0: 3 0x000000008000ff10 (0x00e78023) mem 0x0000000080012097 0x00
core   0: 0x000000008000ff14 (0xfc843703) ld      a4, -56(s0)
core   0: 3 0x000000008000ff14 (0xfc843703) x14 0x0000000080012040 mem 0x0000000080031f38
core   0: 0x000000008000ff18 (0xfb843783) ld      a5, -72(s0)
core   0: 3 0x000000008000ff18 (0xfb843783) x15 0x000000000000009c mem 0x0000000080031f28
core   0: 0x000000008000ff1c (0x000097ba) c.add   a5, a4
core   0: 3 0x000000008000ff1c (0x97ba) x15 0x00000000800120dc
core   0: 0x000000008000ff1e (0xfe043703) ld      a4, -32(s0)
core   0: 3 0x000000008000ff1e (0xfe043703) x14 0x0000000080012098 mem 0x0000000080031f50
core   0: 0x000000008000ff22 (0xfcf76de3) bltu    a4, a5, pc - 38
core   0: 3 0x000000008000ff22 (0xfcf76de3)
core   0: 0x000000008000fefc (0xfe043783) ld      a5, -32(s0)
core   0: 3 0x000000008000fefc (0xfe043783) x15 0x0000000080012098 mem 0x0000000080031f50
core   0: 0x000000008000ff00 (0x00178713) addi    a4, a5, 1
core   0: 3 0x000000008000ff00 (0x00178713) x14 0x0000000080012099
core   0: 0x000000008000ff04 (0xfee43023) sd      a4, -32(s0)
core   0: 3 0x000000008000ff04 (0xfee43023) mem 0x0000000080031f50 0x0000000080012099
core   0: 0x000000008000ff08 (0xfc442703) lw      a4, -60(s0)
core   0: 3 0x000000008000ff08 (0xfc442703) x14 0x0000000000000000 mem 0x0000000080031f34
core   0: 0x000000008000ff0c (0x0ff77713) andi    a4, a4, 255
core   0: 3 0x000000008000ff0c (0x0ff77713) x14 0x0000000000000000
core   0: 0x000000008000ff10 (0x00e78023) sb      a4, 0(a5)
core   0: 3 0x000000008000ff10 (0x00e78023) mem 0x0000000080012098 0x00
core   0: 0x000000008000ff14 (0xfc843703) ld      a4, -56(s0)
core   0: 3 0x000000008000ff14 (0xfc843703) x14 0x0000000080012040 mem 0x0000000080031f38
core   0: 0x000000008000ff18 (0xfb843783) ld      a5, -72(s0)
core   0: 3 0x000000008000ff18 (0xfb843783) x15 0x000000000000009c mem 0x0000000080031f28
core   0: 0x000000008000ff1c (0x000097ba) c.add   a5, a4
core   0: 3 0x000000008000ff1c (0x97ba) x15 0x00000000800120dc
core   0: 0x000000008000ff1e (0xfe043703) ld      a4, -32(s0)
core   0: 3 0x000000008000ff1e (0xfe043703) x14 0x0000000080012099 mem 0x0000000080031f50
core   0: 0x000000008000ff22 (0xfcf76de3) bltu    a4, a5, pc - 38
core   0: 3 0x000000008000ff22 (0xfcf76de3)
core   0: 0x000000008000fefc (0xfe043783) ld      a5, -32(s0)
core   0: 3 0x000000008000fefc (0xfe043783) x15 0x0000000080012099 mem 0x0000000080031f50
core   0: 0x000000008000ff00 (0x00178713) addi    a4, a5, 1
core   0: 3 0x000000008000ff00 (0x00178713) x14 0x000000008001209a
core   0: 0x000000008000ff04 (0xfee43023) sd      a4, -32(s0)
core   0: 3 0x000000008000ff04 (0xfee43023) mem 0x0000000080031f50 0x000000008001209a
core   0: 0x000000008000ff08 (0xfc442703) lw      a4, -60(s0)
core   0: 3 0x000000008000ff08 (0xfc442703) x14 0x0000000000000000 mem 0x0000000080031f34
core   0: 0x000000008000ff0c (0x0ff77713) andi    a4, a4, 255
core   0: 3 0x000000008000ff0c (0x0ff77713) x14 0x0000000000000000
core   0: 0x000000008000ff10 (0x00e78023) sb      a4, 0(a5)
core   0: 3 0x000000008000ff10 (0x00e78023) mem 0x0000000080012099 0x00
core   0: 0x000000008000ff14 (0xfc843703) ld      a4, -56(s0)
core   0: 3 0x000000008000ff14 (0xfc843703) x14 0x0000000080012040 mem 0x0000000080031f38
core   0: 0x000000008000ff18 (0xfb843783) ld      a5, -72(s0)
core   0: 3 0x000000008000ff18 (0xfb843783) x15 0x000000000000009c mem 0x0000000080031f28
core   0: 0x000000008000ff1c (0x000097ba) c.add   a5, a4
core   0: 3 0x000000008000ff1c (0x97ba) x15 0x00000000800120dc
core   0: 0x000000008000ff1e (0xfe043703) ld      a4, -32(s0)
core   0: 3 0x000000008000ff1e (0xfe043703) x14 0x000000008001209a mem 0x0000000080031f50
core   0: 0x000000008000ff22 (0xfcf76de3) bltu    a4, a5, pc - 38
core   0: 3 0x000000008000ff22 (0xfcf76de3)
core   0: 0x000000008000fefc (0xfe043783) ld      a5, -32(s0)
core   0: 3 0x000000008000fefc (0xfe043783) x15 0x000000008001209a mem 0x0000000080031f50
core   0: 0x000000008000ff00 (0x00178713) addi    a4, a5, 1
core   0: 3 0x000000008000ff00 (0x00178713) x14 0x000000008001209b
core   0: 0x000000008000ff04 (0xfee43023) sd      a4, -32(s0)
core   0: 3 0x000000008000ff04 (0xfee43023) mem 0x0000000080031f50 0x000000008001209b
core   0: 0x000000008000ff08 (0xfc442703) lw      a4, -60(s0)
core   0: 3 0x000000008000ff08 (0xfc442703) x14 0x0000000000000000 mem 0x0000000080031f34
core   0: 0x000000008000ff0c (0x0ff77713) andi    a4, a4, 255
core   0: 3 0x000000008000ff0c (0x0ff77713) x14 0x0000000000000000
core   0: 0x000000008000ff10 (0x00e78023) sb      a4, 0(a5)
core   0: 3 0x000000008000ff10 (0x00e78023) mem 0x000000008001209a 0x00
core   0: 0x000000008000ff14 (0xfc843703) ld      a4, -56(s0)
core   0: 3 0x000000008000ff14 (0xfc843703) x14 0x0000000080012040 mem 0x0000000080031f38
core   0: 0x000000008000ff18 (0xfb843783) ld      a5, -72(s0)
core   0: 3 0x000000008000ff18 (0xfb843783) x15 0x000000000000009c mem 0x0000000080031f28
core   0: 0x000000008000ff1c (0x000097ba) c.add   a5, a4
core   0: 3 0x000000008000ff1c (0x97ba) x15 0x00000000800120dc
core   0: 0x000000008000ff1e (0xfe043703) ld      a4, -32(s0)
core   0: 3 0x000000008000ff1e (0xfe043703) x14 0x000000008001209b mem 0x0000000080031f50
core   0: 0x000000008000ff22 (0xfcf76de3) bltu    a4, a5, pc - 38
core   0: 3 0x000000008000ff22 (0xfcf76de3)
core   0: 0x000000008000fefc (0xfe043783) ld      a5, -32(s0)
core   0: 3 0x000000008000fefc (0xfe043783) x15 0x000000008001209b mem 0x0000000080031f50
core   0: 0x000000008000ff00 (0x00178713) addi    a4, a5, 1
core   0: 3 0x000000008000ff00 (0x00178713) x14 0x000000008001209c
core   0: 0x000000008000ff04 (0xfee43023) sd      a4, -32(s0)
core   0: 3 0x000000008000ff04 (0xfee43023) mem 0x0000000080031f50 0x000000008001209c
core   0: 0x000000008000ff08 (0xfc442703) lw      a4, -60(s0)
core   0: 3 0x000000008000ff08 (0xfc442703) x14 0x0000000000000000 mem 0x0000000080031f34
core   0: 0x000000008000ff0c (0x0ff77713) andi    a4, a4, 255
core   0: 3 0x000000008000ff0c (0x0ff77713) x14 0x0000000000000000
core   0: 0x000000008000ff10 (0x00e78023) sb      a4, 0(a5)
core   0: 3 0x000000008000ff10 (0x00e78023) mem 0x000000008001209b 0x00
core   0: 0x000000008000ff14 (0xfc843703) ld      a4, -56(s0)
core   0: 3 0x000000008000ff14 (0xfc843703) x14 0x0000000080012040 mem 0x0000000080031f38
core   0: 0x000000008000ff18 (0xfb843783) ld      a5, -72(s0)
core   0: 3 0x000000008000ff18 (0xfb843783) x15 0x000000000000009c mem 0x0000000080031f28
core   0: 0x000000008000ff1c (0x000097ba) c.add   a5, a4
core   0: 3 0x000000008000ff1c (0x97ba) x15 0x00000000800120dc
core   0: 0x000000008000ff1e (0xfe043703) ld      a4, -32(s0)
core   0: 3 0x000000008000ff1e (0xfe043703) x14 0x000000008001209c mem 0x0000000080031f50
core   0: 0x000000008000ff22 (0xfcf76de3) bltu    a4, a5, pc - 38
core   0: 3 0x000000008000ff22 (0xfcf76de3)
core   0: 0x000000008000fefc (0xfe043783) ld      a5, -32(s0)
core   0: 3 0x000000008000fefc (0xfe043783) x15 0x000000008001209c mem 0x0000000080031f50
core   0: 0x000000008000ff00 (0x00178713) addi    a4, a5, 1
core   0: 3 0x000000008000ff00 (0x00178713) x14 0x000000008001209d
core   0: 0x000000008000ff04 (0xfee43023) sd      a4, -32(s0)
core   0: 3 0x000000008000ff04 (0xfee43023) mem 0x0000000080031f50 0x000000008001209d
core   0: 0x000000008000ff08 (0xfc442703) lw      a4, -60(s0)
core   0: 3 0x000000008000ff08 (0xfc442703) x14 0x0000000000000000 mem 0x0000000080031f34
core   0: 0x000000008000ff0c (0x0ff77713) andi    a4, a4, 255
core   0: 3 0x000000008000ff0c (0x0ff77713) x14 0x0000000000000000
core   0: 0x000000008000ff10 (0x00e78023) sb      a4, 0(a5)
core   0: 3 0x000000008000ff10 (0x00e78023) mem 0x000000008001209c 0x00
core   0: 0x000000008000ff14 (0xfc843703) ld      a4, -56(s0)
core   0: 3 0x000000008000ff14 (0xfc843703) x14 0x0000000080012040 mem 0x0000000080031f38
core   0: 0x000000008000ff18 (0xfb843783) ld      a5, -72(s0)
core   0: 3 0x000000008000ff18 (0xfb843783) x15 0x000000000000009c mem 0x0000000080031f28
core   0: 0x000000008000ff1c (0x000097ba) c.add   a5, a4
core   0: 3 0x000000008000ff1c (0x97ba) x15 0x00000000800120dc
core   0: 0x000000008000ff1e (0xfe043703) ld      a4, -32(s0)
core   0: 3 0x000000008000ff1e (0xfe043703) x14 0x000000008001209d mem 0x0000000080031f50
core   0: 0x000000008000ff22 (0xfcf76de3) bltu    a4, a5, pc - 38
core   0: 3 0x000000008000ff22 (0xfcf76de3)
core   0: 0x000000008000fefc (0xfe043783) ld      a5, -32(s0)
core   0: 3 0x000000008000fefc (0xfe043783) x15 0x000000008001209d mem 0x0000000080031f50
core   0: 0x000000008000ff00 (0x00178713) addi    a4, a5, 1
core   0: 3 0x000000008000ff00 (0x00178713) x14 0x000000008001209e
core   0: 0x000000008000ff04 (0xfee43023) sd      a4, -32(s0)
core   0: 3 0x000000008000ff04 (0xfee43023) mem 0x0000000080031f50 0x000000008001209e
core   0: 0x000000008000ff08 (0xfc442703) lw      a4, -60(s0)
core   0: 3 0x000000008000ff08 (0xfc442703) x14 0x0000000000000000 mem 0x0000000080031f34
core   0: 0x000000008000ff0c (0x0ff77713) andi    a4, a4, 255
core   0: 3 0x000000008000ff0c (0x0ff77713) x14 0x0000000000000000
core   0: 0x000000008000ff10 (0x00e78023) sb      a4, 0(a5)
core   0: 3 0x000000008000ff10 (0x00e78023) mem 0x000000008001209d 0x00
core   0: 0x000000008000ff14 (0xfc843703) ld      a4, -56(s0)
core   0: 3 0x000000008000ff14 (0xfc843703) x14 0x0000000080012040 mem 0x0000000080031f38
core   0: 0x000000008000ff18 (0xfb843783) ld      a5, -72(s0)
core   0: 3 0x000000008000ff18 (0xfb843783) x15 0x000000000000009c mem 0x0000000080031f28
core   0: 0x000000008000ff1c (0x000097ba) c.add   a5, a4
core   0: 3 0x000000008000ff1c (0x97ba) x15 0x00000000800120dc
core   0: 0x000000008000ff1e (0xfe043703) ld      a4, -32(s0)
core   0: 3 0x000000008000ff1e (0xfe043703) x14 0x000000008001209e mem 0x0000000080031f50
core   0: 0x000000008000ff22 (0xfcf76de3) bltu    a4, a5, pc - 38
core   0: 3 0x000000008000ff22 (0xfcf76de3)
core   0: 0x000000008000fefc (0xfe043783) ld      a5, -32(s0)
core   0: 3 0x000000008000fefc (0xfe043783) x15 0x000000008001209e mem 0x0000000080031f50
core   0: 0x000000008000ff00 (0x00178713) addi    a4, a5, 1
core   0: 3 0x000000008000ff00 (0x00178713) x14 0x000000008001209f
core   0: 0x000000008000ff04 (0xfee43023) sd      a4, -32(s0)
core   0: 3 0x000000008000ff04 (0xfee43023) mem 0x0000000080031f50 0x000000008001209f
core   0: 0x000000008000ff08 (0xfc442703) lw      a4, -60(s0)
core   0: 3 0x000000008000ff08 (0xfc442703) x14 0x0000000000000000 mem 0x0000000080031f34
core   0: 0x000000008000ff0c (0x0ff77713) andi    a4, a4, 255
core   0: 3 0x000000008000ff0c (0x0ff77713) x14 0x0000000000000000
core   0: 0x000000008000ff10 (0x00e78023) sb      a4, 0(a5)
core   0: 3 0x000000008000ff10 (0x00e78023) mem 0x000000008001209e 0x00
core   0: 0x000000008000ff14 (0xfc843703) ld      a4, -56(s0)
core   0: 3 0x000000008000ff14 (0xfc843703) x14 0x0000000080012040 mem 0x0000000080031f38
core   0: 0x000000008000ff18 (0xfb843783) ld      a5, -72(s0)
core   0: 3 0x000000008000ff18 (0xfb843783) x15 0x000000000000009c mem 0x0000000080031f28
core   0: 0x000000008000ff1c (0x000097ba) c.add   a5, a4
core   0: 3 0x000000008000ff1c (0x97ba) x15 0x00000000800120dc
core   0: 0x000000008000ff1e (0xfe043703) ld      a4, -32(s0)
core   0: 3 0x000000008000ff1e (0xfe043703) x14 0x000000008001209f mem 0x0000000080031f50
core   0: 0x000000008000ff22 (0xfcf76de3) bltu    a4, a5, pc - 38
core   0: 3 0x000000008000ff22 (0xfcf76de3)
core   0: 0x000000008000fefc (0xfe043783) ld      a5, -32(s0)
core   0: 3 0x000000008000fefc (0xfe043783) x15 0x000000008001209f mem 0x0000000080031f50
core   0: 0x000000008000ff00 (0x00178713) addi    a4, a5, 1
core   0: 3 0x000000008000ff00 (0x00178713) x14 0x00000000800120a0
core   0: 0x000000008000ff04 (0xfee43023) sd      a4, -32(s0)
core   0: 3 0x000000008000ff04 (0xfee43023) mem 0x0000000080031f50 0x00000000800120a0
core   0: 0x000000008000ff08 (0xfc442703) lw      a4, -60(s0)
core   0: 3 0x000000008000ff08 (0xfc442703) x14 0x0000000000000000 mem 0x0000000080031f34
core   0: 0x000000008000ff0c (0x0ff77713) andi    a4, a4, 255
core   0: 3 0x000000008000ff0c (0x0ff77713) x14 0x0000000000000000
core   0: 0x000000008000ff10 (0x00e78023) sb      a4, 0(a5)
core   0: 3 0x000000008000ff10 (0x00e78023) mem 0x000000008001209f 0x00
core   0: 0x000000008000ff14 (0xfc843703) ld      a4, -56(s0)
core   0: 3 0x000000008000ff14 (0xfc843703) x14 0x0000000080012040 mem 0x0000000080031f38
core   0: 0x000000008000ff18 (0xfb843783) ld      a5, -72(s0)
core   0: 3 0x000000008000ff18 (0xfb843783) x15 0x000000000000009c mem 0x0000000080031f28
core   0: 0x000000008000ff1c (0x000097ba) c.add   a5, a4
core   0: 3 0x000000008000ff1c (0x97ba) x15 0x00000000800120dc
core   0: 0x000000008000ff1e (0xfe043703) ld      a4, -32(s0)
core   0: 3 0x000000008000ff1e (0xfe043703) x14 0x00000000800120a0 mem 0x0000000080031f50
core   0: 0x000000008000ff22 (0xfcf76de3) bltu    a4, a5, pc - 38
core   0: 3 0x000000008000ff22 (0xfcf76de3)
core   0: 0x000000008000fefc (0xfe043783) ld      a5, -32(s0)
core   0: 3 0x000000008000fefc (0xfe043783) x15 0x00000000800120a0 mem 0x0000000080031f50
core   0: 0x000000008000ff00 (0x00178713) addi    a4, a5, 1
core   0: 3 0x000000008000ff00 (0x00178713) x14 0x00000000800120a1
core   0: 0x000000008000ff04 (0xfee43023) sd      a4, -32(s0)
core   0: 3 0x000000008000ff04 (0xfee43023) mem 0x0000000080031f50 0x00000000800120a1
core   0: 0x000000008000ff08 (0xfc442703) lw      a4, -60(s0)
core   0: 3 0x000000008000ff08 (0xfc442703) x14 0x0000000000000000 mem 0x0000000080031f34
core   0: 0x000000008000ff0c (0x0ff77713) andi    a4, a4, 255
core   0: 3 0x000000008000ff0c (0x0ff77713) x14 0x0000000000000000
core   0: 0x000000008000ff10 (0x00e78023) sb      a4, 0(a5)
core   0: 3 0x000000008000ff10 (0x00e78023) mem 0x00000000800120a0 0x00
core   0: 0x000000008000ff14 (0xfc843703) ld      a4, -56(s0)
core   0: 3 0x000000008000ff14 (0xfc843703) x14 0x0000000080012040 mem 0x0000000080031f38
core   0: 0x000000008000ff18 (0xfb843783) ld      a5, -72(s0)
core   0: 3 0x000000008000ff18 (0xfb843783) x15 0x000000000000009c mem 0x0000000080031f28
core   0: 0x000000008000ff1c (0x000097ba) c.add   a5, a4
core   0: 3 0x000000008000ff1c (0x97ba) x15 0x00000000800120dc
core   0: 0x000000008000ff1e (0xfe043703) ld      a4, -32(s0)
core   0: 3 0x000000008000ff1e (0xfe043703) x14 0x00000000800120a1 mem 0x0000000080031f50
core   0: 0x000000008000ff22 (0xfcf76de3) bltu    a4, a5, pc - 38
core   0: 3 0x000000008000ff22 (0xfcf76de3)
core   0: 0x000000008000fefc (0xfe043783) ld      a5, -32(s0)
core   0: 3 0x000000008000fefc (0xfe043783) x15 0x00000000800120a1 mem 0x0000000080031f50
core   0: 0x000000008000ff00 (0x00178713) addi    a4, a5, 1
core   0: 3 0x000000008000ff00 (0x00178713) x14 0x00000000800120a2
core   0: 0x000000008000ff04 (0xfee43023) sd      a4, -32(s0)
core   0: 3 0x000000008000ff04 (0xfee43023) mem 0x0000000080031f50 0x00000000800120a2
core   0: 0x000000008000ff08 (0xfc442703) lw      a4, -60(s0)
core   0: 3 0x000000008000ff08 (0xfc442703) x14 0x0000000000000000 mem 0x0000000080031f34
core   0: 0x000000008000ff0c (0x0ff77713) andi    a4, a4, 255
core   0: 3 0x000000008000ff0c (0x0ff77713) x14 0x0000000000000000
core   0: 0x000000008000ff10 (0x00e78023) sb      a4, 0(a5)
core   0: 3 0x000000008000ff10 (0x00e78023) mem 0x00000000800120a1 0x00
core   0: 0x000000008000ff14 (0xfc843703) ld      a4, -56(s0)
core   0: 3 0x000000008000ff14 (0xfc843703) x14 0x0000000080012040 mem 0x0000000080031f38
core   0: 0x000000008000ff18 (0xfb843783) ld      a5, -72(s0)
core   0: 3 0x000000008000ff18 (0xfb843783) x15 0x000000000000009c mem 0x0000000080031f28
core   0: 0x000000008000ff1c (0x000097ba) c.add   a5, a4
core   0: 3 0x000000008000ff1c (0x97ba) x15 0x00000000800120dc
core   0: 0x000000008000ff1e (0xfe043703) ld      a4, -32(s0)
core   0: 3 0x000000008000ff1e (0xfe043703) x14 0x00000000800120a2 mem 0x0000000080031f50
core   0: 0x000000008000ff22 (0xfcf76de3) bltu    a4, a5, pc - 38
core   0: 3 0x000000008000ff22 (0xfcf76de3)
core   0: 0x000000008000fefc (0xfe043783) ld      a5, -32(s0)
core   0: 3 0x000000008000fefc (0xfe043783) x15 0x00000000800120a2 mem 0x0000000080031f50
core   0: 0x000000008000ff00 (0x00178713) addi    a4, a5, 1
core   0: 3 0x000000008000ff00 (0x00178713) x14 0x00000000800120a3
core   0: 0x000000008000ff04 (0xfee43023) sd      a4, -32(s0)
core   0: 3 0x000000008000ff04 (0xfee43023) mem 0x0000000080031f50 0x00000000800120a3
core   0: 0x000000008000ff08 (0xfc442703) lw      a4, -60(s0)
core   0: 3 0x000000008000ff08 (0xfc442703) x14 0x0000000000000000 mem 0x0000000080031f34
core   0: 0x000000008000ff0c (0x0ff77713) andi    a4, a4, 255
core   0: 3 0x000000008000ff0c (0x0ff77713) x14 0x0000000000000000
core   0: 0x000000008000ff10 (0x00e78023) sb      a4, 0(a5)
core   0: 3 0x000000008000ff10 (0x00e78023) mem 0x00000000800120a2 0x00
core   0: 0x000000008000ff14 (0xfc843703) ld      a4, -56(s0)
core   0: 3 0x000000008000ff14 (0xfc843703) x14 0x0000000080012040 mem 0x0000000080031f38
core   0: 0x000000008000ff18 (0xfb843783) ld      a5, -72(s0)
core   0: 3 0x000000008000ff18 (0xfb843783) x15 0x000000000000009c mem 0x0000000080031f28
core   0: 0x000000008000ff1c (0x000097ba) c.add   a5, a4
core   0: 3 0x000000008000ff1c (0x97ba) x15 0x00000000800120dc
core   0: 0x000000008000ff1e (0xfe043703) ld      a4, -32(s0)
core   0: 3 0x000000008000ff1e (0xfe043703) x14 0x00000000800120a3 mem 0x0000000080031f50
core   0: 0x000000008000ff22 (0xfcf76de3) bltu    a4, a5, pc - 38
core   0: 3 0x000000008000ff22 (0xfcf76de3)
core   0: 0x000000008000fefc (0xfe043783) ld      a5, -32(s0)
core   0: 3 0x000000008000fefc (0xfe043783) x15 0x00000000800120a3 mem 0x0000000080031f50
core   0: 0x000000008000ff00 (0x00178713) addi    a4, a5, 1
core   0: 3 0x000000008000ff00 (0x00178713) x14 0x00000000800120a4
core   0: 0x000000008000ff04 (0xfee43023) sd      a4, -32(s0)
core   0: 3 0x000000008000ff04 (0xfee43023) mem 0x0000000080031f50 0x00000000800120a4
core   0: 0x000000008000ff08 (0xfc442703) lw      a4, -60(s0)
core   0: 3 0x000000008000ff08 (0xfc442703) x14 0x0000000000000000 mem 0x0000000080031f34
core   0: 0x000000008000ff0c (0x0ff77713) andi    a4, a4, 255
core   0: 3 0x000000008000ff0c (0x0ff77713) x14 0x0000000000000000
core   0: 0x000000008000ff10 (0x00e78023) sb      a4, 0(a5)
core   0: 3 0x000000008000ff10 (0x00e78023) mem 0x00000000800120a3 0x00
core   0: 0x000000008000ff14 (0xfc843703) ld      a4, -56(s0)
core   0: 3 0x000000008000ff14 (0xfc843703) x14 0x0000000080012040 mem 0x0000000080031f38
core   0: 0x000000008000ff18 (0xfb843783) ld      a5, -72(s0)
core   0: 3 0x000000008000ff18 (0xfb843783) x15 0x000000000000009c mem 0x0000000080031f28
core   0: 0x000000008000ff1c (0x000097ba) c.add   a5, a4
core   0: 3 0x000000008000ff1c (0x97ba) x15 0x00000000800120dc
core   0: 0x000000008000ff1e (0xfe043703) ld      a4, -32(s0)
core   0: 3 0x000000008000ff1e (0xfe043703) x14 0x00000000800120a4 mem 0x0000000080031f50
core   0: 0x000000008000ff22 (0xfcf76de3) bltu    a4, a5, pc - 38
core   0: 3 0x000000008000ff22 (0xfcf76de3)
core   0: 0x000000008000fefc (0xfe043783) ld      a5, -32(s0)
core   0: 3 0x000000008000fefc (0xfe043783) x15 0x00000000800120a4 mem 0x0000000080031f50
core   0: 0x000000008000ff00 (0x00178713) addi    a4, a5, 1
core   0: 3 0x000000008000ff00 (0x00178713) x14 0x00000000800120a5
core   0: 0x000000008000ff04 (0xfee43023) sd      a4, -32(s0)
core   0: 3 0x000000008000ff04 (0xfee43023) mem 0x0000000080031f50 0x00000000800120a5
core   0: 0x000000008000ff08 (0xfc442703) lw      a4, -60(s0)
core   0: 3 0x000000008000ff08 (0xfc442703) x14 0x0000000000000000 mem 0x0000000080031f34
core   0: 0x000000008000ff0c (0x0ff77713) andi    a4, a4, 255
core   0: 3 0x000000008000ff0c (0x0ff77713) x14 0x0000000000000000
core   0: 0x000000008000ff10 (0x00e78023) sb      a4, 0(a5)
core   0: 3 0x000000008000ff10 (0x00e78023) mem 0x00000000800120a4 0x00
core   0: 0x000000008000ff14 (0xfc843703) ld      a4, -56(s0)
core   0: 3 0x000000008000ff14 (0xfc843703) x14 0x0000000080012040 mem 0x0000000080031f38
core   0: 0x000000008000ff18 (0xfb843783) ld      a5, -72(s0)
core   0: 3 0x000000008000ff18 (0xfb843783) x15 0x000000000000009c mem 0x0000000080031f28
core   0: 0x000000008000ff1c (0x000097ba) c.add   a5, a4
core   0: 3 0x000000008000ff1c (0x97ba) x15 0x00000000800120dc
core   0: 0x000000008000ff1e (0xfe043703) ld      a4, -32(s0)
core   0: 3 0x000000008000ff1e (0xfe043703) x14 0x00000000800120a5 mem 0x0000000080031f50
core   0: 0x000000008000ff22 (0xfcf76de3) bltu    a4, a5, pc - 38
core   0: 3 0x000000008000ff22 (0xfcf76de3)
core   0: 0x000000008000fefc (0xfe043783) ld      a5, -32(s0)
core   0: 3 0x000000008000fefc (0xfe043783) x15 0x00000000800120a5 mem 0x0000000080031f50
core   0: 0x000000008000ff00 (0x00178713) addi    a4, a5, 1
core   0: 3 0x000000008000ff00 (0x00178713) x14 0x00000000800120a6
core   0: 0x000000008000ff04 (0xfee43023) sd      a4, -32(s0)
core   0: 3 0x000000008000ff04 (0xfee43023) mem 0x0000000080031f50 0x00000000800120a6
core   0: 0x000000008000ff08 (0xfc442703) lw      a4, -60(s0)
core   0: 3 0x000000008000ff08 (0xfc442703) x14 0x0000000000000000 mem 0x0000000080031f34
core   0: 0x000000008000ff0c (0x0ff77713) andi    a4, a4, 255
core   0: 3 0x000000008000ff0c (0x0ff77713) x14 0x0000000000000000
core   0: 0x000000008000ff10 (0x00e78023) sb      a4, 0(a5)
core   0: 3 0x000000008000ff10 (0x00e78023) mem 0x00000000800120a5 0x00
core   0: 0x000000008000ff14 (0xfc843703) ld      a4, -56(s0)
core   0: 3 0x000000008000ff14 (0xfc843703) x14 0x0000000080012040 mem 0x0000000080031f38
core   0: 0x000000008000ff18 (0xfb843783) ld      a5, -72(s0)
core   0: 3 0x000000008000ff18 (0xfb843783) x15 0x000000000000009c mem 0x0000000080031f28
core   0: 0x000000008000ff1c (0x000097ba) c.add   a5, a4
core   0: 3 0x000000008000ff1c (0x97ba) x15 0x00000000800120dc
core   0: 0x000000008000ff1e (0xfe043703) ld      a4, -32(s0)
core   0: 3 0x000000008000ff1e (0xfe043703) x14 0x00000000800120a6 mem 0x0000000080031f50
core   0: 0x000000008000ff22 (0xfcf76de3) bltu    a4, a5, pc - 38
core   0: 3 0x000000008000ff22 (0xfcf76de3)
core   0: 0x000000008000fefc (0xfe043783) ld      a5, -32(s0)
core   0: 3 0x000000008000fefc (0xfe043783) x15 0x00000000800120a6 mem 0x0000000080031f50
core   0: 0x000000008000ff00 (0x00178713) addi    a4, a5, 1
core   0: 3 0x000000008000ff00 (0x00178713) x14 0x00000000800120a7
core   0: 0x000000008000ff04 (0xfee43023) sd      a4, -32(s0)
core   0: 3 0x000000008000ff04 (0xfee43023) mem 0x0000000080031f50 0x00000000800120a7
core   0: 0x000000008000ff08 (0xfc442703) lw      a4, -60(s0)
core   0: 3 0x000000008000ff08 (0xfc442703) x14 0x0000000000000000 mem 0x0000000080031f34
core   0: 0x000000008000ff0c (0x0ff77713) andi    a4, a4, 255
core   0: 3 0x000000008000ff0c (0x0ff77713) x14 0x0000000000000000
core   0: 0x000000008000ff10 (0x00e78023) sb      a4, 0(a5)
core   0: 3 0x000000008000ff10 (0x00e78023) mem 0x00000000800120a6 0x00
core   0: 0x000000008000ff14 (0xfc843703) ld      a4, -56(s0)
core   0: 3 0x000000008000ff14 (0xfc843703) x14 0x0000000080012040 mem 0x0000000080031f38
core   0: 0x000000008000ff18 (0xfb843783) ld      a5, -72(s0)
core   0: 3 0x000000008000ff18 (0xfb843783) x15 0x000000000000009c mem 0x0000000080031f28
core   0: 0x000000008000ff1c (0x000097ba) c.add   a5, a4
core   0: 3 0x000000008000ff1c (0x97ba) x15 0x00000000800120dc
core   0: 0x000000008000ff1e (0xfe043703) ld      a4, -32(s0)
core   0: 3 0x000000008000ff1e (0xfe043703) x14 0x00000000800120a7 mem 0x0000000080031f50
core   0: 0x000000008000ff22 (0xfcf76de3) bltu    a4, a5, pc - 38
core   0: 3 0x000000008000ff22 (0xfcf76de3)
core   0: 0x000000008000fefc (0xfe043783) ld      a5, -32(s0)
core   0: 3 0x000000008000fefc (0xfe043783) x15 0x00000000800120a7 mem 0x0000000080031f50
core   0: 0x000000008000ff00 (0x00178713) addi    a4, a5, 1
core   0: 3 0x000000008000ff00 (0x00178713) x14 0x00000000800120a8
core   0: 0x000000008000ff04 (0xfee43023) sd      a4, -32(s0)
core   0: 3 0x000000008000ff04 (0xfee43023) mem 0x0000000080031f50 0x00000000800120a8
core   0: 0x000000008000ff08 (0xfc442703) lw      a4, -60(s0)
core   0: 3 0x000000008000ff08 (0xfc442703) x14 0x0000000000000000 mem 0x0000000080031f34
core   0: 0x000000008000ff0c (0x0ff77713) andi    a4, a4, 255
core   0: 3 0x000000008000ff0c (0x0ff77713) x14 0x0000000000000000
core   0: 0x000000008000ff10 (0x00e78023) sb      a4, 0(a5)
core   0: 3 0x000000008000ff10 (0x00e78023) mem 0x00000000800120a7 0x00
core   0: 0x000000008000ff14 (0xfc843703) ld      a4, -56(s0)
core   0: 3 0x000000008000ff14 (0xfc843703) x14 0x0000000080012040 mem 0x0000000080031f38
core   0: 0x000000008000ff18 (0xfb843783) ld      a5, -72(s0)
core   0: 3 0x000000008000ff18 (0xfb843783) x15 0x000000000000009c mem 0x0000000080031f28
core   0: 0x000000008000ff1c (0x000097ba) c.add   a5, a4
core   0: 3 0x000000008000ff1c (0x97ba) x15 0x00000000800120dc
core   0: 0x000000008000ff1e (0xfe043703) ld      a4, -32(s0)
core   0: 3 0x000000008000ff1e (0xfe043703) x14 0x00000000800120a8 mem 0x0000000080031f50
core   0: 0x000000008000ff22 (0xfcf76de3) bltu    a4, a5, pc - 38
core   0: 3 0x000000008000ff22 (0xfcf76de3)
core   0: 0x000000008000fefc (0xfe043783) ld      a5, -32(s0)
core   0: 3 0x000000008000fefc (0xfe043783) x15 0x00000000800120a8 mem 0x0000000080031f50
core   0: 0x000000008000ff00 (0x00178713) addi    a4, a5, 1
core   0: 3 0x000000008000ff00 (0x00178713) x14 0x00000000800120a9
core   0: 0x000000008000ff04 (0xfee43023) sd      a4, -32(s0)
core   0: 3 0x000000008000ff04 (0xfee43023) mem 0x0000000080031f50 0x00000000800120a9
core   0: 0x000000008000ff08 (0xfc442703) lw      a4, -60(s0)
core   0: 3 0x000000008000ff08 (0xfc442703) x14 0x0000000000000000 mem 0x0000000080031f34
core   0: 0x000000008000ff0c (0x0ff77713) andi    a4, a4, 255
core   0: 3 0x000000008000ff0c (0x0ff77713) x14 0x0000000000000000
core   0: 0x000000008000ff10 (0x00e78023) sb      a4, 0(a5)
core   0: 3 0x000000008000ff10 (0x00e78023) mem 0x00000000800120a8 0x00
core   0: 0x000000008000ff14 (0xfc843703) ld      a4, -56(s0)
core   0: 3 0x000000008000ff14 (0xfc843703) x14 0x0000000080012040 mem 0x0000000080031f38
core   0: 0x000000008000ff18 (0xfb843783) ld      a5, -72(s0)
core   0: 3 0x000000008000ff18 (0xfb843783) x15 0x000000000000009c mem 0x0000000080031f28
core   0: 0x000000008000ff1c (0x000097ba) c.add   a5, a4
core   0: 3 0x000000008000ff1c (0x97ba) x15 0x00000000800120dc
core   0: 0x000000008000ff1e (0xfe043703) ld      a4, -32(s0)
core   0: 3 0x000000008000ff1e (0xfe043703) x14 0x00000000800120a9 mem 0x0000000080031f50
core   0: 0x000000008000ff22 (0xfcf76de3) bltu    a4, a5, pc - 38
core   0: 3 0x000000008000ff22 (0xfcf76de3)
core   0: 0x000000008000fefc (0xfe043783) ld      a5, -32(s0)
core   0: 3 0x000000008000fefc (0xfe043783) x15 0x00000000800120a9 mem 0x0000000080031f50
core   0: 0x000000008000ff00 (0x00178713) addi    a4, a5, 1
core   0: 3 0x000000008000ff00 (0x00178713) x14 0x00000000800120aa
core   0: 0x000000008000ff04 (0xfee43023) sd      a4, -32(s0)
core   0: 3 0x000000008000ff04 (0xfee43023) mem 0x0000000080031f50 0x00000000800120aa
core   0: 0x000000008000ff08 (0xfc442703) lw      a4, -60(s0)
core   0: 3 0x000000008000ff08 (0xfc442703) x14 0x0000000000000000 mem 0x0000000080031f34
core   0: 0x000000008000ff0c (0x0ff77713) andi    a4, a4, 255
core   0: 3 0x000000008000ff0c (0x0ff77713) x14 0x0000000000000000
core   0: 0x000000008000ff10 (0x00e78023) sb      a4, 0(a5)
core   0: 3 0x000000008000ff10 (0x00e78023) mem 0x00000000800120a9 0x00
core   0: 0x000000008000ff14 (0xfc843703) ld      a4, -56(s0)
core   0: 3 0x000000008000ff14 (0xfc843703) x14 0x0000000080012040 mem 0x0000000080031f38
core   0: 0x000000008000ff18 (0xfb843783) ld      a5, -72(s0)
core   0: 3 0x000000008000ff18 (0xfb843783) x15 0x000000000000009c mem 0x0000000080031f28
core   0: 0x000000008000ff1c (0x000097ba) c.add   a5, a4
core   0: 3 0x000000008000ff1c (0x97ba) x15 0x00000000800120dc
core   0: 0x000000008000ff1e (0xfe043703) ld      a4, -32(s0)
core   0: 3 0x000000008000ff1e (0xfe043703) x14 0x00000000800120aa mem 0x0000000080031f50
core   0: 0x000000008000ff22 (0xfcf76de3) bltu    a4, a5, pc - 38
core   0: 3 0x000000008000ff22 (0xfcf76de3)
core   0: 0x000000008000fefc (0xfe043783) ld      a5, -32(s0)
core   0: 3 0x000000008000fefc (0xfe043783) x15 0x00000000800120aa mem 0x0000000080031f50
core   0: 0x000000008000ff00 (0x00178713) addi    a4, a5, 1
core   0: 3 0x000000008000ff00 (0x00178713) x14 0x00000000800120ab
core   0: 0x000000008000ff04 (0xfee43023) sd      a4, -32(s0)
core   0: 3 0x000000008000ff04 (0xfee43023) mem 0x0000000080031f50 0x00000000800120ab
core   0: 0x000000008000ff08 (0xfc442703) lw      a4, -60(s0)
core   0: 3 0x000000008000ff08 (0xfc442703) x14 0x0000000000000000 mem 0x0000000080031f34
core   0: 0x000000008000ff0c (0x0ff77713) andi    a4, a4, 255
core   0: 3 0x000000008000ff0c (0x0ff77713) x14 0x0000000000000000
core   0: 0x000000008000ff10 (0x00e78023) sb      a4, 0(a5)
core   0: 3 0x000000008000ff10 (0x00e78023) mem 0x00000000800120aa 0x00
core   0: 0x000000008000ff14 (0xfc843703) ld      a4, -56(s0)
core   0: 3 0x000000008000ff14 (0xfc843703) x14 0x0000000080012040 mem 0x0000000080031f38
core   0: 0x000000008000ff18 (0xfb843783) ld      a5, -72(s0)
core   0: 3 0x000000008000ff18 (0xfb843783) x15 0x000000000000009c mem 0x0000000080031f28
core   0: 0x000000008000ff1c (0x000097ba) c.add   a5, a4
core   0: 3 0x000000008000ff1c (0x97ba) x15 0x00000000800120dc
core   0: 0x000000008000ff1e (0xfe043703) ld      a4, -32(s0)
core   0: 3 0x000000008000ff1e (0xfe043703) x14 0x00000000800120ab mem 0x0000000080031f50
core   0: 0x000000008000ff22 (0xfcf76de3) bltu    a4, a5, pc - 38
core   0: 3 0x000000008000ff22 (0xfcf76de3)
core   0: 0x000000008000fefc (0xfe043783) ld      a5, -32(s0)
core   0: 3 0x000000008000fefc (0xfe043783) x15 0x00000000800120ab mem 0x0000000080031f50
core   0: 0x000000008000ff00 (0x00178713) addi    a4, a5, 1
core   0: 3 0x000000008000ff00 (0x00178713) x14 0x00000000800120ac
core   0: 0x000000008000ff04 (0xfee43023) sd      a4, -32(s0)
core   0: 3 0x000000008000ff04 (0xfee43023) mem 0x0000000080031f50 0x00000000800120ac
core   0: 0x000000008000ff08 (0xfc442703) lw      a4, -60(s0)
core   0: 3 0x000000008000ff08 (0xfc442703) x14 0x0000000000000000 mem 0x0000000080031f34
core   0: 0x000000008000ff0c (0x0ff77713) andi    a4, a4, 255
core   0: 3 0x000000008000ff0c (0x0ff77713) x14 0x0000000000000000
core   0: 0x000000008000ff10 (0x00e78023) sb      a4, 0(a5)
core   0: 3 0x000000008000ff10 (0x00e78023) mem 0x00000000800120ab 0x00
core   0: 0x000000008000ff14 (0xfc843703) ld      a4, -56(s0)
core   0: 3 0x000000008000ff14 (0xfc843703) x14 0x0000000080012040 mem 0x0000000080031f38
core   0: 0x000000008000ff18 (0xfb843783) ld      a5, -72(s0)
core   0: 3 0x000000008000ff18 (0xfb843783) x15 0x000000000000009c mem 0x0000000080031f28
core   0: 0x000000008000ff1c (0x000097ba) c.add   a5, a4
core   0: 3 0x000000008000ff1c (0x97ba) x15 0x00000000800120dc
core   0: 0x000000008000ff1e (0xfe043703) ld      a4, -32(s0)
core   0: 3 0x000000008000ff1e (0xfe043703) x14 0x00000000800120ac mem 0x0000000080031f50
core   0: 0x000000008000ff22 (0xfcf76de3) bltu    a4, a5, pc - 38
core   0: 3 0x000000008000ff22 (0xfcf76de3)
core   0: 0x000000008000fefc (0xfe043783) ld      a5, -32(s0)
core   0: 3 0x000000008000fefc (0xfe043783) x15 0x00000000800120ac mem 0x0000000080031f50
core   0: 0x000000008000ff00 (0x00178713) addi    a4, a5, 1
core   0: 3 0x000000008000ff00 (0x00178713) x14 0x00000000800120ad
core   0: 0x000000008000ff04 (0xfee43023) sd      a4, -32(s0)
core   0: 3 0x000000008000ff04 (0xfee43023) mem 0x0000000080031f50 0x00000000800120ad
core   0: 0x000000008000ff08 (0xfc442703) lw      a4, -60(s0)
core   0: 3 0x000000008000ff08 (0xfc442703) x14 0x0000000000000000 mem 0x0000000080031f34
core   0: 0x000000008000ff0c (0x0ff77713) andi    a4, a4, 255
core   0: 3 0x000000008000ff0c (0x0ff77713) x14 0x0000000000000000
core   0: 0x000000008000ff10 (0x00e78023) sb      a4, 0(a5)
core   0: 3 0x000000008000ff10 (0x00e78023) mem 0x00000000800120ac 0x00
core   0: 0x000000008000ff14 (0xfc843703) ld      a4, -56(s0)
core   0: 3 0x000000008000ff14 (0xfc843703) x14 0x0000000080012040 mem 0x0000000080031f38
core   0: 0x000000008000ff18 (0xfb843783) ld      a5, -72(s0)
core   0: 3 0x000000008000ff18 (0xfb843783) x15 0x000000000000009c mem 0x0000000080031f28
core   0: 0x000000008000ff1c (0x000097ba) c.add   a5, a4
core   0: 3 0x000000008000ff1c (0x97ba) x15 0x00000000800120dc
core   0: 0x000000008000ff1e (0xfe043703) ld      a4, -32(s0)
core   0: 3 0x000000008000ff1e (0xfe043703) x14 0x00000000800120ad mem 0x0000000080031f50
core   0: 0x000000008000ff22 (0xfcf76de3) bltu    a4, a5, pc - 38
core   0: 3 0x000000008000ff22 (0xfcf76de3)
core   0: 0x000000008000fefc (0xfe043783) ld      a5, -32(s0)
core   0: 3 0x000000008000fefc (0xfe043783) x15 0x00000000800120ad mem 0x0000000080031f50
core   0: 0x000000008000ff00 (0x00178713) addi    a4, a5, 1
core   0: 3 0x000000008000ff00 (0x00178713) x14 0x00000000800120ae
core   0: 0x000000008000ff04 (0xfee43023) sd      a4, -32(s0)
core   0: 3 0x000000008000ff04 (0xfee43023) mem 0x0000000080031f50 0x00000000800120ae
core   0: 0x000000008000ff08 (0xfc442703) lw      a4, -60(s0)
core   0: 3 0x000000008000ff08 (0xfc442703) x14 0x0000000000000000 mem 0x0000000080031f34
core   0: 0x000000008000ff0c (0x0ff77713) andi    a4, a4, 255
core   0: 3 0x000000008000ff0c (0x0ff77713) x14 0x0000000000000000
core   0: 0x000000008000ff10 (0x00e78023) sb      a4, 0(a5)
core   0: 3 0x000000008000ff10 (0x00e78023) mem 0x00000000800120ad 0x00
core   0: 0x000000008000ff14 (0xfc843703) ld      a4, -56(s0)
core   0: 3 0x000000008000ff14 (0xfc843703) x14 0x0000000080012040 mem 0x0000000080031f38
core   0: 0x000000008000ff18 (0xfb843783) ld      a5, -72(s0)
core   0: 3 0x000000008000ff18 (0xfb843783) x15 0x000000000000009c mem 0x0000000080031f28
core   0: 0x000000008000ff1c (0x000097ba) c.add   a5, a4
core   0: 3 0x000000008000ff1c (0x97ba) x15 0x00000000800120dc
core   0: 0x000000008000ff1e (0xfe043703) ld      a4, -32(s0)
core   0: 3 0x000000008000ff1e (0xfe043703) x14 0x00000000800120ae mem 0x0000000080031f50
core   0: 0x000000008000ff22 (0xfcf76de3) bltu    a4, a5, pc - 38
core   0: 3 0x000000008000ff22 (0xfcf76de3)
core   0: 0x000000008000fefc (0xfe043783) ld      a5, -32(s0)
core   0: 3 0x000000008000fefc (0xfe043783) x15 0x00000000800120ae mem 0x0000000080031f50
core   0: 0x000000008000ff00 (0x00178713) addi    a4, a5, 1
core   0: 3 0x000000008000ff00 (0x00178713) x14 0x00000000800120af
core   0: 0x000000008000ff04 (0xfee43023) sd      a4, -32(s0)
core   0: 3 0x000000008000ff04 (0xfee43023) mem 0x0000000080031f50 0x00000000800120af
core   0: 0x000000008000ff08 (0xfc442703) lw      a4, -60(s0)
core   0: 3 0x000000008000ff08 (0xfc442703) x14 0x0000000000000000 mem 0x0000000080031f34
core   0: 0x000000008000ff0c (0x0ff77713) andi    a4, a4, 255
core   0: 3 0x000000008000ff0c (0x0ff77713) x14 0x0000000000000000
core   0: 0x000000008000ff10 (0x00e78023) sb      a4, 0(a5)
core   0: 3 0x000000008000ff10 (0x00e78023) mem 0x00000000800120ae 0x00
core   0: 0x000000008000ff14 (0xfc843703) ld      a4, -56(s0)
core   0: 3 0x000000008000ff14 (0xfc843703) x14 0x0000000080012040 mem 0x0000000080031f38
core   0: 0x000000008000ff18 (0xfb843783) ld      a5, -72(s0)
core   0: 3 0x000000008000ff18 (0xfb843783) x15 0x000000000000009c mem 0x0000000080031f28
core   0: 0x000000008000ff1c (0x000097ba) c.add   a5, a4
core   0: 3 0x000000008000ff1c (0x97ba) x15 0x00000000800120dc
core   0: 0x000000008000ff1e (0xfe043703) ld      a4, -32(s0)
core   0: 3 0x000000008000ff1e (0xfe043703) x14 0x00000000800120af mem 0x0000000080031f50
core   0: 0x000000008000ff22 (0xfcf76de3) bltu    a4, a5, pc - 38
core   0: 3 0x000000008000ff22 (0xfcf76de3)
core   0: 0x000000008000fefc (0xfe043783) ld      a5, -32(s0)
core   0: 3 0x000000008000fefc (0xfe043783) x15 0x00000000800120af mem 0x0000000080031f50
core   0: 0x000000008000ff00 (0x00178713) addi    a4, a5, 1
core   0: 3 0x000000008000ff00 (0x00178713) x14 0x00000000800120b0
core   0: 0x000000008000ff04 (0xfee43023) sd      a4, -32(s0)
core   0: 3 0x000000008000ff04 (0xfee43023) mem 0x0000000080031f50 0x00000000800120b0
core   0: 0x000000008000ff08 (0xfc442703) lw      a4, -60(s0)
core   0: 3 0x000000008000ff08 (0xfc442703) x14 0x0000000000000000 mem 0x0000000080031f34
core   0: 0x000000008000ff0c (0x0ff77713) andi    a4, a4, 255
core   0: 3 0x000000008000ff0c (0x0ff77713) x14 0x0000000000000000
core   0: 0x000000008000ff10 (0x00e78023) sb      a4, 0(a5)
core   0: 3 0x000000008000ff10 (0x00e78023) mem 0x00000000800120af 0x00
core   0: 0x000000008000ff14 (0xfc843703) ld      a4, -56(s0)
core   0: 3 0x000000008000ff14 (0xfc843703) x14 0x0000000080012040 mem 0x0000000080031f38
core   0: 0x000000008000ff18 (0xfb843783) ld      a5, -72(s0)
core   0: 3 0x000000008000ff18 (0xfb843783) x15 0x000000000000009c mem 0x0000000080031f28
core   0: 0x000000008000ff1c (0x000097ba) c.add   a5, a4
core   0: 3 0x000000008000ff1c (0x97ba) x15 0x00000000800120dc
core   0: 0x000000008000ff1e (0xfe043703) ld      a4, -32(s0)
core   0: 3 0x000000008000ff1e (0xfe043703) x14 0x00000000800120b0 mem 0x0000000080031f50
core   0: 0x000000008000ff22 (0xfcf76de3) bltu    a4, a5, pc - 38
core   0: 3 0x000000008000ff22 (0xfcf76de3)
core   0: 0x000000008000fefc (0xfe043783) ld      a5, -32(s0)
core   0: 3 0x000000008000fefc (0xfe043783) x15 0x00000000800120b0 mem 0x0000000080031f50
core   0: 0x000000008000ff00 (0x00178713) addi    a4, a5, 1
core   0: 3 0x000000008000ff00 (0x00178713) x14 0x00000000800120b1
core   0: 0x000000008000ff04 (0xfee43023) sd      a4, -32(s0)
core   0: 3 0x000000008000ff04 (0xfee43023) mem 0x0000000080031f50 0x00000000800120b1
core   0: 0x000000008000ff08 (0xfc442703) lw      a4, -60(s0)
core   0: 3 0x000000008000ff08 (0xfc442703) x14 0x0000000000000000 mem 0x0000000080031f34
core   0: 0x000000008000ff0c (0x0ff77713) andi    a4, a4, 255
core   0: 3 0x000000008000ff0c (0x0ff77713) x14 0x0000000000000000
core   0: 0x000000008000ff10 (0x00e78023) sb      a4, 0(a5)
core   0: 3 0x000000008000ff10 (0x00e78023) mem 0x00000000800120b0 0x00
core   0: 0x000000008000ff14 (0xfc843703) ld      a4, -56(s0)
core   0: 3 0x000000008000ff14 (0xfc843703) x14 0x0000000080012040 mem 0x0000000080031f38
core   0: 0x000000008000ff18 (0xfb843783) ld      a5, -72(s0)
core   0: 3 0x000000008000ff18 (0xfb843783) x15 0x000000000000009c mem 0x0000000080031f28
core   0: 0x000000008000ff1c (0x000097ba) c.add   a5, a4
core   0: 3 0x000000008000ff1c (0x97ba) x15 0x00000000800120dc
core   0: 0x000000008000ff1e (0xfe043703) ld      a4, -32(s0)
core   0: 3 0x000000008000ff1e (0xfe043703) x14 0x00000000800120b1 mem 0x0000000080031f50
core   0: 0x000000008000ff22 (0xfcf76de3) bltu    a4, a5, pc - 38
core   0: 3 0x000000008000ff22 (0xfcf76de3)
core   0: 0x000000008000fefc (0xfe043783) ld      a5, -32(s0)
core   0: 3 0x000000008000fefc (0xfe043783) x15 0x00000000800120b1 mem 0x0000000080031f50
core   0: 0x000000008000ff00 (0x00178713) addi    a4, a5, 1
core   0: 3 0x000000008000ff00 (0x00178713) x14 0x00000000800120b2
core   0: 0x000000008000ff04 (0xfee43023) sd      a4, -32(s0)
core   0: 3 0x000000008000ff04 (0xfee43023) mem 0x0000000080031f50 0x00000000800120b2
core   0: 0x000000008000ff08 (0xfc442703) lw      a4, -60(s0)
core   0: 3 0x000000008000ff08 (0xfc442703) x14 0x0000000000000000 mem 0x0000000080031f34
core   0: 0x000000008000ff0c (0x0ff77713) andi    a4, a4, 255
core   0: 3 0x000000008000ff0c (0x0ff77713) x14 0x0000000000000000
core   0: 0x000000008000ff10 (0x00e78023) sb      a4, 0(a5)
core   0: 3 0x000000008000ff10 (0x00e78023) mem 0x00000000800120b1 0x00
core   0: 0x000000008000ff14 (0xfc843703) ld      a4, -56(s0)
core   0: 3 0x000000008000ff14 (0xfc843703) x14 0x0000000080012040 mem 0x0000000080031f38
core   0: 0x000000008000ff18 (0xfb843783) ld      a5, -72(s0)
core   0: 3 0x000000008000ff18 (0xfb843783) x15 0x000000000000009c mem 0x0000000080031f28
core   0: 0x000000008000ff1c (0x000097ba) c.add   a5, a4
core   0: 3 0x000000008000ff1c (0x97ba) x15 0x00000000800120dc
core   0: 0x000000008000ff1e (0xfe043703) ld      a4, -32(s0)
core   0: 3 0x000000008000ff1e (0xfe043703) x14 0x00000000800120b2 mem 0x0000000080031f50
core   0: 0x000000008000ff22 (0xfcf76de3) bltu    a4, a5, pc - 38
core   0: 3 0x000000008000ff22 (0xfcf76de3)
core   0: 0x000000008000fefc (0xfe043783) ld      a5, -32(s0)
core   0: 3 0x000000008000fefc (0xfe043783) x15 0x00000000800120b2 mem 0x0000000080031f50
core   0: 0x000000008000ff00 (0x00178713) addi    a4, a5, 1
core   0: 3 0x000000008000ff00 (0x00178713) x14 0x00000000800120b3
core   0: 0x000000008000ff04 (0xfee43023) sd      a4, -32(s0)
core   0: 3 0x000000008000ff04 (0xfee43023) mem 0x0000000080031f50 0x00000000800120b3
core   0: 0x000000008000ff08 (0xfc442703) lw      a4, -60(s0)
core   0: 3 0x000000008000ff08 (0xfc442703) x14 0x0000000000000000 mem 0x0000000080031f34
core   0: 0x000000008000ff0c (0x0ff77713) andi    a4, a4, 255
core   0: 3 0x000000008000ff0c (0x0ff77713) x14 0x0000000000000000
core   0: 0x000000008000ff10 (0x00e78023) sb      a4, 0(a5)
core   0: 3 0x000000008000ff10 (0x00e78023) mem 0x00000000800120b2 0x00
core   0: 0x000000008000ff14 (0xfc843703) ld      a4, -56(s0)
core   0: 3 0x000000008000ff14 (0xfc843703) x14 0x0000000080012040 mem 0x0000000080031f38
core   0: 0x000000008000ff18 (0xfb843783) ld      a5, -72(s0)
core   0: 3 0x000000008000ff18 (0xfb843783) x15 0x000000000000009c mem 0x0000000080031f28
core   0: 0x000000008000ff1c (0x000097ba) c.add   a5, a4
core   0: 3 0x000000008000ff1c (0x97ba) x15 0x00000000800120dc
core   0: 0x000000008000ff1e (0xfe043703) ld      a4, -32(s0)
core   0: 3 0x000000008000ff1e (0xfe043703) x14 0x00000000800120b3 mem 0x0000000080031f50
core   0: 0x000000008000ff22 (0xfcf76de3) bltu    a4, a5, pc - 38
core   0: 3 0x000000008000ff22 (0xfcf76de3)
core   0: 0x000000008000fefc (0xfe043783) ld      a5, -32(s0)
core   0: 3 0x000000008000fefc (0xfe043783) x15 0x00000000800120b3 mem 0x0000000080031f50
core   0: 0x000000008000ff00 (0x00178713) addi    a4, a5, 1
core   0: 3 0x000000008000ff00 (0x00178713) x14 0x00000000800120b4
core   0: 0x000000008000ff04 (0xfee43023) sd      a4, -32(s0)
core   0: 3 0x000000008000ff04 (0xfee43023) mem 0x0000000080031f50 0x00000000800120b4
core   0: 0x000000008000ff08 (0xfc442703) lw      a4, -60(s0)
core   0: 3 0x000000008000ff08 (0xfc442703) x14 0x0000000000000000 mem 0x0000000080031f34
core   0: 0x000000008000ff0c (0x0ff77713) andi    a4, a4, 255
core   0: 3 0x000000008000ff0c (0x0ff77713) x14 0x0000000000000000
core   0: 0x000000008000ff10 (0x00e78023) sb      a4, 0(a5)
core   0: 3 0x000000008000ff10 (0x00e78023) mem 0x00000000800120b3 0x00
core   0: 0x000000008000ff14 (0xfc843703) ld      a4, -56(s0)
core   0: 3 0x000000008000ff14 (0xfc843703) x14 0x0000000080012040 mem 0x0000000080031f38
core   0: 0x000000008000ff18 (0xfb843783) ld      a5, -72(s0)
core   0: 3 0x000000008000ff18 (0xfb843783) x15 0x000000000000009c mem 0x0000000080031f28
core   0: 0x000000008000ff1c (0x000097ba) c.add   a5, a4
core   0: 3 0x000000008000ff1c (0x97ba) x15 0x00000000800120dc
core   0: 0x000000008000ff1e (0xfe043703) ld      a4, -32(s0)
core   0: 3 0x000000008000ff1e (0xfe043703) x14 0x00000000800120b4 mem 0x0000000080031f50
core   0: 0x000000008000ff22 (0xfcf76de3) bltu    a4, a5, pc - 38
core   0: 3 0x000000008000ff22 (0xfcf76de3)
core   0: 0x000000008000fefc (0xfe043783) ld      a5, -32(s0)
core   0: 3 0x000000008000fefc (0xfe043783) x15 0x00000000800120b4 mem 0x0000000080031f50
core   0: 0x000000008000ff00 (0x00178713) addi    a4, a5, 1
core   0: 3 0x000000008000ff00 (0x00178713) x14 0x00000000800120b5
core   0: 0x000000008000ff04 (0xfee43023) sd      a4, -32(s0)
core   0: 3 0x000000008000ff04 (0xfee43023) mem 0x0000000080031f50 0x00000000800120b5
core   0: 0x000000008000ff08 (0xfc442703) lw      a4, -60(s0)
core   0: 3 0x000000008000ff08 (0xfc442703) x14 0x0000000000000000 mem 0x0000000080031f34
core   0: 0x000000008000ff0c (0x0ff77713) andi    a4, a4, 255
core   0: 3 0x000000008000ff0c (0x0ff77713) x14 0x0000000000000000
core   0: 0x000000008000ff10 (0x00e78023) sb      a4, 0(a5)
core   0: 3 0x000000008000ff10 (0x00e78023) mem 0x00000000800120b4 0x00
core   0: 0x000000008000ff14 (0xfc843703) ld      a4, -56(s0)
core   0: 3 0x000000008000ff14 (0xfc843703) x14 0x0000000080012040 mem 0x0000000080031f38
core   0: 0x000000008000ff18 (0xfb843783) ld      a5, -72(s0)
core   0: 3 0x000000008000ff18 (0xfb843783) x15 0x000000000000009c mem 0x0000000080031f28
core   0: 0x000000008000ff1c (0x000097ba) c.add   a5, a4
core   0: 3 0x000000008000ff1c (0x97ba) x15 0x00000000800120dc
core   0: 0x000000008000ff1e (0xfe043703) ld      a4, -32(s0)
core   0: 3 0x000000008000ff1e (0xfe043703) x14 0x00000000800120b5 mem 0x0000000080031f50
core   0: 0x000000008000ff22 (0xfcf76de3) bltu    a4, a5, pc - 38
core   0: 3 0x000000008000ff22 (0xfcf76de3)
core   0: 0x000000008000fefc (0xfe043783) ld      a5, -32(s0)
core   0: 3 0x000000008000fefc (0xfe043783) x15 0x00000000800120b5 mem 0x0000000080031f50
core   0: 0x000000008000ff00 (0x00178713) addi    a4, a5, 1
core   0: 3 0x000000008000ff00 (0x00178713) x14 0x00000000800120b6
core   0: 0x000000008000ff04 (0xfee43023) sd      a4, -32(s0)
core   0: 3 0x000000008000ff04 (0xfee43023) mem 0x0000000080031f50 0x00000000800120b6
core   0: 0x000000008000ff08 (0xfc442703) lw      a4, -60(s0)
core   0: 3 0x000000008000ff08 (0xfc442703) x14 0x0000000000000000 mem 0x0000000080031f34
core   0: 0x000000008000ff0c (0x0ff77713) andi    a4, a4, 255
core   0: 3 0x000000008000ff0c (0x0ff77713) x14 0x0000000000000000
core   0: 0x000000008000ff10 (0x00e78023) sb      a4, 0(a5)
core   0: 3 0x000000008000ff10 (0x00e78023) mem 0x00000000800120b5 0x00
core   0: 0x000000008000ff14 (0xfc843703) ld      a4, -56(s0)
core   0: 3 0x000000008000ff14 (0xfc843703) x14 0x0000000080012040 mem 0x0000000080031f38
core   0: 0x000000008000ff18 (0xfb843783) ld      a5, -72(s0)
core   0: 3 0x000000008000ff18 (0xfb843783) x15 0x000000000000009c mem 0x0000000080031f28
core   0: 0x000000008000ff1c (0x000097ba) c.add   a5, a4
core   0: 3 0x000000008000ff1c (0x97ba) x15 0x00000000800120dc
core   0: 0x000000008000ff1e (0xfe043703) ld      a4, -32(s0)
core   0: 3 0x000000008000ff1e (0xfe043703) x14 0x00000000800120b6 mem 0x0000000080031f50
core   0: 0x000000008000ff22 (0xfcf76de3) bltu    a4, a5, pc - 38
core   0: 3 0x000000008000ff22 (0xfcf76de3)
core   0: 0x000000008000fefc (0xfe043783) ld      a5, -32(s0)
core   0: 3 0x000000008000fefc (0xfe043783) x15 0x00000000800120b6 mem 0x0000000080031f50
core   0: 0x000000008000ff00 (0x00178713) addi    a4, a5, 1
core   0: 3 0x000000008000ff00 (0x00178713) x14 0x00000000800120b7
core   0: 0x000000008000ff04 (0xfee43023) sd      a4, -32(s0)
core   0: 3 0x000000008000ff04 (0xfee43023) mem 0x0000000080031f50 0x00000000800120b7
core   0: 0x000000008000ff08 (0xfc442703) lw      a4, -60(s0)
core   0: 3 0x000000008000ff08 (0xfc442703) x14 0x0000000000000000 mem 0x0000000080031f34
core   0: 0x000000008000ff0c (0x0ff77713) andi    a4, a4, 255
core   0: 3 0x000000008000ff0c (0x0ff77713) x14 0x0000000000000000
core   0: 0x000000008000ff10 (0x00e78023) sb      a4, 0(a5)
core   0: 3 0x000000008000ff10 (0x00e78023) mem 0x00000000800120b6 0x00
core   0: 0x000000008000ff14 (0xfc843703) ld      a4, -56(s0)
core   0: 3 0x000000008000ff14 (0xfc843703) x14 0x0000000080012040 mem 0x0000000080031f38
core   0: 0x000000008000ff18 (0xfb843783) ld      a5, -72(s0)
core   0: 3 0x000000008000ff18 (0xfb843783) x15 0x000000000000009c mem 0x0000000080031f28
core   0: 0x000000008000ff1c (0x000097ba) c.add   a5, a4
core   0: 3 0x000000008000ff1c (0x97ba) x15 0x00000000800120dc
core   0: 0x000000008000ff1e (0xfe043703) ld      a4, -32(s0)
core   0: 3 0x000000008000ff1e (0xfe043703) x14 0x00000000800120b7 mem 0x0000000080031f50
core   0: 0x000000008000ff22 (0xfcf76de3) bltu    a4, a5, pc - 38
core   0: 3 0x000000008000ff22 (0xfcf76de3)
core   0: 0x000000008000fefc (0xfe043783) ld      a5, -32(s0)
core   0: 3 0x000000008000fefc (0xfe043783) x15 0x00000000800120b7 mem 0x0000000080031f50
core   0: 0x000000008000ff00 (0x00178713) addi    a4, a5, 1
core   0: 3 0x000000008000ff00 (0x00178713) x14 0x00000000800120b8
core   0: 0x000000008000ff04 (0xfee43023) sd      a4, -32(s0)
core   0: 3 0x000000008000ff04 (0xfee43023) mem 0x0000000080031f50 0x00000000800120b8
core   0: 0x000000008000ff08 (0xfc442703) lw      a4, -60(s0)
core   0: 3 0x000000008000ff08 (0xfc442703) x14 0x0000000000000000 mem 0x0000000080031f34
core   0: 0x000000008000ff0c (0x0ff77713) andi    a4, a4, 255
core   0: 3 0x000000008000ff0c (0x0ff77713) x14 0x0000000000000000
core   0: 0x000000008000ff10 (0x00e78023) sb      a4, 0(a5)
core   0: 3 0x000000008000ff10 (0x00e78023) mem 0x00000000800120b7 0x00
core   0: 0x000000008000ff14 (0xfc843703) ld      a4, -56(s0)
core   0: 3 0x000000008000ff14 (0xfc843703) x14 0x0000000080012040 mem 0x0000000080031f38
core   0: 0x000000008000ff18 (0xfb843783) ld      a5, -72(s0)
core   0: 3 0x000000008000ff18 (0xfb843783) x15 0x000000000000009c mem 0x0000000080031f28
core   0: 0x000000008000ff1c (0x000097ba) c.add   a5, a4
core   0: 3 0x000000008000ff1c (0x97ba) x15 0x00000000800120dc
core   0: 0x000000008000ff1e (0xfe043703) ld      a4, -32(s0)
core   0: 3 0x000000008000ff1e (0xfe043703) x14 0x00000000800120b8 mem 0x0000000080031f50
core   0: 0x000000008000ff22 (0xfcf76de3) bltu    a4, a5, pc - 38
core   0: 3 0x000000008000ff22 (0xfcf76de3)
core   0: 0x000000008000fefc (0xfe043783) ld      a5, -32(s0)
core   0: 3 0x000000008000fefc (0xfe043783) x15 0x00000000800120b8 mem 0x0000000080031f50
core   0: 0x000000008000ff00 (0x00178713) addi    a4, a5, 1
core   0: 3 0x000000008000ff00 (0x00178713) x14 0x00000000800120b9
core   0: 0x000000008000ff04 (0xfee43023) sd      a4, -32(s0)
core   0: 3 0x000000008000ff04 (0xfee43023) mem 0x0000000080031f50 0x00000000800120b9
core   0: 0x000000008000ff08 (0xfc442703) lw      a4, -60(s0)
core   0: 3 0x000000008000ff08 (0xfc442703) x14 0x0000000000000000 mem 0x0000000080031f34
core   0: 0x000000008000ff0c (0x0ff77713) andi    a4, a4, 255
core   0: 3 0x000000008000ff0c (0x0ff77713) x14 0x0000000000000000
core   0: 0x000000008000ff10 (0x00e78023) sb      a4, 0(a5)
core   0: 3 0x000000008000ff10 (0x00e78023) mem 0x00000000800120b8 0x00
core   0: 0x000000008000ff14 (0xfc843703) ld      a4, -56(s0)
core   0: 3 0x000000008000ff14 (0xfc843703) x14 0x0000000080012040 mem 0x0000000080031f38
core   0: 0x000000008000ff18 (0xfb843783) ld      a5, -72(s0)
core   0: 3 0x000000008000ff18 (0xfb843783) x15 0x000000000000009c mem 0x0000000080031f28
core   0: 0x000000008000ff1c (0x000097ba) c.add   a5, a4
core   0: 3 0x000000008000ff1c (0x97ba) x15 0x00000000800120dc
core   0: 0x000000008000ff1e (0xfe043703) ld      a4, -32(s0)
core   0: 3 0x000000008000ff1e (0xfe043703) x14 0x00000000800120b9 mem 0x0000000080031f50
core   0: 0x000000008000ff22 (0xfcf76de3) bltu    a4, a5, pc - 38
core   0: 3 0x000000008000ff22 (0xfcf76de3)
core   0: 0x000000008000fefc (0xfe043783) ld      a5, -32(s0)
core   0: 3 0x000000008000fefc (0xfe043783) x15 0x00000000800120b9 mem 0x0000000080031f50
core   0: 0x000000008000ff00 (0x00178713) addi    a4, a5, 1
core   0: 3 0x000000008000ff00 (0x00178713) x14 0x00000000800120ba
core   0: 0x000000008000ff04 (0xfee43023) sd      a4, -32(s0)
core   0: 3 0x000000008000ff04 (0xfee43023) mem 0x0000000080031f50 0x00000000800120ba
core   0: 0x000000008000ff08 (0xfc442703) lw      a4, -60(s0)
core   0: 3 0x000000008000ff08 (0xfc442703) x14 0x0000000000000000 mem 0x0000000080031f34
core   0: 0x000000008000ff0c (0x0ff77713) andi    a4, a4, 255
core   0: 3 0x000000008000ff0c (0x0ff77713) x14 0x0000000000000000
core   0: 0x000000008000ff10 (0x00e78023) sb      a4, 0(a5)
core   0: 3 0x000000008000ff10 (0x00e78023) mem 0x00000000800120b9 0x00
core   0: 0x000000008000ff14 (0xfc843703) ld      a4, -56(s0)
core   0: 3 0x000000008000ff14 (0xfc843703) x14 0x0000000080012040 mem 0x0000000080031f38
core   0: 0x000000008000ff18 (0xfb843783) ld      a5, -72(s0)
core   0: 3 0x000000008000ff18 (0xfb843783) x15 0x000000000000009c mem 0x0000000080031f28
core   0: 0x000000008000ff1c (0x000097ba) c.add   a5, a4
core   0: 3 0x000000008000ff1c (0x97ba) x15 0x00000000800120dc
core   0: 0x000000008000ff1e (0xfe043703) ld      a4, -32(s0)
core   0: 3 0x000000008000ff1e (0xfe043703) x14 0x00000000800120ba mem 0x0000000080031f50
core   0: 0x000000008000ff22 (0xfcf76de3) bltu    a4, a5, pc - 38
core   0: 3 0x000000008000ff22 (0xfcf76de3)
core   0: 0x000000008000fefc (0xfe043783) ld      a5, -32(s0)
core   0: 3 0x000000008000fefc (0xfe043783) x15 0x00000000800120ba mem 0x0000000080031f50
core   0: 0x000000008000ff00 (0x00178713) addi    a4, a5, 1
core   0: 3 0x000000008000ff00 (0x00178713) x14 0x00000000800120bb
core   0: 0x000000008000ff04 (0xfee43023) sd      a4, -32(s0)
core   0: 3 0x000000008000ff04 (0xfee43023) mem 0x0000000080031f50 0x00000000800120bb
core   0: 0x000000008000ff08 (0xfc442703) lw      a4, -60(s0)
core   0: 3 0x000000008000ff08 (0xfc442703) x14 0x0000000000000000 mem 0x0000000080031f34
core   0: 0x000000008000ff0c (0x0ff77713) andi    a4, a4, 255
core   0: 3 0x000000008000ff0c (0x0ff77713) x14 0x0000000000000000
core   0: 0x000000008000ff10 (0x00e78023) sb      a4, 0(a5)
core   0: 3 0x000000008000ff10 (0x00e78023) mem 0x00000000800120ba 0x00
core   0: 0x000000008000ff14 (0xfc843703) ld      a4, -56(s0)
core   0: 3 0x000000008000ff14 (0xfc843703) x14 0x0000000080012040 mem 0x0000000080031f38
core   0: 0x000000008000ff18 (0xfb843783) ld      a5, -72(s0)
core   0: 3 0x000000008000ff18 (0xfb843783) x15 0x000000000000009c mem 0x0000000080031f28
core   0: 0x000000008000ff1c (0x000097ba) c.add   a5, a4
core   0: 3 0x000000008000ff1c (0x97ba) x15 0x00000000800120dc
core   0: 0x000000008000ff1e (0xfe043703) ld      a4, -32(s0)
core   0: 3 0x000000008000ff1e (0xfe043703) x14 0x00000000800120bb mem 0x0000000080031f50
core   0: 0x000000008000ff22 (0xfcf76de3) bltu    a4, a5, pc - 38
core   0: 3 0x000000008000ff22 (0xfcf76de3)
core   0: 0x000000008000fefc (0xfe043783) ld      a5, -32(s0)
core   0: 3 0x000000008000fefc (0xfe043783) x15 0x00000000800120bb mem 0x0000000080031f50
core   0: 0x000000008000ff00 (0x00178713) addi    a4, a5, 1
core   0: 3 0x000000008000ff00 (0x00178713) x14 0x00000000800120bc
core   0: 0x000000008000ff04 (0xfee43023) sd      a4, -32(s0)
core   0: 3 0x000000008000ff04 (0xfee43023) mem 0x0000000080031f50 0x00000000800120bc
core   0: 0x000000008000ff08 (0xfc442703) lw      a4, -60(s0)
core   0: 3 0x000000008000ff08 (0xfc442703) x14 0x0000000000000000 mem 0x0000000080031f34
core   0: 0x000000008000ff0c (0x0ff77713) andi    a4, a4, 255
core   0: 3 0x000000008000ff0c (0x0ff77713) x14 0x0000000000000000
core   0: 0x000000008000ff10 (0x00e78023) sb      a4, 0(a5)
core   0: 3 0x000000008000ff10 (0x00e78023) mem 0x00000000800120bb 0x00
core   0: 0x000000008000ff14 (0xfc843703) ld      a4, -56(s0)
core   0: 3 0x000000008000ff14 (0xfc843703) x14 0x0000000080012040 mem 0x0000000080031f38
core   0: 0x000000008000ff18 (0xfb843783) ld      a5, -72(s0)
core   0: 3 0x000000008000ff18 (0xfb843783) x15 0x000000000000009c mem 0x0000000080031f28
core   0: 0x000000008000ff1c (0x000097ba) c.add   a5, a4
core   0: 3 0x000000008000ff1c (0x97ba) x15 0x00000000800120dc
core   0: 0x000000008000ff1e (0xfe043703) ld      a4, -32(s0)
core   0: 3 0x000000008000ff1e (0xfe043703) x14 0x00000000800120bc mem 0x0000000080031f50
core   0: 0x000000008000ff22 (0xfcf76de3) bltu    a4, a5, pc - 38
core   0: 3 0x000000008000ff22 (0xfcf76de3)
core   0: 0x000000008000fefc (0xfe043783) ld      a5, -32(s0)
core   0: 3 0x000000008000fefc (0xfe043783) x15 0x00000000800120bc mem 0x0000000080031f50
core   0: 0x000000008000ff00 (0x00178713) addi    a4, a5, 1
core   0: 3 0x000000008000ff00 (0x00178713) x14 0x00000000800120bd
core   0: 0x000000008000ff04 (0xfee43023) sd      a4, -32(s0)
core   0: 3 0x000000008000ff04 (0xfee43023) mem 0x0000000080031f50 0x00000000800120bd
core   0: 0x000000008000ff08 (0xfc442703) lw      a4, -60(s0)
core   0: 3 0x000000008000ff08 (0xfc442703) x14 0x0000000000000000 mem 0x0000000080031f34
core   0: 0x000000008000ff0c (0x0ff77713) andi    a4, a4, 255
core   0: 3 0x000000008000ff0c (0x0ff77713) x14 0x0000000000000000
core   0: 0x000000008000ff10 (0x00e78023) sb      a4, 0(a5)
core   0: 3 0x000000008000ff10 (0x00e78023) mem 0x00000000800120bc 0x00
core   0: 0x000000008000ff14 (0xfc843703) ld      a4, -56(s0)
core   0: 3 0x000000008000ff14 (0xfc843703) x14 0x0000000080012040 mem 0x0000000080031f38
core   0: 0x000000008000ff18 (0xfb843783) ld      a5, -72(s0)
core   0: 3 0x000000008000ff18 (0xfb843783) x15 0x000000000000009c mem 0x0000000080031f28
core   0: 0x000000008000ff1c (0x000097ba) c.add   a5, a4
core   0: 3 0x000000008000ff1c (0x97ba) x15 0x00000000800120dc
core   0: 0x000000008000ff1e (0xfe043703) ld      a4, -32(s0)
core   0: 3 0x000000008000ff1e (0xfe043703) x14 0x00000000800120bd mem 0x0000000080031f50
core   0: 0x000000008000ff22 (0xfcf76de3) bltu    a4, a5, pc - 38
core   0: 3 0x000000008000ff22 (0xfcf76de3)
core   0: 0x000000008000fefc (0xfe043783) ld      a5, -32(s0)
core   0: 3 0x000000008000fefc (0xfe043783) x15 0x00000000800120bd mem 0x0000000080031f50
core   0: 0x000000008000ff00 (0x00178713) addi    a4, a5, 1
core   0: 3 0x000000008000ff00 (0x00178713) x14 0x00000000800120be
core   0: 0x000000008000ff04 (0xfee43023) sd      a4, -32(s0)
core   0: 3 0x000000008000ff04 (0xfee43023) mem 0x0000000080031f50 0x00000000800120be
core   0: 0x000000008000ff08 (0xfc442703) lw      a4, -60(s0)
core   0: 3 0x000000008000ff08 (0xfc442703) x14 0x0000000000000000 mem 0x0000000080031f34
core   0: 0x000000008000ff0c (0x0ff77713) andi    a4, a4, 255
core   0: 3 0x000000008000ff0c (0x0ff77713) x14 0x0000000000000000
core   0: 0x000000008000ff10 (0x00e78023) sb      a4, 0(a5)
core   0: 3 0x000000008000ff10 (0x00e78023) mem 0x00000000800120bd 0x00
core   0: 0x000000008000ff14 (0xfc843703) ld      a4, -56(s0)
core   0: 3 0x000000008000ff14 (0xfc843703) x14 0x0000000080012040 mem 0x0000000080031f38
core   0: 0x000000008000ff18 (0xfb843783) ld      a5, -72(s0)
core   0: 3 0x000000008000ff18 (0xfb843783) x15 0x000000000000009c mem 0x0000000080031f28
core   0: 0x000000008000ff1c (0x000097ba) c.add   a5, a4
core   0: 3 0x000000008000ff1c (0x97ba) x15 0x00000000800120dc
core   0: 0x000000008000ff1e (0xfe043703) ld      a4, -32(s0)
core   0: 3 0x000000008000ff1e (0xfe043703) x14 0x00000000800120be mem 0x0000000080031f50
core   0: 0x000000008000ff22 (0xfcf76de3) bltu    a4, a5, pc - 38
core   0: 3 0x000000008000ff22 (0xfcf76de3)
core   0: 0x000000008000fefc (0xfe043783) ld      a5, -32(s0)
core   0: 3 0x000000008000fefc (0xfe043783) x15 0x00000000800120be mem 0x0000000080031f50
core   0: 0x000000008000ff00 (0x00178713) addi    a4, a5, 1
core   0: 3 0x000000008000ff00 (0x00178713) x14 0x00000000800120bf
core   0: 0x000000008000ff04 (0xfee43023) sd      a4, -32(s0)
core   0: 3 0x000000008000ff04 (0xfee43023) mem 0x0000000080031f50 0x00000000800120bf
core   0: 0x000000008000ff08 (0xfc442703) lw      a4, -60(s0)
core   0: 3 0x000000008000ff08 (0xfc442703) x14 0x0000000000000000 mem 0x0000000080031f34
core   0: 0x000000008000ff0c (0x0ff77713) andi    a4, a4, 255
core   0: 3 0x000000008000ff0c (0x0ff77713) x14 0x0000000000000000
core   0: 0x000000008000ff10 (0x00e78023) sb      a4, 0(a5)
core   0: 3 0x000000008000ff10 (0x00e78023) mem 0x00000000800120be 0x00
core   0: 0x000000008000ff14 (0xfc843703) ld      a4, -56(s0)
core   0: 3 0x000000008000ff14 (0xfc843703) x14 0x0000000080012040 mem 0x0000000080031f38
core   0: 0x000000008000ff18 (0xfb843783) ld      a5, -72(s0)
core   0: 3 0x000000008000ff18 (0xfb843783) x15 0x000000000000009c mem 0x0000000080031f28
core   0: 0x000000008000ff1c (0x000097ba) c.add   a5, a4
core   0: 3 0x000000008000ff1c (0x97ba) x15 0x00000000800120dc
core   0: 0x000000008000ff1e (0xfe043703) ld      a4, -32(s0)
core   0: 3 0x000000008000ff1e (0xfe043703) x14 0x00000000800120bf mem 0x0000000080031f50
core   0: 0x000000008000ff22 (0xfcf76de3) bltu    a4, a5, pc - 38
core   0: 3 0x000000008000ff22 (0xfcf76de3)
core   0: 0x000000008000fefc (0xfe043783) ld      a5, -32(s0)
core   0: 3 0x000000008000fefc (0xfe043783) x15 0x00000000800120bf mem 0x0000000080031f50
core   0: 0x000000008000ff00 (0x00178713) addi    a4, a5, 1
core   0: 3 0x000000008000ff00 (0x00178713) x14 0x00000000800120c0
core   0: 0x000000008000ff04 (0xfee43023) sd      a4, -32(s0)
core   0: 3 0x000000008000ff04 (0xfee43023) mem 0x0000000080031f50 0x00000000800120c0
core   0: 0x000000008000ff08 (0xfc442703) lw      a4, -60(s0)
core   0: 3 0x000000008000ff08 (0xfc442703) x14 0x0000000000000000 mem 0x0000000080031f34
core   0: 0x000000008000ff0c (0x0ff77713) andi    a4, a4, 255
core   0: 3 0x000000008000ff0c (0x0ff77713) x14 0x0000000000000000
core   0: 0x000000008000ff10 (0x00e78023) sb      a4, 0(a5)
core   0: 3 0x000000008000ff10 (0x00e78023) mem 0x00000000800120bf 0x00
core   0: 0x000000008000ff14 (0xfc843703) ld      a4, -56(s0)
core   0: 3 0x000000008000ff14 (0xfc843703) x14 0x0000000080012040 mem 0x0000000080031f38
core   0: 0x000000008000ff18 (0xfb843783) ld      a5, -72(s0)
core   0: 3 0x000000008000ff18 (0xfb843783) x15 0x000000000000009c mem 0x0000000080031f28
core   0: 0x000000008000ff1c (0x000097ba) c.add   a5, a4
core   0: 3 0x000000008000ff1c (0x97ba) x15 0x00000000800120dc
core   0: 0x000000008000ff1e (0xfe043703) ld      a4, -32(s0)
core   0: 3 0x000000008000ff1e (0xfe043703) x14 0x00000000800120c0 mem 0x0000000080031f50
core   0: 0x000000008000ff22 (0xfcf76de3) bltu    a4, a5, pc - 38
core   0: 3 0x000000008000ff22 (0xfcf76de3)
core   0: 0x000000008000fefc (0xfe043783) ld      a5, -32(s0)
core   0: 3 0x000000008000fefc (0xfe043783) x15 0x00000000800120c0 mem 0x0000000080031f50
core   0: 0x000000008000ff00 (0x00178713) addi    a4, a5, 1
core   0: 3 0x000000008000ff00 (0x00178713) x14 0x00000000800120c1
core   0: 0x000000008000ff04 (0xfee43023) sd      a4, -32(s0)
core   0: 3 0x000000008000ff04 (0xfee43023) mem 0x0000000080031f50 0x00000000800120c1
core   0: 0x000000008000ff08 (0xfc442703) lw      a4, -60(s0)
core   0: 3 0x000000008000ff08 (0xfc442703) x14 0x0000000000000000 mem 0x0000000080031f34
core   0: 0x000000008000ff0c (0x0ff77713) andi    a4, a4, 255
core   0: 3 0x000000008000ff0c (0x0ff77713) x14 0x0000000000000000
core   0: 0x000000008000ff10 (0x00e78023) sb      a4, 0(a5)
core   0: 3 0x000000008000ff10 (0x00e78023) mem 0x00000000800120c0 0x00
core   0: 0x000000008000ff14 (0xfc843703) ld      a4, -56(s0)
core   0: 3 0x000000008000ff14 (0xfc843703) x14 0x0000000080012040 mem 0x0000000080031f38
core   0: 0x000000008000ff18 (0xfb843783) ld      a5, -72(s0)
core   0: 3 0x000000008000ff18 (0xfb843783) x15 0x000000000000009c mem 0x0000000080031f28
core   0: 0x000000008000ff1c (0x000097ba) c.add   a5, a4
core   0: 3 0x000000008000ff1c (0x97ba) x15 0x00000000800120dc
core   0: 0x000000008000ff1e (0xfe043703) ld      a4, -32(s0)
core   0: 3 0x000000008000ff1e (0xfe043703) x14 0x00000000800120c1 mem 0x0000000080031f50
core   0: 0x000000008000ff22 (0xfcf76de3) bltu    a4, a5, pc - 38
core   0: 3 0x000000008000ff22 (0xfcf76de3)
core   0: 0x000000008000fefc (0xfe043783) ld      a5, -32(s0)
core   0: 3 0x000000008000fefc (0xfe043783) x15 0x00000000800120c1 mem 0x0000000080031f50
core   0: 0x000000008000ff00 (0x00178713) addi    a4, a5, 1
core   0: 3 0x000000008000ff00 (0x00178713) x14 0x00000000800120c2
core   0: 0x000000008000ff04 (0xfee43023) sd      a4, -32(s0)
core   0: 3 0x000000008000ff04 (0xfee43023) mem 0x0000000080031f50 0x00000000800120c2
core   0: 0x000000008000ff08 (0xfc442703) lw      a4, -60(s0)
core   0: 3 0x000000008000ff08 (0xfc442703) x14 0x0000000000000000 mem 0x0000000080031f34
core   0: 0x000000008000ff0c (0x0ff77713) andi    a4, a4, 255
core   0: 3 0x000000008000ff0c (0x0ff77713) x14 0x0000000000000000
core   0: 0x000000008000ff10 (0x00e78023) sb      a4, 0(a5)
core   0: 3 0x000000008000ff10 (0x00e78023) mem 0x00000000800120c1 0x00
core   0: 0x000000008000ff14 (0xfc843703) ld      a4, -56(s0)
core   0: 3 0x000000008000ff14 (0xfc843703) x14 0x0000000080012040 mem 0x0000000080031f38
core   0: 0x000000008000ff18 (0xfb843783) ld      a5, -72(s0)
core   0: 3 0x000000008000ff18 (0xfb843783) x15 0x000000000000009c mem 0x0000000080031f28
core   0: 0x000000008000ff1c (0x000097ba) c.add   a5, a4
core   0: 3 0x000000008000ff1c (0x97ba) x15 0x00000000800120dc
core   0: 0x000000008000ff1e (0xfe043703) ld      a4, -32(s0)
core   0: 3 0x000000008000ff1e (0xfe043703) x14 0x00000000800120c2 mem 0x0000000080031f50
core   0: 0x000000008000ff22 (0xfcf76de3) bltu    a4, a5, pc - 38
core   0: 3 0x000000008000ff22 (0xfcf76de3)
core   0: 0x000000008000fefc (0xfe043783) ld      a5, -32(s0)
core   0: 3 0x000000008000fefc (0xfe043783) x15 0x00000000800120c2 mem 0x0000000080031f50
core   0: 0x000000008000ff00 (0x00178713) addi    a4, a5, 1
core   0: 3 0x000000008000ff00 (0x00178713) x14 0x00000000800120c3
core   0: 0x000000008000ff04 (0xfee43023) sd      a4, -32(s0)
core   0: 3 0x000000008000ff04 (0xfee43023) mem 0x0000000080031f50 0x00000000800120c3
core   0: 0x000000008000ff08 (0xfc442703) lw      a4, -60(s0)
core   0: 3 0x000000008000ff08 (0xfc442703) x14 0x0000000000000000 mem 0x0000000080031f34
core   0: 0x000000008000ff0c (0x0ff77713) andi    a4, a4, 255
core   0: 3 0x000000008000ff0c (0x0ff77713) x14 0x0000000000000000
core   0: 0x000000008000ff10 (0x00e78023) sb      a4, 0(a5)
core   0: 3 0x000000008000ff10 (0x00e78023) mem 0x00000000800120c2 0x00
core   0: 0x000000008000ff14 (0xfc843703) ld      a4, -56(s0)
core   0: 3 0x000000008000ff14 (0xfc843703) x14 0x0000000080012040 mem 0x0000000080031f38
core   0: 0x000000008000ff18 (0xfb843783) ld      a5, -72(s0)
core   0: 3 0x000000008000ff18 (0xfb843783) x15 0x000000000000009c mem 0x0000000080031f28
core   0: 0x000000008000ff1c (0x000097ba) c.add   a5, a4
core   0: 3 0x000000008000ff1c (0x97ba) x15 0x00000000800120dc
core   0: 0x000000008000ff1e (0xfe043703) ld      a4, -32(s0)
core   0: 3 0x000000008000ff1e (0xfe043703) x14 0x00000000800120c3 mem 0x0000000080031f50
core   0: 0x000000008000ff22 (0xfcf76de3) bltu    a4, a5, pc - 38
core   0: 3 0x000000008000ff22 (0xfcf76de3)
core   0: 0x000000008000fefc (0xfe043783) ld      a5, -32(s0)
core   0: 3 0x000000008000fefc (0xfe043783) x15 0x00000000800120c3 mem 0x0000000080031f50
core   0: 0x000000008000ff00 (0x00178713) addi    a4, a5, 1
core   0: 3 0x000000008000ff00 (0x00178713) x14 0x00000000800120c4
core   0: 0x000000008000ff04 (0xfee43023) sd      a4, -32(s0)
core   0: 3 0x000000008000ff04 (0xfee43023) mem 0x0000000080031f50 0x00000000800120c4
core   0: 0x000000008000ff08 (0xfc442703) lw      a4, -60(s0)
core   0: 3 0x000000008000ff08 (0xfc442703) x14 0x0000000000000000 mem 0x0000000080031f34
core   0: 0x000000008000ff0c (0x0ff77713) andi    a4, a4, 255
core   0: 3 0x000000008000ff0c (0x0ff77713) x14 0x0000000000000000
core   0: 0x000000008000ff10 (0x00e78023) sb      a4, 0(a5)
core   0: 3 0x000000008000ff10 (0x00e78023) mem 0x00000000800120c3 0x00
core   0: 0x000000008000ff14 (0xfc843703) ld      a4, -56(s0)
core   0: 3 0x000000008000ff14 (0xfc843703) x14 0x0000000080012040 mem 0x0000000080031f38
core   0: 0x000000008000ff18 (0xfb843783) ld      a5, -72(s0)
core   0: 3 0x000000008000ff18 (0xfb843783) x15 0x000000000000009c mem 0x0000000080031f28
core   0: 0x000000008000ff1c (0x000097ba) c.add   a5, a4
core   0: 3 0x000000008000ff1c (0x97ba) x15 0x00000000800120dc
core   0: 0x000000008000ff1e (0xfe043703) ld      a4, -32(s0)
core   0: 3 0x000000008000ff1e (0xfe043703) x14 0x00000000800120c4 mem 0x0000000080031f50
core   0: 0x000000008000ff22 (0xfcf76de3) bltu    a4, a5, pc - 38
core   0: 3 0x000000008000ff22 (0xfcf76de3)
core   0: 0x000000008000fefc (0xfe043783) ld      a5, -32(s0)
core   0: 3 0x000000008000fefc (0xfe043783) x15 0x00000000800120c4 mem 0x0000000080031f50
core   0: 0x000000008000ff00 (0x00178713) addi    a4, a5, 1
core   0: 3 0x000000008000ff00 (0x00178713) x14 0x00000000800120c5
core   0: 0x000000008000ff04 (0xfee43023) sd      a4, -32(s0)
core   0: 3 0x000000008000ff04 (0xfee43023) mem 0x0000000080031f50 0x00000000800120c5
core   0: 0x000000008000ff08 (0xfc442703) lw      a4, -60(s0)
core   0: 3 0x000000008000ff08 (0xfc442703) x14 0x0000000000000000 mem 0x0000000080031f34
core   0: 0x000000008000ff0c (0x0ff77713) andi    a4, a4, 255
core   0: 3 0x000000008000ff0c (0x0ff77713) x14 0x0000000000000000
core   0: 0x000000008000ff10 (0x00e78023) sb      a4, 0(a5)
core   0: 3 0x000000008000ff10 (0x00e78023) mem 0x00000000800120c4 0x00
core   0: 0x000000008000ff14 (0xfc843703) ld      a4, -56(s0)
core   0: 3 0x000000008000ff14 (0xfc843703) x14 0x0000000080012040 mem 0x0000000080031f38
core   0: 0x000000008000ff18 (0xfb843783) ld      a5, -72(s0)
core   0: 3 0x000000008000ff18 (0xfb843783) x15 0x000000000000009c mem 0x0000000080031f28
core   0: 0x000000008000ff1c (0x000097ba) c.add   a5, a4
core   0: 3 0x000000008000ff1c (0x97ba) x15 0x00000000800120dc
core   0: 0x000000008000ff1e (0xfe043703) ld      a4, -32(s0)
core   0: 3 0x000000008000ff1e (0xfe043703) x14 0x00000000800120c5 mem 0x0000000080031f50
core   0: 0x000000008000ff22 (0xfcf76de3) bltu    a4, a5, pc - 38
core   0: 3 0x000000008000ff22 (0xfcf76de3)
core   0: 0x000000008000fefc (0xfe043783) ld      a5, -32(s0)
core   0: 3 0x000000008000fefc (0xfe043783) x15 0x00000000800120c5 mem 0x0000000080031f50
core   0: 0x000000008000ff00 (0x00178713) addi    a4, a5, 1
core   0: 3 0x000000008000ff00 (0x00178713) x14 0x00000000800120c6
core   0: 0x000000008000ff04 (0xfee43023) sd      a4, -32(s0)
core   0: 3 0x000000008000ff04 (0xfee43023) mem 0x0000000080031f50 0x00000000800120c6
core   0: 0x000000008000ff08 (0xfc442703) lw      a4, -60(s0)
core   0: 3 0x000000008000ff08 (0xfc442703) x14 0x0000000000000000 mem 0x0000000080031f34
core   0: 0x000000008000ff0c (0x0ff77713) andi    a4, a4, 255
core   0: 3 0x000000008000ff0c (0x0ff77713) x14 0x0000000000000000
core   0: 0x000000008000ff10 (0x00e78023) sb      a4, 0(a5)
core   0: 3 0x000000008000ff10 (0x00e78023) mem 0x00000000800120c5 0x00
core   0: 0x000000008000ff14 (0xfc843703) ld      a4, -56(s0)
core   0: 3 0x000000008000ff14 (0xfc843703) x14 0x0000000080012040 mem 0x0000000080031f38
core   0: 0x000000008000ff18 (0xfb843783) ld      a5, -72(s0)
core   0: 3 0x000000008000ff18 (0xfb843783) x15 0x000000000000009c mem 0x0000000080031f28
core   0: 0x000000008000ff1c (0x000097ba) c.add   a5, a4
core   0: 3 0x000000008000ff1c (0x97ba) x15 0x00000000800120dc
core   0: 0x000000008000ff1e (0xfe043703) ld      a4, -32(s0)
core   0: 3 0x000000008000ff1e (0xfe043703) x14 0x00000000800120c6 mem 0x0000000080031f50
core   0: 0x000000008000ff22 (0xfcf76de3) bltu    a4, a5, pc - 38
core   0: 3 0x000000008000ff22 (0xfcf76de3)
core   0: 0x000000008000fefc (0xfe043783) ld      a5, -32(s0)
core   0: 3 0x000000008000fefc (0xfe043783) x15 0x00000000800120c6 mem 0x0000000080031f50
core   0: 0x000000008000ff00 (0x00178713) addi    a4, a5, 1
core   0: 3 0x000000008000ff00 (0x00178713) x14 0x00000000800120c7
core   0: 0x000000008000ff04 (0xfee43023) sd      a4, -32(s0)
core   0: 3 0x000000008000ff04 (0xfee43023) mem 0x0000000080031f50 0x00000000800120c7
core   0: 0x000000008000ff08 (0xfc442703) lw      a4, -60(s0)
core   0: 3 0x000000008000ff08 (0xfc442703) x14 0x0000000000000000 mem 0x0000000080031f34
core   0: 0x000000008000ff0c (0x0ff77713) andi    a4, a4, 255
core   0: 3 0x000000008000ff0c (0x0ff77713) x14 0x0000000000000000
core   0: 0x000000008000ff10 (0x00e78023) sb      a4, 0(a5)
core   0: 3 0x000000008000ff10 (0x00e78023) mem 0x00000000800120c6 0x00
core   0: 0x000000008000ff14 (0xfc843703) ld      a4, -56(s0)
core   0: 3 0x000000008000ff14 (0xfc843703) x14 0x0000000080012040 mem 0x0000000080031f38
core   0: 0x000000008000ff18 (0xfb843783) ld      a5, -72(s0)
core   0: 3 0x000000008000ff18 (0xfb843783) x15 0x000000000000009c mem 0x0000000080031f28
core   0: 0x000000008000ff1c (0x000097ba) c.add   a5, a4
core   0: 3 0x000000008000ff1c (0x97ba) x15 0x00000000800120dc
core   0: 0x000000008000ff1e (0xfe043703) ld      a4, -32(s0)
core   0: 3 0x000000008000ff1e (0xfe043703) x14 0x00000000800120c7 mem 0x0000000080031f50
core   0: 0x000000008000ff22 (0xfcf76de3) bltu    a4, a5, pc - 38
core   0: 3 0x000000008000ff22 (0xfcf76de3)
core   0: 0x000000008000fefc (0xfe043783) ld      a5, -32(s0)
core   0: 3 0x000000008000fefc (0xfe043783) x15 0x00000000800120c7 mem 0x0000000080031f50
core   0: 0x000000008000ff00 (0x00178713) addi    a4, a5, 1
core   0: 3 0x000000008000ff00 (0x00178713) x14 0x00000000800120c8
core   0: 0x000000008000ff04 (0xfee43023) sd      a4, -32(s0)
core   0: 3 0x000000008000ff04 (0xfee43023) mem 0x0000000080031f50 0x00000000800120c8
core   0: 0x000000008000ff08 (0xfc442703) lw      a4, -60(s0)
core   0: 3 0x000000008000ff08 (0xfc442703) x14 0x0000000000000000 mem 0x0000000080031f34
core   0: 0x000000008000ff0c (0x0ff77713) andi    a4, a4, 255
core   0: 3 0x000000008000ff0c (0x0ff77713) x14 0x0000000000000000
core   0: 0x000000008000ff10 (0x00e78023) sb      a4, 0(a5)
core   0: 3 0x000000008000ff10 (0x00e78023) mem 0x00000000800120c7 0x00
core   0: 0x000000008000ff14 (0xfc843703) ld      a4, -56(s0)
core   0: 3 0x000000008000ff14 (0xfc843703) x14 0x0000000080012040 mem 0x0000000080031f38
core   0: 0x000000008000ff18 (0xfb843783) ld      a5, -72(s0)
core   0: 3 0x000000008000ff18 (0xfb843783) x15 0x000000000000009c mem 0x0000000080031f28
core   0: 0x000000008000ff1c (0x000097ba) c.add   a5, a4
core   0: 3 0x000000008000ff1c (0x97ba) x15 0x00000000800120dc
core   0: 0x000000008000ff1e (0xfe043703) ld      a4, -32(s0)
core   0: 3 0x000000008000ff1e (0xfe043703) x14 0x00000000800120c8 mem 0x0000000080031f50
core   0: 0x000000008000ff22 (0xfcf76de3) bltu    a4, a5, pc - 38
core   0: 3 0x000000008000ff22 (0xfcf76de3)
core   0: 0x000000008000fefc (0xfe043783) ld      a5, -32(s0)
core   0: 3 0x000000008000fefc (0xfe043783) x15 0x00000000800120c8 mem 0x0000000080031f50
core   0: 0x000000008000ff00 (0x00178713) addi    a4, a5, 1
core   0: 3 0x000000008000ff00 (0x00178713) x14 0x00000000800120c9
core   0: 0x000000008000ff04 (0xfee43023) sd      a4, -32(s0)
core   0: 3 0x000000008000ff04 (0xfee43023) mem 0x0000000080031f50 0x00000000800120c9
core   0: 0x000000008000ff08 (0xfc442703) lw      a4, -60(s0)
core   0: 3 0x000000008000ff08 (0xfc442703) x14 0x0000000000000000 mem 0x0000000080031f34
core   0: 0x000000008000ff0c (0x0ff77713) andi    a4, a4, 255
core   0: 3 0x000000008000ff0c (0x0ff77713) x14 0x0000000000000000
core   0: 0x000000008000ff10 (0x00e78023) sb      a4, 0(a5)
core   0: 3 0x000000008000ff10 (0x00e78023) mem 0x00000000800120c8 0x00
core   0: 0x000000008000ff14 (0xfc843703) ld      a4, -56(s0)
core   0: 3 0x000000008000ff14 (0xfc843703) x14 0x0000000080012040 mem 0x0000000080031f38
core   0: 0x000000008000ff18 (0xfb843783) ld      a5, -72(s0)
core   0: 3 0x000000008000ff18 (0xfb843783) x15 0x000000000000009c mem 0x0000000080031f28
core   0: 0x000000008000ff1c (0x000097ba) c.add   a5, a4
core   0: 3 0x000000008000ff1c (0x97ba) x15 0x00000000800120dc
core   0: 0x000000008000ff1e (0xfe043703) ld      a4, -32(s0)
core   0: 3 0x000000008000ff1e (0xfe043703) x14 0x00000000800120c9 mem 0x0000000080031f50
core   0: 0x000000008000ff22 (0xfcf76de3) bltu    a4, a5, pc - 38
core   0: 3 0x000000008000ff22 (0xfcf76de3)
core   0: 0x000000008000fefc (0xfe043783) ld      a5, -32(s0)
core   0: 3 0x000000008000fefc (0xfe043783) x15 0x00000000800120c9 mem 0x0000000080031f50
core   0: 0x000000008000ff00 (0x00178713) addi    a4, a5, 1
core   0: 3 0x000000008000ff00 (0x00178713) x14 0x00000000800120ca
core   0: 0x000000008000ff04 (0xfee43023) sd      a4, -32(s0)
core   0: 3 0x000000008000ff04 (0xfee43023) mem 0x0000000080031f50 0x00000000800120ca
core   0: 0x000000008000ff08 (0xfc442703) lw      a4, -60(s0)
core   0: 3 0x000000008000ff08 (0xfc442703) x14 0x0000000000000000 mem 0x0000000080031f34
core   0: 0x000000008000ff0c (0x0ff77713) andi    a4, a4, 255
core   0: 3 0x000000008000ff0c (0x0ff77713) x14 0x0000000000000000
core   0: 0x000000008000ff10 (0x00e78023) sb      a4, 0(a5)
core   0: 3 0x000000008000ff10 (0x00e78023) mem 0x00000000800120c9 0x00
core   0: 0x000000008000ff14 (0xfc843703) ld      a4, -56(s0)
core   0: 3 0x000000008000ff14 (0xfc843703) x14 0x0000000080012040 mem 0x0000000080031f38
core   0: 0x000000008000ff18 (0xfb843783) ld      a5, -72(s0)
core   0: 3 0x000000008000ff18 (0xfb843783) x15 0x000000000000009c mem 0x0000000080031f28
core   0: 0x000000008000ff1c (0x000097ba) c.add   a5, a4
core   0: 3 0x000000008000ff1c (0x97ba) x15 0x00000000800120dc
core   0: 0x000000008000ff1e (0xfe043703) ld      a4, -32(s0)
core   0: 3 0x000000008000ff1e (0xfe043703) x14 0x00000000800120ca mem 0x0000000080031f50
core   0: 0x000000008000ff22 (0xfcf76de3) bltu    a4, a5, pc - 38
core   0: 3 0x000000008000ff22 (0xfcf76de3)
core   0: 0x000000008000fefc (0xfe043783) ld      a5, -32(s0)
core   0: 3 0x000000008000fefc (0xfe043783) x15 0x00000000800120ca mem 0x0000000080031f50
core   0: 0x000000008000ff00 (0x00178713) addi    a4, a5, 1
core   0: 3 0x000000008000ff00 (0x00178713) x14 0x00000000800120cb
core   0: 0x000000008000ff04 (0xfee43023) sd      a4, -32(s0)
core   0: 3 0x000000008000ff04 (0xfee43023) mem 0x0000000080031f50 0x00000000800120cb
core   0: 0x000000008000ff08 (0xfc442703) lw      a4, -60(s0)
core   0: 3 0x000000008000ff08 (0xfc442703) x14 0x0000000000000000 mem 0x0000000080031f34
core   0: 0x000000008000ff0c (0x0ff77713) andi    a4, a4, 255
core   0: 3 0x000000008000ff0c (0x0ff77713) x14 0x0000000000000000
core   0: 0x000000008000ff10 (0x00e78023) sb      a4, 0(a5)
core   0: 3 0x000000008000ff10 (0x00e78023) mem 0x00000000800120ca 0x00
core   0: 0x000000008000ff14 (0xfc843703) ld      a4, -56(s0)
core   0: 3 0x000000008000ff14 (0xfc843703) x14 0x0000000080012040 mem 0x0000000080031f38
core   0: 0x000000008000ff18 (0xfb843783) ld      a5, -72(s0)
core   0: 3 0x000000008000ff18 (0xfb843783) x15 0x000000000000009c mem 0x0000000080031f28
core   0: 0x000000008000ff1c (0x000097ba) c.add   a5, a4
core   0: 3 0x000000008000ff1c (0x97ba) x15 0x00000000800120dc
core   0: 0x000000008000ff1e (0xfe043703) ld      a4, -32(s0)
core   0: 3 0x000000008000ff1e (0xfe043703) x14 0x00000000800120cb mem 0x0000000080031f50
core   0: 0x000000008000ff22 (0xfcf76de3) bltu    a4, a5, pc - 38
core   0: 3 0x000000008000ff22 (0xfcf76de3)
core   0: 0x000000008000fefc (0xfe043783) ld      a5, -32(s0)
core   0: 3 0x000000008000fefc (0xfe043783) x15 0x00000000800120cb mem 0x0000000080031f50
core   0: 0x000000008000ff00 (0x00178713) addi    a4, a5, 1
core   0: 3 0x000000008000ff00 (0x00178713) x14 0x00000000800120cc
core   0: 0x000000008000ff04 (0xfee43023) sd      a4, -32(s0)
core   0: 3 0x000000008000ff04 (0xfee43023) mem 0x0000000080031f50 0x00000000800120cc
core   0: 0x000000008000ff08 (0xfc442703) lw      a4, -60(s0)
core   0: 3 0x000000008000ff08 (0xfc442703) x14 0x0000000000000000 mem 0x0000000080031f34
core   0: 0x000000008000ff0c (0x0ff77713) andi    a4, a4, 255
core   0: 3 0x000000008000ff0c (0x0ff77713) x14 0x0000000000000000
core   0: 0x000000008000ff10 (0x00e78023) sb      a4, 0(a5)
core   0: 3 0x000000008000ff10 (0x00e78023) mem 0x00000000800120cb 0x00
core   0: 0x000000008000ff14 (0xfc843703) ld      a4, -56(s0)
core   0: 3 0x000000008000ff14 (0xfc843703) x14 0x0000000080012040 mem 0x0000000080031f38
core   0: 0x000000008000ff18 (0xfb843783) ld      a5, -72(s0)
core   0: 3 0x000000008000ff18 (0xfb843783) x15 0x000000000000009c mem 0x0000000080031f28
core   0: 0x000000008000ff1c (0x000097ba) c.add   a5, a4
core   0: 3 0x000000008000ff1c (0x97ba) x15 0x00000000800120dc
core   0: 0x000000008000ff1e (0xfe043703) ld      a4, -32(s0)
core   0: 3 0x000000008000ff1e (0xfe043703) x14 0x00000000800120cc mem 0x0000000080031f50
core   0: 0x000000008000ff22 (0xfcf76de3) bltu    a4, a5, pc - 38
core   0: 3 0x000000008000ff22 (0xfcf76de3)
core   0: 0x000000008000fefc (0xfe043783) ld      a5, -32(s0)
core   0: 3 0x000000008000fefc (0xfe043783) x15 0x00000000800120cc mem 0x0000000080031f50
core   0: 0x000000008000ff00 (0x00178713) addi    a4, a5, 1
core   0: 3 0x000000008000ff00 (0x00178713) x14 0x00000000800120cd
core   0: 0x000000008000ff04 (0xfee43023) sd      a4, -32(s0)
core   0: 3 0x000000008000ff04 (0xfee43023) mem 0x0000000080031f50 0x00000000800120cd
core   0: 0x000000008000ff08 (0xfc442703) lw      a4, -60(s0)
core   0: 3 0x000000008000ff08 (0xfc442703) x14 0x0000000000000000 mem 0x0000000080031f34
core   0: 0x000000008000ff0c (0x0ff77713) andi    a4, a4, 255
core   0: 3 0x000000008000ff0c (0x0ff77713) x14 0x0000000000000000
core   0: 0x000000008000ff10 (0x00e78023) sb      a4, 0(a5)
core   0: 3 0x000000008000ff10 (0x00e78023) mem 0x00000000800120cc 0x00
core   0: 0x000000008000ff14 (0xfc843703) ld      a4, -56(s0)
core   0: 3 0x000000008000ff14 (0xfc843703) x14 0x0000000080012040 mem 0x0000000080031f38
core   0: 0x000000008000ff18 (0xfb843783) ld      a5, -72(s0)
core   0: 3 0x000000008000ff18 (0xfb843783) x15 0x000000000000009c mem 0x0000000080031f28
core   0: 0x000000008000ff1c (0x000097ba) c.add   a5, a4
core   0: 3 0x000000008000ff1c (0x97ba) x15 0x00000000800120dc
core   0: 0x000000008000ff1e (0xfe043703) ld      a4, -32(s0)
core   0: 3 0x000000008000ff1e (0xfe043703) x14 0x00000000800120cd mem 0x0000000080031f50
core   0: 0x000000008000ff22 (0xfcf76de3) bltu    a4, a5, pc - 38
core   0: 3 0x000000008000ff22 (0xfcf76de3)
core   0: 0x000000008000fefc (0xfe043783) ld      a5, -32(s0)
core   0: 3 0x000000008000fefc (0xfe043783) x15 0x00000000800120cd mem 0x0000000080031f50
core   0: 0x000000008000ff00 (0x00178713) addi    a4, a5, 1
core   0: 3 0x000000008000ff00 (0x00178713) x14 0x00000000800120ce
core   0: 0x000000008000ff04 (0xfee43023) sd      a4, -32(s0)
core   0: 3 0x000000008000ff04 (0xfee43023) mem 0x0000000080031f50 0x00000000800120ce
core   0: 0x000000008000ff08 (0xfc442703) lw      a4, -60(s0)
core   0: 3 0x000000008000ff08 (0xfc442703) x14 0x0000000000000000 mem 0x0000000080031f34
core   0: 0x000000008000ff0c (0x0ff77713) andi    a4, a4, 255
core   0: 3 0x000000008000ff0c (0x0ff77713) x14 0x0000000000000000
core   0: 0x000000008000ff10 (0x00e78023) sb      a4, 0(a5)
core   0: 3 0x000000008000ff10 (0x00e78023) mem 0x00000000800120cd 0x00
core   0: 0x000000008000ff14 (0xfc843703) ld      a4, -56(s0)
core   0: 3 0x000000008000ff14 (0xfc843703) x14 0x0000000080012040 mem 0x0000000080031f38
core   0: 0x000000008000ff18 (0xfb843783) ld      a5, -72(s0)
core   0: 3 0x000000008000ff18 (0xfb843783) x15 0x000000000000009c mem 0x0000000080031f28
core   0: 0x000000008000ff1c (0x000097ba) c.add   a5, a4
core   0: 3 0x000000008000ff1c (0x97ba) x15 0x00000000800120dc
core   0: 0x000000008000ff1e (0xfe043703) ld      a4, -32(s0)
core   0: 3 0x000000008000ff1e (0xfe043703) x14 0x00000000800120ce mem 0x0000000080031f50
core   0: 0x000000008000ff22 (0xfcf76de3) bltu    a4, a5, pc - 38
core   0: 3 0x000000008000ff22 (0xfcf76de3)
core   0: 0x000000008000fefc (0xfe043783) ld      a5, -32(s0)
core   0: 3 0x000000008000fefc (0xfe043783) x15 0x00000000800120ce mem 0x0000000080031f50
core   0: 0x000000008000ff00 (0x00178713) addi    a4, a5, 1
core   0: 3 0x000000008000ff00 (0x00178713) x14 0x00000000800120cf
core   0: 0x000000008000ff04 (0xfee43023) sd      a4, -32(s0)
core   0: 3 0x000000008000ff04 (0xfee43023) mem 0x0000000080031f50 0x00000000800120cf
core   0: 0x000000008000ff08 (0xfc442703) lw      a4, -60(s0)
core   0: 3 0x000000008000ff08 (0xfc442703) x14 0x0000000000000000 mem 0x0000000080031f34
core   0: 0x000000008000ff0c (0x0ff77713) andi    a4, a4, 255
core   0: 3 0x000000008000ff0c (0x0ff77713) x14 0x0000000000000000
core   0: 0x000000008000ff10 (0x00e78023) sb      a4, 0(a5)
core   0: 3 0x000000008000ff10 (0x00e78023) mem 0x00000000800120ce 0x00
core   0: 0x000000008000ff14 (0xfc843703) ld      a4, -56(s0)
core   0: 3 0x000000008000ff14 (0xfc843703) x14 0x0000000080012040 mem 0x0000000080031f38
core   0: 0x000000008000ff18 (0xfb843783) ld      a5, -72(s0)
core   0: 3 0x000000008000ff18 (0xfb843783) x15 0x000000000000009c mem 0x0000000080031f28
core   0: 0x000000008000ff1c (0x000097ba) c.add   a5, a4
core   0: 3 0x000000008000ff1c (0x97ba) x15 0x00000000800120dc
core   0: 0x000000008000ff1e (0xfe043703) ld      a4, -32(s0)
core   0: 3 0x000000008000ff1e (0xfe043703) x14 0x00000000800120cf mem 0x0000000080031f50
core   0: 0x000000008000ff22 (0xfcf76de3) bltu    a4, a5, pc - 38
core   0: 3 0x000000008000ff22 (0xfcf76de3)
core   0: 0x000000008000fefc (0xfe043783) ld      a5, -32(s0)
core   0: 3 0x000000008000fefc (0xfe043783) x15 0x00000000800120cf mem 0x0000000080031f50
core   0: 0x000000008000ff00 (0x00178713) addi    a4, a5, 1
core   0: 3 0x000000008000ff00 (0x00178713) x14 0x00000000800120d0
core   0: 0x000000008000ff04 (0xfee43023) sd      a4, -32(s0)
core   0: 3 0x000000008000ff04 (0xfee43023) mem 0x0000000080031f50 0x00000000800120d0
core   0: 0x000000008000ff08 (0xfc442703) lw      a4, -60(s0)
core   0: 3 0x000000008000ff08 (0xfc442703) x14 0x0000000000000000 mem 0x0000000080031f34
core   0: 0x000000008000ff0c (0x0ff77713) andi    a4, a4, 255
core   0: 3 0x000000008000ff0c (0x0ff77713) x14 0x0000000000000000
core   0: 0x000000008000ff10 (0x00e78023) sb      a4, 0(a5)
core   0: 3 0x000000008000ff10 (0x00e78023) mem 0x00000000800120cf 0x00
core   0: 0x000000008000ff14 (0xfc843703) ld      a4, -56(s0)
core   0: 3 0x000000008000ff14 (0xfc843703) x14 0x0000000080012040 mem 0x0000000080031f38
core   0: 0x000000008000ff18 (0xfb843783) ld      a5, -72(s0)
core   0: 3 0x000000008000ff18 (0xfb843783) x15 0x000000000000009c mem 0x0000000080031f28
core   0: 0x000000008000ff1c (0x000097ba) c.add   a5, a4
core   0: 3 0x000000008000ff1c (0x97ba) x15 0x00000000800120dc
core   0: 0x000000008000ff1e (0xfe043703) ld      a4, -32(s0)
core   0: 3 0x000000008000ff1e (0xfe043703) x14 0x00000000800120d0 mem 0x0000000080031f50
core   0: 0x000000008000ff22 (0xfcf76de3) bltu    a4, a5, pc - 38
core   0: 3 0x000000008000ff22 (0xfcf76de3)
core   0: 0x000000008000fefc (0xfe043783) ld      a5, -32(s0)
core   0: 3 0x000000008000fefc (0xfe043783) x15 0x00000000800120d0 mem 0x0000000080031f50
core   0: 0x000000008000ff00 (0x00178713) addi    a4, a5, 1
core   0: 3 0x000000008000ff00 (0x00178713) x14 0x00000000800120d1
core   0: 0x000000008000ff04 (0xfee43023) sd      a4, -32(s0)
core   0: 3 0x000000008000ff04 (0xfee43023) mem 0x0000000080031f50 0x00000000800120d1
core   0: 0x000000008000ff08 (0xfc442703) lw      a4, -60(s0)
core   0: 3 0x000000008000ff08 (0xfc442703) x14 0x0000000000000000 mem 0x0000000080031f34
core   0: 0x000000008000ff0c (0x0ff77713) andi    a4, a4, 255
core   0: 3 0x000000008000ff0c (0x0ff77713) x14 0x0000000000000000
core   0: 0x000000008000ff10 (0x00e78023) sb      a4, 0(a5)
core   0: 3 0x000000008000ff10 (0x00e78023) mem 0x00000000800120d0 0x00
core   0: 0x000000008000ff14 (0xfc843703) ld      a4, -56(s0)
core   0: 3 0x000000008000ff14 (0xfc843703) x14 0x0000000080012040 mem 0x0000000080031f38
core   0: 0x000000008000ff18 (0xfb843783) ld      a5, -72(s0)
core   0: 3 0x000000008000ff18 (0xfb843783) x15 0x000000000000009c mem 0x0000000080031f28
core   0: 0x000000008000ff1c (0x000097ba) c.add   a5, a4
core   0: 3 0x000000008000ff1c (0x97ba) x15 0x00000000800120dc
core   0: 0x000000008000ff1e (0xfe043703) ld      a4, -32(s0)
core   0: 3 0x000000008000ff1e (0xfe043703) x14 0x00000000800120d1 mem 0x0000000080031f50
core   0: 0x000000008000ff22 (0xfcf76de3) bltu    a4, a5, pc - 38
core   0: 3 0x000000008000ff22 (0xfcf76de3)
core   0: 0x000000008000fefc (0xfe043783) ld      a5, -32(s0)
core   0: 3 0x000000008000fefc (0xfe043783) x15 0x00000000800120d1 mem 0x0000000080031f50
core   0: 0x000000008000ff00 (0x00178713) addi    a4, a5, 1
core   0: 3 0x000000008000ff00 (0x00178713) x14 0x00000000800120d2
core   0: 0x000000008000ff04 (0xfee43023) sd      a4, -32(s0)
core   0: 3 0x000000008000ff04 (0xfee43023) mem 0x0000000080031f50 0x00000000800120d2
core   0: 0x000000008000ff08 (0xfc442703) lw      a4, -60(s0)
core   0: 3 0x000000008000ff08 (0xfc442703) x14 0x0000000000000000 mem 0x0000000080031f34
core   0: 0x000000008000ff0c (0x0ff77713) andi    a4, a4, 255
core   0: 3 0x000000008000ff0c (0x0ff77713) x14 0x0000000000000000
core   0: 0x000000008000ff10 (0x00e78023) sb      a4, 0(a5)
core   0: 3 0x000000008000ff10 (0x00e78023) mem 0x00000000800120d1 0x00
core   0: 0x000000008000ff14 (0xfc843703) ld      a4, -56(s0)
core   0: 3 0x000000008000ff14 (0xfc843703) x14 0x0000000080012040 mem 0x0000000080031f38
core   0: 0x000000008000ff18 (0xfb843783) ld      a5, -72(s0)
core   0: 3 0x000000008000ff18 (0xfb843783) x15 0x000000000000009c mem 0x0000000080031f28
core   0: 0x000000008000ff1c (0x000097ba) c.add   a5, a4
core   0: 3 0x000000008000ff1c (0x97ba) x15 0x00000000800120dc
core   0: 0x000000008000ff1e (0xfe043703) ld      a4, -32(s0)
core   0: 3 0x000000008000ff1e (0xfe043703) x14 0x00000000800120d2 mem 0x0000000080031f50
core   0: 0x000000008000ff22 (0xfcf76de3) bltu    a4, a5, pc - 38
core   0: 3 0x000000008000ff22 (0xfcf76de3)
core   0: 0x000000008000fefc (0xfe043783) ld      a5, -32(s0)
core   0: 3 0x000000008000fefc (0xfe043783) x15 0x00000000800120d2 mem 0x0000000080031f50
core   0: 0x000000008000ff00 (0x00178713) addi    a4, a5, 1
core   0: 3 0x000000008000ff00 (0x00178713) x14 0x00000000800120d3
core   0: 0x000000008000ff04 (0xfee43023) sd      a4, -32(s0)
core   0: 3 0x000000008000ff04 (0xfee43023) mem 0x0000000080031f50 0x00000000800120d3
core   0: 0x000000008000ff08 (0xfc442703) lw      a4, -60(s0)
core   0: 3 0x000000008000ff08 (0xfc442703) x14 0x0000000000000000 mem 0x0000000080031f34
core   0: 0x000000008000ff0c (0x0ff77713) andi    a4, a4, 255
core   0: 3 0x000000008000ff0c (0x0ff77713) x14 0x0000000000000000
core   0: 0x000000008000ff10 (0x00e78023) sb      a4, 0(a5)
core   0: 3 0x000000008000ff10 (0x00e78023) mem 0x00000000800120d2 0x00
core   0: 0x000000008000ff14 (0xfc843703) ld      a4, -56(s0)
core   0: 3 0x000000008000ff14 (0xfc843703) x14 0x0000000080012040 mem 0x0000000080031f38
core   0: 0x000000008000ff18 (0xfb843783) ld      a5, -72(s0)
core   0: 3 0x000000008000ff18 (0xfb843783) x15 0x000000000000009c mem 0x0000000080031f28
core   0: 0x000000008000ff1c (0x000097ba) c.add   a5, a4
core   0: 3 0x000000008000ff1c (0x97ba) x15 0x00000000800120dc
core   0: 0x000000008000ff1e (0xfe043703) ld      a4, -32(s0)
core   0: 3 0x000000008000ff1e (0xfe043703) x14 0x00000000800120d3 mem 0x0000000080031f50
core   0: 0x000000008000ff22 (0xfcf76de3) bltu    a4, a5, pc - 38
core   0: 3 0x000000008000ff22 (0xfcf76de3)
core   0: 0x000000008000fefc (0xfe043783) ld      a5, -32(s0)
core   0: 3 0x000000008000fefc (0xfe043783) x15 0x00000000800120d3 mem 0x0000000080031f50
core   0: 0x000000008000ff00 (0x00178713) addi    a4, a5, 1
core   0: 3 0x000000008000ff00 (0x00178713) x14 0x00000000800120d4
core   0: 0x000000008000ff04 (0xfee43023) sd      a4, -32(s0)
core   0: 3 0x000000008000ff04 (0xfee43023) mem 0x0000000080031f50 0x00000000800120d4
core   0: 0x000000008000ff08 (0xfc442703) lw      a4, -60(s0)
core   0: 3 0x000000008000ff08 (0xfc442703) x14 0x0000000000000000 mem 0x0000000080031f34
core   0: 0x000000008000ff0c (0x0ff77713) andi    a4, a4, 255
core   0: 3 0x000000008000ff0c (0x0ff77713) x14 0x0000000000000000
core   0: 0x000000008000ff10 (0x00e78023) sb      a4, 0(a5)
core   0: 3 0x000000008000ff10 (0x00e78023) mem 0x00000000800120d3 0x00
core   0: 0x000000008000ff14 (0xfc843703) ld      a4, -56(s0)
core   0: 3 0x000000008000ff14 (0xfc843703) x14 0x0000000080012040 mem 0x0000000080031f38
core   0: 0x000000008000ff18 (0xfb843783) ld      a5, -72(s0)
core   0: 3 0x000000008000ff18 (0xfb843783) x15 0x000000000000009c mem 0x0000000080031f28
core   0: 0x000000008000ff1c (0x000097ba) c.add   a5, a4
core   0: 3 0x000000008000ff1c (0x97ba) x15 0x00000000800120dc
core   0: 0x000000008000ff1e (0xfe043703) ld      a4, -32(s0)
core   0: 3 0x000000008000ff1e (0xfe043703) x14 0x00000000800120d4 mem 0x0000000080031f50
core   0: 0x000000008000ff22 (0xfcf76de3) bltu    a4, a5, pc - 38
core   0: 3 0x000000008000ff22 (0xfcf76de3)
core   0: 0x000000008000fefc (0xfe043783) ld      a5, -32(s0)
core   0: 3 0x000000008000fefc (0xfe043783) x15 0x00000000800120d4 mem 0x0000000080031f50
core   0: 0x000000008000ff00 (0x00178713) addi    a4, a5, 1
core   0: 3 0x000000008000ff00 (0x00178713) x14 0x00000000800120d5
core   0: 0x000000008000ff04 (0xfee43023) sd      a4, -32(s0)
core   0: 3 0x000000008000ff04 (0xfee43023) mem 0x0000000080031f50 0x00000000800120d5
core   0: 0x000000008000ff08 (0xfc442703) lw      a4, -60(s0)
core   0: 3 0x000000008000ff08 (0xfc442703) x14 0x0000000000000000 mem 0x0000000080031f34
core   0: 0x000000008000ff0c (0x0ff77713) andi    a4, a4, 255
core   0: 3 0x000000008000ff0c (0x0ff77713) x14 0x0000000000000000
core   0: 0x000000008000ff10 (0x00e78023) sb      a4, 0(a5)
core   0: 3 0x000000008000ff10 (0x00e78023) mem 0x00000000800120d4 0x00
core   0: 0x000000008000ff14 (0xfc843703) ld      a4, -56(s0)
core   0: 3 0x000000008000ff14 (0xfc843703) x14 0x0000000080012040 mem 0x0000000080031f38
core   0: 0x000000008000ff18 (0xfb843783) ld      a5, -72(s0)
core   0: 3 0x000000008000ff18 (0xfb843783) x15 0x000000000000009c mem 0x0000000080031f28
core   0: 0x000000008000ff1c (0x000097ba) c.add   a5, a4
core   0: 3 0x000000008000ff1c (0x97ba) x15 0x00000000800120dc
core   0: 0x000000008000ff1e (0xfe043703) ld      a4, -32(s0)
core   0: 3 0x000000008000ff1e (0xfe043703) x14 0x00000000800120d5 mem 0x0000000080031f50
core   0: 0x000000008000ff22 (0xfcf76de3) bltu    a4, a5, pc - 38
core   0: 3 0x000000008000ff22 (0xfcf76de3)
core   0: 0x000000008000fefc (0xfe043783) ld      a5, -32(s0)
core   0: 3 0x000000008000fefc (0xfe043783) x15 0x00000000800120d5 mem 0x0000000080031f50
core   0: 0x000000008000ff00 (0x00178713) addi    a4, a5, 1
core   0: 3 0x000000008000ff00 (0x00178713) x14 0x00000000800120d6
core   0: 0x000000008000ff04 (0xfee43023) sd      a4, -32(s0)
core   0: 3 0x000000008000ff04 (0xfee43023) mem 0x0000000080031f50 0x00000000800120d6
core   0: 0x000000008000ff08 (0xfc442703) lw      a4, -60(s0)
core   0: 3 0x000000008000ff08 (0xfc442703) x14 0x0000000000000000 mem 0x0000000080031f34
core   0: 0x000000008000ff0c (0x0ff77713) andi    a4, a4, 255
core   0: 3 0x000000008000ff0c (0x0ff77713) x14 0x0000000000000000
core   0: 0x000000008000ff10 (0x00e78023) sb      a4, 0(a5)
core   0: 3 0x000000008000ff10 (0x00e78023) mem 0x00000000800120d5 0x00
core   0: 0x000000008000ff14 (0xfc843703) ld      a4, -56(s0)
core   0: 3 0x000000008000ff14 (0xfc843703) x14 0x0000000080012040 mem 0x0000000080031f38
core   0: 0x000000008000ff18 (0xfb843783) ld      a5, -72(s0)
core   0: 3 0x000000008000ff18 (0xfb843783) x15 0x000000000000009c mem 0x0000000080031f28
core   0: 0x000000008000ff1c (0x000097ba) c.add   a5, a4
core   0: 3 0x000000008000ff1c (0x97ba) x15 0x00000000800120dc
core   0: 0x000000008000ff1e (0xfe043703) ld      a4, -32(s0)
core   0: 3 0x000000008000ff1e (0xfe043703) x14 0x00000000800120d6 mem 0x0000000080031f50
core   0: 0x000000008000ff22 (0xfcf76de3) bltu    a4, a5, pc - 38
core   0: 3 0x000000008000ff22 (0xfcf76de3)
core   0: 0x000000008000fefc (0xfe043783) ld      a5, -32(s0)
core   0: 3 0x000000008000fefc (0xfe043783) x15 0x00000000800120d6 mem 0x0000000080031f50
core   0: 0x000000008000ff00 (0x00178713) addi    a4, a5, 1
core   0: 3 0x000000008000ff00 (0x00178713) x14 0x00000000800120d7
core   0: 0x000000008000ff04 (0xfee43023) sd      a4, -32(s0)
core   0: 3 0x000000008000ff04 (0xfee43023) mem 0x0000000080031f50 0x00000000800120d7
core   0: 0x000000008000ff08 (0xfc442703) lw      a4, -60(s0)
core   0: 3 0x000000008000ff08 (0xfc442703) x14 0x0000000000000000 mem 0x0000000080031f34
core   0: 0x000000008000ff0c (0x0ff77713) andi    a4, a4, 255
core   0: 3 0x000000008000ff0c (0x0ff77713) x14 0x0000000000000000
core   0: 0x000000008000ff10 (0x00e78023) sb      a4, 0(a5)
core   0: 3 0x000000008000ff10 (0x00e78023) mem 0x00000000800120d6 0x00
core   0: 0x000000008000ff14 (0xfc843703) ld      a4, -56(s0)
core   0: 3 0x000000008000ff14 (0xfc843703) x14 0x0000000080012040 mem 0x0000000080031f38
core   0: 0x000000008000ff18 (0xfb843783) ld      a5, -72(s0)
core   0: 3 0x000000008000ff18 (0xfb843783) x15 0x000000000000009c mem 0x0000000080031f28
core   0: 0x000000008000ff1c (0x000097ba) c.add   a5, a4
core   0: 3 0x000000008000ff1c (0x97ba) x15 0x00000000800120dc
core   0: 0x000000008000ff1e (0xfe043703) ld      a4, -32(s0)
core   0: 3 0x000000008000ff1e (0xfe043703) x14 0x00000000800120d7 mem 0x0000000080031f50
core   0: 0x000000008000ff22 (0xfcf76de3) bltu    a4, a5, pc - 38
core   0: 3 0x000000008000ff22 (0xfcf76de3)
core   0: 0x000000008000fefc (0xfe043783) ld      a5, -32(s0)
core   0: 3 0x000000008000fefc (0xfe043783) x15 0x00000000800120d7 mem 0x0000000080031f50
core   0: 0x000000008000ff00 (0x00178713) addi    a4, a5, 1
core   0: 3 0x000000008000ff00 (0x00178713) x14 0x00000000800120d8
core   0: 0x000000008000ff04 (0xfee43023) sd      a4, -32(s0)
core   0: 3 0x000000008000ff04 (0xfee43023) mem 0x0000000080031f50 0x00000000800120d8
core   0: 0x000000008000ff08 (0xfc442703) lw      a4, -60(s0)
core   0: 3 0x000000008000ff08 (0xfc442703) x14 0x0000000000000000 mem 0x0000000080031f34
core   0: 0x000000008000ff0c (0x0ff77713) andi    a4, a4, 255
core   0: 3 0x000000008000ff0c (0x0ff77713) x14 0x0000000000000000
core   0: 0x000000008000ff10 (0x00e78023) sb      a4, 0(a5)
core   0: 3 0x000000008000ff10 (0x00e78023) mem 0x00000000800120d7 0x00
core   0: 0x000000008000ff14 (0xfc843703) ld      a4, -56(s0)
core   0: 3 0x000000008000ff14 (0xfc843703) x14 0x0000000080012040 mem 0x0000000080031f38
core   0: 0x000000008000ff18 (0xfb843783) ld      a5, -72(s0)
core   0: 3 0x000000008000ff18 (0xfb843783) x15 0x000000000000009c mem 0x0000000080031f28
core   0: 0x000000008000ff1c (0x000097ba) c.add   a5, a4
core   0: 3 0x000000008000ff1c (0x97ba) x15 0x00000000800120dc
core   0: 0x000000008000ff1e (0xfe043703) ld      a4, -32(s0)
core   0: 3 0x000000008000ff1e (0xfe043703) x14 0x00000000800120d8 mem 0x0000000080031f50
core   0: 0x000000008000ff22 (0xfcf76de3) bltu    a4, a5, pc - 38
core   0: 3 0x000000008000ff22 (0xfcf76de3)
core   0: 0x000000008000fefc (0xfe043783) ld      a5, -32(s0)
core   0: 3 0x000000008000fefc (0xfe043783) x15 0x00000000800120d8 mem 0x0000000080031f50
core   0: 0x000000008000ff00 (0x00178713) addi    a4, a5, 1
core   0: 3 0x000000008000ff00 (0x00178713) x14 0x00000000800120d9
core   0: 0x000000008000ff04 (0xfee43023) sd      a4, -32(s0)
core   0: 3 0x000000008000ff04 (0xfee43023) mem 0x0000000080031f50 0x00000000800120d9
core   0: 0x000000008000ff08 (0xfc442703) lw      a4, -60(s0)
core   0: 3 0x000000008000ff08 (0xfc442703) x14 0x0000000000000000 mem 0x0000000080031f34
core   0: 0x000000008000ff0c (0x0ff77713) andi    a4, a4, 255
core   0: 3 0x000000008000ff0c (0x0ff77713) x14 0x0000000000000000
core   0: 0x000000008000ff10 (0x00e78023) sb      a4, 0(a5)
core   0: 3 0x000000008000ff10 (0x00e78023) mem 0x00000000800120d8 0x00
core   0: 0x000000008000ff14 (0xfc843703) ld      a4, -56(s0)
core   0: 3 0x000000008000ff14 (0xfc843703) x14 0x0000000080012040 mem 0x0000000080031f38
core   0: 0x000000008000ff18 (0xfb843783) ld      a5, -72(s0)
core   0: 3 0x000000008000ff18 (0xfb843783) x15 0x000000000000009c mem 0x0000000080031f28
core   0: 0x000000008000ff1c (0x000097ba) c.add   a5, a4
core   0: 3 0x000000008000ff1c (0x97ba) x15 0x00000000800120dc
core   0: 0x000000008000ff1e (0xfe043703) ld      a4, -32(s0)
core   0: 3 0x000000008000ff1e (0xfe043703) x14 0x00000000800120d9 mem 0x0000000080031f50
core   0: 0x000000008000ff22 (0xfcf76de3) bltu    a4, a5, pc - 38
core   0: 3 0x000000008000ff22 (0xfcf76de3)
core   0: 0x000000008000fefc (0xfe043783) ld      a5, -32(s0)
core   0: 3 0x000000008000fefc (0xfe043783) x15 0x00000000800120d9 mem 0x0000000080031f50
core   0: 0x000000008000ff00 (0x00178713) addi    a4, a5, 1
core   0: 3 0x000000008000ff00 (0x00178713) x14 0x00000000800120da
core   0: 0x000000008000ff04 (0xfee43023) sd      a4, -32(s0)
core   0: 3 0x000000008000ff04 (0xfee43023) mem 0x0000000080031f50 0x00000000800120da
core   0: 0x000000008000ff08 (0xfc442703) lw      a4, -60(s0)
core   0: 3 0x000000008000ff08 (0xfc442703) x14 0x0000000000000000 mem 0x0000000080031f34
core   0: 0x000000008000ff0c (0x0ff77713) andi    a4, a4, 255
core   0: 3 0x000000008000ff0c (0x0ff77713) x14 0x0000000000000000
core   0: 0x000000008000ff10 (0x00e78023) sb      a4, 0(a5)
core   0: 3 0x000000008000ff10 (0x00e78023) mem 0x00000000800120d9 0x00
core   0: 0x000000008000ff14 (0xfc843703) ld      a4, -56(s0)
core   0: 3 0x000000008000ff14 (0xfc843703) x14 0x0000000080012040 mem 0x0000000080031f38
core   0: 0x000000008000ff18 (0xfb843783) ld      a5, -72(s0)
core   0: 3 0x000000008000ff18 (0xfb843783) x15 0x000000000000009c mem 0x0000000080031f28
core   0: 0x000000008000ff1c (0x000097ba) c.add   a5, a4
core   0: 3 0x000000008000ff1c (0x97ba) x15 0x00000000800120dc
core   0: 0x000000008000ff1e (0xfe043703) ld      a4, -32(s0)
core   0: 3 0x000000008000ff1e (0xfe043703) x14 0x00000000800120da mem 0x0000000080031f50
core   0: 0x000000008000ff22 (0xfcf76de3) bltu    a4, a5, pc - 38
core   0: 3 0x000000008000ff22 (0xfcf76de3)
core   0: 0x000000008000fefc (0xfe043783) ld      a5, -32(s0)
core   0: 3 0x000000008000fefc (0xfe043783) x15 0x00000000800120da mem 0x0000000080031f50
core   0: 0x000000008000ff00 (0x00178713) addi    a4, a5, 1
core   0: 3 0x000000008000ff00 (0x00178713) x14 0x00000000800120db
core   0: 0x000000008000ff04 (0xfee43023) sd      a4, -32(s0)
core   0: 3 0x000000008000ff04 (0xfee43023) mem 0x0000000080031f50 0x00000000800120db
core   0: 0x000000008000ff08 (0xfc442703) lw      a4, -60(s0)
core   0: 3 0x000000008000ff08 (0xfc442703) x14 0x0000000000000000 mem 0x0000000080031f34
core   0: 0x000000008000ff0c (0x0ff77713) andi    a4, a4, 255
core   0: 3 0x000000008000ff0c (0x0ff77713) x14 0x0000000000000000
core   0: 0x000000008000ff10 (0x00e78023) sb      a4, 0(a5)
core   0: 3 0x000000008000ff10 (0x00e78023) mem 0x00000000800120da 0x00
core   0: 0x000000008000ff14 (0xfc843703) ld      a4, -56(s0)
core   0: 3 0x000000008000ff14 (0xfc843703) x14 0x0000000080012040 mem 0x0000000080031f38
core   0: 0x000000008000ff18 (0xfb843783) ld      a5, -72(s0)
core   0: 3 0x000000008000ff18 (0xfb843783) x15 0x000000000000009c mem 0x0000000080031f28
core   0: 0x000000008000ff1c (0x000097ba) c.add   a5, a4
core   0: 3 0x000000008000ff1c (0x97ba) x15 0x00000000800120dc
core   0: 0x000000008000ff1e (0xfe043703) ld      a4, -32(s0)
core   0: 3 0x000000008000ff1e (0xfe043703) x14 0x00000000800120db mem 0x0000000080031f50
core   0: 0x000000008000ff22 (0xfcf76de3) bltu    a4, a5, pc - 38
core   0: 3 0x000000008000ff22 (0xfcf76de3)
core   0: 0x000000008000fefc (0xfe043783) ld      a5, -32(s0)
core   0: 3 0x000000008000fefc (0xfe043783) x15 0x00000000800120db mem 0x0000000080031f50
core   0: 0x000000008000ff00 (0x00178713) addi    a4, a5, 1
core   0: 3 0x000000008000ff00 (0x00178713) x14 0x00000000800120dc
core   0: 0x000000008000ff04 (0xfee43023) sd      a4, -32(s0)
core   0: 3 0x000000008000ff04 (0xfee43023) mem 0x0000000080031f50 0x00000000800120dc
core   0: 0x000000008000ff08 (0xfc442703) lw      a4, -60(s0)
core   0: 3 0x000000008000ff08 (0xfc442703) x14 0x0000000000000000 mem 0x0000000080031f34
core   0: 0x000000008000ff0c (0x0ff77713) andi    a4, a4, 255
core   0: 3 0x000000008000ff0c (0x0ff77713) x14 0x0000000000000000
core   0: 0x000000008000ff10 (0x00e78023) sb      a4, 0(a5)
core   0: 3 0x000000008000ff10 (0x00e78023) mem 0x00000000800120db 0x00
core   0: 0x000000008000ff14 (0xfc843703) ld      a4, -56(s0)
core   0: 3 0x000000008000ff14 (0xfc843703) x14 0x0000000080012040 mem 0x0000000080031f38
core   0: 0x000000008000ff18 (0xfb843783) ld      a5, -72(s0)
core   0: 3 0x000000008000ff18 (0xfb843783) x15 0x000000000000009c mem 0x0000000080031f28
core   0: 0x000000008000ff1c (0x000097ba) c.add   a5, a4
core   0: 3 0x000000008000ff1c (0x97ba) x15 0x00000000800120dc
core   0: 0x000000008000ff1e (0xfe043703) ld      a4, -32(s0)
core   0: 3 0x000000008000ff1e (0xfe043703) x14 0x00000000800120dc mem 0x0000000080031f50
core   0: 0x000000008000ff22 (0xfcf76de3) bltu    a4, a5, pc - 38
core   0: 3 0x000000008000ff22 (0xfcf76de3)
core   0: 0x000000008000ff26 (0xfc843783) ld      a5, -56(s0)
core   0: 3 0x000000008000ff26 (0xfc843783) x15 0x0000000080012040 mem 0x0000000080031f38
core   0: 0x000000008000ff2a (0x0000853e) c.mv    a0, a5
core   0: 3 0x000000008000ff2a (0x853e) x10 0x0000000080012040
core   0: 0x000000008000ff2c (0x00006426) c.ldsp  s0, 72(sp)
core   0: 3 0x000000008000ff2c (0x6426) x8  0x0000000080031f90 mem 0x0000000080031f68
core   0: 0x000000008000ff2e (0x00006161) c.addi16sp sp, 80
core   0: 3 0x000000008000ff2e (0x6161) x2  0x0000000080031f70
core   0: 0x000000008000ff30 (0x00008082) ret
core   0: 3 0x000000008000ff30 (0x8082)
core   0: 0x000000008000f4e4 (0x00000001) c.nop
core   0: 3 0x000000008000f4e4 (0x0001)
core   0: 0x000000008000f4e6 (0x000060e2) c.ldsp  ra, 24(sp)
core   0: 3 0x000000008000f4e6 (0x60e2) x1  0x000000008000f524 mem 0x0000000080031f88
core   0: 0x000000008000f4e8 (0x00006442) c.ldsp  s0, 16(sp)
core   0: 3 0x000000008000f4e8 (0x6442) x8  0x0000000080032040 mem 0x0000000080031f80
core   0: 0x000000008000f4ea (0x00006105) c.addi16sp sp, 32
core   0: 3 0x000000008000f4ea (0x6105) x2  0x0000000080031f90
core   0: 0x000000008000f4ec (0x00008082) ret
core   0: 3 0x000000008000f4ec (0x8082)
core   0: 0x000000008000f524 (0xf5842703) lw      a4, -168(s0)
core   0: 3 0x000000008000f524 (0xf5842703) x14 0x0000000000000001 mem 0x0000000080031f98
core   0: 0x000000008000f528 (0xf5c42783) lw      a5, -164(s0)
core   0: 3 0x000000008000f528 (0xf5c42783) x15 0x0000000000000000 mem 0x0000000080031f9c
core   0: 0x000000008000f52c (0x000085ba) c.mv    a1, a4
core   0: 3 0x000000008000f52c (0x85ba) x11 0x0000000000000001
core   0: 0x000000008000f52e (0x0000853e) c.mv    a0, a5
core   0: 3 0x000000008000f52e (0x853e) x10 0x0000000000000000
core   0: 0x000000008000f530 (0xf03ff0ef) jal     pc - 0xfe
core   0: 3 0x000000008000f530 (0xf03ff0ef) x1  0x000000008000f534
core   0: >>>>  thread_entry
core   0: 0x000000008000f432 (0x00001101) c.addi  sp, -32
core   0: 3 0x000000008000f432 (0x1101) x2  0x0000000080031f70
core   0: 0x000000008000f434 (0x0000ec22) c.sdsp  s0, 24(sp)
core   0: 3 0x000000008000f434 (0xec22) mem 0x0000000080031f88 0x0000000080032040
core   0: 0x000000008000f436 (0x00001000) c.addi4spn s0, sp, 32
core   0: 3 0x000000008000f436 (0x1000) x8  0x0000000080031f90
core   0: 0x000000008000f438 (0x000087aa) c.mv    a5, a0
core   0: 3 0x000000008000f438 (0x87aa) x15 0x0000000000000000
core   0: 0x000000008000f43a (0x0000872e) c.mv    a4, a1
core   0: 3 0x000000008000f43a (0x872e) x14 0x0000000000000001
core   0: 0x000000008000f43c (0xfef42623) sw      a5, -20(s0)
core   0: 3 0x000000008000f43c (0xfef42623) mem 0x0000000080031f7c 0x00000000
core   0: 0x000000008000f440 (0x000087ba) c.mv    a5, a4
core   0: 3 0x000000008000f440 (0x87ba) x15 0x0000000000000001
core   0: 0x000000008000f442 (0xfef42423) sw      a5, -24(s0)
core   0: 3 0x000000008000f442 (0xfef42423) mem 0x0000000080031f78 0x00000001
core   0: 0x000000008000f446 (0x00000001) c.nop
core   0: 3 0x000000008000f446 (0x0001)
core   0: 0x000000008000f448 (0xfec42783) lw      a5, -20(s0)
core   0: 3 0x000000008000f448 (0xfec42783) x15 0x0000000000000000 mem 0x0000000080031f7c
core   0: 0x000000008000f44c (0x00002781) c.addiw a5, 0
core   0: 3 0x000000008000f44c (0x2781) x15 0x0000000000000000
core   0: 0x000000008000f44e (0x0000ffed) c.bnez  a5, pc - 6
core   0: 3 0x000000008000f44e (0xffed)
core   0: 0x000000008000f450 (0x00000001) c.nop
core   0: 3 0x000000008000f450 (0x0001)
core   0: 0x000000008000f452 (0x00000001) c.nop
core   0: 3 0x000000008000f452 (0x0001)
core   0: 0x000000008000f454 (0x00006462) c.ldsp  s0, 24(sp)
core   0: 3 0x000000008000f454 (0x6462) x8  0x0000000080032040 mem 0x0000000080031f88
core   0: 0x000000008000f456 (0x00006105) c.addi16sp sp, 32
core   0: 3 0x000000008000f456 (0x6105) x2  0x0000000080031f90
core   0: 0x000000008000f458 (0x00008082) ret
core   0: 3 0x000000008000f458 (0x8082)
core   0: 0x000000008000f534 (0x00004581) c.li    a1, 0
core   0: 3 0x000000008000f534 (0x4581) x11 0x0000000000000000
core   0: 0x000000008000f536 (0x00004501) c.li    a0, 0
core   0: 3 0x000000008000f536 (0x4501) x10 0x0000000000000000
core   0: 0x000000008000f538 (0xac9f20ef) jal     pc - 0xd538
core   0: 3 0x000000008000f538 (0xac9f20ef) x1  0x000000008000f53c
core   0: >>>>  main
core   0: 0x0000000080002000 (0x00000001) c.nop
core   0: 3 0x0000000080002000 (0x0001)
core   0: >>>>  trap_vec_init
core   0: 0x0000000080002002 (0x00002797) auipc   a5, 0x2
core   0: 3 0x0000000080002002 (0x00002797) x15 0x0000000080004002
core   0: 0x0000000080002006 (0xffe78793) addi    a5, a5, -2
core   0: 3 0x0000000080002006 (0xffe78793) x15 0x0000000080004000
core   0: 0x000000008000200a (0x30579073) csrrw   zero, mtvec, a5
core   0: 3 0x000000008000200a (0x30579073) c773_mtvec 0x0000000080004000
core   0: >>>>  pmp_setup
core   0: 0x000000008000200e (0x00002c17) auipc   s8, 0x2
core   0: 3 0x000000008000200e (0x00002c17) x24 0x000000008000400e
core   0: 0x0000000080002012 (0x022c0c13) addi    s8, s8, 34
core   0: 3 0x0000000080002012 (0x022c0c13) x24 0x0000000080004030
core   0: 0x0000000080002016 (0x00004781) c.li    a5, 0
core   0: 3 0x0000000080002016 (0x4781) x15 0x0000000000000000
core   0: 0x0000000080002018 (0x00009c3e) c.add   s8, a5
core   0: 3 0x0000000080002018 (0x9c3e) x24 0x0000000080004030
core   0: 0x000000008000201a (0x3b0c1073) csrrw   zero, pmpaddr0, s8
core   0: 3 0x000000008000201a (0x3b0c1073) c944_pmpaddr0 0x0000000080004030
core   0: 0x000000008000201e (0x00004c3d) c.li    s8, 15
core   0: 3 0x000000008000201e (0x4c3d) x24 0x000000000000000f
core   0: 0x0000000080002020 (0x3a0c1073) csrrw   zero, pmpcfg0, s8
core   0: 3 0x0000000080002020 (0x3a0c1073) c928_pmpcfg0 0x000000000000000f
core   0: 0x0000000080002024 (0x12000073) sfence.vma zero, zero
core   0: 3 0x0000000080002024 (0x12000073)
core   0: >>>>  mepc_setup
core   0: 0x0000000080002028 (0x00002797) auipc   a5, 0x2
core   0: 3 0x0000000080002028 (0x00002797) x15 0x0000000080004028
core   0: 0x000000008000202c (0x00878793) addi    a5, a5, 8
core   0: 3 0x000000008000202c (0x00878793) x15 0x0000000080004030
core   0: 0x0000000080002030 (0x34179073) csrrw   zero, mepc, a5
core   0: 3 0x0000000080002030 (0x34179073) c833_mepc 0x0000000080004030
core   0: >>>>  custom_csr_setup
core   0: 0x0000000080002034 (0x00100f9b) addiw   t6, zero, 1
core   0: 3 0x0000000080002034 (0x00100f9b) x31 0x0000000000000001
core   0: 0x0000000080002038 (0x00000ffe) c.slli  t6, 31
core   0: 3 0x0000000080002038 (0x0ffe) x31 0x0000000080000000
core   0: 0x000000008000203a (0x00000001) c.nop
core   0: 3 0x000000008000203a (0x0001)
core   0: >>>>  init_s_mode
core   0: 0x000000008000203c (0xfff0079b) addiw   a5, zero, -1
core   0: 3 0x000000008000203c (0xfff0079b) x15 0xffffffffffffffff
core   0: 0x0000000080002040 (0x000017fe) c.slli  a5, 63
core   0: 3 0x0000000080002040 (0x17fe) x15 0x8000000000000000
core   0: 0x0000000080002042 (0x18079073) csrrw   zero, satp, a5
core   0: 3 0x0000000080002042 (0x18079073) c384_satp 0x8000000000000000
core   0: 0x0000000080002046 (0x0000f797) auipc   a5, 0xf
core   0: 3 0x0000000080002046 (0x0000f797) x15 0x0000000080011046
core   0: 0x000000008000204a (0xfba78793) addi    a5, a5, -70
core   0: 3 0x000000008000204a (0xfba78793) x15 0x0000000080011000
core   0: 0x000000008000204e (0x000083b1) c.srli  a5, 12
core   0: 3 0x000000008000204e (0x83b1) x15 0x0000000000080011
core   0: 0x0000000080002050 (0x0010061b) addiw   a2, zero, 1
core   0: 3 0x0000000080002050 (0x0010061b) x12 0x0000000000000001
core   0: 0x0000000080002054 (0x00001632) c.slli  a2, 44
core   0: 3 0x0000000080002054 (0x1632) x12 0x0000100000000000
core   0: 0x0000000080002056 (0x0000167d) c.addi  a2, -1
core   0: 3 0x0000000080002056 (0x167d) x12 0x00000fffffffffff
core   0: 0x0000000080002058 (0x00008ff1) c.and   a5, a2
core   0: 3 0x0000000080002058 (0x8ff1) x15 0x0000000000080011
core   0: 0x000000008000205a (0x1807a073) csrrs   zero, satp, a5
core   0: 3 0x000000008000205a (0x1807a073) c384_satp 0x8000000000080011
core   0: 0x000000008000205e (0x00a005b7) lui     a1, 0xa00
core   0: 3 0x000000008000205e (0x00a005b7) x11 0x0000000000a00000
core   0: 0x0000000080002062 (0x10b5859b) addiw   a1, a1, 267
core   0: 3 0x0000000080002062 (0x10b5859b) x11 0x0000000000a0010b
core   0: 0x0000000080002066 (0x000005b2) c.slli  a1, 12
core   0: 3 0x0000000080002066 (0x05b2) x11 0x0000000a0010b000
core   0: 0x0000000080002068 (0xa0058593) addi    a1, a1, -1536
core   0: 3 0x0000000080002068 (0xa0058593) x11 0x0000000a0010aa00
core   0: 0x000000008000206c (0x30059073) csrrw   zero, mstatus, a1
core   0: 3 0x000000008000206c (0x30059073) c768_mstatus 0x0000000a00102800
core   0: 0x0000000080002070 (0x30459073) csrrw   zero, mie, a1
core   0: 3 0x0000000080002070 (0x30459073) c772_mie 0x0000000000000a00
core   0: 0x0000000080002074 (0x00a005b7) lui     a1, 0xa00
core   0: 3 0x0000000080002074 (0x00a005b7) x11 0x0000000000a00000
core   0: 0x0000000080002078 (0x10b5859b) addiw   a1, a1, 267
core   0: 3 0x0000000080002078 (0x10b5859b) x11 0x0000000000a0010b
core   0: 0x000000008000207c (0x000005b2) c.slli  a1, 12
core   0: 3 0x000000008000207c (0x05b2) x11 0x0000000a0010b000
core   0: 0x000000008000207e (0xa0058593) addi    a1, a1, -1536
core   0: 3 0x000000008000207e (0xa0058593) x11 0x0000000a0010aa00
core   0: 0x0000000080002082 (0x10059073) csrrw   zero, sstatus, a1
core   0: 3 0x0000000080002082 (0x10059073) c768_mstatus 0x0000000a00102800
core   0: 0x0000000080002086 (0x10459073) csrrw   zero, sie, a1
core   0: 3 0x0000000080002086 (0x10459073) c772_mie 0x0000000000000a00
core   0: 0x000000008000208a (0x30200073) mret
core   0: 3 0x000000008000208a (0x30200073) c768_mstatus 0x0000000a00102080
core   0: >>>>  main_g
core   0: 0x0000000080004030 (0x01291ebb) sllw    t4, s2, s2
core   0: 1 0x0000000080004030 (0x01291ebb) x29 0x0000000000000000
core   0: 0x0000000080004034 (0x00008d41) c.or    a0, s0
core   0: 1 0x0000000080004034 (0x8d41) x10 0x0000000080032040
core   0: 0x0000000080004036 (0x00a31333) sll     t1, t1, a0
core   0: 1 0x0000000080004036 (0x00a31333) x6  0x0000000000000000
core   0: 0x000000008000403a (0xc03efe53) fcvt.lu.s t3, ft9
core   0: 1 0x000000008000403a (0xc03efe53) x28 0x0000000000000000
core   0: 0x000000008000403e (0x01061d93) slli    s11, a2, 16
core   0: 1 0x000000008000403e (0x01061d93) x27 0x0fffffffffff0000
core   0: 0x0000000080004042 (0x00000001) c.nop
core   0: 1 0x0000000080004042 (0x0001)
core   0: 0x0000000080004044 (0xc21c7a53) fcvt.wu.d s4, fs8
core   0: 1 0x0000000080004044 (0xc21c7a53) c1_fflags 0x0000000000000010 c768_mstatus 0x8000000a00106080 x20 0xffffffffffffffff
core   0: 0x0000000080004048 (0x003d8033) add     zero, s11, gp
core   0: 1 0x0000000080004048 (0x003d8033)
core   0: 0x000000008000404c (0xc2047353) fcvt.w.d t1, fs0
core   0: 1 0x000000008000404c (0xc2047353) c1_fflags 0x0000000000000010 x6  0x000000007fffffff
core   0: 0x0000000080004050 (0x130bfcd3) fmul.d  fs9, fs7, fa6
core   0: 1 0x0000000080004050 (0x130bfcd3) f25 0x7ff8000000000000
core   0: 0x0000000080004054 (0x01999cb3) sll     s9, s3, s9
core   0: 1 0x0000000080004054 (0x01999cb3) x25 0x0000000000000000
core   0: 0x0000000080004058 (0x4399f9cb) fnmsub.d fs3, fs3, fs9, fs0
core   0: 1 0x0000000080004058 (0x4399f9cb) f19 0x7ff8000000000000
core   0: 0x000000008000405c (0xf120fa73) csrrci  s4, marchid, 1
core   0: exception trap_illegal_instruction, epc 0x000000008000405c
core   0:           tval 0x00000000f120fa73
core   0: >>>>  $xrv64i2p1_m2p0_a2p1_f2p2_d2p2_zicsr2p0_zifencei2p0_zmmul1p0_zba1p0_zbb1p0_zbc1p0_zbs1p0
core   0: 0x0000000080004000 (0x0080006f) j       pc + 0x8
core   0: 3 0x0000000080004000 (0x0080006f)
core   0: >>>>  mmode_exception_handler
core   0: 0x0000000080004008 (0x00002c17) auipc   s8, 0x2
core   0: 3 0x0000000080004008 (0x00002c17) x24 0x0000000080006008
core   0: 0x000000008000400c (0x056c0c13) addi    s8, s8, 86
core   0: 3 0x000000008000400c (0x056c0c13) x24 0x000000008000605e
core   0: 0x0000000080004010 (0x000c00e7) jalr    s8
core   0: 3 0x0000000080004010 (0x000c00e7) x1  0x0000000080004014
core   0: >>>>  any_handler
core   0: 0x000000008000605e (0x341027f3) csrrs   a5, mepc, zero
core   0: 3 0x000000008000605e (0x341027f3) x15 0x000000008000405c
core   0: 0x0000000080006062 (0x34202773) csrrs   a4, mcause, zero
core   0: 3 0x0000000080006062 (0x34202773) x14 0x0000000000000002
core   0: 0x0000000080006066 (0x142026f3) csrrs   a3, scause, zero
core   0: 3 0x0000000080006066 (0x142026f3) x13 0x0000000000000000
core   0: 0x000000008000606a (0x30402673) csrrs   a2, mie, zero
core   0: 3 0x000000008000606a (0x30402673) x12 0x0000000000000a00
core   0: 0x000000008000606e (0x344025f3) csrrs   a1, mip, zero
core   0: 3 0x000000008000606e (0x344025f3) x11 0x0000000000000080
core   0: 0x0000000080006072 (0x343025f3) csrrs   a1, mtval, zero
core   0: 3 0x0000000080006072 (0x343025f3) x11 0x00000000f120fa73
core   0: 0x0000000080006076 (0x14302573) csrrs   a0, stval, zero
core   0: 3 0x0000000080006076 (0x14302573) x10 0x0000000000000000
core   0: 0x000000008000607a (0xb02024f3) csrrs   s1, minstret, zero
core   0: 3 0x000000008000607a (0xb02024f3) x9  0x00000000000007d7
core   0: 0x000000008000607e (0x0000a811) c.j     pc + 20
core   0: 3 0x000000008000607e (0xa811)
core   0: >>>>  mepc_4
core   0: 0x0000000080006092 (0x00000791) c.addi  a5, 4
core   0: 3 0x0000000080006092 (0x0791) x15 0x0000000080004060
core   0: 0x0000000080006094 (0x34179073) csrrw   zero, mepc, a5
core   0: 3 0x0000000080006094 (0x34179073) c833_mepc 0x0000000080004060
core   0: 0x0000000080006098 (0x30200073) mret
core   0: 3 0x0000000080006098 (0x30200073) c768_mstatus 0x8000000a00106080
core   0: 0x0000000080004060 (0x0000964e) c.add   a2, s3
core   0: 1 0x0000000080004060 (0x964e) x12 0x0000000000000a00
core   0: 0x0000000080004062 (0x40cb0db3) sub     s11, s6, a2
core   0: 1 0x0000000080004062 (0x40cb0db3) x27 0xfffffffffffff600
core   0: 0x0000000080004066 (0x400c57b3) sra     a5, s8, zero
core   0: 1 0x0000000080004066 (0x400c57b3) x15 0x000000008000605e
core   0: 0x000000008000406a (0xc0106e73) csrrsi  t3, time, 0
core   0: exception trap_illegal_instruction, epc 0x000000008000406a
core   0:           tval 0x00000000c0106e73
core   0: >>>>  $xrv64i2p1_m2p0_a2p1_f2p2_d2p2_zicsr2p0_zifencei2p0_zmmul1p0_zba1p0_zbb1p0_zbc1p0_zbs1p0
core   0: 0x0000000080004000 (0x0080006f) j       pc + 0x8
core   0: 3 0x0000000080004000 (0x0080006f)
core   0: >>>>  mmode_exception_handler
core   0: 0x0000000080004008 (0x00002c17) auipc   s8, 0x2
core   0: 3 0x0000000080004008 (0x00002c17) x24 0x0000000080006008
core   0: 0x000000008000400c (0x056c0c13) addi    s8, s8, 86
core   0: 3 0x000000008000400c (0x056c0c13) x24 0x000000008000605e
core   0: 0x0000000080004010 (0x000c00e7) jalr    s8
core   0: 3 0x0000000080004010 (0x000c00e7) x1  0x0000000080004014
core   0: >>>>  any_handler
core   0: 0x000000008000605e (0x341027f3) csrrs   a5, mepc, zero
core   0: 3 0x000000008000605e (0x341027f3) x15 0x000000008000406a
core   0: 0x0000000080006062 (0x34202773) csrrs   a4, mcause, zero
core   0: 3 0x0000000080006062 (0x34202773) x14 0x0000000000000002
core   0: 0x0000000080006066 (0x142026f3) csrrs   a3, scause, zero
core   0: 3 0x0000000080006066 (0x142026f3) x13 0x0000000000000000
core   0: 0x000000008000606a (0x30402673) csrrs   a2, mie, zero
core   0: 3 0x000000008000606a (0x30402673) x12 0x0000000000000a00
core   0: 0x000000008000606e (0x344025f3) csrrs   a1, mip, zero
core   0: 3 0x000000008000606e (0x344025f3) x11 0x0000000000000080
core   0: 0x0000000080006072 (0x343025f3) csrrs   a1, mtval, zero
core   0: 3 0x0000000080006072 (0x343025f3) x11 0x00000000c0106e73
core   0: 0x0000000080006076 (0x14302573) csrrs   a0, stval, zero
core   0: 3 0x0000000080006076 (0x14302573) x10 0x0000000000000000
core   0: 0x000000008000607a (0xb02024f3) csrrs   s1, minstret, zero
core   0: 3 0x000000008000607a (0xb02024f3) x9  0x00000000000007ea
core   0: 0x000000008000607e (0x0000a811) c.j     pc + 20
core   0: 3 0x000000008000607e (0xa811)
core   0: >>>>  mepc_4
core   0: 0x0000000080006092 (0x00000791) c.addi  a5, 4
core   0: 3 0x0000000080006092 (0x0791) x15 0x000000008000406e
core   0: 0x0000000080006094 (0x34179073) csrrw   zero, mepc, a5
core   0: 3 0x0000000080006094 (0x34179073) c833_mepc 0x000000008000406e
core   0: 0x0000000080006098 (0x30200073) mret
core   0: 3 0x0000000080006098 (0x30200073) c768_mstatus 0x8000000a00106080
core   0: 0x000000008000406e (0x417e08b3) sub     a7, t3, s7
core   0: 1 0x000000008000406e (0x417e08b3) x17 0x0000000000000000
core   0: 0x0000000080004072 (0x00e55433) srl     s0, a0, a4
core   0: 1 0x0000000080004072 (0x00e55433) x8  0x0000000000000000
core   0: 0x0000000080004076 (0x0004599b) srliw   s3, s0, 0
core   0: 1 0x0000000080004076 (0x0004599b) x19 0x0000000000000000
core   0: 0x000000008000407a (0x00069c93) slli    s9, a3, 0
core   0: 1 0x000000008000407a (0x00069c93) x25 0x0000000000000000
core   0: 0x000000008000407e (0xd20e82d3) fcvt.d.w ft5, t4
core   0: 1 0x000000008000407e (0xd20e82d3) f5  0x0000000000000000
core   0: 0x0000000080004082 (0x0395f0b3) remu    ra, a1, s9
core   0: 1 0x0000000080004082 (0x0395f0b3) x1  0x00000000c0106e73
core   0: 0x0000000080004086 (0x41a0883b) subw    a6, ra, s10
core   0: 1 0x0000000080004086 (0x41a0883b) x16 0xffffffffc0106e73
core   0: 0x000000008000408a (0x0ff0000f) fence   iorw,iorw
core   0: 1 0x000000008000408a (0x0ff0000f)
core   0: 0x000000008000408e (0x00000001) c.nop
core   0: 1 0x000000008000408e (0x0001)
core   0: 0x0000000080004090 (0x40ba541b) sraiw   s0, s4, 11
core   0: 1 0x0000000080004090 (0x40ba541b) x8  0xffffffffffffffff
core   0: 0x0000000080004094 (0x01a6533b) srlw    t1, a2, s10
core   0: 1 0x0000000080004094 (0x01a6533b) x6  0x0000000000000a00
core   0: 0x0000000080004098 (0xc222fc53) fcvt.l.d s8, ft5
core   0: 1 0x0000000080004098 (0xc222fc53) x24 0x0000000000000000
core   0: 0x000000008000409c (0x41fc5e9b) sraiw   t4, s8, 31
core   0: 1 0x000000008000409c (0x41fc5e9b) x29 0x0000000000000000
core   0: 0x00000000800040a0 (0x0230da33) divu    s4, ra, gp
core   0: 1 0x00000000800040a0 (0x0230da33) x20 0x0000000000000001
core   0: 0x00000000800040a4 (0x5a02f853) fsqrt.d fa6, ft5
core   0: 1 0x00000000800040a4 (0x5a02f853) f16 0x0000000000000000
core   0: 0x00000000800040a8 (0x1abcf353) fdiv.d  ft6, fs9, fa1
core   0: 1 0x00000000800040a8 (0x1abcf353) f6  0x7ff8000000000000
core   0: 0x00000000800040ac (0x00008ce5) c.and   s1, s1
core   0: 1 0x00000000800040ac (0x8ce5) x9  0x00000000000007ea
core   0: 0x00000000800040ae (0x1b95f6d3) fdiv.d  fa3, fa1, fs9
core   0: 1 0x00000000800040ae (0x1b95f6d3) f13 0x7ff8000000000000
core   0: 0x00000000800040b2 (0xc02cf453) fcvt.l.s s0, fs9
core   0: 1 0x00000000800040b2 (0xc02cf453) c1_fflags 0x0000000000000010 x8  0x7fffffffffffffff
core   0: 0x00000000800040b6 (0x0b6c7ad3) fsub.d  fs5, fs8, fs6
core   0: 1 0x00000000800040b6 (0x0b6c7ad3) f21 0x7ff8000000000000
core   0: 0x00000000800040ba (0x414089bb) subw    s3, ra, s4
core   0: 1 0x00000000800040ba (0x414089bb) x19 0xffffffffc0106e72
core   0: 0x00000000800040be (0x4009d813) srai    a6, s3, 0
core   0: 1 0x00000000800040be (0x4009d813) x16 0xffffffffc0106e72
core   0: 0x00000000800040c2 (0x413d57b3) sra     a5, s10, s3
core   0: 1 0x00000000800040c2 (0x413d57b3) x15 0x0000000000000000
core   0: 0x00000000800040c6 (0x0105123b) sllw    tp, a0, a6
core   0: 1 0x00000000800040c6 (0x0105123b) x4  0x0000000000000000
core   0: 0x00000000800040ca (0x03007353) fadd.d  ft6, ft0, fa6
core   0: 1 0x00000000800040ca (0x03007353) f6  0x7ff8000000000000
core   0: 0x00000000800040ce (0x0307773b) remuw   a4, a4, a6
core   0: 1 0x00000000800040ce (0x0307773b) x14 0x0000000000000002
core   0: 0x00000000800040d2 (0x41670bbb) subw    s7, a4, s6
core   0: 1 0x00000000800040d2 (0x41670bbb) x23 0x0000000000000002
core   0: 0x00000000800040d6 (0xd22e7b53) fcvt.d.l fs6, t3
core   0: 1 0x00000000800040d6 (0xd22e7b53) f22 0x0000000000000000
core   0: 0x00000000800040da (0xc20b7ad3) fcvt.w.d s5, fs6
core   0: 1 0x00000000800040da (0xc20b7ad3) x21 0x0000000000000000
core   0: 0x00000000800040de (0x2baa05d3) fmin.d  fa1, fs4, fs10
core   0: 1 0x00000000800040de (0x2baa05d3) f11 0x7ff8000000000000
core   0: 0x00000000800040e2 (0xc03a7053) fcvt.lu.s zero, fs4
core   0: 1 0x00000000800040e2 (0xc03a7053)
core   0: 0x00000000800040e6 (0x0399fcc7) fmsub.d fs9, fs3, fs9, ft0
core   0: 1 0x00000000800040e6 (0x0399fcc7) f25 0x7ff8000000000000
core   0: 0x00000000800040ea (0x000a7633) and     a2, s4, zero
core   0: 1 0x00000000800040ea (0x000a7633) x12 0x0000000000000000
core   0: 0x00000000800040ee (0x028bb433) mulhu   s0, s7, s0
core   0: 1 0x00000000800040ee (0x028bb433) x8  0x0000000000000000
core   0: 0x00000000800040f2 (0x01d47ab3) and     s5, s0, t4
core   0: 1 0x00000000800040f2 (0x01d47ab3) x21 0x0000000000000000
core   0: 0x00000000800040f6 (0x4007d79b) sraiw   a5, a5, 0
core   0: 1 0x00000000800040f6 (0x4007d79b) x15 0x0000000000000000
core   0: 0x00000000800040fa (0xf2050fd3) fmv.d.x ft11, a0
core   0: 1 0x00000000800040fa (0xf2050fd3) f31 0x0000000000000000
core   0: 0x00000000800040fe (0x00091d1b) slliw   s10, s2, 0
core   0: 1 0x00000000800040fe (0x00091d1b) x26 0x0000000000000000
core   0: 0x0000000080004102 (0x0012d0bb) srlw    ra, t0, ra
core   0: 1 0x0000000080004102 (0x0012d0bb) x1  0x0000000000001000
core   0: 0x0000000080004106 (0x40fd8d33) sub     s10, s11, a5
core   0: 1 0x0000000080004106 (0x40fd8d33) x26 0xfffffffffffff600
core   0: 0x000000008000410a (0xe2078653) fmv.x.d a2, fa5
core   0: 1 0x000000008000410a (0xe2078653) x12 0xffffffff00000000
core   0: 0x000000008000410e (0x5a0b7c53) fsqrt.d fs8, fs6
core   0: 1 0x000000008000410e (0x5a0b7c53) f24 0x0000000000000000
core   0: 0x0000000080004112 (0x001c1e73) csrrw   t3, fflags, s8
core   0: 1 0x0000000080004112 (0x001c1e73) x28 0x0000000000000010 c1_fflags 0x0000000000000000
core   0: 0x0000000080004116 (0xd23a7353) fcvt.d.lu ft6, s4
core   0: 1 0x0000000080004116 (0xd23a7353) f6  0x3ff0000000000000
core   0: 0x000000008000411a (0x01001013) slli    zero, zero, 16
core   0: 1 0x000000008000411a (0x01001013)
core   0: 0x000000008000411e (0x4000d193) srai    gp, ra, 0
core   0: 1 0x000000008000411e (0x4000d193) x3  0x0000000000001000
core   0: 0x0000000080004122 (0x4002d69b) sraiw   a3, t0, 0
core   0: 1 0x0000000080004122 (0x4002d69b) x13 0xffffffff80000124
core   0: 0x0000000080004126 (0xc2397dd3) fcvt.lu.d s11, fs2
core   0: 1 0x0000000080004126 (0xc2397dd3) c1_fflags 0x0000000000000010 x27 0xffffffffffffffff
core   0: 0x000000008000412a (0xb3c84e13) xori    t3, a6, -1220
core   0: 1 0x000000008000412a (0xb3c84e13) x28 0x000000003fef954e
core   0: 0x000000008000412e (0xd03dfed3) fcvt.s.lu ft9, s11
core   0: 1 0x000000008000412e (0xd03dfed3) c1_fflags 0x0000000000000011 f29 0xffffffff5f800000
core   0: 0x0000000080004132 (0x5a0efcd3) fsqrt.d fs9, ft9
core   0: 1 0x0000000080004132 (0x5a0efcd3) f25 0x7ff8000000000000
core   0: 0x0000000080004136 (0x01cdd1bb) srlw    gp, s11, t3
core   0: 1 0x0000000080004136 (0x01cdd1bb) x3  0x000000000003ffff
core   0: 0x000000008000413a (0x00d186bb) addw    a3, gp, a3
core   0: 1 0x000000008000413a (0x00d186bb) x13 0xffffffff80040123
core   0: 0x000000008000413e (0xd2207c53) fcvt.d.l fs8, zero
core   0: 1 0x000000008000413e (0xd2207c53) f24 0x0000000000000000
core   0: 0x0000000080004142 (0x403a5a33) sra     s4, s4, gp
core   0: 1 0x0000000080004142 (0x403a5a33) x20 0x0000000000000000
core   0: 0x0000000080004146 (0x0066909b) slliw   ra, a3, 6
core   0: 1 0x0000000080004146 (0x0066909b) x1  0x00000000010048c0
core   0: 0x000000008000414a (0x02101cb3) mulh    s9, zero, ra
core   0: 1 0x000000008000414a (0x02101cb3) x25 0x0000000000000000
core   0: 0x000000008000414e (0x0211f1bb) remuw   gp, gp, ra
core   0: 1 0x000000008000414e (0x0211f1bb) x3  0x000000000003ffff
core   0: 0x0000000080004152 (0x80067c13) andi    s8, a2, -2048
core   0: 1 0x0000000080004152 (0x80067c13) x24 0xffffffff00000000
core   0: 0x0000000080004156 (0x40685e1b) sraiw   t3, a6, 6
core   0: 1 0x0000000080004156 (0x40685e1b) x28 0xffffffffff0041b9
core   0: 0x000000008000415a (0xfae81db7) lui     s11, 0xfae81
core   0: 1 0x000000008000415a (0xfae81db7) x27 0xfffffffffae81000
core   0: 0x000000008000415e (0xf81d8d9b) addiw   s11, s11, -127
core   0: 1 0x000000008000415e (0xf81d8d9b) x27 0xfffffffffae80f81
core   0: 0x0000000080004162 (0x00000db2) c.slli  s11, 12
core   0: 1 0x0000000080004162 (0x0db2) x27 0xffffffae80f81000
core   0: 0x0000000080004164 (0xc65d8d93) addi    s11, s11, -923
core   0: 1 0x0000000080004164 (0xc65d8d93) x27 0xffffffae80f80c65
core   0: 0x0000000080004168 (0x017e71b3) and     gp, t3, s7
core   0: 1 0x0000000080004168 (0x017e71b3) x3  0x0000000000000000
core   0: 0x000000008000416c (0x013a5433) srl     s0, s4, s3
core   0: 1 0x000000008000416c (0x013a5433) x8  0x0000000000000000
core   0: 0x0000000080004170 (0x00102373) csrrs   t1, fflags, zero
core   0: 1 0x0000000080004170 (0x00102373) x6  0x0000000000000011
core   0: 0x0000000080004174 (0x401470d3) fcvt.s.d ft1, fs0
core   0: 1 0x0000000080004174 (0x401470d3) f1  0xffffffff7fc00000
core   0: 0x0000000080004178 (0x00735233) srl     tp, t1, t2
core   0: 1 0x0000000080004178 (0x00735233) x4  0x0000000000000011
core   0: 0x000000008000417c (0x00739ebb) sllw    t4, t2, t2
core   0: 1 0x000000008000417c (0x00739ebb) x29 0x0000000000000000
core   0: 0x0000000080004180 (0x23cd0753) fsgnj.d fa4, fs10, ft8
core   0: 1 0x0000000080004180 (0x23cd0753) f14 0xffffffff00000000
core   0: 0x0000000080004184 (0x407601bb) subw    gp, a2, t2
core   0: 1 0x0000000080004184 (0x407601bb) x3  0x0000000000000000
core   0: 0x0000000080004188 (0xc6ce58b7) lui     a7, 0xc6ce5
core   0: 1 0x0000000080004188 (0xc6ce58b7) x17 0xffffffffc6ce5000
core   0: 0x000000008000418c (0x019e00b3) add     ra, t3, s9
core   0: 1 0x000000008000418c (0x019e00b3) x1  0xffffffffff0041b9
core   0: 0x0000000080004190 (0xf20e0b53) fmv.d.x fs6, t3
core   0: 1 0x0000000080004190 (0xf20e0b53) f22 0xffffffffff0041b9
core   0: 0x0000000080004194 (0x0ff0000f) fence   iorw,iorw
core   0: 1 0x0000000080004194 (0x0ff0000f)
core   0: 0x0000000080004198 (0xd22cfc53) fcvt.d.l fs8, s9
core   0: 1 0x0000000080004198 (0xd22cfc53) f24 0x0000000000000000
core   0: 0x000000008000419c (0xd035fd53) fcvt.s.lu fs10, a1
core   0: 1 0x000000008000419c (0xd035fd53) c1_fflags 0x0000000000000011 f26 0xffffffff4f40106e
core   0: 0x00000000800041a0 (0x7ff08a9b) addiw   s5, ra, 2047
core   0: 1 0x00000000800041a0 (0x7ff08a9b) x21 0xffffffffff0049b8
core   0: 0x00000000800041a4 (0x8b200793) li      a5, -1870
core   0: 1 0x00000000800041a4 (0x8b200793) x15 0xfffffffffffff8b2
core   0: 0x00000000800041a8 (0x000093aa) c.add   t2, a0
core   0: 1 0x00000000800041a8 (0x93aa) x7  0x0000000000000000
core   0: 0x00000000800041aa (0xd03dfbd3) fcvt.s.lu fs7, s11
core   0: 1 0x00000000800041aa (0xd03dfbd3) c1_fflags 0x0000000000000011 f23 0xffffffff5f800000
core   0: 0x00000000800041ae (0x0316d8b3) divu    a7, a3, a7
core   0: 1 0x00000000800041ae (0x0316d8b3) x17 0x0000000000000000
core   0: 0x00000000800041b2 (0x0073813b) addw    sp, t2, t2
core   0: 1 0x00000000800041b2 (0x0073813b) x2  0x0000000000000000
core   0: 0x00000000800041b6 (0x2d0a0b1b) addiw   s6, s4, 720
core   0: 1 0x00000000800041b6 (0x2d0a0b1b) x22 0x00000000000002d0
core   0: 0x00000000800041ba (0x40c3863b) subw    a2, t2, a2
core   0: 1 0x00000000800041ba (0x40c3863b) x12 0x0000000000000000
core   0: 0x00000000800041be (0xe20d0353) fmv.x.d t1, fs10
core   0: 1 0x00000000800041be (0xe20d0353) x6  0xffffffff4f40106e
core   0: 0x00000000800041c2 (0x023c48b3) div     a7, s8, gp
core   0: 1 0x00000000800041c2 (0x023c48b3) x17 0xffffffffffffffff
core   0: 0x00000000800041c6 (0xc215f6d3) fcvt.wu.d a3, fa1
core   0: 1 0x00000000800041c6 (0xc215f6d3) c1_fflags 0x0000000000000011 x13 0xffffffffffffffff
core   0: 0x00000000800041ca (0x5a0fff53) fsqrt.d ft10, ft11
core   0: 1 0x00000000800041ca (0x5a0fff53) f30 0x0000000000000000
core   0: 0x00000000800041ce (0xd22cf6d3) fcvt.d.l fa3, s9
core   0: 1 0x00000000800041ce (0xd22cf6d3) f13 0x0000000000000000
core   0: 0x00000000800041d2 (0xf20b0bd3) fmv.d.x fs7, s6
core   0: 1 0x00000000800041d2 (0xf20b0bd3) f23 0x00000000000002d0
core   0: 0x00000000800041d6 (0xc20cf253) fcvt.w.d tp, fs9
core   0: 1 0x00000000800041d6 (0xc20cf253) c1_fflags 0x0000000000000011 x4  0x000000007fffffff
core   0: 0x00000000800041da (0xc02f7cd3) fcvt.l.s s9, ft10
core   0: 1 0x00000000800041da (0xc02f7cd3) c1_fflags 0x0000000000000011 x25 0x7fffffffffffffff
core   0: 0x00000000800041de (0xd20e8e53) fcvt.d.w ft8, t4
core   0: 1 0x00000000800041de (0xd20e8e53) f28 0x0000000000000000
core   0: 0x00000000800041e2 (0xe20b87d3) fmv.x.d a5, fs7
core   0: 1 0x00000000800041e2 (0xe20b87d3) x15 0x00000000000002d0
core   0: 0x00000000800041e6 (0xd2227ad3) fcvt.d.l fs5, tp
core   0: 1 0x00000000800041e6 (0xd2227ad3) f21 0x41dfffffffc00000
core   0: 0x00000000800041ea (0x00000001) c.nop
core   0: 1 0x00000000800041ea (0x0001)
core   0: 0x00000000800041ec (0x0247e3bb) remw    t2, a5, tp
core   0: 1 0x00000000800041ec (0x0247e3bb) x7  0x00000000000002d0
core   0: 0x00000000800041f0 (0x002029f3) csrrs   s3, frm, zero
core   0: 1 0x00000000800041f0 (0x002029f3) x19 0x0000000000000000
core   0: 0x00000000800041f4 (0x0236763b) remuw   a2, a2, gp
core   0: 1 0x00000000800041f4 (0x0236763b) x12 0x0000000000000000
core   0: 0x00000000800041f8 (0x413207bb) subw    a5, tp, s3
core   0: 1 0x00000000800041f8 (0x413207bb) x15 0x000000007fffffff
core   0: 0x00000000800041fc (0xb89c7c93) andi    s9, s8, -1143
core   0: 1 0x00000000800041fc (0xb89c7c93) x25 0xffffffff00000000
core   0: 0x0000000080004200 (0x0280743b) remuw   s0, zero, s0
core   0: 1 0x0000000080004200 (0x0280743b) x8  0x0000000000000000
core   0: 0x0000000080004204 (0x646c8c9b) addiw   s9, s9, 1606
core   0: 1 0x0000000080004204 (0x646c8c9b) x25 0x0000000000000646
core   0: 0x0000000080004208 (0x420c0cd3) fcvt.d.s fs9, fs8
core   0: 1 0x0000000080004208 (0x420c0cd3) f25 0x7ff8000000000000
core   0: 0x000000008000420c (0xd236fa53) fcvt.d.lu fs4, a3
core   0: 1 0x000000008000420c (0xd236fa53) c1_fflags 0x0000000000000011 f20 0x43f0000000000000
core   0: 0x0000000080004210 (0x419ed5bb) sraw    a1, t4, s9
core   0: 1 0x0000000080004210 (0x419ed5bb) x11 0x0000000000000000
core   0: 0x0000000080004214 (0x002f0237) lui     tp, 0x2f0
core   0: 1 0x0000000080004214 (0x002f0237) x4  0x00000000002f0000
core   0: 0x0000000080004218 (0xbf52021b) addiw   tp, tp, -1035
core   0: 1 0x0000000080004218 (0xbf52021b) x4  0x00000000002efbf5
core   0: 0x000000008000421c (0x0000023a) c.slli  tp, 14
core   0: 1 0x000000008000421c (0x023a) x4  0x0000000bbefd4000
core   0: 0x000000008000421e (0x43320213) addi    tp, tp, 1075
core   0: 1 0x000000008000421e (0x43320213) x4  0x0000000bbefd4433
core   0: 0x0000000080004222 (0x004ca633) slt     a2, s9, tp
core   0: 1 0x0000000080004222 (0x004ca633) x12 0x0000000000000001
core   0: 0x0000000080004226 (0xc226f153) fcvt.l.d sp, fa3
core   0: 1 0x0000000080004226 (0xc226f153) x2  0x0000000000000000
core   0: 0x000000008000422a (0xd2128e53) fcvt.d.wu ft8, t0
core   0: 1 0x000000008000422a (0xd2128e53) f28 0x41e0000024800000
core   0: 0x000000008000422e (0x0022f9b3) and     s3, t0, sp
core   0: 1 0x000000008000422e (0x0022f9b3) x19 0x0000000000000000
core   0: 0x0000000080004232 (0xd23bfad3) fcvt.d.lu fs5, s7
core   0: 1 0x0000000080004232 (0xd23bfad3) f21 0x4000000000000000
core   0: 0x0000000080004236 (0x000b9e13) slli    t3, s7, 0
core   0: 1 0x0000000080004236 (0x000b9e13) x28 0x0000000000000002
core   0: 0x000000008000423a (0x013d5d1b) srliw   s10, s10, 19
core   0: 1 0x000000008000423a (0x013d5d1b) x26 0x0000000000001fff
core   0: 0x000000008000423e (0xc02e74d3) fcvt.l.s s1, ft8
core   0: 1 0x000000008000423e (0xc02e74d3) c1_fflags 0x0000000000000011 x9  0x7fffffffffffffff
core   0: 0x0000000080004242 (0xd02e7553) fcvt.s.l fa0, t3
core   0: 1 0x0000000080004242 (0xd02e7553) f10 0xffffffff40000000
core   0: 0x0000000080004246 (0x005e5993) srli    s3, t3, 5
core   0: 1 0x0000000080004246 (0x005e5993) x19 0x0000000000000000
core   0: 0x000000008000424a (0x0028d7bb) srlw    a5, a7, sp
core   0: 1 0x000000008000424a (0x0028d7bb) x15 0xffffffffffffffff
core   0: 0x000000008000424e (0x02f47433) remu    s0, s0, a5
core   0: 1 0x000000008000424e (0x02f47433) x8  0x0000000000000000
core   0: 0x0000000080004252 (0x2b5e86d3) fmin.d  fa3, ft9, fs5
core   0: 1 0x0000000080004252 (0x2b5e86d3) f13 0x4000000000000000
core   0: 0x0000000080004256 (0x0276d5bb) divuw   a1, a3, t2
core   0: 1 0x0000000080004256 (0x0276d5bb) x11 0x00000000005b05b0
core   0: 0x000000008000425a (0xd23875d3) fcvt.d.lu fa1, a6
core   0: 1 0x000000008000425a (0xd23875d3) c1_fflags 0x0000000000000011 f11 0x43effffffff8020e
core   0: 0x000000008000425e (0x03773433) mulhu   s0, a4, s7
core   0: 1 0x000000008000425e (0x03773433) x8  0x0000000000000000
core   0: 0x0000000080004262 (0x5a0e7e53) fsqrt.d ft8, ft8
core   0: 1 0x0000000080004262 (0x5a0e7e53) c1_fflags 0x0000000000000011 f28 0x40e6a09e804e706b
core   0: 0x0000000080004266 (0xd220f8d3) fcvt.d.l fa7, ra
core   0: 1 0x0000000080004266 (0xd220f8d3) f17 0xc16ff7c8e0000000
core   0: 0x000000008000426a (0x014893bb) sllw    t2, a7, s4
core   0: 1 0x000000008000426a (0x014893bb) x7  0xffffffffffffffff
core   0: 0x000000008000426e (0x40118733) sub     a4, gp, ra
core   0: 1 0x000000008000426e (0x40118733) x14 0x0000000000ffbe47
core   0: 0x0000000080004272 (0x0073c5b3) xor     a1, t2, t2
core   0: 1 0x0000000080004272 (0x0073c5b3) x11 0x0000000000000000
core   0: 0x0000000080004276 (0x7ff77d93) andi    s11, a4, 2047
core   0: 1 0x0000000080004276 (0x7ff77d93) x27 0x0000000000000647
core   0: 0x000000008000427a (0x0031a233) slt     tp, gp, gp
core   0: 1 0x000000008000427a (0x0031a233) x4  0x0000000000000000
core   0: 0x000000008000427e (0x01956533) or      a0, a0, s9
core   0: 1 0x000000008000427e (0x01956533) x10 0x0000000000000646
core   0: 0x0000000080004282 (0x0111e5b3) or      a1, gp, a7
core   0: 1 0x0000000080004282 (0x0111e5b3) x11 0xffffffffffffffff
core   0: 0x0000000080004286 (0x02d19713) slli    a4, gp, 45
core   0: 1 0x0000000080004286 (0x02d19713) x14 0x0000000000000000
core   0: 0x000000008000428a (0x2a7396d3) fmax.d  fa3, ft7, ft7
core   0: 1 0x000000008000428a (0x2a7396d3) f13 0x7ff8000000000000
core   0: 0x000000008000428e (0x832a784b) fnmsub.d fa6, fs4, fs2, fa6
core   0: 1 0x000000008000428e (0x832a784b) f16 0x7ff8000000000000
core   0: 0x0000000080004292 (0x139a7a53) fmul.d  fs4, fs4, fs9
core   0: 1 0x0000000080004292 (0x139a7a53) f20 0x7ff8000000000000
core   0: 0x0000000080004296 (0xf14060f3) csrrsi  ra, mhartid, 0
core   0: exception trap_illegal_instruction, epc 0x0000000080004296
core   0:           tval 0x00000000f14060f3
core   0: >>>>  $xrv64i2p1_m2p0_a2p1_f2p2_d2p2_zicsr2p0_zifencei2p0_zmmul1p0_zba1p0_zbb1p0_zbc1p0_zbs1p0
core   0: 0x0000000080004000 (0x0080006f) j       pc + 0x8
core   0: 3 0x0000000080004000 (0x0080006f)
core   0: >>>>  mmode_exception_handler
core   0: 0x0000000080004008 (0x00002c17) auipc   s8, 0x2
core   0: 3 0x0000000080004008 (0x00002c17) x24 0x0000000080006008
core   0: 0x000000008000400c (0x056c0c13) addi    s8, s8, 86
core   0: 3 0x000000008000400c (0x056c0c13) x24 0x000000008000605e
core   0: 0x0000000080004010 (0x000c00e7) jalr    s8
core   0: 3 0x0000000080004010 (0x000c00e7) x1  0x0000000080004014
core   0: >>>>  any_handler
core   0: 0x000000008000605e (0x341027f3) csrrs   a5, mepc, zero
core   0: 3 0x000000008000605e (0x341027f3) x15 0x0000000080004296
core   0: 0x0000000080006062 (0x34202773) csrrs   a4, mcause, zero
core   0: 3 0x0000000080006062 (0x34202773) x14 0x0000000000000002
core   0: 0x0000000080006066 (0x142026f3) csrrs   a3, scause, zero
core   0: 3 0x0000000080006066 (0x142026f3) x13 0x0000000000000000
core   0: 0x000000008000606a (0x30402673) csrrs   a2, mie, zero
core   0: 3 0x000000008000606a (0x30402673) x12 0x0000000000000a00
core   0: 0x000000008000606e (0x344025f3) csrrs   a1, mip, zero
core   0: 3 0x000000008000606e (0x344025f3) x11 0x0000000000000080
core   0: 0x0000000080006072 (0x343025f3) csrrs   a1, mtval, zero
core   0: 3 0x0000000080006072 (0x343025f3) x11 0x00000000f14060f3
core   0: 0x0000000080006076 (0x14302573) csrrs   a0, stval, zero
core   0: 3 0x0000000080006076 (0x14302573) x10 0x0000000000000000
core   0: 0x000000008000607a (0xb02024f3) csrrs   s1, minstret, zero
core   0: 3 0x000000008000607a (0xb02024f3) x9  0x0000000000000887
core   0: 0x000000008000607e (0x0000a811) c.j     pc + 20
core   0: 3 0x000000008000607e (0xa811)
core   0: >>>>  mepc_4
core   0: 0x0000000080006092 (0x00000791) c.addi  a5, 4
core   0: 3 0x0000000080006092 (0x0791) x15 0x000000008000429a
core   0: 0x0000000080006094 (0x34179073) csrrw   zero, mepc, a5
core   0: 3 0x0000000080006094 (0x34179073) c833_mepc 0x000000008000429a
core   0: 0x0000000080006098 (0x30200073) mret
core   0: 3 0x0000000080006098 (0x30200073) c768_mstatus 0x8000000a00106080
core   0: 0x000000008000429a (0x039c82bb) mulw    t0, s9, s9
core   0: 1 0x000000008000429a (0x039c82bb) x5  0x0000000000275b24
core   0: 0x000000008000429e (0x02d6fd33) remu    s10, a3, a3
core   0: 1 0x000000008000429e (0x02d6fd33) x26 0x0000000000000000
core   0: 0x00000000800042a2 (0xa2a883d3) fle.d   t2, fa7, fa0
core   0: 1 0x00000000800042a2 (0xa2a883d3) c1_fflags 0x0000000000000011 x7  0x0000000000000000
core   0: 0x00000000800042a6 (0xc2297a53) fcvt.l.d s4, fs2
core   0: 1 0x00000000800042a6 (0xc2297a53) c1_fflags 0x0000000000000011 x20 0x7fffffffffffffff
core   0: 0x00000000800042aa (0x2a3a0453) fmin.d  fs0, fs4, ft3
core   0: 1 0x00000000800042aa (0x2a3a0453) f8  0x7ff8000000000000
core   0: 0x00000000800042ae (0x2a341653) fmax.d  fa2, fs0, ft3
core   0: 1 0x00000000800042ae (0x2a341653) f12 0x7ff8000000000000
core   0: 0x00000000800042b2 (0x62667e47) fmsub.d ft8, fa2, ft6, fa2
core   0: 1 0x00000000800042b2 (0x62667e47) f28 0x7ff8000000000000
core   0: 0x00000000800042b6 (0x2b7e1bd3) fmax.d  fs7, ft8, fs7
core   0: 1 0x00000000800042b6 (0x2b7e1bd3) f23 0x00000000000002d0
core   0: 0x00000000800042ba (0xfe14d337) lui     t1, 0xfe14d
core   0: 1 0x00000000800042ba (0xfe14d337) x6  0xfffffffffe14d000
core   0: 0x00000000800042be (0x5d53031b) addiw   t1, t1, 1493
core   0: 1 0x00000000800042be (0x5d53031b) x6  0xfffffffffe14d5d5
core   0: 0x00000000800042c2 (0x00000336) c.slli  t1, 13
core   0: 1 0x00000000800042c2 (0x0336) x6  0xffffffc29abaa000
core   0: 0x00000000800042c4 (0x6a730313) addi    t1, t1, 1703
core   0: 1 0x00000000800042c4 (0x6a730313) x6  0xffffffc29abaa6a7
core   0: 0x00000000800042c8 (0x401cd29b) sraiw   t0, s9, 1
core   0: 1 0x00000000800042c8 (0x401cd29b) x5  0x0000000000000323
core   0: 0x00000000800042cc (0x026c2833) mulhsu  a6, s8, t1
core   0: 1 0x00000000800042cc (0x026c2833) x16 0x000000008000603f
core   0: 0x00000000800042d0 (0x00000001) c.nop
core   0: 1 0x00000000800042d0 (0x0001)
core   0: 0x00000000800042d2 (0xd037f1d3) fcvt.s.lu ft3, a5
core   0: 1 0x00000000800042d2 (0xd037f1d3) c1_fflags 0x0000000000000011 f3  0xffffffff4f000043
core   0: 0x00000000800042d6 (0xd032f6d3) fcvt.s.lu fa3, t0
core   0: 1 0x00000000800042d6 (0xd032f6d3) f13 0xffffffff4448c000
core   0: 0x00000000800042da (0xc12d2717) auipc   a4, 0xc12d2
core   0: 1 0x00000000800042da (0xc12d2717) x14 0x00000000412d62da
core   0: 0x00000000800042de (0x028314b3) mulh    s1, t1, s0
core   0: 1 0x00000000800042de (0x028314b3) x9  0x0000000000000000
core   0: 0x00000000800042e2 (0xc031fd53) fcvt.lu.s s10, ft3
core   0: 1 0x00000000800042e2 (0xc031fd53) x26 0x0000000080004300
core   0: 0x00000000800042e6 (0x01aa1c33) sll     s8, s4, s10
core   0: 1 0x00000000800042e6 (0x01aa1c33) x24 0x7fffffffffffffff
core   0: 0x00000000800042ea (0xd21c0d53) fcvt.d.wu fs10, s8
core   0: 1 0x00000000800042ea (0xd21c0d53) f26 0x41efffffffe00000
core   0: 0x00000000800042ee (0x0364fb3b) remuw   s6, s1, s6
core   0: 1 0x00000000800042ee (0x0364fb3b) x22 0x0000000000000000
core   0: 0x00000000800042f2 (0x000ad193) srli    gp, s5, 0
core   0: 1 0x00000000800042f2 (0x000ad193) x3  0xffffffffff0049b8
core   0: 0x00000000800042f6 (0x038c40b3) div     ra, s8, s8
core   0: 1 0x00000000800042f6 (0x038c40b3) x1  0x0000000000000001
core   0: 0x00000000800042fa (0x001898f3) csrrw   a7, fflags, a7
core   0: 1 0x00000000800042fa (0x001898f3) x17 0x0000000000000011 c1_fflags 0x000000000000001f
core   0: 0x00000000800042fe (0x00a0953b) sllw    a0, ra, a0
core   0: 1 0x00000000800042fe (0x00a0953b) x10 0x0000000000000001
core   0: 0x0000000080004302 (0x7ff08c9b) addiw   s9, ra, 2047
core   0: 1 0x0000000080004302 (0x7ff08c9b) x25 0x0000000000000800
core   0: 0x0000000080004306 (0x23feafd3) fsgnjx.d ft11, ft9, ft11
core   0: 1 0x0000000080004306 (0x23feafd3) f31 0xffffffff5f800000
core   0: 0x000000008000430a (0x9fa1de97) auipc   t4, 0x9fa1d
core   0: 1 0x000000008000430a (0x9fa1de97) x29 0x000000001fa2130a
core   0: 0x000000008000430e (0x00151b1b) slliw   s6, a0, 1
core   0: 1 0x000000008000430e (0x00151b1b) x22 0x0000000000000002
core   0: 0x0000000080004312 (0x01d5debb) srlw    t4, a1, t4
core   0: 1 0x0000000080004312 (0x01d5debb) x29 0x00000000003c5018
core   0: 0x0000000080004316 (0xa677069b) addiw   a3, a4, -1433
core   0: 1 0x0000000080004316 (0xa677069b) x13 0x00000000412d5d41
core   0: 0x000000008000431a (0xf2028b53) fmv.d.x fs6, t0
core   0: 1 0x000000008000431a (0xf2028b53) f22 0x0000000000000323
core   0: 0x000000008000431e (0xe9e66513) ori     a0, a2, -354
core   0: 1 0x000000008000431e (0xe9e66513) x10 0xfffffffffffffe9e
core   0: 0x0000000080004322 (0x029c2c33) mulhsu  s8, s8, s1
core   0: 1 0x0000000080004322 (0x029c2c33) x24 0x0000000000000000
core   0: 0x0000000080004326 (0x40a7503b) sraw    zero, a4, a0
core   0: 1 0x0000000080004326 (0x40a7503b)
core   0: 0x000000008000432a (0x922a714b) fnmsub.d ft2, fs4, ft2, fs2
core   0: 1 0x000000008000432a (0x922a714b) f2  0x7ff8000000000000
core   0: 0x000000008000432e (0x41d50a33) sub     s4, a0, t4
core   0: 1 0x000000008000432e (0x41d50a33) x20 0xffffffffffc3ae86
core   0: 0x0000000080004332 (0x027a3e33) mulhu   t3, s4, t2
core   0: 1 0x0000000080004332 (0x027a3e33) x28 0x0000000000000000
core   0: 0x0000000080004336 (0x0221d633) divu    a2, gp, sp
core   0: 1 0x0000000080004336 (0x0221d633) x12 0xffffffffffffffff
core   0: 0x000000008000433a (0x3cd0e9b7) lui     s3, 0x3cd0e
core   0: 1 0x000000008000433a (0x3cd0e9b7) x19 0x000000003cd0e000
core   0: 0x000000008000433e (0x43065593) srai    a1, a2, 48
core   0: 1 0x000000008000433e (0x43065593) x11 0xffffffffffffffff
core   0: 0x0000000080004342 (0x105576f3) csrrci  a3, stvec, 10
core   0: 1 0x0000000080004342 (0x105576f3) x13 0x0000000000000000 c261_stvec 0x0000000000000000
core   0: 0x0000000080004346 (0x401ade93) srai    t4, s5, 1
core   0: 1 0x0000000080004346 (0x401ade93) x29 0xffffffffff8024dc
core   0: 0x000000008000434a (0x0ff0000f) fence   iorw,iorw
core   0: 1 0x000000008000434a (0x0ff0000f)
core   0: 0x000000008000434e (0xd03cf9d3) fcvt.s.lu fs3, s9
core   0: 1 0x000000008000434e (0xd03cf9d3) f19 0xffffffff45000000
core   0: 0x0000000080004352 (0xdf186813) ori     a6, a6, -527
core   0: 1 0x0000000080004352 (0xdf186813) x16 0xfffffffffffffdff
core   0: 0x0000000080004356 (0x03dc2db3) mulhsu  s11, s8, t4
core   0: 1 0x0000000080004356 (0x03dc2db3) x27 0x0000000000000000
core   0: 0x000000008000435a (0x7ff68a93) addi    s5, a3, 2047
core   0: 1 0x000000008000435a (0x7ff68a93) x21 0x00000000000007ff
core   0: 0x000000008000435e (0x001022f3) csrrs   t0, fflags, zero
core   0: 1 0x000000008000435e (0x001022f3) x5  0x000000000000001f
core   0: 0x0000000080004362 (0x0352dbb3) divu    s7, t0, s5
core   0: 1 0x0000000080004362 (0x0352dbb3) x23 0x0000000000000000
core   0: 0x0000000080004366 (0x4000de9b) sraiw   t4, ra, 0
core   0: 1 0x0000000080004366 (0x4000de9b) x29 0x0000000000000001
core   0: 0x000000008000436a (0x0003569b) srliw   a3, t1, 0
core   0: 1 0x000000008000436a (0x0003569b) x13 0xffffffff9abaa6a7
core   0: 0x000000008000436e (0x016311bb) sllw    gp, t1, s6
core   0: 1 0x000000008000436e (0x016311bb) x3  0x000000006aea9a9c
core   0: 0x0000000080004372 (0x1370f847) fmsub.d fa6, ft1, fs7, ft2
core   0: 1 0x0000000080004372 (0x1370f847) f16 0x7ff8000000000000
core   0: 0x0000000080004376 (0x0368593b) divuw   s2, a6, s6
core   0: 1 0x0000000080004376 (0x0368593b) x18 0x000000007ffffeff
core   0: 0x000000008000437a (0x0158023b) addw    tp, a6, s5
core   0: 1 0x000000008000437a (0x0158023b) x4  0x00000000000005fe
core   0: 0x000000008000437e (0x75ad801b) addiw   zero, s11, 1882
core   0: 1 0x000000008000437e (0x75ad801b)
core   0: 0x0000000080004382 (0x03620ebb) mulw    t4, tp, s6
core   0: 1 0x0000000080004382 (0x03620ebb) x29 0x0000000000000bfc
core   0: 0x0000000080004386 (0x002028f3) csrrs   a7, frm, zero
core   0: 1 0x0000000080004386 (0x002028f3) x17 0x0000000000000000
core   0: 0x000000008000438a (0x2a5efc13) andi    s8, t4, 677
core   0: 1 0x000000008000438a (0x2a5efc13) x24 0x00000000000002a4
core   0: 0x000000008000438e (0x0266da13) srli    s4, a3, 38
core   0: 1 0x000000008000438e (0x0266da13) x20 0x0000000003ffffff
core   0: 0x0000000080004392 (0x00db88bb) addw    a7, s7, a3
core   0: 1 0x0000000080004392 (0x00db88bb) x17 0xffffffff9abaa6a7
core   0: 0x0000000080004396 (0x4078dcb3) sra     s9, a7, t2
core   0: 1 0x0000000080004396 (0x4078dcb3) x25 0xffffffff9abaa6a7
core   0: 0x000000008000439a (0x027d1633) mulh    a2, s10, t2
core   0: 1 0x000000008000439a (0x027d1633) x12 0x0000000000000000
core   0: 0x000000008000439e (0x01847093) andi    ra, s0, 24
core   0: 1 0x000000008000439e (0x01847093) x1  0x0000000000000000
core   0: 0x00000000800043a2 (0x0ff0000f) fence   iorw,iorw
core   0: 1 0x00000000800043a2 (0x0ff0000f)
core   0: 0x00000000800043a6 (0x400cde33) sra     t3, s9, zero
core   0: 1 0x00000000800043a6 (0x400cde33) x28 0xffffffff9abaa6a7
core   0: 0x00000000800043aa (0x0b187153) fsub.d  ft2, fa6, fa7
core   0: 1 0x00000000800043aa (0x0b187153) f2  0x7ff8000000000000
core   0: 0x00000000800043ae (0x02bd7043) fmadd.d ft0, fs10, fa1, ft0
core   0: 1 0x00000000800043ae (0x02bd7043) f0  0x7ff8000000000000
core   0: 0x00000000800043b2 (0x00110c13) addi    s8, sp, 1
core   0: 1 0x00000000800043b2 (0x00110c13) x24 0x0000000000000001
core   0: 0x00000000800043b6 (0x03ef70d3) fadd.d  ft1, ft10, ft10
core   0: 1 0x00000000800043b6 (0x03ef70d3) f1  0x0000000000000000
core   0: 0x00000000800043ba (0x2a1003d3) fmin.d  ft7, ft0, ft1
core   0: 1 0x00000000800043ba (0x2a1003d3) f7  0x0000000000000000
core   0: 0x00000000800043be (0x0b23f143) fmadd.d ft2, ft7, fs2, ft1
core   0: 1 0x00000000800043be (0x0b23f143) f2  0x7ff8000000000000
core   0: 0x00000000800043c2 (0x02de2033) mulhsu  zero, t3, a3
core   0: 1 0x00000000800043c2 (0x02de2033)
core   0: 0x00000000800043c6 (0x2a710fd3) fmin.d  ft11, ft2, ft7
core   0: 1 0x00000000800043c6 (0x2a710fd3) f31 0x0000000000000000
core   0: 0x00000000800043ca (0xf2251717) auipc   a4, 0xf2251
core   0: 1 0x00000000800043ca (0xf2251717) x14 0x00000000722553ca
core   0: 0x00000000800043ce (0x00e713b3) sll     t2, a4, a4
core   0: 1 0x00000000800043ce (0x00e713b3) x7  0x000001c8954f2800
core   0: 0x00000000800043d2 (0x00f967b3) or      a5, s2, a5
core   0: 1 0x00000000800043d2 (0x00f967b3) x15 0x00000000fffffeff
core   0: 0x00000000800043d6 (0x03c8ce3b) divw    t3, a7, t3
core   0: 1 0x00000000800043d6 (0x03c8ce3b) x28 0x0000000000000001
core   0: 0x00000000800043da (0xc02ff3d3) fcvt.l.s t2, ft11
core   0: 1 0x00000000800043da (0xc02ff3d3) c1_fflags 0x000000000000001f x7  0x7fffffffffffffff
core   0: 0x00000000800043de (0x013a10bb) sllw    ra, s4, s3
core   0: 1 0x00000000800043de (0x013a10bb) x1  0x0000000003ffffff
core   0: 0x00000000800043e2 (0x038e7c53) fadd.d  fs8, ft8, fs8
core   0: 1 0x00000000800043e2 (0x038e7c53) f24 0x7ff8000000000000
core   0: 0x00000000800043e6 (0x417e0eb3) sub     t4, t3, s7
core   0: 1 0x00000000800043e6 (0x417e0eb3) x29 0x0000000000000001
core   0: 0x00000000800043ea (0xc223f1c7) fmsub.d ft3, ft7, ft2, fs8
core   0: 1 0x00000000800043ea (0xc223f1c7) f3  0x7ff8000000000000
core   0: 0x00000000800043ee (0x03de18b3) mulh    a7, t3, t4
core   0: 1 0x00000000800043ee (0x03de18b3) x17 0x0000000000000000
core   0: 0x00000000800043f2 (0x02d6e6b3) rem     a3, a3, a3
core   0: 1 0x00000000800043f2 (0x02d6e6b3) x13 0x0000000000000000
core   0: 0x00000000800043f6 (0x0186909b) slliw   ra, a3, 24
core   0: 1 0x00000000800043f6 (0x0186909b) x1  0x0000000000000000
core   0: 0x00000000800043fa (0xfffd849b) addiw   s1, s11, -1
core   0: 1 0x00000000800043fa (0xfffd849b) x9  0xffffffffffffffff
core   0: 0x00000000800043fe (0xc25e72cf) fnmadd.d ft5, ft8, ft5, fs8
core   0: 1 0x00000000800043fe (0xc25e72cf) f5  0x7ff8000000000000
core   0: 0x0000000080004402 (0x000e1813) slli    a6, t3, 0
core   0: 1 0x0000000080004402 (0x000e1813) x16 0x0000000000000001
core   0: 0x0000000080004406 (0xf20807d3) fmv.d.x fa5, a6
core   0: 1 0x0000000080004406 (0xf20807d3) f15 0x0000000000000001
core   0: 0x000000008000440a (0x7ac7f643) fmadd.d fa2, fa5, fa2, fa5
core   0: 1 0x000000008000440a (0x7ac7f643) f12 0x7ff8000000000000
core   0: 0x000000008000440e (0x00901233) sll     tp, zero, s1
core   0: 1 0x000000008000440e (0x00901233) x4  0x0000000000000000
core   0: 0x0000000080004412 (0x00159193) slli    gp, a1, 1
core   0: 1 0x0000000080004412 (0x00159193) x3  0xfffffffffffffffe
core   0: 0x0000000080004416 (0x0240f93b) remuw   s2, ra, tp
core   0: 1 0x0000000080004416 (0x0240f93b) x18 0x0000000000000000
core   0: 0x000000008000441a (0x22d494d3) fsgnjn.d fs1, fs1, fa3
core   0: 1 0x000000008000441a (0x22d494d3) f9  0x7fffffff00000000
core   0: 0x000000008000441e (0x02291c13) slli    s8, s2, 34
core   0: 1 0x000000008000441e (0x02291c13) x24 0x0000000000000000
core   0: 0x0000000080004422 (0x400a519b) sraiw   gp, s4, 0
core   0: 1 0x0000000080004422 (0x400a519b) x3  0x0000000003ffffff
core   0: 0x0000000080004426 (0x019c531b) srliw   t1, s8, 25
core   0: 1 0x0000000080004426 (0x019c531b) x6  0x0000000000000000
core   0: 0x000000008000442a (0x026494b3) mulh    s1, s1, t1
core   0: 1 0x000000008000442a (0x026494b3) x9  0x0000000000000000
core   0: 0x000000008000442e (0x0116d7bb) srlw    a5, a3, a7
core   0: 1 0x000000008000442e (0x0116d7bb) x15 0x0000000000000000
core   0: 0x0000000080004432 (0x0017d813) srli    a6, a5, 1
core   0: 1 0x0000000080004432 (0x0017d813) x16 0x0000000000000000
core   0: 0x0000000080004436 (0x033375bb) remuw   a1, t1, s3
core   0: 1 0x0000000080004436 (0x033375bb) x11 0x0000000000000000
core   0: 0x000000008000443a (0xc2247dd3) fcvt.l.d s11, fs0
core   0: 1 0x000000008000443a (0xc2247dd3) c1_fflags 0x000000000000001f x27 0x7fffffffffffffff
core   0: 0x000000008000443e (0xf20988d3) fmv.d.x fa7, s3
core   0: 1 0x000000008000443e (0xf20988d3) f17 0x000000003cd0e000
core   0: 0x0000000080004442 (0x0010c733) xor     a4, ra, ra
core   0: 1 0x0000000080004442 (0x0010c733) x14 0x0000000000000000
core   0: 0x0000000080004446 (0x54d08213) addi    tp, ra, 1357
core   0: 1 0x0000000080004446 (0x54d08213) x4  0x000000000000054d
core   0: 0x000000008000444a (0xed3ef4b7) lui     s1, 0xed3ef
core   0: 1 0x000000008000444a (0xed3ef4b7) x9  0xffffffffed3ef000
core   0: 0x000000008000444e (0x032e7333) remu    t1, t3, s2
core   0: 1 0x000000008000444e (0x032e7333) x6  0x0000000000000001
core   0: 0x0000000080004452 (0xc03e7953) fcvt.lu.s s2, ft8
core   0: 1 0x0000000080004452 (0xc03e7953) c1_fflags 0x000000000000001f x18 0xffffffffffffffff
core   0: 0x0000000080004456 (0x0030929b) slliw   t0, ra, 3
core   0: 1 0x0000000080004456 (0x0030929b) x5  0x0000000000000000
core   0: 0x000000008000445a (0x8702e813) ori     a6, t0, -1936
core   0: 1 0x000000008000445a (0x8702e813) x16 0xfffffffffffff870
core   0: 0x000000008000445e (0x01a0ea33) or      s4, ra, s10
core   0: 1 0x000000008000445e (0x01a0ea33) x20 0x0000000080004300
core   0: 0x0000000080004462 (0x026a67b3) rem     a5, s4, t1
core   0: 1 0x0000000080004462 (0x026a67b3) x15 0x0000000000000000
core   0: 0x0000000080004466 (0xc2347e53) fcvt.lu.d t3, fs0
core   0: 1 0x0000000080004466 (0xc2347e53) c1_fflags 0x000000000000001f x28 0xffffffffffffffff
core   0: 0x000000008000446a (0xc034f953) fcvt.lu.s s2, fs1
core   0: 1 0x000000008000446a (0xc034f953) c1_fflags 0x000000000000001f x18 0xffffffffffffffff
core   0: 0x000000008000446e (0x00949d1b) slliw   s10, s1, 9
core   0: 1 0x000000008000446e (0x00949d1b) x26 0x000000007de00000
core   0: 0x0000000080004472 (0x00630e33) add     t3, t1, t1
core   0: 1 0x0000000080004472 (0x00630e33) x28 0x0000000000000002
core   0: 0x0000000080004476 (0x7ffbf693) andi    a3, s7, 2047
core   0: 1 0x0000000080004476 (0x7ffbf693) x13 0x0000000000000000
core   0: 0x000000008000447a (0xa31604d3) fle.d   s1, fa2, fa7
core   0: 1 0x000000008000447a (0xa31604d3) c1_fflags 0x000000000000001f x9  0x0000000000000000
core   0: 0x000000008000447e (0x0384f23b) remuw   tp, s1, s8
core   0: 1 0x000000008000447e (0x0384f23b) x4  0x0000000000000000
core   0: 0x0000000080004482 (0xd86ab797) auipc   a5, 0xd86ab
core   0: 1 0x0000000080004482 (0xd86ab797) x15 0x00000000586af482
core   0: 0x0000000080004486 (0x038a5a3b) divuw   s4, s4, s8
core   0: 1 0x0000000080004486 (0x038a5a3b) x20 0xffffffffffffffff
core   0: 0x000000008000448a (0xe2040753) fmv.x.d a4, fs0
core   0: 1 0x000000008000448a (0xe2040753) x14 0x7ff8000000000000
core   0: 0x000000008000448e (0x005d1cb7) lui     s9, 0x5d1
core   0: 1 0x000000008000448e (0x005d1cb7) x25 0x00000000005d1000
core   0: 0x0000000080004492 (0x2a5c8c9b) addiw   s9, s9, 677
core   0: 1 0x0000000080004492 (0x2a5c8c9b) x25 0x00000000005d12a5
core   0: 0x0000000080004496 (0x00000cba) c.slli  s9, 14
core   0: 1 0x0000000080004496 (0x0cba) x25 0x0000001744a94000
core   0: 0x0000000080004498 (0x764c8c93) addi    s9, s9, 1892
core   0: 1 0x0000000080004498 (0x764c8c93) x25 0x0000001744a94764
core   0: 0x000000008000449c (0x2288acd3) fsgnjx.d fs9, fa7, fs0
core   0: 1 0x000000008000449c (0x2288acd3) f25 0x000000003cd0e000
core   0: 0x00000000800044a0 (0x0199c9b3) xor     s3, s3, s9
core   0: 1 0x00000000800044a0 (0x0199c9b3) x19 0x000000177879a764
core   0: 0x00000000800044a4 (0x416b00bb) subw    ra, s6, s6
core   0: 1 0x00000000800044a4 (0x416b00bb) x1  0x0000000000000000
core   0: 0x00000000800044a8 (0xaa1db937) lui     s2, 0xaa1db
core   0: 1 0x00000000800044a8 (0xaa1db937) x18 0xffffffffaa1db000
core   0: 0x00000000800044ac (0x033951bb) divuw   gp, s2, s3
core   0: 1 0x00000000800044ac (0x033951bb) x3  0x0000000000000001
core   0: 0x00000000800044b0 (0xfd59ebb7) lui     s7, 0xfd59e
core   0: 1 0x00000000800044b0 (0xfd59ebb7) x23 0xfffffffffd59e000
core   0: 0x00000000800044b4 (0xc47b8b9b) addiw   s7, s7, -953
core   0: 1 0x00000000800044b4 (0xc47b8b9b) x23 0xfffffffffd59dc47
core   0: 0x00000000800044b8 (0x00000bb2) c.slli  s7, 12
core   0: 1 0x00000000800044b8 (0x0bb2) x23 0xffffffd59dc47000
core   0: 0x00000000800044ba (0x2ceb8b93) addi    s7, s7, 718
core   0: 1 0x00000000800044ba (0x2ceb8b93) x23 0xffffffd59dc472ce
core   0: 0x00000000800044be (0x5afa6317) auipc   t1, 0x5afa6
core   0: 1 0x00000000800044be (0x5afa6317) x6  0x00000000dafaa4be
core   0: 0x00000000800044c2 (0x35d6c693) xori    a3, a3, 861
core   0: 1 0x00000000800044c2 (0x35d6c693) x13 0x000000000000035d
core   0: 0x00000000800044c6 (0x416b83b3) sub     t2, s7, s6
core   0: 1 0x00000000800044c6 (0x416b83b3) x7  0xffffffd59dc472cc
core   0: 0x00000000800044ca (0x02ed4a33) div     s4, s10, a4
core   0: 1 0x00000000800044ca (0x02ed4a33) x20 0x0000000000000000
core   0: 0x00000000800044ce (0x004a179b) slliw   a5, s4, 4
core   0: 1 0x00000000800044ce (0x004a179b) x15 0x0000000000000000
core   0: 0x00000000800044d2 (0x0127d813) srli    a6, a5, 18
core   0: 1 0x00000000800044d2 (0x0127d813) x16 0x0000000000000000
core   0: 0x00000000800044d6 (0x82247ec3) fmadd.d ft9, fs0, ft2, fa6
core   0: 1 0x00000000800044d6 (0x82247ec3) f29 0x7ff8000000000000
core   0: 0x00000000800044da (0x00102ef3) csrrs   t4, fflags, zero
core   0: 1 0x00000000800044da (0x00102ef3) x29 0x000000000000001f
core   0: 0x00000000800044de (0x800c6c93) ori     s9, s8, -2048
core   0: 1 0x00000000800044de (0x800c6c93) x25 0xfffffffffffff800
core   0: 0x00000000800044e2 (0x000d7a13) andi    s4, s10, 0
core   0: 1 0x00000000800044e2 (0x000d7a13) x20 0x0000000000000000
core   0: 0x00000000800044e6 (0x01d4a4b3) slt     s1, s1, t4
core   0: 1 0x00000000800044e6 (0x01d4a4b3) x9  0x0000000000000001
core   0: 0x00000000800044ea (0x00d1c1b3) xor     gp, gp, a3
core   0: 1 0x00000000800044ea (0x00d1c1b3) x3  0x000000000000035c
core   0: 0x00000000800044ee (0x00dcceb3) xor     t4, s9, a3
core   0: 1 0x00000000800044ee (0x00dcceb3) x29 0xfffffffffffffb5d
core   0: 0x00000000800044f2 (0xc23873d3) fcvt.lu.d t2, fa6
core   0: 1 0x00000000800044f2 (0xc23873d3) c1_fflags 0x000000000000001f x7  0xffffffffffffffff
core   0: 0x00000000800044f6 (0x0ff0000f) fence   iorw,iorw
core   0: 1 0x00000000800044f6 (0x0ff0000f)
core   0: 0x00000000800044fa (0xc0387b53) fcvt.lu.s s6, fa6
core   0: 1 0x00000000800044fa (0xc0387b53) c1_fflags 0x000000000000001f x22 0xffffffffffffffff
core   0: 0x00000000800044fe (0x007b26b3) slt     a3, s6, t2
core   0: 1 0x00000000800044fe (0x007b26b3) x13 0x0000000000000000
core   0: 0x0000000080004502 (0x02a2653b) remw    a0, tp, a0
core   0: 1 0x0000000080004502 (0x02a2653b) x10 0x0000000000000000
core   0: 0x0000000080004506 (0xc89f5117) auipc   sp, 0xc89f5
core   0: 1 0x0000000080004506 (0xc89f5117) x2  0x00000000489f9506
core   0: 0x000000008000450a (0xa3dc8ad3) fle.d   s5, fs9, ft9
core   0: 1 0x000000008000450a (0xa3dc8ad3) c1_fflags 0x000000000000001f x21 0x0000000000000000
core   0: 0x000000008000450e (0xc01222f3) csrrs   t0, time, tp
core   0: exception trap_illegal_instruction, epc 0x000000008000450e
core   0:           tval 0x00000000c01222f3
core   0: >>>>  $xrv64i2p1_m2p0_a2p1_f2p2_d2p2_zicsr2p0_zifencei2p0_zmmul1p0_zba1p0_zbb1p0_zbc1p0_zbs1p0
core   0: 0x0000000080004000 (0x0080006f) j       pc + 0x8
core   0: 3 0x0000000080004000 (0x0080006f)
core   0: >>>>  mmode_exception_handler
core   0: 0x0000000080004008 (0x00002c17) auipc   s8, 0x2
core   0: 3 0x0000000080004008 (0x00002c17) x24 0x0000000080006008
core   0: 0x000000008000400c (0x056c0c13) addi    s8, s8, 86
core   0: 3 0x000000008000400c (0x056c0c13) x24 0x000000008000605e
core   0: 0x0000000080004010 (0x000c00e7) jalr    s8
core   0: 3 0x0000000080004010 (0x000c00e7) x1  0x0000000080004014
core   0: >>>>  any_handler
core   0: 0x000000008000605e (0x341027f3) csrrs   a5, mepc, zero
core   0: 3 0x000000008000605e (0x341027f3) x15 0x000000008000450e
core   0: 0x0000000080006062 (0x34202773) csrrs   a4, mcause, zero
core   0: 3 0x0000000080006062 (0x34202773) x14 0x0000000000000002
core   0: 0x0000000080006066 (0x142026f3) csrrs   a3, scause, zero
core   0: 3 0x0000000080006066 (0x142026f3) x13 0x0000000000000000
core   0: 0x000000008000606a (0x30402673) csrrs   a2, mie, zero
core   0: 3 0x000000008000606a (0x30402673) x12 0x0000000000000a00
core   0: 0x000000008000606e (0x344025f3) csrrs   a1, mip, zero
core   0: 3 0x000000008000606e (0x344025f3) x11 0x0000000000000080
core   0: 0x0000000080006072 (0x343025f3) csrrs   a1, mtval, zero
core   0: 3 0x0000000080006072 (0x343025f3) x11 0x00000000c01222f3
core   0: 0x0000000080006076 (0x14302573) csrrs   a0, stval, zero
core   0: 3 0x0000000080006076 (0x14302573) x10 0x0000000000000000
core   0: 0x000000008000607a (0xb02024f3) csrrs   s1, minstret, zero
core   0: 3 0x000000008000607a (0xb02024f3) x9  0x0000000000000936
core   0: 0x000000008000607e (0x0000a811) c.j     pc + 20
core   0: 3 0x000000008000607e (0xa811)
core   0: >>>>  mepc_4
core   0: 0x0000000080006092 (0x00000791) c.addi  a5, 4
core   0: 3 0x0000000080006092 (0x0791) x15 0x0000000080004512
core   0: 0x0000000080006094 (0x34179073) csrrw   zero, mepc, a5
core   0: 3 0x0000000080006094 (0x34179073) c833_mepc 0x0000000080004512
core   0: 0x0000000080006098 (0x30200073) mret
core   0: 3 0x0000000080006098 (0x30200073) c768_mstatus 0x8000000a00106080
core   0: 0x0000000080004512 (0x008685b3) add     a1, a3, s0
core   0: 1 0x0000000080004512 (0x008685b3) x11 0x0000000000000000
core   0: 0x0000000080004516 (0x8301774b) fnmsub.d fa4, ft2, fa6, fa6
core   0: 1 0x0000000080004516 (0x8301774b) f14 0x7ff8000000000000
core   0: 0x000000008000451a (0xd02af853) fcvt.s.l fa6, s5
core   0: 1 0x000000008000451a (0xd02af853) f16 0xffffffff00000000
core   0: 0x000000008000451e (0x0272b933) mulhu   s2, t0, t2
core   0: 1 0x000000008000451e (0x0272b933) x18 0x0000000000000000
core   0: 0x0000000080004522 (0x01a10bb3) add     s7, sp, s10
core   0: 1 0x0000000080004522 (0x01a10bb3) x23 0x00000000c67f9506
core   0: 0x0000000080004526 (0xbe124693) xori    a3, tp, -1055
core   0: 1 0x0000000080004526 (0xbe124693) x13 0xfffffffffffffbe1
core   0: 0x000000008000452a (0x003be7b3) or      a5, s7, gp
core   0: 1 0x000000008000452a (0x003be7b3) x15 0x00000000c67f975e
core   0: 0x000000008000452e (0x00d18cb3) add     s9, gp, a3
core   0: 1 0x000000008000452e (0x00d18cb3) x25 0xffffffffffffff3d
core   0: 0x0000000080004532 (0x41b78633) sub     a2, a5, s11
core   0: 1 0x0000000080004532 (0x41b78633) x12 0x80000000c67f975f
core   0: 0x0000000080004536 (0x40ad8db3) sub     s11, s11, a0
core   0: 1 0x0000000080004536 (0x40ad8db3) x27 0x7fffffffffffffff
core   0: 0x000000008000453a (0x000ee613) ori     a2, t4, 0
core   0: 1 0x000000008000453a (0x000ee613) x12 0xfffffffffffffb5d
core   0: 0x000000008000453e (0x01b65e33) srl     t3, a2, s11
core   0: 1 0x000000008000453e (0x01b65e33) x28 0x0000000000000001
core   0: 0x0000000080004542 (0x03ac1813) slli    a6, s8, 58
core   0: 1 0x0000000080004542 (0x03ac1813) x16 0x7800000000000000
core   0: 0x0000000080004546 (0x4101db33) sra     s6, gp, a6
core   0: 1 0x0000000080004546 (0x4101db33) x22 0x000000000000035c
core   0: 0x000000008000454a (0x2b5776cb) fnmsub.d fa3, fa4, fs5, ft5
core   0: 1 0x000000008000454a (0x2b5776cb) f13 0x7ff8000000000000
core   0: 0x000000008000454e (0x01bdc9b3) xor     s3, s11, s11
core   0: 1 0x000000008000454e (0x01bdc9b3) x19 0x0000000000000000
core   0: 0x0000000080004552 (0x03b35a13) srli    s4, t1, 59
core   0: 1 0x0000000080004552 (0x03b35a13) x20 0x0000000000000000
core   0: 0x0000000080004556 (0x5a09f653) fsqrt.d fa2, fs3
core   0: 1 0x0000000080004556 (0x5a09f653) f12 0x7ff8000000000000
core   0: 0x000000008000455a (0x01ded4bb) srlw    s1, t4, t4
core   0: 1 0x000000008000455a (0x01ded4bb) x9  0x0000000000000007
core   0: 0x000000008000455e (0x049b2d37) lui     s10, 0x49b2
core   0: 1 0x000000008000455e (0x049b2d37) x26 0x00000000049b2000
core   0: 0x0000000080004562 (0x4a7d0d1b) addiw   s10, s10, 1191
core   0: 1 0x0000000080004562 (0x4a7d0d1b) x26 0x00000000049b24a7
core   0: 0x0000000080004566 (0x00000d32) c.slli  s10, 12
core   0: 1 0x0000000080004566 (0x0d32) x26 0x00000049b24a7000
core   0: 0x0000000080004568 (0x82fd0d13) addi    s10, s10, -2001
core   0: 1 0x0000000080004568 (0x82fd0d13) x26 0x00000049b24a682f
core   0: 0x000000008000456c (0x620b71c7) fmsub.d ft3, fs6, ft0, fa2
core   0: 1 0x000000008000456c (0x620b71c7) f3  0x7ff8000000000000
core   0: 0x0000000080004570 (0x0a2570d3) fsub.d  ft1, fa0, ft2
core   0: 1 0x0000000080004570 (0x0a2570d3) f1  0x7ff8000000000000
core   0: 0x0000000080004574 (0xc028fad3) fcvt.l.s s5, fa7
core   0: 1 0x0000000080004574 (0xc028fad3) c1_fflags 0x000000000000001f x21 0x7fffffffffffffff
core   0: 0x0000000080004578 (0xfffa8193) addi    gp, s5, -1
core   0: 1 0x0000000080004578 (0xfffa8193) x3  0x7ffffffffffffffe
core   0: 0x000000008000457c (0x00191813) slli    a6, s2, 1
core   0: 1 0x000000008000457c (0x00191813) x16 0x0000000000000000
core   0: 0x0000000080004580 (0x02396033) rem     zero, s2, gp
core   0: 1 0x0000000080004580 (0x02396033)
core   0: 0x0000000080004584 (0x4030d0b3) sra     ra, ra, gp
core   0: 1 0x0000000080004584 (0x4030d0b3) x1  0x0000000000000000
core   0: 0x0000000080004588 (0xc2117a53) fcvt.wu.d s4, ft2
core   0: 1 0x0000000080004588 (0xc2117a53) c1_fflags 0x000000000000001f x20 0xffffffffffffffff
core   0: 0x000000008000458c (0x020459bb) divuw   s3, s0, zero
core   0: 1 0x000000008000458c (0x020459bb) x19 0xffffffffffffffff
core   0: 0x0000000080004590 (0x02fb94b7) lui     s1, 0x2fb9
core   0: 1 0x0000000080004590 (0x02fb94b7) x9  0x0000000002fb9000
core   0: 0x0000000080004594 (0x5af4849b) addiw   s1, s1, 1455
core   0: 1 0x0000000080004594 (0x5af4849b) x9  0x0000000002fb95af
core   0: 0x0000000080004598 (0x000004b6) c.slli  s1, 13
core   0: 1 0x0000000080004598 (0x04b6) x9  0x0000005f72b5e000
core   0: 0x000000008000459a (0xf3048493) addi    s1, s1, -208
core   0: 1 0x000000008000459a (0xf3048493) x9  0x0000005f72b5df30
core   0: 0x000000008000459e (0x013a163b) sllw    a2, s4, s3
core   0: 1 0x000000008000459e (0x013a163b) x12 0xffffffff80000000
core   0: 0x00000000800045a2 (0x40c38b3b) subw    s6, t2, a2
core   0: 1 0x00000000800045a2 (0x40c38b3b) x22 0x000000007fffffff
core   0: 0x00000000800045a6 (0x01f6511b) srliw   sp, a2, 31
core   0: 1 0x00000000800045a6 (0x01f6511b) x2  0x0000000000000001
core   0: 0x00000000800045aa (0x40127253) fcvt.s.d ft4, ft4
core   0: 1 0x00000000800045aa (0x40127253) f4  0xffffffff7fc00000
core   0: 0x00000000800045ae (0x012b8bbb) addw    s7, s7, s2
core   0: 1 0x00000000800045ae (0x012b8bbb) x23 0xffffffffc67f9506
core   0: 0x00000000800045b2 (0x00f2023b) addw    tp, tp, a5
core   0: 1 0x00000000800045b2 (0x00f2023b) x4  0xffffffffc67f975e
core   0: 0x00000000800045b6 (0x03ef7f53) fadd.d  ft10, ft10, ft10
core   0: 1 0x00000000800045b6 (0x03ef7f53) f30 0x0000000000000000
core   0: 0x00000000800045ba (0x001c9c9b) slliw   s9, s9, 1
core   0: 1 0x00000000800045ba (0x001c9c9b) x25 0xfffffffffffffe7a
core   0: 0x00000000800045be (0x028b94b3) mulh    s1, s7, s0
core   0: 1 0x00000000800045be (0x028b94b3) x9  0x0000000000000000
core   0: 0x00000000800045c2 (0x016cc633) xor     a2, s9, s6
core   0: 1 0x00000000800045c2 (0x016cc633) x12 0xffffffff80000185
core   0: 0x00000000800045c6 (0x02c76b3b) remw    s6, a4, a2
core   0: 1 0x00000000800045c6 (0x02c76b3b) x22 0x0000000000000002
core   0: 0x00000000800045ca (0x40978233) sub     tp, a5, s1
core   0: 1 0x00000000800045ca (0x40978233) x4  0x00000000c67f975e
core   0: 0x00000000800045ce (0x0273d3bb) divuw   t2, t2, t2
core   0: 1 0x00000000800045ce (0x0273d3bb) x7  0x0000000000000001
core   0: 0x00000000800045d2 (0x41330333) sub     t1, t1, s3
core   0: 1 0x00000000800045d2 (0x41330333) x6  0x00000000dafaa4bf
core   0: 0x00000000800045d6 (0x02f72933) mulhsu  s2, a4, a5
core   0: 1 0x00000000800045d6 (0x02f72933) x18 0x0000000000000000
core   0: 0x00000000800045da (0x032052bb) divuw   t0, zero, s2
core   0: 1 0x00000000800045da (0x032052bb) x5  0xffffffffffffffff
core   0: 0x00000000800045de (0x40065013) srai    zero, a2, 0
core   0: 1 0x00000000800045de (0x40065013)
core   0: 0x00000000800045e2 (0xd2190453) fcvt.d.wu fs0, s2
core   0: 1 0x00000000800045e2 (0xd2190453) f8  0x0000000000000000
core   0: 0x00000000800045e6 (0x00f5e4b3) or      s1, a1, a5
core   0: 1 0x00000000800045e6 (0x00f5e4b3) x9  0x00000000c67f975e
core   0: 0x00000000800045ea (0xd22cf5d3) fcvt.d.l fa1, s9
core   0: 1 0x00000000800045ea (0xd22cf5d3) f11 0xc078600000000000
core   0: 0x00000000800045ee (0x910d039b) addiw   t2, s10, -1776
core   0: 1 0x00000000800045ee (0x910d039b) x7  0xffffffffb24a613f
core   0: 0x00000000800045f2 (0x00b6f7b3) and     a5, a3, a1
core   0: 1 0x00000000800045f2 (0x00b6f7b3) x15 0x0000000000000000
core   0: 0x00000000800045f6 (0x01d3deb3) srl     t4, t2, t4
core   0: 1 0x00000000800045f6 (0x01d3deb3) x29 0x00000007fffffffd
core   0: 0x00000000800045fa (0x000e9d1b) slliw   s10, t4, 0
core   0: 1 0x00000000800045fa (0x000e9d1b) x26 0xfffffffffffffffd
core   0: 0x00000000800045fe (0x0015531b) srliw   t1, a0, 1
core   0: 1 0x00000000800045fe (0x0015531b) x6  0x0000000000000000
core   0: 0x0000000080004602 (0xc03b7c53) fcvt.lu.s s8, fs6
core   0: 1 0x0000000080004602 (0xc03b7c53) c1_fflags 0x000000000000001f x24 0xffffffffffffffff
core   0: 0x0000000080004606 (0x02636abb) remw    s5, t1, t1
core   0: 1 0x0000000080004606 (0x02636abb) x21 0x0000000000000000
core   0: 0x000000008000460a (0x00000001) c.nop
core   0: 1 0x000000008000460a (0x0001)
core   0: 0x000000008000460c (0xe3c47fc3) fmadd.d ft11, fs0, ft8, ft8
core   0: 1 0x000000008000460c (0xe3c47fc3) f31 0x7ff8000000000000
core   0: 0x0000000080004610 (0x42395913) srai    s2, s2, 35
core   0: 1 0x0000000080004610 (0x42395913) x18 0x0000000000000000
core   0: 0x0000000080004614 (0xc34c7443) fmadd.d fs0, fs8, fs4, fs8
core   0: 1 0x0000000080004614 (0xc34c7443) f8  0x7ff8000000000000
core   0: 0x0000000080004618 (0xd02b78d3) fcvt.s.l fa7, s6
core   0: 1 0x0000000080004618 (0xd02b78d3) f17 0xffffffff40000000
core   0: 0x000000008000461c (0x233e9053) fsgnjn.d ft0, ft9, fs3
core   0: 1 0x000000008000461c (0x233e9053) f0  0x7ff8000000000000
core   0: 0x0000000080004620 (0x411508bb) subw    a7, a0, a7
core   0: 1 0x0000000080004620 (0x411508bb) x17 0x0000000000000000
core   0: 0x0000000080004624 (0x220e86d3) fsgnj.d fa3, ft9, ft0
core   0: 1 0x0000000080004624 (0x220e86d3) f13 0x7ff8000000000000
core   0: 0x0000000080004628 (0x23021c53) fsgnjn.d fs8, ft4, fa6
core   0: 1 0x0000000080004628 (0x23021c53) f24 0x7fffffff7fc00000
core   0: 0x000000008000462c (0x401670d3) fcvt.s.d ft1, fa2
core   0: 1 0x000000008000462c (0x401670d3) f1  0xffffffff7fc00000
core   0: 0x0000000080004630 (0x002027f3) csrrs   a5, frm, zero
core   0: 1 0x0000000080004630 (0x002027f3) x15 0x0000000000000000
core   0: 0x0000000080004634 (0x14112173) csrrs   sp, sepc, sp
core   0: 1 0x0000000080004634 (0x14112173) x2  0x0000000000000000 c321_sepc 0x0000000000000000
core   0: 0x0000000080004638 (0x00c74a33) xor     s4, a4, a2
core   0: 1 0x0000000080004638 (0x00c74a33) x20 0xffffffff80000187
core   0: 0x000000008000463c (0x0a41f4d3) fsub.d  fs1, ft3, ft4
core   0: 1 0x000000008000463c (0x0a41f4d3) f9  0x7ff8000000000000
core   0: 0x0000000080004640 (0x013a22b3) slt     t0, s4, s3
core   0: 1 0x0000000080004640 (0x013a22b3) x5  0x0000000000000001
core   0: 0x0000000080004644 (0x025bf233) remu    tp, s7, t0
core   0: 1 0x0000000080004644 (0x025bf233) x4  0x0000000000000000
core   0: 0x0000000080004648 (0x00000001) c.nop
core   0: 1 0x0000000080004648 (0x0001)
core   0: 0x000000008000464a (0x401dfed3) fcvt.s.d ft9, fs11
core   0: 1 0x000000008000464a (0x401dfed3) f29 0xffffffff7fc00000
core   0: 0x000000008000464e (0x00129b73) csrrw   s6, fflags, t0
core   0: 1 0x000000008000464e (0x00129b73) x22 0x000000000000001f c1_fflags 0x0000000000000001
core   0: 0x0000000080004652 (0x01ab0433) add     s0, s6, s10
core   0: 1 0x0000000080004652 (0x01ab0433) x8  0x000000000000001c
core   0: 0x0000000080004656 (0x03b239b3) mulhu   s3, tp, s11
core   0: 1 0x0000000080004656 (0x03b239b3) x19 0x0000000000000000
core   0: 0x000000008000465a (0x01cc0e3b) addw    t3, s8, t3
core   0: 1 0x000000008000465a (0x01cc0e3b) x28 0x0000000000000000
core   0: 0x000000008000465e (0x027b5ab3) divu    s5, s6, t2
core   0: 1 0x000000008000465e (0x027b5ab3) x21 0x0000000000000000
core   0: 0x0000000080004662 (0x01739693) slli    a3, t2, 23
core   0: 1 0x0000000080004662 (0x01739693) x13 0xffd925309f800000
core   0: 0x0000000080004666 (0x00202373) csrrs   t1, frm, zero
core   0: 1 0x0000000080004666 (0x00202373) x6  0x0000000000000000
core   0: 0x000000008000466a (0x00161073) csrrw   zero, fflags, a2
core   0: 1 0x000000008000466a (0x00161073) c1_fflags 0x0000000000000005
core   0: 0x000000008000466e (0x00461ab3) sll     s5, a2, tp
core   0: 1 0x000000008000466e (0x00461ab3) x21 0xffffffff80000185
core   0: 0x0000000080004672 (0x40fd87bb) subw    a5, s11, a5
core   0: 1 0x0000000080004672 (0x40fd87bb) x15 0xffffffffffffffff
core   0: 0x0000000080004676 (0xc03f7ad3) fcvt.lu.s s5, ft10
core   0: 1 0x0000000080004676 (0xc03f7ad3) c1_fflags 0x0000000000000015 x21 0xffffffffffffffff
core   0: 0x000000008000467a (0x9a3b891b) addiw   s2, s7, -1629
core   0: 1 0x000000008000467a (0x9a3b891b) x18 0xffffffffc67f8ea9
core   0: 0x000000008000467e (0x001a949b) slliw   s1, s5, 1
core   0: 1 0x000000008000467e (0x001a949b) x9  0xfffffffffffffffe
core   0: 0x0000000080004682 (0xd2160653) fcvt.d.wu fa2, a2
core   0: 1 0x0000000080004682 (0xd2160653) f12 0x41e0000030a00000
core   0: 0x0000000080004686 (0x5af3ed13) ori     s10, t2, 1455
core   0: 1 0x0000000080004686 (0x5af3ed13) x26 0xffffffffb24a65bf
core   0: 0x000000008000468a (0xba6d8b93) addi    s7, s11, -1114
core   0: 1 0x000000008000468a (0xba6d8b93) x23 0x7ffffffffffffba5
core   0: 0x000000008000468e (0xd2018253) fcvt.d.w ft4, gp
core   0: 1 0x000000008000468e (0xd2018253) f4  0xc000000000000000
core   0: 0x0000000080004692 (0x016d9dbb) sllw    s11, s11, s6
core   0: 1 0x0000000080004692 (0x016d9dbb) x27 0xffffffff80000000
core   0: 0x0000000080004696 (0x01501ab3) sll     s5, zero, s5
core   0: 1 0x0000000080004696 (0x01501ab3) x21 0x0000000000000000
core   0: 0x000000008000469a (0xfe7f9a37) lui     s4, 0xfe7f9
core   0: 1 0x000000008000469a (0xfe7f9a37) x20 0xfffffffffe7f9000
core   0: 0x000000008000469e (0x861a0a1b) addiw   s4, s4, -1951
core   0: 1 0x000000008000469e (0x861a0a1b) x20 0xfffffffffe7f8861
core   0: 0x00000000800046a2 (0x00000a3a) c.slli  s4, 14
core   0: 1 0x00000000800046a2 (0x0a3a) x20 0xffffff9fe2184000
core   0: 0x00000000800046a4 (0x177a0a13) addi    s4, s4, 375
core   0: 1 0x00000000800046a4 (0x177a0a13) x20 0xffffff9fe2184177
core   0: 0x00000000800046a8 (0x00c35133) srl     sp, t1, a2
core   0: 1 0x00000000800046a8 (0x00c35133) x2  0x0000000000000000
core   0: 0x00000000800046ac (0x2b788753) fmin.d  fa4, fa7, fs7
core   0: 1 0x00000000800046ac (0x2b788753) f14 0x00000000000002d0
core   0: 0x00000000800046b0 (0x00119873) csrrw   a6, fflags, gp
core   0: 1 0x00000000800046b0 (0x00119873) x16 0x0000000000000015 c1_fflags 0x000000000000001e
core   0: 0x00000000800046b4 (0x001194f3) csrrw   s1, fflags, gp
core   0: 1 0x00000000800046b4 (0x001194f3) x9  0x000000000000001e c1_fflags 0x000000000000001e
core   0: 0x00000000800046b8 (0xd2148fd3) fcvt.d.wu ft11, s1
core   0: 1 0x00000000800046b8 (0xd2148fd3) f31 0x403e000000000000
core   0: 0x00000000800046bc (0x0291ee3b) remw    t3, gp, s1
core   0: 1 0x00000000800046bc (0x0291ee3b) x28 0xfffffffffffffffe
core   0: 0x00000000800046c0 (0x41c85a33) sra     s4, a6, t3
core   0: 1 0x00000000800046c0 (0x41c85a33) x20 0x0000000000000000
core   0: 0x00000000800046c4 (0x03c5a5b3) mulhsu  a1, a1, t3
core   0: 1 0x00000000800046c4 (0x03c5a5b3) x11 0x0000000000000000
core   0: 0x00000000800046c8 (0xac70829b) addiw   t0, ra, -1337
core   0: 1 0x00000000800046c8 (0xac70829b) x5  0xfffffffffffffac7
core   0: 0x00000000800046cc (0x0162a7b3) slt     a5, t0, s6
core   0: 1 0x00000000800046cc (0x0162a7b3) x15 0x0000000000000001
core   0: 0x00000000800046d0 (0xd232fd53) fcvt.d.lu fs10, t0
core   0: 1 0x00000000800046d0 (0xd232fd53) c1_fflags 0x000000000000001f f26 0x43efffffffffffff
core   0: 0x00000000800046d4 (0x00202773) csrrs   a4, frm, zero
core   0: 1 0x00000000800046d4 (0x00202773) x14 0x0000000000000000
core   0: 0x00000000800046d8 (0x227128d3) fsgnjx.d fa7, ft2, ft7
core   0: 1 0x00000000800046d8 (0x227128d3) f17 0x7ff8000000000000
core   0: 0x00000000800046dc (0x00f2a9b3) slt     s3, t0, a5
core   0: 1 0x00000000800046dc (0x00f2a9b3) x19 0x0000000000000001
core   0: 0x00000000800046e0 (0x00c604b3) add     s1, a2, a2
core   0: 1 0x00000000800046e0 (0x00c604b3) x9  0xffffffff0000030a
core   0: 0x00000000800046e4 (0xc025fd53) fcvt.l.s s10, fa1
core   0: 1 0x00000000800046e4 (0xc025fd53) c1_fflags 0x000000000000001f x26 0x7fffffffffffffff
core   0: 0x00000000800046e8 (0x0000932e) c.add   t1, a1
core   0: 1 0x00000000800046e8 (0x932e) x6  0x0000000000000000
core   0: 0x00000000800046ea (0x00000001) c.nop
core   0: 1 0x00000000800046ea (0x0001)
core   0: 0x00000000800046ec (0xf20b8853) fmv.d.x fa6, s7
core   0: 1 0x00000000800046ec (0xf20b8853) f16 0x7ffffffffffffba5
core   0: 0x00000000800046f0 (0x0069d9b3) srl     s3, s3, t1
core   0: 1 0x00000000800046f0 (0x0069d9b3) x19 0x0000000000000001
core   0: 0x00000000800046f4 (0x02c734b3) mulhu   s1, a4, a2
core   0: 1 0x00000000800046f4 (0x02c734b3) x9  0x0000000000000000
core   0: 0x00000000800046f8 (0x07775c37) lui     s8, 0x7775
core   0: 1 0x00000000800046f8 (0x07775c37) x24 0x0000000007775000
core   0: 0x00000000800046fc (0x775c0c1b) addiw   s8, s8, 1909
core   0: 1 0x00000000800046fc (0x775c0c1b) x24 0x0000000007775775
core   0: 0x0000000080004700 (0x00000c32) c.slli  s8, 12
core   0: 1 0x0000000080004700 (0x0c32) x24 0x0000007775775000
core   0: 0x0000000080004702 (0xb37c0c13) addi    s8, s8, -1225
core   0: 1 0x0000000080004702 (0xb37c0c13) x24 0x0000007775774b37
core   0: 0x0000000080004706 (0x800e891b) addiw   s2, t4, -2048
core   0: 1 0x0000000080004706 (0x800e891b) x18 0xfffffffffffff7fd
core   0: 0x000000008000470a (0x0389063b) mulw    a2, s2, s8
core   0: 1 0x000000008000470a (0x0389063b) x12 0xffffffffe540665b
core   0: 0x000000008000470e (0xc2157553) fcvt.wu.d a0, fa0
core   0: 1 0x000000008000470e (0xc2157553) c1_fflags 0x000000000000001f x10 0xffffffffffffffff
core   0: 0x0000000080004712 (0x405902bb) subw    t0, s2, t0
core   0: 1 0x0000000080004712 (0x405902bb) x5  0xfffffffffffffd36
core   0: 0x0000000080004716 (0xe20888d3) fmv.x.d a7, fa7
core   0: 1 0x0000000080004716 (0xe20888d3) x17 0x7ff8000000000000
core   0: 0x000000008000471a (0x404689bb) subw    s3, a3, tp
core   0: 1 0x000000008000471a (0x404689bb) x19 0xffffffff9f800000
core   0: 0x000000008000471e (0x01919d1b) slliw   s10, gp, 25
core   0: 1 0x000000008000471e (0x01919d1b) x26 0xfffffffffc000000
core   0: 0x0000000080004722 (0xd029fad3) fcvt.s.l fs5, s3
core   0: 1 0x0000000080004722 (0xd029fad3) f21 0xffffffffcec10000
core   0: 0x0000000080004726 (0x0057941b) slliw   s0, a5, 5
core   0: 1 0x0000000080004726 (0x0057941b) x8  0x0000000000000020
core   0: 0x000000008000472a (0x0ff0000f) fence   iorw,iorw
core   0: 1 0x000000008000472a (0x0ff0000f)
core   0: 0x000000008000472e (0xf63d6d93) ori     s11, s10, -157
core   0: 1 0x000000008000472e (0xf63d6d93) x27 0xffffffffffffff63
core   0: 0x0000000080004732 (0x00201073) csrrw   zero, frm, zero
core   0: 1 0x0000000080004732 (0x00201073) c2_frm 0x0000000000000000
core   0: 0x0000000080004736 (0x00000001) c.nop
core   0: 1 0x0000000080004736 (0x0001)
core   0: 0x0000000080004738 (0x009bd393) srli    t2, s7, 9
core   0: 1 0x0000000080004738 (0x009bd393) x7  0x003ffffffffffffd
core   0: 0x000000008000473c (0x40ddd6bb) sraw    a3, s11, a3
core   0: 1 0x000000008000473c (0x40ddd6bb) x13 0xffffffffffffff63
core   0: 0x0000000080004740 (0x40e35db3) sra     s11, t1, a4
core   0: 1 0x0000000080004740 (0x40e35db3) x27 0x0000000000000000
core   0: 0x0000000080004744 (0x0bc6029b) addiw   t0, a2, 188
core   0: 1 0x0000000080004744 (0x0bc6029b) x5  0xffffffffe5406717
core   0: 0x0000000080004748 (0xcb20879b) addiw   a5, ra, -846
core   0: 1 0x0000000080004748 (0xcb20879b) x15 0xfffffffffffffcb2
core   0: 0x000000008000474c (0x230327d3) fsgnjx.d fa5, ft6, fa6
core   0: 1 0x000000008000474c (0x230327d3) f15 0x3ff0000000000000
core   0: 0x0000000080004750 (0x0b087753) fsub.d  fa4, fa6, fa6
core   0: 1 0x0000000080004750 (0x0b087753) f14 0x7ff8000000000000
core   0: 0x0000000080004754 (0x0157d63b) srlw    a2, a5, s5
core   0: 1 0x0000000080004754 (0x0157d63b) x12 0xfffffffffffffcb2
core   0: 0x0000000080004758 (0xc218f853) fcvt.wu.d a6, fa7
core   0: 1 0x0000000080004758 (0xc218f853) c1_fflags 0x000000000000001f x16 0xffffffffffffffff
core   0: 0x000000008000475c (0x015a513b) srlw    sp, s4, s5
core   0: 1 0x000000008000475c (0x015a513b) x2  0x0000000000000000
core   0: 0x0000000080004760 (0x01b77733) and     a4, a4, s11
core   0: 1 0x0000000080004760 (0x01b77733) x14 0x0000000000000000
core   0: 0x0000000080004764 (0x00289273) csrrw   tp, frm, a7
core   0: 1 0x0000000080004764 (0x00289273) x4  0x0000000000000000 c2_frm 0x0000000000000000
core   0: 0x0000000080004768 (0x4091591b) sraiw   s2, sp, 9
core   0: 1 0x0000000080004768 (0x4091591b) x18 0x0000000000000000
core   0: 0x000000008000476c (0x00120813) addi    a6, tp, 1
core   0: 1 0x000000008000476c (0x00120813) x16 0x0000000000000001
core   0: 0x0000000080004770 (0x00f51eb3) sll     t4, a0, a5
core   0: 1 0x0000000080004770 (0x00f51eb3) x29 0xfffc000000000000
core   0: 0x0000000080004774 (0x00081d93) slli    s11, a6, 0
core   0: 1 0x0000000080004774 (0x00081d93) x27 0x0000000000000001
core   0: 0x0000000080004778 (0x01be9bbb) sllw    s7, t4, s11
core   0: 1 0x0000000080004778 (0x01be9bbb) x23 0x0000000000000000
core   0: 0x000000008000477c (0x00abee33) or      t3, s7, a0
core   0: 1 0x000000008000477c (0x00abee33) x28 0xffffffffffffffff
core   0: 0x0000000080004780 (0x9f338213) addi    tp, t2, -1549
core   0: 1 0x0000000080004780 (0x9f338213) x4  0x003ffffffffff9f0
core   0: 0x0000000080004784 (0x03b30333) mul     t1, t1, s11
core   0: 1 0x0000000080004784 (0x03b30333) x6  0x0000000000000000
core   0: 0x0000000080004788 (0x0004cc93) xori    s9, s1, 0
core   0: 1 0x0000000080004788 (0x0004cc93) x25 0x0000000000000000
core   0: 0x000000008000478c (0x01a6563b) srlw    a2, a2, s10
core   0: 1 0x000000008000478c (0x01a6563b) x12 0xfffffffffffffcb2
core   0: 0x0000000080004790 (0x02c301bb) mulw    gp, t1, a2
core   0: 1 0x0000000080004790 (0x02c301bb) x3  0x0000000000000000
core   0: 0x0000000080004794 (0x5a0cf953) fsqrt.d fs2, fs9
core   0: 1 0x0000000080004794 (0x5a0cf953) c1_fflags 0x000000000000001f f18 0x1f4f319e7ba76fa0
core   0: 0x0000000080004798 (0x415482b3) sub     t0, s1, s5
core   0: 1 0x0000000080004798 (0x415482b3) x5  0x0000000000000000
core   0: 0x000000008000479c (0x00021c9b) slliw   s9, tp, 0
core   0: 1 0x000000008000479c (0x00021c9b) x25 0xfffffffffffff9f0
core   0: 0x00000000800047a0 (0x2ae68dd3) fmin.d  fs11, fa3, fa4
core   0: 1 0x00000000800047a0 (0x2ae68dd3) f27 0x7ff8000000000000
core   0: 0x00000000800047a4 (0x032961bb) remw    gp, s2, s2
core   0: 1 0x00000000800047a4 (0x032961bb) x3  0x0000000000000000
core   0: 0x00000000800047a8 (0x77550393) addi    t2, a0, 1909
core   0: 1 0x00000000800047a8 (0x77550393) x7  0x0000000000000774
core   0: 0x00000000800047ac (0x0000e613) ori     a2, ra, 0
core   0: 1 0x00000000800047ac (0x0000e613) x12 0x0000000000000000
core   0: 0x00000000800047b0 (0xc22179d3) fcvt.l.d s3, ft2
core   0: 1 0x00000000800047b0 (0xc22179d3) c1_fflags 0x000000000000001f x19 0x7fffffffffffffff
core   0: 0x00000000800047b4 (0x1045e473) csrrsi  s0, sie, 11
core   0: 1 0x00000000800047b4 (0x1045e473) x8  0x0000000000000000 c772_mie 0x0000000000000a00
core   0: 0x00000000800047b8 (0x13577243) fmadd.d ft4, fa4, fs5, ft2
core   0: 1 0x00000000800047b8 (0x13577243) f4  0x7ff8000000000000
core   0: 0x00000000800047bc (0x4189d39b) sraiw   t2, s3, 24
core   0: 1 0x00000000800047bc (0x4189d39b) x7  0xffffffffffffffff
core   0: 0x00000000800047c0 (0x0085eab3) or      s5, a1, s0
core   0: 1 0x00000000800047c0 (0x0085eab3) x21 0x0000000000000000
core   0: 0x00000000800047c4 (0xe20b8653) fmv.x.d a2, fs7
core   0: 1 0x00000000800047c4 (0xe20b8653) x12 0x00000000000002d0
core   0: 0x00000000800047c8 (0x0179d033) srl     zero, s3, s7
core   0: 1 0x00000000800047c8 (0x0179d033)
core   0: 0x00000000800047cc (0x00791933) sll     s2, s2, t2
core   0: 1 0x00000000800047cc (0x00791933) x18 0x0000000000000000
core   0: 0x00000000800047d0 (0x003651b3) srl     gp, a2, gp
core   0: 1 0x00000000800047d0 (0x003651b3) x3  0x00000000000002d0
core   0: 0x00000000800047d4 (0x00000001) c.nop
core   0: 1 0x00000000800047d4 (0x0001)
core   0: 0x00000000800047d6 (0xb1924493) xori    s1, tp, -1255
core   0: 1 0x00000000800047d6 (0xb1924493) x9  0xffc00000000002e9
core   0: 0x00000000800047da (0x0314c8b3) div     a7, s1, a7
core   0: 1 0x00000000800047da (0x0314c8b3) x17 0x0000000000000000
core   0: 0x00000000800047de (0x00102073) csrrs   zero, fflags, zero
core   0: 1 0x00000000800047de (0x00102073)
core   0: 0x00000000800047e2 (0x22c04a93) xori    s5, zero, 556
core   0: 1 0x00000000800047e2 (0x22c04a93) x21 0x000000000000022c
core   0: 0x00000000800047e6 (0x000add93) srli    s11, s5, 0
core   0: 1 0x00000000800047e6 (0x000add93) x27 0x000000000000022c
core   0: 0x00000000800047ea (0x001023f3) csrrs   t2, fflags, zero
core   0: 1 0x00000000800047ea (0x001023f3) x7  0x000000000000001f
core   0: 0x00000000800047ee (0x01860133) add     sp, a2, s8
core   0: 1 0x00000000800047ee (0x01860133) x2  0x0000007775774e07
core   0: 0x00000000800047f2 (0x01c141b3) xor     gp, sp, t3
core   0: 1 0x00000000800047f2 (0x01c141b3) x3  0xffffff888a88b1f8
core   0: 0x00000000800047f6 (0x00000001) c.nop
core   0: 1 0x00000000800047f6 (0x0001)
core   0: 0x00000000800047f8 (0x026339b3) mulhu   s3, t1, t1
core   0: 1 0x00000000800047f8 (0x026339b3) x19 0x0000000000000000
core   0: 0x00000000800047fc (0xf1347573) csrrci  a0, mimpid, 8
core   0: exception trap_illegal_instruction, epc 0x00000000800047fc
core   0:           tval 0x00000000f1347573
core   0: >>>>  $xrv64i2p1_m2p0_a2p1_f2p2_d2p2_zicsr2p0_zifencei2p0_zmmul1p0_zba1p0_zbb1p0_zbc1p0_zbs1p0
core   0: 0x0000000080004000 (0x0080006f) j       pc + 0x8
core   0: 3 0x0000000080004000 (0x0080006f)
core   0: >>>>  mmode_exception_handler
core   0: 0x0000000080004008 (0x00002c17) auipc   s8, 0x2
core   0: 3 0x0000000080004008 (0x00002c17) x24 0x0000000080006008
core   0: 0x000000008000400c (0x056c0c13) addi    s8, s8, 86
core   0: 3 0x000000008000400c (0x056c0c13) x24 0x000000008000605e
core   0: 0x0000000080004010 (0x000c00e7) jalr    s8
core   0: 3 0x0000000080004010 (0x000c00e7) x1  0x0000000080004014
core   0: >>>>  any_handler
core   0: 0x000000008000605e (0x341027f3) csrrs   a5, mepc, zero
core   0: 3 0x000000008000605e (0x341027f3) x15 0x00000000800047fc
core   0: 0x0000000080006062 (0x34202773) csrrs   a4, mcause, zero
core   0: 3 0x0000000080006062 (0x34202773) x14 0x0000000000000002
core   0: 0x0000000080006066 (0x142026f3) csrrs   a3, scause, zero
core   0: 3 0x0000000080006066 (0x142026f3) x13 0x0000000000000000
core   0: 0x000000008000606a (0x30402673) csrrs   a2, mie, zero
core   0: 3 0x000000008000606a (0x30402673) x12 0x0000000000000a00
core   0: 0x000000008000606e (0x344025f3) csrrs   a1, mip, zero
core   0: 3 0x000000008000606e (0x344025f3) x11 0x0000000000000080
core   0: 0x0000000080006072 (0x343025f3) csrrs   a1, mtval, zero
core   0: 3 0x0000000080006072 (0x343025f3) x11 0x00000000f1347573
core   0: 0x0000000080006076 (0x14302573) csrrs   a0, stval, zero
core   0: 3 0x0000000080006076 (0x14302573) x10 0x0000000000000000
core   0: 0x000000008000607a (0xb02024f3) csrrs   s1, minstret, zero
core   0: 3 0x000000008000607a (0xb02024f3) x9  0x0000000000000a06
core   0: 0x000000008000607e (0x0000a811) c.j     pc + 20
core   0: 3 0x000000008000607e (0xa811)
core   0: >>>>  mepc_4
core   0: 0x0000000080006092 (0x00000791) c.addi  a5, 4
core   0: 3 0x0000000080006092 (0x0791) x15 0x0000000080004800
core   0: 0x0000000080006094 (0x34179073) csrrw   zero, mepc, a5
core   0: 3 0x0000000080006094 (0x34179073) c833_mepc 0x0000000080004800
core   0: 0x0000000080006098 (0x30200073) mret
core   0: 3 0x0000000080006098 (0x30200073) c768_mstatus 0x8000000a00106080
core   0: 0x0000000080004800 (0xc0327153) fcvt.lu.s sp, ft4
core   0: 1 0x0000000080004800 (0xc0327153) c1_fflags 0x000000000000001f x2  0xffffffffffffffff
core   0: 0x0000000080004804 (0xbbb3f443) fmadd.d fs0, ft7, fs11, fs7
core   0: 1 0x0000000080004804 (0xbbb3f443) f8  0x7ff8000000000000
core   0: 0x0000000080004808 (0x41fada9b) sraiw   s5, s5, 31
core   0: 1 0x0000000080004808 (0x41fada9b) x21 0x0000000000000000
core   0: 0x000000008000480c (0x402b0d3b) subw    s10, s6, sp
core   0: 1 0x000000008000480c (0x402b0d3b) x26 0x0000000000000020
core   0: 0x0000000080004810 (0x40177753) fcvt.s.d fa4, fa4
core   0: 1 0x0000000080004810 (0x40177753) f14 0xffffffff7fc00000
core   0: 0x0000000080004814 (0x22e20bd3) fsgnj.d fs7, ft4, fa4
core   0: 1 0x0000000080004814 (0x22e20bd3) f23 0xfff8000000000000
core   0: 0x0000000080004818 (0xeb6a79c3) fmadd.d fs3, fs4, fs6, ft9
core   0: 1 0x0000000080004818 (0xeb6a79c3) f19 0x7ff8000000000000
core   0: 0x000000008000481c (0xb094c093) xori    ra, s1, -1271
core   0: 1 0x000000008000481c (0xb094c093) x1  0xfffffffffffff10f
core   0: 0x0000000080004820 (0x0046c6b3) xor     a3, a3, tp
core   0: 1 0x0000000080004820 (0x0046c6b3) x13 0x003ffffffffff9f0
core   0: 0x0000000080004824 (0x41d9579b) sraiw   a5, s2, 29
core   0: 1 0x0000000080004824 (0x41d9579b) x15 0x0000000000000000
core   0: 0x0000000080004828 (0x0347d713) srli    a4, a5, 52
core   0: 1 0x0000000080004828 (0x0347d713) x14 0x0000000000000000
core   0: 0x000000008000482c (0x00d4e333) or      t1, s1, a3
core   0: 1 0x000000008000482c (0x00d4e333) x6  0x003ffffffffffbf6
core   0: 0x0000000080004830 (0x02e696b3) mulh    a3, a3, a4
core   0: 1 0x0000000080004830 (0x02e696b3) x13 0x0000000000000000
core   0: 0x0000000080004834 (0x00009cb5) c.addw  s1, a3
core   0: 1 0x0000000080004834 (0x9cb5) x9  0x0000000000000a06
core   0: 0x0000000080004836 (0x42028dd3) fcvt.d.s fs11, ft5
core   0: 1 0x0000000080004836 (0x42028dd3) f27 0x7ff8000000000000
core   0: 0x000000008000483a (0x00009e11) c.subw  a2, a2
core   0: 1 0x000000008000483a (0x9e11) x12 0x0000000000000000
core   0: 0x000000008000483c (0x40cb0bb3) sub     s7, s6, a2
core   0: 1 0x000000008000483c (0x40cb0bb3) x23 0x000000000000001f
core   0: 0x0000000080004840 (0x0000d693) srli    a3, ra, 0
core   0: 1 0x0000000080004840 (0x0000d693) x13 0xfffffffffffff10f
core   0: 0x0000000080004844 (0x737f74cf) fnmadd.d fs1, ft10, fs7, fa4
core   0: 1 0x0000000080004844 (0x737f74cf) f9  0x7ff8000000000000
core   0: 0x0000000080004848 (0x03fe5313) srli    t1, t3, 63
core   0: 1 0x0000000080004848 (0x03fe5313) x6  0x0000000000000001
core   0: 0x000000008000484c (0x035b4937) lui     s2, 0x35b4
core   0: 1 0x000000008000484c (0x035b4937) x18 0x00000000035b4000
core   0: 0x0000000080004850 (0xe939091b) addiw   s2, s2, -365
core   0: 1 0x0000000080004850 (0xe939091b) x18 0x00000000035b3e93
core   0: 0x0000000080004854 (0x00000936) c.slli  s2, 13
core   0: 1 0x0000000080004854 (0x0936) x18 0x0000006b67d26000
core   0: 0x0000000080004856 (0x68e90913) addi    s2, s2, 1678
core   0: 1 0x0000000080004856 (0x68e90913) x18 0x0000006b67d2668e
core   0: 0x000000008000485a (0x3bcee413) ori     s0, t4, 956
core   0: 1 0x000000008000485a (0x3bcee413) x8  0xfffc0000000003bc
core   0: 0x000000008000485e (0x01c9581b) srliw   a6, s2, 28
core   0: 1 0x000000008000485e (0x01c9581b) x16 0x0000000000000006
core   0: 0x0000000080004862 (0x0ff0000f) fence   iorw,iorw
core   0: 1 0x0000000080004862 (0x0ff0000f)
core   0: 0x0000000080004866 (0x02db86bb) mulw    a3, s7, a3
core   0: 1 0x0000000080004866 (0x02db86bb) x13 0xfffffffffffe30d1
core   0: 0x000000008000486a (0x010810b3) sll     ra, a6, a6
core   0: 1 0x000000008000486a (0x010810b3) x1  0x0000000000000180
core   0: 0x000000008000486e (0x02967453) fadd.d  fs0, fa2, fs1
core   0: 1 0x000000008000486e (0x02967453) f8  0x7ff8000000000000
core   0: 0x0000000080004872 (0x2ac080d3) fmin.d  ft1, ft1, fa2
core   0: 1 0x0000000080004872 (0x2ac080d3) f1  0x41e0000030a00000
core   0: 0x0000000080004876 (0x01f6d91b) srliw   s2, a3, 31
core   0: 1 0x0000000080004876 (0x01f6d91b) x18 0x0000000000000001
core   0: 0x000000008000487a (0x5a05f5d3) fsqrt.d fa1, fa1
core   0: 1 0x000000008000487a (0x5a05f5d3) c1_fflags 0x000000000000001f f11 0x7ff8000000000000
core   0: 0x000000008000487e (0x72657747) fmsub.d fa4, fa0, ft6, fa4
core   0: 1 0x000000008000487e (0x72657747) f14 0x7ff8000000000000
core   0: 0x0000000080004882 (0x00000001) c.nop
core   0: 1 0x0000000080004882 (0x0001)
core   0: 0x0000000080004884 (0xd2048dd3) fcvt.d.w fs11, s1
core   0: 1 0x0000000080004884 (0xd2048dd3) f27 0x40a40c0000000000
core   0: 0x0000000080004888 (0xfbdc8137) lui     sp, 0xfbdc8
core   0: 1 0x0000000080004888 (0xfbdc8137) x2  0xfffffffffbdc8000
core   0: 0x000000008000488c (0xbcf1011b) addiw   sp, sp, -1073
core   0: 1 0x000000008000488c (0xbcf1011b) x2  0xfffffffffbdc7bcf
core   0: 0x0000000080004890 (0x00000132) c.slli  sp, 12
core   0: 1 0x0000000080004890 (0x0132) x2  0xffffffbdc7bcf000
core   0: 0x0000000080004892 (0x8e210113) addi    sp, sp, -1822
core   0: 1 0x0000000080004892 (0x8e210113) x2  0xffffffbdc7bce8e2
core   0: 0x0000000080004896 (0xc03bf253) fcvt.lu.s tp, fs7
core   0: 1 0x0000000080004896 (0xc03bf253) c1_fflags 0x000000000000001f x4  0xffffffffffffffff
core   0: 0x000000008000489a (0x029e6e3b) remw    t3, t3, s1
core   0: 1 0x000000008000489a (0x029e6e3b) x28 0xffffffffffffffff
core   0: 0x000000008000489e (0xc03ef953) fcvt.lu.s s2, ft9
core   0: 1 0x000000008000489e (0xc03ef953) c1_fflags 0x000000000000001f x18 0xffffffffffffffff
core   0: 0x00000000800048a2 (0x23c484d3) fsgnj.d fs1, fs1, ft8
core   0: 1 0x00000000800048a2 (0x23c484d3) f9  0x7ff8000000000000
core   0: 0x00000000800048a6 (0x01c79493) slli    s1, a5, 28
core   0: 1 0x00000000800048a6 (0x01c79493) x9  0x0000000000000000
core   0: 0x00000000800048aa (0xd23277d3) fcvt.d.lu fa5, tp
core   0: 1 0x00000000800048aa (0xd23277d3) c1_fflags 0x000000000000001f f15 0x43f0000000000000
core   0: 0x00000000800048ae (0x00202173) csrrs   sp, frm, zero
core   0: 1 0x00000000800048ae (0x00202173) x2  0x0000000000000000
core   0: 0x00000000800048b2 (0x0395f7bb) remuw   a5, a1, s9
core   0: 1 0x00000000800048b2 (0x0395f7bb) x15 0xfffffffff1347573
core   0: 0x00000000800048b6 (0x01da14bb) sllw    s1, s4, t4
core   0: 1 0x00000000800048b6 (0x01da14bb) x9  0x0000000000000000
core   0: 0x00000000800048ba (0x22fa1d53) fsgnjn.d fs10, fs4, fa5
core   0: 1 0x00000000800048ba (0x22fa1d53) f26 0xfff8000000000000
core   0: 0x00000000800048be (0xfffe069b) addiw   a3, t3, -1
core   0: 1 0x00000000800048be (0xfffe069b) x13 0xfffffffffffffffe
core   0: 0x00000000800048c2 (0xe6faf593) andi    a1, s5, -401
core   0: 1 0x00000000800048c2 (0xe6faf593) x11 0x0000000000000000
core   0: 0x00000000800048c6 (0x02d75733) divu    a4, a4, a3
core   0: 1 0x00000000800048c6 (0x02d75733) x14 0x0000000000000000
core   0: 0x00000000800048ca (0xc03af0d3) fcvt.lu.s ra, fs5
core   0: 1 0x00000000800048ca (0xc03af0d3) c1_fflags 0x000000000000001f x1  0x0000000000000000
core   0: 0x00000000800048ce (0xd22574d3) fcvt.d.l fs1, a0
core   0: 1 0x00000000800048ce (0xd22574d3) f9  0x0000000000000000
core   0: 0x00000000800048d2 (0xc21af6d3) fcvt.wu.d a3, fs5
core   0: 1 0x00000000800048d2 (0xc21af6d3) c1_fflags 0x000000000000001f x13 0xffffffffffffffff
core   0: 0x00000000800048d6 (0x40f7581b) sraiw   a6, a4, 15
core   0: 1 0x00000000800048d6 (0x40f7581b) x16 0x0000000000000000
core   0: 0x00000000800048da (0x1a9f7353) fdiv.d  ft6, ft10, fs1
core   0: 1 0x00000000800048da (0x1a9f7353) c1_fflags 0x000000000000001f f6  0x7ff8000000000000
core   0: 0x00000000800048de (0xc03375d3) fcvt.lu.s a1, ft6
core   0: 1 0x00000000800048de (0xc03375d3) c1_fflags 0x000000000000001f x11 0xffffffffffffffff
core   0: 0x00000000800048e2 (0x03f65713) srli    a4, a2, 63
core   0: 1 0x00000000800048e2 (0x03f65713) x14 0x0000000000000000
core   0: 0x00000000800048e6 (0xbd49a6b7) lui     a3, 0xbd49a
core   0: 1 0x00000000800048e6 (0xbd49a6b7) x13 0xffffffffbd49a000
core   0: 0x00000000800048ea (0x344595f3) csrrw   a1, mip, a1
core   0: exception trap_illegal_instruction, epc 0x00000000800048ea
core   0:           tval 0x00000000344595f3
core   0: >>>>  $xrv64i2p1_m2p0_a2p1_f2p2_d2p2_zicsr2p0_zifencei2p0_zmmul1p0_zba1p0_zbb1p0_zbc1p0_zbs1p0
core   0: 0x0000000080004000 (0x0080006f) j       pc + 0x8
core   0: 3 0x0000000080004000 (0x0080006f)
core   0: >>>>  mmode_exception_handler
core   0: 0x0000000080004008 (0x00002c17) auipc   s8, 0x2
core   0: 3 0x0000000080004008 (0x00002c17) x24 0x0000000080006008
core   0: 0x000000008000400c (0x056c0c13) addi    s8, s8, 86
core   0: 3 0x000000008000400c (0x056c0c13) x24 0x000000008000605e
core   0: 0x0000000080004010 (0x000c00e7) jalr    s8
core   0: 3 0x0000000080004010 (0x000c00e7) x1  0x0000000080004014
core   0: >>>>  any_handler
core   0: 0x000000008000605e (0x341027f3) csrrs   a5, mepc, zero
core   0: 3 0x000000008000605e (0x341027f3) x15 0x00000000800048ea
core   0: 0x0000000080006062 (0x34202773) csrrs   a4, mcause, zero
core   0: 3 0x0000000080006062 (0x34202773) x14 0x0000000000000002
core   0: 0x0000000080006066 (0x142026f3) csrrs   a3, scause, zero
core   0: 3 0x0000000080006066 (0x142026f3) x13 0x0000000000000000
core   0: 0x000000008000606a (0x30402673) csrrs   a2, mie, zero
core   0: 3 0x000000008000606a (0x30402673) x12 0x0000000000000a00
core   0: 0x000000008000606e (0x344025f3) csrrs   a1, mip, zero
core   0: 3 0x000000008000606e (0x344025f3) x11 0x0000000000000080
core   0: 0x0000000080006072 (0x343025f3) csrrs   a1, mtval, zero
core   0: 3 0x0000000080006072 (0x343025f3) x11 0x00000000344595f3
core   0: 0x0000000080006076 (0x14302573) csrrs   a0, stval, zero
core   0: 3 0x0000000080006076 (0x14302573) x10 0x0000000000000000
core   0: 0x000000008000607a (0xb02024f3) csrrs   s1, minstret, zero
core   0: 3 0x000000008000607a (0xb02024f3) x9  0x0000000000000a53
core   0: 0x000000008000607e (0x0000a811) c.j     pc + 20
core   0: 3 0x000000008000607e (0xa811)
core   0: >>>>  mepc_4
core   0: 0x0000000080006092 (0x00000791) c.addi  a5, 4
core   0: 3 0x0000000080006092 (0x0791) x15 0x00000000800048ee
core   0: 0x0000000080006094 (0x34179073) csrrw   zero, mepc, a5
core   0: 3 0x0000000080006094 (0x34179073) c833_mepc 0x00000000800048ee
core   0: 0x0000000080006098 (0x30200073) mret
core   0: 3 0x0000000080006098 (0x30200073) c768_mstatus 0x8000000a00106080
core   0: 0x00000000800048ee (0x00169613) slli    a2, a3, 1
core   0: 1 0x00000000800048ee (0x00169613) x12 0x0000000000000000
core   0: 0x00000000800048f2 (0x00119473) csrrw   s0, fflags, gp
core   0: 1 0x00000000800048f2 (0x00119473) x8  0x000000000000001f c1_fflags 0x0000000000000018
core   0: 0x00000000800048f6 (0x337f7cc3) fmadd.d fs9, ft10, fs7, ft6
core   0: 1 0x00000000800048f6 (0x337f7cc3) f25 0x7ff8000000000000
core   0: 0x00000000800048fa (0xc8c77797) auipc   a5, 0xc8c77
core   0: 1 0x00000000800048fa (0xc8c77797) x15 0x0000000048c7b8fa
core   0: 0x00000000800048fe (0x016662b3) or      t0, a2, s6
core   0: 1 0x00000000800048fe (0x016662b3) x5  0x000000000000001f
core   0: 0x0000000080004902 (0xe20301d3) fmv.x.d gp, ft6
core   0: 1 0x0000000080004902 (0xe20301d3) x3  0x7ff8000000000000
core   0: 0x0000000080004906 (0x031c78b3) remu    a7, s8, a7
core   0: 1 0x0000000080004906 (0x031c78b3) x17 0x000000008000605e
core   0: 0x000000008000490a (0x009189bb) addw    s3, gp, s1
core   0: 1 0x000000008000490a (0x009189bb) x19 0x0000000000000a53
core   0: 0x000000008000490e (0x0017d7bb) srlw    a5, a5, ra
core   0: 1 0x000000008000490e (0x0017d7bb) x15 0x000000000000048c
core   0: 0x0000000080004912 (0x011986b3) add     a3, s3, a7
core   0: 1 0x0000000080004912 (0x011986b3) x13 0x0000000080006ab1
core   0: 0x0000000080004916 (0x00202573) csrrs   a0, frm, zero
core   0: 1 0x0000000080004916 (0x00202573) x10 0x0000000000000000
core   0: 0x000000008000491a (0xb391f9c7) fmsub.d fs3, ft3, fs9, fs6
core   0: 1 0x000000008000491a (0xb391f9c7) f19 0x7ff8000000000000
core   0: 0x000000008000491e (0x01da193b) sllw    s2, s4, t4
core   0: 1 0x000000008000491e (0x01da193b) x18 0x0000000000000000
core   0: 0x0000000080004922 (0x4135573b) sraw    a4, a0, s3
core   0: 1 0x0000000080004922 (0x4135573b) x14 0x0000000000000000
core   0: 0x0000000080004926 (0x01a7c6b3) xor     a3, a5, s10
core   0: 1 0x0000000080004926 (0x01a7c6b3) x13 0x00000000000004ac
core   0: 0x000000008000492a (0x14057bf3) csrrci  s7, sscratch, 10
core   0: 1 0x000000008000492a (0x14057bf3) x23 0x0000000000000000 c320_sscratch 0x0000000000000000
core   0: 0x000000008000492e (0xc233f3d3) fcvt.lu.d t2, ft7
core   0: 1 0x000000008000492e (0xc233f3d3) x7  0x0000000000000000
core   0: 0x0000000080004932 (0x0253d2bb) divuw   t0, t2, t0
core   0: 1 0x0000000080004932 (0x0253d2bb) x5  0x0000000000000000
core   0: 0x0000000080004936 (0x1bef73d3) fdiv.d  ft7, ft10, ft10
core   0: 1 0x0000000080004936 (0x1bef73d3) c1_fflags 0x0000000000000018 f7  0x7ff8000000000000
core   0: 0x000000008000493a (0x0092a4b3) slt     s1, t0, s1
core   0: 1 0x000000008000493a (0x0092a4b3) x9  0x0000000000000001
core   0: 0x000000008000493e (0x00000001) c.nop
core   0: 1 0x000000008000493e (0x0001)
core   0: 0x0000000080004940 (0x024ee23b) remw    tp, t4, tp
core   0: 1 0x0000000080004940 (0x024ee23b) x4  0x0000000000000000
core   0: 0x0000000080004944 (0x03d48ab3) mul     s5, s1, t4
core   0: 1 0x0000000080004944 (0x03d48ab3) x21 0xfffc000000000000
core   0: 0x0000000080004948 (0xc03f79d3) fcvt.lu.s s3, ft10
core   0: 1 0x0000000080004948 (0xc03f79d3) c1_fflags 0x0000000000000018 x19 0xffffffffffffffff
core   0: 0x000000008000494c (0x03a5bd33) mulhu   s10, a1, s10
core   0: 1 0x000000008000494c (0x03a5bd33) x26 0x0000000000000000
core   0: 0x0000000080004950 (0x415a5c9b) sraiw   s9, s4, 21
core   0: 1 0x0000000080004950 (0x415a5c9b) x25 0x0000000000000000
core   0: 0x0000000080004954 (0x00002d81) c.addiw s11, 0
core   0: 1 0x0000000080004954 (0x2d81) x27 0x000000000000022c
core   0: 0x0000000080004956 (0x001e9973) csrrw   s2, fflags, t4
core   0: 1 0x0000000080004956 (0x001e9973) x18 0x0000000000000018 c1_fflags 0x0000000000000000
core   0: 0x000000008000495a (0x0004d21b) srliw   tp, s1, 0
core   0: 1 0x000000008000495a (0x0004d21b) x4  0x0000000000000001
core   0: 0x000000008000495e (0x3e720d93) addi    s11, tp, 999
core   0: 1 0x000000008000495e (0x3e720d93) x27 0x00000000000003e8
core   0: 0x0000000080004962 (0x4141d5bb) sraw    a1, gp, s4
core   0: 1 0x0000000080004962 (0x4141d5bb) x11 0x0000000000000000
core   0: 0x0000000080004966 (0x623efdc3) fmadd.d fs11, ft9, ft3, fa2
core   0: 1 0x0000000080004966 (0x623efdc3) f27 0x7ff8000000000000
core   0: 0x000000008000496a (0xabbdf947) fmsub.d fs2, fs11, fs11, fs5
core   0: 1 0x000000008000496a (0xabbdf947) f18 0x7ff8000000000000
core   0: 0x000000008000496e (0x2b251753) fmax.d  fa4, fa0, fs2
core   0: 1 0x000000008000496e (0x2b251753) f14 0x7ff8000000000000
core   0: 0x0000000080004972 (0x03bb62b3) rem     t0, s6, s11
core   0: 1 0x0000000080004972 (0x03bb62b3) x5  0x000000000000001f
core   0: 0x0000000080004976 (0xd2170e53) fcvt.d.wu ft8, a4
core   0: 1 0x0000000080004976 (0xd2170e53) f28 0x0000000000000000
core   0: 0x000000008000497a (0x03de7eb3) remu    t4, t3, t4
core   0: 1 0x000000008000497a (0x03de7eb3) x29 0x0003ffffffffffff
core   0: 0x000000008000497e (0x40bed13b) sraw    sp, t4, a1
core   0: 1 0x000000008000497e (0x40bed13b) x2  0xffffffffffffffff
core   0: 0x0000000080004982 (0xab0979cf) fnmadd.d fs3, fs2, fa6, fs5
core   0: 1 0x0000000080004982 (0xab0979cf) f19 0x7ff8000000000000
core   0: 0x0000000080004986 (0x00e21cbb) sllw    s9, tp, a4
core   0: 1 0x0000000080004986 (0x00e21cbb) x25 0x0000000000000001
core   0: 0x000000008000498a (0x002697f3) csrrw   a5, frm, a3
core   0: 1 0x000000008000498a (0x002697f3) x15 0x0000000000000000 c2_frm 0x0000000000000004
core   0: 0x000000008000498e (0xc21e7253) fcvt.wu.d tp, ft8
core   0: 1 0x000000008000498e (0xc21e7253) x4  0x0000000000000000
core   0: 0x0000000080004992 (0x004188b3) add     a7, gp, tp
core   0: 1 0x0000000080004992 (0x004188b3) x17 0x7ff8000000000000
core   0: 0x0000000080004996 (0xf138bc73) csrrc   s8, mimpid, a7
core   0: exception trap_illegal_instruction, epc 0x0000000080004996
core   0:           tval 0x00000000f138bc73
core   0: >>>>  $xrv64i2p1_m2p0_a2p1_f2p2_d2p2_zicsr2p0_zifencei2p0_zmmul1p0_zba1p0_zbb1p0_zbc1p0_zbs1p0
core   0: 0x0000000080004000 (0x0080006f) j       pc + 0x8
core   0: 3 0x0000000080004000 (0x0080006f)
core   0: >>>>  mmode_exception_handler
core   0: 0x0000000080004008 (0x00002c17) auipc   s8, 0x2
core   0: 3 0x0000000080004008 (0x00002c17) x24 0x0000000080006008
core   0: 0x000000008000400c (0x056c0c13) addi    s8, s8, 86
core   0: 3 0x000000008000400c (0x056c0c13) x24 0x000000008000605e
core   0: 0x0000000080004010 (0x000c00e7) jalr    s8
core   0: 3 0x0000000080004010 (0x000c00e7) x1  0x0000000080004014
core   0: >>>>  any_handler
core   0: 0x000000008000605e (0x341027f3) csrrs   a5, mepc, zero
core   0: 3 0x000000008000605e (0x341027f3) x15 0x0000000080004996
core   0: 0x0000000080006062 (0x34202773) csrrs   a4, mcause, zero
core   0: 3 0x0000000080006062 (0x34202773) x14 0x0000000000000002
core   0: 0x0000000080006066 (0x142026f3) csrrs   a3, scause, zero
core   0: 3 0x0000000080006066 (0x142026f3) x13 0x0000000000000000
core   0: 0x000000008000606a (0x30402673) csrrs   a2, mie, zero
core   0: 3 0x000000008000606a (0x30402673) x12 0x0000000000000a00
core   0: 0x000000008000606e (0x344025f3) csrrs   a1, mip, zero
core   0: 3 0x000000008000606e (0x344025f3) x11 0x0000000000000080
core   0: 0x0000000080006072 (0x343025f3) csrrs   a1, mtval, zero
core   0: 3 0x0000000080006072 (0x343025f3) x11 0x00000000f138bc73
core   0: 0x0000000080006076 (0x14302573) csrrs   a0, stval, zero
core   0: 3 0x0000000080006076 (0x14302573) x10 0x0000000000000000
core   0: 0x000000008000607a (0xb02024f3) csrrs   s1, minstret, zero
core   0: 3 0x000000008000607a (0xb02024f3) x9  0x0000000000000a8e
core   0: 0x000000008000607e (0x0000a811) c.j     pc + 20
core   0: 3 0x000000008000607e (0xa811)
core   0: >>>>  mepc_4
core   0: 0x0000000080006092 (0x00000791) c.addi  a5, 4
core   0: 3 0x0000000080006092 (0x0791) x15 0x000000008000499a
core   0: 0x0000000080006094 (0x34179073) csrrw   zero, mepc, a5
core   0: 3 0x0000000080006094 (0x34179073) c833_mepc 0x000000008000499a
core   0: 0x0000000080006098 (0x30200073) mret
core   0: 3 0x0000000080006098 (0x30200073) c768_mstatus 0x8000000a00106080
core   0: 0x000000008000499a (0x41818d3b) subw    s10, gp, s8
core   0: 1 0x000000008000499a (0x41818d3b) x26 0x000000007fff9fa2
core   0: 0x000000008000499e (0x0ff0000f) fence   iorw,iorw
core   0: 1 0x000000008000499e (0x0ff0000f)
core   0: 0x00000000800049a2 (0x004c01bb) addw    gp, s8, tp
core   0: 1 0x00000000800049a2 (0x004c01bb) x3  0xffffffff8000605e
core   0: 0x00000000800049a6 (0xf20903d3) fmv.d.x ft7, s2
core   0: 1 0x00000000800049a6 (0xf20903d3) f7  0x0000000000000018
core   0: 0x00000000800049aa (0x024c3433) mulhu   s0, s8, tp
core   0: 1 0x00000000800049aa (0x024c3433) x8  0x0000000000000000
core   0: 0x00000000800049ae (0x00000001) c.nop
core   0: 1 0x00000000800049ae (0x0001)
core   0: 0x00000000800049b0 (0x0252fab3) remu    s5, t0, t0
core   0: 1 0x00000000800049b0 (0x0252fab3) x21 0x0000000000000000
core   0: 0x00000000800049b4 (0x5a05f6d3) fsqrt.d fa3, fa1
core   0: 1 0x00000000800049b4 (0x5a05f6d3) f13 0x7ff8000000000000
core   0: 0x00000000800049b8 (0x23f11053) fsgnjn.d ft0, ft2, ft11
core   0: 1 0x00000000800049b8 (0x23f11053) f0  0xfff8000000000000
core   0: 0x00000000800049bc (0xfc38bb37) lui     s6, 0xfc38b
core   0: 1 0x00000000800049bc (0xfc38bb37) x22 0xfffffffffc38b000
core   0: 0x00000000800049c0 (0x163b0b1b) addiw   s6, s6, 355
core   0: 1 0x00000000800049c0 (0x163b0b1b) x22 0xfffffffffc38b163
core   0: 0x00000000800049c4 (0x00000b36) c.slli  s6, 13
core   0: 1 0x00000000800049c4 (0x0b36) x22 0xffffff87162c6000
core   0: 0x00000000800049c6 (0x304b0b13) addi    s6, s6, 772
core   0: 1 0x00000000800049c6 (0x304b0b13) x22 0xffffff87162c6304
core   0: 0x00000000800049ca (0x03779bb3) mulh    s7, a5, s7
core   0: 1 0x00000000800049ca (0x03779bb3) x23 0x0000000000000000
core   0: 0x00000000800049ce (0x007c9a33) sll     s4, s9, t2
core   0: 1 0x00000000800049ce (0x007c9a33) x20 0x0000000000000001
core   0: 0x00000000800049d2 (0xd03cf8d3) fcvt.s.lu fa7, s9
core   0: 1 0x00000000800049d2 (0xd03cf8d3) f17 0xffffffff3f800000
core   0: 0x00000000800049d6 (0x02b1dbbb) divuw   s7, gp, a1
core   0: 1 0x00000000800049d6 (0x02b1dbbb) x23 0x0000000000000000
core   0: 0x00000000800049da (0x00b385bb) addw    a1, t2, a1
core   0: 1 0x00000000800049da (0x00b385bb) x11 0xfffffffff138bc73
core   0: 0x00000000800049de (0x5313e393) ori     t2, t2, 1329
core   0: 1 0x00000000800049de (0x5313e393) x7  0x0000000000000531
core   0: 0x00000000800049e2 (0x016a0bbb) addw    s7, s4, s6
core   0: 1 0x00000000800049e2 (0x016a0bbb) x23 0x00000000162c6305
core   0: 0x00000000800049e6 (0x002b1573) csrrw   a0, frm, s6
core   0: 1 0x00000000800049e6 (0x002b1573) x10 0x0000000000000004 c2_frm 0x0000000000000004
core   0: 0x00000000800049ea (0x00a504bb) addw    s1, a0, a0
core   0: 1 0x00000000800049ea (0x00a504bb) x9  0x0000000000000008
core   0: 0x00000000800049ee (0x40d153bb) sraw    t2, sp, a3
core   0: 1 0x00000000800049ee (0x40d153bb) x7  0xffffffffffffffff
core   0: 0x00000000800049f2 (0xc233fa53) fcvt.lu.d s4, ft7
core   0: 1 0x00000000800049f2 (0xc233fa53) c1_fflags 0x0000000000000001 x20 0x0000000000000000
core   0: 0x00000000800049f6 (0x4303d093) srai    ra, t2, 48
core   0: 1 0x00000000800049f6 (0x4303d093) x1  0xffffffffffffffff
core   0: 0x00000000800049fa (0x0214563b) divuw   a2, s0, ra
core   0: 1 0x00000000800049fa (0x0214563b) x12 0x0000000000000000
core   0: 0x00000000800049fe (0x2fab6493) ori     s1, s6, 762
core   0: 1 0x00000000800049fe (0x2fab6493) x9  0xffffff87162c63fe
core   0: 0x0000000080004a02 (0x10421273) csrrw   tp, sie, tp
core   0: 1 0x0000000080004a02 (0x10421273) x4  0x0000000000000000 c772_mie 0x0000000000000a00
core   0: 0x0000000080004a06 (0x00202af3) csrrs   s5, frm, zero
core   0: 1 0x0000000080004a06 (0x00202af3) x21 0x0000000000000004
core   0: 0x0000000080004a0a (0x035cf3bb) remuw   t2, s9, s5
core   0: 1 0x0000000080004a0a (0x035cf3bb) x7  0x0000000000000001
core   0: 0x0000000080004a0e (0x009398b3) sll     a7, t2, s1
core   0: 1 0x0000000080004a0e (0x009398b3) x17 0x4000000000000000
core   0: 0x0000000080004a12 (0x02b8a033) mulhsu  zero, a7, a1
core   0: 1 0x0000000080004a12 (0x02b8a033)
core   0: 0x0000000080004a16 (0x019e9d9b) slliw   s11, t4, 25
core   0: 1 0x0000000080004a16 (0x019e9d9b) x27 0xfffffffffe000000
core   0: 0x0000000080004a1a (0x414e0e3b) subw    t3, t3, s4
core   0: 1 0x0000000080004a1a (0x414e0e3b) x28 0xffffffffffffffff
core   0: 0x0000000080004a1e (0x028b0b3b) mulw    s6, s6, s0
core   0: 1 0x0000000080004a1e (0x028b0b3b) x22 0x0000000000000000
core   0: 0x0000000080004a22 (0x4096dabb) sraw    s5, a3, s1
core   0: 1 0x0000000080004a22 (0x4096dabb) x21 0x0000000000000000
core   0: 0x0000000080004a26 (0x41058833) sub     a6, a1, a6
core   0: 1 0x0000000080004a26 (0x41058833) x16 0xfffffffff138bc73
core   0: 0x0000000080004a2a (0x40c9db9b) sraiw   s7, s3, 12
core   0: 1 0x0000000080004a2a (0x40c9db9b) x23 0xffffffffffffffff
core   0: 0x0000000080004a2e (0x01d15493) srli    s1, sp, 29
core   0: 1 0x0000000080004a2e (0x01d15493) x9  0x00000007ffffffff
core   0: 0x0000000080004a32 (0x007c0a33) add     s4, s8, t2
core   0: 1 0x0000000080004a32 (0x007c0a33) x20 0x000000008000605f
core   0: 0x0000000080004a36 (0x006012b3) sll     t0, zero, t1
core   0: 1 0x0000000080004a36 (0x006012b3) x5  0x0000000000000000
core   0: 0x0000000080004a3a (0xd0287fd3) fcvt.s.l ft11, a6
core   0: 1 0x0000000080004a3a (0xd0287fd3) c1_fflags 0x0000000000000001 f31 0xffffffffcd6c7439
core   0: 0x0000000080004a3e (0x0ae0f453) fsub.d  fs0, ft1, fa4
core   0: 1 0x0000000080004a3e (0x0ae0f453) f8  0x7ff8000000000000
core   0: 0x0000000080004a42 (0xfef717b7) lui     a5, 0xfef71
core   0: 1 0x0000000080004a42 (0xfef717b7) x15 0xfffffffffef71000
core   0: 0x0000000080004a46 (0xc617879b) addiw   a5, a5, -927
core   0: 1 0x0000000080004a46 (0xc617879b) x15 0xfffffffffef70c61
core   0: 0x0000000080004a4a (0x000007b6) c.slli  a5, 13
core   0: 1 0x0000000080004a4a (0x07b6) x15 0xffffffdee18c2000
core   0: 0x0000000080004a4c (0x37c78793) addi    a5, a5, 892
core   0: 1 0x0000000080004a4c (0x37c78793) x15 0xffffffdee18c237c
core   0: 0x0000000080004a50 (0x2b561ad3) fmax.d  fs5, fa2, fs5
core   0: 1 0x0000000080004a50 (0x2b561ad3) f21 0x41e0000030a00000
core   0: 0x0000000080004a54 (0x40585533) sra     a0, a6, t0
core   0: 1 0x0000000080004a54 (0x40585533) x10 0xfffffffff138bc73
core   0: 0x0000000080004a58 (0xabbefa4b) fnmsub.d fs4, ft9, fs11, fs5
core   0: 1 0x0000000080004a58 (0xabbefa4b) f20 0x7ff8000000000000
core   0: 0x0000000080004a5c (0x7a3d3cb7) lui     s9, 0x7a3d3
core   0: 1 0x0000000080004a5c (0x7a3d3cb7) x25 0x000000007a3d3000
core   0: 0x0000000080004a60 (0x00091913) slli    s2, s2, 0
core   0: 1 0x0000000080004a60 (0x00091913) x18 0x0000000000000018
core   0: 0x0000000080004a64 (0xfff8bb13) sltiu   s6, a7, -1
core   0: 1 0x0000000080004a64 (0xfff8bb13) x22 0x0000000000000001
core   0: 0x0000000080004a68 (0x00102373) csrrs   t1, fflags, zero
core   0: 1 0x0000000080004a68 (0x00102373) x6  0x0000000000000001
core   0: 0x0000000080004a6c (0xc236f153) fcvt.lu.d sp, fa3
core   0: 1 0x0000000080004a6c (0xc236f153) c1_fflags 0x0000000000000011 x2  0xffffffffffffffff
core   0: 0x0000000080004a70 (0x12d1714b) fnmsub.d ft2, ft2, fa3, ft2
core   0: 1 0x0000000080004a70 (0x12d1714b) f2  0x7ff8000000000000
core   0: 0x0000000080004a74 (0x42040cd3) fcvt.d.s fs9, fs0
core   0: 1 0x0000000080004a74 (0x42040cd3) f25 0x7ff8000000000000
core   0: 0x0000000080004a78 (0x2873ac17) auipc   s8, 0x2873a
core   0: 1 0x0000000080004a78 (0x2873ac17) x24 0x00000000a873ea78
core   0: 0x0000000080004a7c (0x001023f3) csrrs   t2, fflags, zero
core   0: 1 0x0000000080004a7c (0x001023f3) x7  0x0000000000000011
core   0: 0x0000000080004a80 (0xc2017e53) fcvt.w.d t3, ft2
core   0: 1 0x0000000080004a80 (0xc2017e53) c1_fflags 0x0000000000000011 x28 0x000000007fffffff
core   0: 0x0000000080004a84 (0xf20003d3) fmv.d.x ft7, zero
core   0: 1 0x0000000080004a84 (0xf20003d3) f7  0x0000000000000000
core   0: 0x0000000080004a88 (0x0112d333) srl     t1, t0, a7
core   0: 1 0x0000000080004a88 (0x0112d333) x6  0x0000000000000000
core   0: 0x0000000080004a8c (0x022dfdbb) remuw   s11, s11, sp
core   0: 1 0x0000000080004a8c (0x022dfdbb) x27 0xfffffffffe000000
core   0: 0x0000000080004a90 (0x00000001) c.nop
core   0: 1 0x0000000080004a90 (0x0001)
core   0: 0x0000000080004a92 (0x02249913) slli    s2, s1, 34
core   0: 1 0x0000000080004a92 (0x02249913) x18 0xfffffffc00000000
core   0: 0x0000000080004a96 (0x41fa5b1b) sraiw   s6, s4, 31
core   0: 1 0x0000000080004a96 (0x41fa5b1b) x22 0xffffffffffffffff
core   0: 0x0000000080004a9a (0x342fd873) csrrwi  a6, mcause, 31
core   0: exception trap_illegal_instruction, epc 0x0000000080004a9a
core   0:           tval 0x00000000342fd873
core   0: >>>>  $xrv64i2p1_m2p0_a2p1_f2p2_d2p2_zicsr2p0_zifencei2p0_zmmul1p0_zba1p0_zbb1p0_zbc1p0_zbs1p0
core   0: 0x0000000080004000 (0x0080006f) j       pc + 0x8
core   0: 3 0x0000000080004000 (0x0080006f)
core   0: >>>>  mmode_exception_handler
core   0: 0x0000000080004008 (0x00002c17) auipc   s8, 0x2
core   0: 3 0x0000000080004008 (0x00002c17) x24 0x0000000080006008
core   0: 0x000000008000400c (0x056c0c13) addi    s8, s8, 86
core   0: 3 0x000000008000400c (0x056c0c13) x24 0x000000008000605e
core   0: 0x0000000080004010 (0x000c00e7) jalr    s8
core   0: 3 0x0000000080004010 (0x000c00e7) x1  0x0000000080004014
core   0: >>>>  any_handler
core   0: 0x000000008000605e (0x341027f3) csrrs   a5, mepc, zero
core   0: 3 0x000000008000605e (0x341027f3) x15 0x0000000080004a9a
core   0: 0x0000000080006062 (0x34202773) csrrs   a4, mcause, zero
core   0: 3 0x0000000080006062 (0x34202773) x14 0x0000000000000002
core   0: 0x0000000080006066 (0x142026f3) csrrs   a3, scause, zero
core   0: 3 0x0000000080006066 (0x142026f3) x13 0x0000000000000000
core   0: 0x000000008000606a (0x30402673) csrrs   a2, mie, zero
core   0: 3 0x000000008000606a (0x30402673) x12 0x0000000000000a00
core   0: 0x000000008000606e (0x344025f3) csrrs   a1, mip, zero
core   0: 3 0x000000008000606e (0x344025f3) x11 0x0000000000000080
core   0: 0x0000000080006072 (0x343025f3) csrrs   a1, mtval, zero
core   0: 3 0x0000000080006072 (0x343025f3) x11 0x00000000342fd873
core   0: 0x0000000080006076 (0x14302573) csrrs   a0, stval, zero
core   0: 3 0x0000000080006076 (0x14302573) x10 0x0000000000000000
core   0: 0x000000008000607a (0xb02024f3) csrrs   s1, minstret, zero
core   0: 3 0x000000008000607a (0xb02024f3) x9  0x0000000000000ae0
core   0: 0x000000008000607e (0x0000a811) c.j     pc + 20
core   0: 3 0x000000008000607e (0xa811)
core   0: >>>>  mepc_4
core   0: 0x0000000080006092 (0x00000791) c.addi  a5, 4
core   0: 3 0x0000000080006092 (0x0791) x15 0x0000000080004a9e
core   0: 0x0000000080006094 (0x34179073) csrrw   zero, mepc, a5
core   0: 3 0x0000000080006094 (0x34179073) c833_mepc 0x0000000080004a9e
core   0: 0x0000000080006098 (0x30200073) mret
core   0: 3 0x0000000080006098 (0x30200073) c768_mstatus 0x8000000a00106080
core   0: 0x0000000080004a9e (0x0268d593) srli    a1, a7, 38
core   0: 1 0x0000000080004a9e (0x0268d593) x11 0x0000000001000000
core   0: 0x0000000080004aa2 (0x41080233) sub     tp, a6, a6
core   0: 1 0x0000000080004aa2 (0x41080233) x4  0x0000000000000000
core   0: 0x0000000080004aa6 (0x03c8ce3b) divw    t3, a7, t3
core   0: 1 0x0000000080004aa6 (0x03c8ce3b) x28 0x0000000000000000
core   0: 0x0000000080004aaa (0xc02cf953) fcvt.l.s s2, fs9
core   0: 1 0x0000000080004aaa (0xc02cf953) c1_fflags 0x0000000000000011 x18 0x7fffffffffffffff
core   0: 0x0000000080004aae (0xd2138d53) fcvt.d.wu fs10, t2
core   0: 1 0x0000000080004aae (0xd2138d53) f26 0x4031000000000000
core   0: 0x0000000080004ab2 (0x018041b3) xor     gp, zero, s8
core   0: 1 0x0000000080004ab2 (0x018041b3) x3  0x000000008000605e
core   0: 0x0000000080004ab6 (0x4010d093) srai    ra, ra, 1
core   0: 1 0x0000000080004ab6 (0x4010d093) x1  0x000000004000200a
core   0: 0x0000000080004aba (0x00139373) csrrw   t1, fflags, t2
core   0: 1 0x0000000080004aba (0x00139373) x6  0x0000000000000011 c1_fflags 0x0000000000000011
core   0: 0x0000000080004abe (0xd2110853) fcvt.d.wu fa6, sp
core   0: 1 0x0000000080004abe (0xd2110853) f16 0x41efffffffe00000
core   0: 0x0000000080004ac2 (0x0ff0000f) fence   iorw,iorw
core   0: 1 0x0000000080004ac2 (0x0ff0000f)
core   0: 0x0000000080004ac6 (0xd21386d3) fcvt.d.wu fa3, t2
core   0: 1 0x0000000080004ac6 (0xd21386d3) f13 0x4031000000000000
core   0: 0x0000000080004aca (0x3f90001b) addiw   zero, zero, 1017
core   0: 1 0x0000000080004aca (0x3f90001b)
core   0: 0x0000000080004ace (0x010854bb) srlw    s1, a6, a6
core   0: 1 0x0000000080004ace (0x010854bb) x9  0x0000000000001e27
core   0: 0x0000000080004ad2 (0x409c5eb3) sra     t4, s8, s1
core   0: 1 0x0000000080004ad2 (0x409c5eb3) x29 0x0000000000000000
core   0: 0x0000000080004ad6 (0xc22b7853) fcvt.l.d a6, fs6
core   0: 1 0x0000000080004ad6 (0xc22b7853) c1_fflags 0x0000000000000011 x16 0x0000000000000000
core   0: 0x0000000080004ada (0xf2020e53) fmv.d.x ft8, tp
core   0: 1 0x0000000080004ada (0xf2020e53) f28 0x0000000000000000
core   0: 0x0000000080004ade (0x4365f84b) fnmsub.d fa6, fa1, fs6, fs0
core   0: 1 0x0000000080004ade (0x4365f84b) f16 0x7ff8000000000000
core   0: 0x0000000080004ae2 (0x401e7ad3) fcvt.s.d fs5, ft8
core   0: 1 0x0000000080004ae2 (0x401e7ad3) f21 0xffffffff00000000
core   0: 0x0000000080004ae6 (0x7ff97a13) andi    s4, s2, 2047
core   0: 1 0x0000000080004ae6 (0x7ff97a13) x20 0x00000000000007ff
core   0: 0x0000000080004aea (0x40be55b3) sra     a1, t3, a1
core   0: 1 0x0000000080004aea (0x40be55b3) x11 0x0000000000000000
core   0: 0x0000000080004aee (0xd026f2d3) fcvt.s.l ft5, a3
core   0: 1 0x0000000080004aee (0xd026f2d3) f5  0xffffffff00000000
core   0: 0x0000000080004af2 (0x01d384b3) add     s1, t2, t4
core   0: 1 0x0000000080004af2 (0x01d384b3) x9  0x0000000000000011
core   0: 0x0000000080004af6 (0xc219f253) fcvt.wu.d tp, fs3
core   0: 1 0x0000000080004af6 (0xc219f253) c1_fflags 0x0000000000000011 x4  0xffffffffffffffff
core   0: 0x0000000080004afa (0x02b775d3) fadd.d  fa1, fa4, fa1
core   0: 1 0x0000000080004afa (0x02b775d3) f11 0x7ff8000000000000
core   0: 0x0000000080004afe (0x41765133) sra     sp, a2, s7
core   0: 1 0x0000000080004afe (0x41765133) x2  0x0000000000000000
core   0: 0x0000000080004b02 (0x400dd69b) sraiw   a3, s11, 0
core   0: 1 0x0000000080004b02 (0x400dd69b) x13 0xfffffffffe000000
core   0: 0x0000000080004b06 (0x01dee233) or      tp, t4, t4
core   0: 1 0x0000000080004b06 (0x01dee233) x4  0x0000000000000000
core   0: 0x0000000080004b0a (0x426ed293) srai    t0, t4, 38
core   0: 1 0x0000000080004b0a (0x426ed293) x5  0x0000000000000000
core   0: 0x0000000080004b0e (0x5a0af353) fsqrt.d ft6, fs5
core   0: 1 0x0000000080004b0e (0x5a0af353) f6  0x7ff8000000000000
core   0: 0x0000000080004b12 (0x03a7703b) remuw   zero, a4, s10
core   0: 1 0x0000000080004b12 (0x03a7703b)
core   0: 0x0000000080004b16 (0x009919b3) sll     s3, s2, s1
core   0: 1 0x0000000080004b16 (0x009919b3) x19 0xfffffffffffe0000
core   0: 0x0000000080004b1a (0xc0357053) fcvt.lu.s zero, fa0
core   0: 1 0x0000000080004b1a (0xc0357053)
core   0: 0x0000000080004b1e (0x002e9773) csrrw   a4, frm, t4
core   0: 1 0x0000000080004b1e (0x002e9773) x14 0x0000000000000004 c2_frm 0x0000000000000000
core   0: 0x0000000080004b22 (0x00202873) csrrs   a6, frm, zero
core   0: 1 0x0000000080004b22 (0x00202873) x16 0x0000000000000000
core   0: 0x0000000080004b26 (0xe20c00d3) fmv.x.d ra, fs8
core   0: 1 0x0000000080004b26 (0xe20c00d3) x1  0x7fffffff7fc00000
core   0: 0x0000000080004b2a (0x001712f3) csrrw   t0, fflags, a4
core   0: 1 0x0000000080004b2a (0x001712f3) x5  0x0000000000000011 c1_fflags 0x0000000000000004
core   0: 0x0000000080004b2e (0x400d531b) sraiw   t1, s10, 0
core   0: 1 0x0000000080004b2e (0x400d531b) x6  0x000000007fff9fa2
core   0: 0x0000000080004b32 (0x1bf87853) fdiv.d  fa6, fa6, ft11
core   0: 1 0x0000000080004b32 (0x1bf87853) f16 0x7ff8000000000000
core   0: 0x0000000080004b36 (0x020c47bb) divw    a5, s8, zero
core   0: 1 0x0000000080004b36 (0x020c47bb) x15 0xffffffffffffffff
core   0: 0x0000000080004b3a (0x03debeb3) mulhu   t4, t4, t4
core   0: 1 0x0000000080004b3a (0x03debeb3) x29 0x0000000000000000
core   0: 0x0000000080004b3e (0x001025f3) csrrs   a1, fflags, zero
core   0: 1 0x0000000080004b3e (0x001025f3) x11 0x0000000000000004
core   0: 0x0000000080004b42 (0x0afd7353) fsub.d  ft6, fs10, fa5
core   0: 1 0x0000000080004b42 (0x0afd7353) c1_fflags 0x0000000000000005 f6  0xc3f0000000000000
core   0: 0x0000000080004b46 (0x00da149b) slliw   s1, s4, 13
core   0: 1 0x0000000080004b46 (0x00da149b) x9  0x0000000000ffe000
core   0: 0x0000000080004b4a (0x419e0cb3) sub     s9, t3, s9
core   0: 1 0x0000000080004b4a (0x419e0cb3) x25 0xffffffff85c2d000
core   0: 0x0000000080004b4e (0xfc981137) lui     sp, 0xfc981
core   0: 1 0x0000000080004b4e (0xfc981137) x2  0xfffffffffc981000
core   0: 0x0000000080004b52 (0x00002105) c.addiw sp, 1
core   0: 1 0x0000000080004b52 (0x2105) x2  0xfffffffffc981001
core   0: 0x0000000080004b54 (0x00000132) c.slli  sp, 12
core   0: 1 0x0000000080004b54 (0x0132) x2  0xffffffc981001000
core   0: 0x0000000080004b56 (0xe2e10113) addi    sp, sp, -466
core   0: 1 0x0000000080004b56 (0xe2e10113) x2  0xffffffc981000e2e
core   0: 0x0000000080004b5a (0x42945093) srai    ra, s0, 41
core   0: 1 0x0000000080004b5a (0x42945093) x1  0x0000000000000000
core   0: 0x0000000080004b5e (0xd23cfbd3) fcvt.d.lu fs7, s9
core   0: 1 0x0000000080004b5e (0xd23cfbd3) f23 0x43effffffff0b85a
core   0: 0x0000000080004b62 (0x01112433) slt     s0, sp, a7
core   0: 1 0x0000000080004b62 (0x01112433) x8  0x0000000000000001
core   0: 0x0000000080004b66 (0x40c7863b) subw    a2, a5, a2
core   0: 1 0x0000000080004b66 (0x40c7863b) x12 0xfffffffffffff5ff
core   0: 0x0000000080004b6a (0x006dd33b) srlw    t1, s11, t1
core   0: 1 0x0000000080004b6a (0x006dd33b) x6  0x000000003f800000
core   0: 0x0000000080004b6e (0x23ef1a53) fsgnjn.d fs4, ft10, ft10
core   0: 1 0x0000000080004b6e (0x23ef1a53) f20 0x8000000000000000
core   0: 0x0000000080004b72 (0x000c99bb) sllw    s3, s9, zero
core   0: 1 0x0000000080004b72 (0x000c99bb) x19 0xffffffff85c2d000
core   0: 0x0000000080004b76 (0x01549c37) lui     s8, 0x1549
core   0: 1 0x0000000080004b76 (0x01549c37) x24 0x0000000001549000
core   0: 0x0000000080004b7a (0x6b5c0c1b) addiw   s8, s8, 1717
core   0: 1 0x0000000080004b7a (0x6b5c0c1b) x24 0x00000000015496b5
core   0: 0x0000000080004b7e (0x00000c3a) c.slli  s8, 14
core   0: 1 0x0000000080004b7e (0x0c3a) x24 0x0000005525ad4000
core   0: 0x0000000080004b80 (0xd66c0c13) addi    s8, s8, -666
core   0: 1 0x0000000080004b80 (0xd66c0c13) x24 0x0000005525ad3d66
core   0: 0x0000000080004b84 (0x6c0f0837) lui     a6, 0x6c0f0
core   0: 1 0x0000000080004b84 (0x6c0f0837) x16 0x000000006c0f0000
core   0: 0x0000000080004b88 (0xd02a75d3) fcvt.s.l fa1, s4
core   0: 1 0x0000000080004b88 (0xd02a75d3) f11 0xffffffff44ffe000
core   0: 0x0000000080004b8c (0xe20a0b53) fmv.x.d s6, fs4
core   0: 1 0x0000000080004b8c (0xe20a0b53) x22 0x8000000000000000
core   0: 0x0000000080004b90 (0x000bdbb3) srl     s7, s7, zero
core   0: 1 0x0000000080004b90 (0x000bdbb3) x23 0xffffffffffffffff
core   0: 0x0000000080004b94 (0xbab5fc43) fmadd.d fs8, fa1, fa1, fs7
core   0: 1 0x0000000080004b94 (0xbab5fc43) f24 0x7ff8000000000000
core   0: 0x0000000080004b98 (0x0242823b) mulw    tp, t0, tp
core   0: 1 0x0000000080004b98 (0x0242823b) x4  0x0000000000000000
core   0: 0x0000000080004b9c (0x000d999b) slliw   s3, s11, 0
core   0: 1 0x0000000080004b9c (0x000d999b) x19 0xfffffffffe000000
core   0: 0x0000000080004ba0 (0x02c248bb) divw    a7, tp, a2
core   0: 1 0x0000000080004ba0 (0x02c248bb) x17 0x0000000000000000
core   0: 0x0000000080004ba4 (0x01bd51b3) srl     gp, s10, s11
core   0: 1 0x0000000080004ba4 (0x01bd51b3) x3  0x000000007fff9fa2
core   0: 0x0000000080004ba8 (0x02c90933) mul     s2, s2, a2
core   0: 1 0x0000000080004ba8 (0x02c90933) x18 0x8000000000000a01
core   0: 0x0000000080004bac (0x29e6b6b7) lui     a3, 0x29e6b
core   0: 1 0x0000000080004bac (0x29e6b6b7) x13 0x0000000029e6b000
core   0: 0x0000000080004bb0 (0x01c41e33) sll     t3, s0, t3
core   0: 1 0x0000000080004bb0 (0x01c41e33) x28 0x0000000000000001
core   0: 0x0000000080004bb4 (0x5a0f7fd3) fsqrt.d ft11, ft10
core   0: 1 0x0000000080004bb4 (0x5a0f7fd3) f31 0x0000000000000000
core   0: 0x0000000080004bb8 (0x43f05413) srai    s0, zero, 63
core   0: 1 0x0000000080004bb8 (0x43f05413) x8  0x0000000000000000
core   0: 0x0000000080004bbc (0x4102d13b) sraw    sp, t0, a6
core   0: 1 0x0000000080004bbc (0x4102d13b) x2  0x0000000000000011
core   0: 0x0000000080004bc0 (0x400c5d9b) sraiw   s11, s8, 0
core   0: 1 0x0000000080004bc0 (0x400c5d9b) x27 0x0000000025ad3d66
core   0: 0x0000000080004bc4 (0x000016fe) c.slli  a3, 63
core   0: 1 0x0000000080004bc4 (0x16fe) x13 0x0000000000000000
core   0: 0x0000000080004bc6 (0xd2010053) fcvt.d.w ft0, sp
core   0: 1 0x0000000080004bc6 (0xd2010053) f0  0x4031000000000000
core   0: 0x0000000080004bca (0x22a50cd3) fsgnj.d fs9, fa0, fa0
core   0: 1 0x0000000080004bca (0x22a50cd3) f25 0xffffffff40000000
core   0: 0x0000000080004bce (0x00121073) csrrw   zero, fflags, tp
core   0: 1 0x0000000080004bce (0x00121073) c1_fflags 0x0000000000000000
core   0: 0x0000000080004bd2 (0x4018f753) fcvt.s.d fa4, fa7
core   0: 1 0x0000000080004bd2 (0x4018f753) f14 0xffffffff7fc00000
core   0: 0x0000000080004bd6 (0xe2019a53) fclass.d s4, ft3
core   0: 1 0x0000000080004bd6 (0xe2019a53) x20 0x0000000000000200
core   0: 0x0000000080004bda (0x00ba03bb) addw    t2, s4, a1
core   0: 1 0x0000000080004bda (0x00ba03bb) x7  0x0000000000000204
core   0: 0x0000000080004bde (0x00000001) c.nop
core   0: 1 0x0000000080004bde (0x0001)
core   0: 0x0000000080004be0 (0x02794c3b) divw    s8, s2, t2
core   0: 1 0x0000000080004be0 (0x02794c3b) x24 0x0000000000000004
core   0: 0x0000000080004be4 (0xc031f5d3) fcvt.lu.s a1, ft3
core   0: 1 0x0000000080004be4 (0xc031f5d3) c1_fflags 0x0000000000000010 x11 0xffffffffffffffff
core   0: 0x0000000080004be8 (0x00f47db3) and     s11, s0, a5
core   0: 1 0x0000000080004be8 (0x00f47db3) x27 0x0000000000000000
core   0: 0x0000000080004bec (0x00b2d8bb) srlw    a7, t0, a1
core   0: 1 0x0000000080004bec (0x00b2d8bb) x17 0x0000000000000000
core   0: 0x0000000080004bf0 (0x03d01233) mulh    tp, zero, t4
core   0: 1 0x0000000080004bf0 (0x03d01233) x4  0x0000000000000000
core   0: 0x0000000080004bf4 (0x2b758253) fmin.d  ft4, fa1, fs7
core   0: 1 0x0000000080004bf4 (0x2b758253) f4  0x43effffffff0b85a
core   0: 0x0000000080004bf8 (0x41f9591b) sraiw   s2, s2, 31
core   0: 1 0x0000000080004bf8 (0x41f9591b) x18 0x0000000000000000
core   0: 0x0000000080004bfc (0x0ff0000f) fence   iorw,iorw
core   0: 1 0x0000000080004bfc (0x0ff0000f)
core   0: 0x0000000080004c00 (0x000d9193) slli    gp, s11, 0
core   0: 1 0x0000000080004c00 (0x000d9193) x3  0x0000000000000000
core   0: 0x0000000080004c04 (0x41b950bb) sraw    ra, s2, s11
core   0: 1 0x0000000080004c04 (0x41b950bb) x1  0x0000000000000000
core   0: 0x0000000080004c08 (0x9fe04937) lui     s2, 0x9fe04
core   0: 1 0x0000000080004c08 (0x9fe04937) x18 0xffffffff9fe04000
core   0: 0x0000000080004c0c (0x2a7d9b53) fmax.d  fs6, fs11, ft7
core   0: 1 0x0000000080004c0c (0x2a7d9b53) f22 0x0000000000000000
core   0: 0x0000000080004c10 (0xe7a2f093) andi    ra, t0, -390
core   0: 1 0x0000000080004c10 (0xe7a2f093) x1  0x0000000000000010
core   0: 0x0000000080004c14 (0x01ca9e3b) sllw    t3, s5, t3
core   0: 1 0x0000000080004c14 (0x01ca9e3b) x28 0x0000000000000000
core   0: 0x0000000080004c18 (0x41c654bb) sraw    s1, a2, t3
core   0: 1 0x0000000080004c18 (0x41c654bb) x9  0xfffffffffffff5ff
core   0: 0x0000000080004c1c (0x4036dcbb) sraw    s9, a3, gp
core   0: 1 0x0000000080004c1c (0x4036dcbb) x25 0x0000000000000000
core   0: 0x0000000080004c20 (0x72d7ce17) auipc   t3, 0x72d7c
core   0: 1 0x0000000080004c20 (0x72d7ce17) x28 0x00000000f2d80c20
core   0: 0x0000000080004c24 (0x0283643b) remw    s0, t1, s0
core   0: 1 0x0000000080004c24 (0x0283643b) x8  0x000000003f800000
core   0: 0x0000000080004c28 (0x028aeab3) rem     s5, s5, s0
core   0: 1 0x0000000080004c28 (0x028aeab3) x21 0x0000000000000000
core   0: 0x0000000080004c2c (0x99f3f093) andi    ra, t2, -1633
core   0: 1 0x0000000080004c2c (0x99f3f093) x1  0x0000000000000004
core   0: 0x0000000080004c30 (0x40105513) srai    a0, zero, 1
core   0: 1 0x0000000080004c30 (0x40105513) x10 0x0000000000000000
core   0: 0x0000000080004c34 (0x015a171b) slliw   a4, s4, 21
core   0: 1 0x0000000080004c34 (0x015a171b) x14 0x0000000040000000
core   0: 0x0000000080004c38 (0xb5f7f593) andi    a1, a5, -1185
core   0: 1 0x0000000080004c38 (0xb5f7f593) x11 0xfffffffffffffb5f
core   0: 0x0000000080004c3c (0x0395e43b) remw    s0, a1, s9
core   0: 1 0x0000000080004c3c (0x0395e43b) x8  0xfffffffffffffb5f
core   0: 0x0000000080004c40 (0x02cb7653) fadd.d  fa2, fs6, fa2
core   0: 1 0x0000000080004c40 (0x02cb7653) f12 0x41e0000030a00000
core   0: 0x0000000080004c44 (0x03398e3b) mulw    t3, s3, s3
core   0: 1 0x0000000080004c44 (0x03398e3b) x28 0x0000000000000000
core   0: 0x0000000080004c48 (0x0019521b) srliw   tp, s2, 1
core   0: 1 0x0000000080004c48 (0x0019521b) x4  0x000000004ff02000
core   0: 0x0000000080004c4c (0x41c3d693) srai    a3, t2, 28
core   0: 1 0x0000000080004c4c (0x41c3d693) x13 0x0000000000000000
core   0: 0x0000000080004c50 (0xd02bf153) fcvt.s.l ft2, s7
core   0: 1 0x0000000080004c50 (0xd02bf153) f2  0xffffffffbf800000
core   0: 0x0000000080004c54 (0x00f7d533) srl     a0, a5, a5
core   0: 1 0x0000000080004c54 (0x00f7d533) x10 0x0000000000000001
core   0: 0x0000000080004c58 (0x0ff0000f) fence   iorw,iorw
core   0: 1 0x0000000080004c58 (0x0ff0000f)
core   0: 0x0000000080004c5c (0x40a650bb) sraw    ra, a2, a0
core   0: 1 0x0000000080004c5c (0x40a650bb) x1  0xfffffffffffffaff
core   0: 0x0000000080004c60 (0x0ff0000f) fence   iorw,iorw
core   0: 1 0x0000000080004c60 (0x0ff0000f)
core   0: 0x0000000080004c64 (0xc021f853) fcvt.l.s a6, ft3
core   0: 1 0x0000000080004c64 (0xc021f853) c1_fflags 0x0000000000000010 x16 0x7fffffffffffffff
core   0: 0x0000000080004c68 (0xf1495573) csrrwi  a0, mhartid, 18
core   0: exception trap_illegal_instruction, epc 0x0000000080004c68
core   0:           tval 0x00000000f1495573
core   0: >>>>  $xrv64i2p1_m2p0_a2p1_f2p2_d2p2_zicsr2p0_zifencei2p0_zmmul1p0_zba1p0_zbb1p0_zbc1p0_zbs1p0
core   0: 0x0000000080004000 (0x0080006f) j       pc + 0x8
core   0: 3 0x0000000080004000 (0x0080006f)
core   0: >>>>  mmode_exception_handler
core   0: 0x0000000080004008 (0x00002c17) auipc   s8, 0x2
core   0: 3 0x0000000080004008 (0x00002c17) x24 0x0000000080006008
core   0: 0x000000008000400c (0x056c0c13) addi    s8, s8, 86
core   0: 3 0x000000008000400c (0x056c0c13) x24 0x000000008000605e
core   0: 0x0000000080004010 (0x000c00e7) jalr    s8
core   0: 3 0x0000000080004010 (0x000c00e7) x1  0x0000000080004014
core   0: >>>>  any_handler
core   0: 0x000000008000605e (0x341027f3) csrrs   a5, mepc, zero
core   0: 3 0x000000008000605e (0x341027f3) x15 0x0000000080004c68
core   0: 0x0000000080006062 (0x34202773) csrrs   a4, mcause, zero
core   0: 3 0x0000000080006062 (0x34202773) x14 0x0000000000000002
core   0: 0x0000000080006066 (0x142026f3) csrrs   a3, scause, zero
core   0: 3 0x0000000080006066 (0x142026f3) x13 0x0000000000000000
core   0: 0x000000008000606a (0x30402673) csrrs   a2, mie, zero
core   0: 3 0x000000008000606a (0x30402673) x12 0x0000000000000a00
core   0: 0x000000008000606e (0x344025f3) csrrs   a1, mip, zero
core   0: 3 0x000000008000606e (0x344025f3) x11 0x0000000000000080
core   0: 0x0000000080006072 (0x343025f3) csrrs   a1, mtval, zero
core   0: 3 0x0000000080006072 (0x343025f3) x11 0x00000000f1495573
core   0: 0x0000000080006076 (0x14302573) csrrs   a0, stval, zero
core   0: 3 0x0000000080006076 (0x14302573) x10 0x0000000000000000
core   0: 0x000000008000607a (0xb02024f3) csrrs   s1, minstret, zero
core   0: 3 0x000000008000607a (0xb02024f3) x9  0x0000000000000b65
core   0: 0x000000008000607e (0x0000a811) c.j     pc + 20
core   0: 3 0x000000008000607e (0xa811)
core   0: >>>>  mepc_4
core   0: 0x0000000080006092 (0x00000791) c.addi  a5, 4
core   0: 3 0x0000000080006092 (0x0791) x15 0x0000000080004c6c
core   0: 0x0000000080006094 (0x34179073) csrrw   zero, mepc, a5
core   0: 3 0x0000000080006094 (0x34179073) c833_mepc 0x0000000080004c6c
core   0: 0x0000000080006098 (0x30200073) mret
core   0: 3 0x0000000080006098 (0x30200073) c768_mstatus 0x8000000a00106080
core   0: 0x0000000080004c6c (0xf58cfc13) andi    s8, s9, -168
core   0: 1 0x0000000080004c6c (0xf58cfc13) x24 0x0000000000000000
core   0: 0x0000000080004c70 (0x0ff0000f) fence   iorw,iorw
core   0: 1 0x0000000080004c70 (0x0ff0000f)
core   0: 0x0000000080004c74 (0x039e3cb3) mulhu   s9, t3, s9
core   0: 1 0x0000000080004c74 (0x039e3cb3) x25 0x0000000000000000
core   0: 0x0000000080004c78 (0x2adb94d3) fmax.d  fs1, fs7, fa3
core   0: 1 0x0000000080004c78 (0x2adb94d3) f9  0x43effffffff0b85a
core   0: 0x0000000080004c7c (0x011b4833) xor     a6, s6, a7
core   0: 1 0x0000000080004c7c (0x011b4833) x16 0x8000000000000000
core   0: 0x0000000080004c80 (0x038802bb) mulw    t0, a6, s8
core   0: 1 0x0000000080004c80 (0x038802bb) x5  0x0000000000000000
core   0: 0x0000000080004c84 (0xd20e8953) fcvt.d.w fs2, t4
core   0: 1 0x0000000080004c84 (0xd20e8953) f18 0x0000000000000000
core   0: 0x0000000080004c88 (0x2b9e95d3) fmax.d  fa1, ft9, fs9
core   0: 1 0x0000000080004c88 (0x2b9e95d3) f11 0x7ff8000000000000
core   0: 0x0000000080004c8c (0x5bb47b13) andi    s6, s0, 1467
core   0: 1 0x0000000080004c8c (0x5bb47b13) x22 0x000000000000011b
core   0: 0x0000000080004c90 (0xd02173d3) fcvt.s.l ft7, sp
core   0: 1 0x0000000080004c90 (0xd02173d3) f7  0xffffffff41880000
core   0: 0x0000000080004c94 (0x00e0a9b3) slt     s3, ra, a4
core   0: 1 0x0000000080004c94 (0x00e0a9b3) x19 0x0000000000000000
core   0: 0x0000000080004c98 (0x1313f9d3) fmul.d  fs3, ft7, fa7
core   0: 1 0x0000000080004c98 (0x1313f9d3) f19 0x7ff8000000000000
core   0: 0x0000000080004c9c (0x4000db93) srai    s7, ra, 0
core   0: 1 0x0000000080004c9c (0x4000db93) x23 0x0000000080004014
core   0: 0x0000000080004ca0 (0x4170d6b3) sra     a3, ra, s7
core   0: 1 0x0000000080004ca0 (0x4170d6b3) x13 0x0000000000000800
core   0: 0x0000000080004ca4 (0x40b98d3b) subw    s10, s3, a1
core   0: 1 0x0000000080004ca4 (0x40b98d3b) x26 0x000000000eb6aa8d
core   0: 0x0000000080004ca8 (0x4296da13) srai    s4, a3, 41
core   0: 1 0x0000000080004ca8 (0x4296da13) x20 0x0000000000000000
core   0: 0x0000000080004cac (0xc23773d3) fcvt.lu.d t2, fa4
core   0: 1 0x0000000080004cac (0xc23773d3) c1_fflags 0x0000000000000010 x7  0xffffffffffffffff
core   0: 0x0000000080004cb0 (0x5a05fa53) fsqrt.d fs4, fa1
core   0: 1 0x0000000080004cb0 (0x5a05fa53) f20 0x7ff8000000000000
core   0: 0x0000000080004cb4 (0x0005109b) slliw   ra, a0, 0
core   0: 1 0x0000000080004cb4 (0x0005109b) x1  0x0000000000000000
core   0: 0x0000000080004cb8 (0x02a787bb) mulw    a5, a5, a0
core   0: 1 0x0000000080004cb8 (0x02a787bb) x15 0x0000000000000000
core   0: 0x0000000080004cbc (0x005a1ebb) sllw    t4, s4, t0
core   0: 1 0x0000000080004cbc (0x005a1ebb) x29 0x0000000000000000
core   0: 0x0000000080004cc0 (0x40e5d73b) sraw    a4, a1, a4
core   0: 1 0x0000000080004cc0 (0x40e5d73b) x14 0xfffffffffc52555c
core   0: 0x0000000080004cc4 (0x00000001) c.nop
core   0: 1 0x0000000080004cc4 (0x0001)
core   0: 0x0000000080004cc6 (0x03020633) mul     a2, tp, a6
core   0: 1 0x0000000080004cc6 (0x03020633) x12 0x0000000000000000
core   0: 0x0000000080004cca (0x02e0f6bb) remuw   a3, ra, a4
core   0: 1 0x0000000080004cca (0x02e0f6bb) x13 0x0000000000000000
core   0: 0x0000000080004cce (0x40c75433) sra     s0, a4, a2
core   0: 1 0x0000000080004cce (0x40c75433) x8  0xfffffffffc52555c
core   0: 0x0000000080004cd2 (0x01385e93) srli    t4, a6, 19
core   0: 1 0x0000000080004cd2 (0x01385e93) x29 0x0000100000000000
core   0: 0x0000000080004cd6 (0x0056db93) srli    s7, a3, 5
core   0: 1 0x0000000080004cd6 (0x0056db93) x23 0x0000000000000000
core   0: 0x0000000080004cda (0x00000001) c.nop
core   0: 1 0x0000000080004cda (0x0001)
core   0: 0x0000000080004cdc (0x000d6293) ori     t0, s10, 0
core   0: 1 0x0000000080004cdc (0x000d6293) x5  0x000000000eb6aa8d
core   0: 0x0000000080004ce0 (0xc23b7253) fcvt.lu.d tp, fs6
core   0: 1 0x0000000080004ce0 (0xc23b7253) x4  0x0000000000000000
core   0: 0x0000000080004ce4 (0x017270b3) and     ra, tp, s7
core   0: 1 0x0000000080004ce4 (0x017270b3) x1  0x0000000000000000
core   0: 0x0000000080004ce8 (0x0242d6b3) divu    a3, t0, tp
core   0: 1 0x0000000080004ce8 (0x0242d6b3) x13 0xffffffffffffffff
core   0: 0x0000000080004cec (0xc20a7453) fcvt.w.d s0, fs4
core   0: 1 0x0000000080004cec (0xc20a7453) c1_fflags 0x0000000000000010 x8  0x000000007fffffff
core   0: 0x0000000080004cf0 (0x0ff0000f) fence   iorw,iorw
core   0: 1 0x0000000080004cf0 (0x0ff0000f)
core   0: 0x0000000080004cf4 (0x41368d33) sub     s10, a3, s3
core   0: 1 0x0000000080004cf4 (0x41368d33) x26 0xffffffffffffffff
core   0: 0x0000000080004cf8 (0x000b1a93) slli    s5, s6, 0
core   0: 1 0x0000000080004cf8 (0x000b1a93) x21 0x000000000000011b
core   0: 0x0000000080004cfc (0x9ec9c313) xori    t1, s3, -1556
core   0: 1 0x0000000080004cfc (0x9ec9c313) x6  0xfffffffffffff9ec
core   0: 0x0000000080004d00 (0x41ad54bb) sraw    s1, s10, s10
core   0: 1 0x0000000080004d00 (0x41ad54bb) x9  0xffffffffffffffff
core   0: 0x0000000080004d04 (0x01315933) srl     s2, sp, s3
core   0: 1 0x0000000080004d04 (0x01315933) x18 0x0000000000000011
core   0: 0x0000000080004d08 (0x01a65633) srl     a2, a2, s10
core   0: 1 0x0000000080004d08 (0x01a65633) x12 0x0000000000000000
core   0: 0x0000000080004d0c (0x03390133) mul     sp, s2, s3
core   0: 1 0x0000000080004d0c (0x03390133) x2  0x0000000000000000
core   0: 0x0000000080004d10 (0x00d01033) sll     zero, zero, a3
core   0: 1 0x0000000080004d10 (0x00d01033)
core   0: 0x0000000080004d14 (0x03b013b3) mulh    t2, zero, s11
core   0: 1 0x0000000080004d14 (0x03b013b3) x7  0x0000000000000000
core   0: 0x0000000080004d18 (0x007bdd33) srl     s10, s7, t2
core   0: 1 0x0000000080004d18 (0x007bdd33) x26 0x0000000000000000
core   0: 0x0000000080004d1c (0x40a9873b) subw    a4, s3, a0
core   0: 1 0x0000000080004d1c (0x40a9873b) x14 0x0000000000000000
core   0: 0x0000000080004d20 (0x23871c53) fsgnjn.d fs8, fa4, fs8
core   0: 1 0x0000000080004d20 (0x23871c53) f24 0xffffffff7fc00000
core   0: 0x0000000080004d24 (0xd239fb53) fcvt.d.lu fs6, s3
core   0: 1 0x0000000080004d24 (0xd239fb53) f22 0x0000000000000000
core   0: 0x0000000080004d28 (0x14408c9b) addiw   s9, ra, 324
core   0: 1 0x0000000080004d28 (0x14408c9b) x25 0x0000000000000144
core   0: 0x0000000080004d2c (0x01665033) srl     zero, a2, s6
core   0: 1 0x0000000080004d2c (0x01665033)
core   0: 0x0000000080004d30 (0x00000001) c.nop
core   0: 1 0x0000000080004d30 (0x0001)
core   0: 0x0000000080004d32 (0x000092f6) c.add   t0, t4
core   0: 1 0x0000000080004d32 (0x92f6) x5  0x000010000eb6aa8d
core   0: 0x0000000080004d34 (0x005af033) and     zero, s5, t0
core   0: 1 0x0000000080004d34 (0x005af033)
core   0: 0x0000000080004d38 (0x0012ddbb) srlw    s11, t0, ra
core   0: 1 0x0000000080004d38 (0x0012ddbb) x27 0x000000000eb6aa8d
core   0: 0x0000000080004d3c (0x1aeff353) fdiv.d  ft6, ft11, fa4
core   0: 1 0x0000000080004d3c (0x1aeff353) f6  0x7ff8000000000000
core   0: 0x0000000080004d40 (0x0138d8bb) srlw    a7, a7, s3
core   0: 1 0x0000000080004d40 (0x0138d8bb) x17 0x0000000000000000
core   0: 0x0000000080004d44 (0x4070dc13) srai    s8, ra, 7
core   0: 1 0x0000000080004d44 (0x4070dc13) x24 0x0000000000000000
core   0: 0x0000000080004d48 (0x031c6cb3) rem     s9, s8, a7
core   0: 1 0x0000000080004d48 (0x031c6cb3) x25 0x0000000000000000
core   0: 0x0000000080004d4c (0x01929dbb) sllw    s11, t0, s9
core   0: 1 0x0000000080004d4c (0x01929dbb) x27 0x000000000eb6aa8d
core   0: 0x0000000080004d50 (0xc2177153) fcvt.wu.d sp, fa4
core   0: 1 0x0000000080004d50 (0xc2177153) c1_fflags 0x0000000000000010 x2  0xffffffffffffffff
core   0: 0x0000000080004d54 (0x41635ebb) sraw    t4, t1, s6
core   0: 1 0x0000000080004d54 (0x41635ebb) x29 0xffffffffffffffff
core   0: 0x0000000080004d58 (0x41b10e3b) subw    t3, sp, s11
core   0: 1 0x0000000080004d58 (0x41b10e3b) x28 0xfffffffff1495572
core   0: 0x0000000080004d5c (0x40edd09b) sraiw   ra, s11, 14
core   0: 1 0x0000000080004d5c (0x40edd09b) x1  0x0000000000003ada
core   0: 0x0000000080004d60 (0x407e093b) subw    s2, t3, t2
core   0: 1 0x0000000080004d60 (0x407e093b) x18 0xfffffffff1495572
core   0: 0x0000000080004d64 (0xc2067553) fcvt.w.d a0, fa2
core   0: 1 0x0000000080004d64 (0xc2067553) c1_fflags 0x0000000000000010 x10 0x000000007fffffff
core   0: 0x0000000080004d68 (0xd22b73d3) fcvt.d.l ft7, s6
core   0: 1 0x0000000080004d68 (0xd22b73d3) f7  0x4071b00000000000
core   0: 0x0000000080004d6c (0x3a32f0cf) fnmadd.d ft1, ft5, ft3, ft7
core   0: 1 0x0000000080004d6c (0x3a32f0cf) f1  0x7ff8000000000000
core   0: 0x0000000080004d70 (0x800a8593) addi    a1, s5, -2048
core   0: 1 0x0000000080004d70 (0x800a8593) x11 0xfffffffffffff91b
core   0: 0x0000000080004d74 (0x01477833) and     a6, a4, s4
core   0: 1 0x0000000080004d74 (0x01477833) x16 0x0000000000000000
core   0: 0x0000000080004d78 (0x00000001) c.nop
core   0: 1 0x0000000080004d78 (0x0001)
core   0: 0x0000000080004d7a (0x40180633) sub     a2, a6, ra
core   0: 1 0x0000000080004d7a (0x40180633) x12 0xffffffffffffc526
core   0: 0x0000000080004d7e (0x004192bb) sllw    t0, gp, tp
core   0: 1 0x0000000080004d7e (0x004192bb) x5  0x0000000000000000
core   0: 0x0000000080004d82 (0x0294ecb3) rem     s9, s1, s1
core   0: 1 0x0000000080004d82 (0x0294ecb3) x25 0x0000000000000000
core   0: 0x0000000080004d86 (0xe20181d3) fmv.x.d gp, ft3
core   0: 1 0x0000000080004d86 (0xe20181d3) x3  0x7ff8000000000000
core   0: 0x0000000080004d8a (0x023c9e33) mulh    t3, s9, gp
core   0: 1 0x0000000080004d8a (0x023c9e33) x28 0x0000000000000000
core   0: 0x0000000080004d8e (0x00000001) c.nop
core   0: 1 0x0000000080004d8e (0x0001)
core   0: 0x0000000080004d90 (0x4170d0bb) sraw    ra, ra, s7
core   0: 1 0x0000000080004d90 (0x4170d0bb) x1  0x0000000000003ada
core   0: 0x0000000080004d94 (0x02c6c6bb) divw    a3, a3, a2
core   0: 1 0x0000000080004d94 (0x02c6c6bb) x13 0x0000000000000000
core   0: 0x0000000080004d98 (0x007c9cbb) sllw    s9, s9, t2
core   0: 1 0x0000000080004d98 (0x007c9cbb) x25 0x0000000000000000
core   0: 0x0000000080004d9c (0x01c394bb) sllw    s1, t2, t3
core   0: 1 0x0000000080004d9c (0x01c394bb) x9  0x0000000000000000
core   0: 0x0000000080004da0 (0xacb86893) ori     a7, a6, -1333
core   0: 1 0x0000000080004da0 (0xacb86893) x17 0xfffffffffffffacb
core   0: 0x0000000080004da4 (0x2afa9453) fmax.d  fs0, fs5, fa5
core   0: 1 0x0000000080004da4 (0x2afa9453) f8  0x43f0000000000000
core   0: 0x0000000080004da8 (0xd028f3d3) fcvt.s.l ft7, a7
core   0: 1 0x0000000080004da8 (0xd028f3d3) f7  0xffffffffc4a6a000
core   0: 0x0000000080004dac (0x03de2e33) mulhsu  t3, t3, t4
core   0: 1 0x0000000080004dac (0x03de2e33) x28 0x0000000000000000
core   0: 0x0000000080004db0 (0x0006149b) slliw   s1, a2, 0
core   0: 1 0x0000000080004db0 (0x0006149b) x9  0xffffffffffffc526
core   0: 0x0000000080004db4 (0x001eed33) or      s10, t4, ra
core   0: 1 0x0000000080004db4 (0x001eed33) x26 0xffffffffffffffff
core   0: 0x0000000080004db8 (0x012ede9b) srliw   t4, t4, 18
core   0: 1 0x0000000080004db8 (0x012ede9b) x29 0x0000000000003fff
core   0: 0x0000000080004dbc (0x34266273) csrrsi  tp, mcause, 12
core   0: exception trap_illegal_instruction, epc 0x0000000080004dbc
core   0:           tval 0x0000000034266273
core   0: >>>>  $xrv64i2p1_m2p0_a2p1_f2p2_d2p2_zicsr2p0_zifencei2p0_zmmul1p0_zba1p0_zbb1p0_zbc1p0_zbs1p0
core   0: 0x0000000080004000 (0x0080006f) j       pc + 0x8
core   0: 3 0x0000000080004000 (0x0080006f)
core   0: >>>>  mmode_exception_handler
core   0: 0x0000000080004008 (0x00002c17) auipc   s8, 0x2
core   0: 3 0x0000000080004008 (0x00002c17) x24 0x0000000080006008
core   0: 0x000000008000400c (0x056c0c13) addi    s8, s8, 86
core   0: 3 0x000000008000400c (0x056c0c13) x24 0x000000008000605e
core   0: 0x0000000080004010 (0x000c00e7) jalr    s8
core   0: 3 0x0000000080004010 (0x000c00e7) x1  0x0000000080004014
core   0: >>>>  any_handler
core   0: 0x000000008000605e (0x341027f3) csrrs   a5, mepc, zero
core   0: 3 0x000000008000605e (0x341027f3) x15 0x0000000080004dbc
core   0: 0x0000000080006062 (0x34202773) csrrs   a4, mcause, zero
core   0: 3 0x0000000080006062 (0x34202773) x14 0x0000000000000002
core   0: 0x0000000080006066 (0x142026f3) csrrs   a3, scause, zero
core   0: 3 0x0000000080006066 (0x142026f3) x13 0x0000000000000000
core   0: 0x000000008000606a (0x30402673) csrrs   a2, mie, zero
core   0: 3 0x000000008000606a (0x30402673) x12 0x0000000000000a00
core   0: 0x000000008000606e (0x344025f3) csrrs   a1, mip, zero
core   0: 3 0x000000008000606e (0x344025f3) x11 0x0000000000000080
core   0: 0x0000000080006072 (0x343025f3) csrrs   a1, mtval, zero
core   0: 3 0x0000000080006072 (0x343025f3) x11 0x0000000034266273
core   0: 0x0000000080006076 (0x14302573) csrrs   a0, stval, zero
core   0: 3 0x0000000080006076 (0x14302573) x10 0x0000000000000000
core   0: 0x000000008000607a (0xb02024f3) csrrs   s1, minstret, zero
core   0: 3 0x000000008000607a (0xb02024f3) x9  0x0000000000000bcc
core   0: 0x000000008000607e (0x0000a811) c.j     pc + 20
core   0: 3 0x000000008000607e (0xa811)
core   0: >>>>  mepc_4
core   0: 0x0000000080006092 (0x00000791) c.addi  a5, 4
core   0: 3 0x0000000080006092 (0x0791) x15 0x0000000080004dc0
core   0: 0x0000000080006094 (0x34179073) csrrw   zero, mepc, a5
core   0: 3 0x0000000080006094 (0x34179073) c833_mepc 0x0000000080004dc0
core   0: 0x0000000080006098 (0x30200073) mret
core   0: 3 0x0000000080006098 (0x30200073) c768_mstatus 0x8000000a00106080
core   0: 0x0000000080004dc0 (0x01a69a1b) slliw   s4, a3, 26
core   0: 1 0x0000000080004dc0 (0x01a69a1b) x20 0x0000000000000000
core   0: 0x0000000080004dc4 (0x2383a4d3) fsgnjx.d fs1, ft7, fs8
core   0: 1 0x0000000080004dc4 (0x2383a4d3) f9  0x7fffffffc4a6a000
core   0: 0x0000000080004dc8 (0xd2120ed3) fcvt.d.wu ft9, tp
core   0: 1 0x0000000080004dc8 (0xd2120ed3) f29 0x0000000000000000
core   0: 0x0000000080004dcc (0x169a6c93) ori     s9, s4, 361
core   0: 1 0x0000000080004dcc (0x169a6c93) x25 0x0000000000000169
core   0: 0x0000000080004dd0 (0x01902033) slt     zero, zero, s9
core   0: 1 0x0000000080004dd0 (0x01902033)
core   0: 0x0000000080004dd4 (0x4009d11b) sraiw   sp, s3, 0
core   0: 1 0x0000000080004dd4 (0x4009d11b) x2  0x0000000000000000
core   0: 0x0000000080004dd8 (0x00000001) c.nop
core   0: 1 0x0000000080004dd8 (0x0001)
core   0: 0x0000000080004dda (0xa3438753) fle.d   a4, ft7, fs4
core   0: 1 0x0000000080004dda (0xa3438753) c1_fflags 0x0000000000000010 x14 0x0000000000000000
core   0: 0x0000000080004dde (0x01dec1b3) xor     gp, t4, t4
core   0: 1 0x0000000080004dde (0x01dec1b3) x3  0x0000000000000000
core   0: 0x0000000080004de2 (0x038885b3) mul     a1, a7, s8
core   0: 1 0x0000000080004de2 (0x038885b3) x11 0xfffffd657e0a368a
core   0: 0x0000000080004de6 (0xc301f24f) fnmadd.d ft4, ft3, fa6, fs8
core   0: 1 0x0000000080004de6 (0xc301f24f) f4  0x7ff8000000000000
core   0: 0x0000000080004dea (0x0005d29b) srliw   t0, a1, 0
core   0: 1 0x0000000080004dea (0x0005d29b) x5  0x000000007e0a368a
core   0: 0x0000000080004dee (0x0248fcb3) remu    s9, a7, tp
core   0: 1 0x0000000080004dee (0x0248fcb3) x25 0xfffffffffffffacb
core   0: 0x0000000080004df2 (0x0343c83b) divw    a6, t2, s4
core   0: 1 0x0000000080004df2 (0x0343c83b) x16 0xffffffffffffffff
core   0: 0x0000000080004df6 (0x1440a3f3) csrrs   t2, sip, ra
core   0: 1 0x0000000080004df6 (0x1440a3f3) x7  0x0000000000000000 c836_mip 0x0000000000000080
core   0: 0x0000000080004dfa (0x002385b3) add     a1, t2, sp
core   0: 1 0x0000000080004dfa (0x002385b3) x11 0x0000000000000000
core   0: 0x0000000080004dfe (0xc038f773) csrrci  a4, hpmcounter3, 17
core   0: exception trap_illegal_instruction, epc 0x0000000080004dfe
core   0:           tval 0x00000000c038f773
core   0: >>>>  $xrv64i2p1_m2p0_a2p1_f2p2_d2p2_zicsr2p0_zifencei2p0_zmmul1p0_zba1p0_zbb1p0_zbc1p0_zbs1p0
core   0: 0x0000000080004000 (0x0080006f) j       pc + 0x8
core   0: 3 0x0000000080004000 (0x0080006f)
core   0: >>>>  mmode_exception_handler
core   0: 0x0000000080004008 (0x00002c17) auipc   s8, 0x2
core   0: 3 0x0000000080004008 (0x00002c17) x24 0x0000000080006008
core   0: 0x000000008000400c (0x056c0c13) addi    s8, s8, 86
core   0: 3 0x000000008000400c (0x056c0c13) x24 0x000000008000605e
core   0: 0x0000000080004010 (0x000c00e7) jalr    s8
core   0: 3 0x0000000080004010 (0x000c00e7) x1  0x0000000080004014
core   0: >>>>  any_handler
core   0: 0x000000008000605e (0x341027f3) csrrs   a5, mepc, zero
core   0: 3 0x000000008000605e (0x341027f3) x15 0x0000000080004dfe
core   0: 0x0000000080006062 (0x34202773) csrrs   a4, mcause, zero
core   0: 3 0x0000000080006062 (0x34202773) x14 0x0000000000000002
core   0: 0x0000000080006066 (0x142026f3) csrrs   a3, scause, zero
core   0: 3 0x0000000080006066 (0x142026f3) x13 0x0000000000000000
core   0: 0x000000008000606a (0x30402673) csrrs   a2, mie, zero
core   0: 3 0x000000008000606a (0x30402673) x12 0x0000000000000a00
core   0: 0x000000008000606e (0x344025f3) csrrs   a1, mip, zero
core   0: 3 0x000000008000606e (0x344025f3) x11 0x0000000000000080
core   0: 0x0000000080006072 (0x343025f3) csrrs   a1, mtval, zero
core   0: 3 0x0000000080006072 (0x343025f3) x11 0x00000000c038f773
core   0: 0x0000000080006076 (0x14302573) csrrs   a0, stval, zero
core   0: 3 0x0000000080006076 (0x14302573) x10 0x0000000000000000
core   0: 0x000000008000607a (0xb02024f3) csrrs   s1, minstret, zero
core   0: 3 0x000000008000607a (0xb02024f3) x9  0x0000000000000bec
core   0: 0x000000008000607e (0x0000a811) c.j     pc + 20
core   0: 3 0x000000008000607e (0xa811)
core   0: >>>>  mepc_4
core   0: 0x0000000080006092 (0x00000791) c.addi  a5, 4
core   0: 3 0x0000000080006092 (0x0791) x15 0x0000000080004e02
core   0: 0x0000000080006094 (0x34179073) csrrw   zero, mepc, a5
core   0: 3 0x0000000080006094 (0x34179073) c833_mepc 0x0000000080004e02
core   0: 0x0000000080006098 (0x30200073) mret
core   0: 3 0x0000000080006098 (0x30200073) c768_mstatus 0x8000000a00106080
core   0: 0x0000000080004e02 (0xc02ef253) fcvt.l.s tp, ft9
core   0: 1 0x0000000080004e02 (0xc02ef253) c1_fflags 0x0000000000000010 x4  0x7fffffffffffffff
core   0: 0x0000000080004e06 (0x13ad7d53) fmul.d  fs10, fs10, fs10
core   0: 1 0x0000000080004e06 (0x13ad7d53) f26 0x4072100000000000
core   0: 0x0000000080004e0a (0x411255bb) sraw    a1, tp, a7
core   0: 1 0x0000000080004e0a (0x411255bb) x11 0xffffffffffffffff
core   0: 0x0000000080004e0e (0xc21779d3) fcvt.wu.d s3, fa4
core   0: 1 0x0000000080004e0e (0xc21779d3) c1_fflags 0x0000000000000010 x19 0xffffffffffffffff
core   0: 0x0000000080004e12 (0x00000001) c.nop
core   0: 1 0x0000000080004e12 (0x0001)
core   0: 0x0000000080004e14 (0x02f8f03b) remuw   zero, a7, a5
core   0: 1 0x0000000080004e14 (0x02f8f03b)
core   0: 0x0000000080004e18 (0x2b4a9c53) fmax.d  fs8, fs5, fs4
core   0: 1 0x0000000080004e18 (0x2b4a9c53) f24 0x7ff8000000000000
core   0: 0x0000000080004e1c (0xd20c04d3) fcvt.d.w fs1, s8
core   0: 1 0x0000000080004e1c (0xd20c04d3) f9  0xc1dfffe7e8800000
core   0: 0x0000000080004e20 (0x00825433) srl     s0, tp, s0
core   0: 1 0x0000000080004e20 (0x00825433) x8  0x0000000000000000
core   0: 0x0000000080004e24 (0x008e5a3b) srlw    s4, t3, s0
core   0: 1 0x0000000080004e24 (0x008e5a3b) x20 0x0000000000000000
core   0: 0x0000000080004e28 (0xd21e09d3) fcvt.d.wu fs3, t3
core   0: 1 0x0000000080004e28 (0xd21e09d3) f19 0x0000000000000000
core   0: 0x0000000080004e2c (0x00da173b) sllw    a4, s4, a3
core   0: 1 0x0000000080004e2c (0x00da173b) x14 0x0000000000000000
core   0: 0x0000000080004e30 (0xe1e58b97) auipc   s7, 0xe1e58
core   0: 1 0x0000000080004e30 (0xe1e58b97) x23 0x0000000061e5ce30
core   0: 0x0000000080004e34 (0xc202f0d3) fcvt.w.d ra, ft5
core   0: 1 0x0000000080004e34 (0xc202f0d3) c1_fflags 0x0000000000000010 x1  0x000000007fffffff
core   0: 0x0000000080004e38 (0x032999b3) mulh    s3, s3, s2
core   0: 1 0x0000000080004e38 (0x032999b3) x19 0x0000000000000000
core   0: 0x0000000080004e3c (0x001afa93) andi    s5, s5, 1
core   0: 1 0x0000000080004e3c (0x001afa93) x21 0x0000000000000001
core   0: 0x0000000080004e40 (0xc032f553) fcvt.lu.s a0, ft5
core   0: 1 0x0000000080004e40 (0xc032f553) x10 0x0000000000000000
core   0: 0x0000000080004e44 (0x03337e3b) remuw   t3, t1, s3
core   0: 1 0x0000000080004e44 (0x03337e3b) x28 0xfffffffffffff9ec
core   0: 0x0000000080004e48 (0xd03b7ed3) fcvt.s.lu ft9, s6
core   0: 1 0x0000000080004e48 (0xd03b7ed3) f29 0xffffffff438d8000
core   0: 0x0000000080004e4c (0xb3defdc3) fmadd.d fs11, ft9, ft9, fs6
core   0: 1 0x0000000080004e4c (0xb3defdc3) f27 0x7ff8000000000000
core   0: 0x0000000080004e50 (0x01a9d493) srli    s1, s3, 26
core   0: 1 0x0000000080004e50 (0x01a9d493) x9  0x0000000000000000
core   0: 0x0000000080004e54 (0x40075a33) sra     s4, a4, zero
core   0: 1 0x0000000080004e54 (0x40075a33) x20 0x0000000000000000
core   0: 0x0000000080004e58 (0x00141373) csrrw   t1, fflags, s0
core   0: 1 0x0000000080004e58 (0x00141373) x6  0x0000000000000010 c1_fflags 0x0000000000000000
core   0: 0x0000000080004e5c (0x131df8d3) fmul.d  fa7, fs11, fa7
core   0: 1 0x0000000080004e5c (0x131df8d3) f17 0x7ff8000000000000
core   0: 0x0000000080004e60 (0x00ecf6b7) lui     a3, 0xecf
core   0: 1 0x0000000080004e60 (0x00ecf6b7) x13 0x0000000000ecf000
core   0: 0x0000000080004e64 (0x84f6869b) addiw   a3, a3, -1969
core   0: 1 0x0000000080004e64 (0x84f6869b) x13 0x0000000000ece84f
core   0: 0x0000000080004e68 (0x000006ba) c.slli  a3, 14
core   0: 1 0x0000000080004e68 (0x06ba) x13 0x0000003b3a13c000
core   0: 0x0000000080004e6a (0x8e368693) addi    a3, a3, -1821
core   0: 1 0x0000000080004e6a (0x8e368693) x13 0x0000003b3a13b8e3
core   0: 0x0000000080004e6e (0x0342f353) fadd.d  ft6, ft5, fs4
core   0: 1 0x0000000080004e6e (0x0342f353) f6  0x7ff8000000000000
core   0: 0x0000000080004e72 (0xc06570f3) csrrci  ra, hpmcounter6, 10
core   0: exception trap_illegal_instruction, epc 0x0000000080004e72
core   0:           tval 0x00000000c06570f3
core   0: >>>>  $xrv64i2p1_m2p0_a2p1_f2p2_d2p2_zicsr2p0_zifencei2p0_zmmul1p0_zba1p0_zbb1p0_zbc1p0_zbs1p0
core   0: 0x0000000080004000 (0x0080006f) j       pc + 0x8
core   0: 3 0x0000000080004000 (0x0080006f)
core   0: >>>>  mmode_exception_handler
core   0: 0x0000000080004008 (0x00002c17) auipc   s8, 0x2
core   0: 3 0x0000000080004008 (0x00002c17) x24 0x0000000080006008
core   0: 0x000000008000400c (0x056c0c13) addi    s8, s8, 86
core   0: 3 0x000000008000400c (0x056c0c13) x24 0x000000008000605e
core   0: 0x0000000080004010 (0x000c00e7) jalr    s8
core   0: 3 0x0000000080004010 (0x000c00e7) x1  0x0000000080004014
core   0: >>>>  any_handler
core   0: 0x000000008000605e (0x341027f3) csrrs   a5, mepc, zero
core   0: 3 0x000000008000605e (0x341027f3) x15 0x0000000080004e72
core   0: 0x0000000080006062 (0x34202773) csrrs   a4, mcause, zero
core   0: 3 0x0000000080006062 (0x34202773) x14 0x0000000000000002
core   0: 0x0000000080006066 (0x142026f3) csrrs   a3, scause, zero
core   0: 3 0x0000000080006066 (0x142026f3) x13 0x0000000000000000
core   0: 0x000000008000606a (0x30402673) csrrs   a2, mie, zero
core   0: 3 0x000000008000606a (0x30402673) x12 0x0000000000000a00
core   0: 0x000000008000606e (0x344025f3) csrrs   a1, mip, zero
core   0: 3 0x000000008000606e (0x344025f3) x11 0x0000000000000080
core   0: 0x0000000080006072 (0x343025f3) csrrs   a1, mtval, zero
core   0: 3 0x0000000080006072 (0x343025f3) x11 0x00000000c06570f3
core   0: 0x0000000080006076 (0x14302573) csrrs   a0, stval, zero
core   0: 3 0x0000000080006076 (0x14302573) x10 0x0000000000000000
core   0: 0x000000008000607a (0xb02024f3) csrrs   s1, minstret, zero
core   0: 3 0x000000008000607a (0xb02024f3) x9  0x0000000000000c19
core   0: 0x000000008000607e (0x0000a811) c.j     pc + 20
core   0: 3 0x000000008000607e (0xa811)
core   0: >>>>  mepc_4
core   0: 0x0000000080006092 (0x00000791) c.addi  a5, 4
core   0: 3 0x0000000080006092 (0x0791) x15 0x0000000080004e76
core   0: 0x0000000080006094 (0x34179073) csrrw   zero, mepc, a5
core   0: 3 0x0000000080006094 (0x34179073) c833_mepc 0x0000000080004e76
core   0: 0x0000000080006098 (0x30200073) mret
core   0: 3 0x0000000080006098 (0x30200073) c768_mstatus 0x8000000a00106080
core   0: 0x0000000080004e76 (0x40e7de3b) sraw    t3, a5, a4
core   0: 1 0x0000000080004e76 (0x40e7de3b) x28 0xffffffffe000139d
core   0: 0x0000000080004e7a (0x00000001) c.nop
core   0: 1 0x0000000080004e7a (0x0001)
core   0: 0x0000000080004e7c (0x002e05bb) addw    a1, t3, sp
core   0: 1 0x0000000080004e7c (0x002e05bb) x11 0xffffffffe000139d
core   0: 0x0000000080004e80 (0x0045d9bb) srlw    s3, a1, tp
core   0: 1 0x0000000080004e80 (0x0045d9bb) x19 0x0000000000000001
core   0: 0x0000000080004e84 (0xc232fbd3) fcvt.lu.d s7, ft5
core   0: 1 0x0000000080004e84 (0xc232fbd3) c1_fflags 0x0000000000000010 x23 0xffffffffffffffff
core   0: 0x0000000080004e88 (0x0280d433) divu    s0, ra, s0
core   0: 1 0x0000000080004e88 (0x0280d433) x8  0xffffffffffffffff
core   0: 0x0000000080004e8c (0x2261a453) fsgnjx.d fs0, ft3, ft6
core   0: 1 0x0000000080004e8c (0x2261a453) f8  0x7ff8000000000000
core   0: 0x0000000080004e90 (0x0003aa33) slt     s4, t2, zero
core   0: 1 0x0000000080004e90 (0x0003aa33) x20 0x0000000000000000
core   0: 0x0000000080004e94 (0xd0227d53) fcvt.s.l fs10, tp
core   0: 1 0x0000000080004e94 (0xd0227d53) c1_fflags 0x0000000000000011 f26 0xffffffff5f000000
core   0: 0x0000000080004e98 (0x01d51533) sll     a0, a0, t4
core   0: 1 0x0000000080004e98 (0x01d51533) x10 0x0000000000000000
core   0: 0x0000000080004e9c (0x0106d91b) srliw   s2, a3, 16
core   0: 1 0x0000000080004e9c (0x0106d91b) x18 0x0000000000000000
core   0: 0x0000000080004ea0 (0xe20f93d3) fclass.d t2, ft11
core   0: 1 0x0000000080004ea0 (0xe20f93d3) x7  0x0000000000000010
core   0: 0x0000000080004ea4 (0x00000001) c.nop
core   0: 1 0x0000000080004ea4 (0x0001)
core   0: 0x0000000080004ea6 (0x400055b3) sra     a1, zero, zero
core   0: 1 0x0000000080004ea6 (0x400055b3) x11 0x0000000000000000
core   0: 0x0000000080004eaa (0x03ef7853) fadd.d  fa6, ft10, ft10
core   0: 1 0x0000000080004eaa (0x03ef7853) f16 0x0000000000000000
core   0: 0x0000000080004eae (0x00000001) c.nop
core   0: 1 0x0000000080004eae (0x0001)
core   0: 0x0000000080004eb0 (0xe2050753) fmv.x.d a4, fa0
core   0: 1 0x0000000080004eb0 (0xe2050753) x14 0xffffffff40000000
core   0: 0x0000000080004eb4 (0x00102973) csrrs   s2, fflags, zero
core   0: 1 0x0000000080004eb4 (0x00102973) x18 0x0000000000000011
core   0: 0x0000000080004eb8 (0x23081c53) fsgnjn.d fs8, fa6, fa6
core   0: 1 0x0000000080004eb8 (0x23081c53) f24 0x8000000000000000
core   0: 0x0000000080004ebc (0xc03ef053) fcvt.lu.s zero, ft9
core   0: 1 0x0000000080004ebc (0xc03ef053)
core   0: 0x0000000080004ec0 (0x0163981b) slliw   a6, t2, 22
core   0: 1 0x0000000080004ec0 (0x0163981b) x16 0x0000000004000000
core   0: 0x0000000080004ec4 (0x342a55f3) csrrwi  a1, mcause, 20
core   0: exception trap_illegal_instruction, epc 0x0000000080004ec4
core   0:           tval 0x00000000342a55f3
core   0: >>>>  $xrv64i2p1_m2p0_a2p1_f2p2_d2p2_zicsr2p0_zifencei2p0_zmmul1p0_zba1p0_zbb1p0_zbc1p0_zbs1p0
core   0: 0x0000000080004000 (0x0080006f) j       pc + 0x8
core   0: 3 0x0000000080004000 (0x0080006f)
core   0: >>>>  mmode_exception_handler
core   0: 0x0000000080004008 (0x00002c17) auipc   s8, 0x2
core   0: 3 0x0000000080004008 (0x00002c17) x24 0x0000000080006008
core   0: 0x000000008000400c (0x056c0c13) addi    s8, s8, 86
core   0: 3 0x000000008000400c (0x056c0c13) x24 0x000000008000605e
core   0: 0x0000000080004010 (0x000c00e7) jalr    s8
core   0: 3 0x0000000080004010 (0x000c00e7) x1  0x0000000080004014
core   0: >>>>  any_handler
core   0: 0x000000008000605e (0x341027f3) csrrs   a5, mepc, zero
core   0: 3 0x000000008000605e (0x341027f3) x15 0x0000000080004ec4
core   0: 0x0000000080006062 (0x34202773) csrrs   a4, mcause, zero
core   0: 3 0x0000000080006062 (0x34202773) x14 0x0000000000000002
core   0: 0x0000000080006066 (0x142026f3) csrrs   a3, scause, zero
core   0: 3 0x0000000080006066 (0x142026f3) x13 0x0000000000000000
core   0: 0x000000008000606a (0x30402673) csrrs   a2, mie, zero
core   0: 3 0x000000008000606a (0x30402673) x12 0x0000000000000a00
core   0: 0x000000008000606e (0x344025f3) csrrs   a1, mip, zero
core   0: 3 0x000000008000606e (0x344025f3) x11 0x0000000000000080
core   0: 0x0000000080006072 (0x343025f3) csrrs   a1, mtval, zero
core   0: 3 0x0000000080006072 (0x343025f3) x11 0x00000000342a55f3
core   0: 0x0000000080006076 (0x14302573) csrrs   a0, stval, zero
core   0: 3 0x0000000080006076 (0x14302573) x10 0x0000000000000000
core   0: 0x000000008000607a (0xb02024f3) csrrs   s1, minstret, zero
core   0: 3 0x000000008000607a (0xb02024f3) x9  0x0000000000000c3e
core   0: 0x000000008000607e (0x0000a811) c.j     pc + 20
core   0: 3 0x000000008000607e (0xa811)
core   0: >>>>  mepc_4
core   0: 0x0000000080006092 (0x00000791) c.addi  a5, 4
core   0: 3 0x0000000080006092 (0x0791) x15 0x0000000080004ec8
core   0: 0x0000000080006094 (0x34179073) csrrw   zero, mepc, a5
core   0: 3 0x0000000080006094 (0x34179073) c833_mepc 0x0000000080004ec8
core   0: 0x0000000080006098 (0x30200073) mret
core   0: 3 0x0000000080006098 (0x30200073) c768_mstatus 0x8000000a00106080
core   0: 0x0000000080004ec8 (0x0001919b) slliw   gp, gp, 0
core   0: 1 0x0000000080004ec8 (0x0001919b) x3  0x0000000000000000
core   0: 0x0000000080004ecc (0x00008f59) c.or    a4, a4
core   0: 1 0x0000000080004ecc (0x8f59) x14 0x0000000000000002
core   0: 0x0000000080004ece (0x229d2bd3) fsgnjx.d fs7, fs10, fs1
core   0: 1 0x0000000080004ece (0x229d2bd3) f23 0x7fffffff5f000000
core   0: 0x0000000080004ed2 (0x00202a73) csrrs   s4, frm, zero
core   0: 1 0x0000000080004ed2 (0x00202a73) x20 0x0000000000000000
core   0: 0x0000000080004ed6 (0xa3a51dd3) flt.d   s11, fa0, fs10
core   0: 1 0x0000000080004ed6 (0xa3a51dd3) c1_fflags 0x0000000000000011 x27 0x0000000000000000
core   0: 0x0000000080004eda (0xd1306e17) auipc   t3, 0xd1306
core   0: 1 0x0000000080004eda (0xd1306e17) x28 0x000000005130aeda
core   0: 0x0000000080004ede (0x001e1973) csrrw   s2, fflags, t3
core   0: 1 0x0000000080004ede (0x001e1973) x18 0x0000000000000011 c1_fflags 0x000000000000001a
core   0: 0x0000000080004ee2 (0xf115acf3) csrrs   s9, mvendorid, a1
core   0: exception trap_illegal_instruction, epc 0x0000000080004ee2
core   0:           tval 0x00000000f115acf3
core   0: >>>>  $xrv64i2p1_m2p0_a2p1_f2p2_d2p2_zicsr2p0_zifencei2p0_zmmul1p0_zba1p0_zbb1p0_zbc1p0_zbs1p0
core   0: 0x0000000080004000 (0x0080006f) j       pc + 0x8
core   0: 3 0x0000000080004000 (0x0080006f)
core   0: >>>>  mmode_exception_handler
core   0: 0x0000000080004008 (0x00002c17) auipc   s8, 0x2
core   0: 3 0x0000000080004008 (0x00002c17) x24 0x0000000080006008
core   0: 0x000000008000400c (0x056c0c13) addi    s8, s8, 86
core   0: 3 0x000000008000400c (0x056c0c13) x24 0x000000008000605e
core   0: 0x0000000080004010 (0x000c00e7) jalr    s8
core   0: 3 0x0000000080004010 (0x000c00e7) x1  0x0000000080004014
core   0: >>>>  any_handler
core   0: 0x000000008000605e (0x341027f3) csrrs   a5, mepc, zero
core   0: 3 0x000000008000605e (0x341027f3) x15 0x0000000080004ee2
core   0: 0x0000000080006062 (0x34202773) csrrs   a4, mcause, zero
core   0: 3 0x0000000080006062 (0x34202773) x14 0x0000000000000002
core   0: 0x0000000080006066 (0x142026f3) csrrs   a3, scause, zero
core   0: 3 0x0000000080006066 (0x142026f3) x13 0x0000000000000000
core   0: 0x000000008000606a (0x30402673) csrrs   a2, mie, zero
core   0: 3 0x000000008000606a (0x30402673) x12 0x0000000000000a00
core   0: 0x000000008000606e (0x344025f3) csrrs   a1, mip, zero
core   0: 3 0x000000008000606e (0x344025f3) x11 0x0000000000000080
core   0: 0x0000000080006072 (0x343025f3) csrrs   a1, mtval, zero
core   0: 3 0x0000000080006072 (0x343025f3) x11 0x00000000f115acf3
core   0: 0x0000000080006076 (0x14302573) csrrs   a0, stval, zero
core   0: 3 0x0000000080006076 (0x14302573) x10 0x0000000000000000
core   0: 0x000000008000607a (0xb02024f3) csrrs   s1, minstret, zero
core   0: 3 0x000000008000607a (0xb02024f3) x9  0x0000000000000c55
core   0: 0x000000008000607e (0x0000a811) c.j     pc + 20
core   0: 3 0x000000008000607e (0xa811)
core   0: >>>>  mepc_4
core   0: 0x0000000080006092 (0x00000791) c.addi  a5, 4
core   0: 3 0x0000000080006092 (0x0791) x15 0x0000000080004ee6
core   0: 0x0000000080006094 (0x34179073) csrrw   zero, mepc, a5
core   0: 3 0x0000000080006094 (0x34179073) c833_mepc 0x0000000080004ee6
core   0: 0x0000000080006098 (0x30200073) mret
core   0: 3 0x0000000080006098 (0x30200073) c768_mstatus 0x8000000a00106080
core   0: 0x0000000080004ee6 (0x23a92953) fsgnjx.d fs2, fs2, fs10
core   0: 1 0x0000000080004ee6 (0x23a92953) f18 0x8000000000000000
core   0: 0x0000000080004eea (0x00f78eb3) add     t4, a5, a5
core   0: 1 0x0000000080004eea (0x00f78eb3) x29 0x0000000100009dcc
core   0: 0x0000000080004eee (0x41fbd71b) sraiw   a4, s7, 31
core   0: 1 0x0000000080004eee (0x41fbd71b) x14 0xffffffffffffffff
core   0: 0x0000000080004ef2 (0xe8ecc093) xori    ra, s9, -370
core   0: 1 0x0000000080004ef2 (0xe8ecc093) x1  0x0000000000000445
core   0: 0x0000000080004ef6 (0x0ff0000f) fence   iorw,iorw
core   0: 1 0x0000000080004ef6 (0x0ff0000f)
core   0: 0x0000000080004efa (0x005d7233) and     tp, s10, t0
core   0: 1 0x0000000080004efa (0x005d7233) x4  0x000000007e0a368a
core   0: 0x0000000080004efe (0xde871597) auipc   a1, 0xde871
core   0: 1 0x0000000080004efe (0xde871597) x11 0x000000005e875efe
core   0: 0x0000000080004f02 (0x005b84bb) addw    s1, s7, t0
core   0: 1 0x0000000080004f02 (0x005b84bb) x9  0x000000007e0a3689
core   0: 0x0000000080004f06 (0xa3300b53) fle.d   s6, ft0, fs3
core   0: 1 0x0000000080004f06 (0xa3300b53) x22 0x0000000000000000
core   0: 0x0000000080004f0a (0xc20bf5d3) fcvt.w.d a1, fs7
core   0: 1 0x0000000080004f0a (0xc20bf5d3) c1_fflags 0x000000000000001a x11 0x000000007fffffff
core   0: 0x0000000080004f0e (0x01209d93) slli    s11, ra, 18
core   0: 1 0x0000000080004f0e (0x01209d93) x27 0x0000000011140000
core   0: 0x0000000080004f12 (0x00102b73) csrrs   s6, fflags, zero
core   0: 1 0x0000000080004f12 (0x00102b73) x22 0x000000000000001a
core   0: 0x0000000080004f16 (0x01cd9833) sll     a6, s11, t3
core   0: 1 0x0000000080004f16 (0x01cd9833) x16 0x0044500000000000
core   0: 0x0000000080004f1a (0x024748b3) div     a7, a4, tp
core   0: 1 0x0000000080004f1a (0x024748b3) x17 0x0000000000000000
core   0: 0x0000000080004f1e (0x028babb3) mulhsu  s7, s7, s0
core   0: 1 0x0000000080004f1e (0x028babb3) x23 0xffffffffffffffff
core   0: 0x0000000080004f22 (0x00101073) csrrw   zero, fflags, zero
core   0: 1 0x0000000080004f22 (0x00101073) c1_fflags 0x0000000000000000
core   0: 0x0000000080004f26 (0x1339fc53) fmul.d  fs8, fs3, fs3
core   0: 1 0x0000000080004f26 (0x1339fc53) f24 0x0000000000000000
core   0: 0x0000000080004f2a (0x2bad7a43) fmadd.d fs4, fs10, fs10, ft5
core   0: 1 0x0000000080004f2a (0x2bad7a43) f20 0x7ff8000000000000
core   0: 0x0000000080004f2e (0x00857cb3) and     s9, a0, s0
core   0: 1 0x0000000080004f2e (0x00857cb3) x25 0x0000000000000000
core   0: 0x0000000080004f32 (0x5a05f1d3) fsqrt.d ft3, fa1
core   0: 1 0x0000000080004f32 (0x5a05f1d3) f3  0x7ff8000000000000
core   0: 0x0000000080004f36 (0x225a1f53) fsgnjn.d ft10, fs4, ft5
core   0: 1 0x0000000080004f36 (0x225a1f53) f30 0x7ff8000000000000
core   0: 0x0000000080004f3a (0x02de08bb) mulw    a7, t3, a3
core   0: 1 0x0000000080004f3a (0x02de08bb) x17 0x0000000000000000
core   0: 0x0000000080004f3e (0x41118233) sub     tp, gp, a7
core   0: 1 0x0000000080004f3e (0x41118233) x4  0x0000000000000000
core   0: 0x0000000080004f42 (0x23ed77c3) fmadd.d fa5, fs10, ft10, ft4
core   0: 1 0x0000000080004f42 (0x23ed77c3) f15 0x7ff8000000000000
core   0: 0x0000000080004f46 (0xc03e7cf3) csrrci  s9, hpmcounter3, 28
core   0: exception trap_illegal_instruction, epc 0x0000000080004f46
core   0:           tval 0x00000000c03e7cf3
core   0: >>>>  $xrv64i2p1_m2p0_a2p1_f2p2_d2p2_zicsr2p0_zifencei2p0_zmmul1p0_zba1p0_zbb1p0_zbc1p0_zbs1p0
core   0: 0x0000000080004000 (0x0080006f) j       pc + 0x8
core   0: 3 0x0000000080004000 (0x0080006f)
core   0: >>>>  mmode_exception_handler
core   0: 0x0000000080004008 (0x00002c17) auipc   s8, 0x2
core   0: 3 0x0000000080004008 (0x00002c17) x24 0x0000000080006008
core   0: 0x000000008000400c (0x056c0c13) addi    s8, s8, 86
core   0: 3 0x000000008000400c (0x056c0c13) x24 0x000000008000605e
core   0: 0x0000000080004010 (0x000c00e7) jalr    s8
core   0: 3 0x0000000080004010 (0x000c00e7) x1  0x0000000080004014
core   0: >>>>  any_handler
core   0: 0x000000008000605e (0x341027f3) csrrs   a5, mepc, zero
core   0: 3 0x000000008000605e (0x341027f3) x15 0x0000000080004f46
core   0: 0x0000000080006062 (0x34202773) csrrs   a4, mcause, zero
core   0: 3 0x0000000080006062 (0x34202773) x14 0x0000000000000002
core   0: 0x0000000080006066 (0x142026f3) csrrs   a3, scause, zero
core   0: 3 0x0000000080006066 (0x142026f3) x13 0x0000000000000000
core   0: 0x000000008000606a (0x30402673) csrrs   a2, mie, zero
core   0: 3 0x000000008000606a (0x30402673) x12 0x0000000000000a00
core   0: 0x000000008000606e (0x344025f3) csrrs   a1, mip, zero
core   0: 3 0x000000008000606e (0x344025f3) x11 0x0000000000000080
core   0: 0x0000000080006072 (0x343025f3) csrrs   a1, mtval, zero
core   0: 3 0x0000000080006072 (0x343025f3) x11 0x00000000c03e7cf3
core   0: 0x0000000080006076 (0x14302573) csrrs   a0, stval, zero
core   0: 3 0x0000000080006076 (0x14302573) x10 0x0000000000000000
core   0: 0x000000008000607a (0xb02024f3) csrrs   s1, minstret, zero
core   0: 3 0x000000008000607a (0xb02024f3) x9  0x0000000000000c7d
core   0: 0x000000008000607e (0x0000a811) c.j     pc + 20
core   0: 3 0x000000008000607e (0xa811)
core   0: >>>>  mepc_4
core   0: 0x0000000080006092 (0x00000791) c.addi  a5, 4
core   0: 3 0x0000000080006092 (0x0791) x15 0x0000000080004f4a
core   0: 0x0000000080006094 (0x34179073) csrrw   zero, mepc, a5
core   0: 3 0x0000000080006094 (0x34179073) c833_mepc 0x0000000080004f4a
core   0: 0x0000000080006098 (0x30200073) mret
core   0: 3 0x0000000080006098 (0x30200073) c768_mstatus 0x8000000a00106080
core   0: 0x0000000080004f4a (0xd2120353) fcvt.d.wu ft6, tp
core   0: 1 0x0000000080004f4a (0xd2120353) f6  0x0000000000000000
core   0: 0x0000000080004f4e (0x5a097753) fsqrt.d fa4, fs2
core   0: 1 0x0000000080004f4e (0x5a097753) f14 0x8000000000000000
core   0: 0x0000000080004f52 (0xd2397053) fcvt.d.lu ft0, s2
core   0: 1 0x0000000080004f52 (0xd2397053) f0  0x4031000000000000
core   0: 0x0000000080004f56 (0xc2367ed3) fcvt.lu.d t4, fa2
core   0: 1 0x0000000080004f56 (0xc2367ed3) x29 0x0000000080000185
core   0: 0x0000000080004f5a (0x7a57f143) fmadd.d ft2, fa5, ft5, fa5
core   0: 1 0x0000000080004f5a (0x7a57f143) f2  0x7ff8000000000000
core   0: 0x0000000080004f5e (0xc5d1fa97) auipc   s5, 0xc5d1f
core   0: 1 0x0000000080004f5e (0xc5d1fa97) x21 0x0000000045d23f5e
core   0: 0x0000000080004f62 (0xc2217653) fcvt.l.d a2, ft2
core   0: 1 0x0000000080004f62 (0xc2217653) c1_fflags 0x0000000000000010 x12 0x7fffffffffffffff
core   0: 0x0000000080004f66 (0xd20285d3) fcvt.d.w fa1, t0
core   0: 1 0x0000000080004f66 (0xd20285d3) f11 0x41df828da2800000
core   0: 0x0000000080004f6a (0x0012939b) slliw   t2, t0, 1
core   0: 1 0x0000000080004f6a (0x0012939b) x7  0xfffffffffc146d14
core   0: 0x0000000080004f6e (0x7ff38893) addi    a7, t2, 2047
core   0: 1 0x0000000080004f6e (0x7ff38893) x17 0xfffffffffc147513
core   0: 0x0000000080004f72 (0x1bcc7f53) fdiv.d  ft10, fs8, ft8
core   0: 1 0x0000000080004f72 (0x1bcc7f53) c1_fflags 0x0000000000000010 f30 0x7ff8000000000000
core   0: 0x0000000080004f76 (0x00d3c133) xor     sp, t2, a3
core   0: 1 0x0000000080004f76 (0x00d3c133) x2  0xfffffffffc146d14
core   0: 0x0000000080004f7a (0x6344f4c7) fmsub.d fs1, fs1, fs4, fa2
core   0: 1 0x0000000080004f7a (0x6344f4c7) f9  0x7ff8000000000000
core   0: 0x0000000080004f7e (0x0190e333) or      t1, ra, s9
core   0: 1 0x0000000080004f7e (0x0190e333) x6  0x0000000080004014
core   0: 0x0000000080004f82 (0x4021593b) sraw    s2, sp, sp
core   0: 1 0x0000000080004f82 (0x4021593b) x18 0xffffffffffffffc1
core   0: 0x0000000080004f86 (0x001d8b13) addi    s6, s11, 1
core   0: 1 0x0000000080004f86 (0x001d8b13) x22 0x0000000011140001
core   0: 0x0000000080004f8a (0x00f7d7bb) srlw    a5, a5, a5
core   0: 1 0x0000000080004f8a (0x00f7d7bb) x15 0x0000000000200013
core   0: 0x0000000080004f8e (0x0187ee33) or      t3, a5, s8
core   0: 1 0x0000000080004f8e (0x0187ee33) x28 0x000000008020605f
core   0: 0x0000000080004f92 (0x221aacd3) fsgnjx.d fs9, fs5, ft1
core   0: 1 0x0000000080004f92 (0x221aacd3) f25 0xffffffff00000000
core   0: 0x0000000080004f96 (0x40f75233) sra     tp, a4, a5
core   0: 1 0x0000000080004f96 (0x40f75233) x4  0x0000000000000000
core   0: 0x0000000080004f9a (0x9b927d93) andi    s11, tp, -1607
core   0: 1 0x0000000080004f9a (0x9b927d93) x27 0x0000000000000000
core   0: 0x0000000080004f9e (0x01c158bb) srlw    a7, sp, t3
core   0: 1 0x0000000080004f9e (0x01c158bb) x17 0x0000000000000001
core   0: 0x0000000080004fa2 (0x02e89113) slli    sp, a7, 46
core   0: 1 0x0000000080004fa2 (0x02e89113) x2  0x0000400000000000
core   0: 0x0000000080004fa6 (0xd023f353) fcvt.s.l ft6, t2
core   0: 1 0x0000000080004fa6 (0xd023f353) f6  0xffffffffcc7ae4bb
core   0: 0x0000000080004faa (0x00174713) xori    a4, a4, 1
core   0: 1 0x0000000080004faa (0x00174713) x14 0x0000000000000003
core   0: 0x0000000080004fae (0x0003519b) srliw   gp, t1, 0
core   0: 1 0x0000000080004fae (0x0003519b) x3  0xffffffff80004014
core   0: 0x0000000080004fb2 (0x323068f3) csrrsi  a7, mhpmevent3, 0
core   0: exception trap_illegal_instruction, epc 0x0000000080004fb2
core   0:           tval 0x00000000323068f3
core   0: >>>>  $xrv64i2p1_m2p0_a2p1_f2p2_d2p2_zicsr2p0_zifencei2p0_zmmul1p0_zba1p0_zbb1p0_zbc1p0_zbs1p0
core   0: 0x0000000080004000 (0x0080006f) j       pc + 0x8
core   0: 3 0x0000000080004000 (0x0080006f)
core   0: >>>>  mmode_exception_handler
core   0: 0x0000000080004008 (0x00002c17) auipc   s8, 0x2
core   0: 3 0x0000000080004008 (0x00002c17) x24 0x0000000080006008
core   0: 0x000000008000400c (0x056c0c13) addi    s8, s8, 86
core   0: 3 0x000000008000400c (0x056c0c13) x24 0x000000008000605e
core   0: 0x0000000080004010 (0x000c00e7) jalr    s8
core   0: 3 0x0000000080004010 (0x000c00e7) x1  0x0000000080004014
core   0: >>>>  any_handler
core   0: 0x000000008000605e (0x341027f3) csrrs   a5, mepc, zero
core   0: 3 0x000000008000605e (0x341027f3) x15 0x0000000080004fb2
core   0: 0x0000000080006062 (0x34202773) csrrs   a4, mcause, zero
core   0: 3 0x0000000080006062 (0x34202773) x14 0x0000000000000002
core   0: 0x0000000080006066 (0x142026f3) csrrs   a3, scause, zero
core   0: 3 0x0000000080006066 (0x142026f3) x13 0x0000000000000000
core   0: 0x000000008000606a (0x30402673) csrrs   a2, mie, zero
core   0: 3 0x000000008000606a (0x30402673) x12 0x0000000000000a00
core   0: 0x000000008000606e (0x344025f3) csrrs   a1, mip, zero
core   0: 3 0x000000008000606e (0x344025f3) x11 0x0000000000000080
core   0: 0x0000000080006072 (0x343025f3) csrrs   a1, mtval, zero
core   0: 3 0x0000000080006072 (0x343025f3) x11 0x00000000323068f3
core   0: 0x0000000080006076 (0x14302573) csrrs   a0, stval, zero
core   0: 3 0x0000000080006076 (0x14302573) x10 0x0000000000000000
core   0: 0x000000008000607a (0xb02024f3) csrrs   s1, minstret, zero
core   0: 3 0x000000008000607a (0xb02024f3) x9  0x0000000000000ca7
core   0: 0x000000008000607e (0x0000a811) c.j     pc + 20
core   0: 3 0x000000008000607e (0xa811)
core   0: >>>>  mepc_4
core   0: 0x0000000080006092 (0x00000791) c.addi  a5, 4
core   0: 3 0x0000000080006092 (0x0791) x15 0x0000000080004fb6
core   0: 0x0000000080006094 (0x34179073) csrrw   zero, mepc, a5
core   0: 3 0x0000000080006094 (0x34179073) c833_mepc 0x0000000080004fb6
core   0: 0x0000000080006098 (0x30200073) mret
core   0: 3 0x0000000080006098 (0x30200073) c768_mstatus 0x8000000a00106080
core   0: 0x0000000080004fb6 (0x09ce8c93) addi    s9, t4, 156
core   0: 1 0x0000000080004fb6 (0x09ce8c93) x25 0x0000000080000221
core   0: 0x0000000080004fba (0x001495f3) csrrw   a1, fflags, s1
core   0: 1 0x0000000080004fba (0x001495f3) x11 0x0000000000000010 c1_fflags 0x0000000000000007
core   0: 0x0000000080004fbe (0x01ca8ebb) addw    t4, s5, t3
core   0: 1 0x0000000080004fbe (0x01ca8ebb) x29 0xffffffffc5f29fbd
core   0: 0x0000000080004fc2 (0xfc8ec893) xori    a7, t4, -56
core   0: 1 0x0000000080004fc2 (0xfc8ec893) x17 0x000000003a0d6075
core   0: 0x0000000080004fc6 (0xd21582d3) fcvt.d.wu ft5, a1
core   0: 1 0x0000000080004fc6 (0xd21582d3) f5  0x4030000000000000
core   0: 0x0000000080004fca (0x602ee313) ori     t1, t4, 1538
core   0: 1 0x0000000080004fca (0x602ee313) x6  0xffffffffc5f29fbf
core   0: 0x0000000080004fce (0x010c1c33) sll     s8, s8, a6
core   0: 1 0x0000000080004fce (0x010c1c33) x24 0x000000008000605e
core   0: 0x0000000080004fd2 (0x00d810b3) sll     ra, a6, a3
core   0: 1 0x0000000080004fd2 (0x00d810b3) x1  0x0044500000000000
core   0: 0x0000000080004fd6 (0x000096f1) c.srai  a3, 60
core   0: 1 0x0000000080004fd6 (0x96f1) x13 0x0000000000000000
core   0: 0x0000000080004fd8 (0x40d90c3b) subw    s8, s2, a3
core   0: 1 0x0000000080004fd8 (0x40d90c3b) x24 0xffffffffffffffc1
core   0: 0x0000000080004fdc (0x23c30053) fsgnj.d ft0, ft6, ft8
core   0: 1 0x0000000080004fdc (0x23c30053) f0  0x7fffffffcc7ae4bb
core   0: 0x0000000080004fe0 (0x0ff0000f) fence   iorw,iorw
core   0: 1 0x0000000080004fe0 (0x0ff0000f)
core   0: 0x0000000080004fe4 (0x0386edbb) remw    s11, a3, s8
core   0: 1 0x0000000080004fe4 (0x0386edbb) x27 0x0000000000000000
core   0: 0x0000000080004fe8 (0x6b62f6c3) fmadd.d fa3, ft5, fs6, fa3
core   0: 1 0x0000000080004fe8 (0x6b62f6c3) f13 0x4031000000000000
core   0: 0x0000000080004fec (0xdd13c613) xori    a2, t2, -559
core   0: 1 0x0000000080004fec (0xdd13c613) x12 0x0000000003eb90c5
core   0: 0x0000000080004ff0 (0x00c3d53b) srlw    a0, t2, a2
core   0: 1 0x0000000080004ff0 (0x00c3d53b) x10 0x0000000007e0a368
core   0: 0x0000000080004ff4 (0x41d658b3) sra     a7, a2, t4
core   0: 1 0x0000000080004ff4 (0x41d658b3) x17 0x0000000000000000
core   0: 0x0000000080004ff8 (0x42020e53) fcvt.d.s ft8, ft4
core   0: 1 0x0000000080004ff8 (0x42020e53) f28 0x7ff8000000000000
core   0: 0x0000000080004ffc (0x02755a13) srli    s4, a0, 39
core   0: 1 0x0000000080004ffc (0x02755a13) x20 0x0000000000000000
core   0: 0x0000000080005000 (0x411186b3) sub     a3, gp, a7
core   0: 1 0x0000000080005000 (0x411186b3) x13 0xffffffff80004014
core   0: 0x0000000080005004 (0x01441833) sll     a6, s0, s4
core   0: 1 0x0000000080005004 (0x01441833) x16 0xffffffffffffffff
core   0: 0x0000000080005008 (0xfffac693) not     a3, s5
core   0: 1 0x0000000080005008 (0xfffac693) x13 0xffffffffba2dc0a1
core   0: 0x000000008000500c (0x41a58cb3) sub     s9, a1, s10
core   0: 1 0x000000008000500c (0x41a58cb3) x25 0x0000000000000011
core   0: 0x0000000080005010 (0x031cedbb) remw    s11, s9, a7
core   0: 1 0x0000000080005010 (0x031cedbb) x27 0x0000000000000011
core   0: 0x0000000080005014 (0x00009416) c.add   s0, t0
core   0: 1 0x0000000080005014 (0x9416) x8  0x000000007e0a3689
core   0: 0x0000000080005016 (0x00199293) slli    t0, s3, 1
core   0: 1 0x0000000080005016 (0x00199293) x5  0x0000000000000002
core   0: 0x000000008000501a (0x00541cbb) sllw    s9, s0, t0
core   0: 1 0x000000008000501a (0x00541cbb) x25 0xfffffffff828da24
core   0: 0x000000008000501e (0xe20f0c53) fmv.x.d s8, ft10
core   0: 1 0x000000008000501e (0xe20f0c53) x24 0x7ff8000000000000
core   0: 0x0000000080005022 (0x43ac5e13) srai    t3, s8, 58
core   0: 1 0x0000000080005022 (0x43ac5e13) x28 0x000000000000001f
core   0: 0x0000000080005026 (0x00b56633) or      a2, a0, a1
core   0: 1 0x0000000080005026 (0x00b56633) x12 0x0000000007e0a378
core   0: 0x000000008000502a (0x63257fcf) fnmadd.d ft11, fa0, fs2, fa2
core   0: 1 0x000000008000502a (0x63257fcf) f31 0x7ff8000000000000
core   0: 0x000000008000502e (0x420c05d3) fcvt.d.s fa1, fs8
core   0: 1 0x000000008000502e (0x420c05d3) f11 0x7ff8000000000000
core   0: 0x0000000080005032 (0xc2277a53) fcvt.l.d s4, fa4
core   0: 1 0x0000000080005032 (0xc2277a53) x20 0x0000000000000000
core   0: 0x0000000080005036 (0x033e5b3b) divuw   s6, t3, s3
core   0: 1 0x0000000080005036 (0x033e5b3b) x22 0x000000000000001f
core   0: 0x000000008000503a (0x4011ff53) fcvt.s.d ft10, ft3
core   0: 1 0x000000008000503a (0x4011ff53) f30 0xffffffff7fc00000
core   0: 0x000000008000503e (0x4145013b) subw    sp, a0, s4
core   0: 1 0x000000008000503e (0x4145013b) x2  0x0000000007e0a368
core   0: 0x0000000080005042 (0x401e77d3) fcvt.s.d fa5, ft8
core   0: 1 0x0000000080005042 (0x401e77d3) f15 0xffffffff7fc00000
core   0: 0x0000000080005046 (0xd224fad3) fcvt.d.l fs5, s1
core   0: 1 0x0000000080005046 (0xd224fad3) f21 0x40a94e0000000000
core   0: 0x000000008000504a (0x00048b9b) sext.w  s7, s1
core   0: 1 0x000000008000504a (0x00048b9b) x23 0x0000000000000ca7
core   0: 0x000000008000504e (0xd2217353) fcvt.d.l ft6, sp
core   0: 1 0x000000008000504e (0xd2217353) f6  0x419f828da0000000
core   0: 0x0000000080005052 (0x01a4ad33) slt     s10, s1, s10
core   0: 1 0x0000000080005052 (0x01a4ad33) x26 0x0000000000000000
core   0: 0x0000000080005056 (0x012bd793) srli    a5, s7, 18
core   0: 1 0x0000000080005056 (0x012bd793) x15 0x0000000000000000
core   0: 0x000000008000505a (0x00884db3) xor     s11, a6, s0
core   0: 1 0x000000008000505a (0x00884db3) x27 0xffffffff81f5c976
core   0: 0x000000008000505e (0xc0337453) fcvt.lu.s s0, ft6
core   0: 1 0x000000008000505e (0xc0337453) c1_fflags 0x0000000000000017 x8  0xffffffffffffffff
core   0: 0x0000000080005062 (0x01b05a3b) srlw    s4, zero, s11
core   0: 1 0x0000000080005062 (0x01b05a3b) x20 0x0000000000000000
core   0: 0x0000000080005066 (0xe20a0cd3) fmv.x.d s9, fs4
core   0: 1 0x0000000080005066 (0xe20a0cd3) x25 0x7ff8000000000000
core   0: 0x000000008000506a (0x011068b3) or      a7, zero, a7
core   0: 1 0x000000008000506a (0x011068b3) x17 0x0000000000000000
core   0: 0x000000008000506e (0xa35a09d3) fle.d   s3, fs4, fs5
core   0: 1 0x000000008000506e (0xa35a09d3) c1_fflags 0x0000000000000017 x19 0x0000000000000000
core   0: 0x0000000080005072 (0x17ebeeb7) lui     t4, 0x17ebe
core   0: 1 0x0000000080005072 (0x17ebeeb7) x29 0x0000000017ebe000
core   0: 0x0000000080005076 (0xc20a7d53) fcvt.w.d s10, fs4
core   0: 1 0x0000000080005076 (0xc20a7d53) c1_fflags 0x0000000000000017 x26 0x000000007fffffff
core   0: 0x000000008000507a (0x1af7f0d3) fdiv.d  ft1, fa5, fa5
core   0: 1 0x000000008000507a (0x1af7f0d3) f1  0x7ff8000000000000
core   0: 0x000000008000507e (0x00202a73) csrrs   s4, frm, zero
core   0: 1 0x000000008000507e (0x00202a73) x20 0x0000000000000000
core   0: 0x0000000080005082 (0x00a5033b) addw    t1, a0, a0
core   0: 1 0x0000000080005082 (0x00a5033b) x6  0x000000000fc146d0
core   0: 0x0000000080005086 (0x2a7a83d3) fmin.d  ft7, fs5, ft7
core   0: 1 0x0000000080005086 (0x2a7a83d3) f7  0x40a94e0000000000
core   0: 0x000000008000508a (0x235a9853) fsgnjn.d fa6, fs5, fs5
core   0: 1 0x000000008000508a (0x235a9853) f16 0xc0a94e0000000000
core   0: 0x000000008000508e (0x0b447a53) fsub.d  fs4, fs0, fs4
core   0: 1 0x000000008000508e (0x0b447a53) f20 0x7ff8000000000000
core   0: 0x0000000080005092 (0xd029fed3) fcvt.s.l ft9, s3
core   0: 1 0x0000000080005092 (0xd029fed3) f29 0xffffffff00000000
core   0: 0x0000000080005096 (0x001010f3) csrrw   ra, fflags, zero
core   0: 1 0x0000000080005096 (0x001010f3) x1  0x0000000000000017 c1_fflags 0x0000000000000000
core   0: 0x000000008000509a (0x0069073b) addw    a4, s2, t1
core   0: 1 0x000000008000509a (0x0069073b) x14 0x000000000fc14691
core   0: 0x000000008000509e (0x41a55a1b) sraiw   s4, a0, 26
core   0: 1 0x000000008000509e (0x41a55a1b) x20 0x0000000000000001
core   0: 0x00000000800050a2 (0x002022f3) csrrs   t0, frm, zero
core   0: 1 0x00000000800050a2 (0x002022f3) x5  0x0000000000000000
core   0: 0x00000000800050a6 (0x03cb9813) slli    a6, s7, 60
core   0: 1 0x00000000800050a6 (0x03cb9813) x16 0x7000000000000000
core   0: 0x00000000800050aa (0x00a859b3) srl     s3, a6, a0
core   0: 1 0x00000000800050aa (0x00a859b3) x19 0x0000000000700000
core   0: 0x00000000800050ae (0x013e503b) srlw    zero, t3, s3
core   0: 1 0x00000000800050ae (0x013e503b)
core   0: 0x00000000800050b2 (0x00000001) c.nop
core   0: 1 0x00000000800050b2 (0x0001)
core   0: 0x00000000800050b4 (0x00000001) c.nop
core   0: 1 0x00000000800050b4 (0x0001)
core   0: 0x00000000800050b6 (0x02576bb3) rem     s7, a4, t0
core   0: 1 0x00000000800050b6 (0x02576bb3) x23 0x000000000fc14691
core   0: 0x00000000800050ba (0x0aebf8d3) fsub.d  fa7, fs7, fa4
core   0: 1 0x00000000800050ba (0x0aebf8d3) f17 0x7ff8000000000000
core   0: 0x00000000800050be (0x0002fd33) and     s10, t0, zero
core   0: 1 0x00000000800050be (0x0002fd33) x26 0x0000000000000000
core   0: 0x00000000800050c2 (0xe20a0753) fmv.x.d a4, fs4
core   0: 1 0x00000000800050c2 (0xe20a0753) x14 0x7ff8000000000000
core   0: 0x00000000800050c6 (0x40107253) fcvt.s.d ft4, ft0
core   0: 1 0x00000000800050c6 (0x40107253) f4  0xffffffff7fc00000
core   0: 0x00000000800050ca (0x00079e9b) slliw   t4, a5, 0
core   0: 1 0x00000000800050ca (0x00079e9b) x29 0x0000000000000000
core   0: 0x00000000800050ce (0x000b1593) slli    a1, s6, 0
core   0: 1 0x00000000800050ce (0x000b1593) x11 0x000000000000001f
core   0: 0x00000000800050d2 (0x1bf275d3) fdiv.d  fa1, ft4, ft11
core   0: 1 0x00000000800050d2 (0x1bf275d3) f11 0x7ff8000000000000
core   0: 0x00000000800050d6 (0x00000001) c.nop
core   0: 1 0x00000000800050d6 (0x0001)
core   0: 0x00000000800050d8 (0x43f7d513) srai    a0, a5, 63
core   0: 1 0x00000000800050d8 (0x43f7d513) x10 0x0000000000000000
core   0: 0x00000000800050dc (0x1a22f453) fdiv.d  fs0, ft5, ft2
core   0: 1 0x00000000800050dc (0x1a22f453) f8  0x7ff8000000000000
core   0: 0x00000000800050e0 (0x1440f673) csrrci  a2, sip, 1
core   0: 1 0x00000000800050e0 (0x1440f673) x12 0x0000000000000000 c836_mip 0x0000000000000080
core   0: 0x00000000800050e4 (0x40cbdcb3) sra     s9, s7, a2
core   0: 1 0x00000000800050e4 (0x40cbdcb3) x25 0x000000000fc14691
core   0: 0x00000000800050e8 (0x0396beb3) mulhu   t4, a3, s9
core   0: 1 0x00000000800050e8 (0x0396beb3) x29 0x000000000fc14690
core   0: 0x00000000800050ec (0xd2150153) fcvt.d.wu ft2, a0
core   0: 1 0x00000000800050ec (0xd2150153) f2  0x0000000000000000
core   0: 0x00000000800050f0 (0x016d9db7) lui     s11, 0x16d9
core   0: 1 0x00000000800050f0 (0x016d9db7) x27 0x00000000016d9000
core   0: 0x00000000800050f4 (0xe47d8d9b) addiw   s11, s11, -441
core   0: 1 0x00000000800050f4 (0xe47d8d9b) x27 0x00000000016d8e47
core   0: 0x00000000800050f8 (0x00000db2) c.slli  s11, 12
core   0: 1 0x00000000800050f8 (0x0db2) x27 0x00000016d8e47000
core   0: 0x00000000800050fa (0x8acd8d93) addi    s11, s11, -1876
core   0: 1 0x00000000800050fa (0x8acd8d93) x27 0x00000016d8e468ac
core   0: 0x00000000800050fe (0x02883433) mulhu   s0, a6, s0
core   0: 1 0x00000000800050fe (0x02883433) x8  0x6fffffffffffffff
core   0: 0x0000000080005102 (0x0ff0000f) fence   iorw,iorw
core   0: 1 0x0000000080005102 (0x0ff0000f)
core   0: 0x0000000080005106 (0x23e12053) fsgnjx.d ft0, ft2, ft10
core   0: 1 0x0000000080005106 (0x23e12053) f0  0x8000000000000000
core   0: 0x000000008000510a (0x2223afd3) fsgnjx.d ft11, ft7, ft2
core   0: 1 0x000000008000510a (0x2223afd3) f31 0x40a94e0000000000
core   0: 0x000000008000510e (0x104aaef3) csrrs   t4, sie, s5
core   0: 1 0x000000008000510e (0x104aaef3) x29 0x0000000000000000 c772_mie 0x0000000000000a00
core   0: 0x0000000080005112 (0xd032f6d3) fcvt.s.lu fa3, t0
core   0: 1 0x0000000080005112 (0xd032f6d3) f13 0xffffffff00000000
core   0: 0x0000000080005116 (0x03fa5d13) srli    s10, s4, 63
core   0: 1 0x0000000080005116 (0x03fa5d13) x26 0x0000000000000000
core   0: 0x000000008000511a (0x2a469253) fmax.d  ft4, fa3, ft4
core   0: 1 0x000000008000511a (0x2a469253) f4  0x7ff8000000000000
core   0: 0x000000008000511e (0x11033613) sltiu   a2, t1, 272
core   0: 1 0x000000008000511e (0x11033613) x12 0x0000000000000000
core   0: 0x0000000080005122 (0xd2030053) fcvt.d.w ft0, t1
core   0: 1 0x0000000080005122 (0xd2030053) f0  0x41af828da0000000
core   0: 0x0000000080005126 (0x77fc0a9b) addiw   s5, s8, 1919
core   0: 1 0x0000000080005126 (0x77fc0a9b) x21 0x000000000000077f
core   0: 0x000000008000512a (0x23402e53) fsgnjx.d ft8, ft0, fs4
core   0: 1 0x000000008000512a (0x23402e53) f28 0x41af828da0000000
core   0: 0x000000008000512e (0xc352fc47) fmsub.d fs8, ft5, fs5, fs8
core   0: 1 0x000000008000512e (0xc352fc47) f24 0x40e94e0000000000
core   0: 0x0000000080005132 (0x332d744f) fnmadd.d fs0, fs10, fs2, ft6
core   0: 1 0x0000000080005132 (0x332d744f) f8  0x7ff8000000000000
core   0: 0x0000000080005136 (0xa493e2b7) lui     t0, 0xa493e
core   0: 1 0x0000000080005136 (0xa493e2b7) x5  0xffffffffa493e000
core   0: 0x000000008000513a (0x038282bb) mulw    t0, t0, s8
core   0: 1 0x000000008000513a (0x038282bb) x5  0x0000000000000000
core   0: 0x000000008000513e (0xfffc011b) addiw   sp, s8, -1
core   0: 1 0x000000008000513e (0xfffc011b) x2  0xffffffffffffffff
core   0: 0x0000000080005142 (0xc21c79d3) fcvt.wu.d s3, fs8
core   0: 1 0x0000000080005142 (0xc21c79d3) x19 0x000000000000ca70
core   0: 0x0000000080005146 (0x80078793) addi    a5, a5, -2048
core   0: 1 0x0000000080005146 (0x80078793) x15 0xfffffffffffff800
core   0: 0x000000008000514a (0x0009959b) slliw   a1, s3, 0
core   0: 1 0x000000008000514a (0x0009959b) x11 0x000000000000ca70
core   0: 0x000000008000514e (0x02f5e333) rem     t1, a1, a5
core   0: 1 0x000000008000514e (0x02f5e333) x6  0x0000000000000270
core   0: 0x0000000080005152 (0x00345c3b) srlw    s8, s0, gp
core   0: 1 0x0000000080005152 (0x00345c3b) x24 0x0000000000000fff
core   0: 0x0000000080005156 (0x0083133b) sllw    t1, t1, s0
core   0: 1 0x0000000080005156 (0x0083133b) x6  0x0000000000000000
core   0: 0x000000008000515a (0x01db1b1b) slliw   s6, s6, 29
core   0: 1 0x000000008000515a (0x01db1b1b) x22 0xffffffffe0000000
core   0: 0x000000008000515e (0x03b4f853) fadd.d  fa6, fs1, fs11
core   0: 1 0x000000008000515e (0x03b4f853) f16 0x7ff8000000000000
core   0: 0x0000000080005162 (0x1b7cf3d3) fdiv.d  ft7, fs9, fs7
core   0: 1 0x0000000080005162 (0x1b7cf3d3) f7  0x7ff8000000000000
core   0: 0x0000000080005166 (0x323d1473) csrrw   s0, mhpmevent3, s10
core   0: exception trap_illegal_instruction, epc 0x0000000080005166
core   0:           tval 0x00000000323d1473
core   0: >>>>  $xrv64i2p1_m2p0_a2p1_f2p2_d2p2_zicsr2p0_zifencei2p0_zmmul1p0_zba1p0_zbb1p0_zbc1p0_zbs1p0
core   0: 0x0000000080004000 (0x0080006f) j       pc + 0x8
core   0: 3 0x0000000080004000 (0x0080006f)
core   0: >>>>  mmode_exception_handler
core   0: 0x0000000080004008 (0x00002c17) auipc   s8, 0x2
core   0: 3 0x0000000080004008 (0x00002c17) x24 0x0000000080006008
core   0: 0x000000008000400c (0x056c0c13) addi    s8, s8, 86
core   0: 3 0x000000008000400c (0x056c0c13) x24 0x000000008000605e
core   0: 0x0000000080004010 (0x000c00e7) jalr    s8
core   0: 3 0x0000000080004010 (0x000c00e7) x1  0x0000000080004014
core   0: >>>>  any_handler
core   0: 0x000000008000605e (0x341027f3) csrrs   a5, mepc, zero
core   0: 3 0x000000008000605e (0x341027f3) x15 0x0000000080005166
core   0: 0x0000000080006062 (0x34202773) csrrs   a4, mcause, zero
core   0: 3 0x0000000080006062 (0x34202773) x14 0x0000000000000002
core   0: 0x0000000080006066 (0x142026f3) csrrs   a3, scause, zero
core   0: 3 0x0000000080006066 (0x142026f3) x13 0x0000000000000000
core   0: 0x000000008000606a (0x30402673) csrrs   a2, mie, zero
core   0: 3 0x000000008000606a (0x30402673) x12 0x0000000000000a00
core   0: 0x000000008000606e (0x344025f3) csrrs   a1, mip, zero
core   0: 3 0x000000008000606e (0x344025f3) x11 0x0000000000000080
core   0: 0x0000000080006072 (0x343025f3) csrrs   a1, mtval, zero
core   0: 3 0x0000000080006072 (0x343025f3) x11 0x00000000323d1473
core   0: 0x0000000080006076 (0x14302573) csrrs   a0, stval, zero
core   0: 3 0x0000000080006076 (0x14302573) x10 0x0000000000000000
core   0: 0x000000008000607a (0xb02024f3) csrrs   s1, minstret, zero
core   0: 3 0x000000008000607a (0xb02024f3) x9  0x0000000000000d26
core   0: 0x000000008000607e (0x0000a811) c.j     pc + 20
core   0: 3 0x000000008000607e (0xa811)
core   0: >>>>  mepc_4
core   0: 0x0000000080006092 (0x00000791) c.addi  a5, 4
core   0: 3 0x0000000080006092 (0x0791) x15 0x000000008000516a
core   0: 0x0000000080006094 (0x34179073) csrrw   zero, mepc, a5
core   0: 3 0x0000000080006094 (0x34179073) c833_mepc 0x000000008000516a
core   0: 0x0000000080006098 (0x30200073) mret
core   0: 3 0x0000000080006098 (0x30200073) c768_mstatus 0x8000000a00106080
core   0: 0x000000008000516a (0xc23df8d3) fcvt.lu.d a7, fs11
core   0: 1 0x000000008000516a (0xc23df8d3) c1_fflags 0x0000000000000010 x17 0xffffffffffffffff
core   0: 0x000000008000516e (0xd21c8953) fcvt.d.wu fs2, s9
core   0: 1 0x000000008000516e (0xd21c8953) f18 0x41af828d22000000
core   0: 0x0000000080005172 (0xc033f153) fcvt.lu.s sp, ft7
core   0: 1 0x0000000080005172 (0xc033f153) c1_fflags 0x0000000000000010 x2  0xffffffffffffffff
core   0: 0x0000000080005176 (0xe20b86d3) fmv.x.d a3, fs7
core   0: 1 0x0000000080005176 (0xe20b86d3) x13 0x7fffffff5f000000
core   0: 0x000000008000517a (0x03dc8cb3) mul     s9, s9, t4
core   0: 1 0x000000008000517a (0x03dc8cb3) x25 0x0000000000000000
core   0: 0x000000008000517e (0x00009756) c.add   a4, s5
core   0: 1 0x000000008000517e (0x9756) x14 0x0000000000000781
core   0: 0x0000000080005180 (0xfc3d60b7) lui     ra, 0xfc3d6
core   0: 1 0x0000000080005180 (0xfc3d60b7) x1  0xfffffffffc3d6000
core   0: 0x0000000080005184 (0xa430809b) addiw   ra, ra, -1469
core   0: 1 0x0000000080005184 (0xa430809b) x1  0xfffffffffc3d5a43
core   0: 0x0000000080005188 (0x000000b2) c.slli  ra, 12
core   0: 1 0x0000000080005188 (0x00b2) x1  0xffffffc3d5a43000
core   0: 0x000000008000518a (0xac408093) addi    ra, ra, -1340
core   0: 1 0x000000008000518a (0xac408093) x1  0xffffffc3d5a42ac4
core   0: 0x000000008000518e (0x0006161b) slliw   a2, a2, 0
core   0: 1 0x000000008000518e (0x0006161b) x12 0x0000000000000a00
core   0: 0x0000000080005192 (0x8a7976c7) fmsub.d fa3, fs2, ft7, fa7
core   0: 1 0x0000000080005192 (0x8a7976c7) f13 0x7ff8000000000000
core   0: 0x0000000080005196 (0x0008599b) srliw   s3, a6, 0
core   0: 1 0x0000000080005196 (0x0008599b) x19 0x0000000000000000
core   0: 0x000000008000519a (0x23d8ad53) fsgnjx.d fs10, fa7, ft9
core   0: 1 0x000000008000519a (0x23d8ad53) f26 0xfff8000000000000
core   0: 0x000000008000519e (0x00177b33) and     s6, a4, ra
core   0: 1 0x000000008000519e (0x00177b33) x22 0x0000000000000280
core   0: 0x00000000800051a2 (0x8090c993) xori    s3, ra, -2039
core   0: 1 0x00000000800051a2 (0x8090c993) x19 0x0000003c2a5bd2cd
core   0: 0x00000000800051a6 (0x00a91433) sll     s0, s2, a0
core   0: 1 0x00000000800051a6 (0x00a91433) x8  0xffffffffffffffc1
core   0: 0x00000000800051aa (0x00897bb3) and     s7, s2, s0
core   0: 1 0x00000000800051aa (0x00897bb3) x23 0xffffffffffffffc1
core   0: 0x00000000800051ae (0xc05e7773) csrrci  a4, hpmcounter5, 28
core   0: exception trap_illegal_instruction, epc 0x00000000800051ae
core   0:           tval 0x00000000c05e7773
core   0: >>>>  $xrv64i2p1_m2p0_a2p1_f2p2_d2p2_zicsr2p0_zifencei2p0_zmmul1p0_zba1p0_zbb1p0_zbc1p0_zbs1p0
core   0: 0x0000000080004000 (0x0080006f) j       pc + 0x8
core   0: 3 0x0000000080004000 (0x0080006f)
core   0: >>>>  mmode_exception_handler
core   0: 0x0000000080004008 (0x00002c17) auipc   s8, 0x2
core   0: 3 0x0000000080004008 (0x00002c17) x24 0x0000000080006008
core   0: 0x000000008000400c (0x056c0c13) addi    s8, s8, 86
core   0: 3 0x000000008000400c (0x056c0c13) x24 0x000000008000605e
core   0: 0x0000000080004010 (0x000c00e7) jalr    s8
core   0: 3 0x0000000080004010 (0x000c00e7) x1  0x0000000080004014
core   0: >>>>  any_handler
core   0: 0x000000008000605e (0x341027f3) csrrs   a5, mepc, zero
core   0: 3 0x000000008000605e (0x341027f3) x15 0x00000000800051ae
core   0: 0x0000000080006062 (0x34202773) csrrs   a4, mcause, zero
core   0: 3 0x0000000080006062 (0x34202773) x14 0x0000000000000002
core   0: 0x0000000080006066 (0x142026f3) csrrs   a3, scause, zero
core   0: 3 0x0000000080006066 (0x142026f3) x13 0x0000000000000000
core   0: 0x000000008000606a (0x30402673) csrrs   a2, mie, zero
core   0: 3 0x000000008000606a (0x30402673) x12 0x0000000000000a00
core   0: 0x000000008000606e (0x344025f3) csrrs   a1, mip, zero
core   0: 3 0x000000008000606e (0x344025f3) x11 0x0000000000000080
core   0: 0x0000000080006072 (0x343025f3) csrrs   a1, mtval, zero
core   0: 3 0x0000000080006072 (0x343025f3) x11 0x00000000c05e7773
core   0: 0x0000000080006076 (0x14302573) csrrs   a0, stval, zero
core   0: 3 0x0000000080006076 (0x14302573) x10 0x0000000000000000
core   0: 0x000000008000607a (0xb02024f3) csrrs   s1, minstret, zero
core   0: 3 0x000000008000607a (0xb02024f3) x9  0x0000000000000d48
core   0: 0x000000008000607e (0x0000a811) c.j     pc + 20
core   0: 3 0x000000008000607e (0xa811)
core   0: >>>>  mepc_4
core   0: 0x0000000080006092 (0x00000791) c.addi  a5, 4
core   0: 3 0x0000000080006092 (0x0791) x15 0x00000000800051b2
core   0: 0x0000000080006094 (0x34179073) csrrw   zero, mepc, a5
core   0: 3 0x0000000080006094 (0x34179073) c833_mepc 0x00000000800051b2
core   0: 0x0000000080006098 (0x30200073) mret
core   0: 3 0x0000000080006098 (0x30200073) c768_mstatus 0x8000000a00106080
core   0: 0x00000000800051b2 (0x8ad37347) fmsub.d ft6, ft6, fa3, fa7
core   0: 1 0x00000000800051b2 (0x8ad37347) f6  0x7ff8000000000000
core   0: 0x00000000800051b6 (0x0186163b) sllw    a2, a2, s8
core   0: 1 0x00000000800051b6 (0x0186163b) x12 0x0000000000000000
core   0: 0x00000000800051ba (0x9578fa17) auipc   s4, 0x9578f
core   0: 1 0x00000000800051ba (0x9578fa17) x20 0x00000000157941ba
core   0: 0x00000000800051be (0xc02978d3) fcvt.l.s a7, fs2
core   0: 1 0x00000000800051be (0xc02978d3) c1_fflags 0x0000000000000010 x17 0x7fffffffffffffff
core   0: 0x00000000800051c2 (0x7ff8871b) addiw   a4, a7, 2047
core   0: 1 0x00000000800051c2 (0x7ff8871b) x14 0x00000000000007fe
core   0: 0x00000000800051c6 (0x0316703b) remuw   zero, a2, a7
core   0: 1 0x00000000800051c6 (0x0316703b)
core   0: 0x00000000800051ca (0x0008003b) addw    zero, a6, zero
core   0: 1 0x00000000800051ca (0x0008003b)
core   0: 0x00000000800051ce (0x03dca233) mulhsu  tp, s9, t4
core   0: 1 0x00000000800051ce (0x03dca233) x4  0x0000000000000000
core   0: 0x00000000800051d2 (0x4197d73b) sraw    a4, a5, s9
core   0: 1 0x00000000800051d2 (0x4197d73b) x14 0xffffffff800051b2
core   0: 0x00000000800051d6 (0x00e759b3) srl     s3, a4, a4
core   0: 1 0x00000000800051d6 (0x00e759b3) x19 0x0000000000003fff
core   0: 0x00000000800051da (0x413c0e3b) subw    t3, s8, s3
core   0: 1 0x00000000800051da (0x413c0e3b) x28 0xffffffff8000205f
core   0: 0x00000000800051de (0x01aa5a1b) srliw   s4, s4, 26
core   0: 1 0x00000000800051de (0x01aa5a1b) x20 0x0000000000000005
core   0: 0x00000000800051e2 (0x0027a933) slt     s2, a5, sp
core   0: 1 0x00000000800051e2 (0x0027a933) x18 0x0000000000000000
core   0: 0x00000000800051e6 (0x414c559b) sraiw   a1, s8, 20
core   0: 1 0x00000000800051e6 (0x414c559b) x11 0xfffffffffffff800
core   0: 0x00000000800051ea (0x02b91433) mulh    s0, s2, a1
core   0: 1 0x00000000800051ea (0x02b91433) x8  0x0000000000000000
core   0: 0x00000000800051ee (0x00000001) c.nop
core   0: 1 0x00000000800051ee (0x0001)
core   0: 0x00000000800051f0 (0x00d186bb) addw    a3, gp, a3
core   0: 1 0x00000000800051f0 (0x00d186bb) x13 0xffffffff80004014
core   0: 0x00000000800051f4 (0x225782d3) fsgnj.d ft5, fa5, ft5
core   0: 1 0x00000000800051f4 (0x225782d3) f5  0x7fffffff7fc00000
core   0: 0x00000000800051f8 (0x00000d06) c.slli  s10, 1
core   0: 1 0x00000000800051f8 (0x0d06) x26 0x0000000000000000
core   0: 0x00000000800051fa (0xc03bf553) fcvt.lu.s a0, fs7
core   0: 1 0x00000000800051fa (0xc03bf553) c1_fflags 0x0000000000000010 x10 0xffffffffffffffff
core   0: 0x00000000800051fe (0x000d9193) slli    gp, s11, 0
core   0: 1 0x00000000800051fe (0x000d9193) x3  0x00000016d8e468ac
core   0: 0x0000000080005202 (0x0073a733) slt     a4, t2, t2
core   0: 1 0x0000000080005202 (0x0073a733) x14 0x0000000000000000
core   0: 0x0000000080005206 (0xc23f76d3) fcvt.lu.d a3, ft10
core   0: 1 0x0000000080005206 (0xc23f76d3) c1_fflags 0x0000000000000010 x13 0xffffffffffffffff
core   0: 0x000000008000520a (0x002021f3) csrrs   gp, frm, zero
core   0: 1 0x000000008000520a (0x002021f3) x3  0x0000000000000000
core   0: 0x000000008000520e (0x38a98893) addi    a7, s3, 906
core   0: 1 0x000000008000520e (0x38a98893) x17 0x0000000000004389
core   0: 0x0000000080005212 (0xfa5a9a17) auipc   s4, 0xfa5a9
core   0: 1 0x0000000080005212 (0xfa5a9a17) x20 0x000000007a5ae212
core   0: 0x0000000080005216 (0xd21a0ed3) fcvt.d.wu ft9, s4
core   0: 1 0x0000000080005216 (0xd21a0ed3) f29 0x41de96b884800000
core   0: 0x000000008000521a (0xf80b7eb7) lui     t4, 0xf80b7
core   0: 1 0x000000008000521a (0xf80b7eb7) x29 0xfffffffff80b7000
core   0: 0x000000008000521e (0x34fe8e9b) addiw   t4, t4, 847
core   0: 1 0x000000008000521e (0x34fe8e9b) x29 0xfffffffff80b734f
core   0: 0x0000000080005222 (0x00000eb2) c.slli  t4, 12
core   0: 1 0x0000000080005222 (0x0eb2) x29 0xffffff80b734f000
core   0: 0x0000000080005224 (0xa33e8e93) addi    t4, t4, -1485
core   0: 1 0x0000000080005224 (0xa33e8e93) x29 0xffffff80b734ea33
core   0: 0x0000000080005228 (0x00148d9b) addiw   s11, s1, 1
core   0: 1 0x0000000080005228 (0x00148d9b) x27 0x0000000000000d49
core   0: 0x000000008000522c (0x034a6a33) rem     s4, s4, s4
core   0: 1 0x000000008000522c (0x034a6a33) x20 0x0000000000000000
core   0: 0x0000000080005230 (0x01b3133b) sllw    t1, t1, s11
core   0: 1 0x0000000080005230 (0x01b3133b) x6  0x0000000000000000
core   0: 0x0000000080005234 (0x01f5151b) slliw   a0, a0, 31
core   0: 1 0x0000000080005234 (0x01f5151b) x10 0xffffffff80000000
core   0: 0x0000000080005238 (0x02c9063b) mulw    a2, s2, a2
core   0: 1 0x0000000080005238 (0x02c9063b) x12 0x0000000000000000
core   0: 0x000000008000523c (0xcc581997) auipc   s3, 0xcc581
core   0: 1 0x000000008000523c (0xcc581997) x19 0x000000004c58623c
core   0: 0x0000000080005240 (0x002e9173) csrrw   sp, frm, t4
core   0: 1 0x0000000080005240 (0x002e9173) x2  0x0000000000000000 c2_frm 0x0000000000000003
core   0: 0x0000000080005244 (0x0139d2bb) srlw    t0, s3, s3
core   0: 1 0x0000000080005244 (0x0139d2bb) x5  0x0000000000000004
core   0: 0x0000000080005248 (0x1af2fbd3) fdiv.d  fs7, ft5, fa5
core   0: 1 0x0000000080005248 (0x1af2fbd3) f23 0x7ff8000000000000
core   0: 0x000000008000524c (0x1b4dfdd3) fdiv.d  fs11, fs11, fs4
core   0: 1 0x000000008000524c (0x1b4dfdd3) f27 0x7ff8000000000000
core   0: 0x0000000080005250 (0x01a4c8b3) xor     a7, s1, s10
core   0: 1 0x0000000080005250 (0x01a4c8b3) x17 0x0000000000000d48
core   0: 0x0000000080005254 (0xe2058e53) fmv.x.d t3, fa1
core   0: 1 0x0000000080005254 (0xe2058e53) x28 0x7ff8000000000000
core   0: 0x0000000080005258 (0x03a101bb) mulw    gp, sp, s10
core   0: 1 0x0000000080005258 (0x03a101bb) x3  0x0000000000000000
core   0: 0x000000008000525c (0x001d1873) csrrw   a6, fflags, s10
core   0: 1 0x000000008000525c (0x001d1873) x16 0x0000000000000010 c1_fflags 0x0000000000000000
core   0: 0x0000000080005260 (0x017090bb) sllw    ra, ra, s7
core   0: 1 0x0000000080005260 (0x017090bb) x1  0x0000000000008028
core   0: 0x0000000080005264 (0x0aabf553) fsub.d  fa0, fs7, fa0
core   0: 1 0x0000000080005264 (0x0aabf553) f10 0x7ff8000000000000
core   0: 0x0000000080005268 (0x22f57243) fmadd.d ft4, fa0, fa5, ft4
core   0: 1 0x0000000080005268 (0x22f57243) f4  0x7ff8000000000000
core   0: 0x000000008000526c (0x40f857bb) sraw    a5, a6, a5
core   0: 1 0x000000008000526c (0x40f857bb) x15 0x0000000000000000
core   0: 0x0000000080005270 (0x5a03f753) fsqrt.d fa4, ft7
core   0: 1 0x0000000080005270 (0x5a03f753) f14 0x7ff8000000000000
core   0: 0x0000000080005274 (0x03239293) slli    t0, t2, 50
core   0: 1 0x0000000080005274 (0x03239293) x5  0xb450000000000000
core   0: 0x0000000080005278 (0x0236f03b) remuw   zero, a3, gp
core   0: 1 0x0000000080005278 (0x0236f03b)
core   0: 0x000000008000527c (0x0386c8bb) divw    a7, a3, s8
core   0: 1 0x000000008000527c (0x0386c8bb) x17 0x0000000000000000
core   0: 0x0000000080005280 (0xd02c75d3) fcvt.s.l fa1, s8
core   0: 1 0x0000000080005280 (0xd02c75d3) c1_fflags 0x0000000000000001 f11 0xffffffff4f000061
core   0: 0x0000000080005284 (0x00289af3) csrrw   s5, frm, a7
core   0: 1 0x0000000080005284 (0x00289af3) x21 0x0000000000000003 c2_frm 0x0000000000000000
core   0: 0x0000000080005288 (0x001710f3) csrrw   ra, fflags, a4
core   0: 1 0x0000000080005288 (0x001710f3) x1  0x0000000000000001 c1_fflags 0x0000000000000000
core   0: 0x000000008000528c (0x00fba7b3) slt     a5, s7, a5
core   0: 1 0x000000008000528c (0x00fba7b3) x15 0x0000000000000001
core   0: 0x0000000080005290 (0xe20588d3) fmv.x.d a7, fa1
core   0: 1 0x0000000080005290 (0xe20588d3) x17 0xffffffff4f000061
core   0: 0x0000000080005294 (0x00787d37) lui     s10, 0x787
core   0: 1 0x0000000080005294 (0x00787d37) x26 0x0000000000787000
core   0: 0x0000000080005298 (0xbe5d0d1b) addiw   s10, s10, -1051
core   0: 1 0x0000000080005298 (0xbe5d0d1b) x26 0x0000000000786be5
core   0: 0x000000008000529c (0x00000d3e) c.slli  s10, 15
core   0: 1 0x000000008000529c (0x0d3e) x26 0x0000003c35f28000
core   0: 0x000000008000529e (0x4bbd0d13) addi    s10, s10, 1211
core   0: 1 0x000000008000529e (0x4bbd0d13) x26 0x0000003c35f284bb
core   0: 0x00000000800052a2 (0x01c11d1b) slliw   s10, sp, 28
core   0: 1 0x00000000800052a2 (0x01c11d1b) x26 0x0000000000000000
core   0: 0x00000000800052a6 (0x2aac86d3) fmin.d  fa3, fs9, fa0
core   0: 1 0x00000000800052a6 (0x2aac86d3) f13 0x7ff8000000000000
core   0: 0x00000000800052aa (0x03d08eb3) mul     t4, ra, t4
core   0: 1 0x00000000800052aa (0x03d08eb3) x29 0xffffff80b734ea33
core   0: 0x00000000800052ae (0x00000001) c.nop
core   0: 1 0x00000000800052ae (0x0001)
core   0: 0x00000000800052b0 (0x0b96ffcb) fnmsub.d ft11, fa3, fs9, ft1
core   0: 1 0x00000000800052b0 (0x0b96ffcb) f31 0x7ff8000000000000
core   0: 0x00000000800052b4 (0x02b947b3) div     a5, s2, a1
core   0: 1 0x00000000800052b4 (0x02b947b3) x15 0x0000000000000000
core   0: 0x00000000800052b8 (0x002c81bb) addw    gp, s9, sp
core   0: 1 0x00000000800052b8 (0x002c81bb) x3  0x0000000000000000
core   0: 0x00000000800052bc (0x231309d3) fsgnj.d fs3, ft6, fa7
core   0: 1 0x00000000800052bc (0x231309d3) f19 0x7ff8000000000000
core   0: 0x00000000800052c0 (0x001d11f3) csrrw   gp, fflags, s10
core   0: 1 0x00000000800052c0 (0x001d11f3) x3  0x0000000000000000 c1_fflags 0x0000000000000000
core   0: 0x00000000800052c4 (0x0021013b) addw    sp, sp, sp
core   0: 1 0x00000000800052c4 (0x0021013b) x2  0x0000000000000000
core   0: 0x00000000800052c8 (0x0000d993) srli    s3, ra, 0
core   0: 1 0x00000000800052c8 (0x0000d993) x19 0x0000000000000001
core   0: 0x00000000800052cc (0x9b397943) fmadd.d fs2, fs2, fs3, fs3
core   0: 1 0x00000000800052cc (0x9b397943) f18 0x7ff8000000000000
core   0: 0x00000000800052d0 (0xd2098253) fcvt.d.w ft4, s3
core   0: 1 0x00000000800052d0 (0xd2098253) f4  0x3ff0000000000000
core   0: 0x00000000800052d4 (0x00000001) c.nop
core   0: 1 0x00000000800052d4 (0x0001)
core   0: 0x00000000800052d6 (0x5b94a3b7) lui     t2, 0x5b94a
core   0: 1 0x00000000800052d6 (0x5b94a3b7) x7  0x000000005b94a000
core   0: 0x00000000800052da (0x02dea233) mulhsu  tp, t4, a3
core   0: 1 0x00000000800052da (0x02dea233) x4  0xffffff80b734ea33
core   0: 0x00000000800052de (0x00102873) csrrs   a6, fflags, zero
core   0: 1 0x00000000800052de (0x00102873) x16 0x0000000000000000
core   0: 0x00000000800052e2 (0x0353f8bb) remuw   a7, t2, s5
core   0: 1 0x00000000800052e2 (0x0353f8bb) x17 0x0000000000000000
core   0: 0x00000000800052e6 (0x000c9ab3) sll     s5, s9, zero
core   0: 1 0x00000000800052e6 (0x000c9ab3) x21 0x0000000000000000
core   0: 0x00000000800052ea (0x5a0277d3) fsqrt.d fa5, ft4
core   0: 1 0x00000000800052ea (0x5a0277d3) f15 0x3ff0000000000000
core   0: 0x00000000800052ee (0x032c1b13) slli    s6, s8, 50
core   0: 1 0x00000000800052ee (0x032c1b13) x22 0x8178000000000000
core   0: 0x00000000800052f2 (0x00000001) c.nop
core   0: 1 0x00000000800052f2 (0x0001)
core   0: 0x00000000800052f4 (0x0005d3b3) srl     t2, a1, zero
core   0: 1 0x00000000800052f4 (0x0005d3b3) x7  0xfffffffffffff800
core   0: 0x00000000800052f8 (0x87c00c1b) addiw   s8, zero, -1924
core   0: 1 0x00000000800052f8 (0x87c00c1b) x24 0xfffffffffffff87c
core   0: 0x00000000800052fc (0x0008581b) srliw   a6, a6, 0
core   0: 1 0x00000000800052fc (0x0008581b) x16 0x0000000000000000
core   0: 0x0000000080005300 (0x43245913) srai    s2, s0, 50
core   0: 1 0x0000000080005300 (0x43245913) x18 0x0000000000000000
core   0: 0x0000000080005304 (0x1bd8fad3) fdiv.d  fs5, fa7, ft9
core   0: 1 0x0000000080005304 (0x1bd8fad3) f21 0x7ff8000000000000
core   0: 0x0000000080005308 (0x035ff447) fmsub.d fs0, ft11, fs5, ft0
core   0: 1 0x0000000080005308 (0x035ff447) f8  0x7ff8000000000000
core   0: 0x000000008000530c (0x62e87c13) andi    s8, a6, 1582
core   0: 1 0x000000008000530c (0x62e87c13) x24 0x0000000000000000
core   0: 0x0000000080005310 (0x420080d3) fcvt.d.s ft1, ft1
core   0: 1 0x0000000080005310 (0x420080d3) f1  0x7ff8000000000000
core   0: 0x0000000080005314 (0x0354edbb) remw    s11, s1, s5
core   0: 1 0x0000000080005314 (0x0354edbb) x27 0x0000000000000d48
core   0: 0x0000000080005318 (0x01bb911b) slliw   sp, s7, 27
core   0: 1 0x0000000080005318 (0x01bb911b) x2  0x0000000008000000
core   0: 0x000000008000531c (0xd030fad3) fcvt.s.lu fs5, ra
core   0: 1 0x000000008000531c (0xd030fad3) f21 0xffffffff3f800000
core   0: 0x0000000080005320 (0x1a44f8d3) fdiv.d  fa7, fs1, ft4
core   0: 1 0x0000000080005320 (0x1a44f8d3) f17 0x7ff8000000000000
core   0: 0x0000000080005324 (0xd20281d3) fcvt.d.w ft3, t0
core   0: 1 0x0000000080005324 (0xd20281d3) f3  0x0000000000000000
core   0: 0x0000000080005328 (0x002029f3) csrrs   s3, frm, zero
core   0: 1 0x0000000080005328 (0x002029f3) x19 0x0000000000000000
core   0: 0x000000008000532c (0x01475dbb) srlw    s11, a4, s4
core   0: 1 0x000000008000532c (0x01475dbb) x27 0x0000000000000000
core   0: 0x0000000080005330 (0xc231fa53) fcvt.lu.d s4, ft3
core   0: 1 0x0000000080005330 (0xc231fa53) x20 0x0000000000000000
core   0: 0x0000000080005334 (0x011ea333) slt     t1, t4, a7
core   0: 1 0x0000000080005334 (0x011ea333) x6  0x0000000000000001
core   0: 0x0000000080005338 (0x43d478cb) fnmsub.d fa7, fs0, ft9, fs0
core   0: 1 0x0000000080005338 (0x43d478cb) f17 0x7ff8000000000000
core   0: 0x000000008000533c (0x5078079b) addiw   a5, a6, 1287
core   0: 1 0x000000008000533c (0x5078079b) x15 0x0000000000000507
core   0: 0x0000000080005340 (0x033acc33) div     s8, s5, s3
core   0: 1 0x0000000080005340 (0x033acc33) x24 0xffffffffffffffff
core   0: 0x0000000080005344 (0x00a52cb3) slt     s9, a0, a0
core   0: 1 0x0000000080005344 (0x00a52cb3) x25 0x0000000000000000
core   0: 0x0000000080005348 (0x019b81bb) addw    gp, s7, s9
core   0: 1 0x0000000080005348 (0x019b81bb) x3  0xffffffffffffffc1
core   0: 0x000000008000534c (0x01b31c33) sll     s8, t1, s11
core   0: 1 0x000000008000534c (0x01b31c33) x24 0x0000000000000001
core   0: 0x0000000080005350 (0x43f1d393) srai    t2, gp, 63
core   0: 1 0x0000000080005350 (0x43f1d393) x7  0xffffffffffffffff
core   0: 0x0000000080005354 (0x1b93bbb7) lui     s7, 0x1b93b
core   0: 1 0x0000000080005354 (0x1b93bbb7) x23 0x000000001b93b000
core   0: 0x0000000080005358 (0x011bd693) srli    a3, s7, 17
core   0: 1 0x0000000080005358 (0x011bd693) x13 0x0000000000000dc9
core   0: 0x000000008000535c (0x4172d533) sra     a0, t0, s7
core   0: 1 0x000000008000535c (0x4172d533) x10 0xb450000000000000
core   0: 0x0000000080005360 (0x002216f3) csrrw   a3, frm, tp
core   0: 1 0x0000000080005360 (0x002216f3) x13 0x0000000000000000 c2_frm 0x0000000000000003
core   0: 0x0000000080005364 (0xff3e28b7) lui     a7, 0xff3e2
core   0: 1 0x0000000080005364 (0xff3e28b7) x17 0xffffffffff3e2000
core   0: 0x0000000080005368 (0x8d58889b) addiw   a7, a7, -1835
core   0: 1 0x0000000080005368 (0x8d58889b) x17 0xffffffffff3e18d5
core   0: 0x000000008000536c (0x000008b6) c.slli  a7, 13
core   0: 1 0x000000008000536c (0x08b6) x17 0xffffffe7c31aa000
core   0: 0x000000008000536e (0x1d088893) addi    a7, a7, 464
core   0: 1 0x000000008000536e (0x1d088893) x17 0xffffffe7c31aa1d0
core   0: 0x0000000080005372 (0x0b15fcd3) fsub.d  fs9, fa1, fa7
core   0: 1 0x0000000080005372 (0x0b15fcd3) f25 0x7ff8000000000000
core   0: 0x0000000080005376 (0x0a43f553) fsub.d  fa0, ft7, ft4
core   0: 1 0x0000000080005376 (0x0a43f553) f10 0x7ff8000000000000
core   0: 0x000000008000537a (0x01d8f0b3) and     ra, a7, t4
core   0: 1 0x000000008000537a (0x01d8f0b3) x1  0xffffff808310a010
core   0: 0x000000008000537e (0xc2599617) auipc   a2, 0xc2599
core   0: 1 0x000000008000537e (0xc2599617) x12 0x000000004259e37e
core   0: 0x0000000080005382 (0x01150b3b) addw    s6, a0, a7
core   0: 1 0x0000000080005382 (0x01150b3b) x22 0xffffffffc31aa1d0
core   0: 0x0000000080005386 (0xe2387f43) fmadd.d ft10, fa6, ft3, ft8
core   0: 1 0x0000000080005386 (0xe2387f43) f30 0x7ff8000000000000
core   0: 0x000000008000538a (0x02db34b3) mulhu   s1, s6, a3
core   0: 1 0x000000008000538a (0x02db34b3) x9  0x0000000000000000
core   0: 0x000000008000538e (0x02a48ebb) mulw    t4, s1, a0
core   0: 1 0x000000008000538e (0x02a48ebb) x29 0x0000000000000000
core   0: 0x0000000080005392 (0xe20c0553) fmv.x.d a0, fs8
core   0: 1 0x0000000080005392 (0xe20c0553) x10 0x40e94e0000000000
core   0: 0x0000000080005396 (0xc03a7d53) fcvt.lu.s s10, fs4
core   0: 1 0x0000000080005396 (0xc03a7d53) c1_fflags 0x0000000000000010 x26 0xffffffffffffffff
core   0: 0x000000008000539a (0xd21880d3) fcvt.d.wu ft1, a7
core   0: 1 0x000000008000539a (0xd21880d3) f1  0x41e863543a000000
core   0: 0x000000008000539e (0x039d783b) remuw   a6, s10, s9
core   0: 1 0x000000008000539e (0x039d783b) x16 0xffffffffffffffff
core   0: 0x00000000800053a2 (0xf7cc849b) addiw   s1, s9, -132
core   0: 1 0x00000000800053a2 (0xf7cc849b) x9  0xffffffffffffff7c
core   0: 0x00000000800053a6 (0x2b4f1353) fmax.d  ft6, ft10, fs4
core   0: 1 0x00000000800053a6 (0x2b4f1353) f6  0x7ff8000000000000
core   0: 0x00000000800053aa (0xc2237dd3) fcvt.l.d s11, ft6
core   0: 1 0x00000000800053aa (0xc2237dd3) c1_fflags 0x0000000000000010 x27 0x7fffffffffffffff
core   0: 0x00000000800053ae (0x0129d9b3) srl     s3, s3, s2
core   0: 1 0x00000000800053ae (0x0129d9b3) x19 0x0000000000000000
core   0: 0x00000000800053b2 (0x4151d5bb) sraw    a1, gp, s5
core   0: 1 0x00000000800053b2 (0x4151d5bb) x11 0xffffffffffffffc1
core   0: 0x00000000800053b6 (0x02b74933) div     s2, a4, a1
core   0: 1 0x00000000800053b6 (0x02b74933) x18 0x0000000000000000
core   0: 0x00000000800053ba (0x01c4a3b3) slt     t2, s1, t3
core   0: 1 0x00000000800053ba (0x01c4a3b3) x7  0x0000000000000001
core   0: 0x00000000800053be (0x32137fc3) fmadd.d ft11, ft6, ft1, ft6
core   0: 1 0x00000000800053be (0x32137fc3) f31 0x7ff8000000000000
core   0: 0x00000000800053c2 (0x43b4744b) fnmsub.d fs0, fs0, fs11, fs0
core   0: 1 0x00000000800053c2 (0x43b4744b) f8  0x7ff8000000000000
core   0: 0x00000000800053c6 (0x4005d593) srai    a1, a1, 0
core   0: 1 0x00000000800053c6 (0x4005d593) x11 0xffffffffffffffc1
core   0: 0x00000000800053ca (0x418cde3b) sraw    t3, s9, s8
core   0: 1 0x00000000800053ca (0x418cde3b) x28 0x0000000000000000
core   0: 0x00000000800053ce (0x2a4c8cd3) fmin.d  fs9, fs9, ft4
core   0: 1 0x00000000800053ce (0x2a4c8cd3) f25 0x3ff0000000000000
core   0: 0x00000000800053d2 (0x40fa8eb3) sub     t4, s5, a5
core   0: 1 0x00000000800053d2 (0x40fa8eb3) x29 0xfffffffffffffaf9
core   0: 0x00000000800053d6 (0x40025413) srai    s0, tp, 0
core   0: 1 0x00000000800053d6 (0x40025413) x8  0xffffff80b734ea33
core   0: 0x00000000800053da (0x23599b53) fsgnjn.d fs6, fs3, fs5
core   0: 1 0x00000000800053da (0x23599b53) f22 0x7ff8000000000000
core   0: 0x00000000800053de (0x01373733) sltu    a4, a4, s3
core   0: 1 0x00000000800053de (0x01373733) x14 0x0000000000000000
core   0: 0x00000000800053e2 (0x00199bf3) csrrw   s7, fflags, s3
core   0: 1 0x00000000800053e2 (0x00199bf3) x23 0x0000000000000010 c1_fflags 0x0000000000000000
core   0: 0x00000000800053e6 (0x00e02cb3) slt     s9, zero, a4
core   0: 1 0x00000000800053e6 (0x00e02cb3) x25 0x0000000000000000
core   0: 0x00000000800053ea (0x0309c4bb) divw    s1, s3, a6
core   0: 1 0x00000000800053ea (0x0309c4bb) x9  0x0000000000000000
core   0: 0x00000000800053ee (0x228dadd3) fsgnjx.d fs11, fs11, fs0
core   0: 1 0x00000000800053ee (0x228dadd3) f27 0x7ff8000000000000
core   0: 0x00000000800053f2 (0x0004981b) slliw   a6, s1, 0
core   0: 1 0x00000000800053f2 (0x0004981b) x16 0x0000000000000000
core   0: 0x00000000800053f6 (0x342a6b73) csrrsi  s6, mcause, 20
core   0: exception trap_illegal_instruction, epc 0x00000000800053f6
core   0:           tval 0x00000000342a6b73
core   0: >>>>  $xrv64i2p1_m2p0_a2p1_f2p2_d2p2_zicsr2p0_zifencei2p0_zmmul1p0_zba1p0_zbb1p0_zbc1p0_zbs1p0
core   0: 0x0000000080004000 (0x0080006f) j       pc + 0x8
core   0: 3 0x0000000080004000 (0x0080006f)
core   0: >>>>  mmode_exception_handler
core   0: 0x0000000080004008 (0x00002c17) auipc   s8, 0x2
core   0: 3 0x0000000080004008 (0x00002c17) x24 0x0000000080006008
core   0: 0x000000008000400c (0x056c0c13) addi    s8, s8, 86
core   0: 3 0x000000008000400c (0x056c0c13) x24 0x000000008000605e
core   0: 0x0000000080004010 (0x000c00e7) jalr    s8
core   0: 3 0x0000000080004010 (0x000c00e7) x1  0x0000000080004014
core   0: >>>>  any_handler
core   0: 0x000000008000605e (0x341027f3) csrrs   a5, mepc, zero
core   0: 3 0x000000008000605e (0x341027f3) x15 0x00000000800053f6
core   0: 0x0000000080006062 (0x34202773) csrrs   a4, mcause, zero
core   0: 3 0x0000000080006062 (0x34202773) x14 0x0000000000000002
core   0: 0x0000000080006066 (0x142026f3) csrrs   a3, scause, zero
core   0: 3 0x0000000080006066 (0x142026f3) x13 0x0000000000000000
core   0: 0x000000008000606a (0x30402673) csrrs   a2, mie, zero
core   0: 3 0x000000008000606a (0x30402673) x12 0x0000000000000a00
core   0: 0x000000008000606e (0x344025f3) csrrs   a1, mip, zero
core   0: 3 0x000000008000606e (0x344025f3) x11 0x0000000000000080
core   0: 0x0000000080006072 (0x343025f3) csrrs   a1, mtval, zero
core   0: 3 0x0000000080006072 (0x343025f3) x11 0x00000000342a6b73
core   0: 0x0000000080006076 (0x14302573) csrrs   a0, stval, zero
core   0: 3 0x0000000080006076 (0x14302573) x10 0x0000000000000000
core   0: 0x000000008000607a (0xb02024f3) csrrs   s1, minstret, zero
core   0: 3 0x000000008000607a (0xb02024f3) x9  0x0000000000000ded
core   0: 0x000000008000607e (0x0000a811) c.j     pc + 20
core   0: 3 0x000000008000607e (0xa811)
core   0: >>>>  mepc_4
core   0: 0x0000000080006092 (0x00000791) c.addi  a5, 4
core   0: 3 0x0000000080006092 (0x0791) x15 0x00000000800053fa
core   0: 0x0000000080006094 (0x34179073) csrrw   zero, mepc, a5
core   0: 3 0x0000000080006094 (0x34179073) c833_mepc 0x00000000800053fa
core   0: 0x0000000080006098 (0x30200073) mret
core   0: 3 0x0000000080006098 (0x30200073) c768_mstatus 0x8000000a00106080
core   0: 0x00000000800053fa (0xd2237253) fcvt.d.l ft4, t1
core   0: 1 0x00000000800053fa (0xd2237253) f4  0x3ff0000000000000
core   0: 0x00000000800053fe (0x4031d5b3) sra     a1, gp, gp
core   0: 1 0x00000000800053fe (0x4031d5b3) x11 0xffffffffffffffe0
core   0: 0x0000000080005402 (0x03f1d393) srli    t2, gp, 63
core   0: 1 0x0000000080005402 (0x03f1d393) x7  0x0000000000000001
core   0: 0x0000000080005406 (0x00102773) csrrs   a4, fflags, zero
core   0: 1 0x0000000080005406 (0x00102773) x14 0x0000000000000000
core   0: 0x000000008000540a (0xc02cfad3) fcvt.l.s s5, fs9
core   0: 1 0x000000008000540a (0xc02cfad3) c1_fflags 0x0000000000000010 x21 0x7fffffffffffffff
core   0: 0x000000008000540e (0x2bf205d3) fmin.d  fa1, ft4, ft11
core   0: 1 0x000000008000540e (0x2bf205d3) f11 0x3ff0000000000000
core   0: 0x0000000080005412 (0x57b37793) andi    a5, t1, 1403
core   0: 1 0x0000000080005412 (0x57b37793) x15 0x0000000000000001
core   0: 0x0000000080005416 (0x02555713) srli    a4, a0, 37
core   0: 1 0x0000000080005416 (0x02555713) x14 0x0000000000000000
core   0: 0x000000008000541a (0x00875b33) srl     s6, a4, s0
core   0: 1 0x000000008000541a (0x00875b33) x22 0x0000000000000000
core   0: 0x000000008000541e (0x00d5ceb3) xor     t4, a1, a3
core   0: 1 0x000000008000541e (0x00d5ceb3) x29 0xffffffffffffffe0
core   0: 0x0000000080005422 (0xfe7c3637) lui     a2, 0xfe7c3
core   0: 1 0x0000000080005422 (0xfe7c3637) x12 0xfffffffffe7c3000
core   0: 0x0000000080005426 (0xbff6061b) addiw   a2, a2, -1025
core   0: 1 0x0000000080005426 (0xbff6061b) x12 0xfffffffffe7c2bff
core   0: 0x000000008000542a (0x0000063a) c.slli  a2, 14
core   0: 1 0x000000008000542a (0x063a) x12 0xffffff9f0affc000
core   0: 0x000000008000542c (0x54760613) addi    a2, a2, 1351
core   0: 1 0x000000008000542c (0x54760613) x12 0xffffff9f0affc547
core   0: 0x0000000080005430 (0xd2367853) fcvt.d.lu fa6, a2
core   0: 1 0x0000000080005430 (0xd2367853) c1_fflags 0x0000000000000011 f16 0x43effffff3e15ff9
core   0: 0x0000000080005434 (0x0000901b) slliw   zero, ra, 0
core   0: 1 0x0000000080005434 (0x0000901b)
core   0: 0x0000000080005438 (0x01d65db3) srl     s11, a2, t4
core   0: 1 0x0000000080005438 (0x01d65db3) x27 0x00000000ffffff9f
core   0: 0x000000008000543c (0x000d9b1b) slliw   s6, s11, 0
core   0: 1 0x000000008000543c (0x000d9b1b) x22 0xffffffffffffff9f
core   0: 0x0000000080005440 (0x0368beb3) mulhu   t4, a7, s6
core   0: 1 0x0000000080005440 (0x0368beb3) x29 0xffffffe7c31aa16f
core   0: 0x0000000080005444 (0x00171773) csrrw   a4, fflags, a4
core   0: 1 0x0000000080005444 (0x00171773) x14 0x0000000000000011 c1_fflags 0x0000000000000000
core   0: 0x0000000080005448 (0x0009d293) srli    t0, s3, 0
core   0: 1 0x0000000080005448 (0x0009d293) x5  0x0000000000000000
core   0: 0x000000008000544c (0x1a7873d3) fdiv.d  ft7, fa6, ft7
core   0: 1 0x000000008000544c (0x1a7873d3) f7  0x7ff8000000000000
core   0: 0x0000000080005450 (0x0099d4b3) srl     s1, s3, s1
core   0: 1 0x0000000080005450 (0x0099d4b3) x9  0x0000000000000000
core   0: 0x0000000080005454 (0x420b8953) fcvt.d.s fs2, fs7
core   0: 1 0x0000000080005454 (0x420b8953) f18 0x7ff8000000000000
core   0: 0x0000000080005458 (0xbbe978cf) fnmadd.d fa7, fs2, ft10, fs7
core   0: 1 0x0000000080005458 (0xbbe978cf) f17 0x7ff8000000000000
core   0: 0x000000008000545c (0x343131f3) csrrc   gp, mtval, sp
core   0: exception trap_illegal_instruction, epc 0x000000008000545c
core   0:           tval 0x00000000343131f3
core   0: >>>>  $xrv64i2p1_m2p0_a2p1_f2p2_d2p2_zicsr2p0_zifencei2p0_zmmul1p0_zba1p0_zbb1p0_zbc1p0_zbs1p0
core   0: 0x0000000080004000 (0x0080006f) j       pc + 0x8
core   0: 3 0x0000000080004000 (0x0080006f)
core   0: >>>>  mmode_exception_handler
core   0: 0x0000000080004008 (0x00002c17) auipc   s8, 0x2
core   0: 3 0x0000000080004008 (0x00002c17) x24 0x0000000080006008
core   0: 0x000000008000400c (0x056c0c13) addi    s8, s8, 86
core   0: 3 0x000000008000400c (0x056c0c13) x24 0x000000008000605e
core   0: 0x0000000080004010 (0x000c00e7) jalr    s8
core   0: 3 0x0000000080004010 (0x000c00e7) x1  0x0000000080004014
core   0: >>>>  any_handler
core   0: 0x000000008000605e (0x341027f3) csrrs   a5, mepc, zero
core   0: 3 0x000000008000605e (0x341027f3) x15 0x000000008000545c
core   0: 0x0000000080006062 (0x34202773) csrrs   a4, mcause, zero
core   0: 3 0x0000000080006062 (0x34202773) x14 0x0000000000000002
core   0: 0x0000000080006066 (0x142026f3) csrrs   a3, scause, zero
core   0: 3 0x0000000080006066 (0x142026f3) x13 0x0000000000000000
core   0: 0x000000008000606a (0x30402673) csrrs   a2, mie, zero
core   0: 3 0x000000008000606a (0x30402673) x12 0x0000000000000a00
core   0: 0x000000008000606e (0x344025f3) csrrs   a1, mip, zero
core   0: 3 0x000000008000606e (0x344025f3) x11 0x0000000000000080
core   0: 0x0000000080006072 (0x343025f3) csrrs   a1, mtval, zero
core   0: 3 0x0000000080006072 (0x343025f3) x11 0x00000000343131f3
core   0: 0x0000000080006076 (0x14302573) csrrs   a0, stval, zero
core   0: 3 0x0000000080006076 (0x14302573) x10 0x0000000000000000
core   0: 0x000000008000607a (0xb02024f3) csrrs   s1, minstret, zero
core   0: 3 0x000000008000607a (0xb02024f3) x9  0x0000000000000e16
core   0: 0x000000008000607e (0x0000a811) c.j     pc + 20
core   0: 3 0x000000008000607e (0xa811)
core   0: >>>>  mepc_4
core   0: 0x0000000080006092 (0x00000791) c.addi  a5, 4
core   0: 3 0x0000000080006092 (0x0791) x15 0x0000000080005460
core   0: 0x0000000080006094 (0x34179073) csrrw   zero, mepc, a5
core   0: 3 0x0000000080006094 (0x34179073) c833_mepc 0x0000000080005460
core   0: 0x0000000080006098 (0x30200073) mret
core   0: 3 0x0000000080006098 (0x30200073) c768_mstatus 0x8000000a00106080
core   0: 0x0000000080005460 (0x02739ab3) mulh    s5, t2, t2
core   0: 1 0x0000000080005460 (0x02739ab3) x21 0x0000000000000000
core   0: 0x0000000080005464 (0x5a017853) fsqrt.d fa6, ft2
core   0: 1 0x0000000080005464 (0x5a017853) f16 0x0000000000000000
core   0: 0x0000000080005468 (0x00000001) c.nop
core   0: 1 0x0000000080005468 (0x0001)
core   0: 0x000000008000546a (0x000587b3) add     a5, a1, zero
core   0: 1 0x000000008000546a (0x000587b3) x15 0x00000000343131f3
core   0: 0x000000008000546e (0x00f388bb) addw    a7, t2, a5
core   0: 1 0x000000008000546e (0x00f388bb) x17 0x00000000343131f4
core   0: 0x0000000080005472 (0x7ff88213) addi    tp, a7, 2047
core   0: 1 0x0000000080005472 (0x7ff88213) x4  0x00000000343139f3
core   0: 0x0000000080005476 (0x40b88593) addi    a1, a7, 1035
core   0: 1 0x0000000080005476 (0x40b88593) x11 0x00000000343135ff
core   0: 0x000000008000547a (0x00a8053b) addw    a0, a6, a0
core   0: 1 0x000000008000547a (0x00a8053b) x10 0x0000000000000000
core   0: 0x000000008000547e (0x0ff0000f) fence   iorw,iorw
core   0: 1 0x000000008000547e (0x0ff0000f)
core   0: 0x0000000080005482 (0xf232ff4b) fnmsub.d ft10, ft5, ft3, ft10
core   0: 1 0x0000000080005482 (0xf232ff4b) f30 0x7ff8000000000000
core   0: 0x0000000080005486 (0xc024fa53) fcvt.l.s s4, fs1
core   0: 1 0x0000000080005486 (0xc024fa53) c1_fflags 0x0000000000000010 x20 0x7fffffffffffffff
core   0: 0x000000008000548a (0x05b3e897) auipc   a7, 0x5b3e
core   0: 1 0x000000008000548a (0x05b3e897) x17 0x0000000085b4348a
core   0: 0x000000008000548e (0x00000001) c.nop
core   0: 1 0x000000008000548e (0x0001)
core   0: 0x0000000080005490 (0x0ff0000f) fence   iorw,iorw
core   0: 1 0x0000000080005490 (0x0ff0000f)
core   0: 0x0000000080005494 (0x01fc1b1b) slliw   s6, s8, 31
core   0: 1 0x0000000080005494 (0x01fc1b1b) x22 0x0000000000000000
core   0: 0x0000000080005498 (0x03987033) remu    zero, a6, s9
core   0: 1 0x0000000080005498 (0x03987033)
core   0: 0x000000008000549c (0x011eabb3) slt     s7, t4, a7
core   0: 1 0x000000008000549c (0x011eabb3) x23 0x0000000000000001
core   0: 0x00000000800054a0 (0x53e6c693) xori    a3, a3, 1342
core   0: 1 0x00000000800054a0 (0x53e6c693) x13 0x000000000000053e
core   0: 0x00000000800054a4 (0x00a694b3) sll     s1, a3, a0
core   0: 1 0x00000000800054a4 (0x00a694b3) x9  0x000000000000053e
core   0: 0x00000000800054a8 (0xc221f8d3) fcvt.l.d a7, ft3
core   0: 1 0x00000000800054a8 (0xc221f8d3) x17 0x0000000000000000
core   0: 0x00000000800054ac (0x01cd1913) slli    s2, s10, 28
core   0: 1 0x00000000800054ac (0x01cd1913) x18 0xfffffffff0000000
core   0: 0x00000000800054b0 (0x405d513b) sraw    sp, s10, t0
core   0: 1 0x00000000800054b0 (0x405d513b) x2  0xffffffffffffffff
core   0: 0x00000000800054b4 (0xd2bd4093) xori    ra, s10, -725
core   0: 1 0x00000000800054b4 (0xd2bd4093) x1  0x00000000000002d4
core   0: 0x00000000800054b8 (0x142577f3) csrrci  a5, scause, 10
core   0: 1 0x00000000800054b8 (0x142577f3) x15 0x0000000000000000 c322_scause 0x0000000000000000
core   0: 0x00000000800054bc (0x004ed89b) srliw   a7, t4, 4
core   0: 1 0x00000000800054bc (0x004ed89b) x17 0x000000000c31aa16
core   0: 0x00000000800054c0 (0x031eb633) mulhu   a2, t4, a7
core   0: 1 0x00000000800054c0 (0x031eb633) x12 0x000000000c31aa14
core   0: 0x00000000800054c4 (0x4069533b) sraw    t1, s2, t1
core   0: 1 0x00000000800054c4 (0x4069533b) x6  0xfffffffff8000000
core   0: 0x00000000800054c8 (0x306928f3) csrrs   a7, mcounteren, s2
core   0: exception trap_illegal_instruction, epc 0x00000000800054c8
core   0:           tval 0x00000000306928f3
core   0: >>>>  $xrv64i2p1_m2p0_a2p1_f2p2_d2p2_zicsr2p0_zifencei2p0_zmmul1p0_zba1p0_zbb1p0_zbc1p0_zbs1p0
core   0: 0x0000000080004000 (0x0080006f) j       pc + 0x8
core   0: 3 0x0000000080004000 (0x0080006f)
core   0: >>>>  mmode_exception_handler
core   0: 0x0000000080004008 (0x00002c17) auipc   s8, 0x2
core   0: 3 0x0000000080004008 (0x00002c17) x24 0x0000000080006008
core   0: 0x000000008000400c (0x056c0c13) addi    s8, s8, 86
core   0: 3 0x000000008000400c (0x056c0c13) x24 0x000000008000605e
core   0: 0x0000000080004010 (0x000c00e7) jalr    s8
core   0: 3 0x0000000080004010 (0x000c00e7) x1  0x0000000080004014
core   0: >>>>  any_handler
core   0: 0x000000008000605e (0x341027f3) csrrs   a5, mepc, zero
core   0: 3 0x000000008000605e (0x341027f3) x15 0x00000000800054c8
core   0: 0x0000000080006062 (0x34202773) csrrs   a4, mcause, zero
core   0: 3 0x0000000080006062 (0x34202773) x14 0x0000000000000002
core   0: 0x0000000080006066 (0x142026f3) csrrs   a3, scause, zero
core   0: 3 0x0000000080006066 (0x142026f3) x13 0x0000000000000000
core   0: 0x000000008000606a (0x30402673) csrrs   a2, mie, zero
core   0: 3 0x000000008000606a (0x30402673) x12 0x0000000000000a00
core   0: 0x000000008000606e (0x344025f3) csrrs   a1, mip, zero
core   0: 3 0x000000008000606e (0x344025f3) x11 0x0000000000000080
core   0: 0x0000000080006072 (0x343025f3) csrrs   a1, mtval, zero
core   0: 3 0x0000000080006072 (0x343025f3) x11 0x00000000306928f3
core   0: 0x0000000080006076 (0x14302573) csrrs   a0, stval, zero
core   0: 3 0x0000000080006076 (0x14302573) x10 0x0000000000000000
core   0: 0x000000008000607a (0xb02024f3) csrrs   s1, minstret, zero
core   0: 3 0x000000008000607a (0xb02024f3) x9  0x0000000000000e41
core   0: 0x000000008000607e (0x0000a811) c.j     pc + 20
core   0: 3 0x000000008000607e (0xa811)
core   0: >>>>  mepc_4
core   0: 0x0000000080006092 (0x00000791) c.addi  a5, 4
core   0: 3 0x0000000080006092 (0x0791) x15 0x00000000800054cc
core   0: 0x0000000080006094 (0x34179073) csrrw   zero, mepc, a5
core   0: 3 0x0000000080006094 (0x34179073) c833_mepc 0x00000000800054cc
core   0: 0x0000000080006098 (0x30200073) mret
core   0: 3 0x0000000080006098 (0x30200073) c768_mstatus 0x8000000a00106080
core   0: 0x00000000800054cc (0x0ff0000f) fence   iorw,iorw
core   0: 1 0x00000000800054cc (0x0ff0000f)
core   0: 0x00000000800054d0 (0x723dfdcf) fnmadd.d fs11, fs11, ft3, fa4
core   0: 1 0x00000000800054d0 (0x723dfdcf) f27 0x7ff8000000000000
core   0: 0x00000000800054d4 (0x02d4d4bb) divuw   s1, s1, a3
core   0: 1 0x00000000800054d4 (0x02d4d4bb) x9  0xffffffffffffffff
core   0: 0x00000000800054d8 (0xd20706d3) fcvt.d.w fa3, a4
core   0: 1 0x00000000800054d8 (0xd20706d3) f13 0x4000000000000000
core   0: 0x00000000800054dc (0x0291f753) fadd.d  fa4, ft3, fs1
core   0: 1 0x00000000800054dc (0x0291f753) f14 0x7ff8000000000000
core   0: 0x00000000800054e0 (0x02e07ec3) fmadd.d ft9, ft0, fa4, ft0
core   0: 1 0x00000000800054e0 (0x02e07ec3) f29 0x7ff8000000000000
core   0: 0x00000000800054e4 (0xc23ff753) fcvt.lu.d a4, ft11
core   0: 1 0x00000000800054e4 (0xc23ff753) c1_fflags 0x0000000000000010 x14 0xffffffffffffffff
core   0: 0x00000000800054e8 (0x01dadeb3) srl     t4, s5, t4
core   0: 1 0x00000000800054e8 (0x01dadeb3) x29 0x0000000000000000
core   0: 0x00000000800054ec (0x001a17f3) csrrw   a5, fflags, s4
core   0: 1 0x00000000800054ec (0x001a17f3) x15 0x0000000000000010 c1_fflags 0x000000000000001f
core   0: 0x00000000800054f0 (0x005aa0b3) slt     ra, s5, t0
core   0: 1 0x00000000800054f0 (0x005aa0b3) x1  0x0000000000000000
core   0: 0x00000000800054f4 (0x121efad3) fmul.d  fs5, ft9, ft1
core   0: 1 0x00000000800054f4 (0x121efad3) f21 0x7ff8000000000000
core   0: 0x00000000800054f8 (0xd20e8253) fcvt.d.w ft4, t4
core   0: 1 0x00000000800054f8 (0xd20e8253) f4  0x0000000000000000
core   0: 0x00000000800054fc (0x420f0553) fcvt.d.s fa0, ft10
core   0: 1 0x00000000800054fc (0x420f0553) f10 0x7ff8000000000000
core   0: 0x0000000080005500 (0x22a517d3) fsgnjn.d fa5, fa0, fa0
core   0: 1 0x0000000080005500 (0x22a517d3) f15 0xfff8000000000000
core   0: 0x0000000080005504 (0xf20205d3) fmv.d.x fa1, tp
core   0: 1 0x0000000080005504 (0xf20205d3) f11 0x00000000343139f3
core   0: 0x0000000080005508 (0xe20181d3) fmv.x.d gp, ft3
core   0: 1 0x0000000080005508 (0xe20181d3) x3  0x0000000000000000
core   0: 0x000000008000550c (0x00b68b3b) addw    s6, a3, a1
core   0: 1 0x000000008000550c (0x00b68b3b) x22 0x00000000306928f3
core   0: 0x0000000080005510 (0x41d75eb3) sra     t4, a4, t4
core   0: 1 0x0000000080005510 (0x41d75eb3) x29 0xffffffffffffffff
core   0: 0x0000000080005514 (0x02a1d433) divu    s0, gp, a0
core   0: 1 0x0000000080005514 (0x02a1d433) x8  0xffffffffffffffff
core   0: 0x0000000080005518 (0x0bae7fd3) fsub.d  ft11, ft8, fs10
core   0: 1 0x0000000080005518 (0x0bae7fd3) f31 0x7ff8000000000000
core   0: 0x000000008000551c (0x00cce033) or      zero, s9, a2
core   0: 1 0x000000008000551c (0x00cce033)
core   0: 0x0000000080005520 (0xdfb4f993) andi    s3, s1, -517
core   0: 1 0x0000000080005520 (0xdfb4f993) x19 0xfffffffffffffdfb
core   0: 0x0000000080005524 (0x00c3d63b) srlw    a2, t2, a2
core   0: 1 0x0000000080005524 (0x00c3d63b) x12 0x0000000000000001
core   0: 0x0000000080005528 (0x00b5d13b) srlw    sp, a1, a1
core   0: 1 0x0000000080005528 (0x00b5d13b) x2  0x000000000000060d
core   0: 0x000000008000552c (0x22139553) fsgnjn.d fa0, ft7, ft1
core   0: 1 0x000000008000552c (0x22139553) f10 0xfff8000000000000
core   0: 0x0000000080005530 (0x03514d33) div     s10, sp, s5
core   0: 1 0x0000000080005530 (0x03514d33) x26 0xffffffffffffffff
core   0: 0x0000000080005534 (0x4073dbb3) sra     s7, t2, t2
core   0: 1 0x0000000080005534 (0x4073dbb3) x23 0x0000000000000000
core   0: 0x0000000080005538 (0x033bd0bb) divuw   ra, s7, s3
core   0: 1 0x0000000080005538 (0x033bd0bb) x1  0x0000000000000000
core   0: 0x000000008000553c (0x0002111b) slliw   sp, tp, 0
core   0: 1 0x000000008000553c (0x0002111b) x2  0x00000000343139f3
core   0: 0x0000000080005540 (0x0212d6bb) divuw   a3, t0, ra
core   0: 1 0x0000000080005540 (0x0212d6bb) x13 0xffffffffffffffff
core   0: 0x0000000080005544 (0xc030f153) fcvt.lu.s sp, ft1
core   0: 1 0x0000000080005544 (0xc030f153) c1_fflags 0x000000000000001f x2  0xffffffffffffffff
core   0: 0x0000000080005548 (0x0163d1b3) srl     gp, t2, s6
core   0: 1 0x0000000080005548 (0x0163d1b3) x3  0x0000000000000000
core   0: 0x000000008000554c (0xa2660253) fle.d   tp, fa2, ft6
core   0: 1 0x000000008000554c (0xa2660253) c1_fflags 0x000000000000001f x4  0x0000000000000000
core   0: 0x0000000080005550 (0x40b58133) sub     sp, a1, a1
core   0: 1 0x0000000080005550 (0x40b58133) x2  0x0000000000000000
core   0: 0x0000000080005554 (0xc0257ed3) fcvt.l.s t4, fa0
core   0: 1 0x0000000080005554 (0xc0257ed3) c1_fflags 0x000000000000001f x29 0x7fffffffffffffff
core   0: 0x0000000080005558 (0x40107953) fcvt.s.d fs2, ft0
core   0: 1 0x0000000080005558 (0x40107953) f18 0xffffffff4d7c146d
core   0: 0x000000008000555c (0xd025f1d3) fcvt.s.l ft3, a1
core   0: 1 0x000000008000555c (0xd025f1d3) c1_fflags 0x000000000000001f f3  0xffffffff4e41a4a4
core   0: 0x0000000080005560 (0x401bfad3) fcvt.s.d fs5, fs7
core   0: 1 0x0000000080005560 (0x401bfad3) f21 0xffffffff7fc00000
core   0: 0x0000000080005564 (0x01d56533) or      a0, a0, t4
core   0: 1 0x0000000080005564 (0x01d56533) x10 0x7fffffffffffffff
core   0: 0x0000000080005568 (0x0108083b) addw    a6, a6, a6
core   0: 1 0x0000000080005568 (0x0108083b) x16 0x0000000000000000
core   0: 0x000000008000556c (0x23280853) fsgnj.d fa6, fa6, fs2
core   0: 1 0x000000008000556c (0x23280853) f16 0x8000000000000000
core   0: 0x0000000080005570 (0x00102773) csrrs   a4, fflags, zero
core   0: 1 0x0000000080005570 (0x00102773) x14 0x000000000000001f
core   0: 0x0000000080005574 (0x43fc5013) srai    zero, s8, 63
core   0: 1 0x0000000080005574 (0x43fc5013)
core   0: 0x0000000080005578 (0xa3080853) fle.d   a6, fa6, fa6
core   0: 1 0x0000000080005578 (0xa3080853) x16 0x0000000000000001
core   0: 0x000000008000557c (0xc218fdd3) fcvt.wu.d s11, fa7
core   0: 1 0x000000008000557c (0xc218fdd3) c1_fflags 0x000000000000001f x27 0xffffffffffffffff
core   0: 0x0000000080005580 (0x01d79eb3) sll     t4, a5, t4
core   0: 1 0x0000000080005580 (0x01d79eb3) x29 0x0000000000000000
core   0: 0x0000000080005584 (0xd2178753) fcvt.d.wu fa4, a5
core   0: 1 0x0000000080005584 (0xd2178753) f14 0x4030000000000000
core   0: 0x0000000080005588 (0x00000001) c.nop
core   0: 1 0x0000000080005588 (0x0001)
core   0: 0x000000008000558a (0x00102573) csrrs   a0, fflags, zero
core   0: 1 0x000000008000558a (0x00102573) x10 0x000000000000001f
core   0: 0x000000008000558e (0x2aba1253) fmax.d  ft4, fs4, fa1
core   0: 1 0x000000008000558e (0x2aba1253) f4  0x00000000343139f3
core   0: 0x0000000080005592 (0x0195119b) slliw   gp, a0, 25
core   0: 1 0x0000000080005592 (0x0195119b) x3  0x000000003e000000
core   0: 0x0000000080005596 (0xf2068a53) fmv.d.x fs4, a3
core   0: 1 0x0000000080005596 (0xf2068a53) f20 0xffffffffffffffff
core   0: 0x000000008000559a (0xa3797dcb) fnmsub.d fs11, fs2, fs7, fs4
core   0: 1 0x000000008000559a (0xa3797dcb) f27 0x7ff8000000000000
core   0: 0x000000008000559e (0x00d69bb3) sll     s7, a3, a3
core   0: 1 0x000000008000559e (0x00d69bb3) x23 0x8000000000000000
core   0: 0x00000000800055a2 (0xa29b8753) fle.d   a4, fs7, fs1
core   0: 1 0x00000000800055a2 (0xa29b8753) c1_fflags 0x000000000000001f x14 0x0000000000000000
core   0: 0x00000000800055a6 (0x02e7f833) remu    a6, a5, a4
core   0: 1 0x00000000800055a6 (0x02e7f833) x16 0x0000000000000010
core   0: 0x00000000800055aa (0x03ba7d53) fadd.d  fs10, fs4, fs11
core   0: 1 0x00000000800055aa (0x03ba7d53) f26 0x7ff8000000000000
core   0: 0x00000000800055ae (0x41d8589b) sraiw   a7, a6, 29
core   0: 1 0x00000000800055ae (0x41d8589b) x17 0x0000000000000000
core   0: 0x00000000800055b2 (0xd22e75d3) fcvt.d.l fa1, t3
core   0: 1 0x00000000800055b2 (0xd22e75d3) f11 0x0000000000000000
core   0: 0x00000000800055b6 (0x00abd51b) srliw   a0, s7, 10
core   0: 1 0x00000000800055b6 (0x00abd51b) x10 0x0000000000000000
core   0: 0x00000000800055ba (0x01ce84bb) addw    s1, t4, t3
core   0: 1 0x00000000800055ba (0x01ce84bb) x9  0x0000000000000000
core   0: 0x00000000800055be (0x02549993) slli    s3, s1, 37
core   0: 1 0x00000000800055be (0x02549993) x19 0x0000000000000000
core   0: 0x00000000800055c2 (0xc23df2d3) fcvt.lu.d t0, fs11
core   0: 1 0x00000000800055c2 (0xc23df2d3) c1_fflags 0x000000000000001f x5  0xffffffffffffffff
core   0: 0x00000000800055c6 (0x4161dc9b) sraiw   s9, gp, 22
core   0: 1 0x00000000800055c6 (0x4161dc9b) x25 0x00000000000000f8
core   0: 0x00000000800055ca (0x02f96c33) rem     s8, s2, a5
core   0: 1 0x00000000800055ca (0x02f96c33) x24 0x0000000000000000
core   0: 0x00000000800055ce (0x00008a4a) c.mv    s4, s2
core   0: 1 0x00000000800055ce (0x8a4a) x20 0xfffffffff0000000
core   0: 0x00000000800055d0 (0x036c0d3b) mulw    s10, s8, s6
core   0: 1 0x00000000800055d0 (0x036c0d3b) x26 0x0000000000000000
core   0: 0x00000000800055d4 (0xc02df053) fcvt.l.s zero, fs11
core   0: 1 0x00000000800055d4 (0xc02df053) c1_fflags 0x000000000000001f
core   0: 0x00000000800055d8 (0x001d079b) addiw   a5, s10, 1
core   0: 1 0x00000000800055d8 (0x001d079b) x15 0x0000000000000001
core   0: 0x00000000800055dc (0x0ba4f0d3) fsub.d  ft1, fs1, fs10
core   0: 1 0x00000000800055dc (0x0ba4f0d3) f1  0x7ff8000000000000
core   0: 0x00000000800055e0 (0x033162b3) rem     t0, sp, s3
core   0: 1 0x00000000800055e0 (0x033162b3) x5  0x0000000000000000
core   0: 0x00000000800055e4 (0x41e3551b) sraiw   a0, t1, 30
core   0: 1 0x00000000800055e4 (0x41e3551b) x10 0xffffffffffffffff
core   0: 0x00000000800055e8 (0xf13a6af3) csrrsi  s5, mimpid, 20
core   0: exception trap_illegal_instruction, epc 0x00000000800055e8
core   0:           tval 0x00000000f13a6af3
core   0: >>>>  $xrv64i2p1_m2p0_a2p1_f2p2_d2p2_zicsr2p0_zifencei2p0_zmmul1p0_zba1p0_zbb1p0_zbc1p0_zbs1p0
core   0: 0x0000000080004000 (0x0080006f) j       pc + 0x8
core   0: 3 0x0000000080004000 (0x0080006f)
core   0: >>>>  mmode_exception_handler
core   0: 0x0000000080004008 (0x00002c17) auipc   s8, 0x2
core   0: 3 0x0000000080004008 (0x00002c17) x24 0x0000000080006008
core   0: 0x000000008000400c (0x056c0c13) addi    s8, s8, 86
core   0: 3 0x000000008000400c (0x056c0c13) x24 0x000000008000605e
core   0: 0x0000000080004010 (0x000c00e7) jalr    s8
core   0: 3 0x0000000080004010 (0x000c00e7) x1  0x0000000080004014
core   0: >>>>  any_handler
core   0: 0x000000008000605e (0x341027f3) csrrs   a5, mepc, zero
core   0: 3 0x000000008000605e (0x341027f3) x15 0x00000000800055e8
core   0: 0x0000000080006062 (0x34202773) csrrs   a4, mcause, zero
core   0: 3 0x0000000080006062 (0x34202773) x14 0x0000000000000002
core   0: 0x0000000080006066 (0x142026f3) csrrs   a3, scause, zero
core   0: 3 0x0000000080006066 (0x142026f3) x13 0x0000000000000000
core   0: 0x000000008000606a (0x30402673) csrrs   a2, mie, zero
core   0: 3 0x000000008000606a (0x30402673) x12 0x0000000000000a00
core   0: 0x000000008000606e (0x344025f3) csrrs   a1, mip, zero
core   0: 3 0x000000008000606e (0x344025f3) x11 0x0000000000000080
core   0: 0x0000000080006072 (0x343025f3) csrrs   a1, mtval, zero
core   0: 3 0x0000000080006072 (0x343025f3) x11 0x00000000f13a6af3
core   0: 0x0000000080006076 (0x14302573) csrrs   a0, stval, zero
core   0: 3 0x0000000080006076 (0x14302573) x10 0x0000000000000000
core   0: 0x000000008000607a (0xb02024f3) csrrs   s1, minstret, zero
core   0: 3 0x000000008000607a (0xb02024f3) x9  0x0000000000000e99
core   0: 0x000000008000607e (0x0000a811) c.j     pc + 20
core   0: 3 0x000000008000607e (0xa811)
core   0: >>>>  mepc_4
core   0: 0x0000000080006092 (0x00000791) c.addi  a5, 4
core   0: 3 0x0000000080006092 (0x0791) x15 0x00000000800055ec
core   0: 0x0000000080006094 (0x34179073) csrrw   zero, mepc, a5
core   0: 3 0x0000000080006094 (0x34179073) c833_mepc 0x00000000800055ec
core   0: 0x0000000080006098 (0x30200073) mret
core   0: 3 0x0000000080006098 (0x30200073) c768_mstatus 0x8000000a00106080
core   0: 0x00000000800055ec (0x420d0ad3) fcvt.d.s fs5, fs10
core   0: 1 0x00000000800055ec (0x420d0ad3) f21 0x7ff8000000000000
core   0: 0x00000000800055f0 (0x4003d59b) sraiw   a1, t2, 0
core   0: 1 0x00000000800055f0 (0x4003d59b) x11 0x0000000000000001
core   0: 0x00000000800055f4 (0x015d991b) slliw   s2, s11, 21
core   0: 1 0x00000000800055f4 (0x015d991b) x18 0xffffffffffe00000
core   0: 0x00000000800055f8 (0x009e0ebb) addw    t4, t3, s1
core   0: 1 0x00000000800055f8 (0x009e0ebb) x29 0x0000000000000e99
core   0: 0x00000000800055fc (0xc035f7d3) fcvt.lu.s a5, fa1
core   0: 1 0x00000000800055fc (0xc035f7d3) c1_fflags 0x000000000000001f x15 0xffffffffffffffff
core   0: 0x0000000080005600 (0x02d12eb3) mulhsu  t4, sp, a3
core   0: 1 0x0000000080005600 (0x02d12eb3) x29 0x0000000000000000
core   0: 0x0000000080005604 (0x00059593) slli    a1, a1, 0
core   0: 1 0x0000000080005604 (0x00059593) x11 0x0000000000000001
core   0: 0x0000000080005608 (0x2abb1b53) fmax.d  fs6, fs6, fa1
core   0: 1 0x0000000080005608 (0x2abb1b53) f22 0x0000000000000000
core   0: 0x000000008000560c (0x0047dd1b) srliw   s10, a5, 4
core   0: 1 0x000000008000560c (0x0047dd1b) x26 0x000000000fffffff
core   0: 0x0000000080005610 (0x000008b2) c.slli  a7, 12
core   0: 1 0x0000000080005610 (0x08b2) x17 0x0000000000000000
core   0: 0x0000000080005612 (0x003a1b33) sll     s6, s4, gp
core   0: 1 0x0000000080005612 (0x003a1b33) x22 0xfffffffff0000000
core   0: 0x0000000080005616 (0x2217abd3) fsgnjx.d fs7, fa5, ft1
core   0: 1 0x0000000080005616 (0x2217abd3) f23 0xfff8000000000000
core   0: 0x000000008000561a (0x1a5e70d3) fdiv.d  ft1, ft8, ft5
core   0: 1 0x000000008000561a (0x1a5e70d3) f1  0x7ff8000000000000
core   0: 0x000000008000561e (0x026161bb) remw    gp, sp, t1
core   0: 1 0x000000008000561e (0x026161bb) x3  0x0000000000000000
core   0: 0x0000000080005622 (0x006888bb) addw    a7, a7, t1
core   0: 1 0x0000000080005622 (0x006888bb) x17 0xfffffffff8000000
core   0: 0x0000000080005626 (0x00030e1b) sext.w  t3, t1
core   0: 1 0x0000000080005626 (0x00030e1b) x28 0xfffffffff8000000
core   0: 0x000000008000562a (0xf619cc13) xori    s8, s3, -159
core   0: 1 0x000000008000562a (0xf619cc13) x24 0xffffffffffffff61
core   0: 0x000000008000562e (0xc21e76d3) fcvt.wu.d a3, ft8
core   0: 1 0x000000008000562e (0xc21e76d3) x13 0x000000000fc146d0
core   0: 0x0000000080005632 (0x019c90bb) sllw    ra, s9, s9
core   0: 1 0x0000000080005632 (0x019c90bb) x1  0xfffffffff8000000
core   0: 0x0000000080005636 (0xa26b0b53) fle.d   s6, fs6, ft6
core   0: 1 0x0000000080005636 (0xa26b0b53) c1_fflags 0x000000000000001f x22 0x0000000000000000
core   0: 0x000000008000563a (0x015a513b) srlw    sp, s4, s5
core   0: 1 0x000000008000563a (0x015a513b) x2  0xfffffffff0000000
core   0: 0x000000008000563e (0x42080b53) fcvt.d.s fs6, fa6
core   0: 1 0x000000008000563e (0x42080b53) f22 0x7ff8000000000000
core   0: 0x0000000080005642 (0x008280b3) add     ra, t0, s0
core   0: 1 0x0000000080005642 (0x008280b3) x1  0xffffffffffffffff
core   0: 0x0000000080005646 (0x0089a2b3) slt     t0, s3, s0
core   0: 1 0x0000000080005646 (0x0089a2b3) x5  0x0000000000000000
core   0: 0x000000008000564a (0x0222ca33) div     s4, t0, sp
core   0: 1 0x000000008000564a (0x0222ca33) x20 0x0000000000000000
core   0: 0x000000008000564e (0x1a3af347) fmsub.d ft6, fs5, ft3, ft3
core   0: 1 0x000000008000564e (0x1a3af347) f6  0x7ff8000000000000
core   0: 0x0000000080005652 (0xd02c76d3) fcvt.s.l fa3, s8
core   0: 1 0x0000000080005652 (0xd02c76d3) f13 0xffffffffc31f0000
core   0: 0x0000000080005656 (0xc021fed3) fcvt.l.s t4, ft3
core   0: 1 0x0000000080005656 (0xc021fed3) x29 0x0000000030692900
core   0: 0x000000008000565a (0xd23e7153) fcvt.d.lu ft2, t3
core   0: 1 0x000000008000565a (0xd23e7153) f2  0x43efffffffff0000
core   0: 0x000000008000565e (0x95653eb7) lui     t4, 0x95653
core   0: 1 0x000000008000565e (0x95653eb7) x29 0xffffffff95653000
core   0: 0x0000000080005662 (0xd2387a53) fcvt.d.lu fs4, a6
core   0: 1 0x0000000080005662 (0xd2387a53) f20 0x4030000000000000
core   0: 0x0000000080005666 (0x001024f3) csrrs   s1, fflags, zero
core   0: 1 0x0000000080005666 (0x001024f3) x9  0x000000000000001f
core   0: 0x000000008000566a (0x01f7999b) slliw   s3, a5, 31
core   0: 1 0x000000008000566a (0x01f7999b) x19 0xffffffff80000000
core   0: 0x000000008000566e (0x40e4d73b) sraw    a4, s1, a4
core   0: 1 0x000000008000566e (0x40e4d73b) x14 0x0000000000000007
core   0: 0x0000000080005672 (0x01d5023b) addw    tp, a0, t4
core   0: 1 0x0000000080005672 (0x01d5023b) x4  0xffffffff95653000
core   0: 0x0000000080005676 (0x01825533) srl     a0, tp, s8
core   0: 1 0x0000000080005676 (0x01825533) x10 0x000000007fffffff
core   0: 0x000000008000567a (0xc03ffb53) fcvt.lu.s s6, ft11
core   0: 1 0x000000008000567a (0xc03ffb53) c1_fflags 0x000000000000001f x22 0xffffffffffffffff
core   0: 0x000000008000567e (0x0336e6bb) remw    a3, a3, s3
core   0: 1 0x000000008000567e (0x0336e6bb) x13 0x000000000fc146d0
core   0: 0x0000000080005682 (0x23440453) fsgnj.d fs0, fs0, fs4
core   0: 1 0x0000000080005682 (0x23440453) f8  0x7ff8000000000000
core   0: 0x0000000080005686 (0xc03a77d3) fcvt.lu.s a5, fs4
core   0: 1 0x0000000080005686 (0xc03a77d3) c1_fflags 0x000000000000001f x15 0xffffffffffffffff
core   0: 0x000000008000568a (0x310ab5f3) csrrc   a1, mstatush, s5
core   0: exception trap_illegal_instruction, epc 0x000000008000568a
core   0:           tval 0x00000000310ab5f3
core   0: >>>>  $xrv64i2p1_m2p0_a2p1_f2p2_d2p2_zicsr2p0_zifencei2p0_zmmul1p0_zba1p0_zbb1p0_zbc1p0_zbs1p0
core   0: 0x0000000080004000 (0x0080006f) j       pc + 0x8
core   0: 3 0x0000000080004000 (0x0080006f)
core   0: >>>>  mmode_exception_handler
core   0: 0x0000000080004008 (0x00002c17) auipc   s8, 0x2
core   0: 3 0x0000000080004008 (0x00002c17) x24 0x0000000080006008
core   0: 0x000000008000400c (0x056c0c13) addi    s8, s8, 86
core   0: 3 0x000000008000400c (0x056c0c13) x24 0x000000008000605e
core   0: 0x0000000080004010 (0x000c00e7) jalr    s8
core   0: 3 0x0000000080004010 (0x000c00e7) x1  0x0000000080004014
core   0: >>>>  any_handler
core   0: 0x000000008000605e (0x341027f3) csrrs   a5, mepc, zero
core   0: 3 0x000000008000605e (0x341027f3) x15 0x000000008000568a
core   0: 0x0000000080006062 (0x34202773) csrrs   a4, mcause, zero
core   0: 3 0x0000000080006062 (0x34202773) x14 0x0000000000000002
core   0: 0x0000000080006066 (0x142026f3) csrrs   a3, scause, zero
core   0: 3 0x0000000080006066 (0x142026f3) x13 0x0000000000000000
core   0: 0x000000008000606a (0x30402673) csrrs   a2, mie, zero
core   0: 3 0x000000008000606a (0x30402673) x12 0x0000000000000a00
core   0: 0x000000008000606e (0x344025f3) csrrs   a1, mip, zero
core   0: 3 0x000000008000606e (0x344025f3) x11 0x0000000000000080
core   0: 0x0000000080006072 (0x343025f3) csrrs   a1, mtval, zero
core   0: 3 0x0000000080006072 (0x343025f3) x11 0x00000000310ab5f3
core   0: 0x0000000080006076 (0x14302573) csrrs   a0, stval, zero
core   0: 3 0x0000000080006076 (0x14302573) x10 0x0000000000000000
core   0: 0x000000008000607a (0xb02024f3) csrrs   s1, minstret, zero
core   0: 3 0x000000008000607a (0xb02024f3) x9  0x0000000000000ed1
core   0: 0x000000008000607e (0x0000a811) c.j     pc + 20
core   0: 3 0x000000008000607e (0xa811)
core   0: >>>>  mepc_4
core   0: 0x0000000080006092 (0x00000791) c.addi  a5, 4
core   0: 3 0x0000000080006092 (0x0791) x15 0x000000008000568e
core   0: 0x0000000080006094 (0x34179073) csrrw   zero, mepc, a5
core   0: 3 0x0000000080006094 (0x34179073) c833_mepc 0x000000008000568e
core   0: 0x0000000080006098 (0x30200073) mret
core   0: 3 0x0000000080006098 (0x30200073) c768_mstatus 0x8000000a00106080
core   0: 0x000000008000568e (0x00269bf3) csrrw   s7, frm, a3
core   0: 1 0x000000008000568e (0x00269bf3) x23 0x0000000000000003 c2_frm 0x0000000000000000
core   0: 0x0000000080005692 (0x015c7ab3) and     s5, s8, s5
core   0: 1 0x0000000080005692 (0x015c7ab3) x21 0x0000000000000000
core   0: 0x0000000080005696 (0x015a8733) add     a4, s5, s5
core   0: 1 0x0000000080005696 (0x015a8733) x14 0x0000000000000000
core   0: 0x000000008000569a (0x0381f933) remu    s2, gp, s8
core   0: 1 0x000000008000569a (0x0381f933) x18 0x0000000000000000
core   0: 0x000000008000569e (0x2a1410d3) fmax.d  ft1, fs0, ft1
core   0: 1 0x000000008000569e (0x2a1410d3) f1  0x7ff8000000000000
core   0: 0x00000000800056a2 (0xd23771d3) fcvt.d.lu ft3, a4
core   0: 1 0x00000000800056a2 (0xd23771d3) f3  0x0000000000000000
core   0: 0x00000000800056a6 (0x0129073b) addw    a4, s2, s2
core   0: 1 0x00000000800056a6 (0x0129073b) x14 0x0000000000000000
core   0: 0x00000000800056aa (0x1b3278d3) fdiv.d  fa7, ft4, fs3
core   0: 1 0x00000000800056aa (0x1b3278d3) f17 0x7ff8000000000000
core   0: 0x00000000800056ae (0x4125833b) subw    t1, a1, s2
core   0: 1 0x00000000800056ae (0x4125833b) x6  0x00000000310ab5f3
core   0: 0x00000000800056b2 (0x6a5f3c37) lui     s8, 0x6a5f3
core   0: 1 0x00000000800056b2 (0x6a5f3c37) x24 0x000000006a5f3000
core   0: 0x00000000800056b6 (0x401cf7d3) fcvt.s.d fa5, fs9
core   0: 1 0x00000000800056b6 (0x401cf7d3) f15 0xffffffff3f800000
core   0: 0x00000000800056ba (0x02e61993) slli    s3, a2, 46
core   0: 1 0x00000000800056ba (0x02e61993) x19 0x0280000000000000
core   0: 0x00000000800056be (0x01e9d89b) srliw   a7, s3, 30
core   0: 1 0x00000000800056be (0x01e9d89b) x17 0x0000000000000000
core   0: 0x00000000800056c2 (0x01f2d79b) srliw   a5, t0, 31
core   0: 1 0x00000000800056c2 (0x01f2d79b) x15 0x0000000000000000
core   0: 0x00000000800056c6 (0x129f74d3) fmul.d  fs1, ft10, fs1
core   0: 1 0x00000000800056c6 (0x129f74d3) f9  0x7ff8000000000000
core   0: 0x00000000800056ca (0x4017f153) fcvt.s.d ft2, fa5
core   0: 1 0x00000000800056ca (0x4017f153) f2  0xffffffff7fc00000
core   0: 0x00000000800056ce (0x03c7d4bb) divuw   s1, a5, t3
core   0: 1 0x00000000800056ce (0x03c7d4bb) x9  0x0000000000000000
core   0: 0x00000000800056d2 (0x8daf1eb7) lui     t4, 0x8daf1
core   0: 1 0x00000000800056d2 (0x8daf1eb7) x29 0xffffffff8daf1000
core   0: 0x00000000800056d6 (0x029e82b3) mul     t0, t4, s1
core   0: 1 0x00000000800056d6 (0x029e82b3) x5  0x0000000000000000
core   0: 0x00000000800056da (0xa3d10e53) fle.d   t3, ft2, ft9
core   0: 1 0x00000000800056da (0xa3d10e53) c1_fflags 0x000000000000001f x28 0x0000000000000000
core   0: 0x00000000800056de (0xd236f4d3) fcvt.d.lu fs1, a3
core   0: 1 0x00000000800056de (0xd236f4d3) f9  0x0000000000000000
core   0: 0x00000000800056e2 (0x403e8533) sub     a0, t4, gp
core   0: 1 0x00000000800056e2 (0x403e8533) x10 0xffffffff8daf1000
core   0: 0x00000000800056e6 (0xe20886d3) fmv.x.d a3, fa7
core   0: 1 0x00000000800056e6 (0xe20886d3) x13 0x7ff8000000000000
core   0: 0x00000000800056ea (0x03f39413) slli    s0, t2, 63
core   0: 1 0x00000000800056ea (0x03f39413) x8  0x8000000000000000
core   0: 0x00000000800056ee (0x033ecdbb) divw    s11, t4, s3
core   0: 1 0x00000000800056ee (0x033ecdbb) x27 0xffffffffffffffff
core   0: 0x00000000800056f2 (0x01b54b33) xor     s6, a0, s11
core   0: 1 0x00000000800056f2 (0x01b54b33) x22 0x000000007250efff
core   0: 0x00000000800056f6 (0x008b111b) slliw   sp, s6, 8
core   0: 1 0x00000000800056f6 (0x008b111b) x2  0x0000000050efff00
core   0: 0x00000000800056fa (0x2a149953) fmax.d  fs2, fs1, ft1
core   0: 1 0x00000000800056fa (0x2a149953) f18 0x0000000000000000
core   0: 0x00000000800056fe (0x407b54bb) sraw    s1, s6, t2
core   0: 1 0x00000000800056fe (0x407b54bb) x9  0x00000000392877ff
core   0: 0x0000000080005702 (0xf2010c53) fmv.d.x fs8, sp
core   0: 1 0x0000000080005702 (0xf2010c53) f24 0x0000000050efff00
core   0: 0x0000000080005706 (0x00102073) csrrs   zero, fflags, zero
core   0: 1 0x0000000080005706 (0x00102073)
core   0: 0x000000008000570a (0x0b8d78d3) fsub.d  fa7, fs10, fs8
core   0: 1 0x000000008000570a (0x0b8d78d3) f17 0x7ff8000000000000
core   0: 0x000000008000570e (0x41ce06b3) sub     a3, t3, t3
core   0: 1 0x000000008000570e (0x41ce06b3) x13 0x0000000000000000
core   0: 0x0000000080005712 (0x237b8553) fsgnj.d fa0, fs7, fs7
core   0: 1 0x0000000080005712 (0x237b8553) f10 0xfff8000000000000
core   0: 0x0000000080005716 (0x03c57453) fadd.d  fs0, fa0, ft8
core   0: 1 0x0000000080005716 (0x03c57453) f8  0x7ff8000000000000
core   0: 0x000000008000571a (0xc0887597) auipc   a1, 0xc0887
core   0: 1 0x000000008000571a (0xc0887597) x11 0x000000004088c71a
core   0: 0x000000008000571e (0x93d9c993) xori    s3, s3, -1731
core   0: 1 0x000000008000571e (0x93d9c993) x19 0xfd7ffffffffff93d
core   0: 0x0000000080005722 (0xd20180d3) fcvt.d.w ft1, gp
core   0: 1 0x0000000080005722 (0xd20180d3) f1  0x0000000000000000
core   0: 0x0000000080005726 (0x41de0633) sub     a2, t3, t4
core   0: 1 0x0000000080005726 (0x41de0633) x12 0x000000007250f000
core   0: 0x000000008000572a (0x0169ee33) or      t3, s3, s6
core   0: 1 0x000000008000572a (0x0169ee33) x28 0xfd7fffffffffffff
core   0: 0x000000008000572e (0x02c7f5bb) remuw   a1, a5, a2
core   0: 1 0x000000008000572e (0x02c7f5bb) x11 0x0000000000000000
core   0: 0x0000000080005732 (0xf2078ad3) fmv.d.x fs5, a5
core   0: 1 0x0000000080005732 (0xf2078ad3) f21 0x0000000000000000
core   0: 0x0000000080005736 (0x00b86433) or      s0, a6, a1
core   0: 1 0x0000000080005736 (0x00b86433) x8  0x0000000000000010
core   0: 0x000000008000573a (0x009473b3) and     t2, s0, s1
core   0: 1 0x000000008000573a (0x009473b3) x7  0x0000000000000010
core   0: 0x000000008000573e (0x03294433) div     s0, s2, s2
core   0: 1 0x000000008000573e (0x03294433) x8  0xffffffffffffffff
core   0: 0x0000000080005742 (0xc0347b53) fcvt.lu.s s6, fs0
core   0: 1 0x0000000080005742 (0xc0347b53) c1_fflags 0x000000000000001f x22 0xffffffffffffffff
core   0: 0x0000000080005746 (0x7ff7029b) addiw   t0, a4, 2047
core   0: 1 0x0000000080005746 (0x7ff7029b) x5  0x00000000000007ff
core   0: 0x000000008000574a (0xc03b7ed3) fcvt.lu.s t4, fs6
core   0: 1 0x000000008000574a (0xc03b7ed3) c1_fflags 0x000000000000001f x29 0xffffffffffffffff
core   0: 0x000000008000574e (0x00000001) c.nop
core   0: 1 0x000000008000574e (0x0001)
core   0: 0x0000000080005750 (0xd03ef053) fcvt.s.lu ft0, t4
core   0: 1 0x0000000080005750 (0xd03ef053) c1_fflags 0x000000000000001f f0  0xffffffff5f800000
core   0: 0x0000000080005754 (0x0009f993) andi    s3, s3, 0
core   0: 1 0x0000000080005754 (0x0009f993) x19 0x0000000000000000
core   0: 0x0000000080005758 (0xfd53f193) andi    gp, t2, -43
core   0: 1 0x0000000080005758 (0xfd53f193) x3  0x0000000000000010
core   0: 0x000000008000575c (0x002028f3) csrrs   a7, frm, zero
core   0: 1 0x000000008000575c (0x002028f3) x17 0x0000000000000000
core   0: 0x0000000080005760 (0xc02af1d3) fcvt.l.s gp, fs5
core   0: 1 0x0000000080005760 (0xc02af1d3) c1_fflags 0x000000000000001f x3  0x7fffffffffffffff
core   0: 0x0000000080005764 (0x0a407c53) fsub.d  fs8, ft0, ft4
core   0: 1 0x0000000080005764 (0x0a407c53) f24 0x7ff8000000000000
core   0: 0x0000000080005768 (0x401076d3) fcvt.s.d fa3, ft0
core   0: 1 0x0000000080005768 (0x401076d3) f13 0xffffffff7fc00000
core   0: 0x000000008000576c (0xd2267fd3) fcvt.d.l ft11, a2
core   0: 1 0x000000008000576c (0xd2267fd3) f31 0x41dc943c00000000
core   0: 0x0000000080005770 (0x402a8133) sub     sp, s5, sp
core   0: 1 0x0000000080005770 (0x402a8133) x2  0xffffffffaf100100
core   0: 0x0000000080005774 (0x6ac1714f) fnmadd.d ft2, ft2, fa2, fa3
core   0: 1 0x0000000080005774 (0x6ac1714f) f2  0x7ff8000000000000
core   0: 0x0000000080005778 (0x1ada75d3) fdiv.d  fa1, fs4, fa3
core   0: 1 0x0000000080005778 (0x1ada75d3) f11 0x7ff8000000000000
core   0: 0x000000008000577c (0x2acc92d3) fmax.d  ft5, fs9, fa2
core   0: 1 0x000000008000577c (0x2acc92d3) f5  0x41e0000030a00000
core   0: 0x0000000080005780 (0xd03a7953) fcvt.s.lu fs2, s4
core   0: 1 0x0000000080005780 (0xd03a7953) f18 0xffffffff00000000
core   0: 0x0000000080005784 (0x00acd23b) srlw    tp, s9, a0
core   0: 1 0x0000000080005784 (0x00acd23b) x4  0x00000000000000f8
core   0: 0x0000000080005788 (0x23c61fd3) fsgnjn.d ft11, fa2, ft8
core   0: 1 0x0000000080005788 (0x23c61fd3) f31 0xc1e0000030a00000
core   0: 0x000000008000578c (0xd2148e53) fcvt.d.wu ft8, s1
core   0: 1 0x000000008000578c (0xd2148e53) f28 0x41cc943bff800000
core   0: 0x0000000080005790 (0x34355ef3) csrrwi  t4, mtval, 10
core   0: exception trap_illegal_instruction, epc 0x0000000080005790
core   0:           tval 0x0000000034355ef3
core   0: >>>>  $xrv64i2p1_m2p0_a2p1_f2p2_d2p2_zicsr2p0_zifencei2p0_zmmul1p0_zba1p0_zbb1p0_zbc1p0_zbs1p0
core   0: 0x0000000080004000 (0x0080006f) j       pc + 0x8
core   0: 3 0x0000000080004000 (0x0080006f)
core   0: >>>>  mmode_exception_handler
core   0: 0x0000000080004008 (0x00002c17) auipc   s8, 0x2
core   0: 3 0x0000000080004008 (0x00002c17) x24 0x0000000080006008
core   0: 0x000000008000400c (0x056c0c13) addi    s8, s8, 86
core   0: 3 0x000000008000400c (0x056c0c13) x24 0x000000008000605e
core   0: 0x0000000080004010 (0x000c00e7) jalr    s8
core   0: 3 0x0000000080004010 (0x000c00e7) x1  0x0000000080004014
core   0: >>>>  any_handler
core   0: 0x000000008000605e (0x341027f3) csrrs   a5, mepc, zero
core   0: 3 0x000000008000605e (0x341027f3) x15 0x0000000080005790
core   0: 0x0000000080006062 (0x34202773) csrrs   a4, mcause, zero
core   0: 3 0x0000000080006062 (0x34202773) x14 0x0000000000000002
core   0: 0x0000000080006066 (0x142026f3) csrrs   a3, scause, zero
core   0: 3 0x0000000080006066 (0x142026f3) x13 0x0000000000000000
core   0: 0x000000008000606a (0x30402673) csrrs   a2, mie, zero
core   0: 3 0x000000008000606a (0x30402673) x12 0x0000000000000a00
core   0: 0x000000008000606e (0x344025f3) csrrs   a1, mip, zero
core   0: 3 0x000000008000606e (0x344025f3) x11 0x0000000000000080
core   0: 0x0000000080006072 (0x343025f3) csrrs   a1, mtval, zero
core   0: 3 0x0000000080006072 (0x343025f3) x11 0x0000000034355ef3
core   0: 0x0000000080006076 (0x14302573) csrrs   a0, stval, zero
core   0: 3 0x0000000080006076 (0x14302573) x10 0x0000000000000000
core   0: 0x000000008000607a (0xb02024f3) csrrs   s1, minstret, zero
core   0: 3 0x000000008000607a (0xb02024f3) x9  0x0000000000000f22
core   0: 0x000000008000607e (0x0000a811) c.j     pc + 20
core   0: 3 0x000000008000607e (0xa811)
core   0: >>>>  mepc_4
core   0: 0x0000000080006092 (0x00000791) c.addi  a5, 4
core   0: 3 0x0000000080006092 (0x0791) x15 0x0000000080005794
core   0: 0x0000000080006094 (0x34179073) csrrw   zero, mepc, a5
core   0: 3 0x0000000080006094 (0x34179073) c833_mepc 0x0000000080005794
core   0: 0x0000000080006098 (0x30200073) mret
core   0: 3 0x0000000080006098 (0x30200073) c768_mstatus 0x8000000a00106080
core   0: 0x0000000080005794 (0x0bc67a53) fsub.d  fs4, fa2, ft8
core   0: 1 0x0000000080005794 (0x0bc67a53) f20 0x41d1b5e261800000
core   0: 0x0000000080005798 (0x01a67e33) and     t3, a2, s10
core   0: 1 0x0000000080005798 (0x01a67e33) x28 0x0000000000000a00
core   0: 0x000000008000579c (0x019e911b) slliw   sp, t4, 25
core   0: 1 0x000000008000579c (0x019e911b) x2  0xfffffffffe000000
core   0: 0x00000000800057a0 (0xc21e74d3) fcvt.wu.d s1, ft8
core   0: 1 0x00000000800057a0 (0xc21e74d3) x9  0x00000000392877ff
core   0: 0x00000000800057a4 (0x401a55b3) sra     a1, s4, ra
core   0: 1 0x00000000800057a4 (0x401a55b3) x11 0x0000000000000000
core   0: 0x00000000800057a8 (0x2342afd3) fsgnjx.d ft11, ft5, fs4
core   0: 1 0x00000000800057a8 (0x2342afd3) f31 0x41e0000030a00000
core   0: 0x00000000800057ac (0x00000001) c.nop
core   0: 1 0x00000000800057ac (0x0001)
core   0: 0x00000000800057ae (0x35388b9b) addiw   s7, a7, 851
core   0: 1 0x00000000800057ae (0x35388b9b) x23 0x0000000000000353
core   0: 0x00000000800057b2 (0x41f75c93) srai    s9, a4, 31
core   0: 1 0x00000000800057b2 (0x41f75c93) x25 0x0000000000000000
core   0: 0x00000000800057b6 (0x036cf83b) remuw   a6, s9, s6
core   0: 1 0x00000000800057b6 (0x036cf83b) x16 0x0000000000000000
core   0: 0x00000000800057ba (0x030b23b3) mulhsu  t2, s6, a6
core   0: 1 0x00000000800057ba (0x030b23b3) x7  0x0000000000000000
core   0: 0x00000000800057be (0x03fb1393) slli    t2, s6, 63
core   0: 1 0x00000000800057be (0x03fb1393) x7  0x8000000000000000
core   0: 0x00000000800057c2 (0x00050533) add     a0, a0, zero
core   0: 1 0x00000000800057c2 (0x00050533) x10 0x0000000000000000
core   0: 0x00000000800057c6 (0x5013cd93) xori    s11, t2, 1281
core   0: 1 0x00000000800057c6 (0x5013cd93) x27 0x8000000000000501
core   0: 0x00000000800057ca (0x15a06737) lui     a4, 0x15a06
core   0: 1 0x00000000800057ca (0x15a06737) x14 0x0000000015a06000
core   0: 0x00000000800057ce (0x224a8453) fsgnj.d fs0, fs5, ft4
core   0: 1 0x00000000800057ce (0x224a8453) f8  0x0000000000000000
core   0: 0x00000000800057d2 (0x401677d3) fcvt.s.d fa5, fa2
core   0: 1 0x00000000800057d2 (0x401677d3) c1_fflags 0x000000000000001f f15 0xffffffff4f000002
core   0: 0x00000000800057d6 (0x039ce23b) remw    tp, s9, s9
core   0: 1 0x00000000800057d6 (0x039ce23b) x4  0x0000000000000000
core   0: 0x00000000800057da (0xc23478d3) fcvt.lu.d a7, fs0
core   0: 1 0x00000000800057da (0xc23478d3) x17 0x0000000000000000
core   0: 0x00000000800057de (0x0064c3b3) xor     t2, s1, t1
core   0: 1 0x00000000800057de (0x0064c3b3) x7  0x000000000822c20c
core   0: 0x00000000800057e2 (0x008e5893) srli    a7, t3, 8
core   0: 1 0x00000000800057e2 (0x008e5893) x17 0x000000000000000a
core   0: 0x00000000800057e6 (0x039cfcb3) remu    s9, s9, s9
core   0: 1 0x00000000800057e6 (0x039cfcb3) x25 0x0000000000000000
core   0: 0x00000000800057ea (0x01cb9e3b) sllw    t3, s7, t3
core   0: 1 0x00000000800057ea (0x01cb9e3b) x28 0x0000000000000353
core   0: 0x00000000800057ee (0xa2490953) fle.d   s2, fs2, ft4
core   0: 1 0x00000000800057ee (0xa2490953) c1_fflags 0x000000000000001f x18 0x0000000000000000
core   0: 0x00000000800057f2 (0x0327d4b3) divu    s1, a5, s2
core   0: 1 0x00000000800057f2 (0x0327d4b3) x9  0xffffffffffffffff
core   0: 0x00000000800057f6 (0x41a95a1b) sraiw   s4, s2, 26
core   0: 1 0x00000000800057f6 (0x41a95a1b) x20 0x0000000000000000
core   0: 0x00000000800057fa (0xa2c902d3) fle.d   t0, fs2, fa2
core   0: 1 0x00000000800057fa (0xa2c902d3) c1_fflags 0x000000000000001f x5  0x0000000000000000
core   0: 0x00000000800057fe (0x0232f23b) remuw   tp, t0, gp
core   0: 1 0x00000000800057fe (0x0232f23b) x4  0x0000000000000000
core   0: 0x0000000080005802 (0x00000001) c.nop
core   0: 1 0x0000000080005802 (0x0001)
core   0: 0x0000000080005804 (0x009d56bb) srlw    a3, s10, s1
core   0: 1 0x0000000080005804 (0x009d56bb) x13 0x0000000000000000
core   0: 0x0000000080005808 (0x00000001) c.nop
core   0: 1 0x0000000080005808 (0x0001)
core   0: 0x000000008000580a (0xe20b0953) fmv.x.d s2, fs6
core   0: 1 0x000000008000580a (0xe20b0953) x18 0x7ff8000000000000
core   0: 0x000000008000580e (0x5a07fcd3) fsqrt.d fs9, fa5
core   0: 1 0x000000008000580e (0x5a07fcd3) f25 0x7ff8000000000000
core   0: 0x0000000080005812 (0x03910cbb) mulw    s9, sp, s9
core   0: 1 0x0000000080005812 (0x03910cbb) x25 0x0000000000000000
core   0: 0x0000000080005816 (0x31afe3f3) csrrsi  t2, menvcfgh, 31
core   0: exception trap_illegal_instruction, epc 0x0000000080005816
core   0:           tval 0x0000000031afe3f3
core   0: >>>>  $xrv64i2p1_m2p0_a2p1_f2p2_d2p2_zicsr2p0_zifencei2p0_zmmul1p0_zba1p0_zbb1p0_zbc1p0_zbs1p0
core   0: 0x0000000080004000 (0x0080006f) j       pc + 0x8
core   0: 3 0x0000000080004000 (0x0080006f)
core   0: >>>>  mmode_exception_handler
core   0: 0x0000000080004008 (0x00002c17) auipc   s8, 0x2
core   0: 3 0x0000000080004008 (0x00002c17) x24 0x0000000080006008
core   0: 0x000000008000400c (0x056c0c13) addi    s8, s8, 86
core   0: 3 0x000000008000400c (0x056c0c13) x24 0x000000008000605e
core   0: 0x0000000080004010 (0x000c00e7) jalr    s8
core   0: 3 0x0000000080004010 (0x000c00e7) x1  0x0000000080004014
core   0: >>>>  any_handler
core   0: 0x000000008000605e (0x341027f3) csrrs   a5, mepc, zero
core   0: 3 0x000000008000605e (0x341027f3) x15 0x0000000080005816
core   0: 0x0000000080006062 (0x34202773) csrrs   a4, mcause, zero
core   0: 3 0x0000000080006062 (0x34202773) x14 0x0000000000000002
core   0: 0x0000000080006066 (0x142026f3) csrrs   a3, scause, zero
core   0: 3 0x0000000080006066 (0x142026f3) x13 0x0000000000000000
core   0: 0x000000008000606a (0x30402673) csrrs   a2, mie, zero
core   0: 3 0x000000008000606a (0x30402673) x12 0x0000000000000a00
core   0: 0x000000008000606e (0x344025f3) csrrs   a1, mip, zero
core   0: 3 0x000000008000606e (0x344025f3) x11 0x0000000000000080
core   0: 0x0000000080006072 (0x343025f3) csrrs   a1, mtval, zero
core   0: 3 0x0000000080006072 (0x343025f3) x11 0x0000000031afe3f3
core   0: 0x0000000080006076 (0x14302573) csrrs   a0, stval, zero
core   0: 3 0x0000000080006076 (0x14302573) x10 0x0000000000000000
core   0: 0x000000008000607a (0xb02024f3) csrrs   s1, minstret, zero
core   0: 3 0x000000008000607a (0xb02024f3) x9  0x0000000000000f54
core   0: 0x000000008000607e (0x0000a811) c.j     pc + 20
core   0: 3 0x000000008000607e (0xa811)
core   0: >>>>  mepc_4
core   0: 0x0000000080006092 (0x00000791) c.addi  a5, 4
core   0: 3 0x0000000080006092 (0x0791) x15 0x000000008000581a
core   0: 0x0000000080006094 (0x34179073) csrrw   zero, mepc, a5
core   0: 3 0x0000000080006094 (0x34179073) c833_mepc 0x000000008000581a
core   0: 0x0000000080006098 (0x30200073) mret
core   0: 3 0x0000000080006098 (0x30200073) c768_mstatus 0x8000000a00106080
core   0: 0x000000008000581a (0xd2327853) fcvt.d.lu fa6, tp
core   0: 1 0x000000008000581a (0xd2327853) f16 0x0000000000000000
core   0: 0x000000008000581e (0x0193a0b3) slt     ra, t2, s9
core   0: 1 0x000000008000581e (0x0193a0b3) x1  0x0000000000000000
core   0: 0x0000000080005822 (0x0012a233) slt     tp, t0, ra
core   0: 1 0x0000000080005822 (0x0012a233) x4  0x0000000000000000
core   0: 0x0000000080005826 (0xc21afed3) fcvt.wu.d t4, fs5
core   0: 1 0x0000000080005826 (0xc21afed3) x29 0x0000000000000000
core   0: 0x000000008000582a (0x41105033) sra     zero, zero, a7
core   0: 1 0x000000008000582a (0x41105033)
core   0: 0x000000008000582e (0xd21006d3) fcvt.d.wu fa3, zero
core   0: 1 0x000000008000582e (0xd21006d3) f13 0x0000000000000000
core   0: 0x0000000080005832 (0x01485d37) lui     s10, 0x1485
core   0: 1 0x0000000080005832 (0x01485d37) x26 0x0000000001485000
core   0: 0x0000000080005836 (0xb07d0d1b) addiw   s10, s10, -1273
core   0: 1 0x0000000080005836 (0xb07d0d1b) x26 0x0000000001484b07
core   0: 0x000000008000583a (0x00000d32) c.slli  s10, 12
core   0: 1 0x000000008000583a (0x0d32) x26 0x0000001484b07000
core   0: 0x000000008000583c (0x068d0d13) addi    s10, s10, 104
core   0: 1 0x000000008000583c (0x068d0d13) x26 0x0000001484b07068
core   0: 0x0000000080005840 (0x41d90933) sub     s2, s2, t4
core   0: 1 0x0000000080005840 (0x41d90933) x18 0x7ff8000000000000
core   0: 0x0000000080005844 (0xdda0ab17) auipc   s6, 0xdda0a
core   0: 1 0x0000000080005844 (0xdda0ab17) x22 0x000000005da0f844
core   0: 0x0000000080005848 (0x00000001) c.nop
core   0: 1 0x0000000080005848 (0x0001)
core   0: 0x000000008000584a (0x40107a53) fcvt.s.d fs4, ft0
core   0: 1 0x000000008000584a (0x40107a53) f20 0xffffffff7fc00000
core   0: 0x000000008000584e (0x030d3833) mulhu   a6, s10, a6
core   0: 1 0x000000008000584e (0x030d3833) x16 0x0000000000000000
core   0: 0x0000000080005852 (0x13fa7353) fmul.d  ft6, fs4, ft11
core   0: 1 0x0000000080005852 (0x13fa7353) f6  0x7ff8000000000000
core   0: 0x0000000080005856 (0x039c3c33) mulhu   s8, s8, s9
core   0: 1 0x0000000080005856 (0x039c3c33) x24 0x0000000000000000
core   0: 0x000000008000585a (0x1b8ffd53) fdiv.d  fs10, ft11, fs8
core   0: 1 0x000000008000585a (0x1b8ffd53) f26 0x7ff8000000000000
core   0: 0x000000008000585e (0xd0317fd3) fcvt.s.lu ft11, sp
core   0: 1 0x000000008000585e (0xd0317fd3) c1_fflags 0x000000000000001f f31 0xffffffff5f800000
core   0: 0x0000000080005862 (0x00489c3b) sllw    s8, a7, tp
core   0: 1 0x0000000080005862 (0x00489c3b) x24 0x000000000000000a
core   0: 0x0000000080005866 (0xd138849b) addiw   s1, a7, -749
core   0: 1 0x0000000080005866 (0xd138849b) x9  0xfffffffffffffd1d
core   0: 0x000000008000586a (0xc022f053) fcvt.l.s zero, ft5
core   0: 1 0x000000008000586a (0xc022f053) c1_fflags 0x000000000000001f
core   0: 0x000000008000586e (0x40fede9b) sraiw   t4, t4, 15
core   0: 1 0x000000008000586e (0x40fede9b) x29 0x0000000000000000
core   0: 0x0000000080005872 (0x007b83bb) addw    t2, s7, t2
core   0: 1 0x0000000080005872 (0x007b83bb) x7  0x000000000822c55f
core   0: 0x0000000080005876 (0x018bdc3b) srlw    s8, s7, s8
core   0: 1 0x0000000080005876 (0x018bdc3b) x24 0x0000000000000000
core   0: 0x000000008000587a (0x2a7ff3cb) fnmsub.d ft7, ft11, ft7, ft5
core   0: 1 0x000000008000587a (0x2a7ff3cb) f7  0x7ff8000000000000
core   0: 0x000000008000587e (0xc21d7753) fcvt.wu.d a4, fs10
core   0: 1 0x000000008000587e (0xc21d7753) c1_fflags 0x000000000000001f x14 0xffffffffffffffff
core   0: 0x0000000080005882 (0x0102d83b) srlw    a6, t0, a6
core   0: 1 0x0000000080005882 (0x0102d83b) x16 0x0000000000000000
core   0: 0x0000000080005886 (0xc0333bf3) csrrc   s7, hpmcounter3, t1
core   0: exception trap_illegal_instruction, epc 0x0000000080005886
core   0:           tval 0x00000000c0333bf3
core   0: >>>>  $xrv64i2p1_m2p0_a2p1_f2p2_d2p2_zicsr2p0_zifencei2p0_zmmul1p0_zba1p0_zbb1p0_zbc1p0_zbs1p0
core   0: 0x0000000080004000 (0x0080006f) j       pc + 0x8
core   0: 3 0x0000000080004000 (0x0080006f)
core   0: >>>>  mmode_exception_handler
core   0: 0x0000000080004008 (0x00002c17) auipc   s8, 0x2
core   0: 3 0x0000000080004008 (0x00002c17) x24 0x0000000080006008
core   0: 0x000000008000400c (0x056c0c13) addi    s8, s8, 86
core   0: 3 0x000000008000400c (0x056c0c13) x24 0x000000008000605e
core   0: 0x0000000080004010 (0x000c00e7) jalr    s8
core   0: 3 0x0000000080004010 (0x000c00e7) x1  0x0000000080004014
core   0: >>>>  any_handler
core   0: 0x000000008000605e (0x341027f3) csrrs   a5, mepc, zero
core   0: 3 0x000000008000605e (0x341027f3) x15 0x0000000080005886
core   0: 0x0000000080006062 (0x34202773) csrrs   a4, mcause, zero
core   0: 3 0x0000000080006062 (0x34202773) x14 0x0000000000000002
core   0: 0x0000000080006066 (0x142026f3) csrrs   a3, scause, zero
core   0: 3 0x0000000080006066 (0x142026f3) x13 0x0000000000000000
core   0: 0x000000008000606a (0x30402673) csrrs   a2, mie, zero
core   0: 3 0x000000008000606a (0x30402673) x12 0x0000000000000a00
core   0: 0x000000008000606e (0x344025f3) csrrs   a1, mip, zero
core   0: 3 0x000000008000606e (0x344025f3) x11 0x0000000000000080
core   0: 0x0000000080006072 (0x343025f3) csrrs   a1, mtval, zero
core   0: 3 0x0000000080006072 (0x343025f3) x11 0x00000000c0333bf3
core   0: 0x0000000080006076 (0x14302573) csrrs   a0, stval, zero
core   0: 3 0x0000000080006076 (0x14302573) x10 0x0000000000000000
core   0: 0x000000008000607a (0xb02024f3) csrrs   s1, minstret, zero
core   0: 3 0x000000008000607a (0xb02024f3) x9  0x0000000000000f80
core   0: 0x000000008000607e (0x0000a811) c.j     pc + 20
core   0: 3 0x000000008000607e (0xa811)
core   0: >>>>  mepc_4
core   0: 0x0000000080006092 (0x00000791) c.addi  a5, 4
core   0: 3 0x0000000080006092 (0x0791) x15 0x000000008000588a
core   0: 0x0000000080006094 (0x34179073) csrrw   zero, mepc, a5
core   0: 3 0x0000000080006094 (0x34179073) c833_mepc 0x000000008000588a
core   0: 0x0000000080006098 (0x30200073) mret
core   0: 3 0x0000000080006098 (0x30200073) c768_mstatus 0x8000000a00106080
core   0: 0x000000008000588a (0x23a62653) fsgnjx.d fa2, fa2, fs10
core   0: 1 0x000000008000588a (0x23a62653) f12 0x41e0000030a00000
core   0: 0x000000008000588e (0x02faf053) fadd.d  ft0, fs5, fa5
core   0: 1 0x000000008000588e (0x02faf053) f0  0x7ff8000000000000
core   0: 0x0000000080005892 (0xd20606d3) fcvt.d.w fa3, a2
core   0: 1 0x0000000080005892 (0xd20606d3) f13 0x40a4000000000000
core   0: 0x0000000080005896 (0xe2000053) fmv.x.d zero, ft0
core   0: 1 0x0000000080005896 (0xe2000053)
core   0: 0x000000008000589a (0x002024f3) csrrs   s1, frm, zero
core   0: 1 0x000000008000589a (0x002024f3) x9  0x0000000000000000
core   0: 0x000000008000589e (0x029adab3) divu    s5, s5, s1
core   0: 1 0x000000008000589e (0x029adab3) x21 0xffffffffffffffff
core   0: 0x00000000800058a2 (0xa2c608d3) fle.d   a7, fa2, fa2
core   0: 1 0x00000000800058a2 (0xa2c608d3) x17 0x0000000000000001
core   0: 0x00000000800058a6 (0x428d5313) srai    t1, s10, 40
core   0: 1 0x00000000800058a6 (0x428d5313) x6  0x0000000000000000
core   0: 0x00000000800058aa (0x016cdb3b) srlw    s6, s9, s6
core   0: 1 0x00000000800058aa (0x016cdb3b) x22 0x0000000000000000
core   0: 0x00000000800058ae (0x401ede93) srai    t4, t4, 1
core   0: 1 0x00000000800058ae (0x401ede93) x29 0x0000000000000000
core   0: 0x00000000800058b2 (0x01160833) add     a6, a2, a7
core   0: 1 0x00000000800058b2 (0x01160833) x16 0x0000000000000a01
core   0: 0x00000000800058b6 (0x96b6a697) auipc   a3, 0x96b6a
core   0: 1 0x00000000800058b6 (0x96b6a697) x13 0x0000000016b6f8b6
core   0: 0x00000000800058ba (0x00202973) csrrs   s2, frm, zero
core   0: 1 0x00000000800058ba (0x00202973) x18 0x0000000000000000
core   0: 0x00000000800058be (0x00000001) c.nop
core   0: 1 0x00000000800058be (0x0001)
core   0: 0x00000000800058c0 (0x23d702d3) fsgnj.d ft5, fa4, ft9
core   0: 1 0x00000000800058c0 (0x23d702d3) f5  0x4030000000000000
core   0: 0x00000000800058c4 (0xd21d8253) fcvt.d.wu ft4, s11
core   0: 1 0x00000000800058c4 (0xd21d8253) f4  0x4094040000000000
core   0: 0x00000000800058c8 (0x00648cbb) addw    s9, s1, t1
core   0: 1 0x00000000800058c8 (0x00648cbb) x25 0x0000000000000000
core   0: 0x00000000800058cc (0x9169f9b7) lui     s3, 0x9169f
core   0: 1 0x00000000800058cc (0x9169f9b7) x19 0xffffffff9169f000
core   0: 0x00000000800058d0 (0x00102173) csrrs   sp, fflags, zero
core   0: 1 0x00000000800058d0 (0x00102173) x2  0x000000000000001f
core   0: 0x00000000800058d4 (0x2b258d53) fmin.d  fs10, fa1, fs2
core   0: 1 0x00000000800058d4 (0x2b258d53) f26 0x7ff8000000000000
core   0: 0x00000000800058d8 (0x69627613) andi    a2, tp, 1686
core   0: 1 0x00000000800058d8 (0x69627613) x12 0x0000000000000000
core   0: 0x00000000800058dc (0x40e58abb) subw    s5, a1, a4
core   0: 1 0x00000000800058dc (0x40e58abb) x21 0xffffffffc0333bf1
core   0: 0x00000000800058e0 (0xc80476f3) csrrci  a3, cycleh, 8
core   0: exception trap_illegal_instruction, epc 0x00000000800058e0
core   0:           tval 0x00000000c80476f3
core   0: >>>>  $xrv64i2p1_m2p0_a2p1_f2p2_d2p2_zicsr2p0_zifencei2p0_zmmul1p0_zba1p0_zbb1p0_zbc1p0_zbs1p0
core   0: 0x0000000080004000 (0x0080006f) j       pc + 0x8
core   0: 3 0x0000000080004000 (0x0080006f)
core   0: >>>>  mmode_exception_handler
core   0: 0x0000000080004008 (0x00002c17) auipc   s8, 0x2
core   0: 3 0x0000000080004008 (0x00002c17) x24 0x0000000080006008
core   0: 0x000000008000400c (0x056c0c13) addi    s8, s8, 86
core   0: 3 0x000000008000400c (0x056c0c13) x24 0x000000008000605e
core   0: 0x0000000080004010 (0x000c00e7) jalr    s8
core   0: 3 0x0000000080004010 (0x000c00e7) x1  0x0000000080004014
core   0: >>>>  any_handler
core   0: 0x000000008000605e (0x341027f3) csrrs   a5, mepc, zero
core   0: 3 0x000000008000605e (0x341027f3) x15 0x00000000800058e0
core   0: 0x0000000080006062 (0x34202773) csrrs   a4, mcause, zero
core   0: 3 0x0000000080006062 (0x34202773) x14 0x0000000000000002
core   0: 0x0000000080006066 (0x142026f3) csrrs   a3, scause, zero
core   0: 3 0x0000000080006066 (0x142026f3) x13 0x0000000000000000
core   0: 0x000000008000606a (0x30402673) csrrs   a2, mie, zero
core   0: 3 0x000000008000606a (0x30402673) x12 0x0000000000000a00
core   0: 0x000000008000606e (0x344025f3) csrrs   a1, mip, zero
core   0: 3 0x000000008000606e (0x344025f3) x11 0x0000000000000080
core   0: 0x0000000080006072 (0x343025f3) csrrs   a1, mtval, zero
core   0: 3 0x0000000080006072 (0x343025f3) x11 0x00000000c80476f3
core   0: 0x0000000080006076 (0x14302573) csrrs   a0, stval, zero
core   0: 3 0x0000000080006076 (0x14302573) x10 0x0000000000000000
core   0: 0x000000008000607a (0xb02024f3) csrrs   s1, minstret, zero
core   0: 3 0x000000008000607a (0xb02024f3) x9  0x0000000000000fa6
core   0: 0x000000008000607e (0x0000a811) c.j     pc + 20
core   0: 3 0x000000008000607e (0xa811)
core   0: >>>>  mepc_4
core   0: 0x0000000080006092 (0x00000791) c.addi  a5, 4
core   0: 3 0x0000000080006092 (0x0791) x15 0x00000000800058e4
core   0: 0x0000000080006094 (0x34179073) csrrw   zero, mepc, a5
core   0: 3 0x0000000080006094 (0x34179073) c833_mepc 0x00000000800058e4
core   0: 0x0000000080006098 (0x30200073) mret
core   0: 3 0x0000000080006098 (0x30200073) c768_mstatus 0x8000000a00106080
core   0: 0x00000000800058e4 (0x00defeb3) and     t4, t4, a3
core   0: 1 0x00000000800058e4 (0x00defeb3) x29 0x0000000000000000
core   0: 0x00000000800058e8 (0x236b7e43) fmadd.d ft8, fs6, fs6, ft4
core   0: 1 0x00000000800058e8 (0x236b7e43) f28 0x7ff8000000000000
core   0: 0x00000000800058ec (0x40d7033b) subw    t1, a4, a3
core   0: 1 0x00000000800058ec (0x40d7033b) x6  0x0000000000000002
core   0: 0x00000000800058f0 (0x00081213) slli    tp, a6, 0
core   0: 1 0x00000000800058f0 (0x00081213) x4  0x0000000000000a01
core   0: 0x00000000800058f4 (0x12567ad3) fmul.d  fs5, fa2, ft5
core   0: 1 0x00000000800058f4 (0x12567ad3) f21 0x4220000030a00000
core   0: 0x00000000800058f8 (0x0b5af1d3) fsub.d  ft3, fs5, fs5
core   0: 1 0x00000000800058f8 (0x0b5af1d3) f3  0x0000000000000000
core   0: 0x00000000800058fc (0x00202c73) csrrs   s8, frm, zero
core   0: 1 0x00000000800058fc (0x00202c73) x24 0x0000000000000000
core   0: 0x0000000080005900 (0xa2318053) fle.d   zero, ft3, ft3
core   0: 1 0x0000000080005900 (0xa2318053)
core   0: 0x0000000080005904 (0xc218f453) fcvt.wu.d s0, fa7
core   0: 1 0x0000000080005904 (0xc218f453) c1_fflags 0x000000000000001f x8  0xffffffffffffffff
core   0: 0x0000000080005908 (0x1233fbd3) fmul.d  fs7, ft7, ft3
core   0: 1 0x0000000080005908 (0x1233fbd3) f23 0x7ff8000000000000
core   0: 0x000000008000590c (0x22750553) fsgnj.d fa0, fa0, ft7
core   0: 1 0x000000008000590c (0x22750553) f10 0x7ff8000000000000
core   0: 0x0000000080005910 (0x5c936113) ori     sp, t1, 1481
core   0: 1 0x0000000080005910 (0x5c936113) x2  0x00000000000005cb
core   0: 0x0000000080005914 (0x2be741b7) lui     gp, 0x2be74
core   0: 1 0x0000000080005914 (0x2be741b7) x3  0x000000002be74000
core   0: 0x0000000080005918 (0x5a057ed3) fsqrt.d ft9, fa0
core   0: 1 0x0000000080005918 (0x5a057ed3) f29 0x7ff8000000000000
core   0: 0x000000008000591c (0x00202773) csrrs   a4, frm, zero
core   0: 1 0x000000008000591c (0x00202773) x14 0x0000000000000000
core   0: 0x0000000080005920 (0x02185a3b) divuw   s4, a6, ra
core   0: 1 0x0000000080005920 (0x02185a3b) x20 0x0000000000000000
core   0: 0x0000000080005924 (0xe20c0a53) fmv.x.d s4, fs8
core   0: 1 0x0000000080005924 (0xe20c0a53) x20 0x7ff8000000000000
core   0: 0x0000000080005928 (0x0141149b) slliw   s1, sp, 20
core   0: 1 0x0000000080005928 (0x0141149b) x9  0x000000005cb00000
core   0: 0x000000008000592c (0x0374c1bb) divw    gp, s1, s7
core   0: 1 0x000000008000592c (0x0374c1bb) x3  0x00000000001be1ea
core   0: 0x0000000080005930 (0xd2088753) fcvt.d.w fa4, a7
core   0: 1 0x0000000080005930 (0xd2088753) f14 0x3ff0000000000000
core   0: 0x0000000080005934 (0x00358433) add     s0, a1, gp
core   0: 1 0x0000000080005934 (0x00358433) x8  0x00000000c82058dd
core   0: 0x0000000080005938 (0x02913133) mulhu   sp, sp, s1
core   0: 1 0x0000000080005938 (0x02913133) x2  0x0000000000000000
core   0: 0x000000008000593c (0x5a027b53) fsqrt.d fs6, ft4
core   0: 1 0x000000008000593c (0x5a027b53) c1_fflags 0x000000000000001f f22 0x4041e5417710e2b8
core   0: 0x0000000080005940 (0x007565b7) lui     a1, 0x756
core   0: 1 0x0000000080005940 (0x007565b7) x11 0x0000000000756000
core   0: 0x0000000080005944 (0xbff5859b) addiw   a1, a1, -1025
core   0: 1 0x0000000080005944 (0xbff5859b) x11 0x0000000000755bff
core   0: 0x0000000080005948 (0x000005be) c.slli  a1, 15
core   0: 1 0x0000000080005948 (0x05be) x11 0x0000003aadff8000
core   0: 0x000000008000594a (0xe9158593) addi    a1, a1, -367
core   0: 1 0x000000008000594a (0xe9158593) x11 0x0000003aadff7e91
core   0: 0x000000008000594e (0x22420f53) fsgnj.d ft10, ft4, ft4
core   0: 1 0x000000008000594e (0x22420f53) f30 0x4094040000000000
core   0: 0x0000000080005952 (0x02f7cb33) div     s6, a5, a5
core   0: 1 0x0000000080005952 (0x02f7cb33) x22 0x0000000000000001
core   0: 0x0000000080005956 (0x49369917) auipc   s2, 0x49369
core   0: 1 0x0000000080005956 (0x49369917) x18 0x00000000c936e956
core   0: 0x000000008000595a (0x2ae98753) fmin.d  fa4, fs3, fa4
core   0: 1 0x000000008000595a (0x2ae98753) f14 0x3ff0000000000000
core   0: 0x000000008000595e (0xd20b08d3) fcvt.d.w fa7, s6
core   0: 1 0x000000008000595e (0xd20b08d3) f17 0x3ff0000000000000
core   0: 0x0000000080005962 (0x43f15a13) srai    s4, sp, 63
core   0: 1 0x0000000080005962 (0x43f15a13) x20 0x0000000000000000
core   0: 0x0000000080005966 (0x01b954bb) srlw    s1, s2, s11
core   0: 1 0x0000000080005966 (0x01b954bb) x9  0x00000000649b74ab
core   0: 0x000000008000596a (0x418d8a3b) subw    s4, s11, s8
core   0: 1 0x000000008000596a (0x418d8a3b) x20 0x0000000000000501
core   0: 0x000000008000596e (0xf3c42b17) auipc   s6, 0xf3c42
core   0: 1 0x000000008000596e (0xf3c42b17) x22 0x0000000073c4796e
core   0: 0x0000000080005972 (0xc8555497) auipc   s1, 0xc8555
core   0: 1 0x0000000080005972 (0xc8555497) x9  0x000000004855a972
core   0: 0x0000000080005976 (0x01fd991b) slliw   s2, s11, 31
core   0: 1 0x0000000080005976 (0x01fd991b) x18 0xffffffff80000000
core   0: 0x000000008000597a (0x00da1a3b) sllw    s4, s4, a3
core   0: 1 0x000000008000597a (0x00da1a3b) x20 0x0000000000000501
core   0: 0x000000008000597e (0xd02a7ed3) fcvt.s.l ft9, s4
core   0: 1 0x000000008000597e (0xd02a7ed3) f29 0xffffffff44a02000
core   0: 0x0000000080005982 (0x02d14db3) div     s11, sp, a3
core   0: 1 0x0000000080005982 (0x02d14db3) x27 0xffffffffffffffff
core   0: 0x0000000080005986 (0x0ff0000f) fence   iorw,iorw
core   0: 1 0x0000000080005986 (0x0ff0000f)
core   0: 0x000000008000598a (0x401f7753) fcvt.s.d fa4, ft10
core   0: 1 0x000000008000598a (0x401f7753) f14 0xffffffff44a02000
core   0: 0x000000008000598e (0x2a5b0a53) fmin.d  fs4, fs6, ft5
core   0: 1 0x000000008000598e (0x2a5b0a53) f20 0x4030000000000000
core   0: 0x0000000080005992 (0x03b349b3) div     s3, t1, s11
core   0: 1 0x0000000080005992 (0x03b349b3) x19 0xfffffffffffffffe
core   0: 0x0000000080005996 (0x001026f3) csrrs   a3, fflags, zero
core   0: 1 0x0000000080005996 (0x001026f3) x13 0x000000000000001f
core   0: 0x000000008000599a (0x000ba9b3) slt     s3, s7, zero
core   0: 1 0x000000008000599a (0x000ba9b3) x19 0x0000000000000000
core   0: 0x000000008000599e (0x1ab6f4d3) fdiv.d  fs1, fa3, fa1
core   0: 1 0x000000008000599e (0x1ab6f4d3) f9  0x7ff8000000000000
core   0: 0x00000000800059a2 (0x005aeab3) or      s5, s5, t0
core   0: 1 0x00000000800059a2 (0x005aeab3) x21 0xffffffffc0333bf1
core   0: 0x00000000800059a6 (0xc2047c53) fcvt.w.d s8, fs0
core   0: 1 0x00000000800059a6 (0xc2047c53) x24 0x0000000000000000
core   0: 0x00000000800059aa (0xdd1c0a93) addi    s5, s8, -559
core   0: 1 0x00000000800059aa (0xdd1c0a93) x21 0xfffffffffffffdd1
core   0: 0x00000000800059ae (0x415ddd33) sra     s10, s11, s5
core   0: 1 0x00000000800059ae (0x415ddd33) x26 0xffffffffffffffff
core   0: 0x00000000800059b2 (0x01a3553b) srlw    a0, t1, s10
core   0: 1 0x00000000800059b2 (0x01a3553b) x10 0x0000000000000000
core   0: 0x00000000800059b6 (0x40250133) sub     sp, a0, sp
core   0: 1 0x00000000800059b6 (0x40250133) x2  0x0000000000000000
core   0: 0x00000000800059ba (0x230c1e53) fsgnjn.d ft8, fs8, fa6
core   0: 1 0x00000000800059ba (0x230c1e53) f28 0xfff8000000000000
core   0: 0x00000000800059be (0x34205e73) csrrwi  t3, mcause, 0
core   0: exception trap_illegal_instruction, epc 0x00000000800059be
core   0:           tval 0x0000000034205e73
core   0: >>>>  $xrv64i2p1_m2p0_a2p1_f2p2_d2p2_zicsr2p0_zifencei2p0_zmmul1p0_zba1p0_zbb1p0_zbc1p0_zbs1p0
core   0: 0x0000000080004000 (0x0080006f) j       pc + 0x8
core   0: 3 0x0000000080004000 (0x0080006f)
core   0: >>>>  mmode_exception_handler
core   0: 0x0000000080004008 (0x00002c17) auipc   s8, 0x2
core   0: 3 0x0000000080004008 (0x00002c17) x24 0x0000000080006008
core   0: 0x000000008000400c (0x056c0c13) addi    s8, s8, 86
core   0: 3 0x000000008000400c (0x056c0c13) x24 0x000000008000605e
core   0: 0x0000000080004010 (0x000c00e7) jalr    s8
core   0: 3 0x0000000080004010 (0x000c00e7) x1  0x0000000080004014
core   0: >>>>  any_handler
core   0: 0x000000008000605e (0x341027f3) csrrs   a5, mepc, zero
core   0: 3 0x000000008000605e (0x341027f3) x15 0x00000000800059be
core   0: 0x0000000080006062 (0x34202773) csrrs   a4, mcause, zero
core   0: 3 0x0000000080006062 (0x34202773) x14 0x0000000000000002
core   0: 0x0000000080006066 (0x142026f3) csrrs   a3, scause, zero
core   0: 3 0x0000000080006066 (0x142026f3) x13 0x0000000000000000
core   0: 0x000000008000606a (0x30402673) csrrs   a2, mie, zero
core   0: 3 0x000000008000606a (0x30402673) x12 0x0000000000000a00
core   0: 0x000000008000606e (0x344025f3) csrrs   a1, mip, zero
core   0: 3 0x000000008000606e (0x344025f3) x11 0x0000000000000080
core   0: 0x0000000080006072 (0x343025f3) csrrs   a1, mtval, zero
core   0: 3 0x0000000080006072 (0x343025f3) x11 0x0000000034205e73
core   0: 0x0000000080006076 (0x14302573) csrrs   a0, stval, zero
core   0: 3 0x0000000080006076 (0x14302573) x10 0x0000000000000000
core   0: 0x000000008000607a (0xb02024f3) csrrs   s1, minstret, zero
core   0: 3 0x000000008000607a (0xb02024f3) x9  0x0000000000000fed
core   0: 0x000000008000607e (0x0000a811) c.j     pc + 20
core   0: 3 0x000000008000607e (0xa811)
core   0: >>>>  mepc_4
core   0: 0x0000000080006092 (0x00000791) c.addi  a5, 4
core   0: 3 0x0000000080006092 (0x0791) x15 0x00000000800059c2
core   0: 0x0000000080006094 (0x34179073) csrrw   zero, mepc, a5
core   0: 3 0x0000000080006094 (0x34179073) c833_mepc 0x00000000800059c2
core   0: 0x0000000080006098 (0x30200073) mret
core   0: 3 0x0000000080006098 (0x30200073) c768_mstatus 0x8000000a00106080
core   0: 0x00000000800059c2 (0x03c3c0b3) div     ra, t2, t3
core   0: 1 0x00000000800059c2 (0x03c3c0b3) x1  0x000000000002728b
core   0: 0x00000000800059c6 (0x2b0492d3) fmax.d  ft5, fs1, fa6
core   0: 1 0x00000000800059c6 (0x2b0492d3) f5  0x0000000000000000
core   0: 0x00000000800059ca (0x02be2ab3) mulhsu  s5, t3, a1
core   0: 1 0x00000000800059ca (0x02be2ab3) x21 0x0000000000000000
core   0: 0x00000000800059ce (0x40ead59b) sraiw   a1, s5, 14
core   0: 1 0x00000000800059ce (0x40ead59b) x11 0x0000000000000000
core   0: 0x00000000800059d2 (0x10a3b073) csrrc   zero, senvcfg, t2
core   0: 1 0x00000000800059d2 (0x10a3b073) c266_senvcfg 0x0000000000000000
core   0: 0x00000000800059d6 (0x42088153) fcvt.d.s ft2, fa7
core   0: 1 0x00000000800059d6 (0x42088153) f2  0x7ff8000000000000
core   0: 0x00000000800059da (0xc02473d3) fcvt.l.s t2, fs0
core   0: 1 0x00000000800059da (0xc02473d3) c1_fflags 0x000000000000001f x7  0x7fffffffffffffff
core   0: 0x00000000800059de (0x81d7be97) auipc   t4, 0x81d7b
core   0: 1 0x00000000800059de (0x81d7be97) x29 0x0000000001d809de
core   0: 0x00000000800059e2 (0xf20d80d3) fmv.d.x ft1, s11
core   0: 1 0x00000000800059e2 (0xf20d80d3) f1  0xffffffffffffffff
core   0: 0x00000000800059e6 (0x41d7523b) sraw    tp, a4, t4
core   0: 1 0x00000000800059e6 (0x41d7523b) x4  0x0000000000000000
core   0: 0x00000000800059ea (0x23df0ad3) fsgnj.d fs5, ft10, ft9
core   0: 1 0x00000000800059ea (0x23df0ad3) f21 0xc094040000000000
core   0: 0x00000000800059ee (0x2b519153) fmax.d  ft2, ft3, fs5
core   0: 1 0x00000000800059ee (0x2b519153) f2  0x0000000000000000
core   0: 0x00000000800059f2 (0x41dddeb3) sra     t4, s11, t4
core   0: 1 0x00000000800059f2 (0x41dddeb3) x29 0xffffffffffffffff
core   0: 0x00000000800059f6 (0x0181013b) addw    sp, sp, s8
core   0: 1 0x00000000800059f6 (0x0181013b) x2  0xffffffff8000605e
core   0: 0x00000000800059fa (0xc8011773) csrrw   a4, cycleh, sp
core   0: exception trap_illegal_instruction, epc 0x00000000800059fa
core   0:           tval 0x00000000c8011773
core   0: >>>>  $xrv64i2p1_m2p0_a2p1_f2p2_d2p2_zicsr2p0_zifencei2p0_zmmul1p0_zba1p0_zbb1p0_zbc1p0_zbs1p0
core   0: 0x0000000080004000 (0x0080006f) j       pc + 0x8
core   0: 3 0x0000000080004000 (0x0080006f)
core   0: >>>>  mmode_exception_handler
core   0: 0x0000000080004008 (0x00002c17) auipc   s8, 0x2
core   0: 3 0x0000000080004008 (0x00002c17) x24 0x0000000080006008
core   0: 0x000000008000400c (0x056c0c13) addi    s8, s8, 86
core   0: 3 0x000000008000400c (0x056c0c13) x24 0x000000008000605e
core   0: 0x0000000080004010 (0x000c00e7) jalr    s8
core   0: 3 0x0000000080004010 (0x000c00e7) x1  0x0000000080004014
core   0: >>>>  any_handler
core   0: 0x000000008000605e (0x341027f3) csrrs   a5, mepc, zero
core   0: 3 0x000000008000605e (0x341027f3) x15 0x00000000800059fa
core   0: 0x0000000080006062 (0x34202773) csrrs   a4, mcause, zero
core   0: 3 0x0000000080006062 (0x34202773) x14 0x0000000000000002
core   0: 0x0000000080006066 (0x142026f3) csrrs   a3, scause, zero
core   0: 3 0x0000000080006066 (0x142026f3) x13 0x0000000000000000
core   0: 0x000000008000606a (0x30402673) csrrs   a2, mie, zero
core   0: 3 0x000000008000606a (0x30402673) x12 0x0000000000000a00
core   0: 0x000000008000606e (0x344025f3) csrrs   a1, mip, zero
core   0: 3 0x000000008000606e (0x344025f3) x11 0x0000000000000080
core   0: 0x0000000080006072 (0x343025f3) csrrs   a1, mtval, zero
core   0: 3 0x0000000080006072 (0x343025f3) x11 0x00000000c8011773
core   0: 0x0000000080006076 (0x14302573) csrrs   a0, stval, zero
core   0: 3 0x0000000080006076 (0x14302573) x10 0x0000000000000000
core   0: 0x000000008000607a (0xb02024f3) csrrs   s1, minstret, zero
core   0: 3 0x000000008000607a (0xb02024f3) x9  0x000000000000100b
core   0: 0x000000008000607e (0x0000a811) c.j     pc + 20
core   0: 3 0x000000008000607e (0xa811)
core   0: >>>>  mepc_4
core   0: 0x0000000080006092 (0x00000791) c.addi  a5, 4
core   0: 3 0x0000000080006092 (0x0791) x15 0x00000000800059fe
core   0: 0x0000000080006094 (0x34179073) csrrw   zero, mepc, a5
core   0: 3 0x0000000080006094 (0x34179073) c833_mepc 0x00000000800059fe
core   0: 0x0000000080006098 (0x30200073) mret
core   0: 3 0x0000000080006098 (0x30200073) c768_mstatus 0x8000000a00106080
core   0: 0x00000000800059fe (0x5bfc77c7) fmsub.d fa5, fs8, ft11, fa1
core   0: 1 0x00000000800059fe (0x5bfc77c7) f15 0x7ff8000000000000
core   0: 0x0000000080005a02 (0x0361eebb) remw    t4, gp, s6
core   0: 1 0x0000000080005a02 (0x0361eebb) x29 0x00000000001be1ea
core   0: 0x0000000080005a06 (0xb11b8c17) auipc   s8, 0xb11b8
core   0: 1 0x0000000080005a06 (0xb11b8c17) x24 0x00000000311bda06
core   0: 0x0000000080005a0a (0x418c583b) sraw    a6, s8, s8
core   0: 1 0x0000000080005a0a (0x418c583b) x16 0x0000000000c46f68
core   0: 0x0000000080005a0e (0xf115b117) auipc   sp, 0xf115b
core   0: 1 0x0000000080005a0e (0xf115b117) x2  0x0000000071160a0e
core   0: 0x0000000080005a12 (0xa2b68ad3) fle.d   s5, fa3, fa1
core   0: 1 0x0000000080005a12 (0xa2b68ad3) c1_fflags 0x000000000000001f x21 0x0000000000000000
core   0: 0x0000000080005a16 (0x00121813) slli    a6, tp, 1
core   0: 1 0x0000000080005a16 (0x00121813) x16 0x0000000000000000
core   0: 0x0000000080005a1a (0x4015db9b) sraiw   s7, a1, 1
core   0: 1 0x0000000080005a1a (0x4015db9b) x23 0xffffffffe4008bb9
core   0: 0x0000000080005a1e (0xa2830c53) fle.d   s8, ft6, fs0
core   0: 1 0x0000000080005a1e (0xa2830c53) c1_fflags 0x000000000000001f x24 0x0000000000000000
core   0: 0x0000000080005a22 (0x022edebb) divuw   t4, t4, sp
core   0: 1 0x0000000080005a22 (0x022edebb) x29 0x0000000000000000
core   0: 0x0000000080005a26 (0xd20c7947) fmsub.d fs2, fs8, ft0, fs10
core   0: 1 0x0000000080005a26 (0xd20c7947) f18 0x7ff8000000000000
core   0: 0x0000000080005a2a (0x420e8853) fcvt.d.s fa6, ft9
core   0: 1 0x0000000080005a2a (0x420e8853) f16 0x4094040000000000
core   0: 0x0000000080005a2e (0x0123d3bb) srlw    t2, t2, s2
core   0: 1 0x0000000080005a2e (0x0123d3bb) x7  0xffffffffffffffff
core   0: 0x0000000080005a32 (0x02e759b3) divu    s3, a4, a4
core   0: 1 0x0000000080005a32 (0x02e759b3) x19 0x0000000000000001
core   0: 0x0000000080005a36 (0x010892b3) sll     t0, a7, a6
core   0: 1 0x0000000080005a36 (0x010892b3) x5  0x0000000000000001
core   0: 0x0000000080005a3a (0x03c12e33) mulhsu  t3, sp, t3
core   0: 1 0x0000000080005a3a (0x03c12e33) x28 0x0000000000000000
core   0: 0x0000000080005a3e (0x021303b3) mul     t2, t1, ra
core   0: 1 0x0000000080005a3e (0x021303b3) x7  0x0000000100008028
core   0: 0x0000000080005a42 (0x0070a5b3) slt     a1, ra, t2
core   0: 1 0x0000000080005a42 (0x0070a5b3) x11 0x0000000000000001
core   0: 0x0000000080005a46 (0xc22df3d3) fcvt.l.d t2, fs11
core   0: 1 0x0000000080005a46 (0xc22df3d3) c1_fflags 0x000000000000001f x7  0x7fffffffffffffff
core   0: 0x0000000080005a4a (0x42048553) fcvt.d.s fa0, fs1
core   0: 1 0x0000000080005a4a (0x42048553) f10 0x7ff8000000000000
core   0: 0x0000000080005a4e (0xd026fbd3) fcvt.s.l fs7, a3
core   0: 1 0x0000000080005a4e (0xd026fbd3) f23 0xffffffff00000000
core   0: 0x0000000080005a52 (0x40c20233) sub     tp, tp, a2
core   0: 1 0x0000000080005a52 (0x40c20233) x4  0xfffffffffffff600
core   0: 0x0000000080005a56 (0xe665c813) xori    a6, a1, -410
core   0: 1 0x0000000080005a56 (0xe665c813) x16 0xfffffffffffffe67
core   0: 0x0000000080005a5a (0x2ae18d53) fmin.d  fs10, ft3, fa4
core   0: 1 0x0000000080005a5a (0x2ae18d53) f26 0x0000000000000000
core   0: 0x0000000080005a5e (0x12217ed3) fmul.d  ft9, ft2, ft2
core   0: 1 0x0000000080005a5e (0x12217ed3) f29 0x0000000000000000
core   0: 0x0000000080005a62 (0x03ce04bb) mulw    s1, t3, t3
core   0: 1 0x0000000080005a62 (0x03ce04bb) x9  0x0000000000000000
core   0: 0x0000000080005a66 (0x86794013) xori    zero, s2, -1945
core   0: 1 0x0000000080005a66 (0x86794013)
core   0: 0x0000000080005a6a (0x237585d3) fsgnj.d fa1, fa1, fs7
core   0: 1 0x0000000080005a6a (0x237585d3) f11 0xfff8000000000000
core   0: 0x0000000080005a6e (0x747066f3) csrrsi  a3, mseccfg, 0
core   0: exception trap_illegal_instruction, epc 0x0000000080005a6e
core   0:           tval 0x00000000747066f3
core   0: >>>>  $xrv64i2p1_m2p0_a2p1_f2p2_d2p2_zicsr2p0_zifencei2p0_zmmul1p0_zba1p0_zbb1p0_zbc1p0_zbs1p0
core   0: 0x0000000080004000 (0x0080006f) j       pc + 0x8
core   0: 3 0x0000000080004000 (0x0080006f)
core   0: >>>>  mmode_exception_handler
core   0: 0x0000000080004008 (0x00002c17) auipc   s8, 0x2
core   0: 3 0x0000000080004008 (0x00002c17) x24 0x0000000080006008
core   0: 0x000000008000400c (0x056c0c13) addi    s8, s8, 86
core   0: 3 0x000000008000400c (0x056c0c13) x24 0x000000008000605e
core   0: 0x0000000080004010 (0x000c00e7) jalr    s8
core   0: 3 0x0000000080004010 (0x000c00e7) x1  0x0000000080004014
core   0: >>>>  any_handler
core   0: 0x000000008000605e (0x341027f3) csrrs   a5, mepc, zero
core   0: 3 0x000000008000605e (0x341027f3) x15 0x0000000080005a6e
core   0: 0x0000000080006062 (0x34202773) csrrs   a4, mcause, zero
core   0: 3 0x0000000080006062 (0x34202773) x14 0x0000000000000002
core   0: 0x0000000080006066 (0x142026f3) csrrs   a3, scause, zero
core   0: 3 0x0000000080006066 (0x142026f3) x13 0x0000000000000000
core   0: 0x000000008000606a (0x30402673) csrrs   a2, mie, zero
core   0: 3 0x000000008000606a (0x30402673) x12 0x0000000000000a00
core   0: 0x000000008000606e (0x344025f3) csrrs   a1, mip, zero
core   0: 3 0x000000008000606e (0x344025f3) x11 0x0000000000000080
core   0: 0x0000000080006072 (0x343025f3) csrrs   a1, mtval, zero
core   0: 3 0x0000000080006072 (0x343025f3) x11 0x00000000747066f3
core   0: 0x0000000080006076 (0x14302573) csrrs   a0, stval, zero
core   0: 3 0x0000000080006076 (0x14302573) x10 0x0000000000000000
core   0: 0x000000008000607a (0xb02024f3) csrrs   s1, minstret, zero
core   0: 3 0x000000008000607a (0xb02024f3) x9  0x0000000000001037
core   0: 0x000000008000607e (0x0000a811) c.j     pc + 20
core   0: 3 0x000000008000607e (0xa811)
core   0: >>>>  mepc_4
core   0: 0x0000000080006092 (0x00000791) c.addi  a5, 4
core   0: 3 0x0000000080006092 (0x0791) x15 0x0000000080005a72
core   0: 0x0000000080006094 (0x34179073) csrrw   zero, mepc, a5
core   0: 3 0x0000000080006094 (0x34179073) c833_mepc 0x0000000080005a72
core   0: 0x0000000080006098 (0x30200073) mret
core   0: 3 0x0000000080006098 (0x30200073) c768_mstatus 0x8000000a00106080
core   0: 0x0000000080005a72 (0x02346133) rem     sp, s0, gp
core   0: 1 0x0000000080005a72 (0x02346133) x2  0x00000000000c3cbb
core   0: 0x0000000080005a76 (0x001e5e13) srli    t3, t3, 1
core   0: 1 0x0000000080005a76 (0x001e5e13) x28 0x0000000000000000
core   0: 0x0000000080005a7a (0x5a08f253) fsqrt.d ft4, fa7
core   0: 1 0x0000000080005a7a (0x5a08f253) f4  0x3ff0000000000000
core   0: 0x0000000080005a7e (0x0ff0000f) fence   iorw,iorw
core   0: 1 0x0000000080005a7e (0x0ff0000f)
core   0: 0x0000000080005a82 (0x14072673) csrrs   a2, sscratch, a4
core   0: 1 0x0000000080005a82 (0x14072673) x12 0x0000000000000000 c320_sscratch 0x0000000000000002
core   0: 0x0000000080005a86 (0x7ff40e9b) addiw   t4, s0, 2047
core   0: 1 0x0000000080005a86 (0x7ff40e9b) x29 0xffffffffc82060dc
core   0: 0x0000000080005a8a (0x013709bb) addw    s3, a4, s3
core   0: 1 0x0000000080005a8a (0x013709bb) x19 0x0000000000000003
core   0: 0x0000000080005a8e (0xc672cb17) auipc   s6, 0xc672c
core   0: 1 0x0000000080005a8e (0xc672cb17) x22 0x0000000046731a8e
core   0: 0x0000000080005a92 (0xf20b0d53) fmv.d.x fs10, s6
core   0: 1 0x0000000080005a92 (0xf20b0d53) f26 0x0000000046731a8e
core   0: 0x0000000080005a96 (0xe4067017) auipc   zero, 0xe4067
core   0: 1 0x0000000080005a96 (0xe4067017)
core   0: 0x0000000080005a9a (0x0ff0000f) fence   iorw,iorw
core   0: 1 0x0000000080005a9a (0x0ff0000f)
core   0: 0x0000000080005a9e (0x8008889b) addiw   a7, a7, -2048
core   0: 1 0x0000000080005a9e (0x8008889b) x17 0xfffffffffffff801
core   0: 0x0000000080005aa2 (0x306cb9f3) csrrc   s3, mcounteren, s9
core   0: exception trap_illegal_instruction, epc 0x0000000080005aa2
core   0:           tval 0x00000000306cb9f3
core   0: >>>>  $xrv64i2p1_m2p0_a2p1_f2p2_d2p2_zicsr2p0_zifencei2p0_zmmul1p0_zba1p0_zbb1p0_zbc1p0_zbs1p0
core   0: 0x0000000080004000 (0x0080006f) j       pc + 0x8
core   0: 3 0x0000000080004000 (0x0080006f)
core   0: >>>>  mmode_exception_handler
core   0: 0x0000000080004008 (0x00002c17) auipc   s8, 0x2
core   0: 3 0x0000000080004008 (0x00002c17) x24 0x0000000080006008
core   0: 0x000000008000400c (0x056c0c13) addi    s8, s8, 86
core   0: 3 0x000000008000400c (0x056c0c13) x24 0x000000008000605e
core   0: 0x0000000080004010 (0x000c00e7) jalr    s8
core   0: 3 0x0000000080004010 (0x000c00e7) x1  0x0000000080004014
core   0: >>>>  any_handler
core   0: 0x000000008000605e (0x341027f3) csrrs   a5, mepc, zero
core   0: 3 0x000000008000605e (0x341027f3) x15 0x0000000080005aa2
core   0: 0x0000000080006062 (0x34202773) csrrs   a4, mcause, zero
core   0: 3 0x0000000080006062 (0x34202773) x14 0x0000000000000002
core   0: 0x0000000080006066 (0x142026f3) csrrs   a3, scause, zero
core   0: 3 0x0000000080006066 (0x142026f3) x13 0x0000000000000000
core   0: 0x000000008000606a (0x30402673) csrrs   a2, mie, zero
core   0: 3 0x000000008000606a (0x30402673) x12 0x0000000000000a00
core   0: 0x000000008000606e (0x344025f3) csrrs   a1, mip, zero
core   0: 3 0x000000008000606e (0x344025f3) x11 0x0000000000000080
core   0: 0x0000000080006072 (0x343025f3) csrrs   a1, mtval, zero
core   0: 3 0x0000000080006072 (0x343025f3) x11 0x00000000306cb9f3
core   0: 0x0000000080006076 (0x14302573) csrrs   a0, stval, zero
core   0: 3 0x0000000080006076 (0x14302573) x10 0x0000000000000000
core   0: 0x000000008000607a (0xb02024f3) csrrs   s1, minstret, zero
core   0: 3 0x000000008000607a (0xb02024f3) x9  0x0000000000001053
core   0: 0x000000008000607e (0x0000a811) c.j     pc + 20
core   0: 3 0x000000008000607e (0xa811)
core   0: >>>>  mepc_4
core   0: 0x0000000080006092 (0x00000791) c.addi  a5, 4
core   0: 3 0x0000000080006092 (0x0791) x15 0x0000000080005aa6
core   0: 0x0000000080006094 (0x34179073) csrrw   zero, mepc, a5
core   0: 3 0x0000000080006094 (0x34179073) c833_mepc 0x0000000080005aa6
core   0: 0x0000000080006098 (0x30200073) mret
core   0: 3 0x0000000080006098 (0x30200073) c768_mstatus 0x8000000a00106080
core   0: 0x0000000080005aa6 (0x002cf7b3) and     a5, s9, sp
core   0: 1 0x0000000080005aa6 (0x002cf7b3) x15 0x0000000000000000
core   0: 0x0000000080005aaa (0x00a19db3) sll     s11, gp, a0
core   0: 1 0x0000000080005aaa (0x00a19db3) x27 0x00000000001be1ea
core   0: 0x0000000080005aae (0x406bd713) srai    a4, s7, 6
core   0: 1 0x0000000080005aae (0x406bd713) x14 0xffffffffff90022e
core   0: 0x0000000080005ab2 (0x420408d3) fcvt.d.s fa7, fs0
core   0: 1 0x0000000080005ab2 (0x420408d3) f17 0x7ff8000000000000
core   0: 0x0000000080005ab6 (0x80030913) addi    s2, t1, -2048
core   0: 1 0x0000000080005ab6 (0x80030913) x18 0xfffffffffffff802
core   0: 0x0000000080005aba (0x22282153) fsgnjx.d ft2, fa6, ft2
core   0: 1 0x0000000080005aba (0x22282153) f2  0x4094040000000000
core   0: 0x0000000080005abe (0xc030fcd3) fcvt.lu.s s9, ft1
core   0: 1 0x0000000080005abe (0xc030fcd3) c1_fflags 0x000000000000001f x25 0xffffffffffffffff
core   0: 0x0000000080005ac2 (0x5a017753) fsqrt.d fa4, ft2
core   0: 1 0x0000000080005ac2 (0x5a017753) c1_fflags 0x000000000000001f f14 0x4041e5417710e2b8
core   0: 0x0000000080005ac6 (0x01ad153b) sllw    a0, s10, s10
core   0: 1 0x0000000080005ac6 (0x01ad153b) x10 0xffffffff80000000
core   0: 0x0000000080005aca (0x0152a233) slt     tp, t0, s5
core   0: 1 0x0000000080005aca (0x0152a233) x4  0x0000000000000000
core   0: 0x0000000080005ace (0x117f07b7) lui     a5, 0x117f0
core   0: 1 0x0000000080005ace (0x117f07b7) x15 0x00000000117f0000
core   0: 0x0000000080005ad2 (0x00000001) c.nop
core   0: 1 0x0000000080005ad2 (0x0001)
core   0: 0x0000000080005ad4 (0xc815d2f3) csrrwi  t0, timeh, 11
core   0: exception trap_illegal_instruction, epc 0x0000000080005ad4
core   0:           tval 0x00000000c815d2f3
core   0: >>>>  $xrv64i2p1_m2p0_a2p1_f2p2_d2p2_zicsr2p0_zifencei2p0_zmmul1p0_zba1p0_zbb1p0_zbc1p0_zbs1p0
core   0: 0x0000000080004000 (0x0080006f) j       pc + 0x8
core   0: 3 0x0000000080004000 (0x0080006f)
core   0: >>>>  mmode_exception_handler
core   0: 0x0000000080004008 (0x00002c17) auipc   s8, 0x2
core   0: 3 0x0000000080004008 (0x00002c17) x24 0x0000000080006008
core   0: 0x000000008000400c (0x056c0c13) addi    s8, s8, 86
core   0: 3 0x000000008000400c (0x056c0c13) x24 0x000000008000605e
core   0: 0x0000000080004010 (0x000c00e7) jalr    s8
core   0: 3 0x0000000080004010 (0x000c00e7) x1  0x0000000080004014
core   0: >>>>  any_handler
core   0: 0x000000008000605e (0x341027f3) csrrs   a5, mepc, zero
core   0: 3 0x000000008000605e (0x341027f3) x15 0x0000000080005ad4
core   0: 0x0000000080006062 (0x34202773) csrrs   a4, mcause, zero
core   0: 3 0x0000000080006062 (0x34202773) x14 0x0000000000000002
core   0: 0x0000000080006066 (0x142026f3) csrrs   a3, scause, zero
core   0: 3 0x0000000080006066 (0x142026f3) x13 0x0000000000000000
core   0: 0x000000008000606a (0x30402673) csrrs   a2, mie, zero
core   0: 3 0x000000008000606a (0x30402673) x12 0x0000000000000a00
core   0: 0x000000008000606e (0x344025f3) csrrs   a1, mip, zero
core   0: 3 0x000000008000606e (0x344025f3) x11 0x0000000000000080
core   0: 0x0000000080006072 (0x343025f3) csrrs   a1, mtval, zero
core   0: 3 0x0000000080006072 (0x343025f3) x11 0x00000000c815d2f3
core   0: 0x0000000080006076 (0x14302573) csrrs   a0, stval, zero
core   0: 3 0x0000000080006076 (0x14302573) x10 0x0000000000000000
core   0: 0x000000008000607a (0xb02024f3) csrrs   s1, minstret, zero
core   0: 3 0x000000008000607a (0xb02024f3) x9  0x000000000000106f
core   0: 0x000000008000607e (0x0000a811) c.j     pc + 20
core   0: 3 0x000000008000607e (0xa811)
core   0: >>>>  mepc_4
core   0: 0x0000000080006092 (0x00000791) c.addi  a5, 4
core   0: 3 0x0000000080006092 (0x0791) x15 0x0000000080005ad8
core   0: 0x0000000080006094 (0x34179073) csrrw   zero, mepc, a5
core   0: 3 0x0000000080006094 (0x34179073) c833_mepc 0x0000000080005ad8
core   0: 0x0000000080006098 (0x30200073) mret
core   0: 3 0x0000000080006098 (0x30200073) c768_mstatus 0x8000000a00106080
core   0: 0x0000000080005ad8 (0x0374e033) rem     zero, s1, s7
core   0: 1 0x0000000080005ad8 (0x0374e033)
core   0: 0x0000000080005adc (0x01dba433) slt     s0, s7, t4
core   0: 1 0x0000000080005adc (0x01dba433) x8  0x0000000000000000
core   0: 0x0000000080005ae0 (0x00f417bb) sllw    a5, s0, a5
core   0: 1 0x0000000080005ae0 (0x00f417bb) x15 0x0000000000000000
core   0: 0x0000000080005ae4 (0x0bc47c53) fsub.d  fs8, fs0, ft8
core   0: 1 0x0000000080005ae4 (0x0bc47c53) f24 0x7ff8000000000000
core   0: 0x0000000080005ae8 (0x018b74b3) and     s1, s6, s8
core   0: 1 0x0000000080005ae8 (0x018b74b3) x9  0x000000000000000e
core   0: 0x0000000080005aec (0x0164c933) xor     s2, s1, s6
core   0: 1 0x0000000080005aec (0x0164c933) x18 0x0000000046731a80
core   0: 0x0000000080005af0 (0x020b7e53) fadd.d  ft8, fs6, ft0
core   0: 1 0x0000000080005af0 (0x020b7e53) f28 0x7ff8000000000000
core   0: 0x0000000080005af4 (0x015c2333) slt     t1, s8, s5
core   0: 1 0x0000000080005af4 (0x015c2333) x6  0x0000000000000000
core   0: 0x0000000080005af8 (0x035079c3) fmadd.d fs3, ft0, fs5, ft0
core   0: 1 0x0000000080005af8 (0x035079c3) f19 0x7ff8000000000000
core   0: 0x0000000080005afc (0x0380033b) mulw    t1, zero, s8
core   0: 1 0x0000000080005afc (0x0380033b) x6  0x0000000000000000
core   0: 0x0000000080005b00 (0x23c30653) fsgnj.d fa2, ft6, ft8
core   0: 1 0x0000000080005b00 (0x23c30653) f12 0x7ff8000000000000
core   0: 0x0000000080005b04 (0x00535e3b) srlw    t3, t1, t0
core   0: 1 0x0000000080005b04 (0x00535e3b) x28 0x0000000000000000
core   0: 0x0000000080005b08 (0x001d1413) slli    s0, s10, 1
core   0: 1 0x0000000080005b08 (0x001d1413) x8  0xfffffffffffffffe
core   0: 0x0000000080005b0c (0x028e6a33) rem     s4, t3, s0
core   0: 1 0x0000000080005b0c (0x028e6a33) x20 0x0000000000000000
core   0: 0x0000000080005b10 (0x03a282bb) mulw    t0, t0, s10
core   0: 1 0x0000000080005b10 (0x03a282bb) x5  0xffffffffffffffff
core   0: 0x0000000080005b14 (0x0ad3f053) fsub.d  ft0, ft7, fa3
core   0: 1 0x0000000080005b14 (0x0ad3f053) f0  0x7ff8000000000000
core   0: 0x0000000080005b18 (0xc21c75d3) fcvt.wu.d a1, fs8
core   0: 1 0x0000000080005b18 (0xc21c75d3) c1_fflags 0x000000000000001f x11 0xffffffffffffffff
core   0: 0x0000000080005b1c (0xd2307fd3) fcvt.d.lu ft11, zero
core   0: 1 0x0000000080005b1c (0xd2307fd3) f31 0x0000000000000000
core   0: 0x0000000080005b20 (0xd2100153) fcvt.d.wu ft2, zero
core   0: 1 0x0000000080005b20 (0xd2100153) f2  0x0000000000000000
core   0: 0x0000000080005b24 (0x03ac513b) divuw   sp, s8, s10
core   0: 1 0x0000000080005b24 (0x03ac513b) x2  0x0000000000000000
core   0: 0x0000000080005b28 (0x40197353) fcvt.s.d ft6, fs2
core   0: 1 0x0000000080005b28 (0x40197353) f6  0xffffffff7fc00000
core   0: 0x0000000080005b2c (0x02837153) fadd.d  ft2, ft6, fs0
core   0: 1 0x0000000080005b2c (0x02837153) f2  0x7ff8000000000000
core   0: 0x0000000080005b30 (0x027adb13) srli    s6, s5, 39
core   0: 1 0x0000000080005b30 (0x027adb13) x22 0x0000000000000000
core   0: 0x0000000080005b34 (0xf20b09d3) fmv.d.x fs3, s6
core   0: 1 0x0000000080005b34 (0xf20b09d3) f19 0x0000000000000000
core   0: 0x0000000080005b38 (0x00cd86bb) addw    a3, s11, a2
core   0: 1 0x0000000080005b38 (0x00cd86bb) x13 0x00000000001bebea
core   0: 0x0000000080005b3c (0xe20301d3) fmv.x.d gp, ft6
core   0: 1 0x0000000080005b3c (0xe20301d3) x3  0xffffffff7fc00000
core   0: 0x0000000080005b40 (0x00000001) c.nop
core   0: 1 0x0000000080005b40 (0x0001)
core   0: 0x0000000080005b42 (0x41f05013) srai    zero, zero, 31
core   0: 1 0x0000000080005b42 (0x41f05013)
core   0: 0x0000000080005b46 (0x0162d093) srli    ra, t0, 22
core   0: 1 0x0000000080005b46 (0x0162d093) x1  0x000003ffffffffff
core   0: 0x0000000080005b4a (0x000e9b93) slli    s7, t4, 0
core   0: 1 0x0000000080005b4a (0x000e9b93) x23 0xffffffffc82060dc
core   0: 0x0000000080005b4e (0x002b94f3) csrrw   s1, frm, s7
core   0: 1 0x0000000080005b4e (0x002b94f3) x9  0x0000000000000000 c2_frm 0x0000000000000004
core   0: 0x0000000080005b52 (0x0386833b) mulw    t1, a3, s8
core   0: 1 0x0000000080005b52 (0x0386833b) x6  0xffffffff82b85fec
core   0: 0x0000000080005b56 (0x800e8e9b) addiw   t4, t4, -2048
core   0: 1 0x0000000080005b56 (0x800e8e9b) x29 0xffffffffc82058dc
core   0: 0x0000000080005b5a (0xc031f753) fcvt.lu.s a4, ft3
core   0: 1 0x0000000080005b5a (0xc031f753) c1_fflags 0x000000000000001f x14 0xffffffffffffffff
core   0: 0x0000000080005b5e (0x00dba733) slt     a4, s7, a3
core   0: 1 0x0000000080005b5e (0x00dba733) x14 0x0000000000000001
core   0: 0x0000000080005b62 (0xd22bf8d3) fcvt.d.l fa7, s7
core   0: 1 0x0000000080005b62 (0xd22bf8d3) f17 0xc1cbefcf92000000
core   0: 0x0000000080005b66 (0x02ee79bb) remuw   s3, t3, a4
core   0: 1 0x0000000080005b66 (0x02ee79bb) x19 0x0000000000000000
core   0: 0x0000000080005b6a (0x02b58cbb) mulw    s9, a1, a1
core   0: 1 0x0000000080005b6a (0x02b58cbb) x25 0x0000000000000001
core   0: 0x0000000080005b6e (0x0348f3d3) fadd.d  ft7, fa7, fs4
core   0: 1 0x0000000080005b6e (0x0348f3d3) f7  0xc1cbefcf8a000000
core   0: 0x0000000080005b72 (0x0078f933) and     s2, a7, t2
core   0: 1 0x0000000080005b72 (0x0078f933) x18 0x7ffffffffffff801
core   0: 0x0000000080005b76 (0x40478333) sub     t1, a5, tp
core   0: 1 0x0000000080005b76 (0x40478333) x6  0x0000000000000000
core   0: 0x0000000080005b7a (0xc030f4d3) fcvt.lu.s s1, ft1
core   0: 1 0x0000000080005b7a (0xc030f4d3) c1_fflags 0x000000000000001f x9  0xffffffffffffffff
core   0: 0x0000000080005b7e (0x02e5cdbb) divw    s11, a1, a4
core   0: 1 0x0000000080005b7e (0x02e5cdbb) x27 0xffffffffffffffff
core   0: 0x0000000080005b82 (0x0ff0000f) fence   iorw,iorw
core   0: 1 0x0000000080005b82 (0x0ff0000f)
core   0: 0x0000000080005b86 (0x003c5a93) srli    s5, s8, 3
core   0: 1 0x0000000080005b86 (0x003c5a93) x21 0x0000000010000c0b
core   0: 0x0000000080005b8a (0x8bbc3013) sltiu   zero, s8, -1861
core   0: 1 0x0000000080005b8a (0x8bbc3013)
core   0: 0x0000000080005b8e (0xb02ba873) csrrs   a6, minstret, s7
core   0: exception trap_illegal_instruction, epc 0x0000000080005b8e
core   0:           tval 0x00000000b02ba873
core   0: >>>>  $xrv64i2p1_m2p0_a2p1_f2p2_d2p2_zicsr2p0_zifencei2p0_zmmul1p0_zba1p0_zbb1p0_zbc1p0_zbs1p0
core   0: 0x0000000080004000 (0x0080006f) j       pc + 0x8
core   0: 3 0x0000000080004000 (0x0080006f)
core   0: >>>>  mmode_exception_handler
core   0: 0x0000000080004008 (0x00002c17) auipc   s8, 0x2
core   0: 3 0x0000000080004008 (0x00002c17) x24 0x0000000080006008
core   0: 0x000000008000400c (0x056c0c13) addi    s8, s8, 86
core   0: 3 0x000000008000400c (0x056c0c13) x24 0x000000008000605e
core   0: 0x0000000080004010 (0x000c00e7) jalr    s8
core   0: 3 0x0000000080004010 (0x000c00e7) x1  0x0000000080004014
core   0: >>>>  any_handler
core   0: 0x000000008000605e (0x341027f3) csrrs   a5, mepc, zero
core   0: 3 0x000000008000605e (0x341027f3) x15 0x0000000080005b8e
core   0: 0x0000000080006062 (0x34202773) csrrs   a4, mcause, zero
core   0: 3 0x0000000080006062 (0x34202773) x14 0x0000000000000002
core   0: 0x0000000080006066 (0x142026f3) csrrs   a3, scause, zero
core   0: 3 0x0000000080006066 (0x142026f3) x13 0x0000000000000000
core   0: 0x000000008000606a (0x30402673) csrrs   a2, mie, zero
core   0: 3 0x000000008000606a (0x30402673) x12 0x0000000000000a00
core   0: 0x000000008000606e (0x344025f3) csrrs   a1, mip, zero
core   0: 3 0x000000008000606e (0x344025f3) x11 0x0000000000000080
core   0: 0x0000000080006072 (0x343025f3) csrrs   a1, mtval, zero
core   0: 3 0x0000000080006072 (0x343025f3) x11 0x00000000b02ba873
core   0: 0x0000000080006076 (0x14302573) csrrs   a0, stval, zero
core   0: 3 0x0000000080006076 (0x14302573) x10 0x0000000000000000
core   0: 0x000000008000607a (0xb02024f3) csrrs   s1, minstret, zero
core   0: 3 0x000000008000607a (0xb02024f3) x9  0x00000000000010ad
core   0: 0x000000008000607e (0x0000a811) c.j     pc + 20
core   0: 3 0x000000008000607e (0xa811)
core   0: >>>>  mepc_4
core   0: 0x0000000080006092 (0x00000791) c.addi  a5, 4
core   0: 3 0x0000000080006092 (0x0791) x15 0x0000000080005b92
core   0: 0x0000000080006094 (0x34179073) csrrw   zero, mepc, a5
core   0: 3 0x0000000080006094 (0x34179073) c833_mepc 0x0000000080005b92
core   0: 0x0000000080006098 (0x30200073) mret
core   0: 3 0x0000000080006098 (0x30200073) c768_mstatus 0x8000000a00106080
core   0: 0x0000000080005b92 (0x03d87ed3) fadd.d  ft9, fa6, ft9
core   0: 1 0x0000000080005b92 (0x03d87ed3) f29 0x4094040000000000
core   0: 0x0000000080005b96 (0x03cd1733) mulh    a4, s10, t3
core   0: 1 0x0000000080005b96 (0x03cd1733) x14 0x0000000000000000
core   0: 0x0000000080005b9a (0x00209973) csrrw   s2, frm, ra
core   0: 1 0x0000000080005b9a (0x00209973) x18 0x0000000000000004 c2_frm 0x0000000000000004
core   0: 0x0000000080005b9e (0x007601b3) add     gp, a2, t2
core   0: 1 0x0000000080005b9e (0x007601b3) x3  0x80000000000009ff
core   0: 0x0000000080005ba2 (0x2bd51053) fmax.d  ft0, fa0, ft9
core   0: 1 0x0000000080005ba2 (0x2bd51053) f0  0x4094040000000000
core   0: 0x0000000080005ba6 (0x2b9a0153) fmin.d  ft2, fs4, fs9
core   0: 1 0x0000000080005ba6 (0x2b9a0153) f2  0x4030000000000000
core   0: 0x0000000080005baa (0x4018f4d3) fcvt.s.d fs1, fa7
core   0: 1 0x0000000080005baa (0x4018f4d3) c1_fflags 0x000000000000001f f9  0xffffffffce5f7e7d
core   0: 0x0000000080005bae (0x00008d09) c.sub   a0, a0
core   0: 1 0x0000000080005bae (0x8d09) x10 0x0000000000000000
core   0: 0x0000000080005bb0 (0xc0405473) csrrwi  s0, hpmcounter4, 0
core   0: exception trap_illegal_instruction, epc 0x0000000080005bb0
core   0:           tval 0x00000000c0405473
core   0: >>>>  $xrv64i2p1_m2p0_a2p1_f2p2_d2p2_zicsr2p0_zifencei2p0_zmmul1p0_zba1p0_zbb1p0_zbc1p0_zbs1p0
core   0: 0x0000000080004000 (0x0080006f) j       pc + 0x8
core   0: 3 0x0000000080004000 (0x0080006f)
core   0: >>>>  mmode_exception_handler
core   0: 0x0000000080004008 (0x00002c17) auipc   s8, 0x2
core   0: 3 0x0000000080004008 (0x00002c17) x24 0x0000000080006008
core   0: 0x000000008000400c (0x056c0c13) addi    s8, s8, 86
core   0: 3 0x000000008000400c (0x056c0c13) x24 0x000000008000605e
core   0: 0x0000000080004010 (0x000c00e7) jalr    s8
core   0: 3 0x0000000080004010 (0x000c00e7) x1  0x0000000080004014
core   0: >>>>  any_handler
core   0: 0x000000008000605e (0x341027f3) csrrs   a5, mepc, zero
core   0: 3 0x000000008000605e (0x341027f3) x15 0x0000000080005bb0
core   0: 0x0000000080006062 (0x34202773) csrrs   a4, mcause, zero
core   0: 3 0x0000000080006062 (0x34202773) x14 0x0000000000000002
core   0: 0x0000000080006066 (0x142026f3) csrrs   a3, scause, zero
core   0: 3 0x0000000080006066 (0x142026f3) x13 0x0000000000000000
core   0: 0x000000008000606a (0x30402673) csrrs   a2, mie, zero
core   0: 3 0x000000008000606a (0x30402673) x12 0x0000000000000a00
core   0: 0x000000008000606e (0x344025f3) csrrs   a1, mip, zero
core   0: 3 0x000000008000606e (0x344025f3) x11 0x0000000000000080
core   0: 0x0000000080006072 (0x343025f3) csrrs   a1, mtval, zero
core   0: 3 0x0000000080006072 (0x343025f3) x11 0x00000000c0405473
core   0: 0x0000000080006076 (0x14302573) csrrs   a0, stval, zero
core   0: 3 0x0000000080006076 (0x14302573) x10 0x0000000000000000
core   0: 0x000000008000607a (0xb02024f3) csrrs   s1, minstret, zero
core   0: 3 0x000000008000607a (0xb02024f3) x9  0x00000000000010c5
core   0: 0x000000008000607e (0x0000a811) c.j     pc + 20
core   0: 3 0x000000008000607e (0xa811)
core   0: >>>>  mepc_4
core   0: 0x0000000080006092 (0x00000791) c.addi  a5, 4
core   0: 3 0x0000000080006092 (0x0791) x15 0x0000000080005bb4
core   0: 0x0000000080006094 (0x34179073) csrrw   zero, mepc, a5
core   0: 3 0x0000000080006094 (0x34179073) c833_mepc 0x0000000080005bb4
core   0: 0x0000000080006098 (0x30200073) mret
core   0: 3 0x0000000080006098 (0x30200073) c768_mstatus 0x8000000a00106080
core   0: 0x0000000080005bb4 (0x00000001) c.nop
core   0: 1 0x0000000080005bb4 (0x0001)
core   0: 0x0000000080005bb6 (0x008191bb) sllw    gp, gp, s0
core   0: 1 0x0000000080005bb6 (0x008191bb) x3  0xffffffffc0000000
core   0: 0x0000000080005bba (0x3209f993) andi    s3, s3, 800
core   0: 1 0x0000000080005bba (0x3209f993) x19 0x0000000000000000
core   0: 0x0000000080005bbe (0x000ae3b3) or      t2, s5, zero
core   0: 1 0x0000000080005bbe (0x000ae3b3) x7  0x0000000010000c0b
core   0: 0x0000000080005bc2 (0xc024fe53) fcvt.l.s t3, fs1
core   0: 1 0x0000000080005bc2 (0xc024fe53) x28 0xffffffffc82060c0
core   0: 0x0000000080005bc6 (0x401bdb13) srai    s6, s7, 1
core   0: 1 0x0000000080005bc6 (0x401bdb13) x22 0xffffffffe410306e
core   0: 0x0000000080005bca (0x416a8833) sub     a6, s5, s6
core   0: 1 0x0000000080005bca (0x416a8833) x16 0x000000002befdb9d
core   0: 0x0000000080005bce (0x0b017753) fsub.d  fa4, ft2, fa6
core   0: 1 0x0000000080005bce (0x0b017753) f14 0xc093c40000000000
core   0: 0x0000000080005bd2 (0x03f99593) slli    a1, s3, 63
core   0: 1 0x0000000080005bd2 (0x03f99593) x11 0x0000000000000000
core   0: 0x0000000080005bd6 (0x00f299bb) sllw    s3, t0, a5
core   0: 1 0x0000000080005bd6 (0x00f299bb) x19 0xfffffffffff00000
core   0: 0x0000000080005bda (0x00970eb3) add     t4, a4, s1
core   0: 1 0x0000000080005bda (0x00970eb3) x29 0x00000000000010c7
core   0: 0x0000000080005bde (0x0ff0000f) fence   iorw,iorw
core   0: 1 0x0000000080005bde (0x0ff0000f)
core   0: 0x0000000080005be2 (0x00001d13) slli    s10, zero, 0
core   0: 1 0x0000000080005be2 (0x00001d13) x26 0x0000000000000000
core   0: 0x0000000080005be6 (0xe20809d3) fmv.x.d s3, fa6
core   0: 1 0x0000000080005be6 (0xe20809d3) x19 0x4094040000000000
core   0: 0x0000000080005bea (0xf2018dd3) fmv.d.x fs11, gp
core   0: 1 0x0000000080005bea (0xf2018dd3) f27 0xffffffffc0000000
core   0: 0x0000000080005bee (0x80000113) li      sp, -2048
core   0: 1 0x0000000080005bee (0x80000113) x2  0xfffffffffffff800
core   0: 0x0000000080005bf2 (0x013d4b33) xor     s6, s10, s3
core   0: 1 0x0000000080005bf2 (0x013d4b33) x22 0x4094040000000000
core   0: 0x0000000080005bf6 (0x12edf1d3) fmul.d  ft3, fs11, fa4
core   0: 1 0x0000000080005bf6 (0x12edf1d3) f3  0x7ff8000000000000
core   0: 0x0000000080005bfa (0xc031fcd3) fcvt.lu.s s9, ft3
core   0: 1 0x0000000080005bfa (0xc031fcd3) c1_fflags 0x000000000000001f x25 0xffffffffffffffff
core   0: 0x0000000080005bfe (0x41875a93) srai    s5, a4, 24
core   0: 1 0x0000000080005bfe (0x41875a93) x21 0x0000000000000000
core   0: 0x0000000080005c02 (0x7b0354f3) csrrwi  s1, dcsr, 6
core   0: exception trap_illegal_instruction, epc 0x0000000080005c02
core   0:           tval 0x000000007b0354f3
core   0: >>>>  $xrv64i2p1_m2p0_a2p1_f2p2_d2p2_zicsr2p0_zifencei2p0_zmmul1p0_zba1p0_zbb1p0_zbc1p0_zbs1p0
core   0: 0x0000000080004000 (0x0080006f) j       pc + 0x8
core   0: 3 0x0000000080004000 (0x0080006f)
core   0: >>>>  mmode_exception_handler
core   0: 0x0000000080004008 (0x00002c17) auipc   s8, 0x2
core   0: 3 0x0000000080004008 (0x00002c17) x24 0x0000000080006008
core   0: 0x000000008000400c (0x056c0c13) addi    s8, s8, 86
core   0: 3 0x000000008000400c (0x056c0c13) x24 0x000000008000605e
core   0: 0x0000000080004010 (0x000c00e7) jalr    s8
core   0: 3 0x0000000080004010 (0x000c00e7) x1  0x0000000080004014
core   0: >>>>  any_handler
core   0: 0x000000008000605e (0x341027f3) csrrs   a5, mepc, zero
core   0: 3 0x000000008000605e (0x341027f3) x15 0x0000000080005c02
core   0: 0x0000000080006062 (0x34202773) csrrs   a4, mcause, zero
core   0: 3 0x0000000080006062 (0x34202773) x14 0x0000000000000002
core   0: 0x0000000080006066 (0x142026f3) csrrs   a3, scause, zero
core   0: 3 0x0000000080006066 (0x142026f3) x13 0x0000000000000000
core   0: 0x000000008000606a (0x30402673) csrrs   a2, mie, zero
core   0: 3 0x000000008000606a (0x30402673) x12 0x0000000000000a00
core   0: 0x000000008000606e (0x344025f3) csrrs   a1, mip, zero
core   0: 3 0x000000008000606e (0x344025f3) x11 0x0000000000000080
core   0: 0x0000000080006072 (0x343025f3) csrrs   a1, mtval, zero
core   0: 3 0x0000000080006072 (0x343025f3) x11 0x000000007b0354f3
core   0: 0x0000000080006076 (0x14302573) csrrs   a0, stval, zero
core   0: 3 0x0000000080006076 (0x14302573) x10 0x0000000000000000
core   0: 0x000000008000607a (0xb02024f3) csrrs   s1, minstret, zero
core   0: 3 0x000000008000607a (0xb02024f3) x9  0x00000000000010e9
core   0: 0x000000008000607e (0x0000a811) c.j     pc + 20
core   0: 3 0x000000008000607e (0xa811)
core   0: >>>>  mepc_4
core   0: 0x0000000080006092 (0x00000791) c.addi  a5, 4
core   0: 3 0x0000000080006092 (0x0791) x15 0x0000000080005c06
core   0: 0x0000000080006094 (0x34179073) csrrw   zero, mepc, a5
core   0: 3 0x0000000080006094 (0x34179073) c833_mepc 0x0000000080005c06
core   0: 0x0000000080006098 (0x30200073) mret
core   0: 3 0x0000000080006098 (0x30200073) c768_mstatus 0x8000000a00106080
core   0: 0x0000000080005c06 (0x405a8c3b) subw    s8, s5, t0
core   0: 1 0x0000000080005c06 (0x405a8c3b) x24 0x0000000000000001
core   0: 0x0000000080005c0a (0x229c8bd3) fsgnj.d fs7, fs9, fs1
core   0: 1 0x0000000080005c0a (0x229c8bd3) f23 0xfff8000000000000
core   0: 0x0000000080005c0e (0xa29e0c53) fle.d   s8, ft8, fs1
core   0: 1 0x0000000080005c0e (0xa29e0c53) c1_fflags 0x000000000000001f x24 0x0000000000000000
core   0: 0x0000000080005c12 (0x40005a13) srai    s4, zero, 0
core   0: 1 0x0000000080005c12 (0x40005a13) x20 0x0000000000000000
core   0: 0x0000000080005c16 (0x00202273) csrrs   tp, frm, zero
core   0: 1 0x0000000080005c16 (0x00202273) x4  0x0000000000000004
core   0: 0x0000000080005c1a (0xfad2f9c7) fmsub.d fs3, ft5, fa3, ft11
core   0: 1 0x0000000080005c1a (0xfad2f9c7) f19 0x0000000000000000
core   0: 0x0000000080005c1e (0x237d9dd3) fsgnjn.d fs11, fs11, fs7
core   0: 1 0x0000000080005c1e (0x237d9dd3) f27 0x7fffffffc0000000
core   0: 0x0000000080005c22 (0x5a0cfb53) fsqrt.d fs6, fs9
core   0: 1 0x0000000080005c22 (0x5a0cfb53) f22 0x7ff8000000000000
core   0: 0x0000000080005c26 (0xc22a7453) fcvt.l.d s0, fs4
core   0: 1 0x0000000080005c26 (0xc22a7453) x8  0x0000000000000010
core   0: 0x0000000080005c2a (0x77017293) andi    t0, sp, 1904
core   0: 1 0x0000000080005c2a (0x77017293) x5  0x0000000000000000
core   0: 0x0000000080005c2e (0xf81045b7) lui     a1, 0xf8104
core   0: 1 0x0000000080005c2e (0xf81045b7) x11 0xfffffffff8104000
core   0: 0x0000000080005c32 (0xabf5859b) addiw   a1, a1, -1345
core   0: 1 0x0000000080005c32 (0xabf5859b) x11 0xfffffffff8103abf
core   0: 0x0000000080005c36 (0x000005b2) c.slli  a1, 12
core   0: 1 0x0000000080005c36 (0x05b2) x11 0xffffff8103abf000
core   0: 0x0000000080005c38 (0xe1d58593) addi    a1, a1, -483
core   0: 1 0x0000000080005c38 (0xe1d58593) x11 0xffffff8103abee1d
core   0: 0x0000000080005c3c (0x80936393) ori     t2, t1, -2039
core   0: 1 0x0000000080005c3c (0x80936393) x7  0xfffffffffffff809
core   0: 0x0000000080005c40 (0x00000001) c.nop
core   0: 1 0x0000000080005c40 (0x0001)
core   0: 0x0000000080005c42 (0x5a0d72d3) fsqrt.d ft5, fs10
core   0: 1 0x0000000080005c42 (0x5a0d72d3) c1_fflags 0x000000000000001f f5  0x1f50c96f51c94edc
core   0: 0x0000000080005c46 (0x00c8ecb7) lui     s9, 0xc8e
core   0: 1 0x0000000080005c46 (0x00c8ecb7) x25 0x0000000000c8e000
core   0: 0x0000000080005c4a (0x351c8c9b) addiw   s9, s9, 849
core   0: 1 0x0000000080005c4a (0x351c8c9b) x25 0x0000000000c8e351
core   0: 0x0000000080005c4e (0x00000cbe) c.slli  s9, 15
core   0: 1 0x0000000080005c4e (0x0cbe) x25 0x0000006471a88000
core   0: 0x0000000080005c50 (0x26ec8c93) addi    s9, s9, 622
core   0: 1 0x0000000080005c50 (0x26ec8c93) x25 0x0000006471a8826e
core   0: 0x0000000080005c54 (0x02627333) remu    t1, tp, t1
core   0: 1 0x0000000080005c54 (0x02627333) x6  0x0000000000000004
core   0: 0x0000000080005c58 (0xc02dfed3) fcvt.l.s t4, fs11
core   0: 1 0x0000000080005c58 (0xc02dfed3) c1_fflags 0x000000000000001f x29 0x7fffffffffffffff
core   0: 0x0000000080005c5c (0xc010f0f3) csrrci  ra, time, 1
core   0: exception trap_illegal_instruction, epc 0x0000000080005c5c
core   0:           tval 0x00000000c010f0f3
core   0: >>>>  $xrv64i2p1_m2p0_a2p1_f2p2_d2p2_zicsr2p0_zifencei2p0_zmmul1p0_zba1p0_zbb1p0_zbc1p0_zbs1p0
core   0: 0x0000000080004000 (0x0080006f) j       pc + 0x8
core   0: 3 0x0000000080004000 (0x0080006f)
core   0: >>>>  mmode_exception_handler
core   0: 0x0000000080004008 (0x00002c17) auipc   s8, 0x2
core   0: 3 0x0000000080004008 (0x00002c17) x24 0x0000000080006008
core   0: 0x000000008000400c (0x056c0c13) addi    s8, s8, 86
core   0: 3 0x000000008000400c (0x056c0c13) x24 0x000000008000605e
core   0: 0x0000000080004010 (0x000c00e7) jalr    s8
core   0: 3 0x0000000080004010 (0x000c00e7) x1  0x0000000080004014
core   0: >>>>  any_handler
core   0: 0x000000008000605e (0x341027f3) csrrs   a5, mepc, zero
core   0: 3 0x000000008000605e (0x341027f3) x15 0x0000000080005c5c
core   0: 0x0000000080006062 (0x34202773) csrrs   a4, mcause, zero
core   0: 3 0x0000000080006062 (0x34202773) x14 0x0000000000000002
core   0: 0x0000000080006066 (0x142026f3) csrrs   a3, scause, zero
core   0: 3 0x0000000080006066 (0x142026f3) x13 0x0000000000000000
core   0: 0x000000008000606a (0x30402673) csrrs   a2, mie, zero
core   0: 3 0x000000008000606a (0x30402673) x12 0x0000000000000a00
core   0: 0x000000008000606e (0x344025f3) csrrs   a1, mip, zero
core   0: 3 0x000000008000606e (0x344025f3) x11 0x0000000000000080
core   0: 0x0000000080006072 (0x343025f3) csrrs   a1, mtval, zero
core   0: 3 0x0000000080006072 (0x343025f3) x11 0x00000000c010f0f3
core   0: 0x0000000080006076 (0x14302573) csrrs   a0, stval, zero
core   0: 3 0x0000000080006076 (0x14302573) x10 0x0000000000000000
core   0: 0x000000008000607a (0xb02024f3) csrrs   s1, minstret, zero
core   0: 3 0x000000008000607a (0xb02024f3) x9  0x0000000000001110
core   0: 0x000000008000607e (0x0000a811) c.j     pc + 20
core   0: 3 0x000000008000607e (0xa811)
core   0: >>>>  mepc_4
core   0: 0x0000000080006092 (0x00000791) c.addi  a5, 4
core   0: 3 0x0000000080006092 (0x0791) x15 0x0000000080005c60
core   0: 0x0000000080006094 (0x34179073) csrrw   zero, mepc, a5
core   0: 3 0x0000000080006094 (0x34179073) c833_mepc 0x0000000080005c60
core   0: 0x0000000080006098 (0x30200073) mret
core   0: 3 0x0000000080006098 (0x30200073) c768_mstatus 0x8000000a00106080
core   0: 0x0000000080005c60 (0x00c6c2b3) xor     t0, a3, a2
core   0: 1 0x0000000080005c60 (0x00c6c2b3) x5  0x0000000000000a00
core   0: 0x0000000080005c64 (0x40aadcbb) sraw    s9, s5, a0
core   0: 1 0x0000000080005c64 (0x40aadcbb) x25 0x0000000000000000
core   0: 0x0000000080005c68 (0x2b5b1f53) fmax.d  ft10, fs6, fs5
core   0: 1 0x0000000080005c68 (0x2b5b1f53) f30 0xc094040000000000
core   0: 0x0000000080005c6c (0xf0f15097) auipc   ra, 0xf0f15
core   0: 1 0x0000000080005c6c (0xf0f15097) x1  0x0000000070f1ac6c
core   0: 0x0000000080005c70 (0x5165c993) xori    s3, a1, 1302
core   0: 1 0x0000000080005c70 (0x5165c993) x19 0x00000000c010f5e5
core   0: 0x0000000080005c74 (0x019bd013) srli    zero, s7, 25
core   0: 1 0x0000000080005c74 (0x019bd013)
core   0: 0x0000000080005c78 (0x41ad52b3) sra     t0, s10, s10
core   0: 1 0x0000000080005c78 (0x41ad52b3) x5  0x0000000000000000
core   0: 0x0000000080005c7c (0x003d6ab3) or      s5, s10, gp
core   0: 1 0x0000000080005c7c (0x003d6ab3) x21 0xffffffffc0000000
core   0: 0x0000000080005c80 (0x0e9af093) andi    ra, s5, 233
core   0: 1 0x0000000080005c80 (0x0e9af093) x1  0x0000000000000000
core   0: 0x0000000080005c84 (0x91aa8613) addi    a2, s5, -1766
core   0: 1 0x0000000080005c84 (0x91aa8613) x12 0xffffffffbffff91a
core   0: 0x0000000080005c88 (0x5a047a53) fsqrt.d fs4, fs0
core   0: 1 0x0000000080005c88 (0x5a047a53) f20 0x0000000000000000
core   0: 0x0000000080005c8c (0x00d301bb) addw    gp, t1, a3
core   0: 1 0x0000000080005c8c (0x00d301bb) x3  0x0000000000000004
core   0: 0x0000000080005c90 (0x40d185bb) subw    a1, gp, a3
core   0: 1 0x0000000080005c90 (0x40d185bb) x11 0x0000000000000004
core   0: 0x0000000080005c94 (0x01240233) add     tp, s0, s2
core   0: 1 0x0000000080005c94 (0x01240233) x4  0x0000000000000014
core   0: 0x0000000080005c98 (0xd2347b53) fcvt.d.lu fs6, s0
core   0: 1 0x0000000080005c98 (0xd2347b53) f22 0x4030000000000000
core   0: 0x0000000080005c9c (0x00874a33) xor     s4, a4, s0
core   0: 1 0x0000000080005c9c (0x00874a33) x20 0x0000000000000012
core   0: 0x0000000080005ca0 (0x14203c73) csrrc   s8, scause, zero
core   0: 1 0x0000000080005ca0 (0x14203c73) x24 0x0000000000000000
core   0: 0x0000000080005ca4 (0x41448b3b) subw    s6, s1, s4
core   0: 1 0x0000000080005ca4 (0x41448b3b) x22 0x00000000000010fe
core   0: 0x0000000080005ca8 (0x74715873) csrrwi  a6, mseccfg, 2
core   0: exception trap_illegal_instruction, epc 0x0000000080005ca8
core   0:           tval 0x0000000074715873
core   0: >>>>  $xrv64i2p1_m2p0_a2p1_f2p2_d2p2_zicsr2p0_zifencei2p0_zmmul1p0_zba1p0_zbb1p0_zbc1p0_zbs1p0
core   0: 0x0000000080004000 (0x0080006f) j       pc + 0x8
core   0: 3 0x0000000080004000 (0x0080006f)
core   0: >>>>  mmode_exception_handler
core   0: 0x0000000080004008 (0x00002c17) auipc   s8, 0x2
core   0: 3 0x0000000080004008 (0x00002c17) x24 0x0000000080006008
core   0: 0x000000008000400c (0x056c0c13) addi    s8, s8, 86
core   0: 3 0x000000008000400c (0x056c0c13) x24 0x000000008000605e
core   0: 0x0000000080004010 (0x000c00e7) jalr    s8
core   0: 3 0x0000000080004010 (0x000c00e7) x1  0x0000000080004014
core   0: >>>>  any_handler
core   0: 0x000000008000605e (0x341027f3) csrrs   a5, mepc, zero
core   0: 3 0x000000008000605e (0x341027f3) x15 0x0000000080005ca8
core   0: 0x0000000080006062 (0x34202773) csrrs   a4, mcause, zero
core   0: 3 0x0000000080006062 (0x34202773) x14 0x0000000000000002
core   0: 0x0000000080006066 (0x142026f3) csrrs   a3, scause, zero
core   0: 3 0x0000000080006066 (0x142026f3) x13 0x0000000000000000
core   0: 0x000000008000606a (0x30402673) csrrs   a2, mie, zero
core   0: 3 0x000000008000606a (0x30402673) x12 0x0000000000000a00
core   0: 0x000000008000606e (0x344025f3) csrrs   a1, mip, zero
core   0: 3 0x000000008000606e (0x344025f3) x11 0x0000000000000080
core   0: 0x0000000080006072 (0x343025f3) csrrs   a1, mtval, zero
core   0: 3 0x0000000080006072 (0x343025f3) x11 0x0000000074715873
core   0: 0x0000000080006076 (0x14302573) csrrs   a0, stval, zero
core   0: 3 0x0000000080006076 (0x14302573) x10 0x0000000000000000
core   0: 0x000000008000607a (0xb02024f3) csrrs   s1, minstret, zero
core   0: 3 0x000000008000607a (0xb02024f3) x9  0x0000000000001132
core   0: 0x000000008000607e (0x0000a811) c.j     pc + 20
core   0: 3 0x000000008000607e (0xa811)
core   0: >>>>  mepc_4
core   0: 0x0000000080006092 (0x00000791) c.addi  a5, 4
core   0: 3 0x0000000080006092 (0x0791) x15 0x0000000080005cac
core   0: 0x0000000080006094 (0x34179073) csrrw   zero, mepc, a5
core   0: 3 0x0000000080006094 (0x34179073) c833_mepc 0x0000000080005cac
core   0: 0x0000000080006098 (0x30200073) mret
core   0: 3 0x0000000080006098 (0x30200073) c768_mstatus 0x8000000a00106080
core   0: 0x0000000080005cac (0x0a197953) fsub.d  fs2, fs2, ft1
core   0: 1 0x0000000080005cac (0x0a197953) f18 0x7ff8000000000000
core   0: 0x0000000080005cb0 (0x40cc0dbb) subw    s11, s8, a2
core   0: 1 0x0000000080005cb0 (0x40cc0dbb) x27 0xffffffff8000565e
core   0: 0x0000000080005cb4 (0xa0238e9b) addiw   t4, t2, -1534
core   0: 1 0x0000000080005cb4 (0xa0238e9b) x29 0xfffffffffffff20b
core   0: 0x0000000080005cb8 (0x4015d793) srai    a5, a1, 1
core   0: 1 0x0000000080005cb8 (0x4015d793) x15 0x000000003a38ac39
core   0: 0x0000000080005cbc (0x163866b7) lui     a3, 0x16386
core   0: 1 0x0000000080005cbc (0x163866b7) x13 0x0000000016386000
core   0: 0x0000000080005cc0 (0x420189d3) fcvt.d.s fs3, ft3
core   0: 1 0x0000000080005cc0 (0x420189d3) f19 0x7ff8000000000000
core   0: 0x0000000080005cc4 (0x00b885bb) addw    a1, a7, a1
core   0: 1 0x0000000080005cc4 (0x00b885bb) x11 0x0000000074715074
core   0: 0x0000000080005cc8 (0x0019d61b) srliw   a2, s3, 1
core   0: 1 0x0000000080005cc8 (0x0019d61b) x12 0x0000000060087af2
core   0: 0x0000000080005ccc (0x01778bbb) addw    s7, a5, s7
core   0: 1 0x0000000080005ccc (0x01778bbb) x23 0x0000000002590d15
core   0: 0x0000000080005cd0 (0x01a388bb) addw    a7, t2, s10
core   0: 1 0x0000000080005cd0 (0x01a388bb) x17 0xfffffffffffff809
core   0: 0x0000000080005cd4 (0xd02d7753) fcvt.s.l fa4, s10
core   0: 1 0x0000000080005cd4 (0xd02d7753) f14 0xffffffff00000000
core   0: 0x0000000080005cd8 (0x0f104013) xori    zero, zero, 241
core   0: 1 0x0000000080005cd8 (0x0f104013)
core   0: 0x0000000080005cdc (0x00164a93) xori    s5, a2, 1
core   0: 1 0x0000000080005cdc (0x00164a93) x21 0x0000000060087af3
core   0: 0x0000000080005ce0 (0xa2e081d3) fle.d   gp, ft1, fa4
core   0: 1 0x0000000080005ce0 (0xa2e081d3) c1_fflags 0x000000000000001f x3  0x0000000000000000
core   0: 0x0000000080005ce4 (0x0222f2b3) remu    t0, t0, sp
core   0: 1 0x0000000080005ce4 (0x0222f2b3) x5  0x0000000000000000
core   0: 0x0000000080005ce8 (0xd2237653) fcvt.d.l fa2, t1
core   0: 1 0x0000000080005ce8 (0xd2237653) f12 0x4010000000000000
core   0: 0x0000000080005cec (0x224191d3) fsgnjn.d ft3, ft3, ft4
core   0: 1 0x0000000080005cec (0x224191d3) f3  0xfff8000000000000
core   0: 0x0000000080005cf0 (0x4094d933) sra     s2, s1, s1
core   0: 1 0x0000000080005cf0 (0x4094d933) x18 0x0000000000000000
core   0: 0x0000000080005cf4 (0x02fc2733) mulhsu  a4, s8, a5
core   0: 1 0x0000000080005cf4 (0x02fc2733) x14 0x0000000000000000
core   0: 0x0000000080005cf8 (0x00000001) c.nop
core   0: 1 0x0000000080005cf8 (0x0001)
core   0: 0x0000000080005cfa (0x41f6d41b) sraiw   s0, a3, 31
core   0: 1 0x0000000080005cfa (0x41f6d41b) x8  0x0000000000000000
core   0: 0x0000000080005cfe (0x02f40eb3) mul     t4, s0, a5
core   0: 1 0x0000000080005cfe (0x02f40eb3) x29 0x0000000000000000
core   0: 0x0000000080005d02 (0xc031fb53) fcvt.lu.s s6, ft3
core   0: 1 0x0000000080005d02 (0xc031fb53) c1_fflags 0x000000000000001f x22 0xffffffffffffffff
core   0: 0x0000000080005d06 (0x41ad013b) subw    sp, s10, s10
core   0: 1 0x0000000080005d06 (0x41ad013b) x2  0x0000000000000000
core   0: 0x0000000080005d0a (0x12c3ff53) fmul.d  ft10, ft7, fa2
core   0: 1 0x0000000080005d0a (0x12c3ff53) f30 0xc1ebefcf8a000000
core   0: 0x0000000080005d0e (0xc03c7653) fcvt.lu.s a2, fs8
core   0: 1 0x0000000080005d0e (0xc03c7653) c1_fflags 0x000000000000001f x12 0xffffffffffffffff
core   0: 0x0000000080005d12 (0x03aee733) rem     a4, t4, s10
core   0: 1 0x0000000080005d12 (0x03aee733) x14 0x0000000000000000
core   0: 0x0000000080005d16 (0xd00e8c13) addi    s8, t4, -768
core   0: 1 0x0000000080005d16 (0xd00e8c13) x24 0xfffffffffffffd00
core   0: 0x0000000080005d1a (0x2bc388d3) fmin.d  fa7, ft7, ft8
core   0: 1 0x0000000080005d1a (0x2bc388d3) f17 0xc1cbefcf8a000000
core   0: 0x0000000080005d1e (0xef79f793) andi    a5, s3, -265
core   0: 1 0x0000000080005d1e (0xef79f793) x15 0x00000000c010f4e5
core   0: 0x0000000080005d22 (0x0244523b) divuw   tp, s0, tp
core   0: 1 0x0000000080005d22 (0x0244523b) x4  0x0000000000000000
core   0: 0x0000000080005d26 (0x43347843) fmadd.d fa6, fs0, fs3, fs0
core   0: 1 0x0000000080005d26 (0x43347843) f16 0x7ff8000000000000
core   0: 0x0000000080005d2a (0x004892bb) sllw    t0, a7, tp
core   0: 1 0x0000000080005d2a (0x004892bb) x5  0xfffffffffffff809
core   0: 0x0000000080005d2e (0x01671413) slli    s0, a4, 22
core   0: 1 0x0000000080005d2e (0x01671413) x8  0x0000000000000000
core   0: 0x0000000080005d32 (0x22502153) fsgnjx.d ft2, ft0, ft5
core   0: 1 0x0000000080005d32 (0x22502153) f2  0x4094040000000000
core   0: 0x0000000080005d36 (0x08277b13) andi    s6, a4, 130
core   0: 1 0x0000000080005d36 (0x08277b13) x22 0x0000000000000000
core   0: 0x0000000080005d3a (0xd23dfb47) fmsub.d fs6, fs11, ft3, fs10
core   0: 1 0x0000000080005d3a (0xd23dfb47) f22 0x7ff8000000000000
core   0: 0x0000000080005d3e (0x03429613) slli    a2, t0, 52
core   0: 1 0x0000000080005d3e (0x03429613) x12 0x8090000000000000
core   0: 0x0000000080005d42 (0x020b7653) fadd.d  fa2, fs6, ft0
core   0: 1 0x0000000080005d42 (0x020b7653) f12 0x7ff8000000000000
core   0: 0x0000000080005d46 (0xd269051b) addiw   a0, s2, -730
core   0: 1 0x0000000080005d46 (0xd269051b) x10 0xfffffffffffffd26
core   0: 0x0000000080005d4a (0x1ac5f5d3) fdiv.d  fa1, fa1, fa2
core   0: 1 0x0000000080005d4a (0x1ac5f5d3) f11 0x7ff8000000000000
core   0: 0x0000000080005d4e (0xc4cb021b) addiw   tp, s6, -948
core   0: 1 0x0000000080005d4e (0xc4cb021b) x4  0xfffffffffffffc4c
core   0: 0x0000000080005d52 (0xc214f153) fcvt.wu.d sp, fs1
core   0: 1 0x0000000080005d52 (0xc214f153) c1_fflags 0x000000000000001f x2  0xffffffffffffffff
core   0: 0x0000000080005d56 (0xe2060853) fmv.x.d a6, fa2
core   0: 1 0x0000000080005d56 (0xe2060853) x16 0x7ff8000000000000
core   0: 0x0000000080005d5a (0x01b272b3) and     t0, tp, s11
core   0: 1 0x0000000080005d5a (0x01b272b3) x5  0xffffffff8000544c
core   0: 0x0000000080005d5e (0x00429c13) slli    s8, t0, 4
core   0: 1 0x0000000080005d5e (0x00429c13) x24 0xfffffff8000544c0
core   0: 0x0000000080005d62 (0x03efffd3) fadd.d  ft11, ft11, ft10
core   0: 1 0x0000000080005d62 (0x03efffd3) f31 0xc1ebefcf8a000000
core   0: 0x0000000080005d66 (0x23259953) fsgnjn.d fs2, fa1, fs2
core   0: 1 0x0000000080005d66 (0x23259953) f18 0xfff8000000000000
core   0: 0x0000000080005d6a (0xc0545bf3) csrrwi  s7, hpmcounter5, 8
core   0: exception trap_illegal_instruction, epc 0x0000000080005d6a
core   0:           tval 0x00000000c0545bf3
core   0: >>>>  $xrv64i2p1_m2p0_a2p1_f2p2_d2p2_zicsr2p0_zifencei2p0_zmmul1p0_zba1p0_zbb1p0_zbc1p0_zbs1p0
core   0: 0x0000000080004000 (0x0080006f) j       pc + 0x8
core   0: 3 0x0000000080004000 (0x0080006f)
core   0: >>>>  mmode_exception_handler
core   0: 0x0000000080004008 (0x00002c17) auipc   s8, 0x2
core   0: 3 0x0000000080004008 (0x00002c17) x24 0x0000000080006008
core   0: 0x000000008000400c (0x056c0c13) addi    s8, s8, 86
core   0: 3 0x000000008000400c (0x056c0c13) x24 0x000000008000605e
core   0: 0x0000000080004010 (0x000c00e7) jalr    s8
core   0: 3 0x0000000080004010 (0x000c00e7) x1  0x0000000080004014
core   0: >>>>  any_handler
core   0: 0x000000008000605e (0x341027f3) csrrs   a5, mepc, zero
core   0: 3 0x000000008000605e (0x341027f3) x15 0x0000000080005d6a
core   0: 0x0000000080006062 (0x34202773) csrrs   a4, mcause, zero
core   0: 3 0x0000000080006062 (0x34202773) x14 0x0000000000000002
core   0: 0x0000000080006066 (0x142026f3) csrrs   a3, scause, zero
core   0: 3 0x0000000080006066 (0x142026f3) x13 0x0000000000000000
core   0: 0x000000008000606a (0x30402673) csrrs   a2, mie, zero
core   0: 3 0x000000008000606a (0x30402673) x12 0x0000000000000a00
core   0: 0x000000008000606e (0x344025f3) csrrs   a1, mip, zero
core   0: 3 0x000000008000606e (0x344025f3) x11 0x0000000000000080
core   0: 0x0000000080006072 (0x343025f3) csrrs   a1, mtval, zero
core   0: 3 0x0000000080006072 (0x343025f3) x11 0x00000000c0545bf3
core   0: 0x0000000080006076 (0x14302573) csrrs   a0, stval, zero
core   0: 3 0x0000000080006076 (0x14302573) x10 0x0000000000000000
core   0: 0x000000008000607a (0xb02024f3) csrrs   s1, minstret, zero
core   0: 3 0x000000008000607a (0xb02024f3) x9  0x0000000000001172
core   0: 0x000000008000607e (0x0000a811) c.j     pc + 20
core   0: 3 0x000000008000607e (0xa811)
core   0: >>>>  mepc_4
core   0: 0x0000000080006092 (0x00000791) c.addi  a5, 4
core   0: 3 0x0000000080006092 (0x0791) x15 0x0000000080005d6e
core   0: 0x0000000080006094 (0x34179073) csrrw   zero, mepc, a5
core   0: 3 0x0000000080006094 (0x34179073) c833_mepc 0x0000000080005d6e
core   0: 0x0000000080006098 (0x30200073) mret
core   0: 3 0x0000000080006098 (0x30200073) c768_mstatus 0x8000000a00106080
core   0: 0x0000000080005d6e (0x03834633) div     a2, t1, s8
core   0: 1 0x0000000080005d6e (0x03834633) x12 0x0000000000000000
core   0: 0x0000000080005d72 (0x2b700ed3) fmin.d  ft9, ft0, fs7
core   0: 1 0x0000000080005d72 (0x2b700ed3) f29 0x4094040000000000
core   0: 0x0000000080005d76 (0x2bd70ad3) fmin.d  fs5, fa4, ft9
core   0: 1 0x0000000080005d76 (0x2bd70ad3) f21 0x4094040000000000
core   0: 0x0000000080005d7a (0x00000001) c.nop
core   0: 1 0x0000000080005d7a (0x0001)
core   0: 0x0000000080005d7c (0x021650b3) divu    ra, a2, ra
core   0: 1 0x0000000080005d7c (0x021650b3) x1  0x0000000000000000
core   0: 0x0000000080005d80 (0xc028fcd3) fcvt.l.s s9, fa7
core   0: 1 0x0000000080005d80 (0xc028fcd3) c1_fflags 0x000000000000001f x25 0x7fffffffffffffff
core   0: 0x0000000080005d84 (0x401ef0d3) fcvt.s.d ft1, ft9
core   0: 1 0x0000000080005d84 (0x401ef0d3) f1  0xffffffff44a02000
core   0: 0x0000000080005d88 (0x1344f4d3) fmul.d  fs1, fs1, fs4
core   0: 1 0x0000000080005d88 (0x1344f4d3) f9  0x7ff8000000000000
core   0: 0x0000000080005d8c (0x039b8e33) mul     t3, s7, s9
core   0: 1 0x0000000080005d8c (0x039b8e33) x28 0x7ffffffffda6f2eb
core   0: 0x0000000080005d90 (0x02d37333) remu    t1, t1, a3
core   0: 1 0x0000000080005d90 (0x02d37333) x6  0x0000000000000004
core   0: 0x0000000080005d94 (0x00a319bb) sllw    s3, t1, a0
core   0: 1 0x0000000080005d94 (0x00a319bb) x19 0x0000000000000004
core   0: 0x0000000080005d98 (0x006df533) and     a0, s11, t1
core   0: 1 0x0000000080005d98 (0x006df533) x10 0x0000000000000004
core   0: 0x0000000080005d9c (0xfff5001b) addiw   zero, a0, -1
core   0: 1 0x0000000080005d9c (0xfff5001b)
core   0: 0x0000000080005da0 (0x42090fd3) fcvt.d.s ft11, fs2
core   0: 1 0x0000000080005da0 (0x42090fd3) f31 0x7ff8000000000000
core   0: 0x0000000080005da4 (0x03746a3b) remw    s4, s0, s7
core   0: 1 0x0000000080005da4 (0x03746a3b) x20 0x0000000000000000
core   0: 0x0000000080005da8 (0x02e9f333) remu    t1, s3, a4
core   0: 1 0x0000000080005da8 (0x02e9f333) x6  0x0000000000000000
core   0: 0x0000000080005dac (0xf20a02d3) fmv.d.x ft5, s4
core   0: 1 0x0000000080005dac (0xf20a02d3) f5  0x0000000000000000
core   0: 0x0000000080005db0 (0x02d686bb) mulw    a3, a3, a3
core   0: 1 0x0000000080005db0 (0x02d686bb) x13 0x0000000000000000
core   0: 0x0000000080005db4 (0x014372b3) and     t0, t1, s4
core   0: 1 0x0000000080005db4 (0x014372b3) x5  0x0000000000000000
core   0: 0x0000000080005db8 (0x00095433) srl     s0, s2, zero
core   0: 1 0x0000000080005db8 (0x00095433) x8  0x0000000000000000
core   0: 0x0000000080005dbc (0xc217fcd3) fcvt.wu.d s9, fa5
core   0: 1 0x0000000080005dbc (0xc217fcd3) c1_fflags 0x000000000000001f x25 0xffffffffffffffff
core   0: 0x0000000080005dc0 (0x0177993b) sllw    s2, a5, s7
core   0: 1 0x0000000080005dc0 (0x0177993b) x18 0xffffffffadc00000
core   0: 0x0000000080005dc4 (0x0082ae33) slt     t3, t0, s0
core   0: 1 0x0000000080005dc4 (0x0082ae33) x28 0x0000000000000000
core   0: 0x0000000080005dc8 (0x01c946b3) xor     a3, s2, t3
core   0: 1 0x0000000080005dc8 (0x01c946b3) x13 0xffffffffadc00000
core   0: 0x0000000080005dcc (0x40d58db3) sub     s11, a1, a3
core   0: 1 0x0000000080005dcc (0x40d58db3) x27 0x0000000112945bf3
core   0: 0x0000000080005dd0 (0xe20c0853) fmv.x.d a6, fs8
core   0: 1 0x0000000080005dd0 (0xe20c0853) x16 0x7ff8000000000000
core   0: 0x0000000080005dd4 (0xd2148953) fcvt.d.wu fs2, s1
core   0: 1 0x0000000080005dd4 (0xd2148953) f18 0x40b1720000000000
core   0: 0x0000000080005dd8 (0xd233f453) fcvt.d.lu fs0, t2
core   0: 1 0x0000000080005dd8 (0xd233f453) c1_fflags 0x000000000000001f f8  0x43efffffffffffff
core   0: 0x0000000080005ddc (0xa3e50a53) fle.d   s4, fa0, ft10
core   0: 1 0x0000000080005ddc (0xa3e50a53) c1_fflags 0x000000000000001f x20 0x0000000000000000
core   0: 0x0000000080005de0 (0x0019161b) slliw   a2, s2, 1
core   0: 1 0x0000000080005de0 (0x0019161b) x12 0x000000005b800000
core   0: 0x0000000080005de4 (0x00836433) or      s0, t1, s0
core   0: 1 0x0000000080005de4 (0x00836433) x8  0x0000000000000000
core   0: 0x0000000080005de8 (0xd20d0bd3) fcvt.d.w fs7, s10
core   0: 1 0x0000000080005de8 (0xd20d0bd3) f23 0x0000000000000000
core   0: 0x0000000080005dec (0x020d30b3) mulhu   ra, s10, zero
core   0: 1 0x0000000080005dec (0x020d30b3) x1  0x0000000000000000
core   0: 0x0000000080005df0 (0xd2307d53) fcvt.d.lu fs10, zero
core   0: 1 0x0000000080005df0 (0xd2307d53) f26 0x0000000000000000
core   0: 0x0000000080005df4 (0x8db7e2b7) lui     t0, 0x8db7e
core   0: 1 0x0000000080005df4 (0x8db7e2b7) x5  0xffffffff8db7e000
core   0: 0x0000000080005df8 (0xfe17eeb7) lui     t4, 0xfe17e
core   0: 1 0x0000000080005df8 (0xfe17eeb7) x29 0xfffffffffe17e000
core   0: 0x0000000080005dfc (0x297e8e9b) addiw   t4, t4, 663
core   0: 1 0x0000000080005dfc (0x297e8e9b) x29 0xfffffffffe17e297
core   0: 0x0000000080005e00 (0x00000eba) c.slli  t4, 14
core   0: 1 0x0000000080005e00 (0x0eba) x29 0xffffff85f8a5c000
core   0: 0x0000000080005e02 (0x3f8e8e93) addi    t4, t4, 1016
core   0: 1 0x0000000080005e02 (0x3f8e8e93) x29 0xffffff85f8a5c3f8
core   0: 0x0000000080005e06 (0x1061a073) csrrs   zero, scounteren, gp
core   0: 1 0x0000000080005e06 (0x1061a073) c262_scounteren 0x0000000000000000
core   0: 0x0000000080005e0a (0xa3a58053) fle.d   zero, fa1, fs10
core   0: 1 0x0000000080005e0a (0xa3a58053) c1_fflags 0x000000000000001f
core   0: 0x0000000080005e0e (0x043729b7) lui     s3, 0x4372
core   0: 1 0x0000000080005e0e (0x043729b7) x19 0x0000000004372000
core   0: 0x0000000080005e12 (0x5326f6cb) fnmsub.d fa3, fa3, fs2, fa0
core   0: 1 0x0000000080005e12 (0x5326f6cb) f13 0x7ff8000000000000
core   0: 0x0000000080005e16 (0x4049d59b) sraiw   a1, s3, 4
core   0: 1 0x0000000080005e16 (0x4049d59b) x11 0x0000000000437200
core   0: 0x0000000080005e1a (0xa2e38253) fle.d   tp, ft7, fa4
core   0: 1 0x0000000080005e1a (0xa2e38253) c1_fflags 0x000000000000001f x4  0x0000000000000000
core   0: 0x0000000080005e1e (0xca327793) andi    a5, tp, -861
core   0: 1 0x0000000080005e1e (0xca327793) x15 0x0000000000000000
core   0: 0x0000000080005e22 (0x42e95593) srai    a1, s2, 46
core   0: 1 0x0000000080005e22 (0x42e95593) x11 0xffffffffffffffff
core   0: 0x0000000080005e26 (0x0ff0000f) fence   iorw,iorw
core   0: 1 0x0000000080005e26 (0x0ff0000f)
core   0: 0x0000000080005e2a (0xc20ef3d3) fcvt.w.d t2, ft9
core   0: 1 0x0000000080005e2a (0xc20ef3d3) x7  0x0000000000000501
core   0: 0x0000000080005e2e (0x1ba57e53) fdiv.d  ft8, fa0, fs10
core   0: 1 0x0000000080005e2e (0x1ba57e53) f28 0x7ff8000000000000
core   0: 0x0000000080005e32 (0x4019f353) fcvt.s.d ft6, fs3
core   0: 1 0x0000000080005e32 (0x4019f353) f6  0xffffffff7fc00000
core   0: 0x0000000080005e36 (0x419e8233) sub     tp, t4, s9
core   0: 1 0x0000000080005e36 (0x419e8233) x4  0xffffff85f8a5c3f9
core   0: 0x0000000080005e3a (0xd0347853) fcvt.s.lu fa6, s0
core   0: 1 0x0000000080005e3a (0xd0347853) f16 0xffffffff00000000
core   0: 0x0000000080005e3e (0x4002569b) sraiw   a3, tp, 0
core   0: 1 0x0000000080005e3e (0x4002569b) x13 0xfffffffff8a5c3f9
core   0: 0x0000000080005e42 (0xd03a78d3) fcvt.s.lu fa7, s4
core   0: 1 0x0000000080005e42 (0xd03a78d3) f17 0xffffffff00000000
core   0: 0x0000000080005e46 (0xfffd089b) addiw   a7, s10, -1
core   0: 1 0x0000000080005e46 (0xfffd089b) x17 0xffffffffffffffff
core   0: 0x0000000080005e4a (0xe20787d3) fmv.x.d a5, fa5
core   0: 1 0x0000000080005e4a (0xe20787d3) x15 0x7ff8000000000000
core   0: 0x0000000080005e4e (0x001a5e1b) srliw   t3, s4, 1
core   0: 1 0x0000000080005e4e (0x001a5e1b) x28 0x0000000000000000
core   0: 0x0000000080005e52 (0x002b9c73) csrrw   s8, frm, s7
core   0: 1 0x0000000080005e52 (0x002b9c73) x24 0x0000000000000004 c2_frm 0x0000000000000005
core   0: 0x0000000080005e56 (0x0183a0b3) slt     ra, t2, s8
core   0: 1 0x0000000080005e56 (0x0183a0b3) x1  0x0000000000000000
core   0: 0x0000000080005e5a (0x4067d33b) sraw    t1, a5, t1
core   0: 1 0x0000000080005e5a (0x4067d33b) x6  0x0000000000000000
core   0: 0x0000000080005e5e (0x01a3ae33) slt     t3, t2, s10
core   0: 1 0x0000000080005e5e (0x01a3ae33) x28 0x0000000000000000
core   0: 0x0000000080005e62 (0xc23876d3) fcvt.lu.d a3, fa6
core   0: exception trap_illegal_instruction, epc 0x0000000080005e62
core   0:           tval 0x00000000c23876d3
core   0: >>>>  $xrv64i2p1_m2p0_a2p1_f2p2_d2p2_zicsr2p0_zifencei2p0_zmmul1p0_zba1p0_zbb1p0_zbc1p0_zbs1p0
core   0: 0x0000000080004000 (0x0080006f) j       pc + 0x8
core   0: 3 0x0000000080004000 (0x0080006f)
core   0: >>>>  mmode_exception_handler
core   0: 0x0000000080004008 (0x00002c17) auipc   s8, 0x2
core   0: 3 0x0000000080004008 (0x00002c17) x24 0x0000000080006008
core   0: 0x000000008000400c (0x056c0c13) addi    s8, s8, 86
core   0: 3 0x000000008000400c (0x056c0c13) x24 0x000000008000605e
core   0: 0x0000000080004010 (0x000c00e7) jalr    s8
core   0: 3 0x0000000080004010 (0x000c00e7) x1  0x0000000080004014
core   0: >>>>  any_handler
core   0: 0x000000008000605e (0x341027f3) csrrs   a5, mepc, zero
core   0: 3 0x000000008000605e (0x341027f3) x15 0x0000000080005e62
core   0: 0x0000000080006062 (0x34202773) csrrs   a4, mcause, zero
core   0: 3 0x0000000080006062 (0x34202773) x14 0x0000000000000002
core   0: 0x0000000080006066 (0x142026f3) csrrs   a3, scause, zero
core   0: 3 0x0000000080006066 (0x142026f3) x13 0x0000000000000000
core   0: 0x000000008000606a (0x30402673) csrrs   a2, mie, zero
core   0: 3 0x000000008000606a (0x30402673) x12 0x0000000000000a00
core   0: 0x000000008000606e (0x344025f3) csrrs   a1, mip, zero
core   0: 3 0x000000008000606e (0x344025f3) x11 0x0000000000000080
core   0: 0x0000000080006072 (0x343025f3) csrrs   a1, mtval, zero
core   0: 3 0x0000000080006072 (0x343025f3) x11 0x00000000c23876d3
core   0: 0x0000000080006076 (0x14302573) csrrs   a0, stval, zero
core   0: 3 0x0000000080006076 (0x14302573) x10 0x0000000000000000
core   0: 0x000000008000607a (0xb02024f3) csrrs   s1, minstret, zero
core   0: 3 0x000000008000607a (0xb02024f3) x9  0x00000000000011c0
core   0: 0x000000008000607e (0x0000a811) c.j     pc + 20
core   0: 3 0x000000008000607e (0xa811)
core   0: >>>>  mepc_4
core   0: 0x0000000080006092 (0x00000791) c.addi  a5, 4
core   0: 3 0x0000000080006092 (0x0791) x15 0x0000000080005e66
core   0: 0x0000000080006094 (0x34179073) csrrw   zero, mepc, a5
core   0: 3 0x0000000080006094 (0x34179073) c833_mepc 0x0000000080005e66
core   0: 0x0000000080006098 (0x30200073) mret
core   0: 3 0x0000000080006098 (0x30200073) c768_mstatus 0x8000000a00106080
core   0: 0x0000000080005e66 (0x23142353) fsgnjx.d ft6, fs0, fa7
core   0: 1 0x0000000080005e66 (0x23142353) f6  0xc3efffffffffffff
core   0: 0x0000000080005e6a (0x03d3e7bb) remw    a5, t2, t4
core   0: 1 0x0000000080005e6a (0x03d3e7bb) x15 0x0000000000000501
core   0: 0x0000000080005e6e (0xd221fb53) fcvt.d.l fs6, gp
core   0: exception trap_illegal_instruction, epc 0x0000000080005e6e
core   0:           tval 0x00000000d221fb53
core   0: >>>>  $xrv64i2p1_m2p0_a2p1_f2p2_d2p2_zicsr2p0_zifencei2p0_zmmul1p0_zba1p0_zbb1p0_zbc1p0_zbs1p0
core   0: 0x0000000080004000 (0x0080006f) j       pc + 0x8
core   0: 3 0x0000000080004000 (0x0080006f)
core   0: >>>>  mmode_exception_handler
core   0: 0x0000000080004008 (0x00002c17) auipc   s8, 0x2
core   0: 3 0x0000000080004008 (0x00002c17) x24 0x0000000080006008
core   0: 0x000000008000400c (0x056c0c13) addi    s8, s8, 86
core   0: 3 0x000000008000400c (0x056c0c13) x24 0x000000008000605e
core   0: 0x0000000080004010 (0x000c00e7) jalr    s8
core   0: 3 0x0000000080004010 (0x000c00e7) x1  0x0000000080004014
core   0: >>>>  any_handler
core   0: 0x000000008000605e (0x341027f3) csrrs   a5, mepc, zero
core   0: 3 0x000000008000605e (0x341027f3) x15 0x0000000080005e6e
core   0: 0x0000000080006062 (0x34202773) csrrs   a4, mcause, zero
core   0: 3 0x0000000080006062 (0x34202773) x14 0x0000000000000002
core   0: 0x0000000080006066 (0x142026f3) csrrs   a3, scause, zero
core   0: 3 0x0000000080006066 (0x142026f3) x13 0x0000000000000000
core   0: 0x000000008000606a (0x30402673) csrrs   a2, mie, zero
core   0: 3 0x000000008000606a (0x30402673) x12 0x0000000000000a00
core   0: 0x000000008000606e (0x344025f3) csrrs   a1, mip, zero
core   0: 3 0x000000008000606e (0x344025f3) x11 0x0000000000000080
core   0: 0x0000000080006072 (0x343025f3) csrrs   a1, mtval, zero
core   0: 3 0x0000000080006072 (0x343025f3) x11 0x00000000d221fb53
core   0: 0x0000000080006076 (0x14302573) csrrs   a0, stval, zero
core   0: 3 0x0000000080006076 (0x14302573) x10 0x0000000000000000
core   0: 0x000000008000607a (0xb02024f3) csrrs   s1, minstret, zero
core   0: 3 0x000000008000607a (0xb02024f3) x9  0x00000000000011d2
core   0: 0x000000008000607e (0x0000a811) c.j     pc + 20
core   0: 3 0x000000008000607e (0xa811)
core   0: >>>>  mepc_4
core   0: 0x0000000080006092 (0x00000791) c.addi  a5, 4
core   0: 3 0x0000000080006092 (0x0791) x15 0x0000000080005e72
core   0: 0x0000000080006094 (0x34179073) csrrw   zero, mepc, a5
core   0: 3 0x0000000080006094 (0x34179073) c833_mepc 0x0000000080005e72
core   0: 0x0000000080006098 (0x30200073) mret
core   0: 3 0x0000000080006098 (0x30200073) c768_mstatus 0x8000000a00106080
core   0: 0x0000000080005e72 (0x03dde3bb) remw    t2, s11, t4
core   0: 1 0x0000000080005e72 (0x03dde3bb) x7  0x0000000003dfe3e3
core   0: 0x0000000080005e76 (0x5467d097) auipc   ra, 0x5467d
core   0: 1 0x0000000080005e76 (0x5467d097) x1  0x00000000d4682e76
core   0: 0x0000000080005e7a (0x22c62a53) fsgnjx.d fs4, fa2, fa2
core   0: 1 0x0000000080005e7a (0x22c62a53) f20 0x7ff8000000000000
core   0: 0x0000000080005e7e (0x002d9df3) csrrw   s11, frm, s11
core   0: 1 0x0000000080005e7e (0x002d9df3) x27 0x0000000000000005 c2_frm 0x0000000000000003
core   0: 0x0000000080005e82 (0x00fd569b) srliw   a3, s10, 15
core   0: 1 0x0000000080005e82 (0x00fd569b) x13 0x0000000000000000
core   0: 0x0000000080005e86 (0x00141873) csrrw   a6, fflags, s0
core   0: 1 0x0000000080005e86 (0x00141873) x16 0x000000000000001f c1_fflags 0x0000000000000000
core   0: 0x0000000080005e8a (0x0107549b) srliw   s1, a4, 16
core   0: 1 0x0000000080005e8a (0x0107549b) x9  0x0000000000000000
core   0: 0x0000000080005e8e (0x0006561b) srliw   a2, a2, 0
core   0: 1 0x0000000080005e8e (0x0006561b) x12 0x0000000000000a00
core   0: 0x0000000080005e92 (0x2ac61d53) fmax.d  fs10, fa2, fa2
core   0: 1 0x0000000080005e92 (0x2ac61d53) f26 0x7ff8000000000000
core   0: 0x0000000080005e96 (0x001a1a73) csrrw   s4, fflags, s4
core   0: 1 0x0000000080005e96 (0x001a1a73) x20 0x0000000000000000 c1_fflags 0x0000000000000000
core   0: 0x0000000080005e9a (0x2b621cd3) fmax.d  fs9, ft4, fs6
core   0: 1 0x0000000080005e9a (0x2b621cd3) f25 0x3ff0000000000000
core   0: 0x0000000080005e9e (0x03def8b3) remu    a7, t4, t4
core   0: 1 0x0000000080005e9e (0x03def8b3) x17 0x0000000000000000
core   0: 0x0000000080005ea2 (0x01baf5b3) and     a1, s5, s11
core   0: 1 0x0000000080005ea2 (0x01baf5b3) x11 0x0000000000000001
core   0: 0x0000000080005ea6 (0xc02b7053) fcvt.l.s zero, fs6
core   0: 1 0x0000000080005ea6 (0xc02b7053) c1_fflags 0x0000000000000010
core   0: 0x0000000080005eaa (0x0155d993) srli    s3, a1, 21
core   0: 1 0x0000000080005eaa (0x0155d993) x19 0x0000000000000000
core   0: 0x0000000080005eae (0x0012dd13) srli    s10, t0, 1
core   0: 1 0x0000000080005eae (0x0012dd13) x26 0x7fffffffc6dbf000
core   0: 0x0000000080005eb2 (0xd21b09d3) fcvt.d.wu fs3, s6
core   0: 1 0x0000000080005eb2 (0xd21b09d3) f19 0x0000000000000000
core   0: 0x0000000080005eb6 (0x0251513b) divuw   sp, sp, t0
core   0: 1 0x0000000080005eb6 (0x0251513b) x2  0x0000000000000001
core   0: 0x0000000080005eba (0x000096aa) c.add   a3, a0
core   0: 1 0x0000000080005eba (0x96aa) x13 0x0000000000000000
core   0: 0x0000000080005ebc (0x00ae2e33) slt     t3, t3, a0
core   0: 1 0x0000000080005ebc (0x00ae2e33) x28 0x0000000000000000
core   0: 0x0000000080005ec0 (0x00000001) c.nop
core   0: 1 0x0000000080005ec0 (0x0001)
core   0: 0x0000000080005ec2 (0x0001861b) sext.w  a2, gp
core   0: 1 0x0000000080005ec2 (0x0001861b) x12 0x0000000000000000
core   0: 0x0000000080005ec6 (0x2ac80653) fmin.d  fa2, fa6, fa2
core   0: 1 0x0000000080005ec6 (0x2ac80653) f12 0x7ff8000000000000
core   0: 0x0000000080005eca (0x0118509b) srliw   ra, a6, 17
core   0: 1 0x0000000080005eca (0x0118509b) x1  0x0000000000000000
core   0: 0x0000000080005ece (0x78b3e293) ori     t0, t2, 1931
core   0: 1 0x0000000080005ece (0x78b3e293) x5  0x0000000003dfe7eb
core   0: 0x0000000080005ed2 (0x222684d3) fsgnj.d fs1, fa3, ft2
core   0: 1 0x0000000080005ed2 (0x222684d3) f9  0x7ff8000000000000
core   0: 0x0000000080005ed6 (0xd21e0953) fcvt.d.wu fs2, t3
core   0: 1 0x0000000080005ed6 (0xd21e0953) f18 0x0000000000000000
core   0: 0x0000000080005eda (0x0a587853) fsub.d  fa6, fa6, ft5
core   0: 1 0x0000000080005eda (0x0a587853) f16 0x7ff8000000000000
core   0: 0x0000000080005ede (0x1b297c53) fdiv.d  fs8, fs2, fs2
core   0: 1 0x0000000080005ede (0x1b297c53) c1_fflags 0x0000000000000010 f24 0x7ff8000000000000
core   0: 0x0000000080005ee2 (0x343e6173) csrrsi  sp, mtval, 28
core   0: exception trap_illegal_instruction, epc 0x0000000080005ee2
core   0:           tval 0x00000000343e6173
core   0: >>>>  $xrv64i2p1_m2p0_a2p1_f2p2_d2p2_zicsr2p0_zifencei2p0_zmmul1p0_zba1p0_zbb1p0_zbc1p0_zbs1p0
core   0: 0x0000000080004000 (0x0080006f) j       pc + 0x8
core   0: 3 0x0000000080004000 (0x0080006f)
core   0: >>>>  mmode_exception_handler
core   0: 0x0000000080004008 (0x00002c17) auipc   s8, 0x2
core   0: 3 0x0000000080004008 (0x00002c17) x24 0x0000000080006008
core   0: 0x000000008000400c (0x056c0c13) addi    s8, s8, 86
core   0: 3 0x000000008000400c (0x056c0c13) x24 0x000000008000605e
core   0: 0x0000000080004010 (0x000c00e7) jalr    s8
core   0: 3 0x0000000080004010 (0x000c00e7) x1  0x0000000080004014
core   0: >>>>  any_handler
core   0: 0x000000008000605e (0x341027f3) csrrs   a5, mepc, zero
core   0: 3 0x000000008000605e (0x341027f3) x15 0x0000000080005ee2
core   0: 0x0000000080006062 (0x34202773) csrrs   a4, mcause, zero
core   0: 3 0x0000000080006062 (0x34202773) x14 0x0000000000000002
core   0: 0x0000000080006066 (0x142026f3) csrrs   a3, scause, zero
core   0: 3 0x0000000080006066 (0x142026f3) x13 0x0000000000000000
core   0: 0x000000008000606a (0x30402673) csrrs   a2, mie, zero
core   0: 3 0x000000008000606a (0x30402673) x12 0x0000000000000a00
core   0: 0x000000008000606e (0x344025f3) csrrs   a1, mip, zero
core   0: 3 0x000000008000606e (0x344025f3) x11 0x0000000000000080
core   0: 0x0000000080006072 (0x343025f3) csrrs   a1, mtval, zero
core   0: 3 0x0000000080006072 (0x343025f3) x11 0x00000000343e6173
core   0: 0x0000000080006076 (0x14302573) csrrs   a0, stval, zero
core   0: 3 0x0000000080006076 (0x14302573) x10 0x0000000000000000
core   0: 0x000000008000607a (0xb02024f3) csrrs   s1, minstret, zero
core   0: 3 0x000000008000607a (0xb02024f3) x9  0x00000000000011ff
core   0: 0x000000008000607e (0x0000a811) c.j     pc + 20
core   0: 3 0x000000008000607e (0xa811)
core   0: >>>>  mepc_4
core   0: 0x0000000080006092 (0x00000791) c.addi  a5, 4
core   0: 3 0x0000000080006092 (0x0791) x15 0x0000000080005ee6
core   0: 0x0000000080006094 (0x34179073) csrrw   zero, mepc, a5
core   0: 3 0x0000000080006094 (0x34179073) c833_mepc 0x0000000080005ee6
core   0: 0x0000000080006098 (0x30200073) mret
core   0: 3 0x0000000080006098 (0x30200073) c768_mstatus 0x8000000a00106080
core   0: 0x0000000080005ee6 (0x02c3c233) div     tp, t2, a2
core   0: 1 0x0000000080005ee6 (0x02c3c233) x4  0x0000000000006330
core   0: 0x0000000080005eea (0x00044713) xori    a4, s0, 0
core   0: 1 0x0000000080005eea (0x00044713) x14 0x0000000000000000
core   0: 0x0000000080005eee (0xe4b90013) addi    zero, s2, -437
core   0: 1 0x0000000080005eee (0xe4b90013)
core   0: 0x0000000080005ef2 (0xfc268b9b) addiw   s7, a3, -62
core   0: 1 0x0000000080005ef2 (0xfc268b9b) x23 0xffffffffffffffc2
core   0: 0x0000000080005ef6 (0xbbce7d13) andi    s10, t3, -1092
core   0: 1 0x0000000080005ef6 (0xbbce7d13) x26 0x0000000000000000
core   0: 0x0000000080005efa (0x00000001) c.nop
core   0: 1 0x0000000080005efa (0x0001)
core   0: 0x0000000080005efc (0x400bd53b) sraw    a0, s7, zero
core   0: 1 0x0000000080005efc (0x400bd53b) x10 0xffffffffffffffc2
core   0: 0x0000000080005f00 (0x00107093) andi    ra, zero, 1
core   0: 1 0x0000000080005f00 (0x00107093) x1  0x0000000000000000
core   0: 0x0000000080005f04 (0x018199bb) sllw    s3, gp, s8
core   0: 1 0x0000000080005f04 (0x018199bb) x19 0x0000000000000000
core   0: 0x0000000080005f08 (0xc2097d53) fcvt.w.d s10, fs2
core   0: 1 0x0000000080005f08 (0xc2097d53) x26 0x0000000000000000
core   0: 0x0000000080005f0c (0xdb8dfbcb) fnmsub.d fs7, fs11, fs8, fs11
core   0: 1 0x0000000080005f0c (0xdb8dfbcb) f23 0x7ff8000000000000
core   0: 0x0000000080005f10 (0x03a33db3) mulhu   s11, t1, s10
core   0: 1 0x0000000080005f10 (0x03a33db3) x27 0x0000000000000000
core   0: 0x0000000080005f14 (0x003c043b) addw    s0, s8, gp
core   0: 1 0x0000000080005f14 (0x003c043b) x8  0xffffffff8000605e
core   0: 0x0000000080005f18 (0xd22bfa53) fcvt.d.l fs4, s7
core   0: 1 0x0000000080005f18 (0xd22bfa53) f20 0xc04f000000000000
core   0: 0x0000000080005f1c (0xd21d0153) fcvt.d.wu ft2, s10
core   0: 1 0x0000000080005f1c (0xd21d0153) f2  0x0000000000000000
core   0: 0x0000000080005f20 (0x03b4573b) divuw   a4, s0, s11
core   0: 1 0x0000000080005f20 (0x03b4573b) x14 0xffffffffffffffff
core   0: 0x0000000080005f24 (0x00171393) slli    t2, a4, 1
core   0: 1 0x0000000080005f24 (0x00171393) x7  0xfffffffffffffffe
core   0: 0x0000000080005f28 (0x02339293) slli    t0, t2, 35
core   0: 1 0x0000000080005f28 (0x02339293) x5  0xfffffff000000000
core   0: 0x0000000080005f2c (0x03fcf3d3) fadd.d  ft7, fs9, ft11
core   0: 1 0x0000000080005f2c (0x03fcf3d3) f7  0x7ff8000000000000
core   0: 0x0000000080005f30 (0xc0602173) csrrs   sp, hpmcounter6, zero
core   0: exception trap_illegal_instruction, epc 0x0000000080005f30
core   0:           tval 0x00000000c0602173
core   0: >>>>  $xrv64i2p1_m2p0_a2p1_f2p2_d2p2_zicsr2p0_zifencei2p0_zmmul1p0_zba1p0_zbb1p0_zbc1p0_zbs1p0
core   0: 0x0000000080004000 (0x0080006f) j       pc + 0x8
core   0: 3 0x0000000080004000 (0x0080006f)
core   0: >>>>  mmode_exception_handler
core   0: 0x0000000080004008 (0x00002c17) auipc   s8, 0x2
core   0: 3 0x0000000080004008 (0x00002c17) x24 0x0000000080006008
core   0: 0x000000008000400c (0x056c0c13) addi    s8, s8, 86
core   0: 3 0x000000008000400c (0x056c0c13) x24 0x000000008000605e
core   0: 0x0000000080004010 (0x000c00e7) jalr    s8
core   0: 3 0x0000000080004010 (0x000c00e7) x1  0x0000000080004014
core   0: >>>>  any_handler
core   0: 0x000000008000605e (0x341027f3) csrrs   a5, mepc, zero
core   0: 3 0x000000008000605e (0x341027f3) x15 0x0000000080005f30
core   0: 0x0000000080006062 (0x34202773) csrrs   a4, mcause, zero
core   0: 3 0x0000000080006062 (0x34202773) x14 0x0000000000000002
core   0: 0x0000000080006066 (0x142026f3) csrrs   a3, scause, zero
core   0: 3 0x0000000080006066 (0x142026f3) x13 0x0000000000000000
core   0: 0x000000008000606a (0x30402673) csrrs   a2, mie, zero
core   0: 3 0x000000008000606a (0x30402673) x12 0x0000000000000a00
core   0: 0x000000008000606e (0x344025f3) csrrs   a1, mip, zero
core   0: 3 0x000000008000606e (0x344025f3) x11 0x0000000000000080
core   0: 0x0000000080006072 (0x343025f3) csrrs   a1, mtval, zero
core   0: 3 0x0000000080006072 (0x343025f3) x11 0x00000000c0602173
core   0: 0x0000000080006076 (0x14302573) csrrs   a0, stval, zero
core   0: 3 0x0000000080006076 (0x14302573) x10 0x0000000000000000
core   0: 0x000000008000607a (0xb02024f3) csrrs   s1, minstret, zero
core   0: 3 0x000000008000607a (0xb02024f3) x9  0x0000000000001222
core   0: 0x000000008000607e (0x0000a811) c.j     pc + 20
core   0: 3 0x000000008000607e (0xa811)
core   0: >>>>  mepc_4
core   0: 0x0000000080006092 (0x00000791) c.addi  a5, 4
core   0: 3 0x0000000080006092 (0x0791) x15 0x0000000080005f34
core   0: 0x0000000080006094 (0x34179073) csrrw   zero, mepc, a5
core   0: 3 0x0000000080006094 (0x34179073) c833_mepc 0x0000000080005f34
core   0: 0x0000000080006098 (0x30200073) mret
core   0: 3 0x0000000080006098 (0x30200073) c768_mstatus 0x8000000a00106080
core   0: 0x0000000080005f34 (0x00000001) c.nop
core   0: 1 0x0000000080005f34 (0x0001)
core   0: 0x0000000080005f36 (0x000a9b93) slli    s7, s5, 0
core   0: 1 0x0000000080005f36 (0x000a9b93) x23 0x0000000060087af3
core   0: 0x0000000080005f3a (0xc21d7a53) fcvt.wu.d s4, fs10
core   0: 1 0x0000000080005f3a (0xc21d7a53) c1_fflags 0x0000000000000010 x20 0xffffffffffffffff
core   0: 0x0000000080005f3e (0x23539953) fsgnjn.d fs2, ft7, fs5
core   0: 1 0x0000000080005f3e (0x23539953) f18 0xfff8000000000000
core   0: 0x0000000080005f42 (0x0305b5b3) mulhu   a1, a1, a6
core   0: 1 0x0000000080005f42 (0x0305b5b3) x11 0x0000000000000000
core   0: 0x0000000080005f46 (0x03c30833) mul     a6, t1, t3
core   0: 1 0x0000000080005f46 (0x03c30833) x16 0x0000000000000000
core   0: 0x0000000080005f4a (0xc205f8d3) fcvt.w.d a7, fa1
core   0: 1 0x0000000080005f4a (0xc205f8d3) c1_fflags 0x0000000000000010 x17 0x000000007fffffff
core   0: 0x0000000080005f4e (0x007027b3) slt     a5, zero, t2
core   0: 1 0x0000000080005f4e (0x007027b3) x15 0x0000000000000000
core   0: 0x0000000080005f52 (0x2b201dd3) fmax.d  fs11, ft0, fs2
core   0: 1 0x0000000080005f52 (0x2b201dd3) f27 0x4094040000000000
core   0: 0x0000000080005f56 (0x1228f4cb) fnmsub.d fs1, fa7, ft2, ft2
core   0: 1 0x0000000080005f56 (0x1228f4cb) f9  0x7ff8000000000000
core   0: 0x0000000080005f5a (0x002591bb) sllw    gp, a1, sp
core   0: 1 0x0000000080005f5a (0x002591bb) x3  0x0000000000000000
core   0: 0x0000000080005f5e (0x32357a73) csrrci  s4, mhpmevent3, 10
core   0: exception trap_illegal_instruction, epc 0x0000000080005f5e
core   0:           tval 0x0000000032357a73
core   0: >>>>  $xrv64i2p1_m2p0_a2p1_f2p2_d2p2_zicsr2p0_zifencei2p0_zmmul1p0_zba1p0_zbb1p0_zbc1p0_zbs1p0
core   0: 0x0000000080004000 (0x0080006f) j       pc + 0x8
core   0: 3 0x0000000080004000 (0x0080006f)
core   0: >>>>  mmode_exception_handler
core   0: 0x0000000080004008 (0x00002c17) auipc   s8, 0x2
core   0: 3 0x0000000080004008 (0x00002c17) x24 0x0000000080006008
core   0: 0x000000008000400c (0x056c0c13) addi    s8, s8, 86
core   0: 3 0x000000008000400c (0x056c0c13) x24 0x000000008000605e
core   0: 0x0000000080004010 (0x000c00e7) jalr    s8
core   0: 3 0x0000000080004010 (0x000c00e7) x1  0x0000000080004014
core   0: >>>>  any_handler
core   0: 0x000000008000605e (0x341027f3) csrrs   a5, mepc, zero
core   0: 3 0x000000008000605e (0x341027f3) x15 0x0000000080005f5e
core   0: 0x0000000080006062 (0x34202773) csrrs   a4, mcause, zero
core   0: 3 0x0000000080006062 (0x34202773) x14 0x0000000000000002
core   0: 0x0000000080006066 (0x142026f3) csrrs   a3, scause, zero
core   0: 3 0x0000000080006066 (0x142026f3) x13 0x0000000000000000
core   0: 0x000000008000606a (0x30402673) csrrs   a2, mie, zero
core   0: 3 0x000000008000606a (0x30402673) x12 0x0000000000000a00
core   0: 0x000000008000606e (0x344025f3) csrrs   a1, mip, zero
core   0: 3 0x000000008000606e (0x344025f3) x11 0x0000000000000080
core   0: 0x0000000080006072 (0x343025f3) csrrs   a1, mtval, zero
core   0: 3 0x0000000080006072 (0x343025f3) x11 0x0000000032357a73
core   0: 0x0000000080006076 (0x14302573) csrrs   a0, stval, zero
core   0: 3 0x0000000080006076 (0x14302573) x10 0x0000000000000000
core   0: 0x000000008000607a (0xb02024f3) csrrs   s1, minstret, zero
core   0: 3 0x000000008000607a (0xb02024f3) x9  0x000000000000123d
core   0: 0x000000008000607e (0x0000a811) c.j     pc + 20
core   0: 3 0x000000008000607e (0xa811)
core   0: >>>>  mepc_4
core   0: 0x0000000080006092 (0x00000791) c.addi  a5, 4
core   0: 3 0x0000000080006092 (0x0791) x15 0x0000000080005f62
core   0: 0x0000000080006094 (0x34179073) csrrw   zero, mepc, a5
core   0: 3 0x0000000080006094 (0x34179073) c833_mepc 0x0000000080005f62
core   0: 0x0000000080006098 (0x30200073) mret
core   0: 3 0x0000000080006098 (0x30200073) c768_mstatus 0x8000000a00106080
core   0: 0x0000000080005f62 (0x406a04b3) sub     s1, s4, t1
core   0: 1 0x0000000080005f62 (0x406a04b3) x9  0xffffffffffffffff
core   0: 0x0000000080005f66 (0xf20c0253) fmv.d.x ft4, s8
core   0: 1 0x0000000080005f66 (0xf20c0253) f4  0x000000008000605e
core   0: 0x0000000080005f6a (0x8ace7813) andi    a6, t3, -1876
core   0: 1 0x0000000080005f6a (0x8ace7813) x16 0x0000000000000000
core   0: 0x0000000080005f6e (0xd234f953) fcvt.d.lu fs2, s1
core   0: 1 0x0000000080005f6e (0xd234f953) c1_fflags 0x0000000000000011 f18 0x43f0000000000000
core   0: 0x0000000080005f72 (0x4011f653) fcvt.s.d fa2, ft3
core   0: 1 0x0000000080005f72 (0x4011f653) f12 0xffffffff7fc00000
core   0: 0x0000000080005f76 (0x018477b3) and     a5, s0, s8
core   0: 1 0x0000000080005f76 (0x018477b3) x15 0x000000008000605e
core   0: 0x0000000080005f7a (0x00284733) xor     a4, a6, sp
core   0: 1 0x0000000080005f7a (0x00284733) x14 0x0000000000000001
core   0: 0x0000000080005f7e (0xf14056f3) csrrwi  a3, mhartid, 0
core   0: exception trap_illegal_instruction, epc 0x0000000080005f7e
core   0:           tval 0x00000000f14056f3
core   0: >>>>  $xrv64i2p1_m2p0_a2p1_f2p2_d2p2_zicsr2p0_zifencei2p0_zmmul1p0_zba1p0_zbb1p0_zbc1p0_zbs1p0
core   0: 0x0000000080004000 (0x0080006f) j       pc + 0x8
core   0: 3 0x0000000080004000 (0x0080006f)
core   0: >>>>  mmode_exception_handler
core   0: 0x0000000080004008 (0x00002c17) auipc   s8, 0x2
core   0: 3 0x0000000080004008 (0x00002c17) x24 0x0000000080006008
core   0: 0x000000008000400c (0x056c0c13) addi    s8, s8, 86
core   0: 3 0x000000008000400c (0x056c0c13) x24 0x000000008000605e
core   0: 0x0000000080004010 (0x000c00e7) jalr    s8
core   0: 3 0x0000000080004010 (0x000c00e7) x1  0x0000000080004014
core   0: >>>>  any_handler
core   0: 0x000000008000605e (0x341027f3) csrrs   a5, mepc, zero
core   0: 3 0x000000008000605e (0x341027f3) x15 0x0000000080005f7e
core   0: 0x0000000080006062 (0x34202773) csrrs   a4, mcause, zero
core   0: 3 0x0000000080006062 (0x34202773) x14 0x0000000000000002
core   0: 0x0000000080006066 (0x142026f3) csrrs   a3, scause, zero
core   0: 3 0x0000000080006066 (0x142026f3) x13 0x0000000000000000
core   0: 0x000000008000606a (0x30402673) csrrs   a2, mie, zero
core   0: 3 0x000000008000606a (0x30402673) x12 0x0000000000000a00
core   0: 0x000000008000606e (0x344025f3) csrrs   a1, mip, zero
core   0: 3 0x000000008000606e (0x344025f3) x11 0x0000000000000080
core   0: 0x0000000080006072 (0x343025f3) csrrs   a1, mtval, zero
core   0: 3 0x0000000080006072 (0x343025f3) x11 0x00000000f14056f3
core   0: 0x0000000080006076 (0x14302573) csrrs   a0, stval, zero
core   0: 3 0x0000000080006076 (0x14302573) x10 0x0000000000000000
core   0: 0x000000008000607a (0xb02024f3) csrrs   s1, minstret, zero
core   0: 3 0x000000008000607a (0xb02024f3) x9  0x0000000000001254
core   0: 0x000000008000607e (0x0000a811) c.j     pc + 20
core   0: 3 0x000000008000607e (0xa811)
core   0: >>>>  mepc_4
core   0: 0x0000000080006092 (0x00000791) c.addi  a5, 4
core   0: 3 0x0000000080006092 (0x0791) x15 0x0000000080005f82
core   0: 0x0000000080006094 (0x34179073) csrrw   zero, mepc, a5
core   0: 3 0x0000000080006094 (0x34179073) c833_mepc 0x0000000080005f82
core   0: 0x0000000080006098 (0x30200073) mret
core   0: 3 0x0000000080006098 (0x30200073) c768_mstatus 0x8000000a00106080
core   0: 0x0000000080005f82 (0x02c526b3) mulhsu  a3, a0, a2
core   0: 1 0x0000000080005f82 (0x02c526b3) x13 0x0000000000000000
core   0: 0x0000000080005f86 (0x00d75db3) srl     s11, a4, a3
core   0: 1 0x0000000080005f86 (0x00d75db3) x27 0x0000000000000002
core   0: 0x0000000080005f8a (0x00dd88bb) addw    a7, s11, a3
core   0: 1 0x0000000080005f8a (0x00dd88bb) x17 0x0000000000000002
core   0: 0x0000000080005f8e (0x02ed873b) mulw    a4, s11, a4
core   0: 1 0x0000000080005f8e (0x02ed873b) x14 0x0000000000000004
core   0: 0x0000000080005f92 (0x00271ef3) csrrw   t4, frm, a4
core   0: 1 0x0000000080005f92 (0x00271ef3) x29 0x0000000000000003 c2_frm 0x0000000000000004
core   0: 0x0000000080005f96 (0x401a7053) fcvt.s.d ft0, fs4
core   0: 1 0x0000000080005f96 (0x401a7053) f0  0xffffffffc2780000
core   0: 0x0000000080005f9a (0x413753b3) sra     t2, a4, s3
core   0: 1 0x0000000080005f9a (0x413753b3) x7  0x0000000000000004
core   0: 0x0000000080005f9e (0xfffa1937) lui     s2, 0xfffa1
core   0: 1 0x0000000080005f9e (0xfffa1937) x18 0xfffffffffffa1000
core   0: 0x0000000080005fa2 (0xfcd9091b) addiw   s2, s2, -51
core   0: 1 0x0000000080005fa2 (0xfcd9091b) x18 0xfffffffffffa0fcd
core   0: 0x0000000080005fa6 (0x0000093a) c.slli  s2, 14
core   0: 1 0x0000000080005fa6 (0x093a) x18 0xfffffffe83f34000
core   0: 0x0000000080005fa8 (0xe8f90913) addi    s2, s2, -369
core   0: 1 0x0000000080005fa8 (0xe8f90913) x18 0xfffffffe83f33e8f
core   0: 0x0000000080005fac (0x9d19059b) addiw   a1, s2, -1583
core   0: 1 0x0000000080005fac (0x9d19059b) x11 0xffffffff83f33860
core   0: 0x0000000080005fb0 (0x01227933) and     s2, tp, s2
core   0: 1 0x0000000080005fb0 (0x01227933) x18 0x0000000000002200
core   0: 0x0000000080005fb4 (0x00bc2c33) slt     s8, s8, a1
core   0: 1 0x0000000080005fb4 (0x00bc2c33) x24 0x0000000000000000
core   0: 0x0000000080005fb8 (0x1200f553) fmul.d  fa0, ft1, ft0
core   0: 1 0x0000000080005fb8 (0x1200f553) f10 0x7ff8000000000000
core   0: 0x0000000080005fbc (0x03b9ddb3) divu    s11, s3, s11
core   0: 1 0x0000000080005fbc (0x03b9ddb3) x27 0x0000000000000000
core   0: 0x0000000080005fc0 (0x22f52cd3) fsgnjx.d fs9, fa0, fa5
core   0: 1 0x0000000080005fc0 (0x22f52cd3) f25 0x7ff8000000000000
core   0: 0x0000000080005fc4 (0xc029f753) fcvt.l.s a4, fs3
core   0: 1 0x0000000080005fc4 (0xc029f753) c1_fflags 0x0000000000000011 x14 0x7fffffffffffffff
core   0: 0x0000000080005fc8 (0xe2090253) fmv.x.d tp, fs2
core   0: 1 0x0000000080005fc8 (0xe2090253) x4  0x43f0000000000000
core   0: 0x0000000080005fcc (0x005e6333) or      t1, t3, t0
core   0: 1 0x0000000080005fcc (0x005e6333) x6  0xfffffff000000000
core   0: 0x0000000080005fd0 (0x01d3aeb3) slt     t4, t2, t4
core   0: 1 0x0000000080005fd0 (0x01d3aeb3) x29 0x0000000000000000
core   0: 0x0000000080005fd4 (0x002a90f3) csrrw   ra, frm, s5
core   0: 1 0x0000000080005fd4 (0x002a90f3) x1  0x0000000000000004 c2_frm 0x0000000000000003
core   0: 0x0000000080005fd8 (0xd036f2d3) fcvt.s.lu ft5, a3
core   0: 1 0x0000000080005fd8 (0xd036f2d3) f5  0xffffffff00000000
core   0: 0x0000000080005fdc (0x02a19013) slli    zero, gp, 42
core   0: 1 0x0000000080005fdc (0x02a19013)
core   0: 0x0000000080005fe0 (0x00271ef3) csrrw   t4, frm, a4
core   0: 1 0x0000000080005fe0 (0x00271ef3) x29 0x0000000000000003 c2_frm 0x0000000000000007
core   0: 0x0000000080005fe4 (0x00b3531b) srliw   t1, t1, 11
core   0: 1 0x0000000080005fe4 (0x00b3531b) x6  0x0000000000000000
core   0: 0x0000000080005fe8 (0x03b5dc93) srli    s9, a1, 59
core   0: 1 0x0000000080005fe8 (0x03b5dc93) x25 0x000000000000001f
core   0: 0x0000000080005fec (0xf20382d3) fmv.d.x ft5, t2
core   0: 1 0x0000000080005fec (0xf20382d3) f5  0x0000000000000004
core   0: 0x0000000080005ff0 (0x026dd1b3) divu    gp, s11, t1
core   0: 1 0x0000000080005ff0 (0x026dd1b3) x3  0xffffffffffffffff
core   0: 0x0000000080005ff4 (0x00000001) c.nop
core   0: 1 0x0000000080005ff4 (0x0001)
core   0: 0x0000000080005ff6 (0x0214d0bb) divuw   ra, s1, ra
core   0: 1 0x0000000080005ff6 (0x0214d0bb) x1  0x0000000000000495
core   0: 0x0000000080005ffa (0x176e4917) auipc   s2, 0x176e4
core   0: 1 0x0000000080005ffa (0x176e4917) x18 0x00000000976e9ffa
core   0: 0x0000000080005ffe (0x03d7773b) remuw   a4, a4, t4
core   0: 1 0x0000000080005ffe (0x03d7773b) x14 0x0000000000000000
core   0: 0x0000000080006002 (0x02f319b3) mulh    s3, t1, a5
core   0: 1 0x0000000080006002 (0x02f319b3) x19 0x0000000000000000
core   0: 0x0000000080006006 (0x01e15cb7) lui     s9, 0x1e15
core   0: 1 0x0000000080006006 (0x01e15cb7) x25 0x0000000001e15000
core   0: 0x000000008000600a (0x521c8c9b) addiw   s9, s9, 1313
core   0: 1 0x000000008000600a (0x521c8c9b) x25 0x0000000001e15521
core   0: 0x000000008000600e (0x00000cb2) c.slli  s9, 12
core   0: 1 0x000000008000600e (0x0cb2) x25 0x0000001e15521000
core   0: 0x0000000080006010 (0xe14c8c93) addi    s9, s9, -492
core   0: 1 0x0000000080006010 (0xe14c8c93) x25 0x0000001e15520e14
core   0: 0x0000000080006014 (0x400c5493) srai    s1, s8, 0
core   0: 1 0x0000000080006014 (0x400c5493) x9  0x0000000000000000
core   0: 0x0000000080006018 (0x029c19b3) mulh    s3, s8, s1
core   0: 1 0x0000000080006018 (0x029c19b3) x19 0x0000000000000000
core   0: 0x000000008000601c (0x0134da33) srl     s4, s1, s3
core   0: 1 0x000000008000601c (0x0134da33) x20 0x0000000000000000
core   0: 0x0000000080006020 (0xac91819b) addiw   gp, gp, -1335
core   0: 1 0x0000000080006020 (0xac91819b) x3  0xfffffffffffffac8
core   0: 0x0000000080006024 (0x00002033) slt     zero, zero, zero
core   0: 1 0x0000000080006024 (0x00002033)
core   0: 0x0000000080006028 (0x0be2f053) fsub.d  ft0, ft5, ft10
core   0: exception trap_illegal_instruction, epc 0x0000000080006028
core   0:           tval 0x000000000be2f053
core   0: >>>>  $xrv64i2p1_m2p0_a2p1_f2p2_d2p2_zicsr2p0_zifencei2p0_zmmul1p0_zba1p0_zbb1p0_zbc1p0_zbs1p0
core   0: 0x0000000080004000 (0x0080006f) j       pc + 0x8
core   0: 3 0x0000000080004000 (0x0080006f)
core   0: >>>>  mmode_exception_handler
core   0: 0x0000000080004008 (0x00002c17) auipc   s8, 0x2
core   0: 3 0x0000000080004008 (0x00002c17) x24 0x0000000080006008
core   0: 0x000000008000400c (0x056c0c13) addi    s8, s8, 86
core   0: 3 0x000000008000400c (0x056c0c13) x24 0x000000008000605e
core   0: 0x0000000080004010 (0x000c00e7) jalr    s8
core   0: 3 0x0000000080004010 (0x000c00e7) x1  0x0000000080004014
core   0: >>>>  any_handler
core   0: 0x000000008000605e (0x341027f3) csrrs   a5, mepc, zero
core   0: 3 0x000000008000605e (0x341027f3) x15 0x0000000080006028
core   0: 0x0000000080006062 (0x34202773) csrrs   a4, mcause, zero
core   0: 3 0x0000000080006062 (0x34202773) x14 0x0000000000000002
core   0: 0x0000000080006066 (0x142026f3) csrrs   a3, scause, zero
core   0: 3 0x0000000080006066 (0x142026f3) x13 0x0000000000000000
core   0: 0x000000008000606a (0x30402673) csrrs   a2, mie, zero
core   0: 3 0x000000008000606a (0x30402673) x12 0x0000000000000a00
core   0: 0x000000008000606e (0x344025f3) csrrs   a1, mip, zero
core   0: 3 0x000000008000606e (0x344025f3) x11 0x0000000000000080
core   0: 0x0000000080006072 (0x343025f3) csrrs   a1, mtval, zero
core   0: 3 0x0000000080006072 (0x343025f3) x11 0x000000000be2f053
core   0: 0x0000000080006076 (0x14302573) csrrs   a0, stval, zero
core   0: 3 0x0000000080006076 (0x14302573) x10 0x0000000000000000
core   0: 0x000000008000607a (0xb02024f3) csrrs   s1, minstret, zero
core   0: 3 0x000000008000607a (0xb02024f3) x9  0x000000000000128f
core   0: 0x000000008000607e (0x0000a811) c.j     pc + 20
core   0: 3 0x000000008000607e (0xa811)
core   0: >>>>  mepc_4
core   0: 0x0000000080006092 (0x00000791) c.addi  a5, 4
core   0: 3 0x0000000080006092 (0x0791) x15 0x000000008000602c
core   0: 0x0000000080006094 (0x34179073) csrrw   zero, mepc, a5
core   0: 3 0x0000000080006094 (0x34179073) c833_mepc 0x000000008000602c
core   0: 0x0000000080006098 (0x30200073) mret
core   0: 3 0x0000000080006098 (0x30200073) c768_mstatus 0x8000000a00106080
core   0: 0x000000008000602c (0x00002c33) slt     s8, zero, zero
core   0: 1 0x000000008000602c (0x00002c33) x24 0x0000000000000000
core   0: 0x0000000080006030 (0x43f9d193) srai    gp, s3, 63
core   0: 1 0x0000000080006030 (0x43f9d193) x3  0x0000000000000000
core   0: 0x0000000080006034 (0x0036d9bb) srlw    s3, a3, gp
core   0: 1 0x0000000080006034 (0x0036d9bb) x19 0x0000000000000000
core   0: 0x0000000080006038 (0xd22d7353) fcvt.d.l ft6, s10
core   0: exception trap_illegal_instruction, epc 0x0000000080006038
core   0:           tval 0x00000000d22d7353
core   0: >>>>  $xrv64i2p1_m2p0_a2p1_f2p2_d2p2_zicsr2p0_zifencei2p0_zmmul1p0_zba1p0_zbb1p0_zbc1p0_zbs1p0
core   0: 0x0000000080004000 (0x0080006f) j       pc + 0x8
core   0: 3 0x0000000080004000 (0x0080006f)
core   0: >>>>  mmode_exception_handler
core   0: 0x0000000080004008 (0x00002c17) auipc   s8, 0x2
core   0: 3 0x0000000080004008 (0x00002c17) x24 0x0000000080006008
core   0: 0x000000008000400c (0x056c0c13) addi    s8, s8, 86
core   0: 3 0x000000008000400c (0x056c0c13) x24 0x000000008000605e
core   0: 0x0000000080004010 (0x000c00e7) jalr    s8
core   0: 3 0x0000000080004010 (0x000c00e7) x1  0x0000000080004014
core   0: >>>>  any_handler
core   0: 0x000000008000605e (0x341027f3) csrrs   a5, mepc, zero
core   0: 3 0x000000008000605e (0x341027f3) x15 0x0000000080006038
core   0: 0x0000000080006062 (0x34202773) csrrs   a4, mcause, zero
core   0: 3 0x0000000080006062 (0x34202773) x14 0x0000000000000002
core   0: 0x0000000080006066 (0x142026f3) csrrs   a3, scause, zero
core   0: 3 0x0000000080006066 (0x142026f3) x13 0x0000000000000000
core   0: 0x000000008000606a (0x30402673) csrrs   a2, mie, zero
core   0: 3 0x000000008000606a (0x30402673) x12 0x0000000000000a00
core   0: 0x000000008000606e (0x344025f3) csrrs   a1, mip, zero
core   0: 3 0x000000008000606e (0x344025f3) x11 0x0000000000000080
core   0: 0x0000000080006072 (0x343025f3) csrrs   a1, mtval, zero
core   0: 3 0x0000000080006072 (0x343025f3) x11 0x00000000d22d7353
core   0: 0x0000000080006076 (0x14302573) csrrs   a0, stval, zero
core   0: 3 0x0000000080006076 (0x14302573) x10 0x0000000000000000
core   0: 0x000000008000607a (0xb02024f3) csrrs   s1, minstret, zero
core   0: 3 0x000000008000607a (0xb02024f3) x9  0x00000000000012a2
core   0: 0x000000008000607e (0x0000a811) c.j     pc + 20
core   0: 3 0x000000008000607e (0xa811)
core   0: >>>>  mepc_4
core   0: 0x0000000080006092 (0x00000791) c.addi  a5, 4
core   0: 3 0x0000000080006092 (0x0791) x15 0x000000008000603c
core   0: 0x0000000080006094 (0x34179073) csrrw   zero, mepc, a5
core   0: 3 0x0000000080006094 (0x34179073) c833_mepc 0x000000008000603c
core   0: 0x0000000080006098 (0x30200073) mret
core   0: 3 0x0000000080006098 (0x30200073) c768_mstatus 0x8000000a00106080
core   0: 0x000000008000603c (0xa37e80d3) fle.d   ra, ft9, fs7
core   0: 1 0x000000008000603c (0xa37e80d3) c1_fflags 0x0000000000000011 x1  0x0000000000000000
core   0: 0x0000000080006040 (0x22f88c53) fsgnj.d fs8, fa7, fa5
core   0: 1 0x0000000080006040 (0x22f88c53) f24 0x7fffffff00000000
core   0: 0x0000000080006044 (0x40185333) sra     t1, a6, ra
core   0: 1 0x0000000080006044 (0x40185333) x6  0x0000000000000000
core   0: 0x0000000080006048 (0x5a047453) fsqrt.d fs0, fs0
core   0: exception trap_illegal_instruction, epc 0x0000000080006048
core   0:           tval 0x000000005a047453
core   0: >>>>  $xrv64i2p1_m2p0_a2p1_f2p2_d2p2_zicsr2p0_zifencei2p0_zmmul1p0_zba1p0_zbb1p0_zbc1p0_zbs1p0
core   0: 0x0000000080004000 (0x0080006f) j       pc + 0x8
core   0: 3 0x0000000080004000 (0x0080006f)
core   0: >>>>  mmode_exception_handler
core   0: 0x0000000080004008 (0x00002c17) auipc   s8, 0x2
core   0: 3 0x0000000080004008 (0x00002c17) x24 0x0000000080006008
core   0: 0x000000008000400c (0x056c0c13) addi    s8, s8, 86
core   0: 3 0x000000008000400c (0x056c0c13) x24 0x000000008000605e
core   0: 0x0000000080004010 (0x000c00e7) jalr    s8
core   0: 3 0x0000000080004010 (0x000c00e7) x1  0x0000000080004014
core   0: >>>>  any_handler
core   0: 0x000000008000605e (0x341027f3) csrrs   a5, mepc, zero
core   0: 3 0x000000008000605e (0x341027f3) x15 0x0000000080006048
core   0: 0x0000000080006062 (0x34202773) csrrs   a4, mcause, zero
core   0: 3 0x0000000080006062 (0x34202773) x14 0x0000000000000002
core   0: 0x0000000080006066 (0x142026f3) csrrs   a3, scause, zero
core   0: 3 0x0000000080006066 (0x142026f3) x13 0x0000000000000000
core   0: 0x000000008000606a (0x30402673) csrrs   a2, mie, zero
core   0: 3 0x000000008000606a (0x30402673) x12 0x0000000000000a00
core   0: 0x000000008000606e (0x344025f3) csrrs   a1, mip, zero
core   0: 3 0x000000008000606e (0x344025f3) x11 0x0000000000000080
core   0: 0x0000000080006072 (0x343025f3) csrrs   a1, mtval, zero
core   0: 3 0x0000000080006072 (0x343025f3) x11 0x000000005a047453
core   0: 0x0000000080006076 (0x14302573) csrrs   a0, stval, zero
core   0: 3 0x0000000080006076 (0x14302573) x10 0x0000000000000000
core   0: 0x000000008000607a (0xb02024f3) csrrs   s1, minstret, zero
core   0: 3 0x000000008000607a (0xb02024f3) x9  0x00000000000012b5
core   0: 0x000000008000607e (0x0000a811) c.j     pc + 20
core   0: 3 0x000000008000607e (0xa811)
core   0: >>>>  mepc_4
core   0: 0x0000000080006092 (0x00000791) c.addi  a5, 4
core   0: 3 0x0000000080006092 (0x0791) x15 0x000000008000604c
core   0: 0x0000000080006094 (0x34179073) csrrw   zero, mepc, a5
core   0: 3 0x0000000080006094 (0x34179073) c833_mepc 0x000000008000604c
core   0: 0x0000000080006098 (0x30200073) mret
core   0: 3 0x0000000080006098 (0x30200073) c768_mstatus 0x8000000a00106080
core   0: 0x000000008000604c (0xa2fc74c3) fmadd.d fs1, fs8, fa5, fs4
core   0: exception trap_illegal_instruction, epc 0x000000008000604c
core   0:           tval 0x00000000a2fc74c3
core   0: >>>>  $xrv64i2p1_m2p0_a2p1_f2p2_d2p2_zicsr2p0_zifencei2p0_zmmul1p0_zba1p0_zbb1p0_zbc1p0_zbs1p0
core   0: 0x0000000080004000 (0x0080006f) j       pc + 0x8
core   0: 3 0x0000000080004000 (0x0080006f)
core   0: >>>>  mmode_exception_handler
core   0: 0x0000000080004008 (0x00002c17) auipc   s8, 0x2
core   0: 3 0x0000000080004008 (0x00002c17) x24 0x0000000080006008
core   0: 0x000000008000400c (0x056c0c13) addi    s8, s8, 86
core   0: 3 0x000000008000400c (0x056c0c13) x24 0x000000008000605e
core   0: 0x0000000080004010 (0x000c00e7) jalr    s8
core   0: 3 0x0000000080004010 (0x000c00e7) x1  0x0000000080004014
core   0: >>>>  any_handler
core   0: 0x000000008000605e (0x341027f3) csrrs   a5, mepc, zero
core   0: 3 0x000000008000605e (0x341027f3) x15 0x000000008000604c
core   0: 0x0000000080006062 (0x34202773) csrrs   a4, mcause, zero
core   0: 3 0x0000000080006062 (0x34202773) x14 0x0000000000000002
core   0: 0x0000000080006066 (0x142026f3) csrrs   a3, scause, zero
core   0: 3 0x0000000080006066 (0x142026f3) x13 0x0000000000000000
core   0: 0x000000008000606a (0x30402673) csrrs   a2, mie, zero
core   0: 3 0x000000008000606a (0x30402673) x12 0x0000000000000a00
core   0: 0x000000008000606e (0x344025f3) csrrs   a1, mip, zero
core   0: 3 0x000000008000606e (0x344025f3) x11 0x0000000000000080
core   0: 0x0000000080006072 (0x343025f3) csrrs   a1, mtval, zero
core   0: 3 0x0000000080006072 (0x343025f3) x11 0x00000000a2fc74c3
core   0: 0x0000000080006076 (0x14302573) csrrs   a0, stval, zero
core   0: 3 0x0000000080006076 (0x14302573) x10 0x0000000000000000
core   0: 0x000000008000607a (0xb02024f3) csrrs   s1, minstret, zero
core   0: 3 0x000000008000607a (0xb02024f3) x9  0x00000000000012c5
core   0: 0x000000008000607e (0x0000a811) c.j     pc + 20
core   0: 3 0x000000008000607e (0xa811)
core   0: >>>>  mepc_4
core   0: 0x0000000080006092 (0x00000791) c.addi  a5, 4
core   0: 3 0x0000000080006092 (0x0791) x15 0x0000000080006050
core   0: 0x0000000080006094 (0x34179073) csrrw   zero, mepc, a5
core   0: 3 0x0000000080006094 (0x34179073) c833_mepc 0x0000000080006050
core   0: 0x0000000080006098 (0x30200073) mret
core   0: 3 0x0000000080006098 (0x30200073) c768_mstatus 0x8000000a00106080
core   0: 0x0000000080006050 (0x0060ddbb) srlw    s11, ra, t1
core   0: 1 0x0000000080006050 (0x0060ddbb) x27 0xffffffff80004014
core   0: 0x0000000080006054 (0x43275893) srai    a7, a4, 50
core   0: 1 0x0000000080006054 (0x43275893) x17 0x0000000000000000
core   0: >>>>  write_tohost
core   0: 0x0000000080006058 (0x98cfa0ef) jal     pc - 0x5e74
core   0: 1 0x0000000080006058 (0x98cfa0ef) x1  0x000000008000605c
core   0: >>>>  _exit
core   0: 0x00000000800001e4 (0x00004505) c.li    a0, 1
core   0: 1 0x00000000800001e4 (0x4505) x10 0x0000000000000001
core   0: 0x00000000800001e6 (0x00001f17) auipc   t5, 0x1
core   0: 1 0x00000000800001e6 (0x00001f17) x30 0x00000000800011e6
core   0: 0x00000000800001ea (0xe0af2d23) sw      a0, -486(t5)
core   0: 1 0x00000000800001ea (0xe0af2d23) mem 0x0000000080001000 0x00000001
cp /home/server/RISCV/cva6/verif/sim/out/seed_362/spike_sim/new_seeds_362_.cv64a6_imafdc_sv39.log.iss /home/server/RISCV/cva6/verif/sim/out/seed_362/spike_sim/new_seeds_362_.cv64a6_imafdc_sv39.log
