Makefile:14: must set CVA6_REPO_DIR to point at the root of CVA6 sources and CVA6_TB_DIR to point here -- doing it for you...
LD_LIBRARY_PATH="$(realpath ../../tools/spike/lib):$LD_LIBRARY_PATH" \
	/home/server/RISCV/cva6/tools/spike/bin/spike --steps=2000000  --log-commits --isa=rv64gc_zba_zbb_zbs_zbc_zicsr_zifencei --priv=msu -l /home/server/RISCV/cva6/verif/sim/out/seed_776/directed_asm_tests/new_seeds_776_.o
[SPIKE] Max simulation steps: 2000000
[SPIKE] Proc 0 | ISA: rv64gc_zba_zbb_zbs_zbc_zicsr_zifencei PRIV: msu
[SPIKE] Initializing memories...
core   0: 0x0000000000010000 (0x00100413) li      s0, 1
core   0: 3 0x0000000000010000 (0x00100413) x8  0x0000000000000001
core   0: 0x0000000000010004 (0x01f41413) slli    s0, s0, 31
core   0: 3 0x0000000000010004 (0x01f41413) x8  0x0000000080000000
core   0: 0x0000000000010008 (0xf1402573) csrrs   a0, mhartid, zero
core   0: 3 0x0000000000010008 (0xf1402573) x10 0x0000000000000000
core   0: 0x000000000001000c (0x00000597) auipc   a1, 0x0
core   0: 3 0x000000000001000c (0x00000597) x11 0x000000000001000c
core   0: 0x0000000000010010 (0x07458593) addi    a1, a1, 116
core   0: 3 0x0000000000010010 (0x07458593) x11 0x0000000000010080
core   0: 0x0000000000010014 (0x00040067) jr      s0
core   0: 3 0x0000000000010014 (0x00040067)
core   0: >>>>  _start
core   0: 0x0000000080000000 (0x00004081) c.li    ra, 0
core   0: 3 0x0000000080000000 (0x4081) x1  0x0000000000000000
core   0: 0x0000000080000002 (0x00004101) c.li    sp, 0
core   0: 3 0x0000000080000002 (0x4101) x2  0x0000000000000000
core   0: 0x0000000080000004 (0x00004181) c.li    gp, 0
core   0: 3 0x0000000080000004 (0x4181) x3  0x0000000000000000
core   0: 0x0000000080000006 (0x00004201) c.li    tp, 0
core   0: 3 0x0000000080000006 (0x4201) x4  0x0000000000000000
core   0: 0x0000000080000008 (0x00004281) c.li    t0, 0
core   0: 3 0x0000000080000008 (0x4281) x5  0x0000000000000000
core   0: 0x000000008000000a (0x00004301) c.li    t1, 0
core   0: 3 0x000000008000000a (0x4301) x6  0x0000000000000000
core   0: 0x000000008000000c (0x00004381) c.li    t2, 0
core   0: 3 0x000000008000000c (0x4381) x7  0x0000000000000000
core   0: 0x000000008000000e (0x00004401) c.li    s0, 0
core   0: 3 0x000000008000000e (0x4401) x8  0x0000000000000000
core   0: 0x0000000080000010 (0x00004481) c.li    s1, 0
core   0: 3 0x0000000080000010 (0x4481) x9  0x0000000000000000
core   0: 0x0000000080000012 (0x00004501) c.li    a0, 0
core   0: 3 0x0000000080000012 (0x4501) x10 0x0000000000000000
core   0: 0x0000000080000014 (0x00004581) c.li    a1, 0
core   0: 3 0x0000000080000014 (0x4581) x11 0x0000000000000000
core   0: 0x0000000080000016 (0x00004601) c.li    a2, 0
core   0: 3 0x0000000080000016 (0x4601) x12 0x0000000000000000
core   0: 0x0000000080000018 (0x00004681) c.li    a3, 0
core   0: 3 0x0000000080000018 (0x4681) x13 0x0000000000000000
core   0: 0x000000008000001a (0x00004701) c.li    a4, 0
core   0: 3 0x000000008000001a (0x4701) x14 0x0000000000000000
core   0: 0x000000008000001c (0x00004781) c.li    a5, 0
core   0: 3 0x000000008000001c (0x4781) x15 0x0000000000000000
core   0: 0x000000008000001e (0x00004801) c.li    a6, 0
core   0: 3 0x000000008000001e (0x4801) x16 0x0000000000000000
core   0: 0x0000000080000020 (0x00004881) c.li    a7, 0
core   0: 3 0x0000000080000020 (0x4881) x17 0x0000000000000000
core   0: 0x0000000080000022 (0x00004901) c.li    s2, 0
core   0: 3 0x0000000080000022 (0x4901) x18 0x0000000000000000
core   0: 0x0000000080000024 (0x00004981) c.li    s3, 0
core   0: 3 0x0000000080000024 (0x4981) x19 0x0000000000000000
core   0: 0x0000000080000026 (0x00004a01) c.li    s4, 0
core   0: 3 0x0000000080000026 (0x4a01) x20 0x0000000000000000
core   0: 0x0000000080000028 (0x00004a81) c.li    s5, 0
core   0: 3 0x0000000080000028 (0x4a81) x21 0x0000000000000000
core   0: 0x000000008000002a (0x00004b01) c.li    s6, 0
core   0: 3 0x000000008000002a (0x4b01) x22 0x0000000000000000
core   0: 0x000000008000002c (0x00004b81) c.li    s7, 0
core   0: 3 0x000000008000002c (0x4b81) x23 0x0000000000000000
core   0: 0x000000008000002e (0x00004c01) c.li    s8, 0
core   0: 3 0x000000008000002e (0x4c01) x24 0x0000000000000000
core   0: 0x0000000080000030 (0x00004c81) c.li    s9, 0
core   0: 3 0x0000000080000030 (0x4c81) x25 0x0000000000000000
core   0: 0x0000000080000032 (0x00004d01) c.li    s10, 0
core   0: 3 0x0000000080000032 (0x4d01) x26 0x0000000000000000
core   0: 0x0000000080000034 (0x00004d81) c.li    s11, 0
core   0: 3 0x0000000080000034 (0x4d81) x27 0x0000000000000000
core   0: 0x0000000080000036 (0x00004e01) c.li    t3, 0
core   0: 3 0x0000000080000036 (0x4e01) x28 0x0000000000000000
core   0: 0x0000000080000038 (0x00004e81) c.li    t4, 0
core   0: 3 0x0000000080000038 (0x4e81) x29 0x0000000000000000
core   0: 0x000000008000003a (0x00004f01) c.li    t5, 0
core   0: 3 0x000000008000003a (0x4f01) x30 0x0000000000000000
core   0: 0x000000008000003c (0x00004f81) c.li    t6, 0
core   0: 3 0x000000008000003c (0x4f81) x31 0x0000000000000000
core   0: 0x000000008000003e (0x000062f9) c.lui   t0, 0x1e
core   0: 3 0x000000008000003e (0x62f9) x5  0x000000000001e000
core   0: 0x0000000080000040 (0x3002a073) csrrs   zero, mstatus, t0
core   0: 3 0x0000000080000040 (0x3002a073) c768_mstatus 0x8000000a00006000
core   0: 0x0000000080000044 (0x00004285) c.li    t0, 1
core   0: 3 0x0000000080000044 (0x4285) x5  0x0000000000000001
core   0: 0x0000000080000046 (0x000002fe) c.slli  t0, 31
core   0: 3 0x0000000080000046 (0x02fe) x5  0x0000000080000000
core   0: 0x0000000080000048 (0x0002d863) bge     t0, zero, pc + 16
core   0: 3 0x0000000080000048 (0x0002d863)
core   0: 0x0000000080000058 (0x00000297) auipc   t0, 0x0
core   0: 3 0x0000000080000058 (0x00000297) x5  0x0000000080000058
core   0: 0x000000008000005c (0x09028293) addi    t0, t0, 144
core   0: 3 0x000000008000005c (0x09028293) x5  0x00000000800000e8
core   0: 0x0000000080000060 (0x30529073) csrrw   zero, mtvec, t0
core   0: 3 0x0000000080000060 (0x30529073) c773_mtvec 0x00000000800000e8
core   0: 0x0000000080000064 (0x00301073) csrrw   zero, fcsr, zero
core   0: 3 0x0000000080000064 (0x00301073) c1_fflags 0x0000000000000000 c2_frm 0x0000000000000000
core   0: 0x0000000080000068 (0xf0000053) fmv.w.x ft0, zero
core   0: 3 0x0000000080000068 (0xf0000053) f0  0xffffffff00000000
core   0: 0x000000008000006c (0xf00000d3) fmv.w.x ft1, zero
core   0: 3 0x000000008000006c (0xf00000d3) f1  0xffffffff00000000
core   0: 0x0000000080000070 (0xf0000153) fmv.w.x ft2, zero
core   0: 3 0x0000000080000070 (0xf0000153) f2  0xffffffff00000000
core   0: 0x0000000080000074 (0xf00001d3) fmv.w.x ft3, zero
core   0: 3 0x0000000080000074 (0xf00001d3) f3  0xffffffff00000000
core   0: 0x0000000080000078 (0xf0000253) fmv.w.x ft4, zero
core   0: 3 0x0000000080000078 (0xf0000253) f4  0xffffffff00000000
core   0: 0x000000008000007c (0xf00002d3) fmv.w.x ft5, zero
core   0: 3 0x000000008000007c (0xf00002d3) f5  0xffffffff00000000
core   0: 0x0000000080000080 (0xf0000353) fmv.w.x ft6, zero
core   0: 3 0x0000000080000080 (0xf0000353) f6  0xffffffff00000000
core   0: 0x0000000080000084 (0xf00003d3) fmv.w.x ft7, zero
core   0: 3 0x0000000080000084 (0xf00003d3) f7  0xffffffff00000000
core   0: 0x0000000080000088 (0xf0000453) fmv.w.x fs0, zero
core   0: 3 0x0000000080000088 (0xf0000453) f8  0xffffffff00000000
core   0: 0x000000008000008c (0xf00004d3) fmv.w.x fs1, zero
core   0: 3 0x000000008000008c (0xf00004d3) f9  0xffffffff00000000
core   0: 0x0000000080000090 (0xf0000553) fmv.w.x fa0, zero
core   0: 3 0x0000000080000090 (0xf0000553) f10 0xffffffff00000000
core   0: 0x0000000080000094 (0xf00005d3) fmv.w.x fa1, zero
core   0: 3 0x0000000080000094 (0xf00005d3) f11 0xffffffff00000000
core   0: 0x0000000080000098 (0xf0000653) fmv.w.x fa2, zero
core   0: 3 0x0000000080000098 (0xf0000653) f12 0xffffffff00000000
core   0: 0x000000008000009c (0xf00006d3) fmv.w.x fa3, zero
core   0: 3 0x000000008000009c (0xf00006d3) f13 0xffffffff00000000
core   0: 0x00000000800000a0 (0xf0000753) fmv.w.x fa4, zero
core   0: 3 0x00000000800000a0 (0xf0000753) f14 0xffffffff00000000
core   0: 0x00000000800000a4 (0xf00007d3) fmv.w.x fa5, zero
core   0: 3 0x00000000800000a4 (0xf00007d3) f15 0xffffffff00000000
core   0: 0x00000000800000a8 (0xf0000853) fmv.w.x fa6, zero
core   0: 3 0x00000000800000a8 (0xf0000853) f16 0xffffffff00000000
core   0: 0x00000000800000ac (0xf00008d3) fmv.w.x fa7, zero
core   0: 3 0x00000000800000ac (0xf00008d3) f17 0xffffffff00000000
core   0: 0x00000000800000b0 (0xf0000953) fmv.w.x fs2, zero
core   0: 3 0x00000000800000b0 (0xf0000953) f18 0xffffffff00000000
core   0: 0x00000000800000b4 (0xf00009d3) fmv.w.x fs3, zero
core   0: 3 0x00000000800000b4 (0xf00009d3) f19 0xffffffff00000000
core   0: 0x00000000800000b8 (0xf0000a53) fmv.w.x fs4, zero
core   0: 3 0x00000000800000b8 (0xf0000a53) f20 0xffffffff00000000
core   0: 0x00000000800000bc (0xf0000ad3) fmv.w.x fs5, zero
core   0: 3 0x00000000800000bc (0xf0000ad3) f21 0xffffffff00000000
core   0: 0x00000000800000c0 (0xf0000b53) fmv.w.x fs6, zero
core   0: 3 0x00000000800000c0 (0xf0000b53) f22 0xffffffff00000000
core   0: 0x00000000800000c4 (0xf0000bd3) fmv.w.x fs7, zero
core   0: 3 0x00000000800000c4 (0xf0000bd3) f23 0xffffffff00000000
core   0: 0x00000000800000c8 (0xf0000c53) fmv.w.x fs8, zero
core   0: 3 0x00000000800000c8 (0xf0000c53) f24 0xffffffff00000000
core   0: 0x00000000800000cc (0xf0000cd3) fmv.w.x fs9, zero
core   0: 3 0x00000000800000cc (0xf0000cd3) f25 0xffffffff00000000
core   0: 0x00000000800000d0 (0xf0000d53) fmv.w.x fs10, zero
core   0: 3 0x00000000800000d0 (0xf0000d53) f26 0xffffffff00000000
core   0: 0x00000000800000d4 (0xf0000dd3) fmv.w.x fs11, zero
core   0: 3 0x00000000800000d4 (0xf0000dd3) f27 0xffffffff00000000
core   0: 0x00000000800000d8 (0xf0000e53) fmv.w.x ft8, zero
core   0: 3 0x00000000800000d8 (0xf0000e53) f28 0xffffffff00000000
core   0: 0x00000000800000dc (0xf0000ed3) fmv.w.x ft9, zero
core   0: 3 0x00000000800000dc (0xf0000ed3) f29 0xffffffff00000000
core   0: 0x00000000800000e0 (0xf0000f53) fmv.w.x ft10, zero
core   0: 3 0x00000000800000e0 (0xf0000f53) f30 0xffffffff00000000
core   0: 0x00000000800000e4 (0xf0000fd3) fmv.w.x ft11, zero
core   0: 3 0x00000000800000e4 (0xf0000fd3) f31 0xffffffff00000000
core   0: 0x00000000800000e8 (0x00000297) auipc   t0, 0x0
core   0: 3 0x00000000800000e8 (0x00000297) x5  0x00000000800000e8
core   0: 0x00000000800000ec (0x03c28293) addi    t0, t0, 60
core   0: 3 0x00000000800000ec (0x03c28293) x5  0x0000000080000124
core   0: 0x00000000800000f0 (0x30529073) csrrw   zero, mtvec, t0
core   0: 3 0x00000000800000f0 (0x30529073) c773_mtvec 0x0000000080000124
core   0: 0x00000000800000f4 (0x00012197) auipc   gp, 0x12
core   0: 3 0x00000000800000f4 (0x00012197) x3  0x00000000800120f4
core   0: 0x00000000800000f8 (0x73418193) addi    gp, gp, 1844
core   0: 3 0x00000000800000f8 (0x73418193) x3  0x0000000080012828
core   0: 0x00000000800000fc (0x00012217) auipc   tp, 0x12
core   0: 3 0x00000000800000fc (0x00012217) x4  0x00000000800120fc
core   0: 0x0000000080000100 (0xf8320213) addi    tp, tp, -125
core   0: 3 0x0000000080000100 (0xf8320213) x4  0x000000008001207f
core   0: 0x0000000080000104 (0xfc027213) andi    tp, tp, -64
core   0: 3 0x0000000080000104 (0xfc027213) x4  0x0000000080012040
core   0: 0x0000000080000108 (0xf1402573) csrrs   a0, mhartid, zero
core   0: 3 0x0000000080000108 (0xf1402573) x10 0x0000000000000000
core   0: 0x000000008000010c (0x00004585) c.li    a1, 1
core   0: 3 0x000000008000010c (0x4585) x11 0x0000000000000001
core   0: 0x000000008000010e (0x00b57063) bgeu    a0, a1, pc + 0
core   0: 3 0x000000008000010e (0x00b57063)
core   0: 0x0000000080000112 (0x00150113) addi    sp, a0, 1
core   0: 3 0x0000000080000112 (0x00150113) x2  0x0000000000000001
core   0: 0x0000000080000116 (0x00000146) c.slli  sp, 17
core   0: 3 0x0000000080000116 (0x0146) x2  0x0000000000020000
core   0: 0x0000000080000118 (0x00009112) c.add   sp, tp
core   0: 3 0x0000000080000118 (0x9112) x2  0x0000000080032040
core   0: 0x000000008000011a (0x01151613) slli    a2, a0, 17
core   0: 3 0x000000008000011a (0x01151613) x12 0x0000000000000000
core   0: 0x000000008000011e (0x00009232) c.add   tp, a2
core   0: 3 0x000000008000011e (0x9232) x4  0x0000000080012040
core   0: 0x0000000080000120 (0x4160f06f) j       pc + 0xf416
core   0: 3 0x0000000080000120 (0x4160f06f)
core   0: >>>>  _init
core   0: 0x000000008000f536 (0x00007171) c.addi16sp sp, -176
core   0: 3 0x000000008000f536 (0x7171) x2  0x0000000080031f90
core   0: 0x000000008000f538 (0x0000f506) c.sdsp  ra, 168(sp)
core   0: 3 0x000000008000f538 (0xf506) mem 0x0000000080032038 0x0000000000000000
core   0: 0x000000008000f53a (0x0000f122) c.sdsp  s0, 160(sp)
core   0: 3 0x000000008000f53a (0xf122) mem 0x0000000080032030 0x0000000000000000
core   0: 0x000000008000f53c (0x0000ed26) c.sdsp  s1, 152(sp)
core   0: 3 0x000000008000f53c (0xed26) mem 0x0000000080032028 0x0000000000000000
core   0: 0x000000008000f53e (0x00001900) c.addi4spn s0, sp, 176
core   0: 3 0x000000008000f53e (0x1900) x8  0x0000000080032040
core   0: 0x000000008000f540 (0x000087aa) c.mv    a5, a0
core   0: 3 0x000000008000f540 (0x87aa) x15 0x0000000000000000
core   0: 0x000000008000f542 (0x0000872e) c.mv    a4, a1
core   0: 3 0x000000008000f542 (0x872e) x14 0x0000000000000001
core   0: 0x000000008000f544 (0xf4f42e23) sw      a5, -164(s0)
core   0: 3 0x000000008000f544 (0xf4f42e23) mem 0x0000000080031f9c 0x00000000
core   0: 0x000000008000f548 (0x000087ba) c.mv    a5, a4
core   0: 3 0x000000008000f548 (0x87ba) x15 0x0000000000000001
core   0: 0x000000008000f54a (0xf4f42c23) sw      a5, -168(s0)
core   0: 3 0x000000008000f54a (0xf4f42c23) mem 0x0000000080031f98 0x00000001
core   0: 0x000000008000f54e (0xfe040793) addi    a5, s0, -32
core   0: 3 0x000000008000f54e (0xfe040793) x15 0x0000000080032020
core   0: 0x000000008000f552 (0xf4f43823) sd      a5, -176(s0)
core   0: 3 0x000000008000f552 (0xf4f43823) mem 0x0000000080031f90 0x0000000080032020
core   0: 0x000000008000f556 (0xf5043783) ld      a5, -176(s0)
core   0: 3 0x000000008000f556 (0xf5043783) x15 0x0000000080032020 mem 0x0000000080031f90
core   0: 0x000000008000f55a (0xf8078793) addi    a5, a5, -128
core   0: 3 0x000000008000f55a (0xf8078793) x15 0x0000000080031fa0
core   0: 0x000000008000f55e (0x03f78793) addi    a5, a5, 63
core   0: 3 0x000000008000f55e (0x03f78793) x15 0x0000000080031fdf
core   0: 0x000000008000f562 (0x00008399) c.srli  a5, 6
core   0: 3 0x000000008000f562 (0x8399) x15 0x0000000002000c7f
core   0: 0x000000008000f564 (0x00679493) slli    s1, a5, 6
core   0: 3 0x000000008000f564 (0x00679493) x9  0x0000000080031fc0
core   0: 0x000000008000f568 (0xf65ff0ef) jal     pc - 0x9c
core   0: 3 0x000000008000f568 (0xf65ff0ef) x1  0x000000008000f56c
core   0: >>>>  init_tls
core   0: 0x000000008000f4cc (0x00001101) c.addi  sp, -32
core   0: 3 0x000000008000f4cc (0x1101) x2  0x0000000080031f70
core   0: 0x000000008000f4ce (0x0000ec06) c.sdsp  ra, 24(sp)
core   0: 3 0x000000008000f4ce (0xec06) mem 0x0000000080031f88 0x000000008000f56c
core   0: 0x000000008000f4d0 (0x0000e822) c.sdsp  s0, 16(sp)
core   0: 3 0x000000008000f4d0 (0xe822) mem 0x0000000080031f80 0x0000000080032040
core   0: 0x000000008000f4d2 (0x00001000) c.addi4spn s0, sp, 32
core   0: 3 0x000000008000f4d2 (0x1000) x8  0x0000000080031f90
core   0: 0x000000008000f4d4 (0x00003717) auipc   a4, 0x3
core   0: 3 0x000000008000f4d4 (0x00003717) x14 0x00000000800124d4
core   0: 0x000000008000f4d8 (0xb5470713) addi    a4, a4, -1196
core   0: 3 0x000000008000f4d8 (0xb5470713) x14 0x0000000080012028
core   0: 0x000000008000f4dc (0x00003797) auipc   a5, 0x3
core   0: 3 0x000000008000f4dc (0x00003797) x15 0x00000000800124dc
core   0: 0x000000008000f4e0 (0xb4c78793) addi    a5, a5, -1204
core   0: 3 0x000000008000f4e0 (0xb4c78793) x15 0x0000000080012028
core   0: 0x000000008000f4e4 (0x40f707b3) sub     a5, a4, a5
core   0: 3 0x000000008000f4e4 (0x40f707b3) x15 0x0000000000000000
core   0: 0x000000008000f4e8 (0xfef43423) sd      a5, -24(s0)
core   0: 3 0x000000008000f4e8 (0xfef43423) mem 0x0000000080031f78 0x0000000000000000
core   0: 0x000000008000f4ec (0x00008792) c.mv    a5, tp
core   0: 3 0x000000008000f4ec (0x8792) x15 0x0000000080012040
core   0: 0x000000008000f4ee (0xfe843603) ld      a2, -24(s0)
core   0: 3 0x000000008000f4ee (0xfe843603) x12 0x0000000000000000 mem 0x0000000080031f78
core   0: 0x000000008000f4f2 (0x00003597) auipc   a1, 0x3
core   0: 3 0x000000008000f4f2 (0x00003597) x11 0x00000000800124f2
core   0: 0x000000008000f4f6 (0xb3658593) addi    a1, a1, -1226
core   0: 3 0x000000008000f4f6 (0xb3658593) x11 0x0000000080012028
core   0: 0x000000008000f4fa (0x0000853e) c.mv    a0, a5
core   0: 3 0x000000008000f4fa (0x853e) x10 0x0000000080012040
core   0: 0x000000008000f4fc (0x0f9000ef) jal     pc + 0x8f8
core   0: 3 0x000000008000f4fc (0x0f9000ef) x1  0x000000008000f500
core   0: >>>>  memcpy
core   0: 0x000000008000fdf4 (0x0000715d) c.addi16sp sp, -80
core   0: 3 0x000000008000fdf4 (0x715d) x2  0x0000000080031f20
core   0: 0x000000008000fdf6 (0x0000e4a2) c.sdsp  s0, 72(sp)
core   0: 3 0x000000008000fdf6 (0xe4a2) mem 0x0000000080031f68 0x0000000080031f90
core   0: 0x000000008000fdf8 (0x00000880) c.addi4spn s0, sp, 80
core   0: 3 0x000000008000fdf8 (0x0880) x8  0x0000000080031f70
core   0: 0x000000008000fdfa (0xfca43423) sd      a0, -56(s0)
core   0: 3 0x000000008000fdfa (0xfca43423) mem 0x0000000080031f38 0x0000000080012040
core   0: 0x000000008000fdfe (0xfcb43023) sd      a1, -64(s0)
core   0: 3 0x000000008000fdfe (0xfcb43023) mem 0x0000000080031f30 0x0000000080012028
core   0: 0x000000008000fe02 (0xfac43c23) sd      a2, -72(s0)
core   0: 3 0x000000008000fe02 (0xfac43c23) mem 0x0000000080031f28 0x0000000000000000
core   0: 0x000000008000fe06 (0xfc843703) ld      a4, -56(s0)
core   0: 3 0x000000008000fe06 (0xfc843703) x14 0x0000000080012040 mem 0x0000000080031f38
core   0: 0x000000008000fe0a (0xfc043783) ld      a5, -64(s0)
core   0: 3 0x000000008000fe0a (0xfc043783) x15 0x0000000080012028 mem 0x0000000080031f30
core   0: 0x000000008000fe0e (0x00008f5d) c.or    a4, a5
core   0: 3 0x000000008000fe0e (0x8f5d) x14 0x0000000080012068
core   0: 0x000000008000fe10 (0xfb843783) ld      a5, -72(s0)
core   0: 3 0x000000008000fe10 (0xfb843783) x15 0x0000000000000000 mem 0x0000000080031f28
core   0: 0x000000008000fe14 (0x00008fd9) c.or    a5, a4
core   0: 3 0x000000008000fe14 (0x8fd9) x15 0x0000000080012068
core   0: 0x000000008000fe16 (0x00008b9d) c.andi  a5, 7
core   0: 3 0x000000008000fe16 (0x8b9d) x15 0x0000000000000000
core   0: 0x000000008000fe18 (0x0000e3b1) c.bnez  a5, pc + 68
core   0: 3 0x000000008000fe18 (0xe3b1)
core   0: 0x000000008000fe1a (0xfc043783) ld      a5, -64(s0)
core   0: 3 0x000000008000fe1a (0xfc043783) x15 0x0000000080012028 mem 0x0000000080031f30
core   0: 0x000000008000fe1e (0xfef43423) sd      a5, -24(s0)
core   0: 3 0x000000008000fe1e (0xfef43423) mem 0x0000000080031f58 0x0000000080012028
core   0: 0x000000008000fe22 (0xfc843783) ld      a5, -56(s0)
core   0: 3 0x000000008000fe22 (0xfc843783) x15 0x0000000080012040 mem 0x0000000080031f38
core   0: 0x000000008000fe26 (0xfef43023) sd      a5, -32(s0)
core   0: 3 0x000000008000fe26 (0xfef43023) mem 0x0000000080031f50 0x0000000080012040
core   0: 0x000000008000fe2a (0x0000a839) c.j     pc + 30
core   0: 3 0x000000008000fe2a (0xa839)
core   0: 0x000000008000fe48 (0xfc843703) ld      a4, -56(s0)
core   0: 3 0x000000008000fe48 (0xfc843703) x14 0x0000000080012040 mem 0x0000000080031f38
core   0: 0x000000008000fe4c (0xfb843783) ld      a5, -72(s0)
core   0: 3 0x000000008000fe4c (0xfb843783) x15 0x0000000000000000 mem 0x0000000080031f28
core   0: 0x000000008000fe50 (0x000097ba) c.add   a5, a4
core   0: 3 0x000000008000fe50 (0x97ba) x15 0x0000000080012040
core   0: 0x000000008000fe52 (0xfe043703) ld      a4, -32(s0)
core   0: 3 0x000000008000fe52 (0xfe043703) x14 0x0000000080012040 mem 0x0000000080031f50
core   0: 0x000000008000fe56 (0xfcf76be3) bltu    a4, a5, pc - 42
core   0: 3 0x000000008000fe56 (0xfcf76be3)
core   0: 0x000000008000fe5a (0x0000a099) c.j     pc + 70
core   0: 3 0x000000008000fe5a (0xa099)
core   0: 0x000000008000fea0 (0xfc843783) ld      a5, -56(s0)
core   0: 3 0x000000008000fea0 (0xfc843783) x15 0x0000000080012040 mem 0x0000000080031f38
core   0: 0x000000008000fea4 (0x0000853e) c.mv    a0, a5
core   0: 3 0x000000008000fea4 (0x853e) x10 0x0000000080012040
core   0: 0x000000008000fea6 (0x00006426) c.ldsp  s0, 72(sp)
core   0: 3 0x000000008000fea6 (0x6426) x8  0x0000000080031f90 mem 0x0000000080031f68
core   0: 0x000000008000fea8 (0x00006161) c.addi16sp sp, 80
core   0: 3 0x000000008000fea8 (0x6161) x2  0x0000000080031f70
core   0: 0x000000008000feaa (0x00008082) ret
core   0: 3 0x000000008000feaa (0x8082)
core   0: 0x000000008000f500 (0x00003717) auipc   a4, 0x3
core   0: 3 0x000000008000f500 (0x00003717) x14 0x0000000080012500
core   0: 0x000000008000f504 (0xbc470713) addi    a4, a4, -1084
core   0: 3 0x000000008000f504 (0xbc470713) x14 0x00000000800120c4
core   0: 0x000000008000f508 (0x00003797) auipc   a5, 0x3
core   0: 3 0x000000008000f508 (0x00003797) x15 0x0000000080012508
core   0: 0x000000008000f50c (0xb2078793) addi    a5, a5, -1248
core   0: 3 0x000000008000f50c (0xb2078793) x15 0x0000000080012028
core   0: 0x000000008000f510 (0x40f707b3) sub     a5, a4, a5
core   0: 3 0x000000008000f510 (0x40f707b3) x15 0x000000000000009c
core   0: 0x000000008000f514 (0xfef43023) sd      a5, -32(s0)
core   0: 3 0x000000008000f514 (0xfef43023) mem 0x0000000080031f70 0x000000000000009c
core   0: 0x000000008000f518 (0x00008712) c.mv    a4, tp
core   0: 3 0x000000008000f518 (0x8712) x14 0x0000000080012040
core   0: 0x000000008000f51a (0xfe843783) ld      a5, -24(s0)
core   0: 3 0x000000008000f51a (0xfe843783) x15 0x0000000000000000 mem 0x0000000080031f78
core   0: 0x000000008000f51e (0x000097ba) c.add   a5, a4
core   0: 3 0x000000008000f51e (0x97ba) x15 0x0000000080012040
core   0: 0x000000008000f520 (0xfe043603) ld      a2, -32(s0)
core   0: 3 0x000000008000f520 (0xfe043603) x12 0x000000000000009c mem 0x0000000080031f70
core   0: 0x000000008000f524 (0x00004581) c.li    a1, 0
core   0: 3 0x000000008000f524 (0x4581) x11 0x0000000000000000
core   0: 0x000000008000f526 (0x0000853e) c.mv    a0, a5
core   0: 3 0x000000008000f526 (0x853e) x10 0x0000000080012040
core   0: 0x000000008000f528 (0x185000ef) jal     pc + 0x984
core   0: 3 0x000000008000f528 (0x185000ef) x1  0x000000008000f52c
core   0: >>>>  memset
core   0: 0x000000008000feac (0x0000715d) c.addi16sp sp, -80
core   0: 3 0x000000008000feac (0x715d) x2  0x0000000080031f20
core   0: 0x000000008000feae (0x0000e4a2) c.sdsp  s0, 72(sp)
core   0: 3 0x000000008000feae (0xe4a2) mem 0x0000000080031f68 0x0000000080031f90
core   0: 0x000000008000feb0 (0x00000880) c.addi4spn s0, sp, 80
core   0: 3 0x000000008000feb0 (0x0880) x8  0x0000000080031f70
core   0: 0x000000008000feb2 (0xfca43423) sd      a0, -56(s0)
core   0: 3 0x000000008000feb2 (0xfca43423) mem 0x0000000080031f38 0x0000000080012040
core   0: 0x000000008000feb6 (0x000087ae) c.mv    a5, a1
core   0: 3 0x000000008000feb6 (0x87ae) x15 0x0000000000000000
core   0: 0x000000008000feb8 (0xfac43c23) sd      a2, -72(s0)
core   0: 3 0x000000008000feb8 (0xfac43c23) mem 0x0000000080031f28 0x000000000000009c
core   0: 0x000000008000febc (0xfcf42223) sw      a5, -60(s0)
core   0: 3 0x000000008000febc (0xfcf42223) mem 0x0000000080031f34 0x00000000
core   0: 0x000000008000fec0 (0xfc843703) ld      a4, -56(s0)
core   0: 3 0x000000008000fec0 (0xfc843703) x14 0x0000000080012040 mem 0x0000000080031f38
core   0: 0x000000008000fec4 (0xfb843783) ld      a5, -72(s0)
core   0: 3 0x000000008000fec4 (0xfb843783) x15 0x000000000000009c mem 0x0000000080031f28
core   0: 0x000000008000fec8 (0x00008fd9) c.or    a5, a4
core   0: 3 0x000000008000fec8 (0x8fd9) x15 0x00000000800120dc
core   0: 0x000000008000feca (0x00008b9d) c.andi  a5, 7
core   0: 3 0x000000008000feca (0x8b9d) x15 0x0000000000000004
core   0: 0x000000008000fecc (0x0000e7bd) c.bnez  a5, pc + 110
core   0: 3 0x000000008000fecc (0xe7bd)
core   0: 0x000000008000ff3a (0xfc843783) ld      a5, -56(s0)
core   0: 3 0x000000008000ff3a (0xfc843783) x15 0x0000000080012040 mem 0x0000000080031f38
core   0: 0x000000008000ff3e (0xfef43023) sd      a5, -32(s0)
core   0: 3 0x000000008000ff3e (0xfef43023) mem 0x0000000080031f50 0x0000000080012040
core   0: 0x000000008000ff42 (0x0000a829) c.j     pc + 26
core   0: 3 0x000000008000ff42 (0xa829)
core   0: 0x000000008000ff5c (0xfc843703) ld      a4, -56(s0)
core   0: 3 0x000000008000ff5c (0xfc843703) x14 0x0000000080012040 mem 0x0000000080031f38
core   0: 0x000000008000ff60 (0xfb843783) ld      a5, -72(s0)
core   0: 3 0x000000008000ff60 (0xfb843783) x15 0x000000000000009c mem 0x0000000080031f28
core   0: 0x000000008000ff64 (0x000097ba) c.add   a5, a4
core   0: 3 0x000000008000ff64 (0x97ba) x15 0x00000000800120dc
core   0: 0x000000008000ff66 (0xfe043703) ld      a4, -32(s0)
core   0: 3 0x000000008000ff66 (0xfe043703) x14 0x0000000080012040 mem 0x0000000080031f50
core   0: 0x000000008000ff6a (0xfcf76de3) bltu    a4, a5, pc - 38
core   0: 3 0x000000008000ff6a (0xfcf76de3)
core   0: 0x000000008000ff44 (0xfe043783) ld      a5, -32(s0)
core   0: 3 0x000000008000ff44 (0xfe043783) x15 0x0000000080012040 mem 0x0000000080031f50
core   0: 0x000000008000ff48 (0x00178713) addi    a4, a5, 1
core   0: 3 0x000000008000ff48 (0x00178713) x14 0x0000000080012041
core   0: 0x000000008000ff4c (0xfee43023) sd      a4, -32(s0)
core   0: 3 0x000000008000ff4c (0xfee43023) mem 0x0000000080031f50 0x0000000080012041
core   0: 0x000000008000ff50 (0xfc442703) lw      a4, -60(s0)
core   0: 3 0x000000008000ff50 (0xfc442703) x14 0x0000000000000000 mem 0x0000000080031f34
core   0: 0x000000008000ff54 (0x0ff77713) andi    a4, a4, 255
core   0: 3 0x000000008000ff54 (0x0ff77713) x14 0x0000000000000000
core   0: 0x000000008000ff58 (0x00e78023) sb      a4, 0(a5)
core   0: 3 0x000000008000ff58 (0x00e78023) mem 0x0000000080012040 0x00
core   0: 0x000000008000ff5c (0xfc843703) ld      a4, -56(s0)
core   0: 3 0x000000008000ff5c (0xfc843703) x14 0x0000000080012040 mem 0x0000000080031f38
core   0: 0x000000008000ff60 (0xfb843783) ld      a5, -72(s0)
core   0: 3 0x000000008000ff60 (0xfb843783) x15 0x000000000000009c mem 0x0000000080031f28
core   0: 0x000000008000ff64 (0x000097ba) c.add   a5, a4
core   0: 3 0x000000008000ff64 (0x97ba) x15 0x00000000800120dc
core   0: 0x000000008000ff66 (0xfe043703) ld      a4, -32(s0)
core   0: 3 0x000000008000ff66 (0xfe043703) x14 0x0000000080012041 mem 0x0000000080031f50
core   0: 0x000000008000ff6a (0xfcf76de3) bltu    a4, a5, pc - 38
core   0: 3 0x000000008000ff6a (0xfcf76de3)
core   0: 0x000000008000ff44 (0xfe043783) ld      a5, -32(s0)
core   0: 3 0x000000008000ff44 (0xfe043783) x15 0x0000000080012041 mem 0x0000000080031f50
core   0: 0x000000008000ff48 (0x00178713) addi    a4, a5, 1
core   0: 3 0x000000008000ff48 (0x00178713) x14 0x0000000080012042
core   0: 0x000000008000ff4c (0xfee43023) sd      a4, -32(s0)
core   0: 3 0x000000008000ff4c (0xfee43023) mem 0x0000000080031f50 0x0000000080012042
core   0: 0x000000008000ff50 (0xfc442703) lw      a4, -60(s0)
core   0: 3 0x000000008000ff50 (0xfc442703) x14 0x0000000000000000 mem 0x0000000080031f34
core   0: 0x000000008000ff54 (0x0ff77713) andi    a4, a4, 255
core   0: 3 0x000000008000ff54 (0x0ff77713) x14 0x0000000000000000
core   0: 0x000000008000ff58 (0x00e78023) sb      a4, 0(a5)
core   0: 3 0x000000008000ff58 (0x00e78023) mem 0x0000000080012041 0x00
core   0: 0x000000008000ff5c (0xfc843703) ld      a4, -56(s0)
core   0: 3 0x000000008000ff5c (0xfc843703) x14 0x0000000080012040 mem 0x0000000080031f38
core   0: 0x000000008000ff60 (0xfb843783) ld      a5, -72(s0)
core   0: 3 0x000000008000ff60 (0xfb843783) x15 0x000000000000009c mem 0x0000000080031f28
core   0: 0x000000008000ff64 (0x000097ba) c.add   a5, a4
core   0: 3 0x000000008000ff64 (0x97ba) x15 0x00000000800120dc
core   0: 0x000000008000ff66 (0xfe043703) ld      a4, -32(s0)
core   0: 3 0x000000008000ff66 (0xfe043703) x14 0x0000000080012042 mem 0x0000000080031f50
core   0: 0x000000008000ff6a (0xfcf76de3) bltu    a4, a5, pc - 38
core   0: 3 0x000000008000ff6a (0xfcf76de3)
core   0: 0x000000008000ff44 (0xfe043783) ld      a5, -32(s0)
core   0: 3 0x000000008000ff44 (0xfe043783) x15 0x0000000080012042 mem 0x0000000080031f50
core   0: 0x000000008000ff48 (0x00178713) addi    a4, a5, 1
core   0: 3 0x000000008000ff48 (0x00178713) x14 0x0000000080012043
core   0: 0x000000008000ff4c (0xfee43023) sd      a4, -32(s0)
core   0: 3 0x000000008000ff4c (0xfee43023) mem 0x0000000080031f50 0x0000000080012043
core   0: 0x000000008000ff50 (0xfc442703) lw      a4, -60(s0)
core   0: 3 0x000000008000ff50 (0xfc442703) x14 0x0000000000000000 mem 0x0000000080031f34
core   0: 0x000000008000ff54 (0x0ff77713) andi    a4, a4, 255
core   0: 3 0x000000008000ff54 (0x0ff77713) x14 0x0000000000000000
core   0: 0x000000008000ff58 (0x00e78023) sb      a4, 0(a5)
core   0: 3 0x000000008000ff58 (0x00e78023) mem 0x0000000080012042 0x00
core   0: 0x000000008000ff5c (0xfc843703) ld      a4, -56(s0)
core   0: 3 0x000000008000ff5c (0xfc843703) x14 0x0000000080012040 mem 0x0000000080031f38
core   0: 0x000000008000ff60 (0xfb843783) ld      a5, -72(s0)
core   0: 3 0x000000008000ff60 (0xfb843783) x15 0x000000000000009c mem 0x0000000080031f28
core   0: 0x000000008000ff64 (0x000097ba) c.add   a5, a4
core   0: 3 0x000000008000ff64 (0x97ba) x15 0x00000000800120dc
core   0: 0x000000008000ff66 (0xfe043703) ld      a4, -32(s0)
core   0: 3 0x000000008000ff66 (0xfe043703) x14 0x0000000080012043 mem 0x0000000080031f50
core   0: 0x000000008000ff6a (0xfcf76de3) bltu    a4, a5, pc - 38
core   0: 3 0x000000008000ff6a (0xfcf76de3)
core   0: 0x000000008000ff44 (0xfe043783) ld      a5, -32(s0)
core   0: 3 0x000000008000ff44 (0xfe043783) x15 0x0000000080012043 mem 0x0000000080031f50
core   0: 0x000000008000ff48 (0x00178713) addi    a4, a5, 1
core   0: 3 0x000000008000ff48 (0x00178713) x14 0x0000000080012044
core   0: 0x000000008000ff4c (0xfee43023) sd      a4, -32(s0)
core   0: 3 0x000000008000ff4c (0xfee43023) mem 0x0000000080031f50 0x0000000080012044
core   0: 0x000000008000ff50 (0xfc442703) lw      a4, -60(s0)
core   0: 3 0x000000008000ff50 (0xfc442703) x14 0x0000000000000000 mem 0x0000000080031f34
core   0: 0x000000008000ff54 (0x0ff77713) andi    a4, a4, 255
core   0: 3 0x000000008000ff54 (0x0ff77713) x14 0x0000000000000000
core   0: 0x000000008000ff58 (0x00e78023) sb      a4, 0(a5)
core   0: 3 0x000000008000ff58 (0x00e78023) mem 0x0000000080012043 0x00
core   0: 0x000000008000ff5c (0xfc843703) ld      a4, -56(s0)
core   0: 3 0x000000008000ff5c (0xfc843703) x14 0x0000000080012040 mem 0x0000000080031f38
core   0: 0x000000008000ff60 (0xfb843783) ld      a5, -72(s0)
core   0: 3 0x000000008000ff60 (0xfb843783) x15 0x000000000000009c mem 0x0000000080031f28
core   0: 0x000000008000ff64 (0x000097ba) c.add   a5, a4
core   0: 3 0x000000008000ff64 (0x97ba) x15 0x00000000800120dc
core   0: 0x000000008000ff66 (0xfe043703) ld      a4, -32(s0)
core   0: 3 0x000000008000ff66 (0xfe043703) x14 0x0000000080012044 mem 0x0000000080031f50
core   0: 0x000000008000ff6a (0xfcf76de3) bltu    a4, a5, pc - 38
core   0: 3 0x000000008000ff6a (0xfcf76de3)
core   0: 0x000000008000ff44 (0xfe043783) ld      a5, -32(s0)
core   0: 3 0x000000008000ff44 (0xfe043783) x15 0x0000000080012044 mem 0x0000000080031f50
core   0: 0x000000008000ff48 (0x00178713) addi    a4, a5, 1
core   0: 3 0x000000008000ff48 (0x00178713) x14 0x0000000080012045
core   0: 0x000000008000ff4c (0xfee43023) sd      a4, -32(s0)
core   0: 3 0x000000008000ff4c (0xfee43023) mem 0x0000000080031f50 0x0000000080012045
core   0: 0x000000008000ff50 (0xfc442703) lw      a4, -60(s0)
core   0: 3 0x000000008000ff50 (0xfc442703) x14 0x0000000000000000 mem 0x0000000080031f34
core   0: 0x000000008000ff54 (0x0ff77713) andi    a4, a4, 255
core   0: 3 0x000000008000ff54 (0x0ff77713) x14 0x0000000000000000
core   0: 0x000000008000ff58 (0x00e78023) sb      a4, 0(a5)
core   0: 3 0x000000008000ff58 (0x00e78023) mem 0x0000000080012044 0x00
core   0: 0x000000008000ff5c (0xfc843703) ld      a4, -56(s0)
core   0: 3 0x000000008000ff5c (0xfc843703) x14 0x0000000080012040 mem 0x0000000080031f38
core   0: 0x000000008000ff60 (0xfb843783) ld      a5, -72(s0)
core   0: 3 0x000000008000ff60 (0xfb843783) x15 0x000000000000009c mem 0x0000000080031f28
core   0: 0x000000008000ff64 (0x000097ba) c.add   a5, a4
core   0: 3 0x000000008000ff64 (0x97ba) x15 0x00000000800120dc
core   0: 0x000000008000ff66 (0xfe043703) ld      a4, -32(s0)
core   0: 3 0x000000008000ff66 (0xfe043703) x14 0x0000000080012045 mem 0x0000000080031f50
core   0: 0x000000008000ff6a (0xfcf76de3) bltu    a4, a5, pc - 38
core   0: 3 0x000000008000ff6a (0xfcf76de3)
core   0: 0x000000008000ff44 (0xfe043783) ld      a5, -32(s0)
core   0: 3 0x000000008000ff44 (0xfe043783) x15 0x0000000080012045 mem 0x0000000080031f50
core   0: 0x000000008000ff48 (0x00178713) addi    a4, a5, 1
core   0: 3 0x000000008000ff48 (0x00178713) x14 0x0000000080012046
core   0: 0x000000008000ff4c (0xfee43023) sd      a4, -32(s0)
core   0: 3 0x000000008000ff4c (0xfee43023) mem 0x0000000080031f50 0x0000000080012046
core   0: 0x000000008000ff50 (0xfc442703) lw      a4, -60(s0)
core   0: 3 0x000000008000ff50 (0xfc442703) x14 0x0000000000000000 mem 0x0000000080031f34
core   0: 0x000000008000ff54 (0x0ff77713) andi    a4, a4, 255
core   0: 3 0x000000008000ff54 (0x0ff77713) x14 0x0000000000000000
core   0: 0x000000008000ff58 (0x00e78023) sb      a4, 0(a5)
core   0: 3 0x000000008000ff58 (0x00e78023) mem 0x0000000080012045 0x00
core   0: 0x000000008000ff5c (0xfc843703) ld      a4, -56(s0)
core   0: 3 0x000000008000ff5c (0xfc843703) x14 0x0000000080012040 mem 0x0000000080031f38
core   0: 0x000000008000ff60 (0xfb843783) ld      a5, -72(s0)
core   0: 3 0x000000008000ff60 (0xfb843783) x15 0x000000000000009c mem 0x0000000080031f28
core   0: 0x000000008000ff64 (0x000097ba) c.add   a5, a4
core   0: 3 0x000000008000ff64 (0x97ba) x15 0x00000000800120dc
core   0: 0x000000008000ff66 (0xfe043703) ld      a4, -32(s0)
core   0: 3 0x000000008000ff66 (0xfe043703) x14 0x0000000080012046 mem 0x0000000080031f50
core   0: 0x000000008000ff6a (0xfcf76de3) bltu    a4, a5, pc - 38
core   0: 3 0x000000008000ff6a (0xfcf76de3)
core   0: 0x000000008000ff44 (0xfe043783) ld      a5, -32(s0)
core   0: 3 0x000000008000ff44 (0xfe043783) x15 0x0000000080012046 mem 0x0000000080031f50
core   0: 0x000000008000ff48 (0x00178713) addi    a4, a5, 1
core   0: 3 0x000000008000ff48 (0x00178713) x14 0x0000000080012047
core   0: 0x000000008000ff4c (0xfee43023) sd      a4, -32(s0)
core   0: 3 0x000000008000ff4c (0xfee43023) mem 0x0000000080031f50 0x0000000080012047
core   0: 0x000000008000ff50 (0xfc442703) lw      a4, -60(s0)
core   0: 3 0x000000008000ff50 (0xfc442703) x14 0x0000000000000000 mem 0x0000000080031f34
core   0: 0x000000008000ff54 (0x0ff77713) andi    a4, a4, 255
core   0: 3 0x000000008000ff54 (0x0ff77713) x14 0x0000000000000000
core   0: 0x000000008000ff58 (0x00e78023) sb      a4, 0(a5)
core   0: 3 0x000000008000ff58 (0x00e78023) mem 0x0000000080012046 0x00
core   0: 0x000000008000ff5c (0xfc843703) ld      a4, -56(s0)
core   0: 3 0x000000008000ff5c (0xfc843703) x14 0x0000000080012040 mem 0x0000000080031f38
core   0: 0x000000008000ff60 (0xfb843783) ld      a5, -72(s0)
core   0: 3 0x000000008000ff60 (0xfb843783) x15 0x000000000000009c mem 0x0000000080031f28
core   0: 0x000000008000ff64 (0x000097ba) c.add   a5, a4
core   0: 3 0x000000008000ff64 (0x97ba) x15 0x00000000800120dc
core   0: 0x000000008000ff66 (0xfe043703) ld      a4, -32(s0)
core   0: 3 0x000000008000ff66 (0xfe043703) x14 0x0000000080012047 mem 0x0000000080031f50
core   0: 0x000000008000ff6a (0xfcf76de3) bltu    a4, a5, pc - 38
core   0: 3 0x000000008000ff6a (0xfcf76de3)
core   0: 0x000000008000ff44 (0xfe043783) ld      a5, -32(s0)
core   0: 3 0x000000008000ff44 (0xfe043783) x15 0x0000000080012047 mem 0x0000000080031f50
core   0: 0x000000008000ff48 (0x00178713) addi    a4, a5, 1
core   0: 3 0x000000008000ff48 (0x00178713) x14 0x0000000080012048
core   0: 0x000000008000ff4c (0xfee43023) sd      a4, -32(s0)
core   0: 3 0x000000008000ff4c (0xfee43023) mem 0x0000000080031f50 0x0000000080012048
core   0: 0x000000008000ff50 (0xfc442703) lw      a4, -60(s0)
core   0: 3 0x000000008000ff50 (0xfc442703) x14 0x0000000000000000 mem 0x0000000080031f34
core   0: 0x000000008000ff54 (0x0ff77713) andi    a4, a4, 255
core   0: 3 0x000000008000ff54 (0x0ff77713) x14 0x0000000000000000
core   0: 0x000000008000ff58 (0x00e78023) sb      a4, 0(a5)
core   0: 3 0x000000008000ff58 (0x00e78023) mem 0x0000000080012047 0x00
core   0: 0x000000008000ff5c (0xfc843703) ld      a4, -56(s0)
core   0: 3 0x000000008000ff5c (0xfc843703) x14 0x0000000080012040 mem 0x0000000080031f38
core   0: 0x000000008000ff60 (0xfb843783) ld      a5, -72(s0)
core   0: 3 0x000000008000ff60 (0xfb843783) x15 0x000000000000009c mem 0x0000000080031f28
core   0: 0x000000008000ff64 (0x000097ba) c.add   a5, a4
core   0: 3 0x000000008000ff64 (0x97ba) x15 0x00000000800120dc
core   0: 0x000000008000ff66 (0xfe043703) ld      a4, -32(s0)
core   0: 3 0x000000008000ff66 (0xfe043703) x14 0x0000000080012048 mem 0x0000000080031f50
core   0: 0x000000008000ff6a (0xfcf76de3) bltu    a4, a5, pc - 38
core   0: 3 0x000000008000ff6a (0xfcf76de3)
core   0: 0x000000008000ff44 (0xfe043783) ld      a5, -32(s0)
core   0: 3 0x000000008000ff44 (0xfe043783) x15 0x0000000080012048 mem 0x0000000080031f50
core   0: 0x000000008000ff48 (0x00178713) addi    a4, a5, 1
core   0: 3 0x000000008000ff48 (0x00178713) x14 0x0000000080012049
core   0: 0x000000008000ff4c (0xfee43023) sd      a4, -32(s0)
core   0: 3 0x000000008000ff4c (0xfee43023) mem 0x0000000080031f50 0x0000000080012049
core   0: 0x000000008000ff50 (0xfc442703) lw      a4, -60(s0)
core   0: 3 0x000000008000ff50 (0xfc442703) x14 0x0000000000000000 mem 0x0000000080031f34
core   0: 0x000000008000ff54 (0x0ff77713) andi    a4, a4, 255
core   0: 3 0x000000008000ff54 (0x0ff77713) x14 0x0000000000000000
core   0: 0x000000008000ff58 (0x00e78023) sb      a4, 0(a5)
core   0: 3 0x000000008000ff58 (0x00e78023) mem 0x0000000080012048 0x00
core   0: 0x000000008000ff5c (0xfc843703) ld      a4, -56(s0)
core   0: 3 0x000000008000ff5c (0xfc843703) x14 0x0000000080012040 mem 0x0000000080031f38
core   0: 0x000000008000ff60 (0xfb843783) ld      a5, -72(s0)
core   0: 3 0x000000008000ff60 (0xfb843783) x15 0x000000000000009c mem 0x0000000080031f28
core   0: 0x000000008000ff64 (0x000097ba) c.add   a5, a4
core   0: 3 0x000000008000ff64 (0x97ba) x15 0x00000000800120dc
core   0: 0x000000008000ff66 (0xfe043703) ld      a4, -32(s0)
core   0: 3 0x000000008000ff66 (0xfe043703) x14 0x0000000080012049 mem 0x0000000080031f50
core   0: 0x000000008000ff6a (0xfcf76de3) bltu    a4, a5, pc - 38
core   0: 3 0x000000008000ff6a (0xfcf76de3)
core   0: 0x000000008000ff44 (0xfe043783) ld      a5, -32(s0)
core   0: 3 0x000000008000ff44 (0xfe043783) x15 0x0000000080012049 mem 0x0000000080031f50
core   0: 0x000000008000ff48 (0x00178713) addi    a4, a5, 1
core   0: 3 0x000000008000ff48 (0x00178713) x14 0x000000008001204a
core   0: 0x000000008000ff4c (0xfee43023) sd      a4, -32(s0)
core   0: 3 0x000000008000ff4c (0xfee43023) mem 0x0000000080031f50 0x000000008001204a
core   0: 0x000000008000ff50 (0xfc442703) lw      a4, -60(s0)
core   0: 3 0x000000008000ff50 (0xfc442703) x14 0x0000000000000000 mem 0x0000000080031f34
core   0: 0x000000008000ff54 (0x0ff77713) andi    a4, a4, 255
core   0: 3 0x000000008000ff54 (0x0ff77713) x14 0x0000000000000000
core   0: 0x000000008000ff58 (0x00e78023) sb      a4, 0(a5)
core   0: 3 0x000000008000ff58 (0x00e78023) mem 0x0000000080012049 0x00
core   0: 0x000000008000ff5c (0xfc843703) ld      a4, -56(s0)
core   0: 3 0x000000008000ff5c (0xfc843703) x14 0x0000000080012040 mem 0x0000000080031f38
core   0: 0x000000008000ff60 (0xfb843783) ld      a5, -72(s0)
core   0: 3 0x000000008000ff60 (0xfb843783) x15 0x000000000000009c mem 0x0000000080031f28
core   0: 0x000000008000ff64 (0x000097ba) c.add   a5, a4
core   0: 3 0x000000008000ff64 (0x97ba) x15 0x00000000800120dc
core   0: 0x000000008000ff66 (0xfe043703) ld      a4, -32(s0)
core   0: 3 0x000000008000ff66 (0xfe043703) x14 0x000000008001204a mem 0x0000000080031f50
core   0: 0x000000008000ff6a (0xfcf76de3) bltu    a4, a5, pc - 38
core   0: 3 0x000000008000ff6a (0xfcf76de3)
core   0: 0x000000008000ff44 (0xfe043783) ld      a5, -32(s0)
core   0: 3 0x000000008000ff44 (0xfe043783) x15 0x000000008001204a mem 0x0000000080031f50
core   0: 0x000000008000ff48 (0x00178713) addi    a4, a5, 1
core   0: 3 0x000000008000ff48 (0x00178713) x14 0x000000008001204b
core   0: 0x000000008000ff4c (0xfee43023) sd      a4, -32(s0)
core   0: 3 0x000000008000ff4c (0xfee43023) mem 0x0000000080031f50 0x000000008001204b
core   0: 0x000000008000ff50 (0xfc442703) lw      a4, -60(s0)
core   0: 3 0x000000008000ff50 (0xfc442703) x14 0x0000000000000000 mem 0x0000000080031f34
core   0: 0x000000008000ff54 (0x0ff77713) andi    a4, a4, 255
core   0: 3 0x000000008000ff54 (0x0ff77713) x14 0x0000000000000000
core   0: 0x000000008000ff58 (0x00e78023) sb      a4, 0(a5)
core   0: 3 0x000000008000ff58 (0x00e78023) mem 0x000000008001204a 0x00
core   0: 0x000000008000ff5c (0xfc843703) ld      a4, -56(s0)
core   0: 3 0x000000008000ff5c (0xfc843703) x14 0x0000000080012040 mem 0x0000000080031f38
core   0: 0x000000008000ff60 (0xfb843783) ld      a5, -72(s0)
core   0: 3 0x000000008000ff60 (0xfb843783) x15 0x000000000000009c mem 0x0000000080031f28
core   0: 0x000000008000ff64 (0x000097ba) c.add   a5, a4
core   0: 3 0x000000008000ff64 (0x97ba) x15 0x00000000800120dc
core   0: 0x000000008000ff66 (0xfe043703) ld      a4, -32(s0)
core   0: 3 0x000000008000ff66 (0xfe043703) x14 0x000000008001204b mem 0x0000000080031f50
core   0: 0x000000008000ff6a (0xfcf76de3) bltu    a4, a5, pc - 38
core   0: 3 0x000000008000ff6a (0xfcf76de3)
core   0: 0x000000008000ff44 (0xfe043783) ld      a5, -32(s0)
core   0: 3 0x000000008000ff44 (0xfe043783) x15 0x000000008001204b mem 0x0000000080031f50
core   0: 0x000000008000ff48 (0x00178713) addi    a4, a5, 1
core   0: 3 0x000000008000ff48 (0x00178713) x14 0x000000008001204c
core   0: 0x000000008000ff4c (0xfee43023) sd      a4, -32(s0)
core   0: 3 0x000000008000ff4c (0xfee43023) mem 0x0000000080031f50 0x000000008001204c
core   0: 0x000000008000ff50 (0xfc442703) lw      a4, -60(s0)
core   0: 3 0x000000008000ff50 (0xfc442703) x14 0x0000000000000000 mem 0x0000000080031f34
core   0: 0x000000008000ff54 (0x0ff77713) andi    a4, a4, 255
core   0: 3 0x000000008000ff54 (0x0ff77713) x14 0x0000000000000000
core   0: 0x000000008000ff58 (0x00e78023) sb      a4, 0(a5)
core   0: 3 0x000000008000ff58 (0x00e78023) mem 0x000000008001204b 0x00
core   0: 0x000000008000ff5c (0xfc843703) ld      a4, -56(s0)
core   0: 3 0x000000008000ff5c (0xfc843703) x14 0x0000000080012040 mem 0x0000000080031f38
core   0: 0x000000008000ff60 (0xfb843783) ld      a5, -72(s0)
core   0: 3 0x000000008000ff60 (0xfb843783) x15 0x000000000000009c mem 0x0000000080031f28
core   0: 0x000000008000ff64 (0x000097ba) c.add   a5, a4
core   0: 3 0x000000008000ff64 (0x97ba) x15 0x00000000800120dc
core   0: 0x000000008000ff66 (0xfe043703) ld      a4, -32(s0)
core   0: 3 0x000000008000ff66 (0xfe043703) x14 0x000000008001204c mem 0x0000000080031f50
core   0: 0x000000008000ff6a (0xfcf76de3) bltu    a4, a5, pc - 38
core   0: 3 0x000000008000ff6a (0xfcf76de3)
core   0: 0x000000008000ff44 (0xfe043783) ld      a5, -32(s0)
core   0: 3 0x000000008000ff44 (0xfe043783) x15 0x000000008001204c mem 0x0000000080031f50
core   0: 0x000000008000ff48 (0x00178713) addi    a4, a5, 1
core   0: 3 0x000000008000ff48 (0x00178713) x14 0x000000008001204d
core   0: 0x000000008000ff4c (0xfee43023) sd      a4, -32(s0)
core   0: 3 0x000000008000ff4c (0xfee43023) mem 0x0000000080031f50 0x000000008001204d
core   0: 0x000000008000ff50 (0xfc442703) lw      a4, -60(s0)
core   0: 3 0x000000008000ff50 (0xfc442703) x14 0x0000000000000000 mem 0x0000000080031f34
core   0: 0x000000008000ff54 (0x0ff77713) andi    a4, a4, 255
core   0: 3 0x000000008000ff54 (0x0ff77713) x14 0x0000000000000000
core   0: 0x000000008000ff58 (0x00e78023) sb      a4, 0(a5)
core   0: 3 0x000000008000ff58 (0x00e78023) mem 0x000000008001204c 0x00
core   0: 0x000000008000ff5c (0xfc843703) ld      a4, -56(s0)
core   0: 3 0x000000008000ff5c (0xfc843703) x14 0x0000000080012040 mem 0x0000000080031f38
core   0: 0x000000008000ff60 (0xfb843783) ld      a5, -72(s0)
core   0: 3 0x000000008000ff60 (0xfb843783) x15 0x000000000000009c mem 0x0000000080031f28
core   0: 0x000000008000ff64 (0x000097ba) c.add   a5, a4
core   0: 3 0x000000008000ff64 (0x97ba) x15 0x00000000800120dc
core   0: 0x000000008000ff66 (0xfe043703) ld      a4, -32(s0)
core   0: 3 0x000000008000ff66 (0xfe043703) x14 0x000000008001204d mem 0x0000000080031f50
core   0: 0x000000008000ff6a (0xfcf76de3) bltu    a4, a5, pc - 38
core   0: 3 0x000000008000ff6a (0xfcf76de3)
core   0: 0x000000008000ff44 (0xfe043783) ld      a5, -32(s0)
core   0: 3 0x000000008000ff44 (0xfe043783) x15 0x000000008001204d mem 0x0000000080031f50
core   0: 0x000000008000ff48 (0x00178713) addi    a4, a5, 1
core   0: 3 0x000000008000ff48 (0x00178713) x14 0x000000008001204e
core   0: 0x000000008000ff4c (0xfee43023) sd      a4, -32(s0)
core   0: 3 0x000000008000ff4c (0xfee43023) mem 0x0000000080031f50 0x000000008001204e
core   0: 0x000000008000ff50 (0xfc442703) lw      a4, -60(s0)
core   0: 3 0x000000008000ff50 (0xfc442703) x14 0x0000000000000000 mem 0x0000000080031f34
core   0: 0x000000008000ff54 (0x0ff77713) andi    a4, a4, 255
core   0: 3 0x000000008000ff54 (0x0ff77713) x14 0x0000000000000000
core   0: 0x000000008000ff58 (0x00e78023) sb      a4, 0(a5)
core   0: 3 0x000000008000ff58 (0x00e78023) mem 0x000000008001204d 0x00
core   0: 0x000000008000ff5c (0xfc843703) ld      a4, -56(s0)
core   0: 3 0x000000008000ff5c (0xfc843703) x14 0x0000000080012040 mem 0x0000000080031f38
core   0: 0x000000008000ff60 (0xfb843783) ld      a5, -72(s0)
core   0: 3 0x000000008000ff60 (0xfb843783) x15 0x000000000000009c mem 0x0000000080031f28
core   0: 0x000000008000ff64 (0x000097ba) c.add   a5, a4
core   0: 3 0x000000008000ff64 (0x97ba) x15 0x00000000800120dc
core   0: 0x000000008000ff66 (0xfe043703) ld      a4, -32(s0)
core   0: 3 0x000000008000ff66 (0xfe043703) x14 0x000000008001204e mem 0x0000000080031f50
core   0: 0x000000008000ff6a (0xfcf76de3) bltu    a4, a5, pc - 38
core   0: 3 0x000000008000ff6a (0xfcf76de3)
core   0: 0x000000008000ff44 (0xfe043783) ld      a5, -32(s0)
core   0: 3 0x000000008000ff44 (0xfe043783) x15 0x000000008001204e mem 0x0000000080031f50
core   0: 0x000000008000ff48 (0x00178713) addi    a4, a5, 1
core   0: 3 0x000000008000ff48 (0x00178713) x14 0x000000008001204f
core   0: 0x000000008000ff4c (0xfee43023) sd      a4, -32(s0)
core   0: 3 0x000000008000ff4c (0xfee43023) mem 0x0000000080031f50 0x000000008001204f
core   0: 0x000000008000ff50 (0xfc442703) lw      a4, -60(s0)
core   0: 3 0x000000008000ff50 (0xfc442703) x14 0x0000000000000000 mem 0x0000000080031f34
core   0: 0x000000008000ff54 (0x0ff77713) andi    a4, a4, 255
core   0: 3 0x000000008000ff54 (0x0ff77713) x14 0x0000000000000000
core   0: 0x000000008000ff58 (0x00e78023) sb      a4, 0(a5)
core   0: 3 0x000000008000ff58 (0x00e78023) mem 0x000000008001204e 0x00
core   0: 0x000000008000ff5c (0xfc843703) ld      a4, -56(s0)
core   0: 3 0x000000008000ff5c (0xfc843703) x14 0x0000000080012040 mem 0x0000000080031f38
core   0: 0x000000008000ff60 (0xfb843783) ld      a5, -72(s0)
core   0: 3 0x000000008000ff60 (0xfb843783) x15 0x000000000000009c mem 0x0000000080031f28
core   0: 0x000000008000ff64 (0x000097ba) c.add   a5, a4
core   0: 3 0x000000008000ff64 (0x97ba) x15 0x00000000800120dc
core   0: 0x000000008000ff66 (0xfe043703) ld      a4, -32(s0)
core   0: 3 0x000000008000ff66 (0xfe043703) x14 0x000000008001204f mem 0x0000000080031f50
core   0: 0x000000008000ff6a (0xfcf76de3) bltu    a4, a5, pc - 38
core   0: 3 0x000000008000ff6a (0xfcf76de3)
core   0: 0x000000008000ff44 (0xfe043783) ld      a5, -32(s0)
core   0: 3 0x000000008000ff44 (0xfe043783) x15 0x000000008001204f mem 0x0000000080031f50
core   0: 0x000000008000ff48 (0x00178713) addi    a4, a5, 1
core   0: 3 0x000000008000ff48 (0x00178713) x14 0x0000000080012050
core   0: 0x000000008000ff4c (0xfee43023) sd      a4, -32(s0)
core   0: 3 0x000000008000ff4c (0xfee43023) mem 0x0000000080031f50 0x0000000080012050
core   0: 0x000000008000ff50 (0xfc442703) lw      a4, -60(s0)
core   0: 3 0x000000008000ff50 (0xfc442703) x14 0x0000000000000000 mem 0x0000000080031f34
core   0: 0x000000008000ff54 (0x0ff77713) andi    a4, a4, 255
core   0: 3 0x000000008000ff54 (0x0ff77713) x14 0x0000000000000000
core   0: 0x000000008000ff58 (0x00e78023) sb      a4, 0(a5)
core   0: 3 0x000000008000ff58 (0x00e78023) mem 0x000000008001204f 0x00
core   0: 0x000000008000ff5c (0xfc843703) ld      a4, -56(s0)
core   0: 3 0x000000008000ff5c (0xfc843703) x14 0x0000000080012040 mem 0x0000000080031f38
core   0: 0x000000008000ff60 (0xfb843783) ld      a5, -72(s0)
core   0: 3 0x000000008000ff60 (0xfb843783) x15 0x000000000000009c mem 0x0000000080031f28
core   0: 0x000000008000ff64 (0x000097ba) c.add   a5, a4
core   0: 3 0x000000008000ff64 (0x97ba) x15 0x00000000800120dc
core   0: 0x000000008000ff66 (0xfe043703) ld      a4, -32(s0)
core   0: 3 0x000000008000ff66 (0xfe043703) x14 0x0000000080012050 mem 0x0000000080031f50
core   0: 0x000000008000ff6a (0xfcf76de3) bltu    a4, a5, pc - 38
core   0: 3 0x000000008000ff6a (0xfcf76de3)
core   0: 0x000000008000ff44 (0xfe043783) ld      a5, -32(s0)
core   0: 3 0x000000008000ff44 (0xfe043783) x15 0x0000000080012050 mem 0x0000000080031f50
core   0: 0x000000008000ff48 (0x00178713) addi    a4, a5, 1
core   0: 3 0x000000008000ff48 (0x00178713) x14 0x0000000080012051
core   0: 0x000000008000ff4c (0xfee43023) sd      a4, -32(s0)
core   0: 3 0x000000008000ff4c (0xfee43023) mem 0x0000000080031f50 0x0000000080012051
core   0: 0x000000008000ff50 (0xfc442703) lw      a4, -60(s0)
core   0: 3 0x000000008000ff50 (0xfc442703) x14 0x0000000000000000 mem 0x0000000080031f34
core   0: 0x000000008000ff54 (0x0ff77713) andi    a4, a4, 255
core   0: 3 0x000000008000ff54 (0x0ff77713) x14 0x0000000000000000
core   0: 0x000000008000ff58 (0x00e78023) sb      a4, 0(a5)
core   0: 3 0x000000008000ff58 (0x00e78023) mem 0x0000000080012050 0x00
core   0: 0x000000008000ff5c (0xfc843703) ld      a4, -56(s0)
core   0: 3 0x000000008000ff5c (0xfc843703) x14 0x0000000080012040 mem 0x0000000080031f38
core   0: 0x000000008000ff60 (0xfb843783) ld      a5, -72(s0)
core   0: 3 0x000000008000ff60 (0xfb843783) x15 0x000000000000009c mem 0x0000000080031f28
core   0: 0x000000008000ff64 (0x000097ba) c.add   a5, a4
core   0: 3 0x000000008000ff64 (0x97ba) x15 0x00000000800120dc
core   0: 0x000000008000ff66 (0xfe043703) ld      a4, -32(s0)
core   0: 3 0x000000008000ff66 (0xfe043703) x14 0x0000000080012051 mem 0x0000000080031f50
core   0: 0x000000008000ff6a (0xfcf76de3) bltu    a4, a5, pc - 38
core   0: 3 0x000000008000ff6a (0xfcf76de3)
core   0: 0x000000008000ff44 (0xfe043783) ld      a5, -32(s0)
core   0: 3 0x000000008000ff44 (0xfe043783) x15 0x0000000080012051 mem 0x0000000080031f50
core   0: 0x000000008000ff48 (0x00178713) addi    a4, a5, 1
core   0: 3 0x000000008000ff48 (0x00178713) x14 0x0000000080012052
core   0: 0x000000008000ff4c (0xfee43023) sd      a4, -32(s0)
core   0: 3 0x000000008000ff4c (0xfee43023) mem 0x0000000080031f50 0x0000000080012052
core   0: 0x000000008000ff50 (0xfc442703) lw      a4, -60(s0)
core   0: 3 0x000000008000ff50 (0xfc442703) x14 0x0000000000000000 mem 0x0000000080031f34
core   0: 0x000000008000ff54 (0x0ff77713) andi    a4, a4, 255
core   0: 3 0x000000008000ff54 (0x0ff77713) x14 0x0000000000000000
core   0: 0x000000008000ff58 (0x00e78023) sb      a4, 0(a5)
core   0: 3 0x000000008000ff58 (0x00e78023) mem 0x0000000080012051 0x00
core   0: 0x000000008000ff5c (0xfc843703) ld      a4, -56(s0)
core   0: 3 0x000000008000ff5c (0xfc843703) x14 0x0000000080012040 mem 0x0000000080031f38
core   0: 0x000000008000ff60 (0xfb843783) ld      a5, -72(s0)
core   0: 3 0x000000008000ff60 (0xfb843783) x15 0x000000000000009c mem 0x0000000080031f28
core   0: 0x000000008000ff64 (0x000097ba) c.add   a5, a4
core   0: 3 0x000000008000ff64 (0x97ba) x15 0x00000000800120dc
core   0: 0x000000008000ff66 (0xfe043703) ld      a4, -32(s0)
core   0: 3 0x000000008000ff66 (0xfe043703) x14 0x0000000080012052 mem 0x0000000080031f50
core   0: 0x000000008000ff6a (0xfcf76de3) bltu    a4, a5, pc - 38
core   0: 3 0x000000008000ff6a (0xfcf76de3)
core   0: 0x000000008000ff44 (0xfe043783) ld      a5, -32(s0)
core   0: 3 0x000000008000ff44 (0xfe043783) x15 0x0000000080012052 mem 0x0000000080031f50
core   0: 0x000000008000ff48 (0x00178713) addi    a4, a5, 1
core   0: 3 0x000000008000ff48 (0x00178713) x14 0x0000000080012053
core   0: 0x000000008000ff4c (0xfee43023) sd      a4, -32(s0)
core   0: 3 0x000000008000ff4c (0xfee43023) mem 0x0000000080031f50 0x0000000080012053
core   0: 0x000000008000ff50 (0xfc442703) lw      a4, -60(s0)
core   0: 3 0x000000008000ff50 (0xfc442703) x14 0x0000000000000000 mem 0x0000000080031f34
core   0: 0x000000008000ff54 (0x0ff77713) andi    a4, a4, 255
core   0: 3 0x000000008000ff54 (0x0ff77713) x14 0x0000000000000000
core   0: 0x000000008000ff58 (0x00e78023) sb      a4, 0(a5)
core   0: 3 0x000000008000ff58 (0x00e78023) mem 0x0000000080012052 0x00
core   0: 0x000000008000ff5c (0xfc843703) ld      a4, -56(s0)
core   0: 3 0x000000008000ff5c (0xfc843703) x14 0x0000000080012040 mem 0x0000000080031f38
core   0: 0x000000008000ff60 (0xfb843783) ld      a5, -72(s0)
core   0: 3 0x000000008000ff60 (0xfb843783) x15 0x000000000000009c mem 0x0000000080031f28
core   0: 0x000000008000ff64 (0x000097ba) c.add   a5, a4
core   0: 3 0x000000008000ff64 (0x97ba) x15 0x00000000800120dc
core   0: 0x000000008000ff66 (0xfe043703) ld      a4, -32(s0)
core   0: 3 0x000000008000ff66 (0xfe043703) x14 0x0000000080012053 mem 0x0000000080031f50
core   0: 0x000000008000ff6a (0xfcf76de3) bltu    a4, a5, pc - 38
core   0: 3 0x000000008000ff6a (0xfcf76de3)
core   0: 0x000000008000ff44 (0xfe043783) ld      a5, -32(s0)
core   0: 3 0x000000008000ff44 (0xfe043783) x15 0x0000000080012053 mem 0x0000000080031f50
core   0: 0x000000008000ff48 (0x00178713) addi    a4, a5, 1
core   0: 3 0x000000008000ff48 (0x00178713) x14 0x0000000080012054
core   0: 0x000000008000ff4c (0xfee43023) sd      a4, -32(s0)
core   0: 3 0x000000008000ff4c (0xfee43023) mem 0x0000000080031f50 0x0000000080012054
core   0: 0x000000008000ff50 (0xfc442703) lw      a4, -60(s0)
core   0: 3 0x000000008000ff50 (0xfc442703) x14 0x0000000000000000 mem 0x0000000080031f34
core   0: 0x000000008000ff54 (0x0ff77713) andi    a4, a4, 255
core   0: 3 0x000000008000ff54 (0x0ff77713) x14 0x0000000000000000
core   0: 0x000000008000ff58 (0x00e78023) sb      a4, 0(a5)
core   0: 3 0x000000008000ff58 (0x00e78023) mem 0x0000000080012053 0x00
core   0: 0x000000008000ff5c (0xfc843703) ld      a4, -56(s0)
core   0: 3 0x000000008000ff5c (0xfc843703) x14 0x0000000080012040 mem 0x0000000080031f38
core   0: 0x000000008000ff60 (0xfb843783) ld      a5, -72(s0)
core   0: 3 0x000000008000ff60 (0xfb843783) x15 0x000000000000009c mem 0x0000000080031f28
core   0: 0x000000008000ff64 (0x000097ba) c.add   a5, a4
core   0: 3 0x000000008000ff64 (0x97ba) x15 0x00000000800120dc
core   0: 0x000000008000ff66 (0xfe043703) ld      a4, -32(s0)
core   0: 3 0x000000008000ff66 (0xfe043703) x14 0x0000000080012054 mem 0x0000000080031f50
core   0: 0x000000008000ff6a (0xfcf76de3) bltu    a4, a5, pc - 38
core   0: 3 0x000000008000ff6a (0xfcf76de3)
core   0: 0x000000008000ff44 (0xfe043783) ld      a5, -32(s0)
core   0: 3 0x000000008000ff44 (0xfe043783) x15 0x0000000080012054 mem 0x0000000080031f50
core   0: 0x000000008000ff48 (0x00178713) addi    a4, a5, 1
core   0: 3 0x000000008000ff48 (0x00178713) x14 0x0000000080012055
core   0: 0x000000008000ff4c (0xfee43023) sd      a4, -32(s0)
core   0: 3 0x000000008000ff4c (0xfee43023) mem 0x0000000080031f50 0x0000000080012055
core   0: 0x000000008000ff50 (0xfc442703) lw      a4, -60(s0)
core   0: 3 0x000000008000ff50 (0xfc442703) x14 0x0000000000000000 mem 0x0000000080031f34
core   0: 0x000000008000ff54 (0x0ff77713) andi    a4, a4, 255
core   0: 3 0x000000008000ff54 (0x0ff77713) x14 0x0000000000000000
core   0: 0x000000008000ff58 (0x00e78023) sb      a4, 0(a5)
core   0: 3 0x000000008000ff58 (0x00e78023) mem 0x0000000080012054 0x00
core   0: 0x000000008000ff5c (0xfc843703) ld      a4, -56(s0)
core   0: 3 0x000000008000ff5c (0xfc843703) x14 0x0000000080012040 mem 0x0000000080031f38
core   0: 0x000000008000ff60 (0xfb843783) ld      a5, -72(s0)
core   0: 3 0x000000008000ff60 (0xfb843783) x15 0x000000000000009c mem 0x0000000080031f28
core   0: 0x000000008000ff64 (0x000097ba) c.add   a5, a4
core   0: 3 0x000000008000ff64 (0x97ba) x15 0x00000000800120dc
core   0: 0x000000008000ff66 (0xfe043703) ld      a4, -32(s0)
core   0: 3 0x000000008000ff66 (0xfe043703) x14 0x0000000080012055 mem 0x0000000080031f50
core   0: 0x000000008000ff6a (0xfcf76de3) bltu    a4, a5, pc - 38
core   0: 3 0x000000008000ff6a (0xfcf76de3)
core   0: 0x000000008000ff44 (0xfe043783) ld      a5, -32(s0)
core   0: 3 0x000000008000ff44 (0xfe043783) x15 0x0000000080012055 mem 0x0000000080031f50
core   0: 0x000000008000ff48 (0x00178713) addi    a4, a5, 1
core   0: 3 0x000000008000ff48 (0x00178713) x14 0x0000000080012056
core   0: 0x000000008000ff4c (0xfee43023) sd      a4, -32(s0)
core   0: 3 0x000000008000ff4c (0xfee43023) mem 0x0000000080031f50 0x0000000080012056
core   0: 0x000000008000ff50 (0xfc442703) lw      a4, -60(s0)
core   0: 3 0x000000008000ff50 (0xfc442703) x14 0x0000000000000000 mem 0x0000000080031f34
core   0: 0x000000008000ff54 (0x0ff77713) andi    a4, a4, 255
core   0: 3 0x000000008000ff54 (0x0ff77713) x14 0x0000000000000000
core   0: 0x000000008000ff58 (0x00e78023) sb      a4, 0(a5)
core   0: 3 0x000000008000ff58 (0x00e78023) mem 0x0000000080012055 0x00
core   0: 0x000000008000ff5c (0xfc843703) ld      a4, -56(s0)
core   0: 3 0x000000008000ff5c (0xfc843703) x14 0x0000000080012040 mem 0x0000000080031f38
core   0: 0x000000008000ff60 (0xfb843783) ld      a5, -72(s0)
core   0: 3 0x000000008000ff60 (0xfb843783) x15 0x000000000000009c mem 0x0000000080031f28
core   0: 0x000000008000ff64 (0x000097ba) c.add   a5, a4
core   0: 3 0x000000008000ff64 (0x97ba) x15 0x00000000800120dc
core   0: 0x000000008000ff66 (0xfe043703) ld      a4, -32(s0)
core   0: 3 0x000000008000ff66 (0xfe043703) x14 0x0000000080012056 mem 0x0000000080031f50
core   0: 0x000000008000ff6a (0xfcf76de3) bltu    a4, a5, pc - 38
core   0: 3 0x000000008000ff6a (0xfcf76de3)
core   0: 0x000000008000ff44 (0xfe043783) ld      a5, -32(s0)
core   0: 3 0x000000008000ff44 (0xfe043783) x15 0x0000000080012056 mem 0x0000000080031f50
core   0: 0x000000008000ff48 (0x00178713) addi    a4, a5, 1
core   0: 3 0x000000008000ff48 (0x00178713) x14 0x0000000080012057
core   0: 0x000000008000ff4c (0xfee43023) sd      a4, -32(s0)
core   0: 3 0x000000008000ff4c (0xfee43023) mem 0x0000000080031f50 0x0000000080012057
core   0: 0x000000008000ff50 (0xfc442703) lw      a4, -60(s0)
core   0: 3 0x000000008000ff50 (0xfc442703) x14 0x0000000000000000 mem 0x0000000080031f34
core   0: 0x000000008000ff54 (0x0ff77713) andi    a4, a4, 255
core   0: 3 0x000000008000ff54 (0x0ff77713) x14 0x0000000000000000
core   0: 0x000000008000ff58 (0x00e78023) sb      a4, 0(a5)
core   0: 3 0x000000008000ff58 (0x00e78023) mem 0x0000000080012056 0x00
core   0: 0x000000008000ff5c (0xfc843703) ld      a4, -56(s0)
core   0: 3 0x000000008000ff5c (0xfc843703) x14 0x0000000080012040 mem 0x0000000080031f38
core   0: 0x000000008000ff60 (0xfb843783) ld      a5, -72(s0)
core   0: 3 0x000000008000ff60 (0xfb843783) x15 0x000000000000009c mem 0x0000000080031f28
core   0: 0x000000008000ff64 (0x000097ba) c.add   a5, a4
core   0: 3 0x000000008000ff64 (0x97ba) x15 0x00000000800120dc
core   0: 0x000000008000ff66 (0xfe043703) ld      a4, -32(s0)
core   0: 3 0x000000008000ff66 (0xfe043703) x14 0x0000000080012057 mem 0x0000000080031f50
core   0: 0x000000008000ff6a (0xfcf76de3) bltu    a4, a5, pc - 38
core   0: 3 0x000000008000ff6a (0xfcf76de3)
core   0: 0x000000008000ff44 (0xfe043783) ld      a5, -32(s0)
core   0: 3 0x000000008000ff44 (0xfe043783) x15 0x0000000080012057 mem 0x0000000080031f50
core   0: 0x000000008000ff48 (0x00178713) addi    a4, a5, 1
core   0: 3 0x000000008000ff48 (0x00178713) x14 0x0000000080012058
core   0: 0x000000008000ff4c (0xfee43023) sd      a4, -32(s0)
core   0: 3 0x000000008000ff4c (0xfee43023) mem 0x0000000080031f50 0x0000000080012058
core   0: 0x000000008000ff50 (0xfc442703) lw      a4, -60(s0)
core   0: 3 0x000000008000ff50 (0xfc442703) x14 0x0000000000000000 mem 0x0000000080031f34
core   0: 0x000000008000ff54 (0x0ff77713) andi    a4, a4, 255
core   0: 3 0x000000008000ff54 (0x0ff77713) x14 0x0000000000000000
core   0: 0x000000008000ff58 (0x00e78023) sb      a4, 0(a5)
core   0: 3 0x000000008000ff58 (0x00e78023) mem 0x0000000080012057 0x00
core   0: 0x000000008000ff5c (0xfc843703) ld      a4, -56(s0)
core   0: 3 0x000000008000ff5c (0xfc843703) x14 0x0000000080012040 mem 0x0000000080031f38
core   0: 0x000000008000ff60 (0xfb843783) ld      a5, -72(s0)
core   0: 3 0x000000008000ff60 (0xfb843783) x15 0x000000000000009c mem 0x0000000080031f28
core   0: 0x000000008000ff64 (0x000097ba) c.add   a5, a4
core   0: 3 0x000000008000ff64 (0x97ba) x15 0x00000000800120dc
core   0: 0x000000008000ff66 (0xfe043703) ld      a4, -32(s0)
core   0: 3 0x000000008000ff66 (0xfe043703) x14 0x0000000080012058 mem 0x0000000080031f50
core   0: 0x000000008000ff6a (0xfcf76de3) bltu    a4, a5, pc - 38
core   0: 3 0x000000008000ff6a (0xfcf76de3)
core   0: 0x000000008000ff44 (0xfe043783) ld      a5, -32(s0)
core   0: 3 0x000000008000ff44 (0xfe043783) x15 0x0000000080012058 mem 0x0000000080031f50
core   0: 0x000000008000ff48 (0x00178713) addi    a4, a5, 1
core   0: 3 0x000000008000ff48 (0x00178713) x14 0x0000000080012059
core   0: 0x000000008000ff4c (0xfee43023) sd      a4, -32(s0)
core   0: 3 0x000000008000ff4c (0xfee43023) mem 0x0000000080031f50 0x0000000080012059
core   0: 0x000000008000ff50 (0xfc442703) lw      a4, -60(s0)
core   0: 3 0x000000008000ff50 (0xfc442703) x14 0x0000000000000000 mem 0x0000000080031f34
core   0: 0x000000008000ff54 (0x0ff77713) andi    a4, a4, 255
core   0: 3 0x000000008000ff54 (0x0ff77713) x14 0x0000000000000000
core   0: 0x000000008000ff58 (0x00e78023) sb      a4, 0(a5)
core   0: 3 0x000000008000ff58 (0x00e78023) mem 0x0000000080012058 0x00
core   0: 0x000000008000ff5c (0xfc843703) ld      a4, -56(s0)
core   0: 3 0x000000008000ff5c (0xfc843703) x14 0x0000000080012040 mem 0x0000000080031f38
core   0: 0x000000008000ff60 (0xfb843783) ld      a5, -72(s0)
core   0: 3 0x000000008000ff60 (0xfb843783) x15 0x000000000000009c mem 0x0000000080031f28
core   0: 0x000000008000ff64 (0x000097ba) c.add   a5, a4
core   0: 3 0x000000008000ff64 (0x97ba) x15 0x00000000800120dc
core   0: 0x000000008000ff66 (0xfe043703) ld      a4, -32(s0)
core   0: 3 0x000000008000ff66 (0xfe043703) x14 0x0000000080012059 mem 0x0000000080031f50
core   0: 0x000000008000ff6a (0xfcf76de3) bltu    a4, a5, pc - 38
core   0: 3 0x000000008000ff6a (0xfcf76de3)
core   0: 0x000000008000ff44 (0xfe043783) ld      a5, -32(s0)
core   0: 3 0x000000008000ff44 (0xfe043783) x15 0x0000000080012059 mem 0x0000000080031f50
core   0: 0x000000008000ff48 (0x00178713) addi    a4, a5, 1
core   0: 3 0x000000008000ff48 (0x00178713) x14 0x000000008001205a
core   0: 0x000000008000ff4c (0xfee43023) sd      a4, -32(s0)
core   0: 3 0x000000008000ff4c (0xfee43023) mem 0x0000000080031f50 0x000000008001205a
core   0: 0x000000008000ff50 (0xfc442703) lw      a4, -60(s0)
core   0: 3 0x000000008000ff50 (0xfc442703) x14 0x0000000000000000 mem 0x0000000080031f34
core   0: 0x000000008000ff54 (0x0ff77713) andi    a4, a4, 255
core   0: 3 0x000000008000ff54 (0x0ff77713) x14 0x0000000000000000
core   0: 0x000000008000ff58 (0x00e78023) sb      a4, 0(a5)
core   0: 3 0x000000008000ff58 (0x00e78023) mem 0x0000000080012059 0x00
core   0: 0x000000008000ff5c (0xfc843703) ld      a4, -56(s0)
core   0: 3 0x000000008000ff5c (0xfc843703) x14 0x0000000080012040 mem 0x0000000080031f38
core   0: 0x000000008000ff60 (0xfb843783) ld      a5, -72(s0)
core   0: 3 0x000000008000ff60 (0xfb843783) x15 0x000000000000009c mem 0x0000000080031f28
core   0: 0x000000008000ff64 (0x000097ba) c.add   a5, a4
core   0: 3 0x000000008000ff64 (0x97ba) x15 0x00000000800120dc
core   0: 0x000000008000ff66 (0xfe043703) ld      a4, -32(s0)
core   0: 3 0x000000008000ff66 (0xfe043703) x14 0x000000008001205a mem 0x0000000080031f50
core   0: 0x000000008000ff6a (0xfcf76de3) bltu    a4, a5, pc - 38
core   0: 3 0x000000008000ff6a (0xfcf76de3)
core   0: 0x000000008000ff44 (0xfe043783) ld      a5, -32(s0)
core   0: 3 0x000000008000ff44 (0xfe043783) x15 0x000000008001205a mem 0x0000000080031f50
core   0: 0x000000008000ff48 (0x00178713) addi    a4, a5, 1
core   0: 3 0x000000008000ff48 (0x00178713) x14 0x000000008001205b
core   0: 0x000000008000ff4c (0xfee43023) sd      a4, -32(s0)
core   0: 3 0x000000008000ff4c (0xfee43023) mem 0x0000000080031f50 0x000000008001205b
core   0: 0x000000008000ff50 (0xfc442703) lw      a4, -60(s0)
core   0: 3 0x000000008000ff50 (0xfc442703) x14 0x0000000000000000 mem 0x0000000080031f34
core   0: 0x000000008000ff54 (0x0ff77713) andi    a4, a4, 255
core   0: 3 0x000000008000ff54 (0x0ff77713) x14 0x0000000000000000
core   0: 0x000000008000ff58 (0x00e78023) sb      a4, 0(a5)
core   0: 3 0x000000008000ff58 (0x00e78023) mem 0x000000008001205a 0x00
core   0: 0x000000008000ff5c (0xfc843703) ld      a4, -56(s0)
core   0: 3 0x000000008000ff5c (0xfc843703) x14 0x0000000080012040 mem 0x0000000080031f38
core   0: 0x000000008000ff60 (0xfb843783) ld      a5, -72(s0)
core   0: 3 0x000000008000ff60 (0xfb843783) x15 0x000000000000009c mem 0x0000000080031f28
core   0: 0x000000008000ff64 (0x000097ba) c.add   a5, a4
core   0: 3 0x000000008000ff64 (0x97ba) x15 0x00000000800120dc
core   0: 0x000000008000ff66 (0xfe043703) ld      a4, -32(s0)
core   0: 3 0x000000008000ff66 (0xfe043703) x14 0x000000008001205b mem 0x0000000080031f50
core   0: 0x000000008000ff6a (0xfcf76de3) bltu    a4, a5, pc - 38
core   0: 3 0x000000008000ff6a (0xfcf76de3)
core   0: 0x000000008000ff44 (0xfe043783) ld      a5, -32(s0)
core   0: 3 0x000000008000ff44 (0xfe043783) x15 0x000000008001205b mem 0x0000000080031f50
core   0: 0x000000008000ff48 (0x00178713) addi    a4, a5, 1
core   0: 3 0x000000008000ff48 (0x00178713) x14 0x000000008001205c
core   0: 0x000000008000ff4c (0xfee43023) sd      a4, -32(s0)
core   0: 3 0x000000008000ff4c (0xfee43023) mem 0x0000000080031f50 0x000000008001205c
core   0: 0x000000008000ff50 (0xfc442703) lw      a4, -60(s0)
core   0: 3 0x000000008000ff50 (0xfc442703) x14 0x0000000000000000 mem 0x0000000080031f34
core   0: 0x000000008000ff54 (0x0ff77713) andi    a4, a4, 255
core   0: 3 0x000000008000ff54 (0x0ff77713) x14 0x0000000000000000
core   0: 0x000000008000ff58 (0x00e78023) sb      a4, 0(a5)
core   0: 3 0x000000008000ff58 (0x00e78023) mem 0x000000008001205b 0x00
core   0: 0x000000008000ff5c (0xfc843703) ld      a4, -56(s0)
core   0: 3 0x000000008000ff5c (0xfc843703) x14 0x0000000080012040 mem 0x0000000080031f38
core   0: 0x000000008000ff60 (0xfb843783) ld      a5, -72(s0)
core   0: 3 0x000000008000ff60 (0xfb843783) x15 0x000000000000009c mem 0x0000000080031f28
core   0: 0x000000008000ff64 (0x000097ba) c.add   a5, a4
core   0: 3 0x000000008000ff64 (0x97ba) x15 0x00000000800120dc
core   0: 0x000000008000ff66 (0xfe043703) ld      a4, -32(s0)
core   0: 3 0x000000008000ff66 (0xfe043703) x14 0x000000008001205c mem 0x0000000080031f50
core   0: 0x000000008000ff6a (0xfcf76de3) bltu    a4, a5, pc - 38
core   0: 3 0x000000008000ff6a (0xfcf76de3)
core   0: 0x000000008000ff44 (0xfe043783) ld      a5, -32(s0)
core   0: 3 0x000000008000ff44 (0xfe043783) x15 0x000000008001205c mem 0x0000000080031f50
core   0: 0x000000008000ff48 (0x00178713) addi    a4, a5, 1
core   0: 3 0x000000008000ff48 (0x00178713) x14 0x000000008001205d
core   0: 0x000000008000ff4c (0xfee43023) sd      a4, -32(s0)
core   0: 3 0x000000008000ff4c (0xfee43023) mem 0x0000000080031f50 0x000000008001205d
core   0: 0x000000008000ff50 (0xfc442703) lw      a4, -60(s0)
core   0: 3 0x000000008000ff50 (0xfc442703) x14 0x0000000000000000 mem 0x0000000080031f34
core   0: 0x000000008000ff54 (0x0ff77713) andi    a4, a4, 255
core   0: 3 0x000000008000ff54 (0x0ff77713) x14 0x0000000000000000
core   0: 0x000000008000ff58 (0x00e78023) sb      a4, 0(a5)
core   0: 3 0x000000008000ff58 (0x00e78023) mem 0x000000008001205c 0x00
core   0: 0x000000008000ff5c (0xfc843703) ld      a4, -56(s0)
core   0: 3 0x000000008000ff5c (0xfc843703) x14 0x0000000080012040 mem 0x0000000080031f38
core   0: 0x000000008000ff60 (0xfb843783) ld      a5, -72(s0)
core   0: 3 0x000000008000ff60 (0xfb843783) x15 0x000000000000009c mem 0x0000000080031f28
core   0: 0x000000008000ff64 (0x000097ba) c.add   a5, a4
core   0: 3 0x000000008000ff64 (0x97ba) x15 0x00000000800120dc
core   0: 0x000000008000ff66 (0xfe043703) ld      a4, -32(s0)
core   0: 3 0x000000008000ff66 (0xfe043703) x14 0x000000008001205d mem 0x0000000080031f50
core   0: 0x000000008000ff6a (0xfcf76de3) bltu    a4, a5, pc - 38
core   0: 3 0x000000008000ff6a (0xfcf76de3)
core   0: 0x000000008000ff44 (0xfe043783) ld      a5, -32(s0)
core   0: 3 0x000000008000ff44 (0xfe043783) x15 0x000000008001205d mem 0x0000000080031f50
core   0: 0x000000008000ff48 (0x00178713) addi    a4, a5, 1
core   0: 3 0x000000008000ff48 (0x00178713) x14 0x000000008001205e
core   0: 0x000000008000ff4c (0xfee43023) sd      a4, -32(s0)
core   0: 3 0x000000008000ff4c (0xfee43023) mem 0x0000000080031f50 0x000000008001205e
core   0: 0x000000008000ff50 (0xfc442703) lw      a4, -60(s0)
core   0: 3 0x000000008000ff50 (0xfc442703) x14 0x0000000000000000 mem 0x0000000080031f34
core   0: 0x000000008000ff54 (0x0ff77713) andi    a4, a4, 255
core   0: 3 0x000000008000ff54 (0x0ff77713) x14 0x0000000000000000
core   0: 0x000000008000ff58 (0x00e78023) sb      a4, 0(a5)
core   0: 3 0x000000008000ff58 (0x00e78023) mem 0x000000008001205d 0x00
core   0: 0x000000008000ff5c (0xfc843703) ld      a4, -56(s0)
core   0: 3 0x000000008000ff5c (0xfc843703) x14 0x0000000080012040 mem 0x0000000080031f38
core   0: 0x000000008000ff60 (0xfb843783) ld      a5, -72(s0)
core   0: 3 0x000000008000ff60 (0xfb843783) x15 0x000000000000009c mem 0x0000000080031f28
core   0: 0x000000008000ff64 (0x000097ba) c.add   a5, a4
core   0: 3 0x000000008000ff64 (0x97ba) x15 0x00000000800120dc
core   0: 0x000000008000ff66 (0xfe043703) ld      a4, -32(s0)
core   0: 3 0x000000008000ff66 (0xfe043703) x14 0x000000008001205e mem 0x0000000080031f50
core   0: 0x000000008000ff6a (0xfcf76de3) bltu    a4, a5, pc - 38
core   0: 3 0x000000008000ff6a (0xfcf76de3)
core   0: 0x000000008000ff44 (0xfe043783) ld      a5, -32(s0)
core   0: 3 0x000000008000ff44 (0xfe043783) x15 0x000000008001205e mem 0x0000000080031f50
core   0: 0x000000008000ff48 (0x00178713) addi    a4, a5, 1
core   0: 3 0x000000008000ff48 (0x00178713) x14 0x000000008001205f
core   0: 0x000000008000ff4c (0xfee43023) sd      a4, -32(s0)
core   0: 3 0x000000008000ff4c (0xfee43023) mem 0x0000000080031f50 0x000000008001205f
core   0: 0x000000008000ff50 (0xfc442703) lw      a4, -60(s0)
core   0: 3 0x000000008000ff50 (0xfc442703) x14 0x0000000000000000 mem 0x0000000080031f34
core   0: 0x000000008000ff54 (0x0ff77713) andi    a4, a4, 255
core   0: 3 0x000000008000ff54 (0x0ff77713) x14 0x0000000000000000
core   0: 0x000000008000ff58 (0x00e78023) sb      a4, 0(a5)
core   0: 3 0x000000008000ff58 (0x00e78023) mem 0x000000008001205e 0x00
core   0: 0x000000008000ff5c (0xfc843703) ld      a4, -56(s0)
core   0: 3 0x000000008000ff5c (0xfc843703) x14 0x0000000080012040 mem 0x0000000080031f38
core   0: 0x000000008000ff60 (0xfb843783) ld      a5, -72(s0)
core   0: 3 0x000000008000ff60 (0xfb843783) x15 0x000000000000009c mem 0x0000000080031f28
core   0: 0x000000008000ff64 (0x000097ba) c.add   a5, a4
core   0: 3 0x000000008000ff64 (0x97ba) x15 0x00000000800120dc
core   0: 0x000000008000ff66 (0xfe043703) ld      a4, -32(s0)
core   0: 3 0x000000008000ff66 (0xfe043703) x14 0x000000008001205f mem 0x0000000080031f50
core   0: 0x000000008000ff6a (0xfcf76de3) bltu    a4, a5, pc - 38
core   0: 3 0x000000008000ff6a (0xfcf76de3)
core   0: 0x000000008000ff44 (0xfe043783) ld      a5, -32(s0)
core   0: 3 0x000000008000ff44 (0xfe043783) x15 0x000000008001205f mem 0x0000000080031f50
core   0: 0x000000008000ff48 (0x00178713) addi    a4, a5, 1
core   0: 3 0x000000008000ff48 (0x00178713) x14 0x0000000080012060
core   0: 0x000000008000ff4c (0xfee43023) sd      a4, -32(s0)
core   0: 3 0x000000008000ff4c (0xfee43023) mem 0x0000000080031f50 0x0000000080012060
core   0: 0x000000008000ff50 (0xfc442703) lw      a4, -60(s0)
core   0: 3 0x000000008000ff50 (0xfc442703) x14 0x0000000000000000 mem 0x0000000080031f34
core   0: 0x000000008000ff54 (0x0ff77713) andi    a4, a4, 255
core   0: 3 0x000000008000ff54 (0x0ff77713) x14 0x0000000000000000
core   0: 0x000000008000ff58 (0x00e78023) sb      a4, 0(a5)
core   0: 3 0x000000008000ff58 (0x00e78023) mem 0x000000008001205f 0x00
core   0: 0x000000008000ff5c (0xfc843703) ld      a4, -56(s0)
core   0: 3 0x000000008000ff5c (0xfc843703) x14 0x0000000080012040 mem 0x0000000080031f38
core   0: 0x000000008000ff60 (0xfb843783) ld      a5, -72(s0)
core   0: 3 0x000000008000ff60 (0xfb843783) x15 0x000000000000009c mem 0x0000000080031f28
core   0: 0x000000008000ff64 (0x000097ba) c.add   a5, a4
core   0: 3 0x000000008000ff64 (0x97ba) x15 0x00000000800120dc
core   0: 0x000000008000ff66 (0xfe043703) ld      a4, -32(s0)
core   0: 3 0x000000008000ff66 (0xfe043703) x14 0x0000000080012060 mem 0x0000000080031f50
core   0: 0x000000008000ff6a (0xfcf76de3) bltu    a4, a5, pc - 38
core   0: 3 0x000000008000ff6a (0xfcf76de3)
core   0: 0x000000008000ff44 (0xfe043783) ld      a5, -32(s0)
core   0: 3 0x000000008000ff44 (0xfe043783) x15 0x0000000080012060 mem 0x0000000080031f50
core   0: 0x000000008000ff48 (0x00178713) addi    a4, a5, 1
core   0: 3 0x000000008000ff48 (0x00178713) x14 0x0000000080012061
core   0: 0x000000008000ff4c (0xfee43023) sd      a4, -32(s0)
core   0: 3 0x000000008000ff4c (0xfee43023) mem 0x0000000080031f50 0x0000000080012061
core   0: 0x000000008000ff50 (0xfc442703) lw      a4, -60(s0)
core   0: 3 0x000000008000ff50 (0xfc442703) x14 0x0000000000000000 mem 0x0000000080031f34
core   0: 0x000000008000ff54 (0x0ff77713) andi    a4, a4, 255
core   0: 3 0x000000008000ff54 (0x0ff77713) x14 0x0000000000000000
core   0: 0x000000008000ff58 (0x00e78023) sb      a4, 0(a5)
core   0: 3 0x000000008000ff58 (0x00e78023) mem 0x0000000080012060 0x00
core   0: 0x000000008000ff5c (0xfc843703) ld      a4, -56(s0)
core   0: 3 0x000000008000ff5c (0xfc843703) x14 0x0000000080012040 mem 0x0000000080031f38
core   0: 0x000000008000ff60 (0xfb843783) ld      a5, -72(s0)
core   0: 3 0x000000008000ff60 (0xfb843783) x15 0x000000000000009c mem 0x0000000080031f28
core   0: 0x000000008000ff64 (0x000097ba) c.add   a5, a4
core   0: 3 0x000000008000ff64 (0x97ba) x15 0x00000000800120dc
core   0: 0x000000008000ff66 (0xfe043703) ld      a4, -32(s0)
core   0: 3 0x000000008000ff66 (0xfe043703) x14 0x0000000080012061 mem 0x0000000080031f50
core   0: 0x000000008000ff6a (0xfcf76de3) bltu    a4, a5, pc - 38
core   0: 3 0x000000008000ff6a (0xfcf76de3)
core   0: 0x000000008000ff44 (0xfe043783) ld      a5, -32(s0)
core   0: 3 0x000000008000ff44 (0xfe043783) x15 0x0000000080012061 mem 0x0000000080031f50
core   0: 0x000000008000ff48 (0x00178713) addi    a4, a5, 1
core   0: 3 0x000000008000ff48 (0x00178713) x14 0x0000000080012062
core   0: 0x000000008000ff4c (0xfee43023) sd      a4, -32(s0)
core   0: 3 0x000000008000ff4c (0xfee43023) mem 0x0000000080031f50 0x0000000080012062
core   0: 0x000000008000ff50 (0xfc442703) lw      a4, -60(s0)
core   0: 3 0x000000008000ff50 (0xfc442703) x14 0x0000000000000000 mem 0x0000000080031f34
core   0: 0x000000008000ff54 (0x0ff77713) andi    a4, a4, 255
core   0: 3 0x000000008000ff54 (0x0ff77713) x14 0x0000000000000000
core   0: 0x000000008000ff58 (0x00e78023) sb      a4, 0(a5)
core   0: 3 0x000000008000ff58 (0x00e78023) mem 0x0000000080012061 0x00
core   0: 0x000000008000ff5c (0xfc843703) ld      a4, -56(s0)
core   0: 3 0x000000008000ff5c (0xfc843703) x14 0x0000000080012040 mem 0x0000000080031f38
core   0: 0x000000008000ff60 (0xfb843783) ld      a5, -72(s0)
core   0: 3 0x000000008000ff60 (0xfb843783) x15 0x000000000000009c mem 0x0000000080031f28
core   0: 0x000000008000ff64 (0x000097ba) c.add   a5, a4
core   0: 3 0x000000008000ff64 (0x97ba) x15 0x00000000800120dc
core   0: 0x000000008000ff66 (0xfe043703) ld      a4, -32(s0)
core   0: 3 0x000000008000ff66 (0xfe043703) x14 0x0000000080012062 mem 0x0000000080031f50
core   0: 0x000000008000ff6a (0xfcf76de3) bltu    a4, a5, pc - 38
core   0: 3 0x000000008000ff6a (0xfcf76de3)
core   0: 0x000000008000ff44 (0xfe043783) ld      a5, -32(s0)
core   0: 3 0x000000008000ff44 (0xfe043783) x15 0x0000000080012062 mem 0x0000000080031f50
core   0: 0x000000008000ff48 (0x00178713) addi    a4, a5, 1
core   0: 3 0x000000008000ff48 (0x00178713) x14 0x0000000080012063
core   0: 0x000000008000ff4c (0xfee43023) sd      a4, -32(s0)
core   0: 3 0x000000008000ff4c (0xfee43023) mem 0x0000000080031f50 0x0000000080012063
core   0: 0x000000008000ff50 (0xfc442703) lw      a4, -60(s0)
core   0: 3 0x000000008000ff50 (0xfc442703) x14 0x0000000000000000 mem 0x0000000080031f34
core   0: 0x000000008000ff54 (0x0ff77713) andi    a4, a4, 255
core   0: 3 0x000000008000ff54 (0x0ff77713) x14 0x0000000000000000
core   0: 0x000000008000ff58 (0x00e78023) sb      a4, 0(a5)
core   0: 3 0x000000008000ff58 (0x00e78023) mem 0x0000000080012062 0x00
core   0: 0x000000008000ff5c (0xfc843703) ld      a4, -56(s0)
core   0: 3 0x000000008000ff5c (0xfc843703) x14 0x0000000080012040 mem 0x0000000080031f38
core   0: 0x000000008000ff60 (0xfb843783) ld      a5, -72(s0)
core   0: 3 0x000000008000ff60 (0xfb843783) x15 0x000000000000009c mem 0x0000000080031f28
core   0: 0x000000008000ff64 (0x000097ba) c.add   a5, a4
core   0: 3 0x000000008000ff64 (0x97ba) x15 0x00000000800120dc
core   0: 0x000000008000ff66 (0xfe043703) ld      a4, -32(s0)
core   0: 3 0x000000008000ff66 (0xfe043703) x14 0x0000000080012063 mem 0x0000000080031f50
core   0: 0x000000008000ff6a (0xfcf76de3) bltu    a4, a5, pc - 38
core   0: 3 0x000000008000ff6a (0xfcf76de3)
core   0: 0x000000008000ff44 (0xfe043783) ld      a5, -32(s0)
core   0: 3 0x000000008000ff44 (0xfe043783) x15 0x0000000080012063 mem 0x0000000080031f50
core   0: 0x000000008000ff48 (0x00178713) addi    a4, a5, 1
core   0: 3 0x000000008000ff48 (0x00178713) x14 0x0000000080012064
core   0: 0x000000008000ff4c (0xfee43023) sd      a4, -32(s0)
core   0: 3 0x000000008000ff4c (0xfee43023) mem 0x0000000080031f50 0x0000000080012064
core   0: 0x000000008000ff50 (0xfc442703) lw      a4, -60(s0)
core   0: 3 0x000000008000ff50 (0xfc442703) x14 0x0000000000000000 mem 0x0000000080031f34
core   0: 0x000000008000ff54 (0x0ff77713) andi    a4, a4, 255
core   0: 3 0x000000008000ff54 (0x0ff77713) x14 0x0000000000000000
core   0: 0x000000008000ff58 (0x00e78023) sb      a4, 0(a5)
core   0: 3 0x000000008000ff58 (0x00e78023) mem 0x0000000080012063 0x00
core   0: 0x000000008000ff5c (0xfc843703) ld      a4, -56(s0)
core   0: 3 0x000000008000ff5c (0xfc843703) x14 0x0000000080012040 mem 0x0000000080031f38
core   0: 0x000000008000ff60 (0xfb843783) ld      a5, -72(s0)
core   0: 3 0x000000008000ff60 (0xfb843783) x15 0x000000000000009c mem 0x0000000080031f28
core   0: 0x000000008000ff64 (0x000097ba) c.add   a5, a4
core   0: 3 0x000000008000ff64 (0x97ba) x15 0x00000000800120dc
core   0: 0x000000008000ff66 (0xfe043703) ld      a4, -32(s0)
core   0: 3 0x000000008000ff66 (0xfe043703) x14 0x0000000080012064 mem 0x0000000080031f50
core   0: 0x000000008000ff6a (0xfcf76de3) bltu    a4, a5, pc - 38
core   0: 3 0x000000008000ff6a (0xfcf76de3)
core   0: 0x000000008000ff44 (0xfe043783) ld      a5, -32(s0)
core   0: 3 0x000000008000ff44 (0xfe043783) x15 0x0000000080012064 mem 0x0000000080031f50
core   0: 0x000000008000ff48 (0x00178713) addi    a4, a5, 1
core   0: 3 0x000000008000ff48 (0x00178713) x14 0x0000000080012065
core   0: 0x000000008000ff4c (0xfee43023) sd      a4, -32(s0)
core   0: 3 0x000000008000ff4c (0xfee43023) mem 0x0000000080031f50 0x0000000080012065
core   0: 0x000000008000ff50 (0xfc442703) lw      a4, -60(s0)
core   0: 3 0x000000008000ff50 (0xfc442703) x14 0x0000000000000000 mem 0x0000000080031f34
core   0: 0x000000008000ff54 (0x0ff77713) andi    a4, a4, 255
core   0: 3 0x000000008000ff54 (0x0ff77713) x14 0x0000000000000000
core   0: 0x000000008000ff58 (0x00e78023) sb      a4, 0(a5)
core   0: 3 0x000000008000ff58 (0x00e78023) mem 0x0000000080012064 0x00
core   0: 0x000000008000ff5c (0xfc843703) ld      a4, -56(s0)
core   0: 3 0x000000008000ff5c (0xfc843703) x14 0x0000000080012040 mem 0x0000000080031f38
core   0: 0x000000008000ff60 (0xfb843783) ld      a5, -72(s0)
core   0: 3 0x000000008000ff60 (0xfb843783) x15 0x000000000000009c mem 0x0000000080031f28
core   0: 0x000000008000ff64 (0x000097ba) c.add   a5, a4
core   0: 3 0x000000008000ff64 (0x97ba) x15 0x00000000800120dc
core   0: 0x000000008000ff66 (0xfe043703) ld      a4, -32(s0)
core   0: 3 0x000000008000ff66 (0xfe043703) x14 0x0000000080012065 mem 0x0000000080031f50
core   0: 0x000000008000ff6a (0xfcf76de3) bltu    a4, a5, pc - 38
core   0: 3 0x000000008000ff6a (0xfcf76de3)
core   0: 0x000000008000ff44 (0xfe043783) ld      a5, -32(s0)
core   0: 3 0x000000008000ff44 (0xfe043783) x15 0x0000000080012065 mem 0x0000000080031f50
core   0: 0x000000008000ff48 (0x00178713) addi    a4, a5, 1
core   0: 3 0x000000008000ff48 (0x00178713) x14 0x0000000080012066
core   0: 0x000000008000ff4c (0xfee43023) sd      a4, -32(s0)
core   0: 3 0x000000008000ff4c (0xfee43023) mem 0x0000000080031f50 0x0000000080012066
core   0: 0x000000008000ff50 (0xfc442703) lw      a4, -60(s0)
core   0: 3 0x000000008000ff50 (0xfc442703) x14 0x0000000000000000 mem 0x0000000080031f34
core   0: 0x000000008000ff54 (0x0ff77713) andi    a4, a4, 255
core   0: 3 0x000000008000ff54 (0x0ff77713) x14 0x0000000000000000
core   0: 0x000000008000ff58 (0x00e78023) sb      a4, 0(a5)
core   0: 3 0x000000008000ff58 (0x00e78023) mem 0x0000000080012065 0x00
core   0: 0x000000008000ff5c (0xfc843703) ld      a4, -56(s0)
core   0: 3 0x000000008000ff5c (0xfc843703) x14 0x0000000080012040 mem 0x0000000080031f38
core   0: 0x000000008000ff60 (0xfb843783) ld      a5, -72(s0)
core   0: 3 0x000000008000ff60 (0xfb843783) x15 0x000000000000009c mem 0x0000000080031f28
core   0: 0x000000008000ff64 (0x000097ba) c.add   a5, a4
core   0: 3 0x000000008000ff64 (0x97ba) x15 0x00000000800120dc
core   0: 0x000000008000ff66 (0xfe043703) ld      a4, -32(s0)
core   0: 3 0x000000008000ff66 (0xfe043703) x14 0x0000000080012066 mem 0x0000000080031f50
core   0: 0x000000008000ff6a (0xfcf76de3) bltu    a4, a5, pc - 38
core   0: 3 0x000000008000ff6a (0xfcf76de3)
core   0: 0x000000008000ff44 (0xfe043783) ld      a5, -32(s0)
core   0: 3 0x000000008000ff44 (0xfe043783) x15 0x0000000080012066 mem 0x0000000080031f50
core   0: 0x000000008000ff48 (0x00178713) addi    a4, a5, 1
core   0: 3 0x000000008000ff48 (0x00178713) x14 0x0000000080012067
core   0: 0x000000008000ff4c (0xfee43023) sd      a4, -32(s0)
core   0: 3 0x000000008000ff4c (0xfee43023) mem 0x0000000080031f50 0x0000000080012067
core   0: 0x000000008000ff50 (0xfc442703) lw      a4, -60(s0)
core   0: 3 0x000000008000ff50 (0xfc442703) x14 0x0000000000000000 mem 0x0000000080031f34
core   0: 0x000000008000ff54 (0x0ff77713) andi    a4, a4, 255
core   0: 3 0x000000008000ff54 (0x0ff77713) x14 0x0000000000000000
core   0: 0x000000008000ff58 (0x00e78023) sb      a4, 0(a5)
core   0: 3 0x000000008000ff58 (0x00e78023) mem 0x0000000080012066 0x00
core   0: 0x000000008000ff5c (0xfc843703) ld      a4, -56(s0)
core   0: 3 0x000000008000ff5c (0xfc843703) x14 0x0000000080012040 mem 0x0000000080031f38
core   0: 0x000000008000ff60 (0xfb843783) ld      a5, -72(s0)
core   0: 3 0x000000008000ff60 (0xfb843783) x15 0x000000000000009c mem 0x0000000080031f28
core   0: 0x000000008000ff64 (0x000097ba) c.add   a5, a4
core   0: 3 0x000000008000ff64 (0x97ba) x15 0x00000000800120dc
core   0: 0x000000008000ff66 (0xfe043703) ld      a4, -32(s0)
core   0: 3 0x000000008000ff66 (0xfe043703) x14 0x0000000080012067 mem 0x0000000080031f50
core   0: 0x000000008000ff6a (0xfcf76de3) bltu    a4, a5, pc - 38
core   0: 3 0x000000008000ff6a (0xfcf76de3)
core   0: 0x000000008000ff44 (0xfe043783) ld      a5, -32(s0)
core   0: 3 0x000000008000ff44 (0xfe043783) x15 0x0000000080012067 mem 0x0000000080031f50
core   0: 0x000000008000ff48 (0x00178713) addi    a4, a5, 1
core   0: 3 0x000000008000ff48 (0x00178713) x14 0x0000000080012068
core   0: 0x000000008000ff4c (0xfee43023) sd      a4, -32(s0)
core   0: 3 0x000000008000ff4c (0xfee43023) mem 0x0000000080031f50 0x0000000080012068
core   0: 0x000000008000ff50 (0xfc442703) lw      a4, -60(s0)
core   0: 3 0x000000008000ff50 (0xfc442703) x14 0x0000000000000000 mem 0x0000000080031f34
core   0: 0x000000008000ff54 (0x0ff77713) andi    a4, a4, 255
core   0: 3 0x000000008000ff54 (0x0ff77713) x14 0x0000000000000000
core   0: 0x000000008000ff58 (0x00e78023) sb      a4, 0(a5)
core   0: 3 0x000000008000ff58 (0x00e78023) mem 0x0000000080012067 0x00
core   0: 0x000000008000ff5c (0xfc843703) ld      a4, -56(s0)
core   0: 3 0x000000008000ff5c (0xfc843703) x14 0x0000000080012040 mem 0x0000000080031f38
core   0: 0x000000008000ff60 (0xfb843783) ld      a5, -72(s0)
core   0: 3 0x000000008000ff60 (0xfb843783) x15 0x000000000000009c mem 0x0000000080031f28
core   0: 0x000000008000ff64 (0x000097ba) c.add   a5, a4
core   0: 3 0x000000008000ff64 (0x97ba) x15 0x00000000800120dc
core   0: 0x000000008000ff66 (0xfe043703) ld      a4, -32(s0)
core   0: 3 0x000000008000ff66 (0xfe043703) x14 0x0000000080012068 mem 0x0000000080031f50
core   0: 0x000000008000ff6a (0xfcf76de3) bltu    a4, a5, pc - 38
core   0: 3 0x000000008000ff6a (0xfcf76de3)
core   0: 0x000000008000ff44 (0xfe043783) ld      a5, -32(s0)
core   0: 3 0x000000008000ff44 (0xfe043783) x15 0x0000000080012068 mem 0x0000000080031f50
core   0: 0x000000008000ff48 (0x00178713) addi    a4, a5, 1
core   0: 3 0x000000008000ff48 (0x00178713) x14 0x0000000080012069
core   0: 0x000000008000ff4c (0xfee43023) sd      a4, -32(s0)
core   0: 3 0x000000008000ff4c (0xfee43023) mem 0x0000000080031f50 0x0000000080012069
core   0: 0x000000008000ff50 (0xfc442703) lw      a4, -60(s0)
core   0: 3 0x000000008000ff50 (0xfc442703) x14 0x0000000000000000 mem 0x0000000080031f34
core   0: 0x000000008000ff54 (0x0ff77713) andi    a4, a4, 255
core   0: 3 0x000000008000ff54 (0x0ff77713) x14 0x0000000000000000
core   0: 0x000000008000ff58 (0x00e78023) sb      a4, 0(a5)
core   0: 3 0x000000008000ff58 (0x00e78023) mem 0x0000000080012068 0x00
core   0: 0x000000008000ff5c (0xfc843703) ld      a4, -56(s0)
core   0: 3 0x000000008000ff5c (0xfc843703) x14 0x0000000080012040 mem 0x0000000080031f38
core   0: 0x000000008000ff60 (0xfb843783) ld      a5, -72(s0)
core   0: 3 0x000000008000ff60 (0xfb843783) x15 0x000000000000009c mem 0x0000000080031f28
core   0: 0x000000008000ff64 (0x000097ba) c.add   a5, a4
core   0: 3 0x000000008000ff64 (0x97ba) x15 0x00000000800120dc
core   0: 0x000000008000ff66 (0xfe043703) ld      a4, -32(s0)
core   0: 3 0x000000008000ff66 (0xfe043703) x14 0x0000000080012069 mem 0x0000000080031f50
core   0: 0x000000008000ff6a (0xfcf76de3) bltu    a4, a5, pc - 38
core   0: 3 0x000000008000ff6a (0xfcf76de3)
core   0: 0x000000008000ff44 (0xfe043783) ld      a5, -32(s0)
core   0: 3 0x000000008000ff44 (0xfe043783) x15 0x0000000080012069 mem 0x0000000080031f50
core   0: 0x000000008000ff48 (0x00178713) addi    a4, a5, 1
core   0: 3 0x000000008000ff48 (0x00178713) x14 0x000000008001206a
core   0: 0x000000008000ff4c (0xfee43023) sd      a4, -32(s0)
core   0: 3 0x000000008000ff4c (0xfee43023) mem 0x0000000080031f50 0x000000008001206a
core   0: 0x000000008000ff50 (0xfc442703) lw      a4, -60(s0)
core   0: 3 0x000000008000ff50 (0xfc442703) x14 0x0000000000000000 mem 0x0000000080031f34
core   0: 0x000000008000ff54 (0x0ff77713) andi    a4, a4, 255
core   0: 3 0x000000008000ff54 (0x0ff77713) x14 0x0000000000000000
core   0: 0x000000008000ff58 (0x00e78023) sb      a4, 0(a5)
core   0: 3 0x000000008000ff58 (0x00e78023) mem 0x0000000080012069 0x00
core   0: 0x000000008000ff5c (0xfc843703) ld      a4, -56(s0)
core   0: 3 0x000000008000ff5c (0xfc843703) x14 0x0000000080012040 mem 0x0000000080031f38
core   0: 0x000000008000ff60 (0xfb843783) ld      a5, -72(s0)
core   0: 3 0x000000008000ff60 (0xfb843783) x15 0x000000000000009c mem 0x0000000080031f28
core   0: 0x000000008000ff64 (0x000097ba) c.add   a5, a4
core   0: 3 0x000000008000ff64 (0x97ba) x15 0x00000000800120dc
core   0: 0x000000008000ff66 (0xfe043703) ld      a4, -32(s0)
core   0: 3 0x000000008000ff66 (0xfe043703) x14 0x000000008001206a mem 0x0000000080031f50
core   0: 0x000000008000ff6a (0xfcf76de3) bltu    a4, a5, pc - 38
core   0: 3 0x000000008000ff6a (0xfcf76de3)
core   0: 0x000000008000ff44 (0xfe043783) ld      a5, -32(s0)
core   0: 3 0x000000008000ff44 (0xfe043783) x15 0x000000008001206a mem 0x0000000080031f50
core   0: 0x000000008000ff48 (0x00178713) addi    a4, a5, 1
core   0: 3 0x000000008000ff48 (0x00178713) x14 0x000000008001206b
core   0: 0x000000008000ff4c (0xfee43023) sd      a4, -32(s0)
core   0: 3 0x000000008000ff4c (0xfee43023) mem 0x0000000080031f50 0x000000008001206b
core   0: 0x000000008000ff50 (0xfc442703) lw      a4, -60(s0)
core   0: 3 0x000000008000ff50 (0xfc442703) x14 0x0000000000000000 mem 0x0000000080031f34
core   0: 0x000000008000ff54 (0x0ff77713) andi    a4, a4, 255
core   0: 3 0x000000008000ff54 (0x0ff77713) x14 0x0000000000000000
core   0: 0x000000008000ff58 (0x00e78023) sb      a4, 0(a5)
core   0: 3 0x000000008000ff58 (0x00e78023) mem 0x000000008001206a 0x00
core   0: 0x000000008000ff5c (0xfc843703) ld      a4, -56(s0)
core   0: 3 0x000000008000ff5c (0xfc843703) x14 0x0000000080012040 mem 0x0000000080031f38
core   0: 0x000000008000ff60 (0xfb843783) ld      a5, -72(s0)
core   0: 3 0x000000008000ff60 (0xfb843783) x15 0x000000000000009c mem 0x0000000080031f28
core   0: 0x000000008000ff64 (0x000097ba) c.add   a5, a4
core   0: 3 0x000000008000ff64 (0x97ba) x15 0x00000000800120dc
core   0: 0x000000008000ff66 (0xfe043703) ld      a4, -32(s0)
core   0: 3 0x000000008000ff66 (0xfe043703) x14 0x000000008001206b mem 0x0000000080031f50
core   0: 0x000000008000ff6a (0xfcf76de3) bltu    a4, a5, pc - 38
core   0: 3 0x000000008000ff6a (0xfcf76de3)
core   0: 0x000000008000ff44 (0xfe043783) ld      a5, -32(s0)
core   0: 3 0x000000008000ff44 (0xfe043783) x15 0x000000008001206b mem 0x0000000080031f50
core   0: 0x000000008000ff48 (0x00178713) addi    a4, a5, 1
core   0: 3 0x000000008000ff48 (0x00178713) x14 0x000000008001206c
core   0: 0x000000008000ff4c (0xfee43023) sd      a4, -32(s0)
core   0: 3 0x000000008000ff4c (0xfee43023) mem 0x0000000080031f50 0x000000008001206c
core   0: 0x000000008000ff50 (0xfc442703) lw      a4, -60(s0)
core   0: 3 0x000000008000ff50 (0xfc442703) x14 0x0000000000000000 mem 0x0000000080031f34
core   0: 0x000000008000ff54 (0x0ff77713) andi    a4, a4, 255
core   0: 3 0x000000008000ff54 (0x0ff77713) x14 0x0000000000000000
core   0: 0x000000008000ff58 (0x00e78023) sb      a4, 0(a5)
core   0: 3 0x000000008000ff58 (0x00e78023) mem 0x000000008001206b 0x00
core   0: 0x000000008000ff5c (0xfc843703) ld      a4, -56(s0)
core   0: 3 0x000000008000ff5c (0xfc843703) x14 0x0000000080012040 mem 0x0000000080031f38
core   0: 0x000000008000ff60 (0xfb843783) ld      a5, -72(s0)
core   0: 3 0x000000008000ff60 (0xfb843783) x15 0x000000000000009c mem 0x0000000080031f28
core   0: 0x000000008000ff64 (0x000097ba) c.add   a5, a4
core   0: 3 0x000000008000ff64 (0x97ba) x15 0x00000000800120dc
core   0: 0x000000008000ff66 (0xfe043703) ld      a4, -32(s0)
core   0: 3 0x000000008000ff66 (0xfe043703) x14 0x000000008001206c mem 0x0000000080031f50
core   0: 0x000000008000ff6a (0xfcf76de3) bltu    a4, a5, pc - 38
core   0: 3 0x000000008000ff6a (0xfcf76de3)
core   0: 0x000000008000ff44 (0xfe043783) ld      a5, -32(s0)
core   0: 3 0x000000008000ff44 (0xfe043783) x15 0x000000008001206c mem 0x0000000080031f50
core   0: 0x000000008000ff48 (0x00178713) addi    a4, a5, 1
core   0: 3 0x000000008000ff48 (0x00178713) x14 0x000000008001206d
core   0: 0x000000008000ff4c (0xfee43023) sd      a4, -32(s0)
core   0: 3 0x000000008000ff4c (0xfee43023) mem 0x0000000080031f50 0x000000008001206d
core   0: 0x000000008000ff50 (0xfc442703) lw      a4, -60(s0)
core   0: 3 0x000000008000ff50 (0xfc442703) x14 0x0000000000000000 mem 0x0000000080031f34
core   0: 0x000000008000ff54 (0x0ff77713) andi    a4, a4, 255
core   0: 3 0x000000008000ff54 (0x0ff77713) x14 0x0000000000000000
core   0: 0x000000008000ff58 (0x00e78023) sb      a4, 0(a5)
core   0: 3 0x000000008000ff58 (0x00e78023) mem 0x000000008001206c 0x00
core   0: 0x000000008000ff5c (0xfc843703) ld      a4, -56(s0)
core   0: 3 0x000000008000ff5c (0xfc843703) x14 0x0000000080012040 mem 0x0000000080031f38
core   0: 0x000000008000ff60 (0xfb843783) ld      a5, -72(s0)
core   0: 3 0x000000008000ff60 (0xfb843783) x15 0x000000000000009c mem 0x0000000080031f28
core   0: 0x000000008000ff64 (0x000097ba) c.add   a5, a4
core   0: 3 0x000000008000ff64 (0x97ba) x15 0x00000000800120dc
core   0: 0x000000008000ff66 (0xfe043703) ld      a4, -32(s0)
core   0: 3 0x000000008000ff66 (0xfe043703) x14 0x000000008001206d mem 0x0000000080031f50
core   0: 0x000000008000ff6a (0xfcf76de3) bltu    a4, a5, pc - 38
core   0: 3 0x000000008000ff6a (0xfcf76de3)
core   0: 0x000000008000ff44 (0xfe043783) ld      a5, -32(s0)
core   0: 3 0x000000008000ff44 (0xfe043783) x15 0x000000008001206d mem 0x0000000080031f50
core   0: 0x000000008000ff48 (0x00178713) addi    a4, a5, 1
core   0: 3 0x000000008000ff48 (0x00178713) x14 0x000000008001206e
core   0: 0x000000008000ff4c (0xfee43023) sd      a4, -32(s0)
core   0: 3 0x000000008000ff4c (0xfee43023) mem 0x0000000080031f50 0x000000008001206e
core   0: 0x000000008000ff50 (0xfc442703) lw      a4, -60(s0)
core   0: 3 0x000000008000ff50 (0xfc442703) x14 0x0000000000000000 mem 0x0000000080031f34
core   0: 0x000000008000ff54 (0x0ff77713) andi    a4, a4, 255
core   0: 3 0x000000008000ff54 (0x0ff77713) x14 0x0000000000000000
core   0: 0x000000008000ff58 (0x00e78023) sb      a4, 0(a5)
core   0: 3 0x000000008000ff58 (0x00e78023) mem 0x000000008001206d 0x00
core   0: 0x000000008000ff5c (0xfc843703) ld      a4, -56(s0)
core   0: 3 0x000000008000ff5c (0xfc843703) x14 0x0000000080012040 mem 0x0000000080031f38
core   0: 0x000000008000ff60 (0xfb843783) ld      a5, -72(s0)
core   0: 3 0x000000008000ff60 (0xfb843783) x15 0x000000000000009c mem 0x0000000080031f28
core   0: 0x000000008000ff64 (0x000097ba) c.add   a5, a4
core   0: 3 0x000000008000ff64 (0x97ba) x15 0x00000000800120dc
core   0: 0x000000008000ff66 (0xfe043703) ld      a4, -32(s0)
core   0: 3 0x000000008000ff66 (0xfe043703) x14 0x000000008001206e mem 0x0000000080031f50
core   0: 0x000000008000ff6a (0xfcf76de3) bltu    a4, a5, pc - 38
core   0: 3 0x000000008000ff6a (0xfcf76de3)
core   0: 0x000000008000ff44 (0xfe043783) ld      a5, -32(s0)
core   0: 3 0x000000008000ff44 (0xfe043783) x15 0x000000008001206e mem 0x0000000080031f50
core   0: 0x000000008000ff48 (0x00178713) addi    a4, a5, 1
core   0: 3 0x000000008000ff48 (0x00178713) x14 0x000000008001206f
core   0: 0x000000008000ff4c (0xfee43023) sd      a4, -32(s0)
core   0: 3 0x000000008000ff4c (0xfee43023) mem 0x0000000080031f50 0x000000008001206f
core   0: 0x000000008000ff50 (0xfc442703) lw      a4, -60(s0)
core   0: 3 0x000000008000ff50 (0xfc442703) x14 0x0000000000000000 mem 0x0000000080031f34
core   0: 0x000000008000ff54 (0x0ff77713) andi    a4, a4, 255
core   0: 3 0x000000008000ff54 (0x0ff77713) x14 0x0000000000000000
core   0: 0x000000008000ff58 (0x00e78023) sb      a4, 0(a5)
core   0: 3 0x000000008000ff58 (0x00e78023) mem 0x000000008001206e 0x00
core   0: 0x000000008000ff5c (0xfc843703) ld      a4, -56(s0)
core   0: 3 0x000000008000ff5c (0xfc843703) x14 0x0000000080012040 mem 0x0000000080031f38
core   0: 0x000000008000ff60 (0xfb843783) ld      a5, -72(s0)
core   0: 3 0x000000008000ff60 (0xfb843783) x15 0x000000000000009c mem 0x0000000080031f28
core   0: 0x000000008000ff64 (0x000097ba) c.add   a5, a4
core   0: 3 0x000000008000ff64 (0x97ba) x15 0x00000000800120dc
core   0: 0x000000008000ff66 (0xfe043703) ld      a4, -32(s0)
core   0: 3 0x000000008000ff66 (0xfe043703) x14 0x000000008001206f mem 0x0000000080031f50
core   0: 0x000000008000ff6a (0xfcf76de3) bltu    a4, a5, pc - 38
core   0: 3 0x000000008000ff6a (0xfcf76de3)
core   0: 0x000000008000ff44 (0xfe043783) ld      a5, -32(s0)
core   0: 3 0x000000008000ff44 (0xfe043783) x15 0x000000008001206f mem 0x0000000080031f50
core   0: 0x000000008000ff48 (0x00178713) addi    a4, a5, 1
core   0: 3 0x000000008000ff48 (0x00178713) x14 0x0000000080012070
core   0: 0x000000008000ff4c (0xfee43023) sd      a4, -32(s0)
core   0: 3 0x000000008000ff4c (0xfee43023) mem 0x0000000080031f50 0x0000000080012070
core   0: 0x000000008000ff50 (0xfc442703) lw      a4, -60(s0)
core   0: 3 0x000000008000ff50 (0xfc442703) x14 0x0000000000000000 mem 0x0000000080031f34
core   0: 0x000000008000ff54 (0x0ff77713) andi    a4, a4, 255
core   0: 3 0x000000008000ff54 (0x0ff77713) x14 0x0000000000000000
core   0: 0x000000008000ff58 (0x00e78023) sb      a4, 0(a5)
core   0: 3 0x000000008000ff58 (0x00e78023) mem 0x000000008001206f 0x00
core   0: 0x000000008000ff5c (0xfc843703) ld      a4, -56(s0)
core   0: 3 0x000000008000ff5c (0xfc843703) x14 0x0000000080012040 mem 0x0000000080031f38
core   0: 0x000000008000ff60 (0xfb843783) ld      a5, -72(s0)
core   0: 3 0x000000008000ff60 (0xfb843783) x15 0x000000000000009c mem 0x0000000080031f28
core   0: 0x000000008000ff64 (0x000097ba) c.add   a5, a4
core   0: 3 0x000000008000ff64 (0x97ba) x15 0x00000000800120dc
core   0: 0x000000008000ff66 (0xfe043703) ld      a4, -32(s0)
core   0: 3 0x000000008000ff66 (0xfe043703) x14 0x0000000080012070 mem 0x0000000080031f50
core   0: 0x000000008000ff6a (0xfcf76de3) bltu    a4, a5, pc - 38
core   0: 3 0x000000008000ff6a (0xfcf76de3)
core   0: 0x000000008000ff44 (0xfe043783) ld      a5, -32(s0)
core   0: 3 0x000000008000ff44 (0xfe043783) x15 0x0000000080012070 mem 0x0000000080031f50
core   0: 0x000000008000ff48 (0x00178713) addi    a4, a5, 1
core   0: 3 0x000000008000ff48 (0x00178713) x14 0x0000000080012071
core   0: 0x000000008000ff4c (0xfee43023) sd      a4, -32(s0)
core   0: 3 0x000000008000ff4c (0xfee43023) mem 0x0000000080031f50 0x0000000080012071
core   0: 0x000000008000ff50 (0xfc442703) lw      a4, -60(s0)
core   0: 3 0x000000008000ff50 (0xfc442703) x14 0x0000000000000000 mem 0x0000000080031f34
core   0: 0x000000008000ff54 (0x0ff77713) andi    a4, a4, 255
core   0: 3 0x000000008000ff54 (0x0ff77713) x14 0x0000000000000000
core   0: 0x000000008000ff58 (0x00e78023) sb      a4, 0(a5)
core   0: 3 0x000000008000ff58 (0x00e78023) mem 0x0000000080012070 0x00
core   0: 0x000000008000ff5c (0xfc843703) ld      a4, -56(s0)
core   0: 3 0x000000008000ff5c (0xfc843703) x14 0x0000000080012040 mem 0x0000000080031f38
core   0: 0x000000008000ff60 (0xfb843783) ld      a5, -72(s0)
core   0: 3 0x000000008000ff60 (0xfb843783) x15 0x000000000000009c mem 0x0000000080031f28
core   0: 0x000000008000ff64 (0x000097ba) c.add   a5, a4
core   0: 3 0x000000008000ff64 (0x97ba) x15 0x00000000800120dc
core   0: 0x000000008000ff66 (0xfe043703) ld      a4, -32(s0)
core   0: 3 0x000000008000ff66 (0xfe043703) x14 0x0000000080012071 mem 0x0000000080031f50
core   0: 0x000000008000ff6a (0xfcf76de3) bltu    a4, a5, pc - 38
core   0: 3 0x000000008000ff6a (0xfcf76de3)
core   0: 0x000000008000ff44 (0xfe043783) ld      a5, -32(s0)
core   0: 3 0x000000008000ff44 (0xfe043783) x15 0x0000000080012071 mem 0x0000000080031f50
core   0: 0x000000008000ff48 (0x00178713) addi    a4, a5, 1
core   0: 3 0x000000008000ff48 (0x00178713) x14 0x0000000080012072
core   0: 0x000000008000ff4c (0xfee43023) sd      a4, -32(s0)
core   0: 3 0x000000008000ff4c (0xfee43023) mem 0x0000000080031f50 0x0000000080012072
core   0: 0x000000008000ff50 (0xfc442703) lw      a4, -60(s0)
core   0: 3 0x000000008000ff50 (0xfc442703) x14 0x0000000000000000 mem 0x0000000080031f34
core   0: 0x000000008000ff54 (0x0ff77713) andi    a4, a4, 255
core   0: 3 0x000000008000ff54 (0x0ff77713) x14 0x0000000000000000
core   0: 0x000000008000ff58 (0x00e78023) sb      a4, 0(a5)
core   0: 3 0x000000008000ff58 (0x00e78023) mem 0x0000000080012071 0x00
core   0: 0x000000008000ff5c (0xfc843703) ld      a4, -56(s0)
core   0: 3 0x000000008000ff5c (0xfc843703) x14 0x0000000080012040 mem 0x0000000080031f38
core   0: 0x000000008000ff60 (0xfb843783) ld      a5, -72(s0)
core   0: 3 0x000000008000ff60 (0xfb843783) x15 0x000000000000009c mem 0x0000000080031f28
core   0: 0x000000008000ff64 (0x000097ba) c.add   a5, a4
core   0: 3 0x000000008000ff64 (0x97ba) x15 0x00000000800120dc
core   0: 0x000000008000ff66 (0xfe043703) ld      a4, -32(s0)
core   0: 3 0x000000008000ff66 (0xfe043703) x14 0x0000000080012072 mem 0x0000000080031f50
core   0: 0x000000008000ff6a (0xfcf76de3) bltu    a4, a5, pc - 38
core   0: 3 0x000000008000ff6a (0xfcf76de3)
core   0: 0x000000008000ff44 (0xfe043783) ld      a5, -32(s0)
core   0: 3 0x000000008000ff44 (0xfe043783) x15 0x0000000080012072 mem 0x0000000080031f50
core   0: 0x000000008000ff48 (0x00178713) addi    a4, a5, 1
core   0: 3 0x000000008000ff48 (0x00178713) x14 0x0000000080012073
core   0: 0x000000008000ff4c (0xfee43023) sd      a4, -32(s0)
core   0: 3 0x000000008000ff4c (0xfee43023) mem 0x0000000080031f50 0x0000000080012073
core   0: 0x000000008000ff50 (0xfc442703) lw      a4, -60(s0)
core   0: 3 0x000000008000ff50 (0xfc442703) x14 0x0000000000000000 mem 0x0000000080031f34
core   0: 0x000000008000ff54 (0x0ff77713) andi    a4, a4, 255
core   0: 3 0x000000008000ff54 (0x0ff77713) x14 0x0000000000000000
core   0: 0x000000008000ff58 (0x00e78023) sb      a4, 0(a5)
core   0: 3 0x000000008000ff58 (0x00e78023) mem 0x0000000080012072 0x00
core   0: 0x000000008000ff5c (0xfc843703) ld      a4, -56(s0)
core   0: 3 0x000000008000ff5c (0xfc843703) x14 0x0000000080012040 mem 0x0000000080031f38
core   0: 0x000000008000ff60 (0xfb843783) ld      a5, -72(s0)
core   0: 3 0x000000008000ff60 (0xfb843783) x15 0x000000000000009c mem 0x0000000080031f28
core   0: 0x000000008000ff64 (0x000097ba) c.add   a5, a4
core   0: 3 0x000000008000ff64 (0x97ba) x15 0x00000000800120dc
core   0: 0x000000008000ff66 (0xfe043703) ld      a4, -32(s0)
core   0: 3 0x000000008000ff66 (0xfe043703) x14 0x0000000080012073 mem 0x0000000080031f50
core   0: 0x000000008000ff6a (0xfcf76de3) bltu    a4, a5, pc - 38
core   0: 3 0x000000008000ff6a (0xfcf76de3)
core   0: 0x000000008000ff44 (0xfe043783) ld      a5, -32(s0)
core   0: 3 0x000000008000ff44 (0xfe043783) x15 0x0000000080012073 mem 0x0000000080031f50
core   0: 0x000000008000ff48 (0x00178713) addi    a4, a5, 1
core   0: 3 0x000000008000ff48 (0x00178713) x14 0x0000000080012074
core   0: 0x000000008000ff4c (0xfee43023) sd      a4, -32(s0)
core   0: 3 0x000000008000ff4c (0xfee43023) mem 0x0000000080031f50 0x0000000080012074
core   0: 0x000000008000ff50 (0xfc442703) lw      a4, -60(s0)
core   0: 3 0x000000008000ff50 (0xfc442703) x14 0x0000000000000000 mem 0x0000000080031f34
core   0: 0x000000008000ff54 (0x0ff77713) andi    a4, a4, 255
core   0: 3 0x000000008000ff54 (0x0ff77713) x14 0x0000000000000000
core   0: 0x000000008000ff58 (0x00e78023) sb      a4, 0(a5)
core   0: 3 0x000000008000ff58 (0x00e78023) mem 0x0000000080012073 0x00
core   0: 0x000000008000ff5c (0xfc843703) ld      a4, -56(s0)
core   0: 3 0x000000008000ff5c (0xfc843703) x14 0x0000000080012040 mem 0x0000000080031f38
core   0: 0x000000008000ff60 (0xfb843783) ld      a5, -72(s0)
core   0: 3 0x000000008000ff60 (0xfb843783) x15 0x000000000000009c mem 0x0000000080031f28
core   0: 0x000000008000ff64 (0x000097ba) c.add   a5, a4
core   0: 3 0x000000008000ff64 (0x97ba) x15 0x00000000800120dc
core   0: 0x000000008000ff66 (0xfe043703) ld      a4, -32(s0)
core   0: 3 0x000000008000ff66 (0xfe043703) x14 0x0000000080012074 mem 0x0000000080031f50
core   0: 0x000000008000ff6a (0xfcf76de3) bltu    a4, a5, pc - 38
core   0: 3 0x000000008000ff6a (0xfcf76de3)
core   0: 0x000000008000ff44 (0xfe043783) ld      a5, -32(s0)
core   0: 3 0x000000008000ff44 (0xfe043783) x15 0x0000000080012074 mem 0x0000000080031f50
core   0: 0x000000008000ff48 (0x00178713) addi    a4, a5, 1
core   0: 3 0x000000008000ff48 (0x00178713) x14 0x0000000080012075
core   0: 0x000000008000ff4c (0xfee43023) sd      a4, -32(s0)
core   0: 3 0x000000008000ff4c (0xfee43023) mem 0x0000000080031f50 0x0000000080012075
core   0: 0x000000008000ff50 (0xfc442703) lw      a4, -60(s0)
core   0: 3 0x000000008000ff50 (0xfc442703) x14 0x0000000000000000 mem 0x0000000080031f34
core   0: 0x000000008000ff54 (0x0ff77713) andi    a4, a4, 255
core   0: 3 0x000000008000ff54 (0x0ff77713) x14 0x0000000000000000
core   0: 0x000000008000ff58 (0x00e78023) sb      a4, 0(a5)
core   0: 3 0x000000008000ff58 (0x00e78023) mem 0x0000000080012074 0x00
core   0: 0x000000008000ff5c (0xfc843703) ld      a4, -56(s0)
core   0: 3 0x000000008000ff5c (0xfc843703) x14 0x0000000080012040 mem 0x0000000080031f38
core   0: 0x000000008000ff60 (0xfb843783) ld      a5, -72(s0)
core   0: 3 0x000000008000ff60 (0xfb843783) x15 0x000000000000009c mem 0x0000000080031f28
core   0: 0x000000008000ff64 (0x000097ba) c.add   a5, a4
core   0: 3 0x000000008000ff64 (0x97ba) x15 0x00000000800120dc
core   0: 0x000000008000ff66 (0xfe043703) ld      a4, -32(s0)
core   0: 3 0x000000008000ff66 (0xfe043703) x14 0x0000000080012075 mem 0x0000000080031f50
core   0: 0x000000008000ff6a (0xfcf76de3) bltu    a4, a5, pc - 38
core   0: 3 0x000000008000ff6a (0xfcf76de3)
core   0: 0x000000008000ff44 (0xfe043783) ld      a5, -32(s0)
core   0: 3 0x000000008000ff44 (0xfe043783) x15 0x0000000080012075 mem 0x0000000080031f50
core   0: 0x000000008000ff48 (0x00178713) addi    a4, a5, 1
core   0: 3 0x000000008000ff48 (0x00178713) x14 0x0000000080012076
core   0: 0x000000008000ff4c (0xfee43023) sd      a4, -32(s0)
core   0: 3 0x000000008000ff4c (0xfee43023) mem 0x0000000080031f50 0x0000000080012076
core   0: 0x000000008000ff50 (0xfc442703) lw      a4, -60(s0)
core   0: 3 0x000000008000ff50 (0xfc442703) x14 0x0000000000000000 mem 0x0000000080031f34
core   0: 0x000000008000ff54 (0x0ff77713) andi    a4, a4, 255
core   0: 3 0x000000008000ff54 (0x0ff77713) x14 0x0000000000000000
core   0: 0x000000008000ff58 (0x00e78023) sb      a4, 0(a5)
core   0: 3 0x000000008000ff58 (0x00e78023) mem 0x0000000080012075 0x00
core   0: 0x000000008000ff5c (0xfc843703) ld      a4, -56(s0)
core   0: 3 0x000000008000ff5c (0xfc843703) x14 0x0000000080012040 mem 0x0000000080031f38
core   0: 0x000000008000ff60 (0xfb843783) ld      a5, -72(s0)
core   0: 3 0x000000008000ff60 (0xfb843783) x15 0x000000000000009c mem 0x0000000080031f28
core   0: 0x000000008000ff64 (0x000097ba) c.add   a5, a4
core   0: 3 0x000000008000ff64 (0x97ba) x15 0x00000000800120dc
core   0: 0x000000008000ff66 (0xfe043703) ld      a4, -32(s0)
core   0: 3 0x000000008000ff66 (0xfe043703) x14 0x0000000080012076 mem 0x0000000080031f50
core   0: 0x000000008000ff6a (0xfcf76de3) bltu    a4, a5, pc - 38
core   0: 3 0x000000008000ff6a (0xfcf76de3)
core   0: 0x000000008000ff44 (0xfe043783) ld      a5, -32(s0)
core   0: 3 0x000000008000ff44 (0xfe043783) x15 0x0000000080012076 mem 0x0000000080031f50
core   0: 0x000000008000ff48 (0x00178713) addi    a4, a5, 1
core   0: 3 0x000000008000ff48 (0x00178713) x14 0x0000000080012077
core   0: 0x000000008000ff4c (0xfee43023) sd      a4, -32(s0)
core   0: 3 0x000000008000ff4c (0xfee43023) mem 0x0000000080031f50 0x0000000080012077
core   0: 0x000000008000ff50 (0xfc442703) lw      a4, -60(s0)
core   0: 3 0x000000008000ff50 (0xfc442703) x14 0x0000000000000000 mem 0x0000000080031f34
core   0: 0x000000008000ff54 (0x0ff77713) andi    a4, a4, 255
core   0: 3 0x000000008000ff54 (0x0ff77713) x14 0x0000000000000000
core   0: 0x000000008000ff58 (0x00e78023) sb      a4, 0(a5)
core   0: 3 0x000000008000ff58 (0x00e78023) mem 0x0000000080012076 0x00
core   0: 0x000000008000ff5c (0xfc843703) ld      a4, -56(s0)
core   0: 3 0x000000008000ff5c (0xfc843703) x14 0x0000000080012040 mem 0x0000000080031f38
core   0: 0x000000008000ff60 (0xfb843783) ld      a5, -72(s0)
core   0: 3 0x000000008000ff60 (0xfb843783) x15 0x000000000000009c mem 0x0000000080031f28
core   0: 0x000000008000ff64 (0x000097ba) c.add   a5, a4
core   0: 3 0x000000008000ff64 (0x97ba) x15 0x00000000800120dc
core   0: 0x000000008000ff66 (0xfe043703) ld      a4, -32(s0)
core   0: 3 0x000000008000ff66 (0xfe043703) x14 0x0000000080012077 mem 0x0000000080031f50
core   0: 0x000000008000ff6a (0xfcf76de3) bltu    a4, a5, pc - 38
core   0: 3 0x000000008000ff6a (0xfcf76de3)
core   0: 0x000000008000ff44 (0xfe043783) ld      a5, -32(s0)
core   0: 3 0x000000008000ff44 (0xfe043783) x15 0x0000000080012077 mem 0x0000000080031f50
core   0: 0x000000008000ff48 (0x00178713) addi    a4, a5, 1
core   0: 3 0x000000008000ff48 (0x00178713) x14 0x0000000080012078
core   0: 0x000000008000ff4c (0xfee43023) sd      a4, -32(s0)
core   0: 3 0x000000008000ff4c (0xfee43023) mem 0x0000000080031f50 0x0000000080012078
core   0: 0x000000008000ff50 (0xfc442703) lw      a4, -60(s0)
core   0: 3 0x000000008000ff50 (0xfc442703) x14 0x0000000000000000 mem 0x0000000080031f34
core   0: 0x000000008000ff54 (0x0ff77713) andi    a4, a4, 255
core   0: 3 0x000000008000ff54 (0x0ff77713) x14 0x0000000000000000
core   0: 0x000000008000ff58 (0x00e78023) sb      a4, 0(a5)
core   0: 3 0x000000008000ff58 (0x00e78023) mem 0x0000000080012077 0x00
core   0: 0x000000008000ff5c (0xfc843703) ld      a4, -56(s0)
core   0: 3 0x000000008000ff5c (0xfc843703) x14 0x0000000080012040 mem 0x0000000080031f38
core   0: 0x000000008000ff60 (0xfb843783) ld      a5, -72(s0)
core   0: 3 0x000000008000ff60 (0xfb843783) x15 0x000000000000009c mem 0x0000000080031f28
core   0: 0x000000008000ff64 (0x000097ba) c.add   a5, a4
core   0: 3 0x000000008000ff64 (0x97ba) x15 0x00000000800120dc
core   0: 0x000000008000ff66 (0xfe043703) ld      a4, -32(s0)
core   0: 3 0x000000008000ff66 (0xfe043703) x14 0x0000000080012078 mem 0x0000000080031f50
core   0: 0x000000008000ff6a (0xfcf76de3) bltu    a4, a5, pc - 38
core   0: 3 0x000000008000ff6a (0xfcf76de3)
core   0: 0x000000008000ff44 (0xfe043783) ld      a5, -32(s0)
core   0: 3 0x000000008000ff44 (0xfe043783) x15 0x0000000080012078 mem 0x0000000080031f50
core   0: 0x000000008000ff48 (0x00178713) addi    a4, a5, 1
core   0: 3 0x000000008000ff48 (0x00178713) x14 0x0000000080012079
core   0: 0x000000008000ff4c (0xfee43023) sd      a4, -32(s0)
core   0: 3 0x000000008000ff4c (0xfee43023) mem 0x0000000080031f50 0x0000000080012079
core   0: 0x000000008000ff50 (0xfc442703) lw      a4, -60(s0)
core   0: 3 0x000000008000ff50 (0xfc442703) x14 0x0000000000000000 mem 0x0000000080031f34
core   0: 0x000000008000ff54 (0x0ff77713) andi    a4, a4, 255
core   0: 3 0x000000008000ff54 (0x0ff77713) x14 0x0000000000000000
core   0: 0x000000008000ff58 (0x00e78023) sb      a4, 0(a5)
core   0: 3 0x000000008000ff58 (0x00e78023) mem 0x0000000080012078 0x00
core   0: 0x000000008000ff5c (0xfc843703) ld      a4, -56(s0)
core   0: 3 0x000000008000ff5c (0xfc843703) x14 0x0000000080012040 mem 0x0000000080031f38
core   0: 0x000000008000ff60 (0xfb843783) ld      a5, -72(s0)
core   0: 3 0x000000008000ff60 (0xfb843783) x15 0x000000000000009c mem 0x0000000080031f28
core   0: 0x000000008000ff64 (0x000097ba) c.add   a5, a4
core   0: 3 0x000000008000ff64 (0x97ba) x15 0x00000000800120dc
core   0: 0x000000008000ff66 (0xfe043703) ld      a4, -32(s0)
core   0: 3 0x000000008000ff66 (0xfe043703) x14 0x0000000080012079 mem 0x0000000080031f50
core   0: 0x000000008000ff6a (0xfcf76de3) bltu    a4, a5, pc - 38
core   0: 3 0x000000008000ff6a (0xfcf76de3)
core   0: 0x000000008000ff44 (0xfe043783) ld      a5, -32(s0)
core   0: 3 0x000000008000ff44 (0xfe043783) x15 0x0000000080012079 mem 0x0000000080031f50
core   0: 0x000000008000ff48 (0x00178713) addi    a4, a5, 1
core   0: 3 0x000000008000ff48 (0x00178713) x14 0x000000008001207a
core   0: 0x000000008000ff4c (0xfee43023) sd      a4, -32(s0)
core   0: 3 0x000000008000ff4c (0xfee43023) mem 0x0000000080031f50 0x000000008001207a
core   0: 0x000000008000ff50 (0xfc442703) lw      a4, -60(s0)
core   0: 3 0x000000008000ff50 (0xfc442703) x14 0x0000000000000000 mem 0x0000000080031f34
core   0: 0x000000008000ff54 (0x0ff77713) andi    a4, a4, 255
core   0: 3 0x000000008000ff54 (0x0ff77713) x14 0x0000000000000000
core   0: 0x000000008000ff58 (0x00e78023) sb      a4, 0(a5)
core   0: 3 0x000000008000ff58 (0x00e78023) mem 0x0000000080012079 0x00
core   0: 0x000000008000ff5c (0xfc843703) ld      a4, -56(s0)
core   0: 3 0x000000008000ff5c (0xfc843703) x14 0x0000000080012040 mem 0x0000000080031f38
core   0: 0x000000008000ff60 (0xfb843783) ld      a5, -72(s0)
core   0: 3 0x000000008000ff60 (0xfb843783) x15 0x000000000000009c mem 0x0000000080031f28
core   0: 0x000000008000ff64 (0x000097ba) c.add   a5, a4
core   0: 3 0x000000008000ff64 (0x97ba) x15 0x00000000800120dc
core   0: 0x000000008000ff66 (0xfe043703) ld      a4, -32(s0)
core   0: 3 0x000000008000ff66 (0xfe043703) x14 0x000000008001207a mem 0x0000000080031f50
core   0: 0x000000008000ff6a (0xfcf76de3) bltu    a4, a5, pc - 38
core   0: 3 0x000000008000ff6a (0xfcf76de3)
core   0: 0x000000008000ff44 (0xfe043783) ld      a5, -32(s0)
core   0: 3 0x000000008000ff44 (0xfe043783) x15 0x000000008001207a mem 0x0000000080031f50
core   0: 0x000000008000ff48 (0x00178713) addi    a4, a5, 1
core   0: 3 0x000000008000ff48 (0x00178713) x14 0x000000008001207b
core   0: 0x000000008000ff4c (0xfee43023) sd      a4, -32(s0)
core   0: 3 0x000000008000ff4c (0xfee43023) mem 0x0000000080031f50 0x000000008001207b
core   0: 0x000000008000ff50 (0xfc442703) lw      a4, -60(s0)
core   0: 3 0x000000008000ff50 (0xfc442703) x14 0x0000000000000000 mem 0x0000000080031f34
core   0: 0x000000008000ff54 (0x0ff77713) andi    a4, a4, 255
core   0: 3 0x000000008000ff54 (0x0ff77713) x14 0x0000000000000000
core   0: 0x000000008000ff58 (0x00e78023) sb      a4, 0(a5)
core   0: 3 0x000000008000ff58 (0x00e78023) mem 0x000000008001207a 0x00
core   0: 0x000000008000ff5c (0xfc843703) ld      a4, -56(s0)
core   0: 3 0x000000008000ff5c (0xfc843703) x14 0x0000000080012040 mem 0x0000000080031f38
core   0: 0x000000008000ff60 (0xfb843783) ld      a5, -72(s0)
core   0: 3 0x000000008000ff60 (0xfb843783) x15 0x000000000000009c mem 0x0000000080031f28
core   0: 0x000000008000ff64 (0x000097ba) c.add   a5, a4
core   0: 3 0x000000008000ff64 (0x97ba) x15 0x00000000800120dc
core   0: 0x000000008000ff66 (0xfe043703) ld      a4, -32(s0)
core   0: 3 0x000000008000ff66 (0xfe043703) x14 0x000000008001207b mem 0x0000000080031f50
core   0: 0x000000008000ff6a (0xfcf76de3) bltu    a4, a5, pc - 38
core   0: 3 0x000000008000ff6a (0xfcf76de3)
core   0: 0x000000008000ff44 (0xfe043783) ld      a5, -32(s0)
core   0: 3 0x000000008000ff44 (0xfe043783) x15 0x000000008001207b mem 0x0000000080031f50
core   0: 0x000000008000ff48 (0x00178713) addi    a4, a5, 1
core   0: 3 0x000000008000ff48 (0x00178713) x14 0x000000008001207c
core   0: 0x000000008000ff4c (0xfee43023) sd      a4, -32(s0)
core   0: 3 0x000000008000ff4c (0xfee43023) mem 0x0000000080031f50 0x000000008001207c
core   0: 0x000000008000ff50 (0xfc442703) lw      a4, -60(s0)
core   0: 3 0x000000008000ff50 (0xfc442703) x14 0x0000000000000000 mem 0x0000000080031f34
core   0: 0x000000008000ff54 (0x0ff77713) andi    a4, a4, 255
core   0: 3 0x000000008000ff54 (0x0ff77713) x14 0x0000000000000000
core   0: 0x000000008000ff58 (0x00e78023) sb      a4, 0(a5)
core   0: 3 0x000000008000ff58 (0x00e78023) mem 0x000000008001207b 0x00
core   0: 0x000000008000ff5c (0xfc843703) ld      a4, -56(s0)
core   0: 3 0x000000008000ff5c (0xfc843703) x14 0x0000000080012040 mem 0x0000000080031f38
core   0: 0x000000008000ff60 (0xfb843783) ld      a5, -72(s0)
core   0: 3 0x000000008000ff60 (0xfb843783) x15 0x000000000000009c mem 0x0000000080031f28
core   0: 0x000000008000ff64 (0x000097ba) c.add   a5, a4
core   0: 3 0x000000008000ff64 (0x97ba) x15 0x00000000800120dc
core   0: 0x000000008000ff66 (0xfe043703) ld      a4, -32(s0)
core   0: 3 0x000000008000ff66 (0xfe043703) x14 0x000000008001207c mem 0x0000000080031f50
core   0: 0x000000008000ff6a (0xfcf76de3) bltu    a4, a5, pc - 38
core   0: 3 0x000000008000ff6a (0xfcf76de3)
core   0: 0x000000008000ff44 (0xfe043783) ld      a5, -32(s0)
core   0: 3 0x000000008000ff44 (0xfe043783) x15 0x000000008001207c mem 0x0000000080031f50
core   0: 0x000000008000ff48 (0x00178713) addi    a4, a5, 1
core   0: 3 0x000000008000ff48 (0x00178713) x14 0x000000008001207d
core   0: 0x000000008000ff4c (0xfee43023) sd      a4, -32(s0)
core   0: 3 0x000000008000ff4c (0xfee43023) mem 0x0000000080031f50 0x000000008001207d
core   0: 0x000000008000ff50 (0xfc442703) lw      a4, -60(s0)
core   0: 3 0x000000008000ff50 (0xfc442703) x14 0x0000000000000000 mem 0x0000000080031f34
core   0: 0x000000008000ff54 (0x0ff77713) andi    a4, a4, 255
core   0: 3 0x000000008000ff54 (0x0ff77713) x14 0x0000000000000000
core   0: 0x000000008000ff58 (0x00e78023) sb      a4, 0(a5)
core   0: 3 0x000000008000ff58 (0x00e78023) mem 0x000000008001207c 0x00
core   0: 0x000000008000ff5c (0xfc843703) ld      a4, -56(s0)
core   0: 3 0x000000008000ff5c (0xfc843703) x14 0x0000000080012040 mem 0x0000000080031f38
core   0: 0x000000008000ff60 (0xfb843783) ld      a5, -72(s0)
core   0: 3 0x000000008000ff60 (0xfb843783) x15 0x000000000000009c mem 0x0000000080031f28
core   0: 0x000000008000ff64 (0x000097ba) c.add   a5, a4
core   0: 3 0x000000008000ff64 (0x97ba) x15 0x00000000800120dc
core   0: 0x000000008000ff66 (0xfe043703) ld      a4, -32(s0)
core   0: 3 0x000000008000ff66 (0xfe043703) x14 0x000000008001207d mem 0x0000000080031f50
core   0: 0x000000008000ff6a (0xfcf76de3) bltu    a4, a5, pc - 38
core   0: 3 0x000000008000ff6a (0xfcf76de3)
core   0: 0x000000008000ff44 (0xfe043783) ld      a5, -32(s0)
core   0: 3 0x000000008000ff44 (0xfe043783) x15 0x000000008001207d mem 0x0000000080031f50
core   0: 0x000000008000ff48 (0x00178713) addi    a4, a5, 1
core   0: 3 0x000000008000ff48 (0x00178713) x14 0x000000008001207e
core   0: 0x000000008000ff4c (0xfee43023) sd      a4, -32(s0)
core   0: 3 0x000000008000ff4c (0xfee43023) mem 0x0000000080031f50 0x000000008001207e
core   0: 0x000000008000ff50 (0xfc442703) lw      a4, -60(s0)
core   0: 3 0x000000008000ff50 (0xfc442703) x14 0x0000000000000000 mem 0x0000000080031f34
core   0: 0x000000008000ff54 (0x0ff77713) andi    a4, a4, 255
core   0: 3 0x000000008000ff54 (0x0ff77713) x14 0x0000000000000000
core   0: 0x000000008000ff58 (0x00e78023) sb      a4, 0(a5)
core   0: 3 0x000000008000ff58 (0x00e78023) mem 0x000000008001207d 0x00
core   0: 0x000000008000ff5c (0xfc843703) ld      a4, -56(s0)
core   0: 3 0x000000008000ff5c (0xfc843703) x14 0x0000000080012040 mem 0x0000000080031f38
core   0: 0x000000008000ff60 (0xfb843783) ld      a5, -72(s0)
core   0: 3 0x000000008000ff60 (0xfb843783) x15 0x000000000000009c mem 0x0000000080031f28
core   0: 0x000000008000ff64 (0x000097ba) c.add   a5, a4
core   0: 3 0x000000008000ff64 (0x97ba) x15 0x00000000800120dc
core   0: 0x000000008000ff66 (0xfe043703) ld      a4, -32(s0)
core   0: 3 0x000000008000ff66 (0xfe043703) x14 0x000000008001207e mem 0x0000000080031f50
core   0: 0x000000008000ff6a (0xfcf76de3) bltu    a4, a5, pc - 38
core   0: 3 0x000000008000ff6a (0xfcf76de3)
core   0: 0x000000008000ff44 (0xfe043783) ld      a5, -32(s0)
core   0: 3 0x000000008000ff44 (0xfe043783) x15 0x000000008001207e mem 0x0000000080031f50
core   0: 0x000000008000ff48 (0x00178713) addi    a4, a5, 1
core   0: 3 0x000000008000ff48 (0x00178713) x14 0x000000008001207f
core   0: 0x000000008000ff4c (0xfee43023) sd      a4, -32(s0)
core   0: 3 0x000000008000ff4c (0xfee43023) mem 0x0000000080031f50 0x000000008001207f
core   0: 0x000000008000ff50 (0xfc442703) lw      a4, -60(s0)
core   0: 3 0x000000008000ff50 (0xfc442703) x14 0x0000000000000000 mem 0x0000000080031f34
core   0: 0x000000008000ff54 (0x0ff77713) andi    a4, a4, 255
core   0: 3 0x000000008000ff54 (0x0ff77713) x14 0x0000000000000000
core   0: 0x000000008000ff58 (0x00e78023) sb      a4, 0(a5)
core   0: 3 0x000000008000ff58 (0x00e78023) mem 0x000000008001207e 0x00
core   0: 0x000000008000ff5c (0xfc843703) ld      a4, -56(s0)
core   0: 3 0x000000008000ff5c (0xfc843703) x14 0x0000000080012040 mem 0x0000000080031f38
core   0: 0x000000008000ff60 (0xfb843783) ld      a5, -72(s0)
core   0: 3 0x000000008000ff60 (0xfb843783) x15 0x000000000000009c mem 0x0000000080031f28
core   0: 0x000000008000ff64 (0x000097ba) c.add   a5, a4
core   0: 3 0x000000008000ff64 (0x97ba) x15 0x00000000800120dc
core   0: 0x000000008000ff66 (0xfe043703) ld      a4, -32(s0)
core   0: 3 0x000000008000ff66 (0xfe043703) x14 0x000000008001207f mem 0x0000000080031f50
core   0: 0x000000008000ff6a (0xfcf76de3) bltu    a4, a5, pc - 38
core   0: 3 0x000000008000ff6a (0xfcf76de3)
core   0: 0x000000008000ff44 (0xfe043783) ld      a5, -32(s0)
core   0: 3 0x000000008000ff44 (0xfe043783) x15 0x000000008001207f mem 0x0000000080031f50
core   0: 0x000000008000ff48 (0x00178713) addi    a4, a5, 1
core   0: 3 0x000000008000ff48 (0x00178713) x14 0x0000000080012080
core   0: 0x000000008000ff4c (0xfee43023) sd      a4, -32(s0)
core   0: 3 0x000000008000ff4c (0xfee43023) mem 0x0000000080031f50 0x0000000080012080
core   0: 0x000000008000ff50 (0xfc442703) lw      a4, -60(s0)
core   0: 3 0x000000008000ff50 (0xfc442703) x14 0x0000000000000000 mem 0x0000000080031f34
core   0: 0x000000008000ff54 (0x0ff77713) andi    a4, a4, 255
core   0: 3 0x000000008000ff54 (0x0ff77713) x14 0x0000000000000000
core   0: 0x000000008000ff58 (0x00e78023) sb      a4, 0(a5)
core   0: 3 0x000000008000ff58 (0x00e78023) mem 0x000000008001207f 0x00
core   0: 0x000000008000ff5c (0xfc843703) ld      a4, -56(s0)
core   0: 3 0x000000008000ff5c (0xfc843703) x14 0x0000000080012040 mem 0x0000000080031f38
core   0: 0x000000008000ff60 (0xfb843783) ld      a5, -72(s0)
core   0: 3 0x000000008000ff60 (0xfb843783) x15 0x000000000000009c mem 0x0000000080031f28
core   0: 0x000000008000ff64 (0x000097ba) c.add   a5, a4
core   0: 3 0x000000008000ff64 (0x97ba) x15 0x00000000800120dc
core   0: 0x000000008000ff66 (0xfe043703) ld      a4, -32(s0)
core   0: 3 0x000000008000ff66 (0xfe043703) x14 0x0000000080012080 mem 0x0000000080031f50
core   0: 0x000000008000ff6a (0xfcf76de3) bltu    a4, a5, pc - 38
core   0: 3 0x000000008000ff6a (0xfcf76de3)
core   0: 0x000000008000ff44 (0xfe043783) ld      a5, -32(s0)
core   0: 3 0x000000008000ff44 (0xfe043783) x15 0x0000000080012080 mem 0x0000000080031f50
core   0: 0x000000008000ff48 (0x00178713) addi    a4, a5, 1
core   0: 3 0x000000008000ff48 (0x00178713) x14 0x0000000080012081
core   0: 0x000000008000ff4c (0xfee43023) sd      a4, -32(s0)
core   0: 3 0x000000008000ff4c (0xfee43023) mem 0x0000000080031f50 0x0000000080012081
core   0: 0x000000008000ff50 (0xfc442703) lw      a4, -60(s0)
core   0: 3 0x000000008000ff50 (0xfc442703) x14 0x0000000000000000 mem 0x0000000080031f34
core   0: 0x000000008000ff54 (0x0ff77713) andi    a4, a4, 255
core   0: 3 0x000000008000ff54 (0x0ff77713) x14 0x0000000000000000
core   0: 0x000000008000ff58 (0x00e78023) sb      a4, 0(a5)
core   0: 3 0x000000008000ff58 (0x00e78023) mem 0x0000000080012080 0x00
core   0: 0x000000008000ff5c (0xfc843703) ld      a4, -56(s0)
core   0: 3 0x000000008000ff5c (0xfc843703) x14 0x0000000080012040 mem 0x0000000080031f38
core   0: 0x000000008000ff60 (0xfb843783) ld      a5, -72(s0)
core   0: 3 0x000000008000ff60 (0xfb843783) x15 0x000000000000009c mem 0x0000000080031f28
core   0: 0x000000008000ff64 (0x000097ba) c.add   a5, a4
core   0: 3 0x000000008000ff64 (0x97ba) x15 0x00000000800120dc
core   0: 0x000000008000ff66 (0xfe043703) ld      a4, -32(s0)
core   0: 3 0x000000008000ff66 (0xfe043703) x14 0x0000000080012081 mem 0x0000000080031f50
core   0: 0x000000008000ff6a (0xfcf76de3) bltu    a4, a5, pc - 38
core   0: 3 0x000000008000ff6a (0xfcf76de3)
core   0: 0x000000008000ff44 (0xfe043783) ld      a5, -32(s0)
core   0: 3 0x000000008000ff44 (0xfe043783) x15 0x0000000080012081 mem 0x0000000080031f50
core   0: 0x000000008000ff48 (0x00178713) addi    a4, a5, 1
core   0: 3 0x000000008000ff48 (0x00178713) x14 0x0000000080012082
core   0: 0x000000008000ff4c (0xfee43023) sd      a4, -32(s0)
core   0: 3 0x000000008000ff4c (0xfee43023) mem 0x0000000080031f50 0x0000000080012082
core   0: 0x000000008000ff50 (0xfc442703) lw      a4, -60(s0)
core   0: 3 0x000000008000ff50 (0xfc442703) x14 0x0000000000000000 mem 0x0000000080031f34
core   0: 0x000000008000ff54 (0x0ff77713) andi    a4, a4, 255
core   0: 3 0x000000008000ff54 (0x0ff77713) x14 0x0000000000000000
core   0: 0x000000008000ff58 (0x00e78023) sb      a4, 0(a5)
core   0: 3 0x000000008000ff58 (0x00e78023) mem 0x0000000080012081 0x00
core   0: 0x000000008000ff5c (0xfc843703) ld      a4, -56(s0)
core   0: 3 0x000000008000ff5c (0xfc843703) x14 0x0000000080012040 mem 0x0000000080031f38
core   0: 0x000000008000ff60 (0xfb843783) ld      a5, -72(s0)
core   0: 3 0x000000008000ff60 (0xfb843783) x15 0x000000000000009c mem 0x0000000080031f28
core   0: 0x000000008000ff64 (0x000097ba) c.add   a5, a4
core   0: 3 0x000000008000ff64 (0x97ba) x15 0x00000000800120dc
core   0: 0x000000008000ff66 (0xfe043703) ld      a4, -32(s0)
core   0: 3 0x000000008000ff66 (0xfe043703) x14 0x0000000080012082 mem 0x0000000080031f50
core   0: 0x000000008000ff6a (0xfcf76de3) bltu    a4, a5, pc - 38
core   0: 3 0x000000008000ff6a (0xfcf76de3)
core   0: 0x000000008000ff44 (0xfe043783) ld      a5, -32(s0)
core   0: 3 0x000000008000ff44 (0xfe043783) x15 0x0000000080012082 mem 0x0000000080031f50
core   0: 0x000000008000ff48 (0x00178713) addi    a4, a5, 1
core   0: 3 0x000000008000ff48 (0x00178713) x14 0x0000000080012083
core   0: 0x000000008000ff4c (0xfee43023) sd      a4, -32(s0)
core   0: 3 0x000000008000ff4c (0xfee43023) mem 0x0000000080031f50 0x0000000080012083
core   0: 0x000000008000ff50 (0xfc442703) lw      a4, -60(s0)
core   0: 3 0x000000008000ff50 (0xfc442703) x14 0x0000000000000000 mem 0x0000000080031f34
core   0: 0x000000008000ff54 (0x0ff77713) andi    a4, a4, 255
core   0: 3 0x000000008000ff54 (0x0ff77713) x14 0x0000000000000000
core   0: 0x000000008000ff58 (0x00e78023) sb      a4, 0(a5)
core   0: 3 0x000000008000ff58 (0x00e78023) mem 0x0000000080012082 0x00
core   0: 0x000000008000ff5c (0xfc843703) ld      a4, -56(s0)
core   0: 3 0x000000008000ff5c (0xfc843703) x14 0x0000000080012040 mem 0x0000000080031f38
core   0: 0x000000008000ff60 (0xfb843783) ld      a5, -72(s0)
core   0: 3 0x000000008000ff60 (0xfb843783) x15 0x000000000000009c mem 0x0000000080031f28
core   0: 0x000000008000ff64 (0x000097ba) c.add   a5, a4
core   0: 3 0x000000008000ff64 (0x97ba) x15 0x00000000800120dc
core   0: 0x000000008000ff66 (0xfe043703) ld      a4, -32(s0)
core   0: 3 0x000000008000ff66 (0xfe043703) x14 0x0000000080012083 mem 0x0000000080031f50
core   0: 0x000000008000ff6a (0xfcf76de3) bltu    a4, a5, pc - 38
core   0: 3 0x000000008000ff6a (0xfcf76de3)
core   0: 0x000000008000ff44 (0xfe043783) ld      a5, -32(s0)
core   0: 3 0x000000008000ff44 (0xfe043783) x15 0x0000000080012083 mem 0x0000000080031f50
core   0: 0x000000008000ff48 (0x00178713) addi    a4, a5, 1
core   0: 3 0x000000008000ff48 (0x00178713) x14 0x0000000080012084
core   0: 0x000000008000ff4c (0xfee43023) sd      a4, -32(s0)
core   0: 3 0x000000008000ff4c (0xfee43023) mem 0x0000000080031f50 0x0000000080012084
core   0: 0x000000008000ff50 (0xfc442703) lw      a4, -60(s0)
core   0: 3 0x000000008000ff50 (0xfc442703) x14 0x0000000000000000 mem 0x0000000080031f34
core   0: 0x000000008000ff54 (0x0ff77713) andi    a4, a4, 255
core   0: 3 0x000000008000ff54 (0x0ff77713) x14 0x0000000000000000
core   0: 0x000000008000ff58 (0x00e78023) sb      a4, 0(a5)
core   0: 3 0x000000008000ff58 (0x00e78023) mem 0x0000000080012083 0x00
core   0: 0x000000008000ff5c (0xfc843703) ld      a4, -56(s0)
core   0: 3 0x000000008000ff5c (0xfc843703) x14 0x0000000080012040 mem 0x0000000080031f38
core   0: 0x000000008000ff60 (0xfb843783) ld      a5, -72(s0)
core   0: 3 0x000000008000ff60 (0xfb843783) x15 0x000000000000009c mem 0x0000000080031f28
core   0: 0x000000008000ff64 (0x000097ba) c.add   a5, a4
core   0: 3 0x000000008000ff64 (0x97ba) x15 0x00000000800120dc
core   0: 0x000000008000ff66 (0xfe043703) ld      a4, -32(s0)
core   0: 3 0x000000008000ff66 (0xfe043703) x14 0x0000000080012084 mem 0x0000000080031f50
core   0: 0x000000008000ff6a (0xfcf76de3) bltu    a4, a5, pc - 38
core   0: 3 0x000000008000ff6a (0xfcf76de3)
core   0: 0x000000008000ff44 (0xfe043783) ld      a5, -32(s0)
core   0: 3 0x000000008000ff44 (0xfe043783) x15 0x0000000080012084 mem 0x0000000080031f50
core   0: 0x000000008000ff48 (0x00178713) addi    a4, a5, 1
core   0: 3 0x000000008000ff48 (0x00178713) x14 0x0000000080012085
core   0: 0x000000008000ff4c (0xfee43023) sd      a4, -32(s0)
core   0: 3 0x000000008000ff4c (0xfee43023) mem 0x0000000080031f50 0x0000000080012085
core   0: 0x000000008000ff50 (0xfc442703) lw      a4, -60(s0)
core   0: 3 0x000000008000ff50 (0xfc442703) x14 0x0000000000000000 mem 0x0000000080031f34
core   0: 0x000000008000ff54 (0x0ff77713) andi    a4, a4, 255
core   0: 3 0x000000008000ff54 (0x0ff77713) x14 0x0000000000000000
core   0: 0x000000008000ff58 (0x00e78023) sb      a4, 0(a5)
core   0: 3 0x000000008000ff58 (0x00e78023) mem 0x0000000080012084 0x00
core   0: 0x000000008000ff5c (0xfc843703) ld      a4, -56(s0)
core   0: 3 0x000000008000ff5c (0xfc843703) x14 0x0000000080012040 mem 0x0000000080031f38
core   0: 0x000000008000ff60 (0xfb843783) ld      a5, -72(s0)
core   0: 3 0x000000008000ff60 (0xfb843783) x15 0x000000000000009c mem 0x0000000080031f28
core   0: 0x000000008000ff64 (0x000097ba) c.add   a5, a4
core   0: 3 0x000000008000ff64 (0x97ba) x15 0x00000000800120dc
core   0: 0x000000008000ff66 (0xfe043703) ld      a4, -32(s0)
core   0: 3 0x000000008000ff66 (0xfe043703) x14 0x0000000080012085 mem 0x0000000080031f50
core   0: 0x000000008000ff6a (0xfcf76de3) bltu    a4, a5, pc - 38
core   0: 3 0x000000008000ff6a (0xfcf76de3)
core   0: 0x000000008000ff44 (0xfe043783) ld      a5, -32(s0)
core   0: 3 0x000000008000ff44 (0xfe043783) x15 0x0000000080012085 mem 0x0000000080031f50
core   0: 0x000000008000ff48 (0x00178713) addi    a4, a5, 1
core   0: 3 0x000000008000ff48 (0x00178713) x14 0x0000000080012086
core   0: 0x000000008000ff4c (0xfee43023) sd      a4, -32(s0)
core   0: 3 0x000000008000ff4c (0xfee43023) mem 0x0000000080031f50 0x0000000080012086
core   0: 0x000000008000ff50 (0xfc442703) lw      a4, -60(s0)
core   0: 3 0x000000008000ff50 (0xfc442703) x14 0x0000000000000000 mem 0x0000000080031f34
core   0: 0x000000008000ff54 (0x0ff77713) andi    a4, a4, 255
core   0: 3 0x000000008000ff54 (0x0ff77713) x14 0x0000000000000000
core   0: 0x000000008000ff58 (0x00e78023) sb      a4, 0(a5)
core   0: 3 0x000000008000ff58 (0x00e78023) mem 0x0000000080012085 0x00
core   0: 0x000000008000ff5c (0xfc843703) ld      a4, -56(s0)
core   0: 3 0x000000008000ff5c (0xfc843703) x14 0x0000000080012040 mem 0x0000000080031f38
core   0: 0x000000008000ff60 (0xfb843783) ld      a5, -72(s0)
core   0: 3 0x000000008000ff60 (0xfb843783) x15 0x000000000000009c mem 0x0000000080031f28
core   0: 0x000000008000ff64 (0x000097ba) c.add   a5, a4
core   0: 3 0x000000008000ff64 (0x97ba) x15 0x00000000800120dc
core   0: 0x000000008000ff66 (0xfe043703) ld      a4, -32(s0)
core   0: 3 0x000000008000ff66 (0xfe043703) x14 0x0000000080012086 mem 0x0000000080031f50
core   0: 0x000000008000ff6a (0xfcf76de3) bltu    a4, a5, pc - 38
core   0: 3 0x000000008000ff6a (0xfcf76de3)
core   0: 0x000000008000ff44 (0xfe043783) ld      a5, -32(s0)
core   0: 3 0x000000008000ff44 (0xfe043783) x15 0x0000000080012086 mem 0x0000000080031f50
core   0: 0x000000008000ff48 (0x00178713) addi    a4, a5, 1
core   0: 3 0x000000008000ff48 (0x00178713) x14 0x0000000080012087
core   0: 0x000000008000ff4c (0xfee43023) sd      a4, -32(s0)
core   0: 3 0x000000008000ff4c (0xfee43023) mem 0x0000000080031f50 0x0000000080012087
core   0: 0x000000008000ff50 (0xfc442703) lw      a4, -60(s0)
core   0: 3 0x000000008000ff50 (0xfc442703) x14 0x0000000000000000 mem 0x0000000080031f34
core   0: 0x000000008000ff54 (0x0ff77713) andi    a4, a4, 255
core   0: 3 0x000000008000ff54 (0x0ff77713) x14 0x0000000000000000
core   0: 0x000000008000ff58 (0x00e78023) sb      a4, 0(a5)
core   0: 3 0x000000008000ff58 (0x00e78023) mem 0x0000000080012086 0x00
core   0: 0x000000008000ff5c (0xfc843703) ld      a4, -56(s0)
core   0: 3 0x000000008000ff5c (0xfc843703) x14 0x0000000080012040 mem 0x0000000080031f38
core   0: 0x000000008000ff60 (0xfb843783) ld      a5, -72(s0)
core   0: 3 0x000000008000ff60 (0xfb843783) x15 0x000000000000009c mem 0x0000000080031f28
core   0: 0x000000008000ff64 (0x000097ba) c.add   a5, a4
core   0: 3 0x000000008000ff64 (0x97ba) x15 0x00000000800120dc
core   0: 0x000000008000ff66 (0xfe043703) ld      a4, -32(s0)
core   0: 3 0x000000008000ff66 (0xfe043703) x14 0x0000000080012087 mem 0x0000000080031f50
core   0: 0x000000008000ff6a (0xfcf76de3) bltu    a4, a5, pc - 38
core   0: 3 0x000000008000ff6a (0xfcf76de3)
core   0: 0x000000008000ff44 (0xfe043783) ld      a5, -32(s0)
core   0: 3 0x000000008000ff44 (0xfe043783) x15 0x0000000080012087 mem 0x0000000080031f50
core   0: 0x000000008000ff48 (0x00178713) addi    a4, a5, 1
core   0: 3 0x000000008000ff48 (0x00178713) x14 0x0000000080012088
core   0: 0x000000008000ff4c (0xfee43023) sd      a4, -32(s0)
core   0: 3 0x000000008000ff4c (0xfee43023) mem 0x0000000080031f50 0x0000000080012088
core   0: 0x000000008000ff50 (0xfc442703) lw      a4, -60(s0)
core   0: 3 0x000000008000ff50 (0xfc442703) x14 0x0000000000000000 mem 0x0000000080031f34
core   0: 0x000000008000ff54 (0x0ff77713) andi    a4, a4, 255
core   0: 3 0x000000008000ff54 (0x0ff77713) x14 0x0000000000000000
core   0: 0x000000008000ff58 (0x00e78023) sb      a4, 0(a5)
core   0: 3 0x000000008000ff58 (0x00e78023) mem 0x0000000080012087 0x00
core   0: 0x000000008000ff5c (0xfc843703) ld      a4, -56(s0)
core   0: 3 0x000000008000ff5c (0xfc843703) x14 0x0000000080012040 mem 0x0000000080031f38
core   0: 0x000000008000ff60 (0xfb843783) ld      a5, -72(s0)
core   0: 3 0x000000008000ff60 (0xfb843783) x15 0x000000000000009c mem 0x0000000080031f28
core   0: 0x000000008000ff64 (0x000097ba) c.add   a5, a4
core   0: 3 0x000000008000ff64 (0x97ba) x15 0x00000000800120dc
core   0: 0x000000008000ff66 (0xfe043703) ld      a4, -32(s0)
core   0: 3 0x000000008000ff66 (0xfe043703) x14 0x0000000080012088 mem 0x0000000080031f50
core   0: 0x000000008000ff6a (0xfcf76de3) bltu    a4, a5, pc - 38
core   0: 3 0x000000008000ff6a (0xfcf76de3)
core   0: 0x000000008000ff44 (0xfe043783) ld      a5, -32(s0)
core   0: 3 0x000000008000ff44 (0xfe043783) x15 0x0000000080012088 mem 0x0000000080031f50
core   0: 0x000000008000ff48 (0x00178713) addi    a4, a5, 1
core   0: 3 0x000000008000ff48 (0x00178713) x14 0x0000000080012089
core   0: 0x000000008000ff4c (0xfee43023) sd      a4, -32(s0)
core   0: 3 0x000000008000ff4c (0xfee43023) mem 0x0000000080031f50 0x0000000080012089
core   0: 0x000000008000ff50 (0xfc442703) lw      a4, -60(s0)
core   0: 3 0x000000008000ff50 (0xfc442703) x14 0x0000000000000000 mem 0x0000000080031f34
core   0: 0x000000008000ff54 (0x0ff77713) andi    a4, a4, 255
core   0: 3 0x000000008000ff54 (0x0ff77713) x14 0x0000000000000000
core   0: 0x000000008000ff58 (0x00e78023) sb      a4, 0(a5)
core   0: 3 0x000000008000ff58 (0x00e78023) mem 0x0000000080012088 0x00
core   0: 0x000000008000ff5c (0xfc843703) ld      a4, -56(s0)
core   0: 3 0x000000008000ff5c (0xfc843703) x14 0x0000000080012040 mem 0x0000000080031f38
core   0: 0x000000008000ff60 (0xfb843783) ld      a5, -72(s0)
core   0: 3 0x000000008000ff60 (0xfb843783) x15 0x000000000000009c mem 0x0000000080031f28
core   0: 0x000000008000ff64 (0x000097ba) c.add   a5, a4
core   0: 3 0x000000008000ff64 (0x97ba) x15 0x00000000800120dc
core   0: 0x000000008000ff66 (0xfe043703) ld      a4, -32(s0)
core   0: 3 0x000000008000ff66 (0xfe043703) x14 0x0000000080012089 mem 0x0000000080031f50
core   0: 0x000000008000ff6a (0xfcf76de3) bltu    a4, a5, pc - 38
core   0: 3 0x000000008000ff6a (0xfcf76de3)
core   0: 0x000000008000ff44 (0xfe043783) ld      a5, -32(s0)
core   0: 3 0x000000008000ff44 (0xfe043783) x15 0x0000000080012089 mem 0x0000000080031f50
core   0: 0x000000008000ff48 (0x00178713) addi    a4, a5, 1
core   0: 3 0x000000008000ff48 (0x00178713) x14 0x000000008001208a
core   0: 0x000000008000ff4c (0xfee43023) sd      a4, -32(s0)
core   0: 3 0x000000008000ff4c (0xfee43023) mem 0x0000000080031f50 0x000000008001208a
core   0: 0x000000008000ff50 (0xfc442703) lw      a4, -60(s0)
core   0: 3 0x000000008000ff50 (0xfc442703) x14 0x0000000000000000 mem 0x0000000080031f34
core   0: 0x000000008000ff54 (0x0ff77713) andi    a4, a4, 255
core   0: 3 0x000000008000ff54 (0x0ff77713) x14 0x0000000000000000
core   0: 0x000000008000ff58 (0x00e78023) sb      a4, 0(a5)
core   0: 3 0x000000008000ff58 (0x00e78023) mem 0x0000000080012089 0x00
core   0: 0x000000008000ff5c (0xfc843703) ld      a4, -56(s0)
core   0: 3 0x000000008000ff5c (0xfc843703) x14 0x0000000080012040 mem 0x0000000080031f38
core   0: 0x000000008000ff60 (0xfb843783) ld      a5, -72(s0)
core   0: 3 0x000000008000ff60 (0xfb843783) x15 0x000000000000009c mem 0x0000000080031f28
core   0: 0x000000008000ff64 (0x000097ba) c.add   a5, a4
core   0: 3 0x000000008000ff64 (0x97ba) x15 0x00000000800120dc
core   0: 0x000000008000ff66 (0xfe043703) ld      a4, -32(s0)
core   0: 3 0x000000008000ff66 (0xfe043703) x14 0x000000008001208a mem 0x0000000080031f50
core   0: 0x000000008000ff6a (0xfcf76de3) bltu    a4, a5, pc - 38
core   0: 3 0x000000008000ff6a (0xfcf76de3)
core   0: 0x000000008000ff44 (0xfe043783) ld      a5, -32(s0)
core   0: 3 0x000000008000ff44 (0xfe043783) x15 0x000000008001208a mem 0x0000000080031f50
core   0: 0x000000008000ff48 (0x00178713) addi    a4, a5, 1
core   0: 3 0x000000008000ff48 (0x00178713) x14 0x000000008001208b
core   0: 0x000000008000ff4c (0xfee43023) sd      a4, -32(s0)
core   0: 3 0x000000008000ff4c (0xfee43023) mem 0x0000000080031f50 0x000000008001208b
core   0: 0x000000008000ff50 (0xfc442703) lw      a4, -60(s0)
core   0: 3 0x000000008000ff50 (0xfc442703) x14 0x0000000000000000 mem 0x0000000080031f34
core   0: 0x000000008000ff54 (0x0ff77713) andi    a4, a4, 255
core   0: 3 0x000000008000ff54 (0x0ff77713) x14 0x0000000000000000
core   0: 0x000000008000ff58 (0x00e78023) sb      a4, 0(a5)
core   0: 3 0x000000008000ff58 (0x00e78023) mem 0x000000008001208a 0x00
core   0: 0x000000008000ff5c (0xfc843703) ld      a4, -56(s0)
core   0: 3 0x000000008000ff5c (0xfc843703) x14 0x0000000080012040 mem 0x0000000080031f38
core   0: 0x000000008000ff60 (0xfb843783) ld      a5, -72(s0)
core   0: 3 0x000000008000ff60 (0xfb843783) x15 0x000000000000009c mem 0x0000000080031f28
core   0: 0x000000008000ff64 (0x000097ba) c.add   a5, a4
core   0: 3 0x000000008000ff64 (0x97ba) x15 0x00000000800120dc
core   0: 0x000000008000ff66 (0xfe043703) ld      a4, -32(s0)
core   0: 3 0x000000008000ff66 (0xfe043703) x14 0x000000008001208b mem 0x0000000080031f50
core   0: 0x000000008000ff6a (0xfcf76de3) bltu    a4, a5, pc - 38
core   0: 3 0x000000008000ff6a (0xfcf76de3)
core   0: 0x000000008000ff44 (0xfe043783) ld      a5, -32(s0)
core   0: 3 0x000000008000ff44 (0xfe043783) x15 0x000000008001208b mem 0x0000000080031f50
core   0: 0x000000008000ff48 (0x00178713) addi    a4, a5, 1
core   0: 3 0x000000008000ff48 (0x00178713) x14 0x000000008001208c
core   0: 0x000000008000ff4c (0xfee43023) sd      a4, -32(s0)
core   0: 3 0x000000008000ff4c (0xfee43023) mem 0x0000000080031f50 0x000000008001208c
core   0: 0x000000008000ff50 (0xfc442703) lw      a4, -60(s0)
core   0: 3 0x000000008000ff50 (0xfc442703) x14 0x0000000000000000 mem 0x0000000080031f34
core   0: 0x000000008000ff54 (0x0ff77713) andi    a4, a4, 255
core   0: 3 0x000000008000ff54 (0x0ff77713) x14 0x0000000000000000
core   0: 0x000000008000ff58 (0x00e78023) sb      a4, 0(a5)
core   0: 3 0x000000008000ff58 (0x00e78023) mem 0x000000008001208b 0x00
core   0: 0x000000008000ff5c (0xfc843703) ld      a4, -56(s0)
core   0: 3 0x000000008000ff5c (0xfc843703) x14 0x0000000080012040 mem 0x0000000080031f38
core   0: 0x000000008000ff60 (0xfb843783) ld      a5, -72(s0)
core   0: 3 0x000000008000ff60 (0xfb843783) x15 0x000000000000009c mem 0x0000000080031f28
core   0: 0x000000008000ff64 (0x000097ba) c.add   a5, a4
core   0: 3 0x000000008000ff64 (0x97ba) x15 0x00000000800120dc
core   0: 0x000000008000ff66 (0xfe043703) ld      a4, -32(s0)
core   0: 3 0x000000008000ff66 (0xfe043703) x14 0x000000008001208c mem 0x0000000080031f50
core   0: 0x000000008000ff6a (0xfcf76de3) bltu    a4, a5, pc - 38
core   0: 3 0x000000008000ff6a (0xfcf76de3)
core   0: 0x000000008000ff44 (0xfe043783) ld      a5, -32(s0)
core   0: 3 0x000000008000ff44 (0xfe043783) x15 0x000000008001208c mem 0x0000000080031f50
core   0: 0x000000008000ff48 (0x00178713) addi    a4, a5, 1
core   0: 3 0x000000008000ff48 (0x00178713) x14 0x000000008001208d
core   0: 0x000000008000ff4c (0xfee43023) sd      a4, -32(s0)
core   0: 3 0x000000008000ff4c (0xfee43023) mem 0x0000000080031f50 0x000000008001208d
core   0: 0x000000008000ff50 (0xfc442703) lw      a4, -60(s0)
core   0: 3 0x000000008000ff50 (0xfc442703) x14 0x0000000000000000 mem 0x0000000080031f34
core   0: 0x000000008000ff54 (0x0ff77713) andi    a4, a4, 255
core   0: 3 0x000000008000ff54 (0x0ff77713) x14 0x0000000000000000
core   0: 0x000000008000ff58 (0x00e78023) sb      a4, 0(a5)
core   0: 3 0x000000008000ff58 (0x00e78023) mem 0x000000008001208c 0x00
core   0: 0x000000008000ff5c (0xfc843703) ld      a4, -56(s0)
core   0: 3 0x000000008000ff5c (0xfc843703) x14 0x0000000080012040 mem 0x0000000080031f38
core   0: 0x000000008000ff60 (0xfb843783) ld      a5, -72(s0)
core   0: 3 0x000000008000ff60 (0xfb843783) x15 0x000000000000009c mem 0x0000000080031f28
core   0: 0x000000008000ff64 (0x000097ba) c.add   a5, a4
core   0: 3 0x000000008000ff64 (0x97ba) x15 0x00000000800120dc
core   0: 0x000000008000ff66 (0xfe043703) ld      a4, -32(s0)
core   0: 3 0x000000008000ff66 (0xfe043703) x14 0x000000008001208d mem 0x0000000080031f50
core   0: 0x000000008000ff6a (0xfcf76de3) bltu    a4, a5, pc - 38
core   0: 3 0x000000008000ff6a (0xfcf76de3)
core   0: 0x000000008000ff44 (0xfe043783) ld      a5, -32(s0)
core   0: 3 0x000000008000ff44 (0xfe043783) x15 0x000000008001208d mem 0x0000000080031f50
core   0: 0x000000008000ff48 (0x00178713) addi    a4, a5, 1
core   0: 3 0x000000008000ff48 (0x00178713) x14 0x000000008001208e
core   0: 0x000000008000ff4c (0xfee43023) sd      a4, -32(s0)
core   0: 3 0x000000008000ff4c (0xfee43023) mem 0x0000000080031f50 0x000000008001208e
core   0: 0x000000008000ff50 (0xfc442703) lw      a4, -60(s0)
core   0: 3 0x000000008000ff50 (0xfc442703) x14 0x0000000000000000 mem 0x0000000080031f34
core   0: 0x000000008000ff54 (0x0ff77713) andi    a4, a4, 255
core   0: 3 0x000000008000ff54 (0x0ff77713) x14 0x0000000000000000
core   0: 0x000000008000ff58 (0x00e78023) sb      a4, 0(a5)
core   0: 3 0x000000008000ff58 (0x00e78023) mem 0x000000008001208d 0x00
core   0: 0x000000008000ff5c (0xfc843703) ld      a4, -56(s0)
core   0: 3 0x000000008000ff5c (0xfc843703) x14 0x0000000080012040 mem 0x0000000080031f38
core   0: 0x000000008000ff60 (0xfb843783) ld      a5, -72(s0)
core   0: 3 0x000000008000ff60 (0xfb843783) x15 0x000000000000009c mem 0x0000000080031f28
core   0: 0x000000008000ff64 (0x000097ba) c.add   a5, a4
core   0: 3 0x000000008000ff64 (0x97ba) x15 0x00000000800120dc
core   0: 0x000000008000ff66 (0xfe043703) ld      a4, -32(s0)
core   0: 3 0x000000008000ff66 (0xfe043703) x14 0x000000008001208e mem 0x0000000080031f50
core   0: 0x000000008000ff6a (0xfcf76de3) bltu    a4, a5, pc - 38
core   0: 3 0x000000008000ff6a (0xfcf76de3)
core   0: 0x000000008000ff44 (0xfe043783) ld      a5, -32(s0)
core   0: 3 0x000000008000ff44 (0xfe043783) x15 0x000000008001208e mem 0x0000000080031f50
core   0: 0x000000008000ff48 (0x00178713) addi    a4, a5, 1
core   0: 3 0x000000008000ff48 (0x00178713) x14 0x000000008001208f
core   0: 0x000000008000ff4c (0xfee43023) sd      a4, -32(s0)
core   0: 3 0x000000008000ff4c (0xfee43023) mem 0x0000000080031f50 0x000000008001208f
core   0: 0x000000008000ff50 (0xfc442703) lw      a4, -60(s0)
core   0: 3 0x000000008000ff50 (0xfc442703) x14 0x0000000000000000 mem 0x0000000080031f34
core   0: 0x000000008000ff54 (0x0ff77713) andi    a4, a4, 255
core   0: 3 0x000000008000ff54 (0x0ff77713) x14 0x0000000000000000
core   0: 0x000000008000ff58 (0x00e78023) sb      a4, 0(a5)
core   0: 3 0x000000008000ff58 (0x00e78023) mem 0x000000008001208e 0x00
core   0: 0x000000008000ff5c (0xfc843703) ld      a4, -56(s0)
core   0: 3 0x000000008000ff5c (0xfc843703) x14 0x0000000080012040 mem 0x0000000080031f38
core   0: 0x000000008000ff60 (0xfb843783) ld      a5, -72(s0)
core   0: 3 0x000000008000ff60 (0xfb843783) x15 0x000000000000009c mem 0x0000000080031f28
core   0: 0x000000008000ff64 (0x000097ba) c.add   a5, a4
core   0: 3 0x000000008000ff64 (0x97ba) x15 0x00000000800120dc
core   0: 0x000000008000ff66 (0xfe043703) ld      a4, -32(s0)
core   0: 3 0x000000008000ff66 (0xfe043703) x14 0x000000008001208f mem 0x0000000080031f50
core   0: 0x000000008000ff6a (0xfcf76de3) bltu    a4, a5, pc - 38
core   0: 3 0x000000008000ff6a (0xfcf76de3)
core   0: 0x000000008000ff44 (0xfe043783) ld      a5, -32(s0)
core   0: 3 0x000000008000ff44 (0xfe043783) x15 0x000000008001208f mem 0x0000000080031f50
core   0: 0x000000008000ff48 (0x00178713) addi    a4, a5, 1
core   0: 3 0x000000008000ff48 (0x00178713) x14 0x0000000080012090
core   0: 0x000000008000ff4c (0xfee43023) sd      a4, -32(s0)
core   0: 3 0x000000008000ff4c (0xfee43023) mem 0x0000000080031f50 0x0000000080012090
core   0: 0x000000008000ff50 (0xfc442703) lw      a4, -60(s0)
core   0: 3 0x000000008000ff50 (0xfc442703) x14 0x0000000000000000 mem 0x0000000080031f34
core   0: 0x000000008000ff54 (0x0ff77713) andi    a4, a4, 255
core   0: 3 0x000000008000ff54 (0x0ff77713) x14 0x0000000000000000
core   0: 0x000000008000ff58 (0x00e78023) sb      a4, 0(a5)
core   0: 3 0x000000008000ff58 (0x00e78023) mem 0x000000008001208f 0x00
core   0: 0x000000008000ff5c (0xfc843703) ld      a4, -56(s0)
core   0: 3 0x000000008000ff5c (0xfc843703) x14 0x0000000080012040 mem 0x0000000080031f38
core   0: 0x000000008000ff60 (0xfb843783) ld      a5, -72(s0)
core   0: 3 0x000000008000ff60 (0xfb843783) x15 0x000000000000009c mem 0x0000000080031f28
core   0: 0x000000008000ff64 (0x000097ba) c.add   a5, a4
core   0: 3 0x000000008000ff64 (0x97ba) x15 0x00000000800120dc
core   0: 0x000000008000ff66 (0xfe043703) ld      a4, -32(s0)
core   0: 3 0x000000008000ff66 (0xfe043703) x14 0x0000000080012090 mem 0x0000000080031f50
core   0: 0x000000008000ff6a (0xfcf76de3) bltu    a4, a5, pc - 38
core   0: 3 0x000000008000ff6a (0xfcf76de3)
core   0: 0x000000008000ff44 (0xfe043783) ld      a5, -32(s0)
core   0: 3 0x000000008000ff44 (0xfe043783) x15 0x0000000080012090 mem 0x0000000080031f50
core   0: 0x000000008000ff48 (0x00178713) addi    a4, a5, 1
core   0: 3 0x000000008000ff48 (0x00178713) x14 0x0000000080012091
core   0: 0x000000008000ff4c (0xfee43023) sd      a4, -32(s0)
core   0: 3 0x000000008000ff4c (0xfee43023) mem 0x0000000080031f50 0x0000000080012091
core   0: 0x000000008000ff50 (0xfc442703) lw      a4, -60(s0)
core   0: 3 0x000000008000ff50 (0xfc442703) x14 0x0000000000000000 mem 0x0000000080031f34
core   0: 0x000000008000ff54 (0x0ff77713) andi    a4, a4, 255
core   0: 3 0x000000008000ff54 (0x0ff77713) x14 0x0000000000000000
core   0: 0x000000008000ff58 (0x00e78023) sb      a4, 0(a5)
core   0: 3 0x000000008000ff58 (0x00e78023) mem 0x0000000080012090 0x00
core   0: 0x000000008000ff5c (0xfc843703) ld      a4, -56(s0)
core   0: 3 0x000000008000ff5c (0xfc843703) x14 0x0000000080012040 mem 0x0000000080031f38
core   0: 0x000000008000ff60 (0xfb843783) ld      a5, -72(s0)
core   0: 3 0x000000008000ff60 (0xfb843783) x15 0x000000000000009c mem 0x0000000080031f28
core   0: 0x000000008000ff64 (0x000097ba) c.add   a5, a4
core   0: 3 0x000000008000ff64 (0x97ba) x15 0x00000000800120dc
core   0: 0x000000008000ff66 (0xfe043703) ld      a4, -32(s0)
core   0: 3 0x000000008000ff66 (0xfe043703) x14 0x0000000080012091 mem 0x0000000080031f50
core   0: 0x000000008000ff6a (0xfcf76de3) bltu    a4, a5, pc - 38
core   0: 3 0x000000008000ff6a (0xfcf76de3)
core   0: 0x000000008000ff44 (0xfe043783) ld      a5, -32(s0)
core   0: 3 0x000000008000ff44 (0xfe043783) x15 0x0000000080012091 mem 0x0000000080031f50
core   0: 0x000000008000ff48 (0x00178713) addi    a4, a5, 1
core   0: 3 0x000000008000ff48 (0x00178713) x14 0x0000000080012092
core   0: 0x000000008000ff4c (0xfee43023) sd      a4, -32(s0)
core   0: 3 0x000000008000ff4c (0xfee43023) mem 0x0000000080031f50 0x0000000080012092
core   0: 0x000000008000ff50 (0xfc442703) lw      a4, -60(s0)
core   0: 3 0x000000008000ff50 (0xfc442703) x14 0x0000000000000000 mem 0x0000000080031f34
core   0: 0x000000008000ff54 (0x0ff77713) andi    a4, a4, 255
core   0: 3 0x000000008000ff54 (0x0ff77713) x14 0x0000000000000000
core   0: 0x000000008000ff58 (0x00e78023) sb      a4, 0(a5)
core   0: 3 0x000000008000ff58 (0x00e78023) mem 0x0000000080012091 0x00
core   0: 0x000000008000ff5c (0xfc843703) ld      a4, -56(s0)
core   0: 3 0x000000008000ff5c (0xfc843703) x14 0x0000000080012040 mem 0x0000000080031f38
core   0: 0x000000008000ff60 (0xfb843783) ld      a5, -72(s0)
core   0: 3 0x000000008000ff60 (0xfb843783) x15 0x000000000000009c mem 0x0000000080031f28
core   0: 0x000000008000ff64 (0x000097ba) c.add   a5, a4
core   0: 3 0x000000008000ff64 (0x97ba) x15 0x00000000800120dc
core   0: 0x000000008000ff66 (0xfe043703) ld      a4, -32(s0)
core   0: 3 0x000000008000ff66 (0xfe043703) x14 0x0000000080012092 mem 0x0000000080031f50
core   0: 0x000000008000ff6a (0xfcf76de3) bltu    a4, a5, pc - 38
core   0: 3 0x000000008000ff6a (0xfcf76de3)
core   0: 0x000000008000ff44 (0xfe043783) ld      a5, -32(s0)
core   0: 3 0x000000008000ff44 (0xfe043783) x15 0x0000000080012092 mem 0x0000000080031f50
core   0: 0x000000008000ff48 (0x00178713) addi    a4, a5, 1
core   0: 3 0x000000008000ff48 (0x00178713) x14 0x0000000080012093
core   0: 0x000000008000ff4c (0xfee43023) sd      a4, -32(s0)
core   0: 3 0x000000008000ff4c (0xfee43023) mem 0x0000000080031f50 0x0000000080012093
core   0: 0x000000008000ff50 (0xfc442703) lw      a4, -60(s0)
core   0: 3 0x000000008000ff50 (0xfc442703) x14 0x0000000000000000 mem 0x0000000080031f34
core   0: 0x000000008000ff54 (0x0ff77713) andi    a4, a4, 255
core   0: 3 0x000000008000ff54 (0x0ff77713) x14 0x0000000000000000
core   0: 0x000000008000ff58 (0x00e78023) sb      a4, 0(a5)
core   0: 3 0x000000008000ff58 (0x00e78023) mem 0x0000000080012092 0x00
core   0: 0x000000008000ff5c (0xfc843703) ld      a4, -56(s0)
core   0: 3 0x000000008000ff5c (0xfc843703) x14 0x0000000080012040 mem 0x0000000080031f38
core   0: 0x000000008000ff60 (0xfb843783) ld      a5, -72(s0)
core   0: 3 0x000000008000ff60 (0xfb843783) x15 0x000000000000009c mem 0x0000000080031f28
core   0: 0x000000008000ff64 (0x000097ba) c.add   a5, a4
core   0: 3 0x000000008000ff64 (0x97ba) x15 0x00000000800120dc
core   0: 0x000000008000ff66 (0xfe043703) ld      a4, -32(s0)
core   0: 3 0x000000008000ff66 (0xfe043703) x14 0x0000000080012093 mem 0x0000000080031f50
core   0: 0x000000008000ff6a (0xfcf76de3) bltu    a4, a5, pc - 38
core   0: 3 0x000000008000ff6a (0xfcf76de3)
core   0: 0x000000008000ff44 (0xfe043783) ld      a5, -32(s0)
core   0: 3 0x000000008000ff44 (0xfe043783) x15 0x0000000080012093 mem 0x0000000080031f50
core   0: 0x000000008000ff48 (0x00178713) addi    a4, a5, 1
core   0: 3 0x000000008000ff48 (0x00178713) x14 0x0000000080012094
core   0: 0x000000008000ff4c (0xfee43023) sd      a4, -32(s0)
core   0: 3 0x000000008000ff4c (0xfee43023) mem 0x0000000080031f50 0x0000000080012094
core   0: 0x000000008000ff50 (0xfc442703) lw      a4, -60(s0)
core   0: 3 0x000000008000ff50 (0xfc442703) x14 0x0000000000000000 mem 0x0000000080031f34
core   0: 0x000000008000ff54 (0x0ff77713) andi    a4, a4, 255
core   0: 3 0x000000008000ff54 (0x0ff77713) x14 0x0000000000000000
core   0: 0x000000008000ff58 (0x00e78023) sb      a4, 0(a5)
core   0: 3 0x000000008000ff58 (0x00e78023) mem 0x0000000080012093 0x00
core   0: 0x000000008000ff5c (0xfc843703) ld      a4, -56(s0)
core   0: 3 0x000000008000ff5c (0xfc843703) x14 0x0000000080012040 mem 0x0000000080031f38
core   0: 0x000000008000ff60 (0xfb843783) ld      a5, -72(s0)
core   0: 3 0x000000008000ff60 (0xfb843783) x15 0x000000000000009c mem 0x0000000080031f28
core   0: 0x000000008000ff64 (0x000097ba) c.add   a5, a4
core   0: 3 0x000000008000ff64 (0x97ba) x15 0x00000000800120dc
core   0: 0x000000008000ff66 (0xfe043703) ld      a4, -32(s0)
core   0: 3 0x000000008000ff66 (0xfe043703) x14 0x0000000080012094 mem 0x0000000080031f50
core   0: 0x000000008000ff6a (0xfcf76de3) bltu    a4, a5, pc - 38
core   0: 3 0x000000008000ff6a (0xfcf76de3)
core   0: 0x000000008000ff44 (0xfe043783) ld      a5, -32(s0)
core   0: 3 0x000000008000ff44 (0xfe043783) x15 0x0000000080012094 mem 0x0000000080031f50
core   0: 0x000000008000ff48 (0x00178713) addi    a4, a5, 1
core   0: 3 0x000000008000ff48 (0x00178713) x14 0x0000000080012095
core   0: 0x000000008000ff4c (0xfee43023) sd      a4, -32(s0)
core   0: 3 0x000000008000ff4c (0xfee43023) mem 0x0000000080031f50 0x0000000080012095
core   0: 0x000000008000ff50 (0xfc442703) lw      a4, -60(s0)
core   0: 3 0x000000008000ff50 (0xfc442703) x14 0x0000000000000000 mem 0x0000000080031f34
core   0: 0x000000008000ff54 (0x0ff77713) andi    a4, a4, 255
core   0: 3 0x000000008000ff54 (0x0ff77713) x14 0x0000000000000000
core   0: 0x000000008000ff58 (0x00e78023) sb      a4, 0(a5)
core   0: 3 0x000000008000ff58 (0x00e78023) mem 0x0000000080012094 0x00
core   0: 0x000000008000ff5c (0xfc843703) ld      a4, -56(s0)
core   0: 3 0x000000008000ff5c (0xfc843703) x14 0x0000000080012040 mem 0x0000000080031f38
core   0: 0x000000008000ff60 (0xfb843783) ld      a5, -72(s0)
core   0: 3 0x000000008000ff60 (0xfb843783) x15 0x000000000000009c mem 0x0000000080031f28
core   0: 0x000000008000ff64 (0x000097ba) c.add   a5, a4
core   0: 3 0x000000008000ff64 (0x97ba) x15 0x00000000800120dc
core   0: 0x000000008000ff66 (0xfe043703) ld      a4, -32(s0)
core   0: 3 0x000000008000ff66 (0xfe043703) x14 0x0000000080012095 mem 0x0000000080031f50
core   0: 0x000000008000ff6a (0xfcf76de3) bltu    a4, a5, pc - 38
core   0: 3 0x000000008000ff6a (0xfcf76de3)
core   0: 0x000000008000ff44 (0xfe043783) ld      a5, -32(s0)
core   0: 3 0x000000008000ff44 (0xfe043783) x15 0x0000000080012095 mem 0x0000000080031f50
core   0: 0x000000008000ff48 (0x00178713) addi    a4, a5, 1
core   0: 3 0x000000008000ff48 (0x00178713) x14 0x0000000080012096
core   0: 0x000000008000ff4c (0xfee43023) sd      a4, -32(s0)
core   0: 3 0x000000008000ff4c (0xfee43023) mem 0x0000000080031f50 0x0000000080012096
core   0: 0x000000008000ff50 (0xfc442703) lw      a4, -60(s0)
core   0: 3 0x000000008000ff50 (0xfc442703) x14 0x0000000000000000 mem 0x0000000080031f34
core   0: 0x000000008000ff54 (0x0ff77713) andi    a4, a4, 255
core   0: 3 0x000000008000ff54 (0x0ff77713) x14 0x0000000000000000
core   0: 0x000000008000ff58 (0x00e78023) sb      a4, 0(a5)
core   0: 3 0x000000008000ff58 (0x00e78023) mem 0x0000000080012095 0x00
core   0: 0x000000008000ff5c (0xfc843703) ld      a4, -56(s0)
core   0: 3 0x000000008000ff5c (0xfc843703) x14 0x0000000080012040 mem 0x0000000080031f38
core   0: 0x000000008000ff60 (0xfb843783) ld      a5, -72(s0)
core   0: 3 0x000000008000ff60 (0xfb843783) x15 0x000000000000009c mem 0x0000000080031f28
core   0: 0x000000008000ff64 (0x000097ba) c.add   a5, a4
core   0: 3 0x000000008000ff64 (0x97ba) x15 0x00000000800120dc
core   0: 0x000000008000ff66 (0xfe043703) ld      a4, -32(s0)
core   0: 3 0x000000008000ff66 (0xfe043703) x14 0x0000000080012096 mem 0x0000000080031f50
core   0: 0x000000008000ff6a (0xfcf76de3) bltu    a4, a5, pc - 38
core   0: 3 0x000000008000ff6a (0xfcf76de3)
core   0: 0x000000008000ff44 (0xfe043783) ld      a5, -32(s0)
core   0: 3 0x000000008000ff44 (0xfe043783) x15 0x0000000080012096 mem 0x0000000080031f50
core   0: 0x000000008000ff48 (0x00178713) addi    a4, a5, 1
core   0: 3 0x000000008000ff48 (0x00178713) x14 0x0000000080012097
core   0: 0x000000008000ff4c (0xfee43023) sd      a4, -32(s0)
core   0: 3 0x000000008000ff4c (0xfee43023) mem 0x0000000080031f50 0x0000000080012097
core   0: 0x000000008000ff50 (0xfc442703) lw      a4, -60(s0)
core   0: 3 0x000000008000ff50 (0xfc442703) x14 0x0000000000000000 mem 0x0000000080031f34
core   0: 0x000000008000ff54 (0x0ff77713) andi    a4, a4, 255
core   0: 3 0x000000008000ff54 (0x0ff77713) x14 0x0000000000000000
core   0: 0x000000008000ff58 (0x00e78023) sb      a4, 0(a5)
core   0: 3 0x000000008000ff58 (0x00e78023) mem 0x0000000080012096 0x00
core   0: 0x000000008000ff5c (0xfc843703) ld      a4, -56(s0)
core   0: 3 0x000000008000ff5c (0xfc843703) x14 0x0000000080012040 mem 0x0000000080031f38
core   0: 0x000000008000ff60 (0xfb843783) ld      a5, -72(s0)
core   0: 3 0x000000008000ff60 (0xfb843783) x15 0x000000000000009c mem 0x0000000080031f28
core   0: 0x000000008000ff64 (0x000097ba) c.add   a5, a4
core   0: 3 0x000000008000ff64 (0x97ba) x15 0x00000000800120dc
core   0: 0x000000008000ff66 (0xfe043703) ld      a4, -32(s0)
core   0: 3 0x000000008000ff66 (0xfe043703) x14 0x0000000080012097 mem 0x0000000080031f50
core   0: 0x000000008000ff6a (0xfcf76de3) bltu    a4, a5, pc - 38
core   0: 3 0x000000008000ff6a (0xfcf76de3)
core   0: 0x000000008000ff44 (0xfe043783) ld      a5, -32(s0)
core   0: 3 0x000000008000ff44 (0xfe043783) x15 0x0000000080012097 mem 0x0000000080031f50
core   0: 0x000000008000ff48 (0x00178713) addi    a4, a5, 1
core   0: 3 0x000000008000ff48 (0x00178713) x14 0x0000000080012098
core   0: 0x000000008000ff4c (0xfee43023) sd      a4, -32(s0)
core   0: 3 0x000000008000ff4c (0xfee43023) mem 0x0000000080031f50 0x0000000080012098
core   0: 0x000000008000ff50 (0xfc442703) lw      a4, -60(s0)
core   0: 3 0x000000008000ff50 (0xfc442703) x14 0x0000000000000000 mem 0x0000000080031f34
core   0: 0x000000008000ff54 (0x0ff77713) andi    a4, a4, 255
core   0: 3 0x000000008000ff54 (0x0ff77713) x14 0x0000000000000000
core   0: 0x000000008000ff58 (0x00e78023) sb      a4, 0(a5)
core   0: 3 0x000000008000ff58 (0x00e78023) mem 0x0000000080012097 0x00
core   0: 0x000000008000ff5c (0xfc843703) ld      a4, -56(s0)
core   0: 3 0x000000008000ff5c (0xfc843703) x14 0x0000000080012040 mem 0x0000000080031f38
core   0: 0x000000008000ff60 (0xfb843783) ld      a5, -72(s0)
core   0: 3 0x000000008000ff60 (0xfb843783) x15 0x000000000000009c mem 0x0000000080031f28
core   0: 0x000000008000ff64 (0x000097ba) c.add   a5, a4
core   0: 3 0x000000008000ff64 (0x97ba) x15 0x00000000800120dc
core   0: 0x000000008000ff66 (0xfe043703) ld      a4, -32(s0)
core   0: 3 0x000000008000ff66 (0xfe043703) x14 0x0000000080012098 mem 0x0000000080031f50
core   0: 0x000000008000ff6a (0xfcf76de3) bltu    a4, a5, pc - 38
core   0: 3 0x000000008000ff6a (0xfcf76de3)
core   0: 0x000000008000ff44 (0xfe043783) ld      a5, -32(s0)
core   0: 3 0x000000008000ff44 (0xfe043783) x15 0x0000000080012098 mem 0x0000000080031f50
core   0: 0x000000008000ff48 (0x00178713) addi    a4, a5, 1
core   0: 3 0x000000008000ff48 (0x00178713) x14 0x0000000080012099
core   0: 0x000000008000ff4c (0xfee43023) sd      a4, -32(s0)
core   0: 3 0x000000008000ff4c (0xfee43023) mem 0x0000000080031f50 0x0000000080012099
core   0: 0x000000008000ff50 (0xfc442703) lw      a4, -60(s0)
core   0: 3 0x000000008000ff50 (0xfc442703) x14 0x0000000000000000 mem 0x0000000080031f34
core   0: 0x000000008000ff54 (0x0ff77713) andi    a4, a4, 255
core   0: 3 0x000000008000ff54 (0x0ff77713) x14 0x0000000000000000
core   0: 0x000000008000ff58 (0x00e78023) sb      a4, 0(a5)
core   0: 3 0x000000008000ff58 (0x00e78023) mem 0x0000000080012098 0x00
core   0: 0x000000008000ff5c (0xfc843703) ld      a4, -56(s0)
core   0: 3 0x000000008000ff5c (0xfc843703) x14 0x0000000080012040 mem 0x0000000080031f38
core   0: 0x000000008000ff60 (0xfb843783) ld      a5, -72(s0)
core   0: 3 0x000000008000ff60 (0xfb843783) x15 0x000000000000009c mem 0x0000000080031f28
core   0: 0x000000008000ff64 (0x000097ba) c.add   a5, a4
core   0: 3 0x000000008000ff64 (0x97ba) x15 0x00000000800120dc
core   0: 0x000000008000ff66 (0xfe043703) ld      a4, -32(s0)
core   0: 3 0x000000008000ff66 (0xfe043703) x14 0x0000000080012099 mem 0x0000000080031f50
core   0: 0x000000008000ff6a (0xfcf76de3) bltu    a4, a5, pc - 38
core   0: 3 0x000000008000ff6a (0xfcf76de3)
core   0: 0x000000008000ff44 (0xfe043783) ld      a5, -32(s0)
core   0: 3 0x000000008000ff44 (0xfe043783) x15 0x0000000080012099 mem 0x0000000080031f50
core   0: 0x000000008000ff48 (0x00178713) addi    a4, a5, 1
core   0: 3 0x000000008000ff48 (0x00178713) x14 0x000000008001209a
core   0: 0x000000008000ff4c (0xfee43023) sd      a4, -32(s0)
core   0: 3 0x000000008000ff4c (0xfee43023) mem 0x0000000080031f50 0x000000008001209a
core   0: 0x000000008000ff50 (0xfc442703) lw      a4, -60(s0)
core   0: 3 0x000000008000ff50 (0xfc442703) x14 0x0000000000000000 mem 0x0000000080031f34
core   0: 0x000000008000ff54 (0x0ff77713) andi    a4, a4, 255
core   0: 3 0x000000008000ff54 (0x0ff77713) x14 0x0000000000000000
core   0: 0x000000008000ff58 (0x00e78023) sb      a4, 0(a5)
core   0: 3 0x000000008000ff58 (0x00e78023) mem 0x0000000080012099 0x00
core   0: 0x000000008000ff5c (0xfc843703) ld      a4, -56(s0)
core   0: 3 0x000000008000ff5c (0xfc843703) x14 0x0000000080012040 mem 0x0000000080031f38
core   0: 0x000000008000ff60 (0xfb843783) ld      a5, -72(s0)
core   0: 3 0x000000008000ff60 (0xfb843783) x15 0x000000000000009c mem 0x0000000080031f28
core   0: 0x000000008000ff64 (0x000097ba) c.add   a5, a4
core   0: 3 0x000000008000ff64 (0x97ba) x15 0x00000000800120dc
core   0: 0x000000008000ff66 (0xfe043703) ld      a4, -32(s0)
core   0: 3 0x000000008000ff66 (0xfe043703) x14 0x000000008001209a mem 0x0000000080031f50
core   0: 0x000000008000ff6a (0xfcf76de3) bltu    a4, a5, pc - 38
core   0: 3 0x000000008000ff6a (0xfcf76de3)
core   0: 0x000000008000ff44 (0xfe043783) ld      a5, -32(s0)
core   0: 3 0x000000008000ff44 (0xfe043783) x15 0x000000008001209a mem 0x0000000080031f50
core   0: 0x000000008000ff48 (0x00178713) addi    a4, a5, 1
core   0: 3 0x000000008000ff48 (0x00178713) x14 0x000000008001209b
core   0: 0x000000008000ff4c (0xfee43023) sd      a4, -32(s0)
core   0: 3 0x000000008000ff4c (0xfee43023) mem 0x0000000080031f50 0x000000008001209b
core   0: 0x000000008000ff50 (0xfc442703) lw      a4, -60(s0)
core   0: 3 0x000000008000ff50 (0xfc442703) x14 0x0000000000000000 mem 0x0000000080031f34
core   0: 0x000000008000ff54 (0x0ff77713) andi    a4, a4, 255
core   0: 3 0x000000008000ff54 (0x0ff77713) x14 0x0000000000000000
core   0: 0x000000008000ff58 (0x00e78023) sb      a4, 0(a5)
core   0: 3 0x000000008000ff58 (0x00e78023) mem 0x000000008001209a 0x00
core   0: 0x000000008000ff5c (0xfc843703) ld      a4, -56(s0)
core   0: 3 0x000000008000ff5c (0xfc843703) x14 0x0000000080012040 mem 0x0000000080031f38
core   0: 0x000000008000ff60 (0xfb843783) ld      a5, -72(s0)
core   0: 3 0x000000008000ff60 (0xfb843783) x15 0x000000000000009c mem 0x0000000080031f28
core   0: 0x000000008000ff64 (0x000097ba) c.add   a5, a4
core   0: 3 0x000000008000ff64 (0x97ba) x15 0x00000000800120dc
core   0: 0x000000008000ff66 (0xfe043703) ld      a4, -32(s0)
core   0: 3 0x000000008000ff66 (0xfe043703) x14 0x000000008001209b mem 0x0000000080031f50
core   0: 0x000000008000ff6a (0xfcf76de3) bltu    a4, a5, pc - 38
core   0: 3 0x000000008000ff6a (0xfcf76de3)
core   0: 0x000000008000ff44 (0xfe043783) ld      a5, -32(s0)
core   0: 3 0x000000008000ff44 (0xfe043783) x15 0x000000008001209b mem 0x0000000080031f50
core   0: 0x000000008000ff48 (0x00178713) addi    a4, a5, 1
core   0: 3 0x000000008000ff48 (0x00178713) x14 0x000000008001209c
core   0: 0x000000008000ff4c (0xfee43023) sd      a4, -32(s0)
core   0: 3 0x000000008000ff4c (0xfee43023) mem 0x0000000080031f50 0x000000008001209c
core   0: 0x000000008000ff50 (0xfc442703) lw      a4, -60(s0)
core   0: 3 0x000000008000ff50 (0xfc442703) x14 0x0000000000000000 mem 0x0000000080031f34
core   0: 0x000000008000ff54 (0x0ff77713) andi    a4, a4, 255
core   0: 3 0x000000008000ff54 (0x0ff77713) x14 0x0000000000000000
core   0: 0x000000008000ff58 (0x00e78023) sb      a4, 0(a5)
core   0: 3 0x000000008000ff58 (0x00e78023) mem 0x000000008001209b 0x00
core   0: 0x000000008000ff5c (0xfc843703) ld      a4, -56(s0)
core   0: 3 0x000000008000ff5c (0xfc843703) x14 0x0000000080012040 mem 0x0000000080031f38
core   0: 0x000000008000ff60 (0xfb843783) ld      a5, -72(s0)
core   0: 3 0x000000008000ff60 (0xfb843783) x15 0x000000000000009c mem 0x0000000080031f28
core   0: 0x000000008000ff64 (0x000097ba) c.add   a5, a4
core   0: 3 0x000000008000ff64 (0x97ba) x15 0x00000000800120dc
core   0: 0x000000008000ff66 (0xfe043703) ld      a4, -32(s0)
core   0: 3 0x000000008000ff66 (0xfe043703) x14 0x000000008001209c mem 0x0000000080031f50
core   0: 0x000000008000ff6a (0xfcf76de3) bltu    a4, a5, pc - 38
core   0: 3 0x000000008000ff6a (0xfcf76de3)
core   0: 0x000000008000ff44 (0xfe043783) ld      a5, -32(s0)
core   0: 3 0x000000008000ff44 (0xfe043783) x15 0x000000008001209c mem 0x0000000080031f50
core   0: 0x000000008000ff48 (0x00178713) addi    a4, a5, 1
core   0: 3 0x000000008000ff48 (0x00178713) x14 0x000000008001209d
core   0: 0x000000008000ff4c (0xfee43023) sd      a4, -32(s0)
core   0: 3 0x000000008000ff4c (0xfee43023) mem 0x0000000080031f50 0x000000008001209d
core   0: 0x000000008000ff50 (0xfc442703) lw      a4, -60(s0)
core   0: 3 0x000000008000ff50 (0xfc442703) x14 0x0000000000000000 mem 0x0000000080031f34
core   0: 0x000000008000ff54 (0x0ff77713) andi    a4, a4, 255
core   0: 3 0x000000008000ff54 (0x0ff77713) x14 0x0000000000000000
core   0: 0x000000008000ff58 (0x00e78023) sb      a4, 0(a5)
core   0: 3 0x000000008000ff58 (0x00e78023) mem 0x000000008001209c 0x00
core   0: 0x000000008000ff5c (0xfc843703) ld      a4, -56(s0)
core   0: 3 0x000000008000ff5c (0xfc843703) x14 0x0000000080012040 mem 0x0000000080031f38
core   0: 0x000000008000ff60 (0xfb843783) ld      a5, -72(s0)
core   0: 3 0x000000008000ff60 (0xfb843783) x15 0x000000000000009c mem 0x0000000080031f28
core   0: 0x000000008000ff64 (0x000097ba) c.add   a5, a4
core   0: 3 0x000000008000ff64 (0x97ba) x15 0x00000000800120dc
core   0: 0x000000008000ff66 (0xfe043703) ld      a4, -32(s0)
core   0: 3 0x000000008000ff66 (0xfe043703) x14 0x000000008001209d mem 0x0000000080031f50
core   0: 0x000000008000ff6a (0xfcf76de3) bltu    a4, a5, pc - 38
core   0: 3 0x000000008000ff6a (0xfcf76de3)
core   0: 0x000000008000ff44 (0xfe043783) ld      a5, -32(s0)
core   0: 3 0x000000008000ff44 (0xfe043783) x15 0x000000008001209d mem 0x0000000080031f50
core   0: 0x000000008000ff48 (0x00178713) addi    a4, a5, 1
core   0: 3 0x000000008000ff48 (0x00178713) x14 0x000000008001209e
core   0: 0x000000008000ff4c (0xfee43023) sd      a4, -32(s0)
core   0: 3 0x000000008000ff4c (0xfee43023) mem 0x0000000080031f50 0x000000008001209e
core   0: 0x000000008000ff50 (0xfc442703) lw      a4, -60(s0)
core   0: 3 0x000000008000ff50 (0xfc442703) x14 0x0000000000000000 mem 0x0000000080031f34
core   0: 0x000000008000ff54 (0x0ff77713) andi    a4, a4, 255
core   0: 3 0x000000008000ff54 (0x0ff77713) x14 0x0000000000000000
core   0: 0x000000008000ff58 (0x00e78023) sb      a4, 0(a5)
core   0: 3 0x000000008000ff58 (0x00e78023) mem 0x000000008001209d 0x00
core   0: 0x000000008000ff5c (0xfc843703) ld      a4, -56(s0)
core   0: 3 0x000000008000ff5c (0xfc843703) x14 0x0000000080012040 mem 0x0000000080031f38
core   0: 0x000000008000ff60 (0xfb843783) ld      a5, -72(s0)
core   0: 3 0x000000008000ff60 (0xfb843783) x15 0x000000000000009c mem 0x0000000080031f28
core   0: 0x000000008000ff64 (0x000097ba) c.add   a5, a4
core   0: 3 0x000000008000ff64 (0x97ba) x15 0x00000000800120dc
core   0: 0x000000008000ff66 (0xfe043703) ld      a4, -32(s0)
core   0: 3 0x000000008000ff66 (0xfe043703) x14 0x000000008001209e mem 0x0000000080031f50
core   0: 0x000000008000ff6a (0xfcf76de3) bltu    a4, a5, pc - 38
core   0: 3 0x000000008000ff6a (0xfcf76de3)
core   0: 0x000000008000ff44 (0xfe043783) ld      a5, -32(s0)
core   0: 3 0x000000008000ff44 (0xfe043783) x15 0x000000008001209e mem 0x0000000080031f50
core   0: 0x000000008000ff48 (0x00178713) addi    a4, a5, 1
core   0: 3 0x000000008000ff48 (0x00178713) x14 0x000000008001209f
core   0: 0x000000008000ff4c (0xfee43023) sd      a4, -32(s0)
core   0: 3 0x000000008000ff4c (0xfee43023) mem 0x0000000080031f50 0x000000008001209f
core   0: 0x000000008000ff50 (0xfc442703) lw      a4, -60(s0)
core   0: 3 0x000000008000ff50 (0xfc442703) x14 0x0000000000000000 mem 0x0000000080031f34
core   0: 0x000000008000ff54 (0x0ff77713) andi    a4, a4, 255
core   0: 3 0x000000008000ff54 (0x0ff77713) x14 0x0000000000000000
core   0: 0x000000008000ff58 (0x00e78023) sb      a4, 0(a5)
core   0: 3 0x000000008000ff58 (0x00e78023) mem 0x000000008001209e 0x00
core   0: 0x000000008000ff5c (0xfc843703) ld      a4, -56(s0)
core   0: 3 0x000000008000ff5c (0xfc843703) x14 0x0000000080012040 mem 0x0000000080031f38
core   0: 0x000000008000ff60 (0xfb843783) ld      a5, -72(s0)
core   0: 3 0x000000008000ff60 (0xfb843783) x15 0x000000000000009c mem 0x0000000080031f28
core   0: 0x000000008000ff64 (0x000097ba) c.add   a5, a4
core   0: 3 0x000000008000ff64 (0x97ba) x15 0x00000000800120dc
core   0: 0x000000008000ff66 (0xfe043703) ld      a4, -32(s0)
core   0: 3 0x000000008000ff66 (0xfe043703) x14 0x000000008001209f mem 0x0000000080031f50
core   0: 0x000000008000ff6a (0xfcf76de3) bltu    a4, a5, pc - 38
core   0: 3 0x000000008000ff6a (0xfcf76de3)
core   0: 0x000000008000ff44 (0xfe043783) ld      a5, -32(s0)
core   0: 3 0x000000008000ff44 (0xfe043783) x15 0x000000008001209f mem 0x0000000080031f50
core   0: 0x000000008000ff48 (0x00178713) addi    a4, a5, 1
core   0: 3 0x000000008000ff48 (0x00178713) x14 0x00000000800120a0
core   0: 0x000000008000ff4c (0xfee43023) sd      a4, -32(s0)
core   0: 3 0x000000008000ff4c (0xfee43023) mem 0x0000000080031f50 0x00000000800120a0
core   0: 0x000000008000ff50 (0xfc442703) lw      a4, -60(s0)
core   0: 3 0x000000008000ff50 (0xfc442703) x14 0x0000000000000000 mem 0x0000000080031f34
core   0: 0x000000008000ff54 (0x0ff77713) andi    a4, a4, 255
core   0: 3 0x000000008000ff54 (0x0ff77713) x14 0x0000000000000000
core   0: 0x000000008000ff58 (0x00e78023) sb      a4, 0(a5)
core   0: 3 0x000000008000ff58 (0x00e78023) mem 0x000000008001209f 0x00
core   0: 0x000000008000ff5c (0xfc843703) ld      a4, -56(s0)
core   0: 3 0x000000008000ff5c (0xfc843703) x14 0x0000000080012040 mem 0x0000000080031f38
core   0: 0x000000008000ff60 (0xfb843783) ld      a5, -72(s0)
core   0: 3 0x000000008000ff60 (0xfb843783) x15 0x000000000000009c mem 0x0000000080031f28
core   0: 0x000000008000ff64 (0x000097ba) c.add   a5, a4
core   0: 3 0x000000008000ff64 (0x97ba) x15 0x00000000800120dc
core   0: 0x000000008000ff66 (0xfe043703) ld      a4, -32(s0)
core   0: 3 0x000000008000ff66 (0xfe043703) x14 0x00000000800120a0 mem 0x0000000080031f50
core   0: 0x000000008000ff6a (0xfcf76de3) bltu    a4, a5, pc - 38
core   0: 3 0x000000008000ff6a (0xfcf76de3)
core   0: 0x000000008000ff44 (0xfe043783) ld      a5, -32(s0)
core   0: 3 0x000000008000ff44 (0xfe043783) x15 0x00000000800120a0 mem 0x0000000080031f50
core   0: 0x000000008000ff48 (0x00178713) addi    a4, a5, 1
core   0: 3 0x000000008000ff48 (0x00178713) x14 0x00000000800120a1
core   0: 0x000000008000ff4c (0xfee43023) sd      a4, -32(s0)
core   0: 3 0x000000008000ff4c (0xfee43023) mem 0x0000000080031f50 0x00000000800120a1
core   0: 0x000000008000ff50 (0xfc442703) lw      a4, -60(s0)
core   0: 3 0x000000008000ff50 (0xfc442703) x14 0x0000000000000000 mem 0x0000000080031f34
core   0: 0x000000008000ff54 (0x0ff77713) andi    a4, a4, 255
core   0: 3 0x000000008000ff54 (0x0ff77713) x14 0x0000000000000000
core   0: 0x000000008000ff58 (0x00e78023) sb      a4, 0(a5)
core   0: 3 0x000000008000ff58 (0x00e78023) mem 0x00000000800120a0 0x00
core   0: 0x000000008000ff5c (0xfc843703) ld      a4, -56(s0)
core   0: 3 0x000000008000ff5c (0xfc843703) x14 0x0000000080012040 mem 0x0000000080031f38
core   0: 0x000000008000ff60 (0xfb843783) ld      a5, -72(s0)
core   0: 3 0x000000008000ff60 (0xfb843783) x15 0x000000000000009c mem 0x0000000080031f28
core   0: 0x000000008000ff64 (0x000097ba) c.add   a5, a4
core   0: 3 0x000000008000ff64 (0x97ba) x15 0x00000000800120dc
core   0: 0x000000008000ff66 (0xfe043703) ld      a4, -32(s0)
core   0: 3 0x000000008000ff66 (0xfe043703) x14 0x00000000800120a1 mem 0x0000000080031f50
core   0: 0x000000008000ff6a (0xfcf76de3) bltu    a4, a5, pc - 38
core   0: 3 0x000000008000ff6a (0xfcf76de3)
core   0: 0x000000008000ff44 (0xfe043783) ld      a5, -32(s0)
core   0: 3 0x000000008000ff44 (0xfe043783) x15 0x00000000800120a1 mem 0x0000000080031f50
core   0: 0x000000008000ff48 (0x00178713) addi    a4, a5, 1
core   0: 3 0x000000008000ff48 (0x00178713) x14 0x00000000800120a2
core   0: 0x000000008000ff4c (0xfee43023) sd      a4, -32(s0)
core   0: 3 0x000000008000ff4c (0xfee43023) mem 0x0000000080031f50 0x00000000800120a2
core   0: 0x000000008000ff50 (0xfc442703) lw      a4, -60(s0)
core   0: 3 0x000000008000ff50 (0xfc442703) x14 0x0000000000000000 mem 0x0000000080031f34
core   0: 0x000000008000ff54 (0x0ff77713) andi    a4, a4, 255
core   0: 3 0x000000008000ff54 (0x0ff77713) x14 0x0000000000000000
core   0: 0x000000008000ff58 (0x00e78023) sb      a4, 0(a5)
core   0: 3 0x000000008000ff58 (0x00e78023) mem 0x00000000800120a1 0x00
core   0: 0x000000008000ff5c (0xfc843703) ld      a4, -56(s0)
core   0: 3 0x000000008000ff5c (0xfc843703) x14 0x0000000080012040 mem 0x0000000080031f38
core   0: 0x000000008000ff60 (0xfb843783) ld      a5, -72(s0)
core   0: 3 0x000000008000ff60 (0xfb843783) x15 0x000000000000009c mem 0x0000000080031f28
core   0: 0x000000008000ff64 (0x000097ba) c.add   a5, a4
core   0: 3 0x000000008000ff64 (0x97ba) x15 0x00000000800120dc
core   0: 0x000000008000ff66 (0xfe043703) ld      a4, -32(s0)
core   0: 3 0x000000008000ff66 (0xfe043703) x14 0x00000000800120a2 mem 0x0000000080031f50
core   0: 0x000000008000ff6a (0xfcf76de3) bltu    a4, a5, pc - 38
core   0: 3 0x000000008000ff6a (0xfcf76de3)
core   0: 0x000000008000ff44 (0xfe043783) ld      a5, -32(s0)
core   0: 3 0x000000008000ff44 (0xfe043783) x15 0x00000000800120a2 mem 0x0000000080031f50
core   0: 0x000000008000ff48 (0x00178713) addi    a4, a5, 1
core   0: 3 0x000000008000ff48 (0x00178713) x14 0x00000000800120a3
core   0: 0x000000008000ff4c (0xfee43023) sd      a4, -32(s0)
core   0: 3 0x000000008000ff4c (0xfee43023) mem 0x0000000080031f50 0x00000000800120a3
core   0: 0x000000008000ff50 (0xfc442703) lw      a4, -60(s0)
core   0: 3 0x000000008000ff50 (0xfc442703) x14 0x0000000000000000 mem 0x0000000080031f34
core   0: 0x000000008000ff54 (0x0ff77713) andi    a4, a4, 255
core   0: 3 0x000000008000ff54 (0x0ff77713) x14 0x0000000000000000
core   0: 0x000000008000ff58 (0x00e78023) sb      a4, 0(a5)
core   0: 3 0x000000008000ff58 (0x00e78023) mem 0x00000000800120a2 0x00
core   0: 0x000000008000ff5c (0xfc843703) ld      a4, -56(s0)
core   0: 3 0x000000008000ff5c (0xfc843703) x14 0x0000000080012040 mem 0x0000000080031f38
core   0: 0x000000008000ff60 (0xfb843783) ld      a5, -72(s0)
core   0: 3 0x000000008000ff60 (0xfb843783) x15 0x000000000000009c mem 0x0000000080031f28
core   0: 0x000000008000ff64 (0x000097ba) c.add   a5, a4
core   0: 3 0x000000008000ff64 (0x97ba) x15 0x00000000800120dc
core   0: 0x000000008000ff66 (0xfe043703) ld      a4, -32(s0)
core   0: 3 0x000000008000ff66 (0xfe043703) x14 0x00000000800120a3 mem 0x0000000080031f50
core   0: 0x000000008000ff6a (0xfcf76de3) bltu    a4, a5, pc - 38
core   0: 3 0x000000008000ff6a (0xfcf76de3)
core   0: 0x000000008000ff44 (0xfe043783) ld      a5, -32(s0)
core   0: 3 0x000000008000ff44 (0xfe043783) x15 0x00000000800120a3 mem 0x0000000080031f50
core   0: 0x000000008000ff48 (0x00178713) addi    a4, a5, 1
core   0: 3 0x000000008000ff48 (0x00178713) x14 0x00000000800120a4
core   0: 0x000000008000ff4c (0xfee43023) sd      a4, -32(s0)
core   0: 3 0x000000008000ff4c (0xfee43023) mem 0x0000000080031f50 0x00000000800120a4
core   0: 0x000000008000ff50 (0xfc442703) lw      a4, -60(s0)
core   0: 3 0x000000008000ff50 (0xfc442703) x14 0x0000000000000000 mem 0x0000000080031f34
core   0: 0x000000008000ff54 (0x0ff77713) andi    a4, a4, 255
core   0: 3 0x000000008000ff54 (0x0ff77713) x14 0x0000000000000000
core   0: 0x000000008000ff58 (0x00e78023) sb      a4, 0(a5)
core   0: 3 0x000000008000ff58 (0x00e78023) mem 0x00000000800120a3 0x00
core   0: 0x000000008000ff5c (0xfc843703) ld      a4, -56(s0)
core   0: 3 0x000000008000ff5c (0xfc843703) x14 0x0000000080012040 mem 0x0000000080031f38
core   0: 0x000000008000ff60 (0xfb843783) ld      a5, -72(s0)
core   0: 3 0x000000008000ff60 (0xfb843783) x15 0x000000000000009c mem 0x0000000080031f28
core   0: 0x000000008000ff64 (0x000097ba) c.add   a5, a4
core   0: 3 0x000000008000ff64 (0x97ba) x15 0x00000000800120dc
core   0: 0x000000008000ff66 (0xfe043703) ld      a4, -32(s0)
core   0: 3 0x000000008000ff66 (0xfe043703) x14 0x00000000800120a4 mem 0x0000000080031f50
core   0: 0x000000008000ff6a (0xfcf76de3) bltu    a4, a5, pc - 38
core   0: 3 0x000000008000ff6a (0xfcf76de3)
core   0: 0x000000008000ff44 (0xfe043783) ld      a5, -32(s0)
core   0: 3 0x000000008000ff44 (0xfe043783) x15 0x00000000800120a4 mem 0x0000000080031f50
core   0: 0x000000008000ff48 (0x00178713) addi    a4, a5, 1
core   0: 3 0x000000008000ff48 (0x00178713) x14 0x00000000800120a5
core   0: 0x000000008000ff4c (0xfee43023) sd      a4, -32(s0)
core   0: 3 0x000000008000ff4c (0xfee43023) mem 0x0000000080031f50 0x00000000800120a5
core   0: 0x000000008000ff50 (0xfc442703) lw      a4, -60(s0)
core   0: 3 0x000000008000ff50 (0xfc442703) x14 0x0000000000000000 mem 0x0000000080031f34
core   0: 0x000000008000ff54 (0x0ff77713) andi    a4, a4, 255
core   0: 3 0x000000008000ff54 (0x0ff77713) x14 0x0000000000000000
core   0: 0x000000008000ff58 (0x00e78023) sb      a4, 0(a5)
core   0: 3 0x000000008000ff58 (0x00e78023) mem 0x00000000800120a4 0x00
core   0: 0x000000008000ff5c (0xfc843703) ld      a4, -56(s0)
core   0: 3 0x000000008000ff5c (0xfc843703) x14 0x0000000080012040 mem 0x0000000080031f38
core   0: 0x000000008000ff60 (0xfb843783) ld      a5, -72(s0)
core   0: 3 0x000000008000ff60 (0xfb843783) x15 0x000000000000009c mem 0x0000000080031f28
core   0: 0x000000008000ff64 (0x000097ba) c.add   a5, a4
core   0: 3 0x000000008000ff64 (0x97ba) x15 0x00000000800120dc
core   0: 0x000000008000ff66 (0xfe043703) ld      a4, -32(s0)
core   0: 3 0x000000008000ff66 (0xfe043703) x14 0x00000000800120a5 mem 0x0000000080031f50
core   0: 0x000000008000ff6a (0xfcf76de3) bltu    a4, a5, pc - 38
core   0: 3 0x000000008000ff6a (0xfcf76de3)
core   0: 0x000000008000ff44 (0xfe043783) ld      a5, -32(s0)
core   0: 3 0x000000008000ff44 (0xfe043783) x15 0x00000000800120a5 mem 0x0000000080031f50
core   0: 0x000000008000ff48 (0x00178713) addi    a4, a5, 1
core   0: 3 0x000000008000ff48 (0x00178713) x14 0x00000000800120a6
core   0: 0x000000008000ff4c (0xfee43023) sd      a4, -32(s0)
core   0: 3 0x000000008000ff4c (0xfee43023) mem 0x0000000080031f50 0x00000000800120a6
core   0: 0x000000008000ff50 (0xfc442703) lw      a4, -60(s0)
core   0: 3 0x000000008000ff50 (0xfc442703) x14 0x0000000000000000 mem 0x0000000080031f34
core   0: 0x000000008000ff54 (0x0ff77713) andi    a4, a4, 255
core   0: 3 0x000000008000ff54 (0x0ff77713) x14 0x0000000000000000
core   0: 0x000000008000ff58 (0x00e78023) sb      a4, 0(a5)
core   0: 3 0x000000008000ff58 (0x00e78023) mem 0x00000000800120a5 0x00
core   0: 0x000000008000ff5c (0xfc843703) ld      a4, -56(s0)
core   0: 3 0x000000008000ff5c (0xfc843703) x14 0x0000000080012040 mem 0x0000000080031f38
core   0: 0x000000008000ff60 (0xfb843783) ld      a5, -72(s0)
core   0: 3 0x000000008000ff60 (0xfb843783) x15 0x000000000000009c mem 0x0000000080031f28
core   0: 0x000000008000ff64 (0x000097ba) c.add   a5, a4
core   0: 3 0x000000008000ff64 (0x97ba) x15 0x00000000800120dc
core   0: 0x000000008000ff66 (0xfe043703) ld      a4, -32(s0)
core   0: 3 0x000000008000ff66 (0xfe043703) x14 0x00000000800120a6 mem 0x0000000080031f50
core   0: 0x000000008000ff6a (0xfcf76de3) bltu    a4, a5, pc - 38
core   0: 3 0x000000008000ff6a (0xfcf76de3)
core   0: 0x000000008000ff44 (0xfe043783) ld      a5, -32(s0)
core   0: 3 0x000000008000ff44 (0xfe043783) x15 0x00000000800120a6 mem 0x0000000080031f50
core   0: 0x000000008000ff48 (0x00178713) addi    a4, a5, 1
core   0: 3 0x000000008000ff48 (0x00178713) x14 0x00000000800120a7
core   0: 0x000000008000ff4c (0xfee43023) sd      a4, -32(s0)
core   0: 3 0x000000008000ff4c (0xfee43023) mem 0x0000000080031f50 0x00000000800120a7
core   0: 0x000000008000ff50 (0xfc442703) lw      a4, -60(s0)
core   0: 3 0x000000008000ff50 (0xfc442703) x14 0x0000000000000000 mem 0x0000000080031f34
core   0: 0x000000008000ff54 (0x0ff77713) andi    a4, a4, 255
core   0: 3 0x000000008000ff54 (0x0ff77713) x14 0x0000000000000000
core   0: 0x000000008000ff58 (0x00e78023) sb      a4, 0(a5)
core   0: 3 0x000000008000ff58 (0x00e78023) mem 0x00000000800120a6 0x00
core   0: 0x000000008000ff5c (0xfc843703) ld      a4, -56(s0)
core   0: 3 0x000000008000ff5c (0xfc843703) x14 0x0000000080012040 mem 0x0000000080031f38
core   0: 0x000000008000ff60 (0xfb843783) ld      a5, -72(s0)
core   0: 3 0x000000008000ff60 (0xfb843783) x15 0x000000000000009c mem 0x0000000080031f28
core   0: 0x000000008000ff64 (0x000097ba) c.add   a5, a4
core   0: 3 0x000000008000ff64 (0x97ba) x15 0x00000000800120dc
core   0: 0x000000008000ff66 (0xfe043703) ld      a4, -32(s0)
core   0: 3 0x000000008000ff66 (0xfe043703) x14 0x00000000800120a7 mem 0x0000000080031f50
core   0: 0x000000008000ff6a (0xfcf76de3) bltu    a4, a5, pc - 38
core   0: 3 0x000000008000ff6a (0xfcf76de3)
core   0: 0x000000008000ff44 (0xfe043783) ld      a5, -32(s0)
core   0: 3 0x000000008000ff44 (0xfe043783) x15 0x00000000800120a7 mem 0x0000000080031f50
core   0: 0x000000008000ff48 (0x00178713) addi    a4, a5, 1
core   0: 3 0x000000008000ff48 (0x00178713) x14 0x00000000800120a8
core   0: 0x000000008000ff4c (0xfee43023) sd      a4, -32(s0)
core   0: 3 0x000000008000ff4c (0xfee43023) mem 0x0000000080031f50 0x00000000800120a8
core   0: 0x000000008000ff50 (0xfc442703) lw      a4, -60(s0)
core   0: 3 0x000000008000ff50 (0xfc442703) x14 0x0000000000000000 mem 0x0000000080031f34
core   0: 0x000000008000ff54 (0x0ff77713) andi    a4, a4, 255
core   0: 3 0x000000008000ff54 (0x0ff77713) x14 0x0000000000000000
core   0: 0x000000008000ff58 (0x00e78023) sb      a4, 0(a5)
core   0: 3 0x000000008000ff58 (0x00e78023) mem 0x00000000800120a7 0x00
core   0: 0x000000008000ff5c (0xfc843703) ld      a4, -56(s0)
core   0: 3 0x000000008000ff5c (0xfc843703) x14 0x0000000080012040 mem 0x0000000080031f38
core   0: 0x000000008000ff60 (0xfb843783) ld      a5, -72(s0)
core   0: 3 0x000000008000ff60 (0xfb843783) x15 0x000000000000009c mem 0x0000000080031f28
core   0: 0x000000008000ff64 (0x000097ba) c.add   a5, a4
core   0: 3 0x000000008000ff64 (0x97ba) x15 0x00000000800120dc
core   0: 0x000000008000ff66 (0xfe043703) ld      a4, -32(s0)
core   0: 3 0x000000008000ff66 (0xfe043703) x14 0x00000000800120a8 mem 0x0000000080031f50
core   0: 0x000000008000ff6a (0xfcf76de3) bltu    a4, a5, pc - 38
core   0: 3 0x000000008000ff6a (0xfcf76de3)
core   0: 0x000000008000ff44 (0xfe043783) ld      a5, -32(s0)
core   0: 3 0x000000008000ff44 (0xfe043783) x15 0x00000000800120a8 mem 0x0000000080031f50
core   0: 0x000000008000ff48 (0x00178713) addi    a4, a5, 1
core   0: 3 0x000000008000ff48 (0x00178713) x14 0x00000000800120a9
core   0: 0x000000008000ff4c (0xfee43023) sd      a4, -32(s0)
core   0: 3 0x000000008000ff4c (0xfee43023) mem 0x0000000080031f50 0x00000000800120a9
core   0: 0x000000008000ff50 (0xfc442703) lw      a4, -60(s0)
core   0: 3 0x000000008000ff50 (0xfc442703) x14 0x0000000000000000 mem 0x0000000080031f34
core   0: 0x000000008000ff54 (0x0ff77713) andi    a4, a4, 255
core   0: 3 0x000000008000ff54 (0x0ff77713) x14 0x0000000000000000
core   0: 0x000000008000ff58 (0x00e78023) sb      a4, 0(a5)
core   0: 3 0x000000008000ff58 (0x00e78023) mem 0x00000000800120a8 0x00
core   0: 0x000000008000ff5c (0xfc843703) ld      a4, -56(s0)
core   0: 3 0x000000008000ff5c (0xfc843703) x14 0x0000000080012040 mem 0x0000000080031f38
core   0: 0x000000008000ff60 (0xfb843783) ld      a5, -72(s0)
core   0: 3 0x000000008000ff60 (0xfb843783) x15 0x000000000000009c mem 0x0000000080031f28
core   0: 0x000000008000ff64 (0x000097ba) c.add   a5, a4
core   0: 3 0x000000008000ff64 (0x97ba) x15 0x00000000800120dc
core   0: 0x000000008000ff66 (0xfe043703) ld      a4, -32(s0)
core   0: 3 0x000000008000ff66 (0xfe043703) x14 0x00000000800120a9 mem 0x0000000080031f50
core   0: 0x000000008000ff6a (0xfcf76de3) bltu    a4, a5, pc - 38
core   0: 3 0x000000008000ff6a (0xfcf76de3)
core   0: 0x000000008000ff44 (0xfe043783) ld      a5, -32(s0)
core   0: 3 0x000000008000ff44 (0xfe043783) x15 0x00000000800120a9 mem 0x0000000080031f50
core   0: 0x000000008000ff48 (0x00178713) addi    a4, a5, 1
core   0: 3 0x000000008000ff48 (0x00178713) x14 0x00000000800120aa
core   0: 0x000000008000ff4c (0xfee43023) sd      a4, -32(s0)
core   0: 3 0x000000008000ff4c (0xfee43023) mem 0x0000000080031f50 0x00000000800120aa
core   0: 0x000000008000ff50 (0xfc442703) lw      a4, -60(s0)
core   0: 3 0x000000008000ff50 (0xfc442703) x14 0x0000000000000000 mem 0x0000000080031f34
core   0: 0x000000008000ff54 (0x0ff77713) andi    a4, a4, 255
core   0: 3 0x000000008000ff54 (0x0ff77713) x14 0x0000000000000000
core   0: 0x000000008000ff58 (0x00e78023) sb      a4, 0(a5)
core   0: 3 0x000000008000ff58 (0x00e78023) mem 0x00000000800120a9 0x00
core   0: 0x000000008000ff5c (0xfc843703) ld      a4, -56(s0)
core   0: 3 0x000000008000ff5c (0xfc843703) x14 0x0000000080012040 mem 0x0000000080031f38
core   0: 0x000000008000ff60 (0xfb843783) ld      a5, -72(s0)
core   0: 3 0x000000008000ff60 (0xfb843783) x15 0x000000000000009c mem 0x0000000080031f28
core   0: 0x000000008000ff64 (0x000097ba) c.add   a5, a4
core   0: 3 0x000000008000ff64 (0x97ba) x15 0x00000000800120dc
core   0: 0x000000008000ff66 (0xfe043703) ld      a4, -32(s0)
core   0: 3 0x000000008000ff66 (0xfe043703) x14 0x00000000800120aa mem 0x0000000080031f50
core   0: 0x000000008000ff6a (0xfcf76de3) bltu    a4, a5, pc - 38
core   0: 3 0x000000008000ff6a (0xfcf76de3)
core   0: 0x000000008000ff44 (0xfe043783) ld      a5, -32(s0)
core   0: 3 0x000000008000ff44 (0xfe043783) x15 0x00000000800120aa mem 0x0000000080031f50
core   0: 0x000000008000ff48 (0x00178713) addi    a4, a5, 1
core   0: 3 0x000000008000ff48 (0x00178713) x14 0x00000000800120ab
core   0: 0x000000008000ff4c (0xfee43023) sd      a4, -32(s0)
core   0: 3 0x000000008000ff4c (0xfee43023) mem 0x0000000080031f50 0x00000000800120ab
core   0: 0x000000008000ff50 (0xfc442703) lw      a4, -60(s0)
core   0: 3 0x000000008000ff50 (0xfc442703) x14 0x0000000000000000 mem 0x0000000080031f34
core   0: 0x000000008000ff54 (0x0ff77713) andi    a4, a4, 255
core   0: 3 0x000000008000ff54 (0x0ff77713) x14 0x0000000000000000
core   0: 0x000000008000ff58 (0x00e78023) sb      a4, 0(a5)
core   0: 3 0x000000008000ff58 (0x00e78023) mem 0x00000000800120aa 0x00
core   0: 0x000000008000ff5c (0xfc843703) ld      a4, -56(s0)
core   0: 3 0x000000008000ff5c (0xfc843703) x14 0x0000000080012040 mem 0x0000000080031f38
core   0: 0x000000008000ff60 (0xfb843783) ld      a5, -72(s0)
core   0: 3 0x000000008000ff60 (0xfb843783) x15 0x000000000000009c mem 0x0000000080031f28
core   0: 0x000000008000ff64 (0x000097ba) c.add   a5, a4
core   0: 3 0x000000008000ff64 (0x97ba) x15 0x00000000800120dc
core   0: 0x000000008000ff66 (0xfe043703) ld      a4, -32(s0)
core   0: 3 0x000000008000ff66 (0xfe043703) x14 0x00000000800120ab mem 0x0000000080031f50
core   0: 0x000000008000ff6a (0xfcf76de3) bltu    a4, a5, pc - 38
core   0: 3 0x000000008000ff6a (0xfcf76de3)
core   0: 0x000000008000ff44 (0xfe043783) ld      a5, -32(s0)
core   0: 3 0x000000008000ff44 (0xfe043783) x15 0x00000000800120ab mem 0x0000000080031f50
core   0: 0x000000008000ff48 (0x00178713) addi    a4, a5, 1
core   0: 3 0x000000008000ff48 (0x00178713) x14 0x00000000800120ac
core   0: 0x000000008000ff4c (0xfee43023) sd      a4, -32(s0)
core   0: 3 0x000000008000ff4c (0xfee43023) mem 0x0000000080031f50 0x00000000800120ac
core   0: 0x000000008000ff50 (0xfc442703) lw      a4, -60(s0)
core   0: 3 0x000000008000ff50 (0xfc442703) x14 0x0000000000000000 mem 0x0000000080031f34
core   0: 0x000000008000ff54 (0x0ff77713) andi    a4, a4, 255
core   0: 3 0x000000008000ff54 (0x0ff77713) x14 0x0000000000000000
core   0: 0x000000008000ff58 (0x00e78023) sb      a4, 0(a5)
core   0: 3 0x000000008000ff58 (0x00e78023) mem 0x00000000800120ab 0x00
core   0: 0x000000008000ff5c (0xfc843703) ld      a4, -56(s0)
core   0: 3 0x000000008000ff5c (0xfc843703) x14 0x0000000080012040 mem 0x0000000080031f38
core   0: 0x000000008000ff60 (0xfb843783) ld      a5, -72(s0)
core   0: 3 0x000000008000ff60 (0xfb843783) x15 0x000000000000009c mem 0x0000000080031f28
core   0: 0x000000008000ff64 (0x000097ba) c.add   a5, a4
core   0: 3 0x000000008000ff64 (0x97ba) x15 0x00000000800120dc
core   0: 0x000000008000ff66 (0xfe043703) ld      a4, -32(s0)
core   0: 3 0x000000008000ff66 (0xfe043703) x14 0x00000000800120ac mem 0x0000000080031f50
core   0: 0x000000008000ff6a (0xfcf76de3) bltu    a4, a5, pc - 38
core   0: 3 0x000000008000ff6a (0xfcf76de3)
core   0: 0x000000008000ff44 (0xfe043783) ld      a5, -32(s0)
core   0: 3 0x000000008000ff44 (0xfe043783) x15 0x00000000800120ac mem 0x0000000080031f50
core   0: 0x000000008000ff48 (0x00178713) addi    a4, a5, 1
core   0: 3 0x000000008000ff48 (0x00178713) x14 0x00000000800120ad
core   0: 0x000000008000ff4c (0xfee43023) sd      a4, -32(s0)
core   0: 3 0x000000008000ff4c (0xfee43023) mem 0x0000000080031f50 0x00000000800120ad
core   0: 0x000000008000ff50 (0xfc442703) lw      a4, -60(s0)
core   0: 3 0x000000008000ff50 (0xfc442703) x14 0x0000000000000000 mem 0x0000000080031f34
core   0: 0x000000008000ff54 (0x0ff77713) andi    a4, a4, 255
core   0: 3 0x000000008000ff54 (0x0ff77713) x14 0x0000000000000000
core   0: 0x000000008000ff58 (0x00e78023) sb      a4, 0(a5)
core   0: 3 0x000000008000ff58 (0x00e78023) mem 0x00000000800120ac 0x00
core   0: 0x000000008000ff5c (0xfc843703) ld      a4, -56(s0)
core   0: 3 0x000000008000ff5c (0xfc843703) x14 0x0000000080012040 mem 0x0000000080031f38
core   0: 0x000000008000ff60 (0xfb843783) ld      a5, -72(s0)
core   0: 3 0x000000008000ff60 (0xfb843783) x15 0x000000000000009c mem 0x0000000080031f28
core   0: 0x000000008000ff64 (0x000097ba) c.add   a5, a4
core   0: 3 0x000000008000ff64 (0x97ba) x15 0x00000000800120dc
core   0: 0x000000008000ff66 (0xfe043703) ld      a4, -32(s0)
core   0: 3 0x000000008000ff66 (0xfe043703) x14 0x00000000800120ad mem 0x0000000080031f50
core   0: 0x000000008000ff6a (0xfcf76de3) bltu    a4, a5, pc - 38
core   0: 3 0x000000008000ff6a (0xfcf76de3)
core   0: 0x000000008000ff44 (0xfe043783) ld      a5, -32(s0)
core   0: 3 0x000000008000ff44 (0xfe043783) x15 0x00000000800120ad mem 0x0000000080031f50
core   0: 0x000000008000ff48 (0x00178713) addi    a4, a5, 1
core   0: 3 0x000000008000ff48 (0x00178713) x14 0x00000000800120ae
core   0: 0x000000008000ff4c (0xfee43023) sd      a4, -32(s0)
core   0: 3 0x000000008000ff4c (0xfee43023) mem 0x0000000080031f50 0x00000000800120ae
core   0: 0x000000008000ff50 (0xfc442703) lw      a4, -60(s0)
core   0: 3 0x000000008000ff50 (0xfc442703) x14 0x0000000000000000 mem 0x0000000080031f34
core   0: 0x000000008000ff54 (0x0ff77713) andi    a4, a4, 255
core   0: 3 0x000000008000ff54 (0x0ff77713) x14 0x0000000000000000
core   0: 0x000000008000ff58 (0x00e78023) sb      a4, 0(a5)
core   0: 3 0x000000008000ff58 (0x00e78023) mem 0x00000000800120ad 0x00
core   0: 0x000000008000ff5c (0xfc843703) ld      a4, -56(s0)
core   0: 3 0x000000008000ff5c (0xfc843703) x14 0x0000000080012040 mem 0x0000000080031f38
core   0: 0x000000008000ff60 (0xfb843783) ld      a5, -72(s0)
core   0: 3 0x000000008000ff60 (0xfb843783) x15 0x000000000000009c mem 0x0000000080031f28
core   0: 0x000000008000ff64 (0x000097ba) c.add   a5, a4
core   0: 3 0x000000008000ff64 (0x97ba) x15 0x00000000800120dc
core   0: 0x000000008000ff66 (0xfe043703) ld      a4, -32(s0)
core   0: 3 0x000000008000ff66 (0xfe043703) x14 0x00000000800120ae mem 0x0000000080031f50
core   0: 0x000000008000ff6a (0xfcf76de3) bltu    a4, a5, pc - 38
core   0: 3 0x000000008000ff6a (0xfcf76de3)
core   0: 0x000000008000ff44 (0xfe043783) ld      a5, -32(s0)
core   0: 3 0x000000008000ff44 (0xfe043783) x15 0x00000000800120ae mem 0x0000000080031f50
core   0: 0x000000008000ff48 (0x00178713) addi    a4, a5, 1
core   0: 3 0x000000008000ff48 (0x00178713) x14 0x00000000800120af
core   0: 0x000000008000ff4c (0xfee43023) sd      a4, -32(s0)
core   0: 3 0x000000008000ff4c (0xfee43023) mem 0x0000000080031f50 0x00000000800120af
core   0: 0x000000008000ff50 (0xfc442703) lw      a4, -60(s0)
core   0: 3 0x000000008000ff50 (0xfc442703) x14 0x0000000000000000 mem 0x0000000080031f34
core   0: 0x000000008000ff54 (0x0ff77713) andi    a4, a4, 255
core   0: 3 0x000000008000ff54 (0x0ff77713) x14 0x0000000000000000
core   0: 0x000000008000ff58 (0x00e78023) sb      a4, 0(a5)
core   0: 3 0x000000008000ff58 (0x00e78023) mem 0x00000000800120ae 0x00
core   0: 0x000000008000ff5c (0xfc843703) ld      a4, -56(s0)
core   0: 3 0x000000008000ff5c (0xfc843703) x14 0x0000000080012040 mem 0x0000000080031f38
core   0: 0x000000008000ff60 (0xfb843783) ld      a5, -72(s0)
core   0: 3 0x000000008000ff60 (0xfb843783) x15 0x000000000000009c mem 0x0000000080031f28
core   0: 0x000000008000ff64 (0x000097ba) c.add   a5, a4
core   0: 3 0x000000008000ff64 (0x97ba) x15 0x00000000800120dc
core   0: 0x000000008000ff66 (0xfe043703) ld      a4, -32(s0)
core   0: 3 0x000000008000ff66 (0xfe043703) x14 0x00000000800120af mem 0x0000000080031f50
core   0: 0x000000008000ff6a (0xfcf76de3) bltu    a4, a5, pc - 38
core   0: 3 0x000000008000ff6a (0xfcf76de3)
core   0: 0x000000008000ff44 (0xfe043783) ld      a5, -32(s0)
core   0: 3 0x000000008000ff44 (0xfe043783) x15 0x00000000800120af mem 0x0000000080031f50
core   0: 0x000000008000ff48 (0x00178713) addi    a4, a5, 1
core   0: 3 0x000000008000ff48 (0x00178713) x14 0x00000000800120b0
core   0: 0x000000008000ff4c (0xfee43023) sd      a4, -32(s0)
core   0: 3 0x000000008000ff4c (0xfee43023) mem 0x0000000080031f50 0x00000000800120b0
core   0: 0x000000008000ff50 (0xfc442703) lw      a4, -60(s0)
core   0: 3 0x000000008000ff50 (0xfc442703) x14 0x0000000000000000 mem 0x0000000080031f34
core   0: 0x000000008000ff54 (0x0ff77713) andi    a4, a4, 255
core   0: 3 0x000000008000ff54 (0x0ff77713) x14 0x0000000000000000
core   0: 0x000000008000ff58 (0x00e78023) sb      a4, 0(a5)
core   0: 3 0x000000008000ff58 (0x00e78023) mem 0x00000000800120af 0x00
core   0: 0x000000008000ff5c (0xfc843703) ld      a4, -56(s0)
core   0: 3 0x000000008000ff5c (0xfc843703) x14 0x0000000080012040 mem 0x0000000080031f38
core   0: 0x000000008000ff60 (0xfb843783) ld      a5, -72(s0)
core   0: 3 0x000000008000ff60 (0xfb843783) x15 0x000000000000009c mem 0x0000000080031f28
core   0: 0x000000008000ff64 (0x000097ba) c.add   a5, a4
core   0: 3 0x000000008000ff64 (0x97ba) x15 0x00000000800120dc
core   0: 0x000000008000ff66 (0xfe043703) ld      a4, -32(s0)
core   0: 3 0x000000008000ff66 (0xfe043703) x14 0x00000000800120b0 mem 0x0000000080031f50
core   0: 0x000000008000ff6a (0xfcf76de3) bltu    a4, a5, pc - 38
core   0: 3 0x000000008000ff6a (0xfcf76de3)
core   0: 0x000000008000ff44 (0xfe043783) ld      a5, -32(s0)
core   0: 3 0x000000008000ff44 (0xfe043783) x15 0x00000000800120b0 mem 0x0000000080031f50
core   0: 0x000000008000ff48 (0x00178713) addi    a4, a5, 1
core   0: 3 0x000000008000ff48 (0x00178713) x14 0x00000000800120b1
core   0: 0x000000008000ff4c (0xfee43023) sd      a4, -32(s0)
core   0: 3 0x000000008000ff4c (0xfee43023) mem 0x0000000080031f50 0x00000000800120b1
core   0: 0x000000008000ff50 (0xfc442703) lw      a4, -60(s0)
core   0: 3 0x000000008000ff50 (0xfc442703) x14 0x0000000000000000 mem 0x0000000080031f34
core   0: 0x000000008000ff54 (0x0ff77713) andi    a4, a4, 255
core   0: 3 0x000000008000ff54 (0x0ff77713) x14 0x0000000000000000
core   0: 0x000000008000ff58 (0x00e78023) sb      a4, 0(a5)
core   0: 3 0x000000008000ff58 (0x00e78023) mem 0x00000000800120b0 0x00
core   0: 0x000000008000ff5c (0xfc843703) ld      a4, -56(s0)
core   0: 3 0x000000008000ff5c (0xfc843703) x14 0x0000000080012040 mem 0x0000000080031f38
core   0: 0x000000008000ff60 (0xfb843783) ld      a5, -72(s0)
core   0: 3 0x000000008000ff60 (0xfb843783) x15 0x000000000000009c mem 0x0000000080031f28
core   0: 0x000000008000ff64 (0x000097ba) c.add   a5, a4
core   0: 3 0x000000008000ff64 (0x97ba) x15 0x00000000800120dc
core   0: 0x000000008000ff66 (0xfe043703) ld      a4, -32(s0)
core   0: 3 0x000000008000ff66 (0xfe043703) x14 0x00000000800120b1 mem 0x0000000080031f50
core   0: 0x000000008000ff6a (0xfcf76de3) bltu    a4, a5, pc - 38
core   0: 3 0x000000008000ff6a (0xfcf76de3)
core   0: 0x000000008000ff44 (0xfe043783) ld      a5, -32(s0)
core   0: 3 0x000000008000ff44 (0xfe043783) x15 0x00000000800120b1 mem 0x0000000080031f50
core   0: 0x000000008000ff48 (0x00178713) addi    a4, a5, 1
core   0: 3 0x000000008000ff48 (0x00178713) x14 0x00000000800120b2
core   0: 0x000000008000ff4c (0xfee43023) sd      a4, -32(s0)
core   0: 3 0x000000008000ff4c (0xfee43023) mem 0x0000000080031f50 0x00000000800120b2
core   0: 0x000000008000ff50 (0xfc442703) lw      a4, -60(s0)
core   0: 3 0x000000008000ff50 (0xfc442703) x14 0x0000000000000000 mem 0x0000000080031f34
core   0: 0x000000008000ff54 (0x0ff77713) andi    a4, a4, 255
core   0: 3 0x000000008000ff54 (0x0ff77713) x14 0x0000000000000000
core   0: 0x000000008000ff58 (0x00e78023) sb      a4, 0(a5)
core   0: 3 0x000000008000ff58 (0x00e78023) mem 0x00000000800120b1 0x00
core   0: 0x000000008000ff5c (0xfc843703) ld      a4, -56(s0)
core   0: 3 0x000000008000ff5c (0xfc843703) x14 0x0000000080012040 mem 0x0000000080031f38
core   0: 0x000000008000ff60 (0xfb843783) ld      a5, -72(s0)
core   0: 3 0x000000008000ff60 (0xfb843783) x15 0x000000000000009c mem 0x0000000080031f28
core   0: 0x000000008000ff64 (0x000097ba) c.add   a5, a4
core   0: 3 0x000000008000ff64 (0x97ba) x15 0x00000000800120dc
core   0: 0x000000008000ff66 (0xfe043703) ld      a4, -32(s0)
core   0: 3 0x000000008000ff66 (0xfe043703) x14 0x00000000800120b2 mem 0x0000000080031f50
core   0: 0x000000008000ff6a (0xfcf76de3) bltu    a4, a5, pc - 38
core   0: 3 0x000000008000ff6a (0xfcf76de3)
core   0: 0x000000008000ff44 (0xfe043783) ld      a5, -32(s0)
core   0: 3 0x000000008000ff44 (0xfe043783) x15 0x00000000800120b2 mem 0x0000000080031f50
core   0: 0x000000008000ff48 (0x00178713) addi    a4, a5, 1
core   0: 3 0x000000008000ff48 (0x00178713) x14 0x00000000800120b3
core   0: 0x000000008000ff4c (0xfee43023) sd      a4, -32(s0)
core   0: 3 0x000000008000ff4c (0xfee43023) mem 0x0000000080031f50 0x00000000800120b3
core   0: 0x000000008000ff50 (0xfc442703) lw      a4, -60(s0)
core   0: 3 0x000000008000ff50 (0xfc442703) x14 0x0000000000000000 mem 0x0000000080031f34
core   0: 0x000000008000ff54 (0x0ff77713) andi    a4, a4, 255
core   0: 3 0x000000008000ff54 (0x0ff77713) x14 0x0000000000000000
core   0: 0x000000008000ff58 (0x00e78023) sb      a4, 0(a5)
core   0: 3 0x000000008000ff58 (0x00e78023) mem 0x00000000800120b2 0x00
core   0: 0x000000008000ff5c (0xfc843703) ld      a4, -56(s0)
core   0: 3 0x000000008000ff5c (0xfc843703) x14 0x0000000080012040 mem 0x0000000080031f38
core   0: 0x000000008000ff60 (0xfb843783) ld      a5, -72(s0)
core   0: 3 0x000000008000ff60 (0xfb843783) x15 0x000000000000009c mem 0x0000000080031f28
core   0: 0x000000008000ff64 (0x000097ba) c.add   a5, a4
core   0: 3 0x000000008000ff64 (0x97ba) x15 0x00000000800120dc
core   0: 0x000000008000ff66 (0xfe043703) ld      a4, -32(s0)
core   0: 3 0x000000008000ff66 (0xfe043703) x14 0x00000000800120b3 mem 0x0000000080031f50
core   0: 0x000000008000ff6a (0xfcf76de3) bltu    a4, a5, pc - 38
core   0: 3 0x000000008000ff6a (0xfcf76de3)
core   0: 0x000000008000ff44 (0xfe043783) ld      a5, -32(s0)
core   0: 3 0x000000008000ff44 (0xfe043783) x15 0x00000000800120b3 mem 0x0000000080031f50
core   0: 0x000000008000ff48 (0x00178713) addi    a4, a5, 1
core   0: 3 0x000000008000ff48 (0x00178713) x14 0x00000000800120b4
core   0: 0x000000008000ff4c (0xfee43023) sd      a4, -32(s0)
core   0: 3 0x000000008000ff4c (0xfee43023) mem 0x0000000080031f50 0x00000000800120b4
core   0: 0x000000008000ff50 (0xfc442703) lw      a4, -60(s0)
core   0: 3 0x000000008000ff50 (0xfc442703) x14 0x0000000000000000 mem 0x0000000080031f34
core   0: 0x000000008000ff54 (0x0ff77713) andi    a4, a4, 255
core   0: 3 0x000000008000ff54 (0x0ff77713) x14 0x0000000000000000
core   0: 0x000000008000ff58 (0x00e78023) sb      a4, 0(a5)
core   0: 3 0x000000008000ff58 (0x00e78023) mem 0x00000000800120b3 0x00
core   0: 0x000000008000ff5c (0xfc843703) ld      a4, -56(s0)
core   0: 3 0x000000008000ff5c (0xfc843703) x14 0x0000000080012040 mem 0x0000000080031f38
core   0: 0x000000008000ff60 (0xfb843783) ld      a5, -72(s0)
core   0: 3 0x000000008000ff60 (0xfb843783) x15 0x000000000000009c mem 0x0000000080031f28
core   0: 0x000000008000ff64 (0x000097ba) c.add   a5, a4
core   0: 3 0x000000008000ff64 (0x97ba) x15 0x00000000800120dc
core   0: 0x000000008000ff66 (0xfe043703) ld      a4, -32(s0)
core   0: 3 0x000000008000ff66 (0xfe043703) x14 0x00000000800120b4 mem 0x0000000080031f50
core   0: 0x000000008000ff6a (0xfcf76de3) bltu    a4, a5, pc - 38
core   0: 3 0x000000008000ff6a (0xfcf76de3)
core   0: 0x000000008000ff44 (0xfe043783) ld      a5, -32(s0)
core   0: 3 0x000000008000ff44 (0xfe043783) x15 0x00000000800120b4 mem 0x0000000080031f50
core   0: 0x000000008000ff48 (0x00178713) addi    a4, a5, 1
core   0: 3 0x000000008000ff48 (0x00178713) x14 0x00000000800120b5
core   0: 0x000000008000ff4c (0xfee43023) sd      a4, -32(s0)
core   0: 3 0x000000008000ff4c (0xfee43023) mem 0x0000000080031f50 0x00000000800120b5
core   0: 0x000000008000ff50 (0xfc442703) lw      a4, -60(s0)
core   0: 3 0x000000008000ff50 (0xfc442703) x14 0x0000000000000000 mem 0x0000000080031f34
core   0: 0x000000008000ff54 (0x0ff77713) andi    a4, a4, 255
core   0: 3 0x000000008000ff54 (0x0ff77713) x14 0x0000000000000000
core   0: 0x000000008000ff58 (0x00e78023) sb      a4, 0(a5)
core   0: 3 0x000000008000ff58 (0x00e78023) mem 0x00000000800120b4 0x00
core   0: 0x000000008000ff5c (0xfc843703) ld      a4, -56(s0)
core   0: 3 0x000000008000ff5c (0xfc843703) x14 0x0000000080012040 mem 0x0000000080031f38
core   0: 0x000000008000ff60 (0xfb843783) ld      a5, -72(s0)
core   0: 3 0x000000008000ff60 (0xfb843783) x15 0x000000000000009c mem 0x0000000080031f28
core   0: 0x000000008000ff64 (0x000097ba) c.add   a5, a4
core   0: 3 0x000000008000ff64 (0x97ba) x15 0x00000000800120dc
core   0: 0x000000008000ff66 (0xfe043703) ld      a4, -32(s0)
core   0: 3 0x000000008000ff66 (0xfe043703) x14 0x00000000800120b5 mem 0x0000000080031f50
core   0: 0x000000008000ff6a (0xfcf76de3) bltu    a4, a5, pc - 38
core   0: 3 0x000000008000ff6a (0xfcf76de3)
core   0: 0x000000008000ff44 (0xfe043783) ld      a5, -32(s0)
core   0: 3 0x000000008000ff44 (0xfe043783) x15 0x00000000800120b5 mem 0x0000000080031f50
core   0: 0x000000008000ff48 (0x00178713) addi    a4, a5, 1
core   0: 3 0x000000008000ff48 (0x00178713) x14 0x00000000800120b6
core   0: 0x000000008000ff4c (0xfee43023) sd      a4, -32(s0)
core   0: 3 0x000000008000ff4c (0xfee43023) mem 0x0000000080031f50 0x00000000800120b6
core   0: 0x000000008000ff50 (0xfc442703) lw      a4, -60(s0)
core   0: 3 0x000000008000ff50 (0xfc442703) x14 0x0000000000000000 mem 0x0000000080031f34
core   0: 0x000000008000ff54 (0x0ff77713) andi    a4, a4, 255
core   0: 3 0x000000008000ff54 (0x0ff77713) x14 0x0000000000000000
core   0: 0x000000008000ff58 (0x00e78023) sb      a4, 0(a5)
core   0: 3 0x000000008000ff58 (0x00e78023) mem 0x00000000800120b5 0x00
core   0: 0x000000008000ff5c (0xfc843703) ld      a4, -56(s0)
core   0: 3 0x000000008000ff5c (0xfc843703) x14 0x0000000080012040 mem 0x0000000080031f38
core   0: 0x000000008000ff60 (0xfb843783) ld      a5, -72(s0)
core   0: 3 0x000000008000ff60 (0xfb843783) x15 0x000000000000009c mem 0x0000000080031f28
core   0: 0x000000008000ff64 (0x000097ba) c.add   a5, a4
core   0: 3 0x000000008000ff64 (0x97ba) x15 0x00000000800120dc
core   0: 0x000000008000ff66 (0xfe043703) ld      a4, -32(s0)
core   0: 3 0x000000008000ff66 (0xfe043703) x14 0x00000000800120b6 mem 0x0000000080031f50
core   0: 0x000000008000ff6a (0xfcf76de3) bltu    a4, a5, pc - 38
core   0: 3 0x000000008000ff6a (0xfcf76de3)
core   0: 0x000000008000ff44 (0xfe043783) ld      a5, -32(s0)
core   0: 3 0x000000008000ff44 (0xfe043783) x15 0x00000000800120b6 mem 0x0000000080031f50
core   0: 0x000000008000ff48 (0x00178713) addi    a4, a5, 1
core   0: 3 0x000000008000ff48 (0x00178713) x14 0x00000000800120b7
core   0: 0x000000008000ff4c (0xfee43023) sd      a4, -32(s0)
core   0: 3 0x000000008000ff4c (0xfee43023) mem 0x0000000080031f50 0x00000000800120b7
core   0: 0x000000008000ff50 (0xfc442703) lw      a4, -60(s0)
core   0: 3 0x000000008000ff50 (0xfc442703) x14 0x0000000000000000 mem 0x0000000080031f34
core   0: 0x000000008000ff54 (0x0ff77713) andi    a4, a4, 255
core   0: 3 0x000000008000ff54 (0x0ff77713) x14 0x0000000000000000
core   0: 0x000000008000ff58 (0x00e78023) sb      a4, 0(a5)
core   0: 3 0x000000008000ff58 (0x00e78023) mem 0x00000000800120b6 0x00
core   0: 0x000000008000ff5c (0xfc843703) ld      a4, -56(s0)
core   0: 3 0x000000008000ff5c (0xfc843703) x14 0x0000000080012040 mem 0x0000000080031f38
core   0: 0x000000008000ff60 (0xfb843783) ld      a5, -72(s0)
core   0: 3 0x000000008000ff60 (0xfb843783) x15 0x000000000000009c mem 0x0000000080031f28
core   0: 0x000000008000ff64 (0x000097ba) c.add   a5, a4
core   0: 3 0x000000008000ff64 (0x97ba) x15 0x00000000800120dc
core   0: 0x000000008000ff66 (0xfe043703) ld      a4, -32(s0)
core   0: 3 0x000000008000ff66 (0xfe043703) x14 0x00000000800120b7 mem 0x0000000080031f50
core   0: 0x000000008000ff6a (0xfcf76de3) bltu    a4, a5, pc - 38
core   0: 3 0x000000008000ff6a (0xfcf76de3)
core   0: 0x000000008000ff44 (0xfe043783) ld      a5, -32(s0)
core   0: 3 0x000000008000ff44 (0xfe043783) x15 0x00000000800120b7 mem 0x0000000080031f50
core   0: 0x000000008000ff48 (0x00178713) addi    a4, a5, 1
core   0: 3 0x000000008000ff48 (0x00178713) x14 0x00000000800120b8
core   0: 0x000000008000ff4c (0xfee43023) sd      a4, -32(s0)
core   0: 3 0x000000008000ff4c (0xfee43023) mem 0x0000000080031f50 0x00000000800120b8
core   0: 0x000000008000ff50 (0xfc442703) lw      a4, -60(s0)
core   0: 3 0x000000008000ff50 (0xfc442703) x14 0x0000000000000000 mem 0x0000000080031f34
core   0: 0x000000008000ff54 (0x0ff77713) andi    a4, a4, 255
core   0: 3 0x000000008000ff54 (0x0ff77713) x14 0x0000000000000000
core   0: 0x000000008000ff58 (0x00e78023) sb      a4, 0(a5)
core   0: 3 0x000000008000ff58 (0x00e78023) mem 0x00000000800120b7 0x00
core   0: 0x000000008000ff5c (0xfc843703) ld      a4, -56(s0)
core   0: 3 0x000000008000ff5c (0xfc843703) x14 0x0000000080012040 mem 0x0000000080031f38
core   0: 0x000000008000ff60 (0xfb843783) ld      a5, -72(s0)
core   0: 3 0x000000008000ff60 (0xfb843783) x15 0x000000000000009c mem 0x0000000080031f28
core   0: 0x000000008000ff64 (0x000097ba) c.add   a5, a4
core   0: 3 0x000000008000ff64 (0x97ba) x15 0x00000000800120dc
core   0: 0x000000008000ff66 (0xfe043703) ld      a4, -32(s0)
core   0: 3 0x000000008000ff66 (0xfe043703) x14 0x00000000800120b8 mem 0x0000000080031f50
core   0: 0x000000008000ff6a (0xfcf76de3) bltu    a4, a5, pc - 38
core   0: 3 0x000000008000ff6a (0xfcf76de3)
core   0: 0x000000008000ff44 (0xfe043783) ld      a5, -32(s0)
core   0: 3 0x000000008000ff44 (0xfe043783) x15 0x00000000800120b8 mem 0x0000000080031f50
core   0: 0x000000008000ff48 (0x00178713) addi    a4, a5, 1
core   0: 3 0x000000008000ff48 (0x00178713) x14 0x00000000800120b9
core   0: 0x000000008000ff4c (0xfee43023) sd      a4, -32(s0)
core   0: 3 0x000000008000ff4c (0xfee43023) mem 0x0000000080031f50 0x00000000800120b9
core   0: 0x000000008000ff50 (0xfc442703) lw      a4, -60(s0)
core   0: 3 0x000000008000ff50 (0xfc442703) x14 0x0000000000000000 mem 0x0000000080031f34
core   0: 0x000000008000ff54 (0x0ff77713) andi    a4, a4, 255
core   0: 3 0x000000008000ff54 (0x0ff77713) x14 0x0000000000000000
core   0: 0x000000008000ff58 (0x00e78023) sb      a4, 0(a5)
core   0: 3 0x000000008000ff58 (0x00e78023) mem 0x00000000800120b8 0x00
core   0: 0x000000008000ff5c (0xfc843703) ld      a4, -56(s0)
core   0: 3 0x000000008000ff5c (0xfc843703) x14 0x0000000080012040 mem 0x0000000080031f38
core   0: 0x000000008000ff60 (0xfb843783) ld      a5, -72(s0)
core   0: 3 0x000000008000ff60 (0xfb843783) x15 0x000000000000009c mem 0x0000000080031f28
core   0: 0x000000008000ff64 (0x000097ba) c.add   a5, a4
core   0: 3 0x000000008000ff64 (0x97ba) x15 0x00000000800120dc
core   0: 0x000000008000ff66 (0xfe043703) ld      a4, -32(s0)
core   0: 3 0x000000008000ff66 (0xfe043703) x14 0x00000000800120b9 mem 0x0000000080031f50
core   0: 0x000000008000ff6a (0xfcf76de3) bltu    a4, a5, pc - 38
core   0: 3 0x000000008000ff6a (0xfcf76de3)
core   0: 0x000000008000ff44 (0xfe043783) ld      a5, -32(s0)
core   0: 3 0x000000008000ff44 (0xfe043783) x15 0x00000000800120b9 mem 0x0000000080031f50
core   0: 0x000000008000ff48 (0x00178713) addi    a4, a5, 1
core   0: 3 0x000000008000ff48 (0x00178713) x14 0x00000000800120ba
core   0: 0x000000008000ff4c (0xfee43023) sd      a4, -32(s0)
core   0: 3 0x000000008000ff4c (0xfee43023) mem 0x0000000080031f50 0x00000000800120ba
core   0: 0x000000008000ff50 (0xfc442703) lw      a4, -60(s0)
core   0: 3 0x000000008000ff50 (0xfc442703) x14 0x0000000000000000 mem 0x0000000080031f34
core   0: 0x000000008000ff54 (0x0ff77713) andi    a4, a4, 255
core   0: 3 0x000000008000ff54 (0x0ff77713) x14 0x0000000000000000
core   0: 0x000000008000ff58 (0x00e78023) sb      a4, 0(a5)
core   0: 3 0x000000008000ff58 (0x00e78023) mem 0x00000000800120b9 0x00
core   0: 0x000000008000ff5c (0xfc843703) ld      a4, -56(s0)
core   0: 3 0x000000008000ff5c (0xfc843703) x14 0x0000000080012040 mem 0x0000000080031f38
core   0: 0x000000008000ff60 (0xfb843783) ld      a5, -72(s0)
core   0: 3 0x000000008000ff60 (0xfb843783) x15 0x000000000000009c mem 0x0000000080031f28
core   0: 0x000000008000ff64 (0x000097ba) c.add   a5, a4
core   0: 3 0x000000008000ff64 (0x97ba) x15 0x00000000800120dc
core   0: 0x000000008000ff66 (0xfe043703) ld      a4, -32(s0)
core   0: 3 0x000000008000ff66 (0xfe043703) x14 0x00000000800120ba mem 0x0000000080031f50
core   0: 0x000000008000ff6a (0xfcf76de3) bltu    a4, a5, pc - 38
core   0: 3 0x000000008000ff6a (0xfcf76de3)
core   0: 0x000000008000ff44 (0xfe043783) ld      a5, -32(s0)
core   0: 3 0x000000008000ff44 (0xfe043783) x15 0x00000000800120ba mem 0x0000000080031f50
core   0: 0x000000008000ff48 (0x00178713) addi    a4, a5, 1
core   0: 3 0x000000008000ff48 (0x00178713) x14 0x00000000800120bb
core   0: 0x000000008000ff4c (0xfee43023) sd      a4, -32(s0)
core   0: 3 0x000000008000ff4c (0xfee43023) mem 0x0000000080031f50 0x00000000800120bb
core   0: 0x000000008000ff50 (0xfc442703) lw      a4, -60(s0)
core   0: 3 0x000000008000ff50 (0xfc442703) x14 0x0000000000000000 mem 0x0000000080031f34
core   0: 0x000000008000ff54 (0x0ff77713) andi    a4, a4, 255
core   0: 3 0x000000008000ff54 (0x0ff77713) x14 0x0000000000000000
core   0: 0x000000008000ff58 (0x00e78023) sb      a4, 0(a5)
core   0: 3 0x000000008000ff58 (0x00e78023) mem 0x00000000800120ba 0x00
core   0: 0x000000008000ff5c (0xfc843703) ld      a4, -56(s0)
core   0: 3 0x000000008000ff5c (0xfc843703) x14 0x0000000080012040 mem 0x0000000080031f38
core   0: 0x000000008000ff60 (0xfb843783) ld      a5, -72(s0)
core   0: 3 0x000000008000ff60 (0xfb843783) x15 0x000000000000009c mem 0x0000000080031f28
core   0: 0x000000008000ff64 (0x000097ba) c.add   a5, a4
core   0: 3 0x000000008000ff64 (0x97ba) x15 0x00000000800120dc
core   0: 0x000000008000ff66 (0xfe043703) ld      a4, -32(s0)
core   0: 3 0x000000008000ff66 (0xfe043703) x14 0x00000000800120bb mem 0x0000000080031f50
core   0: 0x000000008000ff6a (0xfcf76de3) bltu    a4, a5, pc - 38
core   0: 3 0x000000008000ff6a (0xfcf76de3)
core   0: 0x000000008000ff44 (0xfe043783) ld      a5, -32(s0)
core   0: 3 0x000000008000ff44 (0xfe043783) x15 0x00000000800120bb mem 0x0000000080031f50
core   0: 0x000000008000ff48 (0x00178713) addi    a4, a5, 1
core   0: 3 0x000000008000ff48 (0x00178713) x14 0x00000000800120bc
core   0: 0x000000008000ff4c (0xfee43023) sd      a4, -32(s0)
core   0: 3 0x000000008000ff4c (0xfee43023) mem 0x0000000080031f50 0x00000000800120bc
core   0: 0x000000008000ff50 (0xfc442703) lw      a4, -60(s0)
core   0: 3 0x000000008000ff50 (0xfc442703) x14 0x0000000000000000 mem 0x0000000080031f34
core   0: 0x000000008000ff54 (0x0ff77713) andi    a4, a4, 255
core   0: 3 0x000000008000ff54 (0x0ff77713) x14 0x0000000000000000
core   0: 0x000000008000ff58 (0x00e78023) sb      a4, 0(a5)
core   0: 3 0x000000008000ff58 (0x00e78023) mem 0x00000000800120bb 0x00
core   0: 0x000000008000ff5c (0xfc843703) ld      a4, -56(s0)
core   0: 3 0x000000008000ff5c (0xfc843703) x14 0x0000000080012040 mem 0x0000000080031f38
core   0: 0x000000008000ff60 (0xfb843783) ld      a5, -72(s0)
core   0: 3 0x000000008000ff60 (0xfb843783) x15 0x000000000000009c mem 0x0000000080031f28
core   0: 0x000000008000ff64 (0x000097ba) c.add   a5, a4
core   0: 3 0x000000008000ff64 (0x97ba) x15 0x00000000800120dc
core   0: 0x000000008000ff66 (0xfe043703) ld      a4, -32(s0)
core   0: 3 0x000000008000ff66 (0xfe043703) x14 0x00000000800120bc mem 0x0000000080031f50
core   0: 0x000000008000ff6a (0xfcf76de3) bltu    a4, a5, pc - 38
core   0: 3 0x000000008000ff6a (0xfcf76de3)
core   0: 0x000000008000ff44 (0xfe043783) ld      a5, -32(s0)
core   0: 3 0x000000008000ff44 (0xfe043783) x15 0x00000000800120bc mem 0x0000000080031f50
core   0: 0x000000008000ff48 (0x00178713) addi    a4, a5, 1
core   0: 3 0x000000008000ff48 (0x00178713) x14 0x00000000800120bd
core   0: 0x000000008000ff4c (0xfee43023) sd      a4, -32(s0)
core   0: 3 0x000000008000ff4c (0xfee43023) mem 0x0000000080031f50 0x00000000800120bd
core   0: 0x000000008000ff50 (0xfc442703) lw      a4, -60(s0)
core   0: 3 0x000000008000ff50 (0xfc442703) x14 0x0000000000000000 mem 0x0000000080031f34
core   0: 0x000000008000ff54 (0x0ff77713) andi    a4, a4, 255
core   0: 3 0x000000008000ff54 (0x0ff77713) x14 0x0000000000000000
core   0: 0x000000008000ff58 (0x00e78023) sb      a4, 0(a5)
core   0: 3 0x000000008000ff58 (0x00e78023) mem 0x00000000800120bc 0x00
core   0: 0x000000008000ff5c (0xfc843703) ld      a4, -56(s0)
core   0: 3 0x000000008000ff5c (0xfc843703) x14 0x0000000080012040 mem 0x0000000080031f38
core   0: 0x000000008000ff60 (0xfb843783) ld      a5, -72(s0)
core   0: 3 0x000000008000ff60 (0xfb843783) x15 0x000000000000009c mem 0x0000000080031f28
core   0: 0x000000008000ff64 (0x000097ba) c.add   a5, a4
core   0: 3 0x000000008000ff64 (0x97ba) x15 0x00000000800120dc
core   0: 0x000000008000ff66 (0xfe043703) ld      a4, -32(s0)
core   0: 3 0x000000008000ff66 (0xfe043703) x14 0x00000000800120bd mem 0x0000000080031f50
core   0: 0x000000008000ff6a (0xfcf76de3) bltu    a4, a5, pc - 38
core   0: 3 0x000000008000ff6a (0xfcf76de3)
core   0: 0x000000008000ff44 (0xfe043783) ld      a5, -32(s0)
core   0: 3 0x000000008000ff44 (0xfe043783) x15 0x00000000800120bd mem 0x0000000080031f50
core   0: 0x000000008000ff48 (0x00178713) addi    a4, a5, 1
core   0: 3 0x000000008000ff48 (0x00178713) x14 0x00000000800120be
core   0: 0x000000008000ff4c (0xfee43023) sd      a4, -32(s0)
core   0: 3 0x000000008000ff4c (0xfee43023) mem 0x0000000080031f50 0x00000000800120be
core   0: 0x000000008000ff50 (0xfc442703) lw      a4, -60(s0)
core   0: 3 0x000000008000ff50 (0xfc442703) x14 0x0000000000000000 mem 0x0000000080031f34
core   0: 0x000000008000ff54 (0x0ff77713) andi    a4, a4, 255
core   0: 3 0x000000008000ff54 (0x0ff77713) x14 0x0000000000000000
core   0: 0x000000008000ff58 (0x00e78023) sb      a4, 0(a5)
core   0: 3 0x000000008000ff58 (0x00e78023) mem 0x00000000800120bd 0x00
core   0: 0x000000008000ff5c (0xfc843703) ld      a4, -56(s0)
core   0: 3 0x000000008000ff5c (0xfc843703) x14 0x0000000080012040 mem 0x0000000080031f38
core   0: 0x000000008000ff60 (0xfb843783) ld      a5, -72(s0)
core   0: 3 0x000000008000ff60 (0xfb843783) x15 0x000000000000009c mem 0x0000000080031f28
core   0: 0x000000008000ff64 (0x000097ba) c.add   a5, a4
core   0: 3 0x000000008000ff64 (0x97ba) x15 0x00000000800120dc
core   0: 0x000000008000ff66 (0xfe043703) ld      a4, -32(s0)
core   0: 3 0x000000008000ff66 (0xfe043703) x14 0x00000000800120be mem 0x0000000080031f50
core   0: 0x000000008000ff6a (0xfcf76de3) bltu    a4, a5, pc - 38
core   0: 3 0x000000008000ff6a (0xfcf76de3)
core   0: 0x000000008000ff44 (0xfe043783) ld      a5, -32(s0)
core   0: 3 0x000000008000ff44 (0xfe043783) x15 0x00000000800120be mem 0x0000000080031f50
core   0: 0x000000008000ff48 (0x00178713) addi    a4, a5, 1
core   0: 3 0x000000008000ff48 (0x00178713) x14 0x00000000800120bf
core   0: 0x000000008000ff4c (0xfee43023) sd      a4, -32(s0)
core   0: 3 0x000000008000ff4c (0xfee43023) mem 0x0000000080031f50 0x00000000800120bf
core   0: 0x000000008000ff50 (0xfc442703) lw      a4, -60(s0)
core   0: 3 0x000000008000ff50 (0xfc442703) x14 0x0000000000000000 mem 0x0000000080031f34
core   0: 0x000000008000ff54 (0x0ff77713) andi    a4, a4, 255
core   0: 3 0x000000008000ff54 (0x0ff77713) x14 0x0000000000000000
core   0: 0x000000008000ff58 (0x00e78023) sb      a4, 0(a5)
core   0: 3 0x000000008000ff58 (0x00e78023) mem 0x00000000800120be 0x00
core   0: 0x000000008000ff5c (0xfc843703) ld      a4, -56(s0)
core   0: 3 0x000000008000ff5c (0xfc843703) x14 0x0000000080012040 mem 0x0000000080031f38
core   0: 0x000000008000ff60 (0xfb843783) ld      a5, -72(s0)
core   0: 3 0x000000008000ff60 (0xfb843783) x15 0x000000000000009c mem 0x0000000080031f28
core   0: 0x000000008000ff64 (0x000097ba) c.add   a5, a4
core   0: 3 0x000000008000ff64 (0x97ba) x15 0x00000000800120dc
core   0: 0x000000008000ff66 (0xfe043703) ld      a4, -32(s0)
core   0: 3 0x000000008000ff66 (0xfe043703) x14 0x00000000800120bf mem 0x0000000080031f50
core   0: 0x000000008000ff6a (0xfcf76de3) bltu    a4, a5, pc - 38
core   0: 3 0x000000008000ff6a (0xfcf76de3)
core   0: 0x000000008000ff44 (0xfe043783) ld      a5, -32(s0)
core   0: 3 0x000000008000ff44 (0xfe043783) x15 0x00000000800120bf mem 0x0000000080031f50
core   0: 0x000000008000ff48 (0x00178713) addi    a4, a5, 1
core   0: 3 0x000000008000ff48 (0x00178713) x14 0x00000000800120c0
core   0: 0x000000008000ff4c (0xfee43023) sd      a4, -32(s0)
core   0: 3 0x000000008000ff4c (0xfee43023) mem 0x0000000080031f50 0x00000000800120c0
core   0: 0x000000008000ff50 (0xfc442703) lw      a4, -60(s0)
core   0: 3 0x000000008000ff50 (0xfc442703) x14 0x0000000000000000 mem 0x0000000080031f34
core   0: 0x000000008000ff54 (0x0ff77713) andi    a4, a4, 255
core   0: 3 0x000000008000ff54 (0x0ff77713) x14 0x0000000000000000
core   0: 0x000000008000ff58 (0x00e78023) sb      a4, 0(a5)
core   0: 3 0x000000008000ff58 (0x00e78023) mem 0x00000000800120bf 0x00
core   0: 0x000000008000ff5c (0xfc843703) ld      a4, -56(s0)
core   0: 3 0x000000008000ff5c (0xfc843703) x14 0x0000000080012040 mem 0x0000000080031f38
core   0: 0x000000008000ff60 (0xfb843783) ld      a5, -72(s0)
core   0: 3 0x000000008000ff60 (0xfb843783) x15 0x000000000000009c mem 0x0000000080031f28
core   0: 0x000000008000ff64 (0x000097ba) c.add   a5, a4
core   0: 3 0x000000008000ff64 (0x97ba) x15 0x00000000800120dc
core   0: 0x000000008000ff66 (0xfe043703) ld      a4, -32(s0)
core   0: 3 0x000000008000ff66 (0xfe043703) x14 0x00000000800120c0 mem 0x0000000080031f50
core   0: 0x000000008000ff6a (0xfcf76de3) bltu    a4, a5, pc - 38
core   0: 3 0x000000008000ff6a (0xfcf76de3)
core   0: 0x000000008000ff44 (0xfe043783) ld      a5, -32(s0)
core   0: 3 0x000000008000ff44 (0xfe043783) x15 0x00000000800120c0 mem 0x0000000080031f50
core   0: 0x000000008000ff48 (0x00178713) addi    a4, a5, 1
core   0: 3 0x000000008000ff48 (0x00178713) x14 0x00000000800120c1
core   0: 0x000000008000ff4c (0xfee43023) sd      a4, -32(s0)
core   0: 3 0x000000008000ff4c (0xfee43023) mem 0x0000000080031f50 0x00000000800120c1
core   0: 0x000000008000ff50 (0xfc442703) lw      a4, -60(s0)
core   0: 3 0x000000008000ff50 (0xfc442703) x14 0x0000000000000000 mem 0x0000000080031f34
core   0: 0x000000008000ff54 (0x0ff77713) andi    a4, a4, 255
core   0: 3 0x000000008000ff54 (0x0ff77713) x14 0x0000000000000000
core   0: 0x000000008000ff58 (0x00e78023) sb      a4, 0(a5)
core   0: 3 0x000000008000ff58 (0x00e78023) mem 0x00000000800120c0 0x00
core   0: 0x000000008000ff5c (0xfc843703) ld      a4, -56(s0)
core   0: 3 0x000000008000ff5c (0xfc843703) x14 0x0000000080012040 mem 0x0000000080031f38
core   0: 0x000000008000ff60 (0xfb843783) ld      a5, -72(s0)
core   0: 3 0x000000008000ff60 (0xfb843783) x15 0x000000000000009c mem 0x0000000080031f28
core   0: 0x000000008000ff64 (0x000097ba) c.add   a5, a4
core   0: 3 0x000000008000ff64 (0x97ba) x15 0x00000000800120dc
core   0: 0x000000008000ff66 (0xfe043703) ld      a4, -32(s0)
core   0: 3 0x000000008000ff66 (0xfe043703) x14 0x00000000800120c1 mem 0x0000000080031f50
core   0: 0x000000008000ff6a (0xfcf76de3) bltu    a4, a5, pc - 38
core   0: 3 0x000000008000ff6a (0xfcf76de3)
core   0: 0x000000008000ff44 (0xfe043783) ld      a5, -32(s0)
core   0: 3 0x000000008000ff44 (0xfe043783) x15 0x00000000800120c1 mem 0x0000000080031f50
core   0: 0x000000008000ff48 (0x00178713) addi    a4, a5, 1
core   0: 3 0x000000008000ff48 (0x00178713) x14 0x00000000800120c2
core   0: 0x000000008000ff4c (0xfee43023) sd      a4, -32(s0)
core   0: 3 0x000000008000ff4c (0xfee43023) mem 0x0000000080031f50 0x00000000800120c2
core   0: 0x000000008000ff50 (0xfc442703) lw      a4, -60(s0)
core   0: 3 0x000000008000ff50 (0xfc442703) x14 0x0000000000000000 mem 0x0000000080031f34
core   0: 0x000000008000ff54 (0x0ff77713) andi    a4, a4, 255
core   0: 3 0x000000008000ff54 (0x0ff77713) x14 0x0000000000000000
core   0: 0x000000008000ff58 (0x00e78023) sb      a4, 0(a5)
core   0: 3 0x000000008000ff58 (0x00e78023) mem 0x00000000800120c1 0x00
core   0: 0x000000008000ff5c (0xfc843703) ld      a4, -56(s0)
core   0: 3 0x000000008000ff5c (0xfc843703) x14 0x0000000080012040 mem 0x0000000080031f38
core   0: 0x000000008000ff60 (0xfb843783) ld      a5, -72(s0)
core   0: 3 0x000000008000ff60 (0xfb843783) x15 0x000000000000009c mem 0x0000000080031f28
core   0: 0x000000008000ff64 (0x000097ba) c.add   a5, a4
core   0: 3 0x000000008000ff64 (0x97ba) x15 0x00000000800120dc
core   0: 0x000000008000ff66 (0xfe043703) ld      a4, -32(s0)
core   0: 3 0x000000008000ff66 (0xfe043703) x14 0x00000000800120c2 mem 0x0000000080031f50
core   0: 0x000000008000ff6a (0xfcf76de3) bltu    a4, a5, pc - 38
core   0: 3 0x000000008000ff6a (0xfcf76de3)
core   0: 0x000000008000ff44 (0xfe043783) ld      a5, -32(s0)
core   0: 3 0x000000008000ff44 (0xfe043783) x15 0x00000000800120c2 mem 0x0000000080031f50
core   0: 0x000000008000ff48 (0x00178713) addi    a4, a5, 1
core   0: 3 0x000000008000ff48 (0x00178713) x14 0x00000000800120c3
core   0: 0x000000008000ff4c (0xfee43023) sd      a4, -32(s0)
core   0: 3 0x000000008000ff4c (0xfee43023) mem 0x0000000080031f50 0x00000000800120c3
core   0: 0x000000008000ff50 (0xfc442703) lw      a4, -60(s0)
core   0: 3 0x000000008000ff50 (0xfc442703) x14 0x0000000000000000 mem 0x0000000080031f34
core   0: 0x000000008000ff54 (0x0ff77713) andi    a4, a4, 255
core   0: 3 0x000000008000ff54 (0x0ff77713) x14 0x0000000000000000
core   0: 0x000000008000ff58 (0x00e78023) sb      a4, 0(a5)
core   0: 3 0x000000008000ff58 (0x00e78023) mem 0x00000000800120c2 0x00
core   0: 0x000000008000ff5c (0xfc843703) ld      a4, -56(s0)
core   0: 3 0x000000008000ff5c (0xfc843703) x14 0x0000000080012040 mem 0x0000000080031f38
core   0: 0x000000008000ff60 (0xfb843783) ld      a5, -72(s0)
core   0: 3 0x000000008000ff60 (0xfb843783) x15 0x000000000000009c mem 0x0000000080031f28
core   0: 0x000000008000ff64 (0x000097ba) c.add   a5, a4
core   0: 3 0x000000008000ff64 (0x97ba) x15 0x00000000800120dc
core   0: 0x000000008000ff66 (0xfe043703) ld      a4, -32(s0)
core   0: 3 0x000000008000ff66 (0xfe043703) x14 0x00000000800120c3 mem 0x0000000080031f50
core   0: 0x000000008000ff6a (0xfcf76de3) bltu    a4, a5, pc - 38
core   0: 3 0x000000008000ff6a (0xfcf76de3)
core   0: 0x000000008000ff44 (0xfe043783) ld      a5, -32(s0)
core   0: 3 0x000000008000ff44 (0xfe043783) x15 0x00000000800120c3 mem 0x0000000080031f50
core   0: 0x000000008000ff48 (0x00178713) addi    a4, a5, 1
core   0: 3 0x000000008000ff48 (0x00178713) x14 0x00000000800120c4
core   0: 0x000000008000ff4c (0xfee43023) sd      a4, -32(s0)
core   0: 3 0x000000008000ff4c (0xfee43023) mem 0x0000000080031f50 0x00000000800120c4
core   0: 0x000000008000ff50 (0xfc442703) lw      a4, -60(s0)
core   0: 3 0x000000008000ff50 (0xfc442703) x14 0x0000000000000000 mem 0x0000000080031f34
core   0: 0x000000008000ff54 (0x0ff77713) andi    a4, a4, 255
core   0: 3 0x000000008000ff54 (0x0ff77713) x14 0x0000000000000000
core   0: 0x000000008000ff58 (0x00e78023) sb      a4, 0(a5)
core   0: 3 0x000000008000ff58 (0x00e78023) mem 0x00000000800120c3 0x00
core   0: 0x000000008000ff5c (0xfc843703) ld      a4, -56(s0)
core   0: 3 0x000000008000ff5c (0xfc843703) x14 0x0000000080012040 mem 0x0000000080031f38
core   0: 0x000000008000ff60 (0xfb843783) ld      a5, -72(s0)
core   0: 3 0x000000008000ff60 (0xfb843783) x15 0x000000000000009c mem 0x0000000080031f28
core   0: 0x000000008000ff64 (0x000097ba) c.add   a5, a4
core   0: 3 0x000000008000ff64 (0x97ba) x15 0x00000000800120dc
core   0: 0x000000008000ff66 (0xfe043703) ld      a4, -32(s0)
core   0: 3 0x000000008000ff66 (0xfe043703) x14 0x00000000800120c4 mem 0x0000000080031f50
core   0: 0x000000008000ff6a (0xfcf76de3) bltu    a4, a5, pc - 38
core   0: 3 0x000000008000ff6a (0xfcf76de3)
core   0: 0x000000008000ff44 (0xfe043783) ld      a5, -32(s0)
core   0: 3 0x000000008000ff44 (0xfe043783) x15 0x00000000800120c4 mem 0x0000000080031f50
core   0: 0x000000008000ff48 (0x00178713) addi    a4, a5, 1
core   0: 3 0x000000008000ff48 (0x00178713) x14 0x00000000800120c5
core   0: 0x000000008000ff4c (0xfee43023) sd      a4, -32(s0)
core   0: 3 0x000000008000ff4c (0xfee43023) mem 0x0000000080031f50 0x00000000800120c5
core   0: 0x000000008000ff50 (0xfc442703) lw      a4, -60(s0)
core   0: 3 0x000000008000ff50 (0xfc442703) x14 0x0000000000000000 mem 0x0000000080031f34
core   0: 0x000000008000ff54 (0x0ff77713) andi    a4, a4, 255
core   0: 3 0x000000008000ff54 (0x0ff77713) x14 0x0000000000000000
core   0: 0x000000008000ff58 (0x00e78023) sb      a4, 0(a5)
core   0: 3 0x000000008000ff58 (0x00e78023) mem 0x00000000800120c4 0x00
core   0: 0x000000008000ff5c (0xfc843703) ld      a4, -56(s0)
core   0: 3 0x000000008000ff5c (0xfc843703) x14 0x0000000080012040 mem 0x0000000080031f38
core   0: 0x000000008000ff60 (0xfb843783) ld      a5, -72(s0)
core   0: 3 0x000000008000ff60 (0xfb843783) x15 0x000000000000009c mem 0x0000000080031f28
core   0: 0x000000008000ff64 (0x000097ba) c.add   a5, a4
core   0: 3 0x000000008000ff64 (0x97ba) x15 0x00000000800120dc
core   0: 0x000000008000ff66 (0xfe043703) ld      a4, -32(s0)
core   0: 3 0x000000008000ff66 (0xfe043703) x14 0x00000000800120c5 mem 0x0000000080031f50
core   0: 0x000000008000ff6a (0xfcf76de3) bltu    a4, a5, pc - 38
core   0: 3 0x000000008000ff6a (0xfcf76de3)
core   0: 0x000000008000ff44 (0xfe043783) ld      a5, -32(s0)
core   0: 3 0x000000008000ff44 (0xfe043783) x15 0x00000000800120c5 mem 0x0000000080031f50
core   0: 0x000000008000ff48 (0x00178713) addi    a4, a5, 1
core   0: 3 0x000000008000ff48 (0x00178713) x14 0x00000000800120c6
core   0: 0x000000008000ff4c (0xfee43023) sd      a4, -32(s0)
core   0: 3 0x000000008000ff4c (0xfee43023) mem 0x0000000080031f50 0x00000000800120c6
core   0: 0x000000008000ff50 (0xfc442703) lw      a4, -60(s0)
core   0: 3 0x000000008000ff50 (0xfc442703) x14 0x0000000000000000 mem 0x0000000080031f34
core   0: 0x000000008000ff54 (0x0ff77713) andi    a4, a4, 255
core   0: 3 0x000000008000ff54 (0x0ff77713) x14 0x0000000000000000
core   0: 0x000000008000ff58 (0x00e78023) sb      a4, 0(a5)
core   0: 3 0x000000008000ff58 (0x00e78023) mem 0x00000000800120c5 0x00
core   0: 0x000000008000ff5c (0xfc843703) ld      a4, -56(s0)
core   0: 3 0x000000008000ff5c (0xfc843703) x14 0x0000000080012040 mem 0x0000000080031f38
core   0: 0x000000008000ff60 (0xfb843783) ld      a5, -72(s0)
core   0: 3 0x000000008000ff60 (0xfb843783) x15 0x000000000000009c mem 0x0000000080031f28
core   0: 0x000000008000ff64 (0x000097ba) c.add   a5, a4
core   0: 3 0x000000008000ff64 (0x97ba) x15 0x00000000800120dc
core   0: 0x000000008000ff66 (0xfe043703) ld      a4, -32(s0)
core   0: 3 0x000000008000ff66 (0xfe043703) x14 0x00000000800120c6 mem 0x0000000080031f50
core   0: 0x000000008000ff6a (0xfcf76de3) bltu    a4, a5, pc - 38
core   0: 3 0x000000008000ff6a (0xfcf76de3)
core   0: 0x000000008000ff44 (0xfe043783) ld      a5, -32(s0)
core   0: 3 0x000000008000ff44 (0xfe043783) x15 0x00000000800120c6 mem 0x0000000080031f50
core   0: 0x000000008000ff48 (0x00178713) addi    a4, a5, 1
core   0: 3 0x000000008000ff48 (0x00178713) x14 0x00000000800120c7
core   0: 0x000000008000ff4c (0xfee43023) sd      a4, -32(s0)
core   0: 3 0x000000008000ff4c (0xfee43023) mem 0x0000000080031f50 0x00000000800120c7
core   0: 0x000000008000ff50 (0xfc442703) lw      a4, -60(s0)
core   0: 3 0x000000008000ff50 (0xfc442703) x14 0x0000000000000000 mem 0x0000000080031f34
core   0: 0x000000008000ff54 (0x0ff77713) andi    a4, a4, 255
core   0: 3 0x000000008000ff54 (0x0ff77713) x14 0x0000000000000000
core   0: 0x000000008000ff58 (0x00e78023) sb      a4, 0(a5)
core   0: 3 0x000000008000ff58 (0x00e78023) mem 0x00000000800120c6 0x00
core   0: 0x000000008000ff5c (0xfc843703) ld      a4, -56(s0)
core   0: 3 0x000000008000ff5c (0xfc843703) x14 0x0000000080012040 mem 0x0000000080031f38
core   0: 0x000000008000ff60 (0xfb843783) ld      a5, -72(s0)
core   0: 3 0x000000008000ff60 (0xfb843783) x15 0x000000000000009c mem 0x0000000080031f28
core   0: 0x000000008000ff64 (0x000097ba) c.add   a5, a4
core   0: 3 0x000000008000ff64 (0x97ba) x15 0x00000000800120dc
core   0: 0x000000008000ff66 (0xfe043703) ld      a4, -32(s0)
core   0: 3 0x000000008000ff66 (0xfe043703) x14 0x00000000800120c7 mem 0x0000000080031f50
core   0: 0x000000008000ff6a (0xfcf76de3) bltu    a4, a5, pc - 38
core   0: 3 0x000000008000ff6a (0xfcf76de3)
core   0: 0x000000008000ff44 (0xfe043783) ld      a5, -32(s0)
core   0: 3 0x000000008000ff44 (0xfe043783) x15 0x00000000800120c7 mem 0x0000000080031f50
core   0: 0x000000008000ff48 (0x00178713) addi    a4, a5, 1
core   0: 3 0x000000008000ff48 (0x00178713) x14 0x00000000800120c8
core   0: 0x000000008000ff4c (0xfee43023) sd      a4, -32(s0)
core   0: 3 0x000000008000ff4c (0xfee43023) mem 0x0000000080031f50 0x00000000800120c8
core   0: 0x000000008000ff50 (0xfc442703) lw      a4, -60(s0)
core   0: 3 0x000000008000ff50 (0xfc442703) x14 0x0000000000000000 mem 0x0000000080031f34
core   0: 0x000000008000ff54 (0x0ff77713) andi    a4, a4, 255
core   0: 3 0x000000008000ff54 (0x0ff77713) x14 0x0000000000000000
core   0: 0x000000008000ff58 (0x00e78023) sb      a4, 0(a5)
core   0: 3 0x000000008000ff58 (0x00e78023) mem 0x00000000800120c7 0x00
core   0: 0x000000008000ff5c (0xfc843703) ld      a4, -56(s0)
core   0: 3 0x000000008000ff5c (0xfc843703) x14 0x0000000080012040 mem 0x0000000080031f38
core   0: 0x000000008000ff60 (0xfb843783) ld      a5, -72(s0)
core   0: 3 0x000000008000ff60 (0xfb843783) x15 0x000000000000009c mem 0x0000000080031f28
core   0: 0x000000008000ff64 (0x000097ba) c.add   a5, a4
core   0: 3 0x000000008000ff64 (0x97ba) x15 0x00000000800120dc
core   0: 0x000000008000ff66 (0xfe043703) ld      a4, -32(s0)
core   0: 3 0x000000008000ff66 (0xfe043703) x14 0x00000000800120c8 mem 0x0000000080031f50
core   0: 0x000000008000ff6a (0xfcf76de3) bltu    a4, a5, pc - 38
core   0: 3 0x000000008000ff6a (0xfcf76de3)
core   0: 0x000000008000ff44 (0xfe043783) ld      a5, -32(s0)
core   0: 3 0x000000008000ff44 (0xfe043783) x15 0x00000000800120c8 mem 0x0000000080031f50
core   0: 0x000000008000ff48 (0x00178713) addi    a4, a5, 1
core   0: 3 0x000000008000ff48 (0x00178713) x14 0x00000000800120c9
core   0: 0x000000008000ff4c (0xfee43023) sd      a4, -32(s0)
core   0: 3 0x000000008000ff4c (0xfee43023) mem 0x0000000080031f50 0x00000000800120c9
core   0: 0x000000008000ff50 (0xfc442703) lw      a4, -60(s0)
core   0: 3 0x000000008000ff50 (0xfc442703) x14 0x0000000000000000 mem 0x0000000080031f34
core   0: 0x000000008000ff54 (0x0ff77713) andi    a4, a4, 255
core   0: 3 0x000000008000ff54 (0x0ff77713) x14 0x0000000000000000
core   0: 0x000000008000ff58 (0x00e78023) sb      a4, 0(a5)
core   0: 3 0x000000008000ff58 (0x00e78023) mem 0x00000000800120c8 0x00
core   0: 0x000000008000ff5c (0xfc843703) ld      a4, -56(s0)
core   0: 3 0x000000008000ff5c (0xfc843703) x14 0x0000000080012040 mem 0x0000000080031f38
core   0: 0x000000008000ff60 (0xfb843783) ld      a5, -72(s0)
core   0: 3 0x000000008000ff60 (0xfb843783) x15 0x000000000000009c mem 0x0000000080031f28
core   0: 0x000000008000ff64 (0x000097ba) c.add   a5, a4
core   0: 3 0x000000008000ff64 (0x97ba) x15 0x00000000800120dc
core   0: 0x000000008000ff66 (0xfe043703) ld      a4, -32(s0)
core   0: 3 0x000000008000ff66 (0xfe043703) x14 0x00000000800120c9 mem 0x0000000080031f50
core   0: 0x000000008000ff6a (0xfcf76de3) bltu    a4, a5, pc - 38
core   0: 3 0x000000008000ff6a (0xfcf76de3)
core   0: 0x000000008000ff44 (0xfe043783) ld      a5, -32(s0)
core   0: 3 0x000000008000ff44 (0xfe043783) x15 0x00000000800120c9 mem 0x0000000080031f50
core   0: 0x000000008000ff48 (0x00178713) addi    a4, a5, 1
core   0: 3 0x000000008000ff48 (0x00178713) x14 0x00000000800120ca
core   0: 0x000000008000ff4c (0xfee43023) sd      a4, -32(s0)
core   0: 3 0x000000008000ff4c (0xfee43023) mem 0x0000000080031f50 0x00000000800120ca
core   0: 0x000000008000ff50 (0xfc442703) lw      a4, -60(s0)
core   0: 3 0x000000008000ff50 (0xfc442703) x14 0x0000000000000000 mem 0x0000000080031f34
core   0: 0x000000008000ff54 (0x0ff77713) andi    a4, a4, 255
core   0: 3 0x000000008000ff54 (0x0ff77713) x14 0x0000000000000000
core   0: 0x000000008000ff58 (0x00e78023) sb      a4, 0(a5)
core   0: 3 0x000000008000ff58 (0x00e78023) mem 0x00000000800120c9 0x00
core   0: 0x000000008000ff5c (0xfc843703) ld      a4, -56(s0)
core   0: 3 0x000000008000ff5c (0xfc843703) x14 0x0000000080012040 mem 0x0000000080031f38
core   0: 0x000000008000ff60 (0xfb843783) ld      a5, -72(s0)
core   0: 3 0x000000008000ff60 (0xfb843783) x15 0x000000000000009c mem 0x0000000080031f28
core   0: 0x000000008000ff64 (0x000097ba) c.add   a5, a4
core   0: 3 0x000000008000ff64 (0x97ba) x15 0x00000000800120dc
core   0: 0x000000008000ff66 (0xfe043703) ld      a4, -32(s0)
core   0: 3 0x000000008000ff66 (0xfe043703) x14 0x00000000800120ca mem 0x0000000080031f50
core   0: 0x000000008000ff6a (0xfcf76de3) bltu    a4, a5, pc - 38
core   0: 3 0x000000008000ff6a (0xfcf76de3)
core   0: 0x000000008000ff44 (0xfe043783) ld      a5, -32(s0)
core   0: 3 0x000000008000ff44 (0xfe043783) x15 0x00000000800120ca mem 0x0000000080031f50
core   0: 0x000000008000ff48 (0x00178713) addi    a4, a5, 1
core   0: 3 0x000000008000ff48 (0x00178713) x14 0x00000000800120cb
core   0: 0x000000008000ff4c (0xfee43023) sd      a4, -32(s0)
core   0: 3 0x000000008000ff4c (0xfee43023) mem 0x0000000080031f50 0x00000000800120cb
core   0: 0x000000008000ff50 (0xfc442703) lw      a4, -60(s0)
core   0: 3 0x000000008000ff50 (0xfc442703) x14 0x0000000000000000 mem 0x0000000080031f34
core   0: 0x000000008000ff54 (0x0ff77713) andi    a4, a4, 255
core   0: 3 0x000000008000ff54 (0x0ff77713) x14 0x0000000000000000
core   0: 0x000000008000ff58 (0x00e78023) sb      a4, 0(a5)
core   0: 3 0x000000008000ff58 (0x00e78023) mem 0x00000000800120ca 0x00
core   0: 0x000000008000ff5c (0xfc843703) ld      a4, -56(s0)
core   0: 3 0x000000008000ff5c (0xfc843703) x14 0x0000000080012040 mem 0x0000000080031f38
core   0: 0x000000008000ff60 (0xfb843783) ld      a5, -72(s0)
core   0: 3 0x000000008000ff60 (0xfb843783) x15 0x000000000000009c mem 0x0000000080031f28
core   0: 0x000000008000ff64 (0x000097ba) c.add   a5, a4
core   0: 3 0x000000008000ff64 (0x97ba) x15 0x00000000800120dc
core   0: 0x000000008000ff66 (0xfe043703) ld      a4, -32(s0)
core   0: 3 0x000000008000ff66 (0xfe043703) x14 0x00000000800120cb mem 0x0000000080031f50
core   0: 0x000000008000ff6a (0xfcf76de3) bltu    a4, a5, pc - 38
core   0: 3 0x000000008000ff6a (0xfcf76de3)
core   0: 0x000000008000ff44 (0xfe043783) ld      a5, -32(s0)
core   0: 3 0x000000008000ff44 (0xfe043783) x15 0x00000000800120cb mem 0x0000000080031f50
core   0: 0x000000008000ff48 (0x00178713) addi    a4, a5, 1
core   0: 3 0x000000008000ff48 (0x00178713) x14 0x00000000800120cc
core   0: 0x000000008000ff4c (0xfee43023) sd      a4, -32(s0)
core   0: 3 0x000000008000ff4c (0xfee43023) mem 0x0000000080031f50 0x00000000800120cc
core   0: 0x000000008000ff50 (0xfc442703) lw      a4, -60(s0)
core   0: 3 0x000000008000ff50 (0xfc442703) x14 0x0000000000000000 mem 0x0000000080031f34
core   0: 0x000000008000ff54 (0x0ff77713) andi    a4, a4, 255
core   0: 3 0x000000008000ff54 (0x0ff77713) x14 0x0000000000000000
core   0: 0x000000008000ff58 (0x00e78023) sb      a4, 0(a5)
core   0: 3 0x000000008000ff58 (0x00e78023) mem 0x00000000800120cb 0x00
core   0: 0x000000008000ff5c (0xfc843703) ld      a4, -56(s0)
core   0: 3 0x000000008000ff5c (0xfc843703) x14 0x0000000080012040 mem 0x0000000080031f38
core   0: 0x000000008000ff60 (0xfb843783) ld      a5, -72(s0)
core   0: 3 0x000000008000ff60 (0xfb843783) x15 0x000000000000009c mem 0x0000000080031f28
core   0: 0x000000008000ff64 (0x000097ba) c.add   a5, a4
core   0: 3 0x000000008000ff64 (0x97ba) x15 0x00000000800120dc
core   0: 0x000000008000ff66 (0xfe043703) ld      a4, -32(s0)
core   0: 3 0x000000008000ff66 (0xfe043703) x14 0x00000000800120cc mem 0x0000000080031f50
core   0: 0x000000008000ff6a (0xfcf76de3) bltu    a4, a5, pc - 38
core   0: 3 0x000000008000ff6a (0xfcf76de3)
core   0: 0x000000008000ff44 (0xfe043783) ld      a5, -32(s0)
core   0: 3 0x000000008000ff44 (0xfe043783) x15 0x00000000800120cc mem 0x0000000080031f50
core   0: 0x000000008000ff48 (0x00178713) addi    a4, a5, 1
core   0: 3 0x000000008000ff48 (0x00178713) x14 0x00000000800120cd
core   0: 0x000000008000ff4c (0xfee43023) sd      a4, -32(s0)
core   0: 3 0x000000008000ff4c (0xfee43023) mem 0x0000000080031f50 0x00000000800120cd
core   0: 0x000000008000ff50 (0xfc442703) lw      a4, -60(s0)
core   0: 3 0x000000008000ff50 (0xfc442703) x14 0x0000000000000000 mem 0x0000000080031f34
core   0: 0x000000008000ff54 (0x0ff77713) andi    a4, a4, 255
core   0: 3 0x000000008000ff54 (0x0ff77713) x14 0x0000000000000000
core   0: 0x000000008000ff58 (0x00e78023) sb      a4, 0(a5)
core   0: 3 0x000000008000ff58 (0x00e78023) mem 0x00000000800120cc 0x00
core   0: 0x000000008000ff5c (0xfc843703) ld      a4, -56(s0)
core   0: 3 0x000000008000ff5c (0xfc843703) x14 0x0000000080012040 mem 0x0000000080031f38
core   0: 0x000000008000ff60 (0xfb843783) ld      a5, -72(s0)
core   0: 3 0x000000008000ff60 (0xfb843783) x15 0x000000000000009c mem 0x0000000080031f28
core   0: 0x000000008000ff64 (0x000097ba) c.add   a5, a4
core   0: 3 0x000000008000ff64 (0x97ba) x15 0x00000000800120dc
core   0: 0x000000008000ff66 (0xfe043703) ld      a4, -32(s0)
core   0: 3 0x000000008000ff66 (0xfe043703) x14 0x00000000800120cd mem 0x0000000080031f50
core   0: 0x000000008000ff6a (0xfcf76de3) bltu    a4, a5, pc - 38
core   0: 3 0x000000008000ff6a (0xfcf76de3)
core   0: 0x000000008000ff44 (0xfe043783) ld      a5, -32(s0)
core   0: 3 0x000000008000ff44 (0xfe043783) x15 0x00000000800120cd mem 0x0000000080031f50
core   0: 0x000000008000ff48 (0x00178713) addi    a4, a5, 1
core   0: 3 0x000000008000ff48 (0x00178713) x14 0x00000000800120ce
core   0: 0x000000008000ff4c (0xfee43023) sd      a4, -32(s0)
core   0: 3 0x000000008000ff4c (0xfee43023) mem 0x0000000080031f50 0x00000000800120ce
core   0: 0x000000008000ff50 (0xfc442703) lw      a4, -60(s0)
core   0: 3 0x000000008000ff50 (0xfc442703) x14 0x0000000000000000 mem 0x0000000080031f34
core   0: 0x000000008000ff54 (0x0ff77713) andi    a4, a4, 255
core   0: 3 0x000000008000ff54 (0x0ff77713) x14 0x0000000000000000
core   0: 0x000000008000ff58 (0x00e78023) sb      a4, 0(a5)
core   0: 3 0x000000008000ff58 (0x00e78023) mem 0x00000000800120cd 0x00
core   0: 0x000000008000ff5c (0xfc843703) ld      a4, -56(s0)
core   0: 3 0x000000008000ff5c (0xfc843703) x14 0x0000000080012040 mem 0x0000000080031f38
core   0: 0x000000008000ff60 (0xfb843783) ld      a5, -72(s0)
core   0: 3 0x000000008000ff60 (0xfb843783) x15 0x000000000000009c mem 0x0000000080031f28
core   0: 0x000000008000ff64 (0x000097ba) c.add   a5, a4
core   0: 3 0x000000008000ff64 (0x97ba) x15 0x00000000800120dc
core   0: 0x000000008000ff66 (0xfe043703) ld      a4, -32(s0)
core   0: 3 0x000000008000ff66 (0xfe043703) x14 0x00000000800120ce mem 0x0000000080031f50
core   0: 0x000000008000ff6a (0xfcf76de3) bltu    a4, a5, pc - 38
core   0: 3 0x000000008000ff6a (0xfcf76de3)
core   0: 0x000000008000ff44 (0xfe043783) ld      a5, -32(s0)
core   0: 3 0x000000008000ff44 (0xfe043783) x15 0x00000000800120ce mem 0x0000000080031f50
core   0: 0x000000008000ff48 (0x00178713) addi    a4, a5, 1
core   0: 3 0x000000008000ff48 (0x00178713) x14 0x00000000800120cf
core   0: 0x000000008000ff4c (0xfee43023) sd      a4, -32(s0)
core   0: 3 0x000000008000ff4c (0xfee43023) mem 0x0000000080031f50 0x00000000800120cf
core   0: 0x000000008000ff50 (0xfc442703) lw      a4, -60(s0)
core   0: 3 0x000000008000ff50 (0xfc442703) x14 0x0000000000000000 mem 0x0000000080031f34
core   0: 0x000000008000ff54 (0x0ff77713) andi    a4, a4, 255
core   0: 3 0x000000008000ff54 (0x0ff77713) x14 0x0000000000000000
core   0: 0x000000008000ff58 (0x00e78023) sb      a4, 0(a5)
core   0: 3 0x000000008000ff58 (0x00e78023) mem 0x00000000800120ce 0x00
core   0: 0x000000008000ff5c (0xfc843703) ld      a4, -56(s0)
core   0: 3 0x000000008000ff5c (0xfc843703) x14 0x0000000080012040 mem 0x0000000080031f38
core   0: 0x000000008000ff60 (0xfb843783) ld      a5, -72(s0)
core   0: 3 0x000000008000ff60 (0xfb843783) x15 0x000000000000009c mem 0x0000000080031f28
core   0: 0x000000008000ff64 (0x000097ba) c.add   a5, a4
core   0: 3 0x000000008000ff64 (0x97ba) x15 0x00000000800120dc
core   0: 0x000000008000ff66 (0xfe043703) ld      a4, -32(s0)
core   0: 3 0x000000008000ff66 (0xfe043703) x14 0x00000000800120cf mem 0x0000000080031f50
core   0: 0x000000008000ff6a (0xfcf76de3) bltu    a4, a5, pc - 38
core   0: 3 0x000000008000ff6a (0xfcf76de3)
core   0: 0x000000008000ff44 (0xfe043783) ld      a5, -32(s0)
core   0: 3 0x000000008000ff44 (0xfe043783) x15 0x00000000800120cf mem 0x0000000080031f50
core   0: 0x000000008000ff48 (0x00178713) addi    a4, a5, 1
core   0: 3 0x000000008000ff48 (0x00178713) x14 0x00000000800120d0
core   0: 0x000000008000ff4c (0xfee43023) sd      a4, -32(s0)
core   0: 3 0x000000008000ff4c (0xfee43023) mem 0x0000000080031f50 0x00000000800120d0
core   0: 0x000000008000ff50 (0xfc442703) lw      a4, -60(s0)
core   0: 3 0x000000008000ff50 (0xfc442703) x14 0x0000000000000000 mem 0x0000000080031f34
core   0: 0x000000008000ff54 (0x0ff77713) andi    a4, a4, 255
core   0: 3 0x000000008000ff54 (0x0ff77713) x14 0x0000000000000000
core   0: 0x000000008000ff58 (0x00e78023) sb      a4, 0(a5)
core   0: 3 0x000000008000ff58 (0x00e78023) mem 0x00000000800120cf 0x00
core   0: 0x000000008000ff5c (0xfc843703) ld      a4, -56(s0)
core   0: 3 0x000000008000ff5c (0xfc843703) x14 0x0000000080012040 mem 0x0000000080031f38
core   0: 0x000000008000ff60 (0xfb843783) ld      a5, -72(s0)
core   0: 3 0x000000008000ff60 (0xfb843783) x15 0x000000000000009c mem 0x0000000080031f28
core   0: 0x000000008000ff64 (0x000097ba) c.add   a5, a4
core   0: 3 0x000000008000ff64 (0x97ba) x15 0x00000000800120dc
core   0: 0x000000008000ff66 (0xfe043703) ld      a4, -32(s0)
core   0: 3 0x000000008000ff66 (0xfe043703) x14 0x00000000800120d0 mem 0x0000000080031f50
core   0: 0x000000008000ff6a (0xfcf76de3) bltu    a4, a5, pc - 38
core   0: 3 0x000000008000ff6a (0xfcf76de3)
core   0: 0x000000008000ff44 (0xfe043783) ld      a5, -32(s0)
core   0: 3 0x000000008000ff44 (0xfe043783) x15 0x00000000800120d0 mem 0x0000000080031f50
core   0: 0x000000008000ff48 (0x00178713) addi    a4, a5, 1
core   0: 3 0x000000008000ff48 (0x00178713) x14 0x00000000800120d1
core   0: 0x000000008000ff4c (0xfee43023) sd      a4, -32(s0)
core   0: 3 0x000000008000ff4c (0xfee43023) mem 0x0000000080031f50 0x00000000800120d1
core   0: 0x000000008000ff50 (0xfc442703) lw      a4, -60(s0)
core   0: 3 0x000000008000ff50 (0xfc442703) x14 0x0000000000000000 mem 0x0000000080031f34
core   0: 0x000000008000ff54 (0x0ff77713) andi    a4, a4, 255
core   0: 3 0x000000008000ff54 (0x0ff77713) x14 0x0000000000000000
core   0: 0x000000008000ff58 (0x00e78023) sb      a4, 0(a5)
core   0: 3 0x000000008000ff58 (0x00e78023) mem 0x00000000800120d0 0x00
core   0: 0x000000008000ff5c (0xfc843703) ld      a4, -56(s0)
core   0: 3 0x000000008000ff5c (0xfc843703) x14 0x0000000080012040 mem 0x0000000080031f38
core   0: 0x000000008000ff60 (0xfb843783) ld      a5, -72(s0)
core   0: 3 0x000000008000ff60 (0xfb843783) x15 0x000000000000009c mem 0x0000000080031f28
core   0: 0x000000008000ff64 (0x000097ba) c.add   a5, a4
core   0: 3 0x000000008000ff64 (0x97ba) x15 0x00000000800120dc
core   0: 0x000000008000ff66 (0xfe043703) ld      a4, -32(s0)
core   0: 3 0x000000008000ff66 (0xfe043703) x14 0x00000000800120d1 mem 0x0000000080031f50
core   0: 0x000000008000ff6a (0xfcf76de3) bltu    a4, a5, pc - 38
core   0: 3 0x000000008000ff6a (0xfcf76de3)
core   0: 0x000000008000ff44 (0xfe043783) ld      a5, -32(s0)
core   0: 3 0x000000008000ff44 (0xfe043783) x15 0x00000000800120d1 mem 0x0000000080031f50
core   0: 0x000000008000ff48 (0x00178713) addi    a4, a5, 1
core   0: 3 0x000000008000ff48 (0x00178713) x14 0x00000000800120d2
core   0: 0x000000008000ff4c (0xfee43023) sd      a4, -32(s0)
core   0: 3 0x000000008000ff4c (0xfee43023) mem 0x0000000080031f50 0x00000000800120d2
core   0: 0x000000008000ff50 (0xfc442703) lw      a4, -60(s0)
core   0: 3 0x000000008000ff50 (0xfc442703) x14 0x0000000000000000 mem 0x0000000080031f34
core   0: 0x000000008000ff54 (0x0ff77713) andi    a4, a4, 255
core   0: 3 0x000000008000ff54 (0x0ff77713) x14 0x0000000000000000
core   0: 0x000000008000ff58 (0x00e78023) sb      a4, 0(a5)
core   0: 3 0x000000008000ff58 (0x00e78023) mem 0x00000000800120d1 0x00
core   0: 0x000000008000ff5c (0xfc843703) ld      a4, -56(s0)
core   0: 3 0x000000008000ff5c (0xfc843703) x14 0x0000000080012040 mem 0x0000000080031f38
core   0: 0x000000008000ff60 (0xfb843783) ld      a5, -72(s0)
core   0: 3 0x000000008000ff60 (0xfb843783) x15 0x000000000000009c mem 0x0000000080031f28
core   0: 0x000000008000ff64 (0x000097ba) c.add   a5, a4
core   0: 3 0x000000008000ff64 (0x97ba) x15 0x00000000800120dc
core   0: 0x000000008000ff66 (0xfe043703) ld      a4, -32(s0)
core   0: 3 0x000000008000ff66 (0xfe043703) x14 0x00000000800120d2 mem 0x0000000080031f50
core   0: 0x000000008000ff6a (0xfcf76de3) bltu    a4, a5, pc - 38
core   0: 3 0x000000008000ff6a (0xfcf76de3)
core   0: 0x000000008000ff44 (0xfe043783) ld      a5, -32(s0)
core   0: 3 0x000000008000ff44 (0xfe043783) x15 0x00000000800120d2 mem 0x0000000080031f50
core   0: 0x000000008000ff48 (0x00178713) addi    a4, a5, 1
core   0: 3 0x000000008000ff48 (0x00178713) x14 0x00000000800120d3
core   0: 0x000000008000ff4c (0xfee43023) sd      a4, -32(s0)
core   0: 3 0x000000008000ff4c (0xfee43023) mem 0x0000000080031f50 0x00000000800120d3
core   0: 0x000000008000ff50 (0xfc442703) lw      a4, -60(s0)
core   0: 3 0x000000008000ff50 (0xfc442703) x14 0x0000000000000000 mem 0x0000000080031f34
core   0: 0x000000008000ff54 (0x0ff77713) andi    a4, a4, 255
core   0: 3 0x000000008000ff54 (0x0ff77713) x14 0x0000000000000000
core   0: 0x000000008000ff58 (0x00e78023) sb      a4, 0(a5)
core   0: 3 0x000000008000ff58 (0x00e78023) mem 0x00000000800120d2 0x00
core   0: 0x000000008000ff5c (0xfc843703) ld      a4, -56(s0)
core   0: 3 0x000000008000ff5c (0xfc843703) x14 0x0000000080012040 mem 0x0000000080031f38
core   0: 0x000000008000ff60 (0xfb843783) ld      a5, -72(s0)
core   0: 3 0x000000008000ff60 (0xfb843783) x15 0x000000000000009c mem 0x0000000080031f28
core   0: 0x000000008000ff64 (0x000097ba) c.add   a5, a4
core   0: 3 0x000000008000ff64 (0x97ba) x15 0x00000000800120dc
core   0: 0x000000008000ff66 (0xfe043703) ld      a4, -32(s0)
core   0: 3 0x000000008000ff66 (0xfe043703) x14 0x00000000800120d3 mem 0x0000000080031f50
core   0: 0x000000008000ff6a (0xfcf76de3) bltu    a4, a5, pc - 38
core   0: 3 0x000000008000ff6a (0xfcf76de3)
core   0: 0x000000008000ff44 (0xfe043783) ld      a5, -32(s0)
core   0: 3 0x000000008000ff44 (0xfe043783) x15 0x00000000800120d3 mem 0x0000000080031f50
core   0: 0x000000008000ff48 (0x00178713) addi    a4, a5, 1
core   0: 3 0x000000008000ff48 (0x00178713) x14 0x00000000800120d4
core   0: 0x000000008000ff4c (0xfee43023) sd      a4, -32(s0)
core   0: 3 0x000000008000ff4c (0xfee43023) mem 0x0000000080031f50 0x00000000800120d4
core   0: 0x000000008000ff50 (0xfc442703) lw      a4, -60(s0)
core   0: 3 0x000000008000ff50 (0xfc442703) x14 0x0000000000000000 mem 0x0000000080031f34
core   0: 0x000000008000ff54 (0x0ff77713) andi    a4, a4, 255
core   0: 3 0x000000008000ff54 (0x0ff77713) x14 0x0000000000000000
core   0: 0x000000008000ff58 (0x00e78023) sb      a4, 0(a5)
core   0: 3 0x000000008000ff58 (0x00e78023) mem 0x00000000800120d3 0x00
core   0: 0x000000008000ff5c (0xfc843703) ld      a4, -56(s0)
core   0: 3 0x000000008000ff5c (0xfc843703) x14 0x0000000080012040 mem 0x0000000080031f38
core   0: 0x000000008000ff60 (0xfb843783) ld      a5, -72(s0)
core   0: 3 0x000000008000ff60 (0xfb843783) x15 0x000000000000009c mem 0x0000000080031f28
core   0: 0x000000008000ff64 (0x000097ba) c.add   a5, a4
core   0: 3 0x000000008000ff64 (0x97ba) x15 0x00000000800120dc
core   0: 0x000000008000ff66 (0xfe043703) ld      a4, -32(s0)
core   0: 3 0x000000008000ff66 (0xfe043703) x14 0x00000000800120d4 mem 0x0000000080031f50
core   0: 0x000000008000ff6a (0xfcf76de3) bltu    a4, a5, pc - 38
core   0: 3 0x000000008000ff6a (0xfcf76de3)
core   0: 0x000000008000ff44 (0xfe043783) ld      a5, -32(s0)
core   0: 3 0x000000008000ff44 (0xfe043783) x15 0x00000000800120d4 mem 0x0000000080031f50
core   0: 0x000000008000ff48 (0x00178713) addi    a4, a5, 1
core   0: 3 0x000000008000ff48 (0x00178713) x14 0x00000000800120d5
core   0: 0x000000008000ff4c (0xfee43023) sd      a4, -32(s0)
core   0: 3 0x000000008000ff4c (0xfee43023) mem 0x0000000080031f50 0x00000000800120d5
core   0: 0x000000008000ff50 (0xfc442703) lw      a4, -60(s0)
core   0: 3 0x000000008000ff50 (0xfc442703) x14 0x0000000000000000 mem 0x0000000080031f34
core   0: 0x000000008000ff54 (0x0ff77713) andi    a4, a4, 255
core   0: 3 0x000000008000ff54 (0x0ff77713) x14 0x0000000000000000
core   0: 0x000000008000ff58 (0x00e78023) sb      a4, 0(a5)
core   0: 3 0x000000008000ff58 (0x00e78023) mem 0x00000000800120d4 0x00
core   0: 0x000000008000ff5c (0xfc843703) ld      a4, -56(s0)
core   0: 3 0x000000008000ff5c (0xfc843703) x14 0x0000000080012040 mem 0x0000000080031f38
core   0: 0x000000008000ff60 (0xfb843783) ld      a5, -72(s0)
core   0: 3 0x000000008000ff60 (0xfb843783) x15 0x000000000000009c mem 0x0000000080031f28
core   0: 0x000000008000ff64 (0x000097ba) c.add   a5, a4
core   0: 3 0x000000008000ff64 (0x97ba) x15 0x00000000800120dc
core   0: 0x000000008000ff66 (0xfe043703) ld      a4, -32(s0)
core   0: 3 0x000000008000ff66 (0xfe043703) x14 0x00000000800120d5 mem 0x0000000080031f50
core   0: 0x000000008000ff6a (0xfcf76de3) bltu    a4, a5, pc - 38
core   0: 3 0x000000008000ff6a (0xfcf76de3)
core   0: 0x000000008000ff44 (0xfe043783) ld      a5, -32(s0)
core   0: 3 0x000000008000ff44 (0xfe043783) x15 0x00000000800120d5 mem 0x0000000080031f50
core   0: 0x000000008000ff48 (0x00178713) addi    a4, a5, 1
core   0: 3 0x000000008000ff48 (0x00178713) x14 0x00000000800120d6
core   0: 0x000000008000ff4c (0xfee43023) sd      a4, -32(s0)
core   0: 3 0x000000008000ff4c (0xfee43023) mem 0x0000000080031f50 0x00000000800120d6
core   0: 0x000000008000ff50 (0xfc442703) lw      a4, -60(s0)
core   0: 3 0x000000008000ff50 (0xfc442703) x14 0x0000000000000000 mem 0x0000000080031f34
core   0: 0x000000008000ff54 (0x0ff77713) andi    a4, a4, 255
core   0: 3 0x000000008000ff54 (0x0ff77713) x14 0x0000000000000000
core   0: 0x000000008000ff58 (0x00e78023) sb      a4, 0(a5)
core   0: 3 0x000000008000ff58 (0x00e78023) mem 0x00000000800120d5 0x00
core   0: 0x000000008000ff5c (0xfc843703) ld      a4, -56(s0)
core   0: 3 0x000000008000ff5c (0xfc843703) x14 0x0000000080012040 mem 0x0000000080031f38
core   0: 0x000000008000ff60 (0xfb843783) ld      a5, -72(s0)
core   0: 3 0x000000008000ff60 (0xfb843783) x15 0x000000000000009c mem 0x0000000080031f28
core   0: 0x000000008000ff64 (0x000097ba) c.add   a5, a4
core   0: 3 0x000000008000ff64 (0x97ba) x15 0x00000000800120dc
core   0: 0x000000008000ff66 (0xfe043703) ld      a4, -32(s0)
core   0: 3 0x000000008000ff66 (0xfe043703) x14 0x00000000800120d6 mem 0x0000000080031f50
core   0: 0x000000008000ff6a (0xfcf76de3) bltu    a4, a5, pc - 38
core   0: 3 0x000000008000ff6a (0xfcf76de3)
core   0: 0x000000008000ff44 (0xfe043783) ld      a5, -32(s0)
core   0: 3 0x000000008000ff44 (0xfe043783) x15 0x00000000800120d6 mem 0x0000000080031f50
core   0: 0x000000008000ff48 (0x00178713) addi    a4, a5, 1
core   0: 3 0x000000008000ff48 (0x00178713) x14 0x00000000800120d7
core   0: 0x000000008000ff4c (0xfee43023) sd      a4, -32(s0)
core   0: 3 0x000000008000ff4c (0xfee43023) mem 0x0000000080031f50 0x00000000800120d7
core   0: 0x000000008000ff50 (0xfc442703) lw      a4, -60(s0)
core   0: 3 0x000000008000ff50 (0xfc442703) x14 0x0000000000000000 mem 0x0000000080031f34
core   0: 0x000000008000ff54 (0x0ff77713) andi    a4, a4, 255
core   0: 3 0x000000008000ff54 (0x0ff77713) x14 0x0000000000000000
core   0: 0x000000008000ff58 (0x00e78023) sb      a4, 0(a5)
core   0: 3 0x000000008000ff58 (0x00e78023) mem 0x00000000800120d6 0x00
core   0: 0x000000008000ff5c (0xfc843703) ld      a4, -56(s0)
core   0: 3 0x000000008000ff5c (0xfc843703) x14 0x0000000080012040 mem 0x0000000080031f38
core   0: 0x000000008000ff60 (0xfb843783) ld      a5, -72(s0)
core   0: 3 0x000000008000ff60 (0xfb843783) x15 0x000000000000009c mem 0x0000000080031f28
core   0: 0x000000008000ff64 (0x000097ba) c.add   a5, a4
core   0: 3 0x000000008000ff64 (0x97ba) x15 0x00000000800120dc
core   0: 0x000000008000ff66 (0xfe043703) ld      a4, -32(s0)
core   0: 3 0x000000008000ff66 (0xfe043703) x14 0x00000000800120d7 mem 0x0000000080031f50
core   0: 0x000000008000ff6a (0xfcf76de3) bltu    a4, a5, pc - 38
core   0: 3 0x000000008000ff6a (0xfcf76de3)
core   0: 0x000000008000ff44 (0xfe043783) ld      a5, -32(s0)
core   0: 3 0x000000008000ff44 (0xfe043783) x15 0x00000000800120d7 mem 0x0000000080031f50
core   0: 0x000000008000ff48 (0x00178713) addi    a4, a5, 1
core   0: 3 0x000000008000ff48 (0x00178713) x14 0x00000000800120d8
core   0: 0x000000008000ff4c (0xfee43023) sd      a4, -32(s0)
core   0: 3 0x000000008000ff4c (0xfee43023) mem 0x0000000080031f50 0x00000000800120d8
core   0: 0x000000008000ff50 (0xfc442703) lw      a4, -60(s0)
core   0: 3 0x000000008000ff50 (0xfc442703) x14 0x0000000000000000 mem 0x0000000080031f34
core   0: 0x000000008000ff54 (0x0ff77713) andi    a4, a4, 255
core   0: 3 0x000000008000ff54 (0x0ff77713) x14 0x0000000000000000
core   0: 0x000000008000ff58 (0x00e78023) sb      a4, 0(a5)
core   0: 3 0x000000008000ff58 (0x00e78023) mem 0x00000000800120d7 0x00
core   0: 0x000000008000ff5c (0xfc843703) ld      a4, -56(s0)
core   0: 3 0x000000008000ff5c (0xfc843703) x14 0x0000000080012040 mem 0x0000000080031f38
core   0: 0x000000008000ff60 (0xfb843783) ld      a5, -72(s0)
core   0: 3 0x000000008000ff60 (0xfb843783) x15 0x000000000000009c mem 0x0000000080031f28
core   0: 0x000000008000ff64 (0x000097ba) c.add   a5, a4
core   0: 3 0x000000008000ff64 (0x97ba) x15 0x00000000800120dc
core   0: 0x000000008000ff66 (0xfe043703) ld      a4, -32(s0)
core   0: 3 0x000000008000ff66 (0xfe043703) x14 0x00000000800120d8 mem 0x0000000080031f50
core   0: 0x000000008000ff6a (0xfcf76de3) bltu    a4, a5, pc - 38
core   0: 3 0x000000008000ff6a (0xfcf76de3)
core   0: 0x000000008000ff44 (0xfe043783) ld      a5, -32(s0)
core   0: 3 0x000000008000ff44 (0xfe043783) x15 0x00000000800120d8 mem 0x0000000080031f50
core   0: 0x000000008000ff48 (0x00178713) addi    a4, a5, 1
core   0: 3 0x000000008000ff48 (0x00178713) x14 0x00000000800120d9
core   0: 0x000000008000ff4c (0xfee43023) sd      a4, -32(s0)
core   0: 3 0x000000008000ff4c (0xfee43023) mem 0x0000000080031f50 0x00000000800120d9
core   0: 0x000000008000ff50 (0xfc442703) lw      a4, -60(s0)
core   0: 3 0x000000008000ff50 (0xfc442703) x14 0x0000000000000000 mem 0x0000000080031f34
core   0: 0x000000008000ff54 (0x0ff77713) andi    a4, a4, 255
core   0: 3 0x000000008000ff54 (0x0ff77713) x14 0x0000000000000000
core   0: 0x000000008000ff58 (0x00e78023) sb      a4, 0(a5)
core   0: 3 0x000000008000ff58 (0x00e78023) mem 0x00000000800120d8 0x00
core   0: 0x000000008000ff5c (0xfc843703) ld      a4, -56(s0)
core   0: 3 0x000000008000ff5c (0xfc843703) x14 0x0000000080012040 mem 0x0000000080031f38
core   0: 0x000000008000ff60 (0xfb843783) ld      a5, -72(s0)
core   0: 3 0x000000008000ff60 (0xfb843783) x15 0x000000000000009c mem 0x0000000080031f28
core   0: 0x000000008000ff64 (0x000097ba) c.add   a5, a4
core   0: 3 0x000000008000ff64 (0x97ba) x15 0x00000000800120dc
core   0: 0x000000008000ff66 (0xfe043703) ld      a4, -32(s0)
core   0: 3 0x000000008000ff66 (0xfe043703) x14 0x00000000800120d9 mem 0x0000000080031f50
core   0: 0x000000008000ff6a (0xfcf76de3) bltu    a4, a5, pc - 38
core   0: 3 0x000000008000ff6a (0xfcf76de3)
core   0: 0x000000008000ff44 (0xfe043783) ld      a5, -32(s0)
core   0: 3 0x000000008000ff44 (0xfe043783) x15 0x00000000800120d9 mem 0x0000000080031f50
core   0: 0x000000008000ff48 (0x00178713) addi    a4, a5, 1
core   0: 3 0x000000008000ff48 (0x00178713) x14 0x00000000800120da
core   0: 0x000000008000ff4c (0xfee43023) sd      a4, -32(s0)
core   0: 3 0x000000008000ff4c (0xfee43023) mem 0x0000000080031f50 0x00000000800120da
core   0: 0x000000008000ff50 (0xfc442703) lw      a4, -60(s0)
core   0: 3 0x000000008000ff50 (0xfc442703) x14 0x0000000000000000 mem 0x0000000080031f34
core   0: 0x000000008000ff54 (0x0ff77713) andi    a4, a4, 255
core   0: 3 0x000000008000ff54 (0x0ff77713) x14 0x0000000000000000
core   0: 0x000000008000ff58 (0x00e78023) sb      a4, 0(a5)
core   0: 3 0x000000008000ff58 (0x00e78023) mem 0x00000000800120d9 0x00
core   0: 0x000000008000ff5c (0xfc843703) ld      a4, -56(s0)
core   0: 3 0x000000008000ff5c (0xfc843703) x14 0x0000000080012040 mem 0x0000000080031f38
core   0: 0x000000008000ff60 (0xfb843783) ld      a5, -72(s0)
core   0: 3 0x000000008000ff60 (0xfb843783) x15 0x000000000000009c mem 0x0000000080031f28
core   0: 0x000000008000ff64 (0x000097ba) c.add   a5, a4
core   0: 3 0x000000008000ff64 (0x97ba) x15 0x00000000800120dc
core   0: 0x000000008000ff66 (0xfe043703) ld      a4, -32(s0)
core   0: 3 0x000000008000ff66 (0xfe043703) x14 0x00000000800120da mem 0x0000000080031f50
core   0: 0x000000008000ff6a (0xfcf76de3) bltu    a4, a5, pc - 38
core   0: 3 0x000000008000ff6a (0xfcf76de3)
core   0: 0x000000008000ff44 (0xfe043783) ld      a5, -32(s0)
core   0: 3 0x000000008000ff44 (0xfe043783) x15 0x00000000800120da mem 0x0000000080031f50
core   0: 0x000000008000ff48 (0x00178713) addi    a4, a5, 1
core   0: 3 0x000000008000ff48 (0x00178713) x14 0x00000000800120db
core   0: 0x000000008000ff4c (0xfee43023) sd      a4, -32(s0)
core   0: 3 0x000000008000ff4c (0xfee43023) mem 0x0000000080031f50 0x00000000800120db
core   0: 0x000000008000ff50 (0xfc442703) lw      a4, -60(s0)
core   0: 3 0x000000008000ff50 (0xfc442703) x14 0x0000000000000000 mem 0x0000000080031f34
core   0: 0x000000008000ff54 (0x0ff77713) andi    a4, a4, 255
core   0: 3 0x000000008000ff54 (0x0ff77713) x14 0x0000000000000000
core   0: 0x000000008000ff58 (0x00e78023) sb      a4, 0(a5)
core   0: 3 0x000000008000ff58 (0x00e78023) mem 0x00000000800120da 0x00
core   0: 0x000000008000ff5c (0xfc843703) ld      a4, -56(s0)
core   0: 3 0x000000008000ff5c (0xfc843703) x14 0x0000000080012040 mem 0x0000000080031f38
core   0: 0x000000008000ff60 (0xfb843783) ld      a5, -72(s0)
core   0: 3 0x000000008000ff60 (0xfb843783) x15 0x000000000000009c mem 0x0000000080031f28
core   0: 0x000000008000ff64 (0x000097ba) c.add   a5, a4
core   0: 3 0x000000008000ff64 (0x97ba) x15 0x00000000800120dc
core   0: 0x000000008000ff66 (0xfe043703) ld      a4, -32(s0)
core   0: 3 0x000000008000ff66 (0xfe043703) x14 0x00000000800120db mem 0x0000000080031f50
core   0: 0x000000008000ff6a (0xfcf76de3) bltu    a4, a5, pc - 38
core   0: 3 0x000000008000ff6a (0xfcf76de3)
core   0: 0x000000008000ff44 (0xfe043783) ld      a5, -32(s0)
core   0: 3 0x000000008000ff44 (0xfe043783) x15 0x00000000800120db mem 0x0000000080031f50
core   0: 0x000000008000ff48 (0x00178713) addi    a4, a5, 1
core   0: 3 0x000000008000ff48 (0x00178713) x14 0x00000000800120dc
core   0: 0x000000008000ff4c (0xfee43023) sd      a4, -32(s0)
core   0: 3 0x000000008000ff4c (0xfee43023) mem 0x0000000080031f50 0x00000000800120dc
core   0: 0x000000008000ff50 (0xfc442703) lw      a4, -60(s0)
core   0: 3 0x000000008000ff50 (0xfc442703) x14 0x0000000000000000 mem 0x0000000080031f34
core   0: 0x000000008000ff54 (0x0ff77713) andi    a4, a4, 255
core   0: 3 0x000000008000ff54 (0x0ff77713) x14 0x0000000000000000
core   0: 0x000000008000ff58 (0x00e78023) sb      a4, 0(a5)
core   0: 3 0x000000008000ff58 (0x00e78023) mem 0x00000000800120db 0x00
core   0: 0x000000008000ff5c (0xfc843703) ld      a4, -56(s0)
core   0: 3 0x000000008000ff5c (0xfc843703) x14 0x0000000080012040 mem 0x0000000080031f38
core   0: 0x000000008000ff60 (0xfb843783) ld      a5, -72(s0)
core   0: 3 0x000000008000ff60 (0xfb843783) x15 0x000000000000009c mem 0x0000000080031f28
core   0: 0x000000008000ff64 (0x000097ba) c.add   a5, a4
core   0: 3 0x000000008000ff64 (0x97ba) x15 0x00000000800120dc
core   0: 0x000000008000ff66 (0xfe043703) ld      a4, -32(s0)
core   0: 3 0x000000008000ff66 (0xfe043703) x14 0x00000000800120dc mem 0x0000000080031f50
core   0: 0x000000008000ff6a (0xfcf76de3) bltu    a4, a5, pc - 38
core   0: 3 0x000000008000ff6a (0xfcf76de3)
core   0: 0x000000008000ff6e (0xfc843783) ld      a5, -56(s0)
core   0: 3 0x000000008000ff6e (0xfc843783) x15 0x0000000080012040 mem 0x0000000080031f38
core   0: 0x000000008000ff72 (0x0000853e) c.mv    a0, a5
core   0: 3 0x000000008000ff72 (0x853e) x10 0x0000000080012040
core   0: 0x000000008000ff74 (0x00006426) c.ldsp  s0, 72(sp)
core   0: 3 0x000000008000ff74 (0x6426) x8  0x0000000080031f90 mem 0x0000000080031f68
core   0: 0x000000008000ff76 (0x00006161) c.addi16sp sp, 80
core   0: 3 0x000000008000ff76 (0x6161) x2  0x0000000080031f70
core   0: 0x000000008000ff78 (0x00008082) ret
core   0: 3 0x000000008000ff78 (0x8082)
core   0: 0x000000008000f52c (0x00000001) c.nop
core   0: 3 0x000000008000f52c (0x0001)
core   0: 0x000000008000f52e (0x000060e2) c.ldsp  ra, 24(sp)
core   0: 3 0x000000008000f52e (0x60e2) x1  0x000000008000f56c mem 0x0000000080031f88
core   0: 0x000000008000f530 (0x00006442) c.ldsp  s0, 16(sp)
core   0: 3 0x000000008000f530 (0x6442) x8  0x0000000080032040 mem 0x0000000080031f80
core   0: 0x000000008000f532 (0x00006105) c.addi16sp sp, 32
core   0: 3 0x000000008000f532 (0x6105) x2  0x0000000080031f90
core   0: 0x000000008000f534 (0x00008082) ret
core   0: 3 0x000000008000f534 (0x8082)
core   0: 0x000000008000f56c (0xf5842703) lw      a4, -168(s0)
core   0: 3 0x000000008000f56c (0xf5842703) x14 0x0000000000000001 mem 0x0000000080031f98
core   0: 0x000000008000f570 (0xf5c42783) lw      a5, -164(s0)
core   0: 3 0x000000008000f570 (0xf5c42783) x15 0x0000000000000000 mem 0x0000000080031f9c
core   0: 0x000000008000f574 (0x000085ba) c.mv    a1, a4
core   0: 3 0x000000008000f574 (0x85ba) x11 0x0000000000000001
core   0: 0x000000008000f576 (0x0000853e) c.mv    a0, a5
core   0: 3 0x000000008000f576 (0x853e) x10 0x0000000000000000
core   0: 0x000000008000f578 (0xf03ff0ef) jal     pc - 0xfe
core   0: 3 0x000000008000f578 (0xf03ff0ef) x1  0x000000008000f57c
core   0: >>>>  thread_entry
core   0: 0x000000008000f47a (0x00001101) c.addi  sp, -32
core   0: 3 0x000000008000f47a (0x1101) x2  0x0000000080031f70
core   0: 0x000000008000f47c (0x0000ec22) c.sdsp  s0, 24(sp)
core   0: 3 0x000000008000f47c (0xec22) mem 0x0000000080031f88 0x0000000080032040
core   0: 0x000000008000f47e (0x00001000) c.addi4spn s0, sp, 32
core   0: 3 0x000000008000f47e (0x1000) x8  0x0000000080031f90
core   0: 0x000000008000f480 (0x000087aa) c.mv    a5, a0
core   0: 3 0x000000008000f480 (0x87aa) x15 0x0000000000000000
core   0: 0x000000008000f482 (0x0000872e) c.mv    a4, a1
core   0: 3 0x000000008000f482 (0x872e) x14 0x0000000000000001
core   0: 0x000000008000f484 (0xfef42623) sw      a5, -20(s0)
core   0: 3 0x000000008000f484 (0xfef42623) mem 0x0000000080031f7c 0x00000000
core   0: 0x000000008000f488 (0x000087ba) c.mv    a5, a4
core   0: 3 0x000000008000f488 (0x87ba) x15 0x0000000000000001
core   0: 0x000000008000f48a (0xfef42423) sw      a5, -24(s0)
core   0: 3 0x000000008000f48a (0xfef42423) mem 0x0000000080031f78 0x00000001
core   0: 0x000000008000f48e (0x00000001) c.nop
core   0: 3 0x000000008000f48e (0x0001)
core   0: 0x000000008000f490 (0xfec42783) lw      a5, -20(s0)
core   0: 3 0x000000008000f490 (0xfec42783) x15 0x0000000000000000 mem 0x0000000080031f7c
core   0: 0x000000008000f494 (0x00002781) c.addiw a5, 0
core   0: 3 0x000000008000f494 (0x2781) x15 0x0000000000000000
core   0: 0x000000008000f496 (0x0000ffed) c.bnez  a5, pc - 6
core   0: 3 0x000000008000f496 (0xffed)
core   0: 0x000000008000f498 (0x00000001) c.nop
core   0: 3 0x000000008000f498 (0x0001)
core   0: 0x000000008000f49a (0x00000001) c.nop
core   0: 3 0x000000008000f49a (0x0001)
core   0: 0x000000008000f49c (0x00006462) c.ldsp  s0, 24(sp)
core   0: 3 0x000000008000f49c (0x6462) x8  0x0000000080032040 mem 0x0000000080031f88
core   0: 0x000000008000f49e (0x00006105) c.addi16sp sp, 32
core   0: 3 0x000000008000f49e (0x6105) x2  0x0000000080031f90
core   0: 0x000000008000f4a0 (0x00008082) ret
core   0: 3 0x000000008000f4a0 (0x8082)
core   0: 0x000000008000f57c (0x00004581) c.li    a1, 0
core   0: 3 0x000000008000f57c (0x4581) x11 0x0000000000000000
core   0: 0x000000008000f57e (0x00004501) c.li    a0, 0
core   0: 3 0x000000008000f57e (0x4501) x10 0x0000000000000000
core   0: 0x000000008000f580 (0xa81f20ef) jal     pc - 0xd580
core   0: 3 0x000000008000f580 (0xa81f20ef) x1  0x000000008000f584
core   0: >>>>  main
core   0: 0x0000000080002000 (0x00000001) c.nop
core   0: 3 0x0000000080002000 (0x0001)
core   0: >>>>  trap_vec_init
core   0: 0x0000000080002002 (0x00002797) auipc   a5, 0x2
core   0: 3 0x0000000080002002 (0x00002797) x15 0x0000000080004002
core   0: 0x0000000080002006 (0xffe78793) addi    a5, a5, -2
core   0: 3 0x0000000080002006 (0xffe78793) x15 0x0000000080004000
core   0: 0x000000008000200a (0x30579073) csrrw   zero, mtvec, a5
core   0: 3 0x000000008000200a (0x30579073) c773_mtvec 0x0000000080004000
core   0: >>>>  pmp_setup
core   0: 0x000000008000200e (0x00002c17) auipc   s8, 0x2
core   0: 3 0x000000008000200e (0x00002c17) x24 0x000000008000400e
core   0: 0x0000000080002012 (0x022c0c13) addi    s8, s8, 34
core   0: 3 0x0000000080002012 (0x022c0c13) x24 0x0000000080004030
core   0: 0x0000000080002016 (0x00004781) c.li    a5, 0
core   0: 3 0x0000000080002016 (0x4781) x15 0x0000000000000000
core   0: 0x0000000080002018 (0x00009c3e) c.add   s8, a5
core   0: 3 0x0000000080002018 (0x9c3e) x24 0x0000000080004030
core   0: 0x000000008000201a (0x3b0c1073) csrrw   zero, pmpaddr0, s8
core   0: 3 0x000000008000201a (0x3b0c1073) c944_pmpaddr0 0x0000000080004030
core   0: 0x000000008000201e (0x00004c3d) c.li    s8, 15
core   0: 3 0x000000008000201e (0x4c3d) x24 0x000000000000000f
core   0: 0x0000000080002020 (0x3a0c1073) csrrw   zero, pmpcfg0, s8
core   0: 3 0x0000000080002020 (0x3a0c1073) c928_pmpcfg0 0x000000000000000f
core   0: 0x0000000080002024 (0x12000073) sfence.vma zero, zero
core   0: 3 0x0000000080002024 (0x12000073)
core   0: >>>>  mepc_setup
core   0: 0x0000000080002028 (0x00002797) auipc   a5, 0x2
core   0: 3 0x0000000080002028 (0x00002797) x15 0x0000000080004028
core   0: 0x000000008000202c (0x00878793) addi    a5, a5, 8
core   0: 3 0x000000008000202c (0x00878793) x15 0x0000000080004030
core   0: 0x0000000080002030 (0x34179073) csrrw   zero, mepc, a5
core   0: 3 0x0000000080002030 (0x34179073) c833_mepc 0x0000000080004030
core   0: >>>>  custom_csr_setup
core   0: 0x0000000080002034 (0x00100f9b) addiw   t6, zero, 1
core   0: 3 0x0000000080002034 (0x00100f9b) x31 0x0000000000000001
core   0: 0x0000000080002038 (0x00000ffe) c.slli  t6, 31
core   0: 3 0x0000000080002038 (0x0ffe) x31 0x0000000080000000
core   0: 0x000000008000203a (0x00000001) c.nop
core   0: 3 0x000000008000203a (0x0001)
core   0: >>>>  init_s_mode
core   0: 0x000000008000203c (0xfff0079b) addiw   a5, zero, -1
core   0: 3 0x000000008000203c (0xfff0079b) x15 0xffffffffffffffff
core   0: 0x0000000080002040 (0x000017fe) c.slli  a5, 63
core   0: 3 0x0000000080002040 (0x17fe) x15 0x8000000000000000
core   0: 0x0000000080002042 (0x18079073) csrrw   zero, satp, a5
core   0: 3 0x0000000080002042 (0x18079073) c384_satp 0x8000000000000000
core   0: 0x0000000080002046 (0x0000f797) auipc   a5, 0xf
core   0: 3 0x0000000080002046 (0x0000f797) x15 0x0000000080011046
core   0: 0x000000008000204a (0xfba78793) addi    a5, a5, -70
core   0: 3 0x000000008000204a (0xfba78793) x15 0x0000000080011000
core   0: 0x000000008000204e (0x000083b1) c.srli  a5, 12
core   0: 3 0x000000008000204e (0x83b1) x15 0x0000000000080011
core   0: 0x0000000080002050 (0x0010061b) addiw   a2, zero, 1
core   0: 3 0x0000000080002050 (0x0010061b) x12 0x0000000000000001
core   0: 0x0000000080002054 (0x00001632) c.slli  a2, 44
core   0: 3 0x0000000080002054 (0x1632) x12 0x0000100000000000
core   0: 0x0000000080002056 (0x0000167d) c.addi  a2, -1
core   0: 3 0x0000000080002056 (0x167d) x12 0x00000fffffffffff
core   0: 0x0000000080002058 (0x00008ff1) c.and   a5, a2
core   0: 3 0x0000000080002058 (0x8ff1) x15 0x0000000000080011
core   0: 0x000000008000205a (0x1807a073) csrrs   zero, satp, a5
core   0: 3 0x000000008000205a (0x1807a073) c384_satp 0x8000000000080011
core   0: 0x000000008000205e (0x00a005b7) lui     a1, 0xa00
core   0: 3 0x000000008000205e (0x00a005b7) x11 0x0000000000a00000
core   0: 0x0000000080002062 (0x10b5859b) addiw   a1, a1, 267
core   0: 3 0x0000000080002062 (0x10b5859b) x11 0x0000000000a0010b
core   0: 0x0000000080002066 (0x000005b2) c.slli  a1, 12
core   0: 3 0x0000000080002066 (0x05b2) x11 0x0000000a0010b000
core   0: 0x0000000080002068 (0xa0058593) addi    a1, a1, -1536
core   0: 3 0x0000000080002068 (0xa0058593) x11 0x0000000a0010aa00
core   0: 0x000000008000206c (0x30059073) csrrw   zero, mstatus, a1
core   0: 3 0x000000008000206c (0x30059073) c768_mstatus 0x0000000a00102800
core   0: 0x0000000080002070 (0x30459073) csrrw   zero, mie, a1
core   0: 3 0x0000000080002070 (0x30459073) c772_mie 0x0000000000000a00
core   0: 0x0000000080002074 (0x00a005b7) lui     a1, 0xa00
core   0: 3 0x0000000080002074 (0x00a005b7) x11 0x0000000000a00000
core   0: 0x0000000080002078 (0x10b5859b) addiw   a1, a1, 267
core   0: 3 0x0000000080002078 (0x10b5859b) x11 0x0000000000a0010b
core   0: 0x000000008000207c (0x000005b2) c.slli  a1, 12
core   0: 3 0x000000008000207c (0x05b2) x11 0x0000000a0010b000
core   0: 0x000000008000207e (0xa0058593) addi    a1, a1, -1536
core   0: 3 0x000000008000207e (0xa0058593) x11 0x0000000a0010aa00
core   0: 0x0000000080002082 (0x10059073) csrrw   zero, sstatus, a1
core   0: 3 0x0000000080002082 (0x10059073) c768_mstatus 0x0000000a00102800
core   0: 0x0000000080002086 (0x10459073) csrrw   zero, sie, a1
core   0: 3 0x0000000080002086 (0x10459073) c772_mie 0x0000000000000a00
core   0: 0x000000008000208a (0x30200073) mret
core   0: 3 0x000000008000208a (0x30200073) c768_mstatus 0x0000000a00102080
core   0: >>>>  main_g
core   0: 0x0000000080004030 (0x1b047653) fdiv.d  fa2, fs0, fa6
core   0: 1 0x0000000080004030 (0x1b047653) c768_mstatus 0x8000000a00106080 f12 0x7ff8000000000000
core   0: 0x0000000080004034 (0x62557a43) fmadd.d fs4, fa0, ft5, fa2
core   0: 1 0x0000000080004034 (0x62557a43) f20 0x7ff8000000000000
core   0: 0x0000000080004038 (0x01449893) slli    a7, s1, 20
core   0: 1 0x0000000080004038 (0x01449893) x17 0x00080031fc000000
core   0: 0x000000008000403c (0x144b1b73) csrrw   s6, sip, s6
core   0: 1 0x000000008000403c (0x144b1b73) x22 0x0000000000000000 c836_mip 0x0000000000000080
core   0: 0x0000000080004040 (0x9d58e313) ori     t1, a7, -1579
core   0: 1 0x0000000080004040 (0x9d58e313) x6  0xfffffffffffff9d5
core   0: 0x0000000080004044 (0x4051073b) subw    a4, sp, t0
core   0: 1 0x0000000080004044 (0x4051073b) x14 0x0000000000031e6c
core   0: 0x0000000080004048 (0x0065d5bb) srlw    a1, a1, t1
core   0: 1 0x0000000080004048 (0x0065d5bb) x11 0x0000000000000000
core   0: 0x000000008000404c (0xc21d7653) fcvt.wu.d a2, fs10
core   0: 1 0x000000008000404c (0xc21d7653) c1_fflags 0x0000000000000010 x12 0xffffffffffffffff
core   0: 0x0000000080004050 (0x0018989b) slliw   a7, a7, 1
core   0: 1 0x0000000080004050 (0x0018989b) x17 0xfffffffff8000000
core   0: 0x0000000080004054 (0x22211753) fsgnjn.d fa4, ft2, ft2
core   0: 1 0x0000000080004054 (0x22211753) f14 0x7fffffff00000000
core   0: 0x0000000080004058 (0x418e5c33) sra     s8, t3, s8
core   0: 1 0x0000000080004058 (0x418e5c33) x24 0x0000000000000000
core   0: 0x000000008000405c (0x00091113) slli    sp, s2, 0
core   0: 1 0x000000008000405c (0x00091113) x2  0x0000000000000000
core   0: 0x0000000080004060 (0x02d15013) srli    zero, sp, 45
core   0: 1 0x0000000080004060 (0x02d15013)
core   0: 0x0000000080004064 (0x00000001) c.nop
core   0: 1 0x0000000080004064 (0x0001)
core   0: 0x0000000080004066 (0x03f25393) srli    t2, tp, 63
core   0: 1 0x0000000080004066 (0x03f25393) x7  0x0000000000000000
core   0: 0x000000008000406a (0x2b379653) fmax.d  fa2, fa5, fs3
core   0: 1 0x000000008000406a (0x2b379653) f12 0x7ff8000000000000
core   0: 0x000000008000406e (0x40308b33) sub     s6, ra, gp
core   0: 1 0x000000008000406e (0x40308b33) x22 0xffffffffffffcd5c
core   0: 0x0000000080004072 (0x4006d613) srai    a2, a3, 0
core   0: 1 0x0000000080004072 (0x4006d613) x12 0x0000000000000000
core   0: 0x0000000080004076 (0x037c3c33) mulhu   s8, s8, s7
core   0: 1 0x0000000080004076 (0x037c3c33) x24 0x0000000000000000
core   0: 0x000000008000407a (0x03c9dcbb) divuw   s9, s3, t3
core   0: 1 0x000000008000407a (0x03c9dcbb) x25 0xffffffffffffffff
core   0: 0x000000008000407e (0x0397f7b3) remu    a5, a5, s9
core   0: 1 0x000000008000407e (0x0397f7b3) x15 0x0000000000080011
core   0: 0x0000000080004082 (0xe20786d3) fmv.x.d a3, fa5
core   0: 1 0x0000000080004082 (0xe20786d3) x13 0xffffffff00000000
core   0: 0x0000000080004086 (0x0036dd1b) srliw   s10, a3, 3
core   0: 1 0x0000000080004086 (0x0036dd1b) x26 0x0000000000000000
core   0: 0x000000008000408a (0xc2267dd3) fcvt.l.d s11, fa2
core   0: 1 0x000000008000408a (0xc2267dd3) c1_fflags 0x0000000000000010 x27 0x7fffffffffffffff
core   0: 0x000000008000408e (0x0ff0000f) fence   iorw,iorw
core   0: 1 0x000000008000408e (0x0ff0000f)
core   0: 0x0000000080004092 (0xc227fbd3) fcvt.l.d s7, fa5
core   0: 1 0x0000000080004092 (0xc227fbd3) c1_fflags 0x0000000000000010 x23 0x7fffffffffffffff
core   0: 0x0000000080004096 (0x01ce4e33) xor     t3, t3, t3
core   0: 1 0x0000000080004096 (0x01ce4e33) x28 0x0000000000000000
core   0: 0x000000008000409a (0x037e1333) mulh    t1, t3, s7
core   0: 1 0x000000008000409a (0x037e1333) x6  0x0000000000000000
core   0: 0x000000008000409e (0x030da833) mulhsu  a6, s11, a6
core   0: 1 0x000000008000409e (0x030da833) x16 0x0000000000000000
core   0: 0x00000000800040a2 (0x02a29a33) mulh    s4, t0, a0
core   0: 1 0x00000000800040a2 (0x02a29a33) x20 0x0000000000000000
core   0: 0x00000000800040a6 (0xe20785d3) fmv.x.d a1, fa5
core   0: 1 0x00000000800040a6 (0xe20785d3) x11 0xffffffff00000000
core   0: 0x00000000800040aa (0x8f877d13) andi    s10, a4, -1800
core   0: 1 0x00000000800040aa (0x8f877d13) x26 0x0000000000031868
core   0: 0x00000000800040ae (0x032d6dbb) remw    s11, s10, s2
core   0: 1 0x00000000800040ae (0x032d6dbb) x27 0x0000000000031868
core   0: 0x00000000800040b2 (0xd231fa53) fcvt.d.lu fs4, gp
core   0: 1 0x00000000800040b2 (0xd231fa53) f20 0x41e0002505000000
core   0: 0x00000000800040b6 (0xa9baca93) xori    s5, s5, -1381
core   0: 1 0x00000000800040b6 (0xa9baca93) x21 0xfffffffffffffa9b
core   0: 0x00000000800040ba (0x02c675d3) fadd.d  fa1, fa2, fa2
core   0: 1 0x00000000800040ba (0x02c675d3) f11 0x7ff8000000000000
core   0: 0x00000000800040be (0x00a2171b) slliw   a4, tp, 10
core   0: 1 0x00000000800040be (0x00a2171b) x14 0x0000000004810000
core   0: 0x00000000800040c2 (0x00119d3b) sllw    s10, gp, ra
core   0: 1 0x00000000800040c2 (0x00119d3b) x26 0x0000000000128280
core   0: 0x00000000800040c6 (0x0345bab3) mulhu   s5, a1, s4
core   0: 1 0x00000000800040c6 (0x0345bab3) x21 0x0000000000000000
core   0: 0x00000000800040ca (0x0b437453) fsub.d  fs0, ft6, fs4
core   0: 1 0x00000000800040ca (0x0b437453) f8  0x7ff8000000000000
core   0: 0x00000000800040ce (0x025d1c93) slli    s9, s10, 37
core   0: 1 0x00000000800040ce (0x025d1c93) x25 0x0250500000000000
core   0: 0x00000000800040d2 (0x92e9f9c3) fmadd.d fs3, fs3, fa4, fs2
core   0: 1 0x00000000800040d2 (0x92e9f9c3) f19 0x7ff8000000000000
core   0: 0x00000000800040d6 (0x3ccc8337) lui     t1, 0x3ccc8
core   0: 1 0x00000000800040d6 (0x3ccc8337) x6  0x000000003ccc8000
core   0: 0x00000000800040da (0x7648f693) andi    a3, a7, 1892
core   0: 1 0x00000000800040da (0x7648f693) x13 0x0000000000000000
core   0: 0x00000000800040de (0x61018513) addi    a0, gp, 1552
core   0: 1 0x00000000800040de (0x61018513) x10 0x0000000080012e38
core   0: 0x00000000800040e2 (0x7ff3009b) addiw   ra, t1, 2047
core   0: 1 0x00000000800040e2 (0x7ff3009b) x1  0x000000003ccc87ff
core   0: 0x00000000800040e6 (0x0001c993) xori    s3, gp, 0
core   0: 1 0x00000000800040e6 (0x0001c993) x19 0x0000000080012828
core   0: 0x00000000800040ea (0x40ecdd33) sra     s10, s9, a4
core   0: 1 0x00000000800040ea (0x40ecdd33) x26 0x0250500000000000
core   0: 0x00000000800040ee (0x0055c733) xor     a4, a1, t0
core   0: 1 0x00000000800040ee (0x0055c733) x14 0xffffffff80000124
core   0: 0x00000000800040f2 (0xd225fd53) fcvt.d.l fs10, a1
core   0: 1 0x00000000800040f2 (0xd225fd53) f26 0xc1f0000000000000
core   0: 0x00000000800040f6 (0x01871913) slli    s2, a4, 24
core   0: 1 0x00000000800040f6 (0x01871913) x18 0xff80000124000000
core   0: 0x00000000800040fa (0xa2287143) fmadd.d ft2, fa6, ft2, fs4
core   0: 1 0x00000000800040fa (0xa2287143) f2  0x7ff8000000000000
core   0: 0x00000000800040fe (0x40cc5033) sra     zero, s8, a2
core   0: 1 0x00000000800040fe (0x40cc5033)
core   0: 0x0000000080004102 (0x0078d513) srli    a0, a7, 7
core   0: 1 0x0000000080004102 (0x0078d513) x10 0x01fffffffff00000
core   0: 0x0000000080004106 (0xd0367bd3) fcvt.s.lu fs7, a2
core   0: 1 0x0000000080004106 (0xd0367bd3) f23 0xffffffff00000000
core   0: 0x000000008000410a (0x43ee5e93) srai    t4, t3, 62
core   0: 1 0x000000008000410a (0x43ee5e93) x29 0x0000000000000000
core   0: 0x000000008000410e (0x403401bb) subw    gp, s0, gp
core   0: 1 0x000000008000410e (0x403401bb) x3  0x000000000001f818
core   0: 0x0000000080004112 (0x00102973) csrrs   s2, fflags, zero
core   0: 1 0x0000000080004112 (0x00102973) x18 0x0000000000000010
core   0: 0x0000000080004116 (0x0162c833) xor     a6, t0, s6
core   0: 1 0x0000000080004116 (0x0162c833) x16 0xffffffff7fffcc78
core   0: 0x000000008000411a (0x021505b3) mul     a1, a0, ra
core   0: 1 0x000000008000411a (0x021505b3) x11 0xfdfc333780100000
core   0: 0x000000008000411e (0xd23bfad3) fcvt.d.lu fs5, s7
core   0: 1 0x000000008000411e (0xd23bfad3) c1_fflags 0x0000000000000011 f21 0x43e0000000000000
core   0: 0x0000000080004122 (0x00102573) csrrs   a0, fflags, zero
core   0: 1 0x0000000080004122 (0x00102573) x10 0x0000000000000011
core   0: 0x0000000080004126 (0xe20d8653) fmv.x.d a2, fs11
core   0: 1 0x0000000080004126 (0xe20d8653) x12 0xffffffff00000000
core   0: 0x000000008000412a (0x02c179b3) remu    s3, sp, a2
core   0: 1 0x000000008000412a (0x02c179b3) x19 0x0000000000000000
core   0: 0x000000008000412e (0xc02bfbd3) fcvt.l.s s7, fs7
core   0: 1 0x000000008000412e (0xc02bfbd3) x23 0x0000000000000000
core   0: 0x0000000080004132 (0x52a0f44b) fnmsub.d fs0, ft1, fa0, fa0
core   0: 1 0x0000000080004132 (0x52a0f44b) f8  0x7ff8000000000000
core   0: 0x0000000080004136 (0x001029f3) csrrs   s3, fflags, zero
core   0: 1 0x0000000080004136 (0x001029f3) x19 0x0000000000000011
core   0: 0x000000008000413a (0xc03573d3) fcvt.lu.s t2, fa0
core   0: 1 0x000000008000413a (0xc03573d3) x7  0x0000000000000000
core   0: 0x000000008000413e (0x7ffb8e1b) addiw   t3, s7, 2047
core   0: 1 0x000000008000413e (0x7ffb8e1b) x28 0x00000000000007ff
core   0: 0x0000000080004142 (0xc22a7ed3) fcvt.l.d t4, fs4
core   0: 1 0x0000000080004142 (0xc22a7ed3) x29 0x0000000080012828
core   0: 0x0000000080004146 (0x0aa57553) fsub.d  fa0, fa0, fa0
core   0: 1 0x0000000080004146 (0x0aa57553) f10 0x7ff8000000000000
core   0: 0x000000008000414a (0x80040193) addi    gp, s0, -2048
core   0: 1 0x000000008000414a (0x80040193) x3  0x0000000080031840
core   0: 0x000000008000414e (0xd20188d3) fcvt.d.w fa7, gp
core   0: 1 0x000000008000414e (0xd20188d3) f17 0xc1dfff39f0000000
core   0: 0x0000000080004152 (0xc2157753) fcvt.wu.d a4, fa0
core   0: 1 0x0000000080004152 (0xc2157753) c1_fflags 0x0000000000000011 x14 0xffffffffffffffff
core   0: 0x0000000080004156 (0x5a0ff8d3) fsqrt.d fa7, ft11
core   0: 1 0x0000000080004156 (0x5a0ff8d3) f17 0x7ff8000000000000
core   0: 0x000000008000415a (0x42028353) fcvt.d.s ft6, ft5
core   0: 1 0x000000008000415a (0x42028353) f6  0x0000000000000000
core   0: 0x000000008000415e (0x418c8433) sub     s0, s9, s8
core   0: 1 0x000000008000415e (0x418c8433) x8  0x0250500000000000
core   0: 0x0000000080004162 (0xf20c07d3) fmv.d.x fa5, s8
core   0: 1 0x0000000080004162 (0xf20c07d3) f15 0x0000000000000000
core   0: 0x0000000080004166 (0x00f57933) and     s2, a0, a5
core   0: 1 0x0000000080004166 (0x00f57933) x18 0x0000000000000011
core   0: 0x000000008000416a (0x53ea6d17) auipc   s10, 0x53ea6
core   0: 1 0x000000008000416a (0x53ea6d17) x26 0x00000000d3eaa16a
core   0: 0x000000008000416e (0x8a0c0a17) auipc   s4, 0x8a0c0
core   0: 1 0x000000008000416e (0x8a0c0a17) x20 0x000000000a0c416e
core   0: 0x0000000080004172 (0x43d0f2c7) fmsub.d ft5, ft1, ft9, fs0
core   0: 1 0x0000000080004172 (0x43d0f2c7) f5  0x7ff8000000000000
core   0: 0x0000000080004176 (0x005ed2b3) srl     t0, t4, t0
core   0: 1 0x0000000080004176 (0x005ed2b3) x5  0x0000000000000000
core   0: 0x000000008000417a (0xc2167653) fcvt.wu.d a2, fa2
core   0: 1 0x000000008000417a (0xc2167653) c1_fflags 0x0000000000000011 x12 0xffffffffffffffff
core   0: 0x000000008000417e (0x02f191b3) mulh    gp, gp, a5
core   0: 1 0x000000008000417e (0x02f191b3) x3  0x0000000000000000
core   0: 0x0000000080004182 (0xf21365b7) lui     a1, 0xf2136
core   0: 1 0x0000000080004182 (0xf21365b7) x11 0xfffffffff2136000
core   0: 0x0000000080004186 (0x01d5a3b3) slt     t2, a1, t4
core   0: 1 0x0000000080004186 (0x01d5a3b3) x7  0x0000000000000001
core   0: 0x000000008000418a (0x03aa76d3) fadd.d  fa3, fs4, fs10
core   0: 1 0x000000008000418a (0x03aa76d3) f13 0xc1dfffb5f6000000
core   0: 0x000000008000418e (0x034a4e33) div     t3, s4, s4
core   0: 1 0x000000008000418e (0x034a4e33) x28 0x0000000000000001
core   0: 0x0000000080004192 (0x22d80053) fsgnj.d ft0, fa6, fa3
core   0: 1 0x0000000080004192 (0x22d80053) f0  0xffffffff00000000
core   0: 0x0000000080004196 (0xd20a0e53) fcvt.d.w ft8, s4
core   0: 1 0x0000000080004196 (0xd20a0e53) f28 0x41a41882dc000000
core   0: 0x000000008000419a (0xa2548253) fle.d   tp, fs1, ft5
core   0: 1 0x000000008000419a (0xa2548253) c1_fflags 0x0000000000000011 x4  0x0000000000000000
core   0: 0x000000008000419e (0x0ff0000f) fence   iorw,iorw
core   0: 1 0x000000008000419e (0x0ff0000f)
core   0: 0x00000000800041a2 (0x97e0039b) addiw   t2, zero, -1666
core   0: 1 0x00000000800041a2 (0x97e0039b) x7  0xfffffffffffff97e
core   0: 0x00000000800041a6 (0xc027f453) fcvt.l.s s0, fa5
core   0: 1 0x00000000800041a6 (0xc027f453) c1_fflags 0x0000000000000011 x8  0x7fffffffffffffff
core   0: 0x00000000800041aa (0x007b85b3) add     a1, s7, t2
core   0: 1 0x00000000800041aa (0x007b85b3) x11 0xfffffffffffff97e
core   0: 0x00000000800041ae (0x403c84bb) subw    s1, s9, gp
core   0: 1 0x00000000800041ae (0x403c84bb) x9  0x0000000000000000
core   0: 0x00000000800041b2 (0x00109033) sll     zero, ra, ra
core   0: 1 0x00000000800041b2 (0x00109033)
core   0: 0x00000000800041b6 (0xfc69f993) andi    s3, s3, -58
core   0: 1 0x00000000800041b6 (0xfc69f993) x19 0x0000000000000000
core   0: 0x00000000800041ba (0x000080f2) c.mv    ra, t3
core   0: 1 0x00000000800041ba (0x80f2) x1  0x0000000000000001
core   0: 0x00000000800041bc (0x013e131b) slliw   t1, t3, 19
core   0: 1 0x00000000800041bc (0x013e131b) x6  0x0000000000080000
core   0: 0x00000000800041c0 (0x00102ef3) csrrs   t4, fflags, zero
core   0: 1 0x00000000800041c0 (0x00102ef3) x29 0x0000000000000011
core   0: 0x00000000800041c4 (0x03f01013) slli    zero, zero, 63
core   0: 1 0x00000000800041c4 (0x03f01013)
core   0: 0x00000000800041c8 (0xc2037853) fcvt.w.d a6, ft6
core   0: 1 0x00000000800041c8 (0xc2037853) x16 0x0000000000000000
core   0: 0x00000000800041cc (0xd02af653) fcvt.s.l fa2, s5
core   0: 1 0x00000000800041cc (0xd02af653) f12 0xffffffff00000000
core   0: 0x00000000800041d0 (0x1aea7a53) fdiv.d  fs4, fs4, fa4
core   0: 1 0x00000000800041d0 (0x1aea7a53) f20 0x7ff8000000000000
core   0: 0x00000000800041d4 (0xffbf2737) lui     a4, 0xffbf2
core   0: 1 0x00000000800041d4 (0xffbf2737) x14 0xffffffffffbf2000
core   0: 0x00000000800041d8 (0x4c37071b) addiw   a4, a4, 1219
core   0: 1 0x00000000800041d8 (0x4c37071b) x14 0xffffffffffbf24c3
core   0: 0x00000000800041dc (0x00000742) c.slli  a4, 16
core   0: 1 0x00000000800041dc (0x0742) x14 0xffffffbf24c30000
core   0: 0x00000000800041de (0xd5c70713) addi    a4, a4, -676
core   0: 1 0x00000000800041de (0xd5c70713) x14 0xffffffbf24c2fd5c
core   0: 0x00000000800041e2 (0x800b0b1b) addiw   s6, s6, -2048
core   0: 1 0x00000000800041e2 (0x800b0b1b) x22 0xffffffffffffc55c
core   0: 0x00000000800041e6 (0x038deabb) remw    s5, s11, s8
core   0: 1 0x00000000800041e6 (0x038deabb) x21 0x0000000000031868
core   0: 0x00000000800041ea (0x0003889b) sext.w  a7, t2
core   0: 1 0x00000000800041ea (0x0003889b) x17 0xfffffffffffff97e
core   0: 0x00000000800041ee (0x0097f5b7) lui     a1, 0x97f
core   0: 1 0x00000000800041ee (0x0097f5b7) x11 0x000000000097f000
core   0: 0x00000000800041f2 (0x2db5859b) addiw   a1, a1, 731
core   0: 1 0x00000000800041f2 (0x2db5859b) x11 0x000000000097f2db
core   0: 0x00000000800041f6 (0x000005b6) c.slli  a1, 13
core   0: 1 0x00000000800041f6 (0x05b6) x11 0x00000012fe5b6000
core   0: 0x00000000800041f8 (0x30358593) addi    a1, a1, 771
core   0: 1 0x00000000800041f8 (0x30358593) x11 0x00000012fe5b6303
core   0: 0x00000000800041fc (0xb0cde793) ori     a5, s11, -1268
core   0: 1 0x00000000800041fc (0xb0cde793) x15 0xfffffffffffffb6c
core   0: 0x0000000080004200 (0x41a5d493) srai    s1, a1, 26
core   0: 1 0x0000000080004200 (0x41a5d493) x9  0x00000000000004bf
core   0: 0x0000000080004204 (0x0218e6b3) rem     a3, a7, ra
core   0: 1 0x0000000080004204 (0x0218e6b3) x13 0x0000000000000000
core   0: 0x0000000080004208 (0x02d7b733) mulhu   a4, a5, a3
core   0: 1 0x0000000080004208 (0x02d7b733) x14 0x0000000000000000
core   0: 0x000000008000420c (0x35c1889b) addiw   a7, gp, 860
core   0: 1 0x000000008000420c (0x35c1889b) x17 0x000000000000035c
core   0: 0x0000000080004210 (0x0352d13b) divuw   sp, t0, s5
core   0: 1 0x0000000080004210 (0x0352d13b) x2  0x0000000000000000
core   0: 0x0000000080004214 (0x7da017b7) lui     a5, 0x7da01
core   0: 1 0x0000000080004214 (0x7da017b7) x15 0x000000007da01000
core   0: 0x0000000080004218 (0x002291f3) csrrw   gp, frm, t0
core   0: 1 0x0000000080004218 (0x002291f3) x3  0x0000000000000000 c2_frm 0x0000000000000000
core   0: 0x000000008000421c (0x0397e633) rem     a2, a5, s9
core   0: 1 0x000000008000421c (0x0397e633) x12 0x000000007da01000
core   0: 0x0000000080004220 (0x1b487d53) fdiv.d  fs10, fa6, fs4
core   0: 1 0x0000000080004220 (0x1b487d53) f26 0x7ff8000000000000
core   0: 0x0000000080004224 (0x00e2a2b3) slt     t0, t0, a4
core   0: 1 0x0000000080004224 (0x00e2a2b3) x5  0x0000000000000000
core   0: 0x0000000080004228 (0x7ff17d93) andi    s11, sp, 2047
core   0: 1 0x0000000080004228 (0x7ff17d93) x27 0x0000000000000000
core   0: 0x000000008000422c (0x239696d3) fsgnjn.d fa3, fa3, fs9
core   0: 1 0x000000008000422c (0x239696d3) f13 0x41dfffb5f6000000
core   0: 0x0000000080004230 (0x405806b3) sub     a3, a6, t0
core   0: 1 0x0000000080004230 (0x405806b3) x13 0x0000000000000000
core   0: 0x0000000080004234 (0x407a03b3) sub     t2, s4, t2
core   0: 1 0x0000000080004234 (0x407a03b3) x7  0x000000000a0c47f0
core   0: 0x0000000080004238 (0x41c85e9b) sraiw   t4, a6, 28
core   0: 1 0x0000000080004238 (0x41c85e9b) x29 0x0000000000000000
core   0: 0x000000008000423c (0x228c1c53) fsgnjn.d fs8, fs8, fs0
core   0: 1 0x000000008000423c (0x228c1c53) f24 0xffffffff00000000
core   0: 0x0000000080004240 (0x12bafe53) fmul.d  ft8, fs5, fa1
core   0: 1 0x0000000080004240 (0x12bafe53) f28 0x7ff8000000000000
core   0: 0x0000000080004244 (0x010e183b) sllw    a6, t3, a6
core   0: 1 0x0000000080004244 (0x010e183b) x16 0x0000000000000001
core   0: 0x0000000080004248 (0xc2b3f5cf) fnmadd.d fa1, ft7, fa1, fs8
core   0: 1 0x0000000080004248 (0xc2b3f5cf) f11 0x7ff8000000000000
core   0: 0x000000008000424c (0xc21e7ad3) fcvt.wu.d s5, ft8
core   0: 1 0x000000008000424c (0xc21e7ad3) c1_fflags 0x0000000000000011 x21 0xffffffffffffffff
core   0: 0x0000000080004250 (0x4108513b) sraw    sp, a6, a6
core   0: 1 0x0000000080004250 (0x4108513b) x2  0x0000000000000000
core   0: 0x0000000080004254 (0xc3ae7047) fmsub.d ft0, ft8, fs10, fs8
core   0: 1 0x0000000080004254 (0xc3ae7047) f0  0x7ff8000000000000
core   0: 0x0000000080004258 (0x2abd94d3) fmax.d  fs1, fs11, fa1
core   0: 1 0x0000000080004258 (0x2abd94d3) f9  0x7ff8000000000000
core   0: 0x000000008000425c (0x0067d7bb) srlw    a5, a5, t1
core   0: 1 0x000000008000425c (0x0067d7bb) x15 0x000000007da01000
core   0: 0x0000000080004260 (0xa3b01253) flt.d   tp, ft0, fs11
core   0: 1 0x0000000080004260 (0xa3b01253) c1_fflags 0x0000000000000011 x4  0x0000000000000000
core   0: 0x0000000080004264 (0x2bff9bd3) fmax.d  fs7, ft11, ft11
core   0: 1 0x0000000080004264 (0x2bff9bd3) f23 0x7ff8000000000000
core   0: 0x0000000080004268 (0xd2287b53) fcvt.d.l fs6, a6
core   0: 1 0x0000000080004268 (0xd2287b53) f22 0x3ff0000000000000
core   0: 0x000000008000426c (0x0ff0000f) fence   iorw,iorw
core   0: 1 0x000000008000426c (0x0ff0000f)
core   0: 0x0000000080004270 (0x00102173) csrrs   sp, fflags, zero
core   0: 1 0x0000000080004270 (0x00102173) x2  0x0000000000000011
core   0: 0x0000000080004274 (0x238c0f53) fsgnj.d ft10, fs8, fs8
core   0: 1 0x0000000080004274 (0x238c0f53) f30 0xffffffff00000000
core   0: 0x0000000080004278 (0x00dc64b3) or      s1, s8, a3
core   0: 1 0x0000000080004278 (0x00dc64b3) x9  0x0000000000000000
core   0: 0x000000008000427c (0x002d9bf3) csrrw   s7, frm, s11
core   0: 1 0x000000008000427c (0x002d9bf3) x23 0x0000000000000000 c2_frm 0x0000000000000000
core   0: 0x0000000080004280 (0x002025f3) csrrs   a1, frm, zero
core   0: 1 0x0000000080004280 (0x002025f3) x11 0x0000000000000000
core   0: 0x0000000080004284 (0x5a0afad3) fsqrt.d fs5, fs5
core   0: 1 0x0000000080004284 (0x5a0afad3) c1_fflags 0x0000000000000011 f21 0x41e6a09e667f3bcd
core   0: 0x0000000080004288 (0x9aa47cc3) fmadd.d fs9, fs0, fa0, fs3
core   0: 1 0x0000000080004288 (0x9aa47cc3) f25 0x7ff8000000000000
core   0: 0x000000008000428c (0x00721c9b) slliw   s9, tp, 7
core   0: 1 0x000000008000428c (0x00721c9b) x25 0x0000000000000000
core   0: 0x0000000080004290 (0xc22cf853) fcvt.l.d a6, fs9
core   0: 1 0x0000000080004290 (0xc22cf853) c1_fflags 0x0000000000000011 x16 0x7fffffffffffffff
core   0: 0x0000000080004294 (0x00119573) csrrw   a0, fflags, gp
core   0: 1 0x0000000080004294 (0x00119573) x10 0x0000000000000011 c1_fflags 0x0000000000000000
core   0: 0x0000000080004298 (0xd039f053) fcvt.s.lu ft0, s3
core   0: 1 0x0000000080004298 (0xd039f053) f0  0xffffffff00000000
core   0: 0x000000008000429c (0xf2050dd3) fmv.d.x fs11, a0
core   0: 1 0x000000008000429c (0xf2050dd3) f27 0x0000000000000011
core   0: 0x00000000800042a0 (0xe2079453) fclass.d s0, fa5
core   0: 1 0x00000000800042a0 (0xe2079453) x8  0x0000000000000010
core   0: 0x00000000800042a4 (0x0019c993) xori    s3, s3, 1
core   0: 1 0x00000000800042a4 (0x0019c993) x19 0x0000000000000001
core   0: 0x00000000800042a8 (0x00035c1b) srliw   s8, t1, 0
core   0: 1 0x00000000800042a8 (0x00035c1b) x24 0x0000000000080000
core   0: 0x00000000800042ac (0x01841433) sll     s0, s0, s8
core   0: 1 0x00000000800042ac (0x01841433) x8  0x0000000000000010
core   0: 0x00000000800042b0 (0x00000001) c.nop
core   0: 1 0x00000000800042b0 (0x0001)
core   0: 0x00000000800042b2 (0x0333ca33) div     s4, t2, s3
core   0: 1 0x00000000800042b2 (0x0333ca33) x20 0x000000000a0c47f0
core   0: 0x00000000800042b6 (0x02b90733) mul     a4, s2, a1
core   0: 1 0x00000000800042b6 (0x02b90733) x14 0x0000000000000000
core   0: 0x00000000800042ba (0x8007c013) xori    zero, a5, -2048
core   0: 1 0x00000000800042ba (0x8007c013)
core   0: 0x00000000800042be (0x54816497) auipc   s1, 0x54816
core   0: 1 0x00000000800042be (0x54816497) x9  0x00000000d481a2be
core   0: 0x00000000800042c2 (0x02aa0e3b) mulw    t3, s4, a0
core   0: 1 0x00000000800042c2 (0x02aa0e3b) x28 0xffffffffaad0c6f0
core   0: 0x00000000800042c6 (0xc20b7b53) fcvt.w.d s6, fs6
core   0: 1 0x00000000800042c6 (0xc20b7b53) x22 0x0000000000000001
core   0: 0x00000000800042ca (0x01a70a3b) addw    s4, a4, s10
core   0: 1 0x00000000800042ca (0x01a70a3b) x20 0xffffffffd3eaa16a
core   0: 0x00000000800042ce (0xfb0dfec7) fmsub.d ft9, fs11, fa6, ft11
core   0: 1 0x00000000800042ce (0xfb0dfec7) f29 0x7ff8000000000000
core   0: 0x00000000800042d2 (0x02d6d33b) divuw   t1, a3, a3
core   0: 1 0x00000000800042d2 (0x02d6d33b) x6  0xffffffffffffffff
core   0: 0x00000000800042d6 (0x03d0d693) srli    a3, ra, 61
core   0: 1 0x00000000800042d6 (0x03d0d693) x13 0x0000000000000000
core   0: 0x00000000800042da (0xd23571d3) fcvt.d.lu ft3, a0
core   0: 1 0x00000000800042da (0xd23571d3) f3  0x4031000000000000
core   0: 0x00000000800042de (0x00000733) add     a4, zero, zero
core   0: 1 0x00000000800042de (0x00000733) x14 0x0000000000000000
core   0: 0x00000000800042e2 (0x008b82bb) addw    t0, s7, s0
core   0: 1 0x00000000800042e2 (0x008b82bb) x5  0x0000000000000010
core   0: 0x00000000800042e6 (0x93c50513) addi    a0, a0, -1732
core   0: 1 0x00000000800042e6 (0x93c50513) x10 0xfffffffffffff94d
core   0: 0x00000000800042ea (0x0176503b) srlw    zero, a2, s7
core   0: 1 0x00000000800042ea (0x0176503b)
core   0: 0x00000000800042ee (0x0011101b) slliw   zero, sp, 1
core   0: 1 0x00000000800042ee (0x0011101b)
core   0: 0x00000000800042f2 (0x032ade93) srli    t4, s5, 50
core   0: 1 0x00000000800042f2 (0x032ade93) x29 0x0000000000003fff
core   0: 0x00000000800042f6 (0x00a0aab3) slt     s5, ra, a0
core   0: 1 0x00000000800042f6 (0x00a0aab3) x21 0x0000000000000000
core   0: 0x00000000800042fa (0x00236733) or      a4, t1, sp
core   0: 1 0x00000000800042fa (0x00236733) x14 0xffffffffffffffff
core   0: 0x00000000800042fe (0x0022d29b) srliw   t0, t0, 2
core   0: 1 0x00000000800042fe (0x0022d29b) x5  0x0000000000000004
core   0: 0x0000000080004302 (0x00410eb3) add     t4, sp, tp
core   0: 1 0x0000000080004302 (0x00410eb3) x29 0x0000000000000011
core   0: 0x0000000080004306 (0xc2267453) fcvt.l.d s0, fa2
core   0: 1 0x0000000080004306 (0xc2267453) c1_fflags 0x0000000000000010 x8  0x7fffffffffffffff
core   0: 0x000000008000430a (0x02956db3) rem     s11, a0, s1
core   0: 1 0x000000008000430a (0x02956db3) x27 0xfffffffffffff94d
core   0: 0x000000008000430e (0x03a1dbb3) divu    s7, gp, s10
core   0: 1 0x000000008000430e (0x03a1dbb3) x23 0x0000000000000000
core   0: 0x0000000080004312 (0x0031c6b3) xor     a3, gp, gp
core   0: 1 0x0000000080004312 (0x0031c6b3) x13 0x0000000000000000
core   0: 0x0000000080004316 (0xd20b8c53) fcvt.d.w fs8, s7
core   0: 1 0x0000000080004316 (0xd20b8c53) f24 0x0000000000000000
core   0: 0x000000008000431a (0x00710c33) add     s8, sp, t2
core   0: 1 0x000000008000431a (0x00710c33) x24 0x000000000a0c4801
core   0: 0x000000008000431e (0x032c783b) remuw   a6, s8, s2
core   0: 1 0x000000008000431e (0x032c783b) x16 0x000000000000000a
core   0: 0x0000000080004322 (0x02cdf333) remu    t1, s11, a2
core   0: 1 0x0000000080004322 (0x02cdf333) x6  0x000000000800b94d
core   0: 0x0000000080004326 (0x40240dbb) subw    s11, s0, sp
core   0: 1 0x0000000080004326 (0x40240dbb) x27 0xffffffffffffffee
core   0: 0x000000008000432a (0x002891f3) csrrw   gp, frm, a7
core   0: 1 0x000000008000432a (0x002891f3) x3  0x0000000000000000 c2_frm 0x0000000000000004
core   0: 0x000000008000432e (0xc21cf753) fcvt.wu.d a4, fs9
core   0: 1 0x000000008000432e (0xc21cf753) c1_fflags 0x0000000000000010 x14 0xffffffffffffffff
core   0: 0x0000000080004332 (0x1bdd77d3) fdiv.d  fa5, fs10, ft9
core   0: 1 0x0000000080004332 (0x1bdd77d3) f15 0x7ff8000000000000
core   0: 0x0000000080004336 (0x029a6a33) rem     s4, s4, s1
core   0: 1 0x0000000080004336 (0x029a6a33) x20 0xffffffffd3eaa16a
core   0: 0x000000008000433a (0x000a161b) slliw   a2, s4, 0
core   0: 1 0x000000008000433a (0x000a161b) x12 0xffffffffd3eaa16a
core   0: 0x000000008000433e (0x401c5593) srai    a1, s8, 1
core   0: 1 0x000000008000433e (0x401c5593) x11 0x0000000005062400
core   0: 0x0000000080004342 (0x2b401e53) fmax.d  ft8, ft0, fs4
core   0: 1 0x0000000080004342 (0x2b401e53) f28 0x7ff8000000000000
core   0: 0x0000000080004346 (0x00551533) sll     a0, a0, t0
core   0: 1 0x0000000080004346 (0x00551533) x10 0xffffffffffff94d0
core   0: 0x000000008000434a (0xd223f2d3) fcvt.d.l ft5, t2
core   0: 1 0x000000008000434a (0xd223f2d3) f5  0x41a4188fe0000000
core   0: 0x000000008000434e (0xd03c7053) fcvt.s.lu ft0, s8
core   0: 1 0x000000008000434e (0xd03c7053) c1_fflags 0x0000000000000011 f0  0xffffffff4d20c480
core   0: 0x0000000080004352 (0xd025f653) fcvt.s.l fa2, a1
core   0: 1 0x0000000080004352 (0xd025f653) f12 0xffffffff4ca0c480
core   0: 0x0000000080004356 (0x02214ab3) div     s5, sp, sp
core   0: 1 0x0000000080004356 (0x02214ab3) x21 0x0000000000000001
core   0: 0x000000008000435a (0x01b152bb) srlw    t0, sp, s11
core   0: 1 0x000000008000435a (0x01b152bb) x5  0x0000000000000000
core   0: 0x000000008000435e (0x00202c73) csrrs   s8, frm, zero
core   0: 1 0x000000008000435e (0x00202c73) x24 0x0000000000000004
core   0: 0x0000000080004362 (0x1a5b7ed3) fdiv.d  ft9, fs6, ft5
core   0: 1 0x0000000080004362 (0x1a5b7ed3) c1_fflags 0x0000000000000011 f29 0x3e397a4f8bdf1e0f
core   0: 0x0000000080004366 (0x03d77453) fadd.d  fs0, fa4, ft9
core   0: 1 0x0000000080004366 (0x03d77453) f8  0x7ff8000000000000
core   0: 0x000000008000436a (0x1663eb93) ori     s7, t2, 358
core   0: 1 0x000000008000436a (0x1663eb93) x23 0x000000000a0c47f6
core   0: 0x000000008000436e (0xc034fed3) fcvt.lu.s t4, fs1
core   0: 1 0x000000008000436e (0xc034fed3) c1_fflags 0x0000000000000011 x29 0xffffffffffffffff
core   0: 0x0000000080004372 (0x03beca33) div     s4, t4, s11
core   0: 1 0x0000000080004372 (0x03beca33) x20 0x0000000000000000
core   0: 0x0000000080004376 (0xa2070bd3) fle.d   s7, fa4, ft0
core   0: 1 0x0000000080004376 (0xa2070bd3) c1_fflags 0x0000000000000011 x23 0x0000000000000000
core   0: 0x000000008000437a (0x00c16133) or      sp, sp, a2
core   0: 1 0x000000008000437a (0x00c16133) x2  0xffffffffd3eaa17b
core   0: 0x000000008000437e (0x0208e6bb) remw    a3, a7, zero
core   0: 1 0x000000008000437e (0x0208e6bb) x13 0x000000000000035c
core   0: 0x0000000080004382 (0xe2000ed3) fmv.x.d t4, ft0
core   0: 1 0x0000000080004382 (0xe2000ed3) x29 0xffffffff4d20c480
core   0: 0x0000000080004386 (0x00f79c33) sll     s8, a5, a5
core   0: 1 0x0000000080004386 (0x00f79c33) x24 0x000000007da01000
core   0: 0x000000008000438a (0xc0207a53) fcvt.l.s s4, ft0
core   0: 1 0x000000008000438a (0xc0207a53) x20 0x000000000a0c4800
core   0: 0x000000008000438e (0x40a25213) srai    tp, tp, 10
core   0: 1 0x000000008000438e (0x40a25213) x4  0x0000000000000000
core   0: 0x0000000080004392 (0x80067613) andi    a2, a2, -2048
core   0: 1 0x0000000080004392 (0x80067613) x12 0xffffffffd3eaa000
core   0: 0x0000000080004396 (0xc20b7ed3) fcvt.w.d t4, fs6
core   0: 1 0x0000000080004396 (0xc20b7ed3) x29 0x0000000000000001
core   0: 0x000000008000439a (0x2b4e92d3) fmax.d  ft5, ft9, fs4
core   0: 1 0x000000008000439a (0x2b4e92d3) f5  0x3e397a4f8bdf1e0f
core   0: 0x000000008000439e (0x000b9413) slli    s0, s7, 0
core   0: 1 0x000000008000439e (0x000b9413) x8  0x0000000000000000
core   0: 0x00000000800043a2 (0xe2070253) fmv.x.d tp, fa4
core   0: 1 0x00000000800043a2 (0xe2070253) x4  0x7fffffff00000000
core   0: 0x00000000800043a6 (0x40d888bb) subw    a7, a7, a3
core   0: 1 0x00000000800043a6 (0x40d888bb) x17 0x0000000000000000
core   0: 0x00000000800043aa (0xc22476d3) fcvt.l.d a3, fs0
core   0: 1 0x00000000800043aa (0xc22476d3) c1_fflags 0x0000000000000011 x13 0x7fffffffffffffff
core   0: 0x00000000800043ae (0x00b3941b) slliw   s0, t2, 11
core   0: 1 0x00000000800043ae (0x00b3941b) x8  0x00000000623f8000
core   0: 0x00000000800043b2 (0xd21d8853) fcvt.d.wu fa6, s11
core   0: 1 0x00000000800043b2 (0xd21d8853) f16 0x41effffffdc00000
core   0: 0x00000000800043b6 (0x41b450b3) sra     ra, s0, s11
core   0: 1 0x00000000800043b6 (0x41b450b3) x1  0x0000000000000000
core   0: 0x00000000800043ba (0x01115133) srl     sp, sp, a7
core   0: 1 0x00000000800043ba (0x01115133) x2  0xffffffffd3eaa17b
core   0: 0x00000000800043be (0xc03ff5d3) fcvt.lu.s a1, ft11
core   0: 1 0x00000000800043be (0xc03ff5d3) x11 0x0000000000000000
core   0: 0x00000000800043c2 (0x001e9b1b) slliw   s6, t4, 1
core   0: 1 0x00000000800043c2 (0x001e9b1b) x22 0x0000000000000002
core   0: 0x00000000800043c6 (0xd2010753) fcvt.d.w fa4, sp
core   0: 1 0x00000000800043c6 (0xd2010753) f14 0xc1c60aaf42800000
core   0: 0x00000000800043ca (0x005e8c33) add     s8, t4, t0
core   0: 1 0x00000000800043ca (0x005e8c33) x24 0x0000000000000001
core   0: 0x00000000800043ce (0x00008d16) c.mv    s10, t0
core   0: 1 0x00000000800043ce (0x8d16) x26 0x0000000000000000
core   0: 0x00000000800043d0 (0xd20b07d3) fcvt.d.w fa5, s6
core   0: 1 0x00000000800043d0 (0xd20b07d3) f15 0x4000000000000000
core   0: 0x00000000800043d4 (0x01a868b3) or      a7, a6, s10
core   0: 1 0x00000000800043d4 (0x01a868b3) x17 0x000000000000000a
core   0: 0x00000000800043d8 (0xc058ac73) csrrs   s8, hpmcounter5, a7
core   0: exception trap_illegal_instruction, epc 0x00000000800043d8
core   0:           tval 0x00000000c058ac73
core   0: >>>>  $xrv64i2p1_m2p0_a2p1_f2p2_d2p2_zicsr2p0_zifencei2p0_zmmul1p0_zba1p0_zbb1p0_zbc1p0_zbs1p0
core   0: 0x0000000080004000 (0x0080006f) j       pc + 0x8
core   0: 3 0x0000000080004000 (0x0080006f)
core   0: >>>>  mmode_exception_handler
core   0: 0x0000000080004008 (0x00002c17) auipc   s8, 0x2
core   0: 3 0x0000000080004008 (0x00002c17) x24 0x0000000080006008
core   0: 0x000000008000400c (0x00ec0c13) addi    s8, s8, 14
core   0: 3 0x000000008000400c (0x00ec0c13) x24 0x0000000080006016
core   0: 0x0000000080004010 (0x000c00e7) jalr    s8
core   0: 3 0x0000000080004010 (0x000c00e7) x1  0x0000000080004014
core   0: >>>>  any_handler
core   0: 0x0000000080006016 (0x341027f3) csrrs   a5, mepc, zero
core   0: 3 0x0000000080006016 (0x341027f3) x15 0x00000000800043d8
core   0: 0x000000008000601a (0x34202773) csrrs   a4, mcause, zero
core   0: 3 0x000000008000601a (0x34202773) x14 0x0000000000000002
core   0: 0x000000008000601e (0x142026f3) csrrs   a3, scause, zero
core   0: 3 0x000000008000601e (0x142026f3) x13 0x0000000000000000
core   0: 0x0000000080006022 (0x30402673) csrrs   a2, mie, zero
core   0: 3 0x0000000080006022 (0x30402673) x12 0x0000000000000a00
core   0: 0x0000000080006026 (0x344025f3) csrrs   a1, mip, zero
core   0: 3 0x0000000080006026 (0x344025f3) x11 0x0000000000000080
core   0: 0x000000008000602a (0x343025f3) csrrs   a1, mtval, zero
core   0: 3 0x000000008000602a (0x343025f3) x11 0x00000000c058ac73
core   0: 0x000000008000602e (0x14302573) csrrs   a0, stval, zero
core   0: 3 0x000000008000602e (0x14302573) x10 0x0000000000000000
core   0: 0x0000000080006032 (0xb02024f3) csrrs   s1, minstret, zero
core   0: 3 0x0000000080006032 (0xb02024f3) x9  0x00000000000008b8
core   0: 0x0000000080006036 (0x0000a811) c.j     pc + 20
core   0: 3 0x0000000080006036 (0xa811)
core   0: >>>>  mepc_4
core   0: 0x000000008000604a (0x00000791) c.addi  a5, 4
core   0: 3 0x000000008000604a (0x0791) x15 0x00000000800043dc
core   0: 0x000000008000604c (0x34179073) csrrw   zero, mepc, a5
core   0: 3 0x000000008000604c (0x34179073) c833_mepc 0x00000000800043dc
core   0: 0x0000000080006050 (0x30200073) mret
core   0: 3 0x0000000080006050 (0x30200073) c768_mstatus 0x8000000a00106080
core   0: 0x00000000800043dc (0x01e2db9b) srliw   s7, t0, 30
core   0: 1 0x00000000800043dc (0x01e2db9b) x23 0x0000000000000000
core   0: 0x00000000800043e0 (0x00202473) csrrs   s0, frm, zero
core   0: 1 0x00000000800043e0 (0x00202473) x8  0x0000000000000004
core   0: 0x00000000800043e4 (0x001793f3) csrrw   t2, fflags, a5
core   0: 1 0x00000000800043e4 (0x001793f3) x7  0x0000000000000011 c1_fflags 0x000000000000001c
core   0: 0x00000000800043e8 (0xc202f9d3) fcvt.w.d s3, ft5
core   0: 1 0x00000000800043e8 (0xc202f9d3) c1_fflags 0x000000000000001d x19 0x0000000000000000
core   0: 0x00000000800043ec (0xb294fd43) fmadd.d fs10, fs1, fs1, fs6
core   0: 1 0x00000000800043ec (0xb294fd43) f26 0x7ff8000000000000
core   0: 0x00000000800043f0 (0x00c3d01b) srliw   zero, t2, 12
core   0: 1 0x00000000800043f0 (0x00c3d01b)
core   0: 0x00000000800043f4 (0x02f2e2b3) rem     t0, t0, a5
core   0: 1 0x00000000800043f4 (0x02f2e2b3) x5  0x0000000000000000
core   0: 0x00000000800043f8 (0xd23efcd3) fcvt.d.lu fs9, t4
core   0: 1 0x00000000800043f8 (0xd23efcd3) f25 0x3ff0000000000000
core   0: 0x00000000800043fc (0x33a07d4b) fnmsub.d fs10, ft0, fs10, ft6
core   0: 1 0x00000000800043fc (0x33a07d4b) f26 0x7ff8000000000000
core   0: 0x0000000080004400 (0x4052833b) subw    t1, t0, t0
core   0: 1 0x0000000080004400 (0x4052833b) x6  0x0000000000000000
core   0: 0x0000000080004404 (0x0000561b) srliw   a2, zero, 0
core   0: 1 0x0000000080004404 (0x0000561b) x12 0x0000000000000000
core   0: 0x0000000080004408 (0x0005199b) slliw   s3, a0, 0
core   0: 1 0x0000000080004408 (0x0005199b) x19 0x0000000000000000
core   0: 0x000000008000440c (0x00c282bb) addw    t0, t0, a2
core   0: 1 0x000000008000440c (0x00c282bb) x5  0x0000000000000000
core   0: 0x0000000080004410 (0x22d71353) fsgnjn.d ft6, fa4, fa3
core   0: 1 0x0000000080004410 (0x22d71353) f6  0xc1c60aaf42800000
core   0: 0x0000000080004414 (0x00000506) c.slli  a0, 1
core   0: 1 0x0000000080004414 (0x0506) x10 0x0000000000000000
core   0: 0x0000000080004416 (0xffbe63b7) lui     t2, 0xffbe6
core   0: 1 0x0000000080004416 (0xffbe63b7) x7  0xffffffffffbe6000
core   0: 0x000000008000441a (0xc173839b) addiw   t2, t2, -1001
core   0: 1 0x000000008000441a (0xc173839b) x7  0xffffffffffbe5c17
core   0: 0x000000008000441e (0x000003ba) c.slli  t2, 14
core   0: 1 0x000000008000441e (0x03ba) x7  0xffffffef9705c000
core   0: 0x0000000080004420 (0x0a838393) addi    t2, t2, 168
core   0: 1 0x0000000080004420 (0x0a838393) x7  0xffffffef9705c0a8
core   0: 0x0000000080004424 (0xc32b39b7) lui     s3, 0xc32b3
core   0: 1 0x0000000080004424 (0xc32b39b7) x19 0xffffffffc32b3000
core   0: 0x0000000080004428 (0x4021549b) sraiw   s1, sp, 2
core   0: 1 0x0000000080004428 (0x4021549b) x9  0xfffffffff4faa85e
core   0: 0x000000008000442c (0x00000001) c.nop
core   0: 1 0x000000008000442c (0x0001)
core   0: 0x000000008000442e (0x038c42bb) divw    t0, s8, s8
core   0: 1 0x000000008000442e (0x038c42bb) x5  0x0000000000000001
core   0: 0x0000000080004432 (0xc02cfe53) fcvt.l.s t3, fs9
core   0: 1 0x0000000080004432 (0xc02cfe53) c1_fflags 0x000000000000001d x28 0x7fffffffffffffff
core   0: 0x0000000080004436 (0x0264f333) remu    t1, s1, t1
core   0: 1 0x0000000080004436 (0x0264f333) x6  0xfffffffff4faa85e
core   0: 0x000000008000443a (0x4019fad3) fcvt.s.d fs5, fs3
core   0: 1 0x000000008000443a (0x4019fad3) f21 0xffffffff7fc00000
core   0: 0x000000008000443e (0x419cdebb) sraw    t4, s9, s9
core   0: 1 0x000000008000443e (0x419cdebb) x29 0x0000000000000000
core   0: 0x0000000080004442 (0x40157bd3) fcvt.s.d fs7, fa0
core   0: 1 0x0000000080004442 (0x40157bd3) f23 0xffffffff7fc00000
core   0: 0x0000000080004446 (0xfeac7437) lui     s0, 0xfeac7
core   0: 1 0x0000000080004446 (0xfeac7437) x8  0xfffffffffeac7000
core   0: 0x000000008000444a (0xbe74041b) addiw   s0, s0, -1049
core   0: 1 0x000000008000444a (0xbe74041b) x8  0xfffffffffeac6be7
core   0: 0x000000008000444e (0x0000043a) c.slli  s0, 14
core   0: 1 0x000000008000444e (0x043a) x8  0xffffffab1af9c000
core   0: 0x0000000080004450 (0x1bc40413) addi    s0, s0, 444
core   0: 1 0x0000000080004450 (0x1bc40413) x8  0xffffffab1af9c1bc
core   0: 0x0000000080004454 (0x01b41d1b) slliw   s10, s0, 27
core   0: 1 0x0000000080004454 (0x01b41d1b) x26 0xffffffffe0000000
core   0: 0x0000000080004458 (0xf13aa5f3) csrrs   a1, mimpid, s5
core   0: exception trap_illegal_instruction, epc 0x0000000080004458
core   0:           tval 0x00000000f13aa5f3
core   0: >>>>  $xrv64i2p1_m2p0_a2p1_f2p2_d2p2_zicsr2p0_zifencei2p0_zmmul1p0_zba1p0_zbb1p0_zbc1p0_zbs1p0
core   0: 0x0000000080004000 (0x0080006f) j       pc + 0x8
core   0: 3 0x0000000080004000 (0x0080006f)
core   0: >>>>  mmode_exception_handler
core   0: 0x0000000080004008 (0x00002c17) auipc   s8, 0x2
core   0: 3 0x0000000080004008 (0x00002c17) x24 0x0000000080006008
core   0: 0x000000008000400c (0x00ec0c13) addi    s8, s8, 14
core   0: 3 0x000000008000400c (0x00ec0c13) x24 0x0000000080006016
core   0: 0x0000000080004010 (0x000c00e7) jalr    s8
core   0: 3 0x0000000080004010 (0x000c00e7) x1  0x0000000080004014
core   0: >>>>  any_handler
core   0: 0x0000000080006016 (0x341027f3) csrrs   a5, mepc, zero
core   0: 3 0x0000000080006016 (0x341027f3) x15 0x0000000080004458
core   0: 0x000000008000601a (0x34202773) csrrs   a4, mcause, zero
core   0: 3 0x000000008000601a (0x34202773) x14 0x0000000000000002
core   0: 0x000000008000601e (0x142026f3) csrrs   a3, scause, zero
core   0: 3 0x000000008000601e (0x142026f3) x13 0x0000000000000000
core   0: 0x0000000080006022 (0x30402673) csrrs   a2, mie, zero
core   0: 3 0x0000000080006022 (0x30402673) x12 0x0000000000000a00
core   0: 0x0000000080006026 (0x344025f3) csrrs   a1, mip, zero
core   0: 3 0x0000000080006026 (0x344025f3) x11 0x0000000000000080
core   0: 0x000000008000602a (0x343025f3) csrrs   a1, mtval, zero
core   0: 3 0x000000008000602a (0x343025f3) x11 0x00000000f13aa5f3
core   0: 0x000000008000602e (0x14302573) csrrs   a0, stval, zero
core   0: 3 0x000000008000602e (0x14302573) x10 0x0000000000000000
core   0: 0x0000000080006032 (0xb02024f3) csrrs   s1, minstret, zero
core   0: 3 0x0000000080006032 (0xb02024f3) x9  0x00000000000008e9
core   0: 0x0000000080006036 (0x0000a811) c.j     pc + 20
core   0: 3 0x0000000080006036 (0xa811)
core   0: >>>>  mepc_4
core   0: 0x000000008000604a (0x00000791) c.addi  a5, 4
core   0: 3 0x000000008000604a (0x0791) x15 0x000000008000445c
core   0: 0x000000008000604c (0x34179073) csrrw   zero, mepc, a5
core   0: 3 0x000000008000604c (0x34179073) c833_mepc 0x000000008000445c
core   0: 0x0000000080006050 (0x30200073) mret
core   0: 3 0x0000000080006050 (0x30200073) c768_mstatus 0x8000000a00106080
core   0: 0x000000008000445c (0x23c120d3) fsgnjx.d ft1, ft2, ft8
core   0: 1 0x000000008000445c (0x23c120d3) f1  0x7ff8000000000000
core   0: 0x0000000080004460 (0xd2018753) fcvt.d.w fa4, gp
core   0: 1 0x0000000080004460 (0xd2018753) f14 0x0000000000000000
core   0: 0x0000000080004464 (0x02847433) remu    s0, s0, s0
core   0: 1 0x0000000080004464 (0x02847433) x8  0x0000000000000000
core   0: 0x0000000080004468 (0xd02af9d3) fcvt.s.l fs3, s5
core   0: 1 0x0000000080004468 (0xd02af9d3) f19 0xffffffff3f800000
core   0: 0x000000008000446c (0x5a037253) fsqrt.d ft4, ft6
core   0: 1 0x000000008000446c (0x5a037253) c1_fflags 0x000000000000001d f4  0x7ff8000000000000
core   0: 0x0000000080004470 (0x23999f53) fsgnjn.d ft10, fs3, fs9
core   0: 1 0x0000000080004470 (0x23999f53) f30 0xffffffff3f800000
core   0: 0x0000000080004474 (0x00b897bb) sllw    a5, a7, a1
core   0: 1 0x0000000080004474 (0x00b897bb) x15 0x0000000000500000
core   0: 0x0000000080004478 (0x02e462bb) remw    t0, s0, a4
core   0: 1 0x0000000080004478 (0x02e462bb) x5  0x0000000000000000
core   0: 0x000000008000447c (0x03420a3b) mulw    s4, tp, s4
core   0: 1 0x000000008000447c (0x03420a3b) x20 0x0000000000000000
core   0: 0x0000000080004480 (0x800ccc93) xori    s9, s9, -2048
core   0: 1 0x0000000080004480 (0x800ccc93) x25 0xfffffffffffff800
core   0: 0x0000000080004484 (0x03e7f6d3) fadd.d  fa3, fa5, ft10
core   0: 1 0x0000000080004484 (0x03e7f6d3) f13 0x7ff8000000000000
core   0: 0x0000000080004488 (0x0142c833) xor     a6, t0, s4
core   0: 1 0x0000000080004488 (0x0142c833) x16 0x0000000000000000
core   0: 0x000000008000448c (0x0157171b) slliw   a4, a4, 21
core   0: 1 0x000000008000448c (0x0157171b) x14 0x0000000000400000
core   0: 0x0000000080004490 (0x41480cb3) sub     s9, a6, s4
core   0: 1 0x0000000080004490 (0x41480cb3) x25 0x0000000000000000
core   0: 0x0000000080004494 (0x4015f5d3) fcvt.s.d fa1, fa1
core   0: 1 0x0000000080004494 (0x4015f5d3) f11 0xffffffff7fc00000
core   0: 0x0000000080004498 (0x13ff7953) fmul.d  fs2, ft10, ft11
core   0: 1 0x0000000080004498 (0x13ff7953) f18 0x7ff8000000000000
core   0: 0x000000008000449c (0x0023883b) addw    a6, t2, sp
core   0: 1 0x000000008000449c (0x0023883b) x16 0x000000006af06223
core   0: 0x00000000800044a0 (0x0000873a) c.mv    a4, a4
core   0: 1 0x00000000800044a0 (0x873a) x14 0x0000000000400000
core   0: 0x00000000800044a2 (0x22b184d3) fsgnj.d fs1, ft3, fa1
core   0: 1 0x00000000800044a2 (0x22b184d3) f9  0xc031000000000000
core   0: 0x00000000800044a6 (0x4b27f3cf) fnmadd.d ft7, fa5, fs2, fs1
core   0: 1 0x00000000800044a6 (0x4b27f3cf) f7  0x7ff8000000000000
core   0: 0x00000000800044aa (0x0318d53b) divuw   a0, a7, a7
core   0: 1 0x00000000800044aa (0x0318d53b) x10 0x0000000000000001
core   0: 0x00000000800044ae (0x34252373) csrrs   t1, mcause, a0
core   0: exception trap_illegal_instruction, epc 0x00000000800044ae
core   0:           tval 0x0000000034252373
core   0: >>>>  $xrv64i2p1_m2p0_a2p1_f2p2_d2p2_zicsr2p0_zifencei2p0_zmmul1p0_zba1p0_zbb1p0_zbc1p0_zbs1p0
core   0: 0x0000000080004000 (0x0080006f) j       pc + 0x8
core   0: 3 0x0000000080004000 (0x0080006f)
core   0: >>>>  mmode_exception_handler
core   0: 0x0000000080004008 (0x00002c17) auipc   s8, 0x2
core   0: 3 0x0000000080004008 (0x00002c17) x24 0x0000000080006008
core   0: 0x000000008000400c (0x00ec0c13) addi    s8, s8, 14
core   0: 3 0x000000008000400c (0x00ec0c13) x24 0x0000000080006016
core   0: 0x0000000080004010 (0x000c00e7) jalr    s8
core   0: 3 0x0000000080004010 (0x000c00e7) x1  0x0000000080004014
core   0: >>>>  any_handler
core   0: 0x0000000080006016 (0x341027f3) csrrs   a5, mepc, zero
core   0: 3 0x0000000080006016 (0x341027f3) x15 0x00000000800044ae
core   0: 0x000000008000601a (0x34202773) csrrs   a4, mcause, zero
core   0: 3 0x000000008000601a (0x34202773) x14 0x0000000000000002
core   0: 0x000000008000601e (0x142026f3) csrrs   a3, scause, zero
core   0: 3 0x000000008000601e (0x142026f3) x13 0x0000000000000000
core   0: 0x0000000080006022 (0x30402673) csrrs   a2, mie, zero
core   0: 3 0x0000000080006022 (0x30402673) x12 0x0000000000000a00
core   0: 0x0000000080006026 (0x344025f3) csrrs   a1, mip, zero
core   0: 3 0x0000000080006026 (0x344025f3) x11 0x0000000000000080
core   0: 0x000000008000602a (0x343025f3) csrrs   a1, mtval, zero
core   0: 3 0x000000008000602a (0x343025f3) x11 0x0000000034252373
core   0: 0x000000008000602e (0x14302573) csrrs   a0, stval, zero
core   0: 3 0x000000008000602e (0x14302573) x10 0x0000000000000000
core   0: 0x0000000080006032 (0xb02024f3) csrrs   s1, minstret, zero
core   0: 3 0x0000000080006032 (0xb02024f3) x9  0x000000000000090e
core   0: 0x0000000080006036 (0x0000a811) c.j     pc + 20
core   0: 3 0x0000000080006036 (0xa811)
core   0: >>>>  mepc_4
core   0: 0x000000008000604a (0x00000791) c.addi  a5, 4
core   0: 3 0x000000008000604a (0x0791) x15 0x00000000800044b2
core   0: 0x000000008000604c (0x34179073) csrrw   zero, mepc, a5
core   0: 3 0x000000008000604c (0x34179073) c833_mepc 0x00000000800044b2
core   0: 0x0000000080006050 (0x30200073) mret
core   0: 3 0x0000000080006050 (0x30200073) c768_mstatus 0x8000000a00106080
core   0: 0x00000000800044b2 (0xd2188a53) fcvt.d.wu fs4, a7
core   0: 1 0x00000000800044b2 (0xd2188a53) f20 0x4024000000000000
core   0: 0x00000000800044b6 (0x02a8dd33) divu    s10, a7, a0
core   0: 1 0x00000000800044b6 (0x02a8dd33) x26 0xffffffffffffffff
core   0: 0x00000000800044ba (0x420f0153) fcvt.d.s ft2, ft10
core   0: 1 0x00000000800044ba (0x420f0153) f2  0x3ff0000000000000
core   0: 0x00000000800044be (0x340c6df3) csrrsi  s11, mscratch, 24
core   0: exception trap_illegal_instruction, epc 0x00000000800044be
core   0:           tval 0x00000000340c6df3
core   0: >>>>  $xrv64i2p1_m2p0_a2p1_f2p2_d2p2_zicsr2p0_zifencei2p0_zmmul1p0_zba1p0_zbb1p0_zbc1p0_zbs1p0
core   0: 0x0000000080004000 (0x0080006f) j       pc + 0x8
core   0: 3 0x0000000080004000 (0x0080006f)
core   0: >>>>  mmode_exception_handler
core   0: 0x0000000080004008 (0x00002c17) auipc   s8, 0x2
core   0: 3 0x0000000080004008 (0x00002c17) x24 0x0000000080006008
core   0: 0x000000008000400c (0x00ec0c13) addi    s8, s8, 14
core   0: 3 0x000000008000400c (0x00ec0c13) x24 0x0000000080006016
core   0: 0x0000000080004010 (0x000c00e7) jalr    s8
core   0: 3 0x0000000080004010 (0x000c00e7) x1  0x0000000080004014
core   0: >>>>  any_handler
core   0: 0x0000000080006016 (0x341027f3) csrrs   a5, mepc, zero
core   0: 3 0x0000000080006016 (0x341027f3) x15 0x00000000800044be
core   0: 0x000000008000601a (0x34202773) csrrs   a4, mcause, zero
core   0: 3 0x000000008000601a (0x34202773) x14 0x0000000000000002
core   0: 0x000000008000601e (0x142026f3) csrrs   a3, scause, zero
core   0: 3 0x000000008000601e (0x142026f3) x13 0x0000000000000000
core   0: 0x0000000080006022 (0x30402673) csrrs   a2, mie, zero
core   0: 3 0x0000000080006022 (0x30402673) x12 0x0000000000000a00
core   0: 0x0000000080006026 (0x344025f3) csrrs   a1, mip, zero
core   0: 3 0x0000000080006026 (0x344025f3) x11 0x0000000000000080
core   0: 0x000000008000602a (0x343025f3) csrrs   a1, mtval, zero
core   0: 3 0x000000008000602a (0x343025f3) x11 0x00000000340c6df3
core   0: 0x000000008000602e (0x14302573) csrrs   a0, stval, zero
core   0: 3 0x000000008000602e (0x14302573) x10 0x0000000000000000
core   0: 0x0000000080006032 (0xb02024f3) csrrs   s1, minstret, zero
core   0: 3 0x0000000080006032 (0xb02024f3) x9  0x0000000000000921
core   0: 0x0000000080006036 (0x0000a811) c.j     pc + 20
core   0: 3 0x0000000080006036 (0xa811)
core   0: >>>>  mepc_4
core   0: 0x000000008000604a (0x00000791) c.addi  a5, 4
core   0: 3 0x000000008000604a (0x0791) x15 0x00000000800044c2
core   0: 0x000000008000604c (0x34179073) csrrw   zero, mepc, a5
core   0: 3 0x000000008000604c (0x34179073) c833_mepc 0x00000000800044c2
core   0: 0x0000000080006050 (0x30200073) mret
core   0: 3 0x0000000080006050 (0x30200073) c768_mstatus 0x8000000a00106080
core   0: 0x00000000800044c2 (0x008bc733) xor     a4, s7, s0
core   0: 1 0x00000000800044c2 (0x008bc733) x14 0x0000000000000000
core   0: 0x00000000800044c6 (0x4192d09b) sraiw   ra, t0, 25
core   0: 1 0x00000000800044c6 (0x4192d09b) x1  0x0000000000000000
core   0: 0x00000000800044ca (0xc20172d3) fcvt.w.d t0, ft2
core   0: 1 0x00000000800044ca (0xc20172d3) x5  0x0000000000000001
core   0: 0x00000000800044ce (0x03fd9613) slli    a2, s11, 63
core   0: 1 0x00000000800044ce (0x03fd9613) x12 0x0000000000000000
core   0: 0x00000000800044d2 (0x41da83b3) sub     t2, s5, t4
core   0: 1 0x00000000800044d2 (0x41da83b3) x7  0x0000000000000001
core   0: 0x00000000800044d6 (0x00000001) c.nop
core   0: 1 0x00000000800044d6 (0x0001)
core   0: 0x00000000800044d8 (0x007e913b) sllw    sp, t4, t2
core   0: 1 0x00000000800044d8 (0x007e913b) x2  0x0000000000000000
core   0: 0x00000000800044dc (0xc20a7dd3) fcvt.w.d s11, fs4
core   0: 1 0x00000000800044dc (0xc20a7dd3) x27 0x000000000000000a
core   0: 0x00000000800044e0 (0xf1207173) csrrci  sp, marchid, 0
core   0: exception trap_illegal_instruction, epc 0x00000000800044e0
core   0:           tval 0x00000000f1207173
core   0: >>>>  $xrv64i2p1_m2p0_a2p1_f2p2_d2p2_zicsr2p0_zifencei2p0_zmmul1p0_zba1p0_zbb1p0_zbc1p0_zbs1p0
core   0: 0x0000000080004000 (0x0080006f) j       pc + 0x8
core   0: 3 0x0000000080004000 (0x0080006f)
core   0: >>>>  mmode_exception_handler
core   0: 0x0000000080004008 (0x00002c17) auipc   s8, 0x2
core   0: 3 0x0000000080004008 (0x00002c17) x24 0x0000000080006008
core   0: 0x000000008000400c (0x00ec0c13) addi    s8, s8, 14
core   0: 3 0x000000008000400c (0x00ec0c13) x24 0x0000000080006016
core   0: 0x0000000080004010 (0x000c00e7) jalr    s8
core   0: 3 0x0000000080004010 (0x000c00e7) x1  0x0000000080004014
core   0: >>>>  any_handler
core   0: 0x0000000080006016 (0x341027f3) csrrs   a5, mepc, zero
core   0: 3 0x0000000080006016 (0x341027f3) x15 0x00000000800044e0
core   0: 0x000000008000601a (0x34202773) csrrs   a4, mcause, zero
core   0: 3 0x000000008000601a (0x34202773) x14 0x0000000000000002
core   0: 0x000000008000601e (0x142026f3) csrrs   a3, scause, zero
core   0: 3 0x000000008000601e (0x142026f3) x13 0x0000000000000000
core   0: 0x0000000080006022 (0x30402673) csrrs   a2, mie, zero
core   0: 3 0x0000000080006022 (0x30402673) x12 0x0000000000000a00
core   0: 0x0000000080006026 (0x344025f3) csrrs   a1, mip, zero
core   0: 3 0x0000000080006026 (0x344025f3) x11 0x0000000000000080
core   0: 0x000000008000602a (0x343025f3) csrrs   a1, mtval, zero
core   0: 3 0x000000008000602a (0x343025f3) x11 0x00000000f1207173
core   0: 0x000000008000602e (0x14302573) csrrs   a0, stval, zero
core   0: 3 0x000000008000602e (0x14302573) x10 0x0000000000000000
core   0: 0x0000000080006032 (0xb02024f3) csrrs   s1, minstret, zero
core   0: 3 0x0000000080006032 (0xb02024f3) x9  0x0000000000000939
core   0: 0x0000000080006036 (0x0000a811) c.j     pc + 20
core   0: 3 0x0000000080006036 (0xa811)
core   0: >>>>  mepc_4
core   0: 0x000000008000604a (0x00000791) c.addi  a5, 4
core   0: 3 0x000000008000604a (0x0791) x15 0x00000000800044e4
core   0: 0x000000008000604c (0x34179073) csrrw   zero, mepc, a5
core   0: 3 0x000000008000604c (0x34179073) c833_mepc 0x00000000800044e4
core   0: 0x0000000080006050 (0x30200073) mret
core   0: 3 0x0000000080006050 (0x30200073) c768_mstatus 0x8000000a00106080
core   0: 0x00000000800044e4 (0x0126f933) and     s2, a3, s2
core   0: 1 0x00000000800044e4 (0x0126f933) x18 0x0000000000000000
core   0: 0x00000000800044e8 (0x00202af3) csrrs   s5, frm, zero
core   0: 1 0x00000000800044e8 (0x00202af3) x21 0x0000000000000004
core   0: 0x00000000800044ec (0x13b074cb) fnmsub.d fs1, ft0, fs11, ft2
core   0: 1 0x00000000800044ec (0x13b074cb) f9  0x7ff8000000000000
core   0: 0x00000000800044f0 (0x00075b1b) srliw   s6, a4, 0
core   0: 1 0x00000000800044f0 (0x00075b1b) x22 0x0000000000000002
core   0: 0x00000000800044f4 (0xc03070d3) fcvt.lu.s ra, ft0
core   0: 1 0x00000000800044f4 (0xc03070d3) x1  0x000000000a0c4800
core   0: 0x00000000800044f8 (0x12007453) fmul.d  fs0, ft0, ft0
core   0: 1 0x00000000800044f8 (0x12007453) f8  0x7ff8000000000000
core   0: 0x00000000800044fc (0x0383879b) addiw   a5, t2, 56
core   0: 1 0x00000000800044fc (0x0383879b) x15 0x0000000000000039
core   0: 0x0000000080004500 (0xbf4b7a13) andi    s4, s6, -1036
core   0: 1 0x0000000080004500 (0xbf4b7a13) x20 0x0000000000000000
core   0: 0x0000000080004504 (0x03847c4b) fnmsub.d fs8, fs0, fs8, ft0
core   0: 1 0x0000000080004504 (0x03847c4b) f24 0x7ff8000000000000
core   0: 0x0000000080004508 (0x027fffd3) fadd.d  ft11, ft11, ft7
core   0: 1 0x0000000080004508 (0x027fffd3) f31 0x7ff8000000000000
core   0: 0x000000008000450c (0x0004581b) srliw   a6, s0, 0
core   0: 1 0x000000008000450c (0x0004581b) x16 0x0000000000000000
core   0: 0x0000000080004510 (0x010c1c33) sll     s8, s8, a6
core   0: 1 0x0000000080004510 (0x010c1c33) x24 0x0000000080006016
core   0: 0x0000000080004514 (0x038367bb) remw    a5, t1, s8
core   0: 1 0x0000000080004514 (0x038367bb) x15 0xfffffffff4faa85e
core   0: 0x0000000080004518 (0x03436ebb) remw    t4, t1, s4
core   0: 1 0x0000000080004518 (0x03436ebb) x29 0xfffffffff4faa85e
core   0: 0x000000008000451c (0xd22c7ed3) fcvt.d.l ft9, s8
core   0: 1 0x000000008000451c (0xd22c7ed3) f29 0x41e0000c02c00000
core   0: 0x0000000080004520 (0x406a83bb) subw    t2, s5, t1
core   0: 1 0x0000000080004520 (0x406a83bb) x7  0x000000000b0557a6
core   0: 0x0000000080004524 (0x4043d0bb) sraw    ra, t2, tp
core   0: 1 0x0000000080004524 (0x4043d0bb) x1  0x000000000b0557a6
core   0: 0x0000000080004528 (0x4103dab3) sra     s5, t2, a6
core   0: 1 0x0000000080004528 (0x4103dab3) x21 0x000000000b0557a6
core   0: 0x000000008000452c (0xd163f097) auipc   ra, 0xd163f
core   0: 1 0x000000008000452c (0xd163f097) x1  0x000000005164352c
core   0: 0x0000000080004530 (0x01726a33) or      s4, tp, s7
core   0: 1 0x0000000080004530 (0x01726a33) x20 0x7fffffff00000000
core   0: 0x0000000080004534 (0xd23a70d3) fcvt.d.lu ft1, s4
core   0: 1 0x0000000080004534 (0xd23a70d3) f1  0x43dfffffffc00000
core   0: 0x0000000080004538 (0xf14fd1f3) csrrwi  gp, mhartid, 31
core   0: exception trap_illegal_instruction, epc 0x0000000080004538
core   0:           tval 0x00000000f14fd1f3
core   0: >>>>  $xrv64i2p1_m2p0_a2p1_f2p2_d2p2_zicsr2p0_zifencei2p0_zmmul1p0_zba1p0_zbb1p0_zbc1p0_zbs1p0
core   0: 0x0000000080004000 (0x0080006f) j       pc + 0x8
core   0: 3 0x0000000080004000 (0x0080006f)
core   0: >>>>  mmode_exception_handler
core   0: 0x0000000080004008 (0x00002c17) auipc   s8, 0x2
core   0: 3 0x0000000080004008 (0x00002c17) x24 0x0000000080006008
core   0: 0x000000008000400c (0x00ec0c13) addi    s8, s8, 14
core   0: 3 0x000000008000400c (0x00ec0c13) x24 0x0000000080006016
core   0: 0x0000000080004010 (0x000c00e7) jalr    s8
core   0: 3 0x0000000080004010 (0x000c00e7) x1  0x0000000080004014
core   0: >>>>  any_handler
core   0: 0x0000000080006016 (0x341027f3) csrrs   a5, mepc, zero
core   0: 3 0x0000000080006016 (0x341027f3) x15 0x0000000080004538
core   0: 0x000000008000601a (0x34202773) csrrs   a4, mcause, zero
core   0: 3 0x000000008000601a (0x34202773) x14 0x0000000000000002
core   0: 0x000000008000601e (0x142026f3) csrrs   a3, scause, zero
core   0: 3 0x000000008000601e (0x142026f3) x13 0x0000000000000000
core   0: 0x0000000080006022 (0x30402673) csrrs   a2, mie, zero
core   0: 3 0x0000000080006022 (0x30402673) x12 0x0000000000000a00
core   0: 0x0000000080006026 (0x344025f3) csrrs   a1, mip, zero
core   0: 3 0x0000000080006026 (0x344025f3) x11 0x0000000000000080
core   0: 0x000000008000602a (0x343025f3) csrrs   a1, mtval, zero
core   0: 3 0x000000008000602a (0x343025f3) x11 0x00000000f14fd1f3
core   0: 0x000000008000602e (0x14302573) csrrs   a0, stval, zero
core   0: 3 0x000000008000602e (0x14302573) x10 0x0000000000000000
core   0: 0x0000000080006032 (0xb02024f3) csrrs   s1, minstret, zero
core   0: 3 0x0000000080006032 (0xb02024f3) x9  0x000000000000095e
core   0: 0x0000000080006036 (0x0000a811) c.j     pc + 20
core   0: 3 0x0000000080006036 (0xa811)
core   0: >>>>  mepc_4
core   0: 0x000000008000604a (0x00000791) c.addi  a5, 4
core   0: 3 0x000000008000604a (0x0791) x15 0x000000008000453c
core   0: 0x000000008000604c (0x34179073) csrrw   zero, mepc, a5
core   0: 3 0x000000008000604c (0x34179073) c833_mepc 0x000000008000453c
core   0: 0x0000000080006050 (0x30200073) mret
core   0: 3 0x0000000080006050 (0x30200073) c768_mstatus 0x8000000a00106080
core   0: 0x000000008000453c (0xfff14113) not     sp, sp
core   0: 1 0x000000008000453c (0xfff14113) x2  0xffffffffffffffff
core   0: 0x0000000080004540 (0x022e683b) remw    a6, t3, sp
core   0: 1 0x0000000080004540 (0x022e683b) x16 0x0000000000000000
core   0: 0x0000000080004544 (0x22f11a53) fsgnjn.d fs4, ft2, fa5
core   0: 1 0x0000000080004544 (0x22f11a53) f20 0xbff0000000000000
core   0: 0x0000000080004548 (0x00111393) slli    t2, sp, 1
core   0: 1 0x0000000080004548 (0x00111393) x7  0xfffffffffffffffe
core   0: 0x000000008000454c (0x2a3080d3) fmin.d  ft1, ft1, ft3
core   0: 1 0x000000008000454c (0x2a3080d3) f1  0x4031000000000000
core   0: 0x0000000080004550 (0x0001d03b) srlw    zero, gp, zero
core   0: 1 0x0000000080004550 (0x0001d03b)
core   0: 0x0000000080004554 (0x001dd113) srli    sp, s11, 1
core   0: 1 0x0000000080004554 (0x001dd113) x2  0x0000000000000005
core   0: 0x0000000080004558 (0x0224e03b) remw    zero, s1, sp
core   0: 1 0x0000000080004558 (0x0224e03b)
core   0: 0x000000008000455c (0xc0609b73) csrrw   s6, hpmcounter6, ra
core   0: exception trap_illegal_instruction, epc 0x000000008000455c
core   0:           tval 0x00000000c0609b73
core   0: >>>>  $xrv64i2p1_m2p0_a2p1_f2p2_d2p2_zicsr2p0_zifencei2p0_zmmul1p0_zba1p0_zbb1p0_zbc1p0_zbs1p0
core   0: 0x0000000080004000 (0x0080006f) j       pc + 0x8
core   0: 3 0x0000000080004000 (0x0080006f)
core   0: >>>>  mmode_exception_handler
core   0: 0x0000000080004008 (0x00002c17) auipc   s8, 0x2
core   0: 3 0x0000000080004008 (0x00002c17) x24 0x0000000080006008
core   0: 0x000000008000400c (0x00ec0c13) addi    s8, s8, 14
core   0: 3 0x000000008000400c (0x00ec0c13) x24 0x0000000080006016
core   0: 0x0000000080004010 (0x000c00e7) jalr    s8
core   0: 3 0x0000000080004010 (0x000c00e7) x1  0x0000000080004014
core   0: >>>>  any_handler
core   0: 0x0000000080006016 (0x341027f3) csrrs   a5, mepc, zero
core   0: 3 0x0000000080006016 (0x341027f3) x15 0x000000008000455c
core   0: 0x000000008000601a (0x34202773) csrrs   a4, mcause, zero
core   0: 3 0x000000008000601a (0x34202773) x14 0x0000000000000002
core   0: 0x000000008000601e (0x142026f3) csrrs   a3, scause, zero
core   0: 3 0x000000008000601e (0x142026f3) x13 0x0000000000000000
core   0: 0x0000000080006022 (0x30402673) csrrs   a2, mie, zero
core   0: 3 0x0000000080006022 (0x30402673) x12 0x0000000000000a00
core   0: 0x0000000080006026 (0x344025f3) csrrs   a1, mip, zero
core   0: 3 0x0000000080006026 (0x344025f3) x11 0x0000000000000080
core   0: 0x000000008000602a (0x343025f3) csrrs   a1, mtval, zero
core   0: 3 0x000000008000602a (0x343025f3) x11 0x00000000c0609b73
core   0: 0x000000008000602e (0x14302573) csrrs   a0, stval, zero
core   0: 3 0x000000008000602e (0x14302573) x10 0x0000000000000000
core   0: 0x0000000080006032 (0xb02024f3) csrrs   s1, minstret, zero
core   0: 3 0x0000000080006032 (0xb02024f3) x9  0x0000000000000976
core   0: 0x0000000080006036 (0x0000a811) c.j     pc + 20
core   0: 3 0x0000000080006036 (0xa811)
core   0: >>>>  mepc_4
core   0: 0x000000008000604a (0x00000791) c.addi  a5, 4
core   0: 3 0x000000008000604a (0x0791) x15 0x0000000080004560
core   0: 0x000000008000604c (0x34179073) csrrw   zero, mepc, a5
core   0: 3 0x000000008000604c (0x34179073) c833_mepc 0x0000000080004560
core   0: 0x0000000080006050 (0x30200073) mret
core   0: 3 0x0000000080006050 (0x30200073) c768_mstatus 0x8000000a00106080
core   0: 0x0000000080004560 (0x14001d73) csrrw   s10, sscratch, zero
core   0: 1 0x0000000080004560 (0x14001d73) x26 0x0000000000000000 c320_sscratch 0x0000000000000000
core   0: 0x0000000080004564 (0x32f47d4f) fnmadd.d fs10, fs0, fa5, ft6
core   0: 1 0x0000000080004564 (0x32f47d4f) f26 0x7ff8000000000000
core   0: 0x0000000080004568 (0xc03371d3) fcvt.lu.s gp, ft6
core   0: 1 0x0000000080004568 (0xc03371d3) c1_fflags 0x000000000000001d x3  0xffffffffffffffff
core   0: 0x000000008000456c (0x000a1a1b) slliw   s4, s4, 0
core   0: 1 0x000000008000456c (0x000a1a1b) x20 0x0000000000000000
core   0: 0x0000000080004570 (0x14105e73) csrrwi  t3, sepc, 0
core   0: 1 0x0000000080004570 (0x14105e73) x28 0x0000000000000000 c321_sepc 0x0000000000000000
core   0: 0x0000000080004574 (0x019a5a93) srli    s5, s4, 25
core   0: 1 0x0000000080004574 (0x019a5a93) x21 0x0000000000000000
core   0: 0x0000000080004578 (0x00000001) c.nop
core   0: 1 0x0000000080004578 (0x0001)
core   0: 0x000000008000457a (0x0104ac33) slt     s8, s1, a6
core   0: 1 0x000000008000457a (0x0104ac33) x24 0x0000000000000000
core   0: 0x000000008000457e (0x0ff0000f) fence   iorw,iorw
core   0: 1 0x000000008000457e (0x0ff0000f)
core   0: 0x0000000080004582 (0x00c615bb) sllw    a1, a2, a2
core   0: 1 0x0000000080004582 (0x00c615bb) x11 0x0000000000000a00
core   0: 0x0000000080004586 (0xc23d7353) fcvt.lu.d t1, fs10
core   0: 1 0x0000000080004586 (0xc23d7353) c1_fflags 0x000000000000001d x6  0xffffffffffffffff
core   0: 0x000000008000458a (0xc21d7153) fcvt.wu.d sp, fs10
core   0: 1 0x000000008000458a (0xc21d7153) c1_fflags 0x000000000000001d x2  0xffffffffffffffff
core   0: 0x000000008000458e (0xd2217253) fcvt.d.l ft4, sp
core   0: 1 0x000000008000458e (0xd2217253) f4  0xbff0000000000000
core   0: 0x0000000080004592 (0x1b9b7453) fdiv.d  fs0, fs6, fs9
core   0: 1 0x0000000080004592 (0x1b9b7453) f8  0x3ff0000000000000
core   0: 0x0000000080004596 (0x7ff98c13) addi    s8, s3, 2047
core   0: 1 0x0000000080004596 (0x7ff98c13) x24 0xffffffffc32b37ff
core   0: 0x000000008000459a (0x1360fb53) fmul.d  fs6, ft1, fs6
core   0: 1 0x000000008000459a (0x1360fb53) f22 0x4031000000000000
core   0: 0x000000008000459e (0x2a759153) fmax.d  ft2, fa1, ft7
core   0: 1 0x000000008000459e (0x2a759153) f2  0x7ff8000000000000
core   0: 0x00000000800045a2 (0x418d53bb) sraw    t2, s10, s8
core   0: 1 0x00000000800045a2 (0x418d53bb) x7  0x0000000000000000
core   0: 0x00000000800045a6 (0xd22b7553) fcvt.d.l fa0, s6
core   0: 1 0x00000000800045a6 (0xd22b7553) f10 0x4000000000000000
core   0: 0x00000000800045aa (0x40218ebb) subw    t4, gp, sp
core   0: 1 0x00000000800045aa (0x40218ebb) x29 0x0000000000000000
core   0: 0x00000000800045ae (0x03d16a33) rem     s4, sp, t4
core   0: 1 0x00000000800045ae (0x03d16a33) x20 0xffffffffffffffff
core   0: 0x00000000800045b2 (0x0171511b) srliw   sp, sp, 23
core   0: 1 0x00000000800045b2 (0x0171511b) x2  0x00000000000001ff
core   0: 0x00000000800045b6 (0x41900b3b) subw    s6, zero, s9
core   0: 1 0x00000000800045b6 (0x41900b3b) x22 0x0000000000000000
core   0: 0x00000000800045ba (0x00000001) c.nop
core   0: 1 0x00000000800045ba (0x0001)
core   0: 0x00000000800045bc (0x001c871b) addiw   a4, s9, 1
core   0: 1 0x00000000800045bc (0x001c871b) x14 0x0000000000000001
core   0: 0x00000000800045c0 (0x00f7d63b) srlw    a2, a5, a5
core   0: 1 0x00000000800045c0 (0x00f7d63b) x12 0xffffffff80004560
core   0: 0x00000000800045c4 (0x23f68f53) fsgnj.d ft10, fa3, ft11
core   0: 1 0x00000000800045c4 (0x23f68f53) f30 0x7ff8000000000000
core   0: 0x00000000800045c8 (0x7a370a9b) addiw   s5, a4, 1955
core   0: 1 0x00000000800045c8 (0x7a370a9b) x21 0x00000000000007a4
core   0: 0x00000000800045cc (0x010e57bb) srlw    a5, t3, a6
core   0: 1 0x00000000800045cc (0x010e57bb) x15 0x0000000000000000
core   0: 0x00000000800045d0 (0x010c7433) and     s0, s8, a6
core   0: 1 0x00000000800045d0 (0x010c7433) x8  0x0000000000000000
core   0: 0x00000000800045d4 (0x00421637) lui     a2, 0x421
core   0: 1 0x00000000800045d4 (0x00421637) x12 0x0000000000421000
core   0: 0x00000000800045d8 (0xa5f6061b) addiw   a2, a2, -1441
core   0: 1 0x00000000800045d8 (0xa5f6061b) x12 0x0000000000420a5f
core   0: 0x00000000800045dc (0x00000642) c.slli  a2, 16
core   0: 1 0x00000000800045dc (0x0642) x12 0x000000420a5f0000
core   0: 0x00000000800045de (0x79060613) addi    a2, a2, 1936
core   0: 1 0x00000000800045de (0x79060613) x12 0x000000420a5f0790
core   0: 0x00000000800045e2 (0x0166111b) slliw   sp, a2, 22
core   0: 1 0x00000000800045e2 (0x0166111b) x2  0xffffffffe4000000
core   0: 0x00000000800045e6 (0x00845c3b) srlw    s8, s0, s0
core   0: 1 0x00000000800045e6 (0x00845c3b) x24 0x0000000000000000
core   0: 0x00000000800045ea (0x010dadb3) slt     s11, s11, a6
core   0: 1 0x00000000800045ea (0x010dadb3) x27 0x0000000000000000
core   0: 0x00000000800045ee (0x00ad943b) sllw    s0, s11, a0
core   0: 1 0x00000000800045ee (0x00ad943b) x8  0x0000000000000000
core   0: 0x00000000800045f2 (0x40335313) srai    t1, t1, 3
core   0: 1 0x00000000800045f2 (0x40335313) x6  0xffffffffffffffff
core   0: 0x00000000800045f6 (0x4018f853) fcvt.s.d fa6, fa7
core   0: 1 0x00000000800045f6 (0x4018f853) f16 0xffffffff7fc00000
core   0: 0x00000000800045fa (0xc21bf853) fcvt.wu.d a6, fs7
core   0: 1 0x00000000800045fa (0xc21bf853) c1_fflags 0x000000000000001d x16 0xffffffffffffffff
core   0: 0x00000000800045fe (0xa3ca8cd3) fle.d   s9, fs5, ft8
core   0: 1 0x00000000800045fe (0xa3ca8cd3) c1_fflags 0x000000000000001d x25 0x0000000000000000
core   0: 0x0000000080004602 (0x8238f2cf) fnmadd.d ft5, fa7, ft3, fa6
core   0: 1 0x0000000080004602 (0x8238f2cf) f5  0x7ff8000000000000
core   0: 0x0000000080004606 (0x024d70b3) remu    ra, s10, tp
core   0: 1 0x0000000080004606 (0x024d70b3) x1  0x0000000000000000
core   0: 0x000000008000460a (0x5a08f3d3) fsqrt.d ft7, fa7
core   0: 1 0x000000008000460a (0x5a08f3d3) f7  0x7ff8000000000000
core   0: 0x000000008000460e (0x011d1313) slli    t1, s10, 17
core   0: 1 0x000000008000460e (0x011d1313) x6  0x0000000000000000
core   0: 0x0000000080004612 (0x03d0d63b) divuw   a2, ra, t4
core   0: 1 0x0000000080004612 (0x03d0d63b) x12 0xffffffffffffffff
core   0: 0x0000000080004616 (0x034881bb) mulw    gp, a7, s4
core   0: 1 0x0000000080004616 (0x034881bb) x3  0xfffffffffffffff6
core   0: 0x000000008000461a (0x2a558053) fmin.d  ft0, fa1, ft5
core   0: 1 0x000000008000461a (0x2a558053) f0  0x7ff8000000000000
core   0: 0x000000008000461e (0x030e59bb) divuw   s3, t3, a6
core   0: 1 0x000000008000461e (0x030e59bb) x19 0x0000000000000000
core   0: 0x0000000080004622 (0xd036ffd3) fcvt.s.lu ft11, a3
core   0: 1 0x0000000080004622 (0xd036ffd3) f31 0xffffffff00000000
core   0: 0x0000000080004626 (0x2385a5d3) fsgnjx.d fa1, fa1, fs8
core   0: 1 0x0000000080004626 (0x2385a5d3) f11 0xffffffff7fc00000
core   0: 0x000000008000462a (0x22d70753) fsgnj.d fa4, fa4, fa3
core   0: 1 0x000000008000462a (0x22d70753) f14 0x0000000000000000
core   0: 0x000000008000462e (0x0ff0000f) fence   iorw,iorw
core   0: 1 0x000000008000462e (0x0ff0000f)
core   0: 0x0000000080004632 (0x03cdf6b3) remu    a3, s11, t3
core   0: 1 0x0000000080004632 (0x03cdf6b3) x13 0x0000000000000000
core   0: 0x0000000080004636 (0x1bd5fed3) fdiv.d  ft9, fa1, ft9
core   0: 1 0x0000000080004636 (0x1bd5fed3) f29 0x7ff8000000000000
core   0: 0x000000008000463a (0x8305f593) andi    a1, a1, -2000
core   0: 1 0x000000008000463a (0x8305f593) x11 0x0000000000000800
core   0: 0x000000008000463e (0x0000808e) c.mv    ra, gp
core   0: 1 0x000000008000463e (0x808e) x1  0xfffffffffffffff6
core   0: 0x0000000080004640 (0xd3108d1b) addiw   s10, ra, -719
core   0: 1 0x0000000080004640 (0xd3108d1b) x26 0xfffffffffffffd27
core   0: 0x0000000080004644 (0x0ff0000f) fence   iorw,iorw
core   0: 1 0x0000000080004644 (0x0ff0000f)
core   0: 0x0000000080004648 (0x5a07f053) fsqrt.d ft0, fa5
core   0: 1 0x0000000080004648 (0x5a07f053) c1_fflags 0x000000000000001d f0  0x3ff6a09e667f3bcd
core   0: 0x000000008000464c (0x18ece093) ori     ra, s9, 398
core   0: 1 0x000000008000464c (0x18ece093) x1  0x000000000000018e
core   0: 0x0000000080004650 (0x403182b3) sub     t0, gp, gp
core   0: 1 0x0000000080004650 (0x403182b3) x5  0x0000000000000000
core   0: 0x0000000080004654 (0x000060b3) or      ra, zero, zero
core   0: 1 0x0000000080004654 (0x000060b3) x1  0x0000000000000000
core   0: 0x0000000080004658 (0x415c01bb) subw    gp, s8, s5
core   0: 1 0x0000000080004658 (0x415c01bb) x3  0xfffffffffffff85c
core   0: 0x000000008000465c (0xff68e137) lui     sp, 0xff68e
core   0: 1 0x000000008000465c (0xff68e137) x2  0xffffffffff68e000
core   0: 0x0000000080004660 (0xd991011b) addiw   sp, sp, -615
core   0: 1 0x0000000080004660 (0xd991011b) x2  0xffffffffff68dd99
core   0: 0x0000000080004664 (0x0000013e) c.slli  sp, 15
core   0: 1 0x0000000080004664 (0x013e) x2  0xffffffb46ecc8000
core   0: 0x0000000080004666 (0xdbd10113) addi    sp, sp, -579
core   0: 1 0x0000000080004666 (0xdbd10113) x2  0xffffffb46ecc7dbd
core   0: 0x000000008000466a (0x014c8cbb) addw    s9, s9, s4
core   0: 1 0x000000008000466a (0x014c8cbb) x25 0xffffffffffffffff
core   0: 0x000000008000466e (0x0064fb33) and     s6, s1, t1
core   0: 1 0x000000008000466e (0x0064fb33) x22 0x0000000000000000
core   0: 0x0000000080004672 (0x018bc133) xor     sp, s7, s8
core   0: 1 0x0000000080004672 (0x018bc133) x2  0x0000000000000000
core   0: 0x0000000080004676 (0x9736da17) auipc   s4, 0x9736d
core   0: 1 0x0000000080004676 (0x9736da17) x20 0x0000000017371676
core   0: 0x000000008000467a (0x41bc571b) sraiw   a4, s8, 27
core   0: 1 0x000000008000467a (0x41bc571b) x14 0x0000000000000000
core   0: 0x000000008000467e (0x033335b3) mulhu   a1, t1, s3
core   0: 1 0x000000008000467e (0x033335b3) x11 0x0000000000000000
core   0: 0x0000000080004682 (0x0098aa33) slt     s4, a7, s1
core   0: 1 0x0000000080004682 (0x0098aa33) x20 0x0000000000000001
core   0: 0x0000000080004686 (0x0ff0000f) fence   iorw,iorw
core   0: 1 0x0000000080004686 (0x0ff0000f)
core   0: 0x000000008000468a (0x00cac133) xor     sp, s5, a2
core   0: 1 0x000000008000468a (0x00cac133) x2  0xfffffffffffff85b
core   0: 0x000000008000468e (0xf141daf3) csrrwi  s5, mhartid, 3
core   0: exception trap_illegal_instruction, epc 0x000000008000468e
core   0:           tval 0x00000000f141daf3
core   0: >>>>  $xrv64i2p1_m2p0_a2p1_f2p2_d2p2_zicsr2p0_zifencei2p0_zmmul1p0_zba1p0_zbb1p0_zbc1p0_zbs1p0
core   0: 0x0000000080004000 (0x0080006f) j       pc + 0x8
core   0: 3 0x0000000080004000 (0x0080006f)
core   0: >>>>  mmode_exception_handler
core   0: 0x0000000080004008 (0x00002c17) auipc   s8, 0x2
core   0: 3 0x0000000080004008 (0x00002c17) x24 0x0000000080006008
core   0: 0x000000008000400c (0x00ec0c13) addi    s8, s8, 14
core   0: 3 0x000000008000400c (0x00ec0c13) x24 0x0000000080006016
core   0: 0x0000000080004010 (0x000c00e7) jalr    s8
core   0: 3 0x0000000080004010 (0x000c00e7) x1  0x0000000080004014
core   0: >>>>  any_handler
core   0: 0x0000000080006016 (0x341027f3) csrrs   a5, mepc, zero
core   0: 3 0x0000000080006016 (0x341027f3) x15 0x000000008000468e
core   0: 0x000000008000601a (0x34202773) csrrs   a4, mcause, zero
core   0: 3 0x000000008000601a (0x34202773) x14 0x0000000000000002
core   0: 0x000000008000601e (0x142026f3) csrrs   a3, scause, zero
core   0: 3 0x000000008000601e (0x142026f3) x13 0x0000000000000000
core   0: 0x0000000080006022 (0x30402673) csrrs   a2, mie, zero
core   0: 3 0x0000000080006022 (0x30402673) x12 0x0000000000000a00
core   0: 0x0000000080006026 (0x344025f3) csrrs   a1, mip, zero
core   0: 3 0x0000000080006026 (0x344025f3) x11 0x0000000000000080
core   0: 0x000000008000602a (0x343025f3) csrrs   a1, mtval, zero
core   0: 3 0x000000008000602a (0x343025f3) x11 0x00000000f141daf3
core   0: 0x000000008000602e (0x14302573) csrrs   a0, stval, zero
core   0: 3 0x000000008000602e (0x14302573) x10 0x0000000000000000
core   0: 0x0000000080006032 (0xb02024f3) csrrs   s1, minstret, zero
core   0: 3 0x0000000080006032 (0xb02024f3) x9  0x00000000000009d4
core   0: 0x0000000080006036 (0x0000a811) c.j     pc + 20
core   0: 3 0x0000000080006036 (0xa811)
core   0: >>>>  mepc_4
core   0: 0x000000008000604a (0x00000791) c.addi  a5, 4
core   0: 3 0x000000008000604a (0x0791) x15 0x0000000080004692
core   0: 0x000000008000604c (0x34179073) csrrw   zero, mepc, a5
core   0: 3 0x000000008000604c (0x34179073) c833_mepc 0x0000000080004692
core   0: 0x0000000080006050 (0x30200073) mret
core   0: 3 0x0000000080006050 (0x30200073) c768_mstatus 0x8000000a00106080
core   0: 0x0000000080004692 (0x0028c133) xor     sp, a7, sp
core   0: 1 0x0000000080004692 (0x0028c133) x2  0xfffffffffffff851
core   0: 0x0000000080004696 (0xd2347753) fcvt.d.lu fa4, s0
core   0: 1 0x0000000080004696 (0xd2347753) f14 0x0000000000000000
core   0: 0x000000008000469a (0x02c172b3) remu    t0, sp, a2
core   0: 1 0x000000008000469a (0x02c172b3) x5  0x0000000000000851
core   0: 0x000000008000469e (0xe440f3b7) lui     t2, 0xe440f
core   0: 1 0x000000008000469e (0xe440f3b7) x7  0xffffffffe440f000
core   0: 0x00000000800046a2 (0x1a107447) fmsub.d fs0, ft0, ft1, ft3
core   0: 1 0x00000000800046a2 (0x1a107447) c1_fflags 0x000000000000001d f8  0x401c2aa1339cbe27
core   0: 0x00000000800046a6 (0x005d113b) sllw    sp, s10, t0
core   0: 1 0x00000000800046a6 (0x005d113b) x2  0xfffffffffa4e0000
core   0: 0x00000000800046aa (0xff99deb7) lui     t4, 0xff99d
core   0: 1 0x00000000800046aa (0xff99deb7) x29 0xffffffffff99d000
core   0: 0x00000000800046ae (0x681e8e9b) addiw   t4, t4, 1665
core   0: 1 0x00000000800046ae (0x681e8e9b) x29 0xffffffffff99d681
core   0: 0x00000000800046b2 (0x00000eb2) c.slli  t4, 12
core   0: 1 0x00000000800046b2 (0x0eb2) x29 0xfffffff99d681000
core   0: 0x00000000800046b4 (0xf3de8e93) addi    t4, t4, -195
core   0: 1 0x00000000800046b4 (0xf3de8e93) x29 0xfffffff99d680f3d
core   0: 0x00000000800046b8 (0x40315c3b) sraw    s8, sp, gp
core   0: 1 0x00000000800046b8 (0x40315c3b) x24 0xffffffffffffffff
core   0: 0x00000000800046bc (0xd027fe53) fcvt.s.l ft8, a5
core   0: 1 0x00000000800046bc (0xd027fe53) c1_fflags 0x000000000000001d f28 0xffffffff4f000047
core   0: 0x00000000800046c0 (0x0126999b) slliw   s3, a3, 18
core   0: 1 0x00000000800046c0 (0x0126999b) x19 0x0000000000000000
core   0: 0x00000000800046c4 (0x033be03b) remw    zero, s7, s3
core   0: 1 0x00000000800046c4 (0x033be03b)
core   0: 0x00000000800046c8 (0x02031733) mulh    a4, t1, zero
core   0: 1 0x00000000800046c8 (0x02031733) x14 0x0000000000000000
core   0: 0x00000000800046cc (0x0241b233) mulhu   tp, gp, tp
core   0: 1 0x00000000800046cc (0x0241b233) x4  0x7ffffffefffffc2e
core   0: 0x00000000800046d0 (0x01666e33) or      t3, a2, s6
core   0: 1 0x00000000800046d0 (0x01666e33) x28 0x0000000000000a00
core   0: 0x00000000800046d4 (0x01618433) add     s0, gp, s6
core   0: 1 0x00000000800046d4 (0x01618433) x8  0xfffffffffffff85c
core   0: 0x00000000800046d8 (0x403e04bb) subw    s1, t3, gp
core   0: 1 0x00000000800046d8 (0x403e04bb) x9  0x00000000000011a4
core   0: 0x00000000800046dc (0x123f7ed3) fmul.d  ft9, ft10, ft3
core   0: 1 0x00000000800046dc (0x123f7ed3) f29 0x7ff8000000000000
core   0: 0x00000000800046e0 (0x029c793b) remuw   s2, s8, s1
core   0: 1 0x00000000800046e0 (0x029c793b) x18 0x0000000000000b63
core   0: 0x00000000800046e4 (0x00055913) srli    s2, a0, 0
core   0: 1 0x00000000800046e4 (0x00055913) x18 0x0000000000000000
core   0: 0x00000000800046e8 (0x2aa78353) fmin.d  ft6, fa5, fa0
core   0: 1 0x00000000800046e8 (0x2aa78353) f6  0x4000000000000000
core   0: 0x00000000800046ec (0x02055b33) divu    s6, a0, zero
core   0: 1 0x00000000800046ec (0x02055b33) x22 0xffffffffffffffff
core   0: 0x00000000800046f0 (0x1243714f) fnmadd.d ft2, ft6, ft4, ft2
core   0: 1 0x00000000800046f0 (0x1243714f) f2  0x7ff8000000000000
core   0: 0x00000000800046f4 (0x0b1e78d3) fsub.d  fa7, ft8, fa7
core   0: 1 0x00000000800046f4 (0x0b1e78d3) f17 0x7ff8000000000000
core   0: 0x00000000800046f8 (0x01d3d733) srl     a4, t2, t4
core   0: 1 0x00000000800046f8 (0x01d3d733) x14 0x0000000000000007
core   0: 0x00000000800046fc (0x01bdbdb3) sltu    s11, s11, s11
core   0: 1 0x00000000800046fc (0x01bdbdb3) x27 0x0000000000000000
core   0: 0x0000000080004700 (0x638d5997) auipc   s3, 0x638d5
core   0: 1 0x0000000080004700 (0x638d5997) x19 0x00000000e38d9700
core   0: 0x0000000080004704 (0x420b0f53) fcvt.d.s ft10, fs6
core   0: 1 0x0000000080004704 (0x420b0f53) f30 0x7ff8000000000000
core   0: 0x0000000080004708 (0x41b48eb3) sub     t4, s1, s11
core   0: 1 0x0000000080004708 (0x41b48eb3) x29 0x00000000000011a4
core   0: 0x000000008000470c (0x41920c3b) subw    s8, tp, s9
core   0: 1 0x000000008000470c (0x41920c3b) x24 0xfffffffffffffc2f
core   0: 0x0000000080004710 (0x2a941b53) fmax.d  fs6, fs0, fs1
core   0: 1 0x0000000080004710 (0x2a941b53) f22 0x401c2aa1339cbe27
core   0: 0x0000000080004714 (0x001c1e1b) slliw   t3, s8, 1
core   0: 1 0x0000000080004714 (0x001c1e1b) x28 0xfffffffffffff85e
core   0: 0x0000000080004718 (0x029483b3) mul     t2, s1, s1
core   0: 1 0x0000000080004718 (0x029483b3) x7  0x0000000001373110
core   0: 0x000000008000471c (0x0362ea33) rem     s4, t0, s6
core   0: 1 0x000000008000471c (0x0362ea33) x20 0x0000000000000000
core   0: 0x0000000080004720 (0x41fbdc9b) sraiw   s9, s7, 31
core   0: 1 0x0000000080004720 (0x41fbdc9b) x25 0x0000000000000000
core   0: 0x0000000080004724 (0x41ce59b3) sra     s3, t3, t3
core   0: 1 0x0000000080004724 (0x41ce59b3) x19 0xffffffffffffffff
core   0: 0x0000000080004728 (0x133d7d53) fmul.d  fs10, fs10, fs3
core   0: 1 0x0000000080004728 (0x133d7d53) f26 0x7ff8000000000000
core   0: 0x000000008000472c (0x02779613) slli    a2, a5, 39
core   0: 1 0x000000008000472c (0x02779613) x12 0x0023490000000000
core   0: 0x0000000080004730 (0x2abf0a53) fmin.d  fs4, ft10, fa1
core   0: 1 0x0000000080004730 (0x2abf0a53) f20 0x7ff8000000000000
core   0: 0x0000000080004734 (0xf13ca8f3) csrrs   a7, mimpid, s9
core   0: exception trap_illegal_instruction, epc 0x0000000080004734
core   0:           tval 0x00000000f13ca8f3
core   0: >>>>  $xrv64i2p1_m2p0_a2p1_f2p2_d2p2_zicsr2p0_zifencei2p0_zmmul1p0_zba1p0_zbb1p0_zbc1p0_zbs1p0
core   0: 0x0000000080004000 (0x0080006f) j       pc + 0x8
core   0: 3 0x0000000080004000 (0x0080006f)
core   0: >>>>  mmode_exception_handler
core   0: 0x0000000080004008 (0x00002c17) auipc   s8, 0x2
core   0: 3 0x0000000080004008 (0x00002c17) x24 0x0000000080006008
core   0: 0x000000008000400c (0x00ec0c13) addi    s8, s8, 14
core   0: 3 0x000000008000400c (0x00ec0c13) x24 0x0000000080006016
core   0: 0x0000000080004010 (0x000c00e7) jalr    s8
core   0: 3 0x0000000080004010 (0x000c00e7) x1  0x0000000080004014
core   0: >>>>  any_handler
core   0: 0x0000000080006016 (0x341027f3) csrrs   a5, mepc, zero
core   0: 3 0x0000000080006016 (0x341027f3) x15 0x0000000080004734
core   0: 0x000000008000601a (0x34202773) csrrs   a4, mcause, zero
core   0: 3 0x000000008000601a (0x34202773) x14 0x0000000000000002
core   0: 0x000000008000601e (0x142026f3) csrrs   a3, scause, zero
core   0: 3 0x000000008000601e (0x142026f3) x13 0x0000000000000000
core   0: 0x0000000080006022 (0x30402673) csrrs   a2, mie, zero
core   0: 3 0x0000000080006022 (0x30402673) x12 0x0000000000000a00
core   0: 0x0000000080006026 (0x344025f3) csrrs   a1, mip, zero
core   0: 3 0x0000000080006026 (0x344025f3) x11 0x0000000000000080
core   0: 0x000000008000602a (0x343025f3) csrrs   a1, mtval, zero
core   0: 3 0x000000008000602a (0x343025f3) x11 0x00000000f13ca8f3
core   0: 0x000000008000602e (0x14302573) csrrs   a0, stval, zero
core   0: 3 0x000000008000602e (0x14302573) x10 0x0000000000000000
core   0: 0x0000000080006032 (0xb02024f3) csrrs   s1, minstret, zero
core   0: 3 0x0000000080006032 (0xb02024f3) x9  0x0000000000000a0d
core   0: 0x0000000080006036 (0x0000a811) c.j     pc + 20
core   0: 3 0x0000000080006036 (0xa811)
core   0: >>>>  mepc_4
core   0: 0x000000008000604a (0x00000791) c.addi  a5, 4
core   0: 3 0x000000008000604a (0x0791) x15 0x0000000080004738
core   0: 0x000000008000604c (0x34179073) csrrw   zero, mepc, a5
core   0: 3 0x000000008000604c (0x34179073) c833_mepc 0x0000000080004738
core   0: 0x0000000080006050 (0x30200073) mret
core   0: 3 0x0000000080006050 (0x30200073) c768_mstatus 0x8000000a00106080
core   0: 0x0000000080004738 (0x0ff0000f) fence   iorw,iorw
core   0: 1 0x0000000080004738 (0x0ff0000f)
core   0: 0x000000008000473c (0x401171d3) fcvt.s.d ft3, ft2
core   0: 1 0x000000008000473c (0x401171d3) f3  0xffffffff7fc00000
core   0: 0x0000000080004740 (0x0001d193) srli    gp, gp, 0
core   0: 1 0x0000000080004740 (0x0001d193) x3  0xfffffffffffff85c
core   0: 0x0000000080004744 (0x2a0403d3) fmin.d  ft7, fs0, ft0
core   0: 1 0x0000000080004744 (0x2a0403d3) f7  0x3ff6a09e667f3bcd
core   0: 0x0000000080004748 (0x41118cb3) sub     s9, gp, a7
core   0: 1 0x0000000080004748 (0x41118cb3) x25 0xfffffffffffff852
core   0: 0x000000008000474c (0x419a813b) subw    sp, s5, s9
core   0: 1 0x000000008000474c (0x419a813b) x2  0x0000000000000f52
core   0: 0x0000000080004750 (0xd21c8153) fcvt.d.wu ft2, s9
core   0: 1 0x0000000080004750 (0xd21c8153) f2  0x41efffff0a400000
core   0: 0x0000000080004754 (0xc0307553) fcvt.lu.s a0, ft0
core   0: 1 0x0000000080004754 (0xc0307553) c1_fflags 0x000000000000001d x10 0xffffffffffffffff
core   0: 0x0000000080004758 (0x03913733) mulhu   a4, sp, s9
core   0: 1 0x0000000080004758 (0x03913733) x14 0x0000000000000f51
core   0: 0x000000008000475c (0x12717dd3) fmul.d  fs11, ft2, ft7
core   0: 1 0x000000008000475c (0x12717dd3) c1_fflags 0x000000000000001d f27 0x41f6a09db8b9bb56
core   0: 0x0000000080004760 (0x00150633) add     a2, a0, ra
core   0: 1 0x0000000080004760 (0x00150633) x12 0x0000000080004013
core   0: 0x0000000080004764 (0x015acbb3) xor     s7, s5, s5
core   0: 1 0x0000000080004764 (0x015acbb3) x23 0x0000000000000000
core   0: 0x0000000080004768 (0x4106d69b) sraiw   a3, a3, 16
core   0: 1 0x0000000080004768 (0x4106d69b) x13 0x0000000000000000
core   0: 0x000000008000476c (0x00027213) andi    tp, tp, 0
core   0: 1 0x000000008000476c (0x00027213) x4  0x0000000000000000
core   0: 0x0000000080004770 (0x02290133) mul     sp, s2, sp
core   0: 1 0x0000000080004770 (0x02290133) x2  0x0000000000000000
core   0: 0x0000000080004774 (0xf2070353) fmv.d.x ft6, a4
core   0: 1 0x0000000080004774 (0xf2070353) f6  0x0000000000000f51
core   0: 0x0000000080004778 (0x007b1a9b) slliw   s5, s6, 7
core   0: 1 0x0000000080004778 (0x007b1a9b) x21 0xffffffffffffff80
core   0: 0x000000008000477c (0xd2317f53) fcvt.d.lu ft10, sp
core   0: 1 0x000000008000477c (0xd2317f53) f30 0x0000000000000000
core   0: 0x0000000080004780 (0x7ff1e193) ori     gp, gp, 2047
core   0: 1 0x0000000080004780 (0x7ff1e193) x3  0xffffffffffffffff
core   0: 0x0000000080004784 (0x02f80733) mul     a4, a6, a5
core   0: 1 0x0000000080004784 (0x02f80733) x14 0xffffffff7fffb8c8
core   0: 0x0000000080004788 (0x4194debb) sraw    t4, s1, s9
core   0: 1 0x0000000080004788 (0x4194debb) x29 0x0000000000000000
core   0: 0x000000008000478c (0x2b6b01d3) fmin.d  ft3, fs6, fs6
core   0: 1 0x000000008000478c (0x2b6b01d3) f3  0x401c2aa1339cbe27
core   0: 0x0000000080004790 (0x0287c53b) divw    a0, a5, s0
core   0: 1 0x0000000080004790 (0x0287c53b) x10 0x000000000010c09e
core   0: 0x0000000080004794 (0x0307fab3) remu    s5, a5, a6
core   0: 1 0x0000000080004794 (0x0307fab3) x21 0x0000000080004738
core   0: 0x0000000080004798 (0xc03678d3) fcvt.lu.s a7, fa2
core   0: 1 0x0000000080004798 (0xc03678d3) x17 0x0000000005062400
core   0: 0x000000008000479c (0x401572d3) fcvt.s.d ft5, fa0
core   0: 1 0x000000008000479c (0x401572d3) f5  0xffffffff40000000
core   0: 0x00000000800047a0 (0x1abbfcd3) fdiv.d  fs9, fs7, fa1
core   0: 1 0x00000000800047a0 (0x1abbfcd3) f25 0x7ff8000000000000
core   0: 0x00000000800047a4 (0xf20089d3) fmv.d.x fs3, ra
core   0: 1 0x00000000800047a4 (0xf20089d3) f19 0x0000000080004014
core   0: 0x00000000800047a8 (0x02a8cb3b) divw    s6, a7, a0
core   0: 1 0x00000000800047a8 (0x02a8cb3b) x22 0x000000000000004c
core   0: 0x00000000800047ac (0x40e4543b) sraw    s0, s0, a4
core   0: 1 0x00000000800047ac (0x40e4543b) x8  0xfffffffffffffff8
core   0: 0x00000000800047b0 (0xe2098653) fmv.x.d a2, fs3
core   0: 1 0x00000000800047b0 (0xe2098653) x12 0x0000000080004014
core   0: 0x00000000800047b4 (0xc22cf6d3) fcvt.l.d a3, fs9
core   0: 1 0x00000000800047b4 (0xc22cf6d3) c1_fflags 0x000000000000001d x13 0x7fffffffffffffff
core   0: 0x00000000800047b8 (0x010d843b) addw    s0, s11, a6
core   0: 1 0x00000000800047b8 (0x010d843b) x8  0xffffffffffffffff
core   0: 0x00000000800047bc (0x9b9af6c7) fmsub.d fa3, fs5, fs9, fs3
core   0: 1 0x00000000800047bc (0x9b9af6c7) f13 0x7ff8000000000000
core   0: 0x00000000800047c0 (0x1ad6f453) fdiv.d  fs0, fa3, fa3
core   0: 1 0x00000000800047c0 (0x1ad6f453) f8  0x7ff8000000000000
core   0: 0x00000000800047c4 (0xd236f353) fcvt.d.lu ft6, a3
core   0: 1 0x00000000800047c4 (0xd236f353) c1_fflags 0x000000000000001d f6  0x43e0000000000000
core   0: 0x00000000800047c8 (0x013d929b) slliw   t0, s11, 19
core   0: 1 0x00000000800047c8 (0x013d929b) x5  0x0000000000000000
core   0: 0x00000000800047cc (0xd026fbd3) fcvt.s.l fs7, a3
core   0: 1 0x00000000800047cc (0xd026fbd3) c1_fflags 0x000000000000001d f23 0xffffffff5f000000
core   0: 0x00000000800047d0 (0x40005dbb) sraw    s11, zero, zero
core   0: 1 0x00000000800047d0 (0x40005dbb) x27 0x0000000000000000
core   0: 0x00000000800047d4 (0x003de833) or      a6, s11, gp
core   0: 1 0x00000000800047d4 (0x003de833) x16 0xffffffffffffffff
core   0: 0x00000000800047d8 (0x1b39f9d3) fdiv.d  fs3, fs3, fs3
core   0: 1 0x00000000800047d8 (0x1b39f9d3) f19 0x3ff0000000000000
core   0: 0x00000000800047dc (0x671ae493) ori     s1, s5, 1649
core   0: 1 0x00000000800047dc (0x671ae493) x9  0x0000000080004779
core   0: 0x00000000800047e0 (0x02978633) mul     a2, a5, s1
core   0: 1 0x00000000800047e0 (0x02978633) x12 0x4000475893e23178
core   0: 0x00000000800047e4 (0x23998cd3) fsgnj.d fs9, fs3, fs9
core   0: 1 0x00000000800047e4 (0x23998cd3) f25 0x3ff0000000000000
core   0: 0x00000000800047e8 (0x020a6033) rem     zero, s4, zero
core   0: 1 0x00000000800047e8 (0x020a6033)
core   0: 0x00000000800047ec (0x40ac053b) subw    a0, s8, a0
core   0: 1 0x00000000800047ec (0x40ac053b) x10 0x000000007fef9f78
core   0: 0x00000000800047f0 (0x5d0ce397) auipc   t2, 0x5d0ce
core   0: 1 0x00000000800047f0 (0x5d0ce397) x7  0x00000000dd0d27f0
core   0: 0x00000000800047f4 (0x02641d13) slli    s10, s0, 38
core   0: 1 0x00000000800047f4 (0x02641d13) x26 0xffffffc000000000
core   0: 0x00000000800047f8 (0x000a5c13) srli    s8, s4, 0
core   0: 1 0x00000000800047f8 (0x000a5c13) x24 0x0000000000000000
core   0: 0x00000000800047fc (0x417c5033) sra     zero, s8, s7
core   0: 1 0x00000000800047fc (0x417c5033)
core   0: 0x0000000080004800 (0xe3c67fcf) fnmadd.d ft11, fa2, ft8, ft8
core   0: 1 0x0000000080004800 (0xe3c67fcf) f31 0x7ff8000000000000
core   0: 0x0000000080004804 (0x00009233) sll     tp, ra, zero
core   0: 1 0x0000000080004804 (0x00009233) x4  0x0000000080004014
core   0: 0x0000000080004808 (0x51be0913) addi    s2, t3, 1307
core   0: 1 0x0000000080004808 (0x51be0913) x18 0xfffffffffffffd79
core   0: 0x000000008000480c (0x0004d693) srli    a3, s1, 0
core   0: 1 0x000000008000480c (0x0004d693) x13 0x0000000080004779
core   0: 0x0000000080004810 (0x23f890d3) fsgnjn.d ft1, fa7, ft11
core   0: 1 0x0000000080004810 (0x23f890d3) f1  0xfff8000000000000
core   0: 0x0000000080004814 (0x40d6debb) sraw    t4, a3, a3
core   0: 1 0x0000000080004814 (0x40d6debb) x29 0xffffffffffffffc0
core   0: 0x0000000080004818 (0x420880d3) fcvt.d.s ft1, fa7
core   0: 1 0x0000000080004818 (0x420880d3) f1  0x7ff8000000000000
core   0: 0x000000008000481c (0x1220f653) fmul.d  fa2, ft1, ft2
core   0: 1 0x000000008000481c (0x1220f653) f12 0x7ff8000000000000
core   0: 0x0000000080004820 (0x7ff78993) addi    s3, a5, 2047
core   0: 1 0x0000000080004820 (0x7ff78993) x19 0x0000000080004f37
core   0: 0x0000000080004824 (0x001e9b13) slli    s6, t4, 1
core   0: 1 0x0000000080004824 (0x001e9b13) x22 0xffffffffffffff80
core   0: 0x0000000080004828 (0x71828093) addi    ra, t0, 1816
core   0: 1 0x0000000080004828 (0x71828093) x1  0x0000000000000718
core   0: 0x000000008000482c (0x1a29f3d3) fdiv.d  ft7, fs3, ft2
core   0: 1 0x000000008000482c (0x1a29f3d3) c1_fflags 0x000000000000001d f7  0x3df000007ae003b0
core   0: 0x0000000080004830 (0x401f74d3) fcvt.s.d fs1, ft10
core   0: 1 0x0000000080004830 (0x401f74d3) f9  0xffffffff00000000
core   0: 0x0000000080004834 (0x02a4e4bb) remw    s1, s1, a0
core   0: 1 0x0000000080004834 (0x02a4e4bb) x9  0xffffffffffefe6f1
core   0: 0x0000000080004838 (0x40085e93) srai    t4, a6, 0
core   0: 1 0x0000000080004838 (0x40085e93) x29 0xffffffffffffffff
core   0: 0x000000008000483c (0x13737bd3) fmul.d  fs7, ft6, fs7
core   0: 1 0x000000008000483c (0x13737bd3) f23 0x7ff8000000000000
core   0: 0x0000000080004840 (0x01cea7b3) slt     a5, t4, t3
core   0: 1 0x0000000080004840 (0x01cea7b3) x15 0x0000000000000000
core   0: 0x0000000080004844 (0x0ff0000f) fence   iorw,iorw
core   0: 1 0x0000000080004844 (0x0ff0000f)
core   0: 0x0000000080004848 (0x002e1573) csrrw   a0, frm, t3
core   0: 1 0x0000000080004848 (0x002e1573) x10 0x0000000000000004 c2_frm 0x0000000000000006
core   0: 0x000000008000484c (0x0175129b) slliw   t0, a0, 23
core   0: 1 0x000000008000484c (0x0175129b) x5  0x0000000002000000
core   0: 0x0000000080004850 (0x0144de3b) srlw    t3, s1, s4
core   0: 1 0x0000000080004850 (0x0144de3b) x28 0xffffffffffefe6f1
core   0: 0x0000000080004854 (0x002a9d3b) sllw    s10, s5, sp
core   0: 1 0x0000000080004854 (0x002a9d3b) x26 0xffffffff80004738
core   0: 0x0000000080004858 (0x035ac5bb) divw    a1, s5, s5
core   0: 1 0x0000000080004858 (0x035ac5bb) x11 0x0000000000000001
core   0: 0x000000008000485c (0x02e9f353) fadd.d  ft6, fs3, fa4
core   0: exception trap_illegal_instruction, epc 0x000000008000485c
core   0:           tval 0x0000000002e9f353
core   0: >>>>  $xrv64i2p1_m2p0_a2p1_f2p2_d2p2_zicsr2p0_zifencei2p0_zmmul1p0_zba1p0_zbb1p0_zbc1p0_zbs1p0
core   0: 0x0000000080004000 (0x0080006f) j       pc + 0x8
core   0: 3 0x0000000080004000 (0x0080006f)
core   0: >>>>  mmode_exception_handler
core   0: 0x0000000080004008 (0x00002c17) auipc   s8, 0x2
core   0: 3 0x0000000080004008 (0x00002c17) x24 0x0000000080006008
core   0: 0x000000008000400c (0x00ec0c13) addi    s8, s8, 14
core   0: 3 0x000000008000400c (0x00ec0c13) x24 0x0000000080006016
core   0: 0x0000000080004010 (0x000c00e7) jalr    s8
core   0: 3 0x0000000080004010 (0x000c00e7) x1  0x0000000080004014
core   0: >>>>  any_handler
core   0: 0x0000000080006016 (0x341027f3) csrrs   a5, mepc, zero
core   0: 3 0x0000000080006016 (0x341027f3) x15 0x000000008000485c
core   0: 0x000000008000601a (0x34202773) csrrs   a4, mcause, zero
core   0: 3 0x000000008000601a (0x34202773) x14 0x0000000000000002
core   0: 0x000000008000601e (0x142026f3) csrrs   a3, scause, zero
core   0: 3 0x000000008000601e (0x142026f3) x13 0x0000000000000000
core   0: 0x0000000080006022 (0x30402673) csrrs   a2, mie, zero
core   0: 3 0x0000000080006022 (0x30402673) x12 0x0000000000000a00
core   0: 0x0000000080006026 (0x344025f3) csrrs   a1, mip, zero
core   0: 3 0x0000000080006026 (0x344025f3) x11 0x0000000000000080
core   0: 0x000000008000602a (0x343025f3) csrrs   a1, mtval, zero
core   0: 3 0x000000008000602a (0x343025f3) x11 0x0000000002e9f353
core   0: 0x000000008000602e (0x14302573) csrrs   a0, stval, zero
core   0: 3 0x000000008000602e (0x14302573) x10 0x0000000000000000
core   0: 0x0000000080006032 (0xb02024f3) csrrs   s1, minstret, zero
core   0: 3 0x0000000080006032 (0xb02024f3) x9  0x0000000000000a66
core   0: 0x0000000080006036 (0x0000a811) c.j     pc + 20
core   0: 3 0x0000000080006036 (0xa811)
core   0: >>>>  mepc_4
core   0: 0x000000008000604a (0x00000791) c.addi  a5, 4
core   0: 3 0x000000008000604a (0x0791) x15 0x0000000080004860
core   0: 0x000000008000604c (0x34179073) csrrw   zero, mepc, a5
core   0: 3 0x000000008000604c (0x34179073) c833_mepc 0x0000000080004860
core   0: 0x0000000080006050 (0x30200073) mret
core   0: 3 0x0000000080006050 (0x30200073) c768_mstatus 0x8000000a00106080
core   0: 0x0000000080004860 (0x0049da1b) srliw   s4, s3, 4
core   0: 1 0x0000000080004860 (0x0049da1b) x20 0x00000000080004f3
core   0: 0x0000000080004864 (0x00000001) c.nop
core   0: 1 0x0000000080004864 (0x0001)
core   0: 0x0000000080004866 (0xd2148fd3) fcvt.d.wu ft11, s1
core   0: 1 0x0000000080004866 (0xd2148fd3) f31 0x40a4cc0000000000
core   0: 0x000000008000486a (0x1bd0f153) fdiv.d  ft2, ft1, ft9
core   0: exception trap_illegal_instruction, epc 0x000000008000486a
core   0:           tval 0x000000001bd0f153
core   0: >>>>  $xrv64i2p1_m2p0_a2p1_f2p2_d2p2_zicsr2p0_zifencei2p0_zmmul1p0_zba1p0_zbb1p0_zbc1p0_zbs1p0
core   0: 0x0000000080004000 (0x0080006f) j       pc + 0x8
core   0: 3 0x0000000080004000 (0x0080006f)
core   0: >>>>  mmode_exception_handler
core   0: 0x0000000080004008 (0x00002c17) auipc   s8, 0x2
core   0: 3 0x0000000080004008 (0x00002c17) x24 0x0000000080006008
core   0: 0x000000008000400c (0x00ec0c13) addi    s8, s8, 14
core   0: 3 0x000000008000400c (0x00ec0c13) x24 0x0000000080006016
core   0: 0x0000000080004010 (0x000c00e7) jalr    s8
core   0: 3 0x0000000080004010 (0x000c00e7) x1  0x0000000080004014
core   0: >>>>  any_handler
core   0: 0x0000000080006016 (0x341027f3) csrrs   a5, mepc, zero
core   0: 3 0x0000000080006016 (0x341027f3) x15 0x000000008000486a
core   0: 0x000000008000601a (0x34202773) csrrs   a4, mcause, zero
core   0: 3 0x000000008000601a (0x34202773) x14 0x0000000000000002
core   0: 0x000000008000601e (0x142026f3) csrrs   a3, scause, zero
core   0: 3 0x000000008000601e (0x142026f3) x13 0x0000000000000000
core   0: 0x0000000080006022 (0x30402673) csrrs   a2, mie, zero
core   0: 3 0x0000000080006022 (0x30402673) x12 0x0000000000000a00
core   0: 0x0000000080006026 (0x344025f3) csrrs   a1, mip, zero
core   0: 3 0x0000000080006026 (0x344025f3) x11 0x0000000000000080
core   0: 0x000000008000602a (0x343025f3) csrrs   a1, mtval, zero
core   0: 3 0x000000008000602a (0x343025f3) x11 0x000000001bd0f153
core   0: 0x000000008000602e (0x14302573) csrrs   a0, stval, zero
core   0: 3 0x000000008000602e (0x14302573) x10 0x0000000000000000
core   0: 0x0000000080006032 (0xb02024f3) csrrs   s1, minstret, zero
core   0: 3 0x0000000080006032 (0xb02024f3) x9  0x0000000000000a79
core   0: 0x0000000080006036 (0x0000a811) c.j     pc + 20
core   0: 3 0x0000000080006036 (0xa811)
core   0: >>>>  mepc_4
core   0: 0x000000008000604a (0x00000791) c.addi  a5, 4
core   0: 3 0x000000008000604a (0x0791) x15 0x000000008000486e
core   0: 0x000000008000604c (0x34179073) csrrw   zero, mepc, a5
core   0: 3 0x000000008000604c (0x34179073) c833_mepc 0x000000008000486e
core   0: 0x0000000080006050 (0x30200073) mret
core   0: 3 0x0000000080006050 (0x30200073) c768_mstatus 0x8000000a00106080
core   0: 0x000000008000486e (0xf9eca617) auipc   a2, 0xf9eca
core   0: 1 0x000000008000486e (0xf9eca617) x12 0x0000000079ece86e
core   0: 0x0000000080004872 (0x41605e1b) sraiw   t3, zero, 22
core   0: 1 0x0000000080004872 (0x41605e1b) x28 0x0000000000000000
core   0: 0x0000000080004876 (0x7627be97) auipc   t4, 0x7627b
core   0: 1 0x0000000080004876 (0x7627be97) x29 0x00000000f627f876
core   0: 0x000000008000487a (0xd83ac2b7) lui     t0, 0xd83ac
core   0: 1 0x000000008000487a (0xd83ac2b7) x5  0xffffffffd83ac000
core   0: 0x000000008000487e (0x1a2ff753) fdiv.d  fa4, ft11, ft2
core   0: exception trap_illegal_instruction, epc 0x000000008000487e
core   0:           tval 0x000000001a2ff753
core   0: >>>>  $xrv64i2p1_m2p0_a2p1_f2p2_d2p2_zicsr2p0_zifencei2p0_zmmul1p0_zba1p0_zbb1p0_zbc1p0_zbs1p0
core   0: 0x0000000080004000 (0x0080006f) j       pc + 0x8
core   0: 3 0x0000000080004000 (0x0080006f)
core   0: >>>>  mmode_exception_handler
core   0: 0x0000000080004008 (0x00002c17) auipc   s8, 0x2
core   0: 3 0x0000000080004008 (0x00002c17) x24 0x0000000080006008
core   0: 0x000000008000400c (0x00ec0c13) addi    s8, s8, 14
core   0: 3 0x000000008000400c (0x00ec0c13) x24 0x0000000080006016
core   0: 0x0000000080004010 (0x000c00e7) jalr    s8
core   0: 3 0x0000000080004010 (0x000c00e7) x1  0x0000000080004014
core   0: >>>>  any_handler
core   0: 0x0000000080006016 (0x341027f3) csrrs   a5, mepc, zero
core   0: 3 0x0000000080006016 (0x341027f3) x15 0x000000008000487e
core   0: 0x000000008000601a (0x34202773) csrrs   a4, mcause, zero
core   0: 3 0x000000008000601a (0x34202773) x14 0x0000000000000002
core   0: 0x000000008000601e (0x142026f3) csrrs   a3, scause, zero
core   0: 3 0x000000008000601e (0x142026f3) x13 0x0000000000000000
core   0: 0x0000000080006022 (0x30402673) csrrs   a2, mie, zero
core   0: 3 0x0000000080006022 (0x30402673) x12 0x0000000000000a00
core   0: 0x0000000080006026 (0x344025f3) csrrs   a1, mip, zero
core   0: 3 0x0000000080006026 (0x344025f3) x11 0x0000000000000080
core   0: 0x000000008000602a (0x343025f3) csrrs   a1, mtval, zero
core   0: 3 0x000000008000602a (0x343025f3) x11 0x000000001a2ff753
core   0: 0x000000008000602e (0x14302573) csrrs   a0, stval, zero
core   0: 3 0x000000008000602e (0x14302573) x10 0x0000000000000000
core   0: 0x0000000080006032 (0xb02024f3) csrrs   s1, minstret, zero
core   0: 3 0x0000000080006032 (0xb02024f3) x9  0x0000000000000a8d
core   0: 0x0000000080006036 (0x0000a811) c.j     pc + 20
core   0: 3 0x0000000080006036 (0xa811)
core   0: >>>>  mepc_4
core   0: 0x000000008000604a (0x00000791) c.addi  a5, 4
core   0: 3 0x000000008000604a (0x0791) x15 0x0000000080004882
core   0: 0x000000008000604c (0x34179073) csrrw   zero, mepc, a5
core   0: 3 0x000000008000604c (0x34179073) c833_mepc 0x0000000080004882
core   0: 0x0000000080006050 (0x30200073) mret
core   0: 3 0x0000000080006050 (0x30200073) c768_mstatus 0x8000000a00106080
core   0: 0x0000000080004882 (0x0312d13b) divuw   sp, t0, a7
core   0: 1 0x0000000080004882 (0x0312d13b) x2  0x000000000000002b
core   0: 0x0000000080004886 (0x3f42c293) xori    t0, t0, 1012
core   0: 1 0x0000000080004886 (0x3f42c293) x5  0xffffffffd83ac3f4
core   0: 0x000000008000488a (0x400cd213) srai    tp, s9, 0
core   0: 1 0x000000008000488a (0x400cd213) x4  0xfffffffffffff852
core   0: 0x000000008000488e (0x400adb13) srai    s6, s5, 0
core   0: 1 0x000000008000488e (0x400adb13) x22 0x0000000080004738
core   0: 0x0000000080004892 (0xef947593) andi    a1, s0, -263
core   0: 1 0x0000000080004892 (0xef947593) x11 0xfffffffffffffef9
core   0: 0x0000000080004896 (0x402a00bb) subw    ra, s4, sp
core   0: 1 0x0000000080004896 (0x402a00bb) x1  0x00000000080004c8
core   0: 0x000000008000489a (0x23c112d3) fsgnjn.d ft5, ft2, ft8
core   0: 1 0x000000008000489a (0x23c112d3) f5  0x41efffff0a400000
core   0: 0x000000008000489e (0x00129473) csrrw   s0, fflags, t0
core   0: 1 0x000000008000489e (0x00129473) x8  0x000000000000001d c1_fflags 0x0000000000000014
core   0: 0x00000000800048a2 (0x010b20b3) slt     ra, s6, a6
core   0: 1 0x00000000800048a2 (0x010b20b3) x1  0x0000000000000000
core   0: 0x00000000800048a6 (0x0ff0000f) fence   iorw,iorw
core   0: 1 0x00000000800048a6 (0x0ff0000f)
core   0: 0x00000000800048aa (0x5a02fed3) fsqrt.d ft9, ft5
core   0: exception trap_illegal_instruction, epc 0x00000000800048aa
core   0:           tval 0x000000005a02fed3
core   0: >>>>  $xrv64i2p1_m2p0_a2p1_f2p2_d2p2_zicsr2p0_zifencei2p0_zmmul1p0_zba1p0_zbb1p0_zbc1p0_zbs1p0
core   0: 0x0000000080004000 (0x0080006f) j       pc + 0x8
core   0: 3 0x0000000080004000 (0x0080006f)
core   0: >>>>  mmode_exception_handler
core   0: 0x0000000080004008 (0x00002c17) auipc   s8, 0x2
core   0: 3 0x0000000080004008 (0x00002c17) x24 0x0000000080006008
core   0: 0x000000008000400c (0x00ec0c13) addi    s8, s8, 14
core   0: 3 0x000000008000400c (0x00ec0c13) x24 0x0000000080006016
core   0: 0x0000000080004010 (0x000c00e7) jalr    s8
core   0: 3 0x0000000080004010 (0x000c00e7) x1  0x0000000080004014
core   0: >>>>  any_handler
core   0: 0x0000000080006016 (0x341027f3) csrrs   a5, mepc, zero
core   0: 3 0x0000000080006016 (0x341027f3) x15 0x00000000800048aa
core   0: 0x000000008000601a (0x34202773) csrrs   a4, mcause, zero
core   0: 3 0x000000008000601a (0x34202773) x14 0x0000000000000002
core   0: 0x000000008000601e (0x142026f3) csrrs   a3, scause, zero
core   0: 3 0x000000008000601e (0x142026f3) x13 0x0000000000000000
core   0: 0x0000000080006022 (0x30402673) csrrs   a2, mie, zero
core   0: 3 0x0000000080006022 (0x30402673) x12 0x0000000000000a00
core   0: 0x0000000080006026 (0x344025f3) csrrs   a1, mip, zero
core   0: 3 0x0000000080006026 (0x344025f3) x11 0x0000000000000080
core   0: 0x000000008000602a (0x343025f3) csrrs   a1, mtval, zero
core   0: 3 0x000000008000602a (0x343025f3) x11 0x000000005a02fed3
core   0: 0x000000008000602e (0x14302573) csrrs   a0, stval, zero
core   0: 3 0x000000008000602e (0x14302573) x10 0x0000000000000000
core   0: 0x0000000080006032 (0xb02024f3) csrrs   s1, minstret, zero
core   0: 3 0x0000000080006032 (0xb02024f3) x9  0x0000000000000aa7
core   0: 0x0000000080006036 (0x0000a811) c.j     pc + 20
core   0: 3 0x0000000080006036 (0xa811)
core   0: >>>>  mepc_4
core   0: 0x000000008000604a (0x00000791) c.addi  a5, 4
core   0: 3 0x000000008000604a (0x0791) x15 0x00000000800048ae
core   0: 0x000000008000604c (0x34179073) csrrw   zero, mepc, a5
core   0: 3 0x000000008000604c (0x34179073) c833_mepc 0x00000000800048ae
core   0: 0x0000000080006050 (0x30200073) mret
core   0: 3 0x0000000080006050 (0x30200073) c768_mstatus 0x8000000a00106080
core   0: 0x00000000800048ae (0x226e1cd3) fsgnjn.d fs9, ft8, ft6
core   0: 1 0x00000000800048ae (0x226e1cd3) f25 0xffffffff4f000047
core   0: 0x00000000800048b2 (0xc02cfd53) fcvt.l.s s10, fs9
core   0: exception trap_illegal_instruction, epc 0x00000000800048b2
core   0:           tval 0x00000000c02cfd53
core   0: >>>>  $xrv64i2p1_m2p0_a2p1_f2p2_d2p2_zicsr2p0_zifencei2p0_zmmul1p0_zba1p0_zbb1p0_zbc1p0_zbs1p0
core   0: 0x0000000080004000 (0x0080006f) j       pc + 0x8
core   0: 3 0x0000000080004000 (0x0080006f)
core   0: >>>>  mmode_exception_handler
core   0: 0x0000000080004008 (0x00002c17) auipc   s8, 0x2
core   0: 3 0x0000000080004008 (0x00002c17) x24 0x0000000080006008
core   0: 0x000000008000400c (0x00ec0c13) addi    s8, s8, 14
core   0: 3 0x000000008000400c (0x00ec0c13) x24 0x0000000080006016
core   0: 0x0000000080004010 (0x000c00e7) jalr    s8
core   0: 3 0x0000000080004010 (0x000c00e7) x1  0x0000000080004014
core   0: >>>>  any_handler
core   0: 0x0000000080006016 (0x341027f3) csrrs   a5, mepc, zero
core   0: 3 0x0000000080006016 (0x341027f3) x15 0x00000000800048b2
core   0: 0x000000008000601a (0x34202773) csrrs   a4, mcause, zero
core   0: 3 0x000000008000601a (0x34202773) x14 0x0000000000000002
core   0: 0x000000008000601e (0x142026f3) csrrs   a3, scause, zero
core   0: 3 0x000000008000601e (0x142026f3) x13 0x0000000000000000
core   0: 0x0000000080006022 (0x30402673) csrrs   a2, mie, zero
core   0: 3 0x0000000080006022 (0x30402673) x12 0x0000000000000a00
core   0: 0x0000000080006026 (0x344025f3) csrrs   a1, mip, zero
core   0: 3 0x0000000080006026 (0x344025f3) x11 0x0000000000000080
core   0: 0x000000008000602a (0x343025f3) csrrs   a1, mtval, zero
core   0: 3 0x000000008000602a (0x343025f3) x11 0x00000000c02cfd53
core   0: 0x000000008000602e (0x14302573) csrrs   a0, stval, zero
core   0: 3 0x000000008000602e (0x14302573) x10 0x0000000000000000
core   0: 0x0000000080006032 (0xb02024f3) csrrs   s1, minstret, zero
core   0: 3 0x0000000080006032 (0xb02024f3) x9  0x0000000000000ab8
core   0: 0x0000000080006036 (0x0000a811) c.j     pc + 20
core   0: 3 0x0000000080006036 (0xa811)
core   0: >>>>  mepc_4
core   0: 0x000000008000604a (0x00000791) c.addi  a5, 4
core   0: 3 0x000000008000604a (0x0791) x15 0x00000000800048b6
core   0: 0x000000008000604c (0x34179073) csrrw   zero, mepc, a5
core   0: 3 0x000000008000604c (0x34179073) c833_mepc 0x00000000800048b6
core   0: 0x0000000080006050 (0x30200073) mret
core   0: 3 0x0000000080006050 (0x30200073) c768_mstatus 0x8000000a00106080
core   0: 0x00000000800048b6 (0xd029ffd3) fcvt.s.l ft11, s3
core   0: exception trap_illegal_instruction, epc 0x00000000800048b6
core   0:           tval 0x00000000d029ffd3
core   0: >>>>  $xrv64i2p1_m2p0_a2p1_f2p2_d2p2_zicsr2p0_zifencei2p0_zmmul1p0_zba1p0_zbb1p0_zbc1p0_zbs1p0
core   0: 0x0000000080004000 (0x0080006f) j       pc + 0x8
core   0: 3 0x0000000080004000 (0x0080006f)
core   0: >>>>  mmode_exception_handler
core   0: 0x0000000080004008 (0x00002c17) auipc   s8, 0x2
core   0: 3 0x0000000080004008 (0x00002c17) x24 0x0000000080006008
core   0: 0x000000008000400c (0x00ec0c13) addi    s8, s8, 14
core   0: 3 0x000000008000400c (0x00ec0c13) x24 0x0000000080006016
core   0: 0x0000000080004010 (0x000c00e7) jalr    s8
core   0: 3 0x0000000080004010 (0x000c00e7) x1  0x0000000080004014
core   0: >>>>  any_handler
core   0: 0x0000000080006016 (0x341027f3) csrrs   a5, mepc, zero
core   0: 3 0x0000000080006016 (0x341027f3) x15 0x00000000800048b6
core   0: 0x000000008000601a (0x34202773) csrrs   a4, mcause, zero
core   0: 3 0x000000008000601a (0x34202773) x14 0x0000000000000002
core   0: 0x000000008000601e (0x142026f3) csrrs   a3, scause, zero
core   0: 3 0x000000008000601e (0x142026f3) x13 0x0000000000000000
core   0: 0x0000000080006022 (0x30402673) csrrs   a2, mie, zero
core   0: 3 0x0000000080006022 (0x30402673) x12 0x0000000000000a00
core   0: 0x0000000080006026 (0x344025f3) csrrs   a1, mip, zero
core   0: 3 0x0000000080006026 (0x344025f3) x11 0x0000000000000080
core   0: 0x000000008000602a (0x343025f3) csrrs   a1, mtval, zero
core   0: 3 0x000000008000602a (0x343025f3) x11 0x00000000d029ffd3
core   0: 0x000000008000602e (0x14302573) csrrs   a0, stval, zero
core   0: 3 0x000000008000602e (0x14302573) x10 0x0000000000000000
core   0: 0x0000000080006032 (0xb02024f3) csrrs   s1, minstret, zero
core   0: 3 0x0000000080006032 (0xb02024f3) x9  0x0000000000000ac8
core   0: 0x0000000080006036 (0x0000a811) c.j     pc + 20
core   0: 3 0x0000000080006036 (0xa811)
core   0: >>>>  mepc_4
core   0: 0x000000008000604a (0x00000791) c.addi  a5, 4
core   0: 3 0x000000008000604a (0x0791) x15 0x00000000800048ba
core   0: 0x000000008000604c (0x34179073) csrrw   zero, mepc, a5
core   0: 3 0x000000008000604c (0x34179073) c833_mepc 0x00000000800048ba
core   0: 0x0000000080006050 (0x30200073) mret
core   0: 3 0x0000000080006050 (0x30200073) c768_mstatus 0x8000000a00106080
core   0: 0x00000000800048ba (0x1b98f5d3) fdiv.d  fa1, fa7, fs9
core   0: exception trap_illegal_instruction, epc 0x00000000800048ba
core   0:           tval 0x000000001b98f5d3
core   0: >>>>  $xrv64i2p1_m2p0_a2p1_f2p2_d2p2_zicsr2p0_zifencei2p0_zmmul1p0_zba1p0_zbb1p0_zbc1p0_zbs1p0
core   0: 0x0000000080004000 (0x0080006f) j       pc + 0x8
core   0: 3 0x0000000080004000 (0x0080006f)
core   0: >>>>  mmode_exception_handler
core   0: 0x0000000080004008 (0x00002c17) auipc   s8, 0x2
core   0: 3 0x0000000080004008 (0x00002c17) x24 0x0000000080006008
core   0: 0x000000008000400c (0x00ec0c13) addi    s8, s8, 14
core   0: 3 0x000000008000400c (0x00ec0c13) x24 0x0000000080006016
core   0: 0x0000000080004010 (0x000c00e7) jalr    s8
core   0: 3 0x0000000080004010 (0x000c00e7) x1  0x0000000080004014
core   0: >>>>  any_handler
core   0: 0x0000000080006016 (0x341027f3) csrrs   a5, mepc, zero
core   0: 3 0x0000000080006016 (0x341027f3) x15 0x00000000800048ba
core   0: 0x000000008000601a (0x34202773) csrrs   a4, mcause, zero
core   0: 3 0x000000008000601a (0x34202773) x14 0x0000000000000002
core   0: 0x000000008000601e (0x142026f3) csrrs   a3, scause, zero
core   0: 3 0x000000008000601e (0x142026f3) x13 0x0000000000000000
core   0: 0x0000000080006022 (0x30402673) csrrs   a2, mie, zero
core   0: 3 0x0000000080006022 (0x30402673) x12 0x0000000000000a00
core   0: 0x0000000080006026 (0x344025f3) csrrs   a1, mip, zero
core   0: 3 0x0000000080006026 (0x344025f3) x11 0x0000000000000080
core   0: 0x000000008000602a (0x343025f3) csrrs   a1, mtval, zero
core   0: 3 0x000000008000602a (0x343025f3) x11 0x000000001b98f5d3
core   0: 0x000000008000602e (0x14302573) csrrs   a0, stval, zero
core   0: 3 0x000000008000602e (0x14302573) x10 0x0000000000000000
core   0: 0x0000000080006032 (0xb02024f3) csrrs   s1, minstret, zero
core   0: 3 0x0000000080006032 (0xb02024f3) x9  0x0000000000000ad8
core   0: 0x0000000080006036 (0x0000a811) c.j     pc + 20
core   0: 3 0x0000000080006036 (0xa811)
core   0: >>>>  mepc_4
core   0: 0x000000008000604a (0x00000791) c.addi  a5, 4
core   0: 3 0x000000008000604a (0x0791) x15 0x00000000800048be
core   0: 0x000000008000604c (0x34179073) csrrw   zero, mepc, a5
core   0: 3 0x000000008000604c (0x34179073) c833_mepc 0x00000000800048be
core   0: 0x0000000080006050 (0x30200073) mret
core   0: 3 0x0000000080006050 (0x30200073) c768_mstatus 0x8000000a00106080
core   0: 0x00000000800048be (0x007293b3) sll     t2, t0, t2
core   0: 1 0x00000000800048be (0x007293b3) x7  0xc3f4000000000000
core   0: 0x00000000800048c2 (0x40b8d133) sra     sp, a7, a1
core   0: 1 0x00000000800048c2 (0x40b8d133) x2  0x00000000000000a0
core   0: 0x00000000800048c6 (0xfc2febb7) lui     s7, 0xfc2fe
core   0: 1 0x00000000800048c6 (0xfc2febb7) x23 0xfffffffffc2fe000
core   0: 0x00000000800048ca (0x4e5b8b9b) addiw   s7, s7, 1253
core   0: 1 0x00000000800048ca (0x4e5b8b9b) x23 0xfffffffffc2fe4e5
core   0: 0x00000000800048ce (0x00000bb2) c.slli  s7, 12
core   0: 1 0x00000000800048ce (0x0bb2) x23 0xffffffc2fe4e5000
core   0: 0x00000000800048d0 (0x351b8b93) addi    s7, s7, 849
core   0: 1 0x00000000800048d0 (0x351b8b93) x23 0xffffffc2fe4e5351
core   0: 0x00000000800048d4 (0x00727533) and     a0, tp, t2
core   0: 1 0x00000000800048d4 (0x00727533) x10 0xc3f4000000000000
core   0: 0x00000000800048d8 (0xd94e3017) auipc   zero, 0xd94e3
core   0: 1 0x00000000800048d8 (0xd94e3017)
core   0: 0x00000000800048dc (0x80000d1b) addiw   s10, zero, -2048
core   0: 1 0x00000000800048dc (0x80000d1b) x26 0xfffffffffffff800
core   0: 0x00000000800048e0 (0x1576f693) andi    a3, a3, 343
core   0: 1 0x00000000800048e0 (0x1576f693) x13 0x0000000000000000
core   0: 0x00000000800048e4 (0x002211f3) csrrw   gp, frm, tp
core   0: 1 0x00000000800048e4 (0x002211f3) x3  0x0000000000000006 c2_frm 0x0000000000000002
core   0: 0x00000000800048e8 (0x0018931b) slliw   t1, a7, 1
core   0: 1 0x00000000800048e8 (0x0018931b) x6  0x000000000a0c4800
core   0: 0x00000000800048ec (0x003c023b) addw    tp, s8, gp
core   0: 1 0x00000000800048ec (0x003c023b) x4  0xffffffff8000601c
core   0: 0x00000000800048f0 (0x001a921b) slliw   tp, s5, 1
core   0: 1 0x00000000800048f0 (0x001a921b) x4  0x0000000000008e70
core   0: 0x00000000800048f4 (0x009a8e33) add     t3, s5, s1
core   0: 1 0x00000000800048f4 (0x009a8e33) x28 0x0000000080005210
core   0: 0x00000000800048f8 (0x23551ad3) fsgnjn.d fs5, fa0, fs5
core   0: 1 0x00000000800048f8 (0x23551ad3) f21 0x4000000000000000
core   0: 0x00000000800048fc (0x0bf7f753) fsub.d  fa4, fa5, ft11
core   0: 1 0x00000000800048fc (0x0bf7f753) f14 0xc0a4c80000000000
core   0: 0x0000000080004900 (0x01c7f4b3) and     s1, a5, t3
core   0: 1 0x0000000080004900 (0x01c7f4b3) x9  0x0000000080004010
core   0: 0x0000000080004904 (0x73057f4b) fnmsub.d ft10, fa0, fa6, fa4
core   0: 1 0x0000000080004904 (0x73057f4b) f30 0x7ff8000000000000
core   0: 0x0000000080004908 (0x00111673) csrrw   a2, fflags, sp
core   0: 1 0x0000000080004908 (0x00111673) x12 0x0000000000000014 c1_fflags 0x0000000000000000
core   0: 0x000000008000490c (0x41f6d69b) sraiw   a3, a3, 31
core   0: 1 0x000000008000490c (0x41f6d69b) x13 0x0000000000000000
core   0: 0x0000000080004910 (0x01317433) and     s0, sp, s3
core   0: 1 0x0000000080004910 (0x01317433) x8  0x0000000000000020
core   0: 0x0000000080004914 (0x23e383d3) fsgnj.d ft7, ft7, ft10
core   0: 1 0x0000000080004914 (0x23e383d3) f7  0x3df000007ae003b0
core   0: 0x0000000080004918 (0x4349d893) srai    a7, s3, 52
core   0: 1 0x0000000080004918 (0x4349d893) x17 0x0000000000000000
core   0: 0x000000008000491c (0x0ff0000f) fence   iorw,iorw
core   0: 1 0x000000008000491c (0x0ff0000f)
core   0: 0x0000000080004920 (0x04e72db7) lui     s11, 0x4e72
core   0: 1 0x0000000080004920 (0x04e72db7) x27 0x0000000004e72000
core   0: 0x0000000080004924 (0x6bdd8d9b) addiw   s11, s11, 1725
core   0: 1 0x0000000080004924 (0x6bdd8d9b) x27 0x0000000004e726bd
core   0: 0x0000000080004928 (0x00000db2) c.slli  s11, 12
core   0: 1 0x0000000080004928 (0x0db2) x27 0x0000004e726bd000
core   0: 0x000000008000492a (0x54ad8d93) addi    s11, s11, 1354
core   0: 1 0x000000008000492a (0x54ad8d93) x27 0x0000004e726bd54a
core   0: 0x000000008000492e (0x00000001) c.nop
core   0: 1 0x000000008000492e (0x0001)
core   0: 0x0000000080004930 (0x017dd7bb) srlw    a5, s11, s7
core   0: 1 0x0000000080004930 (0x017dd7bb) x15 0x0000000000003935
core   0: 0x0000000080004934 (0x02f485b3) mul     a1, s1, a5
core   0: 1 0x0000000080004934 (0x02f485b3) x11 0x00001c9a8e50d350
core   0: 0x0000000080004938 (0x901a69b7) lui     s3, 0x901a6
core   0: 1 0x0000000080004938 (0x901a69b7) x19 0xffffffff901a6000
core   0: 0x000000008000493c (0x00da4a33) xor     s4, s4, a3
core   0: 1 0x000000008000493c (0x00da4a33) x20 0x00000000080004f3
core   0: 0x0000000080004940 (0x03ca5613) srli    a2, s4, 60
core   0: 1 0x0000000080004940 (0x03ca5613) x12 0x0000000000000000
core   0: 0x0000000080004944 (0x22f12153) fsgnjx.d ft2, ft2, fa5
core   0: 1 0x0000000080004944 (0x22f12153) f2  0x41efffff0a400000
core   0: 0x0000000080004948 (0x45f57d93) andi    s11, a0, 1119
core   0: 1 0x0000000080004948 (0x45f57d93) x27 0x0000000000000000
core   0: 0x000000008000494c (0x00110d33) add     s10, sp, ra
core   0: 1 0x000000008000494c (0x00110d33) x26 0x00000000800040b4
core   0: 0x0000000080004950 (0x01665b33) srl     s6, a2, s6
core   0: 1 0x0000000080004950 (0x01665b33) x22 0x0000000000000000
core   0: 0x0000000080004954 (0x4159d9b3) sra     s3, s3, s5
core   0: 1 0x0000000080004954 (0x4159d9b3) x19 0xffffffffffffffff
core   0: 0x0000000080004958 (0x0a1fff53) fsub.d  ft10, ft11, ft1
core   0: 1 0x0000000080004958 (0x0a1fff53) f30 0x7ff8000000000000
core   0: 0x000000008000495c (0x22c8a153) fsgnjx.d ft2, fa7, fa2
core   0: 1 0x000000008000495c (0x22c8a153) f2  0x7ff8000000000000
core   0: 0x0000000080004960 (0x7ff58b93) addi    s7, a1, 2047
core   0: 1 0x0000000080004960 (0x7ff58b93) x23 0x00001c9a8e50db4f
core   0: 0x0000000080004964 (0x003b9033) sll     zero, s7, gp
core   0: 1 0x0000000080004964 (0x003b9033)
core   0: 0x0000000080004968 (0x23d68713) addi    a4, a3, 573
core   0: 1 0x0000000080004968 (0x23d68713) x14 0x000000000000023d
core   0: 0x000000008000496c (0x003a9c33) sll     s8, s5, gp
core   0: 1 0x000000008000496c (0x003a9c33) x24 0x000000200011ce00
core   0: 0x0000000080004970 (0x03bbfdd3) fadd.d  fs11, fs7, fs11
core   0: 1 0x0000000080004970 (0x03bbfdd3) f27 0x7ff8000000000000
core   0: 0x0000000080004974 (0x0358783b) remuw   a6, a6, s5
core   0: 1 0x0000000080004974 (0x0358783b) x16 0x000000007fffb8c7
core   0: 0x0000000080004978 (0x40b0d29b) sraiw   t0, ra, 11
core   0: 1 0x0000000080004978 (0x40b0d29b) x5  0xfffffffffff00008
core   0: 0x000000008000497c (0x039dedb3) rem     s11, s11, s9
core   0: 1 0x000000008000497c (0x039dedb3) x27 0x0000000000000000
core   0: 0x0000000080004980 (0x00000d46) c.slli  s10, 17
core   0: 1 0x0000000080004980 (0x0d46) x26 0x0001000081680000
core   0: 0x0000000080004982 (0xd50b0697) auipc   a3, 0xd50b0
core   0: 1 0x0000000080004982 (0xd50b0697) x13 0x00000000550b4982
core   0: 0x0000000080004986 (0x00187313) andi    t1, a6, 1
core   0: 1 0x0000000080004986 (0x00187313) x6  0x0000000000000001
core   0: 0x000000008000498a (0xabd17bc3) fmadd.d fs7, ft2, ft9, fs5
core   0: 1 0x000000008000498a (0xabd17bc3) f23 0x7ff8000000000000
core   0: 0x000000008000498e (0xc23bf953) fcvt.lu.d s2, fs7
core   0: 1 0x000000008000498e (0xc23bf953) c1_fflags 0x0000000000000010 x18 0xffffffffffffffff
core   0: 0x0000000080004992 (0xc22af4d3) fcvt.l.d s1, fs5
core   0: 1 0x0000000080004992 (0xc22af4d3) x9  0x0000000000000002
core   0: 0x0000000080004996 (0x2a0f10d3) fmax.d  ft1, ft10, ft0
core   0: 1 0x0000000080004996 (0x2a0f10d3) f1  0x3ff6a09e667f3bcd
core   0: 0x000000008000499a (0x0000909b) slliw   ra, ra, 0
core   0: 1 0x000000008000499a (0x0000909b) x1  0xffffffff80004014
core   0: 0x000000008000499e (0x00948d33) add     s10, s1, s1
core   0: 1 0x000000008000499e (0x00948d33) x26 0x0000000000000004
core   0: 0x00000000800049a2 (0xf2070d53) fmv.d.x fs10, a4
core   0: 1 0x00000000800049a2 (0xf2070d53) f26 0x000000000000023d
core   0: 0x00000000800049a6 (0x0014de9b) srliw   t4, s1, 1
core   0: 1 0x00000000800049a6 (0x0014de9b) x29 0x0000000000000001
core   0: 0x00000000800049aa (0x03ad6233) rem     tp, s10, s10
core   0: 1 0x00000000800049aa (0x03ad6233) x4  0x0000000000000000
core   0: 0x00000000800049ae (0x02467cb3) remu    s9, a2, tp
core   0: 1 0x00000000800049ae (0x02467cb3) x25 0x0000000000000000
core   0: 0x00000000800049b2 (0x00102273) csrrs   tp, fflags, zero
core   0: 1 0x00000000800049b2 (0x00102273) x4  0x0000000000000010
core   0: 0x00000000800049b6 (0xc2177153) fcvt.wu.d sp, fa4
core   0: 1 0x00000000800049b6 (0xc2177153) c1_fflags 0x0000000000000010 x2  0x0000000000000000
core   0: 0x00000000800049ba (0x40ac8cb3) sub     s9, s9, a0
core   0: 1 0x00000000800049ba (0x40ac8cb3) x25 0x3c0c000000000000
core   0: 0x00000000800049be (0x41d95ab3) sra     s5, s2, t4
core   0: 1 0x00000000800049be (0x41d95ab3) x21 0xffffffffffffffff
core   0: 0x00000000800049c2 (0xba9771c3) fmadd.d ft3, fa4, fs1, fs7
core   0: 1 0x00000000800049c2 (0xba9771c3) f3  0x7ff8000000000000
core   0: 0x00000000800049c6 (0x0228c5b3) div     a1, a7, sp
core   0: 1 0x00000000800049c6 (0x0228c5b3) x11 0xffffffffffffffff
core   0: 0x00000000800049ca (0x02634333) div     t1, t1, t1
core   0: 1 0x00000000800049ca (0x02634333) x6  0x0000000000000001
core   0: 0x00000000800049ce (0x000090fd) c.srli  s1, 63
core   0: 1 0x00000000800049ce (0x90fd) x9  0x0000000000000000
core   0: 0x00000000800049d0 (0xd2168e53) fcvt.d.wu ft8, a3
core   0: 1 0x00000000800049d0 (0xd2168e53) f28 0x41d542d260800000
core   0: 0x00000000800049d4 (0x0294e43b) remw    s0, s1, s1
core   0: 1 0x00000000800049d4 (0x0294e43b) x8  0x0000000000000000
core   0: 0x00000000800049d8 (0x32c76c93) ori     s9, a4, 812
core   0: 1 0x00000000800049d8 (0x32c76c93) x25 0x000000000000033d
core   0: 0x00000000800049dc (0x03941d33) mulh    s10, s0, s9
core   0: 1 0x00000000800049dc (0x03941d33) x26 0x0000000000000000
core   0: 0x00000000800049e0 (0xcba17343) fmadd.d ft6, ft2, fs10, fs9
core   0: 1 0x00000000800049e0 (0xcba17343) f6  0x7ff8000000000000
core   0: 0x00000000800049e4 (0xd034f853) fcvt.s.lu fa6, s1
core   0: 1 0x00000000800049e4 (0xd034f853) f16 0xffffffff00000000
core   0: 0x00000000800049e8 (0x1058f9f3) csrrci  s3, stvec, 17
core   0: 1 0x00000000800049e8 (0x1058f9f3) x19 0x0000000000000000 c261_stvec 0x0000000000000000
core   0: 0x00000000800049ec (0x41935c13) srai    s8, t1, 25
core   0: 1 0x00000000800049ec (0x41935c13) x24 0x0000000000000000
core   0: 0x00000000800049f0 (0x002021f3) csrrs   gp, frm, zero
core   0: 1 0x00000000800049f0 (0x002021f3) x3  0x0000000000000002
core   0: 0x00000000800049f4 (0x4003d013) srai    zero, t2, 0
core   0: 1 0x00000000800049f4 (0x4003d013)
core   0: 0x00000000800049f8 (0x001496f3) csrrw   a3, fflags, s1
core   0: 1 0x00000000800049f8 (0x001496f3) x13 0x0000000000000010 c1_fflags 0x0000000000000000
core   0: 0x00000000800049fc (0xa2e70ed3) fle.d   t4, fa4, fa4
core   0: 1 0x00000000800049fc (0xa2e70ed3) x29 0x0000000000000001
core   0: 0x0000000080004a00 (0x015e9b3b) sllw    s6, t4, s5
core   0: 1 0x0000000080004a00 (0x015e9b3b) x22 0xffffffff80000000
core   0: 0x0000000080004a04 (0xdb5676cf) fnmadd.d fa3, fa2, fs5, fs11
core   0: 1 0x0000000080004a04 (0xdb5676cf) f13 0x7ff8000000000000
core   0: 0x0000000080004a08 (0xd2088fd3) fcvt.d.w ft11, a7
core   0: 1 0x0000000080004a08 (0xd2088fd3) f31 0x0000000000000000
core   0: 0x0000000080004a0c (0x41c68cbb) subw    s9, a3, t3
core   0: 1 0x0000000080004a0c (0x41c68cbb) x25 0x000000007fffae00
core   0: 0x0000000080004a10 (0x40615c9b) sraiw   s9, sp, 6
core   0: 1 0x0000000080004a10 (0x40615c9b) x25 0x0000000000000000
core   0: 0x0000000080004a14 (0x43f15e13) srai    t3, sp, 63
core   0: 1 0x0000000080004a14 (0x43f15e13) x28 0x0000000000000000
core   0: 0x0000000080004a18 (0x03cdeebb) remw    t4, s11, t3
core   0: 1 0x0000000080004a18 (0x03cdeebb) x29 0x0000000000000000
core   0: 0x0000000080004a1c (0x1d7dc013) xori    zero, s11, 471
core   0: 1 0x0000000080004a1c (0x1d7dc013)
core   0: 0x0000000080004a20 (0x00009d35) c.addw  a0, a3
core   0: 1 0x0000000080004a20 (0x9d35) x10 0x0000000000000010
core   0: 0x0000000080004a22 (0x0ab3f3d3) fsub.d  ft7, ft7, fa1
core   0: 1 0x0000000080004a22 (0x0ab3f3d3) f7  0x7ff8000000000000
core   0: 0x0000000080004a26 (0xc235fdd3) fcvt.lu.d s11, fa1
core   0: 1 0x0000000080004a26 (0xc235fdd3) c1_fflags 0x0000000000000010 x27 0xffffffffffffffff
core   0: 0x0000000080004a2a (0xf2070a53) fmv.d.x fs4, a4
core   0: 1 0x0000000080004a2a (0xf2070a53) f20 0x000000000000023d
core   0: 0x0000000080004a2e (0xc20cf653) fcvt.w.d a2, fs9
core   0: 1 0x0000000080004a2e (0xc20cf653) c1_fflags 0x0000000000000010 x12 0x000000007fffffff
core   0: 0x0000000080004a32 (0x4135da9b) sraiw   s5, a1, 19
core   0: 1 0x0000000080004a32 (0x4135da9b) x21 0xffffffffffffffff
core   0: 0x0000000080004a36 (0x002e2eb3) slt     t4, t3, sp
core   0: 1 0x0000000080004a36 (0x002e2eb3) x29 0x0000000000000000
core   0: 0x0000000080004a3a (0x3b43fcc3) fmadd.d fs9, ft7, fs4, ft7
core   0: 1 0x0000000080004a3a (0x3b43fcc3) f25 0x7ff8000000000000
core   0: 0x0000000080004a3e (0x007757b3) srl     a5, a4, t2
core   0: 1 0x0000000080004a3e (0x007757b3) x15 0x000000000000023d
core   0: 0x0000000080004a42 (0x4030d63b) sraw    a2, ra, gp
core   0: 1 0x0000000080004a42 (0x4030d63b) x12 0xffffffffe0001005
core   0: 0x0000000080004a46 (0x415d8cb3) sub     s9, s11, s5
core   0: 1 0x0000000080004a46 (0x415d8cb3) x25 0x0000000000000000
core   0: 0x0000000080004a4a (0x01bd94bb) sllw    s1, s11, s11
core   0: 1 0x0000000080004a4a (0x01bd94bb) x9  0xffffffff80000000
core   0: 0x0000000080004a4e (0x0001d1bb) srlw    gp, gp, zero
core   0: 1 0x0000000080004a4e (0x0001d1bb) x3  0x0000000000000002
core   0: 0x0000000080004a52 (0x00001372) c.slli  t1, 60
core   0: 1 0x0000000080004a52 (0x1372) x6  0x1000000000000000
core   0: 0x0000000080004a54 (0x0ff0000f) fence   iorw,iorw
core   0: 1 0x0000000080004a54 (0x0ff0000f)
core   0: 0x0000000080004a58 (0x0ff0000f) fence   iorw,iorw
core   0: 1 0x0000000080004a58 (0x0ff0000f)
core   0: 0x0000000080004a5c (0x00112b33) slt     s6, sp, ra
core   0: 1 0x0000000080004a5c (0x00112b33) x22 0x0000000000000000
core   0: 0x0000000080004a60 (0x016ad633) srl     a2, s5, s6
core   0: 1 0x0000000080004a60 (0x016ad633) x12 0xffffffffffffffff
core   0: 0x0000000080004a64 (0x02562633) mulhsu  a2, a2, t0
core   0: 1 0x0000000080004a64 (0x02562633) x12 0xffffffffffffffff
core   0: 0x0000000080004a68 (0x2b140453) fmin.d  fs0, fs0, fa7
core   0: 1 0x0000000080004a68 (0x2b140453) f8  0x7ff8000000000000
core   0: 0x0000000080004a6c (0x03db7a33) remu    s4, s6, t4
core   0: 1 0x0000000080004a6c (0x03db7a33) x20 0x0000000000000000
core   0: 0x0000000080004a70 (0x037eab33) mulhsu  s6, t4, s7
core   0: 1 0x0000000080004a70 (0x037eab33) x22 0x0000000000000000
core   0: 0x0000000080004a74 (0x016ec4b3) xor     s1, t4, s6
core   0: 1 0x0000000080004a74 (0x016ec4b3) x9  0x0000000000000000
core   0: 0x0000000080004a78 (0x00143893) seqz    a7, s0
core   0: 1 0x0000000080004a78 (0x00143893) x17 0x0000000000000001
core   0: 0x0000000080004a7c (0xd0297dd3) fcvt.s.l fs11, s2
core   0: 1 0x0000000080004a7c (0xd0297dd3) f27 0xffffffffbf800000
core   0: 0x0000000080004a80 (0xc238f3d3) fcvt.lu.d t2, fa7
core   0: 1 0x0000000080004a80 (0xc238f3d3) c1_fflags 0x0000000000000010 x7  0xffffffffffffffff
core   0: 0x0000000080004a84 (0x00a987b3) add     a5, s3, a0
core   0: 1 0x0000000080004a84 (0x00a987b3) x15 0x0000000000000010
core   0: 0x0000000080004a88 (0xc23e7653) fcvt.lu.d a2, ft8
core   0: 1 0x0000000080004a88 (0xc23e7653) x12 0x00000000550b4982
core   0: 0x0000000080004a8c (0x22ac8f53) fsgnj.d ft10, fs9, fa0
core   0: 1 0x0000000080004a8c (0x22ac8f53) f30 0x7ff8000000000000
core   0: 0x0000000080004a90 (0x00261e73) csrrw   t3, frm, a2
core   0: 1 0x0000000080004a90 (0x00261e73) x28 0x0000000000000002 c2_frm 0x0000000000000002
core   0: 0x0000000080004a94 (0x01ccd6b3) srl     a3, s9, t3
core   0: 1 0x0000000080004a94 (0x01ccd6b3) x13 0x0000000000000000
core   0: 0x0000000080004a98 (0x5a05fad3) fsqrt.d fs5, fa1
core   0: 1 0x0000000080004a98 (0x5a05fad3) f21 0x7ff8000000000000
core   0: 0x0000000080004a9c (0x0302ed33) rem     s10, t0, a6
core   0: 1 0x0000000080004a9c (0x0302ed33) x26 0xfffffffffff00008
core   0: 0x0000000080004aa0 (0x0155d5bb) srlw    a1, a1, s5
core   0: 1 0x0000000080004aa0 (0x0155d5bb) x11 0x0000000000000001
core   0: 0x0000000080004aa4 (0x5fb24b93) xori    s7, tp, 1531
core   0: 1 0x0000000080004aa4 (0x5fb24b93) x23 0x00000000000005eb
core   0: 0x0000000080004aa8 (0x034de4b3) rem     s1, s11, s4
core   0: 1 0x0000000080004aa8 (0x034de4b3) x9  0xffffffffffffffff
core   0: 0x0000000080004aac (0x922f7d4b) fnmsub.d fs10, ft10, ft2, fs2
core   0: 1 0x0000000080004aac (0x922f7d4b) f26 0x7ff8000000000000
core   0: 0x0000000080004ab0 (0xc22d71d3) fcvt.l.d gp, fs10
core   0: 1 0x0000000080004ab0 (0xc22d71d3) c1_fflags 0x0000000000000010 x3  0x7fffffffffffffff
core   0: 0x0000000080004ab4 (0x401787b3) sub     a5, a5, ra
core   0: 1 0x0000000080004ab4 (0x401787b3) x15 0x000000007fffbffc
core   0: 0x0000000080004ab8 (0x48727b13) andi    s6, tp, 1159
core   0: 1 0x0000000080004ab8 (0x48727b13) x22 0x0000000000000000
core   0: 0x0000000080004abc (0x001029f3) csrrs   s3, fflags, zero
core   0: 1 0x0000000080004abc (0x001029f3) x19 0x0000000000000010
core   0: 0x0000000080004ac0 (0x01f9d39b) srliw   t2, s3, 31
core   0: 1 0x0000000080004ac0 (0x01f9d39b) x7  0x0000000000000000
core   0: 0x0000000080004ac4 (0x1b2afbcf) fnmadd.d fs7, fs5, fs2, ft3
core   0: 1 0x0000000080004ac4 (0x1b2afbcf) f23 0x7ff8000000000000
core   0: 0x0000000080004ac8 (0xd023f3d3) fcvt.s.l ft7, t2
core   0: 1 0x0000000080004ac8 (0xd023f3d3) f7  0xffffffff00000000
core   0: 0x0000000080004acc (0xf13fd2f3) csrrwi  t0, mimpid, 31
core   0: exception trap_illegal_instruction, epc 0x0000000080004acc
core   0:           tval 0x00000000f13fd2f3
core   0: >>>>  $xrv64i2p1_m2p0_a2p1_f2p2_d2p2_zicsr2p0_zifencei2p0_zmmul1p0_zba1p0_zbb1p0_zbc1p0_zbs1p0
core   0: 0x0000000080004000 (0x0080006f) j       pc + 0x8
core   0: 3 0x0000000080004000 (0x0080006f)
core   0: >>>>  mmode_exception_handler
core   0: 0x0000000080004008 (0x00002c17) auipc   s8, 0x2
core   0: 3 0x0000000080004008 (0x00002c17) x24 0x0000000080006008
core   0: 0x000000008000400c (0x00ec0c13) addi    s8, s8, 14
core   0: 3 0x000000008000400c (0x00ec0c13) x24 0x0000000080006016
core   0: 0x0000000080004010 (0x000c00e7) jalr    s8
core   0: 3 0x0000000080004010 (0x000c00e7) x1  0x0000000080004014
core   0: >>>>  any_handler
core   0: 0x0000000080006016 (0x341027f3) csrrs   a5, mepc, zero
core   0: 3 0x0000000080006016 (0x341027f3) x15 0x0000000080004acc
core   0: 0x000000008000601a (0x34202773) csrrs   a4, mcause, zero
core   0: 3 0x000000008000601a (0x34202773) x14 0x0000000000000002
core   0: 0x000000008000601e (0x142026f3) csrrs   a3, scause, zero
core   0: 3 0x000000008000601e (0x142026f3) x13 0x0000000000000000
core   0: 0x0000000080006022 (0x30402673) csrrs   a2, mie, zero
core   0: 3 0x0000000080006022 (0x30402673) x12 0x0000000000000a00
core   0: 0x0000000080006026 (0x344025f3) csrrs   a1, mip, zero
core   0: 3 0x0000000080006026 (0x344025f3) x11 0x0000000000000080
core   0: 0x000000008000602a (0x343025f3) csrrs   a1, mtval, zero
core   0: 3 0x000000008000602a (0x343025f3) x11 0x00000000f13fd2f3
core   0: 0x000000008000602e (0x14302573) csrrs   a0, stval, zero
core   0: 3 0x000000008000602e (0x14302573) x10 0x0000000000000000
core   0: 0x0000000080006032 (0xb02024f3) csrrs   s1, minstret, zero
core   0: 3 0x0000000080006032 (0xb02024f3) x9  0x0000000000000b6f
core   0: 0x0000000080006036 (0x0000a811) c.j     pc + 20
core   0: 3 0x0000000080006036 (0xa811)
core   0: >>>>  mepc_4
core   0: 0x000000008000604a (0x00000791) c.addi  a5, 4
core   0: 3 0x000000008000604a (0x0791) x15 0x0000000080004ad0
core   0: 0x000000008000604c (0x34179073) csrrw   zero, mepc, a5
core   0: 3 0x000000008000604c (0x34179073) c833_mepc 0x0000000080004ad0
core   0: 0x0000000080006050 (0x30200073) mret
core   0: 3 0x0000000080006050 (0x30200073) c768_mstatus 0x8000000a00106080
core   0: 0x0000000080004ad0 (0xd2088953) fcvt.d.w fs2, a7
core   0: 1 0x0000000080004ad0 (0xd2088953) f18 0x3ff0000000000000
core   0: 0x0000000080004ad4 (0x01c8c8b3) xor     a7, a7, t3
core   0: 1 0x0000000080004ad4 (0x01c8c8b3) x17 0x0000000000000003
core   0: 0x0000000080004ad8 (0x00b054bb) srlw    s1, zero, a1
core   0: 1 0x0000000080004ad8 (0x00b054bb) x9  0x0000000000000000
core   0: 0x0000000080004adc (0x0101da13) srli    s4, gp, 16
core   0: 1 0x0000000080004adc (0x0101da13) x20 0x00007fffffffffff
core   0: 0x0000000080004ae0 (0x0ff0000f) fence   iorw,iorw
core   0: 1 0x0000000080004ae0 (0x0ff0000f)
core   0: 0x0000000080004ae4 (0x4120503b) sraw    zero, zero, s2
core   0: 1 0x0000000080004ae4 (0x4120503b)
core   0: 0x0000000080004ae8 (0x018d5a33) srl     s4, s10, s8
core   0: 1 0x0000000080004ae8 (0x018d5a33) x20 0x000003ffffffffff
core   0: 0x0000000080004aec (0x43da2e13) slti    t3, s4, 1085
core   0: 1 0x0000000080004aec (0x43da2e13) x28 0x0000000000000000
core   0: 0x0000000080004af0 (0x01c1c1b3) xor     gp, gp, t3
core   0: 1 0x0000000080004af0 (0x01c1c1b3) x3  0x7fffffffffffffff
core   0: 0x0000000080004af4 (0xd03772d3) fcvt.s.lu ft5, a4
core   0: 1 0x0000000080004af4 (0xd03772d3) f5  0xffffffff40000000
core   0: 0x0000000080004af8 (0x001023f3) csrrs   t2, fflags, zero
core   0: 1 0x0000000080004af8 (0x001023f3) x7  0x0000000000000010
core   0: 0x0000000080004afc (0x13297153) fmul.d  ft2, fs2, fs2
core   0: 1 0x0000000080004afc (0x13297153) f2  0x3ff0000000000000
core   0: 0x0000000080004b00 (0x402c0733) sub     a4, s8, sp
core   0: 1 0x0000000080004b00 (0x402c0733) x14 0x0000000080006016
core   0: 0x0000000080004b04 (0x00009962) c.add   s2, s8
core   0: 1 0x0000000080004b04 (0x9962) x18 0x0000000080006015
core   0: 0x0000000080004b06 (0x52a3734f) fnmadd.d ft6, ft6, fa0, fa0
core   0: 1 0x0000000080004b06 (0x52a3734f) f6  0x7ff8000000000000
core   0: 0x0000000080004b0a (0x5a017653) fsqrt.d fa2, ft2
core   0: 1 0x0000000080004b0a (0x5a017653) f12 0x3ff0000000000000
core   0: 0x0000000080004b0e (0x418c5dbb) sraw    s11, s8, s8
core   0: 1 0x0000000080004b0e (0x418c5dbb) x27 0xfffffffffffffe00
core   0: 0x0000000080004b12 (0xc23efa53) fcvt.lu.d s4, ft9
core   0: 1 0x0000000080004b12 (0xc23efa53) c1_fflags 0x0000000000000010 x20 0xffffffffffffffff
core   0: 0x0000000080004b16 (0x5c02e213) ori     tp, t0, 1472
core   0: 1 0x0000000080004b16 (0x5c02e213) x4  0xfffffffffff005c8
core   0: 0x0000000080004b1a (0x00127813) andi    a6, tp, 1
core   0: 1 0x0000000080004b1a (0x00127813) x16 0x0000000000000000
core   0: 0x0000000080004b1e (0x401a74d3) fcvt.s.d fs1, fs4
core   0: 1 0x0000000080004b1e (0x401a74d3) c1_fflags 0x0000000000000013 f9  0xffffffff00000000
core   0: 0x0000000080004b22 (0x40280d33) sub     s10, a6, sp
core   0: 1 0x0000000080004b22 (0x40280d33) x26 0x0000000000000000
core   0: 0x0000000080004b26 (0x01a94c33) xor     s8, s2, s10
core   0: 1 0x0000000080004b26 (0x01a94c33) x24 0x0000000080006015
core   0: 0x0000000080004b2a (0x21bbbab7) lui     s5, 0x21bbb
core   0: 1 0x0000000080004b2a (0x21bbbab7) x21 0x0000000021bbb000
core   0: 0x0000000080004b2e (0xda785037) lui     zero, 0xda785
core   0: 1 0x0000000080004b2e (0xda785037)
core   0: 0x0000000080004b32 (0x021c70b3) remu    ra, s8, ra
core   0: 1 0x0000000080004b32 (0x021c70b3) x1  0x0000000000002001
core   0: 0x0000000080004b36 (0xc034f853) fcvt.lu.s a6, fs1
core   0: 1 0x0000000080004b36 (0xc034f853) x16 0x0000000000000000
core   0: 0x0000000080004b3a (0x03924abb) divw    s5, tp, s9
core   0: 1 0x0000000080004b3a (0x03924abb) x21 0xffffffffffffffff
core   0: 0x0000000080004b3e (0x038bc0bb) divw    ra, s7, s8
core   0: 1 0x0000000080004b3e (0x038bc0bb) x1  0x0000000000000000
core   0: 0x0000000080004b42 (0x5a0cf353) fsqrt.d ft6, fs9
core   0: 1 0x0000000080004b42 (0x5a0cf353) f6  0x7ff8000000000000
core   0: 0x0000000080004b46 (0x2338acd3) fsgnjx.d fs9, fa7, fs3
core   0: 1 0x0000000080004b46 (0x2338acd3) f25 0x7ff8000000000000
core   0: 0x0000000080004b4a (0xc2037153) fcvt.w.d sp, ft6
core   0: 1 0x0000000080004b4a (0xc2037153) c1_fflags 0x0000000000000013 x2  0x000000007fffffff
core   0: 0x0000000080004b4e (0x92fef4cb) fnmsub.d fs1, ft9, fa5, fs2
core   0: 1 0x0000000080004b4e (0x92fef4cb) f9  0x7ff8000000000000
core   0: 0x0000000080004b52 (0x00441233) sll     tp, s0, tp
core   0: 1 0x0000000080004b52 (0x00441233) x4  0x0000000000000000
core   0: 0x0000000080004b56 (0xd03273d3) fcvt.s.lu ft7, tp
core   0: 1 0x0000000080004b56 (0xd03273d3) f7  0xffffffff00000000
core   0: 0x0000000080004b5a (0x00000001) c.nop
core   0: 1 0x0000000080004b5a (0x0001)
core   0: 0x0000000080004b5c (0xc2397c53) fcvt.lu.d s8, fs2
core   0: 1 0x0000000080004b5c (0xc2397c53) x24 0x0000000000000001
core   0: 0x0000000080004b60 (0xd0317d53) fcvt.s.lu fs10, sp
core   0: 1 0x0000000080004b60 (0xd0317d53) c1_fflags 0x0000000000000013 f26 0xffffffff4effffff
core   0: 0x0000000080004b64 (0xc012fd73) csrrci  s10, time, 5
core   0: exception trap_illegal_instruction, epc 0x0000000080004b64
core   0:           tval 0x00000000c012fd73
core   0: >>>>  $xrv64i2p1_m2p0_a2p1_f2p2_d2p2_zicsr2p0_zifencei2p0_zmmul1p0_zba1p0_zbb1p0_zbc1p0_zbs1p0
core   0: 0x0000000080004000 (0x0080006f) j       pc + 0x8
core   0: 3 0x0000000080004000 (0x0080006f)
core   0: >>>>  mmode_exception_handler
core   0: 0x0000000080004008 (0x00002c17) auipc   s8, 0x2
core   0: 3 0x0000000080004008 (0x00002c17) x24 0x0000000080006008
core   0: 0x000000008000400c (0x00ec0c13) addi    s8, s8, 14
core   0: 3 0x000000008000400c (0x00ec0c13) x24 0x0000000080006016
core   0: 0x0000000080004010 (0x000c00e7) jalr    s8
core   0: 3 0x0000000080004010 (0x000c00e7) x1  0x0000000080004014
core   0: >>>>  any_handler
core   0: 0x0000000080006016 (0x341027f3) csrrs   a5, mepc, zero
core   0: 3 0x0000000080006016 (0x341027f3) x15 0x0000000080004b64
core   0: 0x000000008000601a (0x34202773) csrrs   a4, mcause, zero
core   0: 3 0x000000008000601a (0x34202773) x14 0x0000000000000002
core   0: 0x000000008000601e (0x142026f3) csrrs   a3, scause, zero
core   0: 3 0x000000008000601e (0x142026f3) x13 0x0000000000000000
core   0: 0x0000000080006022 (0x30402673) csrrs   a2, mie, zero
core   0: 3 0x0000000080006022 (0x30402673) x12 0x0000000000000a00
core   0: 0x0000000080006026 (0x344025f3) csrrs   a1, mip, zero
core   0: 3 0x0000000080006026 (0x344025f3) x11 0x0000000000000080
core   0: 0x000000008000602a (0x343025f3) csrrs   a1, mtval, zero
core   0: 3 0x000000008000602a (0x343025f3) x11 0x00000000c012fd73
core   0: 0x000000008000602e (0x14302573) csrrs   a0, stval, zero
core   0: 3 0x000000008000602e (0x14302573) x10 0x0000000000000000
core   0: 0x0000000080006032 (0xb02024f3) csrrs   s1, minstret, zero
core   0: 3 0x0000000080006032 (0xb02024f3) x9  0x0000000000000ba5
core   0: 0x0000000080006036 (0x0000a811) c.j     pc + 20
core   0: 3 0x0000000080006036 (0xa811)
core   0: >>>>  mepc_4
core   0: 0x000000008000604a (0x00000791) c.addi  a5, 4
core   0: 3 0x000000008000604a (0x0791) x15 0x0000000080004b68
core   0: 0x000000008000604c (0x34179073) csrrw   zero, mepc, a5
core   0: 3 0x000000008000604c (0x34179073) c833_mepc 0x0000000080004b68
core   0: 0x0000000080006050 (0x30200073) mret
core   0: 3 0x0000000080006050 (0x30200073) c768_mstatus 0x8000000a00106080
core   0: 0x0000000080004b68 (0x418b5e3b) sraw    t3, s6, s8
core   0: 1 0x0000000080004b68 (0x418b5e3b) x28 0x0000000000000000
core   0: 0x0000000080004b6c (0x419adc93) srai    s9, s5, 25
core   0: 1 0x0000000080004b6c (0x419adc93) x25 0xffffffffffffffff
core   0: 0x0000000080004b70 (0x02614dbb) divw    s11, sp, t1
core   0: 1 0x0000000080004b70 (0x02614dbb) x27 0xffffffffffffffff
core   0: 0x0000000080004b74 (0x01bc91bb) sllw    gp, s9, s11
core   0: 1 0x0000000080004b74 (0x01bc91bb) x3  0xffffffff80000000
core   0: 0x0000000080004b78 (0x00104e13) xori    t3, zero, 1
core   0: 1 0x0000000080004b78 (0x00104e13) x28 0x0000000000000001
core   0: 0x0000000080004b7c (0x23ce21d3) fsgnjx.d ft3, ft8, ft8
core   0: 1 0x0000000080004b7c (0x23ce21d3) f3  0x41d542d260800000
core   0: 0x0000000080004b80 (0x4001d7bb) sraw    a5, gp, zero
core   0: 1 0x0000000080004b80 (0x4001d7bb) x15 0xffffffff80000000
core   0: 0x0000000080004b84 (0x4122d293) srai    t0, t0, 18
core   0: 1 0x0000000080004b84 (0x4122d293) x5  0xfffffffffffffffc
core   0: 0x0000000080004b88 (0xc20e79d3) fcvt.w.d s3, ft8
core   0: 1 0x0000000080004b88 (0xc20e79d3) x19 0x00000000550b4982
core   0: 0x0000000080004b8c (0x1ba9091b) addiw   s2, s2, 442
core   0: 1 0x0000000080004b8c (0x1ba9091b) x18 0xffffffff800061cf
core   0: 0x0000000080004b90 (0x73692c37) lui     s8, 0x73692
core   0: 1 0x0000000080004b90 (0x73692c37) x24 0x0000000073692000
core   0: 0x0000000080004b94 (0x01a08cbb) addw    s9, ra, s10
core   0: 1 0x0000000080004b94 (0x01a08cbb) x25 0xffffffff80004014
core   0: 0x0000000080004b98 (0x0b2e7cd3) fsub.d  fs9, ft8, fs2
core   0: 1 0x0000000080004b98 (0x0b2e7cd3) f25 0x41d542d260400000
core   0: 0x0000000080004b9c (0x0257743b) remuw   s0, a4, t0
core   0: 1 0x0000000080004b9c (0x0257743b) x8  0x0000000000000002
core   0: 0x0000000080004ba0 (0x00259df3) csrrw   s11, frm, a1
core   0: 1 0x0000000080004ba0 (0x00259df3) x27 0x0000000000000002 c2_frm 0x0000000000000003
core   0: 0x0000000080004ba4 (0x7b0dbe73) csrrc   t3, dcsr, s11
core   0: exception trap_illegal_instruction, epc 0x0000000080004ba4
core   0:           tval 0x000000007b0dbe73
core   0: >>>>  $xrv64i2p1_m2p0_a2p1_f2p2_d2p2_zicsr2p0_zifencei2p0_zmmul1p0_zba1p0_zbb1p0_zbc1p0_zbs1p0
core   0: 0x0000000080004000 (0x0080006f) j       pc + 0x8
core   0: 3 0x0000000080004000 (0x0080006f)
core   0: >>>>  mmode_exception_handler
core   0: 0x0000000080004008 (0x00002c17) auipc   s8, 0x2
core   0: 3 0x0000000080004008 (0x00002c17) x24 0x0000000080006008
core   0: 0x000000008000400c (0x00ec0c13) addi    s8, s8, 14
core   0: 3 0x000000008000400c (0x00ec0c13) x24 0x0000000080006016
core   0: 0x0000000080004010 (0x000c00e7) jalr    s8
core   0: 3 0x0000000080004010 (0x000c00e7) x1  0x0000000080004014
core   0: >>>>  any_handler
core   0: 0x0000000080006016 (0x341027f3) csrrs   a5, mepc, zero
core   0: 3 0x0000000080006016 (0x341027f3) x15 0x0000000080004ba4
core   0: 0x000000008000601a (0x34202773) csrrs   a4, mcause, zero
core   0: 3 0x000000008000601a (0x34202773) x14 0x0000000000000002
core   0: 0x000000008000601e (0x142026f3) csrrs   a3, scause, zero
core   0: 3 0x000000008000601e (0x142026f3) x13 0x0000000000000000
core   0: 0x0000000080006022 (0x30402673) csrrs   a2, mie, zero
core   0: 3 0x0000000080006022 (0x30402673) x12 0x0000000000000a00
core   0: 0x0000000080006026 (0x344025f3) csrrs   a1, mip, zero
core   0: 3 0x0000000080006026 (0x344025f3) x11 0x0000000000000080
core   0: 0x000000008000602a (0x343025f3) csrrs   a1, mtval, zero
core   0: 3 0x000000008000602a (0x343025f3) x11 0x000000007b0dbe73
core   0: 0x000000008000602e (0x14302573) csrrs   a0, stval, zero
core   0: 3 0x000000008000602e (0x14302573) x10 0x0000000000000000
core   0: 0x0000000080006032 (0xb02024f3) csrrs   s1, minstret, zero
core   0: 3 0x0000000080006032 (0xb02024f3) x9  0x0000000000000bc4
core   0: 0x0000000080006036 (0x0000a811) c.j     pc + 20
core   0: 3 0x0000000080006036 (0xa811)
core   0: >>>>  mepc_4
core   0: 0x000000008000604a (0x00000791) c.addi  a5, 4
core   0: 3 0x000000008000604a (0x0791) x15 0x0000000080004ba8
core   0: 0x000000008000604c (0x34179073) csrrw   zero, mepc, a5
core   0: 3 0x000000008000604c (0x34179073) c833_mepc 0x0000000080004ba8
core   0: 0x0000000080006050 (0x30200073) mret
core   0: 3 0x0000000080006050 (0x30200073) c768_mstatus 0x8000000a00106080
core   0: 0x0000000080004ba8 (0x01abd593) srli    a1, s7, 26
core   0: 1 0x0000000080004ba8 (0x01abd593) x11 0x0000000000000000
core   0: 0x0000000080004bac (0x02a0533b) divuw   t1, zero, a0
core   0: 1 0x0000000080004bac (0x02a0533b) x6  0xffffffffffffffff
core   0: 0x0000000080004bb0 (0xc201f6d3) fcvt.w.d a3, ft3
core   0: 1 0x0000000080004bb0 (0xc201f6d3) x13 0x00000000550b4982
core   0: 0x0000000080004bb4 (0x00002033) slt     zero, zero, zero
core   0: 1 0x0000000080004bb4 (0x00002033)
core   0: 0x0000000080004bb8 (0x00000001) c.nop
core   0: 1 0x0000000080004bb8 (0x0001)
core   0: 0x0000000080004bba (0x0373b733) mulhu   a4, t2, s7
core   0: 1 0x0000000080004bba (0x0373b733) x14 0x0000000000000000
core   0: 0x0000000080004bbe (0x31558593) addi    a1, a1, 789
core   0: 1 0x0000000080004bbe (0x31558593) x11 0x0000000000000315
core   0: 0x0000000080004bc2 (0x05039b37) lui     s6, 0x5039
core   0: 1 0x0000000080004bc2 (0x05039b37) x22 0x0000000005039000
core   0: 0x0000000080004bc6 (0x82db0b1b) addiw   s6, s6, -2003
core   0: 1 0x0000000080004bc6 (0x82db0b1b) x22 0x000000000503882d
core   0: 0x0000000080004bca (0x00000b32) c.slli  s6, 12
core   0: 1 0x0000000080004bca (0x0b32) x22 0x000000503882d000
core   0: 0x0000000080004bcc (0xfcdb0b13) addi    s6, s6, -51
core   0: 1 0x0000000080004bcc (0xfcdb0b13) x22 0x000000503882cfcd
core   0: 0x0000000080004bd0 (0x01d64633) xor     a2, a2, t4
core   0: 1 0x0000000080004bd0 (0x01d64633) x12 0x0000000000000a00
core   0: 0x0000000080004bd4 (0x002024f3) csrrs   s1, frm, zero
core   0: 1 0x0000000080004bd4 (0x002024f3) x9  0x0000000000000003
core   0: 0x0000000080004bd8 (0x001b9bbb) sllw    s7, s7, ra
core   0: 1 0x0000000080004bd8 (0x001b9bbb) x23 0x000000005eb00000
core   0: 0x0000000080004bdc (0x024bd313) srli    t1, s7, 36
core   0: 1 0x0000000080004bdc (0x024bd313) x6  0x0000000000000000
core   0: 0x0000000080004be0 (0xb5dd2813) slti    a6, s10, -1187
core   0: 1 0x0000000080004be0 (0xb5dd2813) x16 0x0000000000000000
core   0: 0x0000000080004be4 (0xc2237ed3) fcvt.l.d t4, ft6
core   0: 1 0x0000000080004be4 (0xc2237ed3) c1_fflags 0x0000000000000013 x29 0x7fffffffffffffff
core   0: 0x0000000080004be8 (0xc031fa53) fcvt.lu.s s4, ft3
core   0: 1 0x0000000080004be8 (0xc031fa53) c1_fflags 0x0000000000000013 x20 0xffffffffffffffff
core   0: 0x0000000080004bec (0x0000845d) c.srai  s0, 23
core   0: 1 0x0000000080004bec (0x845d) x8  0x0000000000000000
core   0: 0x0000000080004bee (0xf13e2d73) csrrs   s10, mimpid, t3
core   0: exception trap_illegal_instruction, epc 0x0000000080004bee
core   0:           tval 0x00000000f13e2d73
core   0: >>>>  $xrv64i2p1_m2p0_a2p1_f2p2_d2p2_zicsr2p0_zifencei2p0_zmmul1p0_zba1p0_zbb1p0_zbc1p0_zbs1p0
core   0: 0x0000000080004000 (0x0080006f) j       pc + 0x8
core   0: 3 0x0000000080004000 (0x0080006f)
core   0: >>>>  mmode_exception_handler
core   0: 0x0000000080004008 (0x00002c17) auipc   s8, 0x2
core   0: 3 0x0000000080004008 (0x00002c17) x24 0x0000000080006008
core   0: 0x000000008000400c (0x00ec0c13) addi    s8, s8, 14
core   0: 3 0x000000008000400c (0x00ec0c13) x24 0x0000000080006016
core   0: 0x0000000080004010 (0x000c00e7) jalr    s8
core   0: 3 0x0000000080004010 (0x000c00e7) x1  0x0000000080004014
core   0: >>>>  any_handler
core   0: 0x0000000080006016 (0x341027f3) csrrs   a5, mepc, zero
core   0: 3 0x0000000080006016 (0x341027f3) x15 0x0000000080004bee
core   0: 0x000000008000601a (0x34202773) csrrs   a4, mcause, zero
core   0: 3 0x000000008000601a (0x34202773) x14 0x0000000000000002
core   0: 0x000000008000601e (0x142026f3) csrrs   a3, scause, zero
core   0: 3 0x000000008000601e (0x142026f3) x13 0x0000000000000000
core   0: 0x0000000080006022 (0x30402673) csrrs   a2, mie, zero
core   0: 3 0x0000000080006022 (0x30402673) x12 0x0000000000000a00
core   0: 0x0000000080006026 (0x344025f3) csrrs   a1, mip, zero
core   0: 3 0x0000000080006026 (0x344025f3) x11 0x0000000000000080
core   0: 0x000000008000602a (0x343025f3) csrrs   a1, mtval, zero
core   0: 3 0x000000008000602a (0x343025f3) x11 0x00000000f13e2d73
core   0: 0x000000008000602e (0x14302573) csrrs   a0, stval, zero
core   0: 3 0x000000008000602e (0x14302573) x10 0x0000000000000000
core   0: 0x0000000080006032 (0xb02024f3) csrrs   s1, minstret, zero
core   0: 3 0x0000000080006032 (0xb02024f3) x9  0x0000000000000be7
core   0: 0x0000000080006036 (0x0000a811) c.j     pc + 20
core   0: 3 0x0000000080006036 (0xa811)
core   0: >>>>  mepc_4
core   0: 0x000000008000604a (0x00000791) c.addi  a5, 4
core   0: 3 0x000000008000604a (0x0791) x15 0x0000000080004bf2
core   0: 0x000000008000604c (0x34179073) csrrw   zero, mepc, a5
core   0: 3 0x000000008000604c (0x34179073) c833_mepc 0x0000000080004bf2
core   0: 0x0000000080006050 (0x30200073) mret
core   0: 3 0x0000000080006050 (0x30200073) c768_mstatus 0x8000000a00106080
core   0: 0x0000000080004bf2 (0xa2301253) flt.d   tp, ft0, ft3
core   0: 1 0x0000000080004bf2 (0xa2301253) x4  0x0000000000000001
core   0: 0x0000000080004bf6 (0x021bebbb) remw    s7, s7, ra
core   0: 1 0x0000000080004bf6 (0x021bebbb) x23 0x000000005eb00000
core   0: 0x0000000080004bfa (0xbb0875cb) fnmsub.d fa1, fa6, fa6, fs7
core   0: 1 0x0000000080004bfa (0xbb0875cb) f11 0x7ff8000000000000
core   0: 0x0000000080004bfe (0x40eb8733) sub     a4, s7, a4
core   0: 1 0x0000000080004bfe (0x40eb8733) x14 0x000000005eaffffe
core   0: 0x0000000080004c02 (0x00051b1b) slliw   s6, a0, 0
core   0: 1 0x0000000080004c02 (0x00051b1b) x22 0x0000000000000000
core   0: 0x0000000080004c06 (0x000b9993) slli    s3, s7, 0
core   0: 1 0x0000000080004c06 (0x000b9993) x19 0x000000005eb00000
core   0: 0x0000000080004c0a (0x00202273) csrrs   tp, frm, zero
core   0: 1 0x0000000080004c0a (0x00202273) x4  0x0000000000000003
core   0: 0x0000000080004c0e (0x00009ede) c.add   t4, s7
core   0: 1 0x0000000080004c0e (0x9ede) x29 0x800000005eafffff
core   0: 0x0000000080004c10 (0x00000001) c.nop
core   0: 1 0x0000000080004c10 (0x0001)
core   0: 0x0000000080004c12 (0x0b9bfcd3) fsub.d  fs9, fs7, fs9
core   0: 1 0x0000000080004c12 (0x0b9bfcd3) f25 0x7ff8000000000000
core   0: 0x0000000080004c16 (0x01d65d33) srl     s10, a2, t4
core   0: 1 0x0000000080004c16 (0x01d65d33) x26 0x0000000000000000
core   0: 0x0000000080004c1a (0xc03af153) fcvt.lu.s sp, fs5
core   0: 1 0x0000000080004c1a (0xc03af153) c1_fflags 0x0000000000000013 x2  0xffffffffffffffff
core   0: 0x0000000080004c1e (0x0133533b) srlw    t1, t1, s3
core   0: 1 0x0000000080004c1e (0x0133533b) x6  0x0000000000000000
core   0: 0x0000000080004c22 (0x29a36213) ori     tp, t1, 666
core   0: 1 0x0000000080004c22 (0x29a36213) x4  0x000000000000029a
core   0: 0x0000000080004c26 (0x2ab59c53) fmax.d  fs8, fa1, fa1
core   0: 1 0x0000000080004c26 (0x2ab59c53) f24 0x7ff8000000000000
core   0: 0x0000000080004c2a (0xbb11fbc7) fmsub.d fs7, ft3, fa7, fs7
core   0: 1 0x0000000080004c2a (0xbb11fbc7) f23 0x7ff8000000000000
core   0: 0x0000000080004c2e (0x340d039b) addiw   t2, s10, 832
core   0: 1 0x0000000080004c2e (0x340d039b) x7  0x0000000000000340
core   0: 0x0000000080004c32 (0x027dedbb) remw    s11, s11, t2
core   0: 1 0x0000000080004c32 (0x027dedbb) x27 0x0000000000000002
core   0: 0x0000000080004c36 (0x01bd7533) and     a0, s10, s11
core   0: 1 0x0000000080004c36 (0x01bd7533) x10 0x0000000000000000
core   0: 0x0000000080004c3a (0x001089bb) addw    s3, ra, ra
core   0: 1 0x0000000080004c3a (0x001089bb) x19 0x0000000000008028
core   0: 0x0000000080004c3e (0x01be1d3b) sllw    s10, t3, s11
core   0: 1 0x0000000080004c3e (0x01be1d3b) x26 0x0000000000000004
core   0: 0x0000000080004c42 (0x00dd86bb) addw    a3, s11, a3
core   0: 1 0x0000000080004c42 (0x00dd86bb) x13 0x0000000000000002
core   0: 0x0000000080004c46 (0x00201073) csrrw   zero, frm, zero
core   0: 1 0x0000000080004c46 (0x00201073) c2_frm 0x0000000000000000
core   0: 0x0000000080004c4a (0x030d683b) remw    a6, s10, a6
core   0: 1 0x0000000080004c4a (0x030d683b) x16 0x0000000000000004
core   0: 0x0000000080004c4e (0x2c838b93) addi    s7, t2, 712
core   0: 1 0x0000000080004c4e (0x2c838b93) x23 0x0000000000000608
core   0: 0x0000000080004c52 (0xc21bfcd3) fcvt.wu.d s9, fs7
core   0: 1 0x0000000080004c52 (0xc21bfcd3) c1_fflags 0x0000000000000013 x25 0xffffffffffffffff
core   0: 0x0000000080004c56 (0x01bcadb3) slt     s11, s9, s11
core   0: 1 0x0000000080004c56 (0x01bcadb3) x27 0x0000000000000001
core   0: 0x0000000080004c5a (0x43647247) fmsub.d ft4, fs0, fs6, fs0
core   0: 1 0x0000000080004c5a (0x43647247) f4  0x7ff8000000000000
core   0: 0x0000000080004c5e (0x03d5723b) remuw   tp, a0, t4
core   0: 1 0x0000000080004c5e (0x03d5723b) x4  0x0000000000000000
core   0: 0x0000000080004c62 (0x00155993) srli    s3, a0, 1
core   0: 1 0x0000000080004c62 (0x00155993) x19 0x0000000000000000
core   0: 0x0000000080004c66 (0xd21200d3) fcvt.d.wu ft1, tp
core   0: 1 0x0000000080004c66 (0xd21200d3) f1  0x0000000000000000
core   0: 0x0000000080004c6a (0x00131873) csrrw   a6, fflags, t1
core   0: 1 0x0000000080004c6a (0x00131873) x16 0x0000000000000013 c1_fflags 0x0000000000000000
core   0: 0x0000000080004c6e (0x413c5c3b) sraw    s8, s8, s3
core   0: 1 0x0000000080004c6e (0x413c5c3b) x24 0xffffffff80006016
core   0: 0x0000000080004c72 (0xd030f6d3) fcvt.s.lu fa3, ra
core   0: 1 0x0000000080004c72 (0xd030f6d3) c1_fflags 0x0000000000000001 f13 0xffffffff4f000040
core   0: 0x0000000080004c76 (0x5a01f3d3) fsqrt.d ft7, ft3
core   0: 1 0x0000000080004c76 (0x5a01f3d3) c1_fflags 0x0000000000000001 f7  0x40e271a18068e7f8
core   0: 0x0000000080004c7a (0x22db1953) fsgnjn.d fs2, fs6, fa3
core   0: 1 0x0000000080004c7a (0x22db1953) f18 0x401c2aa1339cbe27
core   0: 0x0000000080004c7e (0x41bc5193) srai    gp, s8, 27
core   0: 1 0x0000000080004c7e (0x41bc5193) x3  0xfffffffffffffff0
core   0: 0x0000000080004c82 (0x022a9ab3) mulh    s5, s5, sp
core   0: 1 0x0000000080004c82 (0x022a9ab3) x21 0x0000000000000000
core   0: 0x0000000080004c86 (0x2bd8889b) addiw   a7, a7, 701
core   0: 1 0x0000000080004c86 (0x2bd8889b) x17 0x00000000000002c0
core   0: 0x0000000080004c8a (0x1a017053) fdiv.d  ft0, ft2, ft0
core   0: 1 0x0000000080004c8a (0x1a017053) c1_fflags 0x0000000000000001 f0  0x3fe6a09e667f3bcc
core   0: 0x0000000080004c8e (0x001ad31b) srliw   t1, s5, 1
core   0: 1 0x0000000080004c8e (0x001ad31b) x6  0x0000000000000000
core   0: 0x0000000080004c92 (0xfef91e37) lui     t3, 0xfef91
core   0: 1 0x0000000080004c92 (0xfef91e37) x28 0xfffffffffef91000
core   0: 0x0000000080004c96 (0xab7e0e1b) addiw   t3, t3, -1353
core   0: 1 0x0000000080004c96 (0xab7e0e1b) x28 0xfffffffffef90ab7
core   0: 0x0000000080004c9a (0x00000e36) c.slli  t3, 13
core   0: 1 0x0000000080004c9a (0x0e36) x28 0xffffffdf2156e000
core   0: 0x0000000080004c9c (0xc09e0e13) addi    t3, t3, -1015
core   0: 1 0x0000000080004c9c (0xc09e0e13) x28 0xffffffdf2156dc09
core   0: 0x0000000080004ca0 (0x028c8cbb) mulw    s9, s9, s0
core   0: 1 0x0000000080004ca0 (0x028c8cbb) x25 0x0000000000000000
core   0: 0x0000000080004ca4 (0x000098e6) c.add   a7, s9
core   0: 1 0x0000000080004ca4 (0x98e6) x17 0x00000000000002c0
core   0: 0x0000000080004ca6 (0x23ad86d3) fsgnj.d fa3, fs11, fs10
core   0: 1 0x0000000080004ca6 (0x23ad86d3) f13 0xffffffffbf800000
core   0: 0x0000000080004caa (0xc21df2d3) fcvt.wu.d t0, fs11
core   0: 1 0x0000000080004caa (0xc21df2d3) c1_fflags 0x0000000000000011 x5  0xffffffffffffffff
core   0: 0x0000000080004cae (0xc236f653) fcvt.lu.d a2, fa3
core   0: 1 0x0000000080004cae (0xc236f653) c1_fflags 0x0000000000000011 x12 0xffffffffffffffff
core   0: 0x0000000080004cb2 (0x40a9d3bb) sraw    t2, s3, a0
core   0: 1 0x0000000080004cb2 (0x40a9d3bb) x7  0x0000000000000000
core   0: 0x0000000080004cb6 (0x5a077ed3) fsqrt.d ft9, fa4
core   0: 1 0x0000000080004cb6 (0x5a077ed3) c1_fflags 0x0000000000000011 f29 0x7ff8000000000000
core   0: 0x0000000080004cba (0x011206bb) addw    a3, tp, a7
core   0: 1 0x0000000080004cba (0x011206bb) x13 0x00000000000002c0
core   0: 0x0000000080004cbe (0x23d42ad3) fsgnjx.d fs5, fs0, ft9
core   0: 1 0x0000000080004cbe (0x23d42ad3) f21 0x7ff8000000000000
core   0: 0x0000000080004cc2 (0x2a6c05d3) fmin.d  fa1, fs8, ft6
core   0: 1 0x0000000080004cc2 (0x2a6c05d3) f11 0x7ff8000000000000
core   0: 0x0000000080004cc6 (0xd02471d3) fcvt.s.l ft3, s0
core   0: 1 0x0000000080004cc6 (0xd02471d3) f3  0xffffffff00000000
core   0: 0x0000000080004cca (0xc2267953) fcvt.l.d s2, fa2
core   0: 1 0x0000000080004cca (0xc2267953) x18 0x0000000000000001
core   0: 0x0000000080004cce (0xa38ea153) feq.d   sp, ft9, fs8
core   0: 1 0x0000000080004cce (0xa38ea153) x2  0x0000000000000000
core   0: 0x0000000080004cd2 (0x1a21f653) fdiv.d  fa2, ft3, ft2
core   0: 1 0x0000000080004cd2 (0x1a21f653) f12 0x7ff8000000000000
core   0: 0x0000000080004cd6 (0xd03cfb53) fcvt.s.lu fs6, s9
core   0: 1 0x0000000080004cd6 (0xd03cfb53) f22 0xffffffff00000000
core   0: 0x0000000080004cda (0xf1296df3) csrrsi  s11, marchid, 18
core   0: exception trap_illegal_instruction, epc 0x0000000080004cda
core   0:           tval 0x00000000f1296df3
core   0: >>>>  $xrv64i2p1_m2p0_a2p1_f2p2_d2p2_zicsr2p0_zifencei2p0_zmmul1p0_zba1p0_zbb1p0_zbc1p0_zbs1p0
core   0: 0x0000000080004000 (0x0080006f) j       pc + 0x8
core   0: 3 0x0000000080004000 (0x0080006f)
core   0: >>>>  mmode_exception_handler
core   0: 0x0000000080004008 (0x00002c17) auipc   s8, 0x2
core   0: 3 0x0000000080004008 (0x00002c17) x24 0x0000000080006008
core   0: 0x000000008000400c (0x00ec0c13) addi    s8, s8, 14
core   0: 3 0x000000008000400c (0x00ec0c13) x24 0x0000000080006016
core   0: 0x0000000080004010 (0x000c00e7) jalr    s8
core   0: 3 0x0000000080004010 (0x000c00e7) x1  0x0000000080004014
core   0: >>>>  any_handler
core   0: 0x0000000080006016 (0x341027f3) csrrs   a5, mepc, zero
core   0: 3 0x0000000080006016 (0x341027f3) x15 0x0000000080004cda
core   0: 0x000000008000601a (0x34202773) csrrs   a4, mcause, zero
core   0: 3 0x000000008000601a (0x34202773) x14 0x0000000000000002
core   0: 0x000000008000601e (0x142026f3) csrrs   a3, scause, zero
core   0: 3 0x000000008000601e (0x142026f3) x13 0x0000000000000000
core   0: 0x0000000080006022 (0x30402673) csrrs   a2, mie, zero
core   0: 3 0x0000000080006022 (0x30402673) x12 0x0000000000000a00
core   0: 0x0000000080006026 (0x344025f3) csrrs   a1, mip, zero
core   0: 3 0x0000000080006026 (0x344025f3) x11 0x0000000000000080
core   0: 0x000000008000602a (0x343025f3) csrrs   a1, mtval, zero
core   0: 3 0x000000008000602a (0x343025f3) x11 0x00000000f1296df3
core   0: 0x000000008000602e (0x14302573) csrrs   a0, stval, zero
core   0: 3 0x000000008000602e (0x14302573) x10 0x0000000000000000
core   0: 0x0000000080006032 (0xb02024f3) csrrs   s1, minstret, zero
core   0: 3 0x0000000080006032 (0xb02024f3) x9  0x0000000000000c33
core   0: 0x0000000080006036 (0x0000a811) c.j     pc + 20
core   0: 3 0x0000000080006036 (0xa811)
core   0: >>>>  mepc_4
core   0: 0x000000008000604a (0x00000791) c.addi  a5, 4
core   0: 3 0x000000008000604a (0x0791) x15 0x0000000080004cde
core   0: 0x000000008000604c (0x34179073) csrrw   zero, mepc, a5
core   0: 3 0x000000008000604c (0x34179073) c833_mepc 0x0000000080004cde
core   0: 0x0000000080006050 (0x30200073) mret
core   0: 3 0x0000000080006050 (0x30200073) c768_mstatus 0x8000000a00106080
core   0: 0x0000000080004cde (0x001d9e73) csrrw   t3, fflags, s11
core   0: 1 0x0000000080004cde (0x001d9e73) x28 0x0000000000000011 c1_fflags 0x0000000000000001
core   0: 0x0000000080004ce2 (0x00a5d433) srl     s0, a1, a0
core   0: 1 0x0000000080004ce2 (0x00a5d433) x8  0x00000000f1296df3
core   0: 0x0000000080004ce6 (0x225e2f53) fsgnjx.d ft10, ft8, ft5
core   0: 1 0x0000000080004ce6 (0x225e2f53) f30 0xc1d542d260800000
core   0: 0x0000000080004cea (0x408d0cb3) sub     s9, s10, s0
core   0: 1 0x0000000080004cea (0x408d0cb3) x25 0xffffffff0ed69211
core   0: 0x0000000080004cee (0x409ad093) srai    ra, s5, 9
core   0: 1 0x0000000080004cee (0x409ad093) x1  0x0000000000000000
core   0: 0x0000000080004cf2 (0x41f3d59b) sraiw   a1, t2, 31
core   0: 1 0x0000000080004cf2 (0x41f3d59b) x11 0x0000000000000000
core   0: 0x0000000080004cf6 (0x006a86b3) add     a3, s5, t1
core   0: 1 0x0000000080004cf6 (0x006a86b3) x13 0x0000000000000000
core   0: 0x0000000080004cfa (0x01ca4233) xor     tp, s4, t3
core   0: 1 0x0000000080004cfa (0x01ca4233) x4  0xffffffffffffffee
core   0: 0x0000000080004cfe (0x0244c4bb) divw    s1, s1, tp
core   0: 1 0x0000000080004cfe (0x0244c4bb) x9  0xffffffffffffff53
core   0: 0x0000000080004d02 (0x00005c93) srli    s9, zero, 0
core   0: 1 0x0000000080004d02 (0x00005c93) x25 0x0000000000000000
core   0: 0x0000000080004d06 (0x403adab3) sra     s5, s5, gp
core   0: 1 0x0000000080004d06 (0x403adab3) x21 0x0000000000000000
core   0: 0x0000000080004d0a (0x00202df3) csrrs   s11, frm, zero
core   0: 1 0x0000000080004d0a (0x00202df3) x27 0x0000000000000000
core   0: 0x0000000080004d0e (0x02e67d3b) remuw   s10, a2, a4
core   0: 1 0x0000000080004d0e (0x02e67d3b) x26 0x0000000000000000
core   0: 0x0000000080004d12 (0x01769333) sll     t1, a3, s7
core   0: 1 0x0000000080004d12 (0x01769333) x6  0x0000000000000000
core   0: 0x0000000080004d16 (0x22af04d3) fsgnj.d fs1, ft10, fa0
core   0: 1 0x0000000080004d16 (0x22af04d3) f9  0x41d542d260800000
core   0: 0x0000000080004d1a (0x403881b3) sub     gp, a7, gp
core   0: 1 0x0000000080004d1a (0x403881b3) x3  0x00000000000002d0
core   0: 0x0000000080004d1e (0xa6c8c493) xori    s1, a7, -1428
core   0: 1 0x0000000080004d1e (0xa6c8c493) x9  0xfffffffffffff8ac
core   0: 0x0000000080004d22 (0xf11ff7f3) csrrci  a5, mvendorid, 31
core   0: exception trap_illegal_instruction, epc 0x0000000080004d22
core   0:           tval 0x00000000f11ff7f3
core   0: >>>>  $xrv64i2p1_m2p0_a2p1_f2p2_d2p2_zicsr2p0_zifencei2p0_zmmul1p0_zba1p0_zbb1p0_zbc1p0_zbs1p0
core   0: 0x0000000080004000 (0x0080006f) j       pc + 0x8
core   0: 3 0x0000000080004000 (0x0080006f)
core   0: >>>>  mmode_exception_handler
core   0: 0x0000000080004008 (0x00002c17) auipc   s8, 0x2
core   0: 3 0x0000000080004008 (0x00002c17) x24 0x0000000080006008
core   0: 0x000000008000400c (0x00ec0c13) addi    s8, s8, 14
core   0: 3 0x000000008000400c (0x00ec0c13) x24 0x0000000080006016
core   0: 0x0000000080004010 (0x000c00e7) jalr    s8
core   0: 3 0x0000000080004010 (0x000c00e7) x1  0x0000000080004014
core   0: >>>>  any_handler
core   0: 0x0000000080006016 (0x341027f3) csrrs   a5, mepc, zero
core   0: 3 0x0000000080006016 (0x341027f3) x15 0x0000000080004d22
core   0: 0x000000008000601a (0x34202773) csrrs   a4, mcause, zero
core   0: 3 0x000000008000601a (0x34202773) x14 0x0000000000000002
core   0: 0x000000008000601e (0x142026f3) csrrs   a3, scause, zero
core   0: 3 0x000000008000601e (0x142026f3) x13 0x0000000000000000
core   0: 0x0000000080006022 (0x30402673) csrrs   a2, mie, zero
core   0: 3 0x0000000080006022 (0x30402673) x12 0x0000000000000a00
core   0: 0x0000000080006026 (0x344025f3) csrrs   a1, mip, zero
core   0: 3 0x0000000080006026 (0x344025f3) x11 0x0000000000000080
core   0: 0x000000008000602a (0x343025f3) csrrs   a1, mtval, zero
core   0: 3 0x000000008000602a (0x343025f3) x11 0x00000000f11ff7f3
core   0: 0x000000008000602e (0x14302573) csrrs   a0, stval, zero
core   0: 3 0x000000008000602e (0x14302573) x10 0x0000000000000000
core   0: 0x0000000080006032 (0xb02024f3) csrrs   s1, minstret, zero
core   0: 3 0x0000000080006032 (0xb02024f3) x9  0x0000000000000c54
core   0: 0x0000000080006036 (0x0000a811) c.j     pc + 20
core   0: 3 0x0000000080006036 (0xa811)
core   0: >>>>  mepc_4
core   0: 0x000000008000604a (0x00000791) c.addi  a5, 4
core   0: 3 0x000000008000604a (0x0791) x15 0x0000000080004d26
core   0: 0x000000008000604c (0x34179073) csrrw   zero, mepc, a5
core   0: 3 0x000000008000604c (0x34179073) c833_mepc 0x0000000080004d26
core   0: 0x0000000080006050 (0x30200073) mret
core   0: 3 0x0000000080006050 (0x30200073) c768_mstatus 0x8000000a00106080
core   0: 0x0000000080004d26 (0xa3eb0c53) fle.d   s8, fs6, ft10
core   0: 1 0x0000000080004d26 (0xa3eb0c53) c1_fflags 0x0000000000000011 x24 0x0000000000000000
core   0: 0x0000000080004d2a (0xaa7a001b) addiw   zero, s4, -1369
core   0: 1 0x0000000080004d2a (0xaa7a001b)
core   0: 0x0000000080004d2e (0x2afc1c53) fmax.d  fs8, fs8, fa5
core   0: 1 0x0000000080004d2e (0x2afc1c53) f24 0x4000000000000000
core   0: 0x0000000080004d32 (0x40270533) sub     a0, a4, sp
core   0: 1 0x0000000080004d32 (0x40270533) x10 0x0000000000000002
core   0: 0x0000000080004d36 (0x4302de93) srai    t4, t0, 48
core   0: 1 0x0000000080004d36 (0x4302de93) x29 0xffffffffffffffff
core   0: 0x0000000080004d3a (0x40167653) fcvt.s.d fa2, fa2
core   0: 1 0x0000000080004d3a (0x40167653) f12 0xffffffff7fc00000
core   0: 0x0000000080004d3e (0xfffdbd93) sltiu   s11, s11, -1
core   0: 1 0x0000000080004d3e (0xfffdbd93) x27 0x0000000000000001
core   0: 0x0000000080004d42 (0x00000001) c.nop
core   0: 1 0x0000000080004d42 (0x0001)
core   0: 0x0000000080004d44 (0x03b3f4bb) remuw   s1, t2, s11
core   0: 1 0x0000000080004d44 (0x03b3f4bb) x9  0x0000000000000000
core   0: 0x0000000080004d48 (0x002c883b) addw    a6, s9, sp
core   0: 1 0x0000000080004d48 (0x002c883b) x16 0x0000000000000000
core   0: 0x0000000080004d4c (0x0105dabb) srlw    s5, a1, a6
core   0: 1 0x0000000080004d4c (0x0105dabb) x21 0xfffffffff11ff7f3
core   0: 0x0000000080004d50 (0x023a9d13) slli    s10, s5, 35
core   0: 1 0x0000000080004d50 (0x023a9d13) x26 0x88ffbf9800000000
core   0: 0x0000000080004d54 (0x03a7b7b3) mulhu   a5, a5, s10
core   0: 1 0x0000000080004d54 (0x03a7b7b3) x15 0x0000000044800915
core   0: 0x0000000080004d58 (0x03abb933) mulhu   s2, s7, s10
core   0: 1 0x0000000080004d58 (0x03abb933) x18 0x000000000000033a
core   0: 0x0000000080004d5c (0xc03c7c53) fcvt.lu.s s8, fs8
core   0: 1 0x0000000080004d5c (0xc03c7c53) c1_fflags 0x0000000000000011 x24 0xffffffffffffffff
core   0: 0x0000000080004d60 (0x63967143) fmadd.d ft2, fa2, fs9, fa2
core   0: 1 0x0000000080004d60 (0x63967143) f2  0x7ff8000000000000
core   0: 0x0000000080004d64 (0x000093ae) c.add   t2, a1
core   0: 1 0x0000000080004d64 (0x93ae) x7  0x00000000f11ff7f3
core   0: 0x0000000080004d66 (0x02948a3b) mulw    s4, s1, s1
core   0: 1 0x0000000080004d66 (0x02948a3b) x20 0x0000000000000000
core   0: 0x0000000080004d6a (0x016dd09b) srliw   ra, s11, 22
core   0: 1 0x0000000080004d6a (0x016dd09b) x1  0x0000000000000000
core   0: 0x0000000080004d6e (0x104db0f3) csrrc   ra, sie, s11
core   0: 1 0x0000000080004d6e (0x104db0f3) x1  0x0000000000000000 c772_mie 0x0000000000000a00
core   0: 0x0000000080004d72 (0xaa858437) lui     s0, 0xaa858
core   0: 1 0x0000000080004d72 (0xaa858437) x8  0xffffffffaa858000
core   0: 0x0000000080004d76 (0xe2060253) fmv.x.d tp, fa2
core   0: 1 0x0000000080004d76 (0xe2060253) x4  0xffffffff7fc00000
core   0: 0x0000000080004d7a (0x000016b6) c.slli  a3, 45
core   0: 1 0x0000000080004d7a (0x16b6) x13 0x0000000000000000
core   0: 0x0000000080004d7c (0xfff4071b) addiw   a4, s0, -1
core   0: 1 0x0000000080004d7c (0xfff4071b) x14 0xffffffffaa857fff
core   0: 0x0000000080004d80 (0x0301774b) fnmsub.d fa4, ft2, fa6, ft0
core   0: 1 0x0000000080004d80 (0x0301774b) f14 0x7ff8000000000000
core   0: 0x0000000080004d84 (0x00d6803b) addw    zero, a3, a3
core   0: 1 0x0000000080004d84 (0x00d6803b)
core   0: 0x0000000080004d88 (0x5a0a7953) fsqrt.d fs2, fs4
core   0: 1 0x0000000080004d88 (0x5a0a7953) c1_fflags 0x0000000000000011 f18 0x1ea7effaa719787c
core   0: 0x0000000080004d8c (0x001025f3) csrrs   a1, fflags, zero
core   0: 1 0x0000000080004d8c (0x001025f3) x11 0x0000000000000011
core   0: 0x0000000080004d90 (0xc22af753) fcvt.l.d a4, fs5
core   0: 1 0x0000000080004d90 (0xc22af753) c1_fflags 0x0000000000000011 x14 0x7fffffffffffffff
core   0: 0x0000000080004d94 (0x400c5c13) srai    s8, s8, 0
core   0: 1 0x0000000080004d94 (0x400c5c13) x24 0xffffffffffffffff
core   0: 0x0000000080004d98 (0x0000ecb3) or      s9, ra, zero
core   0: 1 0x0000000080004d98 (0x0000ecb3) x25 0x0000000000000000
core   0: 0x0000000080004d9c (0x001191f3) csrrw   gp, fflags, gp
core   0: 1 0x0000000080004d9c (0x001191f3) x3  0x0000000000000011 c1_fflags 0x0000000000000010
core   0: 0x0000000080004da0 (0x02a888bb) mulw    a7, a7, a0
core   0: 1 0x0000000080004da0 (0x02a888bb) x17 0x0000000000000580
core   0: 0x0000000080004da4 (0x023beeb3) rem     t4, s7, gp
core   0: 1 0x0000000080004da4 (0x023beeb3) x29 0x000000000000000e
core   0: 0x0000000080004da8 (0x0138c9b3) xor     s3, a7, s3
core   0: 1 0x0000000080004da8 (0x0138c9b3) x19 0x0000000000000580
core   0: 0x0000000080004dac (0x404c523b) sraw    tp, s8, tp
core   0: 1 0x0000000080004dac (0x404c523b) x4  0xffffffffffffffff
core   0: 0x0000000080004db0 (0x402d8db3) sub     s11, s11, sp
core   0: 1 0x0000000080004db0 (0x402d8db3) x27 0x0000000000000001
core   0: 0x0000000080004db4 (0x7ff1851b) addiw   a0, gp, 2047
core   0: 1 0x0000000080004db4 (0x7ff1851b) x10 0x0000000000000810
core   0: 0x0000000080004db8 (0x027045b3) div     a1, zero, t2
core   0: 1 0x0000000080004db8 (0x027045b3) x11 0x0000000000000000
core   0: 0x0000000080004dbc (0x025ab6b3) mulhu   a3, s5, t0
core   0: 1 0x0000000080004dbc (0x025ab6b3) x13 0xfffffffff11ff7f2
core   0: 0x0000000080004dc0 (0x8b297443) fmadd.d fs0, fs2, fs2, fa7
core   0: 1 0x0000000080004dc0 (0x8b297443) f8  0x7ff8000000000000
core   0: 0x0000000080004dc4 (0x400bde13) srai    t3, s7, 0
core   0: 1 0x0000000080004dc4 (0x400bde13) x28 0x0000000000000608
core   0: 0x0000000080004dc8 (0x4056d21b) sraiw   tp, a3, 5
core   0: 1 0x0000000080004dc8 (0x4056d21b) x4  0xffffffffff88ffbf
core   0: 0x0000000080004dcc (0x6ae67b4b) fnmsub.d fs6, fa2, fa4, fa3
core   0: 1 0x0000000080004dcc (0x6ae67b4b) f22 0x7ff8000000000000
core   0: 0x0000000080004dd0 (0x009b55bb) srlw    a1, s6, s1
core   0: 1 0x0000000080004dd0 (0x009b55bb) x11 0x0000000000000000
core   0: 0x0000000080004dd4 (0x80058d13) addi    s10, a1, -2048
core   0: 1 0x0000000080004dd4 (0x80058d13) x26 0xfffffffffffff800
core   0: 0x0000000080004dd8 (0x01fcd39b) srliw   t2, s9, 31
core   0: 1 0x0000000080004dd8 (0x01fcd39b) x7  0x0000000000000000
core   0: 0x0000000080004ddc (0x00169373) csrrw   t1, fflags, a3
core   0: 1 0x0000000080004ddc (0x00169373) x6  0x0000000000000010 c1_fflags 0x0000000000000012
core   0: 0x0000000080004de0 (0xc22b7cd3) fcvt.l.d s9, fs6
core   0: 1 0x0000000080004de0 (0xc22b7cd3) c1_fflags 0x0000000000000012 x25 0x7fffffffffffffff
core   0: 0x0000000080004de4 (0xc2097453) fcvt.w.d s0, fs2
core   0: 1 0x0000000080004de4 (0xc2097453) c1_fflags 0x0000000000000013 x8  0x0000000000000000
core   0: 0x0000000080004de8 (0x032cf933) remu    s2, s9, s2
core   0: 1 0x0000000080004de8 (0x032cf933) x18 0x0000000000000181
core   0: 0x0000000080004dec (0x320223f3) csrrs   t2, mcountinhibit, tp
core   0: exception trap_illegal_instruction, epc 0x0000000080004dec
core   0:           tval 0x00000000320223f3
core   0: >>>>  $xrv64i2p1_m2p0_a2p1_f2p2_d2p2_zicsr2p0_zifencei2p0_zmmul1p0_zba1p0_zbb1p0_zbc1p0_zbs1p0
core   0: 0x0000000080004000 (0x0080006f) j       pc + 0x8
core   0: 3 0x0000000080004000 (0x0080006f)
core   0: >>>>  mmode_exception_handler
core   0: 0x0000000080004008 (0x00002c17) auipc   s8, 0x2
core   0: 3 0x0000000080004008 (0x00002c17) x24 0x0000000080006008
core   0: 0x000000008000400c (0x00ec0c13) addi    s8, s8, 14
core   0: 3 0x000000008000400c (0x00ec0c13) x24 0x0000000080006016
core   0: 0x0000000080004010 (0x000c00e7) jalr    s8
core   0: 3 0x0000000080004010 (0x000c00e7) x1  0x0000000080004014
core   0: >>>>  any_handler
core   0: 0x0000000080006016 (0x341027f3) csrrs   a5, mepc, zero
core   0: 3 0x0000000080006016 (0x341027f3) x15 0x0000000080004dec
core   0: 0x000000008000601a (0x34202773) csrrs   a4, mcause, zero
core   0: 3 0x000000008000601a (0x34202773) x14 0x0000000000000002
core   0: 0x000000008000601e (0x142026f3) csrrs   a3, scause, zero
core   0: 3 0x000000008000601e (0x142026f3) x13 0x0000000000000000
core   0: 0x0000000080006022 (0x30402673) csrrs   a2, mie, zero
core   0: 3 0x0000000080006022 (0x30402673) x12 0x0000000000000a00
core   0: 0x0000000080006026 (0x344025f3) csrrs   a1, mip, zero
core   0: 3 0x0000000080006026 (0x344025f3) x11 0x0000000000000080
core   0: 0x000000008000602a (0x343025f3) csrrs   a1, mtval, zero
core   0: 3 0x000000008000602a (0x343025f3) x11 0x00000000320223f3
core   0: 0x000000008000602e (0x14302573) csrrs   a0, stval, zero
core   0: 3 0x000000008000602e (0x14302573) x10 0x0000000000000000
core   0: 0x0000000080006032 (0xb02024f3) csrrs   s1, minstret, zero
core   0: 3 0x0000000080006032 (0xb02024f3) x9  0x0000000000000c97
core   0: 0x0000000080006036 (0x0000a811) c.j     pc + 20
core   0: 3 0x0000000080006036 (0xa811)
core   0: >>>>  mepc_4
core   0: 0x000000008000604a (0x00000791) c.addi  a5, 4
core   0: 3 0x000000008000604a (0x0791) x15 0x0000000080004df0
core   0: 0x000000008000604c (0x34179073) csrrw   zero, mepc, a5
core   0: 3 0x000000008000604c (0x34179073) c833_mepc 0x0000000080004df0
core   0: 0x0000000080006050 (0x30200073) mret
core   0: 3 0x0000000080006050 (0x30200073) c768_mstatus 0x8000000a00106080
core   0: 0x0000000080004df0 (0x01c09b9b) slliw   s7, ra, 28
core   0: 1 0x0000000080004df0 (0x01c09b9b) x23 0x0000000040000000
core   0: 0x0000000080004df4 (0xd0397553) fcvt.s.lu fa0, s2
core   0: 1 0x0000000080004df4 (0xd0397553) f10 0xffffffff43c08000
core   0: 0x0000000080004df8 (0x22aeaa53) fsgnjx.d fs4, ft9, fa0
core   0: 1 0x0000000080004df8 (0x22aeaa53) f20 0xfff8000000000000
core   0: 0x0000000080004dfc (0x002b95f3) csrrw   a1, frm, s7
core   0: 1 0x0000000080004dfc (0x002b95f3) x11 0x0000000000000000 c2_frm 0x0000000000000000
core   0: 0x0000000080004e00 (0x02bc2cb3) mulhsu  s9, s8, a1
core   0: 1 0x0000000080004e00 (0x02bc2cb3) x25 0x0000000000000000
core   0: 0x0000000080004e04 (0x40d084bb) subw    s1, ra, a3
core   0: 1 0x0000000080004e04 (0x40d084bb) x9  0xffffffff80004014
core   0: 0x0000000080004e08 (0xc20ef9d3) fcvt.w.d s3, ft9
core   0: 1 0x0000000080004e08 (0xc20ef9d3) c1_fflags 0x0000000000000013 x19 0x000000007fffffff
core   0: 0x0000000080004e0c (0x03b1f7b3) remu    a5, gp, s11
core   0: 1 0x0000000080004e0c (0x03b1f7b3) x15 0x0000000000000000
core   0: 0x0000000080004e10 (0x03de9b33) mulh    s6, t4, t4
core   0: 1 0x0000000080004e10 (0x03de9b33) x22 0x0000000000000000
core   0: 0x0000000080004e14 (0xc20b7853) fcvt.w.d a6, fs6
core   0: 1 0x0000000080004e14 (0xc20b7853) c1_fflags 0x0000000000000013 x16 0x000000007fffffff
core   0: 0x0000000080004e18 (0xe20e83d3) fmv.x.d t2, ft9
core   0: 1 0x0000000080004e18 (0xe20e83d3) x7  0x7ff8000000000000
core   0: 0x0000000080004e1c (0xb4ece213) ori     tp, s9, -1202
core   0: 1 0x0000000080004e1c (0xb4ece213) x4  0xfffffffffffffb4e
core   0: 0x0000000080004e20 (0x401a7ad3) fcvt.s.d fs5, fs4
core   0: 1 0x0000000080004e20 (0x401a7ad3) f21 0xffffffff7fc00000
core   0: 0x0000000080004e24 (0xe284fe47) fmsub.d ft8, fs1, fs0, ft8
core   0: 1 0x0000000080004e24 (0xe284fe47) f28 0x7ff8000000000000
core   0: 0x0000000080004e28 (0x78797913) andi    s2, s2, 1927
core   0: 1 0x0000000080004e28 (0x78797913) x18 0x0000000000000181
core   0: 0x0000000080004e2c (0xd0387f53) fcvt.s.lu ft10, a6
core   0: 1 0x0000000080004e2c (0xd0387f53) c1_fflags 0x0000000000000013 f30 0xffffffff4f000000
core   0: 0x0000000080004e30 (0xd028fb53) fcvt.s.l fs6, a7
core   0: 1 0x0000000080004e30 (0xd028fb53) f22 0xffffffff44b00000
core   0: 0x0000000080004e34 (0x5a0476d3) fsqrt.d fa3, fs0
core   0: 1 0x0000000080004e34 (0x5a0476d3) f13 0x7ff8000000000000
core   0: 0x0000000080004e38 (0x2ac084d3) fmin.d  fs1, ft1, fa2
core   0: 1 0x0000000080004e38 (0x2ac084d3) f9  0x0000000000000000
core   0: 0x0000000080004e3c (0xd02bfa53) fcvt.s.l fs4, s7
core   0: 1 0x0000000080004e3c (0xd02bfa53) f20 0xffffffff4e800000
core   0: 0x0000000080004e40 (0x00d6551b) srliw   a0, a2, 13
core   0: 1 0x0000000080004e40 (0x00d6551b) x10 0x0000000000000000
core   0: 0x0000000080004e44 (0x4105dd9b) sraiw   s11, a1, 16
core   0: 1 0x0000000080004e44 (0x4105dd9b) x27 0x0000000000000000
core   0: 0x0000000080004e48 (0xd025fd53) fcvt.s.l fs10, a1
core   0: 1 0x0000000080004e48 (0xd025fd53) f26 0xffffffff00000000
core   0: 0x0000000080004e4c (0x002026f3) csrrs   a3, frm, zero
core   0: 1 0x0000000080004e4c (0x002026f3) x13 0x0000000000000000
core   0: 0x0000000080004e50 (0x029ca4b3) mulhsu  s1, s9, s1
core   0: 1 0x0000000080004e50 (0x029ca4b3) x9  0x0000000000000000
core   0: 0x0000000080004e54 (0x009414b3) sll     s1, s0, s1
core   0: 1 0x0000000080004e54 (0x009414b3) x9  0x0000000000000000
core   0: 0x0000000080004e58 (0x02c8d53b) divuw   a0, a7, a2
core   0: 1 0x0000000080004e58 (0x02c8d53b) x10 0x0000000000000000
core   0: 0x0000000080004e5c (0x4298d593) srai    a1, a7, 41
core   0: 1 0x0000000080004e5c (0x4298d593) x11 0x0000000000000000
core   0: 0x0000000080004e60 (0x2b9080d3) fmin.d  ft1, ft1, fs9
core   0: 1 0x0000000080004e60 (0x2b9080d3) f1  0x0000000000000000
core   0: 0x0000000080004e64 (0x1bc97e53) fdiv.d  ft8, fs2, ft8
core   0: 1 0x0000000080004e64 (0x1bc97e53) f28 0x7ff8000000000000
core   0: 0x0000000080004e68 (0x01769d3b) sllw    s10, a3, s7
core   0: 1 0x0000000080004e68 (0x01769d3b) x26 0x0000000000000000
core   0: 0x0000000080004e6c (0xc200f253) fcvt.w.d tp, ft1
core   0: 1 0x0000000080004e6c (0xc200f253) x4  0x0000000000000000
core   0: 0x0000000080004e70 (0x00eb14b3) sll     s1, s6, a4
core   0: 1 0x0000000080004e70 (0x00eb14b3) x9  0x0000000000000000
core   0: 0x0000000080004e74 (0x00b9da3b) srlw    s4, s3, a1
core   0: 1 0x0000000080004e74 (0x00b9da3b) x20 0x000000007fffffff
core   0: 0x0000000080004e78 (0x030cf93b) remuw   s2, s9, a6
core   0: 1 0x0000000080004e78 (0x030cf93b) x18 0x0000000000000000
core   0: 0x0000000080004e7c (0x412cdb33) sra     s6, s9, s2
core   0: 1 0x0000000080004e7c (0x412cdb33) x22 0x0000000000000000
core   0: 0x0000000080004e80 (0xd022f553) fcvt.s.l fa0, t0
core   0: 1 0x0000000080004e80 (0xd022f553) f10 0xffffffffbf800000
core   0: 0x0000000080004e84 (0x03b97553) fadd.d  fa0, fs2, fs11
core   0: 1 0x0000000080004e84 (0x03b97553) f10 0x7ff8000000000000
core   0: 0x0000000080004e88 (0x2a9485d3) fmin.d  fa1, fs1, fs1
core   0: 1 0x0000000080004e88 (0x2a9485d3) f11 0x0000000000000000
core   0: 0x0000000080004e8c (0xc629e193) ori     gp, s3, -926
core   0: 1 0x0000000080004e8c (0xc629e193) x3  0xffffffffffffffff
core   0: 0x0000000080004e90 (0x6eda8e93) addi    t4, s5, 1773
core   0: 1 0x0000000080004e90 (0x6eda8e93) x29 0xfffffffff11ffee0
core   0: 0x0000000080004e94 (0x023ea0b3) mulhsu  ra, t4, gp
core   0: 1 0x0000000080004e94 (0x023ea0b3) x1  0xfffffffff11ffee0
core   0: 0x0000000080004e98 (0x02b07ccb) fnmsub.d fs9, ft0, fa1, ft0
core   0: 1 0x0000000080004e98 (0x02b07ccb) f25 0x3fe6a09e667f3bcc
core   0: 0x0000000080004e9c (0x02f45b93) srli    s7, s0, 47
core   0: 1 0x0000000080004e9c (0x02f45b93) x23 0x0000000000000000
core   0: 0x0000000080004ea0 (0x4125dc1b) sraiw   s8, a1, 18
core   0: 1 0x0000000080004ea0 (0x4125dc1b) x24 0x0000000000000000
core   0: 0x0000000080004ea4 (0x40430b3b) subw    s6, t1, tp
core   0: 1 0x0000000080004ea4 (0x40430b3b) x22 0x0000000000000010
core   0: 0x0000000080004ea8 (0x63767e4b) fnmsub.d ft8, fa2, fs7, fa2
core   0: 1 0x0000000080004ea8 (0x63767e4b) f28 0x7ff8000000000000
core   0: 0x0000000080004eac (0xc02e79d3) fcvt.l.s s3, ft8
core   0: 1 0x0000000080004eac (0xc02e79d3) c1_fflags 0x0000000000000013 x19 0x7fffffffffffffff
core   0: 0x0000000080004eb0 (0x01386833) or      a6, a6, s3
core   0: 1 0x0000000080004eb0 (0x01386833) x16 0x7fffffffffffffff
core   0: 0x0000000080004eb4 (0xc03e7953) fcvt.lu.s s2, ft8
core   0: 1 0x0000000080004eb4 (0xc03e7953) c1_fflags 0x0000000000000013 x18 0xffffffffffffffff
core   0: 0x0000000080004eb8 (0x7ff68d13) addi    s10, a3, 2047
core   0: 1 0x0000000080004eb8 (0x7ff68d13) x26 0x00000000000007ff
core   0: 0x0000000080004ebc (0xd2198ed3) fcvt.d.wu ft9, s3
core   0: 1 0x0000000080004ebc (0xd2198ed3) f29 0x41efffffffe00000
core   0: 0x0000000080004ec0 (0x135ef8d3) fmul.d  fa7, ft9, fs5
core   0: 1 0x0000000080004ec0 (0x135ef8d3) f17 0x7ff8000000000000
core   0: 0x0000000080004ec4 (0x00b795b3) sll     a1, a5, a1
core   0: 1 0x0000000080004ec4 (0x00b795b3) x11 0x0000000000000000
core   0: 0x0000000080004ec8 (0x0a7ff453) fsub.d  fs0, ft11, ft7
core   0: 1 0x0000000080004ec8 (0x0a7ff453) f8  0xc0e271a18068e7f8
core   0: 0x0000000080004ecc (0x40c58033) sub     zero, a1, a2
core   0: 1 0x0000000080004ecc (0x40c58033)
core   0: 0x0000000080004ed0 (0x419bd433) sra     s0, s7, s9
core   0: 1 0x0000000080004ed0 (0x419bd433) x8  0x0000000000000000
core   0: 0x0000000080004ed4 (0xc223f7d3) fcvt.l.d a5, ft7
core   0: 1 0x0000000080004ed4 (0xc223f7d3) c1_fflags 0x0000000000000013 x15 0x000000000000938d
core   0: 0x0000000080004ed8 (0x016aabb3) slt     s7, s5, s6
core   0: 1 0x0000000080004ed8 (0x016aabb3) x23 0x0000000000000001
core   0: 0x0000000080004edc (0xc2347053) fcvt.lu.d zero, fs0
core   0: 1 0x0000000080004edc (0xc2347053) c1_fflags 0x0000000000000013
core   0: 0x0000000080004ee0 (0x00b617b3) sll     a5, a2, a1
core   0: 1 0x0000000080004ee0 (0x00b617b3) x15 0x0000000000000a00
core   0: 0x0000000080004ee4 (0xd237f2d3) fcvt.d.lu ft5, a5
core   0: 1 0x0000000080004ee4 (0xd237f2d3) f5  0x40a4000000000000
core   0: 0x0000000080004ee8 (0x0371a0b3) mulhsu  ra, gp, s7
core   0: 1 0x0000000080004ee8 (0x0371a0b3) x1  0xffffffffffffffff
core   0: 0x0000000080004eec (0x0383ec3b) remw    s8, t2, s8
core   0: 1 0x0000000080004eec (0x0383ec3b) x24 0x0000000000000000
core   0: 0x0000000080004ef0 (0x0156949b) slliw   s1, a3, 21
core   0: 1 0x0000000080004ef0 (0x0156949b) x9  0x0000000000000000
core   0: 0x0000000080004ef4 (0x00e49d9b) slliw   s11, s1, 14
core   0: 1 0x0000000080004ef4 (0x00e49d9b) x27 0x0000000000000000
core   0: 0x0000000080004ef8 (0x010192bb) sllw    t0, gp, a6
core   0: 1 0x0000000080004ef8 (0x010192bb) x5  0xffffffff80000000
core   0: 0x0000000080004efc (0x80020393) addi    t2, tp, -2048
core   0: 1 0x0000000080004efc (0x80020393) x7  0xfffffffffffff800
core   0: 0x0000000080004f00 (0x2ae479cf) fnmadd.d fs3, fs0, fa4, ft5
core   0: 1 0x0000000080004f00 (0x2ae479cf) f19 0x7ff8000000000000
core   0: 0x0000000080004f04 (0x000092c6) c.add   t0, a7
core   0: 1 0x0000000080004f04 (0x92c6) x5  0xffffffff80000580
core   0: 0x0000000080004f06 (0x00421abb) sllw    s5, tp, tp
core   0: 1 0x0000000080004f06 (0x00421abb) x21 0x0000000000000000
core   0: 0x0000000080004f0a (0x0078d8bb) srlw    a7, a7, t2
core   0: 1 0x0000000080004f0a (0x0078d8bb) x17 0x0000000000000580
core   0: 0x0000000080004f0e (0x49046813) ori     a6, s0, 1168
core   0: 1 0x0000000080004f0e (0x49046813) x16 0x0000000000000490
core   0: 0x0000000080004f12 (0xd02afbd3) fcvt.s.l fs7, s5
core   0: 1 0x0000000080004f12 (0xd02afbd3) f23 0xffffffff00000000
core   0: 0x0000000080004f16 (0xe2010753) fmv.x.d a4, ft2
core   0: 1 0x0000000080004f16 (0xe2010753) x14 0x7ff8000000000000
core   0: 0x0000000080004f1a (0x40de5b3b) sraw    s6, t3, a3
core   0: 1 0x0000000080004f1a (0x40de5b3b) x22 0x0000000000000608
core   0: 0x0000000080004f1e (0x3105a9f3) csrrs   s3, mstatush, a1
core   0: exception trap_illegal_instruction, epc 0x0000000080004f1e
core   0:           tval 0x000000003105a9f3
core   0: >>>>  $xrv64i2p1_m2p0_a2p1_f2p2_d2p2_zicsr2p0_zifencei2p0_zmmul1p0_zba1p0_zbb1p0_zbc1p0_zbs1p0
core   0: 0x0000000080004000 (0x0080006f) j       pc + 0x8
core   0: 3 0x0000000080004000 (0x0080006f)
core   0: >>>>  mmode_exception_handler
core   0: 0x0000000080004008 (0x00002c17) auipc   s8, 0x2
core   0: 3 0x0000000080004008 (0x00002c17) x24 0x0000000080006008
core   0: 0x000000008000400c (0x00ec0c13) addi    s8, s8, 14
core   0: 3 0x000000008000400c (0x00ec0c13) x24 0x0000000080006016
core   0: 0x0000000080004010 (0x000c00e7) jalr    s8
core   0: 3 0x0000000080004010 (0x000c00e7) x1  0x0000000080004014
core   0: >>>>  any_handler
core   0: 0x0000000080006016 (0x341027f3) csrrs   a5, mepc, zero
core   0: 3 0x0000000080006016 (0x341027f3) x15 0x0000000080004f1e
core   0: 0x000000008000601a (0x34202773) csrrs   a4, mcause, zero
core   0: 3 0x000000008000601a (0x34202773) x14 0x0000000000000002
core   0: 0x000000008000601e (0x142026f3) csrrs   a3, scause, zero
core   0: 3 0x000000008000601e (0x142026f3) x13 0x0000000000000000
core   0: 0x0000000080006022 (0x30402673) csrrs   a2, mie, zero
core   0: 3 0x0000000080006022 (0x30402673) x12 0x0000000000000a00
core   0: 0x0000000080006026 (0x344025f3) csrrs   a1, mip, zero
core   0: 3 0x0000000080006026 (0x344025f3) x11 0x0000000000000080
core   0: 0x000000008000602a (0x343025f3) csrrs   a1, mtval, zero
core   0: 3 0x000000008000602a (0x343025f3) x11 0x000000003105a9f3
core   0: 0x000000008000602e (0x14302573) csrrs   a0, stval, zero
core   0: 3 0x000000008000602e (0x14302573) x10 0x0000000000000000
core   0: 0x0000000080006032 (0xb02024f3) csrrs   s1, minstret, zero
core   0: 3 0x0000000080006032 (0xb02024f3) x9  0x0000000000000cf3
core   0: 0x0000000080006036 (0x0000a811) c.j     pc + 20
core   0: 3 0x0000000080006036 (0xa811)
core   0: >>>>  mepc_4
core   0: 0x000000008000604a (0x00000791) c.addi  a5, 4
core   0: 3 0x000000008000604a (0x0791) x15 0x0000000080004f22
core   0: 0x000000008000604c (0x34179073) csrrw   zero, mepc, a5
core   0: 3 0x000000008000604c (0x34179073) c833_mepc 0x0000000080004f22
core   0: 0x0000000080006050 (0x30200073) mret
core   0: 3 0x0000000080006050 (0x30200073) c768_mstatus 0x8000000a00106080
core   0: 0x0000000080004f22 (0x406bd33b) sraw    t1, s7, t1
core   0: 1 0x0000000080004f22 (0x406bd33b) x6  0x0000000000000000
core   0: 0x0000000080004f26 (0x41fe5b1b) sraiw   s6, t3, 31
core   0: 1 0x0000000080004f26 (0x41fe5b1b) x22 0x0000000000000000
core   0: 0x0000000080004f2a (0x024000bb) mulw    ra, zero, tp
core   0: 1 0x0000000080004f2a (0x024000bb) x1  0x0000000000000000
core   0: 0x0000000080004f2e (0xc97c4ab7) lui     s5, 0xc97c4
core   0: 1 0x0000000080004f2e (0xc97c4ab7) x21 0xffffffffc97c4000
core   0: 0x0000000080004f32 (0xc02ff7d3) fcvt.l.s a5, ft11
core   0: 1 0x0000000080004f32 (0xc02ff7d3) c1_fflags 0x0000000000000013 x15 0x7fffffffffffffff
core   0: 0x0000000080004f36 (0xf20089d3) fmv.d.x fs3, ra
core   0: 1 0x0000000080004f36 (0xf20089d3) f19 0x0000000000000000
core   0: 0x0000000080004f3a (0x0087993b) sllw    s2, a5, s0
core   0: 1 0x0000000080004f3a (0x0087993b) x18 0xffffffffffffffff
core   0: 0x0000000080004f3e (0x039ab4b3) mulhu   s1, s5, s9
core   0: 1 0x0000000080004f3e (0x039ab4b3) x9  0x0000000000000000
core   0: 0x0000000080004f42 (0x00009626) c.add   a2, s1
core   0: 1 0x0000000080004f42 (0x9626) x12 0x0000000000000a00
core   0: 0x0000000080004f44 (0x4003d213) srai    tp, t2, 0
core   0: 1 0x0000000080004f44 (0x4003d213) x4  0xfffffffffffff800
core   0: 0x0000000080004f48 (0x404adcbb) sraw    s9, s5, tp
core   0: 1 0x0000000080004f48 (0x404adcbb) x25 0xffffffffc97c4000
core   0: 0x0000000080004f4c (0x1338fa53) fmul.d  fs4, fa7, fs3
core   0: 1 0x0000000080004f4c (0x1338fa53) f20 0x7ff8000000000000
core   0: 0x0000000080004f50 (0xc22ef6d3) fcvt.l.d a3, ft9
core   0: 1 0x0000000080004f50 (0xc22ef6d3) x13 0x00000000ffffffff
core   0: 0x0000000080004f54 (0x01221b9b) slliw   s7, tp, 18
core   0: 1 0x0000000080004f54 (0x01221b9b) x23 0xffffffffe0000000
core   0: 0x0000000080004f58 (0xc81ed173) csrrwi  sp, timeh, 29
core   0: exception trap_illegal_instruction, epc 0x0000000080004f58
core   0:           tval 0x00000000c81ed173
core   0: >>>>  $xrv64i2p1_m2p0_a2p1_f2p2_d2p2_zicsr2p0_zifencei2p0_zmmul1p0_zba1p0_zbb1p0_zbc1p0_zbs1p0
core   0: 0x0000000080004000 (0x0080006f) j       pc + 0x8
core   0: 3 0x0000000080004000 (0x0080006f)
core   0: >>>>  mmode_exception_handler
core   0: 0x0000000080004008 (0x00002c17) auipc   s8, 0x2
core   0: 3 0x0000000080004008 (0x00002c17) x24 0x0000000080006008
core   0: 0x000000008000400c (0x00ec0c13) addi    s8, s8, 14
core   0: 3 0x000000008000400c (0x00ec0c13) x24 0x0000000080006016
core   0: 0x0000000080004010 (0x000c00e7) jalr    s8
core   0: 3 0x0000000080004010 (0x000c00e7) x1  0x0000000080004014
core   0: >>>>  any_handler
core   0: 0x0000000080006016 (0x341027f3) csrrs   a5, mepc, zero
core   0: 3 0x0000000080006016 (0x341027f3) x15 0x0000000080004f58
core   0: 0x000000008000601a (0x34202773) csrrs   a4, mcause, zero
core   0: 3 0x000000008000601a (0x34202773) x14 0x0000000000000002
core   0: 0x000000008000601e (0x142026f3) csrrs   a3, scause, zero
core   0: 3 0x000000008000601e (0x142026f3) x13 0x0000000000000000
core   0: 0x0000000080006022 (0x30402673) csrrs   a2, mie, zero
core   0: 3 0x0000000080006022 (0x30402673) x12 0x0000000000000a00
core   0: 0x0000000080006026 (0x344025f3) csrrs   a1, mip, zero
core   0: 3 0x0000000080006026 (0x344025f3) x11 0x0000000000000080
core   0: 0x000000008000602a (0x343025f3) csrrs   a1, mtval, zero
core   0: 3 0x000000008000602a (0x343025f3) x11 0x00000000c81ed173
core   0: 0x000000008000602e (0x14302573) csrrs   a0, stval, zero
core   0: 3 0x000000008000602e (0x14302573) x10 0x0000000000000000
core   0: 0x0000000080006032 (0xb02024f3) csrrs   s1, minstret, zero
core   0: 3 0x0000000080006032 (0xb02024f3) x9  0x0000000000000d11
core   0: 0x0000000080006036 (0x0000a811) c.j     pc + 20
core   0: 3 0x0000000080006036 (0xa811)
core   0: >>>>  mepc_4
core   0: 0x000000008000604a (0x00000791) c.addi  a5, 4
core   0: 3 0x000000008000604a (0x0791) x15 0x0000000080004f5c
core   0: 0x000000008000604c (0x34179073) csrrw   zero, mepc, a5
core   0: 3 0x000000008000604c (0x34179073) c833_mepc 0x0000000080004f5c
core   0: 0x0000000080006050 (0x30200073) mret
core   0: 3 0x0000000080006050 (0x30200073) c768_mstatus 0x8000000a00106080
core   0: 0x0000000080004f5c (0x00259e3b) sllw    t3, a1, sp
core   0: 1 0x0000000080004f5c (0x00259e3b) x28 0xffffffffc81ed173
core   0: 0x0000000080004f60 (0x000019d6) c.slli  s3, 53
core   0: 1 0x0000000080004f60 (0x19d6) x19 0xffe0000000000000
core   0: 0x0000000080004f62 (0x80010013) addi    zero, sp, -2048
core   0: 1 0x0000000080004f62 (0x80010013)
core   0: 0x0000000080004f66 (0x0394d113) srli    sp, s1, 57
core   0: 1 0x0000000080004f66 (0x0394d113) x2  0x0000000000000000
core   0: 0x0000000080004f6a (0xdac6879b) addiw   a5, a3, -596
core   0: 1 0x0000000080004f6a (0xdac6879b) x15 0xfffffffffffffdac
core   0: 0x0000000080004f6e (0x001025f3) csrrs   a1, fflags, zero
core   0: 1 0x0000000080004f6e (0x001025f3) x11 0x0000000000000013
core   0: 0x0000000080004f72 (0xc22a7e53) fcvt.l.d t3, fs4
core   0: 1 0x0000000080004f72 (0xc22a7e53) c1_fflags 0x0000000000000013 x28 0x7fffffffffffffff
core   0: 0x0000000080004f76 (0xc239f753) fcvt.lu.d a4, fs3
core   0: 1 0x0000000080004f76 (0xc239f753) x14 0x0000000000000000
core   0: 0x0000000080004f7a (0xc238f753) fcvt.lu.d a4, fa7
core   0: 1 0x0000000080004f7a (0xc238f753) c1_fflags 0x0000000000000013 x14 0xffffffffffffffff
core   0: 0x0000000080004f7e (0x0125dd9b) srliw   s11, a1, 18
core   0: 1 0x0000000080004f7e (0x0125dd9b) x27 0x0000000000000000
core   0: 0x0000000080004f82 (0xc2197653) fcvt.wu.d a2, fs2
core   0: 1 0x0000000080004f82 (0xc2197653) c1_fflags 0x0000000000000013 x12 0x0000000000000000
core   0: 0x0000000080004f86 (0xc23efcd3) fcvt.lu.d s9, ft9
core   0: 1 0x0000000080004f86 (0xc23efcd3) x25 0x00000000ffffffff
core   0: 0x0000000080004f8a (0xd2120853) fcvt.d.wu fa6, tp
core   0: 1 0x0000000080004f8a (0xd2120853) f16 0x41efffff00000000
core   0: 0x0000000080004f8e (0x0035a333) slt     t1, a1, gp
core   0: 1 0x0000000080004f8e (0x0035a333) x6  0x0000000000000000
core   0: 0x0000000080004f92 (0x401ff7d3) fcvt.s.d fa5, ft11
core   0: 1 0x0000000080004f92 (0x401ff7d3) f15 0xffffffff00000000
core   0: 0x0000000080004f96 (0xf261c513) xori    a0, gp, -218
core   0: 1 0x0000000080004f96 (0xf261c513) x10 0x00000000000000d9
core   0: 0x0000000080004f9a (0x3e283397) auipc   t2, 0x3e283
core   0: 1 0x0000000080004f9a (0x3e283397) x7  0x00000000be287f9a
core   0: 0x0000000080004f9e (0x23ff90d3) fsgnjn.d ft1, ft11, ft11
core   0: 1 0x0000000080004f9e (0x23ff90d3) f1  0x8000000000000000
core   0: 0x0000000080004fa2 (0xc2157653) fcvt.wu.d a2, fa0
core   0: 1 0x0000000080004fa2 (0xc2157653) c1_fflags 0x0000000000000013 x12 0xffffffffffffffff
core   0: 0x0000000080004fa6 (0xb3497c43) fmadd.d fs8, fs2, fs4, fs6
core   0: 1 0x0000000080004fa6 (0xb3497c43) f24 0x7ff8000000000000
core   0: 0x0000000080004faa (0xc21b75d3) fcvt.wu.d a1, fs6
core   0: 1 0x0000000080004faa (0xc21b75d3) c1_fflags 0x0000000000000013 x11 0xffffffffffffffff
core   0: 0x0000000080004fae (0x01a2509b) srliw   ra, tp, 26
core   0: 1 0x0000000080004fae (0x01a2509b) x1  0x000000000000003f
core   0: 0x0000000080004fb2 (0xf20086d3) fmv.d.x fa3, ra
core   0: 1 0x0000000080004fb2 (0xf20086d3) f13 0x000000000000003f
core   0: 0x0000000080004fb6 (0x01224933) xor     s2, tp, s2
core   0: 1 0x0000000080004fb6 (0x01224933) x18 0x00000000000007ff
core   0: 0x0000000080004fba (0xc20d881b) addiw   a6, s11, -992
core   0: 1 0x0000000080004fba (0xc20d881b) x16 0xfffffffffffffc20
core   0: 0x0000000080004fbe (0x0000397d) c.addiw s2, -1
core   0: 1 0x0000000080004fbe (0x397d) x18 0x00000000000007fe
core   0: 0x0000000080004fc0 (0xc03971d3) fcvt.lu.s gp, fs2
core   0: 1 0x0000000080004fc0 (0xc03971d3) c1_fflags 0x0000000000000013 x3  0xffffffffffffffff
core   0: 0x0000000080004fc4 (0xc20c76d3) fcvt.w.d a3, fs8
core   0: 1 0x0000000080004fc4 (0xc20c76d3) c1_fflags 0x0000000000000013 x13 0x000000007fffffff
core   0: 0x0000000080004fc8 (0x2b6c0053) fmin.d  ft0, fs8, fs6
core   0: 1 0x0000000080004fc8 (0x2b6c0053) f0  0x7ff8000000000000
core   0: 0x0000000080004fcc (0x02703c33) mulhu   s8, zero, t2
core   0: 1 0x0000000080004fcc (0x02703c33) x24 0x0000000000000000
core   0: 0x0000000080004fd0 (0xbb2f754b) fnmsub.d fa0, ft10, fs2, fs7
core   0: 1 0x0000000080004fd0 (0xbb2f754b) f10 0x7ff8000000000000
core   0: 0x0000000080004fd4 (0x03dbecb3) rem     s9, s7, t4
core   0: 1 0x0000000080004fd4 (0x03dbecb3) x25 0xfffffffffdc00240
core   0: 0x0000000080004fd8 (0x00289ef3) csrrw   t4, frm, a7
core   0: 1 0x0000000080004fd8 (0x00289ef3) x29 0x0000000000000000 c2_frm 0x0000000000000000
core   0: 0x0000000080004fdc (0x7ff8f813) andi    a6, a7, 2047
core   0: 1 0x0000000080004fdc (0x7ff8f813) x16 0x0000000000000580
core   0: 0x0000000080004fe0 (0xabe9f9c7) fmsub.d fs3, fs3, ft10, fs5
core   0: 1 0x0000000080004fe0 (0xabe9f9c7) f19 0x7ff8000000000000
core   0: 0x0000000080004fe4 (0xd2297e53) fcvt.d.l ft8, s2
core   0: 1 0x0000000080004fe4 (0xd2297e53) f28 0x409ff80000000000
core   0: 0x0000000080004fe8 (0x00d3561b) srliw   a2, t1, 13
core   0: 1 0x0000000080004fe8 (0x00d3561b) x12 0x0000000000000000
core   0: 0x0000000080004fec (0x22b39f53) fsgnjn.d ft10, ft7, fa1
core   0: 1 0x0000000080004fec (0x22b39f53) f30 0xc0e271a18068e7f8
core   0: 0x0000000080004ff0 (0x02d2c6bb) divw    a3, t0, a3
core   0: 1 0x0000000080004ff0 (0x02d2c6bb) x13 0x0000000000000000
core   0: 0x0000000080004ff4 (0x5a03fe53) fsqrt.d ft8, ft7
core   0: 1 0x0000000080004ff4 (0x5a03fe53) c1_fflags 0x0000000000000013 f28 0x40684b4ae5c31058
core   0: 0x0000000080004ff8 (0xb6104013) xori    zero, zero, -1183
core   0: 1 0x0000000080004ff8 (0xb6104013)
core   0: 0x0000000080004ffc (0x400ade9b) sraiw   t4, s5, 0
core   0: 1 0x0000000080004ffc (0x400ade9b) x29 0xffffffffc97c4000
core   0: 0x0000000080005000 (0x001a1c73) csrrw   s8, fflags, s4
core   0: 1 0x0000000080005000 (0x001a1c73) x24 0x0000000000000013 c1_fflags 0x000000000000001f
core   0: 0x0000000080005004 (0x00088633) add     a2, a7, zero
core   0: 1 0x0000000080005004 (0x00088633) x12 0x0000000000000580
core   0: 0x0000000080005008 (0x0dda3d17) auipc   s10, 0xdda3
core   0: 1 0x0000000080005008 (0x0dda3d17) x26 0x000000008dda8008
core   0: 0x000000008000500c (0x420805d3) fcvt.d.s fa1, fa6
core   0: 1 0x000000008000500c (0x420805d3) f11 0x7ff8000000000000
core   0: 0x0000000080005010 (0x82e6f7cf) fnmadd.d fa5, fa3, fa4, fa6
core   0: 1 0x0000000080005010 (0x82e6f7cf) f15 0x7ff8000000000000
core   0: 0x0000000080005014 (0xfbc55eb7) lui     t4, 0xfbc55
core   0: 1 0x0000000080005014 (0xfbc55eb7) x29 0xfffffffffbc55000
core   0: 0x0000000080005018 (0xe0be8e9b) addiw   t4, t4, -501
core   0: 1 0x0000000080005018 (0xe0be8e9b) x29 0xfffffffffbc54e0b
core   0: 0x000000008000501c (0x00000eb2) c.slli  t4, 12
core   0: 1 0x000000008000501c (0x0eb2) x29 0xffffffbc54e0b000
core   0: 0x000000008000501e (0xc89e8e93) addi    t4, t4, -887
core   0: 1 0x000000008000501e (0xc89e8e93) x29 0xffffffbc54e0ac89
core   0: 0x0000000080005022 (0x01b6f3b3) and     t2, a3, s11
core   0: 1 0x0000000080005022 (0x01b6f3b3) x7  0x0000000000000000
core   0: 0x0000000080005026 (0x03169813) slli    a6, a3, 49
core   0: 1 0x0000000080005026 (0x03169813) x16 0x0000000000000000
core   0: 0x000000008000502a (0xc03e1473) csrrw   s0, hpmcounter3, t3
core   0: exception trap_illegal_instruction, epc 0x000000008000502a
core   0:           tval 0x00000000c03e1473
core   0: >>>>  $xrv64i2p1_m2p0_a2p1_f2p2_d2p2_zicsr2p0_zifencei2p0_zmmul1p0_zba1p0_zbb1p0_zbc1p0_zbs1p0
core   0: 0x0000000080004000 (0x0080006f) j       pc + 0x8
core   0: 3 0x0000000080004000 (0x0080006f)
core   0: >>>>  mmode_exception_handler
core   0: 0x0000000080004008 (0x00002c17) auipc   s8, 0x2
core   0: 3 0x0000000080004008 (0x00002c17) x24 0x0000000080006008
core   0: 0x000000008000400c (0x00ec0c13) addi    s8, s8, 14
core   0: 3 0x000000008000400c (0x00ec0c13) x24 0x0000000080006016
core   0: 0x0000000080004010 (0x000c00e7) jalr    s8
core   0: 3 0x0000000080004010 (0x000c00e7) x1  0x0000000080004014
core   0: >>>>  any_handler
core   0: 0x0000000080006016 (0x341027f3) csrrs   a5, mepc, zero
core   0: 3 0x0000000080006016 (0x341027f3) x15 0x000000008000502a
core   0: 0x000000008000601a (0x34202773) csrrs   a4, mcause, zero
core   0: 3 0x000000008000601a (0x34202773) x14 0x0000000000000002
core   0: 0x000000008000601e (0x142026f3) csrrs   a3, scause, zero
core   0: 3 0x000000008000601e (0x142026f3) x13 0x0000000000000000
core   0: 0x0000000080006022 (0x30402673) csrrs   a2, mie, zero
core   0: 3 0x0000000080006022 (0x30402673) x12 0x0000000000000a00
core   0: 0x0000000080006026 (0x344025f3) csrrs   a1, mip, zero
core   0: 3 0x0000000080006026 (0x344025f3) x11 0x0000000000000080
core   0: 0x000000008000602a (0x343025f3) csrrs   a1, mtval, zero
core   0: 3 0x000000008000602a (0x343025f3) x11 0x00000000c03e1473
core   0: 0x000000008000602e (0x14302573) csrrs   a0, stval, zero
core   0: 3 0x000000008000602e (0x14302573) x10 0x0000000000000000
core   0: 0x0000000080006032 (0xb02024f3) csrrs   s1, minstret, zero
core   0: 3 0x0000000080006032 (0xb02024f3) x9  0x0000000000000d56
core   0: 0x0000000080006036 (0x0000a811) c.j     pc + 20
core   0: 3 0x0000000080006036 (0xa811)
core   0: >>>>  mepc_4
core   0: 0x000000008000604a (0x00000791) c.addi  a5, 4
core   0: 3 0x000000008000604a (0x0791) x15 0x000000008000502e
core   0: 0x000000008000604c (0x34179073) csrrw   zero, mepc, a5
core   0: 3 0x000000008000604c (0x34179073) c833_mepc 0x000000008000502e
core   0: 0x0000000080006050 (0x30200073) mret
core   0: 3 0x0000000080006050 (0x30200073) c768_mstatus 0x8000000a00106080
core   0: 0x000000008000502e (0xd2040353) fcvt.d.w ft6, s0
core   0: 1 0x000000008000502e (0xd2040353) f6  0x0000000000000000
core   0: 0x0000000080005032 (0x0003da1b) srliw   s4, t2, 0
core   0: 1 0x0000000080005032 (0x0003da1b) x20 0x0000000000000000
core   0: 0x0000000080005036 (0xf14d2373) csrrs   t1, mhartid, s10
core   0: exception trap_illegal_instruction, epc 0x0000000080005036
core   0:           tval 0x00000000f14d2373
core   0: >>>>  $xrv64i2p1_m2p0_a2p1_f2p2_d2p2_zicsr2p0_zifencei2p0_zmmul1p0_zba1p0_zbb1p0_zbc1p0_zbs1p0
core   0: 0x0000000080004000 (0x0080006f) j       pc + 0x8
core   0: 3 0x0000000080004000 (0x0080006f)
core   0: >>>>  mmode_exception_handler
core   0: 0x0000000080004008 (0x00002c17) auipc   s8, 0x2
core   0: 3 0x0000000080004008 (0x00002c17) x24 0x0000000080006008
core   0: 0x000000008000400c (0x00ec0c13) addi    s8, s8, 14
core   0: 3 0x000000008000400c (0x00ec0c13) x24 0x0000000080006016
core   0: 0x0000000080004010 (0x000c00e7) jalr    s8
core   0: 3 0x0000000080004010 (0x000c00e7) x1  0x0000000080004014
core   0: >>>>  any_handler
core   0: 0x0000000080006016 (0x341027f3) csrrs   a5, mepc, zero
core   0: 3 0x0000000080006016 (0x341027f3) x15 0x0000000080005036
core   0: 0x000000008000601a (0x34202773) csrrs   a4, mcause, zero
core   0: 3 0x000000008000601a (0x34202773) x14 0x0000000000000002
core   0: 0x000000008000601e (0x142026f3) csrrs   a3, scause, zero
core   0: 3 0x000000008000601e (0x142026f3) x13 0x0000000000000000
core   0: 0x0000000080006022 (0x30402673) csrrs   a2, mie, zero
core   0: 3 0x0000000080006022 (0x30402673) x12 0x0000000000000a00
core   0: 0x0000000080006026 (0x344025f3) csrrs   a1, mip, zero
core   0: 3 0x0000000080006026 (0x344025f3) x11 0x0000000000000080
core   0: 0x000000008000602a (0x343025f3) csrrs   a1, mtval, zero
core   0: 3 0x000000008000602a (0x343025f3) x11 0x00000000f14d2373
core   0: 0x000000008000602e (0x14302573) csrrs   a0, stval, zero
core   0: 3 0x000000008000602e (0x14302573) x10 0x0000000000000000
core   0: 0x0000000080006032 (0xb02024f3) csrrs   s1, minstret, zero
core   0: 3 0x0000000080006032 (0xb02024f3) x9  0x0000000000000d68
core   0: 0x0000000080006036 (0x0000a811) c.j     pc + 20
core   0: 3 0x0000000080006036 (0xa811)
core   0: >>>>  mepc_4
core   0: 0x000000008000604a (0x00000791) c.addi  a5, 4
core   0: 3 0x000000008000604a (0x0791) x15 0x000000008000503a
core   0: 0x000000008000604c (0x34179073) csrrw   zero, mepc, a5
core   0: 3 0x000000008000604c (0x34179073) c833_mepc 0x000000008000503a
core   0: 0x0000000080006050 (0x30200073) mret
core   0: 3 0x0000000080006050 (0x30200073) c768_mstatus 0x8000000a00106080
core   0: 0x000000008000503a (0x0ab87fd3) fsub.d  ft11, fa6, fa1
core   0: 1 0x000000008000503a (0x0ab87fd3) f31 0x7ff8000000000000
core   0: 0x000000008000503e (0x00019193) slli    gp, gp, 0
core   0: 1 0x000000008000503e (0x00019193) x3  0xffffffffffffffff
core   0: 0x0000000080005042 (0x5a07f6d3) fsqrt.d fa3, fa5
core   0: 1 0x0000000080005042 (0x5a07f6d3) f13 0x7ff8000000000000
core   0: 0x0000000080005046 (0x0150aa33) slt     s4, ra, s5
core   0: 1 0x0000000080005046 (0x0150aa33) x20 0x0000000000000000
core   0: 0x000000008000504a (0xd0387053) fcvt.s.lu ft0, a6
core   0: 1 0x000000008000504a (0xd0387053) f0  0xffffffff00000000
core   0: 0x000000008000504e (0x2a8a0453) fmin.d  fs0, fs4, fs0
core   0: 1 0x000000008000504e (0x2a8a0453) f8  0xc0e271a18068e7f8
core   0: 0x0000000080005052 (0xf20185d3) fmv.d.x fa1, gp
core   0: 1 0x0000000080005052 (0xf20185d3) f11 0xffffffffffffffff
core   0: 0x0000000080005056 (0x0001d03b) srlw    zero, gp, zero
core   0: 1 0x0000000080005056 (0x0001d03b)
core   0: 0x000000008000505a (0x8a48fac7) fmsub.d fs5, fa7, ft4, fa7
core   0: 1 0x000000008000505a (0x8a48fac7) f21 0x7ff8000000000000
core   0: 0x000000008000505e (0x0008d893) srli    a7, a7, 0
core   0: 1 0x000000008000505e (0x0008d893) x17 0x0000000000000580
core   0: 0x0000000080005062 (0x034679bb) remuw   s3, a2, s4
core   0: 1 0x0000000080005062 (0x034679bb) x19 0x0000000000000a00
core   0: 0x0000000080005066 (0xd02bf953) fcvt.s.l fs2, s7
core   0: 1 0x0000000080005066 (0xd02bf953) f18 0xffffffffce000000
core   0: 0x000000008000506a (0x0333553b) divuw   a0, t1, s3
core   0: 1 0x000000008000506a (0x0333553b) x10 0x0000000000000000
core   0: 0x000000008000506e (0x5a07fc53) fsqrt.d fs8, fa5
core   0: 1 0x000000008000506e (0x5a07fc53) f24 0x7ff8000000000000
core   0: 0x0000000080005072 (0x00a570b3) and     ra, a0, a0
core   0: 1 0x0000000080005072 (0x00a570b3) x1  0x0000000000000000
core   0: 0x0000000080005076 (0x00000001) c.nop
core   0: 1 0x0000000080005076 (0x0001)
core   0: 0x0000000080005078 (0x42090253) fcvt.d.s ft4, fs2
core   0: 1 0x0000000080005078 (0x42090253) f4  0xc1c0000000000000
core   0: 0x000000008000507c (0x4028d89b) sraiw   a7, a7, 2
core   0: 1 0x000000008000507c (0x4028d89b) x17 0x0000000000000160
core   0: 0x0000000080005080 (0xe6e94e37) lui     t3, 0xe6e94
core   0: 1 0x0000000080005080 (0xe6e94e37) x28 0xffffffffe6e94000
core   0: 0x0000000080005084 (0x0ff0000f) fence   iorw,iorw
core   0: 1 0x0000000080005084 (0x0ff0000f)
core   0: 0x0000000080005088 (0x001b1773) csrrw   a4, fflags, s6
core   0: 1 0x0000000080005088 (0x001b1773) x14 0x000000000000001f c1_fflags 0x0000000000000000
core   0: 0x000000008000508c (0x0041d0b3) srl     ra, gp, tp
core   0: 1 0x000000008000508c (0x0041d0b3) x1  0xffffffffffffffff
core   0: 0x0000000080005090 (0x105e1cf3) csrrw   s9, stvec, t3
core   0: 1 0x0000000080005090 (0x105e1cf3) x25 0x0000000000000000 c261_stvec 0xffffffffe6e94000
core   0: 0x0000000080005094 (0x420a0553) fcvt.d.s fa0, fs4
core   0: 1 0x0000000080005094 (0x420a0553) f10 0x7ff8000000000000
core   0: 0x0000000080005098 (0x036e9eb3) mulh    t4, t4, s6
core   0: 1 0x0000000080005098 (0x036e9eb3) x29 0x0000000000000000
core   0: 0x000000008000509c (0xd2040b53) fcvt.d.w fs6, s0
core   0: 1 0x000000008000509c (0xd2040b53) f22 0x0000000000000000
core   0: 0x00000000800050a0 (0x222b0153) fsgnj.d ft2, fs6, ft2
core   0: 1 0x00000000800050a0 (0x222b0153) f2  0x0000000000000000
core   0: 0x00000000800050a4 (0x4095d53b) sraw    a0, a1, s1
core   0: 1 0x00000000800050a4 (0x4095d53b) x10 0xfffffffffff14d23
core   0: 0x00000000800050a8 (0x01ca3e33) sltu    t3, s4, t3
core   0: 1 0x00000000800050a8 (0x01ca3e33) x28 0x0000000000000001
core   0: 0x00000000800050ac (0x03027553) fadd.d  fa0, ft4, fa6
core   0: 1 0x00000000800050ac (0x03027553) f10 0x41ebffff00000000
core   0: 0x00000000800050b0 (0xd02e7c53) fcvt.s.l fs8, t3
core   0: 1 0x00000000800050b0 (0xd02e7c53) f24 0xffffffff3f800000
core   0: 0x00000000800050b4 (0x0004d493) srli    s1, s1, 0
core   0: 1 0x00000000800050b4 (0x0004d493) x9  0x0000000000000d68
core   0: 0x00000000800050b8 (0x3797089b) addiw   a7, a4, 889
core   0: 1 0x00000000800050b8 (0x3797089b) x17 0x0000000000000398
core   0: 0x00000000800050bc (0xc236f5d3) fcvt.lu.d a1, fa3
core   0: 1 0x00000000800050bc (0xc236f5d3) c1_fflags 0x0000000000000010 x11 0xffffffffffffffff
core   0: 0x00000000800050c0 (0xfcfca1b7) lui     gp, 0xfcfca
core   0: 1 0x00000000800050c0 (0xfcfca1b7) x3  0xfffffffffcfca000
core   0: 0x00000000800050c4 (0xc491819b) addiw   gp, gp, -951
core   0: 1 0x00000000800050c4 (0xc491819b) x3  0xfffffffffcfc9c49
core   0: 0x00000000800050c8 (0x000001b2) c.slli  gp, 12
core   0: 1 0x00000000800050c8 (0x01b2) x3  0xffffffcfc9c49000
core   0: 0x00000000800050ca (0x8fe18193) addi    gp, gp, -1794
core   0: 1 0x00000000800050ca (0x8fe18193) x3  0xffffffcfc9c488fe
core   0: 0x00000000800050ce (0x1adc7ed3) fdiv.d  ft9, fs8, fa3
core   0: 1 0x00000000800050ce (0x1adc7ed3) f29 0x7ff8000000000000
core   0: 0x00000000800050d2 (0x4004541b) sraiw   s0, s0, 0
core   0: 1 0x00000000800050d2 (0x4004541b) x8  0x0000000000000000
core   0: 0x00000000800050d6 (0x02be47b3) div     a5, t3, a1
core   0: 1 0x00000000800050d6 (0x02be47b3) x15 0xffffffffffffffff
core   0: 0x00000000800050da (0xb46e0c1b) addiw   s8, t3, -1210
core   0: 1 0x00000000800050da (0xb46e0c1b) x24 0xfffffffffffffb47
core   0: 0x00000000800050de (0x02d6c6bb) divw    a3, a3, a3
core   0: 1 0x00000000800050de (0x02d6c6bb) x13 0xffffffffffffffff
core   0: 0x00000000800050e2 (0x234e0e53) fsgnj.d ft8, ft8, fs4
core   0: 1 0x00000000800050e2 (0x234e0e53) f28 0x40684b4ae5c31058
core   0: 0x00000000800050e6 (0xd237fbd3) fcvt.d.lu fs7, a5
core   0: 1 0x00000000800050e6 (0xd237fbd3) c1_fflags 0x0000000000000011 f23 0x43f0000000000000
core   0: 0x00000000800050ea (0x000e039b) sext.w  t2, t3
core   0: 1 0x00000000800050ea (0x000e039b) x7  0x0000000000000001
core   0: 0x00000000800050ee (0x002d5d1b) srliw   s10, s10, 2
core   0: 1 0x00000000800050ee (0x002d5d1b) x26 0x000000002376a002
core   0: 0x00000000800050f2 (0x78c46913) ori     s2, s0, 1932
core   0: 1 0x00000000800050f2 (0x78c46913) x18 0x000000000000078c
core   0: 0x00000000800050f6 (0xc214f653) fcvt.wu.d a2, fs1
core   0: 1 0x00000000800050f6 (0xc214f653) x12 0x0000000000000000
core   0: 0x00000000800050fa (0xc80b54f3) csrrwi  s1, cycleh, 22
core   0: exception trap_illegal_instruction, epc 0x00000000800050fa
core   0:           tval 0x00000000c80b54f3
core   0: >>>>  $xrv64i2p1_m2p0_a2p1_f2p2_d2p2_zicsr2p0_zifencei2p0_zmmul1p0_zba1p0_zbb1p0_zbc1p0_zbs1p0
core   0: 0x0000000080004000 (0x0080006f) j       pc + 0x8
core   0: 3 0x0000000080004000 (0x0080006f)
core   0: >>>>  mmode_exception_handler
core   0: 0x0000000080004008 (0x00002c17) auipc   s8, 0x2
core   0: 3 0x0000000080004008 (0x00002c17) x24 0x0000000080006008
core   0: 0x000000008000400c (0x00ec0c13) addi    s8, s8, 14
core   0: 3 0x000000008000400c (0x00ec0c13) x24 0x0000000080006016
core   0: 0x0000000080004010 (0x000c00e7) jalr    s8
core   0: 3 0x0000000080004010 (0x000c00e7) x1  0x0000000080004014
core   0: >>>>  any_handler
core   0: 0x0000000080006016 (0x341027f3) csrrs   a5, mepc, zero
core   0: 3 0x0000000080006016 (0x341027f3) x15 0x00000000800050fa
core   0: 0x000000008000601a (0x34202773) csrrs   a4, mcause, zero
core   0: 3 0x000000008000601a (0x34202773) x14 0x0000000000000002
core   0: 0x000000008000601e (0x142026f3) csrrs   a3, scause, zero
core   0: 3 0x000000008000601e (0x142026f3) x13 0x0000000000000000
core   0: 0x0000000080006022 (0x30402673) csrrs   a2, mie, zero
core   0: 3 0x0000000080006022 (0x30402673) x12 0x0000000000000a00
core   0: 0x0000000080006026 (0x344025f3) csrrs   a1, mip, zero
core   0: 3 0x0000000080006026 (0x344025f3) x11 0x0000000000000080
core   0: 0x000000008000602a (0x343025f3) csrrs   a1, mtval, zero
core   0: 3 0x000000008000602a (0x343025f3) x11 0x00000000c80b54f3
core   0: 0x000000008000602e (0x14302573) csrrs   a0, stval, zero
core   0: 3 0x000000008000602e (0x14302573) x10 0x0000000000000000
core   0: 0x0000000080006032 (0xb02024f3) csrrs   s1, minstret, zero
core   0: 3 0x0000000080006032 (0xb02024f3) x9  0x0000000000000da9
core   0: 0x0000000080006036 (0x0000a811) c.j     pc + 20
core   0: 3 0x0000000080006036 (0xa811)
core   0: >>>>  mepc_4
core   0: 0x000000008000604a (0x00000791) c.addi  a5, 4
core   0: 3 0x000000008000604a (0x0791) x15 0x00000000800050fe
core   0: 0x000000008000604c (0x34179073) csrrw   zero, mepc, a5
core   0: 3 0x000000008000604c (0x34179073) c833_mepc 0x00000000800050fe
core   0: 0x0000000080006050 (0x30200073) mret
core   0: 3 0x0000000080006050 (0x30200073) c768_mstatus 0x8000000a00106080
core   0: 0x00000000800050fe (0x0000909b) slliw   ra, ra, 0
core   0: 1 0x00000000800050fe (0x0000909b) x1  0xffffffff80004014
core   0: 0x0000000080005102 (0x021a02b3) mul     t0, s4, ra
core   0: 1 0x0000000080005102 (0x021a02b3) x5  0x0000000000000000
core   0: 0x0000000080005106 (0x2bd09f53) fmax.d  ft10, ft1, ft9
core   0: 1 0x0000000080005106 (0x2bd09f53) f30 0x8000000000000000
core   0: 0x000000008000510a (0x01d5e5b3) or      a1, a1, t4
core   0: 1 0x000000008000510a (0x01d5e5b3) x11 0x00000000c80b54f3
core   0: 0x000000008000510e (0xf2098ed3) fmv.d.x ft9, s3
core   0: 1 0x000000008000510e (0xf2098ed3) f29 0x0000000000000a00
core   0: 0x0000000080005112 (0x02c5e5bb) remw    a1, a1, a2
core   0: 1 0x0000000080005112 (0x02c5e5bb) x11 0xfffffffffffffaf3
core   0: 0x0000000080005116 (0x03571eb7) lui     t4, 0x3571
core   0: 1 0x0000000080005116 (0x03571eb7) x29 0x0000000003571000
core   0: 0x000000008000511a (0xd6be8e9b) addiw   t4, t4, -661
core   0: 1 0x000000008000511a (0xd6be8e9b) x29 0x0000000003570d6b
core   0: 0x000000008000511e (0x00000eb2) c.slli  t4, 12
core   0: 1 0x000000008000511e (0x0eb2) x29 0x0000003570d6b000
core   0: 0x0000000080005120 (0x981e8e93) addi    t4, t4, -1663
core   0: 1 0x0000000080005120 (0x981e8e93) x29 0x0000003570d6a981
core   0: 0x0000000080005124 (0x007710bb) sllw    ra, a4, t2
core   0: 1 0x0000000080005124 (0x007710bb) x1  0x0000000000000004
core   0: 0x0000000080005128 (0x02caff53) fadd.d  ft10, fs5, fa2
core   0: 1 0x0000000080005128 (0x02caff53) f30 0x7ff8000000000000
core   0: 0x000000008000512c (0x02f1853b) mulw    a0, gp, a5
core   0: 1 0x000000008000512c (0x02f1853b) x10 0xffffffff9bcf4c04
core   0: 0x0000000080005130 (0x401b531b) sraiw   t1, s6, 1
core   0: 1 0x0000000080005130 (0x401b531b) x6  0x0000000000000000
core   0: 0x0000000080005134 (0xc2367bd3) fcvt.lu.d s7, fa2
core   0: 1 0x0000000080005134 (0xc2367bd3) c1_fflags 0x0000000000000011 x23 0xffffffffffffffff
core   0: 0x0000000080005138 (0xc2397053) fcvt.lu.d zero, fs2
core   0: 1 0x0000000080005138 (0xc2397053) c1_fflags 0x0000000000000011
core   0: 0x000000008000513c (0x00202cf3) csrrs   s9, frm, zero
core   0: 1 0x000000008000513c (0x00202cf3) x25 0x0000000000000000
core   0: 0x0000000080005140 (0x408786bb) subw    a3, a5, s0
core   0: 1 0x0000000080005140 (0x408786bb) x13 0xffffffff800050fe
core   0: 0x0000000080005144 (0x420b8053) fcvt.d.s ft0, fs7
core   0: 1 0x0000000080005144 (0x420b8053) f0  0x7ff8000000000000
core   0: 0x0000000080005148 (0xd22cfc53) fcvt.d.l fs8, s9
core   0: 1 0x0000000080005148 (0xd22cfc53) f24 0x0000000000000000
core   0: 0x000000008000514c (0x018c1eb3) sll     t4, s8, s8
core   0: 1 0x000000008000514c (0x018c1eb3) x29 0x0020001805800000
core   0: 0x0000000080005150 (0x02891cb3) mulh    s9, s2, s0
core   0: 1 0x0000000080005150 (0x02891cb3) x25 0x0000000000000000
core   0: 0x0000000080005154 (0xf31ce093) ori     ra, s9, -207
core   0: 1 0x0000000080005154 (0xf31ce093) x1  0xffffffffffffff31
core   0: 0x0000000080005158 (0x006ad833) srl     a6, s5, t1
core   0: 1 0x0000000080005158 (0x006ad833) x16 0xffffffffc97c4000
core   0: 0x000000008000515c (0x400ed313) srai    t1, t4, 0
core   0: 1 0x000000008000515c (0x400ed313) x6  0x0020001805800000
core   0: 0x0000000080005160 (0x010adc33) srl     s8, s5, a6
core   0: 1 0x0000000080005160 (0x010adc33) x24 0xffffffffc97c4000
core   0: 0x0000000080005164 (0xc23371d3) fcvt.lu.d gp, ft6
core   0: 1 0x0000000080005164 (0xc23371d3) x3  0x0000000000000000
core   0: 0x0000000080005168 (0x0083843b) addw    s0, t2, s0
core   0: 1 0x0000000080005168 (0x0083843b) x8  0x0000000000000001
core   0: 0x000000008000516c (0xd2844293) xori    t0, s0, -728
core   0: 1 0x000000008000516c (0xd2844293) x5  0xfffffffffffffd29
core   0: 0x0000000080005170 (0xd20b8f53) fcvt.d.w ft10, s7
core   0: 1 0x0000000080005170 (0xd20b8f53) f30 0xbff0000000000000
core   0: 0x0000000080005174 (0x225e1053) fsgnjn.d ft0, ft8, ft5
core   0: 1 0x0000000080005174 (0x225e1053) f0  0xc0684b4ae5c31058
core   0: 0x0000000080005178 (0x017ed593) srli    a1, t4, 23
core   0: 1 0x0000000080005178 (0x017ed593) x11 0x000000004000300b
core   0: 0x000000008000517c (0x4120d11b) sraiw   sp, ra, 18
core   0: 1 0x000000008000517c (0x4120d11b) x2  0xffffffffffffffff
core   0: 0x0000000080005180 (0xc6ff8897) auipc   a7, 0xc6ff8
core   0: 1 0x0000000080005180 (0xc6ff8897) x17 0x0000000046ffd180
core   0: 0x0000000080005184 (0x00505c3b) srlw    s8, zero, t0
core   0: 1 0x0000000080005184 (0x00505c3b) x24 0x0000000000000000
core   0: 0x0000000080005188 (0x97ec4913) xori    s2, s8, -1666
core   0: 1 0x0000000080005188 (0x97ec4913) x18 0xfffffffffffff97e
core   0: 0x000000008000518c (0x01ce0e3b) addw    t3, t3, t3
core   0: 1 0x000000008000518c (0x01ce0e3b) x28 0x0000000000000002
core   0: 0x0000000080005190 (0x0ff0000f) fence   iorw,iorw
core   0: 1 0x0000000080005190 (0x0ff0000f)
core   0: 0x0000000080005194 (0xc047b073) csrrc   zero, hpmcounter4, a5
core   0: exception trap_illegal_instruction, epc 0x0000000080005194
core   0:           tval 0x00000000c047b073
core   0: >>>>  $xrv64i2p1_m2p0_a2p1_f2p2_d2p2_zicsr2p0_zifencei2p0_zmmul1p0_zba1p0_zbb1p0_zbc1p0_zbs1p0
core   0: 0x0000000080004000 (0x0080006f) j       pc + 0x8
core   0: 3 0x0000000080004000 (0x0080006f)
core   0: >>>>  mmode_exception_handler
core   0: 0x0000000080004008 (0x00002c17) auipc   s8, 0x2
core   0: 3 0x0000000080004008 (0x00002c17) x24 0x0000000080006008
core   0: 0x000000008000400c (0x00ec0c13) addi    s8, s8, 14
core   0: 3 0x000000008000400c (0x00ec0c13) x24 0x0000000080006016
core   0: 0x0000000080004010 (0x000c00e7) jalr    s8
core   0: 3 0x0000000080004010 (0x000c00e7) x1  0x0000000080004014
core   0: >>>>  any_handler
core   0: 0x0000000080006016 (0x341027f3) csrrs   a5, mepc, zero
core   0: 3 0x0000000080006016 (0x341027f3) x15 0x0000000080005194
core   0: 0x000000008000601a (0x34202773) csrrs   a4, mcause, zero
core   0: 3 0x000000008000601a (0x34202773) x14 0x0000000000000002
core   0: 0x000000008000601e (0x142026f3) csrrs   a3, scause, zero
core   0: 3 0x000000008000601e (0x142026f3) x13 0x0000000000000000
core   0: 0x0000000080006022 (0x30402673) csrrs   a2, mie, zero
core   0: 3 0x0000000080006022 (0x30402673) x12 0x0000000000000a00
core   0: 0x0000000080006026 (0x344025f3) csrrs   a1, mip, zero
core   0: 3 0x0000000080006026 (0x344025f3) x11 0x0000000000000080
core   0: 0x000000008000602a (0x343025f3) csrrs   a1, mtval, zero
core   0: 3 0x000000008000602a (0x343025f3) x11 0x00000000c047b073
core   0: 0x000000008000602e (0x14302573) csrrs   a0, stval, zero
core   0: 3 0x000000008000602e (0x14302573) x10 0x0000000000000000
core   0: 0x0000000080006032 (0xb02024f3) csrrs   s1, minstret, zero
core   0: 3 0x0000000080006032 (0xb02024f3) x9  0x0000000000000ddf
core   0: 0x0000000080006036 (0x0000a811) c.j     pc + 20
core   0: 3 0x0000000080006036 (0xa811)
core   0: >>>>  mepc_4
core   0: 0x000000008000604a (0x00000791) c.addi  a5, 4
core   0: 3 0x000000008000604a (0x0791) x15 0x0000000080005198
core   0: 0x000000008000604c (0x34179073) csrrw   zero, mepc, a5
core   0: 3 0x000000008000604c (0x34179073) c833_mepc 0x0000000080005198
core   0: 0x0000000080006050 (0x30200073) mret
core   0: 3 0x0000000080006050 (0x30200073) c768_mstatus 0x8000000a00106080
core   0: 0x0000000080005198 (0x020d693b) remw    s2, s10, zero
core   0: 1 0x0000000080005198 (0x020d693b) x18 0x000000002376a002
core   0: 0x000000008000519c (0xccd0e717) auipc   a4, 0xccd0e
core   0: 1 0x000000008000519c (0xccd0e717) x14 0x000000004cd1319c
core   0: 0x00000000800051a0 (0xd222fa53) fcvt.d.l fs4, t0
core   0: 1 0x00000000800051a0 (0xd222fa53) f20 0xc086b80000000000
core   0: 0x00000000800051a4 (0x032774b3) remu    s1, a4, s2
core   0: 1 0x00000000800051a4 (0x032774b3) x9  0x0000000005e3f198
core   0: 0x00000000800051a8 (0x05d77393) andi    t2, a4, 93
core   0: 1 0x00000000800051a8 (0x05d77393) x7  0x000000000000001c
core   0: 0x00000000800051ac (0x40157553) fcvt.s.d fa0, fa0
core   0: 1 0x00000000800051ac (0x40157553) f10 0xffffffff4f5ffff8
core   0: 0x00000000800051b0 (0x014edd37) lui     s10, 0x14ed
core   0: 1 0x00000000800051b0 (0x014edd37) x26 0x00000000014ed000
core   0: 0x00000000800051b4 (0xde7d0d1b) addiw   s10, s10, -537
core   0: 1 0x00000000800051b4 (0xde7d0d1b) x26 0x00000000014ecde7
core   0: 0x00000000800051b8 (0x00000d32) c.slli  s10, 12
core   0: 1 0x00000000800051b8 (0x0d32) x26 0x00000014ecde7000
core   0: 0x00000000800051ba (0x067d0d13) addi    s10, s10, 103
core   0: 1 0x00000000800051ba (0x067d0d13) x26 0x00000014ecde7067
core   0: 0x00000000800051be (0x5a057f53) fsqrt.d ft10, fa0
core   0: 1 0x00000000800051be (0x5a057f53) f30 0x7ff8000000000000
core   0: 0x00000000800051c2 (0x0127593b) srlw    s2, a4, s2
core   0: 1 0x00000000800051c2 (0x0127593b) x18 0x0000000013344c67
core   0: 0x00000000800051c6 (0x00102d73) csrrs   s10, fflags, zero
core   0: 1 0x00000000800051c6 (0x00102d73) x26 0x0000000000000011
core   0: 0x00000000800051ca (0xe2000dd3) fmv.x.d s11, ft0
core   0: 1 0x00000000800051ca (0xe2000dd3) x27 0xc0684b4ae5c31058
core   0: 0x00000000800051ce (0x01b58e33) add     t3, a1, s11
core   0: 1 0x00000000800051ce (0x01b58e33) x28 0xc0684b4ba60ac0cb
core   0: 0x00000000800051d2 (0x00074413) xori    s0, a4, 0
core   0: 1 0x00000000800051d2 (0x00074413) x8  0x000000004cd1319c
core   0: 0x00000000800051d6 (0xd02dfd53) fcvt.s.l fs10, s11
core   0: 1 0x00000000800051d6 (0xd02dfd53) c1_fflags 0x0000000000000011 f26 0xffffffffde7e5ed3
core   0: 0x00000000800051da (0x4017519b) sraiw   gp, a4, 1
core   0: 1 0x00000000800051da (0x4017519b) x3  0x00000000266898ce
core   0: 0x00000000800051de (0x0184593b) srlw    s2, s0, s8
core   0: 1 0x00000000800051de (0x0184593b) x18 0x0000000000000133
core   0: 0x00000000800051e2 (0x03c477d3) fadd.d  fa5, fs0, ft8
core   0: 1 0x00000000800051e2 (0x03c477d3) c1_fflags 0x0000000000000011 f15 0xc0e25956358324e8
core   0: 0x00000000800051e6 (0x0318e8b3) rem     a7, a7, a7
core   0: 1 0x00000000800051e6 (0x0318e8b3) x17 0x0000000000000000
core   0: 0x00000000800051ea (0xd20904d3) fcvt.d.w fs1, s2
core   0: 1 0x00000000800051ea (0xd20904d3) f9  0x4073300000000000
core   0: 0x00000000800051ee (0xf2020353) fmv.d.x ft6, tp
core   0: 1 0x00000000800051ee (0xf2020353) f6  0xfffffffffffff800
core   0: 0x00000000800051f2 (0x01194733) xor     a4, s2, a7
core   0: 1 0x00000000800051f2 (0x01194733) x14 0x0000000000000133
core   0: 0x00000000800051f6 (0x4053823b) subw    tp, t2, t0
core   0: 1 0x00000000800051f6 (0x4053823b) x4  0x00000000000002f3
core   0: 0x00000000800051fa (0xa2928c53) fle.d   s8, ft5, fs1
core   0: 1 0x00000000800051fa (0xa2928c53) x24 0x0000000000000000
core   0: 0x00000000800051fe (0x7b097df3) csrrci  s11, dcsr, 18
core   0: exception trap_illegal_instruction, epc 0x00000000800051fe
core   0:           tval 0x000000007b097df3
core   0: >>>>  $xrv64i2p1_m2p0_a2p1_f2p2_d2p2_zicsr2p0_zifencei2p0_zmmul1p0_zba1p0_zbb1p0_zbc1p0_zbs1p0
core   0: 0x0000000080004000 (0x0080006f) j       pc + 0x8
core   0: 3 0x0000000080004000 (0x0080006f)
core   0: >>>>  mmode_exception_handler
core   0: 0x0000000080004008 (0x00002c17) auipc   s8, 0x2
core   0: 3 0x0000000080004008 (0x00002c17) x24 0x0000000080006008
core   0: 0x000000008000400c (0x00ec0c13) addi    s8, s8, 14
core   0: 3 0x000000008000400c (0x00ec0c13) x24 0x0000000080006016
core   0: 0x0000000080004010 (0x000c00e7) jalr    s8
core   0: 3 0x0000000080004010 (0x000c00e7) x1  0x0000000080004014
core   0: >>>>  any_handler
core   0: 0x0000000080006016 (0x341027f3) csrrs   a5, mepc, zero
core   0: 3 0x0000000080006016 (0x341027f3) x15 0x00000000800051fe
core   0: 0x000000008000601a (0x34202773) csrrs   a4, mcause, zero
core   0: 3 0x000000008000601a (0x34202773) x14 0x0000000000000002
core   0: 0x000000008000601e (0x142026f3) csrrs   a3, scause, zero
core   0: 3 0x000000008000601e (0x142026f3) x13 0x0000000000000000
core   0: 0x0000000080006022 (0x30402673) csrrs   a2, mie, zero
core   0: 3 0x0000000080006022 (0x30402673) x12 0x0000000000000a00
core   0: 0x0000000080006026 (0x344025f3) csrrs   a1, mip, zero
core   0: 3 0x0000000080006026 (0x344025f3) x11 0x0000000000000080
core   0: 0x000000008000602a (0x343025f3) csrrs   a1, mtval, zero
core   0: 3 0x000000008000602a (0x343025f3) x11 0x000000007b097df3
core   0: 0x000000008000602e (0x14302573) csrrs   a0, stval, zero
core   0: 3 0x000000008000602e (0x14302573) x10 0x0000000000000000
core   0: 0x0000000080006032 (0xb02024f3) csrrs   s1, minstret, zero
core   0: 3 0x0000000080006032 (0xb02024f3) x9  0x0000000000000e09
core   0: 0x0000000080006036 (0x0000a811) c.j     pc + 20
core   0: 3 0x0000000080006036 (0xa811)
core   0: >>>>  mepc_4
core   0: 0x000000008000604a (0x00000791) c.addi  a5, 4
core   0: 3 0x000000008000604a (0x0791) x15 0x0000000080005202
core   0: 0x000000008000604c (0x34179073) csrrw   zero, mepc, a5
core   0: 3 0x000000008000604c (0x34179073) c833_mepc 0x0000000080005202
core   0: 0x0000000080006050 (0x30200073) mret
core   0: 3 0x0000000080006050 (0x30200073) c768_mstatus 0x8000000a00106080
core   0: 0x0000000080005202 (0x01b81333) sll     t1, a6, s11
core   0: 1 0x0000000080005202 (0x01b81333) x6  0xffc97c4000000000
core   0: 0x0000000080005206 (0xd03071d3) fcvt.s.lu ft3, zero
core   0: 1 0x0000000080005206 (0xd03071d3) f3  0xffffffff00000000
core   0: 0x000000008000520a (0x017c989b) slliw   a7, s9, 23
core   0: 1 0x000000008000520a (0x017c989b) x17 0x0000000000000000
core   0: 0x000000008000520e (0x400185bb) subw    a1, gp, zero
core   0: 1 0x000000008000520e (0x400185bb) x11 0x00000000266898ce
core   0: 0x0000000080005212 (0x00f06233) or      tp, zero, a5
core   0: 1 0x0000000080005212 (0x00f06233) x4  0x0000000080005202
core   0: 0x0000000080005216 (0x1a9373d3) fdiv.d  ft7, ft6, fs1
core   0: 1 0x0000000080005216 (0x1a9373d3) f7  0x7ff8000000000000
core   0: 0x000000008000521a (0x0015e793) ori     a5, a1, 1
core   0: 1 0x000000008000521a (0x0015e793) x15 0x00000000266898cf
core   0: 0x000000008000521e (0x80078e13) addi    t3, a5, -2048
core   0: 1 0x000000008000521e (0x80078e13) x28 0x00000000266890cf
core   0: 0x0000000080005222 (0x037df8bb) remuw   a7, s11, s7
core   0: 1 0x0000000080005222 (0x037df8bb) x17 0xffffffffe5c31058
core   0: 0x0000000080005226 (0x839674c3) fmadd.d fs1, fa2, fs9, fa6
core   0: 1 0x0000000080005226 (0x839674c3) f9  0x7ff8000000000000
core   0: 0x000000008000522a (0xd1cb3a97) auipc   s5, 0xd1cb3
core   0: 1 0x000000008000522a (0xd1cb3a97) x21 0x0000000051cb822a
core   0: 0x000000008000522e (0x3af77f47) fmsub.d ft10, fa4, fa5, ft7
core   0: 1 0x000000008000522e (0x3af77f47) f30 0x7ff8000000000000
core   0: 0x0000000080005232 (0xd2088953) fcvt.d.w fs2, a7
core   0: 1 0x0000000080005232 (0xd2088953) f18 0xc1ba3cefa8000000
core   0: 0x0000000080005236 (0x011780bb) addw    ra, a5, a7
core   0: 1 0x0000000080005236 (0x011780bb) x1  0x000000000c2ba927
core   0: 0x000000008000523a (0x00a9f533) and     a0, s3, a0
core   0: 1 0x000000008000523a (0x00a9f533) x10 0x0000000000000000
core   0: 0x000000008000523e (0x4187d19b) sraiw   gp, a5, 24
core   0: 1 0x000000008000523e (0x4187d19b) x3  0x0000000000000026
core   0: 0x0000000080005242 (0xa27381d3) fle.d   gp, ft7, ft7
core   0: 1 0x0000000080005242 (0xa27381d3) c1_fflags 0x0000000000000011 x3  0x0000000000000000
core   0: 0x0000000080005246 (0xd027fc53) fcvt.s.l fs8, a5
core   0: 1 0x0000000080005246 (0xd027fc53) c1_fflags 0x0000000000000011 f24 0xffffffff4e19a263
core   0: 0x000000008000524a (0x0091941b) slliw   s0, gp, 9
core   0: 1 0x000000008000524a (0x0091941b) x8  0x0000000000000000
core   0: 0x000000008000524e (0x5a05f053) fsqrt.d ft0, fa1
core   0: 1 0x000000008000524e (0x5a05f053) f0  0x7ff8000000000000
core   0: 0x0000000080005252 (0x00102973) csrrs   s2, fflags, zero
core   0: 1 0x0000000080005252 (0x00102973) x18 0x0000000000000011
core   0: 0x0000000080005256 (0xd231f153) fcvt.d.lu ft2, gp
core   0: 1 0x0000000080005256 (0xd231f153) f2  0x0000000000000000
core   0: 0x000000008000525a (0x4086da3b) sraw    s4, a3, s0
core   0: 1 0x000000008000525a (0x4086da3b) x20 0x0000000000000000
core   0: 0x000000008000525e (0x40117b53) fcvt.s.d fs6, ft2
core   0: 1 0x000000008000525e (0x40117b53) f22 0xffffffff00000000
core   0: 0x0000000080005262 (0x23d006d3) fsgnj.d fa3, ft0, ft9
core   0: 1 0x0000000080005262 (0x23d006d3) f13 0x7ff8000000000000
core   0: 0x0000000080005266 (0xc23ef8d3) fcvt.lu.d a7, ft9
core   0: 1 0x0000000080005266 (0xc23ef8d3) c1_fflags 0x0000000000000011 x17 0x0000000000000000
core   0: 0x000000008000526a (0x227805d3) fsgnj.d fa1, fa6, ft7
core   0: 1 0x000000008000526a (0x227805d3) f11 0x41efffff00000000
core   0: 0x000000008000526e (0x401a073b) subw    a4, s4, ra
core   0: 1 0x000000008000526e (0x401a073b) x14 0xfffffffff3d456d9
core   0: 0x0000000080005272 (0x02e8edbb) remw    s11, a7, a4
core   0: 1 0x0000000080005272 (0x02e8edbb) x27 0x0000000000000000
core   0: 0x0000000080005276 (0x01390233) add     tp, s2, s3
core   0: 1 0x0000000080005276 (0x01390233) x4  0x0000000000000a11
core   0: 0x000000008000527a (0x7ffee893) ori     a7, t4, 2047
core   0: 1 0x000000008000527a (0x7ffee893) x17 0x00200018058007ff
core   0: 0x000000008000527e (0x01bbdbbb) srlw    s7, s7, s11
core   0: 1 0x000000008000527e (0x01bbdbbb) x23 0xffffffffffffffff
core   0: 0x0000000080005282 (0xc21b7ed3) fcvt.wu.d t4, fs6
core   0: 1 0x0000000080005282 (0xc21b7ed3) c1_fflags 0x0000000000000011 x29 0xffffffffffffffff
core   0: 0x0000000080005286 (0xc0257bd3) fcvt.l.s s7, fa0
core   0: 1 0x0000000080005286 (0xc0257bd3) x23 0x00000000dffff800
core   0: 0x000000008000528a (0x001ba0b3) slt     ra, s7, ra
core   0: 1 0x000000008000528a (0x001ba0b3) x1  0x0000000000000000
core   0: 0x000000008000528e (0x1b6a77d3) fdiv.d  fa5, fs4, fs6
core   0: 1 0x000000008000528e (0x1b6a77d3) f15 0x7ff8000000000000
core   0: 0x0000000080005292 (0x4066d0b3) sra     ra, a3, t1
core   0: 1 0x0000000080005292 (0x4066d0b3) x1  0x0000000000000000
core   0: 0x0000000080005296 (0xfff0861b) addiw   a2, ra, -1
core   0: 1 0x0000000080005296 (0xfff0861b) x12 0xffffffffffffffff
core   0: 0x000000008000529a (0x02a16533) rem     a0, sp, a0
core   0: 1 0x000000008000529a (0x02a16533) x10 0xffffffffffffffff
core   0: 0x000000008000529e (0x01710abb) addw    s5, sp, s7
core   0: 1 0x000000008000529e (0x01710abb) x21 0xffffffffdffff7ff
core   0: 0x00000000800052a2 (0x00000001) c.nop
core   0: 1 0x00000000800052a2 (0x0001)
core   0: 0x00000000800052a4 (0x001aec93) ori     s9, s5, 1
core   0: 1 0x00000000800052a4 (0x001aec93) x25 0xffffffffdffff7ff
core   0: 0x00000000800052a8 (0x40ce5833) sra     a6, t3, a2
core   0: 1 0x00000000800052a8 (0x40ce5833) x16 0x0000000000000000
core   0: 0x00000000800052ac (0x019cecb3) or      s9, s9, s9
core   0: 1 0x00000000800052ac (0x019cecb3) x25 0xffffffffdffff7ff
core   0: 0x00000000800052b0 (0x03484e3b) divw    t3, a6, s4
core   0: 1 0x00000000800052b0 (0x03484e3b) x28 0xffffffffffffffff
core   0: 0x00000000800052b4 (0x02e250b3) divu    ra, tp, a4
core   0: 1 0x00000000800052b4 (0x02e250b3) x1  0x0000000000000000
core   0: 0x00000000800052b8 (0x0012d29b) srliw   t0, t0, 1
core   0: 1 0x00000000800052b8 (0x0012d29b) x5  0x000000007ffffe94
core   0: 0x00000000800052bc (0x00131333) sll     t1, t1, ra
core   0: 1 0x00000000800052bc (0x00131333) x6  0xffc97c4000000000
core   0: 0x00000000800052c0 (0x00055213) srli    tp, a0, 0
core   0: 1 0x00000000800052c0 (0x00055213) x4  0xffffffffffffffff
core   0: 0x00000000800052c4 (0x0ff0000f) fence   iorw,iorw
core   0: 1 0x00000000800052c4 (0x0ff0000f)
core   0: 0x00000000800052c8 (0x013991b3) sll     gp, s3, s3
core   0: 1 0x00000000800052c8 (0x013991b3) x3  0x0000000000000a00
core   0: 0x00000000800052cc (0xd22d76d3) fcvt.d.l fa3, s10
core   0: 1 0x00000000800052cc (0xd22d76d3) f13 0x4031000000000000
core   0: 0x00000000800052d0 (0xf20188d3) fmv.d.x fa7, gp
core   0: 1 0x00000000800052d0 (0xf20188d3) f17 0x0000000000000a00
core   0: 0x00000000800052d4 (0x005a5e1b) srliw   t3, s4, 5
core   0: 1 0x00000000800052d4 (0x005a5e1b) x28 0x0000000000000000
core   0: 0x00000000800052d8 (0x1a267653) fdiv.d  fa2, fa2, ft2
core   0: 1 0x00000000800052d8 (0x1a267653) f12 0x7ff8000000000000
core   0: 0x00000000800052dc (0xc0217ed3) fcvt.l.s t4, ft2
core   0: 1 0x00000000800052dc (0xc0217ed3) c1_fflags 0x0000000000000011 x29 0x7fffffffffffffff
core   0: 0x00000000800052e0 (0x01c28c3b) addw    s8, t0, t3
core   0: 1 0x00000000800052e0 (0x01c28c3b) x24 0x000000007ffffe94
core   0: 0x00000000800052e4 (0x43185e13) srai    t3, a6, 49
core   0: 1 0x00000000800052e4 (0x43185e13) x28 0x0000000000000000
core   0: 0x00000000800052e8 (0x03380033) mul     zero, a6, s3
core   0: 1 0x00000000800052e8 (0x03380033)
core   0: 0x00000000800052ec (0x1b417c53) fdiv.d  fs8, ft2, fs4
core   0: 1 0x00000000800052ec (0x1b417c53) f24 0x8000000000000000
core   0: 0x00000000800052f0 (0x222ca153) fsgnjx.d ft2, fs9, ft2
core   0: 1 0x00000000800052f0 (0x222ca153) f2  0x3fe6a09e667f3bcc
core   0: 0x00000000800052f4 (0x40145a9b) sraiw   s5, s0, 1
core   0: 1 0x00000000800052f4 (0x40145a9b) x21 0x0000000000000000
core   0: 0x00000000800052f8 (0x022c70d3) fadd.d  ft1, fs8, ft2
core   0: 1 0x00000000800052f8 (0x022c70d3) f1  0x3fe6a09e667f3bcc
core   0: 0x00000000800052fc (0x43287fcf) fnmadd.d ft11, fa6, fs2, fs0
core   0: 1 0x00000000800052fc (0x43287fcf) c1_fflags 0x0000000000000011 f31 0x43ba3ceed6188354
core   0: 0x0000000080005300 (0x001a9373) csrrw   t1, fflags, s5
core   0: 1 0x0000000080005300 (0x001a9373) x6  0x0000000000000011 c1_fflags 0x0000000000000000
core   0: 0x0000000080005304 (0x006a85bb) addw    a1, s5, t1
core   0: 1 0x0000000080005304 (0x006a85bb) x11 0x0000000000000011
core   0: 0x0000000080005308 (0x0235ed33) rem     s10, a1, gp
core   0: 1 0x0000000080005308 (0x0235ed33) x26 0x0000000000000011
core   0: 0x000000008000530c (0x0141113b) sllw    sp, sp, s4
core   0: 1 0x000000008000530c (0x0141113b) x2  0xffffffffffffffff
core   0: 0x0000000080005310 (0x02ee2db3) mulhsu  s11, t3, a4
core   0: 1 0x0000000080005310 (0x02ee2db3) x27 0x0000000000000000
core   0: 0x0000000080005314 (0x8dc6ea93) ori     s5, a3, -1828
core   0: 1 0x0000000080005314 (0x8dc6ea93) x21 0xfffffffffffff8dc
core   0: 0x0000000080005318 (0x02b375d3) fadd.d  fa1, ft6, fa1
core   0: 1 0x0000000080005318 (0x02b375d3) f11 0x7ff8000000000000
core   0: 0x000000008000531c (0x0332f23b) remuw   tp, t0, s3
core   0: 1 0x000000008000531c (0x0332f23b) x4  0x0000000000000694
core   0: 0x0000000080005320 (0x0170dbbb) srlw    s7, ra, s7
core   0: 1 0x0000000080005320 (0x0170dbbb) x23 0x0000000000000000
core   0: 0x0000000080005324 (0x01ce08bb) addw    a7, t3, t3
core   0: 1 0x0000000080005324 (0x01ce08bb) x17 0x0000000000000000
core   0: 0x0000000080005328 (0x22612cd3) fsgnjx.d fs9, ft2, ft6
core   0: 1 0x0000000080005328 (0x22612cd3) f25 0xbfe6a09e667f3bcc
core   0: 0x000000008000532c (0xd236f9d3) fcvt.d.lu fs3, a3
core   0: 1 0x000000008000532c (0xd236f9d3) f19 0x0000000000000000
core   0: 0x0000000080005330 (0x0375d433) divu    s0, a1, s7
core   0: 1 0x0000000080005330 (0x0375d433) x8  0xffffffffffffffff
core   0: 0x0000000080005334 (0x00895933) srl     s2, s2, s0
core   0: 1 0x0000000080005334 (0x00895933) x18 0x0000000000000000
core   0: 0x0000000080005338 (0x02ec553b) divuw   a0, s8, a4
core   0: 1 0x0000000080005338 (0x02ec553b) x10 0x0000000000000000
core   0: 0x000000008000533c (0x034a623b) remw    tp, s4, s4
core   0: 1 0x000000008000533c (0x034a623b) x4  0x0000000000000000
core   0: 0x0000000080005340 (0x8cd96393) ori     t2, s2, -1843
core   0: 1 0x0000000080005340 (0x8cd96393) x7  0xfffffffffffff8cd
core   0: 0x0000000080005344 (0x00000001) c.nop
core   0: 1 0x0000000080005344 (0x0001)
core   0: 0x0000000080005346 (0x0bb6ff53) fsub.d  ft10, fa3, fs11
core   0: 1 0x0000000080005346 (0x0bb6ff53) f30 0x7ff8000000000000
core   0: 0x000000008000534a (0x007ae033) or      zero, s5, t2
core   0: 1 0x000000008000534a (0x007ae033)
core   0: 0x000000008000534e (0x0b6e7753) fsub.d  fa4, ft8, fs6
core   0: 1 0x000000008000534e (0x0b6e7753) f14 0x7ff8000000000000
core   0: 0x0000000080005352 (0xc2377cd3) fcvt.lu.d s9, fa4
core   0: 1 0x0000000080005352 (0xc2377cd3) c1_fflags 0x0000000000000010 x25 0xffffffffffffffff
core   0: 0x0000000080005356 (0x02177653) fadd.d  fa2, fa4, ft1
core   0: 1 0x0000000080005356 (0x02177653) f12 0x7ff8000000000000
core   0: 0x000000008000535a (0xe2cef3c7) fmsub.d ft7, ft9, fa2, ft8
core   0: 1 0x000000008000535a (0xe2cef3c7) f7  0x7ff8000000000000
core   0: 0x000000008000535e (0x00a05b9b) srliw   s7, zero, 10
core   0: 1 0x000000008000535e (0x00a05b9b) x23 0x0000000000000000
core   0: 0x0000000080005362 (0x039c8633) mul     a2, s9, s9
core   0: 1 0x0000000080005362 (0x039c8633) x12 0x0000000000000001
core   0: 0x0000000080005366 (0xf316fdcb) fnmsub.d fs11, fa3, fa7, ft10
core   0: 1 0x0000000080005366 (0xf316fdcb) f27 0x7ff8000000000000
core   0: 0x000000008000536a (0x02e73933) mulhu   s2, a4, a4
core   0: 1 0x000000008000536a (0x02e73933) x18 0xffffffffe7a8adb2
core   0: 0x000000008000536e (0xc22f77d3) fcvt.l.d a5, ft10
core   0: 1 0x000000008000536e (0xc22f77d3) c1_fflags 0x0000000000000010 x15 0x7fffffffffffffff
core   0: 0x0000000080005372 (0x03f79d93) slli    s11, a5, 63
core   0: 1 0x0000000080005372 (0x03f79d93) x27 0x8000000000000000
core   0: 0x0000000080005376 (0x00229e73) csrrw   t3, frm, t0
core   0: 1 0x0000000080005376 (0x00229e73) x28 0x0000000000000000 c2_frm 0x0000000000000004
core   0: 0x000000008000537a (0x40c2db9b) sraiw   s7, t0, 12
core   0: 1 0x000000008000537a (0x40c2db9b) x23 0x000000000007ffff
core   0: 0x000000008000537e (0xd21b8453) fcvt.d.wu fs0, s7
core   0: 1 0x000000008000537e (0xd21b8453) f8  0x411ffffc00000000
core   0: 0x0000000080005382 (0x01f6131b) slliw   t1, a2, 31
core   0: 1 0x0000000080005382 (0x01f6131b) x6  0xffffffff80000000
core   0: 0x0000000080005386 (0x4308784b) fnmsub.d fa6, fa6, fa6, fs0
core   0: 1 0x0000000080005386 (0x4308784b) c1_fflags 0x0000000000000011 f16 0xc3effffe00000700
core   0: 0x000000008000538a (0x00b56d33) or      s10, a0, a1
core   0: 1 0x000000008000538a (0x00b56d33) x26 0x0000000000000011
core   0: 0x000000008000538e (0xd03979d3) fcvt.s.lu fs3, s2
core   0: 1 0x000000008000538e (0xd03979d3) c1_fflags 0x0000000000000011 f19 0xffffffff5f800000
core   0: 0x0000000080005392 (0x00389293) slli    t0, a7, 3
core   0: 1 0x0000000080005392 (0x00389293) x5  0x0000000000000000
core   0: 0x0000000080005396 (0x40e2d713) srai    a4, t0, 14
core   0: 1 0x0000000080005396 (0x40e2d713) x14 0x0000000000000000
core   0: 0x000000008000539a (0xc59d6913) ori     s2, s10, -935
core   0: 1 0x000000008000539a (0xc59d6913) x18 0xfffffffffffffc59
core   0: 0x000000008000539e (0x415752b3) sra     t0, a4, s5
core   0: 1 0x000000008000539e (0x415752b3) x5  0x0000000000000000
core   0: 0x00000000800053a2 (0x424c5213) srai    tp, s8, 36
core   0: 1 0x00000000800053a2 (0x424c5213) x4  0x0000000000000000
core   0: 0x00000000800053a6 (0x401efbd3) fcvt.s.d fs7, ft9
core   0: 1 0x00000000800053a6 (0x401efbd3) c1_fflags 0x0000000000000013 f23 0xffffffff00000000
core   0: 0x00000000800053aa (0xc04a7b73) csrrci  s6, hpmcounter4, 20
core   0: exception trap_illegal_instruction, epc 0x00000000800053aa
core   0:           tval 0x00000000c04a7b73
core   0: >>>>  $xrv64i2p1_m2p0_a2p1_f2p2_d2p2_zicsr2p0_zifencei2p0_zmmul1p0_zba1p0_zbb1p0_zbc1p0_zbs1p0
core   0: 0x0000000080004000 (0x0080006f) j       pc + 0x8
core   0: 3 0x0000000080004000 (0x0080006f)
core   0: >>>>  mmode_exception_handler
core   0: 0x0000000080004008 (0x00002c17) auipc   s8, 0x2
core   0: 3 0x0000000080004008 (0x00002c17) x24 0x0000000080006008
core   0: 0x000000008000400c (0x00ec0c13) addi    s8, s8, 14
core   0: 3 0x000000008000400c (0x00ec0c13) x24 0x0000000080006016
core   0: 0x0000000080004010 (0x000c00e7) jalr    s8
core   0: 3 0x0000000080004010 (0x000c00e7) x1  0x0000000080004014
core   0: >>>>  any_handler
core   0: 0x0000000080006016 (0x341027f3) csrrs   a5, mepc, zero
core   0: 3 0x0000000080006016 (0x341027f3) x15 0x00000000800053aa
core   0: 0x000000008000601a (0x34202773) csrrs   a4, mcause, zero
core   0: 3 0x000000008000601a (0x34202773) x14 0x0000000000000002
core   0: 0x000000008000601e (0x142026f3) csrrs   a3, scause, zero
core   0: 3 0x000000008000601e (0x142026f3) x13 0x0000000000000000
core   0: 0x0000000080006022 (0x30402673) csrrs   a2, mie, zero
core   0: 3 0x0000000080006022 (0x30402673) x12 0x0000000000000a00
core   0: 0x0000000080006026 (0x344025f3) csrrs   a1, mip, zero
core   0: 3 0x0000000080006026 (0x344025f3) x11 0x0000000000000080
core   0: 0x000000008000602a (0x343025f3) csrrs   a1, mtval, zero
core   0: 3 0x000000008000602a (0x343025f3) x11 0x00000000c04a7b73
core   0: 0x000000008000602e (0x14302573) csrrs   a0, stval, zero
core   0: 3 0x000000008000602e (0x14302573) x10 0x0000000000000000
core   0: 0x0000000080006032 (0xb02024f3) csrrs   s1, minstret, zero
core   0: 3 0x0000000080006032 (0xb02024f3) x9  0x0000000000000e84
core   0: 0x0000000080006036 (0x0000a811) c.j     pc + 20
core   0: 3 0x0000000080006036 (0xa811)
core   0: >>>>  mepc_4
core   0: 0x000000008000604a (0x00000791) c.addi  a5, 4
core   0: 3 0x000000008000604a (0x0791) x15 0x00000000800053ae
core   0: 0x000000008000604c (0x34179073) csrrw   zero, mepc, a5
core   0: 3 0x000000008000604c (0x34179073) c833_mepc 0x00000000800053ae
core   0: 0x0000000080006050 (0x30200073) mret
core   0: 3 0x0000000080006050 (0x30200073) c768_mstatus 0x8000000a00106080
core   0: 0x00000000800053ae (0x00c62d33) slt     s10, a2, a2
core   0: 1 0x00000000800053ae (0x00c62d33) x26 0x0000000000000000
core   0: 0x00000000800053b2 (0x0012d313) srli    t1, t0, 1
core   0: 1 0x00000000800053b2 (0x0012d313) x6  0x0000000000000000
core   0: 0x00000000800053b6 (0x9a4f7f47) fmsub.d ft10, ft10, ft4, fs3
core   0: 1 0x00000000800053b6 (0x9a4f7f47) f30 0x7ff8000000000000
core   0: 0x00000000800053ba (0x40510c3b) subw    s8, sp, t0
core   0: 1 0x00000000800053ba (0x40510c3b) x24 0xffffffffffffffff
core   0: 0x00000000800053be (0x024166bb) remw    a3, sp, tp
core   0: 1 0x00000000800053be (0x024166bb) x13 0xffffffffffffffff
core   0: 0x00000000800053c2 (0x42050353) fcvt.d.s ft6, fa0
core   0: 1 0x00000000800053c2 (0x42050353) f6  0x41ebffff00000000
core   0: 0x00000000800053c6 (0x4114093b) subw    s2, s0, a7
core   0: 1 0x00000000800053c6 (0x4114093b) x18 0xffffffffffffffff
core   0: 0x00000000800053ca (0x01b8ac33) slt     s8, a7, s11
core   0: 1 0x00000000800053ca (0x01b8ac33) x24 0x0000000000000000
core   0: 0x00000000800053ce (0x00d67833) and     a6, a2, a3
core   0: 1 0x00000000800053ce (0x00d67833) x16 0x0000000000000a00
core   0: 0x00000000800053d2 (0x0200f853) fadd.d  fa6, ft1, ft0
core   0: 1 0x00000000800053d2 (0x0200f853) f16 0x7ff8000000000000
core   0: 0x00000000800053d6 (0x02bdf033) remu    zero, s11, a1
core   0: 1 0x00000000800053d6 (0x02bdf033)
core   0: 0x00000000800053da (0x5a01ffd3) fsqrt.d ft11, ft3
core   0: 1 0x00000000800053da (0x5a01ffd3) f31 0x7ff8000000000000
core   0: 0x00000000800053de (0x038787b3) mul     a5, a5, s8
core   0: 1 0x00000000800053de (0x038787b3) x15 0x0000000000000000
core   0: 0x00000000800053e2 (0x0080843b) addw    s0, ra, s0
core   0: 1 0x00000000800053e2 (0x0080843b) x8  0xffffffff80004013
core   0: 0x00000000800053e6 (0x40b5d81b) sraiw   a6, a1, 11
core   0: 1 0x00000000800053e6 (0x40b5d81b) x16 0xfffffffffff8094f
core   0: 0x00000000800053ea (0x00000001) c.nop
core   0: 1 0x00000000800053ea (0x0001)
core   0: 0x00000000800053ec (0x43fa5b93) srai    s7, s4, 63
core   0: 1 0x00000000800053ec (0x43fa5b93) x23 0x0000000000000000
core   0: 0x00000000800053f0 (0xc03f7c53) fcvt.lu.s s8, ft10
core   0: 1 0x00000000800053f0 (0xc03f7c53) c1_fflags 0x0000000000000013 x24 0xffffffffffffffff
core   0: 0x00000000800053f4 (0x4192863b) subw    a2, t0, s9
core   0: 1 0x00000000800053f4 (0x4192863b) x12 0x0000000000000001
core   0: 0x00000000800053f8 (0xc2217153) fcvt.l.d sp, ft2
core   0: 1 0x00000000800053f8 (0xc2217153) c1_fflags 0x0000000000000013 x2  0x0000000000000001
core   0: 0x00000000800053fc (0x02fbd23b) divuw   tp, s7, a5
core   0: 1 0x00000000800053fc (0x02fbd23b) x4  0xffffffffffffffff
core   0: 0x0000000080005400 (0xd2327453) fcvt.d.lu fs0, tp
core   0: 1 0x0000000080005400 (0xd2327453) c1_fflags 0x0000000000000013 f8  0x43f0000000000000
core   0: 0x0000000080005404 (0x01218bb3) add     s7, gp, s2
core   0: 1 0x0000000080005404 (0x01218bb3) x23 0x00000000000009ff
core   0: 0x0000000080005408 (0x0b8afa53) fsub.d  fs4, fs5, fs8
core   0: 1 0x0000000080005408 (0x0b8afa53) f20 0x7ff8000000000000
core   0: 0x000000008000540c (0x00179d73) csrrw   s10, fflags, a5
core   0: 1 0x000000008000540c (0x00179d73) x26 0x0000000000000013 c1_fflags 0x0000000000000000
core   0: 0x0000000080005410 (0x003d033b) addw    t1, s10, gp
core   0: 1 0x0000000080005410 (0x003d033b) x6  0x0000000000000a13
core   0: 0x0000000080005414 (0x03a9493b) divw    s2, s2, s10
core   0: 1 0x0000000080005414 (0x03a9493b) x18 0x0000000000000000
core   0: 0x0000000080005418 (0x52e3f013) andi    zero, t2, 1326
core   0: 1 0x0000000080005418 (0x52e3f013)
core   0: 0x000000008000541c (0x813a4813) xori    a6, s4, -2029
core   0: 1 0x000000008000541c (0x813a4813) x16 0xfffffffffffff813
core   0: 0x0000000080005420 (0xadfcbab7) lui     s5, 0xadfcb
core   0: 1 0x0000000080005420 (0xadfcbab7) x21 0xffffffffadfcb000
core   0: 0x0000000080005424 (0xc21f7453) fcvt.wu.d s0, ft10
core   0: 1 0x0000000080005424 (0xc21f7453) c1_fflags 0x0000000000000010 x8  0xffffffffffffffff
core   0: 0x0000000080005428 (0x009ad6bb) srlw    a3, s5, s1
core   0: 1 0x0000000080005428 (0x009ad6bb) x13 0x000000000adfcb00
core   0: 0x000000008000542c (0x0089d733) srl     a4, s3, s0
core   0: 1 0x000000008000542c (0x0089d733) x14 0x0000000000000000
core   0: 0x0000000080005430 (0x0042083b) addw    a6, tp, tp
core   0: 1 0x0000000080005430 (0x0042083b) x16 0xfffffffffffffffe
core   0: 0x0000000080005434 (0x00e3d2bb) srlw    t0, t2, a4
core   0: 1 0x0000000080005434 (0x00e3d2bb) x5  0xfffffffffffff8cd
core   0: 0x0000000080005438 (0xd2367953) fcvt.d.lu fs2, a2
core   0: 1 0x0000000080005438 (0xd2367953) f18 0x3ff0000000000000
core   0: 0x000000008000543c (0x00d09a9b) slliw   s5, ra, 13
core   0: 1 0x000000008000543c (0x00d09a9b) x21 0x0000000008028000
core   0: 0x0000000080005440 (0x2ac79ad3) fmax.d  fs5, fa5, fa2
core   0: 1 0x0000000080005440 (0x2ac79ad3) f21 0x7ff8000000000000
core   0: 0x0000000080005444 (0x00109ef3) csrrw   t4, fflags, ra
core   0: 1 0x0000000080005444 (0x00109ef3) x29 0x0000000000000010 c1_fflags 0x0000000000000014
core   0: 0x0000000080005448 (0x7ffee193) ori     gp, t4, 2047
core   0: 1 0x0000000080005448 (0x7ffee193) x3  0x00000000000007ff
core   0: 0x000000008000544c (0x026ec533) div     a0, t4, t1
core   0: 1 0x000000008000544c (0x026ec533) x10 0x0000000000000000
core   0: 0x0000000080005450 (0x4012f0d3) fcvt.s.d ft1, ft5
core   0: 1 0x0000000080005450 (0x4012f0d3) f1  0xffffffff45200000
core   0: 0x0000000080005454 (0x0241a2b3) mulhsu  t0, gp, tp
core   0: 1 0x0000000080005454 (0x0241a2b3) x5  0x00000000000007fe
core   0: 0x0000000080005458 (0xc036f753) fcvt.lu.s a4, fa3
core   0: 1 0x0000000080005458 (0xc036f753) c1_fflags 0x0000000000000014 x14 0xffffffffffffffff
core   0: 0x000000008000545c (0xd20d04d3) fcvt.d.w fs1, s10
core   0: 1 0x000000008000545c (0xd20d04d3) f9  0x4033000000000000
core   0: 0x0000000080005460 (0x229495d3) fsgnjn.d fa1, fs1, fs1
core   0: 1 0x0000000080005460 (0x229495d3) f11 0xc033000000000000
core   0: 0x0000000080005464 (0x01076e33) or      t3, a4, a6
core   0: 1 0x0000000080005464 (0x01076e33) x28 0xffffffffffffffff
core   0: 0x0000000080005468 (0xe20805d3) fmv.x.d a1, fa6
core   0: 1 0x0000000080005468 (0xe20805d3) x11 0x7ff8000000000000
core   0: 0x000000008000546c (0x02c5ebb3) rem     s7, a1, a2
core   0: 1 0x000000008000546c (0x02c5ebb3) x23 0x0000000000000000
core   0: 0x0000000080005470 (0x23e304d3) fsgnj.d fs1, ft6, ft10
core   0: 1 0x0000000080005470 (0x23e304d3) f9  0x41ebffff00000000
core   0: 0x0000000080005474 (0x40f95c1b) sraiw   s8, s2, 15
core   0: 1 0x0000000080005474 (0x40f95c1b) x24 0x0000000000000000
core   0: 0x0000000080005478 (0x41800db3) sub     s11, zero, s8
core   0: 1 0x0000000080005478 (0x41800db3) x27 0x0000000000000000
core   0: 0x000000008000547c (0xd2110053) fcvt.d.wu ft0, sp
core   0: 1 0x000000008000547c (0xd2110053) f0  0x3ff0000000000000
core   0: 0x0000000080005480 (0x0239a9b3) mulhsu  s3, s3, gp
core   0: 1 0x0000000080005480 (0x0239a9b3) x19 0x0000000000000000
core   0: 0x0000000080005484 (0x4b5f79cb) fnmsub.d fs3, ft10, fs5, fs1
core   0: 1 0x0000000080005484 (0x4b5f79cb) f19 0x7ff8000000000000
core   0: 0x0000000080005488 (0xc03f7953) fcvt.lu.s s2, ft10
core   0: 1 0x0000000080005488 (0xc03f7953) c1_fflags 0x0000000000000014 x18 0xffffffffffffffff
core   0: 0x000000008000548c (0xc0207253) fcvt.l.s tp, ft0
core   0: 1 0x000000008000548c (0xc0207253) c1_fflags 0x0000000000000014 x4  0x7fffffffffffffff
core   0: 0x0000000080005490 (0xea4ce5b7) lui     a1, 0xea4ce
core   0: 1 0x0000000080005490 (0xea4ce5b7) x11 0xffffffffea4ce000
core   0: 0x0000000080005494 (0x03fa9c13) slli    s8, s5, 63
core   0: 1 0x0000000080005494 (0x03fa9c13) x24 0x0000000000000000
core   0: 0x0000000080005498 (0x00a0053b) addw    a0, zero, a0
core   0: 1 0x0000000080005498 (0x00a0053b) x10 0x0000000000000000
core   0: 0x000000008000549c (0x8b1ffdc7) fmsub.d fs11, ft11, fa7, fa7
core   0: 1 0x000000008000549c (0x8b1ffdc7) f27 0x7ff8000000000000
core   0: 0x00000000800054a0 (0x7479e1f3) csrrsi  gp, mseccfg, 19
core   0: exception trap_illegal_instruction, epc 0x00000000800054a0
core   0:           tval 0x000000007479e1f3
core   0: >>>>  $xrv64i2p1_m2p0_a2p1_f2p2_d2p2_zicsr2p0_zifencei2p0_zmmul1p0_zba1p0_zbb1p0_zbc1p0_zbs1p0
core   0: 0x0000000080004000 (0x0080006f) j       pc + 0x8
core   0: 3 0x0000000080004000 (0x0080006f)
core   0: >>>>  mmode_exception_handler
core   0: 0x0000000080004008 (0x00002c17) auipc   s8, 0x2
core   0: 3 0x0000000080004008 (0x00002c17) x24 0x0000000080006008
core   0: 0x000000008000400c (0x00ec0c13) addi    s8, s8, 14
core   0: 3 0x000000008000400c (0x00ec0c13) x24 0x0000000080006016
core   0: 0x0000000080004010 (0x000c00e7) jalr    s8
core   0: 3 0x0000000080004010 (0x000c00e7) x1  0x0000000080004014
core   0: >>>>  any_handler
core   0: 0x0000000080006016 (0x341027f3) csrrs   a5, mepc, zero
core   0: 3 0x0000000080006016 (0x341027f3) x15 0x00000000800054a0
core   0: 0x000000008000601a (0x34202773) csrrs   a4, mcause, zero
core   0: 3 0x000000008000601a (0x34202773) x14 0x0000000000000002
core   0: 0x000000008000601e (0x142026f3) csrrs   a3, scause, zero
core   0: 3 0x000000008000601e (0x142026f3) x13 0x0000000000000000
core   0: 0x0000000080006022 (0x30402673) csrrs   a2, mie, zero
core   0: 3 0x0000000080006022 (0x30402673) x12 0x0000000000000a00
core   0: 0x0000000080006026 (0x344025f3) csrrs   a1, mip, zero
core   0: 3 0x0000000080006026 (0x344025f3) x11 0x0000000000000080
core   0: 0x000000008000602a (0x343025f3) csrrs   a1, mtval, zero
core   0: 3 0x000000008000602a (0x343025f3) x11 0x000000007479e1f3
core   0: 0x000000008000602e (0x14302573) csrrs   a0, stval, zero
core   0: 3 0x000000008000602e (0x14302573) x10 0x0000000000000000
core   0: 0x0000000080006032 (0xb02024f3) csrrs   s1, minstret, zero
core   0: 3 0x0000000080006032 (0xb02024f3) x9  0x0000000000000ed1
core   0: 0x0000000080006036 (0x0000a811) c.j     pc + 20
core   0: 3 0x0000000080006036 (0xa811)
core   0: >>>>  mepc_4
core   0: 0x000000008000604a (0x00000791) c.addi  a5, 4
core   0: 3 0x000000008000604a (0x0791) x15 0x00000000800054a4
core   0: 0x000000008000604c (0x34179073) csrrw   zero, mepc, a5
core   0: 3 0x000000008000604c (0x34179073) c833_mepc 0x00000000800054a4
core   0: 0x0000000080006050 (0x30200073) mret
core   0: 3 0x0000000080006050 (0x30200073) c768_mstatus 0x8000000a00106080
core   0: 0x00000000800054a4 (0x0014181b) slliw   a6, s0, 1
core   0: 1 0x00000000800054a4 (0x0014181b) x16 0xfffffffffffffffe
core   0: 0x00000000800054a8 (0xdbbff04f) fnmadd.d ft0, ft11, fs11, fs11
core   0: 1 0x00000000800054a8 (0xdbbff04f) f0  0x7ff8000000000000
core   0: 0x00000000800054ac (0xf11a64f3) csrrsi  s1, mvendorid, 20
core   0: exception trap_illegal_instruction, epc 0x00000000800054ac
core   0:           tval 0x00000000f11a64f3
core   0: >>>>  $xrv64i2p1_m2p0_a2p1_f2p2_d2p2_zicsr2p0_zifencei2p0_zmmul1p0_zba1p0_zbb1p0_zbc1p0_zbs1p0
core   0: 0x0000000080004000 (0x0080006f) j       pc + 0x8
core   0: 3 0x0000000080004000 (0x0080006f)
core   0: >>>>  mmode_exception_handler
core   0: 0x0000000080004008 (0x00002c17) auipc   s8, 0x2
core   0: 3 0x0000000080004008 (0x00002c17) x24 0x0000000080006008
core   0: 0x000000008000400c (0x00ec0c13) addi    s8, s8, 14
core   0: 3 0x000000008000400c (0x00ec0c13) x24 0x0000000080006016
core   0: 0x0000000080004010 (0x000c00e7) jalr    s8
core   0: 3 0x0000000080004010 (0x000c00e7) x1  0x0000000080004014
core   0: >>>>  any_handler
core   0: 0x0000000080006016 (0x341027f3) csrrs   a5, mepc, zero
core   0: 3 0x0000000080006016 (0x341027f3) x15 0x00000000800054ac
core   0: 0x000000008000601a (0x34202773) csrrs   a4, mcause, zero
core   0: 3 0x000000008000601a (0x34202773) x14 0x0000000000000002
core   0: 0x000000008000601e (0x142026f3) csrrs   a3, scause, zero
core   0: 3 0x000000008000601e (0x142026f3) x13 0x0000000000000000
core   0: 0x0000000080006022 (0x30402673) csrrs   a2, mie, zero
core   0: 3 0x0000000080006022 (0x30402673) x12 0x0000000000000a00
core   0: 0x0000000080006026 (0x344025f3) csrrs   a1, mip, zero
core   0: 3 0x0000000080006026 (0x344025f3) x11 0x0000000000000080
core   0: 0x000000008000602a (0x343025f3) csrrs   a1, mtval, zero
core   0: 3 0x000000008000602a (0x343025f3) x11 0x00000000f11a64f3
core   0: 0x000000008000602e (0x14302573) csrrs   a0, stval, zero
core   0: 3 0x000000008000602e (0x14302573) x10 0x0000000000000000
core   0: 0x0000000080006032 (0xb02024f3) csrrs   s1, minstret, zero
core   0: 3 0x0000000080006032 (0xb02024f3) x9  0x0000000000000ee3
core   0: 0x0000000080006036 (0x0000a811) c.j     pc + 20
core   0: 3 0x0000000080006036 (0xa811)
core   0: >>>>  mepc_4
core   0: 0x000000008000604a (0x00000791) c.addi  a5, 4
core   0: 3 0x000000008000604a (0x0791) x15 0x00000000800054b0
core   0: 0x000000008000604c (0x34179073) csrrw   zero, mepc, a5
core   0: 3 0x000000008000604c (0x34179073) c833_mepc 0x00000000800054b0
core   0: 0x0000000080006050 (0x30200073) mret
core   0: 3 0x0000000080006050 (0x30200073) c768_mstatus 0x8000000a00106080
core   0: 0x00000000800054b0 (0xfd568c97) auipc   s9, 0xfd568
core   0: 1 0x00000000800054b0 (0xfd568c97) x25 0x000000007d56d4b0
core   0: 0x00000000800054b4 (0x03bcd293) srli    t0, s9, 59
core   0: 1 0x00000000800054b4 (0x03bcd293) x5  0x0000000000000000
core   0: 0x00000000800054b8 (0x98624a13) xori    s4, tp, -1658
core   0: 1 0x00000000800054b8 (0x98624a13) x20 0x8000000000000679
core   0: 0x00000000800054bc (0x89ebde97) auipc   t4, 0x89ebd
core   0: 1 0x00000000800054bc (0x89ebde97) x29 0x0000000009ec24bc
core   0: 0x00000000800054c0 (0x03840533) mul     a0, s0, s8
core   0: 1 0x00000000800054c0 (0x03840533) x10 0xffffffff7fff9fea
core   0: 0x00000000800054c4 (0x016ede9b) srliw   t4, t4, 22
core   0: 1 0x00000000800054c4 (0x016ede9b) x29 0x0000000000000027
core   0: 0x00000000800054c8 (0xc224f753) fcvt.l.d a4, fs1
core   0: 1 0x00000000800054c8 (0xc224f753) x14 0x00000000dffff800
core   0: 0x00000000800054cc (0x418ede9b) sraiw   t4, t4, 24
core   0: 1 0x00000000800054cc (0x418ede9b) x29 0x0000000000000000
core   0: 0x00000000800054d0 (0x00dc123b) sllw    tp, s8, a3
core   0: 1 0x00000000800054d0 (0x00dc123b) x4  0xffffffff80006016
core   0: 0x00000000800054d4 (0xd0327e53) fcvt.s.lu ft8, tp
core   0: 1 0x00000000800054d4 (0xd0327e53) c1_fflags 0x0000000000000015 f28 0xffffffff5f800000
core   0: 0x00000000800054d8 (0xa1220113) addi    sp, tp, -1518
core   0: 1 0x00000000800054d8 (0xa1220113) x2  0xffffffff80005a28
core   0: 0x00000000800054dc (0xd2020bd3) fcvt.d.w fs7, tp
core   0: 1 0x00000000800054dc (0xd2020bd3) f23 0xc1dfffe7fa800000
core   0: 0x00000000800054e0 (0x012e1933) sll     s2, t3, s2
core   0: 1 0x00000000800054e0 (0x012e1933) x18 0x8000000000000000
core   0: 0x00000000800054e4 (0x0b72f2d3) fsub.d  ft5, ft5, fs7
core   0: 1 0x00000000800054e4 (0x0b72f2d3) f5  0x41dfffea7a800000
core   0: 0x00000000800054e8 (0x002902b3) add     t0, s2, sp
core   0: 1 0x00000000800054e8 (0x002902b3) x5  0x7fffffff80005a28
core   0: 0x00000000800054ec (0xfbaafdc7) fmsub.d fs11, fs5, fs10, ft11
core   0: 1 0x00000000800054ec (0xfbaafdc7) f27 0x7ff8000000000000
core   0: 0x00000000800054f0 (0x0056d3bb) srlw    t2, a3, t0
core   0: 1 0x00000000800054f0 (0x0056d3bb) x7  0x0000000000000000
core   0: 0x00000000800054f4 (0x31d6ca37) lui     s4, 0x31d6c
core   0: 1 0x00000000800054f4 (0x31d6ca37) x20 0x0000000031d6c000
core   0: 0x00000000800054f8 (0x32037673) csrrci  a2, mcountinhibit, 6
core   0: exception trap_illegal_instruction, epc 0x00000000800054f8
core   0:           tval 0x0000000032037673
core   0: >>>>  $xrv64i2p1_m2p0_a2p1_f2p2_d2p2_zicsr2p0_zifencei2p0_zmmul1p0_zba1p0_zbb1p0_zbc1p0_zbs1p0
core   0: 0x0000000080004000 (0x0080006f) j       pc + 0x8
core   0: 3 0x0000000080004000 (0x0080006f)
core   0: >>>>  mmode_exception_handler
core   0: 0x0000000080004008 (0x00002c17) auipc   s8, 0x2
core   0: 3 0x0000000080004008 (0x00002c17) x24 0x0000000080006008
core   0: 0x000000008000400c (0x00ec0c13) addi    s8, s8, 14
core   0: 3 0x000000008000400c (0x00ec0c13) x24 0x0000000080006016
core   0: 0x0000000080004010 (0x000c00e7) jalr    s8
core   0: 3 0x0000000080004010 (0x000c00e7) x1  0x0000000080004014
core   0: >>>>  any_handler
core   0: 0x0000000080006016 (0x341027f3) csrrs   a5, mepc, zero
core   0: 3 0x0000000080006016 (0x341027f3) x15 0x00000000800054f8
core   0: 0x000000008000601a (0x34202773) csrrs   a4, mcause, zero
core   0: 3 0x000000008000601a (0x34202773) x14 0x0000000000000002
core   0: 0x000000008000601e (0x142026f3) csrrs   a3, scause, zero
core   0: 3 0x000000008000601e (0x142026f3) x13 0x0000000000000000
core   0: 0x0000000080006022 (0x30402673) csrrs   a2, mie, zero
core   0: 3 0x0000000080006022 (0x30402673) x12 0x0000000000000a00
core   0: 0x0000000080006026 (0x344025f3) csrrs   a1, mip, zero
core   0: 3 0x0000000080006026 (0x344025f3) x11 0x0000000000000080
core   0: 0x000000008000602a (0x343025f3) csrrs   a1, mtval, zero
core   0: 3 0x000000008000602a (0x343025f3) x11 0x0000000032037673
core   0: 0x000000008000602e (0x14302573) csrrs   a0, stval, zero
core   0: 3 0x000000008000602e (0x14302573) x10 0x0000000000000000
core   0: 0x0000000080006032 (0xb02024f3) csrrs   s1, minstret, zero
core   0: 3 0x0000000080006032 (0xb02024f3) x9  0x0000000000000f05
core   0: 0x0000000080006036 (0x0000a811) c.j     pc + 20
core   0: 3 0x0000000080006036 (0xa811)
core   0: >>>>  mepc_4
core   0: 0x000000008000604a (0x00000791) c.addi  a5, 4
core   0: 3 0x000000008000604a (0x0791) x15 0x00000000800054fc
core   0: 0x000000008000604c (0x34179073) csrrw   zero, mepc, a5
core   0: 3 0x000000008000604c (0x34179073) c833_mepc 0x00000000800054fc
core   0: 0x0000000080006050 (0x30200073) mret
core   0: 3 0x0000000080006050 (0x30200073) c768_mstatus 0x8000000a00106080
core   0: 0x00000000800054fc (0xc21d74d3) fcvt.wu.d s1, fs10
core   0: 1 0x00000000800054fc (0xc21d74d3) c1_fflags 0x0000000000000015 x9  0xffffffffffffffff
core   0: 0x0000000080005500 (0x0210e7b3) rem     a5, ra, ra
core   0: 1 0x0000000080005500 (0x0210e7b3) x15 0x0000000000000000
core   0: 0x0000000080005504 (0x401a73d3) fcvt.s.d ft7, fs4
core   0: 1 0x0000000080005504 (0x401a73d3) f7  0xffffffff7fc00000
core   0: 0x0000000080005508 (0x5a0f7953) fsqrt.d fs2, ft10
core   0: 1 0x0000000080005508 (0x5a0f7953) f18 0x7ff8000000000000
core   0: 0x000000008000550c (0xf32dfdc7) fmsub.d fs11, fs11, fs2, ft10
core   0: 1 0x000000008000550c (0xf32dfdc7) f27 0x7ff8000000000000
core   0: 0x0000000080005510 (0x022a8d33) mul     s10, s5, sp
core   0: 1 0x0000000080005510 (0x022a8d33) x26 0xfbfec2d221640000
core   0: 0x0000000080005514 (0x412a5a1b) sraiw   s4, s4, 18
core   0: 1 0x0000000080005514 (0x412a5a1b) x20 0x0000000000000c75
core   0: 0x0000000080005518 (0x2a4c9ed3) fmax.d  ft9, fs9, ft4
core   0: 1 0x0000000080005518 (0x2a4c9ed3) f29 0xbfe6a09e667f3bcc
core   0: 0x000000008000551c (0x03f55793) srli    a5, a0, 63
core   0: 1 0x000000008000551c (0x03f55793) x15 0x0000000000000000
core   0: 0x0000000080005520 (0xf3b1f1cb) fnmsub.d ft3, ft3, fs11, ft10
core   0: 1 0x0000000080005520 (0xf3b1f1cb) f3  0x7ff8000000000000
core   0: 0x0000000080005524 (0x340ffb73) csrrci  s6, mscratch, 31
core   0: exception trap_illegal_instruction, epc 0x0000000080005524
core   0:           tval 0x00000000340ffb73
core   0: >>>>  $xrv64i2p1_m2p0_a2p1_f2p2_d2p2_zicsr2p0_zifencei2p0_zmmul1p0_zba1p0_zbb1p0_zbc1p0_zbs1p0
core   0: 0x0000000080004000 (0x0080006f) j       pc + 0x8
core   0: 3 0x0000000080004000 (0x0080006f)
core   0: >>>>  mmode_exception_handler
core   0: 0x0000000080004008 (0x00002c17) auipc   s8, 0x2
core   0: 3 0x0000000080004008 (0x00002c17) x24 0x0000000080006008
core   0: 0x000000008000400c (0x00ec0c13) addi    s8, s8, 14
core   0: 3 0x000000008000400c (0x00ec0c13) x24 0x0000000080006016
core   0: 0x0000000080004010 (0x000c00e7) jalr    s8
core   0: 3 0x0000000080004010 (0x000c00e7) x1  0x0000000080004014
core   0: >>>>  any_handler
core   0: 0x0000000080006016 (0x341027f3) csrrs   a5, mepc, zero
core   0: 3 0x0000000080006016 (0x341027f3) x15 0x0000000080005524
core   0: 0x000000008000601a (0x34202773) csrrs   a4, mcause, zero
core   0: 3 0x000000008000601a (0x34202773) x14 0x0000000000000002
core   0: 0x000000008000601e (0x142026f3) csrrs   a3, scause, zero
core   0: 3 0x000000008000601e (0x142026f3) x13 0x0000000000000000
core   0: 0x0000000080006022 (0x30402673) csrrs   a2, mie, zero
core   0: 3 0x0000000080006022 (0x30402673) x12 0x0000000000000a00
core   0: 0x0000000080006026 (0x344025f3) csrrs   a1, mip, zero
core   0: 3 0x0000000080006026 (0x344025f3) x11 0x0000000000000080
core   0: 0x000000008000602a (0x343025f3) csrrs   a1, mtval, zero
core   0: 3 0x000000008000602a (0x343025f3) x11 0x00000000340ffb73
core   0: 0x000000008000602e (0x14302573) csrrs   a0, stval, zero
core   0: 3 0x000000008000602e (0x14302573) x10 0x0000000000000000
core   0: 0x0000000080006032 (0xb02024f3) csrrs   s1, minstret, zero
core   0: 3 0x0000000080006032 (0xb02024f3) x9  0x0000000000000f1f
core   0: 0x0000000080006036 (0x0000a811) c.j     pc + 20
core   0: 3 0x0000000080006036 (0xa811)
core   0: >>>>  mepc_4
core   0: 0x000000008000604a (0x00000791) c.addi  a5, 4
core   0: 3 0x000000008000604a (0x0791) x15 0x0000000080005528
core   0: 0x000000008000604c (0x34179073) csrrw   zero, mepc, a5
core   0: 3 0x000000008000604c (0x34179073) c833_mepc 0x0000000080005528
core   0: 0x0000000080006050 (0x30200073) mret
core   0: 3 0x0000000080006050 (0x30200073) c768_mstatus 0x8000000a00106080
core   0: 0x0000000080005528 (0x00079b9b) slliw   s7, a5, 0
core   0: 1 0x0000000080005528 (0x00079b9b) x23 0xffffffff80005528
core   0: 0x000000008000552c (0xd237f453) fcvt.d.lu fs0, a5
core   0: 1 0x000000008000552c (0xd237f453) f8  0x41e0000aa5000000
core   0: 0x0000000080005530 (0xfff2881b) addiw   a6, t0, -1
core   0: 1 0x0000000080005530 (0xfff2881b) x16 0xffffffff80005a27
core   0: 0x0000000080005534 (0x0307623b) remw    tp, a4, a6
core   0: 1 0x0000000080005534 (0x0307623b) x4  0x0000000000000002
core   0: 0x0000000080005538 (0x400684bb) subw    s1, a3, zero
core   0: 1 0x0000000080005538 (0x400684bb) x9  0x0000000000000000
core   0: 0x000000008000553c (0xe20d0853) fmv.x.d a6, fs10
core   0: 1 0x000000008000553c (0xe20d0853) x16 0xffffffffde7e5ed3
core   0: 0x0000000080005540 (0x007849b3) xor     s3, a6, t2
core   0: 1 0x0000000080005540 (0x007849b3) x19 0xffffffffde7e5ed3
core   0: 0x0000000080005544 (0xf2038653) fmv.d.x fa2, t2
core   0: 1 0x0000000080005544 (0xf2038653) f12 0x0000000000000000
core   0: 0x0000000080005548 (0xd2277553) fcvt.d.l fa0, a4
core   0: 1 0x0000000080005548 (0xd2277553) f10 0x4000000000000000
core   0: 0x000000008000554c (0x13a47753) fmul.d  fa4, fs0, fs10
core   0: 1 0x000000008000554c (0x13a47753) f14 0x7ff8000000000000
core   0: 0x0000000080005550 (0x2749e213) ori     tp, s3, 628
core   0: 1 0x0000000080005550 (0x2749e213) x4  0xffffffffde7e5ef7
core   0: 0x0000000080005554 (0x00201d73) csrrw   s10, frm, zero
core   0: 1 0x0000000080005554 (0x00201d73) x26 0x0000000000000004 c2_frm 0x0000000000000000
core   0: 0x0000000080005558 (0x40125533) sra     a0, tp, ra
core   0: 1 0x0000000080005558 (0x40125533) x10 0xfffffffffffffde7
core   0: 0x000000008000555c (0x402d5333) sra     t1, s10, sp
core   0: 1 0x000000008000555c (0x402d5333) x6  0x0000000000000000
core   0: 0x0000000080005560 (0x008458b3) srl     a7, s0, s0
core   0: 1 0x0000000080005560 (0x008458b3) x17 0x0000000000000001
core   0: 0x0000000080005564 (0xd026ff53) fcvt.s.l ft10, a3
core   0: 1 0x0000000080005564 (0xd026ff53) f30 0xffffffff00000000
core   0: 0x0000000080005568 (0x0004109b) slliw   ra, s0, 0
core   0: 1 0x0000000080005568 (0x0004109b) x1  0xffffffffffffffff
core   0: 0x000000008000556c (0x02dd76d3) fadd.d  fa3, fs10, fa3
core   0: 1 0x000000008000556c (0x02dd76d3) f13 0x7ff8000000000000
core   0: 0x0000000080005570 (0xd034fb53) fcvt.s.lu fs6, s1
core   0: 1 0x0000000080005570 (0xd034fb53) f22 0xffffffff00000000
core   0: 0x0000000080005574 (0x436ada93) srai    s5, s5, 54
core   0: 1 0x0000000080005574 (0x436ada93) x21 0x0000000000000000
core   0: 0x0000000080005578 (0x0bb37453) fsub.d  fs0, ft6, fs11
core   0: 1 0x0000000080005578 (0x0bb37453) f8  0x7ff8000000000000
core   0: 0x000000008000557c (0xd29d75cb) fnmsub.d fa1, fs10, fs1, fs10
core   0: 1 0x000000008000557c (0xd29d75cb) f11 0x7ff8000000000000
core   0: 0x0000000080005580 (0x0090d63b) srlw    a2, ra, s1
core   0: 1 0x0000000080005580 (0x0090d63b) x12 0xffffffffffffffff
core   0: 0x0000000080005584 (0x011b98bb) sllw    a7, s7, a7
core   0: 1 0x0000000080005584 (0x011b98bb) x17 0x000000000000aa50
core   0: 0x0000000080005588 (0x228d0ad3) fsgnj.d fs5, fs10, fs0
core   0: 1 0x0000000080005588 (0x228d0ad3) f21 0x7fffffffde7e5ed3
core   0: 0x000000008000558c (0x03788533) mul     a0, a7, s7
core   0: 1 0x000000008000558c (0x03788533) x10 0xffffaad838a72c80
core   0: 0x0000000080005590 (0x0075d03b) srlw    zero, a1, t2
core   0: 1 0x0000000080005590 (0x0075d03b)
core   0: 0x0000000080005594 (0xd035f653) fcvt.s.lu fa2, a1
core   0: 1 0x0000000080005594 (0xd035f653) c1_fflags 0x0000000000000015 f12 0xffffffff4e503fee
core   0: 0x0000000080005598 (0x42745c13) srai    s8, s0, 39
core   0: 1 0x0000000080005598 (0x42745c13) x24 0xffffffffffffffff
core   0: 0x000000008000559c (0xa35a83d3) fle.d   t2, fs5, fs5
core   0: 1 0x000000008000559c (0xa35a83d3) c1_fflags 0x0000000000000015 x7  0x0000000000000000
core   0: 0x00000000800055a0 (0x00a06333) or      t1, zero, a0
core   0: 1 0x00000000800055a0 (0x00a06333) x6  0xffffaad838a72c80
core   0: 0x00000000800055a4 (0x027a0633) mul     a2, s4, t2
core   0: 1 0x00000000800055a4 (0x027a0633) x12 0x0000000000000000
core   0: 0x00000000800055a8 (0x1a4af253) fdiv.d  ft4, fs5, ft4
core   0: 1 0x00000000800055a8 (0x1a4af253) f4  0x7ff8000000000000
core   0: 0x00000000800055ac (0x1bc0f9d3) fdiv.d  fs3, ft1, ft8
core   0: 1 0x00000000800055ac (0x1bc0f9d3) f19 0x7ff8000000000000
core   0: 0x00000000800055b0 (0xa26e0153) fle.d   sp, ft8, ft6
core   0: 1 0x00000000800055b0 (0xa26e0153) c1_fflags 0x0000000000000015 x2  0x0000000000000000
core   0: 0x00000000800055b4 (0x00202073) csrrs   zero, frm, zero
core   0: 1 0x00000000800055b4 (0x00202073)
core   0: 0x00000000800055b8 (0x01165a33) srl     s4, a2, a7
core   0: 1 0x00000000800055b8 (0x01165a33) x20 0x0000000000000000
core   0: 0x00000000800055bc (0x22a99553) fsgnjn.d fa0, fs3, fa0
core   0: 1 0x00000000800055bc (0x22a99553) f10 0xfff8000000000000
core   0: 0x00000000800055c0 (0x03fd1c13) slli    s8, s10, 63
core   0: 1 0x00000000800055c0 (0x03fd1c13) x24 0x0000000000000000
core   0: 0x00000000800055c4 (0x00102373) csrrs   t1, fflags, zero
core   0: 1 0x00000000800055c4 (0x00102373) x6  0x0000000000000015
core   0: 0x00000000800055c8 (0x8b6b7397) auipc   t2, 0x8b6b7
core   0: 1 0x00000000800055c8 (0x8b6b7397) x7  0x000000000b6bc5c8
core   0: 0x00000000800055cc (0x41c8d533) sra     a0, a7, t3
core   0: 1 0x00000000800055cc (0x41c8d533) x10 0x0000000000000000
core   0: 0x00000000800055d0 (0x02a0f0b3) remu    ra, ra, a0
core   0: 1 0x00000000800055d0 (0x02a0f0b3) x1  0xffffffffffffffff
core   0: 0x00000000800055d4 (0x001b98f3) csrrw   a7, fflags, s7
core   0: 1 0x00000000800055d4 (0x001b98f3) x17 0x0000000000000015 c1_fflags 0x0000000000000008
core   0: 0x00000000800055d8 (0x0000d01b) srliw   zero, ra, 0
core   0: 1 0x00000000800055d8 (0x0000d01b)
core   0: 0x00000000800055dc (0x00004c85) c.li    s9, 1
core   0: 1 0x00000000800055dc (0x4c85) x25 0x0000000000000001
core   0: 0x00000000800055de (0x02ee2833) mulhsu  a6, t3, a4
core   0: 1 0x00000000800055de (0x02ee2833) x16 0xffffffffffffffff
core   0: 0x00000000800055e2 (0x22a521d3) fsgnjx.d ft3, fa0, fa0
core   0: 1 0x00000000800055e2 (0x22a521d3) f3  0x7ff8000000000000
core   0: 0x00000000800055e6 (0xc230fe53) fcvt.lu.d t3, ft1
core   0: 1 0x00000000800055e6 (0xc230fe53) c1_fflags 0x0000000000000018 x28 0xffffffffffffffff
core   0: 0x00000000800055ea (0x039b87bb) mulw    a5, s7, s9
core   0: 1 0x00000000800055ea (0x039b87bb) x15 0xffffffff80005528
core   0: 0x00000000800055ee (0x41f0de9b) sraiw   t4, ra, 31
core   0: 1 0x00000000800055ee (0x41f0de9b) x29 0xffffffffffffffff
core   0: 0x00000000800055f2 (0x0b56f9d3) fsub.d  fs3, fa3, fs5
core   0: 1 0x00000000800055f2 (0x0b56f9d3) f19 0x7ff8000000000000
core   0: 0x00000000800055f6 (0x002023f3) csrrs   t2, frm, zero
core   0: 1 0x00000000800055f6 (0x002023f3) x7  0x0000000000000000
core   0: 0x00000000800055fa (0x1abe75d3) fdiv.d  fa1, ft8, fa1
core   0: 1 0x00000000800055fa (0x1abe75d3) f11 0x7ff8000000000000
core   0: 0x00000000800055fe (0x037bfbd3) fadd.d  fs7, fs7, fs7
core   0: 1 0x00000000800055fe (0x037bfbd3) f23 0xc1efffe7fa800000
core   0: 0x0000000080005602 (0x000b139b) slliw   t2, s6, 0
core   0: 1 0x0000000080005602 (0x000b139b) x7  0x0000000000000000
core   0: 0x0000000080005606 (0xd234f9d3) fcvt.d.lu fs3, s1
core   0: 1 0x0000000080005606 (0xd234f9d3) f19 0x0000000000000000
core   0: 0x000000008000560a (0x226da353) fsgnjx.d ft6, fs11, ft6
core   0: 1 0x000000008000560a (0x226da353) f6  0x7ff8000000000000
core   0: 0x000000008000560e (0xd20002d3) fcvt.d.w ft5, zero
core   0: 1 0x000000008000560e (0xd20002d3) f5  0x0000000000000000
core   0: 0x0000000080005612 (0x00000001) c.nop
core   0: 1 0x0000000080005612 (0x0001)
core   0: 0x0000000080005614 (0xc21579d3) fcvt.wu.d s3, fa0
core   0: 1 0x0000000080005614 (0xc21579d3) c1_fflags 0x0000000000000018 x19 0xffffffffffffffff
core   0: 0x0000000080005618 (0x73bdfcc3) fmadd.d fs9, fs11, fs11, fa4
core   0: 1 0x0000000080005618 (0x73bdfcc3) f25 0x7ff8000000000000
core   0: 0x000000008000561c (0xf0676597) auipc   a1, 0xf0676
core   0: 1 0x000000008000561c (0xf0676597) x11 0x000000007067b61c
core   0: 0x0000000080005620 (0x23a190d3) fsgnjn.d ft1, ft3, fs10
core   0: 1 0x0000000080005620 (0x23a190d3) f1  0x7ff8000000000000
core   0: 0x0000000080005624 (0x02c3f63b) remuw   a2, t2, a2
core   0: 1 0x0000000080005624 (0x02c3f63b) x12 0x0000000000000000
core   0: 0x0000000080005628 (0xc02cf353) fcvt.l.s t1, fs9
core   0: 1 0x0000000080005628 (0xc02cf353) c1_fflags 0x0000000000000018 x6  0x7fffffffffffffff
core   0: 0x000000008000562c (0x2a1692d3) fmax.d  ft5, fa3, ft1
core   0: 1 0x000000008000562c (0x2a1692d3) f5  0x7ff8000000000000
core   0: 0x0000000080005630 (0xfc51fc37) lui     s8, 0xfc51f
core   0: 1 0x0000000080005630 (0xfc51fc37) x24 0xfffffffffc51f000
core   0: 0x0000000080005634 (0x793c0c1b) addiw   s8, s8, 1939
core   0: 1 0x0000000080005634 (0x793c0c1b) x24 0xfffffffffc51f793
core   0: 0x0000000080005638 (0x00000c36) c.slli  s8, 13
core   0: 1 0x0000000080005638 (0x0c36) x24 0xffffff8a3ef26000
core   0: 0x000000008000563a (0x0c4c0c13) addi    s8, s8, 196
core   0: 1 0x000000008000563a (0x0c4c0c13) x24 0xffffff8a3ef260c4
core   0: 0x000000008000563e (0xfffaeb93) ori     s7, s5, -1
core   0: 1 0x000000008000563e (0xfffaeb93) x23 0xffffffffffffffff
core   0: 0x0000000080005642 (0x005b11b3) sll     gp, s6, t0
core   0: 1 0x0000000080005642 (0x005b11b3) x3  0x0000000000000000
core   0: 0x0000000080005646 (0xf11e58f3) csrrwi  a7, mvendorid, 28
core   0: exception trap_illegal_instruction, epc 0x0000000080005646
core   0:           tval 0x00000000f11e58f3
core   0: >>>>  $xrv64i2p1_m2p0_a2p1_f2p2_d2p2_zicsr2p0_zifencei2p0_zmmul1p0_zba1p0_zbb1p0_zbc1p0_zbs1p0
core   0: 0x0000000080004000 (0x0080006f) j       pc + 0x8
core   0: 3 0x0000000080004000 (0x0080006f)
core   0: >>>>  mmode_exception_handler
core   0: 0x0000000080004008 (0x00002c17) auipc   s8, 0x2
core   0: 3 0x0000000080004008 (0x00002c17) x24 0x0000000080006008
core   0: 0x000000008000400c (0x00ec0c13) addi    s8, s8, 14
core   0: 3 0x000000008000400c (0x00ec0c13) x24 0x0000000080006016
core   0: 0x0000000080004010 (0x000c00e7) jalr    s8
core   0: 3 0x0000000080004010 (0x000c00e7) x1  0x0000000080004014
core   0: >>>>  any_handler
core   0: 0x0000000080006016 (0x341027f3) csrrs   a5, mepc, zero
core   0: 3 0x0000000080006016 (0x341027f3) x15 0x0000000080005646
core   0: 0x000000008000601a (0x34202773) csrrs   a4, mcause, zero
core   0: 3 0x000000008000601a (0x34202773) x14 0x0000000000000002
core   0: 0x000000008000601e (0x142026f3) csrrs   a3, scause, zero
core   0: 3 0x000000008000601e (0x142026f3) x13 0x0000000000000000
core   0: 0x0000000080006022 (0x30402673) csrrs   a2, mie, zero
core   0: 3 0x0000000080006022 (0x30402673) x12 0x0000000000000a00
core   0: 0x0000000080006026 (0x344025f3) csrrs   a1, mip, zero
core   0: 3 0x0000000080006026 (0x344025f3) x11 0x0000000000000080
core   0: 0x000000008000602a (0x343025f3) csrrs   a1, mtval, zero
core   0: 3 0x000000008000602a (0x343025f3) x11 0x00000000f11e58f3
core   0: 0x000000008000602e (0x14302573) csrrs   a0, stval, zero
core   0: 3 0x000000008000602e (0x14302573) x10 0x0000000000000000
core   0: 0x0000000080006032 (0xb02024f3) csrrs   s1, minstret, zero
core   0: 3 0x0000000080006032 (0xb02024f3) x9  0x0000000000000f78
core   0: 0x0000000080006036 (0x0000a811) c.j     pc + 20
core   0: 3 0x0000000080006036 (0xa811)
core   0: >>>>  mepc_4
core   0: 0x000000008000604a (0x00000791) c.addi  a5, 4
core   0: 3 0x000000008000604a (0x0791) x15 0x000000008000564a
core   0: 0x000000008000604c (0x34179073) csrrw   zero, mepc, a5
core   0: 3 0x000000008000604c (0x34179073) c833_mepc 0x000000008000564a
core   0: 0x0000000080006050 (0x30200073) mret
core   0: 3 0x0000000080006050 (0x30200073) c768_mstatus 0x8000000a00106080
core   0: 0x000000008000564a (0x00000001) c.nop
core   0: 1 0x000000008000564a (0x0001)
core   0: 0x000000008000564c (0x039accbb) divw    s9, s5, s9
core   0: 1 0x000000008000564c (0x039accbb) x25 0x0000000000000000
core   0: 0x0000000080005650 (0xd23079d3) fcvt.d.lu fs3, zero
core   0: 1 0x0000000080005650 (0xd23079d3) f19 0x0000000000000000
core   0: 0x0000000080005654 (0x2a2b9c53) fmax.d  fs8, fs7, ft2
core   0: 1 0x0000000080005654 (0x2a2b9c53) f24 0x3fe6a09e667f3bcc
core   0: 0x0000000080005658 (0x23a29d53) fsgnjn.d fs10, ft5, fs10
core   0: 1 0x0000000080005658 (0x23a29d53) f26 0x7ff8000000000000
core   0: 0x000000008000565c (0x011d07bb) addw    a5, s10, a7
core   0: 1 0x000000008000565c (0x011d07bb) x15 0x0000000000000019
core   0: 0x0000000080005660 (0xc02068f3) csrrsi  a7, instret, 0
core   0: exception trap_illegal_instruction, epc 0x0000000080005660
core   0:           tval 0x00000000c02068f3
core   0: >>>>  $xrv64i2p1_m2p0_a2p1_f2p2_d2p2_zicsr2p0_zifencei2p0_zmmul1p0_zba1p0_zbb1p0_zbc1p0_zbs1p0
core   0: 0x0000000080004000 (0x0080006f) j       pc + 0x8
core   0: 3 0x0000000080004000 (0x0080006f)
core   0: >>>>  mmode_exception_handler
core   0: 0x0000000080004008 (0x00002c17) auipc   s8, 0x2
core   0: 3 0x0000000080004008 (0x00002c17) x24 0x0000000080006008
core   0: 0x000000008000400c (0x00ec0c13) addi    s8, s8, 14
core   0: 3 0x000000008000400c (0x00ec0c13) x24 0x0000000080006016
core   0: 0x0000000080004010 (0x000c00e7) jalr    s8
core   0: 3 0x0000000080004010 (0x000c00e7) x1  0x0000000080004014
core   0: >>>>  any_handler
core   0: 0x0000000080006016 (0x341027f3) csrrs   a5, mepc, zero
core   0: 3 0x0000000080006016 (0x341027f3) x15 0x0000000080005660
core   0: 0x000000008000601a (0x34202773) csrrs   a4, mcause, zero
core   0: 3 0x000000008000601a (0x34202773) x14 0x0000000000000002
core   0: 0x000000008000601e (0x142026f3) csrrs   a3, scause, zero
core   0: 3 0x000000008000601e (0x142026f3) x13 0x0000000000000000
core   0: 0x0000000080006022 (0x30402673) csrrs   a2, mie, zero
core   0: 3 0x0000000080006022 (0x30402673) x12 0x0000000000000a00
core   0: 0x0000000080006026 (0x344025f3) csrrs   a1, mip, zero
core   0: 3 0x0000000080006026 (0x344025f3) x11 0x0000000000000080
core   0: 0x000000008000602a (0x343025f3) csrrs   a1, mtval, zero
core   0: 3 0x000000008000602a (0x343025f3) x11 0x00000000c02068f3
core   0: 0x000000008000602e (0x14302573) csrrs   a0, stval, zero
core   0: 3 0x000000008000602e (0x14302573) x10 0x0000000000000000
core   0: 0x0000000080006032 (0xb02024f3) csrrs   s1, minstret, zero
core   0: 3 0x0000000080006032 (0xb02024f3) x9  0x0000000000000f8e
core   0: 0x0000000080006036 (0x0000a811) c.j     pc + 20
core   0: 3 0x0000000080006036 (0xa811)
core   0: >>>>  mepc_4
core   0: 0x000000008000604a (0x00000791) c.addi  a5, 4
core   0: 3 0x000000008000604a (0x0791) x15 0x0000000080005664
core   0: 0x000000008000604c (0x34179073) csrrw   zero, mepc, a5
core   0: 3 0x000000008000604c (0x34179073) c833_mepc 0x0000000080005664
core   0: 0x0000000080006050 (0x30200073) mret
core   0: 3 0x0000000080006050 (0x30200073) c768_mstatus 0x8000000a00106080
core   0: 0x0000000080005664 (0x0ff0000f) fence   iorw,iorw
core   0: 1 0x0000000080005664 (0x0ff0000f)
core   0: 0x0000000080005668 (0xc229fc53) fcvt.l.d s8, fs3
core   0: 1 0x0000000080005668 (0xc229fc53) x24 0x0000000000000000
core   0: 0x000000008000566c (0x234c9a53) fsgnjn.d fs4, fs9, fs4
core   0: 1 0x000000008000566c (0x234c9a53) f20 0xfff8000000000000
core   0: 0x0000000080005670 (0x0376eb3b) remw    s6, a3, s7
core   0: 1 0x0000000080005670 (0x0376eb3b) x22 0x0000000000000000
core   0: 0x0000000080005674 (0x02251eb3) mulh    t4, a0, sp
core   0: 1 0x0000000080005674 (0x02251eb3) x29 0x0000000000000000
core   0: 0x0000000080005678 (0xd03177d3) fcvt.s.lu fa5, sp
core   0: 1 0x0000000080005678 (0xd03177d3) f15 0xffffffff00000000
core   0: 0x000000008000567c (0xd2217d53) fcvt.d.l fs10, sp
core   0: 1 0x000000008000567c (0xd2217d53) f26 0x0000000000000000
core   0: 0x0000000080005680 (0x420b0a53) fcvt.d.s fs4, fs6
core   0: 1 0x0000000080005680 (0x420b0a53) f20 0x0000000000000000
core   0: 0x0000000080005684 (0x02f15e33) divu    t3, sp, a5
core   0: 1 0x0000000080005684 (0x02f15e33) x28 0x0000000000000000
core   0: 0x0000000080005688 (0x00000d06) c.slli  s10, 1
core   0: 1 0x0000000080005688 (0x0d06) x26 0x0000000000000008
core   0: 0x000000008000568a (0x9edc5a97) auipc   s5, 0x9edc5
core   0: 1 0x000000008000568a (0x9edc5a97) x21 0x000000001edca68a
core   0: 0x000000008000568e (0x00000001) c.nop
core   0: 1 0x000000008000568e (0x0001)
core   0: 0x0000000080005690 (0x0357e233) rem     tp, a5, s5
core   0: 1 0x0000000080005690 (0x0357e233) x4  0x00000000048dbc3c
core   0: 0x0000000080005694 (0xc20873d3) fcvt.w.d t2, fa6
core   0: 1 0x0000000080005694 (0xc20873d3) c1_fflags 0x0000000000000018 x7  0x000000007fffffff
core   0: 0x0000000080005698 (0x00202973) csrrs   s2, frm, zero
core   0: 1 0x0000000080005698 (0x00202973) x18 0x0000000000000000
core   0: 0x000000008000569c (0x000b9a93) slli    s5, s7, 0
core   0: 1 0x000000008000569c (0x000b9a93) x21 0xffffffffffffffff
core   0: 0x00000000800056a0 (0xc21d7453) fcvt.wu.d s0, fs10
core   0: 1 0x00000000800056a0 (0xc21d7453) x8  0x0000000000000000
core   0: 0x00000000800056a4 (0x40c65633) sra     a2, a2, a2
core   0: 1 0x00000000800056a4 (0x40c65633) x12 0x0000000000000a00
core   0: 0x00000000800056a8 (0x133af053) fmul.d  ft0, fs5, fs3
core   0: 1 0x00000000800056a8 (0x133af053) f0  0x7ff8000000000000
core   0: 0x00000000800056ac (0xd2060853) fcvt.d.w fa6, a2
core   0: 1 0x00000000800056ac (0xd2060853) f16 0x40a4000000000000
core   0: 0x00000000800056b0 (0x277df013) andi    zero, s11, 631
core   0: 1 0x00000000800056b0 (0x277df013)
core   0: 0x00000000800056b4 (0x02dd9613) slli    a2, s11, 45
core   0: 1 0x00000000800056b4 (0x02dd9613) x12 0x0000000000000000
core   0: 0x00000000800056b8 (0x00102ef3) csrrs   t4, fflags, zero
core   0: 1 0x00000000800056b8 (0x00102ef3) x29 0x0000000000000018
core   0: 0x00000000800056bc (0x40c3da13) srai    s4, t2, 12
core   0: 1 0x00000000800056bc (0x40c3da13) x20 0x000000000007ffff
core   0: 0x00000000800056c0 (0x015186bb) addw    a3, gp, s5
core   0: 1 0x00000000800056c0 (0x015186bb) x13 0xffffffffffffffff
core   0: 0x00000000800056c4 (0xfffe6793) ori     a5, t3, -1
core   0: 1 0x00000000800056c4 (0xfffe6793) x15 0xffffffffffffffff
core   0: 0x00000000800056c8 (0xf2070fd3) fmv.d.x ft11, a4
core   0: 1 0x00000000800056c8 (0xf2070fd3) f31 0x0000000000000002
core   0: 0x00000000800056cc (0x0ff0000f) fence   iorw,iorw
core   0: 1 0x00000000800056cc (0x0ff0000f)
core   0: 0x00000000800056d0 (0x016a963b) sllw    a2, s5, s6
core   0: 1 0x00000000800056d0 (0x016a963b) x12 0xffffffffffffffff
core   0: 0x00000000800056d4 (0x2aef1a53) fmax.d  fs4, ft10, fa4
core   0: 1 0x00000000800056d4 (0x2aef1a53) f20 0x7ff8000000000000
core   0: 0x00000000800056d8 (0x40c2d6bb) sraw    a3, t0, a2
core   0: 1 0x00000000800056d8 (0x40c2d6bb) x13 0xffffffffffffffff
core   0: 0x00000000800056dc (0x01765133) srl     sp, a2, s7
core   0: 1 0x00000000800056dc (0x01765133) x2  0x0000000000000001
core   0: 0x00000000800056e0 (0x13456597) auipc   a1, 0x13456
core   0: 1 0x00000000800056e0 (0x13456597) x11 0x000000009345b6e0
core   0: 0x00000000800056e4 (0x032589b3) mul     s3, a1, s2
core   0: 1 0x00000000800056e4 (0x032589b3) x19 0x0000000000000000
core   0: 0x00000000800056e8 (0x004a0ebb) addw    t4, s4, tp
core   0: 1 0x00000000800056e8 (0x004a0ebb) x29 0x000000000495bc3b
core   0: 0x00000000800056ec (0x420a08d3) fcvt.d.s fa7, fs4
core   0: 1 0x00000000800056ec (0x420a08d3) f17 0x7ff8000000000000
core   0: 0x00000000800056f0 (0xd03a79d3) fcvt.s.lu fs3, s4
core   0: 1 0x00000000800056f0 (0xd03a79d3) f19 0xffffffff48ffffe0
core   0: 0x00000000800056f4 (0x00102373) csrrs   t1, fflags, zero
core   0: 1 0x00000000800056f4 (0x00102373) x6  0x0000000000000018
core   0: 0x00000000800056f8 (0x007c101b) slliw   zero, s8, 7
core   0: 1 0x00000000800056f8 (0x007c101b)
core   0: 0x00000000800056fc (0x01de5c3b) srlw    s8, t3, t4
core   0: 1 0x00000000800056fc (0x01de5c3b) x24 0x0000000000000000
core   0: 0x0000000080005700 (0x01fbdb9b) srliw   s7, s7, 31
core   0: 1 0x0000000080005700 (0x01fbdb9b) x23 0x0000000000000001
core   0: 0x0000000080005704 (0x3a73f3cb) fnmsub.d ft7, ft7, ft7, ft7
core   0: 1 0x0000000080005704 (0x3a73f3cb) f7  0x7ff8000000000000
core   0: 0x0000000080005708 (0x410b80b3) sub     ra, s7, a6
core   0: 1 0x0000000080005708 (0x410b80b3) x1  0x0000000000000002
core   0: 0x000000008000570c (0x01368833) add     a6, a3, s3
core   0: 1 0x000000008000570c (0x01368833) x16 0xffffffffffffffff
core   0: 0x0000000080005710 (0x01983e37) lui     t3, 0x1983
core   0: 1 0x0000000080005710 (0x01983e37) x28 0x0000000001983000
core   0: 0x0000000080005714 (0xee3e0e1b) addiw   t3, t3, -285
core   0: 1 0x0000000080005714 (0xee3e0e1b) x28 0x0000000001982ee3
core   0: 0x0000000080005718 (0x00000e32) c.slli  t3, 12
core   0: 1 0x0000000080005718 (0x0e32) x28 0x0000001982ee3000
core   0: 0x000000008000571a (0xb8be0e13) addi    t3, t3, -1141
core   0: 1 0x000000008000571a (0xb8be0e13) x28 0x0000001982ee2b8b
core   0: 0x000000008000571e (0x00000001) c.nop
core   0: 1 0x000000008000571e (0x0001)
core   0: 0x0000000080005720 (0x412b51b3) sra     gp, s6, s2
core   0: 1 0x0000000080005720 (0x412b51b3) x3  0x0000000000000000
core   0: 0x0000000080005724 (0x03c19d33) mulh    s10, gp, t3
core   0: 1 0x0000000080005724 (0x03c19d33) x26 0x0000000000000000
core   0: 0x0000000080005728 (0x40f457b3) sra     a5, s0, a5
core   0: 1 0x0000000080005728 (0x40f457b3) x15 0x0000000000000000
core   0: 0x000000008000572c (0x1050fe73) csrrci  t3, stvec, 1
core   0: 1 0x000000008000572c (0x1050fe73) x28 0xffffffffe6e94000 c261_stvec 0xffffffffe6e94000
core   0: 0x0000000080005730 (0x5bcf7b17) auipc   s6, 0x5bcf7
core   0: 1 0x0000000080005730 (0x5bcf7b17) x22 0x00000000dbcfc730
core   0: 0x0000000080005734 (0x002e9c3b) sllw    s8, t4, sp
core   0: 1 0x0000000080005734 (0x002e9c3b) x24 0x00000000092b7876
core   0: 0x0000000080005738 (0x015ada3b) srlw    s4, s5, s5
core   0: 1 0x0000000080005738 (0x015ada3b) x20 0x0000000000000001
core   0: 0x000000008000573c (0x025a49bb) divw    s3, s4, t0
core   0: 1 0x000000008000573c (0x025a49bb) x19 0x0000000000000000
core   0: 0x0000000080005740 (0x00f613bb) sllw    t2, a2, a5
core   0: 1 0x0000000080005740 (0x00f613bb) x7  0xffffffffffffffff
core   0: 0x0000000080005744 (0x323a91f3) csrrw   gp, mhpmevent3, s5
core   0: exception trap_illegal_instruction, epc 0x0000000080005744
core   0:           tval 0x00000000323a91f3
core   0: >>>>  $xrv64i2p1_m2p0_a2p1_f2p2_d2p2_zicsr2p0_zifencei2p0_zmmul1p0_zba1p0_zbb1p0_zbc1p0_zbs1p0
core   0: 0x0000000080004000 (0x0080006f) j       pc + 0x8
core   0: 3 0x0000000080004000 (0x0080006f)
core   0: >>>>  mmode_exception_handler
core   0: 0x0000000080004008 (0x00002c17) auipc   s8, 0x2
core   0: 3 0x0000000080004008 (0x00002c17) x24 0x0000000080006008
core   0: 0x000000008000400c (0x00ec0c13) addi    s8, s8, 14
core   0: 3 0x000000008000400c (0x00ec0c13) x24 0x0000000080006016
core   0: 0x0000000080004010 (0x000c00e7) jalr    s8
core   0: 3 0x0000000080004010 (0x000c00e7) x1  0x0000000080004014
core   0: >>>>  any_handler
core   0: 0x0000000080006016 (0x341027f3) csrrs   a5, mepc, zero
core   0: 3 0x0000000080006016 (0x341027f3) x15 0x0000000080005744
core   0: 0x000000008000601a (0x34202773) csrrs   a4, mcause, zero
core   0: 3 0x000000008000601a (0x34202773) x14 0x0000000000000002
core   0: 0x000000008000601e (0x142026f3) csrrs   a3, scause, zero
core   0: 3 0x000000008000601e (0x142026f3) x13 0x0000000000000000
core   0: 0x0000000080006022 (0x30402673) csrrs   a2, mie, zero
core   0: 3 0x0000000080006022 (0x30402673) x12 0x0000000000000a00
core   0: 0x0000000080006026 (0x344025f3) csrrs   a1, mip, zero
core   0: 3 0x0000000080006026 (0x344025f3) x11 0x0000000000000080
core   0: 0x000000008000602a (0x343025f3) csrrs   a1, mtval, zero
core   0: 3 0x000000008000602a (0x343025f3) x11 0x00000000323a91f3
core   0: 0x000000008000602e (0x14302573) csrrs   a0, stval, zero
core   0: 3 0x000000008000602e (0x14302573) x10 0x0000000000000000
core   0: 0x0000000080006032 (0xb02024f3) csrrs   s1, minstret, zero
core   0: 3 0x0000000080006032 (0xb02024f3) x9  0x0000000000000fd8
core   0: 0x0000000080006036 (0x0000a811) c.j     pc + 20
core   0: 3 0x0000000080006036 (0xa811)
core   0: >>>>  mepc_4
core   0: 0x000000008000604a (0x00000791) c.addi  a5, 4
core   0: 3 0x000000008000604a (0x0791) x15 0x0000000080005748
core   0: 0x000000008000604c (0x34179073) csrrw   zero, mepc, a5
core   0: 3 0x000000008000604c (0x34179073) c833_mepc 0x0000000080005748
core   0: 0x0000000080006050 (0x30200073) mret
core   0: 3 0x0000000080006050 (0x30200073) c768_mstatus 0x8000000a00106080
core   0: 0x0000000080005748 (0xd0317ad3) fcvt.s.lu fs5, sp
core   0: 1 0x0000000080005748 (0xd0317ad3) f21 0xffffffff3f800000
core   0: 0x000000008000574c (0x001b0413) addi    s0, s6, 1
core   0: 1 0x000000008000574c (0x001b0413) x8  0x00000000dbcfc731
core   0: 0x0000000080005750 (0xe20a8653) fmv.x.d a2, fs5
core   0: 1 0x0000000080005750 (0xe20a8653) x12 0xffffffff3f800000
core   0: 0x0000000080005754 (0x00108d9b) addiw   s11, ra, 1
core   0: 1 0x0000000080005754 (0x00108d9b) x27 0xffffffff80004015
core   0: 0x0000000080005758 (0x03d1b533) mulhu   a0, gp, t4
core   0: 1 0x0000000080005758 (0x03d1b533) x10 0x0000000000000000
core   0: 0x000000008000575c (0x011c2337) lui     t1, 0x11c2
core   0: 1 0x000000008000575c (0x011c2337) x6  0x00000000011c2000
core   0: 0x0000000080005760 (0x9193031b) addiw   t1, t1, -1767
core   0: 1 0x0000000080005760 (0x9193031b) x6  0x00000000011c1919
core   0: 0x0000000080005764 (0x0000033a) c.slli  t1, 14
core   0: 1 0x0000000080005764 (0x033a) x6  0x0000004706464000
core   0: 0x0000000080005766 (0x54d30313) addi    t1, t1, 1357
core   0: 1 0x0000000080005766 (0x54d30313) x6  0x000000470646454d
core   0: 0x000000008000576a (0x02156a33) rem     s4, a0, ra
core   0: 1 0x000000008000576a (0x02156a33) x20 0x0000000000000000
core   0: 0x000000008000576e (0x5aa5784b) fnmsub.d fa6, fa0, fa0, fa1
core   0: 1 0x000000008000576e (0x5aa5784b) f16 0x7ff8000000000000
core   0: 0x0000000080005772 (0xd0357cd3) fcvt.s.lu fs9, a0
core   0: 1 0x0000000080005772 (0xd0357cd3) f25 0xffffffff00000000
core   0: 0x0000000080005776 (0x401277d3) fcvt.s.d fa5, ft4
core   0: 1 0x0000000080005776 (0x401277d3) f15 0xffffffff7fc00000
core   0: 0x000000008000577a (0x0a94f953) fsub.d  fs2, fs1, fs1
core   0: 1 0x000000008000577a (0x0a94f953) f18 0x0000000000000000
core   0: 0x000000008000577e (0x2a72f5cf) fnmadd.d fa1, ft5, ft7, ft5
core   0: 1 0x000000008000577e (0x2a72f5cf) f11 0x7ff8000000000000
core   0: 0x0000000080005782 (0x0007d79b) srliw   a5, a5, 0
core   0: 1 0x0000000080005782 (0x0007d79b) x15 0xffffffff80005748
core   0: 0x0000000080005786 (0x23de8453) fsgnj.d fs0, ft9, ft9
core   0: 1 0x0000000080005786 (0x23de8453) f8  0xbfe6a09e667f3bcc
core   0: 0x000000008000578a (0x42040653) fcvt.d.s fa2, fs0
core   0: 1 0x000000008000578a (0x42040653) f12 0x7ff8000000000000
core   0: 0x000000008000578e (0x0344c533) div     a0, s1, s4
core   0: 1 0x000000008000578e (0x0344c533) x10 0xffffffffffffffff
core   0: 0x0000000080005792 (0x414edd1b) sraiw   s10, t4, 20
core   0: 1 0x0000000080005792 (0x414edd1b) x26 0x0000000000000049
core   0: 0x0000000080005796 (0x400b571b) sraiw   a4, s6, 0
core   0: 1 0x0000000080005796 (0x400b571b) x14 0xffffffffdbcfc730
core   0: 0x000000008000579a (0xdbf5f4c7) fmsub.d fs1, fa1, ft11, fs11
core   0: 1 0x000000008000579a (0xdbf5f4c7) f9  0x7ff8000000000000
core   0: 0x000000008000579e (0x02db6dbb) remw    s11, s6, a3
core   0: 1 0x000000008000579e (0x02db6dbb) x27 0xffffffffdbcfc730
core   0: 0x00000000800057a2 (0xc21679d3) fcvt.wu.d s3, fa2
core   0: 1 0x00000000800057a2 (0xc21679d3) c1_fflags 0x0000000000000018 x19 0xffffffffffffffff
core   0: 0x00000000800057a6 (0x01412d37) lui     s10, 0x1412
core   0: 1 0x00000000800057a6 (0x01412d37) x26 0x0000000001412000
core   0: 0x00000000800057aa (0xa8bd0d1b) addiw   s10, s10, -1397
core   0: 1 0x00000000800057aa (0xa8bd0d1b) x26 0x0000000001411a8b
core   0: 0x00000000800057ae (0x00000d3a) c.slli  s10, 14
core   0: 1 0x00000000800057ae (0x0d3a) x26 0x0000005046a2c000
core   0: 0x00000000800057b0 (0x152d0d13) addi    s10, s10, 338
core   0: 1 0x00000000800057b0 (0x152d0d13) x26 0x0000005046a2c152
core   0: 0x00000000800057b4 (0x01ad1a9b) slliw   s5, s10, 26
core   0: 1 0x00000000800057b4 (0x01ad1a9b) x21 0x0000000048000000
core   0: 0x00000000800057b8 (0x4044d4bb) sraw    s1, s1, tp
core   0: 1 0x00000000800057b8 (0x4044d4bb) x9  0x0000000000000000
core   0: 0x00000000800057bc (0x02f989b3) mul     s3, s3, a5
core   0: 1 0x00000000800057bc (0x02f989b3) x19 0x000000007fffa8b8
core   0: 0x00000000800057c0 (0x0012c513) xori    a0, t0, 1
core   0: 1 0x00000000800057c0 (0x0012c513) x10 0x7fffffff80005a29
core   0: 0x00000000800057c4 (0x00290d3b) addw    s10, s2, sp
core   0: 1 0x00000000800057c4 (0x00290d3b) x26 0x0000000000000001
core   0: 0x00000000800057c8 (0x01ab01bb) addw    gp, s6, s10
core   0: 1 0x00000000800057c8 (0x01ab01bb) x3  0xffffffffdbcfc731
core   0: 0x00000000800057cc (0x023a4e3b) divw    t3, s4, gp
core   0: 1 0x00000000800057cc (0x023a4e3b) x28 0x0000000000000000
core   0: 0x00000000800057d0 (0x5a08fdd3) fsqrt.d fs11, fa7
core   0: 1 0x00000000800057d0 (0x5a08fdd3) f27 0x7ff8000000000000
core   0: 0x00000000800057d4 (0x239b8153) fsgnj.d ft2, fs7, fs9
core   0: 1 0x00000000800057d4 (0x239b8153) f2  0xc1efffe7fa800000
core   0: 0x00000000800057d8 (0x009e5e9b) srliw   t4, t3, 9
core   0: 1 0x00000000800057d8 (0x009e5e9b) x29 0x0000000000000000
core   0: 0x00000000800057dc (0x2b248953) fmin.d  fs2, fs1, fs2
core   0: 1 0x00000000800057dc (0x2b248953) f18 0x0000000000000000
core   0: 0x00000000800057e0 (0x001025f3) csrrs   a1, fflags, zero
core   0: 1 0x00000000800057e0 (0x001025f3) x11 0x0000000000000018
core   0: 0x00000000800057e4 (0x3200dd73) csrrwi  s10, mcountinhibit, 1
core   0: exception trap_illegal_instruction, epc 0x00000000800057e4
core   0:           tval 0x000000003200dd73
core   0: >>>>  $xrv64i2p1_m2p0_a2p1_f2p2_d2p2_zicsr2p0_zifencei2p0_zmmul1p0_zba1p0_zbb1p0_zbc1p0_zbs1p0
core   0: 0x0000000080004000 (0x0080006f) j       pc + 0x8
core   0: 3 0x0000000080004000 (0x0080006f)
core   0: >>>>  mmode_exception_handler
core   0: 0x0000000080004008 (0x00002c17) auipc   s8, 0x2
core   0: 3 0x0000000080004008 (0x00002c17) x24 0x0000000080006008
core   0: 0x000000008000400c (0x00ec0c13) addi    s8, s8, 14
core   0: 3 0x000000008000400c (0x00ec0c13) x24 0x0000000080006016
core   0: 0x0000000080004010 (0x000c00e7) jalr    s8
core   0: 3 0x0000000080004010 (0x000c00e7) x1  0x0000000080004014
core   0: >>>>  any_handler
core   0: 0x0000000080006016 (0x341027f3) csrrs   a5, mepc, zero
core   0: 3 0x0000000080006016 (0x341027f3) x15 0x00000000800057e4
core   0: 0x000000008000601a (0x34202773) csrrs   a4, mcause, zero
core   0: 3 0x000000008000601a (0x34202773) x14 0x0000000000000002
core   0: 0x000000008000601e (0x142026f3) csrrs   a3, scause, zero
core   0: 3 0x000000008000601e (0x142026f3) x13 0x0000000000000000
core   0: 0x0000000080006022 (0x30402673) csrrs   a2, mie, zero
core   0: 3 0x0000000080006022 (0x30402673) x12 0x0000000000000a00
core   0: 0x0000000080006026 (0x344025f3) csrrs   a1, mip, zero
core   0: 3 0x0000000080006026 (0x344025f3) x11 0x0000000000000080
core   0: 0x000000008000602a (0x343025f3) csrrs   a1, mtval, zero
core   0: 3 0x000000008000602a (0x343025f3) x11 0x000000003200dd73
core   0: 0x000000008000602e (0x14302573) csrrs   a0, stval, zero
core   0: 3 0x000000008000602e (0x14302573) x10 0x0000000000000000
core   0: 0x0000000080006032 (0xb02024f3) csrrs   s1, minstret, zero
core   0: 3 0x0000000080006032 (0xb02024f3) x9  0x0000000000001010
core   0: 0x0000000080006036 (0x0000a811) c.j     pc + 20
core   0: 3 0x0000000080006036 (0xa811)
core   0: >>>>  mepc_4
core   0: 0x000000008000604a (0x00000791) c.addi  a5, 4
core   0: 3 0x000000008000604a (0x0791) x15 0x00000000800057e8
core   0: 0x000000008000604c (0x34179073) csrrw   zero, mepc, a5
core   0: 3 0x000000008000604c (0x34179073) c833_mepc 0x00000000800057e8
core   0: 0x0000000080006050 (0x30200073) mret
core   0: 3 0x0000000080006050 (0x30200073) c768_mstatus 0x8000000a00106080
core   0: 0x00000000800057e8 (0x42000bd3) fcvt.d.s fs7, ft0
core   0: 1 0x00000000800057e8 (0x42000bd3) f23 0x7ff8000000000000
core   0: 0x00000000800057ec (0x0ff0000f) fence   iorw,iorw
core   0: 1 0x00000000800057ec (0x0ff0000f)
core   0: 0x00000000800057f0 (0xe20b8a53) fmv.x.d s4, fs7
core   0: 1 0x00000000800057f0 (0xe20b8a53) x20 0x7ff8000000000000
core   0: 0x00000000800057f4 (0xd21b8ed3) fcvt.d.wu ft9, s7
core   0: 1 0x00000000800057f4 (0xd21b8ed3) f29 0x3ff0000000000000
core   0: 0x00000000800057f8 (0x00c7979b) slliw   a5, a5, 12
core   0: 1 0x00000000800057f8 (0x00c7979b) x15 0x00000000057e8000
core   0: 0x00000000800057fc (0xd0257ad3) fcvt.s.l fs5, a0
core   0: 1 0x00000000800057fc (0xd0257ad3) f21 0xffffffff00000000
core   0: 0x0000000080005800 (0xa32a83d3) fle.d   t2, fs5, fs2
core   0: 1 0x0000000080005800 (0xa32a83d3) c1_fflags 0x0000000000000018 x7  0x0000000000000000
core   0: 0x0000000080005804 (0xc02af6d3) fcvt.l.s a3, fs5
core   0: 1 0x0000000080005804 (0xc02af6d3) x13 0x0000000000000000
core   0: 0x0000000080005808 (0x832afd13) andi    s10, s5, -1998
core   0: 1 0x0000000080005808 (0x832afd13) x26 0x0000000048000000
core   0: 0x000000008000580c (0xb02793f3) csrrw   t2, minstret, a5
core   0: exception trap_illegal_instruction, epc 0x000000008000580c
core   0:           tval 0x00000000b02793f3
core   0: >>>>  $xrv64i2p1_m2p0_a2p1_f2p2_d2p2_zicsr2p0_zifencei2p0_zmmul1p0_zba1p0_zbb1p0_zbc1p0_zbs1p0
core   0: 0x0000000080004000 (0x0080006f) j       pc + 0x8
core   0: 3 0x0000000080004000 (0x0080006f)
core   0: >>>>  mmode_exception_handler
core   0: 0x0000000080004008 (0x00002c17) auipc   s8, 0x2
core   0: 3 0x0000000080004008 (0x00002c17) x24 0x0000000080006008
core   0: 0x000000008000400c (0x00ec0c13) addi    s8, s8, 14
core   0: 3 0x000000008000400c (0x00ec0c13) x24 0x0000000080006016
core   0: 0x0000000080004010 (0x000c00e7) jalr    s8
core   0: 3 0x0000000080004010 (0x000c00e7) x1  0x0000000080004014
core   0: >>>>  any_handler
core   0: 0x0000000080006016 (0x341027f3) csrrs   a5, mepc, zero
core   0: 3 0x0000000080006016 (0x341027f3) x15 0x000000008000580c
core   0: 0x000000008000601a (0x34202773) csrrs   a4, mcause, zero
core   0: 3 0x000000008000601a (0x34202773) x14 0x0000000000000002
core   0: 0x000000008000601e (0x142026f3) csrrs   a3, scause, zero
core   0: 3 0x000000008000601e (0x142026f3) x13 0x0000000000000000
core   0: 0x0000000080006022 (0x30402673) csrrs   a2, mie, zero
core   0: 3 0x0000000080006022 (0x30402673) x12 0x0000000000000a00
core   0: 0x0000000080006026 (0x344025f3) csrrs   a1, mip, zero
core   0: 3 0x0000000080006026 (0x344025f3) x11 0x0000000000000080
core   0: 0x000000008000602a (0x343025f3) csrrs   a1, mtval, zero
core   0: 3 0x000000008000602a (0x343025f3) x11 0x00000000b02793f3
core   0: 0x000000008000602e (0x14302573) csrrs   a0, stval, zero
core   0: 3 0x000000008000602e (0x14302573) x10 0x0000000000000000
core   0: 0x0000000080006032 (0xb02024f3) csrrs   s1, minstret, zero
core   0: 3 0x0000000080006032 (0xb02024f3) x9  0x0000000000001029
core   0: 0x0000000080006036 (0x0000a811) c.j     pc + 20
core   0: 3 0x0000000080006036 (0xa811)
core   0: >>>>  mepc_4
core   0: 0x000000008000604a (0x00000791) c.addi  a5, 4
core   0: 3 0x000000008000604a (0x0791) x15 0x0000000080005810
core   0: 0x000000008000604c (0x34179073) csrrw   zero, mepc, a5
core   0: 3 0x000000008000604c (0x34179073) c833_mepc 0x0000000080005810
core   0: 0x0000000080006050 (0x30200073) mret
core   0: 3 0x0000000080006050 (0x30200073) c768_mstatus 0x8000000a00106080
core   0: 0x0000000080005810 (0x00179773) csrrw   a4, fflags, a5
core   0: 1 0x0000000080005810 (0x00179773) x14 0x0000000000000018 c1_fflags 0x0000000000000010
core   0: 0x0000000080005814 (0xc0406373) csrrsi  t1, hpmcounter4, 0
core   0: exception trap_illegal_instruction, epc 0x0000000080005814
core   0:           tval 0x00000000c0406373
core   0: >>>>  $xrv64i2p1_m2p0_a2p1_f2p2_d2p2_zicsr2p0_zifencei2p0_zmmul1p0_zba1p0_zbb1p0_zbc1p0_zbs1p0
core   0: 0x0000000080004000 (0x0080006f) j       pc + 0x8
core   0: 3 0x0000000080004000 (0x0080006f)
core   0: >>>>  mmode_exception_handler
core   0: 0x0000000080004008 (0x00002c17) auipc   s8, 0x2
core   0: 3 0x0000000080004008 (0x00002c17) x24 0x0000000080006008
core   0: 0x000000008000400c (0x00ec0c13) addi    s8, s8, 14
core   0: 3 0x000000008000400c (0x00ec0c13) x24 0x0000000080006016
core   0: 0x0000000080004010 (0x000c00e7) jalr    s8
core   0: 3 0x0000000080004010 (0x000c00e7) x1  0x0000000080004014
core   0: >>>>  any_handler
core   0: 0x0000000080006016 (0x341027f3) csrrs   a5, mepc, zero
core   0: 3 0x0000000080006016 (0x341027f3) x15 0x0000000080005814
core   0: 0x000000008000601a (0x34202773) csrrs   a4, mcause, zero
core   0: 3 0x000000008000601a (0x34202773) x14 0x0000000000000002
core   0: 0x000000008000601e (0x142026f3) csrrs   a3, scause, zero
core   0: 3 0x000000008000601e (0x142026f3) x13 0x0000000000000000
core   0: 0x0000000080006022 (0x30402673) csrrs   a2, mie, zero
core   0: 3 0x0000000080006022 (0x30402673) x12 0x0000000000000a00
core   0: 0x0000000080006026 (0x344025f3) csrrs   a1, mip, zero
core   0: 3 0x0000000080006026 (0x344025f3) x11 0x0000000000000080
core   0: 0x000000008000602a (0x343025f3) csrrs   a1, mtval, zero
core   0: 3 0x000000008000602a (0x343025f3) x11 0x00000000c0406373
core   0: 0x000000008000602e (0x14302573) csrrs   a0, stval, zero
core   0: 3 0x000000008000602e (0x14302573) x10 0x0000000000000000
core   0: 0x0000000080006032 (0xb02024f3) csrrs   s1, minstret, zero
core   0: 3 0x0000000080006032 (0xb02024f3) x9  0x000000000000103a
core   0: 0x0000000080006036 (0x0000a811) c.j     pc + 20
core   0: 3 0x0000000080006036 (0xa811)
core   0: >>>>  mepc_4
core   0: 0x000000008000604a (0x00000791) c.addi  a5, 4
core   0: 3 0x000000008000604a (0x0791) x15 0x0000000080005818
core   0: 0x000000008000604c (0x34179073) csrrw   zero, mepc, a5
core   0: 3 0x000000008000604c (0x34179073) c833_mepc 0x0000000080005818
core   0: 0x0000000080006050 (0x30200073) mret
core   0: 3 0x0000000080006050 (0x30200073) c768_mstatus 0x8000000a00106080
core   0: 0x0000000080005818 (0xc2057bd3) fcvt.w.d s7, fa0
core   0: 1 0x0000000080005818 (0xc2057bd3) c1_fflags 0x0000000000000010 x23 0x000000007fffffff
core   0: 0x000000008000581c (0x400081bb) subw    gp, ra, zero
core   0: 1 0x000000008000581c (0x400081bb) x3  0xffffffff80004014
core   0: 0x0000000080005820 (0x0b71f453) fsub.d  fs0, ft3, fs7
core   0: 1 0x0000000080005820 (0x0b71f453) f8  0x7ff8000000000000
core   0: 0x0000000080005824 (0x03a5013b) mulw    sp, a0, s10
core   0: 1 0x0000000080005824 (0x03a5013b) x2  0x0000000000000000
core   0: 0x0000000080005828 (0xd5fdc193) xori    gp, s11, -673
core   0: 1 0x0000000080005828 (0xd5fdc193) x3  0x0000000024303a6f
core   0: 0x000000008000582c (0x00f4d89b) srliw   a7, s1, 15
core   0: 1 0x000000008000582c (0x00f4d89b) x17 0x0000000000000000
core   0: 0x0000000080005830 (0xc22e7513) andi    a0, t3, -990
core   0: 1 0x0000000080005830 (0xc22e7513) x10 0x0000000000000000
core   0: 0x0000000080005834 (0x5ac17ccf) fnmadd.d fs9, ft2, fa2, fa1
core   0: 1 0x0000000080005834 (0x5ac17ccf) f25 0x7ff8000000000000
core   0: 0x0000000080005838 (0x9e22c913) xori    s2, t0, -1566
core   0: 1 0x0000000080005838 (0x9e22c913) x18 0x800000007fffa3ca
core   0: 0x000000008000583c (0x0010c333) xor     t1, ra, ra
core   0: 1 0x000000008000583c (0x0010c333) x6  0x0000000000000000
core   0: 0x0000000080005840 (0x038d1d33) mulh    s10, s10, s8
core   0: 1 0x0000000080005840 (0x038d1d33) x26 0x0000000000000000
core   0: 0x0000000080005844 (0x1bd57553) fdiv.d  fa0, fa0, ft9
core   0: 1 0x0000000080005844 (0x1bd57553) f10 0x7ff8000000000000
core   0: 0x0000000080005848 (0x02dc06bb) mulw    a3, s8, a3
core   0: 1 0x0000000080005848 (0x02dc06bb) x13 0x0000000000000000
core   0: 0x000000008000584c (0x0bba7353) fsub.d  ft6, fs4, fs11
core   0: 1 0x000000008000584c (0x0bba7353) f6  0x7ff8000000000000
core   0: 0x0000000080005850 (0x226205d3) fsgnj.d fa1, ft4, ft6
core   0: 1 0x0000000080005850 (0x226205d3) f11 0x7ff8000000000000
core   0: 0x0000000080005854 (0xd035f253) fcvt.s.lu ft4, a1
core   0: 1 0x0000000080005854 (0xd035f253) c1_fflags 0x0000000000000011 f4  0xffffffff4f404063
core   0: 0x0000000080005858 (0x01887c33) and     s8, a6, s8
core   0: 1 0x0000000080005858 (0x01887c33) x24 0x0000000080006016
core   0: 0x000000008000585c (0x43f15113) srai    sp, sp, 63
core   0: 1 0x000000008000585c (0x43f15113) x2  0x0000000000000000
core   0: 0x0000000080005860 (0x03d63d33) mulhu   s10, a2, t4
core   0: 1 0x0000000080005860 (0x03d63d33) x26 0x0000000000000000
core   0: 0x0000000080005864 (0xd2277bd3) fcvt.d.l fs7, a4
core   0: 1 0x0000000080005864 (0xd2277bd3) f23 0x4000000000000000
core   0: 0x0000000080005868 (0x03d5e333) rem     t1, a1, t4
core   0: 1 0x0000000080005868 (0x03d5e333) x6  0x00000000c0406373
core   0: 0x000000008000586c (0xe20c8dd3) fmv.x.d s11, fs9
core   0: 1 0x000000008000586c (0xe20c8dd3) x27 0x7ff8000000000000
core   0: 0x0000000080005870 (0x00004b85) c.li    s7, 1
core   0: 1 0x0000000080005870 (0x4b85) x23 0x0000000000000001
core   0: 0x0000000080005872 (0x001bda1b) srliw   s4, s7, 1
core   0: 1 0x0000000080005872 (0x001bda1b) x20 0x0000000000000000
core   0: 0x0000000080005876 (0x0bacfd53) fsub.d  fs10, fs9, fs10
core   0: 1 0x0000000080005876 (0x0bacfd53) f26 0x7ff8000000000000
core   0: 0x000000008000587a (0x406686bb) subw    a3, a3, t1
core   0: 1 0x000000008000587a (0x406686bb) x13 0x000000003fbf9c8d
core   0: 0x000000008000587e (0x2b8d88d3) fmin.d  fa7, fs11, fs8
core   0: 1 0x000000008000587e (0x2b8d88d3) f17 0x3fe6a09e667f3bcc
core   0: 0x0000000080005882 (0xc2297553) fcvt.l.d a0, fs2
core   0: 1 0x0000000080005882 (0xc2297553) x10 0x0000000000000000
core   0: 0x0000000080005886 (0x016bcbb3) xor     s7, s7, s6
core   0: 1 0x0000000080005886 (0x016bcbb3) x23 0x00000000dbcfc731
core   0: 0x000000008000588a (0xd0237f53) fcvt.s.l ft10, t1
core   0: 1 0x000000008000588a (0xd0237f53) c1_fflags 0x0000000000000011 f30 0xffffffff4f404063
core   0: 0x000000008000588e (0x00110b3b) addw    s6, sp, ra
core   0: 1 0x000000008000588e (0x00110b3b) x22 0xffffffff80004014
core   0: 0x0000000080005892 (0x4faa0493) addi    s1, s4, 1274
core   0: 1 0x0000000080005892 (0x4faa0493) x9  0x00000000000004fa
core   0: 0x0000000080005896 (0x03ace233) rem     tp, s9, s10
core   0: 1 0x0000000080005896 (0x03ace233) x4  0x0000000000000000
core   0: 0x000000008000589a (0x030a3a33) mulhu   s4, s4, a6
core   0: 1 0x000000008000589a (0x030a3a33) x20 0x0000000000000000
core   0: 0x000000008000589e (0xc038f1d3) fcvt.lu.s gp, fa7
core   0: 1 0x000000008000589e (0xc038f1d3) c1_fflags 0x0000000000000011 x3  0xffffffffffffffff
core   0: 0x00000000800058a2 (0xc80fd8f3) csrrwi  a7, cycleh, 31
core   0: exception trap_illegal_instruction, epc 0x00000000800058a2
core   0:           tval 0x00000000c80fd8f3
core   0: >>>>  $xrv64i2p1_m2p0_a2p1_f2p2_d2p2_zicsr2p0_zifencei2p0_zmmul1p0_zba1p0_zbb1p0_zbc1p0_zbs1p0
core   0: 0x0000000080004000 (0x0080006f) j       pc + 0x8
core   0: 3 0x0000000080004000 (0x0080006f)
core   0: >>>>  mmode_exception_handler
core   0: 0x0000000080004008 (0x00002c17) auipc   s8, 0x2
core   0: 3 0x0000000080004008 (0x00002c17) x24 0x0000000080006008
core   0: 0x000000008000400c (0x00ec0c13) addi    s8, s8, 14
core   0: 3 0x000000008000400c (0x00ec0c13) x24 0x0000000080006016
core   0: 0x0000000080004010 (0x000c00e7) jalr    s8
core   0: 3 0x0000000080004010 (0x000c00e7) x1  0x0000000080004014
core   0: >>>>  any_handler
core   0: 0x0000000080006016 (0x341027f3) csrrs   a5, mepc, zero
core   0: 3 0x0000000080006016 (0x341027f3) x15 0x00000000800058a2
core   0: 0x000000008000601a (0x34202773) csrrs   a4, mcause, zero
core   0: 3 0x000000008000601a (0x34202773) x14 0x0000000000000002
core   0: 0x000000008000601e (0x142026f3) csrrs   a3, scause, zero
core   0: 3 0x000000008000601e (0x142026f3) x13 0x0000000000000000
core   0: 0x0000000080006022 (0x30402673) csrrs   a2, mie, zero
core   0: 3 0x0000000080006022 (0x30402673) x12 0x0000000000000a00
core   0: 0x0000000080006026 (0x344025f3) csrrs   a1, mip, zero
core   0: 3 0x0000000080006026 (0x344025f3) x11 0x0000000000000080
core   0: 0x000000008000602a (0x343025f3) csrrs   a1, mtval, zero
core   0: 3 0x000000008000602a (0x343025f3) x11 0x00000000c80fd8f3
core   0: 0x000000008000602e (0x14302573) csrrs   a0, stval, zero
core   0: 3 0x000000008000602e (0x14302573) x10 0x0000000000000000
core   0: 0x0000000080006032 (0xb02024f3) csrrs   s1, minstret, zero
core   0: 3 0x0000000080006032 (0xb02024f3) x9  0x000000000000106d
core   0: 0x0000000080006036 (0x0000a811) c.j     pc + 20
core   0: 3 0x0000000080006036 (0xa811)
core   0: >>>>  mepc_4
core   0: 0x000000008000604a (0x00000791) c.addi  a5, 4
core   0: 3 0x000000008000604a (0x0791) x15 0x00000000800058a6
core   0: 0x000000008000604c (0x34179073) csrrw   zero, mepc, a5
core   0: 3 0x000000008000604c (0x34179073) c833_mepc 0x00000000800058a6
core   0: 0x0000000080006050 (0x30200073) mret
core   0: 3 0x0000000080006050 (0x30200073) c768_mstatus 0x8000000a00106080
core   0: 0x00000000800058a6 (0xd028fc53) fcvt.s.l fs8, a7
core   0: 1 0x00000000800058a6 (0xd028fc53) f24 0xffffffff00000000
core   0: 0x00000000800058aa (0x0338e1b3) rem     gp, a7, s3
core   0: 1 0x00000000800058aa (0x0338e1b3) x3  0x0000000000000000
core   0: 0x00000000800058ae (0x1b8af9d3) fdiv.d  fs3, fs5, fs8
core   0: 1 0x00000000800058ae (0x1b8af9d3) f19 0x7ff8000000000000
core   0: 0x00000000800058b2 (0x0252fbbb) remuw   s7, t0, t0
core   0: 1 0x00000000800058b2 (0x0252fbbb) x23 0x0000000000000000
core   0: 0x00000000800058b6 (0x02bd533b) divuw   t1, s10, a1
core   0: 1 0x00000000800058b6 (0x02bd533b) x6  0x0000000000000000
core   0: 0x00000000800058ba (0x75b3c937) lui     s2, 0x75b3c
core   0: 1 0x00000000800058ba (0x75b3c937) x18 0x0000000075b3c000
core   0: 0x00000000800058be (0x01936633) or      a2, t1, s9
core   0: 1 0x00000000800058be (0x01936633) x12 0x0000000000000000
core   0: 0x00000000800058c2 (0xd03a7553) fcvt.s.lu fa0, s4
core   0: 1 0x00000000800058c2 (0xd03a7553) f10 0xffffffff00000000
core   0: 0x00000000800058c6 (0x3103aaf3) csrrs   s5, mstatush, t2
core   0: exception trap_illegal_instruction, epc 0x00000000800058c6
core   0:           tval 0x000000003103aaf3
core   0: >>>>  $xrv64i2p1_m2p0_a2p1_f2p2_d2p2_zicsr2p0_zifencei2p0_zmmul1p0_zba1p0_zbb1p0_zbc1p0_zbs1p0
core   0: 0x0000000080004000 (0x0080006f) j       pc + 0x8
core   0: 3 0x0000000080004000 (0x0080006f)
core   0: >>>>  mmode_exception_handler
core   0: 0x0000000080004008 (0x00002c17) auipc   s8, 0x2
core   0: 3 0x0000000080004008 (0x00002c17) x24 0x0000000080006008
core   0: 0x000000008000400c (0x00ec0c13) addi    s8, s8, 14
core   0: 3 0x000000008000400c (0x00ec0c13) x24 0x0000000080006016
core   0: 0x0000000080004010 (0x000c00e7) jalr    s8
core   0: 3 0x0000000080004010 (0x000c00e7) x1  0x0000000080004014
core   0: >>>>  any_handler
core   0: 0x0000000080006016 (0x341027f3) csrrs   a5, mepc, zero
core   0: 3 0x0000000080006016 (0x341027f3) x15 0x00000000800058c6
core   0: 0x000000008000601a (0x34202773) csrrs   a4, mcause, zero
core   0: 3 0x000000008000601a (0x34202773) x14 0x0000000000000002
core   0: 0x000000008000601e (0x142026f3) csrrs   a3, scause, zero
core   0: 3 0x000000008000601e (0x142026f3) x13 0x0000000000000000
core   0: 0x0000000080006022 (0x30402673) csrrs   a2, mie, zero
core   0: 3 0x0000000080006022 (0x30402673) x12 0x0000000000000a00
core   0: 0x0000000080006026 (0x344025f3) csrrs   a1, mip, zero
core   0: 3 0x0000000080006026 (0x344025f3) x11 0x0000000000000080
core   0: 0x000000008000602a (0x343025f3) csrrs   a1, mtval, zero
core   0: 3 0x000000008000602a (0x343025f3) x11 0x000000003103aaf3
core   0: 0x000000008000602e (0x14302573) csrrs   a0, stval, zero
core   0: 3 0x000000008000602e (0x14302573) x10 0x0000000000000000
core   0: 0x0000000080006032 (0xb02024f3) csrrs   s1, minstret, zero
core   0: 3 0x0000000080006032 (0xb02024f3) x9  0x0000000000001085
core   0: 0x0000000080006036 (0x0000a811) c.j     pc + 20
core   0: 3 0x0000000080006036 (0xa811)
core   0: >>>>  mepc_4
core   0: 0x000000008000604a (0x00000791) c.addi  a5, 4
core   0: 3 0x000000008000604a (0x0791) x15 0x00000000800058ca
core   0: 0x000000008000604c (0x34179073) csrrw   zero, mepc, a5
core   0: 3 0x000000008000604c (0x34179073) c833_mepc 0x00000000800058ca
core   0: 0x0000000080006050 (0x30200073) mret
core   0: 3 0x0000000080006050 (0x30200073) c768_mstatus 0x8000000a00106080
core   0: 0x00000000800058ca (0x0335e933) rem     s2, a1, s3
core   0: 1 0x00000000800058ca (0x0335e933) x18 0x000000003103aaf3
core   0: 0x00000000800058ce (0x01294cb3) xor     s9, s2, s2
core   0: 1 0x00000000800058ce (0x01294cb3) x25 0x0000000000000000
core   0: 0x00000000800058d2 (0x00f34ab3) xor     s5, t1, a5
core   0: 1 0x00000000800058d2 (0x00f34ab3) x21 0x00000000800058ca
core   0: 0x00000000800058d6 (0x867d8113) addi    sp, s11, -1945
core   0: 1 0x00000000800058d6 (0x867d8113) x2  0x7ff7fffffffff867
core   0: 0x00000000800058da (0x01c0d61b) srliw   a2, ra, 28
core   0: 1 0x00000000800058da (0x01c0d61b) x12 0x0000000000000008
core   0: 0x00000000800058de (0x03660a3b) mulw    s4, a2, s6
core   0: 1 0x00000000800058de (0x03660a3b) x20 0x00000000000200a0
core   0: 0x00000000800058e2 (0x010dd213) srli    tp, s11, 16
core   0: 1 0x00000000800058e2 (0x010dd213) x4  0x00007ff800000000
core   0: 0x00000000800058e6 (0x030df13b) remuw   sp, s11, a6
core   0: 1 0x00000000800058e6 (0x030df13b) x2  0x0000000000000000
core   0: 0x00000000800058ea (0xc23574d3) fcvt.lu.d s1, fa0
core   0: 1 0x00000000800058ea (0xc23574d3) c1_fflags 0x0000000000000011 x9  0xffffffffffffffff
core   0: 0x00000000800058ee (0x0aa077d3) fsub.d  fa5, ft0, fa0
core   0: 1 0x00000000800058ee (0x0aa077d3) f15 0x7ff8000000000000
core   0: 0x00000000800058f2 (0x039031b3) mulhu   gp, zero, s9
core   0: 1 0x00000000800058f2 (0x039031b3) x3  0x0000000000000000
core   0: 0x00000000800058f6 (0x00fa10b3) sll     ra, s4, a5
core   0: 1 0x00000000800058f6 (0x00fa10b3) x1  0x0000000008028000
core   0: 0x00000000800058fa (0x4210d913) srai    s2, ra, 33
core   0: 1 0x00000000800058fa (0x4210d913) x18 0x0000000000000000
core   0: 0x00000000800058fe (0x008403b3) add     t2, s0, s0
core   0: 1 0x00000000800058fe (0x008403b3) x7  0x00000001b79f8e62
core   0: 0x0000000080005902 (0x2ed64193) xori    gp, a2, 749
core   0: 1 0x0000000080005902 (0x2ed64193) x3  0x00000000000002e5
core   0: 0x0000000080005906 (0x02fa3a33) mulhu   s4, s4, a5
core   0: 1 0x0000000080005906 (0x02fa3a33) x20 0x0000000000000000
core   0: 0x000000008000590a (0x038c7c3b) remuw   s8, s8, s8
core   0: 1 0x000000008000590a (0x038c7c3b) x24 0x0000000000000000
core   0: 0x000000008000590e (0x002c0733) add     a4, s8, sp
core   0: 1 0x000000008000590e (0x002c0733) x14 0x0000000000000000
core   0: 0x0000000080005912 (0xc230fbd3) fcvt.lu.d s7, ft1
core   0: 1 0x0000000080005912 (0xc230fbd3) c1_fflags 0x0000000000000011 x23 0xffffffffffffffff
core   0: 0x0000000080005916 (0x40fbd133) sra     sp, s7, a5
core   0: 1 0x0000000080005916 (0x40fbd133) x2  0xffffffffffffffff
core   0: 0x000000008000591a (0x0126f433) and     s0, a3, s2
core   0: 1 0x000000008000591a (0x0126f433) x8  0x0000000000000000
core   0: 0x000000008000591e (0x0102da1b) srliw   s4, t0, 16
core   0: 1 0x000000008000591e (0x0102da1b) x20 0x0000000000008000
core   0: 0x0000000080005922 (0x33750c37) lui     s8, 0x33750
core   0: 1 0x0000000080005922 (0x33750c37) x24 0x0000000033750000
core   0: 0x0000000080005926 (0xf11c0493) addi    s1, s8, -239
core   0: 1 0x0000000080005926 (0xf11c0493) x9  0x000000003374ff11
core   0: 0x000000008000592a (0xc021f5d3) fcvt.l.s a1, ft3
core   0: 1 0x000000008000592a (0xc021f5d3) c1_fflags 0x0000000000000011 x11 0x7fffffffffffffff
core   0: 0x000000008000592e (0x19f5ec93) ori     s9, a1, 415
core   0: 1 0x000000008000592e (0x19f5ec93) x25 0x7fffffffffffffff
core   0: 0x0000000080005932 (0x02aabc33) mulhu   s8, s5, a0
core   0: 1 0x0000000080005932 (0x02aabc33) x24 0x0000000000000000
core   0: 0x0000000080005936 (0x03399693) slli    a3, s3, 51
core   0: 1 0x0000000080005936 (0x03399693) x13 0x45c0000000000000
core   0: 0x000000008000593a (0x174b8b9b) addiw   s7, s7, 372
core   0: 1 0x000000008000593a (0x174b8b9b) x23 0x0000000000000173
core   0: 0x000000008000593e (0x2317ab53) fsgnjx.d fs6, fa5, fa7
core   0: 1 0x000000008000593e (0x2317ab53) f22 0x7ff8000000000000
core   0: 0x0000000080005942 (0x1e96889b) addiw   a7, a3, 489
core   0: 1 0x0000000080005942 (0x1e96889b) x17 0x00000000000001e9
core   0: 0x0000000080005946 (0xc026fa53) fcvt.l.s s4, fa3
core   0: 1 0x0000000080005946 (0xc026fa53) c1_fflags 0x0000000000000011 x20 0x7fffffffffffffff
core   0: 0x000000008000594a (0x020079c7) fmsub.d fs3, ft0, ft0, ft0
core   0: 1 0x000000008000594a (0x020079c7) f19 0x7ff8000000000000
core   0: 0x000000008000594e (0x03863033) mulhu   zero, a2, s8
core   0: 1 0x000000008000594e (0x03863033)
core   0: 0x0000000080005952 (0x000084f5) c.srai  s1, 29
core   0: 1 0x0000000080005952 (0x84f5) x9  0x0000000000000001
core   0: 0x0000000080005954 (0x00175633) srl     a2, a4, ra
core   0: 1 0x0000000080005954 (0x00175633) x12 0x0000000000000000
core   0: 0x0000000080005958 (0x413751bb) sraw    gp, a4, s3
core   0: 1 0x0000000080005958 (0x413751bb) x3  0x0000000000000000
core   0: 0x000000008000595c (0x00704c33) xor     s8, zero, t2
core   0: 1 0x000000008000595c (0x00704c33) x24 0x00000001b79f8e62
core   0: 0x0000000080005960 (0xc219f553) fcvt.wu.d a0, fs3
core   0: 1 0x0000000080005960 (0xc219f553) c1_fflags 0x0000000000000011 x10 0xffffffffffffffff
core   0: 0x0000000080005964 (0x0377e7b3) rem     a5, a5, s7
core   0: 1 0x0000000080005964 (0x0377e7b3) x15 0x000000000000014c
core   0: 0x0000000080005968 (0x0021193b) sllw    s2, sp, sp
core   0: 1 0x0000000080005968 (0x0021193b) x18 0xffffffff80000000
core   0: 0x000000008000596c (0x2209a1d3) fsgnjx.d ft3, fs3, ft0
core   0: 1 0x000000008000596c (0x2209a1d3) f3  0x7ff8000000000000
core   0: 0x0000000080005970 (0x00000001) c.nop
core   0: 1 0x0000000080005970 (0x0001)
core   0: 0x0000000080005972 (0xd235f5d3) fcvt.d.lu fa1, a1
core   0: 1 0x0000000080005972 (0xd235f5d3) c1_fflags 0x0000000000000011 f11 0x43e0000000000000
core   0: 0x0000000080005976 (0x0341f03b) remuw   zero, gp, s4
core   0: 1 0x0000000080005976 (0x0341f03b)
core   0: 0x000000008000597a (0x014024b3) slt     s1, zero, s4
core   0: 1 0x000000008000597a (0x014024b3) x9  0x0000000000000001
core   0: 0x000000008000597e (0x00191973) csrrw   s2, fflags, s2
core   0: 1 0x000000008000597e (0x00191973) x18 0x0000000000000011 c1_fflags 0x0000000000000000
core   0: 0x0000000080005982 (0xec208213) addi    tp, ra, -318
core   0: 1 0x0000000080005982 (0xec208213) x4  0x0000000008027ec2
core   0: 0x0000000080005986 (0x3263f34f) fnmadd.d ft6, ft7, ft6, ft6
core   0: 1 0x0000000080005986 (0x3263f34f) f6  0x7ff8000000000000
core   0: 0x000000008000598a (0x1acb8513) addi    a0, s7, 428
core   0: 1 0x000000008000598a (0x1acb8513) x10 0x000000000000031f
core   0: 0x000000008000598e (0x031dc8b3) div     a7, s11, a7
core   0: 1 0x000000008000598e (0x031dc8b3) x17 0x0042fe6df04b62f1
core   0: 0x0000000080005992 (0x0206f3bb) remuw   t2, a3, zero
core   0: 1 0x0000000080005992 (0x0206f3bb) x7  0x0000000000000000
core   0: 0x0000000080005996 (0x1b5c7fc3) fmadd.d ft11, fs8, fs5, ft3
core   0: 1 0x0000000080005996 (0x1b5c7fc3) f31 0x7ff8000000000000
core   0: 0x000000008000599a (0x40a5843b) subw    s0, a1, a0
core   0: 1 0x000000008000599a (0x40a5843b) x8  0xfffffffffffffce0
core   0: 0x000000008000599e (0xd221f7d3) fcvt.d.l fa5, gp
core   0: 1 0x000000008000599e (0xd221f7d3) f15 0x0000000000000000
core   0: 0x00000000800059a2 (0xc037f0d3) fcvt.lu.s ra, fa5
core   0: 1 0x00000000800059a2 (0xc037f0d3) c1_fflags 0x0000000000000010 x1  0xffffffffffffffff
core   0: 0x00000000800059a6 (0x22f3a3d3) fsgnjx.d ft7, ft7, fa5
core   0: 1 0x00000000800059a6 (0x22f3a3d3) f7  0x7ff8000000000000
core   0: 0x00000000800059aa (0x00008ce5) c.and   s1, s1
core   0: 1 0x00000000800059aa (0x8ce5) x9  0x0000000000000001
core   0: 0x00000000800059ac (0xd232f053) fcvt.d.lu ft0, t0
core   0: 1 0x00000000800059ac (0xd232f053) c1_fflags 0x0000000000000011 f0  0x43dfffffffe00017
core   0: 0x00000000800059b0 (0x03a797b3) mulh    a5, a5, s10
core   0: 1 0x00000000800059b0 (0x03a797b3) x15 0x0000000000000000
core   0: 0x00000000800059b4 (0x00ca8abb) addw    s5, s5, a2
core   0: 1 0x00000000800059b4 (0x00ca8abb) x21 0xffffffff800058ca
core   0: 0x00000000800059b8 (0x00008772) c.mv    a4, t3
core   0: 1 0x00000000800059b8 (0x8772) x14 0x0000000000000000
core   0: 0x00000000800059ba (0x00039d13) slli    s10, t2, 0
core   0: 1 0x00000000800059ba (0x00039d13) x26 0x0000000000000000
core   0: 0x00000000800059be (0x01aadabb) srlw    s5, s5, s10
core   0: 1 0x00000000800059be (0x01aadabb) x21 0xffffffff800058ca
core   0: 0x00000000800059c2 (0x41510c3b) subw    s8, sp, s5
core   0: 1 0x00000000800059c2 (0x41510c3b) x24 0x000000007fffa735
core   0: 0x00000000800059c6 (0x0228083b) mulw    a6, a6, sp
core   0: 1 0x00000000800059c6 (0x0228083b) x16 0x0000000000000001
core   0: 0x00000000800059ca (0x40585193) srai    gp, a6, 5
core   0: 1 0x00000000800059ca (0x40585193) x3  0x0000000000000000
core   0: 0x00000000800059ce (0x40de8ebb) subw    t4, t4, a3
core   0: 1 0x00000000800059ce (0x40de8ebb) x29 0x0000000000000000
core   0: 0x00000000800059d2 (0x036d5d33) divu    s10, s10, s6
core   0: 1 0x00000000800059d2 (0x036d5d33) x26 0x0000000000000000
core   0: 0x00000000800059d6 (0x0678fab7) lui     s5, 0x678f
core   0: 1 0x00000000800059d6 (0x0678fab7) x21 0x000000000678f000
core   0: 0x00000000800059da (0x909a8a9b) addiw   s5, s5, -1783
core   0: 1 0x00000000800059da (0x909a8a9b) x21 0x000000000678e909
core   0: 0x00000000800059de (0x00000ab2) c.slli  s5, 12
core   0: 1 0x00000000800059de (0x0ab2) x21 0x000000678e909000
core   0: 0x00000000800059e0 (0x4aca8a93) addi    s5, s5, 1196
core   0: 1 0x00000000800059e0 (0x4aca8a93) x21 0x000000678e9094ac
core   0: 0x00000000800059e4 (0x00b5d1bb) srlw    gp, a1, a1
core   0: 1 0x00000000800059e4 (0x00b5d1bb) x3  0x0000000000000001
core   0: 0x00000000800059e8 (0x03f1d813) srli    a6, gp, 63
core   0: 1 0x00000000800059e8 (0x03f1d813) x16 0x0000000000000000
core   0: 0x00000000800059ec (0xefa3871b) addiw   a4, t2, -262
core   0: 1 0x00000000800059ec (0xefa3871b) x14 0xfffffffffffffefa
core   0: 0x00000000800059f0 (0x00776d33) or      s10, a4, t2
core   0: 1 0x00000000800059f0 (0x00776d33) x26 0xfffffffffffffefa
core   0: 0x00000000800059f4 (0x40d800bb) subw    ra, a6, a3
core   0: 1 0x00000000800059f4 (0x40d800bb) x1  0x0000000000000000
core   0: 0x00000000800059f8 (0x00109173) csrrw   sp, fflags, ra
core   0: 1 0x00000000800059f8 (0x00109173) x2  0x0000000000000011 c1_fflags 0x0000000000000000
core   0: 0x00000000800059fc (0xd2190cd3) fcvt.d.wu fs9, s2
core   0: 1 0x00000000800059fc (0xd2190cd3) f25 0x4031000000000000
core   0: 0x0000000080005a00 (0xe3eccb97) auipc   s7, 0xe3ecc
core   0: 1 0x0000000080005a00 (0xe3eccb97) x23 0x0000000063ed1a00
core   0: 0x0000000080005a04 (0xc020f7d3) fcvt.l.s a5, ft1
core   0: 1 0x0000000080005a04 (0xc020f7d3) c1_fflags 0x0000000000000010 x15 0x7fffffffffffffff
core   0: 0x0000000080005a08 (0x7ffa6d13) ori     s10, s4, 2047
core   0: 1 0x0000000080005a08 (0x7ffa6d13) x26 0x7fffffffffffffff
core   0: 0x0000000080005a0c (0x00000001) c.nop
core   0: 1 0x0000000080005a0c (0x0001)
core   0: 0x0000000080005a0e (0x03a4fbb3) remu    s7, s1, s10
core   0: 1 0x0000000080005a0e (0x03a4fbb3) x23 0x0000000000000001
core   0: 0x0000000080005a12 (0x420289d3) fcvt.d.s fs3, ft5
core   0: 1 0x0000000080005a12 (0x420289d3) f19 0x7ff8000000000000
core   0: 0x0000000080005a16 (0xf5700993) li      s3, -169
core   0: 1 0x0000000080005a16 (0xf5700993) x19 0xffffffffffffff57
core   0: 0x0000000080005a1a (0xc029f2d3) fcvt.l.s t0, fs3
core   0: 1 0x0000000080005a1a (0xc029f2d3) c1_fflags 0x0000000000000010 x5  0x7fffffffffffffff
core   0: 0x0000000080005a1e (0x2266a353) fsgnjx.d ft6, fa3, ft6
core   0: 1 0x0000000080005a1e (0x2266a353) f6  0x7ff8000000000000
core   0: 0x0000000080005a22 (0x1bb60b13) addi    s6, a2, 443
core   0: 1 0x0000000080005a22 (0x1bb60b13) x22 0x00000000000001bb
core   0: 0x0000000080005a26 (0x01638cbb) addw    s9, t2, s6
core   0: 1 0x0000000080005a26 (0x01638cbb) x25 0x00000000000001bb
core   0: 0x0000000080005a2a (0x7ffb0a1b) addiw   s4, s6, 2047
core   0: 1 0x0000000080005a2a (0x7ffb0a1b) x20 0x00000000000009ba
core   0: 0x0000000080005a2e (0xb3eb73cf) fnmadd.d ft7, fs6, ft10, fs6
core   0: 1 0x0000000080005a2e (0xb3eb73cf) f7  0x7ff8000000000000
core   0: 0x0000000080005a32 (0x000d893b) addw    s2, s11, zero
core   0: 1 0x0000000080005a32 (0x000d893b) x18 0x0000000000000000
core   0: 0x0000000080005a36 (0x038055bb) divuw   a1, zero, s8
core   0: 1 0x0000000080005a36 (0x038055bb) x11 0x0000000000000000
core   0: 0x0000000080005a3a (0xb418ec97) auipc   s9, 0xb418e
core   0: 1 0x0000000080005a3a (0xb418ec97) x25 0x0000000034193a3a
core   0: 0x0000000080005a3e (0x0021113b) sllw    sp, sp, sp
core   0: 1 0x0000000080005a3e (0x0021113b) x2  0x0000000000220000
core   0: 0x0000000080005a42 (0x00d7d01b) srliw   zero, a5, 13
core   0: 1 0x0000000080005a42 (0x00d7d01b)
core   0: 0x0000000080005a46 (0x00202e73) csrrs   t3, frm, zero
core   0: 1 0x0000000080005a46 (0x00202e73) x28 0x0000000000000000
core   0: 0x0000000080005a4a (0xc02971d3) fcvt.l.s gp, fs2
core   0: 1 0x0000000080005a4a (0xc02971d3) c1_fflags 0x0000000000000010 x3  0x7fffffffffffffff
core   0: 0x0000000080005a4e (0x22670bd3) fsgnj.d fs7, fa4, ft6
core   0: 1 0x0000000080005a4e (0x22670bd3) f23 0x7ff8000000000000
core   0: 0x0000000080005a52 (0xc203fd53) fcvt.w.d s10, ft7
core   0: 1 0x0000000080005a52 (0xc203fd53) c1_fflags 0x0000000000000010 x26 0x000000007fffffff
core   0: 0x0000000080005a56 (0x4026533b) sraw    t1, a2, sp
core   0: 1 0x0000000080005a56 (0x4026533b) x6  0x0000000000000000
core   0: 0x0000000080005a5a (0x01539dbb) sllw    s11, t2, s5
core   0: 1 0x0000000080005a5a (0x01539dbb) x27 0x0000000000000000
core   0: 0x0000000080005a5e (0x5a0d7453) fsqrt.d fs0, fs10
core   0: 1 0x0000000080005a5e (0x5a0d7453) f8  0x7ff8000000000000
core   0: 0x0000000080005a62 (0x00000001) c.nop
core   0: 1 0x0000000080005a62 (0x0001)
core   0: 0x0000000080005a64 (0x03bc1933) mulh    s2, s8, s11
core   0: 1 0x0000000080005a64 (0x03bc1933) x18 0x0000000000000000
core   0: 0x0000000080005a68 (0x02006dbb) remw    s11, zero, zero
core   0: 1 0x0000000080005a68 (0x02006dbb) x27 0x0000000000000000
core   0: 0x0000000080005a6c (0x03fbf5d3) fadd.d  fa1, fs7, ft11
core   0: 1 0x0000000080005a6c (0x03fbf5d3) f11 0x7ff8000000000000
core   0: 0x0000000080005a70 (0x0318ee3b) remw    t3, a7, a7
core   0: 1 0x0000000080005a70 (0x0318ee3b) x28 0x0000000000000000
core   0: 0x0000000080005a74 (0x006e17bb) sllw    a5, t3, t1
core   0: 1 0x0000000080005a74 (0x006e17bb) x15 0x0000000000000000
core   0: 0x0000000080005a78 (0x1aa7fdd3) fdiv.d  fs11, fa5, fa0
core   0: 1 0x0000000080005a78 (0x1aa7fdd3) f27 0x7ff8000000000000
core   0: 0x0000000080005a7c (0x03431633) mulh    a2, t1, s4
core   0: 1 0x0000000080005a7c (0x03431633) x12 0x0000000000000000
core   0: 0x0000000080005a80 (0x340a5773) csrrwi  a4, mscratch, 20
core   0: exception trap_illegal_instruction, epc 0x0000000080005a80
core   0:           tval 0x00000000340a5773
core   0: >>>>  $xrv64i2p1_m2p0_a2p1_f2p2_d2p2_zicsr2p0_zifencei2p0_zmmul1p0_zba1p0_zbb1p0_zbc1p0_zbs1p0
core   0: 0x0000000080004000 (0x0080006f) j       pc + 0x8
core   0: 3 0x0000000080004000 (0x0080006f)
core   0: >>>>  mmode_exception_handler
core   0: 0x0000000080004008 (0x00002c17) auipc   s8, 0x2
core   0: 3 0x0000000080004008 (0x00002c17) x24 0x0000000080006008
core   0: 0x000000008000400c (0x00ec0c13) addi    s8, s8, 14
core   0: 3 0x000000008000400c (0x00ec0c13) x24 0x0000000080006016
core   0: 0x0000000080004010 (0x000c00e7) jalr    s8
core   0: 3 0x0000000080004010 (0x000c00e7) x1  0x0000000080004014
core   0: >>>>  any_handler
core   0: 0x0000000080006016 (0x341027f3) csrrs   a5, mepc, zero
core   0: 3 0x0000000080006016 (0x341027f3) x15 0x0000000080005a80
core   0: 0x000000008000601a (0x34202773) csrrs   a4, mcause, zero
core   0: 3 0x000000008000601a (0x34202773) x14 0x0000000000000002
core   0: 0x000000008000601e (0x142026f3) csrrs   a3, scause, zero
core   0: 3 0x000000008000601e (0x142026f3) x13 0x0000000000000000
core   0: 0x0000000080006022 (0x30402673) csrrs   a2, mie, zero
core   0: 3 0x0000000080006022 (0x30402673) x12 0x0000000000000a00
core   0: 0x0000000080006026 (0x344025f3) csrrs   a1, mip, zero
core   0: 3 0x0000000080006026 (0x344025f3) x11 0x0000000000000080
core   0: 0x000000008000602a (0x343025f3) csrrs   a1, mtval, zero
core   0: 3 0x000000008000602a (0x343025f3) x11 0x00000000340a5773
core   0: 0x000000008000602e (0x14302573) csrrs   a0, stval, zero
core   0: 3 0x000000008000602e (0x14302573) x10 0x0000000000000000
core   0: 0x0000000080006032 (0xb02024f3) csrrs   s1, minstret, zero
core   0: 3 0x0000000080006032 (0xb02024f3) x9  0x0000000000001106
core   0: 0x0000000080006036 (0x0000a811) c.j     pc + 20
core   0: 3 0x0000000080006036 (0xa811)
core   0: >>>>  mepc_4
core   0: 0x000000008000604a (0x00000791) c.addi  a5, 4
core   0: 3 0x000000008000604a (0x0791) x15 0x0000000080005a84
core   0: 0x000000008000604c (0x34179073) csrrw   zero, mepc, a5
core   0: 3 0x000000008000604c (0x34179073) c833_mepc 0x0000000080005a84
core   0: 0x0000000080006050 (0x30200073) mret
core   0: 3 0x0000000080006050 (0x30200073) c768_mstatus 0x8000000a00106080
core   0: 0x0000000080005a84 (0x41fa521b) sraiw   tp, s4, 31
core   0: 1 0x0000000080005a84 (0x41fa521b) x4  0x0000000000000000
core   0: 0x0000000080005a88 (0x83b76693) ori     a3, a4, -1989
core   0: 1 0x0000000080005a88 (0x83b76693) x13 0xfffffffffffff83b
core   0: 0x0000000080005a8c (0x00171a73) csrrw   s4, fflags, a4
core   0: 1 0x0000000080005a8c (0x00171a73) x20 0x0000000000000010 c1_fflags 0x0000000000000002
core   0: 0x0000000080005a90 (0x1bcb7ed3) fdiv.d  ft9, fs6, ft8
core   0: 1 0x0000000080005a90 (0x1bcb7ed3) f29 0x7ff8000000000000
core   0: 0x0000000080005a94 (0x2b9a8cd3) fmin.d  fs9, fs5, fs9
core   0: 1 0x0000000080005a94 (0x2b9a8cd3) f25 0x4031000000000000
core   0: 0x0000000080005a98 (0xc20df353) fcvt.w.d t1, fs11
core   0: 1 0x0000000080005a98 (0xc20df353) c1_fflags 0x0000000000000012 x6  0x000000007fffffff
core   0: 0x0000000080005a9c (0xd029f7d3) fcvt.s.l fa5, s3
core   0: 1 0x0000000080005a9c (0xd029f7d3) f15 0xffffffffc3290000
core   0: 0x0000000080005aa0 (0x006a6d33) or      s10, s4, t1
core   0: 1 0x0000000080005aa0 (0x006a6d33) x26 0x000000007fffffff
core   0: 0x0000000080005aa4 (0x00cdddbb) srlw    s11, s11, a2
core   0: 1 0x0000000080005aa4 (0x00cdddbb) x27 0x0000000000000000
core   0: 0x0000000080005aa8 (0x223c2653) fsgnjx.d fa2, fs8, ft3
core   0: 1 0x0000000080005aa8 (0x223c2653) f12 0xffffffff00000000
core   0: 0x0000000080005aac (0x0388753b) remuw   a0, a6, s8
core   0: 1 0x0000000080005aac (0x0388753b) x10 0x0000000000000000
core   0: 0x0000000080005ab0 (0x021de0b3) rem     ra, s11, ra
core   0: 1 0x0000000080005ab0 (0x021de0b3) x1  0x0000000000000000
core   0: 0x0000000080005ab4 (0xd02d7753) fcvt.s.l fa4, s10
core   0: 1 0x0000000080005ab4 (0xd02d7753) c1_fflags 0x0000000000000013 f14 0xffffffff4f000000
core   0: 0x0000000080005ab8 (0x00000001) c.nop
core   0: 1 0x0000000080005ab8 (0x0001)
core   0: 0x0000000080005aba (0x0000d093) srli    ra, ra, 0
core   0: 1 0x0000000080005aba (0x0000d093) x1  0x0000000000000000
core   0: 0x0000000080005abe (0xb8275bf3) csrrwi  s7, minstreth, 14
core   0: exception trap_illegal_instruction, epc 0x0000000080005abe
core   0:           tval 0x00000000b8275bf3
core   0: >>>>  $xrv64i2p1_m2p0_a2p1_f2p2_d2p2_zicsr2p0_zifencei2p0_zmmul1p0_zba1p0_zbb1p0_zbc1p0_zbs1p0
core   0: 0x0000000080004000 (0x0080006f) j       pc + 0x8
core   0: 3 0x0000000080004000 (0x0080006f)
core   0: >>>>  mmode_exception_handler
core   0: 0x0000000080004008 (0x00002c17) auipc   s8, 0x2
core   0: 3 0x0000000080004008 (0x00002c17) x24 0x0000000080006008
core   0: 0x000000008000400c (0x00ec0c13) addi    s8, s8, 14
core   0: 3 0x000000008000400c (0x00ec0c13) x24 0x0000000080006016
core   0: 0x0000000080004010 (0x000c00e7) jalr    s8
core   0: 3 0x0000000080004010 (0x000c00e7) x1  0x0000000080004014
core   0: >>>>  any_handler
core   0: 0x0000000080006016 (0x341027f3) csrrs   a5, mepc, zero
core   0: 3 0x0000000080006016 (0x341027f3) x15 0x0000000080005abe
core   0: 0x000000008000601a (0x34202773) csrrs   a4, mcause, zero
core   0: 3 0x000000008000601a (0x34202773) x14 0x0000000000000002
core   0: 0x000000008000601e (0x142026f3) csrrs   a3, scause, zero
core   0: 3 0x000000008000601e (0x142026f3) x13 0x0000000000000000
core   0: 0x0000000080006022 (0x30402673) csrrs   a2, mie, zero
core   0: 3 0x0000000080006022 (0x30402673) x12 0x0000000000000a00
core   0: 0x0000000080006026 (0x344025f3) csrrs   a1, mip, zero
core   0: 3 0x0000000080006026 (0x344025f3) x11 0x0000000000000080
core   0: 0x000000008000602a (0x343025f3) csrrs   a1, mtval, zero
core   0: 3 0x000000008000602a (0x343025f3) x11 0x00000000b8275bf3
core   0: 0x000000008000602e (0x14302573) csrrs   a0, stval, zero
core   0: 3 0x000000008000602e (0x14302573) x10 0x0000000000000000
core   0: 0x0000000080006032 (0xb02024f3) csrrs   s1, minstret, zero
core   0: 3 0x0000000080006032 (0xb02024f3) x9  0x0000000000001125
core   0: 0x0000000080006036 (0x0000a811) c.j     pc + 20
core   0: 3 0x0000000080006036 (0xa811)
core   0: >>>>  mepc_4
core   0: 0x000000008000604a (0x00000791) c.addi  a5, 4
core   0: 3 0x000000008000604a (0x0791) x15 0x0000000080005ac2
core   0: 0x000000008000604c (0x34179073) csrrw   zero, mepc, a5
core   0: 3 0x000000008000604c (0x34179073) c833_mepc 0x0000000080005ac2
core   0: 0x0000000080006050 (0x30200073) mret
core   0: 3 0x0000000080006050 (0x30200073) c768_mstatus 0x8000000a00106080
core   0: 0x0000000080005ac2 (0xf2058fd3) fmv.d.x ft11, a1
core   0: 1 0x0000000080005ac2 (0xf2058fd3) f31 0x00000000b8275bf3
core   0: 0x0000000080005ac6 (0x419300bb) subw    ra, t1, s9
core   0: 1 0x0000000080005ac6 (0x419300bb) x1  0x000000004be6c5c5
core   0: 0x0000000080005aca (0x00102773) csrrs   a4, fflags, zero
core   0: 1 0x0000000080005aca (0x00102773) x14 0x0000000000000013
core   0: 0x0000000080005ace (0x401ff9d3) fcvt.s.d fs3, ft11
core   0: 1 0x0000000080005ace (0x401ff9d3) c1_fflags 0x0000000000000013 f19 0xffffffff00000000
core   0: 0x0000000080005ad2 (0x4017f253) fcvt.s.d ft4, fa5
core   0: 1 0x0000000080005ad2 (0x4017f253) f4  0xffffffff7fc00000
core   0: 0x0000000080005ad6 (0x012d29b3) slt     s3, s10, s2
core   0: 1 0x0000000080005ad6 (0x012d29b3) x19 0x0000000000000000
core   0: 0x0000000080005ada (0xd3f17cc3) fmadd.d fs9, ft2, ft11, fs10
core   0: 1 0x0000000080005ada (0xd3f17cc3) f25 0x7ff8000000000000
core   0: 0x0000000080005ade (0x2bcb93d3) fmax.d  ft7, fs7, ft8
core   0: 1 0x0000000080005ade (0x2bcb93d3) f7  0x7ff8000000000000
core   0: 0x0000000080005ae2 (0xd22876d3) fcvt.d.l fa3, a6
core   0: 1 0x0000000080005ae2 (0xd22876d3) f13 0x0000000000000000
core   0: 0x0000000080005ae6 (0x001cdc9b) srliw   s9, s9, 1
core   0: 1 0x0000000080005ae6 (0x001cdc9b) x25 0x000000001a0c9d1d
core   0: 0x0000000080005aea (0xc20cf1d3) fcvt.w.d gp, fs9
core   0: 1 0x0000000080005aea (0xc20cf1d3) c1_fflags 0x0000000000000013 x3  0x000000007fffffff
core   0: 0x0000000080005aee (0x01fa5693) srli    a3, s4, 31
core   0: 1 0x0000000080005aee (0x01fa5693) x13 0x0000000000000000
core   0: 0x0000000080005af2 (0xc03e73d3) fcvt.lu.s t2, ft8
core   0: 1 0x0000000080005af2 (0xc03e73d3) c1_fflags 0x0000000000000013 x7  0xffffffffffffffff
core   0: 0x0000000080005af6 (0x413dd8b3) sra     a7, s11, s3
core   0: 1 0x0000000080005af6 (0x413dd8b3) x17 0x0000000000000000
core   0: 0x0000000080005afa (0x014354bb) srlw    s1, t1, s4
core   0: 1 0x0000000080005afa (0x014354bb) x9  0x0000000000007fff
core   0: 0x0000000080005afe (0x00b04033) xor     zero, zero, a1
core   0: 1 0x0000000080005afe (0x00b04033)
core   0: 0x0000000080005b02 (0x13ca7653) fmul.d  fa2, fs4, ft8
core   0: 1 0x0000000080005b02 (0x13ca7653) f12 0x7ff8000000000000
core   0: 0x0000000080005b06 (0x03c0b033) mulhu   zero, ra, t3
core   0: 1 0x0000000080005b06 (0x03c0b033)
core   0: 0x0000000080005b0a (0x00bc72b3) and     t0, s8, a1
core   0: 1 0x0000000080005b0a (0x00bc72b3) x5  0x0000000080004012
core   0: 0x0000000080005b0e (0x0382c7bb) divw    a5, t0, s8
core   0: 1 0x0000000080005b0e (0x0382c7bb) x15 0x0000000000000001
core   0: 0x0000000080005b12 (0x001e1af3) csrrw   s5, fflags, t3
core   0: 1 0x0000000080005b12 (0x001e1af3) x21 0x0000000000000013 c1_fflags 0x0000000000000000
core   0: 0x0000000080005b16 (0x039c743b) remuw   s0, s8, s9
core   0: 1 0x0000000080005b16 (0x039c743b) x8  0x0000000017cdeba2
core   0: 0x0000000080005b1a (0xd4789e97) auipc   t4, 0xd4789
core   0: 1 0x0000000080005b1a (0xd4789e97) x29 0x000000005478eb1a
core   0: 0x0000000080005b1e (0xc223f653) fcvt.l.d a2, ft7
core   0: 1 0x0000000080005b1e (0xc223f653) c1_fflags 0x0000000000000010 x12 0x7fffffffffffffff
core   0: 0x0000000080005b22 (0x402d513b) sraw    sp, s10, sp
core   0: 1 0x0000000080005b22 (0x402d513b) x2  0x000000007fffffff
core   0: 0x0000000080005b26 (0x3c46069b) addiw   a3, a2, 964
core   0: 1 0x0000000080005b26 (0x3c46069b) x13 0x00000000000003c3
core   0: 0x0000000080005b2a (0x007ef4b3) and     s1, t4, t2
core   0: 1 0x0000000080005b2a (0x007ef4b3) x9  0x000000005478eb1a
core   0: 0x0000000080005b2e (0x009bd8bb) srlw    a7, s7, s1
core   0: 1 0x0000000080005b2e (0x009bd8bb) x17 0x0000000000000000
core   0: 0x0000000080005b32 (0x22a78c53) fsgnj.d fs8, fa5, fa0
core   0: 1 0x0000000080005b32 (0x22a78c53) f24 0xffffffffc3290000
core   0: 0x0000000080005b36 (0x5a0ef253) fsqrt.d ft4, ft9
core   0: 1 0x0000000080005b36 (0x5a0ef253) f4  0x7ff8000000000000
core   0: 0x0000000080005b3a (0x405adab3) sra     s5, s5, t0
core   0: 1 0x0000000080005b3a (0x405adab3) x21 0x0000000000000000
core   0: 0x0000000080005b3e (0x0256fab3) remu    s5, a3, t0
core   0: 1 0x0000000080005b3e (0x0256fab3) x21 0x00000000000003c3
core   0: 0x0000000080005b42 (0x0292f43b) remuw   s0, t0, s1
core   0: 1 0x0000000080005b42 (0x0292f43b) x8  0x000000002b8754f8
core   0: 0x0000000080005b46 (0x239e9e53) fsgnjn.d ft8, ft9, fs9
core   0: 1 0x0000000080005b46 (0x239e9e53) f28 0xfff8000000000000
core   0: 0x0000000080005b4a (0x02857cb3) remu    s9, a0, s0
core   0: 1 0x0000000080005b4a (0x02857cb3) x25 0x0000000000000000
core   0: 0x0000000080005b4e (0x2a508653) fmin.d  fa2, ft1, ft5
core   0: 1 0x0000000080005b4e (0x2a508653) f12 0x7ff8000000000000
core   0: 0x0000000080005b52 (0x40ca0c3b) subw    s8, s4, a2
core   0: 1 0x0000000080005b52 (0x40ca0c3b) x24 0x0000000000000011
core   0: 0x0000000080005b56 (0x31a1bbf3) csrrc   s7, menvcfgh, gp
core   0: exception trap_illegal_instruction, epc 0x0000000080005b56
core   0:           tval 0x0000000031a1bbf3
core   0: >>>>  $xrv64i2p1_m2p0_a2p1_f2p2_d2p2_zicsr2p0_zifencei2p0_zmmul1p0_zba1p0_zbb1p0_zbc1p0_zbs1p0
core   0: 0x0000000080004000 (0x0080006f) j       pc + 0x8
core   0: 3 0x0000000080004000 (0x0080006f)
core   0: >>>>  mmode_exception_handler
core   0: 0x0000000080004008 (0x00002c17) auipc   s8, 0x2
core   0: 3 0x0000000080004008 (0x00002c17) x24 0x0000000080006008
core   0: 0x000000008000400c (0x00ec0c13) addi    s8, s8, 14
core   0: 3 0x000000008000400c (0x00ec0c13) x24 0x0000000080006016
core   0: 0x0000000080004010 (0x000c00e7) jalr    s8
core   0: 3 0x0000000080004010 (0x000c00e7) x1  0x0000000080004014
core   0: >>>>  any_handler
core   0: 0x0000000080006016 (0x341027f3) csrrs   a5, mepc, zero
core   0: 3 0x0000000080006016 (0x341027f3) x15 0x0000000080005b56
core   0: 0x000000008000601a (0x34202773) csrrs   a4, mcause, zero
core   0: 3 0x000000008000601a (0x34202773) x14 0x0000000000000002
core   0: 0x000000008000601e (0x142026f3) csrrs   a3, scause, zero
core   0: 3 0x000000008000601e (0x142026f3) x13 0x0000000000000000
core   0: 0x0000000080006022 (0x30402673) csrrs   a2, mie, zero
core   0: 3 0x0000000080006022 (0x30402673) x12 0x0000000000000a00
core   0: 0x0000000080006026 (0x344025f3) csrrs   a1, mip, zero
core   0: 3 0x0000000080006026 (0x344025f3) x11 0x0000000000000080
core   0: 0x000000008000602a (0x343025f3) csrrs   a1, mtval, zero
core   0: 3 0x000000008000602a (0x343025f3) x11 0x0000000031a1bbf3
core   0: 0x000000008000602e (0x14302573) csrrs   a0, stval, zero
core   0: 3 0x000000008000602e (0x14302573) x10 0x0000000000000000
core   0: 0x0000000080006032 (0xb02024f3) csrrs   s1, minstret, zero
core   0: 3 0x0000000080006032 (0xb02024f3) x9  0x000000000000115a
core   0: 0x0000000080006036 (0x0000a811) c.j     pc + 20
core   0: 3 0x0000000080006036 (0xa811)
core   0: >>>>  mepc_4
core   0: 0x000000008000604a (0x00000791) c.addi  a5, 4
core   0: 3 0x000000008000604a (0x0791) x15 0x0000000080005b5a
core   0: 0x000000008000604c (0x34179073) csrrw   zero, mepc, a5
core   0: 3 0x000000008000604c (0x34179073) c833_mepc 0x0000000080005b5a
core   0: 0x0000000080006050 (0x30200073) mret
core   0: 3 0x0000000080006050 (0x30200073) c768_mstatus 0x8000000a00106080
core   0: 0x0000000080005b5a (0xc02d7453) fcvt.l.s s0, fs10
core   0: 1 0x0000000080005b5a (0xc02d7453) c1_fflags 0x0000000000000010 x8  0x7fffffffffffffff
core   0: 0x0000000080005b5e (0x42088853) fcvt.d.s fa6, fa7
core   0: 1 0x0000000080005b5e (0x42088853) f16 0x7ff8000000000000
core   0: 0x0000000080005b62 (0xe20f8053) fmv.x.d zero, ft11
core   0: 1 0x0000000080005b62 (0xe20f8053)
core   0: 0x0000000080005b66 (0xc0287553) fcvt.l.s a0, fa6
core   0: 1 0x0000000080005b66 (0xc0287553) c1_fflags 0x0000000000000010 x10 0x7fffffffffffffff
core   0: 0x0000000080005b6a (0x01c8d033) srl     zero, a7, t3
core   0: 1 0x0000000080005b6a (0x01c8d033)
core   0: 0x0000000080005b6e (0xa99947b7) lui     a5, 0xa9994
core   0: 1 0x0000000080005b6e (0xa99947b7) x15 0xffffffffa9994000
core   0: 0x0000000080005b72 (0x02004733) div     a4, zero, zero
core   0: 1 0x0000000080005b72 (0x02004733) x14 0xffffffffffffffff
core   0: 0x0000000080005b76 (0x4096d7bb) sraw    a5, a3, s1
core   0: 1 0x0000000080005b76 (0x4096d7bb) x15 0x0000000000000000
core   0: 0x0000000080005b7a (0x02de5ebb) divuw   t4, t3, a3
core   0: 1 0x0000000080005b7a (0x02de5ebb) x29 0xffffffffffffffff
core   0: 0x0000000080005b7e (0x00155413) srli    s0, a0, 1
core   0: 1 0x0000000080005b7e (0x00155413) x8  0x3fffffffffffffff
core   0: 0x0000000080005b82 (0x415980b3) sub     ra, s3, s5
core   0: 1 0x0000000080005b82 (0x415980b3) x1  0xfffffffffffffc3d
core   0: 0x0000000080005b86 (0x00000001) c.nop
core   0: 1 0x0000000080005b86 (0x0001)
core   0: 0x0000000080005b88 (0x0b15f1d3) fsub.d  ft3, fa1, fa7
core   0: 1 0x0000000080005b88 (0x0b15f1d3) f3  0x7ff8000000000000
core   0: 0x0000000080005b8c (0x5a087b53) fsqrt.d fs6, fa6
core   0: 1 0x0000000080005b8c (0x5a087b53) f22 0x7ff8000000000000
core   0: 0x0000000080005b90 (0x0133c9b3) xor     s3, t2, s3
core   0: 1 0x0000000080005b90 (0x0133c9b3) x19 0xffffffffffffffff
core   0: 0x0000000080005b94 (0x416d8bbb) subw    s7, s11, s6
core   0: 1 0x0000000080005b94 (0x416d8bbb) x23 0xfffffffffffffe45
core   0: 0x0000000080005b98 (0x036c70bb) remuw   ra, s8, s6
core   0: 1 0x0000000080005b98 (0x036c70bb) x1  0x00000000000000b6
core   0: 0x0000000080005b9c (0xf2020553) fmv.d.x fa0, tp
core   0: 1 0x0000000080005b9c (0xf2020553) f10 0x0000000000000000
core   0: 0x0000000080005ba0 (0x02c08633) mul     a2, ra, a2
core   0: 1 0x0000000080005ba0 (0x02c08633) x12 0x0000000000071c00
core   0: 0x0000000080005ba4 (0x22752ed3) fsgnjx.d ft9, fa0, ft7
core   0: 1 0x0000000080005ba4 (0x22752ed3) f29 0x0000000000000000
core   0: 0x0000000080005ba8 (0x02561db3) mulh    s11, a2, t0
core   0: 1 0x0000000080005ba8 (0x02561db3) x27 0x0000000000000000
core   0: 0x0000000080005bac (0x0191973b) sllw    a4, gp, s9
core   0: 1 0x0000000080005bac (0x0191973b) x14 0x000000007fffffff
core   0: 0x0000000080005bb0 (0x0a9272d3) fsub.d  ft5, ft4, fs1
core   0: 1 0x0000000080005bb0 (0x0a9272d3) f5  0x7ff8000000000000
core   0: 0x0000000080005bb4 (0x409e57b3) sra     a5, t3, s1
core   0: 1 0x0000000080005bb4 (0x409e57b3) x15 0x0000000000000000
core   0: 0x0000000080005bb8 (0x6e1e4613) xori    a2, t3, 1761
core   0: 1 0x0000000080005bb8 (0x6e1e4613) x12 0x00000000000006e1
core   0: 0x0000000080005bbc (0xf13123f3) csrrs   t2, mimpid, sp
core   0: exception trap_illegal_instruction, epc 0x0000000080005bbc
core   0:           tval 0x00000000f13123f3
core   0: >>>>  $xrv64i2p1_m2p0_a2p1_f2p2_d2p2_zicsr2p0_zifencei2p0_zmmul1p0_zba1p0_zbb1p0_zbc1p0_zbs1p0
core   0: 0x0000000080004000 (0x0080006f) j       pc + 0x8
core   0: 3 0x0000000080004000 (0x0080006f)
core   0: >>>>  mmode_exception_handler
core   0: 0x0000000080004008 (0x00002c17) auipc   s8, 0x2
core   0: 3 0x0000000080004008 (0x00002c17) x24 0x0000000080006008
core   0: 0x000000008000400c (0x00ec0c13) addi    s8, s8, 14
core   0: 3 0x000000008000400c (0x00ec0c13) x24 0x0000000080006016
core   0: 0x0000000080004010 (0x000c00e7) jalr    s8
core   0: 3 0x0000000080004010 (0x000c00e7) x1  0x0000000080004014
core   0: >>>>  any_handler
core   0: 0x0000000080006016 (0x341027f3) csrrs   a5, mepc, zero
core   0: 3 0x0000000080006016 (0x341027f3) x15 0x0000000080005bbc
core   0: 0x000000008000601a (0x34202773) csrrs   a4, mcause, zero
core   0: 3 0x000000008000601a (0x34202773) x14 0x0000000000000002
core   0: 0x000000008000601e (0x142026f3) csrrs   a3, scause, zero
core   0: 3 0x000000008000601e (0x142026f3) x13 0x0000000000000000
core   0: 0x0000000080006022 (0x30402673) csrrs   a2, mie, zero
core   0: 3 0x0000000080006022 (0x30402673) x12 0x0000000000000a00
core   0: 0x0000000080006026 (0x344025f3) csrrs   a1, mip, zero
core   0: 3 0x0000000080006026 (0x344025f3) x11 0x0000000000000080
core   0: 0x000000008000602a (0x343025f3) csrrs   a1, mtval, zero
core   0: 3 0x000000008000602a (0x343025f3) x11 0x00000000f13123f3
core   0: 0x000000008000602e (0x14302573) csrrs   a0, stval, zero
core   0: 3 0x000000008000602e (0x14302573) x10 0x0000000000000000
core   0: 0x0000000080006032 (0xb02024f3) csrrs   s1, minstret, zero
core   0: 3 0x0000000080006032 (0xb02024f3) x9  0x0000000000001183
core   0: 0x0000000080006036 (0x0000a811) c.j     pc + 20
core   0: 3 0x0000000080006036 (0xa811)
core   0: >>>>  mepc_4
core   0: 0x000000008000604a (0x00000791) c.addi  a5, 4
core   0: 3 0x000000008000604a (0x0791) x15 0x0000000080005bc0
core   0: 0x000000008000604c (0x34179073) csrrw   zero, mepc, a5
core   0: 3 0x000000008000604c (0x34179073) c833_mepc 0x0000000080005bc0
core   0: 0x0000000080006050 (0x30200073) mret
core   0: 3 0x0000000080006050 (0x30200073) c768_mstatus 0x8000000a00106080
core   0: 0x0000000080005bc0 (0xc9140297) auipc   t0, 0xc9140
core   0: 1 0x0000000080005bc0 (0xc9140297) x5  0x0000000049145bc0
core   0: 0x0000000080005bc4 (0x000d1e1b) slliw   t3, s10, 0
core   0: 1 0x0000000080005bc4 (0x000d1e1b) x28 0x000000007fffffff
core   0: 0x0000000080005bc8 (0xd90e0c37) lui     s8, 0xd90e0
core   0: 1 0x0000000080005bc8 (0xd90e0c37) x24 0xffffffffd90e0000
core   0: 0x0000000080005bcc (0x029c66b3) rem     a3, s8, s1
core   0: 1 0x0000000080005bcc (0x029c66b3) x13 0xfffffffffffffb7f
core   0: 0x0000000080005bd0 (0x1251f1d3) fmul.d  ft3, ft3, ft5
core   0: 1 0x0000000080005bd0 (0x1251f1d3) f3  0x7ff8000000000000
core   0: 0x0000000080005bd4 (0x00151813) slli    a6, a0, 1
core   0: 1 0x0000000080005bd4 (0x00151813) x16 0x0000000000000000
core   0: 0x0000000080005bd8 (0xa2850b93) addi    s7, a0, -1496
core   0: 1 0x0000000080005bd8 (0xa2850b93) x23 0xfffffffffffffa28
core   0: 0x0000000080005bdc (0x00db9c33) sll     s8, s7, a3
core   0: 1 0x0000000080005bdc (0x00db9c33) x24 0x0000000000000000
core   0: 0x0000000080005be0 (0x0197173b) sllw    a4, a4, s9
core   0: 1 0x0000000080005be0 (0x0197173b) x14 0x0000000000000002
core   0: 0x0000000080005be4 (0xd0287153) fcvt.s.l ft2, a6
core   0: 1 0x0000000080005be4 (0xd0287153) f2  0xffffffff00000000
core   0: 0x0000000080005be8 (0x00008d71) c.and   a0, a2
core   0: 1 0x0000000080005be8 (0x8d71) x10 0x0000000000000000
core   0: 0x0000000080005bea (0xd02276d3) fcvt.s.l fa3, tp
core   0: 1 0x0000000080005bea (0xd02276d3) f13 0xffffffff00000000
core   0: 0x0000000080005bee (0x00952eb3) slt     t4, a0, s1
core   0: 1 0x0000000080005bee (0x00952eb3) x29 0x0000000000000001
core   0: 0x0000000080005bf2 (0x42010fd3) fcvt.d.s ft11, ft2
core   0: 1 0x0000000080005bf2 (0x42010fd3) f31 0x0000000000000000
core   0: 0x0000000080005bf6 (0x00000001) c.nop
core   0: 1 0x0000000080005bf6 (0x0001)
core   0: 0x0000000080005bf8 (0x10493973) csrrc   s2, sie, s2
core   0: 1 0x0000000080005bf8 (0x10493973) x18 0x0000000000000000 c772_mie 0x0000000000000a00
core   0: 0x0000000080005bfc (0x000d07b7) lui     a5, 0xd0
core   0: 1 0x0000000080005bfc (0x000d07b7) x15 0x00000000000d0000
core   0: 0x0000000080005c00 (0x51d7879b) addiw   a5, a5, 1309
core   0: 1 0x0000000080005c00 (0x51d7879b) x15 0x00000000000d051d
core   0: 0x0000000080005c04 (0x000007ba) c.slli  a5, 14
core   0: 1 0x0000000080005c04 (0x07ba) x15 0x0000000341474000
core   0: 0x0000000080005c06 (0xd0c78793) addi    a5, a5, -756
core   0: 1 0x0000000080005c06 (0xd0c78793) x15 0x0000000341473d0c
core   0: 0x0000000080005c0a (0x5a0affd3) fsqrt.d ft11, fs5
core   0: 1 0x0000000080005c0a (0x5a0affd3) f31 0x7ff8000000000000
core   0: 0x0000000080005c0e (0x03717bd3) fadd.d  fs7, ft2, fs7
core   0: 1 0x0000000080005c0e (0x03717bd3) f23 0x7ff8000000000000
core   0: 0x0000000080005c12 (0x0404cb37) lui     s6, 0x404c
core   0: 1 0x0000000080005c12 (0x0404cb37) x22 0x000000000404c000
core   0: 0x0000000080005c16 (0x6ffb0b1b) addiw   s6, s6, 1791
core   0: 1 0x0000000080005c16 (0x6ffb0b1b) x22 0x000000000404c6ff
core   0: 0x0000000080005c1a (0x00000b32) c.slli  s6, 12
core   0: 1 0x0000000080005c1a (0x0b32) x22 0x000000404c6ff000
core   0: 0x0000000080005c1c (0x2fcb0b13) addi    s6, s6, 764
core   0: 1 0x0000000080005c1c (0x2fcb0b13) x22 0x000000404c6ff2fc
core   0: 0x0000000080005c20 (0xc947a713) slti    a4, a5, -876
core   0: 1 0x0000000080005c20 (0xc947a713) x14 0x0000000000000000
core   0: 0x0000000080005c24 (0x0196dcb3) srl     s9, a3, s9
core   0: 1 0x0000000080005c24 (0x0196dcb3) x25 0xfffffffffffffb7f
core   0: 0x0000000080005c28 (0xd23cf353) fcvt.d.lu ft6, s9
core   0: 1 0x0000000080005c28 (0xd23cf353) c1_fflags 0x0000000000000011 f6  0x43efffffffffffff
core   0: 0x0000000080005c2c (0x0329533b) divuw   t1, s2, s2
core   0: 1 0x0000000080005c2c (0x0329533b) x6  0xffffffffffffffff
core   0: 0x0000000080005c30 (0x0068f8b3) and     a7, a7, t1
core   0: 1 0x0000000080005c30 (0x0068f8b3) x17 0x0000000000000000
core   0: 0x0000000080005c34 (0x01052533) slt     a0, a0, a6
core   0: 1 0x0000000080005c34 (0x01052533) x10 0x0000000000000000
core   0: 0x0000000080005c38 (0x02a103b3) mul     t2, sp, a0
core   0: 1 0x0000000080005c38 (0x02a103b3) x7  0x0000000000000000
core   0: 0x0000000080005c3c (0x0235d5b3) divu    a1, a1, gp
core   0: 1 0x0000000080005c3c (0x0235d5b3) x11 0x0000000000000001
core   0: 0x0000000080005c40 (0xd2377353) fcvt.d.lu ft6, a4
core   0: 1 0x0000000080005c40 (0xd2377353) f6  0x0000000000000000
core   0: 0x0000000080005c44 (0x025cd63b) divuw   a2, s9, t0
core   0: 1 0x0000000080005c44 (0x025cd63b) x12 0x0000000000000003
core   0: 0x0000000080005c48 (0x40115093) srai    ra, sp, 1
core   0: 1 0x0000000080005c48 (0x40115093) x1  0x000000003fffffff
core   0: 0x0000000080005c4c (0x00059c37) lui     s8, 0x59
core   0: 1 0x0000000080005c4c (0x00059c37) x24 0x0000000000059000
core   0: 0x0000000080005c50 (0x209c0c1b) addiw   s8, s8, 521
core   0: 1 0x0000000080005c50 (0x209c0c1b) x24 0x0000000000059209
core   0: 0x0000000080005c54 (0x00000c42) c.slli  s8, 16
core   0: 1 0x0000000080005c54 (0x0c42) x24 0x0000000592090000
core   0: 0x0000000080005c56 (0xce5c0c13) addi    s8, s8, -795
core   0: 1 0x0000000080005c56 (0xce5c0c13) x24 0x000000059208fce5
core   0: 0x0000000080005c5a (0x414c80bb) subw    ra, s9, s4
core   0: 1 0x0000000080005c5a (0x414c80bb) x1  0xfffffffffffffb6f
core   0: 0x0000000080005c5e (0x415edbbb) sraw    s7, t4, s5
core   0: 1 0x0000000080005c5e (0x415edbbb) x23 0x0000000000000000
core   0: 0x0000000080005c62 (0xc86ac293) xori    t0, s5, -890
core   0: 1 0x0000000080005c62 (0xc86ac293) x5  0xffffffffffffff45
core   0: 0x0000000080005c66 (0xc03bf8d3) fcvt.lu.s a7, fs7
core   0: 1 0x0000000080005c66 (0xc03bf8d3) c1_fflags 0x0000000000000011 x17 0xffffffffffffffff
core   0: 0x0000000080005c6a (0xa02d8b1b) addiw   s6, s11, -1534
core   0: 1 0x0000000080005c6a (0xa02d8b1b) x22 0xfffffffffffffa02
core   0: 0x0000000080005c6e (0x001020f3) csrrs   ra, fflags, zero
core   0: 1 0x0000000080005c6e (0x001020f3) x1  0x0000000000000011
core   0: 0x0000000080005c72 (0xd2060ed3) fcvt.d.w ft9, a2
core   0: 1 0x0000000080005c72 (0xd2060ed3) f29 0x4008000000000000
core   0: 0x0000000080005c76 (0x40c1093b) subw    s2, sp, a2
core   0: 1 0x0000000080005c76 (0x40c1093b) x18 0x000000007ffffffc
core   0: 0x0000000080005c7a (0x03d3db3b) divuw   s6, t2, t4
core   0: 1 0x0000000080005c7a (0x03d3db3b) x22 0x0000000000000000
core   0: 0x0000000080005c7e (0x10a05073) csrrwi  zero, senvcfg, 0
core   0: 1 0x0000000080005c7e (0x10a05073) c266_senvcfg 0x0000000000000000
core   0: 0x0000000080005c82 (0xc02c79d3) fcvt.l.s s3, fs8
core   0: 1 0x0000000080005c82 (0xc02c79d3) x19 0xffffffffffffff57
core   0: 0x0000000080005c86 (0xeb837c4b) fnmsub.d fs8, ft6, fs8, ft9
core   0: 1 0x0000000080005c86 (0xeb837c4b) f24 0x7ff8000000000000
core   0: 0x0000000080005c8a (0xa22202d3) fle.d   t0, ft4, ft2
core   0: 1 0x0000000080005c8a (0xa22202d3) c1_fflags 0x0000000000000011 x5  0x0000000000000000
core   0: 0x0000000080005c8e (0x4017d0b3) sra     ra, a5, ra
core   0: 1 0x0000000080005c8e (0x4017d0b3) x1  0x000000000001a0a3
core   0: 0x0000000080005c92 (0xd2108ed3) fcvt.d.wu ft9, ra
core   0: 1 0x0000000080005c92 (0xd2108ed3) f29 0x40fa0a3000000000
core   0: 0x0000000080005c96 (0xf20b02d3) fmv.d.x ft5, s6
core   0: 1 0x0000000080005c96 (0xf20b02d3) f5  0x0000000000000000
core   0: 0x0000000080005c9a (0xd2267053) fcvt.d.l ft0, a2
core   0: 1 0x0000000080005c9a (0xd2267053) f0  0x4008000000000000
core   0: 0x0000000080005c9e (0x0080d6b3) srl     a3, ra, s0
core   0: 1 0x0000000080005c9e (0x0080d6b3) x13 0x0000000000000000
core   0: 0x0000000080005ca2 (0x0216fdb3) remu    s11, a3, ra
core   0: 1 0x0000000080005ca2 (0x0216fdb3) x27 0x0000000000000000
core   0: 0x0000000080005ca6 (0x81b0b297) auipc   t0, 0x81b0b
core   0: 1 0x0000000080005ca6 (0x81b0b297) x5  0x0000000001b10ca6
core   0: 0x0000000080005caa (0x00570333) add     t1, a4, t0
core   0: 1 0x0000000080005caa (0x00570333) x6  0x0000000001b10ca6
core   0: 0x0000000080005cae (0xf128d873) csrrwi  a6, marchid, 17
core   0: exception trap_illegal_instruction, epc 0x0000000080005cae
core   0:           tval 0x00000000f128d873
core   0: >>>>  $xrv64i2p1_m2p0_a2p1_f2p2_d2p2_zicsr2p0_zifencei2p0_zmmul1p0_zba1p0_zbb1p0_zbc1p0_zbs1p0
core   0: 0x0000000080004000 (0x0080006f) j       pc + 0x8
core   0: 3 0x0000000080004000 (0x0080006f)
core   0: >>>>  mmode_exception_handler
core   0: 0x0000000080004008 (0x00002c17) auipc   s8, 0x2
core   0: 3 0x0000000080004008 (0x00002c17) x24 0x0000000080006008
core   0: 0x000000008000400c (0x00ec0c13) addi    s8, s8, 14
core   0: 3 0x000000008000400c (0x00ec0c13) x24 0x0000000080006016
core   0: 0x0000000080004010 (0x000c00e7) jalr    s8
core   0: 3 0x0000000080004010 (0x000c00e7) x1  0x0000000080004014
core   0: >>>>  any_handler
core   0: 0x0000000080006016 (0x341027f3) csrrs   a5, mepc, zero
core   0: 3 0x0000000080006016 (0x341027f3) x15 0x0000000080005cae
core   0: 0x000000008000601a (0x34202773) csrrs   a4, mcause, zero
core   0: 3 0x000000008000601a (0x34202773) x14 0x0000000000000002
core   0: 0x000000008000601e (0x142026f3) csrrs   a3, scause, zero
core   0: 3 0x000000008000601e (0x142026f3) x13 0x0000000000000000
core   0: 0x0000000080006022 (0x30402673) csrrs   a2, mie, zero
core   0: 3 0x0000000080006022 (0x30402673) x12 0x0000000000000a00
core   0: 0x0000000080006026 (0x344025f3) csrrs   a1, mip, zero
core   0: 3 0x0000000080006026 (0x344025f3) x11 0x0000000000000080
core   0: 0x000000008000602a (0x343025f3) csrrs   a1, mtval, zero
core   0: 3 0x000000008000602a (0x343025f3) x11 0x00000000f128d873
core   0: 0x000000008000602e (0x14302573) csrrs   a0, stval, zero
core   0: 3 0x000000008000602e (0x14302573) x10 0x0000000000000000
core   0: 0x0000000080006032 (0xb02024f3) csrrs   s1, minstret, zero
core   0: 3 0x0000000080006032 (0xb02024f3) x9  0x00000000000011d1
core   0: 0x0000000080006036 (0x0000a811) c.j     pc + 20
core   0: 3 0x0000000080006036 (0xa811)
core   0: >>>>  mepc_4
core   0: 0x000000008000604a (0x00000791) c.addi  a5, 4
core   0: 3 0x000000008000604a (0x0791) x15 0x0000000080005cb2
core   0: 0x000000008000604c (0x34179073) csrrw   zero, mepc, a5
core   0: 3 0x000000008000604c (0x34179073) c833_mepc 0x0000000080005cb2
core   0: 0x0000000080006050 (0x30200073) mret
core   0: 3 0x0000000080006050 (0x30200073) c768_mstatus 0x8000000a00106080
core   0: 0x0000000080005cb2 (0xfc322397) auipc   t2, 0xfc322
core   0: 1 0x0000000080005cb2 (0xfc322397) x7  0x000000007c327cb2
core   0: 0x0000000080005cb6 (0x42435493) srai    s1, t1, 36
core   0: 1 0x0000000080005cb6 (0x42435493) x9  0x0000000000000000
core   0: 0x0000000080005cba (0xfdf501b7) lui     gp, 0xfdf50
core   0: 1 0x0000000080005cba (0xfdf501b7) x3  0xfffffffffdf50000
core   0: 0x0000000080005cbe (0x9a11819b) addiw   gp, gp, -1631
core   0: 1 0x0000000080005cbe (0x9a11819b) x3  0xfffffffffdf4f9a1
core   0: 0x0000000080005cc2 (0x000001b6) c.slli  gp, 13
core   0: 1 0x0000000080005cc2 (0x01b6) x3  0xffffffbe9f342000
core   0: 0x0000000080005cc4 (0x78418193) addi    gp, gp, 1924
core   0: 1 0x0000000080005cc4 (0x78418193) x3  0xffffffbe9f342784
core   0: 0x0000000080005cc8 (0x22082dd3) fsgnjx.d fs11, fa6, ft0
core   0: 1 0x0000000080005cc8 (0x22082dd3) f27 0x7ff8000000000000
core   0: 0x0000000080005ccc (0xc20d7cd3) fcvt.w.d s9, fs10
core   0: 1 0x0000000080005ccc (0xc20d7cd3) c1_fflags 0x0000000000000011 x25 0x000000007fffffff
core   0: 0x0000000080005cd0 (0x26856513) ori     a0, a0, 616
core   0: 1 0x0000000080005cd0 (0x26856513) x10 0x0000000000000268
core   0: 0x0000000080005cd4 (0x7ffc869b) addiw   a3, s9, 2047
core   0: 1 0x0000000080005cd4 (0x7ffc869b) x13 0xffffffff800007fe
core   0: 0x0000000080005cd8 (0x0a0471d3) fsub.d  ft3, fs0, ft0
core   0: 1 0x0000000080005cd8 (0x0a0471d3) f3  0x7ff8000000000000
core   0: 0x0000000080005cdc (0x1b087853) fdiv.d  fa6, fa6, fa6
core   0: 1 0x0000000080005cdc (0x1b087853) f16 0x7ff8000000000000
core   0: 0x0000000080005ce0 (0x3798f713) andi    a4, a7, 889
core   0: 1 0x0000000080005ce0 (0x3798f713) x14 0x0000000000000379
core   0: 0x0000000080005ce4 (0x00009eee) c.add   t4, s11
core   0: 1 0x0000000080005ce4 (0x9eee) x29 0x0000000000000001
core   0: 0x0000000080005ce6 (0xf9377793) andi    a5, a4, -109
core   0: 1 0x0000000080005ce6 (0xf9377793) x15 0x0000000000000311
core   0: 0x0000000080005cea (0x0280b933) mulhu   s2, ra, s0
core   0: 1 0x0000000080005cea (0x0280b933) x18 0x0000000020001004
core   0: 0x0000000080005cee (0xddc23b97) auipc   s7, 0xddc23
core   0: 1 0x0000000080005cee (0xddc23b97) x23 0x000000005dc28cee
core   0: 0x0000000080005cf2 (0xc221fbd3) fcvt.l.d s7, ft3
core   0: 1 0x0000000080005cf2 (0xc221fbd3) c1_fflags 0x0000000000000011 x23 0x7fffffffffffffff
core   0: 0x0000000080005cf6 (0x4ecb0b1b) addiw   s6, s6, 1260
core   0: 1 0x0000000080005cf6 (0x4ecb0b1b) x22 0x00000000000004ec
core   0: 0x0000000080005cfa (0xe20183d3) fmv.x.d t2, ft3
core   0: 1 0x0000000080005cfa (0xe20183d3) x7  0x7ff8000000000000
core   0: 0x0000000080005cfe (0x0104533b) srlw    t1, s0, a6
core   0: 1 0x0000000080005cfe (0x0104533b) x6  0xffffffffffffffff
core   0: 0x0000000080005d02 (0x0164063b) addw    a2, s0, s6
core   0: 1 0x0000000080005d02 (0x0164063b) x12 0x00000000000004eb
core   0: 0x0000000080005d06 (0xf20d8053) fmv.d.x ft0, s11
core   0: 1 0x0000000080005d06 (0xf20d8053) f0  0x0000000000000000
core   0: 0x0000000080005d0a (0x00000001) c.nop
core   0: 1 0x0000000080005d0a (0x0001)
core   0: 0x0000000080005d0c (0x0000357d) c.addiw a0, -1
core   0: 1 0x0000000080005d0c (0x357d) x10 0x0000000000000267
core   0: 0x0000000080005d0e (0x02750bbb) mulw    s7, a0, t2
core   0: 1 0x0000000080005d0e (0x02750bbb) x23 0x0000000000000000
core   0: 0x0000000080005d12 (0xd23bf753) fcvt.d.lu fa4, s7
core   0: 1 0x0000000080005d12 (0xd23bf753) f14 0x0000000000000000
core   0: 0x0000000080005d16 (0x002a9273) csrrw   tp, frm, s5
core   0: 1 0x0000000080005d16 (0x002a9273) x4  0x0000000000000000 c2_frm 0x0000000000000003
core   0: 0x0000000080005d1a (0x0ff0000f) fence   iorw,iorw
core   0: 1 0x0000000080005d1a (0x0ff0000f)
core   0: 0x0000000080005d1e (0x1442eef3) csrrsi  t4, sip, 5
core   0: 1 0x0000000080005d1e (0x1442eef3) x29 0x0000000000000000 c836_mip 0x0000000000000080
core   0: 0x0000000080005d22 (0x41abd79b) sraiw   a5, s7, 26
core   0: 1 0x0000000080005d22 (0x41abd79b) x15 0x0000000000000000
core   0: 0x0000000080005d26 (0x030d4db3) div     s11, s10, a6
core   0: 1 0x0000000080005d26 (0x030d4db3) x27 0xffffffffffffffff
core   0: 0x0000000080005d2a (0x01010c3b) addw    s8, sp, a6
core   0: 1 0x0000000080005d2a (0x01010c3b) x24 0x000000007fffffff
core   0: 0x0000000080005d2e (0x03bdf43b) remuw   s0, s11, s11
core   0: 1 0x0000000080005d2e (0x03bdf43b) x8  0x0000000000000000
core   0: 0x0000000080005d32 (0xe20585d3) fmv.x.d a1, fa1
core   0: 1 0x0000000080005d32 (0xe20585d3) x11 0x7ff8000000000000
core   0: 0x0000000080005d36 (0x72e5f043) fmadd.d ft0, fa1, fa4, fa4
core   0: 1 0x0000000080005d36 (0x72e5f043) f0  0x7ff8000000000000
core   0: 0x0000000080005d3a (0x220f2153) fsgnjx.d ft2, ft10, ft0
core   0: 1 0x0000000080005d3a (0x220f2153) f2  0xffffffff4f404063
core   0: 0x0000000080005d3e (0x00314bb3) xor     s7, sp, gp
core   0: 1 0x0000000080005d3e (0x00314bb3) x23 0xffffffbee0cbd87b
core   0: 0x0000000080005d42 (0x5a400097) auipc   ra, 0x5a400
core   0: 1 0x0000000080005d42 (0x5a400097) x1  0x00000000da405d42
core   0: 0x0000000080005d46 (0xf2028e53) fmv.d.x ft8, t0
core   0: 1 0x0000000080005d46 (0xf2028e53) f28 0x0000000001b10ca6
core   0: 0x0000000080005d4a (0x001026f3) csrrs   a3, fflags, zero
core   0: 1 0x0000000080005d4a (0x001026f3) x13 0x0000000000000011
core   0: 0x0000000080005d4e (0x0030929b) slliw   t0, ra, 3
core   0: 1 0x0000000080005d4e (0x0030929b) x5  0xffffffffd202ea10
core   0: 0x0000000080005d52 (0x0260f33b) remuw   t1, ra, t1
core   0: 1 0x0000000080005d52 (0x0260f33b) x6  0xffffffffda405d42
core   0: 0x0000000080005d56 (0x000c109b) slliw   ra, s8, 0
core   0: 1 0x0000000080005d56 (0x000c109b) x1  0x000000007fffffff
core   0: 0x0000000080005d5a (0x4110d73b) sraw    a4, ra, a7
core   0: 1 0x0000000080005d5a (0x4110d73b) x14 0x0000000000000000
core   0: 0x0000000080005d5e (0x00102d73) csrrs   s10, fflags, zero
core   0: 1 0x0000000080005d5e (0x00102d73) x26 0x0000000000000011
core   0: 0x0000000080005d62 (0x0375fbd3) fadd.d  fs7, fa1, fs7
core   0: 1 0x0000000080005d62 (0x0375fbd3) f23 0x7ff8000000000000
core   0: 0x0000000080005d66 (0x4166d9bb) sraw    s3, a3, s6
core   0: 1 0x0000000080005d66 (0x4166d9bb) x19 0x0000000000000000
core   0: 0x0000000080005d6a (0x57836613) ori     a2, t1, 1400
core   0: 1 0x0000000080005d6a (0x57836613) x12 0xffffffffda405d7a
core   0: 0x0000000080005d6e (0x4084d4b3) sra     s1, s1, s0
core   0: 1 0x0000000080005d6e (0x4084d4b3) x9  0x0000000000000000
core   0: 0x0000000080005d72 (0x009e9837) lui     a6, 0x9e9
core   0: 1 0x0000000080005d72 (0x009e9837) x16 0x00000000009e9000
core   0: 0x0000000080005d76 (0xf758081b) addiw   a6, a6, -139
core   0: 1 0x0000000080005d76 (0xf758081b) x16 0x00000000009e8f75
core   0: 0x0000000080005d7a (0x00000832) c.slli  a6, 12
core   0: 1 0x0000000080005d7a (0x0832) x16 0x00000009e8f75000
core   0: 0x0000000080005d7c (0x9e680813) addi    a6, a6, -1562
core   0: 1 0x0000000080005d7c (0x9e680813) x16 0x00000009e8f749e6
core   0: 0x0000000080005d80 (0x2b181853) fmax.d  fa6, fa6, fa7
core   0: 1 0x0000000080005d80 (0x2b181853) f16 0x3fe6a09e667f3bcc
core   0: 0x0000000080005d84 (0x40a8579b) sraiw   a5, a6, 10
core   0: 1 0x0000000080005d84 (0x40a8579b) x15 0xfffffffffffa3dd2
core   0: 0x0000000080005d88 (0x00e90533) add     a0, s2, a4
core   0: 1 0x0000000080005d88 (0x00e90533) x10 0x0000000020001004
core   0: 0x0000000080005d8c (0xd3c5f147) fmsub.d ft2, fa1, ft8, fs10
core   0: 1 0x0000000080005d8c (0xd3c5f147) f2  0x7ff8000000000000
core   0: 0x0000000080005d90 (0x0a10f4d3) fsub.d  fs1, ft1, ft1
core   0: 1 0x0000000080005d90 (0x0a10f4d3) f9  0x7ff8000000000000
core   0: 0x0000000080005d94 (0xd0307d53) fcvt.s.lu fs10, zero
core   0: 1 0x0000000080005d94 (0xd0307d53) f26 0xffffffff00000000
core   0: 0x0000000080005d98 (0x0051d1bb) srlw    gp, gp, t0
core   0: 1 0x0000000080005d98 (0x0051d1bb) x3  0x0000000000009f34
core   0: 0x0000000080005d9c (0x00d68733) add     a4, a3, a3
core   0: 1 0x0000000080005d9c (0x00d68733) x14 0x0000000000000022
core   0: 0x0000000080005da0 (0x01f3509b) srliw   ra, t1, 31
core   0: 1 0x0000000080005da0 (0x01f3509b) x1  0x0000000000000001
core   0: 0x0000000080005da4 (0x0021043b) addw    s0, sp, sp
core   0: 1 0x0000000080005da4 (0x0021043b) x8  0xfffffffffffffffe
core   0: 0x0000000080005da8 (0x005894bb) sllw    s1, a7, t0
core   0: 1 0x0000000080005da8 (0x005894bb) x9  0xffffffffffff0000
core   0: 0x0000000080005dac (0x23e70b53) fsgnj.d fs6, fa4, ft10
core   0: 1 0x0000000080005dac (0x23e70b53) f22 0x8000000000000000
core   0: 0x0000000080005db0 (0x0257c3b3) div     t2, a5, t0
core   0: 1 0x0000000080005db0 (0x0257c3b3) x7  0x0000000000000000
core   0: 0x0000000080005db4 (0x138e77d3) fmul.d  fa5, ft8, fs8
core   0: 1 0x0000000080005db4 (0x138e77d3) f15 0x7ff8000000000000
core   0: 0x0000000080005db8 (0xc210f553) fcvt.wu.d a0, ft1
core   0: 1 0x0000000080005db8 (0xc210f553) c1_fflags 0x0000000000000011 x10 0xffffffffffffffff
core   0: 0x0000000080005dbc (0x03f15593) srli    a1, sp, 63
core   0: 1 0x0000000080005dbc (0x03f15593) x11 0x0000000000000000
core   0: 0x0000000080005dc0 (0x0135d9b3) srl     s3, a1, s3
core   0: 1 0x0000000080005dc0 (0x0135d9b3) x19 0x0000000000000000
core   0: 0x0000000080005dc4 (0x013627b3) slt     a5, a2, s3
core   0: 1 0x0000000080005dc4 (0x013627b3) x15 0x0000000000000001
core   0: 0x0000000080005dc8 (0x009614bb) sllw    s1, a2, s1
core   0: 1 0x0000000080005dc8 (0x009614bb) x9  0xffffffffda405d7a
core   0: 0x0000000080005dcc (0x03daeebb) remw    t4, s5, t4
core   0: 1 0x0000000080005dcc (0x03daeebb) x29 0x00000000000003c3
core   0: 0x0000000080005dd0 (0x02907e47) fmsub.d ft8, ft0, fs1, ft0
core   0: 1 0x0000000080005dd0 (0x02907e47) f28 0x7ff8000000000000
core   0: 0x0000000080005dd4 (0x03ad7953) fadd.d  fs2, fs10, fs10
core   0: 1 0x0000000080005dd4 (0x03ad7953) f18 0x7ff8000000000000
core   0: 0x0000000080005dd8 (0x0266abb3) mulhsu  s7, a3, t1
core   0: 1 0x0000000080005dd8 (0x0266abb3) x23 0x0000000000000010
core   0: 0x0000000080005ddc (0x416b5b33) sra     s6, s6, s6
core   0: 1 0x0000000080005ddc (0x416b5b33) x22 0x0000000000000000
core   0: 0x0000000080005de0 (0x008393bb) sllw    t2, t2, s0
core   0: 1 0x0000000080005de0 (0x008393bb) x7  0x0000000000000000
core   0: 0x0000000080005de4 (0x7d09ea13) ori     s4, s3, 2000
core   0: 1 0x0000000080005de4 (0x7d09ea13) x20 0x00000000000007d0
core   0: 0x0000000080005de8 (0x0034d29b) srliw   t0, s1, 3
core   0: 1 0x0000000080005de8 (0x0034d29b) x5  0x000000001b480baf
core   0: 0x0000000080005dec (0x0144a333) slt     t1, s1, s4
core   0: 1 0x0000000080005dec (0x0144a333) x6  0x0000000000000001
core   0: 0x0000000080005df0 (0xfb374613) xori    a2, a4, -77
core   0: 1 0x0000000080005df0 (0xfb374613) x12 0xffffffffffffff91
core   0: 0x0000000080005df4 (0xd2170753) fcvt.d.wu fa4, a4
core   0: 1 0x0000000080005df4 (0xd2170753) f14 0x4041000000000000
core   0: 0x0000000080005df8 (0xd035f653) fcvt.s.lu fa2, a1
core   0: 1 0x0000000080005df8 (0xd035f653) f12 0xffffffff00000000
core   0: 0x0000000080005dfc (0x4127d9bb) sraw    s3, a5, s2
core   0: 1 0x0000000080005dfc (0x4127d9bb) x19 0x0000000000000000
core   0: 0x0000000080005e00 (0x22f193d3) fsgnjn.d ft7, ft3, fa5
core   0: 1 0x0000000080005e00 (0x22f193d3) f7  0xfff8000000000000
core   0: 0x0000000080005e04 (0x000c521b) srliw   tp, s8, 0
core   0: 1 0x0000000080005e04 (0x000c521b) x4  0x000000007fffffff
core   0: 0x0000000080005e08 (0x002029f3) csrrs   s3, frm, zero
core   0: 1 0x0000000080005e08 (0x002029f3) x19 0x0000000000000003
core   0: 0x0000000080005e0c (0x40d78a33) sub     s4, a5, a3
core   0: 1 0x0000000080005e0c (0x40d78a33) x20 0xfffffffffffffff0
core   0: 0x0000000080005e10 (0x057240b7) lui     ra, 0x5724
core   0: 1 0x0000000080005e10 (0x057240b7) x1  0x0000000005724000
core   0: 0x0000000080005e14 (0xae70809b) addiw   ra, ra, -1305
core   0: 1 0x0000000080005e14 (0xae70809b) x1  0x0000000005723ae7
core   0: 0x0000000080005e18 (0x000000b2) c.slli  ra, 12
core   0: 1 0x0000000080005e18 (0x00b2) x1  0x0000005723ae7000
core   0: 0x0000000080005e1a (0xe3e08093) addi    ra, ra, -450
core   0: 1 0x0000000080005e1a (0xe3e08093) x1  0x0000005723ae6e3e
core   0: 0x0000000080005e1e (0x4185d033) sra     zero, a1, s8
core   0: 1 0x0000000080005e1e (0x4185d033)
core   0: 0x0000000080005e22 (0x40198eb3) sub     t4, s3, ra
core   0: 1 0x0000000080005e22 (0x40198eb3) x29 0xffffffa8dc5191c5
core   0: 0x0000000080005e26 (0x00e889bb) addw    s3, a7, a4
core   0: 1 0x0000000080005e26 (0x00e889bb) x19 0x0000000000000021
core   0: 0x0000000080005e2a (0x2a460253) fmin.d  ft4, fa2, ft4
core   0: 1 0x0000000080005e2a (0x2a460253) f4  0x7ff8000000000000
core   0: 0x0000000080005e2e (0x02dec433) div     s0, t4, a3
core   0: 1 0x0000000080005e2e (0x02dec433) x8  0xfffffffadfc8901b
core   0: 0x0000000080005e32 (0x02e99233) mulh    tp, s3, a4
core   0: 1 0x0000000080005e32 (0x02e99233) x4  0x0000000000000000
core   0: 0x0000000080005e36 (0x0ff0000f) fence   iorw,iorw
core   0: 1 0x0000000080005e36 (0x0ff0000f)
core   0: 0x0000000080005e3a (0x5a0275d3) fsqrt.d fa1, ft4
core   0: 1 0x0000000080005e3a (0x5a0275d3) f11 0x7ff8000000000000
core   0: 0x0000000080005e3e (0x034b5c33) divu    s8, s6, s4
core   0: 1 0x0000000080005e3e (0x034b5c33) x24 0x0000000000000000
core   0: 0x0000000080005e42 (0x2baa1f53) fmax.d  ft10, fs4, fs10
core   0: 1 0x0000000080005e42 (0x2baa1f53) f30 0x7ff8000000000000
core   0: 0x0000000080005e46 (0x800ce293) ori     t0, s9, -2048
core   0: 1 0x0000000080005e46 (0x800ce293) x5  0xffffffffffffffff
core   0: 0x0000000080005e4a (0x411e58bb) sraw    a7, t3, a7
core   0: 1 0x0000000080005e4a (0x411e58bb) x17 0x0000000000000000
core   0: 0x0000000080005e4e (0xe2068bd3) fmv.x.d s7, fa3
core   0: 1 0x0000000080005e4e (0xe2068bd3) x23 0xffffffff00000000
core   0: 0x0000000080005e52 (0x00d552b3) srl     t0, a0, a3
core   0: 1 0x0000000080005e52 (0x00d552b3) x5  0x00007fffffffffff
core   0: 0x0000000080005e56 (0x00000001) c.nop
core   0: 1 0x0000000080005e56 (0x0001)
core   0: 0x0000000080005e58 (0x2b306613) ori     a2, zero, 691
core   0: 1 0x0000000080005e58 (0x2b306613) x12 0x00000000000002b3
core   0: 0x0000000080005e5c (0xc22f71d3) fcvt.l.d gp, ft10
core   0: 1 0x0000000080005e5c (0xc22f71d3) c1_fflags 0x0000000000000011 x3  0x7fffffffffffffff
core   0: 0x0000000080005e60 (0x00202ef3) csrrs   t4, frm, zero
core   0: 1 0x0000000080005e60 (0x00202ef3) x29 0x0000000000000003
core   0: 0x0000000080005e64 (0xc206fad3) fcvt.w.d s5, fa3
core   0: 1 0x0000000080005e64 (0xc206fad3) c1_fflags 0x0000000000000011 x21 0x000000007fffffff
core   0: 0x0000000080005e68 (0x1231f653) fmul.d  fa2, ft3, ft3
core   0: 1 0x0000000080005e68 (0x1231f653) f12 0x7ff8000000000000
core   0: 0x0000000080005e6c (0x005a6db3) or      s11, s4, t0
core   0: 1 0x0000000080005e6c (0x005a6db3) x27 0xffffffffffffffff
core   0: 0x0000000080005e70 (0xf2cc4417) auipc   s0, 0xf2cc4
core   0: 1 0x0000000080005e70 (0xf2cc4417) x8  0x0000000072cc9e70
core   0: 0x0000000080005e74 (0xd2347ed3) fcvt.d.lu ft9, s0
core   0: 1 0x0000000080005e74 (0xd2347ed3) f29 0x41dcb3279c000000
core   0: 0x0000000080005e78 (0x019d5c33) srl     s8, s10, s9
core   0: 1 0x0000000080005e78 (0x019d5c33) x24 0x0000000000000000
core   0: 0x0000000080005e7c (0x00008632) c.mv    a2, a2
core   0: 1 0x0000000080005e7c (0x8632) x12 0x00000000000002b3
core   0: 0x0000000080005e7e (0xc222f6d3) fcvt.l.d a3, ft5
core   0: 1 0x0000000080005e7e (0xc222f6d3) x13 0x0000000000000000
core   0: 0x0000000080005e82 (0x015ca033) slt     zero, s9, s5
core   0: 1 0x0000000080005e82 (0x015ca033)
core   0: 0x0000000080005e86 (0x01a66b33) or      s6, a2, s10
core   0: 1 0x0000000080005e86 (0x01a66b33) x22 0x00000000000002b3
core   0: 0x0000000080005e8a (0xd0207cd3) fcvt.s.l fs9, zero
core   0: 1 0x0000000080005e8a (0xd0207cd3) f25 0xffffffff00000000
core   0: 0x0000000080005e8e (0x414d0d33) sub     s10, s10, s4
core   0: 1 0x0000000080005e8e (0x414d0d33) x26 0x0000000000000021
core   0: 0x0000000080005e92 (0x032d5613) srli    a2, s10, 50
core   0: 1 0x0000000080005e92 (0x032d5613) x12 0x0000000000000000
core   0: 0x0000000080005e96 (0xc0377853) fcvt.lu.s a6, fa4
core   0: 1 0x0000000080005e96 (0xc0377853) c1_fflags 0x0000000000000011 x16 0xffffffffffffffff
core   0: 0x0000000080005e9a (0xc21efdd3) fcvt.wu.d s11, ft9
core   0: 1 0x0000000080005e9a (0xc21efdd3) x27 0x0000000072cc9e70
core   0: 0x0000000080005e9e (0xc222f553) fcvt.l.d a0, ft5
core   0: 1 0x0000000080005e9e (0xc222f553) x10 0x0000000000000000
core   0: 0x0000000080005ea2 (0xa2028c53) fle.d   s8, ft5, ft0
core   0: 1 0x0000000080005ea2 (0xa2028c53) c1_fflags 0x0000000000000011 x24 0x0000000000000000
core   0: 0x0000000080005ea6 (0x038d893b) mulw    s2, s11, s8
core   0: 1 0x0000000080005ea6 (0x038d893b) x18 0x0000000000000000
core   0: 0x0000000080005eaa (0x0150f1b3) and     gp, ra, s5
core   0: 1 0x0000000080005eaa (0x0150f1b3) x3  0x0000000023ae6e3e
core   0: 0x0000000080005eae (0x001d98f3) csrrw   a7, fflags, s11
core   0: 1 0x0000000080005eae (0x001d98f3) x17 0x0000000000000011 c1_fflags 0x0000000000000010
core   0: 0x0000000080005eb2 (0x00202973) csrrs   s2, frm, zero
core   0: 1 0x0000000080005eb2 (0x00202973) x18 0x0000000000000003
core   0: 0x0000000080005eb6 (0xfd597613) andi    a2, s2, -43
core   0: 1 0x0000000080005eb6 (0xfd597613) x12 0x0000000000000001
core   0: 0x0000000080005eba (0x0134f9b3) and     s3, s1, s3
core   0: 1 0x0000000080005eba (0x0134f9b3) x19 0x0000000000000020
core   0: 0x0000000080005ebe (0x02e10c97) auipc   s9, 0x2e10
core   0: 1 0x0000000080005ebe (0x02e10c97) x25 0x0000000082e15ebe
core   0: 0x0000000080005ec2 (0xc20d79d3) fcvt.w.d s3, fs10
core   0: 1 0x0000000080005ec2 (0xc20d79d3) c1_fflags 0x0000000000000010 x19 0x000000007fffffff
core   0: 0x0000000080005ec6 (0x000091e6) c.add   gp, s9
core   0: 1 0x0000000080005ec6 (0x91e6) x3  0x00000000a68fccfc
core   0: 0x0000000080005ec8 (0xca21744f) fnmadd.d fs0, ft2, ft2, fs9
core   0: 1 0x0000000080005ec8 (0xca21744f) f8  0x7ff8000000000000
core   0: 0x0000000080005ecc (0x022d7d33) remu    s10, s10, sp
core   0: 1 0x0000000080005ecc (0x022d7d33) x26 0x0000000000000021
core   0: 0x0000000080005ed0 (0x31a0b7f3) csrrc   a5, menvcfgh, ra
core   0: exception trap_illegal_instruction, epc 0x0000000080005ed0
core   0:           tval 0x0000000031a0b7f3
core   0: >>>>  $xrv64i2p1_m2p0_a2p1_f2p2_d2p2_zicsr2p0_zifencei2p0_zmmul1p0_zba1p0_zbb1p0_zbc1p0_zbs1p0
core   0: 0x0000000080004000 (0x0080006f) j       pc + 0x8
core   0: 3 0x0000000080004000 (0x0080006f)
core   0: >>>>  mmode_exception_handler
core   0: 0x0000000080004008 (0x00002c17) auipc   s8, 0x2
core   0: 3 0x0000000080004008 (0x00002c17) x24 0x0000000080006008
core   0: 0x000000008000400c (0x00ec0c13) addi    s8, s8, 14
core   0: 3 0x000000008000400c (0x00ec0c13) x24 0x0000000080006016
core   0: 0x0000000080004010 (0x000c00e7) jalr    s8
core   0: 3 0x0000000080004010 (0x000c00e7) x1  0x0000000080004014
core   0: >>>>  any_handler
core   0: 0x0000000080006016 (0x341027f3) csrrs   a5, mepc, zero
core   0: 3 0x0000000080006016 (0x341027f3) x15 0x0000000080005ed0
core   0: 0x000000008000601a (0x34202773) csrrs   a4, mcause, zero
core   0: 3 0x000000008000601a (0x34202773) x14 0x0000000000000002
core   0: 0x000000008000601e (0x142026f3) csrrs   a3, scause, zero
core   0: 3 0x000000008000601e (0x142026f3) x13 0x0000000000000000
core   0: 0x0000000080006022 (0x30402673) csrrs   a2, mie, zero
core   0: 3 0x0000000080006022 (0x30402673) x12 0x0000000000000a00
core   0: 0x0000000080006026 (0x344025f3) csrrs   a1, mip, zero
core   0: 3 0x0000000080006026 (0x344025f3) x11 0x0000000000000080
core   0: 0x000000008000602a (0x343025f3) csrrs   a1, mtval, zero
core   0: 3 0x000000008000602a (0x343025f3) x11 0x0000000031a0b7f3
core   0: 0x000000008000602e (0x14302573) csrrs   a0, stval, zero
core   0: 3 0x000000008000602e (0x14302573) x10 0x0000000000000000
core   0: 0x0000000080006032 (0xb02024f3) csrrs   s1, minstret, zero
core   0: 3 0x0000000080006032 (0xb02024f3) x9  0x000000000000126d
core   0: 0x0000000080006036 (0x0000a811) c.j     pc + 20
core   0: 3 0x0000000080006036 (0xa811)
core   0: >>>>  mepc_4
core   0: 0x000000008000604a (0x00000791) c.addi  a5, 4
core   0: 3 0x000000008000604a (0x0791) x15 0x0000000080005ed4
core   0: 0x000000008000604c (0x34179073) csrrw   zero, mepc, a5
core   0: 3 0x000000008000604c (0x34179073) c833_mepc 0x0000000080005ed4
core   0: 0x0000000080006050 (0x30200073) mret
core   0: 3 0x0000000080006050 (0x30200073) c768_mstatus 0x8000000a00106080
core   0: 0x0000000080005ed4 (0x410a5eb3) sra     t4, s4, a6
core   0: 1 0x0000000080005ed4 (0x410a5eb3) x29 0xffffffffffffffff
core   0: 0x0000000080005ed8 (0x010edebb) srlw    t4, t4, a6
core   0: 1 0x0000000080005ed8 (0x010edebb) x29 0x0000000000000001
core   0: 0x0000000080005edc (0x401ddc93) srai    s9, s11, 1
core   0: 1 0x0000000080005edc (0x401ddc93) x25 0x0000000039664f38
core   0: 0x0000000080005ee0 (0xd02cf753) fcvt.s.l fa4, s9
core   0: 1 0x0000000080005ee0 (0xd02cf753) c1_fflags 0x0000000000000011 f14 0xffffffff4e65993d
core   0: 0x0000000080005ee4 (0xa2e70e53) fle.d   t3, fa4, fa4
core   0: 1 0x0000000080005ee4 (0xa2e70e53) c1_fflags 0x0000000000000011 x28 0x0000000000000000
core   0: 0x0000000080005ee8 (0xd1d49797) auipc   a5, 0xd1d49
core   0: 1 0x0000000080005ee8 (0xd1d49797) x15 0x0000000051d4eee8
core   0: 0x0000000080005eec (0x029d583b) divuw   a6, s10, s1
core   0: 1 0x0000000080005eec (0x029d583b) x16 0x0000000000000000
core   0: 0x0000000080005ef0 (0x02c0b633) mulhu   a2, ra, a2
core   0: 1 0x0000000080005ef0 (0x02c0b633) x12 0x0000000000000000
core   0: 0x0000000080005ef4 (0x416d5b3b) sraw    s6, s10, s6
core   0: 1 0x0000000080005ef4 (0x416d5b3b) x22 0x0000000000000000
core   0: 0x0000000080005ef8 (0x0aebf4c3) fmadd.d fs1, fs7, fa4, ft1
core   0: 1 0x0000000080005ef8 (0x0aebf4c3) f9  0x7ff8000000000000
core   0: 0x0000000080005efc (0x42048b53) fcvt.d.s fs6, fs1
core   0: 1 0x0000000080005efc (0x42048b53) f22 0x7ff8000000000000
core   0: 0x0000000080005f00 (0x1bdb6713) ori     a4, s6, 445
core   0: 1 0x0000000080005f00 (0x1bdb6713) x14 0x00000000000001bd
core   0: 0x0000000080005f04 (0xc22979d3) fcvt.l.d s3, fs2
core   0: 1 0x0000000080005f04 (0xc22979d3) c1_fflags 0x0000000000000011 x19 0x7fffffffffffffff
core   0: 0x0000000080005f08 (0xc2227d53) fcvt.l.d s10, ft4
core   0: 1 0x0000000080005f08 (0xc2227d53) c1_fflags 0x0000000000000011 x26 0x7fffffffffffffff
core   0: 0x0000000080005f0c (0x5a0b7553) fsqrt.d fa0, fs6
core   0: 1 0x0000000080005f0c (0x5a0b7553) f10 0x7ff8000000000000
core   0: 0x0000000080005f10 (0x00000001) c.nop
core   0: 1 0x0000000080005f10 (0x0001)
core   0: 0x0000000080005f12 (0xc0357cd3) fcvt.lu.s s9, fa0
core   0: 1 0x0000000080005f12 (0xc0357cd3) c1_fflags 0x0000000000000011 x25 0xffffffffffffffff
core   0: 0x0000000080005f16 (0x038b86b3) mul     a3, s7, s8
core   0: 1 0x0000000080005f16 (0x038b86b3) x13 0x7fff9fea00000000
core   0: 0x0000000080005f1a (0xac561e97) auipc   t4, 0xac561
core   0: 1 0x0000000080005f1a (0xac561e97) x29 0x000000002c566f1a
core   0: 0x0000000080005f1e (0x002e1a73) csrrw   s4, frm, t3
core   0: 1 0x0000000080005f1e (0x002e1a73) x20 0x0000000000000003 c2_frm 0x0000000000000000
core   0: 0x0000000080005f22 (0x1ae77053) fdiv.d  ft0, fa4, fa4
core   0: 1 0x0000000080005f22 (0x1ae77053) f0  0x7ff8000000000000
core   0: 0x0000000080005f26 (0xaa007ac3) fmadd.d fs5, ft0, ft0, fs5
core   0: 1 0x0000000080005f26 (0xaa007ac3) f21 0x7ff8000000000000
core   0: 0x0000000080005f2a (0x022bf3b3) remu    t2, s7, sp
core   0: 1 0x0000000080005f2a (0x022bf3b3) x7  0x0000000000000002
core   0: 0x0000000080005f2e (0xfbfaffc7) fmsub.d ft11, fs5, ft11, ft11
core   0: 1 0x0000000080005f2e (0xfbfaffc7) f31 0x7ff8000000000000
core   0: 0x0000000080005f32 (0x0065511b) srliw   sp, a0, 6
core   0: 1 0x0000000080005f32 (0x0065511b) x2  0x0000000000000000
core   0: 0x0000000080005f36 (0xcf49079b) addiw   a5, s2, -780
core   0: 1 0x0000000080005f36 (0xcf49079b) x15 0xfffffffffffffcf7
core   0: 0x0000000080005f3a (0xd03b7f53) fcvt.s.lu ft10, s6
core   0: 1 0x0000000080005f3a (0xd03b7f53) f30 0xffffffff00000000
core   0: 0x0000000080005f3e (0x400e5e13) srai    t3, t3, 0
core   0: 1 0x0000000080005f3e (0x400e5e13) x28 0x0000000000000000
core   0: 0x0000000080005f42 (0x03d70733) mul     a4, a4, t4
core   0: 1 0x0000000080005f42 (0x03d70733) x14 0x0000004d123f2032
core   0: 0x0000000080005f46 (0x30309df3) csrrw   s11, mideleg, ra
core   0: exception trap_illegal_instruction, epc 0x0000000080005f46
core   0:           tval 0x0000000030309df3
core   0: >>>>  $xrv64i2p1_m2p0_a2p1_f2p2_d2p2_zicsr2p0_zifencei2p0_zmmul1p0_zba1p0_zbb1p0_zbc1p0_zbs1p0
core   0: 0x0000000080004000 (0x0080006f) j       pc + 0x8
core   0: 3 0x0000000080004000 (0x0080006f)
core   0: >>>>  mmode_exception_handler
core   0: 0x0000000080004008 (0x00002c17) auipc   s8, 0x2
core   0: 3 0x0000000080004008 (0x00002c17) x24 0x0000000080006008
core   0: 0x000000008000400c (0x00ec0c13) addi    s8, s8, 14
core   0: 3 0x000000008000400c (0x00ec0c13) x24 0x0000000080006016
core   0: 0x0000000080004010 (0x000c00e7) jalr    s8
core   0: 3 0x0000000080004010 (0x000c00e7) x1  0x0000000080004014
core   0: >>>>  any_handler
core   0: 0x0000000080006016 (0x341027f3) csrrs   a5, mepc, zero
core   0: 3 0x0000000080006016 (0x341027f3) x15 0x0000000080005f46
core   0: 0x000000008000601a (0x34202773) csrrs   a4, mcause, zero
core   0: 3 0x000000008000601a (0x34202773) x14 0x0000000000000002
core   0: 0x000000008000601e (0x142026f3) csrrs   a3, scause, zero
core   0: 3 0x000000008000601e (0x142026f3) x13 0x0000000000000000
core   0: 0x0000000080006022 (0x30402673) csrrs   a2, mie, zero
core   0: 3 0x0000000080006022 (0x30402673) x12 0x0000000000000a00
core   0: 0x0000000080006026 (0x344025f3) csrrs   a1, mip, zero
core   0: 3 0x0000000080006026 (0x344025f3) x11 0x0000000000000080
core   0: 0x000000008000602a (0x343025f3) csrrs   a1, mtval, zero
core   0: 3 0x000000008000602a (0x343025f3) x11 0x0000000030309df3
core   0: 0x000000008000602e (0x14302573) csrrs   a0, stval, zero
core   0: 3 0x000000008000602e (0x14302573) x10 0x0000000000000000
core   0: 0x0000000080006032 (0xb02024f3) csrrs   s1, minstret, zero
core   0: 3 0x0000000080006032 (0xb02024f3) x9  0x000000000000129a
core   0: 0x0000000080006036 (0x0000a811) c.j     pc + 20
core   0: 3 0x0000000080006036 (0xa811)
core   0: >>>>  mepc_4
core   0: 0x000000008000604a (0x00000791) c.addi  a5, 4
core   0: 3 0x000000008000604a (0x0791) x15 0x0000000080005f4a
core   0: 0x000000008000604c (0x34179073) csrrw   zero, mepc, a5
core   0: 3 0x000000008000604c (0x34179073) c833_mepc 0x0000000080005f4a
core   0: 0x0000000080006050 (0x30200073) mret
core   0: 3 0x0000000080006050 (0x30200073) c768_mstatus 0x8000000a00106080
core   0: 0x0000000080005f4a (0x40268a3b) subw    s4, a3, sp
core   0: 1 0x0000000080005f4a (0x40268a3b) x20 0x0000000000000000
core   0: 0x0000000080005f4e (0x022b46b3) div     a3, s6, sp
core   0: 1 0x0000000080005f4e (0x022b46b3) x13 0xffffffffffffffff
core   0: 0x0000000080005f52 (0x2a4e9ed3) fmax.d  ft9, ft9, ft4
core   0: 1 0x0000000080005f52 (0x2a4e9ed3) f29 0x41dcb3279c000000
core   0: 0x0000000080005f56 (0x018b9a93) slli    s5, s7, 24
core   0: 1 0x0000000080005f56 (0x018b9a93) x21 0xff00000000000000
core   0: 0x0000000080005f5a (0xd2504013) xori    zero, zero, -731
core   0: 1 0x0000000080005f5a (0xd2504013)
core   0: 0x0000000080005f5e (0x02f9b7b3) mulhu   a5, s3, a5
core   0: 1 0x0000000080005f5e (0x02f9b7b3) x15 0x0000000040002fa4
core   0: 0x0000000080005f62 (0x0077d51b) srliw   a0, a5, 7
core   0: 1 0x0000000080005f62 (0x0077d51b) x10 0x000000000080005f
core   0: 0x0000000080005f66 (0x61710093) addi    ra, sp, 1559
core   0: 1 0x0000000080005f66 (0x61710093) x1  0x0000000000000617
core   0: 0x0000000080005f6a (0x00181df3) csrrw   s11, fflags, a6
core   0: 1 0x0000000080005f6a (0x00181df3) x27 0x0000000000000011 c1_fflags 0x0000000000000000
core   0: 0x0000000080005f6e (0x00a516bb) sllw    a3, a0, a0
core   0: 1 0x0000000080005f6e (0x00a516bb) x13 0xffffffff80000000
core   0: 0x0000000080005f72 (0x2711d1b7) lui     gp, 0x2711d
core   0: 1 0x0000000080005f72 (0x2711d1b7) x3  0x000000002711d000
core   0: 0x0000000080005f76 (0xc20ef3d3) fcvt.w.d t2, ft9
core   0: 1 0x0000000080005f76 (0xc20ef3d3) x7  0x0000000072cc9e70
core   0: 0x0000000080005f7a (0xfbeeffcb) fnmsub.d ft11, ft9, ft10, ft11
core   0: 1 0x0000000080005f7a (0xfbeeffcb) f31 0x7ff8000000000000
core   0: 0x0000000080005f7e (0x03356bb3) rem     s7, a0, s3
core   0: 1 0x0000000080005f7e (0x03356bb3) x23 0x000000000080005f
core   0: 0x0000000080005f82 (0x0a3ffa43) fmadd.d fs4, ft11, ft3, ft1
core   0: 1 0x0000000080005f82 (0x0a3ffa43) f20 0x7ff8000000000000
core   0: 0x0000000080005f86 (0x9f615317) auipc   t1, 0x9f615
core   0: 1 0x0000000080005f86 (0x9f615317) x6  0x000000001f61af86
core   0: 0x0000000080005f8a (0x02d994b3) mulh    s1, s3, a3
core   0: 1 0x0000000080005f8a (0x02d994b3) x9  0xffffffffc0000000
core   0: 0x0000000080005f8e (0x404ada93) srai    s5, s5, 4
core   0: 1 0x0000000080005f8e (0x404ada93) x21 0xfff0000000000000
core   0: 0x0000000080005f92 (0x01405a3b) srlw    s4, zero, s4
core   0: 1 0x0000000080005f92 (0x01405a3b) x20 0x0000000000000000
core   0: 0x0000000080005f96 (0x03ccb633) mulhu   a2, s9, t3
core   0: 1 0x0000000080005f96 (0x03ccb633) x12 0x0000000000000000
core   0: 0x0000000080005f9a (0x4127dc3b) sraw    s8, a5, s2
core   0: 1 0x0000000080005f9a (0x4127dc3b) x24 0x00000000080005f4
core   0: 0x0000000080005f9e (0xc03a7ed3) fcvt.lu.s t4, fs4
core   0: 1 0x0000000080005f9e (0xc03a7ed3) c1_fflags 0x0000000000000010 x29 0xffffffffffffffff
core   0: 0x0000000080005fa2 (0x00000001) c.nop
core   0: 1 0x0000000080005fa2 (0x0001)
core   0: 0x0000000080005fa4 (0x0173fb33) and     s6, t2, s7
core   0: 1 0x0000000080005fa4 (0x0173fb33) x22 0x0000000000800050
core   0: 0x0000000080005fa8 (0x00201673) csrrw   a2, frm, zero
core   0: 1 0x0000000080005fa8 (0x00201673) x12 0x0000000000000000 c2_frm 0x0000000000000000
core   0: 0x0000000080005fac (0xc22e7153) fcvt.l.d sp, ft8
core   0: 1 0x0000000080005fac (0xc22e7153) c1_fflags 0x0000000000000010 x2  0x7fffffffffffffff
core   0: 0x0000000080005fb0 (0x00ec7433) and     s0, s8, a4
core   0: 1 0x0000000080005fb0 (0x00ec7433) x8  0x0000000000000000
core   0: 0x0000000080005fb4 (0x010a0a3b) addw    s4, s4, a6
core   0: 1 0x0000000080005fb4 (0x010a0a3b) x20 0x0000000000000000
core   0: 0x0000000080005fb8 (0x0005db9b) srliw   s7, a1, 0
core   0: 1 0x0000000080005fb8 (0x0005db9b) x23 0x0000000030309df3
core   0: 0x0000000080005fbc (0x124dfd53) fmul.d  fs10, fs11, ft4
core   0: 1 0x0000000080005fbc (0x124dfd53) f26 0x7ff8000000000000
core   0: 0x0000000080005fc0 (0x02d5fcb3) remu    s9, a1, a3
core   0: 1 0x0000000080005fc0 (0x02d5fcb3) x25 0x0000000030309df3
core   0: 0x0000000080005fc4 (0x10506b73) csrrsi  s6, stvec, 0
core   0: 1 0x0000000080005fc4 (0x10506b73) x22 0xffffffffe6e94000
core   0: 0x0000000080005fc8 (0xd02b7b53) fcvt.s.l fs6, s6
core   0: 1 0x0000000080005fc8 (0xd02b7b53) f22 0xffffffffcdc8b600
core   0: 0x0000000080005fcc (0x80040093) addi    ra, s0, -2048
core   0: 1 0x0000000080005fcc (0x80040093) x1  0xfffffffffffff800
core   0: 0x0000000080005fd0 (0xc035f0d3) fcvt.lu.s ra, fa1
core   0: 1 0x0000000080005fd0 (0xc035f0d3) c1_fflags 0x0000000000000010 x1  0xffffffffffffffff
core   0: 0x0000000080005fd4 (0xcaf1ce93) xori    t4, gp, -849
core   0: 1 0x0000000080005fd4 (0xcaf1ce93) x29 0xffffffffd8ee2caf
core   0: 0x0000000080005fd8 (0xa222f04b) fnmsub.d ft0, ft5, ft2, fs4
core   0: 1 0x0000000080005fd8 (0xa222f04b) f0  0x7ff8000000000000
core   0: 0x0000000080005fdc (0x027702bb) mulw    t0, a4, t2
core   0: 1 0x0000000080005fdc (0x027702bb) x5  0xffffffffe5993ce0
core   0: 0x0000000080005fe0 (0x0205f3d3) fadd.d  ft7, fa1, ft0
core   0: 1 0x0000000080005fe0 (0x0205f3d3) f7  0x7ff8000000000000
core   0: 0x0000000080005fe4 (0x03c0d0bb) divuw   ra, ra, t3
core   0: 1 0x0000000080005fe4 (0x03c0d0bb) x1  0xffffffffffffffff
core   0: 0x0000000080005fe8 (0x401b0ab3) sub     s5, s6, ra
core   0: 1 0x0000000080005fe8 (0x401b0ab3) x21 0xffffffffe6e94001
core   0: 0x0000000080005fec (0x00269973) csrrw   s2, frm, a3
core   0: 1 0x0000000080005fec (0x00269973) x18 0x0000000000000000 c2_frm 0x0000000000000000
core   0: 0x0000000080005ff0 (0xd227f2d3) fcvt.d.l ft5, a5
core   0: 1 0x0000000080005ff0 (0xd227f2d3) f5  0x41d0000be9000000
core   0: 0x0000000080005ff4 (0xc029f453) fcvt.l.s s0, fs3
core   0: 1 0x0000000080005ff4 (0xc029f453) x8  0x0000000000000000
core   0: 0x0000000080005ff8 (0x02875733) divu    a4, a4, s0
core   0: 1 0x0000000080005ff8 (0x02875733) x14 0xffffffffffffffff
core   0: 0x0000000080005ffc (0x5e4a25b7) lui     a1, 0x5e4a2
core   0: 1 0x0000000080005ffc (0x5e4a25b7) x11 0x000000005e4a2000
core   0: 0x0000000080006000 (0x007716b3) sll     a3, a4, t2
core   0: 1 0x0000000080006000 (0x007716b3) x13 0xffff000000000000
core   0: 0x0000000080006004 (0xd0377653) fcvt.s.lu fa2, a4
core   0: 1 0x0000000080006004 (0xd0377653) c1_fflags 0x0000000000000011 f12 0xffffffff5f800000
core   0: 0x0000000080006008 (0x031776d3) fadd.d  fa3, fa4, fa7
core   0: 1 0x0000000080006008 (0x031776d3) f13 0x7ff8000000000000
core   0: 0x000000008000600c (0x4012fb53) fcvt.s.d fs6, ft5
core   0: 1 0x000000008000600c (0x4012fb53) c1_fflags 0x0000000000000011 f22 0xffffffff4e80005f
core   0: >>>>  write_tohost
core   0: 0x0000000080006010 (0x9d4fa0ef) jal     pc - 0x5e2c
core   0: 1 0x0000000080006010 (0x9d4fa0ef) x1  0x0000000080006014
core   0: >>>>  _exit
core   0: 0x00000000800001e4 (0x00004505) c.li    a0, 1
core   0: 1 0x00000000800001e4 (0x4505) x10 0x0000000000000001
core   0: 0x00000000800001e6 (0x00001f17) auipc   t5, 0x1
core   0: 1 0x00000000800001e6 (0x00001f17) x30 0x00000000800011e6
core   0: 0x00000000800001ea (0xe0af2d23) sw      a0, -486(t5)
core   0: 1 0x00000000800001ea (0xe0af2d23) mem 0x0000000080001000 0x00000001
cp /home/server/RISCV/cva6/verif/sim/out/seed_776/spike_sim/new_seeds_776_.cv64a6_imafdc_sv39.log.iss /home/server/RISCV/cva6/verif/sim/out/seed_776/spike_sim/new_seeds_776_.cv64a6_imafdc_sv39.log
